Time	Cycle	PC	Insn	Decoded instruction	Register and memory contents
        5169000	       156	80000080	40001337	lui	x6,0x40001	  x6=0x40001000
        5189000	       157	80000084	10630313	addi	x6,x6,262	  x6:0x40001000  x6=0x40001106
        5209000	       158	80000088	30131073	csrrw	x0,misa,x6	  x6:0x40001106  x0=0x00000000
        5269000	       161	8000008c	0004d717	auipc	x14,0x4d	 x14=0x8004d08c
        5409000	       168	80000090	c5870713	addi	x14,x14,-936	 x14:0x8004d08c x14=0x8004cce4
        5509000	       173	80000094	00002317	auipc	x6,0x2	  x6=0x80002094
        5529000	       174	80000098	46c30313	addi	x6,x6,1132	  x6:0x80002094  x6=0x80002500
        5549000	       175	8000009c	00136313	ori	x6,x6,1	  x6:0x80002500  x6=0x80002501
        5569000	       176	800000a0	30531073	csrrw	x0,mtvec,x6	  x6:0x80002501  x0=0x00000000
        5709000	       183	800000a4	74725073	csrrwi	x0,0x747,4	  x0=0x00000000
        5769000	       186	800000a8	00003117	auipc	x2,0x3	  x2=0x800030a8
        5789000	       187	800000ac	1fc10113	addi	x2,x2,508	  x2:0x800030a8  x2=0x800032a4
        5809000	       188	800000b0	4301	c.li	x6,0	  x6=0x00000000
        5829000	       189	800000b2	911a	c.add	x2,x6	  x2:0x800032a4  x6:0x00000000  x2=0x800032a4
        5849000	       190	800000b4	00215113	srli	x2,x2,0x2	  x2:0x800032a4  x2=0x20000ca9
        5889000	       192	800000b8	3b011073	csrrw	x0,pmpaddr0,x2	  x2:0x20000ca9  x0=0x00000000
        5949000	       195	800000bc	00003117	auipc	x2,0x3	  x2=0x800030bc
        6209000	       208	800000c0	1e810113	addi	x2,x2,488	  x2:0x800030bc  x2=0x800032a4
        6229000	       209	800000c4	11111337	lui	x6,0x11111	  x6=0x11111000
        6589000	       227	800000c8	11130313	addi	x6,x6,273	  x6:0x11111000  x6=0x11111111
        6609000	       228	800000cc	911a	c.add	x2,x6	  x2:0x800032a4  x6:0x11111111  x2=0x911143b5
        6629000	       229	800000ce	00215113	srli	x2,x2,0x2	  x2:0x911143b5  x2=0x244450ed
        6649000	       230	800000d2	3b111073	csrrw	x0,pmpaddr1,x2	  x2:0x244450ed  x0=0x00000000
        6709000	       233	800000d6	00003117	auipc	x2,0x3	  x2=0x800030d6
        7089000	       252	800000da	1ce10113	addi	x2,x2,462	  x2:0x800030d6  x2=0x800032a4
        7109000	       253	800000de	22222337	lui	x6,0x22222	  x6=0x22222000
        7129000	       254	800000e2	22230313	addi	x6,x6,546	  x6:0x22222000  x6=0x22222222
        7149000	       255	800000e6	911a	c.add	x2,x6	  x2:0x800032a4  x6:0x22222222  x2=0xa22254c6
        7169000	       256	800000e8	00215113	srli	x2,x2,0x2	  x2:0xa22254c6  x2=0x28889531
        7269000	       261	800000ec	3b211073	csrrw	x0,pmpaddr2,x2	  x2:0x28889531  x0=0x00000000
        7329000	       264	800000f0	00003117	auipc	x2,0x3	  x2=0x800030f0
        7409000	       268	800000f4	1b410113	addi	x2,x2,436	  x2:0x800030f0  x2=0x800032a4
        7429000	       269	800000f8	33333337	lui	x6,0x33333	  x6=0x33333000
        7449000	       270	800000fc	33330313	addi	x6,x6,819	  x6:0x33333000  x6=0x33333333
        7789000	       287	80000100	911a	c.add	x2,x6	  x2:0x800032a4  x6:0x33333333  x2=0xb33365d7
        7809000	       288	80000102	00215113	srli	x2,x2,0x2	  x2:0xb33365d7  x2=0x2cccd975
        7829000	       289	80000106	3b311073	csrrw	x0,pmpaddr3,x2	  x2:0x2cccd975  x0=0x00000000
        7889000	       292	8000010a	0f0f1137	lui	x2,0xf0f1	  x2=0x0f0f1000
        7909000	       293	8000010e	f0f10113	addi	x2,x2,-241	  x2:0x0f0f1000  x2=0x0f0f0f0f
        7969000	       296	80000112	3a011073	csrrw	x0,pmpcfg0,x2	  x2:0x0f0f0f0f  x0=0x00000000
        8029000	       299	80000116	00003117	auipc	x2,0x3	  x2=0x80003116
        8049000	       300	8000011a	18e10113	addi	x2,x2,398	  x2:0x80003116  x2=0x800032a4
        8369000	       316	8000011e	44444337	lui	x6,0x44444	  x6=0x44444000
        8649000	       330	80000122	44430313	addi	x6,x6,1092	  x6:0x44444000  x6=0x44444444
        8669000	       331	80000126	911a	c.add	x2,x6	  x2:0x800032a4  x6:0x44444444  x2=0xc44476e8
        8689000	       332	80000128	00215113	srli	x2,x2,0x2	  x2:0xc44476e8  x2=0x31111dba
        8709000	       333	8000012c	3b411073	csrrw	x0,pmpaddr4,x2	  x2:0x31111dba  x0=0x00000000
        8769000	       336	80000130	00003117	auipc	x2,0x3	  x2=0x80003130
        8789000	       337	80000134	17410113	addi	x2,x2,372	  x2:0x80003130  x2=0x800032a4
        9009000	       348	80000138	55555337	lui	x6,0x55555	  x6=0x55555000
        9329000	       364	8000013c	55530313	addi	x6,x6,1365	  x6:0x55555000  x6=0x55555555
        9349000	       365	80000140	911a	c.add	x2,x6	  x2:0x800032a4  x6:0x55555555  x2=0xd55587f9
        9369000	       366	80000142	00215113	srli	x2,x2,0x2	  x2:0xd55587f9  x2=0x355561fe
        9429000	       369	80000146	3b511073	csrrw	x0,pmpaddr5,x2	  x2:0x355561fe  x0=0x00000000
        9489000	       372	8000014a	00003117	auipc	x2,0x3	  x2=0x8000314a
        9509000	       373	8000014e	15a10113	addi	x2,x2,346	  x2:0x8000314a  x2=0x800032a4
        9629000	       379	80000152	66666337	lui	x6,0x66666	  x6=0x66666000
       10029000	       399	80000156	66630313	addi	x6,x6,1638	  x6:0x66666000  x6=0x66666666
       10049000	       400	8000015a	911a	c.add	x2,x6	  x2:0x800032a4  x6:0x66666666  x2=0xe666990a
       10069000	       401	8000015c	00215113	srli	x2,x2,0x2	  x2:0xe666990a  x2=0x3999a642
       10149000	       405	80000160	3b611073	csrrw	x0,pmpaddr6,x2	  x2:0x3999a642  x0=0x00000000
       10209000	       408	80000164	00003117	auipc	x2,0x3	  x2=0x80003164
       10229000	       409	80000168	14010113	addi	x2,x2,320	  x2:0x80003164  x2=0x800032a4
       10249000	       410	8000016c	77777337	lui	x6,0x77777	  x6=0x77777000
       10309000	       413	80000170	77730313	addi	x6,x6,1911	  x6:0x77777000  x6=0x77777777
       10429000	       419	80000174	911a	c.add	x2,x6	  x2:0x800032a4  x6:0x77777777  x2=0xf777aa1b
       10449000	       420	80000176	00215113	srli	x2,x2,0x2	  x2:0xf777aa1b  x2=0x3dddea86
       10529000	       424	8000017a	3b711073	csrrw	x0,pmpaddr7,x2	  x2:0x3dddea86  x0=0x00000000
       10589000	       427	8000017e	0f0f1137	lui	x2,0xf0f1	  x2=0x0f0f1000
       10609000	       428	80000182	f0f10113	addi	x2,x2,-241	  x2:0x0f0f1000  x2=0x0f0f0f0f
       10629000	       429	80000186	3a111073	csrrw	x0,pmpcfg1,x2	  x2:0x0f0f0f0f  x0=0x00000000
       10689000	       432	8000018a	00003117	auipc	x2,0x3	  x2=0x8000318a
       10909000	       443	8000018e	11a10113	addi	x2,x2,282	  x2:0x8000318a  x2=0x800032a4
       10929000	       444	80000192	88889337	lui	x6,0x88889	  x6=0x88889000
       11089000	       452	80000196	88830313	addi	x6,x6,-1912	  x6:0x88889000  x6=0x88888888
       11109000	       453	8000019a	911a	c.add	x2,x6	  x2:0x800032a4  x6:0x88888888  x2=0x0888bb2c
       11149000	       455	8000019c	00215113	srli	x2,x2,0x2	  x2:0x0888bb2c  x2=0x02222ecb
       11569000	       476	800001a0	3b811073	csrrw	x0,pmpaddr8,x2	  x2:0x02222ecb  x0=0x00000000
       11989000	       497	800001a4	00003117	auipc	x2,0x3	  x2=0x800031a4
       12009000	       498	800001a8	10010113	addi	x2,x2,256	  x2:0x800031a4  x2=0x800032a4
       12429000	       519	800001ac	9999a337	lui	x6,0x9999a	  x6=0x9999a000
       12449000	       520	800001b0	99930313	addi	x6,x6,-1639	  x6:0x9999a000  x6=0x99999999
       12469000	       521	800001b4	911a	c.add	x2,x6	  x2:0x800032a4  x6:0x99999999  x2=0x1999cc3d
       12889000	       542	800001b6	00215113	srli	x2,x2,0x2	  x2:0x1999cc3d  x2=0x0666730f
       12929000	       544	800001ba	3b911073	csrrw	x0,pmpaddr9,x2	  x2:0x0666730f  x0=0x00000000
       12989000	       547	800001be	00003117	auipc	x2,0x3	  x2=0x800031be
       13009000	       548	800001c2	0e610113	addi	x2,x2,230	  x2:0x800031be  x2=0x800032a4
       13029000	       549	800001c6	aaaab337	lui	x6,0xaaaab	  x6=0xaaaab000
       13169000	       556	800001ca	aaa30313	addi	x6,x6,-1366	  x6:0xaaaab000  x6=0xaaaaaaaa
       13189000	       557	800001ce	911a	c.add	x2,x6	  x2:0x800032a4  x6:0xaaaaaaaa  x2=0x2aaadd4e
       13589000	       577	800001d0	00215113	srli	x2,x2,0x2	  x2:0x2aaadd4e  x2=0x0aaab753
       13669000	       581	800001d4	3ba11073	csrrw	x0,pmpaddr10,x2	  x2:0x0aaab753  x0=0x00000000
       14069000	       601	800001d8	00003117	auipc	x2,0x3	  x2=0x800031d8
       14089000	       602	800001dc	0cc10113	addi	x2,x2,204	  x2:0x800031d8  x2=0x800032a4
       14109000	       603	800001e0	bbbbc337	lui	x6,0xbbbbc	  x6=0xbbbbc000
       14129000	       604	800001e4	bbb30313	addi	x6,x6,-1093	  x6:0xbbbbc000  x6=0xbbbbbbbb
       14549000	       625	800001e8	911a	c.add	x2,x6	  x2:0x800032a4  x6:0xbbbbbbbb  x2=0x3bbbee5f
       14569000	       626	800001ea	00215113	srli	x2,x2,0x2	  x2:0x3bbbee5f  x2=0x0eeefb97
       14989000	       647	800001ee	3bb11073	csrrw	x0,pmpaddr11,x2	  x2:0x0eeefb97  x0=0x00000000
       15049000	       650	800001f2	0f0f1137	lui	x2,0xf0f1	  x2=0x0f0f1000
       15069000	       651	800001f6	f0f10113	addi	x2,x2,-241	  x2:0x0f0f1000  x2=0x0f0f0f0f
       15089000	       652	800001fa	3a211073	csrrw	x0,pmpcfg2,x2	  x2:0x0f0f0f0f  x0=0x00000000
       15209000	       658	800001fe	00003117	auipc	x2,0x3	  x2=0x800031fe
       15229000	       659	80000202	0a610113	addi	x2,x2,166	  x2:0x800031fe  x2=0x800032a4
       15549000	       675	80000206	ccccd337	lui	x6,0xccccd	  x6=0xccccd000
       15569000	       676	8000020a	ccc30313	addi	x6,x6,-820	  x6:0xccccd000  x6=0xcccccccc
       15589000	       677	8000020e	911a	c.add	x2,x6	  x2:0x800032a4  x6:0xcccccccc  x2=0x4cccff70
       15689000	       682	80000210	00215113	srli	x2,x2,0x2	  x2:0x4cccff70  x2=0x13333fdc
       15949000	       695	80000214	3bc11073	csrrw	x0,pmpaddr12,x2	  x2:0x13333fdc  x0=0x00000000
       16009000	       698	80000218	00003117	auipc	x2,0x3	  x2=0x80003218
       16149000	       705	8000021c	08c10113	addi	x2,x2,140	  x2:0x80003218  x2=0x800032a4
       16569000	       726	80000220	dddde337	lui	x6,0xdddde	  x6=0xdddde000
       16669000	       731	80000224	ddd30313	addi	x6,x6,-547	  x6:0xdddde000  x6=0xdddddddd
       16689000	       732	80000228	911a	c.add	x2,x6	  x2:0x800032a4  x6:0xdddddddd  x2=0x5dde1081
       16709000	       733	8000022a	00215113	srli	x2,x2,0x2	  x2:0x5dde1081  x2=0x17778420
       16729000	       734	8000022e	3bd11073	csrrw	x0,pmpaddr13,x2	  x2:0x17778420  x0=0x00000000
       16889000	       742	80000232	00003117	auipc	x2,0x3	  x2=0x80003232
       16909000	       743	80000236	07210113	addi	x2,x2,114	  x2:0x80003232  x2=0x800032a4
       16969000	       746	8000023a	eeeef337	lui	x6,0xeeeef	  x6=0xeeeef000
       16989000	       747	8000023e	eee30313	addi	x6,x6,-274	  x6:0xeeeef000  x6=0xeeeeeeee
       17009000	       748	80000242	911a	c.add	x2,x6	  x2:0x800032a4  x6:0xeeeeeeee  x2=0x6eef2192
       17029000	       749	80000244	00215113	srli	x2,x2,0x2	  x2:0x6eef2192  x2=0x1bbbc864
       17049000	       750	80000248	3be11073	csrrw	x0,pmpaddr14,x2	  x2:0x1bbbc864  x0=0x00000000
       17269000	       761	8000024c	00003117	auipc	x2,0x3	  x2=0x8000324c
       17289000	       762	80000250	05810113	addi	x2,x2,88	  x2:0x8000324c  x2=0x800032a4
       17309000	       763	80000254	fff00313	addi	x6,x0,-1	  x0:0x00000000  x6=0xffffffff
       17329000	       764	80000258	911a	c.add	x2,x6	  x2:0x800032a4  x6:0xffffffff  x2=0x800032a3
       17349000	       765	8000025a	00215113	srli	x2,x2,0x2	  x2:0x800032a3  x2=0x20000ca8
       17389000	       767	8000025e	3bf11073	csrrw	x0,pmpaddr15,x2	  x2:0x20000ca8  x0=0x00000000
       17449000	       770	80000262	0f0f1137	lui	x2,0xf0f1	  x2=0x0f0f1000
       17689000	       782	80000266	f0f10113	addi	x2,x2,-241	  x2:0x0f0f1000  x2=0x0f0f0f0f
       18089000	       802	8000026a	3a311073	csrrw	x0,pmpcfg3,x2	  x2:0x0f0f0f0f  x0=0x00000000
       18149000	       805	8000026e	00000317	auipc	x6,0x0	  x6=0x8000026e
       18529000	       824	80000272	06030313	addi	x6,x6,96	  x6:0x8000026e  x6=0x800002ce
       18549000	       825	80000276	34131073	csrrw	x0,mepc,x6	  x6:0x800002ce  x0=0x00000000
       18589000	       827	8000027a	7c00d073	csrrwi	x0,0x7c0,1	  x0=0x00000000
       18649000	       830	8000027e	4301	c.li	x6,0	  x6=0x00000000
       18669000	       831	80000280	30031073	csrrw	x0,mstatus,x6	  x6:0x00000000  x0=0x00000000
       18969000	       846	80000284	4301	c.li	x6,0	  x6=0x00000000
       19089000	       852	80000286	30431073	csrrw	x0,mie,x6	  x6:0x00000000  x0=0x00000000
       19149000	       855	8000028a	90000a37	lui	x20,0x90000	 x20=0x90000000
       19169000	       856	8000028e	1a71	c.addi	x20,-4	 x20:0x90000000 x20=0x8ffffffc
       19189000	       857	80000290	90000a37	lui	x20,0x90000	 x20=0x90000000
       19209000	       858	80000294	1a71	c.addi	x20,-4	 x20:0x90000000 x20=0x8ffffffc
       19329000	       864	80000296	90000a37	lui	x20,0x90000	 x20=0x90000000
       19349000	       865	8000029a	1a71	c.addi	x20,-4	 x20:0x90000000 x20=0x8ffffffc
       19389000	       867	8000029c	30000313	addi	x6,x0,768	  x0:0x00000000  x6=0x00000300
       19489000	       872	800002a0	0322	c.slli	x6,0x8	  x6:0x00000300  x6=0x00030000
       19509000	       873	800002a2	030d	c.addi	x6,3	  x6:0x00030000  x6=0x00030003
       19569000	       876	800002a4	006a2023	sw	x6,0(x20)	 x20:0x8ffffffc  x6:0x00030003 PA:0x8ffffffc store:0x00030003 load:0xffffffff
       19589000	       877	800002a8	30002373	csrrs	x6,mstatus,x0	  x0:0x00000000  x6=0x00000000
       19709000	       883	800002ac	006a2023	sw	x6,0(x20)	 x20:0x8ffffffc  x6:0x00000000 PA:0x8ffffffc store:0x00000000 load:0xffffffff
       19729000	       884	800002b0	90000a37	lui	x20,0x90000	 x20=0x90000000
       19749000	       885	800002b4	1a71	c.addi	x20,-4	 x20:0x90000000 x20=0x8ffffffc
       20129000	       904	800002b6	30400313	addi	x6,x0,772	  x0:0x00000000  x6=0x00000304
       20149000	       905	800002ba	0322	c.slli	x6,0x8	  x6:0x00000304  x6=0x00030400
       20169000	       906	800002bc	030d	c.addi	x6,3	  x6:0x00030400  x6=0x00030403
       20229000	       909	800002be	006a2023	sw	x6,0(x20)	 x20:0x8ffffffc  x6:0x00030403 PA:0x8ffffffc store:0x00030403 load:0xffffffff
       20249000	       910	800002c2	30402373	csrrs	x6,mie,x0	  x0:0x00000000  x6=0x00000000
       20269000	       911	800002c6	006a2023	sw	x6,0(x20)	 x20:0x8ffffffc  x6:0x00000000 PA:0x8ffffffc store:0x00000000 load:0xffffffff
       20289000	       912	800002ca	30200073	mret	
       20569000	       926	800002ce	ff8b8037	lui	x0,0xff8b8	  x0=0x00000000
       20989000	       947	800002d2	10e00013	addi	x0,x0,270	  x0:0x00000000  x0=0x00000000
       21149000	       955	800002d6	7327d0b7	lui	x1,0x7327d	  x1=0x7327d000
       21229000	       959	800002da	ba008093	addi	x1,x1,-1120	  x1:0x7327d000  x1=0x7327cba0
       21249000	       960	800002de	f5e3a137	lui	x2,0xf5e3a	  x2=0xf5e3a000
       21669000	       981	800002e2	89510113	addi	x2,x2,-1899	  x2:0xf5e3a000  x2=0xf5e39895
       21689000	       982	800002e6	4181	c.li	x3,0	  x3=0x00000000
       21709000	       983	800002e8	6511b237	lui	x4,0x6511b	  x4=0x6511b000
       21729000	       984	800002ec	bba20213	addi	x4,x4,-1094	  x4:0x6511b000  x4=0x6511abba
       21749000	       985	800002f0	e2e872b7	lui	x5,0xe2e87	  x5=0xe2e87000
       21849000	       990	800002f4	5c428293	addi	x5,x5,1476	  x5:0xe2e87000  x5=0xe2e875c4
       21909000	       993	800002f8	4301	c.li	x6,0	  x6=0x00000000
       21929000	       994	800002fa	43a5	c.li	x7,9	  x7=0x00000009
       21949000	       995	800002fc	80000437	lui	x8,0x80000	  x8=0x80000000
       22229000	      1009	80000300	f944e4b7	lui	x9,0xf944e	  x9=0xf944e000
       22249000	      1010	80000304	20f48493	addi	x9,x9,527	  x9:0xf944e000  x9=0xf944e20f
       22669000	      1031	80000308	4501	c.li	x10,0	 x10=0x00000000
       22689000	      1032	8000030a	45a5	c.li	x11,9	 x11=0x00000009
       22849000	      1040	8000030c	f0c556b7	lui	x13,0xf0c55	 x13=0xf0c55000
       23029000	      1049	80000310	da468693	addi	x13,x13,-604	 x13:0xf0c55000 x13=0xf0c54da4
       23109000	      1053	80000314	fd8fc7b7	lui	x15,0xfd8fc	 x15=0xfd8fc000
       23129000	      1054	80000318	e7e78793	addi	x15,x15,-386	 x15:0xfd8fc000 x15=0xfd8fbe7e
       23149000	      1055	8000031c	4801	c.li	x16,0	 x16=0x00000000
       23169000	      1056	8000031e	651938b7	lui	x17,0x65193	 x17=0x65193000
       23189000	      1057	80000322	5eb88893	addi	x17,x17,1515	 x17:0x65193000 x17=0x651935eb
       23209000	      1058	80000326	4911	c.li	x18,4	 x18=0x00000004
       23289000	      1062	80000328	800009b7	lui	x19,0x80000	 x19=0x80000000
       23309000	      1063	8000032c	4a29	c.li	x20,10	 x20=0x0000000a
       23929000	      1094	8000032e	ff2dfab7	lui	x21,0xff2df	 x21=0xff2df000
       23949000	      1095	80000332	586a8a93	addi	x21,x21,1414	 x21:0xff2df000 x21=0xff2df586
       24049000	      1100	80000336	80000b37	lui	x22,0x80000	 x22=0x80000000
       24069000	      1101	8000033a	fa72bbb7	lui	x23,0xfa72b	 x23=0xfa72b000
       24089000	      1102	8000033e	098b8b93	addi	x23,x23,152	 x23:0xfa72b000 x23=0xfa72b098
       24109000	      1103	80000342	4c09	c.li	x24,2	 x24=0x00000002
       24129000	      1104	80000344	4cb9	c.li	x25,14	 x25=0x0000000e
       24149000	      1105	80000346	4d01	c.li	x26,0	 x26=0x00000000
       24189000	      1107	80000348	4d81	c.li	x27,0	 x27=0x00000000
       24209000	      1108	8000034a	4e35	c.li	x28,13	 x28=0x0000000d
       24269000	      1111	8000034c	82ec1eb7	lui	x29,0x82ec1	 x29=0x82ec1000
       24349000	      1115	80000350	cb0e8e93	addi	x29,x29,-848	 x29:0x82ec1000 x29=0x82ec0cb0
       24749000	      1135	80000354	cac09f37	lui	x30,0xcac09	 x30=0xcac09000
       24789000	      1137	80000358	9bdf0f13	addi	x30,x30,-1603	 x30:0xcac09000 x30=0xcac089bd
       24809000	      1138	8000035c	80000fb7	lui	x31,0x80000	 x31=0x80000000
       25229000	      1159	80000360	00049617	auipc	x12,0x49	 x12=0x80049360
       25309000	      1163	80000364	b0460613	addi	x12,x12,-1276	 x12:0x80049360 x12=0x80048e64
       25329000	      1164	80000368	90000a37	lui	x20,0x90000	 x20=0x90000000
       25349000	      1165	8000036c	1a71	c.addi	x20,-4	 x20:0x90000000 x20=0x8ffffffc
       25369000	      1166	8000036e	4301	c.li	x6,0	  x6=0x00000000
       25389000	      1167	80000370	0322	c.slli	x6,0x8	  x6:0x00000000  x6=0x00000000
       25789000	      1187	80000372	00030313	addi	x6,x6,0	  x6:0x00000000  x6=0x00000000
       26409000	      1218	80000376	006a2023	sw	x6,0(x20)	 x20:0x8ffffffc  x6:0x00000000 PA:0x8ffffffc store:0x00000000 load:0xffffffff
       26429000	      1219	8000037a	72b0206f	jal	x0,800032a4	  x0=0x00000000
       27209000	      1258	800032a4	0002f397	auipc	x7,0x2f	  x7=0x800322a4
       27269000	      1261	800032a8	1c238393	addi	x7,x7,450	  x7:0x800322a4  x7=0x80032466
       27469000	      1271	800032ac	4a72bb93	sltiu	x23,x5,1191	  x5:0xe2e875c4 x23=0x00000000
       27489000	      1272	800032b0	8c09	c.sub	x8,x10	  x8:0x80000000 x10:0x00000000  x8=0x80000000
       27909000	      1293	800032b2	004287b3	add	x15,x5,x4	  x5:0xe2e875c4  x4:0x6511abba x15=0x47fa217e
       27929000	      1294	800032b6	0001	c.addi	x0,0	  x0:0x00000000  x0=0x00000000
       27949000	      1295	800032b8	c2afb6b7	lui	x13,0xc2afb	 x13=0xc2afb000
       27969000	      1296	800032bc	8b22	c.mv	x22,x8	  x0:0x00000000  x8:0x80000000 x22=0x80000000
       28129000	      1304	800032be	ed638393	addi	x7,x7,-298	  x7:0x80032466  x7=0x8003233c
       28469000	      1321	800032c2	0000100f	fence.i	
       28949000	      1345	800032c6	8096	c.mv	x1,x5	  x0:0x00000000  x5:0xe2e875c4  x1=0xe2e875c4
       29369000	      1366	800032c8	01120663	beq	x4,x17,800032d4	  x4:0x6511abba x17:0x651935eb
       29689000	      1382	800032cc	00d99d33	sll	x26,x19,x13	 x19:0x80000000 x13:0xc2afb000 x26=0x80000000
       29709000	      1383	800032d0	0000100f	fence.i	
       29989000	      1397	800032d4	12b380e7	jalr	x1,299(x7)	  x7:0x8003233c  x1=0x800032d8
       30329000	      1414	80032466	9a3a	c.add	x20,x14	 x20:0x8ffffffc x14:0x8004cce4 x20=0x1004cce0
       30429000	      1419	80032468	0ff0000f	fence	iorw,iorw	
       30589000	      1427	8003246c	016688b3	add	x17,x13,x22	 x13:0xc2afb000 x22:0x80000000 x17=0x42afb000
       30609000	      1428	80032470	1641	c.addi	x12,-16	 x12:0x80048e64 x12=0x80048e54
       30629000	      1429	80032472	0001	c.addi	x0,0	  x0:0x00000000  x0=0x00000000
       30689000	      1432	80032474	00162223	sw	x1,4(x12)	 x12:0x80048e54  x1:0x800032d8 PA:0x80048e58 store:0x800032d8 load:0xffffffff
       30709000	      1433	80032478	cf3b8b17	auipc	x22,0xcf3b8	 x22=0x4f3ea478
       30729000	      1434	8003247c	810d	c.srli	x10,0x3	 x10:0x00000000 x10=0x00000000
       31089000	      1452	8003247e	0000100f	fence.i	
       31949000	      1495	80032482	40bdd513	srai	x10,x27,0xb	 x27:0x00000000 x10=0x00000000
       31969000	      1496	80032486	0e4a	c.slli	x28,0x12	 x28:0x0000000d x28=0x00340000
       31989000	      1497	80032488	0001	c.addi	x0,0	  x0:0x00000000  x0=0x00000000
       32789000	      1537	8003248a	031f60b3	rem	x1,x30,x17	 x30:0xcac089bd x17:0x42afb000  x1=0xcac089bd
       32809000	      1538	8003248e	8cbd	c.xor	x9,x15	  x9:0xf944e20f x15:0x47fa217e  x9=0xbebec371
       32829000	      1539	80032490	39aaf217	auipc	x4,0x39aaf	  x4=0xb9ae1490
       32849000	      1540	80032494	0144e833	or	x16,x9,x20	  x9:0xbebec371 x20:0x1004cce0 x16=0xbebecff1
       32869000	      1541	80032498	e591	c.bnez	x11,800324a4	 x11:0x00000009
       33489000	      1572	800324a4	96bfc793	xori	x15,x31,-1685	 x31:0x80000000 x15=0x7ffff96b
       33549000	      1575	800324a8	0001	c.addi	x0,0	  x0:0x00000000  x0=0x00000000
       34089000	      1602	800324aa	00462083	lw	x1,4(x12)	 x12:0x80048e54  x1=0x800032d8 PA:0x80048e58 load:0x800032d8
       34109000	      1603	800324ae	8d05	c.sub	x10,x9	 x10:0x00000000  x9:0xbebec371 x10=0x41413c8f
       34149000	      1605	800324b0	037853b3	divu	x7,x16,x23	 x16:0xbebecff1 x23:0x00000000  x7=0xffffffff
       34249000	      1610	800324b4	410bd9b3	sra	x19,x23,x16	 x23:0x00000000 x16:0xbebecff1 x19=0x00000000
       34269000	      1611	800324b8	011c61b3	or	x3,x24,x17	 x24:0x00000002 x17:0x42afb000  x3=0x42afb002
       34289000	      1612	800324bc	0641	c.addi	x12,16	 x12:0x80048e54 x12=0x80048e64
       34709000	      1633	800324be	03a408b3	mul	x17,x8,x26	  x8:0x80000000 x26:0x80000000 x17=0x00000000
       34729000	      1634	800324c2	8d31	c.xor	x10,x12	 x10:0x41413c8f x12:0x80048e64 x10=0xc145b2eb
       34909000	      1643	800324c4	0043fa33	and	x20,x7,x4	  x7:0xffffffff  x4:0xb9ae1490 x20=0xb9ae1490
       35069000	      1651	800324c8	00441313	slli	x6,x8,0x4	  x8:0x80000000  x6=0x00000000
       35089000	      1652	800324cc	008ac233	xor	x4,x21,x8	 x21:0xff2df586  x8:0x80000000  x4=0x7f2df586
       35109000	      1653	800324d0	00008213	addi	x4,x1,0	  x1:0x800032d8  x4=0x800032d8
       35269000	      1661	800324d4	9202	c.jalr	x4	  x4:0x800032d8  x1=0x800324d6
       35709000	      1683	800032d8	00002417	auipc	x8,0x2	  x8=0x800052d8
       36129000	      1704	800032dc	2d040413	addi	x8,x8,720	  x8:0x800052d8  x8=0x800055a8
       36249000	      1710	800032e0	00d3af33	slt	x30,x7,x13	  x7:0xffffffff x13:0xc2afb000 x30=0x00000000
       36269000	      1711	800032e4	0006e0b3	or	x1,x13,x0	 x13:0xc2afb000  x0:0x00000000  x1=0xc2afb000
       36369000	      1716	800032e8	012dd533	srl	x10,x27,x18	 x27:0x00000000 x18:0x00000004 x10=0x00000000
       36469000	      1721	800032ec	0001	c.addi	x0,0	  x0:0x00000000  x0=0x00000000
       36489000	      1722	800032ee	4c224e93	xori	x29,x4,1218	  x4:0x800032d8 x29=0x8000361a
       36509000	      1723	800032f2	69fd	c.lui	x19,0x1f	 x19=0x0001f000
       36549000	      1725	800032f4	f3b40413	addi	x8,x8,-197	  x8:0x800055a8  x8=0x800054e3
       36569000	      1726	800032f8	0ff0000f	fence	iorw,iorw	
       36589000	      1727	800032fc	9f6a	c.add	x30,x26	 x30:0x00000000 x26:0x80000000 x30=0x80000000
       36769000	      1736	800032fe	0c5400e7	jalr	x1,197(x8)	  x8:0x800054e3  x1=0x80003302
       36989000	      1747	800055a8	e881	c.bnez	x9,800055b8	  x9:0xbebec371
       37589000	      1777	800055b8	fd460613	addi	x12,x12,-44	 x12:0x80048e64 x12=0x80048e38
       38009000	      1798	800055bc	8d69	c.and	x10,x10	 x10:0x00000000 x10:0x00000000 x10=0x00000000
       38789000	      1837	800055be	00162223	sw	x1,4(x12)	 x12:0x80048e38  x1:0x80003302 PA:0x80048e3c store:0x80003302 load:0xffffffff
       39529000	      1874	800055c2	025951b3	divu	x3,x18,x5	 x18:0x00000004  x5:0xe2e875c4  x3=0x00000000
       41809000	      1988	800055c6	0003ca17	auipc	x20,0x3c	 x20=0x800415c6
       41829000	      1989	800055ca	c26a0a13	addi	x20,x20,-986	 x20:0x800415c6 x20=0x800411ec
       42289000	      2012	800055ce	a07a4983	lbu	x19,-1529(x20)	 x20:0x800411ec x19=0x000000a8 PA:0x80040bf3 load:0x000000a8
       42309000	      2013	800055d2	e00c7b93	andi	x23,x24,-512	 x24:0x00000002 x23=0x00000000
       42329000	      2014	800055d6	034d0033	mul	x0,x26,x20	 x26:0x80000000 x20:0x800411ec  x0=0x00000000
       42389000	      2017	800055da	873a4803	lbu	x16,-1933(x20)	 x20:0x800411ec x16=0x00000014 PA:0x80040a5f load:0x00000014
       42409000	      2018	800055de	f24a3793	sltiu	x15,x20,-220	 x20:0x800411ec x15=0x00000001
       42429000	      2019	800055e2	5bfd	c.li	x23,-1	 x23=0xffffffff
       42649000	      2030	800055e4	0ff0000f	fence	iorw,iorw	
       43129000	      2054	800055e8	6a2a5383	lhu	x7,1698(x20)	 x20:0x800411ec  x7=0x00004445 PA:0x8004188e load:0x00004445
       43169000	      2056	800055ec	034ba3b3	mulhsu	x7,x23,x20	 x23:0xffffffff x20:0x800411ec  x7=0xffffffff
       43189000	      2057	800055f0	01cd25b3	slt	x11,x26,x28	 x26:0x80000000 x28:0x00340000 x11=0x00000001
       43229000	      2059	800055f4	0001	c.addi	x0,0	  x0:0x00000000  x0=0x00000000
       43389000	      2067	800055f6	534a06a3	sb	x20,1325(x20)	 x20:0x800411ec x20:0x800411ec PA:0x80041719 store:0x800411ec load:0x000000ff
       43449000	      2070	800055fa	406d0533	sub	x10,x26,x6	 x26:0x80000000  x6:0x00000000 x10=0x80000000
       43509000	      2073	800055fe	19ffc093	xori	x1,x31,415	 x31:0x80000000  x1=0x8000019f
       43789000	      2087	80005602	ca3a4d83	lbu	x27,-861(x20)	 x20:0x800411ec x27=0x00000044 PA:0x80040e8f load:0x00000044
       44229000	      2109	80005606	c43a4e83	lbu	x29,-957(x20)	 x20:0x800411ec x29=0x000000e4 PA:0x80040e2f load:0x000000e4
       44449000	      2120	8000560a	6c6a1683	lh	x13,1734(x20)	 x20:0x800411ec x13=0x00006869 PA:0x800418b2 load:0x00006869
       44569000	      2126	8000560e	40fa4e03	lbu	x28,1039(x20)	 x20:0x800411ec x28=0x000000b0 PA:0x800415fb load:0x000000b0
       44709000	      2133	80005612	ea1a4803	lbu	x16,-351(x20)	 x20:0x800411ec x16=0x00000046 PA:0x8004108d load:0x00000046
       44789000	      2137	80005616	d15a0983	lb	x19,-747(x20)	 x20:0x800411ec x19=0xffffffba PA:0x80040f01 load:0xffffffba
       44869000	      2141	8000561a	01ca1923	sh	x28,18(x20)	 x20:0x800411ec x28:0x000000b0 PA:0x800411fe store:0x000000b0 load:0x0000ffff
       44889000	      2142	8000561e	8c35	c.xor	x8,x13	  x8:0x800054e3 x13:0x00006869  x8=0x80003c8a
       44909000	      2143	80005620	8bb1	c.andi	x15,12	 x15:0x00000001 x15=0x00000000
       44929000	      2144	80005622	01d83233	sltu	x4,x16,x29	 x16:0x00000046 x29:0x000000e4  x4=0x00000001
       45189000	      2157	80005626	479a4683	lbu	x13,1145(x20)	 x20:0x800411ec x13=0x0000001e PA:0x80041665 load:0x0000001e
       45229000	      2159	8000562a	03db2f33	mulhsu	x30,x22,x29	 x22:0x4f3ea478 x29:0x000000e4 x30=0x00000046
       45249000	      2160	8000562e	8ce9	c.and	x9,x10	  x9:0xbebec371 x10:0x80000000  x9=0x80000000
       45429000	      2169	80005630	dc5a0ba3	sb	x5,-553(x20)	 x20:0x800411ec  x5:0xe2e875c4 PA:0x80040fc3 store:0xe2e875c4 load:0x000000ff
       45489000	      2172	80005634	8e8a0383	lb	x7,-1816(x20)	 x20:0x800411ec  x7=0xffffff8f PA:0x80040ad4 load:0xffffff8f
       45509000	      2173	80005638	8475	c.srai	x8,0x1d	  x8:0x80003c8a  x8=0xfffffffc
       45529000	      2174	8000563a	01808f33	add	x30,x1,x24	  x1:0x8000019f x24:0x00000002 x30=0x800001a1
       45609000	      2178	8000563e	e0ea1823	sh	x14,-496(x20)	 x20:0x800411ec x14:0x8004cce4 PA:0x80040ffc store:0x8004cce4 load:0x0000ffff
       45629000	      2179	80005642	6699	c.lui	x13,0x6	 x13=0x00006000
       45649000	      2180	80005644	83fe	c.mv	x7,x31	  x0:0x00000000 x31:0x80000000  x7=0x80000000
       46689000	      2232	80005646	029b5b33	divu	x22,x22,x9	 x22:0x4f3ea478  x9:0x80000000 x22=0x00000000
       46749000	      2235	8000564a	13ea06a3	sb	x30,301(x20)	 x20:0x800411ec x30:0x800001a1 PA:0x80041319 store:0x800001a1 load:0x000000ff
       46769000	      2236	8000564e	b15a4f03	lbu	x30,-1259(x20)	 x20:0x800411ec x30=0x000000ba PA:0x80040d01 load:0x000000ba
       46789000	      2237	80005652	0000100f	fence.i	
       46929000	      2244	80005656	8fe9	c.and	x15,x10	 x15:0x00000000 x10:0x80000000 x15=0x00000000
       46989000	      2247	80005658	c7fa05a3	sb	x31,-917(x20)	 x20:0x800411ec x31:0x80000000 PA:0x80040e57 store:0x80000000 load:0x000000ff
       47009000	      2248	8000565c	e319a413	slti	x8,x19,-463	 x19:0xffffffba  x8=0x00000000
       47029000	      2249	80005660	e4fa7537	lui	x10,0xe4fa7	 x10=0xe4fa7000
       47269000	      2261	80005664	ba8a07a3	sb	x8,-1105(x20)	 x20:0x800411ec  x8:0x00000000 PA:0x80040d9b store:0x00000000 load:0x000000ff
       47329000	      2264	80005668	0002ed97	auipc	x27,0x2e	 x27=0x80033668
       47389000	      2267	8000566c	21cd8d93	addi	x27,x27,540	 x27:0x80033668 x27=0x80033884
       47649000	      2280	80005670	023d8ba3	sb	x3,55(x27)	 x27:0x80033884  x3:0x00000000 PA:0x800338bb store:0x00000000 load:0x000000ff
       47689000	      2282	80005674	0253abb3	mulhsu	x23,x7,x5	  x7:0x80000000  x5:0xe2e875c4 x23=0x8e8bc51e
       47929000	      2294	80005678	037dcb83	lbu	x23,55(x27)	 x27:0x80033884 x23=0x00000000 PA:0x800338bb load:0x00000000
       48309000	      2313	8000567c	037d8003	lb	x0,55(x27)	 x27:0x80033884  x0=0x00000000 PA:0x800338bb load:0x00000000
       48329000	      2314	80005680	a2a0b293	sltiu	x5,x1,-1494	  x1:0x8000019f  x5=0x00000001
       48349000	      2315	80005684	00499413	slli	x8,x19,0x4	 x19:0xffffffba  x8=0xfffffba0
       48369000	      2316	80005688	37b93f13	sltiu	x30,x18,891	 x18:0x00000004 x30=0x00000001
       48389000	      2317	8000568c	2a66a813	slti	x16,x13,678	 x13:0x00006000 x16=0x00000000
       48549000	      2325	80005690	037d8e03	lb	x28,55(x27)	 x27:0x80033884 x28=0x00000000 PA:0x800338bb load:0x00000000
       48709000	      2333	80005694	ff0daf03	lw	x30,-16(x27)	 x27:0x80033884 x30=0x2c2d2e2f PA:0x80033874 load:0x2c2d2e2f
       48909000	      2343	80005698	ffdd8da3	sb	x29,-5(x27)	 x27:0x80033884 x29:0x000000e4 PA:0x8003387f store:0x000000e4 load:0x000000ff
       49289000	      2362	8000569c	0111f433	and	x8,x3,x17	  x3:0x00000000 x17:0x00000000  x8=0x00000000
       49749000	      2385	800056a0	032d8a03	lb	x20,50(x27)	 x27:0x80033884 x20=0x0000006d PA:0x800338b6 load:0x0000006d
       49809000	      2388	800056a4	ffeda623	sw	x30,-20(x27)	 x27:0x80033884 x30:0x2c2d2e2f PA:0x80033870 store:0x2c2d2e2f load:0xffffffff
       49829000	      2389	800056a8	0d004f37	lui	x30,0xd004	 x30=0x0d004000
       50009000	      2398	800056ac	fecd9623	sh	x12,-20(x27)	 x27:0x80033884 x12:0x80048e38 PA:0x80033870 store:0x80048e38 load:0x0000ffff
       50249000	      2410	800056b0	ffada623	sw	x26,-20(x27)	 x27:0x80033884 x26:0x80000000 PA:0x80033870 store:0x80000000 load:0xffffffff
       50309000	      2413	800056b4	fecd8003	lb	x0,-20(x27)	 x27:0x80033884  x0=0x00000000 PA:0x80033870 load:0x00000000
       50329000	      2414	800056b8	fecd8e03	lb	x28,-20(x27)	 x27:0x80033884 x28=0x00000000 PA:0x80033870 load:0x00000000
       50749000	      2435	800056bc	00ad8483	lb	x9,10(x27)	 x27:0x80033884  x9=0x00000045 PA:0x8003388e load:0x00000045
       50809000	      2438	800056c0	022d8ea3	sb	x2,61(x27)	 x27:0x80033884  x2:0xf5e39895 PA:0x800338c1 store:0xf5e39895 load:0x000000ff
       50829000	      2439	800056c4	03dd8f83	lb	x31,61(x27)	 x27:0x80033884 x31=0xffffff95 PA:0x800338c1 load:0xffffff95
       50849000	      2440	800056c8	fdcd8f03	lb	x30,-36(x27)	 x27:0x80033884 x30=0x0000001b PA:0x80033860 load:0x0000001b
       50869000	      2441	800056cc	0002e217	auipc	x4,0x2e	  x4=0x800336cc
       50889000	      2442	800056d0	dfd20213	addi	x4,x4,-515	  x4:0x800336cc  x4=0x800334c9
       50949000	      2445	800056d4	d5420723	sb	x20,-690(x4)	  x4:0x800334c9 x20:0x0000006d PA:0x80033217 store:0x0000006d load:0x000000ff
       51069000	      2451	800056d8	0ff0000f	fence	iorw,iorw	
       51129000	      2454	800056dc	07d20123	sb	x29,98(x4)	  x4:0x800334c9 x29:0x000000e4 PA:0x8003352b store:0x000000e4 load:0x000000ff
       51169000	      2456	800056e0	fbb20f03	lb	x30,-69(x4)	  x4:0x800334c9 x30=0x0000003f PA:0x80033484 load:0x0000003f
       51189000	      2457	800056e4	4abd	c.li	x21,15	 x21=0x0000000f
       51589000	      2477	800056e6	51624d03	lbu	x26,1302(x4)	  x4:0x800334c9 x26=0x00000094 PA:0x800339df load:0x00000094
       51629000	      2479	800056ea	0350aeb3	mulhsu	x29,x1,x21	  x1:0x8000019f x21:0x0000000f x29=0xfffffff8
       51689000	      2482	800056ee	d3a24303	lbu	x6,-710(x4)	  x4:0x800334c9  x6=0x000000b8 PA:0x80033203 load:0x000000b8
       51789000	      2487	800056f2	16322a03	lw	x20,355(x4)	  x4:0x800334c9 x20=0xe4e5e6e7 PA:0x8003362c load:0xe4e5e6e7
       52149000	      2505	800056f6	130200a3	sb	x16,289(x4)	  x4:0x800334c9 x16:0x00000000 PA:0x800335ea store:0x00000000 load:0x000000ff
       52169000	      2506	800056fa	8cd9	c.or	x9,x14	  x9:0x00000045 x14:0x8004cce4  x9=0x8004cce5
       52189000	      2507	800056fc	645d	c.lui	x8,0x17	  x8=0x00017000
       52209000	      2508	800056fe	0001	c.addi	x0,0	  x0:0x00000000  x0=0x00000000
       52429000	      2519	80005700	55220423	sb	x18,1352(x4)	  x4:0x800334c9 x18:0x00000004 PA:0x80033a11 store:0x00000004 load:0x000000ff
       52889000	      2542	80005704	2ee213a3	sh	x14,743(x4)	  x4:0x800334c9 x14:0x8004cce4 PA:0x800337b0 store:0x8004cce4 load:0x0000ffff
       52969000	      2546	80005708	f2c24983	lbu	x19,-212(x4)	  x4:0x800334c9 x19=0x000000ae PA:0x800333f5 load:0x000000ae
       52989000	      2547	8000570c	d02216a3	sh	x2,-755(x4)	  x4:0x800334c9  x2:0xf5e39895 PA:0x800331d6 store:0xf5e39895 load:0x0000ffff
       53009000	      2548	80005710	656d	c.lui	x10,0x1b	 x10=0x0001b000
       53189000	      2557	80005712	3ac24a03	lbu	x20,940(x4)	  x4:0x800334c9 x20=0x0000002e PA:0x80033875 load:0x0000002e
       53609000	      2578	80005716	02420483	lb	x9,36(x4)	  x4:0x800334c9  x9=0xffffffa6 PA:0x800334ed load:0xffffffa6
       53649000	      2580	8000571a	03791f33	mulh	x30,x18,x23	 x18:0x00000004 x23:0x00000000 x30=0x00000000
       53669000	      2581	8000571e	0174cfb3	xor	x31,x9,x23	  x9:0xffffffa6 x23:0x00000000 x31=0xffffffa6
       53689000	      2582	80005722	00c61913	slli	x18,x12,0xc	 x12:0x80048e38 x18=0x48e38000
       53749000	      2585	80005726	49b20a03	lb	x20,1179(x4)	  x4:0x800334c9 x20=0x0000001f PA:0x80033964 load:0x0000001f
       53769000	      2586	8000572a	0001	c.addi	x0,0	  x0:0x00000000  x0=0x00000000
       53909000	      2593	8000572c	61024383	lbu	x7,1552(x4)	  x4:0x800334c9  x7=0x00000092 PA:0x80033ad9 load:0x00000092
       54049000	      2600	80005730	4cc21ca3	sh	x12,1241(x4)	  x4:0x800334c9 x12:0x80048e38 PA:0x800339a2 store:0x80048e38 load:0x0000ffff
       54169000	      2606	80005734	34e20923	sb	x14,850(x4)	  x4:0x800334c9 x14:0x8004cce4 PA:0x8003381b store:0x8004cce4 load:0x000000ff
       54189000	      2607	80005738	8e85	c.sub	x13,x9	 x13:0x00006000  x9:0xffffffa6 x13=0x0000605a
       54209000	      2608	8000573a	0dea	c.slli	x27,0x1a	 x27:0x80033884 x27=0x10000000
       54289000	      2612	8000573c	d8820503	lb	x10,-632(x4)	  x4:0x800334c9 x10=0x0000000a PA:0x80033251 load:0x0000000a
       54329000	      2614	80005740	02f1fbb3	remu	x23,x3,x15	  x3:0x00000000 x15:0x00000000 x23=0x00000000
       54349000	      2615	80005744	898a	c.mv	x19,x2	  x0:0x00000000  x2:0xf5e39895 x19=0xf5e39895
       54409000	      2618	80005746	24420883	lb	x17,580(x4)	  x4:0x800334c9 x17=0xffffffc6 PA:0x8003370d load:0xffffffc6
       54929000	      2644	8000574a	c4e20a23	sb	x14,-940(x4)	  x4:0x800334c9 x14:0x8004cce4 PA:0x8003311d store:0x8004cce4 load:0x000000ff
       54989000	      2647	8000574e	07e20a03	lb	x20,126(x4)	  x4:0x800334c9 x20=0xfffffffc PA:0x80033547 load:0xfffffffc
       55089000	      2652	80005752	60e24983	lbu	x19,1550(x4)	  x4:0x800334c9 x19=0x0000008c PA:0x80033ad7 load:0x0000008c
       55109000	      2653	80005756	4d85	c.li	x27,1	 x27=0x00000001
       55689000	      2682	80005758	73921503	lh	x10,1849(x4)	  x4:0x800334c9 x10=0xffffb8b9 PA:0x80033c02 load:0xffffb8b9
       55709000	      2683	8000575c	0002fa17	auipc	x20,0x2f	 x20=0x8003475c
       55729000	      2684	80005760	33ea0a13	addi	x20,x20,830	 x20:0x8003475c x20=0x80034a9a
       55809000	      2688	80005764	03aa1a83	lh	x21,58(x20)	 x20:0x80034a9a x21=0xffff8e8f PA:0x80034ad4 load:0xffff8e8f
       55829000	      2689	80005768	0001	c.addi	x0,0	  x0:0x00000000  x0=0x00000000
       55849000	      2690	8000576a	00ffd493	srli	x9,x31,0xf	 x31:0xffffffa6  x9=0x0001ffff
       55869000	      2691	8000576e	f576c813	xori	x16,x13,-169	 x13:0x0000605a x16=0xffff9f0d
       55889000	      2692	80005772	8f25a593	slti	x11,x11,-1806	 x11:0x00000001 x11=0x00000000
       56089000	      2702	80005776	00aa0ba3	sb	x10,23(x20)	 x20:0x80034a9a x10:0xffffb8b9 PA:0x80034ab1 store:0xffffb8b9 load:0x000000ff
       56129000	      2704	8000577a	03dd96b3	mulh	x13,x27,x29	 x27:0x00000001 x29:0xfffffff8 x13=0xffffffff
       56149000	      2705	8000577e	8fc1	c.or	x15,x8	 x15:0x00000000  x8:0x00017000 x15=0x00017000
       56169000	      2706	80005780	03f08bb3	mul	x23,x1,x31	  x1:0x8000019f x31:0xffffffa6 x23=0xffff6e1a
       56189000	      2707	80005784	0000100f	fence.i	
       57269000	      2761	80005788	ffda4f83	lbu	x31,-3(x20)	 x20:0x80034a9a x31=0x0000004c PA:0x80034a97 load:0x0000004c
       57329000	      2764	8000578c	fe7a2b23	sw	x7,-10(x20)	 x20:0x80034a9a  x7:0x00000092 PA:0x80034a90 store:0x00000092 load:0xffffffff
       57349000	      2765	80005790	fc1a1e23	sh	x1,-36(x20)	 x20:0x80034a9a  x1:0x8000019f PA:0x80034a76 store:0x8000019f load:0x0000ffff
       57369000	      2766	80005794	0015b433	sltu	x8,x11,x1	 x11:0x00000000  x1:0x8000019f  x8=0x00000001
       57389000	      2767	80005798	416b5293	srai	x5,x22,0x16	 x22:0x00000000  x5=0x00000000
       58129000	      2804	8000579c	03b879b3	remu	x19,x16,x27	 x16:0xffff9f0d x27:0x00000001 x19=0x00000000
       58149000	      2805	800057a0	45ad	c.li	x11,11	 x11=0x0000000b
       58209000	      2808	800057a2	fdea0e03	lb	x28,-34(x20)	 x20:0x80034a9a x28=0x00000033 PA:0x80034a78 load:0x00000033
       58229000	      2809	800057a6	8dad	c.xor	x11,x11	 x11:0x0000000b x11:0x0000000b x11=0x00000000
       58249000	      2810	800057a8	01479c93	slli	x25,x15,0x14	 x15:0x00017000 x25=0x00000000
       58269000	      2811	800057ac	8fb9	c.xor	x15,x14	 x15:0x00017000 x14:0x8004cce4 x15=0x8005bce4
       58289000	      2812	800057ae	747e8e13	addi	x28,x29,1863	 x29:0xfffffff8 x28=0x0000073f
       58309000	      2813	800057b2	00961513	slli	x10,x12,0x9	 x12:0x80048e38 x10=0x091c7000
       58429000	      2819	800057b6	03aa5083	lhu	x1,58(x20)	 x20:0x80034a9a  x1=0x00008e8f PA:0x80034ad4 load:0x00008e8f
       58549000	      2825	800057ba	023a0383	lb	x7,35(x20)	 x20:0x80034a9a  x7=0x00000076 PA:0x80034abd load:0x00000076
       59349000	      2865	800057be	034a6b33	rem	x22,x20,x20	 x20:0x80034a9a x20:0x80034a9a x22=0x00000000
       59369000	      2866	800057c2	81f1	c.srli	x11,0x1c	 x11:0x00000000 x11=0x00000000
       59469000	      2871	800057c4	035a4383	lbu	x7,53(x20)	 x20:0x80034a9a  x7=0x00000084 PA:0x80034acf load:0x00000084
       59569000	      2876	800057c8	ff6a0723	sb	x22,-18(x20)	 x20:0x80034a9a x22:0x00000000 PA:0x80034a88 store:0x00000000 load:0x000000ff
       59589000	      2877	800057cc	82687213	andi	x4,x16,-2010	 x16:0xffff9f0d  x4=0xffff9804
       59649000	      2880	800057d0	00ba0483	lb	x9,11(x20)	 x20:0x80034a9a  x9=0x0000005e PA:0x80034aa5 load:0x0000005e
       60029000	      2899	800057d4	93b2	c.add	x7,x12	  x7:0x00000084 x12:0x80048e38  x7=0x80048ebc
       60049000	      2900	800057d6	8d41	c.or	x10,x8	 x10:0x091c7000  x8:0x00000001 x10=0x091c7001
       60389000	      2917	800057d8	03da0483	lb	x9,61(x20)	 x20:0x80034a9a  x9=0xffffff8c PA:0x80034ad7 load:0xffffff8c
       60409000	      2918	800057dc	01cd5693	srli	x13,x26,0x1c	 x26:0x00000094 x13=0x00000000
       60529000	      2924	800057e0	025a00a3	sb	x5,33(x20)	 x20:0x80034a9a  x5:0x00000000 PA:0x80034abb store:0x00000000 load:0x000000ff
       60809000	      2938	800057e4	fe2a5783	lhu	x15,-30(x20)	 x20:0x80034a9a x15=0x00003637 PA:0x80034a7c load:0x00003637
       60869000	      2941	800057e8	fc2a2483	lw	x9,-62(x20)	 x20:0x80034a9a  x9=0x14151617 PA:0x80034a5c load:0x14151617
       60909000	      2943	800057ec	022313b3	mulh	x7,x6,x2	  x6:0x000000b8  x2:0xf5e39895  x7=0xfffffff8
       60929000	      2944	800057f0	00b3c7b3	xor	x15,x7,x11	  x7:0xfffffff8 x11:0x00000000 x15=0xfffffff8
       61669000	      2981	800057f4	0290e9b3	rem	x19,x1,x9	  x1:0x00008e8f  x9:0x14151617 x19=0x00008e8f
       61929000	      2994	800057f8	ff9a0a83	lb	x21,-7(x20)	 x20:0x80034a9a x21=0x00000000 PA:0x80034a93 load:0x00000000
       62029000	      2999	800057fc	fcca01a3	sb	x12,-61(x20)	 x20:0x80034a9a x12:0x80048e38 PA:0x80034a5d store:0x80048e38 load:0x000000ff
       62249000	      3010	80005800	ffda0e83	lb	x29,-3(x20)	 x20:0x80034a9a x29=0x0000004c PA:0x80034a97 load:0x0000004c
       62269000	      3011	80005804	40935d93	srai	x27,x6,0x9	  x6:0x000000b8 x27=0x00000000
       62289000	      3012	80005808	032d04b3	mul	x9,x26,x18	 x26:0x00000094 x18:0x48e38000  x9=0x23860000
       62549000	      3025	8000580c	fe6a4203	lbu	x4,-26(x20)	 x20:0x80034a9a  x4=0x0000003b PA:0x80034a80 load:0x0000003b
       62569000	      3026	80005810	0002fc17	auipc	x24,0x2f	 x24=0x80034810
       62589000	      3027	80005814	838c0c13	addi	x24,x24,-1992	 x24:0x80034810 x24=0x80034048
       62609000	      3028	80005818	184e79b7	lui	x19,0x184e7	 x19=0x184e7000
       62689000	      3032	8000581c	9c4e	c.add	x24,x19	 x24:0x80034048 x19:0x184e7000 x24=0x9851b048
       63069000	      3051	8000581e	ac0c09a3	sb	x0,-1325(x24)	 x24:0x9851b048  x0:0x00000000 PA:0x9851ab1b store:0x00000000 load:0x000000ff
       63349000	      3065	80005822	b42c1623	sh	x2,-1204(x24)	 x24:0x9851b048  x2:0xf5e39895 PA:0x9851ab94 store:0xf5e39895 load:0x0000ffff
       63589000	      3077	80005826	ba3c0ea3	sb	x3,-1091(x24)	 x24:0x9851b048  x3:0x00000000 PA:0x9851ac05 store:0x00000000 load:0x000000ff
       64189000	      3107	8000582a	0e4c01a3	sb	x4,227(x24)	 x24:0x9851b048  x4:0x0000003b PA:0x9851b12b store:0x0000003b load:0x000000ff
       64249000	      3110	8000582e	9a5c0323	sb	x5,-1626(x24)	 x24:0x9851b048  x5:0x00000000 PA:0x9851a9ee store:0x00000000 load:0x000000ff
       64429000	      3119	80005832	0e6c0aa3	sb	x6,245(x24)	 x24:0x9851b048  x6:0x000000b8 PA:0x9851b13d store:0x000000b8 load:0x000000ff
       64449000	      3120	80005836	0113efb3	or	x31,x7,x17	  x7:0xfffffff8 x17:0xffffffc6 x31=0xfffffffe
       64469000	      3121	8000583a	84bd	c.srai	x9,0xf	  x9:0x23860000  x9=0x0000470c
       64869000	      3141	8000583c	ad3c4483	lbu	x9,-1325(x24)	 x24:0x9851b048  x9=0x00000000 PA:0x9851ab1b load:0x00000000
       64929000	      3144	80005840	dddc08a3	sb	x29,-559(x24)	 x24:0x9851b048 x29:0x0000004c PA:0x9851ae19 store:0x0000004c load:0x000000ff
       64949000	      3145	80005844	77b5ed13	ori	x26,x11,1915	 x11:0x00000000 x26=0x0000077b
       65329000	      3164	80005848	b4cc1183	lh	x3,-1204(x24)	 x24:0x9851b048  x3=0xffff9895 PA:0x9851ab94 load:0xffff9895
       65589000	      3177	8000584c	bbdc4883	lbu	x17,-1091(x24)	 x24:0x9851b048 x17=0x00000000 PA:0x9851ac05 load:0x00000000
       65629000	      3179	80005850	0e3c0283	lb	x5,227(x24)	 x24:0x9851b048  x5=0x0000003b PA:0x9851b12b load:0x0000003b
       65669000	      3181	80005854	038b15b3	mulh	x11,x22,x24	 x22:0x00000000 x24:0x9851b048 x11=0x00000000
       65969000	      3196	80005858	9a6c4783	lbu	x15,-1626(x24)	 x24:0x9851b048 x15=0x00000000 PA:0x9851a9ee load:0x00000000
       65989000	      3197	8000585c	aee94d13	xori	x26,x18,-1298	 x18:0x48e38000 x26=0xb71c7aee
       66049000	      3200	80005860	0f5c4f03	lbu	x30,245(x24)	 x24:0x9851b048 x30=0x000000b8 PA:0x9851b13d load:0x000000b8
       66069000	      3201	80005864	0003bc97	auipc	x25,0x3b	 x25=0x80040864
       66089000	      3202	80005868	539c8c93	addi	x25,x25,1337	 x25:0x80040864 x25=0x80040d9d
       66549000	      3225	8000586c	432c8b83	lb	x23,1074(x25)	 x25:0x80040d9d x23=0xffffff84 PA:0x800411cf load:0xffffff84
       66669000	      3231	80005870	436c8923	sb	x22,1074(x25)	 x25:0x80040d9d x22:0x00000000 PA:0x800411cf store:0x00000000 load:0x000000ff
       66809000	      3238	80005874	43dc8923	sb	x29,1074(x25)	 x25:0x80040d9d x29:0x0000004c PA:0x800411cf store:0x0000004c load:0x000000ff
       66909000	      3243	80005878	432c8883	lb	x17,1074(x25)	 x25:0x80040d9d x17=0x0000004c PA:0x800411cf load:0x0000004c
       66969000	      3246	8000587c	dc0c8883	lb	x17,-576(x25)	 x25:0x80040d9d x17=0x00000016 PA:0x80040b5d load:0x00000016
       67389000	      3267	80005880	dc9c8023	sb	x9,-576(x25)	 x25:0x80040d9d  x9:0x00000000 PA:0x80040b5d store:0x00000000 load:0x000000ff
       67849000	      3290	80005884	bc7c8e83	lb	x29,-1081(x25)	 x25:0x80040d9d x29=0x0000001f PA:0x80040964 load:0x0000001f
       67989000	      3297	80005888	4dfcc783	lbu	x15,1247(x25)	 x25:0x80040d9d x15=0x00000037 PA:0x8004127c load:0x00000037
       68009000	      3298	8000588c	41185e13	srai	x28,x16,0x11	 x16:0xffff9f0d x28=0xffffffff
       68069000	      3301	80005890	4c1c8fa3	sb	x1,1247(x25)	 x25:0x80040d9d  x1:0x00008e8f PA:0x8004127c store:0x00008e8f load:0x000000ff
       68489000	      3322	80005894	4dfc9d03	lh	x26,1247(x25)	 x25:0x80040d9d x26=0x0000368f PA:0x8004127c load:0x0000368f
       68609000	      3328	80005898	4cbc8fa3	sb	x11,1247(x25)	 x25:0x80040d9d x11:0x00000000 PA:0x8004127c store:0x00000000 load:0x000000ff
       68629000	      3329	8000589c	0002d317	auipc	x6,0x2d	  x6=0x8003289c
       68649000	      3330	800058a0	7ac30313	addi	x6,x6,1964	  x6:0x8003289c  x6=0x80033048
       68669000	      3331	800058a4	181413b7	lui	x7,0x18141	  x7=0x18141000
       68689000	      3332	800058a8	931e	c.add	x6,x7	  x6:0x80033048  x7:0x18141000  x6=0x98174048
       68829000	      3339	800058aa	52031623	sh	x0,1324(x6)	  x6:0x98174048  x0:0x00000000 PA:0x98174574 store:0x00000000 load:0x0000ffff
       69089000	      3352	800058ae	4a231323	sh	x2,1190(x6)	  x6:0x98174048  x2:0xf5e39895 PA:0x981744ee store:0xf5e39895 load:0x0000ffff
       69249000	      3360	800058b2	fa330da3	sb	x3,-69(x6)	  x6:0x98174048  x3:0xffff9895 PA:0x98174003 store:0xffff9895 load:0x000000ff
       69529000	      3374	800058b6	de431423	sh	x4,-536(x6)	  x6:0x98174048  x4:0x0000003b PA:0x98173e30 store:0x0000003b load:0x0000ffff
       69549000	      3375	800058ba	5b7d	c.li	x22,-1	 x22=0xffffffff
       69609000	      3378	800058bc	52c31083	lh	x1,1324(x6)	  x6:0x98174048  x1=0x00000000 PA:0x98174574 load:0x00000000
       69629000	      3379	800058c0	416dd933	sra	x18,x27,x22	 x27:0x00000000 x22:0xffffffff x18=0x00000000
       69649000	      3380	800058c4	7bbe0813	addi	x16,x28,1979	 x28:0xffffffff x16=0x000007ba
       70389000	      3417	800058c8	03f2f1b3	remu	x3,x5,x31	  x5:0x0000003b x31:0xfffffffe  x3=0x0000003b
       71129000	      3454	800058cc	03ec5f33	divu	x30,x24,x30	 x24:0x9851b048 x30:0x000000b8 x30=0x00d3ec16
       71149000	      3455	800058d0	41e257b3	sra	x15,x4,x30	  x4:0x0000003b x30:0x00d3ec16 x15=0x00000000
       71249000	      3460	800058d4	db1305a3	sb	x17,-597(x6)	  x6:0x98174048 x17:0x00000016 PA:0x98173df3 store:0x00000016 load:0x000000ff
       71309000	      3463	800058d8	4a631b83	lh	x23,1190(x6)	  x6:0x98174048 x23=0xffff9895 PA:0x981744ee load:0xffff9895
       71349000	      3465	800058dc	02d04ab3	div	x21,x0,x13	  x0:0x00000000 x13:0x00000000 x21=0xffffffff
       71409000	      3468	800058e0	fbb34b83	lbu	x23,-69(x6)	  x6:0x98174048 x23=0x00000095 PA:0x98174003 load:0x00000095
       81329000	      3964	800058e4	de831a83	lh	x21,-536(x6)	  x6:0x98174048 x21=0x0000003b PA:0x98173e30 load:0x0000003b
       81529000	      3974	800058e8	2cd30ea3	sb	x13,733(x6)	  x6:0x98174048 x13:0x00000000 PA:0x98174325 store:0x00000000 load:0x000000ff
       81549000	      3975	800058ec	0128adb3	slt	x27,x17,x18	 x17:0x00000016 x18:0x00000000 x27=0x00000000
       81569000	      3976	800058f0	00894233	xor	x4,x18,x8	 x18:0x00000000  x8:0x00000001  x4=0x00000001
       82309000	      4013	800058f4	038f6b33	rem	x22,x30,x24	 x30:0x00d3ec16 x24:0x9851b048 x22=0x00d3ec16
       82369000	      4016	800058f8	cea31723	sh	x10,-786(x6)	  x6:0x98174048 x10:0x091c7001 PA:0x98173d36 store:0x091c7001 load:0x0000ffff
       82389000	      4017	800058fc	0002e897	auipc	x17,0x2e	 x17=0x800338fc
       82409000	      4018	80005900	13788893	addi	x17,x17,311	 x17:0x800338fc x17=0x80033a33
       82689000	      4032	80005904	0058d483	lhu	x9,5(x17)	 x17:0x80033a33  x9=0x0000f2f3 PA:0x80033a38 load:0x0000f2f3
       82749000	      4035	80005908	0028c283	lbu	x5,2(x17)	 x17:0x80033a33  x5=0x000000ee PA:0x80033a35 load:0x000000ee
       82769000	      4036	8000590c	0ff0000f	fence	iorw,iorw	
       83029000	      4049	80005910	00388483	lb	x9,3(x17)	 x17:0x80033a33  x9=0xffffffed PA:0x80033a36 load:0xffffffed
       83089000	      4052	80005914	00a88583	lb	x11,10(x17)	 x17:0x80033a33 x11=0xfffffff6 PA:0x80033a3d load:0xfffffff6
       83109000	      4053	80005918	0000100f	fence.i	
       83409000	      4068	8000591c	009897a3	sh	x9,15(x17)	 x17:0x80033a33  x9:0xffffffed PA:0x80033a42 store:0xffffffed load:0x0000ffff
       84509000	      4123	80005920	03c1e0b3	rem	x1,x3,x28	  x3:0x0000003b x28:0xffffffff  x1=0x00000000
       84649000	      4130	80005924	00088f83	lb	x31,0(x17)	 x17:0x80033a33 x31=0xffffffe8 PA:0x80033a33 load:0xffffffe8
       84969000	      4146	80005928	00488c03	lb	x24,4(x17)	 x17:0x80033a33 x24=0xffffffec PA:0x80033a37 load:0xffffffec
       85049000	      4150	8000592c	ff589f83	lh	x31,-11(x17)	 x17:0x80033a33 x31=0xffffe2e3 PA:0x80033a28 load:0xffffe2e3
       85069000	      4151	80005930	ff8899a3	sh	x24,-13(x17)	 x17:0x80033a33 x24:0xffffffec PA:0x80033a26 store:0xffffffec load:0x0000ffff
       85269000	      4161	80005934	ff988e83	lb	x29,-7(x17)	 x17:0x80033a33 x29=0xffffffe7 PA:0x80033a2c load:0xffffffe7
       85289000	      4162	80005938	00801413	slli	x8,x0,0x8	  x0:0x00000000  x8=0x00000000
       85729000	      4184	8000593c	ff488383	lb	x7,-12(x17)	 x17:0x80033a33  x7=0xffffffff PA:0x80033a27 load:0xffffffff
       85749000	      4185	80005940	01365e13	srli	x28,x12,0x13	 x12:0x80048e38 x28=0x00001000
       85909000	      4193	80005944	ff288f83	lb	x31,-14(x17)	 x17:0x80033a33 x31=0xffffffde PA:0x80033a25 load:0xffffffde
       85929000	      4194	80005948	8c89	c.sub	x9,x10	  x9:0xffffffed x10:0x091c7001  x9=0xf6e38fec
       86069000	      4201	8000594a	ff989e83	lh	x29,-7(x17)	 x17:0x80033a33 x29=0xffffe6e7 PA:0x80033a2c load:0xffffe6e7
       86089000	      4202	8000594e	003b0bb3	add	x23,x22,x3	 x22:0x00d3ec16  x3:0x0000003b x23=0x00d3ec51
       86329000	      4214	80005952	fe688a23	sb	x6,-12(x17)	 x17:0x80033a33  x6:0x98174048 PA:0x80033a27 store:0x98174048 load:0x000000ff
       86349000	      4215	80005956	4e95	c.li	x29,5	 x29=0x00000005
       86369000	      4216	80005958	0d3e	c.slli	x26,0xf	 x26:0x0000368f x26=0x1b478000
       86469000	      4221	8000595a	0098ab83	lw	x23,9(x17)	 x17:0x80033a33 x23=0xf4f5f6f7 PA:0x80033a3c load:0xf4f5f6f7
       87369000	      4266	8000595e	03eb7e33	remu	x28,x22,x30	 x22:0x00d3ec16 x30:0x00d3ec16 x28=0x00000000
       87429000	      4269	80005962	0068cb03	lbu	x22,6(x17)	 x17:0x80033a33 x22=0x000000f2 PA:0x80033a39 load:0x000000f2
       87589000	      4277	80005966	00688503	lb	x10,6(x17)	 x17:0x80033a33 x10=0xfffffff2 PA:0x80033a39 load:0xfffffff2
       87609000	      4278	8000596a	0916	c.slli	x18,0x5	 x18:0x00000000 x18=0x00000000
       87629000	      4279	8000596c	9eb02f13	slti	x30,x0,-1557	  x0:0x00000000 x30=0x00000000
       88049000	      4300	80005970	ff9889a3	sb	x25,-13(x17)	 x17:0x80033a33 x25:0x80040d9d PA:0x80033a26 store:0x80040d9d load:0x000000ff
       88089000	      4302	80005974	031426b3	mulhsu	x13,x8,x17	  x8:0x00000000 x17:0x80033a33 x13=0x00000000
       88249000	      4310	80005978	00a8c483	lbu	x9,10(x17)	 x17:0x80033a33  x9=0x000000f6 PA:0x80033a3d load:0x000000f6
       88449000	      4320	8000597c	ff088c03	lb	x24,-16(x17)	 x17:0x80033a33 x24=0xffffffd8 PA:0x80033a23 load:0xffffffd8
       88529000	      4324	80005980	feb88a23	sb	x11,-12(x17)	 x17:0x80033a33 x11:0xfffffff6 PA:0x80033a27 store:0xfffffff6 load:0x000000ff
       88569000	      4326	80005984	03226c33	rem	x24,x4,x18	  x4:0x00000001 x18:0x00000000 x24=0x00000001
       88649000	      4330	80005988	012886a3	sb	x18,13(x17)	 x17:0x80033a33 x18:0x00000000 PA:0x80033a40 store:0x00000000 load:0x000000ff
       88669000	      4331	8000598c	ff989d83	lh	x27,-7(x17)	 x17:0x80033a33 x27=0xffffe6e7 PA:0x80033a2c load:0xffffe6e7
       88709000	      4333	80005990	00488c03	lb	x24,4(x17)	 x17:0x80033a33 x24=0xffffffec PA:0x80033a37 load:0xffffffec
       88789000	      4337	80005994	003895a3	sh	x3,11(x17)	 x17:0x80033a33  x3:0x0000003b PA:0x80033a3e store:0x0000003b load:0x0000ffff
       89029000	      4349	80005998	00038d97	auipc	x27,0x38	 x27=0x8003d998
       89149000	      4355	8000599c	47cd8d93	addi	x27,x27,1148	 x27:0x8003d998 x27=0x8003de14
       89209000	      4358	800059a0	fcddc083	lbu	x1,-51(x27)	 x27:0x8003de14  x1=0x0000009a PA:0x8003dde1 load:0x0000009a
       89229000	      4359	800059a4	00818533	add	x10,x3,x8	  x3:0x0000003b  x8:0x00000000 x10=0x0000003b
       89629000	      4379	800059a8	fddd8203	lb	x4,-35(x27)	 x27:0x8003de14  x4=0xffffffaa PA:0x8003ddf1 load:0xffffffaa
       89889000	      4392	800059ac	fc4d8ea3	sb	x4,-35(x27)	 x27:0x8003de14  x4:0xffffffaa PA:0x8003ddf1 store:0xffffffaa load:0x000000ff
       89949000	      4395	800059b0	fccd8ea3	sb	x12,-35(x27)	 x27:0x8003de14 x12:0x80048e38 PA:0x8003ddf1 store:0x80048e38 load:0x000000ff
       89969000	      4396	800059b4	fecd9483	lh	x9,-20(x27)	 x27:0x8003de14  x9=0xffffbabb PA:0x8003de00 load:0xffffbabb
       89989000	      4397	800059b8	010d8523	sb	x16,10(x27)	 x27:0x8003de14 x16:0x000007ba PA:0x8003de1e store:0x000007ba load:0x000000ff
       90009000	      4398	800059bc	0001	c.addi	x0,0	  x0:0x00000000  x0=0x00000000
       90049000	      4400	800059be	0314bcb3	mulhu	x25,x9,x17	  x9:0xffffbabb x17:0x80033a33 x25=0x8003178f
       90109000	      4403	800059c2	018dcb83	lbu	x23,24(x27)	 x27:0x8003de14 x23=0x000000e7 PA:0x8003de2c load:0x000000e7
       90529000	      4424	800059c6	018dd303	lhu	x6,24(x27)	 x27:0x8003de14  x6=0x0000e6e7 PA:0x8003de2c load:0x0000e6e7
       90549000	      4425	800059ca	fe5d89a3	sb	x5,-13(x27)	 x27:0x8003de14  x5:0x000000ee PA:0x8003de07 store:0x000000ee load:0x000000ff
       90669000	      4431	800059ce	02cdce03	lbu	x28,44(x27)	 x27:0x8003de14 x28=0x000000fb PA:0x8003de40 load:0x000000fb
       90889000	      4442	800059d2	fdad8323	sb	x26,-58(x27)	 x27:0x8003de14 x26:0x1b478000 PA:0x8003ddda store:0x1b478000 load:0x000000ff
       90909000	      4443	800059d6	00bd8b23	sb	x11,22(x27)	 x27:0x8003de14 x11:0xfffffff6 PA:0x8003de2a store:0xfffffff6 load:0x000000ff
       91009000	      4448	800059da	016d9983	lh	x19,22(x27)	 x27:0x8003de14 x19=0xffffe0f6 PA:0x8003de2a load:0xffffe0f6
       91069000	      4451	800059de	fe5dc003	lbu	x0,-27(x27)	 x27:0x8003de14  x0=0x00000000 PA:0x8003ddf9 load:0x000000b2
       91089000	      4452	800059e2	fc9d8e03	lb	x28,-55(x27)	 x27:0x8003de14 x28=0xffffff96 PA:0x8003dddd load:0xffffff96
       91109000	      4453	800059e6	00035417	auipc	x8,0x35	  x8=0x8003a9e6
       91129000	      4454	800059ea	05940413	addi	x8,x8,89	  x8:0x8003a9e6  x8=0x8003aa3f
       91189000	      4457	800059ee	01240503	lb	x10,18(x8)	  x8:0x8003aa3f x10=0x0000000a PA:0x8003aa51 load:0x0000000a
       91549000	      4475	800059f2	0002ed17	auipc	x26,0x2e	 x26=0x800339f2
       91569000	      4476	800059f6	42ed0d13	addi	x26,x26,1070	 x26:0x800339f2 x26=0x80033e20
       91809000	      4488	800059fa	fd444f83	lbu	x31,-44(x8)	  x8:0x8003aa3f x31=0x000000c8 PA:0x8003aa13 load:0x000000c8
       92149000	      4505	800059fe	00fd4a83	lbu	x21,15(x26)	 x26:0x80033e20 x21=0x000000e4 PA:0x80033e2f load:0x000000e4
       92169000	      4506	80005a02	004d1223	sh	x4,4(x26)	 x26:0x80033e20  x4:0xffffffaa PA:0x80033e24 store:0xffffffaa load:0x0000ffff
       92229000	      4509	80005a06	fc240283	lb	x5,-62(x8)	  x8:0x8003aa3f  x5=0xffffffba PA:0x8003aa01 load:0xffffffba
       92409000	      4518	80005a0a	fffd4e83	lbu	x29,-1(x26)	 x26:0x80033e20 x29=0x000000d4 PA:0x80033e1f load:0x000000d4
       92469000	      4521	80005a0e	fc444f03	lbu	x30,-60(x8)	  x8:0x8003aa3f x30=0x000000b8 PA:0x8003aa03 load:0x000000b8
       92669000	      4531	80005a12	005414a3	sh	x5,9(x8)	  x8:0x8003aa3f  x5:0xffffffba PA:0x8003aa48 store:0xffffffba load:0x0000ffff
       92729000	      4534	80005a16	ff745083	lhu	x1,-9(x8)	  x8:0x8003aa3f  x1=0x0000eced PA:0x8003aa36 load:0x0000eced
       92949000	      4545	80005a1a	fe440903	lb	x18,-28(x8)	  x8:0x8003aa3f x18=0xffffffd8 PA:0x8003aa23 load:0xffffffd8
       93369000	      4566	80005a1e	fd940183	lb	x3,-39(x8)	  x8:0x8003aa3f  x3=0xffffffd3 PA:0x8003aa18 load:0xffffffd3
       93489000	      4572	80005a22	00ed0123	sb	x14,2(x26)	 x26:0x80033e20 x14:0x8004cce4 PA:0x80033e22 store:0x8004cce4 load:0x000000ff
       94029000	      4599	80005a26	ffdd0e83	lb	x29,-3(x26)	 x26:0x80033e20 x29=0xffffffd6 PA:0x80033e1d load:0xffffffd6
       94169000	      4606	80005a2a	00840a83	lb	x21,8(x8)	  x8:0x8003aa3f x21=0xfffffffc PA:0x8003aa47 load:0xfffffffc
       94189000	      4607	80005a2e	0003ee97	auipc	x29,0x3e	 x29=0x80043a2e
       94209000	      4608	80005a32	eb4e8e93	addi	x29,x29,-332	 x29:0x80043a2e x29=0x800438e2
       94229000	      4609	80005a36	5d7d	c.li	x26,-1	 x26=0xffffffff
       94429000	      4619	80005a38	f8be87a3	sb	x11,-113(x29)	 x29:0x800438e2 x11:0xfffffff6 PA:0x80043871 store:0xfffffff6 load:0x000000ff
       94689000	      4632	80005a3c	f3ae8323	sb	x26,-218(x29)	 x29:0x800438e2 x26:0xffffffff PA:0x80043808 store:0xffffffff load:0x000000ff
       94709000	      4633	80005a40	fbfec083	lbu	x1,-65(x29)	 x29:0x800438e2  x1=0x0000005a PA:0x800438a1 load:0x0000005a
       94729000	      4634	80005a44	780ccb93	xori	x23,x25,1920	 x25:0x8003178f x23=0x8003100f
       94749000	      4635	80005a48	8d81	c.sub	x11,x8	 x11:0xfffffff6  x8:0x8003aa3f x11=0x7ffc55b7
       95169000	      4656	80005a4a	fd6ecb83	lbu	x23,-42(x29)	 x29:0x800438e2 x23=0x00000073 PA:0x800438b8 load:0x00000073
       95229000	      4659	80005a4e	0d5eca83	lbu	x21,213(x29)	 x29:0x800438e2 x21=0x0000006c PA:0x800439b7 load:0x0000006c
       95249000	      4660	80005a52	0a9e8b03	lb	x22,169(x29)	 x29:0x800438e2 x22=0x00000040 PA:0x8004398b load:0x00000040
       95509000	      4673	80005a56	fb7e8523	sb	x23,-86(x29)	 x29:0x800438e2 x23:0x00000073 PA:0x8004388c store:0x00000073 load:0x000000ff
       95969000	      4696	80005a5a	011ecf83	lbu	x31,17(x29)	 x29:0x800438e2 x31=0x000000a8 PA:0x800438f3 load:0x000000a8
       95989000	      4697	80005a5e	5f258317	auipc	x6,0x5f258	  x6=0xdf25da5e
       96009000	      4698	80005a62	929c3593	sltiu	x11,x24,-1751	 x24:0xffffffec x11=0x00000000
       96209000	      4708	80005a66	069ecd83	lbu	x27,105(x29)	 x29:0x800438e2 x27=0x00000000 PA:0x8004394b load:0x00000000
       96269000	      4711	80005a6a	0f2e8803	lb	x16,242(x29)	 x29:0x800438e2 x16=0xffffff8f PA:0x800439d4 load:0xffffff8f
       96309000	      4713	80005a6e	039e97b3	mulh	x15,x29,x25	 x29:0x800438e2 x25:0x8003178f x15=0x3ffc57d4
       96329000	      4714	80005a72	8886	c.mv	x17,x1	  x0:0x00000000  x1:0x0000005a x17=0x0000005a
       96389000	      4717	80005a74	f13eca83	lbu	x21,-237(x29)	 x29:0x800438e2 x21=0x000000ae PA:0x800437f5 load:0x000000ae
       96409000	      4718	80005a78	b9b63093	sltiu	x1,x12,-1125	 x12:0x80048e38  x1=0x00000001
       96429000	      4719	80005a7c	0199d413	srli	x8,x19,0x19	 x19:0xffffe0f6  x8=0x0000007f
       96449000	      4720	80005a80	04022c13	slti	x24,x4,64	  x4:0xffffffaa x24=0x00000001
       96709000	      4733	80005a84	f31e8d83	lb	x27,-207(x29)	 x29:0x800438e2 x27=0xffffffc8 PA:0x80043813 load:0xffffffc8
       96729000	      4734	80005a88	62cd	c.lui	x5,0x13	  x5=0x00013000
       96929000	      4744	80005a8a	fe9ec783	lbu	x15,-23(x29)	 x29:0x800438e2 x15=0x00000080 PA:0x800438cb load:0x00000080
       96949000	      4745	80005a8e	0001	c.addi	x0,0	  x0:0x00000000  x0=0x00000000
       96969000	      4746	80005a90	8efd	c.and	x13,x15	 x13:0x00000000 x15:0x00000080 x13=0x00000000
       97229000	      4759	80005a92	01be89a3	sb	x27,19(x29)	 x29:0x800438e2 x27:0xffffffc8 PA:0x800438f5 store:0xffffffc8 load:0x000000ff
       97249000	      4760	80005a96	86b5	c.srai	x13,0xd	 x13:0x00000000 x13=0x00000000
       97329000	      4764	80005a98	3f3c3b97	auipc	x23,0x3f3c3	 x23=0xbf3c8a98
       97489000	      4772	80005a9c	6d2cfe13	andi	x28,x25,1746	 x25:0x8003178f x28=0x00000682
       97549000	      4775	80005aa0	0a6e8aa3	sb	x6,181(x29)	 x29:0x800438e2  x6:0xdf25da5e PA:0x80043997 store:0xdf25da5e load:0x000000ff
       97569000	      4776	80005aa4	01385813	srli	x16,x16,0x13	 x16:0xffffff8f x16=0x00001fff
       97589000	      4777	80005aa8	fdccf813	andi	x16,x25,-36	 x25:0x8003178f x16=0x8003178c
       97649000	      4780	80005aac	093e9c23	sh	x19,152(x29)	 x29:0x800438e2 x19:0xffffe0f6 PA:0x8004397a store:0xffffe0f6 load:0x0000ffff
       97669000	      4781	80005ab0	0d4e8b03	lb	x22,212(x29)	 x29:0x800438e2 x22=0x0000006d PA:0x800439b6 load:0x0000006d
       97749000	      4785	80005ab4	1a7d	c.addi	x20,-1	 x20:0x80034a9a x20=0x80034a99
       97769000	      4786	80005ab6	8d59	c.or	x10,x14	 x10:0x0000000a x14:0x8004cce4 x10=0x8004ccee
       97869000	      4791	80005ab8	f9fec983	lbu	x19,-97(x29)	 x29:0x800438e2 x19=0x0000003a PA:0x80043881 load:0x0000003a
       97989000	      4797	80005abc	096eaf23	sw	x22,158(x29)	 x29:0x800438e2 x22:0x0000006d PA:0x80043980 store:0x0000006d load:0xffffffff
       98009000	      4798	80005ac0	01fce033	or	x0,x25,x31	 x25:0x8003178f x31:0x000000a8  x0=0x00000000
       98389000	      4817	80005ac4	07d5	c.addi	x15,21	 x15:0x00000080 x15=0x00000095
       98549000	      4825	80005ac6	0a4ed783	lhu	x15,164(x29)	 x29:0x800438e2 x15=0x00003c3d PA:0x80043986 load:0x00003c3d
       98789000	      4837	80005aca	f37e8d03	lb	x26,-201(x29)	 x29:0x800438e2 x26=0xffffffd2 PA:0x80043819 load:0xffffffd2
       98809000	      4838	80005ace	01964233	xor	x4,x12,x25	 x12:0x80048e38 x25:0x8003178f  x4=0x000799b7
       99309000	      4863	80005ad2	f8cedc83	lhu	x25,-116(x29)	 x29:0x800438e2 x25=0x00002425 PA:0x8004386e load:0x00002425
       99349000	      4865	80005ad6	01dcdb13	srli	x22,x25,0x1d	 x25:0x00002425 x22=0x00000000
       99409000	      4868	80005ada	ff9e8c23	sb	x25,-8(x29)	 x29:0x800438e2 x25:0x00002425 PA:0x800438da store:0x00002425 load:0x000000ff
       99429000	      4869	80005ade	e375bc97	auipc	x25,0xe375b	 x25=0x63760ade
       99469000	      4871	80005ae2	037d3833	mulhu	x16,x26,x23	 x26:0xffffffd2 x23:0xbf3c8a98 x16=0xbf3c8a75
       99609000	      4878	80005ae6	0a6eaa83	lw	x21,166(x29)	 x29:0x800438e2 x21=0x40414243 PA:0x80043988 load:0x40414243
       99769000	      4886	80005aea	f9bec783	lbu	x15,-101(x29)	 x29:0x800438e2 x15=0x00000036 PA:0x8004387d load:0x00000036
       99789000	      4887	80005aee	41a75f93	srai	x31,x14,0x1a	 x14:0x8004cce4 x31=0xffffffe0
      100249000	      4910	80005af2	07fe8083	lb	x1,127(x29)	 x29:0x800438e2  x1=0x0000001a PA:0x80043961 load:0x0000001a
      100269000	      4911	80005af6	8385	c.srli	x15,0x1	 x15:0x00000036 x15=0x0000001b
      100429000	      4919	80005af8	8115	c.srli	x10,0x5	 x10:0x8004ccee x10=0x04002667
      100449000	      4920	80005afa	41b1d9b3	sra	x19,x3,x27	  x3:0xffffffd3 x27:0xffffffc8 x19=0xffffffff
      100669000	      4931	80005afe	f98e8783	lb	x15,-104(x29)	 x29:0x800438e2 x15=0x00000031 PA:0x8004387a load:0x00000031
      100689000	      4932	80005b02	0003a997	auipc	x19,0x3a	 x19=0x8003fb02
      100769000	      4936	80005b06	82b98993	addi	x19,x19,-2005	 x19:0x8003fb02 x19=0x8003f32d
      101249000	      4960	80005b0a	9c098b83	lb	x23,-1600(x19)	 x19:0x8003f32d x23=0xffffffa6 PA:0x8003eced load:0xffffffa6
      101709000	      4983	80005b0e	9ce98023	sb	x14,-1600(x19)	 x19:0x8003f32d x14:0x8004cce4 PA:0x8003eced store:0x8004cce4 load:0x000000ff
      101909000	      4993	80005b12	9c098b03	lb	x22,-1600(x19)	 x19:0x8003f32d x22=0xffffffe4 PA:0x8003eced load:0xffffffe4
      101929000	      4994	80005b16	b7790893	addi	x17,x18,-1161	 x18:0xffffffd8 x17=0xfffffb4f
      102849000	      5040	80005b1a	030ee333	rem	x6,x29,x16	 x29:0x800438e2 x16:0xbf3c8a75  x6=0xc0c7ae6d
      102869000	      5041	80005b1e	e9e10093	addi	x1,x2,-354	  x2:0xf5e39895  x1=0xf5e39733
      103469000	      5071	80005b22	9c098083	lb	x1,-1600(x19)	 x19:0x8003f32d  x1=0xffffffe4 PA:0x8003eced load:0xffffffe4
      103529000	      5074	80005b26	162994a3	sh	x2,361(x19)	 x19:0x8003f32d  x2:0xf5e39895 PA:0x8003f496 store:0xf5e39895 load:0x0000ffff
      103549000	      5075	80005b2a	940a	c.add	x8,x2	  x8:0x0000007f  x2:0xf5e39895  x8=0xf5e39914
      103769000	      5086	80005b2c	1699d883	lhu	x17,361(x19)	 x19:0x8003f32d x17=0x00009895 PA:0x8003f496 load:0x00009895
      103829000	      5089	80005b30	16a984a3	sb	x10,361(x19)	 x19:0x8003f32d x10:0x04002667 PA:0x8003f496 store:0x04002667 load:0x000000ff
      103949000	      5095	80005b34	16999b03	lh	x22,361(x19)	 x19:0x8003f32d x22=0xffff9867 PA:0x8003f496 load:0xffff9867
      103969000	      5096	80005b38	8c8d	c.sub	x9,x11	  x9:0xffffbabb x11:0x00000000  x9=0xffffbabb
      103989000	      5097	80005b3a	041e	c.slli	x8,0x7	  x8:0xf5e39914  x8=0xf1cc8a00
      104729000	      5134	80005b3c	037d6fb3	rem	x31,x26,x23	 x26:0xffffffd2 x23:0xffffffa6 x31=0xffffffd2
      104989000	      5147	80005b40	b3498283	lb	x5,-1228(x19)	 x19:0x8003f32d  x5=0x0000001a PA:0x8003ee61 load:0x0000001a
      105409000	      5168	80005b44	7ff9a203	lw	x4,2047(x19)	 x19:0x8003f32d  x4=0xe4e5e6e7 PA:0x8003fb2c load:0xe4e5e6e7
      105669000	      5181	80005b48	f4399a03	lh	x20,-189(x19)	 x19:0x8003f32d x20=0x00002a2b PA:0x8003f270 load:0x00002a2b
      105689000	      5182	80005b4c	f45991a3	sh	x5,-189(x19)	 x19:0x8003f32d  x5:0x0000001a PA:0x8003f270 store:0x0000001a load:0x0000ffff
      105849000	      5190	80005b50	f439a903	lw	x18,-189(x19)	 x19:0x8003f32d x18=0x2829001a PA:0x8003f270 load:0x2829001a
      105869000	      5191	80005b54	0002ed17	auipc	x26,0x2e	 x26=0x80033b54
      105889000	      5192	80005b58	5d3d0d13	addi	x26,x26,1491	 x26:0x80033b54 x26=0x80034127
      105909000	      5193	80005b5c	0002e317	auipc	x6,0x2e	  x6=0x80033b5c
      106209000	      5208	80005b60	e2a30313	addi	x6,x6,-470	  x6:0x80033b5c  x6=0x80033986
      106329000	      5214	80005b64	69dd5e03	lhu	x28,1693(x26)	 x26:0x80034127 x28=0x00007e7f PA:0x800347c4 load:0x00007e7f
      106389000	      5217	80005b68	f0b30b03	lb	x22,-245(x6)	  x6:0x80033986 x22=0x0000004a PA:0x80033891 load:0x0000004a
      106449000	      5220	80005b6c	599d1d83	lh	x27,1433(x26)	 x26:0x80034127 x27=0x00007a7b PA:0x800346c0 load:0x00007a7b
      106909000	      5243	80005b70	741d5583	lhu	x11,1857(x26)	 x26:0x80034127 x11=0x00002223 PA:0x80034868 load:0x00002223
      106969000	      5246	80005b74	07230ea3	sb	x18,125(x6)	  x6:0x80033986 x18:0x2829001a PA:0x80033a03 store:0x2829001a load:0x000000ff
      107029000	      5249	80005b78	0bdd1c83	lh	x25,189(x26)	 x26:0x80034127 x25=0xffff9e9f PA:0x800341e4 load:0xffff9e9f
      107329000	      5264	80005b7c	a1e303a3	sb	x30,-1529(x6)	  x6:0x80033986 x30:0x000000b8 PA:0x8003338d store:0x000000b8 load:0x000000ff
      107389000	      5267	80005b80	1f9d1da3	sh	x25,507(x26)	 x26:0x80034127 x25:0xffff9e9f PA:0x80034322 store:0xffff9e9f load:0x0000ffff
      107409000	      5268	80005b84	e6c31a23	sh	x12,-396(x6)	  x6:0x80033986 x12:0x80048e38 PA:0x800337fa store:0x80048e38 load:0x0000ffff
      107829000	      5289	80005b88	0a4d0a83	lb	x21,164(x26)	 x26:0x80034127 x21=0xffffff80 PA:0x800341cb load:0xffffff80
      108169000	      5306	80005b8c	4d130803	lb	x16,1233(x6)	  x6:0x80033986 x16=0x0000000c PA:0x80033e57 load:0x0000000c
      108689000	      5332	80005b90	446d4b03	lbu	x22,1094(x26)	 x26:0x80034127 x22=0x00000026 PA:0x8003456d load:0x00000026
      108729000	      5334	80005b94	ac530903	lb	x18,-1339(x6)	  x6:0x80033986 x18=0x00000000 PA:0x8003344b load:0x00000000
      108789000	      5337	80005b98	418d0b83	lb	x23,1048(x26)	 x26:0x80034127 x23=0xfffffff4 PA:0x8003453f load:0xfffffff4
      108969000	      5346	80005b9c	f0831b83	lh	x23,-248(x6)	  x6:0x80033986 x23=0x00004445 PA:0x8003388e load:0x00004445
      109029000	      5349	80005ba0	fa6d1ba3	sh	x6,-73(x26)	 x26:0x80034127  x6:0x80033986 PA:0x800340de store:0x80033986 load:0x0000ffff
      109049000	      5350	80005ba4	1cdd5783	lhu	x15,461(x26)	 x26:0x80034127 x15=0x0000aeaf PA:0x800342f4 load:0x0000aeaf
      109069000	      5351	80005ba8	dab31423	sh	x11,-600(x6)	  x6:0x80033986 x11:0x00002223 PA:0x8003372e store:0x00002223 load:0x0000ffff
      109089000	      5352	80005bac	0002e697	auipc	x13,0x2e	 x13=0x80033bac
      109229000	      5359	80005bb0	37068693	addi	x13,x13,880	 x13:0x80033bac x13=0x80033f1c
      109689000	      5382	80005bb4	0246dd03	lhu	x26,36(x13)	 x13:0x80033f1c x26=0x0000fafb PA:0x80033f40 load:0x0000fafb
      109709000	      5383	80005bb8	0003c217	auipc	x4,0x3c	  x4=0x80041bb8
      110089000	      5402	80005bbc	c4720213	addi	x4,x4,-953	  x4:0x80041bb8  x4=0x800417ff
      110149000	      5405	80005bc0	00620ca3	sb	x6,25(x4)	  x4:0x800417ff  x6:0x80033986 PA:0x80041818 store:0x80033986 load:0x000000ff
      110789000	      5437	80005bc4	fd168803	lb	x16,-47(x13)	 x13:0x80033f1c x16=0xffffffa6 PA:0x80033eed load:0xffffffa6
      110949000	      5445	80005bc8	fca686a3	sb	x10,-51(x13)	 x13:0x80033f1c x10:0x04002667 PA:0x80033ee9 store:0x04002667 load:0x000000ff
      110969000	      5446	80005bcc	00e211a3	sh	x14,3(x4)	  x4:0x800417ff x14:0x8004cce4 PA:0x80041802 store:0x8004cce4 load:0x0000ffff
      111329000	      5464	80005bd0	00125b83	lhu	x23,1(x4)	  x4:0x800417ff x23=0x0000babb PA:0x80041800 load:0x0000babb
      111469000	      5471	80005bd4	00020783	lb	x15,0(x4)	  x4:0x800417ff x15=0xffffffb4 PA:0x800417ff load:0xffffffb4
      111669000	      5481	80005bd8	fc968e83	lb	x29,-55(x13)	 x13:0x80033f1c x29=0xffffff9e PA:0x80033ee5 load:0xffffff9e
      111829000	      5489	80005bdc	feb68e83	lb	x29,-21(x13)	 x13:0x80033f1c x29=0xffffffbc PA:0x80033f07 load:0xffffffbc
      111909000	      5493	80005be0	02725c03	lhu	x24,39(x4)	  x4:0x800417ff x24=0x0000dcdd PA:0x80041826 load:0x0000dcdd
      111949000	      5495	80005be4	01820f23	sb	x24,30(x4)	  x4:0x800417ff x24:0x0000dcdd PA:0x8004181d store:0x0000dcdd load:0x000000ff
      112049000	      5500	80005be8	03b24303	lbu	x6,59(x4)	  x4:0x800417ff  x6=0x000000f1 PA:0x8004183a load:0x000000f1
      112449000	      5520	80005bec	fc020fa3	sb	x0,-33(x4)	  x4:0x800417ff  x0:0x00000000 PA:0x800417de store:0x00000000 load:0x000000ff
      112509000	      5523	80005bf0	fd16c003	lbu	x0,-47(x13)	 x13:0x80033f1c  x0=0x00000000 PA:0x80033eed load:0x000000a6
      112929000	      5544	80005bf4	fdc68a83	lb	x21,-36(x13)	 x13:0x80033f1c x21=0xffffffb3 PA:0x80033ef8 load:0xffffffb3
      112989000	      5547	80005bf8	fed22ea3	sw	x13,-3(x4)	  x4:0x800417ff x13:0x80033f1c PA:0x800417fc store:0x80033f1c load:0xffffffff
      113009000	      5548	80005bfc	0002e997	auipc	x19,0x2e	 x19=0x80033bfc
      113029000	      5549	80005c00	42398993	addi	x19,x19,1059	 x19:0x80033bfc x19=0x8003401f
      113769000	      5586	80005c04	02c55233	divu	x4,x10,x12	 x10:0x04002667 x12:0x80048e38  x4=0x00000000
      113789000	      5587	80005c08	585fe6b7	lui	x13,0x585fe	 x13=0x585fe000
      113809000	      5588	80005c0c	81e5	c.srli	x11,0x19	 x11:0x00002223 x11=0x00000000
      114109000	      5603	80005c0e	ffd9a4a3	sw	x29,-23(x19)	 x19:0x8003401f x29:0xffffffbc PA:0x80034008 store:0xffffffbc load:0xffffffff
      114149000	      5605	80005c12	03eba433	mulhsu	x8,x23,x30	 x23:0x0000babb x30:0x000000b8  x8=0x00000000
      114229000	      5609	80005c16	02098203	lb	x4,32(x19)	 x19:0x8003401f  x4=0xfffffff4 PA:0x8003403f load:0xfffffff4
      114249000	      5610	80005c1a	01435293	srli	x5,x6,0x14	  x6:0x000000f1  x5=0x00000000
      114309000	      5613	80005c1e	fdf98723	sb	x31,-50(x19)	 x19:0x8003401f x31:0xffffffd2 PA:0x80033fed store:0xffffffd2 load:0x000000ff
      114329000	      5614	80005c22	8555	c.srai	x10,0x15	 x10:0x04002667 x10=0x00000020
      114349000	      5615	80005c24	95b2	c.add	x11,x12	 x11:0x00000000 x12:0x80048e38 x11=0x80048e38
      114369000	      5616	80005c26	84cd	c.srai	x9,0x13	  x9:0xffffbabb  x9=0xffffffff
      114389000	      5617	80005c28	77b0f313	andi	x6,x1,1915	  x1:0xffffffe4  x6=0x00000760
      114449000	      5620	80005c2c	fe79db83	lhu	x23,-25(x19)	 x19:0x8003401f x23=0x0000bcbd PA:0x80034006 load:0x0000bcbd
      114709000	      5633	80005c30	02098f83	lb	x31,32(x19)	 x19:0x8003401f x31=0xfffffff4 PA:0x8003403f load:0xfffffff4
      114729000	      5634	80005c34	011725b3	slt	x11,x14,x17	 x14:0x8004cce4 x17:0x00009895 x11=0x00000001
      114829000	      5639	80005c38	0099d883	lhu	x17,9(x19)	 x19:0x8003401f x17=0x0000e2e3 PA:0x80034028 load:0x0000e2e3
      115049000	      5650	80005c3c	02398e03	lb	x28,35(x19)	 x19:0x8003401f x28=0xfffffff9 PA:0x80034042 load:0xfffffff9
      115089000	      5652	80005c40	00098c03	lb	x24,0(x19)	 x19:0x8003401f x24=0xffffffd4 PA:0x8003401f load:0xffffffd4
      115129000	      5654	80005c44	fc7986a3	sb	x7,-51(x19)	 x19:0x8003401f  x7:0xffffffff PA:0x80033fec store:0xffffffff load:0x000000ff
      115529000	      5674	80005c48	0289cd03	lbu	x26,40(x19)	 x19:0x8003401f x26=0x000000fc PA:0x80034047 load:0x000000fc
      115549000	      5675	80005c4c	025a	c.slli	x4,0x16	  x4:0xfffffff4  x4=0xfd000000
      115629000	      5679	80005c4e	03298223	sb	x18,36(x19)	 x19:0x8003401f x18:0x00000000 PA:0x80034043 store:0x00000000 load:0x000000ff
      115649000	      5680	80005c52	005240b3	xor	x1,x4,x5	  x4:0xfd000000  x5:0x00000000  x1=0xfd000000
      115669000	      5681	80005c56	004617b3	sll	x15,x12,x4	 x12:0x80048e38  x4:0xfd000000 x15=0x80048e38
      116809000	      5738	80005c5a	030252b3	divu	x5,x4,x16	  x4:0xfd000000 x16:0xffffffa6  x5=0x00000000
      116869000	      5741	80005c5e	01a998a3	sh	x26,17(x19)	 x19:0x8003401f x26:0x000000fc PA:0x80034030 store:0x000000fc load:0x0000ffff
      117089000	      5752	80005c62	01e98223	sb	x30,4(x19)	 x19:0x8003401f x30:0x000000b8 PA:0x80034023 store:0x000000b8 load:0x000000ff
      117109000	      5753	80005c66	01321033	sll	x0,x4,x19	  x4:0xfd000000 x19:0x8003401f  x0=0x00000000
      117149000	      5755	80005c6a	037c1d33	mulh	x26,x24,x23	 x24:0xffffffd4 x23:0x0000bcbd x26=0xffffffff
      117209000	      5758	80005c6e	fcb9c183	lbu	x3,-53(x19)	 x19:0x8003401f  x3=0x000000a1 PA:0x80033fea load:0x000000a1
      117629000	      5779	80005c72	ff99a803	lw	x16,-7(x19)	 x19:0x8003401f x16=0xd0d1d2d3 PA:0x80034018 load:0xd0d1d2d3
      117649000	      5780	80005c76	98ae	c.add	x17,x11	 x17:0x0000e2e3 x11:0x00000001 x17=0x0000e2e4
      117789000	      5787	80005c78	0219c503	lbu	x10,33(x19)	 x19:0x8003401f x10=0x000000fb PA:0x80034040 load:0x000000fb
      117909000	      5793	80005c7c	00e9c383	lbu	x7,14(x19)	 x19:0x8003401f  x7=0x000000e6 PA:0x8003402d load:0x000000e6
      117969000	      5796	80005c80	fd399a03	lh	x20,-45(x19)	 x19:0x8003401f x20=0xffffa8a9 PA:0x80033ff2 load:0xffffa8a9
      117989000	      5797	80005c84	8f5e	c.mv	x30,x23	  x0:0x00000000 x23:0x0000bcbd x30=0x0000bcbd
      118029000	      5799	80005c86	03e49533	mulh	x10,x9,x30	  x9:0xffffffff x30:0x0000bcbd x10=0xffffffff
      118049000	      5800	80005c8a	8ea1	c.xor	x13,x8	 x13:0x585fe000  x8:0x00000000 x13=0x585fe000
      118089000	      5802	80005c8c	0202dbb3	divu	x23,x5,x0	  x5:0x00000000  x0:0x00000000 x23=0xffffffff
      118469000	      5821	80005c90	fdf9d183	lhu	x3,-33(x19)	 x19:0x8003401f  x3=0x0000b4b5 PA:0x80033ffe load:0x0000b4b5
      118529000	      5824	80005c94	01a99aa3	sh	x26,21(x19)	 x19:0x8003401f x26:0xffffffff PA:0x80034034 store:0xffffffff load:0x0000ffff
      118729000	      5834	80005c98	fcb99383	lh	x7,-53(x19)	 x19:0x8003401f  x7=0xffffa0a1 PA:0x80033fea load:0xffffa0a1
      118749000	      5835	80005c9c	8529	c.srai	x10,0xa	 x10:0xffffffff x10=0xffffffff
      119529000	      5874	80005c9e	022ddd33	divu	x26,x27,x2	 x27:0x00007a7b  x2:0xf5e39895 x26=0x00000000
      119549000	      5875	80005ca2	0ff0000f	fence	iorw,iorw	
      119889000	      5892	80005ca6	fc598123	sb	x5,-62(x19)	 x19:0x8003401f  x5:0x00000000 PA:0x80033fe1 store:0x00000000 load:0x000000ff
      119909000	      5893	80005caa	00821793	slli	x15,x4,0x8	  x4:0xfd000000 x15=0x00000000
      119929000	      5894	80005cae	00b78233	add	x4,x15,x11	 x15:0x00000000 x11:0x00000001  x4=0x00000001
      120369000	      5916	80005cb2	01c9c903	lbu	x18,28(x19)	 x19:0x8003401f x18=0x000000f0 PA:0x8003403b load:0x000000f0
      120389000	      5917	80005cb6	018a1e13	slli	x28,x20,0x18	 x20:0xffffa8a9 x28=0xa9000000
      120849000	      5940	80005cba	fd298083	lb	x1,-46(x19)	 x19:0x8003401f  x1=0xffffffaa PA:0x80033ff1 load:0xffffffaa
      120869000	      5941	80005cbe	0003e217	auipc	x4,0x3e	  x4=0x80043cbe
      120889000	      5942	80005cc2	33f20213	addi	x4,x4,831	  x4:0x80043cbe  x4=0x80043ffd
      120909000	      5943	80005cc6	6efd	c.lui	x29,0x1f	 x29=0x0001f000
      120929000	      5944	80005cc8	031e87b3	mul	x15,x29,x17	 x29:0x0001f000 x17:0x0000e2e4 x15=0xb799c000
      120949000	      5945	80005ccc	0ff0000f	fence	iorw,iorw	
      121149000	      5955	80005cd0	03420923	sb	x20,50(x4)	  x4:0x80043ffd x20:0xffffa8a9 PA:0x8004402f store:0xffffa8a9 load:0x000000ff
      121509000	      5973	80005cd4	fea212a3	sh	x10,-27(x4)	  x4:0x80043ffd x10:0xffffffff PA:0x80043fe2 store:0xffffffff load:0x0000ffff
      121529000	      5974	80005cd8	8ae1	c.andi	x13,24	 x13:0x585fe000 x13=0x00000000
      121789000	      5987	80005cda	02624303	lbu	x6,38(x4)	  x4:0x80043ffd  x6=0x000000d8 PA:0x80044023 load:0x000000d8
      121809000	      5988	80005cde	fbc67413	andi	x8,x12,-68	 x12:0x80048e38  x8=0x80048e38
      122229000	      6009	80005ce2	ff820e03	lb	x28,-8(x4)	  x4:0x80043ffd x28=0xffffffae PA:0x80043ff5 load:0xffffffae
      122249000	      6010	80005ce6	01a934b3	sltu	x9,x18,x26	 x18:0x000000f0 x26:0x00000000  x9=0x00000000
      122269000	      6011	80005cea	00e24683	lbu	x13,14(x4)	  x4:0x80043ffd x13=0x000000c0 PA:0x8004400b load:0x000000c0
      122509000	      6023	80005cee	039221a3	sw	x25,35(x4)	  x4:0x80043ffd x25:0xffff9e9f PA:0x80044020 store:0xffff9e9f load:0xffffffff
      122649000	      6030	80005cf2	40d85033	sra	x0,x16,x13	 x16:0xd0d1d2d3 x13:0x000000c0  x0=0x00000000
      122669000	      6031	80005cf6	ff620fa3	sb	x22,-1(x4)	  x4:0x80043ffd x22:0x00000026 PA:0x80043ffc store:0x00000026 load:0x000000ff
      122789000	      6037	80005cfa	00121383	lh	x7,1(x4)	  x4:0x80043ffd  x7=0xffffb4b5 PA:0x80043ffe load:0xffffb4b5
      122809000	      6038	80005cfe	987d	c.andi	x8,-1	  x8:0x80048e38  x8=0x80048e38
      122829000	      6039	80005d00	01daa0b3	slt	x1,x21,x29	 x21:0xffffffb3 x29:0x0001f000  x1=0x00000001
      123329000	      6064	80005d04	fd620a23	sb	x22,-44(x4)	  x4:0x80043ffd x22:0x00000026 PA:0x80043fd1 store:0x00000026 load:0x000000ff
      123349000	      6065	80005d08	01e74bb3	xor	x23,x14,x30	 x14:0x8004cce4 x30:0x0000bcbd x23=0x80047059
      123589000	      6077	80005d0c	026ca5b3	mulhsu	x11,x25,x6	 x25:0xffff9e9f  x6:0x000000d8 x11=0xffffffff
      123689000	      6082	80005d10	fd9225a3	sw	x25,-53(x4)	  x4:0x80043ffd x25:0xffff9e9f PA:0x80043fc8 store:0xffff9e9f load:0xffffffff
      123749000	      6085	80005d14	02224f03	lbu	x30,34(x4)	  x4:0x80043ffd x30=0x000000d4 PA:0x8004401f load:0x000000d4
      123789000	      6087	80005d18	02c7bd33	mulhu	x26,x15,x12	 x15:0xb799c000 x12:0x80048e38 x26=0x5bd02466
      123809000	      6088	80005d1c	016885b3	add	x11,x17,x22	 x17:0x0000e2e4 x22:0x00000026 x11=0x0000e30a
      123829000	      6089	80005d20	404b5a93	srai	x21,x22,0x4	 x22:0x00000026 x21=0x00000002
      124429000	      6119	80005d24	fd424183	lbu	x3,-44(x4)	  x4:0x80043ffd  x3=0x00000026 PA:0x80043fd1 load:0x00000026
      124449000	      6120	80005d28	8dad	c.xor	x11,x11	 x11:0x0000e30a x11:0x0000e30a x11=0x00000000
      124469000	      6121	80005d2a	fc6c0993	addi	x19,x24,-58	 x24:0xffffffd4 x19=0xffffff9a
      124689000	      6132	80005d2e	03624683	lbu	x13,54(x4)	  x4:0x80043ffd x13=0x000000e8 PA:0x80044033 load:0x000000e8
      125149000	      6155	80005d32	01621fa3	sh	x22,31(x4)	  x4:0x80043ffd x22:0x00000026 PA:0x8004401c store:0x00000026 load:0x0000ffff
      125369000	      6166	80005d36	ffd20f23	sb	x29,-2(x4)	  x4:0x80043ffd x29:0x0001f000 PA:0x80043ffb store:0x0001f000 load:0x000000ff
      125589000	      6177	80005d3a	fec20183	lb	x3,-20(x4)	  x4:0x80043ffd  x3=0xffffffa2 PA:0x80043fe9 load:0xffffffa2
      125609000	      6178	80005d3e	00620b83	lb	x23,6(x4)	  x4:0x80043ffd x23=0xffffffb8 PA:0x80044003 load:0xffffffb8
      125949000	      6195	80005d42	02820983	lb	x19,40(x4)	  x4:0x80043ffd x19=0xffffffde PA:0x80044025 load:0xffffffde
      125969000	      6196	80005d46	0128d333	srl	x6,x17,x18	 x17:0x0000e2e4 x18:0x000000f0  x6=0x00000000
      125989000	      6197	80005d4a	bebcb597	auipc	x11,0xbebcb	 x11=0x3ebd0d4a
      126009000	      6198	80005d4e	66e81297	auipc	x5,0x66e81	  x5=0xe6e86d4e
      126069000	      6201	80005d52	001203a3	sb	x1,7(x4)	  x4:0x80043ffd  x1:0x00000001 PA:0x80044004 store:0x00000001 load:0x000000ff
      126129000	      6204	80005d56	00e81a13	slli	x20,x16,0xe	 x16:0xd0d1d2d3 x20=0x74b4c000
      126209000	      6208	80005d5a	02024d83	lbu	x27,32(x4)	  x4:0x80043ffd x27=0x00000000 PA:0x8004401d load:0x00000000
      126769000	      6236	80005d5e	00924c03	lbu	x24,9(x4)	  x4:0x80043ffd x24=0x000000bd PA:0x80044006 load:0x000000bd
      126829000	      6239	80005d62	fd525c03	lhu	x24,-43(x4)	  x4:0x80043ffd x24=0x00008889 PA:0x80043fd2 load:0x00008889
      126849000	      6240	80005d66	9ee22813	slti	x16,x4,-1554	  x4:0x80043ffd x16=0x00000001
      126869000	      6241	80005d6a	0001	c.addi	x0,0	  x0:0x00000000  x0=0x00000000
      126889000	      6242	80005d6c	0001	c.addi	x0,0	  x0:0x00000000  x0=0x00000000
      126949000	      6245	80005d6e	00120da3	sb	x1,27(x4)	  x4:0x80043ffd  x1:0x00000001 PA:0x80044018 store:0x00000001 load:0x000000ff
      126969000	      6246	80005d72	0098e833	or	x16,x17,x9	 x17:0x0000e2e4  x9:0x00000000 x16=0x0000e2e4
      126989000	      6247	80005d76	00024383	lbu	x7,0(x4)	  x4:0x80043ffd  x7=0x000000b6 PA:0x80043ffd load:0x000000b6
      127209000	      6258	80005d7a	fdf22b83	lw	x23,-33(x4)	  x4:0x80043ffd x23=0x94959697 PA:0x80043fdc load:0x94959697
      127229000	      6259	80005d7e	8c91	c.sub	x9,x12	  x9:0x00000000 x12:0x80048e38  x9=0x7ffb71c8
      127389000	      6267	80005d80	03524f83	lbu	x31,53(x4)	  x4:0x80043ffd x31=0x000000e9 PA:0x80044032 load:0x000000e9
      127589000	      6277	80005d84	fd920a23	sb	x25,-44(x4)	  x4:0x80043ffd x25:0xffff9e9f PA:0x80043fd1 store:0xffff9e9f load:0x000000ff
      127749000	      6285	80005d88	0000100f	fence.i	
      128529000	      6324	80005d8c	0ff0000f	fence	iorw,iorw	
      129189000	      6357	80005d90	ff121383	lh	x7,-15(x4)	  x4:0x80043ffd  x7=0xffffa4a5 PA:0x80043fee load:0xffffa4a5
      129209000	      6358	80005d94	0002ed97	auipc	x27,0x2e	 x27=0x80033d94
      129229000	      6359	80005d98	2b4d8d93	addi	x27,x27,692	 x27:0x80033d94 x27=0x80034048
      129249000	      6360	80005d9c	43a739b7	lui	x19,0x43a73	 x19=0x43a73000
      129409000	      6368	80005da0	9dce	c.add	x27,x19	 x27:0x80034048 x19:0x43a73000 x27=0xc3aa7048
      129509000	      6373	80005da2	9a0d8ca3	sb	x0,-1607(x27)	 x27:0xc3aa7048  x0:0x00000000 PA:0xc3aa6a01 store:0x00000000 load:0x000000ff
      129529000	      6374	80005da6	cc1d87a3	sb	x1,-817(x27)	 x27:0xc3aa7048  x1:0x00000001 PA:0xc3aa6d17 store:0x00000001 load:0x000000ff
      129689000	      6382	80005daa	502da623	sw	x2,1292(x27)	 x27:0xc3aa7048  x2:0xf5e39895 PA:0xc3aa7554 store:0xf5e39895 load:0xffffffff
      129769000	      6386	80005dae	886d8ba3	sb	x6,-1897(x27)	 x27:0xc3aa7048  x6:0x00000000 PA:0xc3aa68df store:0x00000000 load:0x000000ff
      129789000	      6387	80005db2	8d8d	c.sub	x11,x11	 x11:0x3ebd0d4a x11:0x3ebd0d4a x11=0x00000000
      129929000	      6394	80005db4	9b9dca03	lbu	x20,-1607(x27)	 x27:0xc3aa7048 x20=0x00000000 PA:0xc3aa6a01 load:0x00000000
      130209000	      6408	80005db8	ccfd8383	lb	x7,-817(x27)	 x27:0xc3aa7048  x7=0x00000001 PA:0xc3aa6d17 load:0x00000001
      130229000	      6409	80005dbc	997d	c.andi	x10,-1	 x10:0xffffffff x10=0xffffffff
      130409000	      6418	80005dbe	50cda583	lw	x11,1292(x27)	 x27:0xc3aa7048 x11=0xf5e39895 PA:0xc3aa7554 load:0xf5e39895
      130569000	      6426	80005dc2	6b202913	slti	x18,x0,1714	  x0:0x00000000 x18=0x00000001
      130589000	      6427	80005dc6	a3134093	xori	x1,x6,-1487	  x6:0x00000000  x1=0xfffffa31
      130649000	      6430	80005dca	af0d87a3	sb	x16,-1297(x27)	 x27:0xc3aa7048 x16:0x0000e2e4 PA:0xc3aa6b37 store:0x0000e2e4 load:0x000000ff
      131049000	      6450	80005dce	02abab33	mulhsu	x22,x23,x10	 x23:0x94959697 x10:0xffffffff x22=0x94959697
      131309000	      6463	80005dd2	5c7d85a3	sb	x7,1483(x27)	 x27:0xc3aa7048  x7:0x00000001 PA:0xc3aa7613 store:0x00000001 load:0x000000ff
      131329000	      6464	80005dd6	0001	c.addi	x0,0	  x0:0x00000000  x0=0x00000000
      131389000	      6467	80005dd8	0576	c.slli	x10,0x1d	 x10:0xffffffff x10=0xe0000000
      131549000	      6475	80005dda	586d8623	sb	x6,1420(x27)	 x27:0xc3aa7048  x6:0x00000000 PA:0xc3aa75d4 store:0x00000000 load:0x000000ff
      131569000	      6476	80005dde	08e1	c.addi	x17,24	 x17:0x0000e2e4 x17=0x0000e2fc
      131969000	      6496	80005de0	037488b3	mul	x17,x9,x23	  x9:0x7ffb71c8 x23:0x94959697 x17=0xab634cf8
      132069000	      6501	80005de4	88fd	c.andi	x9,31	  x9:0x7ffb71c8  x9=0x00000008
      132849000	      6540	80005de6	897d8903	lb	x18,-1897(x27)	 x27:0xc3aa7048 x18=0x00000000 PA:0xc3aa68df load:0x00000000
      132869000	      6541	80005dea	00036897	auipc	x17,0x36	 x17=0x8003bdea
      132889000	      6542	80005dee	7f188893	addi	x17,x17,2033	 x17:0x8003bdea x17=0x8003c5db
      132909000	      6543	80005df2	0002eb17	auipc	x22,0x2e	 x22=0x80033df2
      132929000	      6544	80005df6	949b0b13	addi	x22,x22,-1719	 x22:0x80033df2 x22=0x8003373b
      133349000	      6565	80005dfa	032b0723	sb	x18,46(x22)	 x22:0x8003373b x18:0x00000000 PA:0x80033769 store:0x00000000 load:0x000000ff
      133569000	      6576	80005dfe	49489ba3	sh	x20,1175(x17)	 x17:0x8003c5db x20:0x00000000 PA:0x8003ca72 store:0x00000000 load:0x0000ffff
      133649000	      6580	80005e02	b16b0183	lb	x3,-1258(x22)	 x22:0x8003373b  x3=0x0000000a PA:0x80033251 load:0x0000000a
      133909000	      6593	80005e06	30cb0a23	sb	x12,788(x22)	 x22:0x8003373b x12:0x80048e38 PA:0x80033a4f store:0x80048e38 load:0x000000ff
      134069000	      6601	80005e0a	5ba88003	lb	x0,1466(x17)	 x17:0x8003c5db  x0=0x00000000 PA:0x8003cb95 load:0x0000004e
      134129000	      6604	80005e0e	247b1c03	lh	x24,583(x22)	 x22:0x8003373b x24=0x00003839 PA:0x80033982 load:0x00003839
      134289000	      6612	80005e12	e6ab19a3	sh	x10,-397(x22)	 x22:0x8003373b x10:0xe0000000 PA:0x800335ae store:0xe0000000 load:0x0000ffff
      134609000	      6628	80005e16	18fb1083	lh	x1,399(x22)	 x22:0x8003373b  x1=0xffff8081 PA:0x800338ca load:0xffff8081
      135029000	      6649	80005e1a	4ea8aaa3	sw	x10,1269(x17)	 x17:0x8003c5db x10:0xe0000000 PA:0x8003cad0 store:0xe0000000 load:0xffffffff
      135109000	      6653	80005e1e	7ff88c23	sb	x31,2040(x17)	 x17:0x8003c5db x31:0x000000e9 PA:0x8003cdd3 store:0x000000e9 load:0x000000ff
      135309000	      6663	80005e22	e24b0523	sb	x4,-470(x22)	 x22:0x8003373b  x4:0x80043ffd PA:0x80033565 store:0x80043ffd load:0x000000ff
      135489000	      6672	80005e26	a26b0523	sb	x6,-1494(x22)	 x22:0x8003373b  x6:0x00000000 PA:0x80033165 store:0x00000000 load:0x000000ff
      135549000	      6675	80005e2a	e06b11a3	sh	x6,-509(x22)	 x22:0x8003373b  x6:0x00000000 PA:0x8003353e store:0x00000000 load:0x0000ffff
      135829000	      6689	80005e2e	b4d88623	sb	x13,-1204(x17)	 x17:0x8003c5db x13:0x000000e8 PA:0x8003c127 store:0x000000e8 load:0x000000ff
      135889000	      6692	80005e32	14db1483	lh	x9,333(x22)	 x22:0x8003373b  x9=0x00004243 PA:0x80033888 load:0x00004243
      135909000	      6693	80005e36	0002de97	auipc	x29,0x2d	 x29=0x80032e36
      135929000	      6694	80005e3a	5eee8e93	addi	x29,x29,1518	 x29:0x80032e36 x29=0x80033424
      135949000	      6695	80005e3e	3dd74b13	xori	x22,x14,989	 x14:0x8004cce4 x22=0x8004cf39
      135969000	      6696	80005e42	7d3b3793	sltiu	x15,x22,2003	 x22:0x8004cf39 x15=0x00000000
      135989000	      6697	80005e46	d5e03193	sltiu	x3,x0,-674	  x0:0x00000000  x3=0x00000001
      136009000	      6698	80005e4a	34578413	addi	x8,x15,837	 x15:0x00000000  x8=0x00000345
      136309000	      6713	80005e4e	29cea483	lw	x9,668(x29)	 x29:0x80033424  x9=0x78797a7b PA:0x800336c0 load:0x78797a7b
      136509000	      6723	80005e52	691e8b03	lb	x22,1681(x29)	 x29:0x80033424 x22=0x0000006e PA:0x80033ab5 load:0x0000006e
      136529000	      6724	80005e56	8cb9	c.xor	x9,x14	  x9:0x78797a7b x14:0x8004cce4  x9=0xf87db69f
      136589000	      6727	80005e58	cb1ecf03	lbu	x30,-847(x29)	 x29:0x80033424 x30=0x0000008e PA:0x800330d5 load:0x0000008e
      136629000	      6729	80005e5c	038d9033	mulh	x0,x27,x24	 x27:0xc3aa7048 x24:0x00003839  x0=0x00000000
      136689000	      6732	80005e60	c3fe9e23	sh	x31,-964(x29)	 x29:0x80033424 x31:0x000000e9 PA:0x80033060 store:0x000000e9 load:0x0000ffff
      137309000	      6763	80005e64	543e8883	lb	x17,1347(x29)	 x29:0x80033424 x17=0x0000001c PA:0x80033967 load:0x0000001c
      137329000	      6764	80005e68	8a8d	c.andi	x13,3	 x13:0x000000e8 x13=0x00000000
      137429000	      6769	80005e6a	1efe9423	sh	x15,488(x29)	 x29:0x80033424 x15:0x00000000 PA:0x8003360c store:0x00000000 load:0x0000ffff
      137449000	      6770	80005e6e	38752813	slti	x16,x10,903	 x10:0xe0000000 x16=0x00000001
      137609000	      6778	80005e72	f61e8203	lb	x4,-159(x29)	 x29:0x80033424  x4=0x0000003e PA:0x80033385 load:0x0000003e
      137629000	      6779	80005e76	2429ca93	xori	x21,x19,578	 x19:0x43a73000 x21=0x43a73242
      137649000	      6780	80005e7a	0001	c.addi	x0,0	  x0:0x00000000  x0=0x00000000
      137669000	      6781	80005e7c	1a680b37	lui	x22,0x1a680	 x22=0x1a680000
      137689000	      6782	80005e80	1b7d	c.addi	x22,-1	 x22:0x1a680000 x22=0x1a67ffff
      137749000	      6785	80005e82	50ae8803	lb	x16,1290(x29)	 x29:0x80033424 x16=0xffffffe5 PA:0x8003392e load:0xffffffe5
      137789000	      6787	80005e86	8442	c.mv	x8,x16	  x0:0x00000000 x16:0xffffffe5  x8=0xffffffe5
      137809000	      6788	80005e88	8cb44917	auipc	x18,0x8cb44	 x18=0x0cb49e88
      137829000	      6789	80005e8c	78ea8213	addi	x4,x21,1934	 x21:0x43a73242  x4=0x43a739d0
      138189000	      6807	80005e90	feaec283	lbu	x5,-22(x29)	 x29:0x80033424  x5=0x000000c5 PA:0x8003340e load:0x000000c5
      138229000	      6809	80005e94	03728433	mul	x8,x5,x23	  x5:0x000000c5 x23:0x94959697  x8=0x571ce233
      143189000	      7057	80005e98	f81ecd83	lbu	x27,-127(x29)	 x29:0x80033424 x27=0x0000005e PA:0x800333a5 load:0x0000005e
      143209000	      7058	80005e9c	1085cf93	xori	x31,x11,264	 x11:0xf5e39895 x31=0xf5e3999d
      143229000	      7059	80005ea0	e66e8b83	lb	x23,-410(x29)	 x29:0x80033424 x23=0x00000041 PA:0x8003328a load:0x00000041
      143249000	      7060	80005ea4	01a1b533	sltu	x10,x3,x26	  x3:0x00000001 x26:0x5bd02466 x10=0x00000001
      143269000	      7061	80005ea8	d8ee9f03	lh	x30,-626(x29)	 x29:0x80033424 x30=0x00006869 PA:0x800331b2 load:0x00006869
      143309000	      7063	80005eac	08be8803	lb	x16,139(x29)	 x29:0x80033424 x16=0x00000064 PA:0x800334af load:0x00000064
      143489000	      7072	80005eb0	ae287993	andi	x19,x16,-1310	 x16:0x00000064 x19=0x00000060
      143529000	      7074	80005eb4	024cb533	mulhu	x10,x25,x4	 x25:0xffff9e9f  x4:0x43a739d0 x10=0x43a72014
      143749000	      7085	80005eb8	11de8383	lb	x7,285(x29)	 x29:0x80033424  x7=0xfffffffa PA:0x80033541 load:0xfffffffa
      143769000	      7086	80005ebc	8295	c.srli	x13,0x5	 x13:0x00000000 x13=0x00000000
      143969000	      7096	80005ebe	c6ce8683	lb	x13,-916(x29)	 x29:0x80033424 x13=0x0000004b PA:0x80033090 load:0x0000004b
      143989000	      7097	80005ec2	0002e397	auipc	x7,0x2e	  x7=0x80033ec2
      144009000	      7098	80005ec6	9cd38393	addi	x7,x7,-1587	  x7:0x80033ec2  x7=0x8003388f
      144029000	      7099	80005eca	008387b3	add	x15,x7,x8	  x7:0x8003388f  x8:0x571ce233 x15=0xd7201ac2
      144089000	      7102	80005ece	92746d13	ori	x26,x8,-1753	  x8:0x571ce233 x26=0xfffffb37
      144109000	      7103	80005ed2	0066ef33	or	x30,x13,x6	 x13:0x0000004b  x6:0x00000000 x30=0x0000004b
      144129000	      7104	80005ed6	09d2	c.slli	x19,0x14	 x19:0x00000060 x19=0x06000000
      144189000	      7107	80005ed8	00e3cd83	lbu	x27,14(x7)	  x7:0x8003388f x27=0x00000056 PA:0x8003389d load:0x00000056
      144209000	      7108	80005edc	0053a883	lw	x17,5(x7)	  x7:0x8003388f x17=0x4c4d4e4f PA:0x80033894 load:0x4c4d4e4f
      144229000	      7109	80005ee0	ff238283	lb	x5,-14(x7)	  x7:0x8003388f  x5=0x0000003a PA:0x80033881 load:0x0000003a
      144349000	      7115	80005ee4	0033d503	lhu	x10,3(x7)	  x7:0x8003388f x10=0x00004849 PA:0x80033892 load:0x00004849
      144549000	      7125	80005ee8	00d3c783	lbu	x15,13(x7)	  x7:0x8003388f x15=0x00000057 PA:0x8003389c load:0x00000057
      145129000	      7154	80005eec	ff838b03	lb	x22,-8(x7)	  x7:0x8003388f x22=0x0000003c PA:0x80033887 load:0x0000003c
      145589000	      7177	80005ef0	00838d03	lb	x26,8(x7)	  x7:0x8003388f x26=0x0000004c PA:0x80033897 load:0x0000004c
      145609000	      7178	80005ef4	8cf1	c.and	x9,x12	  x9:0xf87db69f x12:0x80048e38  x9=0x80048618
      145669000	      7181	80005ef6	00d3d783	lhu	x15,13(x7)	  x7:0x8003388f x15=0x00005657 PA:0x8003389c load:0x00005657
      145689000	      7182	80005efa	0093ad03	lw	x26,9(x7)	  x7:0x8003388f x26=0x50515253 PA:0x80033898 load:0x50515253
      145709000	      7183	80005efe	ff039da3	sh	x16,-5(x7)	  x7:0x8003388f x16:0x00000064 PA:0x8003388a store:0x00000064 load:0x0000ffff
      145869000	      7191	80005f02	fff38ba3	sb	x31,-9(x7)	  x7:0x8003388f x31:0xf5e3999d PA:0x80033886 store:0xf5e3999d load:0x000000ff
      146049000	      7200	80005f06	ffe3c203	lbu	x4,-2(x7)	  x7:0x8003388f  x4=0x00000046 PA:0x8003388d load:0x00000046
      146069000	      7201	80005f0a	0001	c.addi	x0,0	  x0:0x00000000  x0=0x00000000
      146089000	      7202	80005f0c	fc139e17	auipc	x28,0xfc139	 x28=0x7c13ef0c
      146189000	      7207	80005f10	ffa3c283	lbu	x5,-6(x7)	  x7:0x8003388f  x5=0x00000042 PA:0x80033889 load:0x00000042
      146329000	      7214	80005f14	00b39903	lh	x18,11(x7)	  x7:0x8003388f x18=0x00005051 PA:0x8003389a load:0x00005051
      146349000	      7215	80005f18	3f5dc813	xori	x16,x27,1013	 x27:0x00000056 x16=0x000003a3
      146389000	      7217	80005f1c	9af2	c.add	x21,x28	 x21:0x43a73242 x28:0x7c13ef0c x21=0xbfbb214e
      146849000	      7240	80005f1e	00338203	lb	x4,3(x7)	  x7:0x8003388f  x4=0x00000049 PA:0x80033892 load:0x00000049
      146949000	      7245	80005f22	01038783	lb	x15,16(x7)	  x7:0x8003388f x15=0x00000054 PA:0x8003389f load:0x00000054
      146969000	      7246	80005f26	401d59b3	sra	x19,x26,x1	 x26:0x50515253  x1:0xffff8081 x19=0x2828a929
      147209000	      7258	80005f2a	ff838b23	sb	x24,-10(x7)	  x7:0x8003388f x24:0x00003839 PA:0x80033885 store:0x00003839 load:0x000000ff
      147229000	      7259	80005f2e	0002e517	auipc	x10,0x2e	 x10=0x80033f2e
      147249000	      7260	80005f32	11a50513	addi	x10,x10,282	 x10:0x80033f2e x10=0x80034048
      147269000	      7261	80005f36	1ea4a3b7	lui	x7,0x1ea4a	  x7=0x1ea4a000
      147289000	      7262	80005f3a	951e	c.add	x10,x7	 x10:0x80034048  x7:0x1ea4a000 x10=0x9ea7e048
      147349000	      7265	80005f3c	8c050b23	sb	x0,-1834(x10)	 x10:0x9ea7e048  x0:0x00000000 PA:0x9ea7d91e store:0x00000000 load:0x000000ff
      147709000	      7283	80005f40	881502a3	sb	x1,-1915(x10)	 x10:0x9ea7e048  x1:0xffff8081 PA:0x9ea7d8cd store:0xffff8081 load:0x000000ff
      147729000	      7284	80005f44	6ce9	c.lui	x25,0x1a	 x25=0x0001a000
      147769000	      7286	80005f46	0358aa33	mulhsu	x20,x17,x21	 x17:0x4c4d4e4f x21:0xbfbb214e x20=0x392573d2
      148149000	      7305	80005f4a	8d654a83	lbu	x21,-1834(x10)	 x10:0x9ea7e048 x21=0x00000000 PA:0x9ea7d91e load:0x00000000
      148409000	      7318	80005f4e	88550f03	lb	x30,-1915(x10)	 x10:0x9ea7e048 x30=0xffffff81 PA:0x9ea7d8cd load:0xffffff81
      148429000	      7319	80005f52	003c1b13	slli	x22,x24,0x3	 x24:0x00003839 x22=0x0001c1c8
      148489000	      7322	80005f56	69a52a23	sw	x26,1684(x10)	 x10:0x9ea7e048 x26:0x50515253 PA:0x9ea7e6dc store:0x50515253 load:0xffffffff
      148509000	      7323	80005f5a	1a7d	c.addi	x20,-1	 x20:0x392573d2 x20=0x392573d1
      148529000	      7324	80005f5c	7f450723	sb	x20,2030(x10)	 x10:0x9ea7e048 x20:0x392573d1 PA:0x9ea7e836 store:0x392573d1 load:0x000000ff
      148549000	      7325	80005f60	0001	c.addi	x0,0	  x0:0x00000000  x0=0x00000000
      148609000	      7328	80005f62	bac52a23	sw	x12,-1100(x10)	 x10:0x9ea7e048 x12:0x80048e38 PA:0x9ea7dbfc store:0x80048e38 load:0xffffffff
      148829000	      7339	80005f66	0d150ca3	sb	x17,217(x10)	 x10:0x9ea7e048 x17:0x4c4d4e4f PA:0x9ea7e121 store:0x4c4d4e4f load:0x000000ff
      148889000	      7342	80005f6a	43f51d23	sh	x31,1082(x10)	 x10:0x9ea7e048 x31:0xf5e3999d PA:0x9ea7e482 store:0xf5e3999d load:0x0000ffff
      148909000	      7343	80005f6e	8091	c.srli	x9,0x4	  x9:0x80048618  x9=0x08004861
      148929000	      7344	80005f70	597d	c.li	x18,-1	 x18=0xffffffff
      149189000	      7357	80005f72	136501a3	sb	x22,291(x10)	 x10:0x9ea7e048 x22:0x0001c1c8 PA:0x9ea7e16b store:0x0001c1c8 load:0x000000ff
      149209000	      7358	80005f76	0002e417	auipc	x8,0x2e	  x8=0x80033f76
      149229000	      7359	80005f7a	0d240413	addi	x8,x8,210	  x8:0x80033f76  x8=0x80034048
      149249000	      7360	80005f7e	3603d337	lui	x6,0x3603d	  x6=0x3603d000
      149269000	      7361	80005f82	941a	c.add	x8,x6	  x8:0x80034048  x6:0x3603d000  x8=0xb6071048
      149629000	      7379	80005f84	921405a3	sb	x1,-1749(x8)	  x8:0xb6071048  x1:0xffff8081 PA:0xb6070973 store:0xffff8081 load:0x000000ff
      149749000	      7385	80005f88	f6241523	sh	x2,-150(x8)	  x8:0xb6071048  x2:0xf5e39895 PA:0xb6070fb2 store:0xf5e39895 load:0x0000ffff
      149769000	      7386	80005f8c	8395	c.srli	x15,0x5	 x15:0x00000054 x15=0x00000002
      149869000	      7391	80005f8e	01118f33	add	x30,x3,x17	  x3:0x00000001 x17:0x4c4d4e4f x30=0x4c4d4e50
      150289000	      7412	80005f92	56d400a3	sb	x13,1377(x8)	  x8:0xb6071048 x13:0x0000004b PA:0xb60715a9 store:0x0000004b load:0x000000ff
      150329000	      7414	80005f96	011e9d33	sll	x26,x29,x17	 x29:0x80033424 x17:0x4c4d4e4f x26=0x9a120000
      150749000	      7435	80005f9a	00602eb3	slt	x29,x0,x6	  x0:0x00000000  x6:0x3603d000 x29=0x00000001
      150769000	      7436	80005f9e	41874493	xori	x9,x14,1048	 x14:0x8004cce4  x9=0x8004c8fc
      150829000	      7439	80005fa2	92b40b03	lb	x22,-1749(x8)	  x8:0xb6071048 x22=0xffffff81 PA:0xb6070973 load:0xffffff81
      150849000	      7440	80005fa6	f6a41283	lh	x5,-150(x8)	  x8:0xb6071048  x5=0xffff9895 PA:0xb6070fb2 load:0xffff9895
      150989000	      7447	80005faa	f54405a3	sb	x20,-181(x8)	  x8:0xb6071048 x20:0x392573d1 PA:0xb6070f93 store:0x392573d1 load:0x000000ff
      151049000	      7450	80005fae	0cc40423	sb	x12,200(x8)	  x8:0xb6071048 x12:0x80048e38 PA:0xb6071110 store:0x80048e38 load:0x000000ff
      151069000	      7451	80005fb2	001fab33	slt	x22,x31,x1	 x31:0xf5e3999d  x1:0xffff8081 x22=0x00000001
      151489000	      7472	80005fb6	d7752317	auipc	x6,0xd7752	  x6=0x57757fb6
      151549000	      7475	80005fba	16f40aa3	sb	x15,373(x8)	  x8:0xb6071048 x15:0x00000002 PA:0xb60711bd store:0x00000002 load:0x000000ff
      151569000	      7476	80005fbe	0002eb17	auipc	x22,0x2e	 x22=0x80033fbe
      151609000	      7478	80005fc2	08ab0b13	addi	x22,x22,138	 x22:0x80033fbe x22=0x80034048
      151629000	      7479	80005fc6	4dfb9337	lui	x6,0x4dfb9	  x6=0x4dfb9000
      151649000	      7480	80005fca	9b1a	c.add	x22,x6	 x22:0x80034048  x6:0x4dfb9000 x22=0xcdfed048
      152129000	      7504	80005fcc	4c0b07a3	sb	x0,1231(x22)	 x22:0xcdfed048  x0:0x00000000 PA:0xcdfed517 store:0x00000000 load:0x000000ff
      152409000	      7518	80005fd0	d23b0ea3	sb	x3,-707(x22)	 x22:0xcdfed048  x3:0x00000001 PA:0xcdfecd85 store:0x00000001 load:0x000000ff
      152509000	      7523	80005fd4	e84b1b23	sh	x4,-362(x22)	 x22:0xcdfed048  x4:0x00000049 PA:0xcdfecede store:0x00000049 load:0x0000ffff
      152529000	      7524	80005fd8	965b0da3	sb	x5,-1669(x22)	 x22:0xcdfed048  x5:0xffff9895 PA:0xcdfec9c3 store:0xffff9895 load:0x000000ff
      152829000	      7539	80005fdc	e66b09a3	sb	x6,-397(x22)	 x22:0xcdfed048  x6:0x4dfb9000 PA:0xcdfecebb store:0x4dfb9000 load:0x000000ff
      152889000	      7542	80005fe0	4cfb4003	lbu	x0,1231(x22)	 x22:0xcdfed048  x0=0x00000000 PA:0xcdfed517 load:0x00000000
      153089000	      7552	80005fe4	cdcb1823	sh	x28,-816(x22)	 x22:0xcdfed048 x28:0x7c13ef0c PA:0xcdfecd18 store:0x7c13ef0c load:0x0000ffff
      153549000	      7575	80005fe8	cc0b02a3	sb	x0,-827(x22)	 x22:0xcdfed048  x0:0x00000000 PA:0xcdfecd0d store:0x00000000 load:0x000000ff
      153569000	      7576	80005fec	410b8233	sub	x4,x23,x16	 x23:0x00000041 x16:0x000003a3  x4=0xfffffc9e
      153589000	      7577	80005ff0	01899233	sll	x4,x19,x24	 x19:0x2828a929 x24:0x00003839  x4=0x52000000
      154049000	      7600	80005ff4	d3db4f03	lbu	x30,-707(x22)	 x22:0xcdfed048 x30=0x00000001 PA:0xcdfecd85 load:0x00000001
      154149000	      7605	80005ff8	e96b1683	lh	x13,-362(x22)	 x22:0xcdfed048 x13=0x00000049 PA:0xcdfecede load:0x00000049
      154169000	      7606	80005ffc	017f48b3	xor	x17,x30,x23	 x30:0x00000001 x23:0x00000041 x17=0x00000040
      154189000	      7607	80006000	40ed02b3	sub	x5,x26,x14	 x26:0x9a120000 x14:0x8004cce4  x5=0x1a0d331c
      154209000	      7608	80006004	849e	c.mv	x9,x7	  x0:0x00000000  x7:0x1ea4a000  x9=0x1ea4a000
      154289000	      7612	80006006	97bb0c83	lb	x25,-1669(x22)	 x22:0xcdfed048 x25=0xffffff95 PA:0xcdfec9c3 load:0xffffff95
      154309000	      7613	8000600a	01e06833	or	x16,x0,x30	  x0:0x00000000 x30:0x00000001 x16=0x00000001
      154589000	      7627	8000600e	01ad70b3	and	x1,x26,x26	 x26:0x9a120000 x26:0x9a120000  x1=0x9a120000
      154649000	      7630	80006012	e73b0e03	lb	x28,-397(x22)	 x22:0xcdfed048 x28=0x00000000 PA:0xcdfecebb load:0x00000000
      155189000	      7657	80006016	186b0223	sb	x6,388(x22)	 x22:0xcdfed048  x6:0x4dfb9000 PA:0xcdfed1cc store:0x4dfb9000 load:0x000000ff
      155209000	      7658	8000601a	00038217	auipc	x4,0x38	  x4=0x8003e01a
      155229000	      7659	8000601e	ac420213	addi	x4,x4,-1340	  x4:0x8003e01a  x4=0x8003dade
      155249000	      7660	80006022	0002eb97	auipc	x23,0x2e	 x23=0x80034022
      155269000	      7661	80006026	8e4b8b93	addi	x23,x23,-1820	 x23:0x80034022 x23=0x80033906
      155329000	      7664	8000602a	ff6200a3	sb	x22,-31(x4)	  x4:0x8003dade x22:0xcdfed048 PA:0x8003dabf store:0xcdfed048 load:0x000000ff
      155349000	      7665	8000602e	fff24883	lbu	x17,-1(x4)	  x4:0x8003dade x17=0x00000096 PA:0x8003dadd load:0x00000096
      155689000	      7682	80006032	adfbcf83	lbu	x31,-1313(x23)	 x23:0x80033906 x31=0x0000009e PA:0x800333e5 load:0x0000009e
      155809000	      7688	80006036	01c24783	lbu	x15,28(x4)	  x4:0x8003dade x15=0x000000b1 PA:0x8003dafa load:0x000000b1
      155829000	      7689	8000603a	d87bc303	lbu	x6,-633(x23)	 x23:0x80033906  x6=0x00000046 PA:0x8003368d load:0x00000046
      156049000	      7700	8000603e	9c3bcf83	lbu	x31,-1597(x23)	 x23:0x80033906 x31=0x00000082 PA:0x800332c9 load:0x00000082
      156429000	      7719	80006042	fc420da3	sb	x4,-37(x4)	  x4:0x8003dade  x4:0x8003dade PA:0x8003dab9 store:0x8003dade load:0x000000ff
      156889000	      7742	80006046	1ffbca83	lbu	x21,511(x23)	 x23:0x80033906 x21=0x000000be PA:0x80033b05 load:0x000000be
      157069000	      7751	8000604a	ffa24903	lbu	x18,-6(x4)	  x4:0x8003dade x18=0x00000093 PA:0x8003dad8 load:0x00000093
      157689000	      7782	8000604e	4fcb8503	lb	x10,1276(x23)	 x23:0x80033906 x10=0xffffffb9 PA:0x80033e02 load:0xffffffb9
      157869000	      7791	80006052	01622e83	lw	x29,22(x4)	  x4:0x8003dade x29=0xacadaeaf PA:0x8003daf4 load:0xacadaeaf
      157889000	      7792	80006056	ddab8383	lb	x7,-550(x23)	 x23:0x80033906  x7=0xffffff9b PA:0x800336e0 load:0xffffff9b
      157909000	      7793	8000605a	c82b8da3	sb	x2,-869(x23)	 x23:0x80033906  x2:0xf5e39895 PA:0x800335a1 store:0xf5e39895 load:0x000000ff
      158209000	      7808	8000605e	4a5bca83	lbu	x21,1189(x23)	 x23:0x80033906 x21=0x00000060 PA:0x80033dab load:0x00000060
      158229000	      7809	80006062	0002ea17	auipc	x20,0x2e	 x20=0x80034062
      158249000	      7810	80006066	fe6a0a13	addi	x20,x20,-26	 x20:0x80034062 x20=0x80034048
      158269000	      7811	8000606a	605cb337	lui	x6,0x605cb	  x6=0x605cb000
      158289000	      7812	8000606e	9a1a	c.add	x20,x6	 x20:0x80034048  x6:0x605cb000 x20=0xe05ff048
      158349000	      7815	80006070	980a0aa3	sb	x0,-1643(x20)	 x20:0xe05ff048  x0:0x00000000 PA:0xe05fe9dd store:0x00000000 load:0x000000ff
      158389000	      7817	80006074	be1a0ba3	sb	x1,-1033(x20)	 x20:0xe05ff048  x1:0x9a120000 PA:0xe05fec3f store:0x9a120000 load:0x000000ff
      158689000	      7832	80006078	822a06a3	sb	x2,-2003(x20)	 x20:0xe05ff048  x2:0xf5e39895 PA:0xe05fe875 store:0xf5e39895 load:0x000000ff
      158749000	      7835	8000607c	243a0923	sb	x3,594(x20)	 x20:0xe05ff048  x3:0x00000001 PA:0xe05ff29a store:0x00000001 load:0x000000ff
      158889000	      7842	80006080	7c4a0ea3	sb	x4,2013(x20)	 x20:0xe05ff048  x4:0x8003dade PA:0xe05ff825 store:0x8003dade load:0x000000ff
      159049000	      7850	80006084	d65a03a3	sb	x5,-665(x20)	 x20:0xe05ff048  x5:0x1a0d331c PA:0xe05fedaf store:0x1a0d331c load:0x000000ff
      159789000	      7887	80006088	0383d9b3	divu	x19,x7,x24	  x7:0xffffff9b x24:0x00003839 x19=0x00048da6
      159809000	      7888	8000608c	76e94313	xori	x6,x18,1902	 x18:0x00000093  x6=0x000007fd
      159829000	      7889	80006090	40690333	sub	x6,x18,x6	 x18:0x00000093  x6:0x000007fd  x6=0xfffff896
      160309000	      7913	80006094	995a0f83	lb	x31,-1643(x20)	 x20:0xe05ff048 x31=0x00000000 PA:0xe05fe9dd load:0x00000000
      160369000	      7916	80006098	bf7a0c83	lb	x25,-1033(x20)	 x20:0xe05ff048 x25=0x00000000 PA:0xe05fec3f load:0x00000000
      160589000	      7927	8000609c	82da4c83	lbu	x25,-2003(x20)	 x20:0xe05ff048 x25=0x00000095 PA:0xe05fe875 load:0x00000095
      160609000	      7928	800060a0	14caa593	slti	x11,x21,332	 x21:0x00000060 x11=0x00000001
      160629000	      7929	800060a4	1dfd	c.addi	x27,-1	 x27:0x00000056 x27=0x00000055
      160769000	      7936	800060a6	252a4183	lbu	x3,594(x20)	 x20:0xe05ff048  x3=0x00000001 PA:0xe05ff29a load:0x00000001
      160789000	      7937	800060aa	7dda0e83	lb	x29,2013(x20)	 x20:0xe05ff048 x29=0xffffffde PA:0xe05ff825 load:0xffffffde
      161529000	      7974	800060ae	02cdcdb3	div	x27,x27,x12	 x27:0x00000055 x12:0x80048e38 x27=0x00000000
      161589000	      7977	800060b2	d67a4883	lbu	x17,-665(x20)	 x20:0xe05ff048 x17=0x0000001c PA:0xe05fedaf load:0x0000001c
      162329000	      8014	800060b6	030750b3	divu	x1,x14,x16	 x14:0x8004cce4 x16:0x00000001  x1=0x8004cce4
      162849000	      8040	800060ba	c4fa05a3	sb	x15,-949(x20)	 x20:0xe05ff048 x15:0x000000b1 PA:0xe05fec93 store:0x000000b1 load:0x000000ff
      162869000	      8041	800060be	99fd	c.andi	x11,-1	 x11:0x00000001 x11=0x00000001
      163109000	      8053	800060c0	c4da0ba3	sb	x13,-937(x20)	 x20:0xe05ff048 x13:0x00000049 PA:0xe05fec9f store:0x00000049 load:0x000000ff
      163129000	      8054	800060c4	00038317	auipc	x6,0x38	  x6=0x8003e0c4
      163149000	      8055	800060c8	ac330313	addi	x6,x6,-1341	  x6:0x8003e0c4  x6=0x8003db87
      163209000	      8058	800060cc	00634e03	lbu	x28,6(x6)	  x6:0x8003db87 x28=0x00000046 PA:0x8003db8d load:0x00000046
      163229000	      8059	800060d0	0002d397	auipc	x7,0x2d	  x7=0x800330d0
      163249000	      8060	800060d4	0b338393	addi	x7,x7,179	  x7:0x800330d0  x7=0x80033183
      163709000	      8083	800060d8	fad381a3	sb	x13,-93(x7)	  x7:0x80033183 x13:0x00000049 PA:0x80033126 store:0x00000049 load:0x000000ff
      163769000	      8086	800060dc	ff234883	lbu	x17,-14(x6)	  x6:0x8003db87 x17=0x00000032 PA:0x8003db79 load:0x00000032
      163989000	      8097	800060e0	f0b3d403	lhu	x8,-245(x7)	  x7:0x80033183  x8=0x00004445 PA:0x8003308e load:0x00004445
      164049000	      8100	800060e4	0223c803	lbu	x16,34(x7)	  x7:0x80033183 x16=0x0000005e PA:0x800331a5 load:0x0000005e
      164069000	      8101	800060e8	fd438e23	sb	x20,-36(x7)	  x7:0x80033183 x20:0xe05ff048 PA:0x8003315f store:0xe05ff048 load:0x000000ff
      164089000	      8102	800060ec	ff135a83	lhu	x21,-15(x6)	  x6:0x8003db87 x21=0x00003233 PA:0x8003db78 load:0x00003233
      164109000	      8103	800060f0	0923cf03	lbu	x30,146(x7)	  x7:0x80033183 x30=0x000000ce PA:0x80033215 load:0x000000ce
      164529000	      8124	800060f4	f2539f03	lh	x30,-219(x7)	  x7:0x80033183 x30=0x00006263 PA:0x800330a8 load:0x00006263
      164709000	      8133	800060f8	00d32a83	lw	x21,13(x6)	  x6:0x8003db87 x21=0x4c4d4e4f PA:0x8003db94 load:0x4c4d4e4f
      164949000	      8145	800060fc	ff834983	lbu	x19,-8(x6)	  x6:0x8003db87 x19=0x00000034 PA:0x8003db7f load:0x00000034
      165089000	      8152	80006100	001313a3	sh	x1,7(x6)	  x6:0x8003db87  x1:0x8004cce4 PA:0x8003db8e store:0x8004cce4 load:0x0000ffff
      165109000	      8153	80006104	0002eb17	auipc	x22,0x2e	 x22=0x80034104
      165129000	      8154	80006108	f44b0b13	addi	x22,x22,-188	 x22:0x80034104 x22=0x80034048
      165149000	      8155	8000610c	762b4a37	lui	x20,0x762b4	 x20=0x762b4000
      165169000	      8156	80006110	9b52	c.add	x22,x20	 x22:0x80034048 x20:0x762b4000 x22=0xf62e8048
      165429000	      8169	80006112	860b06a3	sb	x0,-1939(x22)	 x22:0xf62e8048  x0:0x00000000 PA:0xf62e78b5 store:0x00000000 load:0x000000ff
      165569000	      8176	80006116	142b1623	sh	x2,332(x22)	 x22:0xf62e8048  x2:0xf5e39895 PA:0xf62e8194 store:0xf5e39895 load:0x0000ffff
      165789000	      8187	8000611a	ac3b0da3	sb	x3,-1317(x22)	 x22:0xf62e8048  x3:0x00000001 PA:0xf62e7b23 store:0x00000001 load:0x000000ff
      166049000	      8200	8000611e	365b06a3	sb	x5,877(x22)	 x22:0xf62e8048  x5:0x1a0d331c PA:0xf62e83b5 store:0x1a0d331c load:0x000000ff
      166069000	      8201	80006122	127d	c.addi	x4,-1	  x4:0x8003dade  x4=0x8003dadd
      166089000	      8202	80006124	187d	c.addi	x16,-1	 x16:0x0000005e x16=0x0000005d
      166109000	      8203	80006126	52b43a13	sltiu	x20,x8,1323	  x8:0x00004445 x20=0x00000000
      166369000	      8216	8000612a	86db4883	lbu	x17,-1939(x22)	 x22:0xf62e8048 x17=0x00000000 PA:0xf62e78b5 load:0x00000000
      166389000	      8217	8000612e	59fd	c.li	x19,-1	 x19=0xffffffff
      166629000	      8229	80006130	a5bb0b23	sb	x27,-1450(x22)	 x22:0xf62e8048 x27:0x00000000 PA:0xf62e7a9e store:0x00000000 load:0x000000ff
      166689000	      8232	80006134	14cb5d03	lhu	x26,332(x22)	 x22:0xf62e8048 x26=0x00009895 PA:0xf62e8194 load:0x00009895
      166709000	      8233	80006138	87fe	c.mv	x15,x31	  x0:0x00000000 x31:0x00000000 x15=0x00000000
      166729000	      8234	8000613a	010d9e13	slli	x28,x27,0x10	 x27:0x00000000 x28=0x00000000
      166749000	      8235	8000613e	411dd1b3	sra	x3,x27,x17	 x27:0x00000000 x17:0x00000000  x3=0x00000000
      166949000	      8245	80006142	adbb0203	lb	x4,-1317(x22)	 x22:0xf62e8048  x4=0x00000001 PA:0xf62e7b23 load:0x00000001
      167069000	      8251	80006146	f6fb05a3	sb	x15,-149(x22)	 x22:0xf62e8048 x15:0x00000000 PA:0xf62e7fb3 store:0x00000000 load:0x000000ff
      167449000	      8270	8000614a	019d02b3	add	x5,x26,x25	 x26:0x00009895 x25:0x00000095  x5=0x0000992a
      168189000	      8307	8000614e	0252dc33	divu	x24,x5,x5	  x5:0x0000992a  x5:0x0000992a x24=0x00000001
      168449000	      8320	80006152	36db0f83	lb	x31,877(x22)	 x22:0xf62e8048 x31=0x0000001c PA:0xf62e83b5 load:0x0000001c
      168469000	      8321	80006156	0002e897	auipc	x17,0x2e	 x17=0x80034156
      168489000	      8322	8000615a	b4488893	addi	x17,x17,-1212	 x17:0x80034156 x17=0x80033c9a
      168509000	      8323	8000615e	8db9	c.xor	x11,x14	 x11:0x00000001 x14:0x8004cce4 x11=0x8004cce5
      168729000	      8334	80006160	030881a3	sb	x16,35(x17)	 x17:0x80033c9a x16:0x0000005d PA:0x80033cbd store:0x0000005d load:0x000000ff
      168749000	      8335	80006164	00133db3	sltu	x27,x6,x1	  x6:0x8003db87  x1:0x8004cce4 x27=0x00000001
      168929000	      8344	80006168	fd688683	lb	x13,-42(x17)	 x17:0x80033c9a x13=0x0000002b PA:0x80033c70 load:0x0000002b
      168989000	      8347	8000616c	fdc8ce83	lbu	x29,-36(x17)	 x17:0x80033c9a x29=0x0000002d PA:0x80033c76 load:0x0000002d
      169329000	      8364	80006170	02988003	lb	x0,41(x17)	 x17:0x80033c9a  x0=0x00000000 PA:0x80033cc3 load:0x00000078
      169349000	      8365	80006174	8c95	c.sub	x9,x13	  x9:0x1ea4a000 x13:0x0000002b  x9=0x1ea49fd5
      169369000	      8366	80006176	006a20b3	slt	x1,x20,x6	 x20:0x00000000  x6:0x8003db87  x1=0x00000000
      170109000	      8403	8000617a	0296d6b3	divu	x13,x13,x9	 x13:0x0000002b  x9:0x1ea49fd5 x13=0x00000000
      170129000	      8404	8000617e	4ae5	c.li	x21,25	 x21=0x00000019
      170189000	      8407	80006180	fc88d683	lhu	x13,-56(x17)	 x17:0x80033c9a x13=0x00001819 PA:0x80033c62 load:0x00001819
      170329000	      8414	80006184	ffb88d83	lb	x27,-5(x17)	 x17:0x80033c9a x27=0x0000004e PA:0x80033c95 load:0x0000004e
      170469000	      8421	80006188	fc588783	lb	x15,-59(x17)	 x17:0x80033c9a x15=0x00000014 PA:0x80033c5f load:0x00000014
      170609000	      8428	8000618c	fcc88c83	lb	x25,-52(x17)	 x17:0x80033c9a x25=0x0000001d PA:0x80033c66 load:0x0000001d
      170909000	      8443	80006190	0348a123	sw	x20,34(x17)	 x17:0x80033c9a x20:0x00000000 PA:0x80033cbc store:0x00000000 load:0xffffffff
      171069000	      8451	80006194	fd489f23	sh	x20,-34(x17)	 x17:0x80033c9a x20:0x00000000 PA:0x80033c78 store:0x00000000 load:0x0000ffff
      171129000	      8454	80006198	03f8c683	lbu	x13,63(x17)	 x17:0x80033c9a x13=0x00000092 PA:0x80033cd9 load:0x00000092
      171149000	      8455	8000619c	00188a03	lb	x20,1(x17)	 x17:0x80033c9a x20=0x00000050 PA:0x80033c9b load:0x00000050
      171369000	      8466	800061a0	fe488a83	lb	x21,-28(x17)	 x17:0x80033c9a x21=0x00000035 PA:0x80033c7e load:0x00000035
      171429000	      8469	800061a4	0148ce03	lbu	x28,20(x17)	 x17:0x80033c9a x28=0x00000065 PA:0x80033cae load:0x00000065
      172169000	      8506	800061a8	025d6833	rem	x16,x26,x5	 x26:0x00009895  x5:0x0000992a x16=0x00009895
      184269000	      9111	800061ac	fdd8cd03	lbu	x26,-35(x17)	 x17:0x80033c9a x26=0x0000002c PA:0x80033c77 load:0x0000002c
      184309000	      9113	800061b0	03601d33	mulh	x26,x0,x22	  x0:0x00000000 x22:0xf62e8048 x26=0x00000000
      184429000	      9119	800061b4	00b8c483	lbu	x9,11(x17)	 x17:0x80033c9a  x9=0x0000005e PA:0x80033ca5 load:0x0000005e
      184449000	      9120	800061b8	01210333	add	x6,x2,x18	  x2:0xf5e39895 x18:0x00000093  x6=0xf5e39928
      184469000	      9121	800061bc	8d39	c.xor	x10,x14	 x10:0xffffffb9 x14:0x8004cce4 x10=0x7ffb335d
      184609000	      9128	800061be	03c8cd03	lbu	x26,60(x17)	 x17:0x80033c9a x26=0x0000008d PA:0x80033cd6 load:0x0000008d
      184629000	      9129	800061c2	fdb8c203	lbu	x4,-37(x17)	 x17:0x80033c9a  x4=0x0000002e PA:0x80033c75 load:0x0000002e
      184649000	      9130	800061c6	8cad	c.xor	x9,x11	  x9:0x0000005e x11:0x8004cce5  x9=0x8004ccbb
      184809000	      9138	800061c8	00389f23	sh	x3,30(x17)	 x17:0x80033c9a  x3:0x00000000 PA:0x80033cb8 store:0x00000000 load:0x0000ffff
      185429000	      9169	800061cc	00a882a3	sb	x10,5(x17)	 x17:0x80033c9a x10:0x7ffb335d PA:0x80033c9f store:0x7ffb335d load:0x000000ff
      185489000	      9172	800061d0	fc388583	lb	x11,-61(x17)	 x17:0x80033c9a x11=0x00000016 PA:0x80033c5d load:0x00000016
      185509000	      9173	800061d4	0002ef17	auipc	x30,0x2e	 x30=0x800341d4
      185529000	      9174	800061d8	e74f0f13	addi	x30,x30,-396	 x30:0x800341d4 x30=0x80034048
      185549000	      9175	800061dc	08697337	lui	x6,0x8697	  x6=0x08697000
      185569000	      9176	800061e0	9f1a	c.add	x30,x6	 x30:0x80034048  x6:0x08697000 x30=0x886cb048
      185709000	      9183	800061e2	662f02a3	sb	x2,1637(x30)	 x30:0x886cb048  x2:0xf5e39895 PA:0x886cb6ad store:0xf5e39895 load:0x000000ff
      185809000	      9188	800061e6	283f0d23	sb	x3,666(x30)	 x30:0x886cb048  x3:0x00000000 PA:0x886cb2e2 store:0x00000000 load:0x000000ff
      186069000	      9201	800061ea	9a4f01a3	sb	x4,-1629(x30)	 x30:0x886cb048  x4:0x0000002e PA:0x886ca9eb store:0x0000002e load:0x000000ff
      186089000	      9202	800061ee	fe5f08a3	sb	x5,-15(x30)	 x30:0x886cb048  x5:0x0000992a PA:0x886cb039 store:0x0000992a load:0x000000ff
      186109000	      9203	800061f2	646f0723	sb	x6,1614(x30)	 x30:0x886cb048  x6:0x08697000 PA:0x886cb696 store:0x08697000 load:0x000000ff
      186349000	      9215	800061f6	967f1b23	sh	x7,-1674(x30)	 x30:0x886cb048  x7:0x80033183 PA:0x886ca9be store:0x80033183 load:0x0000ffff
      186509000	      9223	800061fa	96e4ba13	sltiu	x20,x9,-1682	  x9:0x8004ccbb x20=0x00000001
      187049000	      9250	800061fe	150f0c23	sb	x16,344(x30)	 x30:0x886cb048 x16:0x00009895 PA:0x886cb1a0 store:0x00009895 load:0x000000ff
      187109000	      9253	80006202	ea5f08a3	sb	x5,-335(x30)	 x30:0x886cb048  x5:0x0000992a PA:0x886caef9 store:0x0000992a load:0x000000ff
      187229000	      9259	80006206	007d5433	srl	x8,x26,x7	 x26:0x0000008d  x7:0x80033183  x8=0x00000011
      187249000	      9260	8000620a	8d8d	c.sub	x11,x11	 x11:0x00000016 x11:0x00000016 x11=0x00000000
      187689000	      9282	8000620c	665f0583	lb	x11,1637(x30)	 x30:0x886cb048 x11=0xffffff95 PA:0x886cb6ad load:0xffffff95
      188109000	      9303	80006210	29af0083	lb	x1,666(x30)	 x30:0x886cb048  x1=0x00000000 PA:0x886cb2e2 load:0x00000000
      188149000	      9305	80006214	00308fb3	add	x31,x1,x3	  x1:0x00000000  x3:0x00000000 x31=0x00000000
      188169000	      9306	80006218	817d	c.srli	x10,0x1f	 x10:0x7ffb335d x10=0x00000000
      188629000	      9329	8000621a	9a3f4b83	lbu	x23,-1629(x30)	 x30:0x886cb048 x23=0x0000002e PA:0x886ca9eb load:0x0000002e
      189009000	      9348	8000621e	ff1f4983	lbu	x19,-15(x30)	 x30:0x886cb048 x19=0x0000002a PA:0x886cb039 load:0x0000002a
      189029000	      9349	80006222	011256b3	srl	x13,x4,x17	  x4:0x0000002e x17:0x80033c9a x13=0x00000000
      189049000	      9350	80006226	63e5	c.lui	x7,0x19	  x7=0x00019000
      189069000	      9351	80006228	0ff0000f	fence	iorw,iorw	
      189129000	      9354	8000622c	64ef4c03	lbu	x24,1614(x30)	 x30:0x886cb048 x24=0x00000000 PA:0x886cb696 load:0x00000000
      189149000	      9355	80006230	976f5d83	lhu	x27,-1674(x30)	 x30:0x886cb048 x27=0x00003183 PA:0x886ca9be load:0x00003183
      189169000	      9356	80006234	0002d397	auipc	x7,0x2d	  x7=0x80033234
      189189000	      9357	80006238	e1438393	addi	x7,x7,-492	  x7:0x80033234  x7=0x80033048
      189209000	      9358	8000623c	638f69b7	lui	x19,0x638f6	 x19=0x638f6000
      189229000	      9359	80006240	93ce	c.add	x7,x19	  x7:0x80033048 x19:0x638f6000  x7=0xe3929048
      189389000	      9367	80006242	80038da3	sb	x0,-2021(x7)	  x7:0xe3929048  x0:0x00000000 PA:0xe3928863 store:0x00000000 load:0x000000ff
      189649000	      9380	80006246	fa239523	sh	x2,-86(x7)	  x7:0xe3929048  x2:0xf5e39895 PA:0xe3928ff2 store:0xf5e39895 load:0x0000ffff
      189709000	      9383	8000624a	c83388a3	sb	x3,-879(x7)	  x7:0xe3929048  x3:0x00000000 PA:0xe3928cd9 store:0x00000000 load:0x000000ff
      190129000	      9404	8000624e	d0538f23	sb	x5,-738(x7)	  x7:0xe3929048  x5:0x0000992a PA:0xe3928d66 store:0x0000992a load:0x000000ff
      190189000	      9407	80006252	b87384a3	sb	x7,-1143(x7)	  x7:0xe3929048  x7:0xe3929048 PA:0xe3928bd1 store:0xe3929048 load:0x000000ff
      190209000	      9408	80006256	8041	c.srli	x8,0x10	  x8:0x00000011  x8=0x00000000
      190229000	      9409	80006258	8d12	c.mv	x26,x4	  x0:0x00000000  x4:0x0000002e x26=0x0000002e
      190249000	      9410	8000625a	8011	c.srli	x8,0x4	  x8:0x00000000  x8=0x00000000
      190269000	      9411	8000625c	9afd	c.andi	x13,-1	 x13:0x00000000 x13=0x00000000
      190289000	      9412	8000625e	18fd	c.addi	x17,-1	 x17:0x80033c9a x17=0x80033c99
      190349000	      9415	80006260	81b38b83	lb	x23,-2021(x7)	  x7:0xe3929048 x23=0x00000000 PA:0xe3928863 load:0x00000000
      190369000	      9416	80006264	001315b3	sll	x11,x6,x1	  x6:0x08697000  x1:0x00000000 x11=0x08697000
      190469000	      9421	80006268	29a38523	sb	x26,650(x7)	  x7:0xe3929048 x26:0x0000002e PA:0xe39292d2 store:0x0000002e load:0x000000ff
      190669000	      9431	8000626c	faa39e03	lh	x28,-86(x7)	  x7:0xe3929048 x28=0xffff9895 PA:0xe3928ff2 load:0xffff9895
      191309000	      9463	80006270	c9138f03	lb	x30,-879(x7)	  x7:0xe3929048 x30=0x00000000 PA:0xe3928cd9 load:0x00000000
      191369000	      9466	80006274	52f39e23	sh	x15,1340(x7)	  x7:0xe3929048 x15:0x00000014 PA:0xe3929584 store:0x00000014 load:0x0000ffff
      191389000	      9467	80006278	4465	c.li	x8,25	  x8=0x00000019
      191409000	      9468	8000627a	419707b3	sub	x15,x14,x25	 x14:0x8004cce4 x25:0x0000001d x15=0x8004ccc7
      191469000	      9471	8000627e	d1e38803	lb	x16,-738(x7)	  x7:0xe3929048 x16=0x0000002a PA:0xe3928d66 load:0x0000002a
      191489000	      9472	80006282	b66df413	andi	x8,x27,-1178	 x27:0x00003183  x8=0x00003102
      191709000	      9483	80006286	30d38aa3	sb	x13,789(x7)	  x7:0xe3929048 x13:0x00000000 PA:0xe392935d store:0x00000000 load:0x000000ff
      191869000	      9491	8000628a	b8938a03	lb	x20,-1143(x7)	  x7:0xe3929048 x20=0x00000048 PA:0xe3928bd1 load:0x00000048
      191889000	      9492	8000628e	0003df17	auipc	x30,0x3d	 x30=0x8004328e
      191909000	      9493	80006292	8aff0f13	addi	x30,x30,-1873	 x30:0x8004328e x30=0x80042b3d
      191929000	      9494	80006296	0002d497	auipc	x9,0x2d	  x9=0x80033296
      191949000	      9495	8000629a	51e48493	addi	x9,x9,1310	  x9:0x80033296  x9=0x800337b4
      192249000	      9510	8000629e	002f4503	lbu	x10,2(x30)	 x30:0x80042b3d x10=0x000000f4 PA:0x80042b3f load:0x000000f4
      192469000	      9521	800062a2	116481a3	sb	x22,259(x9)	  x9:0x800337b4 x22:0xf62e8048 PA:0x800338b7 store:0xf62e8048 load:0x000000ff
      192529000	      9524	800062a6	31b487a3	sb	x27,783(x9)	  x9:0x800337b4 x27:0x00003183 PA:0x80033ac3 store:0x00003183 load:0x000000ff
      192749000	      9535	800062aa	0cc49e23	sh	x12,220(x9)	  x9:0x800337b4 x12:0x80048e38 PA:0x80033890 store:0x80048e38 load:0x0000ffff
      193149000	      9555	800062ae	fd9f4f83	lbu	x31,-39(x30)	 x30:0x80042b3d x31=0x000000cd PA:0x80042b16 load:0x000000cd
      193209000	      9558	800062b2	d6f4c503	lbu	x10,-657(x9)	  x9:0x800337b4 x10=0x000000d8 PA:0x80033523 load:0x000000d8
      193309000	      9563	800062b6	fc0f25a3	sw	x0,-53(x30)	 x30:0x80042b3d  x0:0x00000000 PA:0x80042b08 store:0x00000000 load:0xffffffff
      193369000	      9566	800062ba	7ad48d83	lb	x27,1965(x9)	  x9:0x800337b4 x27=0x0000001a PA:0x80033f61 load:0x0000001a
      193389000	      9567	800062be	fc3f1a83	lh	x21,-61(x30)	 x30:0x80042b3d x21=0xffffbabb PA:0x80042b00 load:0xffffbabb
      193409000	      9568	800062c2	e2d482a3	sb	x13,-475(x9)	  x9:0x800337b4 x13:0x00000000 PA:0x800335d9 store:0x00000000 load:0x000000ff
      193429000	      9569	800062c6	03ef0883	lb	x17,62(x30)	 x30:0x80042b3d x17=0x00000030 PA:0x80042b7b load:0x00000030
      193509000	      9573	800062ca	a8c487a3	sb	x12,-1393(x9)	  x9:0x800337b4 x12:0x80048e38 PA:0x80033243 store:0x80048e38 load:0x000000ff
      193529000	      9574	800062ce	0002ed97	auipc	x27,0x2e	 x27=0x800342ce
      193649000	      9580	800062d2	b32d8d93	addi	x27,x27,-1230	 x27:0x800342ce x27=0x80033e00
      193889000	      9592	800062d6	fd9d8aa3	sb	x25,-43(x27)	 x27:0x80033e00 x25:0x0000001d PA:0x80033dd5 store:0x0000001d load:0x000000ff
      194289000	      9612	800062da	fd5d8203	lb	x4,-43(x27)	 x27:0x80033e00  x4=0x0000001d PA:0x80033dd5 load:0x0000001d
      194309000	      9613	800062de	0e86	c.slli	x29,0x1	 x29:0x0000002d x29=0x0000005a
      194649000	      9630	800062e0	022da423	sw	x2,40(x27)	 x27:0x80033e00  x2:0xf5e39895 PA:0x80033e28 store:0xf5e39895 load:0xffffffff
      194829000	      9639	800062e4	03fd9423	sh	x31,40(x27)	 x27:0x80033e00 x31:0x000000cd PA:0x80033e28 store:0x000000cd load:0x0000ffff
      195289000	      9662	800062e8	ffdd84a3	sb	x29,-23(x27)	 x27:0x80033e00 x29:0x0000005a PA:0x80033de9 store:0x0000005a load:0x000000ff
      195589000	      9677	800062ec	fe9dc883	lbu	x17,-23(x27)	 x27:0x80033e00 x17=0x0000005a PA:0x80033de9 load:0x0000005a
      195649000	      9680	800062f0	fe9d8503	lb	x10,-23(x27)	 x27:0x80033e00 x10=0x0000005a PA:0x80033de9 load:0x0000005a
      195669000	      9681	800062f4	68e1	c.lui	x17,0x18	 x17=0x00018000
      196029000	      9699	800062f6	ff1dcc03	lbu	x24,-15(x27)	 x27:0x80033e00 x24=0x000000aa PA:0x80033df1 load:0x000000aa
      196089000	      9702	800062fa	fcfdae23	sw	x15,-36(x27)	 x27:0x80033e00 x15:0x8004ccc7 PA:0x80033ddc store:0x8004ccc7 load:0xffffffff
      196109000	      9703	800062fe	fd0dd583	lhu	x11,-48(x27)	 x27:0x80033e00 x11=0x00008a8b PA:0x80033dd0 load:0x00008a8b
      196129000	      9704	80006302	fc3dcb83	lbu	x23,-61(x27)	 x27:0x80033e00 x23=0x00000078 PA:0x80033dc3 load:0x00000078
      196149000	      9705	80006306	fc3d8b03	lb	x22,-61(x27)	 x27:0x80033e00 x22=0x00000078 PA:0x80033dc3 load:0x00000078
      196569000	      9726	8000630a	032dce03	lbu	x28,50(x27)	 x27:0x80033e00 x28=0x000000e9 PA:0x80033e32 load:0x000000e9
      196769000	      9736	8000630e	032d9a03	lh	x20,50(x27)	 x27:0x80033e00 x20=0xffffe8e9 PA:0x80033e32 load:0xffffe8e9
      196829000	      9739	80006312	feedde03	lhu	x28,-18(x27)	 x27:0x80033e00 x28=0x0000a4a5 PA:0x80033dee load:0x0000a4a5
      196849000	      9740	80006316	0002dd17	auipc	x26,0x2d	 x26=0x80033316
      196869000	      9741	8000631a	d32d0d13	addi	x26,x26,-718	 x26:0x80033316 x26=0x80033048
      196889000	      9742	8000631e	0d6a0337	lui	x6,0xd6a0	  x6=0x0d6a0000
      196909000	      9743	80006322	9d1a	c.add	x26,x6	 x26:0x80033048  x6:0x0d6a0000 x26=0x8d6d3048
      197129000	      9754	80006324	a60d0123	sb	x0,-1438(x26)	 x26:0x8d6d3048  x0:0x00000000 PA:0x8d6d2aaa store:0x00000000 load:0x000000ff
      197589000	      9777	80006328	301d1123	sh	x1,770(x26)	 x26:0x8d6d3048  x1:0x00000000 PA:0x8d6d334a store:0x00000000 load:0x0000ffff
      197649000	      9780	8000632c	402d05a3	sb	x2,1035(x26)	 x26:0x8d6d3048  x2:0xf5e39895 PA:0x8d6d3453 store:0xf5e39895 load:0x000000ff
      197669000	      9781	80006330	e23d01a3	sb	x3,-477(x26)	 x26:0x8d6d3048  x3:0x00000000 PA:0x8d6d2e6b store:0x00000000 load:0x000000ff
      197689000	      9782	80006334	0001	c.addi	x0,0	  x0:0x00000000  x0=0x00000000
      197849000	      9790	80006336	a62d4403	lbu	x8,-1438(x26)	 x26:0x8d6d3048  x8=0x00000000 PA:0x8d6d2aaa load:0x00000000
      197869000	      9791	8000633a	01301593	slli	x11,x0,0x13	  x0:0x00000000 x11=0x00000000
      198609000	      9828	8000633e	034868b3	rem	x17,x16,x20	 x16:0x0000002a x20:0xffffe8e9 x17=0x0000002a
      198649000	      9830	80006342	03673933	mulhu	x18,x14,x22	 x14:0x8004cce4 x22:0x00000078 x18=0x0000003c
      199109000	      9853	80006346	302d5483	lhu	x9,770(x26)	 x26:0x8d6d3048  x9=0x00000000 PA:0x8d6d334a load:0x00000000
      199429000	      9869	8000634a	40bd4503	lbu	x10,1035(x26)	 x26:0x8d6d3048 x10=0x00000095 PA:0x8d6d3453 load:0x00000095
      199889000	      9892	8000634e	e23d4203	lbu	x4,-477(x26)	 x26:0x8d6d3048  x4=0x00000000 PA:0x8d6d2e6b load:0x00000000
      199929000	      9894	80006352	027f9933	mulh	x18,x31,x7	 x31:0x000000cd  x7:0xe3929048 x18=0xffffffe9
      199949000	      9895	80006356	5ffd	c.li	x31,-1	 x31=0xffffffff
      199969000	      9896	80006358	0176ea33	or	x20,x13,x23	 x13:0x00000000 x23:0x00000078 x20=0x00000078
      200029000	      9899	8000635c	491d08a3	sb	x17,1169(x26)	 x26:0x8d6d3048 x17:0x0000002a PA:0x8d6d34d9 store:0x0000002a load:0x000000ff
      200049000	      9900	80006360	0003c097	auipc	x1,0x3c	  x1=0x80042360
      200069000	      9901	80006364	6e608093	addi	x1,x1,1766	  x1:0x80042360  x1=0x80042a46
      200529000	      9924	80006368	a260d983	lhu	x19,-1498(x1)	  x1:0x80042a46 x19=0x00002627 PA:0x8004246c load:0x00002627
      200589000	      9927	8000636c	4770c803	lbu	x16,1143(x1)	  x1:0x80042a46 x16=0x00000076 PA:0x80042ebd load:0x00000076
      200749000	      9935	80006370	0840a723	sw	x4,142(x1)	  x1:0x80042a46  x4:0x00000000 PA:0x80042ad4 store:0x00000000 load:0xffffffff
      200769000	      9936	80006374	0002d397	auipc	x7,0x2d	  x7=0x80033374
      200789000	      9937	80006378	70038393	addi	x7,x7,1792	  x7:0x80033374  x7=0x80033a74
      200989000	      9947	8000637c	18138403	lb	x8,385(x7)	  x7:0x80033a74  x8=0xffffffae PA:0x80033bf5 load:0xffffffae
      201009000	      9948	80006380	ce908183	lb	x3,-791(x1)	  x1:0x80042a46  x3=0xffffffe4 PA:0x8004272f load:0xffffffe4
      201069000	      9951	80006384	0bb38323	sb	x27,166(x7)	  x7:0x80033a74 x27:0x80033e00 PA:0x80033b1a store:0x80033e00 load:0x000000ff
      201129000	      9954	80006388	4be3c783	lbu	x15,1214(x7)	  x7:0x80033a74 x15=0x000000e9 PA:0x80033f32 load:0x000000e9
      201549000	      9975	8000638c	9420a203	lw	x4,-1726(x1)	  x1:0x80042a46  x4=0x40414243 PA:0x80042388 load:0x40414243
      201649000	      9980	80006390	3320d503	lhu	x10,818(x1)	  x1:0x80042a46 x10=0x00003233 PA:0x80042d78 load:0x00003233
      201709000	      9983	80006394	a3c08e03	lb	x28,-1476(x1)	  x1:0x80042a46 x28=0x00000039 PA:0x80042482 load:0x00000039
      201849000	      9990	80006398	fa238ea3	sb	x2,-67(x7)	  x7:0x80033a74  x2:0xf5e39895 PA:0x80033a31 store:0xf5e39895 load:0x000000ff
      201909000	      9993	8000639c	2b538183	lb	x3,693(x7)	  x7:0x80033a74  x3=0xffffffe2 PA:0x80033d29 load:0xffffffe2
      201929000	      9994	800063a0	6680da03	lhu	x20,1640(x1)	  x1:0x80042a46 x20=0x00006465 PA:0x800430ae load:0x00006465
      202349000	     10015	800063a4	9e408583	lb	x11,-1564(x1)	  x1:0x80042a46 x11=0xffffffe1 PA:0x8004242a load:0xffffffe1
      202409000	     10018	800063a8	a3c38fa3	sb	x28,-1473(x7)	  x7:0x80033a74 x28:0x00000039 PA:0x800334b3 store:0x00000039 load:0x000000ff
      202429000	     10019	800063ac	0002ee97	auipc	x29,0x2e	 x29=0x800343ac
      202449000	     10020	800063b0	c9ce8e93	addi	x29,x29,-868	 x29:0x800343ac x29=0x80034048
      202469000	     10021	800063b4	238c29b7	lui	x19,0x238c2	 x19=0x238c2000
      202489000	     10022	800063b8	9ece	c.add	x29,x19	 x29:0x80034048 x19:0x238c2000 x29=0xa38f6048
      202709000	     10033	800063ba	020e89a3	sb	x0,51(x29)	 x29:0xa38f6048  x0:0x00000000 PA:0xa38f607b store:0x00000000 load:0x000000ff
      202849000	     10040	800063be	4c1e82a3	sb	x1,1221(x29)	 x29:0xa38f6048  x1:0x80042a46 PA:0xa38f650d store:0x80042a46 load:0x000000ff
      203309000	     10063	800063c2	e63e83a3	sb	x3,-409(x29)	 x29:0xa38f6048  x3:0xffffffe2 PA:0xa38f5eaf store:0xffffffe2 load:0x000000ff
      203329000	     10064	800063c6	8d6d	c.and	x10,x11	 x10:0x00003233 x11:0xffffffe1 x10=0x00003221
      203349000	     10065	800063c8	8d15	c.sub	x10,x13	 x10:0x00003221 x13:0x00000000 x10=0x00003221
      203989000	     10097	800063ca	033ec903	lbu	x18,51(x29)	 x29:0xa38f6048 x18=0x00000000 PA:0xa38f607b load:0x00000000
      204329000	     10114	800063ce	4c5e8003	lb	x0,1221(x29)	 x29:0xa38f6048  x0=0x00000000 PA:0xa38f650d load:0x00000046
      204349000	     10115	800063d2	01982b33	slt	x22,x16,x25	 x16:0x00000076 x25:0x0000001d x22=0x00000000
      205089000	     10152	800063d6	02ec4a33	div	x20,x24,x14	 x24:0x000000aa x14:0x8004cce4 x20=0x00000000
      205149000	     10155	800063da	fe9e8a23	sb	x9,-12(x29)	 x29:0xa38f6048  x9:0x00000000 PA:0xa38f603c store:0x00000000 load:0x000000ff
      205169000	     10156	800063de	e67e8183	lb	x3,-409(x29)	 x29:0xa38f6048  x3=0xffffffe2 PA:0xa38f5eaf load:0xffffffe2
      205189000	     10157	800063e2	45a1	c.li	x11,8	 x11=0x00000008
      205609000	     10178	800063e4	0efe9923	sh	x15,242(x29)	 x29:0xa38f6048 x15:0x000000e9 PA:0xa38f613a store:0x000000e9 load:0x0000ffff
      205629000	     10179	800063e8	0002e697	auipc	x13,0x2e	 x13=0x800343e8
      205649000	     10180	800063ec	9fd68693	addi	x13,x13,-1539	 x13:0x800343e8 x13=0x80033de5
      206069000	     10201	800063f0	fe568ea3	sb	x5,-3(x13)	 x13:0x80033de5  x5:0x0000992a PA:0x80033de2 store:0x0000992a load:0x000000ff
      206129000	     10204	800063f4	00d6a3a3	sw	x13,7(x13)	 x13:0x80033de5 x13:0x80033de5 PA:0x80033dec store:0x80033de5 load:0xffffffff
      206229000	     10209	800063f8	0076af03	lw	x30,7(x13)	 x13:0x80033de5 x30=0x80033de5 PA:0x80033dec load:0x80033de5
      206589000	     10227	800063fc	0076a483	lw	x9,7(x13)	 x13:0x80033de5  x9=0x80033de5 PA:0x80033dec load:0x80033de5
      206649000	     10230	80006400	ff66c583	lbu	x11,-10(x13)	 x13:0x80033de5 x11=0x00000090 PA:0x80033ddb load:0x00000090
      206689000	     10232	80006404	ff66c003	lbu	x0,-10(x13)	 x13:0x80033de5  x0=0x00000000 PA:0x80033ddb load:0x00000090
      206709000	     10233	80006408	8fc5	c.or	x15,x9	 x15:0x000000e9  x9:0x80033de5 x15=0x80033ded
      207049000	     10250	8000640a	ff768b23	sb	x23,-10(x13)	 x13:0x80033de5 x23:0x00000078 PA:0x80033ddb store:0x00000078 load:0x000000ff
      207109000	     10253	8000640e	ff068b23	sb	x16,-10(x13)	 x13:0x80033de5 x16:0x00000076 PA:0x80033ddb store:0x00000076 load:0x000000ff
      207129000	     10254	80006412	ff66c003	lbu	x0,-10(x13)	 x13:0x80033de5  x0=0x00000000 PA:0x80033ddb load:0x00000076
      207549000	     10275	80006416	00068283	lb	x5,0(x13)	 x13:0x80033de5  x5=0xffffff9e PA:0x80033de5 load:0xffffff9e
      207689000	     10282	8000641a	01968023	sb	x25,0(x13)	 x13:0x80033de5 x25:0x0000001d PA:0x80033de5 store:0x0000001d load:0x000000ff
      207749000	     10285	8000641e	00068283	lb	x5,0(x13)	 x13:0x80033de5  x5=0x0000001d PA:0x80033de5 load:0x0000001d
      207769000	     10286	80006422	fe468aa3	sb	x4,-11(x13)	 x13:0x80033de5  x4:0x40414243 PA:0x80033dda store:0x40414243 load:0x000000ff
      207989000	     10297	80006426	ff56c503	lbu	x10,-11(x13)	 x13:0x80033de5 x10=0x00000043 PA:0x80033dda load:0x00000043
      208329000	     10314	8000642a	00569c83	lh	x25,5(x13)	 x13:0x80033de5 x25=0xffffa0a1 PA:0x80033dea load:0xffffa0a1
      208569000	     10326	8000642e	00569583	lh	x11,5(x13)	 x13:0x80033de5 x11=0xffffa0a1 PA:0x80033dea load:0xffffa0a1
      208589000	     10327	80006432	0056db03	lhu	x22,5(x13)	 x13:0x80033de5 x22=0x0000a0a1 PA:0x80033dea load:0x0000a0a1
      208609000	     10328	80006436	0086c903	lbu	x18,8(x13)	 x13:0x80033de5 x18=0x0000003d PA:0x80033ded load:0x0000003d
      208629000	     10329	8000643a	0002e597	auipc	x11,0x2e	 x11=0x8003443a
      208649000	     10330	8000643e	c0e58593	addi	x11,x11,-1010	 x11:0x8003443a x11=0x80034048
      208869000	     10341	80006442	7518b337	lui	x6,0x7518b	  x6=0x7518b000
      208889000	     10342	80006446	959a	c.add	x11,x6	 x11:0x80034048  x6:0x7518b000 x11=0xf51bf048
      209469000	     10371	80006448	ac15a823	sw	x1,-1328(x11)	 x11:0xf51bf048  x1:0x80042a46 PA:0xf51beb18 store:0x80042a46 load:0xffffffff
      209529000	     10374	8000644c	94258ea3	sb	x2,-1699(x11)	 x11:0xf51bf048  x2:0xf5e39895 PA:0xf51be9a5 store:0xf5e39895 load:0x000000ff
      209949000	     10395	80006450	ee4582a3	sb	x4,-283(x11)	 x11:0xf51bf048  x4:0x40414243 PA:0xf51bef2d store:0x40414243 load:0x000000ff
      210209000	     10408	80006454	a6658623	sb	x6,-1428(x11)	 x11:0xf51bf048  x6:0x7518b000 PA:0xf51beab4 store:0x7518b000 load:0x000000ff
      210429000	     10419	80006458	6a758223	sb	x7,1700(x11)	 x11:0xf51bf048  x7:0x80033a74 PA:0xf51bf6ec store:0x80033a74 load:0x000000ff
      210609000	     10428	8000645c	41658523	sb	x22,1034(x11)	 x11:0xf51bf048 x22:0x0000a0a1 PA:0xf51bf452 store:0x0000a0a1 load:0x000000ff
      210629000	     10429	80006460	1bd7e993	ori	x19,x15,445	 x15:0x80033ded x19=0x80033dfd
      210909000	     10443	80006464	ad05a303	lw	x6,-1328(x11)	 x11:0xf51bf048  x6=0x80042a46 PA:0xf51beb18 load:0x80042a46
      210929000	     10444	80006468	8ce1	c.and	x9,x8	  x9:0x80033de5  x8:0xffffffae  x9=0x80033da4
      210989000	     10447	8000646a	95d5cc03	lbu	x24,-1699(x11)	 x11:0xf51bf048 x24=0x00000095 PA:0xf51be9a5 load:0x00000095
      211009000	     10448	8000646e	8fa9	c.xor	x15,x10	 x15:0x80033ded x10:0x00000043 x15=0x80033dae
      211449000	     10470	80006470	06d58923	sb	x13,114(x11)	 x11:0xf51bf048 x13:0x80033de5 PA:0xf51bf0ba store:0x80033de5 load:0x000000ff
      211469000	     10471	80006474	03ee0bb3	mul	x23,x28,x30	 x28:0x00000039 x30:0x80033de5 x23=0x80b8c7fd
      212649000	     10530	80006478	01ef30b3	sltu	x1,x30,x30	 x30:0x80033de5 x30:0x80033de5  x1=0x00000000
      212669000	     10531	8000647c	00dc0bb3	add	x23,x24,x13	 x24:0x00000095 x13:0x80033de5 x23=0x80033e7a
      212749000	     10535	80006480	ee558e83	lb	x29,-283(x11)	 x11:0xf51bf048 x29=0x00000043 PA:0xf51bef2d load:0x00000043
      212769000	     10536	80006484	8f81	c.sub	x15,x8	 x15:0x80033dae  x8:0xffffffae x15=0x80033e00
      212969000	     10546	80006486	c2e582a3	sb	x14,-987(x11)	 x11:0xf51bf048 x14:0x8004cce4 PA:0xf51bec6d store:0x8004cce4 load:0x000000ff
      212989000	     10547	8000648a	59ac9a37	lui	x20,0x59ac9	 x20=0x59ac9000
      213449000	     10570	8000648e	a6c5c403	lbu	x8,-1428(x11)	 x11:0xf51bf048  x8=0x00000000 PA:0xf51beab4 load:0x00000000
      213469000	     10571	80006492	8f8d	c.sub	x15,x11	 x15:0x80033e00 x11:0xf51bf048 x15=0x8ae74db8
      213569000	     10576	80006494	6a45c483	lbu	x9,1700(x11)	 x11:0xf51bf048  x9=0x00000074 PA:0xf51bf6ec load:0x00000074
      213589000	     10577	80006498	0002d297	auipc	x5,0x2d	  x5=0x80033498
      213609000	     10578	8000649c	3eb28293	addi	x5,x5,1003	  x5:0x80033498  x5=0x80033883
      214029000	     10599	800064a0	01c291a3	sh	x28,3(x5)	  x5:0x80033883 x28:0x00000039 PA:0x80033886 store:0x00000039 load:0x0000ffff
      214089000	     10602	800064a4	00328e83	lb	x29,3(x5)	  x5:0x80033883 x29=0x00000039 PA:0x80033886 load:0x00000039
      214109000	     10603	800064a8	4138dfb3	sra	x31,x17,x19	 x17:0x0000002a x19:0x80033dfd x31=0x00000000
      214129000	     10604	800064ac	00e281a3	sb	x14,3(x5)	  x5:0x80033883 x14:0x8004cce4 PA:0x80033886 store:0x8004cce4 load:0x000000ff
      214569000	     10626	800064b0	0032d903	lhu	x18,3(x5)	  x5:0x80033883 x18=0x000000e4 PA:0x80033886 load:0x000000e4
      214629000	     10629	800064b4	01a281a3	sb	x26,3(x5)	  x5:0x80033883 x26:0x8d6d3048 PA:0x80033886 store:0x8d6d3048 load:0x000000ff
      214649000	     10630	800064b8	00e28383	lb	x7,14(x5)	  x5:0x80033883  x7=0xffffff8e PA:0x80033891 load:0xffffff8e
      214669000	     10631	800064bc	0012c503	lbu	x10,1(x5)	  x5:0x80033883 x10=0x0000003f PA:0x80033884 load:0x0000003f
      214889000	     10642	800064c0	ff72d683	lhu	x13,-9(x5)	  x5:0x80033883 x13=0x00003031 PA:0x8003387a load:0x00003031
      215049000	     10650	800064c4	0042cc83	lbu	x25,4(x5)	  x5:0x80033883 x25=0x00000000 PA:0x80033887 load:0x00000000
      215069000	     10651	800064c8	02b68033	mul	x0,x13,x11	 x13:0x00003031 x11:0xf51bf048  x0=0x00000000
      215149000	     10655	800064cc	00528223	sb	x5,4(x5)	  x5:0x80033883  x5:0x80033883 PA:0x80033887 store:0x80033883 load:0x000000ff
      215389000	     10667	800064d0	00628b83	lb	x23,6(x5)	  x5:0x80033883 x23=0x00000042 PA:0x80033889 load:0x00000042
      215549000	     10675	800064d4	ff028fa3	sb	x16,-1(x5)	  x5:0x80033883 x16:0x00000076 PA:0x80033882 store:0x00000076 load:0x000000ff
      215749000	     10685	800064d8	9cbe	c.add	x25,x15	 x25:0x00000000 x15:0x8ae74db8 x25=0x8ae74db8
      215769000	     10686	800064da	eba06813	ori	x16,x0,-326	  x0:0x00000000 x16=0xfffffeba
      216349000	     10715	800064de	fff28c03	lb	x24,-1(x5)	  x5:0x80033883 x24=0x00000076 PA:0x80033882 load:0x00000076
      216469000	     10721	800064e2	fff29903	lh	x18,-1(x5)	  x5:0x80033883 x18=0x00003876 PA:0x80033882 load:0x00003876
      216489000	     10722	800064e6	d8010813	addi	x16,x2,-640	  x2:0xf5e39895 x16=0xf5e39615
      216869000	     10741	800064ea	fff28383	lb	x7,-1(x5)	  x5:0x80033883  x7=0x00000076 PA:0x80033882 load:0x00000076
      216889000	     10742	800064ee	0012af83	lw	x31,1(x5)	  x5:0x80033883 x31=0x8348393f PA:0x80033884 load:0x8348393f
      217069000	     10751	800064f2	ff528083	lb	x1,-11(x5)	  x5:0x80033883  x1=0x00000033 PA:0x80033878 load:0x00000033
      217089000	     10752	800064f6	fed28aa3	sb	x13,-11(x5)	  x5:0x80033883 x13:0x00003031 PA:0x80033878 store:0x00003031 load:0x000000ff
      217149000	     10755	800064fa	0002d317	auipc	x6,0x2d	  x6=0x800334fa
      217349000	     10765	800064fe	50a30313	addi	x6,x6,1290	  x6:0x800334fa  x6=0x80033a04
      217449000	     10770	80006502	0002f697	auipc	x13,0x2f	 x13=0x80035502
      217689000	     10782	80006506	4a068693	addi	x13,x13,1184	 x13:0x80035502 x13=0x800359a2
      217749000	     10785	8000650a	ffc30da3	sb	x28,-5(x6)	  x6:0x80033a04 x28:0x00000039 PA:0x800339ff store:0x00000039 load:0x000000ff
      217949000	     10795	8000650e	ff734c03	lbu	x24,-9(x6)	  x6:0x80033a04 x24=0x000000b0 PA:0x800339fb load:0x000000b0
      218149000	     10805	80006512	f4f68ea3	sb	x15,-163(x13)	 x13:0x800359a2 x15:0x8ae74db8 PA:0x800358ff store:0x8ae74db8 load:0x000000ff
      218209000	     10808	80006516	00635c83	lhu	x25,6(x6)	  x6:0x80033a04 x25=0x0000c0c1 PA:0x80033a0a load:0x0000c0c1
      218429000	     10819	8000651a	00f30083	lb	x1,15(x6)	  x6:0x80033a04  x1=0xffffffc8 PA:0x80033a13 load:0xffffffc8
      218849000	     10840	8000651e	12c68c03	lb	x24,300(x13)	 x13:0x800359a2 x24=0xffffff85 PA:0x80035ace load:0xffffff85
      218989000	     10847	80006522	000307a3	sb	x0,15(x6)	  x6:0x80033a04  x0:0x00000000 PA:0x80033a13 store:0x00000000 load:0x000000ff
      219489000	     10872	80006526	ff830783	lb	x15,-8(x6)	  x6:0x80033a04 x15=0xffffffb7 PA:0x800339fc load:0xffffffb7
      219569000	     10876	8000652a	cb068ba3	sb	x16,-841(x13)	 x13:0x800359a2 x16:0xf5e39615 PA:0x80035659 store:0xf5e39615 load:0x000000ff
      219769000	     10886	8000652e	ff031d23	sh	x16,-6(x6)	  x6:0x80033a04 x16:0xf5e39615 PA:0x800339fe store:0xf5e39615 load:0x0000ffff
      219849000	     10890	80006532	00534b83	lbu	x23,5(x6)	  x6:0x80033a04 x23=0x000000c2 PA:0x80033a09 load:0x000000c2
      220269000	     10911	80006536	a416c783	lbu	x15,-1471(x13)	 x13:0x800359a2 x15=0x00000098 PA:0x800353e3 load:0x00000098
      220369000	     10916	8000653a	01930023	sb	x25,0(x6)	  x6:0x80033a04 x25:0x0000c0c1 PA:0x80033a04 store:0x0000c0c1 load:0x000000ff
      220829000	     10939	8000653e	6e068b03	lb	x22,1760(x13)	 x13:0x800359a2 x22=0x00000039 PA:0x80036082 load:0x00000039
      221249000	     10960	80006542	8b969623	sh	x25,-1876(x13)	 x13:0x800359a2 x25:0x0000c0c1 PA:0x8003524e store:0x0000c0c1 load:0x0000ffff
      221709000	     10983	80006546	00035c03	lhu	x24,0(x6)	  x6:0x80033a04 x24=0x0000bec1 PA:0x80033a04 load:0x0000bec1
      221949000	     10995	8000654a	70d6cf03	lbu	x30,1805(x13)	 x13:0x800359a2 x30=0x00000064 PA:0x800360af load:0x00000064
      221969000	     10996	8000654e	0002da17	auipc	x20,0x2d	 x20=0x8003354e
      221989000	     10997	80006552	f45a0a13	addi	x20,x20,-187	 x20:0x8003354e x20=0x80033493
      222249000	     11010	80006556	27ba1f03	lh	x30,635(x20)	 x20:0x80033493 x30=0xffffc4c5 PA:0x8003370e load:0xffffc4c5
      222269000	     11011	8000655a	00037917	auipc	x18,0x37	 x18=0x8003d55a
      222289000	     11012	8000655e	97b90913	addi	x18,x18,-1669	 x18:0x8003d55a x18=0x8003ced5
      222469000	     11021	80006562	d5ba4d83	lbu	x27,-677(x20)	 x20:0x80033493 x27=0x000000a5 PA:0x800331ee load:0x000000a5
      222489000	     11022	80006566	fd591983	lh	x19,-43(x18)	 x18:0x8003ced5 x19=0x00006061 PA:0x8003ceaa load:0x00006061
      222689000	     11032	8000656a	fcc912a3	sh	x12,-59(x18)	 x18:0x8003ced5 x12:0x80048e38 PA:0x8003ce9a store:0x80048e38 load:0x0000ffff
      222869000	     11041	8000656e	3f6a0e23	sb	x22,1020(x20)	 x20:0x80033493 x22:0x00000039 PA:0x8003388f store:0x00000039 load:0x000000ff
      223029000	     11049	80006572	fdf905a3	sb	x31,-53(x18)	 x18:0x8003ced5 x31:0x8348393f PA:0x8003cea0 store:0x8348393f load:0x000000ff
      223209000	     11058	80006576	00890723	sb	x8,14(x18)	 x18:0x8003ced5  x8:0x00000000 PA:0x8003cee3 store:0x00000000 load:0x000000ff
      223369000	     11066	8000657a	41fa0823	sb	x31,1040(x20)	 x20:0x80033493 x31:0x8348393f PA:0x800338a3 store:0x8348393f load:0x000000ff
      223389000	     11067	8000657e	fc392503	lw	x10,-61(x18)	 x18:0x8003ced5 x10=0x8e385253 PA:0x8003ce98 load:0x8e385253
      223509000	     11073	80006582	0a8a0003	lb	x0,168(x20)	 x20:0x80033493  x0=0x00000000 PA:0x8003353b load:0xfffffff0
      223929000	     11094	80006586	02392383	lw	x7,35(x18)	 x18:0x8003ced5  x7=0xb0b1b2b3 PA:0x8003cef8 load:0xb0b1b2b3
      224129000	     11104	8000658a	01690083	lb	x1,22(x18)	 x18:0x8003ced5  x1=0xffffffa0 PA:0x8003ceeb load:0xffffffa0
      224389000	     11117	8000658e	2b8a4b03	lbu	x22,696(x20)	 x20:0x80033493 x22=0x00000000 PA:0x8003374b load:0x00000000
      224409000	     11118	80006592	01b90803	lb	x16,27(x18)	 x18:0x8003ced5 x16=0xffffffab PA:0x8003cef0 load:0xffffffab
      224529000	     11124	80006596	df2a0f83	lb	x31,-526(x20)	 x20:0x80033493 x31=0x0000003e PA:0x80033285 load:0x0000003e
      224729000	     11134	8000659a	ff590683	lb	x13,-11(x18)	 x18:0x8003ced5 x13=0xffffff81 PA:0x8003ceca load:0xffffff81
      224849000	     11140	8000659e	6b5a5b83	lhu	x23,1717(x20)	 x20:0x80033493 x23=0x00000203 PA:0x80033b48 load:0x00000203
      224909000	     11143	800065a2	f64a0303	lb	x6,-156(x20)	 x20:0x80033493  x6=0xffffffac PA:0x800333f7 load:0xffffffac
      224929000	     11144	800065a6	0002d097	auipc	x1,0x2d	  x1=0x800335a6
      225329000	     11164	800065aa	f6908093	addi	x1,x1,-151	  x1:0x800335a6  x1=0x8003350f
      225349000	     11165	800065ae	81e9	c.srli	x11,0x1a	 x11:0xf51bf048 x11=0x0000003d
      225609000	     11178	800065b0	010d4cb3	xor	x25,x26,x16	 x26:0x8d6d3048 x16:0xffffffab x25=0x7292cfe3
      226289000	     11212	800065b4	e210a403	lw	x8,-479(x1)	  x1:0x8003350f  x8=0xe8e9eaeb PA:0x80033330 load:0xe8e9eaeb
      226469000	     11221	800065b8	034fa2b3	mulhsu	x5,x31,x20	 x31:0x0000003e x20:0x80033493  x5=0x0000001f
      226769000	     11236	800065bc	c1b084a3	sb	x27,-1015(x1)	  x1:0x8003350f x27:0x000000a5 PA:0x80033118 store:0x000000a5 load:0x000000ff
      226789000	     11237	800065c0	08c6	c.slli	x17,0x11	 x17:0x0000002a x17=0x00540000
      227049000	     11250	800065c2	c4508803	lb	x16,-955(x1)	  x1:0x8003350f x16=0x0000000f PA:0x80033154 load:0x0000000f
      227069000	     11251	800065c6	0ff0000f	fence	iorw,iorw	
      227089000	     11252	800065ca	bbc08203	lb	x4,-1092(x1)	  x1:0x8003350f  x4=0xffffff80 PA:0x800330cb load:0xffffff80
      227249000	     11260	800065ce	4e909e83	lh	x29,1257(x1)	  x1:0x8003350f x29=0xffffb2b3 PA:0x800339f8 load:0xffffb2b3
      227369000	     11266	800065d2	3b408923	sb	x20,946(x1)	  x1:0x8003350f x20:0x80033493 PA:0x800338c1 store:0x80033493 load:0x000000ff
      227389000	     11267	800065d6	00a7f833	and	x16,x15,x10	 x15:0x00000098 x10:0x8e385253 x16=0x00000010
      227409000	     11268	800065da	000c41b3	xor	x3,x24,x0	 x24:0x0000bec1  x0:0x00000000  x3=0x0000bec1
      227649000	     11280	800065de	40808123	sb	x8,1026(x1)	  x1:0x8003350f  x8:0xe8e9eaeb PA:0x80033911 store:0xe8e9eaeb load:0x000000ff
      227709000	     11283	800065e2	6f30cd83	lbu	x27,1779(x1)	  x1:0x8003350f x27=0x000000b9 PA:0x80033c02 load:0x000000b9
      227729000	     11284	800065e6	416b0533	sub	x10,x22,x22	 x22:0x00000000 x22:0x00000000 x10=0x00000000
      227949000	     11295	800065ea	b3b0d383	lhu	x7,-1221(x1)	  x1:0x8003350f  x7=0x00000001 PA:0x8003304a load:0x00000001
      227989000	     11297	800065ee	0338acb3	mulhsu	x25,x17,x19	 x17:0x00540000 x19:0x00006061 x25=0x0000001f
      228109000	     11303	800065f2	0ff0000f	fence	iorw,iorw	
      228449000	     11320	800065f6	ccf08a03	lb	x20,-817(x1)	  x1:0x8003350f x20=0xffffff95 PA:0x800331de load:0xffffff95
      228669000	     11331	800065fa	fc708723	sb	x7,-50(x1)	  x1:0x8003350f  x7:0x00000001 PA:0x800334dd store:0x00000001 load:0x000000ff
      228729000	     11334	800065fe	3360c383	lbu	x7,822(x1)	  x1:0x8003350f  x7=0x000000fe PA:0x80033845 load:0x000000fe
      228749000	     11335	80006602	85ad	c.srai	x11,0xb	 x11:0x0000003d x11=0x00000000
      228769000	     11336	80006604	e936ee93	ori	x29,x13,-365	 x13:0xffffff81 x29=0xffffff93
      228809000	     11338	80006608	0001	c.addi	x0,0	  x0:0x00000000  x0=0x00000000
      228969000	     11346	8000660a	cdd0a583	lw	x11,-803(x1)	  x1:0x8003350f x11=0xa4a5a6a7 PA:0x800331ec load:0xa4a5a6a7
      228989000	     11347	8000660e	9a26	c.add	x20,x9	 x20:0xffffff95  x9:0x00000074 x20=0x00000009
      229009000	     11348	80006610	408a05b3	sub	x11,x20,x8	 x20:0x00000009  x8:0xe8e9eaeb x11=0x1716151e
      229029000	     11349	80006614	55356913	ori	x18,x10,1363	 x10:0x00000000 x18=0x00000553
      229089000	     11352	80006618	82ad	c.srli	x13,0xb	 x13:0xffffff81 x13=0x001fffff
      229109000	     11353	8000661a	99fd	c.andi	x11,-1	 x11:0x1716151e x11=0x1716151e
      229429000	     11369	8000661c	6b508c23	sb	x21,1720(x1)	  x1:0x8003350f x21:0xffffbabb PA:0x80033bc7 store:0xffffbabb load:0x000000ff
      229449000	     11370	80006620	8109	c.srli	x10,0x2	 x10:0x00000000 x10=0x00000000
      229469000	     11371	80006622	0ca6	c.slli	x25,0x9	 x25:0x0000001f x25=0x00003e00
      229549000	     11375	80006624	59908503	lb	x10,1433(x1)	  x1:0x8003350f x10=0x00000063 PA:0x80033aa8 load:0x00000063
      229749000	     11385	80006628	08508923	sb	x5,146(x1)	  x1:0x8003350f  x5:0x0000001f PA:0x800335a1 store:0x0000001f load:0x000000ff
      229769000	     11386	8000662c	b9c089a3	sb	x28,-1133(x1)	  x1:0x8003350f x28:0x00000039 PA:0x800330a2 store:0x00000039 load:0x000000ff
      229789000	     11387	80006630	5fc08e83	lb	x29,1532(x1)	  x1:0x8003350f x29=0xffffffc0 PA:0x80033b0b load:0xffffffc0
      230129000	     11404	80006634	0002da97	auipc	x21,0x2d	 x21=0x80033634
      230149000	     11405	80006638	a98a8a93	addi	x21,x21,-1384	 x21:0x80033634 x21=0x800330cc
      230369000	     11416	8000663c	40a584b3	sub	x9,x11,x10	 x11:0x1716151e x10:0x00000063  x9=0x171614bb
      230549000	     11425	80006640	677a8ea3	sb	x23,1661(x21)	 x21:0x800330cc x23:0x00000203 PA:0x80033749 store:0x00000203 load:0x000000ff
      230609000	     11428	80006644	6685	c.lui	x13,0x1	 x13=0x00001000
      230849000	     11440	80006646	1dbacb83	lbu	x23,475(x21)	 x21:0x800330cc x23=0x0000005c PA:0x800332a7 load:0x0000005c
      230869000	     11441	8000664a	8c91	c.sub	x9,x12	  x9:0x171614bb x12:0x80048e38  x9=0x97118683
      231009000	     11448	8000664c	5cda8203	lb	x4,1485(x21)	 x21:0x800330cc  x4=0x00000052 PA:0x80033699 load:0x00000052
      231029000	     11449	80006650	36cad783	lhu	x15,876(x21)	 x21:0x800330cc x15=0x0000f2f3 PA:0x80033438 load:0x0000f2f3
      231049000	     11450	80006654	5e7a8903	lb	x18,1511(x21)	 x21:0x800330cc x18=0x00000068 PA:0x800336b3 load:0x00000068
      231749000	     11485	80006658	40aac083	lbu	x1,1034(x21)	 x21:0x800330cc  x1=0x0000008d PA:0x800334d6 load:0x0000008d
      232489000	     11522	8000665c	02fb5533	divu	x10,x22,x15	 x22:0x00000000 x15:0x0000f2f3 x10=0x00000000
      232709000	     11533	80006660	679ac083	lbu	x1,1657(x21)	 x21:0x800330cc  x1=0x000000fe PA:0x80033745 load:0x000000fe
      232789000	     11537	80006664	5b7a8f03	lb	x30,1463(x21)	 x21:0x800330cc x30=0x00000038 PA:0x80033683 load:0x00000038
      233049000	     11550	80006668	423acb03	lbu	x22,1059(x21)	 x21:0x800330cc x22=0x000000a4 PA:0x800334ef load:0x000000a4
      233109000	     11553	8000666c	f8da8783	lb	x15,-115(x21)	 x21:0x800330cc x15=0x00000012 PA:0x80033059 load:0x00000012
      233129000	     11554	80006670	1e2ad283	lhu	x5,482(x21)	 x21:0x800330cc  x5=0x00006465 PA:0x800332ae load:0x00006465
      233149000	     11555	80006674	250a86a3	sb	x16,589(x21)	 x21:0x800330cc x16:0x00000010 PA:0x80033319 store:0x00000010 load:0x000000ff
      233169000	     11556	80006678	26eac503	lbu	x10,622(x21)	 x21:0x800330cc x10=0x000000f1 PA:0x8003333a load:0x000000f1
      233189000	     11557	8000667c	44ea8d83	lb	x27,1102(x21)	 x21:0x800330cc x27=0xffffffd1 PA:0x8003351a load:0xffffffd1
      233209000	     11558	80006680	699a8523	sb	x25,1674(x21)	 x21:0x800330cc x25:0x00003e00 PA:0x80033756 store:0x00003e00 load:0x000000ff
      233429000	     11569	80006684	2fba8983	lb	x19,763(x21)	 x21:0x800330cc x19=0x0000007c PA:0x800333c7 load:0x0000007c
      233849000	     11590	80006688	6b7a8903	lb	x18,1719(x21)	 x21:0x800330cc x18=0x00000038 PA:0x80033783 load:0x00000038
      233969000	     11596	8000668c	1ad10537	lui	x10,0x1ad10	 x10=0x1ad10000
      234709000	     11633	80006690	039cd233	divu	x4,x25,x25	 x25:0x00003e00 x25:0x00003e00  x4=0x00000001
      234769000	     11636	80006694	17ea80a3	sb	x30,353(x21)	 x21:0x800330cc x30:0x00000038 PA:0x8003322d store:0x00000038 load:0x000000ff
      234849000	     11640	80006698	2b9a8583	lb	x11,697(x21)	 x21:0x800330cc x11=0x0000003e PA:0x80033385 load:0x0000003e
      235049000	     11650	8000669c	164a8203	lb	x4,356(x21)	 x21:0x800330cc  x4=0xffffffeb PA:0x80033230 load:0xffffffeb
      235089000	     11652	800066a0	022a28b3	mulhsu	x17,x20,x2	 x20:0x00000009  x2:0xf5e39895 x17=0x00000008
      235109000	     11653	800066a4	6ce9	c.lui	x25,0x1a	 x25=0x0001a000
      235129000	     11654	800066a6	00e01f13	slli	x30,x0,0xe	  x0:0x00000000 x30=0x00000000
      235329000	     11664	800066aa	705a84a3	sb	x5,1801(x21)	 x21:0x800330cc  x5:0x00006465 PA:0x800337d5 store:0x00006465 load:0x000000ff
      235389000	     11667	800066ae	6e6a9083	lh	x1,1766(x21)	 x21:0x800330cc  x1=0x00006869 PA:0x800337b2 load:0x00006869
      235409000	     11668	800066b2	8151	c.srli	x10,0x14	 x10:0x1ad10000 x10=0x000001ad
      235429000	     11669	800066b4	98fd	c.andi	x9,-1	  x9:0x97118683  x9=0x97118683
      235709000	     11683	800066b6	fb5a88a3	sb	x21,-79(x21)	 x21:0x800330cc x21:0x800330cc PA:0x8003307d store:0x800330cc load:0x000000ff
      235769000	     11686	800066ba	13dac403	lbu	x8,317(x21)	 x21:0x800330cc  x8=0x000000c2 PA:0x80033209 load:0x000000c2
      235789000	     11687	800066be	047ace03	lbu	x28,71(x21)	 x21:0x800330cc x28=0x000000c8 PA:0x80033113 load:0x000000c8
      235989000	     11697	800066c2	0002df97	auipc	x31,0x2d	 x31=0x800336c2
      236009000	     11698	800066c6	78cf8f93	addi	x31,x31,1932	 x31:0x800336c2 x31=0x80033e4e
      236189000	     11707	800066ca	00fd51b3	srl	x3,x26,x15	 x26:0x8d6d3048 x15:0x00000012  x3=0x0000235b
      236209000	     11708	800066ce	0001	c.addi	x0,0	  x0:0x00000000  x0=0x00000000
      236689000	     11732	800066d0	017f80a3	sb	x23,1(x31)	 x31:0x80033e4e x23:0x0000005c PA:0x80033e4f store:0x0000005c load:0x000000ff
      236709000	     11733	800066d4	007c5d33	srl	x26,x24,x7	 x24:0x0000bec1  x7:0x000000fe x26=0x00000000
      236769000	     11736	800066d8	006fdf03	lhu	x30,6(x31)	 x31:0x80033e4e x30=0x00000e0f PA:0x80033e54 load:0x00000e0f
      236789000	     11737	800066dc	8935	c.andi	x10,13	 x10:0x000001ad x10=0x0000000d
      237349000	     11765	800066de	00bfca03	lbu	x20,11(x31)	 x31:0x80033e4e x20=0x00000012 PA:0x80033e59 load:0x00000012
      237409000	     11768	800066e2	ff9fc583	lbu	x11,-7(x31)	 x31:0x80033e4e x11=0x000000fc PA:0x80033e47 load:0x000000fc
      237449000	     11770	800066e6	ff9fc803	lbu	x16,-7(x31)	 x31:0x80033e4e x16=0x000000fc PA:0x80033e47 load:0x000000fc
      237469000	     11771	800066ea	002213b3	sll	x7,x4,x2	  x4:0xffffffeb  x2:0xf5e39895  x7=0xfd600000
      237489000	     11772	800066ee	02c705b3	mul	x11,x14,x12	 x14:0x8004cce4 x12:0x80048e38 x11=0xde4349e0
      238009000	     11798	800066f2	fe8f8fa3	sb	x8,-1(x31)	 x31:0x80033e4e  x8:0x000000c2 PA:0x80033e4d store:0x000000c2 load:0x000000ff
      238169000	     11806	800066f6	ff7f8b03	lb	x22,-9(x31)	 x31:0x80033e4e x22=0xfffffffe PA:0x80033e45 load:0xfffffffe
      246869000	     12241	800066fa	ff5f8ca3	sb	x21,-7(x31)	 x31:0x80033e4e x21:0x800330cc PA:0x80033e47 store:0x800330cc load:0x000000ff
      246889000	     12242	800066fe	8dc1	c.or	x11,x8	 x11:0xde4349e0  x8:0x000000c2 x11=0xde4349e2
      247349000	     12265	80006700	ffcf9c23	sh	x28,-8(x31)	 x31:0x80033e4e x28:0x000000c8 PA:0x80033e46 store:0x000000c8 load:0x0000ffff
      247369000	     12266	80006704	01560cb3	add	x25,x12,x21	 x12:0x80048e38 x21:0x800330cc x25=0x0007bf04
      247649000	     12280	80006708	008f9903	lh	x18,8(x31)	 x31:0x80033e4e x18=0x00000c0d PA:0x80033e56 load:0x00000c0d
      247709000	     12283	8000670c	ff0f8ca3	sb	x16,-7(x31)	 x31:0x80033e4e x16:0x000000fc PA:0x80033e47 store:0x000000fc load:0x000000ff
      247729000	     12284	80006710	fe7f8823	sb	x7,-16(x31)	 x31:0x80033e4e  x7:0xfd600000 PA:0x80033e3e store:0xfd600000 load:0x000000ff
      247749000	     12285	80006714	0188a193	slti	x3,x17,24	 x17:0x00000008  x3=0x00000001
      247769000	     12286	80006718	98bdc793	xori	x15,x27,-1653	 x27:0xffffffd1 x15=0x0000065a
      247789000	     12287	8000671c	00e64b33	xor	x22,x12,x14	 x12:0x80048e38 x14:0x8004cce4 x22=0x000042dc
      247849000	     12290	80006720	ff1f8383	lb	x7,-15(x31)	 x31:0x80033e4e  x7=0xfffffff4 PA:0x80033e3f load:0xfffffff4
      248069000	     12301	80006724	00bf85a3	sb	x11,11(x31)	 x31:0x80033e4e x11:0xde4349e2 PA:0x80033e59 store:0xde4349e2 load:0x000000ff
      248089000	     12302	80006728	fe9f8ea3	sb	x9,-3(x31)	 x31:0x80033e4e  x9:0x97118683 PA:0x80033e4b store:0x97118683 load:0x000000ff
      248109000	     12303	8000672c	0001	c.addi	x0,0	  x0:0x00000000  x0=0x00000000
      248129000	     12304	8000672e	1751e793	ori	x15,x3,373	  x3:0x00000001 x15=0x00000175
      248369000	     12316	80006732	002fdd03	lhu	x26,2(x31)	 x31:0x80033e4e x26=0x00000a0b PA:0x80033e50 load:0x00000a0b
      248889000	     12342	80006736	ff2f8ea3	sb	x18,-3(x31)	 x31:0x80033e4e x18:0x00000c0d PA:0x80033e4b store:0x00000c0d load:0x000000ff
      248909000	     12343	8000673a	8dad	c.xor	x11,x11	 x11:0xde4349e2 x11:0xde4349e2 x11=0x00000000
      248929000	     12344	8000673c	8f9f8337	lui	x6,0x8f9f8	  x6=0x8f9f8000
      248989000	     12347	80006740	006f9823	sh	x6,16(x31)	 x31:0x80033e4e  x6:0x8f9f8000 PA:0x80033e5e store:0x8f9f8000 load:0x0000ffff
      249009000	     12348	80006744	010f8323	sb	x16,6(x31)	 x31:0x80033e4e x16:0x000000fc PA:0x80033e54 store:0x000000fc load:0x000000ff
      249029000	     12349	80006748	00c393b3	sll	x7,x7,x12	  x7:0xfffffff4 x12:0x80048e38  x7=0xf4000000
      249049000	     12350	8000674c	8d52	c.mv	x26,x20	  x0:0x00000000 x20:0x00000012 x26=0x00000012
      249249000	     12360	8000674e	00dfc183	lbu	x3,13(x31)	 x31:0x80033e4e  x3=0x00000010 PA:0x80033e5b load:0x00000010
      249269000	     12361	80006752	00037417	auipc	x8,0x37	  x8=0x8003d752
      249289000	     12362	80006756	04340413	addi	x8,x8,67	  x8:0x8003d752  x8=0x8003d795
      249469000	     12371	8000675a	0002de97	auipc	x29,0x2d	 x29=0x8003375a
      249729000	     12384	8000675e	640e8e93	addi	x29,x29,1600	 x29:0x8003375a x29=0x80033d9a
      250289000	     12412	80006762	f9b41aa3	sh	x27,-107(x8)	  x8:0x8003d795 x27:0xffffffd1 PA:0x8003d72a store:0xffffffd1 load:0x0000ffff
      250429000	     12419	80006766	081e8f03	lb	x30,129(x29)	 x29:0x80033d9a x30=0xffffffd0 PA:0x80033e1b load:0xffffffd0
      250769000	     12436	8000676a	f2ce9303	lh	x6,-212(x29)	 x29:0x80033d9a  x6=0x00007c7d PA:0x80033cc6 load:0x00007c7d
      250789000	     12437	8000676e	0cf402a3	sb	x15,197(x8)	  x8:0x8003d795 x15:0x00000175 PA:0x8003d85a store:0x00000175 load:0x000000ff
      251129000	     12454	80006772	09141283	lh	x5,145(x8)	  x8:0x8003d795  x5=0xffffdcdd PA:0x8003d826 load:0xffffdcdd
      251189000	     12457	80006776	0a040423	sb	x0,168(x8)	  x8:0x8003d795  x0:0x00000000 PA:0x8003d83d store:0x00000000 load:0x000000ff
      251209000	     12458	8000677a	f3fecc83	lbu	x25,-193(x29)	 x29:0x80033d9a x25=0x00000092 PA:0x80033cd9 load:0x00000092
      251429000	     12469	8000677e	fcb40303	lb	x6,-53(x8)	  x8:0x8003d795  x6=0x0000001b PA:0x8003d760 load:0x0000001b
      251729000	     12484	80006782	fed44883	lbu	x17,-19(x8)	  x8:0x8003d795 x17=0x00000039 PA:0x8003d782 load:0x00000039
      251869000	     12491	80006786	fdde8b83	lb	x23,-35(x29)	 x29:0x80033d9a x23=0x0000002c PA:0x80033d77 load:0x0000002c
      251929000	     12494	8000678a	ff240883	lb	x17,-14(x8)	  x8:0x8003d795 x17=0x0000003c PA:0x8003d787 load:0x0000003c
      252009000	     12498	8000678e	0de40a83	lb	x21,222(x8)	  x8:0x8003d795 x21=0x00000028 PA:0x8003d873 load:0x00000028
      252029000	     12499	80006792	fac40a03	lb	x20,-84(x8)	  x8:0x8003d795 x20=0xfffffffa PA:0x8003d741 load:0xfffffffa
      252069000	     12501	80006796	032e9483	lh	x9,50(x29)	 x29:0x80033d9a  x9=0xffff8687 PA:0x80033dcc load:0xffff8687
      252349000	     12515	8000679a	0002d697	auipc	x13,0x2d	 x13=0x8003379a
      252369000	     12516	8000679e	0aa68693	addi	x13,x13,170	 x13:0x8003379a x13=0x80033844
      252869000	     12541	800067a2	0d768803	lb	x16,215(x13)	 x13:0x80033844 x16=0xffffffd0 PA:0x8003391b load:0xffffffd0
      253069000	     12551	800067a6	fb768ca3	sb	x23,-71(x13)	 x13:0x80033844 x23:0x0000002c PA:0x800337fd store:0x0000002c load:0x000000ff
      253089000	     12552	800067aa	0003cb97	auipc	x23,0x3c	 x23=0x800427aa
      253109000	     12553	800067ae	222b8b93	addi	x23,x23,546	 x23:0x800427aa x23=0x800429cc
      253209000	     12558	800067b2	01db85a3	sb	x29,11(x23)	 x23:0x800429cc x29:0x80033d9a PA:0x800429d7 store:0x80033d9a load:0x000000ff
      253669000	     12581	800067b6	f676cb03	lbu	x22,-153(x13)	 x13:0x80033844 x22=0x00000060 PA:0x800337ab load:0x00000060
      253749000	     12585	800067ba	010bcf83	lbu	x31,16(x23)	 x23:0x800429cc x31=0x00000097 PA:0x800429dc load:0x00000097
      253849000	     12590	800067be	00cb9083	lh	x1,12(x23)	 x23:0x800429cc  x1=0xffff9293 PA:0x800429d8 load:0xffff9293
      254109000	     12603	800067c2	ff8b8a03	lb	x20,-8(x23)	 x23:0x800429cc x20=0x0000007f PA:0x800429c4 load:0x0000007f
      254529000	     12624	800067c6	002bdc03	lhu	x24,2(x23)	 x23:0x800429cc x24=0x00008485 PA:0x800429ce load:0x00008485
      254589000	     12627	800067ca	09b6cc03	lbu	x24,155(x13)	 x13:0x80033844 x24=0x00000094 PA:0x800338df load:0x00000094
      254669000	     12631	800067ce	008b86a3	sb	x8,13(x23)	 x23:0x800429cc  x8:0x8003d795 PA:0x800429d9 store:0x8003d795 load:0x000000ff
      254789000	     12637	800067d2	06a68ea3	sb	x10,125(x13)	 x13:0x80033844 x10:0x0000000d PA:0x800338c1 store:0x0000000d load:0x000000ff
      254969000	     12646	800067d6	00ebd003	lhu	x0,14(x23)	 x23:0x800429cc  x0=0x00000000 PA:0x800429da load:0x00009091
      254989000	     12647	800067da	0002d417	auipc	x8,0x2d	  x8=0x800337da
      255009000	     12648	800067de	ec240413	addi	x8,x8,-318	  x8:0x800337da  x8=0x8003369c
      255229000	     12659	800067e2	01b44c03	lbu	x24,27(x8)	  x8:0x8003369c x24=0x0000006c PA:0x800336b7 load:0x0000006c
      255309000	     12663	800067e6	01b40383	lb	x7,27(x8)	  x8:0x8003369c  x7=0x0000006c PA:0x800336b7 load:0x0000006c
      255369000	     12666	800067ea	04340783	lb	x15,67(x8)	  x8:0x8003369c x15=0xffffff94 PA:0x800336df load:0xffffff94
      255429000	     12669	800067ee	04340d03	lb	x26,67(x8)	  x8:0x8003369c x26=0xffffff94 PA:0x800336df load:0xffffff94
      255449000	     12670	800067f2	00a44783	lbu	x15,10(x8)	  x8:0x8003369c x15=0x0000005d PA:0x800336a6 load:0x0000005d
      255649000	     12680	800067f6	0140c1b3	xor	x3,x1,x20	  x1:0xffff9293 x20:0x0000007f  x3=0xffff92ec
      255709000	     12683	800067fa	0a542023	sw	x5,160(x8)	  x8:0x8003369c  x5:0xffffdcdd PA:0x8003373c store:0xffffdcdd load:0xffffffff
      256069000	     12701	800067fe	08c40583	lb	x11,140(x8)	  x8:0x8003369c x11=0xffffffe3 PA:0x80033728 load:0xffffffe3
      256089000	     12702	80006802	6d0d	c.lui	x26,0x3	 x26=0x00003000
      256549000	     12725	80006804	0cd40683	lb	x13,205(x8)	  x8:0x8003369c x13=0x00000000 PA:0x80033769 load:0x00000000
      256609000	     12728	80006808	0c3406a3	sb	x3,205(x8)	  x8:0x8003369c  x3:0xffff92ec PA:0x80033769 store:0xffff92ec load:0x000000ff
      256809000	     12738	8000680c	f2442b03	lw	x22,-220(x8)	  x8:0x8003369c x22=0x78797a7b PA:0x800335c0 load:0x78797a7b
      257269000	     12761	80006810	fad44383	lbu	x7,-83(x8)	  x8:0x8003369c  x7=0x00000002 PA:0x80033649 load:0x00000002
      257289000	     12762	80006814	03fc0833	mul	x16,x24,x31	 x24:0x0000006c x31:0x00000097 x16=0x00003fb4
      257389000	     12767	80006818	05341c23	sh	x19,88(x8)	  x8:0x8003369c x19:0x0000007c PA:0x800336f4 store:0x0000007c load:0x0000ffff
      257409000	     12768	8000681c	0002d697	auipc	x13,0x2d	 x13=0x8003381c
      257429000	     12769	80006820	c9a68693	addi	x13,x13,-870	 x13:0x8003381c x13=0x800334b6
      257889000	     12792	80006824	01d68b23	sb	x29,22(x13)	 x13:0x800334b6 x29:0x80033d9a PA:0x800334cc store:0x80033d9a load:0x000000ff
      257949000	     12795	80006828	fd16ca03	lbu	x20,-47(x13)	 x13:0x800334b6 x20=0x0000003c PA:0x80033487 load:0x0000003c
      257969000	     12796	8000682c	01e047b3	xor	x15,x0,x30	  x0:0x00000000 x30:0xffffffd0 x15=0xffffffd0
      258709000	     12833	80006830	0346eab3	rem	x21,x13,x20	 x13:0x800334b6 x20:0x0000003c x21=0xffffffe6
      258969000	     12846	80006834	ffd68303	lb	x6,-3(x13)	 x13:0x800334b6  x6=0x00000039 PA:0x800334b3 load:0x00000039
      258989000	     12847	80006838	4094dc93	srai	x25,x9,0x9	  x9:0xffff8687 x25=0xffffffc3
      259409000	     12868	8000683c	fdf6c483	lbu	x9,-33(x13)	 x13:0x800334b6  x9=0x0000004e PA:0x80033495 load:0x0000004e
      259469000	     12871	80006840	02368983	lb	x19,35(x13)	 x13:0x800334b6 x19=0xffffff92 PA:0x800334d9 load:0xffffff92
      259489000	     12872	80006844	ff268c83	lb	x25,-14(x13)	 x13:0x800334b6 x25=0x00000063 PA:0x800334a8 load:0x00000063
      260049000	     12900	80006848	fdb6cd03	lbu	x26,-37(x13)	 x13:0x800334b6 x26=0x0000004a PA:0x80033491 load:0x0000004a
      260109000	     12903	8000684c	fdb68c83	lb	x25,-37(x13)	 x13:0x800334b6 x25=0x0000004a PA:0x80033491 load:0x0000004a
      260129000	     12904	80006850	407b5b93	srai	x23,x22,0x7	 x22:0x78797a7b x23=0x00f0f2f4
      260149000	     12905	80006854	ffd68f03	lb	x30,-3(x13)	 x13:0x800334b6 x30=0x00000039 PA:0x800334b3 load:0x00000039
      260229000	     12909	80006858	fcd69023	sh	x13,-64(x13)	 x13:0x800334b6 x13:0x800334b6 PA:0x80033476 store:0x800334b6 load:0x0000ffff
      260549000	     12925	8000685c	fc068283	lb	x5,-64(x13)	 x13:0x800334b6  x5=0xffffffb6 PA:0x80033476 load:0xffffffb6
      260809000	     12938	80006860	fda6ae83	lw	x29,-38(x13)	 x13:0x800334b6 x29=0x48494a4b PA:0x80033490 load:0x48494a4b
      260829000	     12939	80006864	fdc69a03	lh	x20,-36(x13)	 x13:0x800334b6 x20=0x00004849 PA:0x80033492 load:0x00004849
      260849000	     12940	80006868	0002d597	auipc	x11,0x2d	 x11=0x80033868
      260869000	     12941	8000686c	7e058593	addi	x11,x11,2016	 x11:0x80033868 x11=0x80034048
      260889000	     12942	80006870	2de6f3b7	lui	x7,0x2de6f	  x7=0x2de6f000
      260909000	     12943	80006874	959e	c.add	x11,x7	 x11:0x80034048  x7:0x2de6f000 x11=0xadea3048
      261369000	     12966	80006876	86158d23	sb	x1,-1926(x11)	 x11:0xadea3048  x1:0xffff9293 PA:0xadea28c2 store:0xffff9293 load:0x000000ff
      261809000	     12988	8000687a	cc259023	sh	x2,-832(x11)	 x11:0xadea3048  x2:0xf5e39895 PA:0xadea2d08 store:0xf5e39895 load:0x0000ffff
      261869000	     12991	8000687e	08458323	sb	x4,134(x11)	 x11:0xadea3048  x4:0xffffffeb PA:0xadea30ce store:0xffffffeb load:0x000000ff
      261889000	     12992	80006882	ab8584a3	sb	x24,-1367(x11)	 x11:0xadea3048 x24:0x0000006c PA:0xadea2af1 store:0x0000006c load:0x000000ff
      262089000	     13002	80006886	87a5c883	lbu	x17,-1926(x11)	 x11:0xadea3048 x17=0x00000093 PA:0xadea28c2 load:0x00000093
      262149000	     13005	8000688a	cc059c03	lh	x24,-832(x11)	 x11:0xadea3048 x24=0xffff9895 PA:0xadea2d08 load:0xffff9895
      262169000	     13006	8000688e	41da5e33	sra	x28,x20,x29	 x20:0x00004849 x29:0x48494a4b x28=0x00000009
      262189000	     13007	80006892	6c6146b7	lui	x13,0x6c614	 x13=0x6c614000
      262769000	     13036	80006896	66e58fa3	sb	x14,1663(x11)	 x11:0xadea3048 x14:0x8004cce4 PA:0xadea36c7 store:0x8004cce4 load:0x000000ff
      262789000	     13037	8000689a	038b0cb3	mul	x25,x22,x24	 x22:0x78797a7b x24:0xffff9895 x25=0xc4f25197
      262809000	     13038	8000689e	4fd5b413	sltiu	x8,x11,1277	 x11:0xadea3048  x8=0x00000000
      262989000	     13047	800068a2	08658f03	lb	x30,134(x11)	 x11:0xadea3048 x30=0xffffffeb PA:0xadea30ce load:0xffffffeb
      263049000	     13050	800068a6	02acd9b7	lui	x19,0x2acd	 x19=0x02acd000
      263129000	     13054	800068aa	01f740b3	xor	x1,x14,x31	 x14:0x8004cce4 x31:0x00000097  x1=0x8004cc73
      263149000	     13055	800068ae	40fe57b3	sra	x15,x28,x15	 x28:0x00000009 x15:0xffffffd0 x15=0x00000000
      263329000	     13064	800068b2	03983433	mulhu	x8,x16,x25	 x16:0x00003fb4 x25:0xc4f25197  x8=0x00003102
      263349000	     13065	800068b6	8285	c.srli	x13,0x1	 x13:0x6c614000 x13=0x3630a000
      263789000	     13087	800068b8	ce05ac23	sw	x0,-776(x11)	 x11:0xadea3048  x0:0x00000000 PA:0xadea2d40 store:0x00000000 load:0xffffffff
      263849000	     13090	800068bc	a7859a23	sh	x24,-1420(x11)	 x11:0xadea3048 x24:0xffff9895 PA:0xadea2abc store:0xffff9895 load:0x0000ffff
      263869000	     13091	800068c0	0002df17	auipc	x30,0x2d	 x30=0x800338c0
      263889000	     13092	800068c4	a72f0f13	addi	x30,x30,-1422	 x30:0x800338c0 x30=0x80033332
      263909000	     13093	800068c8	40ecd333	sra	x6,x25,x14	 x25:0xc4f25197 x14:0x8004cce4  x6=0xfc4f2519
      264329000	     13114	800068cc	06e79a37	lui	x20,0x6e79	 x20=0x06e79000
      264389000	     13117	800068d0	fdbf4803	lbu	x16,-37(x30)	 x30:0x80033332 x16=0x000000c6 PA:0x8003330d load:0x000000c6
      264989000	     13147	800068d4	fdbf0203	lb	x4,-37(x30)	 x30:0x80033332  x4=0xffffffc6 PA:0x8003330d load:0xffffffc6
      265049000	     13150	800068d8	fdbf4183	lbu	x3,-37(x30)	 x30:0x80033332  x3=0x000000c6 PA:0x8003330d load:0x000000c6
      265069000	     13151	800068dc	fdbf0203	lb	x4,-37(x30)	 x30:0x80033332  x4=0xffffffc6 PA:0x8003330d load:0xffffffc6
      265089000	     13152	800068e0	fdbf0203	lb	x4,-37(x30)	 x30:0x80033332  x4=0xffffffc6 PA:0x8003330d load:0xffffffc6
      265309000	     13163	800068e4	fcbf0da3	sb	x11,-37(x30)	 x30:0x80033332 x11:0xadea3048 PA:0x8003330d store:0xadea3048 load:0x000000ff
      265529000	     13174	800068e8	fdbf0983	lb	x19,-37(x30)	 x30:0x80033332 x19=0x00000048 PA:0x8003330d load:0x00000048
      265589000	     13177	800068ec	fdbf4983	lbu	x19,-37(x30)	 x30:0x80033332 x19=0x00000048 PA:0x8003330d load:0x00000048
      266329000	     13214	800068f0	03facbb3	div	x23,x21,x31	 x21:0xffffffe6 x31:0x00000097 x23=0x00000000
      266389000	     13217	800068f4	fdbf4803	lbu	x16,-37(x30)	 x30:0x80033332 x16=0x00000048 PA:0x8003330d load:0x00000048
      266409000	     13218	800068f8	9d3a	c.add	x26,x14	 x26:0x0000004a x14:0x8004cce4 x26=0x8004cd2e
      266429000	     13219	800068fa	0ff0000f	fence	iorw,iorw	
      266889000	     13242	800068fe	fdbf0803	lb	x16,-37(x30)	 x30:0x80033332 x16=0x00000048 PA:0x8003330d load:0x00000048
      267309000	     13263	80006902	fc9f0da3	sb	x9,-37(x30)	 x30:0x80033332  x9:0x0000004e PA:0x8003330d store:0x0000004e load:0x000000ff
      267329000	     13264	80006906	0002c597	auipc	x11,0x2c	 x11=0x80032906
      267349000	     13265	8000690a	74258593	addi	x11,x11,1858	 x11:0x80032906 x11=0x80033048
      267369000	     13266	8000690e	48c3fa37	lui	x20,0x48c3f	 x20=0x48c3f000
      267389000	     13267	80006912	95d2	c.add	x11,x20	 x11:0x80033048 x20:0x48c3f000 x11=0xc8c72048
      267449000	     13270	80006914	281587a3	sb	x1,655(x11)	 x11:0xc8c72048  x1:0x8004cc73 PA:0xc8c722d7 store:0x8004cc73 load:0x000000ff
      267469000	     13271	80006918	422588a3	sb	x2,1073(x11)	 x11:0xc8c72048  x2:0xf5e39895 PA:0xc8c72479 store:0xf5e39895 load:0x000000ff
      267529000	     13274	8000691c	043580a3	sb	x3,65(x11)	 x11:0xc8c72048  x3:0x000000c6 PA:0xc8c72089 store:0x000000c6 load:0x000000ff
      267809000	     13288	80006920	f84588a3	sb	x4,-111(x11)	 x11:0xc8c72048  x4:0xffffffc6 PA:0xc8c71fd9 store:0xffffffc6 load:0x000000ff
      268189000	     13307	80006924	28558ca3	sb	x5,665(x11)	 x11:0xc8c72048  x5:0xffffffb6 PA:0xc8c722e1 store:0xffffffb6 load:0x000000ff
      268409000	     13318	80006928	44658ba3	sb	x6,1111(x11)	 x11:0xc8c72048  x6:0xfc4f2519 PA:0xc8c7249f store:0xfc4f2519 load:0x000000ff
      268489000	     13322	8000692c	a0758023	sb	x7,-1536(x11)	 x11:0xc8c72048  x7:0x2de6f000 PA:0xc8c71a48 store:0x2de6f000 load:0x000000ff
      268509000	     13323	80006930	6c69	c.lui	x24,0x1a	 x24=0x0001a000
      268529000	     13324	80006932	02ee6913	ori	x18,x28,46	 x28:0x00000009 x18=0x0000002f
      268949000	     13345	80006936	410e5d93	srai	x27,x28,0x10	 x28:0x00000009 x27=0x00000000
      269009000	     13348	8000693a	25d58aa3	sb	x29,597(x11)	 x11:0xc8c72048 x29:0x48494a4b PA:0xc8c7229d store:0x48494a4b load:0x000000ff
      269209000	     13358	8000693e	28f58d83	lb	x27,655(x11)	 x11:0xc8c72048 x27=0x00000073 PA:0xc8c722d7 load:0x00000073
      269229000	     13359	80006942	6d15	c.lui	x26,0x5	 x26=0x00005000
      269489000	     13372	80006944	4315ce83	lbu	x29,1073(x11)	 x11:0xc8c72048 x29=0x00000095 PA:0xc8c72479 load:0x00000095
      269709000	     13383	80006948	0415cf03	lbu	x30,65(x11)	 x11:0xc8c72048 x30=0x000000c6 PA:0xc8c72089 load:0x000000c6
      269729000	     13384	8000694c	f915ce83	lbu	x29,-111(x11)	 x11:0xc8c72048 x29=0x000000c6 PA:0xc8c71fd9 load:0x000000c6
      269749000	     13385	80006950	29958b03	lb	x22,665(x11)	 x11:0xc8c72048 x22=0xffffffb6 PA:0xc8c722e1 load:0xffffffb6
      269769000	     13386	80006954	45758a03	lb	x20,1111(x11)	 x11:0xc8c72048 x20=0x00000019 PA:0xc8c7249f load:0x00000019
      269949000	     13395	80006958	012026b3	slt	x13,x0,x18	  x0:0x00000000 x18:0x0000002f x13=0x00000001
      270009000	     13398	8000695c	4009d913	srai	x18,x19,0x0	 x19:0x00000048 x18=0x00000048
      270189000	     13407	80006960	8c81	c.sub	x9,x8	  x9:0x0000004e  x8:0x00003102  x9=0xffffcf4c
      270209000	     13408	80006962	01856333	or	x6,x10,x24	 x10:0x0000000d x24:0x0001a000  x6=0x0001a00d
      270329000	     13414	80006966	b1548d13	addi	x26,x9,-1259	  x9:0xffffcf4c x26=0xffffca61
      270889000	     13442	8000696a	a005c903	lbu	x18,-1536(x11)	 x11:0xc8c72048 x18=0x00000000 PA:0xc8c71a48 load:0x00000000
      270909000	     13443	8000696e	0002d997	auipc	x19,0x2d	 x19=0x8003396e
      270929000	     13444	80006972	6da98993	addi	x19,x19,1754	 x19:0x8003396e x19=0x80034048
      270949000	     13445	80006976	1c2c2a37	lui	x20,0x1c2c2	 x20=0x1c2c2000
      270969000	     13446	8000697a	99d2	c.add	x19,x20	 x19:0x80034048 x20:0x1c2c2000 x19=0x9c2f6048
      271229000	     13459	8000697c	c2199323	sh	x1,-986(x19)	 x19:0x9c2f6048  x1:0x8004cc73 PA:0x9c2f5c6e store:0x8004cc73 load:0x0000ffff
      271489000	     13472	80006980	b42980a3	sb	x2,-1215(x19)	 x19:0x9c2f6048  x2:0xf5e39895 PA:0x9c2f5b89 store:0xf5e39895 load:0x000000ff
      271949000	     13495	80006984	243987a3	sb	x3,591(x19)	 x19:0x9c2f6048  x3:0x000000c6 PA:0x9c2f6297 store:0x000000c6 load:0x000000ff
      272149000	     13505	80006988	82698c23	sb	x6,-1992(x19)	 x19:0x9c2f6048  x6:0x0001a00d PA:0x9c2f5880 store:0x0001a00d load:0x000000ff
      272209000	     13508	8000698c	1e7981a3	sb	x7,483(x19)	 x19:0x9c2f6048  x7:0x2de6f000 PA:0x9c2f622b store:0x2de6f000 load:0x000000ff
      272229000	     13509	80006990	ff698223	sb	x22,-28(x19)	 x19:0x9c2f6048 x22:0xffffffb6 PA:0x9c2f602c store:0xffffffb6 load:0x000000ff
      272409000	     13518	80006994	c2699403	lh	x8,-986(x19)	 x19:0x9c2f6048  x8=0xffffcc73 PA:0x9c2f5c6e load:0xffffcc73
      272469000	     13521	80006998	b4198a83	lb	x21,-1215(x19)	 x19:0x9c2f6048 x21=0xffffff95 PA:0x9c2f5b89 load:0xffffff95
      272489000	     13522	8000699c	0001	c.addi	x0,0	  x0:0x00000000  x0=0x00000000
      272509000	     13523	8000699e	015a2e33	slt	x28,x20,x21	 x20:0x1c2c2000 x21:0xffffff95 x28=0x00000000
      273089000	     13552	800069a2	24f9c483	lbu	x9,591(x19)	 x19:0x9c2f6048  x9=0x000000c6 PA:0x9c2f6297 load:0x000000c6
      273109000	     13553	800069a6	50911017	auipc	x0,0x50911	  x0=0x00000000
      273129000	     13554	800069aa	024988b3	mul	x17,x19,x4	 x19:0x9c2f6048  x4:0xffffffc6 x17=0x9d442fb0
      273149000	     13555	800069ae	001bd393	srli	x7,x23,0x1	 x23:0x00000000  x7=0x00000000
      273209000	     13558	800069b2	37398da3	sb	x19,891(x19)	 x19:0x9c2f6048 x19:0x9c2f6048 PA:0x9c2f63c3 store:0x9c2f6048 load:0x000000ff
      273369000	     13566	800069b6	7f098323	sb	x16,2022(x19)	 x19:0x9c2f6048 x16:0x00000048 PA:0x9c2f682e store:0x00000048 load:0x000000ff
      276709000	     13733	800069ba	8389ce83	lbu	x29,-1992(x19)	 x19:0x9c2f6048 x29=0x0000000d PA:0x9c2f5880 load:0x0000000d
      276729000	     13734	800069be	1e39cb83	lbu	x23,483(x19)	 x19:0x9c2f6048 x23=0x00000000 PA:0x9c2f622b load:0x00000000
      276749000	     13735	800069c2	00031917	auipc	x18,0x31	 x18=0x800379c2
      276769000	     13736	800069c6	ef090913	addi	x18,x18,-272	 x18:0x800379c2 x18=0x800378b2
      276889000	     13742	800069ca	f6494e83	lbu	x29,-156(x18)	 x18:0x800378b2 x29=0x000000cd PA:0x80037816 load:0x000000cd
      277029000	     13749	800069ce	f6491583	lh	x11,-156(x18)	 x18:0x800378b2 x11=0xffffcccd PA:0x80037816 load:0xffffcccd
      277489000	     13772	800069d2	0a794c03	lbu	x24,167(x18)	 x18:0x800378b2 x24=0x00000012 PA:0x80037959 load:0x00000012
      277509000	     13773	800069d6	0ab90223	sb	x11,164(x18)	 x18:0x800378b2 x11:0xffffcccd PA:0x80037956 store:0xffffcccd load:0x000000ff
      277529000	     13774	800069da	8db1	c.xor	x11,x12	 x11:0xffffcccd x12:0x80048e38 x11=0x7ffb42f5
      277549000	     13775	800069dc	0bd90223	sb	x29,164(x18)	 x18:0x800378b2 x29:0x000000cd PA:0x80037956 store:0x000000cd load:0x000000ff
      277569000	     13776	800069e0	8491	c.srai	x9,0x4	  x9:0x000000c6  x9=0x0000000c
      277589000	     13777	800069e2	0a491083	lh	x1,164(x18)	 x18:0x800378b2  x1=0x00000ccd PA:0x80037956 load:0x00000ccd
      277729000	     13784	800069e6	0a490503	lb	x10,164(x18)	 x18:0x800378b2 x10=0xffffffcd PA:0x80037956 load:0xffffffcd
      277829000	     13789	800069ea	f9a94c83	lbu	x25,-102(x18)	 x18:0x800378b2 x25=0x00000007 PA:0x8003784c load:0x00000007
      278169000	     13806	800069ee	0b890383	lb	x7,184(x18)	 x18:0x800378b2  x7=0x00000021 PA:0x8003796a load:0x00000021
      279269000	     13861	800069f2	029b55b3	divu	x11,x22,x9	 x22:0xffffffb6  x9:0x0000000c x11=0x1555554f
      279529000	     13874	800069f6	0b895f83	lhu	x31,184(x18)	 x18:0x800378b2 x31=0x00002021 PA:0x8003796a load:0x00002021
      279549000	     13875	800069fa	0b891303	lh	x6,184(x18)	 x18:0x800378b2  x6=0x00002021 PA:0x8003796a load:0x00002021
      279969000	     13896	800069fe	f9f90c03	lb	x24,-97(x18)	 x18:0x800378b2 x24=0x0000000a PA:0x80037851 load:0x0000000a
      279989000	     13897	80006a02	0000100f	fence.i	
      280009000	     13898	80006a06	004f4b33	xor	x22,x30,x4	 x30:0x000000c6  x4:0xffffffc6 x22=0xffffff00
      280209000	     13908	80006a0a	fe495183	lhu	x3,-28(x18)	 x18:0x800378b2  x3=0x00004c4d PA:0x80037896 load:0x00004c4d
      280229000	     13909	80006a0e	0003b097	auipc	x1,0x3b	  x1=0x80041a0e
      280249000	     13910	80006a12	88a08093	addi	x1,x1,-1910	  x1:0x80041a0e  x1=0x80041298
      280309000	     13913	80006a16	00f08f03	lb	x30,15(x1)	  x1:0x80041298 x30=0x0000005c PA:0x800412a7 load:0x0000005c
      280329000	     13914	80006a1a	9d12	c.add	x26,x4	 x26:0xffffca61  x4:0xffffffc6 x26=0xffffca27
      280449000	     13920	80006a1c	00f0c683	lbu	x13,15(x1)	  x1:0x80041298 x13=0x0000005c PA:0x800412a7 load:0x0000005c
      280469000	     13921	80006a20	00f08903	lb	x18,15(x1)	  x1:0x80041298 x18=0x0000005c PA:0x800412a7 load:0x0000005c
      280509000	     13923	80006a24	00c087a3	sb	x12,15(x1)	  x1:0x80041298 x12:0x80048e38 PA:0x800412a7 store:0x80048e38 load:0x000000ff
      280709000	     13933	80006a28	00f0c883	lbu	x17,15(x1)	  x1:0x80041298 x17=0x00000038 PA:0x800412a7 load:0x00000038
      281089000	     13952	80006a2c	01c087a3	sb	x28,15(x1)	  x1:0x80041298 x28:0x00000000 PA:0x800412a7 store:0x00000000 load:0x000000ff
      281269000	     13961	80006a30	00f0c303	lbu	x6,15(x1)	  x1:0x80041298  x6=0x00000000 PA:0x800412a7 load:0x00000000
      281489000	     13972	80006a34	00f08783	lb	x15,15(x1)	  x1:0x80041298 x15=0x00000000 PA:0x800412a7 load:0x00000000
      281649000	     13980	80006a38	00f0cb03	lbu	x22,15(x1)	  x1:0x80041298 x22=0x00000000 PA:0x800412a7 load:0x00000000
      281869000	     13991	80006a3c	00f0c503	lbu	x10,15(x1)	  x1:0x80041298 x10=0x00000000 PA:0x800412a7 load:0x00000000
      281949000	     13995	80006a40	00f0cf03	lbu	x30,15(x1)	  x1:0x80041298 x30=0x00000000 PA:0x800412a7 load:0x00000000
      281969000	     13996	80006a44	0002c797	auipc	x15,0x2c	 x15=0x80032a44
      281989000	     13997	80006a48	76578793	addi	x15,x15,1893	 x15:0x80032a44 x15=0x800331a9
      282049000	     14000	80006a4c	ffe78003	lb	x0,-2(x15)	 x15:0x800331a9  x0=0x00000000 PA:0x800331a7 load:0x0000005c
      282089000	     14002	80006a50	02bb28b3	mulhsu	x17,x22,x11	 x22:0x00000000 x11:0x1555554f x17=0x00000000
      282269000	     14011	80006a54	ff278b23	sb	x18,-10(x15)	 x15:0x800331a9 x18:0x0000005c PA:0x8003319f store:0x0000005c load:0x000000ff
      282289000	     14012	80006a58	01b98cb3	add	x25,x19,x27	 x19:0x9c2f6048 x27:0x00000073 x25=0x9c2f60bb
      282489000	     14022	80006a5c	ff878c03	lb	x24,-8(x15)	 x15:0x800331a9 x24=0x0000005a PA:0x800331a1 load:0x0000005a
      282509000	     14023	80006a60	d6ee0313	addi	x6,x28,-658	 x28:0x00000000  x6=0xfffffd6e
      282709000	     14033	80006a64	ff878883	lb	x17,-8(x15)	 x15:0x800331a9 x17=0x0000005a PA:0x800331a1 load:0x0000005a
      282949000	     14045	80006a68	ff878903	lb	x18,-8(x15)	 x15:0x800331a9 x18=0x0000005a PA:0x800331a1 load:0x0000005a
      283309000	     14063	80006a6c	ff878083	lb	x1,-8(x15)	 x15:0x800331a9  x1=0x0000005a PA:0x800331a1 load:0x0000005a
      283509000	     14073	80006a70	ff878483	lb	x9,-8(x15)	 x15:0x800331a9  x9=0x0000005a PA:0x800331a1 load:0x0000005a
      283569000	     14076	80006a74	ff878803	lb	x16,-8(x15)	 x15:0x800331a9 x16=0x0000005a PA:0x800331a1 load:0x0000005a
      283589000	     14077	80006a78	01ea3ab3	sltu	x21,x20,x30	 x20:0x1c2c2000 x30:0x00000000 x21=0x00000000
      283609000	     14078	80006a7c	ff87c003	lbu	x0,-8(x15)	 x15:0x800331a9  x0=0x00000000 PA:0x800331a1 load:0x0000005a
      283649000	     14080	80006a80	ff878983	lb	x19,-8(x15)	 x15:0x800331a9 x19=0x0000005a PA:0x800331a1 load:0x0000005a
      283709000	     14083	80006a84	ff878503	lb	x10,-8(x15)	 x15:0x800331a9 x10=0x0000005a PA:0x800331a1 load:0x0000005a
      284149000	     14105	80006a88	ff878f03	lb	x30,-8(x15)	 x15:0x800331a9 x30=0x0000005a PA:0x800331a1 load:0x0000005a
      284209000	     14108	80006a8c	fe3788a3	sb	x3,-15(x15)	 x15:0x800331a9  x3:0x00004c4d PA:0x8003319a store:0x00004c4d load:0x000000ff
      284229000	     14109	80006a90	ff178e03	lb	x28,-15(x15)	 x15:0x800331a9 x28=0x0000004d PA:0x8003319a load:0x0000004d
      284469000	     14121	80006a94	ff179c03	lh	x24,-15(x15)	 x15:0x800331a9 x24=0x0000504d PA:0x8003319a load:0x0000504d
      284709000	     14133	80006a98	ff178483	lb	x9,-15(x15)	 x15:0x800331a9  x9=0x0000004d PA:0x8003319a load:0x0000004d
      284729000	     14134	80006a9c	00154bb3	xor	x23,x10,x1	 x10:0x0000005a  x1:0x0000005a x23=0x00000000
      285069000	     14151	80006aa0	0077c983	lbu	x19,7(x15)	 x15:0x800331a9 x19=0x0000006b PA:0x800331b0 load:0x0000006b
      285089000	     14152	80006aa4	6e29	c.lui	x28,0xa	 x28=0x0000a000
      285149000	     14155	80006aa6	0077da03	lhu	x20,7(x15)	 x15:0x800331a9 x20=0x00006a6b PA:0x800331b0 load:0x00006a6b
      285569000	     14176	80006aaa	0097d483	lhu	x9,9(x15)	 x15:0x800331a9  x9=0x00006869 PA:0x800331b2 load:0x00006869
      285589000	     14177	80006aae	00037b97	auipc	x23,0x37	 x23=0x8003daae
      285609000	     14178	80006ab2	f39b8b93	addi	x23,x23,-199	 x23:0x8003daae x23=0x8003d9e7
      285729000	     14184	80006ab6	ffeb8c23	sb	x30,-8(x23)	 x23:0x8003d9e7 x30:0x0000005a PA:0x8003d9df store:0x0000005a load:0x000000ff
      285749000	     14185	80006aba	0002d197	auipc	x3,0x2d	  x3=0x80033aba
      285769000	     14186	80006abe	f2e18193	addi	x3,x3,-210	  x3:0x80033aba  x3=0x800339e8
      285829000	     14189	80006ac2	006bcc83	lbu	x25,6(x23)	 x23:0x8003d9e7 x25=0x000000a6 PA:0x8003d9ed load:0x000000a6
      286169000	     14206	80006ac6	f3518e03	lb	x28,-203(x3)	  x3:0x800339e8 x28=0xffffffd6 PA:0x8003391d load:0xffffffd6
      286629000	     14229	80006aca	ff0bcb03	lbu	x22,-16(x23)	 x23:0x8003d9e7 x22=0x0000008c PA:0x8003d9d7 load:0x0000008c
      286689000	     14232	80006ace	010b8283	lb	x5,16(x23)	 x23:0x8003d9e7  x5=0xffffffac PA:0x8003d9f7 load:0xffffffac
      286729000	     14234	80006ad2	fea187a3	sb	x10,-17(x3)	  x3:0x800339e8 x10:0x0000005a PA:0x800339d7 store:0x0000005a load:0x000000ff
      286929000	     14244	80006ad6	ffebca83	lbu	x21,-2(x23)	 x23:0x8003d9e7 x21=0x0000009e PA:0x8003d9e5 load:0x0000009e
      286949000	     14245	80006ada	01618ca3	sb	x22,25(x3)	  x3:0x800339e8 x22:0x0000008c PA:0x80033a01 store:0x0000008c load:0x000000ff
      286969000	     14246	80006ade	00ab8403	lb	x8,10(x23)	 x23:0x8003d9e7  x8=0xffffffaa PA:0x8003d9f1 load:0xffffffaa
      287089000	     14252	80006ae2	009ba203	lw	x4,9(x23)	 x23:0x8003d9e7  x4=0xa8a9aaab PA:0x8003d9f0 load:0xa8a9aaab
      287149000	     14255	80006ae6	fa318883	lb	x17,-93(x3)	  x3:0x800339e8 x17=0x00000040 PA:0x8003398b load:0x00000040
      287169000	     14256	80006aea	ff3bc203	lbu	x4,-13(x23)	 x23:0x8003d9e7  x4=0x00000091 PA:0x8003d9da load:0x00000091
      287269000	     14261	80006aee	00db8503	lb	x10,13(x23)	 x23:0x8003d9e7 x10=0xffffffaf PA:0x8003d9f4 load:0xffffffaf
      287509000	     14273	80006af2	fbf189a3	sb	x31,-77(x3)	  x3:0x800339e8 x31:0x00002021 PA:0x8003399b store:0x00002021 load:0x000000ff
      287529000	     14274	80006af6	0002c597	auipc	x11,0x2c	 x11=0x80032af6
      287549000	     14275	80006afa	55258593	addi	x11,x11,1362	 x11:0x80032af6 x11=0x80033048
      287569000	     14276	80006afe	35682a37	lui	x20,0x35682	 x20=0x35682000
      287589000	     14277	80006b02	95d2	c.add	x11,x20	 x11:0x80033048 x20:0x35682000 x11=0xb56b5048
      288009000	     14298	80006b04	b40585a3	sb	x0,-1205(x11)	 x11:0xb56b5048  x0:0x00000000 PA:0xb56b4b93 store:0x00000000 load:0x000000ff
      288549000	     14325	80006b08	e8158f23	sb	x1,-354(x11)	 x11:0xb56b5048  x1:0x0000005a PA:0xb56b4ee6 store:0x0000005a load:0x000000ff
      288609000	     14328	80006b0c	2e458423	sb	x4,744(x11)	 x11:0xb56b5048  x4:0x00000091 PA:0xb56b5330 store:0x00000091 load:0x000000ff
      288849000	     14340	80006b10	36558d23	sb	x5,890(x11)	 x11:0xb56b5048  x5:0xffffffac PA:0xb56b53c2 store:0xffffffac load:0x000000ff
      288949000	     14345	80006b14	a66581a3	sb	x6,-1437(x11)	 x11:0xb56b5048  x6:0xfffffd6e PA:0xb56b4aab store:0xfffffd6e load:0x000000ff
      288969000	     14346	80006b18	8ba9	c.andi	x15,10	 x15:0x800331a9 x15=0x00000008
      289289000	     14362	80006b1a	b4b58e03	lb	x28,-1205(x11)	 x11:0xb56b5048 x28=0x00000000 PA:0xb56b4b93 load:0x00000000
      289349000	     14365	80006b1e	e9e58983	lb	x19,-354(x11)	 x11:0xb56b5048 x19=0x0000005a PA:0xb56b4ee6 load:0x0000005a
      289389000	     14367	80006b22	e8f586a3	sb	x15,-371(x11)	 x11:0xb56b5048 x15:0x00000008 PA:0xb56b4ed5 store:0x00000008 load:0x000000ff
      289409000	     14368	80006b26	8e95	c.sub	x13,x13	 x13:0x0000005c x13:0x0000005c x13=0x00000000
      289429000	     14369	80006b28	8d4d	c.or	x10,x11	 x10:0xffffffaf x11:0xb56b5048 x10=0xffffffef
      289489000	     14372	80006b2a	696582a3	sb	x22,1669(x11)	 x11:0xb56b5048 x22:0x0000008c PA:0xb56b56cd store:0x0000008c load:0x000000ff
      289509000	     14373	80006b2e	2e858e83	lb	x29,744(x11)	 x11:0xb56b5048 x29=0xffffff91 PA:0xb56b5330 load:0xffffff91
      289529000	     14374	80006b32	0ff0000f	fence	iorw,iorw	
      289549000	     14375	80006b36	08ae	c.slli	x17,0xb	 x17:0x00000040 x17=0x00020000
      289569000	     14376	80006b38	61be4a37	lui	x20,0x61be4	 x20=0x61be4000
      290129000	     14404	80006b3c	37a58d03	lb	x26,890(x11)	 x11:0xb56b5048 x26=0xffffffac PA:0xb56b53c2 load:0xffffffac
      290389000	     14417	80006b40	a6358a83	lb	x21,-1437(x11)	 x11:0xb56b5048 x21=0x0000006e PA:0xb56b4aab load:0x0000006e
      290409000	     14418	80006b44	01b06f33	or	x30,x0,x27	  x0:0x00000000 x27:0x00000073 x30=0x00000073
      290429000	     14419	80006b48	8952	c.mv	x18,x20	  x0:0x00000000 x20:0x61be4000 x18=0x61be4000
      290549000	     14425	80006b4a	0b858f23	sb	x24,190(x11)	 x11:0xb56b5048 x24:0x0000504d PA:0xb56b5106 store:0x0000504d load:0x000000ff
      290569000	     14426	80006b4e	0002dc17	auipc	x24,0x2d	 x24=0x80033b4e
      290789000	     14437	80006b52	116c0c13	addi	x24,x24,278	 x24:0x80033b4e x24=0x80033c64
      290989000	     14447	80006b56	0003ce17	auipc	x28,0x3c	 x28=0x80042b56
      291149000	     14455	80006b5a	4aae0e13	addi	x28,x28,1194	 x28:0x80042b56 x28=0x80043000
      291529000	     14474	80006b5e	fe8e5b03	lhu	x22,-24(x28)	 x28:0x80043000 x22=0x0000a2a3 PA:0x80042fe8 load:0x0000a2a3
      291989000	     14497	80006b62	ff6c1523	sh	x22,-22(x24)	 x24:0x80033c64 x22:0x0000a2a3 PA:0x80033c4e store:0x0000a2a3 load:0x0000ffff
      292369000	     14516	80006b66	fd9e1d23	sh	x25,-38(x28)	 x28:0x80043000 x25:0x000000a6 PA:0x80042fda store:0x000000a6 load:0x0000ffff
      292989000	     14547	80006b6a	fd6c5303	lhu	x6,-42(x24)	 x24:0x80033c64  x6=0x0000f0f1 PA:0x80033c3a load:0x0000f0f1
      293049000	     14550	80006b6e	feee1e83	lh	x29,-18(x28)	 x28:0x80043000 x29=0xffffa4a5 PA:0x80042fee load:0xffffa4a5
      293409000	     14568	80006b72	02bc4683	lbu	x13,43(x24)	 x24:0x80033c64 x13=0x00000044 PA:0x80033c8f load:0x00000044
      293869000	     14591	80006b76	feae1483	lh	x9,-22(x28)	 x28:0x80043000  x9=0xffffa0a1 PA:0x80042fea load:0xffffa0a1
      293949000	     14595	80006b7a	fe3e4a03	lbu	x20,-29(x28)	 x28:0x80043000 x20=0x00000098 PA:0x80042fe3 load:0x00000098
      294549000	     14625	80006b7e	03be03a3	sb	x27,39(x28)	 x28:0x80043000 x27:0x00000073 PA:0x80043027 store:0x00000073 load:0x000000ff
      295009000	     14648	80006b82	fe0c2903	lw	x18,-32(x24)	 x24:0x80033c64 x18=0xfcfdfeff PA:0x80033c44 load:0xfcfdfeff
      295449000	     14670	80006b86	fc4c0083	lb	x1,-60(x24)	 x24:0x80033c64  x1=0xffffffe3 PA:0x80033c28 load:0xffffffe3
      296009000	     14698	80006b8a	fd8e2623	sw	x24,-52(x28)	 x28:0x80043000 x24:0x80033c64 PA:0x80042fcc store:0x80033c64 load:0xffffffff
      296069000	     14701	80006b8e	011c0ca3	sb	x17,25(x24)	 x24:0x80033c64 x17:0x00020000 PA:0x80033c7d store:0x00020000 load:0x000000ff
      296109000	     14703	80006b92	001c1d23	sh	x1,26(x24)	 x24:0x80033c64  x1:0xffffffe3 PA:0x80033c7e store:0xffffffe3 load:0x0000ffff
      296129000	     14704	80006b96	035e0c83	lb	x25,53(x28)	 x28:0x80043000 x25=0xffffffee PA:0x80043035 load:0xffffffee
      296749000	     14735	80006b9a	034e05a3	sb	x20,43(x28)	 x28:0x80043000 x20:0x00000098 PA:0x8004302b store:0x00000098 load:0x000000ff
      296769000	     14736	80006b9e	0002c217	auipc	x4,0x2c	  x4=0x80032b9e
      296789000	     14737	80006ba2	4aa20213	addi	x4,x4,1194	  x4:0x80032b9e  x4=0x80033048
      296809000	     14738	80006ba6	6c3ed9b7	lui	x19,0x6c3ed	 x19=0x6c3ed000
      296829000	     14739	80006baa	924e	c.add	x4,x19	  x4:0x80033048 x19:0x6c3ed000  x4=0xec420048
      296889000	     14742	80006bac	24121223	sh	x1,580(x4)	  x4:0xec420048  x1:0xffffffe3 PA:0xec42028c store:0xffffffe3 load:0x0000ffff
      296909000	     14743	80006bb0	d0321023	sh	x3,-768(x4)	  x4:0xec420048  x3:0x800339e8 PA:0xec41fd48 store:0x800339e8 load:0x0000ffff
      297329000	     14764	80006bb4	8e420da3	sb	x4,-1797(x4)	  x4:0xec420048  x4:0xec420048 PA:0xec41f943 store:0xec420048 load:0x000000ff
      297789000	     14787	80006bb8	ee5202a3	sb	x5,-283(x4)	  x4:0xec420048  x5:0xffffffac PA:0xec41ff2d store:0xffffffac load:0x000000ff
      297849000	     14790	80006bbc	366203a3	sb	x6,871(x4)	  x4:0xec420048  x6:0x0000f0f1 PA:0xec4203af store:0x0000f0f1 load:0x000000ff
      297869000	     14791	80006bc0	7a721423	sh	x7,1960(x4)	  x4:0xec420048  x7:0x00000021 PA:0xec4207f0 store:0x00000021 load:0x0000ffff
      298609000	     14828	80006bc4	0283e0b3	rem	x1,x7,x8	  x7:0x00000021  x8:0xffffffaa  x1=0x00000021
      298629000	     14829	80006bc8	8c0d	c.sub	x8,x11	  x8:0xffffffaa x11:0xb56b5048  x8=0x4a94af62
      298649000	     14830	80006bca	086d	c.addi	x16,27	 x16:0x0000005a x16=0x00000075
      299109000	     14853	80006bcc	bc320da3	sb	x3,-1061(x4)	  x4:0xec420048  x3:0x800339e8 PA:0xec41fc23 store:0x800339e8 load:0x000000ff
      299169000	     14856	80006bd0	24425583	lhu	x11,580(x4)	  x4:0xec420048 x11=0x0000ffe3 PA:0xec42028c load:0x0000ffe3
      299189000	     14857	80006bd4	844207a3	sb	x4,-1969(x4)	  x4:0xec420048  x4:0xec420048 PA:0xec41f897 store:0xec420048 load:0x000000ff
      299929000	     14894	80006bd8	031cf0b3	remu	x1,x25,x17	 x25:0xffffffee x17:0x00020000  x1=0x0001ffee
      300109000	     14903	80006bdc	d0025b03	lhu	x22,-768(x4)	  x4:0xec420048 x22=0x000039e8 PA:0xec41fd48 load:0x000039e8
      300169000	     14906	80006be0	8fb24583	lbu	x11,-1797(x4)	  x4:0xec420048 x11=0x00000048 PA:0xec41f943 load:0x00000048
      300209000	     14908	80006be4	0318a933	mulhsu	x18,x17,x17	 x17:0x00020000 x17:0x00020000 x18=0x00000004
      300229000	     14909	80006be8	9492f393	andi	x7,x5,-1719	  x5:0xffffffac  x7=0xfffff908
      300249000	     14910	80006bec	00d3afb3	slt	x31,x7,x13	  x7:0xfffff908 x13:0x00000044 x31=0x00000001
      300269000	     14911	80006bf0	ee520983	lb	x19,-283(x4)	  x4:0xec420048 x19=0xffffffac PA:0xec41ff2d load:0xffffffac
      300389000	     14917	80006bf4	36720803	lb	x16,871(x4)	  x4:0xec420048 x16=0xfffffff1 PA:0xec4203af load:0xfffffff1
      300549000	     14925	80006bf8	7a821183	lh	x3,1960(x4)	  x4:0xec420048  x3=0x00000021 PA:0xec4207f0 load:0x00000021
      300749000	     14935	80006bfc	8fc32293	slti	x5,x6,-1796	  x6:0x0000f0f1  x5=0x00000000
      301209000	     14958	80006c00	2c9208a3	sb	x9,721(x4)	  x4:0xec420048  x9:0xffffa0a1 PA:0xec420319 store:0xffffa0a1 load:0x000000ff
      301589000	     14977	80006c04	00034e97	auipc	x29,0x34	 x29=0x8003ac04
      301929000	     14994	80006c08	dbfe8e93	addi	x29,x29,-577	 x29:0x8003ac04 x29=0x8003a9c3
      302429000	     15019	80006c0c	000ecd03	lbu	x26,0(x29)	 x29:0x8003a9c3 x26=0x00000078 PA:0x8003a9c3 load:0x00000078
      302449000	     15020	80006c10	ff2e8b03	lb	x22,-14(x29)	 x29:0x8003a9c3 x22=0x0000006e PA:0x8003a9b5 load:0x0000006e
      302489000	     15022	80006c14	007e83a3	sb	x7,7(x29)	 x29:0x8003a9c3  x7:0xfffff908 PA:0x8003a9ca store:0xfffff908 load:0x000000ff
      302529000	     15024	80006c18	03a199b3	mulh	x19,x3,x26	  x3:0x00000021 x26:0x00000078 x19=0x00000000
      303049000	     15050	80006c1c	ff3e8803	lb	x16,-13(x29)	 x29:0x8003a9c3 x16=0x0000006d PA:0x8003a9b6 load:0x0000006d
      303089000	     15052	80006c20	025ac5b3	div	x11,x21,x5	 x21:0x0000006e  x5:0x00000000 x11=0xffffffff
      303149000	     15055	80006c24	003e9883	lh	x17,3(x29)	 x29:0x8003a9c3 x17=0x00007c7d PA:0x8003a9c6 load:0x00007c7d
      303169000	     15056	80006c28	03280833	mul	x16,x16,x18	 x16:0x0000006d x18:0x00000004 x16=0x000001b4
      303469000	     15071	80006c2c	016e8623	sb	x22,12(x29)	 x29:0x8003a9c3 x22:0x0000006e PA:0x8003a9cf store:0x0000006e load:0x000000ff
      303669000	     15081	80006c30	fffe9a03	lh	x20,-1(x29)	 x29:0x8003a9c3 x20=0x00007879 PA:0x8003a9c2 load:0x00007879
      303689000	     15082	80006c34	235fc313	xori	x6,x31,565	 x31:0x00000001  x6=0x00000234
      303709000	     15083	80006c38	0000100f	fence.i	
      303909000	     15093	80006c3c	41540933	sub	x18,x8,x21	  x8:0x4a94af62 x21:0x0000006e x18=0x4a94aef4
      303929000	     15094	80006c40	01a07f33	and	x30,x0,x26	  x0:0x00000000 x26:0x00000078 x30=0x00000000
      304009000	     15098	80006c44	00b303b3	add	x7,x6,x11	  x6:0x00000234 x11:0xffffffff  x7=0x00000233
      304029000	     15099	80006c48	8ce9	c.and	x9,x10	  x9:0xffffa0a1 x10:0xffffffef  x9=0xffffa0a1
      304149000	     15105	80006c4a	002e8723	sb	x2,14(x29)	 x29:0x8003a9c3  x2:0xf5e39895 PA:0x8003a9d1 store:0xf5e39895 load:0x000000ff
      304889000	     15142	80006c4e	024b7433	remu	x8,x22,x4	 x22:0x0000006e  x4:0xec420048  x8=0x0000006e
      305349000	     15165	80006c52	ffae8b83	lb	x23,-6(x29)	 x29:0x8003a9c3 x23=0x00000076 PA:0x8003a9bd load:0x00000076
      305369000	     15166	80006c56	10fd	c.addi	x1,-1	  x1:0x0001ffee  x1=0x0001ffed
      305389000	     15167	80006c58	00303c33	sltu	x24,x0,x3	  x0:0x00000000  x3:0x00000021 x24=0x00000001
      305409000	     15168	80006c5c	1c65e313	ori	x6,x11,454	 x11:0xffffffff  x6=0xffffffff
      305429000	     15169	80006c60	0001	c.addi	x0,0	  x0:0x00000000  x0=0x00000000
      305449000	     15170	80006c62	40bedd93	srai	x27,x29,0xb	 x29:0x8003a9c3 x27=0xfff00075
      305609000	     15178	80006c66	00decd03	lbu	x26,13(x29)	 x29:0x8003a9c3 x26=0x0000008b PA:0x8003a9d0 load:0x0000008b
      306169000	     15206	80006c6a	ff7e8da3	sb	x23,-5(x29)	 x29:0x8003a9c3 x23:0x00000076 PA:0x8003a9be store:0x00000076 load:0x000000ff
      306189000	     15207	80006c6e	ccb0fb93	andi	x23,x1,-821	  x1:0x0001ffed x23=0x0001fcc9
      306209000	     15208	80006c72	41bd5f13	srai	x30,x26,0x1b	 x26:0x0000008b x30=0x00000000
      306449000	     15220	80006c76	ff6ec083	lbu	x1,-10(x29)	 x29:0x8003a9c3  x1=0x00000072 PA:0x8003a9b9 load:0x00000072
      306469000	     15221	80006c7a	99fd	c.andi	x11,-1	 x11:0xffffffff x11=0xffffffff
      306489000	     15222	80006c7c	05a2	c.slli	x11,0x8	 x11:0xffffffff x11=0xffffff00
      306509000	     15223	80006c7e	9ca2f493	andi	x9,x5,-1590	  x5:0x00000000  x9=0x00000000
      306869000	     15241	80006c82	fece8e23	sb	x12,-4(x29)	 x29:0x8003a9c3 x12:0x80048e38 PA:0x8003a9bf store:0x80048e38 load:0x000000ff
      307129000	     15254	80006c86	00bed003	lhu	x0,11(x29)	 x29:0x8003a9c3  x0=0x00000000 PA:0x8003a9ce load:0x00006e85
      307149000	     15255	80006c8a	010e91a3	sh	x16,3(x29)	 x29:0x8003a9c3 x16:0x000001b4 PA:0x8003a9c6 store:0x000001b4 load:0x0000ffff
      307329000	     15264	80006c8e	008e8883	lb	x17,8(x29)	 x29:0x8003a9c3 x17=0xffffff80 PA:0x8003a9cb load:0xffffff80
      307529000	     15274	80006c92	010e8203	lb	x4,16(x29)	 x29:0x8003a9c3  x4=0xffffff88 PA:0x8003a9d3 load:0xffffff88
      307549000	     15275	80006c96	0002c817	auipc	x16,0x2c	 x16=0x80032c96
      307569000	     15276	80006c9a	7ff80813	addi	x16,x16,2047	 x16:0x80032c96 x16=0x80033495
      307669000	     15281	80006c9e	0003a597	auipc	x11,0x3a	 x11=0x80040c9e
      307689000	     15282	80006ca2	2ea58593	addi	x11,x11,746	 x11:0x80040c9e x11=0x80040f88
      307749000	     15285	80006ca6	02480f23	sb	x4,62(x16)	 x16:0x80033495  x4:0xffffff88 PA:0x800334d3 store:0xffffff88 load:0x000000ff
      307929000	     15294	80006caa	03585683	lhu	x13,53(x16)	 x16:0x80033495 x13=0x00008081 PA:0x800334ca load:0x00008081
      307949000	     15295	80006cae	0045a303	lw	x6,4(x11)	 x11:0x80040f88  x6=0x44454647 PA:0x80040f8c load:0x44454647
      308009000	     15298	80006cb2	ff95ce83	lbu	x29,-7(x11)	 x11:0x80040f88 x29=0x0000003a PA:0x80040f81 load:0x0000003a
      308649000	     15330	80006cb6	00159223	sh	x1,4(x11)	 x11:0x80040f88  x1:0x00000072 PA:0x80040f8c store:0x00000072 load:0x0000ffff
      308709000	     15333	80006cba	c99c	c.sw	x15,16(x11)	 x11:0x80040f88 x15:0x00000008 PA:0x80040f98 store:0x00000008 load:0xffffffff
      308729000	     15334	80006cbc	fcb82e03	lw	x28,-53(x16)	 x16:0x80033495 x28=0x18191a1b PA:0x80033460 load:0x18191a1b
      309349000	     15365	80006cc0	ff05df03	lhu	x30,-16(x11)	 x11:0x80040f88 x30=0x00003233 PA:0x80040f78 load:0x00003233
      309409000	     15368	80006cc4	fe480983	lb	x19,-28(x16)	 x16:0x80033495 x19=0x00000032 PA:0x80033479 load:0x00000032
      309429000	     15369	80006cc8	fe780e83	lb	x29,-25(x16)	 x16:0x80033495 x29=0x00000037 PA:0x8003347c load:0x00000037
      309549000	     15375	80006ccc	00458883	lb	x17,4(x11)	 x11:0x80040f88 x17=0x00000072 PA:0x80040f8c load:0x00000072
      309569000	     15376	80006cd0	00035817	auipc	x16,0x35	 x16=0x8003bcd0
      309589000	     15377	80006cd4	02280813	addi	x16,x16,34	 x16:0x8003bcd0 x16=0x8003bcf2
      309749000	     15385	80006cd8	43449197	auipc	x3,0x43449	  x3=0xc344fcd8
      309949000	     15395	80006cdc	fb384583	lbu	x11,-77(x16)	 x16:0x8003bcf2 x11=0x0000005e PA:0x8003bca5 load:0x0000005e
      310689000	     15432	80006ce0	02727fb3	remu	x31,x4,x7	  x4:0xffffff88  x7:0x00000233 x31=0x00000044
      311049000	     15450	80006ce4	fb380583	lb	x11,-77(x16)	 x16:0x8003bcf2 x11=0x0000005e PA:0x8003bca5 load:0x0000005e
      311129000	     15454	80006ce8	fb384883	lbu	x17,-77(x16)	 x16:0x8003bcf2 x17=0x0000005e PA:0x8003bca5 load:0x0000005e
      311149000	     15455	80006cec	8ec5	c.or	x13,x9	 x13:0x00008081  x9:0x00000000 x13=0x00008081
      311169000	     15456	80006cee	0d282b23	sw	x18,214(x16)	 x16:0x8003bcf2 x18:0x4a94aef4 PA:0x8003bdc8 store:0x4a94aef4 load:0xffffffff
      311289000	     15462	80006cf2	f1d80583	lb	x11,-227(x16)	 x16:0x8003bcf2 x11=0xffffffc4 PA:0x8003bc0f load:0xffffffc4
      311689000	     15482	80006cf6	f1d84e83	lbu	x29,-227(x16)	 x16:0x8003bcf2 x29=0x000000c4 PA:0x8003bc0f load:0x000000c4
      311729000	     15484	80006cfa	02d43e33	mulhu	x28,x8,x13	  x8:0x0000006e x13:0x00008081 x28=0x00000000
      312089000	     15502	80006cfe	f1d80783	lb	x15,-227(x16)	 x16:0x8003bcf2 x15=0xffffffc4 PA:0x8003bc0f load:0xffffffc4
      312109000	     15503	80006d02	59bd4b13	xori	x22,x26,1435	 x26:0x0000008b x22=0x00000510
      312129000	     15504	80006d06	0000100f	fence.i	
      312889000	     15542	80006d0a	f1d80f83	lb	x31,-227(x16)	 x16:0x8003bcf2 x31=0xffffffc4 PA:0x8003bc0f load:0xffffffc4
      312989000	     15547	80006d0e	f6b84003	lbu	x0,-149(x16)	 x16:0x8003bcf2  x0=0x00000000 PA:0x8003bc5d load:0x00000016
      313209000	     15558	80006d12	f6b80303	lb	x6,-149(x16)	 x16:0x8003bcf2  x6=0x00000016 PA:0x8003bc5d load:0x00000016
      313229000	     15559	80006d16	0002da17	auipc	x20,0x2d	 x20=0x80033d16
      313249000	     15560	80006d1a	cb0a0a13	addi	x20,x20,-848	 x20:0x80033d16 x20=0x800339c6
      313709000	     15583	80006d1e	96ca1483	lh	x9,-1684(x20)	 x20:0x800339c6  x9=0xffffe8e9 PA:0x80033332 load:0xffffe8e9
      313729000	     15584	80006d22	6bdd	c.lui	x23,0x17	 x23=0x00017000
      314469000	     15621	80006d24	02b47d33	remu	x26,x8,x11	  x8:0x0000006e x11:0xffffffc4 x26=0x0000006e
      314489000	     15622	80006d28	b8306b13	ori	x22,x0,-1149	  x0:0x00000000 x22=0xfffffb83
      314549000	     15625	80006d2c	961a1623	sh	x1,-1684(x20)	 x20:0x800339c6  x1:0x00000072 PA:0x80033332 store:0x00000072 load:0x0000ffff
      314569000	     15626	80006d30	001260b3	or	x1,x4,x1	  x4:0xffffff88  x1:0x00000072  x1=0xfffffffa
      314989000	     15647	80006d34	96ca5083	lhu	x1,-1684(x20)	 x20:0x800339c6  x1=0x00000072 PA:0x80033332 load:0x00000072
      315129000	     15654	80006d38	3cea2c83	lw	x25,974(x20)	 x20:0x800339c6 x25=0x4c4d4e4f PA:0x80033d94 load:0x4c4d4e4f
      315149000	     15655	80006d3c	3cea5e03	lhu	x28,974(x20)	 x20:0x800339c6 x28=0x00004e4f PA:0x80033d94 load:0x00004e4f
      315269000	     15661	80006d40	aeba03a3	sb	x11,-1305(x20)	 x20:0x800339c6 x11:0xffffffc4 PA:0x800334ad store:0xffffffc4 load:0x000000ff
      315369000	     15666	80006d44	af2a03a3	sb	x18,-1305(x20)	 x20:0x800339c6 x18:0x4a94aef4 PA:0x800334ad store:0x4a94aef4 load:0x000000ff
      315549000	     15675	80006d48	4d4a0203	lb	x4,1236(x20)	 x20:0x800339c6  x4=0x00000051 PA:0x80033e9a load:0x00000051
      315569000	     15676	80006d4c	412a1223	sh	x18,1028(x20)	 x20:0x800339c6 x18:0x4a94aef4 PA:0x80033dca store:0x4a94aef4 load:0x0000ffff
      315589000	     15677	80006d50	8ebe	c.mv	x29,x15	  x0:0x00000000 x15:0xffffffc4 x29=0xffffffc4
      315609000	     15678	80006d52	404a5003	lhu	x0,1028(x20)	 x20:0x800339c6  x0=0x00000000 PA:0x80033dca load:0x0000aef4
      315649000	     15680	80006d56	fbda4803	lbu	x16,-67(x20)	 x20:0x800339c6 x16=0x00000038 PA:0x80033983 load:0x00000038
      315809000	     15688	80006d5a	8c6a5f83	lhu	x31,-1850(x20)	 x20:0x800339c6 x31=0x00004647 PA:0x8003328c load:0x00004647
      315889000	     15692	80006d5e	8c6a2b83	lw	x23,-1850(x20)	 x20:0x800339c6 x23=0x44454647 PA:0x8003328c load:0x44454647
      315989000	     15697	80006d62	0002d197	auipc	x3,0x2d	  x3=0x80033d62
      316409000	     15718	80006d66	b9318193	addi	x3,x3,-1133	  x3:0x80033d62  x3=0x800338f5
      316629000	     15729	80006d6a	fd918a23	sb	x25,-44(x3)	  x3:0x800338f5 x25:0x4c4d4e4f PA:0x800338c9 store:0x4c4d4e4f load:0x000000ff
      317049000	     15750	80006d6e	01a18e03	lb	x28,26(x3)	  x3:0x800338f5 x28=0xffffffc4 PA:0x8003390f load:0xffffffc4
      317069000	     15751	80006d72	0001	c.addi	x0,0	  x0:0x00000000  x0=0x00000000
      317129000	     15754	80006d74	03d1a1a3	sw	x29,35(x3)	  x3:0x800338f5 x29:0xffffffc4 PA:0x80033918 store:0xffffffc4 load:0xffffffff
      317149000	     15755	80006d78	fcc18123	sb	x12,-62(x3)	  x3:0x800338f5 x12:0x80048e38 PA:0x800338b7 store:0x80048e38 load:0x000000ff
      317429000	     15769	80006d7c	fcf1a783	lw	x15,-49(x3)	  x3:0x800338f5 x15=0x7c7d7e7f PA:0x800338c4 load:0x7c7d7e7f
      317489000	     15772	80006d80	ff3191a3	sh	x19,-29(x3)	  x3:0x800338f5 x19:0x00000032 PA:0x800338d8 store:0x00000032 load:0x0000ffff
      317509000	     15773	80006d84	4118d293	srai	x5,x17,0x11	 x17:0x0000005e  x5=0x00000000
      317529000	     15774	80006d88	36fdab93	slti	x23,x27,879	 x27:0xfff00075 x23=0x00000001
      317569000	     15776	80006d8c	01d94cb3	xor	x25,x18,x29	 x18:0x4a94aef4 x29:0xffffffc4 x25=0xb56b5130
      317909000	     15793	80006d90	03319aa3	sh	x19,53(x3)	  x3:0x800338f5 x19:0x00000032 PA:0x8003392a store:0x00000032 load:0x0000ffff
      318089000	     15802	80006d94	fed1cc03	lbu	x24,-19(x3)	  x3:0x800338f5 x24=0x00000099 PA:0x800338e2 load:0x00000099
      318549000	     15825	80006d98	fda186a3	sb	x26,-51(x3)	  x3:0x800338f5 x26:0x0000006e PA:0x800338c2 store:0x0000006e load:0x000000ff
      318749000	     15835	80006d9c	fcf18283	lb	x5,-49(x3)	  x3:0x800338f5  x5=0x0000007f PA:0x800338c4 load:0x0000007f
      319149000	     15855	80006da0	fe7183a3	sb	x7,-25(x3)	  x3:0x800338f5  x7:0x00000233 PA:0x800338dc store:0x00000233 load:0x000000ff
      319449000	     15870	80006da4	0281ca03	lbu	x20,40(x3)	  x3:0x800338f5 x20=0x000000d6 PA:0x8003391d load:0x000000d6
      319469000	     15871	80006da8	8cb5	c.xor	x9,x13	  x9:0xffffe8e9 x13:0x00008081  x9=0xffff6868
      319729000	     15884	80006daa	fe918e23	sb	x9,-4(x3)	  x3:0x800338f5  x9:0xffff6868 PA:0x800338f1 store:0xffff6868 load:0x000000ff
      319749000	     15885	80006dae	fdd18423	sb	x29,-56(x3)	  x3:0x800338f5 x29:0xffffffc4 PA:0x800338bd store:0xffffffc4 load:0x000000ff
      320169000	     15906	80006db2	00819ea3	sh	x8,29(x3)	  x3:0x800338f5  x8:0x0000006e PA:0x80033912 store:0x0000006e load:0x0000ffff
      320189000	     15907	80006db6	0001	c.addi	x0,0	  x0:0x00000000  x0=0x00000000
      320249000	     15910	80006db8	fcd1ca83	lbu	x21,-51(x3)	  x3:0x800338f5 x21=0x0000006e PA:0x800338c2 load:0x0000006e
      320269000	     15911	80006dbc	8dc5	c.or	x11,x9	 x11:0xffffffc4  x9:0xffff6868 x11=0xffffffec
      320289000	     15912	80006dbe	fe41a1a3	sw	x4,-29(x3)	  x3:0x800338f5  x4:0x00000051 PA:0x800338d8 store:0x00000051 load:0xffffffff
      320729000	     15934	80006dc2	02c1c003	lbu	x0,44(x3)	  x3:0x800338f5  x0=0x00000000 PA:0x80033921 load:0x000000da
      320789000	     15937	80006dc6	0221cb03	lbu	x22,34(x3)	  x3:0x800338f5 x22=0x000000cc PA:0x80033917 load:0x000000cc
      320809000	     15938	80006dca	991a	c.add	x18,x6	 x18:0x4a94aef4  x6:0x00000016 x18=0x4a94af0a
      320989000	     15947	80006dcc	03d1c303	lbu	x6,61(x3)	  x3:0x800338f5  x6=0x000000e9 PA:0x80033932 load:0x000000e9
      321129000	     15954	80006dd0	fd519783	lh	x15,-43(x3)	  x3:0x800338f5 x15=0xffff8081 PA:0x800338ca load:0xffff8081
      321229000	     15959	80006dd4	00b1a9a3	sw	x11,19(x3)	  x3:0x800338f5 x11:0xffffffec PA:0x80033908 store:0xffffffec load:0xffffffff
      321249000	     15960	80006dd8	8b7d3097	auipc	x1,0x8b7d3	  x1=0x0b7d9dd8
      321569000	     15976	80006ddc	04118023	sb	x1,64(x3)	  x3:0x800338f5  x1:0x0b7d9dd8 PA:0x80033935 store:0x0b7d9dd8 load:0x000000ff
      321589000	     15977	80006de0	8f99	c.sub	x15,x14	 x15:0xffff8081 x14:0x8004cce4 x15=0x7ffab39d
      321929000	     15994	80006de2	ffe1cc03	lbu	x24,-2(x3)	  x3:0x800338f5 x24=0x000000a8 PA:0x800338f3 load:0x000000a8
      321969000	     15996	80006de6	02ecac33	mulhsu	x24,x25,x14	 x25:0xb56b5130 x14:0x8004cce4 x24=0xdab44294
      322009000	     15998	80006dea	03c32233	mulhsu	x4,x6,x28	  x6:0x000000e9 x28:0xffffffc4  x4=0x000000e8
      322069000	     16001	80006dee	fd418a03	lb	x20,-44(x3)	  x3:0x800338f5 x20=0x0000004f PA:0x800338c9 load:0x0000004f
      322089000	     16002	80006df2	8572	c.mv	x10,x28	  x0:0x00000000 x28:0xffffffc4 x10=0xffffffc4
      322109000	     16003	80006df4	fd01afa3	sw	x16,-33(x3)	  x3:0x800338f5 x16:0x00000038 PA:0x800338d4 store:0x00000038 load:0xffffffff
      322129000	     16004	80006df8	2d7b4993	xori	x19,x22,727	 x22:0x000000cc x19=0x0000021b
      322309000	     16013	80006dfc	0001	c.addi	x0,0	  x0:0x00000000  x0=0x00000000
      322329000	     16014	80006dfe	e3e58f93	addi	x31,x11,-450	 x11:0xffffffec x31=0xfffffe2a
      322769000	     16036	80006e02	027519b3	mulh	x19,x10,x7	 x10:0xffffffc4  x7:0x00000233 x19=0xffffffff
      322789000	     16037	80006e06	8ea1	c.xor	x13,x8	 x13:0x00008081  x8:0x0000006e x13=0x000080ef
      322849000	     16040	80006e08	fcb18aa3	sb	x11,-43(x3)	  x3:0x800338f5 x11:0xffffffec PA:0x800338ca store:0xffffffec load:0x000000ff
      322869000	     16041	80006e0c	00034997	auipc	x19,0x34	 x19=0x8003ae0c
      322889000	     16042	80006e10	5e898993	addi	x19,x19,1512	 x19:0x8003ae0c x19=0x8003b3f4
      323229000	     16059	80006e14	0002c697	auipc	x13,0x2c	 x13=0x80032e14
      323429000	     16069	80006e18	6d468693	addi	x13,x13,1748	 x13:0x80032e14 x13=0x800334e8
      323989000	     16097	80006e1c	faf98083	lb	x1,-81(x19)	 x19:0x8003b3f4  x1=0x00000058 PA:0x8003b3a3 load:0x00000058
      324249000	     16110	80006e20	0e19c883	lbu	x17,225(x19)	 x19:0x8003b3f4 x17=0x0000008e PA:0x8003b4d5 load:0x0000008e
      324269000	     16111	80006e24	f4c68ba3	sb	x12,-169(x13)	 x13:0x800334e8 x12:0x80048e38 PA:0x8003343f store:0x80048e38 load:0x000000ff
      324289000	     16112	80006e28	3a76c283	lbu	x5,935(x13)	 x13:0x800334e8  x5=0x00000039 PA:0x8003388f load:0x00000039
      324709000	     16133	80006e2c	0929c083	lbu	x1,146(x19)	 x19:0x8003b3f4  x1=0x0000003d PA:0x8003b486 load:0x0000003d
      324769000	     16136	80006e30	09098ca3	sb	x16,153(x19)	 x19:0x8003b3f4 x16:0x00000038 PA:0x8003b48d store:0x00000038 load:0x000000ff
      324989000	     16147	80006e34	31768e03	lb	x28,791(x13)	 x13:0x800334e8 x28=0xffffffb4 PA:0x800337ff load:0xffffffb4
      325309000	     16163	80006e38	0449dd83	lhu	x27,68(x19)	 x19:0x8003b3f4 x27=0x0000f2f3 PA:0x8003b438 load:0x0000f2f3
      325489000	     16172	80006e3c	0a79cf83	lbu	x31,167(x19)	 x19:0x8003b3f4 x31=0x00000050 PA:0x8003b49b load:0x00000050
      325989000	     16197	80006e40	6e968483	lb	x9,1769(x13)	 x13:0x800334e8  x9=0xffffff8a PA:0x80033bd1 load:0xffffff8a
      326089000	     16202	80006e44	0419c883	lbu	x17,65(x19)	 x19:0x8003b3f4 x17=0x000000ee PA:0x8003b435 load:0x000000ee
      326109000	     16203	80006e48	0066c003	lbu	x0,6(x13)	 x13:0x800334e8  x0=0x00000000 PA:0x800334ee load:0x000000a5
      326129000	     16204	80006e4c	3aa6d203	lhu	x4,938(x13)	 x13:0x800334e8  x4=0x00004849 PA:0x80033892 load:0x00004849
      326149000	     16205	80006e50	fa5989a3	sb	x5,-77(x19)	 x19:0x8003b3f4  x5:0x00000039 PA:0x8003b3a7 store:0x00000039 load:0x000000ff
      326569000	     16226	80006e54	5746a823	sw	x20,1392(x13)	 x13:0x800334e8 x20:0x0000004f PA:0x80033a58 store:0x0000004f load:0xffffffff
      326629000	     16229	80006e58	0db99d23	sh	x27,218(x19)	 x19:0x8003b3f4 x27:0x0000f2f3 PA:0x8003b4ce store:0x0000f2f3 load:0x0000ffff
      326649000	     16230	80006e5c	00032b17	auipc	x22,0x32	 x22=0x80038e5c
      326669000	     16231	80006e60	8c5b0b13	addi	x22,x22,-1851	 x22:0x80038e5c x22=0x80038721
      326909000	     16243	80006e64	386b4b83	lbu	x23,902(x22)	 x22:0x80038721 x23=0x0000005c PA:0x80038aa7 load:0x0000005c
      326929000	     16244	80006e68	0002d817	auipc	x16,0x2d	 x16=0x80033e68
      326949000	     16245	80006e6c	abf80813	addi	x16,x16,-1345	 x16:0x80033e68 x16=0x80033927
      327009000	     16248	80006e70	013803a3	sb	x19,7(x16)	 x16:0x80033927 x19:0x8003b3f4 PA:0x8003392e store:0x8003b3f4 load:0x000000ff
      327169000	     16256	80006e74	9eeb0083	lb	x1,-1554(x22)	 x22:0x80038721  x1=0xffffffc4 PA:0x8003810f load:0xffffffc4
      327369000	     16266	80006e78	00d85003	lhu	x0,13(x16)	 x16:0x80033927  x0=0x00000000 PA:0x80033934 load:0x0000d8ef
      327529000	     16274	80006e7c	bebb1783	lh	x15,-1045(x22)	 x22:0x80038721 x15=0xffffc6c7 PA:0x8003830c load:0xffffc6c7
      327589000	     16277	80006e80	ff185c03	lhu	x24,-15(x16)	 x16:0x80033927 x24=0x0000ffc4 PA:0x80033918 load:0x0000ffc4
      327729000	     16284	80006e84	266b0003	lb	x0,614(x22)	 x22:0x80038721  x0=0x00000000 PA:0x80038987 load:0x0000003c
      328149000	     16305	80006e88	01a824a3	sw	x26,9(x16)	 x16:0x80033927 x26:0x0000006e PA:0x80033930 store:0x0000006e load:0xffffffff
      328609000	     16328	80006e8c	ffa84883	lbu	x17,-6(x16)	 x16:0x80033927 x17=0x000000da PA:0x80033921 load:0x000000da
      328669000	     16331	80006e90	260b4b83	lbu	x23,608(x22)	 x22:0x80038721 x23=0x0000003a PA:0x80038981 load:0x0000003a
      328889000	     16342	80006e94	00581d83	lh	x27,5(x16)	 x16:0x80033927 x27=0xffffe6e7 PA:0x8003392c load:0xffffe6e7
      329109000	     16353	80006e98	8a6b4583	lbu	x11,-1882(x22)	 x22:0x80038721 x11=0x0000007c PA:0x80037fc7 load:0x0000007c
      329289000	     16362	80006e9c	ad2b4e03	lbu	x28,-1326(x22)	 x22:0x80038721 x28=0x000000a8 PA:0x800381f3 load:0x000000a8
      329349000	     16365	80006ea0	2a5b0383	lb	x7,677(x22)	 x22:0x80038721  x7=0x0000007d PA:0x800389c6 load:0x0000007d
      329449000	     16370	80006ea4	00985d83	lhu	x27,9(x16)	 x16:0x80033927 x27=0x0000006e PA:0x80033930 load:0x0000006e
      329649000	     16380	80006ea8	00b85b83	lhu	x23,11(x16)	 x16:0x80033927 x23=0x00000000 PA:0x80033932 load:0x00000000
      329709000	     16383	80006eac	00384203	lbu	x4,3(x16)	 x16:0x80033927  x4=0x00000032 PA:0x8003392a load:0x00000032
      329729000	     16384	80006eb0	0002d097	auipc	x1,0x2d	  x1=0x80033eb0
      329749000	     16385	80006eb4	19808093	addi	x1,x1,408	  x1:0x80033eb0  x1=0x80034048
      329769000	     16386	80006eb8	0ab9f9b7	lui	x19,0xab9f	 x19=0x0ab9f000
      329789000	     16387	80006ebc	90ce	c.add	x1,x19	  x1:0x80034048 x19:0x0ab9f000  x1=0x8abd3048
      330189000	     16407	80006ebe	30008b23	sb	x0,790(x1)	  x1:0x8abd3048  x0:0x00000000 PA:0x8abd335e store:0x00000000 load:0x000000ff
      330309000	     16413	80006ec2	12109d23	sh	x1,314(x1)	  x1:0x8abd3048  x1:0x8abd3048 PA:0x8abd3182 store:0x8abd3048 load:0x0000ffff
      330329000	     16414	80006ec6	b4208ea3	sb	x2,-1187(x1)	  x1:0x8abd3048  x2:0xf5e39895 PA:0x8abd2ba5 store:0xf5e39895 load:0x000000ff
      330389000	     16417	80006eca	c03085a3	sb	x3,-1013(x1)	  x1:0x8abd3048  x3:0x800338f5 PA:0x8abd2c53 store:0x800338f5 load:0x000000ff
      330469000	     16421	80006ece	684084a3	sb	x4,1673(x1)	  x1:0x8abd3048  x4:0x00000032 PA:0x8abd36d1 store:0x00000032 load:0x000000ff
      330629000	     16429	80006ed2	30608423	sb	x6,776(x1)	  x1:0x8abd3048  x6:0x000000e9 PA:0x8abd3350 store:0x000000e9 load:0x000000ff
      330709000	     16433	80006ed6	7a709f23	sh	x7,1982(x1)	  x1:0x8abd3048  x7:0x0000007d PA:0x8abd3806 store:0x0000007d load:0x0000ffff
      330729000	     16434	80006eda	01e7a8b3	slt	x17,x15,x30	 x15:0xffffc6c7 x30:0x00003233 x17=0x00000001
      332949000	     16545	80006ede	31608783	lb	x15,790(x1)	  x1:0x8abd3048 x15=0x00000000 PA:0x8abd335e load:0x00000000
      332969000	     16546	80006ee2	6a6d	c.lui	x20,0x1b	 x20=0x0001b000
      332989000	     16547	80006ee4	13a0d583	lhu	x11,314(x1)	  x1:0x8abd3048 x11=0x00003048 PA:0x8abd3182 load:0x00003048
      333029000	     16549	80006ee8	b5d08183	lb	x3,-1187(x1)	  x1:0x8abd3048  x3=0xffffff95 PA:0x8abd2ba5 load:0xffffff95
      333049000	     16550	80006eec	c0b0cd03	lbu	x26,-1013(x1)	  x1:0x8abd3048 x26=0x000000f5 PA:0x8abd2c53 load:0x000000f5
      333069000	     16551	80006ef0	09fa	c.slli	x19,0x1e	 x19:0x0ab9f000 x19=0x00000000
      333089000	     16552	80006ef2	40ee0f93	addi	x31,x28,1038	 x28:0x000000a8 x31=0x000004b6
      333209000	     16558	80006ef6	52e6c493	xori	x9,x13,1326	 x13:0x800334e8  x9=0x800331c6
      333389000	     16567	80006efa	a7848b13	addi	x22,x9,-1416	  x9:0x800331c6 x22=0x80032c3e
      333449000	     16570	80006efe	6890cf03	lbu	x30,1673(x1)	  x1:0x8abd3048 x30=0x00000032 PA:0x8abd36d1 load:0x00000032
      333669000	     16581	80006f02	cdd09723	sh	x29,-818(x1)	  x1:0x8abd3048 x29:0xffffffc4 PA:0x8abd2d16 store:0xffffffc4 load:0x0000ffff
      334029000	     16599	80006f06	3080cb03	lbu	x22,776(x1)	  x1:0x8abd3048 x22=0x000000e9 PA:0x8abd3350 load:0x000000e9
      334049000	     16600	80006f0a	7d1feb13	ori	x22,x31,2001	 x31:0x000004b6 x22=0x000007f7
      334109000	     16603	80006f0e	7be09503	lh	x10,1982(x1)	  x1:0x8abd3048 x10=0x0000007d PA:0x8abd3806 load:0x0000007d
      334129000	     16604	80006f12	0003ae97	auipc	x29,0x3a	 x29=0x80040f12
      334149000	     16605	80006f16	ab8e8e93	addi	x29,x29,-1352	 x29:0x80040f12 x29=0x800409ca
      334569000	     16626	80006f1a	9fae8a23	sb	x26,-1548(x29)	 x29:0x800409ca x26:0x000000f5 PA:0x800403be store:0x000000f5 load:0x000000ff
      335169000	     16656	80006f1e	5b3ecf83	lbu	x31,1459(x29)	 x29:0x800409ca x31=0x00000036 PA:0x80040f7d load:0x00000036
      335229000	     16659	80006f22	fa0e9783	lh	x15,-96(x29)	 x29:0x800409ca x15=0x00002021 PA:0x8004096a load:0x00002021
      335249000	     16660	80006f26	f12ed003	lhu	x0,-238(x29)	 x29:0x800409ca  x0=0x00000000 PA:0x800408dc load:0x00009697
      335269000	     16661	80006f2a	b1defc93	andi	x25,x29,-1251	 x29:0x800409ca x25=0x80040908
      335469000	     16671	80006f2e	ab3e8983	lb	x19,-1357(x29)	 x29:0x800409ca x19=0x00000036 PA:0x8004047d load:0x00000036
      335489000	     16672	80006f32	ab2e89a3	sb	x18,-1357(x29)	 x29:0x800409ca x18:0x4a94af0a PA:0x8004047d store:0x4a94af0a load:0x000000ff
      335509000	     16673	80006f36	19de8c03	lb	x24,413(x29)	 x29:0x800409ca x24=0x0000001c PA:0x80040b67 load:0x0000001c
      335929000	     16694	80006f3a	ddcedd83	lhu	x27,-548(x29)	 x29:0x800409ca x27=0x00005c5d PA:0x800407a6 load:0x00005c5d
      336329000	     16714	80006f3e	a4eec783	lbu	x15,-1458(x29)	 x29:0x800409ca x15=0x000000d3 PA:0x80040418 load:0x000000d3
      336569000	     16726	80006f42	a08ed203	lhu	x4,-1528(x29)	 x29:0x800409ca  x4=0x00008889 PA:0x800403d2 load:0x00008889
      336589000	     16727	80006f46	40ced833	sra	x16,x29,x12	 x29:0x800409ca x12:0x80048e38 x16=0xffffff80
      337009000	     16748	80006f4a	a1fe9423	sh	x31,-1528(x29)	 x29:0x800409ca x31:0x00000036 PA:0x800403d2 store:0x00000036 load:0x0000ffff
      337029000	     16749	80006f4e	0000100f	fence.i	
      337389000	     16767	80006f52	a64ed903	lhu	x18,-1436(x29)	 x29:0x800409ca x18=0x0000e4e5 PA:0x8004042e load:0x0000e4e5
      338149000	     16805	80006f56	a64e8503	lb	x10,-1436(x29)	 x29:0x800409ca x10=0xffffffe5 PA:0x8004042e load:0xffffffe5
      338509000	     16823	80006f5a	a64ec203	lbu	x4,-1436(x29)	 x29:0x800409ca  x4=0x000000e5 PA:0x8004042e load:0x000000e5
      338569000	     16826	80006f5e	8bcecb03	lbu	x22,-1860(x29)	 x29:0x800409ca x22=0x0000003d PA:0x80040286 load:0x0000003d
      338609000	     16828	80006f62	d85e88a3	sb	x5,-623(x29)	 x29:0x800409ca  x5:0x00000039 PA:0x8004075b store:0x00000039 load:0x000000ff
      338689000	     16832	80006f66	b2bec383	lbu	x7,-1237(x29)	 x29:0x800409ca  x7=0x000000ae PA:0x800404f5 load:0x000000ae
      338789000	     16837	80006f6a	b15ecd03	lbu	x26,-1259(x29)	 x29:0x800409ca x26=0x00000094 PA:0x800404df load:0x00000094
      339249000	     16860	80006f6e	b03e8aa3	sb	x3,-1259(x29)	 x29:0x800409ca  x3:0xffffff95 PA:0x800404df store:0xffffff95 load:0x000000ff
      339269000	     16861	80006f72	88a1	c.andi	x9,8	  x9:0x800331c6  x9=0x00000000
      339329000	     16864	80006f74	489e8503	lb	x10,1161(x29)	 x29:0x800409ca x10=0x00000008 PA:0x80040e53 load:0x00000008
      339349000	     16865	80006f78	00033997	auipc	x19,0x33	 x19=0x80039f78
      339369000	     16866	80006f7c	67198993	addi	x19,x19,1649	 x19:0x80039f78 x19=0x8003a5e9
      339469000	     16871	80006f80	fe998623	sb	x9,-20(x19)	 x19:0x8003a5e9  x9:0x00000000 PA:0x8003a5d5 store:0x00000000 load:0x000000ff
      339489000	     16872	80006f84	029307b3	mul	x15,x6,x9	  x6:0x000000e9  x9:0x00000000 x15=0x00000000
      339809000	     16888	80006f88	8d7d	c.and	x10,x15	 x10:0x00000008 x15:0x00000000 x10=0x00000000
      339829000	     16889	80006f8a	0951	c.addi	x18,20	 x18:0x0000e4e5 x18=0x0000e4f9
      340149000	     16905	80006f8c	0b1999a3	sh	x17,179(x19)	 x19:0x8003a5e9 x17:0x00000001 PA:0x8003a69c store:0x00000001 load:0x0000ffff
      340169000	     16906	80006f90	64fd	c.lui	x9,0x1f	  x9=0x0001f000
      340369000	     16916	80006f92	f0598f83	lb	x31,-251(x19)	 x19:0x8003a5e9 x31=0xffffffa5 PA:0x8003a4ee load:0xffffffa5
      340449000	     16920	80006f96	0b598123	sb	x21,162(x19)	 x19:0x8003a5e9 x21:0x0000006e PA:0x8003a68b store:0x0000006e load:0x000000ff
      340469000	     16921	80006f9a	0019ca83	lbu	x21,1(x19)	 x19:0x8003a5e9 x21=0x000000a1 PA:0x8003a5ea load:0x000000a1
      340529000	     16924	80006f9e	41fd5793	srai	x15,x26,0x1f	 x26:0x00000094 x15=0x00000000
      341089000	     16952	80006fa2	07f99403	lh	x8,127(x19)	 x19:0x8003a5e9  x8=0x00002223 PA:0x8003a668 load:0x00002223
      341149000	     16955	80006fa6	024998a3	sh	x4,49(x19)	 x19:0x8003a5e9  x4:0x000000e5 PA:0x8003a61a store:0x000000e5 load:0x0000ffff
      341169000	     16956	80006faa	40875a13	srai	x20,x14,0x8	 x14:0x8004cce4 x20=0xff8004cc
      341189000	     16957	80006fae	01c975b3	and	x11,x18,x28	 x18:0x0000e4f9 x28:0x000000a8 x11=0x000000a8
      341769000	     16986	80006fb2	f2e98f83	lb	x31,-210(x19)	 x19:0x8003a5e9 x31=0xffffffcc PA:0x8003a517 load:0xffffffcc
      341789000	     16987	80006fb6	83c1	c.srli	x15,0x10	 x15:0x00000000 x15=0x00000000
      341849000	     16990	80006fb8	009999a3	sh	x9,19(x19)	 x19:0x8003a5e9  x9:0x0001f000 PA:0x8003a5fc store:0x0001f000 load:0x0000ffff
      341989000	     16997	80006fbc	f6999503	lh	x10,-151(x19)	 x19:0x8003a5e9 x10=0x00000809 PA:0x8003a552 load:0x00000809
      342009000	     16998	80006fc0	adc7ed13	ori	x26,x15,-1316	 x15:0x00000000 x26=0xfffffadc
      342069000	     17001	80006fc4	0e29c483	lbu	x9,226(x19)	 x19:0x8003a5e9  x9=0x00000080 PA:0x8003a6cb load:0x00000080
      342109000	     17003	80006fc8	03a2af33	mulhsu	x30,x5,x26	  x5:0x00000039 x26:0xfffffadc x30=0x00000038
      342129000	     17004	80006fcc	06fa	c.slli	x13,0x1e	 x13:0x800334e8 x13=0x00000000
      342149000	     17005	80006fce	5afd	c.li	x21,-1	 x21=0xffffffff
      342169000	     17006	80006fd0	006720b3	slt	x1,x14,x6	 x14:0x8004cce4  x6:0x000000e9  x1=0x00000001
      342189000	     17007	80006fd4	01df1193	slli	x3,x30,0x1d	 x30:0x00000038  x3=0x00000000
      342249000	     17010	80006fd8	0039c0b3	xor	x1,x19,x3	 x19:0x8003a5e9  x3:0x00000000  x1=0x8003a5e9
      342669000	     17031	80006fdc	0001	c.addi	x0,0	  x0:0x00000000  x0=0x00000000
      342829000	     17039	80006fde	03fe17b3	mulh	x15,x28,x31	 x28:0x000000a8 x31:0xffffffcc x15=0xffffffff
      343289000	     17062	80006fe2	f6199883	lh	x17,-159(x19)	 x19:0x8003a5e9 x17=0x00000001 PA:0x8003a54a load:0x00000001
      343369000	     17066	80006fe6	40235333	sra	x6,x6,x2	  x6:0x000000e9  x2:0xf5e39895  x6=0x00000000
      343389000	     17067	80006fea	41f50eb3	sub	x29,x10,x31	 x10:0x00000809 x31:0xffffffcc x29=0x0000083d
      343529000	     17074	80006fee	f67980a3	sb	x7,-159(x19)	 x19:0x8003a5e9  x7:0x000000ae PA:0x8003a54a store:0x000000ae load:0x000000ff
      343589000	     17077	80006ff2	030980a3	sb	x16,33(x19)	 x19:0x8003a5e9 x16:0xffffff80 PA:0x8003a60a store:0xffffff80 load:0x000000ff
      343649000	     17080	80006ff6	0b298183	lb	x3,178(x19)	 x19:0x8003a5e9  x3=0x00000050 PA:0x8003a69b load:0x00000050
      343769000	     17086	80006ffa	0da99ba3	sh	x26,215(x19)	 x19:0x8003a5e9 x26:0xfffffadc PA:0x8003a6c0 store:0xfffffadc load:0x0000ffff
      343829000	     17089	80006ffe	0239ad83	lw	x27,35(x19)	 x19:0x8003a5e9 x27=0xc4c5c6c7 PA:0x8003a60c load:0xc4c5c6c7
      343849000	     17090	80007002	f8c98223	sb	x12,-124(x19)	 x19:0x8003a5e9 x12:0x80048e38 PA:0x8003a56d store:0x80048e38 load:0x000000ff
      343869000	     17091	80007006	0679c803	lbu	x16,103(x19)	 x19:0x8003a5e9 x16=0x0000000b PA:0x8003a650 load:0x0000000b
      344169000	     17106	8000700a	f5698003	lb	x0,-170(x19)	 x19:0x8003a5e9  x0=0x00000000 PA:0x8003a53f load:0xfffffff4
      344229000	     17109	8000700e	0cd99f03	lh	x30,205(x19)	 x19:0x8003a5e9 x30=0x00006c6d PA:0x8003a6b6 load:0x00006c6d
      344329000	     17114	80007012	0ff0000f	fence	iorw,iorw	
      344349000	     17115	80007016	5cfd	c.li	x25,-1	 x25=0xffffffff
      344389000	     17117	80007018	80b5ce13	xori	x28,x11,-2037	 x11:0x000000a8 x28=0xfffff8a3
      344489000	     17122	8000701c	f5198903	lb	x18,-175(x19)	 x19:0x8003a5e9 x18=0xfffffff1 PA:0x8003a53a load:0xfffffff1
      344709000	     17133	80007020	0b498483	lb	x9,180(x19)	 x19:0x8003a5e9  x9=0x00000000 PA:0x8003a69d load:0x00000000
      344809000	     17138	80007024	09399a83	lh	x21,147(x19)	 x19:0x8003a5e9 x21=0x00003637 PA:0x8003a67c load:0x00003637
      344829000	     17139	80007028	01f35413	srli	x8,x6,0x1f	  x6:0x00000000  x8=0x00000000
      344849000	     17140	8000702c	8d927093	andi	x1,x4,-1831	  x4:0x000000e5  x1=0x000000c1
      345009000	     17148	80007030	eb7c2013	slti	x0,x24,-329	 x24:0x0000001c  x0=0x00000000
      345349000	     17165	80007034	f5498f03	lb	x30,-172(x19)	 x19:0x8003a5e9 x30=0xfffffff6 PA:0x8003a53d load:0xfffffff6
      345369000	     17166	80007038	0002f997	auipc	x19,0x2f	 x19=0x80036038
      345389000	     17167	8000703c	46798993	addi	x19,x19,1127	 x19:0x80036038 x19=0x8003649f
      345449000	     17170	80007040	032985a3	sb	x18,43(x19)	 x19:0x8003649f x18:0xfffffff1 PA:0x800364ca store:0xfffffff1 load:0x000000ff
      345469000	     17171	80007044	0002dd97	auipc	x27,0x2d	 x27=0x80034044
      345489000	     17172	80007048	ab8d8d93	addi	x27,x27,-1352	 x27:0x80034044 x27=0x80033afc
      345689000	     17182	8000704c	fe2d8ba3	sb	x2,-9(x27)	 x27:0x80033afc  x2:0xf5e39895 PA:0x80033af3 store:0xf5e39895 load:0x000000ff
      346509000	     17223	80007050	fda98383	lb	x7,-38(x19)	 x19:0x8003649f  x7=0x00000032 PA:0x80036479 load:0x00000032
      346569000	     17226	80007054	fe3994a3	sh	x3,-23(x19)	 x19:0x8003649f  x3:0x00000050 PA:0x80036488 store:0x00000050 load:0x0000ffff
      346729000	     17234	80007058	011d9323	sh	x17,6(x27)	 x27:0x80033afc x17:0x00000001 PA:0x80033b02 store:0x00000001 load:0x0000ffff
      346869000	     17241	8000705c	0129ca83	lbu	x21,18(x19)	 x19:0x8003649f x21=0x0000006a PA:0x800364b1 load:0x0000006a
      347329000	     17264	80007060	0149aaa3	sw	x20,21(x19)	 x19:0x8003649f x20:0xff8004cc PA:0x800364b4 store:0xff8004cc load:0xffffffff
      347389000	     17267	80007064	008d8403	lb	x8,8(x27)	 x27:0x80033afc  x8=0xffffffbf PA:0x80033b04 load:0xffffffbf
      347409000	     17268	80007068	ffb98b03	lb	x22,-5(x19)	 x19:0x8003649f x22=0x00000051 PA:0x8003649a load:0x00000051
      347729000	     17284	8000706c	ff1d8003	lb	x0,-15(x27)	 x27:0x80033afc  x0=0x00000000 PA:0x80033aed load:0xffffffa6
      347789000	     17287	80007070	01198b03	lb	x22,17(x19)	 x19:0x8003649f x22=0x0000006b PA:0x800364b0 load:0x0000006b
      348349000	     17315	80007074	00ada023	sw	x10,0(x27)	 x27:0x80033afc x10:0x00000809 PA:0x80033afc store:0x00000809 load:0xffffffff
      348409000	     17318	80007078	02c9c283	lbu	x5,44(x19)	 x19:0x8003649f  x5=0x00000080 PA:0x800364cb load:0x00000080
      348429000	     17319	8000707c	00edcb03	lbu	x22,14(x27)	 x27:0x80033afc x22=0x000000c1 PA:0x80033b0a load:0x000000c1
      348829000	     17339	80007080	ff1dc303	lbu	x6,-15(x27)	 x27:0x80033afc  x6=0x000000a6 PA:0x80033aed load:0x000000a6
      348889000	     17342	80007084	0259ae03	lw	x28,37(x19)	 x19:0x8003649f x28=0x7c7d7e7f PA:0x800364c4 load:0x7c7d7e7f
      348909000	     17343	80007088	0002c317	auipc	x6,0x2c	  x6=0x80033088
      348929000	     17344	8000708c	fc030313	addi	x6,x6,-64	  x6:0x80033088  x6=0x80033048
      348949000	     17345	80007090	58de73b7	lui	x7,0x58de7	  x7=0x58de7000
      348969000	     17346	80007094	931e	c.add	x6,x7	  x6:0x80033048  x7:0x58de7000  x6=0xd8e1a048
      349069000	     17351	80007096	98230623	sb	x2,-1652(x6)	  x6:0xd8e1a048  x2:0xf5e39895 PA:0xd8e199d4 store:0xf5e39895 load:0x000000ff
      349129000	     17354	8000709a	a83309a3	sb	x3,-1389(x6)	  x6:0xd8e1a048  x3:0x00000050 PA:0xd8e19adb store:0x00000050 load:0x000000ff
      349149000	     17355	8000709e	2a530fa3	sb	x5,703(x6)	  x6:0xd8e1a048  x5:0x00000080 PA:0xd8e1a307 store:0x00000080 load:0x000000ff
      349489000	     17372	800070a2	3fa30023	sb	x26,992(x6)	  x6:0xd8e1a048 x26:0xfffffadc PA:0xd8e1a428 store:0xfffffadc load:0x000000ff
      349509000	     17373	800070a6	5c7d	c.li	x24,-1	 x24=0xffffffff
      349669000	     17381	800070a8	f0731d23	sh	x7,-230(x6)	  x6:0xd8e1a048  x7:0x58de7000 PA:0xd8e19f62 store:0x58de7000 load:0x0000ffff
      349829000	     17389	800070ac	0001	c.addi	x0,0	  x0:0x00000000  x0=0x00000000
      349849000	     17390	800070ae	0001	c.addi	x0,0	  x0:0x00000000  x0=0x00000000
      350049000	     17400	800070b0	98c34e83	lbu	x29,-1652(x6)	  x6:0xd8e1a048 x29=0x00000095 PA:0xd8e199d4 load:0x00000095
      350069000	     17401	800070b4	a9330d03	lb	x26,-1389(x6)	  x6:0xd8e1a048 x26=0x00000050 PA:0xd8e19adb load:0x00000050
      350109000	     17403	800070b8	0091b033	sltu	x0,x3,x9	  x3:0x00000050  x9:0x00000000  x0=0x00000000
      350129000	     17404	800070bc	64a8bb97	auipc	x23,0x64a8b	 x23=0xe4a920bc
      350149000	     17405	800070c0	0084c3b3	xor	x7,x9,x8	  x9:0x00000000  x8:0xffffffbf  x7=0xffffffbf
      350209000	     17408	800070c4	6b51e013	ori	x0,x3,1717	  x3:0x00000050  x0=0x00000000
      350269000	     17411	800070c8	e7132e23	sw	x17,-388(x6)	  x6:0xd8e1a048 x17:0x00000001 PA:0xd8e19ec4 store:0x00000001 load:0xffffffff
      351009000	     17448	800070cc	03fb75b3	remu	x11,x22,x31	 x22:0x000000c1 x31:0xffffffcc x11=0x000000c1
      351749000	     17485	800070d0	02e17c33	remu	x24,x2,x14	  x2:0xf5e39895 x14:0x8004cce4 x24=0x75decbb1
      351769000	     17486	800070d4	0168f833	and	x16,x17,x22	 x17:0x00000001 x22:0x000000c1 x16=0x00000001
      351829000	     17489	800070d8	2bf30403	lb	x8,703(x6)	  x6:0xd8e1a048  x8=0xffffff80 PA:0xd8e1a307 load:0xffffff80
      351849000	     17490	800070dc	00035a17	auipc	x20,0x35	 x20=0x8003c0dc
      351869000	     17491	800070e0	ba5a0a13	addi	x20,x20,-1115	 x20:0x8003c0dc x20=0x8003bc81
      352609000	     17528	800070e4	03087d33	remu	x26,x16,x16	 x16:0x00000001 x16:0x00000001 x26=0x00000000
      352709000	     17533	800070e8	60da1503	lh	x10,1549(x20)	 x20:0x8003bc81 x10=0x00004445 PA:0x8003c28e load:0x00004445
      352749000	     17535	800070ec	00252933	slt	x18,x10,x2	 x10:0x00004445  x2:0xf5e39895 x18=0x00000000
      352809000	     17538	800070f0	aaca4983	lbu	x19,-1364(x20)	 x20:0x8003bc81 x19=0x000000e6 PA:0x8003b72d load:0x000000e6
      352829000	     17539	800070f4	0ff0000f	fence	iorw,iorw	
      352849000	     17540	800070f8	4145d893	srai	x17,x11,0x14	 x11:0x000000c1 x17=0x00000000
      352909000	     17543	800070fc	943a5c03	lhu	x24,-1725(x20)	 x20:0x8003bc81 x24=0x00007e7f PA:0x8003b5c4 load:0x00007e7f
      352989000	     17547	80007100	021a5d03	lhu	x26,33(x20)	 x20:0x8003bc81 x26=0x00005859 PA:0x8003bca2 load:0x00005859
      353009000	     17548	80007104	84b6	c.mv	x9,x13	  x0:0x00000000 x13:0x00000000  x9=0x00000000
      353029000	     17549	80007106	0001	c.addi	x0,0	  x0:0x00000000  x0=0x00000000
      353049000	     17550	80007108	0001	c.addi	x0,0	  x0:0x00000000  x0=0x00000000
      353469000	     17571	8000710a	deea0c23	sb	x14,-520(x20)	 x20:0x8003bc81 x14:0x8004cce4 PA:0x8003ba79 store:0x8004cce4 load:0x000000ff
      353489000	     17572	8000710e	66456317	auipc	x6,0x66456	  x6=0xe645d10e
      353509000	     17573	80007112	8dd5	c.or	x11,x13	 x11:0x000000c1 x13:0x00000000 x11=0x000000c1
      353769000	     17586	80007114	adca0183	lb	x3,-1316(x20)	 x20:0x8003bc81  x3=0x00000016 PA:0x8003b75d load:0x00000016
      353809000	     17588	80007118	02ee1533	mulh	x10,x28,x14	 x28:0x7c7d7e7f x14:0x8004cce4 x10=0xc1c39659
      353989000	     17597	8000711c	529a03a3	sb	x9,1319(x20)	 x20:0x8003bc81  x9:0x00000000 PA:0x8003c1a8 store:0x00000000 load:0x000000ff
      354009000	     17598	80007120	8a92	c.mv	x21,x4	  x0:0x00000000  x4:0x000000e5 x21=0x000000e5
      354029000	     17599	80007122	83a4af13	slti	x30,x9,-1990	  x9:0x00000000 x30=0x00000000
      354049000	     17600	80007126	01d35993	srli	x19,x6,0x1d	  x6:0xe645d10e x19=0x00000007
      354069000	     17601	8000712a	5c7d	c.li	x24,-1	 x24=0xffffffff
      354189000	     17607	8000712c	285a0f03	lb	x30,645(x20)	 x20:0x8003bc81 x30=0xffffffbd PA:0x8003bf06 load:0xffffffbd
      354389000	     17617	80007130	3aaa0e83	lb	x29,938(x20)	 x20:0x8003bc81 x29=0xffffffe0 PA:0x8003c02b load:0xffffffe0
      354729000	     17634	80007134	286a0ca3	sb	x6,665(x20)	 x20:0x8003bc81  x6:0xe645d10e PA:0x8003bf1a store:0xe645d10e load:0x000000ff
      354749000	     17635	80007138	916d3213	sltiu	x4,x26,-1770	 x26:0x00005859  x4=0x00000001
      354769000	     17636	8000713c	0068e533	or	x10,x17,x6	 x17:0x00000000  x6:0xe645d10e x10=0xe645d10e
      354989000	     17647	80007140	062a4e83	lbu	x29,98(x20)	 x20:0x8003bc81 x29=0x00000098 PA:0x8003bce3 load:0x00000098
      355009000	     17648	80007144	46b8fe13	andi	x28,x17,1131	 x17:0x00000000 x28=0x00000000
      355169000	     17656	80007148	2d9a5483	lhu	x9,729(x20)	 x20:0x8003bc81  x9=0x00001011 PA:0x8003bf5a load:0x00001011
      355189000	     17657	8000714c	0002c797	auipc	x15,0x2c	 x15=0x8003314c
      355209000	     17658	80007150	33578793	addi	x15,x15,821	 x15:0x8003314c x15=0x80033481
      355229000	     17659	80007154	02048433	mul	x8,x9,x0	  x9:0x00001011  x0:0x00000000  x8=0x00000000
      355549000	     17675	80007158	fb878003	lb	x0,-72(x15)	 x15:0x80033481  x0=0x00000000 PA:0x80033439 load:0xfffffff2
      355569000	     17676	8000715c	8ded	c.and	x11,x11	 x11:0x000000c1 x11:0x000000c1 x11=0x000000c1
      355589000	     17677	8000715e	137d	c.addi	x6,-1	  x6:0xe645d10e  x6=0xe645d10d
      355669000	     17681	80007160	00b78883	lb	x17,11(x15)	 x15:0x80033481 x17=0x00000047 PA:0x8003348c load:0x00000047
      355729000	     17684	80007164	f4e7cd03	lbu	x26,-178(x15)	 x15:0x80033481 x26=0x00000084 PA:0x800333cf load:0x00000084
      355909000	     17693	80007168	f4e78883	lb	x17,-178(x15)	 x15:0x80033481 x17=0xffffff84 PA:0x800333cf load:0xffffff84
      355949000	     17695	8000716c	00d731b3	sltu	x3,x14,x13	 x14:0x8004cce4 x13:0x00000000  x3=0x00000000
      356209000	     17708	80007170	f33792a3	sh	x19,-219(x15)	 x15:0x80033481 x19:0x00000007 PA:0x800333a6 store:0x00000007 load:0x0000ffff
      356349000	     17715	80007174	f8178823	sb	x1,-112(x15)	 x15:0x80033481  x1:0x000000c1 PA:0x80033411 store:0x000000c1 load:0x000000ff
      356369000	     17716	80007178	c9097913	andi	x18,x18,-880	 x18:0x00000000 x18=0x00000000
      356449000	     17720	8000717c	05379a83	lh	x21,83(x15)	 x15:0x80033481 x21=0xffff8e8f PA:0x800334d4 load:0xffff8e8f
      356569000	     17726	80007180	0b27c183	lbu	x3,178(x15)	 x15:0x80033481  x3=0x000000e8 PA:0x80033533 load:0x000000e8
      356669000	     17731	80007184	fd178623	sb	x17,-52(x15)	 x15:0x80033481 x17:0xffffff84 PA:0x8003344d store:0xffffff84 load:0x000000ff
      356769000	     17736	80007188	f7e7cc83	lbu	x25,-130(x15)	 x15:0x80033481 x25=0x000000b4 PA:0x800333ff load:0x000000b4
      356789000	     17737	8000718c	014662b3	or	x5,x12,x20	 x12:0x80048e38 x20:0x8003bc81  x5=0x8007beb9
      356889000	     17742	80007190	f277d383	lhu	x7,-217(x15)	 x15:0x80033481  x7=0x00006263 PA:0x800333a8 load:0x00006263
      357069000	     17751	80007194	f957d383	lhu	x7,-107(x15)	 x15:0x80033481  x7=0x0000cccd PA:0x80033416 load:0x0000cccd
      357129000	     17754	80007198	f8379aa3	sh	x3,-107(x15)	 x15:0x80033481  x3:0x000000e8 PA:0x80033416 store:0x000000e8 load:0x0000ffff
      357169000	     17756	8000719c	f967cd83	lbu	x27,-106(x15)	 x15:0x80033481 x27=0x00000000 PA:0x80033417 load:0x00000000
      357489000	     17772	800071a0	f84786a3	sb	x4,-115(x15)	 x15:0x80033481  x4:0x00000001 PA:0x8003340e store:0x00000001 load:0x000000ff
      357549000	     17775	800071a4	0a17db03	lhu	x22,161(x15)	 x15:0x80033481 x22=0x0000d8d9 PA:0x80033522 load:0x0000d8d9
      357589000	     17777	800071a8	0a9780a3	sb	x9,161(x15)	 x15:0x80033481  x9:0x00001011 PA:0x80033522 store:0x00001011 load:0x000000ff
      358209000	     17808	800071ac	0bb790a3	sh	x27,161(x15)	 x15:0x80033481 x27:0x00000000 PA:0x80033522 store:0x00000000 load:0x0000ffff
      358269000	     17811	800071b0	0b1780a3	sb	x17,161(x15)	 x15:0x80033481 x17:0xffffff84 PA:0x80033522 store:0xffffff84 load:0x000000ff
      359009000	     17848	800071b4	03106933	rem	x18,x0,x17	  x0:0x00000000 x17:0xffffff84 x18=0x00000000
      359089000	     17852	800071b8	0a17ce83	lbu	x29,161(x15)	 x15:0x80033481 x29=0x00000084 PA:0x80033522 load:0x00000084
      359109000	     17853	800071bc	0002c897	auipc	x17,0x2c	 x17=0x800331bc
      359129000	     17854	800071c0	1e088893	addi	x17,x17,480	 x17:0x800331bc x17=0x8003339c
      359189000	     17857	800071c4	0698cd83	lbu	x27,105(x17)	 x17:0x8003339c x27=0x000000be PA:0x80033405 load:0x000000be
      359609000	     17878	800071c8	0698c783	lbu	x15,105(x17)	 x17:0x8003339c x15=0x000000be PA:0x80033405 load:0x000000be
      359669000	     17881	800071cc	06988583	lb	x11,105(x17)	 x17:0x8003339c x11=0xffffffbe PA:0x80033405 load:0xffffffbe
      359769000	     17886	800071d0	07b89523	sh	x27,106(x17)	 x17:0x8003339c x27:0x000000be PA:0x80033406 store:0x000000be load:0x0000ffff
      359949000	     17895	800071d4	07589523	sh	x21,106(x17)	 x17:0x8003339c x21:0xffff8e8f PA:0x80033406 store:0xffff8e8f load:0x0000ffff
      359969000	     17896	800071d8	40c58fb3	sub	x31,x11,x12	 x11:0xffffffbe x12:0x80048e38 x31=0x7ffb7186
      360029000	     17899	800071dc	0848ad83	lw	x27,132(x17)	 x17:0x8003339c x27=0xd8d9dadb PA:0x80033420 load:0xd8d9dadb
      360049000	     17900	800071e0	08488f03	lb	x30,132(x17)	 x17:0x8003339c x30=0xffffffdb PA:0x80033420 load:0xffffffdb
      360069000	     17901	800071e4	0828a223	sw	x2,132(x17)	 x17:0x8003339c  x2:0xf5e39895 PA:0x80033420 store:0xf5e39895 load:0xffffffff
      360289000	     17912	800071e8	08489f83	lh	x31,132(x17)	 x17:0x8003339c x31=0xffff9895 PA:0x80033420 load:0xffff9895
      360589000	     17927	800071ec	09c88223	sb	x28,132(x17)	 x17:0x8003339c x28:0x00000000 PA:0x80033420 store:0x00000000 load:0x000000ff
      361049000	     17950	800071f0	0b689683	lh	x13,182(x17)	 x17:0x8003339c x13=0x00000809 PA:0x80033452 load:0x00000809
      361349000	     17965	800071f4	f8888fa3	sb	x8,-97(x17)	 x17:0x8003339c  x8:0x00000000 PA:0x8003333b store:0x00000000 load:0x000000ff
      361369000	     17966	800071f8	1efd	c.addi	x29,-1	 x29:0x00000084 x29=0x00000083
      361829000	     17989	800071fa	f9f8c483	lbu	x9,-97(x17)	 x17:0x8003339c  x9=0x00000000 PA:0x8003333b load:0x00000000
      361989000	     17997	800071fe	f9f8c003	lbu	x0,-97(x17)	 x17:0x8003339c  x0=0x00000000 PA:0x8003333b load:0x00000000
      362489000	     18022	80007202	f7588683	lb	x13,-139(x17)	 x17:0x8003339c x13=0xffffffca PA:0x80033311 load:0xffffffca
      370409000	     18418	80007206	846e	c.mv	x8,x27	  x0:0x00000000 x27:0xd8d9dadb  x8=0xd8d9dadb
      370469000	     18421	80007208	f7788aa3	sb	x23,-139(x17)	 x17:0x8003339c x23:0xe4a920bc PA:0x80033311 store:0xe4a920bc load:0x000000ff
      370489000	     18422	8000720c	0002cb17	auipc	x22,0x2c	 x22=0x8003320c
      370509000	     18423	80007210	e3cb0b13	addi	x22,x22,-452	 x22:0x8003320c x22=0x80033048
      370529000	     18424	80007214	3acbf337	lui	x6,0x3acbf	  x6=0x3acbf000
      370549000	     18425	80007218	9b1a	c.add	x22,x6	 x22:0x80033048  x6:0x3acbf000 x22=0xbacf2048
      370709000	     18433	8000721a	220b02a3	sb	x0,549(x22)	 x22:0xbacf2048  x0:0x00000000 PA:0xbacf226d store:0x00000000 load:0x000000ff
      371129000	     18454	8000721e	dc2b01a3	sb	x2,-573(x22)	 x22:0xbacf2048  x2:0xf5e39895 PA:0xbacf1e0b store:0xf5e39895 load:0x000000ff
      371189000	     18457	80007222	ce3b02a3	sb	x3,-795(x22)	 x22:0xbacf2048  x3:0x000000e8 PA:0xbacf1d2d store:0x000000e8 load:0x000000ff
      371569000	     18476	80007226	704b0ca3	sb	x4,1817(x22)	 x22:0xbacf2048  x4:0x00000001 PA:0xbacf2761 store:0x00000001 load:0x000000ff
      371689000	     18482	8000722a	2a7b1023	sh	x7,672(x22)	 x22:0xbacf2048  x7:0x0000cccd PA:0xbacf22e8 store:0x0000cccd load:0x0000ffff
      371709000	     18483	8000722e	225b4183	lbu	x3,549(x22)	 x22:0xbacf2048  x3=0x00000000 PA:0xbacf226d load:0x00000000
      371729000	     18484	80007232	8d19	c.sub	x10,x14	 x10:0xe645d10e x14:0x8004cce4 x10=0x6641042a
      371909000	     18493	80007234	f34b2823	sw	x20,-208(x22)	 x22:0xbacf2048 x20:0x8003bc81 PA:0xbacf1f78 store:0x8003bc81 load:0xffffffff
      371969000	     18496	80007238	dc3b0a83	lb	x21,-573(x22)	 x22:0xbacf2048 x21=0xffffff95 PA:0xbacf1e0b load:0xffffff95
      371989000	     18497	8000723c	0ff0000f	fence	iorw,iorw	
      372489000	     18522	80007240	ce5b0903	lb	x18,-795(x22)	 x22:0xbacf2048 x18=0xffffffe8 PA:0xbacf1d2d load:0xffffffe8
      372549000	     18525	80007244	719b4f83	lbu	x31,1817(x22)	 x22:0xbacf2048 x31=0x00000001 PA:0xbacf2761 load:0x00000001
      372689000	     18532	80007248	00be15b3	sll	x11,x28,x11	 x28:0x00000000 x11:0xffffffbe x11=0x00000000
      372709000	     18533	8000724c	0001	c.addi	x0,0	  x0:0x00000000  x0=0x00000000
      372729000	     18534	8000724e	0001	c.addi	x0,0	  x0:0x00000000  x0=0x00000000
      372929000	     18544	80007250	023b08a3	sb	x3,49(x22)	 x22:0xbacf2048  x3:0x00000000 PA:0xbacf2079 store:0x00000000 load:0x000000ff
      373269000	     18561	80007254	6afb1e23	sh	x15,1724(x22)	 x22:0xbacf2048 x15:0x000000be PA:0xbacf2704 store:0x000000be load:0x0000ffff
      373589000	     18577	80007258	2a0b1403	lh	x8,672(x22)	 x22:0xbacf2048  x8=0xffffcccd PA:0xbacf22e8 load:0xffffcccd
      373649000	     18580	8000725c	a22b0fa3	sb	x2,-1473(x22)	 x22:0xbacf2048  x2:0xf5e39895 PA:0xbacf1a87 store:0xf5e39895 load:0x000000ff
      373669000	     18581	80007260	5f7d	c.li	x30,-1	 x30=0xffffffff
      373689000	     18582	80007262	8fb5	c.xor	x15,x13	 x15:0x000000be x13:0xffffffca x15=0xffffff74
      374269000	     18611	80007264	d20b1a23	sh	x0,-716(x22)	 x22:0xbacf2048  x0:0x00000000 PA:0xbacf1d7c store:0x00000000 load:0x0000ffff
      374289000	     18612	80007268	0003cd97	auipc	x27,0x3c	 x27=0x80043268
      374309000	     18613	8000726c	54dd8d93	addi	x27,x27,1357	 x27:0x80043268 x27=0x800437b5
      374629000	     18629	80007270	5cad8823	sb	x10,1488(x27)	 x27:0x800437b5 x10:0x6641042a PA:0x80043d85 store:0x6641042a load:0x000000ff
      374689000	     18632	80007274	989dd903	lhu	x18,-1655(x27)	 x27:0x800437b5 x18=0x0000f4f5 PA:0x8004313e load:0x0000f4f5
      375109000	     18653	80007278	989d8203	lb	x4,-1655(x27)	 x27:0x800437b5  x4=0xfffffff5 PA:0x8004313e load:0xfffffff5
      375169000	     18656	8000727c	980d84a3	sb	x0,-1655(x27)	 x27:0x800437b5  x0:0x00000000 PA:0x8004313e store:0x00000000 load:0x000000ff
      375389000	     18667	80007280	989d9083	lh	x1,-1655(x27)	 x27:0x800437b5  x1=0xfffff400 PA:0x8004313e load:0xfffff400
      375469000	     18671	80007284	989dc003	lbu	x0,-1655(x27)	 x27:0x800437b5  x0=0x00000000 PA:0x8004313e load:0x00000000
      375489000	     18672	80007288	0001	c.addi	x0,0	  x0:0x00000000  x0=0x00000000
      375509000	     18673	8000728a	989dcd03	lbu	x26,-1655(x27)	 x27:0x800437b5 x26=0x00000000 PA:0x8004313e load:0x00000000
      375849000	     18690	8000728e	989d8403	lb	x8,-1655(x27)	 x27:0x800437b5  x8=0x00000000 PA:0x8004313e load:0x00000000
      376489000	     18722	80007292	993d84a3	sb	x19,-1655(x27)	 x27:0x800437b5 x19:0x00000007 PA:0x8004313e store:0x00000007 load:0x000000ff
      376549000	     18725	80007296	c13d9303	lh	x6,-1005(x27)	 x27:0x800437b5  x6=0xffff8283 PA:0x800433c8 load:0xffff8283
      376769000	     18736	8000729a	c02d89a3	sb	x2,-1005(x27)	 x27:0x800437b5  x2:0xf5e39895 PA:0x800433c8 store:0xf5e39895 load:0x000000ff
      376809000	     18738	8000729e	c06d89a3	sb	x6,-1005(x27)	 x27:0x800437b5  x6:0xffff8283 PA:0x800433c8 store:0xffff8283 load:0x000000ff
      377109000	     18753	800072a2	c13d9b83	lh	x23,-1005(x27)	 x27:0x800437b5 x23=0xffff8283 PA:0x800433c8 load:0xffff8283
      377369000	     18766	800072a6	c1cd99a3	sh	x28,-1005(x27)	 x27:0x800437b5 x28:0x00000000 PA:0x800433c8 store:0x00000000 load:0x0000ffff
      377389000	     18767	800072aa	c13dae83	lw	x29,-1005(x27)	 x27:0x800437b5 x29=0x80810000 PA:0x800433c8 load:0x80810000
      377409000	     18768	800072ae	40c95893	srai	x17,x18,0xc	 x18:0x0000f4f5 x17=0x0000000f
      377529000	     18774	800072b2	c09d99a3	sh	x9,-1005(x27)	 x27:0x800437b5  x9:0x00000000 PA:0x800433c8 store:0x00000000 load:0x0000ffff
      377649000	     18780	800072b6	c13dcf83	lbu	x31,-1005(x27)	 x27:0x800437b5 x31=0x00000000 PA:0x800433c8 load:0x00000000
      377669000	     18781	800072ba	00032b97	auipc	x23,0x32	 x23=0x800392ba
      377689000	     18782	800072be	deeb8b93	addi	x23,x23,-530	 x23:0x800392ba x23=0x800390a8
      378309000	     18813	800072c2	85ebac23	sw	x30,-1960(x23)	 x23:0x800390a8 x30:0xffffffff PA:0x80038900 store:0xffffffff load:0xffffffff
      378329000	     18814	800072c6	4c41cf13	xori	x30,x3,1220	  x3:0x00000000 x30=0x000004c4
      378389000	     18817	800072ca	858ba483	lw	x9,-1960(x23)	 x23:0x800390a8  x9=0xffffffff PA:0x80038900 load:0xffffffff
      378549000	     18825	800072ce	858ba283	lw	x5,-1960(x23)	 x23:0x800390a8  x5=0xffffffff PA:0x80038900 load:0xffffffff
      378609000	     18828	800072d2	858bc903	lbu	x18,-1960(x23)	 x23:0x800390a8 x18=0x000000ff PA:0x80038900 load:0x000000ff
      378629000	     18829	800072d6	851bac23	sw	x17,-1960(x23)	 x23:0x800390a8 x17:0x0000000f PA:0x80038900 store:0x0000000f load:0xffffffff
      378709000	     18833	800072da	858ba683	lw	x13,-1960(x23)	 x23:0x800390a8 x13=0x0000000f PA:0x80038900 load:0x0000000f
      378769000	     18836	800072de	858ba803	lw	x16,-1960(x23)	 x23:0x800390a8 x16=0x0000000f PA:0x80038900 load:0x0000000f
      379049000	     18850	800072e2	858ba683	lw	x13,-1960(x23)	 x23:0x800390a8 x13=0x0000000f PA:0x80038900 load:0x0000000f
      379349000	     18865	800072e6	854b9c23	sh	x20,-1960(x23)	 x23:0x800390a8 x20:0x8003bc81 PA:0x80038900 store:0x8003bc81 load:0x0000ffff
      379769000	     18886	800072ea	848b9c23	sh	x8,-1960(x23)	 x23:0x800390a8  x8:0x00000000 PA:0x80038900 store:0x00000000 load:0x0000ffff
      379969000	     18896	800072ee	858bc403	lbu	x8,-1960(x23)	 x23:0x800390a8  x8=0x00000000 PA:0x80038900 load:0x00000000
      380029000	     18899	800072f2	84eb9c23	sh	x14,-1960(x23)	 x23:0x800390a8 x14:0x8004cce4 PA:0x80038900 store:0x8004cce4 load:0x0000ffff
      380049000	     18900	800072f6	858bac23	sw	x24,-1960(x23)	 x23:0x800390a8 x24:0xffffffff PA:0x80038900 store:0xffffffff load:0xffffffff
      380069000	     18901	800072fa	858b9d03	lh	x26,-1960(x23)	 x23:0x800390a8 x26=0xffffffff PA:0x80038900 load:0xffffffff
      380209000	     18908	800072fe	845b8c23	sb	x5,-1960(x23)	 x23:0x800390a8  x5:0xffffffff PA:0x80038900 store:0xffffffff load:0x000000ff
      380229000	     18909	80007302	0155f333	and	x6,x11,x21	 x11:0x00000000 x21:0xffffff95  x6=0x00000000
      380649000	     18930	80007306	84fb8c23	sb	x15,-1960(x23)	 x23:0x800390a8 x15:0xffffff74 PA:0x80038900 store:0xffffff74 load:0x000000ff
      381189000	     18957	8000730a	858ba283	lw	x5,-1960(x23)	 x23:0x800390a8  x5=0xffffff74 PA:0x80038900 load:0xffffff74
      381609000	     18978	8000730e	858bca83	lbu	x21,-1960(x23)	 x23:0x800390a8 x21=0x00000074 PA:0x80038900 load:0x00000074
      381669000	     18981	80007312	858b9083	lh	x1,-1960(x23)	 x23:0x800390a8  x1=0xffffff74 PA:0x80038900 load:0xffffff74
      381689000	     18982	80007316	0002d097	auipc	x1,0x2d	  x1=0x80034316
      381709000	     18983	8000731a	d3208093	addi	x1,x1,-718	  x1:0x80034316  x1=0x80034048
      381729000	     18984	8000731e	58c2a9b7	lui	x19,0x58c2a	 x19=0x58c2a000
      381749000	     18985	80007322	90ce	c.add	x1,x19	  x1:0x80034048 x19:0x58c2a000  x1=0xd8c5e048
      381809000	     18988	80007324	36008023	sb	x0,864(x1)	  x1:0xd8c5e048  x0:0x00000000 PA:0xd8c5e3a8 store:0x00000000 load:0x000000ff
      381889000	     18992	80007328	2a1087a3	sb	x1,687(x1)	  x1:0xd8c5e048  x1:0xd8c5e048 PA:0xd8c5e2f7 store:0xd8c5e048 load:0x000000ff
      382089000	     19002	8000732c	3620ae23	sw	x2,892(x1)	  x1:0xd8c5e048  x2:0xf5e39895 PA:0xd8c5e3c4 store:0xf5e39895 load:0xffffffff
      382269000	     19011	80007330	3e308223	sb	x3,996(x1)	  x1:0xd8c5e048  x3:0x00000000 PA:0xd8c5e42c store:0x00000000 load:0x000000ff
      382889000	     19042	80007334	b85088a3	sb	x5,-1135(x1)	  x1:0xd8c5e048  x5:0xffffff74 PA:0xd8c5dbd9 store:0xffffff74 load:0x000000ff
      382929000	     19044	80007338	033e28b3	mulhsu	x17,x28,x19	 x28:0x00000000 x19:0x58c2a000 x17=0x00000000
      382949000	     19045	8000733c	8dc6	c.mv	x27,x17	  x0:0x00000000 x17:0x00000000 x27=0x00000000
      383009000	     19048	8000733e	3600cb83	lbu	x23,864(x1)	  x1:0xd8c5e048 x23=0x00000000 PA:0xd8c5e3a8 load:0x00000000
      383189000	     19057	80007342	2af0cd83	lbu	x27,687(x1)	  x1:0xd8c5e048 x27=0x00000048 PA:0xd8c5e2f7 load:0x00000048
      383209000	     19058	80007346	0001	c.addi	x0,0	  x0:0x00000000  x0=0x00000000
      383249000	     19060	80007348	03f2f7b3	remu	x15,x5,x31	  x5:0xffffff74 x31:0x00000000 x15=0xffffff74
      383409000	     19068	8000734c	37c0af83	lw	x31,892(x1)	  x1:0xd8c5e048 x31=0xf5e39895 PA:0xd8c5e3c4 load:0xf5e39895
      383469000	     19071	80007350	3e408303	lb	x6,996(x1)	  x1:0xd8c5e048  x6=0x00000000 PA:0xd8c5e42c load:0x00000000
      383489000	     19072	80007354	d71b4e93	xori	x29,x22,-655	 x22:0xbacf2048 x29=0x4530dd39
      383889000	     19092	80007358	70108ca3	sb	x1,1817(x1)	  x1:0xd8c5e048  x1:0xd8c5e048 PA:0xd8c5e761 store:0xd8c5e048 load:0x000000ff
      383909000	     19093	8000735c	0000100f	fence.i	
      383929000	     19094	80007360	0001	c.addi	x0,0	  x0:0x00000000  x0=0x00000000
      383949000	     19095	80007362	8d71	c.and	x10,x12	 x10:0x6641042a x12:0x80048e38 x10=0x00000428
      384709000	     19133	80007364	b910c483	lbu	x9,-1135(x1)	  x1:0xd8c5e048  x9=0x00000074 PA:0xd8c5dbd9 load:0x00000074
      384729000	     19134	80007368	00c8b333	sltu	x6,x17,x12	 x17:0x00000000 x12:0x80048e38  x6=0x00000001
      384749000	     19135	8000736c	01ffaf33	slt	x30,x31,x31	 x31:0xf5e39895 x31:0xf5e39895 x30=0x00000000
      385269000	     19161	80007370	c7808723	sb	x24,-914(x1)	  x1:0xd8c5e048 x24:0xffffffff PA:0xd8c5dcb6 store:0xffffffff load:0x000000ff
      385289000	     19162	80007374	0002c497	auipc	x9,0x2c	  x9=0x80033374
      385309000	     19163	80007378	df748493	addi	x9,x9,-521	  x9:0x80033374  x9=0x8003316b
      385369000	     19166	8000737c	fec4c803	lbu	x16,-20(x9)	  x9:0x8003316b x16=0x0000000c PA:0x80033157 load:0x0000000c
      385469000	     19171	80007380	fcd48c23	sb	x13,-40(x9)	  x9:0x8003316b x13:0x0000000f PA:0x80033143 store:0x0000000f load:0x000000ff
      385529000	     19174	80007384	fd848003	lb	x0,-40(x9)	  x9:0x8003316b  x0=0x00000000 PA:0x80033143 load:0x0000000f
      385689000	     19182	80007388	fd848d03	lb	x26,-40(x9)	  x9:0x8003316b x26=0x0000000f PA:0x80033143 load:0x0000000f
      385909000	     19193	8000738c	01648783	lb	x15,22(x9)	  x9:0x8003316b x15=0x0000003a PA:0x80033181 load:0x0000003a
      386309000	     19213	80007390	01648083	lb	x1,22(x9)	  x9:0x8003316b  x1=0x0000003a PA:0x80033181 load:0x0000003a
      386449000	     19220	80007394	0164c983	lbu	x19,22(x9)	  x9:0x8003316b x19=0x0000003a PA:0x80033181 load:0x0000003a
      386469000	     19221	80007398	fd24c383	lbu	x7,-46(x9)	  x9:0x8003316b  x7=0x000000f6 PA:0x8003313d load:0x000000f6
      386509000	     19223	8000739c	0214cc83	lbu	x25,33(x9)	  x9:0x8003316b x25=0x00000047 PA:0x8003318c load:0x00000047
      386529000	     19224	800073a0	fcd489a3	sb	x13,-45(x9)	  x9:0x8003316b x13:0x0000000f PA:0x8003313e store:0x0000000f load:0x000000ff
      386949000	     19245	800073a4	fc548623	sb	x5,-52(x9)	  x9:0x8003316b  x5:0xffffff74 PA:0x80033137 store:0xffffff74 load:0x000000ff
      387409000	     19268	800073a8	fcc48203	lb	x4,-52(x9)	  x9:0x8003316b  x4=0x00000074 PA:0x80033137 load:0x00000074
      387869000	     19291	800073ac	00f4a6a3	sw	x15,13(x9)	  x9:0x8003316b x15:0x0000003a PA:0x80033178 store:0x0000003a load:0xffffffff
      387929000	     19294	800073b0	00d4db83	lhu	x23,13(x9)	  x9:0x8003316b x23=0x0000003a PA:0x80033178 load:0x0000003a
      388129000	     19304	800073b4	00a496a3	sh	x10,13(x9)	  x9:0x8003316b x10:0x00000428 PA:0x80033178 store:0x00000428 load:0x0000ffff
      388329000	     19314	800073b8	01349983	lh	x19,19(x9)	  x9:0x8003316b x19=0x00003435 PA:0x8003317e load:0x00003435
      388669000	     19331	800073bc	01348203	lb	x4,19(x9)	  x9:0x8003316b  x4=0x00000035 PA:0x8003317e load:0x00000035
      389129000	     19354	800073c0	017489a3	sb	x23,19(x9)	  x9:0x8003316b x23:0x0000003a PA:0x8003317e store:0x0000003a load:0x000000ff
      389189000	     19357	800073c4	ffa4cc83	lbu	x25,-6(x9)	  x9:0x8003316b x25=0x00000000 PA:0x80033165 load:0x00000000
      389929000	     19394	800073c8	029046b3	div	x13,x0,x9	  x0:0x00000000  x9:0x8003316b x13=0x00000000
      390369000	     19416	800073cc	ffa48d03	lb	x26,-6(x9)	  x9:0x8003316b x26=0x00000000 PA:0x80033165 load:0x00000000
      390389000	     19417	800073d0	0002d217	auipc	x4,0x2d	  x4=0x800343d0
      390409000	     19418	800073d4	8e520213	addi	x4,x4,-1819	  x4:0x800343d0  x4=0x80033cb5
      390569000	     19426	800073d8	00d21903	lh	x18,13(x4)	  x4:0x80033cb5 x18=0x00007879 PA:0x80033cc2 load:0x00007879
      390609000	     19428	800073dc	00b90333	add	x6,x18,x11	 x18:0x00007879 x11:0x00000000  x6=0x00007879
      390629000	     19429	800073e0	80f9	c.srli	x9,0x1e	  x9:0x8003316b  x9=0x00000002
      390849000	     19440	800073e2	00322b03	lw	x22,3(x4)	  x4:0x80033cb5 x22=0x70710000 PA:0x80033cb8 load:0x70710000
      390869000	     19441	800073e6	0000100f	fence.i	
      390889000	     19442	800073ea	9ca2	c.add	x25,x8	 x25:0x00000000  x8:0x00000000 x25=0x00000000
      391189000	     19457	800073ec	035b3333	mulhu	x6,x22,x21	 x22:0x70710000 x21:0x00000074  x6=0x00000032
      391209000	     19458	800073f0	92aa	c.add	x5,x10	  x5:0xffffff74 x10:0x00000428  x5=0x0000039c
      391629000	     19479	800073f2	00420c83	lb	x25,4(x4)	  x4:0x80033cb5 x25=0x00000000 PA:0x80033cb9 load:0x00000000
      391729000	     19484	800073f6	ff120da3	sb	x17,-5(x4)	  x4:0x80033cb5 x17:0x00000000 PA:0x80033cb0 store:0x00000000 load:0x000000ff
      392469000	     19521	800073fa	021a7bb3	remu	x23,x20,x1	 x20:0x8003bc81  x1:0x0000003a x23=0x00000037
      392489000	     19522	800073fe	9bee	c.add	x23,x27	 x23:0x00000037 x27:0x00000048 x23=0x0000007f
      392549000	     19525	80007400	ff024283	lbu	x5,-16(x4)	  x4:0x80033cb5  x5=0x0000005e PA:0x80033ca5 load:0x0000005e
      392589000	     19527	80007404	03c28a33	mul	x20,x5,x28	  x5:0x0000005e x28:0x00000000 x20=0x00000000
      392629000	     19529	80007408	00920503	lb	x10,9(x4)	  x4:0x80033cb5 x10=0x00000000 PA:0x80033cbe load:0x00000000
      392649000	     19530	8000740c	00820223	sb	x8,4(x4)	  x4:0x80033cb5  x8:0x00000000 PA:0x80033cb9 store:0x00000000 load:0x000000ff
      392689000	     19532	80007410	03eccdb3	div	x27,x25,x30	 x25:0x00000000 x30:0x00000000 x27=0xffffffff
      392709000	     19533	80007414	41438fb3	sub	x31,x7,x20	  x7:0x000000f6 x20:0x00000000 x31=0x000000f6
      392929000	     19544	80007418	ff020e03	lb	x28,-16(x4)	  x4:0x80033cb5 x28=0x0000005e PA:0x80033ca5 load:0x0000005e
      393289000	     19562	8000741c	4025d093	srai	x1,x11,0x2	 x11:0x00000000  x1=0x00000000
      393329000	     19564	80007420	41c057b3	sra	x15,x0,x28	  x0:0x00000000 x28:0x0000005e x15=0x00000000
      393349000	     19565	80007424	1d7d	c.addi	x26,-1	 x26:0x00000000 x26=0xffffffff
      394109000	     19603	80007426	00020d83	lb	x27,0(x4)	  x4:0x80033cb5 x27=0x0000006e PA:0x80033cb5 load:0x0000006e
      394129000	     19604	8000742a	5519fb13	andi	x22,x19,1361	 x19:0x00003435 x22=0x00000411
      394149000	     19605	8000742e	001b20b3	slt	x1,x22,x1	 x22:0x00000411  x1:0x00000000  x1=0x00000000
      394169000	     19606	80007432	75094793	xori	x15,x18,1872	 x18:0x00007879 x15=0x00007f29
      394189000	     19607	80007436	3a253f93	sltiu	x31,x10,930	 x10:0x00000000 x31=0x00000001
      394209000	     19608	8000743a	137d	c.addi	x6,-1	  x6:0x00000032  x6=0x00000031
      394229000	     19609	8000743c	00ebef33	or	x30,x23,x14	 x23:0x0000007f x14:0x8004cce4 x30=0x8004ccff
      394249000	     19610	80007440	8d85	c.sub	x11,x9	 x11:0x00000000  x9:0x00000002 x11=0xfffffffe
      394269000	     19611	80007442	8ddd	c.or	x11,x15	 x11:0xfffffffe x15:0x00007f29 x11=0xffffffff
      394609000	     19628	80007444	02804f33	div	x30,x0,x8	  x0:0x00000000  x8:0x00000000 x30=0xffffffff
      394749000	     19635	80007448	01024783	lbu	x15,16(x4)	  x4:0x80033cb5 x15=0x0000007e PA:0x80033cc5 load:0x0000007e
      394769000	     19636	8000744c	01a8b0b3	sltu	x1,x17,x26	 x17:0x00000000 x26:0xffffffff  x1=0x00000001
      394789000	     19637	80007450	8ffd	c.and	x15,x15	 x15:0x0000007e x15:0x0000007e x15=0x0000007e
      394809000	     19638	80007452	0112c0b3	xor	x1,x5,x17	  x5:0x0000005e x17:0x00000000  x1=0x0000005e
      394829000	     19639	80007456	8ff9	c.and	x15,x14	 x15:0x0000007e x14:0x8004cce4 x15=0x00000064
      394849000	     19640	80007458	0ff0000f	fence	iorw,iorw	
      394909000	     19643	8000745c	fff20d23	sb	x31,-6(x4)	  x4:0x80033cb5 x31:0x00000001 PA:0x80033caf store:0x00000001 load:0x000000ff
      395169000	     19656	80007460	0003dd17	auipc	x26,0x3d	 x26=0x80044460
      395189000	     19657	80007464	af4d0d13	addi	x26,x26,-1292	 x26:0x80044460 x26=0x80043f54
      395409000	     19668	80007468	07ed1383	lh	x7,126(x26)	 x26:0x80043f54  x7=0xffff8889 PA:0x80043fd2 load:0xffff8889
      395469000	     19671	8000746c	07dd4e03	lbu	x28,125(x26)	 x26:0x80043f54 x28=0x0000009f PA:0x80043fd1 load:0x0000009f
      395749000	     19685	80007470	ff8d5003	lhu	x0,-8(x26)	 x26:0x80043f54  x0=0x00000000 PA:0x80043f4c load:0x00000607
      396849000	     19740	80007474	0223ccb3	div	x25,x7,x2	  x7:0xffff8889  x2:0xf5e39895 x25=0x00000000
      396869000	     19741	80007478	009df933	and	x18,x27,x9	 x27:0x0000006e  x9:0x00000002 x18=0x00000002
      396929000	     19744	8000747c	043d4583	lbu	x11,67(x26)	 x26:0x80043f54 x11=0x0000004c PA:0x80043f97 load:0x0000004c
      396949000	     19745	80007480	8ff1	c.and	x15,x12	 x15:0x00000064 x12:0x80048e38 x15=0x00000020
      397349000	     19765	80007482	043d0283	lb	x5,67(x26)	 x26:0x80043f54  x5=0x0000004c PA:0x80043f97 load:0x0000004c
      397489000	     19772	80007486	04dd01a3	sb	x13,67(x26)	 x26:0x80043f54 x13:0x00000000 PA:0x80043f97 store:0x00000000 load:0x000000ff
      397549000	     19775	8000748a	fe5d4a03	lbu	x20,-27(x26)	 x26:0x80043f54 x20=0x000000f2 PA:0x80043f39 load:0x000000f2
      397749000	     19785	8000748e	fe5d0983	lb	x19,-27(x26)	 x26:0x80043f54 x19=0xfffffff2 PA:0x80043f39 load:0xfffffff2
      397809000	     19788	80007492	fffd02a3	sb	x31,-27(x26)	 x26:0x80043f54 x31:0x00000001 PA:0x80043f39 store:0x00000001 load:0x000000ff
      397829000	     19789	80007496	716d9597	auipc	x11,0x716d9	 x11=0xf16e0496
      397849000	     19790	8000749a	72553e93	sltiu	x29,x10,1829	 x10:0x00000000 x29=0x00000001
      397909000	     19793	8000749e	fe5d0203	lb	x4,-27(x26)	 x26:0x80043f54  x4=0x00000001 PA:0x80043f39 load:0x00000001
      397969000	     19796	800074a2	fe4d0b23	sb	x4,-10(x26)	 x26:0x80043f54  x4:0x00000001 PA:0x80043f4a store:0x00000001 load:0x000000ff
      398409000	     19818	800074a6	f07d0883	lb	x17,-249(x26)	 x26:0x80043f54 x17=0x00000010 PA:0x80043e5b load:0x00000010
      398929000	     19844	800074aa	f68d5903	lhu	x18,-152(x26)	 x26:0x80043f54 x18=0x00007677 PA:0x80043ebc load:0x00007677
      398949000	     19845	800074ae	86ad	c.srai	x13,0xb	 x13:0x00000000 x13=0x00000000
      399009000	     19848	800074b0	f62d1423	sh	x2,-152(x26)	 x26:0x80043f54  x2:0xf5e39895 PA:0x80043ebc store:0xf5e39895 load:0x0000ffff
      399029000	     19849	800074b4	fcbd06a3	sb	x11,-51(x26)	 x26:0x80043f54 x11:0xf16e0496 PA:0x80043f21 store:0xf16e0496 load:0x000000ff
      399049000	     19850	800074b8	f48d0da3	sb	x8,-165(x26)	 x26:0x80043f54  x8:0x00000000 PA:0x80043eaf store:0x00000000 load:0x000000ff
      399469000	     19871	800074bc	fb4d2223	sw	x20,-92(x26)	 x26:0x80043f54 x20:0x000000f2 PA:0x80043ef8 store:0x000000f2 load:0xffffffff
      399489000	     19872	800074c0	00031e17	auipc	x28,0x31	 x28=0x800384c0
      399509000	     19873	800074c4	c75e0e13	addi	x28,x28,-907	 x28:0x800384c0 x28=0x80038135
      399709000	     19883	800074c8	fc5e4183	lbu	x3,-59(x28)	 x28:0x80038135  x3=0x000000b1 PA:0x800380fa load:0x000000b1
      399729000	     19884	800074cc	5d7d	c.li	x26,-1	 x26=0xffffffff
      399789000	     19887	800074ce	fdee12a3	sh	x30,-59(x28)	 x28:0x80038135 x30:0xffffffff PA:0x800380fa store:0xffffffff load:0x0000ffff
      399809000	     19888	800074d2	41b10eb3	sub	x29,x2,x27	  x2:0xf5e39895 x27:0x0000006e x29=0xf5e39827
      399989000	     19897	800074d6	fc5e4583	lbu	x11,-59(x28)	 x28:0x80038135 x11=0x000000ff PA:0x800380fa load:0x000000ff
      400009000	     19898	800074da	00ee0ea3	sb	x14,29(x28)	 x28:0x80038135 x14:0x8004cce4 PA:0x80038152 store:0x8004cce4 load:0x000000ff
      400609000	     19928	800074de	fd9e1403	lh	x8,-39(x28)	 x28:0x80038135  x8=0xffffc4c5 PA:0x8003810e load:0xffffc4c5
      400669000	     19931	800074e2	fd4e1ca3	sh	x20,-39(x28)	 x28:0x80038135 x20:0x000000f2 PA:0x8003810e store:0x000000f2 load:0x0000ffff
      400809000	     19938	800074e6	fd9e4b83	lbu	x23,-39(x28)	 x28:0x80038135 x23=0x000000f2 PA:0x8003810e load:0x000000f2
      400829000	     19939	800074ea	016d9793	slli	x15,x27,0x16	 x27:0x0000006e x15=0x1b800000
      400889000	     19942	800074ee	00fe2ba3	sw	x15,23(x28)	 x28:0x80038135 x15:0x1b800000 PA:0x8003814c store:0x1b800000 load:0xffffffff
      401089000	     19952	800074f2	ffbe0aa3	sb	x27,-11(x28)	 x28:0x80038135 x27:0x0000006e PA:0x8003812a store:0x0000006e load:0x000000ff
      401109000	     19953	800074f6	ff2e0d83	lb	x27,-14(x28)	 x28:0x80038135 x27=0xffffffdc PA:0x80038127 load:0xffffffdc
      401129000	     19954	800074fa	ff7e0923	sb	x23,-14(x28)	 x28:0x80038135 x23:0x000000f2 PA:0x80038127 store:0x000000f2 load:0x000000ff
      401469000	     19971	800074fe	ff2e0923	sb	x18,-14(x28)	 x28:0x80038135 x18:0x00007677 PA:0x80038127 store:0x00007677 load:0x000000ff
      401529000	     19974	80007502	ff0e0723	sb	x16,-18(x28)	 x28:0x80038135 x16:0x0000000c PA:0x80038123 store:0x0000000c load:0x000000ff
      401689000	     19982	80007506	021e5c83	lhu	x25,33(x28)	 x28:0x80038135 x25=0x00000c0d PA:0x80038156 load:0x00000c0d
      401749000	     19985	8000750a	021e1f83	lh	x31,33(x28)	 x28:0x80038135 x31=0x00000c0d PA:0x80038156 load:0x00000c0d
      401769000	     19986	8000750e	00035f97	auipc	x31,0x35	 x31=0x8003c50e
      401789000	     19987	80007512	a69f8f93	addi	x31,x31,-1431	 x31:0x8003c50e x31=0x8003bf77
      401809000	     19988	80007516	40f5d433	sra	x8,x11,x15	 x11:0x000000ff x15:0x1b800000  x8=0x000000ff
      401829000	     19989	8000751a	00ed5213	srli	x4,x26,0xe	 x26:0xffffffff  x4=0x0003ffff
      401849000	     19990	8000751e	018781b3	add	x3,x15,x24	 x15:0x1b800000 x24:0xffffffff  x3=0x1b7fffff
      402349000	     20015	80007522	05cf8483	lb	x9,92(x31)	 x31:0x8003bf77  x9=0xffffff88 PA:0x8003bfd3 load:0xffffff88
      402509000	     20023	80007526	ddaf8223	sb	x26,-572(x31)	 x31:0x8003bf77 x26:0xffffffff PA:0x8003bd3b store:0xffffffff load:0x000000ff
      402529000	     20024	8000752a	413955b3	sra	x11,x18,x19	 x18:0x00007677 x19:0xfffffff2 x11=0x00000000
      402549000	     20025	8000752e	018e4c33	xor	x24,x28,x24	 x28:0x80038135 x24:0xffffffff x24=0x7ffc7eca
      402629000	     20029	80007532	f90f8123	sb	x16,-126(x31)	 x31:0x8003bf77 x16:0x0000000c PA:0x8003bef9 store:0x0000000c load:0x000000ff
      402649000	     20030	80007536	cf3f82a3	sb	x19,-795(x31)	 x31:0x8003bf77 x19:0xfffffff2 PA:0x8003bc5c store:0xfffffff2 load:0x000000ff
      402669000	     20031	8000753a	8c9f8783	lb	x15,-1847(x31)	 x31:0x8003bf77 x15=0xfffffffb PA:0x8003b840 load:0xfffffffb
      402809000	     20038	8000753e	af6f8983	lb	x19,-1290(x31)	 x31:0x8003bf77 x19=0x00000026 PA:0x8003ba6d load:0x00000026
      402849000	     20040	80007542	03ffbdb3	mulhu	x27,x31,x31	 x31:0x8003bf77 x31:0x8003bf77 x27=0x4003bf85
      402869000	     20041	80007546	137d	c.addi	x6,-1	  x6:0x00000031  x6=0x00000030
      402949000	     20045	80007548	8291	c.srli	x13,0x4	 x13:0x00000000 x13=0x00000000
      403549000	     20075	8000754a	01799793	slli	x15,x19,0x17	 x19:0x00000026 x15=0x13000000
      403789000	     20087	8000754e	5aef8483	lb	x9,1454(x31)	 x31:0x8003bf77  x9=0xffffffde PA:0x8003c525 load:0xffffffde
      404129000	     20104	80007552	9fcfcf03	lbu	x30,-1540(x31)	 x31:0x8003bf77 x30=0x00000028 PA:0x8003b973 load:0x00000028
      404189000	     20107	80007556	e3ff8e83	lb	x29,-449(x31)	 x31:0x8003bf77 x29=0x0000006d PA:0x8003bdb6 load:0x0000006d
      404209000	     20108	8000755a	67a9	c.lui	x15,0xa	 x15=0x0000a000
      404229000	     20109	8000755c	0a65	c.addi	x20,25	 x20:0x000000f2 x20=0x0000010b
      404289000	     20112	8000755e	b23f9783	lh	x15,-1245(x31)	 x31:0x8003bf77 x15=0x00005051 PA:0x8003ba9a load:0x00005051
      404369000	     20116	80007562	153fd483	lhu	x9,339(x31)	 x31:0x8003bf77  x9=0x00008081 PA:0x8003c0ca load:0x00008081
      404389000	     20117	80007566	e7ffc413	xori	x8,x31,-385	 x31:0x8003bf77  x8=0x7ffc4108
      404409000	     20118	8000756a	0ff0000f	fence	iorw,iorw	
      404429000	     20119	8000756e	002025b3	slt	x11,x0,x2	  x0:0x00000000  x2:0xf5e39895 x11=0x00000000
      404449000	     20120	80007572	8fabc793	xori	x15,x23,-1798	 x23:0x000000f2 x15=0xfffff808
      405189000	     20157	80007576	0328d4b3	divu	x9,x17,x18	 x17:0x00000010 x18:0x00007677  x9=0x00000000
      409449000	     20370	8000757a	98af8803	lb	x16,-1654(x31)	 x31:0x8003bf77 x16=0xffffffba PA:0x8003b901 load:0xffffffba
      409469000	     20371	8000757e	6662f4b7	lui	x9,0x6662f	  x9=0x6662f000
      409529000	     20374	80007582	9ecfcd03	lbu	x26,-1556(x31)	 x31:0x8003bf77 x26=0x00000018 PA:0x8003b963 load:0x00000018
      409549000	     20375	80007586	1cfd	c.addi	x25,-1	 x25:0x00000c0d x25=0x00000c0c
      409569000	     20376	80007588	8806a7b7	lui	x15,0x8806a	 x15=0x8806a000
      409589000	     20377	8000758c	00f474b3	and	x9,x8,x15	  x8:0x7ffc4108 x15:0x8806a000  x9=0x08040000
      409729000	     20384	80007590	302f8503	lb	x10,770(x31)	 x31:0x8003bf77 x10=0x00000032 PA:0x8003c279 load:0x00000032
      409749000	     20385	80007594	0001	c.addi	x0,0	  x0:0x00000000  x0=0x00000000
      409769000	     20386	80007596	00c08f33	add	x30,x1,x12	  x1:0x0000005e x12:0x80048e38 x30=0x80048e96
      409989000	     20397	8000759a	dcef8e83	lb	x29,-562(x31)	 x31:0x8003bf77 x29=0xfffffffe PA:0x8003bd45 load:0xfffffffe
      410009000	     20398	8000759e	8795	c.srai	x15,0x5	 x15:0x8806a000 x15=0xfc403500
      410329000	     20414	800075a0	42efcc03	lbu	x24,1070(x31)	 x31:0x8003bf77 x24=0x0000005e PA:0x8003c3a5 load:0x0000005e
      410349000	     20415	800075a4	0ff0000f	fence	iorw,iorw	
      410649000	     20430	800075a8	81dd	c.srli	x11,0x17	 x11:0x00000000 x11=0x00000000
      410769000	     20436	800075aa	de8fc003	lbu	x0,-536(x31)	 x31:0x8003bf77  x0=0x00000000 PA:0x8003bd5f load:0x00000014
      410789000	     20437	800075ae	efcfc503	lbu	x10,-260(x31)	 x31:0x8003bf77 x10=0x00000028 PA:0x8003be73 load:0x00000028
      410809000	     20438	800075b2	89ca	c.mv	x19,x18	  x0:0x00000000 x18:0x00007677 x19=0x00007677
      411229000	     20459	800075b4	0f7fc883	lbu	x17,247(x31)	 x31:0x8003bf77 x17=0x00000025 PA:0x8003c06e load:0x00000025
      411409000	     20468	800075b8	4f9fa503	lw	x10,1273(x31)	 x31:0x8003bf77 x10=0x28292a2b PA:0x8003c470 load:0x28292a2b
      411429000	     20469	800075bc	8412	c.mv	x8,x4	  x0:0x00000000  x4:0x0003ffff  x8=0x0003ffff
      411789000	     20487	800075be	294f8d83	lb	x27,660(x31)	 x31:0x8003bf77 x27=0xffffffc0 PA:0x8003c20b load:0xffffffc0
      411809000	     20488	800075c2	0002cc97	auipc	x25,0x2c	 x25=0x800335c2
      411829000	     20489	800075c6	a86c8c93	addi	x25,x25,-1402	 x25:0x800335c2 x25=0x80033048
      411849000	     20490	800075ca	69cb29b7	lui	x19,0x69cb2	 x19=0x69cb2000
      411869000	     20491	800075ce	9cce	c.add	x25,x19	 x25:0x80033048 x19:0x69cb2000 x25=0xe9ce5048
      412129000	     20504	800075d0	341c80a3	sb	x1,833(x25)	 x25:0xe9ce5048  x1:0x0000005e PA:0xe9ce5389 store:0x0000005e load:0x000000ff
      412149000	     20505	800075d4	482c9523	sh	x2,1162(x25)	 x25:0xe9ce5048  x2:0xf5e39895 PA:0xe9ce54d2 store:0xf5e39895 load:0x0000ffff
      412329000	     20514	800075d8	7c3c8723	sb	x3,1998(x25)	 x25:0xe9ce5048  x3:0x1b7fffff PA:0xe9ce5816 store:0x1b7fffff load:0x000000ff
      412709000	     20533	800075dc	844c83a3	sb	x4,-1977(x25)	 x25:0xe9ce5048  x4:0x0003ffff PA:0xe9ce488f store:0x0003ffff load:0x000000ff
      412829000	     20539	800075e0	5a7c8ea3	sb	x7,1469(x25)	 x25:0xe9ce5048  x7:0xffff8889 PA:0xe9ce5605 store:0xffff8889 load:0x000000ff
      413269000	     20561	800075e4	619c9023	sh	x25,1536(x25)	 x25:0xe9ce5048 x25:0xe9ce5048 PA:0xe9ce5648 store:0xe9ce5048 load:0x0000ffff
      413289000	     20562	800075e8	f7446e13	ori	x28,x8,-140	  x8:0x0003ffff x28=0xffffffff
      413489000	     20572	800075ec	341c8b83	lb	x23,833(x25)	 x25:0xe9ce5048 x23=0x0000005e PA:0xe9ce5389 load:0x0000005e
      413609000	     20578	800075f0	48ac9b83	lh	x23,1162(x25)	 x25:0xe9ce5048 x23=0xffff9895 PA:0xe9ce54d2 load:0xffff9895
      413629000	     20579	800075f4	8dd9	c.or	x11,x14	 x11:0x00000000 x14:0x8004cce4 x11=0x8004cce4
      413849000	     20590	800075f6	7cec8883	lb	x17,1998(x25)	 x25:0xe9ce5048 x17=0xffffffff PA:0xe9ce5816 load:0xffffffff
      413869000	     20591	800075fa	41805793	srai	x15,x0,0x18	  x0:0x00000000 x15=0x00000000
      413889000	     20592	800075fe	14fd	c.addi	x9,-1	  x9:0x08040000  x9=0x0803ffff
      413909000	     20593	80007600	9bfd	c.andi	x15,-1	 x15:0x00000000 x15=0x00000000
      413929000	     20594	80007602	85dd	c.srai	x11,0x17	 x11:0x8004cce4 x11=0xffffff00
      413989000	     20597	80007604	847cc283	lbu	x5,-1977(x25)	 x25:0xe9ce5048  x5=0x000000ff PA:0xe9ce488f load:0x000000ff
      414009000	     20598	80007608	9b1c9b23	sh	x17,-1610(x25)	 x25:0xe9ce5048 x17:0xffffffff PA:0xe9ce49fe store:0xffffffff load:0x0000ffff
      414049000	     20600	8000760c	023212b3	mulh	x5,x4,x3	  x4:0x0003ffff  x3:0x1b7fffff  x5=0x00006dff
      414109000	     20603	80007610	bcac8423	sb	x10,-1080(x25)	 x25:0xe9ce5048 x10:0x28292a2b PA:0xe9ce4c10 store:0x28292a2b load:0x000000ff
      414449000	     20620	80007614	5bdccf03	lbu	x30,1469(x25)	 x25:0xe9ce5048 x30=0x00000089 PA:0xe9ce5605 load:0x00000089
      414589000	     20627	80007618	e2ec9123	sh	x14,-478(x25)	 x25:0xe9ce5048 x14:0x8004cce4 PA:0xe9ce4e6a store:0x8004cce4 load:0x0000ffff
      414929000	     20644	8000761c	c5cc80a3	sb	x28,-959(x25)	 x25:0xe9ce5048 x28:0xffffffff PA:0xe9ce4c89 store:0xffffffff load:0x000000ff
      414949000	     20645	80007620	0002e897	auipc	x17,0x2e	 x17=0x80035620
      414969000	     20646	80007624	4f088893	addi	x17,x17,1264	 x17:0x80035620 x17=0x80035b10
      415249000	     20660	80007628	0002cb97	auipc	x23,0x2c	 x23=0x80033628
      415669000	     20681	8000762c	267b8b93	addi	x23,x23,615	 x23:0x80033628 x23=0x8003388f
      415729000	     20684	80007630	fd589b23	sh	x21,-42(x17)	 x17:0x80035b10 x21:0x00000074 PA:0x80035ae6 store:0x00000074 load:0x0000ffff
      415969000	     20696	80007634	02d88483	lb	x9,45(x17)	 x17:0x80035b10  x9=0xfffffff6 PA:0x80035b3d load:0xfffffff6
      415989000	     20697	80007638	02188903	lb	x18,33(x17)	 x17:0x80035b10 x18=0xffffffea PA:0x80035b31 load:0xffffffea
      416009000	     20698	8000763c	03f8cb03	lbu	x22,63(x17)	 x17:0x80035b10 x22=0x00000004 PA:0x80035b4f load:0x00000004
      416129000	     20704	80007640	0e9bcf83	lbu	x31,233(x23)	 x23:0x8003388f x31=0x00000033 PA:0x80033978 load:0x00000033
      416149000	     20705	80007644	948bc683	lbu	x13,-1720(x23)	 x23:0x8003388f x13=0x00000098 PA:0x800331d7 load:0x00000098
      416169000	     20706	80007648	766b8783	lb	x15,1894(x23)	 x23:0x8003388f x15=0xffffffae PA:0x80033ff5 load:0xffffffae
      416229000	     20709	8000764c	fe588fa3	sb	x5,-1(x17)	 x17:0x80035b10  x5:0x00006dff PA:0x80035b0f store:0x00006dff load:0x000000ff
      416329000	     20714	80007650	fd08ae23	sw	x16,-36(x17)	 x17:0x80035b10 x16:0xffffffba PA:0x80035aec store:0xffffffba load:0xffffffff
      416669000	     20731	80007654	64bbcb03	lbu	x22,1611(x23)	 x23:0x8003388f x22=0x00000091 PA:0x80033eda load:0x00000091
      416729000	     20734	80007658	fca885a3	sb	x10,-53(x17)	 x17:0x80035b10 x10:0x28292a2b PA:0x80035adb store:0x28292a2b load:0x000000ff
      416809000	     20738	8000765c	ffe88ba3	sb	x30,-9(x17)	 x17:0x80035b10 x30:0x00000089 PA:0x80035b07 store:0x00000089 load:0x000000ff
      417289000	     20762	80007660	fd68d183	lhu	x3,-42(x17)	 x17:0x80035b10  x3=0x00000074 PA:0x80035ae6 load:0x00000074
      417309000	     20763	80007664	c49bdc03	lhu	x24,-951(x23)	 x23:0x8003388f x24=0x00009293 PA:0x800334d8 load:0x00009293
      417449000	     20770	80007668	fda88303	lb	x6,-38(x17)	 x17:0x80035b10  x6=0xffffffa1 PA:0x80035aea load:0xffffffa1
      417469000	     20771	8000766c	0002e497	auipc	x9,0x2e	  x9=0x8003566c
      417489000	     20772	80007670	3a548493	addi	x9,x9,933	  x9:0x8003566c  x9=0x80035a11
      417709000	     20783	80007674	00848d03	lb	x26,8(x9)	  x9:0x80035a11 x26=0xffffffd2 PA:0x80035a19 load:0xffffffd2
      417729000	     20784	80007678	7a66c313	xori	x6,x13,1958	 x13:0x00000098  x6=0x0000073e
      418149000	     20805	8000767c	ff648583	lb	x11,-10(x9)	  x9:0x80035a11 x11=0xffffffbc PA:0x80035a07 load:0xffffffbc
      418209000	     20808	80007680	002486a3	sb	x2,13(x9)	  x9:0x80035a11  x2:0xf5e39895 PA:0x80035a1e store:0xf5e39895 load:0x000000ff
      418289000	     20812	80007684	8ebd	c.xor	x13,x15	 x13:0x00000098 x15:0xffffffae x13=0xffffff36
      418769000	     20836	80007686	0074a983	lw	x19,7(x9)	  x9:0x80035a11 x19=0xd0d1d2d3 PA:0x80035a18 load:0xd0d1d2d3
      418989000	     20847	8000768a	01f496a3	sh	x31,13(x9)	  x9:0x80035a11 x31:0x00000033 PA:0x80035a1e store:0x00000033 load:0x0000ffff
      419809000	     20888	8000768e	0224f0b3	remu	x1,x9,x2	  x9:0x80035a11  x2:0xf5e39895  x1=0x80035a11
      419829000	     20889	80007692	9eee	c.add	x29,x27	 x29:0xfffffffe x27:0xffffffc0 x29=0xffffffbe
      420069000	     20901	80007694	ff348b23	sb	x19,-10(x9)	  x9:0x80035a11 x19:0xd0d1d2d3 PA:0x80035a07 store:0xd0d1d2d3 load:0x000000ff
      420089000	     20902	80007698	0064ca83	lbu	x21,6(x9)	  x9:0x80035a11 x21=0x000000cc PA:0x80035a17 load:0x000000cc
      420109000	     20903	8000769c	ef40ee13	ori	x28,x1,-268	  x1:0x80035a11 x28=0xfffffef5
      420729000	     20934	800076a0	ffb4cb83	lbu	x23,-5(x9)	  x9:0x80035a11 x23=0x000000c7 PA:0x80035a0c load:0x000000c7
      420749000	     20935	800076a4	1c7d	c.addi	x24,-1	 x24:0x00009293 x24=0x00009292
      420769000	     20936	800076a6	0000100f	fence.i	
      421069000	     20951	800076aa	8c01	c.sub	x8,x8	  x8:0x0003ffff  x8:0x0003ffff  x8=0x00000000
      421089000	     20952	800076ac	1e7d	c.addi	x28,-1	 x28:0xfffffef5 x28=0xfffffef4
      421409000	     20968	800076ae	00f48123	sb	x15,2(x9)	  x9:0x80035a11 x15:0xffffffae PA:0x80035a13 store:0xffffffae load:0x000000ff
      422369000	     21016	800076b2	03e05eb3	divu	x29,x0,x30	  x0:0x00000000 x30:0x00000089 x29=0x00000000
      422389000	     21017	800076b6	0001	c.addi	x0,0	  x0:0x00000000  x0=0x00000000
      422409000	     21018	800076b8	0001	c.addi	x0,0	  x0:0x00000000  x0=0x00000000
      422469000	     21021	800076ba	00448523	sb	x4,10(x9)	  x9:0x80035a11  x4:0x0003ffff PA:0x80035a1b store:0x0003ffff load:0x000000ff
      422569000	     21026	800076be	00448083	lb	x1,4(x9)	  x9:0x80035a11  x1=0xffffffce PA:0x80035a15 load:0xffffffce
      422969000	     21046	800076c2	ffe498a3	sh	x30,-15(x9)	  x9:0x80035a11 x30:0x00000089 PA:0x80035a02 store:0x00000089 load:0x0000ffff
      422989000	     21047	800076c6	002e53b3	srl	x7,x28,x2	 x28:0xfffffef4  x2:0xf5e39895  x7=0x000007ff
      423209000	     21058	800076ca	00c4a7a3	sw	x12,15(x9)	  x9:0x80035a11 x12:0x80048e38 PA:0x80035a20 store:0x80048e38 load:0xffffffff
      423569000	     21076	800076ce	ff1498a3	sh	x17,-15(x9)	  x9:0x80035a11 x17:0x80035b10 PA:0x80035a02 store:0x80035b10 load:0x0000ffff
      423629000	     21079	800076d2	ff848a23	sb	x24,-12(x9)	  x9:0x80035a11 x24:0x00009292 PA:0x80035a05 store:0x00009292 load:0x000000ff
      424369000	     21116	800076d6	038bc5b3	div	x11,x23,x24	 x23:0x000000c7 x24:0x00009292 x11=0x00000000
      424569000	     21126	800076da	ff74c183	lbu	x3,-9(x9)	  x9:0x80035a11  x3=0x000000c3 PA:0x80035a08 load:0x000000c3
      424829000	     21139	800076de	ff848403	lb	x8,-8(x9)	  x9:0x80035a11  x8=0xffffffc2 PA:0x80035a09 load:0xffffffc2
      424849000	     21140	800076e2	0054db03	lhu	x22,5(x9)	  x9:0x80035a11 x22=0x0000cccd PA:0x80035a16 load:0x0000cccd
      424909000	     21143	800076e6	00b4d683	lhu	x13,11(x9)	  x9:0x80035a11 x13=0x0000d6d7 PA:0x80035a1c load:0x0000d6d7
      424929000	     21144	800076ea	0000100f	fence.i	
      424969000	     21146	800076ee	157d	c.addi	x10,-1	 x10:0x28292a2b x10=0x28292a2a
      425049000	     21150	800076f0	00548383	lb	x7,5(x9)	  x9:0x80035a11  x7=0xffffffcd PA:0x80035a16 load:0xffffffcd
      425569000	     21176	800076f4	03dc4433	div	x8,x24,x29	 x24:0x00009292 x29:0x00000000  x8=0xffffffff
      425649000	     21180	800076f8	0104c803	lbu	x16,16(x9)	  x9:0x80035a11 x16=0x0000008e PA:0x80035a21 load:0x0000008e
      425809000	     21188	800076fc	00448823	sb	x4,16(x9)	  x9:0x80035a11  x4:0x0003ffff PA:0x80035a21 store:0x0003ffff load:0x000000ff
      425829000	     21189	80007700	0044c383	lbu	x7,4(x9)	  x9:0x80035a11  x7=0x000000ce PA:0x80035a15 load:0x000000ce
      425849000	     21190	80007704	00f31013	slli	x0,x6,0xf	  x6:0x0000073e  x0=0x00000000
      426089000	     21202	80007708	00448a03	lb	x20,4(x9)	  x9:0x80035a11 x20=0xffffffce PA:0x80035a15 load:0xffffffce
      426169000	     21206	8000770c	8ee1	c.and	x13,x8	 x13:0x0000d6d7  x8:0xffffffff x13=0x0000d6d7
      426629000	     21229	8000770e	ff349783	lh	x15,-13(x9)	  x9:0x80035a11 x15=0xffff92bf PA:0x80035a04 load:0xffff92bf
      426649000	     21230	80007712	0b69	c.addi	x22,26	 x22:0x0000cccd x22=0x0000cce7
      426709000	     21233	80007714	ffb48823	sb	x27,-16(x9)	  x9:0x80035a11 x27:0xffffffc0 PA:0x80035a01 store:0xffffffc0 load:0x000000ff
      426729000	     21234	80007718	0002dc97	auipc	x25,0x2d	 x25=0x80034718
      426749000	     21235	8000771c	930c8c93	addi	x25,x25,-1744	 x25:0x80034718 x25=0x80034048
      427069000	     21251	80007720	1e90ca37	lui	x20,0x1e90c	 x20=0x1e90c000
      427089000	     21252	80007724	9cd2	c.add	x25,x20	 x25:0x80034048 x20:0x1e90c000 x25=0x9e940048
      427549000	     21275	80007726	ec0c8ea3	sb	x0,-291(x25)	 x25:0x9e940048  x0:0x00000000 PA:0x9e93ff25 store:0x00000000 load:0x000000ff
      428049000	     21300	8000772a	0a3ca223	sw	x3,164(x25)	 x25:0x9e940048  x3:0x000000c3 PA:0x9e9400ec store:0x000000c3 load:0xffffffff
      428509000	     21323	8000772e	5c4c89a3	sb	x4,1491(x25)	 x25:0x9e940048  x4:0x0003ffff PA:0x9e94061b store:0x0003ffff load:0x000000ff
      428969000	     21346	80007732	8c5c8aa3	sb	x5,-1835(x25)	 x25:0x9e940048  x5:0x00006dff PA:0x9e93f91d store:0x00006dff load:0x000000ff
      429229000	     21359	80007736	886c83a3	sb	x6,-1913(x25)	 x25:0x9e940048  x6:0x0000073e PA:0x9e93f8cf store:0x0000073e load:0x000000ff
      429249000	     21360	8000773a	d87c8ea3	sb	x7,-611(x25)	 x25:0x9e940048  x7:0x000000ce PA:0x9e93fde5 store:0x000000ce load:0x000000ff
      429289000	     21362	8000773e	628c9d23	sh	x8,1594(x25)	 x25:0x9e940048  x8:0xffffffff PA:0x9e940682 store:0xffffffff load:0x0000ffff
      429309000	     21363	80007742	0176d6b3	srl	x13,x13,x23	 x13:0x0000d6d7 x23:0x000000c7 x13=0x000001ad
      429509000	     21373	80007746	eddc8203	lb	x4,-291(x25)	 x25:0x9e940048  x4=0x00000000 PA:0x9e93ff25 load:0x00000000
      429529000	     21374	8000774a	8e9fb193	sltiu	x3,x31,-1815	 x31:0x00000033  x3=0x00000001
      429769000	     21386	8000774e	7c3c8623	sb	x3,1996(x25)	 x25:0x9e940048  x3:0x00000001 PA:0x9e940814 store:0x00000001 load:0x000000ff
      429829000	     21389	80007752	320c9723	sh	x0,814(x25)	 x25:0x9e940048  x0:0x00000000 PA:0x9e940376 store:0x00000000 load:0x0000ffff
      429849000	     21390	80007756	0001	c.addi	x0,0	  x0:0x00000000  x0=0x00000000
      430209000	     21408	80007758	8dc1	c.or	x11,x8	 x11:0x00000000  x8:0xffffffff x11=0xffffffff
      430949000	     21445	8000775a	021555b3	divu	x11,x10,x1	 x10:0x28292a2a  x1:0xffffffce x11=0x00000000
      431209000	     21458	8000775e	0a4caf83	lw	x31,164(x25)	 x25:0x9e940048 x31=0x000000c3 PA:0x9e9400ec load:0x000000c3
      431229000	     21459	80007762	5d3cc583	lbu	x11,1491(x25)	 x25:0x9e940048 x11=0x000000ff PA:0x9e94061b load:0x000000ff
      431469000	     21471	80007766	8d5cc683	lbu	x13,-1835(x25)	 x25:0x9e940048 x13=0x000000ff PA:0x9e93f91d load:0x000000ff
      431489000	     21472	8000776a	013cfe33	and	x28,x25,x19	 x25:0x9e940048 x19:0xd0d1d2d3 x28=0x90900040
      431509000	     21473	8000776e	55ddcb13	xori	x22,x27,1373	 x27:0xffffffc0 x22=0xfffffa9d
      431569000	     21476	80007772	887cc483	lbu	x9,-1913(x25)	 x25:0x9e940048  x9=0x0000003e PA:0x9e93f8cf load:0x0000003e
      431589000	     21477	80007776	d9dc8003	lb	x0,-611(x25)	 x25:0x9e940048  x0=0x00000000 PA:0x9e93fde5 load:0xffffffce
      431909000	     21493	8000777a	40b65213	srai	x4,x12,0xb	 x12:0x80048e38  x4=0xfff00091
      432369000	     21516	8000777e	63acd903	lhu	x18,1594(x25)	 x25:0x9e940048 x18=0x0000ffff PA:0x9e940682 load:0x0000ffff
      432389000	     21517	80007782	00033d17	auipc	x26,0x33	 x26=0x8003a782
      432509000	     21523	80007786	02cd0d13	addi	x26,x26,44	 x26:0x8003a782 x26=0x8003a7ae
      432569000	     21526	8000778a	0a7d0583	lb	x11,167(x26)	 x26:0x8003a7ae x11=0x0000000e PA:0x8003a855 load:0x0000000e
      432749000	     21535	8000778e	04dd0e83	lb	x29,77(x26)	 x26:0x8003a7ae x29=0xffffffb0 PA:0x8003a7fb load:0xffffffb0
      432769000	     21536	80007792	87cd	c.srai	x15,0x13	 x15:0xffff92bf x15=0xffffffff
      432849000	     21540	80007794	feed0023	sb	x14,-32(x26)	 x26:0x8003a7ae x14:0x8004cce4 PA:0x8003a78e store:0x8004cce4 load:0x000000ff
      432929000	     21544	80007798	ff4d1023	sh	x20,-32(x26)	 x26:0x8003a7ae x20:0x1e90c000 PA:0x8003a78e store:0x1e90c000 load:0x0000ffff
      432949000	     21545	8000779c	fe8d0023	sb	x8,-32(x26)	 x26:0x8003a7ae  x8:0xffffffff PA:0x8003a78e store:0xffffffff load:0x000000ff
      432969000	     21546	800077a0	069d0083	lb	x1,105(x26)	 x26:0x8003a7ae  x1=0xffffffcc PA:0x8003a817 load:0xffffffcc
      432989000	     21547	800077a4	8d8d	c.sub	x11,x11	 x11:0x0000000e x11:0x0000000e x11=0x00000000
      433149000	     21555	800077a6	f20d0e83	lb	x29,-224(x26)	 x26:0x8003a7ae x29=0xffffff85 PA:0x8003a6ce load:0xffffff85
      433489000	     21572	800077aa	f20d0e03	lb	x28,-224(x26)	 x26:0x8003a7ae x28=0xffffff85 PA:0x8003a6ce load:0xffffff85
      433609000	     21578	800077ae	f3cd0023	sb	x28,-224(x26)	 x26:0x8003a7ae x28:0xffffff85 PA:0x8003a6ce store:0xffffff85 load:0x000000ff
      433749000	     21585	800077b2	fa8d1a23	sh	x8,-76(x26)	 x26:0x8003a7ae  x8:0xffffffff PA:0x8003a762 store:0xffffffff load:0x0000ffff
      433969000	     21596	800077b6	f00d06a3	sb	x0,-243(x26)	 x26:0x8003a7ae  x0:0x00000000 PA:0x8003a6bb store:0x00000000 load:0x000000ff
      434189000	     21607	800077ba	fc6d0083	lb	x1,-58(x26)	 x26:0x8003a7ae  x1=0x0000002f PA:0x8003a774 load:0x0000002f
      434389000	     21617	800077be	fc6d5c83	lhu	x25,-58(x26)	 x26:0x8003a7ae x25=0x00002e2f PA:0x8003a774 load:0x00002e2f
      434409000	     21618	800077c2	85c1	c.srai	x11,0x10	 x11:0x00000000 x11=0x00000000
      434609000	     21628	800077c4	0dbd1323	sh	x27,198(x26)	 x26:0x8003a7ae x27:0xffffffc0 PA:0x8003a874 store:0xffffffc0 load:0x0000ffff
      434669000	     21631	800077c8	02ed0683	lb	x13,46(x26)	 x26:0x8003a7ae x13=0xffffff97 PA:0x8003a7dc load:0xffffff97
      435089000	     21652	800077cc	0fdd4c03	lbu	x24,253(x26)	 x26:0x8003a7ae x24=0x00000060 PA:0x8003a8ab load:0x00000060
      435149000	     21655	800077d0	05ed00a3	sb	x30,65(x26)	 x26:0x8003a7ae x30:0x00000089 PA:0x8003a7ef store:0x00000089 load:0x000000ff
      435169000	     21656	800077d4	0199bab3	sltu	x21,x19,x25	 x19:0xd0d1d2d3 x25:0x00002e2f x21=0x00000000
      435309000	     21663	800077d8	f48d0c83	lb	x25,-184(x26)	 x26:0x8003a7ae x25=0xffffffad PA:0x8003a6f6 load:0xffffffad
      435549000	     21675	800077dc	0b7d2f23	sw	x23,190(x26)	 x26:0x8003a7ae x23:0x000000c7 PA:0x8003a86c store:0x000000c7 load:0xffffffff
      435569000	     21676	800077e0	0003cc17	auipc	x24,0x3c	 x24=0x800437e0
      435589000	     21677	800077e4	b1fc0c13	addi	x24,x24,-1249	 x24:0x800437e0 x24=0x800432ff
      435609000	     21678	800077e8	009c9893	slli	x17,x25,0x9	 x25:0xffffffad x17=0xffff5a00
      435789000	     21687	800077ec	002cbbb3	sltu	x23,x25,x2	 x25:0xffffffad  x2:0xf5e39895 x23=0x00000000
      436649000	     21730	800077f0	029c57b3	divu	x15,x24,x9	 x24:0x800432ff  x9:0x0000003e x15=0x02109577
      436749000	     21735	800077f4	3f6c0383	lb	x7,1014(x24)	 x24:0x800432ff  x7=0xffffffae PA:0x800436f5 load:0xffffffae
      436769000	     21736	800077f8	7c8ca597	auipc	x11,0x7c8ca	 x11=0xfc8d17f8
      436789000	     21737	800077fc	81ba	c.mv	x3,x14	  x0:0x00000000 x14:0x8004cce4  x3=0x8004cce4
      436809000	     21738	800077fe	0053e913	ori	x18,x7,5	  x7:0xffffffae x18=0xffffffaf
      436829000	     21739	80007802	b94b6213	ori	x4,x22,-1132	 x22:0xfffffa9d  x4=0xfffffb9d
      436849000	     21740	80007806	0aa5	c.addi	x21,9	 x21:0x00000000 x21=0x00000009
      436929000	     21744	80007808	f6bc11a3	sh	x11,-157(x24)	 x24:0x800432ff x11:0xfc8d17f8 PA:0x80043262 store:0xfc8d17f8 load:0x0000ffff
      436949000	     21745	8000780c	8c99	c.sub	x9,x14	  x9:0x0000003e x14:0x8004cce4  x9=0x7ffb335a
      436969000	     21746	8000780e	8e8d	c.sub	x13,x11	 x13:0xffffff97 x11:0xfc8d17f8 x13=0x0372e79f
      437229000	     21759	80007810	39950513	addi	x10,x10,921	 x10:0x28292a2a x10=0x28292dc3
      437429000	     21769	80007814	47bc4983	lbu	x19,1147(x24)	 x24:0x800432ff x19=0x00000031 PA:0x8004377a load:0x00000031
      437449000	     21770	80007818	0000100f	fence.i	
      466329000	     23214	8000781c	23ec4b03	lbu	x22,574(x24)	 x24:0x800432ff x22=0x000000f6 PA:0x8004353d load:0x000000f6
      466629000	     23229	80007820	323c4e83	lbu	x29,803(x24)	 x24:0x800432ff x29=0x000000d9 PA:0x80043622 load:0x000000d9
      466689000	     23232	80007824	b84c0c83	lb	x25,-1148(x24)	 x24:0x800432ff x25=0x00000038 PA:0x80042e83 load:0x00000038
      466709000	     23233	80007828	248c0883	lb	x17,584(x24)	 x24:0x800432ff x17=0xfffffffc PA:0x80043547 load:0xfffffffc
      467009000	     23248	8000782c	bd3c13a3	sh	x19,-1081(x24)	 x24:0x800432ff x19:0x00000031 PA:0x80042ec6 store:0x00000031 load:0x0000ffff
      467149000	     23255	80007830	250c4803	lbu	x16,592(x24)	 x24:0x800432ff x16=0x00000004 PA:0x8004354f load:0x00000004
      467609000	     23278	80007834	e4ac0523	sb	x10,-438(x24)	 x24:0x800432ff x10:0x28292dc3 PA:0x80043149 store:0x28292dc3 load:0x000000ff
      467629000	     23279	80007838	8a32	c.mv	x20,x12	  x0:0x00000000 x12:0x80048e38 x20=0x80048e38
      468009000	     23298	8000783a	2e5c0683	lb	x13,741(x24)	 x24:0x800432ff x13=0xffffff9f PA:0x800435e4 load:0xffffff9f
      468049000	     23300	8000783e	029c0283	lb	x5,41(x24)	 x24:0x800432ff  x5=0xffffffe3 PA:0x80043328 load:0xffffffe3
      468069000	     23301	80007842	0002ca97	auipc	x21,0x2c	 x21=0x80033842
      468229000	     23309	80007846	806a8a93	addi	x21,x21,-2042	 x21:0x80033842 x21=0x80033048
      468389000	     23317	8000784a	24c563b7	lui	x7,0x24c56	  x7=0x24c56000
      468409000	     23318	8000784e	9a9e	c.add	x21,x7	 x21:0x80033048  x7:0x24c56000 x21=0xa4c89048
      468869000	     23341	80007850	8c0a83a3	sb	x0,-1849(x21)	 x21:0xa4c89048  x0:0x00000000 PA:0xa4c8890f store:0x00000000 load:0x000000ff
      468949000	     23345	80007854	b41a8923	sb	x1,-1198(x21)	 x21:0xa4c89048  x1:0x0000002f PA:0xa4c88b9a store:0x0000002f load:0x000000ff
      469029000	     23349	80007858	4c2a84a3	sb	x2,1225(x21)	 x21:0xa4c89048  x2:0xf5e39895 PA:0xa4c89511 store:0xf5e39895 load:0x000000ff
      469369000	     23366	8000785c	325a82a3	sb	x5,805(x21)	 x21:0xa4c89048  x5:0xffffffe3 PA:0xa4c8936d store:0xffffffe3 load:0x000000ff
      469529000	     23374	80007860	5e6a82a3	sb	x6,1509(x21)	 x21:0xa4c89048  x6:0x0000073e PA:0xa4c8962d store:0x0000073e load:0x000000ff
      469549000	     23375	80007864	002c8033	add	x0,x25,x2	 x25:0x00000038  x2:0xf5e39895  x0=0x00000000
      469569000	     23376	80007868	01bfbfb3	sltu	x31,x31,x27	 x31:0x000000c3 x27:0xffffffc0 x31=0x00000001
      469589000	     23377	8000786c	416355b3	sra	x11,x6,x22	  x6:0x0000073e x22:0x000000f6 x11=0x00000000
      469669000	     23381	80007870	8c7aca03	lbu	x20,-1849(x21)	 x21:0xa4c89048 x20=0x00000000 PA:0xa4c8890f load:0x00000000
      469689000	     23382	80007874	0001	c.addi	x0,0	  x0:0x00000000  x0=0x00000000
      469709000	     23383	80007876	8cb9	c.xor	x9,x14	  x9:0x7ffb335a x14:0x8004cce4  x9=0xffffffbe
      469769000	     23386	80007878	0000100f	fence.i	
      470709000	     23433	8000787c	b52acd03	lbu	x26,-1198(x21)	 x21:0xa4c89048 x26=0x0000002f PA:0xa4c88b9a load:0x0000002f
      470809000	     23438	80007880	01843fb3	sltu	x31,x8,x24	  x8:0xffffffff x24:0x800432ff x31=0x00000000
      470829000	     23439	80007884	407bda33	sra	x20,x23,x7	 x23:0x00000000  x7:0x24c56000 x20=0x00000000
      471389000	     23467	80007888	4c9ac203	lbu	x4,1225(x21)	 x21:0xa4c89048  x4=0x00000095 PA:0xa4c89511 load:0x00000095
      471489000	     23472	8000788c	93ba82a3	sb	x27,-1755(x21)	 x21:0xa4c89048 x27:0xffffffc0 PA:0xa4c8896d store:0xffffffc0 load:0x000000ff
      471749000	     23485	80007890	1bfa8223	sb	x31,420(x21)	 x21:0xa4c89048 x31:0x00000000 PA:0xa4c891ec store:0x00000000 load:0x000000ff
      471789000	     23487	80007894	0390bb33	mulhu	x22,x1,x25	  x1:0x0000002f x25:0x00000038 x22=0x00000000
      471849000	     23490	80007898	325a8e03	lb	x28,805(x21)	 x21:0xa4c89048 x28=0xffffffe3 PA:0xa4c8936d load:0xffffffe3
      471869000	     23491	8000789c	0001	c.addi	x0,0	  x0:0x00000000  x0=0x00000000
      472469000	     23521	8000789e	5e5acb03	lbu	x22,1509(x21)	 x21:0xa4c89048 x22=0x0000003e PA:0xa4c8962d load:0x0000003e
      472489000	     23522	800078a2	0002ce17	auipc	x28,0x2c	 x28=0x800338a2
      472509000	     23523	800078a6	7a6e0e13	addi	x28,x28,1958	 x28:0x800338a2 x28=0x80034048
      472529000	     23524	800078aa	49d753b7	lui	x7,0x49d75	  x7=0x49d75000
      472549000	     23525	800078ae	9e1e	c.add	x28,x7	 x28:0x80034048  x7:0x49d75000 x28=0xc9da9048
      472749000	     23535	800078b0	9e0e05a3	sb	x0,-1557(x28)	 x28:0xc9da9048  x0:0x00000000 PA:0xc9da8a33 store:0x00000000 load:0x000000ff
      472789000	     23537	800078b4	141e02a3	sb	x1,325(x28)	 x28:0xc9da9048  x1:0x0000002f PA:0xc9da918d store:0x0000002f load:0x000000ff
      472809000	     23538	800078b8	823e0ba3	sb	x3,-1993(x28)	 x28:0xc9da9048  x3:0x8004cce4 PA:0xc9da887f store:0x8004cce4 load:0x000000ff
      473229000	     23559	800078bc	704e0da3	sb	x4,1819(x28)	 x28:0xc9da9048  x4:0x00000095 PA:0xc9da9763 store:0x00000095 load:0x000000ff
      473249000	     23560	800078c0	8eed	c.and	x13,x11	 x13:0xffffff9f x11:0x00000000 x13=0x00000000
      473269000	     23561	800078c2	40140ab3	sub	x21,x8,x1	  x8:0xffffffff  x1:0x0000002f x21=0xffffffd0
      473329000	     23564	800078c6	9ebe0f03	lb	x30,-1557(x28)	 x28:0xc9da9048 x30=0x00000000 PA:0xc9da8a33 load:0x00000000
      473349000	     23565	800078ca	0000100f	fence.i	
      473829000	     23589	800078ce	0ff0000f	fence	iorw,iorw	
      474069000	     23601	800078d2	145e0283	lb	x5,325(x28)	 x28:0xc9da9048  x5=0x0000002f PA:0xc9da918d load:0x0000002f
      474089000	     23602	800078d6	8ee5	c.and	x13,x9	 x13:0x00000000  x9:0xffffffbe x13=0x00000000
      474169000	     23606	800078d8	96e2	c.add	x13,x24	 x13:0x00000000 x24:0x800432ff x13=0x800432ff
      474189000	     23607	800078da	6f297c13	andi	x24,x18,1778	 x18:0xffffffaf x24=0x000006a2
      474549000	     23625	800078de	025920b3	mulhsu	x1,x18,x5	 x18:0xffffffaf  x5:0x0000002f  x1=0xffffffff
      474569000	     23626	800078e2	0195b4b3	sltu	x9,x11,x25	 x11:0x00000000 x25:0x00000038  x9=0x00000001
      474589000	     23627	800078e6	01079fb3	sll	x31,x15,x16	 x15:0x02109577 x16:0x00000004 x31=0x21095770
      474649000	     23630	800078ea	7dee1423	sh	x30,1992(x28)	 x28:0xc9da9048 x30:0x00000000 PA:0xc9da9810 store:0x00000000 load:0x0000ffff
      474669000	     23631	800078ee	837e0903	lb	x18,-1993(x28)	 x28:0xc9da9048 x18=0xffffffe4 PA:0xc9da887f load:0xffffffe4
      474689000	     23632	800078f2	71be0f03	lb	x30,1819(x28)	 x28:0xc9da9048 x30=0xffffff95 PA:0xc9da9763 load:0xffffff95
      474849000	     23640	800078f6	0002c897	auipc	x17,0x2c	 x17=0x800338f6
      475009000	     23648	800078fa	75288893	addi	x17,x17,1874	 x17:0x800338f6 x17=0x80034048
      475029000	     23649	800078fe	5ac0b3b7	lui	x7,0x5ac0b	  x7=0x5ac0b000
      475049000	     23650	80007902	989e	c.add	x17,x7	 x17:0x80034048  x7:0x5ac0b000 x17=0xdac3f048
      475109000	     23653	80007904	e6189623	sh	x1,-404(x17)	 x17:0xdac3f048  x1:0xffffffff PA:0xdac3eeb4 store:0xffffffff load:0x0000ffff
      475529000	     23674	80007908	cc288ea3	sb	x2,-803(x17)	 x17:0xdac3f048  x2:0xf5e39895 PA:0xdac3ed25 store:0xf5e39895 load:0x000000ff
      475789000	     23687	8000790c	d4588ca3	sb	x5,-679(x17)	 x17:0xdac3f048  x5:0x0000002f PA:0xdac3eda1 store:0x0000002f load:0x000000ff
      476209000	     23708	80007910	1e6880a3	sb	x6,481(x17)	 x17:0xdac3f048  x6:0x0000073e PA:0xdac3f229 store:0x0000073e load:0x000000ff
      476669000	     23731	80007914	c2788523	sb	x7,-982(x17)	 x17:0xdac3f048  x7:0x5ac0b000 PA:0xdac3ec72 store:0x5ac0b000 load:0x000000ff
      476689000	     23732	80007918	41bcda33	sra	x20,x25,x27	 x25:0x00000038 x27:0xffffffc0 x20=0x00000038
      477189000	     23757	8000791c	7518a823	sw	x17,1872(x17)	 x17:0xdac3f048 x17:0xdac3f048 PA:0xdac3f798 store:0xdac3f048 load:0xffffffff
      477649000	     23780	80007920	e6c8d483	lhu	x9,-404(x17)	 x17:0xdac3f048  x9=0x0000ffff PA:0xdac3eeb4 load:0x0000ffff
      477749000	     23785	80007924	cdd8c783	lbu	x15,-803(x17)	 x17:0xdac3f048 x15=0x00000095 PA:0xdac3ed25 load:0x00000095
      478069000	     23801	80007928	df789123	sh	x23,-542(x17)	 x17:0xdac3f048 x23:0x00000000 PA:0xdac3ee2a store:0x00000000 load:0x0000ffff
      478089000	     23802	8000792c	13e2b413	sltiu	x8,x5,318	  x5:0x0000002f  x8=0x00000001
      478369000	     23816	80007930	4ea88ba3	sb	x10,1271(x17)	 x17:0xdac3f048 x10:0x28292dc3 PA:0xdac3f53f store:0x28292dc3 load:0x000000ff
      478389000	     23817	80007934	8e89	c.sub	x13,x10	 x13:0x800432ff x10:0x28292dc3 x13=0x57db053c
      478409000	     23818	80007936	07792793	slti	x15,x18,119	 x18:0xffffffe4 x15=0x00000001
      478429000	     23819	8000793a	8419	c.srai	x8,0x6	  x8:0x00000001  x8=0x00000000
      478489000	     23822	8000793c	d598c383	lbu	x7,-679(x17)	 x17:0xdac3f048  x7=0x0000002f PA:0xdac3eda1 load:0x0000002f
      478509000	     23823	80007940	0001	c.addi	x0,0	  x0:0x00000000  x0=0x00000000
      478529000	     23824	80007942	1e188803	lb	x16,481(x17)	 x17:0xdac3f048 x16=0x0000003e PA:0xdac3f229 load:0x0000003e
      478549000	     23825	80007946	809a	c.mv	x1,x6	  x0:0x00000000  x6:0x0000073e  x1=0x0000073e
      478769000	     23836	80007948	0072ee33	or	x28,x5,x7	  x5:0x0000002f  x7:0x0000002f x28=0x0000002f
      479029000	     23849	8000794c	c2a8cb03	lbu	x22,-982(x17)	 x17:0xdac3f048 x22=0x00000000 PA:0xdac3ec72 load:0x00000000
      479229000	     23859	80007950	0b688b23	sb	x22,182(x17)	 x17:0xdac3f048 x22:0x00000000 PA:0xdac3f0fe store:0x00000000 load:0x000000ff
      479249000	     23860	80007954	0002c797	auipc	x15,0x2c	 x15=0x80033954
      479269000	     23861	80007958	6f478793	addi	x15,x15,1780	 x15:0x80033954 x15=0x80034048
      479289000	     23862	8000795c	21627337	lui	x6,0x21627	  x6=0x21627000
      479309000	     23863	80007960	979a	c.add	x15,x6	 x15:0x80034048  x6:0x21627000 x15=0xa165b048
      479369000	     23866	80007962	9e0781a3	sb	x0,-1565(x15)	 x15:0xa165b048  x0:0x00000000 PA:0xa165aa2b store:0x00000000 load:0x000000ff
      479709000	     23883	80007966	a8179c23	sh	x1,-1384(x15)	 x15:0xa165b048  x1:0x0000073e PA:0xa165aae0 store:0x0000073e load:0x0000ffff
      479829000	     23889	8000796a	7c2784a3	sb	x2,1993(x15)	 x15:0xa165b048  x2:0xf5e39895 PA:0xa165b811 store:0xf5e39895 load:0x000000ff
      479889000	     23892	8000796e	0647a023	sw	x4,96(x15)	 x15:0xa165b048  x4:0x00000095 PA:0xa165b0a8 store:0x00000095 load:0xffffffff
      479909000	     23893	80007972	205782a3	sb	x5,517(x15)	 x15:0xa165b048  x5:0x0000002f PA:0xa165b24d store:0x0000002f load:0x000000ff
      479969000	     23896	80007976	035339b3	mulhu	x19,x6,x21	  x6:0x21627000 x21:0xffffffd0 x19=0x21626ff9
      479989000	     23897	8000797a	9bbb7413	andi	x8,x22,-1605	 x22:0x00000000  x8=0x00000000
      480009000	     23898	8000797e	406d51b3	sra	x3,x26,x6	 x26:0x0000002f  x6:0x21627000  x3=0x0000002f
      480029000	     23899	80007982	8412	c.mv	x8,x4	  x0:0x00000000  x4:0x00000095  x8=0x00000095
      480289000	     23912	80007984	9e37c303	lbu	x6,-1565(x15)	 x15:0xa165b048  x6=0x00000000 PA:0xa165aa2b load:0x00000000
      480309000	     23913	80007988	e29e8337	lui	x6,0xe29e8	  x6=0xe29e8000
      480469000	     23921	8000798c	a9879d83	lh	x27,-1384(x15)	 x15:0xa165b048 x27=0x0000073e PA:0xa165aae0 load:0x0000073e
      480489000	     23922	80007990	7c978e03	lb	x28,1993(x15)	 x15:0xa165b048 x28=0xffffff95 PA:0xa165b811 load:0xffffff95
      480509000	     23923	80007994	e1b881b7	lui	x3,0xe1b88	  x3=0xe1b88000
      480529000	     23924	80007998	6d3787a3	sb	x19,1743(x15)	 x15:0xa165b048 x19:0x21626ff9 PA:0xa165b717 store:0x21626ff9 load:0x000000ff
      480809000	     23938	8000799c	01c974b3	and	x9,x18,x28	 x18:0xffffffe4 x28:0xffffff95  x9=0xffffff84
      481089000	     23952	800079a0	58b6e3b7	lui	x7,0x58b6e	  x7=0x58b6e000
      481149000	     23955	800079a4	53a4	c.lw	x9,96(x15)	 x15:0xa165b048  x9=0x00000095 PA:0xa165b0a8 load:0x00000095
      481269000	     23961	800079a6	003e9593	slli	x11,x29,0x3	 x29:0x000000d9 x11=0x000006c8
      481469000	     23971	800079aa	2057cc03	lbu	x24,517(x15)	 x15:0xa165b048 x24=0x0000002f PA:0xa165b24d load:0x0000002f
      481789000	     23987	800079ae	0003a397	auipc	x7,0x3a	  x7=0x800419ae
      481809000	     23988	800079b2	bde38393	addi	x7,x7,-1058	  x7:0x800419ae  x7=0x8004158c
      482669000	     24031	800079b6	82d3cc83	lbu	x25,-2003(x7)	  x7:0x8004158c x25=0x00000072 PA:0x80040db9 load:0x00000072
      482729000	     24034	800079ba	82d38403	lb	x8,-2003(x7)	  x7:0x8004158c  x8=0x00000072 PA:0x80040db9 load:0x00000072
      482889000	     24042	800079be	82d38e03	lb	x28,-2003(x7)	  x7:0x8004158c x28=0x00000072 PA:0x80040db9 load:0x00000072
      482949000	     24045	800079c2	82d3c403	lbu	x8,-2003(x7)	  x7:0x8004158c  x8=0x00000072 PA:0x80040db9 load:0x00000072
      482969000	     24046	800079c6	82d3cb03	lbu	x22,-2003(x7)	  x7:0x8004158c x22=0x00000072 PA:0x80040db9 load:0x00000072
      482989000	     24047	800079ca	00d45e33	srl	x28,x8,x13	  x8:0x00000072 x13:0x57db053c x28=0x00000000
      483009000	     24048	800079ce	a73d4d13	xori	x26,x26,-1421	 x26:0x0000002f x26=0xfffffa5c
      483069000	     24051	800079d2	82f386a3	sb	x15,-2003(x7)	  x7:0x8004158c x15:0xa165b048 PA:0x80040db9 store:0xa165b048 load:0x000000ff
      483289000	     24062	800079d6	01ed5213	srli	x4,x26,0x1e	 x26:0xfffffa5c  x4=0x00000003
      483369000	     24066	800079da	82d3cd03	lbu	x26,-2003(x7)	  x7:0x8004158c x26=0x00000048 PA:0x80040db9 load:0x00000048
      483389000	     24067	800079de	0000100f	fence.i	
      484709000	     24133	800079e2	31b38923	sb	x27,786(x7)	  x7:0x8004158c x27:0x0000073e PA:0x8004189e store:0x0000073e load:0x000000ff
      484729000	     24134	800079e6	31238303	lb	x6,786(x7)	  x7:0x8004158c  x6=0x0000003e PA:0x8004189e load:0x0000003e
      484769000	     24136	800079ea	31239083	lh	x1,786(x7)	  x7:0x8004158c  x1=0x0000543e PA:0x8004189e load:0x0000543e
      484789000	     24137	800079ee	2f43de83	lhu	x29,756(x7)	  x7:0x8004158c x29=0x00003a3b PA:0x80041880 load:0x00003a3b
      484829000	     24139	800079f2	2f43d503	lhu	x10,756(x7)	  x7:0x8004158c x10=0x00003a3b PA:0x80041880 load:0x00003a3b
      485009000	     24148	800079f6	2f43d803	lhu	x16,756(x7)	  x7:0x8004158c x16=0x00003a3b PA:0x80041880 load:0x00003a3b
      485509000	     24173	800079fa	2f438983	lb	x19,756(x7)	  x7:0x8004158c x19=0x0000003b PA:0x80041880 load:0x0000003b
      485529000	     24174	800079fe	c1bd4213	xori	x4,x26,-997	 x26:0x00000048  x4=0xfffffc53
      485669000	     24181	80007a02	21b38403	lb	x8,539(x7)	  x7:0x8004158c  x8=0x0000005c PA:0x800417a7 load:0x0000005c
      486389000	     24217	80007a06	21b3c503	lbu	x10,539(x7)	  x7:0x8004158c x10=0x0000005c PA:0x800417a7 load:0x0000005c
      486409000	     24218	80007a0a	9cddca93	xori	x21,x27,-1587	 x27:0x0000073e x21=0xfffffef3
      486489000	     24222	80007a0e	21b3c583	lbu	x11,539(x7)	  x7:0x8004158c x11=0x0000005c PA:0x800417a7 load:0x0000005c
      486689000	     24232	80007a12	63f38203	lb	x4,1599(x7)	  x7:0x8004158c  x4=0xffffff80 PA:0x80041bcb load:0xffffff80
      486709000	     24233	80007a16	63438fa3	sb	x20,1599(x7)	  x7:0x8004158c x20:0x00000038 PA:0x80041bcb store:0x00000038 load:0x000000ff
      486749000	     24235	80007a1a	62238fa3	sb	x2,1599(x7)	  x7:0x8004158c  x2:0xf5e39895 PA:0x80041bcb store:0xf5e39895 load:0x000000ff
      486769000	     24236	80007a1e	00030897	auipc	x17,0x30	 x17=0x80037a1e
      487129000	     24254	80007a22	d8e88893	addi	x17,x17,-626	 x17:0x80037a1e x17=0x800377ac
      487149000	     24255	80007a26	0d4e	c.slli	x26,0x13	 x26:0x00000048 x26=0x02400000
      487169000	     24256	80007a28	6cfe8993	addi	x19,x29,1743	 x29:0x00003a3b x19=0x0000410a
      487229000	     24259	80007a2c	ff288e83	lb	x29,-14(x17)	 x17:0x800377ac x29=0x00000055 PA:0x8003779e load:0x00000055
      487789000	     24287	80007a30	ffd8cd03	lbu	x26,-3(x17)	 x17:0x800377ac x26=0x00000062 PA:0x800377a9 load:0x00000062
      487849000	     24290	80007a34	ff588a03	lb	x20,-11(x17)	 x17:0x800377ac x20=0x0000005a PA:0x800377a1 load:0x0000005a
      488209000	     24308	80007a38	00489b83	lh	x23,4(x17)	 x17:0x800377ac x23=0x00006a6b PA:0x800377b0 load:0x00006a6b
      488269000	     24311	80007a3c	010882a3	sb	x16,5(x17)	 x17:0x800377ac x16:0x00003a3b PA:0x800377b1 store:0x00003a3b load:0x000000ff
      488309000	     24313	80007a40	03283833	mulhu	x16,x16,x18	 x16:0x00003a3b x18:0xffffffe4 x16=0x00003a3a
      488329000	     24314	80007a44	b707a393	slti	x7,x15,-1168	 x15:0xa165b048  x7=0x00000001
      488709000	     24333	80007a48	ffc89f23	sh	x28,-2(x17)	 x17:0x800377ac x28:0x00000000 PA:0x800377aa store:0x00000000 load:0x0000ffff
      488789000	     24337	80007a4c	fe288ca3	sb	x2,-7(x17)	 x17:0x800377ac  x2:0xf5e39895 PA:0x800377a5 store:0xf5e39895 load:0x000000ff
      488809000	     24338	80007a50	0025efb3	or	x31,x11,x2	 x11:0x0000005c  x2:0xf5e39895 x31=0xf5e398dd
      488829000	     24339	80007a54	403e5bb3	sra	x23,x28,x3	 x28:0x00000000  x3:0xe1b88000 x23=0x00000000
      488889000	     24342	80007a58	ff088c83	lb	x25,-16(x17)	 x17:0x800377ac x25=0x00000057 PA:0x8003779c load:0x00000057
      488929000	     24344	80007a5c	01a8da33	srl	x20,x17,x26	 x17:0x800377ac x26:0x00000062 x20=0x2000ddeb
      489029000	     24349	80007a60	005880a3	sb	x5,1(x17)	 x17:0x800377ac  x5:0x0000002f PA:0x800377ad store:0x0000002f load:0x000000ff
      489069000	     24351	80007a64	03cb2e33	mulhsu	x28,x22,x28	 x22:0x00000072 x28:0x00000000 x28=0x00000000
      489509000	     24373	80007a68	ff48c783	lbu	x15,-12(x17)	 x17:0x800377ac x15=0x0000005b PA:0x800377a0 load:0x0000005b
      489529000	     24374	80007a6c	990a	c.add	x18,x2	 x18:0xffffffe4  x2:0xf5e39895 x18=0xf5e39879
      490269000	     24411	80007a6e	02477333	remu	x6,x14,x4	 x14:0x8004cce4  x4:0xffffff80  x6=0x8004cce4
      490289000	     24412	80007a72	bc18ff93	andi	x31,x17,-1087	 x17:0x800377ac x31=0x80037380
      490429000	     24419	80007a76	ff88ac23	sw	x24,-8(x17)	 x17:0x800377ac x24:0x0000002f PA:0x800377a4 store:0x0000002f load:0xffffffff
      490489000	     24422	80007a7a	00e88903	lb	x18,14(x17)	 x17:0x800377ac x18=0x00000071 PA:0x800377ba load:0x00000071
      490509000	     24423	80007a7e	0002c597	auipc	x11,0x2c	 x11=0x80033a7e
      490529000	     24424	80007a82	55258593	addi	x11,x11,1362	 x11:0x80033a7e x11=0x80033fd0
      490549000	     24425	80007a86	00036317	auipc	x6,0x36	  x6=0x8003da86
      490589000	     24427	80007a8a	b2b30313	addi	x6,x6,-1237	  x6:0x8003da86  x6=0x8003d5b1
      491069000	     24451	80007a8e	73534683	lbu	x13,1845(x6)	  x6:0x8003d5b1 x13=0x0000009d PA:0x8003dce6 load:0x0000009d
      491129000	     24454	80007a92	fcc581a3	sb	x12,-61(x11)	 x11:0x80033fd0 x12:0x80048e38 PA:0x80033f93 store:0x80048e38 load:0x000000ff
      491309000	     24463	80007a96	fe659b03	lh	x22,-26(x11)	 x11:0x80033fd0 x22=0x00006c6d PA:0x80033fb6 load:0x00006c6d
      491769000	     24486	80007a9a	0295c683	lbu	x13,41(x11)	 x11:0x80033fd0 x13=0x000000b2 PA:0x80033ff9 load:0x000000b2
      491989000	     24497	80007a9e	ff434a03	lbu	x20,-12(x6)	  x6:0x8003d5b1 x20=0x0000005e PA:0x8003d5a5 load:0x0000005e
      492069000	     24501	80007aa2	0135c403	lbu	x8,19(x11)	 x11:0x80033fd0  x8=0x00000098 PA:0x80033fe3 load:0x00000098
      492269000	     24511	80007aa6	26534983	lbu	x19,613(x6)	  x6:0x8003d5b1 x19=0x000000cd PA:0x8003d816 load:0x000000cd
      492329000	     24514	80007aaa	b2a30383	lb	x7,-1238(x6)	  x6:0x8003d5b1  x7=0xffffff90 PA:0x8003d0db load:0xffffff90
      492549000	     24525	80007aae	00e5c783	lbu	x15,14(x11)	 x11:0x80033fd0 x15=0x00000095 PA:0x80033fde load:0x00000095
      492569000	     24526	80007ab2	00a58b83	lb	x23,10(x11)	 x11:0x80033fd0 x23=0xffffff91 PA:0x80033fda load:0xffffff91
      492989000	     24547	80007ab6	fc358c03	lb	x24,-61(x11)	 x11:0x80033fd0 x24=0x00000038 PA:0x80033f93 load:0x00000038
      493049000	     24550	80007aba	ce234f03	lbu	x30,-798(x6)	  x6:0x8003d5b1 x30=0x00000048 PA:0x8003d293 load:0x00000048
      493649000	     24580	80007abe	14634003	lbu	x0,326(x6)	  x6:0x8003d5b1  x0=0x00000000 PA:0x8003d6f7 load:0x000000ac
      493709000	     24583	80007ac2	ff5589a3	sb	x21,-13(x11)	 x11:0x80033fd0 x21:0xfffffef3 PA:0x80033fc3 store:0xfffffef3 load:0x000000ff
      493729000	     24584	80007ac6	0002e597	auipc	x11,0x2e	 x11=0x80035ac6
      493749000	     24585	80007aca	91058593	addi	x11,x11,-1776	 x11:0x80035ac6 x11=0x800353d6
      493769000	     24586	80007ace	0002b197	auipc	x3,0x2b	  x3=0x80032ace
      493789000	     24587	80007ad2	5d018193	addi	x3,x3,1488	  x3:0x80032ace  x3=0x8003309e
      494009000	     24598	80007ad6	00e58283	lb	x5,14(x11)	 x11:0x800353d6  x5=0xffffff9f PA:0x800353e4 load:0xffffff9f
      494629000	     24629	80007ada	00d584a3	sb	x13,9(x11)	 x11:0x800353d6 x13:0x000000b2 PA:0x800353df store:0x000000b2 load:0x000000ff
      494789000	     24637	80007ade	0871c403	lbu	x8,135(x3)	  x3:0x8003309e  x8=0x000000de PA:0x80033125 load:0x000000de
      494849000	     24640	80007ae2	fe05ca83	lbu	x21,-32(x11)	 x11:0x800353d6 x21=0x0000006d PA:0x800353b6 load:0x0000006d
      495029000	     24649	80007ae6	00458da3	sb	x4,27(x11)	 x11:0x800353d6  x4:0xffffff80 PA:0x800353f1 store:0xffffff80 load:0x000000ff
      495089000	     24652	80007aea	02759023	sh	x7,32(x11)	 x11:0x800353d6  x7:0xffffff90 PA:0x800353f6 store:0xffffff90 load:0x0000ffff
      495109000	     24653	80007aee	1ea1cb83	lbu	x23,490(x3)	  x3:0x8003309e x23=0x00000043 PA:0x80033288 load:0x00000043
      495729000	     24684	80007af2	01c58ea3	sb	x28,29(x11)	 x11:0x800353d6 x28:0x00000000 PA:0x800353f3 store:0x00000000 load:0x000000ff
      495789000	     24687	80007af6	fcf58203	lb	x4,-49(x11)	 x11:0x800353d6  x4=0x0000005e PA:0x800353a5 load:0x0000005e
      495809000	     24688	80007afa	ff218ea3	sb	x18,-3(x3)	  x3:0x8003309e x18:0x00000071 PA:0x8003309b store:0x00000071 load:0x000000ff
      495829000	     24689	80007afe	5581df03	lhu	x30,1368(x3)	  x3:0x8003309e x30=0x0000acad PA:0x800335f6 load:0x0000acad
      495869000	     24691	80007b02	0205c903	lbu	x18,32(x11)	 x11:0x800353d6 x18=0x00000090 PA:0x800353f6 load:0x00000090
      496009000	     24698	80007b06	28318e23	sb	x3,668(x3)	  x3:0x8003309e  x3:0x8003309e PA:0x8003333a store:0x8003309e load:0x000000ff
      496069000	     24701	80007b0a	fe758f03	lb	x30,-25(x11)	 x11:0x800353d6 x30=0x00000076 PA:0x800353bd load:0x00000076
      496089000	     24702	80007b0e	23518203	lb	x4,565(x3)	  x3:0x8003309e  x4=0xffffff88 PA:0x800332d3 load:0xffffff88
      496589000	     24727	80007b12	fdd5c503	lbu	x10,-35(x11)	 x11:0x800353d6 x10=0x00000068 PA:0x800353b3 load:0x00000068
      496649000	     24730	80007b16	62d1c203	lbu	x4,1581(x3)	  x3:0x8003309e  x4=0x00000080 PA:0x800336cb load:0x00000080
      496669000	     24731	80007b1a	00033997	auipc	x19,0x33	 x19=0x8003ab1a
      496689000	     24732	80007b1e	d0998993	addi	x19,x19,-759	 x19:0x8003ab1a x19=0x8003a823
      496749000	     24735	80007b22	0169ca03	lbu	x20,22(x19)	 x19:0x8003a823 x20=0x000000f2 PA:0x8003a839 load:0x000000f2
      496769000	     24736	80007b26	01698003	lb	x0,22(x19)	 x19:0x8003a823  x0=0x00000000 PA:0x8003a839 load:0xfffffff2
      496789000	     24737	80007b2a	03599503	lh	x10,53(x19)	 x19:0x8003a823 x10=0x00001213 PA:0x8003a858 load:0x00001213
      497209000	     24758	80007b2e	03599f83	lh	x31,53(x19)	 x19:0x8003a823 x31=0x00001213 PA:0x8003a858 load:0x00001213
      497349000	     24765	80007b32	03598d83	lb	x27,53(x19)	 x19:0x8003a823 x27=0x00000013 PA:0x8003a858 load:0x00000013
      497369000	     24766	80007b36	fcd99c83	lh	x25,-51(x19)	 x19:0x8003a823 x25=0xffffaaab PA:0x8003a7f0 load:0xffffaaab
      497389000	     24767	80007b3a	8bc7c213	xori	x4,x15,-1860	 x15:0x00000095  x4=0xfffff829
      527669000	     26281	80007b3e	fc498503	lb	x10,-60(x19)	 x19:0x8003a823 x10=0xffffff9c PA:0x8003a7e7 load:0xffffff9c
      527689000	     26282	80007b42	00cf62b3	or	x5,x30,x12	 x30:0x00000076 x12:0x80048e38  x5=0x80048e7e
      527869000	     26291	80007b46	fc498e03	lb	x28,-60(x19)	 x19:0x8003a823 x28=0xffffff9c PA:0x8003a7e7 load:0xffffff9c
      527929000	     26294	80007b4a	fc49c383	lbu	x7,-60(x19)	 x19:0x8003a823  x7=0x0000009c PA:0x8003a7e7 load:0x0000009c
      528149000	     26305	80007b4e	fc498a83	lb	x21,-60(x19)	 x19:0x8003a823 x21=0xffffff9c PA:0x8003a7e7 load:0xffffff9c
      528169000	     26306	80007b52	fde98223	sb	x30,-60(x19)	 x19:0x8003a823 x30:0x00000076 PA:0x8003a7e7 store:0x00000076 load:0x000000ff
      528569000	     26326	80007b56	fc498903	lb	x18,-60(x19)	 x19:0x8003a823 x18=0x00000076 PA:0x8003a7e7 load:0x00000076
      528589000	     26327	80007b5a	fc49c903	lbu	x18,-60(x19)	 x19:0x8003a823 x18=0x00000076 PA:0x8003a7e7 load:0x00000076
      529009000	     26348	80007b5e	fcb99d03	lh	x26,-53(x19)	 x19:0x8003a823 x26=0xffff89a5 PA:0x8003a7ee load:0xffff89a5
      529029000	     26349	80007b62	0002cd97	auipc	x27,0x2c	 x27=0x80033b62
      529169000	     26356	80007b66	ce0d8d93	addi	x27,x27,-800	 x27:0x80033b62 x27=0x80033842
      529189000	     26357	80007b6a	00031517	auipc	x10,0x31	 x10=0x80038b6a
      529609000	     26378	80007b6e	4e250513	addi	x10,x10,1250	 x10:0x80038b6a x10=0x8003904c
      530249000	     26410	80007b72	fe3dcb83	lbu	x23,-29(x27)	 x27:0x80033842 x23=0x000000de PA:0x80033825 load:0x000000de
      530369000	     26416	80007b76	d95c	c.sw	x15,52(x10)	 x10:0x8003904c x15:0x00000095 PA:0x80039080 store:0x00000095 load:0xffffffff
      530429000	     26419	80007b78	ff550583	lb	x11,-11(x10)	 x10:0x8003904c x11=0xfffffffa PA:0x80039041 load:0xfffffffa
      530449000	     26420	80007b7c	fe1dc483	lbu	x9,-31(x27)	 x27:0x80033842  x9=0x000000d8 PA:0x80033823 load:0x000000d8
      530469000	     26421	80007b80	fcddc403	lbu	x8,-51(x27)	 x27:0x80033842  x8=0x000000c4 PA:0x8003380f load:0x000000c4
      530529000	     26424	80007b84	fe050c83	lb	x25,-32(x10)	 x10:0x8003904c x25=0xffffffe7 PA:0x8003902c load:0xffffffe7
      530729000	     26434	80007b88	febd8003	lb	x0,-21(x27)	 x27:0x80033842  x0=0x00000000 PA:0x8003382d load:0xffffffe6
      531149000	     26455	80007b8c	009507a3	sb	x9,15(x10)	 x10:0x8003904c  x9:0x000000d8 PA:0x8003905b store:0x000000d8 load:0x000000ff
      531209000	     26458	80007b90	00854183	lbu	x3,8(x10)	 x10:0x8003904c  x3=0x0000000f PA:0x80039054 load:0x0000000f
      531229000	     26459	80007b94	fed501a3	sb	x13,-29(x10)	 x10:0x8003904c x13:0x000000b2 PA:0x8003902f store:0x000000b2 load:0x000000ff
      531369000	     26466	80007b98	fc1d87a3	sb	x1,-49(x27)	 x27:0x80033842  x1:0x0000543e PA:0x80033811 store:0x0000543e load:0x000000ff
      531849000	     26490	80007b9c	fe8503a3	sb	x8,-25(x10)	 x10:0x8003904c  x8:0x000000c4 PA:0x80039033 store:0x000000c4 load:0x000000ff
      531869000	     26491	80007ba0	0003c097	auipc	x1,0x3c	  x1=0x80043ba0
      531889000	     26492	80007ba4	d3908093	addi	x1,x1,-711	  x1:0x80043ba0  x1=0x800438d9
      531969000	     26496	80007ba8	02209da3	sh	x2,59(x1)	  x1:0x800438d9  x2:0xf5e39895 PA:0x80043914 store:0xf5e39895 load:0x0000ffff
      531989000	     26497	80007bac	9f22	c.add	x30,x8	 x30:0x00000076  x8:0x000000c4 x30=0x0000013a
      532189000	     26507	80007bae	01608583	lb	x11,22(x1)	  x1:0x800438d9 x11=0xffffffa4 PA:0x800438ef load:0xffffffa4
      532249000	     26510	80007bb2	fd10d003	lhu	x0,-47(x1)	  x1:0x800438d9  x0=0x00000000 PA:0x800438aa load:0x00006061
      532269000	     26511	80007bb6	956a	c.add	x10,x26	 x10:0x8003904c x26:0xffff89a5 x10=0x800319f1
      532289000	     26512	80007bb8	ff0087a3	sb	x16,-17(x1)	  x1:0x800438d9 x16:0x00003a3a PA:0x800438c8 store:0x00003a3a load:0x000000ff
      532329000	     26514	80007bbc	ff70dd83	lhu	x27,-9(x1)	  x1:0x800438d9 x27=0x00008a8b PA:0x800438d0 load:0x00008a8b
      532349000	     26515	80007bc0	0001	c.addi	x0,0	  x0:0x00000000  x0=0x00000000
      532409000	     26518	80007bc2	02f08623	sb	x15,44(x1)	  x1:0x800438d9 x15:0x00000095 PA:0x80043905 store:0x00000095 load:0x000000ff
      532669000	     26531	80007bc6	00008783	lb	x15,0(x1)	  x1:0x800438d9 x15=0xffffff92 PA:0x800438d9 load:0xffffff92
      533109000	     26553	80007bca	0070cb83	lbu	x23,7(x1)	  x1:0x800438d9 x23=0x0000009b PA:0x800438e0 load:0x0000009b
      533169000	     26556	80007bce	ff00a7a3	sw	x16,-17(x1)	  x1:0x800438d9 x16:0x00003a3a PA:0x800438c8 store:0x00003a3a load:0xffffffff
      533429000	     26569	80007bd2	03b08a23	sb	x27,52(x1)	  x1:0x800438d9 x27:0x00008a8b PA:0x8004390d store:0x00008a8b load:0x000000ff
      533489000	     26572	80007bd6	fc20c203	lbu	x4,-62(x1)	  x1:0x800438d9  x4=0x00000050 PA:0x8004389b load:0x00000050
      533789000	     26587	80007bda	fcb08523	sb	x11,-54(x1)	  x1:0x800438d9 x11:0xffffffa4 PA:0x800438a3 store:0xffffffa4 load:0x000000ff
      533849000	     26590	80007bde	ff109903	lh	x18,-15(x1)	  x1:0x800438d9 x18=0x00000000 PA:0x800438ca load:0x00000000
      533869000	     26591	80007be2	fc10c303	lbu	x6,-63(x1)	  x1:0x800438d9  x6=0x00000051 PA:0x8004389a load:0x00000051
      534089000	     26602	80007be6	fcc080a3	sb	x12,-63(x1)	  x1:0x800438d9 x12:0x80048e38 PA:0x8004389a store:0x80048e38 load:0x000000ff
      534109000	     26603	80007bea	0e423293	sltiu	x5,x4,228	  x4:0x00000050  x5=0x00000001
      534129000	     26604	80007bee	fed0d003	lhu	x0,-19(x1)	  x1:0x800438d9  x0=0x00000000 PA:0x800438c6 load:0x00007c7d
      534409000	     26618	80007bf2	03108b03	lb	x22,49(x1)	  x1:0x800438d9 x22=0xffffffc1 PA:0x8004390a load:0xffffffc1
      534429000	     26619	80007bf6	0002e297	auipc	x5,0x2e	  x5=0x80035bf6
      534549000	     26625	80007bfa	a2528293	addi	x5,x5,-1499	  x5:0x80035bf6  x5=0x8003561b
      535089000	     26652	80007bfe	00f29903	lh	x18,15(x5)	  x5:0x8003561b x18=0xffffe0e1 PA:0x8003562a load:0xffffe0e1
      535249000	     26660	80007c02	ffc28683	lb	x13,-4(x5)	  x5:0x8003561b x13=0xffffffcc PA:0x80035617 load:0xffffffcc
      535269000	     26661	80007c06	0002cf17	auipc	x30,0x2c	 x30=0x80033c06
      535289000	     26662	80007c0a	8c5f0f13	addi	x30,x30,-1851	 x30:0x80033c06 x30=0x800334cb
      535449000	     26670	80007c0e	fbcf1fa3	sh	x28,-65(x30)	 x30:0x800334cb x28:0xffffff9c PA:0x8003348a store:0xffffff9c load:0x0000ffff
      535909000	     26693	80007c12	ffd29c83	lh	x25,-3(x5)	  x5:0x8003561b x25=0xffffd2d3 PA:0x80035618 load:0xffffd2d3
      536129000	     26704	80007c16	0b0f0203	lb	x4,176(x30)	 x30:0x800334cb  x4=0x00000030 PA:0x8003357b load:0x00000030
      536429000	     26719	80007c1a	ffd29783	lh	x15,-3(x5)	  x5:0x8003561b x15=0xffffd2d3 PA:0x80035618 load:0xffffd2d3
      536489000	     26722	80007c1e	fff28823	sb	x31,-16(x5)	  x5:0x8003561b x31:0x00001213 PA:0x8003560b store:0x00001213 load:0x000000ff
      536709000	     26733	80007c22	f87f0483	lb	x9,-121(x30)	 x30:0x800334cb  x9=0x00000009 PA:0x80033452 load:0x00000009
      536729000	     26734	80007c26	f4bf5303	lhu	x6,-181(x30)	 x30:0x800334cb  x6=0x000000e8 PA:0x80033416 load:0x000000e8
      536749000	     26735	80007c2a	ff92d383	lhu	x7,-7(x5)	  x5:0x8003561b  x7=0x0000cecf PA:0x80035614 load:0x0000cecf
      536909000	     26743	80007c2e	00428b03	lb	x22,4(x5)	  x5:0x8003561b x22=0xffffffd4 PA:0x8003561f load:0xffffffd4
      536969000	     26746	80007c32	f31f5303	lhu	x6,-207(x30)	 x30:0x800334cb  x6=0x0000b6b7 PA:0x800333fc load:0x0000b6b7
      536989000	     26747	80007c36	01228823	sb	x18,16(x5)	  x5:0x8003561b x18:0xffffe0e1 PA:0x8003562b store:0xffffe0e1 load:0x000000ff
      537269000	     26761	80007c3a	fff28d23	sb	x31,-6(x5)	  x5:0x8003561b x31:0x00001213 PA:0x80035615 store:0x00001213 load:0x000000ff
      537289000	     26762	80007c3e	027f0723	sb	x7,46(x30)	 x30:0x800334cb  x7:0x0000cecf PA:0x800334f9 store:0x0000cecf load:0x000000ff
      537349000	     26765	80007c42	00035e17	auipc	x28,0x35	 x28=0x8003cc42
      537429000	     26769	80007c46	cc7e0e13	addi	x28,x28,-825	 x28:0x8003cc42 x28=0x8003c909
      537849000	     26790	80007c4a	0002cd17	auipc	x26,0x2c	 x26=0x80033c4a
      537949000	     26795	80007c4e	a2ad0d13	addi	x26,x26,-1494	 x26:0x80033c4a x26=0x80033674
      538149000	     26805	80007c52	00de0923	sb	x13,18(x28)	 x28:0x8003c909 x13:0xffffffcc PA:0x8003c91b store:0xffffffcc load:0x000000ff
      538689000	     26832	80007c56	ce5d4b83	lbu	x23,-795(x26)	 x26:0x80033674 x23=0x00000012 PA:0x80033359 load:0x00000012
      538909000	     26843	80007c5a	7eae0623	sb	x10,2028(x28)	 x28:0x8003c909 x10:0x800319f1 PA:0x8003d0f5 store:0x800319f1 load:0x000000ff
      539129000	     26854	80007c5e	4ace0ca3	sb	x12,1209(x28)	 x28:0x8003c909 x12:0x80048e38 PA:0x8003cdc2 store:0x80048e38 load:0x000000ff
      539189000	     26857	80007c62	727e5c03	lhu	x24,1831(x28)	 x28:0x8003c909 x24=0x0000eaeb PA:0x8003d030 load:0x0000eaeb
      539209000	     26858	80007c66	a8ae4003	lbu	x0,-1398(x28)	 x28:0x8003c909  x0=0x00000000 PA:0x8003c393 load:0x00000048
      539229000	     26859	80007c6a	f6ad5803	lhu	x16,-150(x26)	 x26:0x80033674 x16=0x00009495 PA:0x800335de load:0x00009495
      539249000	     26860	80007c6e	e72d1483	lh	x9,-398(x26)	 x26:0x80033674  x9=0xffff9c9d PA:0x800334e6 load:0xffff9c9d
      539669000	     26881	80007c72	024e4f83	lbu	x31,36(x28)	 x28:0x8003c909 x31=0x000000e6 PA:0x8003c92d load:0x000000e6
      540309000	     26913	80007c76	3b9e1c83	lh	x25,953(x28)	 x28:0x8003c909 x25=0x00007879 PA:0x8003ccc2 load:0x00007879
      540749000	     26935	80007c7a	bf7d0203	lb	x4,-1033(x26)	 x26:0x80033674  x4=0x00000020 PA:0x8003326b load:0x00000020
      540889000	     26942	80007c7e	6a7e0583	lb	x11,1703(x28)	 x28:0x8003c909 x11=0x0000006b PA:0x8003cfb0 load:0x0000006b
      540909000	     26943	80007c82	e8ae4983	lbu	x19,-374(x28)	 x28:0x8003c909 x19=0x00000048 PA:0x8003c793 load:0x00000048
      541329000	     26964	80007c86	66cd08a3	sb	x12,1649(x26)	 x26:0x80033674 x12:0x80048e38 PA:0x80033ce5 store:0x80048e38 load:0x000000ff
      541349000	     26965	80007c8a	0002c197	auipc	x3,0x2c	  x3=0x80033c8a
      541369000	     26966	80007c8e	dcd18193	addi	x3,x3,-563	  x3:0x80033c8a  x3=0x80033a57
      541429000	     26969	80007c92	a5b19203	lh	x4,-1445(x3)	  x3:0x80033a57  x4=0x00003969 PA:0x800334b2 load:0x00003969
      541529000	     26974	80007c96	d741a4a3	sw	x20,-663(x3)	  x3:0x80033a57 x20:0x000000f2 PA:0x800337c0 store:0x000000f2 load:0xffffffff
      541589000	     26977	80007c9a	d7018583	lb	x11,-656(x3)	  x3:0x80033a57 x11=0x0000007c PA:0x800337c7 load:0x0000007c
      541749000	     26985	80007c9e	0ab1c303	lbu	x6,171(x3)	  x3:0x80033a57  x6=0x00000001 PA:0x80033b02 load:0x00000001
      541989000	     26997	80007ca2	1ee1a4a3	sw	x14,489(x3)	  x3:0x80033a57 x14:0x8004cce4 PA:0x80033c40 store:0x8004cce4 load:0xffffffff
      542029000	     26999	80007ca6	03eaaeb3	mulhsu	x29,x21,x30	 x21:0xffffff9c x30:0x800334cb x29=0xffffffcd
      542129000	     27004	80007caa	44018923	sb	x0,1106(x3)	  x3:0x80033a57  x0:0x00000000 PA:0x80033ea9 store:0x00000000 load:0x000000ff
      542429000	     27019	80007cae	ad518aa3	sb	x21,-1323(x3)	  x3:0x80033a57 x21:0xffffff9c PA:0x8003352c store:0xffffff9c load:0x000000ff
      542509000	     27023	80007cb2	b361a8a3	sw	x22,-1231(x3)	  x3:0x80033a57 x22:0xffffffd4 PA:0x80033588 store:0xffffffd4 load:0xffffffff
      542529000	     27024	80007cb6	018288b3	add	x17,x5,x24	  x5:0x8003561b x24:0x0000eaeb x17=0x80044106
      542609000	     27028	80007cba	23318ba3	sb	x19,567(x3)	  x3:0x80033a57 x19:0x00000048 PA:0x80033c8e store:0x00000048 load:0x000000ff
      542629000	     27029	80007cbe	d34f0093	addi	x1,x30,-716	 x30:0x800334cb  x1=0x800331ff
      542649000	     27030	80007cc2	9986	c.add	x19,x1	 x19:0x00000048  x1:0x800331ff x19=0x80033247
      542689000	     27032	80007cc4	03663bb3	mulhu	x23,x12,x22	 x12:0x80048e38 x22:0xffffffd4 x23=0x80048e21
      542949000	     27045	80007cc8	3f818283	lb	x5,1016(x3)	  x3:0x80033a57  x5=0x0000005c PA:0x80033e4f load:0x0000005c
      543109000	     27053	80007ccc	3401c983	lbu	x19,832(x3)	  x3:0x80033a57 x19=0x0000004c PA:0x80033d97 load:0x0000004c
      543229000	     27059	80007cd0	baa18283	lb	x5,-1110(x3)	  x3:0x80033a57  x5=0xffffffba PA:0x80033601 load:0xffffffba
      543409000	     27068	80007cd4	26d18ca3	sb	x13,633(x3)	  x3:0x80033a57 x13:0xffffffcc PA:0x80033cd0 store:0xffffffcc load:0x000000ff
      543469000	     27071	80007cd8	a121cf03	lbu	x30,-1518(x3)	  x3:0x80033a57 x30=0x00000022 PA:0x80033469 load:0x00000022
      543489000	     27072	80007cdc	1bd18ca3	sb	x29,441(x3)	  x3:0x80033a57 x29:0xffffffcd PA:0x80033c10 store:0xffffffcd load:0x000000ff
      543909000	     27093	80007ce0	c35180a3	sb	x21,-991(x3)	  x3:0x80033a57 x21:0xffffff9c PA:0x80033678 store:0xffffff9c load:0x000000ff
      544309000	     27113	80007ce4	48a18ea3	sb	x10,1181(x3)	  x3:0x80033a57 x10:0x800319f1 PA:0x80033ef4 store:0x800319f1 load:0x000000ff
      544329000	     27114	80007ce8	133d2893	slti	x17,x26,307	 x26:0x80033674 x17=0x00000001
      544409000	     27118	80007cec	4261c003	lbu	x0,1062(x3)	  x3:0x80033a57  x0=0x00000000 PA:0x80033e7d load:0x00000036
      544429000	     27119	80007cf0	9fe6	c.add	x31,x25	 x31:0x000000e6 x25:0x00007879 x31=0x0000795f
      545169000	     27156	80007cf2	02915333	divu	x6,x2,x9	  x2:0xf5e39895  x9:0xffff9c9d  x6=0x00000000
      545229000	     27159	80007cf6	01d18523	sb	x29,10(x3)	  x3:0x80033a57 x29:0xffffffcd PA:0x80033a61 store:0xffffffcd load:0x000000ff
      545249000	     27160	80007cfa	8ebd	c.xor	x13,x15	 x13:0xffffffcc x15:0xffffd2d3 x13=0x00002d1f
      545269000	     27161	80007cfc	99fd	c.andi	x11,-1	 x11:0x0000007c x11=0x0000007c
      545409000	     27168	80007cfe	060182a3	sb	x0,101(x3)	  x3:0x80033a57  x0:0x00000000 PA:0x80033abc store:0x00000000 load:0x000000ff
      545429000	     27169	80007d02	0125ce33	xor	x28,x11,x18	 x11:0x0000007c x18:0xffffe0e1 x28=0xffffe09d
      545449000	     27170	80007d06	8fc5	c.or	x15,x9	 x15:0xffffd2d3  x9:0xffff9c9d x15=0xffffdedf
      545469000	     27171	80007d08	8c2d	c.xor	x8,x11	  x8:0x000000c4 x11:0x0000007c  x8=0x000000b8
      546209000	     27208	80007d0a	035cf233	remu	x4,x25,x21	 x25:0x00007879 x21:0xffffff9c  x4=0x00007879
      546329000	     27214	80007d0e	8411c783	lbu	x15,-1983(x3)	  x3:0x80033a57 x15=0x00000053 PA:0x80033298 load:0x00000053
      546509000	     27223	80007d12	df318f03	lb	x30,-525(x3)	  x3:0x80033a57 x30=0x00000001 PA:0x8003384a load:0x00000001
      546529000	     27224	80007d16	0003fbb3	and	x23,x7,x0	  x7:0x0000cecf  x0:0x00000000 x23=0x00000000
      546609000	     27228	80007d1a	ccf1c283	lbu	x5,-817(x3)	  x3:0x80033a57  x5=0x000000dd PA:0x80033726 load:0x000000dd
      546729000	     27234	80007d1e	0951cc03	lbu	x24,149(x3)	  x3:0x80033a57 x24=0x000000a7 PA:0x80033aec load:0x000000a7
      546789000	     27237	80007d22	fde189a3	sb	x30,-45(x3)	  x3:0x80033a57 x30:0x00000001 PA:0x80033a2a store:0x00000001 load:0x000000ff
      547269000	     27261	80007d26	cd618a03	lb	x20,-810(x3)	  x3:0x80033a57 x20=0xffffffe6 PA:0x8003372d load:0xffffffe6
      547929000	     27294	80007d2a	1c41a8a3	sw	x4,465(x3)	  x3:0x80033a57  x4:0x00007879 PA:0x80033c28 store:0x00007879 load:0xffffffff
      548669000	     27331	80007d2e	03cdd6b3	divu	x13,x27,x28	 x27:0x00008a8b x28:0xffffe09d x13=0x00000000
      548729000	     27334	80007d32	e4f19303	lh	x6,-433(x3)	  x3:0x80033a57  x6=0x00005c5d PA:0x800338a6 load:0x00005c5d
      548749000	     27335	80007d36	acb18a83	lb	x21,-1333(x3)	  x3:0x80033a57 x21=0xffffff84 PA:0x80033522 load:0xffffff84
      548769000	     27336	80007d3a	0075d913	srli	x18,x11,0x7	 x11:0x0000007c x18=0x00000000
      548829000	     27339	80007d3e	f991a203	lw	x4,-103(x3)	  x3:0x80033a57  x4=0xa8a9aaab PA:0x800339f0 load:0xa8a9aaab
      548849000	     27340	80007d42	00035797	auipc	x15,0x35	 x15=0x8003cd42
      548929000	     27344	80007d46	37c78793	addi	x15,x15,892	 x15:0x8003cd42 x15=0x8003d0be
      548989000	     27347	80007d4a	fde7a883	lw	x17,-34(x15)	 x15:0x8003d0be x17=0x54555657 PA:0x8003d09c load:0x54555657
      549009000	     27348	80007d4e	8d72	c.mv	x26,x28	  x0:0x00000000 x28:0xffffe09d x26=0xffffe09d
      549349000	     27365	80007d50	01178e83	lb	x29,17(x15)	 x15:0x8003d0be x29=0xffffff84 PA:0x8003d0cf load:0xffffff84
      551349000	     27465	80007d54	03519c33	mulh	x24,x3,x21	  x3:0x80033a57 x21:0xffffff84 x24=0x0000003d
      551689000	     27482	80007d58	fdd78b83	lb	x23,-35(x15)	 x15:0x8003d0be x23=0x00000050 PA:0x8003d09b load:0x00000050
      552049000	     27500	80007d5c	03378b03	lb	x22,51(x15)	 x15:0x8003d0be x22=0xffffffaa PA:0x8003d0f1 load:0xffffffaa
      552429000	     27519	80007d60	fd078883	lb	x17,-48(x15)	 x15:0x8003d0be x17=0x00000045 PA:0x8003d08e load:0x00000045
      552689000	     27532	80007d64	030788a3	sb	x16,49(x15)	 x15:0x8003d0be x16:0x00009495 PA:0x8003d0ef store:0x00009495 load:0x000000ff
      552749000	     27535	80007d68	01f7c383	lbu	x7,31(x15)	 x15:0x8003d0be  x7=0x00000096 PA:0x8003d0dd load:0x00000096
      552769000	     27536	80007d6c	416c5693	srai	x13,x24,0x16	 x24:0x0000003d x13=0x00000000
      552789000	     27537	80007d70	ee84e293	ori	x5,x9,-280	  x9:0xffff9c9d  x5=0xfffffefd
      552809000	     27538	80007d74	011fb9b3	sltu	x19,x31,x17	 x31:0x0000795f x17:0x00000045 x19=0x00000000
      552829000	     27539	80007d78	86dd	c.srai	x13,0x17	 x13:0x00000000 x13=0x00000000
      553209000	     27558	80007d7a	02d7af23	sw	x13,62(x15)	 x15:0x8003d0be x13:0x00000000 PA:0x8003d0fc store:0x00000000 load:0xffffffff
      553229000	     27559	80007d7e	01017bb3	and	x23,x2,x16	  x2:0xf5e39895 x16:0x00009495 x23=0x00009095
      553429000	     27569	80007d82	fcc78083	lb	x1,-52(x15)	 x15:0x8003d0be  x1=0x00000041 PA:0x8003d08a load:0x00000041
      554169000	     27606	80007d86	03cec933	div	x18,x29,x28	 x29:0xffffff84 x28:0xffffe09d x18=0x00000000
      554189000	     27607	80007d8a	00b74fb3	xor	x31,x14,x11	 x14:0x8004cce4 x11:0x0000007c x31=0x8004cc98
      554649000	     27630	80007d8e	fc07c183	lbu	x3,-64(x15)	 x15:0x8003d0be  x3=0x00000035 PA:0x8003d07e load:0x00000035
      554709000	     27633	80007d92	ff678583	lb	x11,-10(x15)	 x15:0x8003d0be x11=0x0000006f PA:0x8003d0b4 load:0x0000006f
      554729000	     27634	80007d96	0000100f	fence.i	
      554989000	     27647	80007d9a	3b027493	andi	x9,x4,944	  x4:0xa8a9aaab  x9=0x000002a0
      555429000	     27669	80007d9e	02dccd33	div	x26,x25,x13	 x25:0x00007879 x13:0x00000000 x26=0xffffffff
      555569000	     27676	80007da2	01b78003	lb	x0,27(x15)	 x15:0x8003d0be  x0=0x00000000 PA:0x8003d0d9 load:0xffffff92
      555989000	     27697	80007da6	00279903	lh	x18,2(x15)	 x15:0x8003d0be x18=0x00007a7b PA:0x8003d0c0 load:0x00007a7b
      556369000	     27716	80007daa	fe77cb03	lbu	x22,-25(x15)	 x15:0x8003d0be x22=0x0000005e PA:0x8003d0a5 load:0x0000005e
      556389000	     27717	80007dae	ff278423	sb	x18,-24(x15)	 x15:0x8003d0be x18:0x00007a7b PA:0x8003d0a6 store:0x00007a7b load:0x000000ff
      556409000	     27718	80007db2	01b9e933	or	x18,x19,x27	 x19:0x00000000 x27:0x00008a8b x18=0x00008a8b
      556569000	     27726	80007db6	01078823	sb	x16,16(x15)	 x15:0x8003d0be x16:0x00009495 PA:0x8003d0ce store:0x00009495 load:0x000000ff
      556949000	     27745	80007dba	fde78083	lb	x1,-34(x15)	 x15:0x8003d0be  x1=0x00000057 PA:0x8003d09c load:0x00000057
      556969000	     27746	80007dbe	ac933893	sltiu	x17,x6,-1335	  x6:0x00005c5d x17=0x00000001
      556989000	     27747	80007dc2	987d	c.andi	x8,-1	  x8:0x000000b8  x8=0x000000b8
      557129000	     27754	80007dc4	0109fb33	and	x22,x19,x16	 x19:0x00000000 x16:0x00009495 x22=0x00000000
      557269000	     27761	80007dc8	fcc78023	sb	x12,-64(x15)	 x15:0x8003d0be x12:0x80048e38 PA:0x8003d07e store:0x80048e38 load:0x000000ff
      557509000	     27773	80007dcc	00d78483	lb	x9,13(x15)	 x15:0x8003d0be  x9=0xffffff80 PA:0x8003d0cb load:0xffffff80
      557549000	     27775	80007dd0	9c04b013	sltiu	x0,x9,-1600	  x9:0xffffff80  x0=0x00000000
      557609000	     27778	80007dd4	03e7c983	lbu	x19,62(x15)	 x15:0x8003d0be x19=0x00000000 PA:0x8003d0fc load:0x00000000
      557929000	     27794	80007dd8	01f7cf83	lbu	x31,31(x15)	 x15:0x8003d0be x31=0x00000096 PA:0x8003d0dd load:0x00000096
      557989000	     27797	80007ddc	02078b83	lb	x23,32(x15)	 x15:0x8003d0be x23=0xffffff95 PA:0x8003d0de load:0xffffff95
      558289000	     27812	80007de0	fe67dc83	lhu	x25,-26(x15)	 x15:0x8003d0be x25=0x00005e5f PA:0x8003d0a4 load:0x00005e5f
      558329000	     27814	80007de4	02e521b3	mulhsu	x3,x10,x14	 x10:0x800319f1 x14:0x8004cce4  x3=0xbfff2695
      558449000	     27820	80007de8	99fd	c.andi	x11,-1	 x11:0x0000006f x11=0x0000006f
      559169000	     27856	80007dea	fe87cc03	lbu	x24,-24(x15)	 x15:0x8003d0be x24=0x0000007b PA:0x8003d0a6 load:0x0000007b
      559909000	     27893	80007dee	0232fb33	remu	x22,x5,x3	  x5:0xfffffefd  x3:0xbfff2695 x22=0x4000d868
      559929000	     27894	80007df2	0051b0b3	sltu	x1,x3,x5	  x3:0xbfff2695  x5:0xfffffefd  x1=0x00000001
      559949000	     27895	80007df6	009e1e93	slli	x29,x28,0x9	 x28:0xffffe09d x29=0xffc13a00
      559969000	     27896	80007dfa	8de1	c.and	x11,x8	 x11:0x0000006f  x8:0x000000b8 x11=0x00000028
      559989000	     27897	80007dfc	8c95	c.sub	x9,x13	  x9:0xffffff80 x13:0x00000000  x9=0xffffff80
      560449000	     27920	80007dfe	024781a3	sb	x4,35(x15)	 x15:0x8003d0be  x4:0xa8a9aaab PA:0x8003d0e1 store:0xa8a9aaab load:0x000000ff
      560649000	     27930	80007e02	ffe781a3	sb	x30,-29(x15)	 x15:0x8003d0be x30:0x00000001 PA:0x8003d0a1 store:0x00000001 load:0x000000ff
      560669000	     27931	80007e06	01d49ab3	sll	x21,x9,x29	  x9:0xffffff80 x29:0xffc13a00 x21=0xffffff80
      560889000	     27942	80007e0a	002783a3	sb	x2,7(x15)	 x15:0x8003d0be  x2:0xf5e39895 PA:0x8003d0c5 store:0xf5e39895 load:0x000000ff
      561189000	     27957	80007e0e	0067a583	lw	x11,6(x15)	 x15:0x8003d0be x11=0x7c7d957f PA:0x8003d0c4 load:0x7c7d957f
      561209000	     27958	80007e12	0003ba97	auipc	x21,0x3b	 x21=0x80042e12
      561229000	     27959	80007e16	8f0a8a93	addi	x21,x21,-1808	 x21:0x80042e12 x21=0x80042702
      561289000	     27962	80007e1a	01ba8123	sb	x27,2(x21)	 x21:0x80042702 x27:0x00008a8b PA:0x80042704 store:0x00008a8b load:0x000000ff
      561449000	     27970	80007e1e	002aa503	lw	x10,2(x21)	 x21:0x80042702 x10=0xbcbdbe8b PA:0x80042704 load:0xbcbdbe8b
      561909000	     27993	80007e22	006a9123	sh	x6,2(x21)	 x21:0x80042702  x6:0x00005c5d PA:0x80042704 store:0x00005c5d load:0x0000ffff
      562349000	     28015	80007e26	002a8403	lb	x8,2(x21)	 x21:0x80042702  x8=0x0000005d PA:0x80042704 load:0x0000005d
      562409000	     28018	80007e2a	010a8123	sb	x16,2(x21)	 x21:0x80042702 x16:0x00009495 PA:0x80042704 store:0x00009495 load:0x000000ff
      562429000	     28019	80007e2e	7bbcf693	andi	x13,x25,1979	 x25:0x00005e5f x13=0x0000061b
      562849000	     28040	80007e32	01da8803	lb	x16,29(x21)	 x21:0x80042702 x16=0xffffffd4 PA:0x8004271f load:0xffffffd4
      563089000	     28052	80007e36	03aa8183	lb	x3,58(x21)	 x21:0x80042702  x3=0xfffffff7 PA:0x8004273c load:0xfffffff7
      563109000	     28053	80007e3a	91e73db7	lui	x27,0x91e73	 x27=0x91e73000
      563129000	     28054	80007e3e	5f7d	c.li	x30,-1	 x30=0xffffffff
      563269000	     28061	80007e40	03aa8683	lb	x13,58(x21)	 x21:0x80042702 x13=0xfffffff7 PA:0x8004273c load:0xfffffff7
      563289000	     28062	80007e44	03ca8d23	sb	x28,58(x21)	 x21:0x80042702 x28:0xffffe09d PA:0x8004273c store:0xffffe09d load:0x000000ff
      563309000	     28063	80007e48	032a9d23	sh	x18,58(x21)	 x21:0x80042702 x18:0x00008a8b PA:0x8004273c store:0x00008a8b load:0x0000ffff
      563329000	     28064	80007e4c	003a1b13	slli	x22,x20,0x3	 x20:0xffffffe6 x22=0xffffff30
      563749000	     28085	80007e50	012a9a03	lh	x20,18(x21)	 x21:0x80042702 x20=0xffffcecf PA:0x80042714 load:0xffffcecf
      563809000	     28088	80007e54	010ad803	lhu	x16,16(x21)	 x21:0x80042702 x16=0x0000c8c9 PA:0x80042712 load:0x0000c8c9
      563829000	     28089	80007e58	01ea9823	sh	x30,16(x21)	 x21:0x80042702 x30:0xffffffff PA:0x80042712 store:0xffffffff load:0x0000ffff
      564249000	     28110	80007e5c	010a8303	lb	x6,16(x21)	 x21:0x80042702  x6=0xffffffff PA:0x80042712 load:0xffffffff
      564269000	     28111	80007e60	0002c697	auipc	x13,0x2c	 x13=0x80033e60
      564289000	     28112	80007e64	9aa68693	addi	x13,x13,-1622	 x13:0x80033e60 x13=0x8003380a
      564349000	     28115	80007e68	0026ca83	lbu	x21,2(x13)	 x13:0x8003380a x21=0x000000c7 PA:0x8003380c load:0x000000c7
      564369000	     28116	80007e6c	8cb9	c.xor	x9,x14	  x9:0xffffff80 x14:0x8004cce4  x9=0x7ffb3364
      564389000	     28117	80007e6e	41838533	sub	x10,x7,x24	  x7:0x00000096 x24:0x0000007b x10=0x0000001b
      564609000	     28128	80007e72	00268803	lb	x16,2(x13)	 x13:0x8003380a x16=0xffffffc7 PA:0x8003380c load:0xffffffc7
      564849000	     28140	80007e76	00a6c083	lbu	x1,10(x13)	 x13:0x8003380a  x1=0x000000cf PA:0x80033814 load:0x000000cf
      564869000	     28141	80007e7a	8d85	c.sub	x11,x9	 x11:0x7c7d957f  x9:0x7ffb3364 x11=0xfc82621b
      564929000	     28144	80007e7c	ff56cb03	lbu	x22,-11(x13)	 x13:0x8003380a x22=0x000000b4 PA:0x800337ff load:0x000000b4
      565349000	     28165	80007e80	ffb6c403	lbu	x8,-5(x13)	 x13:0x8003380a  x8=0x000000be PA:0x80033805 load:0x000000be
      565989000	     28197	80007e84	ffb6ca83	lbu	x21,-5(x13)	 x13:0x8003380a x21=0x000000be PA:0x80033805 load:0x000000be
      566049000	     28200	80007e88	ff868da3	sb	x24,-5(x13)	 x13:0x8003380a x24:0x0000007b PA:0x80033805 store:0x0000007b load:0x000000ff
      566529000	     28224	80007e8c	ffb68903	lb	x18,-5(x13)	 x13:0x8003380a x18=0x0000007b PA:0x80033805 load:0x0000007b
      566589000	     28227	80007e90	00e68b83	lb	x23,14(x13)	 x13:0x8003380a x23=0xffffffd3 PA:0x80033818 load:0xffffffd3
      566609000	     28228	80007e94	00868723	sb	x8,14(x13)	 x13:0x8003380a  x8:0x000000be PA:0x80033818 store:0x000000be load:0x000000ff
      566629000	     28229	80007e98	00e69d03	lh	x26,14(x13)	 x13:0x8003380a x26=0xffffd2be PA:0x80033818 load:0xffffd2be
      566989000	     28247	80007e9c	00e6a903	lw	x18,14(x13)	 x13:0x8003380a x18=0xe4d1d2be PA:0x80033818 load:0xe4d1d2be
      567029000	     28249	80007ea0	02075e33	divu	x28,x14,x0	 x14:0x8004cce4  x0:0x00000000 x28=0xffffffff
      567049000	     28250	80007ea4	00129513	slli	x10,x5,0x1	  x5:0xfffffefd x10=0xfffffdfa
      567109000	     28253	80007ea8	00e69803	lh	x16,14(x13)	 x13:0x8003380a x16=0xffffd2be PA:0x80033818 load:0xffffd2be
      567129000	     28254	80007eac	4c99	c.li	x25,6	 x25=0x00000006
      567329000	     28264	80007eae	01c69723	sh	x28,14(x13)	 x13:0x8003380a x28:0xffffffff PA:0x80033818 store:0xffffffff load:0x0000ffff
      567829000	     28289	80007eb2	00368883	lb	x17,3(x13)	 x13:0x8003380a x17=0xffffffc6 PA:0x8003380d load:0xffffffc6
      567989000	     28297	80007eb6	00b681a3	sb	x11,3(x13)	 x13:0x8003380a x11:0xfc82621b PA:0x8003380d store:0xfc82621b load:0x000000ff
      568009000	     28298	80007eba	0002c317	auipc	x6,0x2c	  x6=0x80033eba
      568029000	     28299	80007ebe	afe30313	addi	x6,x6,-1282	  x6:0x80033eba  x6=0x800339b8
      568149000	     28305	80007ec2	0a831683	lh	x13,168(x6)	  x6:0x800339b8 x13=0xffffcd1b PA:0x80033a60 load:0xffffcd1b
      568469000	     28321	80007ec6	f6835783	lhu	x15,-152(x6)	  x6:0x800339b8 x15=0x0000dadb PA:0x80033920 load:0x0000dadb
      569209000	     28358	80007eca	021b7833	remu	x16,x22,x1	 x22:0x000000b4  x1:0x000000cf x16=0x000000b4
      569229000	     28359	80007ece	fc85bf93	sltiu	x31,x11,-56	 x11:0xfc82621b x31=0x00000001
      569429000	     28369	80007ed2	f8730e03	lb	x28,-121(x6)	  x6:0x800339b8 x28=0xfffffff4 PA:0x8003393f load:0xfffffff4
      569469000	     28371	80007ed6	0203e1b3	rem	x3,x7,x0	  x7:0x00000096  x0:0x00000000  x3=0x00000096
      569489000	     28372	80007eda	0179a033	slt	x0,x19,x23	 x19:0x00000000 x23:0xffffffd3  x0=0x00000000
      569509000	     28373	80007ede	0bba	c.slli	x23,0xe	 x23:0xffffffd3 x23=0xfff4c000
      569569000	     28376	80007ee0	fd330f23	sb	x19,-34(x6)	  x6:0x800339b8 x19:0x00000000 PA:0x80033996 store:0x00000000 load:0x000000ff
      569589000	     28377	80007ee4	6541ea93	ori	x21,x3,1620	  x3:0x00000096 x21=0x000006d6
      569609000	     28378	80007ee8	408a8533	sub	x10,x21,x8	 x21:0x000006d6  x8:0x000000be x10=0x00000618
      569829000	     28389	80007eec	8c09	c.sub	x8,x10	  x8:0x000000be x10:0x00000618  x8=0xfffffaa6
      570569000	     28426	80007eee	03a8ce33	div	x28,x17,x26	 x17:0xffffffc6 x26:0xffffd2be x28=0x00000000
      570589000	     28427	80007ef2	0ff0000f	fence	iorw,iorw	
      570609000	     28428	80007ef6	014f6cb3	or	x25,x30,x20	 x30:0xffffffff x20:0xffffcecf x25=0xffffffff
      570629000	     28429	80007efa	40fe07b3	sub	x15,x28,x15	 x28:0x00000000 x15:0x0000dadb x15=0xffff2525
      570689000	     28432	80007efe	f8b30fa3	sb	x11,-97(x6)	  x6:0x800339b8 x11:0xfc82621b PA:0x80033957 store:0xfc82621b load:0x000000ff
      570729000	     28434	80007f02	02c3bdb3	mulhu	x27,x7,x12	  x7:0x00000096 x12:0x80048e38 x27=0x0000004b
      570749000	     28435	80007f06	000cdab3	srl	x21,x25,x0	 x25:0xffffffff  x0:0x00000000 x21=0xffffffff
      570769000	     28436	80007f0a	00bbeab3	or	x21,x23,x11	 x23:0xfff4c000 x11:0xfc82621b x21=0xfff6e21b
      571189000	     28457	80007f0e	09830aa3	sb	x24,149(x6)	  x6:0x800339b8 x24:0x0000007b PA:0x80033a4d store:0x0000007b load:0x000000ff
      571749000	     28485	80007f12	06334383	lbu	x7,99(x6)	  x6:0x800339b8  x7=0x000000d0 PA:0x80033a1b load:0x000000d0
      571769000	     28486	80007f16	8ea5	c.xor	x13,x9	 x13:0xffffcd1b  x9:0x7ffb3364 x13=0x8004fe7f
      571789000	     28487	80007f18	85c08c93	addi	x25,x1,-1956	  x1:0x000000cf x25=0xfffff92b
      571949000	     28495	80007f1c	f5a300a3	sb	x26,-191(x6)	  x6:0x800339b8 x26:0xffffd2be PA:0x800338f9 store:0xffffd2be load:0x000000ff
      571969000	     28496	80007f20	4c5d	c.li	x24,23	 x24=0x00000017
      571989000	     28497	80007f22	8cad	c.xor	x9,x11	  x9:0x7ffb3364 x11:0xfc82621b  x9=0x8379517f
      572729000	     28534	80007f24	02ff6833	rem	x16,x30,x15	 x30:0xffffffff x15:0xffff2525 x16=0xffffffff
      572789000	     28537	80007f28	f9e31983	lh	x19,-98(x6)	  x6:0x800339b8 x19=0x00001b0d PA:0x80033956 load:0x00001b0d
      572809000	     28538	80007f2c	805d	c.srli	x8,0x17	  x8:0xfffffaa6  x8=0x000001ff
      572849000	     28540	80007f2e	02a712b3	mulh	x5,x14,x10	 x14:0x8004cce4 x10:0x00000618  x5=0xfffffcf4
      573109000	     28553	80007f32	f49309a3	sb	x9,-173(x6)	  x6:0x800339b8  x9:0x8379517f PA:0x8003390b store:0x8379517f load:0x000000ff
      573129000	     28554	80007f36	4c85cf37	lui	x30,0x4c85c	 x30=0x4c85c000
      573349000	     28565	80007f3a	08330d03	lb	x26,131(x6)	  x6:0x800339b8 x26=0xfffffff0 PA:0x80033a3b load:0xfffffff0
      573369000	     28566	80007f3e	e26d8eb7	lui	x29,0xe26d8	 x29=0xe26d8000
      573429000	     28569	80007f42	fef32023	sw	x15,-32(x6)	  x6:0x800339b8 x15:0xffff2525 PA:0x80033998 store:0xffff2525 load:0xffffffff
      573449000	     28570	80007f46	86a2	c.mv	x13,x8	  x0:0x00000000  x8:0x000001ff x13=0x000001ff
      573469000	     28571	80007f48	0001	c.addi	x0,0	  x0:0x00000000  x0=0x00000000
      573489000	     28572	80007f4a	0001	c.addi	x0,0	  x0:0x00000000  x0=0x00000000
      573549000	     28575	80007f4c	f0531523	sh	x5,-246(x6)	  x6:0x800339b8  x5:0xfffffcf4 PA:0x800338c2 store:0xfffffcf4 load:0x0000ffff
      573689000	     28582	80007f50	f5530f03	lb	x30,-171(x6)	  x6:0x800339b8 x30=0xffffffc6 PA:0x8003390d load:0xffffffc6
      573969000	     28596	80007f54	f6930f03	lb	x30,-151(x6)	  x6:0x800339b8 x30=0xffffffda PA:0x80033921 load:0xffffffda
      574029000	     28599	80007f58	f1634b83	lbu	x23,-234(x6)	  x6:0x800339b8 x23=0x00000085 PA:0x800338ce load:0x00000085
      574069000	     28601	80007f5c	016b83b3	add	x7,x23,x22	 x23:0x00000085 x22:0x000000b4  x7=0x00000139
      574089000	     28602	80007f60	987d	c.andi	x8,-1	  x8:0x000001ff  x8=0x000001ff
      574309000	     28613	80007f62	f3134803	lbu	x16,-207(x6)	  x6:0x800339b8 x16=0x000000a2 PA:0x800338e9 load:0x000000a2
      574329000	     28614	80007f66	0002e997	auipc	x19,0x2e	 x19=0x80035f66
      574349000	     28615	80007f6a	fd498993	addi	x19,x19,-44	 x19:0x80035f66 x19=0x80035f3a
      574409000	     28618	80007f6e	ffe9d083	lhu	x1,-2(x19)	 x19:0x80035f3a  x1=0x0000f2f3 PA:0x80035f38 load:0x0000f2f3
      574809000	     28638	80007f72	ff19c083	lbu	x1,-15(x19)	 x19:0x80035f3a  x1=0x000000e0 PA:0x80035f2b load:0x000000e0
      574869000	     28641	80007f76	ff19c203	lbu	x4,-15(x19)	 x19:0x80035f3a  x4=0x000000e0 PA:0x80035f2b load:0x000000e0
      574889000	     28642	80007f7a	ff198e83	lb	x29,-15(x19)	 x19:0x80035f3a x29=0xffffffe0 PA:0x80035f2b load:0xffffffe0
      574969000	     28646	80007f7e	ff198c83	lb	x25,-15(x19)	 x19:0x80035f3a x25=0xffffffe0 PA:0x80035f2b load:0xffffffe0
      574989000	     28647	80007f82	ac1a0293	addi	x5,x20,-1343	 x20:0xffffcecf  x5=0xffffc990
      575129000	     28654	80007f86	0130e933	or	x18,x1,x19	  x1:0x000000e0 x19:0x80035f3a x18=0x80035ffa
      575189000	     28657	80007f8a	00e9d783	lhu	x15,14(x19)	 x19:0x80035f3a x15=0x00000203 PA:0x80035f48 load:0x00000203
      575409000	     28668	80007f8e	00599723	sh	x5,14(x19)	 x19:0x80035f3a  x5:0xffffc990 PA:0x80035f48 store:0xffffc990 load:0x0000ffff
      575449000	     28670	80007f92	00f98723	sb	x15,14(x19)	 x19:0x80035f3a x15:0x00000203 PA:0x80035f48 store:0x00000203 load:0x000000ff
      575589000	     28677	80007f96	fff98083	lb	x1,-1(x19)	 x19:0x80035f3a  x1=0xfffffff2 PA:0x80035f39 load:0xfffffff2
      575709000	     28683	80007f9a	fff98383	lb	x7,-1(x19)	 x19:0x80035f3a  x7=0xfffffff2 PA:0x80035f39 load:0xfffffff2
      575729000	     28684	80007f9e	8c21	c.xor	x8,x8	  x8:0x000001ff  x8:0x000001ff  x8=0x00000000
      575789000	     28687	80007fa0	00499a83	lh	x21,4(x19)	 x19:0x80035f3a x21=0xfffff4f5 PA:0x80035f3e load:0xfffff4f5
      576309000	     28713	80007fa4	0049c003	lbu	x0,4(x19)	 x19:0x80035f3a  x0=0x00000000 PA:0x80035f3e load:0x000000f5
      576369000	     28716	80007fa8	00998783	lb	x15,9(x19)	 x19:0x80035f3a x15=0xfffffff8 PA:0x80035f43 load:0xfffffff8
      576509000	     28723	80007fac	01c99023	sh	x28,0(x19)	 x19:0x80035f3a x28:0x00000000 PA:0x80035f3a store:0x00000000 load:0x0000ffff
      576969000	     28746	80007fb0	00099d83	lh	x27,0(x19)	 x19:0x80035f3a x27=0x00000000 PA:0x80035f3a load:0x00000000
      577009000	     28748	80007fb4	03751e33	mulh	x28,x10,x23	 x10:0x00000618 x23:0x00000085 x28=0x00000000
      577069000	     28751	80007fb8	ff59c383	lbu	x7,-11(x19)	 x19:0x80035f3a  x7=0x000000e4 PA:0x80035f2f load:0x000000e4
      577129000	     28754	80007fbc	0039c203	lbu	x4,3(x19)	 x19:0x80035f3a  x4=0x000000f6 PA:0x80035f3d load:0x000000f6
      577429000	     28769	80007fc0	0039c783	lbu	x15,3(x19)	 x19:0x80035f3a x15=0x000000f6 PA:0x80035f3d load:0x000000f6
      577549000	     28775	80007fc4	012981a3	sb	x18,3(x19)	 x19:0x80035f3a x18:0x80035ffa PA:0x80035f3d store:0x80035ffa load:0x000000ff
      577909000	     28793	80007fc8	00d981a3	sb	x13,3(x19)	 x19:0x80035f3a x13:0x000001ff PA:0x80035f3d store:0x000001ff load:0x000000ff
      577929000	     28794	80007fcc	0002ca97	auipc	x21,0x2c	 x21=0x80033fcc
      577949000	     28795	80007fd0	fe3a8a93	addi	x21,x21,-29	 x21:0x80033fcc x21=0x80033faf
      577969000	     28796	80007fd4	43f1	c.li	x7,28	  x7=0x0000001c
      578269000	     28811	80007fd6	065aaaa3	sw	x5,117(x21)	 x21:0x80033faf  x5:0xffffc990 PA:0x80034024 store:0xffffc990 load:0xffffffff
      578309000	     28813	80007fda	002a8da3	sb	x2,27(x21)	 x21:0x80033faf  x2:0xf5e39895 PA:0x80033fca store:0xf5e39895 load:0x000000ff
      578409000	     28818	80007fde	049aa983	lw	x19,73(x21)	 x21:0x80033faf x19=0xb0b1b2b3 PA:0x80033ff8 load:0xb0b1b2b3
      578789000	     28837	80007fe2	028cbf33	mulhu	x30,x25,x8	 x25:0xffffffe0  x8:0x00000000 x30=0x00000000
      578849000	     28840	80007fe6	085a8183	lb	x3,133(x21)	 x21:0x80033faf  x3=0xffffffff PA:0x80034034 load:0xffffffff
      578869000	     28841	80007fea	01a69cb3	sll	x25,x13,x26	 x13:0x000001ff x26:0xfffffff0 x25=0x01ff0000
      578889000	     28842	80007fee	5c7d2213	slti	x4,x26,1479	 x26:0xfffffff0  x4=0x00000001
      578909000	     28843	80007ff2	8cf9	c.and	x9,x14	  x9:0x8379517f x14:0x8004cce4  x9=0x80004064
      578929000	     28844	80007ff4	0ff0000f	fence	iorw,iorw	
      579129000	     28854	80007ff8	f87ac083	lbu	x1,-121(x21)	 x21:0x80033faf  x1=0x000000ed PA:0x80033f36 load:0x000000ed
      579169000	     28856	80007ffc	03a4bd33	mulhu	x26,x9,x26	  x9:0x80004064 x26:0xfffffff0 x26=0x8000405b
      579629000	     28879	80008000	055a8503	lb	x10,85(x21)	 x21:0x80033faf x10=0xffffffbf PA:0x80034004 load:0xffffffbf
      579649000	     28880	80008004	0ff0000f	fence	iorw,iorw	
      579669000	     28881	80008008	6c2d	c.lui	x24,0xb	 x24=0x0000b000
      579849000	     28890	8000800a	00aa8483	lb	x9,10(x21)	 x21:0x80033faf  x9=0x00000072 PA:0x80033fb9 load:0x00000072
      579869000	     28891	8000800e	39984993	xori	x19,x16,921	 x16:0x000000a2 x19=0x0000033b
      579889000	     28892	80008012	6915	c.lui	x18,0x5	 x18=0x00005000
      579909000	     28893	80008014	8c65	c.and	x8,x9	  x8:0x00000000  x9:0x00000072  x8=0x00000000
      579929000	     28894	80008016	84c2	c.mv	x9,x16	  x0:0x00000000 x16:0x000000a2  x9=0x000000a2
      580669000	     28931	80008018	0307e033	rem	x0,x15,x16	 x15:0x000000f6 x16:0x000000a2  x0=0x00000000
      581129000	     28954	8000801c	feaaa2a3	sw	x10,-27(x21)	 x21:0x80033faf x10:0xffffffbf PA:0x80033f94 store:0xffffffbf load:0xffffffff
      581189000	     28957	80008020	050a82a3	sb	x16,69(x21)	 x21:0x80033faf x16:0x000000a2 PA:0x80033ff4 store:0x000000a2 load:0x000000ff
      581209000	     28958	80008024	f26a8203	lb	x4,-218(x21)	 x21:0x80033faf  x4=0xffffff8e PA:0x80033ed5 load:0xffffff8e
      581229000	     28959	80008028	01715433	srl	x8,x2,x23	  x2:0xf5e39895 x23:0x00000085  x8=0x07af1cc4
      581249000	     28960	8000802c	84e9	c.srai	x9,0x1a	  x9:0x000000a2  x9=0x00000000
      581409000	     28968	8000802e	012dabb3	slt	x23,x27,x18	 x27:0x00000000 x18:0x00005000 x23=0x00000001
      581469000	     28971	80008032	f2aa8c83	lb	x25,-214(x21)	 x21:0x80033faf x25=0xffffff92 PA:0x80033ed9 load:0xffffff92
      581489000	     28972	80008036	fbaac183	lbu	x3,-70(x21)	 x21:0x80033faf  x3=0x00000022 PA:0x80033f69 load:0x00000022
      581589000	     28977	8000803a	f5baa8a3	sw	x27,-175(x21)	 x21:0x80033faf x27:0x00000000 PA:0x80033f00 store:0x00000000 load:0xffffffff
      581629000	     28979	8000803e	51baab93	slti	x23,x21,1307	 x21:0x80033faf x23=0x00000001
      581649000	     28980	80008042	407487b3	sub	x15,x9,x7	  x9:0x00000000  x7:0x0000001c x15=0xffffffe4
      581929000	     28994	80008046	016ac303	lbu	x6,22(x21)	 x21:0x80033faf  x6=0x0000007e PA:0x80033fc5 load:0x0000007e
      581949000	     28995	8000804a	0002f197	auipc	x3,0x2f	  x3=0x8003704a
      581969000	     28996	8000804e	80c18193	addi	x3,x3,-2036	  x3:0x8003704a  x3=0x80036856
      582149000	     29005	80008052	03e1ae03	lw	x28,62(x3)	  x3:0x80036856 x28=0x4c4d4e4f PA:0x80036894 load:0x4c4d4e4f
      582169000	     29006	80008056	40585533	sra	x10,x16,x5	 x16:0x000000a2  x5:0xffffc990 x10=0x00000000
      582429000	     29019	8000805a	0041cc03	lbu	x24,4(x3)	  x3:0x80036856 x24=0x00000011 PA:0x8003685a load:0x00000011
      582449000	     29020	8000805e	c456cf93	xori	x31,x13,-955	 x13:0x000001ff x31=0xfffffdba
      582469000	     29021	80008062	00cf7533	and	x10,x30,x12	 x30:0x00000000 x12:0x80048e38 x10=0x00000000
      582609000	     29028	80008066	0d91c483	lbu	x9,217(x3)	  x3:0x80036856  x9=0x000000e4 PA:0x8003692f load:0x000000e4
      583069000	     29051	8000806a	f881d683	lhu	x13,-120(x3)	  x3:0x80036856 x13=0x00009495 PA:0x800367de load:0x00009495
      583109000	     29053	8000806e	03e2bfb3	mulhu	x31,x5,x30	  x5:0xffffc990 x30:0x00000000 x31=0x00000000
      583849000	     29090	80008072	02fc7533	remu	x10,x24,x15	 x24:0x00000011 x15:0xffffffe4 x10=0x00000011
      584069000	     29101	80008076	06418623	sb	x4,108(x3)	  x3:0x80036856  x4:0xffffff8e PA:0x800368c2 store:0xffffff8e load:0x000000ff
      584329000	     29114	8000807a	f0c1d903	lhu	x18,-244(x3)	  x3:0x80036856 x18=0x00001819 PA:0x80036762 load:0x00001819
      584349000	     29115	8000807e	8c51	c.or	x8,x12	  x8:0x07af1cc4 x12:0x80048e38  x8=0x87af9efc
      584369000	     29116	80008080	00311033	sll	x0,x2,x3	  x2:0xf5e39895  x3:0x80036856  x0=0x00000000
      584509000	     29123	80008084	09c182a3	sb	x28,133(x3)	  x3:0x80036856 x28:0x4c4d4e4f PA:0x800368db store:0x4c4d4e4f load:0x000000ff
      584569000	     29126	80008088	0a71ca83	lbu	x21,167(x3)	  x3:0x80036856 x21=0x000000b6 PA:0x800368fd load:0x000000b6
      584589000	     29127	8000808c	0551cf03	lbu	x30,85(x3)	  x3:0x80036856 x30=0x00000060 PA:0x800368ab load:0x00000060
      584609000	     29128	80008090	8cad	c.xor	x9,x11	  x9:0x000000e4 x11:0xfc82621b  x9=0xfc8262ff
      584629000	     29129	80008092	4047d8b3	sra	x17,x15,x4	 x15:0xffffffe4  x4:0xffffff8e x17=0xffffffff
      584849000	     29140	80008096	fcf18803	lb	x16,-49(x3)	  x3:0x80036856 x16=0xffffffde PA:0x80036825 load:0xffffffde
      584869000	     29141	8000809a	8561	c.srai	x10,0x18	 x10:0x00000011 x10=0x00000000
      584929000	     29144	8000809c	fdf18403	lb	x8,-33(x3)	  x3:0x80036856  x8=0xffffffee PA:0x80036835 load:0xffffffee
      585129000	     29154	800080a0	f6819403	lh	x8,-152(x3)	  x3:0x80036856  x8=0x00007475 PA:0x800367be load:0x00007475
      585189000	     29157	800080a4	f971cc83	lbu	x25,-105(x3)	  x3:0x80036856 x25=0x000000a6 PA:0x800367ed load:0x000000a6
      585209000	     29158	800080a8	8cc5	c.or	x9,x9	  x9:0xfc8262ff  x9:0xfc8262ff  x9=0xfc8262ff
      585529000	     29174	800080aa	00c94533	xor	x10,x18,x12	 x18:0x00001819 x12:0x80048e38 x10=0x80049621
      585549000	     29175	800080ae	05b1	c.addi	x11,12	 x11:0xfc82621b x11=0xfc826227
      586449000	     29220	800080b0	02cc4333	div	x6,x24,x12	 x24:0x00000011 x12:0x80048e38  x6=0x00000000
      586469000	     29221	800080b4	1bfd	c.addi	x23,-1	 x23:0x00000001 x23=0x00000000
      586489000	     29222	800080b6	0001	c.addi	x0,0	  x0:0x00000000  x0=0x00000000
      586549000	     29225	800080b8	fca18583	lb	x11,-54(x3)	  x3:0x80036856 x11=0xffffffdb PA:0x80036820 load:0xffffffdb
      586569000	     29226	800080bc	6cfb2413	slti	x8,x22,1743	 x22:0x000000b4  x8=0x00000001
      586609000	     29228	800080c0	f7c18403	lb	x8,-132(x3)	  x3:0x80036856  x8=0xffffff89 PA:0x800367d2 load:0xffffff89
      586629000	     29229	800080c4	0002d517	auipc	x10,0x2d	 x10=0x800350c4
      586649000	     29230	800080c8	85c50513	addi	x10,x10,-1956	 x10:0x800350c4 x10=0x80034920
      586849000	     29240	800080cc	0002cf97	auipc	x31,0x2c	 x31=0x800340cc
      598809000	     29838	800080d0	a3af8f93	addi	x31,x31,-1478	 x31:0x800340cc x31=0x80033b06
      599269000	     29861	800080d4	257fcc03	lbu	x24,599(x31)	 x31:0x80033b06 x24=0x00000016 PA:0x80033d5d load:0x00000016
      599389000	     29867	800080d8	d05f8fa3	sb	x5,-737(x31)	 x31:0x80033b06  x5:0xffffc990 PA:0x80033825 store:0xffffc990 load:0x000000ff
      599449000	     29870	800080dc	00c51783	lh	x15,12(x10)	 x10:0x80034920 x15=0xffffe6e7 PA:0x8003492c load:0xffffe6e7
      599509000	     29873	800080e0	ea7f8e23	sb	x7,-324(x31)	 x31:0x80033b06  x7:0x0000001c PA:0x800339c2 store:0x0000001c load:0x000000ff
      599569000	     29876	800080e4	b09fc003	lbu	x0,-1271(x31)	 x31:0x80033b06  x0=0x00000000 PA:0x8003360f load:0x000000c4
      599649000	     29880	800080e8	ffe51003	lh	x0,-2(x10)	 x10:0x80034920  x0=0x00000000 PA:0x8003491e load:0xffffd4d5
      599909000	     29893	800080ec	b81f8683	lb	x13,-1151(x31)	 x31:0x80033b06 x13=0x0000003c PA:0x80033687 load:0x0000003c
      599929000	     29894	800080f0	b6af9a83	lh	x21,-1174(x31)	 x31:0x80033b06 x21=0x00002a2b PA:0x80033670 load:0x00002a2b
      599949000	     29895	800080f4	ff750303	lb	x6,-9(x10)	 x10:0x80034920  x6=0xffffffcc PA:0x80034917 load:0xffffffcc
      599969000	     29896	800080f8	e54f8fa3	sb	x20,-417(x31)	 x31:0x80033b06 x20:0xffffcecf PA:0x80033965 store:0xffffcecf load:0x000000ff
      600029000	     29899	800080fc	01651823	sh	x22,16(x10)	 x10:0x80034920 x22:0x000000b4 PA:0x80034930 store:0x000000b4 load:0x0000ffff
      600129000	     29904	80008100	ff550aa3	sb	x21,-11(x10)	 x10:0x80034920 x21:0x00002a2b PA:0x80034915 store:0x00002a2b load:0x000000ff
      600269000	     29911	80008104	9ebfc983	lbu	x19,-1557(x31)	 x31:0x80033b06 x19=0x000000aa PA:0x800334f1 load:0x000000aa
      600589000	     29927	80008108	ffe54783	lbu	x15,-2(x10)	 x10:0x80034920 x15=0x000000d5 PA:0x8003491e load:0x000000d5
      600609000	     29928	8000810c	0002bd97	auipc	x27,0x2b	 x27=0x8003310c
      600629000	     29929	80008110	119d8d93	addi	x27,x27,281	 x27:0x8003310c x27=0x80033225
      600689000	     29932	80008114	fe5dcc83	lbu	x25,-27(x27)	 x27:0x80033225 x25=0x000000c1 PA:0x8003320a load:0x000000c1
      600729000	     29934	80008118	8d3d	c.xor	x10,x15	 x10:0x80034920 x15:0x000000d5 x10=0x800349f5
      601089000	     29952	8000811a	fc1d8da3	sb	x1,-37(x27)	 x27:0x80033225  x1:0x000000ed PA:0x80033200 store:0x000000ed load:0x000000ff
      601109000	     29953	8000811e	8561	c.srai	x10,0x18	 x10:0x800349f5 x10=0xffffff80
      601729000	     29984	80008120	fdbdc203	lbu	x4,-37(x27)	 x27:0x80033225  x4=0x000000ed PA:0x80033200 load:0x000000ed
      601869000	     29991	80008124	fdbdcb03	lbu	x22,-37(x27)	 x27:0x80033225 x22=0x000000ed PA:0x80033200 load:0x000000ed
      601929000	     29994	80008128	007d93a3	sh	x7,7(x27)	 x27:0x80033225  x7:0x0000001c PA:0x8003322c store:0x0000001c load:0x0000ffff
      602229000	     30009	8000812c	024d8e03	lb	x28,36(x27)	 x27:0x80033225 x28=0x00000002 PA:0x80033249 load:0x00000002
      602389000	     30017	80008130	027d8823	sb	x7,48(x27)	 x27:0x80033225  x7:0x0000001c PA:0x80033255 store:0x0000001c load:0x000000ff
      602549000	     30025	80008134	030d8203	lb	x4,48(x27)	 x27:0x80033225  x4=0x0000001c PA:0x80033255 load:0x0000001c
      602809000	     30038	80008138	feadc303	lbu	x6,-22(x27)	 x27:0x80033225  x6=0x000000c4 PA:0x8003320f load:0x000000c4
      603429000	     30069	8000813c	ff7d9c83	lh	x25,-9(x27)	 x27:0x80033225 x25=0xffffd6d7 PA:0x8003321c load:0xffffd6d7
      604169000	     30106	80008140	03ab6bb3	rem	x23,x22,x26	 x22:0x000000ed x26:0x8000405b x23=0x000000ed
      604229000	     30109	80008144	fecdc683	lbu	x13,-20(x27)	 x27:0x80033225 x13=0x000000ca PA:0x80033211 load:0x000000ca
      604249000	     30110	80008148	004dcd03	lbu	x26,4(x27)	 x27:0x80033225 x26=0x000000e2 PA:0x80033229 load:0x000000e2
      604269000	     30111	8000814c	024d82a3	sb	x4,37(x27)	 x27:0x80033225  x4:0x0000001c PA:0x8003324a store:0x0000001c load:0x000000ff
      604289000	     30112	80008150	025ddb83	lhu	x23,37(x27)	 x27:0x80033225 x23=0x0000001c PA:0x8003324a load:0x0000001c
      604309000	     30113	80008154	025dc383	lbu	x7,37(x27)	 x27:0x80033225  x7=0x0000001c PA:0x8003324a load:0x0000001c
      604349000	     30115	80008158	03ad8ba3	sb	x26,55(x27)	 x27:0x80033225 x26:0x000000e2 PA:0x8003325c store:0x000000e2 load:0x000000ff
      604509000	     30123	8000815c	0002b997	auipc	x19,0x2b	 x19=0x8003315c
      604629000	     30129	80008160	07d98993	addi	x19,x19,125	 x19:0x8003315c x19=0x800331d9
      604709000	     30133	80008164	0ff0000f	fence	iorw,iorw	
      604769000	     30136	80008168	1549c803	lbu	x16,340(x19)	 x19:0x800331d9 x16=0x000000e6 PA:0x8003332d load:0x000000e6
      604949000	     30145	8000816c	8f91	c.sub	x15,x12	 x15:0x000000d5 x12:0x80048e38 x15=0x7ffb729d
      605209000	     30158	8000816e	18c98da3	sb	x12,411(x19)	 x19:0x800331d9 x12:0x80048e38 PA:0x80033374 store:0x80048e38 load:0x000000ff
      605229000	     30159	80008172	400cd3b3	sra	x7,x25,x0	 x25:0xffffd6d7  x0:0x00000000  x7=0xffffd6d7
      605249000	     30160	80008176	8c81	c.sub	x9,x8	  x9:0xfc8262ff  x8:0xffffff89  x9=0xfc826376
      605269000	     30161	80008178	9bfd	c.andi	x15,-1	 x15:0x7ffb729d x15=0x7ffb729d
      605509000	     30173	8000817a	2759c503	lbu	x10,629(x19)	 x19:0x800331d9 x10=0x00000005 PA:0x8003344e load:0x00000005
      605849000	     30190	8000817e	75598a83	lb	x21,1877(x19)	 x19:0x800331d9 x21=0xfffffff4 PA:0x8003392e load:0xfffffff4
      606289000	     30212	80008182	31598683	lb	x13,789(x19)	 x19:0x800331d9 x13=0xffffffa5 PA:0x800334ee load:0xffffffa5
      606349000	     30215	80008186	1cc98023	sb	x12,448(x19)	 x19:0x800331d9 x12:0x80048e38 PA:0x80033399 store:0x80048e38 load:0x000000ff
      606369000	     30216	8000818a	028904b3	mul	x9,x18,x8	 x18:0x00001819  x8:0xffffff89  x9=0xfff4cc61
      606389000	     30217	8000818e	6f5981a3	sb	x21,1763(x19)	 x19:0x800331d9 x21:0xfffffff4 PA:0x800338bc store:0xfffffff4 load:0x000000ff
      606549000	     30225	80008192	f5f9ae83	lw	x29,-161(x19)	 x19:0x800331d9 x29=0xf0f1f2f3 PA:0x80033138 load:0xf0f1f2f3
      606569000	     30226	80008196	06f99803	lh	x16,111(x19)	 x19:0x800331d9 x16=0x00000203 PA:0x80033248 load:0x00000203
      606589000	     30227	8000819a	74a5fe93	andi	x29,x11,1866	 x11:0xffffffdb x29=0x0000074a
      606809000	     30238	8000819e	66b98f03	lb	x30,1643(x19)	 x19:0x800331d9 x30=0xffffffff PA:0x80033844 load:0xffffffff
      606869000	     30241	800081a2	0a89ce83	lbu	x29,168(x19)	 x19:0x800331d9 x29=0x0000003a PA:0x80033281 load:0x0000003a
      607069000	     30251	800081a6	1bc98b83	lb	x23,444(x19)	 x19:0x800331d9 x23=0x0000004e PA:0x80033395 load:0x0000004e
      607089000	     30252	800081aa	537d	c.li	x6,-1	  x6=0xffffffff
      607109000	     30253	800081ac	415a0933	sub	x18,x20,x21	 x20:0xffffcecf x21:0xfffffff4 x18=0xffffcedb
      607849000	     30290	800081b0	03a250b3	divu	x1,x4,x26	  x4:0x0000001c x26:0x000000e2  x1=0x00000000
      607869000	     30291	800081b4	0ff0000f	fence	iorw,iorw	
      607929000	     30294	800081b8	65a9c383	lbu	x7,1626(x19)	 x19:0x800331d9  x7=0x000000e8 PA:0x80033833 load:0x000000e8
      607949000	     30295	800081bc	223e0c93	addi	x25,x28,547	 x28:0x00000002 x25=0x00000225
      608069000	     30301	800081c0	72898283	lb	x5,1832(x19)	 x19:0x800331d9  x5=0xffffffba PA:0x80033901 load:0xffffffba
      608169000	     30306	800081c4	01907eb3	and	x29,x0,x25	  x0:0x00000000 x25:0x00000225 x29=0x00000000
      608589000	     30327	800081c8	e4ac4893	xori	x17,x24,-438	 x24:0x00000016 x17=0xfffffe5c
      608709000	     30333	800081cc	42098323	sb	x0,1062(x19)	 x19:0x800331d9  x0:0x00000000 PA:0x800335ff store:0x00000000 load:0x000000ff
      608869000	     30341	800081d0	e7998003	lb	x0,-391(x19)	 x19:0x800331d9  x0=0x00000000 PA:0x80033052 load:0x00000009
      608929000	     30344	800081d4	0af9d403	lhu	x8,175(x19)	 x19:0x800331d9  x8=0x00004243 PA:0x80033288 load:0x00004243
      609089000	     30352	800081d8	2949cf03	lbu	x30,660(x19)	 x19:0x800331d9 x30=0x00000026 PA:0x8003346d load:0x00000026
      609909000	     30393	800081dc	02a87eb3	remu	x29,x16,x10	 x16:0x00000203 x10:0x00000005 x29=0x00000000
      610169000	     30406	800081e0	2df98723	sb	x31,718(x19)	 x19:0x800331d9 x31:0x80033b06 PA:0x800334a7 store:0x80033b06 load:0x000000ff
      610189000	     30407	800081e4	03998b03	lb	x22,57(x19)	 x19:0x800331d9 x22=0xffffffc9 PA:0x80033212 load:0xffffffc9
      610229000	     30409	800081e8	02393d33	mulhu	x26,x18,x3	 x18:0xffffcedb  x3:0x80036856 x26=0x80034fc2
      610249000	     30410	800081ec	8f2e	c.mv	x30,x11	  x0:0x00000000 x11:0xffffffdb x30=0xffffffdb
      610269000	     30411	800081ee	c561cc93	xori	x25,x3,-938	  x3:0x80036856 x25=0x7ffc9400
      610289000	     30412	800081f2	0bd9	c.addi	x23,22	 x23:0x0000004e x23=0x00000064
      610309000	     30413	800081f4	187d	c.addi	x16,-1	 x16:0x00000203 x16=0x00000202
      610349000	     30415	800081f6	270ba093	slti	x1,x23,624	 x23:0x00000064  x1=0x00000001
      610369000	     30416	800081fa	01df5513	srli	x10,x30,0x1d	 x30:0xffffffdb x10=0x00000007
      611069000	     30451	800081fe	4e498f83	lb	x31,1252(x19)	 x19:0x800331d9 x31=0x00000076 PA:0x800336bd load:0x00000076
      611129000	     30454	80008202	efd98e83	lb	x29,-259(x19)	 x19:0x800331d9 x29=0xffffff8d PA:0x800330d6 load:0xffffff8d
      611149000	     30455	80008206	fb09c583	lbu	x11,-80(x19)	 x19:0x800331d9 x11=0x00000042 PA:0x80033189 load:0x00000042
      611569000	     30476	8000820a	f3698aa3	sb	x22,-203(x19)	 x19:0x800331d9 x22:0xffffffc9 PA:0x8003310e store:0xffffffc9 load:0x000000ff
      611589000	     30477	8000820e	4030d293	srai	x5,x1,0x3	  x1:0x00000001  x5=0x00000000
      612049000	     30500	80008212	5b299ea3	sh	x18,1469(x19)	 x19:0x800331d9 x18:0xffffcedb PA:0x80033796 store:0xffffcedb load:0x0000ffff
      612309000	     30513	80008216	7ef9d303	lhu	x6,2031(x19)	 x19:0x800331d9  x6=0x00008283 PA:0x800339c8 load:0x00008283
      612329000	     30514	8000821a	fc0992a3	sh	x0,-59(x19)	 x19:0x800331d9  x0:0x00000000 PA:0x8003319e store:0x00000000 load:0x0000ffff
      612349000	     30515	8000821e	0002bd17	auipc	x26,0x2b	 x26=0x8003321e
      612369000	     30516	80008222	e2ad0d13	addi	x26,x26,-470	 x26:0x8003321e x26=0x80033048
      612389000	     30517	80008226	3e9f59b7	lui	x19,0x3e9f5	 x19=0x3e9f5000
      612409000	     30518	8000822a	9d4e	c.add	x26,x19	 x26:0x80033048 x19:0x3e9f5000 x26=0xbea28048
      612569000	     30526	8000822c	040d0e23	sb	x0,92(x26)	 x26:0xbea28048  x0:0x00000000 PA:0xbea280a4 store:0x00000000 load:0x000000ff
      612589000	     30527	80008230	461d0123	sb	x1,1122(x26)	 x26:0xbea28048  x1:0x00000001 PA:0xbea284aa store:0x00000001 load:0x000000ff
      612609000	     30528	80008234	7a2d1423	sh	x2,1960(x26)	 x26:0xbea28048  x2:0xf5e39895 PA:0xbea287f0 store:0xf5e39895 load:0x0000ffff
      613029000	     30549	80008238	323d08a3	sb	x3,817(x26)	 x26:0xbea28048  x3:0x80036856 PA:0xbea28379 store:0x80036856 load:0x000000ff
      613229000	     30559	8000823c	2c4d1d23	sh	x4,730(x26)	 x26:0xbea28048  x4:0x0000001c PA:0xbea28322 store:0x0000001c load:0x0000ffff
      613769000	     30586	80008240	f05d0da3	sb	x5,-229(x26)	 x26:0xbea28048  x5:0x00000000 PA:0xbea27f63 store:0x00000000 load:0x000000ff
      613889000	     30592	80008244	f46d00a3	sb	x6,-191(x26)	 x26:0xbea28048  x6:0x00008283 PA:0xbea27f89 store:0x00008283 load:0x000000ff
      614069000	     30601	80008248	0a7d09a3	sb	x7,179(x26)	 x26:0xbea28048  x7:0x000000e8 PA:0xbea280fb store:0x000000e8 load:0x000000ff
      614149000	     30605	8000824c	05cd0d83	lb	x27,92(x26)	 x26:0xbea28048 x27=0x00000000 PA:0xbea280a4 load:0x00000000
      614169000	     30606	80008250	462d4803	lbu	x16,1122(x26)	 x26:0xbea28048 x16=0x00000001 PA:0xbea284aa load:0x00000001
      614189000	     30607	80008254	8d11	c.sub	x10,x12	 x10:0x00000007 x12:0x80048e38 x10=0x7ffb71cf
      614209000	     30608	80008256	7a8d5303	lhu	x6,1960(x26)	 x26:0xbea28048  x6=0x00009895 PA:0xbea287f0 load:0x00009895
      614329000	     30614	8000825a	331d4783	lbu	x15,817(x26)	 x26:0xbea28048 x15=0x00000056 PA:0xbea28379 load:0x00000056
      614729000	     30634	8000825e	2dad1683	lh	x13,730(x26)	 x26:0xbea28048 x13=0x0000001c PA:0xbea28322 load:0x0000001c
      614769000	     30636	80008262	006a1693	slli	x13,x20,0x6	 x20:0xffffcecf x13=0xfff3b3c0
      614889000	     30642	80008266	017834b3	sltu	x9,x16,x23	 x16:0x00000001 x23:0x00000064  x9=0x00000001
      615629000	     30679	8000826a	03466ab3	rem	x21,x12,x20	 x12:0x80048e38 x20:0xffffcecf x21=0xfffff422
      615649000	     30680	8000826e	0001	c.addi	x0,0	  x0:0x00000000  x0=0x00000000
      615709000	     30683	80008270	f1bd4e83	lbu	x29,-229(x26)	 x26:0xbea28048 x29=0x00000000 PA:0xbea27f63 load:0x00000000
      615989000	     30697	80008274	f41d4903	lbu	x18,-191(x26)	 x26:0xbea28048 x18=0x00000083 PA:0xbea27f89 load:0x00000083
      616069000	     30701	80008278	0b3d0083	lb	x1,179(x26)	 x26:0xbea28048  x1=0xffffffe8 PA:0xbea280fb load:0xffffffe8
      616089000	     30702	8000827c	0002c917	auipc	x18,0x2c	 x18=0x8003427c
      616109000	     30703	80008280	dcc90913	addi	x18,x18,-564	 x18:0x8003427c x18=0x80034048
      616129000	     30704	80008284	71aca9b7	lui	x19,0x71aca	 x19=0x71aca000
      616149000	     30705	80008288	994e	c.add	x18,x19	 x18:0x80034048 x19:0x71aca000 x18=0xf1afe048
      616609000	     30728	8000828a	c4191e23	sh	x1,-932(x18)	 x18:0xf1afe048  x1:0xffffffe8 PA:0xf1afdca4 store:0xffffffe8 load:0x0000ffff
      616669000	     30731	8000828e	72290da3	sb	x2,1851(x18)	 x18:0xf1afe048  x2:0xf5e39895 PA:0xf1afe783 store:0xf5e39895 load:0x000000ff
      616909000	     30743	80008292	64490b23	sb	x4,1622(x18)	 x18:0xf1afe048  x4:0x0000001c PA:0xf1afe69e store:0x0000001c load:0x000000ff
      617069000	     30751	80008296	59590923	sb	x21,1426(x18)	 x18:0xf1afe048 x21:0xfffff422 PA:0xf1afe5da store:0xfffff422 load:0x000000ff
      617089000	     30752	8000829a	c8fb3a93	sltiu	x21,x22,-881	 x22:0xffffffc9 x21=0x00000000
      617149000	     30755	8000829e	c5c95203	lhu	x4,-932(x18)	 x18:0xf1afe048  x4=0x0000ffe8 PA:0xf1afdca4 load:0x0000ffe8
      617169000	     30756	800082a2	0001	c.addi	x0,0	  x0:0x00000000  x0=0x00000000
      617189000	     30757	800082a4	f955f293	andi	x5,x11,-107	 x11:0x00000042  x5=0x00000000
      617649000	     30780	800082a8	73b90a83	lb	x21,1851(x18)	 x18:0xf1afe048 x21=0xffffff95 PA:0xf1afe783 load:0xffffff95
      617669000	     30781	800082ac	9473f093	andi	x1,x7,-1721	  x7:0x000000e8  x1=0x00000040
      617689000	     30782	800082b0	ad2825b7	lui	x11,0xad282	 x11=0xad282000
      617989000	     30797	800082b4	028f2233	mulhsu	x4,x30,x8	 x30:0xffffffdb  x8:0x00004243  x4=0xffffffff
      618129000	     30804	800082b8	6e090923	sb	x0,1778(x18)	 x18:0xf1afe048  x0:0x00000000 PA:0xf1afe73a store:0x00000000 load:0x000000ff
      618149000	     30805	800082bc	3cdaf193	andi	x3,x21,973	 x21:0xffffff95  x3=0x00000385
      618169000	     30806	800082c0	01a292b3	sll	x5,x5,x26	  x5:0x00000000 x26:0xbea28048  x5=0x00000000
      618509000	     30823	800082c4	65694183	lbu	x3,1622(x18)	 x18:0xf1afe048  x3=0x0000001c PA:0xf1afe69e load:0x0000001c
      618529000	     30824	800082c8	0002b517	auipc	x10,0x2b	 x10=0x800332c8
      618549000	     30825	800082cc	17b50513	addi	x10,x10,379	 x10:0x800332c8 x10=0x80033443
      618569000	     30826	800082d0	00039317	auipc	x6,0x39	  x6=0x800412d0
      618969000	     30846	800082d4	41530313	addi	x6,x6,1045	  x6:0x800412d0  x6=0x800416e5
      619489000	     30872	800082d8	0b850c23	sb	x24,184(x10)	 x10:0x80033443 x24:0x00000016 PA:0x800334fb store:0x00000016 load:0x000000ff
      619889000	     30892	800082dc	73b55683	lhu	x13,1851(x10)	 x10:0x80033443 x13=0x00003435 PA:0x80033b7e load:0x00003435
      620109000	     30903	800082e0	ff531983	lh	x19,-11(x6)	  x6:0x800416e5 x19=0xffff9091 PA:0x800416da load:0xffff9091
      620369000	     30916	800082e4	001304a3	sb	x1,9(x6)	  x6:0x800416e5  x1:0x00000040 PA:0x800416ee store:0x00000040 load:0x000000ff
      620809000	     30938	800082e8	21e50a23	sb	x30,532(x10)	 x10:0x80033443 x30:0xffffffdb PA:0x80033657 store:0xffffffdb load:0x000000ff
      621029000	     30949	800082ec	00732383	lw	x7,7(x6)	  x6:0x800416e5  x7=0xa440a6a7 PA:0x800416ec load:0xa440a6a7
      621049000	     30950	800082f0	53e50983	lb	x19,1342(x10)	 x10:0x80033443 x19=0x0000003a PA:0x80033981 load:0x0000003a
      621269000	     30961	800082f4	fd6524a3	sw	x22,-55(x10)	 x10:0x80033443 x22:0xffffffc9 PA:0x8003340c store:0xffffffc9 load:0xffffffff
      621329000	     30964	800082f8	ed650c83	lb	x25,-298(x10)	 x10:0x80033443 x25=0x00000010 PA:0x80033319 load:0x00000010
      621749000	     30985	800082fc	6c751aa3	sh	x7,1749(x10)	 x10:0x80033443  x7:0xa440a6a7 PA:0x80033b18 store:0xa440a6a7 load:0x0000ffff
      621809000	     30988	80008300	ffa30a83	lb	x21,-6(x6)	  x6:0x800416e5 x21=0xffffff94 PA:0x800416df load:0xffffff94
      621829000	     30989	80008304	62a54003	lbu	x0,1578(x10)	 x10:0x80033443  x0=0x00000000 PA:0x80033a6d load:0x00000026
      621849000	     30990	80008308	ff934083	lbu	x1,-7(x6)	  x6:0x800416e5  x1=0x00000095 PA:0x800416de load:0x00000095
      621869000	     30991	8000830c	0002c897	auipc	x17,0x2c	 x17=0x8003430c
      621889000	     30992	80008310	9cf88893	addi	x17,x17,-1585	 x17:0x8003430c x17=0x80033cdb
      622349000	     31015	80008314	0c388fa3	sb	x3,223(x17)	 x17:0x80033cdb  x3:0x0000001c PA:0x80033dba store:0x0000001c load:0x000000ff
      622569000	     31026	80008318	0df89283	lh	x5,223(x17)	 x17:0x80033cdb  x5=0x0000701c PA:0x80033dba load:0x0000701c
      622629000	     31029	8000831c	f7988423	sb	x25,-152(x17)	 x17:0x80033cdb x25:0x00000010 PA:0x80033c43 store:0x00000010 load:0x000000ff
      622649000	     31030	80008320	f7f88423	sb	x31,-152(x17)	 x17:0x80033cdb x31:0x00000076 PA:0x80033c43 store:0x00000076 load:0x000000ff
      623049000	     31050	80008324	08388823	sb	x3,144(x17)	 x17:0x80033cdb  x3:0x0000001c PA:0x80033d6b store:0x0000001c load:0x000000ff
      623109000	     31053	80008328	08388823	sb	x3,144(x17)	 x17:0x80033cdb  x3:0x0000001c PA:0x80033d6b store:0x0000001c load:0x000000ff
      623129000	     31054	8000832c	8e81	c.sub	x13,x8	 x13:0x00003435  x8:0x00004243 x13=0xfffff1f2
      623169000	     31056	8000832e	029da9b3	mulhsu	x19,x27,x9	 x27:0x00000000  x9:0x00000001 x19=0x00000000
      623629000	     31079	80008332	0908c803	lbu	x16,144(x17)	 x17:0x80033cdb x16=0x0000001c PA:0x80033d6b load:0x0000001c
      623769000	     31086	80008336	0908c503	lbu	x10,144(x17)	 x17:0x80033cdb x10=0x0000001c PA:0x80033d6b load:0x0000001c
      623829000	     31089	8000833a	08988823	sb	x9,144(x17)	 x17:0x80033cdb  x9:0x00000001 PA:0x80033d6b store:0x00000001 load:0x000000ff
      624029000	     31099	8000833e	0908c503	lbu	x10,144(x17)	 x17:0x80033cdb x10=0x00000001 PA:0x80033d6b load:0x00000001
      624149000	     31105	80008342	08c88823	sb	x12,144(x17)	 x17:0x80033cdb x12:0x80048e38 PA:0x80033d6b store:0x80048e38 load:0x000000ff
      624209000	     31108	80008346	f7888f03	lb	x30,-136(x17)	 x17:0x80033cdb x30=0x00000008 PA:0x80033c53 load:0x00000008
      624229000	     31109	8000834a	8d55	c.or	x10,x13	 x10:0x00000001 x13:0xfffff1f2 x10=0xfffff1f3
      624429000	     31119	8000834c	fb888f23	sb	x24,-66(x17)	 x17:0x80033cdb x24:0x00000016 PA:0x80033c99 store:0x00000016 load:0x000000ff
      624449000	     31120	80008350	03288223	sb	x18,36(x17)	 x17:0x80033cdb x18:0xf1afe048 PA:0x80033cff store:0xf1afe048 load:0x000000ff
      624469000	     31121	80008354	00095e13	srli	x28,x18,0x0	 x18:0xf1afe048 x28=0xf1afe048
      624489000	     31122	80008358	009a2533	slt	x10,x20,x9	 x20:0xffffcecf  x9:0x00000001 x10=0x00000001
      624729000	     31134	8000835c	03388783	lb	x15,51(x17)	 x17:0x80033cdb x15=0xffffffc5 PA:0x80033d0e load:0xffffffc5
      624749000	     31135	80008360	1e9d50b7	lui	x1,0x1e9d5	  x1=0x1e9d5000
      624769000	     31136	80008364	00b1c4b3	xor	x9,x3,x11	  x3:0x0000001c x11:0xad282000  x9=0xad28201c
      624949000	     31145	80008368	035899a3	sh	x21,51(x17)	 x17:0x80033cdb x21:0xffffff94 PA:0x80033d0e store:0xffffff94 load:0x0000ffff
      625149000	     31155	8000836c	0ef88823	sb	x15,240(x17)	 x17:0x80033cdb x15:0xffffffc5 PA:0x80033dcb store:0xffffffc5 load:0x000000ff
      625169000	     31156	80008370	0002c317	auipc	x6,0x2c	  x6=0x80034370
      625189000	     31157	80008374	bd030313	addi	x6,x6,-1072	  x6:0x80034370  x6=0x80033f40
      625429000	     31169	80008378	a1831423	sh	x24,-1528(x6)	  x6:0x80033f40 x24:0x00000016 PA:0x80033948 store:0x00000016 load:0x0000ffff
      625489000	     31172	8000837c	bd231d03	lh	x26,-1070(x6)	  x6:0x80033f40 x26=0xffffc8c9 PA:0x80033b12 load:0xffffc8c9
      625549000	     31175	80008380	e0630683	lb	x13,-506(x6)	  x6:0x80033f40 x13=0xfffffffd PA:0x80033d46 load:0xfffffffd
      625609000	     31178	80008384	8f330903	lb	x18,-1805(x6)	  x6:0x80033f40 x18=0xffffffe8 PA:0x80033833 load:0xffffffe8
      625709000	     31183	80008388	01c6c833	xor	x16,x13,x28	 x13:0xfffffffd x28:0xf1afe048 x16=0x0e501fb5
      626349000	     31215	8000838c	c0d34d83	lbu	x27,-1011(x6)	  x6:0x80033f40 x27=0x00000006 PA:0x80033b4d load:0x00000006
      626409000	     31218	80008390	c0d34403	lbu	x8,-1011(x6)	  x6:0x80033f40  x8=0x00000006 PA:0x80033b4d load:0x00000006
      626489000	     31222	80008394	c0d30d03	lb	x26,-1011(x6)	  x6:0x80033f40 x26=0x00000006 PA:0x80033b4d load:0x00000006
      626949000	     31245	80008398	a1e31783	lh	x15,-1506(x6)	  x6:0x80033f40 x15=0x00001415 PA:0x8003395e load:0x00001415
      627229000	     31259	8000839c	dae35803	lhu	x16,-594(x6)	  x6:0x80033f40 x16=0x0000a4a5 PA:0x80033cee load:0x0000a4a5
      627289000	     31262	800083a0	dae31a03	lh	x20,-594(x6)	  x6:0x80033f40 x20=0xffffa4a5 PA:0x80033cee load:0xffffa4a5
      627309000	     31263	800083a4	fa931723	sh	x9,-82(x6)	  x6:0x80033f40  x9:0xad28201c PA:0x80033eee store:0xad28201c load:0x0000ffff
      627569000	     31276	800083a8	fae31f03	lh	x30,-82(x6)	  x6:0x80033f40 x30=0x0000201c PA:0x80033eee load:0x0000201c
      627669000	     31281	800083ac	c4031183	lh	x3,-960(x6)	  x6:0x80033f40  x3=0x00003a3b PA:0x80033b80 load:0x00003a3b
      627729000	     31284	800083b0	f9534a83	lbu	x21,-107(x6)	  x6:0x80033f40 x21=0x0000008e PA:0x80033ed5 load:0x0000008e
      627749000	     31285	800083b4	9bfd	c.andi	x15,-1	 x15:0x00001415 x15=0x00001415
      627769000	     31286	800083b6	6ccd	c.lui	x25,0x13	 x25=0x00013000
      627949000	     31295	800083b8	a1e35183	lhu	x3,-1506(x6)	  x6:0x80033f40  x3=0x00001415 PA:0x8003395e load:0x00001415
      628309000	     31313	800083bc	a1e35c03	lhu	x24,-1506(x6)	  x6:0x80033f40 x24=0x00001415 PA:0x8003395e load:0x00001415
      628369000	     31316	800083c0	f5030923	sb	x16,-174(x6)	  x6:0x80033f40 x16:0x0000a4a5 PA:0x80033e92 store:0x0000a4a5 load:0x000000ff
      637949000	     31795	800083c4	07c32683	lw	x13,124(x6)	  x6:0x80033f40 x13=0x74757677 PA:0x80033fbc load:0x74757677
      638389000	     31817	800083c8	c6a30483	lb	x9,-918(x6)	  x6:0x80033f40  x9=0x00000061 PA:0x80033baa load:0x00000061
      638449000	     31820	800083cc	bf534383	lbu	x7,-1035(x6)	  x6:0x80033f40  x7=0x000000ee PA:0x80033b35 load:0x000000ee
      638469000	     31821	800083d0	0002cc97	auipc	x25,0x2c	 x25=0x800343d0
      638489000	     31822	800083d4	86fc8c93	addi	x25,x25,-1937	 x25:0x800343d0 x25=0x80033c3f
      639049000	     31850	800083d8	8cbc80a3	sb	x11,-1855(x25)	 x25:0x80033c3f x11:0xad282000 PA:0x80033500 store:0xad282000 load:0x000000ff
      639069000	     31851	800083dc	00038e17	auipc	x28,0x38	 x28=0x800403dc
      639089000	     31852	800083e0	ff4e0e13	addi	x28,x28,-12	 x28:0x800403dc x28=0x800403d0
      639189000	     31857	800083e4	ad6c8483	lb	x9,-1322(x25)	 x25:0x80033c3f  x9=0xffffffce PA:0x80033715 load:0xffffffce
      639249000	     31860	800083e8	fd3e4803	lbu	x16,-45(x28)	 x28:0x800403d0 x16=0x00000058 PA:0x800403a3 load:0x00000058
      639329000	     31864	800083ec	fd6e5f83	lhu	x31,-42(x28)	 x28:0x800403d0 x31=0x00005c5d PA:0x800403a6 load:0x00005c5d
      639389000	     31867	800083f0	077e0a03	lb	x20,119(x28)	 x28:0x800403d0 x20=0xfffffffc PA:0x80040447 load:0xfffffffc
      639469000	     31871	800083f4	0a5e4a83	lbu	x21,165(x28)	 x28:0x800403d0 x21=0x0000002e PA:0x80040475 load:0x0000002e
      640009000	     31898	800083f8	fffe4d83	lbu	x27,-1(x28)	 x28:0x800403d0 x27=0x00000084 PA:0x800403cf load:0x00000084
      640149000	     31905	800083fc	e68c9ba3	sh	x8,-393(x25)	 x25:0x80033c3f  x8:0x00000006 PA:0x80033ab6 store:0x00000006 load:0x0000ffff
      640209000	     31908	80008400	1eac8503	lb	x10,490(x25)	 x25:0x80033c3f x10=0x00000000 PA:0x80033e29 load:0x00000000
      640229000	     31909	80008404	a23cc203	lbu	x4,-1501(x25)	 x25:0x80033c3f  x4=0x00000019 PA:0x80033662 load:0x00000019
      640309000	     31913	80008408	d58c8ea3	sb	x24,-675(x25)	 x25:0x80033c3f x24:0x00001415 PA:0x8003399c store:0x00001415 load:0x000000ff
      640369000	     31916	8000840c	f25c8fa3	sb	x5,-193(x25)	 x25:0x80033c3f  x5:0x0000701c PA:0x80033b7e store:0x0000701c load:0x000000ff
      640389000	     31917	80008410	f87e4583	lbu	x11,-121(x28)	 x28:0x800403d0 x11=0x0000000c PA:0x80040357 load:0x0000000c
      640529000	     31924	80008414	f46e0683	lb	x13,-186(x28)	 x28:0x800403d0 x13=0xffffffcd PA:0x80040316 load:0xffffffcd
      640589000	     31927	80008418	b29c8c23	sb	x9,-1224(x25)	 x25:0x80033c3f  x9:0xffffffce PA:0x80033777 store:0xffffffce load:0x000000ff
      640609000	     31928	8000841c	f9be4b83	lbu	x23,-101(x28)	 x28:0x800403d0 x23=0x00000020 PA:0x8004036b load:0x00000020
      640629000	     31929	80008420	00036b17	auipc	x22,0x36	 x22=0x8003e420
      640649000	     31930	80008424	465b0b13	addi	x22,x22,1125	 x22:0x8003e420 x22=0x8003e885
      640769000	     31936	80008428	fedb0983	lb	x19,-19(x22)	 x22:0x8003e885 x19=0x00000029 PA:0x8003e872 load:0x00000029
      640789000	     31937	8000842c	0002ba97	auipc	x21,0x2b	 x21=0x8003342c
      640889000	     31942	80008430	d71a8a93	addi	x21,x21,-655	 x21:0x8003342c x21=0x8003319d
      641069000	     31951	80008434	036b0983	lb	x19,54(x22)	 x22:0x8003e885 x19=0x00000070 PA:0x8003e8bb load:0x00000070
      641429000	     31969	80008438	027b1983	lh	x19,39(x22)	 x22:0x8003e885 x19=0x00006667 PA:0x8003e8ac load:0x00006667
      641489000	     31972	8000843c	fd7b5683	lhu	x13,-41(x22)	 x22:0x8003e885 x13=0x00001617 PA:0x8003e85c load:0x00001617
      641509000	     31973	80008440	001a8c03	lb	x24,1(x21)	 x21:0x8003319d x24=0x00000000 PA:0x8003319e load:0x00000000
      641549000	     31975	80008444	fe8b12a3	sh	x8,-27(x22)	 x22:0x8003e885  x8:0x00000006 PA:0x8003e86a store:0x00000006 load:0x0000ffff
      641749000	     31985	80008448	009a8f03	lb	x30,9(x21)	 x21:0x8003319d x30=0x0000005d PA:0x800331a6 load:0x0000005d
      642109000	     32003	8000844c	fe8b0e23	sb	x8,-4(x22)	 x22:0x8003e885  x8:0x00000006 PA:0x8003e881 store:0x00000006 load:0x000000ff
      642469000	     32021	80008450	01da87a3	sb	x29,15(x21)	 x21:0x8003319d x29:0x00000000 PA:0x800331ac store:0x00000000 load:0x000000ff
      642529000	     32024	80008454	febb1303	lh	x6,-21(x22)	 x22:0x8003e885  x6=0x00002a2b PA:0x8003e870 load:0x00002a2b
      642589000	     32027	80008458	ff8a8c03	lb	x24,-8(x21)	 x21:0x8003319d x24=0x0000004e PA:0x80033195 load:0x0000004e
      642649000	     32030	8000845c	fd1b1aa3	sh	x17,-43(x22)	 x22:0x8003e885 x17:0x80033cdb PA:0x8003e85a store:0x80033cdb load:0x0000ffff
      643049000	     32050	80008460	018b4f83	lbu	x31,24(x22)	 x22:0x8003e885 x31=0x00000056 PA:0x8003e89d load:0x00000056
      643109000	     32053	80008464	017a91a3	sh	x23,3(x21)	 x21:0x8003319d x23:0x00000020 PA:0x800331a0 store:0x00000020 load:0x0000ffff
      643129000	     32054	80008468	00030797	auipc	x15,0x30	 x15=0x80038468
      643149000	     32055	8000846c	aa578793	addi	x15,x15,-1371	 x15:0x80038468 x15=0x80037f0d
      643209000	     32058	80008470	ff878583	lb	x11,-8(x15)	 x15:0x80037f0d x11=0xffffffbe PA:0x80037f05 load:0xffffffbe
      643549000	     32075	80008474	fe378c23	sb	x3,-8(x15)	 x15:0x80037f0d  x3:0x00001415 PA:0x80037f05 store:0x00001415 load:0x000000ff
      643609000	     32078	80008478	ff478c23	sb	x20,-8(x15)	 x15:0x80037f0d x20:0xfffffffc PA:0x80037f05 store:0xfffffffc load:0x000000ff
      643689000	     32082	8000847c	ff478c23	sb	x20,-8(x15)	 x15:0x80037f0d x20:0xfffffffc PA:0x80037f05 store:0xfffffffc load:0x000000ff
      643749000	     32085	80008480	ff878883	lb	x17,-8(x15)	 x15:0x80037f0d x17=0xfffffffc PA:0x80037f05 load:0xfffffffc
      644169000	     32106	80008484	feb78c23	sb	x11,-8(x15)	 x15:0x80037f0d x11:0xffffffbe PA:0x80037f05 store:0xffffffbe load:0x000000ff
      644249000	     32110	80008488	ff87c203	lbu	x4,-8(x15)	 x15:0x80037f0d  x4=0x000000be PA:0x80037f05 load:0x000000be
      644269000	     32111	8000848c	fe678c23	sb	x6,-8(x15)	 x15:0x80037f0d  x6:0x00002a2b PA:0x80037f05 store:0x00002a2b load:0x000000ff
      644489000	     32122	80008490	ff878503	lb	x10,-8(x15)	 x15:0x80037f0d x10=0x0000002b PA:0x80037f05 load:0x0000002b
      644609000	     32128	80008494	ff878883	lb	x17,-8(x15)	 x15:0x80037f0d x17=0x0000002b PA:0x80037f05 load:0x0000002b
      644709000	     32133	80008498	ff878883	lb	x17,-8(x15)	 x15:0x80037f0d x17=0x0000002b PA:0x80037f05 load:0x0000002b
      644729000	     32134	8000849c	ff878403	lb	x8,-8(x15)	 x15:0x80037f0d  x8=0x0000002b PA:0x80037f05 load:0x0000002b
      645469000	     32171	800084a0	03b1c833	div	x16,x3,x27	  x3:0x00001415 x27:0x00000084 x16=0x00000026
      645949000	     32195	800084a4	ff87c883	lbu	x17,-8(x15)	 x15:0x80037f0d x17=0x0000002b PA:0x80037f05 load:0x0000002b
      646009000	     32198	800084a8	ff878383	lb	x7,-8(x15)	 x15:0x80037f0d  x7=0x0000002b PA:0x80037f05 load:0x0000002b
      646029000	     32199	800084ac	ff878803	lb	x16,-8(x15)	 x15:0x80037f0d x16=0x0000002b PA:0x80037f05 load:0x0000002b
      646049000	     32200	800084b0	fc778f23	sb	x7,-34(x15)	 x15:0x80037f0d  x7:0x0000002b PA:0x80037eeb store:0x0000002b load:0x000000ff
      646389000	     32217	800084b4	fc678f23	sb	x6,-34(x15)	 x15:0x80037f0d  x6:0x00002a2b PA:0x80037eeb store:0x00002a2b load:0x000000ff
      646529000	     32224	800084b8	fde78e03	lb	x28,-34(x15)	 x15:0x80037f0d x28=0x0000002b PA:0x80037eeb load:0x0000002b
      646549000	     32225	800084bc	01626f33	or	x30,x4,x22	  x4:0x000000be x22:0x8003e885 x30=0x8003e8bf
      646569000	     32226	800084c0	00b7c833	xor	x16,x15,x11	 x15:0x80037f0d x11:0xffffffbe x16=0x7ffc80b3
      646669000	     32231	800084c4	fde78803	lb	x16,-34(x15)	 x15:0x80037f0d x16=0x0000002b PA:0x80037eeb load:0x0000002b
      646689000	     32232	800084c8	0002c297	auipc	x5,0x2c	  x5=0x800344c8
      646709000	     32233	800084cc	b8028293	addi	x5,x5,-1152	  x5:0x800344c8  x5=0x80034048
      646729000	     32234	800084d0	7aad99b7	lui	x19,0x7aad9	 x19=0x7aad9000
      646989000	     32247	800084d4	92ce	c.add	x5,x19	  x5:0x80034048 x19:0x7aad9000  x5=0xfab0d048
      647249000	     32260	800084d6	22028123	sb	x0,546(x5)	  x5:0xfab0d048  x0:0x00000000 PA:0xfab0d26a store:0x00000000 load:0x000000xx
      648049000	     32300	80002500	0800006f	jal	x0,80002580	  x0=0x00000000
      648849000	     32340	80002580	1771	c.addi	x14,-4	 x14:0x8004cce4 x14=0x8004cce0
      648949000	     32345	80002582	c310	c.sw	x12,0(x14)	 x14:0x8004cce0 x12:0x80048e38 PA:0x8004cce0 store:0x80048e38 load:0xffffffff
      649269000	     32361	80002584	00070633	add	x12,x14,x0	 x14:0x8004cce0  x0:0x00000000 x12=0x8004cce0
      649289000	     32362	80002588	f8060613	addi	x12,x12,-128	 x12:0x8004cce0 x12=0x8004cc60
      649549000	     32375	8000258c	00162223	sw	x1,4(x12)	 x12:0x8004cc60  x1:0x1e9d5000 PA:0x8004cc64 store:0x1e9d5000 load:0xffffffff
      649569000	     32376	80002590	00262423	sw	x2,8(x12)	 x12:0x8004cc60  x2:0xf5e39895 PA:0x8004cc68 store:0xf5e39895 load:0xffffffff
      649789000	     32387	80002594	00362623	sw	x3,12(x12)	 x12:0x8004cc60  x3:0x00001415 PA:0x8004cc6c store:0x00001415 load:0xffffffff
      650209000	     32408	80002598	00462823	sw	x4,16(x12)	 x12:0x8004cc60  x4:0x000000be PA:0x8004cc70 store:0x000000be load:0xffffffff
      650269000	     32411	8000259c	00562a23	sw	x5,20(x12)	 x12:0x8004cc60  x5:0xfab0d048 PA:0x8004cc74 store:0xfab0d048 load:0xffffffff
      650689000	     32432	800025a0	00662c23	sw	x6,24(x12)	 x12:0x8004cc60  x6:0x00002a2b PA:0x8004cc78 store:0x00002a2b load:0xffffffff
      650929000	     32444	800025a4	00762e23	sw	x7,28(x12)	 x12:0x8004cc60  x7:0x0000002b PA:0x8004cc7c store:0x0000002b load:0xffffffff
      651589000	     32477	800025a8	d200	c.sw	x8,32(x12)	 x12:0x8004cc60  x8:0x0000002b PA:0x8004cc80 store:0x0000002b load:0xffffffff
      651989000	     32497	800025aa	d244	c.sw	x9,36(x12)	 x12:0x8004cc60  x9:0xffffffce PA:0x8004cc84 store:0xffffffce load:0xffffffff
      652109000	     32503	800025ac	d608	c.sw	x10,40(x12)	 x12:0x8004cc60 x10:0x0000002b PA:0x8004cc88 store:0x0000002b load:0xffffffff
      652529000	     32524	800025ae	d64c	c.sw	x11,44(x12)	 x12:0x8004cc60 x11:0xffffffbe PA:0x8004cc8c store:0xffffffbe load:0xffffffff
      652589000	     32527	800025b0	da10	c.sw	x12,48(x12)	 x12:0x8004cc60 x12:0x8004cc60 PA:0x8004cc90 store:0x8004cc60 load:0xffffffff
      652609000	     32528	800025b2	da54	c.sw	x13,52(x12)	 x12:0x8004cc60 x13:0x00001617 PA:0x8004cc94 store:0x00001617 load:0xffffffff
      652909000	     32543	800025b4	de18	c.sw	x14,56(x12)	 x12:0x8004cc60 x14:0x8004cce0 PA:0x8004cc98 store:0x8004cce0 load:0xffffffff
      652969000	     32546	800025b6	de5c	c.sw	x15,60(x12)	 x12:0x8004cc60 x15:0x80037f0d PA:0x8004cc9c store:0x80037f0d load:0xffffffff
      652989000	     32547	800025b8	05062023	sw	x16,64(x12)	 x12:0x8004cc60 x16:0x0000002b PA:0x8004cca0 store:0x0000002b load:0xffffffff
      653169000	     32556	800025bc	05162223	sw	x17,68(x12)	 x12:0x8004cc60 x17:0x0000002b PA:0x8004cca4 store:0x0000002b load:0xffffffff
      653429000	     32569	800025c0	05262423	sw	x18,72(x12)	 x12:0x8004cc60 x18:0xffffffe8 PA:0x8004cca8 store:0xffffffe8 load:0xffffffff
      653469000	     32571	800025c4	05362623	sw	x19,76(x12)	 x12:0x8004cc60 x19:0x7aad9000 PA:0x8004ccac store:0x7aad9000 load:0xffffffff
      653809000	     32588	800025c8	05462823	sw	x20,80(x12)	 x12:0x8004cc60 x20:0xfffffffc PA:0x8004ccb0 store:0xfffffffc load:0xffffffff
      653989000	     32597	800025cc	05562a23	sw	x21,84(x12)	 x12:0x8004cc60 x21:0x8003319d PA:0x8004ccb4 store:0x8003319d load:0xffffffff
      654369000	     32616	800025d0	05662c23	sw	x22,88(x12)	 x12:0x8004cc60 x22:0x8003e885 PA:0x8004ccb8 store:0x8003e885 load:0xffffffff
      654569000	     32626	800025d4	05762e23	sw	x23,92(x12)	 x12:0x8004cc60 x23:0x00000020 PA:0x8004ccbc store:0x00000020 load:0xffffffff
      654629000	     32629	800025d8	07862023	sw	x24,96(x12)	 x12:0x8004cc60 x24:0x0000004e PA:0x8004ccc0 store:0x0000004e load:0xffffffff
      654669000	     32631	800025dc	07962223	sw	x25,100(x12)	 x12:0x8004cc60 x25:0x80033c3f PA:0x8004ccc4 store:0x80033c3f load:0xffffffff
      654749000	     32635	800025e0	07a62423	sw	x26,104(x12)	 x12:0x8004cc60 x26:0x00000006 PA:0x8004ccc8 store:0x00000006 load:0xffffffff
      654769000	     32636	800025e4	07b62623	sw	x27,108(x12)	 x12:0x8004cc60 x27:0x00000084 PA:0x8004cccc store:0x00000084 load:0xffffffff
      655029000	     32649	800025e8	07c62823	sw	x28,112(x12)	 x12:0x8004cc60 x28:0x0000002b PA:0x8004ccd0 store:0x0000002b load:0xffffffff
      655089000	     32652	800025ec	07d62a23	sw	x29,116(x12)	 x12:0x8004cc60 x29:0x00000000 PA:0x8004ccd4 store:0x00000000 load:0xffffffff
      655209000	     32658	800025f0	07e62c23	sw	x30,120(x12)	 x12:0x8004cc60 x30:0x8003e8bf PA:0x8004ccd8 store:0x8003e8bf load:0xffffffff
      655229000	     32659	800025f4	07f62e23	sw	x31,124(x12)	 x12:0x8004cc60 x31:0x00000056 PA:0x8004ccdc store:0x00000056 load:0xffffffff
      655249000	     32660	800025f8	00060733	add	x14,x12,x0	 x12:0x8004cc60  x0:0x00000000 x14=0x8004cc60
      655629000	     32679	800025fc	90000a37	lui	x20,0x90000	 x20=0x90000000
      655649000	     32680	80002600	1a71	c.addi	x20,-4	 x20:0x90000000 x20=0x8ffffffc
      655669000	     32681	80002602	4321	c.li	x6,8	  x6=0x00000008
      655689000	     32682	80002604	0322	c.slli	x6,0x8	  x6:0x00000008  x6=0x00000800
      655709000	     32683	80002606	00030313	addi	x6,x6,0	  x6:0x00000800  x6=0x00000800
      655769000	     32686	8000260a	006a2023	sw	x6,0(x20)	 x20:0x8ffffffc  x6:0x00000800 PA:0x8ffffffc store:0x00000800 load:0xffffffff
      656169000	     32706	8000260e	34102373	csrrs	x6,mepc,x0	  x0:0x00000000  x6=0x800084d6
      656189000	     32707	80002612	34202373	csrrs	x6,mcause,x0	  x0:0x00000000  x6=0x00000007
      656209000	     32708	80002616	4a0d	c.li	x20,3	 x20=0x00000003
      656609000	     32728	80002618	01431463	bne	x6,x20,80002620	  x6:0x00000007 x20:0x00000003
      657309000	     32763	80002620	4a21	c.li	x20,8	 x20=0x00000008
      657389000	     32767	80002622	05430d63	beq	x6,x20,8000267c	  x6:0x00000007 x20:0x00000008
      657409000	     32768	80002626	4a25	c.li	x20,9	 x20=0x00000009
      657429000	     32769	80002628	05430a63	beq	x6,x20,8000267c	  x6:0x00000007 x20:0x00000009
      657449000	     32770	8000262c	4a2d	c.li	x20,11	 x20=0x0000000b
      657469000	     32771	8000262e	05430763	beq	x6,x20,8000267c	  x6:0x00000007 x20:0x0000000b
      657489000	     32772	80002632	4a05	c.li	x20,1	 x20=0x00000001
      657809000	     32788	80002634	35430363	beq	x6,x20,8000297a	  x6:0x00000007 x20:0x00000001
      657889000	     32792	80002638	4a15	c.li	x20,5	 x20=0x00000005
      657929000	     32794	8000263a	63430963	beq	x6,x20,80002c6c	  x6:0x00000007 x20:0x00000005
      657949000	     32795	8000263e	4a1d	c.li	x20,7	 x20=0x00000007
      658169000	     32806	80002640	15430ae3	beq	x6,x20,80002f94	  x6:0x00000007 x20:0x00000007
      659149000	     32855	80002f94	90000a37	lui	x20,0x90000	 x20=0x90000000
      659909000	     32893	80002f98	1a71	c.addi	x20,-4	 x20:0x90000000 x20=0x8ffffffc
      659929000	     32894	80002f9a	4331	c.li	x6,12	  x6=0x0000000c
      660309000	     32913	80002f9c	0322	c.slli	x6,0x8	  x6:0x0000000c  x6=0x00000c00
      660329000	     32914	80002f9e	00030313	addi	x6,x6,0	  x6:0x00000c00  x6=0x00000c00
      660469000	     32921	80002fa2	006a2023	sw	x6,0(x20)	 x20:0x8ffffffc  x6:0x00000c00 PA:0x8ffffffc store:0x00000c00 load:0xffffffff
      660489000	     32922	80002fa6	90000a37	lui	x20,0x90000	 x20=0x90000000
      660509000	     32923	80002faa	1a71	c.addi	x20,-4	 x20:0x90000000 x20=0x8ffffffc
      660529000	     32924	80002fac	34200313	addi	x6,x0,834	  x0:0x00000000  x6=0x00000342
      660869000	     32941	80002fb0	0322	c.slli	x6,0x8	  x6:0x00000342  x6=0x00034200
      660889000	     32942	80002fb2	030d	c.addi	x6,3	  x6:0x00034200  x6=0x00034203
      661129000	     32954	80002fb4	006a2023	sw	x6,0(x20)	 x20:0x8ffffffc  x6:0x00034203 PA:0x8ffffffc store:0x00034203 load:0xffffffff
      661149000	     32955	80002fb8	34202373	csrrs	x6,mcause,x0	  x0:0x00000000  x6=0x00000007
      661209000	     32958	80002fbc	006a2023	sw	x6,0(x20)	 x20:0x8ffffffc  x6:0x00000007 PA:0x8ffffffc store:0x00000007 load:0xffffffff
      661549000	     32975	80002fc0	4301	c.li	x6,0	  x6=0x00000000
      661569000	     32976	80002fc2	809a	c.mv	x1,x6	  x0:0x00000000  x6:0x00000000  x1=0x00000000
      661589000	     32977	80002fc4	4881	c.li	x17,0	 x17=0x00000000
      661609000	     32978	80002fc6	8306	c.mv	x6,x1	  x0:0x00000000  x1:0x00000000  x6=0x00000000
      661629000	     32979	80002fc8	811a	c.mv	x2,x6	  x0:0x00000000  x6:0x00000000  x2=0x00000000
      661649000	     32980	80002fca	4101	c.li	x2,0	  x2=0x00000000
      661669000	     32981	80002fcc	04230f63	beq	x6,x2,8000302a	  x6:0x00000000  x2:0x00000000
      662269000	     33011	8000302a	3b002a73	csrrs	x20,pmpaddr0,x0	  x0:0x00000000 x20=0x20000ca9
      662289000	     33012	8000302e	3a0023f3	csrrs	x7,pmpcfg0,x0	  x0:0x00000000  x7=0x0f0f0f0f
      662309000	     33013	80003032	a861	c.j	800030ca	
      662869000	     33041	800030ca	4991	c.li	x19,4	 x19=0x00000004
      662889000	     33042	800030cc	01e09313	slli	x6,x1,0x1e	  x1:0x00000000  x6=0x00000000
      663029000	     33049	800030d0	01e35313	srli	x6,x6,0x1e	  x6:0x00000000  x6=0x00000000
      663049000	     33050	800030d4	40698133	sub	x2,x19,x6	 x19:0x00000004  x6:0x00000000  x2=0x00000004
      663169000	     33056	800030d8	117d	c.addi	x2,-1	  x2:0x00000004  x2=0x00000003
      663189000	     33057	800030da	010e	c.slli	x2,0x3	  x2:0x00000003  x2=0x00000018
      663209000	     33058	800030dc	002399b3	sll	x19,x7,x2	  x7:0x0f0f0f0f  x2:0x00000018 x19=0x0f000000
      663289000	     33062	800030e0	030e	c.slli	x6,0x3	  x6:0x00000000  x6=0x00000000
      663309000	     33063	800030e2	911a	c.add	x2,x6	  x2:0x00000018  x6:0x00000000  x2=0x00000018
      663389000	     33067	800030e4	0029d9b3	srl	x19,x19,x2	 x19:0x0f000000  x2:0x00000018 x19=0x0000000f
      663589000	     33077	800030e8	01b99113	slli	x2,x19,0x1b	 x19:0x0000000f  x2=0x78000000
      664009000	     33098	800030ec	01e15113	srli	x2,x2,0x1e	  x2:0x78000000  x2=0x00000001
      664409000	     33118	800030f0	04010563	beq	x2,x0,8000313a	  x2:0x00000001  x0:0x00000000
      664569000	     33126	800030f4	4305	c.li	x6,1	  x6=0x00000001
      664589000	     33127	800030f6	04610363	beq	x2,x6,8000313c	  x2:0x00000001  x6:0x00000001
      665629000	     33179	8000313c	8306	c.mv	x6,x1	  x0:0x00000000  x1:0x00000000  x6=0x00000000
      666069000	     33201	8000313e	34302173	csrrs	x2,mtval,x0	  x0:0x00000000  x2=0xfab0d26a
      666209000	     33208	80003142	00215113	srli	x2,x2,0x2	  x2:0xfab0d26a  x2=0x3eac349a
      674089000	     33602	80003146	00031563	bne	x6,x0,80003150	  x6:0x00000000  x0:0x00000000
      674109000	     33603	8000314a	fc0144e3	blt	x2,x0,80003112	  x2:0x3eac349a  x0:0x00000000
      674129000	     33604	8000314e	a019	c.j	80003154	
      674169000	     33606	80003154	fb417fe3	bgeu	x2,x20,80003112	  x2:0x3eac349a x20:0x20000ca9
      674229000	     33609	80003112	8306	c.mv	x6,x1	  x0:0x00000000  x1:0x00000000  x6=0x00000000
      674249000	     33610	80003114	88d2	c.mv	x17,x20	  x0:0x00000000 x20:0x20000ca9 x17=0x20000ca9
      674269000	     33611	80003116	0305	c.addi	x6,1	  x6:0x00000000  x6=0x00000001
      674289000	     33612	80003118	809a	c.mv	x1,x6	  x0:0x00000000  x6:0x00000001  x1=0x00000001
      674309000	     33613	8000311a	4a41	c.li	x20,16	 x20=0x00000010
      674329000	     33614	8000311c	01435363	bge	x6,x20,80003122	  x6:0x00000001 x20:0x00000010
      674349000	     33615	80003120	b55d	c.j	80002fc6	
      674389000	     33617	80002fc6	8306	c.mv	x6,x1	  x0:0x00000000  x1:0x00000001  x6=0x00000001
      674409000	     33618	80002fc8	811a	c.mv	x2,x6	  x0:0x00000000  x6:0x00000001  x2=0x00000001
      674429000	     33619	80002fca	4101	c.li	x2,0	  x2=0x00000000
      674449000	     33620	80002fcc	04230f63	beq	x6,x2,8000302a	  x6:0x00000001  x2:0x00000000
      674469000	     33621	80002fd0	4105	c.li	x2,1	  x2=0x00000001
      674489000	     33622	80002fd2	06230163	beq	x6,x2,80003034	  x6:0x00000001  x2:0x00000001
      674549000	     33625	80003034	3b102a73	csrrs	x20,pmpaddr1,x0	  x0:0x00000000 x20=0x244450ed
      674569000	     33626	80003038	3a0023f3	csrrs	x7,pmpcfg0,x0	  x0:0x00000000  x7=0x0f0f0f0f
      674589000	     33627	8000303c	a079	c.j	800030ca	
      674649000	     33630	800030ca	4991	c.li	x19,4	 x19=0x00000004
      674669000	     33631	800030cc	01e09313	slli	x6,x1,0x1e	  x1:0x00000001  x6=0x40000000
      674689000	     33632	800030d0	01e35313	srli	x6,x6,0x1e	  x6:0x40000000  x6=0x00000001
      674709000	     33633	800030d4	40698133	sub	x2,x19,x6	 x19:0x00000004  x6:0x00000001  x2=0x00000003
      674729000	     33634	800030d8	117d	c.addi	x2,-1	  x2:0x00000003  x2=0x00000002
      674749000	     33635	800030da	010e	c.slli	x2,0x3	  x2:0x00000002  x2=0x00000010
      674769000	     33636	800030dc	002399b3	sll	x19,x7,x2	  x7:0x0f0f0f0f  x2:0x00000010 x19=0x0f0f0000
      674789000	     33637	800030e0	030e	c.slli	x6,0x3	  x6:0x00000001  x6=0x00000008
      674809000	     33638	800030e2	911a	c.add	x2,x6	  x2:0x00000010  x6:0x00000008  x2=0x00000018
      674829000	     33639	800030e4	0029d9b3	srl	x19,x19,x2	 x19:0x0f0f0000  x2:0x00000018 x19=0x0000000f
      674849000	     33640	800030e8	01b99113	slli	x2,x19,0x1b	 x19:0x0000000f  x2=0x78000000
      674869000	     33641	800030ec	01e15113	srli	x2,x2,0x1e	  x2:0x78000000  x2=0x00000001
      674889000	     33642	800030f0	04010563	beq	x2,x0,8000313a	  x2:0x00000001  x0:0x00000000
      674909000	     33643	800030f4	4305	c.li	x6,1	  x6=0x00000001
      674929000	     33644	800030f6	04610363	beq	x2,x6,8000313c	  x2:0x00000001  x6:0x00000001
      674969000	     33646	8000313c	8306	c.mv	x6,x1	  x0:0x00000000  x1:0x00000001  x6=0x00000001
      674989000	     33647	8000313e	34302173	csrrs	x2,mtval,x0	  x0:0x00000000  x2=0xfab0d26a
      675009000	     33648	80003142	00215113	srli	x2,x2,0x2	  x2:0xfab0d26a  x2=0x3eac349a
      675049000	     33650	80003146	00031563	bne	x6,x0,80003150	  x6:0x00000001  x0:0x00000000
      675109000	     33653	80003150	fd1161e3	bltu	x2,x17,80003112	  x2:0x3eac349a x17:0x20000ca9
      675129000	     33654	80003154	fb417fe3	bgeu	x2,x20,80003112	  x2:0x3eac349a x20:0x244450ed
      675189000	     33657	80003112	8306	c.mv	x6,x1	  x0:0x00000000  x1:0x00000001  x6=0x00000001
      675209000	     33658	80003114	88d2	c.mv	x17,x20	  x0:0x00000000 x20:0x244450ed x17=0x244450ed
      675229000	     33659	80003116	0305	c.addi	x6,1	  x6:0x00000001  x6=0x00000002
      675249000	     33660	80003118	809a	c.mv	x1,x6	  x0:0x00000000  x6:0x00000002  x1=0x00000002
      675269000	     33661	8000311a	4a41	c.li	x20,16	 x20=0x00000010
      675289000	     33662	8000311c	01435363	bge	x6,x20,80003122	  x6:0x00000002 x20:0x00000010
      675309000	     33663	80003120	b55d	c.j	80002fc6	
      675349000	     33665	80002fc6	8306	c.mv	x6,x1	  x0:0x00000000  x1:0x00000002  x6=0x00000002
      675369000	     33666	80002fc8	811a	c.mv	x2,x6	  x0:0x00000000  x6:0x00000002  x2=0x00000002
      675389000	     33667	80002fca	4101	c.li	x2,0	  x2=0x00000000
      675409000	     33668	80002fcc	04230f63	beq	x6,x2,8000302a	  x6:0x00000002  x2:0x00000000
      675429000	     33669	80002fd0	4105	c.li	x2,1	  x2=0x00000001
      675449000	     33670	80002fd2	06230163	beq	x6,x2,80003034	  x6:0x00000002  x2:0x00000001
      675469000	     33671	80002fd6	4109	c.li	x2,2	  x2=0x00000002
      675489000	     33672	80002fd8	06230363	beq	x6,x2,8000303e	  x6:0x00000002  x2:0x00000002
      675549000	     33675	8000303e	3b202a73	csrrs	x20,pmpaddr2,x0	  x0:0x00000000 x20=0x28889531
      675569000	     33676	80003042	3a0023f3	csrrs	x7,pmpcfg0,x0	  x0:0x00000000  x7=0x0f0f0f0f
      675589000	     33677	80003046	a051	c.j	800030ca	
      675629000	     33679	800030ca	4991	c.li	x19,4	 x19=0x00000004
      675649000	     33680	800030cc	01e09313	slli	x6,x1,0x1e	  x1:0x00000002  x6=0x80000000
      675669000	     33681	800030d0	01e35313	srli	x6,x6,0x1e	  x6:0x80000000  x6=0x00000002
      675689000	     33682	800030d4	40698133	sub	x2,x19,x6	 x19:0x00000004  x6:0x00000002  x2=0x00000002
      675709000	     33683	800030d8	117d	c.addi	x2,-1	  x2:0x00000002  x2=0x00000001
      675729000	     33684	800030da	010e	c.slli	x2,0x3	  x2:0x00000001  x2=0x00000008
      675749000	     33685	800030dc	002399b3	sll	x19,x7,x2	  x7:0x0f0f0f0f  x2:0x00000008 x19=0x0f0f0f00
      675769000	     33686	800030e0	030e	c.slli	x6,0x3	  x6:0x00000002  x6=0x00000010
      675789000	     33687	800030e2	911a	c.add	x2,x6	  x2:0x00000008  x6:0x00000010  x2=0x00000018
      675809000	     33688	800030e4	0029d9b3	srl	x19,x19,x2	 x19:0x0f0f0f00  x2:0x00000018 x19=0x0000000f
      675829000	     33689	800030e8	01b99113	slli	x2,x19,0x1b	 x19:0x0000000f  x2=0x78000000
      675849000	     33690	800030ec	01e15113	srli	x2,x2,0x1e	  x2:0x78000000  x2=0x00000001
      675869000	     33691	800030f0	04010563	beq	x2,x0,8000313a	  x2:0x00000001  x0:0x00000000
      675889000	     33692	800030f4	4305	c.li	x6,1	  x6=0x00000001
      675909000	     33693	800030f6	04610363	beq	x2,x6,8000313c	  x2:0x00000001  x6:0x00000001
      675949000	     33695	8000313c	8306	c.mv	x6,x1	  x0:0x00000000  x1:0x00000002  x6=0x00000002
      675969000	     33696	8000313e	34302173	csrrs	x2,mtval,x0	  x0:0x00000000  x2=0xfab0d26a
      675989000	     33697	80003142	00215113	srli	x2,x2,0x2	  x2:0xfab0d26a  x2=0x3eac349a
      676049000	     33700	80003146	00031563	bne	x6,x0,80003150	  x6:0x00000002  x0:0x00000000
      676109000	     33703	80003150	fd1161e3	bltu	x2,x17,80003112	  x2:0x3eac349a x17:0x244450ed
      676129000	     33704	80003154	fb417fe3	bgeu	x2,x20,80003112	  x2:0x3eac349a x20:0x28889531
      676189000	     33707	80003112	8306	c.mv	x6,x1	  x0:0x00000000  x1:0x00000002  x6=0x00000002
      676209000	     33708	80003114	88d2	c.mv	x17,x20	  x0:0x00000000 x20:0x28889531 x17=0x28889531
      676229000	     33709	80003116	0305	c.addi	x6,1	  x6:0x00000002  x6=0x00000003
      676249000	     33710	80003118	809a	c.mv	x1,x6	  x0:0x00000000  x6:0x00000003  x1=0x00000003
      676269000	     33711	8000311a	4a41	c.li	x20,16	 x20=0x00000010
      676289000	     33712	8000311c	01435363	bge	x6,x20,80003122	  x6:0x00000003 x20:0x00000010
      676309000	     33713	80003120	b55d	c.j	80002fc6	
      676349000	     33715	80002fc6	8306	c.mv	x6,x1	  x0:0x00000000  x1:0x00000003  x6=0x00000003
      676369000	     33716	80002fc8	811a	c.mv	x2,x6	  x0:0x00000000  x6:0x00000003  x2=0x00000003
      676389000	     33717	80002fca	4101	c.li	x2,0	  x2=0x00000000
      676409000	     33718	80002fcc	04230f63	beq	x6,x2,8000302a	  x6:0x00000003  x2:0x00000000
      676429000	     33719	80002fd0	4105	c.li	x2,1	  x2=0x00000001
      676449000	     33720	80002fd2	06230163	beq	x6,x2,80003034	  x6:0x00000003  x2:0x00000001
      676469000	     33721	80002fd6	4109	c.li	x2,2	  x2=0x00000002
      676489000	     33722	80002fd8	06230363	beq	x6,x2,8000303e	  x6:0x00000003  x2:0x00000002
      676509000	     33723	80002fdc	410d	c.li	x2,3	  x2=0x00000003
      676529000	     33724	80002fde	06230563	beq	x6,x2,80003048	  x6:0x00000003  x2:0x00000003
      676569000	     33726	80003048	3b302a73	csrrs	x20,pmpaddr3,x0	  x0:0x00000000 x20=0x2cccd975
      676589000	     33727	8000304c	3a0023f3	csrrs	x7,pmpcfg0,x0	  x0:0x00000000  x7=0x0f0f0f0f
      677089000	     33752	80003050	a8ad	c.j	800030ca	
      677129000	     33754	800030ca	4991	c.li	x19,4	 x19=0x00000004
      677149000	     33755	800030cc	01e09313	slli	x6,x1,0x1e	  x1:0x00000003  x6=0xc0000000
      677169000	     33756	800030d0	01e35313	srli	x6,x6,0x1e	  x6:0xc0000000  x6=0x00000003
      677189000	     33757	800030d4	40698133	sub	x2,x19,x6	 x19:0x00000004  x6:0x00000003  x2=0x00000001
      677249000	     33760	800030d8	117d	c.addi	x2,-1	  x2:0x00000001  x2=0x00000000
      677269000	     33761	800030da	010e	c.slli	x2,0x3	  x2:0x00000000  x2=0x00000000
      677289000	     33762	800030dc	002399b3	sll	x19,x7,x2	  x7:0x0f0f0f0f  x2:0x00000000 x19=0x0f0f0f0f
      677309000	     33763	800030e0	030e	c.slli	x6,0x3	  x6:0x00000003  x6=0x00000018
      677329000	     33764	800030e2	911a	c.add	x2,x6	  x2:0x00000000  x6:0x00000018  x2=0x00000018
      677349000	     33765	800030e4	0029d9b3	srl	x19,x19,x2	 x19:0x0f0f0f0f  x2:0x00000018 x19=0x0000000f
      677369000	     33766	800030e8	01b99113	slli	x2,x19,0x1b	 x19:0x0000000f  x2=0x78000000
      677389000	     33767	800030ec	01e15113	srli	x2,x2,0x1e	  x2:0x78000000  x2=0x00000001
      677409000	     33768	800030f0	04010563	beq	x2,x0,8000313a	  x2:0x00000001  x0:0x00000000
      677429000	     33769	800030f4	4305	c.li	x6,1	  x6=0x00000001
      677449000	     33770	800030f6	04610363	beq	x2,x6,8000313c	  x2:0x00000001  x6:0x00000001
      677489000	     33772	8000313c	8306	c.mv	x6,x1	  x0:0x00000000  x1:0x00000003  x6=0x00000003
      677509000	     33773	8000313e	34302173	csrrs	x2,mtval,x0	  x0:0x00000000  x2=0xfab0d26a
      677529000	     33774	80003142	00215113	srli	x2,x2,0x2	  x2:0xfab0d26a  x2=0x3eac349a
      677589000	     33777	80003146	00031563	bne	x6,x0,80003150	  x6:0x00000003  x0:0x00000000
      677649000	     33780	80003150	fd1161e3	bltu	x2,x17,80003112	  x2:0x3eac349a x17:0x28889531
      677669000	     33781	80003154	fb417fe3	bgeu	x2,x20,80003112	  x2:0x3eac349a x20:0x2cccd975
      677729000	     33784	80003112	8306	c.mv	x6,x1	  x0:0x00000000  x1:0x00000003  x6=0x00000003
      677749000	     33785	80003114	88d2	c.mv	x17,x20	  x0:0x00000000 x20:0x2cccd975 x17=0x2cccd975
      677769000	     33786	80003116	0305	c.addi	x6,1	  x6:0x00000003  x6=0x00000004
      677789000	     33787	80003118	809a	c.mv	x1,x6	  x0:0x00000000  x6:0x00000004  x1=0x00000004
      677809000	     33788	8000311a	4a41	c.li	x20,16	 x20=0x00000010
      677829000	     33789	8000311c	01435363	bge	x6,x20,80003122	  x6:0x00000004 x20:0x00000010
      677849000	     33790	80003120	b55d	c.j	80002fc6	
      677889000	     33792	80002fc6	8306	c.mv	x6,x1	  x0:0x00000000  x1:0x00000004  x6=0x00000004
      677909000	     33793	80002fc8	811a	c.mv	x2,x6	  x0:0x00000000  x6:0x00000004  x2=0x00000004
      677929000	     33794	80002fca	4101	c.li	x2,0	  x2=0x00000000
      677949000	     33795	80002fcc	04230f63	beq	x6,x2,8000302a	  x6:0x00000004  x2:0x00000000
      677969000	     33796	80002fd0	4105	c.li	x2,1	  x2=0x00000001
      677989000	     33797	80002fd2	06230163	beq	x6,x2,80003034	  x6:0x00000004  x2:0x00000001
      678009000	     33798	80002fd6	4109	c.li	x2,2	  x2=0x00000002
      678029000	     33799	80002fd8	06230363	beq	x6,x2,8000303e	  x6:0x00000004  x2:0x00000002
      678049000	     33800	80002fdc	410d	c.li	x2,3	  x2=0x00000003
      678069000	     33801	80002fde	06230563	beq	x6,x2,80003048	  x6:0x00000004  x2:0x00000003
      678089000	     33802	80002fe2	4111	c.li	x2,4	  x2=0x00000004
      678109000	     33803	80002fe4	06230763	beq	x6,x2,80003052	  x6:0x00000004  x2:0x00000004
      678169000	     33806	80003052	3b402a73	csrrs	x20,pmpaddr4,x0	  x0:0x00000000 x20=0x31111dba
      678189000	     33807	80003056	3a1023f3	csrrs	x7,pmpcfg1,x0	  x0:0x00000000  x7=0x0f0f0f0f
      678209000	     33808	8000305a	a885	c.j	800030ca	
      678269000	     33811	800030ca	4991	c.li	x19,4	 x19=0x00000004
      678289000	     33812	800030cc	01e09313	slli	x6,x1,0x1e	  x1:0x00000004  x6=0x00000000
      678349000	     33815	800030d0	01e35313	srli	x6,x6,0x1e	  x6:0x00000000  x6=0x00000000
      678369000	     33816	800030d4	40698133	sub	x2,x19,x6	 x19:0x00000004  x6:0x00000000  x2=0x00000004
      678409000	     33818	800030d8	117d	c.addi	x2,-1	  x2:0x00000004  x2=0x00000003
      678429000	     33819	800030da	010e	c.slli	x2,0x3	  x2:0x00000003  x2=0x00000018
      678449000	     33820	800030dc	002399b3	sll	x19,x7,x2	  x7:0x0f0f0f0f  x2:0x00000018 x19=0x0f000000
      678469000	     33821	800030e0	030e	c.slli	x6,0x3	  x6:0x00000000  x6=0x00000000
      678489000	     33822	800030e2	911a	c.add	x2,x6	  x2:0x00000018  x6:0x00000000  x2=0x00000018
      678509000	     33823	800030e4	0029d9b3	srl	x19,x19,x2	 x19:0x0f000000  x2:0x00000018 x19=0x0000000f
      678529000	     33824	800030e8	01b99113	slli	x2,x19,0x1b	 x19:0x0000000f  x2=0x78000000
      678549000	     33825	800030ec	01e15113	srli	x2,x2,0x1e	  x2:0x78000000  x2=0x00000001
      678569000	     33826	800030f0	04010563	beq	x2,x0,8000313a	  x2:0x00000001  x0:0x00000000
      678589000	     33827	800030f4	4305	c.li	x6,1	  x6=0x00000001
      678609000	     33828	800030f6	04610363	beq	x2,x6,8000313c	  x2:0x00000001  x6:0x00000001
      678649000	     33830	8000313c	8306	c.mv	x6,x1	  x0:0x00000000  x1:0x00000004  x6=0x00000004
      678669000	     33831	8000313e	34302173	csrrs	x2,mtval,x0	  x0:0x00000000  x2=0xfab0d26a
      678689000	     33832	80003142	00215113	srli	x2,x2,0x2	  x2:0xfab0d26a  x2=0x3eac349a
      678709000	     33833	80003146	00031563	bne	x6,x0,80003150	  x6:0x00000004  x0:0x00000000
      678749000	     33835	80003150	fd1161e3	bltu	x2,x17,80003112	  x2:0x3eac349a x17:0x2cccd975
      678769000	     33836	80003154	fb417fe3	bgeu	x2,x20,80003112	  x2:0x3eac349a x20:0x31111dba
      678829000	     33839	80003112	8306	c.mv	x6,x1	  x0:0x00000000  x1:0x00000004  x6=0x00000004
      678849000	     33840	80003114	88d2	c.mv	x17,x20	  x0:0x00000000 x20:0x31111dba x17=0x31111dba
      678869000	     33841	80003116	0305	c.addi	x6,1	  x6:0x00000004  x6=0x00000005
      678889000	     33842	80003118	809a	c.mv	x1,x6	  x0:0x00000000  x6:0x00000005  x1=0x00000005
      678909000	     33843	8000311a	4a41	c.li	x20,16	 x20=0x00000010
      678929000	     33844	8000311c	01435363	bge	x6,x20,80003122	  x6:0x00000005 x20:0x00000010
      678949000	     33845	80003120	b55d	c.j	80002fc6	
      678989000	     33847	80002fc6	8306	c.mv	x6,x1	  x0:0x00000000  x1:0x00000005  x6=0x00000005
      679009000	     33848	80002fc8	811a	c.mv	x2,x6	  x0:0x00000000  x6:0x00000005  x2=0x00000005
      679029000	     33849	80002fca	4101	c.li	x2,0	  x2=0x00000000
      679049000	     33850	80002fcc	04230f63	beq	x6,x2,8000302a	  x6:0x00000005  x2:0x00000000
      679069000	     33851	80002fd0	4105	c.li	x2,1	  x2=0x00000001
      679089000	     33852	80002fd2	06230163	beq	x6,x2,80003034	  x6:0x00000005  x2:0x00000001
      679109000	     33853	80002fd6	4109	c.li	x2,2	  x2=0x00000002
      679129000	     33854	80002fd8	06230363	beq	x6,x2,8000303e	  x6:0x00000005  x2:0x00000002
      679149000	     33855	80002fdc	410d	c.li	x2,3	  x2=0x00000003
      679169000	     33856	80002fde	06230563	beq	x6,x2,80003048	  x6:0x00000005  x2:0x00000003
      679189000	     33857	80002fe2	4111	c.li	x2,4	  x2=0x00000004
      679209000	     33858	80002fe4	06230763	beq	x6,x2,80003052	  x6:0x00000005  x2:0x00000004
      679229000	     33859	80002fe8	4115	c.li	x2,5	  x2=0x00000005
      679249000	     33860	80002fea	06230963	beq	x6,x2,8000305c	  x6:0x00000005  x2:0x00000005
      679289000	     33862	8000305c	3b502a73	csrrs	x20,pmpaddr5,x0	  x0:0x00000000 x20=0x355561fe
      679309000	     33863	80003060	3a1023f3	csrrs	x7,pmpcfg1,x0	  x0:0x00000000  x7=0x0f0f0f0f
      679329000	     33864	80003064	a09d	c.j	800030ca	
      679389000	     33867	800030ca	4991	c.li	x19,4	 x19=0x00000004
      679409000	     33868	800030cc	01e09313	slli	x6,x1,0x1e	  x1:0x00000005  x6=0x40000000
      679449000	     33870	800030d0	01e35313	srli	x6,x6,0x1e	  x6:0x40000000  x6=0x00000001
      679469000	     33871	800030d4	40698133	sub	x2,x19,x6	 x19:0x00000004  x6:0x00000001  x2=0x00000003
      679489000	     33872	800030d8	117d	c.addi	x2,-1	  x2:0x00000003  x2=0x00000002
      679509000	     33873	800030da	010e	c.slli	x2,0x3	  x2:0x00000002  x2=0x00000010
      679529000	     33874	800030dc	002399b3	sll	x19,x7,x2	  x7:0x0f0f0f0f  x2:0x00000010 x19=0x0f0f0000
      679549000	     33875	800030e0	030e	c.slli	x6,0x3	  x6:0x00000001  x6=0x00000008
      679569000	     33876	800030e2	911a	c.add	x2,x6	  x2:0x00000010  x6:0x00000008  x2=0x00000018
      679589000	     33877	800030e4	0029d9b3	srl	x19,x19,x2	 x19:0x0f0f0000  x2:0x00000018 x19=0x0000000f
      679609000	     33878	800030e8	01b99113	slli	x2,x19,0x1b	 x19:0x0000000f  x2=0x78000000
      679629000	     33879	800030ec	01e15113	srli	x2,x2,0x1e	  x2:0x78000000  x2=0x00000001
      679649000	     33880	800030f0	04010563	beq	x2,x0,8000313a	  x2:0x00000001  x0:0x00000000
      679669000	     33881	800030f4	4305	c.li	x6,1	  x6=0x00000001
      679689000	     33882	800030f6	04610363	beq	x2,x6,8000313c	  x2:0x00000001  x6:0x00000001
      679729000	     33884	8000313c	8306	c.mv	x6,x1	  x0:0x00000000  x1:0x00000005  x6=0x00000005
      679749000	     33885	8000313e	34302173	csrrs	x2,mtval,x0	  x0:0x00000000  x2=0xfab0d26a
      679769000	     33886	80003142	00215113	srli	x2,x2,0x2	  x2:0xfab0d26a  x2=0x3eac349a
      679829000	     33889	80003146	00031563	bne	x6,x0,80003150	  x6:0x00000005  x0:0x00000000
      679889000	     33892	80003150	fd1161e3	bltu	x2,x17,80003112	  x2:0x3eac349a x17:0x31111dba
      679909000	     33893	80003154	fb417fe3	bgeu	x2,x20,80003112	  x2:0x3eac349a x20:0x355561fe
      679969000	     33896	80003112	8306	c.mv	x6,x1	  x0:0x00000000  x1:0x00000005  x6=0x00000005
      679989000	     33897	80003114	88d2	c.mv	x17,x20	  x0:0x00000000 x20:0x355561fe x17=0x355561fe
      680009000	     33898	80003116	0305	c.addi	x6,1	  x6:0x00000005  x6=0x00000006
      680029000	     33899	80003118	809a	c.mv	x1,x6	  x0:0x00000000  x6:0x00000006  x1=0x00000006
      680049000	     33900	8000311a	4a41	c.li	x20,16	 x20=0x00000010
      680069000	     33901	8000311c	01435363	bge	x6,x20,80003122	  x6:0x00000006 x20:0x00000010
      680089000	     33902	80003120	b55d	c.j	80002fc6	
      680129000	     33904	80002fc6	8306	c.mv	x6,x1	  x0:0x00000000  x1:0x00000006  x6=0x00000006
      680149000	     33905	80002fc8	811a	c.mv	x2,x6	  x0:0x00000000  x6:0x00000006  x2=0x00000006
      680169000	     33906	80002fca	4101	c.li	x2,0	  x2=0x00000000
      680189000	     33907	80002fcc	04230f63	beq	x6,x2,8000302a	  x6:0x00000006  x2:0x00000000
      680249000	     33910	80002fd0	4105	c.li	x2,1	  x2=0x00000001
      680269000	     33911	80002fd2	06230163	beq	x6,x2,80003034	  x6:0x00000006  x2:0x00000001
      680289000	     33912	80002fd6	4109	c.li	x2,2	  x2=0x00000002
      680329000	     33914	80002fd8	06230363	beq	x6,x2,8000303e	  x6:0x00000006  x2:0x00000002
      680349000	     33915	80002fdc	410d	c.li	x2,3	  x2=0x00000003
      680409000	     33918	80002fde	06230563	beq	x6,x2,80003048	  x6:0x00000006  x2:0x00000003
      680429000	     33919	80002fe2	4111	c.li	x2,4	  x2=0x00000004
      680449000	     33920	80002fe4	06230763	beq	x6,x2,80003052	  x6:0x00000006  x2:0x00000004
      680469000	     33921	80002fe8	4115	c.li	x2,5	  x2=0x00000005
      680489000	     33922	80002fea	06230963	beq	x6,x2,8000305c	  x6:0x00000006  x2:0x00000005
      680509000	     33923	80002fee	4119	c.li	x2,6	  x2=0x00000006
      680529000	     33924	80002ff0	06230b63	beq	x6,x2,80003066	  x6:0x00000006  x2:0x00000006
      680589000	     33927	80003066	3b602a73	csrrs	x20,pmpaddr6,x0	  x0:0x00000000 x20=0x3999a642
      680609000	     33928	8000306a	3a1023f3	csrrs	x7,pmpcfg1,x0	  x0:0x00000000  x7=0x0f0f0f0f
      680629000	     33929	8000306e	a8b1	c.j	800030ca	
      680669000	     33931	800030ca	4991	c.li	x19,4	 x19=0x00000004
      680689000	     33932	800030cc	01e09313	slli	x6,x1,0x1e	  x1:0x00000006  x6=0x80000000
      680709000	     33933	800030d0	01e35313	srli	x6,x6,0x1e	  x6:0x80000000  x6=0x00000002
      680729000	     33934	800030d4	40698133	sub	x2,x19,x6	 x19:0x00000004  x6:0x00000002  x2=0x00000002
      680749000	     33935	800030d8	117d	c.addi	x2,-1	  x2:0x00000002  x2=0x00000001
      680769000	     33936	800030da	010e	c.slli	x2,0x3	  x2:0x00000001  x2=0x00000008
      680789000	     33937	800030dc	002399b3	sll	x19,x7,x2	  x7:0x0f0f0f0f  x2:0x00000008 x19=0x0f0f0f00
      680809000	     33938	800030e0	030e	c.slli	x6,0x3	  x6:0x00000002  x6=0x00000010
      680829000	     33939	800030e2	911a	c.add	x2,x6	  x2:0x00000008  x6:0x00000010  x2=0x00000018
      680849000	     33940	800030e4	0029d9b3	srl	x19,x19,x2	 x19:0x0f0f0f00  x2:0x00000018 x19=0x0000000f
      680869000	     33941	800030e8	01b99113	slli	x2,x19,0x1b	 x19:0x0000000f  x2=0x78000000
      680889000	     33942	800030ec	01e15113	srli	x2,x2,0x1e	  x2:0x78000000  x2=0x00000001
      680909000	     33943	800030f0	04010563	beq	x2,x0,8000313a	  x2:0x00000001  x0:0x00000000
      680929000	     33944	800030f4	4305	c.li	x6,1	  x6=0x00000001
      680949000	     33945	800030f6	04610363	beq	x2,x6,8000313c	  x2:0x00000001  x6:0x00000001
      680989000	     33947	8000313c	8306	c.mv	x6,x1	  x0:0x00000000  x1:0x00000006  x6=0x00000006
      681009000	     33948	8000313e	34302173	csrrs	x2,mtval,x0	  x0:0x00000000  x2=0xfab0d26a
      681029000	     33949	80003142	00215113	srli	x2,x2,0x2	  x2:0xfab0d26a  x2=0x3eac349a
      681049000	     33950	80003146	00031563	bne	x6,x0,80003150	  x6:0x00000006  x0:0x00000000
      681089000	     33952	80003150	fd1161e3	bltu	x2,x17,80003112	  x2:0x3eac349a x17:0x355561fe
      681109000	     33953	80003154	fb417fe3	bgeu	x2,x20,80003112	  x2:0x3eac349a x20:0x3999a642
      681169000	     33956	80003112	8306	c.mv	x6,x1	  x0:0x00000000  x1:0x00000006  x6=0x00000006
      681189000	     33957	80003114	88d2	c.mv	x17,x20	  x0:0x00000000 x20:0x3999a642 x17=0x3999a642
      681209000	     33958	80003116	0305	c.addi	x6,1	  x6:0x00000006  x6=0x00000007
      681229000	     33959	80003118	809a	c.mv	x1,x6	  x0:0x00000000  x6:0x00000007  x1=0x00000007
      681249000	     33960	8000311a	4a41	c.li	x20,16	 x20=0x00000010
      681269000	     33961	8000311c	01435363	bge	x6,x20,80003122	  x6:0x00000007 x20:0x00000010
      681289000	     33962	80003120	b55d	c.j	80002fc6	
      681329000	     33964	80002fc6	8306	c.mv	x6,x1	  x0:0x00000000  x1:0x00000007  x6=0x00000007
      681349000	     33965	80002fc8	811a	c.mv	x2,x6	  x0:0x00000000  x6:0x00000007  x2=0x00000007
      681369000	     33966	80002fca	4101	c.li	x2,0	  x2=0x00000000
      681389000	     33967	80002fcc	04230f63	beq	x6,x2,8000302a	  x6:0x00000007  x2:0x00000000
      681409000	     33968	80002fd0	4105	c.li	x2,1	  x2=0x00000001
      681429000	     33969	80002fd2	06230163	beq	x6,x2,80003034	  x6:0x00000007  x2:0x00000001
      681449000	     33970	80002fd6	4109	c.li	x2,2	  x2=0x00000002
      681469000	     33971	80002fd8	06230363	beq	x6,x2,8000303e	  x6:0x00000007  x2:0x00000002
      681489000	     33972	80002fdc	410d	c.li	x2,3	  x2=0x00000003
      681509000	     33973	80002fde	06230563	beq	x6,x2,80003048	  x6:0x00000007  x2:0x00000003
      681529000	     33974	80002fe2	4111	c.li	x2,4	  x2=0x00000004
      681549000	     33975	80002fe4	06230763	beq	x6,x2,80003052	  x6:0x00000007  x2:0x00000004
      681569000	     33976	80002fe8	4115	c.li	x2,5	  x2=0x00000005
      681589000	     33977	80002fea	06230963	beq	x6,x2,8000305c	  x6:0x00000007  x2:0x00000005
      681609000	     33978	80002fee	4119	c.li	x2,6	  x2=0x00000006
      681629000	     33979	80002ff0	06230b63	beq	x6,x2,80003066	  x6:0x00000007  x2:0x00000006
      681649000	     33980	80002ff4	411d	c.li	x2,7	  x2=0x00000007
      681669000	     33981	80002ff6	06230d63	beq	x6,x2,80003070	  x6:0x00000007  x2:0x00000007
      681709000	     33983	80003070	3b702a73	csrrs	x20,pmpaddr7,x0	  x0:0x00000000 x20=0x3dddea86
      681729000	     33984	80003074	3a1023f3	csrrs	x7,pmpcfg1,x0	  x0:0x00000000  x7=0x0f0f0f0f
      682289000	     34012	80003078	a889	c.j	800030ca	
      682329000	     34014	800030ca	4991	c.li	x19,4	 x19=0x00000004
      682349000	     34015	800030cc	01e09313	slli	x6,x1,0x1e	  x1:0x00000007  x6=0xc0000000
      682469000	     34021	800030d0	01e35313	srli	x6,x6,0x1e	  x6:0xc0000000  x6=0x00000003
      682489000	     34022	800030d4	40698133	sub	x2,x19,x6	 x19:0x00000004  x6:0x00000003  x2=0x00000001
      682549000	     34025	800030d8	117d	c.addi	x2,-1	  x2:0x00000001  x2=0x00000000
      682569000	     34026	800030da	010e	c.slli	x2,0x3	  x2:0x00000000  x2=0x00000000
      682589000	     34027	800030dc	002399b3	sll	x19,x7,x2	  x7:0x0f0f0f0f  x2:0x00000000 x19=0x0f0f0f0f
      682649000	     34030	800030e0	030e	c.slli	x6,0x3	  x6:0x00000003  x6=0x00000018
      682669000	     34031	800030e2	911a	c.add	x2,x6	  x2:0x00000000  x6:0x00000018  x2=0x00000018
      682689000	     34032	800030e4	0029d9b3	srl	x19,x19,x2	 x19:0x0f0f0f0f  x2:0x00000018 x19=0x0000000f
      682749000	     34035	800030e8	01b99113	slli	x2,x19,0x1b	 x19:0x0000000f  x2=0x78000000
      682769000	     34036	800030ec	01e15113	srli	x2,x2,0x1e	  x2:0x78000000  x2=0x00000001
      682829000	     34039	800030f0	04010563	beq	x2,x0,8000313a	  x2:0x00000001  x0:0x00000000
      682849000	     34040	800030f4	4305	c.li	x6,1	  x6=0x00000001
      682869000	     34041	800030f6	04610363	beq	x2,x6,8000313c	  x2:0x00000001  x6:0x00000001
      682909000	     34043	8000313c	8306	c.mv	x6,x1	  x0:0x00000000  x1:0x00000007  x6=0x00000007
      682929000	     34044	8000313e	34302173	csrrs	x2,mtval,x0	  x0:0x00000000  x2=0xfab0d26a
      682949000	     34045	80003142	00215113	srli	x2,x2,0x2	  x2:0xfab0d26a  x2=0x3eac349a
      683009000	     34048	80003146	00031563	bne	x6,x0,80003150	  x6:0x00000007  x0:0x00000000
      683069000	     34051	80003150	fd1161e3	bltu	x2,x17,80003112	  x2:0x3eac349a x17:0x3999a642
      683089000	     34052	80003154	fb417fe3	bgeu	x2,x20,80003112	  x2:0x3eac349a x20:0x3dddea86
      683149000	     34055	80003112	8306	c.mv	x6,x1	  x0:0x00000000  x1:0x00000007  x6=0x00000007
      683169000	     34056	80003114	88d2	c.mv	x17,x20	  x0:0x00000000 x20:0x3dddea86 x17=0x3dddea86
      683189000	     34057	80003116	0305	c.addi	x6,1	  x6:0x00000007  x6=0x00000008
      683209000	     34058	80003118	809a	c.mv	x1,x6	  x0:0x00000000  x6:0x00000008  x1=0x00000008
      683229000	     34059	8000311a	4a41	c.li	x20,16	 x20=0x00000010
      683249000	     34060	8000311c	01435363	bge	x6,x20,80003122	  x6:0x00000008 x20:0x00000010
      683269000	     34061	80003120	b55d	c.j	80002fc6	
      683309000	     34063	80002fc6	8306	c.mv	x6,x1	  x0:0x00000000  x1:0x00000008  x6=0x00000008
      683329000	     34064	80002fc8	811a	c.mv	x2,x6	  x0:0x00000000  x6:0x00000008  x2=0x00000008
      683349000	     34065	80002fca	4101	c.li	x2,0	  x2=0x00000000
      683369000	     34066	80002fcc	04230f63	beq	x6,x2,8000302a	  x6:0x00000008  x2:0x00000000
      683389000	     34067	80002fd0	4105	c.li	x2,1	  x2=0x00000001
      683409000	     34068	80002fd2	06230163	beq	x6,x2,80003034	  x6:0x00000008  x2:0x00000001
      683429000	     34069	80002fd6	4109	c.li	x2,2	  x2=0x00000002
      683449000	     34070	80002fd8	06230363	beq	x6,x2,8000303e	  x6:0x00000008  x2:0x00000002
      683469000	     34071	80002fdc	410d	c.li	x2,3	  x2=0x00000003
      683489000	     34072	80002fde	06230563	beq	x6,x2,80003048	  x6:0x00000008  x2:0x00000003
      683509000	     34073	80002fe2	4111	c.li	x2,4	  x2=0x00000004
      683529000	     34074	80002fe4	06230763	beq	x6,x2,80003052	  x6:0x00000008  x2:0x00000004
      683549000	     34075	80002fe8	4115	c.li	x2,5	  x2=0x00000005
      683569000	     34076	80002fea	06230963	beq	x6,x2,8000305c	  x6:0x00000008  x2:0x00000005
      683589000	     34077	80002fee	4119	c.li	x2,6	  x2=0x00000006
      683609000	     34078	80002ff0	06230b63	beq	x6,x2,80003066	  x6:0x00000008  x2:0x00000006
      683629000	     34079	80002ff4	411d	c.li	x2,7	  x2=0x00000007
      683649000	     34080	80002ff6	06230d63	beq	x6,x2,80003070	  x6:0x00000008  x2:0x00000007
      683669000	     34081	80002ffa	4121	c.li	x2,8	  x2=0x00000008
      683689000	     34082	80002ffc	06230f63	beq	x6,x2,8000307a	  x6:0x00000008  x2:0x00000008
      683749000	     34085	8000307a	3b802a73	csrrs	x20,pmpaddr8,x0	  x0:0x00000000 x20=0x02222ecb
      683769000	     34086	8000307e	3a2023f3	csrrs	x7,pmpcfg2,x0	  x0:0x00000000  x7=0x0f0f0f0f
      683789000	     34087	80003082	a0a1	c.j	800030ca	
      683849000	     34090	800030ca	4991	c.li	x19,4	 x19=0x00000004
      683869000	     34091	800030cc	01e09313	slli	x6,x1,0x1e	  x1:0x00000008  x6=0x00000000
      683889000	     34092	800030d0	01e35313	srli	x6,x6,0x1e	  x6:0x00000000  x6=0x00000000
      683909000	     34093	800030d4	40698133	sub	x2,x19,x6	 x19:0x00000004  x6:0x00000000  x2=0x00000004
      683929000	     34094	800030d8	117d	c.addi	x2,-1	  x2:0x00000004  x2=0x00000003
      683949000	     34095	800030da	010e	c.slli	x2,0x3	  x2:0x00000003  x2=0x00000018
      683969000	     34096	800030dc	002399b3	sll	x19,x7,x2	  x7:0x0f0f0f0f  x2:0x00000018 x19=0x0f000000
      683989000	     34097	800030e0	030e	c.slli	x6,0x3	  x6:0x00000000  x6=0x00000000
      684009000	     34098	800030e2	911a	c.add	x2,x6	  x2:0x00000018  x6:0x00000000  x2=0x00000018
      684029000	     34099	800030e4	0029d9b3	srl	x19,x19,x2	 x19:0x0f000000  x2:0x00000018 x19=0x0000000f
      684049000	     34100	800030e8	01b99113	slli	x2,x19,0x1b	 x19:0x0000000f  x2=0x78000000
      684069000	     34101	800030ec	01e15113	srli	x2,x2,0x1e	  x2:0x78000000  x2=0x00000001
      684089000	     34102	800030f0	04010563	beq	x2,x0,8000313a	  x2:0x00000001  x0:0x00000000
      684109000	     34103	800030f4	4305	c.li	x6,1	  x6=0x00000001
      684129000	     34104	800030f6	04610363	beq	x2,x6,8000313c	  x2:0x00000001  x6:0x00000001
      684169000	     34106	8000313c	8306	c.mv	x6,x1	  x0:0x00000000  x1:0x00000008  x6=0x00000008
      684189000	     34107	8000313e	34302173	csrrs	x2,mtval,x0	  x0:0x00000000  x2=0xfab0d26a
      684209000	     34108	80003142	00215113	srli	x2,x2,0x2	  x2:0xfab0d26a  x2=0x3eac349a
      684229000	     34109	80003146	00031563	bne	x6,x0,80003150	  x6:0x00000008  x0:0x00000000
      684269000	     34111	80003150	fd1161e3	bltu	x2,x17,80003112	  x2:0x3eac349a x17:0x3dddea86
      684289000	     34112	80003154	fb417fe3	bgeu	x2,x20,80003112	  x2:0x3eac349a x20:0x02222ecb
      684329000	     34114	80003112	8306	c.mv	x6,x1	  x0:0x00000000  x1:0x00000008  x6=0x00000008
      684349000	     34115	80003114	88d2	c.mv	x17,x20	  x0:0x00000000 x20:0x02222ecb x17=0x02222ecb
      684369000	     34116	80003116	0305	c.addi	x6,1	  x6:0x00000008  x6=0x00000009
      684389000	     34117	80003118	809a	c.mv	x1,x6	  x0:0x00000000  x6:0x00000009  x1=0x00000009
      684409000	     34118	8000311a	4a41	c.li	x20,16	 x20=0x00000010
      684429000	     34119	8000311c	01435363	bge	x6,x20,80003122	  x6:0x00000009 x20:0x00000010
      684449000	     34120	80003120	b55d	c.j	80002fc6	
      684489000	     34122	80002fc6	8306	c.mv	x6,x1	  x0:0x00000000  x1:0x00000009  x6=0x00000009
      684509000	     34123	80002fc8	811a	c.mv	x2,x6	  x0:0x00000000  x6:0x00000009  x2=0x00000009
      684529000	     34124	80002fca	4101	c.li	x2,0	  x2=0x00000000
      684549000	     34125	80002fcc	04230f63	beq	x6,x2,8000302a	  x6:0x00000009  x2:0x00000000
      684569000	     34126	80002fd0	4105	c.li	x2,1	  x2=0x00000001
      684589000	     34127	80002fd2	06230163	beq	x6,x2,80003034	  x6:0x00000009  x2:0x00000001
      684609000	     34128	80002fd6	4109	c.li	x2,2	  x2=0x00000002
      684629000	     34129	80002fd8	06230363	beq	x6,x2,8000303e	  x6:0x00000009  x2:0x00000002
      684649000	     34130	80002fdc	410d	c.li	x2,3	  x2=0x00000003
      684669000	     34131	80002fde	06230563	beq	x6,x2,80003048	  x6:0x00000009  x2:0x00000003
      684689000	     34132	80002fe2	4111	c.li	x2,4	  x2=0x00000004
      684709000	     34133	80002fe4	06230763	beq	x6,x2,80003052	  x6:0x00000009  x2:0x00000004
      684729000	     34134	80002fe8	4115	c.li	x2,5	  x2=0x00000005
      684749000	     34135	80002fea	06230963	beq	x6,x2,8000305c	  x6:0x00000009  x2:0x00000005
      684769000	     34136	80002fee	4119	c.li	x2,6	  x2=0x00000006
      684789000	     34137	80002ff0	06230b63	beq	x6,x2,80003066	  x6:0x00000009  x2:0x00000006
      684809000	     34138	80002ff4	411d	c.li	x2,7	  x2=0x00000007
      684829000	     34139	80002ff6	06230d63	beq	x6,x2,80003070	  x6:0x00000009  x2:0x00000007
      684849000	     34140	80002ffa	4121	c.li	x2,8	  x2=0x00000008
      684869000	     34141	80002ffc	06230f63	beq	x6,x2,8000307a	  x6:0x00000009  x2:0x00000008
      684889000	     34142	80003000	4125	c.li	x2,9	  x2=0x00000009
      684909000	     34143	80003002	08230163	beq	x6,x2,80003084	  x6:0x00000009  x2:0x00000009
      684969000	     34146	80003084	3b902a73	csrrs	x20,pmpaddr9,x0	  x0:0x00000000 x20=0x0666730f
      684989000	     34147	80003088	3a2023f3	csrrs	x7,pmpcfg2,x0	  x0:0x00000000  x7=0x0f0f0f0f
      685009000	     34148	8000308c	a83d	c.j	800030ca	
      685069000	     34151	800030ca	4991	c.li	x19,4	 x19=0x00000004
      685089000	     34152	800030cc	01e09313	slli	x6,x1,0x1e	  x1:0x00000009  x6=0x40000000
      685109000	     34153	800030d0	01e35313	srli	x6,x6,0x1e	  x6:0x40000000  x6=0x00000001
      685129000	     34154	800030d4	40698133	sub	x2,x19,x6	 x19:0x00000004  x6:0x00000001  x2=0x00000003
      685149000	     34155	800030d8	117d	c.addi	x2,-1	  x2:0x00000003  x2=0x00000002
      685169000	     34156	800030da	010e	c.slli	x2,0x3	  x2:0x00000002  x2=0x00000010
      685189000	     34157	800030dc	002399b3	sll	x19,x7,x2	  x7:0x0f0f0f0f  x2:0x00000010 x19=0x0f0f0000
      685209000	     34158	800030e0	030e	c.slli	x6,0x3	  x6:0x00000001  x6=0x00000008
      685229000	     34159	800030e2	911a	c.add	x2,x6	  x2:0x00000010  x6:0x00000008  x2=0x00000018
      685249000	     34160	800030e4	0029d9b3	srl	x19,x19,x2	 x19:0x0f0f0000  x2:0x00000018 x19=0x0000000f
      685269000	     34161	800030e8	01b99113	slli	x2,x19,0x1b	 x19:0x0000000f  x2=0x78000000
      685289000	     34162	800030ec	01e15113	srli	x2,x2,0x1e	  x2:0x78000000  x2=0x00000001
      685309000	     34163	800030f0	04010563	beq	x2,x0,8000313a	  x2:0x00000001  x0:0x00000000
      685329000	     34164	800030f4	4305	c.li	x6,1	  x6=0x00000001
      685349000	     34165	800030f6	04610363	beq	x2,x6,8000313c	  x2:0x00000001  x6:0x00000001
      685389000	     34167	8000313c	8306	c.mv	x6,x1	  x0:0x00000000  x1:0x00000009  x6=0x00000009
      685409000	     34168	8000313e	34302173	csrrs	x2,mtval,x0	  x0:0x00000000  x2=0xfab0d26a
      685429000	     34169	80003142	00215113	srli	x2,x2,0x2	  x2:0xfab0d26a  x2=0x3eac349a
      685489000	     34172	80003146	00031563	bne	x6,x0,80003150	  x6:0x00000009  x0:0x00000000
      685549000	     34175	80003150	fd1161e3	bltu	x2,x17,80003112	  x2:0x3eac349a x17:0x02222ecb
      685569000	     34176	80003154	fb417fe3	bgeu	x2,x20,80003112	  x2:0x3eac349a x20:0x0666730f
      685629000	     34179	80003112	8306	c.mv	x6,x1	  x0:0x00000000  x1:0x00000009  x6=0x00000009
      685649000	     34180	80003114	88d2	c.mv	x17,x20	  x0:0x00000000 x20:0x0666730f x17=0x0666730f
      685669000	     34181	80003116	0305	c.addi	x6,1	  x6:0x00000009  x6=0x0000000a
      685709000	     34183	80003118	809a	c.mv	x1,x6	  x0:0x00000000  x6:0x0000000a  x1=0x0000000a
      685729000	     34184	8000311a	4a41	c.li	x20,16	 x20=0x00000010
      685749000	     34185	8000311c	01435363	bge	x6,x20,80003122	  x6:0x0000000a x20:0x00000010
      685769000	     34186	80003120	b55d	c.j	80002fc6	
      685809000	     34188	80002fc6	8306	c.mv	x6,x1	  x0:0x00000000  x1:0x0000000a  x6=0x0000000a
      685829000	     34189	80002fc8	811a	c.mv	x2,x6	  x0:0x00000000  x6:0x0000000a  x2=0x0000000a
      685849000	     34190	80002fca	4101	c.li	x2,0	  x2=0x00000000
      685869000	     34191	80002fcc	04230f63	beq	x6,x2,8000302a	  x6:0x0000000a  x2:0x00000000
      685929000	     34194	80002fd0	4105	c.li	x2,1	  x2=0x00000001
      685949000	     34195	80002fd2	06230163	beq	x6,x2,80003034	  x6:0x0000000a  x2:0x00000001
      685969000	     34196	80002fd6	4109	c.li	x2,2	  x2=0x00000002
      686009000	     34198	80002fd8	06230363	beq	x6,x2,8000303e	  x6:0x0000000a  x2:0x00000002
      686029000	     34199	80002fdc	410d	c.li	x2,3	  x2=0x00000003
      686089000	     34202	80002fde	06230563	beq	x6,x2,80003048	  x6:0x0000000a  x2:0x00000003
      686109000	     34203	80002fe2	4111	c.li	x2,4	  x2=0x00000004
      686129000	     34204	80002fe4	06230763	beq	x6,x2,80003052	  x6:0x0000000a  x2:0x00000004
      686189000	     34207	80002fe8	4115	c.li	x2,5	  x2=0x00000005
      686209000	     34208	80002fea	06230963	beq	x6,x2,8000305c	  x6:0x0000000a  x2:0x00000005
      686229000	     34209	80002fee	4119	c.li	x2,6	  x2=0x00000006
      686249000	     34210	80002ff0	06230b63	beq	x6,x2,80003066	  x6:0x0000000a  x2:0x00000006
      686269000	     34211	80002ff4	411d	c.li	x2,7	  x2=0x00000007
      686289000	     34212	80002ff6	06230d63	beq	x6,x2,80003070	  x6:0x0000000a  x2:0x00000007
      686309000	     34213	80002ffa	4121	c.li	x2,8	  x2=0x00000008
      686329000	     34214	80002ffc	06230f63	beq	x6,x2,8000307a	  x6:0x0000000a  x2:0x00000008
      686349000	     34215	80003000	4125	c.li	x2,9	  x2=0x00000009
      686369000	     34216	80003002	08230163	beq	x6,x2,80003084	  x6:0x0000000a  x2:0x00000009
      686389000	     34217	80003006	4129	c.li	x2,10	  x2=0x0000000a
      686409000	     34218	80003008	08230363	beq	x6,x2,8000308e	  x6:0x0000000a  x2:0x0000000a
      686469000	     34221	8000308e	3ba02a73	csrrs	x20,pmpaddr10,x0	  x0:0x00000000 x20=0x0aaab753
      686489000	     34222	80003092	3a2023f3	csrrs	x7,pmpcfg2,x0	  x0:0x00000000  x7=0x0f0f0f0f
      686509000	     34223	80003096	a815	c.j	800030ca	
      686549000	     34225	800030ca	4991	c.li	x19,4	 x19=0x00000004
      686569000	     34226	800030cc	01e09313	slli	x6,x1,0x1e	  x1:0x0000000a  x6=0x80000000
      686589000	     34227	800030d0	01e35313	srli	x6,x6,0x1e	  x6:0x80000000  x6=0x00000002
      686609000	     34228	800030d4	40698133	sub	x2,x19,x6	 x19:0x00000004  x6:0x00000002  x2=0x00000002
      686629000	     34229	800030d8	117d	c.addi	x2,-1	  x2:0x00000002  x2=0x00000001
      686649000	     34230	800030da	010e	c.slli	x2,0x3	  x2:0x00000001  x2=0x00000008
      686669000	     34231	800030dc	002399b3	sll	x19,x7,x2	  x7:0x0f0f0f0f  x2:0x00000008 x19=0x0f0f0f00
      686689000	     34232	800030e0	030e	c.slli	x6,0x3	  x6:0x00000002  x6=0x00000010
      686709000	     34233	800030e2	911a	c.add	x2,x6	  x2:0x00000008  x6:0x00000010  x2=0x00000018
      686729000	     34234	800030e4	0029d9b3	srl	x19,x19,x2	 x19:0x0f0f0f00  x2:0x00000018 x19=0x0000000f
      686749000	     34235	800030e8	01b99113	slli	x2,x19,0x1b	 x19:0x0000000f  x2=0x78000000
      686769000	     34236	800030ec	01e15113	srli	x2,x2,0x1e	  x2:0x78000000  x2=0x00000001
      686789000	     34237	800030f0	04010563	beq	x2,x0,8000313a	  x2:0x00000001  x0:0x00000000
      686809000	     34238	800030f4	4305	c.li	x6,1	  x6=0x00000001
      686829000	     34239	800030f6	04610363	beq	x2,x6,8000313c	  x2:0x00000001  x6:0x00000001
      686869000	     34241	8000313c	8306	c.mv	x6,x1	  x0:0x00000000  x1:0x0000000a  x6=0x0000000a
      686889000	     34242	8000313e	34302173	csrrs	x2,mtval,x0	  x0:0x00000000  x2=0xfab0d26a
      686909000	     34243	80003142	00215113	srli	x2,x2,0x2	  x2:0xfab0d26a  x2=0x3eac349a
      686929000	     34244	80003146	00031563	bne	x6,x0,80003150	  x6:0x0000000a  x0:0x00000000
      686969000	     34246	80003150	fd1161e3	bltu	x2,x17,80003112	  x2:0x3eac349a x17:0x0666730f
      686989000	     34247	80003154	fb417fe3	bgeu	x2,x20,80003112	  x2:0x3eac349a x20:0x0aaab753
      687049000	     34250	80003112	8306	c.mv	x6,x1	  x0:0x00000000  x1:0x0000000a  x6=0x0000000a
      687069000	     34251	80003114	88d2	c.mv	x17,x20	  x0:0x00000000 x20:0x0aaab753 x17=0x0aaab753
      687089000	     34252	80003116	0305	c.addi	x6,1	  x6:0x0000000a  x6=0x0000000b
      687109000	     34253	80003118	809a	c.mv	x1,x6	  x0:0x00000000  x6:0x0000000b  x1=0x0000000b
      687129000	     34254	8000311a	4a41	c.li	x20,16	 x20=0x00000010
      687149000	     34255	8000311c	01435363	bge	x6,x20,80003122	  x6:0x0000000b x20:0x00000010
      687169000	     34256	80003120	b55d	c.j	80002fc6	
      687209000	     34258	80002fc6	8306	c.mv	x6,x1	  x0:0x00000000  x1:0x0000000b  x6=0x0000000b
      687229000	     34259	80002fc8	811a	c.mv	x2,x6	  x0:0x00000000  x6:0x0000000b  x2=0x0000000b
      687249000	     34260	80002fca	4101	c.li	x2,0	  x2=0x00000000
      687269000	     34261	80002fcc	04230f63	beq	x6,x2,8000302a	  x6:0x0000000b  x2:0x00000000
      687289000	     34262	80002fd0	4105	c.li	x2,1	  x2=0x00000001
      687309000	     34263	80002fd2	06230163	beq	x6,x2,80003034	  x6:0x0000000b  x2:0x00000001
      687329000	     34264	80002fd6	4109	c.li	x2,2	  x2=0x00000002
      687349000	     34265	80002fd8	06230363	beq	x6,x2,8000303e	  x6:0x0000000b  x2:0x00000002
      687369000	     34266	80002fdc	410d	c.li	x2,3	  x2=0x00000003
      687389000	     34267	80002fde	06230563	beq	x6,x2,80003048	  x6:0x0000000b  x2:0x00000003
      687409000	     34268	80002fe2	4111	c.li	x2,4	  x2=0x00000004
      687429000	     34269	80002fe4	06230763	beq	x6,x2,80003052	  x6:0x0000000b  x2:0x00000004
      687449000	     34270	80002fe8	4115	c.li	x2,5	  x2=0x00000005
      687469000	     34271	80002fea	06230963	beq	x6,x2,8000305c	  x6:0x0000000b  x2:0x00000005
      687489000	     34272	80002fee	4119	c.li	x2,6	  x2=0x00000006
      687509000	     34273	80002ff0	06230b63	beq	x6,x2,80003066	  x6:0x0000000b  x2:0x00000006
      687529000	     34274	80002ff4	411d	c.li	x2,7	  x2=0x00000007
      687549000	     34275	80002ff6	06230d63	beq	x6,x2,80003070	  x6:0x0000000b  x2:0x00000007
      687569000	     34276	80002ffa	4121	c.li	x2,8	  x2=0x00000008
      687589000	     34277	80002ffc	06230f63	beq	x6,x2,8000307a	  x6:0x0000000b  x2:0x00000008
      687609000	     34278	80003000	4125	c.li	x2,9	  x2=0x00000009
      687629000	     34279	80003002	08230163	beq	x6,x2,80003084	  x6:0x0000000b  x2:0x00000009
      687649000	     34280	80003006	4129	c.li	x2,10	  x2=0x0000000a
      687669000	     34281	80003008	08230363	beq	x6,x2,8000308e	  x6:0x0000000b  x2:0x0000000a
      687689000	     34282	8000300c	412d	c.li	x2,11	  x2=0x0000000b
      687709000	     34283	8000300e	08230563	beq	x6,x2,80003098	  x6:0x0000000b  x2:0x0000000b
      687749000	     34285	80003098	3bb02a73	csrrs	x20,pmpaddr11,x0	  x0:0x00000000 x20=0x0eeefb97
      687769000	     34286	8000309c	3a2023f3	csrrs	x7,pmpcfg2,x0	  x0:0x00000000  x7=0x0f0f0f0f
      687789000	     34287	800030a0	a02d	c.j	800030ca	
      687829000	     34289	800030ca	4991	c.li	x19,4	 x19=0x00000004
      687849000	     34290	800030cc	01e09313	slli	x6,x1,0x1e	  x1:0x0000000b  x6=0xc0000000
      687869000	     34291	800030d0	01e35313	srli	x6,x6,0x1e	  x6:0xc0000000  x6=0x00000003
      687889000	     34292	800030d4	40698133	sub	x2,x19,x6	 x19:0x00000004  x6:0x00000003  x2=0x00000001
      687909000	     34293	800030d8	117d	c.addi	x2,-1	  x2:0x00000001  x2=0x00000000
      687929000	     34294	800030da	010e	c.slli	x2,0x3	  x2:0x00000000  x2=0x00000000
      687949000	     34295	800030dc	002399b3	sll	x19,x7,x2	  x7:0x0f0f0f0f  x2:0x00000000 x19=0x0f0f0f0f
      687969000	     34296	800030e0	030e	c.slli	x6,0x3	  x6:0x00000003  x6=0x00000018
      687989000	     34297	800030e2	911a	c.add	x2,x6	  x2:0x00000000  x6:0x00000018  x2=0x00000018
      688009000	     34298	800030e4	0029d9b3	srl	x19,x19,x2	 x19:0x0f0f0f0f  x2:0x00000018 x19=0x0000000f
      688029000	     34299	800030e8	01b99113	slli	x2,x19,0x1b	 x19:0x0000000f  x2=0x78000000
      688049000	     34300	800030ec	01e15113	srli	x2,x2,0x1e	  x2:0x78000000  x2=0x00000001
      688069000	     34301	800030f0	04010563	beq	x2,x0,8000313a	  x2:0x00000001  x0:0x00000000
      688089000	     34302	800030f4	4305	c.li	x6,1	  x6=0x00000001
      688109000	     34303	800030f6	04610363	beq	x2,x6,8000313c	  x2:0x00000001  x6:0x00000001
      688149000	     34305	8000313c	8306	c.mv	x6,x1	  x0:0x00000000  x1:0x0000000b  x6=0x0000000b
      688169000	     34306	8000313e	34302173	csrrs	x2,mtval,x0	  x0:0x00000000  x2=0xfab0d26a
      688189000	     34307	80003142	00215113	srli	x2,x2,0x2	  x2:0xfab0d26a  x2=0x3eac349a
      688209000	     34308	80003146	00031563	bne	x6,x0,80003150	  x6:0x0000000b  x0:0x00000000
      688249000	     34310	80003150	fd1161e3	bltu	x2,x17,80003112	  x2:0x3eac349a x17:0x0aaab753
      688269000	     34311	80003154	fb417fe3	bgeu	x2,x20,80003112	  x2:0x3eac349a x20:0x0eeefb97
      688329000	     34314	80003112	8306	c.mv	x6,x1	  x0:0x00000000  x1:0x0000000b  x6=0x0000000b
      688349000	     34315	80003114	88d2	c.mv	x17,x20	  x0:0x00000000 x20:0x0eeefb97 x17=0x0eeefb97
      688369000	     34316	80003116	0305	c.addi	x6,1	  x6:0x0000000b  x6=0x0000000c
      688389000	     34317	80003118	809a	c.mv	x1,x6	  x0:0x00000000  x6:0x0000000c  x1=0x0000000c
      688409000	     34318	8000311a	4a41	c.li	x20,16	 x20=0x00000010
      688429000	     34319	8000311c	01435363	bge	x6,x20,80003122	  x6:0x0000000c x20:0x00000010
      688449000	     34320	80003120	b55d	c.j	80002fc6	
      688489000	     34322	80002fc6	8306	c.mv	x6,x1	  x0:0x00000000  x1:0x0000000c  x6=0x0000000c
      688509000	     34323	80002fc8	811a	c.mv	x2,x6	  x0:0x00000000  x6:0x0000000c  x2=0x0000000c
      688529000	     34324	80002fca	4101	c.li	x2,0	  x2=0x00000000
      688549000	     34325	80002fcc	04230f63	beq	x6,x2,8000302a	  x6:0x0000000c  x2:0x00000000
      688569000	     34326	80002fd0	4105	c.li	x2,1	  x2=0x00000001
      688589000	     34327	80002fd2	06230163	beq	x6,x2,80003034	  x6:0x0000000c  x2:0x00000001
      688609000	     34328	80002fd6	4109	c.li	x2,2	  x2=0x00000002
      688629000	     34329	80002fd8	06230363	beq	x6,x2,8000303e	  x6:0x0000000c  x2:0x00000002
      688649000	     34330	80002fdc	410d	c.li	x2,3	  x2=0x00000003
      688669000	     34331	80002fde	06230563	beq	x6,x2,80003048	  x6:0x0000000c  x2:0x00000003
      688689000	     34332	80002fe2	4111	c.li	x2,4	  x2=0x00000004
      688709000	     34333	80002fe4	06230763	beq	x6,x2,80003052	  x6:0x0000000c  x2:0x00000004
      688729000	     34334	80002fe8	4115	c.li	x2,5	  x2=0x00000005
      688749000	     34335	80002fea	06230963	beq	x6,x2,8000305c	  x6:0x0000000c  x2:0x00000005
      688769000	     34336	80002fee	4119	c.li	x2,6	  x2=0x00000006
      688789000	     34337	80002ff0	06230b63	beq	x6,x2,80003066	  x6:0x0000000c  x2:0x00000006
      688809000	     34338	80002ff4	411d	c.li	x2,7	  x2=0x00000007
      688829000	     34339	80002ff6	06230d63	beq	x6,x2,80003070	  x6:0x0000000c  x2:0x00000007
      688849000	     34340	80002ffa	4121	c.li	x2,8	  x2=0x00000008
      688869000	     34341	80002ffc	06230f63	beq	x6,x2,8000307a	  x6:0x0000000c  x2:0x00000008
      688889000	     34342	80003000	4125	c.li	x2,9	  x2=0x00000009
      688909000	     34343	80003002	08230163	beq	x6,x2,80003084	  x6:0x0000000c  x2:0x00000009
      688929000	     34344	80003006	4129	c.li	x2,10	  x2=0x0000000a
      688949000	     34345	80003008	08230363	beq	x6,x2,8000308e	  x6:0x0000000c  x2:0x0000000a
      688969000	     34346	8000300c	412d	c.li	x2,11	  x2=0x0000000b
      688989000	     34347	8000300e	08230563	beq	x6,x2,80003098	  x6:0x0000000c  x2:0x0000000b
      689009000	     34348	80003012	4131	c.li	x2,12	  x2=0x0000000c
      689029000	     34349	80003014	08230763	beq	x6,x2,800030a2	  x6:0x0000000c  x2:0x0000000c
      689089000	     34352	800030a2	3bc02a73	csrrs	x20,pmpaddr12,x0	  x0:0x00000000 x20=0x13333fdc
      689109000	     34353	800030a6	3a3023f3	csrrs	x7,pmpcfg3,x0	  x0:0x00000000  x7=0x0f0f0f0f
      689129000	     34354	800030aa	a005	c.j	800030ca	
      689189000	     34357	800030ca	4991	c.li	x19,4	 x19=0x00000004
      689209000	     34358	800030cc	01e09313	slli	x6,x1,0x1e	  x1:0x0000000c  x6=0x00000000
      689269000	     34361	800030d0	01e35313	srli	x6,x6,0x1e	  x6:0x00000000  x6=0x00000000
      689289000	     34362	800030d4	40698133	sub	x2,x19,x6	 x19:0x00000004  x6:0x00000000  x2=0x00000004
      689309000	     34363	800030d8	117d	c.addi	x2,-1	  x2:0x00000004  x2=0x00000003
      689329000	     34364	800030da	010e	c.slli	x2,0x3	  x2:0x00000003  x2=0x00000018
      689349000	     34365	800030dc	002399b3	sll	x19,x7,x2	  x7:0x0f0f0f0f  x2:0x00000018 x19=0x0f000000
      689369000	     34366	800030e0	030e	c.slli	x6,0x3	  x6:0x00000000  x6=0x00000000
      689389000	     34367	800030e2	911a	c.add	x2,x6	  x2:0x00000018  x6:0x00000000  x2=0x00000018
      689409000	     34368	800030e4	0029d9b3	srl	x19,x19,x2	 x19:0x0f000000  x2:0x00000018 x19=0x0000000f
      689429000	     34369	800030e8	01b99113	slli	x2,x19,0x1b	 x19:0x0000000f  x2=0x78000000
      689449000	     34370	800030ec	01e15113	srli	x2,x2,0x1e	  x2:0x78000000  x2=0x00000001
      689469000	     34371	800030f0	04010563	beq	x2,x0,8000313a	  x2:0x00000001  x0:0x00000000
      689489000	     34372	800030f4	4305	c.li	x6,1	  x6=0x00000001
      689509000	     34373	800030f6	04610363	beq	x2,x6,8000313c	  x2:0x00000001  x6:0x00000001
      689549000	     34375	8000313c	8306	c.mv	x6,x1	  x0:0x00000000  x1:0x0000000c  x6=0x0000000c
      689569000	     34376	8000313e	34302173	csrrs	x2,mtval,x0	  x0:0x00000000  x2=0xfab0d26a
      689589000	     34377	80003142	00215113	srli	x2,x2,0x2	  x2:0xfab0d26a  x2=0x3eac349a
      689649000	     34380	80003146	00031563	bne	x6,x0,80003150	  x6:0x0000000c  x0:0x00000000
      689709000	     34383	80003150	fd1161e3	bltu	x2,x17,80003112	  x2:0x3eac349a x17:0x0eeefb97
      689729000	     34384	80003154	fb417fe3	bgeu	x2,x20,80003112	  x2:0x3eac349a x20:0x13333fdc
      689789000	     34387	80003112	8306	c.mv	x6,x1	  x0:0x00000000  x1:0x0000000c  x6=0x0000000c
      689809000	     34388	80003114	88d2	c.mv	x17,x20	  x0:0x00000000 x20:0x13333fdc x17=0x13333fdc
      689829000	     34389	80003116	0305	c.addi	x6,1	  x6:0x0000000c  x6=0x0000000d
      689849000	     34390	80003118	809a	c.mv	x1,x6	  x0:0x00000000  x6:0x0000000d  x1=0x0000000d
      689869000	     34391	8000311a	4a41	c.li	x20,16	 x20=0x00000010
      689889000	     34392	8000311c	01435363	bge	x6,x20,80003122	  x6:0x0000000d x20:0x00000010
      689909000	     34393	80003120	b55d	c.j	80002fc6	
      689949000	     34395	80002fc6	8306	c.mv	x6,x1	  x0:0x00000000  x1:0x0000000d  x6=0x0000000d
      689969000	     34396	80002fc8	811a	c.mv	x2,x6	  x0:0x00000000  x6:0x0000000d  x2=0x0000000d
      689989000	     34397	80002fca	4101	c.li	x2,0	  x2=0x00000000
      690009000	     34398	80002fcc	04230f63	beq	x6,x2,8000302a	  x6:0x0000000d  x2:0x00000000
      690029000	     34399	80002fd0	4105	c.li	x2,1	  x2=0x00000001
      690049000	     34400	80002fd2	06230163	beq	x6,x2,80003034	  x6:0x0000000d  x2:0x00000001
      690069000	     34401	80002fd6	4109	c.li	x2,2	  x2=0x00000002
      690089000	     34402	80002fd8	06230363	beq	x6,x2,8000303e	  x6:0x0000000d  x2:0x00000002
      690109000	     34403	80002fdc	410d	c.li	x2,3	  x2=0x00000003
      690129000	     34404	80002fde	06230563	beq	x6,x2,80003048	  x6:0x0000000d  x2:0x00000003
      690149000	     34405	80002fe2	4111	c.li	x2,4	  x2=0x00000004
      690169000	     34406	80002fe4	06230763	beq	x6,x2,80003052	  x6:0x0000000d  x2:0x00000004
      690189000	     34407	80002fe8	4115	c.li	x2,5	  x2=0x00000005
      690209000	     34408	80002fea	06230963	beq	x6,x2,8000305c	  x6:0x0000000d  x2:0x00000005
      690229000	     34409	80002fee	4119	c.li	x2,6	  x2=0x00000006
      690249000	     34410	80002ff0	06230b63	beq	x6,x2,80003066	  x6:0x0000000d  x2:0x00000006
      690269000	     34411	80002ff4	411d	c.li	x2,7	  x2=0x00000007
      690289000	     34412	80002ff6	06230d63	beq	x6,x2,80003070	  x6:0x0000000d  x2:0x00000007
      690309000	     34413	80002ffa	4121	c.li	x2,8	  x2=0x00000008
      690329000	     34414	80002ffc	06230f63	beq	x6,x2,8000307a	  x6:0x0000000d  x2:0x00000008
      690349000	     34415	80003000	4125	c.li	x2,9	  x2=0x00000009
      690369000	     34416	80003002	08230163	beq	x6,x2,80003084	  x6:0x0000000d  x2:0x00000009
      690389000	     34417	80003006	4129	c.li	x2,10	  x2=0x0000000a
      690409000	     34418	80003008	08230363	beq	x6,x2,8000308e	  x6:0x0000000d  x2:0x0000000a
      690429000	     34419	8000300c	412d	c.li	x2,11	  x2=0x0000000b
      690449000	     34420	8000300e	08230563	beq	x6,x2,80003098	  x6:0x0000000d  x2:0x0000000b
      690469000	     34421	80003012	4131	c.li	x2,12	  x2=0x0000000c
      690489000	     34422	80003014	08230763	beq	x6,x2,800030a2	  x6:0x0000000d  x2:0x0000000c
      690509000	     34423	80003018	4135	c.li	x2,13	  x2=0x0000000d
      690529000	     34424	8000301a	08230963	beq	x6,x2,800030ac	  x6:0x0000000d  x2:0x0000000d
      690569000	     34426	800030ac	3bd02a73	csrrs	x20,pmpaddr13,x0	  x0:0x00000000 x20=0x17778420
      690589000	     34427	800030b0	3a3023f3	csrrs	x7,pmpcfg3,x0	  x0:0x00000000  x7=0x0f0f0f0f
      690609000	     34428	800030b4	a819	c.j	800030ca	
      690649000	     34430	800030ca	4991	c.li	x19,4	 x19=0x00000004
      690669000	     34431	800030cc	01e09313	slli	x6,x1,0x1e	  x1:0x0000000d  x6=0x40000000
      690689000	     34432	800030d0	01e35313	srli	x6,x6,0x1e	  x6:0x40000000  x6=0x00000001
      690709000	     34433	800030d4	40698133	sub	x2,x19,x6	 x19:0x00000004  x6:0x00000001  x2=0x00000003
      690729000	     34434	800030d8	117d	c.addi	x2,-1	  x2:0x00000003  x2=0x00000002
      690749000	     34435	800030da	010e	c.slli	x2,0x3	  x2:0x00000002  x2=0x00000010
      690769000	     34436	800030dc	002399b3	sll	x19,x7,x2	  x7:0x0f0f0f0f  x2:0x00000010 x19=0x0f0f0000
      690789000	     34437	800030e0	030e	c.slli	x6,0x3	  x6:0x00000001  x6=0x00000008
      690809000	     34438	800030e2	911a	c.add	x2,x6	  x2:0x00000010  x6:0x00000008  x2=0x00000018
      690829000	     34439	800030e4	0029d9b3	srl	x19,x19,x2	 x19:0x0f0f0000  x2:0x00000018 x19=0x0000000f
      690849000	     34440	800030e8	01b99113	slli	x2,x19,0x1b	 x19:0x0000000f  x2=0x78000000
      690869000	     34441	800030ec	01e15113	srli	x2,x2,0x1e	  x2:0x78000000  x2=0x00000001
      690889000	     34442	800030f0	04010563	beq	x2,x0,8000313a	  x2:0x00000001  x0:0x00000000
      690909000	     34443	800030f4	4305	c.li	x6,1	  x6=0x00000001
      690929000	     34444	800030f6	04610363	beq	x2,x6,8000313c	  x2:0x00000001  x6:0x00000001
      690969000	     34446	8000313c	8306	c.mv	x6,x1	  x0:0x00000000  x1:0x0000000d  x6=0x0000000d
      690989000	     34447	8000313e	34302173	csrrs	x2,mtval,x0	  x0:0x00000000  x2=0xfab0d26a
      691009000	     34448	80003142	00215113	srli	x2,x2,0x2	  x2:0xfab0d26a  x2=0x3eac349a
      691029000	     34449	80003146	00031563	bne	x6,x0,80003150	  x6:0x0000000d  x0:0x00000000
      691069000	     34451	80003150	fd1161e3	bltu	x2,x17,80003112	  x2:0x3eac349a x17:0x13333fdc
      691089000	     34452	80003154	fb417fe3	bgeu	x2,x20,80003112	  x2:0x3eac349a x20:0x17778420
      691149000	     34455	80003112	8306	c.mv	x6,x1	  x0:0x00000000  x1:0x0000000d  x6=0x0000000d
      691169000	     34456	80003114	88d2	c.mv	x17,x20	  x0:0x00000000 x20:0x17778420 x17=0x17778420
      691189000	     34457	80003116	0305	c.addi	x6,1	  x6:0x0000000d  x6=0x0000000e
      691209000	     34458	80003118	809a	c.mv	x1,x6	  x0:0x00000000  x6:0x0000000e  x1=0x0000000e
      691229000	     34459	8000311a	4a41	c.li	x20,16	 x20=0x00000010
      691249000	     34460	8000311c	01435363	bge	x6,x20,80003122	  x6:0x0000000e x20:0x00000010
      691269000	     34461	80003120	b55d	c.j	80002fc6	
      691309000	     34463	80002fc6	8306	c.mv	x6,x1	  x0:0x00000000  x1:0x0000000e  x6=0x0000000e
      691329000	     34464	80002fc8	811a	c.mv	x2,x6	  x0:0x00000000  x6:0x0000000e  x2=0x0000000e
      691349000	     34465	80002fca	4101	c.li	x2,0	  x2=0x00000000
      691369000	     34466	80002fcc	04230f63	beq	x6,x2,8000302a	  x6:0x0000000e  x2:0x00000000
      691389000	     34467	80002fd0	4105	c.li	x2,1	  x2=0x00000001
      691409000	     34468	80002fd2	06230163	beq	x6,x2,80003034	  x6:0x0000000e  x2:0x00000001
      691429000	     34469	80002fd6	4109	c.li	x2,2	  x2=0x00000002
      691449000	     34470	80002fd8	06230363	beq	x6,x2,8000303e	  x6:0x0000000e  x2:0x00000002
      691469000	     34471	80002fdc	410d	c.li	x2,3	  x2=0x00000003
      691489000	     34472	80002fde	06230563	beq	x6,x2,80003048	  x6:0x0000000e  x2:0x00000003
      691509000	     34473	80002fe2	4111	c.li	x2,4	  x2=0x00000004
      691529000	     34474	80002fe4	06230763	beq	x6,x2,80003052	  x6:0x0000000e  x2:0x00000004
      691549000	     34475	80002fe8	4115	c.li	x2,5	  x2=0x00000005
      691569000	     34476	80002fea	06230963	beq	x6,x2,8000305c	  x6:0x0000000e  x2:0x00000005
      691589000	     34477	80002fee	4119	c.li	x2,6	  x2=0x00000006
      691609000	     34478	80002ff0	06230b63	beq	x6,x2,80003066	  x6:0x0000000e  x2:0x00000006
      691629000	     34479	80002ff4	411d	c.li	x2,7	  x2=0x00000007
      691649000	     34480	80002ff6	06230d63	beq	x6,x2,80003070	  x6:0x0000000e  x2:0x00000007
      691669000	     34481	80002ffa	4121	c.li	x2,8	  x2=0x00000008
      691689000	     34482	80002ffc	06230f63	beq	x6,x2,8000307a	  x6:0x0000000e  x2:0x00000008
      691709000	     34483	80003000	4125	c.li	x2,9	  x2=0x00000009
      691729000	     34484	80003002	08230163	beq	x6,x2,80003084	  x6:0x0000000e  x2:0x00000009
      691749000	     34485	80003006	4129	c.li	x2,10	  x2=0x0000000a
      691769000	     34486	80003008	08230363	beq	x6,x2,8000308e	  x6:0x0000000e  x2:0x0000000a
      691789000	     34487	8000300c	412d	c.li	x2,11	  x2=0x0000000b
      691809000	     34488	8000300e	08230563	beq	x6,x2,80003098	  x6:0x0000000e  x2:0x0000000b
      691829000	     34489	80003012	4131	c.li	x2,12	  x2=0x0000000c
      691849000	     34490	80003014	08230763	beq	x6,x2,800030a2	  x6:0x0000000e  x2:0x0000000c
      691869000	     34491	80003018	4135	c.li	x2,13	  x2=0x0000000d
      691889000	     34492	8000301a	08230963	beq	x6,x2,800030ac	  x6:0x0000000e  x2:0x0000000d
      691909000	     34493	8000301e	4139	c.li	x2,14	  x2=0x0000000e
      691929000	     34494	80003020	08230b63	beq	x6,x2,800030b6	  x6:0x0000000e  x2:0x0000000e
      691989000	     34497	800030b6	3be02a73	csrrs	x20,pmpaddr14,x0	  x0:0x00000000 x20=0x1bbbc864
      692009000	     34498	800030ba	3a3023f3	csrrs	x7,pmpcfg3,x0	  x0:0x00000000  x7=0x0f0f0f0f
      692029000	     34499	800030be	a031	c.j	800030ca	
      692069000	     34501	800030ca	4991	c.li	x19,4	 x19=0x00000004
      692089000	     34502	800030cc	01e09313	slli	x6,x1,0x1e	  x1:0x0000000e  x6=0x80000000
      692109000	     34503	800030d0	01e35313	srli	x6,x6,0x1e	  x6:0x80000000  x6=0x00000002
      692129000	     34504	800030d4	40698133	sub	x2,x19,x6	 x19:0x00000004  x6:0x00000002  x2=0x00000002
      692149000	     34505	800030d8	117d	c.addi	x2,-1	  x2:0x00000002  x2=0x00000001
      692169000	     34506	800030da	010e	c.slli	x2,0x3	  x2:0x00000001  x2=0x00000008
      692189000	     34507	800030dc	002399b3	sll	x19,x7,x2	  x7:0x0f0f0f0f  x2:0x00000008 x19=0x0f0f0f00
      692209000	     34508	800030e0	030e	c.slli	x6,0x3	  x6:0x00000002  x6=0x00000010
      692229000	     34509	800030e2	911a	c.add	x2,x6	  x2:0x00000008  x6:0x00000010  x2=0x00000018
      692249000	     34510	800030e4	0029d9b3	srl	x19,x19,x2	 x19:0x0f0f0f00  x2:0x00000018 x19=0x0000000f
      692269000	     34511	800030e8	01b99113	slli	x2,x19,0x1b	 x19:0x0000000f  x2=0x78000000
      692289000	     34512	800030ec	01e15113	srli	x2,x2,0x1e	  x2:0x78000000  x2=0x00000001
      692309000	     34513	800030f0	04010563	beq	x2,x0,8000313a	  x2:0x00000001  x0:0x00000000
      692329000	     34514	800030f4	4305	c.li	x6,1	  x6=0x00000001
      692349000	     34515	800030f6	04610363	beq	x2,x6,8000313c	  x2:0x00000001  x6:0x00000001
      692389000	     34517	8000313c	8306	c.mv	x6,x1	  x0:0x00000000  x1:0x0000000e  x6=0x0000000e
      692409000	     34518	8000313e	34302173	csrrs	x2,mtval,x0	  x0:0x00000000  x2=0xfab0d26a
      692429000	     34519	80003142	00215113	srli	x2,x2,0x2	  x2:0xfab0d26a  x2=0x3eac349a
      692449000	     34520	80003146	00031563	bne	x6,x0,80003150	  x6:0x0000000e  x0:0x00000000
      692489000	     34522	80003150	fd1161e3	bltu	x2,x17,80003112	  x2:0x3eac349a x17:0x17778420
      692509000	     34523	80003154	fb417fe3	bgeu	x2,x20,80003112	  x2:0x3eac349a x20:0x1bbbc864
      692549000	     34525	80003112	8306	c.mv	x6,x1	  x0:0x00000000  x1:0x0000000e  x6=0x0000000e
      692569000	     34526	80003114	88d2	c.mv	x17,x20	  x0:0x00000000 x20:0x1bbbc864 x17=0x1bbbc864
      692589000	     34527	80003116	0305	c.addi	x6,1	  x6:0x0000000e  x6=0x0000000f
      692609000	     34528	80003118	809a	c.mv	x1,x6	  x0:0x00000000  x6:0x0000000f  x1=0x0000000f
      692629000	     34529	8000311a	4a41	c.li	x20,16	 x20=0x00000010
      692649000	     34530	8000311c	01435363	bge	x6,x20,80003122	  x6:0x0000000f x20:0x00000010
      692669000	     34531	80003120	b55d	c.j	80002fc6	
      692709000	     34533	80002fc6	8306	c.mv	x6,x1	  x0:0x00000000  x1:0x0000000f  x6=0x0000000f
      692729000	     34534	80002fc8	811a	c.mv	x2,x6	  x0:0x00000000  x6:0x0000000f  x2=0x0000000f
      692749000	     34535	80002fca	4101	c.li	x2,0	  x2=0x00000000
      692769000	     34536	80002fcc	04230f63	beq	x6,x2,8000302a	  x6:0x0000000f  x2:0x00000000
      692789000	     34537	80002fd0	4105	c.li	x2,1	  x2=0x00000001
      692809000	     34538	80002fd2	06230163	beq	x6,x2,80003034	  x6:0x0000000f  x2:0x00000001
      692829000	     34539	80002fd6	4109	c.li	x2,2	  x2=0x00000002
      692849000	     34540	80002fd8	06230363	beq	x6,x2,8000303e	  x6:0x0000000f  x2:0x00000002
      692869000	     34541	80002fdc	410d	c.li	x2,3	  x2=0x00000003
      692889000	     34542	80002fde	06230563	beq	x6,x2,80003048	  x6:0x0000000f  x2:0x00000003
      692909000	     34543	80002fe2	4111	c.li	x2,4	  x2=0x00000004
      692929000	     34544	80002fe4	06230763	beq	x6,x2,80003052	  x6:0x0000000f  x2:0x00000004
      692949000	     34545	80002fe8	4115	c.li	x2,5	  x2=0x00000005
      692969000	     34546	80002fea	06230963	beq	x6,x2,8000305c	  x6:0x0000000f  x2:0x00000005
      692989000	     34547	80002fee	4119	c.li	x2,6	  x2=0x00000006
      693009000	     34548	80002ff0	06230b63	beq	x6,x2,80003066	  x6:0x0000000f  x2:0x00000006
      693029000	     34549	80002ff4	411d	c.li	x2,7	  x2=0x00000007
      693049000	     34550	80002ff6	06230d63	beq	x6,x2,80003070	  x6:0x0000000f  x2:0x00000007
      693069000	     34551	80002ffa	4121	c.li	x2,8	  x2=0x00000008
      693089000	     34552	80002ffc	06230f63	beq	x6,x2,8000307a	  x6:0x0000000f  x2:0x00000008
      693109000	     34553	80003000	4125	c.li	x2,9	  x2=0x00000009
      693129000	     34554	80003002	08230163	beq	x6,x2,80003084	  x6:0x0000000f  x2:0x00000009
      693149000	     34555	80003006	4129	c.li	x2,10	  x2=0x0000000a
      693169000	     34556	80003008	08230363	beq	x6,x2,8000308e	  x6:0x0000000f  x2:0x0000000a
      693189000	     34557	8000300c	412d	c.li	x2,11	  x2=0x0000000b
      693209000	     34558	8000300e	08230563	beq	x6,x2,80003098	  x6:0x0000000f  x2:0x0000000b
      693229000	     34559	80003012	4131	c.li	x2,12	  x2=0x0000000c
      693249000	     34560	80003014	08230763	beq	x6,x2,800030a2	  x6:0x0000000f  x2:0x0000000c
      693269000	     34561	80003018	4135	c.li	x2,13	  x2=0x0000000d
      693289000	     34562	8000301a	08230963	beq	x6,x2,800030ac	  x6:0x0000000f  x2:0x0000000d
      693309000	     34563	8000301e	4139	c.li	x2,14	  x2=0x0000000e
      693329000	     34564	80003020	08230b63	beq	x6,x2,800030b6	  x6:0x0000000f  x2:0x0000000e
      693349000	     34565	80003024	413d	c.li	x2,15	  x2=0x0000000f
      693369000	     34566	80003026	08230d63	beq	x6,x2,800030c0	  x6:0x0000000f  x2:0x0000000f
      693409000	     34568	800030c0	3bf02a73	csrrs	x20,pmpaddr15,x0	  x0:0x00000000 x20=0x20000ca8
      693429000	     34569	800030c4	3a3023f3	csrrs	x7,pmpcfg3,x0	  x0:0x00000000  x7=0x0f0f0f0f
      693449000	     34570	800030c8	a009	c.j	800030ca	
      693489000	     34572	800030ca	4991	c.li	x19,4	 x19=0x00000004
      693509000	     34573	800030cc	01e09313	slli	x6,x1,0x1e	  x1:0x0000000f  x6=0xc0000000
      693529000	     34574	800030d0	01e35313	srli	x6,x6,0x1e	  x6:0xc0000000  x6=0x00000003
      693549000	     34575	800030d4	40698133	sub	x2,x19,x6	 x19:0x00000004  x6:0x00000003  x2=0x00000001
      693569000	     34576	800030d8	117d	c.addi	x2,-1	  x2:0x00000001  x2=0x00000000
      693589000	     34577	800030da	010e	c.slli	x2,0x3	  x2:0x00000000  x2=0x00000000
      693609000	     34578	800030dc	002399b3	sll	x19,x7,x2	  x7:0x0f0f0f0f  x2:0x00000000 x19=0x0f0f0f0f
      693629000	     34579	800030e0	030e	c.slli	x6,0x3	  x6:0x00000003  x6=0x00000018
      693649000	     34580	800030e2	911a	c.add	x2,x6	  x2:0x00000000  x6:0x00000018  x2=0x00000018
      693669000	     34581	800030e4	0029d9b3	srl	x19,x19,x2	 x19:0x0f0f0f0f  x2:0x00000018 x19=0x0000000f
      693689000	     34582	800030e8	01b99113	slli	x2,x19,0x1b	 x19:0x0000000f  x2=0x78000000
      693709000	     34583	800030ec	01e15113	srli	x2,x2,0x1e	  x2:0x78000000  x2=0x00000001
      693729000	     34584	800030f0	04010563	beq	x2,x0,8000313a	  x2:0x00000001  x0:0x00000000
      693749000	     34585	800030f4	4305	c.li	x6,1	  x6=0x00000001
      693769000	     34586	800030f6	04610363	beq	x2,x6,8000313c	  x2:0x00000001  x6:0x00000001
      693809000	     34588	8000313c	8306	c.mv	x6,x1	  x0:0x00000000  x1:0x0000000f  x6=0x0000000f
      693829000	     34589	8000313e	34302173	csrrs	x2,mtval,x0	  x0:0x00000000  x2=0xfab0d26a
      693849000	     34590	80003142	00215113	srli	x2,x2,0x2	  x2:0xfab0d26a  x2=0x3eac349a
      693869000	     34591	80003146	00031563	bne	x6,x0,80003150	  x6:0x0000000f  x0:0x00000000
      693909000	     34593	80003150	fd1161e3	bltu	x2,x17,80003112	  x2:0x3eac349a x17:0x1bbbc864
      693929000	     34594	80003154	fb417fe3	bgeu	x2,x20,80003112	  x2:0x3eac349a x20:0x20000ca8
      693989000	     34597	80003112	8306	c.mv	x6,x1	  x0:0x00000000  x1:0x0000000f  x6=0x0000000f
      694009000	     34598	80003114	88d2	c.mv	x17,x20	  x0:0x00000000 x20:0x20000ca8 x17=0x20000ca8
      694029000	     34599	80003116	0305	c.addi	x6,1	  x6:0x0000000f  x6=0x00000010
      694049000	     34600	80003118	809a	c.mv	x1,x6	  x0:0x00000000  x6:0x00000010  x1=0x00000010
      694069000	     34601	8000311a	4a41	c.li	x20,16	 x20=0x00000010
      694089000	     34602	8000311c	01435363	bge	x6,x20,80003122	  x6:0x00000010 x20:0x00000010
      694149000	     34605	80003122	74702373	csrrs	x6,0x747,x0	  x0:0x00000000  x6=0x00000004
      694169000	     34606	80003126	00237313	andi	x6,x6,2	  x6:0x00000004  x6=0x00000000
      694189000	     34607	8000312a	08031163	bne	x6,x0,800031ac	  x6:0x00000000  x0:0x00000000
      694229000	     34609	8000312e	ffffd317	auipc	x6,0xffffd	  x6=0x8000012e
      694249000	     34610	80003132	25030313	addi	x6,x6,592	  x6:0x8000012e  x6=0x8000037e
      694269000	     34611	80003136	00030067	jalr	x0,0(x6)	  x6:0x8000037e  x0=0x00000000
      694889000	     34642	8000037e	90000a37	lui	x20,0x90000	 x20=0x90000000
      694909000	     34643	80000382	1a61	c.addi	x20,-8	 x20:0x90000000 x20=0x8ffffff8
      694929000	     34644	80000384	4301	c.li	x6,0	  x6=0x00000000
      694949000	     34645	80000386	0322	c.slli	x6,0x8	  x6:0x00000000  x6=0x00000000
      694969000	     34646	80000388	0305	c.addi	x6,1	  x6:0x00000000  x6=0x00000001
      695189000	     34657	8000038a	006a2023	sw	x6,0(x20)	 x20:0x8ffffff8  x6:0x00000001 PA:0x8ffffff8 store:0x00000001 load:0xffffffff
      695329000	     34664	8000038e	00000073	ecall	
      695389000	     34667	80002500	0800006f	jal	x0,80002580	  x0=0x00000000
      721229000	     35959	80002580	1771	c.addi	x14,-4	 x14:0x8004cc60 x14=0x8004cc5c
      721389000	     35967	80002582	c310	c.sw	x12,0(x14)	 x14:0x8004cc5c x12:0x8004cc60 PA:0x8004cc5c store:0x8004cc60 load:0xffffffff
      721409000	     35968	80002584	00070633	add	x12,x14,x0	 x14:0x8004cc5c  x0:0x00000000 x12=0x8004cc5c
      721429000	     35969	80002588	f8060613	addi	x12,x12,-128	 x12:0x8004cc5c x12=0x8004cbdc
      721669000	     35981	8000258c	00162223	sw	x1,4(x12)	 x12:0x8004cbdc  x1:0x00000010 PA:0x8004cbe0 store:0x00000010 load:0xffffffff
      721749000	     35985	80002590	00262423	sw	x2,8(x12)	 x12:0x8004cbdc  x2:0x3eac349a PA:0x8004cbe4 store:0x3eac349a load:0xffffffff
      721769000	     35986	80002594	00362623	sw	x3,12(x12)	 x12:0x8004cbdc  x3:0x00001415 PA:0x8004cbe8 store:0x00001415 load:0xffffffff
      722209000	     36008	80002598	00462823	sw	x4,16(x12)	 x12:0x8004cbdc  x4:0x000000be PA:0x8004cbec store:0x000000be load:0xffffffff
      722529000	     36024	8000259c	00562a23	sw	x5,20(x12)	 x12:0x8004cbdc  x5:0xfab0d048 PA:0x8004cbf0 store:0xfab0d048 load:0xffffffff
      722589000	     36027	800025a0	00662c23	sw	x6,24(x12)	 x12:0x8004cbdc  x6:0x00000001 PA:0x8004cbf4 store:0x00000001 load:0xffffffff
      722649000	     36030	800025a4	00762e23	sw	x7,28(x12)	 x12:0x8004cbdc  x7:0x0f0f0f0f PA:0x8004cbf8 store:0x0f0f0f0f load:0xffffffff
      722709000	     36033	800025a8	d200	c.sw	x8,32(x12)	 x12:0x8004cbdc  x8:0x0000002b PA:0x8004cbfc store:0x0000002b load:0xffffffff
      722729000	     36034	800025aa	d244	c.sw	x9,36(x12)	 x12:0x8004cbdc  x9:0xffffffce PA:0x8004cc00 store:0xffffffce load:0xffffffff
      722749000	     36035	800025ac	d608	c.sw	x10,40(x12)	 x12:0x8004cbdc x10:0x0000002b PA:0x8004cc04 store:0x0000002b load:0xffffffff
      722769000	     36036	800025ae	d64c	c.sw	x11,44(x12)	 x12:0x8004cbdc x11:0xffffffbe PA:0x8004cc08 store:0xffffffbe load:0xffffffff
      722789000	     36037	800025b0	da10	c.sw	x12,48(x12)	 x12:0x8004cbdc x12:0x8004cbdc PA:0x8004cc0c store:0x8004cbdc load:0xffffffff
      722809000	     36038	800025b2	da54	c.sw	x13,52(x12)	 x12:0x8004cbdc x13:0x00001617 PA:0x8004cc10 store:0x00001617 load:0xffffffff
      723229000	     36059	800025b4	de18	c.sw	x14,56(x12)	 x12:0x8004cbdc x14:0x8004cc5c PA:0x8004cc14 store:0x8004cc5c load:0xffffffff
      723349000	     36065	800025b6	de5c	c.sw	x15,60(x12)	 x12:0x8004cbdc x15:0x80037f0d PA:0x8004cc18 store:0x80037f0d load:0xffffffff
      723409000	     36068	800025b8	05062023	sw	x16,64(x12)	 x12:0x8004cbdc x16:0x0000002b PA:0x8004cc1c store:0x0000002b load:0xffffffff
      723509000	     36073	800025bc	05162223	sw	x17,68(x12)	 x12:0x8004cbdc x17:0x20000ca8 PA:0x8004cc20 store:0x20000ca8 load:0xffffffff
      723969000	     36096	800025c0	05262423	sw	x18,72(x12)	 x12:0x8004cbdc x18:0xffffffe8 PA:0x8004cc24 store:0xffffffe8 load:0xffffffff
      724029000	     36099	800025c4	05362623	sw	x19,76(x12)	 x12:0x8004cbdc x19:0x0000000f PA:0x8004cc28 store:0x0000000f load:0xffffffff
      724049000	     36100	800025c8	05462823	sw	x20,80(x12)	 x12:0x8004cbdc x20:0x8ffffff8 PA:0x8004cc2c store:0x8ffffff8 load:0xffffffff
      724249000	     36110	800025cc	05562a23	sw	x21,84(x12)	 x12:0x8004cbdc x21:0x8003319d PA:0x8004cc30 store:0x8003319d load:0xffffffff
      724689000	     36132	800025d0	05662c23	sw	x22,88(x12)	 x12:0x8004cbdc x22:0x8003e885 PA:0x8004cc34 store:0x8003e885 load:0xffffffff
      724749000	     36135	800025d4	05762e23	sw	x23,92(x12)	 x12:0x8004cbdc x23:0x00000020 PA:0x8004cc38 store:0x00000020 load:0xffffffff
      724829000	     36139	800025d8	07862023	sw	x24,96(x12)	 x12:0x8004cbdc x24:0x0000004e PA:0x8004cc3c store:0x0000004e load:0xffffffff
      724849000	     36140	800025dc	07962223	sw	x25,100(x12)	 x12:0x8004cbdc x25:0x80033c3f PA:0x8004cc40 store:0x80033c3f load:0xffffffff
      725229000	     36159	800025e0	07a62423	sw	x26,104(x12)	 x12:0x8004cbdc x26:0x00000006 PA:0x8004cc44 store:0x00000006 load:0xffffffff
      725289000	     36162	800025e4	07b62623	sw	x27,108(x12)	 x12:0x8004cbdc x27:0x00000084 PA:0x8004cc48 store:0x00000084 load:0xffffffff
      725709000	     36183	800025e8	07c62823	sw	x28,112(x12)	 x12:0x8004cbdc x28:0x0000002b PA:0x8004cc4c store:0x0000002b load:0xffffffff
      726169000	     36206	800025ec	07d62a23	sw	x29,116(x12)	 x12:0x8004cbdc x29:0x00000000 PA:0x8004cc50 store:0x00000000 load:0xffffffff
      726229000	     36209	800025f0	07e62c23	sw	x30,120(x12)	 x12:0x8004cbdc x30:0x8003e8bf PA:0x8004cc54 store:0x8003e8bf load:0xffffffff
      726649000	     36230	800025f4	07f62e23	sw	x31,124(x12)	 x12:0x8004cbdc x31:0x00000056 PA:0x8004cc58 store:0x00000056 load:0xffffffff
      726669000	     36231	800025f8	00060733	add	x14,x12,x0	 x12:0x8004cbdc  x0:0x00000000 x14=0x8004cbdc
      726689000	     36232	800025fc	90000a37	lui	x20,0x90000	 x20=0x90000000
      726709000	     36233	80002600	1a71	c.addi	x20,-4	 x20:0x90000000 x20=0x8ffffffc
      726729000	     36234	80002602	4321	c.li	x6,8	  x6=0x00000008
      726749000	     36235	80002604	0322	c.slli	x6,0x8	  x6:0x00000008  x6=0x00000800
      726769000	     36236	80002606	00030313	addi	x6,x6,0	  x6:0x00000800  x6=0x00000800
      726909000	     36243	8000260a	006a2023	sw	x6,0(x20)	 x20:0x8ffffffc  x6:0x00000800 PA:0x8ffffffc store:0x00000800 load:0xffffffff
      726929000	     36244	8000260e	34102373	csrrs	x6,mepc,x0	  x0:0x00000000  x6=0x8000038e
      726949000	     36245	80002612	34202373	csrrs	x6,mcause,x0	  x0:0x00000000  x6=0x0000000b
      726969000	     36246	80002616	4a0d	c.li	x20,3	 x20=0x00000003
      726989000	     36247	80002618	01431463	bne	x6,x20,80002620	  x6:0x0000000b x20:0x00000003
      727029000	     36249	80002620	4a21	c.li	x20,8	 x20=0x00000008
      727049000	     36250	80002622	05430d63	beq	x6,x20,8000267c	  x6:0x0000000b x20:0x00000008
      727069000	     36251	80002626	4a25	c.li	x20,9	 x20=0x00000009
      727089000	     36252	80002628	05430a63	beq	x6,x20,8000267c	  x6:0x0000000b x20:0x00000009
      727109000	     36253	8000262c	4a2d	c.li	x20,11	 x20=0x0000000b
      727129000	     36254	8000262e	05430763	beq	x6,x20,8000267c	  x6:0x0000000b x20:0x0000000b
      727209000	     36258	8000267c	90000a37	lui	x20,0x90000	 x20=0x90000000
      727389000	     36267	80002680	1a71	c.addi	x20,-4	 x20:0x90000000 x20=0x8ffffffc
      727409000	     36268	80002682	6305	c.lui	x6,0x1	  x6=0x00001000
      727589000	     36277	80002684	b0030313	addi	x6,x6,-1280	  x6:0x00001000  x6=0x00000b00
      727609000	     36278	80002688	0322	c.slli	x6,0x8	  x6:0x00000b00  x6=0x000b0000
      727629000	     36279	8000268a	030d	c.addi	x6,3	  x6:0x000b0000  x6=0x000b0003
      727929000	     36294	8000268c	006a2023	sw	x6,0(x20)	 x20:0x8ffffffc  x6:0x000b0003 PA:0x8ffffffc store:0x000b0003 load:0xffffffff
      727949000	     36295	80002690	b0002373	csrrs	x6,mcycle,x0	  x0:0x00000000  x6=0x00008dc4
      728009000	     36298	80002694	006a2023	sw	x6,0(x20)	 x20:0x8ffffffc  x6:0x00008dc4 PA:0x8ffffffc store:0x00008dc4 load:0xffffffff
      728189000	     36307	80002698	90000a37	lui	x20,0x90000	 x20=0x90000000
      728209000	     36308	8000269c	1a71	c.addi	x20,-4	 x20:0x90000000 x20=0x8ffffffc
      728229000	     36309	8000269e	6305	c.lui	x6,0x1	  x6=0x00001000
      728249000	     36310	800026a0	b8030313	addi	x6,x6,-1152	  x6:0x00001000  x6=0x00000b80
      728269000	     36311	800026a4	0322	c.slli	x6,0x8	  x6:0x00000b80  x6=0x000b8000
      728289000	     36312	800026a6	030d	c.addi	x6,3	  x6:0x000b8000  x6=0x000b8003
      728609000	     36328	800026a8	006a2023	sw	x6,0(x20)	 x20:0x8ffffffc  x6:0x000b8003 PA:0x8ffffffc store:0x000b8003 load:0xffffffff
      728629000	     36329	800026ac	b8002373	csrrs	x6,mcycleh,x0	  x0:0x00000000  x6=0x00000000
      728889000	     36342	800026b0	006a2023	sw	x6,0(x20)	 x20:0x8ffffffc  x6:0x00000000 PA:0x8ffffffc store:0x00000000 load:0xffffffff
      728909000	     36343	800026b4	90000a37	lui	x20,0x90000	 x20=0x90000000
      728929000	     36344	800026b8	1a71	c.addi	x20,-4	 x20:0x90000000 x20=0x8ffffffc
      728949000	     36345	800026ba	6305	c.lui	x6,0x1	  x6=0x00001000
      728969000	     36346	800026bc	b0330313	addi	x6,x6,-1277	  x6:0x00001000  x6=0x00000b03
      729129000	     36354	800026c0	0322	c.slli	x6,0x8	  x6:0x00000b03  x6=0x000b0300
      729149000	     36355	800026c2	030d	c.addi	x6,3	  x6:0x000b0300  x6=0x000b0303
      729289000	     36362	800026c4	006a2023	sw	x6,0(x20)	 x20:0x8ffffffc  x6:0x000b0303 PA:0x8ffffffc store:0x000b0303 load:0xffffffff
      729309000	     36363	800026c8	b0302373	csrrs	x6,mhpmcounter3,x0	  x0:0x00000000  x6=0x00002194
      729429000	     36369	800026cc	006a2023	sw	x6,0(x20)	 x20:0x8ffffffc  x6:0x00002194 PA:0x8ffffffc store:0x00002194 load:0xffffffff
      729449000	     36370	800026d0	90000a37	lui	x20,0x90000	 x20=0x90000000
      729469000	     36371	800026d4	1a71	c.addi	x20,-4	 x20:0x90000000 x20=0x8ffffffc
      729489000	     36372	800026d6	6305	c.lui	x6,0x1	  x6=0x00001000
      729509000	     36373	800026d8	b8330313	addi	x6,x6,-1149	  x6:0x00001000  x6=0x00000b83
      729529000	     36374	800026dc	0322	c.slli	x6,0x8	  x6:0x00000b83  x6=0x000b8300
      729549000	     36375	800026de	030d	c.addi	x6,3	  x6:0x000b8300  x6=0x000b8303
      729629000	     36379	800026e0	006a2023	sw	x6,0(x20)	 x20:0x8ffffffc  x6:0x000b8303 PA:0x8ffffffc store:0x000b8303 load:0xffffffff
      730029000	     36399	800026e4	b8302373	csrrs	x6,mhpmcounter3h,x0	  x0:0x00000000  x6=0x00000000
      730209000	     36408	800026e8	006a2023	sw	x6,0(x20)	 x20:0x8ffffffc  x6:0x00000000 PA:0x8ffffffc store:0x00000000 load:0xffffffff
      730229000	     36409	800026ec	90000a37	lui	x20,0x90000	 x20=0x90000000
      730269000	     36411	800026f0	1a71	c.addi	x20,-4	 x20:0x90000000 x20=0x8ffffffc
      730289000	     36412	800026f2	6305	c.lui	x6,0x1	  x6=0x00001000
      730329000	     36414	800026f4	b0430313	addi	x6,x6,-1276	  x6:0x00001000  x6=0x00000b04
      730489000	     36422	800026f8	0322	c.slli	x6,0x8	  x6:0x00000b04  x6=0x000b0400
      730509000	     36423	800026fa	030d	c.addi	x6,3	  x6:0x000b0400  x6=0x000b0403
      730569000	     36426	800026fc	006a2023	sw	x6,0(x20)	 x20:0x8ffffffc  x6:0x000b0403 PA:0x8ffffffc store:0x000b0403 load:0xffffffff
      730589000	     36427	80002700	b0402373	csrrs	x6,mhpmcounter4,x0	  x0:0x00000000  x6=0x00001c04
      730609000	     36428	80002704	006a2023	sw	x6,0(x20)	 x20:0x8ffffffc  x6:0x00001c04 PA:0x8ffffffc store:0x00001c04 load:0xffffffff
      730629000	     36429	80002708	90000a37	lui	x20,0x90000	 x20=0x90000000
      730649000	     36430	8000270c	1a71	c.addi	x20,-4	 x20:0x90000000 x20=0x8ffffffc
      730669000	     36431	8000270e	6305	c.lui	x6,0x1	  x6=0x00001000
      730869000	     36441	80002710	b8430313	addi	x6,x6,-1148	  x6:0x00001000  x6=0x00000b84
      730929000	     36444	80002714	0322	c.slli	x6,0x8	  x6:0x00000b84  x6=0x000b8400
      730949000	     36445	80002716	030d	c.addi	x6,3	  x6:0x000b8400  x6=0x000b8403
      731329000	     36464	80002718	006a2023	sw	x6,0(x20)	 x20:0x8ffffffc  x6:0x000b8403 PA:0x8ffffffc store:0x000b8403 load:0xffffffff
      731349000	     36465	8000271c	b8402373	csrrs	x6,mhpmcounter4h,x0	  x0:0x00000000  x6=0x00000000
      731769000	     36486	80002720	006a2023	sw	x6,0(x20)	 x20:0x8ffffffc  x6:0x00000000 PA:0x8ffffffc store:0x00000000 load:0xffffffff
      731789000	     36487	80002724	90000a37	lui	x20,0x90000	 x20=0x90000000
      731809000	     36488	80002728	1a71	c.addi	x20,-4	 x20:0x90000000 x20=0x8ffffffc
      731829000	     36489	8000272a	6305	c.lui	x6,0x1	  x6=0x00001000
      731849000	     36490	8000272c	b0530313	addi	x6,x6,-1275	  x6:0x00001000  x6=0x00000b05
      731869000	     36491	80002730	0322	c.slli	x6,0x8	  x6:0x00000b05  x6=0x000b0500
      731889000	     36492	80002732	030d	c.addi	x6,3	  x6:0x000b0500  x6=0x000b0503
      732129000	     36504	80002734	006a2023	sw	x6,0(x20)	 x20:0x8ffffffc  x6:0x000b0503 PA:0x8ffffffc store:0x000b0503 load:0xffffffff
      732229000	     36509	80002738	b0502373	csrrs	x6,mhpmcounter5,x0	  x0:0x00000000  x6=0x00000498
      732529000	     36524	8000273c	006a2023	sw	x6,0(x20)	 x20:0x8ffffffc  x6:0x00000498 PA:0x8ffffffc store:0x00000498 load:0xffffffff
      732849000	     36540	80002740	90000a37	lui	x20,0x90000	 x20=0x90000000
      732949000	     36545	80002744	1a71	c.addi	x20,-4	 x20:0x90000000 x20=0x8ffffffc
      732969000	     36546	80002746	6305	c.lui	x6,0x1	  x6=0x00001000
      732989000	     36547	80002748	b8530313	addi	x6,x6,-1147	  x6:0x00001000  x6=0x00000b85
      733389000	     36567	8000274c	0322	c.slli	x6,0x8	  x6:0x00000b85  x6=0x000b8500
      733409000	     36568	8000274e	030d	c.addi	x6,3	  x6:0x000b8500  x6=0x000b8503
      733769000	     36586	80002750	006a2023	sw	x6,0(x20)	 x20:0x8ffffffc  x6:0x000b8503 PA:0x8ffffffc store:0x000b8503 load:0xffffffff
      733789000	     36587	80002754	b8502373	csrrs	x6,mhpmcounter5h,x0	  x0:0x00000000  x6=0x00000000
      734089000	     36602	80002758	006a2023	sw	x6,0(x20)	 x20:0x8ffffffc  x6:0x00000000 PA:0x8ffffffc store:0x00000000 load:0xffffffff
      734109000	     36603	8000275c	90000a37	lui	x20,0x90000	 x20=0x90000000
      734429000	     36619	80002760	1a71	c.addi	x20,-4	 x20:0x90000000 x20=0x8ffffffc
      734449000	     36620	80002762	6305	c.lui	x6,0x1	  x6=0x00001000
      734469000	     36621	80002764	b0630313	addi	x6,x6,-1274	  x6:0x00001000  x6=0x00000b06
      734869000	     36641	80002768	0322	c.slli	x6,0x8	  x6:0x00000b06  x6=0x000b0600
      734889000	     36642	8000276a	030d	c.addi	x6,3	  x6:0x000b0600  x6=0x000b0603
      734949000	     36645	8000276c	006a2023	sw	x6,0(x20)	 x20:0x8ffffffc  x6:0x000b0603 PA:0x8ffffffc store:0x000b0603 load:0xffffffff
      734969000	     36646	80002770	b0602373	csrrs	x6,mhpmcounter6,x0	  x0:0x00000000  x6=0x0000032f
      735049000	     36650	80002774	006a2023	sw	x6,0(x20)	 x20:0x8ffffffc  x6:0x0000032f PA:0x8ffffffc store:0x0000032f load:0xffffffff
      735069000	     36651	80002778	90000a37	lui	x20,0x90000	 x20=0x90000000
      735129000	     36654	8000277c	1a71	c.addi	x20,-4	 x20:0x90000000 x20=0x8ffffffc
      735149000	     36655	8000277e	6305	c.lui	x6,0x1	  x6=0x00001000
      735629000	     36679	80002780	b8630313	addi	x6,x6,-1146	  x6:0x00001000  x6=0x00000b86
      735649000	     36680	80002784	0322	c.slli	x6,0x8	  x6:0x00000b86  x6=0x000b8600
      735669000	     36681	80002786	030d	c.addi	x6,3	  x6:0x000b8600  x6=0x000b8603
      736029000	     36699	80002788	006a2023	sw	x6,0(x20)	 x20:0x8ffffffc  x6:0x000b8603 PA:0x8ffffffc store:0x000b8603 load:0xffffffff
      736049000	     36700	8000278c	b8602373	csrrs	x6,mhpmcounter6h,x0	  x0:0x00000000  x6=0x00000000
      736129000	     36704	80002790	006a2023	sw	x6,0(x20)	 x20:0x8ffffffc  x6:0x00000000 PA:0x8ffffffc store:0x00000000 load:0xffffffff
      736149000	     36705	80002794	90000a37	lui	x20,0x90000	 x20=0x90000000
      736169000	     36706	80002798	1a71	c.addi	x20,-4	 x20:0x90000000 x20=0x8ffffffc
      736189000	     36707	8000279a	6305	c.lui	x6,0x1	  x6=0x00001000
      736309000	     36713	8000279c	b0730313	addi	x6,x6,-1273	  x6:0x00001000  x6=0x00000b07
      736329000	     36714	800027a0	0322	c.slli	x6,0x8	  x6:0x00000b07  x6=0x000b0700
      736349000	     36715	800027a2	030d	c.addi	x6,3	  x6:0x000b0700  x6=0x000b0703
      736409000	     36718	800027a4	006a2023	sw	x6,0(x20)	 x20:0x8ffffffc  x6:0x000b0703 PA:0x8ffffffc store:0x000b0703 load:0xffffffff
      736769000	     36736	800027a8	b0702373	csrrs	x6,mhpmcounter7,x0	  x0:0x00000000  x6=0x0000003b
      736829000	     36739	800027ac	006a2023	sw	x6,0(x20)	 x20:0x8ffffffc  x6:0x0000003b PA:0x8ffffffc store:0x0000003b load:0xffffffff
      736849000	     36740	800027b0	90000a37	lui	x20,0x90000	 x20=0x90000000
      736989000	     36747	800027b4	1a71	c.addi	x20,-4	 x20:0x90000000 x20=0x8ffffffc
      737009000	     36748	800027b6	6305	c.lui	x6,0x1	  x6=0x00001000
      737029000	     36749	800027b8	b8730313	addi	x6,x6,-1145	  x6:0x00001000  x6=0x00000b87
      737089000	     36752	800027bc	0322	c.slli	x6,0x8	  x6:0x00000b87  x6=0x000b8700
      737109000	     36753	800027be	030d	c.addi	x6,3	  x6:0x000b8700  x6=0x000b8703
      737289000	     36762	800027c0	006a2023	sw	x6,0(x20)	 x20:0x8ffffffc  x6:0x000b8703 PA:0x8ffffffc store:0x000b8703 load:0xffffffff
      737409000	     36768	800027c4	b8702373	csrrs	x6,mhpmcounter7h,x0	  x0:0x00000000  x6=0x00000000
      737469000	     36771	800027c8	006a2023	sw	x6,0(x20)	 x20:0x8ffffffc  x6:0x00000000 PA:0x8ffffffc store:0x00000000 load:0xffffffff
      737489000	     36772	800027cc	90000a37	lui	x20,0x90000	 x20=0x90000000
      737509000	     36773	800027d0	1a71	c.addi	x20,-4	 x20:0x90000000 x20=0x8ffffffc
      737529000	     36774	800027d2	6305	c.lui	x6,0x1	  x6=0x00001000
      737629000	     36779	800027d4	b0830313	addi	x6,x6,-1272	  x6:0x00001000  x6=0x00000b08
      737649000	     36780	800027d8	0322	c.slli	x6,0x8	  x6:0x00000b08  x6=0x000b0800
      737669000	     36781	800027da	030d	c.addi	x6,3	  x6:0x000b0800  x6=0x000b0803
      738369000	     36816	800027dc	006a2023	sw	x6,0(x20)	 x20:0x8ffffffc  x6:0x000b0803 PA:0x8ffffffc store:0x000b0803 load:0xffffffff
      738389000	     36817	800027e0	b0802373	csrrs	x6,mhpmcounter8,x0	  x0:0x00000000  x6=0x000000f7
      738449000	     36820	800027e4	006a2023	sw	x6,0(x20)	 x20:0x8ffffffc  x6:0x000000f7 PA:0x8ffffffc store:0x000000f7 load:0xffffffff
      738469000	     36821	800027e8	90000a37	lui	x20,0x90000	 x20=0x90000000
      738609000	     36828	800027ec	1a71	c.addi	x20,-4	 x20:0x90000000 x20=0x8ffffffc
      738629000	     36829	800027ee	6305	c.lui	x6,0x1	  x6=0x00001000
      738749000	     36835	800027f0	b8830313	addi	x6,x6,-1144	  x6:0x00001000  x6=0x00000b88
      738769000	     36836	800027f4	0322	c.slli	x6,0x8	  x6:0x00000b88  x6=0x000b8800
      738789000	     36837	800027f6	030d	c.addi	x6,3	  x6:0x000b8800  x6=0x000b8803
      738889000	     36842	800027f8	006a2023	sw	x6,0(x20)	 x20:0x8ffffffc  x6:0x000b8803 PA:0x8ffffffc store:0x000b8803 load:0xffffffff
      738909000	     36843	800027fc	b8802373	csrrs	x6,mhpmcounter8h,x0	  x0:0x00000000  x6=0x00000000
      739349000	     36865	80002800	006a2023	sw	x6,0(x20)	 x20:0x8ffffffc  x6:0x00000000 PA:0x8ffffffc store:0x00000000 load:0xffffffff
      739409000	     36868	80002804	90000a37	lui	x20,0x90000	 x20=0x90000000
      739429000	     36869	80002808	1a71	c.addi	x20,-4	 x20:0x90000000 x20=0x8ffffffc
      739449000	     36870	8000280a	6305	c.lui	x6,0x1	  x6=0x00001000
      739469000	     36871	8000280c	b0930313	addi	x6,x6,-1271	  x6:0x00001000  x6=0x00000b09
      739489000	     36872	80002810	0322	c.slli	x6,0x8	  x6:0x00000b09  x6=0x000b0900
      739509000	     36873	80002812	030d	c.addi	x6,3	  x6:0x000b0900  x6=0x000b0903
      739889000	     36892	80002814	006a2023	sw	x6,0(x20)	 x20:0x8ffffffc  x6:0x000b0903 PA:0x8ffffffc store:0x000b0903 load:0xffffffff
      739909000	     36893	80002818	b0902373	csrrs	x6,mhpmcounter9,x0	  x0:0x00000000  x6=0x00000046
      740109000	     36903	8000281c	006a2023	sw	x6,0(x20)	 x20:0x8ffffffc  x6:0x00000046 PA:0x8ffffffc store:0x00000046 load:0xffffffff
      740129000	     36904	80002820	90000a37	lui	x20,0x90000	 x20=0x90000000
      740149000	     36905	80002824	1a71	c.addi	x20,-4	 x20:0x90000000 x20=0x8ffffffc
      740169000	     36906	80002826	6305	c.lui	x6,0x1	  x6=0x00001000
      740189000	     36907	80002828	b8930313	addi	x6,x6,-1143	  x6:0x00001000  x6=0x00000b89
      740329000	     36914	8000282c	0322	c.slli	x6,0x8	  x6:0x00000b89  x6=0x000b8900
      740349000	     36915	8000282e	030d	c.addi	x6,3	  x6:0x000b8900  x6=0x000b8903
      740409000	     36918	80002830	006a2023	sw	x6,0(x20)	 x20:0x8ffffffc  x6:0x000b8903 PA:0x8ffffffc store:0x000b8903 load:0xffffffff
      740429000	     36919	80002834	b8902373	csrrs	x6,mhpmcounter9h,x0	  x0:0x00000000  x6=0x00000000
      740729000	     36934	80002838	006a2023	sw	x6,0(x20)	 x20:0x8ffffffc  x6:0x00000000 PA:0x8ffffffc store:0x00000000 load:0xffffffff
      740749000	     36935	8000283c	90000a37	lui	x20,0x90000	 x20=0x90000000
      740769000	     36936	80002840	1a71	c.addi	x20,-4	 x20:0x90000000 x20=0x8ffffffc
      740789000	     36937	80002842	6305	c.lui	x6,0x1	  x6=0x00001000
      740809000	     36938	80002844	b0a30313	addi	x6,x6,-1270	  x6:0x00001000  x6=0x00000b0a
      740829000	     36939	80002848	0322	c.slli	x6,0x8	  x6:0x00000b0a  x6=0x000b0a00
      740849000	     36940	8000284a	030d	c.addi	x6,3	  x6:0x000b0a00  x6=0x000b0a03
      740909000	     36943	8000284c	006a2023	sw	x6,0(x20)	 x20:0x8ffffffc  x6:0x000b0a03 PA:0x8ffffffc store:0x000b0a03 load:0xffffffff
      741289000	     36962	80002850	b0a02373	csrrs	x6,mhpmcounter10,x0	  x0:0x00000000  x6=0x000003ab
      741349000	     36965	80002854	006a2023	sw	x6,0(x20)	 x20:0x8ffffffc  x6:0x000003ab PA:0x8ffffffc store:0x000003ab load:0xffffffff
      741449000	     36970	80002858	90000a37	lui	x20,0x90000	 x20=0x90000000
      741469000	     36971	8000285c	1a71	c.addi	x20,-4	 x20:0x90000000 x20=0x8ffffffc
      741489000	     36972	8000285e	6305	c.lui	x6,0x1	  x6=0x00001000
      741509000	     36973	80002860	b8a30313	addi	x6,x6,-1142	  x6:0x00001000  x6=0x00000b8a
      741789000	     36987	80002864	0322	c.slli	x6,0x8	  x6:0x00000b8a  x6=0x000b8a00
      741809000	     36988	80002866	030d	c.addi	x6,3	  x6:0x000b8a00  x6=0x000b8a03
      741889000	     36992	80002868	006a2023	sw	x6,0(x20)	 x20:0x8ffffffc  x6:0x000b8a03 PA:0x8ffffffc store:0x000b8a03 load:0xffffffff
      742269000	     37011	8000286c	b8a02373	csrrs	x6,mhpmcounter10h,x0	  x0:0x00000000  x6=0x00000000
      742509000	     37023	80002870	006a2023	sw	x6,0(x20)	 x20:0x8ffffffc  x6:0x00000000 PA:0x8ffffffc store:0x00000000 load:0xffffffff
      742529000	     37024	80002874	90000a37	lui	x20,0x90000	 x20=0x90000000
      742549000	     37025	80002878	1a71	c.addi	x20,-4	 x20:0x90000000 x20=0x8ffffffc
      742569000	     37026	8000287a	6305	c.lui	x6,0x1	  x6=0x00001000
      742589000	     37027	8000287c	b0b30313	addi	x6,x6,-1269	  x6:0x00001000  x6=0x00000b0b
      742809000	     37038	80002880	0322	c.slli	x6,0x8	  x6:0x00000b0b  x6=0x000b0b00
      742829000	     37039	80002882	030d	c.addi	x6,3	  x6:0x000b0b00  x6=0x000b0b03
      743169000	     37056	80002884	006a2023	sw	x6,0(x20)	 x20:0x8ffffffc  x6:0x000b0b03 PA:0x8ffffffc store:0x000b0b03 load:0xffffffff
      743369000	     37066	80002888	b0b02373	csrrs	x6,mhpmcounter11,x0	  x0:0x00000000  x6=0x00000153
      743929000	     37094	8000288c	006a2023	sw	x6,0(x20)	 x20:0x8ffffffc  x6:0x00000153 PA:0x8ffffffc store:0x00000153 load:0xffffffff
