Time	Cycle	PC	Insn	Decoded instruction	Register and memory contents
        1055000	         6	80000080	40001637	lui	x12,0x40001	 x12=0x40001000
        1065000	         7	80000084	10660613	addi	x12,x12,262	 x12:0x40001000 x12=0x40001106
        1075000	         8	80000088	30161073	csrrw	x0,misa,x12	 x12:0x40001106  x0=0x00000000
        1105000	        11	8000008c	00026d17	auipc	x26,0x26	 x26=0x8002608c
        1115000	        12	80000090	c58d0d13	addi	x26,x26,-936	 x26:0x8002608c x26=0x80025ce4
        1125000	        13	80000094	00002617	auipc	x12,0x2	 x12=0x80002094
        1135000	        14	80000098	66c60613	addi	x12,x12,1644	 x12:0x80002094 x12=0x80002700
        1145000	        15	8000009c	00166613	ori	x12,x12,1	 x12:0x80002700 x12=0x80002701
        1155000	        16	800000a0	30561073	csrrw	x0,mtvec,x12	 x12:0x80002701  x0=0x00000000
        1185000	        19	800000a4	74725073	csrrwi	x0,0x747,4	  x0=0x00000000
        1215000	        22	800000a8	00003397	auipc	x7,0x3	  x7=0x800030a8
        1225000	        23	800000ac	40038393	addi	x7,x7,1024	  x7:0x800030a8  x7=0x800034a8
        1235000	        24	800000b0	4601	c.li	x12,0	 x12=0x00000000
        1245000	        25	800000b2	93b2	c.add	x7,x12	  x7:0x800034a8 x12:0x00000000  x7=0x800034a8
        1255000	        26	800000b4	0023d393	srli	x7,x7,0x2	  x7:0x800034a8  x7=0x20000d2a
        1265000	        27	800000b8	3b039073	csrrw	x0,pmpaddr0,x7	  x7:0x20000d2a  x0=0x00000000
        1295000	        30	800000bc	00003397	auipc	x7,0x3	  x7=0x800030bc
        1305000	        31	800000c0	3ec38393	addi	x7,x7,1004	  x7:0x800030bc  x7=0x800034a8
        1315000	        32	800000c4	11111637	lui	x12,0x11111	 x12=0x11111000
        1325000	        33	800000c8	11160613	addi	x12,x12,273	 x12:0x11111000 x12=0x11111111
        1335000	        34	800000cc	93b2	c.add	x7,x12	  x7:0x800034a8 x12:0x11111111  x7=0x911145b9
        1345000	        35	800000ce	0023d393	srli	x7,x7,0x2	  x7:0x911145b9  x7=0x2444516e
        1355000	        36	800000d2	3b139073	csrrw	x0,pmpaddr1,x7	  x7:0x2444516e  x0=0x00000000
        1385000	        39	800000d6	00003397	auipc	x7,0x3	  x7=0x800030d6
        1395000	        40	800000da	3d238393	addi	x7,x7,978	  x7:0x800030d6  x7=0x800034a8
        1405000	        41	800000de	22222637	lui	x12,0x22222	 x12=0x22222000
        1415000	        42	800000e2	22260613	addi	x12,x12,546	 x12:0x22222000 x12=0x22222222
        1425000	        43	800000e6	93b2	c.add	x7,x12	  x7:0x800034a8 x12:0x22222222  x7=0xa22256ca
        1435000	        44	800000e8	0023d393	srli	x7,x7,0x2	  x7:0xa22256ca  x7=0x288895b2
        1445000	        45	800000ec	3b239073	csrrw	x0,pmpaddr2,x7	  x7:0x288895b2  x0=0x00000000
        1475000	        48	800000f0	00003397	auipc	x7,0x3	  x7=0x800030f0
        1485000	        49	800000f4	3b838393	addi	x7,x7,952	  x7:0x800030f0  x7=0x800034a8
        1495000	        50	800000f8	33333637	lui	x12,0x33333	 x12=0x33333000
        1505000	        51	800000fc	33360613	addi	x12,x12,819	 x12:0x33333000 x12=0x33333333
        1515000	        52	80000100	93b2	c.add	x7,x12	  x7:0x800034a8 x12:0x33333333  x7=0xb33367db
        1525000	        53	80000102	0023d393	srli	x7,x7,0x2	  x7:0xb33367db  x7=0x2cccd9f6
        1535000	        54	80000106	3b339073	csrrw	x0,pmpaddr3,x7	  x7:0x2cccd9f6  x0=0x00000000
        1565000	        57	8000010a	0f0f13b7	lui	x7,0xf0f1	  x7=0x0f0f1000
        1575000	        58	8000010e	f0f38393	addi	x7,x7,-241	  x7:0x0f0f1000  x7=0x0f0f0f0f
        1585000	        59	80000112	3a039073	csrrw	x0,pmpcfg0,x7	  x7:0x0f0f0f0f  x0=0x00000000
        1615000	        62	80000116	00003397	auipc	x7,0x3	  x7=0x80003116
        1625000	        63	8000011a	39238393	addi	x7,x7,914	  x7:0x80003116  x7=0x800034a8
        1635000	        64	8000011e	44444637	lui	x12,0x44444	 x12=0x44444000
        1645000	        65	80000122	44460613	addi	x12,x12,1092	 x12:0x44444000 x12=0x44444444
        1655000	        66	80000126	93b2	c.add	x7,x12	  x7:0x800034a8 x12:0x44444444  x7=0xc44478ec
        1665000	        67	80000128	0023d393	srli	x7,x7,0x2	  x7:0xc44478ec  x7=0x31111e3b
        1675000	        68	8000012c	3b439073	csrrw	x0,pmpaddr4,x7	  x7:0x31111e3b  x0=0x00000000
        1705000	        71	80000130	00003397	auipc	x7,0x3	  x7=0x80003130
        1715000	        72	80000134	37838393	addi	x7,x7,888	  x7:0x80003130  x7=0x800034a8
        1725000	        73	80000138	55555637	lui	x12,0x55555	 x12=0x55555000
        1735000	        74	8000013c	55560613	addi	x12,x12,1365	 x12:0x55555000 x12=0x55555555
        1745000	        75	80000140	93b2	c.add	x7,x12	  x7:0x800034a8 x12:0x55555555  x7=0xd55589fd
        1755000	        76	80000142	0023d393	srli	x7,x7,0x2	  x7:0xd55589fd  x7=0x3555627f
        1765000	        77	80000146	3b539073	csrrw	x0,pmpaddr5,x7	  x7:0x3555627f  x0=0x00000000
        1795000	        80	8000014a	00003397	auipc	x7,0x3	  x7=0x8000314a
        1805000	        81	8000014e	35e38393	addi	x7,x7,862	  x7:0x8000314a  x7=0x800034a8
        1815000	        82	80000152	66666637	lui	x12,0x66666	 x12=0x66666000
        1825000	        83	80000156	66660613	addi	x12,x12,1638	 x12:0x66666000 x12=0x66666666
        1835000	        84	8000015a	93b2	c.add	x7,x12	  x7:0x800034a8 x12:0x66666666  x7=0xe6669b0e
        1845000	        85	8000015c	0023d393	srli	x7,x7,0x2	  x7:0xe6669b0e  x7=0x3999a6c3
        1855000	        86	80000160	3b639073	csrrw	x0,pmpaddr6,x7	  x7:0x3999a6c3  x0=0x00000000
        1885000	        89	80000164	00003397	auipc	x7,0x3	  x7=0x80003164
        1895000	        90	80000168	34438393	addi	x7,x7,836	  x7:0x80003164  x7=0x800034a8
        1905000	        91	8000016c	77777637	lui	x12,0x77777	 x12=0x77777000
        1915000	        92	80000170	77760613	addi	x12,x12,1911	 x12:0x77777000 x12=0x77777777
        1925000	        93	80000174	93b2	c.add	x7,x12	  x7:0x800034a8 x12:0x77777777  x7=0xf777ac1f
        1935000	        94	80000176	0023d393	srli	x7,x7,0x2	  x7:0xf777ac1f  x7=0x3dddeb07
        1945000	        95	8000017a	3b739073	csrrw	x0,pmpaddr7,x7	  x7:0x3dddeb07  x0=0x00000000
        1975000	        98	8000017e	0f0f13b7	lui	x7,0xf0f1	  x7=0x0f0f1000
        1985000	        99	80000182	f0f38393	addi	x7,x7,-241	  x7:0x0f0f1000  x7=0x0f0f0f0f
        1995000	       100	80000186	3a139073	csrrw	x0,pmpcfg1,x7	  x7:0x0f0f0f0f  x0=0x00000000
        2025000	       103	8000018a	00003397	auipc	x7,0x3	  x7=0x8000318a
        2035000	       104	8000018e	31e38393	addi	x7,x7,798	  x7:0x8000318a  x7=0x800034a8
        2045000	       105	80000192	88889637	lui	x12,0x88889	 x12=0x88889000
        2055000	       106	80000196	88860613	addi	x12,x12,-1912	 x12:0x88889000 x12=0x88888888
        2065000	       107	8000019a	93b2	c.add	x7,x12	  x7:0x800034a8 x12:0x88888888  x7=0x0888bd30
        2075000	       108	8000019c	0023d393	srli	x7,x7,0x2	  x7:0x0888bd30  x7=0x02222f4c
        2085000	       109	800001a0	3b839073	csrrw	x0,pmpaddr8,x7	  x7:0x02222f4c  x0=0x00000000
        2115000	       112	800001a4	00003397	auipc	x7,0x3	  x7=0x800031a4
        2125000	       113	800001a8	30438393	addi	x7,x7,772	  x7:0x800031a4  x7=0x800034a8
        2135000	       114	800001ac	9999a637	lui	x12,0x9999a	 x12=0x9999a000
        2145000	       115	800001b0	99960613	addi	x12,x12,-1639	 x12:0x9999a000 x12=0x99999999
        2155000	       116	800001b4	93b2	c.add	x7,x12	  x7:0x800034a8 x12:0x99999999  x7=0x1999ce41
        2165000	       117	800001b6	0023d393	srli	x7,x7,0x2	  x7:0x1999ce41  x7=0x06667390
        2175000	       118	800001ba	3b939073	csrrw	x0,pmpaddr9,x7	  x7:0x06667390  x0=0x00000000
        2205000	       121	800001be	00003397	auipc	x7,0x3	  x7=0x800031be
        2215000	       122	800001c2	2ea38393	addi	x7,x7,746	  x7:0x800031be  x7=0x800034a8
        2225000	       123	800001c6	aaaab637	lui	x12,0xaaaab	 x12=0xaaaab000
        2235000	       124	800001ca	aaa60613	addi	x12,x12,-1366	 x12:0xaaaab000 x12=0xaaaaaaaa
        2245000	       125	800001ce	93b2	c.add	x7,x12	  x7:0x800034a8 x12:0xaaaaaaaa  x7=0x2aaadf52
        2255000	       126	800001d0	0023d393	srli	x7,x7,0x2	  x7:0x2aaadf52  x7=0x0aaab7d4
        2265000	       127	800001d4	3ba39073	csrrw	x0,pmpaddr10,x7	  x7:0x0aaab7d4  x0=0x00000000
        2295000	       130	800001d8	00003397	auipc	x7,0x3	  x7=0x800031d8
        2305000	       131	800001dc	2d038393	addi	x7,x7,720	  x7:0x800031d8  x7=0x800034a8
        2315000	       132	800001e0	bbbbc637	lui	x12,0xbbbbc	 x12=0xbbbbc000
        2325000	       133	800001e4	bbb60613	addi	x12,x12,-1093	 x12:0xbbbbc000 x12=0xbbbbbbbb
        2335000	       134	800001e8	93b2	c.add	x7,x12	  x7:0x800034a8 x12:0xbbbbbbbb  x7=0x3bbbf063
        2345000	       135	800001ea	0023d393	srli	x7,x7,0x2	  x7:0x3bbbf063  x7=0x0eeefc18
        2355000	       136	800001ee	3bb39073	csrrw	x0,pmpaddr11,x7	  x7:0x0eeefc18  x0=0x00000000
        2385000	       139	800001f2	0f0f13b7	lui	x7,0xf0f1	  x7=0x0f0f1000
        2395000	       140	800001f6	f0f38393	addi	x7,x7,-241	  x7:0x0f0f1000  x7=0x0f0f0f0f
        2405000	       141	800001fa	3a239073	csrrw	x0,pmpcfg2,x7	  x7:0x0f0f0f0f  x0=0x00000000
        2435000	       144	800001fe	00003397	auipc	x7,0x3	  x7=0x800031fe
        2445000	       145	80000202	2aa38393	addi	x7,x7,682	  x7:0x800031fe  x7=0x800034a8
        2455000	       146	80000206	ccccd637	lui	x12,0xccccd	 x12=0xccccd000
        2465000	       147	8000020a	ccc60613	addi	x12,x12,-820	 x12:0xccccd000 x12=0xcccccccc
        2475000	       148	8000020e	93b2	c.add	x7,x12	  x7:0x800034a8 x12:0xcccccccc  x7=0x4ccd0174
        2485000	       149	80000210	0023d393	srli	x7,x7,0x2	  x7:0x4ccd0174  x7=0x1333405d
        2495000	       150	80000214	3bc39073	csrrw	x0,pmpaddr12,x7	  x7:0x1333405d  x0=0x00000000
        2525000	       153	80000218	00003397	auipc	x7,0x3	  x7=0x80003218
        2535000	       154	8000021c	29038393	addi	x7,x7,656	  x7:0x80003218  x7=0x800034a8
        2545000	       155	80000220	dddde637	lui	x12,0xdddde	 x12=0xdddde000
        2555000	       156	80000224	ddd60613	addi	x12,x12,-547	 x12:0xdddde000 x12=0xdddddddd
        2565000	       157	80000228	93b2	c.add	x7,x12	  x7:0x800034a8 x12:0xdddddddd  x7=0x5dde1285
        2575000	       158	8000022a	0023d393	srli	x7,x7,0x2	  x7:0x5dde1285  x7=0x177784a1
        2585000	       159	8000022e	3bd39073	csrrw	x0,pmpaddr13,x7	  x7:0x177784a1  x0=0x00000000
        2615000	       162	80000232	00003397	auipc	x7,0x3	  x7=0x80003232
        2625000	       163	80000236	27638393	addi	x7,x7,630	  x7:0x80003232  x7=0x800034a8
        2635000	       164	8000023a	eeeef637	lui	x12,0xeeeef	 x12=0xeeeef000
        2645000	       165	8000023e	eee60613	addi	x12,x12,-274	 x12:0xeeeef000 x12=0xeeeeeeee
        2655000	       166	80000242	93b2	c.add	x7,x12	  x7:0x800034a8 x12:0xeeeeeeee  x7=0x6eef2396
        2665000	       167	80000244	0023d393	srli	x7,x7,0x2	  x7:0x6eef2396  x7=0x1bbbc8e5
        2675000	       168	80000248	3be39073	csrrw	x0,pmpaddr14,x7	  x7:0x1bbbc8e5  x0=0x00000000
        2705000	       171	8000024c	00003397	auipc	x7,0x3	  x7=0x8000324c
        2715000	       172	80000250	25c38393	addi	x7,x7,604	  x7:0x8000324c  x7=0x800034a8
        2725000	       173	80000254	fff00613	addi	x12,x0,-1	  x0:0x00000000 x12=0xffffffff
        2735000	       174	80000258	93b2	c.add	x7,x12	  x7:0x800034a8 x12:0xffffffff  x7=0x800034a7
        2745000	       175	8000025a	0023d393	srli	x7,x7,0x2	  x7:0x800034a7  x7=0x20000d29
        2755000	       176	8000025e	3bf39073	csrrw	x0,pmpaddr15,x7	  x7:0x20000d29  x0=0x00000000
        2785000	       179	80000262	0f0f13b7	lui	x7,0xf0f1	  x7=0x0f0f1000
        2795000	       180	80000266	f0f38393	addi	x7,x7,-241	  x7:0x0f0f1000  x7=0x0f0f0f0f
        2805000	       181	8000026a	3a339073	csrrw	x0,pmpcfg3,x7	  x7:0x0f0f0f0f  x0=0x00000000
        2835000	       184	8000026e	00000617	auipc	x12,0x0	 x12=0x8000026e
        2845000	       185	80000272	06060613	addi	x12,x12,96	 x12:0x8000026e x12=0x800002ce
        2855000	       186	80000276	34161073	csrrw	x0,mepc,x12	 x12:0x800002ce  x0=0x00000000
        2865000	       187	8000027a	7c00d073	csrrwi	x0,0x7c0,1	  x0=0x00000000
        2895000	       190	8000027e	4601	c.li	x12,0	 x12=0x00000000
        2905000	       191	80000280	30061073	csrrw	x0,mstatus,x12	 x12:0x00000000  x0=0x00000000
        2935000	       194	80000284	4601	c.li	x12,0	 x12=0x00000000
        2945000	       195	80000286	30461073	csrrw	x0,mie,x12	 x12:0x00000000  x0=0x00000000
        2975000	       198	8000028a	90000b37	lui	x22,0x90000	 x22=0x90000000
        2985000	       199	8000028e	1b71	c.addi	x22,-4	 x22:0x90000000 x22=0x8ffffffc
        2995000	       200	80000290	90000b37	lui	x22,0x90000	 x22=0x90000000
        3005000	       201	80000294	1b71	c.addi	x22,-4	 x22:0x90000000 x22=0x8ffffffc
        3015000	       202	80000296	90000b37	lui	x22,0x90000	 x22=0x90000000
        3025000	       203	8000029a	1b71	c.addi	x22,-4	 x22:0x90000000 x22=0x8ffffffc
        3035000	       204	8000029c	30000613	addi	x12,x0,768	  x0:0x00000000 x12=0x00000300
        3045000	       205	800002a0	0622	c.slli	x12,0x8	 x12:0x00000300 x12=0x00030000
        3055000	       206	800002a2	060d	c.addi	x12,3	 x12:0x00030000 x12=0x00030003
        3065000	       207	800002a4	00cb2023	sw	x12,0(x22)	 x22:0x8ffffffc x12:0x00030003 PA:0x8ffffffc store:0x00030003 load:0x00000000
        3075000	       208	800002a8	30002673	csrrs	x12,mstatus,x0	  x0:0x00000000 x12=0x00000000
        3085000	       209	800002ac	00cb2023	sw	x12,0(x22)	 x22:0x8ffffffc x12:0x00000000 PA:0x8ffffffc store:0x00000000 load:0x00000000
        3095000	       210	800002b0	90000b37	lui	x22,0x90000	 x22=0x90000000
        3105000	       211	800002b4	1b71	c.addi	x22,-4	 x22:0x90000000 x22=0x8ffffffc
        3115000	       212	800002b6	30400613	addi	x12,x0,772	  x0:0x00000000 x12=0x00000304
        3125000	       213	800002ba	0622	c.slli	x12,0x8	 x12:0x00000304 x12=0x00030400
        3135000	       214	800002bc	060d	c.addi	x12,3	 x12:0x00030400 x12=0x00030403
        3145000	       215	800002be	00cb2023	sw	x12,0(x22)	 x22:0x8ffffffc x12:0x00030403 PA:0x8ffffffc store:0x00030403 load:0x00000000
        3155000	       216	800002c2	30402673	csrrs	x12,mie,x0	  x0:0x00000000 x12=0x00000000
        3165000	       217	800002c6	00cb2023	sw	x12,0(x22)	 x22:0x8ffffffc x12:0x00000000 PA:0x8ffffffc store:0x00000000 load:0x00000000
        3175000	       218	800002ca	30200073	mret	
        3215000	       222	800002ce	cdc0a037	lui	x0,0xcdc0a	  x0=0x00000000
        3225000	       223	800002d2	ec900013	addi	x0,x0,-311	  x0:0x00000000  x0=0x00000000
        3235000	       224	800002d6	800000b7	lui	x1,0x80000	  x1=0x80000000
        3245000	       225	800002da	80000137	lui	x2,0x80000	  x2=0x80000000
        3255000	       226	800002de	fff6f1b7	lui	x3,0xfff6f	  x3=0xfff6f000
        3265000	       227	800002e2	beb18193	addi	x3,x3,-1045	  x3:0xfff6f000  x3=0xfff6ebeb
        3275000	       228	800002e6	420d	c.li	x4,3	  x4=0x00000003
        3285000	       229	800002e8	4281	c.li	x5,0	  x5=0x00000000
        3295000	       230	800002ea	80000337	lui	x6,0x80000	  x6=0x80000000
        3305000	       231	800002ee	faeba3b7	lui	x7,0xfaeba	  x7=0xfaeba000
        3315000	       232	800002f2	c0938393	addi	x7,x7,-1015	  x7:0xfaeba000  x7=0xfaeb9c09
        3325000	       233	800002f6	4411	c.li	x8,4	  x8=0x00000004
        3335000	       234	800002f8	4499	c.li	x9,6	  x9=0x00000006
        3345000	       235	800002fa	ff3c4537	lui	x10,0xff3c4	 x10=0xff3c4000
        3355000	       236	800002fe	09b50513	addi	x10,x10,155	 x10:0xff3c4000 x10=0xff3c409b
        3365000	       237	80000302	f8f265b7	lui	x11,0xf8f26	 x11=0xf8f26000
        3375000	       238	80000306	25c58593	addi	x11,x11,604	 x11:0xf8f26000 x11=0xf8f2625c
        3385000	       239	8000030a	80000637	lui	x12,0x80000	 x12=0x80000000
        3395000	       240	8000030e	46ad	c.li	x13,11	 x13=0x0000000b
        3405000	       241	80000310	7f8da737	lui	x14,0x7f8da	 x14=0x7f8da000
        3415000	       242	80000314	33470713	addi	x14,x14,820	 x14:0x7f8da000 x14=0x7f8da334
        3425000	       243	80000318	fd2187b7	lui	x15,0xfd218	 x15=0xfd218000
        3435000	       244	8000031c	87b78793	addi	x15,x15,-1925	 x15:0xfd218000 x15=0xfd21787b
        3445000	       245	80000320	4801	c.li	x16,0	 x16=0x00000000
        3455000	       246	80000322	489d	c.li	x17,7	 x17=0x00000007
        3465000	       247	80000324	4911	c.li	x18,4	 x18=0x00000004
        3475000	       248	80000326	f15b6a37	lui	x20,0xf15b6	 x20=0xf15b6000
        3485000	       249	8000032a	b64a0a13	addi	x20,x20,-1180	 x20:0xf15b6000 x20=0xf15b5b64
        3495000	       250	8000032e	f2d69ab7	lui	x21,0xf2d69	 x21=0xf2d69000
        3505000	       251	80000332	361a8a93	addi	x21,x21,865	 x21:0xf2d69000 x21=0xf2d69361
        3515000	       252	80000336	4b01	c.li	x22,0	 x22=0x00000000
        3525000	       253	80000338	8fde9bb7	lui	x23,0x8fde9	 x23=0x8fde9000
        3535000	       254	8000033c	a6fb8b93	addi	x23,x23,-1425	 x23:0x8fde9000 x23=0x8fde8a6f
        3545000	       255	80000340	4c09	c.li	x24,2	 x24=0x00000002
        3555000	       256	80000342	7576bcb7	lui	x25,0x7576b	 x25=0x7576b000
        3565000	       257	80000346	d53c8c93	addi	x25,x25,-685	 x25:0x7576b000 x25=0x7576ad53
        3575000	       258	8000034a	80000db7	lui	x27,0x80000	 x27=0x80000000
        3585000	       259	8000034e	4e01	c.li	x28,0	 x28=0x00000000
        3595000	       260	80000350	d947feb7	lui	x29,0xd947f	 x29=0xd947f000
        3605000	       261	80000354	9b5e8e93	addi	x29,x29,-1611	 x29:0xd947f000 x29=0xd947e9b5
        3615000	       262	80000358	4f2d	c.li	x30,11	 x30=0x0000000b
        3625000	       263	8000035a	4f8d	c.li	x31,3	 x31=0x00000003
        3635000	       264	8000035c	00022997	auipc	x19,0x22	 x19=0x8002235c
        3645000	       265	80000360	b0898993	addi	x19,x19,-1272	 x19:0x8002235c x19=0x80021e64
        3655000	       266	80000364	90000b37	lui	x22,0x90000	 x22=0x90000000
        3665000	       267	80000368	1b71	c.addi	x22,-4	 x22:0x90000000 x22=0x8ffffffc
        3675000	       268	8000036a	4601	c.li	x12,0	 x12=0x00000000
        3685000	       269	8000036c	0622	c.slli	x12,0x8	 x12:0x00000000 x12=0x00000000
        3695000	       270	8000036e	00060613	addi	x12,x12,0	 x12:0x00000000 x12=0x00000000
        3705000	       271	80000372	00cb2023	sw	x12,0(x22)	 x22:0x8ffffffc x12:0x00000000 PA:0x8ffffffc store:0x00000000 load:0x00000000
        3715000	       272	80000376	1320306f	jal	x0,800034a8	  x0=0x00000000
        4095000	       310	800034a8	0336c633	div	x12,x13,x19	 x13:0x0000000b x19:0x80021e64 x12=0x00000000
        4465000	       347	800034ac	02e1ca33	div	x20,x3,x14	  x3:0xfff6ebeb x14:0x7f8da334 x20=0x00000000
        4475000	       348	800034b0	0ff0000f	fence	iorw,iorw	
        4845000	       385	800034b4	031f6c33	rem	x24,x30,x17	 x30:0x0000000b x17:0x00000007 x24=0x00000004
        4875000	       388	800034b8	02a38c33	mul	x24,x7,x10	  x7:0xfaeb9c09 x10:0xff3c409b x24=0x5cc5b973
        4885000	       389	800034bc	61d9	c.lui	x3,0x16	  x3=0x00016000
        4905000	       391	800034be	020ff833	remu	x16,x31,x0	 x31:0x00000003  x0:0x00000000 x16=0x00000003
        4915000	       392	800034c2	81c1	c.srli	x11,0x10	 x11:0xf8f2625c x11=0x0000f8f2
        4925000	       393	800034c4	01862fb3	slt	x31,x12,x24	 x12:0x00000000 x24:0x5cc5b973 x31=0x00000001
        4935000	       394	800034c8	0ff0000f	fence	iorw,iorw	
        4945000	       395	800034cc	987d	c.andi	x8,-1	  x8:0x00000004  x8=0x00000004
        4955000	       396	800034ce	00f37533	and	x10,x6,x15	  x6:0x80000000 x15:0xfd21787b x10=0x80000000
        4965000	       397	800034d2	0001	c.addi	x0,0	  x0:0x00000000  x0=0x00000000
        5335000	       434	800034d4	031ef333	remu	x6,x29,x17	 x29:0xd947e9b5 x17:0x00000007  x6=0x00000002
        5345000	       435	800034d8	16fd	c.addi	x13,-1	 x13:0x0000000b x13=0x0000000a
        5355000	       436	800034da	00003717	auipc	x14,0x3	 x14=0x800064da
        5365000	       437	800034de	c1470713	addi	x14,x14,-1004	 x14:0x800064da x14=0x800060ee
        5375000	       438	800034e2	9ff2	c.add	x31,x28	 x31:0x00000001 x28:0x00000000 x31=0x00000001
        5385000	       439	800034e4	d5870713	addi	x14,x14,-680	 x14:0x800060ee x14=0x80005e46
        5395000	       440	800034e8	e19065b7	lui	x11,0xe1906	 x11=0xe1906000
        5405000	       441	800034ec	00382333	slt	x6,x16,x3	 x16:0x00000003  x3:0x00016000  x6=0x00000001
        5775000	       478	800034f0	039b76b3	remu	x13,x22,x25	 x22:0x8ffffffc x25:0x7576ad53 x13=0x1a8952a9
        5815000	       482	800034f4	033a9c33	mulh	x24,x21,x19	 x21:0xf2d69361 x19:0x80021e64 x24=0x06949a6c
        5825000	       483	800034f8	8495	c.srai	x9,0x5	  x9:0x00000006  x9=0x00000000
        5835000	       484	800034fa	2a870ce7	jalr	x25,680(x14)	 x14:0x80005e46 x25=0x800034fe
        5865000	       487	800060ee	0130f0b3	and	x1,x1,x19	  x1:0x80000000 x19:0x80021e64  x1=0x80000000
        5875000	       488	800060f2	fc098993	addi	x19,x19,-64	 x19:0x80021e64 x19=0x80021e24
        5885000	       489	800060f6	0001	c.addi	x0,0	  x0:0x00000000  x0=0x00000000
        5925000	       493	800060f8	02d6be33	mulhu	x28,x13,x13	 x13:0x1a8952a9 x13:0x1a8952a9 x28=0x02c02e73
        5935000	       494	800060fc	0199a223	sw	x25,4(x19)	 x19:0x80021e24 x25:0x800034fe PA:0x80021e28 store:0x800034fe load:0x00000000
        5945000	       495	80006100	010b8f33	add	x30,x23,x16	 x23:0x8fde8a6f x16:0x00000003 x30=0x8fde8a72
        5955000	       496	80006104	00f8c4b3	xor	x9,x17,x15	 x17:0x00000007 x15:0xfd21787b  x9=0xfd21787c
        5965000	       497	80006108	0c9e	c.slli	x25,0x7	 x25:0x800034fe x25=0x001a7f00
        6335000	       534	8000610a	03f7f0b3	remu	x1,x15,x31	 x15:0xfd21787b x31:0x00000001  x1=0x00000000
        6345000	       535	8000610e	110c	c.addi4spn	x11,x2,160	 x11=0x800000a0
        6375000	       538	80006110	03ca01b3	mul	x3,x20,x28	 x20:0x00000000 x28:0x02c02e73  x3=0x00000000
        6385000	       539	80006114	8ed1	c.or	x13,x12	 x13:0x1a8952a9 x12:0x00000000 x13=0x1a8952a9
        6425000	       543	80006116	031f9333	mulh	x6,x31,x17	 x31:0x00000001 x17:0x00000007  x6=0x00000000
        6435000	       544	8000611a	0076d7b3	srl	x15,x13,x7	 x13:0x1a8952a9  x7:0xfaeb9c09 x15=0x000d44a9
        6445000	       545	8000611e	008a1663	bne	x20,x8,8000612a	 x20:0x00000000  x8:0x00000004
        6475000	       548	8000612a	a59fdcef	jal	x25,80003b82	 x25=0x8000612e
        6495000	       550	80003b82	882d	c.andi	x8,11	  x8:0x00000004  x8=0x00000000
        6505000	       551	80003b84	00c5ff33	and	x30,x11,x12	 x11:0x800000a0 x12:0x00000000 x30=0x00000000
        6545000	       555	80003b88	02579533	mulh	x10,x15,x5	 x15:0x000d44a9  x5:0x00000000 x10=0x00000000
        6555000	       556	80003b8c	410ede13	srai	x28,x29,0x10	 x29:0xd947e9b5 x28=0xffffd947
        6565000	       557	80003b90	41710533	sub	x10,x2,x23	  x2:0x80000000 x23:0x8fde8a6f x10=0xf0217591
        6575000	       558	80003b94	e109	c.bnez	x10,80003b96	 x10:0xf0217591
        6605000	       561	80003b96	fd098993	addi	x19,x19,-48	 x19:0x80021e24 x19=0x80021df4
        6975000	       598	80003b9a	0222f833	remu	x16,x5,x2	  x5:0x00000000  x2:0x80000000 x16=0x00000000
        6985000	       599	80003b9e	0199a223	sw	x25,4(x19)	 x19:0x80021df4 x25:0x8000612e PA:0x80021df8 store:0x8000612e load:0x00000000
        6995000	       600	80003ba2	004f7533	and	x10,x30,x4	 x30:0x00000000  x4:0x00000003 x10=0x00000000
        7005000	       601	80003ba6	01fe3033	sltu	x0,x28,x31	 x28:0xffffd947 x31:0x00000001  x0=0x00000000
        7015000	       602	80003baa	00f64833	xor	x16,x12,x15	 x12:0x00000000 x15:0x000d44a9 x16=0x000d44a9
        7025000	       603	80003bae	6139	c.addi16sp	x2,448	  x2:0x80000000  x2=0x800001c0
        7035000	       604	80003bb0	0096c863	blt	x13,x9,80003bc0	 x13:0x1a8952a9  x9:0xfd21787c
        7045000	       605	80003bb4	86ce	c.mv	x13,x19	  x0:0x00000000 x19:0x80021df4 x13=0x80021df4
        7055000	       606	80003bb6	517d	c.li	x2,-1	  x2=0xffffffff
        7065000	       607	80003bb8	40638913	addi	x18,x7,1030	  x7:0xfaeb9c09 x18=0xfaeba00f
        7075000	       608	80003bbc	00e7e433	or	x8,x15,x14	 x15:0x000d44a9 x14:0x80005e46  x8=0x800d5eef
        7085000	       609	80003bc0	844d	c.srai	x8,0x13	  x8:0x800d5eef  x8=0xfffff001
        7125000	       613	80003bc2	02c4a5b3	mulhsu	x11,x9,x12	  x9:0xfd21787c x12:0x00000000 x11=0x00000000
        7135000	       614	80003bc6	0001	c.addi	x0,0	  x0:0x00000000  x0=0x00000000
        7145000	       615	80003bc8	8baa7193	andi	x3,x20,-1862	 x20:0x00000000  x3=0x00000000
        7155000	       616	80003bcc	01be24b3	slt	x9,x28,x27	 x28:0xffffd947 x27:0x80000000  x9=0x00000000
        7165000	       617	80003bd0	41fc8ab3	sub	x21,x25,x31	 x25:0x8000612e x31:0x00000001 x21=0x8000612d
        7205000	       621	80003bd4	02393eb3	mulhu	x29,x18,x3	 x18:0xfaeba00f  x3:0x00000000 x29=0x00000000
        7215000	       622	80003bd8	d7ea8913	addi	x18,x21,-642	 x21:0x8000612d x18=0x80005eab
        7225000	       623	80003bdc	01cc52b3	srl	x5,x24,x28	 x24:0x06949a6c x28:0xffffd947  x5=0x000d2934
        7235000	       624	80003be0	007bb033	sltu	x0,x23,x7	 x23:0x8fde8a6f  x7:0xfaeb9c09  x0=0x00000000
        7245000	       625	80003be4	4199de93	srai	x29,x19,0x19	 x19:0x80021df4 x29=0xffffffc0
        7255000	       626	80003be8	142b3e13	sltiu	x28,x22,322	 x22:0x8ffffffc x28=0x00000000
        7265000	       627	80003bec	0001	c.addi	x0,0	  x0:0x00000000  x0=0x00000000
        7275000	       628	80003bee	0274cd63	blt	x9,x7,80003c28	  x9:0x00000000  x7:0xfaeb9c09
        7285000	       629	80003bf2	13d1a593	slti	x11,x3,317	  x3:0x00000000 x11=0x00000001
        7295000	       630	80003bf6	1d04	c.addi4spn	x9,x2,688	  x9=0x000002af
        7305000	       631	80003bf8	01e9d633	srl	x12,x19,x30	 x19:0x80021df4 x30:0x00000000 x12=0x80021df4
        7315000	       632	80003bfc	0ff0000f	fence	iorw,iorw	
        7325000	       633	80003c00	0652	c.slli	x12,0x14	 x12:0x80021df4 x12=0xdf400000
        7335000	       634	80003c02	01691533	sll	x10,x18,x22	 x18:0x80005eab x22:0x8ffffffc x10=0xb0000000
        7355000	       636	80003c06	0218ceb3	div	x29,x17,x1	 x17:0x00000007  x1:0x00000000 x29=0xffffffff
        7365000	       637	80003c0a	24c06c93	ori	x25,x0,588	  x0:0x00000000 x25=0x0000024c
        7375000	       638	80003c0e	5e7d	c.li	x28,-1	 x28=0xffffffff
        7385000	       639	80003c10	f03bf217	auipc	x4,0xf03bf	  x4=0x703c2c10
        7425000	       643	80003c14	02fd9fb3	mulh	x31,x27,x15	 x27:0x80000000 x15:0x000d44a9 x31=0xfff95dab
        7435000	       644	80003c18	415f5713	srai	x14,x30,0x15	 x30:0x00000000 x14=0x00000000
        7445000	       645	80003c1c	0001	c.addi	x0,0	  x0:0x00000000  x0=0x00000000
        7455000	       646	80003c1e	00ef5033	srl	x0,x30,x14	 x30:0x00000000 x14:0x00000000  x0=0x00000000
        7485000	       649	80003c22	03cd0333	mul	x6,x26,x28	 x26:0x80025ce4 x28:0xffffffff  x6=0x7ffda31c
        7495000	       650	80003c26	8c06	c.mv	x24,x1	  x0:0x00000000  x1:0x00000000 x24=0x00000000
        7505000	       651	80003c28	e109	c.bnez	x10,80003c2a	 x10:0xb0000000
        7535000	       654	80003c2a	01f27e33	and	x28,x4,x31	  x4:0x703c2c10 x31:0xfff95dab x28=0x70380c00
        7545000	       655	80003c2e	91c6	c.add	x3,x17	  x3:0x00000000 x17:0x00000007  x3=0x00000007
        7555000	       656	80003c30	e015	c.bnez	x8,80003c54	  x8:0xfffff001
        7575000	       658	80003c54	00f25093	srli	x1,x4,0xf	  x4:0x703c2c10  x1=0x0000e078
        7585000	       659	80003c58	008211b3	sll	x3,x4,x8	  x4:0x703c2c10  x8:0xfffff001  x3=0xe0785820
        7595000	       660	80003c5c	0ff0000f	fence	iorw,iorw	
        7605000	       661	80003c60	413a56b3	sra	x13,x20,x19	 x20:0x00000000 x19:0x80021df4 x13=0x00000000
        7615000	       662	80003c64	40a6db33	sra	x22,x13,x10	 x13:0x00000000 x10:0xb0000000 x22=0x00000000
        7625000	       663	80003c68	e6052113	slti	x2,x10,-416	 x10:0xb0000000  x2=0x00000001
        7635000	       664	80003c6c	0087c5b3	xor	x11,x15,x8	 x15:0x000d44a9  x8:0xfffff001 x11=0xfff2b4a8
        7645000	       665	80003c70	56fd	c.li	x13,-1	 x13=0xffffffff
        7655000	       666	80003c72	0088	c.addi4spn	x10,x2,64	 x10=0x00000041
        7695000	       670	80003c74	036e16b3	mulh	x13,x28,x22	 x28:0x70380c00 x22:0x00000000 x13=0x00000000
        8065000	       707	80003c78	035e7bb3	remu	x23,x28,x21	 x28:0x70380c00 x21:0x8000612d x23=0x70380c00
        8105000	       711	80003c7c	0379bc33	mulhu	x24,x19,x23	 x19:0x80021df4 x23:0x70380c00 x24=0x381cf391
        8115000	       712	80003c80	0049ac83	lw	x25,4(x19)	 x19:0x80021df4 x25=0x8000612e PA:0x80021df8 load:0x8000612e
        8125000	       713	80003c84	8579	c.srai	x10,0x1e	 x10:0x00000041 x10=0x00000000
        8135000	       714	80003c86	4176de93	srai	x29,x13,0x17	 x13:0x00000000 x29=0x00000000
        8145000	       715	80003c8a	40f25e93	srai	x29,x4,0xf	  x4:0x703c2c10 x29=0x0000e078
        8155000	       716	80003c8e	01bdd013	srli	x0,x27,0x1b	 x27:0x80000000  x0=0x00000000
        8185000	       719	80003c92	02490633	mul	x12,x18,x4	 x18:0x80005eab  x4:0x703c2c10 x12=0x105f4eb0
        8195000	       720	80003c96	0009d0b3	srl	x1,x19,x0	 x19:0x80021df4  x0:0x00000000  x1=0x80021df4
        8205000	       721	80003c9a	03098993	addi	x19,x19,48	 x19:0x80021df4 x19=0x80021e24
        8215000	       722	80003c9e	00d1d893	srli	x17,x3,0xd	  x3:0xe0785820 x17=0x000703c2
        8225000	       723	80003ca2	8836	c.mv	x16,x13	  x0:0x00000000 x13:0x00000000 x16=0x00000000
        8235000	       724	80003ca4	000c8b13	addi	x22,x25,0	 x25:0x8000612e x22=0x8000612e
        8245000	       725	80003ca8	9b02	c.jalr	x22	 x22:0x8000612e  x1=0x80003caa
        8275000	       728	8000612e	00001f17	auipc	x30,0x1	 x30=0x8000712e
        8285000	       729	80006132	8def0f13	addi	x30,x30,-1826	 x30:0x8000712e x30=0x80006a0c
        8295000	       730	80006136	007060b3	or	x1,x0,x7	  x0:0x00000000  x7:0xfaeb9c09  x1=0xfaeb9c09
        8305000	       731	8000613a	8c81	c.sub	x9,x8	  x9:0x000002af  x8:0xfffff001  x9=0x000012ae
        8315000	       732	8000613c	9fb2	c.add	x31,x12	 x31:0xfff95dab x12:0x105f4eb0 x31=0x1058ac5b
        8325000	       733	8000613e	0f75	c.addi	x30,29	 x30:0x80006a0c x30=0x80006a29
        8335000	       734	80006140	417a0433	sub	x8,x20,x23	 x20:0x00000000 x23:0x70380c00  x8=0x8fc7f400
        8345000	       735	80006144	41e3d293	srai	x5,x7,0x1e	  x7:0xfaeb9c09  x5=0xffffffff
        8715000	       772	80006148	03b1f933	remu	x18,x3,x27	  x3:0xe0785820 x27:0x80000000 x18=0x60785820
        8725000	       773	8000614c	0000100f	fence.i	
        8745000	       775	80006150	fe3f0ce7	jalr	x25,-29(x30)	 x30:0x80006a29 x25=0x80006154
        8765000	       777	80006a0c	00494563	blt	x18,x4,80006a16	 x18:0x60785820  x4:0x703c2c10
        8785000	       779	80006a16	19a1	c.addi	x19,-24	 x19:0x80021e24 x19=0x80021e0c
        8825000	       783	80006a18	03791433	mulh	x8,x18,x23	 x18:0x60785820 x23:0x70380c00  x8=0x2a49c566
        8835000	       784	80006a1c	0199a223	sw	x25,4(x19)	 x19:0x80021e0c x25:0x80006154 PA:0x80021e10 store:0x80006154 load:0x00000000
        8845000	       785	80006a20	6349	c.lui	x6,0x12	  x6=0x00012000
        8855000	       786	80006a22	077d	c.addi	x14,31	 x14:0x00000000 x14=0x0000001f
        8865000	       787	80006a24	8bbd	c.andi	x15,15	 x15:0x000d44a9 x15=0x00000009
        8875000	       788	80006a26	8d39	c.xor	x10,x14	 x10:0x00000000 x14:0x0000001f x10=0x0000001f
        8885000	       789	80006a28	00d05663	bge	x0,x13,80006a34	  x0:0x00000000 x13:0x00000000
        8925000	       793	80006a34	03a38cb3	mul	x25,x7,x26	  x7:0xfaeb9c09 x26:0x80025ce4 x25=0xddfc3404
        8935000	       794	80006a38	0001	c.addi	x0,0	  x0:0x00000000  x0=0x00000000
        8945000	       795	80006a3a	852d	c.srai	x10,0xb	 x10:0x0000001f x10=0x00000000
        8955000	       796	80006a3c	0001	c.addi	x0,0	  x0:0x00000000  x0=0x00000000
        8965000	       797	80006a3e	014e6e63	bltu	x28,x20,80006a5a	 x28:0x70380c00 x20:0x00000000
        8975000	       798	80006a42	d386b893	sltiu	x17,x13,-712	 x13:0x00000000 x17=0x00000001
        9345000	       835	80006a46	02195e33	divu	x28,x18,x1	 x18:0x60785820  x1:0xfaeb9c09 x28=0x00000000
        9355000	       836	80006a4a	00cac233	xor	x4,x21,x12	 x21:0x8000612d x12:0x105f4eb0  x4=0x905f2f9d
        9365000	       837	80006a4e	8f31	c.xor	x14,x12	 x14:0x0000001f x12:0x105f4eb0 x14=0x105f4eaf
        9375000	       838	80006a50	0686	c.slli	x13,0x1	 x13:0x00000000 x13=0x00000000
        9385000	       839	80006a52	9a7a	c.add	x20,x30	 x20:0x00000000 x30:0x80006a29 x20=0x80006a29
        9425000	       843	80006a54	03799eb3	mulh	x29,x19,x23	 x19:0x80021e0c x23:0x70380c00 x29=0xc7e4e79b
        9435000	       844	80006a58	8fb5	c.xor	x15,x13	 x15:0x00000009 x13:0x00000000 x15=0x00000009
        9445000	       845	80006a5a	46716a93	ori	x21,x2,1127	  x2:0x00000001 x21=0x00000467
        9455000	       846	80006a5e	98bba693	slti	x13,x23,-1653	 x23:0x70380c00 x13=0x00000000
        9465000	       847	80006a62	8005	c.srli	x8,0x1	  x8:0x2a49c566  x8=0x1524e2b3
        9495000	       850	80006a64	036181b3	mul	x3,x3,x22	  x3:0xe0785820 x22:0x8000612e  x3=0xef03f5c0
        9505000	       851	80006a68	0000100f	fence.i	
        9525000	       853	80006a6c	60bd	c.lui	x1,0xf	  x1=0x0000f000
        9535000	       854	80006a6e	0480	c.addi4spn	x8,x2,576	  x8=0x00000241
        9545000	       855	80006a70	00b9b033	sltu	x0,x19,x11	 x19:0x80021e0c x11:0xfff2b4a8  x0=0x00000000
        9555000	       856	80006a74	003c40b3	xor	x1,x24,x3	 x24:0x381cf391  x3:0xef03f5c0  x1=0xd71f0651
        9565000	       857	80006a78	e491	c.bnez	x9,80006a84	  x9:0x000012ae
        9585000	       859	80006a84	def27813	andi	x16,x4,-529	  x4:0x905f2f9d x16=0x905f2d8d
        9595000	       860	80006a88	009ec7b3	xor	x15,x29,x9	 x29:0xc7e4e79b  x9:0x000012ae x15=0xc7e4f535
        9605000	       861	80006a8c	01a65cb3	srl	x25,x12,x26	 x12:0x105f4eb0 x26:0x80025ce4 x25=0x0105f4eb
        9615000	       862	80006a90	8cd5	c.or	x9,x13	  x9:0x000012ae x13:0x00000000  x9=0x000012ae
        9625000	       863	80006a92	014a4e33	xor	x28,x20,x20	 x20:0x80006a29 x20:0x80006a29 x28=0x00000000
        9635000	       864	80006a96	003f9233	sll	x4,x31,x3	 x31:0x1058ac5b  x3:0xef03f5c0  x4=0x1058ac5b
        9645000	       865	80006a9a	00861d63	bne	x12,x8,80006ab4	 x12:0x105f4eb0  x8:0x00000241
        9665000	       867	80006ab4	043a7463	bgeu	x20,x3,80006afc	 x20:0x80006a29  x3:0xef03f5c0
       10035000	       904	80006ab8	0251f733	remu	x14,x3,x5	  x3:0xef03f5c0  x5:0xffffffff x14=0xef03f5c0
       10045000	       905	80006abc	8db9	c.xor	x11,x14	 x11:0xfff2b4a8 x14:0xef03f5c0 x11=0x10f14168
       10055000	       906	80006abe	00c8b133	sltu	x2,x17,x12	 x17:0x00000001 x12:0x105f4eb0  x2=0x00000001
       10075000	       908	80006ac2	03c3e7b3	rem	x15,x7,x28	  x7:0xfaeb9c09 x28:0x00000000 x15=0xfaeb9c09
       10085000	       909	80006ac6	015f9933	sll	x18,x31,x21	 x31:0x1058ac5b x21:0x00000467 x18=0x2c562d80
       10095000	       910	80006aca	013b0ab3	add	x21,x22,x19	 x22:0x8000612e x19:0x80021e0c x21=0x00027f3a
       10105000	       911	80006ace	6c2d	c.lui	x24,0xb	 x24=0x0000b000
       10115000	       912	80006ad0	40da0133	sub	x2,x20,x13	 x20:0x80006a29 x13:0x00000000  x2=0x80006a29
       10125000	       913	80006ad4	0001	c.addi	x0,0	  x0:0x00000000  x0=0x00000000
       10135000	       914	80006ad6	4152d333	sra	x6,x5,x21	  x5:0xffffffff x21:0x00027f3a  x6=0xffffffff
       10145000	       915	80006ada	1a478a13	addi	x20,x15,420	 x15:0xfaeb9c09 x20=0xfaeb9dad
       10155000	       916	80006ade	e707a613	slti	x12,x15,-400	 x15:0xfaeb9c09 x12=0x00000001
       10165000	       917	80006ae2	0021d263	bge	x3,x2,80006ae6	  x3:0xef03f5c0  x2:0x80006a29
       10195000	       920	80006ae6	00b7a133	slt	x2,x15,x11	 x15:0xfaeb9c09 x11:0x10f14168  x2=0x00000001
       10205000	       921	80006aea	41538133	sub	x2,x7,x21	  x7:0xfaeb9c09 x21:0x00027f3a  x2=0xfae91ccf
       10215000	       922	80006aee	00955c13	srli	x24,x10,0x9	 x10:0x00000000 x24=0x00000000
       10225000	       923	80006af2	0119ffb3	and	x31,x19,x17	 x19:0x80021e0c x17:0x00000001 x31=0x00000000
       10235000	       924	80006af6	88a1	c.andi	x9,8	  x9:0x000012ae  x9=0x00000008
       10245000	       925	80006af8	0a17b893	sltiu	x17,x15,161	 x15:0xfaeb9c09 x17=0x00000000
       10255000	       926	80006afc	41b4dab3	sra	x21,x9,x27	  x9:0x00000008 x27:0x80000000 x21=0x00000008
       10625000	       963	80006b00	0295f933	remu	x18,x11,x9	 x11:0x10f14168  x9:0x00000008 x18=0x00000000
       10635000	       964	80006b04	8e75	c.and	x12,x13	 x12:0x00000001 x13:0x00000000 x12=0x00000000
       10645000	       965	80006b06	3c876413	ori	x8,x14,968	 x14:0xef03f5c0  x8=0xef03f7c8
       10655000	       966	80006b0a	00167d63	bgeu	x12,x1,80006b24	 x12:0x00000000  x1:0xd71f0651
       10665000	       967	80006b0e	003d0bb3	add	x23,x26,x3	 x26:0x80025ce4  x3:0xef03f5c0 x23=0x6f0652a4
       10675000	       968	80006b12	9e12	c.add	x28,x4	 x28:0x00000000  x4:0x1058ac5b x28=0x1058ac5b
       10685000	       969	80006b14	6bd1	c.lui	x23,0x14	 x23=0x00014000
       10695000	       970	80006b16	997d	c.andi	x10,-1	 x10:0x00000000 x10=0x00000000
       10705000	       971	80006b18	611ce513	ori	x10,x25,1553	 x25:0x0105f4eb x10=0x0105f6fb
       10715000	       972	80006b1c	003440b3	xor	x1,x8,x3	  x8:0xef03f7c8  x3:0xef03f5c0  x1=0x00000208
       10725000	       973	80006b20	407bd8b3	sra	x17,x23,x7	 x23:0x00014000  x7:0xfaeb9c09 x17=0x000000a0
       10735000	       974	80006b24	03e81863	bne	x16,x30,80006b54	 x16:0x905f2d8d x30:0x80006a29
       10755000	       976	80006b54	c901	c.beqz	x10,80006b64	 x10:0x0105f6fb
       10765000	       977	80006b56	01eec263	blt	x29,x30,80006b5a	 x29:0xc7e4e79b x30:0x80006a29
       10775000	       978	80006b5a	01442e33	slt	x28,x8,x20	  x8:0xef03f7c8 x20:0xfaeb9dad x28=0x00000001
       10785000	       979	80006b5e	0f697793	andi	x15,x18,246	 x18:0x00000000 x15=0x00000000
       10795000	       980	80006b62	0e8e	c.slli	x29,0x3	 x29:0xc7e4e79b x29=0x3f273cd8
       10805000	       981	80006b64	8d11	c.sub	x10,x12	 x10:0x0105f6fb x12:0x00000000 x10=0x0105f6fb
       10815000	       982	80006b66	03808063	beq	x1,x24,80006b86	  x1:0x00000208 x24:0x00000000
       10825000	       983	80006b6a	41000e33	sub	x28,x0,x16	  x0:0x00000000 x16:0x905f2d8d x28=0x6fa0d273
       10835000	       984	80006b6e	01023733	sltu	x14,x4,x16	  x4:0x1058ac5b x16:0x905f2d8d x14=0x00000001
       10845000	       985	80006b72	01669f13	slli	x30,x13,0x16	 x13:0x00000000 x30=0x00000000
       10855000	       986	80006b76	032c9163	bne	x25,x18,80006b98	 x25:0x0105f4eb x18:0x00000000
       10875000	       988	80006b98	74672e13	slti	x28,x14,1862	 x14:0x00000001 x28=0x00000001
       10885000	       989	80006b9c	00eb4533	xor	x10,x22,x14	 x22:0x8000612e x14:0x00000001 x10=0x8000612f
       10895000	       990	80006ba0	85ad	c.srai	x11,0xb	 x11:0x10f14168 x11=0x00021e28
       10905000	       991	80006ba2	017b6133	or	x2,x22,x23	 x22:0x8000612e x23:0x00014000  x2=0x8001612e
       10945000	       995	80006ba6	02863733	mulhu	x14,x12,x8	 x12:0x00000000  x8:0xef03f7c8 x14=0x00000000
       10955000	       996	80006baa	6cb5	c.lui	x25,0xd	 x25=0x0000d000
       10965000	       997	80006bac	01a5af33	slt	x30,x11,x26	 x11:0x00021e28 x26:0x80025ce4 x30=0x00000000
       10975000	       998	80006bb0	59a0f693	andi	x13,x1,1434	  x1:0x00000208 x13=0x00000008
       10985000	       999	80006bb4	1dfd	c.addi	x27,-1	 x27:0x80000000 x27=0x7fffffff
       10995000	      1000	80006bb6	85b9	c.srai	x11,0xe	 x11:0x00021e28 x11=0x00000008
       11005000	      1001	80006bb8	001bcc33	xor	x24,x23,x1	 x23:0x00014000  x1:0x00000208 x24=0x00014208
       11015000	      1002	80006bbc	8e25	c.xor	x12,x9	 x12:0x00000000  x9:0x00000008 x12=0x00000008
       11025000	      1003	80006bbe	8f71	c.and	x14,x12	 x14:0x00000000 x12:0x00000008 x14=0x00000000
       11035000	      1004	80006bc0	0001	c.addi	x0,0	  x0:0x00000000  x0=0x00000000
       11045000	      1005	80006bc2	041e4513	xori	x10,x28,65	 x28:0x00000001 x10=0x00000040
       11055000	      1006	80006bc6	8f6e	c.mv	x30,x27	  x0:0x00000000 x27:0x7fffffff x30=0x7fffffff
       11065000	      1007	80006bc8	d079b113	sltiu	x2,x19,-761	 x19:0x80021e0c  x2=0x00000001
       11075000	      1008	80006bcc	0ff0000f	fence	iorw,iorw	
       11085000	      1009	80006bd0	eb09	c.bnez	x14,80006be2	 x14:0x00000000
       11095000	      1010	80006bd2	00711793	slli	x15,x2,0x7	  x2:0x00000001 x15=0x00000080
       11465000	      1047	80006bd6	02a27cb3	remu	x25,x4,x10	  x4:0x1058ac5b x10:0x00000040 x25=0x0000001b
       11475000	      1048	80006bda	63cd8493	addi	x9,x27,1596	 x27:0x7fffffff  x9=0x8000063b
       11485000	      1049	80006bde	e685	c.bnez	x13,80006c06	 x13:0x00000008
       11515000	      1052	80006c06	e9163f93	sltiu	x31,x12,-367	 x12:0x00000008 x31=0x00000001
       11525000	      1053	80006c0a	0001	c.addi	x0,0	  x0:0x00000000  x0=0x00000000
       11535000	      1054	80006c0c	007f8e63	beq	x31,x7,80006c28	 x31:0x00000001  x7:0xfaeb9c09
       11545000	      1055	80006c10	987d	c.andi	x8,-1	  x8:0xef03f7c8  x8=0xef03f7c8
       11555000	      1056	80006c12	ecc1c437	lui	x8,0xecc1c	  x8=0xecc1c000
       11565000	      1057	80006c16	8ea9	c.xor	x13,x10	 x13:0x00000008 x10:0x00000040 x13=0x00000048
       11575000	      1058	80006c18	00ddfdb3	and	x27,x27,x13	 x27:0x7fffffff x13:0x00000048 x27=0x00000048
       11585000	      1059	80006c1c	8a95	c.andi	x13,5	 x13:0x00000048 x13=0x00000000
       11595000	      1060	80006c1e	8d51	c.or	x10,x12	 x10:0x00000040 x12:0x00000008 x10=0x00000048
       11605000	      1061	80006c20	8f1d	c.sub	x14,x15	 x14:0x00000000 x15:0x00000080 x14=0xffffff80
       11615000	      1062	80006c22	00644d63	blt	x8,x6,80006c3c	  x8:0xecc1c000  x6:0xffffffff
       11635000	      1064	80006c3c	00d5f433	and	x8,x11,x13	 x11:0x00000008 x13:0x00000000  x8=0x00000000
       11645000	      1065	80006c40	415c0f33	sub	x30,x24,x21	 x24:0x00014208 x21:0x00000008 x30=0x00014200
       11655000	      1066	80006c44	6f75	c.lui	x30,0x1d	 x30=0x0001d000
       11695000	      1070	80006c46	02839533	mulh	x10,x7,x8	  x7:0xfaeb9c09  x8:0x00000000 x10=0x00000000
       11705000	      1071	80006c4a	013fa2b3	slt	x5,x31,x19	 x31:0x00000001 x19:0x80021e0c  x5=0x00000000
       12075000	      1108	80006c4e	0230cab3	div	x21,x1,x3	  x1:0x00000208  x3:0xef03f5c0 x21=0x00000000
       12085000	      1109	80006c52	e989	c.bnez	x11,80006c64	 x11:0x00000008
       12105000	      1111	80006c64	faa22713	slti	x14,x4,-86	  x4:0x1058ac5b x14=0x00000000
       12115000	      1112	80006c68	e2a9	c.bnez	x13,80006caa	 x13:0x00000000
       12125000	      1113	80006c6a	9bfd	c.andi	x15,-1	 x15:0x00000080 x15=0x00000080
       12135000	      1114	80006c6c	01d18533	add	x10,x3,x29	  x3:0xef03f5c0 x29:0x3f273cd8 x10=0x2e2b3298
       12145000	      1115	80006c70	ef48f193	andi	x3,x17,-268	 x17:0x000000a0  x3=0x000000a0
       12155000	      1116	80006c74	9afd	c.andi	x13,-1	 x13:0x00000000 x13=0x00000000
       12165000	      1117	80006c76	01ea0833	add	x16,x20,x30	 x20:0xfaeb9dad x30:0x0001d000 x16=0xfaed6dad
       12205000	      1121	80006c7a	020a2333	mulhsu	x6,x20,x0	 x20:0xfaeb9dad  x0:0x00000000  x6=0x00000000
       12215000	      1122	80006c7e	0ff0000f	fence	iorw,iorw	
       12225000	      1123	80006c82	8d9d	c.sub	x11,x15	 x11:0x00000008 x15:0x00000080 x11=0xffffff88
       12235000	      1124	80006c84	85d1	c.srai	x11,0x14	 x11:0xffffff88 x11=0xffffffff
       12245000	      1125	80006c86	012c7463	bgeu	x24,x18,80006c8e	 x24:0x00014208 x18:0x00000000
       12305000	      1131	80006c8e	02932933	mulhsu	x18,x6,x9	  x6:0x00000000  x9:0x8000063b x18=0x00000000
       12315000	      1132	80006c92	816b0713	addi	x14,x22,-2026	 x22:0x8000612e x14=0x80005944
       12325000	      1133	80006c96	01a28263	beq	x5,x26,80006c9a	  x5:0x00000000 x26:0x80025ce4
       12335000	      1134	80006c9a	0000100f	fence.i	
       12365000	      1137	80006c9e	28332613	slti	x12,x6,643	  x6:0x00000000 x12=0x00000001
       12375000	      1138	80006ca2	02d25963	bge	x4,x13,80006cd4	  x4:0x1058ac5b x13:0x00000000
       12395000	      1140	80006cd4	cf89	c.beqz	x15,80006cee	 x15:0x00000080
       12405000	      1141	80006cd6	0000100f	fence.i	
       12435000	      1144	80006cda	00bcc6b3	xor	x13,x25,x11	 x25:0x0000001b x11:0xffffffff x13=0xffffffe4
       12445000	      1145	80006cde	03a64a63	blt	x12,x26,80006d12	 x12:0x00000001 x26:0x80025ce4
       12455000	      1146	80006ce2	01a88f33	add	x30,x17,x26	 x17:0x000000a0 x26:0x80025ce4 x30=0x80025d84
       12465000	      1147	80006ce6	8949	c.andi	x10,18	 x10:0x2e2b3298 x10=0x00000010
       12475000	      1148	80006ce8	0000100f	fence.i	
       12495000	      1150	80006cec	187d	c.addi	x16,-1	 x16:0xfaed6dad x16=0xfaed6dac
       12505000	      1151	80006cee	004c37b3	sltu	x15,x24,x4	 x24:0x00014208  x4:0x1058ac5b x15=0x00000001
       12515000	      1152	80006cf2	006a1a93	slli	x21,x20,0x6	 x20:0xfaeb9dad x21=0xbae76b40
       12525000	      1153	80006cf6	55fd6e37	lui	x28,0x55fd6	 x28=0x55fd6000
       12535000	      1154	80006cfa	01d6d293	srli	x5,x13,0x1d	 x13:0xffffffe4  x5=0x00000007
       12545000	      1155	80006cfe	8091	c.srli	x9,0x4	  x9:0x8000063b  x9=0x08000063
       12555000	      1156	80006d00	6825	c.lui	x16,0x9	 x16=0x00009000
       12565000	      1157	80006d02	03434263	blt	x6,x20,80006d26	  x6:0x00000000 x20:0xfaeb9dad
       12575000	      1158	80006d06	0000100f	fence.i	
       12605000	      1161	80006d0a	009f37b3	sltu	x15,x30,x9	 x30:0x80025d84  x9:0x08000063 x15=0x00000000
       12615000	      1162	80006d0e	8340aa13	slti	x20,x1,-1996	  x1:0x00000208 x20=0x00000000
       12645000	      1165	80006d12	02cf0b33	mul	x22,x30,x12	 x30:0x80025d84 x12:0x00000001 x22=0x80025d84
       12655000	      1166	80006d16	8cad	c.xor	x9,x11	  x9:0x08000063 x11:0xffffffff  x9=0xf7ffff9c
       12665000	      1167	80006d18	00da9b63	bne	x21,x13,80006d2e	 x21:0xbae76b40 x13:0xffffffe4
       12695000	      1170	80006d2e	0ff0000f	fence	iorw,iorw	
       12705000	      1171	80006d32	3ae2ac93	slti	x25,x5,942	  x5:0x00000007 x25=0x00000001
       12715000	      1172	80006d36	0121f4b3	and	x9,x3,x18	  x3:0x000000a0 x18:0x00000000  x9=0x00000000
       12735000	      1174	80006d3a	028a5f33	divu	x30,x20,x8	 x20:0x00000000  x8:0x00000000 x30=0xffffffff
       12745000	      1175	80006d3e	89f5	c.andi	x11,29	 x11:0xffffffff x11=0x0000001d
       12755000	      1176	80006d40	ee01	c.bnez	x12,80006d58	 x12:0x00000001
       12775000	      1178	80006d58	882e	c.mv	x16,x11	  x0:0x00000000 x11:0x0000001d x16=0x0000001d
       12785000	      1179	80006d5a	e1b14593	xori	x11,x2,-485	  x2:0x00000001 x11=0xfffffe1a
       12795000	      1180	80006d5e	ee09	c.bnez	x12,80006d78	 x12:0x00000001
       12815000	      1182	80006d78	0070c763	blt	x1,x7,80006d86	  x1:0x00000208  x7:0xfaeb9c09
       12825000	      1183	80006d7c	01cb7f33	and	x30,x22,x28	 x22:0x80025d84 x28:0x55fd6000 x30=0x00004000
       12835000	      1184	80006d80	84e5	c.srai	x9,0x19	  x9:0x00000000  x9=0x00000000
       12845000	      1185	80006d82	9f66	c.add	x30,x25	 x30:0x00004000 x25:0x00000001 x30=0x00004001
       12855000	      1186	80006d84	717d	c.addi16sp	x2,-16	  x2:0x00000001  x2=0xfffffff1
       12865000	      1187	80006d86	41ebd213	srai	x4,x23,0x1e	 x23:0x00014000  x4=0x00000000
       12875000	      1188	80006d8a	85a1	c.srai	x11,0x8	 x11:0xfffffe1a x11=0xfffffffe
       12885000	      1189	80006d8c	e50d	c.bnez	x10,80006db6	 x10:0x00000010
       12915000	      1192	80006db6	40c050b3	sra	x1,x0,x12	  x0:0x00000000 x12:0x00000001  x1=0x00000000
       12925000	      1193	80006dba	88a17697	auipc	x13,0x88a17	 x13=0x08a1ddba
       12935000	      1194	80006dbe	5a7d	c.li	x20,-1	 x20=0xffffffff
       12945000	      1195	80006dc0	717d	c.addi16sp	x2,-16	  x2:0xfffffff1  x2=0xffffffe1
       12955000	      1196	80006dc2	0796	c.slli	x15,0x5	 x15:0x00000000 x15=0x00000000
       12965000	      1197	80006dc4	00814c33	xor	x24,x2,x8	  x2:0xffffffe1  x8:0x00000000 x24=0xffffffe1
       12975000	      1198	80006dc8	8751	c.srai	x14,0x14	 x14:0x80005944 x14=0xfffff800
       12985000	      1199	80006dca	8962	c.mv	x18,x24	  x0:0x00000000 x24:0xffffffe1 x18=0xffffffe1
       12995000	      1200	80006dcc	ec5e2237	lui	x4,0xec5e2	  x4=0xec5e2000
       13005000	      1201	80006dd0	01487233	and	x4,x16,x20	 x16:0x0000001d x20:0xffffffff  x4=0x0000001d
       13015000	      1202	80006dd4	8155	c.srli	x10,0x15	 x10:0x00000010 x10=0x00000000
       13025000	      1203	80006dd6	00a3e633	or	x12,x7,x10	  x7:0xfaeb9c09 x10:0x00000000 x12=0xfaeb9c09
       13035000	      1204	80006dda	01f370b3	and	x1,x6,x31	  x6:0x00000000 x31:0x00000001  x1=0x00000000
       13405000	      1241	80006dde	03226cb3	rem	x25,x4,x18	  x4:0x0000001d x18:0xffffffe1 x25=0x0000001d
       13415000	      1242	80006de2	4879	c.li	x16,30	 x16=0x0000001e
       13425000	      1243	80006de4	02a49863	bne	x9,x10,80006e14	  x9:0x00000000 x10:0x00000000
       13465000	      1247	80006de8	02eba0b3	mulhsu	x1,x23,x14	 x23:0x00014000 x14:0xfffff800  x1=0x00013fff
       13475000	      1248	80006dec	00714263	blt	x2,x7,80006df0	  x2:0xffffffe1  x7:0xfaeb9c09
       13485000	      1249	80006df0	01eea233	slt	x4,x29,x30	 x29:0x3f273cd8 x30:0x00004001  x4=0x00000000
       13525000	      1253	80006df4	028ca0b3	mulhsu	x1,x25,x8	 x25:0x0000001d  x8:0x00000000  x1=0x00000000
       13535000	      1254	80006df8	84b9	c.srai	x9,0xe	  x9:0x00000000  x9=0x00000000
       13545000	      1255	80006dfa	01fef463	bgeu	x29,x31,80006e02	 x29:0x3f273cd8 x31:0x00000001
       13565000	      1257	80006e02	89d1	c.andi	x11,20	 x11:0xfffffffe x11=0x00000014
       13935000	      1294	80006e04	027fcdb3	div	x27,x31,x7	 x31:0x00000001  x7:0xfaeb9c09 x27=0x00000000
       13945000	      1295	80006e08	0017ee33	or	x28,x15,x1	 x15:0x00000000  x1:0x00000000 x28=0x00000000
       13955000	      1296	80006e0c	c1d43c97	auipc	x25,0xc1d43	 x25=0x41d49e0c
       13995000	      1300	80006e10	02e91b33	mulh	x22,x18,x14	 x18:0xffffffe1 x14:0xfffff800 x22=0x00000000
       14025000	      1303	80006e14	02590db3	mul	x27,x18,x5	 x18:0xffffffe1  x5:0x00000007 x27=0xffffff27
       14035000	      1304	80006e18	01eedf33	srl	x30,x29,x30	 x29:0x3f273cd8 x30:0x00004001 x30=0x1f939e6c
       14045000	      1305	80006e1c	002c37b3	sltu	x15,x24,x2	 x24:0xffffffe1  x2:0xffffffe1 x15=0x00000000
       14055000	      1306	80006e20	0ff0000f	fence	iorw,iorw	
       14065000	      1307	80006e24	00724e63	blt	x4,x7,80006e40	  x4:0x00000000  x7:0xfaeb9c09
       14075000	      1308	80006e28	8a25	c.andi	x12,9	 x12:0xfaeb9c09 x12=0x00000009
       14085000	      1309	80006e2a	4fefe793	ori	x15,x31,1278	 x31:0x00000001 x15=0x000004ff
       14095000	      1310	80006e2e	00a0a0b3	slt	x1,x1,x10	  x1:0x00000000 x10:0x00000000  x1=0x00000000
       14105000	      1311	80006e32	018f3433	sltu	x8,x30,x24	 x30:0x1f939e6c x24:0xffffffe1  x8=0x00000001
       14115000	      1312	80006e36	e0568693	addi	x13,x13,-507	 x13:0x08a1ddba x13=0x08a1dbbf
       14125000	      1313	80006e3a	c85ca217	auipc	x4,0xc85ca	  x4=0x485d0e3a
       14135000	      1314	80006e3e	0001	c.addi	x0,0	  x0:0x00000000  x0=0x00000000
       14165000	      1317	80006e40	02ac0133	mul	x2,x24,x10	 x24:0xffffffe1 x10:0x00000000  x2=0x00000000
       14175000	      1318	80006e44	03349b63	bne	x9,x19,80006e7a	  x9:0x00000000 x19:0x80021e0c
       14195000	      1320	80006e7a	cb1d	c.beqz	x14,80006eb0	 x14:0xfffff800
       14205000	      1321	80006e7c	418d0433	sub	x8,x26,x24	 x26:0x80025ce4 x24:0xffffffe1  x8=0x80025d03
       14215000	      1322	80006e80	4137dfb3	sra	x31,x15,x19	 x15:0x000004ff x19:0x80021e0c x31=0x00000000
       14225000	      1323	80006e84	010fdb33	srl	x22,x31,x16	 x31:0x00000000 x16:0x0000001e x22=0x00000000
       14235000	      1324	80006e88	01e89813	slli	x16,x17,0x1e	 x17:0x000000a0 x16=0x00000000
       14245000	      1325	80006e8c	8409	c.srai	x8,0x2	  x8:0x80025d03  x8=0xe0009740
       14615000	      1362	80006e8e	02ea4a33	div	x20,x20,x14	 x20:0xffffffff x14:0xfffff800 x20=0x00000000
       14625000	      1363	80006e92	01329a93	slli	x21,x5,0x13	  x5:0x00000007 x21=0x00380000
       14635000	      1364	80006e96	016f9663	bne	x31,x22,80006ea2	 x31:0x00000000 x22:0x00000000
       14645000	      1365	80006e9a	6c922493	slti	x9,x4,1737	  x4:0x485d0e3a  x9=0x00000000
       15015000	      1402	80006e9e	03dfd733	divu	x14,x31,x29	 x31:0x00000000 x29:0x3f273cd8 x14=0x00000000
       15025000	      1403	80006ea2	027a1663	bne	x20,x7,80006ece	 x20:0x00000000  x7:0xfaeb9c09
       15055000	      1406	80006ece	007bd513	srli	x10,x23,0x7	 x23:0x00014000 x10=0x00000280
       15065000	      1407	80006ed2	0001	c.addi	x0,0	  x0:0x00000000  x0=0x00000000
       15075000	      1408	80006ed4	00a7abb3	slt	x23,x15,x10	 x15:0x000004ff x10:0x00000280 x23=0x00000000
       15085000	      1409	80006ed8	efd5ea93	ori	x21,x11,-259	 x11:0x00000014 x21=0xfffffefd
       15095000	      1410	80006edc	008b7493	andi	x9,x22,8	 x22:0x00000000  x9=0x00000000
       15105000	      1411	80006ee0	eb504d93	xori	x27,x0,-331	  x0:0x00000000 x27=0xfffffeb5
       15475000	      1448	80006ee4	035dd233	divu	x4,x27,x21	 x27:0xfffffeb5 x21:0xfffffefd  x4=0x00000000
       15845000	      1485	80006ee8	031061b3	rem	x3,x0,x17	  x0:0x00000000 x17:0x000000a0  x3=0x00000000
       15855000	      1486	80006eec	0000100f	fence.i	
       15875000	      1488	80006ef0	8c31	c.xor	x8,x12	  x8:0xe0009740 x12:0x00000009  x8=0xe0009749
       15885000	      1489	80006ef2	003a34b3	sltu	x9,x20,x3	 x20:0x00000000  x3:0x00000000  x9=0x00000000
       16255000	      1526	80006ef6	025a60b3	rem	x1,x20,x5	 x20:0x00000000  x5:0x00000007  x1=0x00000000
       16275000	      1528	80006efa	02144fb3	div	x31,x8,x1	  x8:0xe0009749  x1:0x00000000 x31=0xffffffff
       16285000	      1529	80006efe	019ecf63	blt	x29,x25,80006f1c	 x29:0x3f273cd8 x25:0x41d49e0c
       16305000	      1531	80006f1c	00a06bb3	or	x23,x0,x10	  x0:0x00000000 x10:0x00000280 x23=0x00000280
       16315000	      1532	80006f20	00abc733	xor	x14,x23,x10	 x23:0x00000280 x10:0x00000280 x14=0x00000000
       16325000	      1533	80006f24	4158d293	srai	x5,x17,0x15	 x17:0x000000a0  x5=0x00000000
       16335000	      1534	80006f28	01c48c63	beq	x9,x28,80006f40	  x9:0x00000000 x28:0x00000000
       16355000	      1536	80006f40	0224e663	bltu	x9,x2,80006f6c	  x9:0x00000000  x2:0x00000000
       16365000	      1537	80006f44	4103d813	srai	x16,x7,0x10	  x7:0xfaeb9c09 x16=0xfffffaeb
       16375000	      1538	80006f48	08aa	c.slli	x17,0xa	 x17:0x000000a0 x17=0x00028000
       16385000	      1539	80006f4a	2558e637	lui	x12,0x2558e	 x12=0x2558e000
       16395000	      1540	80006f4e	717d	c.addi16sp	x2,-16	  x2:0x00000000  x2=0xfffffff0
       16405000	      1541	80006f50	8f73c013	xori	x0,x7,-1801	  x7:0xfaeb9c09  x0=0x00000000
       16415000	      1542	80006f54	811a	c.mv	x2,x6	  x0:0x00000000  x6:0x00000000  x2=0x00000000
       16425000	      1543	80006f56	0000100f	fence.i	
       16445000	      1545	80006f5a	0129	c.addi	x2,10	  x2:0x00000000  x2=0x0000000a
       16455000	      1546	80006f5c	018eadb3	slt	x27,x29,x24	 x29:0x3f273cd8 x24:0xffffffe1 x27=0x00000000
       16465000	      1547	80006f60	02bb7a63	bgeu	x22,x11,80006f94	 x22:0x00000000 x11:0x00000014
       16475000	      1548	80006f64	00575733	srl	x14,x14,x5	 x14:0x00000000  x5:0x00000000 x14=0x00000000
       16505000	      1551	80006f68	03470ab3	mul	x21,x14,x20	 x14:0x00000000 x20:0x00000000 x21=0x00000000
       16515000	      1552	80006f6c	01d49b13	slli	x22,x9,0x1d	  x9:0x00000000 x22=0x00000000
       16525000	      1553	80006f70	0b22	c.slli	x22,0x8	 x22:0x00000000 x22=0x00000000
       16535000	      1554	80006f72	862ee013	ori	x0,x29,-1950	 x29:0x3f273cd8  x0=0x00000000
       16545000	      1555	80006f76	01920293	addi	x5,x4,25	  x4:0x00000000  x5=0x00000019
       16555000	      1556	80006f7a	89fb7c97	auipc	x25,0x89fb7	 x25=0x09fbdf7a
       16565000	      1557	80006f7e	0ff0000f	fence	iorw,iorw	
       16935000	      1594	80006f82	02b1c4b3	div	x9,x3,x11	  x3:0x00000000 x11:0x00000014  x9=0x00000000
       16945000	      1595	80006f86	0078e463	bltu	x17,x7,80006f8e	 x17:0x00028000  x7:0xfaeb9c09
       16975000	      1598	80006f8e	f40c0113	addi	x2,x24,-192	 x24:0xffffffe1  x2=0xffffff21
       16985000	      1599	80006f92	8461	c.srai	x8,0x18	  x8:0xe0009749  x8=0xffffffe0
       16995000	      1600	80006f94	00995013	srli	x0,x18,0x9	 x18:0xffffffe1  x0=0x00000000
       17005000	      1601	80006f98	3e724693	xori	x13,x4,999	  x4:0x00000000 x13=0x000003e7
       17015000	      1602	80006f9c	014697b3	sll	x15,x13,x20	 x13:0x000003e7 x20:0x00000000 x15=0x000003e7
       17025000	      1603	80006fa0	8b8a	c.mv	x23,x2	  x0:0x00000000  x2:0xffffff21 x23=0xffffff21
       17035000	      1604	80006fa2	0590	c.addi4spn	x12,x2,704	 x12=0x000001e1
       17045000	      1605	80006fa4	717d	c.addi16sp	x2,-16	  x2:0xffffff21  x2=0xffffff11
       17055000	      1606	80006fa6	8f99	c.sub	x15,x14	 x15:0x000003e7 x14:0x00000000 x15=0x000003e7
       17065000	      1607	80006fa8	8ddd	c.or	x11,x15	 x11:0x00000014 x15:0x000003e7 x11=0x000003f7
       17075000	      1608	80006faa	03478063	beq	x15,x20,80006fca	 x15:0x000003e7 x20:0x00000000
       17085000	      1609	80006fae	965bce13	xori	x28,x23,-1691	 x23:0xffffff21 x28=0x00000644
       17095000	      1610	80006fb2	019a1663	bne	x20,x25,80006fbe	 x20:0x00000000 x25:0x09fbdf7a
       17125000	      1613	80006fbe	01143133	sltu	x2,x8,x17	  x8:0xffffffe0 x17:0x00028000  x2=0x00000000
       17145000	      1615	80006fc2	026a6cb3	rem	x25,x20,x6	 x20:0x00000000  x6:0x00000000 x25=0x00000000
       17155000	      1616	80006fc6	02320363	beq	x4,x3,80006fec	  x4:0x00000000  x3:0x00000000
       17175000	      1618	80006fec	4f4d	c.li	x30,19	 x30=0x00000013
       17185000	      1619	80006fee	0070c263	blt	x1,x7,80006ff2	  x1:0x00000000  x7:0xfaeb9c09
       17195000	      1620	80006ff2	6a4d	c.lui	x20,0x13	 x20=0x00013000
       17205000	      1621	80006ff4	40478ab3	sub	x21,x15,x4	 x15:0x000003e7  x4:0x00000000 x21=0x000003e7
       17215000	      1622	80006ff8	86e2	c.mv	x13,x24	  x0:0x00000000 x24:0xffffffe1 x13=0xffffffe1
       17255000	      1626	80006ffa	02fda233	mulhsu	x4,x27,x15	 x27:0x00000000 x15:0x000003e7  x4=0x00000000
       17265000	      1627	80006ffe	9c1e	c.add	x24,x7	 x24:0xffffffe1  x7:0xfaeb9c09 x24=0xfaeb9bea
       17275000	      1628	80007000	014b1113	slli	x2,x22,0x14	 x22:0x00000000  x2=0x00000000
       17285000	      1629	80007004	8e29	c.xor	x12,x10	 x12:0x000001e1 x10:0x00000280 x12=0x00000361
       17295000	      1630	80007006	024c7763	bgeu	x24,x4,80007034	 x24:0xfaeb9bea  x4:0x00000000
       17315000	      1632	80007034	0ff0000f	fence	iorw,iorw	
       17325000	      1633	80007038	0bf5be13	sltiu	x28,x11,191	 x11:0x000003f7 x28=0x00000000
       17355000	      1636	8000703c	030180b3	mul	x1,x3,x16	  x3:0x00000000 x16:0xfffffaeb  x1=0x00000000
       17365000	      1637	80007040	c315	c.beqz	x14,80007064	 x14:0x00000000
       17385000	      1639	80007064	00ad8a63	beq	x27,x10,80007078	 x27:0x00000000 x10:0x00000280
       17395000	      1640	80007068	984e	c.add	x16,x19	 x16:0xfffffaeb x19:0x80021e0c x16=0x800218f7
       17765000	      1677	8000706a	03e04733	div	x14,x0,x30	  x0:0x00000000 x30:0x00000013 x14=0x00000000
       17775000	      1678	8000706e	8c9bf493	andi	x9,x23,-1847	 x23:0xffffff21  x9=0xfffff801
       17785000	      1679	80007072	0149d733	srl	x14,x19,x20	 x19:0x80021e0c x20:0x00013000 x14=0x80021e0c
       17795000	      1680	80007076	02e2	c.slli	x5,0x18	  x5:0x00000019  x5=0x19000000
       17825000	      1683	80007078	03d88bb3	mul	x23,x17,x29	 x17:0x00028000 x29:0x3f273cd8 x23=0x181c0000
       17865000	      1687	8000707c	02b1ac33	mulhsu	x24,x3,x11	  x3:0x00000000 x11:0x000003f7 x24=0x00000000
       17875000	      1688	80007080	4e3d	c.li	x28,15	 x28=0x0000000f
       17885000	      1689	80007082	01451fb3	sll	x31,x10,x20	 x10:0x00000280 x20:0x00013000 x31=0x00000280
       17895000	      1690	80007086	8e39	c.xor	x12,x14	 x12:0x00000361 x14:0x80021e0c x12=0x80021d6d
       17905000	      1691	80007088	e1592493	slti	x9,x18,-491	 x18:0xffffffe1  x9=0x00000000
       18275000	      1728	8000708c	02b86db3	rem	x27,x16,x11	 x16:0x800218f7 x11:0x000003f7 x27=0xfffffffb
       18285000	      1729	80007090	610d	c.addi16sp	x2,160	  x2:0x00000000  x2=0x000000a0
       18295000	      1730	80007092	6fb97513	andi	x10,x18,1787	 x18:0xffffffe1 x10=0x000006e1
       18305000	      1731	80007096	32573593	sltiu	x11,x14,805	 x14:0x80021e0c x11=0x00000000
       18315000	      1732	8000709a	00861e93	slli	x29,x12,0x8	 x12:0x80021d6d x29=0x021d6d00
       18685000	      1769	8000709e	03da7eb3	remu	x29,x20,x29	 x20:0x00013000 x29:0x021d6d00 x29=0x00013000
       18695000	      1770	800070a2	6091	c.lui	x1,0x4	  x1=0x00004000
       18705000	      1771	800070a4	147d	c.addi	x8,-1	  x8:0xffffffe0  x8=0xffffffdf
       18715000	      1772	800070a6	0931	c.addi	x18,12	 x18:0xffffffe1 x18=0xffffffed
       18725000	      1773	800070a8	01b91c33	sll	x24,x18,x27	 x18:0xffffffed x27:0xfffffffb x24=0x68000000
       18735000	      1774	800070ac	8c55	c.or	x8,x13	  x8:0xffffffdf x13:0xffffffe1  x8=0xffffffff
       18745000	      1775	800070ae	0022bcb3	sltu	x25,x5,x2	  x5:0x19000000  x2:0x000000a0 x25=0x00000000
       18755000	      1776	800070b2	8fa9	c.xor	x15,x10	 x15:0x000003e7 x10:0x000006e1 x15=0x00000506
       18765000	      1777	800070b4	01482f33	slt	x30,x16,x20	 x16:0x800218f7 x20:0x00013000 x30=0x00000001
       19135000	      1814	800070b8	02cbefb3	rem	x31,x23,x12	 x23:0x181c0000 x12:0x80021d6d x31=0x181c0000
       19145000	      1815	800070bc	0a04	c.addi4spn	x9,x2,272	  x9=0x000001b0
       19155000	      1816	800070be	017b9fb3	sll	x31,x23,x23	 x23:0x181c0000 x23:0x181c0000 x31=0x181c0000
       19165000	      1817	800070c2	41965e13	srai	x28,x12,0x19	 x12:0x80021d6d x28=0xffffffc0
       19175000	      1818	800070c6	0005d8b3	srl	x17,x11,x0	 x11:0x00000000  x0:0x00000000 x17=0x00000000
       19185000	      1819	800070ca	41578bb3	sub	x23,x15,x21	 x15:0x00000506 x21:0x000003e7 x23=0x0000011f
       19195000	      1820	800070ce	318fe313	ori	x6,x31,792	 x31:0x181c0000  x6=0x181c0318
       19205000	      1821	800070d2	8b7ccf13	xori	x30,x25,-1865	 x25:0x00000000 x30=0xfffff8b7
       19215000	      1822	800070d6	0124ce33	xor	x28,x9,x18	  x9:0x000001b0 x18:0xffffffed x28=0xfffffe5d
       19235000	      1824	800070da	031bcf33	div	x30,x23,x17	 x23:0x0000011f x17:0x00000000 x30=0xffffffff
       19245000	      1825	800070de	40c45493	srai	x9,x8,0xc	  x8:0xffffffff  x9=0xffffffff
       19255000	      1826	800070e2	5b7d	c.li	x22,-1	 x22=0xffffffff
       19295000	      1830	800070e4	02d4b333	mulhu	x6,x9,x13	  x9:0xffffffff x13:0xffffffe1  x6=0xffffffe0
       19305000	      1831	800070e8	40155293	srai	x5,x10,0x1	 x10:0x000006e1  x5=0x00000370
       19315000	      1832	800070ec	8dc6	c.mv	x27,x17	  x0:0x00000000 x17:0x00000000 x27=0x00000000
       19325000	      1833	800070ee	0015e433	or	x8,x11,x1	 x11:0x00000000  x1:0x00004000  x8=0x00004000
       19335000	      1834	800070f2	6109	c.addi16sp	x2,128	  x2:0x000000a0  x2=0x00000120
       19345000	      1835	800070f4	35434e13	xori	x28,x6,852	  x6:0xffffffe0 x28=0xfffffcb4
       19355000	      1836	800070f8	8f59	c.or	x14,x14	 x14:0x80021e0c x14:0x80021e0c x14=0x80021e0c
       19365000	      1837	800070fa	0065fd63	bgeu	x11,x6,80007114	 x11:0x00000000  x6:0xffffffe0
       19375000	      1838	800070fe	8f59	c.or	x14,x14	 x14:0x80021e0c x14:0x80021e0c x14=0x80021e0c
       19385000	      1839	80007100	002aec33	or	x24,x21,x2	 x21:0x000003e7  x2:0x00000120 x24=0x000003e7
       19395000	      1840	80007104	01d4d033	srl	x0,x9,x29	  x9:0xffffffff x29:0x00013000  x0=0x00000000
       19435000	      1844	80007108	02d917b3	mulh	x15,x18,x13	 x18:0xffffffed x13:0xffffffe1 x15=0x00000000
       19445000	      1845	8000710c	c109	c.beqz	x10,8000710e	 x10:0x000006e1
       19485000	      1849	8000710e	030e9c33	mulh	x24,x29,x16	 x29:0x00013000 x16:0x800218f7 x24=0xffff6802
       19495000	      1850	80007112	04f2	c.slli	x9,0x1c	  x9:0xffffffff  x9=0xf0000000
       19505000	      1851	80007114	00cb8333	add	x6,x23,x12	 x23:0x0000011f x12:0x80021d6d  x6=0x80021e8c
       19515000	      1852	80007118	0068a933	slt	x18,x17,x6	 x17:0x00000000  x6:0x80021e8c x18=0x00000000
       19525000	      1853	8000711c	40310633	sub	x12,x2,x3	  x2:0x00000120  x3:0x00000000 x12=0x00000120
       19565000	      1857	80007120	020d1bb3	mulh	x23,x26,x0	 x26:0x80025ce4  x0:0x00000000 x23=0x00000000
       19575000	      1858	80007124	6105	c.addi16sp	x2,32	  x2:0x00000120  x2=0x00000140
       19585000	      1859	80007126	039c4293	xori	x5,x24,57	 x24:0xffff6802  x5=0xffff683b
       19595000	      1860	8000712a	8c15	c.sub	x8,x13	  x8:0x00004000 x13:0xffffffe1  x8=0x0000401f
       19605000	      1861	8000712c	82b1	c.srli	x13,0xc	 x13:0xffffffe1 x13=0x000fffff
       19615000	      1862	8000712e	4149d8b3	sra	x17,x19,x20	 x19:0x80021e0c x20:0x00013000 x17=0x80021e0c
       19985000	      1899	80007132	03ed4ab3	div	x21,x26,x30	 x26:0x80025ce4 x30:0xffffffff x21=0x7ffda31c
       20355000	      1936	80007136	02eec733	div	x14,x29,x14	 x29:0x00013000 x14:0x80021e0c x14=0x00000000
       20365000	      1937	8000713a	03867563	bgeu	x12,x24,80007164	 x12:0x00000120 x24:0xffff6802
       20375000	      1938	8000713e	00c75c63	bge	x14,x12,80007156	 x14:0x00000000 x12:0x00000120
       20405000	      1941	80007142	03530eb3	mul	x29,x6,x21	  x6:0x80021e8c x21:0x7ffda31c x29=0xfe0a7b50
       20415000	      1942	80007146	0001	c.addi	x0,0	  x0:0x00000000  x0=0x00000000
       20425000	      1943	80007148	5efd	c.li	x29,-1	 x29=0xffffffff
       20465000	      1947	8000714a	03ab9eb3	mulh	x29,x23,x26	 x23:0x00000000 x26:0x80025ce4 x29=0x00000000
       20475000	      1948	8000714e	88b5	c.andi	x9,13	  x9:0xf0000000  x9=0x00000000
       20485000	      1949	80007150	5f7d	c.li	x30,-1	 x30=0xffffffff
       20495000	      1950	80007152	7e167113	andi	x2,x12,2017	 x12:0x00000120  x2=0x00000120
       20505000	      1951	80007156	41e18f33	sub	x30,x3,x30	  x3:0x00000000 x30:0xffffffff x30=0x00000001
       20515000	      1952	8000715a	034ad263	bge	x21,x20,8000717e	 x21:0x7ffda31c x20:0x00013000
       20535000	      1954	8000717e	8dad	c.xor	x11,x11	 x11:0x00000000 x11:0x00000000 x11=0x00000000
       20545000	      1955	80007180	997d	c.andi	x10,-1	 x10:0x000006e1 x10=0x000006e1
       20555000	      1956	80007182	80bd	c.srli	x9,0xf	  x9:0x00000000  x9=0x00000000
       20595000	      1960	80007184	03831a33	mulh	x20,x6,x24	  x6:0x80021e8c x24:0xffff6802 x20=0x00004bfd
       20965000	      1997	80007188	034c5cb3	divu	x25,x24,x20	 x24:0xffff6802 x20:0x00004bfd x25=0x00035e70
       20975000	      1998	8000718c	8f5d	c.or	x14,x15	 x14:0x00000000 x15:0x00000000 x14=0x00000000
       20985000	      1999	8000718e	6323e213	ori	x4,x7,1586	  x7:0xfaeb9c09  x4=0xfaeb9e3b
       20995000	      2000	80007192	4be1	c.li	x23,24	 x23=0x00000018
       21005000	      2001	80007194	0030e363	bltu	x1,x3,8000719a	  x1:0x00004000  x3:0x00000000
       21015000	      2002	80007198	cd01	c.beqz	x10,800071b0	 x10:0x000006e1
       21025000	      2003	8000719a	00e10263	beq	x2,x14,8000719e	  x2:0x00000120 x14:0x00000000
       21035000	      2004	8000719e	6f6d	c.lui	x30,0x1b	 x30=0x0001b000
       21045000	      2005	800071a0	c309	c.beqz	x14,800071a2	 x14:0x00000000
       21065000	      2007	800071a2	e289	c.bnez	x13,800071a4	 x13:0x000fffff
       21085000	      2009	800071a4	9cbcb813	sltiu	x16,x25,-1589	 x25:0x00035e70 x16=0x00000001
       21095000	      2010	800071a8	821e2013	slti	x0,x28,-2015	 x28:0xfffffcb4  x0=0x00000000
       21105000	      2011	800071ac	01ac3eb3	sltu	x29,x24,x26	 x24:0xffff6802 x26:0x80025ce4 x29=0x00000000
       21115000	      2012	800071b0	84f9	c.srai	x9,0x1e	  x9:0x00000000  x9=0x00000000
       21125000	      2013	800071b2	54e94f13	xori	x30,x18,1358	 x18:0x00000000 x30=0x0000054e
       21135000	      2014	800071b6	3f712513	slti	x10,x2,1015	  x2:0x00000120 x10=0x00000001
       21145000	      2015	800071ba	610d	c.addi16sp	x2,160	  x2:0x00000120  x2=0x000001c0
       21155000	      2016	800071bc	9752	c.add	x14,x20	 x14:0x00000000 x20:0x00004bfd x14=0x00004bfd
       21195000	      2020	800071be	02832033	mulhsu	x0,x6,x8	  x6:0x80021e8c  x8:0x0000401f  x0=0x00000000
       21205000	      2021	800071c2	40885433	sra	x8,x16,x8	 x16:0x00000001  x8:0x0000401f  x8=0x00000000
       21215000	      2022	800071c6	41c9d813	srai	x16,x19,0x1c	 x19:0x80021e0c x16=0xfffffff8
       21225000	      2023	800071ca	e819	c.bnez	x8,800071e0	  x8:0x00000000
       21235000	      2024	800071cc	968a	c.add	x13,x2	 x13:0x000fffff  x2:0x000001c0 x13=0x001001bf
       21245000	      2025	800071ce	00991793	slli	x15,x18,0x9	 x18:0x00000000 x15=0x00000000
       21255000	      2026	800071d2	53226813	ori	x16,x4,1330	  x4:0xfaeb9e3b x16=0xfaeb9f3b
       21265000	      2027	800071d6	987d	c.andi	x8,-1	  x8:0x00000000  x8=0x00000000
       21275000	      2028	800071d8	014b9b63	bne	x23,x20,800071ee	 x23:0x00000018 x20:0x00004bfd
       21295000	      2030	800071ee	9a92	c.add	x21,x4	 x21:0x7ffda31c  x4:0xfaeb9e3b x21=0x7ae94157
       21305000	      2031	800071f0	0ff0000f	fence	iorw,iorw	
       21315000	      2032	800071f4	406e8333	sub	x6,x29,x6	 x29:0x00000000  x6:0x80021e8c  x6=0x7ffde174
       21325000	      2033	800071f8	01b4f8b3	and	x17,x9,x27	  x9:0x00000000 x27:0x00000000 x17=0x00000000
       21335000	      2034	800071fc	9a26c013	xori	x0,x13,-1630	 x13:0x001001bf  x0=0x00000000
       21345000	      2035	80007200	717d	c.addi16sp	x2,-16	  x2:0x000001c0  x2=0x000001b0
       21375000	      2038	80007202	02f385b3	mul	x11,x7,x15	  x7:0xfaeb9c09 x15:0x00000000 x11=0x00000000
       21385000	      2039	80007206	064a	c.slli	x12,0x12	 x12:0x00000120 x12=0x04800000
       21395000	      2040	80007208	0000100f	fence.i	
       21415000	      2042	8000720c	0ff0000f	fence	iorw,iorw	
       21425000	      2043	80007210	0000100f	fence.i	
       21445000	      2045	80007214	0001	c.addi	x0,0	  x0:0x00000000  x0=0x00000000
       21455000	      2046	80007216	6125	c.addi16sp	x2,96	  x2:0x000001b0  x2=0x00000210
       21465000	      2047	80007218	ffca37b7	lui	x15,0xffca3	 x15=0xffca3000
       21475000	      2048	8000721c	0001	c.addi	x0,0	  x0:0x00000000  x0=0x00000000
       21485000	      2049	8000721e	717d	c.addi16sp	x2,-16	  x2:0x00000210  x2=0x00000200
       21495000	      2050	80007220	00561733	sll	x14,x12,x5	 x12:0x04800000  x5:0xffff683b x14=0x00000000
       21505000	      2051	80007224	00929e13	slli	x28,x5,0x9	  x5:0xffff683b x28=0xfed07600
       21545000	      2055	80007228	03f82933	mulhsu	x18,x16,x31	 x16:0xfaeb9f3b x31:0x181c0000 x18=0xff8588b2
       21555000	      2056	8000722c	0174f933	and	x18,x9,x23	  x9:0x00000000 x23:0x00000018 x18=0x00000000
       21565000	      2057	80007230	416b0bb3	sub	x23,x22,x22	 x22:0xffffffff x22:0xffffffff x23=0x00000000
       21575000	      2058	80007234	1118	c.addi4spn	x14,x2,160	 x14=0x000002a0
       21585000	      2059	80007236	61dc3293	sltiu	x5,x24,1565	 x24:0xffff6802  x5=0x00000000
       21625000	      2063	8000723a	03e635b3	mulhu	x11,x12,x30	 x12:0x04800000 x30:0x0000054e x11=0x00000017
       21635000	      2064	8000723e	829a	c.mv	x5,x6	  x0:0x00000000  x6:0x7ffde174  x5=0x7ffde174
       21645000	      2065	80007240	8969	c.andi	x10,26	 x10:0x00000001 x10=0x00000000
       21655000	      2066	80007242	ff6c2c37	lui	x24,0xff6c2	 x24=0xff6c2000
       21665000	      2067	80007246	e46ec593	xori	x11,x29,-442	 x29:0x00000000 x11=0xfffffe46
       21675000	      2068	8000724a	89a47113	andi	x2,x8,-1894	  x8:0x00000000  x2=0x00000000
       21685000	      2069	8000724e	40c98ab3	sub	x21,x19,x12	 x19:0x80021e0c x12:0x04800000 x21=0x7b821e0c
       21695000	      2070	80007252	002a1a63	bne	x20,x2,80007266	 x20:0x00004bfd  x2:0x00000000
       21725000	      2073	80007266	a6a99ab7	lui	x21,0xa6a99	 x21=0xa6a99000
       21735000	      2074	8000726a	45e9	c.li	x11,26	 x11=0x0000001a
       21745000	      2075	8000726c	01cc9663	bne	x25,x28,80007278	 x25:0x00035e70 x28:0xfed07600
       21765000	      2077	80007278	c481	c.beqz	x9,80007280	  x9:0x00000000
       21785000	      2079	80007280	40755913	srai	x18,x10,0x7	 x10:0x00000000 x18=0x00000000
       21815000	      2082	80007284	026e08b3	mul	x17,x28,x6	 x28:0xfed07600  x6:0x7ffde174 x17=0x4c2b7800
       21825000	      2083	80007288	416d8bb3	sub	x23,x27,x22	 x27:0x00000000 x22:0xffffffff x23=0x00000001
       21835000	      2084	8000728c	df6645b7	lui	x11,0xdf664	 x11=0xdf664000
       21875000	      2088	80007290	026214b3	mulh	x9,x4,x6	  x4:0xfaeb9e3b  x6:0x7ffde174  x9=0xfd75d9e1
       21885000	      2089	80007294	013c26b3	slt	x13,x24,x19	 x24:0xff6c2000 x19:0x80021e0c x13=0x00000000
       21895000	      2090	80007298	04b32c17	auipc	x24,0x4b32	 x24=0x84b39298
       21905000	      2091	8000729c	40b08b33	sub	x22,x1,x11	  x1:0x00004000 x11:0xdf664000 x22=0x209a0000
       21915000	      2092	800072a0	8429	c.srai	x8,0xa	  x8:0x00000000  x8=0x00000000
       21925000	      2093	800072a2	876d	c.srai	x14,0x1b	 x14:0x000002a0 x14=0x00000000
       21935000	      2094	800072a4	01651a33	sll	x20,x10,x22	 x10:0x00000000 x22:0x209a0000 x20=0x00000000
       21945000	      2095	800072a8	009c7f63	bgeu	x24,x9,800072c6	 x24:0x84b39298  x9:0xfd75d9e1
       21955000	      2096	800072ac	83470193	addi	x3,x14,-1996	 x14:0x00000000  x3=0xfffff834
       21965000	      2097	800072b0	00bb1413	slli	x8,x22,0xb	 x22:0x209a0000  x8=0xd0000000
       22005000	      2101	800072b4	028e9a33	mulh	x20,x29,x8	 x29:0x00000000  x8:0xd0000000 x20=0x00000000
       22015000	      2102	800072b8	840ceeb7	lui	x29,0x840ce	 x29=0x840ce000
       22025000	      2103	800072bc	0001	c.addi	x0,0	  x0:0x00000000  x0=0x00000000
       22035000	      2104	800072be	04f68163	beq	x13,x15,80007300	 x13:0x00000000 x15:0xffca3000
       22405000	      2141	800072c2	0338fcb3	remu	x25,x17,x19	 x17:0x4c2b7800 x19:0x80021e0c x25=0x4c2b7800
       22415000	      2142	800072c6	0126e933	or	x18,x13,x18	 x13:0x00000000 x18:0x00000000 x18=0x00000000
       22425000	      2143	800072ca	00e9d2b3	srl	x5,x19,x14	 x19:0x80021e0c x14:0x00000000  x5=0x80021e0c
       22435000	      2144	800072ce	80ed	c.srli	x9,0x1b	  x9:0xfd75d9e1  x9=0x0000001f
       22445000	      2145	800072d0	87e1	c.srai	x15,0x18	 x15:0xffca3000 x15=0xffffffff
       22455000	      2146	800072d2	40a456b3	sra	x13,x8,x10	  x8:0xd0000000 x10:0x00000000 x13=0xd0000000
       22465000	      2147	800072d6	0cd9	c.addi	x25,22	 x25:0x4c2b7800 x25=0x4c2b7816
       22475000	      2148	800072d8	8c59	c.or	x8,x14	  x8:0xd0000000 x14:0x00000000  x8=0xd0000000
       22485000	      2149	800072da	00da6763	bltu	x20,x13,800072e8	 x20:0x00000000 x13:0xd0000000
       22505000	      2151	800072e8	0001	c.addi	x0,0	  x0:0x00000000  x0=0x00000000
       22515000	      2152	800072ea	c0b2bc13	sltiu	x24,x5,-1013	  x5:0x80021e0c x24=0x00000001
       22525000	      2153	800072ee	013a8033	add	x0,x21,x19	 x21:0xa6a99000 x19:0x80021e0c  x0=0x00000000
       22535000	      2154	800072f2	4129dc33	sra	x24,x19,x18	 x19:0x80021e0c x18:0x00000000 x24=0x80021e0c
       22565000	      2157	800072f6	03260533	mul	x10,x12,x18	 x12:0x04800000 x18:0x00000000 x10=0x00000000
       22575000	      2158	800072fa	8ca1	c.xor	x9,x8	  x9:0x0000001f  x8:0xd0000000  x9=0xd000001f
       22585000	      2159	800072fc	007b4eb3	xor	x29,x22,x7	 x22:0x209a0000  x7:0xfaeb9c09 x29=0xda719c09
       22625000	      2163	80007300	0271a0b3	mulhsu	x1,x3,x7	  x3:0xfffff834  x7:0xfaeb9c09  x1=0xfffff85b
       22635000	      2164	80007304	58306813	ori	x16,x0,1411	  x0:0x00000000 x16=0x00000583
       22645000	      2165	80007308	3534f493	andi	x9,x9,851	  x9:0xd000001f  x9=0x00000013
       22655000	      2166	8000730c	cc19	c.beqz	x8,8000732a	  x8:0xd0000000
       22665000	      2167	8000730e	4c6d	c.li	x24,27	 x24=0x0000001b
       22675000	      2168	80007310	6a71	c.lui	x20,0x1c	 x20=0x0001c000
       22685000	      2169	80007312	0191d133	srl	x2,x3,x25	  x3:0xfffff834 x25:0x4c2b7816  x2=0x000003ff
       22695000	      2170	80007316	9b7d	c.andi	x14,-1	 x14:0x00000000 x14=0x00000000
       22705000	      2171	80007318	0116e933	or	x18,x13,x17	 x13:0xd0000000 x17:0x4c2b7800 x18=0xdc2b7800
       22715000	      2172	8000731c	ba1c1a37	lui	x20,0xba1c1	 x20=0xba1c1000
       22725000	      2173	80007320	0ff0000f	fence	iorw,iorw	
       22735000	      2174	80007324	99fd	c.andi	x11,-1	 x11:0xdf664000 x11=0xdf664000
       22745000	      2175	80007326	a90e7813	andi	x16,x28,-1392	 x28:0xfed07600 x16=0xfed07200
       22755000	      2176	8000732a	0dae	c.slli	x27,0xb	 x27:0x00000000 x27=0x00000000
       23125000	      2213	8000732c	026bdcb3	divu	x25,x23,x6	 x23:0x00000001  x6:0x7ffde174 x25=0x00000000
       23135000	      2214	80007330	0092e7b3	or	x15,x5,x9	  x5:0x80021e0c  x9:0x00000013 x15=0x80021e1f
       23145000	      2215	80007334	02ab7163	bgeu	x22,x10,80007356	 x22:0x209a0000 x10:0x00000000
       23205000	      2221	80007356	025b18b3	mulh	x17,x22,x5	 x22:0x209a0000  x5:0x80021e0c x17=0xefb34507
       23215000	      2222	8000735a	0185c7b3	xor	x15,x11,x24	 x11:0xdf664000 x24:0x0000001b x15=0xdf66401b
       23585000	      2259	8000735e	028ac833	div	x16,x21,x8	 x21:0xa6a99000  x8:0xd0000000 x16=0x00000001
       23595000	      2260	80007362	57374693	xori	x13,x14,1395	 x14:0x00000000 x13=0x00000573
       23605000	      2261	80007366	8075	c.srli	x8,0x1d	  x8:0xd0000000  x8=0x00000006
       23615000	      2262	80007368	406c8733	sub	x14,x25,x6	 x25:0x00000000  x6:0x7ffde174 x14=0x80021e8c
       23625000	      2263	8000736c	0068c1b3	xor	x3,x17,x6	 x17:0xefb34507  x6:0x7ffde174  x3=0x904ea473
       23635000	      2264	80007370	0ff0000f	fence	iorw,iorw	
       23645000	      2265	80007374	01ae	c.slli	x3,0xb	  x3:0x904ea473  x3=0x75239800
       23655000	      2266	80007376	02831363	bne	x6,x8,8000739c	  x6:0x7ffde174  x8:0x00000006
       23675000	      2268	8000739c	c8288193	addi	x3,x17,-894	 x17:0xefb34507  x3=0xefb34189
       23685000	      2269	800073a0	40ee5213	srai	x4,x28,0xe	 x28:0xfed07600  x4=0xfffffb41
       23695000	      2270	800073a4	854d	c.srai	x10,0x13	 x10:0x00000000 x10=0x00000000
       23705000	      2271	800073a6	0016b333	sltu	x6,x13,x1	 x13:0x00000573  x1:0xfffff85b  x6=0x00000001
       23715000	      2272	800073aa	006c1b93	slli	x23,x24,0x6	 x24:0x0000001b x23=0x000006c0
       23725000	      2273	800073ae	8fc1	c.or	x15,x8	 x15:0xdf66401b  x8:0x00000006 x15=0xdf66401f
       23735000	      2274	800073b0	8fa1	c.xor	x15,x8	 x15:0xdf66401f  x8:0x00000006 x15=0xdf664019
       23745000	      2275	800073b2	34c82113	slti	x2,x16,844	 x16:0x00000001  x2=0x00000001
       23755000	      2276	800073b6	ad765ab7	lui	x21,0xad765	 x21=0xad765000
       23765000	      2277	800073ba	011c5263	bge	x24,x17,800073be	 x24:0x0000001b x17:0xefb34507
       23825000	      2283	800073be	03809a33	mulh	x20,x1,x24	  x1:0xfffff85b x24:0x0000001b x20=0xffffffff
       23835000	      2284	800073c2	8ff1	c.and	x15,x12	 x15:0xdf664019 x12:0x04800000 x15=0x04000000
       23845000	      2285	800073c4	4008dd93	srai	x27,x17,0x0	 x17:0xefb34507 x27=0xefb34507
       23855000	      2286	800073c8	2f402413	slti	x8,x0,756	  x0:0x00000000  x8=0x00000001
       23865000	      2287	800073cc	8141	c.srli	x10,0x10	 x10:0x00000000 x10=0x00000000
       23875000	      2288	800073ce	0f0b2b17	auipc	x22,0xf0b2	 x22=0x8f0b93ce
       23885000	      2289	800073d2	c319	c.beqz	x14,800073d8	 x14:0x80021e8c
       23895000	      2290	800073d4	591bc913	xori	x18,x23,1425	 x23:0x000006c0 x18=0x00000351
       23905000	      2291	800073d8	8c2d	c.xor	x8,x11	  x8:0x00000001 x11:0xdf664000  x8=0xdf664001
       23915000	      2292	800073da	717d	c.addi16sp	x2,-16	  x2:0x00000001  x2=0xfffffff1
       23925000	      2293	800073dc	405f5c93	srai	x25,x30,0x5	 x30:0x0000054e x25=0x0000002a
       23965000	      2297	800073e0	0253b833	mulhu	x16,x7,x5	  x7:0xfaeb9c09  x5:0x80021e0c x16=0x7d77e14f
       23975000	      2298	800073e4	8c81	c.sub	x9,x8	  x9:0x00000013  x8:0xdf664001  x9=0x2099c012
       23985000	      2299	800073e6	ad866793	ori	x15,x12,-1320	 x12:0x04800000 x15=0xfffffad8
       24025000	      2303	800073ea	02c4a4b3	mulhsu	x9,x9,x12	  x9:0x2099c012 x12:0x04800000  x9=0x0092b3e0
       24035000	      2304	800073ee	0f08	c.addi4spn	x10,x2,912	 x10=0x00000381
       24045000	      2305	800073f0	ef01	c.bnez	x14,80007408	 x14:0x80021e8c
       24065000	      2307	80007408	01b6ef33	or	x30,x13,x27	 x13:0x00000573 x27:0xefb34507 x30=0xefb34577
       24075000	      2308	8000740c	08d1	c.addi	x17,20	 x17:0xefb34507 x17=0xefb3451b
       24445000	      2345	8000740e	03375333	divu	x6,x14,x19	 x14:0x80021e8c x19:0x80021e0c  x6=0x00000001
       24455000	      2346	80007412	fd484013	xori	x0,x16,-44	 x16:0x7d77e14f  x0=0x00000000
       24465000	      2347	80007416	5b7d	c.li	x22,-1	 x22=0xffffffff
       24475000	      2348	80007418	5bba16b7	lui	x13,0x5bba1	 x13=0x5bba1000
       24485000	      2349	8000741c	9bfd	c.andi	x15,-1	 x15:0xfffffad8 x15=0xfffffad8
       24495000	      2350	8000741e	82cd	c.srli	x13,0x13	 x13:0x5bba1000 x13=0x00000b77
       24505000	      2351	80007420	037c0b63	beq	x24,x23,80007456	 x24:0x0000001b x23:0x000006c0
       24515000	      2352	80007424	40fd8eb3	sub	x29,x27,x15	 x27:0xefb34507 x15:0xfffffad8 x29=0xefb34a2f
       24525000	      2353	80007428	0001	c.addi	x0,0	  x0:0x00000000  x0=0x00000000
       24535000	      2354	8000742a	000248b3	xor	x17,x4,x0	  x4:0xfffffb41  x0:0x00000000 x17=0xfffffb41
       24545000	      2355	8000742e	1b0c	c.addi4spn	x11,x2,432	 x11=0x000001a1
       24915000	      2392	80007430	030dd533	divu	x10,x27,x16	 x27:0xefb34507 x16:0x7d77e14f x10=0x00000001
       24925000	      2393	80007434	03d48963	beq	x9,x29,80007466	  x9:0x0092b3e0 x29:0xefb34a2f
       24935000	      2394	80007438	017f7833	and	x16,x30,x23	 x30:0xefb34577 x23:0x000006c0 x16=0x00000440
       25305000	      2431	8000743c	022f5e33	divu	x28,x30,x2	 x30:0xefb34577  x2:0xfffffff1 x28=0x00000000
       25315000	      2432	80007440	8039	c.srli	x8,0xe	  x8:0xdf664001  x8=0x00037d99
       25325000	      2433	80007442	01b65db3	srl	x27,x12,x27	 x12:0x04800000 x27:0xefb34507 x27=0x00090000
       25695000	      2470	80007446	034676b3	remu	x13,x12,x20	 x12:0x04800000 x20:0xffffffff x13=0x04800000
       26065000	      2507	8000744a	0372dc33	divu	x24,x5,x23	  x5:0x80021e0c x23:0x000006c0 x24=0x0012f6d5
       26075000	      2508	8000744e	01210463	beq	x2,x18,80007456	  x2:0xfffffff1 x18:0x00000351
       26085000	      2509	80007452	457694b7	lui	x9,0x45769	  x9=0x45769000
       26095000	      2510	80007456	0130db33	srl	x22,x1,x19	  x1:0xfffff85b x19:0x80021e0c x22=0x000fffff
       26105000	      2511	8000745a	01e25d63	bge	x4,x30,80007474	  x4:0xfffffb41 x30:0xefb34577
       26155000	      2516	80007474	03b4b833	mulhu	x16,x9,x27	  x9:0x45769000 x27:0x00090000 x16=0x0002712b
       26165000	      2517	80007478	7e288b13	addi	x22,x17,2018	 x17:0xfffffb41 x22=0x00000323
       26175000	      2518	8000747c	010ddc33	srl	x24,x27,x16	 x27:0x00090000 x16:0x0002712b x24=0x00000120
       26185000	      2519	80007480	401ddeb3	sra	x29,x27,x1	 x27:0x00090000  x1:0xfffff85b x29=0x00000000
       26195000	      2520	80007484	0037fbb3	and	x23,x15,x3	 x15:0xfffffad8  x3:0xefb34189 x23=0xefb34088
       26205000	      2521	80007488	0ff0000f	fence	iorw,iorw	
       26215000	      2522	8000748c	01365a13	srli	x20,x12,0x13	 x12:0x04800000 x20=0x00000090
       26225000	      2523	80007490	7c26f013	andi	x0,x13,1986	 x13:0x04800000  x0=0x00000000
       26595000	      2560	80007494	022461b3	rem	x3,x8,x2	  x8:0x00037d99  x2:0xfffffff1  x3=0x0000000b
       26605000	      2561	80007498	8d41	c.or	x10,x8	 x10:0x00000001  x8:0x00037d99 x10=0x00037d99
       26615000	      2562	8000749a	8ff1	c.and	x15,x12	 x15:0xfffffad8 x12:0x04800000 x15=0x04800000
       26625000	      2563	8000749c	00b33a33	sltu	x20,x6,x11	  x6:0x00000001 x11:0x000001a1 x20=0x00000001
       26635000	      2564	800074a0	c795	c.beqz	x15,800074cc	 x15:0x04800000
       26645000	      2565	800074a2	c315	c.beqz	x14,800074c6	 x14:0x80021e8c
       26685000	      2569	800074a4	036a32b3	mulhu	x5,x20,x22	 x20:0x00000001 x22:0x00000323  x5=0x00000000
       26695000	      2570	800074a8	628d	c.lui	x5,0x3	  x5=0x00003000
       26705000	      2571	800074aa	410fd333	sra	x6,x31,x16	 x31:0x181c0000 x16:0x0002712b  x6=0x00030380
       26715000	      2572	800074ae	8bd6	c.mv	x23,x21	  x0:0x00000000 x21:0xad765000 x23=0xad765000
       26725000	      2573	800074b0	167d	c.addi	x12,-1	 x12:0x04800000 x12=0x047fffff
       26735000	      2574	800074b2	0001	c.addi	x0,0	  x0:0x00000000  x0=0x00000000
       26755000	      2576	800074b4	03dfc2b3	div	x5,x31,x29	 x31:0x181c0000 x29:0x00000000  x5=0xffffffff
       26765000	      2577	800074b8	8f75	c.and	x14,x13	 x14:0x80021e8c x13:0x04800000 x14=0x00000000
       26775000	      2578	800074ba	8f55	c.or	x14,x13	 x14:0x00000000 x13:0x04800000 x14=0x04800000
       26785000	      2579	800074bc	0e710713	addi	x14,x2,231	  x2:0xfffffff1 x14=0x000000d8
       26795000	      2580	800074c0	cd01	c.beqz	x10,800074d8	 x10:0x00037d99
       26805000	      2581	800074c2	01cc9eb3	sll	x29,x25,x28	 x25:0x0000002a x28:0x00000000 x29=0x0000002a
       26815000	      2582	800074c6	8e9d	c.sub	x13,x15	 x13:0x04800000 x15:0x04800000 x13=0x00000000
       26825000	      2583	800074c8	003c8d63	beq	x25,x3,800074e2	 x25:0x0000002a  x3:0x0000000b
       26835000	      2584	800074cc	ed89	c.bnez	x11,800074e6	 x11:0x000001a1
       26865000	      2587	800074e6	15177e13	andi	x28,x14,337	 x14:0x000000d8 x28=0x00000050
       26875000	      2588	800074ea	4b05	c.li	x22,1	 x22=0x00000001
       26885000	      2589	800074ec	38423213	sltiu	x4,x4,900	  x4:0xfffffb41  x4=0x00000000
       27255000	      2626	800074f0	038fd7b3	divu	x15,x31,x24	 x31:0x181c0000 x24:0x00000120 x15=0x00156e38
       27265000	      2627	800074f4	009995b3	sll	x11,x19,x9	 x19:0x80021e0c  x9:0x45769000 x11=0x80021e0c
       27275000	      2628	800074f8	46cd	c.li	x13,19	 x13=0x00000013
       27285000	      2629	800074fa	997d	c.andi	x10,-1	 x10:0x00037d99 x10=0x00037d99
       27295000	      2630	800074fc	01c677b3	and	x15,x12,x28	 x12:0x047fffff x28:0x00000050 x15=0x00000050
       27305000	      2631	80007500	40c28533	sub	x10,x5,x12	  x5:0xffffffff x12:0x047fffff x10=0xfb800000
       27315000	      2632	80007504	eb64aa13	slti	x20,x9,-330	  x9:0x45769000 x20=0x00000000
       27325000	      2633	80007508	80c5	c.srli	x9,0x11	  x9:0x45769000  x9=0x000022bb
       27335000	      2634	8000750a	0000100f	fence.i	
       27365000	      2637	8000750e	00de4a63	blt	x28,x13,80007522	 x28:0x00000050 x13:0x00000013
       27405000	      2641	80007512	034b2f33	mulhsu	x30,x22,x20	 x22:0x00000001 x20:0x00000000 x30=0x00000000
       27415000	      2642	80007516	8055	c.srli	x8,0x15	  x8:0x00037d99  x8=0x00000000
       27425000	      2643	80007518	01545263	bge	x8,x21,8000751c	  x8:0x00000000 x21:0xad765000
       27445000	      2645	8000751c	884e	c.mv	x16,x19	  x0:0x00000000 x19:0x80021e0c x16=0x80021e0c
       27455000	      2646	8000751e	f617ceb7	lui	x29,0xf617c	 x29=0xf617c000
       27465000	      2647	80007522	00bf8c63	beq	x31,x11,8000753a	 x31:0x181c0000 x11:0x80021e0c
       27475000	      2648	80007526	6fe5	c.lui	x31,0x19	 x31=0x00019000
       27485000	      2649	80007528	10fd	c.addi	x1,-1	  x1:0xfffff85b  x1=0xfffff85a
       27495000	      2650	8000752a	8d85	c.sub	x11,x9	 x11:0x80021e0c  x9:0x000022bb x11=0x8001fb51
       27505000	      2651	8000752c	0000100f	fence.i	
       27525000	      2653	80007530	0000100f	fence.i	
       27545000	      2655	80007534	cfd22013	slti	x0,x4,-771	  x4:0x00000000  x0=0x00000000
       27555000	      2656	80007538	e08d	c.bnez	x9,8000755a	  x9:0x000022bb
       27945000	      2695	8000755a	033bf5b3	remu	x11,x23,x19	 x23:0xad765000 x19:0x80021e0c x11=0x2d7431f4
       27955000	      2696	8000755e	01281bb3	sll	x23,x16,x18	 x16:0x80021e0c x18:0x00000351 x23=0x3c180000
       27965000	      2697	80007562	8db1	c.xor	x11,x12	 x11:0x2d7431f4 x12:0x047fffff x11=0x290bce0b
       27975000	      2698	80007564	994fca93	xori	x21,x31,-1644	 x31:0x00019000 x21=0xfffe6994
       27985000	      2699	80007568	0de1	c.addi	x27,24	 x27:0x00090000 x27=0x00090018
       28025000	      2703	8000756a	037d1c33	mulh	x24,x26,x23	 x26:0x80025ce4 x23:0x3c180000 x24=0xe1f48dfe
       28035000	      2704	8000756e	4769	c.li	x14,26	 x14=0x0000001a
       28045000	      2705	80007570	c1668a93	addi	x21,x13,-1002	 x13:0x00000013 x21=0xfffffc29
       28055000	      2706	80007574	013c4463	blt	x24,x19,8000757c	 x24:0xe1f48dfe x19:0x80021e0c
       28425000	      2743	80007578	02b1c333	div	x6,x3,x11	  x3:0x0000000b x11:0x290bce0b  x6=0x00000000
       28465000	      2747	8000757c	03f09a33	mulh	x20,x1,x31	  x1:0xfffff85a x31:0x00019000 x20=0xffffffff
       28475000	      2748	80007580	4098da33	sra	x20,x17,x9	 x17:0xfffffb41  x9:0x000022bb x20=0xffffffff
       28485000	      2749	80007584	40495b33	sra	x22,x18,x4	 x18:0x00000351  x4:0x00000000 x22=0x00000351
       28495000	      2750	80007588	01c41563	bne	x8,x28,80007592	  x8:0x00000000 x28:0x00000050
       28525000	      2753	80007592	000d6663	bltu	x26,x0,8000759e	 x26:0x80025ce4  x0:0x00000000
       28535000	      2754	80007596	01cf20b3	slt	x1,x30,x28	 x30:0x00000000 x28:0x00000050  x1=0x00000001
       28545000	      2755	8000759a	01e1ea63	bltu	x3,x30,800075ae	  x3:0x0000000b x30:0x00000000
       28555000	      2756	8000759e	17fd	c.addi	x15,-1	 x15:0x00000050 x15=0x0000004f
       28565000	      2757	800075a0	8cd9	c.or	x9,x14	  x9:0x000022bb x14:0x0000001a  x9=0x000022bb
       28935000	      2794	800075a2	02e3e4b3	rem	x9,x7,x14	  x7:0xfaeb9c09 x14:0x0000001a  x9=0xfffffff9
       28945000	      2795	800075a6	00c616b3	sll	x13,x12,x12	 x12:0x047fffff x12:0x047fffff x13=0x80000000
       28955000	      2796	800075aa	00eef133	and	x2,x29,x14	 x29:0xf617c000 x14:0x0000001a  x2=0x00000000
       28965000	      2797	800075ae	03f68163	beq	x13,x31,800075d0	 x13:0x80000000 x31:0x00019000
       28975000	      2798	800075b2	0f35	c.addi	x30,13	 x30:0x00000000 x30=0x0000000d
       28985000	      2799	800075b4	98bae113	ori	x2,x21,-1653	 x21:0xfffffc29  x2=0xfffffdab
       28995000	      2800	800075b8	019b7e63	bgeu	x22,x25,800075d4	 x22:0x00000351 x25:0x0000002a
       29015000	      2802	800075d4	00070933	add	x18,x14,x0	 x14:0x0000001a  x0:0x00000000 x18=0x0000001a
       29025000	      2803	800075d8	e010a413	slti	x8,x1,-511	  x1:0x00000001  x8=0x00000000
       29065000	      2807	800075dc	030d2833	mulhsu	x16,x26,x16	 x26:0x80025ce4 x16:0x80021e0c x16=0xc0001f71
       29435000	      2844	800075e0	0329e933	rem	x18,x19,x18	 x19:0x80021e0c x18:0x0000001a x18=0xffffffea
       29445000	      2845	800075e4	00d9e463	bltu	x19,x13,800075ec	 x19:0x80021e0c x13:0x80000000
       29815000	      2882	800075e8	029840b3	div	x1,x16,x9	 x16:0xc0001f71  x9:0xfffffff9  x1=0x09248dcb
       29825000	      2883	800075ec	076a	c.slli	x14,0x1a	 x14:0x0000001a x14=0x68000000
       29835000	      2884	800075ee	21db7713	andi	x14,x22,541	 x22:0x00000351 x14=0x00000211
       29875000	      2888	800075f2	024cb533	mulhu	x10,x25,x4	 x25:0x0000002a  x4:0x00000000 x10=0x00000000
       29885000	      2889	800075f6	89ee2913	slti	x18,x28,-1890	 x28:0x00000050 x18=0x00000000
       29895000	      2890	800075fa	717d	c.addi16sp	x2,-16	  x2:0xfffffdab  x2=0xfffffd9b
       29905000	      2891	800075fc	004e5f33	srl	x30,x28,x4	 x28:0x00000050  x4:0x00000000 x30=0x00000050
       29915000	      2892	80007600	017ffc63	bgeu	x31,x23,80007618	 x31:0x00019000 x23:0x3c180000
       29925000	      2893	80007604	717d	c.addi16sp	x2,-16	  x2:0xfffffd9b  x2=0xfffffd8b
       29935000	      2894	80007606	717d	c.addi16sp	x2,-16	  x2:0xfffffd8b  x2=0xfffffd7b
       30305000	      2931	80007608	02ce51b3	divu	x3,x28,x12	 x28:0x00000050 x12:0x047fffff  x3=0x00000000
       30315000	      2932	8000760c	717d	c.addi16sp	x2,-16	  x2:0xfffffd7b  x2=0xfffffd6b
       30325000	      2933	8000760e	213cf8b7	lui	x17,0x213cf	 x17=0x213cf000
       30335000	      2934	80007612	feaa4213	xori	x4,x20,-22	 x20:0xffffffff  x4=0x00000015
       30345000	      2935	80007616	82b5	c.srli	x13,0xd	 x13:0x80000000 x13=0x00040000
       30355000	      2936	80007618	568fc713	xori	x14,x31,1384	 x31:0x00019000 x14=0x00019568
       30365000	      2937	8000761c	0174f8b3	and	x17,x9,x23	  x9:0xfffffff9 x23:0x3c180000 x17=0x3c180000
       30735000	      2974	80007620	022f5cb3	divu	x25,x30,x2	 x30:0x00000050  x2:0xfffffd6b x25=0x00000000
       30745000	      2975	80007624	984e	c.add	x16,x19	 x16:0xc0001f71 x19:0x80021e0c x16=0x40023d7d
       30755000	      2976	80007626	4e773d93	sltiu	x27,x14,1255	 x14:0x00019568 x27=0x00000000
       30765000	      2977	8000762a	949e	c.add	x9,x7	  x9:0xfffffff9  x7:0xfaeb9c09  x9=0xfaeb9c02
       30775000	      2978	8000762c	50bb0c93	addi	x25,x22,1291	 x22:0x00000351 x25=0x0000085c
       30785000	      2979	80007630	c991	c.beqz	x11,80007644	 x11:0x290bce0b
       30795000	      2980	80007632	0ff0000f	fence	iorw,iorw	
       30805000	      2981	80007636	81ae	c.mv	x3,x11	  x0:0x00000000 x11:0x290bce0b  x3=0x290bce0b
       30815000	      2982	80007638	0336	c.slli	x6,0xd	  x6:0x00000000  x6=0x00000000
       31185000	      3019	8000763a	03d6e433	rem	x8,x13,x29	 x13:0x00040000 x29:0xf617c000  x8=0x00040000
       31225000	      3023	8000763e	0269ba33	mulhu	x20,x19,x6	 x19:0x80021e0c  x6:0x00000000 x20=0x00000000
       31235000	      3024	80007642	e289	c.bnez	x13,80007644	 x13:0x00040000
       31255000	      3026	80007644	6121	c.addi16sp	x2,64	  x2:0xfffffd6b  x2=0xfffffdab
       31265000	      3027	80007646	009f5b33	srl	x22,x30,x9	 x30:0x00000050  x9:0xfaeb9c02 x22=0x00000014
       31635000	      3064	8000764a	03a977b3	remu	x15,x18,x26	 x18:0x00000000 x26:0x80025ce4 x15=0x00000000
       31645000	      3065	8000764e	41bd8b33	sub	x22,x27,x27	 x27:0x00000000 x27:0x00000000 x22=0x00000000
       31655000	      3066	80007652	9f72	c.add	x30,x28	 x30:0x00000050 x28:0x00000050 x30=0x000000a0
       31665000	      3067	80007654	10fd	c.addi	x1,-1	  x1:0x09248dcb  x1=0x09248dca
       31675000	      3068	80007656	01feee33	or	x28,x29,x31	 x29:0xf617c000 x31:0x00019000 x28=0xf617d000
       31685000	      3069	8000765a	a152cb17	auipc	x22,0xa152c	 x22=0x2153365a
       31695000	      3070	8000765e	86a9	c.srai	x13,0xa	 x13:0x00040000 x13=0x00000100
       32065000	      3107	80007660	039f4533	div	x10,x30,x25	 x30:0x000000a0 x25:0x0000085c x10=0x00000000
       32435000	      3144	80007664	0308ea33	rem	x20,x17,x16	 x17:0x3c180000 x16:0x40023d7d x20=0x3c180000
       32445000	      3145	80007668	8dfd	c.and	x11,x15	 x11:0x290bce0b x15:0x00000000 x11=0x00000000
       32455000	      3146	8000766a	01d06563	bltu	x0,x29,80007674	  x0:0x00000000 x29:0xf617c000
       32475000	      3148	80007674	01e4ebb3	or	x23,x9,x30	  x9:0xfaeb9c02 x30:0x000000a0 x23=0xfaeb9ca2
       32515000	      3152	80007678	03fe2933	mulhsu	x18,x28,x31	 x28:0xf617d000 x31:0x00019000 x18=0xfffff085
       32525000	      3153	8000767c	151c	c.addi4spn	x15,x2,672	 x15=0x0000004b
       32535000	      3154	8000767e	40c00033	sub	x0,x0,x12	  x0:0x00000000 x12:0x047fffff  x0=0x00000000
       32545000	      3155	80007682	41c55f93	srai	x31,x10,0x1c	 x10:0x00000000 x31=0x00000000
       32555000	      3156	80007686	028e9163	bne	x29,x8,800076a8	 x29:0xf617c000  x8:0x00040000
       32575000	      3158	800076a8	40bd5593	srai	x11,x26,0xb	 x26:0x80025ce4 x11=0xfff0004b
       32585000	      3159	800076ac	0155d763	bge	x11,x21,800076ba	 x11:0xfff0004b x21:0xfffffc29
       32595000	      3160	800076b0	8f69	c.and	x14,x10	 x14:0x00019568 x10:0x00000000 x14=0x00000000
       32605000	      3161	800076b2	01eac263	blt	x21,x30,800076b6	 x21:0xfffffc29 x30:0x000000a0
       32625000	      3163	800076b6	e089	c.bnez	x9,800076b8	  x9:0xfaeb9c02
       32645000	      3165	800076b8	c60d	c.beqz	x12,800076e2	 x12:0x047fffff
       32655000	      3166	800076ba	0161afb3	slt	x31,x3,x22	  x3:0x290bce0b x22:0x2153365a x31=0x00000000
       32665000	      3167	800076be	3be98413	addi	x8,x19,958	 x19:0x80021e0c  x8=0x800221ca
       32675000	      3168	800076c2	8cb1	c.xor	x9,x12	  x9:0xfaeb9c02 x12:0x047fffff  x9=0xfe9463fd
       32685000	      3169	800076c4	41bb04b3	sub	x9,x22,x27	 x22:0x2153365a x27:0x00000000  x9=0x2153365a
       32695000	      3170	800076c8	0001	c.addi	x0,0	  x0:0x00000000  x0=0x00000000
       32705000	      3171	800076ca	1c7d	c.addi	x24,-1	 x24:0xe1f48dfe x24=0xe1f48dfd
       32715000	      3172	800076cc	00f8dd93	srli	x27,x17,0xf	 x17:0x3c180000 x27=0x00007830
       32725000	      3173	800076d0	da2e5937	lui	x18,0xda2e5	 x18=0xda2e5000
       32735000	      3174	800076d4	46ce9bb7	lui	x23,0x46ce9	 x23=0x46ce9000
       32745000	      3175	800076d8	4361	c.li	x6,24	  x6=0x00000018
       32755000	      3176	800076da	01b87433	and	x8,x16,x27	 x16:0x40023d7d x27:0x00007830  x8=0x00003830
       32765000	      3177	800076de	00b89a13	slli	x20,x17,0xb	 x17:0x3c180000 x20=0xc0000000
       32775000	      3178	800076e2	01189133	sll	x2,x17,x17	 x17:0x3c180000 x17:0x3c180000  x2=0x3c180000
       32785000	      3179	800076e6	5a7d	c.li	x20,-1	 x20=0xffffffff
       32825000	      3183	800076e8	02ad9c33	mulh	x24,x27,x10	 x27:0x00007830 x10:0x00000000 x24=0x00000000
       32835000	      3184	800076ec	03614b63	blt	x2,x22,80007722	  x2:0x3c180000 x22:0x2153365a
       32845000	      3185	800076f0	0017ceb3	xor	x29,x15,x1	 x15:0x0000004b  x1:0x09248dca x29=0x09248d81
       32855000	      3186	800076f4	ea05	c.bnez	x12,80007724	 x12:0x047fffff
       32875000	      3188	80007724	0001	c.addi	x0,0	  x0:0x00000000  x0=0x00000000
       32885000	      3189	80007726	ee05	c.bnez	x12,8000775e	 x12:0x047fffff
       32915000	      3192	8000775e	0ff0000f	fence	iorw,iorw	
       32925000	      3193	80007762	8325	c.srli	x14,0x9	 x14:0x00000000 x14=0x00000000
       32935000	      3194	80007764	01d370b3	and	x1,x6,x29	  x6:0x00000018 x29:0x09248d81  x1=0x00000000
       32945000	      3195	80007768	6eb9	c.lui	x29,0xe	 x29=0x0000e000
       32955000	      3196	8000776a	0000100f	fence.i	
       32985000	      3199	8000776e	02f3f063	bgeu	x7,x15,8000778e	  x7:0xfaeb9c09 x15:0x0000004b
       33015000	      3202	8000778e	00942cb3	slt	x25,x8,x9	  x8:0x00003830  x9:0x2153365a x25=0x00000001
       33025000	      3203	80007792	01276263	bltu	x14,x18,80007796	 x14:0x00000000 x18:0xda2e5000
       33045000	      3205	80007796	1118	c.addi4spn	x14,x2,160	 x14=0x3c1800a0
       33055000	      3206	80007798	023f1163	bne	x30,x3,800077ba	 x30:0x000000a0  x3:0x290bce0b
       33085000	      3209	800077ba	00e4df63	bge	x9,x14,800077d8	  x9:0x2153365a x14:0x3c1800a0
       33095000	      3210	800077be	01970db3	add	x27,x14,x25	 x14:0x3c1800a0 x25:0x00000001 x27=0x3c1800a1
       33105000	      3211	800077c2	8da9	c.xor	x11,x10	 x11:0xfff0004b x10:0x00000000 x11=0xfff0004b
       33115000	      3212	800077c4	00a7f233	and	x4,x15,x10	 x15:0x0000004b x10:0x00000000  x4=0x00000000
       33125000	      3213	800077c8	01a60eb3	add	x29,x12,x26	 x12:0x047fffff x26:0x80025ce4 x29=0x84825ce3
       33135000	      3214	800077cc	01b0f763	bgeu	x1,x27,800077da	  x1:0x00000000 x27:0x3c1800a1
       33145000	      3215	800077d0	d7cfa193	slti	x3,x31,-644	 x31:0x00000000  x3=0x00000000
       33155000	      3216	800077d4	419950b3	sra	x1,x18,x25	 x18:0xda2e5000 x25:0x00000001  x1=0xed172800
       33165000	      3217	800077d8	8cc9	c.or	x9,x10	  x9:0x2153365a x10:0x00000000  x9=0x2153365a
       33175000	      3218	800077da	010c7563	bgeu	x24,x16,800077e4	 x24:0x00000000 x16:0x40023d7d
       33185000	      3219	800077de	063d	c.addi	x12,15	 x12:0x047fffff x12=0x0480000e
       33195000	      3220	800077e0	41cef013	andi	x0,x29,1052	 x29:0x84825ce3  x0=0x00000000
       33205000	      3221	800077e4	30dec913	xori	x18,x29,781	 x29:0x84825ce3 x18=0x84825fee
       33215000	      3222	800077e8	00361013	slli	x0,x12,0x3	 x12:0x0480000e  x0=0x00000000
       33225000	      3223	800077ec	8677a913	slti	x18,x15,-1945	 x15:0x0000004b x18=0x00000000
       33235000	      3224	800077f0	7ffcf593	andi	x11,x25,2047	 x25:0x00000001 x11=0x00000001
       33245000	      3225	800077f4	9aba	c.add	x21,x14	 x21:0xfffffc29 x14:0x3c1800a0 x21=0x3c17fcc9
       33255000	      3226	800077f6	54fd	c.li	x9,-1	  x9=0xffffffff
       33265000	      3227	800077f8	8f55	c.or	x14,x13	 x14:0x3c1800a0 x13:0x00000100 x14=0x3c1801a0
       33275000	      3228	800077fa	005c5633	srl	x12,x24,x5	 x24:0x00000000  x5:0xffffffff x12=0x00000000
       33285000	      3229	800077fe	0000100f	fence.i	
       33315000	      3232	80007802	3a80ac13	slti	x24,x1,936	  x1:0xed172800 x24=0x00000001
       33325000	      3233	80007806	d7639f97	auipc	x31,0xd7639	 x31=0x57640806
       33335000	      3234	8000780a	1b7d	c.addi	x22,-1	 x22:0x2153365a x22=0x21533659
       33375000	      3238	8000780c	02e12eb3	mulhsu	x29,x2,x14	  x2:0x3c180000 x14:0x3c1801a0 x29=0x0e1b42a1
       33385000	      3239	80007810	01fa5d93	srli	x27,x20,0x1f	 x20:0xffffffff x27=0x00000001
       33395000	      3240	80007814	717d	c.addi16sp	x2,-16	  x2:0x3c180000  x2=0x3c17fff0
       33405000	      3241	80007816	00619733	sll	x14,x3,x6	  x3:0x00000000  x6:0x00000018 x14=0x00000000
       33415000	      3242	8000781a	00516ab3	or	x21,x2,x5	  x2:0x3c17fff0  x5:0xffffffff x21=0xffffffff
       33425000	      3243	8000781e	01999363	bne	x19,x25,80007824	 x19:0x80021e0c x25:0x00000001
       33445000	      3245	80007824	1c1c	c.addi4spn	x15,x2,560	 x15=0x3c180220
       33455000	      3246	80007826	41fbd133	sra	x2,x23,x31	 x23:0x46ce9000 x31:0x57640806  x2=0x011b3a40
       33465000	      3247	8000782a	743e0e93	addi	x29,x28,1859	 x28:0xf617d000 x29=0xf617d743
       33475000	      3248	8000782e	0012d693	srli	x13,x5,0x1	  x5:0xffffffff x13=0x7fffffff
       33485000	      3249	80007832	8446	c.mv	x8,x17	  x0:0x00000000 x17:0x3c180000  x8=0x3c180000
       33525000	      3253	80007834	02399c33	mulh	x24,x19,x3	 x19:0x80021e0c  x3:0x00000000 x24=0x00000000
       33535000	      3254	80007838	40bbef13	ori	x30,x23,1035	 x23:0x46ce9000 x30=0x46ce940b
       33545000	      3255	8000783c	01a0b8b3	sltu	x17,x1,x26	  x1:0xed172800 x26:0x80025ce4 x17=0x00000000
       33555000	      3256	80007840	d8df0237	lui	x4,0xd8df0	  x4=0xd8df0000
       33565000	      3257	80007844	8d21	c.xor	x10,x8	 x10:0x00000000  x8:0x3c180000 x10=0x3c180000
       33575000	      3258	80007846	00d1d0b3	srl	x1,x3,x13	  x3:0x00000000 x13:0x7fffffff  x1=0x00000000
       33595000	      3260	8000784a	0233d4b3	divu	x9,x7,x3	  x7:0xfaeb9c09  x3:0x00000000  x9=0xffffffff
       33605000	      3261	8000784e	01641293	slli	x5,x8,0x16	  x8:0x3c180000  x5=0x00000000
       33615000	      3262	80007852	0cf6	c.slli	x25,0x1d	 x25:0x00000001 x25=0x20000000
       33625000	      3263	80007854	4185d713	srai	x14,x11,0x18	 x11:0x00000001 x14=0x00000000
       33635000	      3264	80007858	8675	c.srai	x12,0x1d	 x12:0x00000000 x12=0x00000000
       33645000	      3265	8000785a	00fd2db3	slt	x27,x26,x15	 x26:0x80025ce4 x15:0x3c180220 x27=0x00000001
       33655000	      3266	8000785e	0000100f	fence.i	
       33685000	      3269	80007862	00a35b93	srli	x23,x6,0xa	  x6:0x00000018 x23=0x00000000
       34055000	      3306	80007866	02ffc5b3	div	x11,x31,x15	 x31:0x57640806 x15:0x3c180220 x11=0x00000001
       34065000	      3307	8000786a	0014e333	or	x6,x9,x1	  x9:0xffffffff  x1:0x00000000  x6=0xffffffff
       34075000	      3308	8000786e	0067c4b3	xor	x9,x15,x6	 x15:0x3c180220  x6:0xffffffff  x9=0xc3e7fddf
       34085000	      3309	80007872	56fd	c.li	x13,-1	 x13=0xffffffff
       34455000	      3346	80007874	036a68b3	rem	x17,x20,x22	 x20:0xffffffff x22:0x21533659 x17=0xffffffff
       34465000	      3347	80007878	8e39	c.xor	x12,x14	 x12:0x00000000 x14:0x00000000 x12=0x00000000
       34475000	      3348	8000787a	997a	c.add	x18,x30	 x18:0x00000000 x30:0x46ce940b x18=0x46ce940b
       34485000	      3349	8000787c	00769313	slli	x6,x13,0x7	 x13:0xffffffff  x6=0xffffff80
       34495000	      3350	80007880	02260063	beq	x12,x2,800078a0	 x12:0x00000000  x2:0x011b3a40
       34505000	      3351	80007884	6145	c.addi16sp	x2,48	  x2:0x011b3a40  x2=0x011b3a70
       34515000	      3352	80007886	e815	c.bnez	x8,800078ba	  x8:0x3c180000
       34545000	      3355	800078ba	7251ee93	ori	x29,x3,1829	  x3:0x00000000 x29=0x00000725
       34555000	      3356	800078be	8ee1	c.and	x13,x8	 x13:0xffffffff  x8:0x3c180000 x13=0x3c180000
       34565000	      3357	800078c0	0159c233	xor	x4,x19,x21	 x19:0x80021e0c x21:0xffffffff  x4=0x7ffde1f3
       34935000	      3394	800078c4	03e8ef33	rem	x30,x17,x30	 x17:0xffffffff x30:0x46ce940b x30=0xffffffff
       34945000	      3395	800078c8	0000100f	fence.i	
       34965000	      3397	800078cc	0d04	c.addi4spn	x9,x2,656	  x9=0x011b3d00
       35335000	      3434	800078ce	026acb33	div	x22,x21,x6	 x21:0xffffffff  x6:0xffffff80 x22=0x00000000
       35345000	      3435	800078d2	013a61b3	or	x3,x20,x19	 x20:0xffffffff x19:0x80021e0c  x3=0xffffffff
       35355000	      3436	800078d6	8df9	c.and	x11,x14	 x11:0x00000001 x14:0x00000000 x11=0x00000000
       35365000	      3437	800078d8	018434b3	sltu	x9,x8,x24	  x8:0x3c180000 x24:0x00000000  x9=0x00000000
       35375000	      3438	800078dc	01861593	slli	x11,x12,0x18	 x12:0x00000000 x11=0x00000000
       35385000	      3439	800078e0	8dd9	c.or	x11,x14	 x11:0x00000000 x14:0x00000000 x11=0x00000000
       35405000	      3441	800078e2	038940b3	div	x1,x18,x24	 x18:0x46ce940b x24:0x00000000  x1=0xffffffff
       35415000	      3442	800078e6	1900	c.addi4spn	x8,x2,176	  x8=0x011b3b20
       35425000	      3443	800078e8	c9eda913	slti	x18,x27,-866	 x27:0x00000001 x18=0x00000000
       35795000	      3480	800078ec	0390d1b3	divu	x3,x1,x25	  x1:0xffffffff x25:0x20000000  x3=0x00000007
       35805000	      3481	800078f0	505ea893	slti	x17,x29,1285	 x29:0x00000725 x17=0x00000000
       35815000	      3482	800078f4	8db5	c.xor	x11,x13	 x11:0x00000000 x13:0x3c180000 x11=0x3c180000
       35825000	      3483	800078f6	01c10c63	beq	x2,x28,8000790e	  x2:0x011b3a70 x28:0xf617d000
       35835000	      3484	800078fa	970e	c.add	x14,x3	 x14:0x00000000  x3:0x00000007 x14=0x00000007
       35845000	      3485	800078fc	a09c2c93	slti	x25,x24,-1527	 x24:0x00000000 x25=0x00000000
       35855000	      3486	80007900	008acc63	blt	x21,x8,80007918	 x21:0xffffffff  x8:0x011b3b20
       35875000	      3488	80007918	537d	c.li	x6,-1	  x6=0xffffffff
       35885000	      3489	8000791a	8ecd	c.or	x13,x11	 x13:0x3c180000 x11:0x3c180000 x13=0x3c180000
       35895000	      3490	8000791c	906a3a13	sltiu	x20,x20,-1786	 x20:0xffffffff x20=0x00000000
       35905000	      3491	80007920	8c9d	c.sub	x9,x15	  x9:0x00000000 x15:0x3c180220  x9=0xc3e7fde0
       35915000	      3492	80007922	5ffd	c.li	x31,-1	 x31=0xffffffff
       35925000	      3493	80007924	0167a433	slt	x8,x15,x22	 x15:0x3c180220 x22:0x00000000  x8=0x00000000
       35935000	      3494	80007928	4175d213	srai	x4,x11,0x17	 x11:0x3c180000  x4=0x00000078
       35945000	      3495	8000792c	013b4ab3	xor	x21,x22,x19	 x22:0x00000000 x19:0x80021e0c x21=0x80021e0c
       35955000	      3496	80007930	0176dcb3	srl	x25,x13,x23	 x13:0x3c180000 x23:0x00000000 x25=0x3c180000
       35995000	      3500	80007934	0241a333	mulhsu	x6,x3,x4	  x3:0x00000007  x4:0x00000078  x6=0x00000000
       36365000	      3537	80007938	030f5bb3	divu	x23,x30,x16	 x30:0xffffffff x16:0x40023d7d x23=0x00000003
       36375000	      3538	8000793c	9b7d	c.andi	x14,-1	 x14:0x00000007 x14=0x00000007
       36385000	      3539	8000793e	03356563	bltu	x10,x19,80007968	 x10:0x3c180000 x19:0x80021e0c
       36405000	      3541	80007968	717d	c.addi16sp	x2,-16	  x2:0x011b3a70  x2=0x011b3a60
       36415000	      3542	8000796a	8d95	c.sub	x11,x13	 x11:0x3c180000 x13:0x3c180000 x11=0x00000000
       36425000	      3543	8000796c	056d6063	bltu	x26,x22,800079ac	 x26:0x80025ce4 x22:0x00000000
       36435000	      3544	80007970	717d	c.addi16sp	x2,-16	  x2:0x011b3a60  x2=0x011b3a50
       36445000	      3545	80007972	0001	c.addi	x0,0	  x0:0x00000000  x0=0x00000000
       36455000	      3546	80007974	003d0ab3	add	x21,x26,x3	 x26:0x80025ce4  x3:0x00000007 x21=0x80025ceb
       36465000	      3547	80007978	0167ceb3	xor	x29,x15,x22	 x15:0x3c180220 x22:0x00000000 x29=0x3c180220
       36475000	      3548	8000797c	01b57263	bgeu	x10,x27,80007980	 x10:0x3c180000 x27:0x00000001
       36495000	      3550	80007980	00fc9a13	slli	x20,x25,0xf	 x25:0x3c180000 x20=0x00000000
       36505000	      3551	80007984	8e6d	c.and	x12,x11	 x12:0x00000000 x11:0x00000000 x12=0x00000000
       36515000	      3552	80007986	6fbbfb93	andi	x23,x23,1787	 x23:0x00000003 x23=0x00000003
       36885000	      3589	8000798a	0217d4b3	divu	x9,x15,x1	 x15:0x3c180220  x1:0xffffffff  x9=0x00000000
       36895000	      3590	8000798e	036fd163	bge	x31,x22,800079b0	 x31:0xffffffff x22:0x00000000
       36915000	      3592	80007992	03634333	div	x6,x6,x22	  x6:0x00000000 x22:0x00000000  x6=0xffffffff
       36925000	      3593	80007996	610d	c.addi16sp	x2,160	  x2:0x011b3a50  x2=0x011b3af0
       36945000	      3595	80007998	02cae233	rem	x4,x21,x12	 x21:0x80025ceb x12:0x00000000  x4=0x80025ceb
       36955000	      3596	8000799c	83d5	c.srli	x15,0x15	 x15:0x3c180220 x15=0x000001e0
       36965000	      3597	8000799e	01315713	srli	x14,x2,0x13	  x2:0x011b3af0 x14=0x00000023
       36975000	      3598	800079a2	001b8433	add	x8,x23,x1	 x23:0x00000003  x1:0xffffffff  x8=0x00000002
       36995000	      3600	800079a6	03244733	div	x14,x8,x18	  x8:0x00000002 x18:0x00000000 x14=0xffffffff
       37005000	      3601	800079aa	c399	c.beqz	x15,800079b0	 x15:0x000001e0
       37045000	      3605	800079ac	03919b33	mulh	x22,x3,x25	  x3:0x00000007 x25:0x3c180000 x22=0x00000001
       37055000	      3606	800079b0	c031	c.beqz	x8,800079f4	  x8:0x00000002
       37095000	      3610	800079b2	03fb3e33	mulhu	x28,x22,x31	 x22:0x00000001 x31:0xffffffff x28=0x00000000
       37465000	      3647	800079b6	02e77bb3	remu	x23,x14,x14	 x14:0xffffffff x14:0xffffffff x23=0x00000000
       37475000	      3648	800079ba	0ff0000f	fence	iorw,iorw	
       37485000	      3649	800079be	552baf97	auipc	x31,0x552ba	 x31=0xd52c19be
       37495000	      3650	800079c2	1a716793	ori	x15,x2,423	  x2:0x011b3af0 x15=0x011b3bf7
       37515000	      3652	800079c6	031bc433	div	x8,x23,x17	 x23:0x00000000 x17:0x00000000  x8=0xffffffff
       37525000	      3653	800079ca	c601	c.beqz	x12,800079d2	 x12:0x00000000
       37545000	      3655	800079d2	c415	c.beqz	x8,800079fe	  x8:0xffffffff
       37555000	      3656	800079d4	03a09c63	bne	x1,x26,80007a0c	  x1:0xffffffff x26:0x80025ce4
       37575000	      3658	80007a0c	8625	c.srai	x12,0x9	 x12:0x00000000 x12=0x00000000
       37585000	      3659	80007a0e	0439	c.addi	x8,14	  x8:0xffffffff  x8=0x0000000d
       37595000	      3660	80007a10	0000100f	fence.i	
       37615000	      3662	80007a14	1d0b8d93	addi	x27,x23,464	 x23:0x00000000 x27=0x000001d0
       37635000	      3664	80007a18	025d7533	remu	x10,x26,x5	 x26:0x80025ce4  x5:0x00000000 x10=0x80025ce4
       37645000	      3665	80007a1c	0000100f	fence.i	
       37665000	      3667	80007a20	6ed1	c.lui	x29,0x14	 x29=0x00014000
       37675000	      3668	80007a22	afc2f713	andi	x14,x5,-1284	  x5:0x00000000 x14=0x00000000
       37685000	      3669	80007a26	00494733	xor	x14,x18,x4	 x18:0x00000000  x4:0x80025ceb x14=0x80025ceb
       37695000	      3670	80007a2a	6eaeb593	sltiu	x11,x29,1770	 x29:0x00014000 x11=0x00000000
       37705000	      3671	80007a2e	40415eb3	sra	x29,x2,x4	  x2:0x011b3af0  x4:0x80025ceb x29=0x00002367
       37715000	      3672	80007a32	002bdeb3	srl	x29,x23,x2	 x23:0x00000000  x2:0x011b3af0 x29=0x00000000
       37725000	      3673	80007a36	8f89	c.sub	x15,x10	 x15:0x011b3bf7 x10:0x80025ce4 x15=0x8118df13
       37735000	      3674	80007a38	96be	c.add	x13,x15	 x13:0x3c180000 x15:0x8118df13 x13=0xbd30df13
       37745000	      3675	80007a3a	00764263	blt	x12,x7,80007a3e	 x12:0x00000000  x7:0xfaeb9c09
       37755000	      3676	80007a3e	9845ff93	andi	x31,x11,-1660	 x11:0x00000000 x31=0x00000000
       37765000	      3677	80007a42	0001	c.addi	x0,0	  x0:0x00000000  x0=0x00000000
       37775000	      3678	80007a44	9b9a	c.add	x23,x6	 x23:0x00000000  x6:0xffffffff x23=0xffffffff
       37805000	      3681	80007a46	02738fb3	mul	x31,x7,x7	  x7:0xfaeb9c09  x7:0xfaeb9c09 x31=0x6ba0f851
       37815000	      3682	80007a4a	0ff0000f	fence	iorw,iorw	
       37825000	      3683	80007a4e	0096dc63	bge	x13,x9,80007a66	 x13:0xbd30df13  x9:0x00000000
       37835000	      3684	80007a52	8f9d	c.sub	x15,x15	 x15:0x8118df13 x15:0x8118df13 x15=0x00000000
       37845000	      3685	80007a54	9cae	c.add	x25,x11	 x25:0x3c180000 x11:0x00000000 x25=0x3c180000
       37855000	      3686	80007a56	0097d1b3	srl	x3,x15,x9	 x15:0x00000000  x9:0x00000000  x3=0x00000000
       37865000	      3687	80007a5a	8645	c.srai	x12,0x11	 x12:0x00000000 x12=0x00000000
       37875000	      3688	80007a5c	98fd	c.andi	x9,-1	  x9:0x00000000  x9=0x00000000
       37885000	      3689	80007a5e	01946e63	bltu	x8,x25,80007a7a	  x8:0x0000000d x25:0x3c180000
       37905000	      3691	80007a7a	0001	c.addi	x0,0	  x0:0x00000000  x0=0x00000000
       37915000	      3692	80007a7c	0009e263	bltu	x19,x0,80007a80	 x19:0x80021e0c  x0:0x00000000
       37935000	      3694	80007a80	0255e033	rem	x0,x11,x5	 x11:0x00000000  x5:0x00000000  x0=0x00000000
       37945000	      3695	80007a84	0bee	c.slli	x23,0x1b	 x23:0xffffffff x23=0xf8000000
       37955000	      3696	80007a86	00ec1463	bne	x24,x14,80007a8e	 x24:0x00000000 x14:0x80025ceb
       37975000	      3698	80007a8e	0c59	c.addi	x24,22	 x24:0x00000000 x24=0x00000016
       37995000	      3700	80007a90	0296c6b3	div	x13,x13,x9	 x13:0xbd30df13  x9:0x00000000 x13=0xffffffff
       38015000	      3702	80007a94	02c3ce33	div	x28,x7,x12	  x7:0xfaeb9c09 x12:0x00000000 x28=0xffffffff
       38025000	      3703	80007a98	c009	c.beqz	x8,80007a9a	  x8:0x0000000d
       38035000	      3704	80007a9a	86ad	c.srai	x13,0xb	 x13:0xffffffff x13=0xffffffff
       38045000	      3705	80007a9c	0d9a	c.slli	x27,0x6	 x27:0x000001d0 x27=0x00007400
       38055000	      3706	80007a9e	8e39	c.xor	x12,x14	 x12:0x00000000 x14:0x80025ceb x12=0x80025ceb
       38065000	      3707	80007aa0	55fd	c.li	x11,-1	 x11=0xffffffff
       38435000	      3744	80007aa2	037452b3	divu	x5,x8,x23	  x8:0x0000000d x23:0xf8000000  x5=0x00000000
       38445000	      3745	80007aa6	e199	c.bnez	x11,80007aac	 x11:0xffffffff
       38465000	      3747	80007aac	00e68f63	beq	x13,x14,80007aca	 x13:0xffffffff x14:0x80025ceb
       38475000	      3748	80007ab0	0155d613	srli	x12,x11,0x15	 x11:0xffffffff x12=0x000007ff
       38485000	      3749	80007ab4	4e936113	ori	x2,x6,1257	  x6:0xffffffff  x2=0xffffffff
       38495000	      3750	80007ab8	0001	c.addi	x0,0	  x0:0x00000000  x0=0x00000000
       38505000	      3751	80007aba	00eccc63	blt	x25,x14,80007ad2	 x25:0x3c180000 x14:0x80025ceb
       38515000	      3752	80007abe	003d5933	srl	x18,x26,x3	 x26:0x80025ce4  x3:0x00000000 x18=0x80025ce4
       38525000	      3753	80007ac2	006a2533	slt	x10,x20,x6	 x20:0x00000000  x6:0xffffffff x10=0x00000000
       38535000	      3754	80007ac6	81e2	c.mv	x3,x24	  x0:0x00000000 x24:0x00000016  x3=0x00000016
       38545000	      3755	80007ac8	8fe2	c.mv	x31,x24	  x0:0x00000000 x24:0x00000016 x31=0x00000016
       38555000	      3756	80007aca	8e45	c.or	x12,x9	 x12:0x000007ff  x9:0x00000000 x12=0x000007ff
       38565000	      3757	80007acc	1f7d	c.addi	x30,-1	 x30:0xffffffff x30=0xfffffffe
       38575000	      3758	80007ace	52cafb13	andi	x22,x21,1324	 x21:0x80025ceb x22=0x00000428
       38615000	      3762	80007ad2	027e1933	mulh	x18,x28,x7	 x28:0xffffffff  x7:0xfaeb9c09 x18=0x00000000
       38625000	      3763	80007ad6	8e61	c.and	x12,x8	 x12:0x000007ff  x8:0x0000000d x12=0x0000000d
       38635000	      3764	80007ad8	00743bb3	sltu	x23,x8,x7	  x8:0x0000000d  x7:0xfaeb9c09 x23=0x00000001
       38645000	      3765	80007adc	322afc13	andi	x24,x21,802	 x21:0x80025ceb x24=0x00000022
       38655000	      3766	80007ae0	0001	c.addi	x0,0	  x0:0x00000000  x0=0x00000000
       38665000	      3767	80007ae2	03dc8863	beq	x25,x29,80007b12	 x25:0x3c180000 x29:0x00000000
       38675000	      3768	80007ae6	0b08	c.addi4spn	x10,x2,400	 x10=0x0000018f
       38685000	      3769	80007ae8	8525	c.srai	x10,0x9	 x10:0x0000018f x10=0x00000000
       38695000	      3770	80007aea	00c06e63	bltu	x0,x12,80007b06	  x0:0x00000000 x12:0x0000000d
       38715000	      3772	80007b06	ca01	c.beqz	x12,80007b16	 x12:0x0000000d
       38725000	      3773	80007b08	0001	c.addi	x0,0	  x0:0x00000000  x0=0x00000000
       38735000	      3774	80007b0a	98f1b793	sltiu	x15,x3,-1649	  x3:0x00000016 x15=0x00000001
       38745000	      3775	80007b0e	47543313	sltiu	x6,x8,1141	  x8:0x0000000d  x6=0x00000001
       38755000	      3776	80007b12	0073a8b3	slt	x17,x7,x7	  x7:0xfaeb9c09  x7:0xfaeb9c09 x17=0x00000000
       38765000	      3777	80007b16	e811	c.bnez	x8,80007b2a	  x8:0x0000000d
       38795000	      3780	80007b2a	46f4f613	andi	x12,x9,1135	  x9:0x00000000 x12=0x00000000
       38805000	      3781	80007b2e	4b95	c.li	x23,5	 x23=0x00000005
       38815000	      3782	80007b30	01d45613	srli	x12,x8,0x1d	  x8:0x0000000d x12=0x00000000
       38825000	      3783	80007b34	02bb4063	blt	x22,x11,80007b54	 x22:0x00000428 x11:0xffffffff
       38835000	      3784	80007b38	8bee	c.mv	x23,x27	  x0:0x00000000 x27:0x00007400 x23=0x00007400
       38845000	      3785	80007b3a	27057d93	andi	x27,x10,624	 x10:0x00000000 x27=0x00000000
       38855000	      3786	80007b3e	9bfd	c.andi	x15,-1	 x15:0x00000001 x15=0x00000001
       38895000	      3790	80007b40	0325a8b3	mulhsu	x17,x11,x18	 x11:0xffffffff x18:0x00000000 x17=0x00000000
       38905000	      3791	80007b44	800d	c.srli	x8,0x3	  x8:0x0000000d  x8=0x00000001
       38915000	      3792	80007b46	0149cf63	blt	x19,x20,80007b64	 x19:0x80021e0c x20:0x00000000
       38935000	      3794	80007b64	0ff0000f	fence	iorw,iorw	
       38945000	      3795	80007b68	991a05b7	lui	x11,0x991a0	 x11=0x991a0000
       38955000	      3796	80007b6c	0165f5b3	and	x11,x11,x22	 x11:0x991a0000 x22:0x00000428 x11=0x00000000
       38965000	      3797	80007b70	663d	c.lui	x12,0xf	 x12=0x0000f000
       38975000	      3798	80007b72	6b41	c.lui	x22,0x10	 x22=0x00010000
       38985000	      3799	80007b74	0366	c.slli	x6,0x19	  x6:0x00000001  x6=0x02000000
       38995000	      3800	80007b76	00509bb3	sll	x23,x1,x5	  x1:0xffffffff  x5:0x00000000 x23=0xffffffff
       39365000	      3837	80007b7a	021850b3	divu	x1,x16,x1	 x16:0x40023d7d  x1:0xffffffff  x1=0x00000000
       39375000	      3838	80007b7e	001f2f33	slt	x30,x30,x1	 x30:0xfffffffe  x1:0x00000000 x30=0x00000001
       39385000	      3839	80007b82	b25e8093	addi	x1,x29,-1243	 x29:0x00000000  x1=0xfffffb25
       39395000	      3840	80007b86	0001	c.addi	x0,0	  x0:0x00000000  x0=0x00000000
       39405000	      3841	80007b88	099c	c.addi4spn	x15,x2,208	 x15=0x000000cf
       39415000	      3842	80007b8a	01ae7f97	auipc	x31,0x1ae7	 x31=0x81aeeb8a
       39425000	      3843	80007b8e	0001	c.addi	x0,0	  x0:0x00000000  x0=0x00000000
       39435000	      3844	80007b90	81ce	c.mv	x3,x19	  x0:0x00000000 x19:0x80021e0c  x3=0x80021e0c
       39445000	      3845	80007b92	c74e2793	slti	x15,x28,-908	 x28:0xffffffff x15=0x00000000
       39455000	      3846	80007b96	016a9b13	slli	x22,x21,0x16	 x21:0x80025ceb x22=0x3ac00000
       39465000	      3847	80007b9a	0141f7b3	and	x15,x3,x20	  x3:0x80021e0c x20:0x00000000 x15=0x00000000
       39475000	      3848	80007b9e	0023d763	bge	x7,x2,80007bac	  x7:0xfaeb9c09  x2:0xffffffff
       39485000	      3849	80007ba2	00498f33	add	x30,x19,x4	 x19:0x80021e0c  x4:0x80025ceb x30=0x00047af7
       39495000	      3850	80007ba6	c015	c.beqz	x8,80007bca	  x8:0x00000001
       39505000	      3851	80007ba8	0147f263	bgeu	x15,x20,80007bac	 x15:0x00000000 x20:0x00000000
       39525000	      3853	80007bac	01a67eb3	and	x29,x12,x26	 x12:0x0000f000 x26:0x80025ce4 x29=0x00005000
       39535000	      3854	80007bb0	8ddd	c.or	x11,x15	 x11:0x00000000 x15:0x00000000 x11=0x00000000
       39545000	      3855	80007bb2	00e85133	srl	x2,x16,x14	 x16:0x40023d7d x14:0x80025ceb  x2=0x00080047
       39555000	      3856	80007bb6	8f62b013	sltiu	x0,x5,-1802	  x5:0x00000000  x0=0x00000000
       39565000	      3857	80007bba	0ff0000f	fence	iorw,iorw	
       39575000	      3858	80007bbe	012a7f63	bgeu	x20,x18,80007bdc	 x20:0x00000000 x18:0x00000000
       39595000	      3860	80007bdc	0a1d	c.addi	x20,7	 x20:0x00000000 x20=0x00000007
       39605000	      3861	80007bde	01560a63	beq	x12,x21,80007bf2	 x12:0x0000f000 x21:0x80025ceb
       39615000	      3862	80007be2	01751863	bne	x10,x23,80007bf2	 x10:0x00000000 x23:0xffffffff
       40005000	      3901	80007bf2	0217f2b3	remu	x5,x15,x1	 x15:0x00000000  x1:0xfffffb25  x5=0x00000000
       40015000	      3902	80007bf6	0e08	c.addi4spn	x10,x2,784	 x10=0x00080357
       40025000	      3903	80007bf8	81a1	c.srli	x11,0x8	 x11:0x00000000 x11=0x00000000
       40395000	      3940	80007bfa	026becb3	rem	x25,x23,x6	 x23:0xffffffff  x6:0x02000000 x25=0xffffffff
       40405000	      3941	80007bfe	41f0d233	sra	x4,x1,x31	  x1:0xfffffb25 x31:0x81aeeb8a  x4=0xfffffffe
       40415000	      3942	80007c02	0ff0000f	fence	iorw,iorw	
       40425000	      3943	80007c06	5c5b3c93	sltiu	x25,x22,1477	 x22:0x3ac00000 x25=0x00000000
       40435000	      3944	80007c0a	825d	c.srli	x12,0x17	 x12:0x0000f000 x12=0x00000000
       40445000	      3945	80007c0c	1c8cce13	xori	x28,x25,456	 x25:0x00000000 x28=0x000001c8
       40455000	      3946	80007c10	00bde263	bltu	x27,x11,80007c14	 x27:0x00000000 x11:0x00000000
       40465000	      3947	80007c14	00bf1663	bne	x30,x11,80007c20	 x30:0x00047af7 x11:0x00000000
       40485000	      3949	80007c20	013671b3	and	x3,x12,x19	 x12:0x00000000 x19:0x80021e0c  x3=0x00000000
       40495000	      3950	80007c24	0675	c.addi	x12,29	 x12:0x00000000 x12=0x0000001d
       40505000	      3951	80007c26	0259f663	bgeu	x19,x5,80007c52	 x19:0x80021e0c  x5:0x00000000
       40535000	      3954	80007c52	008e9cb3	sll	x25,x29,x8	 x29:0x00005000  x8:0x00000001 x25=0x0000a000
       40545000	      3955	80007c56	412b0333	sub	x6,x22,x18	 x22:0x3ac00000 x18:0x00000000  x6=0x3ac00000
       40555000	      3956	80007c5a	01b2fbb3	and	x23,x5,x27	  x5:0x00000000 x27:0x00000000 x23=0x00000000
       40575000	      3958	80007c5e	0371ffb3	remu	x31,x3,x23	  x3:0x00000000 x23:0x00000000 x31=0x00000000
       40585000	      3959	80007c62	0a89	c.addi	x21,2	 x21:0x80025ceb x21=0x80025ced
       40595000	      3960	80007c64	9572	c.add	x10,x28	 x10:0x00080357 x28:0x000001c8 x10=0x0008051f
       40605000	      3961	80007c66	4351	c.li	x6,20	  x6=0x00000014
       40615000	      3962	80007c68	ec99	c.bnez	x9,80007c86	  x9:0x00000000
       40625000	      3963	80007c6a	8f49	c.or	x14,x10	 x14:0x80025ceb x10:0x0008051f x14=0x800a5dff
       40635000	      3964	80007c6c	03cf0a63	beq	x30,x28,80007ca0	 x30:0x00047af7 x28:0x000001c8
       40645000	      3965	80007c70	01784b33	xor	x22,x16,x23	 x16:0x40023d7d x23:0x00000000 x22=0x40023d7d
       40655000	      3966	80007c74	8e41	c.or	x12,x8	 x12:0x0000001d  x8:0x00000001 x12=0x0000001d
       40665000	      3967	80007c76	8571	c.srai	x10,0x1c	 x10:0x0008051f x10=0x00000000
       40675000	      3968	80007c78	012e7f63	bgeu	x28,x18,80007c96	 x28:0x000001c8 x18:0x00000000
       40695000	      3970	80007c96	944a	c.add	x8,x18	  x8:0x00000001 x18:0x00000000  x8=0x00000001
       40705000	      3971	80007c98	41b1df13	srai	x30,x3,0x1b	  x3:0x00000000 x30=0x00000000
       40715000	      3972	80007c9c	0000100f	fence.i	
       40735000	      3974	80007ca0	05366163	bltu	x12,x19,80007ce2	 x12:0x0000001d x19:0x80021e0c
       40755000	      3976	80007ce2	0001	c.addi	x0,0	  x0:0x00000000  x0=0x00000000
       40765000	      3977	80007ce4	865d3b13	sltiu	x22,x26,-1947	 x26:0x80025ce4 x22=0x00000001
       40775000	      3978	80007ce8	8ad1	c.andi	x13,20	 x13:0xffffffff x13=0x00000014
       40785000	      3979	80007cea	5afd	c.li	x21,-1	 x21=0xffffffff
       40795000	      3980	80007cec	c189	c.beqz	x11,80007cee	 x11:0x00000000
       40815000	      3982	80007cee	80a1	c.srli	x9,0x8	  x9:0x00000000  x9=0x00000000
       40825000	      3983	80007cf0	012b9a33	sll	x20,x23,x18	 x23:0x00000000 x18:0x00000000 x20=0x00000000
       40835000	      3984	80007cf4	0375	c.addi	x6,29	  x6:0x00000014  x6=0x00000031
       40845000	      3985	80007cf6	018dcd63	blt	x27,x24,80007d10	 x27:0x00000000 x24:0x00000022
       40865000	      3987	80007d10	0892	c.slli	x17,0x4	 x17:0x00000000 x17=0x00000000
       40875000	      3988	80007d12	3259ab93	slti	x23,x19,805	 x19:0x80021e0c x23=0x00000001
       40885000	      3989	80007d16	2fb98f13	addi	x30,x19,763	 x19:0x80021e0c x30=0x80022107
       40895000	      3990	80007d1a	c099	c.beqz	x9,80007d20	  x9:0x00000000
       40915000	      3992	80007d20	00c2ce63	blt	x5,x12,80007d3c	  x5:0x00000000 x12:0x0000001d
       40965000	      3997	80007d3c	037c25b3	mulhsu	x11,x24,x23	 x24:0x00000022 x23:0x00000001 x11=0x00000000
       40975000	      3998	80007d40	4188da13	srai	x20,x17,0x18	 x17:0x00000000 x20=0x00000000
       40985000	      3999	80007d44	000ccbb3	xor	x23,x25,x0	 x25:0x0000a000  x0:0x00000000 x23=0x0000a000
       40995000	      4000	80007d48	8cc9	c.or	x9,x10	  x9:0x00000000 x10:0x00000000  x9=0x00000000
       41005000	      4001	80007d4a	00bbdc63	bge	x23,x11,80007d62	 x23:0x0000a000 x11:0x00000000
       41035000	      4004	80007d62	01b2dc33	srl	x24,x5,x27	  x5:0x00000000 x27:0x00000000 x24=0x00000000
       41045000	      4005	80007d66	db744113	xori	x2,x8,-585	  x8:0x00000001  x2=0xfffffdb6
       41055000	      4006	80007d6a	4d500413	addi	x8,x0,1237	  x0:0x00000000  x8=0x000004d5
       41065000	      4007	80007d6e	02cf4863	blt	x30,x12,80007d9e	 x30:0x80022107 x12:0x0000001d
       41095000	      4010	80007d9e	f1dde697	auipc	x13,0xf1dde	 x13=0x71de5d9e
       41105000	      4011	80007da2	d13aef13	ori	x30,x21,-749	 x21:0xffffffff x30=0xffffffff
       41475000	      4048	80007da6	03dbfab3	remu	x21,x23,x29	 x23:0x0000a000 x29:0x00005000 x21=0x00000000
       41485000	      4049	80007daa	00144e63	blt	x8,x1,80007dc6	  x8:0x000004d5  x1:0xfffffb25
       41495000	      4050	80007dae	0027e5b3	or	x11,x15,x2	 x15:0x00000000  x2:0xfffffdb6 x11=0xfffffdb6
       41535000	      4054	80007db2	03f8a433	mulhsu	x8,x17,x31	 x17:0x00000000 x31:0x00000000  x8=0x00000000
       41545000	      4055	80007db6	848a	c.mv	x9,x2	  x0:0x00000000  x2:0xfffffdb6  x9=0xfffffdb6
       41555000	      4056	80007db8	60e73b13	sltiu	x22,x14,1550	 x14:0x800a5dff x22=0x00000000
       41565000	      4057	80007dbc	018c6763	bltu	x24,x24,80007dca	 x24:0x00000000 x24:0x00000000
       41575000	      4058	80007dc0	244bfd93	andi	x27,x23,580	 x23:0x0000a000 x27=0x00000000
       41585000	      4059	80007dc4	4b09	c.li	x22,2	 x22=0x00000002
       41595000	      4060	80007dc6	0ff0000f	fence	iorw,iorw	
       41605000	      4061	80007dca	ef6058b7	lui	x17,0xef605	 x17=0xef605000
       41615000	      4062	80007dce	011541b3	xor	x3,x10,x17	 x10:0x00000000 x17:0xef605000  x3=0xef605000
       41625000	      4063	80007dd2	bf85c0b7	lui	x1,0xbf85c	  x1=0xbf85c000
       41635000	      4064	80007dd6	c309	c.beqz	x14,80007dd8	 x14:0x800a5dff
       41645000	      4065	80007dd8	004c5633	srl	x12,x24,x4	 x24:0x00000000  x4:0xfffffffe x12=0x00000000
       41655000	      4066	80007ddc	0000100f	fence.i	
       41675000	      4068	80007de0	01d04633	xor	x12,x0,x29	  x0:0x00000000 x29:0x00005000 x12=0x00005000
       41685000	      4069	80007de4	41c6d933	sra	x18,x13,x28	 x13:0x71de5d9e x28:0x000001c8 x18=0x0071de5d
       41695000	      4070	80007de8	0296	c.slli	x5,0x5	  x5:0x00000000  x5=0x00000000
       41705000	      4071	80007dea	003e7e33	and	x28,x28,x3	 x28:0x000001c8  x3:0xef605000 x28=0x00000000
       41715000	      4072	80007dee	01cb9693	slli	x13,x23,0x1c	 x23:0x0000a000 x13=0x00000000
       41725000	      4073	80007df2	0001	c.addi	x0,0	  x0:0x00000000  x0=0x00000000
       41735000	      4074	80007df4	0e2ac613	xori	x12,x21,226	 x21:0x00000000 x12=0x000000e2
       41745000	      4075	80007df8	00cd8663	beq	x27,x12,80007e04	 x27:0x00000000 x12:0x000000e2
       41755000	      4076	80007dfc	3655f213	andi	x4,x11,869	 x11:0xfffffdb6  x4=0x00000124
       41765000	      4077	80007e00	00805a93	srli	x21,x0,0x8	  x0:0x00000000 x21=0x00000000
       41775000	      4078	80007e04	9afd	c.andi	x13,-1	 x13:0x00000000 x13=0x00000000
       41815000	      4082	80007e06	025a10b3	mulh	x1,x20,x5	 x20:0x00000000  x5:0x00000000  x1=0x00000000
       41825000	      4083	80007e0a	0059f1b3	and	x3,x19,x5	 x19:0x80021e0c  x5:0x00000000  x3=0x00000000
       41835000	      4084	80007e0e	4d99	c.li	x27,6	 x27=0x00000006
       41845000	      4085	80007e10	407cdcb3	sra	x25,x25,x7	 x25:0x0000a000  x7:0xfaeb9c09 x25=0x00000050
       41885000	      4089	80007e14	03d8ac33	mulhsu	x24,x17,x29	 x17:0xef605000 x29:0x00005000 x24=0xffffface
       41895000	      4090	80007e18	0000100f	fence.i	
       41915000	      4092	80007e1c	8a81	c.andi	x13,0	 x13:0x00000000 x13=0x00000000
       41925000	      4093	80007e1e	717d	c.addi16sp	x2,-16	  x2:0xfffffdb6  x2=0xfffffda6
       41935000	      4094	80007e20	69a08313	addi	x6,x1,1690	  x1:0x00000000  x6=0x0000069a
       41945000	      4095	80007e24	41ff5693	srai	x13,x30,0x1f	 x30:0xffffffff x13=0xffffffff
       41955000	      4096	80007e28	0001	c.addi	x0,0	  x0:0x00000000  x0=0x00000000
       42325000	      4133	80007e2a	03dc4333	div	x6,x24,x29	 x24:0xffffface x29:0x00005000  x6=0x00000000
       42345000	      4135	80007e2e	03f15db3	divu	x27,x2,x31	  x2:0xfffffda6 x31:0x00000000 x27=0xffffffff
       42355000	      4136	80007e32	997d	c.andi	x10,-1	 x10:0x00000000 x10=0x00000000
       42365000	      4137	80007e34	8015	c.srli	x8,0x5	  x8:0x00000000  x8=0x00000000
       42375000	      4138	80007e36	8071	c.srli	x8,0x1c	  x8:0x00000000  x8=0x00000000
       42385000	      4139	80007e38	04b75263	bge	x14,x11,80007e7c	 x14:0x800a5dff x11:0xfffffdb6
       42425000	      4143	80007e3c	023aa6b3	mulhsu	x13,x21,x3	 x21:0x00000000  x3:0x00000000 x13=0x00000000
       42435000	      4144	80007e40	02064663	blt	x12,x0,80007e6c	 x12:0x000000e2  x0:0x00000000
       42445000	      4145	80007e44	0001	c.addi	x0,0	  x0:0x00000000  x0=0x00000000
       42455000	      4146	80007e46	00bd1463	bne	x26,x11,80007e4e	 x26:0x80025ce4 x11:0xfffffdb6
       42485000	      4149	80007e4e	4163d7b3	sra	x15,x7,x22	  x7:0xfaeb9c09 x22:0x00000002 x15=0xfebae702
       42495000	      4150	80007e52	a615ba37	lui	x20,0xa615b	 x20=0xa615b000
       42505000	      4151	80007e56	ec09	c.bnez	x8,80007e70	  x8:0x00000000
       42545000	      4155	80007e58	02be2333	mulhsu	x6,x28,x11	 x28:0x00000000 x11:0xfffffdb6  x6=0x00000000
       42555000	      4156	80007e5c	717d	c.addi16sp	x2,-16	  x2:0xfffffda6  x2=0xfffffd96
       42575000	      4158	80007e5e	0353eb33	rem	x22,x7,x21	  x7:0xfaeb9c09 x21:0x00000000 x22=0xfaeb9c09
       42585000	      4159	80007e62	01ea6b63	bltu	x20,x30,80007e78	 x20:0xa615b000 x30:0xffffffff
       42605000	      4161	80007e78	d7742b13	slti	x22,x8,-649	  x8:0x00000000 x22=0x00000000
       42615000	      4162	80007e7c	c585	c.beqz	x11,80007ea4	 x11:0xfffffdb6
       42625000	      4163	80007e7e	04d2	c.slli	x9,0x14	  x9:0xfffffdb6  x9=0xdb600000
       42635000	      4164	80007e80	69742093	slti	x1,x8,1687	  x8:0x00000000  x1=0x00000001
       42645000	      4165	80007e84	031c6963	bltu	x24,x17,80007eb6	 x24:0xffffface x17:0xef605000
       42655000	      4166	80007e88	0428f263	bgeu	x17,x2,80007ecc	 x17:0xef605000  x2:0xfffffd96
       42665000	      4167	80007e8c	1488	c.addi4spn	x10,x2,608	 x10=0xfffffff6
       42675000	      4168	80007e8e	854d	c.srai	x10,0x13	 x10:0xfffffff6 x10=0xffffffff
       42685000	      4169	80007e90	00c5b6b3	sltu	x13,x11,x12	 x11:0xfffffdb6 x12:0x000000e2 x13=0x00000000
       42695000	      4170	80007e94	717d	c.addi16sp	x2,-16	  x2:0xfffffd96  x2=0xfffffd86
       42705000	      4171	80007e96	0ff0000f	fence	iorw,iorw	
       42715000	      4172	80007e9a	03b06a63	bltu	x0,x27,80007ece	  x0:0x00000000 x27:0xffffffff
       42745000	      4175	80007ece	00d0c233	xor	x4,x1,x13	  x1:0x00000001 x13:0x00000000  x4=0x00000001
       42755000	      4176	80007ed2	01501e93	slli	x29,x0,0x15	  x0:0x00000000 x29=0x00000000
       42765000	      4177	80007ed6	0c5a	c.slli	x24,0x16	 x24:0xffffface x24=0xb3800000
       42785000	      4179	80007ed8	0208ddb3	divu	x27,x17,x0	 x17:0xef605000  x0:0x00000000 x27=0xffffffff
       42795000	      4180	80007edc	01412eb3	slt	x29,x2,x20	  x2:0xfffffd86 x20:0xa615b000 x29=0x00000000
       42805000	      4181	80007ee0	6109	c.addi16sp	x2,128	  x2:0xfffffd86  x2=0xfffffe06
       42815000	      4182	80007ee2	8d45	c.or	x10,x9	 x10:0xffffffff  x9:0xdb600000 x10=0xffffffff
       42825000	      4183	80007ee4	006b0d63	beq	x22,x6,80007efe	 x22:0x00000000  x6:0x00000000
       42855000	      4186	80007efe	00a5d563	bge	x11,x10,80007f08	 x11:0xfffffdb6 x10:0xffffffff
       42865000	      4187	80007f02	01ed8f63	beq	x27,x30,80007f20	 x27:0xffffffff x30:0xffffffff
       42915000	      4192	80007f20	03802033	mulhsu	x0,x0,x24	  x0:0x00000000 x24:0xb3800000  x0=0x00000000
       43285000	      4229	80007f24	029b7433	remu	x8,x22,x9	 x22:0x00000000  x9:0xdb600000  x8=0x00000000
       43315000	      4232	80007f28	02b10cb3	mul	x25,x2,x11	  x2:0xfffffe06 x11:0xfffffdb6 x25=0x00048644
       43355000	      4236	80007f2c	02bf3533	mulhu	x10,x30,x11	 x30:0xffffffff x11:0xfffffdb6 x10=0xfffffdb5
       43365000	      4237	80007f30	0680	c.addi4spn	x8,x2,832	  x8=0x00000146
       43375000	      4238	80007f32	024e8863	beq	x29,x4,80007f62	 x29:0x00000000  x4:0x00000001
       43385000	      4239	80007f36	00174333	xor	x6,x14,x1	 x14:0x800a5dff  x1:0x00000001  x6=0x800a5dfe
       43395000	      4240	80007f3a	011a2133	slt	x2,x20,x17	 x20:0xa615b000 x17:0xef605000  x2=0x00000001
       43405000	      4241	80007f3e	b9533093	sltiu	x1,x6,-1131	  x6:0x800a5dfe  x1=0x00000001
       43415000	      4242	80007f42	0000100f	fence.i	
       43435000	      4244	80007f46	9afd	c.andi	x13,-1	 x13:0x00000000 x13=0x00000000
       43445000	      4245	80007f48	013a30b3	sltu	x1,x20,x19	 x20:0xa615b000 x19:0x80021e0c  x1=0x00000000
       43455000	      4246	80007f4c	8f19	c.sub	x14,x14	 x14:0x800a5dff x14:0x800a5dff x14=0x00000000
       43495000	      4250	80007f4e	030714b3	mulh	x9,x14,x16	 x14:0x00000000 x16:0x40023d7d  x9=0x00000000
       43505000	      4251	80007f52	717d	c.addi16sp	x2,-16	  x2:0x00000001  x2=0xfffffff1
       43515000	      4252	80007f54	0f34f513	andi	x10,x9,243	  x9:0x00000000 x10=0x00000000
       43525000	      4253	80007f58	00e4aeb3	slt	x29,x9,x14	  x9:0x00000000 x14:0x00000000 x29=0x00000000
       43535000	      4254	80007f5c	8dd9	c.or	x11,x14	 x11:0xfffffdb6 x14:0x00000000 x11=0xfffffdb6
       43545000	      4255	80007f5e	4172d013	srai	x0,x5,0x17	  x5:0x00000000  x0=0x00000000
       43555000	      4256	80007f62	00d56a33	or	x20,x10,x13	 x10:0x00000000 x13:0x00000000 x20=0x00000000
       43565000	      4257	80007f66	de973113	sltiu	x2,x14,-535	 x14:0x00000000  x2=0x00000001
       43575000	      4258	80007f6a	147d	c.addi	x8,-1	  x8:0x00000146  x8=0x00000145
       43585000	      4259	80007f6c	0001	c.addi	x0,0	  x0:0x00000000  x0=0x00000000
       43605000	      4261	80007f6e	0366dc33	divu	x24,x13,x22	 x13:0x00000000 x22:0x00000000 x24=0xffffffff
       43615000	      4262	80007f72	012101b3	add	x3,x2,x18	  x2:0x00000001 x18:0x0071de5d  x3=0x0071de5e
       43625000	      4263	80007f76	01dbcf63	blt	x23,x29,80007f94	 x23:0x0000a000 x29:0x00000000
       43635000	      4264	80007f7a	8f1d	c.sub	x14,x15	 x14:0x00000000 x15:0xfebae702 x14=0x014518fe
       43645000	      4265	80007f7c	414bd7b3	sra	x15,x23,x20	 x23:0x0000a000 x20:0x00000000 x15=0x0000a000
       43655000	      4266	80007f80	00d3cf63	blt	x7,x13,80007f9e	  x7:0xfaeb9c09 x13:0x00000000
       43685000	      4269	80007f9e	01925833	srl	x16,x4,x25	  x4:0x00000001 x25:0x00048644 x16=0x00000000
       43695000	      4270	80007fa2	0000100f	fence.i	
       43745000	      4275	80007fa6	02040db3	mul	x27,x8,x0	  x8:0x00000145  x0:0x00000000 x27=0x00000000
       43755000	      4276	80007faa	41a7d493	srai	x9,x15,0x1a	 x15:0x0000a000  x9=0x00000000
       43765000	      4277	80007fae	00d01d63	bne	x0,x13,80007fc8	  x0:0x00000000 x13:0x00000000
       43775000	      4278	80007fb2	0001	c.addi	x0,0	  x0:0x00000000  x0=0x00000000
       43785000	      4279	80007fb4	01a525b3	slt	x11,x10,x26	 x10:0x00000000 x26:0x80025ce4 x11=0x00000000
       43795000	      4280	80007fb8	402dda33	sra	x20,x27,x2	 x27:0x00000000  x2:0x00000001 x20=0x00000000
       43805000	      4281	80007fbc	8c81	c.sub	x9,x8	  x9:0x00000000  x8:0x00000145  x9=0xfffffebb
       43815000	      4282	80007fbe	5ddcae13	slti	x28,x25,1501	 x25:0x00048644 x28=0x00000000
       43825000	      4283	80007fc2	8b1d	c.andi	x14,7	 x14:0x014518fe x14=0x00000006
       43835000	      4284	80007fc4	bd82ff13	andi	x30,x5,-1064	  x5:0x00000000 x30=0x00000000
       43845000	      4285	80007fc8	010ac7b3	xor	x15,x21,x16	 x21:0x00000000 x16:0x00000000 x15=0x00000000
       43855000	      4286	80007fcc	0001	c.addi	x0,0	  x0:0x00000000  x0=0x00000000
       43865000	      4287	80007fce	016f61b3	or	x3,x30,x22	 x30:0x00000000 x22:0x00000000  x3=0x00000000
       43875000	      4288	80007fd2	0ff0000f	fence	iorw,iorw	
       43885000	      4289	80007fd6	01956263	bltu	x10,x25,80007fda	 x10:0x00000000 x25:0x00048644
       43915000	      4292	80007fda	4102d213	srai	x4,x5,0x10	  x5:0x00000000  x4=0x00000000
       43925000	      4293	80007fde	78f7a4b7	lui	x9,0x78f7a	  x9=0x78f7a000
       43955000	      4296	80007fe2	027285b3	mul	x11,x5,x7	  x5:0x00000000  x7:0xfaeb9c09 x11=0x00000000
       43965000	      4297	80007fe6	958a	c.add	x11,x2	 x11:0x00000000  x2:0x00000001 x11=0x00000001
       43975000	      4298	80007fe8	6b9d2893	slti	x17,x26,1721	 x26:0x80025ce4 x17=0x00000001
       43985000	      4299	80007fec	010e45b3	xor	x11,x28,x16	 x28:0x00000000 x16:0x00000000 x11=0x00000000
       43995000	      4300	80007ff0	0000100f	fence.i	
       44375000	      4338	80007ff4	027a66b3	rem	x13,x20,x7	 x20:0x00000000  x7:0xfaeb9c09 x13=0x00000000
       44385000	      4339	80007ff8	8fc9	c.or	x15,x10	 x15:0x00000000 x10:0x00000000 x15=0x00000000
       44395000	      4340	80007ffa	41b2d433	sra	x8,x5,x27	  x5:0x00000000 x27:0x00000000  x8=0x00000000
       44405000	      4341	80007ffe	008d9263	bne	x27,x8,80008002	 x27:0x00000000  x8:0x00000000
       44435000	      4344	80008002	02e28733	mul	x14,x5,x14	  x5:0x00000000 x14:0x00000006 x14=0x00000000
       44445000	      4345	80008006	9c1a	c.add	x24,x6	 x24:0xffffffff  x6:0x800a5dfe x24=0x800a5dfd
       44485000	      4349	80008008	02a51033	mulh	x0,x10,x10	 x10:0x00000000 x10:0x00000000  x0=0x00000000
       44495000	      4350	8000800c	15fd	c.addi	x11,-1	 x11:0x00000000 x11=0xffffffff
       44505000	      4351	8000800e	9b5e	c.add	x22,x23	 x22:0x00000000 x23:0x0000a000 x22=0x0000a000
       44515000	      4352	80008010	8549	c.srai	x10,0x12	 x10:0x00000000 x10=0x00000000
       44525000	      4353	80008012	01711a13	slli	x20,x2,0x17	  x2:0x00000001 x20=0x00800000
       44545000	      4355	80008016	03d0c4b3	div	x9,x1,x29	  x1:0x00000000 x29:0x00000000  x9=0xffffffff
       44555000	      4356	8000801a	e7ec0a93	addi	x21,x24,-386	 x24:0x800a5dfd x21=0x800a5c7b
       44565000	      4357	8000801e	0ff0000f	fence	iorw,iorw	
       44575000	      4358	80008022	dc787893	andi	x17,x16,-569	 x16:0x00000000 x17=0x00000000
       44585000	      4359	80008026	b3a54793	xori	x15,x10,-1222	 x10:0x00000000 x15=0xfffffb3a
       44595000	      4360	8000802a	c391	c.beqz	x15,8000802e	 x15:0xfffffb3a
       44605000	      4361	8000802c	e889	c.bnez	x9,8000803e	  x9:0xffffffff
       44635000	      4364	8000803e	14e8e697	auipc	x13,0x14e8e	 x13=0x94e9603e
       44645000	      4365	80008042	015edd63	bge	x29,x21,8000805c	 x29:0x00000000 x21:0x800a5c7b
       44665000	      4367	8000805c	001b8a63	beq	x23,x1,80008070	 x23:0x0000a000  x1:0x00000000
       44675000	      4368	80008060	6a31	c.lui	x20,0xc	 x20=0x0000c000
       44685000	      4369	80008062	009612b3	sll	x5,x12,x9	 x12:0x000000e2  x9:0xffffffff  x5=0x00000000
       44695000	      4370	80008066	8d11	c.sub	x10,x12	 x10:0x00000000 x12:0x000000e2 x10=0xffffff1e
       44705000	      4371	80008068	5065e117	auipc	x2,0x5065e	  x2=0xd0666068
       44715000	      4372	8000806c	00b7e633	or	x12,x15,x11	 x15:0xfffffb3a x11:0xffffffff x12=0xffffffff
       44725000	      4373	80008070	032a	c.slli	x6,0xa	  x6:0x800a5dfe  x6=0x2977f800
       44735000	      4374	80008072	1405e917	auipc	x18,0x1405e	 x18=0x94066072
       44745000	      4375	80008076	40c25113	srai	x2,x4,0xc	  x4:0x00000000  x2=0x00000000
       44755000	      4376	8000807a	4f01	c.li	x30,0	 x30=0x00000000
       44765000	      4377	8000807c	d8d18293	addi	x5,x3,-627	  x3:0x00000000  x5=0xfffffd8d
       44775000	      4378	80008080	8d61	c.and	x10,x8	 x10:0xffffff1e  x8:0x00000000 x10=0x00000000
       44785000	      4379	80008082	4ef5	c.li	x29,29	 x29=0x0000001d
       45155000	      4416	80008084	032de2b3	rem	x5,x27,x18	 x27:0x00000000 x18:0x94066072  x5=0x00000000
       45165000	      4417	80008088	00207d63	bgeu	x0,x2,800080a2	  x0:0x00000000  x2:0x00000000
       45185000	      4419	800080a2	097a	c.slli	x18,0x1e	 x18:0x94066072 x18=0x80000000
       45195000	      4420	800080a4	8e9d	c.sub	x13,x15	 x13:0x94e9603e x15:0xfffffb3a x13=0x94e96504
       45205000	      4421	800080a6	40c08db3	sub	x27,x1,x12	  x1:0x00000000 x12:0xffffffff x27=0x00000001
       45215000	      4422	800080aa	8139	c.srli	x10,0xe	 x10:0x00000000 x10=0x00000000
       45225000	      4423	800080ac	00fcdfb3	srl	x31,x25,x15	 x25:0x00048644 x15:0xfffffb3a x31=0x00000000
       45235000	      4424	800080b0	00019313	slli	x6,x3,0x0	  x3:0x00000000  x6=0x00000000
       45245000	      4425	800080b4	41b78633	sub	x12,x15,x27	 x15:0xfffffb3a x27:0x00000001 x12=0xfffffb39
       45255000	      4426	800080b8	01adebb3	or	x23,x27,x26	 x27:0x00000001 x26:0x80025ce4 x23=0x80025ce5
       45265000	      4427	800080bc	0212f263	bgeu	x5,x1,800080e0	  x5:0x00000000  x1:0x00000000
       45285000	      4429	800080e0	018b8fb3	add	x31,x23,x24	 x23:0x80025ce5 x24:0x800a5dfd x31=0x000cbae2
       45295000	      4430	800080e4	0370e963	bltu	x1,x23,80008116	  x1:0x00000000 x23:0x80025ce5
       45325000	      4433	80008116	41a15893	srai	x17,x2,0x1a	  x2:0x00000000 x17=0x00000000
       45355000	      4436	8000811a	020e0cb3	mul	x25,x28,x0	 x28:0x00000000  x0:0x00000000 x25=0x00000000
       45365000	      4437	8000811e	9a7d	c.andi	x12,-1	 x12:0xfffffb39 x12=0xfffffb39
       45375000	      4438	80008120	ddff7113	andi	x2,x30,-545	 x30:0x00000000  x2=0x00000000
       45385000	      4439	80008124	01d49233	sll	x4,x9,x29	  x9:0xffffffff x29:0x0000001d  x4=0xe0000000
       45395000	      4440	80008128	01761113	slli	x2,x12,0x17	 x12:0xfffffb39  x2=0x9c800000
       45405000	      4441	8000812c	41f65413	srai	x8,x12,0x1f	 x12:0xfffffb39  x8=0xffffffff
       45415000	      4442	80008130	00247263	bgeu	x8,x2,80008134	  x8:0xffffffff  x2:0x9c800000
       45435000	      4444	80008134	0001	c.addi	x0,0	  x0:0x00000000  x0=0x00000000
       45445000	      4445	80008136	022e	c.slli	x4,0xb	  x4:0xe0000000  x4=0x00000000
       45455000	      4446	80008138	615d	c.addi16sp	x2,432	  x2:0x9c800000  x2=0x9c8001b0
       45465000	      4447	8000813a	0001	c.addi	x0,0	  x0:0x00000000  x0=0x00000000
       45475000	      4448	8000813c	01f0b633	sltu	x12,x1,x31	  x1:0x00000000 x31:0x000cbae2 x12=0x00000001
       45485000	      4449	80008140	c0a08617	auipc	x12,0xc0a08	 x12=0x40a10140
       45495000	      4450	80008144	8cbd	c.xor	x9,x15	  x9:0xffffffff x15:0xfffffb3a  x9=0x000004c5
       45505000	      4451	80008146	00200763	beq	x0,x2,80008154	  x0:0x00000000  x2:0x9c8001b0
       45515000	      4452	8000814a	28d4f293	andi	x5,x9,653	  x9:0x000004c5  x5=0x00000085
       45525000	      4453	8000814e	00733333	sltu	x6,x6,x7	  x6:0x00000000  x7:0xfaeb9c09  x6=0x00000001
       45535000	      4454	80008152	89ad	c.andi	x11,11	 x11:0xffffffff x11=0x0000000b
       45545000	      4455	80008154	0b190613	addi	x12,x18,177	 x18:0x80000000 x12=0x800000b1
       45555000	      4456	80008158	2742a413	slti	x8,x5,628	  x5:0x00000085  x8=0x00000001
       45565000	      4457	8000815c	01a2ecb3	or	x25,x5,x26	  x5:0x00000085 x26:0x80025ce4 x25=0x80025ce5
       45575000	      4458	80008160	01ff2033	slt	x0,x30,x31	 x30:0x00000000 x31:0x000cbae2  x0=0x00000000
       45585000	      4459	80008164	016c0733	add	x14,x24,x22	 x24:0x800a5dfd x22:0x0000a000 x14=0x800afdfd
       45595000	      4460	80008168	009df463	bgeu	x27,x9,80008170	 x27:0x00000001  x9:0x000004c5
       45605000	      4461	8000816c	03bbfb63	bgeu	x23,x27,800081a2	 x23:0x80025ce5 x27:0x00000001
       45635000	      4464	800081a2	43616913	ori	x18,x2,1078	  x2:0x9c8001b0 x18=0x9c8005b6
       45645000	      4465	800081a6	01872c33	slt	x24,x14,x24	 x14:0x800afdfd x24:0x800a5dfd x24=0x00000000
       45655000	      4466	800081aa	85b1	c.srai	x11,0xc	 x11:0x0000000b x11=0x00000000
       45665000	      4467	800081ac	41390933	sub	x18,x18,x19	 x18:0x9c8005b6 x19:0x80021e0c x18=0x1c7de7aa
       45675000	      4468	800081b0	5c7d	c.li	x24,-1	 x24=0xffffffff
       45685000	      4469	800081b2	0001	c.addi	x0,0	  x0:0x00000000  x0=0x00000000
       45695000	      4470	800081b4	00f45c33	srl	x24,x8,x15	  x8:0x00000001 x15:0xfffffb3a x24=0x00000000
       45705000	      4471	800081b8	6f35	c.lui	x30,0xd	 x30=0x0000d000
       45715000	      4472	800081ba	479d	c.li	x15,7	 x15=0x00000007
       45725000	      4473	800081bc	bdceebb7	lui	x23,0xbdcee	 x23=0xbdcee000
       45735000	      4474	800081c0	6125	c.addi16sp	x2,96	  x2:0x9c8001b0  x2=0x9c800210
       45745000	      4475	800081c2	0a12	c.slli	x20,0x4	 x20:0x0000c000 x20=0x000c0000
       45755000	      4476	800081c4	01c9	c.addi	x3,18	  x3:0x00000000  x3=0x00000012
       45765000	      4477	800081c6	8d55	c.or	x10,x13	 x10:0x00000000 x13:0x94e96504 x10=0x94e96504
       45775000	      4478	800081c8	01fa8a63	beq	x21,x31,800081dc	 x21:0x800a5c7b x31:0x000cbae2
       45785000	      4479	800081cc	ccdb2113	slti	x2,x22,-819	 x22:0x0000a000  x2=0x00000000
       45795000	      4480	800081d0	0ff0000f	fence	iorw,iorw	
       46165000	      4517	800081d4	02aa7233	remu	x4,x20,x10	 x20:0x000c0000 x10:0x94e96504  x4=0x000c0000
       46175000	      4518	800081d8	01def0b3	and	x1,x29,x29	 x29:0x0000001d x29:0x0000001d  x1=0x0000001d
       46215000	      4522	800081dc	0359b233	mulhu	x4,x19,x21	 x19:0x80021e0c x21:0x800a5c7b  x4=0x40063d59
       46225000	      4523	800081e0	7c557f13	andi	x30,x10,1989	 x10:0x94e96504 x30=0x00000504
       46235000	      4524	800081e4	5f067713	andi	x14,x12,1520	 x12:0x800000b1 x14=0x000000b0
       46245000	      4525	800081e8	01029a63	bne	x5,x16,800081fc	  x5:0x00000085 x16:0x00000000
       46265000	      4527	800081fc	03d34163	blt	x6,x29,8000821e	  x6:0x00000001 x29:0x0000001d
       46285000	      4529	8000821e	0001	c.addi	x0,0	  x0:0x00000000  x0=0x00000000
       46295000	      4530	80008220	00619033	sll	x0,x3,x6	  x3:0x00000012  x6:0x00000001  x0=0x00000000
       46305000	      4531	80008224	1e7d	c.addi	x28,-1	 x28:0x00000000 x28=0xffffffff
       46315000	      4532	80008226	8229	c.srli	x12,0xa	 x12:0x800000b1 x12=0x00200000
       46685000	      4569	80008228	03274533	div	x10,x14,x18	 x14:0x000000b0 x18:0x1c7de7aa x10=0x00000000
       46695000	      4570	8000822c	8405	c.srai	x8,0x1	  x8:0x00000001  x8=0x00000000
       46705000	      4571	8000822e	00d6d363	bge	x13,x13,80008234	 x13:0x94e96504 x13:0x94e96504
       46725000	      4573	80008234	2c6f6f97	auipc	x31,0x2c6f6	 x31=0xac6fe234
       46735000	      4574	80008238	8fd1	c.or	x15,x12	 x15:0x00000007 x12:0x00200000 x15=0x00200007
       46745000	      4575	8000823a	00c6ec63	bltu	x13,x12,80008252	 x13:0x94e96504 x12:0x00200000
       46755000	      4576	8000823e	5c7d	c.li	x24,-1	 x24=0xffffffff
       46765000	      4577	80008240	03a0cb63	blt	x1,x26,80008276	  x1:0x0000001d x26:0x80025ce4
       46775000	      4578	80008244	00330733	add	x14,x6,x3	  x6:0x00000001  x3:0x00000012 x14=0x00000013
       46785000	      4579	80008248	717d	c.addi16sp	x2,-16	  x2:0x00000000  x2=0xfffffff0
       46795000	      4580	8000824a	8dca	c.mv	x27,x18	  x0:0x00000000 x18:0x1c7de7aa x27=0x1c7de7aa
       46805000	      4581	8000824c	0001	c.addi	x0,0	  x0:0x00000000  x0=0x00000000
       46815000	      4582	8000824e	0293db63	bge	x7,x9,80008284	  x7:0xfaeb9c09  x9:0x000004c5
       46825000	      4583	80008252	00cf9813	slli	x16,x31,0xc	 x31:0xac6fe234 x16=0xfe234000
       46835000	      4584	80008256	013e4f33	xor	x30,x28,x19	 x28:0xffffffff x19:0x80021e0c x30=0x7ffde1f3
       46845000	      4585	8000825a	01dbd893	srli	x17,x23,0x1d	 x23:0xbdcee000 x17=0x00000005
       47215000	      4622	8000825e	025b54b3	divu	x9,x22,x5	 x22:0x0000a000  x5:0x00000085  x9=0x00000133
       47235000	      4624	80008262	02b450b3	divu	x1,x8,x11	  x8:0x00000000 x11:0x00000000  x1=0xffffffff
       47245000	      4625	80008266	0080dd93	srli	x27,x1,0x8	  x1:0xffffffff x27=0x00ffffff
       47255000	      4626	8000826a	c7b4dd97	auipc	x27,0xc7b4d	 x27=0x47b5526a
       47625000	      4663	8000826e	0301e033	rem	x0,x3,x16	  x3:0x00000012 x16:0xfe234000  x0=0x00000000
       47665000	      4667	80008272	036d3db3	mulhu	x27,x26,x22	 x26:0x80025ce4 x22:0x0000a000 x27=0x00005001
       47675000	      4668	80008276	004a6433	or	x8,x20,x4	 x20:0x000c0000  x4:0x40063d59  x8=0x400e3d59
       47685000	      4669	8000827a	1990	c.addi4spn	x12,x2,240	 x12=0x000000e0
       47695000	      4670	8000827c	25904a13	xori	x20,x0,601	  x0:0x00000000 x20=0x00000259
       47705000	      4671	80008280	04bc4063	blt	x24,x11,800082c0	 x24:0xffffffff x11:0x00000000
       47725000	      4673	800082c0	a3810217	auipc	x4,0xa3810	  x4=0x238182c0
       47735000	      4674	800082c4	00586e33	or	x28,x16,x5	 x16:0xfe234000  x5:0x00000085 x28=0xfe234085
       47745000	      4675	800082c8	0000100f	fence.i	
       48125000	      4713	800082cc	025f5533	divu	x10,x30,x5	 x30:0x7ffde1f3  x5:0x00000085 x10=0x00f65c2a
       48135000	      4714	800082d0	7a288b13	addi	x22,x17,1954	 x17:0x00000005 x22=0x000007a7
       48145000	      4715	800082d4	0085d713	srli	x14,x11,0x8	 x11:0x00000000 x14=0x00000000
       48155000	      4716	800082d8	01c75033	srl	x0,x14,x28	 x14:0x00000000 x28:0xfe234085  x0=0x00000000
       48165000	      4717	800082dc	0725	c.addi	x14,9	 x14:0x00000000 x14=0x00000009
       48205000	      4721	800082de	0265b733	mulhu	x14,x11,x6	 x11:0x00000000  x6:0x00000001 x14=0x00000000
       48245000	      4725	800082e2	03463a33	mulhu	x20,x12,x20	 x12:0x000000e0 x20:0x00000259 x20=0x00000000
       48255000	      4726	800082e6	8881	c.andi	x9,0	  x9:0x00000133  x9=0x00000000
       48265000	      4727	800082e8	87aa	c.mv	x15,x10	  x0:0x00000000 x10:0x00f65c2a x15=0x00f65c2a
       48275000	      4728	800082ea	9ee08113	addi	x2,x1,-1554	  x1:0xffffffff  x2=0xfffff9ed
       48285000	      4729	800082ee	0ff0000f	fence	iorw,iorw	
       48295000	      4730	800082f2	008fe8b3	or	x17,x31,x8	 x31:0xac6fe234  x8:0x400e3d59 x17=0xec6fff7d
       48305000	      4731	800082f6	01a490b3	sll	x1,x9,x26	  x9:0x00000000 x26:0x80025ce4  x1=0x00000000
       48315000	      4732	800082fa	018cc563	blt	x25,x24,80008304	 x25:0x80025ce5 x24:0xffffffff
       48335000	      4734	80008304	01df7b33	and	x22,x30,x29	 x30:0x7ffde1f3 x29:0x0000001d x22=0x00000011
       48345000	      4735	80008308	007d1933	sll	x18,x26,x7	 x26:0x80025ce4  x7:0xfaeb9c09 x18=0x04b9c800
       48355000	      4736	8000830c	00892233	slt	x4,x18,x8	 x18:0x04b9c800  x8:0x400e3d59  x4=0x00000001
       48365000	      4737	80008310	a62cf4b7	lui	x9,0xa62cf	  x9=0xa62cf000
       48375000	      4738	80008314	8c09	c.sub	x8,x10	  x8:0x400e3d59 x10:0x00f65c2a  x8=0x3f17e12f
       48385000	      4739	80008316	c019	c.beqz	x8,8000831c	  x8:0x3f17e12f
       48395000	      4740	80008318	0048dc93	srli	x25,x17,0x4	 x17:0xec6fff7d x25=0x0ec6fff7
       48405000	      4741	8000831c	03e4c763	blt	x9,x30,8000834a	  x9:0xa62cf000 x30:0x7ffde1f3
       48435000	      4744	8000834a	017e0fb3	add	x31,x28,x23	 x28:0xfe234085 x23:0xbdcee000 x31=0xbbf22085
       48445000	      4745	8000834e	00f8f6b3	and	x13,x17,x15	 x17:0xec6fff7d x15:0x00f65c2a x13=0x00665c28
       48455000	      4746	80008352	00ef20b3	slt	x1,x30,x14	 x30:0x7ffde1f3 x14:0x00000000  x1=0x00000000
       48465000	      4747	80008356	8c61	c.and	x8,x8	  x8:0x3f17e12f  x8:0x3f17e12f  x8=0x3f17e12f
       48475000	      4748	80008358	00b20b33	add	x22,x4,x11	  x4:0x00000001 x11:0x00000000 x22=0x00000001
       48505000	      4751	8000835c	02f985b3	mul	x11,x19,x15	 x19:0x80021e0c x15:0x00f65c2a x11=0xa2ad3df8
       48515000	      4752	80008360	40cb81b3	sub	x3,x23,x12	 x23:0xbdcee000 x12:0x000000e0  x3=0xbdcedf20
       48525000	      4753	80008364	8ea9	c.xor	x13,x10	 x13:0x00665c28 x10:0x00f65c2a x13=0x00900002
       48535000	      4754	80008366	00506a63	bltu	x0,x5,8000837a	  x0:0x00000000  x5:0x00000085
       48555000	      4756	8000837a	1f7d	c.addi	x30,-1	 x30:0x7ffde1f3 x30=0x7ffde1f2
       48565000	      4757	8000837c	ce4d0613	addi	x12,x26,-796	 x26:0x80025ce4 x12=0x800259c8
       48575000	      4758	80008380	012a2233	slt	x4,x20,x18	 x20:0x00000000 x18:0x04b9c800  x4=0x00000001
       48585000	      4759	80008384	000f5293	srli	x5,x30,0x0	 x30:0x7ffde1f2  x5=0x7ffde1f2
       48595000	      4760	80008388	56fd	c.li	x13,-1	 x13=0xffffffff
       48605000	      4761	8000838a	010bd813	srli	x16,x23,0x10	 x23:0xbdcee000 x16=0x0000bdce
       48615000	      4762	8000838e	41855b93	srai	x23,x10,0x18	 x10:0x00f65c2a x23=0x00000000
       48625000	      4763	80008392	0000100f	fence.i	
       48655000	      4766	80008396	00271e33	sll	x28,x14,x2	 x14:0x00000000  x2:0xfffff9ed x28=0x00000000
       48665000	      4767	8000839a	04ac7813	andi	x16,x24,74	 x24:0xffffffff x16=0x0000004a
       48675000	      4768	8000839e	4c8baab7	lui	x21,0x4c8ba	 x21=0x4c8ba000
       48685000	      4769	800083a2	927e	c.add	x4,x31	  x4:0x00000001 x31:0xbbf22085  x4=0xbbf22086
       48695000	      4770	800083a4	01825d63	bge	x4,x24,800083be	  x4:0xbbf22086 x24:0xffffffff
       48705000	      4771	800083a8	07e2	c.slli	x15,0x18	 x15:0x00f65c2a x15=0x2a000000
       48715000	      4772	800083aa	015c41b3	xor	x3,x24,x21	 x24:0xffffffff x21:0x4c8ba000  x3=0xb3745fff
       48725000	      4773	800083ae	406e5733	sra	x14,x28,x6	 x28:0x00000000  x6:0x00000001 x14=0x00000000
       48745000	      4775	800083b2	0200e2b3	rem	x5,x1,x0	  x1:0x00000000  x0:0x00000000  x5=0x00000000
       48755000	      4776	800083b6	01a94333	xor	x6,x18,x26	 x18:0x04b9c800 x26:0x80025ce4  x6=0x84bb94e4
       48765000	      4777	800083ba	8385	c.srli	x15,0x1	 x15:0x2a000000 x15=0x15000000
       48775000	      4778	800083bc	8f31	c.xor	x14,x12	 x14:0x00000000 x12:0x800259c8 x14=0x800259c8
       48785000	      4779	800083be	02a76b63	bltu	x14,x10,800083f4	 x14:0x800259c8 x10:0x00f65c2a
       48795000	      4780	800083c2	c80d	c.beqz	x8,800083f4	  x8:0x3f17e12f
       48825000	      4783	800083c4	02688533	mul	x10,x17,x6	 x17:0xec6fff7d  x6:0x84bb94e4 x10=0x67c2cf54
       48835000	      4784	800083c8	c87a3713	sltiu	x14,x20,-889	 x20:0x00000000 x14=0x00000001
       48845000	      4785	800083cc	01606263	bltu	x0,x22,800083d0	  x0:0x00000000 x22:0x00000001
       48865000	      4787	800083d0	044ac063	blt	x21,x4,80008410	 x21:0x4c8ba000  x4:0xbbf22086
       48875000	      4788	800083d4	00daf633	and	x12,x21,x13	 x21:0x4c8ba000 x13:0xffffffff x12=0x4c8ba000
       48915000	      4792	800083d8	030591b3	mulh	x3,x11,x16	 x11:0xa2ad3df8 x16:0x0000004a  x3=0xffffffe5
       48925000	      4793	800083dc	01007263	bgeu	x0,x16,800083e0	  x0:0x00000000 x16:0x0000004a
       48935000	      4794	800083e0	9cbe	c.add	x25,x15	 x25:0x0ec6fff7 x15:0x15000000 x25=0x23c6fff7
       48955000	      4796	800083e2	020df133	remu	x2,x27,x0	 x27:0x00005001  x0:0x00000000  x2=0x00005001
       48965000	      4797	800083e6	6145	c.addi16sp	x2,48	  x2:0x00005001  x2=0x00005031
       49335000	      4834	800083e8	03d5fb33	remu	x22,x11,x29	 x11:0xa2ad3df8 x29:0x0000001d x22=0x0000001a
       49345000	      4835	800083ec	5a7d	c.li	x20,-1	 x20=0xffffffff
       49715000	      4872	800083ee	02a8da33	divu	x20,x17,x10	 x17:0xec6fff7d x10:0x67c2cf54 x20=0x00000002
       49725000	      4873	800083f2	922a	c.add	x4,x10	  x4:0xbbf22086 x10:0x67c2cf54  x4=0x23b4efda
       49735000	      4874	800083f4	8fed	c.and	x15,x11	 x15:0x15000000 x11:0xa2ad3df8 x15=0x00000000
       49745000	      4875	800083f6	afd13c93	sltiu	x25,x2,-1283	  x2:0x00005031 x25=0x00000001
       49755000	      4876	800083fa	8489	c.srai	x9,0x2	  x9:0xa62cf000  x9=0xe98b3c00
       49765000	      4877	800083fc	01ca4133	xor	x2,x20,x28	 x20:0x00000002 x28:0x00000000  x2=0x00000002
       49775000	      4878	80008400	6709	c.lui	x14,0x2	 x14=0x00002000
       49785000	      4879	80008402	00fbf033	and	x0,x23,x15	 x23:0x00000000 x15:0x00000000  x0=0x00000000
       49795000	      4880	80008406	003f4db3	xor	x27,x30,x3	 x30:0x7ffde1f2  x3:0xffffffe5 x27=0x80021e17
       49805000	      4881	8000840a	239de117	auipc	x2,0x239de	  x2=0xa39e640a
       49815000	      4882	8000840e	487d	c.li	x16,31	 x16=0x0000001f
       49825000	      4883	80008410	1e7d	c.addi	x28,-1	 x28:0x00000000 x28=0xffffffff
       49835000	      4884	80008412	412cd7b3	sra	x15,x25,x18	 x25:0x00000001 x18:0x04b9c800 x15=0x00000001
       49845000	      4885	80008416	00ce8263	beq	x29,x12,8000841a	 x29:0x0000001d x12:0x4c8ba000
       49855000	      4886	8000841a	00519cb3	sll	x25,x3,x5	  x3:0xffffffe5  x5:0x00000000 x25=0xffffffe5
       49865000	      4887	8000841e	01cc9733	sll	x14,x25,x28	 x25:0xffffffe5 x28:0xffffffff x14=0x80000000
       49875000	      4888	80008422	ce063093	sltiu	x1,x12,-800	 x12:0x4c8ba000  x1=0x00000001
       50245000	      4925	80008426	0226e8b3	rem	x17,x13,x2	 x13:0xffffffff  x2:0xa39e640a x17=0xffffffff
       50255000	      4926	8000842a	40e70633	sub	x12,x14,x14	 x14:0x80000000 x14:0x80000000 x12=0x00000000
       50265000	      4927	8000842e	0b5c7597	auipc	x11,0xb5c7	 x11=0x8b5cf42e
       50275000	      4928	80008432	0ff0000f	fence	iorw,iorw	
       50285000	      4929	80008436	00878663	beq	x15,x8,80008442	 x15:0x00000001  x8:0x3f17e12f
       50295000	      4930	8000843a	8086	c.mv	x1,x1	  x0:0x00000000  x1:0x00000001  x1=0x00000001
       50665000	      4967	8000843c	03aef033	remu	x0,x29,x26	 x29:0x0000001d x26:0x80025ce4  x0=0x00000000
       50675000	      4968	80008440	0a8a	c.slli	x21,0x2	 x21:0x4c8ba000 x21=0x322e8000
       50685000	      4969	80008442	28478613	addi	x12,x15,644	 x15:0x00000001 x12=0x00000285
       50695000	      4970	80008446	03954c63	blt	x10,x25,8000847e	 x10:0x67c2cf54 x25:0xffffffe5
       50705000	      4971	8000844a	e289	c.bnez	x13,8000844c	 x13:0xffffffff
       50725000	      4973	8000844c	018d36b3	sltu	x13,x26,x24	 x26:0x80025ce4 x24:0xffffffff x13=0x00000001
       50735000	      4974	80008450	0213f063	bgeu	x7,x1,80008470	  x7:0xfaeb9c09  x1:0x00000001
       50755000	      4976	80008470	bb210a93	addi	x21,x2,-1102	  x2:0xa39e640a x21=0xa39e5fbc
       50765000	      4977	80008474	8fa1	c.xor	x15,x8	 x15:0x00000001  x8:0x3f17e12f x15=0x3f17e12e
       50775000	      4978	80008476	01f7fb33	and	x22,x15,x31	 x15:0x3f17e12e x31:0xbbf22085 x22=0x3b122004
       50785000	      4979	8000847a	40d88333	sub	x6,x17,x13	 x17:0xffffffff x13:0x00000001  x6=0xfffffffe
       50795000	      4980	8000847e	0000100f	fence.i	
       50825000	      4983	80008482	00689c63	bne	x17,x6,8000849a	 x17:0xffffffff  x6:0xfffffffe
       50845000	      4985	8000849a	8c99	c.sub	x9,x14	  x9:0xe98b3c00 x14:0x80000000  x9=0x698b3c00
       50855000	      4986	8000849c	8315	c.srli	x14,0x5	 x14:0x80000000 x14=0x04000000
       50865000	      4987	8000849e	e504bf93	sltiu	x31,x9,-432	  x9:0x698b3c00 x31=0x00000001
       50875000	      4988	800084a2	786a6b17	auipc	x22,0x786a6	 x22=0xf86ae4a2
       50885000	      4989	800084a6	55176213	ori	x4,x14,1361	 x14:0x04000000  x4=0x04000551
       51255000	      5026	800084aa	03957433	remu	x8,x10,x25	 x10:0x67c2cf54 x25:0xffffffe5  x8=0x67c2cf54
       51265000	      5027	800084ae	8159	c.srli	x10,0x16	 x10:0x67c2cf54 x10=0x0000019f
       51275000	      5028	800084b0	00c47cb3	and	x25,x8,x12	  x8:0x67c2cf54 x12:0x00000285 x25=0x00000204
       51285000	      5029	800084b4	6e69	c.lui	x28,0x1a	 x28=0x0001a000
       51295000	      5030	800084b6	0134d433	srl	x8,x9,x19	  x9:0x698b3c00 x19:0x80021e0c  x8=0x000698b3
       51305000	      5031	800084ba	02c31363	bne	x6,x12,800084e0	  x6:0xfffffffe x12:0x00000285
       51325000	      5033	800084e0	56590613	addi	x12,x18,1381	 x18:0x04b9c800 x12=0x04b9cd65
       51335000	      5034	800084e4	0a943293	sltiu	x5,x8,169	  x8:0x000698b3  x5=0x00000000
       51345000	      5035	800084e8	1388	c.addi4spn	x10,x2,480	 x10=0xa39e65ea
       51355000	      5036	800084ea	0d8fb513	sltiu	x10,x31,216	 x31:0x00000001 x10=0x00000001
       51365000	      5037	800084ee	883d	c.andi	x8,15	  x8:0x000698b3  x8=0x00000003
       51375000	      5038	800084f0	7db3a737	lui	x14,0x7db3a	 x14=0x7db3a000
       51385000	      5039	800084f4	8f35	c.xor	x14,x13	 x14:0x7db3a000 x13:0x00000001 x14=0x7db3a001
       51425000	      5043	800084f6	0399bcb3	mulhu	x25,x19,x25	 x19:0x80021e0c x25:0x00000204 x25=0x00000102
       51465000	      5047	800084fa	0254b4b3	mulhu	x9,x9,x5	  x9:0x698b3c00  x5:0x00000000  x9=0x00000000
       51475000	      5048	800084fe	b615ec37	lui	x24,0xb615e	 x24=0xb615e000
       51485000	      5049	80008502	db9eb913	sltiu	x18,x29,-583	 x29:0x0000001d x18=0x00000001
       51495000	      5050	80008506	8e1d	c.sub	x12,x15	 x12:0x04b9cd65 x15:0x3f17e12e x12=0xc5a1ec37
       51505000	      5051	80008508	01fefe33	and	x28,x29,x31	 x29:0x0000001d x31:0x00000001 x28=0x00000001
       51515000	      5052	8000850c	12cbaa37	lui	x20,0x12cba	 x20=0x12cba000
       51525000	      5053	80008510	c219	c.beqz	x12,80008516	 x12:0xc5a1ec37
       51535000	      5054	80008512	00352833	slt	x16,x10,x3	 x10:0x00000001  x3:0xffffffe5 x16=0x00000000
       51545000	      5055	80008516	cbd67593	andi	x11,x12,-835	 x12:0xc5a1ec37 x11=0xc5a1ec35
       51555000	      5056	8000851a	717d	c.addi16sp	x2,-16	  x2:0xa39e640a  x2=0xa39e63fa
       51595000	      5060	8000851c	02253433	mulhu	x8,x10,x2	 x10:0x00000001  x2:0xa39e63fa  x8=0x00000000
       51605000	      5061	80008520	b1f94d93	xori	x27,x18,-1249	 x18:0x00000001 x27=0xfffffb1e
       51635000	      5064	80008524	02ed0433	mul	x8,x26,x14	 x26:0x80025ce4 x14:0x7db3a001  x8=0x417cdce4
       51655000	      5066	80008528	029b45b3	div	x11,x22,x9	 x22:0xf86ae4a2  x9:0x00000000 x11=0xffffffff
       51665000	      5067	8000852c	0ff0000f	fence	iorw,iorw	
       51705000	      5071	80008530	036a3ab3	mulhu	x21,x20,x22	 x20:0x12cba000 x22:0xf86ae4a2 x21=0x123d1c19
       51715000	      5072	80008534	01c4c333	xor	x6,x9,x28	  x9:0x00000000 x28:0x00000001  x6=0x00000001
       51725000	      5073	80008538	717d	c.addi16sp	x2,-16	  x2:0xa39e63fa  x2=0xa39e63ea
       52095000	      5110	8000853a	03345c33	divu	x24,x8,x19	  x8:0x417cdce4 x19:0x80021e0c x24=0x00000000
       52105000	      5111	8000853e	41ac88b3	sub	x17,x25,x26	 x25:0x00000102 x26:0x80025ce4 x17=0x7ffda41e
       52115000	      5112	80008542	00e4de93	srli	x29,x9,0xe	  x9:0x00000000 x29=0x00000000
       52125000	      5113	80008546	0045cdb3	xor	x27,x11,x4	 x11:0xffffffff  x4:0x04000551 x27=0xfbfffaae
       52135000	      5114	8000854a	8f0d	c.sub	x14,x11	 x14:0x7db3a001 x11:0xffffffff x14=0x7db3a002
       52145000	      5115	8000854c	1f7d	c.addi	x30,-1	 x30:0x7ffde1f2 x30=0x7ffde1f1
       52155000	      5116	8000854e	8e5c7013	andi	x0,x24,-1819	 x24:0x00000000  x0=0x00000000
       52165000	      5117	80008552	0001	c.addi	x0,0	  x0:0x00000000  x0=0x00000000
       52175000	      5118	80008554	007c0533	add	x10,x24,x7	 x24:0x00000000  x7:0xfaeb9c09 x10=0xfaeb9c09
       52185000	      5119	80008558	cf5a4b13	xori	x22,x20,-779	 x20:0x12cba000 x22=0xed345cf5
       52195000	      5120	8000855c	012d6463	bltu	x26,x18,80008564	 x26:0x80025ce4 x18:0x00000001
       52205000	      5121	80008560	7495e717	auipc	x14,0x7495e	 x14=0xf4966560
       52215000	      5122	80008564	8e75	c.and	x12,x13	 x12:0xc5a1ec37 x13:0x00000001 x12=0x00000001
       52585000	      5159	80008566	02dc64b3	rem	x9,x24,x13	 x24:0x00000000 x13:0x00000001  x9=0x00000000
       52595000	      5160	8000856a	8eb9	c.xor	x13,x14	 x13:0x00000001 x14:0xf4966560 x13=0xf4966561
       52605000	      5161	8000856c	005fde93	srli	x29,x31,0x5	 x31:0x00000001 x29=0x00000000
       52615000	      5162	80008570	5cec7793	andi	x15,x24,1486	 x24:0x00000000 x15=0x00000000
       52625000	      5163	80008574	0015e4b3	or	x9,x11,x1	 x11:0xffffffff  x1:0x00000001  x9=0xffffffff
       52635000	      5164	80008578	717d	c.addi16sp	x2,-16	  x2:0xa39e63ea  x2=0xa39e63da
       52645000	      5165	8000857a	9a12	c.add	x20,x4	 x20:0x12cba000  x4:0x04000551 x20=0x16cba551
       52655000	      5166	8000857c	02baeb63	bltu	x21,x11,800085b2	 x21:0x123d1c19 x11:0xffffffff
       52685000	      5169	800085b2	254b8b93	addi	x23,x23,596	 x23:0x00000000 x23=0x00000254
       52695000	      5170	800085b6	cec93e93	sltiu	x29,x18,-788	 x18:0x00000001 x29=0x00000001
       52705000	      5171	800085ba	0182eb63	bltu	x5,x24,800085d0	  x5:0x00000000 x24:0x00000000
       52715000	      5172	800085be	a18aec93	ori	x25,x21,-1512	 x21:0x123d1c19 x25=0xfffffe19
       52725000	      5173	800085c2	0000100f	fence.i	
       52765000	      5177	800085c6	025dc5b3	div	x11,x27,x5	 x27:0xfbfffaae  x5:0x00000000 x11=0xffffffff
       52775000	      5178	800085ca	0211d663	bge	x3,x1,800085f6	  x3:0xffffffe5  x1:0x00000001
       52785000	      5179	800085ce	0001	c.addi	x0,0	  x0:0x00000000  x0=0x00000000
       52795000	      5180	800085d0	0001	c.addi	x0,0	  x0:0x00000000  x0=0x00000000
       53165000	      5217	800085d2	03407333	remu	x6,x0,x20	  x0:0x00000000 x20:0x16cba551  x6=0x00000000
       53535000	      5254	800085d6	0373cbb3	div	x23,x7,x23	  x7:0xfaeb9c09 x23:0x00000254 x23=0xfffdd172
       53545000	      5255	800085da	8d0d	c.sub	x10,x11	 x10:0xfaeb9c09 x11:0xffffffff x10=0xfaeb9c0a
       53585000	      5259	800085dc	02791f33	mulh	x30,x18,x7	 x18:0x00000001  x7:0xfaeb9c09 x30=0xffffffff
       53595000	      5260	800085e0	e999	c.bnez	x11,800085f6	 x11:0xffffffff
       53615000	      5262	800085f6	8e49	c.or	x12,x10	 x12:0x00000001 x10:0xfaeb9c0a x12=0xfaeb9c0b
       53655000	      5266	800085f8	03b2bdb3	mulhu	x27,x5,x27	  x5:0x00000000 x27:0xfbfffaae x27=0x00000000
       53665000	      5267	800085fc	6d5cbc93	sltiu	x25,x25,1749	 x25:0xfffffe19 x25=0x00000000
       53675000	      5268	80008600	8ec6	c.mv	x29,x17	  x0:0x00000000 x17:0x7ffda41e x29=0x7ffda41e
       53685000	      5269	80008602	717d	c.addi16sp	x2,-16	  x2:0xa39e63da  x2=0xa39e63ca
       53695000	      5270	80008604	01c25eb3	srl	x29,x4,x28	  x4:0x04000551 x28:0x00000001 x29=0x020002a8
       53705000	      5271	80008608	9496	c.add	x9,x5	  x9:0xffffffff  x5:0x00000000  x9=0xffffffff
       53715000	      5272	8000860a	8465	c.srai	x8,0x19	  x8:0x417cdce4  x8=0x00000020
       53725000	      5273	8000860c	8e55	c.or	x12,x13	 x12:0xfaeb9c0b x13:0xf4966561 x12=0xfefffd6b
       53735000	      5274	8000860e	0010f4b3	and	x9,x1,x1	  x1:0x00000001  x1:0x00000001  x9=0x00000001
       53745000	      5275	80008612	0092a133	slt	x2,x5,x9	  x5:0x00000000  x9:0x00000001  x2=0x00000001
       53755000	      5276	80008616	8792	c.mv	x15,x4	  x0:0x00000000  x4:0x04000551 x15=0x04000551
       53785000	      5279	80008618	03350b33	mul	x22,x10,x19	 x10:0xfaeb9c0a x19:0x80021e0c x22=0x97687c78
       53795000	      5280	8000861c	1efd	c.addi	x29,-1	 x29:0x020002a8 x29=0x020002a7
       53815000	      5282	8000861e	03b247b3	div	x15,x4,x27	  x4:0x04000551 x27:0x00000000 x15=0xffffffff
       53825000	      5283	80008622	8711	c.srai	x14,0x4	 x14:0xf4966560 x14=0xff496656
       53835000	      5284	80008624	9db6	c.add	x27,x13	 x27:0x00000000 x13:0xf4966561 x27=0xf4966561
       54205000	      5321	80008626	02a3d1b3	divu	x3,x7,x10	  x7:0xfaeb9c09 x10:0xfaeb9c0a  x3=0x00000000
       54215000	      5322	8000862a	0320fd63	bgeu	x1,x18,80008664	  x1:0x00000001 x18:0x00000001
       54235000	      5324	80008664	df767a13	andi	x20,x12,-521	 x12:0xfefffd6b x20=0xfefffd63
       54245000	      5325	80008668	81e17593	andi	x11,x2,-2018	  x2:0x00000001 x11=0x00000000
       54255000	      5326	8000866c	5c95cc17	auipc	x24,0x5c95c	 x24=0xdc96466c
       54285000	      5329	80008670	03e28233	mul	x4,x5,x30	  x5:0x00000000 x30:0xffffffff  x4=0x00000000
       54295000	      5330	80008674	9e62	c.add	x28,x24	 x28:0x00000001 x24:0xdc96466c x28=0xdc96466d
       54305000	      5331	80008676	d6084593	xori	x11,x16,-672	 x16:0x00000000 x11=0xfffffd60
       54315000	      5332	8000867a	0244d863	bge	x9,x4,800086aa	  x9:0x00000001  x4:0x00000000
       54345000	      5335	800086aa	0ff0000f	fence	iorw,iorw	
       54355000	      5336	800086ae	00f2ee63	bltu	x5,x15,800086ca	  x5:0x00000000 x15:0xffffffff
       54375000	      5338	800086ca	8fd1	c.or	x15,x12	 x15:0xffffffff x12:0xfefffd6b x15=0xffffffff
       54385000	      5339	800086cc	c189	c.beqz	x11,800086ce	 x11:0xfffffd60
       54395000	      5340	800086ce	007b9593	slli	x11,x23,0x7	 x23:0xfffdd172 x11=0xfee8b900
       54405000	      5341	800086d2	02fe9063	bne	x29,x15,800086f2	 x29:0x020002a7 x15:0xffffffff
       54435000	      5344	800086f2	0000100f	fence.i	
       54825000	      5383	800086f6	02ef5b33	divu	x22,x30,x14	 x30:0xffffffff x14:0xff496656 x22=0x00000001
       54835000	      5384	800086fa	a396c113	xori	x2,x13,-1479	 x13:0xf4966561  x2=0x0b699f58
       54845000	      5385	800086fe	8ea2	c.mv	x29,x8	  x0:0x00000000  x8:0x00000020 x29=0x00000020
       54865000	      5387	80008700	023762b3	rem	x5,x14,x3	 x14:0xff496656  x3:0x00000000  x5=0xff496656
       54875000	      5388	80008704	00b20db3	add	x27,x4,x11	  x4:0x00000000 x11:0xfee8b900 x27=0xfee8b900
       54885000	      5389	80008708	41b30433	sub	x8,x6,x27	  x6:0x00000000 x27:0xfee8b900  x8=0x01174700
       54895000	      5390	8000870c	bbe8a493	slti	x9,x17,-1090	 x17:0x7ffda41e  x9=0x00000000
       54905000	      5391	80008710	0001	c.addi	x0,0	  x0:0x00000000  x0=0x00000000
       54915000	      5392	80008712	0115fb33	and	x22,x11,x17	 x11:0xfee8b900 x17:0x7ffda41e x22=0x7ee8a000
       54925000	      5393	80008716	0184d263	bge	x9,x24,8000871a	  x9:0x00000000 x24:0xdc96466c
       54955000	      5396	8000871a	ab87f2b7	lui	x5,0xab87f	  x5=0xab87f000
       54965000	      5397	8000871e	0b11	c.addi	x22,4	 x22:0x7ee8a000 x22=0x7ee8a004
       54975000	      5398	80008720	049e8563	beq	x29,x9,8000876a	 x29:0x00000020  x9:0x00000000
       54985000	      5399	80008724	00f90533	add	x10,x18,x15	 x18:0x00000001 x15:0xffffffff x10=0x00000000
       54995000	      5400	80008728	bbabcd93	xori	x27,x23,-1094	 x23:0xfffdd172 x27=0x00022ac8
       55035000	      5404	8000872c	02a81e33	mulh	x28,x16,x10	 x16:0x00000000 x10:0x00000000 x28=0x00000000
       55045000	      5405	80008730	400f55b3	sra	x11,x30,x0	 x30:0xffffffff  x0:0x00000000 x11=0xffffffff
       55065000	      5407	80008734	02657533	remu	x10,x10,x6	 x10:0x00000000  x6:0x00000000 x10=0x00000000
       55075000	      5408	80008738	01bf5413	srli	x8,x30,0x1b	 x30:0xffffffff  x8=0x0000001f
       55445000	      5445	8000873c	028b65b3	rem	x11,x22,x8	 x22:0x7ee8a004  x8:0x0000001f x11=0x0000000d
       55455000	      5446	80008740	00fd0db3	add	x27,x26,x15	 x26:0x80025ce4 x15:0xffffffff x27=0x80025ce3
       55465000	      5447	80008744	c409	c.beqz	x8,8000874e	  x8:0x0000001f
       55505000	      5451	80008746	02f72433	mulhsu	x8,x14,x15	 x14:0xff496656 x15:0xffffffff  x8=0xff496656
       55515000	      5452	8000874a	00261a13	slli	x20,x12,0x2	 x12:0xfefffd6b x20=0xfbfff5ac
       55525000	      5453	8000874e	00fde263	bltu	x27,x15,80008752	 x27:0x80025ce3 x15:0xffffffff
       55585000	      5459	80008752	03a090b3	mulh	x1,x1,x26	  x1:0x00000001 x26:0x80025ce4  x1=0xffffffff
       55625000	      5463	80008756	02dfab33	mulhsu	x22,x31,x13	 x31:0x00000001 x13:0xf4966561 x22=0x00000000
       55635000	      5464	8000875a	005ecf63	blt	x29,x5,80008778	 x29:0x00000020  x5:0xab87f000
       55645000	      5465	8000875e	00fd1863	bne	x26,x15,8000876e	 x26:0x80025ce4 x15:0xffffffff
       55665000	      5467	8000876e	04da	c.slli	x9,0x16	  x9:0x00000000  x9=0x00000000
       56035000	      5504	80008770	03277033	remu	x0,x14,x18	 x14:0xff496656 x18:0x00000001  x0=0x00000000
       56045000	      5505	80008774	01d7e633	or	x12,x15,x29	 x15:0xffffffff x29:0x00000020 x12=0xffffffff
       56055000	      5506	80008778	00e41d93	slli	x27,x8,0xe	  x8:0xff496656 x27=0x59958000
       56065000	      5507	8000877c	287d65b7	lui	x11,0x287d6	 x11=0x287d6000
       56075000	      5508	80008780	00c31a33	sll	x20,x6,x12	  x6:0x00000000 x12:0xffffffff x20=0x00000000
       56085000	      5509	80008784	01f1c463	blt	x3,x31,8000878c	  x3:0x00000000 x31:0x00000001
       56105000	      5511	8000878c	01669563	bne	x13,x22,80008796	 x13:0xf4966561 x22:0x00000000
       56125000	      5513	80008796	8652	c.mv	x12,x20	  x0:0x00000000 x20:0x00000000 x12=0x00000000
       56155000	      5516	80008798	025488b3	mul	x17,x9,x5	  x9:0x00000000  x5:0xab87f000 x17=0x00000000
       56165000	      5517	8000879c	0001	c.addi	x0,0	  x0:0x00000000  x0=0x00000000
       56175000	      5518	8000879e	012cd833	srl	x16,x25,x18	 x25:0x00000000 x18:0x00000001 x16=0x00000000
       56185000	      5519	800087a2	0117eab3	or	x21,x15,x17	 x15:0xffffffff x17:0x00000000 x21=0xffffffff
       56205000	      5521	800087a6	02a5eeb3	rem	x29,x11,x10	 x11:0x287d6000 x10:0x00000000 x29=0x287d6000
       56215000	      5522	800087aa	4162d333	sra	x6,x5,x22	  x5:0xab87f000 x22:0x00000000  x6=0xab87f000
       56225000	      5523	800087ae	85b5	c.srai	x11,0xd	 x11:0x287d6000 x11=0x000143eb
       56235000	      5524	800087b0	4881	c.li	x17,0	 x17=0x00000000
       56245000	      5525	800087b2	dc4a84b7	lui	x9,0xdc4a8	  x9=0xdc4a8000
       56255000	      5526	800087b6	e819	c.bnez	x8,800087cc	  x8:0xff496656
       56275000	      5528	800087cc	8d7d	c.and	x10,x15	 x10:0x00000000 x15:0xffffffff x10=0x00000000
       56315000	      5532	800087ce	034216b3	mulh	x13,x4,x20	  x4:0x00000000 x20:0x00000000 x13=0x00000000
       56355000	      5536	800087d2	02a9b8b3	mulhu	x17,x19,x10	 x19:0x80021e0c x10:0x00000000 x17=0x00000000
       56365000	      5537	800087d6	01739a33	sll	x20,x7,x23	  x7:0xfaeb9c09 x23:0xfffdd172 x20=0x70240000
       56375000	      5538	800087da	4187dc93	srai	x25,x15,0x18	 x15:0xffffffff x25=0xffffffff
       56385000	      5539	800087de	0491f163	bgeu	x3,x9,80008820	  x3:0x00000000  x9:0xdc4a8000
       56755000	      5576	800087e2	038f7e33	remu	x28,x30,x24	 x30:0xffffffff x24:0xdc96466c x28=0x2369b993
       56765000	      5577	800087e6	0000100f	fence.i	
       56795000	      5580	800087ea	40ab5ab3	sra	x21,x22,x10	 x22:0x00000000 x10:0x00000000 x21=0x00000000
       56835000	      5584	800087ee	02f6bab3	mulhu	x21,x13,x15	 x13:0x00000000 x15:0xffffffff x21=0x00000000
       56845000	      5585	800087f2	9a76	c.add	x20,x29	 x20:0x70240000 x29:0x287d6000 x20=0x98a16000
       56855000	      5586	800087f4	8fb1	c.xor	x15,x12	 x15:0xffffffff x12:0x00000000 x15=0xffffffff
       56865000	      5587	800087f6	fc29d837	lui	x16,0xfc29d	 x16=0xfc29d000
       56875000	      5588	800087fa	01f2e233	or	x4,x5,x31	  x5:0xab87f000 x31:0x00000001  x4=0xab87f001
       56885000	      5589	800087fe	c61d	c.beqz	x12,8000882c	 x12:0x00000000
       56905000	      5591	8000882c	0ff0000f	fence	iorw,iorw	
       56915000	      5592	80008830	8e65	c.and	x12,x9	 x12:0x00000000  x9:0xdc4a8000 x12=0x00000000
       56925000	      5593	80008832	8419a813	slti	x16,x19,-1983	 x19:0x80021e0c x16=0x00000001
       56965000	      5597	80008836	030ba333	mulhsu	x6,x23,x16	 x23:0xfffdd172 x16:0x00000001  x6=0xffffffff
       56975000	      5598	8000883a	86b6	c.mv	x13,x13	  x0:0x00000000 x13:0x00000000 x13=0x00000000
       56985000	      5599	8000883c	006596b3	sll	x13,x11,x6	 x11:0x000143eb  x6:0xffffffff x13=0x80000000
       56995000	      5600	80008840	0b26	c.slli	x22,0x9	 x22:0x00000000 x22=0x00000000
       57005000	      5601	80008842	0017dc33	srl	x24,x15,x1	 x15:0xffffffff  x1:0xffffffff x24=0x00000001
       57015000	      5602	80008846	01caf7b3	and	x15,x21,x28	 x21:0x00000000 x28:0x2369b993 x15=0x00000000
       57025000	      5603	8000884a	0388	c.addi4spn	x10,x2,448	 x10=0x0b69a118
       57035000	      5604	8000884c	41b952b3	sra	x5,x18,x27	 x18:0x00000001 x27:0x59958000  x5=0x00000001
       57045000	      5605	80008850	02868663	beq	x13,x8,8000887c	 x13:0x80000000  x8:0xff496656
       57055000	      5606	80008854	39057c13	andi	x24,x10,912	 x10:0x0b69a118 x24=0x00000110
       57065000	      5607	80008858	404b82b3	sub	x5,x23,x4	 x23:0xfffdd172  x4:0xab87f001  x5=0x5475e171
       57075000	      5608	8000885c	e299	c.bnez	x13,80008862	 x13:0x80000000
       57105000	      5611	80008862	0133f0b3	and	x1,x7,x19	  x7:0xfaeb9c09 x19:0x80021e0c  x1=0x80021c08
       57115000	      5612	80008866	013b1213	slli	x4,x22,0x13	 x22:0x00000000  x4=0x00000000
       57485000	      5649	8000886a	03046533	rem	x10,x8,x16	  x8:0xff496656 x16:0x00000001 x10=0x00000000
       57495000	      5650	8000886e	08ce	c.slli	x17,0x13	 x17:0x00000000 x17=0x00000000
       57505000	      5651	80008870	0001	c.addi	x0,0	  x0:0x00000000  x0=0x00000000
       57515000	      5652	80008872	41a504b3	sub	x9,x10,x26	 x10:0x00000000 x26:0x80025ce4  x9=0x7ffda31c
       57525000	      5653	80008876	01069e63	bne	x13,x16,80008892	 x13:0x80000000 x16:0x00000001
       57555000	      5656	80008892	005d47b3	xor	x15,x26,x5	 x26:0x80025ce4  x5:0x5475e171 x15=0xd477bd95
       57565000	      5657	80008896	01369b93	slli	x23,x13,0x13	 x13:0x80000000 x23=0x00000000
       57575000	      5658	8000889a	8d79	c.and	x10,x14	 x10:0x00000000 x14:0xff496656 x10=0x00000000
       57585000	      5659	8000889c	0fc1	c.addi	x31,16	 x31:0x00000001 x31=0x00000011
       57625000	      5663	8000889e	03793033	mulhu	x0,x18,x23	 x18:0x00000001 x23:0x00000000  x0=0x00000000
       57635000	      5664	800088a2	9606	c.add	x12,x1	 x12:0x00000000  x1:0x80021c08 x12=0x80021c08
       57655000	      5666	800088a4	02a9c433	div	x8,x19,x10	 x19:0x80021e0c x10:0x00000000  x8=0xffffffff
       57665000	      5667	800088a8	8785	c.srai	x15,0x1	 x15:0xd477bd95 x15=0xea3bdeca
       57675000	      5668	800088aa	017cef33	or	x30,x25,x23	 x25:0xffffffff x23:0x00000000 x30=0xffffffff
       57685000	      5669	800088ae	19610813	addi	x16,x2,406	  x2:0x0b699f58 x16=0x0b69a0ee
       57695000	      5670	800088b2	0001	c.addi	x0,0	  x0:0x00000000  x0=0x00000000
       57705000	      5671	800088b4	01d48b63	beq	x9,x29,800088ca	  x9:0x7ffda31c x29:0x287d6000
       57715000	      5672	800088b8	c74db493	sltiu	x9,x27,-908	 x27:0x59958000  x9=0x00000001
       57725000	      5673	800088bc	03344063	blt	x8,x19,800088dc	  x8:0xffffffff x19:0x80021e0c
       57735000	      5674	800088c0	0001	c.addi	x0,0	  x0:0x00000000  x0=0x00000000
       57745000	      5675	800088c2	018aea33	or	x20,x21,x24	 x21:0x00000000 x24:0x00000110 x20=0x00000110
       58115000	      5712	800088c6	02f057b3	divu	x15,x0,x15	  x0:0x00000000 x15:0xea3bdeca x15=0x00000000
       58125000	      5713	800088ca	011d60b3	or	x1,x26,x17	 x26:0x80025ce4 x17:0x00000000  x1=0x80025ce4
       58135000	      5714	800088ce	0ff0000f	fence	iorw,iorw	
       58145000	      5715	800088d2	771df593	andi	x11,x27,1905	 x27:0x59958000 x11=0x00000000
       58155000	      5716	800088d6	9f2a	c.add	x30,x10	 x30:0xffffffff x10:0x00000000 x30=0xffffffff
       58165000	      5717	800088d8	cc99	c.beqz	x9,800088f6	  x9:0x00000001
       58175000	      5718	800088da	11fd	c.addi	x3,-1	  x3:0x00000000  x3=0xffffffff
       58185000	      5719	800088dc	41930233	sub	x4,x6,x25	  x6:0xffffffff x25:0xffffffff  x4=0x00000000
       58195000	      5720	800088e0	01023c33	sltu	x24,x4,x16	  x4:0x00000000 x16:0x0b69a0ee x24=0x00000001
       58205000	      5721	800088e4	9156	c.add	x2,x21	  x2:0x0b699f58 x21:0x00000000  x2=0x0b699f58
       58215000	      5722	800088e6	8772	c.mv	x14,x28	  x0:0x00000000 x28:0x2369b993 x14=0x2369b993
       58225000	      5723	800088e8	1f9c	c.addi4spn	x15,x2,1008	 x15=0x0b69a348
       58235000	      5724	800088ea	00de58b3	srl	x17,x28,x13	 x28:0x2369b993 x13:0x80000000 x17=0x2369b993
       58245000	      5725	800088ee	03246063	bltu	x8,x18,8000890e	  x8:0xffffffff x18:0x00000001
       58285000	      5729	800088f2	02c29933	mulh	x18,x5,x12	  x5:0x5475e171 x12:0x80021c08 x18=0xd5c5c172
       58295000	      5730	800088f6	007d8f63	beq	x27,x7,80008914	 x27:0x59958000  x7:0xfaeb9c09
       58305000	      5731	800088fa	33f47893	andi	x17,x8,831	  x8:0xffffffff x17=0x0000033f
       58675000	      5768	800088fe	02f9ea33	rem	x20,x19,x15	 x19:0x80021e0c x15:0x0b69a348 x20=0xfd8c2224
       58685000	      5769	80008902	01839c33	sll	x24,x7,x24	  x7:0xfaeb9c09 x24:0x00000001 x24=0xf5d73812
       58695000	      5770	80008906	b7bffe97	auipc	x29,0xb7bff	 x29=0x37c07906
       58705000	      5771	8000890a	e28b2893	slti	x17,x22,-472	 x22:0x00000000 x17=0x00000000
       58715000	      5772	8000890e	014bde33	srl	x28,x23,x20	 x23:0x00000000 x20:0xfd8c2224 x28=0x00000000
       58725000	      5773	80008912	882d	c.andi	x8,11	  x8:0xffffffff  x8=0x0000000b
       58735000	      5774	80008914	81d1	c.srli	x11,0x14	 x11:0x00000000 x11=0x00000000
       58745000	      5775	80008916	0ff0000f	fence	iorw,iorw	
       58755000	      5776	8000891a	6169	c.addi16sp	x2,208	  x2:0x0b699f58  x2=0x0b69a028
       58765000	      5777	8000891c	8d85	c.sub	x11,x9	 x11:0x00000000  x9:0x00000001 x11=0xffffffff
       58775000	      5778	8000891e	00766b33	or	x22,x12,x7	 x12:0x80021c08  x7:0xfaeb9c09 x22=0xfaeb9c09
       58785000	      5779	80008922	014572b3	and	x5,x10,x20	 x10:0x00000000 x20:0xfd8c2224  x5=0x00000000
       58795000	      5780	80008926	01588b63	beq	x17,x21,8000893c	 x17:0x00000000 x21:0x00000000
       59175000	      5818	8000893c	03ecd7b3	divu	x15,x25,x30	 x25:0xffffffff x30:0xffffffff x15=0x00000001
       59185000	      5819	80008940	b0a2a893	slti	x17,x5,-1270	  x5:0x00000000 x17=0x00000000
       59195000	      5820	80008944	e401	c.bnez	x8,8000894c	  x8:0x0000000b
       59215000	      5822	8000894c	01ef36b3	sltu	x13,x30,x30	 x30:0xffffffff x30:0xffffffff x13=0x00000000
       59225000	      5823	80008950	419155b3	sra	x11,x2,x25	  x2:0x0b69a028 x25:0xffffffff x11=0x00000000
       59235000	      5824	80008954	717d	c.addi16sp	x2,-16	  x2:0x0b69a028  x2=0x0b69a018
       59245000	      5825	80008956	0001	c.addi	x0,0	  x0:0x00000000  x0=0x00000000
       59255000	      5826	80008958	0001	c.addi	x0,0	  x0:0x00000000  x0=0x00000000
       59265000	      5827	8000895a	95886237	lui	x4,0x95886	  x4=0x95886000
       59275000	      5828	8000895e	416dd8b3	sra	x17,x27,x22	 x27:0x59958000 x22:0xfaeb9c09 x17=0x002ccac0
       59645000	      5865	80008962	03395433	divu	x8,x18,x19	 x18:0xd5c5c172 x19:0x80021e0c  x8=0x00000001
       59655000	      5866	80008966	8e85	c.sub	x13,x9	 x13:0x00000000  x9:0x00000001 x13=0xffffffff
       59665000	      5867	80008968	4118dc33	sra	x24,x17,x17	 x17:0x002ccac0 x17:0x002ccac0 x24=0x002ccac0
       59675000	      5868	8000896c	02d71763	bne	x14,x13,8000899a	 x14:0x2369b993 x13:0xffffffff
       59695000	      5870	8000899a	8c39	c.xor	x8,x14	  x8:0x00000001 x14:0x2369b993  x8=0x2369b992
       59705000	      5871	8000899c	01d8ef33	or	x30,x17,x29	 x17:0x002ccac0 x29:0x37c07906 x30=0x37ecfbc6
       59715000	      5872	800089a0	8c11	c.sub	x8,x12	  x8:0x2369b992 x12:0x80021c08  x8=0xa3679d8a
       59725000	      5873	800089a2	0139f263	bgeu	x19,x19,800089a6	 x19:0x80021e0c x19:0x80021e0c
       59755000	      5876	800089a6	0183d5b3	srl	x11,x7,x24	  x7:0xfaeb9c09 x24:0x002ccac0 x11=0xfaeb9c09
       59765000	      5877	800089aa	0001	c.addi	x0,0	  x0:0x00000000  x0=0x00000000
       59775000	      5878	800089ac	0001	c.addi	x0,0	  x0:0x00000000  x0=0x00000000
       59815000	      5882	800089ae	02869633	mulh	x12,x13,x8	 x13:0xffffffff  x8:0xa3679d8a x12=0x00000000
       59825000	      5883	800089b2	009be433	or	x8,x23,x9	 x23:0x00000000  x9:0x00000001  x8=0x00000001
       59835000	      5884	800089b6	d5f0fd93	andi	x27,x1,-673	  x1:0x80025ce4 x27=0x80025c44
       59845000	      5885	800089ba	c209	c.beqz	x12,800089bc	 x12:0x00000000
       59865000	      5887	800089bc	0dc2	c.slli	x27,0x10	 x27:0x80025c44 x27=0x5c440000
       59875000	      5888	800089be	014732b3	sltu	x5,x14,x20	 x14:0x2369b993 x20:0xfd8c2224  x5=0x00000001
       59885000	      5889	800089c2	83c1	c.srli	x15,0x10	 x15:0x00000001 x15=0x00000000
       59895000	      5890	800089c4	cd99	c.beqz	x11,800089e2	 x11:0xfaeb9c09
       59905000	      5891	800089c6	012d1293	slli	x5,x26,0x12	 x26:0x80025ce4  x5=0x73900000
       59915000	      5892	800089ca	0001	c.addi	x0,0	  x0:0x00000000  x0=0x00000000
       59925000	      5893	800089cc	0351cc63	blt	x3,x21,80008a04	  x3:0xffffffff x21:0x00000000
       59945000	      5895	80008a04	8ce9	c.and	x9,x10	  x9:0x00000001 x10:0x00000000  x9=0x00000000
       60315000	      5932	80008a06	03a7ee33	rem	x28,x15,x26	 x15:0x00000000 x26:0x80025ce4 x28=0x00000000
       60325000	      5933	80008a0a	8425	c.srai	x8,0x9	  x8:0x00000001  x8=0x00000000
       60335000	      5934	80008a0c	e9604293	xori	x5,x0,-362	  x0:0x00000000  x5=0xfffffe96
       60345000	      5935	80008a10	0086e0b3	or	x1,x13,x8	 x13:0xffffffff  x8:0x00000000  x1=0xffffffff
       60355000	      5936	80008a14	8cd5	c.or	x9,x13	  x9:0x00000000 x13:0xffffffff  x9=0xffffffff
       60395000	      5940	80008a16	0239b6b3	mulhu	x13,x19,x3	 x19:0x80021e0c  x3:0xffffffff x13=0x80021e0b
       60405000	      5941	80008a1a	8bb6	c.mv	x23,x13	  x0:0x00000000 x13:0x80021e0b x23=0x80021e0b
       60415000	      5942	80008a1c	01f2a633	slt	x12,x5,x31	  x5:0xfffffe96 x31:0x00000011 x12=0x00000001
       60425000	      5943	80008a20	00b5f963	bgeu	x11,x11,80008a32	 x11:0xfaeb9c09 x11:0xfaeb9c09
       60815000	      5982	80008a32	032b45b3	div	x11,x22,x18	 x22:0xfaeb9c09 x18:0xd5c5c172 x11=0x00000000
       60825000	      5983	80008a36	04ebe363	bltu	x23,x14,80008a7c	 x23:0x80021e0b x14:0x2369b993
       61195000	      6020	80008a3a	031346b3	div	x13,x6,x17	  x6:0xffffffff x17:0x002ccac0 x13=0x00000000
       61565000	      6057	80008a3e	0368f933	remu	x18,x17,x22	 x17:0x002ccac0 x22:0xfaeb9c09 x18=0x002ccac0
       61575000	      6058	80008a42	015bc463	blt	x23,x21,80008a4a	 x23:0x80021e0b x21:0x00000000
       61595000	      6060	80008a4a	051d	c.addi	x10,7	 x10:0x00000000 x10=0x00000007
       61605000	      6061	80008a4c	01cd5a33	srl	x20,x26,x28	 x26:0x80025ce4 x28:0x00000000 x20=0x80025ce4
       61615000	      6062	80008a50	1f14	c.addi4spn	x13,x2,944	 x13=0x0b69a3c8
       61625000	      6063	80008a52	01855263	bge	x10,x24,80008a56	 x10:0x00000007 x24:0x002ccac0
       61635000	      6064	80008a56	8f4d	c.or	x14,x11	 x14:0x2369b993 x11:0x00000000 x14=0x2369b993
       61645000	      6065	80008a58	00815413	srli	x8,x2,0x8	  x2:0x0b69a018  x8=0x000b69a0
       61655000	      6066	80008a5c	2e50e613	ori	x12,x1,741	  x1:0xffffffff x12=0xffffffff
       61665000	      6067	80008a60	37a2e413	ori	x8,x5,890	  x5:0xfffffe96  x8=0xfffffffe
       61675000	      6068	80008a64	f5f9d237	lui	x4,0xf5f9d	  x4=0xf5f9d000
       61685000	      6069	80008a68	0297d363	bge	x15,x9,80008a8e	 x15:0x00000000  x9:0xffffffff
       61715000	      6072	80008a8e	a0537b13	andi	x22,x6,-1531	  x6:0xffffffff x22=0xfffffa05
       61725000	      6073	80008a92	5c7d	c.li	x24,-1	 x24=0xffffffff
       61735000	      6074	80008a94	0000100f	fence.i	
       61755000	      6076	80008a98	00989563	bne	x17,x9,80008aa2	 x17:0x002ccac0  x9:0xffffffff
       61785000	      6079	80008aa2	00af8833	add	x16,x31,x10	 x31:0x00000011 x10:0x00000007 x16=0x00000018
       61825000	      6083	80008aa6	0377a633	mulhsu	x12,x15,x23	 x15:0x00000000 x23:0x80021e0b x12=0x00000000
       61835000	      6084	80008aaa	e85d6113	ori	x2,x26,-379	 x26:0x80025ce4  x2=0xfffffee5
       61865000	      6087	80008aae	02788eb3	mul	x29,x17,x7	 x17:0x002ccac0  x7:0xfaeb9c09 x29=0xeb6020c0
       61875000	      6088	80008ab2	ec1d	c.bnez	x8,80008af0	  x8:0xfffffffe
       61895000	      6090	80008af0	8ed9	c.or	x13,x14	 x13:0x0b69a3c8 x14:0x2369b993 x13=0x2b69bbdb
       61905000	      6091	80008af2	01a2e463	bltu	x5,x26,80008afa	  x5:0xfffffe96 x26:0x80025ce4
       61915000	      6092	80008af6	416c5633	sra	x12,x24,x22	 x24:0xffffffff x22:0xfffffa05 x12=0xffffffff
       61925000	      6093	80008afa	717d	c.addi16sp	x2,-16	  x2:0xfffffee5  x2=0xfffffed5
       61935000	      6094	80008afc	01ba5263	bge	x20,x27,80008b00	 x20:0x80025ce4 x27:0x5c440000
       61945000	      6095	80008b00	846e	c.mv	x8,x27	  x0:0x00000000 x27:0x5c440000  x8=0x5c440000
       61955000	      6096	80008b02	0ff0000f	fence	iorw,iorw	
       61965000	      6097	80008b06	f069ab13	slti	x22,x19,-250	 x19:0x80021e0c x22=0x00000001
       61975000	      6098	80008b0a	00098eb3	add	x29,x19,x0	 x19:0x80021e0c  x0:0x00000000 x29=0x80021e0c
       61985000	      6099	80008b0e	05cfec93	ori	x25,x31,92	 x31:0x00000011 x25=0x0000005d
       61995000	      6100	80008b12	8fd9	c.or	x15,x14	 x15:0x00000000 x14:0x2369b993 x15=0x2369b993
       62005000	      6101	80008b14	5afd	c.li	x21,-1	 x21=0xffffffff
       62015000	      6102	80008b16	a9f04f13	xori	x30,x0,-1377	  x0:0x00000000 x30=0xfffffa9f
       62025000	      6103	80008b1a	019b1d63	bne	x22,x25,80008b34	 x22:0x00000001 x25:0x0000005d
       62045000	      6105	80008b34	03160d63	beq	x12,x17,80008b6e	 x12:0xffffffff x17:0x002ccac0
       62055000	      6106	80008b38	0000100f	fence.i	
       62075000	      6108	80008b3c	0000100f	fence.i	
       62095000	      6110	80008b40	02af7763	bgeu	x30,x10,80008b6e	 x30:0xfffffa9f x10:0x00000007
       62115000	      6112	80008b6e	81c2	c.mv	x3,x16	  x0:0x00000000 x16:0x00000018  x3=0x00000018
       62125000	      6113	80008b70	02ebe263	bltu	x23,x14,80008b94	 x23:0x80021e0b x14:0x2369b993
       62135000	      6114	80008b74	0c10	c.addi4spn	x12,x2,528	 x12=0x000000e5
       62145000	      6115	80008b76	82e1	c.srli	x13,0x18	 x13:0x2b69bbdb x13=0x0000002b
       62185000	      6119	80008b78	03a037b3	mulhu	x15,x0,x26	  x0:0x00000000 x26:0x80025ce4 x15=0x00000000
       62225000	      6123	80008b7c	02e41ab3	mulh	x21,x8,x14	  x8:0x5c440000 x14:0x2369b993 x21=0x0cc366c6
       62235000	      6124	80008b80	41508533	sub	x10,x1,x21	  x1:0xffffffff x21:0x0cc366c6 x10=0xf33c9939
       62245000	      6125	80008b84	00ff6c33	or	x24,x30,x15	 x30:0xfffffa9f x15:0x00000000 x24=0xfffffa9f
       62275000	      6128	80008b88	02a902b3	mul	x5,x18,x10	 x18:0x002ccac0 x10:0xf33c9939  x5=0x9425e4c0
       62645000	      6165	80008b8c	029bd933	divu	x18,x23,x9	 x23:0x80021e0b  x9:0xffffffff x18=0x00000000
       62655000	      6166	80008b90	331ffb97	auipc	x23,0x331ff	 x23=0xb3207b90
       62665000	      6167	80008b94	8705	c.srai	x14,0x1	 x14:0x2369b993 x14=0x11b4dcc9
       62675000	      6168	80008b96	3b8d4b93	xori	x23,x26,952	 x26:0x80025ce4 x23=0x80025f5c
       62685000	      6169	80008b9a	1684	c.addi4spn	x9,x2,864	  x9=0x00000235
       62695000	      6170	80008b9c	caa128b7	lui	x17,0xcaa12	 x17=0xcaa12000
       62705000	      6171	80008ba0	8549	c.srai	x10,0x12	 x10:0xf33c9939 x10=0xfffffccf
       62715000	      6172	80008ba2	01437e63	bgeu	x6,x20,80008bbe	  x6:0xffffffff x20:0x80025ce4
       62735000	      6174	80008bbe	8dfd	c.and	x11,x15	 x11:0x00000000 x15:0x00000000 x11=0x00000000
       62745000	      6175	80008bc0	01fa5fb3	srl	x31,x20,x31	 x20:0x80025ce4 x31:0x00000011 x31=0x00004001
       62755000	      6176	80008bc4	35592c93	slti	x25,x18,853	 x18:0x00000000 x25=0x00000001
       62795000	      6180	80008bc8	02211eb3	mulh	x29,x2,x2	  x2:0xfffffed5  x2:0xfffffed5 x29=0x00000000
       62805000	      6181	80008bcc	00199e93	slli	x29,x19,0x1	 x19:0x80021e0c x29=0x00043c18
       63175000	      6218	80008bd0	03966e33	rem	x28,x12,x25	 x12:0x000000e5 x25:0x00000001 x28=0x00000000
       63185000	      6219	80008bd4	0001	c.addi	x0,0	  x0:0x00000000  x0=0x00000000
       63195000	      6220	80008bd6	9a8fbe93	sltiu	x29,x31,-1624	 x31:0x00004001 x29=0x00000001
       63205000	      6221	80008bda	8f1ae8b7	lui	x17,0x8f1ae	 x17=0x8f1ae000
       63215000	      6222	80008bde	08670313	addi	x6,x14,134	 x14:0x11b4dcc9  x6=0x11b4dd4f
       63225000	      6223	80008be2	40615333	sra	x6,x2,x6	  x2:0xfffffed5  x6:0x11b4dd4f  x6=0xffffffff
       63265000	      6227	80008be6	03b3bdb3	mulhu	x27,x7,x27	  x7:0xfaeb9c09 x27:0x5c440000 x27=0x5a6f52a8
       63275000	      6228	80008bea	06f2	c.slli	x13,0x1c	 x13:0x0000002b x13=0xb0000000
       63285000	      6229	80008bec	9afd	c.andi	x13,-1	 x13:0xb0000000 x13=0xb0000000
       63295000	      6230	80008bee	7007ee93	ori	x29,x15,1792	 x15:0x00000000 x29=0x00000700
       63305000	      6231	80008bf2	0001	c.addi	x0,0	  x0:0x00000000  x0=0x00000000
       63315000	      6232	80008bf4	8f01	c.sub	x14,x8	 x14:0x11b4dcc9  x8:0x5c440000 x14=0xb570dcc9
       63325000	      6233	80008bf6	009f6263	bltu	x30,x9,80008bfa	 x30:0xfffffa9f  x9:0x00000235
       63335000	      6234	80008bfa	01ff92b3	sll	x5,x31,x31	 x31:0x00004001 x31:0x00004001  x5=0x00008002
       63345000	      6235	80008bfe	5a3fad97	auipc	x27,0x5a3fa	 x27=0xda402bfe
       63355000	      6236	80008c02	8de6	c.mv	x27,x25	  x0:0x00000000 x25:0x00000001 x27=0x00000001
       63365000	      6237	80008c04	000cdb63	bge	x25,x0,80008c1a	 x25:0x00000001  x0:0x00000000
       63385000	      6239	80008c1a	07ee	c.slli	x15,0x1b	 x15:0x00000000 x15=0x00000000
       63395000	      6240	80008c1c	00a24133	xor	x2,x4,x10	  x4:0xf5f9d000 x10:0xfffffccf  x2=0x0a062ccf
       63405000	      6241	80008c20	7a36c613	xori	x12,x13,1955	 x13:0xb0000000 x12=0xb00007a3
       63415000	      6242	80008c24	0141ff63	bgeu	x3,x20,80008c42	  x3:0x00000018 x20:0x80025ce4
       63425000	      6243	80008c28	019e65b3	or	x11,x28,x25	 x28:0x00000000 x25:0x00000001 x11=0x00000001
       63435000	      6244	80008c2c	0001	c.addi	x0,0	  x0:0x00000000  x0=0x00000000
       63805000	      6281	80008c2e	02194033	div	x0,x18,x1	 x18:0x00000000  x1:0xffffffff  x0=0x00000000
       63845000	      6285	80008c32	03eb2b33	mulhsu	x22,x22,x30	 x22:0x00000001 x30:0xfffffa9f x22=0x00000000
       63855000	      6286	80008c36	8c79	c.and	x8,x14	  x8:0x5c440000 x14:0xb570dcc9  x8=0x14400000
       63865000	      6287	80008c38	8057f513	andi	x10,x15,-2043	 x15:0x00000000 x10=0x00000000
       63875000	      6288	80008c3c	b15ca193	slti	x3,x25,-1259	 x25:0x00000001  x3=0x00000000
       63885000	      6289	80008c40	8c21	c.xor	x8,x8	  x8:0x14400000  x8:0x14400000  x8=0x00000000
       63895000	      6290	80008c42	0ff0000f	fence	iorw,iorw	
       63905000	      6291	80008c46	ed2dbd93	sltiu	x27,x27,-302	 x27:0x00000001 x27=0x00000001
       63915000	      6292	80008c4a	0089cbb3	xor	x23,x19,x8	 x19:0x80021e0c  x8:0x00000000 x23=0x80021e0c
       63925000	      6293	80008c4e	8091	c.srli	x9,0x4	  x9:0x00000235  x9=0x00000023
       63935000	      6294	80008c50	c94a8a13	addi	x20,x21,-876	 x21:0x0cc366c6 x20=0x0cc3635a
       63945000	      6295	80008c54	01757133	and	x2,x10,x23	 x10:0x00000000 x23:0x80021e0c  x2=0x00000000
       63955000	      6296	80008c58	89ed	c.andi	x11,27	 x11:0x00000001 x11=0x00000001
       63965000	      6297	80008c5a	0ff0000f	fence	iorw,iorw	
       63975000	      6298	80008c5e	41475333	sra	x6,x14,x20	 x14:0xb570dcc9 x20:0x0cc3635a  x6=0xffffffed
       63985000	      6299	80008c62	8aed	c.andi	x13,27	 x13:0xb0000000 x13=0x00000000
       63995000	      6300	80008c64	bb9a9b97	auipc	x23,0xbb9a9	 x23=0x3b9b1c64
       64005000	      6301	80008c68	af5f8b13	addi	x22,x31,-1291	 x31:0x00004001 x22=0x00003af6
       64045000	      6305	80008c6c	021898b3	mulh	x17,x17,x1	 x17:0x8f1ae000  x1:0xffffffff x17=0x00000000
       64055000	      6306	80008c70	8e4d	c.or	x12,x11	 x12:0xb00007a3 x11:0x00000001 x12=0xb00007a3
       64065000	      6307	80008c72	9bfd	c.andi	x15,-1	 x15:0x00000000 x15=0x00000000
       64075000	      6308	80008c74	00891eb3	sll	x29,x18,x8	 x18:0x00000000  x8:0x00000000 x29=0x00000000
       64085000	      6309	80008c78	01a85c33	srl	x24,x16,x26	 x16:0x00000018 x26:0x80025ce4 x24=0x00000001
       64095000	      6310	80008c7c	6b69	c.lui	x22,0x1a	 x22=0x0001a000
       64105000	      6311	80008c7e	e6c62c93	slti	x25,x12,-404	 x12:0xb00007a3 x25=0x00000001
       64115000	      6312	80008c82	065e	c.slli	x12,0x17	 x12:0xb00007a3 x12=0xd1800000
       64125000	      6313	80008c84	54e06c93	ori	x25,x0,1358	  x0:0x00000000 x25=0x0000054e
       64135000	      6314	80008c88	01c141b3	xor	x3,x2,x28	  x2:0x00000000 x28:0x00000000  x3=0x00000000
       64145000	      6315	80008c8c	f26f8613	addi	x12,x31,-218	 x31:0x00004001 x12=0x00003f27
       64155000	      6316	80008c90	0001	c.addi	x0,0	  x0:0x00000000  x0=0x00000000
       64165000	      6317	80008c92	8d5d	c.or	x10,x15	 x10:0x00000000 x15:0x00000000 x10=0x00000000
       64175000	      6318	80008c94	51fd	c.li	x3,-1	  x3=0xffffffff
       64185000	      6319	80008c96	ce01	c.beqz	x12,80008cae	 x12:0x00003f27
       64195000	      6320	80008c98	0001	c.addi	x0,0	  x0:0x00000000  x0=0x00000000
       64205000	      6321	80008c9a	04dd	c.addi	x9,23	  x9:0x00000023  x9=0x0000003a
       64215000	      6322	80008c9c	00354f33	xor	x30,x10,x3	 x10:0x00000000  x3:0xffffffff x30=0xffffffff
       64225000	      6323	80008ca0	9a8a	c.add	x21,x2	 x21:0x0cc366c6  x2:0x00000000 x21=0x0cc366c6
       64235000	      6324	80008ca2	00f7e833	or	x16,x15,x15	 x15:0x00000000 x15:0x00000000 x16=0x00000000
       64245000	      6325	80008ca6	01a7d0b3	srl	x1,x15,x26	 x15:0x00000000 x26:0x80025ce4  x1=0x00000000
       64255000	      6326	80008caa	01989733	sll	x14,x17,x25	 x17:0x00000000 x25:0x0000054e x14=0x00000000
       64295000	      6330	80008cae	039e2433	mulhsu	x8,x28,x25	 x28:0x00000000 x25:0x0000054e  x8=0x00000000
       64305000	      6331	80008cb2	017ef563	bgeu	x29,x23,80008cbc	 x29:0x00000000 x23:0x3b9b1c64
       64315000	      6332	80008cb6	8d25	c.xor	x10,x9	 x10:0x00000000  x9:0x0000003a x10=0x0000003a
       64685000	      6369	80008cb8	035757b3	divu	x15,x14,x21	 x14:0x00000000 x21:0x0cc366c6 x15=0x00000000
       64695000	      6370	80008cbc	86d9	c.srai	x13,0x16	 x13:0x00000000 x13=0x00000000
       64705000	      6371	80008cbe	8a546f93	ori	x31,x8,-1883	  x8:0x00000000 x31=0xfffff8a5
       64725000	      6373	80008cc2	0306f133	remu	x2,x13,x16	 x13:0x00000000 x16:0x00000000  x2=0x00000000
       64735000	      6374	80008cc6	46130f93	addi	x31,x6,1121	  x6:0xffffffed x31=0x0000044e
       64745000	      6375	80008cca	03b99963	bne	x19,x27,80008cfc	 x19:0x80021e0c x27:0x00000001
       64765000	      6377	80008cfc	35c6dc17	auipc	x24,0x35c6d	 x24=0xb5c75cfc
       64775000	      6378	80008d00	92478813	addi	x16,x15,-1756	 x15:0x00000000 x16=0xfffff924
       64785000	      6379	80008d04	0001	c.addi	x0,0	  x0:0x00000000  x0=0x00000000
       64795000	      6380	80008d06	0b6a	c.slli	x22,0x1a	 x22:0x0001a000 x22=0x00000000
       64805000	      6381	80008d08	006dcfb3	xor	x31,x27,x6	 x27:0x00000001  x6:0xffffffed x31=0xffffffec
       64815000	      6382	80008d0c	0044d813	srli	x16,x9,0x4	  x9:0x0000003a x16=0x00000003
       64825000	      6383	80008d10	400a50b3	sra	x1,x20,x0	 x20:0x0cc3635a  x0:0x00000000  x1=0x0cc3635a
       64835000	      6384	80008d14	016f5c33	srl	x24,x30,x22	 x30:0xffffffff x22:0x00000000 x24=0xffffffff
       64845000	      6385	80008d18	8dad	c.xor	x11,x11	 x11:0x00000001 x11:0x00000001 x11=0x00000000
       64855000	      6386	80008d1a	00d50833	add	x16,x10,x13	 x10:0x0000003a x13:0x00000000 x16=0x0000003a
       64865000	      6387	80008d1e	0001	c.addi	x0,0	  x0:0x00000000  x0=0x00000000
       64885000	      6389	80008d20	022274b3	remu	x9,x4,x2	  x4:0xf5f9d000  x2:0x00000000  x9=0xf5f9d000
       64895000	      6390	80008d24	8d1d	c.sub	x10,x15	 x10:0x0000003a x15:0x00000000 x10=0x0000003a
       64905000	      6391	80008d26	8c59	c.or	x8,x14	  x8:0x00000000 x14:0x00000000  x8=0x00000000
       64915000	      6392	80008d28	011cef63	bltu	x25,x17,80008d46	 x25:0x0000054e x17:0x00000000
       64925000	      6393	80008d2c	1b94	c.addi4spn	x13,x2,496	 x13=0x000001f0
       64935000	      6394	80008d2e	015b1213	slli	x4,x22,0x15	 x22:0x00000000  x4=0x00000000
       64945000	      6395	80008d32	6efd	c.lui	x29,0x1f	 x29=0x0001f000
       64955000	      6396	80008d34	30f12a13	slti	x20,x2,783	  x2:0x00000000 x20=0x00000001
       64985000	      6399	80008d38	029b8733	mul	x14,x23,x9	 x23:0x3b9b1c64  x9:0xf5f9d000 x14=0x58554000
       64995000	      6400	80008d3c	8aa9	c.andi	x13,10	 x13:0x000001f0 x13=0x00000000
       65005000	      6401	80008d3e	8e75	c.and	x12,x13	 x12:0x00003f27 x13:0x00000000 x12=0x00000000
       65015000	      6402	80008d40	0384	c.addi4spn	x9,x2,448	  x9=0x000001c0
       65025000	      6403	80008d42	01251813	slli	x16,x10,0x12	 x10:0x0000003a x16=0x00e80000
       65395000	      6440	80008d46	0212ee33	rem	x28,x5,x1	  x5:0x00008002  x1:0x0cc3635a x28=0x00008002
       65435000	      6444	80008d4a	027aadb3	mulhsu	x27,x21,x7	 x21:0x0cc366c6  x7:0xfaeb9c09 x27=0x0c829184
       65475000	      6448	80008d4e	02039fb3	mulh	x31,x7,x0	  x7:0xfaeb9c09  x0:0x00000000 x31=0x00000000
       65485000	      6449	80008d52	0001	c.addi	x0,0	  x0:0x00000000  x0=0x00000000
       65495000	      6450	80008d54	01a38433	add	x8,x7,x26	  x7:0xfaeb9c09 x26:0x80025ce4  x8=0x7aedf8ed
       65515000	      6452	80008d58	02d76ab3	rem	x21,x14,x13	 x14:0x58554000 x13:0x00000000 x21=0x58554000
       65525000	      6453	80008d5c	6091	c.lui	x1,0x4	  x1=0x00004000
       65535000	      6454	80008d5e	6ad714b7	lui	x9,0x6ad71	  x9=0x6ad71000
       65545000	      6455	80008d62	01ecce33	xor	x28,x25,x30	 x25:0x0000054e x30:0xffffffff x28=0xfffffab1
       65555000	      6456	80008d66	0ca1	c.addi	x25,8	 x25:0x0000054e x25=0x00000556
       65565000	      6457	80008d68	83a5	c.srli	x15,0x9	 x15:0x00000000 x15=0x00000000
       65575000	      6458	80008d6a	57fd	c.li	x15,-1	 x15=0xffffffff
       65585000	      6459	80008d6c	8285	c.srli	x13,0x1	 x13:0x00000000 x13=0x00000000
       65595000	      6460	80008d6e	8ee9	c.and	x13,x10	 x13:0x00000000 x10:0x0000003a x13=0x00000000
       65605000	      6461	80008d70	52fd	c.li	x5,-1	  x5=0xffffffff
       65635000	      6464	80008d72	03d906b3	mul	x13,x18,x29	 x18:0x00000000 x29:0x0001f000 x13=0x00000000
       65645000	      6465	80008d76	008af133	and	x2,x21,x8	 x21:0x58554000  x8:0x7aedf8ed  x2=0x58454000
       65655000	      6466	80008d7a	c805	c.beqz	x8,80008daa	  x8:0x7aedf8ed
       66025000	      6503	80008d7c	033446b3	div	x13,x8,x19	  x8:0x7aedf8ed x19:0x80021e0c x13=0x00000000
       66035000	      6504	80008d80	012921b3	slt	x3,x18,x18	 x18:0x00000000 x18:0x00000000  x3=0x00000000
       66045000	      6505	80008d84	1a00	c.addi4spn	x8,x2,304	  x8=0x58454130
       66055000	      6506	80008d86	b4508b13	addi	x22,x1,-1211	  x1:0x00004000 x22=0x00003b45
       66065000	      6507	80008d8a	0001	c.addi	x0,0	  x0:0x00000000  x0=0x00000000
       66095000	      6510	80008d8c	02f18fb3	mul	x31,x3,x15	  x3:0x00000000 x15:0xffffffff x31=0x00000000
       66105000	      6511	80008d90	c985	c.beqz	x11,80008dc0	 x11:0x00000000
       66125000	      6513	80008dc0	01cdd863	bge	x27,x28,80008dd0	 x27:0x0c829184 x28:0xfffffab1
       66145000	      6515	80008dd0	409a8633	sub	x12,x21,x9	 x21:0x58554000  x9:0x6ad71000 x12=0xed7e3000
       66175000	      6518	80008dd4	020d87b3	mul	x15,x27,x0	 x27:0x0c829184  x0:0x00000000 x15=0x00000000
       66545000	      6555	80008dd8	0336ffb3	remu	x31,x13,x19	 x13:0x00000000 x19:0x80021e0c x31=0x00000000
       66555000	      6556	80008ddc	8d1d	c.sub	x10,x15	 x10:0x0000003a x15:0x00000000 x10=0x0000003a
       66565000	      6557	80008dde	e155b413	sltiu	x8,x11,-491	 x11:0x00000000  x8=0x00000001
       66575000	      6558	80008de2	1e90	c.addi4spn	x12,x2,880	 x12=0x58454370
       66585000	      6559	80008de4	01927363	bgeu	x4,x25,80008dea	  x4:0x00000000 x25:0x00000556
       66595000	      6560	80008de8	8e95	c.sub	x13,x13	 x13:0x00000000 x13:0x00000000 x13=0x00000000
       66605000	      6561	80008dea	8c99	c.sub	x9,x14	  x9:0x6ad71000 x14:0x58554000  x9=0x1281d000
       66645000	      6565	80008dec	03783b33	mulhu	x22,x16,x23	 x16:0x00e80000 x23:0x3b9b1c64 x22=0x00360491
       66685000	      6569	80008df0	03dc90b3	mulh	x1,x25,x29	 x25:0x00000556 x29:0x0001f000  x1=0x00000000
       66695000	      6570	80008df4	8c25	c.xor	x8,x9	  x8:0x00000001  x9:0x1281d000  x8=0x1281d001
       66735000	      6574	80008df6	0282a933	mulhsu	x18,x5,x8	  x5:0xffffffff  x8:0x1281d001 x18=0xffffffff
       66745000	      6575	80008dfa	8349	c.srli	x14,0x12	 x14:0x58554000 x14=0x00001615
       66755000	      6576	80008dfc	0000100f	fence.i	
       66775000	      6578	80008e00	01b48f63	beq	x9,x27,80008e1e	  x9:0x1281d000 x27:0x0c829184
       67145000	      6615	80008e04	035e40b3	div	x1,x28,x21	 x28:0xfffffab1 x21:0x58554000  x1=0x00000000
       67185000	      6619	80008e08	03fa9b33	mulh	x22,x21,x31	 x21:0x58554000 x31:0x00000000 x22=0x00000000
       67225000	      6623	80008e0c	02189f33	mulh	x30,x17,x1	 x17:0x00000000  x1:0x00000000 x30=0x00000000
       67235000	      6624	80008e10	00dd4263	blt	x26,x13,80008e14	 x26:0x80025ce4 x13:0x00000000
       67255000	      6626	80008e14	014218b3	sll	x17,x4,x20	  x4:0x00000000 x20:0x00000001 x17=0x00000000
       67265000	      6627	80008e18	01afe263	bltu	x31,x26,80008e1c	 x31:0x00000000 x26:0x80025ce4
       67285000	      6629	80008e1c	4f59	c.li	x30,22	 x30=0x00000016
       67295000	      6630	80008e1e	03501163	bne	x0,x21,80008e40	  x0:0x00000000 x21:0x58554000
       67315000	      6632	80008e40	016f9663	bne	x31,x22,80008e4c	 x31:0x00000000 x22:0x00000000
       67325000	      6633	80008e44	2f715237	lui	x4,0x2f715	  x4=0x2f715000
       67335000	      6634	80008e48	063e	c.slli	x12,0xf	 x12:0x58454370 x12=0xa1b80000
       67345000	      6635	80008e4a	e30d	c.bnez	x14,80008e6c	 x14:0x00001615
       67385000	      6639	80008e6c	02ab80b3	mul	x1,x23,x10	 x23:0x3b9b1c64 x10:0x0000003a  x1=0x81246ea8
       67395000	      6640	80008e70	01b21f13	slli	x30,x4,0x1b	  x4:0x2f715000 x30=0x00000000
       67405000	      6641	80008e74	0082ceb3	xor	x29,x5,x8	  x5:0xffffffff  x8:0x1281d001 x29=0xed7e2ffe
       67415000	      6642	80008e78	7dcbb513	sltiu	x10,x23,2012	 x23:0x3b9b1c64 x10=0x00000000
       67425000	      6643	80008e7c	8ec1	c.or	x13,x8	 x13:0x00000000  x8:0x1281d001 x13=0x1281d001
       67435000	      6644	80008e7e	8605	c.srai	x12,0x1	 x12:0xa1b80000 x12=0xd0dc0000
       67445000	      6645	80008e80	000aa7b3	slt	x15,x21,x0	 x21:0x58554000  x0:0x00000000 x15=0x00000000
       67485000	      6649	80008e84	031436b3	mulhu	x13,x8,x17	  x8:0x1281d001 x17:0x00000000 x13=0x00000000
       67495000	      6650	80008e88	8e6d	c.and	x12,x11	 x12:0xd0dc0000 x11:0x00000000 x12=0x00000000
       67505000	      6651	80008e8a	f052a113	slti	x2,x5,-251	  x5:0xffffffff  x2=0x00000000
       67515000	      6652	80008e8e	8fe5	c.and	x15,x9	 x15:0x00000000  x9:0x1281d000 x15=0x00000000
       67525000	      6653	80008e90	0001	c.addi	x0,0	  x0:0x00000000  x0=0x00000000
       67535000	      6654	80008e92	238f2893	slti	x17,x30,568	 x30:0x00000000 x17=0x00000001
       67545000	      6655	80008e96	404e5293	srai	x5,x28,0x4	 x28:0xfffffab1  x5=0xffffffab
       67555000	      6656	80008e9a	037cf963	bgeu	x25,x23,80008ecc	 x25:0x00000556 x23:0x3b9b1c64
       67565000	      6657	80008e9e	1dfd	c.addi	x27,-1	 x27:0x0c829184 x27=0x0c829183
       67575000	      6658	80008ea0	0001	c.addi	x0,0	  x0:0x00000000  x0=0x00000000
       67585000	      6659	80008ea2	9bfd	c.andi	x15,-1	 x15:0x00000000 x15=0x00000000
       67595000	      6660	80008ea4	00446a63	bltu	x8,x4,80008eb8	  x8:0x1281d001  x4:0x2f715000
       67615000	      6662	80008eb8	041a9163	bne	x21,x1,80008efa	 x21:0x58554000  x1:0x81246ea8
       67645000	      6665	80008efa	40a40733	sub	x14,x8,x10	  x8:0x1281d001 x10:0x00000000 x14=0x1281d001
       67655000	      6666	80008efe	9fbe	c.add	x31,x15	 x31:0x00000000 x15:0x00000000 x31=0x00000000
       67665000	      6667	80008f00	0001	c.addi	x0,0	  x0:0x00000000  x0=0x00000000
       67675000	      6668	80008f02	9ac6	c.add	x21,x17	 x21:0x58554000 x17:0x00000001 x21=0x58554001
       67685000	      6669	80008f04	01ab1c63	bne	x22,x26,80008f1c	 x22:0x00000000 x26:0x80025ce4
       67705000	      6671	80008f1c	0001	c.addi	x0,0	  x0:0x00000000  x0=0x00000000
       67715000	      6672	80008f1e	0001	c.addi	x0,0	  x0:0x00000000  x0=0x00000000
       67755000	      6676	80008f20	03c5ae33	mulhsu	x28,x11,x28	 x11:0x00000000 x28:0xfffffab1 x28=0x00000000
       67765000	      6677	80008f24	001ca1b3	slt	x3,x25,x1	 x25:0x00000556  x1:0x81246ea8  x3=0x00000000
       67775000	      6678	80008f28	00047663	bgeu	x8,x0,80008f34	  x8:0x1281d001  x0:0x00000000
       67825000	      6683	80008f34	0338b5b3	mulhu	x11,x17,x19	 x17:0x00000001 x19:0x80021e0c x11=0x00000000
       67835000	      6684	80008f38	01806363	bltu	x0,x24,80008f3e	  x0:0x00000000 x24:0xffffffff
       67875000	      6688	80008f3e	036a5cb3	divu	x25,x20,x22	 x20:0x00000001 x22:0x00000000 x25=0xffffffff
       67885000	      6689	80008f42	a7147c93	andi	x25,x8,-1423	  x8:0x1281d001 x25=0x1281d001
       67895000	      6690	80008f46	899d	c.andi	x11,7	 x11:0x00000000 x11=0x00000000
       67905000	      6691	80008f48	3858d637	lui	x12,0x3858d	 x12=0x3858d000
       67945000	      6695	80008f4c	03a132b3	mulhu	x5,x2,x26	  x2:0x00000000 x26:0x80025ce4  x5=0x00000000
       67975000	      6698	80008f50	03750633	mul	x12,x10,x23	 x10:0x00000000 x23:0x3b9b1c64 x12=0x00000000
       67985000	      6699	80008f54	40598833	sub	x16,x19,x5	 x19:0x80021e0c  x5:0x00000000 x16=0x80021e0c
       67995000	      6700	80008f58	577d	c.li	x14,-1	 x14=0xffffffff
       68005000	      6701	80008f5a	0e85ce13	xori	x28,x11,232	 x11:0x00000000 x28=0x000000e8
       68015000	      6702	80008f5e	187d	c.addi	x16,-1	 x16:0x80021e0c x16=0x80021e0b
       68055000	      6706	80008f60	02911833	mulh	x16,x2,x9	  x2:0x00000000  x9:0x1281d000 x16=0x00000000
       68065000	      6707	80008f64	8671	c.srai	x12,0x1c	 x12:0x00000000 x12=0x00000000
       68075000	      6708	80008f66	0000100f	fence.i	
       68105000	      6711	80008f6a	03260663	beq	x12,x18,80008f96	 x12:0x00000000 x18:0xffffffff
       68115000	      6712	80008f6e	8ece	c.mv	x29,x19	  x0:0x00000000 x19:0x80021e0c x29=0x80021e0c
       68125000	      6713	80008f70	00961933	sll	x18,x12,x9	 x12:0x00000000  x9:0x1281d000 x18=0x00000000
       68135000	      6714	80008f74	8342	c.mv	x6,x16	  x0:0x00000000 x16:0x00000000  x6=0x00000000
       68145000	      6715	80008f76	e581	c.bnez	x11,80008f7e	 x11:0x00000000
       68155000	      6716	80008f78	01fc5f63	bge	x24,x31,80008f96	 x24:0xffffffff x31:0x00000000
       68165000	      6717	80008f7c	6589	c.lui	x11,0x2	 x11=0x00002000
       68175000	      6718	80008f7e	0074c263	blt	x9,x7,80008f82	  x9:0x1281d000  x7:0xfaeb9c09
       68185000	      6719	80008f82	403a8c33	sub	x24,x21,x3	 x21:0x58554001  x3:0x00000000 x24=0x58554001
       68555000	      6756	80008f86	0210c633	div	x12,x1,x1	  x1:0x81246ea8  x1:0x81246ea8 x12=0x00000001
       68565000	      6757	80008f8a	017af263	bgeu	x21,x23,80008f8e	 x21:0x58554001 x23:0x3b9b1c64
       68595000	      6760	80008f8e	01b04eb3	xor	x29,x0,x27	  x0:0x00000000 x27:0x0c829183 x29=0x0c829183
       68605000	      6761	80008f92	41478933	sub	x18,x15,x20	 x15:0x00000000 x20:0x00000001 x18=0xffffffff
       68615000	      6762	80008f96	013f6d63	bltu	x30,x19,80008fb0	 x30:0x00000000 x19:0x80021e0c
       68635000	      6764	80008fb0	6fdd8017	auipc	x0,0x6fdd8	  x0=0x00000000
       68645000	      6765	80008fb4	40865eb3	sra	x29,x12,x8	 x12:0x00000001  x8:0x1281d001 x29=0x00000000
       68655000	      6766	80008fb8	1018	c.addi4spn	x14,x2,32	 x14=0x00000020
       68665000	      6767	80008fba	00b64533	xor	x10,x12,x11	 x12:0x00000001 x11:0x00002000 x10=0x00002001
       68675000	      6768	80008fbe	717d	c.addi16sp	x2,-16	  x2:0x00000000  x2=0xfffffff0
       69045000	      6805	80008fc0	02885ab3	divu	x21,x16,x8	 x16:0x00000000  x8:0x1281d001 x21=0x00000000
       69055000	      6806	80008fc4	01639533	sll	x10,x7,x22	  x7:0xfaeb9c09 x22:0x00000000 x10=0xfaeb9c09
       69085000	      6809	80008fc8	03ce0ab3	mul	x21,x28,x28	 x28:0x000000e8 x28:0x000000e8 x21=0x0000d240
       69095000	      6810	80008fcc	4101d1b3	sra	x3,x3,x16	  x3:0x00000000 x16:0x00000000  x3=0x00000000
       69105000	      6811	80008fd0	99fd	c.andi	x11,-1	 x11:0x00002000 x11=0x00002000
       69115000	      6812	80008fd2	000052b3	srl	x5,x0,x0	  x0:0x00000000  x0:0x00000000  x5=0x00000000
       69125000	      6813	80008fd6	08ae	c.slli	x17,0xb	 x17:0x00000001 x17=0x00000800
       69145000	      6815	80008fd8	0301f0b3	remu	x1,x3,x16	  x3:0x00000000 x16:0x00000000  x1=0x00000000
       69185000	      6819	80008fdc	02621333	mulh	x6,x4,x6	  x4:0x2f715000  x6:0x00000000  x6=0x00000000
       69195000	      6820	80008fe0	5f6e4a93	xori	x21,x28,1526	 x28:0x000000e8 x21=0x0000051e
       69205000	      6821	80008fe4	ef15	c.bnez	x14,80009020	 x14:0x00000020
       69225000	      6823	80009020	848d	c.srai	x9,0x3	  x9:0x1281d000  x9=0x02503a00
       69235000	      6824	80009022	0177dc13	srli	x24,x15,0x17	 x15:0x00000000 x24=0x00000000
       69245000	      6825	80009026	0000100f	fence.i	
       69265000	      6827	8000902a	4365	c.li	x6,25	  x6=0x00000019
       69285000	      6829	8000902c	02304033	div	x0,x0,x3	  x0:0x00000000  x3:0x00000000  x0=0x00000000
       69305000	      6831	80009030	020444b3	div	x9,x8,x0	  x8:0x1281d001  x0:0x00000000  x9=0xffffffff
       69315000	      6832	80009034	01dec363	blt	x29,x29,8000903a	 x29:0x00000000 x29:0x00000000
       69325000	      6833	80009038	717d	c.addi16sp	x2,-16	  x2:0xfffffff0  x2=0xffffffe0
       69335000	      6834	8000903a	00956fb3	or	x31,x10,x9	 x10:0xfaeb9c09  x9:0xffffffff x31=0xffffffff
       69705000	      6871	8000903e	03227033	remu	x0,x4,x18	  x4:0x2f715000 x18:0xffffffff  x0=0x00000000
       69715000	      6872	80009042	008996b3	sll	x13,x19,x8	 x19:0x80021e0c  x8:0x1281d001 x13=0x00043c18
       69725000	      6873	80009046	0001	c.addi	x0,0	  x0:0x00000000  x0=0x00000000
       69735000	      6874	80009048	650bc793	xori	x15,x23,1616	 x23:0x3b9b1c64 x15=0x3b9b1a34
       69745000	      6875	8000904c	00f49293	slli	x5,x9,0xf	  x9:0xffffffff  x5=0xffff8000
       69755000	      6876	80009050	039b1263	bne	x22,x25,80009074	 x22:0x00000000 x25:0x1281d001
       70135000	      6914	80009074	031958b3	divu	x17,x18,x17	 x18:0xffffffff x17:0x00000800 x17=0x001fffff
       70145000	      6915	80009078	01e042b3	xor	x5,x0,x30	  x0:0x00000000 x30:0x00000000  x5=0x00000000
       70515000	      6952	8000907c	03c7e1b3	rem	x3,x15,x28	 x15:0x3b9b1a34 x28:0x000000e8  x3=0x0000004c
       70525000	      6953	80009080	03a91963	bne	x18,x26,800090b2	 x18:0xffffffff x26:0x80025ce4
       70545000	      6955	800090b2	717d	c.addi16sp	x2,-16	  x2:0xffffffe0  x2=0xffffffd0
       70555000	      6956	800090b4	1a8c	c.addi4spn	x11,x2,368	 x11=0x00000140
       70565000	      6957	800090b6	01400763	beq	x0,x20,800090c4	  x0:0x00000000 x20:0x00000001
       70575000	      6958	800090ba	1308	c.addi4spn	x10,x2,416	 x10=0x00000170
       70585000	      6959	800090bc	1dfccb13	xori	x22,x25,479	 x25:0x1281d001 x22=0x1281d1de
       70595000	      6960	800090c0	6efd	c.lui	x29,0x1f	 x29=0x0001f000
       70605000	      6961	800090c2	027d	c.addi	x4,31	  x4:0x2f715000  x4=0x2f71501f
       70645000	      6965	800090c4	02251eb3	mulh	x29,x10,x2	 x10:0x00000170  x2:0xffffffd0 x29=0xffffffff
       71015000	      7002	800090c8	02bdc233	div	x4,x27,x11	 x27:0x0c829183 x11:0x00000140  x4=0x000a020e
       71025000	      7003	800090cc	01264e63	blt	x12,x18,800090e8	 x12:0x00000001 x18:0xffffffff
       71395000	      7040	800090d0	03dadfb3	divu	x31,x21,x29	 x21:0x0000051e x29:0xffffffff x31=0x00000000
       71405000	      7041	800090d4	8d1d	c.sub	x10,x15	 x10:0x00000170 x15:0x3b9b1a34 x10=0xc464e73c
       71415000	      7042	800090d6	02a88663	beq	x17,x10,80009102	 x17:0x001fffff x10:0xc464e73c
       71425000	      7043	800090da	004b5893	srli	x17,x22,0x4	 x22:0x1281d1de x17=0x01281d1d
       71435000	      7044	800090de	1b050037	lui	x0,0x1b050	  x0=0x00000000
       71445000	      7045	800090e2	6295	c.lui	x5,0x5	  x5=0x00005000
       71475000	      7048	800090e4	02f488b3	mul	x17,x9,x15	  x9:0xffffffff x15:0x3b9b1a34 x17=0xc464e5cc
       71485000	      7049	800090e8	8449	c.srai	x8,0x12	  x8:0x1281d001  x8=0x000004a0
       71495000	      7050	800090ea	8fc5	c.or	x15,x9	 x15:0x3b9b1a34  x9:0xffffffff x15=0xffffffff
       71505000	      7051	800090ec	8c55	c.or	x8,x13	  x8:0x000004a0 x13:0x00043c18  x8=0x00043cb8
       71515000	      7052	800090ee	00a6e963	bltu	x13,x10,80009100	 x13:0x00043c18 x10:0xc464e73c
       71535000	      7054	80009100	8c05	c.sub	x8,x9	  x8:0x00043cb8  x9:0xffffffff  x8=0x00043cb9
       71545000	      7055	80009102	0ff0000f	fence	iorw,iorw	
       71555000	      7056	80009106	0001	c.addi	x0,0	  x0:0x00000000  x0=0x00000000
       71565000	      7057	80009108	01a7ddb3	srl	x27,x15,x26	 x15:0xffffffff x26:0x80025ce4 x27=0x0fffffff
       71575000	      7058	8000910c	018dbf33	sltu	x30,x27,x24	 x27:0x0fffffff x24:0x00000000 x30=0x00000000
       71585000	      7059	80009110	bb1b0797	auipc	x15,0xbb1b0	 x15=0x3b1b9110
       71595000	      7060	80009114	0001	c.addi	x0,0	  x0:0x00000000  x0=0x00000000
       71605000	      7061	80009116	87fe	c.mv	x15,x31	  x0:0x00000000 x31:0x00000000 x15=0x00000000
       71615000	      7062	80009118	67f1	c.lui	x15,0x1c	 x15=0x0001c000
       71625000	      7063	8000911a	005f6413	ori	x8,x30,5	 x30:0x00000000  x8=0x00000005
       71635000	      7064	8000911e	8a46	c.mv	x20,x17	  x0:0x00000000 x17:0xc464e5cc x20=0xc464e5cc
       71645000	      7065	80009120	02185863	bge	x16,x1,80009150	 x16:0x00000000  x1:0x00000000
       71665000	      7067	80009150	84ce	c.mv	x9,x19	  x0:0x00000000 x19:0x80021e0c  x9=0x80021e0c
       71675000	      7068	80009152	00897733	and	x14,x18,x8	 x18:0xffffffff  x8:0x00000005 x14=0x00000005
       71685000	      7069	80009156	fd9334b7	lui	x9,0xfd933	  x9=0xfd933000
       71695000	      7070	8000915a	0001	c.addi	x0,0	  x0:0x00000000  x0=0x00000000
       71705000	      7071	8000915c	8823be93	sltiu	x29,x7,-1918	  x7:0xfaeb9c09 x29=0x00000001
       71715000	      7072	80009160	41090ab3	sub	x21,x18,x16	 x18:0xffffffff x16:0x00000000 x21=0xffffffff
       71725000	      7073	80009164	8a8d	c.andi	x13,3	 x13:0x00043c18 x13=0x00000000
       71735000	      7074	80009166	04dde163	bltu	x27,x13,800091a8	 x27:0x0fffffff x13:0x00000000
       71745000	      7075	8000916a	717d	c.addi16sp	x2,-16	  x2:0xffffffd0  x2=0xffffffc0
       71755000	      7076	8000916c	01e5db33	srl	x22,x11,x30	 x11:0x00000140 x30:0x00000000 x22=0x00000140
       71765000	      7077	80009170	002581b3	add	x3,x11,x2	 x11:0x00000140  x2:0xffffffc0  x3=0x00000100
       71775000	      7078	80009174	015cd433	srl	x8,x25,x21	 x25:0x1281d001 x21:0xffffffff  x8=0x00000000
       71785000	      7079	80009178	c591	c.beqz	x11,80009184	 x11:0x00000140
       71795000	      7080	8000917a	1ffd	c.addi	x31,-1	 x31:0x00000000 x31=0xffffffff
       71805000	      7081	8000917c	00efc463	blt	x31,x14,80009184	 x31:0xffffffff x14:0x00000005
       71825000	      7083	80009184	717d	c.addi16sp	x2,-16	  x2:0xffffffc0  x2=0xffffffb0
       71865000	      7087	80009186	0379b6b3	mulhu	x13,x19,x23	 x19:0x80021e0c x23:0x3b9b1c64 x13=0x1dce0c67
       72235000	      7124	8000918a	02fdeab3	rem	x21,x27,x15	 x27:0x0fffffff x15:0x0001c000 x21=0x0000ffff
       72245000	      7125	8000918e	04e9	c.addi	x9,26	  x9:0xfd933000  x9=0xfd93301a
       72265000	      7127	80009190	0287f633	remu	x12,x15,x8	 x15:0x0001c000  x8:0x00000000 x12=0x0001c000
       72275000	      7128	80009194	005758b3	srl	x17,x14,x5	 x14:0x00000005  x5:0x00005000 x17=0x00000005
       72285000	      7129	80009198	8f76	c.mv	x30,x29	  x0:0x00000000 x29:0x00000001 x30=0x00000001
       72325000	      7133	8000919a	035e9633	mulh	x12,x29,x21	 x29:0x00000001 x21:0x0000ffff x12=0x00000000
       72335000	      7134	8000919e	40abd233	sra	x4,x23,x10	 x23:0x3b9b1c64 x10:0xc464e73c  x4=0x00000003
       72345000	      7135	800091a2	3055f213	andi	x4,x11,773	 x11:0x00000140  x4=0x00000100
       72355000	      7136	800091a6	ea99	c.bnez	x13,800091bc	 x13:0x1dce0c67
       72375000	      7138	800091bc	6149	c.addi16sp	x2,144	  x2:0xffffffb0  x2=0x00000040
       72385000	      7139	800091be	411d5b33	sra	x22,x26,x17	 x26:0x80025ce4 x17:0x00000005 x22=0xfc0012e7
       72395000	      7140	800091c2	400a5b33	sra	x22,x20,x0	 x20:0xc464e5cc  x0:0x00000000 x22=0xc464e5cc
       72405000	      7141	800091c6	0001	c.addi	x0,0	  x0:0x00000000  x0=0x00000000
       72415000	      7142	800091c8	523cf093	andi	x1,x25,1315	 x25:0x1281d001  x1=0x00000001
       72425000	      7143	800091cc	b2bb7b93	andi	x23,x22,-1237	 x22:0xc464e5cc x23=0xc464e108
       72465000	      7147	800091d0	02b03433	mulhu	x8,x0,x11	  x0:0x00000000 x11:0x00000140  x8=0x00000000
       72835000	      7184	800091d4	03a9c233	div	x4,x19,x26	 x19:0x80021e0c x26:0x80025ce4  x4=0x00000001
       72845000	      7185	800091d8	8956	c.mv	x18,x21	  x0:0x00000000 x21:0x0000ffff x18=0x0000ffff
       72855000	      7186	800091da	0001	c.addi	x0,0	  x0:0x00000000  x0=0x00000000
       72865000	      7187	800091dc	997d	c.andi	x10,-1	 x10:0xc464e73c x10=0xc464e73c
       72875000	      7188	800091de	01d957b3	srl	x15,x18,x29	 x18:0x0000ffff x29:0x00000001 x15=0x00007fff
       72885000	      7189	800091e2	841ee713	ori	x14,x29,-1983	 x29:0x00000001 x14=0xfffff841
       72895000	      7190	800091e6	0001	c.addi	x0,0	  x0:0x00000000  x0=0x00000000
       72905000	      7191	800091e8	011e4b33	xor	x22,x28,x17	 x28:0x000000e8 x17:0x00000005 x22=0x000000ed
       72915000	      7192	800091ec	82ce	c.mv	x5,x19	  x0:0x00000000 x19:0x80021e0c  x5=0x80021e0c
       72925000	      7193	800091ee	b3d16b93	ori	x23,x2,-1219	  x2:0x00000040 x23=0xfffffb7d
       73295000	      7230	800091f2	039a4433	div	x8,x20,x25	 x20:0xc464e5cc x25:0x1281d001  x8=0xfffffffd
       73305000	      7231	800091f6	50e9a317	auipc	x6,0x50e9a	  x6=0xd0ea31f6
       73315000	      7232	800091fa	8cc9	c.or	x9,x10	  x9:0xfd93301a x10:0xc464e73c  x9=0xfdf7f73e
       73325000	      7233	800091fc	e709	c.bnez	x14,80009206	 x14:0xfffff841
       73345000	      7235	80009206	823d	c.srli	x12,0xf	 x12:0x00000000 x12=0x00000000
       73355000	      7236	80009208	bf65f793	andi	x15,x11,-1034	 x11:0x00000140 x15=0x00000140
       73365000	      7237	8000920c	6a190913	addi	x18,x18,1697	 x18:0x0000ffff x18=0x000106a0
       73375000	      7238	80009210	00127033	and	x0,x4,x1	  x4:0x00000001  x1:0x00000001  x0=0x00000000
       73385000	      7239	80009214	004ade33	srl	x28,x21,x4	 x21:0x0000ffff  x4:0x00000001 x28=0x00007fff
       73395000	      7240	80009218	167d	c.addi	x12,-1	 x12:0x00000000 x12=0xffffffff
       73765000	      7277	8000921a	03a16a33	rem	x20,x2,x26	  x2:0x00000040 x26:0x80025ce4 x20=0x00000040
       73775000	      7278	8000921e	002e5793	srli	x15,x28,0x2	 x28:0x00007fff x15=0x00001fff
       73785000	      7279	80009222	00e6c263	blt	x13,x14,80009226	 x13:0x1dce0c67 x14:0xfffff841
       73795000	      7280	80009226	86c5	c.srai	x13,0x11	 x13:0x1dce0c67 x13=0x00000ee7
       73805000	      7281	80009228	00232533	slt	x10,x6,x2	  x6:0xd0ea31f6  x2:0x00000040 x10=0x00000001
       73815000	      7282	8000922c	00828b33	add	x22,x5,x8	  x5:0x80021e0c  x8:0xfffffffd x22=0x80021e09
       73825000	      7283	80009230	0013ee33	or	x28,x7,x1	  x7:0xfaeb9c09  x1:0x00000001 x28=0xfaeb9c09
       73835000	      7284	80009234	4093de93	srai	x29,x7,0x9	  x7:0xfaeb9c09 x29=0xfffd75ce
       73845000	      7285	80009238	0ff0000f	fence	iorw,iorw	
       73855000	      7286	8000923c	0001	c.addi	x0,0	  x0:0x00000000  x0=0x00000000
       73865000	      7287	8000923e	0117dfb3	srl	x31,x15,x17	 x15:0x00001fff x17:0x00000005 x31=0x000000ff
       74235000	      7324	80009242	02b8d4b3	divu	x9,x17,x11	 x17:0x00000005 x11:0x00000140  x9=0x00000000
       74245000	      7325	80009246	cd91	c.beqz	x11,80009262	 x11:0x00000140
       74255000	      7326	80009248	00335c93	srli	x25,x6,0x3	  x6:0xd0ea31f6 x25=0x1a1d463e
       74265000	      7327	8000924c	01672a33	slt	x20,x14,x22	 x14:0xfffff841 x22:0x80021e09 x20=0x00000000
       74275000	      7328	80009250	eb0a7f93	andi	x31,x20,-336	 x20:0x00000000 x31=0x00000000
       74285000	      7329	80009254	ef19	c.bnez	x14,80009272	 x14:0xfffff841
       74315000	      7332	80009272	a430af93	slti	x31,x1,-1469	  x1:0x00000001 x31=0x00000000
       74685000	      7369	80009276	0243e833	rem	x16,x7,x4	  x7:0xfaeb9c09  x4:0x00000001 x16=0x00000000
       74725000	      7373	8000927a	03a09033	mulh	x0,x1,x26	  x1:0x00000001 x26:0x80025ce4  x0=0x00000000
       74765000	      7377	8000927e	02881e33	mulh	x28,x16,x8	 x16:0x00000000  x8:0xfffffffd x28=0x00000000
       74775000	      7378	80009282	8c89	c.sub	x9,x10	  x9:0x00000000 x10:0x00000001  x9=0xffffffff
       74785000	      7379	80009284	0c5d	c.addi	x24,23	 x24:0x00000000 x24=0x00000017
       74795000	      7380	80009286	02a5	c.addi	x5,9	  x5:0x80021e0c  x5=0x80021e15
       75165000	      7417	80009288	033de033	rem	x0,x27,x19	 x27:0x0fffffff x19:0x80021e0c  x0=0x00000000
       75175000	      7418	8000928c	01b2b5b3	sltu	x11,x5,x27	  x5:0x80021e15 x27:0x0fffffff x11=0x00000000
       75185000	      7419	80009290	c405	c.beqz	x8,800092b8	  x8:0xfffffffd
       75195000	      7420	80009292	86b1	c.srai	x13,0xc	 x13:0x00000ee7 x13=0x00000000
       75205000	      7421	80009294	0001	c.addi	x0,0	  x0:0x00000000  x0=0x00000000
       75215000	      7422	80009296	4143df93	srai	x31,x7,0x14	  x7:0xfaeb9c09 x31=0xffffffae
       75225000	      7423	8000929a	ed826593	ori	x11,x4,-296	  x4:0x00000001 x11=0xfffffed9
       75235000	      7424	8000929e	60d9	c.lui	x1,0x16	  x1=0x00016000
       75245000	      7425	800092a0	417580b3	sub	x1,x11,x23	 x11:0xfffffed9 x23:0xfffffb7d  x1=0x0000035c
       75255000	      7426	800092a4	007fa0b3	slt	x1,x31,x7	 x31:0xffffffae  x7:0xfaeb9c09  x1=0x00000000
       75265000	      7427	800092a8	597d	c.li	x18,-1	 x18=0xffffffff
       75275000	      7428	800092aa	000d26b3	slt	x13,x26,x0	 x26:0x80025ce4  x0:0x00000000 x13=0x00000001
       75285000	      7429	800092ae	717d	c.addi16sp	x2,-16	  x2:0x00000040  x2=0x00000030
       75295000	      7430	800092b0	01581c33	sll	x24,x16,x21	 x16:0x00000000 x21:0x0000ffff x24=0x00000000
       75305000	      7431	800092b4	01e0c263	blt	x1,x30,800092b8	  x1:0x00000000 x30:0x00000001
       75325000	      7433	800092b8	0114ea33	or	x20,x9,x17	  x9:0xffffffff x17:0x00000005 x20=0xffffffff
       75335000	      7434	800092bc	01ce74b3	and	x9,x28,x28	 x28:0x00000000 x28:0x00000000  x9=0x00000000
       75375000	      7438	800092c0	028b9b33	mulh	x22,x23,x8	 x23:0xfffffb7d  x8:0xfffffffd x22=0x00000000
       75385000	      7439	800092c4	865d	c.srai	x12,0x17	 x12:0xffffffff x12=0xffffffff
       75395000	      7440	800092c6	00033633	sltu	x12,x6,x0	  x6:0xd0ea31f6  x0:0x00000000 x12=0x00000000
       75405000	      7441	800092ca	019f0233	add	x4,x30,x25	 x30:0x00000001 x25:0x1a1d463e  x4=0x1a1d463f
       75415000	      7442	800092ce	8d9d	c.sub	x11,x15	 x11:0xfffffed9 x15:0x00001fff x11=0xffffdeda
       75425000	      7443	800092d0	0001	c.addi	x0,0	  x0:0x00000000  x0=0x00000000
       75435000	      7444	800092d2	997d	c.andi	x10,-1	 x10:0x00000001 x10=0x00000001
       75445000	      7445	800092d4	0ff0000f	fence	iorw,iorw	
       75455000	      7446	800092d8	27c56817	auipc	x16,0x27c56	 x16=0xa7c5f2d8
       75495000	      7450	800092dc	022ea033	mulhsu	x0,x29,x2	 x29:0xfffd75ce  x2:0x00000030  x0=0x00000000
       75515000	      7452	800092e0	03ccd033	divu	x0,x25,x28	 x25:0x1a1d463e x28:0x00000000  x0=0x00000000
       75525000	      7453	800092e4	ce0d	c.beqz	x12,8000931e	 x12:0x00000000
       75555000	      7456	8000931e	833d8293	addi	x5,x27,-1997	 x27:0x0fffffff  x5=0x0ffff832
       75565000	      7457	80009322	e601	c.bnez	x12,8000932a	 x12:0x00000000
       75575000	      7458	80009324	87a5	c.srai	x15,0x9	 x15:0x00001fff x15=0x0000000f
       75585000	      7459	80009326	1870c193	xori	x3,x1,391	  x1:0x00000000  x3=0x00000187
       75595000	      7460	8000932a	41a9	c.li	x3,10	  x3=0x0000000a
       75605000	      7461	8000932c	00e732b3	sltu	x5,x14,x14	 x14:0xfffff841 x14:0xfffff841  x5=0x00000000
       75615000	      7462	80009330	1dcc7517	auipc	x10,0x1dcc7	 x10=0x9dcd0330
       75655000	      7466	80009334	0250a433	mulhsu	x8,x1,x5	  x1:0x00000000  x5:0x00000000  x8=0x00000000
       75665000	      7467	80009338	010e	c.slli	x2,0x3	  x2:0x00000030  x2=0x00000180
       75675000	      7468	8000933a	00137fb3	and	x31,x6,x1	  x6:0xd0ea31f6  x1:0x00000000 x31=0x00000000
       75685000	      7469	8000933e	0001	c.addi	x0,0	  x0:0x00000000  x0=0x00000000
       75695000	      7470	80009340	01f71093	slli	x1,x14,0x1f	 x14:0xfffff841  x1=0x80000000
       75705000	      7471	80009344	40ac54b3	sra	x9,x24,x10	 x24:0x00000000 x10:0x9dcd0330  x9=0x00000000
       75715000	      7472	80009348	0001	c.addi	x0,0	  x0:0x00000000  x0=0x00000000
       75725000	      7473	8000934a	9afd	c.andi	x13,-1	 x13:0x00000001 x13=0x00000001
       75735000	      7474	8000934c	800d	c.srli	x8,0x3	  x8:0x00000000  x8=0x00000000
       76105000	      7511	8000934e	03756833	rem	x16,x10,x23	 x10:0x9dcd0330 x23:0xfffffb7d x16=0xfffffdfa
       76115000	      7512	80009352	0df54893	xori	x17,x10,223	 x10:0x9dcd0330 x17=0x9dcd03ef
       76125000	      7513	80009356	717d	c.addi16sp	x2,-16	  x2:0x00000180  x2=0x00000170
       76135000	      7514	80009358	009d50b3	srl	x1,x26,x9	 x26:0x80025ce4  x9:0x00000000  x1=0x80025ce4
       76145000	      7515	8000935c	86fd	c.srai	x13,0x1f	 x13:0x00000001 x13=0x00000000
       76155000	      7516	8000935e	0001	c.addi	x0,0	  x0:0x00000000  x0=0x00000000
       76165000	      7517	80009360	c019	c.beqz	x8,80009366	  x8:0x00000000
       76195000	      7520	80009366	419cd213	srai	x4,x25,0x19	 x25:0x1a1d463e  x4=0x0000000d
       76205000	      7521	8000936a	00aaf833	and	x16,x21,x10	 x21:0x0000ffff x10:0x9dcd0330 x16=0x00000330
       76215000	      7522	8000936e	015b97b3	sll	x15,x23,x21	 x23:0xfffffb7d x21:0x0000ffff x15=0x80000000
       76225000	      7523	80009372	1a7d	c.addi	x20,-1	 x20:0xffffffff x20=0xfffffffe
       76235000	      7524	80009374	0ff0000f	fence	iorw,iorw	
       76245000	      7525	80009378	997d	c.andi	x10,-1	 x10:0x9dcd0330 x10=0x9dcd0330
       76265000	      7527	8000937a	036f4933	div	x18,x30,x22	 x30:0x00000001 x22:0x00000000 x18=0xffffffff
       76275000	      7528	8000937e	017e2733	slt	x14,x28,x23	 x28:0x00000000 x23:0xfffffb7d x14=0x00000000
       76285000	      7529	80009382	002b35b3	sltu	x11,x22,x2	 x22:0x00000000  x2:0x00000170 x11=0x00000001
       76295000	      7530	80009386	90f2	c.add	x1,x28	  x1:0x80025ce4 x28:0x00000000  x1=0x80025ce4
       76305000	      7531	80009388	002c4eb3	xor	x29,x24,x2	 x24:0x00000000  x2:0x00000170 x29=0x00000170
       76325000	      7533	8000938c	02ded133	divu	x2,x29,x13	 x29:0x00000170 x13:0x00000000  x2=0xffffffff
       76335000	      7534	80009390	cd9d	c.beqz	x11,800093ce	 x11:0x00000001
       76345000	      7535	80009392	62f6f613	andi	x12,x13,1583	 x13:0x00000000 x12=0x00000000
       76355000	      7536	80009396	412fde93	srai	x29,x31,0x12	 x31:0x00000000 x29=0x00000000
       76365000	      7537	8000939a	0001	c.addi	x0,0	  x0:0x00000000  x0=0x00000000
       76375000	      7538	8000939c	8e45	c.or	x12,x9	 x12:0x00000000  x9:0x00000000 x12=0x00000000
       76385000	      7539	8000939e	0001	c.addi	x0,0	  x0:0x00000000  x0=0x00000000
       76755000	      7576	800093a0	037b4333	div	x6,x22,x23	 x22:0x00000000 x23:0xfffffb7d  x6=0x00000000
       76765000	      7577	800093a4	00ae9113	slli	x2,x29,0xa	 x29:0x00000000  x2=0x00000000
       76775000	      7578	800093a8	60e0aa93	slti	x21,x1,1550	  x1:0x80025ce4 x21=0x00000001
       76785000	      7579	800093ac	0028cbb3	xor	x23,x17,x2	 x17:0x9dcd03ef  x2:0x00000000 x23=0x9dcd03ef
       76795000	      7580	800093b0	00f35593	srli	x11,x6,0xf	  x6:0x00000000 x11=0x00000000
       76805000	      7581	800093b4	8d0d	c.sub	x10,x11	 x10:0x9dcd0330 x11:0x00000000 x10=0x9dcd0330
       76815000	      7582	800093b6	0001	c.addi	x0,0	  x0:0x00000000  x0=0x00000000
       76825000	      7583	800093b8	98fd	c.andi	x9,-1	  x9:0x00000000  x9=0x00000000
       76835000	      7584	800093ba	001eeeb3	or	x29,x29,x1	 x29:0x00000000  x1:0x80025ce4 x29=0x80025ce4
       76845000	      7585	800093be	94333517	auipc	x10,0x94333	 x10=0x1433c3be
       76855000	      7586	800093c2	b5ce8413	addi	x8,x29,-1188	 x29:0x80025ce4  x8=0x80025840
       76865000	      7587	800093c6	8d51	c.or	x10,x12	 x10:0x1433c3be x12:0x00000000 x10=0x1433c3be
       76875000	      7588	800093c8	c49d	c.beqz	x9,800093f6	  x9:0x00000000
       76895000	      7590	800093f6	876e	c.mv	x14,x27	  x0:0x00000000 x27:0x0fffffff x14=0x0fffffff
       76905000	      7591	800093f8	a92f3f13	sltiu	x30,x30,-1390	 x30:0x00000001 x30=0x00000001
       76915000	      7592	800093fc	01229c93	slli	x25,x5,0x12	  x5:0x00000000 x25=0x00000000
       76925000	      7593	80009400	417bd133	sra	x2,x23,x23	 x23:0x9dcd03ef x23:0x9dcd03ef  x2=0xffff3b9a
       76935000	      7594	80009404	0001	c.addi	x0,0	  x0:0x00000000  x0=0x00000000
       76945000	      7595	80009406	03909063	bne	x1,x25,80009426	  x1:0x80025ce4 x25:0x00000000
       76975000	      7598	80009426	4171dc93	srai	x25,x3,0x17	  x3:0x0000000a x25=0x00000000
       76985000	      7599	8000942a	52383793	sltiu	x15,x16,1315	 x16:0x00000330 x15=0x00000001
       76995000	      7600	8000942e	0014dd63	bge	x9,x1,80009448	  x9:0x00000000  x1:0x80025ce4
       77015000	      7602	80009448	004d9963	bne	x27,x4,8000945a	 x27:0x0fffffff  x4:0x0000000d
       77045000	      7605	8000945a	018e6e33	or	x28,x28,x24	 x28:0x00000000 x24:0x00000000 x28=0x00000000
       77055000	      7606	8000945e	9bfd	c.andi	x15,-1	 x15:0x00000001 x15=0x00000001
       77065000	      7607	80009460	0001	c.addi	x0,0	  x0:0x00000000  x0=0x00000000
       77075000	      7608	80009462	0379ea63	bltu	x19,x23,80009496	 x19:0x80021e0c x23:0x9dcd03ef
       77465000	      7647	80009496	02eb77b3	remu	x15,x22,x14	 x22:0x00000000 x14:0x0fffffff x15=0x00000000
       77475000	      7648	8000949a	00477cb3	and	x25,x14,x4	 x14:0x0fffffff  x4:0x0000000d x25=0x0000000d
       77485000	      7649	8000949e	c913c713	xori	x14,x7,-879	  x7:0xfaeb9c09 x14=0x05146098
       77855000	      7686	800094a2	031377b3	remu	x15,x6,x17	  x6:0x00000000 x17:0x9dcd03ef x15=0x00000000
       77865000	      7687	800094a6	6129	c.addi16sp	x2,192	  x2:0xffff3b9a  x2=0xffff3c5a
       77875000	      7688	800094a8	c305	c.beqz	x14,800094c8	 x14:0x05146098
       77895000	      7690	800094aa	03c0c833	div	x16,x1,x28	  x1:0x80025ce4 x28:0x00000000 x16=0xffffffff
       77905000	      7691	800094ae	017961b3	or	x3,x18,x23	 x18:0xffffffff x23:0x9dcd03ef  x3=0xffffffff
       77915000	      7692	800094b2	0001	c.addi	x0,0	  x0:0x00000000  x0=0x00000000
       77925000	      7693	800094b4	037dd963	bge	x27,x23,800094e6	 x27:0x0fffffff x23:0x9dcd03ef
       77955000	      7696	800094e6	014c98b3	sll	x17,x25,x20	 x25:0x0000000d x20:0xfffffffe x17=0x40000000
       77965000	      7697	800094ea	01975cb3	srl	x25,x14,x25	 x14:0x05146098 x25:0x0000000d x25=0x000028a3
       77975000	      7698	800094ee	8311	c.srli	x14,0x4	 x14:0x05146098 x14=0x00514609
       77985000	      7699	800094f0	8241	c.srli	x12,0x10	 x12:0x00000000 x12=0x00000000
       77995000	      7700	800094f2	8586	c.mv	x11,x1	  x0:0x00000000  x1:0x80025ce4 x11=0x80025ce4
       78005000	      7701	800094f4	00166263	bltu	x12,x1,800094f8	 x12:0x00000000  x1:0x80025ce4
       78035000	      7704	800094f8	02c8f8b3	remu	x17,x17,x12	 x17:0x40000000 x12:0x00000000 x17=0x40000000
       78045000	      7705	800094fc	4a474f93	xori	x31,x14,1188	 x14:0x00514609 x31=0x005142ad
       78055000	      7706	80009500	804c4013	xori	x0,x24,-2044	 x24:0x00000000  x0=0x00000000
       78065000	      7707	80009504	0000100f	fence.i	
       78085000	      7709	80009508	6959	c.lui	x18,0x16	 x18=0x00016000
       78095000	      7710	8000950a	8d9d	c.sub	x11,x15	 x11:0x80025ce4 x15:0x00000000 x11=0x80025ce4
       78105000	      7711	8000950c	06ee	c.slli	x13,0x1b	 x13:0x00000000 x13=0x00000000
       78475000	      7748	8000950e	03597633	remu	x12,x18,x21	 x18:0x00016000 x21:0x00000001 x12=0x00000000
       78845000	      7785	80009512	033956b3	divu	x13,x18,x19	 x18:0x00016000 x19:0x80021e0c x13=0x00000000
       78855000	      7786	80009516	00c19d63	bne	x3,x12,80009530	  x3:0xffffffff x12:0x00000000
       78875000	      7788	80009530	e491	c.bnez	x9,8000953c	  x9:0x00000000
       78885000	      7789	80009532	d5fe4693	xori	x13,x28,-673	 x28:0x00000000 x13=0xfffffd5f
       78895000	      7790	80009536	eb95	c.bnez	x15,8000956a	 x15:0x00000000
       78905000	      7791	80009538	01335233	srl	x4,x6,x19	  x6:0x00000000 x19:0x80021e0c  x4=0x00000000
       78915000	      7792	8000953c	0000100f	fence.i	
       78945000	      7795	80009540	036f5433	divu	x8,x30,x22	 x30:0x00000001 x22:0x00000000  x8=0xffffffff
       78955000	      7796	80009544	8255	c.srli	x12,0x15	 x12:0x00000000 x12=0x00000000
       78965000	      7797	80009546	01ab74b3	and	x9,x22,x26	 x22:0x00000000 x26:0x80025ce4  x9=0x00000000
       78975000	      7798	8000954a	6229	c.lui	x4,0xa	  x4=0x0000a000
       78985000	      7799	8000954c	0126a1b3	slt	x3,x13,x18	 x13:0xfffffd5f x18:0x00016000  x3=0x00000001
       79355000	      7836	80009550	028ee2b3	rem	x5,x29,x8	 x29:0x80025ce4  x8:0xffffffff  x5=0x00000000
       79365000	      7837	80009554	01d31b33	sll	x22,x6,x29	  x6:0x00000000 x29:0x80025ce4 x22=0x00000000
       79375000	      7838	80009558	86a2	c.mv	x13,x8	  x0:0x00000000  x8:0xffffffff x13=0xffffffff
       79385000	      7839	8000955a	35ecb697	auipc	x13,0x35ecb	 x13=0xb5ed455a
       79395000	      7840	8000955e	00e69663	bne	x13,x14,8000956a	 x13:0xb5ed455a x14:0x00514609
       79425000	      7843	8000956a	412fd733	sra	x14,x31,x18	 x31:0x005142ad x18:0x00016000 x14=0x005142ad
       79435000	      7844	8000956e	41f3d593	srai	x11,x7,0x1f	  x7:0xfaeb9c09 x11=0xffffffff
       79445000	      7845	80009572	952aab97	auipc	x23,0x952aa	 x23=0x152b3572
       79455000	      7846	80009576	1a0c	c.addi4spn	x11,x2,304	 x11=0xffff3d8a
       79465000	      7847	80009578	00d0d263	bge	x1,x13,8000957c	  x1:0x80025ce4 x13:0xb5ed455a
       79475000	      7848	8000957c	97232e93	slti	x29,x6,-1678	  x6:0x00000000 x29=0x00000000
       79485000	      7849	80009580	40115833	sra	x16,x2,x1	  x2:0xffff3c5a  x1:0x80025ce4 x16=0xfffff3c5
       79495000	      7850	80009584	003c0f63	beq	x24,x3,800095a2	 x24:0x00000000  x3:0x00000001
       79505000	      7851	80009588	405addb3	sra	x27,x21,x5	 x21:0x00000001  x5:0x00000000 x27=0x00000001
       79875000	      7888	8000958c	02ad44b3	div	x9,x26,x10	 x26:0x80025ce4 x10:0x1433c3be  x9=0xfffffffa
       79885000	      7889	80009590	0001	c.addi	x0,0	  x0:0x00000000  x0=0x00000000
       79895000	      7890	80009592	a0acf713	andi	x14,x25,-1526	 x25:0x000028a3 x14=0x00002802
       79905000	      7891	80009596	669c7e13	andi	x28,x24,1641	 x24:0x00000000 x28=0x00000000
       79915000	      7892	8000959a	01184f33	xor	x30,x16,x17	 x16:0xfffff3c5 x17:0x40000000 x30=0xbffff3c5
       79925000	      7893	8000959e	00e33fb3	sltu	x31,x6,x14	  x6:0x00000000 x14:0x00002802 x31=0x00000001
       79935000	      7894	800095a2	00616d63	bltu	x2,x6,800095bc	  x2:0xffff3c5a  x6:0x00000000
       79975000	      7898	800095a6	03caa7b3	mulhsu	x15,x21,x28	 x21:0x00000001 x28:0x00000000 x15=0x00000000
       79985000	      7899	800095aa	148c	c.addi4spn	x11,x2,608	 x11=0xffff3eba
       79995000	      7900	800095ac	0806	c.slli	x16,0x1	 x16:0xfffff3c5 x16=0xffffe78a
       80005000	      7901	800095ae	008c5f33	srl	x30,x24,x8	 x24:0x00000000  x8:0xffffffff x30=0x00000000
       80025000	      7903	800095b2	02cb7933	remu	x18,x22,x12	 x22:0x00000000 x12:0x00000000 x18=0x00000000
       80035000	      7904	800095b6	028b1063	bne	x22,x8,800095d6	 x22:0x00000000  x8:0xffffffff
       80055000	      7906	800095d6	6141	c.addi16sp	x2,16	  x2:0xffff3c5a  x2=0xffff3c6a
       80065000	      7907	800095d8	717d	c.addi16sp	x2,-16	  x2:0xffff3c6a  x2=0xffff3c5a
       80075000	      7908	800095da	6ec5	c.lui	x29,0x11	 x29=0x00011000
       80085000	      7909	800095dc	0ff0000f	fence	iorw,iorw	
       80095000	      7910	800095e0	0000100f	fence.i	
       80115000	      7912	800095e4	01301e93	slli	x29,x0,0x13	  x0:0x00000000 x29=0x00000000
       80125000	      7913	800095e8	c61d	c.beqz	x12,80009616	 x12:0x00000000
       80155000	      7916	80009616	020ae263	bltu	x21,x0,8000963a	 x21:0x00000001  x0:0x00000000
       80165000	      7917	8000961a	0001	c.addi	x0,0	  x0:0x00000000  x0=0x00000000
       80175000	      7918	8000961c	00b40f63	beq	x8,x11,8000963a	  x8:0xffffffff x11:0xffff3eba
       80185000	      7919	80009620	01a3de63	bge	x7,x26,8000963c	  x7:0xfaeb9c09 x26:0x80025ce4
       80205000	      7921	8000963c	04aac063	blt	x21,x10,8000967c	 x21:0x00000001 x10:0x1433c3be
       80235000	      7924	8000967c	025a7ab3	remu	x21,x20,x5	 x20:0xfffffffe  x5:0x00000000 x21=0xfffffffe
       80245000	      7925	80009680	1214	c.addi4spn	x13,x2,288	 x13=0xffff3d7a
       80255000	      7926	80009682	8219	c.srli	x12,0x6	 x12:0x00000000 x12=0x00000000
       80265000	      7927	80009684	413bd193	srai	x3,x23,0x13	 x23:0x152b3572  x3=0x000002a5
       80275000	      7928	80009688	1004	c.addi4spn	x9,x2,32	  x9=0xffff3c7a
       80285000	      7929	8000968a	409688b3	sub	x17,x13,x9	 x13:0xffff3d7a  x9:0xffff3c7a x17=0x00000100
       80295000	      7930	8000968e	3b178f13	addi	x30,x15,945	 x15:0x00000000 x30=0x000003b1
       80305000	      7931	80009692	0ff0000f	fence	iorw,iorw	
       80315000	      7932	80009696	7874ad93	slti	x27,x9,1927	  x9:0xffff3c7a x27=0x00000001
       80325000	      7933	8000969a	0057cab3	xor	x21,x15,x5	 x15:0x00000000  x5:0x00000000 x21=0x00000000
       80335000	      7934	8000969e	8a61	c.andi	x12,24	 x12:0x00000000 x12=0x00000000
       80365000	      7937	800096a0	03890ab3	mul	x21,x18,x24	 x18:0x00000000 x24:0x00000000 x21=0x00000000
       80375000	      7938	800096a4	d14c4493	xori	x9,x24,-748	 x24:0x00000000  x9=0xfffffd14
       80415000	      7942	800096a8	021712b3	mulh	x5,x14,x1	 x14:0x00002802  x1:0x80025ce4  x5=0xffffebff
       80425000	      7943	800096ac	01681633	sll	x12,x16,x22	 x16:0xffffe78a x22:0x00000000 x12=0xffffe78a
       80795000	      7980	800096b0	0250c4b3	div	x9,x1,x5	  x1:0x80025ce4  x5:0xffffebff  x9=0x000665f6
       80805000	      7981	800096b4	8e39	c.xor	x12,x14	 x12:0xffffe78a x14:0x00002802 x12=0xffffcf88
       80815000	      7982	800096b6	8a81	c.andi	x13,0	 x13:0xffff3d7a x13=0x00000000
       80825000	      7983	800096b8	0022feb3	and	x29,x5,x2	  x5:0xffffebff  x2:0xffff3c5a x29=0xffff285a
       80835000	      7984	800096bc	8f5d	c.or	x14,x15	 x14:0x00002802 x15:0x00000000 x14=0x00002802
       80845000	      7985	800096be	fa682693	slti	x13,x16,-90	 x16:0xffffe78a x13=0x00000001
       80855000	      7986	800096c2	010a9f33	sll	x30,x21,x16	 x21:0x00000000 x16:0xffffe78a x30=0x00000000
       80865000	      7987	800096c6	05e6ce13	xori	x28,x13,94	 x13:0x00000001 x28=0x0000005f
       80875000	      7988	800096ca	005775b3	and	x11,x14,x5	 x14:0x00002802  x5:0xffffebff x11=0x00002802
       80885000	      7989	800096ce	00673e33	sltu	x28,x14,x6	 x14:0x00002802  x6:0x00000000 x28=0x00000000
       80895000	      7990	800096d2	0058ceb3	xor	x29,x17,x5	 x17:0x00000100  x5:0xffffebff x29=0xffffeaff
       80905000	      7991	800096d6	00f328b3	slt	x17,x6,x15	  x6:0x00000000 x15:0x00000000 x17=0x00000000
       80915000	      7992	800096da	00ec5b63	bge	x24,x14,800096f0	 x24:0x00000000 x14:0x00002802
       80925000	      7993	800096de	455d	c.li	x10,23	 x10=0x00000017
       80935000	      7994	800096e0	40c65633	sra	x12,x12,x12	 x12:0xffffcf88 x12:0xffffcf88 x12=0xffffffcf
       80955000	      7996	800096e4	03c6d533	divu	x10,x13,x28	 x13:0x00000001 x28:0x00000000 x10=0xffffffff
       80965000	      7997	800096e8	717d	c.addi16sp	x2,-16	  x2:0xffff3c5a  x2=0xffff3c4a
       80975000	      7998	800096ea	006b1493	slli	x9,x22,0x6	 x22:0x00000000  x9=0x00000000
       80985000	      7999	800096ee	0a2a	c.slli	x20,0xa	 x20:0xfffffffe x20=0xfffff800
       80995000	      8000	800096f0	0ff0000f	fence	iorw,iorw	
       81005000	      8001	800096f4	8f01	c.sub	x14,x8	 x14:0x00002802  x8:0xffffffff x14=0x00002803
       81015000	      8002	800096f6	41408033	sub	x0,x1,x20	  x1:0x80025ce4 x20:0xfffff800  x0=0x00000000
       81025000	      8003	800096fa	07e6	c.slli	x15,0x19	 x15:0x00000000 x15=0x00000000
       81035000	      8004	800096fc	41ad5793	srai	x15,x26,0x1a	 x26:0x80025ce4 x15=0xffffffe0
       81045000	      8005	80009700	d3da2293	slti	x5,x20,-707	 x20:0xfffff800  x5=0x00000001
       81055000	      8006	80009704	02be0263	beq	x28,x11,80009728	 x28:0x00000000 x11:0x00002802
       81065000	      8007	80009708	010d7333	and	x6,x26,x16	 x26:0x80025ce4 x16:0xffffe78a  x6=0x80024480
       81075000	      8008	8000970c	014650b3	srl	x1,x12,x20	 x12:0xffffffcf x20:0xfffff800  x1=0xffffffcf
       81085000	      8009	80009710	006e5f13	srli	x30,x28,0x6	 x28:0x00000000 x30=0x00000000
       81095000	      8010	80009714	908a	c.add	x1,x2	  x1:0xffffffcf  x2:0xffff3c4a  x1=0xffff3c19
       81135000	      8014	80009716	028aa2b3	mulhsu	x5,x21,x8	 x21:0x00000000  x8:0xffffffff  x5=0x00000000
       81145000	      8015	8000971a	0001	c.addi	x0,0	  x0:0x00000000  x0=0x00000000
       81155000	      8016	8000971c	0ff0000f	fence	iorw,iorw	
       81165000	      8017	80009720	0ff0000f	fence	iorw,iorw	
       81175000	      8018	80009724	004a5013	srli	x0,x20,0x4	 x20:0xfffff800  x0=0x00000000
       81185000	      8019	80009728	1af25e37	lui	x28,0x1af25	 x28=0x1af25000
       81195000	      8020	8000972c	aa25f793	andi	x15,x11,-1374	 x11:0x00002802 x15=0x00002802
       81205000	      8021	80009730	8c09	c.sub	x8,x10	  x8:0xffffffff x10:0xffffffff  x8=0x00000000
       81245000	      8025	80009732	026d9c33	mulh	x24,x27,x6	 x27:0x00000001  x6:0x80024480 x24=0xffffffff
       81255000	      8026	80009736	6da5	c.lui	x27,0x9	 x27=0x00009000
       81265000	      8027	80009738	001c3b33	sltu	x22,x24,x1	 x24:0xffffffff  x1:0xffff3c19 x22=0x00000000
       81275000	      8028	8000973c	814a	c.mv	x2,x18	  x0:0x00000000 x18:0x00000000  x2=0x00000000
       81315000	      8032	8000973e	03e89f33	mulh	x30,x17,x30	 x17:0x00000000 x30:0x00000000 x30=0x00000000
       81325000	      8033	80009742	8531	c.srai	x10,0xc	 x10:0xffffffff x10=0xffffffff
       81335000	      8034	80009744	6a11	c.lui	x20,0x4	 x20=0x00004000
       81345000	      8035	80009746	955e	c.add	x10,x23	 x10:0xffffffff x23:0x152b3572 x10=0x152b3571
       81355000	      8036	80009748	01a84663	blt	x16,x26,80009754	 x16:0xffffe78a x26:0x80025ce4
       81365000	      8037	8000974c	00cfafb3	slt	x31,x31,x12	 x31:0x00000001 x12:0xffffffcf x31=0x00000000
       81375000	      8038	80009750	02c9da63	bge	x19,x12,80009784	 x19:0x80021e0c x12:0xffffffcf
       81385000	      8039	80009754	0ff0000f	fence	iorw,iorw	
       81395000	      8040	80009758	73d257b7	lui	x15,0x73d25	 x15=0x73d25000
       81765000	      8077	8000975c	02d547b3	div	x15,x10,x13	 x10:0x152b3571 x13:0x00000001 x15=0x152b3571
       81775000	      8078	80009760	0ff0000f	fence	iorw,iorw	
       81785000	      8079	80009764	021c5b63	bge	x24,x1,8000979a	 x24:0xffffffff  x1:0xffff3c19
       81805000	      8081	8000979a	921e	c.add	x4,x7	  x4:0x0000a000  x7:0xfaeb9c09  x4=0xfaec3c09
       81815000	      8082	8000979c	8a7e	c.mv	x20,x31	  x0:0x00000000 x31:0x00000000 x20=0x00000000
       81825000	      8083	8000979e	c191	c.beqz	x11,800097a2	 x11:0x00002802
       81835000	      8084	800097a0	0001	c.addi	x0,0	  x0:0x00000000  x0=0x00000000
       81845000	      8085	800097a2	17fd	c.addi	x15,-1	 x15:0x152b3571 x15=0x152b3570
       81855000	      8086	800097a4	8d95	c.sub	x11,x13	 x11:0x00002802 x13:0x00000001 x11=0x00002801
       82225000	      8123	800097a6	0376feb3	remu	x29,x13,x23	 x13:0x00000001 x23:0x152b3572 x29=0x00000001
       82235000	      8124	800097aa	0f98	c.addi4spn	x14,x2,976	 x14=0x000003d0
       82245000	      8125	800097ac	003a9c93	slli	x25,x21,0x3	 x21:0x00000000 x25=0x00000000
       82255000	      8126	800097b0	01369f63	bne	x13,x19,800097ce	 x13:0x00000001 x19:0x80021e0c
       82275000	      8128	800097ce	6115	c.addi16sp	x2,288	  x2:0x00000000  x2=0x00000120
       82285000	      8129	800097d0	e009	c.bnez	x8,800097d2	  x8:0x00000000
       82325000	      8133	800097d2	0316a133	mulhsu	x2,x13,x17	 x13:0x00000001 x17:0x00000000  x2=0x00000000
       82335000	      8134	800097d6	0000100f	fence.i	
       82365000	      8137	800097da	6522e813	ori	x16,x5,1618	  x5:0x00000000 x16=0x00000652
       82375000	      8138	800097de	8709	c.srai	x14,0x2	 x14:0x000003d0 x14=0x000000f4
       82385000	      8139	800097e0	97e2	c.add	x15,x24	 x15:0x152b3570 x24:0xffffffff x15=0x152b356f
       82395000	      8140	800097e2	8069	c.srli	x8,0x1a	  x8:0x00000000  x8=0x00000000
       82405000	      8141	800097e4	010a8eb3	add	x29,x21,x16	 x21:0x00000000 x16:0x00000652 x29=0x00000652
       82415000	      8142	800097e8	013ad5b3	srl	x11,x21,x19	 x21:0x00000000 x19:0x80021e0c x11=0x00000000
       82425000	      8143	800097ec	83c1	c.srli	x15,0x10	 x15:0x152b356f x15=0x0000152b
       82435000	      8144	800097ee	03489463	bne	x17,x20,80009816	 x17:0x00000000 x20:0x00000000
       82475000	      8148	800097f2	03cb2533	mulhsu	x10,x22,x28	 x22:0x00000000 x28:0x1af25000 x10=0x00000000
       82485000	      8149	800097f6	8c41	c.or	x8,x8	  x8:0x00000000  x8:0x00000000  x8=0x00000000
       82495000	      8150	800097f8	407585b3	sub	x11,x11,x7	 x11:0x00000000  x7:0xfaeb9c09 x11=0x051463f7
       82515000	      8152	800097fc	03216133	rem	x2,x2,x18	  x2:0x00000000 x18:0x00000000  x2=0x00000000
       82525000	      8153	80009800	028f5e63	bge	x30,x8,8000983c	 x30:0x00000000  x8:0x00000000
       82545000	      8155	8000983c	41320433	sub	x8,x4,x19	  x4:0xfaec3c09 x19:0x80021e0c  x8=0x7aea1dfd
       82555000	      8156	80009840	01bb1493	slli	x9,x22,0x1b	 x22:0x00000000  x9=0x00000000
       82595000	      8160	80009844	03691ab3	mulh	x21,x18,x22	 x18:0x00000000 x22:0x00000000 x21=0x00000000
       82605000	      8161	80009848	86a1	c.srai	x13,0x8	 x13:0x00000001 x13=0x00000000
       82615000	      8162	8000984a	00b5fdb3	and	x27,x11,x11	 x11:0x051463f7 x11:0x051463f7 x27=0x051463f7
       82625000	      8163	8000984e	ea19	c.bnez	x12,80009864	 x12:0xffffffcf
       82645000	      8165	80009864	0a3a	c.slli	x20,0xe	 x20:0x00000000 x20=0x00000000
       82655000	      8166	80009866	d1ee3693	sltiu	x13,x28,-738	 x28:0x1af25000 x13=0x00000001
       82665000	      8167	8000986a	03e25263	bge	x4,x30,8000988e	  x4:0xfaec3c09 x30:0x00000000
       82705000	      8171	8000986e	027b11b3	mulh	x3,x22,x7	 x22:0x00000000  x7:0xfaeb9c09  x3=0x00000000
       82715000	      8172	80009872	00489e13	slli	x28,x17,0x4	 x17:0x00000000 x28=0x00000000
       82725000	      8173	80009876	8d95	c.sub	x11,x13	 x11:0x051463f7 x13:0x00000001 x11=0x051463f6
       82745000	      8175	80009878	03f5cb33	div	x22,x11,x31	 x11:0x051463f6 x31:0x00000000 x22=0xffffffff
       83115000	      8212	8000987c	02f2fc33	remu	x24,x5,x15	  x5:0x00000000 x15:0x0000152b x24=0x00000000
       83125000	      8213	80009880	01e13733	sltu	x14,x2,x30	  x2:0x00000000 x30:0x00000000 x14=0x00000000
       83135000	      8214	80009884	8f75	c.and	x14,x13	 x14:0x00000000 x13:0x00000001 x14=0x00000000
       83145000	      8215	80009886	fb25e913	ori	x18,x11,-78	 x11:0x051463f6 x18=0xfffffff6
       83155000	      8216	8000988a	018d6033	or	x0,x26,x24	 x26:0x80025ce4 x24:0x00000000  x0=0x00000000
       83165000	      8217	8000988e	eb1d	c.bnez	x14,800098c4	 x14:0x00000000
       83175000	      8218	80009890	00561a93	slli	x21,x12,0x5	 x12:0xffffffcf x21=0xfffff9e0
       83185000	      8219	80009894	9b026b17	auipc	x22,0x9b026	 x22=0x1b02f894
       83195000	      8220	80009898	0ff0000f	fence	iorw,iorw	
       83205000	      8221	8000989c	00534933	xor	x18,x6,x5	  x6:0x80024480  x5:0x00000000 x18=0x80024480
       83225000	      8223	800098a0	022ae333	rem	x6,x21,x2	 x21:0xfffff9e0  x2:0x00000000  x6=0xfffff9e0
       83235000	      8224	800098a4	61dfb813	sltiu	x16,x31,1565	 x31:0x00000000 x16=0x00000001
       83275000	      8228	800098a8	03fb9233	mulh	x4,x23,x31	 x23:0x152b3572 x31:0x00000000  x4=0x00000000
       83285000	      8229	800098ac	9772cc17	auipc	x24,0x9772c	 x24=0x177358ac
       83295000	      8230	800098b0	8ce9	c.and	x9,x10	  x9:0x00000000 x10:0x00000000  x9=0x00000000
       83305000	      8231	800098b2	0f0c	c.addi4spn	x11,x2,912	 x11=0x00000390
       83315000	      8232	800098b4	018fcf33	xor	x30,x31,x24	 x31:0x00000000 x24:0x177358ac x30=0x177358ac
       83685000	      8269	800098b8	021757b3	divu	x15,x14,x1	 x14:0x00000000  x1:0xffff3c19 x15=0x00000000
       83725000	      8273	800098bc	02453233	mulhu	x4,x10,x4	 x10:0x00000000  x4:0x00000000  x4=0x00000000
       84095000	      8310	800098c0	02857bb3	remu	x23,x10,x8	 x10:0x00000000  x8:0x7aea1dfd x23=0x00000000
       84105000	      8311	800098c4	0001	c.addi	x0,0	  x0:0x00000000  x0=0x00000000
       84115000	      8312	800098c6	0c96	c.slli	x25,0x5	 x25:0x00000000 x25=0x00000000
       84125000	      8313	800098c8	03b80a63	beq	x16,x27,800098fc	 x16:0x00000001 x27:0x051463f7
       84495000	      8350	800098cc	0275d033	divu	x0,x11,x7	 x11:0x00000390  x7:0xfaeb9c09  x0=0x00000000
       84535000	      8354	800098d0	02189a33	mulh	x20,x17,x1	 x17:0x00000000  x1:0xffff3c19 x20=0x00000000
       84545000	      8355	800098d4	01fc8f33	add	x30,x25,x31	 x25:0x00000000 x31:0x00000000 x30=0x00000000
       84555000	      8356	800098d8	412c0db3	sub	x27,x24,x18	 x24:0x177358ac x18:0x80024480 x27=0x9771142c
       84565000	      8357	800098dc	01606933	or	x18,x0,x22	  x0:0x00000000 x22:0x1b02f894 x18=0x1b02f894
       84575000	      8358	800098e0	415a0233	sub	x4,x20,x21	 x20:0x00000000 x21:0xfffff9e0  x4=0x00000620
       84585000	      8359	800098e4	527d	c.li	x4,-1	  x4=0xffffffff
       84595000	      8360	800098e6	717d	c.addi16sp	x2,-16	  x2:0x00000000  x2=0xfffffff0
       84605000	      8361	800098e8	009e0db3	add	x27,x28,x9	 x28:0x00000000  x9:0x00000000 x27=0x00000000
       84645000	      8365	800098ec	03bd9cb3	mulh	x25,x27,x27	 x27:0x00000000 x27:0x00000000 x25=0x00000000
       84655000	      8366	800098f0	00481313	slli	x6,x16,0x4	 x16:0x00000001  x6=0x00000010
       84665000	      8367	800098f4	00171333	sll	x6,x14,x1	 x14:0x00000000  x1:0xffff3c19  x6=0x00000000
       84675000	      8368	800098f8	00119863	bne	x3,x1,80009908	  x3:0x00000000  x1:0xffff3c19
       85055000	      8406	80009908	0356ce33	div	x28,x13,x21	 x13:0x00000001 x21:0xfffff9e0 x28=0x00000000
       85065000	      8407	8000990c	47343897	auipc	x17,0x47343	 x17=0xc734c90c
       85075000	      8408	80009910	8d09	c.sub	x10,x10	 x10:0x00000000 x10:0x00000000 x10=0x00000000
       85085000	      8409	80009912	8ec5	c.or	x13,x9	 x13:0x00000001  x9:0x00000000 x13=0x00000001
       85095000	      8410	80009914	01662633	slt	x12,x12,x22	 x12:0xffffffcf x22:0x1b02f894 x12=0x00000001
       85105000	      8411	80009918	8d41	c.or	x10,x8	 x10:0x00000000  x8:0x7aea1dfd x10=0x7aea1dfd
       85115000	      8412	8000991a	117d	c.addi	x2,-1	  x2:0xfffffff0  x2=0xffffffef
       85125000	      8413	8000991c	717d	c.addi16sp	x2,-16	  x2:0xffffffef  x2=0xffffffdf
       85135000	      8414	8000991e	8cf9	c.and	x9,x14	  x9:0x00000000 x14:0x00000000  x9=0x00000000
       85145000	      8415	80009920	016424b3	slt	x9,x8,x22	  x8:0x7aea1dfd x22:0x1b02f894  x9=0x00000000
       85515000	      8452	80009924	028a57b3	divu	x15,x20,x8	 x20:0x00000000  x8:0x7aea1dfd x15=0x00000000
       85525000	      8453	80009928	4131dd93	srai	x27,x3,0x13	  x3:0x00000000 x27=0x00000000
       85535000	      8454	8000992c	05e81163	bne	x16,x30,8000996e	 x16:0x00000001 x30:0x00000000
       85555000	      8456	8000996e	e889	c.bnez	x9,80009980	  x9:0x00000000
       85595000	      8460	80009970	02249833	mulh	x16,x9,x2	  x9:0x00000000  x2:0xffffffdf x16=0x00000000
       85605000	      8461	80009974	00a67f33	and	x30,x12,x10	 x12:0x00000001 x10:0x7aea1dfd x30=0x00000001
       85615000	      8462	80009978	86c1	c.srai	x13,0x10	 x13:0x00000001 x13=0x00000000
       85625000	      8463	8000997a	0000100f	fence.i	
       85645000	      8465	8000997e	614d	c.addi16sp	x2,176	  x2:0xffffffdf  x2=0x0000008f
       85655000	      8466	80009980	8e0d	c.sub	x12,x11	 x12:0x00000001 x11:0x00000390 x12=0xfffffc71
       85665000	      8467	80009982	585aaf93	slti	x31,x21,1413	 x21:0xfffff9e0 x31=0x00000001
       85675000	      8468	80009986	007486b3	add	x13,x9,x7	  x9:0x00000000  x7:0xfaeb9c09 x13=0xfaeb9c09
       85685000	      8469	8000998a	03494d63	blt	x18,x20,800099c4	 x18:0x1b02f894 x20:0x00000000
       86055000	      8506	8000998e	03afd433	divu	x8,x31,x26	 x31:0x00000001 x26:0x80025ce4  x8=0x00000000
       86065000	      8507	80009992	017dc333	xor	x6,x27,x23	 x27:0x00000000 x23:0x00000000  x6=0x00000000
       86075000	      8508	80009996	ed21c093	xori	x1,x3,-302	  x3:0x00000000  x1=0xfffffed2
       86085000	      8509	8000999a	8cc9	c.or	x9,x10	  x9:0x00000000 x10:0x7aea1dfd  x9=0x7aea1dfd
       86095000	      8510	8000999c	41338133	sub	x2,x7,x19	  x7:0xfaeb9c09 x19:0x80021e0c  x2=0x7ae97dfd
       86115000	      8512	800099a0	03c5f533	remu	x10,x11,x28	 x11:0x00000390 x28:0x00000000 x10=0x00000390
       86125000	      8513	800099a4	01505263	bge	x0,x21,800099a8	  x0:0x00000000 x21:0xfffff9e0
       86145000	      8515	800099a8	3d2e8113	addi	x2,x29,978	 x29:0x00000652  x2=0x00000a24
       86155000	      8516	800099ac	82f9	c.srli	x13,0x1e	 x13:0xfaeb9c09 x13=0x00000003
       86165000	      8517	800099ae	006d62b3	or	x5,x26,x6	 x26:0x80025ce4  x6:0x00000000  x5=0x80025ce4
       86175000	      8518	800099b2	079c	c.addi4spn	x15,x2,960	 x15=0x00000de4
       86185000	      8519	800099b4	0652a913	slti	x18,x5,101	  x5:0x80025ce4 x18=0x00000001
       86195000	      8520	800099b8	01a798b3	sll	x17,x15,x26	 x15:0x00000de4 x26:0x80025ce4 x17=0x0000de40
       86205000	      8521	800099bc	30244ab7	lui	x21,0x30244	 x21=0x30244000
       86215000	      8522	800099c0	41d60433	sub	x8,x12,x29	 x12:0xfffffc71 x29:0x00000652  x8=0xfffff61f
       86225000	      8523	800099c4	015b55b3	srl	x11,x22,x21	 x22:0x1b02f894 x21:0x30244000 x11=0x1b02f894
       86235000	      8524	800099c8	8f91	c.sub	x15,x12	 x15:0x00000de4 x12:0xfffffc71 x15=0x00001173
       86245000	      8525	800099ca	6c51	c.lui	x24,0x14	 x24=0x00014000
       86255000	      8526	800099cc	c385	c.beqz	x15,800099ec	 x15:0x00001173
       86265000	      8527	800099ce	0001	c.addi	x0,0	  x0:0x00000000  x0=0x00000000
       86275000	      8528	800099d0	02e8c763	blt	x17,x14,800099fe	 x17:0x0000de40 x14:0x00000000
       86285000	      8529	800099d4	00880263	beq	x16,x8,800099d8	 x16:0x00000000  x8:0xfffff61f
       86295000	      8530	800099d8	279f4593	xori	x11,x30,633	 x30:0x00000001 x11=0x00000278
       86305000	      8531	800099dc	012e8f33	add	x30,x29,x18	 x29:0x00000652 x18:0x00000001 x30=0x00000653
       86345000	      8535	800099e0	02751c33	mulh	x24,x10,x7	 x10:0x00000390  x7:0xfaeb9c09 x24=0xffffffed
       86355000	      8536	800099e4	40885313	srai	x6,x16,0x8	 x16:0x00000000  x6=0x00000000
       86365000	      8537	800099e8	009607b3	add	x15,x12,x9	 x12:0xfffffc71  x9:0x7aea1dfd x15=0x7aea1a6e
       86375000	      8538	800099ec	64c9	c.lui	x9,0x12	  x9=0x00012000
       86385000	      8539	800099ee	00621663	bne	x4,x6,800099fa	  x4:0xffffffff  x6:0x00000000
       86405000	      8541	800099fa	8591	c.srai	x11,0x4	 x11:0x00000278 x11=0x00000027
       86415000	      8542	800099fc	1c7d	c.addi	x24,-1	 x24:0xffffffed x24=0xffffffec
       86425000	      8543	800099fe	002bb933	sltu	x18,x23,x2	 x23:0x00000000  x2:0x00000a24 x18=0x00000001
       86435000	      8544	80009a02	06f2	c.slli	x13,0x1c	 x13:0x00000003 x13=0x30000000
       86445000	      8545	80009a04	80ed	c.srli	x9,0x1b	  x9:0x00012000  x9=0x00000000
       86815000	      8582	80009a06	028fd333	divu	x6,x31,x8	 x31:0x00000001  x8:0xfffff61f  x6=0x00000000
       86825000	      8583	80009a0a	14d8bb93	sltiu	x23,x17,333	 x17:0x0000de40 x23=0x00000000
       86835000	      8584	80009a0e	08de	c.slli	x17,0x17	 x17:0x0000de40 x17=0x20000000
       86875000	      8588	80009a10	0381b133	mulhu	x2,x3,x24	  x3:0x00000000 x24:0xffffffec  x2=0x00000000
       86885000	      8589	80009a14	80b5	c.srli	x9,0xd	  x9:0x00000000  x9=0x00000000
       86895000	      8590	80009a16	ed89	c.bnez	x11,80009a30	 x11:0x00000027
       86915000	      8592	80009a30	01da77b3	and	x15,x20,x29	 x20:0x00000000 x29:0x00000652 x15=0x00000000
       86925000	      8593	80009a34	406a5333	sra	x6,x20,x6	 x20:0x00000000  x6:0x00000000  x6=0x00000000
       86935000	      8594	80009a38	7fea3217	auipc	x4,0x7fea3	  x4=0xffeaca38
       86945000	      8595	80009a3c	00b5e733	or	x14,x11,x11	 x11:0x00000027 x11:0x00000027 x14=0x00000027
       86955000	      8596	80009a40	40d7d633	sra	x12,x15,x13	 x15:0x00000000 x13:0x30000000 x12=0x00000000
       86965000	      8597	80009a44	007d5933	srl	x18,x26,x7	 x26:0x80025ce4  x7:0xfaeb9c09 x18=0x0040012e
       86975000	      8598	80009a48	de1aa213	slti	x4,x21,-543	 x21:0x30244000  x4=0x00000000
       87015000	      8602	80009a4c	0262a033	mulhsu	x0,x5,x6	  x5:0x80025ce4  x6:0x00000000  x0=0x00000000
       87025000	      8603	80009a50	004845b3	xor	x11,x16,x4	 x16:0x00000000  x4:0x00000000 x11=0x00000000
       87035000	      8604	80009a54	717d	c.addi16sp	x2,-16	  x2:0x00000000  x2=0xfffffff0
       87045000	      8605	80009a56	06e2	c.slli	x13,0x18	 x13:0x30000000 x13=0x00000000
       87055000	      8606	80009a58	01d10733	add	x14,x2,x29	  x2:0xfffffff0 x29:0x00000652 x14=0x00000642
       87075000	      8608	80009a5c	023bc333	div	x6,x23,x3	 x23:0x00000000  x3:0x00000000  x6=0xffffffff
       87085000	      8609	80009a60	8f1d	c.sub	x14,x15	 x14:0x00000642 x15:0x00000000 x14=0x00000642
       87095000	      8610	80009a62	00c21263	bne	x4,x12,80009a66	  x4:0x00000000 x12:0x00000000
       87115000	      8612	80009a66	02d9f2b3	remu	x5,x19,x13	 x19:0x80021e0c x13:0x00000000  x5=0x80021e0c
       87125000	      8613	80009a6a	0020de63	bge	x1,x2,80009a86	  x1:0xfffffed2  x2:0xfffffff0
       87135000	      8614	80009a6e	014ed263	bge	x29,x20,80009a72	 x29:0x00000652 x20:0x00000000
       87165000	      8617	80009a72	14672f37	lui	x30,0x14672	 x30=0x14672000
       87175000	      8618	80009a76	40c3d4b3	sra	x9,x7,x12	  x7:0xfaeb9c09 x12:0x00000000  x9=0xfaeb9c09
       87185000	      8619	80009a7a	5e63b313	sltiu	x6,x7,1510	  x7:0xfaeb9c09  x6=0x00000000
       87195000	      8620	80009a7e	864a	c.mv	x12,x18	  x0:0x00000000 x18:0x0040012e x12=0x0040012e
       87225000	      8623	80009a80	024005b3	mul	x11,x0,x4	  x0:0x00000000  x4:0x00000000 x11=0x00000000
       87235000	      8624	80009a84	0a9e	c.slli	x21,0x7	 x21:0x30244000 x21=0x12200000
       87245000	      8625	80009a86	e257ef93	ori	x31,x15,-475	 x15:0x00000000 x31=0xfffffe25
       87255000	      8626	80009a8a	00f99c63	bne	x19,x15,80009aa2	 x19:0x80021e0c x15:0x00000000
       87295000	      8630	80009aa2	020660b3	rem	x1,x12,x0	 x12:0x0040012e  x0:0x00000000  x1=0x0040012e
       87305000	      8631	80009aa6	02e9c663	blt	x19,x14,80009ad2	 x19:0x80021e0c x14:0x00000642
       87345000	      8635	80009ad2	023bffb3	remu	x31,x23,x3	 x23:0x00000000  x3:0x00000000 x31=0x00000000
       87355000	      8636	80009ad6	0000100f	fence.i	
       87395000	      8640	80009ada	0237c5b3	div	x11,x15,x3	 x15:0x00000000  x3:0x00000000 x11=0xffffffff
       87435000	      8644	80009ade	027524b3	mulhsu	x9,x10,x7	 x10:0x00000390  x7:0xfaeb9c09  x9=0x0000037d
       87445000	      8645	80009ae2	007c1893	slli	x17,x24,0x7	 x24:0xffffffec x17=0xfffff600
       87455000	      8646	80009ae6	005fdc13	srli	x24,x31,0x5	 x31:0x00000000 x24=0x00000000
       87465000	      8647	80009aea	8fdd	c.or	x15,x15	 x15:0x00000000 x15:0x00000000 x15=0x00000000
       87475000	      8648	80009aec	005b7733	and	x14,x22,x5	 x22:0x1b02f894  x5:0x80021e0c x14=0x00021804
       87485000	      8649	80009af0	0001	c.addi	x0,0	  x0:0x00000000  x0=0x00000000
       87495000	      8650	80009af2	0001	c.addi	x0,0	  x0:0x00000000  x0=0x00000000
       87505000	      8651	80009af4	003b7263	bgeu	x22,x3,80009af8	 x22:0x1b02f894  x3:0x00000000
       87525000	      8653	80009af8	0384	c.addi4spn	x9,x2,448	  x9=0x000001b0
       87565000	      8657	80009afa	03f39933	mulh	x18,x7,x31	  x7:0xfaeb9c09 x31:0x00000000 x18=0x00000000
       87575000	      8658	80009afe	6129	c.addi16sp	x2,192	  x2:0xfffffff0  x2=0x000000b0
       87585000	      8659	80009b00	8db1	c.xor	x11,x12	 x11:0xffffffff x12:0x0040012e x11=0xffbffed1
       87625000	      8663	80009b02	02ab97b3	mulh	x15,x23,x10	 x23:0x00000000 x10:0x00000390 x15=0x00000000
       87635000	      8664	80009b06	49be7813	andi	x16,x28,1179	 x28:0x00000000 x16=0x00000000
       87645000	      8665	80009b0a	016edb33	srl	x22,x29,x22	 x29:0x00000652 x22:0x1b02f894 x22=0x00000000
       87655000	      8666	80009b0e	00f35013	srli	x0,x6,0xf	  x6:0x00000000  x0=0x00000000
       88025000	      8703	80009b12	02eb5c33	divu	x24,x22,x14	 x22:0x00000000 x14:0x00021804 x24=0x00000000
       88065000	      8707	80009b16	025132b3	mulhu	x5,x2,x5	  x2:0x000000b0  x5:0x80021e0c  x5=0x00000058
       88075000	      8708	80009b1a	03e28163	beq	x5,x30,80009b3c	  x5:0x00000058 x30:0x14672000
       88085000	      8709	80009b1e	00300033	add	x0,x0,x3	  x0:0x00000000  x3:0x00000000  x0=0x00000000
       88105000	      8711	80009b22	02037833	remu	x16,x6,x0	  x6:0x00000000  x0:0x00000000 x16=0x00000000
       88115000	      8712	80009b26	86e5	c.srai	x13,0x19	 x13:0x00000000 x13=0x00000000
       88135000	      8714	80009b28	024ceab3	rem	x21,x25,x4	 x25:0x00000000  x4:0x00000000 x21=0x00000000
       88145000	      8715	80009b2c	99fd	c.andi	x11,-1	 x11:0xffbffed1 x11=0xffbffed1
       88155000	      8716	80009b2e	0001	c.addi	x0,0	  x0:0x00000000  x0=0x00000000
       88165000	      8717	80009b30	406bd233	sra	x4,x23,x6	 x23:0x00000000  x6:0x00000000  x4=0x00000000
       88175000	      8718	80009b34	010b9633	sll	x12,x23,x16	 x23:0x00000000 x16:0x00000000 x12=0x00000000
       88185000	      8719	80009b38	44ed0493	addi	x9,x26,1102	 x26:0x80025ce4  x9=0x80026132
       88195000	      8720	80009b3c	4091	c.li	x1,4	  x1=0x00000004
       88205000	      8721	80009b3e	e391	c.bnez	x15,80009b42	 x15:0x00000000
       88215000	      8722	80009b40	54fd	c.li	x9,-1	  x9=0xffffffff
       88225000	      8723	80009b42	01816ab3	or	x21,x2,x24	  x2:0x000000b0 x24:0x00000000 x21=0x000000b0
       88235000	      8724	80009b46	6129	c.addi16sp	x2,192	  x2:0x000000b0  x2=0x00000170
       88245000	      8725	80009b48	c009	c.beqz	x8,80009b4a	  x8:0xfffff61f
       88255000	      8726	80009b4a	04b9c893	xori	x17,x19,75	 x19:0x80021e0c x17=0x80021e47
       88265000	      8727	80009b4e	8d91	c.sub	x11,x12	 x11:0xffbffed1 x12:0x00000000 x11=0xffbffed1
       88285000	      8729	80009b50	0260c1b3	div	x3,x1,x6	  x1:0x00000004  x6:0x00000000  x3=0xffffffff
       88295000	      8730	80009b54	0113f633	and	x12,x7,x17	  x7:0xfaeb9c09 x17:0x80021e47 x12=0x80021c01
       88305000	      8731	80009b58	00b93433	sltu	x8,x18,x11	 x18:0x00000000 x11:0xffbffed1  x8=0x00000001
       88325000	      8733	80009b5c	0398d5b3	divu	x11,x17,x25	 x17:0x80021e47 x25:0x00000000 x11=0xffffffff
       88335000	      8734	80009b60	40b08fb3	sub	x31,x1,x11	  x1:0x00000004 x11:0xffffffff x31=0x00000005
       88705000	      8771	80009b64	03a8da33	divu	x20,x17,x26	 x17:0x80021e47 x26:0x80025ce4 x20=0x00000000
       88715000	      8772	80009b68	4a1d	c.li	x20,7	 x20=0x00000007
       89085000	      8809	80009b6a	03f6c4b3	div	x9,x13,x31	 x13:0x00000000 x31:0x00000005  x9=0x00000000
       89095000	      8810	80009b6e	0006c763	blt	x13,x0,80009b7c	 x13:0x00000000  x0:0x00000000
       89105000	      8811	80009b72	e88d	c.bnez	x9,80009ba4	  x9:0x00000000
       89115000	      8812	80009b74	035a4263	blt	x20,x21,80009b98	 x20:0x00000007 x21:0x000000b0
       89165000	      8817	80009b98	02e01fb3	mulh	x31,x0,x14	  x0:0x00000000 x14:0x00021804 x31=0x00000000
       89535000	      8854	80009b9c	03ed4833	div	x16,x26,x30	 x26:0x80025ce4 x30:0x14672000 x16=0xfffffffa
       89545000	      8855	80009ba0	00f465b3	or	x11,x8,x15	  x8:0x00000001 x15:0x00000000 x11=0x00000001
       89555000	      8856	80009ba4	00fd9263	bne	x27,x15,80009ba8	 x27:0x00000000 x15:0x00000000
       89565000	      8857	80009ba8	05d1	c.addi	x11,20	 x11:0x00000001 x11=0x00000015
       89575000	      8858	80009baa	9f0e	c.add	x30,x3	 x30:0x14672000  x3:0xffffffff x30=0x14671fff
       89585000	      8859	80009bac	40e45c33	sra	x24,x8,x14	  x8:0x00000001 x14:0x00021804 x24=0x00000000
       89595000	      8860	80009bb0	019e47b3	xor	x15,x28,x25	 x28:0x00000000 x25:0x00000000 x15=0x00000000
       89615000	      8862	80009bb4	0247c833	div	x16,x15,x4	 x15:0x00000000  x4:0x00000000 x16=0xffffffff
       89985000	      8899	80009bb8	033941b3	div	x3,x18,x19	 x18:0x00000000 x19:0x80021e0c  x3=0x00000000
       89995000	      8900	80009bbc	012d5613	srli	x12,x26,0x12	 x26:0x80025ce4 x12=0x00002000
       90005000	      8901	80009bc0	0e39	c.addi	x28,14	 x28:0x00000000 x28=0x0000000e
       90045000	      8905	80009bc2	024890b3	mulh	x1,x17,x4	 x17:0x80021e47  x4:0x00000000  x1=0x00000000
       90055000	      8906	80009bc6	03b30c63	beq	x6,x27,80009bfe	  x6:0x00000000 x27:0x00000000
       90075000	      8908	80009bfe	8fbd	c.xor	x15,x15	 x15:0x00000000 x15:0x00000000 x15=0x00000000
       90085000	      8909	80009c00	0041c233	xor	x4,x3,x4	  x3:0x00000000  x4:0x00000000  x4=0x00000000
       90095000	      8910	80009c04	0ff0000f	fence	iorw,iorw	
       90105000	      8911	80009c08	8cdd	c.or	x9,x15	  x9:0x00000000 x15:0x00000000  x9=0x00000000
       90475000	      8948	80009c0a	02267533	remu	x10,x12,x2	 x12:0x00002000  x2:0x00000170 x10=0x00000060
       90515000	      8952	80009c0e	036f9233	mulh	x4,x31,x22	 x31:0x00000000 x22:0x00000000  x4=0x00000000
       90525000	      8953	80009c12	01e49233	sll	x4,x9,x30	  x9:0x00000000 x30:0x14671fff  x4=0x00000000
       90535000	      8954	80009c16	38bc8497	auipc	x9,0x38bc8	  x9=0xb8bd1c16
       90545000	      8955	80009c1a	23d88a13	addi	x20,x17,573	 x17:0x80021e47 x20=0x80022084
       90555000	      8956	80009c1e	8dfd	c.and	x11,x15	 x11:0x00000015 x15:0x00000000 x11=0x00000000
       90565000	      8957	80009c20	08dd	c.addi	x17,23	 x17:0x80021e47 x17=0x80021e5e
       90575000	      8958	80009c22	9fea	c.add	x31,x26	 x31:0x00000000 x26:0x80025ce4 x31=0x80025ce4
       90615000	      8962	80009c24	03191033	mulh	x0,x18,x17	 x18:0x00000000 x17:0x80021e5e  x0=0x00000000
       90625000	      8963	80009c28	86b5	c.srai	x13,0xd	 x13:0x00000000 x13=0x00000000
       90635000	      8964	80009c2a	8599	c.srai	x11,0x6	 x11:0x00000000 x11=0x00000000
       90645000	      8965	80009c2c	0114cb63	blt	x9,x17,80009c42	  x9:0xb8bd1c16 x17:0x80021e5e
       90655000	      8966	80009c30	011fd293	srli	x5,x31,0x11	 x31:0x80025ce4  x5=0x00004001
       90665000	      8967	80009c34	01104213	xori	x4,x0,17	  x0:0x00000000  x4=0x00000011
       90675000	      8968	80009c38	40b20533	sub	x10,x4,x11	  x4:0x00000011 x11:0x00000000 x10=0x00000011
       90685000	      8969	80009c3c	0153ff33	and	x30,x7,x21	  x7:0xfaeb9c09 x21:0x000000b0 x30=0x00000000
       90695000	      8970	80009c40	99fd	c.andi	x11,-1	 x11:0x00000000 x11=0x00000000
       90705000	      8971	80009c42	997d	c.andi	x10,-1	 x10:0x00000011 x10=0x00000011
       90715000	      8972	80009c44	002cb6b3	sltu	x13,x25,x2	 x25:0x00000000  x2:0x00000170 x13=0x00000001
       90725000	      8973	80009c48	407a5933	sra	x18,x20,x7	 x20:0x80022084  x7:0xfaeb9c09 x18=0xffc00110
       90735000	      8974	80009c4c	8cc5	c.or	x9,x9	  x9:0xb8bd1c16  x9:0xb8bd1c16  x9=0xb8bd1c16
       90745000	      8975	80009c4e	5e093513	sltiu	x10,x18,1504	 x18:0xffc00110 x10=0x00000000
       90755000	      8976	80009c52	8dbd	c.xor	x11,x15	 x11:0x00000000 x15:0x00000000 x11=0x00000000
       90765000	      8977	80009c54	8f19	c.sub	x14,x14	 x14:0x00021804 x14:0x00021804 x14=0x00000000
       90775000	      8978	80009c56	bbebfb13	andi	x22,x23,-1090	 x23:0x00000000 x22=0x00000000
       90785000	      8979	80009c5a	de4f6a13	ori	x20,x30,-540	 x30:0x00000000 x20=0xfffffde4
       90795000	      8980	80009c5e	8ded	c.and	x11,x11	 x11:0x00000000 x11:0x00000000 x11=0x00000000
       90805000	      8981	80009c60	9e7a	c.add	x28,x30	 x28:0x0000000e x30:0x00000000 x28=0x0000000e
       91175000	      9018	80009c62	02cbca33	div	x20,x23,x12	 x23:0x00000000 x12:0x00002000 x20=0x00000000
       91185000	      9019	80009c66	8806	c.mv	x16,x1	  x0:0x00000000  x1:0x00000000 x16=0x00000000
       91195000	      9020	80009c68	40a1d493	srai	x9,x3,0xa	  x3:0x00000000  x9=0x00000000
       91205000	      9021	80009c6c	0001	c.addi	x0,0	  x0:0x00000000  x0=0x00000000
       91245000	      9025	80009c6e	02783db3	mulhu	x27,x16,x7	 x16:0x00000000  x7:0xfaeb9c09 x27=0x00000000
       91255000	      9026	80009c72	000d5793	srli	x15,x26,0x0	 x26:0x80025ce4 x15=0x80025ce4
       91295000	      9030	80009c76	02c4ac33	mulhsu	x24,x9,x12	  x9:0x00000000 x12:0x00002000 x24=0x00000000
       91305000	      9031	80009c7a	ab9acb13	xori	x22,x21,-1351	 x21:0x000000b0 x22=0xfffffa09
       91335000	      9034	80009c7e	03740eb3	mul	x29,x8,x23	  x8:0x00000001 x23:0x00000000 x29=0x00000000
       91345000	      9035	80009c82	816d	c.srli	x10,0x1b	 x10:0x00000000 x10=0x00000000
       91355000	      9036	80009c84	0598c363	blt	x17,x25,80009cca	 x17:0x80021e5e x25:0x00000000
       91375000	      9038	80009cca	8379	c.srli	x14,0x1e	 x14:0x00000000 x14=0x00000000
       91385000	      9039	80009ccc	03a3f263	bgeu	x7,x26,80009cf0	  x7:0xfaeb9c09 x26:0x80025ce4
       91765000	      9077	80009cf0	0353ceb3	div	x29,x7,x21	  x7:0xfaeb9c09 x21:0x000000b0 x29=0xfff89c86
       91775000	      9078	80009cf4	6179	c.addi16sp	x2,464	  x2:0x00000170  x2=0x00000340
       91785000	      9079	80009cf6	3c45fc13	andi	x24,x11,964	 x11:0x00000000 x24=0x00000000
       91795000	      9080	80009cfa	0422d063	bge	x5,x2,80009d3a	  x5:0x00004001  x2:0x00000340
       91815000	      9082	80009d3a	61dd	c.lui	x3,0x17	  x3=0x00017000
       91825000	      9083	80009d3c	40d18233	sub	x4,x3,x13	  x3:0x00017000 x13:0x00000001  x4=0x00016fff
       91835000	      9084	80009d40	119c	c.addi4spn	x15,x2,224	 x15=0x00000420
       91845000	      9085	80009d42	036b5763	bge	x22,x22,80009d70	 x22:0xfffffa09 x22:0xfffffa09
       91865000	      9087	80009d70	e11c2293	slti	x5,x24,-495	 x24:0x00000000  x5=0x00000000
       91875000	      9088	80009d74	025b6963	bltu	x22,x5,80009da6	 x22:0xfffffa09  x5:0x00000000
       91885000	      9089	80009d78	0ff0000f	fence	iorw,iorw	
       91905000	      9091	80009d7c	02636db3	rem	x27,x6,x6	  x6:0x00000000  x6:0x00000000 x27=0x00000000
       91915000	      9092	80009d80	71a47217	auipc	x4,0x71a47	  x4=0xf1a50d80
       91925000	      9093	80009d84	01d75b63	bge	x14,x29,80009d9a	 x14:0x00000000 x29:0xfff89c86
       91955000	      9096	80009d9a	0ff0000f	fence	iorw,iorw	
       91965000	      9097	80009d9e	4010d093	srai	x1,x1,0x1	  x1:0x00000000  x1=0x00000000
       92005000	      9101	80009da2	026cadb3	mulhsu	x27,x25,x6	 x25:0x00000000  x6:0x00000000 x27=0x00000000
       92015000	      9102	80009da6	c189	c.beqz	x11,80009da8	 x11:0x00000000
       92035000	      9104	80009da8	ce5bfa13	andi	x20,x23,-795	 x23:0x00000000 x20=0x00000000
       92055000	      9106	80009dac	037ae533	rem	x10,x21,x23	 x21:0x000000b0 x23:0x00000000 x10=0x000000b0
       92075000	      9108	80009db0	03edd5b3	divu	x11,x27,x30	 x27:0x00000000 x30:0x00000000 x11=0xffffffff
       92085000	      9109	80009db4	9a36	c.add	x20,x13	 x20:0x00000000 x13:0x00000001 x20=0x00000001
       92095000	      9110	80009db6	0001	c.addi	x0,0	  x0:0x00000000  x0=0x00000000
       92105000	      9111	80009db8	ebd10093	addi	x1,x2,-323	  x2:0x00000340  x1=0x000001fd
       92115000	      9112	80009dbc	01ba55b3	srl	x11,x20,x27	 x20:0x00000001 x27:0x00000000 x11=0x00000001
       92125000	      9113	80009dc0	4691	c.li	x13,4	 x13=0x00000004
       92135000	      9114	80009dc2	01d6d463	bge	x13,x29,80009dca	 x13:0x00000004 x29:0xfff89c86
       92155000	      9116	80009dca	0b49	c.addi	x22,18	 x22:0xfffffa09 x22=0xfffffa1b
       92165000	      9117	80009dcc	8e8d	c.sub	x13,x11	 x13:0x00000004 x11:0x00000001 x13=0x00000003
       92175000	      9118	80009dce	00666663	bltu	x12,x6,80009dda	 x12:0x00002000  x6:0x00000000
       92185000	      9119	80009dd2	0200cb63	blt	x1,x0,80009e08	  x1:0x000001fd  x0:0x00000000
       92195000	      9120	80009dd6	01210233	add	x4,x2,x18	  x2:0x00000340 x18:0xffc00110  x4=0xffc00450
       92205000	      9121	80009dda	019cabb3	slt	x23,x25,x25	 x25:0x00000000 x25:0x00000000 x23=0x00000000
       92215000	      9122	80009dde	65e97637	lui	x12,0x65e97	 x12=0x65e97000
       92225000	      9123	80009de2	01d63733	sltu	x14,x12,x29	 x12:0x65e97000 x29:0xfff89c86 x14=0x00000001
       92235000	      9124	80009de6	00a8d093	srli	x1,x17,0xa	 x17:0x80021e5e  x1=0x00200087
       92245000	      9125	80009dea	1f7d	c.addi	x30,-1	 x30:0x00000000 x30=0xffffffff
       92255000	      9126	80009dec	96bea813	slti	x16,x29,-1685	 x29:0xfff89c86 x16=0x00000001
       92265000	      9127	80009df0	00a11793	slli	x15,x2,0xa	  x2:0x00000340 x15=0x000d0000
       92275000	      9128	80009df4	01626463	bltu	x4,x22,80009dfc	  x4:0xffc00450 x22:0xfffffa1b
       92655000	      9166	80009dfc	0287e933	rem	x18,x15,x8	 x15:0x000d0000  x8:0x00000001 x18=0x00000000
       93025000	      9203	80009e00	030c76b3	remu	x13,x24,x16	 x24:0x00000000 x16:0x00000001 x13=0x00000000
       93035000	      9204	80009e04	00ee8833	add	x16,x29,x14	 x29:0xfff89c86 x14:0x00000001 x16=0xfff89c87
       93045000	      9205	80009e08	41717c93	andi	x25,x2,1047	  x2:0x00000340 x25=0x00000000
       93415000	      9242	80009e0c	036dd133	divu	x2,x27,x22	 x27:0x00000000 x22:0xfffffa1b  x2=0x00000000
       93425000	      9243	80009e10	0014deb3	srl	x29,x9,x1	  x9:0x00000000  x1:0x00200087 x29=0x00000000
       93435000	      9244	80009e14	4042d8b3	sra	x17,x5,x4	  x5:0x00000000  x4:0xffc00450 x17=0x00000000
       93445000	      9245	80009e18	0056c933	xor	x18,x13,x5	 x13:0x00000000  x5:0x00000000 x18=0x00000000
       93455000	      9246	80009e1c	6171	c.addi16sp	x2,336	  x2:0x00000000  x2=0x00000150
       93465000	      9247	80009e1e	0001	c.addi	x0,0	  x0:0x00000000  x0=0x00000000
       93475000	      9248	80009e20	7c3cb613	sltiu	x12,x25,1987	 x25:0x00000000 x12=0x00000001
       93485000	      9249	80009e24	9a29c937	lui	x18,0x9a29c	 x18=0x9a29c000
       93855000	      9286	80009e28	02effab3	remu	x21,x31,x14	 x31:0x80025ce4 x14:0x00000001 x21=0x00000000
       93865000	      9287	80009e2c	6121	c.addi16sp	x2,64	  x2:0x00000150  x2=0x00000190
       93875000	      9288	80009e2e	9bdde193	ori	x3,x27,-1603	 x27:0x00000000  x3=0xfffff9bd
       93885000	      9289	80009e32	0001	c.addi	x0,0	  x0:0x00000000  x0=0x00000000
       93895000	      9290	80009e34	01279f63	bne	x15,x18,80009e52	 x15:0x000d0000 x18:0x9a29c000
       93935000	      9294	80009e52	0392e5b3	rem	x11,x5,x25	  x5:0x00000000 x25:0x00000000 x11=0x00000000
       93945000	      9295	80009e56	e4a52737	lui	x14,0xe4a52	 x14=0xe4a52000
       93955000	      9296	80009e5a	717d	c.addi16sp	x2,-16	  x2:0x00000190  x2=0x00000180
       93965000	      9297	80009e5c	0190fc33	and	x24,x1,x25	  x1:0x00200087 x25:0x00000000 x24=0x00000000
       93975000	      9298	80009e60	01b71d93	slli	x27,x14,0x1b	 x14:0xe4a52000 x27=0x00000000
       94015000	      9302	80009e64	02ef9db3	mulh	x27,x31,x14	 x31:0x80025ce4 x14:0xe4a52000 x27=0x0dad2f5d
       94025000	      9303	80009e68	0eca	c.slli	x29,0x12	 x29:0x00000000 x29=0x00000000
       94395000	      9340	80009e6a	02f651b3	divu	x3,x12,x15	 x12:0x00000001 x15:0x000d0000  x3=0x00000000
       94405000	      9341	80009e6e	aae62f13	slti	x30,x12,-1362	 x12:0x00000001 x30=0x00000000
       94415000	      9342	80009e72	41ff57b3	sra	x15,x30,x31	 x30:0x00000000 x31:0x80025ce4 x15=0x00000000
       94425000	      9343	80009e76	6619	c.lui	x12,0x6	 x12=0x00006000
       94435000	      9344	80009e78	00305b33	srl	x22,x0,x3	  x0:0x00000000  x3:0x00000000 x22=0x00000000
       94445000	      9345	80009e7c	811d	c.srli	x10,0x7	 x10:0x000000b0 x10=0x00000001
       94455000	      9346	80009e7e	8eb1	c.xor	x13,x12	 x13:0x00000000 x12:0x00006000 x13=0x00006000
       94465000	      9347	80009e80	98fe	c.add	x17,x31	 x17:0x00000000 x31:0x80025ce4 x17=0x80025ce4
       94475000	      9348	80009e82	41a27a13	andi	x20,x4,1050	  x4:0xffc00450 x20=0x00000410
       94485000	      9349	80009e86	717d	c.addi16sp	x2,-16	  x2:0x00000180  x2=0x00000170
       94495000	      9350	80009e88	00744f33	xor	x30,x8,x7	  x8:0x00000001  x7:0xfaeb9c09 x30=0xfaeb9c08
       94505000	      9351	80009e8c	717d	c.addi16sp	x2,-16	  x2:0x00000170  x2=0x00000160
       94515000	      9352	80009e8e	07b2	c.slli	x15,0xc	 x15:0x00000000 x15=0x00000000
       94525000	      9353	80009e90	01f26733	or	x14,x4,x31	  x4:0xffc00450 x31:0x80025ce4 x14=0xffc25cf4
       94535000	      9354	80009e94	80516b13	ori	x22,x2,-2043	  x2:0x00000160 x22=0xfffff965
       94545000	      9355	80009e98	8691	c.srai	x13,0x4	 x13:0x00006000 x13=0x00000600
       94555000	      9356	80009e9a	0b84	c.addi4spn	x9,x2,464	  x9=0x00000330
       94565000	      9357	80009e9c	057f0363	beq	x30,x23,80009ee2	 x30:0xfaeb9c08 x23:0x00000000
       94605000	      9361	80009ea0	02f8b933	mulhu	x18,x17,x15	 x17:0x80025ce4 x15:0x00000000 x18=0x00000000
       94615000	      9362	80009ea4	49914313	xori	x6,x2,1177	  x2:0x00000160  x6=0x000005f9
       94625000	      9363	80009ea8	8f46	c.mv	x30,x17	  x0:0x00000000 x17:0x80025ce4 x30=0x80025ce4
       94655000	      9366	80009eaa	020f8533	mul	x10,x31,x0	 x31:0x80025ce4  x0:0x00000000 x10=0x00000000
       94665000	      9367	80009eae	00783a33	sltu	x20,x16,x7	 x16:0xfff89c87  x7:0xfaeb9c09 x20=0x00000000
       95035000	      9404	80009eb2	028eee33	rem	x28,x29,x8	 x29:0x00000000  x8:0x00000001 x28=0x00000000
       95045000	      9405	80009eb6	01d45933	srl	x18,x8,x29	  x8:0x00000001 x29:0x00000000 x18=0x00000001
       95055000	      9406	80009eba	b84b0113	addi	x2,x22,-1148	 x22:0xfffff965  x2=0xfffff4e9
       95065000	      9407	80009ebe	0000100f	fence.i	
       95095000	      9410	80009ec2	00521c13	slli	x24,x4,0x5	  x4:0xffc00450 x24=0xf8008a00
       95105000	      9411	80009ec6	018e7a33	and	x20,x28,x24	 x28:0x00000000 x24:0xf8008a00 x20=0x00000000
       95115000	      9412	80009eca	a3550b13	addi	x22,x10,-1483	 x10:0x00000000 x22=0xfffffa35
       95125000	      9413	80009ece	0001	c.addi	x0,0	  x0:0x00000000  x0=0x00000000
       95495000	      9450	80009ed0	03a8d4b3	divu	x9,x17,x26	 x17:0x80025ce4 x26:0x80025ce4  x9=0x00000001
       95505000	      9451	80009ed4	209bfd93	andi	x27,x23,521	 x23:0x00000000 x27=0x00000000
       95525000	      9453	80009ed8	03de6eb3	rem	x29,x28,x29	 x28:0x00000000 x29:0x00000000 x29=0x00000000
       95535000	      9454	80009edc	ffbf8513	addi	x10,x31,-5	 x31:0x80025ce4 x10=0x80025cdf
       95545000	      9455	80009ee0	8fb5	c.xor	x15,x13	 x15:0x00000000 x13:0x00000600 x15=0x00000600
       95555000	      9456	80009ee2	611f5197	auipc	x3,0x611f5	  x3=0xe11feee2
       95565000	      9457	80009ee6	717d	c.addi16sp	x2,-16	  x2:0xfffff4e9  x2=0xfffff4d9
       95575000	      9458	80009ee8	0009b833	sltu	x16,x19,x0	 x19:0x80021e0c  x0:0x00000000 x16=0x00000000
       95585000	      9459	80009eec	448de413	ori	x8,x27,1096	 x27:0x00000000  x8=0x00000448
       95595000	      9460	80009ef0	26882713	slti	x14,x16,616	 x16:0x00000000 x14=0x00000001
       95605000	      9461	80009ef4	84a1	c.srai	x9,0x8	  x9:0x00000001  x9=0x00000000
       95615000	      9462	80009ef6	001f5f93	srli	x31,x30,0x1	 x30:0x80025ce4 x31=0x40012e72
       95625000	      9463	80009efa	8e75	c.and	x12,x13	 x12:0x00006000 x13:0x00000600 x12=0x00000000
       95635000	      9464	80009efc	adf6b493	sltiu	x9,x13,-1313	 x13:0x00000600  x9=0x00000001
       95645000	      9465	80009f00	00476d63	bltu	x14,x4,80009f1a	 x14:0x00000001  x4:0xffc00450
       95675000	      9468	80009f1a	00bde5b3	or	x11,x27,x11	 x27:0x00000000 x11:0x00000000 x11=0x00000000
       95685000	      9469	80009f1e	00429613	slli	x12,x5,0x4	  x5:0x00000000 x12=0x00000000
       95695000	      9470	80009f22	01e21813	slli	x16,x4,0x1e	  x4:0xffc00450 x16=0x00000000
       95705000	      9471	80009f26	036d7263	bgeu	x26,x22,80009f4a	 x26:0x80025ce4 x22:0xfffffa35
       95715000	      9472	80009f2a	8321	c.srli	x14,0x8	 x14:0x00000001 x14=0x00000000
       95725000	      9473	80009f2c	8765	c.srai	x14,0x19	 x14:0x00000000 x14=0x00000000
       95735000	      9474	80009f2e	02aa8063	beq	x21,x10,80009f4e	 x21:0x00000000 x10:0x80025cdf
       96105000	      9511	80009f32	02fdfab3	remu	x21,x27,x15	 x27:0x00000000 x15:0x00000600 x21=0x00000000
       96475000	      9548	80009f36	0385dcb3	divu	x25,x11,x24	 x11:0x00000000 x24:0xf8008a00 x25=0x00000000
       96485000	      9549	80009f3a	001c3eb3	sltu	x29,x24,x1	 x24:0xf8008a00  x1:0x00200087 x29=0x00000000
       96495000	      9550	80009f3e	41ce8a33	sub	x20,x29,x28	 x29:0x00000000 x28:0x00000000 x20=0x00000000
       96505000	      9551	80009f42	007b57b3	srl	x15,x22,x7	 x22:0xfffffa35  x7:0xfaeb9c09 x15=0x007ffffd
       96515000	      9552	80009f46	54570413	addi	x8,x14,1349	 x14:0x00000000  x8=0x00000545
       96525000	      9553	80009f4a	003c4663	blt	x24,x3,80009f56	 x24:0xf8008a00  x3:0xe11feee2
       96535000	      9554	80009f4e	0098	c.addi4spn	x14,x2,64	 x14=0xfffff519
       96545000	      9555	80009f50	0ff0000f	fence	iorw,iorw	
       96555000	      9556	80009f54	6165	c.addi16sp	x2,112	  x2:0xfffff4d9  x2=0xfffff549
       96565000	      9557	80009f56	01daf7b3	and	x15,x21,x29	 x21:0x00000000 x29:0x00000000 x15=0x00000000
       96575000	      9558	80009f5a	00dce5b3	or	x11,x25,x13	 x25:0x00000000 x13:0x00000600 x11=0x00000600
       96585000	      9559	80009f5e	ba1bb337	lui	x6,0xba1bb	  x6=0xba1bb000
       96595000	      9560	80009f62	9822a013	slti	x0,x5,-1662	  x5:0x00000000  x0=0x00000000
       96605000	      9561	80009f66	c9ad6237	lui	x4,0xc9ad6	  x4=0xc9ad6000
       96615000	      9562	80009f6a	03b4f063	bgeu	x9,x27,80009f8a	  x9:0x00000001 x27:0x00000000
       96645000	      9565	80009f8a	95e96e93	ori	x29,x18,-1698	 x18:0x00000001 x29=0xfffff95f
       96655000	      9566	80009f8e	01b582b3	add	x5,x11,x27	 x11:0x00000600 x27:0x00000000  x5=0x00000600
       96665000	      9567	80009f92	ce19	c.beqz	x12,80009fb0	 x12:0x00000000
       96685000	      9569	80009fb0	0001	c.addi	x0,0	  x0:0x00000000  x0=0x00000000
       96695000	      9570	80009fb2	010351b3	srl	x3,x6,x16	  x6:0xba1bb000 x16:0x00000000  x3=0xba1bb000
       96725000	      9573	80009fb6	03758133	mul	x2,x11,x23	 x11:0x00000600 x23:0x00000000  x2=0x00000000
       97095000	      9610	80009fba	03edc133	div	x2,x27,x30	 x27:0x00000000 x30:0x80025ce4  x2=0x00000000
       97125000	      9613	80009fbe	032a01b3	mul	x3,x20,x18	 x20:0x00000000 x18:0x00000001  x3=0x00000000
       97135000	      9614	80009fc2	8821	c.andi	x8,8	  x8:0x00000545  x8=0x00000000
       97145000	      9615	80009fc4	01e7d263	bge	x15,x30,80009fc8	 x15:0x00000000 x30:0x80025ce4
       97165000	      9617	80009fc8	6139	c.addi16sp	x2,448	  x2:0x00000000  x2=0x000001c0
       97175000	      9618	80009fca	00587c33	and	x24,x16,x5	 x16:0x00000000  x5:0x00000600 x24=0x00000000
       97185000	      9619	80009fce	0001	c.addi	x0,0	  x0:0x00000000  x0=0x00000000
       97195000	      9620	80009fd0	8e4d	c.or	x12,x11	 x12:0x00000000 x11:0x00000600 x12=0x00000600
       97205000	      9621	80009fd2	61bd	c.lui	x3,0xf	  x3=0x0000f000
       97215000	      9622	80009fd4	8cad	c.xor	x9,x11	  x9:0x00000001 x11:0x00000600  x9=0x00000601
       97225000	      9623	80009fd6	0000100f	fence.i	
       97255000	      9626	80009fda	33004593	xori	x11,x0,816	  x0:0x00000000 x11=0x00000330
       97265000	      9627	80009fde	0ff0000f	fence	iorw,iorw	
       97275000	      9628	80009fe2	8ec9	c.or	x13,x10	 x13:0x00000600 x10:0x80025cdf x13=0x80025edf
       97315000	      9632	80009fe4	035c3ab3	mulhu	x21,x24,x21	 x24:0x00000000 x21:0x00000000 x21=0x00000000
       97325000	      9633	80009fe8	018e5b33	srl	x22,x28,x24	 x28:0x00000000 x24:0x00000000 x22=0x00000000
       97335000	      9634	80009fec	029f1663	bne	x30,x9,8000a018	 x30:0x80025ce4  x9:0x00000601
       97715000	      9672	8000a018	03acddb3	divu	x27,x25,x26	 x25:0x00000000 x26:0x80025ce4 x27=0x00000000
       97725000	      9673	8000a01c	0ff0000f	fence	iorw,iorw	
       97735000	      9674	8000a020	e82bc813	xori	x16,x23,-382	 x23:0x00000000 x16=0xfffffe82
       97745000	      9675	8000a024	15fd	c.addi	x11,-1	 x11:0x00000330 x11=0x0000032f
       97755000	      9676	8000a026	45b9	c.li	x11,14	 x11=0x0000000e
       97765000	      9677	8000a028	8cc9	c.or	x9,x10	  x9:0x00000601 x10:0x80025cdf  x9=0x80025edf
       97775000	      9678	8000a02a	015c6bb3	or	x23,x24,x21	 x24:0x00000000 x21:0x00000000 x23=0x00000000
       97785000	      9679	8000a02e	02f04b63	blt	x0,x15,8000a064	  x0:0x00000000 x15:0x00000000
       97795000	      9680	8000a032	472e8193	addi	x3,x29,1138	 x29:0xfffff95f  x3=0xfffffdd1
       97805000	      9681	8000a036	00d715b3	sll	x11,x14,x13	 x14:0xfffff519 x13:0x80025edf x11=0x80000000
       97815000	      9682	8000a03a	01359e33	sll	x28,x11,x19	 x11:0x80000000 x19:0x80021e0c x28=0x00000000
       97825000	      9683	8000a03e	0001	c.addi	x0,0	  x0:0x00000000  x0=0x00000000
       97835000	      9684	8000a040	4409	c.li	x8,2	  x8=0x00000002
       97845000	      9685	8000a042	00b576b3	and	x13,x10,x11	 x10:0x80025cdf x11:0x80000000 x13=0x80000000
       98215000	      9722	8000a046	0309ecb3	rem	x25,x19,x16	 x19:0x80021e0c x16:0xfffffe82 x25=0xfffffefa
       98225000	      9723	8000a04a	8e75	c.and	x12,x13	 x12:0x00000600 x13:0x80000000 x12=0x00000000
       98235000	      9724	8000a04c	02ca	c.slli	x5,0x12	  x5:0x00000600  x5=0x18000000
       98605000	      9761	8000a04e	02e66633	rem	x12,x12,x14	 x12:0x00000000 x14:0xfffff519 x12=0x00000000
       98615000	      9762	8000a052	87c5	c.srai	x15,0x11	 x15:0x00000000 x15=0x00000000
       98625000	      9763	8000a054	01574663	blt	x14,x21,8000a060	 x14:0xfffff519 x21:0x00000000
       98645000	      9765	8000a060	00f1d813	srli	x16,x3,0xf	  x3:0xfffffdd1 x16=0x0001ffff
       98655000	      9766	8000a064	0ff0000f	fence	iorw,iorw	
       98665000	      9767	8000a068	0549	c.addi	x10,18	 x10:0x80025cdf x10=0x80025cf1
       98675000	      9768	8000a06a	002607b3	add	x15,x12,x2	 x12:0x00000000  x2:0x000001c0 x15=0x000001c0
       98685000	      9769	8000a06e	5a7d	c.li	x20,-1	 x20=0xffffffff
       98695000	      9770	8000a070	00bcbeb3	sltu	x29,x25,x11	 x25:0xfffffefa x11:0x80000000 x29=0x00000000
       98705000	      9771	8000a074	8d1d	c.sub	x10,x15	 x10:0x80025cf1 x15:0x000001c0 x10=0x80025b31
       98715000	      9772	8000a076	81dd	c.srli	x11,0x17	 x11:0x80000000 x11=0x00000100
       98725000	      9773	8000a078	8a8bb6b7	lui	x13,0x8a8bb	 x13=0x8a8bb000
       98735000	      9774	8000a07c	0ff0000f	fence	iorw,iorw	
       98745000	      9775	8000a080	03bac017	auipc	x0,0x3bac	  x0=0x00000000
       98755000	      9776	8000a084	00256863	bltu	x10,x2,8000a094	 x10:0x80025b31  x2:0x000001c0
       99125000	      9813	8000a088	02e4c033	div	x0,x9,x14	  x9:0x80025edf x14:0xfffff519  x0=0x00000000
       99135000	      9814	8000a08c	019f72b3	and	x5,x30,x25	 x30:0x80025ce4 x25:0xfffffefa  x5=0x80025ce0
       99145000	      9815	8000a090	0001	c.addi	x0,0	  x0:0x00000000  x0=0x00000000
       99155000	      9816	8000a092	957e	c.add	x10,x31	 x10:0x80025b31 x31:0x40012e72 x10=0xc00389a3
       99165000	      9817	8000a094	01acf263	bgeu	x25,x26,8000a098	 x25:0xfffffefa x26:0x80025ce4
       99545000	      9855	8000a098	021641b3	div	x3,x12,x1	 x12:0x00000000  x1:0x00200087  x3=0x00000000
       99575000	      9858	8000a09c	03fe8833	mul	x16,x29,x31	 x29:0x00000000 x31:0x40012e72 x16=0x00000000
       99585000	      9859	8000a0a0	857d	c.srai	x10,0x1f	 x10:0xc00389a3 x10=0xffffffff
       99595000	      9860	8000a0a2	018667b3	or	x15,x12,x24	 x12:0x00000000 x24:0x00000000 x15=0x00000000
       99605000	      9861	8000a0a6	7f262c13	slti	x24,x12,2034	 x12:0x00000000 x24=0x00000001
       99615000	      9862	8000a0aa	eceb7313	andi	x6,x22,-306	 x22:0x00000000  x6=0x00000000
       99625000	      9863	8000a0ae	000adc63	bge	x21,x0,8000a0c6	 x21:0x00000000  x0:0x00000000
       99655000	      9866	8000a0c6	00e3d333	srl	x6,x7,x14	  x7:0xfaeb9c09 x14:0xfffff519  x6=0x0000007d
       99665000	      9867	8000a0ca	00790f63	beq	x18,x7,8000a0e8	 x18:0x00000001  x7:0xfaeb9c09
       99685000	      9869	8000a0ce	03c2e533	rem	x10,x5,x28	  x5:0x80025ce0 x28:0x00000000 x10=0x80025ce0
       99695000	      9870	8000a0d2	01c55763	bge	x10,x28,8000a0e0	 x10:0x80025ce0 x28:0x00000000
       99705000	      9871	8000a0d6	87d5	c.srai	x15,0x15	 x15:0x00000000 x15=0x00000000
       99715000	      9872	8000a0d8	1200	c.addi4spn	x8,x2,288	  x8=0x000002e0
       99725000	      9873	8000a0da	0001	c.addi	x0,0	  x0:0x00000000  x0=0x00000000
       99735000	      9874	8000a0dc	0001	c.addi	x0,0	  x0:0x00000000  x0=0x00000000
       99745000	      9875	8000a0de	0001	c.addi	x0,0	  x0:0x00000000  x0=0x00000000
       99755000	      9876	8000a0e0	007f5e33	srl	x28,x30,x7	 x30:0x80025ce4  x7:0xfaeb9c09 x28=0x0040012e
       99765000	      9877	8000a0e4	00554663	blt	x10,x5,8000a0f0	 x10:0x80025ce0  x5:0x80025ce0
       99775000	      9878	8000a0e8	00b98463	beq	x19,x11,8000a0f0	 x19:0x80021e0c x11:0x00000100
       99785000	      9879	8000a0ec	26837493	andi	x9,x6,616	  x6:0x0000007d  x9=0x00000068
       99795000	      9880	8000a0f0	809d	c.srli	x9,0x7	  x9:0x00000068  x9=0x00000000
       99805000	      9881	8000a0f2	01dd1cb3	sll	x25,x26,x29	 x26:0x80025ce4 x29:0x00000000 x25=0x80025ce4
       99815000	      9882	8000a0f6	06da	c.slli	x13,0x16	 x13:0x8a8bb000 x13=0x00000000
       99825000	      9883	8000a0f8	8a52	c.mv	x20,x20	  x0:0x00000000 x20:0xffffffff x20=0xffffffff
       99835000	      9884	8000a0fa	b29b85b7	lui	x11,0xb29b8	 x11=0xb29b8000
      100205000	      9921	8000a0fe	0272e8b3	rem	x17,x5,x7	  x5:0x80025ce0  x7:0xfaeb9c09 x17=0xff001fff
      100215000	      9922	8000a102	81422893	slti	x17,x4,-2028	  x4:0xc9ad6000 x17=0x00000001
      100225000	      9923	8000a106	8d29	c.xor	x10,x10	 x10:0x80025ce0 x10:0x80025ce0 x10=0x00000000
      100235000	      9924	8000a108	0e91	c.addi	x29,4	 x29:0x00000000 x29=0x00000004
      100245000	      9925	8000a10a	0000100f	fence.i	
      100635000	      9964	8000a10e	032c6db3	rem	x27,x24,x18	 x24:0x00000001 x18:0x00000001 x27=0x00000000
      100645000	      9965	8000a112	03916263	bltu	x2,x25,8000a136	  x2:0x000001c0 x25:0x80025ce4
      100675000	      9968	8000a136	0ff0000f	fence	iorw,iorw	
      100685000	      9969	8000a13a	012bde63	bge	x23,x18,8000a156	 x23:0x00000000 x18:0x00000001
      100695000	      9970	8000a13e	8f85	c.sub	x15,x9	 x15:0x00000000  x9:0x00000000 x15=0x00000000
      100705000	      9971	8000a140	00c264b3	or	x9,x4,x12	  x4:0xc9ad6000 x12:0x00000000  x9=0xc9ad6000
      100715000	      9972	8000a144	31b9be93	sltiu	x29,x19,795	 x19:0x80021e0c x29=0x00000000
      100725000	      9973	8000a148	d898ff13	andi	x30,x17,-631	 x17:0x00000001 x30=0x00000001
      100735000	      9974	8000a14c	00c01433	sll	x8,x0,x12	  x0:0x00000000 x12:0x00000000  x8=0x00000000
      101105000	     10011	8000a150	0211c533	div	x10,x3,x1	  x3:0x00000000  x1:0x00200087 x10=0x00000000
      101115000	     10012	8000a154	81e1	c.srli	x11,0x18	 x11:0xb29b8000 x11=0x000000b2
      101145000	     10015	8000a156	03268333	mul	x6,x13,x18	 x13:0x00000000 x18:0x00000001  x6=0x00000000
      101155000	     10016	8000a15a	80bd	c.srli	x9,0xf	  x9:0xc9ad6000  x9=0x0001935a
      101165000	     10017	8000a15c	51fd	c.li	x3,-1	  x3=0xffffffff
      101175000	     10018	8000a15e	00314263	blt	x2,x3,8000a162	  x2:0x000001c0  x3:0xffffffff
      101185000	     10019	8000a162	9b7d	c.andi	x14,-1	 x14:0xfffff519 x14=0xfffff519
      101195000	     10020	8000a164	83d9	c.srli	x15,0x16	 x15:0x00000000 x15=0x00000000
      101205000	     10021	8000a166	8d89	c.sub	x11,x10	 x11:0x000000b2 x10:0x00000000 x11=0x000000b2
      101215000	     10022	8000a168	02de9063	bne	x29,x13,8000a188	 x29:0x00000000 x13:0x00000000
      101225000	     10023	8000a16c	419858b3	sra	x17,x16,x25	 x16:0x00000000 x25:0x80025ce4 x17=0x00000000
      101235000	     10024	8000a170	00f95633	srl	x12,x18,x15	 x18:0x00000001 x15:0x00000000 x12=0x00000001
      101275000	     10028	8000a174	02c53f33	mulhu	x30,x10,x12	 x10:0x00000000 x12:0x00000001 x30=0x00000000
      101645000	     10065	8000a178	027c6033	rem	x0,x24,x7	 x24:0x00000001  x7:0xfaeb9c09  x0=0x00000000
      101655000	     10066	8000a17c	0ea00213	addi	x4,x0,234	  x0:0x00000000  x4=0x000000ea
      101695000	     10070	8000a180	028b22b3	mulhsu	x5,x22,x8	 x22:0x00000000  x8:0x00000000  x5=0x00000000
      101735000	     10074	8000a184	02191c33	mulh	x24,x18,x1	 x18:0x00000001  x1:0x00200087 x24=0x00000000
      101745000	     10075	8000a188	8cf9	c.and	x9,x14	  x9:0x0001935a x14:0xfffff519  x9=0x00019118
      101785000	     10079	8000a18a	03891733	mulh	x14,x18,x24	 x18:0x00000001 x24:0x00000000 x14=0x00000000
      101795000	     10080	8000a18e	08d2	c.slli	x17,0x14	 x17:0x00000000 x17=0x00000000
      101805000	     10081	8000a190	6cd1	c.lui	x25,0x14	 x25=0x00014000
      101815000	     10082	8000a192	8711	c.srai	x14,0x4	 x14:0x00000000 x14=0x00000000
      101825000	     10083	8000a194	01fc0a63	beq	x24,x31,8000a1a8	 x24:0x00000000 x31:0x40012e72
      101835000	     10084	8000a198	11fd	c.addi	x3,-1	  x3:0xffffffff  x3=0xfffffffe
      101845000	     10085	8000a19a	00bea933	slt	x18,x29,x11	 x29:0x00000000 x11:0x000000b2 x18=0x00000001
      101885000	     10089	8000a19e	03993433	mulhu	x8,x18,x25	 x18:0x00000001 x25:0x00014000  x8=0x00000000
      101895000	     10090	8000a1a2	0133e933	or	x18,x7,x19	  x7:0xfaeb9c09 x19:0x80021e0c x18=0xfaeb9e0d
      101905000	     10091	8000a1a6	0001	c.addi	x0,0	  x0:0x00000000  x0=0x00000000
      101915000	     10092	8000a1a8	00386a33	or	x20,x16,x3	 x16:0x00000000  x3:0xfffffffe x20=0xfffffffe
      101925000	     10093	8000a1ac	67f5	c.lui	x15,0x1d	 x15=0x0001d000
      101935000	     10094	8000a1ae	dd806813	ori	x16,x0,-552	  x0:0x00000000 x16=0xfffffdd8
      101945000	     10095	8000a1b2	05fa	c.slli	x11,0x1e	 x11:0x000000b2 x11=0x80000000
      101955000	     10096	8000a1b4	28befc13	andi	x24,x29,651	 x29:0x00000000 x24=0x00000000
      101965000	     10097	8000a1b8	8e2e	c.mv	x28,x11	  x0:0x00000000 x11:0x80000000 x28=0x80000000
      101975000	     10098	8000a1ba	c985	c.beqz	x11,8000a1ea	 x11:0x80000000
      101985000	     10099	8000a1bc	0001	c.addi	x0,0	  x0:0x00000000  x0=0x00000000
      102355000	     10136	8000a1be	02ca5ab3	divu	x21,x20,x12	 x20:0xfffffffe x12:0x00000001 x21=0xfffffffe
      102365000	     10137	8000a1c2	0ff0000f	fence	iorw,iorw	
      102385000	     10139	8000a1c6	02e077b3	remu	x15,x0,x14	  x0:0x00000000 x14:0x00000000 x15=0x00000000
      102395000	     10140	8000a1ca	8e5a	c.mv	x28,x22	  x0:0x00000000 x22:0x00000000 x28=0x00000000
      102405000	     10141	8000a1cc	e089	c.bnez	x9,8000a1ce	  x9:0x00019118
      102435000	     10144	8000a1ce	034b8463	beq	x23,x20,8000a1f6	 x23:0x00000000 x20:0xfffffffe
      102445000	     10145	8000a1d2	54096113	ori	x2,x18,1344	 x18:0xfaeb9e0d  x2=0xfaeb9f4d
      102455000	     10146	8000a1d6	0000100f	fence.i	
      102485000	     10149	8000a1da	4138da93	srai	x21,x17,0x13	 x17:0x00000000 x21=0x00000000
      102495000	     10150	8000a1de	40f2da33	sra	x20,x5,x15	  x5:0x00000000 x15:0x00000000 x20=0x00000000
      102505000	     10151	8000a1e2	0ff0000f	fence	iorw,iorw	
      102525000	     10153	8000a1e6	0343cdb3	div	x27,x7,x20	  x7:0xfaeb9c09 x20:0x00000000 x27=0xffffffff
      102535000	     10154	8000a1ea	005a68b3	or	x17,x20,x5	 x20:0x00000000  x5:0x00000000 x17=0x00000000
      102545000	     10155	8000a1ee	c7a3e493	ori	x9,x7,-902	  x7:0xfaeb9c09  x9=0xfffffc7b
      102555000	     10156	8000a1f2	41d4deb3	sra	x29,x9,x29	  x9:0xfffffc7b x29:0x00000000 x29=0xfffffc7b
      102595000	     10160	8000a1f6	026db033	mulhu	x0,x27,x6	 x27:0xffffffff  x6:0x00000000  x0=0x00000000
      102605000	     10161	8000a1fa	0135dfb3	srl	x31,x11,x19	 x11:0x80000000 x19:0x80021e0c x31=0x00080000
      102645000	     10165	8000a1fe	02e93ab3	mulhu	x21,x18,x14	 x18:0xfaeb9e0d x14:0x00000000 x21=0x00000000
      102655000	     10166	8000a202	0c188317	auipc	x6,0xc188	  x6=0x8c192202
      102695000	     10170	8000a206	0269b533	mulhu	x10,x19,x6	 x19:0x80021e0c  x6:0x8c192202 x10=0x460db9a4
      102705000	     10171	8000a20a	0000100f	fence.i	
      102725000	     10173	8000a20e	8e8d	c.sub	x13,x11	 x13:0x00000000 x11:0x80000000 x13=0x80000000
      102755000	     10176	8000a210	02168db3	mul	x27,x13,x1	 x13:0x80000000  x1:0x00200087 x27=0x80000000
      102765000	     10177	8000a214	6159	c.addi16sp	x2,400	  x2:0xfaeb9f4d  x2=0xfaeba0dd
      102775000	     10178	8000a216	e409	c.bnez	x8,8000a220	  x8:0x00000000
      102785000	     10179	8000a218	5c7d	c.li	x24,-1	 x24=0xffffffff
      102795000	     10180	8000a21a	8c75	c.and	x8,x13	  x8:0x00000000 x13:0x80000000  x8=0x00000000
      102805000	     10181	8000a21c	058e	c.slli	x11,0x3	 x11:0x80000000 x11=0x00000000
      102815000	     10182	8000a21e	0b1a	c.slli	x22,0x6	 x22:0x00000000 x22=0x00000000
      102825000	     10183	8000a220	009b6663	bltu	x22,x9,8000a22c	 x22:0x00000000  x9:0xfffffc7b
      102865000	     10187	8000a22c	032e0033	mul	x0,x28,x18	 x28:0x00000000 x18:0xfaeb9e0d  x0=0x00000000
      102875000	     10188	8000a230	0b6e	c.slli	x22,0x1b	 x22:0x00000000 x22=0x00000000
      102885000	     10189	8000a232	e90d	c.bnez	x10,8000a264	 x10:0x460db9a4
      102915000	     10192	8000a264	03e4c033	div	x0,x9,x30	  x9:0xfffffc7b x30:0x00000000  x0=0x00000000
      102925000	     10193	8000a268	8d11	c.sub	x10,x12	 x10:0x460db9a4 x12:0x00000001 x10=0x460db9a3
      102935000	     10194	8000a26a	01ca02b3	add	x5,x20,x28	 x20:0x00000000 x28:0x00000000  x5=0x00000000
      102945000	     10195	8000a26e	00f46263	bltu	x8,x15,8000a272	  x8:0x00000000 x15:0x00000000
      102955000	     10196	8000a272	8f11	c.sub	x14,x12	 x14:0x00000000 x12:0x00000001 x14=0xffffffff
      102995000	     10200	8000a274	03d62033	mulhsu	x0,x12,x29	 x12:0x00000001 x29:0xfffffc7b  x0=0x00000000
      103005000	     10201	8000a278	8d4d	c.or	x10,x11	 x10:0x460db9a3 x11:0x00000000 x10=0x460db9a3
      103375000	     10238	8000a27a	03f5e0b3	rem	x1,x11,x31	 x11:0x00000000 x31:0x00080000  x1=0x00000000
      103385000	     10239	8000a27e	01cba333	slt	x6,x23,x28	 x23:0x00000000 x28:0x00000000  x6=0x00000000
      103395000	     10240	8000a282	00ccf8b3	and	x17,x25,x12	 x25:0x00014000 x12:0x00000001 x17=0x00000000
      103405000	     10241	8000a286	eb7fb293	sltiu	x5,x31,-329	 x31:0x00080000  x5=0x00000001
      103415000	     10242	8000a28a	0000100f	fence.i	
      103445000	     10245	8000a28e	e8443e13	sltiu	x28,x8,-380	  x8:0x00000000 x28=0x00000001
      103455000	     10246	8000a292	ee34be13	sltiu	x28,x9,-285	  x9:0xfffffc7b x28=0x00000001
      103465000	     10247	8000a296	83fd	c.srli	x15,0x1f	 x15:0x00000000 x15=0x00000000
      103835000	     10284	8000a298	03ba7c33	remu	x24,x20,x27	 x20:0x00000000 x27:0x80000000 x24=0x00000000
      103845000	     10285	8000a29c	79563c93	sltiu	x25,x12,1941	 x12:0x00000001 x25=0x00000001
      103855000	     10286	8000a2a0	bdcdeb93	ori	x23,x27,-1060	 x27:0x80000000 x23=0xfffffbdc
      103865000	     10287	8000a2a4	f24d9db7	lui	x27,0xf24d9	 x27=0xf24d9000
      103875000	     10288	8000a2a8	80a5	c.srli	x9,0x9	  x9:0xfffffc7b  x9=0x007ffffe
      103885000	     10289	8000a2aa	0ff0000f	fence	iorw,iorw	
      103895000	     10290	8000a2ae	9731e013	ori	x0,x3,-1677	  x3:0xfffffffe  x0=0x00000000
      103905000	     10291	8000a2b2	01841463	bne	x8,x24,8000a2ba	  x8:0x00000000 x24:0x00000000
      103915000	     10292	8000a2b6	7d1b6613	ori	x12,x22,2001	 x22:0x00000000 x12=0x000007d1
      103955000	     10296	8000a2ba	02ad2bb3	mulhsu	x23,x26,x10	 x26:0x80025ce4 x10:0x460db9a3 x23=0xdcf9c8b5
      103965000	     10297	8000a2be	0013ce33	xor	x28,x7,x1	  x7:0xfaeb9c09  x1:0x00000000 x28=0xfaeb9c09
      103975000	     10298	8000a2c2	f4cf9c17	auipc	x24,0xf4cf9	 x24=0x74d032c2
      103985000	     10299	8000a2c6	009dc7b3	xor	x15,x27,x9	 x27:0xf24d9000  x9:0x007ffffe x15=0xf2326ffe
      103995000	     10300	8000a2ca	c885	c.beqz	x9,8000a2fa	  x9:0x007ffffe
      104005000	     10301	8000a2cc	041f4163	blt	x30,x1,8000a30e	 x30:0x00000000  x1:0x00000000
      104015000	     10302	8000a2d0	9fe76c13	ori	x24,x14,-1538	 x14:0xffffffff x24=0xffffffff
      104025000	     10303	8000a2d4	015745b3	xor	x11,x14,x21	 x14:0xffffffff x21:0x00000000 x11=0xffffffff
      104035000	     10304	8000a2d8	8099	c.srli	x9,0x6	  x9:0x007ffffe  x9=0x0001ffff
      104045000	     10305	8000a2da	8d55	c.or	x10,x13	 x10:0x460db9a3 x13:0x80000000 x10=0xc60db9a3
      104065000	     10307	8000a2dc	03585833	divu	x16,x16,x21	 x16:0xfffffdd8 x21:0x00000000 x16=0xffffffff
      104075000	     10308	8000a2e0	027acf63	blt	x21,x7,8000a31e	 x21:0x00000000  x7:0xfaeb9c09
      104085000	     10309	8000a2e4	1f107d93	andi	x27,x0,497	  x0:0x00000000 x27=0x00000000
      104095000	     10310	8000a2e8	010ba1b3	slt	x3,x23,x16	 x23:0xdcf9c8b5 x16:0xffffffff  x3=0x00000001
      104105000	     10311	8000a2ec	ed19	c.bnez	x10,8000a30a	 x10:0xc60db9a3
      104135000	     10314	8000a30a	00459c13	slli	x24,x11,0x4	 x11:0xffffffff x24=0xfffffff0
      104145000	     10315	8000a30e	03bbc763	blt	x23,x27,8000a33c	 x23:0xdcf9c8b5 x27:0x00000000
      104165000	     10317	8000a33c	6ae38e13	addi	x28,x7,1710	  x7:0xfaeb9c09 x28=0xfaeba2b7
      104175000	     10318	8000a340	6159	c.addi16sp	x2,400	  x2:0xfaeba0dd  x2=0xfaeba26d
      104185000	     10319	8000a342	9afd	c.andi	x13,-1	 x13:0x80000000 x13=0x80000000
      104195000	     10320	8000a344	0fba	c.slli	x31,0xe	 x31:0x00080000 x31=0x00000000
      104205000	     10321	8000a346	82fd	c.srli	x13,0x1f	 x13:0x80000000 x13=0x00000001
      104215000	     10322	8000a348	011cd793	srli	x15,x25,0x11	 x25:0x00000001 x15=0x00000000
      104225000	     10323	8000a34c	4097d633	sra	x12,x15,x9	 x15:0x00000000  x9:0x0001ffff x12=0x00000000
      104235000	     10324	8000a350	8fc5	c.or	x15,x9	 x15:0x00000000  x9:0x0001ffff x15=0x0001ffff
      104265000	     10327	8000a352	03338533	mul	x10,x7,x19	  x7:0xfaeb9c09 x19:0x80021e0c x10=0x17665e6c
      104635000	     10364	8000a356	02de4833	div	x16,x28,x13	 x28:0xfaeba2b7 x13:0x00000001 x16=0xfaeba2b7
      104645000	     10365	8000a35a	8025	c.srli	x8,0x9	  x8:0x00000000  x8=0x00000000
      104655000	     10366	8000a35c	8c0d	c.sub	x8,x11	  x8:0x00000000 x11:0xffffffff  x8=0x00000001
      104695000	     10370	8000a35e	02afa433	mulhsu	x8,x31,x10	 x31:0x00000000 x10:0x17665e6c  x8=0x00000000
      104705000	     10371	8000a362	1e7d	c.addi	x28,-1	 x28:0xfaeba2b7 x28=0xfaeba2b6
      104715000	     10372	8000a364	01d04d63	blt	x0,x29,8000a37e	  x0:0x00000000 x29:0xfffffc7b
      104725000	     10373	8000a368	005415b3	sll	x11,x8,x5	  x8:0x00000000  x5:0x00000001 x11=0x00000000
      104735000	     10374	8000a36c	8bdd	c.andi	x15,23	 x15:0x0001ffff x15=0x00000017
      104745000	     10375	8000a36e	cc19	c.beqz	x8,8000a38c	  x8:0x00000000
      104765000	     10377	8000a38c	3a50f913	andi	x18,x1,933	  x1:0x00000000 x18=0x00000000
      104775000	     10378	8000a390	8441	c.srai	x8,0x10	  x8:0x00000000  x8=0x00000000
      104815000	     10382	8000a392	032db2b3	mulhu	x5,x27,x18	 x27:0x00000000 x18:0x00000000  x5=0x00000000
      104825000	     10383	8000a396	000e5893	srli	x17,x28,0x0	 x28:0xfaeba2b6 x17=0xfaeba2b6
      104835000	     10384	8000a39a	29e78b93	addi	x23,x15,670	 x15:0x00000017 x23=0x000002b5
      104845000	     10385	8000a39e	45d12093	slti	x1,x2,1117	  x2:0xfaeba26d  x1=0x00000001
      104865000	     10387	8000a3a2	034e4cb3	div	x25,x28,x20	 x28:0xfaeba2b6 x20:0x00000000 x25=0xffffffff
      104875000	     10388	8000a3a6	61814897	auipc	x17,0x61814	 x17=0xe181e3a6
      104885000	     10389	8000a3aa	9d722f93	slti	x31,x4,-1577	  x4:0x000000ea x31=0x00000000
      104905000	     10391	8000a3ae	02634233	div	x4,x6,x6	  x6:0x00000000  x6:0x00000000  x4=0xffffffff
      104915000	     10392	8000a3b2	ea19	c.bnez	x12,8000a3c8	 x12:0x00000000
      104935000	     10394	8000a3b4	02b3fe33	remu	x28,x7,x11	  x7:0xfaeb9c09 x11:0x00000000 x28=0xfaeb9c09
      104945000	     10395	8000a3b8	40148e33	sub	x28,x9,x1	  x9:0x0001ffff  x1:0x00000001 x28=0x0001fffe
      104955000	     10396	8000a3bc	00d87463	bgeu	x16,x13,8000a3c4	 x16:0xfaeba2b7 x13:0x00000001
      104975000	     10398	8000a3c4	8c09	c.sub	x8,x10	  x8:0x00000000 x10:0x17665e6c  x8=0xe899a194
      104985000	     10399	8000a3c6	8d95	c.sub	x11,x13	 x11:0x00000000 x13:0x00000001 x11=0xffffffff
      104995000	     10400	8000a3c8	6c89	c.lui	x25,0x2	 x25=0x00002000
      105005000	     10401	8000a3ca	8f45	c.or	x14,x9	 x14:0xffffffff  x9:0x0001ffff x14=0xffffffff
      105015000	     10402	8000a3cc	0d8c	c.addi4spn	x11,x2,720	 x11=0xfaeba53d
      105025000	     10403	8000a3ce	9b174a37	lui	x20,0x9b174	 x20=0x9b174000
      105035000	     10404	8000a3d2	17fd	c.addi	x15,-1	 x15:0x00000017 x15=0x00000016
      105045000	     10405	8000a3d4	673eae93	slti	x29,x29,1651	 x29:0xfffffc7b x29=0x00000001
      105055000	     10406	8000a3d8	00637fb3	and	x31,x6,x6	  x6:0x00000000  x6:0x00000000 x31=0x00000000
      105065000	     10407	8000a3dc	41f78433	sub	x8,x15,x31	 x15:0x00000016 x31:0x00000000  x8=0x00000016
      105075000	     10408	8000a3e0	81da	c.mv	x3,x22	  x0:0x00000000 x22:0x00000000  x3=0x00000000
      105085000	     10409	8000a3e2	8c2d	c.xor	x8,x11	  x8:0x00000016 x11:0xfaeba53d  x8=0xfaeba52b
      105095000	     10410	8000a3e4	147cea93	ori	x21,x25,327	 x25:0x00002000 x21=0x00002147
      105105000	     10411	8000a3e8	c589	c.beqz	x11,8000a3f2	 x11:0xfaeba53d
      105115000	     10412	8000a3ea	00046533	or	x10,x8,x0	  x8:0xfaeba52b  x0:0x00000000 x10=0xfaeba52b
      105485000	     10449	8000a3ee	03864233	div	x4,x12,x24	 x12:0x00000000 x24:0xfffffff0  x4=0x00000000
      105495000	     10450	8000a3f2	00522033	slt	x0,x4,x5	  x4:0x00000000  x5:0x00000000  x0=0x00000000
      105505000	     10451	8000a3f6	9a4e	c.add	x20,x19	 x20:0x9b174000 x19:0x80021e0c x20=0x1b195e0c
      105515000	     10452	8000a3f8	5ca6cc13	xori	x24,x13,1482	 x13:0x00000001 x24=0x000005cb
      105525000	     10453	8000a3fc	9f26af93	slti	x31,x13,-1550	 x13:0x00000001 x31=0x00000000
      105535000	     10454	8000a400	997d	c.andi	x10,-1	 x10:0xfaeba52b x10=0xfaeba52b
      105545000	     10455	8000a402	0000100f	fence.i	
      105605000	     10461	8000a406	039b16b3	mulh	x13,x22,x25	 x22:0x00000000 x25:0x00002000 x13=0x00000000
      105615000	     10462	8000a40a	41205633	sra	x12,x0,x18	  x0:0x00000000 x18:0x00000000 x12=0x00000000
      105635000	     10464	8000a40e	025a4eb3	div	x29,x20,x5	 x20:0x1b195e0c  x5:0x00000000 x29=0xffffffff
      105645000	     10465	8000a412	0000100f	fence.i	
      106035000	     10504	8000a416	022fe933	rem	x18,x31,x2	 x31:0x00000000  x2:0xfaeba26d x18=0x00000000
      106045000	     10505	8000a41a	03be1063	bne	x28,x27,8000a43a	 x28:0x0001fffe x27:0x00000000
      106075000	     10508	8000a43a	00899263	bne	x19,x8,8000a43e	 x19:0x80021e0c  x8:0xfaeba52b
      106105000	     10511	8000a43e	a8636093	ori	x1,x6,-1402	  x6:0x00000000  x1=0xfffffa86
      106125000	     10513	8000a442	03bdc7b3	div	x15,x27,x27	 x27:0x00000000 x27:0x00000000 x15=0xffffffff
      106135000	     10514	8000a446	9b7d	c.andi	x14,-1	 x14:0xffffffff x14=0xffffffff
      106145000	     10515	8000a448	8679	c.srai	x12,0x1e	 x12:0x00000000 x12=0x00000000
      106185000	     10519	8000a44a	02251333	mulh	x6,x10,x2	 x10:0xfaeba52b  x2:0xfaeba26d  x6=0x0019cd38
      106195000	     10520	8000a44e	8cc9	c.or	x9,x10	  x9:0x0001ffff x10:0xfaeba52b  x9=0xfaebffff
      106205000	     10521	8000a450	012950b3	srl	x1,x18,x18	 x18:0x00000000 x18:0x00000000  x1=0x00000000
      106215000	     10522	8000a454	0394c063	blt	x9,x25,8000a474	  x9:0xfaebffff x25:0x00002000
      106235000	     10524	8000a474	611d	c.addi16sp	x2,416	  x2:0xfaeba26d  x2=0xfaeba40d
      106275000	     10528	8000a476	02e1ac33	mulhsu	x24,x3,x14	  x3:0x00000000 x14:0xffffffff x24=0x00000000
      106285000	     10529	8000a47a	013d5833	srl	x16,x26,x19	 x26:0x80025ce4 x19:0x80021e0c x16=0x00080025
      106295000	     10530	8000a47e	0ff0000f	fence	iorw,iorw	
      106305000	     10531	8000a482	00feca33	xor	x20,x29,x15	 x29:0xffffffff x15:0xffffffff x20=0x00000000
      106315000	     10532	8000a486	00c077b3	and	x15,x0,x12	  x0:0x00000000 x12:0x00000000 x15=0x00000000
      106325000	     10533	8000a48a	8c31	c.xor	x8,x12	  x8:0xfaeba52b x12:0x00000000  x8=0xfaeba52b
      106345000	     10535	8000a48c	032ef433	remu	x8,x29,x18	 x29:0xffffffff x18:0x00000000  x8=0xffffffff
      106355000	     10536	8000a490	01a8b0b3	sltu	x1,x17,x26	 x17:0xe181e3a6 x26:0x80025ce4  x1=0x00000000
      106365000	     10537	8000a494	01f69ab3	sll	x21,x13,x31	 x13:0x00000000 x31:0x00000000 x21=0x00000000
      106375000	     10538	8000a498	0092	c.slli	x1,0x4	  x1:0x00000000  x1=0x00000000
      106405000	     10541	8000a49a	02f801b3	mul	x3,x16,x15	 x16:0x00080025 x15:0x00000000  x3=0x00000000
      106445000	     10545	8000a49e	03e41b33	mulh	x22,x8,x30	  x8:0xffffffff x30:0x00000000 x22=0x00000000
      106455000	     10546	8000a4a2	00ae3433	sltu	x8,x28,x10	 x28:0x0001fffe x10:0xfaeba52b  x8=0x00000001
      106465000	     10547	8000a4a6	8eab7113	andi	x2,x22,-1814	 x22:0x00000000  x2=0x00000000
      106475000	     10548	8000a4aa	0001	c.addi	x0,0	  x0:0x00000000  x0=0x00000000
      106485000	     10549	8000a4ac	8dd2	c.mv	x27,x20	  x0:0x00000000 x20:0x00000000 x27=0x00000000
      106495000	     10550	8000a4ae	013476b3	and	x13,x8,x19	  x8:0x00000001 x19:0x80021e0c x13=0x00000000
      106505000	     10551	8000a4b2	8e65	c.and	x12,x9	 x12:0x00000000  x9:0xfaebffff x12=0x00000000
      106515000	     10552	8000a4b4	0001	c.addi	x0,0	  x0:0x00000000  x0=0x00000000
      106525000	     10553	8000a4b6	0b98	c.addi4spn	x14,x2,464	 x14=0x000001d0
      106535000	     10554	8000a4b8	bf5bad93	slti	x27,x23,-1035	 x23:0x000002b5 x27=0x00000000
      106545000	     10555	8000a4bc	80e2	c.mv	x1,x24	  x0:0x00000000 x24:0x00000000  x1=0x00000000
      106555000	     10556	8000a4be	0001	c.addi	x0,0	  x0:0x00000000  x0=0x00000000
      106565000	     10557	8000a4c0	00ce1b33	sll	x22,x28,x12	 x28:0x0001fffe x12:0x00000000 x22=0x0001fffe
      106605000	     10561	8000a4c4	039592b3	mulh	x5,x11,x25	 x11:0xfaeba53d x25:0x00002000  x5=0xffffff5d
      106615000	     10562	8000a4c8	9752	c.add	x14,x20	 x14:0x000001d0 x20:0x00000000 x14=0x000001d0
      106625000	     10563	8000a4ca	ef9d	c.bnez	x15,8000a508	 x15:0x00000000
      106635000	     10564	8000a4cc	8cb9	c.xor	x9,x14	  x9:0xfaebffff x14:0x000001d0  x9=0xfaebfe2f
      106645000	     10565	8000a4ce	01e3b333	sltu	x6,x7,x30	  x7:0xfaeb9c09 x30:0x00000000  x6=0x00000000
      106655000	     10566	8000a4d2	0f4e	c.slli	x30,0x13	 x30:0x00000000 x30=0x00000000
      106665000	     10567	8000a4d4	00b8df63	bge	x17,x11,8000a4f2	 x17:0xe181e3a6 x11:0xfaeba53d
      106675000	     10568	8000a4d8	00855c33	srl	x24,x10,x8	 x10:0xfaeba52b  x8:0x00000001 x24=0x7d75d295
      106685000	     10569	8000a4dc	8ce9	c.and	x9,x10	  x9:0xfaebfe2f x10:0xfaeba52b  x9=0xfaeba42b
      106695000	     10570	8000a4de	00709833	sll	x16,x1,x7	  x1:0x00000000  x7:0xfaeb9c09 x16=0x00000000
      106735000	     10574	8000a4e2	02301733	mulh	x14,x0,x3	  x0:0x00000000  x3:0x00000000 x14=0x00000000
      106745000	     10575	8000a4e6	617d	c.addi16sp	x2,496	  x2:0x00000000  x2=0x000001f0
      106755000	     10576	8000a4e8	019b4963	blt	x22,x25,8000a4fa	 x22:0x0001fffe x25:0x00002000
      106765000	     10577	8000a4ec	8625	c.srai	x12,0x9	 x12:0x00000000 x12=0x00000000
      106775000	     10578	8000a4ee	b40bc613	xori	x12,x23,-1216	 x23:0x000002b5 x12=0xfffff9f5
      106785000	     10579	8000a4f2	871fc293	xori	x5,x31,-1935	 x31:0x00000000  x5=0xfffff871
      106795000	     10580	8000a4f6	01e431b3	sltu	x3,x8,x30	  x8:0x00000001 x30:0x00000000  x3=0x00000000
      106805000	     10581	8000a4fa	010b2733	slt	x14,x22,x16	 x22:0x0001fffe x16:0x00000000 x14=0x00000000
      106815000	     10582	8000a4fe	0307e663	bltu	x15,x16,8000a52a	 x15:0x00000000 x16:0x00000000
      106825000	     10583	8000a502	00285833	srl	x16,x16,x2	 x16:0x00000000  x2:0x000001f0 x16=0x00000000
      106835000	     10584	8000a506	0001	c.addi	x0,0	  x0:0x00000000  x0=0x00000000
      106845000	     10585	8000a508	0000100f	fence.i	
      106865000	     10587	8000a50c	010cc263	blt	x25,x16,8000a510	 x25:0x00002000 x16:0x00000000
      106875000	     10588	8000a510	9b7d	c.andi	x14,-1	 x14:0x00000000 x14=0x00000000
      106885000	     10589	8000a512	ebb1ac93	slti	x25,x3,-325	  x3:0x00000000 x25=0x00000000
      106895000	     10590	8000a516	415054b3	sra	x9,x0,x21	  x0:0x00000000 x21:0x00000000  x9=0x00000000
      106905000	     10591	8000a51a	004f4a63	blt	x30,x4,8000a52e	 x30:0x00000000  x4:0x00000000
      106915000	     10592	8000a51e	81e2	c.mv	x3,x24	  x0:0x00000000 x24:0x7d75d295  x3=0x7d75d295
      106925000	     10593	8000a520	01724f63	blt	x4,x23,8000a53e	  x4:0x00000000 x23:0x000002b5
      106955000	     10596	8000a53e	cd266217	auipc	x4,0xcd266	  x4=0x4d27053e
      106965000	     10597	8000a542	007a2233	slt	x4,x20,x7	 x20:0x00000000  x7:0xfaeb9c09  x4=0x00000000
      106975000	     10598	8000a546	01fb4ab3	xor	x21,x22,x31	 x22:0x0001fffe x31:0x00000000 x21=0x0001fffe
      106985000	     10599	8000a54a	25eb7a93	andi	x21,x22,606	 x22:0x0001fffe x21=0x0000025e
      106995000	     10600	8000a54e	01606733	or	x14,x0,x22	  x0:0x00000000 x22:0x0001fffe x14=0x0001fffe
      107005000	     10601	8000a552	0ff0000f	fence	iorw,iorw	
      107015000	     10602	8000a556	85b5	c.srai	x11,0xd	 x11:0xfaeba53d x11=0xffffd75d
      107025000	     10603	8000a558	692491b7	lui	x3,0x69249	  x3=0x69249000
      107035000	     10604	8000a55c	0b9c	c.addi4spn	x15,x2,464	 x15=0x000003c0
      107045000	     10605	8000a55e	ed87f713	andi	x14,x15,-296	 x15:0x000003c0 x14=0x000002c0
      107055000	     10606	8000a562	50f62d93	slti	x27,x12,1295	 x12:0xfffff9f5 x27=0x00000001
      107065000	     10607	8000a566	0804	c.addi4spn	x9,x2,16	  x9=0x00000200
      107075000	     10608	8000a568	40f0d933	sra	x18,x1,x15	  x1:0x00000000 x15:0x000003c0 x18=0x00000000
      107085000	     10609	8000a56c	717d	c.addi16sp	x2,-16	  x2:0x000001f0  x2=0x000001e0
      107095000	     10610	8000a56e	0001	c.addi	x0,0	  x0:0x00000000  x0=0x00000000
      107105000	     10611	8000a570	00189b13	slli	x22,x17,0x1	 x17:0xe181e3a6 x22=0xc303c74c
      107145000	     10615	8000a574	03729533	mulh	x10,x5,x23	  x5:0xfffff871 x23:0x000002b5 x10=0xffffffff
      107155000	     10616	8000a578	0001	c.addi	x0,0	  x0:0x00000000  x0=0x00000000
      107165000	     10617	8000a57a	cf09	c.beqz	x14,8000a594	 x14:0x000002c0
      107175000	     10618	8000a57c	04a2	c.slli	x9,0x8	  x9:0x00000200  x9=0x00020000
      107185000	     10619	8000a57e	9516	c.add	x10,x5	 x10:0xffffffff  x5:0xfffff871 x10=0xfffff870
      107225000	     10623	8000a580	03283b33	mulhu	x22,x16,x18	 x16:0x00000000 x18:0x00000000 x22=0x00000000
      107235000	     10624	8000a584	01abdab3	srl	x21,x23,x26	 x23:0x000002b5 x26:0x80025ce4 x21=0x0000002b
      107245000	     10625	8000a588	e0b66413	ori	x8,x12,-501	 x12:0xfffff9f5  x8=0xffffffff
      107255000	     10626	8000a58c	01a861b3	or	x3,x16,x26	 x16:0x00000000 x26:0x80025ce4  x3=0x80025ce4
      107265000	     10627	8000a590	00271e33	sll	x28,x14,x2	 x14:0x000002c0  x2:0x000001e0 x28=0x000002c0
      107275000	     10628	8000a594	8731	c.srai	x14,0xc	 x14:0x000002c0 x14=0x00000000
      107285000	     10629	8000a596	0de1	c.addi	x27,24	 x27:0x00000001 x27=0x00000019
      107295000	     10630	8000a598	000205b3	add	x11,x4,x0	  x4:0x00000000  x0:0x00000000 x11=0x00000000
      107305000	     10631	8000a59c	8b95	c.andi	x15,5	 x15:0x000003c0 x15=0x00000000
      107315000	     10632	8000a59e	78253c13	sltiu	x24,x10,1922	 x10:0xfffff870 x24=0x00000000
      107325000	     10633	8000a5a2	5efd	c.li	x29,-1	 x29=0xffffffff
      107335000	     10634	8000a5a4	03447c63	bgeu	x8,x20,8000a5dc	  x8:0xffffffff x20:0x00000000
      107355000	     10636	8000a5dc	003ccb33	xor	x22,x25,x3	 x25:0x00000000  x3:0x80025ce4 x22=0x80025ce4
      107365000	     10637	8000a5e0	8bfb0b13	addi	x22,x22,-1857	 x22:0x80025ce4 x22=0x800255a3
      107375000	     10638	8000a5e4	002437b3	sltu	x15,x8,x2	  x8:0xffffffff  x2:0x000001e0 x15=0x00000000
      107385000	     10639	8000a5e8	44d93013	sltiu	x0,x18,1101	 x18:0x00000000  x0=0x00000000
      107395000	     10640	8000a5ec	00bb50b3	srl	x1,x22,x11	 x22:0x800255a3 x11:0x00000000  x1=0x800255a3
      107405000	     10641	8000a5f0	127d	c.addi	x4,-1	  x4:0x00000000  x4=0xffffffff
      107415000	     10642	8000a5f2	02db4963	blt	x22,x13,8000a624	 x22:0x800255a3 x13:0x00000000
      107795000	     10680	8000a624	02224bb3	div	x23,x4,x2	  x4:0xffffffff  x2:0x000001e0 x23=0x00000000
      107805000	     10681	8000a628	0000100f	fence.i	
      107825000	     10683	8000a62c	01579463	bne	x15,x21,8000a634	 x15:0x00000000 x21:0x0000002b
      107845000	     10685	8000a634	0054e233	or	x4,x9,x5	  x9:0x00020000  x5:0xfffff871  x4=0xfffff871
      107865000	     10687	8000a638	02fed733	divu	x14,x29,x15	 x29:0xffffffff x15:0x00000000 x14=0xffffffff
      107875000	     10688	8000a63c	8f69	c.and	x14,x10	 x14:0xffffffff x10:0xfffff870 x14=0xfffff870
      108245000	     10725	8000a63e	021060b3	rem	x1,x0,x1	  x0:0x00000000  x1:0x800255a3  x1=0x00000000
      108255000	     10726	8000a642	003811b3	sll	x3,x16,x3	 x16:0x00000000  x3:0x80025ce4  x3=0x00000000
      108265000	     10727	8000a646	4185	c.li	x3,1	  x3=0x00000001
      108295000	     10730	8000a648	027e8433	mul	x8,x29,x7	 x29:0xffffffff  x7:0xfaeb9c09  x8=0x051463f7
      108305000	     10731	8000a64c	150bb293	sltiu	x5,x23,336	 x23:0x00000000  x5=0x00000001
      108675000	     10768	8000a650	036dc7b3	div	x15,x27,x22	 x27:0x00000019 x22:0x800255a3 x15=0x00000000
      108685000	     10769	8000a654	011a9a33	sll	x20,x21,x17	 x21:0x0000002b x17:0xe181e3a6 x20=0x00000ac0
      108695000	     10770	8000a658	010e9133	sll	x2,x29,x16	 x29:0xffffffff x16:0x00000000  x2=0xffffffff
      108705000	     10771	8000a65c	29ae2797	auipc	x15,0x29ae2	 x15=0xa9aec65c
      108715000	     10772	8000a660	8e19	c.sub	x12,x14	 x12:0xfffff9f5 x14:0xfffff870 x12=0x00000185
      108725000	     10773	8000a662	0729ba17	auipc	x20,0x729b	 x20=0x872a5662
      108735000	     10774	8000a666	ca11	c.beqz	x12,8000a67a	 x12:0x00000185
      108745000	     10775	8000a668	0ff0000f	fence	iorw,iorw	
      108755000	     10776	8000a66c	01c17333	and	x6,x2,x28	  x2:0xffffffff x28:0x000002c0  x6=0x000002c0
      108765000	     10777	8000a670	0001	c.addi	x0,0	  x0:0x00000000  x0=0x00000000
      108795000	     10780	8000a672	028f81b3	mul	x3,x31,x8	 x31:0x00000000  x8:0x051463f7  x3=0x00000000
      108805000	     10781	8000a676	00bf9333	sll	x6,x31,x11	 x31:0x00000000 x11:0x00000000  x6=0x00000000
      108815000	     10782	8000a67a	8dc1	c.or	x11,x8	 x11:0x00000000  x8:0x051463f7 x11=0x051463f7
      108825000	     10783	8000a67c	00228663	beq	x5,x2,8000a688	  x5:0x00000001  x2:0xffffffff
      108835000	     10784	8000a680	01a2dc63	bge	x5,x26,8000a698	  x5:0x00000001 x26:0x80025ce4
      109215000	     10822	8000a698	03bc5ab3	divu	x21,x24,x27	 x24:0x00000000 x27:0x00000019 x21=0x00000000
      109225000	     10823	8000a69c	01047263	bgeu	x8,x16,8000a6a0	  x8:0x051463f7 x16:0x00000000
      109245000	     10825	8000a6a0	0001	c.addi	x0,0	  x0:0x00000000  x0=0x00000000
      109275000	     10828	8000a6a2	025f0e33	mul	x28,x30,x5	 x30:0x00000000  x5:0x00000001 x28=0x00000000
      109285000	     10829	8000a6a6	00d6b7b3	sltu	x15,x13,x13	 x13:0x00000000 x13:0x00000000 x15=0x00000000
      109295000	     10830	8000a6aa	410e5833	sra	x16,x28,x16	 x28:0x00000000 x16:0x00000000 x16=0x00000000
      109305000	     10831	8000a6ae	00771c33	sll	x24,x14,x7	 x14:0xfffff870  x7:0xfaeb9c09 x24=0xfff0e000
      109325000	     10833	8000a6b2	03c5c7b3	div	x15,x11,x28	 x11:0x051463f7 x28:0x00000000 x15=0xffffffff
      109335000	     10834	8000a6b6	1a04	c.addi4spn	x9,x2,304	  x9=0x0000012f
      109345000	     10835	8000a6b8	00869fb3	sll	x31,x13,x8	 x13:0x00000000  x8:0x051463f7 x31=0x00000000
      109355000	     10836	8000a6bc	405d5813	srai	x16,x26,0x5	 x26:0x80025ce4 x16=0xfc0012e7
      109365000	     10837	8000a6c0	000ad6b3	srl	x13,x21,x0	 x21:0x00000000  x0:0x00000000 x13=0x00000000
      109375000	     10838	8000a6c4	6151	c.addi16sp	x2,272	  x2:0xffffffff  x2=0x0000010f
      109415000	     10842	8000a6c6	02f826b3	mulhsu	x13,x16,x15	 x16:0xfc0012e7 x15:0xffffffff x13=0xfc0012e7
      109425000	     10843	8000a6ca	8759	c.srai	x14,0x16	 x14:0xfffff870 x14=0xffffffff
      109435000	     10844	8000a6cc	66a1	c.lui	x13,0x8	 x13=0x00008000
      109445000	     10845	8000a6ce	dafaf513	andi	x10,x21,-593	 x21:0x00000000 x10=0x00000000
      109455000	     10846	8000a6d2	001c7ab3	and	x21,x24,x1	 x24:0xfff0e000  x1:0x00000000 x21=0x00000000
      109465000	     10847	8000a6d6	98784793	xori	x15,x16,-1657	 x16:0xfc0012e7 x15=0x03ffeb60
      109475000	     10848	8000a6da	75324b13	xori	x22,x4,1875	  x4:0xfffff871 x22=0xffffff22
      109485000	     10849	8000a6de	8ca9	c.xor	x9,x10	  x9:0x0000012f x10:0x00000000  x9=0x0000012f
      109495000	     10850	8000a6e0	87ea	c.mv	x15,x26	  x0:0x00000000 x26:0x80025ce4 x15=0x80025ce4
      109505000	     10851	8000a6e2	b111ae93	slti	x29,x3,-1263	  x3:0x00000000 x29=0x00000000
      109515000	     10852	8000a6e6	02859463	bne	x11,x8,8000a70e	 x11:0x051463f7  x8:0x051463f7
      109555000	     10856	8000a6ea	03299b33	mulh	x22,x19,x18	 x19:0x80021e0c x18:0x00000000 x22=0x00000000
      109565000	     10857	8000a6ee	9322	c.add	x6,x8	  x6:0x00000000  x8:0x051463f7  x6=0x051463f7
      109575000	     10858	8000a6f0	9972	c.add	x18,x28	 x18:0x00000000 x28:0x00000000 x18=0x00000000
      109585000	     10859	8000a6f2	1898	c.addi4spn	x14,x2,112	 x14=0x0000017f
      109955000	     10896	8000a6f4	0268ee33	rem	x28,x17,x6	 x17:0xe181e3a6  x6:0x051463f7 x28=0xfffc3b70
      109965000	     10897	8000a6f8	0248c363	blt	x17,x4,8000a71e	 x17:0xe181e3a6  x4:0xfffff871
      109985000	     10899	8000a71e	8e4d	c.or	x12,x11	 x12:0x00000185 x11:0x051463f7 x12=0x051463f7
      109995000	     10900	8000a720	6309	c.lui	x6,0x2	  x6=0x00002000
      110005000	     10901	8000a722	8f75	c.and	x14,x13	 x14:0x0000017f x13:0x00008000 x14=0x00000000
      110015000	     10902	8000a724	0161b833	sltu	x16,x3,x22	  x3:0x00000000 x22:0x00000000 x16=0x00000000
      110025000	     10903	8000a728	6725	c.lui	x14,0x9	 x14=0x00009000
      110035000	     10904	8000a72a	041d7263	bgeu	x26,x1,8000a76e	 x26:0x80025ce4  x1:0x00000000
      110075000	     10908	8000a76e	0301e833	rem	x16,x3,x16	  x3:0x00000000 x16:0x00000000 x16=0x00000000
      110085000	     10909	8000a772	00ad5263	bge	x26,x10,8000a776	 x26:0x80025ce4 x10:0x00000000
      110095000	     10910	8000a776	8f09	c.sub	x14,x10	 x14:0x00009000 x10:0x00000000 x14=0x00009000
      110105000	     10911	8000a778	036d4a63	blt	x26,x22,8000a7ac	 x26:0x80025ce4 x22:0x00000000
      110125000	     10913	8000a7ac	02c7b293	sltiu	x5,x15,44	 x15:0x80025ce4  x5=0x00000000
      110165000	     10917	8000a7b0	03b3b0b3	mulhu	x1,x7,x27	  x7:0xfaeb9c09 x27:0x00000019  x1=0x00000018
      110205000	     10921	8000a7b4	02382e33	mulhsu	x28,x16,x3	 x16:0x00000000  x3:0x00000000 x28=0x00000000
      110215000	     10922	8000a7b8	cac15537	lui	x10,0xcac15	 x10=0xcac15000
      110225000	     10923	8000a7bc	998a7093	andi	x1,x20,-1640	 x20:0x872a5662  x1=0x872a5000
      110235000	     10924	8000a7c0	02b76e63	bltu	x14,x11,8000a7fc	 x14:0x00009000 x11:0x051463f7
      110255000	     10926	8000a7fc	41885a33	sra	x20,x16,x24	 x16:0x00000000 x24:0xfff0e000 x20=0x00000000
      110265000	     10927	8000a800	219aac13	slti	x24,x21,537	 x21:0x00000000 x24=0x00000001
      110275000	     10928	8000a804	8cc9	c.or	x9,x10	  x9:0x0000012f x10:0xcac15000  x9=0xcac1512f
      110285000	     10929	8000a806	c1e9c913	xori	x18,x19,-994	 x19:0x80021e0c x18=0x7ffde212
      110305000	     10931	8000a80a	037ec633	div	x12,x29,x23	 x29:0x00000000 x23:0x00000000 x12=0xffffffff
      110315000	     10932	8000a80e	8f4e	c.mv	x30,x19	  x0:0x00000000 x19:0x80021e0c x30=0x80021e0c
      110325000	     10933	8000a810	49ced637	lui	x12,0x49ced	 x12=0x49ced000
      110335000	     10934	8000a814	000a9c33	sll	x24,x21,x0	 x21:0x00000000  x0:0x00000000 x24=0x00000000
      110345000	     10935	8000a818	8b05	c.andi	x14,1	 x14:0x00009000 x14=0x00000000
      110355000	     10936	8000a81a	0322	c.slli	x6,0x8	  x6:0x00002000  x6=0x00200000
      110725000	     10973	8000a81c	0220e333	rem	x6,x1,x2	  x1:0x872a5000  x2:0x0000010f  x6=0xffffff53
      110735000	     10974	8000a820	012b1613	slli	x12,x22,0x12	 x22:0x00000000 x12=0x00000000
      110775000	     10978	8000a824	029b3533	mulhu	x10,x22,x9	 x22:0x00000000  x9:0xcac1512f x10=0x00000000
      110785000	     10979	8000a828	01ca24b3	slt	x9,x20,x28	 x20:0x00000000 x28:0x00000000  x9=0x00000000
      110795000	     10980	8000a82c	014f2933	slt	x18,x30,x20	 x30:0x80021e0c x20:0x00000000 x18=0x00000001
      110805000	     10981	8000a830	017a	c.slli	x2,0x1e	  x2:0x0000010f  x2=0xc0000000
      110815000	     10982	8000a832	00094433	xor	x8,x18,x0	 x18:0x00000001  x0:0x00000000  x8=0x00000001
      110825000	     10983	8000a836	008ae7b3	or	x15,x21,x8	 x21:0x00000000  x8:0x00000001 x15=0x00000001
      110855000	     10986	8000a83a	02ad8033	mul	x0,x27,x10	 x27:0x00000019 x10:0x00000000  x0=0x00000000
      110865000	     10987	8000a83e	00e05793	srli	x15,x0,0xe	  x0:0x00000000 x15=0x00000000
      110895000	     10990	8000a842	02d70b33	mul	x22,x14,x13	 x14:0x00000000 x13:0x00008000 x22=0x00000000
      110905000	     10991	8000a846	0041ed63	bltu	x3,x4,8000a860	  x3:0x00000000  x4:0xfffff871
      110925000	     10993	8000a860	014b1733	sll	x14,x22,x20	 x22:0x00000000 x20:0x00000000 x14=0x00000000
      110935000	     10994	8000a864	1e0c	c.addi4spn	x11,x2,816	 x11=0xc0000330
      110975000	     10998	8000a866	022cb533	mulhu	x10,x25,x2	 x25:0x00000000  x2:0xc0000000 x10=0x00000000
      110985000	     10999	8000a86a	01e04b33	xor	x22,x0,x30	  x0:0x00000000 x30:0x80021e0c x22=0x80021e0c
      110995000	     11000	8000a86e	c809	c.beqz	x8,8000a880	  x8:0x00000001
      111005000	     11001	8000a870	82d6	c.mv	x5,x21	  x0:0x00000000 x21:0x00000000  x5=0x00000000
      111015000	     11002	8000a872	8fd9	c.or	x15,x14	 x15:0x00000000 x14:0x00000000 x15=0x00000000
      111025000	     11003	8000a874	4f50e413	ori	x8,x1,1269	  x1:0x872a5000  x8=0x872a54f5
      111035000	     11004	8000a878	aa05e097	auipc	x1,0xaa05e	  x1=0x2a068878
      111405000	     11041	8000a87c	03e46533	rem	x10,x8,x30	  x8:0x872a54f5 x30:0x80021e0c x10=0x872a54f5
      111415000	     11042	8000a880	0ff0000f	fence	iorw,iorw	
      111425000	     11043	8000a884	0343d263	bge	x7,x20,8000a8a8	  x7:0xfaeb9c09 x20:0x00000000
      111435000	     11044	8000a888	8f31	c.xor	x14,x12	 x14:0x00000000 x12:0x00000000 x14=0x00000000
      111445000	     11045	8000a88a	fad58793	addi	x15,x11,-83	 x11:0xc0000330 x15=0xc00002dd
      111455000	     11046	8000a88e	02d1ad93	slti	x27,x3,45	  x3:0x00000000 x27=0x00000001
      111465000	     11047	8000a892	41705e93	srai	x29,x0,0x17	  x0:0x00000000 x29=0x00000000
      111495000	     11050	8000a896	02fe0b33	mul	x22,x28,x15	 x28:0x00000000 x15:0xc00002dd x22=0x00000000
      111505000	     11051	8000a89a	015d9e93	slli	x29,x27,0x15	 x27:0x00000001 x29=0x00200000
      111515000	     11052	8000a89e	997d	c.andi	x10,-1	 x10:0x872a54f5 x10=0x872a54f5
      111525000	     11053	8000a8a0	e1dd7e13	andi	x28,x26,-483	 x26:0x80025ce4 x28=0x80025c04
      111535000	     11054	8000a8a4	0161c663	blt	x3,x22,8000a8b0	  x3:0x00000000 x22:0x00000000
      111545000	     11055	8000a8a8	007b5863	bge	x22,x7,8000a8b8	 x22:0x00000000  x7:0xfaeb9c09
      111565000	     11057	8000a8b8	8f55	c.or	x14,x13	 x14:0x00000000 x13:0x00008000 x14=0x00008000
      111575000	     11058	8000a8ba	0388	c.addi4spn	x10,x2,448	 x10=0xc00001c0
      111615000	     11062	8000a8bc	03d695b3	mulh	x11,x13,x29	 x13:0x00008000 x29:0x00200000 x11=0x00000010
      111625000	     11063	8000a8c0	0057c433	xor	x8,x15,x5	 x15:0xc00002dd  x5:0x00000000  x8=0xc00002dd
      111635000	     11064	8000a8c4	0001	c.addi	x0,0	  x0:0x00000000  x0=0x00000000
      112005000	     11101	8000a8c6	0319cbb3	div	x23,x19,x17	 x19:0x80021e0c x17:0xe181e3a6 x23=0x00000004
      112015000	     11102	8000a8ca	05e86063	bltu	x16,x30,8000a90a	 x16:0x00000000 x30:0x80021e0c
      112035000	     11104	8000a90a	66fd	c.lui	x13,0x1f	 x13=0x0001f000
      112045000	     11105	8000a90c	00148263	beq	x9,x1,8000a910	  x9:0x00000000  x1:0x2a068878
      112055000	     11106	8000a910	8fa1	c.xor	x15,x8	 x15:0xc00002dd  x8:0xc00002dd x15=0x00000000
      112065000	     11107	8000a912	498fa913	slti	x18,x31,1176	 x31:0x00000000 x18=0x00000001
      112075000	     11108	8000a916	00749e13	slli	x28,x9,0x7	  x9:0x00000000 x28=0x00000000
      112085000	     11109	8000a91a	014f6263	bltu	x30,x20,8000a91e	 x30:0x80021e0c x20:0x00000000
      112095000	     11110	8000a91e	009abb33	sltu	x22,x21,x9	 x21:0x00000000  x9:0x00000000 x22=0x00000000
      112105000	     11111	8000a922	01ea4863	blt	x20,x30,8000a932	 x20:0x00000000 x30:0x80021e0c
      112115000	     11112	8000a926	62cd	c.lui	x5,0x13	  x5=0x00013000
      112125000	     11113	8000a928	d4473693	sltiu	x13,x14,-700	 x14:0x00008000 x13=0x00000001
      112135000	     11114	8000a92c	01fd3833	sltu	x16,x26,x31	 x26:0x80025ce4 x31:0x00000000 x16=0x00000000
      112145000	     11115	8000a930	8e05	c.sub	x12,x9	 x12:0x00000000  x9:0x00000000 x12=0x00000000
      112155000	     11116	8000a932	0001	c.addi	x0,0	  x0:0x00000000  x0=0x00000000
      112165000	     11117	8000a934	08583693	sltiu	x13,x16,133	 x16:0x00000000 x13=0x00000001
      112175000	     11118	8000a938	00d17033	and	x0,x2,x13	  x2:0xc0000000 x13:0x00000001  x0=0x00000000
      112185000	     11119	8000a93c	0001	c.addi	x0,0	  x0:0x00000000  x0=0x00000000
      112195000	     11120	8000a93e	855d	c.srai	x10,0x17	 x10:0xc00001c0 x10=0xffffff80
      112205000	     11121	8000a940	8c9d	c.sub	x9,x15	  x9:0x00000000 x15:0x00000000  x9=0x00000000
      112215000	     11122	8000a942	1a7d	c.addi	x20,-1	 x20:0x00000000 x20=0xffffffff
      112225000	     11123	8000a944	6ca9	c.lui	x25,0xa	 x25=0x0000a000
      112235000	     11124	8000a946	8cad	c.xor	x9,x11	  x9:0x00000000 x11:0x00000010  x9=0x00000010
      112245000	     11125	8000a948	9d7db293	sltiu	x5,x27,-1577	 x27:0x00000001  x5=0x00000001
      112615000	     11162	8000a94c	03aefe33	remu	x28,x29,x26	 x29:0x00200000 x26:0x80025ce4 x28=0x00200000
      112625000	     11163	8000a950	0018e4b3	or	x9,x17,x1	 x17:0xe181e3a6  x1:0x2a068878  x9=0xeb87ebfe
      112665000	     11167	8000a954	038ab633	mulhu	x12,x21,x24	 x21:0x00000000 x24:0x00000000 x12=0x00000000
      112675000	     11168	8000a958	010ecd63	blt	x29,x16,8000a972	 x29:0x00200000 x16:0x00000000
      113045000	     11205	8000a95c	03af45b3	div	x11,x30,x26	 x30:0x80021e0c x26:0x80025ce4 x11=0x00000001
      113055000	     11206	8000a960	40e45793	srai	x15,x8,0xe	  x8:0xc00002dd x15=0xffff0000
      113065000	     11207	8000a964	0131	c.addi	x2,12	  x2:0xc0000000  x2=0xc000000c
      113075000	     11208	8000a966	717d	c.addi16sp	x2,-16	  x2:0xc000000c  x2=0xbffffffc
      113085000	     11209	8000a968	40d20633	sub	x12,x4,x13	  x4:0xfffff871 x13:0x00000001 x12=0xfffff870
      113095000	     11210	8000a96c	014b0833	add	x16,x22,x20	 x22:0x00000000 x20:0xffffffff x16=0xffffffff
      113105000	     11211	8000a970	6169	c.addi16sp	x2,208	  x2:0xbffffffc  x2=0xc00000cc
      113115000	     11212	8000a972	40578b33	sub	x22,x15,x5	 x15:0xffff0000  x5:0x00000001 x22=0xfffeffff
      113145000	     11215	8000a976	03530e33	mul	x28,x6,x21	  x6:0xffffff53 x21:0x00000000 x28=0x00000000
      113185000	     11219	8000a97a	03819833	mulh	x16,x3,x24	  x3:0x00000000 x24:0x00000000 x16=0x00000000
      113225000	     11223	8000a97e	022416b3	mulh	x13,x8,x2	  x8:0xc00002dd  x2:0xc00000cc x13=0x0fffff15
      113235000	     11224	8000a982	9bdcc137	lui	x2,0x9bdcc	  x2=0x9bdcc000
      113265000	     11227	8000a986	028f0233	mul	x4,x30,x8	 x30:0x80021e0c  x8:0xc00002dd  x4=0x8610085c
      113305000	     11231	8000a98a	03a29ab3	mulh	x21,x5,x26	  x5:0x00000001 x26:0x80025ce4 x21=0xffffffff
      113315000	     11232	8000a98e	0001	c.addi	x0,0	  x0:0x00000000  x0=0x00000000
      113325000	     11233	8000a990	8f11	c.sub	x14,x12	 x14:0x00008000 x12:0xfffff870 x14=0x00008790
      113335000	     11234	8000a992	55fd	c.li	x11,-1	 x11=0xffffffff
      113345000	     11235	8000a994	8e5d	c.or	x12,x15	 x12:0xfffff870 x15:0xffff0000 x12=0xfffff870
      113355000	     11236	8000a996	029cd863	bge	x25,x9,8000a9c6	 x25:0x0000a000  x9:0xeb87ebfe
      113375000	     11238	8000a9c6	8f2d	c.xor	x14,x11	 x14:0x00008790 x11:0xffffffff x14=0xffff786f
      113385000	     11239	8000a9c8	00baee63	bltu	x21,x11,8000a9e4	 x21:0xffffffff x11:0xffffffff
      113405000	     11241	8000a9cc	038342b3	div	x5,x6,x24	  x6:0xffffff53 x24:0x00000000  x5=0xffffffff
      113415000	     11242	8000a9d0	01d4df33	srl	x30,x9,x29	  x9:0xeb87ebfe x29:0x00200000 x30=0xeb87ebfe
      113425000	     11243	8000a9d4	0ff0000f	fence	iorw,iorw	
      113435000	     11244	8000a9d8	00aa9363	bne	x21,x10,8000a9de	 x21:0xffffffff x10:0xffffff80
      113455000	     11246	8000a9de	8ed5	c.or	x13,x13	 x13:0x0fffff15 x13:0x0fffff15 x13=0x0fffff15
      113485000	     11249	8000a9e0	02b10ab3	mul	x21,x2,x11	  x2:0x9bdcc000 x11:0xffffffff x21=0x64234000
      113525000	     11253	8000a9e4	03a336b3	mulhu	x13,x6,x26	  x6:0xffffff53 x26:0x80025ce4 x13=0x80025c8d
      113535000	     11254	8000a9e8	06be	c.slli	x13,0xf	 x13:0x80025c8d x13=0x2e468000
      113545000	     11255	8000a9ea	0001	c.addi	x0,0	  x0:0x00000000  x0=0x00000000
      113555000	     11256	8000a9ec	8d81	c.sub	x11,x8	 x11:0xffffffff  x8:0xc00002dd x11=0x3ffffd22
      113565000	     11257	8000a9ee	8e46	c.mv	x28,x17	  x0:0x00000000 x17:0xe181e3a6 x28=0xe181e3a6
      113575000	     11258	8000a9f0	0001	c.addi	x0,0	  x0:0x00000000  x0=0x00000000
      113585000	     11259	8000a9f2	d6c44813	xori	x16,x8,-660	  x8:0xc00002dd x16=0x3fffffb1
      113595000	     11260	8000a9f6	0001	c.addi	x0,0	  x0:0x00000000  x0=0x00000000
      113605000	     11261	8000a9f8	01f4db33	srl	x22,x9,x31	  x9:0xeb87ebfe x31:0x00000000 x22=0xeb87ebfe
      113615000	     11262	8000a9fc	9bfd	c.andi	x15,-1	 x15:0xffff0000 x15=0xffff0000
      113625000	     11263	8000a9fe	8db5	c.xor	x11,x13	 x11:0x3ffffd22 x13:0x2e468000 x11=0x11b97d22
      113635000	     11264	8000aa00	41ff0433	sub	x8,x30,x31	 x30:0xeb87ebfe x31:0x00000000  x8=0xeb87ebfe
      113675000	     11268	8000aa04	03559633	mulh	x12,x11,x21	 x11:0x11b97d22 x21:0x64234000 x12=0x06eee5ab
      113685000	     11269	8000aa08	1e7d	c.addi	x28,-1	 x28:0xe181e3a6 x28=0xe181e3a5
      114055000	     11306	8000aa0a	02685333	divu	x6,x16,x6	 x16:0x3fffffb1  x6:0xffffff53  x6=0x00000000
      114065000	     11307	8000aa0e	0001	c.addi	x0,0	  x0:0x00000000  x0=0x00000000
      114075000	     11308	8000aa10	8785	c.srai	x15,0x1	 x15:0xffff0000 x15=0xffff8000
      114085000	     11309	8000aa12	00309b93	slli	x23,x1,0x3	  x1:0x2a068878 x23=0x503443c0
      114095000	     11310	8000aa16	001bdd63	bge	x23,x1,8000aa30	 x23:0x503443c0  x1:0x2a068878
      114115000	     11312	8000aa30	00f81d63	bne	x16,x15,8000aa4a	 x16:0x3fffffb1 x15:0xffff8000
      114145000	     11315	8000aa4a	006fc6b3	xor	x13,x31,x6	 x31:0x00000000  x6:0x00000000 x13=0x00000000
      114155000	     11316	8000aa4e	01d94463	blt	x18,x29,8000aa56	 x18:0x00000001 x29:0x00200000
      114185000	     11319	8000aa56	0077b6b3	sltu	x13,x15,x7	 x15:0xffff8000  x7:0xfaeb9c09 x13=0x00000000
      114555000	     11356	8000aa5a	030fdcb3	divu	x25,x31,x16	 x31:0x00000000 x16:0x3fffffb1 x25=0x00000000
      114565000	     11357	8000aa5e	29d3e793	ori	x15,x7,669	  x7:0xfaeb9c09 x15=0xfaeb9e9d
      114575000	     11358	8000aa62	00b03b33	sltu	x22,x0,x11	  x0:0x00000000 x11:0x11b97d22 x22=0x00000001
      114945000	     11395	8000aa66	03765f33	divu	x30,x12,x23	 x12:0x06eee5ab x23:0x503443c0 x30=0x00000000
      114955000	     11396	8000aa6a	0001	c.addi	x0,0	  x0:0x00000000  x0=0x00000000
      114965000	     11397	8000aa6c	8fb1	c.xor	x15,x12	 x15:0xfaeb9e9d x12:0x06eee5ab x15=0xfc057b36
      114975000	     11398	8000aa6e	139c	c.addi4spn	x15,x2,480	 x15=0x9bdcc1e0
      114985000	     11399	8000aa70	01496e63	bltu	x18,x20,8000aa8c	 x18:0x00000001 x20:0xffffffff
      115005000	     11401	8000aa8c	1498	c.addi4spn	x14,x2,608	 x14=0x9bdcc260
      115015000	     11402	8000aa8e	010e5133	srl	x2,x28,x16	 x28:0xe181e3a5 x16:0x3fffffb1  x2=0x000070c0
      115025000	     11403	8000aa92	41f007b3	sub	x15,x0,x31	  x0:0x00000000 x31:0x00000000 x15=0x00000000
      115035000	     11404	8000aa96	0103e263	bltu	x7,x16,8000aa9a	  x7:0xfaeb9c09 x16:0x3fffffb1
      115045000	     11405	8000aa9a	5aef8d93	addi	x27,x31,1454	 x31:0x00000000 x27=0x000005ae
      115085000	     11409	8000aa9e	03e997b3	mulh	x15,x19,x30	 x19:0x80021e0c x30:0x00000000 x15=0x00000000
      115095000	     11410	8000aaa2	8191	c.srli	x11,0x4	 x11:0x11b97d22 x11=0x011b97d2
      115105000	     11411	8000aaa4	8f71	c.and	x14,x12	 x14:0x9bdcc260 x12:0x06eee5ab x14=0x02ccc020
      115145000	     11415	8000aaa6	039d2bb3	mulhsu	x23,x26,x25	 x26:0x80025ce4 x25:0x00000000 x23=0x00000000
      115155000	     11416	8000aaaa	4e387a17	auipc	x20,0x4e387	 x20=0xce391aaa
      115165000	     11417	8000aaae	0f4e	c.slli	x30,0x13	 x30:0x00000000 x30=0x00000000
      115175000	     11418	8000aab0	006fe863	bltu	x31,x6,8000aac0	 x31:0x00000000  x6:0x00000000
      115205000	     11421	8000aab4	027086b3	mul	x13,x1,x7	  x1:0x2a068878  x7:0xfaeb9c09 x13=0xeb8bec38
      115215000	     11422	8000aab8	8985	c.andi	x11,1	 x11:0x011b97d2 x11=0x00000000
      115225000	     11423	8000aaba	2f235417	auipc	x8,0x2f235	  x8=0xaf23faba
      115235000	     11424	8000aabe	836d	c.srli	x14,0x1b	 x14:0x02ccc020 x14=0x00000000
      115245000	     11425	8000aac0	7f2a3293	sltiu	x5,x20,2034	 x20:0xce391aaa  x5=0x00000000
      115255000	     11426	8000aac4	96b2	c.add	x13,x12	 x13:0xeb8bec38 x12:0x06eee5ab x13=0xf27ad1e3
      115265000	     11427	8000aac6	0001	c.addi	x0,0	  x0:0x00000000  x0=0x00000000
      115275000	     11428	8000aac8	011bd593	srli	x11,x23,0x11	 x23:0x00000000 x11=0x00000000
      115285000	     11429	8000aacc	0001	c.addi	x0,0	  x0:0x00000000  x0=0x00000000
      115325000	     11433	8000aace	027a1e33	mulh	x28,x20,x7	 x20:0xce391aaa  x7:0xfaeb9c09 x28=0x00fcd974
      115335000	     11434	8000aad2	0001	c.addi	x0,0	  x0:0x00000000  x0=0x00000000
      115345000	     11435	8000aad4	00a9be33	sltu	x28,x19,x10	 x19:0x80021e0c x10:0xffffff80 x28=0x00000001
      115355000	     11436	8000aad8	01f95433	srl	x8,x18,x31	 x18:0x00000001 x31:0x00000000  x8=0x00000001
      115365000	     11437	8000aadc	7663f913	andi	x18,x7,1894	  x7:0xfaeb9c09 x18=0x00000400
      115375000	     11438	8000aae0	01835893	srli	x17,x6,0x18	  x6:0x00000000 x17=0x00000000
      115385000	     11439	8000aae4	0ff0000f	fence	iorw,iorw	
      115395000	     11440	8000aae8	9fcff593	andi	x11,x31,-1540	 x31:0x00000000 x11=0x00000000
      115435000	     11444	8000aaec	03852233	mulhsu	x4,x10,x24	 x10:0xffffff80 x24:0x00000000  x4=0x00000000
      115445000	     11445	8000aaf0	649d	c.lui	x9,0x7	  x9=0x00007000
      115455000	     11446	8000aaf2	6331	c.lui	x6,0xc	  x6=0x0000c000
      115465000	     11447	8000aaf4	856e	c.mv	x10,x27	  x0:0x00000000 x27:0x000005ae x10=0x000005ae
      115475000	     11448	8000aaf6	00f44933	xor	x18,x8,x15	  x8:0x00000001 x15:0x00000000 x18=0x00000001
      115515000	     11452	8000aafa	026aabb3	mulhsu	x23,x21,x6	 x21:0x64234000  x6:0x0000c000 x23=0x00004b1a
      115525000	     11453	8000aafe	e211	c.bnez	x12,8000ab02	 x12:0x06eee5ab
      115545000	     11455	8000ab02	82d5	c.srli	x13,0x15	 x13:0xf27ad1e3 x13=0x00000793
      115555000	     11456	8000ab04	0350fd63	bgeu	x1,x21,8000ab3e	  x1:0x2a068878 x21:0x64234000
      115565000	     11457	8000ab08	01ee8533	add	x10,x29,x30	 x29:0x00200000 x30:0x00000000 x10=0x00200000
      115575000	     11458	8000ab0c	01045d93	srli	x27,x8,0x10	  x8:0x00000001 x27=0x00000000
      115585000	     11459	8000ab10	8d6d7793	andi	x15,x26,-1834	 x26:0x80025ce4 x15=0x800258c4
      115595000	     11460	8000ab14	01f55c13	srli	x24,x10,0x1f	 x10:0x00200000 x24=0x00000000
      115605000	     11461	8000ab18	01231633	sll	x12,x6,x18	  x6:0x0000c000 x18:0x00000001 x12=0x00018000
      115615000	     11462	8000ab1c	00f0b633	sltu	x12,x1,x15	  x1:0x2a068878 x15:0x800258c4 x12=0x00000001
      115655000	     11466	8000ab20	0393aab3	mulhsu	x21,x7,x25	  x7:0xfaeb9c09 x25:0x00000000 x21=0x00000000
      115665000	     11467	8000ab24	11884e13	xori	x28,x16,280	 x16:0x3fffffb1 x28=0x3ffffea9
      115675000	     11468	8000ab28	0000100f	fence.i	
      115695000	     11470	8000ab2c	00da9413	slli	x8,x21,0xd	 x21:0x00000000  x8=0x00000000
      115705000	     11471	8000ab30	0ff0000f	fence	iorw,iorw	
      115745000	     11475	8000ab34	02542bb3	mulhsu	x23,x8,x5	  x8:0x00000000  x5:0x00000000 x23=0x00000000
      115755000	     11476	8000ab38	ec99	c.bnez	x9,8000ab56	  x9:0x00007000
      115775000	     11478	8000ab56	8fd1	c.or	x15,x12	 x15:0x800258c4 x12:0x00000001 x15=0x800258c5
      115785000	     11479	8000ab58	8eb1	c.xor	x13,x12	 x13:0x00000793 x12:0x00000001 x13=0x00000792
      115795000	     11480	8000ab5a	9322	c.add	x6,x8	  x6:0x0000c000  x8:0x00000000  x6=0x0000c000
      115805000	     11481	8000ab5c	8d69	c.and	x10,x10	 x10:0x00200000 x10:0x00200000 x10=0x00200000
      115815000	     11482	8000ab5e	b7588e93	addi	x29,x17,-1163	 x17:0x00000000 x29=0xfffffb75
      115825000	     11483	8000ab62	014d66b3	or	x13,x26,x20	 x26:0x80025ce4 x20:0xce391aaa x13=0xce3b5eee
      115835000	     11484	8000ab66	0000100f	fence.i	
      115855000	     11486	8000ab6a	6319	c.lui	x6,0x6	  x6=0x00006000
      115865000	     11487	8000ab6c	01b9ebb3	or	x23,x19,x27	 x19:0x80021e0c x27:0x00000000 x23=0x80021e0c
      115875000	     11488	8000ab70	01465c63	bge	x12,x20,8000ab88	 x12:0x00000001 x20:0xce391aaa
      115895000	     11490	8000ab88	41225293	srai	x5,x4,0x12	  x4:0x00000000  x5=0x00000000
      115905000	     11491	8000ab8c	7f307293	andi	x5,x0,2035	  x0:0x00000000  x5=0x00000000
      115915000	     11492	8000ab90	01b69b63	bne	x13,x27,8000aba6	 x13:0xce3b5eee x27:0x00000000
      115945000	     11495	8000aba6	35e71c37	lui	x24,0x35e71	 x24=0x35e71000
      115955000	     11496	8000abaa	4096d113	srai	x2,x13,0x9	 x13:0xce3b5eee  x2=0xffe71daf
      115965000	     11497	8000abae	8f15	c.sub	x14,x13	 x14:0x00000000 x13:0xce3b5eee x14=0x31c4a112
      115975000	     11498	8000abb0	7ce7dab7	lui	x21,0x7ce7d	 x21=0x7ce7d000
      115985000	     11499	8000abb4	6135	c.addi16sp	x2,352	  x2:0xffe71daf  x2=0xffe71f0f
      115995000	     11500	8000abb6	1cac8637	lui	x12,0x1cac8	 x12=0x1cac8000
      116005000	     11501	8000abba	0001	c.addi	x0,0	  x0:0x00000000  x0=0x00000000
      116015000	     11502	8000abbc	0001	c.addi	x0,0	  x0:0x00000000  x0=0x00000000
      116055000	     11506	8000abbe	03e624b3	mulhsu	x9,x12,x30	 x12:0x1cac8000 x30:0x00000000  x9=0x00000000
      116065000	     11507	8000abc2	8351	c.srli	x14,0x14	 x14:0x31c4a112 x14=0x0000031c
      116075000	     11508	8000abc4	d7726c17	auipc	x24,0xd7726	 x24=0x57730bc4
      116085000	     11509	8000abc8	00885313	srli	x6,x16,0x8	 x16:0x3fffffb1  x6=0x003fffff
      116095000	     11510	8000abcc	ccfd6493	ori	x9,x26,-817	 x26:0x80025ce4  x9=0xfffffcef
      116105000	     11511	8000abd0	efff2513	slti	x10,x30,-257	 x30:0x00000000 x10=0x00000000
      116115000	     11512	8000abd4	01720e63	beq	x4,x23,8000abf0	  x4:0x00000000 x23:0x80021e0c
      116125000	     11513	8000abd8	01395f63	bge	x18,x19,8000abf6	 x18:0x00000001 x19:0x80021e0c
      116155000	     11516	8000abf6	0ff0000f	fence	iorw,iorw	
      116165000	     11517	8000abfa	8c69	c.and	x8,x10	  x8:0x00000000 x10:0x00000000  x8=0x00000000
      116175000	     11518	8000abfc	1e28a213	slti	x4,x17,482	 x17:0x00000000  x4=0x00000001
      116185000	     11519	8000ac00	01c88863	beq	x17,x28,8000ac10	 x17:0x00000000 x28:0x3ffffea9
      116195000	     11520	8000ac04	0ff0000f	fence	iorw,iorw	
      116205000	     11521	8000ac08	0000100f	fence.i	
      116245000	     11525	8000ac0c	03c781b3	mul	x3,x15,x28	 x15:0x800258c5 x28:0x3ffffea9  x3=0xbcdb100d
      116255000	     11526	8000ac10	01752c33	slt	x24,x10,x23	 x10:0x00000000 x23:0x80021e0c x24=0x00000000
      116265000	     11527	8000ac14	8de9	c.and	x11,x10	 x11:0x00000000 x10:0x00000000 x11=0x00000000
      116275000	     11528	8000ac16	00dfbf33	sltu	x30,x31,x13	 x31:0x00000000 x13:0xce3b5eee x30=0x00000001
      116285000	     11529	8000ac1a	007ed513	srli	x10,x29,0x7	 x29:0xfffffb75 x10=0x01fffff6
      116295000	     11530	8000ac1e	813d	c.srli	x10,0xf	 x10:0x01fffff6 x10=0x000003ff
      116305000	     11531	8000ac20	02a2dd63	bge	x5,x10,8000ac5a	  x5:0x00000000 x10:0x000003ff
      116345000	     11535	8000ac24	03cf18b3	mulh	x17,x30,x28	 x30:0x00000001 x28:0x3ffffea9 x17=0x00000000
      116355000	     11536	8000ac28	ee91	c.bnez	x13,8000ac44	 x13:0xce3b5eee
      116375000	     11538	8000ac44	6699	c.lui	x13,0x6	 x13=0x00006000
      116385000	     11539	8000ac46	58fd	c.li	x17,-1	 x17=0xffffffff
      116395000	     11540	8000ac48	01305fb3	srl	x31,x0,x19	  x0:0x00000000 x19:0x80021e0c x31=0x00000000
      116405000	     11541	8000ac4c	003c2133	slt	x2,x24,x3	 x24:0x00000000  x3:0xbcdb100d  x2=0x00000000
      116415000	     11542	8000ac50	8e31	c.xor	x12,x12	 x12:0x1cac8000 x12:0x1cac8000 x12=0x00000000
      116425000	     11543	8000ac52	00bff263	bgeu	x31,x11,8000ac56	 x31:0x00000000 x11:0x00000000
      116455000	     11546	8000ac56	e9d17337	lui	x6,0xe9d17	  x6=0xe9d17000
      116465000	     11547	8000ac5a	8d3d	c.xor	x10,x15	 x10:0x000003ff x15:0x800258c5 x10=0x80025b3a
      116475000	     11548	8000ac5c	011e5213	srli	x4,x28,0x11	 x28:0x3ffffea9  x4=0x00001fff
      116485000	     11549	8000ac60	a0b90c93	addi	x25,x18,-1525	 x18:0x00000001 x25=0xfffffa0c
      116495000	     11550	8000ac64	8f95	c.sub	x15,x13	 x15:0x800258c5 x13:0x00006000 x15=0x8001f8c5
      116505000	     11551	8000ac66	0001	c.addi	x0,0	  x0:0x00000000  x0=0x00000000
      116515000	     11552	8000ac68	40edc293	xori	x5,x27,1038	 x27:0x00000000  x5=0x0000040e
      116525000	     11553	8000ac6c	9b9a	c.add	x23,x6	 x23:0x80021e0c  x6:0xe9d17000 x23=0x69d38e0c
      116535000	     11554	8000ac6e	16fd	c.addi	x13,-1	 x13:0x00006000 x13=0x00005fff
      116905000	     11591	8000ac70	0340f333	remu	x6,x1,x20	  x1:0x2a068878 x20:0xce391aaa  x6=0x2a068878
      117275000	     11628	8000ac74	02f4ea33	rem	x20,x9,x15	  x9:0xfffffcef x15:0x8001f8c5 x20=0xfffffcef
      117285000	     11629	8000ac78	00b3de63	bge	x7,x11,8000ac94	  x7:0xfaeb9c09 x11:0x00000000
      117295000	     11630	8000ac7c	9b3ca213	slti	x4,x25,-1613	 x25:0xfffffa0c  x4=0x00000000
      117335000	     11634	8000ac80	02062fb3	mulhsu	x31,x12,x0	 x12:0x00000000  x0:0x00000000 x31=0x00000000
      117345000	     11635	8000ac84	00e92e33	slt	x28,x18,x14	 x18:0x00000001 x14:0x0000031c x28=0x00000001
      117355000	     11636	8000ac88	e79d	c.bnez	x15,8000acb6	 x15:0x8001f8c5
      117385000	     11639	8000acb6	00c81db3	sll	x27,x16,x12	 x16:0x3fffffb1 x12:0x00000000 x27=0x3fffffb1
      117395000	     11640	8000acba	01206fb3	or	x31,x0,x18	  x0:0x00000000 x18:0x00000001 x31=0x00000001
      117405000	     11641	8000acbe	80b9	c.srli	x9,0xe	  x9:0xfffffcef  x9=0x0003ffff
      117415000	     11642	8000acc0	017968b3	or	x17,x18,x23	 x18:0x00000001 x23:0x69d38e0c x17=0x69d38e0d
      117425000	     11643	8000acc4	8c99	c.sub	x9,x14	  x9:0x0003ffff x14:0x0000031c  x9=0x0003fce3
      117445000	     11645	8000acc6	02c960b3	rem	x1,x18,x12	 x18:0x00000001 x12:0x00000000  x1=0x00000001
      117455000	     11646	8000acca	0096e363	bltu	x13,x9,8000acd0	 x13:0x00005fff  x9:0x0003fce3
      117475000	     11648	8000acd0	0001	c.addi	x0,0	  x0:0x00000000  x0=0x00000000
      117485000	     11649	8000acd2	41e35ab3	sra	x21,x6,x30	  x6:0x2a068878 x30:0x00000001 x21=0x1503443c
      117495000	     11650	8000acd6	4105	c.li	x2,1	  x2=0x00000001
      117515000	     11652	8000acd8	02b5fb33	remu	x22,x11,x11	 x11:0x00000000 x11:0x00000000 x22=0x00000000
      117525000	     11653	8000acdc	41b8d013	srai	x0,x17,0x1b	 x17:0x69d38e0d  x0=0x00000000
      117535000	     11654	8000ace0	41600cb3	sub	x25,x0,x22	  x0:0x00000000 x22:0x00000000 x25=0x00000000
      117545000	     11655	8000ace4	01b2b633	sltu	x12,x5,x27	  x5:0x0000040e x27:0x3fffffb1 x12=0x00000001
      117555000	     11656	8000ace8	717d	c.addi16sp	x2,-16	  x2:0x00000001  x2=0xfffffff1
      117565000	     11657	8000acea	5a7d	c.li	x20,-1	 x20=0xffffffff
      117575000	     11658	8000acec	8df1	c.and	x11,x12	 x11:0x00000000 x12:0x00000001 x11=0x00000000
      117585000	     11659	8000acee	01a02433	slt	x8,x0,x26	  x0:0x00000000 x26:0x80025ce4  x8=0x00000000
      117595000	     11660	8000acf2	01d30f63	beq	x6,x29,8000ad10	  x6:0x2a068878 x29:0xfffffb75
      117605000	     11661	8000acf6	00ca9d63	bne	x21,x12,8000ad10	 x21:0x1503443c x12:0x00000001
      117655000	     11666	8000ad10	02b51033	mulh	x0,x10,x11	 x10:0x80025b3a x11:0x00000000  x0=0x00000000
      117695000	     11670	8000ad14	02a0beb3	mulhu	x29,x1,x10	  x1:0x00000001 x10:0x80025b3a x29=0x00000000
      117705000	     11671	8000ad18	016fd233	srl	x4,x31,x22	 x31:0x00000001 x22:0x00000000  x4=0x00000001
      117715000	     11672	8000ad1c	0001	c.addi	x0,0	  x0:0x00000000  x0=0x00000000
      117725000	     11673	8000ad1e	8eb5	c.xor	x13,x13	 x13:0x00005fff x13:0x00005fff x13=0x00000000
      117735000	     11674	8000ad20	61e5	c.lui	x3,0x19	  x3=0x00019000
      117745000	     11675	8000ad22	0168d263	bge	x17,x22,8000ad26	 x17:0x69d38e0d x22:0x00000000
      118135000	     11714	8000ad26	03385333	divu	x6,x16,x19	 x16:0x3fffffb1 x19:0x80021e0c  x6=0x00000000
      118145000	     11715	8000ad2a	8659	c.srai	x12,0x16	 x12:0x00000001 x12=0x00000000
      118515000	     11752	8000ad2c	02f3ebb3	rem	x23,x7,x15	  x7:0xfaeb9c09 x15:0x8001f8c5 x23=0xfaeb9c09
      118525000	     11753	8000ad30	861e	c.mv	x12,x7	  x0:0x00000000  x7:0xfaeb9c09 x12=0xfaeb9c09
      118535000	     11754	8000ad32	8931	c.andi	x10,12	 x10:0x80025b3a x10=0x00000008
      118545000	     11755	8000ad34	01531c13	slli	x24,x6,0x15	  x6:0x00000000 x24=0x00000000
      118555000	     11756	8000ad38	401cdf13	srai	x30,x25,0x1	 x25:0x00000000 x30=0x00000000
      118565000	     11757	8000ad3c	40b15093	srai	x1,x2,0xb	  x2:0xfffffff1  x1=0xffffffff
      118575000	     11758	8000ad40	0165b2b3	sltu	x5,x11,x22	 x11:0x00000000 x22:0x00000000  x5=0x00000000
      118605000	     11761	8000ad44	02f00533	mul	x10,x0,x15	  x0:0x00000000 x15:0x8001f8c5 x10=0x00000000
      118615000	     11762	8000ad48	0001	c.addi	x0,0	  x0:0x00000000  x0=0x00000000
      118625000	     11763	8000ad4a	cc99	c.beqz	x9,8000ad68	  x9:0x0003fce3
      118665000	     11767	8000ad4c	0360a733	mulhsu	x14,x1,x22	  x1:0xffffffff x22:0x00000000 x14=0x00000000
      118675000	     11768	8000ad50	77724293	xori	x5,x4,1911	  x4:0x00000001  x5=0x00000776
      118685000	     11769	8000ad54	2c3dbb93	sltiu	x23,x27,707	 x27:0x3fffffb1 x23=0x00000000
      118695000	     11770	8000ad58	41ee5093	srai	x1,x28,0x1e	 x28:0x00000001  x1=0x00000000
      118705000	     11771	8000ad5c	01ee9d93	slli	x27,x29,0x1e	 x29:0x00000000 x27=0x00000000
      118725000	     11773	8000ad60	02d87c33	remu	x24,x16,x13	 x16:0x3fffffb1 x13:0x00000000 x24=0x3fffffb1
      118765000	     11777	8000ad64	03d29133	mulh	x2,x5,x29	  x5:0x00000776 x29:0x00000000  x2=0x00000000
      118795000	     11780	8000ad68	03118a33	mul	x20,x3,x17	  x3:0x00019000 x17:0x69d38e0d x20=0x8df45000
      118805000	     11781	8000ad6c	05eb4363	blt	x22,x30,8000adb2	 x22:0x00000000 x30:0x00000000
      118815000	     11782	8000ad70	5c7d	c.li	x24,-1	 x24=0xffffffff
      118825000	     11783	8000ad72	417e5093	srai	x1,x28,0x17	 x28:0x00000001  x1=0x00000000
      118835000	     11784	8000ad76	a23b6a97	auipc	x21,0xa23b6	 x21=0x223c0d76
      118845000	     11785	8000ad7a	cd89	c.beqz	x11,8000ad94	 x11:0x00000000
      118865000	     11787	8000ad94	00c69913	slli	x18,x13,0xc	 x13:0x00000000 x18=0x00000000
      118905000	     11791	8000ad98	03e5bc33	mulhu	x24,x11,x30	 x11:0x00000000 x30:0x00000000 x24=0x00000000
      118945000	     11795	8000ad9c	02819033	mulh	x0,x3,x8	  x3:0x00019000  x8:0x00000000  x0=0x00000000
      118955000	     11796	8000ada0	416707b3	sub	x15,x14,x22	 x14:0x00000000 x22:0x00000000 x15=0x00000000
      118965000	     11797	8000ada4	0d5d8c97	auipc	x25,0xd5d8	 x25=0x8d5e2da4
      118975000	     11798	8000ada8	8fc1	c.or	x15,x8	 x15:0x00000000  x8:0x00000000 x15=0x00000000
      118985000	     11799	8000adaa	017e6663	bltu	x28,x23,8000adb6	 x28:0x00000001 x23:0x00000000
      118995000	     11800	8000adae	004ff463	bgeu	x31,x4,8000adb6	 x31:0x00000001  x4:0x00000001
      119025000	     11803	8000adb6	00c9a733	slt	x14,x19,x12	 x19:0x80021e0c x12:0xfaeb9c09 x14=0x00000001
      119035000	     11804	8000adba	776d4413	xori	x8,x26,1910	 x26:0x80025ce4  x8=0x80025b92
      119075000	     11808	8000adbe	03c0bcb3	mulhu	x25,x1,x28	  x1:0x00000000 x28:0x00000001 x25=0x00000000
      119085000	     11809	8000adc2	8d9a	c.mv	x27,x6	  x0:0x00000000  x6:0x00000000 x27=0x00000000
      119095000	     11810	8000adc4	015a9f93	slli	x31,x21,0x15	 x21:0x223c0d76 x31=0xaec00000
      119105000	     11811	8000adc8	8725	c.srai	x14,0x9	 x14:0x00000001 x14=0x00000000
      119115000	     11812	8000adca	0138d813	srli	x16,x17,0x13	 x17:0x69d38e0d x16=0x00000d3a
      119125000	     11813	8000adce	94da	c.add	x9,x22	  x9:0x0003fce3 x22:0x00000000  x9=0x0003fce3
      119135000	     11814	8000add0	b13d0093	addi	x1,x26,-1261	 x26:0x80025ce4  x1=0x800257f7
      119145000	     11815	8000add4	0010b0b3	sltu	x1,x1,x1	  x1:0x800257f7  x1:0x800257f7  x1=0x00000000
      119155000	     11816	8000add8	1414	c.addi4spn	x13,x2,544	 x13=0x00000220
      119165000	     11817	8000adda	10002713	slti	x14,x0,256	  x0:0x00000000 x14=0x00000001
      119175000	     11818	8000adde	c766e213	ori	x4,x13,-906	 x13:0x00000220  x4=0xfffffe76
      119185000	     11819	8000ade2	80e5	c.srli	x9,0x19	  x9:0x0003fce3  x9=0x00000000
      119195000	     11820	8000ade4	50698893	addi	x17,x19,1286	 x19:0x80021e0c x17=0x80022312
      119205000	     11821	8000ade8	01222233	slt	x4,x4,x18	  x4:0xfffffe76 x18:0x00000000  x4=0x00000001
      119215000	     11822	8000adec	01da3033	sltu	x0,x20,x29	 x20:0x8df45000 x29:0x00000000  x0=0x00000000
      119225000	     11823	8000adf0	45b5aa13	slti	x20,x11,1115	 x11:0x00000000 x20=0x00000001
      119235000	     11824	8000adf4	12e7d7b7	lui	x15,0x12e7d	 x15=0x12e7d000
      119245000	     11825	8000adf8	01eccc63	blt	x25,x30,8000ae10	 x25:0x00000000 x30:0x00000000
      119255000	     11826	8000adfc	117d	c.addi	x2,-1	  x2:0x00000000  x2=0xffffffff
      119265000	     11827	8000adfe	82e60293	addi	x5,x12,-2002	 x12:0xfaeb9c09  x5=0xfaeb9437
      119635000	     11864	8000ae02	028972b3	remu	x5,x18,x8	 x18:0x00000000  x8:0x80025b92  x5=0x00000000
      119645000	     11865	8000ae06	8de9	c.and	x11,x10	 x11:0x00000000 x10:0x00000000 x11=0x00000000
      119655000	     11866	8000ae08	7b738c93	addi	x25,x7,1975	  x7:0xfaeb9c09 x25=0xfaeba3c0
      119665000	     11867	8000ae0c	0ff0000f	fence	iorw,iorw	
      119705000	     11871	8000ae10	03d83eb3	mulhu	x29,x16,x29	 x16:0x00000d3a x29:0x00000000 x29=0x00000000
      120075000	     11908	8000ae14	03037b33	remu	x22,x6,x16	  x6:0x00000000 x16:0x00000d3a x22=0x00000000
      120085000	     11909	8000ae18	0001	c.addi	x0,0	  x0:0x00000000  x0=0x00000000
      120125000	     11913	8000ae1a	039b1333	mulh	x6,x22,x25	 x22:0x00000000 x25:0xfaeba3c0  x6=0x00000000
      120135000	     11914	8000ae1e	014084b3	add	x9,x1,x20	  x1:0x00000000 x20:0x00000001  x9=0x00000001
      120145000	     11915	8000ae22	6799	c.lui	x15,0x6	 x15=0x00006000
      120155000	     11916	8000ae24	56cec593	xori	x11,x29,1388	 x29:0x00000000 x11=0x0000056c
      120195000	     11920	8000ae28	0388b8b3	mulhu	x17,x17,x24	 x17:0x80022312 x24:0x00000000 x17=0x00000000
      120205000	     11921	8000ae2c	01b15d63	bge	x2,x27,8000ae46	  x2:0xffffffff x27:0x00000000
      120215000	     11922	8000ae30	01c49463	bne	x9,x28,8000ae38	  x9:0x00000001 x28:0x00000001
      120225000	     11923	8000ae34	46b9	c.li	x13,14	 x13=0x0000000e
      120235000	     11924	8000ae36	8ea1	c.xor	x13,x8	 x13:0x0000000e  x8:0x80025b92 x13=0x80025b9c
      120245000	     11925	8000ae38	e019	c.bnez	x8,8000ae3e	  x8:0x80025b92
      120275000	     11928	8000ae3e	01975333	srl	x6,x14,x25	 x14:0x00000001 x25:0xfaeba3c0  x6=0x00000001
      120285000	     11929	8000ae42	a89ec913	xori	x18,x29,-1399	 x29:0x00000000 x18=0xfffffa89
      120295000	     11930	8000ae46	013200b3	add	x1,x4,x19	  x4:0x00000001 x19:0x80021e0c  x1=0x80021e0d
      120315000	     11932	8000ae4a	0385cf33	div	x30,x11,x24	 x11:0x0000056c x24:0x00000000 x30=0xffffffff
      120325000	     11933	8000ae4e	8ea1	c.xor	x13,x8	 x13:0x80025b9c  x8:0x80025b92 x13=0x0000000e
      120335000	     11934	8000ae50	9afd	c.andi	x13,-1	 x13:0x0000000e x13=0x0000000e
      120345000	     11935	8000ae52	86dd	c.srai	x13,0x17	 x13:0x0000000e x13=0x00000000
      120355000	     11936	8000ae54	01e91b93	slli	x23,x18,0x1e	 x18:0xfffffa89 x23=0x40000000
      120725000	     11973	8000ae58	0393e8b3	rem	x17,x7,x25	  x7:0xfaeb9c09 x25:0xfaeba3c0 x17=0xfffff849
      120735000	     11974	8000ae5c	01c4e333	or	x6,x9,x28	  x9:0x00000001 x28:0x00000001  x6=0x00000001
      121105000	     12011	8000ae60	02986033	rem	x0,x16,x9	 x16:0x00000d3a  x9:0x00000001  x0=0x00000000
      121115000	     12012	8000ae64	8d00d637	lui	x12,0x8d00d	 x12=0x8d00d000
      121155000	     12016	8000ae68	0392adb3	mulhsu	x27,x5,x25	  x5:0x00000000 x25:0xfaeba3c0 x27=0x00000000
      121165000	     12017	8000ae6c	02208863	beq	x1,x2,8000ae9c	  x1:0x80021e0d  x2:0xffffffff
      121175000	     12018	8000ae70	004f9db3	sll	x27,x31,x4	 x31:0xaec00000  x4:0x00000001 x27=0x5d800000
      121185000	     12019	8000ae74	d84c2893	slti	x17,x24,-636	 x24:0x00000000 x17=0x00000000
      121215000	     12022	8000ae78	03d384b3	mul	x9,x7,x29	  x7:0xfaeb9c09 x29:0x00000000  x9=0x00000000
      121225000	     12023	8000ae7c	0e9d8f93	addi	x31,x27,233	 x27:0x5d800000 x31=0x5d8000e9
      121235000	     12024	8000ae80	8fb1	c.xor	x15,x12	 x15:0x00006000 x12:0x8d00d000 x15=0x8d00b000
      121245000	     12025	8000ae82	01349d93	slli	x27,x9,0x13	  x9:0x00000000 x27=0x00000000
      121255000	     12026	8000ae86	000ad033	srl	x0,x21,x0	 x21:0x223c0d76  x0:0x00000000  x0=0x00000000
      121265000	     12027	8000ae8a	8b49	c.andi	x14,18	 x14:0x00000001 x14=0x00000000
      121275000	     12028	8000ae8c	008d1113	slli	x2,x26,0x8	 x26:0x80025ce4  x2=0x025ce400
      121285000	     12029	8000ae90	04e41263	bne	x8,x14,8000aed4	  x8:0x80025b92 x14:0x00000000
      121305000	     12031	8000aed4	0001	c.addi	x0,0	  x0:0x00000000  x0=0x00000000
      121315000	     12032	8000aed6	8df5	c.and	x11,x13	 x11:0x0000056c x13:0x00000000 x11=0x00000000
      121325000	     12033	8000aed8	00688833	add	x16,x17,x6	 x17:0x00000000  x6:0x00000001 x16=0x00000001
      121365000	     12037	8000aedc	0309b4b3	mulhu	x9,x19,x16	 x19:0x80021e0c x16:0x00000001  x9=0x00000000
      121375000	     12038	8000aee0	03b88663	beq	x17,x27,8000af0c	 x17:0x00000000 x27:0x00000000
      121395000	     12040	8000af0c	01bbd413	srli	x8,x23,0x1b	 x23:0x40000000  x8=0x00000008
      121405000	     12041	8000af10	005fa933	slt	x18,x31,x5	 x31:0x5d8000e9  x5:0x00000000 x18=0x00000000
      121415000	     12042	8000af14	1e883917	auipc	x18,0x1e883	 x18=0x9e88df14
      121425000	     12043	8000af18	717d	c.addi16sp	x2,-16	  x2:0x025ce400  x2=0x025ce3f0
      121435000	     12044	8000af1a	01a4cf33	xor	x30,x9,x26	  x9:0x00000000 x26:0x80025ce4 x30=0x80025ce4
      121445000	     12045	8000af1e	0ff0000f	fence	iorw,iorw	
      121455000	     12046	8000af22	28597893	andi	x17,x18,645	 x18:0x9e88df14 x17=0x00000204
      121465000	     12047	8000af26	00c8de33	srl	x28,x17,x12	 x17:0x00000204 x12:0x8d00d000 x28=0x00000204
      121475000	     12048	8000af2a	c005	c.beqz	x8,8000af4a	  x8:0x00000008
      121485000	     12049	8000af2c	624fe413	ori	x8,x31,1572	 x31:0x5d8000e9  x8=0x5d8006ed
      121855000	     12086	8000af30	02615db3	divu	x27,x2,x6	  x2:0x025ce3f0  x6:0x00000001 x27=0x025ce3f0
      121895000	     12090	8000af34	02b39c33	mulh	x24,x7,x11	  x7:0xfaeb9c09 x11:0x00000000 x24=0x00000000
      121905000	     12091	8000af38	0001	c.addi	x0,0	  x0:0x00000000  x0=0x00000000
      121915000	     12092	8000af3a	47f1	c.li	x15,28	 x15=0x0000001c
      122285000	     12129	8000af3c	0320f533	remu	x10,x1,x18	  x1:0x80021e0d x18:0x9e88df14 x10=0x80021e0d
      122295000	     12130	8000af40	1680c713	xori	x14,x1,360	  x1:0x80021e0d x14=0x80021f65
      122305000	     12131	8000af44	01d86693	ori	x13,x16,29	 x16:0x00000001 x13=0x0000001d
      122315000	     12132	8000af48	8d4d	c.or	x10,x11	 x10:0x80021e0d x11:0x00000000 x10=0x80021e0d
      122355000	     12136	8000af4a	033e2cb3	mulhsu	x25,x28,x19	 x28:0x00000204 x19:0x80021e0c x25=0x00000102
      122365000	     12137	8000af4e	0145b5b3	sltu	x11,x11,x20	 x11:0x00000000 x20:0x00000001 x11=0x00000001
      122735000	     12174	8000af52	02cae6b3	rem	x13,x21,x12	 x21:0x223c0d76 x12:0x8d00d000 x13=0x223c0d76
      122745000	     12175	8000af56	01f324b3	slt	x9,x6,x31	  x6:0x00000001 x31:0x5d8000e9  x9=0x00000001
      122755000	     12176	8000af5a	4de1	c.li	x27,24	 x27=0x00000018
      122765000	     12177	8000af5c	6d24f337	lui	x6,0x6d24f	  x6=0x6d24f000
      122775000	     12178	8000af60	0000100f	fence.i	
      122795000	     12180	8000af64	400d8db3	sub	x27,x27,x0	 x27:0x00000018  x0:0x00000000 x27=0x00000018
      122805000	     12181	8000af68	01469f33	sll	x30,x13,x20	 x13:0x223c0d76 x20:0x00000001 x30=0x44781aec
      122815000	     12182	8000af6c	52fd	c.li	x5,-1	  x5=0xffffffff
      122835000	     12184	8000af6e	020bd033	divu	x0,x23,x0	 x23:0x40000000  x0:0x00000000  x0=0x00000000
      122845000	     12185	8000af72	002140b3	xor	x1,x2,x2	  x2:0x025ce3f0  x2:0x025ce3f0  x1=0x00000000
      122855000	     12186	8000af76	195bee93	ori	x29,x23,405	 x23:0x40000000 x29=0x40000195
      122895000	     12190	8000af7a	03703333	mulhu	x6,x0,x23	  x0:0x00000000 x23:0x40000000  x6=0x00000000
      122905000	     12191	8000af7e	01b59f93	slli	x31,x11,0x1b	 x11:0x00000001 x31=0x08000000
      122915000	     12192	8000af82	00948633	add	x12,x9,x9	  x9:0x00000001  x9:0x00000001 x12=0x00000002
      122925000	     12193	8000af86	0001	c.addi	x0,0	  x0:0x00000000  x0=0x00000000
      122965000	     12197	8000af88	038b3533	mulhu	x10,x22,x24	 x22:0x00000000 x24:0x00000000 x10=0x00000000
      122975000	     12198	8000af8c	0154e5b3	or	x11,x9,x21	  x9:0x00000001 x21:0x223c0d76 x11=0x223c0d77
      122985000	     12199	8000af90	01e96e63	bltu	x18,x30,8000afac	 x18:0x9e88df14 x30:0x44781aec
      123355000	     12236	8000af94	03a26fb3	rem	x31,x4,x26	  x4:0x00000001 x26:0x80025ce4 x31=0x00000001
      123365000	     12237	8000af98	c699	c.beqz	x13,8000afa6	 x13:0x223c0d76
      123375000	     12238	8000af9a	8772	c.mv	x14,x28	  x0:0x00000000 x28:0x00000204 x14=0x00000204
      123385000	     12239	8000af9c	c089	c.beqz	x9,8000af9e	  x9:0x00000001
      123395000	     12240	8000af9e	00491d93	slli	x27,x18,0x4	 x18:0x9e88df14 x27=0xe88df140
      123405000	     12241	8000afa2	0175e963	bltu	x11,x23,8000afb4	 x11:0x223c0d77 x23:0x40000000
      123425000	     12243	8000afb4	413b5593	srai	x11,x22,0x13	 x22:0x00000000 x11=0x00000000
      123435000	     12244	8000afb8	b586e893	ori	x17,x13,-1192	 x13:0x223c0d76 x17=0xffffff7e
      123805000	     12281	8000afbc	034f70b3	remu	x1,x30,x20	 x30:0x44781aec x20:0x00000001  x1=0x00000000
      123815000	     12282	8000afc0	f1e8e713	ori	x14,x17,-226	 x17:0xffffff7e x14=0xffffff7e
      123825000	     12283	8000afc4	80cb2613	slti	x12,x22,-2036	 x22:0x00000000 x12=0x00000000
      123835000	     12284	8000afc8	8d41	c.or	x10,x8	 x10:0x00000000  x8:0x5d8006ed x10=0x5d8006ed
      123845000	     12285	8000afca	08505297	auipc	x5,0x8505	  x5=0x8850ffca
      123855000	     12286	8000afce	628ec593	xori	x11,x29,1576	 x29:0x40000195 x11=0x400007bd
      123865000	     12287	8000afd2	6811	c.lui	x16,0x4	 x16=0x00004000
      123875000	     12288	8000afd4	9ebe	c.add	x29,x15	 x29:0x40000195 x15:0x0000001c x29=0x400001b1
      123885000	     12289	8000afd6	0334e263	bltu	x9,x19,8000affa	  x9:0x00000001 x19:0x80021e0c
      123915000	     12292	8000affa	00892033	slt	x0,x18,x8	 x18:0x9e88df14  x8:0x5d8006ed  x0=0x00000000
      123925000	     12293	8000affe	00dbd333	srl	x6,x23,x13	 x23:0x40000000 x13:0x223c0d76  x6=0x00000100
      123935000	     12294	8000b002	0003d313	srli	x6,x7,0x0	  x7:0xfaeb9c09  x6=0xfaeb9c09
      123945000	     12295	8000b006	e1f03b93	sltiu	x23,x0,-481	  x0:0x00000000 x23=0x00000001
      123985000	     12299	8000b00a	02bc9eb3	mulh	x29,x25,x11	 x25:0x00000102 x11:0x400007bd x29=0x00000040
      123995000	     12300	8000b00e	b4ab3c13	sltiu	x24,x22,-1206	 x22:0x00000000 x24=0x00000001
      124035000	     12304	8000b012	03d32f33	mulhsu	x30,x6,x29	  x6:0xfaeb9c09 x29:0x00000040 x30=0xfffffffe
      124045000	     12305	8000b016	0be2	c.slli	x23,0x18	 x23:0x00000001 x23=0x01000000
      124055000	     12306	8000b018	41e75eb3	sra	x29,x14,x30	 x14:0xffffff7e x30:0xfffffffe x29=0xffffffff
      124095000	     12310	8000b01c	037d2b33	mulhsu	x22,x26,x23	 x26:0x80025ce4 x23:0x01000000 x22=0xff80025c
      124105000	     12311	8000b020	7d837d93	andi	x27,x6,2008	  x6:0xfaeb9c09 x27=0x00000408
      124115000	     12312	8000b024	1210	c.addi4spn	x12,x2,288	 x12=0x025ce510
      124125000	     12313	8000b026	00b35e63	bge	x6,x11,8000b042	  x6:0xfaeb9c09 x11:0x400007bd
      124135000	     12314	8000b02a	882d	c.andi	x8,11	  x8:0x5d8006ed  x8=0x00000009
      124145000	     12315	8000b02c	41d85593	srai	x11,x16,0x1d	 x16:0x00004000 x11=0x00000000
      124155000	     12316	8000b030	6bed	c.lui	x23,0x1b	 x23=0x0001b000
      124185000	     12319	8000b032	02cd0433	mul	x8,x26,x12	 x26:0x80025ce4 x12:0x025ce510  x8=0x472dc240
      124195000	     12320	8000b036	00145c93	srli	x25,x8,0x1	  x8:0x472dc240 x25=0x2396e120
      124205000	     12321	8000b03a	41b25193	srai	x3,x4,0x1b	  x4:0x00000001  x3=0x00000000
      124215000	     12322	8000b03e	985fb413	sltiu	x8,x31,-1659	 x31:0x00000001  x8=0x00000001
      124225000	     12323	8000b042	0000100f	fence.i	
      124285000	     12329	8000b046	02a7beb3	mulhu	x29,x15,x10	 x15:0x0000001c x10:0x5d8006ed x29=0x0000000a
      124295000	     12330	8000b04a	00969413	slli	x8,x13,0x9	 x13:0x223c0d76  x8=0x781aec00
      124305000	     12331	8000b04e	8ef9	c.and	x13,x14	 x13:0x223c0d76 x14:0xffffff7e x13=0x223c0d76
      124315000	     12332	8000b050	018595b3	sll	x11,x11,x24	 x11:0x00000000 x24:0x00000001 x11=0x00000000
      124325000	     12333	8000b054	409edab3	sra	x21,x29,x9	 x29:0x0000000a  x9:0x00000001 x21=0x00000005
      124335000	     12334	8000b058	02e1c363	blt	x3,x14,8000b07e	  x3:0x00000000 x14:0xffffff7e
      124345000	     12335	8000b05c	01a37b63	bgeu	x6,x26,8000b072	  x6:0xfaeb9c09 x26:0x80025ce4
      124735000	     12374	8000b072	0367f433	remu	x8,x15,x22	 x15:0x0000001c x22:0xff80025c  x8=0x0000001c
      124745000	     12375	8000b076	8e61	c.and	x12,x8	 x12:0x025ce510  x8:0x0000001c x12=0x00000010
      124755000	     12376	8000b078	00b5b8b3	sltu	x17,x11,x11	 x11:0x00000000 x11:0x00000000 x17=0x00000000
      124765000	     12377	8000b07c	8bf1	c.andi	x15,28	 x15:0x0000001c x15=0x0000001c
      124775000	     12378	8000b07e	02491863	bne	x18,x4,8000b0ae	 x18:0x9e88df14  x4:0x00000001
      124795000	     12380	8000b0ae	0001	c.addi	x0,0	  x0:0x00000000  x0=0x00000000
      124805000	     12381	8000b0b0	8ec1	c.or	x13,x8	 x13:0x223c0d76  x8:0x0000001c x13=0x223c0d7e
      124815000	     12382	8000b0b2	056a	c.slli	x10,0x1a	 x10:0x5d8006ed x10=0xb4000000
      124825000	     12383	8000b0b4	003cd263	bge	x25,x3,8000b0b8	 x25:0x2396e120  x3:0x00000000
      124845000	     12385	8000b0b8	84b1	c.srai	x9,0xc	  x9:0x00000001  x9=0x00000000
      124855000	     12386	8000b0ba	0ff0000f	fence	iorw,iorw	
      124865000	     12387	8000b0be	02f14563	blt	x2,x15,8000b0e8	  x2:0x025ce3f0 x15:0x0000001c
      124875000	     12388	8000b0c2	01799413	slli	x8,x19,0x17	 x19:0x80021e0c  x8=0x06000000
      124885000	     12389	8000b0c6	717d	c.addi16sp	x2,-16	  x2:0x025ce3f0  x2=0x025ce3e0
      124895000	     12390	8000b0c8	9246	c.add	x4,x17	  x4:0x00000001 x17:0x00000000  x4=0x00000001
      124905000	     12391	8000b0ca	8efd	c.and	x13,x15	 x13:0x223c0d7e x15:0x0000001c x13=0x0000001c
      124915000	     12392	8000b0cc	05cd1063	bne	x26,x28,8000b10c	 x26:0x80025ce4 x28:0x00000204
      124935000	     12394	8000b10c	717d	c.addi16sp	x2,-16	  x2:0x025ce3e0  x2=0x025ce3d0
      124945000	     12395	8000b10e	00abdb63	bge	x23,x10,8000b124	 x23:0x0001b000 x10:0xb4000000
      124965000	     12397	8000b124	0001	c.addi	x0,0	  x0:0x00000000  x0=0x00000000
      124975000	     12398	8000b126	03f95463	bge	x18,x31,8000b14e	 x18:0x9e88df14 x31:0x00000001
      124985000	     12399	8000b12a	406e0433	sub	x8,x28,x6	 x28:0x00000204  x6:0xfaeb9c09  x8=0x051465fb
      124995000	     12400	8000b12e	40928db3	sub	x27,x5,x9	  x5:0x8850ffca  x9:0x00000000 x27=0x8850ffca
      125005000	     12401	8000b132	0000100f	fence.i	
      125035000	     12404	8000b136	01e20e33	add	x28,x4,x30	  x4:0x00000001 x30:0xfffffffe x28=0xffffffff
      125045000	     12405	8000b13a	00ee8e63	beq	x29,x14,8000b156	 x29:0x0000000a x14:0xffffff7e
      125065000	     12407	8000b13e	020254b3	divu	x9,x4,x0	  x4:0x00000001  x0:0x00000000  x9=0xffffffff
      125075000	     12408	8000b142	00c8aa33	slt	x20,x17,x12	 x17:0x00000000 x12:0x00000010 x20=0x00000001
      125085000	     12409	8000b146	00fe9463	bne	x29,x15,8000b14e	 x29:0x0000000a x15:0x0000001c
      125105000	     12411	8000b14e	0fba	c.slli	x31,0xe	 x31:0x00000001 x31=0x00004000
      125115000	     12412	8000b150	82d9	c.srli	x13,0x16	 x13:0x0000001c x13=0x00000000
      125125000	     12413	8000b152	03dbfb63	bgeu	x23,x29,8000b188	 x23:0x0001b000 x29:0x0000000a
      125145000	     12415	8000b188	00aa4333	xor	x6,x20,x10	 x20:0x00000001 x10:0xb4000000  x6=0xb4000001
      125155000	     12416	8000b18c	0ff0000f	fence	iorw,iorw	
      125165000	     12417	8000b190	8c69	c.and	x8,x10	  x8:0x051465fb x10:0xb4000000  x8=0x04000000
      125175000	     12418	8000b192	019997b3	sll	x15,x19,x25	 x19:0x80021e0c x25:0x2396e120 x15=0x80021e0c
      125185000	     12419	8000b196	009e9513	slli	x10,x29,0x9	 x29:0x0000000a x10=0x00001400
      125215000	     12422	8000b19a	02800033	mul	x0,x0,x8	  x0:0x00000000  x8:0x04000000  x0=0x00000000
      125225000	     12423	8000b19e	00f8ea33	or	x20,x17,x15	 x17:0x00000000 x15:0x80021e0c x20=0x80021e0c
      125235000	     12424	8000b1a2	0dfa	c.slli	x27,0x1e	 x27:0x8850ffca x27=0x80000000
      125245000	     12425	8000b1a4	42006b13	ori	x22,x0,1056	  x0:0x00000000 x22=0x00000420
      125255000	     12426	8000b1a8	9afd	c.andi	x13,-1	 x13:0x00000000 x13=0x00000000
      125265000	     12427	8000b1aa	024d9963	bne	x27,x4,8000b1dc	 x27:0x80000000  x4:0x00000001
      125285000	     12429	8000b1dc	02af9063	bne	x31,x10,8000b1fc	 x31:0x00004000 x10:0x00001400
      125305000	     12431	8000b1fc	8ce9	c.and	x9,x10	  x9:0xffffffff x10:0x00001400  x9=0x00001400
      125315000	     12432	8000b1fe	4ec1	c.li	x29,16	 x29=0x00000010
      125325000	     12433	8000b200	02109863	bne	x1,x1,8000b230	  x1:0x00000000  x1:0x00000000
      125695000	     12470	8000b204	02ecd133	divu	x2,x25,x14	 x25:0x2396e120 x14:0xffffff7e  x2=0x00000000
      125705000	     12471	8000b208	f24ea813	slti	x16,x29,-220	 x29:0x00000010 x16=0x00000000
      125715000	     12472	8000b20c	003d9613	slli	x12,x27,0x3	 x27:0x80000000 x12=0x00000000
      125725000	     12473	8000b210	01610eb3	add	x29,x2,x22	  x2:0x00000000 x22:0x00000420 x29=0x00000420
      125735000	     12474	8000b214	00809613	slli	x12,x1,0x8	  x1:0x00000000 x12=0x00000000
      125745000	     12475	8000b218	0144b633	sltu	x12,x9,x20	  x9:0x00001400 x20:0x80021e0c x12=0x00000001
      125755000	     12476	8000b21c	cc11	c.beqz	x8,8000b238	  x8:0x04000000
      125795000	     12480	8000b21e	034d28b3	mulhsu	x17,x26,x20	 x26:0x80025ce4 x20:0x80021e0c x17=0xc0001f71
      125805000	     12481	8000b222	96c8ff13	andi	x30,x17,-1684	 x17:0xc0001f71 x30=0xc0001960
      125815000	     12482	8000b226	7796a613	slti	x12,x13,1913	 x13:0x00000000 x12=0x00000001
      125825000	     12483	8000b22a	01a2e833	or	x16,x5,x26	  x5:0x8850ffca x26:0x80025ce4 x16=0x8852ffee
      125835000	     12484	8000b22e	0001	c.addi	x0,0	  x0:0x00000000  x0=0x00000000
      125875000	     12488	8000b230	029a25b3	mulhsu	x11,x20,x9	 x20:0x80021e0c  x9:0x00001400 x11=0xfffff600
      125885000	     12489	8000b234	03e1d363	bge	x3,x30,8000b25a	  x3:0x00000000 x30:0xc0001960
      125915000	     12492	8000b25a	40cb0eb3	sub	x29,x22,x12	 x22:0x00000420 x12:0x00000001 x29=0x0000041f
      125925000	     12493	8000b25e	00914463	blt	x2,x9,8000b266	  x2:0x00000000  x9:0x00001400
      125945000	     12495	8000b266	0e55	c.addi	x28,21	 x28:0xffffffff x28=0x00000014
      125955000	     12496	8000b268	01c8d313	srli	x6,x17,0x1c	 x17:0xc0001f71  x6=0x0000000c
      125965000	     12497	8000b26c	419a5493	srai	x9,x20,0x19	 x20:0x80021e0c  x9=0xffffffc0
      125975000	     12498	8000b270	6319	c.lui	x6,0x6	  x6=0x00006000
      125985000	     12499	8000b272	717d	c.addi16sp	x2,-16	  x2:0x00000000  x2=0xfffffff0
      125995000	     12500	8000b274	025df863	bgeu	x27,x5,8000b2a4	 x27:0x80000000  x5:0x8850ffca
      126005000	     12501	8000b278	01905713	srli	x14,x0,0x19	  x0:0x00000000 x14=0x00000000
      126015000	     12502	8000b27c	00065a33	srl	x20,x12,x0	 x12:0x00000001  x0:0x00000000 x20=0x00000001
      126025000	     12503	8000b280	9bfd	c.andi	x15,-1	 x15:0x80021e0c x15=0x80021e0c
      126035000	     12504	8000b282	01f525b3	slt	x11,x10,x31	 x10:0x00001400 x31:0x00004000 x11=0x00000001
      126045000	     12505	8000b286	2aea5917	auipc	x18,0x2aea5	 x18=0xaaeb0286
      126055000	     12506	8000b28a	01544563	blt	x8,x21,8000b294	  x8:0x04000000 x21:0x00000005
      126095000	     12510	8000b28e	03561ab3	mulh	x21,x12,x21	 x12:0x00000001 x21:0x00000005 x21=0x00000000
      126105000	     12511	8000b292	0151	c.addi	x2,20	  x2:0xfffffff0  x2=0x00000004
      126115000	     12512	8000b294	0ff0000f	fence	iorw,iorw	
      126125000	     12513	8000b298	8f61	c.and	x14,x8	 x14:0x00000000  x8:0x04000000 x14=0x00000000
      126135000	     12514	8000b29a	8925	c.andi	x10,9	 x10:0x00001400 x10=0x00000000
      126145000	     12515	8000b29c	e891	c.bnez	x9,8000b2b0	  x9:0xffffffc0
      126165000	     12517	8000b2b0	69bffe93	andi	x29,x31,1691	 x31:0x00004000 x29=0x00000000
      126175000	     12518	8000b2b4	717d	c.addi16sp	x2,-16	  x2:0x00000004  x2=0xfffffff4
      126185000	     12519	8000b2b6	41f9d6b3	sra	x13,x19,x31	 x19:0x80021e0c x31:0x00004000 x13=0x80021e0c
      126195000	     12520	8000b2ba	8255	c.srli	x12,0x15	 x12:0x00000001 x12=0x00000000
      126205000	     12521	8000b2bc	014de263	bltu	x27,x20,8000b2c0	 x27:0x80000000 x20:0x00000001
      126215000	     12522	8000b2c0	00e01d63	bne	x0,x14,8000b2da	  x0:0x00000000 x14:0x00000000
      126225000	     12523	8000b2c4	841d	c.srai	x8,0x7	  x8:0x04000000  x8=0x00080000
      126235000	     12524	8000b2c6	0000100f	fence.i	
      126265000	     12527	8000b2ca	0000100f	fence.i	
      126285000	     12529	8000b2ce	8b61	c.andi	x14,24	 x14:0x00000000 x14=0x00000000
      126295000	     12530	8000b2d0	01c3cb63	blt	x7,x28,8000b2e6	  x7:0xfaeb9c09 x28:0x00000014
      126325000	     12533	8000b2e6	01db9cb3	sll	x25,x23,x29	 x23:0x0001b000 x29:0x00000000 x25=0x0001b000
      126335000	     12534	8000b2ea	9a7d	c.andi	x12,-1	 x12:0x00000000 x12=0x00000000
      126365000	     12537	8000b2ec	03168db3	mul	x27,x13,x17	 x13:0x80021e0c x17:0xc0001f71 x27=0xc292b74c
      126375000	     12538	8000b2f0	8305	c.srli	x14,0x1	 x14:0x00000000 x14=0x00000000
      126385000	     12539	8000b2f2	015eaeb3	slt	x29,x29,x21	 x29:0x00000000 x21:0x00000000 x29=0x00000000
      126395000	     12540	8000b2f6	ec99	c.bnez	x9,8000b314	  x9:0xffffffc0
      126415000	     12542	8000b314	02add863	bge	x27,x10,8000b344	 x27:0xc292b74c x10:0x00000000
      126425000	     12543	8000b318	0001	c.addi	x0,0	  x0:0x00000000  x0=0x00000000
      126435000	     12544	8000b31a	814a	c.mv	x2,x18	  x0:0x00000000 x18:0xaaeb0286  x2=0xaaeb0286
      126445000	     12545	8000b31c	01979413	slli	x8,x15,0x19	 x15:0x80021e0c  x8=0x18000000
      126455000	     12546	8000b320	0001	c.addi	x0,0	  x0:0x00000000  x0=0x00000000
      126465000	     12547	8000b322	27eb4c93	xori	x25,x22,638	 x22:0x00000420 x25=0x0000065e
      126475000	     12548	8000b326	40448233	sub	x4,x9,x4	  x9:0xffffffc0  x4:0x00000001  x4=0xffffffbf
      126485000	     12549	8000b32a	8df1	c.and	x11,x12	 x11:0x00000001 x12:0x00000000 x11=0x00000000
      126495000	     12550	8000b32c	87fd	c.srai	x15,0x1f	 x15:0x80021e0c x15=0xffffffff
      126505000	     12551	8000b32e	480d	c.li	x16,3	 x16=0x00000003
      126515000	     12552	8000b330	01ec0e63	beq	x24,x30,8000b34c	 x24:0x00000001 x30:0xc0001960
      126885000	     12589	8000b334	03836333	rem	x6,x6,x24	  x6:0x00006000 x24:0x00000001  x6=0x00000000
      126895000	     12590	8000b338	61f92713	slti	x14,x18,1567	 x18:0xaaeb0286 x14=0x00000001
      126905000	     12591	8000b33c	9c8dc413	xori	x8,x27,-1592	 x27:0xc292b74c  x8=0x3d6d4e84
      126915000	     12592	8000b340	01a894b3	sll	x9,x17,x26	 x17:0xc0001f71 x26:0x80025ce4  x9=0x0001f710
      126925000	     12593	8000b344	000a37b3	sltu	x15,x20,x0	 x20:0x00000001  x0:0x00000000 x15=0x00000000
      126935000	     12594	8000b348	408a5113	srai	x2,x20,0x8	 x20:0x00000001  x2=0x00000000
      126945000	     12595	8000b34c	858a	c.mv	x11,x2	  x0:0x00000000  x2:0x00000000 x11=0x00000000
      126985000	     12599	8000b34e	03e4a6b3	mulhsu	x13,x9,x30	  x9:0x0001f710 x30:0xc0001960 x13=0x0001794c
      126995000	     12600	8000b352	015b66b3	or	x13,x22,x21	 x22:0x00000420 x21:0x00000000 x13=0x00000420
      127005000	     12601	8000b356	c189	c.beqz	x11,8000b358	 x11:0x00000000
      127025000	     12603	8000b358	000dfbb3	and	x23,x27,x0	 x27:0xc292b74c  x0:0x00000000 x23=0x00000000
      127035000	     12604	8000b35c	e88d7813	andi	x16,x26,-376	 x26:0x80025ce4 x16=0x80025c80
      127045000	     12605	8000b360	98b6	c.add	x17,x13	 x17:0xc0001f71 x13:0x00000420 x17=0xc0002391
      127085000	     12609	8000b362	020bb2b3	mulhu	x5,x23,x0	 x23:0x00000000  x0:0x00000000  x5=0x00000000
      127125000	     12613	8000b366	02913833	mulhu	x16,x2,x9	  x2:0x00000000  x9:0x0001f710 x16=0x00000000
      127135000	     12614	8000b36a	402cd213	srai	x4,x25,0x2	 x25:0x0000065e  x4=0x00000197
      127175000	     12618	8000b36e	02da1db3	mulh	x27,x20,x13	 x20:0x00000001 x13:0x00000420 x27=0x00000000
      127185000	     12619	8000b372	8805	c.andi	x8,1	  x8:0x3d6d4e84  x8=0x00000000
      127195000	     12620	8000b374	0088e933	or	x18,x17,x8	 x17:0xc0002391  x8:0x00000000 x18=0xc0002391
      127205000	     12621	8000b378	5a7d	c.li	x20,-1	 x20=0xffffffff
      127215000	     12622	8000b37a	0290	c.addi4spn	x12,x2,320	 x12=0x00000140
      127225000	     12623	8000b37c	8cb9	c.xor	x9,x14	  x9:0x0001f710 x14:0x00000001  x9=0x0001f711
      127235000	     12624	8000b37e	0ff0000f	fence	iorw,iorw	
      127245000	     12625	8000b382	0f91	c.addi	x31,4	 x31:0x00004000 x31=0x00004004
      127255000	     12626	8000b384	6e65	c.lui	x28,0x19	 x28=0x00019000
      127265000	     12627	8000b386	41c20fb3	sub	x31,x4,x28	  x4:0x00000197 x28:0x00019000 x31=0xfffe7197
      127275000	     12628	8000b38a	01915c63	bge	x2,x25,8000b3a2	  x2:0x00000000 x25:0x0000065e
      127285000	     12629	8000b38e	0001	c.addi	x0,0	  x0:0x00000000  x0=0x00000000
      127325000	     12633	8000b390	024796b3	mulh	x13,x15,x4	 x15:0x00000000  x4:0x00000197 x13=0x00000000
      127335000	     12634	8000b394	0000100f	fence.i	
      127355000	     12636	8000b398	006558b3	srl	x17,x10,x6	 x10:0x00000000  x6:0x00000000 x17=0x00000000
      127365000	     12637	8000b39c	88c2	c.mv	x17,x16	  x0:0x00000000 x16:0x00000000 x17=0x00000000
      127375000	     12638	8000b39e	8f81	c.sub	x15,x8	 x15:0x00000000  x8:0x00000000 x15=0x00000000
      127385000	     12639	8000b3a0	e309	c.bnez	x14,8000b3a2	 x14:0x00000001
      127405000	     12641	8000b3a2	9bfd	c.andi	x15,-1	 x15:0x00000000 x15=0x00000000
      127415000	     12642	8000b3a4	000e3533	sltu	x10,x28,x0	 x28:0x00019000  x0:0x00000000 x10=0x00000000
      127425000	     12643	8000b3a8	c4233d93	sltiu	x27,x6,-958	  x6:0x00000000 x27=0x00000001
      127795000	     12680	8000b3ac	03a87db3	remu	x27,x16,x26	 x16:0x00000000 x26:0x80025ce4 x27=0x00000000
      127805000	     12681	8000b3b0	17fd	c.addi	x15,-1	 x15:0x00000000 x15=0xffffffff
      127815000	     12682	8000b3b2	0001	c.addi	x0,0	  x0:0x00000000  x0=0x00000000
      127825000	     12683	8000b3b4	6e11	c.lui	x28,0x4	 x28=0x00004000
      127835000	     12684	8000b3b6	0c72	c.slli	x24,0x1c	 x24:0x00000001 x24=0x10000000
      127845000	     12685	8000b3b8	8f91	c.sub	x15,x12	 x15:0xffffffff x12:0x00000140 x15=0xfffffebf
      127855000	     12686	8000b3ba	66ebad93	slti	x27,x23,1646	 x23:0x00000000 x27=0x00000001
      127865000	     12687	8000b3be	8cd9	c.or	x9,x14	  x9:0x0001f711 x14:0x00000001  x9=0x0001f711
      127875000	     12688	8000b3c0	96d2	c.add	x13,x20	 x13:0x00000000 x20:0xffffffff x13=0xffffffff
      127885000	     12689	8000b3c2	77da0713	addi	x14,x20,1917	 x20:0xffffffff x14=0x0000077c
      127895000	     12690	8000b3c6	8d41	c.or	x10,x8	 x10:0x00000000  x8:0x00000000 x10=0x00000000
      127905000	     12691	8000b3c8	0001	c.addi	x0,0	  x0:0x00000000  x0=0x00000000
      127915000	     12692	8000b3ca	04984463	blt	x16,x9,8000b412	 x16:0x00000000  x9:0x0001f711
      127945000	     12695	8000b412	964dba13	sltiu	x20,x27,-1692	 x27:0x00000001 x20=0x00000001
      127955000	     12696	8000b416	eb05	c.bnez	x14,8000b446	 x14:0x0000077c
      127985000	     12699	8000b446	0391f097	auipc	x1,0x391f	  x1=0x8392a446
      127995000	     12700	8000b44a	0195b233	sltu	x4,x11,x25	 x11:0x00000000 x25:0x0000065e  x4=0x00000001
      128005000	     12701	8000b44e	01918f33	add	x30,x3,x25	  x3:0x00000000 x25:0x0000065e x30=0x0000065e
      128015000	     12702	8000b452	0b967693	andi	x13,x12,185	 x12:0x00000140 x13=0x00000000
      128025000	     12703	8000b456	010f1263	bne	x30,x16,8000b45a	 x30:0x0000065e x16:0x00000000
      128055000	     12706	8000b45a	ffc12313	slti	x6,x2,-4	  x2:0x00000000  x6=0x00000000
      128065000	     12707	8000b45e	01af5663	bge	x30,x26,8000b46a	 x30:0x0000065e x26:0x80025ce4
      128095000	     12710	8000b46a	00095db3	srl	x27,x18,x0	 x18:0xc0002391  x0:0x00000000 x27=0xc0002391
      128105000	     12711	8000b46e	0ff0000f	fence	iorw,iorw	
      128115000	     12712	8000b472	008c	c.addi4spn	x11,x2,64	 x11=0x00000040
      128125000	     12713	8000b474	8c8d	c.sub	x9,x11	  x9:0x0001f711 x11:0x00000040  x9=0x0001f6d1
      128135000	     12714	8000b476	00553bb3	sltu	x23,x10,x5	 x10:0x00000000  x5:0x00000000 x23=0x00000000
      128145000	     12715	8000b47a	8d09	c.sub	x10,x10	 x10:0x00000000 x10:0x00000000 x10=0x00000000
      128155000	     12716	8000b47c	035e	c.slli	x6,0x17	  x6:0x00000000  x6=0x00000000
      128165000	     12717	8000b47e	6821	c.lui	x16,0x8	 x16=0x00008000
      128175000	     12718	8000b480	717d	c.addi16sp	x2,-16	  x2:0x00000000  x2=0xfffffff0
      128185000	     12719	8000b482	41780f33	sub	x30,x16,x23	 x16:0x00008000 x23:0x00000000 x30=0x00008000
      128195000	     12720	8000b486	0107f663	bgeu	x15,x16,8000b492	 x15:0xfffffebf x16:0x00008000
      128225000	     12723	8000b492	bf082893	slti	x17,x16,-1040	 x16:0x00008000 x17=0x00000000
      128265000	     12727	8000b496	03bea633	mulhsu	x12,x29,x27	 x29:0x00000000 x27:0xc0002391 x12=0x00000000
      128275000	     12728	8000b49a	822a	c.mv	x4,x10	  x0:0x00000000 x10:0x00000000  x4=0x00000000
      128645000	     12765	8000b49c	03824c33	div	x24,x4,x24	  x4:0x00000000 x24:0x10000000 x24=0x00000000
      128655000	     12766	8000b4a0	8f85	c.sub	x15,x9	 x15:0xfffffebf  x9:0x0001f6d1 x15=0xfffe07ee
      128665000	     12767	8000b4a2	01106463	bltu	x0,x17,8000b4aa	  x0:0x00000000 x17:0x00000000
      128675000	     12768	8000b4a6	8ee1	c.and	x13,x8	 x13:0x00000000  x8:0x00000000 x13=0x00000000
      128685000	     12769	8000b4a8	870a	c.mv	x14,x2	  x0:0x00000000  x2:0xfffffff0 x14=0xfffffff0
      128695000	     12770	8000b4aa	5b7d	c.li	x22,-1	 x22=0xffffffff
      128705000	     12771	8000b4ac	86bd	c.srai	x13,0xf	 x13:0x00000000 x13=0x00000000
      128715000	     12772	8000b4ae	029d9063	bne	x27,x9,8000b4ce	 x27:0xc0002391  x9:0x0001f6d1
      128735000	     12774	8000b4ce	6129	c.addi16sp	x2,192	  x2:0xfffffff0  x2=0x000000b0
      128745000	     12775	8000b4d0	4879	c.li	x16,30	 x16=0x0000001e
      128755000	     12776	8000b4d2	8631	c.srai	x12,0xc	 x12:0x00000000 x12=0x00000000
      128765000	     12777	8000b4d4	4c8bea93	ori	x21,x23,1224	 x23:0x00000000 x21=0x000004c8
      128775000	     12778	8000b4d8	00b0d493	srli	x9,x1,0xb	  x1:0x8392a446  x9=0x00107254
      128785000	     12779	8000b4dc	01b67463	bgeu	x12,x27,8000b4e4	 x12:0x00000000 x27:0xc0002391
      128795000	     12780	8000b4e0	004ef733	and	x14,x29,x4	 x29:0x00000000  x4:0x00000000 x14=0x00000000
      128805000	     12781	8000b4e4	003750b3	srl	x1,x14,x3	 x14:0x00000000  x3:0x00000000  x1=0x00000000
      128815000	     12782	8000b4e8	187d	c.addi	x16,-1	 x16:0x0000001e x16=0x0000001d
      128825000	     12783	8000b4ea	8eba	c.mv	x29,x14	  x0:0x00000000 x14:0x00000000 x29=0x00000000
      128835000	     12784	8000b4ec	02794763	blt	x18,x7,8000b51a	 x18:0xc0002391  x7:0xfaeb9c09
      128865000	     12787	8000b51a	0154c263	blt	x9,x21,8000b51e	  x9:0x00107254 x21:0x000004c8
      128875000	     12788	8000b51e	614d	c.addi16sp	x2,176	  x2:0x000000b0  x2=0x00000160
      128915000	     12792	8000b520	03b4bc33	mulhu	x24,x9,x27	  x9:0x00107254 x27:0xc0002391 x24=0x000c55c1
      128925000	     12793	8000b524	01be	c.slli	x3,0xf	  x3:0x00000000  x3=0x00000000
      128935000	     12794	8000b526	03187063	bgeu	x16,x17,8000b546	 x16:0x0000001d x17:0x00000000
      128965000	     12797	8000b546	00827833	and	x16,x4,x8	  x4:0x00000000  x8:0x00000000 x16=0x00000000
      128985000	     12799	8000b54a	025b6833	rem	x16,x22,x5	 x22:0xffffffff  x5:0x00000000 x16=0xffffffff
      128995000	     12800	8000b54e	0001	c.addi	x0,0	  x0:0x00000000  x0=0x00000000
      129005000	     12801	8000b550	84d1	c.srai	x9,0x14	  x9:0x00107254  x9=0x00000001
      129015000	     12802	8000b552	01abf1b3	and	x3,x23,x26	 x23:0x00000000 x26:0x80025ce4  x3=0x00000000
      129025000	     12803	8000b556	6e15	c.lui	x28,0x5	 x28=0x00005000
      129035000	     12804	8000b558	011ba233	slt	x4,x23,x17	 x23:0x00000000 x17:0x00000000  x4=0x00000000
      129045000	     12805	8000b55c	024e	c.slli	x4,0x13	  x4:0x00000000  x4=0x00000000
      129055000	     12806	8000b55e	983e	c.add	x16,x15	 x16:0xffffffff x15:0xfffe07ee x16=0xfffe07ed
      129065000	     12807	8000b560	8db5	c.xor	x11,x13	 x11:0x00000040 x13:0x00000000 x11=0x00000040
      129075000	     12808	8000b562	8c65	c.and	x8,x9	  x8:0x00000000  x9:0x00000001  x8=0x00000000
      129085000	     12809	8000b564	9b8e	c.add	x23,x3	 x23:0x00000000  x3:0x00000000 x23=0x00000000
      129455000	     12846	8000b566	03c2d4b3	divu	x9,x5,x28	  x5:0x00000000 x28:0x00005000  x9=0x00000000
      129465000	     12847	8000b56a	c009	c.beqz	x8,8000b56c	  x8:0x00000000
      129485000	     12849	8000b56c	ef1d	c.bnez	x14,8000b5aa	 x14:0x00000000
      129495000	     12850	8000b56e	0001	c.addi	x0,0	  x0:0x00000000  x0=0x00000000
      129505000	     12851	8000b570	60d8a713	slti	x14,x17,1549	 x17:0x00000000 x14=0x00000001
      129515000	     12852	8000b574	90b2	c.add	x1,x12	  x1:0x00000000 x12:0x00000000  x1=0x00000000
      129525000	     12853	8000b576	05ff8bb7	lui	x23,0x5ff8	 x23=0x05ff8000
      129535000	     12854	8000b57a	5110b513	sltiu	x10,x1,1297	  x1:0x00000000 x10=0x00000001
      129545000	     12855	8000b57e	9b7d	c.andi	x14,-1	 x14:0x00000001 x14=0x00000001
      129555000	     12856	8000b580	012525b3	slt	x11,x10,x18	 x10:0x00000001 x18:0xc0002391 x11=0x00000000
      129565000	     12857	8000b584	008f7eb3	and	x29,x30,x8	 x30:0x00008000  x8:0x00000000 x29=0x00000000
      129575000	     12858	8000b588	e48d	c.bnez	x9,8000b5b2	  x9:0x00000000
      129585000	     12859	8000b58a	0572	c.slli	x10,0x1c	 x10:0x00000001 x10=0x10000000
      129595000	     12860	8000b58c	002b4d63	blt	x22,x2,8000b5a6	 x22:0xffffffff  x2:0x00000160
      129625000	     12863	8000b5a6	012b5113	srli	x2,x22,0x12	 x22:0xffffffff  x2=0x00003fff
      129635000	     12864	8000b5aa	0174e963	bltu	x9,x23,8000b5bc	  x9:0x00000000 x23:0x05ff8000
      129655000	     12866	8000b5bc	40f986b3	sub	x13,x19,x15	 x19:0x80021e0c x15:0xfffe07ee x13=0x8004161e
      129665000	     12867	8000b5c0	0001	c.addi	x0,0	  x0:0x00000000  x0=0x00000000
      129675000	     12868	8000b5c2	987e	c.add	x16,x31	 x16:0xfffe07ed x31:0xfffe7197 x16=0xfffc7984
      129695000	     12870	8000b5c4	02534833	div	x16,x6,x5	  x6:0x00000000  x5:0x00000000 x16=0xffffffff
      129705000	     12871	8000b5c8	0061d263	bge	x3,x6,8000b5cc	  x3:0x00000000  x6:0x00000000
      129725000	     12873	8000b5cc	4190db33	sra	x22,x1,x25	  x1:0x00000000 x25:0x0000065e x22=0x00000000
      129735000	     12874	8000b5d0	0149eab3	or	x21,x19,x20	 x19:0x80021e0c x20:0x00000001 x21=0x80021e0d
      129745000	     12875	8000b5d4	01bc1c63	bne	x24,x27,8000b5ec	 x24:0x000c55c1 x27:0xc0002391
      129765000	     12877	8000b5ec	40668eb3	sub	x29,x13,x6	 x13:0x8004161e  x6:0x00000000 x29=0x8004161e
      129775000	     12878	8000b5f0	36feb613	sltiu	x12,x29,879	 x29:0x8004161e x12=0x00000000
      129795000	     12880	8000b5f4	02cc4233	div	x4,x24,x12	 x24:0x000c55c1 x12:0x00000000  x4=0xffffffff
      129805000	     12881	8000b5f8	987d	c.andi	x8,-1	  x8:0x00000000  x8=0x00000000
      129815000	     12882	8000b5fa	7891e013	ori	x0,x3,1929	  x3:0x00000000  x0=0x00000000
      129825000	     12883	8000b5fe	6fe9	c.lui	x31,0x1a	 x31=0x0001a000
      129835000	     12884	8000b600	8e89	c.sub	x13,x10	 x13:0x8004161e x10:0x10000000 x13=0x7004161e
      129845000	     12885	8000b602	00ea5463	bge	x20,x14,8000b60a	 x20:0x00000001 x14:0x00000001
      129875000	     12888	8000b60a	03e9ff63	bgeu	x19,x30,8000b648	 x19:0x80021e0c x30:0x00008000
      129895000	     12890	8000b648	0106f433	and	x8,x13,x16	 x13:0x7004161e x16:0xffffffff  x8=0x7004161e
      129905000	     12891	8000b64c	01e87c63	bgeu	x16,x30,8000b664	 x16:0xffffffff x30:0x00008000
      129925000	     12893	8000b664	f30ee293	ori	x5,x29,-208	 x29:0x8004161e  x5=0xffffff3e
      129935000	     12894	8000b668	a87edfb7	lui	x31,0xa87ed	 x31=0xa87ed000
      129945000	     12895	8000b66c	8751	c.srai	x14,0x14	 x14:0x00000001 x14=0x00000000
      129955000	     12896	8000b66e	9436	c.add	x8,x13	  x8:0x7004161e x13:0x7004161e  x8=0xe0082c3c
      129965000	     12897	8000b670	8d49	c.or	x10,x10	 x10:0x10000000 x10:0x10000000 x10=0x10000000
      129975000	     12898	8000b672	00918c63	beq	x3,x9,8000b68a	  x3:0x00000000  x9:0x00000000
      130005000	     12901	8000b68a	59dba437	lui	x8,0x59dba	  x8=0x59dba000
      130015000	     12902	8000b68e	9526	c.add	x10,x9	 x10:0x10000000  x9:0x00000000 x10=0x10000000
      130025000	     12903	8000b690	00a75763	bge	x14,x10,8000b69e	 x14:0x00000000 x10:0x10000000
      130035000	     12904	8000b694	475d0793	addi	x15,x26,1141	 x26:0x80025ce4 x15=0x80026159
      130045000	     12905	8000b698	00a861b3	or	x3,x16,x10	 x16:0xffffffff x10:0x10000000  x3=0xffffffff
      130055000	     12906	8000b69c	40dd	c.li	x1,23	  x1=0x00000017
      130065000	     12907	8000b69e	00991633	sll	x12,x18,x9	 x18:0xc0002391  x9:0x00000000 x12=0xc0002391
      130105000	     12911	8000b6a2	0270b133	mulhu	x2,x1,x7	  x1:0x00000017  x7:0xfaeb9c09  x2=0x00000016
      130115000	     12912	8000b6a6	6f09	c.lui	x30,0x2	 x30=0x00002000
      130125000	     12913	8000b6a8	852d	c.srai	x10,0xb	 x10:0x10000000 x10=0x00020000
      130135000	     12914	8000b6aa	00085833	srl	x16,x16,x0	 x16:0xffffffff  x0:0x00000000 x16=0xffffffff
      130145000	     12915	8000b6ae	068c	c.addi4spn	x11,x2,832	 x11=0x00000356
      130155000	     12916	8000b6b0	01dacc33	xor	x24,x21,x29	 x21:0x80021e0d x29:0x8004161e x24=0x00060813
      130165000	     12917	8000b6b4	8709	c.srai	x14,0x2	 x14:0x00000000 x14=0x00000000
      130175000	     12918	8000b6b6	41705693	srai	x13,x0,0x17	  x0:0x00000000 x13=0x00000000
      130185000	     12919	8000b6ba	018f1f63	bne	x30,x24,8000b6d8	 x30:0x00002000 x24:0x00060813
      130235000	     12924	8000b6d8	03bf1cb3	mulh	x25,x30,x27	 x30:0x00002000 x27:0xc0002391 x25=0xfffff800
      130245000	     12925	8000b6dc	8511	c.srai	x10,0x4	 x10:0x00020000 x10=0x00002000
      130255000	     12926	8000b6de	01ef7963	bgeu	x30,x30,8000b6f0	 x30:0x00002000 x30:0x00002000
      130275000	     12928	8000b6f0	0ff0000f	fence	iorw,iorw	
      130285000	     12929	8000b6f4	0098	c.addi4spn	x14,x2,64	 x14=0x00000056
      130295000	     12930	8000b6f6	01f4ef63	bltu	x9,x31,8000b714	  x9:0x00000000 x31:0xa87ed000
      130315000	     12932	8000b714	da4e8693	addi	x13,x29,-604	 x29:0x8004161e x13=0x800413c2
      130325000	     12933	8000b718	a7af7737	lui	x14,0xa7af7	 x14=0xa7af7000
      130335000	     12934	8000b71c	0001	c.addi	x0,0	  x0:0x00000000  x0=0x00000000
      130345000	     12935	8000b71e	8c19	c.sub	x8,x14	  x8:0x59dba000 x14:0xa7af7000  x8=0xb22c3000
      130355000	     12936	8000b720	e80d	c.bnez	x8,8000b752	  x8:0xb22c3000
      130745000	     12975	8000b752	023d60b3	rem	x1,x26,x3	 x26:0x80025ce4  x3:0xffffffff  x1=0x00000000
      130755000	     12976	8000b756	02617e63	bgeu	x2,x6,8000b792	  x2:0x00000016  x6:0x00000000
      130775000	     12978	8000b792	0001	c.addi	x0,0	  x0:0x00000000  x0=0x00000000
      130785000	     12979	8000b794	5da1fb13	andi	x22,x3,1498	  x3:0xffffffff x22=0x000005da
      130795000	     12980	8000b798	8ae6	c.mv	x21,x25	  x0:0x00000000 x25:0xfffff800 x21=0xfffff800
      130805000	     12981	8000b79a	8e41	c.or	x12,x8	 x12:0xc0002391  x8:0xb22c3000 x12=0xf22c3391
      130815000	     12982	8000b79c	011df8b3	and	x17,x27,x17	 x27:0xc0002391 x17:0x00000000 x17=0x00000000
      130825000	     12983	8000b7a0	8ff5	c.and	x15,x13	 x15:0x80026159 x13:0x800413c2 x15=0x80000140
      130835000	     12984	8000b7a2	8c55	c.or	x8,x13	  x8:0xb22c3000 x13:0x800413c2  x8=0xb22c33c2
      130845000	     12985	8000b7a4	0190	c.addi4spn	x12,x2,192	 x12=0x000000d6
      130855000	     12986	8000b7a6	8e45	c.or	x12,x9	 x12:0x000000d6  x9:0x00000000 x12=0x000000d6
      130865000	     12987	8000b7a8	41f88ab3	sub	x21,x17,x31	 x17:0x00000000 x31:0xa87ed000 x21=0x57813000
      130875000	     12988	8000b7ac	8cf5	c.and	x9,x13	  x9:0x00000000 x13:0x800413c2  x9=0x00000000
      131245000	     13025	8000b7ae	027cc2b3	div	x5,x25,x7	 x25:0xfffff800  x7:0xfaeb9c09  x5=0x00000000
      131255000	     13026	8000b7b2	01c71263	bne	x14,x28,8000b7b6	 x14:0xa7af7000 x28:0x00005000
      131285000	     13029	8000b7b6	b65e7293	andi	x5,x28,-1179	 x28:0x00005000  x5=0x00005000
      131295000	     13030	8000b7ba	01a55863	bge	x10,x26,8000b7ca	 x10:0x00002000 x26:0x80025ce4
      131315000	     13032	8000b7ca	0001	c.addi	x0,0	  x0:0x00000000  x0=0x00000000
      131325000	     13033	8000b7cc	7ba50d93	addi	x27,x10,1978	 x10:0x00002000 x27=0x000027ba
      131695000	     13070	8000b7d0	03f8f433	remu	x8,x17,x31	 x17:0x00000000 x31:0xa87ed000  x8=0x00000000
      131705000	     13071	8000b7d4	00145913	srli	x18,x8,0x1	  x8:0x00000000 x18=0x00000000
      131715000	     13072	8000b7d8	0001	c.addi	x0,0	  x0:0x00000000  x0=0x00000000
      132085000	     13109	8000b7da	034dd8b3	divu	x17,x27,x20	 x27:0x000027ba x20:0x00000001 x17=0x000027ba
      132125000	     13113	8000b7de	02bb30b3	mulhu	x1,x22,x11	 x22:0x000005da x11:0x00000356  x1=0x00000000
      132135000	     13114	8000b7e2	41b8d0b3	sra	x1,x17,x27	 x17:0x000027ba x27:0x000027ba  x1=0x00000000
      132145000	     13115	8000b7e6	68dd	c.lui	x17,0x17	 x17=0x00017000
      132155000	     13116	8000b7e8	01c20263	beq	x4,x28,8000b7ec	  x4:0xffffffff x28:0x00005000
      132165000	     13117	8000b7ec	00516663	bltu	x2,x5,8000b7f8	  x2:0x00000016  x5:0x00005000
      132185000	     13119	8000b7f8	0000100f	fence.i	
      132205000	     13121	8000b7fc	0140de93	srli	x29,x1,0x14	  x1:0x00000000 x29=0x00000000
      132215000	     13122	8000b800	d153bb93	sltiu	x23,x7,-747	  x7:0xfaeb9c09 x23=0x00000001
      132255000	     13126	8000b804	03d93233	mulhu	x4,x18,x29	 x18:0x00000000 x29:0x00000000  x4=0x00000000
      132265000	     13127	8000b808	0000100f	fence.i	
      132285000	     13129	8000b80c	9c92	c.add	x25,x4	 x25:0xfffff800  x4:0x00000000 x25=0xfffff800
      132305000	     13131	8000b80e	0211ecb3	rem	x25,x3,x1	  x3:0xffffffff  x1:0x00000000 x25=0xffffffff
      132315000	     13132	8000b812	7fb6fb13	andi	x22,x13,2043	 x13:0x800413c2 x22=0x000003c2
      132325000	     13133	8000b816	01ae0c63	beq	x28,x26,8000b82e	 x28:0x00005000 x26:0x80025ce4
      132335000	     13134	8000b81a	04cf3e13	sltiu	x28,x30,76	 x30:0x00002000 x28=0x00000000
      132345000	     13135	8000b81e	011bd213	srli	x4,x23,0x11	 x23:0x00000001  x4=0x00000000
      132355000	     13136	8000b822	012c4d63	blt	x24,x18,8000b83c	 x24:0x00060813 x18:0x00000000
      132365000	     13137	8000b826	8ce5	c.and	x9,x9	  x9:0x00000000  x9:0x00000000  x9=0x00000000
      132375000	     13138	8000b828	c009	c.beqz	x8,8000b82a	  x8:0x00000000
      132395000	     13140	8000b82a	717d	c.addi16sp	x2,-16	  x2:0x00000016  x2=0x00000006
      132405000	     13141	8000b82c	8cad	c.xor	x9,x11	  x9:0x00000000 x11:0x00000356  x9=0x00000356
      132415000	     13142	8000b82e	40d35433	sra	x8,x6,x13	  x6:0x00000000 x13:0x800413c2  x8=0x00000000
      132425000	     13143	8000b832	00c3c563	blt	x7,x12,8000b83c	  x7:0xfaeb9c09 x12:0x000000d6
      132445000	     13145	8000b83c	40370b33	sub	x22,x14,x3	 x14:0xa7af7000  x3:0xffffffff x22=0xa7af7001
      132455000	     13146	8000b840	0049ac83	lw	x25,4(x19)	 x19:0x80021e0c x25=0x80006154 PA:0x80021e10 load:0x80006154
      132465000	     13147	8000b844	8c72	c.mv	x24,x28	  x0:0x00000000 x28:0x00000000 x24=0x00000000
      132475000	     13148	8000b846	09e1	c.addi	x19,24	 x19:0x80021e0c x19=0x80021e24
      132485000	     13149	8000b848	00c86333	or	x6,x16,x12	 x16:0xffffffff x12:0x000000d6  x6=0xffffffff
      132495000	     13150	8000b84c	80a9	c.srli	x9,0xa	  x9:0x00000356  x9=0x00000000
      132505000	     13151	8000b84e	8c91	c.sub	x9,x12	  x9:0x00000000 x12:0x000000d6  x9=0xffffff2a
      132515000	     13152	8000b850	001c8793	addi	x15,x25,1	 x25:0x80006154 x15=0x80006155
      132525000	     13153	8000b854	8782	c.jr	x15	 x15:0x80006155
      132545000	     13155	80006154	ffffeb97	auipc	x23,0xffffe	 x23=0x80004154
      132555000	     13156	80006158	a2eb8b93	addi	x23,x23,-1490	 x23:0x80004154 x23=0x80003b82
      132575000	     13158	8000615c	03c7ef33	rem	x30,x15,x28	 x15:0x80006155 x28:0x00000000 x30=0x80006155
      132585000	     13159	80006160	e17b8b93	addi	x23,x23,-489	 x23:0x80003b82 x23=0x80003999
      132595000	     13160	80006164	0001	c.addi	x0,0	  x0:0x00000000  x0=0x00000000
      132605000	     13161	80006166	6165	c.addi16sp	x2,112	  x2:0x00000006  x2=0x00000076
      132615000	     13162	80006168	0033b533	sltu	x10,x7,x3	  x7:0xfaeb9c09  x3:0xffffffff x10=0x00000001
      132625000	     13163	8000616c	8c51	c.or	x8,x12	  x8:0x00000000 x12:0x000000d6  x8=0x000000d6
      132635000	     13164	8000616e	1eab8ce7	jalr	x25,490(x23)	 x23:0x80003999 x25=0x80006172
      132655000	     13166	80003b82	882d	c.andi	x8,11	  x8:0x000000d6  x8=0x00000002
      132665000	     13167	80003b84	00c5ff33	and	x30,x11,x12	 x11:0x00000356 x12:0x000000d6 x30=0x00000056
      132705000	     13171	80003b88	02579533	mulh	x10,x15,x5	 x15:0x80006155  x5:0x00005000 x10=0xffffd800
      132715000	     13172	80003b8c	410ede13	srai	x28,x29,0x10	 x29:0x00000000 x28=0x00000000
      132725000	     13173	80003b90	41710533	sub	x10,x2,x23	  x2:0x00000076 x23:0x80003999 x10=0x7fffc6dd
      132735000	     13174	80003b94	e109	c.bnez	x10,80003b96	 x10:0x7fffc6dd
      132765000	     13177	80003b96	fd098993	addi	x19,x19,-48	 x19:0x80021e24 x19=0x80021df4
      133135000	     13214	80003b9a	0222f833	remu	x16,x5,x2	  x5:0x00005000  x2:0x00000076 x16=0x00000042
      133145000	     13215	80003b9e	0199a223	sw	x25,4(x19)	 x19:0x80021df4 x25:0x80006172 PA:0x80021df8 store:0x80006172 load:0x00000000
      133155000	     13216	80003ba2	004f7533	and	x10,x30,x4	 x30:0x00000056  x4:0x00000000 x10=0x00000000
      133165000	     13217	80003ba6	01fe3033	sltu	x0,x28,x31	 x28:0x00000000 x31:0xa87ed000  x0=0x00000000
      133175000	     13218	80003baa	00f64833	xor	x16,x12,x15	 x12:0x000000d6 x15:0x80006155 x16=0x80006183
      133185000	     13219	80003bae	6139	c.addi16sp	x2,448	  x2:0x00000076  x2=0x00000236
      133195000	     13220	80003bb0	0096c863	blt	x13,x9,80003bc0	 x13:0x800413c2  x9:0xffffff2a
      133215000	     13222	80003bc0	844d	c.srai	x8,0x13	  x8:0x00000002  x8=0x00000000
      133255000	     13226	80003bc2	02c4a5b3	mulhsu	x11,x9,x12	  x9:0xffffff2a x12:0x000000d6 x11=0xffffffff
      133265000	     13227	80003bc6	0001	c.addi	x0,0	  x0:0x00000000  x0=0x00000000
      133275000	     13228	80003bc8	8baa7193	andi	x3,x20,-1862	 x20:0x00000001  x3=0x00000000
      133285000	     13229	80003bcc	01be24b3	slt	x9,x28,x27	 x28:0x00000000 x27:0x000027ba  x9=0x00000001
      133295000	     13230	80003bd0	41fc8ab3	sub	x21,x25,x31	 x25:0x80006172 x31:0xa87ed000 x21=0xd7819172
      133335000	     13234	80003bd4	02393eb3	mulhu	x29,x18,x3	 x18:0x00000000  x3:0x00000000 x29=0x00000000
      133345000	     13235	80003bd8	d7ea8913	addi	x18,x21,-642	 x21:0xd7819172 x18=0xd7818ef0
      133355000	     13236	80003bdc	01cc52b3	srl	x5,x24,x28	 x24:0x00000000 x28:0x00000000  x5=0x00000000
      133365000	     13237	80003be0	007bb033	sltu	x0,x23,x7	 x23:0x80003999  x7:0xfaeb9c09  x0=0x00000000
      133375000	     13238	80003be4	4199de93	srai	x29,x19,0x19	 x19:0x80021df4 x29=0xffffffc0
      133385000	     13239	80003be8	142b3e13	sltiu	x28,x22,322	 x22:0xa7af7001 x28=0x00000000
      133395000	     13240	80003bec	0001	c.addi	x0,0	  x0:0x00000000  x0=0x00000000
      133405000	     13241	80003bee	0274cd63	blt	x9,x7,80003c28	  x9:0x00000001  x7:0xfaeb9c09
      133415000	     13242	80003bf2	13d1a593	slti	x11,x3,317	  x3:0x00000000 x11=0x00000001
      133425000	     13243	80003bf6	1d04	c.addi4spn	x9,x2,688	  x9=0x000004e6
      133435000	     13244	80003bf8	01e9d633	srl	x12,x19,x30	 x19:0x80021df4 x30:0x00000056 x12=0x00000200
      133445000	     13245	80003bfc	0ff0000f	fence	iorw,iorw	
      133455000	     13246	80003c00	0652	c.slli	x12,0x14	 x12:0x00000200 x12=0x20000000
      133465000	     13247	80003c02	01691533	sll	x10,x18,x22	 x18:0xd7818ef0 x22:0xa7af7001 x10=0xaf031de0
      133485000	     13249	80003c06	0218ceb3	div	x29,x17,x1	 x17:0x00017000  x1:0x00000000 x29=0xffffffff
      133495000	     13250	80003c0a	24c06c93	ori	x25,x0,588	  x0:0x00000000 x25=0x0000024c
      133505000	     13251	80003c0e	5e7d	c.li	x28,-1	 x28=0xffffffff
      133515000	     13252	80003c10	f03bf217	auipc	x4,0xf03bf	  x4=0x703c2c10
      133555000	     13256	80003c14	02fd9fb3	mulh	x31,x27,x15	 x27:0x000027ba x15:0x80006155 x31=0xffffec23
      133565000	     13257	80003c18	415f5713	srai	x14,x30,0x15	 x30:0x00000056 x14=0x00000000
      133575000	     13258	80003c1c	0001	c.addi	x0,0	  x0:0x00000000  x0=0x00000000
      133585000	     13259	80003c1e	00ef5033	srl	x0,x30,x14	 x30:0x00000056 x14:0x00000000  x0=0x00000000
      133615000	     13262	80003c22	03cd0333	mul	x6,x26,x28	 x26:0x80025ce4 x28:0xffffffff  x6=0x7ffda31c
      133625000	     13263	80003c26	8c06	c.mv	x24,x1	  x0:0x00000000  x1:0x00000000 x24=0x00000000
      133635000	     13264	80003c28	e109	c.bnez	x10,80003c2a	 x10:0xaf031de0
      133665000	     13267	80003c2a	01f27e33	and	x28,x4,x31	  x4:0x703c2c10 x31:0xffffec23 x28=0x703c2c00
      133675000	     13268	80003c2e	91c6	c.add	x3,x17	  x3:0x00000000 x17:0x00017000  x3=0x00017000
      133685000	     13269	80003c30	e015	c.bnez	x8,80003c54	  x8:0x00000000
      133695000	     13270	80003c32	03ec8b63	beq	x25,x30,80003c68	 x25:0x0000024c x30:0x00000056
      133705000	     13271	80003c36	84a5	c.srai	x9,0x9	  x9:0x000004e6  x9=0x00000002
      133715000	     13272	80003c38	0000100f	fence.i	
      133735000	     13274	80003c3c	5ed73813	sltiu	x16,x14,1517	 x14:0x00000000 x16=0x00000001
      133745000	     13275	80003c40	8fd5	c.or	x15,x13	 x15:0x80006155 x13:0x800413c2 x15=0x800473d7
      133755000	     13276	80003c42	0102c533	xor	x10,x5,x16	  x5:0x00000000 x16:0x00000001 x10=0x00000001
      134125000	     13313	80003c46	02915e33	divu	x28,x2,x9	  x2:0x00000236  x9:0x00000002 x28=0x0000011b
      134135000	     13314	80003c4a	0001	c.addi	x0,0	  x0:0x00000000  x0=0x00000000
      134145000	     13315	80003c4c	40170b33	sub	x22,x14,x1	 x14:0x00000000  x1:0x00000000 x22=0x00000000
      134155000	     13316	80003c50	0686	c.slli	x13,0x1	 x13:0x800413c2 x13=0x00082784
      134165000	     13317	80003c52	8fd9	c.or	x15,x14	 x15:0x800473d7 x14:0x00000000 x15=0x800473d7
      134175000	     13318	80003c54	00f25093	srli	x1,x4,0xf	  x4:0x703c2c10  x1=0x0000e078
      134185000	     13319	80003c58	008211b3	sll	x3,x4,x8	  x4:0x703c2c10  x8:0x00000000  x3=0x703c2c10
      134195000	     13320	80003c5c	0ff0000f	fence	iorw,iorw	
      134205000	     13321	80003c60	413a56b3	sra	x13,x20,x19	 x20:0x00000001 x19:0x80021df4 x13=0x00000000
      134215000	     13322	80003c64	40a6db33	sra	x22,x13,x10	 x13:0x00000000 x10:0x00000001 x22=0x00000000
      134225000	     13323	80003c68	e6052113	slti	x2,x10,-416	 x10:0x00000001  x2=0x00000000
      134235000	     13324	80003c6c	0087c5b3	xor	x11,x15,x8	 x15:0x800473d7  x8:0x00000000 x11=0x800473d7
      134245000	     13325	80003c70	56fd	c.li	x13,-1	 x13=0xffffffff
      134255000	     13326	80003c72	0088	c.addi4spn	x10,x2,64	 x10=0x00000040
      134295000	     13330	80003c74	036e16b3	mulh	x13,x28,x22	 x28:0x0000011b x22:0x00000000 x13=0x00000000
      134665000	     13367	80003c78	035e7bb3	remu	x23,x28,x21	 x28:0x0000011b x21:0xd7819172 x23=0x0000011b
      134705000	     13371	80003c7c	0379bc33	mulhu	x24,x19,x23	 x19:0x80021df4 x23:0x0000011b x24=0x0000008d
      134715000	     13372	80003c80	0049ac83	lw	x25,4(x19)	 x19:0x80021df4 x25=0x80006172 PA:0x80021df8 load:0x80006172
      134725000	     13373	80003c84	8579	c.srai	x10,0x1e	 x10:0x00000040 x10=0x00000000
      134735000	     13374	80003c86	4176de93	srai	x29,x13,0x17	 x13:0x00000000 x29=0x00000000
      134745000	     13375	80003c8a	40f25e93	srai	x29,x4,0xf	  x4:0x703c2c10 x29=0x0000e078
      134755000	     13376	80003c8e	01bdd013	srli	x0,x27,0x1b	 x27:0x000027ba  x0=0x00000000
      134785000	     13379	80003c92	02490633	mul	x12,x18,x4	 x18:0xd7818ef0  x4:0x703c2c10 x12=0x3cea2f00
      134795000	     13380	80003c96	0009d0b3	srl	x1,x19,x0	 x19:0x80021df4  x0:0x00000000  x1=0x80021df4
      134805000	     13381	80003c9a	03098993	addi	x19,x19,48	 x19:0x80021df4 x19=0x80021e24
      134815000	     13382	80003c9e	00d1d893	srli	x17,x3,0xd	  x3:0x703c2c10 x17=0x000381e1
      134825000	     13383	80003ca2	8836	c.mv	x16,x13	  x0:0x00000000 x13:0x00000000 x16=0x00000000
      134835000	     13384	80003ca4	000c8b13	addi	x22,x25,0	 x25:0x80006172 x22=0x80006172
      134845000	     13385	80003ca8	9b02	c.jalr	x22	 x22:0x80006172  x1=0x80003caa
      135235000	     13424	80006172	03f24cb3	div	x25,x4,x31	  x4:0x703c2c10 x31:0xffffec23 x25=0xfffa5981
      135275000	     13428	80006176	0374a933	mulhsu	x18,x9,x23	  x9:0x00000002 x23:0x0000011b x18=0x00000000
      135285000	     13429	8000617a	00000617	auipc	x12,0x0	 x12=0x8000617a
      135295000	     13430	8000617e	0f460613	addi	x12,x12,244	 x12:0x8000617a x12=0x8000626e
      135305000	     13431	80006182	8ca5	c.xor	x9,x9	  x9:0x00000002  x9:0x00000002  x9=0x00000000
      135315000	     13432	80006184	0001	c.addi	x0,0	  x0:0x00000000  x0=0x00000000
      135325000	     13433	80006186	880e	c.mv	x16,x3	  x0:0x00000000  x3:0x703c2c10 x16=0x703c2c10
      135335000	     13434	80006188	40185793	srai	x15,x16,0x1	 x16:0x703c2c10 x15=0x381e1608
      135345000	     13435	8000618c	35560613	addi	x12,x12,853	 x12:0x8000626e x12=0x800065c3
      135355000	     13436	80006190	0001	c.addi	x0,0	  x0:0x00000000  x0=0x00000000
      135365000	     13437	80006192	cab60ce7	jalr	x25,-853(x12)	 x12:0x800065c3 x25=0x80006196
      135395000	     13440	8000626e	003acd63	blt	x21,x3,80006288	 x21:0xd7819172  x3:0x703c2c10
      135415000	     13442	80006288	1991	c.addi	x19,-28	 x19:0x80021e24 x19=0x80021e08
      135425000	     13443	8000628a	82e5	c.srli	x13,0x19	 x13:0x00000000 x13=0x00000000
      135435000	     13444	8000628c	0199a223	sw	x25,4(x19)	 x19:0x80021e08 x25:0x80006196 PA:0x80021e0c store:0x80006196 load:0x00000000
      135445000	     13445	80006290	0001	c.addi	x0,0	  x0:0x00000000  x0=0x00000000
      135455000	     13446	80006292	41eadf93	srai	x31,x21,0x1e	 x21:0xd7819172 x31=0xffffffff
      135465000	     13447	80006296	8222cb13	xori	x22,x5,-2014	  x5:0x00000000 x22=0xfffff822
      135475000	     13448	8000629a	00adbb33	sltu	x22,x27,x10	 x27:0x000027ba x10:0x00000000 x22=0x00000000
      135485000	     13449	8000629e	0f32	c.slli	x30,0xc	 x30:0x00000056 x30=0x00056000
      135495000	     13450	800062a0	0001	c.addi	x0,0	  x0:0x00000000  x0=0x00000000
      135505000	     13451	800062a2	00edd293	srli	x5,x27,0xe	 x27:0x000027ba  x5=0x00000000
      135515000	     13452	800062a6	7d108017	auipc	x0,0x7d108	  x0=0x00000000
      135525000	     13453	800062aa	a01fdcef	jal	x25,80003caa	 x25=0x800062ae
      135555000	     13456	80003caa	0161a533	slt	x10,x3,x22	  x3:0x703c2c10 x22:0x00000000 x10=0x00000000
      135565000	     13457	80003cae	19d1	c.addi	x19,-12	 x19:0x80021e08 x19=0x80021dfc
      135575000	     13458	80003cb0	86ad	c.srai	x13,0xb	 x13:0x00000000 x13=0x00000000
      135585000	     13459	80003cb2	0173d633	srl	x12,x7,x23	  x7:0xfaeb9c09 x23:0x0000011b x12=0x0000001f
      135595000	     13460	80003cb6	41ebd1b3	sra	x3,x23,x30	 x23:0x0000011b x30:0x00056000  x3=0x0000011b
      135605000	     13461	80003cba	db5ace13	xori	x28,x21,-587	 x21:0xd7819172 x28=0x287e6cc7
      135615000	     13462	80003cbe	8c4d	c.or	x8,x11	  x8:0x00000000 x11:0x800473d7  x8=0x800473d7
      135625000	     13463	80003cc0	0001	c.addi	x0,0	  x0:0x00000000  x0=0x00000000
      135635000	     13464	80003cc2	0199a223	sw	x25,4(x19)	 x19:0x80021dfc x25:0x800062ae PA:0x80021e00 store:0x800062ae load:0x00000000
      135645000	     13465	80003cc6	01978fb3	add	x31,x15,x25	 x15:0x381e1608 x25:0x800062ae x31=0xb81e78b6
      135655000	     13466	80003cca	99fd	c.andi	x11,-1	 x11:0x800473d7 x11=0x800473d7
      135665000	     13467	80003ccc	00159ab3	sll	x21,x11,x1	 x11:0x800473d7  x1:0x80003caa x21=0x11cf5c00
      136035000	     13504	80003cd0	021e4ab3	div	x21,x28,x1	 x28:0x287e6cc7  x1:0x80003caa x21=0x00000000
      136045000	     13505	80003cd4	8bc5	c.andi	x15,17	 x15:0x381e1608 x15=0x00000000
      136055000	     13506	80003cd6	004b1e63	bne	x22,x4,80003cf2	 x22:0x00000000  x4:0x703c2c10
      136445000	     13545	80003cf2	0397dbb3	divu	x23,x15,x25	 x15:0x00000000 x25:0x800062ae x23=0x00000000
      136455000	     13546	80003cf6	01d9fb33	and	x22,x19,x29	 x19:0x80021dfc x29:0x0000e078 x22=0x00000078
      136465000	     13547	80003cfa	84ba	c.mv	x9,x14	  x0:0x00000000 x14:0x00000000  x9=0x00000000
      136475000	     13548	80003cfc	02a7ee63	bltu	x15,x10,80003d38	 x15:0x00000000 x10:0x00000000
      136485000	     13549	80003d00	c4a1	c.beqz	x9,80003d48	  x9:0x00000000
      136505000	     13551	80003d48	0045eeb3	or	x29,x11,x4	 x11:0x800473d7  x4:0x703c2c10 x29=0xf03c7fd7
      136515000	     13552	80003d4c	0ff0000f	fence	iorw,iorw	
      136525000	     13553	80003d50	0ff0000f	fence	iorw,iorw	
      136535000	     13554	80003d54	8e7d	c.and	x12,x15	 x12:0x0000001f x15:0x00000000 x12=0x00000000
      136545000	     13555	80003d56	11f8c213	xori	x4,x17,287	 x17:0x000381e1  x4=0x000380fe
      136555000	     13556	80003d5a	8322	c.mv	x6,x8	  x0:0x00000000  x8:0x800473d7  x6=0x800473d7
      136585000	     13559	80003d5c	03208333	mul	x6,x1,x18	  x1:0x80003caa x18:0x00000000  x6=0x00000000
      136595000	     13560	80003d60	03edd963	bge	x27,x30,80003d92	 x27:0x000027ba x30:0x00056000
      136605000	     13561	80003d64	717d	c.addi16sp	x2,-16	  x2:0x00000000  x2=0xfffffff0
      136615000	     13562	80003d66	8995	c.andi	x11,5	 x11:0x800473d7 x11=0x00000005
      136625000	     13563	80003d68	002a7633	and	x12,x20,x2	 x20:0x00000001  x2:0xfffffff0 x12=0x00000000
      136635000	     13564	80003d6c	40dc8633	sub	x12,x25,x13	 x25:0x800062ae x13:0x00000000 x12=0x800062ae
      136645000	     13565	80003d70	482d	c.li	x16,11	 x16=0x0000000b
      136655000	     13566	80003d72	7bb3a113	slti	x2,x7,1979	  x7:0xfaeb9c09  x2=0x00000001
      136665000	     13567	80003d76	19a40193	addi	x3,x8,410	  x8:0x800473d7  x3=0x80047571
      136675000	     13568	80003d7a	0000100f	fence.i	
      136695000	     13570	80003d7e	9afd	c.andi	x13,-1	 x13:0x00000000 x13=0x00000000
      136705000	     13571	80003d80	8771	c.srai	x14,0x1c	 x14:0x00000000 x14=0x00000000
      136715000	     13572	80003d82	2a1f0093	addi	x1,x30,673	 x30:0x00056000  x1=0x000562a1
      137085000	     13609	80003d86	021f7033	remu	x0,x30,x1	 x30:0x00056000  x1:0x000562a1  x0=0x00000000
      137095000	     13610	80003d8a	05e98063	beq	x19,x30,80003dca	 x19:0x80021dfc x30:0x00056000
      137105000	     13611	80003d8e	011c0f63	beq	x24,x17,80003dac	 x24:0x0000008d x17:0x000381e1
      137115000	     13612	80003d92	01becdb3	xor	x27,x29,x27	 x29:0xf03c7fd7 x27:0x000027ba x27=0xf03c586d
      137125000	     13613	80003d96	e28d	c.bnez	x13,80003db8	 x13:0x00000000
      137135000	     13614	80003d98	57fd	c.li	x15,-1	 x15=0xffffffff
      137145000	     13615	80003d9a	407108b3	sub	x17,x2,x7	  x2:0x00000001  x7:0xfaeb9c09 x17=0x051463f8
      137155000	     13616	80003d9e	000f9293	slli	x5,x31,0x0	 x31:0xb81e78b6  x5=0xb81e78b6
      137165000	     13617	80003da2	41570013	addi	x0,x14,1045	 x14:0x00000000  x0=0x00000000
      137175000	     13618	80003da6	0472f163	bgeu	x5,x7,80003de8	  x5:0xb81e78b6  x7:0xfaeb9c09
      137185000	     13619	80003daa	858a	c.mv	x11,x2	  x0:0x00000000  x2:0x00000001 x11=0x00000001
      137195000	     13620	80003dac	5e7d	c.li	x28,-1	 x28=0xffffffff
      137205000	     13621	80003dae	0205	c.addi	x4,1	  x4:0x000380fe  x4=0x000380ff
      137215000	     13622	80003db0	41aec413	xori	x8,x29,1050	 x29:0xf03c7fd7  x8=0xf03c7bcd
      137235000	     13624	80003db4	02a16733	rem	x14,x2,x10	  x2:0x00000001 x10:0x00000000 x14=0x00000001
      137245000	     13625	80003db8	404e5f93	srai	x31,x28,0x4	 x28:0xffffffff x31=0xffffffff
      137255000	     13626	80003dbc	0000100f	fence.i	
      137275000	     13628	80003dc0	5cfd	c.li	x25,-1	 x25=0xffffffff
      137285000	     13629	80003dc2	03fafd63	bgeu	x21,x31,80003dfc	 x21:0x00000000 x31:0xffffffff
      137295000	     13630	80003dc6	0490d063	bge	x1,x9,80003e06	  x1:0x000562a1  x9:0x00000000
      137355000	     13636	80003e06	026cb533	mulhu	x10,x25,x6	 x25:0xffffffff  x6:0x00000000 x10=0x00000000
      137395000	     13640	80003e0a	02549a33	mulh	x20,x9,x5	  x9:0x00000000  x5:0xb81e78b6 x20=0x00000000
      137405000	     13641	80003e0e	d4783013	sltiu	x0,x16,-697	 x16:0x0000000b  x0=0x00000000
      137415000	     13642	80003e12	800d	c.srli	x8,0x3	  x8:0xf03c7bcd  x8=0x1e078f79
      137425000	     13643	80003e14	0ac9	c.addi	x21,18	 x21:0x00000000 x21=0x00000012
      137435000	     13644	80003e16	1a04	c.addi4spn	x9,x2,304	  x9=0x00000131
      137445000	     13645	80003e18	0133cc63	blt	x7,x19,80003e30	  x7:0xfaeb9c09 x19:0x80021dfc
      137455000	     13646	80003e1c	003b5263	bge	x22,x3,80003e20	 x22:0x00000078  x3:0x80047571
      137475000	     13648	80003e20	8f6e	c.mv	x30,x27	  x0:0x00000000 x27:0xf03c586d x30=0xf03c586d
      137845000	     13685	80003e22	03576bb3	rem	x23,x14,x21	 x14:0x00000001 x21:0x00000012 x23=0x00000001
      137855000	     13686	80003e26	96f0f613	andi	x12,x1,-1681	  x1:0x000562a1 x12=0x00056021
      137865000	     13687	80003e2a	99fd	c.andi	x11,-1	 x11:0x00000001 x11=0x00000001
      137875000	     13688	80003e2c	1d026793	ori	x15,x4,464	  x4:0x000380ff x15=0x000381ff
      137885000	     13689	80003e30	c4d98313	addi	x6,x19,-947	 x19:0x80021dfc  x6=0x80021a49
      137895000	     13690	80003e34	01827cb3	and	x25,x4,x24	  x4:0x000380ff x24:0x0000008d x25=0x0000008d
      137905000	     13691	80003e38	01915613	srli	x12,x2,0x19	  x2:0x00000001 x12=0x00000000
      137915000	     13692	80003e3c	0ff0000f	fence	iorw,iorw	
      137925000	     13693	80003e40	014edfb3	srl	x31,x29,x20	 x29:0xf03c7fd7 x20:0x00000000 x31=0xf03c7fd7
      137935000	     13694	80003e44	00101413	slli	x8,x0,0x1	  x0:0x00000000  x8=0x00000000
      137945000	     13695	80003e48	0598e163	bltu	x17,x25,80003e8a	 x17:0x051463f8 x25:0x0000008d
      137955000	     13696	80003e4c	01c3a6b3	slt	x13,x7,x28	  x7:0xfaeb9c09 x28:0xffffffff x13=0x00000001
      137965000	     13697	80003e50	010badb3	slt	x27,x23,x16	 x23:0x00000001 x16:0x0000000b x27=0x00000001
      137975000	     13698	80003e54	00a10333	add	x6,x2,x10	  x2:0x00000001 x10:0x00000000  x6=0x00000001
      137985000	     13699	80003e58	00465bb3	srl	x23,x12,x4	 x12:0x00000000  x4:0x000380ff x23=0x00000000
      137995000	     13700	80003e5c	00ac7033	and	x0,x24,x10	 x24:0x0000008d x10:0x00000000  x0=0x00000000
      138005000	     13701	80003e60	391ef113	andi	x2,x29,913	 x29:0xf03c7fd7  x2=0x00000391
      138015000	     13702	80003e64	66b5	c.lui	x13,0xd	 x13=0x0000d000
      138025000	     13703	80003e66	41868133	sub	x2,x13,x24	 x13:0x0000d000 x24:0x0000008d  x2=0x0000cf73
      138035000	     13704	80003e6a	815ca713	slti	x14,x25,-2027	 x25:0x0000008d x14=0x00000000
      138045000	     13705	80003e6e	6202f313	andi	x6,x5,1568	  x5:0xb81e78b6  x6=0x00000020
      138415000	     13742	80003e72	03f64c33	div	x24,x12,x31	 x12:0x00000000 x31:0xf03c7fd7 x24=0x00000000
      138425000	     13743	80003e76	0000100f	fence.i	
      138455000	     13746	80003e7a	00c59233	sll	x4,x11,x12	 x11:0x00000001 x12:0x00000000  x4=0x00000001
      138465000	     13747	80003e7e	ccbf6f93	ori	x31,x30,-821	 x30:0xf03c586d x31=0xfffffcef
      138475000	     13748	80003e82	0000100f	fence.i	
      138505000	     13751	80003e86	56148f13	addi	x30,x9,1377	  x9:0x00000131 x30=0x00000692
      138545000	     13755	80003e8a	03ceacb3	mulhsu	x25,x29,x28	 x29:0xf03c7fd7 x28:0xffffffff x25=0xf03c7fd7
      138555000	     13756	80003e8e	013186b3	add	x13,x3,x19	  x3:0x80047571 x19:0x80021dfc x13=0x0006936d
      138565000	     13757	80003e92	03755663	bge	x10,x23,80003ebe	 x10:0x00000000 x23:0x00000000
      138585000	     13759	80003ebe	8c1a	c.mv	x24,x6	  x0:0x00000000  x6:0x00000020 x24=0x00000020
      138595000	     13760	80003ec0	8a21	c.andi	x12,8	 x12:0x00000000 x12=0x00000000
      138605000	     13761	80003ec2	40ff5233	sra	x4,x30,x15	 x30:0x00000692 x15:0x000381ff  x4=0x00000000
      138615000	     13762	80003ec6	01801613	slli	x12,x0,0x18	  x0:0x00000000 x12=0x00000000
      138625000	     13763	80003eca	94b2	c.add	x9,x12	  x9:0x00000131 x12:0x00000000  x9=0x00000131
      138635000	     13764	80003ecc	00555eb3	srl	x29,x10,x5	 x10:0x00000000  x5:0xb81e78b6 x29=0x00000000
      138645000	     13765	80003ed0	0001	c.addi	x0,0	  x0:0x00000000  x0=0x00000000
      138655000	     13766	80003ed2	021a6363	bltu	x20,x1,80003ef8	 x20:0x00000000  x1:0x000562a1
      138675000	     13768	80003ef8	00f66bb3	or	x23,x12,x15	 x12:0x00000000 x15:0x000381ff x23=0x000381ff
      139045000	     13805	80003efc	0231fbb3	remu	x23,x3,x3	  x3:0x80047571  x3:0x80047571 x23=0x00000000
      139055000	     13806	80003f00	c80e7c93	andi	x25,x28,-896	 x28:0xffffffff x25=0xfffffc80
      139065000	     13807	80003f04	37485b37	lui	x22,0x37485	 x22=0x37485000
      139075000	     13808	80003f08	0001	c.addi	x0,0	  x0:0x00000000  x0=0x00000000
      139085000	     13809	80003f0a	03a7f193	andi	x3,x15,58	 x15:0x000381ff  x3=0x0000003a
      139095000	     13810	80003f0e	04179263	bne	x15,x1,80003f52	 x15:0x000381ff  x1:0x000562a1
      139115000	     13812	80003f52	0001	c.addi	x0,0	  x0:0x00000000  x0=0x00000000
      139125000	     13813	80003f54	d5ed3193	sltiu	x3,x26,-674	 x26:0x80025ce4  x3=0x00000001
      139165000	     13817	80003f58	034b91b3	mulh	x3,x23,x20	 x23:0x00000000 x20:0x00000000  x3=0x00000000
      139175000	     13818	80003f5c	414a01b3	sub	x3,x20,x20	 x20:0x00000000 x20:0x00000000  x3=0x00000000
      139185000	     13819	80003f60	83f5	c.srli	x15,0x1d	 x15:0x000381ff x15=0x00000000
      139225000	     13823	80003f62	03dd9eb3	mulh	x29,x27,x29	 x27:0x00000001 x29:0x00000000 x29=0x00000000
      139235000	     13824	80003f66	60453b37	lui	x22,0x60453	 x22=0x60453000
      139245000	     13825	80003f6a	00282db3	slt	x27,x16,x2	 x16:0x0000000b  x2:0x0000cf73 x27=0x00000001
      139255000	     13826	80003f6e	b785d597	auipc	x11,0xb785d	 x11=0x37860f6e
      139265000	     13827	80003f72	5dfd	c.li	x27,-1	 x27=0xffffffff
      139275000	     13828	80003f74	8b9e	c.mv	x23,x7	  x0:0x00000000  x7:0xfaeb9c09 x23=0xfaeb9c09
      139285000	     13829	80003f76	cf91	c.beqz	x15,80003f92	 x15:0x00000000
      139315000	     13832	80003f92	03a54163	blt	x10,x26,80003fb4	 x10:0x00000000 x26:0x80025ce4
      139325000	     13833	80003f96	01a71a33	sll	x20,x14,x26	 x14:0x00000000 x26:0x80025ce4 x20=0x00000000
      139335000	     13834	80003f9a	8225	c.srli	x12,0x9	 x12:0x00000000 x12=0x00000000
      139345000	     13835	80003f9c	ef01	c.bnez	x14,80003fb4	 x14:0x00000000
      139355000	     13836	80003f9e	062e	c.slli	x12,0xb	 x12:0x00000000 x12=0x00000000
      139365000	     13837	80003fa0	01d5c2b3	xor	x5,x11,x29	 x11:0x37860f6e x29:0x00000000  x5=0x37860f6e
      139375000	     13838	80003fa4	88d5	c.andi	x9,21	  x9:0x00000131  x9=0x00000011
      139745000	     13875	80003fa6	02b552b3	divu	x5,x10,x11	 x10:0x00000000 x11:0x37860f6e  x5=0x00000000
      139755000	     13876	80003faa	01d61db3	sll	x27,x12,x29	 x12:0x00000000 x29:0x00000000 x27=0x00000000
      139765000	     13877	80003fae	816e	c.mv	x2,x27	  x0:0x00000000 x27:0x00000000  x2=0x00000000
      139775000	     13878	80003fb0	00177433	and	x8,x14,x1	 x14:0x00000000  x1:0x000562a1  x8=0x00000000
      139785000	     13879	80003fb4	03a47663	bgeu	x8,x26,80003fe0	  x8:0x00000000 x26:0x80025ce4
      139795000	     13880	80003fb8	4a12ac37	lui	x24,0x4a12a	 x24=0x4a12a000
      139815000	     13882	80003fbc	0256d733	divu	x14,x13,x5	 x13:0x0006936d  x5:0x00000000 x14=0xffffffff
      139825000	     13883	80003fc0	a0a2d497	auipc	x9,0xa0a2d	  x9=0x20a30fc0
      139835000	     13884	80003fc4	75117913	andi	x18,x2,1873	  x2:0x00000000 x18=0x00000000
      139845000	     13885	80003fc8	01f3c0b3	xor	x1,x7,x31	  x7:0xfaeb9c09 x31:0xfffffcef  x1=0x051460e6
      139855000	     13886	80003fcc	029e	c.slli	x5,0x7	  x5:0x00000000  x5=0x00000000
      139865000	     13887	80003fce	477d	c.li	x14,31	 x14=0x0000001f
      139875000	     13888	80003fd0	0264e363	bltu	x9,x6,80003ff6	  x9:0x20a30fc0  x6:0x00000020
      139915000	     13892	80003fd4	02339233	mulh	x4,x7,x3	  x7:0xfaeb9c09  x3:0x00000000  x4=0x00000000
      139925000	     13893	80003fd8	00e01593	slli	x11,x0,0xe	  x0:0x00000000 x11=0x00000000
      139935000	     13894	80003fdc	8072cc17	auipc	x24,0x8072c	 x24=0x0072ffdc
      139945000	     13895	80003fe0	1a7d	c.addi	x20,-1	 x20:0x00000000 x20=0xffffffff
      139955000	     13896	80003fe2	8439	c.srai	x8,0xe	  x8:0x00000000  x8=0x00000000
      139965000	     13897	80003fe4	028d0d63	beq	x26,x8,8000401e	 x26:0x80025ce4  x8:0x00000000
      139975000	     13898	80003fe8	0ff0000f	fence	iorw,iorw	
      139985000	     13899	80003fec	004935b3	sltu	x11,x18,x4	 x18:0x00000000  x4:0x00000000 x11=0x00000000
      139995000	     13900	80003ff0	f97a6193	ori	x3,x20,-105	 x20:0xffffffff  x3=0xffffffff
      140005000	     13901	80003ff4	0b0a	c.slli	x22,0x2	 x22:0x60453000 x22=0x8114c000
      140025000	     13903	80003ff6	032accb3	div	x25,x21,x18	 x21:0x00000012 x18:0x00000000 x25=0xffffffff
      140035000	     13904	80003ffa	0140af33	slt	x30,x1,x20	  x1:0x051460e6 x20:0xffffffff x30=0x00000000
      140045000	     13905	80003ffe	717d	c.addi16sp	x2,-16	  x2:0x00000000  x2=0xfffffff0
      140085000	     13909	80004000	02941bb3	mulh	x23,x8,x9	  x8:0x00000000  x9:0x20a30fc0 x23=0x00000000
      140095000	     13910	80004004	4098d013	srai	x0,x17,0x9	 x17:0x051463f8  x0=0x00000000
      140105000	     13911	80004008	41b60f33	sub	x30,x12,x27	 x12:0x00000000 x27:0x00000000 x30=0x00000000
      140115000	     13912	8000400c	0c1c	c.addi4spn	x15,x2,528	 x15=0x00000200
      140155000	     13916	8000400e	02f017b3	mulh	x15,x0,x15	  x0:0x00000000 x15:0x00000200 x15=0x00000000
      140165000	     13917	80004012	00c55263	bge	x10,x12,80004016	 x10:0x00000000 x12:0x00000000
      140185000	     13919	80004016	8e59	c.or	x12,x14	 x12:0x00000000 x14:0x0000001f x12=0x0000001f
      140205000	     13921	80004018	02fa7833	remu	x16,x20,x15	 x20:0xffffffff x15:0x00000000 x16=0xffffffff
      140215000	     13922	8000401c	8fbd	c.xor	x15,x15	 x15:0x00000000 x15:0x00000000 x15=0x00000000
      140225000	     13923	8000401e	0a76a197	auipc	x3,0xa76a	  x3=0x8a76e01e
      140235000	     13924	80004022	4073dcb3	sra	x25,x7,x7	  x7:0xfaeb9c09  x7:0xfaeb9c09 x25=0xfffd75ce
      140245000	     13925	80004026	8259	c.srli	x12,0x16	 x12:0x0000001f x12=0x00000000
      140255000	     13926	80004028	8349	c.srli	x14,0x12	 x14:0x0000001f x14=0x00000000
      140295000	     13930	8000402a	02a015b3	mulh	x11,x0,x10	  x0:0x00000000 x10:0x00000000 x11=0x00000000
      140305000	     13931	8000402e	01f26f33	or	x30,x4,x31	  x4:0x00000000 x31:0xfffffcef x30=0xfffffcef
      140315000	     13932	80004032	18fd	c.addi	x17,-1	 x17:0x051463f8 x17=0x051463f7
      140325000	     13933	80004034	016ca8b3	slt	x17,x25,x22	 x25:0xfffd75ce x22:0x8114c000 x17=0x00000000
      140335000	     13934	80004038	050e	c.slli	x10,0x3	 x10:0x00000000 x10=0x00000000
      140345000	     13935	8000403a	0001	c.addi	x0,0	  x0:0x00000000  x0=0x00000000
      140355000	     13936	8000403c	0ff0000f	fence	iorw,iorw	
      140365000	     13937	80004040	610d	c.addi16sp	x2,160	  x2:0xfffffff0  x2=0x00000090
      140375000	     13938	80004042	84e32f93	slti	x31,x6,-1970	  x6:0x00000020 x31=0x00000000
      140385000	     13939	80004046	02019063	bne	x3,x0,80004066	  x3:0x8a76e01e  x0:0x00000000
      140415000	     13942	80004066	00aaa2b3	slt	x5,x21,x10	 x21:0x00000012 x10:0x00000000  x5=0x00000000
      140425000	     13943	8000406a	90466293	ori	x5,x12,-1788	 x12:0x00000000  x5=0xfffff904
      140435000	     13944	8000406e	41bc5c13	srai	x24,x24,0x1b	 x24:0x0072ffdc x24=0x00000000
      140445000	     13945	80004072	0b26	c.slli	x22,0x9	 x22:0x8114c000 x22=0x29800000
      140815000	     13982	80004074	03ad4833	div	x16,x26,x26	 x26:0x80025ce4 x26:0x80025ce4 x16=0x00000001
      140825000	     13983	80004078	1431c513	xori	x10,x3,323	  x3:0x8a76e01e x10=0x8a76e15d
      140835000	     13984	8000407c	034e6e63	bltu	x28,x20,800040b8	 x28:0xffffffff x20:0xffffffff
      140845000	     13985	80004080	97e32d93	slti	x27,x6,-1666	  x6:0x00000020 x27=0x00000000
      140855000	     13986	80004084	0179a533	slt	x10,x19,x23	 x19:0x80021dfc x23:0x00000000 x10=0x00000001
      140885000	     13989	80004088	024d0233	mul	x4,x26,x4	 x26:0x80025ce4  x4:0x00000000  x4=0x00000000
      140895000	     13990	8000408c	717d	c.addi16sp	x2,-16	  x2:0x00000090  x2=0x00000080
      140905000	     13991	8000408e	02167d63	bgeu	x12,x1,800040c8	 x12:0x00000000  x1:0x051460e6
      140915000	     13992	80004092	010077b3	and	x15,x0,x16	  x0:0x00000000 x16:0x00000001 x15=0x00000000
      140925000	     13993	80004096	02334d63	blt	x6,x3,800040d0	  x6:0x00000020  x3:0x8a76e01e
      140935000	     13994	8000409a	0ff0000f	fence	iorw,iorw	
      141305000	     14031	8000409e	0236e833	rem	x16,x13,x3	 x13:0x0006936d  x3:0x8a76e01e x16=0x0006936d
      141315000	     14032	800040a2	00e2da93	srli	x21,x5,0xe	  x5:0xfffff904 x21=0x0003ffff
      141335000	     14034	800040a6	0329c933	div	x18,x19,x18	 x19:0x80021dfc x18:0x00000000 x18=0xffffffff
      141705000	     14071	800040aa	03eac033	div	x0,x21,x30	 x21:0x0003ffff x30:0xfffffcef  x0=0x00000000
      141715000	     14072	800040ae	8d95	c.sub	x11,x13	 x11:0x00000000 x13:0x0006936d x11=0xfff96c93
      141725000	     14073	800040b0	11e17b13	andi	x22,x2,286	  x2:0x00000080 x22=0x00000000
      141765000	     14077	800040b4	03693c33	mulhu	x24,x18,x22	 x18:0xffffffff x22:0x00000000 x24=0x00000000
      141775000	     14078	800040b8	00559d63	bne	x11,x5,800040d2	 x11:0xfff96c93  x5:0xfffff904
      141805000	     14081	800040d2	014501b3	add	x3,x10,x20	 x10:0x00000001 x20:0xffffffff  x3=0x00000000
      141815000	     14082	800040d6	8ed9	c.or	x13,x14	 x13:0x0006936d x14:0x00000000 x13=0x0006936d
      141825000	     14083	800040d8	27d0e093	ori	x1,x1,637	  x1:0x051460e6  x1=0x051462ff
      141835000	     14084	800040dc	02370363	beq	x14,x3,80004102	 x14:0x00000000  x3:0x00000000
      141855000	     14086	80004102	827a	c.mv	x4,x30	  x0:0x00000000 x30:0xfffffcef  x4=0xfffffcef
      141895000	     14090	80004104	026c9f33	mulh	x30,x25,x6	 x25:0xfffd75ce  x6:0x00000020 x30=0xffffffff
      141905000	     14091	80004108	9b86	c.add	x23,x1	 x23:0x00000000  x1:0x051462ff x23=0x051462ff
      141915000	     14092	8000410a	01dc3433	sltu	x8,x24,x29	 x24:0x00000000 x29:0x00000000  x8=0x00000000
      141955000	     14096	8000410e	03d3a733	mulhsu	x14,x7,x29	  x7:0xfaeb9c09 x29:0x00000000 x14=0x00000000
      141965000	     14097	80004112	8ecd	c.or	x13,x11	 x13:0x0006936d x11:0xfff96c93 x13=0xffffffff
      141975000	     14098	80004114	c0b5ac93	slti	x25,x11,-1013	 x11:0xfff96c93 x25=0x00000001
      141985000	     14099	80004118	8039	c.srli	x8,0xe	  x8:0x00000000  x8=0x00000000
      141995000	     14100	8000411a	0ff0000f	fence	iorw,iorw	
      142005000	     14101	8000411e	0246f0b7	lui	x1,0x246f	  x1=0x0246f000
      142015000	     14102	80004122	41438a33	sub	x20,x7,x20	  x7:0xfaeb9c09 x20:0xffffffff x20=0xfaeb9c0a
      142025000	     14103	80004126	0715	c.addi	x14,5	 x14:0x00000000 x14=0x00000005
      142035000	     14104	80004128	1becbc93	sltiu	x25,x25,446	 x25:0x00000001 x25=0x00000001
      142045000	     14105	8000412c	28078513	addi	x10,x15,640	 x15:0x00000000 x10=0x00000280
      142055000	     14106	80004130	016ddc63	bge	x27,x22,80004148	 x27:0x00000000 x22:0x00000000
      142075000	     14108	80004148	4751	c.li	x14,20	 x14=0x00000014
      142085000	     14109	8000414a	8cd9	c.or	x9,x14	  x9:0x20a30fc0 x14:0x00000014  x9=0x20a30fd4
      142095000	     14110	8000414c	98ae	c.add	x17,x11	 x17:0x00000000 x11:0xfff96c93 x17=0xfff96c93
      142105000	     14111	8000414e	6505	c.lui	x10,0x1	 x10=0x00001000
      142115000	     14112	80004150	92aeeb93	ori	x23,x29,-1750	 x29:0x00000000 x23=0xfffff92a
      142125000	     14113	80004154	349e6f37	lui	x30,0x349e6	 x30=0x349e6000
      142135000	     14114	80004158	01f21733	sll	x14,x4,x31	  x4:0xfffffcef x31:0x00000000 x14=0xfffffcef
      142145000	     14115	8000415c	51fd	c.li	x3,-1	  x3=0xffffffff
      142155000	     14116	8000415e	6c11	c.lui	x24,0x4	 x24=0x00004000
      142165000	     14117	80004160	8295	c.srli	x13,0x5	 x13:0xffffffff x13=0x07ffffff
      142175000	     14118	80004162	0192	c.slli	x3,0x4	  x3:0xffffffff  x3=0xfffffff0
      142185000	     14119	80004164	0001	c.addi	x0,0	  x0:0x00000000  x0=0x00000000
      142195000	     14120	80004166	ec810e93	addi	x29,x2,-312	  x2:0x00000080 x29=0xffffff48
      142205000	     14121	8000416a	00ddcf63	blt	x27,x13,80004188	 x27:0x00000000 x13:0x07ffffff
      142225000	     14123	80004188	02979363	bne	x15,x9,800041ae	 x15:0x00000000  x9:0x20a30fd4
      142275000	     14128	800041ae	02608eb3	mul	x29,x1,x6	  x1:0x0246f000  x6:0x00000020 x29=0x48de0000
      142285000	     14129	800041b2	1c88	c.addi4spn	x10,x2,624	 x10=0x000002f0
      142295000	     14130	800041b4	055d	c.addi	x10,23	 x10:0x000002f0 x10=0x00000307
      142305000	     14131	800041b6	00757ab3	and	x21,x10,x7	 x10:0x00000307  x7:0xfaeb9c09 x21=0x00000001
      142315000	     14132	800041ba	6169	c.addi16sp	x2,208	  x2:0x00000080  x2=0x00000150
      142325000	     14133	800041bc	00a60033	add	x0,x12,x10	 x12:0x00000000 x10:0x00000307  x0=0x00000000
      142335000	     14134	800041c0	03607363	bgeu	x0,x22,800041e6	  x0:0x00000000 x22:0x00000000
      142355000	     14136	800041e6	ed8d	c.bnez	x11,80004220	 x11:0xfff96c93
      142375000	     14138	80004220	8f1d3893	sltiu	x17,x26,-1807	 x26:0x80025ce4 x17=0x00000001
      142415000	     14142	80004224	02d72633	mulhsu	x12,x14,x13	 x14:0xfffffcef x13:0x07ffffff x12=0xffffffe7
      142425000	     14143	80004228	678d	c.lui	x15,0x3	 x15=0x00003000
      142435000	     14144	8000422a	8c45	c.or	x8,x9	  x8:0x00000000  x9:0x20a30fd4  x8=0x20a30fd4
      142445000	     14145	8000422c	567d	c.li	x12,-1	 x12=0xffffffff
      142455000	     14146	8000422e	85f2	c.mv	x11,x28	  x0:0x00000000 x28:0xffffffff x11=0xffffffff
      142465000	     14147	80004230	0080f5b3	and	x11,x1,x8	  x1:0x0246f000  x8:0x20a30fd4 x11=0x00020000
      142495000	     14150	80004234	03690433	mul	x8,x18,x22	 x18:0xffffffff x22:0x00000000  x8=0x00000000
      142505000	     14151	80004238	0174bf33	sltu	x30,x9,x23	  x9:0x20a30fd4 x23:0xfffff92a x30=0x00000001
      142515000	     14152	8000423c	01be	c.slli	x3,0xf	  x3:0xfffffff0  x3=0xfff80000
      142525000	     14153	8000423e	01cad113	srli	x2,x21,0x1c	 x21:0x00000001  x2=0x00000000
      142895000	     14190	80004242	035172b3	remu	x5,x2,x21	  x2:0x00000000 x21:0x00000001  x5=0x00000000
      142905000	     14191	80004246	01e5eb63	bltu	x11,x30,8000425c	 x11:0x00020000 x30:0x00000001
      142915000	     14192	8000424a	c21d	c.beqz	x12,80004270	 x12:0xffffffff
      142925000	     14193	8000424c	997d	c.andi	x10,-1	 x10:0x00000307 x10=0x00000307
      142935000	     14194	8000424e	40820233	sub	x4,x4,x8	  x4:0xfffffcef  x8:0x00000000  x4=0xfffffcef
      142945000	     14195	80004252	01afbeb3	sltu	x29,x31,x26	 x31:0x00000000 x26:0x80025ce4 x29=0x00000001
      142955000	     14196	80004256	050e	c.slli	x10,0x3	 x10:0x00000307 x10=0x00001838
      142965000	     14197	80004258	01bd1293	slli	x5,x26,0x1b	 x26:0x80025ce4  x5=0x20000000
      142975000	     14198	8000425c	a9e82617	auipc	x12,0xa9e82	 x12=0x29e8625c
      142985000	     14199	80004260	03b60063	beq	x12,x27,80004280	 x12:0x29e8625c x27:0x00000000
      142995000	     14200	80004264	41c95733	sra	x14,x18,x28	 x18:0xffffffff x28:0xffffffff x14=0xffffffff
      143005000	     14201	80004268	bef64c13	xori	x24,x12,-1041	 x12:0x29e8625c x24=0xd61799b3
      143025000	     14203	8000426c	03f3eab3	rem	x21,x7,x31	  x7:0xfaeb9c09 x31:0x00000000 x21=0xfaeb9c09
      143035000	     14204	80004270	40585793	srai	x15,x16,0x5	 x16:0x0006936d x15=0x0000349b
      143075000	     14208	80004274	0351b133	mulhu	x2,x3,x21	  x3:0xfff80000 x21:0xfaeb9c09  x2=0xfae3c4ac
      143085000	     14209	80004278	9be6	c.add	x23,x25	 x23:0xfffff92a x25:0x00000001 x23=0xfffff92b
      143095000	     14210	8000427a	986cf097	auipc	x1,0x986cf	  x1=0x186d327a
      143105000	     14211	8000427e	c0a1	c.beqz	x9,800042be	  x9:0x20a30fd4
      143115000	     14212	80004280	0157e133	or	x2,x15,x21	 x15:0x0000349b x21:0xfaeb9c09  x2=0xfaebbc9b
      143125000	     14213	80004284	b7d4e497	auipc	x9,0xb7d4e	  x9=0x37d52284
      143135000	     14214	80004288	007a9fb3	sll	x31,x21,x7	 x21:0xfaeb9c09  x7:0xfaeb9c09 x31=0xd7381200
      143145000	     14215	8000428c	2abaa017	auipc	x0,0x2abaa	  x0=0x00000000
      143155000	     14216	80004290	8fe9	c.and	x15,x10	 x15:0x0000349b x10:0x00001838 x15=0x00001018
      143525000	     14253	80004292	02a9f1b3	remu	x3,x19,x10	 x19:0x80021dfc x10:0x00001838  x3=0x0000112c
      143535000	     14254	80004296	10162113	slti	x2,x12,257	 x12:0x29e8625c  x2=0x00000000
      143545000	     14255	8000429a	021f8263	beq	x31,x1,800042be	 x31:0xd7381200  x1:0x186d327a
      143555000	     14256	8000429e	9b7d	c.andi	x14,-1	 x14:0xffffffff x14=0xffffffff
      143925000	     14293	800042a0	02f4f2b3	remu	x5,x9,x15	  x9:0x37d52284 x15:0x00001018  x5=0x00000fcc
      143935000	     14294	800042a4	717d	c.addi16sp	x2,-16	  x2:0x00000000  x2=0xfffffff0
      144305000	     14331	800042a6	0310eb33	rem	x22,x1,x17	  x1:0x186d327a x17:0x00000001 x22=0x00000000
      144315000	     14332	800042aa	414cddb3	sra	x27,x25,x20	 x25:0x00000001 x20:0xfaeb9c0a x27=0x00000000
      144355000	     14336	800042ae	0210a2b3	mulhsu	x5,x1,x1	  x1:0x186d327a  x1:0x186d327a  x5=0x0254a80a
      144365000	     14337	800042b2	40f65933	sra	x18,x12,x15	 x12:0x29e8625c x15:0x00001018 x18=0x00000029
      144375000	     14338	800042b6	0ff0000f	fence	iorw,iorw	
      144385000	     14339	800042ba	00afa6b3	slt	x13,x31,x10	 x31:0xd7381200 x10:0x00001838 x13=0x00000001
      144395000	     14340	800042be	0f52	c.slli	x30,0x14	 x30:0x00000001 x30=0x00100000
      144405000	     14341	800042c0	024d	c.addi	x4,19	  x4:0xfffffcef  x4=0xfffffd02
      144415000	     14342	800042c2	00055713	srli	x14,x10,0x0	 x10:0x00001838 x14=0x00001838
      144425000	     14343	800042c6	418a8db3	sub	x27,x21,x24	 x21:0xfaeb9c09 x24:0xd61799b3 x27=0x24d40256
      144435000	     14344	800042ca	6ca1	c.lui	x25,0x8	 x25=0x00008000
      144445000	     14345	800042cc	40abd2b3	sra	x5,x23,x10	 x23:0xfffff92b x10:0x00001838  x5=0xffffffff
      144455000	     14346	800042d0	62e1	c.lui	x5,0x18	  x5=0x00018000
      144465000	     14347	800042d2	e7b13013	sltiu	x0,x2,-389	  x2:0xfffffff0  x0=0x00000000
      144475000	     14348	800042d6	1910	c.addi4spn	x12,x2,176	 x12=0x000000a0
      144485000	     14349	800042d8	8fb5	c.xor	x15,x13	 x15:0x00001018 x13:0x00000001 x15=0x00001019
      144495000	     14350	800042da	92d13513	sltiu	x10,x2,-1747	  x2:0xfffffff0 x10=0x00000000
      144505000	     14351	800042de	0000100f	fence.i	
      144535000	     14354	800042e2	000f3cb3	sltu	x25,x30,x0	 x30:0x00100000  x0:0x00000000 x25=0x00000000
      144545000	     14355	800042e6	70306d93	ori	x27,x0,1795	  x0:0x00000000 x27=0x00000703
      144555000	     14356	800042ea	02e0d563	bge	x1,x14,80004314	  x1:0x186d327a x14:0x00001838
      144575000	     14358	80004314	014e4cb3	xor	x25,x28,x20	 x28:0xffffffff x20:0xfaeb9c0a x25=0x051463f5
      144585000	     14359	80004318	ee1d	c.bnez	x12,80004356	 x12:0x000000a0
      144605000	     14361	80004356	ee81	c.bnez	x13,8000436e	 x13:0x00000001
      144635000	     14364	8000436e	00473b33	sltu	x22,x14,x4	 x14:0x00001838  x4:0xfffffd02 x22=0x00000001
      144645000	     14365	80004372	b2432813	slti	x16,x6,-1244	  x6:0x00000020 x16=0x00000000
      144655000	     14366	80004376	0000100f	fence.i	
      144685000	     14369	8000437a	41ca8bb3	sub	x23,x21,x28	 x21:0xfaeb9c09 x28:0xffffffff x23=0xfaeb9c0a
      144695000	     14370	8000437e	8376	c.mv	x6,x29	  x0:0x00000000 x29:0x00000001  x6=0x00000001
      144705000	     14371	80004380	0ff0000f	fence	iorw,iorw	
      145075000	     14408	80004384	033a6c33	rem	x24,x20,x19	 x20:0xfaeb9c0a x19:0x80021dfc x24=0xfaeb9c0a
      145085000	     14409	80004388	717d	c.addi16sp	x2,-16	  x2:0xfffffff0  x2=0xffffffe0
      145095000	     14410	8000438a	9136	c.add	x2,x13	  x2:0xffffffe0 x13:0x00000001  x2=0xffffffe1
      145465000	     14447	8000438c	0291c733	div	x14,x3,x9	  x3:0x0000112c  x9:0x37d52284 x14=0x00000000
      145475000	     14448	80004390	01e79cb3	sll	x25,x15,x30	 x15:0x00001019 x30:0x00100000 x25=0x00001019
      145485000	     14449	80004394	009b1bb3	sll	x23,x22,x9	 x22:0x00000001  x9:0x37d52284 x23=0x00000010
      145495000	     14450	80004398	2cb5a313	slti	x6,x11,715	 x11:0x00020000  x6=0x00000000
      145505000	     14451	8000439c	008966b3	or	x13,x18,x8	 x18:0x00000029  x8:0x00000000 x13=0x00000029
      145515000	     14452	800043a0	6d04e413	ori	x8,x9,1744	  x9:0x37d52284  x8=0x37d526d4
      145525000	     14453	800043a4	0816	c.slli	x16,0x5	 x16:0x00000000 x16=0x00000000
      145535000	     14454	800043a6	83a9	c.srli	x15,0xa	 x15:0x00001019 x15=0x00000004
      145545000	     14455	800043a8	8dbe	c.mv	x27,x15	  x0:0x00000000 x15:0x00000004 x27=0x00000004
      145915000	     14492	800043aa	03a161b3	rem	x3,x2,x26	  x2:0xffffffe1 x26:0x80025ce4  x3=0xffffffe1
      145925000	     14493	800043ae	03f34463	blt	x6,x31,800043d6	  x6:0x00000000 x31:0xd7381200
      145935000	     14494	800043b2	86cd	c.srai	x13,0x13	 x13:0x00000029 x13=0x00000000
      146305000	     14531	800043b4	031c6833	rem	x16,x24,x17	 x24:0xfaeb9c0a x17:0x00000001 x16=0x00000000
      146315000	     14532	800043b8	c8cc2593	slti	x11,x24,-884	 x24:0xfaeb9c0a x11=0x00000001
      146325000	     14533	800043bc	0a94	c.addi4spn	x13,x2,336	 x13=0x00000131
      146345000	     14535	800043be	0268cc33	div	x24,x17,x6	 x17:0x00000001  x6:0x00000000 x24=0xffffffff
      146355000	     14536	800043c2	0008e1b3	or	x3,x17,x0	 x17:0x00000001  x0:0x00000000  x3=0x00000001
      146365000	     14537	800043c6	4d6bbe13	sltiu	x28,x23,1238	 x23:0x00000010 x28=0x00000001
      146375000	     14538	800043ca	01eed133	srl	x2,x29,x30	 x29:0x00000001 x30:0x00100000  x2=0x00000001
      146385000	     14539	800043ce	8e85	c.sub	x13,x9	 x13:0x00000131  x9:0x37d52284 x13=0xc82adead
      146395000	     14540	800043d0	957a	c.add	x10,x30	 x10:0x00000000 x30:0x00100000 x10=0x00100000
      146405000	     14541	800043d2	03106163	bltu	x0,x17,800043f4	  x0:0x00000000 x17:0x00000001
      146455000	     14546	800043f4	029420b3	mulhsu	x1,x8,x9	  x8:0x37d526d4  x9:0x37d52284  x1=0x0c2d4737
      146465000	     14547	800043f8	8159	c.srli	x10,0x16	 x10:0x00100000 x10=0x00000000
      146475000	     14548	800043fa	02261063	bne	x12,x2,8000441a	 x12:0x000000a0  x2:0x00000001
      146505000	     14551	8000441a	d452ba93	sltiu	x21,x5,-699	  x5:0x00018000 x21=0x00000001
      146515000	     14552	8000441e	0305e263	bltu	x11,x16,80004442	 x11:0x00000001 x16:0x00000000
      146525000	     14553	80004422	1fa18a13	addi	x20,x3,506	  x3:0x00000001 x20=0x000001fb
      146535000	     14554	80004426	cacdf413	andi	x8,x27,-852	 x27:0x00000004  x8=0x00000004
      146565000	     14557	8000442a	03d80a33	mul	x20,x16,x29	 x16:0x00000000 x29:0x00000001 x20=0x00000000
      146575000	     14558	8000442e	8865	c.andi	x8,25	  x8:0x00000004  x8=0x00000000
      146585000	     14559	80004430	1d80	c.addi4spn	x8,x2,752	  x8=0x000002f1
      146595000	     14560	80004432	00939533	sll	x10,x7,x9	  x7:0xfaeb9c09  x9:0x37d52284 x10=0xaeb9c090
      146605000	     14561	80004436	613d	c.addi16sp	x2,480	  x2:0x00000001  x2=0x000001e1
      146615000	     14562	80004438	0ff0000f	fence	iorw,iorw	
      146625000	     14563	8000443c	587d	c.li	x16,-1	 x16=0xffffffff
      146635000	     14564	8000443e	000d5ab3	srl	x21,x26,x0	 x26:0x80025ce4  x0:0x00000000 x21=0x80025ce4
      146645000	     14565	80004442	01869813	slli	x16,x13,0x18	 x13:0xc82adead x16=0xad000000
      146655000	     14566	80004446	01e427b3	slt	x15,x8,x30	  x8:0x000002f1 x30:0x00100000 x15=0x00000001
      146695000	     14570	8000444a	0308aeb3	mulhsu	x29,x17,x16	 x17:0x00000001 x16:0xad000000 x29=0x00000000
      146705000	     14571	8000444e	01df42b3	xor	x5,x30,x29	 x30:0x00100000 x29:0x00000000  x5=0x00100000
      146715000	     14572	80004452	407f5193	srai	x3,x30,0x7	 x30:0x00100000  x3=0x00002000
      146725000	     14573	80004456	8ed9	c.or	x13,x14	 x13:0xc82adead x14:0x00000000 x13=0xc82adead
      146735000	     14574	80004458	8269	c.srli	x12,0x1a	 x12:0x000000a0 x12=0x00000000
      147105000	     14611	8000445a	0289fc33	remu	x24,x19,x8	 x19:0x80021dfc  x8:0x000002f1 x24=0x00000084
      147115000	     14612	8000445e	6e3d	c.lui	x28,0xf	 x28=0x0000f000
      147485000	     14649	80004460	0279d633	divu	x12,x19,x7	 x19:0x80021dfc  x7:0xfaeb9c09 x12=0x00000000
      147495000	     14650	80004464	391beeb7	lui	x29,0x391be	 x29=0x391be000
      147505000	     14651	80004468	8fa5	c.xor	x15,x9	 x15:0x00000001  x9:0x37d52284 x15=0x37d52285
      147515000	     14652	8000446a	0e35	c.addi	x28,13	 x28:0x0000f000 x28=0x0000f00d
      147525000	     14653	8000446c	01fc0cb3	add	x25,x24,x31	 x24:0x00000084 x31:0xd7381200 x25=0xd7381284
      147535000	     14654	80004470	40f15e93	srai	x29,x2,0xf	  x2:0x000001e1 x29=0x00000000
      147545000	     14655	80004474	87e5	c.srai	x15,0x19	 x15:0x37d52285 x15=0x0000001b
      147555000	     14656	80004476	9b12ba13	sltiu	x20,x5,-1615	  x5:0x00100000 x20=0x00000001
      147595000	     14660	8000447a	02423b33	mulhu	x22,x4,x4	  x4:0xfffffd02  x4:0xfffffd02 x22=0xfffffa04
      147605000	     14661	8000447e	717d	c.addi16sp	x2,-16	  x2:0x000001e1  x2=0x000001d1
      147975000	     14698	80004480	0326f433	remu	x8,x13,x18	 x13:0xc82adead x18:0x00000029  x8=0x00000023
      147985000	     14699	80004484	0021a933	slt	x18,x3,x2	  x3:0x00002000  x2:0x000001d1 x18=0x00000000
      147995000	     14700	80004488	0000100f	fence.i	
      148045000	     14705	8000448c	033c3033	mulhu	x0,x24,x19	 x24:0x00000084 x19:0x80021dfc  x0=0x00000000
      148055000	     14706	80004490	8ae1	c.andi	x13,24	 x13:0xc82adead x13=0x00000008
      148065000	     14707	80004492	01205f93	srli	x31,x0,0x12	  x0:0x00000000 x31=0x00000000
      148075000	     14708	80004496	05109263	bne	x1,x17,800044da	  x1:0x0c2d4737 x17:0x00000001
      148105000	     14711	800044da	01d99293	slli	x5,x19,0x1d	 x19:0x80021dfc  x5=0x80000000
      148115000	     14712	800044de	038e4d63	blt	x28,x24,80004518	 x28:0x0000f00d x24:0x00000084
      148125000	     14713	800044e2	0ff0000f	fence	iorw,iorw	
      148135000	     14714	800044e6	cc81	c.beqz	x9,800044fe	  x9:0x37d52284
      148145000	     14715	800044e8	717d	c.addi16sp	x2,-16	  x2:0x000001d1  x2=0x000001c1
      148155000	     14716	800044ea	6a04ee13	ori	x28,x9,1696	  x9:0x37d52284 x28=0x37d526a4
      148165000	     14717	800044ee	1f9c	c.addi4spn	x15,x2,1008	 x15=0x000005b1
      148175000	     14718	800044f0	0000100f	fence.i	
      148195000	     14720	800044f4	e685	c.bnez	x13,8000451c	 x13:0x00000008
      148215000	     14722	8000451c	019c85b3	add	x11,x25,x25	 x25:0xd7381284 x25:0xd7381284 x11=0xae702508
      148225000	     14723	80004520	014d1433	sll	x8,x26,x20	 x26:0x80025ce4 x20:0x00000001  x8=0x0004b9c8
      148235000	     14724	80004524	0001	c.addi	x0,0	  x0:0x00000000  x0=0x00000000
      148245000	     14725	80004526	01b44ab3	xor	x21,x8,x27	  x8:0x0004b9c8 x27:0x00000004 x21=0x0004b9cc
      148255000	     14726	8000452a	0ff0000f	fence	iorw,iorw	
      148265000	     14727	8000452e	10d0afb7	lui	x31,0x10d0a	 x31=0x10d0a000
      148275000	     14728	80004532	4076d793	srai	x15,x13,0x7	 x13:0x00000008 x15=0x00000000
      148285000	     14729	80004536	0001	c.addi	x0,0	  x0:0x00000000  x0=0x00000000
      148305000	     14731	80004538	026e5733	divu	x14,x28,x6	 x28:0x37d526a4  x6:0x00000000 x14=0xffffffff
      148315000	     14732	8000453c	018be433	or	x8,x23,x24	 x23:0x00000010 x24:0x00000084  x8=0x00000094
      148325000	     14733	80004540	01277b63	bgeu	x14,x18,80004556	 x14:0xffffffff x18:0x00000000
      148355000	     14736	80004556	02804b63	blt	x0,x8,8000458c	  x0:0x00000000  x8:0x00000094
      148375000	     14738	8000458c	8f79	c.and	x14,x14	 x14:0xffffffff x14:0xffffffff x14=0xffffffff
      148385000	     14739	8000458e	0276f263	bgeu	x13,x7,800045b2	 x13:0x00000008  x7:0xfaeb9c09
      148425000	     14743	80004592	03a99333	mulh	x6,x19,x26	 x19:0x80021dfc x26:0x80025ce4  x6=0x3ffdc295
      148435000	     14744	80004596	6161	c.addi16sp	x2,80	  x2:0x000001c1  x2=0x00000211
      148445000	     14745	80004598	10054637	lui	x12,0x10054	 x12=0x10054000
      148455000	     14746	8000459c	01ca	c.slli	x3,0x12	  x3:0x00002000  x3=0x80000000
      148465000	     14747	8000459e	039a7b63	bgeu	x20,x25,800045d4	 x20:0x00000001 x25:0xd7381284
      148475000	     14748	800045a2	0001	c.addi	x0,0	  x0:0x00000000  x0=0x00000000
      148485000	     14749	800045a4	0cb6	c.slli	x25,0xd	 x25:0xd7381284 x25=0x02508000
      148495000	     14750	800045a6	0ff0000f	fence	iorw,iorw	
      148505000	     14751	800045aa	03f68c63	beq	x13,x31,800045e2	 x13:0x00000008 x31:0x10d0a000
      148535000	     14754	800045ae	036d8233	mul	x4,x27,x22	 x27:0x00000004 x22:0xfffffa04  x4=0xffffe810
      148545000	     14755	800045b2	81e2	c.mv	x3,x24	  x0:0x00000000 x24:0x00000084  x3=0x00000084
      148555000	     14756	800045b4	54fd	c.li	x9,-1	  x9=0xffffffff
      148565000	     14757	800045b6	02eb5163	bge	x22,x14,800045d8	 x22:0xfffffa04 x14:0xffffffff
      148575000	     14758	800045ba	0001	c.addi	x0,0	  x0:0x00000000  x0=0x00000000
      148585000	     14759	800045bc	01b47633	and	x12,x8,x27	  x8:0x00000094 x27:0x00000004 x12=0x00000004
      148595000	     14760	800045c0	0fb2	c.slli	x31,0xc	 x31:0x10d0a000 x31=0x0a000000
      148605000	     14761	800045c2	1414	c.addi4spn	x13,x2,544	 x13=0x00000431
      148615000	     14762	800045c4	4183da33	sra	x20,x7,x24	  x7:0xfaeb9c09 x24:0x00000084 x20=0xffaeb9c0
      148625000	     14763	800045c8	01140263	beq	x8,x17,800045cc	  x8:0x00000094 x17:0x00000001
      148995000	     14800	800045cc	03897333	remu	x6,x18,x24	 x18:0x00000000 x24:0x00000084  x6=0x00000000
      149005000	     14801	800045d0	f3d90493	addi	x9,x18,-195	 x18:0x00000000  x9=0xffffff3d
      149015000	     14802	800045d4	41ebdfb3	sra	x31,x23,x30	 x23:0x00000010 x30:0x00100000 x31=0x00000010
      149025000	     14803	800045d8	ed8d	c.bnez	x11,80004612	 x11:0xae702508
      149055000	     14806	80004612	4160d233	sra	x4,x1,x22	  x1:0x0c2d4737 x22:0xfffffa04  x4=0x00c2d473
      149065000	     14807	80004616	475e6097	auipc	x1,0x475e6	  x1=0xc75ea616
      149075000	     14808	8000461a	cc1d	c.beqz	x8,80004658	  x8:0x00000094
      149085000	     14809	8000461c	00ff3f33	sltu	x30,x30,x15	 x30:0x00100000 x15:0x00000000 x30=0x00000000
      149095000	     14810	80004620	4fe7e713	ori	x14,x15,1278	 x15:0x00000000 x14=0x000004fe
      149105000	     14811	80004624	e185	c.bnez	x11,80004644	 x11:0xae702508
      149485000	     14849	80004644	02456e33	rem	x28,x10,x4	 x10:0xaeb9c090  x4:0x00c2d473 x28=0xff65b82e
      149855000	     14886	80004648	03b07533	remu	x10,x0,x27	  x0:0x00000000 x27:0x00000004 x10=0x00000000
      149865000	     14887	8000464c	8d59	c.or	x10,x14	 x10:0x00000000 x14:0x000004fe x10=0x000004fe
      149875000	     14888	8000464e	41eb52b3	sra	x5,x22,x30	 x22:0xfffffa04 x30:0x00000000  x5=0xfffffa04
      149885000	     14889	80004652	85fa	c.mv	x11,x30	  x0:0x00000000 x30:0x00000000 x11=0x00000000
      149895000	     14890	80004654	0094deb3	srl	x29,x9,x9	  x9:0xffffff3d  x9:0xffffff3d x29=0x00000007
      149935000	     14894	80004658	035a9033	mulh	x0,x21,x21	 x21:0x0004b9cc x21:0x0004b9cc  x0=0x00000000
      149965000	     14897	8000465c	02080db3	mul	x27,x16,x0	 x16:0xad000000  x0:0x00000000 x27=0x00000000
      149975000	     14898	80004660	40038e33	sub	x28,x7,x0	  x7:0xfaeb9c09  x0:0x00000000 x28=0xfaeb9c09
      149985000	     14899	80004664	0000100f	fence.i	
      150005000	     14901	80004668	01995633	srl	x12,x18,x25	 x18:0x00000000 x25:0x02508000 x12=0x00000000
      150015000	     14902	8000466c	8d110413	addi	x8,x2,-1839	  x2:0x00000211  x8=0xfffffae2
      150025000	     14903	80004670	003ff6b3	and	x13,x31,x3	 x31:0x00000010  x3:0x00000084 x13=0x00000000
      150035000	     14904	80004674	6b278c13	addi	x24,x15,1714	 x15:0x00000000 x24=0x000006b2
      150045000	     14905	80004678	8efd	c.and	x13,x15	 x13:0x00000000 x15:0x00000000 x13=0x00000000
      150055000	     14906	8000467a	0579c363	blt	x19,x23,800046c0	 x19:0x80021dfc x23:0x00000010
      150105000	     14911	800046c0	03da2633	mulhsu	x12,x20,x29	 x20:0xffaeb9c0 x29:0x00000007 x12=0xffffffff
      150145000	     14915	800046c4	034b1cb3	mulh	x25,x22,x20	 x22:0xfffffa04 x20:0xffaeb9c0 x25=0x00000001
      150155000	     14916	800046c8	02a24063	blt	x4,x10,800046e8	  x4:0x00c2d473 x10:0x000004fe
      150525000	     14953	800046cc	023c7eb3	remu	x29,x24,x3	 x24:0x000006b2  x3:0x00000084 x29=0x00000082
      150535000	     14954	800046d0	8bca	c.mv	x23,x18	  x0:0x00000000 x18:0x00000000 x23=0x00000000
      150545000	     14955	800046d2	8dc9	c.or	x11,x10	 x11:0x00000000 x10:0x000004fe x11=0x000004fe
      150555000	     14956	800046d4	723cca93	xori	x21,x25,1827	 x25:0x00000001 x21=0x00000722
      150565000	     14957	800046d8	8edd	c.or	x13,x15	 x13:0x00000000 x15:0x00000000 x13=0x00000000
      150575000	     14958	800046da	8fc9	c.or	x15,x10	 x15:0x00000000 x10:0x000004fe x15=0x000004fe
      150615000	     14962	800046dc	02f39333	mulh	x6,x7,x15	  x7:0xfaeb9c09 x15:0x000004fe  x6=0xffffffe6
      150625000	     14963	800046e0	05841463	bne	x8,x24,80004728	  x8:0xfffffae2 x24:0x000006b2
      150645000	     14965	80004728	b2b66813	ori	x16,x12,-1237	 x12:0xffffffff x16=0xffffffff
      150655000	     14966	8000472c	01c21413	slli	x8,x4,0x1c	  x4:0x00c2d473  x8=0x30000000
      150665000	     14967	80004730	8519	c.srai	x10,0x6	 x10:0x000004fe x10=0x00000013
      150675000	     14968	80004732	00db1593	slli	x11,x22,0xd	 x22:0xfffffa04 x11=0xff408000
      151045000	     15005	80004736	03545933	divu	x18,x8,x21	  x8:0x30000000 x21:0x00000722 x18=0x0006babe
      151055000	     15006	8000473a	01fb5e33	srl	x28,x22,x31	 x22:0xfffffa04 x31:0x00000010 x28=0x0000ffff
      151065000	     15007	8000473e	69030013	addi	x0,x6,1680	  x6:0xffffffe6  x0=0x00000000
      151075000	     15008	80004742	0ff0000f	fence	iorw,iorw	
      151085000	     15009	80004746	86ca	c.mv	x13,x18	  x0:0x00000000 x18:0x0006babe x13=0x0006babe
      151095000	     15010	80004748	8261	c.srli	x12,0x18	 x12:0xffffffff x12=0x000000ff
      151105000	     15011	8000474a	4a7afd93	andi	x27,x21,1191	 x21:0x00000722 x27=0x00000422
      151115000	     15012	8000474e	dd24c693	xori	x13,x9,-558	  x9:0xffffff3d x13=0x000002ef
      151125000	     15013	80004752	0000100f	fence.i	
      151155000	     15016	80004756	00171e63	bne	x14,x1,80004772	 x14:0x000004fe  x1:0xc75ea616
      151545000	     15055	80004772	03a1fb33	remu	x22,x3,x26	  x3:0x00000084 x26:0x80025ce4 x22=0x00000084
      151555000	     15056	80004776	8ea1	c.xor	x13,x8	 x13:0x000002ef  x8:0x30000000 x13=0x300002ef
      151565000	     15057	80004778	00d81793	slli	x15,x16,0xd	 x16:0xffffffff x15=0xffffe000
      151575000	     15058	8000477c	cbc8a613	slti	x12,x17,-836	 x17:0x00000001 x12=0x00000000
      151585000	     15059	80004780	2a16ee13	ori	x28,x13,673	 x13:0x300002ef x28=0x300002ef
      151595000	     15060	80004784	6f97c097	auipc	x1,0x6f97c	  x1=0xef980784
      151605000	     15061	80004788	8c39	c.xor	x8,x14	  x8:0x30000000 x14:0x000004fe  x8=0x300004fe
      151615000	     15062	8000478a	048a	c.slli	x9,0x2	  x9:0xffffff3d  x9=0xfffffcf4
      151625000	     15063	8000478c	01770033	add	x0,x14,x23	 x14:0x000004fe x23:0x00000000  x0=0x00000000
      151635000	     15064	80004790	e20d	c.bnez	x12,800047b2	 x12:0x00000000
      151645000	     15065	80004792	8cf1	c.and	x9,x12	  x9:0xfffffcf4 x12:0x00000000  x9=0x00000000
      151655000	     15066	80004794	4db6b813	sltiu	x16,x13,1243	 x13:0x300002ef x16=0x00000000
      151665000	     15067	80004798	01a1ea33	or	x20,x3,x26	  x3:0x00000084 x26:0x80025ce4 x20=0x80025ce4
      151675000	     15068	8000479c	c5e12713	slti	x14,x2,-930	  x2:0x00000211 x14=0x00000000
      151685000	     15069	800047a0	e1a1	c.bnez	x11,800047e0	 x11:0xff408000
      151705000	     15071	800047e0	6449	c.lui	x8,0x12	  x8=0x00012000
      151715000	     15072	800047e2	40a6dc13	srai	x24,x13,0xa	 x13:0x300002ef x24=0x000c0000
      151725000	     15073	800047e6	9116	c.add	x2,x5	  x2:0x00000211  x5:0xfffffa04  x2=0xfffffc15
      151735000	     15074	800047e8	028c8963	beq	x25,x8,8000481a	 x25:0x00000001  x8:0x00012000
      151745000	     15075	800047ec	8fe1	c.and	x15,x8	 x15:0xffffe000  x8:0x00012000 x15=0x00012000
      151755000	     15076	800047ee	111c	c.addi4spn	x15,x2,160	 x15=0xfffffcb5
      151765000	     15077	800047f0	0001	c.addi	x0,0	  x0:0x00000000  x0=0x00000000
      151775000	     15078	800047f2	415dde93	srai	x29,x27,0x15	 x27:0x00000422 x29=0x00000000
      151785000	     15079	800047f6	00bc9193	slli	x3,x25,0xb	 x25:0x00000001  x3=0x00000800
      151795000	     15080	800047fa	8955	c.andi	x10,21	 x10:0x00000013 x10=0x00000011
      151805000	     15081	800047fc	00427a33	and	x20,x4,x4	  x4:0x00c2d473  x4:0x00c2d473 x20=0x00c2d473
      151815000	     15082	80004800	8ff5	c.and	x15,x13	 x15:0xfffffcb5 x13:0x300002ef x15=0x300000a5
      151825000	     15083	80004802	908a	c.add	x1,x2	  x1:0xef980784  x2:0xfffffc15  x1=0xef980399
      151835000	     15084	80004804	00187f63	bgeu	x16,x1,80004822	 x16:0x00000000  x1:0xef980399
      151845000	     15085	80004808	00191263	bne	x18,x1,8000480c	 x18:0x0006babe  x1:0xef980399
      151865000	     15087	8000480c	01efda33	srl	x20,x31,x30	 x31:0x00000010 x30:0x00000000 x20=0x00000010
      152235000	     15124	80004810	02895533	divu	x10,x18,x8	 x18:0x0006babe  x8:0x00012000 x10=0x00000005
      152245000	     15125	80004814	ea05	c.bnez	x12,80004844	 x12:0x00000000
      152615000	     15162	80004816	039751b3	divu	x3,x14,x25	 x14:0x00000000 x25:0x00000001  x3=0x00000000
      152625000	     15163	8000481a	008ac5b3	xor	x11,x21,x8	 x21:0x00000722  x8:0x00012000 x11=0x00012722
      152635000	     15164	8000481e	0000100f	fence.i	
      152655000	     15166	80004822	9c3a	c.add	x24,x14	 x24:0x000c0000 x14:0x00000000 x24=0x000c0000
      152665000	     15167	80004824	024a	c.slli	x4,0x12	  x4:0x00c2d473  x4=0x51cc0000
      152675000	     15168	80004826	8f3d	c.xor	x14,x15	 x14:0x00000000 x15:0x300000a5 x14=0x300000a5
      152685000	     15169	80004828	00e95033	srl	x0,x18,x14	 x18:0x0006babe x14:0x300000a5  x0=0x00000000
      152695000	     15170	8000482c	3c0b3c93	sltiu	x25,x22,960	 x22:0x00000084 x25=0x00000001
      152705000	     15171	80004830	1198	c.addi4spn	x14,x2,224	 x14=0xfffffcf5
      152715000	     15172	80004832	1f0c	c.addi4spn	x11,x2,944	 x11=0xffffffc5
      152755000	     15176	80004834	023b94b3	mulh	x9,x23,x3	 x23:0x00000000  x3:0x00000000  x9=0x00000000
      152765000	     15177	80004838	007d4c63	blt	x26,x7,80004850	 x26:0x80025ce4  x7:0xfaeb9c09
      152785000	     15179	80004850	eca6c413	xori	x8,x13,-310	 x13:0x300002ef  x8=0xcffffc25
      152795000	     15180	80004854	019fecb3	or	x25,x31,x25	 x31:0x00000010 x25:0x00000001 x25=0x00000011
      152805000	     15181	80004858	717d	c.addi16sp	x2,-16	  x2:0xfffffc15  x2=0xfffffc05
      152815000	     15182	8000485a	394efc17	auipc	x24,0x394ef	 x24=0xb94f385a
      152825000	     15183	8000485e	8f4d	c.or	x14,x11	 x14:0xfffffcf5 x11:0xffffffc5 x14=0xfffffff5
      152865000	     15187	80004860	024f9833	mulh	x16,x31,x4	 x31:0x00000010  x4:0x51cc0000 x16=0x00000005
      152875000	     15188	80004864	8d45	c.or	x10,x9	 x10:0x00000005  x9:0x00000000 x10=0x00000005
      152885000	     15189	80004866	01a5f263	bgeu	x11,x26,8000486a	 x11:0xffffffc5 x26:0x80025ce4
      152915000	     15192	8000486a	013566b3	or	x13,x10,x19	 x10:0x00000005 x19:0x80021dfc x13=0x80021dfd
      152925000	     15193	8000486e	ec9d	c.bnez	x9,800048ac	  x9:0x00000000
      152935000	     15194	80004870	97fe	c.add	x15,x31	 x15:0x300000a5 x31:0x00000010 x15=0x300000b5
      152945000	     15195	80004872	00cf5f93	srli	x31,x30,0xc	 x30:0x00000000 x31=0x00000000
      152955000	     15196	80004876	01d7f5b3	and	x11,x15,x29	 x15:0x300000b5 x29:0x00000000 x11=0x00000000
      152965000	     15197	8000487a	035c8763	beq	x25,x21,800048a8	 x25:0x00000011 x21:0x00000722
      152975000	     15198	8000487e	0ff0000f	fence	iorw,iorw	
      153015000	     15202	80004882	02411433	mulh	x8,x2,x4	  x2:0xfffffc05  x4:0x51cc0000  x8=0xfffffeba
      153385000	     15239	80004886	0273e133	rem	x2,x7,x7	  x7:0xfaeb9c09  x7:0xfaeb9c09  x2=0x00000000
      153425000	     15243	8000488a	0266a0b3	mulhsu	x1,x13,x6	 x13:0x80021dfd  x6:0xffffffe6  x1=0x80021e09
      153435000	     15244	8000488e	411c80b3	sub	x1,x25,x17	 x25:0x00000011 x17:0x00000001  x1=0x00000010
      153445000	     15245	80004892	4435	c.li	x8,13	  x8=0x0000000d
      153815000	     15282	80004894	0381c633	div	x12,x3,x24	  x3:0x00000000 x24:0xb94f385a x12=0x00000000
      153825000	     15283	80004898	01c4d4b3	srl	x9,x9,x28	  x9:0x00000000 x28:0x300002ef  x9=0x00000000
      153845000	     15285	8000489c	02944ab3	div	x21,x8,x9	  x8:0x0000000d  x9:0x00000000 x21=0xffffffff
      153855000	     15286	800048a0	40020e33	sub	x28,x4,x0	  x4:0x51cc0000  x0:0x00000000 x28=0x51cc0000
      153865000	     15287	800048a4	067e	c.slli	x12,0x1f	 x12:0x00000000 x12=0x00000000
      153875000	     15288	800048a6	897d	c.andi	x10,31	 x10:0x00000005 x10=0x00000005
      153885000	     15289	800048a8	0000100f	fence.i	
      153905000	     15291	800048ac	810d	c.srli	x10,0x3	 x10:0x00000005 x10=0x00000000
      154275000	     15328	800048ae	02dad533	divu	x10,x21,x13	 x21:0xffffffff x13:0x80021dfd x10=0x00000001
      154315000	     15332	800048b2	02c41cb3	mulh	x25,x8,x12	  x8:0x0000000d x12:0x00000000 x25=0x00000000
      154325000	     15333	800048b6	6749	c.lui	x14,0x12	 x14=0x00012000
      154365000	     15337	800048b8	0281a133	mulhsu	x2,x3,x8	  x3:0x00000000  x8:0x0000000d  x2=0x00000000
      154375000	     15338	800048bc	90fe	c.add	x1,x31	  x1:0x00000010 x31:0x00000000  x1=0x00000010
      154385000	     15339	800048be	0000100f	fence.i	
      154415000	     15342	800048c2	40765733	sra	x14,x12,x7	 x12:0x00000000  x7:0xfaeb9c09 x14=0x00000000
      154425000	     15343	800048c6	019fcdb3	xor	x27,x31,x25	 x31:0x00000000 x25:0x00000000 x27=0x00000000
      154435000	     15344	800048ca	9c22	c.add	x24,x8	 x24:0xb94f385a  x8:0x0000000d x24=0xb94f3867
      154445000	     15345	800048cc	00d65c13	srli	x24,x12,0xd	 x12:0x00000000 x24=0x00000000
      154465000	     15347	800048d0	03876433	rem	x8,x14,x24	 x14:0x00000000 x24:0x00000000  x8=0x00000000
      154505000	     15351	800048d4	02f2bcb3	mulhu	x25,x5,x15	  x5:0xfffffa04 x15:0x300000b5 x25=0x2fffff95
      154875000	     15388	800048d8	024ef1b3	remu	x3,x29,x4	 x29:0x00000000  x4:0x51cc0000  x3=0x00000000
      154915000	     15392	800048dc	035aaf33	mulhsu	x30,x21,x21	 x21:0xffffffff x21:0xffffffff x30=0xffffffff
      154955000	     15396	800048e0	02991233	mulh	x4,x18,x9	 x18:0x0006babe  x9:0x00000000  x4=0x00000000
      154965000	     15397	800048e4	01e5	c.addi	x3,25	  x3:0x00000000  x3=0x00000019
      154975000	     15398	800048e6	5f2c6913	ori	x18,x24,1522	 x24:0x00000000 x18=0x000005f2
      154985000	     15399	800048ea	90b2	c.add	x1,x12	  x1:0x00000010 x12:0x00000000  x1=0x00000010
      154995000	     15400	800048ec	91ba	c.add	x3,x14	  x3:0x00000019 x14:0x00000000  x3=0x00000019
      155005000	     15401	800048ee	020dcd63	blt	x27,x0,80004928	 x27:0x00000000  x0:0x00000000
      155025000	     15403	800048f2	038beb33	rem	x22,x23,x24	 x23:0x00000000 x24:0x00000000 x22=0x00000000
      155035000	     15404	800048f6	054b6363	bltu	x22,x20,8000493c	 x22:0x00000000 x20:0x00000010
      155055000	     15406	8000493c	039a1763	bne	x20,x25,8000496a	 x20:0x00000010 x25:0x2fffff95
      155085000	     15409	8000496a	02134d63	blt	x6,x1,800049a4	  x6:0xffffffe6  x1:0x00000010
      155105000	     15411	800049a4	02777463	bgeu	x14,x7,800049cc	 x14:0x00000000  x7:0xfaeb9c09
      155115000	     15412	800049a8	41df8033	sub	x0,x31,x29	 x31:0x00000000 x29:0x00000000  x0=0x00000000
      155125000	     15413	800049ac	6ac5	c.lui	x21,0x11	 x21=0x00011000
      155135000	     15414	800049ae	64d07113	andi	x2,x0,1613	  x0:0x00000000  x2=0x00000000
      155145000	     15415	800049b2	6255fab7	lui	x21,0x6255f	 x21=0x6255f000
      155155000	     15416	800049b6	88f9	c.andi	x9,30	  x9:0x00000000  x9=0x00000000
      155165000	     15417	800049b8	9a36	c.add	x20,x13	 x20:0x00000010 x13:0x80021dfd x20=0x80021e0d
      155175000	     15418	800049ba	00571293	slli	x5,x14,0x5	 x14:0x00000000  x5=0x00000000
      155185000	     15419	800049be	0001	c.addi	x0,0	  x0:0x00000000  x0=0x00000000
      155195000	     15420	800049c0	0001	c.addi	x0,0	  x0:0x00000000  x0=0x00000000
      155205000	     15421	800049c2	0001	c.addi	x0,0	  x0:0x00000000  x0=0x00000000
      155215000	     15422	800049c4	0000100f	fence.i	
      155235000	     15424	800049c8	02155a63	bge	x10,x1,800049fc	 x10:0x00000001  x1:0x00000010
      155245000	     15425	800049cc	01287f63	bgeu	x16,x18,800049ea	 x16:0x00000005 x18:0x000005f2
      155255000	     15426	800049d0	01bd21b3	slt	x3,x26,x27	 x26:0x80025ce4 x27:0x00000000  x3=0x00000001
      155265000	     15427	800049d4	6175	c.addi16sp	x2,368	  x2:0x00000000  x2=0x00000170
      155275000	     15428	800049d6	7a2cbb13	sltiu	x22,x25,1954	 x25:0x2fffff95 x22=0x00000000
      155315000	     15432	800049da	02e0bf33	mulhu	x30,x1,x14	  x1:0x00000010 x14:0x00000000 x30=0x00000000
      155325000	     15433	800049de	0001	c.addi	x0,0	  x0:0x00000000  x0=0x00000000
      155335000	     15434	800049e0	4c1d	c.li	x24,7	 x24=0x00000007
      155345000	     15435	800049e2	ed85	c.bnez	x11,80004a1a	 x11:0x00000000
      155355000	     15436	800049e4	0000100f	fence.i	
      155375000	     15438	800049e8	0001	c.addi	x0,0	  x0:0x00000000  x0=0x00000000
      155385000	     15439	800049ea	00a0e8b3	or	x17,x1,x10	  x1:0x00000010 x10:0x00000001 x17=0x00000011
      155395000	     15440	800049ee	99600513	addi	x10,x0,-1642	  x0:0x00000000 x10=0xfffff996
      155405000	     15441	800049f2	0e5a	c.slli	x28,0x16	 x28:0x51cc0000 x28=0x00000000
      155415000	     15442	800049f4	9562	c.add	x10,x24	 x10:0xfffff996 x24:0x00000007 x10=0xfffff99d
      155425000	     15443	800049f6	0001	c.addi	x0,0	  x0:0x00000000  x0=0x00000000
      155435000	     15444	800049f8	017db833	sltu	x16,x27,x23	 x27:0x00000000 x23:0x00000000 x16=0x00000000
      155445000	     15445	800049fc	05668163	beq	x13,x22,80004a3e	 x13:0x80021dfd x22:0x00000000
      155455000	     15446	80004a00	8d99	c.sub	x11,x14	 x11:0x00000000 x14:0x00000000 x11=0x00000000
      155465000	     15447	80004a02	1cfd	c.addi	x25,-1	 x25:0x2fffff95 x25=0x2fffff94
      155475000	     15448	80004a04	8562	c.mv	x10,x24	  x0:0x00000000 x24:0x00000007 x10=0x00000007
      155485000	     15449	80004a06	034c1363	bne	x24,x20,80004a2c	 x24:0x00000007 x20:0x80021e0d
      155505000	     15451	80004a2c	c44e0897	auipc	x17,0xc44e0	 x17=0x444e4a2c
      155515000	     15452	80004a30	82a1	c.srli	x13,0x8	 x13:0x80021dfd x13=0x0080021d
      155525000	     15453	80004a32	019fd093	srli	x1,x31,0x19	 x31:0x00000000  x1=0x00000000
      155535000	     15454	80004a36	57f27693	andi	x13,x4,1407	  x4:0x00000000 x13=0x00000000
      155545000	     15455	80004a3a	012cdc93	srli	x25,x25,0x12	 x25:0x2fffff94 x25=0x00000bff
      155555000	     15456	80004a3e	cc89	c.beqz	x9,80004a58	  x9:0x00000000
      155575000	     15458	80004a58	016efa63	bgeu	x29,x22,80004a6c	 x29:0x00000000 x22:0x00000000
      155595000	     15460	80004a6c	404c01b3	sub	x3,x24,x4	 x24:0x00000007  x4:0x00000000  x3=0x00000007
      155605000	     15461	80004a70	9b92	c.add	x23,x4	 x23:0x00000000  x4:0x00000000 x23=0x00000000
      155625000	     15463	80004a72	03c8f7b3	remu	x15,x17,x28	 x17:0x444e4a2c x28:0x00000000 x15=0x444e4a2c
      155635000	     15464	80004a76	05ec5063	bge	x24,x30,80004ab6	 x24:0x00000007 x30:0x00000000
      155655000	     15466	80004ab6	cf0d	c.beqz	x14,80004af0	 x14:0x00000000
      156035000	     15504	80004af0	02a0cab3	div	x21,x1,x10	  x1:0x00000000 x10:0x00000007 x21=0x00000000
      156045000	     15505	80004af4	ec91	c.bnez	x9,80004b10	  x9:0x00000000
      156055000	     15506	80004af6	40cc8933	sub	x18,x25,x12	 x25:0x00000bff x12:0x00000000 x18=0x00000bff
      156065000	     15507	80004afa	054dc163	blt	x27,x20,80004b3c	 x27:0x00000000 x20:0x80021e0d
      156075000	     15508	80004afe	000c8463	beq	x25,x0,80004b06	 x25:0x00000bff  x0:0x00000000
      156085000	     15509	80004b02	417b8cb3	sub	x25,x23,x23	 x23:0x00000000 x23:0x00000000 x25=0x00000000
      156095000	     15510	80004b06	1c8c	c.addi4spn	x11,x2,624	 x11=0x000003e0
      156105000	     15511	80004b08	03d3e263	bltu	x7,x29,80004b2c	  x7:0xfaeb9c09 x29:0x00000000
      156115000	     15512	80004b0c	01622cb3	slt	x25,x4,x22	  x4:0x00000000 x22:0x00000000 x25=0x00000000
      156135000	     15514	80004b10	0373c933	div	x18,x7,x23	  x7:0xfaeb9c09 x23:0x00000000 x18=0xffffffff
      156145000	     15515	80004b14	0b11be93	sltiu	x29,x3,177	  x3:0x00000007 x29=0x00000001
      156515000	     15552	80004b18	03acdc33	divu	x24,x25,x26	 x25:0x00000000 x26:0x80025ce4 x24=0x00000000
      156525000	     15553	80004b1c	faf66537	lui	x10,0xfaf66	 x10=0xfaf66000
      156535000	     15554	80004b20	717d	c.addi16sp	x2,-16	  x2:0x00000170  x2=0x00000160
      156545000	     15555	80004b22	9afa	c.add	x21,x30	 x21:0x00000000 x30:0x00000000 x21=0x00000000
      156555000	     15556	80004b24	04e27063	bgeu	x4,x14,80004b64	  x4:0x00000000 x14:0x00000000
      156575000	     15558	80004b64	676ac693	xori	x13,x21,1654	 x21:0x00000000 x13=0x00000676
      156615000	     15562	80004b68	03711433	mulh	x8,x2,x23	  x2:0x00000160 x23:0x00000000  x8=0x00000000
      156625000	     15563	80004b6c	00b71233	sll	x4,x14,x11	 x14:0x00000000 x11:0x000003e0  x4=0x00000000
      156665000	     15567	80004b70	0291b2b3	mulhu	x5,x3,x9	  x3:0x00000007  x9:0x00000000  x5=0x00000000
      156675000	     15568	80004b74	00206ab3	or	x21,x0,x2	  x0:0x00000000  x2:0x00000160 x21=0x00000160
      156685000	     15569	80004b78	787fe813	ori	x16,x31,1927	 x31:0x00000000 x16=0x00000787
      156695000	     15570	80004b7c	9e7a	c.add	x28,x30	 x28:0x00000000 x30:0x00000000 x28=0x00000000
      156705000	     15571	80004b7e	416b8733	sub	x14,x23,x22	 x23:0x00000000 x22:0x00000000 x14=0x00000000
      156715000	     15572	80004b82	00acb0b3	sltu	x1,x25,x10	 x25:0x00000000 x10:0xfaf66000  x1=0x00000001
      156725000	     15573	80004b86	8e51	c.or	x12,x12	 x12:0x00000000 x12:0x00000000 x12=0x00000000
      156735000	     15574	80004b88	86b9	c.srai	x13,0xe	 x13:0x00000676 x13=0x00000000
      156745000	     15575	80004b8a	02965563	bge	x12,x9,80004bb4	 x12:0x00000000  x9:0x00000000
      156765000	     15577	80004bb4	89393d93	sltiu	x27,x18,-1901	 x18:0xffffffff x27=0x00000000
      156775000	     15578	80004bb8	8e51	c.or	x12,x12	 x12:0x00000000 x12:0x00000000 x12=0x00000000
      156785000	     15579	80004bba	0040d193	srli	x3,x1,0x4	  x1:0x00000001  x3=0x00000000
      156795000	     15580	80004bbe	9ffe	c.add	x31,x31	 x31:0x00000000 x31:0x00000000 x31=0x00000000
      156805000	     15581	80004bc0	e379d417	auipc	x8,0xe379d	  x8=0x637a1bc0
      156815000	     15582	80004bc4	0001	c.addi	x0,0	  x0:0x00000000  x0=0x00000000
      156825000	     15583	80004bc6	635f0193	addi	x3,x30,1589	 x30:0x00000000  x3=0x00000635
      156835000	     15584	80004bca	8fd5	c.or	x15,x13	 x15:0x444e4a2c x13:0x00000000 x15=0x444e4a2c
      156845000	     15585	80004bcc	f8356893	ori	x17,x10,-125	 x10:0xfaf66000 x17=0xffffff83
      156855000	     15586	80004bd0	035e0963	beq	x28,x21,80004c02	 x28:0x00000000 x21:0x00000160
      156865000	     15587	80004bd4	8bfe	c.mv	x23,x31	  x0:0x00000000 x31:0x00000000 x23=0x00000000
      156905000	     15591	80004bd6	02532633	mulhsu	x12,x6,x5	  x6:0xffffffe6  x5:0x00000000 x12=0x00000000
      156915000	     15592	80004bda	0a84	c.addi4spn	x9,x2,336	  x9=0x000002b0
      156925000	     15593	80004bdc	87b94c93	xori	x25,x18,-1925	 x18:0xffffffff x25=0x00000784
      156935000	     15594	80004be0	e923ac13	slti	x24,x7,-366	  x7:0xfaeb9c09 x24=0x00000001
      156945000	     15595	80004be4	01a99133	sll	x2,x19,x26	 x19:0x80021dfc x26:0x80025ce4  x2=0x0021dfc0
      156955000	     15596	80004be8	8651	c.srai	x12,0x14	 x12:0x00000000 x12=0x00000000
      156965000	     15597	80004bea	6131	c.addi16sp	x2,320	  x2:0x0021dfc0  x2=0x0021e100
      156975000	     15598	80004bec	06d6	c.slli	x13,0x15	 x13:0x00000000 x13=0x00000000
      156985000	     15599	80004bee	0ae4ce97	auipc	x29,0xae4c	 x29=0x8ae50bee
      156995000	     15600	80004bf2	8e25	c.xor	x12,x9	 x12:0x00000000  x9:0x000002b0 x12=0x000002b0
      157005000	     15601	80004bf4	e1a9	c.bnez	x11,80004c36	 x11:0x000003e0
      157035000	     15604	80004c36	0ff0000f	fence	iorw,iorw	
      157045000	     15605	80004c3a	8f29	c.xor	x14,x10	 x14:0x00000000 x10:0xfaf66000 x14=0xfaf66000
      157055000	     15606	80004c3c	99fd	c.andi	x11,-1	 x11:0x000003e0 x11=0x000003e0
      157065000	     15607	80004c3e	8e39	c.xor	x12,x14	 x12:0x000002b0 x14:0xfaf66000 x12=0xfaf662b0
      157075000	     15608	80004c40	05bb4263	blt	x22,x27,80004c84	 x22:0x00000000 x27:0x00000000
      157085000	     15609	80004c44	8f79	c.and	x14,x14	 x14:0xfaf66000 x14:0xfaf66000 x14=0xfaf66000
      157095000	     15610	80004c46	00151233	sll	x4,x10,x1	 x10:0xfaf66000  x1:0x00000001  x4=0xf5ecc000
      157135000	     15614	80004c4a	0244b633	mulhu	x12,x9,x4	  x9:0x000002b0  x4:0xf5ecc000 x12=0x00000294
      157145000	     15615	80004c4e	40c557b3	sra	x15,x10,x12	 x10:0xfaf66000 x12:0x00000294 x15=0xffffffaf
      157155000	     15616	80004c52	402c8db3	sub	x27,x25,x2	 x25:0x00000784  x2:0x0021e100 x27=0xffde2684
      157165000	     15617	80004c56	01aa1bb3	sll	x23,x20,x26	 x20:0x80021e0d x26:0x80025ce4 x23=0x0021e0d0
      157175000	     15618	80004c5a	016cbeb3	sltu	x29,x25,x22	 x25:0x00000784 x22:0x00000000 x29=0x00000000
      157185000	     15619	80004c5e	410fd493	srai	x9,x31,0x10	 x31:0x00000000  x9=0x00000000
      157195000	     15620	80004c62	80e2	c.mv	x1,x24	  x0:0x00000000 x24:0x00000001  x1=0x00000001
      157205000	     15621	80004c64	03a16163	bltu	x2,x26,80004c86	  x2:0x0021e100 x26:0x80025ce4
      157595000	     15660	80004c86	02e5c333	div	x6,x11,x14	 x11:0x000003e0 x14:0xfaf66000  x6=0x00000000
      157605000	     15661	80004c8a	0001	c.addi	x0,0	  x0:0x00000000  x0=0x00000000
      157615000	     15662	80004c8c	41dd81b3	sub	x3,x27,x29	 x27:0xffde2684 x29:0x00000000  x3=0xffde2684
      157625000	     15663	80004c90	8f41	c.or	x14,x8	 x14:0xfaf66000  x8:0x637a1bc0 x14=0xfbfe7bc0
      157635000	     15664	80004c92	ed09	c.bnez	x10,80004cac	 x10:0xfaf66000
      157655000	     15666	80004cac	6411	c.lui	x8,0x4	  x8=0x00004000
      157665000	     15667	80004cae	0000100f	fence.i	
      157685000	     15669	80004cb2	8205	c.srli	x12,0x1	 x12:0x00000294 x12=0x0000014a
      157695000	     15670	80004cb4	0a1e	c.slli	x20,0x7	 x20:0x80021e0d x20=0x010f0680
      157705000	     15671	80004cb6	0ff0000f	fence	iorw,iorw	
      157715000	     15672	80004cba	c784d317	auipc	x6,0xc784d	  x6=0x47851cba
      158085000	     15709	80004cbe	035b5c33	divu	x24,x22,x21	 x22:0x00000000 x21:0x00000160 x24=0x00000000
      158095000	     15710	80004cc2	6e0c6b17	auipc	x22,0x6e0c6	 x22=0xee0cacc2
      158105000	     15711	80004cc6	03a6dc63	bge	x13,x26,80004cfe	 x13:0x00000000 x26:0x80025ce4
      158135000	     15714	80004cfe	18ae3e13	sltiu	x28,x28,394	 x28:0x00000000 x28=0x00000001
      158145000	     15715	80004d02	0000100f	fence.i	
      158175000	     15718	80004d06	013a8eb3	add	x29,x21,x19	 x21:0x00000160 x19:0x80021dfc x29=0x80021f5c
      158185000	     15719	80004d0a	029e4163	blt	x28,x9,80004d2c	 x28:0x00000001  x9:0x00000000
      158195000	     15720	80004d0e	41315c33	sra	x24,x2,x19	  x2:0x0021e100 x19:0x80021dfc x24=0x00000000
      158205000	     15721	80004d12	e695	c.bnez	x13,80004d3e	 x13:0x00000000
      158215000	     15722	80004d14	0ff0000f	fence	iorw,iorw	
      158225000	     15723	80004d18	013addb3	srl	x27,x21,x19	 x21:0x00000160 x19:0x80021dfc x27=0x00000000
      158235000	     15724	80004d1c	00395733	srl	x14,x18,x3	 x18:0xffffffff  x3:0xffde2684 x14=0x0fffffff
      158245000	     15725	80004d20	1214	c.addi4spn	x13,x2,288	 x13=0x0021e220
      158255000	     15726	80004d22	9720b0b7	lui	x1,0x9720b	  x1=0x9720b000
      158265000	     15727	80004d26	016daeb3	slt	x29,x27,x22	 x27:0x00000000 x22:0xee0cacc2 x29=0x00000000
      158275000	     15728	80004d2a	1200	c.addi4spn	x8,x2,288	  x8=0x0021e220
      158285000	     15729	80004d2c	0090e1b3	or	x3,x1,x9	  x1:0x9720b000  x9:0x00000000  x3=0x9720b000
      158295000	     15730	80004d30	000624b3	slt	x9,x12,x0	 x12:0x0000014a  x0:0x00000000  x9=0x00000000
      158305000	     15731	80004d34	85dd	c.srai	x11,0x17	 x11:0x000003e0 x11=0x00000000
      158315000	     15732	80004d36	e22a0413	addi	x8,x20,-478	 x20:0x010f0680  x8=0x010f04a2
      158325000	     15733	80004d3a	013e8a33	add	x20,x29,x19	 x29:0x00000000 x19:0x80021dfc x20=0x80021dfc
      158335000	     15734	80004d3e	eb04c697	auipc	x13,0xeb04c	 x13=0x6b050d3e
      158345000	     15735	80004d42	007ea6b3	slt	x13,x29,x7	 x29:0x00000000  x7:0xfaeb9c09 x13=0x00000000
      158385000	     15739	80004d46	02212033	mulhsu	x0,x2,x2	  x2:0x0021e100  x2:0x0021e100  x0=0x00000000
      158395000	     15740	80004d4a	008404b3	add	x9,x8,x8	  x8:0x010f04a2  x8:0x010f04a2  x9=0x021e0944
      158405000	     15741	80004d4e	1488	c.addi4spn	x10,x2,608	 x10=0x0021e360
      158415000	     15742	80004d50	81513493	sltiu	x9,x2,-2027	  x2:0x0021e100  x9=0x00000001
      158425000	     15743	80004d54	03f66063	bltu	x12,x31,80004d74	 x12:0x0000014a x31:0x00000000
      158435000	     15744	80004d58	351f2c13	slti	x24,x30,849	 x30:0x00000000 x24=0x00000001
      158445000	     15745	80004d5c	60123a93	sltiu	x21,x4,1537	  x4:0xf5ecc000 x21=0x00000000
      158455000	     15746	80004d60	0001	c.addi	x0,0	  x0:0x00000000  x0=0x00000000
      158465000	     15747	80004d62	03a3c963	blt	x7,x26,80004d94	  x7:0xfaeb9c09 x26:0x80025ce4
      158505000	     15751	80004d66	022131b3	mulhu	x3,x2,x2	  x2:0x0021e100  x2:0x0021e100  x3=0x0000047b
      158515000	     15752	80004d6a	8e0d	c.sub	x12,x11	 x12:0x0000014a x11:0x00000000 x12=0x0000014a
      158525000	     15753	80004d6c	027a1063	bne	x20,x7,80004d8c	 x20:0x80021dfc  x7:0xfaeb9c09
      158545000	     15755	80004d8c	8545	c.srai	x10,0x11	 x10:0x0021e360 x10=0x00000010
      158555000	     15756	80004d8e	92438a13	addi	x20,x7,-1756	  x7:0xfaeb9c09 x20=0xfaeb952d
      158565000	     15757	80004d92	8742	c.mv	x14,x16	  x0:0x00000000 x16:0x00000787 x14=0x00000787
      158575000	     15758	80004d94	02ef6863	bltu	x30,x14,80004dc4	 x30:0x00000000 x14:0x00000787
      158595000	     15760	80004dc4	0616	c.slli	x12,0x5	 x12:0x0000014a x12=0x00002940
      158605000	     15761	80004dc6	8d59	c.or	x10,x14	 x10:0x00000010 x14:0x00000787 x10=0x00000797
      158615000	     15762	80004dc8	017f9633	sll	x12,x31,x23	 x31:0x00000000 x23:0x0021e0d0 x12=0x00000000
      158625000	     15763	80004dcc	821a	c.mv	x4,x6	  x0:0x00000000  x6:0x47851cba  x4=0x47851cba
      158995000	     15800	80004dce	02416db3	rem	x27,x2,x4	  x2:0x0021e100  x4:0x47851cba x27=0x0021e100
      159025000	     15803	80004dd2	02bc0bb3	mul	x23,x24,x11	 x24:0x00000001 x11:0x00000000 x23=0x00000000
      159035000	     15804	80004dd6	18fd	c.addi	x17,-1	 x17:0xffffff83 x17=0xffffff82
      159045000	     15805	80004dd8	028c	c.addi4spn	x11,x2,320	 x11=0x0021e240
      159055000	     15806	80004dda	8c45	c.or	x8,x9	  x8:0x010f04a2  x9:0x00000001  x8=0x010f04a3
      159065000	     15807	80004ddc	0001	c.addi	x0,0	  x0:0x00000000  x0=0x00000000
      159075000	     15808	80004dde	010e74b7	lui	x9,0x10e7	  x9=0x010e7000
      159445000	     15845	80004de2	038c71b3	remu	x3,x24,x24	 x24:0x00000001 x24:0x00000001  x3=0x00000000
      159455000	     15846	80004de6	62f9	c.lui	x5,0x1e	  x5=0x0001e000
      159465000	     15847	80004de8	6aadf013	andi	x0,x27,1706	 x27:0x0021e100  x0=0x00000000
      159475000	     15848	80004dec	e211	c.bnez	x12,80004df0	 x12:0x00000000
      159485000	     15849	80004dee	987a	c.add	x16,x30	 x16:0x00000787 x30:0x00000000 x16=0x00000787
      159495000	     15850	80004df0	9bd6	c.add	x23,x21	 x23:0x00000000 x21:0x00000000 x23=0x00000000
      159505000	     15851	80004df2	4057df33	sra	x30,x15,x5	 x15:0xffffffaf  x5:0x0001e000 x30=0xffffffaf
      159515000	     15852	80004df6	02490d63	beq	x18,x4,80004e30	 x18:0xffffffff  x4:0x47851cba
      159525000	     15853	80004dfa	0001	c.addi	x0,0	  x0:0x00000000  x0=0x00000000
      159895000	     15890	80004dfc	03b1d533	divu	x10,x3,x27	  x3:0x00000000 x27:0x0021e100 x10=0x00000000
      159905000	     15891	80004e00	02a4c163	blt	x9,x10,80004e22	  x9:0x010e7000 x10:0x00000000
      159945000	     15895	80004e04	021ab833	mulhu	x16,x21,x1	 x21:0x00000000  x1:0x9720b000 x16=0x00000000
      159955000	     15896	80004e08	5efd	c.li	x29,-1	 x29=0xffffffff
      159965000	     15897	80004e0a	03657f63	bgeu	x10,x22,80004e48	 x10:0x00000000 x22:0xee0cacc2
      159975000	     15898	80004e0e	b3112213	slti	x4,x2,-1231	  x2:0x0021e100  x4=0x00000000
      159985000	     15899	80004e12	87910313	addi	x6,x2,-1927	  x2:0x0021e100  x6=0x0021d979
      159995000	     15900	80004e16	417ad913	srai	x18,x21,0x17	 x21:0x00000000 x18=0x00000000
      160005000	     15901	80004e1a	401d2013	slti	x0,x26,1025	 x26:0x80025ce4  x0=0x00000000
      160015000	     15902	80004e1e	41465493	srai	x9,x12,0x14	 x12:0x00000000  x9=0x00000000
      160385000	     15939	80004e22	03bf6033	rem	x0,x30,x27	 x30:0xffffffaf x27:0x0021e100  x0=0x00000000
      160395000	     15940	80004e26	ae268693	addi	x13,x13,-1310	 x13:0x00000000 x13=0xfffffae2
      160405000	     15941	80004e2a	01bbfc63	bgeu	x23,x27,80004e42	 x23:0x00000000 x27:0x0021e100
      160415000	     15942	80004e2e	879d	c.srai	x15,0x7	 x15:0xffffffaf x15=0xffffffff
      160425000	     15943	80004e30	17fd	c.addi	x15,-1	 x15:0xffffffff x15=0xfffffffe
      160435000	     15944	80004e32	40d15933	sra	x18,x2,x13	  x2:0x0021e100 x13:0xfffffae2 x18=0x00087840
      160445000	     15945	80004e36	547f0113	addi	x2,x30,1351	 x30:0xffffffaf  x2=0x000004f6
      160455000	     15946	80004e3a	0000100f	fence.i	
      160845000	     15985	80004e3e	03cae6b3	rem	x13,x21,x28	 x21:0x00000000 x28:0x00000001 x13=0x00000000
      160855000	     15986	80004e42	00324e63	blt	x4,x3,80004e5e	  x4:0x00000000  x3:0x00000000
      160865000	     15987	80004e46	8c05	c.sub	x8,x9	  x8:0x010f04a3  x9:0x00000000  x8=0x010f04a3
      160875000	     15988	80004e48	1d84	c.addi4spn	x9,x2,752	  x9=0x000007e6
      160885000	     15989	80004e4a	04b4d163	bge	x9,x11,80004e8c	  x9:0x000007e6 x11:0x0021e240
      160895000	     15990	80004e4e	d817c913	xori	x18,x15,-639	 x15:0xfffffffe x18=0x0000027f
      160905000	     15991	80004e52	008c	c.addi4spn	x11,x2,64	 x11=0x00000536
      160915000	     15992	80004e54	01377e33	and	x28,x14,x19	 x14:0x00000787 x19:0x80021dfc x28=0x00000584
      160925000	     15993	80004e58	8f5d	c.or	x14,x15	 x14:0x00000787 x15:0xfffffffe x14=0xffffffff
      160935000	     15994	80004e5a	02d66163	bltu	x12,x13,80004e7c	 x12:0x00000000 x13:0x00000000
      160945000	     15995	80004e5e	0237f263	bgeu	x15,x3,80004e82	 x15:0xfffffffe  x3:0x00000000
      160975000	     15998	80004e82	02728663	beq	x5,x7,80004eae	  x5:0x0001e000  x7:0xfaeb9c09
      160985000	     15999	80004e86	98fd	c.andi	x9,-1	  x9:0x000007e6  x9=0x000007e6
      161025000	     16003	80004e88	03d110b3	mulh	x1,x2,x29	  x2:0x000004f6 x29:0xffffffff  x1=0xffffffff
      161035000	     16004	80004e8c	1a9c	c.addi4spn	x15,x2,368	 x15=0x00000666
      161405000	     16041	80004e8e	02624cb3	div	x25,x4,x6	  x4:0x00000000  x6:0x0021d979 x25=0x00000000
      161415000	     16042	80004e92	0e25	c.addi	x28,9	 x28:0x00000584 x28=0x0000058d
      161425000	     16043	80004e94	82e1	c.srli	x13,0x18	 x13:0x00000000 x13=0x00000000
      161435000	     16044	80004e96	00916263	bltu	x2,x9,80004e9a	  x2:0x000004f6  x9:0x000007e6
      161455000	     16046	80004e9a	8dbd	c.xor	x11,x15	 x11:0x00000536 x15:0x00000666 x11=0x00000350
      161465000	     16047	80004e9c	a15aa793	slti	x15,x21,-1515	 x21:0x00000000 x15=0x00000000
      161475000	     16048	80004ea0	9a36	c.add	x20,x13	 x20:0xfaeb952d x13:0x00000000 x20=0xfaeb952d
      161485000	     16049	80004ea2	0000100f	fence.i	
      161515000	     16052	80004ea6	40875833	sra	x16,x14,x8	 x14:0xffffffff  x8:0x010f04a3 x16=0xffffffff
      161525000	     16053	80004eaa	9b16	c.add	x22,x5	 x22:0xee0cacc2  x5:0x0001e000 x22=0xee0e8cc2
      161535000	     16054	80004eac	0001	c.addi	x0,0	  x0:0x00000000  x0=0x00000000
      161565000	     16057	80004eae	037580b3	mul	x1,x11,x23	 x11:0x00000350 x23:0x00000000  x1=0x00000000
      161575000	     16058	80004eb2	c99e2f93	slti	x31,x28,-871	 x28:0x0000058d x31=0x00000000
      161585000	     16059	80004eb6	003e35b3	sltu	x11,x28,x3	 x28:0x0000058d  x3:0x00000000 x11=0x00000000
      161595000	     16060	80004eba	02136f63	bltu	x6,x1,80004ef8	  x6:0x0021d979  x1:0x00000000
      161605000	     16061	80004ebe	79db6913	ori	x18,x22,1949	 x22:0xee0e8cc2 x18=0xee0e8fdf
      161615000	     16062	80004ec2	3d3e4513	xori	x10,x28,979	 x28:0x0000058d x10=0x0000065e
      161625000	     16063	80004ec6	0865	c.addi	x16,25	 x16:0xffffffff x16=0x00000018
      161665000	     16067	80004ec8	02afa2b3	mulhsu	x5,x31,x10	 x31:0x00000000 x10:0x0000065e  x5=0x00000000
      161675000	     16068	80004ecc	0001	c.addi	x0,0	  x0:0x00000000  x0=0x00000000
      161685000	     16069	80004ece	40a956b3	sra	x13,x18,x10	 x18:0xee0e8fdf x10:0x0000065e x13=0xffffffff
      161695000	     16070	80004ed2	01381433	sll	x8,x16,x19	 x16:0x00000018 x19:0x80021dfc  x8=0x80000000
      161705000	     16071	80004ed6	0000100f	fence.i	
      161725000	     16073	80004eda	1b88	c.addi4spn	x10,x2,496	 x10=0x000006e6
      161765000	     16077	80004edc	023a1333	mulh	x6,x20,x3	 x20:0xfaeb952d  x3:0x00000000  x6=0x00000000
      161775000	     16078	80004ee0	51fd	c.li	x3,-1	  x3=0xffffffff
      161785000	     16079	80004ee2	000f7263	bgeu	x30,x0,80004ee6	 x30:0xffffffaf  x0:0x00000000
      161805000	     16081	80004ee6	4481	c.li	x9,0	  x9=0x00000000
      161815000	     16082	80004ee8	c011	c.beqz	x8,80004eec	  x8:0x80000000
      161825000	     16083	80004eea	0001	c.addi	x0,0	  x0:0x00000000  x0=0x00000000
      161835000	     16084	80004eec	01dfd833	srl	x16,x31,x29	 x31:0x00000000 x29:0xffffffff x16=0x00000000
      162205000	     16121	80004ef0	02e8e4b3	rem	x9,x17,x14	 x17:0xffffff82 x14:0xffffffff  x9=0x00000000
      162215000	     16122	80004ef4	6bc1	c.lui	x23,0x10	 x23=0x00010000
      162225000	     16123	80004ef6	99fd	c.andi	x11,-1	 x11:0x00000000 x11=0x00000000
      162235000	     16124	80004ef8	717d	c.addi16sp	x2,-16	  x2:0x000004f6  x2=0x000004e6
      162245000	     16125	80004efa	00f494b3	sll	x9,x9,x15	  x9:0x00000000 x15:0x00000000  x9=0x00000000
      162285000	     16129	80004efe	03afbe33	mulhu	x28,x31,x26	 x31:0x00000000 x26:0x80025ce4 x28=0x00000000
      162295000	     16130	80004f02	2695e813	ori	x16,x11,617	 x11:0x00000000 x16=0x00000269
      162305000	     16131	80004f06	017d9193	slli	x3,x27,0x17	 x27:0x0021e100  x3=0x80000000
      162315000	     16132	80004f0a	00806233	or	x4,x0,x8	  x0:0x00000000  x8:0x80000000  x4=0x80000000
      162325000	     16133	80004f0e	03df6663	bltu	x30,x29,80004f3a	 x30:0xffffffaf x29:0xffffffff
      162345000	     16135	80004f3a	8c81	c.sub	x9,x8	  x9:0x00000000  x8:0x80000000  x9=0x80000000
      162355000	     16136	80004f3c	005e91b3	sll	x3,x29,x5	 x29:0xffffffff  x5:0x00000000  x3=0xffffffff
      162395000	     16140	80004f40	024bbb33	mulhu	x22,x23,x4	 x23:0x00010000  x4:0x80000000 x22=0x00008000
      162405000	     16141	80004f44	0161fa33	and	x20,x3,x22	  x3:0xffffffff x22:0x00008000 x20=0x00008000
      162415000	     16142	80004f48	8799	c.srai	x15,0x6	 x15:0x00000000 x15=0x00000000
      162425000	     16143	80004f4a	ee91	c.bnez	x13,80004f66	 x13:0xffffffff
      162445000	     16145	80004f66	0ba6	c.slli	x23,0x9	 x23:0x00010000 x23=0x02000000
      162455000	     16146	80004f68	00601a13	slli	x20,x0,0x6	  x0:0x00000000 x20=0x00000000
      162465000	     16147	80004f6c	8e41	c.or	x12,x8	 x12:0x00000000  x8:0x80000000 x12=0x80000000
      162475000	     16148	80004f6e	02d71f63	bne	x14,x13,80004fac	 x14:0xffffffff x13:0xffffffff
      162485000	     16149	80004f72	0001	c.addi	x0,0	  x0:0x00000000  x0=0x00000000
      162495000	     16150	80004f74	aa06c213	xori	x4,x13,-1376	 x13:0xffffffff  x4=0x0000055f
      162505000	     16151	80004f78	0000100f	fence.i	
      162885000	     16189	80004f7c	029250b3	divu	x1,x4,x9	  x4:0x0000055f  x9:0x80000000  x1=0x00000000
      162895000	     16190	80004f80	9a12	c.add	x20,x4	 x20:0x00000000  x4:0x0000055f x20=0x0000055f
      162905000	     16191	80004f82	0223c563	blt	x7,x2,80004fac	  x7:0xfaeb9c09  x2:0x000004e6
      162925000	     16193	80004fac	0891d897	auipc	x17,0x891d	 x17=0x88921fac
      162935000	     16194	80004fb0	8b86	c.mv	x23,x1	  x0:0x00000000  x1:0x00000000 x23=0x00000000
      162945000	     16195	80004fb2	0590	c.addi4spn	x12,x2,704	 x12=0x000007a6
      162955000	     16196	80004fb4	01adaa33	slt	x20,x27,x26	 x27:0x0021e100 x26:0x80025ce4 x20=0x00000000
      162965000	     16197	80004fb8	ae5a37b7	lui	x15,0xae5a3	 x15=0xae5a3000
      162975000	     16198	80004fbc	00590c33	add	x24,x18,x5	 x18:0xee0e8fdf  x5:0x00000000 x24=0xee0e8fdf
      162985000	     16199	80004fc0	ccd3c713	xori	x14,x7,-819	  x7:0xfaeb9c09 x14=0x051460c4
      162995000	     16200	80004fc4	4b0d	c.li	x22,3	 x22=0x00000003
      163005000	     16201	80004fc6	ef1cfe93	andi	x29,x25,-271	 x25:0x00000000 x29=0x00000000
      163015000	     16202	80004fca	03dc8b63	beq	x25,x29,80005000	 x25:0x00000000 x29:0x00000000
      163035000	     16204	80005000	40f55533	sra	x10,x10,x15	 x10:0x000006e6 x15:0xae5a3000 x10=0x000006e6
      163045000	     16205	80005004	9e56	c.add	x28,x21	 x28:0x00000000 x21:0x00000000 x28=0x00000000
      163055000	     16206	80005006	41eed533	sra	x10,x29,x30	 x29:0x00000000 x30:0xffffffaf x10=0x00000000
      163065000	     16207	8000500a	82b9	c.srli	x13,0xe	 x13:0xffffffff x13=0x0003ffff
      163075000	     16208	8000500c	e89d	c.bnez	x9,80005042	  x9:0x80000000
      163095000	     16210	80005042	0b4a	c.slli	x22,0x12	 x22:0x00000003 x22=0x000c0000
      163105000	     16211	80005044	ea19	c.bnez	x12,8000505a	 x12:0x000007a6
      163135000	     16214	8000505a	01db5013	srli	x0,x22,0x1d	 x22:0x000c0000  x0=0x00000000
      163145000	     16215	8000505e	0aed	c.addi	x21,27	 x21:0x00000000 x21=0x0000001b
      163155000	     16216	80005060	6641	c.lui	x12,0x10	 x12=0x00010000
      163525000	     16253	80005062	0278c0b3	div	x1,x17,x7	 x17:0x88921fac  x7:0xfaeb9c09  x1=0x00000017
      163895000	     16290	80005066	0360d5b3	divu	x11,x1,x22	  x1:0x00000017 x22:0x000c0000 x11=0x00000000
      163905000	     16291	8000506a	0001	c.addi	x0,0	  x0:0x00000000  x0=0x00000000
      163915000	     16292	8000506c	017af2b3	and	x5,x21,x23	 x21:0x0000001b x23:0x00000000  x5=0x00000000
      163925000	     16293	80005070	d40336b7	lui	x13,0xd4033	 x13=0xd4033000
      163935000	     16294	80005074	98fd	c.andi	x9,-1	  x9:0x80000000  x9=0x80000000
      163945000	     16295	80005076	0001	c.addi	x0,0	  x0:0x00000000  x0=0x00000000
      163955000	     16296	80005078	0001	c.addi	x0,0	  x0:0x00000000  x0=0x00000000
      164325000	     16333	8000507a	03624bb3	div	x23,x4,x22	  x4:0x0000055f x22:0x000c0000 x23=0x00000000
      164335000	     16334	8000507e	03434c63	blt	x6,x20,800050b6	  x6:0x00000000 x20:0x00000000
      164345000	     16335	80005082	40205f93	srai	x31,x0,0x2	  x0:0x00000000 x31=0x00000000
      164355000	     16336	80005086	4133d1b3	sra	x3,x7,x19	  x7:0xfaeb9c09 x19:0x80021dfc  x3=0xffffffff
      164365000	     16337	8000508a	04961063	bne	x12,x9,800050ca	 x12:0x00010000  x9:0x80000000
      164395000	     16340	800050ca	23456693	ori	x13,x10,564	 x10:0x00000000 x13=0x00000234
      164405000	     16341	800050ce	8f25	c.xor	x14,x9	 x14:0x051460c4  x9:0x80000000 x14=0x851460c4
      164415000	     16342	800050d0	02a45e63	bge	x8,x10,8000510c	  x8:0x80000000 x10:0x00000000
      164425000	     16343	800050d4	011c9f63	bne	x25,x17,800050f2	 x25:0x00000000 x17:0x88921fac
      164445000	     16345	800050f2	80b5	c.srli	x9,0xd	  x9:0x80000000  x9=0x00040000
      164455000	     16346	800050f4	e685	c.bnez	x13,8000511c	 x13:0x00000234
      164475000	     16348	8000511c	6e45	c.lui	x28,0x11	 x28=0x00011000
      164485000	     16349	8000511e	01401eb3	sll	x29,x0,x20	  x0:0x00000000 x20:0x00000000 x29=0x00000000
      164495000	     16350	80005122	6fb9	c.lui	x31,0xe	 x31=0x0000e000
      164505000	     16351	80005124	ee9d	c.bnez	x13,80005162	 x13:0x00000234
      164535000	     16354	80005162	0000100f	fence.i	
      164555000	     16356	80005166	0b9a	c.slli	x23,0x6	 x23:0x00000000 x23=0x00000000
      164565000	     16357	80005168	0bfd7437	lui	x8,0xbfd7	  x8=0x0bfd7000
      164575000	     16358	8000516c	050c	c.addi4spn	x11,x2,640	 x11=0x00000766
      164585000	     16359	8000516e	41965313	srai	x6,x12,0x19	 x12:0x00010000  x6=0x00000000
      164595000	     16360	80005172	65a9	c.lui	x11,0xa	 x11=0x0000a000
      164605000	     16361	80005174	8c3d	c.xor	x8,x15	  x8:0x0bfd7000 x15:0xae5a3000  x8=0xa5a74000
      164615000	     16362	80005176	37ff7837	lui	x16,0x37ff7	 x16=0x37ff7000
      164625000	     16363	8000517a	81fd	c.srli	x11,0x1f	 x11:0x0000a000 x11=0x00000000
      164635000	     16364	8000517c	01f0edb3	or	x27,x1,x31	  x1:0x00000017 x31:0x0000e000 x27=0x0000e017
      164645000	     16365	80005180	03430263	beq	x6,x20,800051a4	  x6:0x00000000 x20:0x00000000
      164665000	     16367	800051a4	8a61	c.andi	x12,24	 x12:0x00010000 x12=0x00000000
      164675000	     16368	800051a6	85aeab37	lui	x22,0x85aea	 x22=0x85aea000
      164685000	     16369	800051aa	0708	c.addi4spn	x10,x2,896	 x10=0x00000866
      164705000	     16371	800051ac	03d260b3	rem	x1,x4,x29	  x4:0x0000055f x29:0x00000000  x1=0x0000055f
      164715000	     16372	800051b0	6cc9	c.lui	x25,0x12	 x25=0x00012000
      164725000	     16373	800051b2	0040ddb3	srl	x27,x1,x4	  x1:0x0000055f  x4:0x0000055f x27=0x00000000
      164735000	     16374	800051b6	8485	c.srai	x9,0x1	  x9:0x00040000  x9=0x00020000
      164745000	     16375	800051b8	013fd493	srli	x9,x31,0x13	 x31:0x0000e000  x9=0x00000000
      164755000	     16376	800051bc	00f42933	slt	x18,x8,x15	  x8:0xa5a74000 x15:0xae5a3000 x18=0x00000001
      164765000	     16377	800051c0	8ef1	c.and	x13,x12	 x13:0x00000234 x12:0x00000000 x13=0x00000000
      164775000	     16378	800051c2	c71d	c.beqz	x14,800051f0	 x14:0x851460c4
      164785000	     16379	800051c4	862a	c.mv	x12,x10	  x0:0x00000000 x10:0x00000866 x12=0x00000866
      164805000	     16381	800051c6	02b0c8b3	div	x17,x1,x11	  x1:0x0000055f x11:0x00000000 x17=0xffffffff
      164815000	     16382	800051ca	8cde	c.mv	x25,x23	  x0:0x00000000 x23:0x00000000 x25=0x00000000
      164825000	     16383	800051cc	023d1c63	bne	x26,x3,80005204	 x26:0x80025ce4  x3:0xffffffff
      164875000	     16388	80005204	03813433	mulhu	x8,x2,x24	  x2:0x000004e6 x24:0xee0e8fdf  x8=0x0000048e
      164885000	     16389	80005208	0871	c.addi	x16,28	 x16:0x37ff7000 x16=0x37ff701c
      164895000	     16390	8000520a	8f6a	c.mv	x30,x26	  x0:0x00000000 x26:0x80025ce4 x30=0x80025ce4
      164905000	     16391	8000520c	01e37033	and	x0,x6,x30	  x6:0x00000000 x30:0x80025ce4  x0=0x00000000
      164915000	     16392	80005210	8e01	c.sub	x12,x8	 x12:0x00000866  x8:0x0000048e x12=0x000003d8
      164925000	     16393	80005212	9642	c.add	x12,x16	 x12:0x000003d8 x16:0x37ff701c x12=0x37ff73f4
      164935000	     16394	80005214	012d7db3	and	x27,x26,x18	 x26:0x80025ce4 x18:0x00000001 x27=0x00000000
      164945000	     16395	80005218	ab43c793	xori	x15,x7,-1356	  x7:0xfaeb9c09 x15=0x051466bd
      164955000	     16396	8000521c	af557797	auipc	x15,0xaf557	 x15=0x2f55c21c
      164965000	     16397	80005220	00840e63	beq	x8,x8,8000523c	  x8:0x0000048e  x8:0x0000048e
      164985000	     16399	8000523c	03bd0063	beq	x26,x27,8000525c	 x26:0x80025ce4 x27:0x00000000
      164995000	     16400	80005240	6f8ae813	ori	x16,x21,1784	 x21:0x0000001b x16=0x000006fb
      165005000	     16401	80005244	8fc9	c.or	x15,x10	 x15:0x2f55c21c x10:0x00000866 x15=0x2f55ca7e
      165015000	     16402	80005246	9af2	c.add	x21,x28	 x21:0x0000001b x28:0x00011000 x21=0x0001101b
      165385000	     16439	80005248	02a3cc33	div	x24,x7,x10	  x7:0xfaeb9c09 x10:0x00000866 x24=0xffff652a
      165395000	     16440	8000524c	0001	c.addi	x0,0	  x0:0x00000000  x0=0x00000000
      165405000	     16441	8000524e	c819	c.beqz	x8,80005264	  x8:0x0000048e
      165415000	     16442	80005250	12b29297	auipc	x5,0x12b29	  x5=0x92b2e250
      165425000	     16443	80005254	0001	c.addi	x0,0	  x0:0x00000000  x0=0x00000000
      165435000	     16444	80005256	8739	c.srai	x14,0xe	 x14:0x851460c4 x14=0xfffe1451
      165455000	     16446	80005258	02d767b3	rem	x15,x14,x13	 x14:0xfffe1451 x13:0x00000000 x15=0xfffe1451
      165465000	     16447	8000525c	005141b3	xor	x3,x2,x5	  x2:0x000004e6  x5:0x92b2e250  x3=0x92b2e6b6
      165475000	     16448	80005260	00a77a33	and	x20,x14,x10	 x14:0xfffe1451 x10:0x00000866 x20=0x00000040
      165485000	     16449	80005264	0101a2b3	slt	x5,x3,x16	  x3:0x92b2e6b6 x16:0x000006fb  x5=0x00000001
      165495000	     16450	80005268	0ff0000f	fence	iorw,iorw	
      165505000	     16451	8000526c	03de5463	bge	x28,x29,80005294	 x28:0x00011000 x29:0x00000000
      165525000	     16453	80005294	8299	c.srli	x13,0x6	 x13:0x00000000 x13=0x00000000
      165535000	     16454	80005296	40ce5c33	sra	x24,x28,x12	 x28:0x00011000 x12:0x37ff73f4 x24=0x00000000
      165545000	     16455	8000529a	8fc9	c.or	x15,x10	 x15:0xfffe1451 x10:0x00000866 x15=0xfffe1c77
      165915000	     16492	8000529c	025d6633	rem	x12,x26,x5	 x26:0x80025ce4  x5:0x00000001 x12=0x00000000
      165925000	     16493	800052a0	0142ba33	sltu	x20,x5,x20	  x5:0x00000001 x20:0x00000040 x20=0x00000001
      165955000	     16496	800052a4	033c84b3	mul	x9,x25,x19	 x25:0x00000000 x19:0x80021dfc  x9=0x00000000
      165965000	     16497	800052a8	002d4933	xor	x18,x26,x2	 x26:0x80025ce4  x2:0x000004e6 x18=0x80025802
      165975000	     16498	800052ac	00ad1ab3	sll	x21,x26,x10	 x26:0x80025ce4 x10:0x00000866 x21=0x00973900
      165985000	     16499	800052b0	01326263	bltu	x4,x19,800052b4	  x4:0x0000055f x19:0x80021dfc
      166005000	     16501	800052b4	41265333	sra	x6,x12,x18	 x12:0x00000000 x18:0x80025802  x6=0x00000000
      166015000	     16502	800052b8	8376	c.mv	x6,x29	  x0:0x00000000 x29:0x00000000  x6=0x00000000
      166025000	     16503	800052ba	6b25	c.lui	x22,0x9	 x22=0x00009000
      166035000	     16504	800052bc	006dbe33	sltu	x28,x27,x6	 x27:0x00000000  x6:0x00000000 x28=0x00000000
      166045000	     16505	800052c0	401d5613	srai	x12,x26,0x1	 x26:0x80025ce4 x12=0xc0012e72
      166065000	     16507	800052c4	02694fb3	div	x31,x18,x6	 x18:0x80025802  x6:0x00000000 x31=0xffffffff
      166075000	     16508	800052c8	00331693	slli	x13,x6,0x3	  x6:0x00000000 x13=0x00000000
      166115000	     16512	800052cc	024fadb3	mulhsu	x27,x31,x4	 x31:0xffffffff  x4:0x0000055f x27=0xffffffff
      166125000	     16513	800052d0	01c1d493	srli	x9,x3,0x1c	  x3:0x92b2e6b6  x9=0x00000009
      166165000	     16517	800052d4	02209933	mulh	x18,x1,x2	  x1:0x0000055f  x2:0x000004e6 x18=0x00000000
      166175000	     16518	800052d8	0000100f	fence.i	
      166205000	     16521	800052dc	038248b3	div	x17,x4,x24	  x4:0x0000055f x24:0x00000000 x17=0xffffffff
      166215000	     16522	800052e0	0373dc63	bge	x7,x23,80005318	  x7:0xfaeb9c09 x23:0x00000000
      166225000	     16523	800052e4	0000100f	fence.i	
      166245000	     16525	800052e8	03a2d063	bge	x5,x26,80005308	  x5:0x00000001 x26:0x80025ce4
      166265000	     16527	80005308	835d	c.srli	x14,0x17	 x14:0xfffe1451 x14=0x000001ff
      166305000	     16531	8000530a	02db1733	mulh	x14,x22,x13	 x22:0x00009000 x13:0x00000000 x14=0x00000000
      166315000	     16532	8000530e	0ff0000f	fence	iorw,iorw	
      166325000	     16533	80005312	0001	c.addi	x0,0	  x0:0x00000000  x0=0x00000000
      166335000	     16534	80005314	00136cb3	or	x25,x6,x1	  x6:0x00000000  x1:0x0000055f x25=0x0000055f
      166355000	     16536	80005318	0325cbb3	div	x23,x11,x18	 x11:0x00000000 x18:0x00000000 x23=0xffffffff
      166365000	     16537	8000531c	04695463	bge	x18,x6,80005364	 x18:0x00000000  x6:0x00000000
      166385000	     16539	80005364	01979113	slli	x2,x15,0x19	 x15:0xfffe1c77  x2=0xee000000
      166395000	     16540	80005368	015c98b3	sll	x17,x25,x21	 x25:0x0000055f x21:0x00973900 x17=0x0000055f
      166405000	     16541	8000536c	41d65913	srai	x18,x12,0x1d	 x12:0xc0012e72 x18=0xfffffffe
      166415000	     16542	80005370	0001	c.addi	x0,0	  x0:0x00000000  x0=0x00000000
      166425000	     16543	80005372	0215	c.addi	x4,5	  x4:0x0000055f  x4=0x00000564
      166435000	     16544	80005374	01559f93	slli	x31,x11,0x15	 x11:0x00000000 x31=0x00000000
      166805000	     16581	80005378	03b85a33	divu	x20,x16,x27	 x16:0x000006fb x27:0xffffffff x20=0x00000000
      167175000	     16618	8000537c	037a7833	remu	x16,x20,x23	 x20:0x00000000 x23:0xffffffff x16=0x00000000
      167185000	     16619	80005380	4d8f4b97	auipc	x23,0x4d8f4	 x23=0xcd8f9380
      167195000	     16620	80005384	c60d	c.beqz	x12,800053ae	 x12:0xc0012e72
      167205000	     16621	80005386	717d	c.addi16sp	x2,-16	  x2:0xee000000  x2=0xedfffff0
      167215000	     16622	80005388	e4344893	xori	x17,x8,-445	  x8:0x0000048e x17=0xfffffacd
      167225000	     16623	8000538c	e0a1	c.bnez	x9,800053cc	  x9:0x00000009
      167245000	     16625	800053cc	0000100f	fence.i	
      167265000	     16627	800053d0	003ed8b3	srl	x17,x29,x3	 x29:0x00000000  x3:0x92b2e6b6 x17=0x00000000
      167275000	     16628	800053d4	9cfa	c.add	x25,x30	 x25:0x0000055f x30:0x80025ce4 x25=0x80026243
      167285000	     16629	800053d6	02aa0163	beq	x20,x10,800053f8	 x20:0x00000000 x10:0x00000866
      167295000	     16630	800053da	9e5db593	sltiu	x11,x27,-1563	 x27:0xffffffff x11=0x00000000
      167305000	     16631	800053de	82c5	c.srli	x13,0x11	 x13:0x00000000 x13=0x00000000
      167315000	     16632	800053e0	8fe9	c.and	x15,x10	 x15:0xfffe1c77 x10:0x00000866 x15=0x00000866
      167685000	     16669	800053e2	0251e633	rem	x12,x3,x5	  x3:0x92b2e6b6  x5:0x00000001 x12=0x00000000
      167705000	     16671	800053e6	0340e733	rem	x14,x1,x20	  x1:0x0000055f x20:0x00000000 x14=0x0000055f
      167715000	     16672	800053ea	8295	c.srli	x13,0x5	 x13:0x00000000 x13=0x00000000
      167725000	     16673	800053ec	a2ebfb37	lui	x22,0xa2ebf	 x22=0xa2ebf000
      167765000	     16677	800053f0	033ba4b3	mulhsu	x9,x23,x19	 x23:0xcd8f9380 x19:0x80021dfc  x9=0xe6c75ef6
      167775000	     16678	800053f4	6091	c.lui	x1,0x4	  x1=0x00004000
      167785000	     16679	800053f6	64b9	c.lui	x9,0xe	  x9=0x0000e000
      168155000	     16716	800053f8	028144b3	div	x9,x2,x8	  x2:0xedfffff0  x8:0x0000048e  x9=0xfffc0c4c
      168195000	     16720	800053fc	030f9fb3	mulh	x31,x31,x16	 x31:0x00000000 x16:0x00000000 x31=0x00000000
      168205000	     16721	80005400	8c25	c.xor	x8,x9	  x8:0x0000048e  x9:0xfffc0c4c  x8=0xfffc08c2
      168215000	     16722	80005402	bf2ee813	ori	x16,x29,-1038	 x29:0x00000000 x16=0xfffffbf2
      168225000	     16723	80005406	0001	c.addi	x0,0	  x0:0x00000000  x0=0x00000000
      168235000	     16724	80005408	01255533	srl	x10,x10,x18	 x10:0x00000866 x18:0xfffffffe x10=0x00000000
      168245000	     16725	8000540c	005af833	and	x16,x21,x5	 x21:0x00973900  x5:0x00000001 x16=0x00000000
      168285000	     16729	80005410	02c6a233	mulhsu	x4,x13,x12	 x13:0x00000000 x12:0x00000000  x4=0x00000000
      168295000	     16730	80005414	01669263	bne	x13,x22,80005418	 x13:0x00000000 x22:0xa2ebf000
      168675000	     16768	80005418	037961b3	rem	x3,x18,x23	 x18:0xfffffffe x23:0xcd8f9380  x3=0xfffffffe
      168685000	     16769	8000541c	0001	c.addi	x0,0	  x0:0x00000000  x0=0x00000000
      168695000	     16770	8000541e	8699	c.srai	x13,0x6	 x13:0x00000000 x13=0x00000000
      168705000	     16771	80005420	0001	c.addi	x0,0	  x0:0x00000000  x0=0x00000000
      168715000	     16772	80005422	809d	c.srli	x9,0x7	  x9:0xfffc0c4c  x9=0x01fff818
      168725000	     16773	80005424	547d	c.li	x8,-1	  x8=0xffffffff
      168735000	     16774	80005426	0001	c.addi	x0,0	  x0:0x00000000  x0=0x00000000
      168745000	     16775	80005428	c005	c.beqz	x8,80005448	  x8:0xffffffff
      168755000	     16776	8000542a	8d2d	c.xor	x10,x11	 x10:0x00000000 x11:0x00000000 x10=0x00000000
      168795000	     16780	8000542c	028e2eb3	mulhsu	x29,x28,x8	 x28:0x00000000  x8:0xffffffff x29=0x00000000
      168805000	     16781	80005430	008b9433	sll	x8,x23,x8	 x23:0xcd8f9380  x8:0xffffffff  x8=0x00000000
      168815000	     16782	80005434	0ff0000f	fence	iorw,iorw	
      168825000	     16783	80005438	0f8e	c.slli	x31,0x3	 x31:0x00000000 x31=0x00000000
      168835000	     16784	8000543a	019afe33	and	x28,x21,x25	 x21:0x00973900 x25:0x80026243 x28=0x00022000
      168845000	     16785	8000543e	9872f413	andi	x8,x5,-1657	  x5:0x00000001  x8=0x00000001
      168855000	     16786	80005442	971a	c.add	x14,x6	 x14:0x0000055f  x6:0x00000000 x14=0x0000055f
      168865000	     16787	80005444	0ff0000f	fence	iorw,iorw	
      168875000	     16788	80005448	04b9c263	blt	x19,x11,8000548c	 x19:0x80021dfc x11:0x00000000
      168895000	     16790	8000548c	861d	c.srai	x12,0x7	 x12:0x00000000 x12=0x00000000
      168905000	     16791	8000548e	41500633	sub	x12,x0,x21	  x0:0x00000000 x21:0x00973900 x12=0xff68c700
      168915000	     16792	80005492	99fd	c.andi	x11,-1	 x11:0x00000000 x11=0x00000000
      168925000	     16793	80005494	01b1d233	srl	x4,x3,x27	  x3:0xfffffffe x27:0xffffffff  x4=0x00000001
      168935000	     16794	80005498	02db9a63	bne	x23,x13,800054cc	 x23:0xcd8f9380 x13:0x00000000
      168955000	     16796	800054cc	0000100f	fence.i	
      168975000	     16798	800054d0	12fd	c.addi	x5,-1	  x5:0x00000001  x5=0x00000000
      168985000	     16799	800054d2	9ea6	c.add	x29,x9	 x29:0x00000000  x9:0x01fff818 x29=0x01fff818
      168995000	     16800	800054d4	81d5	c.srli	x11,0x15	 x11:0x00000000 x11=0x00000000
      169005000	     16801	800054d6	014c07b3	add	x15,x24,x20	 x24:0x00000000 x20:0x00000000 x15=0x00000000
      169015000	     16802	800054da	41af8cb3	sub	x25,x31,x26	 x31:0x00000000 x26:0x80025ce4 x25=0x7ffda31c
      169025000	     16803	800054de	01ac4c33	xor	x24,x24,x26	 x24:0x00000000 x26:0x80025ce4 x24=0x80025ce4
      169065000	     16807	800054e2	03c82b33	mulhsu	x22,x16,x28	 x16:0x00000000 x28:0x00022000 x22=0x00000000
      169435000	     16844	800054e6	02cdd4b3	divu	x9,x27,x12	 x27:0xffffffff x12:0xff68c700  x9=0x00000001
      169445000	     16845	800054ea	e919	c.bnez	x10,80005500	 x10:0x00000000
      169455000	     16846	800054ec	0e3a2c13	slti	x24,x20,227	 x20:0x00000000 x24=0x00000001
      169465000	     16847	800054f0	8e5d	c.or	x12,x15	 x12:0xff68c700 x15:0x00000000 x12=0xff68c700
      169475000	     16848	800054f2	8cf1	c.and	x9,x12	  x9:0x00000001 x12:0xff68c700  x9=0x00000000
      169485000	     16849	800054f4	610d	c.addi16sp	x2,160	  x2:0xedfffff0  x2=0xee000090
      169495000	     16850	800054f6	02eafa63	bgeu	x21,x14,8000552a	 x21:0x00973900 x14:0x0000055f
      169525000	     16853	8000552a	6c78acb7	lui	x25,0x6c78a	 x25=0x6c78a000
      169535000	     16854	8000552e	40e15013	srai	x0,x2,0xe	  x2:0xee000090  x0=0x00000000
      169545000	     16855	80005532	0cfa	c.slli	x25,0x1e	 x25:0x6c78a000 x25=0x00000000
      169555000	     16856	80005534	15fd	c.addi	x11,-1	 x11:0x00000000 x11=0xffffffff
      169565000	     16857	80005536	8f89	c.sub	x15,x10	 x15:0x00000000 x10:0x00000000 x15=0x00000000
      169575000	     16858	80005538	033dd463	bge	x27,x19,80005560	 x27:0xffffffff x19:0x80021dfc
      169595000	     16860	80005560	00c2d933	srl	x18,x5,x12	  x5:0x00000000 x12:0xff68c700 x18=0x00000000
      169605000	     16861	80005564	c28d	c.beqz	x13,80005586	 x13:0x00000000
      169995000	     16900	80005586	035ec033	div	x0,x29,x21	 x29:0x01fff818 x21:0x00973900  x0=0x00000000
      170005000	     16901	8000558a	412ad6b3	sra	x13,x21,x18	 x21:0x00973900 x18:0x00000000 x13=0x00973900
      170015000	     16902	8000558e	8c0d	c.sub	x8,x11	  x8:0x00000001 x11:0xffffffff  x8=0x00000002
      170025000	     16903	80005590	02299163	bne	x19,x2,800055b2	 x19:0x80021dfc  x2:0xee000090
      170085000	     16909	800055b2	037b2033	mulhsu	x0,x22,x23	 x22:0x00000000 x23:0xcd8f9380  x0=0x00000000
      170095000	     16910	800055b6	8e2d	c.xor	x12,x11	 x12:0xff68c700 x11:0xffffffff x12=0x009738ff
      170105000	     16911	800055b8	003a9f33	sll	x30,x21,x3	 x21:0x00973900  x3:0xfffffffe x30=0x00000000
      170115000	     16912	800055bc	40a1db33	sra	x22,x3,x10	  x3:0xfffffffe x10:0x00000000 x22=0xfffffffe
      170125000	     16913	800055c0	00452b33	slt	x22,x10,x4	 x10:0x00000000  x4:0x00000001 x22=0x00000001
      170495000	     16950	800055c4	0383eb33	rem	x22,x7,x24	  x7:0xfaeb9c09 x24:0x00000001 x22=0x00000000
      170505000	     16951	800055c8	5a210413	addi	x8,x2,1442	  x2:0xee000090  x8=0xee000632
      170515000	     16952	800055cc	987d	c.andi	x8,-1	  x8:0xee000632  x8=0xee000632
      170525000	     16953	800055ce	03909063	bne	x1,x25,800055ee	  x1:0x00004000 x25:0x00000000
      170545000	     16955	800055ee	e3a9	c.bnez	x15,80005630	 x15:0x00000000
      170555000	     16956	800055f0	8cf9	c.and	x9,x14	  x9:0x00000000 x14:0x0000055f  x9=0x00000000
      170575000	     16958	800055f2	03ed5bb3	divu	x23,x26,x30	 x26:0x80025ce4 x30:0x00000000 x23=0xffffffff
      170585000	     16959	800055f6	552e6d93	ori	x27,x28,1362	 x28:0x00022000 x27=0x00022552
      170595000	     16960	800055fa	00e11a13	slli	x20,x2,0xe	  x2:0xee000090 x20=0x00240000
      170605000	     16961	800055fe	789f6213	ori	x4,x30,1929	 x30:0x00000000  x4=0x00000789
      170615000	     16962	80005602	eefb2693	slti	x13,x22,-273	 x22:0x00000000 x13=0x00000000
      170655000	     16966	80005606	02c62633	mulhsu	x12,x12,x12	 x12:0x009738ff x12:0x009738ff x12=0x00005954
      170665000	     16967	8000560a	6329	c.lui	x6,0xa	  x6=0x0000a000
      170675000	     16968	8000560c	717d	c.addi16sp	x2,-16	  x2:0xee000090  x2=0xee000080
      170685000	     16969	8000560e	9162	c.add	x2,x24	  x2:0xee000080 x24:0x00000001  x2=0xee000081
      170695000	     16970	80005610	002d7533	and	x10,x26,x2	 x26:0x80025ce4  x2:0xee000081 x10=0x80000080
      170705000	     16971	80005614	4065db93	srai	x23,x11,0x6	 x11:0xffffffff x23=0xffffffff
      170715000	     16972	80005618	8ce1	c.and	x9,x8	  x9:0x00000000  x8:0xee000632  x9=0x00000000
      170725000	     16973	8000561a	01eb9f33	sll	x30,x23,x30	 x23:0xffffffff x30:0x00000000 x30=0xffffffff
      170745000	     16975	8000561e	02f764b3	rem	x9,x14,x15	 x14:0x0000055f x15:0x00000000  x9=0x0000055f
      170755000	     16976	80005622	40f80833	sub	x16,x16,x15	 x16:0x00000000 x15:0x00000000 x16=0x00000000
      170765000	     16977	80005626	e231	c.bnez	x12,8000566a	 x12:0x00005954
      170795000	     16980	8000566a	00ce44b3	xor	x9,x28,x12	 x28:0x00022000 x12:0x00005954  x9=0x00027954
      170835000	     16984	8000566e	038d20b3	mulhsu	x1,x26,x24	 x26:0x80025ce4 x24:0x00000001  x1=0xffffffff
      170845000	     16985	80005672	0ff0000f	fence	iorw,iorw	
      170855000	     16986	80005676	8cf5	c.and	x9,x13	  x9:0x00027954 x13:0x00000000  x9=0x00000000
      170865000	     16987	80005678	40c35f13	srai	x30,x6,0xc	  x6:0x0000a000 x30=0x0000000a
      170885000	     16989	8000567c	02d64fb3	div	x31,x12,x13	 x12:0x00005954 x13:0x00000000 x31=0xffffffff
      170895000	     16990	80005680	00d6	c.slli	x1,0x15	  x1:0xffffffff  x1=0xffe00000
      170905000	     16991	80005682	0001	c.addi	x0,0	  x0:0x00000000  x0=0x00000000
      170915000	     16992	80005684	a8fce093	ori	x1,x25,-1393	 x25:0x00000000  x1=0xfffffa8f
      170925000	     16993	80005688	007dfc33	and	x24,x27,x7	 x27:0x00022552  x7:0xfaeb9c09 x24=0x00020400
      170935000	     16994	8000568c	6161b713	sltiu	x14,x3,1558	  x3:0xfffffffe x14=0x00000000
      170945000	     16995	80005690	8e0d	c.sub	x12,x11	 x12:0x00005954 x11:0xffffffff x12=0x00005955
      170955000	     16996	80005692	9846	c.add	x16,x17	 x16:0x00000000 x17:0x00000000 x16=0x00000000
      170965000	     16997	80005694	0cd2	c.slli	x25,0x14	 x25:0x00000000 x25=0x00000000
      170975000	     16998	80005696	01321833	sll	x16,x4,x19	  x4:0x00000789 x19:0x80021dfc x16=0x90000000
      170985000	     16999	8000569a	9bb6	c.add	x23,x13	 x23:0xffffffff x13:0x00000000 x23=0xffffffff
      170995000	     17000	8000569c	6119	c.addi16sp	x2,384	  x2:0xee000081  x2=0xee000201
      171005000	     17001	8000569e	0000100f	fence.i	
      171035000	     17004	800056a2	015c5263	bge	x24,x21,800056a6	 x24:0x00020400 x21:0x00973900
      171045000	     17005	800056a6	0001	c.addi	x0,0	  x0:0x00000000  x0=0x00000000
      171055000	     17006	800056a8	8e9d	c.sub	x13,x15	 x13:0x00000000 x15:0x00000000 x13=0x00000000
      171065000	     17007	800056aa	020d4b63	blt	x26,x0,800056e0	 x26:0x80025ce4  x0:0x00000000
      171085000	     17009	800056e0	0081e933	or	x18,x3,x8	  x3:0xfffffffe  x8:0xee000632 x18=0xfffffffe
      171095000	     17010	800056e4	003dd313	srli	x6,x27,0x3	 x27:0x00022552  x6=0x000044aa
      171105000	     17011	800056e8	402ad133	sra	x2,x21,x2	 x21:0x00973900  x2:0xee000201  x2=0x004b9c80
      171115000	     17012	800056ec	8172	c.mv	x2,x28	  x0:0x00000000 x28:0x00022000  x2=0x00022000
      171125000	     17013	800056ee	c7373a93	sltiu	x21,x14,-909	 x14:0x00000000 x21=0x00000001
      171135000	     17014	800056f2	011744b3	xor	x9,x14,x17	 x14:0x00000000 x17:0x00000000  x9=0x00000000
      171165000	     17017	800056f6	02c20f33	mul	x30,x4,x12	  x4:0x00000789 x12:0x00005955 x30=0x02a1217d
      171205000	     17021	800056fa	03c7aeb3	mulhsu	x29,x15,x28	 x15:0x00000000 x28:0x00022000 x29=0x00000000
      171215000	     17022	800056fe	02e38063	beq	x7,x14,8000571e	  x7:0xfaeb9c09 x14:0x00000000
      171225000	     17023	80005702	00865c93	srli	x25,x12,0x8	 x12:0x00005955 x25=0x00000059
      171235000	     17024	80005706	0288ec13	ori	x24,x17,40	 x17:0x00000000 x24=0x00000028
      171275000	     17028	8000570a	03e23db3	mulhu	x27,x4,x30	  x4:0x00000789 x30:0x02a1217d x27=0x00000013
      171285000	     17029	8000570e	0001	c.addi	x0,0	  x0:0x00000000  x0=0x00000000
      171295000	     17030	80005710	41f385b3	sub	x11,x7,x31	  x7:0xfaeb9c09 x31:0xffffffff x11=0xfaeb9c0a
      171305000	     17031	80005714	01be5a93	srli	x21,x28,0x1b	 x28:0x00022000 x21=0x00000000
      171315000	     17032	80005718	018a0e63	beq	x20,x24,80005734	 x20:0x00240000 x24:0x00000028
      171325000	     17033	8000571c	0001	c.addi	x0,0	  x0:0x00000000  x0=0x00000000
      171335000	     17034	8000571e	7d4ea213	slti	x4,x29,2004	 x29:0x00000000  x4=0x00000001
      171345000	     17035	80005722	0ff0000f	fence	iorw,iorw	
      171355000	     17036	80005726	3ce8a513	slti	x10,x17,974	 x17:0x00000000 x10=0x00000001
      171365000	     17037	8000572a	8659	c.srai	x12,0x16	 x12:0x00005955 x12=0x00000000
      171375000	     17038	8000572c	0157b8b3	sltu	x17,x15,x21	 x15:0x00000000 x21:0x00000000 x17=0x00000000
      171385000	     17039	80005730	01eb11b3	sll	x3,x22,x30	 x22:0x00000000 x30:0x02a1217d  x3=0x00000000
      171395000	     17040	80005734	00838bb3	add	x23,x7,x8	  x7:0xfaeb9c09  x8:0xee000632 x23=0xe8eba23b
      171405000	     17041	80005738	4dd66e13	ori	x28,x12,1245	 x12:0x00000000 x28=0x000004dd
      171425000	     17043	8000573c	02d64eb3	div	x29,x12,x13	 x12:0x00000000 x13:0x00000000 x29=0xffffffff
      171445000	     17045	80005740	02cddcb3	divu	x25,x27,x12	 x27:0x00000013 x12:0x00000000 x25=0xffffffff
      171455000	     17046	80005744	0000100f	fence.i	
      171475000	     17048	80005748	01b3f933	and	x18,x7,x27	  x7:0xfaeb9c09 x27:0x00000013 x18=0x00000001
      171485000	     17049	8000574c	788c0b93	addi	x23,x24,1928	 x24:0x00000028 x23=0x000007b0
      171495000	     17050	80005750	b6d24c13	xori	x24,x4,-1171	  x4:0x00000001 x24=0xfffffb6c
      171505000	     17051	80005754	0ab2	c.slli	x21,0xc	 x21:0x00000000 x21=0x00000000
      171515000	     17052	80005756	03aa7163	bgeu	x20,x26,80005778	 x20:0x00240000 x26:0x80025ce4
      171525000	     17053	8000575a	29023193	sltiu	x3,x4,656	  x4:0x00000001  x3=0x00000001
      171535000	     17054	8000575e	0001	c.addi	x0,0	  x0:0x00000000  x0=0x00000000
      171575000	     17058	80005760	03da2533	mulhsu	x10,x20,x29	 x20:0x00240000 x29:0xffffffff x10=0x0023ffff
      171585000	     17059	80005764	6c874337	lui	x6,0x6c874	  x6=0x6c874000
      171595000	     17060	80005768	8c29	c.xor	x8,x10	  x8:0xee000632 x10:0x0023ffff  x8=0xee23f9cd
      171965000	     17097	8000576a	02ac6ab3	rem	x21,x24,x10	 x24:0xfffffb6c x10:0x0023ffff x21=0xfffffb6c
      172005000	     17101	8000576e	026cb7b3	mulhu	x15,x25,x6	 x25:0xffffffff  x6:0x6c874000 x15=0x6c873fff
      172015000	     17102	80005772	8791	c.srai	x15,0x4	 x15:0x6c873fff x15=0x06c873ff
      172025000	     17103	80005774	01561b13	slli	x22,x12,0x15	 x12:0x00000000 x22=0x00000000
      172035000	     17104	80005778	86a9	c.srai	x13,0xa	 x13:0x00000000 x13=0x00000000
      172045000	     17105	8000577a	81c1	c.srli	x11,0x10	 x11:0xfaeb9c0a x11=0x0000faeb
      172055000	     17106	8000577c	870a2b93	slti	x23,x20,-1936	 x20:0x00240000 x23=0x00000000
      172065000	     17107	80005780	41cad093	srai	x1,x21,0x1c	 x21:0xfffffb6c  x1=0xffffffff
      172075000	     17108	80005784	02d0df63	bge	x1,x13,800057c2	  x1:0xffffffff x13:0x00000000
      172085000	     17109	80005788	1b8c	c.addi4spn	x11,x2,496	 x11=0x000221f0
      172095000	     17110	8000578a	9e5a	c.add	x28,x22	 x28:0x000004dd x22:0x00000000 x28=0x000004dd
      172105000	     17111	8000578c	e0a1	c.bnez	x9,800057cc	  x9:0x00000000
      172475000	     17148	8000578e	03b947b3	div	x15,x18,x27	 x18:0x00000001 x27:0x00000013 x15=0x00000000
      172485000	     17149	80005792	41ac5133	sra	x2,x24,x26	 x24:0xfffffb6c x26:0x80025ce4  x2=0xffffffb6
      172495000	     17150	80005796	1ff6c613	xori	x12,x13,511	 x13:0x00000000 x12=0x000001ff
      172505000	     17151	8000579a	01b07bb3	and	x23,x0,x27	  x0:0x00000000 x27:0x00000013 x23=0x00000000
      172515000	     17152	8000579e	8d65	c.and	x10,x9	 x10:0x0023ffff  x9:0x00000000 x10=0x00000000
      172525000	     17153	800057a0	009f9363	bne	x31,x9,800057a6	 x31:0xffffffff  x9:0x00000000
      172545000	     17155	800057a6	835d	c.srli	x14,0x17	 x14:0x00000000 x14=0x00000000
      172555000	     17156	800057a8	0e14	c.addi4spn	x13,x2,784	 x13=0x000002c6
      172565000	     17157	800057aa	01cbb933	sltu	x18,x23,x28	 x23:0x00000000 x28:0x000004dd x18=0x00000001
      172575000	     17158	800057ae	0ff0000f	fence	iorw,iorw	
      172585000	     17159	800057b2	412e8033	sub	x0,x29,x18	 x29:0xffffffff x18:0x00000001  x0=0x00000000
      172595000	     17160	800057b6	00ef30b3	sltu	x1,x30,x14	 x30:0x02a1217d x14:0x00000000  x1=0x00000000
      172605000	     17161	800057ba	01c7aeb3	slt	x29,x15,x28	 x15:0x00000000 x28:0x000004dd x29=0x00000001
      172615000	     17162	800057be	0080d413	srli	x8,x1,0x8	  x1:0x00000000  x8=0x00000000
      172625000	     17163	800057c2	03989e63	bne	x17,x25,800057fe	 x17:0x00000000 x25:0xffffffff
      172645000	     17165	800057fe	6321	c.lui	x6,0x8	  x6=0x00008000
      172655000	     17166	80005800	8f09	c.sub	x14,x10	 x14:0x00000000 x10:0x00000000 x14=0x00000000
      172665000	     17167	80005802	8d7d	c.and	x10,x15	 x10:0x00000000 x15:0x00000000 x10=0x00000000
      172705000	     17171	80005804	02832db3	mulhsu	x27,x6,x8	  x6:0x00008000  x8:0x00000000 x27=0x00000000
      172715000	     17172	80005808	8d31	c.xor	x10,x12	 x10:0x00000000 x12:0x000001ff x10=0x000001ff
      172755000	     17176	8000580a	03243a33	mulhu	x20,x8,x18	  x8:0x00000000 x18:0x00000001 x20=0x00000000
      172765000	     17177	8000580e	0a5d	c.addi	x20,23	 x20:0x00000000 x20=0x00000017
      172775000	     17178	80005810	8d3d	c.xor	x10,x15	 x10:0x000001ff x15:0x00000000 x10=0x000001ff
      172785000	     17179	80005812	8c4d	c.or	x8,x11	  x8:0x00000000 x11:0x000221f0  x8=0x000221f0
      172795000	     17180	80005814	87e1	c.srai	x15,0x18	 x15:0x00000000 x15=0x00000000
      172805000	     17181	80005816	00308fb3	add	x31,x1,x3	  x1:0x00000000  x3:0x00000001 x31=0x00000001
      172815000	     17182	8000581a	1508	c.addi4spn	x10,x2,672	 x10=0x00000256
      172825000	     17183	8000581c	0001	c.addi	x0,0	  x0:0x00000000  x0=0x00000000
      172835000	     17184	8000581e	90056293	ori	x5,x10,-1792	 x10:0x00000256  x5=0xfffffb56
      172845000	     17185	80005822	400d5cb3	sra	x25,x26,x0	 x26:0x80025ce4  x0:0x00000000 x25=0x80025ce4
      172855000	     17186	80005826	8e45	c.or	x12,x9	 x12:0x000001ff  x9:0x00000000 x12=0x000001ff
      172865000	     17187	80005828	98fd	c.andi	x9,-1	  x9:0x00000000  x9=0x00000000
      172875000	     17188	8000582a	12fd	c.addi	x5,-1	  x5:0xfffffb56  x5=0xfffffb55
      172885000	     17189	8000582c	8fc1	c.or	x15,x8	 x15:0x00000000  x8:0x000221f0 x15=0x000221f0
      172895000	     17190	8000582e	80d5	c.srli	x9,0x15	  x9:0x00000000  x9=0x00000000
      172905000	     17191	80005830	e30d	c.bnez	x14,80005852	 x14:0x00000000
      172915000	     17192	80005832	8251	c.srli	x12,0x14	 x12:0x000001ff x12=0x00000000
      172925000	     17193	80005834	00d8c463	blt	x17,x13,8000583c	 x17:0x00000000 x13:0x000002c6
      173305000	     17231	8000583c	03e4eab3	rem	x21,x9,x30	  x9:0x00000000 x30:0x02a1217d x21=0x00000000
      173315000	     17232	80005840	000d6db3	or	x27,x26,x0	 x26:0x80025ce4  x0:0x00000000 x27=0x80025ce4
      173335000	     17234	80005844	03794eb3	div	x29,x18,x23	 x18:0x00000001 x23:0x00000000 x29=0xffffffff
      173345000	     17235	80005848	eb0d	c.bnez	x14,8000587a	 x14:0x00000000
      173355000	     17236	8000584a	0001	c.addi	x0,0	  x0:0x00000000  x0=0x00000000
      173365000	     17237	8000584c	8f35	c.xor	x14,x13	 x14:0x00000000 x13:0x000002c6 x14=0x000002c6
      173375000	     17238	8000584e	e064be13	sltiu	x28,x9,-506	  x9:0x00000000 x28=0x00000001
      173385000	     17239	80005852	0eb6	c.slli	x29,0xd	 x29:0xffffffff x29=0xffffe000
      173405000	     17241	80005854	0298d633	divu	x12,x17,x9	 x17:0x00000000  x9:0x00000000 x12=0xffffffff
      173415000	     17242	80005858	030bd963	bge	x23,x16,8000588a	 x23:0x00000000 x16:0x90000000
      173445000	     17245	8000588a	6edba193	slti	x3,x23,1773	 x23:0x00000000  x3=0x00000001
      173455000	     17246	8000588e	0118d733	srl	x14,x17,x17	 x17:0x00000000 x17:0x00000000 x14=0x00000000
      173485000	     17249	80005892	027f0533	mul	x10,x30,x7	 x30:0x02a1217d  x7:0xfaeb9c09 x10=0x17d15965
      173495000	     17250	80005896	27127c13	andi	x24,x4,625	  x4:0x00000001 x24=0x00000001
      173505000	     17251	8000589a	8929	c.andi	x10,10	 x10:0x17d15965 x10=0x00000000
      173515000	     17252	8000589c	d6164093	xori	x1,x12,-671	 x12:0xffffffff  x1=0x0000029e
      173525000	     17253	800058a0	18fd	c.addi	x17,-1	 x17:0x00000000 x17=0xffffffff
      173535000	     17254	800058a2	0ff0000f	fence	iorw,iorw	
      173545000	     17255	800058a6	00a705b3	add	x11,x14,x10	 x14:0x00000000 x10:0x00000000 x11=0x00000000
      173555000	     17256	800058aa	0001	c.addi	x0,0	  x0:0x00000000  x0=0x00000000
      173565000	     17257	800058ac	88ca	c.mv	x17,x18	  x0:0x00000000 x18:0x00000001 x17=0x00000001
      173575000	     17258	800058ae	98fd	c.andi	x9,-1	  x9:0x00000000  x9=0x00000000
      173585000	     17259	800058b0	c389	c.beqz	x15,800058b2	 x15:0x000221f0
      173595000	     17260	800058b2	008712b3	sll	x5,x14,x8	 x14:0x00000000  x8:0x000221f0  x5=0x00000000
      173605000	     17261	800058b6	400dd6b3	sra	x13,x27,x0	 x27:0x80025ce4  x0:0x00000000 x13=0x80025ce4
      173975000	     17298	800058ba	03d7d7b3	divu	x15,x15,x29	 x15:0x000221f0 x29:0xffffe000 x15=0x00000000
      174005000	     17301	800058be	02268ab3	mul	x21,x13,x2	 x13:0x80025ce4  x2:0xffffffb6 x21=0xff512618
      174015000	     17302	800058c2	0001	c.addi	x0,0	  x0:0x00000000  x0=0x00000000
      174025000	     17303	800058c4	8859	c.andi	x8,22	  x8:0x000221f0  x8=0x00000010
      174035000	     17304	800058c6	8f75	c.and	x14,x13	 x14:0x00000000 x13:0x80025ce4 x14=0x00000000
      174405000	     17341	800058c8	02d466b3	rem	x13,x8,x13	  x8:0x00000010 x13:0x80025ce4 x13=0x00000010
      174415000	     17342	800058cc	07be	c.slli	x15,0xf	 x15:0x00000000 x15=0x00000000
      174785000	     17379	800058ce	03a86fb3	rem	x31,x16,x26	 x16:0x90000000 x26:0x80025ce4 x31=0x90000000
      174795000	     17380	800058d2	df54a593	slti	x11,x9,-523	  x9:0x00000000 x11=0x00000000
      174805000	     17381	800058d6	0ff0000f	fence	iorw,iorw	
      174815000	     17382	800058da	011eee63	bltu	x29,x17,800058f6	 x29:0xffffe000 x17:0x00000001
      174825000	     17383	800058de	f9e2ba13	sltiu	x20,x5,-98	  x5:0x00000000 x20=0x00000001
      174865000	     17387	800058e2	03051c33	mulh	x24,x10,x16	 x10:0x00000000 x16:0x90000000 x24=0x00000000
      174875000	     17388	800058e6	4919bf97	auipc	x31,0x4919b	 x31=0xc91a08e6
      174885000	     17389	800058ea	0ff0000f	fence	iorw,iorw	
      174895000	     17390	800058ee	0000100f	fence.i	
      174915000	     17392	800058f2	1f14	c.addi4spn	x13,x2,944	 x13=0x00000366
      174925000	     17393	800058f4	9542	c.add	x10,x16	 x10:0x00000000 x16:0x90000000 x10=0x90000000
      174935000	     17394	800058f6	0af6	c.slli	x21,0x1d	 x21:0xff512618 x21=0x00000000
      174945000	     17395	800058f8	9dea	c.add	x27,x26	 x27:0x80025ce4 x26:0x80025ce4 x27=0x0004b9c8
      174955000	     17396	800058fa	018aee63	bltu	x21,x24,80005916	 x21:0x00000000 x24:0x00000000
      174965000	     17397	800058fe	1098	c.addi4spn	x14,x2,96	 x14=0x00000016
      174975000	     17398	80005900	410f8fb3	sub	x31,x31,x16	 x31:0xc91a08e6 x16:0x90000000 x31=0x391a08e6
      174985000	     17399	80005904	68cd	c.lui	x17,0x13	 x17=0x00013000
      174995000	     17400	80005906	9e1fa513	slti	x10,x31,-1567	 x31:0x391a08e6 x10=0x00000000
      175005000	     17401	8000590a	1dfd	c.addi	x27,-1	 x27:0x0004b9c8 x27=0x0004b9c7
      175015000	     17402	8000590c	7fff0613	addi	x12,x30,2047	 x30:0x02a1217d x12=0x02a1297c
      175025000	     17403	80005910	6109	c.addi16sp	x2,128	  x2:0xffffffb6  x2=0x00000036
      175035000	     17404	80005912	03c72217	auipc	x4,0x3c72	  x4=0x83c77912
      175045000	     17405	80005916	04e2	c.slli	x9,0x18	  x9:0x00000000  x9=0x00000000
      175055000	     17406	80005918	bbc15417	auipc	x8,0xbbc15	  x8=0x3bc1a918
      175095000	     17410	8000591c	022e9bb3	mulh	x23,x29,x2	 x29:0xffffe000  x2:0x00000036 x23=0xffffffff
      175105000	     17411	80005920	e6fd2913	slti	x18,x26,-401	 x26:0x80025ce4 x18=0x00000001
      175115000	     17412	80005924	717d	c.addi16sp	x2,-16	  x2:0x00000036  x2=0x00000026
      175125000	     17413	80005926	53c46e13	ori	x28,x8,1340	  x8:0x3bc1a918 x28=0x3bc1ad3c
      175135000	     17414	8000592a	8f09	c.sub	x14,x10	 x14:0x00000016 x10:0x00000000 x14=0x00000016
      175145000	     17415	8000592c	5277e193	ori	x3,x15,1319	 x15:0x00000000  x3=0x00000527
      175155000	     17416	80005930	01d52cb3	slt	x25,x10,x29	 x10:0x00000000 x29:0xffffe000 x25=0x00000000
      175195000	     17420	80005934	03ec36b3	mulhu	x13,x24,x30	 x24:0x00000000 x30:0x02a1217d x13=0x00000000
      175205000	     17421	80005938	89147e37	lui	x28,0x89147	 x28=0x89147000
      175215000	     17422	8000593c	0000100f	fence.i	
      175235000	     17424	80005940	8729	c.srai	x14,0xa	 x14:0x00000016 x14=0x00000000
      175245000	     17425	80005942	8a4e	c.mv	x20,x19	  x0:0x00000000 x19:0x80021dfc x20=0x80021dfc
      175255000	     17426	80005944	0054a4b3	slt	x9,x9,x5	  x9:0x00000000  x5:0x00000000  x9=0x00000000
      175265000	     17427	80005948	00b0ec33	or	x24,x1,x11	  x1:0x0000029e x11:0x00000000 x24=0x0000029e
      175275000	     17428	8000594c	057e	c.slli	x10,0x1f	 x10:0x00000000 x10=0x00000000
      175285000	     17429	8000594e	0ff0000f	fence	iorw,iorw	
      175295000	     17430	80005952	2ca34b93	xori	x23,x6,714	  x6:0x00008000 x23=0x000082ca
      175305000	     17431	80005956	01235bb3	srl	x23,x6,x18	  x6:0x00008000 x18:0x00000001 x23=0x00004000
      175315000	     17432	8000595a	0000100f	fence.i	
      175345000	     17435	8000595e	913b2c17	auipc	x24,0x913b2	 x24=0x113b795e
      175355000	     17436	80005962	0260f063	bgeu	x1,x6,80005982	  x1:0x0000029e  x6:0x00008000
      175365000	     17437	80005966	6159	c.addi16sp	x2,400	  x2:0x00000026  x2=0x000001b6
      175375000	     17438	80005968	80de	c.mv	x1,x23	  x0:0x00000000 x23:0x00004000  x1=0x00004000
      175385000	     17439	8000596a	8c96	c.mv	x25,x5	  x0:0x00000000  x5:0x00000000 x25=0x00000000
      175425000	     17443	8000596c	02322033	mulhsu	x0,x4,x3	  x4:0x83c77912  x3:0x00000527  x0=0x00000000
      175435000	     17444	80005970	01097133	and	x2,x18,x16	 x18:0x00000001 x16:0x90000000  x2=0x00000000
      175445000	     17445	80005974	012a5893	srli	x17,x20,0x12	 x20:0x80021dfc x17=0x00002000
      175455000	     17446	80005978	8f59	c.or	x14,x14	 x14:0x00000000 x14:0x00000000 x14=0x00000000
      175825000	     17483	8000597a	03fa5c33	divu	x24,x20,x31	 x20:0x80021dfc x31:0x391a08e6 x24=0x00000002
      175835000	     17484	8000597e	4960e113	ori	x2,x1,1174	  x1:0x00004000  x2=0x00004496
      175845000	     17485	80005982	9a52	c.add	x20,x20	 x20:0x80021dfc x20:0x80021dfc x20=0x00043bf8
      175855000	     17486	80005984	0001	c.addi	x0,0	  x0:0x00000000  x0=0x00000000
      175865000	     17487	80005986	84b6	c.mv	x9,x13	  x0:0x00000000 x13:0x00000000  x9=0x00000000
      175875000	     17488	80005988	0452f263	bgeu	x5,x5,800059cc	  x5:0x00000000  x5:0x00000000
      175895000	     17490	800059cc	1a1c	c.addi4spn	x15,x2,304	 x15=0x000045c6
      175925000	     17493	800059ce	035c00b3	mul	x1,x24,x21	 x24:0x00000002 x21:0x00000000  x1=0x00000000
      175935000	     17494	800059d2	608d	c.lui	x1,0x3	  x1=0x00003000
      175945000	     17495	800059d4	00de3033	sltu	x0,x28,x13	 x28:0x89147000 x13:0x00000000  x0=0x00000000
      175955000	     17496	800059d8	876d	c.srai	x14,0x1b	 x14:0x00000000 x14=0x00000000
      175965000	     17497	800059da	8f75	c.and	x14,x13	 x14:0x00000000 x13:0x00000000 x14=0x00000000
      175975000	     17498	800059dc	0ff0000f	fence	iorw,iorw	
      176345000	     17535	800059e0	03837f33	remu	x30,x6,x24	  x6:0x00008000 x24:0x00000002 x30=0x00000000
      176365000	     17537	800059e4	02a9de33	divu	x28,x19,x10	 x19:0x80021dfc x10:0x00000000 x28=0xffffffff
      176375000	     17538	800059e8	8f79	c.and	x14,x14	 x14:0x00000000 x14:0x00000000 x14=0x00000000
      176745000	     17575	800059ea	030fe2b3	rem	x5,x31,x16	 x31:0x391a08e6 x16:0x90000000  x5=0x391a08e6
      176755000	     17576	800059ee	05e41263	bne	x8,x30,80005a32	  x8:0x3bc1a918 x30:0x00000000
      176785000	     17579	80005a32	00ce9ab3	sll	x21,x29,x12	 x29:0xffffe000 x12:0x02a1297c x21=0x00000000
      176795000	     17580	80005a36	0203ec63	bltu	x7,x0,80005a6e	  x7:0xfaeb9c09  x0:0x00000000
      176805000	     17581	80005a3a	00eb5493	srli	x9,x22,0xe	 x22:0x00000000  x9=0x00000000
      176815000	     17582	80005a3e	0437f063	bgeu	x15,x3,80005a7e	 x15:0x000045c6  x3:0x00000527
      176845000	     17585	80005a7e	01794833	xor	x16,x18,x23	 x18:0x00000001 x23:0x00004000 x16=0x00004001
      176855000	     17586	80005a82	982e	c.add	x16,x11	 x16:0x00004001 x11:0x00000000 x16=0x00004001
      176865000	     17587	80005a84	1ffd	c.addi	x31,-1	 x31:0x391a08e6 x31=0x391a08e5
      176875000	     17588	80005a86	717d	c.addi16sp	x2,-16	  x2:0x00004496  x2=0x00004486
      176885000	     17589	80005a88	046e4163	blt	x28,x6,80005aca	 x28:0xffffffff  x6:0x00008000
      176945000	     17595	80005aca	03c9a133	mulhsu	x2,x19,x28	 x19:0x80021dfc x28:0xffffffff  x2=0x80021dfc
      176955000	     17596	80005ace	8e55	c.or	x12,x13	 x12:0x02a1297c x13:0x00000000 x12=0x02a1297c
      176965000	     17597	80005ad0	6f91	c.lui	x31,0x4	 x31=0x00004000
      176975000	     17598	80005ad2	2dd74113	xori	x2,x14,733	 x14:0x00000000  x2=0x000002dd
      176985000	     17599	80005ad6	8d2d	c.xor	x10,x11	 x10:0x00000000 x11:0x00000000 x10=0x00000000
      176995000	     17600	80005ad8	ec09	c.bnez	x8,80005af2	  x8:0x3bc1a918
      177025000	     17603	80005af2	0ff0000f	fence	iorw,iorw	
      177035000	     17604	80005af6	278e4c17	auipc	x24,0x278e4	 x24=0xa78e9af6
      177045000	     17605	80005afa	0174e4b3	or	x9,x9,x23	  x9:0x00000000 x23:0x00004000  x9=0x00004000
      177055000	     17606	80005afe	03c67263	bgeu	x12,x28,80005b22	 x12:0x02a1297c x28:0xffffffff
      177065000	     17607	80005b02	64249097	auipc	x1,0x64249	  x1=0xe424eb02
      177075000	     17608	80005b06	0fee	c.slli	x31,0x1b	 x31:0x00004000 x31=0x00000000
      177105000	     17611	80005b08	03368cb3	mul	x25,x13,x19	 x13:0x00000000 x19:0x80021dfc x25=0x00000000
      177115000	     17612	80005b0c	cb15	c.beqz	x14,80005b40	 x14:0x00000000
      177135000	     17614	80005b40	40385193	srai	x3,x16,0x3	 x16:0x00004001  x3=0x00000800
      177145000	     17615	80005b44	fb857713	andi	x14,x10,-72	 x10:0x00000000 x14=0x00000000
      177155000	     17616	80005b48	039e0963	beq	x28,x25,80005b7a	 x28:0xffffffff x25:0x00000000
      177165000	     17617	80005b4c	407ddbb3	sra	x23,x27,x7	 x27:0x0004b9c7  x7:0xfaeb9c09 x23=0x0000025c
      177175000	     17618	80005b50	00441033	sll	x0,x8,x4	  x8:0x3bc1a918  x4:0x83c77912  x0=0x00000000
      177185000	     17619	80005b54	02875963	bge	x14,x8,80005b86	 x14:0x00000000  x8:0x3bc1a918
      177195000	     17620	80005b58	01960263	beq	x12,x25,80005b5c	 x12:0x02a1297c x25:0x00000000
      177205000	     17621	80005b5c	01650263	beq	x10,x22,80005b60	 x10:0x00000000 x22:0x00000000
      177225000	     17623	80005b60	024c4f63	blt	x24,x4,80005b9e	 x24:0xa78e9af6  x4:0x83c77912
      177235000	     17624	80005b64	0147de93	srli	x29,x15,0x14	 x15:0x000045c6 x29=0x00000000
      177255000	     17626	80005b68	0207e733	rem	x14,x15,x0	 x15:0x000045c6  x0:0x00000000 x14=0x000045c6
      177265000	     17627	80005b6c	01f6bcb3	sltu	x25,x13,x31	 x13:0x00000000 x31:0x00000000 x25=0x00000000
      177275000	     17628	80005b70	1d45c537	lui	x10,0x1d45c	 x10=0x1d45c000
      177285000	     17629	80005b74	01dad493	srli	x9,x21,0x1d	 x21:0x00000000  x9=0x00000000
      177295000	     17630	80005b78	ca8d	c.beqz	x13,80005baa	 x13:0x00000000
      177325000	     17633	80005baa	2de5af37	lui	x30,0x2de5a	 x30=0x2de5a000
      177335000	     17634	80005bae	001702b3	add	x5,x14,x1	 x14:0x000045c6  x1:0xe424eb02  x5=0xe42530c8
      177345000	     17635	80005bb2	df2e8b13	addi	x22,x29,-526	 x29:0x00000000 x22=0xfffffdf2
      177355000	     17636	80005bb6	0ff0000f	fence	iorw,iorw	
      177365000	     17637	80005bba	41658b33	sub	x22,x11,x22	 x11:0x00000000 x22:0xfffffdf2 x22=0x0000020e
      177375000	     17638	80005bbe	8a19	c.andi	x12,6	 x12:0x02a1297c x12=0x00000004
      177385000	     17639	80005bc0	0ff0000f	fence	iorw,iorw	
      177395000	     17640	80005bc4	91e6	c.add	x3,x25	  x3:0x00000800 x25:0x00000000  x3=0x00000800
      177405000	     17641	80005bc6	8df1	c.and	x11,x12	 x11:0x00000000 x12:0x00000004 x11=0x00000000
      177775000	     17678	80005bc8	022edc33	divu	x24,x29,x2	 x29:0x00000000  x2:0x000002dd x24=0x00000000
      177785000	     17679	80005bcc	527d	c.li	x4,-1	  x4=0xffffffff
      177795000	     17680	80005bce	8811	c.andi	x8,4	  x8:0x3bc1a918  x8=0x00000000
      177805000	     17681	80005bd0	02fd1063	bne	x26,x15,80005bf0	 x26:0x80025ce4 x15:0x000045c6
      177855000	     17686	80005bf0	032b3733	mulhu	x14,x22,x18	 x22:0x0000020e x18:0x00000001 x14=0x00000000
      177865000	     17687	80005bf4	90d97b13	andi	x22,x18,-1779	 x18:0x00000001 x22=0x00000001
      177875000	     17688	80005bf8	858a	c.mv	x11,x2	  x0:0x00000000  x2:0x000002dd x11=0x000002dd
      178245000	     17725	80005bfa	034f7a33	remu	x20,x30,x20	 x30:0x2de5a000 x20:0x00043bf8 x20=0x0003ceb0
      178255000	     17726	80005bfe	86d5	c.srai	x13,0x15	 x13:0x00000000 x13=0x00000000
      178295000	     17730	80005c00	028e94b3	mulh	x9,x29,x8	 x29:0x00000000  x8:0x00000000  x9=0x00000000
      178305000	     17731	80005c04	01f89e63	bne	x17,x31,80005c20	 x17:0x00002000 x31:0x00000000
      178325000	     17733	80005c20	8c21	c.xor	x8,x8	  x8:0x00000000  x8:0x00000000  x8=0x00000000
      178335000	     17734	80005c22	ac7d4493	xori	x9,x26,-1337	 x26:0x80025ce4  x9=0x7ffda623
      178345000	     17735	80005c26	af42a893	slti	x17,x5,-1292	  x5:0xe42530c8 x17=0x00000001
      178355000	     17736	80005c2a	01d9c633	xor	x12,x19,x29	 x19:0x80021dfc x29:0x00000000 x12=0x80021dfc
      178365000	     17737	80005c2e	0b6a	c.slli	x22,0x1a	 x22:0x00000001 x22=0x04000000
      178375000	     17738	80005c30	01746c63	bltu	x8,x23,80005c48	  x8:0x00000000 x23:0x0000025c
      178395000	     17740	80005c48	03d67963	bgeu	x12,x29,80005c7a	 x12:0x80021dfc x29:0x00000000
      178415000	     17742	80005c7a	825e	c.mv	x4,x23	  x0:0x00000000 x23:0x0000025c  x4=0x0000025c
      178425000	     17743	80005c7c	008aecb3	or	x25,x21,x8	 x21:0x00000000  x8:0x00000000 x25=0x00000000
      178435000	     17744	80005c80	67d5	c.lui	x15,0x15	 x15=0x00015000
      178805000	     17781	80005c82	036c6eb3	rem	x29,x24,x22	 x24:0x00000000 x22:0x04000000 x29=0x00000000
      178815000	     17782	80005c86	00487c33	and	x24,x16,x4	 x16:0x00004001  x4:0x0000025c x24=0x00000000
      178825000	     17783	80005c8a	875d	c.srai	x14,0x17	 x14:0x00000000 x14=0x00000000
      178845000	     17785	80005c8c	02e246b3	div	x13,x4,x14	  x4:0x0000025c x14:0x00000000 x13=0xffffffff
      178855000	     17786	80005c90	6da1	c.lui	x27,0x8	 x27=0x00008000
      179225000	     17823	80005c92	02636db3	rem	x27,x6,x6	  x6:0x00008000  x6:0x00008000 x27=0x00000000
      179245000	     17825	80005c96	03845a33	divu	x20,x8,x24	  x8:0x00000000 x24:0x00000000 x20=0xffffffff
      179255000	     17826	80005c9a	746ae313	ori	x6,x21,1862	 x21:0x00000000  x6=0x00000746
      179295000	     17830	80005c9e	02eab5b3	mulhu	x11,x21,x14	 x21:0x00000000 x14:0x00000000 x11=0x00000000
      179305000	     17831	80005ca2	56c17117	auipc	x2,0x56c17	  x2=0xd6c1cca2
      179315000	     17832	80005ca6	b1fa4713	xori	x14,x20,-1249	 x20:0xffffffff x14=0x000004e0
      179325000	     17833	80005caa	0297ee63	bltu	x15,x9,80005ce6	 x15:0x00015000  x9:0x7ffda623
      179375000	     17838	80005ce6	030f0933	mul	x18,x30,x16	 x30:0x2de5a000 x16:0x00004001 x18=0x95e5a000
      179385000	     17839	80005cea	013a6ab3	or	x21,x20,x19	 x20:0xffffffff x19:0x80021dfc x21=0xffffffff
      179395000	     17840	80005cee	031c1063	bne	x24,x17,80005d0e	 x24:0x00000000 x17:0x00000001
      179425000	     17843	80005d0e	01f17233	and	x4,x2,x31	  x2:0xd6c1cca2 x31:0x00000000  x4=0x00000000
      179435000	     17844	80005d12	e8f96513	ori	x10,x18,-369	 x18:0x95e5a000 x10=0xfffffe8f
      179445000	     17845	80005d16	026ce363	bltu	x25,x6,80005d3c	 x25:0x00000000  x6:0x00000746
      179465000	     17847	80005d3c	8539	c.srai	x10,0xe	 x10:0xfffffe8f x10=0xffffffff
      179475000	     17848	80005d3e	8cbd	c.xor	x9,x15	  x9:0x7ffda623 x15:0x00015000  x9=0x7ffcf623
      179485000	     17849	80005d40	4fa9	c.li	x31,10	 x31=0x0000000a
      179495000	     17850	80005d42	0000100f	fence.i	
      179515000	     17852	80005d46	8c81	c.sub	x9,x8	  x9:0x7ffcf623  x8:0x00000000  x9=0x7ffcf623
      179525000	     17853	80005d48	8fe9	c.and	x15,x10	 x15:0x00015000 x10:0xffffffff x15=0x00015000
      179535000	     17854	80005d4a	1f03c493	xori	x9,x7,496	  x7:0xfaeb9c09  x9=0xfaeb9df9
      179545000	     17855	80005d4e	137d	c.addi	x6,-1	  x6:0x00000746  x6=0x00000745
      179555000	     17856	80005d50	8f59	c.or	x14,x14	 x14:0x000004e0 x14:0x000004e0 x14=0x000004e0
      179565000	     17857	80005d52	00c76bb3	or	x23,x14,x12	 x14:0x000004e0 x12:0x80021dfc x23=0x80021dfc
      179605000	     17861	80005d56	02d63833	mulhu	x16,x12,x13	 x12:0x80021dfc x13:0xffffffff x16=0x80021dfb
      179615000	     17862	80005d5a	8ebd	c.xor	x13,x15	 x13:0xffffffff x15:0x00015000 x13=0xfffeafff
      179625000	     17863	80005d5c	02d34163	blt	x6,x13,80005d7e	  x6:0x00000745 x13:0xfffeafff
      179635000	     17864	80005d60	410b5013	srai	x0,x22,0x10	 x22:0x04000000  x0=0x00000000
      179645000	     17865	80005d64	8835	c.andi	x8,13	  x8:0x00000000  x8=0x00000000
      179655000	     17866	80005d66	01a0d333	srl	x6,x1,x26	  x1:0xe424eb02 x26:0x80025ce4  x6=0x0e424eb0
      179665000	     17867	80005d6a	0000100f	fence.i	
      179685000	     17869	80005d6e	8a09	c.andi	x12,2	 x12:0x80021dfc x12=0x00000000
      179695000	     17870	80005d70	5a532117	auipc	x2,0x5a532	  x2=0xda537d70
      179705000	     17871	80005d74	8db1	c.xor	x11,x12	 x11:0x00000000 x12:0x00000000 x11=0x00000000
      180075000	     17908	80005d76	0269e133	rem	x2,x19,x6	 x19:0x80021dfc  x6:0x0e424eb0  x2=0xf214937c
      180085000	     17909	80005d7a	8ce1	c.and	x9,x8	  x9:0xfaeb9df9  x8:0x00000000  x9=0x00000000
      180095000	     17910	80005d7c	45c9	c.li	x11,18	 x11=0x00000012
      180105000	     17911	80005d7e	051d7263	bgeu	x26,x17,80005dc2	 x26:0x80025ce4 x17:0x00000001
      180135000	     17914	80005dc2	00531413	slli	x8,x6,0x5	  x6:0x0e424eb0  x8=0xc849d600
      180145000	     17915	80005dc6	005e2033	slt	x0,x28,x5	 x28:0xffffffff  x5:0xe42530c8  x0=0x00000000
      180185000	     17919	80005dca	03199fb3	mulh	x31,x19,x17	 x19:0x80021dfc x17:0x00000001 x31=0xffffffff
      180225000	     17923	80005dce	03d71433	mulh	x8,x14,x29	 x14:0x000004e0 x29:0x00000000  x8=0x00000000
      180595000	     17960	80005dd2	033efbb3	remu	x23,x29,x19	 x29:0x00000000 x19:0x80021dfc x23=0x00000000
      180605000	     17961	80005dd6	9216	c.add	x4,x5	  x4:0x00000000  x5:0xe42530c8  x4=0xe42530c8
      180615000	     17962	80005dd8	01d62ab3	slt	x21,x12,x29	 x12:0x00000000 x29:0x00000000 x21=0x00000000
      180625000	     17963	80005ddc	00a7cd63	blt	x15,x10,80005df6	 x15:0x00015000 x10:0xffffffff
      180635000	     17964	80005de0	01da32b3	sltu	x5,x20,x29	 x20:0xffffffff x29:0x00000000  x5=0x00000000
      180675000	     17968	80005de4	03eaafb3	mulhsu	x31,x21,x30	 x21:0x00000000 x30:0x2de5a000 x31=0x00000000
      180695000	     17970	80005de8	03b4ffb3	remu	x31,x9,x27	  x9:0x00000000 x27:0x00000000 x31=0x00000000
      180705000	     17971	80005dec	6d99	c.lui	x27,0x6	 x27=0x00006000
      180715000	     17972	80005dee	6465	c.lui	x8,0x19	  x8=0x00019000
      180725000	     17973	80005df0	5a9d2313	slti	x6,x26,1449	 x26:0x80025ce4  x6=0x00000001
      180735000	     17974	80005df4	0001	c.addi	x0,0	  x0:0x00000000  x0=0x00000000
      180745000	     17975	80005df6	01878033	add	x0,x15,x24	 x15:0x00015000 x24:0x00000000  x0=0x00000000
      180765000	     17977	80005dfa	035ec333	div	x6,x29,x21	 x29:0x00000000 x21:0x00000000  x6=0xffffffff
      180775000	     17978	80005dfe	01e55693	srli	x13,x10,0x1e	 x10:0xffffffff x13=0x00000003
      181145000	     18015	80005e02	02846333	rem	x6,x8,x8	  x8:0x00019000  x8:0x00019000  x6=0x00000000
      181155000	     18016	80005e06	72620f13	addi	x30,x4,1830	  x4:0xe42530c8 x30=0xe42537ee
      181165000	     18017	80005e0a	8f5d	c.or	x14,x15	 x14:0x000004e0 x15:0x00015000 x14=0x000154e0
      181175000	     18018	80005e0c	0502e363	bltu	x5,x16,80005e52	  x5:0x00000000 x16:0x80021dfb
      181205000	     18021	80005e52	019a8333	add	x6,x21,x25	 x21:0x00000000 x25:0x00000000  x6=0x00000000
      181215000	     18022	80005e56	8e61	c.and	x12,x8	 x12:0x00000000  x8:0x00019000 x12=0x00000000
      181225000	     18023	80005e58	40a40f33	sub	x30,x8,x10	  x8:0x00019000 x10:0xffffffff x30=0x00019001
      181235000	     18024	80005e5c	0500	c.addi4spn	x8,x2,640	  x8=0xf21495fc
      181245000	     18025	80005e5e	8f05	c.sub	x14,x9	 x14:0x000154e0  x9:0x00000000 x14=0x000154e0
      181255000	     18026	80005e60	8c75	c.and	x8,x13	  x8:0xf21495fc x13:0x00000003  x8=0x00000000
      181265000	     18027	80005e62	0235da63	bge	x11,x3,80005e96	 x11:0x00000012  x3:0x00000800
      181275000	     18028	80005e66	8646	c.mv	x12,x17	  x0:0x00000000 x17:0x00000001 x12=0x00000001
      181285000	     18029	80005e68	002bcc33	xor	x24,x23,x2	 x23:0x00000000  x2:0xf214937c x24=0xf214937c
      181295000	     18030	80005e6c	8bcaf293	andi	x5,x21,-1860	 x21:0x00000000  x5=0x00000000
      181305000	     18031	80005e70	9afd	c.andi	x13,-1	 x13:0x00000003 x13=0x00000003
      181315000	     18032	80005e72	03bfe363	bltu	x31,x27,80005e98	 x31:0x00000000 x27:0x00006000
      181335000	     18034	80005e98	8b810d93	addi	x27,x2,-1864	  x2:0xf214937c x27=0xf2148c34
      181345000	     18035	80005e9c	019f4fb3	xor	x31,x30,x25	 x30:0x00019001 x25:0x00000000 x31=0x00019001
      181355000	     18036	80005ea0	8ee9	c.and	x13,x10	 x13:0x00000003 x10:0xffffffff x13=0x00000003
      181365000	     18037	80005ea2	07be	c.slli	x15,0xf	 x15:0x00015000 x15=0xa8000000
      181375000	     18038	80005ea4	8ffe	c.mv	x31,x31	  x0:0x00000000 x31:0x00019001 x31=0x00019001
      181385000	     18039	80005ea6	6b45	c.lui	x22,0x11	 x22=0x00011000
      181395000	     18040	80005ea8	0263e363	bltu	x7,x6,80005ece	  x7:0xfaeb9c09  x6:0x00000000
      181405000	     18041	80005eac	e2abae97	auipc	x29,0xe2aba	 x29=0x62abfeac
      181415000	     18042	80005eb0	8e81	c.sub	x13,x8	 x13:0x00000003  x8:0x00000000 x13=0x00000003
      181425000	     18043	80005eb2	67793c93	sltiu	x25,x18,1655	 x18:0x95e5a000 x25=0x00000000
      181435000	     18044	80005eb6	016b4133	xor	x2,x22,x22	 x22:0x00011000 x22:0x00011000  x2=0x00000000
      181455000	     18046	80005eba	0224e533	rem	x10,x9,x2	  x9:0x00000000  x2:0x00000000 x10=0x00000000
      181465000	     18047	80005ebe	05395163	bge	x18,x19,80005f00	 x18:0x95e5a000 x19:0x80021dfc
      181485000	     18049	80005f00	8d31	c.xor	x10,x12	 x10:0x00000000 x12:0x00000001 x10=0x00000001
      181495000	     18050	80005f02	0045feb3	and	x29,x11,x4	 x11:0x00000012  x4:0xe42530c8 x29=0x00000000
      181505000	     18051	80005f06	0000100f	fence.i	
      181895000	     18090	80005f0a	02c75bb3	divu	x23,x14,x12	 x14:0x000154e0 x12:0x00000001 x23=0x000154e0
      181905000	     18091	80005f0e	65f1	c.lui	x11,0x1c	 x11=0x0001c000
      181915000	     18092	80005f10	0152eb63	bltu	x5,x21,80005f26	  x5:0x00000000 x21:0x00000000
      181925000	     18093	80005f14	717d	c.addi16sp	x2,-16	  x2:0x00000000  x2=0xfffffff0
      181935000	     18094	80005f16	0808	c.addi4spn	x10,x2,16	 x10=0x00000000
      181945000	     18095	80005f18	0001	c.addi	x0,0	  x0:0x00000000  x0=0x00000000
      181955000	     18096	80005f1a	009238b3	sltu	x17,x4,x9	  x4:0xe42530c8  x9:0x00000000 x17=0x00000000
      181965000	     18097	80005f1e	011691b3	sll	x3,x13,x17	 x13:0x00000003 x17:0x00000000  x3=0x00000003
      181975000	     18098	80005f22	00d75a33	srl	x20,x14,x13	 x14:0x000154e0 x13:0x00000003 x20=0x00002a9c
      181985000	     18099	80005f26	827d	c.srli	x12,0x1f	 x12:0x00000001 x12=0x00000000
      181995000	     18100	80005f28	eba60e13	addi	x28,x12,-326	 x12:0x00000000 x28=0xfffffeba
      182005000	     18101	80005f2c	00208bb3	add	x23,x1,x2	  x1:0xe424eb02  x2:0xfffffff0 x23=0xe424eaf2
      182025000	     18103	80005f30	026be7b3	rem	x15,x23,x6	 x23:0xe424eaf2  x6:0x00000000 x15=0xe424eaf2
      182035000	     18104	80005f34	664d	c.lui	x12,0x13	 x12=0x00013000
      182045000	     18105	80005f36	8669	c.srai	x12,0x1a	 x12:0x00013000 x12=0x00000000
      182055000	     18106	80005f38	00ea6033	or	x0,x20,x14	 x20:0x00002a9c x14:0x000154e0  x0=0x00000000
      182065000	     18107	80005f3c	8fb9	c.xor	x15,x14	 x15:0xe424eaf2 x14:0x000154e0 x15=0xe425be12
      182075000	     18108	80005f3e	0001	c.addi	x0,0	  x0:0x00000000  x0=0x00000000
      182085000	     18109	80005f40	05ae	c.slli	x11,0xb	 x11:0x0001c000 x11=0x0e000000
      182455000	     18146	80005f42	036ac133	div	x2,x21,x22	 x21:0x00000000 x22:0x00011000  x2=0x00000000
      182465000	     18147	80005f46	01e18433	add	x8,x3,x30	  x3:0x00000003 x30:0x00019001  x8=0x00019004
      182475000	     18148	80005f4a	12fd	c.addi	x5,-1	  x5:0x00000000  x5=0xffffffff
      182485000	     18149	80005f4c	3d9b7293	andi	x5,x22,985	 x22:0x00011000  x5=0x00000000
      182495000	     18150	80005f50	01f3d1b3	srl	x3,x7,x31	  x7:0xfaeb9c09 x31:0x00019001  x3=0x7d75ce04
      182505000	     18151	80005f54	8d71	c.and	x10,x12	 x10:0x00000000 x12:0x00000000 x10=0x00000000
      182515000	     18152	80005f56	00dd5093	srli	x1,x26,0xd	 x26:0x80025ce4  x1=0x00040012
      182525000	     18153	80005f5a	987d	c.andi	x8,-1	  x8:0x00019004  x8=0x00019004
      182535000	     18154	80005f5c	e109	c.bnez	x10,80005f5e	 x10:0x00000000
      182545000	     18155	80005f5e	1504	c.addi4spn	x9,x2,672	  x9=0x000002a0
      182555000	     18156	80005f60	00fac2b3	xor	x5,x21,x15	 x21:0x00000000 x15:0xe425be12  x5=0xe425be12
      182565000	     18157	80005f64	83c1	c.srli	x15,0x10	 x15:0xe425be12 x15=0x0000e425
      182575000	     18158	80005f66	02459a63	bne	x11,x4,80005f9a	 x11:0x0e000000  x4:0xe42530c8
      182605000	     18161	80005f9a	a0bb3113	sltiu	x2,x22,-1525	 x22:0x00011000  x2=0x00000001
      182615000	     18162	80005f9e	00534c63	blt	x6,x5,80005fb6	  x6:0x00000000  x5:0xe425be12
      182625000	     18163	80005fa2	597d	c.li	x18,-1	 x18=0xffffffff
      182635000	     18164	80005fa4	413b58b3	sra	x17,x22,x19	 x22:0x00011000 x19:0x80021dfc x17=0x00000000
      182645000	     18165	80005fa8	8c79	c.and	x8,x14	  x8:0x00019004 x14:0x000154e0  x8=0x00011000
      182655000	     18166	80005faa	15fd	c.addi	x11,-1	 x11:0x0e000000 x11=0x0dffffff
      182665000	     18167	80005fac	00791413	slli	x8,x18,0x7	 x18:0xffffffff  x8=0xffffff80
      182675000	     18168	80005fb0	82c1	c.srli	x13,0x10	 x13:0x00000003 x13=0x00000000
      182685000	     18169	80005fb2	41d9	c.li	x3,22	  x3=0x00000016
      182695000	     18170	80005fb4	9fca	c.add	x31,x18	 x31:0x00019001 x18:0xffffffff x31=0x00019000
      182705000	     18171	80005fb6	03d58d63	beq	x11,x29,80005ff0	 x11:0x0dffffff x29:0x00000000
      182715000	     18172	80005fba	028bf363	bgeu	x23,x8,80005fe0	 x23:0xe424eaf2  x8:0xffffff80
      182725000	     18173	80005fbe	003a1013	slli	x0,x20,0x3	 x20:0x00002a9c  x0=0x00000000
      182735000	     18174	80005fc2	e221	c.bnez	x12,80006002	 x12:0x00000000
      182745000	     18175	80005fc4	01aa4133	xor	x2,x20,x26	 x20:0x00002a9c x26:0x80025ce4  x2=0x80027678
      182765000	     18177	80005fc8	0263ebb3	rem	x23,x7,x6	  x7:0xfaeb9c09  x6:0x00000000 x23=0xfaeb9c09
      182775000	     18178	80005fcc	6765	c.lui	x14,0x19	 x14=0x00019000
      182785000	     18179	80005fce	5b0a7d93	andi	x27,x20,1456	 x20:0x00002a9c x27=0x00000090
      182795000	     18180	80005fd2	0001	c.addi	x0,0	  x0:0x00000000  x0=0x00000000
      182805000	     18181	80005fd4	c768cd97	auipc	x27,0xc768c	 x27=0x47691fd4
      182815000	     18182	80005fd8	d7c48713	addi	x14,x9,-644	  x9:0x000002a0 x14=0x0000001c
      182825000	     18183	80005fdc	01abf463	bgeu	x23,x26,80005fe4	 x23:0xfaeb9c09 x26:0x80025ce4
      182875000	     18188	80005fe4	0324bb33	mulhu	x22,x9,x18	  x9:0x000002a0 x18:0xffffffff x22=0x0000029f
      182885000	     18189	80005fe8	4109d2b3	sra	x5,x19,x16	 x19:0x80021dfc x16:0x80021dfb  x5=0xfffffff0
      183255000	     18226	80005fec	0273d833	divu	x16,x7,x7	  x7:0xfaeb9c09  x7:0xfaeb9c09 x16=0x00000001
      183265000	     18227	80005ff0	c3f638b7	lui	x17,0xc3f63	 x17=0xc3f63000
      183275000	     18228	80005ff4	7ea30797	auipc	x15,0x7ea30	 x15=0xfea35ff4
      183285000	     18229	80005ff8	c009	c.beqz	x8,80005ffa	  x8:0xffffff80
      183295000	     18230	80005ffa	6139	c.addi16sp	x2,448	  x2:0x80027678  x2=0x80027838
      183305000	     18231	80005ffc	8e0d	c.sub	x12,x11	 x12:0x00000000 x11:0x0dffffff x12=0xf2000001
      183675000	     18268	80005ffe	025cdc33	divu	x24,x25,x5	 x25:0x00000000  x5:0xfffffff0 x24=0x00000000
      183685000	     18269	80006002	8e01	c.sub	x12,x8	 x12:0xf2000001  x8:0xffffff80 x12=0xf2000081
      183695000	     18270	80006004	007371b3	and	x3,x6,x7	  x6:0x00000000  x7:0xfaeb9c09  x3=0x00000000
      183705000	     18271	80006008	01da32b3	sltu	x5,x20,x29	 x20:0x00002a9c x29:0x00000000  x5=0x00000000
      183715000	     18272	8000600c	02725e63	bge	x4,x7,80006048	  x4:0xe42530c8  x7:0xfaeb9c09
      183725000	     18273	80006010	00ecdb93	srli	x23,x25,0xe	 x25:0x00000000 x23=0x00000000
      183745000	     18275	80006014	0201e233	rem	x4,x3,x0	  x3:0x00000000  x0:0x00000000  x4=0x00000000
      183755000	     18276	80006018	036a6e63	bltu	x20,x22,80006054	 x20:0x00002a9c x22:0x0000029f
      183765000	     18277	8000601c	61f1	c.lui	x3,0x1c	  x3=0x0001c000
      183775000	     18278	8000601e	ca147b13	andi	x22,x8,-863	  x8:0xffffff80 x22=0xfffffc80
      183815000	     18282	80006022	03e81633	mulh	x12,x16,x30	 x16:0x00000001 x30:0x00019001 x12=0x00000000
      183825000	     18283	80006026	0037a6b3	slt	x13,x15,x3	 x15:0xfea35ff4  x3:0x0001c000 x13=0x00000001
      183835000	     18284	8000602a	4825	c.li	x16,9	 x16=0x00000009
      183845000	     18285	8000602c	2ed43013	sltiu	x0,x8,749	  x8:0xffffff80  x0=0x00000000
      183855000	     18286	80006030	4e766493	ori	x9,x12,1255	 x12:0x00000000  x9=0x000004e7
      183865000	     18287	80006034	0346	c.slli	x6,0x11	  x6:0x00000000  x6=0x00000000
      184235000	     18324	80006036	03f7f833	remu	x16,x15,x31	 x15:0xfea35ff4 x31:0x00019000 x16=0x00016ff4
      184245000	     18325	8000603a	00cb9f63	bne	x23,x12,80006058	 x23:0x00000000 x12:0x00000000
      184255000	     18326	8000603e	40c5	c.li	x1,17	  x1=0x00000011
      184265000	     18327	80006040	012842b3	xor	x5,x16,x18	 x16:0x00016ff4 x18:0xffffffff  x5=0xfffe900b
      184275000	     18328	80006044	0001	c.addi	x0,0	  x0:0x00000000  x0=0x00000000
      184285000	     18329	80006046	1614	c.addi4spn	x13,x2,800	 x13=0x80027b58
      184655000	     18366	80006048	03fac133	div	x2,x21,x31	 x21:0x00000000 x31:0x00019000  x2=0x00000000
      184665000	     18367	8000604c	133cc297	auipc	x5,0x133cc	  x5=0x933d204c
      184675000	     18368	80006050	8f81	c.sub	x15,x8	 x15:0xfea35ff4  x8:0xffffff80 x15=0xfea36074
      184685000	     18369	80006052	8e99	c.sub	x13,x14	 x13:0x80027b58 x14:0x0000001c x13=0x80027b3c
      184695000	     18370	80006054	34e86137	lui	x2,0x34e86	  x2=0x34e86000
      184705000	     18371	80006058	40d005b3	sub	x11,x0,x13	  x0:0x00000000 x13:0x80027b3c x11=0x7ffd84c4
      184715000	     18372	8000605c	04cd	c.addi	x9,19	  x9:0x000004e7  x9=0x000004fa
      184725000	     18373	8000605e	0001	c.addi	x0,0	  x0:0x00000000  x0=0x00000000
      184735000	     18374	80006060	aa876d93	ori	x27,x14,-1368	 x14:0x0000001c x27=0xfffffabc
      184745000	     18375	80006064	8319	c.srli	x14,0x6	 x14:0x0000001c x14=0x00000000
      184755000	     18376	80006066	8fe9	c.and	x15,x10	 x15:0xfea36074 x10:0x00000000 x15=0x00000000
      184795000	     18380	80006068	03781333	mulh	x6,x16,x23	 x16:0x00016ff4 x23:0x00000000  x6=0x00000000
      184805000	     18381	8000606c	00aa6733	or	x14,x20,x10	 x20:0x00002a9c x10:0x00000000 x14=0x00002a9c
      184815000	     18382	80006070	8a91	c.andi	x13,4	 x13:0x80027b3c x13=0x00000004
      184825000	     18383	80006072	40105fb3	sra	x31,x0,x1	  x0:0x00000000  x1:0x00000011 x31=0x00000000
      184835000	     18384	80006076	9b7d	c.andi	x14,-1	 x14:0x00002a9c x14=0x00002a9c
      184845000	     18385	80006078	8c81	c.sub	x9,x8	  x9:0x000004fa  x8:0xffffff80  x9=0x0000057a
      184855000	     18386	8000607a	0c6e	c.slli	x24,0x1b	 x24:0x00000000 x24=0x00000000
      184865000	     18387	8000607c	02c70763	beq	x14,x12,800060aa	 x14:0x00002a9c x12:0x00000000
      184875000	     18388	80006080	4245	c.li	x4,17	  x4=0x00000011
      184885000	     18389	80006082	8562	c.mv	x10,x24	  x0:0x00000000 x24:0x00000000 x10=0x00000000
      184895000	     18390	80006084	02274363	blt	x14,x2,800060aa	 x14:0x00002a9c  x2:0x34e86000
      184925000	     18393	800060aa	01479b33	sll	x22,x15,x20	 x15:0x00000000 x20:0x00002a9c x22=0x00000000
      184935000	     18394	800060ae	9ca1e213	ori	x4,x3,-1590	  x3:0x0001c000  x4=0xfffff9ca
      184975000	     18398	800060b2	0269a333	mulhsu	x6,x19,x6	 x19:0x80021dfc  x6:0x00000000  x6=0x00000000
      184985000	     18399	800060b6	007976b3	and	x13,x18,x7	 x18:0xffffffff  x7:0xfaeb9c09 x13=0xfaeb9c09
      184995000	     18400	800060ba	85ed	c.srai	x11,0x1b	 x11:0x7ffd84c4 x11=0x0000000f
      185005000	     18401	800060bc	41dcd513	srai	x10,x25,0x1d	 x25:0x00000000 x10=0x00000000
      185015000	     18402	800060c0	00ea60b3	or	x1,x20,x14	 x20:0x00002a9c x14:0x00002a9c  x1=0x00002a9c
      185035000	     18404	800060c4	03f85933	divu	x18,x16,x31	 x16:0x00016ff4 x31:0x00000000 x18=0xffffffff
      185045000	     18405	800060c8	f258c213	xori	x4,x17,-219	 x17:0xc3f63000  x4=0x3c09cf25
      185055000	     18406	800060cc	a86f5597	auipc	x11,0xa86f5	 x11=0x286fb0cc
      185065000	     18407	800060d0	0049ac83	lw	x25,4(x19)	 x19:0x80021dfc x25=0x800062ae PA:0x80021e00 load:0x800062ae
      185095000	     18410	800060d4	03b587b3	mul	x15,x11,x27	 x11:0x286fb0cc x27:0xfffffabc x15=0x13e10dd0
      185105000	     18411	800060d8	0001	c.addi	x0,0	  x0:0x00000000  x0=0x00000000
      185115000	     18412	800060da	8da1	c.xor	x11,x8	 x11:0x286fb0cc  x8:0xffffff80 x11=0xd7904f4c
      185125000	     18413	800060dc	406ad013	srai	x0,x21,0x6	 x21:0x00000000  x0=0x00000000
      185135000	     18414	800060e0	188c	c.addi4spn	x11,x2,112	 x11=0x34e86070
      185145000	     18415	800060e2	09b1	c.addi	x19,12	 x19:0x80021dfc x19=0x80021e08
      185155000	     18416	800060e4	3b6694b7	lui	x9,0x3b669	  x9=0x3b669000
      185165000	     18417	800060e8	000c8413	addi	x8,x25,0	 x25:0x800062ae  x8=0x800062ae
      185175000	     18418	800060ec	8402	c.jr	x8	  x8:0x800062ae
      185195000	     18420	800062ae	8ea1	c.xor	x13,x8	 x13:0xfaeb9c09  x8:0x800062ae x13=0x7aebfea7
      185205000	     18421	800062b0	41805b13	srai	x22,x0,0x18	  x0:0x00000000 x22=0x00000000
      185215000	     18422	800062b4	c405	c.beqz	x8,800062dc	  x8:0x800062ae
      185235000	     18424	800062b6	0379f233	remu	x4,x19,x23	 x19:0x80021e08 x23:0x00000000  x4=0x80021e08
      185275000	     18428	800062ba	02f521b3	mulhsu	x3,x10,x15	 x10:0x00000000 x15:0x13e10dd0  x3=0x00000000
      185285000	     18429	800062be	412b8a33	sub	x20,x23,x18	 x23:0x00000000 x18:0xffffffff x20=0x00000001
      185295000	     18430	800062c2	011d9463	bne	x27,x17,800062ca	 x27:0xfffffabc x17:0xc3f63000
      185685000	     18469	800062ca	02876eb3	rem	x29,x14,x8	 x14:0x00002a9c  x8:0x800062ae x29=0x00002a9c
      185695000	     18470	800062ce	00e8c2b3	xor	x5,x17,x14	 x17:0xc3f63000 x14:0x00002a9c  x5=0xc3f61a9c
      185705000	     18471	800062d2	01e24863	blt	x4,x30,800062e2	  x4:0x80021e08 x30:0x00019001
      185735000	     18474	800062e2	017eadb3	slt	x27,x29,x23	 x29:0x00002a9c x23:0x00000000 x27=0x00000000
      185745000	     18475	800062e6	8f05	c.sub	x14,x9	 x14:0x00002a9c  x9:0x3b669000 x14=0xc4999a9c
      185755000	     18476	800062e8	8a7d	c.andi	x12,31	 x12:0x00000000 x12=0x00000000
      185765000	     18477	800062ea	29a5b193	sltiu	x3,x11,666	 x11:0x34e86070  x3=0x00000000
      185795000	     18480	800062ee	03888933	mul	x18,x17,x24	 x17:0xc3f63000 x24:0x00000000 x18=0x00000000
      185805000	     18481	800062f2	0000100f	fence.i	
      185825000	     18483	800062f6	818d	c.srli	x11,0x3	 x11:0x34e86070 x11=0x069d0c0e
      185835000	     18484	800062f8	9f2a	c.add	x30,x10	 x30:0x00019001 x10:0x00000000 x30=0x00019001
      185845000	     18485	800062fa	03f88963	beq	x17,x31,8000632c	 x17:0xc3f63000 x31:0x00000000
      185855000	     18486	800062fe	8165	c.srli	x10,0x19	 x10:0x00000000 x10=0x00000000
      185865000	     18487	80006300	09784097	auipc	x1,0x9784	  x1=0x8978a300
      185875000	     18488	80006304	01889013	slli	x0,x17,0x18	 x17:0xc3f63000  x0=0x00000000
      185885000	     18489	80006308	9432	c.add	x8,x12	  x8:0x800062ae x12:0x00000000  x8=0x800062ae
      185895000	     18490	8000630a	0f787b93	andi	x23,x16,247	 x16:0x00016ff4 x23=0x000000f4
      185905000	     18491	8000630e	00092233	slt	x4,x18,x0	 x18:0x00000000  x0:0x00000000  x4=0x00000000
      186275000	     18528	80006312	03a37533	remu	x10,x6,x26	  x6:0x00000000 x26:0x80025ce4 x10=0x00000000
      186285000	     18529	80006316	8d75	c.and	x10,x13	 x10:0x00000000 x13:0x7aebfea7 x10=0x00000000
      186295000	     18530	80006318	03544d63	blt	x8,x21,80006352	  x8:0x800062ae x21:0x00000000
      186315000	     18532	80006352	0d8a	c.slli	x27,0x2	 x27:0x00000000 x27=0x00000000
      186325000	     18533	80006354	02675c63	bge	x14,x6,8000638c	 x14:0xc4999a9c  x6:0x00000000
      186335000	     18534	80006358	e10e6897	auipc	x17,0xe10e6	 x17=0x610ec358
      186345000	     18535	8000635c	019f3e33	sltu	x28,x30,x25	 x30:0x00019001 x25:0x800062ae x28=0x00000001
      186355000	     18536	80006360	40a2db33	sra	x22,x5,x10	  x5:0xc3f61a9c x10:0x00000000 x22=0xc3f61a9c
      186365000	     18537	80006364	85f1	c.srai	x11,0x1c	 x11:0x069d0c0e x11=0x00000000
      186385000	     18539	80006366	0387dfb3	divu	x31,x15,x24	 x15:0x13e10dd0 x24:0x00000000 x31=0xffffffff
      186395000	     18540	8000636a	34eca013	slti	x0,x25,846	 x25:0x800062ae  x0=0x00000000
      186435000	     18544	8000636e	039a3c33	mulhu	x24,x20,x25	 x20:0x00000001 x25:0x800062ae x24=0x00000000
      186445000	     18545	80006372	cbf43293	sltiu	x5,x8,-833	  x8:0x800062ae  x5=0x00000001
      186455000	     18546	80006376	00df1663	bne	x30,x13,80006382	 x30:0x00019001 x13:0x7aebfea7
      186515000	     18552	80006382	030395b3	mulh	x11,x7,x16	  x7:0xfaeb9c09 x16:0x00016ff4 x11=0xfffff8b2
      186525000	     18553	80006386	6129	c.addi16sp	x2,192	  x2:0x34e86000  x2=0x34e860c0
      186535000	     18554	80006388	0ff0000f	fence	iorw,iorw	
      186575000	     18558	8000638c	03682eb3	mulhsu	x29,x16,x22	 x16:0x00016ff4 x22:0xc3f61a9c x29=0x000119a8
      186615000	     18562	80006390	0345a633	mulhsu	x12,x11,x20	 x11:0xfffff8b2 x20:0x00000001 x12=0xffffffff
      186625000	     18563	80006394	811e	c.mv	x2,x7	  x0:0x00000000  x7:0xfaeb9c09  x2=0xfaeb9c09
      186665000	     18567	80006396	03bb2f33	mulhsu	x30,x22,x27	 x22:0xc3f61a9c x27:0x00000000 x30=0x00000000
      186675000	     18568	8000639a	8b8d	c.andi	x15,3	 x15:0x13e10dd0 x15=0x00000000
      186685000	     18569	8000639c	86ad	c.srai	x13,0xb	 x13:0x7aebfea7 x13=0x000f5d7f
      186695000	     18570	8000639e	8e0d	c.sub	x12,x11	 x12:0xffffffff x11:0xfffff8b2 x12=0x0000074d
      186705000	     18571	800063a0	8e99	c.sub	x13,x14	 x13:0x000f5d7f x14:0xc4999a9c x13=0x3b75c2e3
      186715000	     18572	800063a2	8cb9	c.xor	x9,x14	  x9:0x3b669000 x14:0xc4999a9c  x9=0xffff0a9c
      186725000	     18573	800063a4	0606	c.slli	x12,0x1	 x12:0x0000074d x12=0x00000e9a
      186735000	     18574	800063a6	012a5433	srl	x8,x20,x18	 x20:0x00000001 x18:0x00000000  x8=0x00000001
      186745000	     18575	800063aa	00627563	bgeu	x4,x6,800063b4	  x4:0x00000000  x6:0x00000000
      186765000	     18577	800063b4	717d	c.addi16sp	x2,-16	  x2:0xfaeb9c09  x2=0xfaeb9bf9
      186775000	     18578	800063b6	8e31	c.xor	x12,x12	 x12:0x00000e9a x12:0x00000e9a x12=0x00000000
      186785000	     18579	800063b8	005b5263	bge	x22,x5,800063bc	 x22:0xc3f61a9c  x5:0x00000001
      186815000	     18582	800063bc	02f60c33	mul	x24,x12,x15	 x12:0x00000000 x15:0x00000000 x24=0x00000000
      186825000	     18583	800063c0	f714e593	ori	x11,x9,-143	  x9:0xffff0a9c x11=0xfffffffd
      186835000	     18584	800063c4	0000100f	fence.i	
      186855000	     18586	800063c8	03670a63	beq	x14,x22,800063fc	 x14:0xc4999a9c x22:0xc3f61a9c
      186865000	     18587	800063cc	6139	c.addi16sp	x2,448	  x2:0xfaeb9bf9  x2=0xfaeb9db9
      186875000	     18588	800063ce	c61d	c.beqz	x12,800063fc	 x12:0x00000000
      186895000	     18590	800063fc	8241	c.srli	x12,0x10	 x12:0x00000000 x12=0x00000000
      186905000	     18591	800063fe	8e35	c.xor	x12,x13	 x12:0x00000000 x13:0x3b75c2e3 x12=0x3b75c2e3
      186915000	     18592	80006400	004d1593	slli	x11,x26,0x4	 x26:0x80025ce4 x11=0x0025ce40
      186925000	     18593	80006404	8559	c.srai	x10,0x16	 x10:0x00000000 x10=0x00000000
      186935000	     18594	80006406	717d	c.addi16sp	x2,-16	  x2:0xfaeb9db9  x2=0xfaeb9da9
      186945000	     18595	80006408	0f75	c.addi	x30,29	 x30:0x00000000 x30=0x0000001d
      186955000	     18596	8000640a	00975213	srli	x4,x14,0x9	 x14:0xc4999a9c  x4=0x00624ccd
      186965000	     18597	8000640e	0107f7b3	and	x15,x15,x16	 x15:0x00000000 x16:0x00016ff4 x15=0x00000000
      186975000	     18598	80006412	a576fa13	andi	x20,x13,-1449	 x13:0x3b75c2e3 x20=0x3b75c243
      186985000	     18599	80006416	01db6fb3	or	x31,x22,x29	 x22:0xc3f61a9c x29:0x000119a8 x31=0xc3f71bbc
      186995000	     18600	8000641a	9bfd	c.andi	x15,-1	 x15:0x00000000 x15=0x00000000
      187005000	     18601	8000641c	8085	c.srli	x9,0x1	  x9:0xffff0a9c  x9=0x7fff854e
      187015000	     18602	8000641e	00266a63	bltu	x12,x2,80006432	 x12:0x3b75c2e3  x2:0xfaeb9da9
      187035000	     18604	80006432	98fd	c.andi	x9,-1	  x9:0x7fff854e  x9=0x7fff854e
      187045000	     18605	80006434	87ea	c.mv	x15,x26	  x0:0x00000000 x26:0x80025ce4 x15=0x80025ce4
      187055000	     18606	80006436	01d46833	or	x16,x8,x29	  x8:0x00000001 x29:0x000119a8 x16=0x000119a9
      187065000	     18607	8000643a	009c58b3	srl	x17,x24,x9	 x24:0x00000000  x9:0x7fff854e x17=0x00000000
      187435000	     18644	8000643e	03eac7b3	div	x15,x21,x30	 x21:0x00000000 x30:0x0000001d x15=0x00000000
      187445000	     18645	80006442	8e1d	c.sub	x12,x15	 x12:0x3b75c2e3 x15:0x00000000 x12=0x3b75c2e3
      187455000	     18646	80006444	010d67b3	or	x15,x26,x16	 x26:0x80025ce4 x16:0x000119a9 x15=0x80035ded
      187465000	     18647	80006448	5f7d	c.li	x30,-1	 x30=0xffffffff
      187505000	     18651	8000644a	0347adb3	mulhsu	x27,x15,x20	 x15:0x80035ded x20:0x3b75c243 x27=0xe245e710
      187545000	     18655	8000644e	03041033	mulh	x0,x8,x16	  x8:0x00000001 x16:0x000119a9  x0=0x00000000
      187555000	     18656	80006452	92ee	c.add	x5,x27	  x5:0x00000001 x27:0xe245e710  x5=0xe245e711
      187565000	     18657	80006454	a64c7c93	andi	x25,x24,-1436	 x24:0x00000000 x25=0x00000000
      187935000	     18694	80006458	03b2f5b3	remu	x11,x5,x27	  x5:0xe245e711 x27:0xe245e710 x11=0x00000001
      187945000	     18695	8000645c	011137b3	sltu	x15,x2,x17	  x2:0xfaeb9da9 x17:0x00000000 x15=0x00000000
      187985000	     18699	80006460	024c96b3	mulh	x13,x25,x4	 x25:0x00000000  x4:0x00624ccd x13=0x00000000
      187995000	     18700	80006464	41d5d093	srai	x1,x11,0x1d	 x11:0x00000001  x1=0x00000000
      188005000	     18701	80006468	001d4733	xor	x14,x26,x1	 x26:0x80025ce4  x1:0x00000000 x14=0x80025ce4
      188015000	     18702	8000646c	84b5	c.srai	x9,0xd	  x9:0x7fff854e  x9=0x0003fffc
      188055000	     18706	8000646e	03ac1733	mulh	x14,x24,x26	 x24:0x00000000 x26:0x80025ce4 x14=0x00000000
      188065000	     18707	80006472	00dd5813	srli	x16,x26,0xd	 x26:0x80025ce4 x16=0x00040012
      188075000	     18708	80006476	003ec333	xor	x6,x29,x3	 x29:0x000119a8  x3:0x00000000  x6=0x000119a8
      188085000	     18709	8000647a	615d	c.addi16sp	x2,432	  x2:0xfaeb9da9  x2=0xfaeb9f59
      188095000	     18710	8000647c	8aa2	c.mv	x21,x8	  x0:0x00000000  x8:0x00000001 x21=0x00000001
      188105000	     18711	8000647e	6bb5	c.lui	x23,0xd	 x23=0x0000d000
      188115000	     18712	80006480	000e2633	slt	x12,x28,x0	 x28:0x00000001  x0:0x00000000 x12=0x00000000
      188125000	     18713	80006484	8f71	c.and	x14,x12	 x14:0x00000000 x12:0x00000000 x14=0x00000000
      188135000	     18714	80006486	01cd15b3	sll	x11,x26,x28	 x26:0x80025ce4 x28:0x00000001 x11=0x0004b9c8
      188145000	     18715	8000648a	01a541b3	xor	x3,x10,x26	 x10:0x00000000 x26:0x80025ce4  x3=0x80025ce4
      188155000	     18716	8000648e	67d9	c.lui	x15,0x16	 x15=0x00016000
      188165000	     18717	80006490	01361233	sll	x4,x12,x19	 x12:0x00000000 x19:0x80021e08  x4=0x00000000
      188175000	     18718	80006494	b324ba17	auipc	x20,0xb324b	 x20=0x33251494
      188185000	     18719	80006498	41b0dbb3	sra	x23,x1,x27	  x1:0x00000000 x27:0xe245e710 x23=0x00000000
      188195000	     18720	8000649c	0001	c.addi	x0,0	  x0:0x00000000  x0=0x00000000
      188205000	     18721	8000649e	0077c663	blt	x15,x7,800064aa	 x15:0x00016000  x7:0xfaeb9c09
      188215000	     18722	800064a2	0097ebb3	or	x23,x15,x9	 x15:0x00016000  x9:0x0003fffc x23=0x0003fffc
      188225000	     18723	800064a6	8eb9	c.xor	x13,x14	 x13:0x00000000 x14:0x00000000 x13=0x00000000
      188235000	     18724	800064a8	863d	c.srai	x12,0xf	 x12:0x00000000 x12=0x00000000
      188245000	     18725	800064aa	46fd	c.li	x13,31	 x13=0x0000001f
      188255000	     18726	800064ac	41ef0133	sub	x2,x30,x30	 x30:0xffffffff x30:0xffffffff  x2=0x00000000
      188265000	     18727	800064b0	99376197	auipc	x3,0x99376	  x3=0x1937c4b0
      188275000	     18728	800064b4	0144da13	srli	x20,x9,0x14	  x9:0x0003fffc x20=0x00000000
      188645000	     18765	800064b8	0285e933	rem	x18,x11,x8	 x11:0x0004b9c8  x8:0x00000001 x18=0x00000000
      188655000	     18766	800064bc	01162b33	slt	x22,x12,x17	 x12:0x00000000 x17:0x00000000 x22=0x00000000
      188665000	     18767	800064c0	40d85c93	srai	x25,x16,0xd	 x16:0x00040012 x25=0x00000020
      188675000	     18768	800064c4	01d1b5b3	sltu	x11,x3,x29	  x3:0x1937c4b0 x29:0x000119a8 x11=0x00000000
      188685000	     18769	800064c8	81e1	c.srli	x11,0x18	 x11:0x00000000 x11=0x00000000
      188705000	     18771	800064ca	032f6e33	rem	x28,x30,x18	 x30:0xffffffff x18:0x00000000 x28=0xffffffff
      188715000	     18772	800064ce	0001	c.addi	x0,0	  x0:0x00000000  x0=0x00000000
      188725000	     18773	800064d0	00a68ab3	add	x21,x13,x10	 x13:0x0000001f x10:0x00000000 x21=0x0000001f
      188735000	     18774	800064d4	8a6d	c.andi	x12,27	 x12:0x00000000 x12=0x00000000
      188755000	     18776	800064d6	0241e033	rem	x0,x3,x4	  x3:0x1937c4b0  x4:0x00000000  x0=0x00000000
      188765000	     18777	800064da	1bfd	c.addi	x23,-1	 x23:0x0003fffc x23=0x0003fffb
      188775000	     18778	800064dc	eaaa6493	ori	x9,x20,-342	 x20:0x00000000  x9=0xfffffeaa
      188785000	     18779	800064e0	98fd	c.andi	x9,-1	  x9:0xfffffeaa  x9=0xfffffeaa
      188795000	     18780	800064e2	c209	c.beqz	x12,800064e4	 x12:0x00000000
      188845000	     18785	800064e4	021d9eb3	mulh	x29,x27,x1	 x27:0xe245e710  x1:0x00000000 x29=0x00000000
      188855000	     18786	800064e8	0dc88793	addi	x15,x17,220	 x17:0x00000000 x15=0x000000dc
      188865000	     18787	800064ec	01a8de93	srli	x29,x17,0x1a	 x17:0x00000000 x29=0x00000000
      188875000	     18788	800064f0	4ef9	c.li	x29,30	 x29=0x0000001e
      188885000	     18789	800064f2	0000100f	fence.i	
      188915000	     18792	800064f6	561bc093	xori	x1,x23,1377	 x23:0x0003fffb  x1=0x0003fa9a
      188925000	     18793	800064fa	0171d513	srli	x10,x3,0x17	  x3:0x1937c4b0 x10=0x00000032
      188935000	     18794	800064fe	01985133	srl	x2,x16,x25	 x16:0x00040012 x25:0x00000020  x2=0x00040012
      188945000	     18795	80006502	00dfd413	srli	x8,x31,0xd	 x31:0xc3f71bbc  x8=0x00061fb8
      188955000	     18796	80006506	8e71	c.and	x12,x12	 x12:0x00000000 x12:0x00000000 x12=0x00000000
      188965000	     18797	80006508	8ce9	c.and	x9,x10	  x9:0xfffffeaa x10:0x00000032  x9=0x00000022
      188975000	     18798	8000650a	af25c313	xori	x6,x11,-1294	 x11:0x00000000  x6=0xfffffaf2
      188985000	     18799	8000650e	41ef84b3	sub	x9,x31,x30	 x31:0xc3f71bbc x30:0xffffffff  x9=0xc3f71bbd
      188995000	     18800	80006512	0001	c.addi	x0,0	  x0:0x00000000  x0=0x00000000
      189005000	     18801	80006514	05ce	c.slli	x11,0x13	 x11:0x00000000 x11=0x00000000
      189015000	     18802	80006516	009bcdb3	xor	x27,x23,x9	 x23:0x0003fffb  x9:0xc3f71bbd x27=0xc3f4e446
      189025000	     18803	8000651a	6f95	c.lui	x31,0x5	 x31=0x00005000
      189035000	     18804	8000651c	0160a7b3	slt	x15,x1,x22	  x1:0x0003fa9a x22:0x00000000 x15=0x00000000
      189045000	     18805	80006520	02246363	bltu	x8,x2,80006546	  x8:0x00061fb8  x2:0x00040012
      189055000	     18806	80006524	40375613	srai	x12,x14,0x3	 x14:0x00000000 x12=0x00000000
      189065000	     18807	80006528	003b18b3	sll	x17,x22,x3	 x22:0x00000000  x3:0x1937c4b0 x17=0x00000000
      189075000	     18808	8000652c	8c1a	c.mv	x24,x6	  x0:0x00000000  x6:0xfffffaf2 x24=0xfffffaf2
      189085000	     18809	8000652e	88a1	c.andi	x9,8	  x9:0xc3f71bbd  x9=0x00000008
      189095000	     18810	80006530	011502b3	add	x5,x10,x17	 x10:0x00000032 x17:0x00000000  x5=0x00000032
      189105000	     18811	80006534	e399	c.bnez	x15,8000653a	 x15:0x00000000
      189145000	     18815	80006536	02121533	mulh	x10,x4,x1	  x4:0x00000000  x1:0x0003fa9a x10=0x00000000
      189155000	     18816	8000653a	5c282d93	slti	x27,x16,1474	 x16:0x00040012 x27=0x00000000
      189165000	     18817	8000653e	cb09	c.beqz	x14,80006550	 x14:0x00000000
      189185000	     18819	80006550	8c807213	andi	x4,x0,-1848	  x0:0x00000000  x4=0x00000000
      189195000	     18820	80006554	0001	c.addi	x0,0	  x0:0x00000000  x0=0x00000000
      189205000	     18821	80006556	0057b633	sltu	x12,x15,x5	 x15:0x00000000  x5:0x00000032 x12=0x00000001
      189215000	     18822	8000655a	8cf9	c.and	x9,x14	  x9:0x00000008 x14:0x00000000  x9=0x00000000
      189225000	     18823	8000655c	012dd913	srli	x18,x27,0x12	 x27:0x00000000 x18=0x00000000
      189235000	     18824	80006560	9abe	c.add	x21,x15	 x21:0x0000001f x15:0x00000000 x21=0x0000001f
      189245000	     18825	80006562	01299b33	sll	x22,x19,x18	 x19:0x80021e08 x18:0x00000000 x22=0x80021e08
      189285000	     18829	80006566	0340aeb3	mulhsu	x29,x1,x20	  x1:0x0003fa9a x20:0x00000000 x29=0x00000000
      189295000	     18830	8000656a	4589	c.li	x11,2	 x11=0x00000002
      189305000	     18831	8000656c	4169d1b3	sra	x3,x19,x22	 x19:0x80021e08 x22:0x80021e08  x3=0xff80021e
      189315000	     18832	80006570	f2232193	slti	x3,x6,-222	  x6:0xfffffaf2  x3=0x00000001
      189325000	     18833	80006574	4ba1	c.li	x23,8	 x23=0x00000008
      189335000	     18834	80006576	038c7463	bgeu	x24,x24,8000659e	 x24:0xfffffaf2 x24:0xfffffaf2
      189365000	     18837	8000659e	9283c193	xori	x3,x7,-1752	  x7:0xfaeb9c09  x3=0x05146521
      189375000	     18838	800065a2	01cc5d93	srli	x27,x24,0x1c	 x24:0xfffffaf2 x27=0x0000000f
      189385000	     18839	800065a6	6475	c.lui	x8,0x1d	  x8=0x0001d000
      189395000	     18840	800065a8	0000100f	fence.i	
      189415000	     18842	800065ac	d71cb017	auipc	x0,0xd71cb	  x0=0x00000000
      189425000	     18843	800065b0	00758533	add	x10,x11,x7	 x11:0x00000002  x7:0xfaeb9c09 x10=0xfaeb9c0b
      189435000	     18844	800065b4	01809663	bne	x1,x24,800065c0	  x1:0x0003fa9a x24:0xfffffaf2
      189455000	     18846	800065c0	01ffb333	sltu	x6,x31,x31	 x31:0x00005000 x31:0x00005000  x6=0x00000000
      189465000	     18847	800065c4	40e2da13	srai	x20,x5,0xe	  x5:0x00000032 x20=0x00000000
      189475000	     18848	800065c8	0001	c.addi	x0,0	  x0:0x00000000  x0=0x00000000
      189485000	     18849	800065ca	4165d913	srai	x18,x11,0x16	 x11:0x00000002 x18=0x00000000
      189495000	     18850	800065ce	50fd	c.li	x1,-1	  x1=0xffffffff
      189505000	     18851	800065d0	0a80	c.addi4spn	x8,x2,336	  x8=0x00040162
      189515000	     18852	800065d2	00c19f33	sll	x30,x3,x12	  x3:0x05146521 x12:0x00000001 x30=0x0a28ca42
      189525000	     18853	800065d6	c899	c.beqz	x9,800065ec	  x9:0x00000000
      189545000	     18855	800065ec	61f1	c.lui	x3,0x1c	  x3=0x0001c000
      189555000	     18856	800065ee	8f19	c.sub	x14,x14	 x14:0x00000000 x14:0x00000000 x14=0x00000000
      189565000	     18857	800065f0	8f41	c.or	x14,x8	 x14:0x00000000  x8:0x00040162 x14=0x00040162
      189575000	     18858	800065f2	8ec2	c.mv	x29,x16	  x0:0x00000000 x16:0x00040012 x29=0x00040012
      189585000	     18859	800065f4	8011	c.srli	x8,0x4	  x8:0x00040162  x8=0x00004016
      189595000	     18860	800065f6	8546	c.mv	x10,x17	  x0:0x00000000 x17:0x00000000 x10=0x00000000
      189605000	     18861	800065f8	ffc5b713	sltiu	x14,x11,-4	 x11:0x00000002 x14=0x00000001
      189615000	     18862	800065fc	027b7c63	bgeu	x22,x7,80006634	 x22:0x80021e08  x7:0xfaeb9c09
      189625000	     18863	80006600	016ffab3	and	x21,x31,x22	 x31:0x00005000 x22:0x80021e08 x21=0x00001000
      189655000	     18866	80006604	03568733	mul	x14,x13,x21	 x13:0x0000001f x21:0x00001000 x14=0x0001f000
      189665000	     18867	80006608	01988263	beq	x17,x25,8000660c	 x17:0x00000000 x25:0x00000020
      189685000	     18869	8000660c	020f7333	remu	x6,x30,x0	 x30:0x0a28ca42  x0:0x00000000  x6=0x0a28ca42
      189695000	     18870	80006610	01420fb3	add	x31,x4,x20	  x4:0x00000000 x20:0x00000000 x31=0x00000000
      189705000	     18871	80006614	8cd1	c.or	x9,x12	  x9:0x00000000 x12:0x00000001  x9=0x00000001
      189715000	     18872	80006616	81ce	c.mv	x3,x19	  x0:0x00000000 x19:0x80021e08  x3=0x80021e08
      190085000	     18909	80006618	0372f6b3	remu	x13,x5,x23	  x5:0x00000032 x23:0x00000008 x13=0x00000002
      190095000	     18910	8000661c	00e97033	and	x0,x18,x14	 x18:0x00000000 x14:0x0001f000  x0=0x00000000
      190105000	     18911	80006620	00458933	add	x18,x11,x4	 x11:0x00000002  x4:0x00000000 x18=0x00000002
      190115000	     18912	80006624	00337663	bgeu	x6,x3,80006630	  x6:0x0a28ca42  x3:0x80021e08
      190125000	     18913	80006628	e319	c.bnez	x14,8000662e	 x14:0x0001f000
      190145000	     18915	8000662e	8d15	c.sub	x10,x13	 x10:0x00000000 x13:0x00000002 x10=0xfffffffe
      190155000	     18916	80006630	0000100f	fence.i	
      190175000	     18918	80006634	01875433	srl	x8,x14,x24	 x14:0x0001f000 x24:0xfffffaf2  x8=0x00000000
      190185000	     18919	80006638	137d	c.addi	x6,-1	  x6:0x0a28ca42  x6=0x0a28ca41
      190195000	     18920	8000663a	8d91	c.sub	x11,x12	 x11:0x00000002 x12:0x00000001 x11=0x00000001
      190225000	     18923	8000663c	03628b33	mul	x22,x5,x22	  x5:0x00000032 x22:0x80021e08 x22=0x0069dd90
      190235000	     18924	80006640	3b73b6b7	lui	x13,0x3b73b	 x13=0x3b73b000
      190245000	     18925	80006644	00508763	beq	x1,x5,80006652	  x1:0xffffffff  x5:0x00000032
      190255000	     18926	80006648	053d1363	bne	x26,x19,8000668e	 x26:0x80025ce4 x19:0x80021e08
      190285000	     18929	8000668e	99c9e717	auipc	x14,0x99c9e	 x14=0x19ca468e
      190295000	     18930	80006692	00b8e463	bltu	x17,x11,8000669a	 x17:0x00000000 x11:0x00000001
      190685000	     18969	8000669a	03a7c533	div	x10,x15,x26	 x15:0x00000000 x26:0x80025ce4 x10=0x00000000
      190695000	     18970	8000669e	0001	c.addi	x0,0	  x0:0x00000000  x0=0x00000000
      190705000	     18971	800066a0	8e89	c.sub	x13,x10	 x13:0x3b73b000 x10:0x00000000 x13=0x3b73b000
      190715000	     18972	800066a2	0001	c.addi	x0,0	  x0:0x00000000  x0=0x00000000
      190725000	     18973	800066a4	01ea1933	sll	x18,x20,x30	 x20:0x00000000 x30:0x0a28ca42 x18=0x00000000
      190745000	     18975	800066a8	03f16933	rem	x18,x2,x31	  x2:0x00040012 x31:0x00000000 x18=0x00040012
      190755000	     18976	800066ac	002907b3	add	x15,x18,x2	 x18:0x00040012  x2:0x00040012 x15=0x00080024
      190765000	     18977	800066b0	01025213	srli	x4,x4,0x10	  x4:0x00000000  x4=0x00000000
      190775000	     18978	800066b4	02be7d63	bgeu	x28,x11,800066ee	 x28:0xffffffff x11:0x00000001
      190805000	     18981	800066ee	00651313	slli	x6,x10,0x6	 x10:0x00000000  x6=0x00000000
      190815000	     18982	800066f2	00a58833	add	x16,x11,x10	 x11:0x00000001 x10:0x00000000 x16=0x00000001
      190825000	     18983	800066f6	8d9d	c.sub	x11,x15	 x11:0x00000001 x15:0x00080024 x11=0xfff7ffdd
      190835000	     18984	800066f8	493d	c.li	x18,15	 x18=0x0000000f
      191205000	     19021	800066fa	02bfe633	rem	x12,x31,x11	 x31:0x00000000 x11:0xfff7ffdd x12=0x00000000
      191235000	     19024	800066fe	02f885b3	mul	x11,x17,x15	 x17:0x00000000 x15:0x00080024 x11=0x00000000
      191245000	     19025	80006702	ee09	c.bnez	x12,8000671c	 x12:0x00000000
      191255000	     19026	80006704	00b25333	srl	x6,x4,x11	  x4:0x00000000 x11:0x00000000  x6=0x00000000
      191265000	     19027	80006708	002d9f13	slli	x30,x27,0x2	 x27:0x0000000f x30=0x0000003c
      191275000	     19028	8000670c	c319	c.beqz	x14,80006712	 x14:0x19ca468e
      191285000	     19029	8000670e	020e6263	bltu	x28,x0,80006732	 x28:0xffffffff  x0:0x00000000
      191295000	     19030	80006712	8f59	c.or	x14,x14	 x14:0x19ca468e x14:0x19ca468e x14=0x19ca468e
      191335000	     19034	80006714	02113833	mulhu	x16,x2,x1	  x2:0x00040012  x1:0xffffffff x16=0x00040011
      191345000	     19035	80006718	01630ab3	add	x21,x6,x22	  x6:0x00000000 x22:0x0069dd90 x21=0x0069dd90
      191355000	     19036	8000671c	b96ce637	lui	x12,0xb96ce	 x12=0xb96ce000
      191365000	     19037	80006720	087a	c.slli	x16,0x1e	 x16:0x00040011 x16=0x40000000
      191375000	     19038	80006722	05987163	bgeu	x16,x25,80006764	 x16:0x40000000 x25:0x00000020
      191395000	     19040	80006764	014b0033	add	x0,x22,x20	 x22:0x0069dd90 x20:0x00000000  x0=0x00000000
      191405000	     19041	80006768	41c587b3	sub	x15,x11,x28	 x11:0x00000000 x28:0xffffffff x15=0x00000001
      191415000	     19042	8000676c	00fbc663	blt	x23,x15,80006778	 x23:0x00000008 x15:0x00000001
      191425000	     19043	80006770	c705	c.beqz	x14,80006798	 x14:0x19ca468e
      191435000	     19044	80006772	e53a3893	sltiu	x17,x20,-429	 x20:0x00000000 x17=0x00000001
      191445000	     19045	80006776	717d	c.addi16sp	x2,-16	  x2:0x00040012  x2=0x00040002
      191455000	     19046	80006778	0ff0000f	fence	iorw,iorw	
      191465000	     19047	8000677c	b91448b7	lui	x17,0xb9144	 x17=0xb9144000
      191495000	     19050	80006780	03bb8633	mul	x12,x23,x27	 x23:0x00000008 x27:0x0000000f x12=0x00000078
      191505000	     19051	80006784	41dd05b3	sub	x11,x26,x29	 x26:0x80025ce4 x29:0x00040012 x11=0x7ffe5cd2
      191515000	     19052	80006788	6121	c.addi16sp	x2,64	  x2:0x00040002  x2=0x00040042
      191525000	     19053	8000678a	0001	c.addi	x0,0	  x0:0x00000000  x0=0x00000000
      191535000	     19054	8000678c	00f38a63	beq	x7,x15,800067a0	  x7:0xfaeb9c09 x15:0x00000001
      191545000	     19055	80006790	018a6463	bltu	x20,x24,80006798	 x20:0x00000000 x24:0xfffffaf2
      191565000	     19057	80006798	00963733	sltu	x14,x12,x9	 x12:0x00000078  x9:0x00000001 x14=0x00000000
      191575000	     19058	8000679c	0001	c.addi	x0,0	  x0:0x00000000  x0=0x00000000
      191585000	     19059	8000679e	8e51	c.or	x12,x12	 x12:0x00000078 x12:0x00000078 x12=0x00000078
      191595000	     19060	800067a0	e481	c.bnez	x9,800067a8	  x9:0x00000001
      191615000	     19062	800067a8	6a0a5f37	lui	x30,0x6a0a5	 x30=0x6a0a5000
      191625000	     19063	800067ac	017c5213	srli	x4,x24,0x17	 x24:0xfffffaf2  x4=0x000001ff
      191635000	     19064	800067b0	860d	c.srai	x12,0x3	 x12:0x00000078 x12=0x0000000f
      191645000	     19065	800067b2	0000100f	fence.i	
      191665000	     19067	800067b6	167d	c.addi	x12,-1	 x12:0x0000000f x12=0x0000000e
      191675000	     19068	800067b8	ed81	c.bnez	x11,800067d0	 x11:0x7ffe5cd2
      191705000	     19071	800067d0	02a65733	divu	x14,x12,x10	 x12:0x0000000e x10:0x00000000 x14=0xffffffff
      191715000	     19072	800067d4	03640363	beq	x8,x22,800067fa	  x8:0x00000000 x22:0x0069dd90
      191725000	     19073	800067d8	8fa5	c.xor	x15,x9	 x15:0x00000001  x9:0x00000001 x15=0x00000000
      191735000	     19074	800067da	8e0d	c.sub	x12,x11	 x12:0x0000000e x11:0x7ffe5cd2 x12=0x8001a33c
      191775000	     19078	800067dc	02973733	mulhu	x14,x14,x9	 x14:0xffffffff  x9:0x00000001 x14=0x00000000
      191815000	     19082	800067e0	0336a733	mulhsu	x14,x13,x19	 x13:0x3b73b000 x19:0x80021e08 x14=0x1dba55e0
      191825000	     19083	800067e4	8cd5	c.or	x9,x13	  x9:0x00000001 x13:0x3b73b000  x9=0x3b73b001
      191835000	     19084	800067e6	8fc5	c.or	x15,x9	 x15:0x00000000  x9:0x3b73b001 x15=0x3b73b001
      191845000	     19085	800067e8	4072de13	srai	x28,x5,0x7	  x5:0x00000032 x28=0x00000000
      191855000	     19086	800067ec	1dbba693	slti	x13,x23,475	 x23:0x00000008 x13=0x00000001
      191865000	     19087	800067f0	8d25	c.xor	x10,x9	 x10:0x00000000  x9:0x3b73b001 x10=0x3b73b001
      191875000	     19088	800067f2	014302b3	add	x5,x6,x20	  x6:0x00000000 x20:0x00000000  x5=0x00000000
      191885000	     19089	800067f6	002d54b3	srl	x9,x26,x2	 x26:0x80025ce4  x2:0x00040042  x9=0x20009739
      191925000	     19093	800067fa	020a3bb3	mulhu	x23,x20,x0	 x20:0x00000000  x0:0x00000000 x23=0x00000000
      191935000	     19094	800067fe	e891	c.bnez	x9,80006812	  x9:0x20009739
      191965000	     19097	80006812	4008d293	srai	x5,x17,0x0	 x17:0xb9144000  x5=0xb9144000
      191975000	     19098	80006816	8705	c.srai	x14,0x1	 x14:0x1dba55e0 x14=0x0edd2af0
      191985000	     19099	80006818	017794b3	sll	x9,x15,x23	 x15:0x3b73b001 x23:0x00000000  x9=0x3b73b001
      191995000	     19100	8000681c	01c82cb3	slt	x25,x16,x28	 x16:0x40000000 x28:0x00000000 x25=0x00000000
      192365000	     19137	80006820	03eb52b3	divu	x5,x22,x30	 x22:0x0069dd90 x30:0x6a0a5000  x5=0x00000000
      192375000	     19138	80006824	00a6eb63	bltu	x13,x10,8000683a	 x13:0x00000001 x10:0x3b73b001
      192405000	     19141	8000683a	a00eaa37	lui	x20,0xa00ea	 x20=0xa00ea000
      192445000	     19145	8000683e	036a3433	mulhu	x8,x20,x22	 x20:0xa00ea000 x22:0x0069dd90  x8=0x00423086
      192815000	     19182	80006842	0310da33	divu	x20,x1,x17	  x1:0xffffffff x17:0xb9144000 x20=0x00000001
      192825000	     19183	80006846	0002ac33	slt	x24,x5,x0	  x5:0x00000000  x0:0x00000000 x24=0x00000000
      192845000	     19185	8000684a	03ca5933	divu	x18,x20,x28	 x20:0x00000001 x28:0x00000000 x18=0xffffffff
      192855000	     19186	8000684e	033af663	bgeu	x21,x19,8000687a	 x21:0x0069dd90 x19:0x80021e08
      192865000	     19187	80006852	9bde	c.add	x23,x23	 x23:0x00000000 x23:0x00000000 x23=0x00000000
      192875000	     19188	80006854	01062533	slt	x10,x12,x16	 x12:0x8001a33c x16:0x40000000 x10=0x00000001
      192885000	     19189	80006858	6319	c.lui	x6,0x6	  x6=0x00006000
      192895000	     19190	8000685a	0264fd63	bgeu	x9,x6,80006894	  x9:0x3b73b001  x6:0x00006000
      192915000	     19192	80006894	ff982b93	slti	x23,x16,-7	 x16:0x40000000 x23=0x00000000
      192925000	     19193	80006898	8275	c.srli	x12,0x1d	 x12:0x8001a33c x12=0x00000004
      192935000	     19194	8000689a	358b1db7	lui	x27,0x358b1	 x27=0x358b1000
      192945000	     19195	8000689e	913a	c.add	x2,x14	  x2:0x00040042 x14:0x0edd2af0  x2=0x0ee12b32
      192985000	     19199	800068a0	02f9b033	mulhu	x0,x19,x15	 x19:0x80021e08 x15:0x3b73b001  x0=0x00000000
      192995000	     19200	800068a4	0335fb63	bgeu	x11,x19,800068da	 x11:0x7ffe5cd2 x19:0x80021e08
      193365000	     19237	800068a8	02e0c2b3	div	x5,x1,x14	  x1:0xffffffff x14:0x0edd2af0  x5=0x00000000
      193375000	     19238	800068ac	67fd	c.lui	x15,0x1f	 x15=0x0001f000
      193405000	     19241	800068ae	02cb8f33	mul	x30,x23,x12	 x23:0x00000000 x12:0x00000004 x30=0x00000000
      193415000	     19242	800068b2	0000100f	fence.i	
      193445000	     19245	800068b6	16d43c93	sltiu	x25,x8,365	  x8:0x00423086 x25=0x00000000
      193485000	     19249	800068ba	03c69933	mulh	x18,x13,x28	 x13:0x00000001 x28:0x00000000 x18=0x00000000
      193855000	     19286	800068be	0289db33	divu	x22,x19,x8	 x19:0x80021e08  x8:0x00423086 x22=0x000001ef
      193865000	     19287	800068c2	40cbdbb3	sra	x23,x23,x12	 x23:0x00000000 x12:0x00000004 x23=0x00000000
      193905000	     19291	800068c6	03099333	mulh	x6,x19,x16	 x19:0x80021e08 x16:0x40000000  x6=0xe0008782
      193915000	     19292	800068ca	daeec537	lui	x10,0xdaeec	 x10=0xdaeec000
      193925000	     19293	800068ce	41e2da33	sra	x20,x5,x30	  x5:0x00000000 x30:0x00000000 x20=0x00000000
      193935000	     19294	800068d2	0510	c.addi4spn	x12,x2,640	 x12=0x0ee12db2
      193945000	     19295	800068d4	8e31	c.xor	x12,x12	 x12:0x0ee12db2 x12:0x0ee12db2 x12=0x00000000
      193955000	     19296	800068d6	001ed563	bge	x29,x1,800068e0	 x29:0x00040012  x1:0xffffffff
      193975000	     19298	800068e0	98fd	c.andi	x9,-1	  x9:0x3b73b001  x9=0x3b73b001
      193985000	     19299	800068e2	41b65a93	srai	x21,x12,0x1b	 x12:0x00000000 x21=0x00000000
      193995000	     19300	800068e6	0e42	c.slli	x28,0x10	 x28:0x00000000 x28=0x00000000
      194005000	     19301	800068e8	b17b3613	sltiu	x12,x22,-1257	 x22:0x000001ef x12=0x00000001
      194015000	     19302	800068ec	1e752213	slti	x4,x10,487	 x10:0xdaeec000  x4=0x00000001
      194025000	     19303	800068f0	00f86b33	or	x22,x16,x15	 x16:0x40000000 x15:0x0001f000 x22=0x4001f000
      194035000	     19304	800068f4	ffa9ea93	ori	x21,x19,-6	 x19:0x80021e08 x21=0xfffffffa
      194045000	     19305	800068f8	717d	c.addi16sp	x2,-16	  x2:0x0ee12b32  x2=0x0ee12b22
      194055000	     19306	800068fa	0ff0000f	fence	iorw,iorw	
      194065000	     19307	800068fe	12a42413	slti	x8,x8,298	  x8:0x00423086  x8=0x00000000
      194075000	     19308	80006902	03940c63	beq	x8,x25,8000693a	  x8:0x00000000 x25:0x00000000
      194115000	     19312	8000693a	03265933	divu	x18,x12,x18	 x12:0x00000001 x18:0x00000000 x18=0xffffffff
      194125000	     19313	8000693e	8519	c.srai	x10,0x6	 x10:0xdaeec000 x10=0xff6bbb00
      194135000	     19314	80006940	6265	c.lui	x4,0x19	  x4=0x00019000
      194145000	     19315	80006942	015f61b3	or	x3,x30,x21	 x30:0x00000000 x21:0xfffffffa  x3=0xfffffffa
      194155000	     19316	80006946	9afd	c.andi	x13,-1	 x13:0x00000001 x13=0x00000001
      194165000	     19317	80006948	83bd	c.srli	x15,0xf	 x15:0x0001f000 x15=0x00000003
      194185000	     19319	8000694a	03955bb3	divu	x23,x10,x25	 x10:0xff6bbb00 x25:0x00000000 x23=0xffffffff
      194195000	     19320	8000694e	00457363	bgeu	x10,x4,80006954	 x10:0xff6bbb00  x4:0x00019000
      194215000	     19322	80006954	1b7d	c.addi	x22,-1	 x22:0x4001f000 x22=0x4001efff
      194585000	     19359	80006956	03737533	remu	x10,x6,x23	  x6:0xe0008782 x23:0xffffffff x10=0xe0008782
      194595000	     19360	8000695a	40635a93	srai	x21,x6,0x6	  x6:0xe0008782 x21=0xff80021e
      194605000	     19361	8000695e	88b5	c.andi	x9,13	  x9:0x3b73b001  x9=0x00000001
      194645000	     19365	80006960	03ca16b3	mulh	x13,x20,x28	 x20:0x00000000 x28:0x00000000 x13=0x00000000
      194655000	     19366	80006964	0001	c.addi	x0,0	  x0:0x00000000  x0=0x00000000
      194665000	     19367	80006966	0001	c.addi	x0,0	  x0:0x00000000  x0=0x00000000
      194675000	     19368	80006968	c485	c.beqz	x9,80006990	  x9:0x00000001
      194685000	     19369	8000696a	016294b3	sll	x9,x5,x22	  x5:0x00000000 x22:0x4001efff  x9=0x00000000
      194695000	     19370	8000696e	01890fb3	add	x31,x18,x24	 x18:0xffffffff x24:0x00000000 x31=0xffffffff
      194705000	     19371	80006972	01cb9233	sll	x4,x23,x28	 x23:0xffffffff x28:0x00000000  x4=0xffffffff
      194715000	     19372	80006976	0076ee33	or	x28,x13,x7	 x13:0x00000000  x7:0xfaeb9c09 x28=0xfaeb9c09
      194745000	     19375	8000697a	02748b33	mul	x22,x9,x7	  x9:0x00000000  x7:0xfaeb9c09 x22=0x00000000
      194755000	     19376	8000697e	00981563	bne	x16,x9,80006988	 x16:0x40000000  x9:0x00000000
      194775000	     19378	80006988	00114133	xor	x2,x2,x1	  x2:0x0ee12b22  x1:0xffffffff  x2=0xf11ed4dd
      194785000	     19379	8000698c	00299ab3	sll	x21,x19,x2	 x19:0x80021e08  x2:0xf11ed4dd x21=0x00000000
      194805000	     19381	80006990	038b6c33	rem	x24,x22,x24	 x22:0x00000000 x24:0x00000000 x24=0x00000000
      194815000	     19382	80006994	0000100f	fence.i	
      194835000	     19384	80006998	0ff0000f	fence	iorw,iorw	
      194845000	     19385	8000699c	4125d793	srai	x15,x11,0x12	 x11:0x7ffe5cd2 x15=0x00001fff
      194885000	     19389	800069a0	032414b3	mulh	x9,x8,x18	  x8:0x00000000 x18:0xffffffff  x9=0x00000000
      194895000	     19390	800069a4	8e01	c.sub	x12,x8	 x12:0x00000001  x8:0x00000000 x12=0x00000001
      194905000	     19391	800069a6	41e18633	sub	x12,x3,x30	  x3:0xfffffffa x30:0x00000000 x12=0xfffffffa
      194915000	     19392	800069aa	85c5	c.srai	x11,0x11	 x11:0x7ffe5cd2 x11=0x00003fff
      194925000	     19393	800069ac	00c69293	slli	x5,x13,0xc	 x13:0x00000000  x5=0x00000000
      194945000	     19395	800069b0	03847bb3	remu	x23,x8,x24	  x8:0x00000000 x24:0x00000000 x23=0x00000000
      194955000	     19396	800069b4	002d4263	blt	x26,x2,800069b8	 x26:0x80025ce4  x2:0xf11ed4dd
      194975000	     19398	800069b8	00cd08b3	add	x17,x26,x12	 x26:0x80025ce4 x12:0xfffffffa x17=0x80025cde
      194995000	     19400	800069bc	020444b3	div	x9,x8,x0	  x8:0x00000000  x0:0x00000000  x9=0xffffffff
      195005000	     19401	800069c0	0048cd63	blt	x17,x4,800069da	 x17:0x80025cde  x4:0xffffffff
      195065000	     19407	800069da	03ecbb33	mulhu	x22,x25,x30	 x25:0x00000000 x30:0x00000000 x22=0x00000000
      195075000	     19408	800069de	0049ac83	lw	x25,4(x19)	 x19:0x80021e08 x25=0x80006196 PA:0x80021e0c load:0x80006196
      195115000	     19412	800069e2	034d28b3	mulhsu	x17,x26,x20	 x26:0x80025ce4 x20:0x00000000 x17=0x00000000
      195125000	     19413	800069e6	09f1	c.addi	x19,28	 x19:0x80021e08 x19=0x80021e24
      195135000	     19414	800069e8	009a76b3	and	x13,x20,x9	 x20:0x00000000  x9:0xffffffff x13=0x00000000
      195145000	     19415	800069ec	01b49333	sll	x6,x9,x27	  x9:0xffffffff x27:0x358b1000  x6=0xffffffff
      195155000	     19416	800069f0	005e2633	slt	x12,x28,x5	 x28:0xfaeb9c09  x5:0x00000000 x12=0x00000001
      195195000	     19420	800069f4	02633433	mulhu	x8,x6,x6	  x6:0xffffffff  x6:0xffffffff  x8=0xfffffffe
      195235000	     19424	800069f8	0346a633	mulhsu	x12,x13,x20	 x13:0x00000000 x20:0x00000000 x12=0x00000000
      195245000	     19425	800069fc	74d93593	sltiu	x11,x18,1869	 x18:0xffffffff x11=0x00000000
      195255000	     19426	80006a00	012a1ab3	sll	x21,x20,x18	 x20:0x00000000 x18:0xffffffff x21=0x00000000
      195265000	     19427	80006a04	8d4d	c.or	x10,x11	 x10:0xe0008782 x11:0x00000000 x10=0xe0008782
      195275000	     19428	80006a06	000c8e93	addi	x29,x25,0	 x25:0x80006196 x29=0x80006196
      195285000	     19429	80006a0a	8e82	c.jr	x29	 x29:0x80006196
      195315000	     19432	80006196	01943eb3	sltu	x29,x8,x25	  x8:0xfffffffe x25:0x80006196 x29=0x00000000
      195325000	     19433	8000619a	0000100f	fence.i	
      195345000	     19435	8000619e	17fd	c.addi	x15,-1	 x15:0x00001fff x15=0x00001ffe
      195355000	     19436	800061a0	00169633	sll	x12,x13,x1	 x13:0x00000000  x1:0xffffffff x12=0x00000000
      195365000	     19437	800061a4	00572bb3	slt	x23,x14,x5	 x14:0x0edd2af0  x5:0x00000000 x23=0x00000000
      195375000	     19438	800061a8	4087db33	sra	x22,x15,x8	 x15:0x00001ffe  x8:0xfffffffe x22=0x00000000
      195385000	     19439	800061ac	037e	c.slli	x6,0x1f	  x6:0xffffffff  x6=0x80000000
      195395000	     19440	800061ae	00bdacb3	slt	x25,x27,x11	 x27:0x358b1000 x11:0x00000000 x25=0x00000000
      195405000	     19441	800061b2	cdd9e013	ori	x0,x19,-803	 x19:0x80021e24  x0=0x00000000
      195415000	     19442	800061b6	006d9913	slli	x18,x27,0x6	 x27:0x358b1000 x18=0x62c40000
      195425000	     19443	800061ba	046ff063	bgeu	x31,x6,800061fa	 x31:0xffffffff  x6:0x80000000
      195485000	     19449	800061fa	03a83cb3	mulhu	x25,x16,x26	 x16:0x40000000 x26:0x80025ce4 x25=0x20009739
      195495000	     19450	800061fe	d48a3293	sltiu	x5,x20,-696	 x20:0x00000000  x5=0x00000001
      195505000	     19451	80006202	8cb5	c.xor	x9,x13	  x9:0xffffffff x13:0x00000000  x9=0xffffffff
      195515000	     19452	80006204	8ef9	c.and	x13,x14	 x13:0x00000000 x14:0x0edd2af0 x13=0x00000000
      195525000	     19453	80006206	8b85	c.andi	x15,1	 x15:0x00001ffe x15=0x00000000
      195565000	     19457	80006208	02c29db3	mulh	x27,x5,x12	  x5:0x00000001 x12:0x00000000 x27=0x00000000
      195575000	     19458	8000620c	cce7a313	slti	x6,x15,-818	 x15:0x00000000  x6=0x00000000
      195585000	     19459	80006210	9492	c.add	x9,x4	  x9:0xffffffff  x4:0xffffffff  x9=0xfffffffe
      195595000	     19460	80006212	0197f563	bgeu	x15,x25,8000621c	 x15:0x00000000 x25:0x20009739
      195605000	     19461	80006216	0001	c.addi	x0,0	  x0:0x00000000  x0=0x00000000
      195615000	     19462	80006218	799ff017	auipc	x0,0x799ff	  x0=0x00000000
      195625000	     19463	8000621c	03a2c063	blt	x5,x26,8000623c	  x5:0x00000001 x26:0x80025ce4
      195635000	     19464	80006220	00f45ab3	srl	x21,x8,x15	  x8:0xfffffffe x15:0x00000000 x21=0xfffffffe
      195645000	     19465	80006224	8dad	c.xor	x11,x11	 x11:0x00000000 x11:0x00000000 x11=0x00000000
      195655000	     19466	80006226	8f55	c.or	x14,x13	 x14:0x0edd2af0 x13:0x00000000 x14=0x0edd2af0
      195665000	     19467	80006228	8ffd	c.and	x15,x15	 x15:0x00000000 x15:0x00000000 x15=0x00000000
      195675000	     19468	8000622a	00e894b3	sll	x9,x17,x14	 x17:0x00000000 x14:0x0edd2af0  x9=0x00000000
      195685000	     19469	8000622e	8bb90893	addi	x17,x18,-1861	 x18:0x62c40000 x17=0x62c3f8bb
      195695000	     19470	80006232	9e936793	ori	x15,x6,-1559	  x6:0x00000000 x15=0xfffff9e9
      195705000	     19471	80006236	04f2	c.slli	x9,0x1c	  x9:0x00000000  x9=0x00000000
      195715000	     19472	80006238	01f50633	add	x12,x10,x31	 x10:0xe0008782 x31:0xffffffff x12=0xe0008781
      195725000	     19473	8000623c	6109	c.addi16sp	x2,128	  x2:0xf11ed4dd  x2=0xf11ed55d
      195735000	     19474	8000623e	e901	c.bnez	x10,8000624e	 x10:0xe0008782
      195755000	     19476	8000624e	8e49	c.or	x12,x10	 x12:0xe0008781 x10:0xe0008782 x12=0xe0008783
      195765000	     19477	80006250	41cfd8b3	sra	x17,x31,x28	 x31:0xffffffff x28:0xfaeb9c09 x17=0xffffffff
      195775000	     19478	80006254	717d	c.addi16sp	x2,-16	  x2:0xf11ed55d  x2=0xf11ed54d
      196145000	     19515	80006256	0258e4b3	rem	x9,x17,x5	 x17:0xffffffff  x5:0x00000001  x9=0x00000000
      196155000	     19516	8000625a	0049ac83	lw	x25,4(x19)	 x19:0x80021e24 x25=0x800034fe PA:0x80021e28 load:0x800034fe
      196195000	     19520	8000625e	039e8833	mul	x16,x29,x25	 x29:0x00000000 x25:0x800034fe x16=0x00000000
      196205000	     19521	80006262	04098993	addi	x19,x19,64	 x19:0x80021e24 x19=0x80021e64
      196215000	     19522	80006266	8e21	c.xor	x12,x8	 x12:0xe0008783  x8:0xfffffffe x12=0x1fff787d
      196225000	     19523	80006268	001c8a13	addi	x20,x25,1	 x25:0x800034fe x20=0x800034ff
      196235000	     19524	8000626c	9a02	c.jalr	x20	 x20:0x800034ff  x1=0x8000626e
      196255000	     19526	800034fe	8d5d	c.or	x10,x15	 x10:0xe0008782 x15:0xfffff9e9 x10=0xffffffeb
      196265000	     19527	80003500	417f8e33	sub	x28,x31,x23	 x31:0xffffffff x23:0x00000000 x28=0xffffffff
      196275000	     19528	80003504	01569eb3	sll	x29,x13,x21	 x13:0x00000000 x21:0xfffffffe x29=0x00000000
      196285000	     19529	80003508	8f89	c.sub	x15,x10	 x15:0xfffff9e9 x10:0xffffffeb x15=0xfffff9fe
      196295000	     19530	8000350a	00e14f33	xor	x30,x2,x14	  x2:0xf11ed54d x14:0x0edd2af0 x30=0xffc3ffbd
      196665000	     19567	8000350e	03e7e7b3	rem	x15,x15,x30	 x15:0xfffff9fe x30:0xffc3ffbd x15=0xfffff9fe
      196675000	     19568	80003512	8df1	c.and	x11,x12	 x11:0x00000000 x12:0x1fff787d x11=0x00000000
      196685000	     19569	80003514	02d24263	blt	x4,x13,80003538	  x4:0xffffffff x13:0x00000000
      196705000	     19571	80003538	00ba08b3	add	x17,x20,x11	 x20:0x800034ff x11:0x00000000 x17=0x800034ff
      196715000	     19572	8000353c	00e3f7b3	and	x15,x7,x14	  x7:0xfaeb9c09 x14:0x0edd2af0 x15=0x0ac90800
      196725000	     19573	80003540	01ca5793	srli	x15,x20,0x1c	 x20:0x800034ff x15=0x00000008
      196735000	     19574	80003544	ce0dff93	andi	x31,x27,-800	 x27:0x00000000 x31=0x00000000
      196745000	     19575	80003548	01223633	sltu	x12,x4,x18	  x4:0xffffffff x18:0x62c40000 x12=0x00000000
      196755000	     19576	8000354c	17fd	c.addi	x15,-1	 x15:0x00000008 x15=0x00000007
      196765000	     19577	8000354e	01909113	slli	x2,x1,0x19	  x1:0x8000626e  x2=0xdc000000
      196775000	     19578	80003552	008fb5b3	sltu	x11,x31,x8	 x31:0x00000000  x8:0xfffffffe x11=0x00000001
      196785000	     19579	80003556	7011e193	ori	x3,x3,1793	  x3:0xfffffffa  x3=0xfffffffb
      196795000	     19580	8000355a	6445	c.lui	x8,0x11	  x8=0x00011000
      196805000	     19581	8000355c	009e4eb3	xor	x29,x28,x9	 x28:0xffffffff  x9:0x00000000 x29=0xffffffff
      196815000	     19582	80003560	4825	c.li	x16,9	 x16=0x00000009
      196825000	     19583	80003562	02c7de63	bge	x15,x12,8000359e	 x15:0x00000007 x12:0x00000000
      196855000	     19586	8000359e	01505a63	bge	x0,x21,800035b2	  x0:0x00000000 x21:0xfffffffe
      196875000	     19588	800035b2	0cca	c.slli	x25,0x12	 x25:0x800034fe x25=0xd3f80000
      196885000	     19589	800035b4	004ffd63	bgeu	x31,x4,800035ce	 x31:0x00000000  x4:0xffffffff
      196895000	     19590	800035b8	7db42137	lui	x2,0x7db42	  x2=0x7db42000
      196905000	     19591	800035bc	8e35	c.xor	x12,x13	 x12:0x00000000 x13:0x00000000 x12=0x00000000
      196915000	     19592	800035be	a041eb13	ori	x22,x3,-1532	  x3:0xfffffffb x22=0xffffffff
      196925000	     19593	800035c2	ecca7093	andi	x1,x20,-308	 x20:0x800034ff  x1=0x800034cc
      196935000	     19594	800035c6	41e98633	sub	x12,x19,x30	 x19:0x80021e64 x30:0xffc3ffbd x12=0x803e1ea7
      196945000	     19595	800035ca	82f5	c.srli	x13,0x1d	 x13:0x00000000 x13=0x00000000
      196955000	     19596	800035cc	1a08	c.addi4spn	x10,x2,304	 x10=0x7db42130
      196965000	     19597	800035ce	00959ab3	sll	x21,x11,x9	 x11:0x00000001  x9:0x00000000 x21=0x00000001
      196975000	     19598	800035d2	001ca933	slt	x18,x25,x1	 x25:0xd3f80000  x1:0x800034cc x18=0x00000000
      196985000	     19599	800035d6	0001	c.addi	x0,0	  x0:0x00000000  x0=0x00000000
      196995000	     19600	800035d8	00db0763	beq	x22,x13,800035e6	 x22:0xffffffff x13:0x00000000
      197005000	     19601	800035dc	8f2d	c.xor	x14,x11	 x14:0x0edd2af0 x11:0x00000001 x14=0x0edd2af1
      197015000	     19602	800035de	0ff0000f	fence	iorw,iorw	
      197025000	     19603	800035e2	01227733	and	x14,x4,x18	  x4:0xffffffff x18:0x00000000 x14=0x00000000
      197035000	     19604	800035e6	9e38b893	sltiu	x17,x17,-1565	 x17:0x800034ff x17=0x00000001
      197045000	     19605	800035ea	9bda	c.add	x23,x22	 x23:0x00000000 x22:0xffffffff x23=0xffffffff
      197415000	     19642	800035ec	039adf33	divu	x30,x21,x25	 x21:0x00000001 x25:0xd3f80000 x30=0x00000000
      197425000	     19643	800035f0	0217e863	bltu	x15,x1,80003620	 x15:0x00000007  x1:0x800034cc
      197465000	     19647	80003620	02b40db3	mul	x27,x8,x11	  x8:0x00011000 x11:0x00000001 x27=0x00011000
      197475000	     19648	80003624	631d	c.lui	x6,0x7	  x6=0x00007000
      197485000	     19649	80003626	0001	c.addi	x0,0	  x0:0x00000000  x0=0x00000000
      197495000	     19650	80003628	95f83593	sltiu	x11,x16,-1697	 x16:0x00000009 x11=0x00000001
      197525000	     19653	8000362c	03120a33	mul	x20,x4,x17	  x4:0xffffffff x17:0x00000001 x20=0xffffffff
      197535000	     19654	80003630	40d5d693	srai	x13,x11,0xd	 x11:0x00000001 x13=0x00000000
      197545000	     19655	80003634	92c27e13	andi	x28,x4,-1748	  x4:0xffffffff x28=0xfffff92c
      197555000	     19656	80003638	00134e33	xor	x28,x6,x1	  x6:0x00007000  x1:0x800034cc x28=0x800044cc
      197565000	     19657	8000363c	6119	c.addi16sp	x2,384	  x2:0x7db42000  x2=0x7db42180
      197605000	     19661	8000363e	0224afb3	mulhsu	x31,x9,x2	  x9:0x00000000  x2:0x7db42180 x31=0x00000000
      197635000	     19664	80003642	029e8533	mul	x10,x29,x9	 x29:0xffffffff  x9:0x00000000 x10=0x00000000
      197645000	     19665	80003646	8fb9	c.xor	x15,x14	 x15:0x00000007 x14:0x00000000 x15=0x00000007
      197655000	     19666	80003648	1880	c.addi4spn	x8,x2,112	  x8=0x7db421f0
      197665000	     19667	8000364a	e411	c.bnez	x8,80003656	  x8:0x7db421f0
      198055000	     19706	80003656	021ddcb3	divu	x25,x27,x1	 x27:0x00011000  x1:0x800034cc x25=0x00000000
      198065000	     19707	8000365a	01f7c833	xor	x16,x15,x31	 x15:0x00000007 x31:0x00000000 x16=0x00000007
      198435000	     19744	8000365e	02cb60b3	rem	x1,x22,x12	 x22:0xffffffff x12:0x803e1ea7  x1=0xffffffff
      198445000	     19745	80003662	002185b3	add	x11,x3,x2	  x3:0xfffffffb  x2:0x7db42180 x11=0x7db4217b
      198455000	     19746	80003666	01096fb3	or	x31,x18,x16	 x18:0x00000000 x16:0x00000007 x31=0x00000007
      198465000	     19747	8000366a	1e94	c.addi4spn	x13,x2,880	 x13=0x7db424f0
      198505000	     19751	8000366c	03942cb3	mulhsu	x25,x8,x25	  x8:0x7db421f0 x25:0x00000000 x25=0x00000000
      198515000	     19752	80003670	0000100f	fence.i	
      198535000	     19754	80003674	41055113	srai	x2,x10,0x10	 x10:0x00000000  x2=0x00000000
      198545000	     19755	80003678	00ef00b3	add	x1,x30,x14	 x30:0x00000000 x14:0x00000000  x1=0x00000000
      198555000	     19756	8000367c	1cfd	c.addi	x25,-1	 x25:0x00000000 x25=0xffffffff
      198565000	     19757	8000367e	0133a733	slt	x14,x7,x19	  x7:0xfaeb9c09 x19:0x80021e64 x14=0x00000000
      198575000	     19758	80003682	0498	c.addi4spn	x14,x2,576	 x14=0x00000240
      198585000	     19759	80003684	6111	c.addi16sp	x2,256	  x2:0x00000000  x2=0x00000100
      198595000	     19760	80003686	83ad	c.srli	x15,0xb	 x15:0x00000007 x15=0x00000000
      198605000	     19761	80003688	c601	c.beqz	x12,80003690	 x12:0x803e1ea7
      198615000	     19762	8000368a	8ed1	c.or	x13,x12	 x13:0x7db424f0 x12:0x803e1ea7 x13=0xfdbe3ef7
      198655000	     19766	8000368c	022cb633	mulhu	x12,x25,x2	 x25:0xffffffff  x2:0x00000100 x12=0x000000ff
      198665000	     19767	80003690	717d	c.addi16sp	x2,-16	  x2:0x00000100  x2=0x000000f0
      198705000	     19771	80003692	02752db3	mulhsu	x27,x10,x7	 x10:0x00000000  x7:0xfaeb9c09 x27=0x00000000
      198715000	     19772	80003696	0a08	c.addi4spn	x10,x2,272	 x10=0x00000200
      198725000	     19773	80003698	02ade663	bltu	x27,x10,800036c4	 x27:0x00000000 x10:0x00000200
      198745000	     19775	800036c4	0004af33	slt	x30,x9,x0	  x9:0x00000000  x0:0x00000000 x30=0x00000000
      198785000	     19779	800036c8	02a41333	mulh	x6,x8,x10	  x8:0x7db421f0 x10:0x00000200  x6=0x000000fb
      198795000	     19780	800036cc	0000100f	fence.i	
      198815000	     19782	800036d0	3b303a37	lui	x20,0x3b303	 x20=0x3b303000
      198825000	     19783	800036d4	00880b33	add	x22,x16,x8	 x16:0x00000007  x8:0x7db421f0 x22=0x7db421f7
      198835000	     19784	800036d8	ec99	c.bnez	x9,800036f6	  x9:0x00000000
      199205000	     19821	800036da	034e45b3	div	x11,x28,x20	 x28:0x800044cc x20:0x3b303000 x11=0xfffffffe
      199215000	     19822	800036de	0ff0000f	fence	iorw,iorw	
      199225000	     19823	800036e2	0504	c.addi4spn	x9,x2,640	  x9=0x00000370
      199235000	     19824	800036e4	8ca9	c.xor	x9,x10	  x9:0x00000370 x10:0x00000200  x9=0x00000170
      199245000	     19825	800036e6	8289	c.srli	x13,0x2	 x13:0xfdbe3ef7 x13=0x3f6f8fbd
      199255000	     19826	800036e8	0001	c.addi	x0,0	  x0:0x00000000  x0=0x00000000
      199265000	     19827	800036ea	6161	c.addi16sp	x2,80	  x2:0x000000f0  x2=0x00000140
      199275000	     19828	800036ec	4b25	c.li	x22,9	 x22=0x00000009
      199285000	     19829	800036ee	c4a13c93	sltiu	x25,x2,-950	  x2:0x00000140 x25=0x00000001
      199655000	     19866	800036f2	02ed6cb3	rem	x25,x26,x14	 x26:0x80025ce4 x14:0x00000240 x25=0xffffff24
      199665000	     19867	800036f6	e619	c.bnez	x12,80003704	 x12:0x000000ff
      199685000	     19869	80003704	0056fbb3	and	x23,x13,x5	 x13:0x3f6f8fbd  x5:0x00000001 x23=0x00000001
      199695000	     19870	80003708	01fcfbb3	and	x23,x25,x31	 x25:0xffffff24 x31:0x00000007 x23=0x00000004
      199705000	     19871	8000370c	0ef6	c.slli	x29,0x1d	 x29:0xffffffff x29=0xe0000000
      199715000	     19872	8000370e	ea09	c.bnez	x12,80003720	 x12:0x000000ff
      199735000	     19874	80003720	e409	c.bnez	x8,8000372a	  x8:0x7db421f0
      200125000	     19913	8000372a	0255fa33	remu	x20,x11,x5	 x11:0xfffffffe  x5:0x00000001 x20=0x00000000
      200135000	     19914	8000372e	001e0663	beq	x28,x1,8000373a	 x28:0x800044cc  x1:0x00000000
      200155000	     19916	80003732	03bd4533	div	x10,x26,x27	 x26:0x80025ce4 x27:0x00000000 x10=0xffffffff
      200165000	     19917	80003736	717d	c.addi16sp	x2,-16	  x2:0x00000140  x2=0x00000130
      200175000	     19918	80003738	8e85	c.sub	x13,x9	 x13:0x3f6f8fbd  x9:0x00000170 x13=0x3f6f8e4d
      200185000	     19919	8000373a	021bc163	blt	x23,x1,8000375c	 x23:0x00000004  x1:0x00000000
      200195000	     19920	8000373e	01554db3	xor	x27,x10,x21	 x10:0xffffffff x21:0x00000001 x27=0xfffffffe
      200205000	     19921	80003742	14fd	c.addi	x9,-1	  x9:0x00000170  x9=0x0000016f
      200215000	     19922	80003744	67ad	c.lui	x15,0xb	 x15=0x0000b000
      200225000	     19923	80003746	009e88b3	add	x17,x29,x9	 x29:0xe0000000  x9:0x0000016f x17=0xe000016f
      200235000	     19924	8000374a	2d318b93	addi	x23,x3,723	  x3:0xfffffffb x23=0x000002ce
      200265000	     19927	8000374e	020d0fb3	mul	x31,x26,x0	 x26:0x80025ce4  x0:0x00000000 x31=0x00000000
      200275000	     19928	80003752	00fb32b3	sltu	x5,x22,x15	 x22:0x00000009 x15:0x0000b000  x5=0x00000001
      200285000	     19929	80003756	0106d293	srli	x5,x13,0x10	 x13:0x3f6f8e4d  x5=0x00003f6f
      200295000	     19930	8000375a	1880	c.addi4spn	x8,x2,112	  x8=0x000001a0
      200305000	     19931	8000375c	8efe	c.mv	x29,x31	  x0:0x00000000 x31:0x00000000 x29=0x00000000
      200315000	     19932	8000375e	91524313	xori	x6,x4,-1771	  x4:0xffffffff  x6=0x000006ea
      200325000	     19933	80003762	e51d	c.bnez	x10,80003790	 x10:0xffffffff
      200365000	     19937	80003790	02e50bb3	mul	x23,x10,x14	 x10:0xffffffff x14:0x00000240 x23=0xfffffdc0
      200405000	     19941	80003794	02301f33	mulh	x30,x0,x3	  x0:0x00000000  x3:0xfffffffb x30=0x00000000
      200415000	     19942	80003798	000ae333	or	x6,x21,x0	 x21:0x00000001  x0:0x00000000  x6=0x00000001
      200425000	     19943	8000379c	6c61	c.lui	x24,0x18	 x24=0x00018000
      200435000	     19944	8000379e	8da1	c.xor	x11,x8	 x11:0xfffffffe  x8:0x000001a0 x11=0xfffffe5e
      200445000	     19945	800037a0	fa32b513	sltiu	x10,x5,-93	  x5:0x00003f6f x10=0x00000001
      200455000	     19946	800037a4	690d	c.lui	x18,0x3	 x18=0x00003000
      200465000	     19947	800037a6	8fd9	c.or	x15,x14	 x15:0x0000b000 x14:0x00000240 x15=0x0000b240
      200475000	     19948	800037a8	00c2	c.slli	x1,0x10	  x1:0x00000000  x1=0x00000000
      200485000	     19949	800037aa	0ff0000f	fence	iorw,iorw	
      200495000	     19950	800037ae	0b3e	c.slli	x22,0xf	 x22:0x00000009 x22=0x00048000
      200535000	     19954	800037b0	024bb0b3	mulhu	x1,x23,x4	 x23:0xfffffdc0  x4:0xffffffff  x1=0xfffffdbf
      200575000	     19958	800037b4	021fa633	mulhsu	x12,x31,x1	 x31:0x00000000  x1:0xfffffdbf x12=0x00000000
      200585000	     19959	800037b8	8c89	c.sub	x9,x10	  x9:0x0000016f x10:0x00000001  x9=0x0000016e
      200595000	     19960	800037ba	01af3433	sltu	x8,x30,x26	 x30:0x00000000 x26:0x80025ce4  x8=0x00000001
      200605000	     19961	800037be	0001	c.addi	x0,0	  x0:0x00000000  x0=0x00000000
      200615000	     19962	800037c0	0000100f	fence.i	
      200635000	     19964	800037c4	3c3f3593	sltiu	x11,x30,963	 x30:0x00000000 x11=0x00000001
      200645000	     19965	800037c8	8c11	c.sub	x8,x12	  x8:0x00000001 x12:0x00000000  x8=0x00000001
      200655000	     19966	800037ca	0372	c.slli	x6,0x1c	  x6:0x00000001  x6=0x10000000
      200665000	     19967	800037cc	2f0e7c13	andi	x24,x28,752	 x28:0x800044cc x24=0x000000c0
      200675000	     19968	800037d0	152ae113	ori	x2,x21,338	 x21:0x00000001  x2=0x00000153
      200685000	     19969	800037d4	8539	c.srai	x10,0xe	 x10:0x00000001 x10=0x00000000
      200695000	     19970	800037d6	841d	c.srai	x8,0x7	  x8:0x00000001  x8=0x00000000
      200705000	     19971	800037d8	8e81	c.sub	x13,x8	 x13:0x3f6f8e4d  x8:0x00000000 x13=0x3f6f8e4d
      200715000	     19972	800037da	000dacb3	slt	x25,x27,x0	 x27:0xfffffffe  x0:0x00000000 x25=0x00000001
      200725000	     19973	800037de	fcfc4a37	lui	x20,0xfcfc4	 x20=0xfcfc4000
      200735000	     19974	800037e2	e83f7113	andi	x2,x30,-381	 x30:0x00000000  x2=0x00000000
      200745000	     19975	800037e6	0001	c.addi	x0,0	  x0:0x00000000  x0=0x00000000
      200755000	     19976	800037e8	419c5e13	srai	x28,x24,0x19	 x24:0x000000c0 x28=0x00000000
      200765000	     19977	800037ec	8659	c.srai	x12,0x16	 x12:0x00000000 x12=0x00000000
      200775000	     19978	800037ee	0000100f	fence.i	
      200795000	     19980	800037f2	6105	c.addi16sp	x2,32	  x2:0x00000000  x2=0x00000020
      200835000	     19984	800037f4	03e590b3	mulh	x1,x11,x30	 x11:0x00000001 x30:0x00000000  x1=0x00000000
      200845000	     19985	800037f8	00e30833	add	x16,x6,x14	  x6:0x10000000 x14:0x00000240 x16=0x10000240
      201215000	     20022	800037fc	024260b3	rem	x1,x4,x4	  x4:0xffffffff  x4:0xffffffff  x1=0x00000000
      201225000	     20023	80003800	ebbe8b93	addi	x23,x29,-325	 x29:0x00000000 x23=0xfffffebb
      201235000	     20024	80003804	016a1e33	sll	x28,x20,x22	 x20:0xfcfc4000 x22:0x00048000 x28=0xfcfc4000
      201245000	     20025	80003808	eb91	c.bnez	x15,8000381c	 x15:0x0000b240
      201265000	     20027	8000381c	82f9	c.srli	x13,0x1e	 x13:0x3f6f8e4d x13=0x00000000
      201275000	     20028	8000381e	8559	c.srai	x10,0x16	 x10:0x00000000 x10=0x00000000
      201285000	     20029	80003820	6bbd	c.lui	x23,0xf	 x23=0x0000f000
      201295000	     20030	80003822	8d49	c.or	x10,x10	 x10:0x00000000 x10:0x00000000 x10=0x00000000
      201335000	     20034	80003824	03f2ba33	mulhu	x20,x5,x31	  x5:0x00003f6f x31:0x00000000 x20=0x00000000
      201345000	     20035	80003828	00bd9593	slli	x11,x27,0xb	 x27:0xfffffffe x11=0xfffff000
      201355000	     20036	8000382c	1e9c	c.addi4spn	x15,x2,880	 x15=0x00000390
      201365000	     20037	8000382e	0305	c.addi	x6,1	  x6:0x10000000  x6=0x10000001
      201375000	     20038	80003830	413c8b33	sub	x22,x25,x19	 x25:0x00000001 x19:0x80021e64 x22=0x7ffde19d
      201385000	     20039	80003834	012b5eb3	srl	x29,x22,x18	 x22:0x7ffde19d x18:0x00003000 x29=0x7ffde19d
      201395000	     20040	80003838	00d81633	sll	x12,x16,x13	 x16:0x10000240 x13:0x00000000 x12=0x10000240
      201405000	     20041	8000383c	049d5063	bge	x26,x9,8000387c	 x26:0x80025ce4  x9:0x0000016e
      201415000	     20042	80003840	0315fa63	bgeu	x11,x17,80003874	 x11:0xfffff000 x17:0xe000016f
      201445000	     20045	80003874	02d6c0b3	div	x1,x13,x13	 x13:0x00000000 x13:0x00000000  x1=0xffffffff
      201455000	     20046	80003878	418ad013	srai	x0,x21,0x18	 x21:0x00000001  x0=0x00000000
      201465000	     20047	8000387c	03dde463	bltu	x27,x29,800038a4	 x27:0xfffffffe x29:0x7ffde19d
      201495000	     20050	80003880	03d38ab3	mul	x21,x7,x29	  x7:0xfaeb9c09 x29:0x7ffde19d x21=0xa2879a85
      201505000	     20051	80003884	0001	c.addi	x0,0	  x0:0x00000000  x0=0x00000000
      201515000	     20052	80003886	02cf6563	bltu	x30,x12,800038b0	 x30:0x00000000 x12:0x10000240
      201535000	     20054	800038b0	03d6c463	blt	x13,x29,800038d8	 x13:0x00000000 x29:0x7ffde19d
      201555000	     20056	800038d8	0375ed63	bltu	x11,x23,80003912	 x11:0xfffff000 x23:0x0000f000
      201565000	     20057	800038dc	8c52	c.mv	x24,x20	  x0:0x00000000 x20:0x00000000 x24=0x00000000
      201585000	     20059	800038de	03fc4733	div	x14,x24,x31	 x24:0x00000000 x31:0x00000000 x14=0xffffffff
      201595000	     20060	800038e2	364dab13	slti	x22,x27,868	 x27:0xfffffffe x22=0x00000001
      201615000	     20062	800038e6	020fcfb3	div	x31,x31,x0	 x31:0x00000000  x0:0x00000000 x31=0xffffffff
      201625000	     20063	800038ea	8cde	c.mv	x25,x23	  x0:0x00000000 x23:0x0000f000 x25=0x0000f000
      201635000	     20064	800038ec	dfb7de37	lui	x28,0xdfb7d	 x28=0xdfb7d000
      201645000	     20065	800038f0	00dc6233	or	x4,x24,x13	 x24:0x00000000 x13:0x00000000  x4=0x00000000
      201655000	     20066	800038f4	8e183b93	sltiu	x23,x16,-1823	 x16:0x10000240 x23=0x00000001
      201665000	     20067	800038f8	0030e263	bltu	x1,x3,800038fc	  x1:0xffffffff  x3:0xfffffffb
      201675000	     20068	800038fc	8bc6	c.mv	x23,x17	  x0:0x00000000 x17:0xe000016f x23=0xe000016f
      201685000	     20069	800038fe	41eb5c33	sra	x24,x22,x30	 x22:0x00000001 x30:0x00000000 x24=0x00000001
      201695000	     20070	80003902	021d7263	bgeu	x26,x1,80003926	 x26:0x80025ce4  x1:0xffffffff
      201705000	     20071	80003906	01653633	sltu	x12,x10,x22	 x10:0x00000000 x22:0x00000001 x12=0x00000001
      201715000	     20072	8000390a	169c	c.addi4spn	x15,x2,864	 x15=0x00000380
      201725000	     20073	8000390c	01c19e33	sll	x28,x3,x28	  x3:0xfffffffb x28:0xdfb7d000 x28=0xfffffffb
      201735000	     20074	80003910	9422	c.add	x8,x8	  x8:0x00000000  x8:0x00000000  x8=0x00000000
      201745000	     20075	80003912	039a6f63	bltu	x20,x25,80003950	 x20:0x00000000 x25:0x0000f000
      201765000	     20077	80003950	90bae213	ori	x4,x21,-1781	 x21:0xa2879a85  x4=0xfffffb8f
      201775000	     20078	80003954	019e6763	bltu	x28,x25,80003962	 x28:0xfffffffb x25:0x0000f000
      201785000	     20079	80003958	408d0433	sub	x8,x26,x8	 x26:0x80025ce4  x8:0x00000000  x8=0x80025ce4
      201795000	     20080	8000395c	841d	c.srai	x8,0x7	  x8:0x80025ce4  x8=0xff0004b9
      201805000	     20081	8000395e	01214863	blt	x2,x18,8000396e	  x2:0x00000020 x18:0x00003000
      201835000	     20084	8000396e	035c5a63	bge	x24,x21,800039a2	 x24:0x00000001 x21:0xa2879a85
      201855000	     20086	800039a2	87f1	c.srai	x15,0x1c	 x15:0x00000380 x15=0x00000000
      201865000	     20087	800039a4	010836b3	sltu	x13,x16,x16	 x16:0x10000240 x16:0x10000240 x13=0x00000000
      201875000	     20088	800039a8	0001	c.addi	x0,0	  x0:0x00000000  x0=0x00000000
      201885000	     20089	800039aa	36a64313	xori	x6,x12,874	 x12:0x00000001  x6=0x0000036b
      201895000	     20090	800039ae	8aa6	c.mv	x21,x9	  x0:0x00000000  x9:0x0000016e x21=0x0000016e
      201905000	     20091	800039b0	4147da33	sra	x20,x15,x20	 x15:0x00000000 x20:0x00000000 x20=0x00000000
      202275000	     20128	800039b4	027660b3	rem	x1,x12,x7	 x12:0x00000001  x7:0xfaeb9c09  x1=0x00000001
      202285000	     20129	800039b8	4c29	c.li	x24,10	 x24=0x0000000a
      202305000	     20131	800039ba	0209f733	remu	x14,x19,x0	 x19:0x80021e64  x0:0x00000000 x14=0x80021e64
      202315000	     20132	800039be	45b9	c.li	x11,14	 x11=0x0000000e
      202325000	     20133	800039c0	0236c763	blt	x13,x3,800039ee	 x13:0x00000000  x3:0xfffffffb
      202335000	     20134	800039c4	8a5d	c.andi	x12,23	 x12:0x00000001 x12=0x00000001
      202345000	     20135	800039c6	0309	c.addi	x6,2	  x6:0x0000036b  x6=0x0000036d
      202355000	     20136	800039c8	04b0c413	xori	x8,x1,75	  x1:0x00000001  x8=0x0000004a
      202365000	     20137	800039cc	0146c663	blt	x13,x20,800039d8	 x13:0x00000000 x20:0x00000000
      202375000	     20138	800039d0	005c9c63	bne	x25,x5,800039e8	 x25:0x0000f000  x5:0x00003f6f
      202395000	     20140	800039e8	1afd	c.addi	x21,-1	 x21:0x0000016e x21=0x0000016d
      202405000	     20141	800039ea	00ba6f63	bltu	x20,x11,80003a08	 x20:0x00000000 x11:0x0000000e
      202455000	     20146	80003a08	0205bab3	mulhu	x21,x11,x0	 x11:0x0000000e  x0:0x00000000 x21=0x00000000
      202475000	     20148	80003a0c	020664b3	rem	x9,x12,x0	 x12:0x00000001  x0:0x00000000  x9=0x00000001
      202485000	     20149	80003a10	6b8d	c.lui	x23,0x3	 x23=0x00003000
      202495000	     20150	80003a12	58fd	c.li	x17,-1	 x17=0xffffffff
      202505000	     20151	80003a14	81e5	c.srli	x11,0x19	 x11:0x0000000e x11=0x00000000
      202515000	     20152	80003a16	007cfa33	and	x20,x25,x7	 x25:0x0000f000  x7:0xfaeb9c09 x20=0x00009000
      202885000	     20189	80003a1a	03dfe133	rem	x2,x31,x29	 x31:0xffffffff x29:0x7ffde19d  x2=0xffffffff
      203255000	     20226	80003a1e	02986db3	rem	x27,x16,x9	 x16:0x10000240  x9:0x00000001 x27=0x00000000
      203265000	     20227	80003a22	6e9d	c.lui	x29,0x7	 x29=0x00007000
      203275000	     20228	80003a24	96afaa93	slti	x21,x31,-1686	 x31:0xffffffff x21=0x00000000
      203285000	     20229	80003a28	0000100f	fence.i	
      203305000	     20231	80003a2c	1400	c.addi4spn	x8,x2,544	  x8=0x0000021f
      203315000	     20232	80003a2e	faa26293	ori	x5,x4,-86	  x4:0xfffffb8f  x5=0xffffffaf
      203325000	     20233	80003a32	40e35613	srai	x12,x6,0xe	  x6:0x0000036d x12=0x00000000
      203335000	     20234	80003a36	2139b813	sltiu	x16,x19,531	 x19:0x80021e64 x16=0x00000000
      203345000	     20235	80003a3a	8e9d	c.sub	x13,x15	 x13:0x00000000 x15:0x00000000 x13=0x00000000
      203355000	     20236	80003a3c	02eb0663	beq	x22,x14,80003a68	 x22:0x00000001 x14:0x80021e64
      203365000	     20237	80003a40	6a25	c.lui	x20,0x9	 x20=0x00009000
      203375000	     20238	80003a42	409ad793	srai	x15,x21,0x9	 x21:0x00000000 x15=0x00000000
      203745000	     20275	80003a46	039f5eb3	divu	x29,x30,x25	 x30:0x00000000 x25:0x0000f000 x29=0x00000000
      203755000	     20276	80003a4a	8d75	c.and	x10,x13	 x10:0x00000000 x13:0x00000000 x10=0x00000000
      203765000	     20277	80003a4c	8c65	c.and	x8,x9	  x8:0x0000021f  x9:0x00000001  x8=0x00000001
      203775000	     20278	80003a4e	8075	c.srli	x8,0x1d	  x8:0x00000001  x8=0x00000000
      203785000	     20279	80003a50	0002ef33	or	x30,x5,x0	  x5:0xffffffaf  x0:0x00000000 x30=0xffffffaf
      203795000	     20280	80003a54	e515	c.bnez	x10,80003a80	 x10:0x00000000
      203805000	     20281	80003a56	36559f17	auipc	x30,0x36559	 x30=0xb655ca56
      203815000	     20282	80003a5a	01bb58b3	srl	x17,x22,x27	 x22:0x00000001 x27:0x00000000 x17=0x00000001
      203825000	     20283	80003a5e	00facb63	blt	x21,x15,80003a74	 x21:0x00000000 x15:0x00000000
      203835000	     20284	80003a62	e405	c.bnez	x8,80003a8a	  x8:0x00000000
      203875000	     20288	80003a64	037ca633	mulhsu	x12,x25,x23	 x25:0x0000f000 x23:0x00003000 x12=0x00000000
      203915000	     20292	80003a68	033cb333	mulhu	x6,x25,x19	 x25:0x0000f000 x19:0x80021e64  x6=0x00007801
      204285000	     20329	80003a6c	0310e433	rem	x8,x1,x17	  x1:0x00000001 x17:0x00000001  x8=0x00000000
      204295000	     20330	80003a70	fce06293	ori	x5,x0,-50	  x0:0x00000000  x5=0xffffffce
      204305000	     20331	80003a74	1b10	c.addi4spn	x12,x2,432	 x12=0x000001af
      204675000	     20368	80003a76	034ed6b3	divu	x13,x29,x20	 x29:0x00000000 x20:0x00009000 x13=0x00000000
      204685000	     20369	80003a7a	9c5ff293	andi	x5,x31,-1595	 x31:0xffffffff  x5=0xfffff9c5
      204695000	     20370	80003a7e	9b56	c.add	x22,x21	 x22:0x00000001 x21:0x00000000 x22=0x00000001
      204705000	     20371	80003a80	f1cdbbb7	lui	x23,0xf1cdb	 x23=0xf1cdb000
      204735000	     20374	80003a84	029288b3	mul	x17,x5,x9	  x5:0xfffff9c5  x9:0x00000001 x17=0xfffff9c5
      204745000	     20375	80003a88	8c19	c.sub	x8,x14	  x8:0x00000000 x14:0x80021e64  x8=0x7ffde19c
      204755000	     20376	80003a8a	c38d	c.beqz	x15,80003aac	 x15:0x00000000
      204775000	     20378	80003aac	01ea1463	bne	x20,x30,80003ab4	 x20:0x00009000 x30:0xb655ca56
      204795000	     20380	80003ab4	9ac2	c.add	x21,x16	 x21:0x00000000 x16:0x00000000 x21=0x00000000
      204805000	     20381	80003ab6	0079d493	srli	x9,x19,0x7	 x19:0x80021e64  x9=0x0100043c
      204815000	     20382	80003aba	019f5f63	bge	x30,x25,80003ad8	 x30:0xb655ca56 x25:0x0000f000
      204825000	     20383	80003abe	01fe7c33	and	x24,x28,x31	 x28:0xfffffffb x31:0xffffffff x24=0xfffffffb
      204835000	     20384	80003ac2	fb9a7697	auipc	x13,0xfb9a7	 x13=0x7b9aaac2
      204845000	     20385	80003ac6	0ff0000f	fence	iorw,iorw	
      204855000	     20386	80003aca	60657613	andi	x12,x10,1542	 x10:0x00000000 x12=0x00000000
      204865000	     20387	80003ace	0ded	c.addi	x27,27	 x27:0x00000000 x27=0x0000001b
      204875000	     20388	80003ad0	05859463	bne	x11,x24,80003b18	 x11:0x00000000 x24:0xfffffffb
      204895000	     20390	80003b18	e1bf08b7	lui	x17,0xe1bf0	 x17=0xe1bf0000
      204905000	     20391	80003b1c	83f5	c.srli	x15,0x1d	 x15:0x00000000 x15=0x00000000
      204915000	     20392	80003b1e	0003e863	bltu	x7,x0,80003b2e	  x7:0xfaeb9c09  x0:0x00000000
      204925000	     20393	80003b22	012fe733	or	x14,x31,x18	 x31:0xffffffff x18:0x00003000 x14=0xffffffff
      204935000	     20394	80003b26	0000100f	fence.i	
      204965000	     20397	80003b2a	01e19513	slli	x10,x3,0x1e	  x3:0xfffffffb x10=0xc0000000
      204975000	     20398	80003b2e	00c7a1b3	slt	x3,x15,x12	 x15:0x00000000 x12:0x00000000  x3=0x00000000
      205345000	     20435	80003b32	032af133	remu	x2,x21,x18	 x21:0x00000000 x18:0x00003000  x2=0x00000000
      205355000	     20436	80003b36	00ab1f13	slli	x30,x22,0xa	 x22:0x00000001 x30=0x00000400
      205725000	     20473	80003b3a	03ec6fb3	rem	x31,x24,x30	 x24:0xfffffffb x30:0x00000400 x31=0xfffffffb
      205735000	     20474	80003b3e	417f82b3	sub	x5,x31,x23	 x31:0xfffffffb x23:0xf1cdb000  x5=0x0e324ffb
      205745000	     20475	80003b42	cead3513	sltiu	x10,x26,-790	 x26:0x80025ce4 x10=0x00000001
      205755000	     20476	80003b46	a4167713	andi	x14,x12,-1471	 x12:0x00000000 x14=0x00000000
      205765000	     20477	80003b4a	717d	c.addi16sp	x2,-16	  x2:0x00000000  x2=0xfffffff0
      205775000	     20478	80003b4c	e39d	c.bnez	x15,80003b72	 x15:0x00000000
      205785000	     20479	80003b4e	84a1	c.srai	x9,0x8	  x9:0x0100043c  x9=0x00010004
      205795000	     20480	80003b50	8389	c.srli	x15,0x2	 x15:0x00000000 x15=0x00000000
      205805000	     20481	80003b52	6e21	c.lui	x28,0x8	 x28=0x00008000
      205835000	     20484	80003b54	03be0233	mul	x4,x28,x27	 x28:0x00008000 x27:0x0000001b  x4=0x000d8000
      205875000	     20488	80003b58	0220b833	mulhu	x16,x1,x2	  x1:0x00000001  x2:0xfffffff0 x16=0x00000000
      205885000	     20489	80003b5c	00e61e33	sll	x28,x12,x14	 x12:0x00000000 x14:0x00000000 x28=0x00000000
      205895000	     20490	80003b60	854d	c.srai	x10,0x13	 x10:0x00000001 x10=0x00000000
      205905000	     20491	80003b62	8f0d	c.sub	x14,x11	 x14:0x00000000 x11:0x00000000 x14=0x00000000
      205915000	     20492	80003b64	00546763	bltu	x8,x5,80003b72	  x8:0x7ffde19c  x5:0x0e324ffb
      205925000	     20493	80003b68	01830563	beq	x6,x24,80003b72	  x6:0x00007801 x24:0xfffffffb
      205935000	     20494	80003b6c	4e4ee4b7	lui	x9,0x4e4ee	  x9=0x4e4ee000
      205945000	     20495	80003b70	717d	c.addi16sp	x2,-16	  x2:0xfffffff0  x2=0xffffffe0
      205955000	     20496	80003b72	0000100f	fence.i	
      205985000	     20499	80003b76	ffffd397	auipc	x7,0xffffd	  x7=0x80000b76
      205995000	     20500	80003b7a	80438393	addi	x7,x7,-2044	  x7:0x80000b76  x7=0x8000037a
      206005000	     20501	80003b7e	00038067	jalr	x0,0(x7)	  x7:0x8000037a  x0=0x00000000
      206035000	     20504	8000037a	90000b37	lui	x22,0x90000	 x22=0x90000000
      206045000	     20505	8000037e	1b61	c.addi	x22,-8	 x22:0x90000000 x22=0x8ffffff8
      206055000	     20506	80000380	4601	c.li	x12,0	 x12=0x00000000
      206065000	     20507	80000382	0622	c.slli	x12,0x8	 x12:0x00000000 x12=0x00000000
      206075000	     20508	80000384	0605	c.addi	x12,1	 x12:0x00000000 x12=0x00000001
      206085000	     20509	80000386	00cb2023	sw	x12,0(x22)	 x22:0x8ffffff8 x12:0x00000001 PA:0x8ffffff8 store:0x00000001 load:0x00000000
      206095000	     20510	8000038a	00000073	ecall	
      206125000	     20513	80002700	0800006f	jal	x0,80002780	  x0=0x00000000
      206145000	     20515	80002780	1d71	c.addi	x26,-4	 x26:0x80025ce4 x26=0x80025ce0
      206155000	     20516	80002782	013d2023	sw	x19,0(x26)	 x26:0x80025ce0 x19:0x80021e64 PA:0x80025ce0 store:0x80021e64 load:0x00000000
