Time	Cycle	PC	Insn	Decoded instruction	Register and memory contents
       15315000	       664	80000080	40001637	lui	x12,0x40001	 x12=0x40001000
       15335000	       665	80000084	10660613	addi	x12,x12,262	 x12:0x40001000 x12=0x40001106
       15355000	       666	80000088	30161073	csrrw	x0,misa,x12	 x12:0x40001106  x0=0x00000000
       15475000	       672	8000008c	00026d17	auipc	x26,0x26	 x26=0x8002608c
       15495000	       673	80000090	c58d0d13	addi	x26,x26,-936	 x26:0x8002608c x26=0x80025ce4
       15595000	       678	80000094	00002617	auipc	x12,0x2	 x12=0x80002094
       15615000	       679	80000098	66c60613	addi	x12,x12,1644	 x12:0x80002094 x12=0x80002700
       15635000	       680	8000009c	00166613	ori	x12,x12,1	 x12:0x80002700 x12=0x80002701
       15655000	       681	800000a0	30561073	csrrw	x0,mtvec,x12	 x12:0x80002701  x0=0x00000000
       15715000	       684	800000a4	74725073	csrrwi	x0,0x747,4	  x0=0x00000000
       15775000	       687	800000a8	00003397	auipc	x7,0x3	  x7=0x800030a8
       15795000	       688	800000ac	40038393	addi	x7,x7,1024	  x7:0x800030a8  x7=0x800034a8
       15815000	       689	800000b0	4601	c.li	x12,0	 x12=0x00000000
       15835000	       690	800000b2	93b2	c.add	x7,x12	  x7:0x800034a8 x12:0x00000000  x7=0x800034a8
       15955000	       696	800000b4	0023d393	srli	x7,x7,0x2	  x7:0x800034a8  x7=0x20000d2a
       16055000	       701	800000b8	3b039073	csrrw	x0,pmpaddr0,x7	  x7:0x20000d2a  x0=0x00000000
       16215000	       709	800000bc	00003397	auipc	x7,0x3	  x7=0x800030bc
       16235000	       710	800000c0	3ec38393	addi	x7,x7,1004	  x7:0x800030bc  x7=0x800034a8
       16255000	       711	800000c4	11111637	lui	x12,0x11111	 x12=0x11111000
       16275000	       712	800000c8	11160613	addi	x12,x12,273	 x12:0x11111000 x12=0x11111111
       16375000	       717	800000cc	93b2	c.add	x7,x12	  x7:0x800034a8 x12:0x11111111  x7=0x911145b9
       16495000	       723	800000ce	0023d393	srli	x7,x7,0x2	  x7:0x911145b9  x7=0x2444516e
       16655000	       731	800000d2	3b139073	csrrw	x0,pmpaddr1,x7	  x7:0x2444516e  x0=0x00000000
       16955000	       746	800000d6	00003397	auipc	x7,0x3	  x7=0x800030d6
       17055000	       751	800000da	3d238393	addi	x7,x7,978	  x7:0x800030d6  x7=0x800034a8
       17075000	       752	800000de	22222637	lui	x12,0x22222	 x12=0x22222000
       17255000	       761	800000e2	22260613	addi	x12,x12,546	 x12:0x22222000 x12=0x22222222
       17275000	       762	800000e6	93b2	c.add	x7,x12	  x7:0x800034a8 x12:0x22222222  x7=0xa22256ca
       17655000	       781	800000e8	0023d393	srli	x7,x7,0x2	  x7:0xa22256ca  x7=0x288895b2
       17735000	       785	800000ec	3b239073	csrrw	x0,pmpaddr2,x7	  x7:0x288895b2  x0=0x00000000
       17995000	       798	800000f0	00003397	auipc	x7,0x3	  x7=0x800030f0
       18115000	       804	800000f4	3b838393	addi	x7,x7,952	  x7:0x800030f0  x7=0x800034a8
       18255000	       811	800000f8	33333637	lui	x12,0x33333	 x12=0x33333000
       18275000	       812	800000fc	33360613	addi	x12,x12,819	 x12:0x33333000 x12=0x33333333
       18295000	       813	80000100	93b2	c.add	x7,x12	  x7:0x800034a8 x12:0x33333333  x7=0xb33367db
       18435000	       820	80000102	0023d393	srli	x7,x7,0x2	  x7:0xb33367db  x7=0x2cccd9f6
       18575000	       827	80000106	3b339073	csrrw	x0,pmpaddr3,x7	  x7:0x2cccd9f6  x0=0x00000000
       18635000	       830	8000010a	0f0f13b7	lui	x7,0xf0f1	  x7=0x0f0f1000
       18775000	       837	8000010e	f0f38393	addi	x7,x7,-241	  x7:0x0f0f1000  x7=0x0f0f0f0f
       19195000	       858	80000112	3a039073	csrrw	x0,pmpcfg0,x7	  x7:0x0f0f0f0f  x0=0x00000000
       19255000	       861	80000116	00003397	auipc	x7,0x3	  x7=0x80003116
       19275000	       862	8000011a	39238393	addi	x7,x7,914	  x7:0x80003116  x7=0x800034a8
       19655000	       881	8000011e	44444637	lui	x12,0x44444	 x12=0x44444000
       19675000	       882	80000122	44460613	addi	x12,x12,1092	 x12:0x44444000 x12=0x44444444
       19695000	       883	80000126	93b2	c.add	x7,x12	  x7:0x800034a8 x12:0x44444444  x7=0xc44478ec
       19715000	       884	80000128	0023d393	srli	x7,x7,0x2	  x7:0xc44478ec  x7=0x31111e3b
       19995000	       898	8000012c	3b439073	csrrw	x0,pmpaddr4,x7	  x7:0x31111e3b  x0=0x00000000
       20055000	       901	80000130	00003397	auipc	x7,0x3	  x7=0x80003130
       20075000	       902	80000134	37838393	addi	x7,x7,888	  x7:0x80003130  x7=0x800034a8
       20095000	       903	80000138	55555637	lui	x12,0x55555	 x12=0x55555000
       20475000	       922	8000013c	55560613	addi	x12,x12,1365	 x12:0x55555000 x12=0x55555555
       20835000	       940	80000140	93b2	c.add	x7,x12	  x7:0x800034a8 x12:0x55555555  x7=0xd55589fd
       20855000	       941	80000142	0023d393	srli	x7,x7,0x2	  x7:0xd55589fd  x7=0x3555627f
       20895000	       943	80000146	3b539073	csrrw	x0,pmpaddr5,x7	  x7:0x3555627f  x0=0x00000000
       20955000	       946	8000014a	00003397	auipc	x7,0x3	  x7=0x8000314a
       20975000	       947	8000014e	35e38393	addi	x7,x7,862	  x7:0x8000314a  x7=0x800034a8
       21255000	       961	80000152	66666637	lui	x12,0x66666	 x12=0x66666000
       21275000	       962	80000156	66660613	addi	x12,x12,1638	 x12:0x66666000 x12=0x66666666
       21295000	       963	8000015a	93b2	c.add	x7,x12	  x7:0x800034a8 x12:0x66666666  x7=0xe6669b0e
       21615000	       979	8000015c	0023d393	srli	x7,x7,0x2	  x7:0xe6669b0e  x7=0x3999a6c3
       21635000	       980	80000160	3b639073	csrrw	x0,pmpaddr6,x7	  x7:0x3999a6c3  x0=0x00000000
       21695000	       983	80000164	00003397	auipc	x7,0x3	  x7=0x80003164
       21715000	       984	80000168	34438393	addi	x7,x7,836	  x7:0x80003164  x7=0x800034a8
       21895000	       993	8000016c	77777637	lui	x12,0x77777	 x12=0x77777000
       21915000	       994	80000170	77760613	addi	x12,x12,1911	 x12:0x77777000 x12=0x77777777
       21975000	       997	80000174	93b2	c.add	x7,x12	  x7:0x800034a8 x12:0x77777777  x7=0xf777ac1f
       21995000	       998	80000176	0023d393	srli	x7,x7,0x2	  x7:0xf777ac1f  x7=0x3dddeb07
       22015000	       999	8000017a	3b739073	csrrw	x0,pmpaddr7,x7	  x7:0x3dddeb07  x0=0x00000000
       22155000	      1006	8000017e	0f0f13b7	lui	x7,0xf0f1	  x7=0x0f0f1000
       22175000	      1007	80000182	f0f38393	addi	x7,x7,-241	  x7:0x0f0f1000  x7=0x0f0f0f0f
       22195000	      1008	80000186	3a139073	csrrw	x0,pmpcfg1,x7	  x7:0x0f0f0f0f  x0=0x00000000
       22255000	      1011	8000018a	00003397	auipc	x7,0x3	  x7=0x8000318a
       22275000	      1012	8000018e	31e38393	addi	x7,x7,798	  x7:0x8000318a  x7=0x800034a8
       22375000	      1017	80000192	88889637	lui	x12,0x88889	 x12=0x88889000
       22395000	      1018	80000196	88860613	addi	x12,x12,-1912	 x12:0x88889000 x12=0x88888888
       22415000	      1019	8000019a	93b2	c.add	x7,x12	  x7:0x800034a8 x12:0x88888888  x7=0x0888bd30
       22575000	      1027	8000019c	0023d393	srli	x7,x7,0x2	  x7:0x0888bd30  x7=0x02222f4c
       22595000	      1028	800001a0	3b839073	csrrw	x0,pmpaddr8,x7	  x7:0x02222f4c  x0=0x00000000
       22695000	      1033	800001a4	00003397	auipc	x7,0x3	  x7=0x800031a4
       22715000	      1034	800001a8	30438393	addi	x7,x7,772	  x7:0x800031a4  x7=0x800034a8
       22855000	      1041	800001ac	9999a637	lui	x12,0x9999a	 x12=0x9999a000
       23255000	      1061	800001b0	99960613	addi	x12,x12,-1639	 x12:0x9999a000 x12=0x99999999
       23275000	      1062	800001b4	93b2	c.add	x7,x12	  x7:0x800034a8 x12:0x99999999  x7=0x1999ce41
       23475000	      1072	800001b6	0023d393	srli	x7,x7,0x2	  x7:0x1999ce41  x7=0x06667390
       23495000	      1073	800001ba	3b939073	csrrw	x0,pmpaddr9,x7	  x7:0x06667390  x0=0x00000000
       23635000	      1080	800001be	00003397	auipc	x7,0x3	  x7=0x800031be
       23655000	      1081	800001c2	2ea38393	addi	x7,x7,746	  x7:0x800031be  x7=0x800034a8
       24075000	      1102	800001c6	aaaab637	lui	x12,0xaaaab	 x12=0xaaaab000
       24215000	      1109	800001ca	aaa60613	addi	x12,x12,-1366	 x12:0xaaaab000 x12=0xaaaaaaaa
       24235000	      1110	800001ce	93b2	c.add	x7,x12	  x7:0x800034a8 x12:0xaaaaaaaa  x7=0x2aaadf52
       24555000	      1126	800001d0	0023d393	srli	x7,x7,0x2	  x7:0x2aaadf52  x7=0x0aaab7d4
       24575000	      1127	800001d4	3ba39073	csrrw	x0,pmpaddr10,x7	  x7:0x0aaab7d4  x0=0x00000000
       24775000	      1137	800001d8	00003397	auipc	x7,0x3	  x7=0x800031d8
       24955000	      1146	800001dc	2d038393	addi	x7,x7,720	  x7:0x800031d8  x7=0x800034a8
       25075000	      1152	800001e0	bbbbc637	lui	x12,0xbbbbc	 x12=0xbbbbc000
       25495000	      1173	800001e4	bbb60613	addi	x12,x12,-1093	 x12:0xbbbbc000 x12=0xbbbbbbbb
       25595000	      1178	800001e8	93b2	c.add	x7,x12	  x7:0x800034a8 x12:0xbbbbbbbb  x7=0x3bbbf063
       25695000	      1183	800001ea	0023d393	srli	x7,x7,0x2	  x7:0x3bbbf063  x7=0x0eeefc18
       25715000	      1184	800001ee	3bb39073	csrrw	x0,pmpaddr11,x7	  x7:0x0eeefc18  x0=0x00000000
       26135000	      1205	800001f2	0f0f13b7	lui	x7,0xf0f1	  x7=0x0f0f1000
       26155000	      1206	800001f6	f0f38393	addi	x7,x7,-241	  x7:0x0f0f1000  x7=0x0f0f0f0f
       26175000	      1207	800001fa	3a239073	csrrw	x0,pmpcfg2,x7	  x7:0x0f0f0f0f  x0=0x00000000
       26235000	      1210	800001fe	00003397	auipc	x7,0x3	  x7=0x800031fe
       26255000	      1211	80000202	2aa38393	addi	x7,x7,682	  x7:0x800031fe  x7=0x800034a8
       26595000	      1228	80000206	ccccd637	lui	x12,0xccccd	 x12=0xccccd000
       26615000	      1229	8000020a	ccc60613	addi	x12,x12,-820	 x12:0xccccd000 x12=0xcccccccc
       26635000	      1230	8000020e	93b2	c.add	x7,x12	  x7:0x800034a8 x12:0xcccccccc  x7=0x4ccd0174
       26655000	      1231	80000210	0023d393	srli	x7,x7,0x2	  x7:0x4ccd0174  x7=0x1333405d
       26675000	      1232	80000214	3bc39073	csrrw	x0,pmpaddr12,x7	  x7:0x1333405d  x0=0x00000000
       26755000	      1236	80000218	00003397	auipc	x7,0x3	  x7=0x80003218
       26995000	      1248	8000021c	29038393	addi	x7,x7,656	  x7:0x80003218  x7=0x800034a8
       27015000	      1249	80000220	dddde637	lui	x12,0xdddde	 x12=0xdddde000
       27175000	      1257	80000224	ddd60613	addi	x12,x12,-547	 x12:0xdddde000 x12=0xdddddddd
       27455000	      1271	80000228	93b2	c.add	x7,x12	  x7:0x800034a8 x12:0xdddddddd  x7=0x5dde1285
       27475000	      1272	8000022a	0023d393	srli	x7,x7,0x2	  x7:0x5dde1285  x7=0x177784a1
       27495000	      1273	8000022e	3bd39073	csrrw	x0,pmpaddr13,x7	  x7:0x177784a1  x0=0x00000000
       27555000	      1276	80000232	00003397	auipc	x7,0x3	  x7=0x80003232
       27575000	      1277	80000236	27638393	addi	x7,x7,630	  x7:0x80003232  x7=0x800034a8
       27595000	      1278	8000023a	eeeef637	lui	x12,0xeeeef	 x12=0xeeeef000
       27635000	      1280	8000023e	eee60613	addi	x12,x12,-274	 x12:0xeeeef000 x12=0xeeeeeeee
       27655000	      1281	80000242	93b2	c.add	x7,x12	  x7:0x800034a8 x12:0xeeeeeeee  x7=0x6eef2396
       27795000	      1288	80000244	0023d393	srli	x7,x7,0x2	  x7:0x6eef2396  x7=0x1bbbc8e5
       27815000	      1289	80000248	3be39073	csrrw	x0,pmpaddr14,x7	  x7:0x1bbbc8e5  x0=0x00000000
       27975000	      1297	8000024c	00003397	auipc	x7,0x3	  x7=0x8000324c
       27995000	      1298	80000250	25c38393	addi	x7,x7,604	  x7:0x8000324c  x7=0x800034a8
       28075000	      1302	80000254	fff00613	addi	x12,x0,-1	  x0:0x00000000 x12=0xffffffff
       28095000	      1303	80000258	93b2	c.add	x7,x12	  x7:0x800034a8 x12:0xffffffff  x7=0x800034a7
       28275000	      1312	8000025a	0023d393	srli	x7,x7,0x2	  x7:0x800034a7  x7=0x20000d29
       28495000	      1323	8000025e	3bf39073	csrrw	x0,pmpaddr15,x7	  x7:0x20000d29  x0=0x00000000
       28775000	      1337	80000262	0f0f13b7	lui	x7,0xf0f1	  x7=0x0f0f1000
       28855000	      1341	80000266	f0f38393	addi	x7,x7,-241	  x7:0x0f0f1000  x7=0x0f0f0f0f
       28995000	      1348	8000026a	3a339073	csrrw	x0,pmpcfg3,x7	  x7:0x0f0f0f0f  x0=0x00000000
       29335000	      1365	8000026e	00000617	auipc	x12,0x0	 x12=0x8000026e
       29495000	      1373	80000272	06060613	addi	x12,x12,96	 x12:0x8000026e x12=0x800002ce
       29595000	      1378	80000276	34161073	csrrw	x0,mepc,x12	 x12:0x800002ce  x0=0x00000000
       29615000	      1379	8000027a	7c00d073	csrrwi	x0,0x7c0,1	  x0=0x00000000
       29675000	      1382	8000027e	4601	c.li	x12,0	 x12=0x00000000
       30035000	      1400	80000280	30061073	csrrw	x0,mstatus,x12	 x12:0x00000000  x0=0x00000000
       30095000	      1403	80000284	4601	c.li	x12,0	 x12=0x00000000
       30115000	      1404	80000286	30461073	csrrw	x0,mie,x12	 x12:0x00000000  x0=0x00000000
       30495000	      1423	8000028a	90000b37	lui	x22,0x90000	 x22=0x90000000
       30515000	      1424	8000028e	1b71	c.addi	x22,-4	 x22:0x90000000 x22=0x8ffffffc
       30535000	      1425	80000290	90000b37	lui	x22,0x90000	 x22=0x90000000
       30555000	      1426	80000294	1b71	c.addi	x22,-4	 x22:0x90000000 x22=0x8ffffffc
       30575000	      1427	80000296	90000b37	lui	x22,0x90000	 x22=0x90000000
       30595000	      1428	8000029a	1b71	c.addi	x22,-4	 x22:0x90000000 x22=0x8ffffffc
       30615000	      1429	8000029c	30000613	addi	x12,x0,768	  x0:0x00000000 x12=0x00000300
       30635000	      1430	800002a0	0622	c.slli	x12,0x8	 x12:0x00000300 x12=0x00030000
       30655000	      1431	800002a2	060d	c.addi	x12,3	 x12:0x00030000 x12=0x00030003
       30895000	      1443	800002a4	00cb2023	sw	x12,0(x22)	 x22:0x8ffffffc x12:0x00030003 PA:0x8ffffffc store:0x00030003 load:0xffffffff
       30915000	      1444	800002a8	30002673	csrrs	x12,mstatus,x0	  x0:0x00000000 x12=0x00000000
       30975000	      1447	800002ac	00cb2023	sw	x12,0(x22)	 x22:0x8ffffffc x12:0x00000000 PA:0x8ffffffc store:0x00000000 load:0xffffffff
       31135000	      1455	800002b0	90000b37	lui	x22,0x90000	 x22=0x90000000
       31495000	      1473	800002b4	1b71	c.addi	x22,-4	 x22:0x90000000 x22=0x8ffffffc
       31515000	      1474	800002b6	30400613	addi	x12,x0,772	  x0:0x00000000 x12=0x00000304
       31535000	      1475	800002ba	0622	c.slli	x12,0x8	 x12:0x00000304 x12=0x00030400
       31555000	      1476	800002bc	060d	c.addi	x12,3	 x12:0x00030400 x12=0x00030403
       31715000	      1484	800002be	00cb2023	sw	x12,0(x22)	 x22:0x8ffffffc x12:0x00030403 PA:0x8ffffffc store:0x00030403 load:0xffffffff
       31735000	      1485	800002c2	30402673	csrrs	x12,mie,x0	  x0:0x00000000 x12=0x00000000
       31875000	      1492	800002c6	00cb2023	sw	x12,0(x22)	 x22:0x8ffffffc x12:0x00000000 PA:0x8ffffffc store:0x00000000 load:0xffffffff
       31895000	      1493	800002ca	30200073	mret	
       32375000	      1517	800002ce	cdc0a037	lui	x0,0xcdc0a	  x0=0x00000000
       32395000	      1518	800002d2	ec900013	addi	x0,x0,-311	  x0:0x00000000  x0=0x00000000
       32415000	      1519	800002d6	800000b7	lui	x1,0x80000	  x1=0x80000000
       32435000	      1520	800002da	80000137	lui	x2,0x80000	  x2=0x80000000
       32535000	      1525	800002de	fff6f1b7	lui	x3,0xfff6f	  x3=0xfff6f000
       32555000	      1526	800002e2	beb18193	addi	x3,x3,-1045	  x3:0xfff6f000  x3=0xfff6ebeb
       32575000	      1527	800002e6	420d	c.li	x4,3	  x4=0x00000003
       32915000	      1544	800002e8	4281	c.li	x5,0	  x5=0x00000000
       32935000	      1545	800002ea	80000337	lui	x6,0x80000	  x6=0x80000000
       33255000	      1561	800002ee	faeba3b7	lui	x7,0xfaeba	  x7=0xfaeba000
       33455000	      1571	800002f2	c0938393	addi	x7,x7,-1015	  x7:0xfaeba000  x7=0xfaeb9c09
       33475000	      1572	800002f6	4411	c.li	x8,4	  x8=0x00000004
       33495000	      1573	800002f8	4499	c.li	x9,6	  x9=0x00000006
       33555000	      1576	800002fa	ff3c4537	lui	x10,0xff3c4	 x10=0xff3c4000
       33575000	      1577	800002fe	09b50513	addi	x10,x10,155	 x10:0xff3c4000 x10=0xff3c409b
       33595000	      1578	80000302	f8f265b7	lui	x11,0xf8f26	 x11=0xf8f26000
       33775000	      1587	80000306	25c58593	addi	x11,x11,604	 x11:0xf8f26000 x11=0xf8f2625c
       34195000	      1608	8000030a	80000637	lui	x12,0x80000	 x12=0x80000000
       34215000	      1609	8000030e	46ad	c.li	x13,11	 x13=0x0000000b
       34255000	      1611	80000310	7f8da737	lui	x14,0x7f8da	 x14=0x7f8da000
       34275000	      1612	80000314	33470713	addi	x14,x14,820	 x14:0x7f8da000 x14=0x7f8da334
       34295000	      1613	80000318	fd2187b7	lui	x15,0xfd218	 x15=0xfd218000
       34715000	      1634	8000031c	87b78793	addi	x15,x15,-1925	 x15:0xfd218000 x15=0xfd21787b
       34735000	      1635	80000320	4801	c.li	x16,0	 x16=0x00000000
       34755000	      1636	80000322	489d	c.li	x17,7	 x17=0x00000007
       35135000	      1655	80000324	4911	c.li	x18,4	 x18=0x00000004
       35155000	      1656	80000326	f15b6a37	lui	x20,0xf15b6	 x20=0xf15b6000
       35175000	      1657	8000032a	b64a0a13	addi	x20,x20,-1180	 x20:0xf15b6000 x20=0xf15b5b64
       35195000	      1658	8000032e	f2d69ab7	lui	x21,0xf2d69	 x21=0xf2d69000
       35615000	      1679	80000332	361a8a93	addi	x21,x21,865	 x21:0xf2d69000 x21=0xf2d69361
       35635000	      1680	80000336	4b01	c.li	x22,0	 x22=0x00000000
       35775000	      1687	80000338	8fde9bb7	lui	x23,0x8fde9	 x23=0x8fde9000
       35855000	      1691	8000033c	a6fb8b93	addi	x23,x23,-1425	 x23:0x8fde9000 x23=0x8fde8a6f
       36055000	      1701	80000340	4c09	c.li	x24,2	 x24=0x00000002
       36075000	      1702	80000342	7576bcb7	lui	x25,0x7576b	 x25=0x7576b000
       36095000	      1703	80000346	d53c8c93	addi	x25,x25,-685	 x25:0x7576b000 x25=0x7576ad53
       36115000	      1704	8000034a	80000db7	lui	x27,0x80000	 x27=0x80000000
       36135000	      1705	8000034e	4e01	c.li	x28,0	 x28=0x00000000
       36535000	      1725	80000350	d947feb7	lui	x29,0xd947f	 x29=0xd947f000
       36615000	      1729	80000354	9b5e8e93	addi	x29,x29,-1611	 x29:0xd947f000 x29=0xd947e9b5
       36635000	      1730	80000358	4f2d	c.li	x30,11	 x30=0x0000000b
       36655000	      1731	8000035a	4f8d	c.li	x31,3	 x31=0x00000003
       36675000	      1732	8000035c	00022997	auipc	x19,0x22	 x19=0x8002235c
       36855000	      1741	80000360	b0898993	addi	x19,x19,-1272	 x19:0x8002235c x19=0x80021e64
       36875000	      1742	80000364	90000b37	lui	x22,0x90000	 x22=0x90000000
       36975000	      1747	80000368	1b71	c.addi	x22,-4	 x22:0x90000000 x22=0x8ffffffc
       36995000	      1748	8000036a	4601	c.li	x12,0	 x12=0x00000000
       37015000	      1749	8000036c	0622	c.slli	x12,0x8	 x12:0x00000000 x12=0x00000000
       37035000	      1750	8000036e	00060613	addi	x12,x12,0	 x12:0x00000000 x12=0x00000000
       37095000	      1753	80000372	00cb2023	sw	x12,0(x22)	 x22:0x8ffffffc x12:0x00000000 PA:0x8ffffffc store:0x00000000 load:0xffffffff
       37115000	      1754	80000376	1320306f	jal	x0,800034a8	  x0=0x00000000
       38915000	      1844	800034a8	0336c633	div	x12,x13,x19	 x13:0x0000000b x19:0x80021e64 x12=0x00000000
       39655000	      1881	800034ac	02e1ca33	div	x20,x3,x14	  x3:0xfff6ebeb x14:0x7f8da334 x20=0x00000000
       39675000	      1882	800034b0	0ff0000f	fence	iorw,iorw	
       40415000	      1919	800034b4	031f6c33	rem	x24,x30,x17	 x30:0x0000000b x17:0x00000007 x24=0x00000004
       40435000	      1920	800034b8	02a38c33	mul	x24,x7,x10	  x7:0xfaeb9c09 x10:0xff3c409b x24=0x5cc5b973
       40455000	      1921	800034bc	61d9	c.lui	x3,0x16	  x3=0x00016000
       40495000	      1923	800034be	020ff833	remu	x16,x31,x0	 x31:0x00000003  x0:0x00000000 x16=0x00000003
       40515000	      1924	800034c2	81c1	c.srli	x11,0x10	 x11:0xf8f2625c x11=0x0000f8f2
       40535000	      1925	800034c4	01862fb3	slt	x31,x12,x24	 x12:0x00000000 x24:0x5cc5b973 x31=0x00000001
       40555000	      1926	800034c8	0ff0000f	fence	iorw,iorw	
       40575000	      1927	800034cc	987d	c.andi	x8,-1	  x8:0x00000004  x8=0x00000004
       40975000	      1947	800034ce	00f37533	and	x10,x6,x15	  x6:0x80000000 x15:0xfd21787b x10=0x80000000
       40995000	      1948	800034d2	0001	c.addi	x0,0	  x0:0x00000000  x0=0x00000000
       41735000	      1985	800034d4	031ef333	remu	x6,x29,x17	 x29:0xd947e9b5 x17:0x00000007  x6=0x00000002
       41755000	      1986	800034d8	16fd	c.addi	x13,-1	 x13:0x0000000b x13=0x0000000a
       41775000	      1987	800034da	00003717	auipc	x14,0x3	 x14=0x800064da
       41795000	      1988	800034de	c1470713	addi	x14,x14,-1004	 x14:0x800064da x14=0x800060ee
       41815000	      1989	800034e2	9ff2	c.add	x31,x28	 x31:0x00000001 x28:0x00000000 x31=0x00000001
       41835000	      1990	800034e4	d5870713	addi	x14,x14,-680	 x14:0x800060ee x14=0x80005e46
       41855000	      1991	800034e8	e19065b7	lui	x11,0xe1906	 x11=0xe1906000
       41875000	      1992	800034ec	00382333	slt	x6,x16,x3	 x16:0x00000003  x3:0x00016000  x6=0x00000001
       42615000	      2029	800034f0	039b76b3	remu	x13,x22,x25	 x22:0x8ffffffc x25:0x7576ad53 x13=0x1a8952a9
       42655000	      2031	800034f4	033a9c33	mulh	x24,x21,x19	 x21:0xf2d69361 x19:0x80021e64 x24=0x06949a6c
       42795000	      2038	800034f8	8495	c.srai	x9,0x5	  x9:0x00000006  x9=0x00000000
       42815000	      2039	800034fa	2a870ce7	jalr	x25,680(x14)	 x14:0x80005e46 x25=0x800034fe
       43955000	      2096	800060ee	0130f0b3	and	x1,x1,x19	  x1:0x80000000 x19:0x80021e64  x1=0x80000000
       44095000	      2103	800060f2	fc098993	addi	x19,x19,-64	 x19:0x80021e64 x19=0x80021e24
       44115000	      2104	800060f6	0001	c.addi	x0,0	  x0:0x00000000  x0=0x00000000
       44315000	      2114	800060f8	02d6be33	mulhu	x28,x13,x13	 x13:0x1a8952a9 x13:0x1a8952a9 x28=0x02c02e73
       44715000	      2134	800060fc	0199a223	sw	x25,4(x19)	 x19:0x80021e24 x25:0x800034fe PA:0x80021e28 store:0x800034fe load:0xffffffff
       44735000	      2135	80006100	010b8f33	add	x30,x23,x16	 x23:0x8fde8a6f x16:0x00000003 x30=0x8fde8a72
       44755000	      2136	80006104	00f8c4b3	xor	x9,x17,x15	 x17:0x00000007 x15:0xfd21787b  x9=0xfd21787c
       44775000	      2137	80006108	0c9e	c.slli	x25,0x7	 x25:0x800034fe x25=0x001a7f00
       45515000	      2174	8000610a	03f7f0b3	remu	x1,x15,x31	 x15:0xfd21787b x31:0x00000001  x1=0x00000000
       45535000	      2175	8000610e	110c	c.addi4spn	x11,x2,160	 x11=0x800000a0
       45555000	      2176	80006110	03ca01b3	mul	x3,x20,x28	 x20:0x00000000 x28:0x02c02e73  x3=0x00000000
       45575000	      2177	80006114	8ed1	c.or	x13,x12	 x13:0x1a8952a9 x12:0x00000000 x13=0x1a8952a9
       45615000	      2179	80006116	031f9333	mulh	x6,x31,x17	 x31:0x00000001 x17:0x00000007  x6=0x00000000
       45635000	      2180	8000611a	0076d7b3	srl	x15,x13,x7	 x13:0x1a8952a9  x7:0xfaeb9c09 x15=0x000d44a9
       45655000	      2181	8000611e	008a1663	bne	x20,x8,8000612a	 x20:0x00000000  x8:0x00000004
       45975000	      2197	8000612a	a59fdcef	jal	x25,80003b82	 x25=0x8000612e
       46175000	      2207	80003b82	882d	c.andi	x8,11	  x8:0x00000004  x8=0x00000000
       46195000	      2208	80003b84	00c5ff33	and	x30,x11,x12	 x11:0x800000a0 x12:0x00000000 x30=0x00000000
       46575000	      2227	80003b88	02579533	mulh	x10,x15,x5	 x15:0x000d44a9  x5:0x00000000 x10=0x00000000
       46735000	      2235	80003b8c	410ede13	srai	x28,x29,0x10	 x29:0xd947e9b5 x28=0xffffd947
       46755000	      2236	80003b90	41710533	sub	x10,x2,x23	  x2:0x80000000 x23:0x8fde8a6f x10=0xf0217591
       46775000	      2237	80003b94	e109	c.bnez	x10,80003b96	 x10:0xf0217591
       47555000	      2276	80003b96	fd098993	addi	x19,x19,-48	 x19:0x80021e24 x19=0x80021df4
       48295000	      2313	80003b9a	0222f833	remu	x16,x5,x2	  x5:0x00000000  x2:0x80000000 x16=0x00000000
       48555000	      2326	80003b9e	0199a223	sw	x25,4(x19)	 x19:0x80021df4 x25:0x8000612e PA:0x80021df8 store:0x8000612e load:0xffffffff
       48575000	      2327	80003ba2	004f7533	and	x10,x30,x4	 x30:0x00000000  x4:0x00000003 x10=0x00000000
       48595000	      2328	80003ba6	01fe3033	sltu	x0,x28,x31	 x28:0xffffd947 x31:0x00000001  x0=0x00000000
       48615000	      2329	80003baa	00f64833	xor	x16,x12,x15	 x12:0x00000000 x15:0x000d44a9 x16=0x000d44a9
       48635000	      2330	80003bae	6139	c.addi16sp	x2,448	  x2:0x80000000  x2=0x800001c0
       48655000	      2331	80003bb0	0096c863	blt	x13,x9,80003bc0	 x13:0x1a8952a9  x9:0xfd21787c
       48675000	      2332	80003bb4	86ce	c.mv	x13,x19	  x0:0x00000000 x19:0x80021df4 x13=0x80021df4
       48695000	      2333	80003bb6	517d	c.li	x2,-1	  x2=0xffffffff
       48715000	      2334	80003bb8	40638913	addi	x18,x7,1030	  x7:0xfaeb9c09 x18=0xfaeba00f
       48735000	      2335	80003bbc	00e7e433	or	x8,x15,x14	 x15:0x000d44a9 x14:0x80005e46  x8=0x800d5eef
       49135000	      2355	80003bc0	844d	c.srai	x8,0x13	  x8:0x800d5eef  x8=0xfffff001
       49435000	      2370	80003bc2	02c4a5b3	mulhsu	x11,x9,x12	  x9:0xfd21787c x12:0x00000000 x11=0x00000000
       49455000	      2371	80003bc6	0001	c.addi	x0,0	  x0:0x00000000  x0=0x00000000
       49515000	      2374	80003bc8	8baa7193	andi	x3,x20,-1862	 x20:0x00000000  x3=0x00000000
       49815000	      2389	80003bcc	01be24b3	slt	x9,x28,x27	 x28:0xffffd947 x27:0x80000000  x9=0x00000000
       49835000	      2390	80003bd0	41fc8ab3	sub	x21,x25,x31	 x25:0x8000612e x31:0x00000001 x21=0x8000612d
       50155000	      2406	80003bd4	02393eb3	mulhu	x29,x18,x3	 x18:0xfaeba00f  x3:0x00000000 x29=0x00000000
       50455000	      2421	80003bd8	d7ea8913	addi	x18,x21,-642	 x21:0x8000612d x18=0x80005eab
       50475000	      2422	80003bdc	01cc52b3	srl	x5,x24,x28	 x24:0x06949a6c x28:0xffffd947  x5=0x000d2934
       50655000	      2431	80003be0	007bb033	sltu	x0,x23,x7	 x23:0x8fde8a6f  x7:0xfaeb9c09  x0=0x00000000
       50675000	      2432	80003be4	4199de93	srai	x29,x19,0x19	 x19:0x80021df4 x29=0xffffffc0
       50695000	      2433	80003be8	142b3e13	sltiu	x28,x22,322	 x22:0x8ffffffc x28=0x00000000
       50995000	      2448	80003bec	0001	c.addi	x0,0	  x0:0x00000000  x0=0x00000000
       51015000	      2449	80003bee	0274cd63	blt	x9,x7,80003c28	  x9:0x00000000  x7:0xfaeb9c09
       64975000	      3147	80003bf2	13d1a593	slti	x11,x3,317	  x3:0x00000000 x11=0x00000001
       64995000	      3148	80003bf6	1d04	c.addi4spn	x9,x2,688	  x9=0x000002af
       65015000	      3149	80003bf8	01e9d633	srl	x12,x19,x30	 x19:0x80021df4 x30:0x00000000 x12=0x80021df4
       65035000	      3150	80003bfc	0ff0000f	fence	iorw,iorw	
       65055000	      3151	80003c00	0652	c.slli	x12,0x14	 x12:0x80021df4 x12=0xdf400000
       65075000	      3152	80003c02	01691533	sll	x10,x18,x22	 x18:0x80005eab x22:0x8ffffffc x10=0xb0000000
       65375000	      3167	80003c06	0218ceb3	div	x29,x17,x1	 x17:0x00000007  x1:0x00000000 x29=0xffffffff
       65395000	      3168	80003c0a	24c06c93	ori	x25,x0,588	  x0:0x00000000 x25=0x0000024c
       65415000	      3169	80003c0e	5e7d	c.li	x28,-1	 x28=0xffffffff
       65435000	      3170	80003c10	f03bf217	auipc	x4,0xf03bf	  x4=0x703c2c10
       65575000	      3177	80003c14	02fd9fb3	mulh	x31,x27,x15	 x27:0x80000000 x15:0x000d44a9 x31=0xfff95dab
       65975000	      3197	80003c18	415f5713	srai	x14,x30,0x15	 x30:0x00000000 x14=0x00000000
       66395000	      3218	80003c1c	0001	c.addi	x0,0	  x0:0x00000000  x0=0x00000000
       66415000	      3219	80003c1e	00ef5033	srl	x0,x30,x14	 x30:0x00000000 x14:0x00000000  x0=0x00000000
       66495000	      3223	80003c22	03cd0333	mul	x6,x26,x28	 x26:0x80025ce4 x28:0xffffffff  x6=0x7ffda31c
       66515000	      3224	80003c26	8c06	c.mv	x24,x1	  x0:0x00000000  x1:0x00000000 x24=0x00000000
       66615000	      3229	80003c28	e109	c.bnez	x10,80003c2a	 x10:0xb0000000
       67135000	      3255	80003c2a	01f27e33	and	x28,x4,x31	  x4:0x703c2c10 x31:0xfff95dab x28=0x70380c00
       67155000	      3256	80003c2e	91c6	c.add	x3,x17	  x3:0x00000000 x17:0x00000007  x3=0x00000007
       67635000	      3280	80003c30	e015	c.bnez	x8,80003c54	  x8:0xfffff001
       68635000	      3330	80003c54	00f25093	srli	x1,x4,0xf	  x4:0x703c2c10  x1=0x0000e078
       69315000	      3364	80003c58	008211b3	sll	x3,x4,x8	  x4:0x703c2c10  x8:0xfffff001  x3=0xe0785820
       69335000	      3365	80003c5c	0ff0000f	fence	iorw,iorw	
       69355000	      3366	80003c60	413a56b3	sra	x13,x20,x19	 x20:0x00000000 x19:0x80021df4 x13=0x00000000
       69395000	      3368	80003c64	40a6db33	sra	x22,x13,x10	 x13:0x00000000 x10:0xb0000000 x22=0x00000000
       69475000	      3372	80003c68	e6052113	slti	x2,x10,-416	 x10:0xb0000000  x2=0x00000001
       69495000	      3373	80003c6c	0087c5b3	xor	x11,x15,x8	 x15:0x000d44a9  x8:0xfffff001 x11=0xfff2b4a8
       69615000	      3379	80003c70	56fd	c.li	x13,-1	 x13=0xffffffff
       69635000	      3380	80003c72	0088	c.addi4spn	x10,x2,64	 x10=0x00000041
       69735000	      3385	80003c74	036e16b3	mulh	x13,x28,x22	 x28:0x70380c00 x22:0x00000000 x13=0x00000000
       70475000	      3422	80003c78	035e7bb3	remu	x23,x28,x21	 x28:0x70380c00 x21:0x8000612d x23=0x70380c00
       70515000	      3424	80003c7c	0379bc33	mulhu	x24,x19,x23	 x19:0x80021df4 x23:0x70380c00 x24=0x381cf391
       70975000	      3447	80003c80	0049ac83	lw	x25,4(x19)	 x19:0x80021df4 x25=0x8000612e PA:0x80021df8 load:0x8000612e
       70995000	      3448	80003c84	8579	c.srai	x10,0x1e	 x10:0x00000041 x10=0x00000000
       71015000	      3449	80003c86	4176de93	srai	x29,x13,0x17	 x13:0x00000000 x29=0x00000000
       71035000	      3450	80003c8a	40f25e93	srai	x29,x4,0xf	  x4:0x703c2c10 x29=0x0000e078
       71055000	      3451	80003c8e	01bdd013	srli	x0,x27,0x1b	 x27:0x80000000  x0=0x00000000
       71075000	      3452	80003c92	02490633	mul	x12,x18,x4	 x18:0x80005eab  x4:0x703c2c10 x12=0x105f4eb0
       71095000	      3453	80003c96	0009d0b3	srl	x1,x19,x0	 x19:0x80021df4  x0:0x00000000  x1=0x80021df4
       71115000	      3454	80003c9a	03098993	addi	x19,x19,48	 x19:0x80021df4 x19=0x80021e24
       71155000	      3456	80003c9e	00d1d893	srli	x17,x3,0xd	  x3:0xe0785820 x17=0x000703c2
       71175000	      3457	80003ca2	8836	c.mv	x16,x13	  x0:0x00000000 x13:0x00000000 x16=0x00000000
       71315000	      3464	80003ca4	000c8b13	addi	x22,x25,0	 x25:0x8000612e x22=0x8000612e
       71435000	      3470	80003ca8	9b02	c.jalr	x22	 x22:0x8000612e  x1=0x80003caa
       71535000	      3475	8000612e	00001f17	auipc	x30,0x1	 x30=0x8000712e
       71555000	      3476	80006132	8def0f13	addi	x30,x30,-1826	 x30:0x8000712e x30=0x80006a0c
       71575000	      3477	80006136	007060b3	or	x1,x0,x7	  x0:0x00000000  x7:0xfaeb9c09  x1=0xfaeb9c09
       71595000	      3478	8000613a	8c81	c.sub	x9,x8	  x9:0x000002af  x8:0xfffff001  x9=0x000012ae
       71615000	      3479	8000613c	9fb2	c.add	x31,x12	 x31:0xfff95dab x12:0x105f4eb0 x31=0x1058ac5b
       71635000	      3480	8000613e	0f75	c.addi	x30,29	 x30:0x80006a0c x30=0x80006a29
       72355000	      3516	80006140	417a0433	sub	x8,x20,x23	 x20:0x00000000 x23:0x70380c00  x8=0x8fc7f400
       72775000	      3537	80006144	41e3d293	srai	x5,x7,0x1e	  x7:0xfaeb9c09  x5=0xffffffff
       73515000	      3574	80006148	03b1f933	remu	x18,x3,x27	  x3:0xe0785820 x27:0x80000000 x18=0x60785820
       73535000	      3575	8000614c	0000100f	fence.i	
       73635000	      3580	80006150	fe3f0ce7	jalr	x25,-29(x30)	 x30:0x80006a29 x25=0x80006154
       73915000	      3594	80006a0c	00494563	blt	x18,x4,80006a16	 x18:0x60785820  x4:0x703c2c10
       75315000	      3664	80006a16	19a1	c.addi	x19,-24	 x19:0x80021e24 x19=0x80021e0c
       75755000	      3686	80006a18	03791433	mulh	x8,x18,x23	 x18:0x60785820 x23:0x70380c00  x8=0x2a49c566
       76015000	      3699	80006a1c	0199a223	sw	x25,4(x19)	 x19:0x80021e0c x25:0x80006154 PA:0x80021e10 store:0x80006154 load:0xffffffff
       76035000	      3700	80006a20	6349	c.lui	x6,0x12	  x6=0x00012000
       76055000	      3701	80006a22	077d	c.addi	x14,31	 x14:0x00000000 x14=0x0000001f
       76075000	      3702	80006a24	8bbd	c.andi	x15,15	 x15:0x000d44a9 x15=0x00000009
       76095000	      3703	80006a26	8d39	c.xor	x10,x14	 x10:0x00000000 x14:0x0000001f x10=0x0000001f
       76115000	      3704	80006a28	00d05663	bge	x0,x13,80006a34	  x0:0x00000000 x13:0x00000000
       76435000	      3720	80006a34	03a38cb3	mul	x25,x7,x26	  x7:0xfaeb9c09 x26:0x80025ce4 x25=0xddfc3404
       76455000	      3721	80006a38	0001	c.addi	x0,0	  x0:0x00000000  x0=0x00000000
       76475000	      3722	80006a3a	852d	c.srai	x10,0xb	 x10:0x0000001f x10=0x00000000
       76495000	      3723	80006a3c	0001	c.addi	x0,0	  x0:0x00000000  x0=0x00000000
       76515000	      3724	80006a3e	014e6e63	bltu	x28,x20,80006a5a	 x28:0x70380c00 x20:0x00000000
       76535000	      3725	80006a42	d386b893	sltiu	x17,x13,-712	 x13:0x00000000 x17=0x00000001
       77275000	      3762	80006a46	02195e33	divu	x28,x18,x1	 x18:0x60785820  x1:0xfaeb9c09 x28=0x00000000
       77295000	      3763	80006a4a	00cac233	xor	x4,x21,x12	 x21:0x8000612d x12:0x105f4eb0  x4=0x905f2f9d
       77315000	      3764	80006a4e	8f31	c.xor	x14,x12	 x14:0x0000001f x12:0x105f4eb0 x14=0x105f4eaf
       77335000	      3765	80006a50	0686	c.slli	x13,0x1	 x13:0x00000000 x13=0x00000000
       77355000	      3766	80006a52	9a7a	c.add	x20,x30	 x20:0x00000000 x30:0x80006a29 x20=0x80006a29
       77395000	      3768	80006a54	03799eb3	mulh	x29,x19,x23	 x19:0x80021e0c x23:0x70380c00 x29=0xc7e4e79b
       77415000	      3769	80006a58	8fb5	c.xor	x15,x13	 x15:0x00000009 x13:0x00000000 x15=0x00000009
       77435000	      3770	80006a5a	46716a93	ori	x21,x2,1127	  x2:0x00000001 x21=0x00000467
       77455000	      3771	80006a5e	98bba693	slti	x13,x23,-1653	 x23:0x70380c00 x13=0x00000000
       77475000	      3772	80006a62	8005	c.srli	x8,0x1	  x8:0x2a49c566  x8=0x1524e2b3
       77595000	      3778	80006a64	036181b3	mul	x3,x3,x22	  x3:0xe0785820 x22:0x8000612e  x3=0xef03f5c0
       78015000	      3799	80006a68	0000100f	fence.i	
       78715000	      3834	80006a6c	60bd	c.lui	x1,0xf	  x1=0x0000f000
       78735000	      3835	80006a6e	0480	c.addi4spn	x8,x2,576	  x8=0x00000241
       78755000	      3836	80006a70	00b9b033	sltu	x0,x19,x11	 x19:0x80021e0c x11:0xfff2b4a8  x0=0x00000000
       79155000	      3856	80006a74	003c40b3	xor	x1,x24,x3	 x24:0x381cf391  x3:0xef03f5c0  x1=0xd71f0651
       79175000	      3857	80006a78	e491	c.bnez	x9,80006a84	  x9:0x000012ae
       79415000	      3869	80006a84	def27813	andi	x16,x4,-529	  x4:0x905f2f9d x16=0x905f2d8d
       79435000	      3870	80006a88	009ec7b3	xor	x15,x29,x9	 x29:0xc7e4e79b  x9:0x000012ae x15=0xc7e4f535
       79635000	      3880	80006a8c	01a65cb3	srl	x25,x12,x26	 x12:0x105f4eb0 x26:0x80025ce4 x25=0x0105f4eb
       79795000	      3888	80006a90	8cd5	c.or	x9,x13	  x9:0x000012ae x13:0x00000000  x9=0x000012ae
       79815000	      3889	80006a92	014a4e33	xor	x28,x20,x20	 x20:0x80006a29 x20:0x80006a29 x28=0x00000000
       79835000	      3890	80006a96	003f9233	sll	x4,x31,x3	 x31:0x1058ac5b  x3:0xef03f5c0  x4=0x1058ac5b
       79855000	      3891	80006a9a	00861d63	bne	x12,x8,80006ab4	 x12:0x105f4eb0  x8:0x00000241
       80295000	      3913	80006ab4	043a7463	bgeu	x20,x3,80006afc	 x20:0x80006a29  x3:0xef03f5c0
       81035000	      3950	80006ab8	0251f733	remu	x14,x3,x5	  x3:0xef03f5c0  x5:0xffffffff x14=0xef03f5c0
       81055000	      3951	80006abc	8db9	c.xor	x11,x14	 x11:0xfff2b4a8 x14:0xef03f5c0 x11=0x10f14168
       81075000	      3952	80006abe	00c8b133	sltu	x2,x17,x12	 x17:0x00000001 x12:0x105f4eb0  x2=0x00000001
       81115000	      3954	80006ac2	03c3e7b3	rem	x15,x7,x28	  x7:0xfaeb9c09 x28:0x00000000 x15=0xfaeb9c09
       81135000	      3955	80006ac6	015f9933	sll	x18,x31,x21	 x31:0x1058ac5b x21:0x00000467 x18=0x2c562d80
       81155000	      3956	80006aca	013b0ab3	add	x21,x22,x19	 x22:0x8000612e x19:0x80021e0c x21=0x00027f3a
       81175000	      3957	80006ace	6c2d	c.lui	x24,0xb	 x24=0x0000b000
       81195000	      3958	80006ad0	40da0133	sub	x2,x20,x13	 x20:0x80006a29 x13:0x00000000  x2=0x80006a29
       81595000	      3978	80006ad4	0001	c.addi	x0,0	  x0:0x00000000  x0=0x00000000
       81675000	      3982	80006ad6	4152d333	sra	x6,x5,x21	  x5:0xffffffff x21:0x00027f3a  x6=0xffffffff
       81695000	      3983	80006ada	1a478a13	addi	x20,x15,420	 x15:0xfaeb9c09 x20=0xfaeb9dad
       81715000	      3984	80006ade	e707a613	slti	x12,x15,-400	 x15:0xfaeb9c09 x12=0x00000001
       81795000	      3988	80006ae2	0021d263	bge	x3,x2,80006ae6	  x3:0xef03f5c0  x2:0x80006a29
       82655000	      4031	80006ae6	00b7a133	slt	x2,x15,x11	 x15:0xfaeb9c09 x11:0x10f14168  x2=0x00000001
       82955000	      4046	80006aea	41538133	sub	x2,x7,x21	  x7:0xfaeb9c09 x21:0x00027f3a  x2=0xfae91ccf
       83335000	      4065	80006aee	00955c13	srli	x24,x10,0x9	 x10:0x00000000 x24=0x00000000
       83355000	      4066	80006af2	0119ffb3	and	x31,x19,x17	 x19:0x80021e0c x17:0x00000001 x31=0x00000000
       83375000	      4067	80006af6	88a1	c.andi	x9,8	  x9:0x000012ae  x9=0x00000008
       83395000	      4068	80006af8	0a17b893	sltiu	x17,x15,161	 x15:0xfaeb9c09 x17=0x00000000
       83495000	      4073	80006afc	41b4dab3	sra	x21,x9,x27	  x9:0x00000008 x27:0x80000000 x21=0x00000008
       84355000	      4116	80006b00	0295f933	remu	x18,x11,x9	 x11:0x10f14168  x9:0x00000008 x18=0x00000000
       84375000	      4117	80006b04	8e75	c.and	x12,x13	 x12:0x00000001 x13:0x00000000 x12=0x00000000
       84395000	      4118	80006b06	3c876413	ori	x8,x14,968	 x14:0xef03f5c0  x8=0xef03f7c8
       84415000	      4119	80006b0a	00167d63	bgeu	x12,x1,80006b24	 x12:0x00000000  x1:0xd71f0651
       84435000	      4120	80006b0e	003d0bb3	add	x23,x26,x3	 x26:0x80025ce4  x3:0xef03f5c0 x23=0x6f0652a4
       84455000	      4121	80006b12	9e12	c.add	x28,x4	 x28:0x00000000  x4:0x1058ac5b x28=0x1058ac5b
       84475000	      4122	80006b14	6bd1	c.lui	x23,0x14	 x23=0x00014000
       84495000	      4123	80006b16	997d	c.andi	x10,-1	 x10:0x00000000 x10=0x00000000
       84535000	      4125	80006b18	611ce513	ori	x10,x25,1553	 x25:0x0105f4eb x10=0x0105f6fb
       84635000	      4130	80006b1c	003440b3	xor	x1,x8,x3	  x8:0xef03f7c8  x3:0xef03f5c0  x1=0x00000208
       85055000	      4151	80006b20	407bd8b3	sra	x17,x23,x7	 x23:0x00014000  x7:0xfaeb9c09 x17=0x000000a0
       85075000	      4152	80006b24	03e81863	bne	x16,x30,80006b54	 x16:0x905f2d8d x30:0x80006a29
       85815000	      4189	80006b54	c901	c.beqz	x10,80006b64	 x10:0x0105f6fb
       85975000	      4197	80006b56	01eec263	blt	x29,x30,80006b5a	 x29:0xc7e4e79b x30:0x80006a29
       85995000	      4198	80006b5a	01442e33	slt	x28,x8,x20	  x8:0xef03f7c8 x20:0xfaeb9dad x28=0x00000001
       86015000	      4199	80006b5e	0f697793	andi	x15,x18,246	 x18:0x00000000 x15=0x00000000
       86035000	      4200	80006b62	0e8e	c.slli	x29,0x3	 x29:0xc7e4e79b x29=0x3f273cd8
       86435000	      4220	80006b64	8d11	c.sub	x10,x12	 x10:0x0105f6fb x12:0x00000000 x10=0x0105f6fb
       86855000	      4241	80006b66	03808063	beq	x1,x24,80006b86	  x1:0x00000208 x24:0x00000000
       86875000	      4242	80006b6a	41000e33	sub	x28,x0,x16	  x0:0x00000000 x16:0x905f2d8d x28=0x6fa0d273
       86895000	      4243	80006b6e	01023733	sltu	x14,x4,x16	  x4:0x1058ac5b x16:0x905f2d8d x14=0x00000001
       87035000	      4250	80006b72	01669f13	slli	x30,x13,0x16	 x13:0x00000000 x30=0x00000000
       87115000	      4254	80006b76	032c9163	bne	x25,x18,80006b98	 x25:0x0105f4eb x18:0x00000000
       87355000	      4266	80006b98	74672e13	slti	x28,x14,1862	 x14:0x00000001 x28=0x00000001
       87475000	      4272	80006b9c	00eb4533	xor	x10,x22,x14	 x22:0x8000612e x14:0x00000001 x10=0x8000612f
       87495000	      4273	80006ba0	85ad	c.srai	x11,0xb	 x11:0x10f14168 x11=0x00021e28
       87515000	      4274	80006ba2	017b6133	or	x2,x22,x23	 x22:0x8000612e x23:0x00014000  x2=0x8001612e
       87555000	      4276	80006ba6	02863733	mulhu	x14,x12,x8	 x12:0x00000000  x8:0xef03f7c8 x14=0x00000000
       87575000	      4277	80006baa	6cb5	c.lui	x25,0xd	 x25=0x0000d000
       87955000	      4296	80006bac	01a5af33	slt	x30,x11,x26	 x11:0x00021e28 x26:0x80025ce4 x30=0x00000000
       87975000	      4297	80006bb0	59a0f693	andi	x13,x1,1434	  x1:0x00000208 x13=0x00000008
       87995000	      4298	80006bb4	1dfd	c.addi	x27,-1	 x27:0x80000000 x27=0x7fffffff
       88015000	      4299	80006bb6	85b9	c.srai	x11,0xe	 x11:0x00021e28 x11=0x00000008
       88035000	      4300	80006bb8	001bcc33	xor	x24,x23,x1	 x23:0x00014000  x1:0x00000208 x24=0x00014208
       88055000	      4301	80006bbc	8e25	c.xor	x12,x9	 x12:0x00000000  x9:0x00000008 x12=0x00000008
       88075000	      4302	80006bbe	8f71	c.and	x14,x12	 x14:0x00000000 x12:0x00000008 x14=0x00000000
       88095000	      4303	80006bc0	0001	c.addi	x0,0	  x0:0x00000000  x0=0x00000000
       88195000	      4308	80006bc2	041e4513	xori	x10,x28,65	 x28:0x00000001 x10=0x00000040
       88215000	      4309	80006bc6	8f6e	c.mv	x30,x27	  x0:0x00000000 x27:0x7fffffff x30=0x7fffffff
       88615000	      4329	80006bc8	d079b113	sltiu	x2,x19,-761	 x19:0x80021e0c  x2=0x00000001
       88855000	      4341	80006bcc	0ff0000f	fence	iorw,iorw	
       88875000	      4342	80006bd0	eb09	c.bnez	x14,80006be2	 x14:0x00000000
       89115000	      4354	80006bd2	00711793	slli	x15,x2,0x7	  x2:0x00000001 x15=0x00000080
       90255000	      4411	80006bd6	02a27cb3	remu	x25,x4,x10	  x4:0x1058ac5b x10:0x00000040 x25=0x0000001b
       90275000	      4412	80006bda	63cd8493	addi	x9,x27,1596	 x27:0x7fffffff  x9=0x8000063b
       90295000	      4413	80006bde	e685	c.bnez	x13,80006c06	 x13:0x00000008
       90895000	      4443	80006c06	e9163f93	sltiu	x31,x12,-367	 x12:0x00000008 x31=0x00000001
       90915000	      4444	80006c0a	0001	c.addi	x0,0	  x0:0x00000000  x0=0x00000000
       90975000	      4447	80006c0c	007f8e63	beq	x31,x7,80006c28	 x31:0x00000001  x7:0xfaeb9c09
       90995000	      4448	80006c10	987d	c.andi	x8,-1	  x8:0xef03f7c8  x8=0xef03f7c8
       91015000	      4449	80006c12	ecc1c437	lui	x8,0xecc1c	  x8=0xecc1c000
       91035000	      4450	80006c16	8ea9	c.xor	x13,x10	 x13:0x00000008 x10:0x00000040 x13=0x00000048
       91235000	      4460	80006c18	00ddfdb3	and	x27,x27,x13	 x27:0x7fffffff x13:0x00000048 x27=0x00000048
       91655000	      4481	80006c1c	8a95	c.andi	x13,5	 x13:0x00000048 x13=0x00000000
       91675000	      4482	80006c1e	8d51	c.or	x10,x12	 x10:0x00000040 x12:0x00000008 x10=0x00000048
       92055000	      4501	80006c20	8f1d	c.sub	x14,x15	 x14:0x00000000 x15:0x00000080 x14=0xffffff80
       92475000	      4522	80006c22	00644d63	blt	x8,x6,80006c3c	  x8:0xecc1c000  x6:0xffffffff
       92615000	      4529	80006c3c	00d5f433	and	x8,x11,x13	 x11:0x00000008 x13:0x00000000  x8=0x00000000
       92795000	      4538	80006c40	415c0f33	sub	x30,x24,x21	 x24:0x00014208 x21:0x00000008 x30=0x00014200
       93055000	      4551	80006c44	6f75	c.lui	x30,0x1d	 x30=0x0001d000
       93095000	      4553	80006c46	02839533	mulh	x10,x7,x8	  x7:0xfaeb9c09  x8:0x00000000 x10=0x00000000
       93115000	      4554	80006c4a	013fa2b3	slt	x5,x31,x19	 x31:0x00000001 x19:0x80021e0c  x5=0x00000000
       94135000	      4605	80006c4e	0230cab3	div	x21,x1,x3	  x1:0x00000208  x3:0xef03f5c0 x21=0x00000000
       94155000	      4606	80006c52	e989	c.bnez	x11,80006c64	 x11:0x00000008
       94795000	      4638	80006c64	faa22713	slti	x14,x4,-86	  x4:0x1058ac5b x14=0x00000000
       94995000	      4648	80006c68	e2a9	c.bnez	x13,80006caa	 x13:0x00000000
       95015000	      4649	80006c6a	9bfd	c.andi	x15,-1	 x15:0x00000080 x15=0x00000080
       95035000	      4650	80006c6c	01d18533	add	x10,x3,x29	  x3:0xef03f5c0 x29:0x3f273cd8 x10=0x2e2b3298
       95055000	      4651	80006c70	ef48f193	andi	x3,x17,-268	 x17:0x000000a0  x3=0x000000a0
       95175000	      4657	80006c74	9afd	c.andi	x13,-1	 x13:0x00000000 x13=0x00000000
       95195000	      4658	80006c76	01ea0833	add	x16,x20,x30	 x20:0xfaeb9dad x30:0x0001d000 x16=0xfaed6dad
       95315000	      4664	80006c7a	020a2333	mulhsu	x6,x20,x0	 x20:0xfaeb9dad  x0:0x00000000  x6=0x00000000
       95715000	      4684	80006c7e	0ff0000f	fence	iorw,iorw	
       95735000	      4685	80006c82	8d9d	c.sub	x11,x15	 x11:0x00000008 x15:0x00000080 x11=0xffffff88
       95755000	      4686	80006c84	85d1	c.srai	x11,0x14	 x11:0xffffff88 x11=0xffffffff
       95775000	      4687	80006c86	012c7463	bgeu	x24,x18,80006c8e	 x24:0x00014208 x18:0x00000000
       96615000	      4729	80006c8e	02932933	mulhsu	x18,x6,x9	  x6:0x00000000  x9:0x8000063b x18=0x00000000
       96935000	      4745	80006c92	816b0713	addi	x14,x22,-2026	 x22:0x8000612e x14=0x80005944
       96955000	      4746	80006c96	01a28263	beq	x5,x26,80006c9a	  x5:0x00000000 x26:0x80025ce4
       96975000	      4747	80006c9a	0000100f	fence.i	
       97275000	      4762	80006c9e	28332613	slti	x12,x6,643	  x6:0x00000000 x12=0x00000001
       97295000	      4763	80006ca2	02d25963	bge	x4,x13,80006cd4	  x4:0x1058ac5b x13:0x00000000
       98195000	      4808	80006cd4	cf89	c.beqz	x15,80006cee	 x15:0x00000080
       98215000	      4809	80006cd6	0000100f	fence.i	
       98695000	      4833	80006cda	00bcc6b3	xor	x13,x25,x11	 x25:0x0000001b x11:0xffffffff x13=0xffffffe4
       98715000	      4834	80006cde	03a64a63	blt	x12,x26,80006d12	 x12:0x00000001 x26:0x80025ce4
       98735000	      4835	80006ce2	01a88f33	add	x30,x17,x26	 x17:0x000000a0 x26:0x80025ce4 x30=0x80025d84
       98755000	      4836	80006ce6	8949	c.andi	x10,18	 x10:0x2e2b3298 x10=0x00000010
       98795000	      4838	80006ce8	0000100f	fence.i	
       99415000	      4869	80006cec	187d	c.addi	x16,-1	 x16:0xfaed6dad x16=0xfaed6dac
       99435000	      4870	80006cee	004c37b3	sltu	x15,x24,x4	 x24:0x00014208  x4:0x1058ac5b x15=0x00000001
       99495000	      4873	80006cf2	006a1a93	slli	x21,x20,0x6	 x20:0xfaeb9dad x21=0xbae76b40
       99515000	      4874	80006cf6	55fd6e37	lui	x28,0x55fd6	 x28=0x55fd6000
       99535000	      4875	80006cfa	01d6d293	srli	x5,x13,0x1d	 x13:0xffffffe4  x5=0x00000007
       99555000	      4876	80006cfe	8091	c.srli	x9,0x4	  x9:0x8000063b  x9=0x08000063
       99715000	      4884	80006d00	6825	c.lui	x16,0x9	 x16=0x00009000
       99735000	      4885	80006d02	03434263	blt	x6,x20,80006d26	  x6:0x00000000 x20:0xfaeb9dad
       99755000	      4886	80006d06	0000100f	fence.i	
      100515000	      4924	80006d0a	009f37b3	sltu	x15,x30,x9	 x30:0x80025d84  x9:0x08000063 x15=0x00000000
      100615000	      4929	80006d0e	8340aa13	slti	x20,x1,-1996	  x1:0x00000208 x20=0x00000000
      100635000	      4930	80006d12	02cf0b33	mul	x22,x30,x12	 x30:0x80025d84 x12:0x00000001 x22=0x80025d84
      100655000	      4931	80006d16	8cad	c.xor	x9,x11	  x9:0x08000063 x11:0xffffffff  x9=0xf7ffff9c
      101055000	      4951	80006d18	00da9b63	bne	x21,x13,80006d2e	 x21:0xbae76b40 x13:0xffffffe4
      102075000	      5002	80006d2e	0ff0000f	fence	iorw,iorw	
      102095000	      5003	80006d32	3ae2ac93	slti	x25,x5,942	  x5:0x00000007 x25=0x00000001
      102115000	      5004	80006d36	0121f4b3	and	x9,x3,x18	  x3:0x000000a0 x18:0x00000000  x9=0x00000000
      102275000	      5012	80006d3a	028a5f33	divu	x30,x20,x8	 x20:0x00000000  x8:0x00000000 x30=0xffffffff
      102295000	      5013	80006d3e	89f5	c.andi	x11,29	 x11:0xffffffff x11=0x0000001d
      102315000	      5014	80006d40	ee01	c.bnez	x12,80006d58	 x12:0x00000001
      106815000	      5239	80006d58	882e	c.mv	x16,x11	  x0:0x00000000 x11:0x0000001d x16=0x0000001d
      106835000	      5240	80006d5a	e1b14593	xori	x11,x2,-485	  x2:0x00000001 x11=0xfffffe1a
      106855000	      5241	80006d5e	ee09	c.bnez	x12,80006d78	 x12:0x00000001
      106935000	      5245	80006d78	0070c763	blt	x1,x7,80006d86	  x1:0x00000208  x7:0xfaeb9c09
      106955000	      5246	80006d7c	01cb7f33	and	x30,x22,x28	 x22:0x80025d84 x28:0x55fd6000 x30=0x00004000
      106975000	      5247	80006d80	84e5	c.srai	x9,0x19	  x9:0x00000000  x9=0x00000000
      106995000	      5248	80006d82	9f66	c.add	x30,x25	 x30:0x00004000 x25:0x00000001 x30=0x00004001
      107015000	      5249	80006d84	717d	c.addi16sp	x2,-16	  x2:0x00000001  x2=0xfffffff1
      107075000	      5252	80006d86	41ebd213	srai	x4,x23,0x1e	 x23:0x00014000  x4=0x00000000
      107095000	      5253	80006d8a	85a1	c.srai	x11,0x8	 x11:0xfffffe1a x11=0xfffffffe
      107415000	      5269	80006d8c	e50d	c.bnez	x10,80006db6	 x10:0x00000010
      108795000	      5338	80006db6	40c050b3	sra	x1,x0,x12	  x0:0x00000000 x12:0x00000001  x1=0x00000000
      108815000	      5339	80006dba	88a17697	auipc	x13,0x88a17	 x13=0x08a1ddba
      108835000	      5340	80006dbe	5a7d	c.li	x20,-1	 x20=0xffffffff
      109235000	      5360	80006dc0	717d	c.addi16sp	x2,-16	  x2:0xfffffff1  x2=0xffffffe1
      109255000	      5361	80006dc2	0796	c.slli	x15,0x5	 x15:0x00000000 x15=0x00000000
      109275000	      5362	80006dc4	00814c33	xor	x24,x2,x8	  x2:0xffffffe1  x8:0x00000000 x24=0xffffffe1
      109315000	      5364	80006dc8	8751	c.srai	x14,0x14	 x14:0x80005944 x14=0xfffff800
      109335000	      5365	80006dca	8962	c.mv	x18,x24	  x0:0x00000000 x24:0xffffffe1 x18=0xffffffe1
      109375000	      5367	80006dcc	ec5e2237	lui	x4,0xec5e2	  x4=0xec5e2000
      109395000	      5368	80006dd0	01487233	and	x4,x16,x20	 x16:0x0000001d x20:0xffffffff  x4=0x0000001d
      109515000	      5374	80006dd4	8155	c.srli	x10,0x15	 x10:0x00000010 x10=0x00000000
      109535000	      5375	80006dd6	00a3e633	or	x12,x7,x10	  x7:0xfaeb9c09 x10:0x00000000 x12=0xfaeb9c09
      109815000	      5389	80006dda	01f370b3	and	x1,x6,x31	  x6:0x00000000 x31:0x00000001  x1=0x00000000
      110595000	      5428	80006dde	03226cb3	rem	x25,x4,x18	  x4:0x0000001d x18:0xffffffe1 x25=0x0000001d
      110615000	      5429	80006de2	4879	c.li	x16,30	 x16=0x0000001e
      110635000	      5430	80006de4	02a49863	bne	x9,x10,80006e14	  x9:0x00000000 x10:0x00000000
      110675000	      5432	80006de8	02eba0b3	mulhsu	x1,x23,x14	 x23:0x00014000 x14:0xfffff800  x1=0x00013fff
      110695000	      5433	80006dec	00714263	blt	x2,x7,80006df0	  x2:0xffffffe1  x7:0xfaeb9c09
      110715000	      5434	80006df0	01eea233	slt	x4,x29,x30	 x29:0x3f273cd8 x30:0x00004001  x4=0x00000000
      110755000	      5436	80006df4	028ca0b3	mulhsu	x1,x25,x8	 x25:0x0000001d  x8:0x00000000  x1=0x00000000
      110775000	      5437	80006df8	84b9	c.srai	x9,0xe	  x9:0x00000000  x9=0x00000000
      110795000	      5438	80006dfa	01fef463	bgeu	x29,x31,80006e02	 x29:0x3f273cd8 x31:0x00000001
      111555000	      5476	80006e02	89d1	c.andi	x11,20	 x11:0xfffffffe x11=0x00000014
      112295000	      5513	80006e04	027fcdb3	div	x27,x31,x7	 x31:0x00000001  x7:0xfaeb9c09 x27=0x00000000
      112315000	      5514	80006e08	0017ee33	or	x28,x15,x1	 x15:0x00000000  x1:0x00000000 x28=0x00000000
      112335000	      5515	80006e0c	c1d43c97	auipc	x25,0xc1d43	 x25=0x41d49e0c
      112375000	      5517	80006e10	02e91b33	mulh	x22,x18,x14	 x18:0xffffffe1 x14:0xfffff800 x22=0x00000000
      112395000	      5518	80006e14	02590db3	mul	x27,x18,x5	 x18:0xffffffe1  x5:0x00000007 x27=0xffffff27
      112415000	      5519	80006e18	01eedf33	srl	x30,x29,x30	 x29:0x3f273cd8 x30:0x00004001 x30=0x1f939e6c
      112435000	      5520	80006e1c	002c37b3	sltu	x15,x24,x2	 x24:0xffffffe1  x2:0xffffffe1 x15=0x00000000
      112455000	      5521	80006e20	0ff0000f	fence	iorw,iorw	
      112475000	      5522	80006e24	00724e63	blt	x4,x7,80006e40	  x4:0x00000000  x7:0xfaeb9c09
      112655000	      5531	80006e28	8a25	c.andi	x12,9	 x12:0xfaeb9c09 x12=0x00000009
      112675000	      5532	80006e2a	4fefe793	ori	x15,x31,1278	 x31:0x00000001 x15=0x000004ff
      112715000	      5534	80006e2e	00a0a0b3	slt	x1,x1,x10	  x1:0x00000000 x10:0x00000000  x1=0x00000000
      112855000	      5541	80006e32	018f3433	sltu	x8,x30,x24	 x30:0x1f939e6c x24:0xffffffe1  x8=0x00000001
      112875000	      5542	80006e36	e0568693	addi	x13,x13,-507	 x13:0x08a1ddba x13=0x08a1dbbf
      112895000	      5543	80006e3a	c85ca217	auipc	x4,0xc85ca	  x4=0x485d0e3a
      112915000	      5544	80006e3e	0001	c.addi	x0,0	  x0:0x00000000  x0=0x00000000
      112995000	      5548	80006e40	02ac0133	mul	x2,x24,x10	 x24:0xffffffe1 x10:0x00000000  x2=0x00000000
      113015000	      5549	80006e44	03349b63	bne	x9,x19,80006e7a	  x9:0x00000000 x19:0x80021e0c
      113115000	      5554	80006e7a	cb1d	c.beqz	x14,80006eb0	 x14:0xfffff800
      113155000	      5556	80006e7c	418d0433	sub	x8,x26,x24	 x26:0x80025ce4 x24:0xffffffe1  x8=0x80025d03
      113175000	      5557	80006e80	4137dfb3	sra	x31,x15,x19	 x15:0x000004ff x19:0x80021e0c x31=0x00000000
      113235000	      5560	80006e84	010fdb33	srl	x22,x31,x16	 x31:0x00000000 x16:0x0000001e x22=0x00000000
      113255000	      5561	80006e88	01e89813	slli	x16,x17,0x1e	 x17:0x000000a0 x16=0x00000000
      113275000	      5562	80006e8c	8409	c.srai	x8,0x2	  x8:0x80025d03  x8=0xe0009740
      114035000	      5600	80006e8e	02ea4a33	div	x20,x20,x14	 x20:0xffffffff x14:0xfffff800 x20=0x00000000
      114055000	      5601	80006e92	01329a93	slli	x21,x5,0x13	  x5:0x00000007 x21=0x00380000
      114075000	      5602	80006e96	016f9663	bne	x31,x22,80006ea2	 x31:0x00000000 x22:0x00000000
      114095000	      5603	80006e9a	6c922493	slti	x9,x4,1737	  x4:0x485d0e3a  x9=0x00000000
      114915000	      5644	80006e9e	03dfd733	divu	x14,x31,x29	 x31:0x00000000 x29:0x3f273cd8 x14=0x00000000
      114935000	      5645	80006ea2	027a1663	bne	x20,x7,80006ece	 x20:0x00000000  x7:0xfaeb9c09
      115395000	      5668	80006ece	007bd513	srli	x10,x23,0x7	 x23:0x00014000 x10=0x00000280
      115415000	      5669	80006ed2	0001	c.addi	x0,0	  x0:0x00000000  x0=0x00000000
      115435000	      5670	80006ed4	00a7abb3	slt	x23,x15,x10	 x15:0x000004ff x10:0x00000280 x23=0x00000000
      115575000	      5677	80006ed8	efd5ea93	ori	x21,x11,-259	 x11:0x00000014 x21=0xfffffefd
      115635000	      5680	80006edc	008b7493	andi	x9,x22,8	 x22:0x00000000  x9=0x00000000
      116055000	      5701	80006ee0	eb504d93	xori	x27,x0,-331	  x0:0x00000000 x27=0xfffffeb5
      116795000	      5738	80006ee4	035dd233	divu	x4,x27,x21	 x27:0xfffffeb5 x21:0xfffffefd  x4=0x00000000
      117535000	      5775	80006ee8	031061b3	rem	x3,x0,x17	  x0:0x00000000 x17:0x000000a0  x3=0x00000000
      117555000	      5776	80006eec	0000100f	fence.i	
      117795000	      5788	80006ef0	8c31	c.xor	x8,x12	  x8:0xe0009740 x12:0x00000009  x8=0xe0009749
      117815000	      5789	80006ef2	003a34b3	sltu	x9,x20,x3	 x20:0x00000000  x3:0x00000000  x9=0x00000000
      118815000	      5839	80006ef6	025a60b3	rem	x1,x20,x5	 x20:0x00000000  x5:0x00000007  x1=0x00000000
      118855000	      5841	80006efa	02144fb3	div	x31,x8,x1	  x8:0xe0009749  x1:0x00000000 x31=0xffffffff
      118875000	      5842	80006efe	019ecf63	blt	x29,x25,80006f1c	 x29:0x3f273cd8 x25:0x41d49e0c
      119055000	      5851	80006f1c	00a06bb3	or	x23,x0,x10	  x0:0x00000000 x10:0x00000280 x23=0x00000280
      119175000	      5857	80006f20	00abc733	xor	x14,x23,x10	 x23:0x00000280 x10:0x00000280 x14=0x00000000
      119375000	      5867	80006f24	4158d293	srai	x5,x17,0x15	 x17:0x000000a0  x5=0x00000000
      119395000	      5868	80006f28	01c48c63	beq	x9,x28,80006f40	  x9:0x00000000 x28:0x00000000
      119895000	      5893	80006f40	0224e663	bltu	x9,x2,80006f6c	  x9:0x00000000  x2:0x00000000
      119915000	      5894	80006f44	4103d813	srai	x16,x7,0x10	  x7:0xfaeb9c09 x16=0xfffffaeb
      120335000	      5915	80006f48	08aa	c.slli	x17,0xa	 x17:0x000000a0 x17=0x00028000
      120515000	      5924	80006f4a	2558e637	lui	x12,0x2558e	 x12=0x2558e000
      120535000	      5925	80006f4e	717d	c.addi16sp	x2,-16	  x2:0x00000000  x2=0xfffffff0
      120555000	      5926	80006f50	8f73c013	xori	x0,x7,-1801	  x7:0xfaeb9c09  x0=0x00000000
      120975000	      5947	80006f54	811a	c.mv	x2,x6	  x0:0x00000000  x6:0x00000000  x2=0x00000000
      120995000	      5948	80006f56	0000100f	fence.i	
      121895000	      5993	80006f5a	0129	c.addi	x2,10	  x2:0x00000000  x2=0x0000000a
      121915000	      5994	80006f5c	018eadb3	slt	x27,x29,x24	 x29:0x3f273cd8 x24:0xffffffe1 x27=0x00000000
      122055000	      6001	80006f60	02bb7a63	bgeu	x22,x11,80006f94	 x22:0x00000000 x11:0x00000014
      122475000	      6022	80006f64	00575733	srl	x14,x14,x5	 x14:0x00000000  x5:0x00000000 x14=0x00000000
      122495000	      6023	80006f68	03470ab3	mul	x21,x14,x20	 x14:0x00000000 x20:0x00000000 x21=0x00000000
      122675000	      6032	80006f6c	01d49b13	slli	x22,x9,0x1d	  x9:0x00000000 x22=0x00000000
      122695000	      6033	80006f70	0b22	c.slli	x22,0x8	 x22:0x00000000 x22=0x00000000
      122835000	      6040	80006f72	862ee013	ori	x0,x29,-1950	 x29:0x3f273cd8  x0=0x00000000
      123035000	      6050	80006f76	01920293	addi	x5,x4,25	  x4:0x00000000  x5=0x00000019
      123055000	      6051	80006f7a	89fb7c97	auipc	x25,0x89fb7	 x25=0x09fbdf7a
      123075000	      6052	80006f7e	0ff0000f	fence	iorw,iorw	
      123935000	      6095	80006f82	02b1c4b3	div	x9,x3,x11	  x3:0x00000000 x11:0x00000014  x9=0x00000000
      123955000	      6096	80006f86	0078e463	bltu	x17,x7,80006f8e	 x17:0x00028000  x7:0xfaeb9c09
      124115000	      6104	80006f8e	f40c0113	addi	x2,x24,-192	 x24:0xffffffe1  x2=0xffffff21
      124135000	      6105	80006f92	8461	c.srai	x8,0x18	  x8:0xe0009749  x8=0xffffffe0
      124435000	      6120	80006f94	00995013	srli	x0,x18,0x9	 x18:0xffffffe1  x0=0x00000000
      124595000	      6128	80006f98	3e724693	xori	x13,x4,999	  x4:0x00000000 x13=0x000003e7
      124615000	      6129	80006f9c	014697b3	sll	x15,x13,x20	 x13:0x000003e7 x20:0x00000000 x15=0x000003e7
      124635000	      6130	80006fa0	8b8a	c.mv	x23,x2	  x0:0x00000000  x2:0xffffff21 x23=0xffffff21
      124655000	      6131	80006fa2	0590	c.addi4spn	x12,x2,704	 x12=0x000001e1
      125055000	      6151	80006fa4	717d	c.addi16sp	x2,-16	  x2:0xffffff21  x2=0xffffff11
      125075000	      6152	80006fa6	8f99	c.sub	x15,x14	 x15:0x000003e7 x14:0x00000000 x15=0x000003e7
      125095000	      6153	80006fa8	8ddd	c.or	x11,x15	 x11:0x00000014 x15:0x000003e7 x11=0x000003f7
      125435000	      6170	80006faa	03478063	beq	x15,x20,80006fca	 x15:0x000003e7 x20:0x00000000
      125455000	      6171	80006fae	965bce13	xori	x28,x23,-1691	 x23:0xffffff21 x28=0x00000644
      125835000	      6190	80006fb2	019a1663	bne	x20,x25,80006fbe	 x20:0x00000000 x25:0x09fbdf7a
      126255000	      6211	80006fbe	01143133	sltu	x2,x8,x17	  x8:0xffffffe0 x17:0x00028000  x2=0x00000000
      126655000	      6231	80006fc2	026a6cb3	rem	x25,x20,x6	 x20:0x00000000  x6:0x00000000 x25=0x00000000
      126755000	      6236	80006fc6	02320363	beq	x4,x3,80006fec	  x4:0x00000000  x3:0x00000000
      127275000	      6262	80006fec	4f4d	c.li	x30,19	 x30=0x00000013
      127315000	      6264	80006fee	0070c263	blt	x1,x7,80006ff2	  x1:0x00000000  x7:0xfaeb9c09
      127335000	      6265	80006ff2	6a4d	c.lui	x20,0x13	 x20=0x00013000
      127355000	      6266	80006ff4	40478ab3	sub	x21,x15,x4	 x15:0x000003e7  x4:0x00000000 x21=0x000003e7
      127515000	      6274	80006ff8	86e2	c.mv	x13,x24	  x0:0x00000000 x24:0xffffffe1 x13=0xffffffe1
      127555000	      6276	80006ffa	02fda233	mulhsu	x4,x27,x15	 x27:0x00000000 x15:0x000003e7  x4=0x00000000
      127575000	      6277	80006ffe	9c1e	c.add	x24,x7	 x24:0xffffffe1  x7:0xfaeb9c09 x24=0xfaeb9bea
      127735000	      6285	80007000	014b1113	slli	x2,x22,0x14	 x22:0x00000000  x2=0x00000000
      127835000	      6290	80007004	8e29	c.xor	x12,x10	 x12:0x000001e1 x10:0x00000280 x12=0x00000361
      127855000	      6291	80007006	024c7763	bgeu	x24,x4,80007034	 x24:0xfaeb9bea  x4:0x00000000
      128055000	      6301	80007034	0ff0000f	fence	iorw,iorw	
      128515000	      6324	80007038	0bf5be13	sltiu	x28,x11,191	 x11:0x000003f7 x28=0x00000000
      128535000	      6325	8000703c	030180b3	mul	x1,x3,x16	  x3:0x00000000 x16:0xfffffaeb  x1=0x00000000
      128715000	      6334	80007040	c315	c.beqz	x14,80007064	 x14:0x00000000
      129575000	      6377	80007064	00ad8a63	beq	x27,x10,80007078	 x27:0x00000000 x10:0x00000280
      129615000	      6379	80007068	984e	c.add	x16,x19	 x16:0xfffffaeb x19:0x80021e0c x16=0x800218f7
      130355000	      6416	8000706a	03e04733	div	x14,x0,x30	  x0:0x00000000 x30:0x00000013 x14=0x00000000
      130375000	      6417	8000706e	8c9bf493	andi	x9,x23,-1847	 x23:0xffffff21  x9=0xfffff801
      130395000	      6418	80007072	0149d733	srl	x14,x19,x20	 x19:0x80021e0c x20:0x00013000 x14=0x80021e0c
      130415000	      6419	80007076	02e2	c.slli	x5,0x18	  x5:0x00000019  x5=0x19000000
      130435000	      6420	80007078	03d88bb3	mul	x23,x17,x29	 x17:0x00028000 x29:0x3f273cd8 x23=0x181c0000
      130475000	      6422	8000707c	02b1ac33	mulhsu	x24,x3,x11	  x3:0x00000000 x11:0x000003f7 x24=0x00000000
      130495000	      6423	80007080	4e3d	c.li	x28,15	 x28=0x0000000f
      130515000	      6424	80007082	01451fb3	sll	x31,x10,x20	 x10:0x00000280 x20:0x00013000 x31=0x00000280
      130535000	      6425	80007086	8e39	c.xor	x12,x14	 x12:0x00000361 x14:0x80021e0c x12=0x80021d6d
      130675000	      6432	80007088	e1592493	slti	x9,x18,-491	 x18:0xffffffe1  x9=0x00000000
      131455000	      6471	8000708c	02b86db3	rem	x27,x16,x11	 x16:0x800218f7 x11:0x000003f7 x27=0xfffffffb
      131475000	      6472	80007090	610d	c.addi16sp	x2,160	  x2:0x00000000  x2=0x000000a0
      131495000	      6473	80007092	6fb97513	andi	x10,x18,1787	 x18:0xffffffe1 x10=0x000006e1
      131515000	      6474	80007096	32573593	sltiu	x11,x14,805	 x14:0x80021e0c x11=0x00000000
      131535000	      6475	8000709a	00861e93	slli	x29,x12,0x8	 x12:0x80021d6d x29=0x021d6d00
      132275000	      6512	8000709e	03da7eb3	remu	x29,x20,x29	 x20:0x00013000 x29:0x021d6d00 x29=0x00013000
      132295000	      6513	800070a2	6091	c.lui	x1,0x4	  x1=0x00004000
      132315000	      6514	800070a4	147d	c.addi	x8,-1	  x8:0xffffffe0  x8=0xffffffdf
      132335000	      6515	800070a6	0931	c.addi	x18,12	 x18:0xffffffe1 x18=0xffffffed
      132355000	      6516	800070a8	01b91c33	sll	x24,x18,x27	 x18:0xffffffed x27:0xfffffffb x24=0x68000000
      132375000	      6517	800070ac	8c55	c.or	x8,x13	  x8:0xffffffdf x13:0xffffffe1  x8=0xffffffff
      132395000	      6518	800070ae	0022bcb3	sltu	x25,x5,x2	  x5:0x19000000  x2:0x000000a0 x25=0x00000000
      132415000	      6519	800070b2	8fa9	c.xor	x15,x10	 x15:0x000003e7 x10:0x000006e1 x15=0x00000506
      132435000	      6520	800070b4	01482f33	slt	x30,x16,x20	 x16:0x800218f7 x20:0x00013000 x30=0x00000001
      133555000	      6576	800070b8	02cbefb3	rem	x31,x23,x12	 x23:0x181c0000 x12:0x80021d6d x31=0x181c0000
      141135000	      6955	800070bc	0a04	c.addi4spn	x9,x2,272	  x9=0x000001b0
      141155000	      6956	800070be	017b9fb3	sll	x31,x23,x23	 x23:0x181c0000 x23:0x181c0000 x31=0x181c0000
      141175000	      6957	800070c2	41965e13	srai	x28,x12,0x19	 x12:0x80021d6d x28=0xffffffc0
      141195000	      6958	800070c6	0005d8b3	srl	x17,x11,x0	 x11:0x00000000  x0:0x00000000 x17=0x00000000
      141215000	      6959	800070ca	41578bb3	sub	x23,x15,x21	 x15:0x00000506 x21:0x000003e7 x23=0x0000011f
      141255000	      6961	800070ce	318fe313	ori	x6,x31,792	 x31:0x181c0000  x6=0x181c0318
      141335000	      6965	800070d2	8b7ccf13	xori	x30,x25,-1865	 x25:0x00000000 x30=0xfffff8b7
      141515000	      6974	800070d6	0124ce33	xor	x28,x9,x18	  x9:0x000001b0 x18:0xffffffed x28=0xfffffe5d
      141555000	      6976	800070da	031bcf33	div	x30,x23,x17	 x23:0x0000011f x17:0x00000000 x30=0xffffffff
      141575000	      6977	800070de	40c45493	srai	x9,x8,0xc	  x8:0xffffffff  x9=0xffffffff
      141595000	      6978	800070e2	5b7d	c.li	x22,-1	 x22=0xffffffff
      141635000	      6980	800070e4	02d4b333	mulhu	x6,x9,x13	  x9:0xffffffff x13:0xffffffe1  x6=0xffffffe0
      141995000	      6998	800070e8	40155293	srai	x5,x10,0x1	 x10:0x000006e1  x5=0x00000370
      142135000	      7005	800070ec	8dc6	c.mv	x27,x17	  x0:0x00000000 x17:0x00000000 x27=0x00000000
      142155000	      7006	800070ee	0015e433	or	x8,x11,x1	 x11:0x00000000  x1:0x00004000  x8=0x00004000
      142175000	      7007	800070f2	6109	c.addi16sp	x2,128	  x2:0x000000a0  x2=0x00000120
      142435000	      7020	800070f4	35434e13	xori	x28,x6,852	  x6:0xffffffe0 x28=0xfffffcb4
      142455000	      7021	800070f8	8f59	c.or	x14,x14	 x14:0x80021e0c x14:0x80021e0c x14=0x80021e0c
      142875000	      7042	800070fa	0065fd63	bgeu	x11,x6,80007114	 x11:0x00000000  x6:0xffffffe0
      142895000	      7043	800070fe	8f59	c.or	x14,x14	 x14:0x80021e0c x14:0x80021e0c x14=0x80021e0c
      143055000	      7051	80007100	002aec33	or	x24,x21,x2	 x21:0x000003e7  x2:0x00000120 x24=0x000003e7
      143075000	      7052	80007104	01d4d033	srl	x0,x9,x29	  x9:0xffffffff x29:0x00013000  x0=0x00000000
      143135000	      7055	80007108	02d917b3	mulh	x15,x18,x13	 x18:0xffffffed x13:0xffffffe1 x15=0x00000000
      143155000	      7056	8000710c	c109	c.beqz	x10,8000710e	 x10:0x000006e1
      143195000	      7058	8000710e	030e9c33	mulh	x24,x29,x16	 x29:0x00013000 x16:0x800218f7 x24=0xffff6802
      143215000	      7059	80007112	04f2	c.slli	x9,0x1c	  x9:0xffffffff  x9=0xf0000000
      143235000	      7060	80007114	00cb8333	add	x6,x23,x12	 x23:0x0000011f x12:0x80021d6d  x6=0x80021e8c
      143255000	      7061	80007118	0068a933	slt	x18,x17,x6	 x17:0x00000000  x6:0x80021e8c x18=0x00000000
      143315000	      7064	8000711c	40310633	sub	x12,x2,x3	  x2:0x00000120  x3:0x00000000 x12=0x00000120
      143355000	      7066	80007120	020d1bb3	mulh	x23,x26,x0	 x26:0x80025ce4  x0:0x00000000 x23=0x00000000
      143475000	      7072	80007124	6105	c.addi16sp	x2,32	  x2:0x00000120  x2=0x00000140
      143895000	      7093	80007126	039c4293	xori	x5,x24,57	 x24:0xffff6802  x5=0xffff683b
      143915000	      7094	8000712a	8c15	c.sub	x8,x13	  x8:0x00004000 x13:0xffffffe1  x8=0x0000401f
      143935000	      7095	8000712c	82b1	c.srli	x13,0xc	 x13:0xffffffe1 x13=0x000fffff
      144095000	      7103	8000712e	4149d8b3	sra	x17,x19,x20	 x19:0x80021e0c x20:0x00013000 x17=0x80021e0c
      144835000	      7140	80007132	03ed4ab3	div	x21,x26,x30	 x26:0x80025ce4 x30:0xffffffff x21=0x7ffda31c
      145575000	      7177	80007136	02eec733	div	x14,x29,x14	 x29:0x00013000 x14:0x80021e0c x14=0x00000000
      145595000	      7178	8000713a	03867563	bgeu	x12,x24,80007164	 x12:0x00000120 x24:0xffff6802
      145615000	      7179	8000713e	00c75c63	bge	x14,x12,80007156	 x14:0x00000000 x12:0x00000120
      145635000	      7180	80007142	03530eb3	mul	x29,x6,x21	  x6:0x80021e8c x21:0x7ffda31c x29=0xfe0a7b50
      145655000	      7181	80007146	0001	c.addi	x0,0	  x0:0x00000000  x0=0x00000000
      145675000	      7182	80007148	5efd	c.li	x29,-1	 x29=0xffffffff
      145715000	      7184	8000714a	03ab9eb3	mulh	x29,x23,x26	 x23:0x00000000 x26:0x80025ce4 x29=0x00000000
      145735000	      7185	8000714e	88b5	c.andi	x9,13	  x9:0xf0000000  x9=0x00000000
      145835000	      7190	80007150	5f7d	c.li	x30,-1	 x30=0xffffffff
      145855000	      7191	80007152	7e167113	andi	x2,x12,2017	 x12:0x00000120  x2=0x00000120
      145915000	      7194	80007156	41e18f33	sub	x30,x3,x30	  x3:0x00000000 x30:0xffffffff x30=0x00000001
      146315000	      7214	8000715a	034ad263	bge	x21,x20,8000717e	 x21:0x7ffda31c x20:0x00013000
      146715000	      7234	8000717e	8dad	c.xor	x11,x11	 x11:0x00000000 x11:0x00000000 x11=0x00000000
      147015000	      7249	80007180	997d	c.andi	x10,-1	 x10:0x000006e1 x10=0x000006e1
      147035000	      7250	80007182	80bd	c.srli	x9,0xf	  x9:0x00000000  x9=0x00000000
      147215000	      7259	80007184	03831a33	mulh	x20,x6,x24	  x6:0x80021e8c x24:0xffff6802 x20=0x00004bfd
      147955000	      7296	80007188	034c5cb3	divu	x25,x24,x20	 x24:0xffff6802 x20:0x00004bfd x25=0x00035e70
      147975000	      7297	8000718c	8f5d	c.or	x14,x15	 x14:0x00000000 x15:0x00000000 x14=0x00000000
      147995000	      7298	8000718e	6323e213	ori	x4,x7,1586	  x7:0xfaeb9c09  x4=0xfaeb9e3b
      148015000	      7299	80007192	4be1	c.li	x23,24	 x23=0x00000018
      148035000	      7300	80007194	0030e363	bltu	x1,x3,8000719a	  x1:0x00004000  x3:0x00000000
      148055000	      7301	80007198	cd01	c.beqz	x10,800071b0	 x10:0x000006e1
      148075000	      7302	8000719a	00e10263	beq	x2,x14,8000719e	  x2:0x00000120 x14:0x00000000
      148095000	      7303	8000719e	6f6d	c.lui	x30,0x1b	 x30=0x0001b000
      148115000	      7304	800071a0	c309	c.beqz	x14,800071a2	 x14:0x00000000
      148915000	      7344	800071a2	e289	c.bnez	x13,800071a4	 x13:0x000fffff
      148995000	      7348	800071a4	9cbcb813	sltiu	x16,x25,-1589	 x25:0x00035e70 x16=0x00000001
      149015000	      7349	800071a8	821e2013	slti	x0,x28,-2015	 x28:0xfffffcb4  x0=0x00000000
      149035000	      7350	800071ac	01ac3eb3	sltu	x29,x24,x26	 x24:0xffff6802 x26:0x80025ce4 x29=0x00000000
      149055000	      7351	800071b0	84f9	c.srai	x9,0x1e	  x9:0x00000000  x9=0x00000000
      149075000	      7352	800071b2	54e94f13	xori	x30,x18,1358	 x18:0x00000000 x30=0x0000054e
      149215000	      7359	800071b6	3f712513	slti	x10,x2,1015	  x2:0x00000120 x10=0x00000001
      149235000	      7360	800071ba	610d	c.addi16sp	x2,160	  x2:0x00000120  x2=0x000001c0
      149255000	      7361	800071bc	9752	c.add	x14,x20	 x14:0x00000000 x20:0x00004bfd x14=0x00004bfd
      149555000	      7376	800071be	02832033	mulhsu	x0,x6,x8	  x6:0x80021e8c  x8:0x0000401f  x0=0x00000000
      149575000	      7377	800071c2	40885433	sra	x8,x16,x8	 x16:0x00000001  x8:0x0000401f  x8=0x00000000
      149595000	      7378	800071c6	41c9d813	srai	x16,x19,0x1c	 x19:0x80021e0c x16=0xfffffff8
      149615000	      7379	800071ca	e819	c.bnez	x8,800071e0	  x8:0x00000000
      149635000	      7380	800071cc	968a	c.add	x13,x2	 x13:0x000fffff  x2:0x000001c0 x13=0x001001bf
      149695000	      7383	800071ce	00991793	slli	x15,x18,0x9	 x18:0x00000000 x15=0x00000000
      149975000	      7397	800071d2	53226813	ori	x16,x4,1330	  x4:0xfaeb9e3b x16=0xfaeb9f3b
      149995000	      7398	800071d6	987d	c.andi	x8,-1	  x8:0x00000000  x8=0x00000000
      150015000	      7399	800071d8	014b9b63	bne	x23,x20,800071ee	 x23:0x00000018 x20:0x00004bfd
      150535000	      7425	800071ee	9a92	c.add	x21,x4	 x21:0x7ffda31c  x4:0xfaeb9e3b x21=0x7ae94157
      150775000	      7437	800071f0	0ff0000f	fence	iorw,iorw	
      150795000	      7438	800071f4	406e8333	sub	x6,x29,x6	 x29:0x00000000  x6:0x80021e8c  x6=0x7ffde174
      150835000	      7440	800071f8	01b4f8b3	and	x17,x9,x27	  x9:0x00000000 x27:0x00000000 x17=0x00000000
      150935000	      7445	800071fc	9a26c013	xori	x0,x13,-1630	 x13:0x001001bf  x0=0x00000000
      150955000	      7446	80007200	717d	c.addi16sp	x2,-16	  x2:0x000001c0  x2=0x000001b0
      150975000	      7447	80007202	02f385b3	mul	x11,x7,x15	  x7:0xfaeb9c09 x15:0x00000000 x11=0x00000000
      150995000	      7448	80007206	064a	c.slli	x12,0x12	 x12:0x00000120 x12=0x04800000
      151075000	      7452	80007208	0000100f	fence.i	
      151495000	      7473	8000720c	0ff0000f	fence	iorw,iorw	
      151515000	      7474	80007210	0000100f	fence.i	
      151675000	      7482	80007214	0001	c.addi	x0,0	  x0:0x00000000  x0=0x00000000
      151695000	      7483	80007216	6125	c.addi16sp	x2,96	  x2:0x000001b0  x2=0x00000210
      151715000	      7484	80007218	ffca37b7	lui	x15,0xffca3	 x15=0xffca3000
      151735000	      7485	8000721c	0001	c.addi	x0,0	  x0:0x00000000  x0=0x00000000
      151755000	      7486	8000721e	717d	c.addi16sp	x2,-16	  x2:0x00000210  x2=0x00000200
      151775000	      7487	80007220	00561733	sll	x14,x12,x5	 x12:0x04800000  x5:0xffff683b x14=0x00000000
      151795000	      7488	80007224	00929e13	slli	x28,x5,0x9	  x5:0xffff683b x28=0xfed07600
      152015000	      7499	80007228	03f82933	mulhsu	x18,x16,x31	 x16:0xfaeb9f3b x31:0x181c0000 x18=0xff8588b2
      152115000	      7504	8000722c	0174f933	and	x18,x9,x23	  x9:0x00000000 x23:0x00000018 x18=0x00000000
      152495000	      7523	80007230	416b0bb3	sub	x23,x22,x22	 x22:0xffffffff x22:0xffffffff x23=0x00000000
      152515000	      7524	80007234	1118	c.addi4spn	x14,x2,160	 x14=0x000002a0
      152795000	      7538	80007236	61dc3293	sltiu	x5,x24,1565	 x24:0xffff6802  x5=0x00000000
      152835000	      7540	8000723a	03e635b3	mulhu	x11,x12,x30	 x12:0x04800000 x30:0x0000054e x11=0x00000017
      152855000	      7541	8000723e	829a	c.mv	x5,x6	  x0:0x00000000  x6:0x7ffde174  x5=0x7ffde174
      152875000	      7542	80007240	8969	c.andi	x10,26	 x10:0x00000001 x10=0x00000000
      152895000	      7543	80007242	ff6c2c37	lui	x24,0xff6c2	 x24=0xff6c2000
      152935000	      7545	80007246	e46ec593	xori	x11,x29,-442	 x29:0x00000000 x11=0xfffffe46
      153135000	      7555	8000724a	89a47113	andi	x2,x8,-1894	  x8:0x00000000  x2=0x00000000
      153155000	      7556	8000724e	40c98ab3	sub	x21,x19,x12	 x19:0x80021e0c x12:0x04800000 x21=0x7b821e0c
      153175000	      7557	80007252	002a1a63	bne	x20,x2,80007266	 x20:0x00004bfd  x2:0x00000000
      153575000	      7577	80007266	a6a99ab7	lui	x21,0xa6a99	 x21=0xa6a99000
      153595000	      7578	8000726a	45e9	c.li	x11,26	 x11=0x0000001a
      153615000	      7579	8000726c	01cc9663	bne	x25,x28,80007278	 x25:0x00035e70 x28:0xfed07600
      154875000	      7642	80007278	c481	c.beqz	x9,80007280	  x9:0x00000000
      155935000	      7695	80007280	40755913	srai	x18,x10,0x7	 x10:0x00000000 x18=0x00000000
      155995000	      7698	80007284	026e08b3	mul	x17,x28,x6	 x28:0xfed07600  x6:0x7ffde174 x17=0x4c2b7800
      156015000	      7699	80007288	416d8bb3	sub	x23,x27,x22	 x27:0x00000000 x22:0xffffffff x23=0x00000001
      156115000	      7704	8000728c	df6645b7	lui	x11,0xdf664	 x11=0xdf664000
      156155000	      7706	80007290	026214b3	mulh	x9,x4,x6	  x4:0xfaeb9e3b  x6:0x7ffde174  x9=0xfd75d9e1
      156555000	      7726	80007294	013c26b3	slt	x13,x24,x19	 x24:0xff6c2000 x19:0x80021e0c x13=0x00000000
      156755000	      7736	80007298	04b32c17	auipc	x24,0x4b32	 x24=0x84b39298
      156875000	      7742	8000729c	40b08b33	sub	x22,x1,x11	  x1:0x00004000 x11:0xdf664000 x22=0x209a0000
      157055000	      7751	800072a0	8429	c.srai	x8,0xa	  x8:0x00000000  x8=0x00000000
      157075000	      7752	800072a2	876d	c.srai	x14,0x1b	 x14:0x000002a0 x14=0x00000000
      157095000	      7753	800072a4	01651a33	sll	x20,x10,x22	 x10:0x00000000 x22:0x209a0000 x20=0x00000000
      157115000	      7754	800072a8	009c7f63	bgeu	x24,x9,800072c6	 x24:0x84b39298  x9:0xfd75d9e1
      157215000	      7759	800072ac	83470193	addi	x3,x14,-1996	 x14:0x00000000  x3=0xfffff834
      157335000	      7765	800072b0	00bb1413	slli	x8,x22,0xb	 x22:0x209a0000  x8=0xd0000000
      157375000	      7767	800072b4	028e9a33	mulh	x20,x29,x8	 x29:0x00000000  x8:0xd0000000 x20=0x00000000
      157395000	      7768	800072b8	840ceeb7	lui	x29,0x840ce	 x29=0x840ce000
      157415000	      7769	800072bc	0001	c.addi	x0,0	  x0:0x00000000  x0=0x00000000
      157835000	      7790	800072be	04f68163	beq	x13,x15,80007300	 x13:0x00000000 x15:0xffca3000
      158675000	      7832	800072c2	0338fcb3	remu	x25,x17,x19	 x17:0x4c2b7800 x19:0x80021e0c x25=0x4c2b7800
      158695000	      7833	800072c6	0126e933	or	x18,x13,x18	 x13:0x00000000 x18:0x00000000 x18=0x00000000
      158715000	      7834	800072ca	00e9d2b3	srl	x5,x19,x14	 x19:0x80021e0c x14:0x00000000  x5=0x80021e0c
      158735000	      7835	800072ce	80ed	c.srli	x9,0x1b	  x9:0xfd75d9e1  x9=0x0000001f
      158755000	      7836	800072d0	87e1	c.srai	x15,0x18	 x15:0xffca3000 x15=0xffffffff
      158775000	      7837	800072d2	40a456b3	sra	x13,x8,x10	  x8:0xd0000000 x10:0x00000000 x13=0xd0000000
      158795000	      7838	800072d6	0cd9	c.addi	x25,22	 x25:0x4c2b7800 x25=0x4c2b7816
      158815000	      7839	800072d8	8c59	c.or	x8,x14	  x8:0xd0000000 x14:0x00000000  x8=0xd0000000
      158835000	      7840	800072da	00da6763	bltu	x20,x13,800072e8	 x20:0x00000000 x13:0xd0000000
      159695000	      7883	800072e8	0001	c.addi	x0,0	  x0:0x00000000  x0=0x00000000
      159875000	      7892	800072ea	c0b2bc13	sltiu	x24,x5,-1013	  x5:0x80021e0c x24=0x00000001
      160015000	      7899	800072ee	013a8033	add	x0,x21,x19	 x21:0xa6a99000 x19:0x80021e0c  x0=0x00000000
      160175000	      7907	800072f2	4129dc33	sra	x24,x19,x18	 x19:0x80021e0c x18:0x00000000 x24=0x80021e0c
      160195000	      7908	800072f6	03260533	mul	x10,x12,x18	 x12:0x04800000 x18:0x00000000 x10=0x00000000
      160215000	      7909	800072fa	8ca1	c.xor	x9,x8	  x9:0x0000001f  x8:0xd0000000  x9=0xd000001f
      160375000	      7917	800072fc	007b4eb3	xor	x29,x22,x7	 x22:0x209a0000  x7:0xfaeb9c09 x29=0xda719c09
      160575000	      7927	80007300	0271a0b3	mulhsu	x1,x3,x7	  x3:0xfffff834  x7:0xfaeb9c09  x1=0xfffff85b
      160875000	      7942	80007304	58306813	ori	x16,x0,1411	  x0:0x00000000 x16=0x00000583
      160895000	      7943	80007308	3534f493	andi	x9,x9,851	  x9:0xd000001f  x9=0x00000013
      160975000	      7947	8000730c	cc19	c.beqz	x8,8000732a	  x8:0xd0000000
      160995000	      7948	8000730e	4c6d	c.li	x24,27	 x24=0x0000001b
      161015000	      7949	80007310	6a71	c.lui	x20,0x1c	 x20=0x0001c000
      161035000	      7950	80007312	0191d133	srl	x2,x3,x25	  x3:0xfffff834 x25:0x4c2b7816  x2=0x000003ff
      161055000	      7951	80007316	9b7d	c.andi	x14,-1	 x14:0x00000000 x14=0x00000000
      161075000	      7952	80007318	0116e933	or	x18,x13,x17	 x13:0xd0000000 x17:0x4c2b7800 x18=0xdc2b7800
      161355000	      7966	8000731c	ba1c1a37	lui	x20,0xba1c1	 x20=0xba1c1000
      161375000	      7967	80007320	0ff0000f	fence	iorw,iorw	
      161395000	      7968	80007324	99fd	c.andi	x11,-1	 x11:0xdf664000 x11=0xdf664000
      161815000	      7989	80007326	a90e7813	andi	x16,x28,-1392	 x28:0xfed07600 x16=0xfed07200
      161835000	      7990	8000732a	0dae	c.slli	x27,0xb	 x27:0x00000000 x27=0x00000000
      162615000	      8029	8000732c	026bdcb3	divu	x25,x23,x6	 x23:0x00000001  x6:0x7ffde174 x25=0x00000000
      162635000	      8030	80007330	0092e7b3	or	x15,x5,x9	  x5:0x80021e0c  x9:0x00000013 x15=0x80021e1f
      162655000	      8031	80007334	02ab7163	bgeu	x22,x10,80007356	 x22:0x209a0000 x10:0x00000000
      163115000	      8054	80007356	025b18b3	mulh	x17,x22,x5	 x22:0x209a0000  x5:0x80021e0c x17=0xefb34507
      163515000	      8074	8000735a	0185c7b3	xor	x15,x11,x24	 x11:0xdf664000 x24:0x0000001b x15=0xdf66401b
      164255000	      8111	8000735e	028ac833	div	x16,x21,x8	 x21:0xa6a99000  x8:0xd0000000 x16=0x00000001
      164275000	      8112	80007362	57374693	xori	x13,x14,1395	 x14:0x00000000 x13=0x00000573
      164295000	      8113	80007366	8075	c.srli	x8,0x1d	  x8:0xd0000000  x8=0x00000006
      164315000	      8114	80007368	406c8733	sub	x14,x25,x6	 x25:0x00000000  x6:0x7ffde174 x14=0x80021e8c
      164335000	      8115	8000736c	0068c1b3	xor	x3,x17,x6	 x17:0xefb34507  x6:0x7ffde174  x3=0x904ea473
      164355000	      8116	80007370	0ff0000f	fence	iorw,iorw	
      164375000	      8117	80007374	01ae	c.slli	x3,0xb	  x3:0x904ea473  x3=0x75239800
      164455000	      8121	80007376	02831363	bne	x6,x8,8000739c	  x6:0x7ffde174  x8:0x00000006
      165255000	      8161	8000739c	c8288193	addi	x3,x17,-894	 x17:0xefb34507  x3=0xefb34189
      165295000	      8163	800073a0	40ee5213	srai	x4,x28,0xe	 x28:0xfed07600  x4=0xfffffb41
      165715000	      8184	800073a4	854d	c.srai	x10,0x13	 x10:0x00000000 x10=0x00000000
      165775000	      8187	800073a6	0016b333	sltu	x6,x13,x1	 x13:0x00000573  x1:0xfffff85b  x6=0x00000001
      165795000	      8188	800073aa	006c1b93	slli	x23,x24,0x6	 x24:0x0000001b x23=0x000006c0
      165815000	      8189	800073ae	8fc1	c.or	x15,x8	 x15:0xdf66401b  x8:0x00000006 x15=0xdf66401f
      177475000	      8772	800073b0	8fa1	c.xor	x15,x8	 x15:0xdf66401f  x8:0x00000006 x15=0xdf664019
      177495000	      8773	800073b2	34c82113	slti	x2,x16,844	 x16:0x00000001  x2=0x00000001
      177515000	      8774	800073b6	ad765ab7	lui	x21,0xad765	 x21=0xad765000
      177535000	      8775	800073ba	011c5263	bge	x24,x17,800073be	 x24:0x0000001b x17:0xefb34507
      177615000	      8779	800073be	03809a33	mulh	x20,x1,x24	  x1:0xfffff85b x24:0x0000001b x20=0xffffffff
      177635000	      8780	800073c2	8ff1	c.and	x15,x12	 x15:0xdf664019 x12:0x04800000 x15=0x04000000
      177655000	      8781	800073c4	4008dd93	srai	x27,x17,0x0	 x17:0xefb34507 x27=0xefb34507
      178195000	      8808	800073c8	2f402413	slti	x8,x0,756	  x0:0x00000000  x8=0x00000001
      178215000	      8809	800073cc	8141	c.srli	x10,0x10	 x10:0x00000000 x10=0x00000000
      178595000	      8828	800073ce	0f0b2b17	auipc	x22,0xf0b2	 x22=0x8f0b93ce
      178615000	      8829	800073d2	c319	c.beqz	x14,800073d8	 x14:0x80021e8c
      179015000	      8849	800073d4	591bc913	xori	x18,x23,1425	 x23:0x000006c0 x18=0x00000351
      179035000	      8850	800073d8	8c2d	c.xor	x8,x11	  x8:0x00000001 x11:0xdf664000  x8=0xdf664001
      179055000	      8851	800073da	717d	c.addi16sp	x2,-16	  x2:0x00000001  x2=0xfffffff1
      179075000	      8852	800073dc	405f5c93	srai	x25,x30,0x5	 x30:0x0000054e x25=0x0000002a
      179115000	      8854	800073e0	0253b833	mulhu	x16,x7,x5	  x7:0xfaeb9c09  x5:0x80021e0c x16=0x7d77e14f
      179175000	      8857	800073e4	8c81	c.sub	x9,x8	  x9:0x00000013  x8:0xdf664001  x9=0x2099c012
      179595000	      8878	800073e6	ad866793	ori	x15,x12,-1320	 x12:0x04800000 x15=0xfffffad8
      179635000	      8880	800073ea	02c4a4b3	mulhsu	x9,x9,x12	  x9:0x2099c012 x12:0x04800000  x9=0x0092b3e0
      179655000	      8881	800073ee	0f08	c.addi4spn	x10,x2,912	 x10=0x00000381
      179675000	      8882	800073f0	ef01	c.bnez	x14,80007408	 x14:0x80021e8c
      180535000	      8925	80007408	01b6ef33	or	x30,x13,x27	 x13:0x00000573 x27:0xefb34507 x30=0xefb34577
      180655000	      8931	8000740c	08d1	c.addi	x17,20	 x17:0xefb34507 x17=0xefb3451b
      181395000	      8968	8000740e	03375333	divu	x6,x14,x19	 x14:0x80021e8c x19:0x80021e0c  x6=0x00000001
      181415000	      8969	80007412	fd484013	xori	x0,x16,-44	 x16:0x7d77e14f  x0=0x00000000
      181435000	      8970	80007416	5b7d	c.li	x22,-1	 x22=0xffffffff
      181455000	      8971	80007418	5bba16b7	lui	x13,0x5bba1	 x13=0x5bba1000
      181475000	      8972	8000741c	9bfd	c.andi	x15,-1	 x15:0xfffffad8 x15=0xfffffad8
      181495000	      8973	8000741e	82cd	c.srli	x13,0x13	 x13:0x5bba1000 x13=0x00000b77
      181515000	      8974	80007420	037c0b63	beq	x24,x23,80007456	 x24:0x0000001b x23:0x000006c0
      181535000	      8975	80007424	40fd8eb3	sub	x29,x27,x15	 x27:0xefb34507 x15:0xfffffad8 x29=0xefb34a2f
      181555000	      8976	80007428	0001	c.addi	x0,0	  x0:0x00000000  x0=0x00000000
      181955000	      8996	8000742a	000248b3	xor	x17,x4,x0	  x4:0xfffffb41  x0:0x00000000 x17=0xfffffb41
      181975000	      8997	8000742e	1b0c	c.addi4spn	x11,x2,432	 x11=0x000001a1
      182715000	      9034	80007430	030dd533	divu	x10,x27,x16	 x27:0xefb34507 x16:0x7d77e14f x10=0x00000001
      182735000	      9035	80007434	03d48963	beq	x9,x29,80007466	  x9:0x0092b3e0 x29:0xefb34a2f
      182755000	      9036	80007438	017f7833	and	x16,x30,x23	 x30:0xefb34577 x23:0x000006c0 x16=0x00000440
      183495000	      9073	8000743c	022f5e33	divu	x28,x30,x2	 x30:0xefb34577  x2:0xfffffff1 x28=0x00000000
      183515000	      9074	80007440	8039	c.srli	x8,0xe	  x8:0xdf664001  x8=0x00037d99
      183535000	      9075	80007442	01b65db3	srl	x27,x12,x27	 x12:0x04800000 x27:0xefb34507 x27=0x00090000
      184275000	      9112	80007446	034676b3	remu	x13,x12,x20	 x12:0x04800000 x20:0xffffffff x13=0x04800000
      185015000	      9149	8000744a	0372dc33	divu	x24,x5,x23	  x5:0x80021e0c x23:0x000006c0 x24=0x0012f6d5
      185035000	      9150	8000744e	01210463	beq	x2,x18,80007456	  x2:0xfffffff1 x18:0x00000351
      185055000	      9151	80007452	457694b7	lui	x9,0x45769	  x9=0x45769000
      185075000	      9152	80007456	0130db33	srl	x22,x1,x19	  x1:0xfffff85b x19:0x80021e0c x22=0x000fffff
      185095000	      9153	8000745a	01e25d63	bge	x4,x30,80007474	  x4:0xfffffb41 x30:0xefb34577
      185635000	      9180	80007474	03b4b833	mulhu	x16,x9,x27	  x9:0x45769000 x27:0x00090000 x16=0x0002712b
      185775000	      9187	80007478	7e288b13	addi	x22,x17,2018	 x17:0xfffffb41 x22=0x00000323
      186195000	      9208	8000747c	010ddc33	srl	x24,x27,x16	 x27:0x00090000 x16:0x0002712b x24=0x00000120
      186215000	      9209	80007480	401ddeb3	sra	x29,x27,x1	 x27:0x00090000  x1:0xfffff85b x29=0x00000000
      186235000	      9210	80007484	0037fbb3	and	x23,x15,x3	 x15:0xfffffad8  x3:0xefb34189 x23=0xefb34088
      186255000	      9211	80007488	0ff0000f	fence	iorw,iorw	
      186275000	      9212	8000748c	01365a13	srli	x20,x12,0x13	 x12:0x04800000 x20=0x00000090
      186395000	      9218	80007490	7c26f013	andi	x0,x13,1986	 x13:0x04800000  x0=0x00000000
      187135000	      9255	80007494	022461b3	rem	x3,x8,x2	  x8:0x00037d99  x2:0xfffffff1  x3=0x0000000b
      187155000	      9256	80007498	8d41	c.or	x10,x8	 x10:0x00000001  x8:0x00037d99 x10=0x00037d99
      187175000	      9257	8000749a	8ff1	c.and	x15,x12	 x15:0xfffffad8 x12:0x04800000 x15=0x04800000
      187195000	      9258	8000749c	00b33a33	sltu	x20,x6,x11	  x6:0x00000001 x11:0x000001a1 x20=0x00000001
      187215000	      9259	800074a0	c795	c.beqz	x15,800074cc	 x15:0x04800000
      187235000	      9260	800074a2	c315	c.beqz	x14,800074c6	 x14:0x80021e8c
      187275000	      9262	800074a4	036a32b3	mulhu	x5,x20,x22	 x20:0x00000001 x22:0x00000323  x5=0x00000000
      187295000	      9263	800074a8	628d	c.lui	x5,0x3	  x5=0x00003000
      187315000	      9264	800074aa	410fd333	sra	x6,x31,x16	 x31:0x181c0000 x16:0x0002712b  x6=0x00030380
      187335000	      9265	800074ae	8bd6	c.mv	x23,x21	  x0:0x00000000 x21:0xad765000 x23=0xad765000
      187715000	      9284	800074b0	167d	c.addi	x12,-1	 x12:0x04800000 x12=0x047fffff
      187735000	      9285	800074b2	0001	c.addi	x0,0	  x0:0x00000000  x0=0x00000000
      187775000	      9287	800074b4	03dfc2b3	div	x5,x31,x29	 x31:0x181c0000 x29:0x00000000  x5=0xffffffff
      188135000	      9305	800074b8	8f75	c.and	x14,x13	 x14:0x80021e8c x13:0x04800000 x14=0x00000000
      188155000	      9306	800074ba	8f55	c.or	x14,x13	 x14:0x00000000 x13:0x04800000 x14=0x04800000
      188255000	      9311	800074bc	0e710713	addi	x14,x2,231	  x2:0xfffffff1 x14=0x000000d8
      188275000	      9312	800074c0	cd01	c.beqz	x10,800074d8	 x10:0x00037d99
      188295000	      9313	800074c2	01cc9eb3	sll	x29,x25,x28	 x25:0x0000002a x28:0x00000000 x29=0x0000002a
      188315000	      9314	800074c6	8e9d	c.sub	x13,x15	 x13:0x04800000 x15:0x04800000 x13=0x00000000
      188335000	      9315	800074c8	003c8d63	beq	x25,x3,800074e2	 x25:0x0000002a  x3:0x0000000b
      188735000	      9335	800074cc	ed89	c.bnez	x11,800074e6	 x11:0x000001a1
      190475000	      9422	800074e6	15177e13	andi	x28,x14,337	 x14:0x000000d8 x28=0x00000050
      190495000	      9423	800074ea	4b05	c.li	x22,1	 x22=0x00000001
      190515000	      9424	800074ec	38423213	sltiu	x4,x4,900	  x4:0xfffffb41  x4=0x00000000
      191255000	      9461	800074f0	038fd7b3	divu	x15,x31,x24	 x31:0x181c0000 x24:0x00000120 x15=0x00156e38
      191275000	      9462	800074f4	009995b3	sll	x11,x19,x9	 x19:0x80021e0c  x9:0x45769000 x11=0x80021e0c
      191295000	      9463	800074f8	46cd	c.li	x13,19	 x13=0x00000013
      191315000	      9464	800074fa	997d	c.andi	x10,-1	 x10:0x00037d99 x10=0x00037d99
      191335000	      9465	800074fc	01c677b3	and	x15,x12,x28	 x12:0x047fffff x28:0x00000050 x15=0x00000050
      191355000	      9466	80007500	40c28533	sub	x10,x5,x12	  x5:0xffffffff x12:0x047fffff x10=0xfb800000
      191375000	      9467	80007504	eb64aa13	slti	x20,x9,-330	  x9:0x45769000 x20=0x00000000
      191595000	      9478	80007508	80c5	c.srli	x9,0x11	  x9:0x45769000  x9=0x000022bb
      191855000	      9491	8000750a	0000100f	fence.i	
      192835000	      9540	8000750e	00de4a63	blt	x28,x13,80007522	 x28:0x00000050 x13:0x00000013
      192875000	      9542	80007512	034b2f33	mulhsu	x30,x22,x20	 x22:0x00000001 x20:0x00000000 x30=0x00000000
      192895000	      9543	80007516	8055	c.srli	x8,0x15	  x8:0x00037d99  x8=0x00000000
      193275000	      9562	80007518	01545263	bge	x8,x21,8000751c	  x8:0x00000000 x21:0xad765000
      194495000	      9623	8000751c	884e	c.mv	x16,x19	  x0:0x00000000 x19:0x80021e0c x16=0x80021e0c
      194615000	      9629	8000751e	f617ceb7	lui	x29,0xf617c	 x29=0xf617c000
      194695000	      9633	80007522	00bf8c63	beq	x31,x11,8000753a	 x31:0x181c0000 x11:0x80021e0c
      194715000	      9634	80007526	6fe5	c.lui	x31,0x19	 x31=0x00019000
      194795000	      9638	80007528	10fd	c.addi	x1,-1	  x1:0xfffff85b  x1=0xfffff85a
      194815000	      9639	8000752a	8d85	c.sub	x11,x9	 x11:0x80021e0c  x9:0x000022bb x11=0x8001fb51
      194835000	      9640	8000752c	0000100f	fence.i	
      195035000	      9650	80007530	0000100f	fence.i	
      195375000	      9667	80007534	cfd22013	slti	x0,x4,-771	  x4:0x00000000  x0=0x00000000
      195795000	      9688	80007538	e08d	c.bnez	x9,8000755a	  x9:0x000022bb
      197515000	      9774	8000755a	033bf5b3	remu	x11,x23,x19	 x23:0xad765000 x19:0x80021e0c x11=0x2d7431f4
      197535000	      9775	8000755e	01281bb3	sll	x23,x16,x18	 x16:0x80021e0c x18:0x00000351 x23=0x3c180000
      197555000	      9776	80007562	8db1	c.xor	x11,x12	 x11:0x2d7431f4 x12:0x047fffff x11=0x290bce0b
      197575000	      9777	80007564	994fca93	xori	x21,x31,-1644	 x31:0x00019000 x21=0xfffe6994
      197595000	      9778	80007568	0de1	c.addi	x27,24	 x27:0x00090000 x27=0x00090018
      197635000	      9780	8000756a	037d1c33	mulh	x24,x26,x23	 x26:0x80025ce4 x23:0x3c180000 x24=0xe1f48dfe
      197655000	      9781	8000756e	4769	c.li	x14,26	 x14=0x0000001a
      197675000	      9782	80007570	c1668a93	addi	x21,x13,-1002	 x13:0x00000013 x21=0xfffffc29
      197695000	      9783	80007574	013c4463	blt	x24,x19,8000757c	 x24:0xe1f48dfe x19:0x80021e0c
      198875000	      9842	80007578	02b1c333	div	x6,x3,x11	  x3:0x0000000b x11:0x290bce0b  x6=0x00000000
      198915000	      9844	8000757c	03f09a33	mulh	x20,x1,x31	  x1:0xfffff85a x31:0x00019000 x20=0xffffffff
      198935000	      9845	80007580	4098da33	sra	x20,x17,x9	 x17:0xfffffb41  x9:0x000022bb x20=0xffffffff
      198955000	      9846	80007584	40495b33	sra	x22,x18,x4	 x18:0x00000351  x4:0x00000000 x22=0x00000351
      198975000	      9847	80007588	01c41563	bne	x8,x28,80007592	  x8:0x00000000 x28:0x00000050
      199075000	      9852	80007592	000d6663	bltu	x26,x0,8000759e	 x26:0x80025ce4  x0:0x00000000
      199115000	      9854	80007596	01cf20b3	slt	x1,x30,x28	 x30:0x00000000 x28:0x00000050  x1=0x00000001
      199135000	      9855	8000759a	01e1ea63	bltu	x3,x30,800075ae	  x3:0x0000000b x30:0x00000000
      199155000	      9856	8000759e	17fd	c.addi	x15,-1	 x15:0x00000050 x15=0x0000004f
      199315000	      9864	800075a0	8cd9	c.or	x9,x14	  x9:0x000022bb x14:0x0000001a  x9=0x000022bb
      200055000	      9901	800075a2	02e3e4b3	rem	x9,x7,x14	  x7:0xfaeb9c09 x14:0x0000001a  x9=0xfffffff9
      200075000	      9902	800075a6	00c616b3	sll	x13,x12,x12	 x12:0x047fffff x12:0x047fffff x13=0x80000000
      200095000	      9903	800075aa	00eef133	and	x2,x29,x14	 x29:0xf617c000 x14:0x0000001a  x2=0x00000000
      200115000	      9904	800075ae	03f68163	beq	x13,x31,800075d0	 x13:0x80000000 x31:0x00019000
      200135000	      9905	800075b2	0f35	c.addi	x30,13	 x30:0x00000000 x30=0x0000000d
      200395000	      9918	800075b4	98bae113	ori	x2,x21,-1653	 x21:0xfffffc29  x2=0xfffffdab
      200415000	      9919	800075b8	019b7e63	bgeu	x22,x25,800075d4	 x22:0x00000351 x25:0x0000002a
      200635000	      9930	800075d4	00070933	add	x18,x14,x0	 x14:0x0000001a  x0:0x00000000 x18=0x0000001a
      200755000	      9936	800075d8	e010a413	slti	x8,x1,-511	  x1:0x00000001  x8=0x00000000
      200795000	      9938	800075dc	030d2833	mulhsu	x16,x26,x16	 x26:0x80025ce4 x16:0x80021e0c x16=0xc0001f71
      201535000	      9975	800075e0	0329e933	rem	x18,x19,x18	 x19:0x80021e0c x18:0x0000001a x18=0xffffffea
      201555000	      9976	800075e4	00d9e463	bltu	x19,x13,800075ec	 x19:0x80021e0c x13:0x80000000
      202295000	     10013	800075e8	029840b3	div	x1,x16,x9	 x16:0xc0001f71  x9:0xfffffff9  x1=0x09248dcb
      202315000	     10014	800075ec	076a	c.slli	x14,0x1a	 x14:0x0000001a x14=0x68000000
      202335000	     10015	800075ee	21db7713	andi	x14,x22,541	 x22:0x00000351 x14=0x00000211
      202375000	     10017	800075f2	024cb533	mulhu	x10,x25,x4	 x25:0x0000002a  x4:0x00000000 x10=0x00000000
      202395000	     10018	800075f6	89ee2913	slti	x18,x28,-1890	 x28:0x00000050 x18=0x00000000
      202415000	     10019	800075fa	717d	c.addi16sp	x2,-16	  x2:0xfffffdab  x2=0xfffffd9b
      202435000	     10020	800075fc	004e5f33	srl	x30,x28,x4	 x28:0x00000050  x4:0x00000000 x30=0x00000050
      202455000	     10021	80007600	017ffc63	bgeu	x31,x23,80007618	 x31:0x00019000 x23:0x3c180000
      202775000	     10037	80007604	717d	c.addi16sp	x2,-16	  x2:0xfffffd9b  x2=0xfffffd8b
      202795000	     10038	80007606	717d	c.addi16sp	x2,-16	  x2:0xfffffd8b  x2=0xfffffd7b
      203535000	     10075	80007608	02ce51b3	divu	x3,x28,x12	 x28:0x00000050 x12:0x047fffff  x3=0x00000000
      203555000	     10076	8000760c	717d	c.addi16sp	x2,-16	  x2:0xfffffd7b  x2=0xfffffd6b
      203575000	     10077	8000760e	213cf8b7	lui	x17,0x213cf	 x17=0x213cf000
      203595000	     10078	80007612	feaa4213	xori	x4,x20,-22	 x20:0xffffffff  x4=0x00000015
      203615000	     10079	80007616	82b5	c.srli	x13,0xd	 x13:0x80000000 x13=0x00040000
      203635000	     10080	80007618	568fc713	xori	x14,x31,1384	 x31:0x00019000 x14=0x00019568
      203655000	     10081	8000761c	0174f8b3	and	x17,x9,x23	  x9:0xfffffff9 x23:0x3c180000 x17=0x3c180000
      204395000	     10118	80007620	022f5cb3	divu	x25,x30,x2	 x30:0x00000050  x2:0xfffffd6b x25=0x00000000
      204415000	     10119	80007624	984e	c.add	x16,x19	 x16:0xc0001f71 x19:0x80021e0c x16=0x40023d7d
      204435000	     10120	80007626	4e773d93	sltiu	x27,x14,1255	 x14:0x00019568 x27=0x00000000
      204455000	     10121	8000762a	949e	c.add	x9,x7	  x9:0xfffffff9  x7:0xfaeb9c09  x9=0xfaeb9c02
      204475000	     10122	8000762c	50bb0c93	addi	x25,x22,1291	 x22:0x00000351 x25=0x0000085c
      204495000	     10123	80007630	c991	c.beqz	x11,80007644	 x11:0x290bce0b
      204515000	     10124	80007632	0ff0000f	fence	iorw,iorw	
      204535000	     10125	80007636	81ae	c.mv	x3,x11	  x0:0x00000000 x11:0x290bce0b  x3=0x290bce0b
      204775000	     10137	80007638	0336	c.slli	x6,0xd	  x6:0x00000000  x6=0x00000000
      205915000	     10194	8000763a	03d6e433	rem	x8,x13,x29	 x13:0x00040000 x29:0xf617c000  x8=0x00040000
      205955000	     10196	8000763e	0269ba33	mulhu	x20,x19,x6	 x19:0x80021e0c  x6:0x00000000 x20=0x00000000
      205975000	     10197	80007642	e289	c.bnez	x13,80007644	 x13:0x00040000
      206015000	     10199	80007644	6121	c.addi16sp	x2,64	  x2:0xfffffd6b  x2=0xfffffdab
      206035000	     10200	80007646	009f5b33	srl	x22,x30,x9	 x30:0x00000050  x9:0xfaeb9c02 x22=0x00000014
      206775000	     10237	8000764a	03a977b3	remu	x15,x18,x26	 x18:0x00000000 x26:0x80025ce4 x15=0x00000000
      206795000	     10238	8000764e	41bd8b33	sub	x22,x27,x27	 x27:0x00000000 x27:0x00000000 x22=0x00000000
      206815000	     10239	80007652	9f72	c.add	x30,x28	 x30:0x00000050 x28:0x00000050 x30=0x000000a0
      206835000	     10240	80007654	10fd	c.addi	x1,-1	  x1:0x09248dcb  x1=0x09248dca
      206855000	     10241	80007656	01feee33	or	x28,x29,x31	 x29:0xf617c000 x31:0x00019000 x28=0xf617d000
      206875000	     10242	8000765a	a152cb17	auipc	x22,0xa152c	 x22=0x2153365a
      206895000	     10243	8000765e	86a9	c.srai	x13,0xa	 x13:0x00040000 x13=0x00000100
      207635000	     10280	80007660	039f4533	div	x10,x30,x25	 x30:0x000000a0 x25:0x0000085c x10=0x00000000
      208375000	     10317	80007664	0308ea33	rem	x20,x17,x16	 x17:0x3c180000 x16:0x40023d7d x20=0x3c180000
      208395000	     10318	80007668	8dfd	c.and	x11,x15	 x11:0x290bce0b x15:0x00000000 x11=0x00000000
      208415000	     10319	8000766a	01d06563	bltu	x0,x29,80007674	  x0:0x00000000 x29:0xf617c000
      208455000	     10321	80007674	01e4ebb3	or	x23,x9,x30	  x9:0xfaeb9c02 x30:0x000000a0 x23=0xfaeb9ca2
      208495000	     10323	80007678	03fe2933	mulhsu	x18,x28,x31	 x28:0xf617d000 x31:0x00019000 x18=0xfffff085
      208515000	     10324	8000767c	151c	c.addi4spn	x15,x2,672	 x15=0x0000004b
      209095000	     10353	8000767e	40c00033	sub	x0,x0,x12	  x0:0x00000000 x12:0x047fffff  x0=0x00000000
      209115000	     10354	80007682	41c55f93	srai	x31,x10,0x1c	 x10:0x00000000 x31=0x00000000
      209135000	     10355	80007686	028e9163	bne	x29,x8,800076a8	 x29:0xf617c000  x8:0x00040000
      209475000	     10372	800076a8	40bd5593	srai	x11,x26,0xb	 x26:0x80025ce4 x11=0xfff0004b
      209495000	     10373	800076ac	0155d763	bge	x11,x21,800076ba	 x11:0xfff0004b x21:0xfffffc29
      209515000	     10374	800076b0	8f69	c.and	x14,x10	 x14:0x00019568 x10:0x00000000 x14=0x00000000
      209575000	     10377	800076b2	01eac263	blt	x21,x30,800076b6	 x21:0xfffffc29 x30:0x000000a0
      210095000	     10403	800076b6	e089	c.bnez	x9,800076b8	  x9:0xfaeb9c02
      210135000	     10405	800076b8	c60d	c.beqz	x12,800076e2	 x12:0x047fffff
      210155000	     10406	800076ba	0161afb3	slt	x31,x3,x22	  x3:0x290bce0b x22:0x2153365a x31=0x00000000
      210255000	     10411	800076be	3be98413	addi	x8,x19,958	 x19:0x80021e0c  x8=0x800221ca
      210275000	     10412	800076c2	8cb1	c.xor	x9,x12	  x9:0xfaeb9c02 x12:0x047fffff  x9=0xfe9463fd
      210295000	     10413	800076c4	41bb04b3	sub	x9,x22,x27	 x22:0x2153365a x27:0x00000000  x9=0x2153365a
      210415000	     10419	800076c8	0001	c.addi	x0,0	  x0:0x00000000  x0=0x00000000
      210435000	     10420	800076ca	1c7d	c.addi	x24,-1	 x24:0xe1f48dfe x24=0xe1f48dfd
      210575000	     10427	800076cc	00f8dd93	srli	x27,x17,0xf	 x17:0x3c180000 x27=0x00007830
      210595000	     10428	800076d0	da2e5937	lui	x18,0xda2e5	 x18=0xda2e5000
      210655000	     10431	800076d4	46ce9bb7	lui	x23,0x46ce9	 x23=0x46ce9000
      210875000	     10442	800076d8	4361	c.li	x6,24	  x6=0x00000018
      210895000	     10443	800076da	01b87433	and	x8,x16,x27	 x16:0x40023d7d x27:0x00007830  x8=0x00003830
      211015000	     10449	800076de	00b89a13	slli	x20,x17,0xb	 x17:0x3c180000 x20=0xc0000000
      211035000	     10450	800076e2	01189133	sll	x2,x17,x17	 x17:0x3c180000 x17:0x3c180000  x2=0x3c180000
      211055000	     10451	800076e6	5a7d	c.li	x20,-1	 x20=0xffffffff
      211095000	     10453	800076e8	02ad9c33	mulh	x24,x27,x10	 x27:0x00007830 x10:0x00000000 x24=0x00000000
      211315000	     10464	800076ec	03614b63	blt	x2,x22,80007722	  x2:0x3c180000 x22:0x2153365a
      211335000	     10465	800076f0	0017ceb3	xor	x29,x15,x1	 x15:0x0000004b  x1:0x09248dca x29=0x09248d81
      211355000	     10466	800076f4	ea05	c.bnez	x12,80007724	 x12:0x047fffff
      211915000	     10494	80007724	0001	c.addi	x0,0	  x0:0x00000000  x0=0x00000000
      211935000	     10495	80007726	ee05	c.bnez	x12,8000775e	 x12:0x047fffff
      212875000	     10542	8000775e	0ff0000f	fence	iorw,iorw	
      212895000	     10543	80007762	8325	c.srli	x14,0x9	 x14:0x00000000 x14=0x00000000
      212915000	     10544	80007764	01d370b3	and	x1,x6,x29	  x6:0x00000018 x29:0x09248d81  x1=0x00000000
      212935000	     10545	80007768	6eb9	c.lui	x29,0xe	 x29=0x0000e000
      212955000	     10546	8000776a	0000100f	fence.i	
      213295000	     10563	8000776e	02f3f063	bgeu	x7,x15,8000778e	  x7:0xfaeb9c09 x15:0x0000004b
      214215000	     10609	8000778e	00942cb3	slt	x25,x8,x9	  x8:0x00003830  x9:0x2153365a x25=0x00000001
      214235000	     10610	80007792	01276263	bltu	x14,x18,80007796	 x14:0x00000000 x18:0xda2e5000
      214415000	     10619	80007796	1118	c.addi4spn	x14,x2,160	 x14=0x3c1800a0
      214835000	     10640	80007798	023f1163	bne	x30,x3,800077ba	 x30:0x000000a0  x3:0x290bce0b
      215195000	     10658	800077ba	00e4df63	bge	x9,x14,800077d8	  x9:0x2153365a x14:0x3c1800a0
      215215000	     10659	800077be	01970db3	add	x27,x14,x25	 x14:0x3c1800a0 x25:0x00000001 x27=0x3c1800a1
      215235000	     10660	800077c2	8da9	c.xor	x11,x10	 x11:0xfff0004b x10:0x00000000 x11=0xfff0004b
      215255000	     10661	800077c4	00a7f233	and	x4,x15,x10	 x15:0x0000004b x10:0x00000000  x4=0x00000000
      215295000	     10663	800077c8	01a60eb3	add	x29,x12,x26	 x12:0x047fffff x26:0x80025ce4 x29=0x84825ce3
      215455000	     10671	800077cc	01b0f763	bgeu	x1,x27,800077da	  x1:0x00000000 x27:0x3c1800a1
      215875000	     10692	800077d0	d7cfa193	slti	x3,x31,-644	 x31:0x00000000  x3=0x00000000
      215895000	     10693	800077d4	419950b3	sra	x1,x18,x25	 x18:0xda2e5000 x25:0x00000001  x1=0xed172800
      215975000	     10697	800077d8	8cc9	c.or	x9,x10	  x9:0x2153365a x10:0x00000000  x9=0x2153365a
      215995000	     10698	800077da	010c7563	bgeu	x24,x16,800077e4	 x24:0x00000000 x16:0x40023d7d
      216015000	     10699	800077de	063d	c.addi	x12,15	 x12:0x047fffff x12=0x0480000e
      216175000	     10707	800077e0	41cef013	andi	x0,x29,1052	 x29:0x84825ce3  x0=0x00000000
      216215000	     10709	800077e4	30dec913	xori	x18,x29,781	 x29:0x84825ce3 x18=0x84825fee
      216235000	     10710	800077e8	00361013	slli	x0,x12,0x3	 x12:0x0480000e  x0=0x00000000
      216255000	     10711	800077ec	8677a913	slti	x18,x15,-1945	 x15:0x0000004b x18=0x00000000
      216455000	     10721	800077f0	7ffcf593	andi	x11,x25,2047	 x25:0x00000001 x11=0x00000001
      216635000	     10730	800077f4	9aba	c.add	x21,x14	 x21:0xfffffc29 x14:0x3c1800a0 x21=0x3c17fcc9
      216655000	     10731	800077f6	54fd	c.li	x9,-1	  x9=0xffffffff
      216675000	     10732	800077f8	8f55	c.or	x14,x13	 x14:0x3c1800a0 x13:0x00000100 x14=0x3c1801a0
      216695000	     10733	800077fa	005c5633	srl	x12,x24,x5	 x24:0x00000000  x5:0xffffffff x12=0x00000000
      216715000	     10734	800077fe	0000100f	fence.i	
      217115000	     10754	80007802	3a80ac13	slti	x24,x1,936	  x1:0xed172800 x24=0x00000001
      217135000	     10755	80007806	d7639f97	auipc	x31,0xd7639	 x31=0x57640806
      217155000	     10756	8000780a	1b7d	c.addi	x22,-1	 x22:0x2153365a x22=0x21533659
      217195000	     10758	8000780c	02e12eb3	mulhsu	x29,x2,x14	  x2:0x3c180000 x14:0x3c1801a0 x29=0x0e1b42a1
      217215000	     10759	80007810	01fa5d93	srli	x27,x20,0x1f	 x20:0xffffffff x27=0x00000001
      217235000	     10760	80007814	717d	c.addi16sp	x2,-16	  x2:0x3c180000  x2=0x3c17fff0
      217475000	     10772	80007816	00619733	sll	x14,x3,x6	  x3:0x00000000  x6:0x00000018 x14=0x00000000
      217535000	     10775	8000781a	00516ab3	or	x21,x2,x5	  x2:0x3c17fff0  x5:0xffffffff x21=0xffffffff
      217555000	     10776	8000781e	01999363	bne	x19,x25,80007824	 x19:0x80021e0c x25:0x00000001
      217895000	     10793	80007824	1c1c	c.addi4spn	x15,x2,560	 x15=0x3c180220
      217915000	     10794	80007826	41fbd133	sra	x2,x23,x31	 x23:0x46ce9000 x31:0x57640806  x2=0x011b3a40
      218275000	     10812	8000782a	743e0e93	addi	x29,x28,1859	 x28:0xf617d000 x29=0xf617d743
      218415000	     10819	8000782e	0012d693	srli	x13,x5,0x1	  x5:0xffffffff x13=0x7fffffff
      218435000	     10820	80007832	8446	c.mv	x8,x17	  x0:0x00000000 x17:0x3c180000  x8=0x3c180000
      218735000	     10835	80007834	02399c33	mulh	x24,x19,x3	 x19:0x80021e0c  x3:0x00000000 x24=0x00000000
      219135000	     10855	80007838	40bbef13	ori	x30,x23,1035	 x23:0x46ce9000 x30=0x46ce940b
      219195000	     10858	8000783c	01a0b8b3	sltu	x17,x1,x26	  x1:0xed172800 x26:0x80025ce4 x17=0x00000000
      219215000	     10859	80007840	d8df0237	lui	x4,0xd8df0	  x4=0xd8df0000
      219535000	     10875	80007844	8d21	c.xor	x10,x8	 x10:0x00000000  x8:0x3c180000 x10=0x3c180000
      219955000	     10896	80007846	00d1d0b3	srl	x1,x3,x13	  x3:0x00000000 x13:0x7fffffff  x1=0x00000000
      220395000	     10918	8000784a	0233d4b3	divu	x9,x7,x3	  x7:0xfaeb9c09  x3:0x00000000  x9=0xffffffff
      220415000	     10919	8000784e	01641293	slli	x5,x8,0x16	  x8:0x3c180000  x5=0x00000000
      220435000	     10920	80007852	0cf6	c.slli	x25,0x1d	 x25:0x00000001 x25=0x20000000
      220515000	     10924	80007854	4185d713	srai	x14,x11,0x18	 x11:0x00000001 x14=0x00000000
      220895000	     10943	80007858	8675	c.srai	x12,0x1d	 x12:0x00000000 x12=0x00000000
      221035000	     10950	8000785a	00fd2db3	slt	x27,x26,x15	 x26:0x80025ce4 x15:0x3c180220 x27=0x00000001
      221195000	     10958	8000785e	0000100f	fence.i	
      222295000	     11013	80007862	00a35b93	srli	x23,x6,0xa	  x6:0x00000018 x23=0x00000000
      223215000	     11059	80007866	02ffc5b3	div	x11,x31,x15	 x31:0x57640806 x15:0x3c180220 x11=0x00000001
      223235000	     11060	8000786a	0014e333	or	x6,x9,x1	  x9:0xffffffff  x1:0x00000000  x6=0xffffffff
      223255000	     11061	8000786e	0067c4b3	xor	x9,x15,x6	 x15:0x3c180220  x6:0xffffffff  x9=0xc3e7fddf
      223275000	     11062	80007872	56fd	c.li	x13,-1	 x13=0xffffffff
      224015000	     11099	80007874	036a68b3	rem	x17,x20,x22	 x20:0xffffffff x22:0x21533659 x17=0xffffffff
      224035000	     11100	80007878	8e39	c.xor	x12,x14	 x12:0x00000000 x14:0x00000000 x12=0x00000000
      224055000	     11101	8000787a	997a	c.add	x18,x30	 x18:0x00000000 x30:0x46ce940b x18=0x46ce940b
      224075000	     11102	8000787c	00769313	slli	x6,x13,0x7	 x13:0xffffffff  x6=0xffffff80
      224095000	     11103	80007880	02260063	beq	x12,x2,800078a0	 x12:0x00000000  x2:0x011b3a40
      224115000	     11104	80007884	6145	c.addi16sp	x2,48	  x2:0x011b3a40  x2=0x011b3a70
      224135000	     11105	80007886	e815	c.bnez	x8,800078ba	  x8:0x3c180000
      224235000	     11110	800078ba	7251ee93	ori	x29,x3,1829	  x3:0x00000000 x29=0x00000725
      224255000	     11111	800078be	8ee1	c.and	x13,x8	 x13:0xffffffff  x8:0x3c180000 x13=0x3c180000
      224275000	     11112	800078c0	0159c233	xor	x4,x19,x21	 x19:0x80021e0c x21:0xffffffff  x4=0x7ffde1f3
      225035000	     11150	800078c4	03e8ef33	rem	x30,x17,x30	 x17:0xffffffff x30:0x46ce940b x30=0xffffffff
      225055000	     11151	800078c8	0000100f	fence.i	
      225315000	     11164	800078cc	0d04	c.addi4spn	x9,x2,656	  x9=0x011b3d00
      226055000	     11201	800078ce	026acb33	div	x22,x21,x6	 x21:0xffffffff  x6:0xffffff80 x22=0x00000000
      226075000	     11202	800078d2	013a61b3	or	x3,x20,x19	 x20:0xffffffff x19:0x80021e0c  x3=0xffffffff
      226095000	     11203	800078d6	8df9	c.and	x11,x14	 x11:0x00000001 x14:0x00000000 x11=0x00000000
      226115000	     11204	800078d8	018434b3	sltu	x9,x8,x24	  x8:0x3c180000 x24:0x00000000  x9=0x00000000
      226135000	     11205	800078dc	01861593	slli	x11,x12,0x18	 x12:0x00000000 x11=0x00000000
      226155000	     11206	800078e0	8dd9	c.or	x11,x14	 x11:0x00000000 x14:0x00000000 x11=0x00000000
      226195000	     11208	800078e2	038940b3	div	x1,x18,x24	 x18:0x46ce940b x24:0x00000000  x1=0xffffffff
      226215000	     11209	800078e6	1900	c.addi4spn	x8,x2,176	  x8=0x011b3b20
      226235000	     11210	800078e8	c9eda913	slti	x18,x27,-866	 x27:0x00000001 x18=0x00000000
      227095000	     11253	800078ec	0390d1b3	divu	x3,x1,x25	  x1:0xffffffff x25:0x20000000  x3=0x00000007
      227115000	     11254	800078f0	505ea893	slti	x17,x29,1285	 x29:0x00000725 x17=0x00000000
      227135000	     11255	800078f4	8db5	c.xor	x11,x13	 x11:0x00000000 x13:0x3c180000 x11=0x3c180000
      227155000	     11256	800078f6	01c10c63	beq	x2,x28,8000790e	  x2:0x011b3a70 x28:0xf617d000
      227175000	     11257	800078fa	970e	c.add	x14,x3	 x14:0x00000000  x3:0x00000007 x14=0x00000007
      227195000	     11258	800078fc	a09c2c93	slti	x25,x24,-1527	 x24:0x00000000 x25=0x00000000
      227215000	     11259	80007900	008acc63	blt	x21,x8,80007918	 x21:0xffffffff  x8:0x011b3b20
      227275000	     11262	80007918	537d	c.li	x6,-1	  x6=0xffffffff
      227295000	     11263	8000791a	8ecd	c.or	x13,x11	 x13:0x3c180000 x11:0x3c180000 x13=0x3c180000
      227655000	     11281	8000791c	906a3a13	sltiu	x20,x20,-1786	 x20:0xffffffff x20=0x00000000
      227675000	     11282	80007920	8c9d	c.sub	x9,x15	  x9:0x00000000 x15:0x3c180220  x9=0xc3e7fde0
      227695000	     11283	80007922	5ffd	c.li	x31,-1	 x31=0xffffffff
      227815000	     11289	80007924	0167a433	slt	x8,x15,x22	 x15:0x3c180220 x22:0x00000000  x8=0x00000000
      227975000	     11297	80007928	4175d213	srai	x4,x11,0x17	 x11:0x3c180000  x4=0x00000078
      228295000	     11313	8000792c	013b4ab3	xor	x21,x22,x19	 x22:0x00000000 x19:0x80021e0c x21=0x80021e0c
      228435000	     11320	80007930	0176dcb3	srl	x25,x13,x23	 x13:0x3c180000 x23:0x00000000 x25=0x3c180000
      228655000	     11331	80007934	0241a333	mulhsu	x6,x3,x4	  x3:0x00000007  x4:0x00000078  x6=0x00000000
      229455000	     11371	80007938	030f5bb3	divu	x23,x30,x16	 x30:0xffffffff x16:0x40023d7d x23=0x00000003
      229475000	     11372	8000793c	9b7d	c.andi	x14,-1	 x14:0x00000007 x14=0x00000007
      229495000	     11373	8000793e	03356563	bltu	x10,x19,80007968	 x10:0x3c180000 x19:0x80021e0c
      229575000	     11377	80007968	717d	c.addi16sp	x2,-16	  x2:0x011b3a70  x2=0x011b3a60
      229595000	     11378	8000796a	8d95	c.sub	x11,x13	 x11:0x3c180000 x13:0x3c180000 x11=0x00000000
      229615000	     11379	8000796c	056d6063	bltu	x26,x22,800079ac	 x26:0x80025ce4 x22:0x00000000
      229635000	     11380	80007970	717d	c.addi16sp	x2,-16	  x2:0x011b3a60  x2=0x011b3a50
      229655000	     11381	80007972	0001	c.addi	x0,0	  x0:0x00000000  x0=0x00000000
      229675000	     11382	80007974	003d0ab3	add	x21,x26,x3	 x26:0x80025ce4  x3:0x00000007 x21=0x80025ceb
      229815000	     11389	80007978	0167ceb3	xor	x29,x15,x22	 x15:0x3c180220 x22:0x00000000 x29=0x3c180220
      229935000	     11395	8000797c	01b57263	bgeu	x10,x27,80007980	 x10:0x3c180000 x27:0x00000001
      230095000	     11403	80007980	00fc9a13	slli	x20,x25,0xf	 x25:0x3c180000 x20=0x00000000
      230495000	     11423	80007984	8e6d	c.and	x12,x11	 x12:0x00000000 x11:0x00000000 x12=0x00000000
      230915000	     11444	80007986	6fbbfb93	andi	x23,x23,1787	 x23:0x00000003 x23=0x00000003
      231875000	     11492	8000798a	0217d4b3	divu	x9,x15,x1	 x15:0x3c180220  x1:0xffffffff  x9=0x00000000
      231895000	     11493	8000798e	036fd163	bge	x31,x22,800079b0	 x31:0xffffffff x22:0x00000000
      231935000	     11495	80007992	03634333	div	x6,x6,x22	  x6:0x00000000 x22:0x00000000  x6=0xffffffff
      231955000	     11496	80007996	610d	c.addi16sp	x2,160	  x2:0x011b3a50  x2=0x011b3af0
      231995000	     11498	80007998	02cae233	rem	x4,x21,x12	 x21:0x80025ceb x12:0x00000000  x4=0x80025ceb
      232015000	     11499	8000799c	83d5	c.srli	x15,0x15	 x15:0x3c180220 x15=0x000001e0
      232035000	     11500	8000799e	01315713	srli	x14,x2,0x13	  x2:0x011b3af0 x14=0x00000023
      232055000	     11501	800079a2	001b8433	add	x8,x23,x1	 x23:0x00000003  x1:0xffffffff  x8=0x00000002
      232095000	     11503	800079a6	03244733	div	x14,x8,x18	  x8:0x00000002 x18:0x00000000 x14=0xffffffff
      232115000	     11504	800079aa	c399	c.beqz	x15,800079b0	 x15:0x000001e0
      232155000	     11506	800079ac	03919b33	mulh	x22,x3,x25	  x3:0x00000007 x25:0x3c180000 x22=0x00000001
      232175000	     11507	800079b0	c031	c.beqz	x8,800079f4	  x8:0x00000002
      232335000	     11515	800079b2	03fb3e33	mulhu	x28,x22,x31	 x22:0x00000001 x31:0xffffffff x28=0x00000000
      233455000	     11571	800079b6	02e77bb3	remu	x23,x14,x14	 x14:0xffffffff x14:0xffffffff x23=0x00000000
      233475000	     11572	800079ba	0ff0000f	fence	iorw,iorw	
      233495000	     11573	800079be	552baf97	auipc	x31,0x552ba	 x31=0xd52c19be
      233515000	     11574	800079c2	1a716793	ori	x15,x2,423	  x2:0x011b3af0 x15=0x011b3bf7
      233555000	     11576	800079c6	031bc433	div	x8,x23,x17	 x23:0x00000000 x17:0x00000000  x8=0xffffffff
      233575000	     11577	800079ca	c601	c.beqz	x12,800079d2	 x12:0x00000000
      233795000	     11588	800079d2	c415	c.beqz	x8,800079fe	  x8:0xffffffff
      233995000	     11598	800079d4	03a09c63	bne	x1,x26,80007a0c	  x1:0xffffffff x26:0x80025ce4
      234615000	     11629	80007a0c	8625	c.srai	x12,0x9	 x12:0x00000000 x12=0x00000000
      234635000	     11630	80007a0e	0439	c.addi	x8,14	  x8:0xffffffff  x8=0x0000000d
      234895000	     11643	80007a10	0000100f	fence.i	
      235575000	     11677	80007a14	1d0b8d93	addi	x27,x23,464	 x23:0x00000000 x27=0x000001d0
      236015000	     11699	80007a18	025d7533	remu	x10,x26,x5	 x26:0x80025ce4  x5:0x00000000 x10=0x80025ce4
      236035000	     11700	80007a1c	0000100f	fence.i	
      236495000	     11723	80007a20	6ed1	c.lui	x29,0x14	 x29=0x00014000
      236915000	     11744	80007a22	afc2f713	andi	x14,x5,-1284	  x5:0x00000000 x14=0x00000000
      236935000	     11745	80007a26	00494733	xor	x14,x18,x4	 x18:0x00000000  x4:0x80025ceb x14=0x80025ceb
      237135000	     11755	80007a2a	6eaeb593	sltiu	x11,x29,1770	 x29:0x00014000 x11=0x00000000
      237155000	     11756	80007a2e	40415eb3	sra	x29,x2,x4	  x2:0x011b3af0  x4:0x80025ceb x29=0x00002367
      237295000	     11763	80007a32	002bdeb3	srl	x29,x23,x2	 x23:0x00000000  x2:0x011b3af0 x29=0x00000000
      237315000	     11764	80007a36	8f89	c.sub	x15,x10	 x15:0x011b3bf7 x10:0x80025ce4 x15=0x8118df13
      237495000	     11773	80007a38	96be	c.add	x13,x15	 x13:0x3c180000 x15:0x8118df13 x13=0xbd30df13
      237655000	     11781	80007a3a	00764263	blt	x12,x7,80007a3e	 x12:0x00000000  x7:0xfaeb9c09
      238035000	     11800	80007a3e	9845ff93	andi	x31,x11,-1660	 x11:0x00000000 x31=0x00000000
      238055000	     11801	80007a42	0001	c.addi	x0,0	  x0:0x00000000  x0=0x00000000
      238075000	     11802	80007a44	9b9a	c.add	x23,x6	 x23:0x00000000  x6:0xffffffff x23=0xffffffff
      238475000	     11822	80007a46	02738fb3	mul	x31,x7,x7	  x7:0xfaeb9c09  x7:0xfaeb9c09 x31=0x6ba0f851
      238495000	     11823	80007a4a	0ff0000f	fence	iorw,iorw	
      238515000	     11824	80007a4e	0096dc63	bge	x13,x9,80007a66	 x13:0xbd30df13  x9:0x00000000
      238535000	     11825	80007a52	8f9d	c.sub	x15,x15	 x15:0x8118df13 x15:0x8118df13 x15=0x00000000
      238555000	     11826	80007a54	9cae	c.add	x25,x11	 x25:0x3c180000 x11:0x00000000 x25=0x3c180000
      238735000	     11835	80007a56	0097d1b3	srl	x3,x15,x9	 x15:0x00000000  x9:0x00000000  x3=0x00000000
      238755000	     11836	80007a5a	8645	c.srai	x12,0x11	 x12:0x00000000 x12=0x00000000
      238775000	     11837	80007a5c	98fd	c.andi	x9,-1	  x9:0x00000000  x9=0x00000000
      238795000	     11838	80007a5e	01946e63	bltu	x8,x25,80007a7a	  x8:0x0000000d x25:0x3c180000
      239775000	     11887	80007a7a	0001	c.addi	x0,0	  x0:0x00000000  x0=0x00000000
      239855000	     11891	80007a7c	0009e263	bltu	x19,x0,80007a80	 x19:0x80021e0c  x0:0x00000000
      240015000	     11899	80007a80	0255e033	rem	x0,x11,x5	 x11:0x00000000  x5:0x00000000  x0=0x00000000
      240415000	     11919	80007a84	0bee	c.slli	x23,0x1b	 x23:0xffffffff x23=0xf8000000
      240535000	     11925	80007a86	00ec1463	bne	x24,x14,80007a8e	 x24:0x00000000 x14:0x80025ceb
      240815000	     11939	80007a8e	0c59	c.addi	x24,22	 x24:0x00000000 x24=0x00000016
      240875000	     11942	80007a90	0296c6b3	div	x13,x13,x9	 x13:0xbd30df13  x9:0x00000000 x13=0xffffffff
      241255000	     11961	80007a94	02c3ce33	div	x28,x7,x12	  x7:0xfaeb9c09 x12:0x00000000 x28=0xffffffff
      241415000	     11969	80007a98	c009	c.beqz	x8,80007a9a	  x8:0x0000000d
      241435000	     11970	80007a9a	86ad	c.srai	x13,0xb	 x13:0xffffffff x13=0xffffffff
      241835000	     11990	80007a9c	0d9a	c.slli	x27,0x6	 x27:0x000001d0 x27=0x00007400
      241855000	     11991	80007a9e	8e39	c.xor	x12,x14	 x12:0x00000000 x14:0x80025ceb x12=0x80025ceb
      241875000	     11992	80007aa0	55fd	c.li	x11,-1	 x11=0xffffffff
      242915000	     12044	80007aa2	037452b3	divu	x5,x8,x23	  x8:0x0000000d x23:0xf8000000  x5=0x00000000
      242935000	     12045	80007aa6	e199	c.bnez	x11,80007aac	 x11:0xffffffff
      242975000	     12047	80007aac	00e68f63	beq	x13,x14,80007aca	 x13:0xffffffff x14:0x80025ceb
      242995000	     12048	80007ab0	0155d613	srli	x12,x11,0x15	 x11:0xffffffff x12=0x000007ff
      243015000	     12049	80007ab4	4e936113	ori	x2,x6,1257	  x6:0xffffffff  x2=0xffffffff
      243295000	     12063	80007ab8	0001	c.addi	x0,0	  x0:0x00000000  x0=0x00000000
      243595000	     12078	80007aba	00eccc63	blt	x25,x14,80007ad2	 x25:0x3c180000 x14:0x80025ceb
      243615000	     12079	80007abe	003d5933	srl	x18,x26,x3	 x26:0x80025ce4  x3:0x00000000 x18=0x80025ce4
      243635000	     12080	80007ac2	006a2533	slt	x10,x20,x6	 x20:0x00000000  x6:0xffffffff x10=0x00000000
      243655000	     12081	80007ac6	81e2	c.mv	x3,x24	  x0:0x00000000 x24:0x00000016  x3=0x00000016
      243755000	     12086	80007ac8	8fe2	c.mv	x31,x24	  x0:0x00000000 x24:0x00000016 x31=0x00000016
      243775000	     12087	80007aca	8e45	c.or	x12,x9	 x12:0x000007ff  x9:0x00000000 x12=0x000007ff
      243795000	     12088	80007acc	1f7d	c.addi	x30,-1	 x30:0xffffffff x30=0xfffffffe
      253335000	     12565	80007ace	52cafb13	andi	x22,x21,1324	 x21:0x80025ceb x22=0x00000428
      253375000	     12567	80007ad2	027e1933	mulh	x18,x28,x7	 x28:0xffffffff  x7:0xfaeb9c09 x18=0x00000000
      253395000	     12568	80007ad6	8e61	c.and	x12,x8	 x12:0x000007ff  x8:0x0000000d x12=0x0000000d
      253415000	     12569	80007ad8	00743bb3	sltu	x23,x8,x7	  x8:0x0000000d  x7:0xfaeb9c09 x23=0x00000001
      253435000	     12570	80007adc	322afc13	andi	x24,x21,802	 x21:0x80025ceb x24=0x00000022
      253455000	     12571	80007ae0	0001	c.addi	x0,0	  x0:0x00000000  x0=0x00000000
      254035000	     12600	80007ae2	03dc8863	beq	x25,x29,80007b12	 x25:0x3c180000 x29:0x00000000
      254055000	     12601	80007ae6	0b08	c.addi4spn	x10,x2,400	 x10=0x0000018f
      254095000	     12603	80007ae8	8525	c.srai	x10,0x9	 x10:0x0000018f x10=0x00000000
      254115000	     12604	80007aea	00c06e63	bltu	x0,x12,80007b06	  x0:0x00000000 x12:0x0000000d
      254215000	     12609	80007b06	ca01	c.beqz	x12,80007b16	 x12:0x0000000d
      254415000	     12619	80007b08	0001	c.addi	x0,0	  x0:0x00000000  x0=0x00000000
      254475000	     12622	80007b0a	98f1b793	sltiu	x15,x3,-1649	  x3:0x00000016 x15=0x00000001
      254675000	     12632	80007b0e	47543313	sltiu	x6,x8,1141	  x8:0x0000000d  x6=0x00000001
      254755000	     12636	80007b12	0073a8b3	slt	x17,x7,x7	  x7:0xfaeb9c09  x7:0xfaeb9c09 x17=0x00000000
      254775000	     12637	80007b16	e811	c.bnez	x8,80007b2a	  x8:0x0000000d
      255555000	     12676	80007b2a	46f4f613	andi	x12,x9,1135	  x9:0x00000000 x12=0x00000000
      255575000	     12677	80007b2e	4b95	c.li	x23,5	 x23=0x00000005
      255595000	     12678	80007b30	01d45613	srli	x12,x8,0x1d	  x8:0x0000000d x12=0x00000000
      256015000	     12699	80007b34	02bb4063	blt	x22,x11,80007b54	 x22:0x00000428 x11:0xffffffff
      256095000	     12703	80007b38	8bee	c.mv	x23,x27	  x0:0x00000000 x27:0x00007400 x23=0x00007400
      256235000	     12710	80007b3a	27057d93	andi	x27,x10,624	 x10:0x00000000 x27=0x00000000
      256255000	     12711	80007b3e	9bfd	c.andi	x15,-1	 x15:0x00000001 x15=0x00000001
      256355000	     12716	80007b40	0325a8b3	mulhsu	x17,x11,x18	 x11:0xffffffff x18:0x00000000 x17=0x00000000
      256515000	     12724	80007b44	800d	c.srli	x8,0x3	  x8:0x0000000d  x8=0x00000001
      256695000	     12733	80007b46	0149cf63	blt	x19,x20,80007b64	 x19:0x80021e0c x20:0x00000000
      257235000	     12760	80007b64	0ff0000f	fence	iorw,iorw	
      257275000	     12762	80007b68	991a05b7	lui	x11,0x991a0	 x11=0x991a0000
      257295000	     12763	80007b6c	0165f5b3	and	x11,x11,x22	 x11:0x991a0000 x22:0x00000428 x11=0x00000000
      257735000	     12785	80007b70	663d	c.lui	x12,0xf	 x12=0x0000f000
      257755000	     12786	80007b72	6b41	c.lui	x22,0x10	 x22=0x00010000
      258015000	     12799	80007b74	0366	c.slli	x6,0x19	  x6:0x00000001  x6=0x02000000
      258035000	     12800	80007b76	00509bb3	sll	x23,x1,x5	  x1:0xffffffff  x5:0x00000000 x23=0xffffffff
      259175000	     12857	80007b7a	021850b3	divu	x1,x16,x1	 x16:0x40023d7d  x1:0xffffffff  x1=0x00000000
      259195000	     12858	80007b7e	001f2f33	slt	x30,x30,x1	 x30:0xfffffffe  x1:0x00000000 x30=0x00000001
      259215000	     12859	80007b82	b25e8093	addi	x1,x29,-1243	 x29:0x00000000  x1=0xfffffb25
      259235000	     12860	80007b86	0001	c.addi	x0,0	  x0:0x00000000  x0=0x00000000
      259255000	     12861	80007b88	099c	c.addi4spn	x15,x2,208	 x15=0x000000cf
      259275000	     12862	80007b8a	01ae7f97	auipc	x31,0x1ae7	 x31=0x81aeeb8a
      259295000	     12863	80007b8e	0001	c.addi	x0,0	  x0:0x00000000  x0=0x00000000
      259315000	     12864	80007b90	81ce	c.mv	x3,x19	  x0:0x00000000 x19:0x80021e0c  x3=0x80021e0c
      259335000	     12865	80007b92	c74e2793	slti	x15,x28,-908	 x28:0xffffffff x15=0x00000000
      259355000	     12866	80007b96	016a9b13	slli	x22,x21,0x16	 x21:0x80025ceb x22=0x3ac00000
      259375000	     12867	80007b9a	0141f7b3	and	x15,x3,x20	  x3:0x80021e0c x20:0x00000000 x15=0x00000000
      259515000	     12874	80007b9e	0023d763	bge	x7,x2,80007bac	  x7:0xfaeb9c09  x2:0xffffffff
      259535000	     12875	80007ba2	00498f33	add	x30,x19,x4	 x19:0x80021e0c  x4:0x80025ceb x30=0x00047af7
      259555000	     12876	80007ba6	c015	c.beqz	x8,80007bca	  x8:0x00000001
      259575000	     12877	80007ba8	0147f263	bgeu	x15,x20,80007bac	 x15:0x00000000 x20:0x00000000
      259935000	     12895	80007bac	01a67eb3	and	x29,x12,x26	 x12:0x0000f000 x26:0x80025ce4 x29=0x00005000
      259975000	     12897	80007bb0	8ddd	c.or	x11,x15	 x11:0x00000000 x15:0x00000000 x11=0x00000000
      260115000	     12904	80007bb2	00e85133	srl	x2,x16,x14	 x16:0x40023d7d x14:0x80025ceb  x2=0x00080047
      260135000	     12905	80007bb6	8f62b013	sltiu	x0,x5,-1802	  x5:0x00000000  x0=0x00000000
      260155000	     12906	80007bba	0ff0000f	fence	iorw,iorw	
      260175000	     12907	80007bbe	012a7f63	bgeu	x20,x18,80007bdc	 x20:0x00000000 x18:0x00000000
      260815000	     12939	80007bdc	0a1d	c.addi	x20,7	 x20:0x00000000 x20=0x00000007
      261095000	     12953	80007bde	01560a63	beq	x12,x21,80007bf2	 x12:0x0000f000 x21:0x80025ceb
      261515000	     12974	80007be2	01751863	bne	x10,x23,80007bf2	 x10:0x00000000 x23:0xffffffff
      262715000	     13034	80007bf2	0217f2b3	remu	x5,x15,x1	 x15:0x00000000  x1:0xfffffb25  x5=0x00000000
      262735000	     13035	80007bf6	0e08	c.addi4spn	x10,x2,784	 x10=0x00080357
      262755000	     13036	80007bf8	81a1	c.srli	x11,0x8	 x11:0x00000000 x11=0x00000000
      263495000	     13073	80007bfa	026becb3	rem	x25,x23,x6	 x23:0xffffffff  x6:0x02000000 x25=0xffffffff
      263515000	     13074	80007bfe	41f0d233	sra	x4,x1,x31	  x1:0xfffffb25 x31:0x81aeeb8a  x4=0xfffffffe
      263535000	     13075	80007c02	0ff0000f	fence	iorw,iorw	
      263555000	     13076	80007c06	5c5b3c93	sltiu	x25,x22,1477	 x22:0x3ac00000 x25=0x00000000
      263575000	     13077	80007c0a	825d	c.srli	x12,0x17	 x12:0x0000f000 x12=0x00000000
      263595000	     13078	80007c0c	1c8cce13	xori	x28,x25,456	 x25:0x00000000 x28=0x000001c8
      263615000	     13079	80007c10	00bde263	bltu	x27,x11,80007c14	 x27:0x00000000 x11:0x00000000
      263635000	     13080	80007c14	00bf1663	bne	x30,x11,80007c20	 x30:0x00047af7 x11:0x00000000
      264655000	     13131	80007c20	013671b3	and	x3,x12,x19	 x12:0x00000000 x19:0x80021e0c  x3=0x00000000
      264795000	     13138	80007c24	0675	c.addi	x12,29	 x12:0x00000000 x12=0x0000001d
      265215000	     13159	80007c26	0259f663	bgeu	x19,x5,80007c52	 x19:0x80021e0c  x5:0x00000000
      265695000	     13183	80007c52	008e9cb3	sll	x25,x29,x8	 x29:0x00005000  x8:0x00000001 x25=0x0000a000
      265735000	     13185	80007c56	412b0333	sub	x6,x22,x18	 x22:0x3ac00000 x18:0x00000000  x6=0x3ac00000
      265755000	     13186	80007c5a	01b2fbb3	and	x23,x5,x27	  x5:0x00000000 x27:0x00000000 x23=0x00000000
      266195000	     13208	80007c5e	0371ffb3	remu	x31,x3,x23	  x3:0x00000000 x23:0x00000000 x31=0x00000000
      266215000	     13209	80007c62	0a89	c.addi	x21,2	 x21:0x80025ceb x21=0x80025ced
      266595000	     13228	80007c64	9572	c.add	x10,x28	 x10:0x00080357 x28:0x000001c8 x10=0x0008051f
      266615000	     13229	80007c66	4351	c.li	x6,20	  x6=0x00000014
      266815000	     13239	80007c68	ec99	c.bnez	x9,80007c86	  x9:0x00000000
      266835000	     13240	80007c6a	8f49	c.or	x14,x10	 x14:0x80025ceb x10:0x0008051f x14=0x800a5dff
      266855000	     13241	80007c6c	03cf0a63	beq	x30,x28,80007ca0	 x30:0x00047af7 x28:0x000001c8
      266875000	     13242	80007c70	01784b33	xor	x22,x16,x23	 x16:0x40023d7d x23:0x00000000 x22=0x40023d7d
      266975000	     13247	80007c74	8e41	c.or	x12,x8	 x12:0x0000001d  x8:0x00000001 x12=0x0000001d
      266995000	     13248	80007c76	8571	c.srai	x10,0x1c	 x10:0x0008051f x10=0x00000000
      267015000	     13249	80007c78	012e7f63	bgeu	x28,x18,80007c96	 x28:0x000001c8 x18:0x00000000
      267215000	     13259	80007c96	944a	c.add	x8,x18	  x8:0x00000001 x18:0x00000000  x8=0x00000001
      267495000	     13273	80007c98	41b1df13	srai	x30,x3,0x1b	  x3:0x00000000 x30=0x00000000
      267635000	     13280	80007c9c	0000100f	fence.i	
      268555000	     13326	80007ca0	05366163	bltu	x12,x19,80007ce2	 x12:0x0000001d x19:0x80021e0c
      269095000	     13353	80007ce2	0001	c.addi	x0,0	  x0:0x00000000  x0=0x00000000
      269115000	     13354	80007ce4	865d3b13	sltiu	x22,x26,-1947	 x26:0x80025ce4 x22=0x00000001
      269175000	     13357	80007ce8	8ad1	c.andi	x13,20	 x13:0xffffffff x13=0x00000014
      269195000	     13358	80007cea	5afd	c.li	x21,-1	 x21=0xffffffff
      269215000	     13359	80007cec	c189	c.beqz	x11,80007cee	 x11:0x00000000
      269475000	     13372	80007cee	80a1	c.srli	x9,0x8	  x9:0x00000000  x9=0x00000000
      269495000	     13373	80007cf0	012b9a33	sll	x20,x23,x18	 x23:0x00000000 x18:0x00000000 x20=0x00000000
      269515000	     13374	80007cf4	0375	c.addi	x6,29	  x6:0x00000014  x6=0x00000031
      269795000	     13388	80007cf6	018dcd63	blt	x27,x24,80007d10	 x27:0x00000000 x24:0x00000022
      270655000	     13431	80007d10	0892	c.slli	x17,0x4	 x17:0x00000000 x17=0x00000000
      270855000	     13441	80007d12	3259ab93	slti	x23,x19,805	 x19:0x80021e0c x23=0x00000001
      271015000	     13449	80007d16	2fb98f13	addi	x30,x19,763	 x19:0x80021e0c x30=0x80022107
      271035000	     13450	80007d1a	c099	c.beqz	x9,80007d20	  x9:0x00000000
      271675000	     13482	80007d20	00c2ce63	blt	x5,x12,80007d3c	  x5:0x00000000 x12:0x0000001d
      272295000	     13513	80007d3c	037c25b3	mulhsu	x11,x24,x23	 x24:0x00000022 x23:0x00000001 x11=0x00000000
      272655000	     13531	80007d40	4188da13	srai	x20,x17,0x18	 x17:0x00000000 x20=0x00000000
      272815000	     13539	80007d44	000ccbb3	xor	x23,x25,x0	 x25:0x0000a000  x0:0x00000000 x23=0x0000a000
      272935000	     13545	80007d48	8cc9	c.or	x9,x10	  x9:0x00000000 x10:0x00000000  x9=0x00000000
      272995000	     13548	80007d4a	00bbdc63	bge	x23,x11,80007d62	 x23:0x0000a000 x11:0x00000000
      273675000	     13582	80007d62	01b2dc33	srl	x24,x5,x27	  x5:0x00000000 x27:0x00000000 x24=0x00000000
      273795000	     13588	80007d66	db744113	xori	x2,x8,-585	  x8:0x00000001  x2=0xfffffdb6
      273815000	     13589	80007d6a	4d500413	addi	x8,x0,1237	  x0:0x00000000  x8=0x000004d5
      273835000	     13590	80007d6e	02cf4863	blt	x30,x12,80007d9e	 x30:0x80022107 x12:0x0000001d
      274355000	     13616	80007d9e	f1dde697	auipc	x13,0xf1dde	 x13=0x71de5d9e
      284155000	     14106	80007da2	d13aef13	ori	x30,x21,-749	 x21:0xffffffff x30=0xffffffff
      284895000	     14143	80007da6	03dbfab3	remu	x21,x23,x29	 x23:0x0000a000 x29:0x00005000 x21=0x00000000
      284915000	     14144	80007daa	00144e63	blt	x8,x1,80007dc6	  x8:0x000004d5  x1:0xfffffb25
      284935000	     14145	80007dae	0027e5b3	or	x11,x15,x2	 x15:0x00000000  x2:0xfffffdb6 x11=0xfffffdb6
      284975000	     14147	80007db2	03f8a433	mulhsu	x8,x17,x31	 x17:0x00000000 x31:0x00000000  x8=0x00000000
      284995000	     14148	80007db6	848a	c.mv	x9,x2	  x0:0x00000000  x2:0xfffffdb6  x9=0xfffffdb6
      285015000	     14149	80007db8	60e73b13	sltiu	x22,x14,1550	 x14:0x800a5dff x22=0x00000000
      285035000	     14150	80007dbc	018c6763	bltu	x24,x24,80007dca	 x24:0x00000000 x24:0x00000000
      285295000	     14163	80007dc0	244bfd93	andi	x27,x23,580	 x23:0x0000a000 x27=0x00000000
      285315000	     14164	80007dc4	4b09	c.li	x22,2	 x22=0x00000002
      285335000	     14165	80007dc6	0ff0000f	fence	iorw,iorw	
      285355000	     14166	80007dca	ef6058b7	lui	x17,0xef605	 x17=0xef605000
      285535000	     14175	80007dce	011541b3	xor	x3,x10,x17	 x10:0x00000000 x17:0xef605000  x3=0xef605000
      285755000	     14186	80007dd2	bf85c0b7	lui	x1,0xbf85c	  x1=0xbf85c000
      285775000	     14187	80007dd6	c309	c.beqz	x14,80007dd8	 x14:0x800a5dff
      285915000	     14194	80007dd8	004c5633	srl	x12,x24,x4	 x24:0x00000000  x4:0xfffffffe x12=0x00000000
      285935000	     14195	80007ddc	0000100f	fence.i	
      286875000	     14242	80007de0	01d04633	xor	x12,x0,x29	  x0:0x00000000 x29:0x00005000 x12=0x00005000
      286895000	     14243	80007de4	41c6d933	sra	x18,x13,x28	 x13:0x71de5d9e x28:0x000001c8 x18=0x0071de5d
      286915000	     14244	80007de8	0296	c.slli	x5,0x5	  x5:0x00000000  x5=0x00000000
      286935000	     14245	80007dea	003e7e33	and	x28,x28,x3	 x28:0x000001c8  x3:0xef605000 x28=0x00000000
      286995000	     14248	80007dee	01cb9693	slli	x13,x23,0x1c	 x23:0x0000a000 x13=0x00000000
      287015000	     14249	80007df2	0001	c.addi	x0,0	  x0:0x00000000  x0=0x00000000
      287155000	     14256	80007df4	0e2ac613	xori	x12,x21,226	 x21:0x00000000 x12=0x000000e2
      287175000	     14257	80007df8	00cd8663	beq	x27,x12,80007e04	 x27:0x00000000 x12:0x000000e2
      287195000	     14258	80007dfc	3655f213	andi	x4,x11,869	 x11:0xfffffdb6  x4=0x00000124
      287315000	     14264	80007e00	00805a93	srli	x21,x0,0x8	  x0:0x00000000 x21=0x00000000
      287335000	     14265	80007e04	9afd	c.andi	x13,-1	 x13:0x00000000 x13=0x00000000
      287375000	     14267	80007e06	025a10b3	mulh	x1,x20,x5	 x20:0x00000000  x5:0x00000000  x1=0x00000000
      287395000	     14268	80007e0a	0059f1b3	and	x3,x19,x5	 x19:0x80021e0c  x5:0x00000000  x3=0x00000000
      287415000	     14269	80007e0e	4d99	c.li	x27,6	 x27=0x00000006
      287435000	     14270	80007e10	407cdcb3	sra	x25,x25,x7	 x25:0x0000a000  x7:0xfaeb9c09 x25=0x00000050
      287475000	     14272	80007e14	03d8ac33	mulhsu	x24,x17,x29	 x17:0xef605000 x29:0x00005000 x24=0xffffface
      287495000	     14273	80007e18	0000100f	fence.i	
      287935000	     14295	80007e1c	8a81	c.andi	x13,0	 x13:0x00000000 x13=0x00000000
      287955000	     14296	80007e1e	717d	c.addi16sp	x2,-16	  x2:0xfffffdb6  x2=0xfffffda6
      288095000	     14303	80007e20	69a08313	addi	x6,x1,1690	  x1:0x00000000  x6=0x0000069a
      288155000	     14306	80007e24	41ff5693	srai	x13,x30,0x1f	 x30:0xffffffff x13=0xffffffff
      288235000	     14310	80007e28	0001	c.addi	x0,0	  x0:0x00000000  x0=0x00000000
      288975000	     14347	80007e2a	03dc4333	div	x6,x24,x29	 x24:0xffffface x29:0x00005000  x6=0x00000000
      289015000	     14349	80007e2e	03f15db3	divu	x27,x2,x31	  x2:0xfffffda6 x31:0x00000000 x27=0xffffffff
      289035000	     14350	80007e32	997d	c.andi	x10,-1	 x10:0x00000000 x10=0x00000000
      289055000	     14351	80007e34	8015	c.srli	x8,0x5	  x8:0x00000000  x8=0x00000000
      289075000	     14352	80007e36	8071	c.srli	x8,0x1c	  x8:0x00000000  x8=0x00000000
      289095000	     14353	80007e38	04b75263	bge	x14,x11,80007e7c	 x14:0x800a5dff x11:0xfffffdb6
      289135000	     14355	80007e3c	023aa6b3	mulhsu	x13,x21,x3	 x21:0x00000000  x3:0x00000000 x13=0x00000000
      289155000	     14356	80007e40	02064663	blt	x12,x0,80007e6c	 x12:0x000000e2  x0:0x00000000
      289175000	     14357	80007e44	0001	c.addi	x0,0	  x0:0x00000000  x0=0x00000000
      289315000	     14364	80007e46	00bd1463	bne	x26,x11,80007e4e	 x26:0x80025ce4 x11:0xfffffdb6
      289675000	     14382	80007e4e	4163d7b3	sra	x15,x7,x22	  x7:0xfaeb9c09 x22:0x00000002 x15=0xfebae702
      290015000	     14399	80007e52	a615ba37	lui	x20,0xa615b	 x20=0xa615b000
      290035000	     14400	80007e56	ec09	c.bnez	x8,80007e70	  x8:0x00000000
      290075000	     14402	80007e58	02be2333	mulhsu	x6,x28,x11	 x28:0x00000000 x11:0xfffffdb6  x6=0x00000000
      290095000	     14403	80007e5c	717d	c.addi16sp	x2,-16	  x2:0xfffffda6  x2=0xfffffd96
      290135000	     14405	80007e5e	0353eb33	rem	x22,x7,x21	  x7:0xfaeb9c09 x21:0x00000000 x22=0xfaeb9c09
      290155000	     14406	80007e62	01ea6b63	bltu	x20,x30,80007e78	 x20:0xa615b000 x30:0xffffffff
      290775000	     14437	80007e78	d7742b13	slti	x22,x8,-649	  x8:0x00000000 x22=0x00000000
      290895000	     14443	80007e7c	c585	c.beqz	x11,80007ea4	 x11:0xfffffdb6
      290915000	     14444	80007e7e	04d2	c.slli	x9,0x14	  x9:0xfffffdb6  x9=0xdb600000
      291315000	     14464	80007e80	69742093	slti	x1,x8,1687	  x8:0x00000000  x1=0x00000001
      291355000	     14466	80007e84	031c6963	bltu	x24,x17,80007eb6	 x24:0xffffface x17:0xef605000
      291375000	     14467	80007e88	0428f263	bgeu	x17,x2,80007ecc	 x17:0xef605000  x2:0xfffffd96
      291455000	     14471	80007e8c	1488	c.addi4spn	x10,x2,608	 x10=0xfffffff6
      291475000	     14472	80007e8e	854d	c.srai	x10,0x13	 x10:0xfffffff6 x10=0xffffffff
      291875000	     14492	80007e90	00c5b6b3	sltu	x13,x11,x12	 x11:0xfffffdb6 x12:0x000000e2 x13=0x00000000
      291895000	     14493	80007e94	717d	c.addi16sp	x2,-16	  x2:0xfffffd96  x2=0xfffffd86
      291915000	     14494	80007e96	0ff0000f	fence	iorw,iorw	
      292335000	     14515	80007e9a	03b06a63	bltu	x0,x27,80007ece	  x0:0x00000000 x27:0xffffffff
      292855000	     14541	80007ece	00d0c233	xor	x4,x1,x13	  x1:0x00000001 x13:0x00000000  x4=0x00000001
      292875000	     14542	80007ed2	01501e93	slli	x29,x0,0x15	  x0:0x00000000 x29=0x00000000
      292895000	     14543	80007ed6	0c5a	c.slli	x24,0x16	 x24:0xffffface x24=0xb3800000
      293055000	     14551	80007ed8	0208ddb3	divu	x27,x17,x0	 x17:0xef605000  x0:0x00000000 x27=0xffffffff
      293075000	     14552	80007edc	01412eb3	slt	x29,x2,x20	  x2:0xfffffd86 x20:0xa615b000 x29=0x00000000
      293235000	     14560	80007ee0	6109	c.addi16sp	x2,128	  x2:0xfffffd86  x2=0xfffffe06
      293255000	     14561	80007ee2	8d45	c.or	x10,x9	 x10:0xffffffff  x9:0xdb600000 x10=0xffffffff
      293415000	     14569	80007ee4	006b0d63	beq	x22,x6,80007efe	 x22:0x00000000  x6:0x00000000
      294955000	     14646	80007efe	00a5d563	bge	x11,x10,80007f08	 x11:0xfffffdb6 x10:0xffffffff
      294975000	     14647	80007f02	01ed8f63	beq	x27,x30,80007f20	 x27:0xffffffff x30:0xffffffff
      295535000	     14675	80007f20	03802033	mulhsu	x0,x0,x24	  x0:0x00000000 x24:0xb3800000  x0=0x00000000
      296275000	     14712	80007f24	029b7433	remu	x8,x22,x9	 x22:0x00000000  x9:0xdb600000  x8=0x00000000
      296295000	     14713	80007f28	02b10cb3	mul	x25,x2,x11	  x2:0xfffffe06 x11:0xfffffdb6 x25=0x00048644
      296335000	     14715	80007f2c	02bf3533	mulhu	x10,x30,x11	 x30:0xffffffff x11:0xfffffdb6 x10=0xfffffdb5
      296355000	     14716	80007f30	0680	c.addi4spn	x8,x2,832	  x8=0x00000146
      296375000	     14717	80007f32	024e8863	beq	x29,x4,80007f62	 x29:0x00000000  x4:0x00000001
      296395000	     14718	80007f36	00174333	xor	x6,x14,x1	 x14:0x800a5dff  x1:0x00000001  x6=0x800a5dfe
      296515000	     14724	80007f3a	011a2133	slt	x2,x20,x17	 x20:0xa615b000 x17:0xef605000  x2=0x00000001
      296535000	     14725	80007f3e	b9533093	sltiu	x1,x6,-1131	  x6:0x800a5dfe  x1=0x00000001
      296715000	     14734	80007f42	0000100f	fence.i	
      297555000	     14776	80007f46	9afd	c.andi	x13,-1	 x13:0x00000000 x13=0x00000000
      297875000	     14792	80007f48	013a30b3	sltu	x1,x20,x19	 x20:0xa615b000 x19:0x80021e0c  x1=0x00000000
      297895000	     14793	80007f4c	8f19	c.sub	x14,x14	 x14:0x800a5dff x14:0x800a5dff x14=0x00000000
      297935000	     14795	80007f4e	030714b3	mulh	x9,x14,x16	 x14:0x00000000 x16:0x40023d7d  x9=0x00000000
      297955000	     14796	80007f52	717d	c.addi16sp	x2,-16	  x2:0x00000001  x2=0xfffffff1
      298335000	     14815	80007f54	0f34f513	andi	x10,x9,243	  x9:0x00000000 x10=0x00000000
      298355000	     14816	80007f58	00e4aeb3	slt	x29,x9,x14	  x9:0x00000000 x14:0x00000000 x29=0x00000000
      298675000	     14832	80007f5c	8dd9	c.or	x11,x14	 x11:0xfffffdb6 x14:0x00000000 x11=0xfffffdb6
      298695000	     14833	80007f5e	4172d013	srai	x0,x5,0x17	  x5:0x00000000  x0=0x00000000
      298775000	     14837	80007f62	00d56a33	or	x20,x10,x13	 x10:0x00000000 x13:0x00000000 x20=0x00000000
      298835000	     14840	80007f66	de973113	sltiu	x2,x14,-535	 x14:0x00000000  x2=0x00000001
      298855000	     14841	80007f6a	147d	c.addi	x8,-1	  x8:0x00000146  x8=0x00000145
      299015000	     14849	80007f6c	0001	c.addi	x0,0	  x0:0x00000000  x0=0x00000000
      299455000	     14871	80007f6e	0366dc33	divu	x24,x13,x22	 x13:0x00000000 x22:0x00000000 x24=0xffffffff
      299475000	     14872	80007f72	012101b3	add	x3,x2,x18	  x2:0x00000001 x18:0x0071de5d  x3=0x0071de5e
      299495000	     14873	80007f76	01dbcf63	blt	x23,x29,80007f94	 x23:0x0000a000 x29:0x00000000
      299515000	     14874	80007f7a	8f1d	c.sub	x14,x15	 x14:0x00000000 x15:0xfebae702 x14=0x014518fe
      299535000	     14875	80007f7c	414bd7b3	sra	x15,x23,x20	 x23:0x0000a000 x20:0x00000000 x15=0x0000a000
      299555000	     14876	80007f80	00d3cf63	blt	x7,x13,80007f9e	  x7:0xfaeb9c09 x13:0x00000000
      299895000	     14893	80007f9e	01925833	srl	x16,x4,x25	  x4:0x00000001 x25:0x00048644 x16=0x00000000
      299915000	     14894	80007fa2	0000100f	fence.i	
      300235000	     14910	80007fa6	02040db3	mul	x27,x8,x0	  x8:0x00000145  x0:0x00000000 x27=0x00000000
      300255000	     14911	80007faa	41a7d493	srai	x9,x15,0x1a	 x15:0x0000a000  x9=0x00000000
      300335000	     14915	80007fae	00d01d63	bne	x0,x13,80007fc8	  x0:0x00000000 x13:0x00000000
      300355000	     14916	80007fb2	0001	c.addi	x0,0	  x0:0x00000000  x0=0x00000000
      300475000	     14922	80007fb4	01a525b3	slt	x11,x10,x26	 x10:0x00000000 x26:0x80025ce4 x11=0x00000000
      300875000	     14942	80007fb8	402dda33	sra	x20,x27,x2	 x27:0x00000000  x2:0x00000001 x20=0x00000000
      300895000	     14943	80007fbc	8c81	c.sub	x9,x8	  x9:0x00000000  x8:0x00000145  x9=0xfffffebb
      300915000	     14944	80007fbe	5ddcae13	slti	x28,x25,1501	 x25:0x00048644 x28=0x00000000
      300935000	     14945	80007fc2	8b1d	c.andi	x14,7	 x14:0x014518fe x14=0x00000006
      300995000	     14948	80007fc4	bd82ff13	andi	x30,x5,-1064	  x5:0x00000000 x30=0x00000000
      301055000	     14951	80007fc8	010ac7b3	xor	x15,x21,x16	 x21:0x00000000 x16:0x00000000 x15=0x00000000
      301175000	     14957	80007fcc	0001	c.addi	x0,0	  x0:0x00000000  x0=0x00000000
      301195000	     14958	80007fce	016f61b3	or	x3,x30,x22	 x30:0x00000000 x22:0x00000000  x3=0x00000000
      301455000	     14971	80007fd2	0ff0000f	fence	iorw,iorw	
      301475000	     14972	80007fd6	01956263	bltu	x10,x25,80007fda	 x10:0x00000000 x25:0x00048644
      302015000	     14999	80007fda	4102d213	srai	x4,x5,0x10	  x5:0x00000000  x4=0x00000000
      302435000	     15020	80007fde	78f7a4b7	lui	x9,0x78f7a	  x9=0x78f7a000
      302455000	     15021	80007fe2	027285b3	mul	x11,x5,x7	  x5:0x00000000  x7:0xfaeb9c09 x11=0x00000000
      302475000	     15022	80007fe6	958a	c.add	x11,x2	 x11:0x00000000  x2:0x00000001 x11=0x00000001
      302755000	     15036	80007fe8	6b9d2893	slti	x17,x26,1721	 x26:0x80025ce4 x17=0x00000001
      302775000	     15037	80007fec	010e45b3	xor	x11,x28,x16	 x28:0x00000000 x16:0x00000000 x11=0x00000000
      302795000	     15038	80007ff0	0000100f	fence.i	
      303795000	     15088	80007ff4	027a66b3	rem	x13,x20,x7	 x20:0x00000000  x7:0xfaeb9c09 x13=0x00000000
      303815000	     15089	80007ff8	8fc9	c.or	x15,x10	 x15:0x00000000 x10:0x00000000 x15=0x00000000
      303835000	     15090	80007ffa	41b2d433	sra	x8,x5,x27	  x5:0x00000000 x27:0x00000000  x8=0x00000000
      303855000	     15091	80007ffe	008d9263	bne	x27,x8,80008002	 x27:0x00000000  x8:0x00000000
      303875000	     15092	80008002	02e28733	mul	x14,x5,x14	  x5:0x00000000 x14:0x00000006 x14=0x00000000
      303895000	     15093	80008006	9c1a	c.add	x24,x6	 x24:0xffffffff  x6:0x800a5dfe x24=0x800a5dfd
      303935000	     15095	80008008	02a51033	mulh	x0,x10,x10	 x10:0x00000000 x10:0x00000000  x0=0x00000000
      303955000	     15096	8000800c	15fd	c.addi	x11,-1	 x11:0x00000000 x11=0xffffffff
      303975000	     15097	8000800e	9b5e	c.add	x22,x23	 x22:0x00000000 x23:0x0000a000 x22=0x0000a000
      304295000	     15113	80008010	8549	c.srai	x10,0x12	 x10:0x00000000 x10=0x00000000
      307615000	     15279	80008012	01711a13	slli	x20,x2,0x17	  x2:0x00000001 x20=0x00800000
      307655000	     15281	80008016	03d0c4b3	div	x9,x1,x29	  x1:0x00000000 x29:0x00000000  x9=0xffffffff
      307675000	     15282	8000801a	e7ec0a93	addi	x21,x24,-386	 x24:0x800a5dfd x21=0x800a5c7b
      307695000	     15283	8000801e	0ff0000f	fence	iorw,iorw	
      307715000	     15284	80008022	dc787893	andi	x17,x16,-569	 x16:0x00000000 x17=0x00000000
      307955000	     15296	80008026	b3a54793	xori	x15,x10,-1222	 x10:0x00000000 x15=0xfffffb3a
      307975000	     15297	8000802a	c391	c.beqz	x15,8000802e	 x15:0xfffffb3a
      307995000	     15298	8000802c	e889	c.bnez	x9,8000803e	  x9:0xffffffff
      308335000	     15315	8000803e	14e8e697	auipc	x13,0x14e8e	 x13=0x94e9603e
      308355000	     15316	80008042	015edd63	bge	x29,x21,8000805c	 x29:0x00000000 x21:0x800a5c7b
      308535000	     15325	8000805c	001b8a63	beq	x23,x1,80008070	 x23:0x0000a000  x1:0x00000000
      308615000	     15329	80008060	6a31	c.lui	x20,0xc	 x20=0x0000c000
      308635000	     15330	80008062	009612b3	sll	x5,x12,x9	 x12:0x000000e2  x9:0xffffffff  x5=0x00000000
      308655000	     15331	80008066	8d11	c.sub	x10,x12	 x10:0x00000000 x12:0x000000e2 x10=0xffffff1e
      308815000	     15339	80008068	5065e117	auipc	x2,0x5065e	  x2=0xd0666068
      308935000	     15345	8000806c	00b7e633	or	x12,x15,x11	 x15:0xfffffb3a x11:0xffffffff x12=0xffffffff
      309055000	     15351	80008070	032a	c.slli	x6,0xa	  x6:0x800a5dfe  x6=0x2977f800
      309355000	     15366	80008072	1405e917	auipc	x18,0x1405e	 x18=0x94066072
      309375000	     15367	80008076	40c25113	srai	x2,x4,0xc	  x4:0x00000000  x2=0x00000000
      309395000	     15368	8000807a	4f01	c.li	x30,0	 x30=0x00000000
      309415000	     15369	8000807c	d8d18293	addi	x5,x3,-627	  x3:0x00000000  x5=0xfffffd8d
      309655000	     15381	80008080	8d61	c.and	x10,x8	 x10:0xffffff1e  x8:0x00000000 x10=0x00000000
      309675000	     15382	80008082	4ef5	c.li	x29,29	 x29=0x0000001d
      310415000	     15419	80008084	032de2b3	rem	x5,x27,x18	 x27:0x00000000 x18:0x94066072  x5=0x00000000
      310435000	     15420	80008088	00207d63	bgeu	x0,x2,800080a2	  x0:0x00000000  x2:0x00000000
      310795000	     15438	800080a2	097a	c.slli	x18,0x1e	 x18:0x94066072 x18=0x80000000
      310815000	     15439	800080a4	8e9d	c.sub	x13,x15	 x13:0x94e9603e x15:0xfffffb3a x13=0x94e96504
      310835000	     15440	800080a6	40c08db3	sub	x27,x1,x12	  x1:0x00000000 x12:0xffffffff x27=0x00000001
      310855000	     15441	800080aa	8139	c.srli	x10,0xe	 x10:0x00000000 x10=0x00000000
      311115000	     15454	800080ac	00fcdfb3	srl	x31,x25,x15	 x25:0x00048644 x15:0xfffffb3a x31=0x00000000
      311135000	     15455	800080b0	00019313	slli	x6,x3,0x0	  x3:0x00000000  x6=0x00000000
      311155000	     15456	800080b4	41b78633	sub	x12,x15,x27	 x15:0xfffffb3a x27:0x00000001 x12=0xfffffb39
      311175000	     15457	800080b8	01adebb3	or	x23,x27,x26	 x27:0x00000001 x26:0x80025ce4 x23=0x80025ce5
      311195000	     15458	800080bc	0212f263	bgeu	x5,x1,800080e0	  x5:0x00000000  x1:0x00000000
      311575000	     15477	800080e0	018b8fb3	add	x31,x23,x24	 x23:0x80025ce5 x24:0x800a5dfd x31=0x000cbae2
      311775000	     15487	800080e4	0370e963	bltu	x1,x23,80008116	  x1:0x00000000 x23:0x80025ce5
      312755000	     15536	80008116	41a15893	srai	x17,x2,0x1a	  x2:0x00000000 x17=0x00000000
      312775000	     15537	8000811a	020e0cb3	mul	x25,x28,x0	 x28:0x00000000  x0:0x00000000 x25=0x00000000
      312795000	     15538	8000811e	9a7d	c.andi	x12,-1	 x12:0xfffffb39 x12=0xfffffb39
      313095000	     15553	80008120	ddff7113	andi	x2,x30,-545	 x30:0x00000000  x2=0x00000000
      313115000	     15554	80008124	01d49233	sll	x4,x9,x29	  x9:0xffffffff x29:0x0000001d  x4=0xe0000000
      313275000	     15562	80008128	01761113	slli	x2,x12,0x17	 x12:0xfffffb39  x2=0x9c800000
      313295000	     15563	8000812c	41f65413	srai	x8,x12,0x1f	 x12:0xfffffb39  x8=0xffffffff
      313575000	     15577	80008130	00247263	bgeu	x8,x2,80008134	  x8:0xffffffff  x2:0x9c800000
      313935000	     15595	80008134	0001	c.addi	x0,0	  x0:0x00000000  x0=0x00000000
      313955000	     15596	80008136	022e	c.slli	x4,0xb	  x4:0xe0000000  x4=0x00000000
      313975000	     15597	80008138	615d	c.addi16sp	x2,432	  x2:0x9c800000  x2=0x9c8001b0
      313995000	     15598	8000813a	0001	c.addi	x0,0	  x0:0x00000000  x0=0x00000000
      314015000	     15599	8000813c	01f0b633	sltu	x12,x1,x31	  x1:0x00000000 x31:0x000cbae2 x12=0x00000001
      314035000	     15600	80008140	c0a08617	auipc	x12,0xc0a08	 x12=0x40a10140
      314215000	     15609	80008144	8cbd	c.xor	x9,x15	  x9:0xffffffff x15:0xfffffb3a  x9=0x000004c5
      314235000	     15610	80008146	00200763	beq	x0,x2,80008154	  x0:0x00000000  x2:0x9c8001b0
      314455000	     15621	8000814a	28d4f293	andi	x5,x9,653	  x9:0x000004c5  x5=0x00000085
      314475000	     15622	8000814e	00733333	sltu	x6,x6,x7	  x6:0x00000000  x7:0xfaeb9c09  x6=0x00000001
      314495000	     15623	80008152	89ad	c.andi	x11,11	 x11:0xffffffff x11=0x0000000b
      314515000	     15624	80008154	0b190613	addi	x12,x18,177	 x18:0x80000000 x12=0x800000b1
      314655000	     15631	80008158	2742a413	slti	x8,x5,628	  x5:0x00000085  x8=0x00000001
      314675000	     15632	8000815c	01a2ecb3	or	x25,x5,x26	  x5:0x00000085 x26:0x80025ce4 x25=0x80025ce5
      314695000	     15633	80008160	01ff2033	slt	x0,x30,x31	 x30:0x00000000 x31:0x000cbae2  x0=0x00000000
      314815000	     15639	80008164	016c0733	add	x14,x24,x22	 x24:0x800a5dfd x22:0x0000a000 x14=0x800afdfd
      314995000	     15648	80008168	009df463	bgeu	x27,x9,80008170	 x27:0x00000001  x9:0x000004c5
      315015000	     15649	8000816c	03bbfb63	bgeu	x23,x27,800081a2	 x23:0x80025ce5 x27:0x00000001
      315455000	     15671	800081a2	43616913	ori	x18,x2,1078	  x2:0x9c8001b0 x18=0x9c8005b6
      315875000	     15692	800081a6	01872c33	slt	x24,x14,x24	 x14:0x800afdfd x24:0x800a5dfd x24=0x00000000
      315895000	     15693	800081aa	85b1	c.srai	x11,0xc	 x11:0x0000000b x11=0x00000000
      315915000	     15694	800081ac	41390933	sub	x18,x18,x19	 x18:0x9c8005b6 x19:0x80021e0c x18=0x1c7de7aa
      315935000	     15695	800081b0	5c7d	c.li	x24,-1	 x24=0xffffffff
      315955000	     15696	800081b2	0001	c.addi	x0,0	  x0:0x00000000  x0=0x00000000
      315975000	     15697	800081b4	00f45c33	srl	x24,x8,x15	  x8:0x00000001 x15:0xfffffb3a x24=0x00000000
      315995000	     15698	800081b8	6f35	c.lui	x30,0xd	 x30=0x0000d000
      316015000	     15699	800081ba	479d	c.li	x15,7	 x15=0x00000007
      316075000	     15702	800081bc	bdceebb7	lui	x23,0xbdcee	 x23=0xbdcee000
      316455000	     15721	800081c0	6125	c.addi16sp	x2,96	  x2:0x9c8001b0  x2=0x9c800210
      316475000	     15722	800081c2	0a12	c.slli	x20,0x4	 x20:0x0000c000 x20=0x000c0000
      316575000	     15727	800081c4	01c9	c.addi	x3,18	  x3:0x00000000  x3=0x00000012
      316595000	     15728	800081c6	8d55	c.or	x10,x13	 x10:0x00000000 x13:0x94e96504 x10=0x94e96504
      316655000	     15731	800081c8	01fa8a63	beq	x21,x31,800081dc	 x21:0x800a5c7b x31:0x000cbae2
      316815000	     15739	800081cc	ccdb2113	slti	x2,x22,-819	 x22:0x0000a000  x2=0x00000000
      316895000	     15743	800081d0	0ff0000f	fence	iorw,iorw	
      318035000	     15800	800081d4	02aa7233	remu	x4,x20,x10	 x20:0x000c0000 x10:0x94e96504  x4=0x000c0000
      318055000	     15801	800081d8	01def0b3	and	x1,x29,x29	 x29:0x0000001d x29:0x0000001d  x1=0x0000001d
      318095000	     15803	800081dc	0359b233	mulhu	x4,x19,x21	 x19:0x80021e0c x21:0x800a5c7b  x4=0x40063d59
      318175000	     15807	800081e0	7c557f13	andi	x30,x10,1989	 x10:0x94e96504 x30=0x00000504
      318595000	     15828	800081e4	5f067713	andi	x14,x12,1520	 x12:0x800000b1 x14=0x000000b0
      318615000	     15829	800081e8	01029a63	bne	x5,x16,800081fc	  x5:0x00000085 x16:0x00000000
      319495000	     15873	800081fc	03d34163	blt	x6,x29,8000821e	  x6:0x00000001 x29:0x0000001d
      319915000	     15894	8000821e	0001	c.addi	x0,0	  x0:0x00000000  x0=0x00000000
      320195000	     15908	80008220	00619033	sll	x0,x3,x6	  x3:0x00000012  x6:0x00000001  x0=0x00000000
      320395000	     15918	80008224	1e7d	c.addi	x28,-1	 x28:0x00000000 x28=0xffffffff
      320415000	     15919	80008226	8229	c.srli	x12,0xa	 x12:0x800000b1 x12=0x00200000
      321155000	     15956	80008228	03274533	div	x10,x14,x18	 x14:0x000000b0 x18:0x1c7de7aa x10=0x00000000
      321175000	     15957	8000822c	8405	c.srai	x8,0x1	  x8:0x00000001  x8=0x00000000
      321195000	     15958	8000822e	00d6d363	bge	x13,x13,80008234	 x13:0x94e96504 x13:0x94e96504
      321235000	     15960	80008234	2c6f6f97	auipc	x31,0x2c6f6	 x31=0xac6fe234
      321255000	     15961	80008238	8fd1	c.or	x15,x12	 x15:0x00000007 x12:0x00200000 x15=0x00200007
      321275000	     15962	8000823a	00c6ec63	bltu	x13,x12,80008252	 x13:0x94e96504 x12:0x00200000
      321295000	     15963	8000823e	5c7d	c.li	x24,-1	 x24=0xffffffff
      321335000	     15965	80008240	03a0cb63	blt	x1,x26,80008276	  x1:0x0000001d x26:0x80025ce4
      321355000	     15966	80008244	00330733	add	x14,x6,x3	  x6:0x00000001  x3:0x00000012 x14=0x00000013
      321495000	     15973	80008248	717d	c.addi16sp	x2,-16	  x2:0x00000000  x2=0xfffffff0
      321515000	     15974	8000824a	8dca	c.mv	x27,x18	  x0:0x00000000 x18:0x1c7de7aa x27=0x1c7de7aa
      321535000	     15975	8000824c	0001	c.addi	x0,0	  x0:0x00000000  x0=0x00000000
      321555000	     15976	8000824e	0293db63	bge	x7,x9,80008284	  x7:0xfaeb9c09  x9:0x000004c5
      321575000	     15977	80008252	00cf9813	slli	x16,x31,0xc	 x31:0xac6fe234 x16=0xfe234000
      321595000	     15978	80008256	013e4f33	xor	x30,x28,x19	 x28:0xffffffff x19:0x80021e0c x30=0x7ffde1f3
      321615000	     15979	8000825a	01dbd893	srli	x17,x23,0x1d	 x23:0xbdcee000 x17=0x00000005
      322535000	     16025	8000825e	025b54b3	divu	x9,x22,x5	 x22:0x0000a000  x5:0x00000085  x9=0x00000133
      322575000	     16027	80008262	02b450b3	divu	x1,x8,x11	  x8:0x00000000 x11:0x00000000  x1=0xffffffff
      322595000	     16028	80008266	0080dd93	srli	x27,x1,0x8	  x1:0xffffffff x27=0x00ffffff
      322615000	     16029	8000826a	c7b4dd97	auipc	x27,0xc7b4d	 x27=0x47b5526a
      323355000	     16066	8000826e	0301e033	rem	x0,x3,x16	  x3:0x00000012 x16:0xfe234000  x0=0x00000000
      323395000	     16068	80008272	036d3db3	mulhu	x27,x26,x22	 x26:0x80025ce4 x22:0x0000a000 x27=0x00005001
      323415000	     16069	80008276	004a6433	or	x8,x20,x4	 x20:0x000c0000  x4:0x40063d59  x8=0x400e3d59
      323435000	     16070	8000827a	1990	c.addi4spn	x12,x2,240	 x12=0x000000e0
      323455000	     16071	8000827c	25904a13	xori	x20,x0,601	  x0:0x00000000 x20=0x00000259
      323515000	     16074	80008280	04bc4063	blt	x24,x11,800082c0	 x24:0xffffffff x11:0x00000000
      324055000	     16101	800082c0	a3810217	auipc	x4,0xa3810	  x4=0x238182c0
      324435000	     16120	800082c4	00586e33	or	x28,x16,x5	 x16:0xfe234000  x5:0x00000085 x28=0xfe234085
      324455000	     16121	800082c8	0000100f	fence.i	
      325875000	     16192	800082cc	025f5533	divu	x10,x30,x5	 x30:0x7ffde1f3  x5:0x00000085 x10=0x00f65c2a
      325895000	     16193	800082d0	7a288b13	addi	x22,x17,1954	 x17:0x00000005 x22=0x000007a7
      325915000	     16194	800082d4	0085d713	srli	x14,x11,0x8	 x11:0x00000000 x14=0x00000000
      325935000	     16195	800082d8	01c75033	srl	x0,x14,x28	 x14:0x00000000 x28:0xfe234085  x0=0x00000000
      325955000	     16196	800082dc	0725	c.addi	x14,9	 x14:0x00000000 x14=0x00000009
      325995000	     16198	800082de	0265b733	mulhu	x14,x11,x6	 x11:0x00000000  x6:0x00000001 x14=0x00000000
      326035000	     16200	800082e2	03463a33	mulhu	x20,x12,x20	 x12:0x000000e0 x20:0x00000259 x20=0x00000000
      326055000	     16201	800082e6	8881	c.andi	x9,0	  x9:0x00000133  x9=0x00000000
      326075000	     16202	800082e8	87aa	c.mv	x15,x10	  x0:0x00000000 x10:0x00f65c2a x15=0x00f65c2a
      326095000	     16203	800082ea	9ee08113	addi	x2,x1,-1554	  x1:0xffffffff  x2=0xfffff9ed
      326215000	     16209	800082ee	0ff0000f	fence	iorw,iorw	
      326335000	     16215	800082f2	008fe8b3	or	x17,x31,x8	 x31:0xac6fe234  x8:0x400e3d59 x17=0xec6fff7d
      326355000	     16216	800082f6	01a490b3	sll	x1,x9,x26	  x9:0x00000000 x26:0x80025ce4  x1=0x00000000
      326475000	     16222	800082fa	018cc563	blt	x25,x24,80008304	 x25:0x80025ce5 x24:0xffffffff
      327335000	     16265	80008304	01df7b33	and	x22,x30,x29	 x30:0x7ffde1f3 x29:0x0000001d x22=0x00000011
      327735000	     16285	80008308	007d1933	sll	x18,x26,x7	 x26:0x80025ce4  x7:0xfaeb9c09 x18=0x04b9c800
      327755000	     16286	8000830c	00892233	slt	x4,x18,x8	 x18:0x04b9c800  x8:0x400e3d59  x4=0x00000001
      327775000	     16287	80008310	a62cf4b7	lui	x9,0xa62cf	  x9=0xa62cf000
      327795000	     16288	80008314	8c09	c.sub	x8,x10	  x8:0x400e3d59 x10:0x00f65c2a  x8=0x3f17e12f
      327815000	     16289	80008316	c019	c.beqz	x8,8000831c	  x8:0x3f17e12f
      327835000	     16290	80008318	0048dc93	srli	x25,x17,0x4	 x17:0xec6fff7d x25=0x0ec6fff7
      327875000	     16292	8000831c	03e4c763	blt	x9,x30,8000834a	  x9:0xa62cf000 x30:0x7ffde1f3
      328135000	     16305	8000834a	017e0fb3	add	x31,x28,x23	 x28:0xfe234085 x23:0xbdcee000 x31=0xbbf22085
      328555000	     16326	8000834e	00f8f6b3	and	x13,x17,x15	 x17:0xec6fff7d x15:0x00f65c2a x13=0x00665c28
      328635000	     16330	80008352	00ef20b3	slt	x1,x30,x14	 x30:0x7ffde1f3 x14:0x00000000  x1=0x00000000
      328655000	     16331	80008356	8c61	c.and	x8,x8	  x8:0x3f17e12f  x8:0x3f17e12f  x8=0x3f17e12f
      328855000	     16341	80008358	00b20b33	add	x22,x4,x11	  x4:0x00000001 x11:0x00000000 x22=0x00000001
      328875000	     16342	8000835c	02f985b3	mul	x11,x19,x15	 x19:0x80021e0c x15:0x00f65c2a x11=0xa2ad3df8
      328895000	     16343	80008360	40cb81b3	sub	x3,x23,x12	 x23:0xbdcee000 x12:0x000000e0  x3=0xbdcedf20
      328915000	     16344	80008364	8ea9	c.xor	x13,x10	 x13:0x00665c28 x10:0x00f65c2a x13=0x00900002
      328935000	     16345	80008366	00506a63	bltu	x0,x5,8000837a	  x0:0x00000000  x5:0x00000085
      329575000	     16377	8000837a	1f7d	c.addi	x30,-1	 x30:0x7ffde1f3 x30=0x7ffde1f2
      329895000	     16393	8000837c	ce4d0613	addi	x12,x26,-796	 x26:0x80025ce4 x12=0x800259c8
      329915000	     16394	80008380	012a2233	slt	x4,x20,x18	 x20:0x00000000 x18:0x04b9c800  x4=0x00000001
      329935000	     16395	80008384	000f5293	srli	x5,x30,0x0	 x30:0x7ffde1f2  x5=0x7ffde1f2
      330215000	     16409	80008388	56fd	c.li	x13,-1	 x13=0xffffffff
      330235000	     16410	8000838a	010bd813	srli	x16,x23,0x10	 x23:0xbdcee000 x16=0x0000bdce
      330255000	     16411	8000838e	41855b93	srai	x23,x10,0x18	 x10:0x00f65c2a x23=0x00000000
      330275000	     16412	80008392	0000100f	fence.i	
      330615000	     16429	80008396	00271e33	sll	x28,x14,x2	 x14:0x00000000  x2:0xfffff9ed x28=0x00000000
      330755000	     16436	8000839a	04ac7813	andi	x16,x24,74	 x24:0xffffffff x16=0x0000004a
      330775000	     16437	8000839e	4c8baab7	lui	x21,0x4c8ba	 x21=0x4c8ba000
      330795000	     16438	800083a2	927e	c.add	x4,x31	  x4:0x00000001 x31:0xbbf22085  x4=0xbbf22086
      331115000	     16454	800083a4	01825d63	bge	x4,x24,800083be	  x4:0xbbf22086 x24:0xffffffff
      331135000	     16455	800083a8	07e2	c.slli	x15,0x18	 x15:0x00f65c2a x15=0x2a000000
      331155000	     16456	800083aa	015c41b3	xor	x3,x24,x21	 x24:0xffffffff x21:0x4c8ba000  x3=0xb3745fff
      331175000	     16457	800083ae	406e5733	sra	x14,x28,x6	 x28:0x00000000  x6:0x00000001 x14=0x00000000
      331255000	     16461	800083b2	0200e2b3	rem	x5,x1,x0	  x1:0x00000000  x0:0x00000000  x5=0x00000000
      331275000	     16462	800083b6	01a94333	xor	x6,x18,x26	 x18:0x04b9c800 x26:0x80025ce4  x6=0x84bb94e4
      331295000	     16463	800083ba	8385	c.srli	x15,0x1	 x15:0x2a000000 x15=0x15000000
      331715000	     16484	800083bc	8f31	c.xor	x14,x12	 x14:0x00000000 x12:0x800259c8 x14=0x800259c8
      331735000	     16485	800083be	02a76b63	bltu	x14,x10,800083f4	 x14:0x800259c8 x10:0x00f65c2a
      331755000	     16486	800083c2	c80d	c.beqz	x8,800083f4	  x8:0x3f17e12f
      331955000	     16496	800083c4	02688533	mul	x10,x17,x6	 x17:0xec6fff7d  x6:0x84bb94e4 x10=0x67c2cf54
      331975000	     16497	800083c8	c87a3713	sltiu	x14,x20,-889	 x20:0x00000000 x14=0x00000001
      331995000	     16498	800083cc	01606263	bltu	x0,x22,800083d0	  x0:0x00000000 x22:0x00000001
      332095000	     16503	800083d0	044ac063	blt	x21,x4,80008410	 x21:0x4c8ba000  x4:0xbbf22086
      332295000	     16513	800083d4	00daf633	and	x12,x21,x13	 x21:0x4c8ba000 x13:0xffffffff x12=0x4c8ba000
      332655000	     16531	800083d8	030591b3	mulh	x3,x11,x16	 x11:0xa2ad3df8 x16:0x0000004a  x3=0xffffffe5
      332675000	     16532	800083dc	01007263	bgeu	x0,x16,800083e0	  x0:0x00000000 x16:0x0000004a
      332695000	     16533	800083e0	9cbe	c.add	x25,x15	 x25:0x0ec6fff7 x15:0x15000000 x25=0x23c6fff7
      332735000	     16535	800083e2	020df133	remu	x2,x27,x0	 x27:0x00005001  x0:0x00000000  x2=0x00005001
      332755000	     16536	800083e6	6145	c.addi16sp	x2,48	  x2:0x00005001  x2=0x00005031
      333495000	     16573	800083e8	03d5fb33	remu	x22,x11,x29	 x11:0xa2ad3df8 x29:0x0000001d x22=0x0000001a
      333515000	     16574	800083ec	5a7d	c.li	x20,-1	 x20=0xffffffff
      334255000	     16611	800083ee	02a8da33	divu	x20,x17,x10	 x17:0xec6fff7d x10:0x67c2cf54 x20=0x00000002
      334275000	     16612	800083f2	922a	c.add	x4,x10	  x4:0xbbf22086 x10:0x67c2cf54  x4=0x23b4efda
      334295000	     16613	800083f4	8fed	c.and	x15,x11	 x15:0x15000000 x11:0xa2ad3df8 x15=0x00000000
      334315000	     16614	800083f6	afd13c93	sltiu	x25,x2,-1283	  x2:0x00005031 x25=0x00000001
      334335000	     16615	800083fa	8489	c.srai	x9,0x2	  x9:0xa62cf000  x9=0xe98b3c00
      334355000	     16616	800083fc	01ca4133	xor	x2,x20,x28	 x20:0x00000002 x28:0x00000000  x2=0x00000002
      334375000	     16617	80008400	6709	c.lui	x14,0x2	 x14=0x00002000
      334395000	     16618	80008402	00fbf033	and	x0,x23,x15	 x23:0x00000000 x15:0x00000000  x0=0x00000000
      334635000	     16630	80008406	003f4db3	xor	x27,x30,x3	 x30:0x7ffde1f2  x3:0xffffffe5 x27=0x80021e17
      334655000	     16631	8000840a	239de117	auipc	x2,0x239de	  x2=0xa39e640a
      334675000	     16632	8000840e	487d	c.li	x16,31	 x16=0x0000001f
      334735000	     16635	80008410	1e7d	c.addi	x28,-1	 x28:0x00000000 x28=0xffffffff
      334755000	     16636	80008412	412cd7b3	sra	x15,x25,x18	 x25:0x00000001 x18:0x04b9c800 x15=0x00000001
      334835000	     16640	80008416	00ce8263	beq	x29,x12,8000841a	 x29:0x0000001d x12:0x4c8ba000
      334855000	     16641	8000841a	00519cb3	sll	x25,x3,x5	  x3:0xffffffe5  x5:0x00000000 x25=0xffffffe5
      334875000	     16642	8000841e	01cc9733	sll	x14,x25,x28	 x25:0xffffffe5 x28:0xffffffff x14=0x80000000
      334995000	     16648	80008422	ce063093	sltiu	x1,x12,-800	 x12:0x4c8ba000  x1=0x00000001
      335735000	     16685	80008426	0226e8b3	rem	x17,x13,x2	 x13:0xffffffff  x2:0xa39e640a x17=0xffffffff
      335755000	     16686	8000842a	40e70633	sub	x12,x14,x14	 x14:0x80000000 x14:0x80000000 x12=0x00000000
      335775000	     16687	8000842e	0b5c7597	auipc	x11,0xb5c7	 x11=0x8b5cf42e
      335795000	     16688	80008432	0ff0000f	fence	iorw,iorw	
      335815000	     16689	80008436	00878663	beq	x15,x8,80008442	 x15:0x00000001  x8:0x3f17e12f
      335835000	     16690	8000843a	8086	c.mv	x1,x1	  x0:0x00000000  x1:0x00000001  x1=0x00000001
      336635000	     16730	8000843c	03aef033	remu	x0,x29,x26	 x29:0x0000001d x26:0x80025ce4  x0=0x00000000
      336655000	     16731	80008440	0a8a	c.slli	x21,0x2	 x21:0x4c8ba000 x21=0x322e8000
      336675000	     16732	80008442	28478613	addi	x12,x15,644	 x15:0x00000001 x12=0x00000285
      336695000	     16733	80008446	03954c63	blt	x10,x25,8000847e	 x10:0x67c2cf54 x25:0xffffffe5
      336715000	     16734	8000844a	e289	c.bnez	x13,8000844c	 x13:0xffffffff
      336755000	     16736	8000844c	018d36b3	sltu	x13,x26,x24	 x26:0x80025ce4 x24:0xffffffff x13=0x00000001
      336835000	     16740	80008450	0213f063	bgeu	x7,x1,80008470	  x7:0xfaeb9c09  x1:0x00000001
      337455000	     16771	80008470	bb210a93	addi	x21,x2,-1102	  x2:0xa39e640a x21=0xa39e5fbc
      337735000	     16785	80008474	8fa1	c.xor	x15,x8	 x15:0x00000001  x8:0x3f17e12f x15=0x3f17e12e
      337755000	     16786	80008476	01f7fb33	and	x22,x15,x31	 x15:0x3f17e12e x31:0xbbf22085 x22=0x3b122004
      337835000	     16790	8000847a	40d88333	sub	x6,x17,x13	 x17:0xffffffff x13:0x00000001  x6=0xfffffffe
      337875000	     16792	8000847e	0000100f	fence.i	
      339215000	     16859	80008482	00689c63	bne	x17,x6,8000849a	 x17:0xffffffff  x6:0xfffffffe
      340195000	     16908	8000849a	8c99	c.sub	x9,x14	  x9:0xe98b3c00 x14:0x80000000  x9=0x698b3c00
      340395000	     16918	8000849c	8315	c.srli	x14,0x5	 x14:0x80000000 x14=0x04000000
      340415000	     16919	8000849e	e504bf93	sltiu	x31,x9,-432	  x9:0x698b3c00 x31=0x00000001
      340435000	     16920	800084a2	786a6b17	auipc	x22,0x786a6	 x22=0xf86ae4a2
      340855000	     16941	800084a6	55176213	ori	x4,x14,1361	 x14:0x04000000  x4=0x04000551
      341595000	     16978	800084aa	03957433	remu	x8,x10,x25	 x10:0x67c2cf54 x25:0xffffffe5  x8=0x67c2cf54
      341615000	     16979	800084ae	8159	c.srli	x10,0x16	 x10:0x67c2cf54 x10=0x0000019f
      341635000	     16980	800084b0	00c47cb3	and	x25,x8,x12	  x8:0x67c2cf54 x12:0x00000285 x25=0x00000204
      341655000	     16981	800084b4	6e69	c.lui	x28,0x1a	 x28=0x0001a000
      341675000	     16982	800084b6	0134d433	srl	x8,x9,x19	  x9:0x698b3c00 x19:0x80021e0c  x8=0x000698b3
      341695000	     16983	800084ba	02c31363	bne	x6,x12,800084e0	  x6:0xfffffffe x12:0x00000285
      341895000	     16993	800084e0	56590613	addi	x12,x18,1381	 x18:0x04b9c800 x12=0x04b9cd65
      342095000	     17003	800084e4	0a943293	sltiu	x5,x8,169	  x8:0x000698b3  x5=0x00000000
      342115000	     17004	800084e8	1388	c.addi4spn	x10,x2,480	 x10=0xa39e65ea
      342215000	     17009	800084ea	0d8fb513	sltiu	x10,x31,216	 x31:0x00000001 x10=0x00000001
      342235000	     17010	800084ee	883d	c.andi	x8,15	  x8:0x000698b3  x8=0x00000003
      342255000	     17011	800084f0	7db3a737	lui	x14,0x7db3a	 x14=0x7db3a000
      342655000	     17031	800084f4	8f35	c.xor	x14,x13	 x14:0x7db3a000 x13:0x00000001 x14=0x7db3a001
      342695000	     17033	800084f6	0399bcb3	mulhu	x25,x19,x25	 x19:0x80021e0c x25:0x00000204 x25=0x00000102
      342735000	     17035	800084fa	0254b4b3	mulhu	x9,x9,x5	  x9:0x698b3c00  x5:0x00000000  x9=0x00000000
      343115000	     17054	800084fe	b615ec37	lui	x24,0xb615e	 x24=0xb615e000
      343135000	     17055	80008502	db9eb913	sltiu	x18,x29,-583	 x29:0x0000001d x18=0x00000001
      343155000	     17056	80008506	8e1d	c.sub	x12,x15	 x12:0x04b9cd65 x15:0x3f17e12e x12=0xc5a1ec37
      343555000	     17076	80008508	01fefe33	and	x28,x29,x31	 x29:0x0000001d x31:0x00000001 x28=0x00000001
      343575000	     17077	8000850c	12cbaa37	lui	x20,0x12cba	 x20=0x12cba000
      343975000	     17097	80008510	c219	c.beqz	x12,80008516	 x12:0xc5a1ec37
      343995000	     17098	80008512	00352833	slt	x16,x10,x3	 x10:0x00000001  x3:0xffffffe5 x16=0x00000000
      344415000	     17119	80008516	cbd67593	andi	x11,x12,-835	 x12:0xc5a1ec37 x11=0xc5a1ec35
      344435000	     17120	8000851a	717d	c.addi16sp	x2,-16	  x2:0xa39e640a  x2=0xa39e63fa
      344475000	     17122	8000851c	02253433	mulhu	x8,x10,x2	 x10:0x00000001  x2:0xa39e63fa  x8=0x00000000
      344495000	     17123	80008520	b1f94d93	xori	x27,x18,-1249	 x18:0x00000001 x27=0xfffffb1e
      344655000	     17131	80008524	02ed0433	mul	x8,x26,x14	 x26:0x80025ce4 x14:0x7db3a001  x8=0x417cdce4
      344695000	     17133	80008528	029b45b3	div	x11,x22,x9	 x22:0xf86ae4a2  x9:0x00000000 x11=0xffffffff
      344795000	     17138	8000852c	0ff0000f	fence	iorw,iorw	
      344835000	     17140	80008530	036a3ab3	mulhu	x21,x20,x22	 x20:0x12cba000 x22:0xf86ae4a2 x21=0x123d1c19
      344855000	     17141	80008534	01c4c333	xor	x6,x9,x28	  x9:0x00000000 x28:0x00000001  x6=0x00000001
      344875000	     17142	80008538	717d	c.addi16sp	x2,-16	  x2:0xa39e63fa  x2=0xa39e63ea
      345635000	     17180	8000853a	03345c33	divu	x24,x8,x19	  x8:0x417cdce4 x19:0x80021e0c x24=0x00000000
      345655000	     17181	8000853e	41ac88b3	sub	x17,x25,x26	 x25:0x00000102 x26:0x80025ce4 x17=0x7ffda41e
      345675000	     17182	80008542	00e4de93	srli	x29,x9,0xe	  x9:0x00000000 x29=0x00000000
      345695000	     17183	80008546	0045cdb3	xor	x27,x11,x4	 x11:0xffffffff  x4:0x04000551 x27=0xfbfffaae
      345715000	     17184	8000854a	8f0d	c.sub	x14,x11	 x14:0x7db3a001 x11:0xffffffff x14=0x7db3a002
      345735000	     17185	8000854c	1f7d	c.addi	x30,-1	 x30:0x7ffde1f2 x30=0x7ffde1f1
      345755000	     17186	8000854e	8e5c7013	andi	x0,x24,-1819	 x24:0x00000000  x0=0x00000000
      345775000	     17187	80008552	0001	c.addi	x0,0	  x0:0x00000000  x0=0x00000000
      345795000	     17188	80008554	007c0533	add	x10,x24,x7	 x24:0x00000000  x7:0xfaeb9c09 x10=0xfaeb9c09
      345935000	     17195	80008558	cf5a4b13	xori	x22,x20,-779	 x20:0x12cba000 x22=0xed345cf5
      346255000	     17211	8000855c	012d6463	bltu	x26,x18,80008564	 x26:0x80025ce4 x18:0x00000001
      346275000	     17212	80008560	7495e717	auipc	x14,0x7495e	 x14=0xf4966560
      346295000	     17213	80008564	8e75	c.and	x12,x13	 x12:0xc5a1ec37 x13:0x00000001 x12=0x00000001
      347235000	     17260	80008566	02dc64b3	rem	x9,x24,x13	 x24:0x00000000 x13:0x00000001  x9=0x00000000
      361255000	     17961	8000856a	8eb9	c.xor	x13,x14	 x13:0x00000001 x14:0xf4966560 x13=0xf4966561
      361275000	     17962	8000856c	005fde93	srli	x29,x31,0x5	 x31:0x00000001 x29=0x00000000
      361295000	     17963	80008570	5cec7793	andi	x15,x24,1486	 x24:0x00000000 x15=0x00000000
      361315000	     17964	80008574	0015e4b3	or	x9,x11,x1	 x11:0xffffffff  x1:0x00000001  x9=0xffffffff
      361335000	     17965	80008578	717d	c.addi16sp	x2,-16	  x2:0xa39e63ea  x2=0xa39e63da
      361355000	     17966	8000857a	9a12	c.add	x20,x4	 x20:0x12cba000  x4:0x04000551 x20=0x16cba551
      361375000	     17967	8000857c	02baeb63	bltu	x21,x11,800085b2	 x21:0x123d1c19 x11:0xffffffff
      362175000	     18007	800085b2	254b8b93	addi	x23,x23,596	 x23:0x00000000 x23=0x00000254
      362335000	     18015	800085b6	cec93e93	sltiu	x29,x18,-788	 x18:0x00000001 x29=0x00000001
      362755000	     18036	800085ba	0182eb63	bltu	x5,x24,800085d0	  x5:0x00000000 x24:0x00000000
      362775000	     18037	800085be	a18aec93	ori	x25,x21,-1512	 x21:0x123d1c19 x25=0xfffffe19
      362855000	     18041	800085c2	0000100f	fence.i	
      363355000	     18066	800085c6	025dc5b3	div	x11,x27,x5	 x27:0xfbfffaae  x5:0x00000000 x11=0xffffffff
      363375000	     18067	800085ca	0211d663	bge	x3,x1,800085f6	  x3:0xffffffe5  x1:0x00000001
      363395000	     18068	800085ce	0001	c.addi	x0,0	  x0:0x00000000  x0=0x00000000
      363475000	     18072	800085d0	0001	c.addi	x0,0	  x0:0x00000000  x0=0x00000000
      364215000	     18109	800085d2	03407333	remu	x6,x0,x20	  x0:0x00000000 x20:0x16cba551  x6=0x00000000
      364955000	     18146	800085d6	0373cbb3	div	x23,x7,x23	  x7:0xfaeb9c09 x23:0x00000254 x23=0xfffdd172
      364975000	     18147	800085da	8d0d	c.sub	x10,x11	 x10:0xfaeb9c09 x11:0xffffffff x10=0xfaeb9c0a
      365015000	     18149	800085dc	02791f33	mulh	x30,x18,x7	 x18:0x00000001  x7:0xfaeb9c09 x30=0xffffffff
      365035000	     18150	800085e0	e999	c.bnez	x11,800085f6	 x11:0xffffffff
      365115000	     18154	800085f6	8e49	c.or	x12,x10	 x12:0x00000001 x10:0xfaeb9c0a x12=0xfaeb9c0b
      365155000	     18156	800085f8	03b2bdb3	mulhu	x27,x5,x27	  x5:0x00000000 x27:0xfbfffaae x27=0x00000000
      365175000	     18157	800085fc	6d5cbc93	sltiu	x25,x25,1749	 x25:0xfffffe19 x25=0x00000000
      365195000	     18158	80008600	8ec6	c.mv	x29,x17	  x0:0x00000000 x17:0x7ffda41e x29=0x7ffda41e
      365215000	     18159	80008602	717d	c.addi16sp	x2,-16	  x2:0xa39e63da  x2=0xa39e63ca
      365235000	     18160	80008604	01c25eb3	srl	x29,x4,x28	  x4:0x04000551 x28:0x00000001 x29=0x020002a8
      365315000	     18164	80008608	9496	c.add	x9,x5	  x9:0xffffffff  x5:0x00000000  x9=0xffffffff
      365335000	     18165	8000860a	8465	c.srai	x8,0x19	  x8:0x417cdce4  x8=0x00000020
      365375000	     18167	8000860c	8e55	c.or	x12,x13	 x12:0xfaeb9c0b x13:0xf4966561 x12=0xfefffd6b
      365395000	     18168	8000860e	0010f4b3	and	x9,x1,x1	  x1:0x00000001  x1:0x00000001  x9=0x00000001
      365415000	     18169	80008612	0092a133	slt	x2,x5,x9	  x5:0x00000000  x9:0x00000001  x2=0x00000001
      365435000	     18170	80008616	8792	c.mv	x15,x4	  x0:0x00000000  x4:0x04000551 x15=0x04000551
      365455000	     18171	80008618	03350b33	mul	x22,x10,x19	 x10:0xfaeb9c0a x19:0x80021e0c x22=0x97687c78
      365475000	     18172	8000861c	1efd	c.addi	x29,-1	 x29:0x020002a8 x29=0x020002a7
      365895000	     18193	8000861e	03b247b3	div	x15,x4,x27	  x4:0x04000551 x27:0x00000000 x15=0xffffffff
      365915000	     18194	80008622	8711	c.srai	x14,0x4	 x14:0xf4966560 x14=0xff496656
      366295000	     18213	80008624	9db6	c.add	x27,x13	 x27:0x00000000 x13:0xf4966561 x27=0xf4966561
      367095000	     18253	80008626	02a3d1b3	divu	x3,x7,x10	  x7:0xfaeb9c09 x10:0xfaeb9c0a  x3=0x00000000
      367115000	     18254	8000862a	0320fd63	bgeu	x1,x18,80008664	  x1:0x00000001 x18:0x00000001
      367195000	     18258	80008664	df767a13	andi	x20,x12,-521	 x12:0xfefffd6b x20=0xfefffd63
      367815000	     18289	80008668	81e17593	andi	x11,x2,-2018	  x2:0x00000001 x11=0x00000000
      367835000	     18290	8000866c	5c95cc17	auipc	x24,0x5c95c	 x24=0xdc96466c
      367855000	     18291	80008670	03e28233	mul	x4,x5,x30	  x5:0x00000000 x30:0xffffffff  x4=0x00000000
      367975000	     18297	80008674	9e62	c.add	x28,x24	 x28:0x00000001 x24:0xdc96466c x28=0xdc96466d
      368395000	     18318	80008676	d6084593	xori	x11,x16,-672	 x16:0x00000000 x11=0xfffffd60
      368575000	     18327	8000867a	0244d863	bge	x9,x4,800086aa	  x9:0x00000001  x4:0x00000000
      368695000	     18333	800086aa	0ff0000f	fence	iorw,iorw	
      368715000	     18334	800086ae	00f2ee63	bltu	x5,x15,800086ca	  x5:0x00000000 x15:0xffffffff
      370055000	     18401	800086ca	8fd1	c.or	x15,x12	 x15:0xffffffff x12:0xfefffd6b x15=0xffffffff
      370475000	     18422	800086cc	c189	c.beqz	x11,800086ce	 x11:0xfffffd60
      370895000	     18443	800086ce	007b9593	slli	x11,x23,0x7	 x23:0xfffdd172 x11=0xfee8b900
      370915000	     18444	800086d2	02fe9063	bne	x29,x15,800086f2	 x29:0x020002a7 x15:0xffffffff
      371215000	     18459	800086f2	0000100f	fence.i	
      372595000	     18528	800086f6	02ef5b33	divu	x22,x30,x14	 x30:0xffffffff x14:0xff496656 x22=0x00000001
      372615000	     18529	800086fa	a396c113	xori	x2,x13,-1479	 x13:0xf4966561  x2=0x0b699f58
      372635000	     18530	800086fe	8ea2	c.mv	x29,x8	  x0:0x00000000  x8:0x00000020 x29=0x00000020
      372675000	     18532	80008700	023762b3	rem	x5,x14,x3	 x14:0xff496656  x3:0x00000000  x5=0xff496656
      372695000	     18533	80008704	00b20db3	add	x27,x4,x11	  x4:0x00000000 x11:0xfee8b900 x27=0xfee8b900
      372715000	     18534	80008708	41b30433	sub	x8,x6,x27	  x6:0x00000000 x27:0xfee8b900  x8=0x01174700
      372735000	     18535	8000870c	bbe8a493	slti	x9,x17,-1090	 x17:0x7ffda41e  x9=0x00000000
      372755000	     18536	80008710	0001	c.addi	x0,0	  x0:0x00000000  x0=0x00000000
      372775000	     18537	80008712	0115fb33	and	x22,x11,x17	 x11:0xfee8b900 x17:0x7ffda41e x22=0x7ee8a000
      372815000	     18539	80008716	0184d263	bge	x9,x24,8000871a	  x9:0x00000000 x24:0xdc96466c
      373555000	     18576	8000871a	ab87f2b7	lui	x5,0xab87f	  x5=0xab87f000
      373575000	     18577	8000871e	0b11	c.addi	x22,4	 x22:0x7ee8a000 x22=0x7ee8a004
      373635000	     18580	80008720	049e8563	beq	x29,x9,8000876a	 x29:0x00000020  x9:0x00000000
      373655000	     18581	80008724	00f90533	add	x10,x18,x15	 x18:0x00000001 x15:0xffffffff x10=0x00000000
      373875000	     18592	80008728	bbabcd93	xori	x27,x23,-1094	 x23:0xfffdd172 x27=0x00022ac8
      373915000	     18594	8000872c	02a81e33	mulh	x28,x16,x10	 x16:0x00000000 x10:0x00000000 x28=0x00000000
      374155000	     18606	80008730	400f55b3	sra	x11,x30,x0	 x30:0xffffffff  x0:0x00000000 x11=0xffffffff
      374355000	     18616	80008734	02657533	remu	x10,x10,x6	 x10:0x00000000  x6:0x00000000 x10=0x00000000
      374515000	     18624	80008738	01bf5413	srli	x8,x30,0x1b	 x30:0xffffffff  x8=0x0000001f
      375355000	     18666	8000873c	028b65b3	rem	x11,x22,x8	 x22:0x7ee8a004  x8:0x0000001f x11=0x0000000d
      375375000	     18667	80008740	00fd0db3	add	x27,x26,x15	 x26:0x80025ce4 x15:0xffffffff x27=0x80025ce3
      375395000	     18668	80008744	c409	c.beqz	x8,8000874e	  x8:0x0000001f
      375435000	     18670	80008746	02f72433	mulhsu	x8,x14,x15	 x14:0xff496656 x15:0xffffffff  x8=0xff496656
      375475000	     18672	8000874a	00261a13	slli	x20,x12,0x2	 x12:0xfefffd6b x20=0xfbfff5ac
      375515000	     18674	8000874e	00fde263	bltu	x27,x15,80008752	 x27:0x80025ce3 x15:0xffffffff
      376555000	     18726	80008752	03a090b3	mulh	x1,x1,x26	  x1:0x00000001 x26:0x80025ce4  x1=0xffffffff
      376595000	     18728	80008756	02dfab33	mulhsu	x22,x31,x13	 x31:0x00000001 x13:0xf4966561 x22=0x00000000
      376815000	     18739	8000875a	005ecf63	blt	x29,x5,80008778	 x29:0x00000020  x5:0xab87f000
      376835000	     18740	8000875e	00fd1863	bne	x26,x15,8000876e	 x26:0x80025ce4 x15:0xffffffff
      377455000	     18771	8000876e	04da	c.slli	x9,0x16	  x9:0x00000000  x9=0x00000000
      378215000	     18809	80008770	03277033	remu	x0,x14,x18	 x14:0xff496656 x18:0x00000001  x0=0x00000000
      378235000	     18810	80008774	01d7e633	or	x12,x15,x29	 x15:0xffffffff x29:0x00000020 x12=0xffffffff
      378255000	     18811	80008778	00e41d93	slli	x27,x8,0xe	  x8:0xff496656 x27=0x59958000
      378275000	     18812	8000877c	287d65b7	lui	x11,0x287d6	 x11=0x287d6000
      378295000	     18813	80008780	00c31a33	sll	x20,x6,x12	  x6:0x00000000 x12:0xffffffff x20=0x00000000
      378315000	     18814	80008784	01f1c463	blt	x3,x31,8000878c	  x3:0x00000000 x31:0x00000001
      378995000	     18848	8000878c	01669563	bne	x13,x22,80008796	 x13:0xf4966561 x22:0x00000000
      379055000	     18851	80008796	8652	c.mv	x12,x20	  x0:0x00000000 x20:0x00000000 x12=0x00000000
      379715000	     18884	80008798	025488b3	mul	x17,x9,x5	  x9:0x00000000  x5:0xab87f000 x17=0x00000000
      379855000	     18891	8000879c	0001	c.addi	x0,0	  x0:0x00000000  x0=0x00000000
      379875000	     18892	8000879e	012cd833	srl	x16,x25,x18	 x25:0x00000000 x18:0x00000001 x16=0x00000000
      380295000	     18913	800087a2	0117eab3	or	x21,x15,x17	 x15:0xffffffff x17:0x00000000 x21=0xffffffff
      380355000	     18916	800087a6	02a5eeb3	rem	x29,x11,x10	 x11:0x287d6000 x10:0x00000000 x29=0x287d6000
      380375000	     18917	800087aa	4162d333	sra	x6,x5,x22	  x5:0xab87f000 x22:0x00000000  x6=0xab87f000
      380395000	     18918	800087ae	85b5	c.srai	x11,0xd	 x11:0x287d6000 x11=0x000143eb
      380415000	     18919	800087b0	4881	c.li	x17,0	 x17=0x00000000
      380515000	     18924	800087b2	dc4a84b7	lui	x9,0xdc4a8	  x9=0xdc4a8000
      380535000	     18925	800087b6	e819	c.bnez	x8,800087cc	  x8:0xff496656
      381655000	     18981	800087cc	8d7d	c.and	x10,x15	 x10:0x00000000 x15:0xffffffff x10=0x00000000
      381715000	     18984	800087ce	034216b3	mulh	x13,x4,x20	  x4:0x00000000 x20:0x00000000 x13=0x00000000
      381975000	     18997	800087d2	02a9b8b3	mulhu	x17,x19,x10	 x19:0x80021e0c x10:0x00000000 x17=0x00000000
      381995000	     18998	800087d6	01739a33	sll	x20,x7,x23	  x7:0xfaeb9c09 x23:0xfffdd172 x20=0x70240000
      382175000	     19007	800087da	4187dc93	srai	x25,x15,0x18	 x15:0xffffffff x25=0xffffffff
      382275000	     19012	800087de	0491f163	bgeu	x3,x9,80008820	  x3:0x00000000  x9:0xdc4a8000
      383155000	     19056	800087e2	038f7e33	remu	x28,x30,x24	 x30:0xffffffff x24:0xdc96466c x28=0x2369b993
      383175000	     19057	800087e6	0000100f	fence.i	
      383915000	     19094	800087ea	40ab5ab3	sra	x21,x22,x10	 x22:0x00000000 x10:0x00000000 x21=0x00000000
      383955000	     19096	800087ee	02f6bab3	mulhu	x21,x13,x15	 x13:0x00000000 x15:0xffffffff x21=0x00000000
      383975000	     19097	800087f2	9a76	c.add	x20,x29	 x20:0x70240000 x29:0x287d6000 x20=0x98a16000
      384035000	     19100	800087f4	8fb1	c.xor	x15,x12	 x15:0xffffffff x12:0x00000000 x15=0xffffffff
      384195000	     19108	800087f6	fc29d837	lui	x16,0xfc29d	 x16=0xfc29d000
      384395000	     19118	800087fa	01f2e233	or	x4,x5,x31	  x5:0xab87f000 x31:0x00000001  x4=0xab87f001
      384415000	     19119	800087fe	c61d	c.beqz	x12,8000882c	 x12:0x00000000
      384975000	     19147	8000882c	0ff0000f	fence	iorw,iorw	
      384995000	     19148	80008830	8e65	c.and	x12,x9	 x12:0x00000000  x9:0xdc4a8000 x12=0x00000000
      385015000	     19149	80008832	8419a813	slti	x16,x19,-1983	 x19:0x80021e0c x16=0x00000001
      385055000	     19151	80008836	030ba333	mulhsu	x6,x23,x16	 x23:0xfffdd172 x16:0x00000001  x6=0xffffffff
      385075000	     19152	8000883a	86b6	c.mv	x13,x13	  x0:0x00000000 x13:0x00000000 x13=0x00000000
      385315000	     19164	8000883c	006596b3	sll	x13,x11,x6	 x11:0x000143eb  x6:0xffffffff x13=0x80000000
      385335000	     19165	80008840	0b26	c.slli	x22,0x9	 x22:0x00000000 x22=0x00000000
      385355000	     19166	80008842	0017dc33	srl	x24,x15,x1	 x15:0xffffffff  x1:0xffffffff x24=0x00000001
      385375000	     19167	80008846	01caf7b3	and	x15,x21,x28	 x21:0x00000000 x28:0x2369b993 x15=0x00000000
      385395000	     19168	8000884a	0388	c.addi4spn	x10,x2,448	 x10=0x0b69a118
      385415000	     19169	8000884c	41b952b3	sra	x5,x18,x27	 x18:0x00000001 x27:0x59958000  x5=0x00000001
      385435000	     19170	80008850	02868663	beq	x13,x8,8000887c	 x13:0x80000000  x8:0xff496656
      385635000	     19180	80008854	39057c13	andi	x24,x10,912	 x10:0x0b69a118 x24=0x00000110
      385655000	     19181	80008858	404b82b3	sub	x5,x23,x4	 x23:0xfffdd172  x4:0xab87f001  x5=0x5475e171
      385955000	     19196	8000885c	e299	c.bnez	x13,80008862	 x13:0x80000000
      386755000	     19236	80008862	0133f0b3	and	x1,x7,x19	  x7:0xfaeb9c09 x19:0x80021e0c  x1=0x80021c08
      386835000	     19240	80008866	013b1213	slli	x4,x22,0x13	 x22:0x00000000  x4=0x00000000
      387835000	     19290	8000886a	03046533	rem	x10,x8,x16	  x8:0xff496656 x16:0x00000001 x10=0x00000000
      387855000	     19291	8000886e	08ce	c.slli	x17,0x13	 x17:0x00000000 x17=0x00000000
      387875000	     19292	80008870	0001	c.addi	x0,0	  x0:0x00000000  x0=0x00000000
      387895000	     19293	80008872	41a504b3	sub	x9,x10,x26	 x10:0x00000000 x26:0x80025ce4  x9=0x7ffda31c
      387915000	     19294	80008876	01069e63	bne	x13,x16,80008892	 x13:0x80000000 x16:0x00000001
      388135000	     19305	80008892	005d47b3	xor	x15,x26,x5	 x26:0x80025ce4  x5:0x5475e171 x15=0xd477bd95
      388555000	     19326	80008896	01369b93	slli	x23,x13,0x13	 x13:0x80000000 x23=0x00000000
      388575000	     19327	8000889a	8d79	c.and	x10,x14	 x10:0x00000000 x14:0xff496656 x10=0x00000000
      388915000	     19344	8000889c	0fc1	c.addi	x31,16	 x31:0x00000001 x31=0x00000011
      389215000	     19359	8000889e	03793033	mulhu	x0,x18,x23	 x18:0x00000001 x23:0x00000000  x0=0x00000000
      389235000	     19360	800088a2	9606	c.add	x12,x1	 x12:0x00000000  x1:0x80021c08 x12=0x80021c08
      389275000	     19362	800088a4	02a9c433	div	x8,x19,x10	 x19:0x80021e0c x10:0x00000000  x8=0xffffffff
      389295000	     19363	800088a8	8785	c.srai	x15,0x1	 x15:0xd477bd95 x15=0xea3bdeca
      389655000	     19381	800088aa	017cef33	or	x30,x25,x23	 x25:0xffffffff x23:0x00000000 x30=0xffffffff
      389675000	     19382	800088ae	19610813	addi	x16,x2,406	  x2:0x0b699f58 x16=0x0b69a0ee
      389695000	     19383	800088b2	0001	c.addi	x0,0	  x0:0x00000000  x0=0x00000000
      389815000	     19389	800088b4	01d48b63	beq	x9,x29,800088ca	  x9:0x7ffda31c x29:0x287d6000
      389995000	     19398	800088b8	c74db493	sltiu	x9,x27,-908	 x27:0x59958000  x9=0x00000001
      390015000	     19399	800088bc	03344063	blt	x8,x19,800088dc	  x8:0xffffffff x19:0x80021e0c
      390135000	     19405	800088c0	0001	c.addi	x0,0	  x0:0x00000000  x0=0x00000000
      390495000	     19423	800088c2	018aea33	or	x20,x21,x24	 x21:0x00000000 x24:0x00000110 x20=0x00000110
      391235000	     19460	800088c6	02f057b3	divu	x15,x0,x15	  x0:0x00000000 x15:0xea3bdeca x15=0x00000000
      391255000	     19461	800088ca	011d60b3	or	x1,x26,x17	 x26:0x80025ce4 x17:0x00000000  x1=0x80025ce4
      391275000	     19462	800088ce	0ff0000f	fence	iorw,iorw	
      391295000	     19463	800088d2	771df593	andi	x11,x27,1905	 x27:0x59958000 x11=0x00000000
      391315000	     19464	800088d6	9f2a	c.add	x30,x10	 x30:0xffffffff x10:0x00000000 x30=0xffffffff
      391335000	     19465	800088d8	cc99	c.beqz	x9,800088f6	  x9:0x00000001
      391355000	     19466	800088da	11fd	c.addi	x3,-1	  x3:0x00000000  x3=0xffffffff
      391375000	     19467	800088dc	41930233	sub	x4,x6,x25	  x6:0xffffffff x25:0xffffffff  x4=0x00000000
      391395000	     19468	800088e0	01023c33	sltu	x24,x4,x16	  x4:0x00000000 x16:0x0b69a0ee x24=0x00000001
      391415000	     19469	800088e4	9156	c.add	x2,x21	  x2:0x0b699f58 x21:0x00000000  x2=0x0b699f58
      391435000	     19470	800088e6	8772	c.mv	x14,x28	  x0:0x00000000 x28:0x2369b993 x14=0x2369b993
      391455000	     19471	800088e8	1f9c	c.addi4spn	x15,x2,1008	 x15=0x0b69a348
      391815000	     19489	800088ea	00de58b3	srl	x17,x28,x13	 x28:0x2369b993 x13:0x80000000 x17=0x2369b993
      391935000	     19495	800088ee	03246063	bltu	x8,x18,8000890e	  x8:0xffffffff x18:0x00000001
      392255000	     19511	800088f2	02c29933	mulh	x18,x5,x12	  x5:0x5475e171 x12:0x80021c08 x18=0xd5c5c172
      392275000	     19512	800088f6	007d8f63	beq	x27,x7,80008914	 x27:0x59958000  x7:0xfaeb9c09
      392295000	     19513	800088fa	33f47893	andi	x17,x8,831	  x8:0xffffffff x17=0x0000033f
      393035000	     19550	800088fe	02f9ea33	rem	x20,x19,x15	 x19:0x80021e0c x15:0x0b69a348 x20=0xfd8c2224
      393055000	     19551	80008902	01839c33	sll	x24,x7,x24	  x7:0xfaeb9c09 x24:0x00000001 x24=0xf5d73812
      393075000	     19552	80008906	b7bffe97	auipc	x29,0xb7bff	 x29=0x37c07906
      393095000	     19553	8000890a	e28b2893	slti	x17,x22,-472	 x22:0x00000000 x17=0x00000000
      393115000	     19554	8000890e	014bde33	srl	x28,x23,x20	 x23:0x00000000 x20:0xfd8c2224 x28=0x00000000
      393135000	     19555	80008912	882d	c.andi	x8,11	  x8:0xffffffff  x8=0x0000000b
      393155000	     19556	80008914	81d1	c.srli	x11,0x14	 x11:0x00000000 x11=0x00000000
      393295000	     19563	80008916	0ff0000f	fence	iorw,iorw	
      393315000	     19564	8000891a	6169	c.addi16sp	x2,208	  x2:0x0b699f58  x2=0x0b69a028
      393335000	     19565	8000891c	8d85	c.sub	x11,x9	 x11:0x00000000  x9:0x00000001 x11=0xffffffff
      393355000	     19566	8000891e	00766b33	or	x22,x12,x7	 x12:0x80021c08  x7:0xfaeb9c09 x22=0xfaeb9c09
      393375000	     19567	80008922	014572b3	and	x5,x10,x20	 x10:0x00000000 x20:0xfd8c2224  x5=0x00000000
      393775000	     19587	80008926	01588b63	beq	x17,x21,8000893c	 x17:0x00000000 x21:0x00000000
      395495000	     19673	8000893c	03ecd7b3	divu	x15,x25,x30	 x25:0xffffffff x30:0xffffffff x15=0x00000001
      395515000	     19674	80008940	b0a2a893	slti	x17,x5,-1270	  x5:0x00000000 x17=0x00000000
      395535000	     19675	80008944	e401	c.bnez	x8,8000894c	  x8:0x0000000b
      395955000	     19696	8000894c	01ef36b3	sltu	x13,x30,x30	 x30:0xffffffff x30:0xffffffff x13=0x00000000
      395995000	     19698	80008950	419155b3	sra	x11,x2,x25	  x2:0x0b69a028 x25:0xffffffff x11=0x00000000
      396015000	     19699	80008954	717d	c.addi16sp	x2,-16	  x2:0x0b69a028  x2=0x0b69a018
      396035000	     19700	80008956	0001	c.addi	x0,0	  x0:0x00000000  x0=0x00000000
      396055000	     19701	80008958	0001	c.addi	x0,0	  x0:0x00000000  x0=0x00000000
      396475000	     19722	8000895a	95886237	lui	x4,0x95886	  x4=0x95886000
      396795000	     19738	8000895e	416dd8b3	sra	x17,x27,x22	 x27:0x59958000 x22:0xfaeb9c09 x17=0x002ccac0
      397535000	     19775	80008962	03395433	divu	x8,x18,x19	 x18:0xd5c5c172 x19:0x80021e0c  x8=0x00000001
      397555000	     19776	80008966	8e85	c.sub	x13,x9	 x13:0x00000000  x9:0x00000001 x13=0xffffffff
      397575000	     19777	80008968	4118dc33	sra	x24,x17,x17	 x17:0x002ccac0 x17:0x002ccac0 x24=0x002ccac0
      397595000	     19778	8000896c	02d71763	bne	x14,x13,8000899a	 x14:0x2369b993 x13:0xffffffff
      397675000	     19782	8000899a	8c39	c.xor	x8,x14	  x8:0x00000001 x14:0x2369b993  x8=0x2369b992
      397835000	     19790	8000899c	01d8ef33	or	x30,x17,x29	 x17:0x002ccac0 x29:0x37c07906 x30=0x37ecfbc6
      397855000	     19791	800089a0	8c11	c.sub	x8,x12	  x8:0x2369b992 x12:0x80021c08  x8=0xa3679d8a
      397895000	     19793	800089a2	0139f263	bgeu	x19,x19,800089a6	 x19:0x80021e0c x19:0x80021e0c
      398495000	     19823	800089a6	0183d5b3	srl	x11,x7,x24	  x7:0xfaeb9c09 x24:0x002ccac0 x11=0xfaeb9c09
      398515000	     19824	800089aa	0001	c.addi	x0,0	  x0:0x00000000  x0=0x00000000
      398535000	     19825	800089ac	0001	c.addi	x0,0	  x0:0x00000000  x0=0x00000000
      398935000	     19845	800089ae	02869633	mulh	x12,x13,x8	 x13:0xffffffff  x8:0xa3679d8a x12=0x00000000
      398955000	     19846	800089b2	009be433	or	x8,x23,x9	 x23:0x00000000  x9:0x00000001  x8=0x00000001
      399035000	     19850	800089b6	d5f0fd93	andi	x27,x1,-673	  x1:0x80025ce4 x27=0x80025c44
      399055000	     19851	800089ba	c209	c.beqz	x12,800089bc	 x12:0x00000000
      399155000	     19856	800089bc	0dc2	c.slli	x27,0x10	 x27:0x80025c44 x27=0x5c440000
      399175000	     19857	800089be	014732b3	sltu	x5,x14,x20	 x14:0x2369b993 x20:0xfd8c2224  x5=0x00000001
      399195000	     19858	800089c2	83c1	c.srli	x15,0x10	 x15:0x00000001 x15=0x00000000
      399215000	     19859	800089c4	cd99	c.beqz	x11,800089e2	 x11:0xfaeb9c09
      399235000	     19860	800089c6	012d1293	slli	x5,x26,0x12	 x26:0x80025ce4  x5=0x73900000
      399255000	     19861	800089ca	0001	c.addi	x0,0	  x0:0x00000000  x0=0x00000000
      399275000	     19862	800089cc	0351cc63	blt	x3,x21,80008a04	  x3:0xffffffff x21:0x00000000
      400135000	     19905	80008a04	8ce9	c.and	x9,x10	  x9:0x00000001 x10:0x00000000  x9=0x00000000
      400895000	     19943	80008a06	03a7ee33	rem	x28,x15,x26	 x15:0x00000000 x26:0x80025ce4 x28=0x00000000
      400915000	     19944	80008a0a	8425	c.srai	x8,0x9	  x8:0x00000001  x8=0x00000000
      400935000	     19945	80008a0c	e9604293	xori	x5,x0,-362	  x0:0x00000000  x5=0xfffffe96
      400955000	     19946	80008a10	0086e0b3	or	x1,x13,x8	 x13:0xffffffff  x8:0x00000000  x1=0xffffffff
      400975000	     19947	80008a14	8cd5	c.or	x9,x13	  x9:0x00000000 x13:0xffffffff  x9=0xffffffff
      401015000	     19949	80008a16	0239b6b3	mulhu	x13,x19,x3	 x19:0x80021e0c  x3:0xffffffff x13=0x80021e0b
      401035000	     19950	80008a1a	8bb6	c.mv	x23,x13	  x0:0x00000000 x13:0x80021e0b x23=0x80021e0b
      401055000	     19951	80008a1c	01f2a633	slt	x12,x5,x31	  x5:0xfffffe96 x31:0x00000011 x12=0x00000001
      401075000	     19952	80008a20	00b5f963	bgeu	x11,x11,80008a32	 x11:0xfaeb9c09 x11:0xfaeb9c09
      403215000	     20059	80008a32	032b45b3	div	x11,x22,x18	 x22:0xfaeb9c09 x18:0xd5c5c172 x11=0x00000000
      403235000	     20060	80008a36	04ebe363	bltu	x23,x14,80008a7c	 x23:0x80021e0b x14:0x2369b993
      403975000	     20097	80008a3a	031346b3	div	x13,x6,x17	  x6:0xffffffff x17:0x002ccac0 x13=0x00000000
      404715000	     20134	80008a3e	0368f933	remu	x18,x17,x22	 x17:0x002ccac0 x22:0xfaeb9c09 x18=0x002ccac0
      404735000	     20135	80008a42	015bc463	blt	x23,x21,80008a4a	 x23:0x80021e0b x21:0x00000000
      404775000	     20137	80008a4a	051d	c.addi	x10,7	 x10:0x00000000 x10=0x00000007
      404795000	     20138	80008a4c	01cd5a33	srl	x20,x26,x28	 x26:0x80025ce4 x28:0x00000000 x20=0x80025ce4
      404815000	     20139	80008a50	1f14	c.addi4spn	x13,x2,944	 x13=0x0b69a3c8
      404835000	     20140	80008a52	01855263	bge	x10,x24,80008a56	 x10:0x00000007 x24:0x002ccac0
      404855000	     20141	80008a56	8f4d	c.or	x14,x11	 x14:0x2369b993 x11:0x00000000 x14=0x2369b993
      405235000	     20160	80008a58	00815413	srli	x8,x2,0x8	  x2:0x0b69a018  x8=0x000b69a0
      405395000	     20168	80008a5c	2e50e613	ori	x12,x1,741	  x1:0xffffffff x12=0xffffffff
      405515000	     20174	80008a60	37a2e413	ori	x8,x5,890	  x5:0xfffffe96  x8=0xfffffffe
      405535000	     20175	80008a64	f5f9d237	lui	x4,0xf5f9d	  x4=0xf5f9d000
      405575000	     20177	80008a68	0297d363	bge	x15,x9,80008a8e	 x15:0x00000000  x9:0xffffffff
      406095000	     20203	80008a8e	a0537b13	andi	x22,x6,-1531	  x6:0xffffffff x22=0xfffffa05
      406115000	     20204	80008a92	5c7d	c.li	x24,-1	 x24=0xffffffff
      406195000	     20208	80008a94	0000100f	fence.i	
      406415000	     20219	80008a98	00989563	bne	x17,x9,80008aa2	 x17:0x002ccac0  x9:0xffffffff
      407055000	     20251	80008aa2	00af8833	add	x16,x31,x10	 x31:0x00000011 x10:0x00000007 x16=0x00000018
      407415000	     20269	80008aa6	0377a633	mulhsu	x12,x15,x23	 x15:0x00000000 x23:0x80021e0b x12=0x00000000
      407435000	     20270	80008aaa	e85d6113	ori	x2,x26,-379	 x26:0x80025ce4  x2=0xfffffee5
      407495000	     20273	80008aae	02788eb3	mul	x29,x17,x7	 x17:0x002ccac0  x7:0xfaeb9c09 x29=0xeb6020c0
      407515000	     20274	80008ab2	ec1d	c.bnez	x8,80008af0	  x8:0xfffffffe
      430675000	     21432	80008af0	8ed9	c.or	x13,x14	 x13:0x0b69a3c8 x14:0x2369b993 x13=0x2b69bbdb
      430695000	     21433	80008af2	01a2e463	bltu	x5,x26,80008afa	  x5:0xfffffe96 x26:0x80025ce4
      430715000	     21434	80008af6	416c5633	sra	x12,x24,x22	 x24:0xffffffff x22:0xfffffa05 x12=0xffffffff
      430735000	     21435	80008afa	717d	c.addi16sp	x2,-16	  x2:0xfffffee5  x2=0xfffffed5
      430755000	     21436	80008afc	01ba5263	bge	x20,x27,80008b00	 x20:0x80025ce4 x27:0x5c440000
      430775000	     21437	80008b00	846e	c.mv	x8,x27	  x0:0x00000000 x27:0x5c440000  x8=0x5c440000
      431015000	     21449	80008b02	0ff0000f	fence	iorw,iorw	
      431035000	     21450	80008b06	f069ab13	slti	x22,x19,-250	 x19:0x80021e0c x22=0x00000001
      431055000	     21451	80008b0a	00098eb3	add	x29,x19,x0	 x19:0x80021e0c  x0:0x00000000 x29=0x80021e0c
      431215000	     21459	80008b0e	05cfec93	ori	x25,x31,92	 x31:0x00000011 x25=0x0000005d
      431235000	     21460	80008b12	8fd9	c.or	x15,x14	 x15:0x00000000 x14:0x2369b993 x15=0x2369b993
      431255000	     21461	80008b14	5afd	c.li	x21,-1	 x21=0xffffffff
      431655000	     21481	80008b16	a9f04f13	xori	x30,x0,-1377	  x0:0x00000000 x30=0xfffffa9f
      431675000	     21482	80008b1a	019b1d63	bne	x22,x25,80008b34	 x22:0x00000001 x25:0x0000005d
      432175000	     21507	80008b34	03160d63	beq	x12,x17,80008b6e	 x12:0xffffffff x17:0x002ccac0
      432615000	     21529	80008b38	0000100f	fence.i	
      433455000	     21571	80008b3c	0000100f	fence.i	
      433915000	     21594	80008b40	02af7763	bgeu	x30,x10,80008b6e	 x30:0xfffffa9f x10:0x00000007
      434615000	     21629	80008b6e	81c2	c.mv	x3,x16	  x0:0x00000000 x16:0x00000018  x3=0x00000018
      434635000	     21630	80008b70	02ebe263	bltu	x23,x14,80008b94	 x23:0x80021e0b x14:0x2369b993
      434655000	     21631	80008b74	0c10	c.addi4spn	x12,x2,528	 x12=0x000000e5
      434675000	     21632	80008b76	82e1	c.srli	x13,0x18	 x13:0x2b69bbdb x13=0x0000002b
      434715000	     21634	80008b78	03a037b3	mulhu	x15,x0,x26	  x0:0x00000000 x26:0x80025ce4 x15=0x00000000
      434755000	     21636	80008b7c	02e41ab3	mulh	x21,x8,x14	  x8:0x5c440000 x14:0x2369b993 x21=0x0cc366c6
      434955000	     21646	80008b80	41508533	sub	x10,x1,x21	  x1:0xffffffff x21:0x0cc366c6 x10=0xf33c9939
      435175000	     21657	80008b84	00ff6c33	or	x24,x30,x15	 x30:0xfffffa9f x15:0x00000000 x24=0xfffffa9f
      435195000	     21658	80008b88	02a902b3	mul	x5,x18,x10	 x18:0x002ccac0 x10:0xf33c9939  x5=0x9425e4c0
      436215000	     21709	80008b8c	029bd933	divu	x18,x23,x9	 x23:0x80021e0b  x9:0xffffffff x18=0x00000000
      436235000	     21710	80008b90	331ffb97	auipc	x23,0x331ff	 x23=0xb3207b90
      436255000	     21711	80008b94	8705	c.srai	x14,0x1	 x14:0x2369b993 x14=0x11b4dcc9
      436275000	     21712	80008b96	3b8d4b93	xori	x23,x26,952	 x26:0x80025ce4 x23=0x80025f5c
      436295000	     21713	80008b9a	1684	c.addi4spn	x9,x2,864	  x9=0x00000235
      436315000	     21714	80008b9c	caa128b7	lui	x17,0xcaa12	 x17=0xcaa12000
      436335000	     21715	80008ba0	8549	c.srai	x10,0x12	 x10:0xf33c9939 x10=0xfffffccf
      436435000	     21720	80008ba2	01437e63	bgeu	x6,x20,80008bbe	  x6:0xffffffff x20:0x80025ce4
      436995000	     21748	80008bbe	8dfd	c.and	x11,x15	 x11:0x00000000 x15:0x00000000 x11=0x00000000
      437055000	     21751	80008bc0	01fa5fb3	srl	x31,x20,x31	 x20:0x80025ce4 x31:0x00000011 x31=0x00004001
      437095000	     21753	80008bc4	35592c93	slti	x25,x18,853	 x18:0x00000000 x25=0x00000001
      437535000	     21775	80008bc8	02211eb3	mulh	x29,x2,x2	  x2:0xfffffed5  x2:0xfffffed5 x29=0x00000000
      437575000	     21777	80008bcc	00199e93	slli	x29,x19,0x1	 x19:0x80021e0c x29=0x00043c18
      438715000	     21834	80008bd0	03966e33	rem	x28,x12,x25	 x12:0x000000e5 x25:0x00000001 x28=0x00000000
      438735000	     21835	80008bd4	0001	c.addi	x0,0	  x0:0x00000000  x0=0x00000000
      438755000	     21836	80008bd6	9a8fbe93	sltiu	x29,x31,-1624	 x31:0x00004001 x29=0x00000001
      438775000	     21837	80008bda	8f1ae8b7	lui	x17,0x8f1ae	 x17=0x8f1ae000
      438795000	     21838	80008bde	08670313	addi	x6,x14,134	 x14:0x11b4dcc9  x6=0x11b4dd4f
      438815000	     21839	80008be2	40615333	sra	x6,x2,x6	  x2:0xfffffed5  x6:0x11b4dd4f  x6=0xffffffff
      438875000	     21842	80008be6	03b3bdb3	mulhu	x27,x7,x27	  x7:0xfaeb9c09 x27:0x5c440000 x27=0x5a6f52a8
      438895000	     21843	80008bea	06f2	c.slli	x13,0x1c	 x13:0x0000002b x13=0xb0000000
      438915000	     21844	80008bec	9afd	c.andi	x13,-1	 x13:0xb0000000 x13=0xb0000000
      439235000	     21860	80008bee	7007ee93	ori	x29,x15,1792	 x15:0x00000000 x29=0x00000700
      439255000	     21861	80008bf2	0001	c.addi	x0,0	  x0:0x00000000  x0=0x00000000
      439275000	     21862	80008bf4	8f01	c.sub	x14,x8	 x14:0x11b4dcc9  x8:0x5c440000 x14=0xb570dcc9
      439295000	     21863	80008bf6	009f6263	bltu	x30,x9,80008bfa	 x30:0xfffffa9f  x9:0x00000235
      439315000	     21864	80008bfa	01ff92b3	sll	x5,x31,x31	 x31:0x00004001 x31:0x00004001  x5=0x00008002
      439335000	     21865	80008bfe	5a3fad97	auipc	x27,0x5a3fa	 x27=0xda402bfe
      439355000	     21866	80008c02	8de6	c.mv	x27,x25	  x0:0x00000000 x25:0x00000001 x27=0x00000001
      439495000	     21873	80008c04	000cdb63	bge	x25,x0,80008c1a	 x25:0x00000001  x0:0x00000000
      440315000	     21914	80008c1a	07ee	c.slli	x15,0x1b	 x15:0x00000000 x15=0x00000000
      440335000	     21915	80008c1c	00a24133	xor	x2,x4,x10	  x4:0xf5f9d000 x10:0xfffffccf  x2=0x0a062ccf
      440435000	     21920	80008c20	7a36c613	xori	x12,x13,1955	 x13:0xb0000000 x12=0xb00007a3
      440635000	     21930	80008c24	0141ff63	bgeu	x3,x20,80008c42	  x3:0x00000018 x20:0x80025ce4
      441055000	     21951	80008c28	019e65b3	or	x11,x28,x25	 x28:0x00000000 x25:0x00000001 x11=0x00000001
      441075000	     21952	80008c2c	0001	c.addi	x0,0	  x0:0x00000000  x0=0x00000000
      442215000	     22009	80008c2e	02194033	div	x0,x18,x1	 x18:0x00000000  x1:0xffffffff  x0=0x00000000
      442255000	     22011	80008c32	03eb2b33	mulhsu	x22,x22,x30	 x22:0x00000001 x30:0xfffffa9f x22=0x00000000
      442275000	     22012	80008c36	8c79	c.and	x8,x14	  x8:0x5c440000 x14:0xb570dcc9  x8=0x14400000
      442295000	     22013	80008c38	8057f513	andi	x10,x15,-2043	 x15:0x00000000 x10=0x00000000
      442315000	     22014	80008c3c	b15ca193	slti	x3,x25,-1259	 x25:0x00000001  x3=0x00000000
      442335000	     22015	80008c40	8c21	c.xor	x8,x8	  x8:0x14400000  x8:0x14400000  x8=0x00000000
      442355000	     22016	80008c42	0ff0000f	fence	iorw,iorw	
      442375000	     22017	80008c46	ed2dbd93	sltiu	x27,x27,-302	 x27:0x00000001 x27=0x00000001
      442395000	     22018	80008c4a	0089cbb3	xor	x23,x19,x8	 x19:0x80021e0c  x8:0x00000000 x23=0x80021e0c
      442415000	     22019	80008c4e	8091	c.srli	x9,0x4	  x9:0x00000235  x9=0x00000023
      442435000	     22020	80008c50	c94a8a13	addi	x20,x21,-876	 x21:0x0cc366c6 x20=0x0cc3635a
      442635000	     22030	80008c54	01757133	and	x2,x10,x23	 x10:0x00000000 x23:0x80021e0c  x2=0x00000000
      442755000	     22036	80008c58	89ed	c.andi	x11,27	 x11:0x00000001 x11=0x00000001
      442795000	     22038	80008c5a	0ff0000f	fence	iorw,iorw	
      443155000	     22056	80008c5e	41475333	sra	x6,x14,x20	 x14:0xb570dcc9 x20:0x0cc3635a  x6=0xffffffed
      443175000	     22057	80008c62	8aed	c.andi	x13,27	 x13:0xb0000000 x13=0x00000000
      443575000	     22077	80008c64	bb9a9b97	auipc	x23,0xbb9a9	 x23=0x3b9b1c64
      443875000	     22092	80008c68	af5f8b13	addi	x22,x31,-1291	 x31:0x00004001 x22=0x00003af6
      443915000	     22094	80008c6c	021898b3	mulh	x17,x17,x1	 x17:0x8f1ae000  x1:0xffffffff x17=0x00000000
      443975000	     22097	80008c70	8e4d	c.or	x12,x11	 x12:0xb00007a3 x11:0x00000001 x12=0xb00007a3
      443995000	     22098	80008c72	9bfd	c.andi	x15,-1	 x15:0x00000000 x15=0x00000000
      444015000	     22099	80008c74	00891eb3	sll	x29,x18,x8	 x18:0x00000000  x8:0x00000000 x29=0x00000000
      444035000	     22100	80008c78	01a85c33	srl	x24,x16,x26	 x16:0x00000018 x26:0x80025ce4 x24=0x00000001
      444055000	     22101	80008c7c	6b69	c.lui	x22,0x1a	 x22=0x0001a000
      444435000	     22120	80008c7e	e6c62c93	slti	x25,x12,-404	 x12:0xb00007a3 x25=0x00000001
      444455000	     22121	80008c82	065e	c.slli	x12,0x17	 x12:0xb00007a3 x12=0xd1800000
      444515000	     22124	80008c84	54e06c93	ori	x25,x0,1358	  x0:0x00000000 x25=0x0000054e
      444575000	     22127	80008c88	01c141b3	xor	x3,x2,x28	  x2:0x00000000 x28:0x00000000  x3=0x00000000
      444595000	     22128	80008c8c	f26f8613	addi	x12,x31,-218	 x31:0x00004001 x12=0x00003f27
      444635000	     22130	80008c90	0001	c.addi	x0,0	  x0:0x00000000  x0=0x00000000
      444655000	     22131	80008c92	8d5d	c.or	x10,x15	 x10:0x00000000 x15:0x00000000 x10=0x00000000
      445055000	     22151	80008c94	51fd	c.li	x3,-1	  x3=0xffffffff
      445075000	     22152	80008c96	ce01	c.beqz	x12,80008cae	 x12:0x00003f27
      445115000	     22154	80008c98	0001	c.addi	x0,0	  x0:0x00000000  x0=0x00000000
      445135000	     22155	80008c9a	04dd	c.addi	x9,23	  x9:0x00000023  x9=0x0000003a
      445155000	     22156	80008c9c	00354f33	xor	x30,x10,x3	 x10:0x00000000  x3:0xffffffff x30=0xffffffff
      445175000	     22157	80008ca0	9a8a	c.add	x21,x2	 x21:0x0cc366c6  x2:0x00000000 x21=0x0cc366c6
      445575000	     22177	80008ca2	00f7e833	or	x16,x15,x15	 x15:0x00000000 x15:0x00000000 x16=0x00000000
      445715000	     22184	80008ca6	01a7d0b3	srl	x1,x15,x26	 x15:0x00000000 x26:0x80025ce4  x1=0x00000000
      445735000	     22185	80008caa	01989733	sll	x14,x17,x25	 x17:0x00000000 x25:0x0000054e x14=0x00000000
      445775000	     22187	80008cae	039e2433	mulhsu	x8,x28,x25	 x28:0x00000000 x25:0x0000054e  x8=0x00000000
      445795000	     22188	80008cb2	017ef563	bgeu	x29,x23,80008cbc	 x29:0x00000000 x23:0x3b9b1c64
      445815000	     22189	80008cb6	8d25	c.xor	x10,x9	 x10:0x00000000  x9:0x0000003a x10=0x0000003a
      446775000	     22237	80008cb8	035757b3	divu	x15,x14,x21	 x14:0x00000000 x21:0x0cc366c6 x15=0x00000000
      446795000	     22238	80008cbc	86d9	c.srai	x13,0x16	 x13:0x00000000 x13=0x00000000
      446815000	     22239	80008cbe	8a546f93	ori	x31,x8,-1883	  x8:0x00000000 x31=0xfffff8a5
      446855000	     22241	80008cc2	0306f133	remu	x2,x13,x16	 x13:0x00000000 x16:0x00000000  x2=0x00000000
      446875000	     22242	80008cc6	46130f93	addi	x31,x6,1121	  x6:0xffffffed x31=0x0000044e
      446895000	     22243	80008cca	03b99963	bne	x19,x27,80008cfc	 x19:0x80021e0c x27:0x00000001
      447295000	     22263	80008cfc	35c6dc17	auipc	x24,0x35c6d	 x24=0xb5c75cfc
      447735000	     22285	80008d00	92478813	addi	x16,x15,-1756	 x15:0x00000000 x16=0xfffff924
      447875000	     22292	80008d04	0001	c.addi	x0,0	  x0:0x00000000  x0=0x00000000
      447895000	     22293	80008d06	0b6a	c.slli	x22,0x1a	 x22:0x0001a000 x22=0x00000000
      447915000	     22294	80008d08	006dcfb3	xor	x31,x27,x6	 x27:0x00000001  x6:0xffffffed x31=0xffffffec
      447935000	     22295	80008d0c	0044d813	srli	x16,x9,0x4	  x9:0x0000003a x16=0x00000003
      448115000	     22304	80008d10	400a50b3	sra	x1,x20,x0	 x20:0x0cc3635a  x0:0x00000000  x1=0x0cc3635a
      448135000	     22305	80008d14	016f5c33	srl	x24,x30,x22	 x30:0xffffffff x22:0x00000000 x24=0xffffffff
      448155000	     22306	80008d18	8dad	c.xor	x11,x11	 x11:0x00000001 x11:0x00000001 x11=0x00000000
      448295000	     22313	80008d1a	00d50833	add	x16,x10,x13	 x10:0x0000003a x13:0x00000000 x16=0x0000003a
      448315000	     22314	80008d1e	0001	c.addi	x0,0	  x0:0x00000000  x0=0x00000000
      448355000	     22316	80008d20	022274b3	remu	x9,x4,x2	  x4:0xf5f9d000  x2:0x00000000  x9=0xf5f9d000
      448375000	     22317	80008d24	8d1d	c.sub	x10,x15	 x10:0x0000003a x15:0x00000000 x10=0x0000003a
      448395000	     22318	80008d26	8c59	c.or	x8,x14	  x8:0x00000000 x14:0x00000000  x8=0x00000000
      448415000	     22319	80008d28	011cef63	bltu	x25,x17,80008d46	 x25:0x0000054e x17:0x00000000
      448455000	     22321	80008d2c	1b94	c.addi4spn	x13,x2,496	 x13=0x000001f0
      448475000	     22322	80008d2e	015b1213	slli	x4,x22,0x15	 x22:0x00000000  x4=0x00000000
      448495000	     22323	80008d32	6efd	c.lui	x29,0x1f	 x29=0x0001f000
      448755000	     22336	80008d34	30f12a13	slti	x20,x2,783	  x2:0x00000000 x20=0x00000001
      449175000	     22357	80008d38	029b8733	mul	x14,x23,x9	 x23:0x3b9b1c64  x9:0xf5f9d000 x14=0x58554000
      449195000	     22358	80008d3c	8aa9	c.andi	x13,10	 x13:0x000001f0 x13=0x00000000
      449215000	     22359	80008d3e	8e75	c.and	x12,x13	 x12:0x00003f27 x13:0x00000000 x12=0x00000000
      449235000	     22360	80008d40	0384	c.addi4spn	x9,x2,448	  x9=0x000001c0
      449575000	     22377	80008d42	01251813	slli	x16,x10,0x12	 x10:0x0000003a x16=0x00e80000
      450315000	     22414	80008d46	0212ee33	rem	x28,x5,x1	  x5:0x00008002  x1:0x0cc3635a x28=0x00008002
      450355000	     22416	80008d4a	027aadb3	mulhsu	x27,x21,x7	 x21:0x0cc366c6  x7:0xfaeb9c09 x27=0x0c829184
      450395000	     22418	80008d4e	02039fb3	mulh	x31,x7,x0	  x7:0xfaeb9c09  x0:0x00000000 x31=0x00000000
      450415000	     22419	80008d52	0001	c.addi	x0,0	  x0:0x00000000  x0=0x00000000
      450435000	     22420	80008d54	01a38433	add	x8,x7,x26	  x7:0xfaeb9c09 x26:0x80025ce4  x8=0x7aedf8ed
      450475000	     22422	80008d58	02d76ab3	rem	x21,x14,x13	 x14:0x58554000 x13:0x00000000 x21=0x58554000
      450555000	     22426	80008d5c	6091	c.lui	x1,0x4	  x1=0x00004000
      450735000	     22435	80008d5e	6ad714b7	lui	x9,0x6ad71	  x9=0x6ad71000
      450755000	     22436	80008d62	01ecce33	xor	x28,x25,x30	 x25:0x0000054e x30:0xffffffff x28=0xfffffab1
      450775000	     22437	80008d66	0ca1	c.addi	x25,8	 x25:0x0000054e x25=0x00000556
      450795000	     22438	80008d68	83a5	c.srli	x15,0x9	 x15:0x00000000 x15=0x00000000
      450815000	     22439	80008d6a	57fd	c.li	x15,-1	 x15=0xffffffff
      450835000	     22440	80008d6c	8285	c.srli	x13,0x1	 x13:0x00000000 x13=0x00000000
      450855000	     22441	80008d6e	8ee9	c.and	x13,x10	 x13:0x00000000 x10:0x0000003a x13=0x00000000
      450875000	     22442	80008d70	52fd	c.li	x5,-1	  x5=0xffffffff
      451115000	     22454	80008d72	03d906b3	mul	x13,x18,x29	 x18:0x00000000 x29:0x0001f000 x13=0x00000000
      451135000	     22455	80008d76	008af133	and	x2,x21,x8	 x21:0x58554000  x8:0x7aedf8ed  x2=0x58454000
      451155000	     22456	80008d7a	c805	c.beqz	x8,80008daa	  x8:0x7aedf8ed
      452175000	     22507	80008d7c	033446b3	div	x13,x8,x19	  x8:0x7aedf8ed x19:0x80021e0c x13=0x00000000
      452195000	     22508	80008d80	012921b3	slt	x3,x18,x18	 x18:0x00000000 x18:0x00000000  x3=0x00000000
      452215000	     22509	80008d84	1a00	c.addi4spn	x8,x2,304	  x8=0x58454130
      452235000	     22510	80008d86	b4508b13	addi	x22,x1,-1211	  x1:0x00004000 x22=0x00003b45
      452255000	     22511	80008d8a	0001	c.addi	x0,0	  x0:0x00000000  x0=0x00000000
      452275000	     22512	80008d8c	02f18fb3	mul	x31,x3,x15	  x3:0x00000000 x15:0xffffffff x31=0x00000000
      452295000	     22513	80008d90	c985	c.beqz	x11,80008dc0	 x11:0x00000000
      453335000	     22565	80008dc0	01cdd863	bge	x27,x28,80008dd0	 x27:0x0c829184 x28:0xfffffab1
      454155000	     22606	80008dd0	409a8633	sub	x12,x21,x9	 x21:0x58554000  x9:0x6ad71000 x12=0xed7e3000
      454355000	     22616	80008dd4	020d87b3	mul	x15,x27,x0	 x27:0x0c829184  x0:0x00000000 x15=0x00000000
      455095000	     22653	80008dd8	0336ffb3	remu	x31,x13,x19	 x13:0x00000000 x19:0x80021e0c x31=0x00000000
      455115000	     22654	80008ddc	8d1d	c.sub	x10,x15	 x10:0x0000003a x15:0x00000000 x10=0x0000003a
      455135000	     22655	80008dde	e155b413	sltiu	x8,x11,-491	 x11:0x00000000  x8=0x00000001
      455155000	     22656	80008de2	1e90	c.addi4spn	x12,x2,880	 x12=0x58454370
      455175000	     22657	80008de4	01927363	bgeu	x4,x25,80008dea	  x4:0x00000000 x25:0x00000556
      455195000	     22658	80008de8	8e95	c.sub	x13,x13	 x13:0x00000000 x13:0x00000000 x13=0x00000000
      455215000	     22659	80008dea	8c99	c.sub	x9,x14	  x9:0x6ad71000 x14:0x58554000  x9=0x1281d000
      455255000	     22661	80008dec	03783b33	mulhu	x22,x16,x23	 x16:0x00e80000 x23:0x3b9b1c64 x22=0x00360491
      455535000	     22675	80008df0	03dc90b3	mulh	x1,x25,x29	 x25:0x00000556 x29:0x0001f000  x1=0x00000000
      455555000	     22676	80008df4	8c25	c.xor	x8,x9	  x8:0x00000001  x9:0x1281d000  x8=0x1281d001
      455775000	     22687	80008df6	0282a933	mulhsu	x18,x5,x8	  x5:0xffffffff  x8:0x1281d001 x18=0xffffffff
      455795000	     22688	80008dfa	8349	c.srli	x14,0x12	 x14:0x58554000 x14=0x00001615
      455835000	     22690	80008dfc	0000100f	fence.i	
      456455000	     22721	80008e00	01b48f63	beq	x9,x27,80008e1e	  x9:0x1281d000 x27:0x0c829184
      457415000	     22769	80008e04	035e40b3	div	x1,x28,x21	 x28:0xfffffab1 x21:0x58554000  x1=0x00000000
      457455000	     22771	80008e08	03fa9b33	mulh	x22,x21,x31	 x21:0x58554000 x31:0x00000000 x22=0x00000000
      457495000	     22773	80008e0c	02189f33	mulh	x30,x17,x1	 x17:0x00000000  x1:0x00000000 x30=0x00000000
      457515000	     22774	80008e10	00dd4263	blt	x26,x13,80008e14	 x26:0x80025ce4 x13:0x00000000
      457735000	     22785	80008e14	014218b3	sll	x17,x4,x20	  x4:0x00000000 x20:0x00000001 x17=0x00000000
      457835000	     22790	80008e18	01afe263	bltu	x31,x26,80008e1c	 x31:0x00000000 x26:0x80025ce4
      458515000	     22824	80008e1c	4f59	c.li	x30,22	 x30=0x00000016
      458575000	     22827	80008e1e	03501163	bne	x0,x21,80008e40	  x0:0x00000000 x21:0x58554000
      458755000	     22836	80008e40	016f9663	bne	x31,x22,80008e4c	 x31:0x00000000 x22:0x00000000
      458915000	     22844	80008e44	2f715237	lui	x4,0x2f715	  x4=0x2f715000
      458935000	     22845	80008e48	063e	c.slli	x12,0xf	 x12:0x58454370 x12=0xa1b80000
      458955000	     22846	80008e4a	e30d	c.bnez	x14,80008e6c	 x14:0x00001615
      459415000	     22869	80008e6c	02ab80b3	mul	x1,x23,x10	 x23:0x3b9b1c64 x10:0x0000003a  x1=0x81246ea8
      459435000	     22870	80008e70	01b21f13	slli	x30,x4,0x1b	  x4:0x2f715000 x30=0x00000000
      459455000	     22871	80008e74	0082ceb3	xor	x29,x5,x8	  x5:0xffffffff  x8:0x1281d001 x29=0xed7e2ffe
      459595000	     22878	80008e78	7dcbb513	sltiu	x10,x23,2012	 x23:0x3b9b1c64 x10=0x00000000
      459615000	     22879	80008e7c	8ec1	c.or	x13,x8	 x13:0x00000000  x8:0x1281d001 x13=0x1281d001
      459635000	     22880	80008e7e	8605	c.srai	x12,0x1	 x12:0xa1b80000 x12=0xd0dc0000
      459655000	     22881	80008e80	000aa7b3	slt	x15,x21,x0	 x21:0x58554000  x0:0x00000000 x15=0x00000000
      459795000	     22888	80008e84	031436b3	mulhu	x13,x8,x17	  x8:0x1281d001 x17:0x00000000 x13=0x00000000
      459815000	     22889	80008e88	8e6d	c.and	x12,x11	 x12:0xd0dc0000 x11:0x00000000 x12=0x00000000
      459835000	     22890	80008e8a	f052a113	slti	x2,x5,-251	  x5:0xffffffff  x2=0x00000000
      459855000	     22891	80008e8e	8fe5	c.and	x15,x9	 x15:0x00000000  x9:0x1281d000 x15=0x00000000
      460135000	     22905	80008e90	0001	c.addi	x0,0	  x0:0x00000000  x0=0x00000000
      460155000	     22906	80008e92	238f2893	slti	x17,x30,568	 x30:0x00000000 x17=0x00000001
      460175000	     22907	80008e96	404e5293	srai	x5,x28,0x4	 x28:0xfffffab1  x5=0xffffffab
      460195000	     22908	80008e9a	037cf963	bgeu	x25,x23,80008ecc	 x25:0x00000556 x23:0x3b9b1c64
      460215000	     22909	80008e9e	1dfd	c.addi	x27,-1	 x27:0x0c829184 x27=0x0c829183
      460355000	     22916	80008ea0	0001	c.addi	x0,0	  x0:0x00000000  x0=0x00000000
      460375000	     22917	80008ea2	9bfd	c.andi	x15,-1	 x15:0x00000000 x15=0x00000000
      460395000	     22918	80008ea4	00446a63	bltu	x8,x4,80008eb8	  x8:0x1281d001  x4:0x2f715000
      461435000	     22970	80008eb8	041a9163	bne	x21,x1,80008efa	 x21:0x58554000  x1:0x81246ea8
      462755000	     23036	80008efa	40a40733	sub	x14,x8,x10	  x8:0x1281d001 x10:0x00000000 x14=0x1281d001
      462775000	     23037	80008efe	9fbe	c.add	x31,x15	 x31:0x00000000 x15:0x00000000 x31=0x00000000
      462855000	     23041	80008f00	0001	c.addi	x0,0	  x0:0x00000000  x0=0x00000000
      462875000	     23042	80008f02	9ac6	c.add	x21,x17	 x21:0x58554000 x17:0x00000001 x21=0x58554001
      462895000	     23043	80008f04	01ab1c63	bne	x22,x26,80008f1c	 x22:0x00000000 x26:0x80025ce4
      463495000	     23073	80008f1c	0001	c.addi	x0,0	  x0:0x00000000  x0=0x00000000
      463515000	     23074	80008f1e	0001	c.addi	x0,0	  x0:0x00000000  x0=0x00000000
      463955000	     23096	80008f20	03c5ae33	mulhsu	x28,x11,x28	 x11:0x00000000 x28:0xfffffab1 x28=0x00000000
      463975000	     23097	80008f24	001ca1b3	slt	x3,x25,x1	 x25:0x00000556  x1:0x81246ea8  x3=0x00000000
      463995000	     23098	80008f28	00047663	bgeu	x8,x0,80008f34	  x8:0x1281d001  x0:0x00000000
      464315000	     23114	80008f34	0338b5b3	mulhu	x11,x17,x19	 x17:0x00000001 x19:0x80021e0c x11=0x00000000
      464375000	     23117	80008f38	01806363	bltu	x0,x24,80008f3e	  x0:0x00000000 x24:0xffffffff
      465655000	     23181	80008f3e	036a5cb3	divu	x25,x20,x22	 x20:0x00000001 x22:0x00000000 x25=0xffffffff
      466055000	     23201	80008f42	a7147c93	andi	x25,x8,-1423	  x8:0x1281d001 x25=0x1281d001
      466075000	     23202	80008f46	899d	c.andi	x11,7	 x11:0x00000000 x11=0x00000000
      466095000	     23203	80008f48	3858d637	lui	x12,0x3858d	 x12=0x3858d000
      466535000	     23225	80008f4c	03a132b3	mulhu	x5,x2,x26	  x2:0x00000000 x26:0x80025ce4  x5=0x00000000
      466555000	     23226	80008f50	03750633	mul	x12,x10,x23	 x10:0x00000000 x23:0x3b9b1c64 x12=0x00000000
      466575000	     23227	80008f54	40598833	sub	x16,x19,x5	 x19:0x80021e0c  x5:0x00000000 x16=0x80021e0c
      466595000	     23228	80008f58	577d	c.li	x14,-1	 x14=0xffffffff
      466755000	     23236	80008f5a	0e85ce13	xori	x28,x11,232	 x11:0x00000000 x28=0x000000e8
      466775000	     23237	80008f5e	187d	c.addi	x16,-1	 x16:0x80021e0c x16=0x80021e0b
      467035000	     23250	80008f60	02911833	mulh	x16,x2,x9	  x2:0x00000000  x9:0x1281d000 x16=0x00000000
      467055000	     23251	80008f64	8671	c.srai	x12,0x1c	 x12:0x00000000 x12=0x00000000
      467235000	     23260	80008f66	0000100f	fence.i	
      467755000	     23286	80008f6a	03260663	beq	x12,x18,80008f96	 x12:0x00000000 x18:0xffffffff
      467775000	     23287	80008f6e	8ece	c.mv	x29,x19	  x0:0x00000000 x19:0x80021e0c x29=0x80021e0c
      467795000	     23288	80008f70	00961933	sll	x18,x12,x9	 x12:0x00000000  x9:0x1281d000 x18=0x00000000
      467815000	     23289	80008f74	8342	c.mv	x6,x16	  x0:0x00000000 x16:0x00000000  x6=0x00000000
      467835000	     23290	80008f76	e581	c.bnez	x11,80008f7e	 x11:0x00000000
      467855000	     23291	80008f78	01fc5f63	bge	x24,x31,80008f96	 x24:0xffffffff x31:0x00000000
      467875000	     23292	80008f7c	6589	c.lui	x11,0x2	 x11=0x00002000
      481635000	     23980	80008f7e	0074c263	blt	x9,x7,80008f82	  x9:0x1281d000  x7:0xfaeb9c09
      481655000	     23981	80008f82	403a8c33	sub	x24,x21,x3	 x21:0x58554001  x3:0x00000000 x24=0x58554001
      482395000	     24018	80008f86	0210c633	div	x12,x1,x1	  x1:0x81246ea8  x1:0x81246ea8 x12=0x00000001
      482415000	     24019	80008f8a	017af263	bgeu	x21,x23,80008f8e	 x21:0x58554001 x23:0x3b9b1c64
      482675000	     24032	80008f8e	01b04eb3	xor	x29,x0,x27	  x0:0x00000000 x27:0x0c829183 x29=0x0c829183
      482695000	     24033	80008f92	41478933	sub	x18,x15,x20	 x15:0x00000000 x20:0x00000001 x18=0xffffffff
      482715000	     24034	80008f96	013f6d63	bltu	x30,x19,80008fb0	 x30:0x00000000 x19:0x80021e0c
      482795000	     24038	80008fb0	6fdd8017	auipc	x0,0x6fdd8	  x0=0x00000000
      482815000	     24039	80008fb4	40865eb3	sra	x29,x12,x8	 x12:0x00000001  x8:0x1281d001 x29=0x00000000
      482835000	     24040	80008fb8	1018	c.addi4spn	x14,x2,32	 x14=0x00000020
      482935000	     24045	80008fba	00b64533	xor	x10,x12,x11	 x12:0x00000001 x11:0x00002000 x10=0x00002001
      482955000	     24046	80008fbe	717d	c.addi16sp	x2,-16	  x2:0x00000000  x2=0xfffffff0
      483695000	     24083	80008fc0	02885ab3	divu	x21,x16,x8	 x16:0x00000000  x8:0x1281d001 x21=0x00000000
      483715000	     24084	80008fc4	01639533	sll	x10,x7,x22	  x7:0xfaeb9c09 x22:0x00000000 x10=0xfaeb9c09
      483735000	     24085	80008fc8	03ce0ab3	mul	x21,x28,x28	 x28:0x000000e8 x28:0x000000e8 x21=0x0000d240
      483755000	     24086	80008fcc	4101d1b3	sra	x3,x3,x16	  x3:0x00000000 x16:0x00000000  x3=0x00000000
      483775000	     24087	80008fd0	99fd	c.andi	x11,-1	 x11:0x00002000 x11=0x00002000
      483795000	     24088	80008fd2	000052b3	srl	x5,x0,x0	  x0:0x00000000  x0:0x00000000  x5=0x00000000
      483815000	     24089	80008fd6	08ae	c.slli	x17,0xb	 x17:0x00000001 x17=0x00000800
      483855000	     24091	80008fd8	0301f0b3	remu	x1,x3,x16	  x3:0x00000000 x16:0x00000000  x1=0x00000000
      483895000	     24093	80008fdc	02621333	mulh	x6,x4,x6	  x4:0x2f715000  x6:0x00000000  x6=0x00000000
      483915000	     24094	80008fe0	5f6e4a93	xori	x21,x28,1526	 x28:0x000000e8 x21=0x0000051e
      484175000	     24107	80008fe4	ef15	c.bnez	x14,80009020	 x14:0x00000020
      484815000	     24139	80009020	848d	c.srai	x9,0x3	  x9:0x1281d000  x9=0x02503a00
      484835000	     24140	80009022	0177dc13	srli	x24,x15,0x17	 x15:0x00000000 x24=0x00000000
      484915000	     24144	80009026	0000100f	fence.i	
      486035000	     24200	8000902a	4365	c.li	x6,25	  x6=0x00000019
      486295000	     24213	8000902c	02304033	div	x0,x0,x3	  x0:0x00000000  x3:0x00000000  x0=0x00000000
      486335000	     24215	80009030	020444b3	div	x9,x8,x0	  x8:0x1281d001  x0:0x00000000  x9=0xffffffff
      486355000	     24216	80009034	01dec363	blt	x29,x29,8000903a	 x29:0x00000000 x29:0x00000000
      486375000	     24217	80009038	717d	c.addi16sp	x2,-16	  x2:0xfffffff0  x2=0xffffffe0
      486395000	     24218	8000903a	00956fb3	or	x31,x10,x9	 x10:0xfaeb9c09  x9:0xffffffff x31=0xffffffff
      487135000	     24255	8000903e	03227033	remu	x0,x4,x18	  x4:0x2f715000 x18:0xffffffff  x0=0x00000000
      487155000	     24256	80009042	008996b3	sll	x13,x19,x8	 x19:0x80021e0c  x8:0x1281d001 x13=0x00043c18
      487175000	     24257	80009046	0001	c.addi	x0,0	  x0:0x00000000  x0=0x00000000
      487195000	     24258	80009048	650bc793	xori	x15,x23,1616	 x23:0x3b9b1c64 x15=0x3b9b1a34
      487255000	     24261	8000904c	00f49293	slli	x5,x9,0xf	  x9:0xffffffff  x5=0xffff8000
      487275000	     24262	80009050	039b1263	bne	x22,x25,80009074	 x22:0x00000000 x25:0x1281d001
      488875000	     24342	80009074	031958b3	divu	x17,x18,x17	 x18:0xffffffff x17:0x00000800 x17=0x001fffff
      488895000	     24343	80009078	01e042b3	xor	x5,x0,x30	  x0:0x00000000 x30:0x00000000  x5=0x00000000
      489635000	     24380	8000907c	03c7e1b3	rem	x3,x15,x28	 x15:0x3b9b1a34 x28:0x000000e8  x3=0x0000004c
      489655000	     24381	80009080	03a91963	bne	x18,x26,800090b2	 x18:0xffffffff x26:0x80025ce4
      489735000	     24385	800090b2	717d	c.addi16sp	x2,-16	  x2:0xffffffe0  x2=0xffffffd0
      489755000	     24386	800090b4	1a8c	c.addi4spn	x11,x2,368	 x11=0x00000140
      489775000	     24387	800090b6	01400763	beq	x0,x20,800090c4	  x0:0x00000000 x20:0x00000001
      489795000	     24388	800090ba	1308	c.addi4spn	x10,x2,416	 x10=0x00000170
      489955000	     24396	800090bc	1dfccb13	xori	x22,x25,479	 x25:0x1281d001 x22=0x1281d1de
      490035000	     24400	800090c0	6efd	c.lui	x29,0x1f	 x29=0x0001f000
      490055000	     24401	800090c2	027d	c.addi	x4,31	  x4:0x2f715000  x4=0x2f71501f
      490095000	     24403	800090c4	02251eb3	mulh	x29,x10,x2	 x10:0x00000170  x2:0xffffffd0 x29=0xffffffff
      491115000	     24454	800090c8	02bdc233	div	x4,x27,x11	 x27:0x0c829183 x11:0x00000140  x4=0x000a020e
      491135000	     24455	800090cc	01264e63	blt	x12,x18,800090e8	 x12:0x00000001 x18:0xffffffff
      491875000	     24492	800090d0	03dadfb3	divu	x31,x21,x29	 x21:0x0000051e x29:0xffffffff x31=0x00000000
      491895000	     24493	800090d4	8d1d	c.sub	x10,x15	 x10:0x00000170 x15:0x3b9b1a34 x10=0xc464e73c
      491915000	     24494	800090d6	02a88663	beq	x17,x10,80009102	 x17:0x001fffff x10:0xc464e73c
      491935000	     24495	800090da	004b5893	srli	x17,x22,0x4	 x22:0x1281d1de x17=0x01281d1d
      491955000	     24496	800090de	1b050037	lui	x0,0x1b050	  x0=0x00000000
      491975000	     24497	800090e2	6295	c.lui	x5,0x5	  x5=0x00005000
      491995000	     24498	800090e4	02f488b3	mul	x17,x9,x15	  x9:0xffffffff x15:0x3b9b1a34 x17=0xc464e5cc
      492415000	     24519	800090e8	8449	c.srai	x8,0x12	  x8:0x1281d001  x8=0x000004a0
      492435000	     24520	800090ea	8fc5	c.or	x15,x9	 x15:0x3b9b1a34  x9:0xffffffff x15=0xffffffff
      492615000	     24529	800090ec	8c55	c.or	x8,x13	  x8:0x000004a0 x13:0x00043c18  x8=0x00043cb8
      492635000	     24530	800090ee	00a6e963	bltu	x13,x10,80009100	 x13:0x00043c18 x10:0xc464e73c
      492735000	     24535	80009100	8c05	c.sub	x8,x9	  x8:0x00043cb8  x9:0xffffffff  x8=0x00043cb9
      492755000	     24536	80009102	0ff0000f	fence	iorw,iorw	
      492775000	     24537	80009106	0001	c.addi	x0,0	  x0:0x00000000  x0=0x00000000
      492795000	     24538	80009108	01a7ddb3	srl	x27,x15,x26	 x15:0xffffffff x26:0x80025ce4 x27=0x0fffffff
      493215000	     24559	8000910c	018dbf33	sltu	x30,x27,x24	 x27:0x0fffffff x24:0x00000000 x30=0x00000000
      493235000	     24560	80009110	bb1b0797	auipc	x15,0xbb1b0	 x15=0x3b1b9110
      493255000	     24561	80009114	0001	c.addi	x0,0	  x0:0x00000000  x0=0x00000000
      493275000	     24562	80009116	87fe	c.mv	x15,x31	  x0:0x00000000 x31:0x00000000 x15=0x00000000
      493435000	     24570	80009118	67f1	c.lui	x15,0x1c	 x15=0x0001c000
      493515000	     24574	8000911a	005f6413	ori	x8,x30,5	 x30:0x00000000  x8=0x00000005
      493535000	     24575	8000911e	8a46	c.mv	x20,x17	  x0:0x00000000 x17:0xc464e5cc x20=0xc464e5cc
      493555000	     24576	80009120	02185863	bge	x16,x1,80009150	 x16:0x00000000  x1:0x00000000
      494655000	     24631	80009150	84ce	c.mv	x9,x19	  x0:0x00000000 x19:0x80021e0c  x9=0x80021e0c
      494775000	     24637	80009152	00897733	and	x14,x18,x8	 x18:0xffffffff  x8:0x00000005 x14=0x00000005
      494795000	     24638	80009156	fd9334b7	lui	x9,0xfd933	  x9=0xfd933000
      494815000	     24639	8000915a	0001	c.addi	x0,0	  x0:0x00000000  x0=0x00000000
      494835000	     24640	8000915c	8823be93	sltiu	x29,x7,-1918	  x7:0xfaeb9c09 x29=0x00000001
      494975000	     24647	80009160	41090ab3	sub	x21,x18,x16	 x18:0xffffffff x16:0x00000000 x21=0xffffffff
      495155000	     24656	80009164	8a8d	c.andi	x13,3	 x13:0x00043c18 x13=0x00000000
      495175000	     24657	80009166	04dde163	bltu	x27,x13,800091a8	 x27:0x0fffffff x13:0x00000000
      495195000	     24658	8000916a	717d	c.addi16sp	x2,-16	  x2:0xffffffd0  x2=0xffffffc0
      495215000	     24659	8000916c	01e5db33	srl	x22,x11,x30	 x11:0x00000140 x30:0x00000000 x22=0x00000140
      495235000	     24660	80009170	002581b3	add	x3,x11,x2	 x11:0x00000140  x2:0xffffffc0  x3=0x00000100
      495255000	     24661	80009174	015cd433	srl	x8,x25,x21	 x25:0x1281d001 x21:0xffffffff  x8=0x00000000
      495495000	     24673	80009178	c591	c.beqz	x11,80009184	 x11:0x00000140
      495515000	     24674	8000917a	1ffd	c.addi	x31,-1	 x31:0x00000000 x31=0xffffffff
      495635000	     24680	8000917c	00efc463	blt	x31,x14,80009184	 x31:0xffffffff x14:0x00000005
      495835000	     24690	80009184	717d	c.addi16sp	x2,-16	  x2:0xffffffc0  x2=0xffffffb0
      495895000	     24693	80009186	0379b6b3	mulhu	x13,x19,x23	 x19:0x80021e0c x23:0x3b9b1c64 x13=0x1dce0c67
      496755000	     24736	8000918a	02fdeab3	rem	x21,x27,x15	 x27:0x0fffffff x15:0x0001c000 x21=0x0000ffff
      496775000	     24737	8000918e	04e9	c.addi	x9,26	  x9:0xfd933000  x9=0xfd93301a
      496815000	     24739	80009190	0287f633	remu	x12,x15,x8	 x15:0x0001c000  x8:0x00000000 x12=0x0001c000
      496835000	     24740	80009194	005758b3	srl	x17,x14,x5	 x14:0x00000005  x5:0x00005000 x17=0x00000005
      496855000	     24741	80009198	8f76	c.mv	x30,x29	  x0:0x00000000 x29:0x00000001 x30=0x00000001
      496895000	     24743	8000919a	035e9633	mulh	x12,x29,x21	 x29:0x00000001 x21:0x0000ffff x12=0x00000000
      496915000	     24744	8000919e	40abd233	sra	x4,x23,x10	 x23:0x3b9b1c64 x10:0xc464e73c  x4=0x00000003
      496935000	     24745	800091a2	3055f213	andi	x4,x11,773	 x11:0x00000140  x4=0x00000100
      496955000	     24746	800091a6	ea99	c.bnez	x13,800091bc	 x13:0x1dce0c67
      497175000	     24757	800091bc	6149	c.addi16sp	x2,144	  x2:0xffffffb0  x2=0x00000040
      497355000	     24766	800091be	411d5b33	sra	x22,x26,x17	 x26:0x80025ce4 x17:0x00000005 x22=0xfc0012e7
      497375000	     24767	800091c2	400a5b33	sra	x22,x20,x0	 x20:0xc464e5cc  x0:0x00000000 x22=0xc464e5cc
      497395000	     24768	800091c6	0001	c.addi	x0,0	  x0:0x00000000  x0=0x00000000
      497435000	     24770	800091c8	523cf093	andi	x1,x25,1315	 x25:0x1281d001  x1=0x00000001
      497855000	     24791	800091cc	b2bb7b93	andi	x23,x22,-1237	 x22:0xc464e5cc x23=0xc464e108
      497895000	     24793	800091d0	02b03433	mulhu	x8,x0,x11	  x0:0x00000000 x11:0x00000140  x8=0x00000000
      499015000	     24849	800091d4	03a9c233	div	x4,x19,x26	 x19:0x80021e0c x26:0x80025ce4  x4=0x00000001
      499035000	     24850	800091d8	8956	c.mv	x18,x21	  x0:0x00000000 x21:0x0000ffff x18=0x0000ffff
      499055000	     24851	800091da	0001	c.addi	x0,0	  x0:0x00000000  x0=0x00000000
      499075000	     24852	800091dc	997d	c.andi	x10,-1	 x10:0xc464e73c x10=0xc464e73c
      499095000	     24853	800091de	01d957b3	srl	x15,x18,x29	 x18:0x0000ffff x29:0x00000001 x15=0x00007fff
      499115000	     24854	800091e2	841ee713	ori	x14,x29,-1983	 x29:0x00000001 x14=0xfffff841
      499135000	     24855	800091e6	0001	c.addi	x0,0	  x0:0x00000000  x0=0x00000000
      499155000	     24856	800091e8	011e4b33	xor	x22,x28,x17	 x28:0x000000e8 x17:0x00000005 x22=0x000000ed
      499175000	     24857	800091ec	82ce	c.mv	x5,x19	  x0:0x00000000 x19:0x80021e0c  x5=0x80021e0c
      499195000	     24858	800091ee	b3d16b93	ori	x23,x2,-1219	  x2:0x00000040 x23=0xfffffb7d
      499935000	     24895	800091f2	039a4433	div	x8,x20,x25	 x20:0xc464e5cc x25:0x1281d001  x8=0xfffffffd
      499955000	     24896	800091f6	50e9a317	auipc	x6,0x50e9a	  x6=0xd0ea31f6
      499975000	     24897	800091fa	8cc9	c.or	x9,x10	  x9:0xfd93301a x10:0xc464e73c  x9=0xfdf7f73e
      499995000	     24898	800091fc	e709	c.bnez	x14,80009206	 x14:0xfffff841
      500735000	     24935	80009206	823d	c.srli	x12,0xf	 x12:0x00000000 x12=0x00000000
      500775000	     24937	80009208	bf65f793	andi	x15,x11,-1034	 x11:0x00000140 x15=0x00000140
      500975000	     24947	8000920c	6a190913	addi	x18,x18,1697	 x18:0x0000ffff x18=0x000106a0
      501275000	     24962	80009210	00127033	and	x0,x4,x1	  x4:0x00000001  x1:0x00000001  x0=0x00000000
      501375000	     24967	80009214	004ade33	srl	x28,x21,x4	 x21:0x0000ffff  x4:0x00000001 x28=0x00007fff
      501395000	     24968	80009218	167d	c.addi	x12,-1	 x12:0x00000000 x12=0xffffffff
      502315000	     25014	8000921a	03a16a33	rem	x20,x2,x26	  x2:0x00000040 x26:0x80025ce4 x20=0x00000040
      502335000	     25015	8000921e	002e5793	srli	x15,x28,0x2	 x28:0x00007fff x15=0x00001fff
      502355000	     25016	80009222	00e6c263	blt	x13,x14,80009226	 x13:0x1dce0c67 x14:0xfffff841
      502375000	     25017	80009226	86c5	c.srai	x13,0x11	 x13:0x1dce0c67 x13=0x00000ee7
      502635000	     25030	80009228	00232533	slt	x10,x6,x2	  x6:0xd0ea31f6  x2:0x00000040 x10=0x00000001
      502795000	     25038	8000922c	00828b33	add	x22,x5,x8	  x5:0x80021e0c  x8:0xfffffffd x22=0x80021e09
      502815000	     25039	80009230	0013ee33	or	x28,x7,x1	  x7:0xfaeb9c09  x1:0x00000001 x28=0xfaeb9c09
      502835000	     25040	80009234	4093de93	srai	x29,x7,0x9	  x7:0xfaeb9c09 x29=0xfffd75ce
      502855000	     25041	80009238	0ff0000f	fence	iorw,iorw	
      502875000	     25042	8000923c	0001	c.addi	x0,0	  x0:0x00000000  x0=0x00000000
      502935000	     25045	8000923e	0117dfb3	srl	x31,x15,x17	 x15:0x00001fff x17:0x00000005 x31=0x000000ff
      503675000	     25082	80009242	02b8d4b3	divu	x9,x17,x11	 x17:0x00000005 x11:0x00000140  x9=0x00000000
      503695000	     25083	80009246	cd91	c.beqz	x11,80009262	 x11:0x00000140
      503715000	     25084	80009248	00335c93	srli	x25,x6,0x3	  x6:0xd0ea31f6 x25=0x1a1d463e
      503735000	     25085	8000924c	01672a33	slt	x20,x14,x22	 x14:0xfffff841 x22:0x80021e09 x20=0x00000000
      503755000	     25086	80009250	eb0a7f93	andi	x31,x20,-336	 x20:0x00000000 x31=0x00000000
      503775000	     25087	80009254	ef19	c.bnez	x14,80009272	 x14:0xfffff841
      504475000	     25122	80009272	a430af93	slti	x31,x1,-1469	  x1:0x00000001 x31=0x00000000
      505215000	     25159	80009276	0243e833	rem	x16,x7,x4	  x7:0xfaeb9c09  x4:0x00000001 x16=0x00000000
      505255000	     25161	8000927a	03a09033	mulh	x0,x1,x26	  x1:0x00000001 x26:0x80025ce4  x0=0x00000000
      505295000	     25163	8000927e	02881e33	mulh	x28,x16,x8	 x16:0x00000000  x8:0xfffffffd x28=0x00000000
      505315000	     25164	80009282	8c89	c.sub	x9,x10	  x9:0x00000000 x10:0x00000001  x9=0xffffffff
      505335000	     25165	80009284	0c5d	c.addi	x24,23	 x24:0x00000000 x24=0x00000017
      505355000	     25166	80009286	02a5	c.addi	x5,9	  x5:0x80021e0c  x5=0x80021e15
      506095000	     25203	80009288	033de033	rem	x0,x27,x19	 x27:0x0fffffff x19:0x80021e0c  x0=0x00000000
      506115000	     25204	8000928c	01b2b5b3	sltu	x11,x5,x27	  x5:0x80021e15 x27:0x0fffffff x11=0x00000000
      506135000	     25205	80009290	c405	c.beqz	x8,800092b8	  x8:0xfffffffd
      506155000	     25206	80009292	86b1	c.srai	x13,0xc	 x13:0x00000ee7 x13=0x00000000
      506175000	     25207	80009294	0001	c.addi	x0,0	  x0:0x00000000  x0=0x00000000
      506195000	     25208	80009296	4143df93	srai	x31,x7,0x14	  x7:0xfaeb9c09 x31=0xffffffae
      506215000	     25209	8000929a	ed826593	ori	x11,x4,-296	  x4:0x00000001 x11=0xfffffed9
      506235000	     25210	8000929e	60d9	c.lui	x1,0x16	  x1=0x00016000
      506395000	     25218	800092a0	417580b3	sub	x1,x11,x23	 x11:0xfffffed9 x23:0xfffffb7d  x1=0x0000035c
      506455000	     25221	800092a4	007fa0b3	slt	x1,x31,x7	 x31:0xffffffae  x7:0xfaeb9c09  x1=0x00000000
      506595000	     25228	800092a8	597d	c.li	x18,-1	 x18=0xffffffff
      506615000	     25229	800092aa	000d26b3	slt	x13,x26,x0	 x26:0x80025ce4  x0:0x00000000 x13=0x00000001
      506635000	     25230	800092ae	717d	c.addi16sp	x2,-16	  x2:0x00000040  x2=0x00000030
      506655000	     25231	800092b0	01581c33	sll	x24,x16,x21	 x16:0x00000000 x21:0x0000ffff x24=0x00000000
      506795000	     25238	800092b4	01e0c263	blt	x1,x30,800092b8	  x1:0x00000000 x30:0x00000001
      507215000	     25259	800092b8	0114ea33	or	x20,x9,x17	  x9:0xffffffff x17:0x00000005 x20=0xffffffff
      542875000	     27042	800092bc	01ce74b3	and	x9,x28,x28	 x28:0x00000000 x28:0x00000000  x9=0x00000000
      542915000	     27044	800092c0	028b9b33	mulh	x22,x23,x8	 x23:0xfffffb7d  x8:0xfffffffd x22=0x00000000
      542935000	     27045	800092c4	865d	c.srai	x12,0x17	 x12:0xffffffff x12=0xffffffff
      542955000	     27046	800092c6	00033633	sltu	x12,x6,x0	  x6:0xd0ea31f6  x0:0x00000000 x12=0x00000000
      542975000	     27047	800092ca	019f0233	add	x4,x30,x25	 x30:0x00000001 x25:0x1a1d463e  x4=0x1a1d463f
      542995000	     27048	800092ce	8d9d	c.sub	x11,x15	 x11:0xfffffed9 x15:0x00001fff x11=0xffffdeda
      543135000	     27055	800092d0	0001	c.addi	x0,0	  x0:0x00000000  x0=0x00000000
      543155000	     27056	800092d2	997d	c.andi	x10,-1	 x10:0x00000001 x10=0x00000001
      543275000	     27062	800092d4	0ff0000f	fence	iorw,iorw	
      543295000	     27063	800092d8	27c56817	auipc	x16,0x27c56	 x16=0xa7c5f2d8
      543335000	     27065	800092dc	022ea033	mulhsu	x0,x29,x2	 x29:0xfffd75ce  x2:0x00000030  x0=0x00000000
      543375000	     27067	800092e0	03ccd033	divu	x0,x25,x28	 x25:0x1a1d463e x28:0x00000000  x0=0x00000000
      543395000	     27068	800092e4	ce0d	c.beqz	x12,8000931e	 x12:0x00000000
      544215000	     27109	8000931e	833d8293	addi	x5,x27,-1997	 x27:0x0fffffff  x5=0x0ffff832
      544235000	     27110	80009322	e601	c.bnez	x12,8000932a	 x12:0x00000000
      544435000	     27120	80009324	87a5	c.srai	x15,0x9	 x15:0x00001fff x15=0x0000000f
      544455000	     27121	80009326	1870c193	xori	x3,x1,391	  x1:0x00000000  x3=0x00000187
      544475000	     27122	8000932a	41a9	c.li	x3,10	  x3=0x0000000a
      544495000	     27123	8000932c	00e732b3	sltu	x5,x14,x14	 x14:0xfffff841 x14:0xfffff841  x5=0x00000000
      544575000	     27127	80009330	1dcc7517	auipc	x10,0x1dcc7	 x10=0x9dcd0330
      544615000	     27129	80009334	0250a433	mulhsu	x8,x1,x5	  x1:0x00000000  x5:0x00000000  x8=0x00000000
      544715000	     27134	80009338	010e	c.slli	x2,0x3	  x2:0x00000030  x2=0x00000180
      544735000	     27135	8000933a	00137fb3	and	x31,x6,x1	  x6:0xd0ea31f6  x1:0x00000000 x31=0x00000000
      544755000	     27136	8000933e	0001	c.addi	x0,0	  x0:0x00000000  x0=0x00000000
      544775000	     27137	80009340	01f71093	slli	x1,x14,0x1f	 x14:0xfffff841  x1=0x80000000
      544795000	     27138	80009344	40ac54b3	sra	x9,x24,x10	 x24:0x00000000 x10:0x9dcd0330  x9=0x00000000
      544875000	     27142	80009348	0001	c.addi	x0,0	  x0:0x00000000  x0=0x00000000
      544895000	     27143	8000934a	9afd	c.andi	x13,-1	 x13:0x00000001 x13=0x00000001
      544915000	     27144	8000934c	800d	c.srli	x8,0x3	  x8:0x00000000  x8=0x00000000
      545655000	     27181	8000934e	03756833	rem	x16,x10,x23	 x10:0x9dcd0330 x23:0xfffffb7d x16=0xfffffdfa
      545675000	     27182	80009352	0df54893	xori	x17,x10,223	 x10:0x9dcd0330 x17=0x9dcd03ef
      545695000	     27183	80009356	717d	c.addi16sp	x2,-16	  x2:0x00000180  x2=0x00000170
      545715000	     27184	80009358	009d50b3	srl	x1,x26,x9	 x26:0x80025ce4  x9:0x00000000  x1=0x80025ce4
      545735000	     27185	8000935c	86fd	c.srai	x13,0x1f	 x13:0x00000001 x13=0x00000000
      545755000	     27186	8000935e	0001	c.addi	x0,0	  x0:0x00000000  x0=0x00000000
      545875000	     27192	80009360	c019	c.beqz	x8,80009366	  x8:0x00000000
      546595000	     27228	80009366	419cd213	srai	x4,x25,0x19	 x25:0x1a1d463e  x4=0x0000000d
      546755000	     27236	8000936a	00aaf833	and	x16,x21,x10	 x21:0x0000ffff x10:0x9dcd0330 x16=0x00000330
      546795000	     27238	8000936e	015b97b3	sll	x15,x23,x21	 x23:0xfffffb7d x21:0x0000ffff x15=0x80000000
      546815000	     27239	80009372	1a7d	c.addi	x20,-1	 x20:0xffffffff x20=0xfffffffe
      546835000	     27240	80009374	0ff0000f	fence	iorw,iorw	
      546855000	     27241	80009378	997d	c.andi	x10,-1	 x10:0x9dcd0330 x10=0x9dcd0330
      546895000	     27243	8000937a	036f4933	div	x18,x30,x22	 x30:0x00000001 x22:0x00000000 x18=0xffffffff
      546915000	     27244	8000937e	017e2733	slt	x14,x28,x23	 x28:0x00000000 x23:0xfffffb7d x14=0x00000000
      546935000	     27245	80009382	002b35b3	sltu	x11,x22,x2	 x22:0x00000000  x2:0x00000170 x11=0x00000001
      546955000	     27246	80009386	90f2	c.add	x1,x28	  x1:0x80025ce4 x28:0x00000000  x1=0x80025ce4
      547315000	     27264	80009388	002c4eb3	xor	x29,x24,x2	 x24:0x00000000  x2:0x00000170 x29=0x00000170
      547455000	     27271	8000938c	02ded133	divu	x2,x29,x13	 x29:0x00000170 x13:0x00000000  x2=0xffffffff
      547475000	     27272	80009390	cd9d	c.beqz	x11,800093ce	 x11:0x00000001
      547555000	     27276	80009392	62f6f613	andi	x12,x13,1583	 x13:0x00000000 x12=0x00000000
      547575000	     27277	80009396	412fde93	srai	x29,x31,0x12	 x31:0x00000000 x29=0x00000000
      547595000	     27278	8000939a	0001	c.addi	x0,0	  x0:0x00000000  x0=0x00000000
      547615000	     27279	8000939c	8e45	c.or	x12,x9	 x12:0x00000000  x9:0x00000000 x12=0x00000000
      547635000	     27280	8000939e	0001	c.addi	x0,0	  x0:0x00000000  x0=0x00000000
      548375000	     27317	800093a0	037b4333	div	x6,x22,x23	 x22:0x00000000 x23:0xfffffb7d  x6=0x00000000
      548395000	     27318	800093a4	00ae9113	slli	x2,x29,0xa	 x29:0x00000000  x2=0x00000000
      548415000	     27319	800093a8	60e0aa93	slti	x21,x1,1550	  x1:0x80025ce4 x21=0x00000001
      548435000	     27320	800093ac	0028cbb3	xor	x23,x17,x2	 x17:0x9dcd03ef  x2:0x00000000 x23=0x9dcd03ef
      548455000	     27321	800093b0	00f35593	srli	x11,x6,0xf	  x6:0x00000000 x11=0x00000000
      548475000	     27322	800093b4	8d0d	c.sub	x10,x11	 x10:0x9dcd0330 x11:0x00000000 x10=0x9dcd0330
      548495000	     27323	800093b6	0001	c.addi	x0,0	  x0:0x00000000  x0=0x00000000
      548515000	     27324	800093b8	98fd	c.andi	x9,-1	  x9:0x00000000  x9=0x00000000
      548715000	     27334	800093ba	001eeeb3	or	x29,x29,x1	 x29:0x00000000  x1:0x80025ce4 x29=0x80025ce4
      548735000	     27335	800093be	94333517	auipc	x10,0x94333	 x10=0x1433c3be
      548755000	     27336	800093c2	b5ce8413	addi	x8,x29,-1188	 x29:0x80025ce4  x8=0x80025840
      548775000	     27337	800093c6	8d51	c.or	x10,x12	 x10:0x1433c3be x12:0x00000000 x10=0x1433c3be
      548795000	     27338	800093c8	c49d	c.beqz	x9,800093f6	  x9:0x00000000
      549275000	     27362	800093f6	876e	c.mv	x14,x27	  x0:0x00000000 x27:0x0fffffff x14=0x0fffffff
      549995000	     27398	800093f8	a92f3f13	sltiu	x30,x30,-1390	 x30:0x00000001 x30=0x00000001
      550015000	     27399	800093fc	01229c93	slli	x25,x5,0x12	  x5:0x00000000 x25=0x00000000
      550035000	     27400	80009400	417bd133	sra	x2,x23,x23	 x23:0x9dcd03ef x23:0x9dcd03ef  x2=0xffff3b9a
      550195000	     27408	80009404	0001	c.addi	x0,0	  x0:0x00000000  x0=0x00000000
      550595000	     27428	80009406	03909063	bne	x1,x25,80009426	  x1:0x80025ce4 x25:0x00000000
      551195000	     27458	80009426	4171dc93	srai	x25,x3,0x17	  x3:0x0000000a x25=0x00000000
      551215000	     27459	8000942a	52383793	sltiu	x15,x16,1315	 x16:0x00000330 x15=0x00000001
      551395000	     27468	8000942e	0014dd63	bge	x9,x1,80009448	  x9:0x00000000  x1:0x80025ce4
      551975000	     27497	80009448	004d9963	bne	x27,x4,8000945a	 x27:0x0fffffff  x4:0x0000000d
      552495000	     27523	8000945a	018e6e33	or	x28,x28,x24	 x28:0x00000000 x24:0x00000000 x28=0x00000000
      552515000	     27524	8000945e	9bfd	c.andi	x15,-1	 x15:0x00000001 x15=0x00000001
      552535000	     27525	80009460	0001	c.addi	x0,0	  x0:0x00000000  x0=0x00000000
      552555000	     27526	80009462	0379ea63	bltu	x19,x23,80009496	 x19:0x80021e0c x23:0x9dcd03ef
      553995000	     27598	80009496	02eb77b3	remu	x15,x22,x14	 x22:0x00000000 x14:0x0fffffff x15=0x00000000
      554015000	     27599	8000949a	00477cb3	and	x25,x14,x4	 x14:0x0fffffff  x4:0x0000000d x25=0x0000000d
      554035000	     27600	8000949e	c913c713	xori	x14,x7,-879	  x7:0xfaeb9c09 x14=0x05146098
      554775000	     27637	800094a2	031377b3	remu	x15,x6,x17	  x6:0x00000000 x17:0x9dcd03ef x15=0x00000000
      554795000	     27638	800094a6	6129	c.addi16sp	x2,192	  x2:0xffff3b9a  x2=0xffff3c5a
      554815000	     27639	800094a8	c305	c.beqz	x14,800094c8	 x14:0x05146098
      554855000	     27641	800094aa	03c0c833	div	x16,x1,x28	  x1:0x80025ce4 x28:0x00000000 x16=0xffffffff
      554875000	     27642	800094ae	017961b3	or	x3,x18,x23	 x18:0xffffffff x23:0x9dcd03ef  x3=0xffffffff
      554895000	     27643	800094b2	0001	c.addi	x0,0	  x0:0x00000000  x0=0x00000000
      554915000	     27644	800094b4	037dd963	bge	x27,x23,800094e6	 x27:0x0fffffff x23:0x9dcd03ef
      555335000	     27665	800094e6	014c98b3	sll	x17,x25,x20	 x25:0x0000000d x20:0xfffffffe x17=0x40000000
      555355000	     27666	800094ea	01975cb3	srl	x25,x14,x25	 x14:0x05146098 x25:0x0000000d x25=0x000028a3
      555375000	     27667	800094ee	8311	c.srli	x14,0x4	 x14:0x05146098 x14=0x00514609
      555415000	     27669	800094f0	8241	c.srli	x12,0x10	 x12:0x00000000 x12=0x00000000
      555435000	     27670	800094f2	8586	c.mv	x11,x1	  x0:0x00000000  x1:0x80025ce4 x11=0x80025ce4
      555455000	     27671	800094f4	00166263	bltu	x12,x1,800094f8	 x12:0x00000000  x1:0x80025ce4
      555735000	     27685	800094f8	02c8f8b3	remu	x17,x17,x12	 x17:0x40000000 x12:0x00000000 x17=0x40000000
      555755000	     27686	800094fc	4a474f93	xori	x31,x14,1188	 x14:0x00514609 x31=0x005142ad
      555775000	     27687	80009500	804c4013	xori	x0,x24,-2044	 x24:0x00000000  x0=0x00000000
      556075000	     27702	80009504	0000100f	fence.i	
      556215000	     27709	80009508	6959	c.lui	x18,0x16	 x18=0x00016000
      556235000	     27710	8000950a	8d9d	c.sub	x11,x15	 x11:0x80025ce4 x15:0x00000000 x11=0x80025ce4
      556255000	     27711	8000950c	06ee	c.slli	x13,0x1b	 x13:0x00000000 x13=0x00000000
      557135000	     27755	8000950e	03597633	remu	x12,x18,x21	 x18:0x00016000 x21:0x00000001 x12=0x00000000
      557875000	     27792	80009512	033956b3	divu	x13,x18,x19	 x18:0x00016000 x19:0x80021e0c x13=0x00000000
      557895000	     27793	80009516	00c19d63	bne	x3,x12,80009530	  x3:0xffffffff x12:0x00000000
      558155000	     27806	80009530	e491	c.bnez	x9,8000953c	  x9:0x00000000
      558175000	     27807	80009532	d5fe4693	xori	x13,x28,-673	 x28:0x00000000 x13=0xfffffd5f
      558195000	     27808	80009536	eb95	c.bnez	x15,8000956a	 x15:0x00000000
      558215000	     27809	80009538	01335233	srl	x4,x6,x19	  x6:0x00000000 x19:0x80021e0c  x4=0x00000000
      558235000	     27810	8000953c	0000100f	fence.i	
      558655000	     27831	80009540	036f5433	divu	x8,x30,x22	 x30:0x00000001 x22:0x00000000  x8=0xffffffff
      558875000	     27842	80009544	8255	c.srli	x12,0x15	 x12:0x00000000 x12=0x00000000
      558915000	     27844	80009546	01ab74b3	and	x9,x22,x26	 x22:0x00000000 x26:0x80025ce4  x9=0x00000000
      558935000	     27845	8000954a	6229	c.lui	x4,0xa	  x4=0x0000a000
      558955000	     27846	8000954c	0126a1b3	slt	x3,x13,x18	 x13:0xfffffd5f x18:0x00016000  x3=0x00000001
      559795000	     27888	80009550	028ee2b3	rem	x5,x29,x8	 x29:0x80025ce4  x8:0xffffffff  x5=0x00000000
      559815000	     27889	80009554	01d31b33	sll	x22,x6,x29	  x6:0x00000000 x29:0x80025ce4 x22=0x00000000
      559835000	     27890	80009558	86a2	c.mv	x13,x8	  x0:0x00000000  x8:0xffffffff x13=0xffffffff
      559855000	     27891	8000955a	35ecb697	auipc	x13,0x35ecb	 x13=0xb5ed455a
      560015000	     27899	8000955e	00e69663	bne	x13,x14,8000956a	 x13:0xb5ed455a x14:0x00514609
      560115000	     27904	8000956a	412fd733	sra	x14,x31,x18	 x31:0x005142ad x18:0x00016000 x14=0x005142ad
      560335000	     27915	8000956e	41f3d593	srai	x11,x7,0x1f	  x7:0xfaeb9c09 x11=0xffffffff
      560515000	     27924	80009572	952aab97	auipc	x23,0x952aa	 x23=0x152b3572
      560535000	     27925	80009576	1a0c	c.addi4spn	x11,x2,304	 x11=0xffff3d8a
      560555000	     27926	80009578	00d0d263	bge	x1,x13,8000957c	  x1:0x80025ce4 x13:0xb5ed455a
      560575000	     27927	8000957c	97232e93	slti	x29,x6,-1678	  x6:0x00000000 x29=0x00000000
      560635000	     27930	80009580	40115833	sra	x16,x2,x1	  x2:0xffff3c5a  x1:0x80025ce4 x16=0xfffff3c5
      560715000	     27934	80009584	003c0f63	beq	x24,x3,800095a2	 x24:0x00000000  x3:0x00000001
      560735000	     27935	80009588	405addb3	sra	x27,x21,x5	 x21:0x00000001  x5:0x00000000 x27=0x00000001
      561615000	     27979	8000958c	02ad44b3	div	x9,x26,x10	 x26:0x80025ce4 x10:0x1433c3be  x9=0xfffffffa
      561635000	     27980	80009590	0001	c.addi	x0,0	  x0:0x00000000  x0=0x00000000
      561655000	     27981	80009592	a0acf713	andi	x14,x25,-1526	 x25:0x000028a3 x14=0x00002802
      561675000	     27982	80009596	669c7e13	andi	x28,x24,1641	 x24:0x00000000 x28=0x00000000
      561695000	     27983	8000959a	01184f33	xor	x30,x16,x17	 x16:0xfffff3c5 x17:0x40000000 x30=0xbffff3c5
      561715000	     27984	8000959e	00e33fb3	sltu	x31,x6,x14	  x6:0x00000000 x14:0x00002802 x31=0x00000001
      561735000	     27985	800095a2	00616d63	bltu	x2,x6,800095bc	  x2:0xffff3c5a  x6:0x00000000
      561795000	     27988	800095a6	03caa7b3	mulhsu	x15,x21,x28	 x21:0x00000001 x28:0x00000000 x15=0x00000000
      561815000	     27989	800095aa	148c	c.addi4spn	x11,x2,608	 x11=0xffff3eba
      561895000	     27993	800095ac	0806	c.slli	x16,0x1	 x16:0xfffff3c5 x16=0xffffe78a
      561915000	     27994	800095ae	008c5f33	srl	x30,x24,x8	 x24:0x00000000  x8:0xffffffff x30=0x00000000
      561975000	     27997	800095b2	02cb7933	remu	x18,x22,x12	 x22:0x00000000 x12:0x00000000 x18=0x00000000
      562335000	     28015	800095b6	028b1063	bne	x22,x8,800095d6	 x22:0x00000000  x8:0xffffffff
      563215000	     28059	800095d6	6141	c.addi16sp	x2,16	  x2:0xffff3c5a  x2=0xffff3c6a
      563315000	     28064	800095d8	717d	c.addi16sp	x2,-16	  x2:0xffff3c6a  x2=0xffff3c5a
      563335000	     28065	800095da	6ec5	c.lui	x29,0x11	 x29=0x00011000
      563735000	     28085	800095dc	0ff0000f	fence	iorw,iorw	
      563755000	     28086	800095e0	0000100f	fence.i	
      564075000	     28102	800095e4	01301e93	slli	x29,x0,0x13	  x0:0x00000000 x29=0x00000000
      564095000	     28103	800095e8	c61d	c.beqz	x12,80009616	 x12:0x00000000
      564935000	     28145	80009616	020ae263	bltu	x21,x0,8000963a	 x21:0x00000001  x0:0x00000000
      564955000	     28146	8000961a	0001	c.addi	x0,0	  x0:0x00000000  x0=0x00000000
      564975000	     28147	8000961c	00b40f63	beq	x8,x11,8000963a	  x8:0xffffffff x11:0xffff3eba
      565135000	     28155	80009620	01a3de63	bge	x7,x26,8000963c	  x7:0xfaeb9c09 x26:0x80025ce4
      566055000	     28201	8000963c	04aac063	blt	x21,x10,8000967c	 x21:0x00000001 x10:0x1433c3be
      566715000	     28234	8000967c	025a7ab3	remu	x21,x20,x5	 x20:0xfffffffe  x5:0x00000000 x21=0xfffffffe
      566875000	     28242	80009680	1214	c.addi4spn	x13,x2,288	 x13=0xffff3d7a
      566895000	     28243	80009682	8219	c.srli	x12,0x6	 x12:0x00000000 x12=0x00000000
      566915000	     28244	80009684	413bd193	srai	x3,x23,0x13	 x23:0x152b3572  x3=0x000002a5
      566935000	     28245	80009688	1004	c.addi4spn	x9,x2,32	  x9=0xffff3c7a
      566955000	     28246	8000968a	409688b3	sub	x17,x13,x9	 x13:0xffff3d7a  x9:0xffff3c7a x17=0x00000100
      567015000	     28249	8000968e	3b178f13	addi	x30,x15,945	 x15:0x00000000 x30=0x000003b1
      567035000	     28250	80009692	0ff0000f	fence	iorw,iorw	
      567055000	     28251	80009696	7874ad93	slti	x27,x9,1927	  x9:0xffff3c7a x27=0x00000001
      567075000	     28252	8000969a	0057cab3	xor	x21,x15,x5	 x15:0x00000000  x5:0x00000000 x21=0x00000000
      567095000	     28253	8000969e	8a61	c.andi	x12,24	 x12:0x00000000 x12=0x00000000
      567115000	     28254	800096a0	03890ab3	mul	x21,x18,x24	 x18:0x00000000 x24:0x00000000 x21=0x00000000
      567135000	     28255	800096a4	d14c4493	xori	x9,x24,-748	 x24:0x00000000  x9=0xfffffd14
      567335000	     28265	800096a8	021712b3	mulh	x5,x14,x1	 x14:0x00002802  x1:0x80025ce4  x5=0xffffebff
      567735000	     28285	800096ac	01681633	sll	x12,x16,x22	 x16:0xffffe78a x22:0x00000000 x12=0xffffe78a
      568575000	     28327	800096b0	0250c4b3	div	x9,x1,x5	  x1:0x80025ce4  x5:0xffffebff  x9=0x000665f6
      568595000	     28328	800096b4	8e39	c.xor	x12,x14	 x12:0xffffe78a x14:0x00002802 x12=0xffffcf88
      568615000	     28329	800096b6	8a81	c.andi	x13,0	 x13:0xffff3d7a x13=0x00000000
      568635000	     28330	800096b8	0022feb3	and	x29,x5,x2	  x5:0xffffebff  x2:0xffff3c5a x29=0xffff285a
      568655000	     28331	800096bc	8f5d	c.or	x14,x15	 x14:0x00002802 x15:0x00000000 x14=0x00002802
      568675000	     28332	800096be	fa682693	slti	x13,x16,-90	 x16:0xffffe78a x13=0x00000001
      568695000	     28333	800096c2	010a9f33	sll	x30,x21,x16	 x21:0x00000000 x16:0xffffe78a x30=0x00000000
      568715000	     28334	800096c6	05e6ce13	xori	x28,x13,94	 x13:0x00000001 x28=0x0000005f
      568835000	     28340	800096ca	005775b3	and	x11,x14,x5	 x14:0x00002802  x5:0xffffebff x11=0x00002802
      569275000	     28362	800096ce	00673e33	sltu	x28,x14,x6	 x14:0x00002802  x6:0x00000000 x28=0x00000000
      569475000	     28372	800096d2	0058ceb3	xor	x29,x17,x5	 x17:0x00000100  x5:0xffffebff x29=0xffffeaff
      569615000	     28379	800096d6	00f328b3	slt	x17,x6,x15	  x6:0x00000000 x15:0x00000000 x17=0x00000000
      570035000	     28400	800096da	00ec5b63	bge	x24,x14,800096f0	 x24:0x00000000 x14:0x00002802
      570055000	     28401	800096de	455d	c.li	x10,23	 x10=0x00000017
      570075000	     28402	800096e0	40c65633	sra	x12,x12,x12	 x12:0xffffcf88 x12:0xffffcf88 x12=0xffffffcf
      570175000	     28407	800096e4	03c6d533	divu	x10,x13,x28	 x13:0x00000001 x28:0x00000000 x10=0xffffffff
      570195000	     28408	800096e8	717d	c.addi16sp	x2,-16	  x2:0xffff3c5a  x2=0xffff3c4a
      570235000	     28410	800096ea	006b1493	slli	x9,x22,0x6	 x22:0x00000000  x9=0x00000000
      570255000	     28411	800096ee	0a2a	c.slli	x20,0xa	 x20:0xfffffffe x20=0xfffff800
      570275000	     28412	800096f0	0ff0000f	fence	iorw,iorw	
      570315000	     28414	800096f4	8f01	c.sub	x14,x8	 x14:0x00002802  x8:0xffffffff x14=0x00002803
      570395000	     28418	800096f6	41408033	sub	x0,x1,x20	  x1:0x80025ce4 x20:0xfffff800  x0=0x00000000
      570415000	     28419	800096fa	07e6	c.slli	x15,0x19	 x15:0x00000000 x15=0x00000000
      570555000	     28426	800096fc	41ad5793	srai	x15,x26,0x1a	 x26:0x80025ce4 x15=0xffffffe0
      570575000	     28427	80009700	d3da2293	slti	x5,x20,-707	 x20:0xfffff800  x5=0x00000001
      570595000	     28428	80009704	02be0263	beq	x28,x11,80009728	 x28:0x00000000 x11:0x00002802
      571075000	     28452	80009708	010d7333	and	x6,x26,x16	 x26:0x80025ce4 x16:0xffffe78a  x6=0x80024480
      571095000	     28453	8000970c	014650b3	srl	x1,x12,x20	 x12:0xffffffcf x20:0xfffff800  x1=0xffffffcf
      571395000	     28468	80009710	006e5f13	srli	x30,x28,0x6	 x28:0x00000000 x30=0x00000000
      571415000	     28469	80009714	908a	c.add	x1,x2	  x1:0xffffffcf  x2:0xffff3c4a  x1=0xffff3c19
      571455000	     28471	80009716	028aa2b3	mulhsu	x5,x21,x8	 x21:0x00000000  x8:0xffffffff  x5=0x00000000
      571475000	     28472	8000971a	0001	c.addi	x0,0	  x0:0x00000000  x0=0x00000000
      571535000	     28475	8000971c	0ff0000f	fence	iorw,iorw	
      571615000	     28479	80009720	0ff0000f	fence	iorw,iorw	
      572035000	     28500	80009724	004a5013	srli	x0,x20,0x4	 x20:0xfffff800  x0=0x00000000
      572095000	     28503	80009728	1af25e37	lui	x28,0x1af25	 x28=0x1af25000
      572115000	     28504	8000972c	aa25f793	andi	x15,x11,-1374	 x11:0x00002802 x15=0x00002802
      581315000	     28964	80009730	8c09	c.sub	x8,x10	  x8:0xffffffff x10:0xffffffff  x8=0x00000000
      581355000	     28966	80009732	026d9c33	mulh	x24,x27,x6	 x27:0x00000001  x6:0x80024480 x24=0xffffffff
      581375000	     28967	80009736	6da5	c.lui	x27,0x9	 x27=0x00009000
      581395000	     28968	80009738	001c3b33	sltu	x22,x24,x1	 x24:0xffffffff  x1:0xffff3c19 x22=0x00000000
      581415000	     28969	8000973c	814a	c.mv	x2,x18	  x0:0x00000000 x18:0x00000000  x2=0x00000000
      581455000	     28971	8000973e	03e89f33	mulh	x30,x17,x30	 x17:0x00000000 x30:0x00000000 x30=0x00000000
      581475000	     28972	80009742	8531	c.srai	x10,0xc	 x10:0xffffffff x10=0xffffffff
      581495000	     28973	80009744	6a11	c.lui	x20,0x4	 x20=0x00004000
      581515000	     28974	80009746	955e	c.add	x10,x23	 x10:0xffffffff x23:0x152b3572 x10=0x152b3571
      581535000	     28975	80009748	01a84663	blt	x16,x26,80009754	 x16:0xffffe78a x26:0x80025ce4
      581675000	     28982	8000974c	00cfafb3	slt	x31,x31,x12	 x31:0x00000001 x12:0xffffffcf x31=0x00000000
      582095000	     29003	80009750	02c9da63	bge	x19,x12,80009784	 x19:0x80021e0c x12:0xffffffcf
      582115000	     29004	80009754	0ff0000f	fence	iorw,iorw	
      582135000	     29005	80009758	73d257b7	lui	x15,0x73d25	 x15=0x73d25000
      582995000	     29048	8000975c	02d547b3	div	x15,x10,x13	 x10:0x152b3571 x13:0x00000001 x15=0x152b3571
      583015000	     29049	80009760	0ff0000f	fence	iorw,iorw	
      583035000	     29050	80009764	021c5b63	bge	x24,x1,8000979a	 x24:0xffffffff  x1:0xffff3c19
      584015000	     29099	8000979a	921e	c.add	x4,x7	  x4:0x0000a000  x7:0xfaeb9c09  x4=0xfaec3c09
      584035000	     29100	8000979c	8a7e	c.mv	x20,x31	  x0:0x00000000 x31:0x00000000 x20=0x00000000
      584055000	     29101	8000979e	c191	c.beqz	x11,800097a2	 x11:0x00002802
      584155000	     29106	800097a0	0001	c.addi	x0,0	  x0:0x00000000  x0=0x00000000
      584175000	     29107	800097a2	17fd	c.addi	x15,-1	 x15:0x152b3571 x15=0x152b3570
      584355000	     29116	800097a4	8d95	c.sub	x11,x13	 x11:0x00002802 x13:0x00000001 x11=0x00002801
      585095000	     29153	800097a6	0376feb3	remu	x29,x13,x23	 x13:0x00000001 x23:0x152b3572 x29=0x00000001
      585115000	     29154	800097aa	0f98	c.addi4spn	x14,x2,976	 x14=0x000003d0
      585135000	     29155	800097ac	003a9c93	slli	x25,x21,0x3	 x21:0x00000000 x25=0x00000000
      585155000	     29156	800097b0	01369f63	bne	x13,x19,800097ce	 x13:0x00000001 x19:0x80021e0c
      585335000	     29165	800097ce	6115	c.addi16sp	x2,288	  x2:0x00000000  x2=0x00000120
      585515000	     29174	800097d0	e009	c.bnez	x8,800097d2	  x8:0x00000000
      585555000	     29176	800097d2	0316a133	mulhsu	x2,x13,x17	 x13:0x00000001 x17:0x00000000  x2=0x00000000
      585955000	     29196	800097d6	0000100f	fence.i	
      586855000	     29241	800097da	6522e813	ori	x16,x5,1618	  x5:0x00000000 x16=0x00000652
      586875000	     29242	800097de	8709	c.srai	x14,0x2	 x14:0x000003d0 x14=0x000000f4
      586895000	     29243	800097e0	97e2	c.add	x15,x24	 x15:0x152b3570 x24:0xffffffff x15=0x152b356f
      586915000	     29244	800097e2	8069	c.srli	x8,0x1a	  x8:0x00000000  x8=0x00000000
      586935000	     29245	800097e4	010a8eb3	add	x29,x21,x16	 x21:0x00000000 x16:0x00000652 x29=0x00000652
      586955000	     29246	800097e8	013ad5b3	srl	x11,x21,x19	 x21:0x00000000 x19:0x80021e0c x11=0x00000000
      586975000	     29247	800097ec	83c1	c.srli	x15,0x10	 x15:0x152b356f x15=0x0000152b
      586995000	     29248	800097ee	03489463	bne	x17,x20,80009816	 x17:0x00000000 x20:0x00000000
      587035000	     29250	800097f2	03cb2533	mulhsu	x10,x22,x28	 x22:0x00000000 x28:0x1af25000 x10=0x00000000
      587055000	     29251	800097f6	8c41	c.or	x8,x8	  x8:0x00000000  x8:0x00000000  x8=0x00000000
      587135000	     29255	800097f8	407585b3	sub	x11,x11,x7	 x11:0x00000000  x7:0xfaeb9c09 x11=0x051463f7
      587535000	     29275	800097fc	03216133	rem	x2,x2,x18	  x2:0x00000000 x18:0x00000000  x2=0x00000000
      587555000	     29276	80009800	028f5e63	bge	x30,x8,8000983c	 x30:0x00000000  x8:0x00000000
      587955000	     29296	8000983c	41320433	sub	x8,x4,x19	  x4:0xfaec3c09 x19:0x80021e0c  x8=0x7aea1dfd
      587975000	     29297	80009840	01bb1493	slli	x9,x22,0x1b	 x22:0x00000000  x9=0x00000000
      588035000	     29300	80009844	03691ab3	mulh	x21,x18,x22	 x18:0x00000000 x22:0x00000000 x21=0x00000000
      588155000	     29306	80009848	86a1	c.srai	x13,0x8	 x13:0x00000001 x13=0x00000000
      588295000	     29313	8000984a	00b5fdb3	and	x27,x11,x11	 x11:0x051463f7 x11:0x051463f7 x27=0x051463f7
      588315000	     29314	8000984e	ea19	c.bnez	x12,80009864	 x12:0xffffffcf
      588975000	     29347	80009864	0a3a	c.slli	x20,0xe	 x20:0x00000000 x20=0x00000000
      588995000	     29348	80009866	d1ee3693	sltiu	x13,x28,-738	 x28:0x1af25000 x13=0x00000001
      589015000	     29349	8000986a	03e25263	bge	x4,x30,8000988e	  x4:0xfaec3c09 x30:0x00000000
      589055000	     29351	8000986e	027b11b3	mulh	x3,x22,x7	 x22:0x00000000  x7:0xfaeb9c09  x3=0x00000000
      589415000	     29369	80009872	00489e13	slli	x28,x17,0x4	 x17:0x00000000 x28=0x00000000
      589435000	     29370	80009876	8d95	c.sub	x11,x13	 x11:0x051463f7 x13:0x00000001 x11=0x051463f6
      589535000	     29375	80009878	03f5cb33	div	x22,x11,x31	 x11:0x051463f6 x31:0x00000000 x22=0xffffffff
      590515000	     29424	8000987c	02f2fc33	remu	x24,x5,x15	  x5:0x00000000 x15:0x0000152b x24=0x00000000
      590535000	     29425	80009880	01e13733	sltu	x14,x2,x30	  x2:0x00000000 x30:0x00000000 x14=0x00000000
      590555000	     29426	80009884	8f75	c.and	x14,x13	 x14:0x00000000 x13:0x00000001 x14=0x00000000
      590575000	     29427	80009886	fb25e913	ori	x18,x11,-78	 x11:0x051463f6 x18=0xfffffff6
      590595000	     29428	8000988a	018d6033	or	x0,x26,x24	 x26:0x80025ce4 x24:0x00000000  x0=0x00000000
      590615000	     29429	8000988e	eb1d	c.bnez	x14,800098c4	 x14:0x00000000
      590635000	     29430	80009890	00561a93	slli	x21,x12,0x5	 x12:0xffffffcf x21=0xfffff9e0
      590655000	     29431	80009894	9b026b17	auipc	x22,0x9b026	 x22=0x1b02f894
      590695000	     29433	80009898	0ff0000f	fence	iorw,iorw	
      590875000	     29442	8000989c	00534933	xor	x18,x6,x5	  x6:0x80024480  x5:0x00000000 x18=0x80024480
      590955000	     29446	800098a0	022ae333	rem	x6,x21,x2	 x21:0xfffff9e0  x2:0x00000000  x6=0xfffff9e0
      590975000	     29447	800098a4	61dfb813	sltiu	x16,x31,1565	 x31:0x00000000 x16=0x00000001
      591015000	     29449	800098a8	03fb9233	mulh	x4,x23,x31	 x23:0x152b3572 x31:0x00000000  x4=0x00000000
      591035000	     29450	800098ac	9772cc17	auipc	x24,0x9772c	 x24=0x177358ac
      591055000	     29451	800098b0	8ce9	c.and	x9,x10	  x9:0x00000000 x10:0x00000000  x9=0x00000000
      591075000	     29452	800098b2	0f0c	c.addi4spn	x11,x2,912	 x11=0x00000390
      591095000	     29453	800098b4	018fcf33	xor	x30,x31,x24	 x31:0x00000000 x24:0x177358ac x30=0x177358ac
      591835000	     29490	800098b8	021757b3	divu	x15,x14,x1	 x14:0x00000000  x1:0xffff3c19 x15=0x00000000
      591875000	     29492	800098bc	02453233	mulhu	x4,x10,x4	 x10:0x00000000  x4:0x00000000  x4=0x00000000
      592615000	     29529	800098c0	02857bb3	remu	x23,x10,x8	 x10:0x00000000  x8:0x7aea1dfd x23=0x00000000
      592635000	     29530	800098c4	0001	c.addi	x0,0	  x0:0x00000000  x0=0x00000000
      592655000	     29531	800098c6	0c96	c.slli	x25,0x5	 x25:0x00000000 x25=0x00000000
      592675000	     29532	800098c8	03b80a63	beq	x16,x27,800098fc	 x16:0x00000001 x27:0x051463f7
      593415000	     29569	800098cc	0275d033	divu	x0,x11,x7	 x11:0x00000390  x7:0xfaeb9c09  x0=0x00000000
      593455000	     29571	800098d0	02189a33	mulh	x20,x17,x1	 x17:0x00000000  x1:0xffff3c19 x20=0x00000000
      593475000	     29572	800098d4	01fc8f33	add	x30,x25,x31	 x25:0x00000000 x31:0x00000000 x30=0x00000000
      593495000	     29573	800098d8	412c0db3	sub	x27,x24,x18	 x24:0x177358ac x18:0x80024480 x27=0x9771142c
      593515000	     29574	800098dc	01606933	or	x18,x0,x22	  x0:0x00000000 x22:0x1b02f894 x18=0x1b02f894
      593535000	     29575	800098e0	415a0233	sub	x4,x20,x21	 x20:0x00000000 x21:0xfffff9e0  x4=0x00000620
      593555000	     29576	800098e4	527d	c.li	x4,-1	  x4=0xffffffff
      593575000	     29577	800098e6	717d	c.addi16sp	x2,-16	  x2:0x00000000  x2=0xfffffff0
      593915000	     29594	800098e8	009e0db3	add	x27,x28,x9	 x28:0x00000000  x9:0x00000000 x27=0x00000000
      593975000	     29597	800098ec	03bd9cb3	mulh	x25,x27,x27	 x27:0x00000000 x27:0x00000000 x25=0x00000000
      593995000	     29598	800098f0	00481313	slli	x6,x16,0x4	 x16:0x00000001  x6=0x00000010
      594015000	     29599	800098f4	00171333	sll	x6,x14,x1	 x14:0x00000000  x1:0xffff3c19  x6=0x00000000
      594035000	     29600	800098f8	00119863	bne	x3,x1,80009908	  x3:0x00000000  x1:0xffff3c19
      595135000	     29655	80009908	0356ce33	div	x28,x13,x21	 x13:0x00000001 x21:0xfffff9e0 x28=0x00000000
      595155000	     29656	8000990c	47343897	auipc	x17,0x47343	 x17=0xc734c90c
      595175000	     29657	80009910	8d09	c.sub	x10,x10	 x10:0x00000000 x10:0x00000000 x10=0x00000000
      595195000	     29658	80009912	8ec5	c.or	x13,x9	 x13:0x00000001  x9:0x00000000 x13=0x00000001
      595215000	     29659	80009914	01662633	slt	x12,x12,x22	 x12:0xffffffcf x22:0x1b02f894 x12=0x00000001
      595235000	     29660	80009918	8d41	c.or	x10,x8	 x10:0x00000000  x8:0x7aea1dfd x10=0x7aea1dfd
      595255000	     29661	8000991a	117d	c.addi	x2,-1	  x2:0xfffffff0  x2=0xffffffef
      595275000	     29662	8000991c	717d	c.addi16sp	x2,-16	  x2:0xffffffef  x2=0xffffffdf
      595295000	     29663	8000991e	8cf9	c.and	x9,x14	  x9:0x00000000 x14:0x00000000  x9=0x00000000
      595375000	     29667	80009920	016424b3	slt	x9,x8,x22	  x8:0x7aea1dfd x22:0x1b02f894  x9=0x00000000
      596515000	     29724	80009924	028a57b3	divu	x15,x20,x8	 x20:0x00000000  x8:0x7aea1dfd x15=0x00000000
      596535000	     29725	80009928	4131dd93	srai	x27,x3,0x13	  x3:0x00000000 x27=0x00000000
      596555000	     29726	8000992c	05e81163	bne	x16,x30,8000996e	 x16:0x00000001 x30:0x00000000
      596675000	     29732	8000996e	e889	c.bnez	x9,80009980	  x9:0x00000000
      596795000	     29738	80009970	02249833	mulh	x16,x9,x2	  x9:0x00000000  x2:0xffffffdf x16=0x00000000
      596875000	     29742	80009974	00a67f33	and	x30,x12,x10	 x12:0x00000001 x10:0x7aea1dfd x30=0x00000001
      596895000	     29743	80009978	86c1	c.srai	x13,0x10	 x13:0x00000001 x13=0x00000000
      596915000	     29744	8000997a	0000100f	fence.i	
      597915000	     29794	8000997e	614d	c.addi16sp	x2,176	  x2:0xffffffdf  x2=0x0000008f
      597935000	     29795	80009980	8e0d	c.sub	x12,x11	 x12:0x00000001 x11:0x00000390 x12=0xfffffc71
      598355000	     29816	80009982	585aaf93	slti	x31,x21,1413	 x21:0xfffff9e0 x31=0x00000001
      598375000	     29817	80009986	007486b3	add	x13,x9,x7	  x9:0x00000000  x7:0xfaeb9c09 x13=0xfaeb9c09
      598535000	     29825	8000998a	03494d63	blt	x18,x20,800099c4	 x18:0x1b02f894 x20:0x00000000
      599375000	     29867	8000998e	03afd433	divu	x8,x31,x26	 x31:0x00000001 x26:0x80025ce4  x8=0x00000000
      599395000	     29868	80009992	017dc333	xor	x6,x27,x23	 x27:0x00000000 x23:0x00000000  x6=0x00000000
      599415000	     29869	80009996	ed21c093	xori	x1,x3,-302	  x3:0x00000000  x1=0xfffffed2
      599435000	     29870	8000999a	8cc9	c.or	x9,x10	  x9:0x00000000 x10:0x7aea1dfd  x9=0x7aea1dfd
      599455000	     29871	8000999c	41338133	sub	x2,x7,x19	  x7:0xfaeb9c09 x19:0x80021e0c  x2=0x7ae97dfd
      599495000	     29873	800099a0	03c5f533	remu	x10,x11,x28	 x11:0x00000390 x28:0x00000000 x10=0x00000390
      599515000	     29874	800099a4	01505263	bge	x0,x21,800099a8	  x0:0x00000000 x21:0xfffff9e0
      599795000	     29888	800099a8	3d2e8113	addi	x2,x29,978	 x29:0x00000652  x2=0x00000a24
      599815000	     29889	800099ac	82f9	c.srli	x13,0x1e	 x13:0xfaeb9c09 x13=0x00000003
      599835000	     29890	800099ae	006d62b3	or	x5,x26,x6	 x26:0x80025ce4  x6:0x00000000  x5=0x80025ce4
      599855000	     29891	800099b2	079c	c.addi4spn	x15,x2,960	 x15=0x00000de4
      599975000	     29897	800099b4	0652a913	slti	x18,x5,101	  x5:0x80025ce4 x18=0x00000001
      599995000	     29898	800099b8	01a798b3	sll	x17,x15,x26	 x15:0x00000de4 x26:0x80025ce4 x17=0x0000de40
      600015000	     29899	800099bc	30244ab7	lui	x21,0x30244	 x21=0x30244000
      600035000	     29900	800099c0	41d60433	sub	x8,x12,x29	 x12:0xfffffc71 x29:0x00000652  x8=0xfffff61f
      600175000	     29907	800099c4	015b55b3	srl	x11,x22,x21	 x22:0x1b02f894 x21:0x30244000 x11=0x1b02f894
      600395000	     29918	800099c8	8f91	c.sub	x15,x12	 x15:0x00000de4 x12:0xfffffc71 x15=0x00001173
      600415000	     29919	800099ca	6c51	c.lui	x24,0x14	 x24=0x00014000
      600435000	     29920	800099cc	c385	c.beqz	x15,800099ec	 x15:0x00001173
      600455000	     29921	800099ce	0001	c.addi	x0,0	  x0:0x00000000  x0=0x00000000
      600855000	     29941	800099d0	02e8c763	blt	x17,x14,800099fe	 x17:0x0000de40 x14:0x00000000
      600875000	     29942	800099d4	00880263	beq	x16,x8,800099d8	 x16:0x00000000  x8:0xfffff61f
      601175000	     29957	800099d8	279f4593	xori	x11,x30,633	 x30:0x00000001 x11=0x00000278
      601195000	     29958	800099dc	012e8f33	add	x30,x29,x18	 x29:0x00000652 x18:0x00000001 x30=0x00000653
      601235000	     29960	800099e0	02751c33	mulh	x24,x10,x7	 x10:0x00000390  x7:0xfaeb9c09 x24=0xffffffed
      601255000	     29961	800099e4	40885313	srai	x6,x16,0x8	 x16:0x00000000  x6=0x00000000
      601275000	     29962	800099e8	009607b3	add	x15,x12,x9	 x12:0xfffffc71  x9:0x7aea1dfd x15=0x7aea1a6e
      601295000	     29963	800099ec	64c9	c.lui	x9,0x12	  x9=0x00012000
      601515000	     29974	800099ee	00621663	bne	x4,x6,800099fa	  x4:0xffffffff  x6:0x00000000
      601695000	     29983	800099fa	8591	c.srai	x11,0x4	 x11:0x00000278 x11=0x00000027
      601815000	     29989	800099fc	1c7d	c.addi	x24,-1	 x24:0xffffffed x24=0xffffffec
      602115000	     30004	800099fe	002bb933	sltu	x18,x23,x2	 x23:0x00000000  x2:0x00000a24 x18=0x00000001
      602135000	     30005	80009a02	06f2	c.slli	x13,0x1c	 x13:0x00000003 x13=0x30000000
      602155000	     30006	80009a04	80ed	c.srli	x9,0x1b	  x9:0x00012000  x9=0x00000000
      602895000	     30043	80009a06	028fd333	divu	x6,x31,x8	 x31:0x00000001  x8:0xfffff61f  x6=0x00000000
      602915000	     30044	80009a0a	14d8bb93	sltiu	x23,x17,333	 x17:0x0000de40 x23=0x00000000
      602935000	     30045	80009a0e	08de	c.slli	x17,0x17	 x17:0x0000de40 x17=0x20000000
      602975000	     30047	80009a10	0381b133	mulhu	x2,x3,x24	  x3:0x00000000 x24:0xffffffec  x2=0x00000000
      602995000	     30048	80009a14	80b5	c.srli	x9,0xd	  x9:0x00000000  x9=0x00000000
      603015000	     30049	80009a16	ed89	c.bnez	x11,80009a30	 x11:0x00000027
      603495000	     30073	80009a30	01da77b3	and	x15,x20,x29	 x20:0x00000000 x29:0x00000652 x15=0x00000000
      603515000	     30074	80009a34	406a5333	sra	x6,x20,x6	 x20:0x00000000  x6:0x00000000  x6=0x00000000
      603715000	     30084	80009a38	7fea3217	auipc	x4,0x7fea3	  x4=0xffeaca38
      603835000	     30090	80009a3c	00b5e733	or	x14,x11,x11	 x11:0x00000027 x11:0x00000027 x14=0x00000027
      603855000	     30091	80009a40	40d7d633	sra	x12,x15,x13	 x15:0x00000000 x13:0x30000000 x12=0x00000000
      603875000	     30092	80009a44	007d5933	srl	x18,x26,x7	 x26:0x80025ce4  x7:0xfaeb9c09 x18=0x0040012e
      603895000	     30093	80009a48	de1aa213	slti	x4,x21,-543	 x21:0x30244000  x4=0x00000000
      604035000	     30100	80009a4c	0262a033	mulhsu	x0,x5,x6	  x5:0x80025ce4  x6:0x00000000  x0=0x00000000
      604435000	     30120	80009a50	004845b3	xor	x11,x16,x4	 x16:0x00000000  x4:0x00000000 x11=0x00000000
      604855000	     30141	80009a54	717d	c.addi16sp	x2,-16	  x2:0x00000000  x2=0xfffffff0
      604875000	     30142	80009a56	06e2	c.slli	x13,0x18	 x13:0x30000000 x13=0x00000000
      605035000	     30150	80009a58	01d10733	add	x14,x2,x29	  x2:0xfffffff0 x29:0x00000652 x14=0x00000642
      605215000	     30159	80009a5c	023bc333	div	x6,x23,x3	 x23:0x00000000  x3:0x00000000  x6=0xffffffff
      605275000	     30162	80009a60	8f1d	c.sub	x14,x15	 x14:0x00000642 x15:0x00000000 x14=0x00000642
      605455000	     30171	80009a62	00c21263	bne	x4,x12,80009a66	  x4:0x00000000 x12:0x00000000
      605895000	     30193	80009a66	02d9f2b3	remu	x5,x19,x13	 x19:0x80021e0c x13:0x00000000  x5=0x80021e0c
      606055000	     30201	80009a6a	0020de63	bge	x1,x2,80009a86	  x1:0xfffffed2  x2:0xfffffff0
      606255000	     30211	80009a6e	014ed263	bge	x29,x20,80009a72	 x29:0x00000652 x20:0x00000000
      607335000	     30265	80009a72	14672f37	lui	x30,0x14672	 x30=0x14672000
      607355000	     30266	80009a76	40c3d4b3	sra	x9,x7,x12	  x7:0xfaeb9c09 x12:0x00000000  x9=0xfaeb9c09
      607515000	     30274	80009a7a	5e63b313	sltiu	x6,x7,1510	  x7:0xfaeb9c09  x6=0x00000000
      607535000	     30275	80009a7e	864a	c.mv	x12,x18	  x0:0x00000000 x18:0x0040012e x12=0x0040012e
      607555000	     30276	80009a80	024005b3	mul	x11,x0,x4	  x0:0x00000000  x4:0x00000000 x11=0x00000000
      607575000	     30277	80009a84	0a9e	c.slli	x21,0x7	 x21:0x30244000 x21=0x12200000
      607595000	     30278	80009a86	e257ef93	ori	x31,x15,-475	 x15:0x00000000 x31=0xfffffe25
      607615000	     30279	80009a8a	00f99c63	bne	x19,x15,80009aa2	 x19:0x80021e0c x15:0x00000000
      608135000	     30305	80009aa2	020660b3	rem	x1,x12,x0	 x12:0x0040012e  x0:0x00000000  x1=0x0040012e
      608155000	     30306	80009aa6	02e9c663	blt	x19,x14,80009ad2	 x19:0x80021e0c x14:0x00000642
      608595000	     30328	80009ad2	023bffb3	remu	x31,x23,x3	 x23:0x00000000  x3:0x00000000 x31=0x00000000
      608715000	     30334	80009ad6	0000100f	fence.i	
      609195000	     30358	80009ada	0237c5b3	div	x11,x15,x3	 x15:0x00000000  x3:0x00000000 x11=0xffffffff
      609235000	     30360	80009ade	027524b3	mulhsu	x9,x10,x7	 x10:0x00000390  x7:0xfaeb9c09  x9=0x0000037d
      609335000	     30365	80009ae2	007c1893	slli	x17,x24,0x7	 x24:0xffffffec x17=0xfffff600
      609675000	     30382	80009ae6	005fdc13	srli	x24,x31,0x5	 x31:0x00000000 x24=0x00000000
      609695000	     30383	80009aea	8fdd	c.or	x15,x15	 x15:0x00000000 x15:0x00000000 x15=0x00000000
      609715000	     30384	80009aec	005b7733	and	x14,x22,x5	 x22:0x1b02f894  x5:0x80021e0c x14=0x00021804
      610115000	     30404	80009af0	0001	c.addi	x0,0	  x0:0x00000000  x0=0x00000000
      610135000	     30405	80009af2	0001	c.addi	x0,0	  x0:0x00000000  x0=0x00000000
      610155000	     30406	80009af4	003b7263	bgeu	x22,x3,80009af8	 x22:0x1b02f894  x3:0x00000000
      610995000	     30448	80009af8	0384	c.addi4spn	x9,x2,448	  x9=0x000001b0
      611115000	     30454	80009afa	03f39933	mulh	x18,x7,x31	  x7:0xfaeb9c09 x31:0x00000000 x18=0x00000000
      611135000	     30455	80009afe	6129	c.addi16sp	x2,192	  x2:0xfffffff0  x2=0x000000b0
      611155000	     30456	80009b00	8db1	c.xor	x11,x12	 x11:0xffffffff x12:0x0040012e x11=0xffbffed1
      611195000	     30458	80009b02	02ab97b3	mulh	x15,x23,x10	 x23:0x00000000 x10:0x00000390 x15=0x00000000
      611215000	     30459	80009b06	49be7813	andi	x16,x28,1179	 x28:0x00000000 x16=0x00000000
      611495000	     30473	80009b0a	016edb33	srl	x22,x29,x22	 x29:0x00000652 x22:0x1b02f894 x22=0x00000000
      611635000	     30480	80009b0e	00f35013	srli	x0,x6,0xf	  x6:0x00000000  x0=0x00000000
      612375000	     30517	80009b12	02eb5c33	divu	x24,x22,x14	 x22:0x00000000 x14:0x00021804 x24=0x00000000
      612415000	     30519	80009b16	025132b3	mulhu	x5,x2,x5	  x2:0x000000b0  x5:0x80021e0c  x5=0x00000058
      612435000	     30520	80009b1a	03e28163	beq	x5,x30,80009b3c	  x5:0x00000058 x30:0x14672000
      612455000	     30521	80009b1e	00300033	add	x0,x0,x3	  x0:0x00000000  x3:0x00000000  x0=0x00000000
      612495000	     30523	80009b22	02037833	remu	x16,x6,x0	  x6:0x00000000  x0:0x00000000 x16=0x00000000
      612515000	     30524	80009b26	86e5	c.srai	x13,0x19	 x13:0x00000000 x13=0x00000000
      612555000	     30526	80009b28	024ceab3	rem	x21,x25,x4	 x25:0x00000000  x4:0x00000000 x21=0x00000000
      612575000	     30527	80009b2c	99fd	c.andi	x11,-1	 x11:0xffbffed1 x11=0xffbffed1
      612595000	     30528	80009b2e	0001	c.addi	x0,0	  x0:0x00000000  x0=0x00000000
      612615000	     30529	80009b30	406bd233	sra	x4,x23,x6	 x23:0x00000000  x6:0x00000000  x4=0x00000000
      612635000	     30530	80009b34	010b9633	sll	x12,x23,x16	 x23:0x00000000 x16:0x00000000 x12=0x00000000
      612655000	     30531	80009b38	44ed0493	addi	x9,x26,1102	 x26:0x80025ce4  x9=0x80026132
      612675000	     30532	80009b3c	4091	c.li	x1,4	  x1=0x00000004
      612695000	     30533	80009b3e	e391	c.bnez	x15,80009b42	 x15:0x00000000
      612715000	     30534	80009b40	54fd	c.li	x9,-1	  x9=0xffffffff
      612735000	     30535	80009b42	01816ab3	or	x21,x2,x24	  x2:0x000000b0 x24:0x00000000 x21=0x000000b0
      612755000	     30536	80009b46	6129	c.addi16sp	x2,192	  x2:0x000000b0  x2=0x00000170
      612775000	     30537	80009b48	c009	c.beqz	x8,80009b4a	  x8:0xfffff61f
      612795000	     30538	80009b4a	04b9c893	xori	x17,x19,75	 x19:0x80021e0c x17=0x80021e47
      612815000	     30539	80009b4e	8d91	c.sub	x11,x12	 x11:0xffbffed1 x12:0x00000000 x11=0xffbffed1
      629815000	     31389	80009b50	0260c1b3	div	x3,x1,x6	  x1:0x00000004  x6:0x00000000  x3=0xffffffff
      629835000	     31390	80009b54	0113f633	and	x12,x7,x17	  x7:0xfaeb9c09 x17:0x80021e47 x12=0x80021c01
      629855000	     31391	80009b58	00b93433	sltu	x8,x18,x11	 x18:0x00000000 x11:0xffbffed1  x8=0x00000001
      629895000	     31393	80009b5c	0398d5b3	divu	x11,x17,x25	 x17:0x80021e47 x25:0x00000000 x11=0xffffffff
      629915000	     31394	80009b60	40b08fb3	sub	x31,x1,x11	  x1:0x00000004 x11:0xffffffff x31=0x00000005
      630655000	     31431	80009b64	03a8da33	divu	x20,x17,x26	 x17:0x80021e47 x26:0x80025ce4 x20=0x00000000
      630675000	     31432	80009b68	4a1d	c.li	x20,7	 x20=0x00000007
      631415000	     31469	80009b6a	03f6c4b3	div	x9,x13,x31	 x13:0x00000000 x31:0x00000005  x9=0x00000000
      631435000	     31470	80009b6e	0006c763	blt	x13,x0,80009b7c	 x13:0x00000000  x0:0x00000000
      631455000	     31471	80009b72	e88d	c.bnez	x9,80009ba4	  x9:0x00000000
      631475000	     31472	80009b74	035a4263	blt	x20,x21,80009b98	 x20:0x00000007 x21:0x000000b0
      631615000	     31479	80009b98	02e01fb3	mulh	x31,x0,x14	  x0:0x00000000 x14:0x00021804 x31=0x00000000
      632355000	     31516	80009b9c	03ed4833	div	x16,x26,x30	 x26:0x80025ce4 x30:0x14672000 x16=0xfffffffa
      632375000	     31517	80009ba0	00f465b3	or	x11,x8,x15	  x8:0x00000001 x15:0x00000000 x11=0x00000001
      632395000	     31518	80009ba4	00fd9263	bne	x27,x15,80009ba8	 x27:0x00000000 x15:0x00000000
      632415000	     31519	80009ba8	05d1	c.addi	x11,20	 x11:0x00000001 x11=0x00000015
      632435000	     31520	80009baa	9f0e	c.add	x30,x3	 x30:0x14672000  x3:0xffffffff x30=0x14671fff
      632455000	     31521	80009bac	40e45c33	sra	x24,x8,x14	  x8:0x00000001 x14:0x00021804 x24=0x00000000
      632475000	     31522	80009bb0	019e47b3	xor	x15,x28,x25	 x28:0x00000000 x25:0x00000000 x15=0x00000000
      632715000	     31534	80009bb4	0247c833	div	x16,x15,x4	 x15:0x00000000  x4:0x00000000 x16=0xffffffff
      633535000	     31575	80009bb8	033941b3	div	x3,x18,x19	 x18:0x00000000 x19:0x80021e0c  x3=0x00000000
      633555000	     31576	80009bbc	012d5613	srli	x12,x26,0x12	 x26:0x80025ce4 x12=0x00002000
      633575000	     31577	80009bc0	0e39	c.addi	x28,14	 x28:0x00000000 x28=0x0000000e
      633615000	     31579	80009bc2	024890b3	mulh	x1,x17,x4	 x17:0x80021e47  x4:0x00000000  x1=0x00000000
      633675000	     31582	80009bc6	03b30c63	beq	x6,x27,80009bfe	  x6:0x00000000 x27:0x00000000
      634455000	     31621	80009bfe	8fbd	c.xor	x15,x15	 x15:0x00000000 x15:0x00000000 x15=0x00000000
      634895000	     31643	80009c00	0041c233	xor	x4,x3,x4	  x3:0x00000000  x4:0x00000000  x4=0x00000000
      635055000	     31651	80009c04	0ff0000f	fence	iorw,iorw	
      635075000	     31652	80009c08	8cdd	c.or	x9,x15	  x9:0x00000000 x15:0x00000000  x9=0x00000000
      635975000	     31697	80009c0a	02267533	remu	x10,x12,x2	 x12:0x00002000  x2:0x00000170 x10=0x00000060
      636015000	     31699	80009c0e	036f9233	mulh	x4,x31,x22	 x31:0x00000000 x22:0x00000000  x4=0x00000000
      636035000	     31700	80009c12	01e49233	sll	x4,x9,x30	  x9:0x00000000 x30:0x14671fff  x4=0x00000000
      636055000	     31701	80009c16	38bc8497	auipc	x9,0x38bc8	  x9=0xb8bd1c16
      636075000	     31702	80009c1a	23d88a13	addi	x20,x17,573	 x17:0x80021e47 x20=0x80022084
      636095000	     31703	80009c1e	8dfd	c.and	x11,x15	 x11:0x00000015 x15:0x00000000 x11=0x00000000
      636115000	     31704	80009c20	08dd	c.addi	x17,23	 x17:0x80021e47 x17=0x80021e5e
      636135000	     31705	80009c22	9fea	c.add	x31,x26	 x31:0x00000000 x26:0x80025ce4 x31=0x80025ce4
      636175000	     31707	80009c24	03191033	mulh	x0,x18,x17	 x18:0x00000000 x17:0x80021e5e  x0=0x00000000
      636195000	     31708	80009c28	86b5	c.srai	x13,0xd	 x13:0x00000000 x13=0x00000000
      636215000	     31709	80009c2a	8599	c.srai	x11,0x6	 x11:0x00000000 x11=0x00000000
      636535000	     31725	80009c2c	0114cb63	blt	x9,x17,80009c42	  x9:0xb8bd1c16 x17:0x80021e5e
      636555000	     31726	80009c30	011fd293	srli	x5,x31,0x11	 x31:0x80025ce4  x5=0x00004001
      636635000	     31730	80009c34	01104213	xori	x4,x0,17	  x0:0x00000000  x4=0x00000011
      636695000	     31733	80009c38	40b20533	sub	x10,x4,x11	  x4:0x00000011 x11:0x00000000 x10=0x00000011
      636855000	     31741	80009c3c	0153ff33	and	x30,x7,x21	  x7:0xfaeb9c09 x21:0x000000b0 x30=0x00000000
      636875000	     31742	80009c40	99fd	c.andi	x11,-1	 x11:0x00000000 x11=0x00000000
      636895000	     31743	80009c42	997d	c.andi	x10,-1	 x10:0x00000011 x10=0x00000011
      636915000	     31744	80009c44	002cb6b3	sltu	x13,x25,x2	 x25:0x00000000  x2:0x00000170 x13=0x00000001
      636935000	     31745	80009c48	407a5933	sra	x18,x20,x7	 x20:0x80022084  x7:0xfaeb9c09 x18=0xffc00110
      636955000	     31746	80009c4c	8cc5	c.or	x9,x9	  x9:0xb8bd1c16  x9:0xb8bd1c16  x9=0xb8bd1c16
      636975000	     31747	80009c4e	5e093513	sltiu	x10,x18,1504	 x18:0xffc00110 x10=0x00000000
      636995000	     31748	80009c52	8dbd	c.xor	x11,x15	 x11:0x00000000 x15:0x00000000 x11=0x00000000
      637015000	     31749	80009c54	8f19	c.sub	x14,x14	 x14:0x00021804 x14:0x00021804 x14=0x00000000
      637175000	     31757	80009c56	bbebfb13	andi	x22,x23,-1090	 x23:0x00000000 x22=0x00000000
      637195000	     31758	80009c5a	de4f6a13	ori	x20,x30,-540	 x30:0x00000000 x20=0xfffffde4
      637215000	     31759	80009c5e	8ded	c.and	x11,x11	 x11:0x00000000 x11:0x00000000 x11=0x00000000
      637235000	     31760	80009c60	9e7a	c.add	x28,x30	 x28:0x0000000e x30:0x00000000 x28=0x0000000e
      638075000	     31802	80009c62	02cbca33	div	x20,x23,x12	 x23:0x00000000 x12:0x00002000 x20=0x00000000
      638095000	     31803	80009c66	8806	c.mv	x16,x1	  x0:0x00000000  x1:0x00000000 x16=0x00000000
      638115000	     31804	80009c68	40a1d493	srai	x9,x3,0xa	  x3:0x00000000  x9=0x00000000
      638135000	     31805	80009c6c	0001	c.addi	x0,0	  x0:0x00000000  x0=0x00000000
      638175000	     31807	80009c6e	02783db3	mulhu	x27,x16,x7	 x16:0x00000000  x7:0xfaeb9c09 x27=0x00000000
      638195000	     31808	80009c72	000d5793	srli	x15,x26,0x0	 x26:0x80025ce4 x15=0x80025ce4
      638235000	     31810	80009c76	02c4ac33	mulhsu	x24,x9,x12	  x9:0x00000000 x12:0x00002000 x24=0x00000000
      638255000	     31811	80009c7a	ab9acb13	xori	x22,x21,-1351	 x21:0x000000b0 x22=0xfffffa09
      638275000	     31812	80009c7e	03740eb3	mul	x29,x8,x23	  x8:0x00000001 x23:0x00000000 x29=0x00000000
      638295000	     31813	80009c82	816d	c.srli	x10,0x1b	 x10:0x00000000 x10=0x00000000
      638315000	     31814	80009c84	0598c363	blt	x17,x25,80009cca	 x17:0x80021e5e x25:0x00000000
      639095000	     31853	80009cca	8379	c.srli	x14,0x1e	 x14:0x00000000 x14=0x00000000
      639135000	     31855	80009ccc	03a3f263	bgeu	x7,x26,80009cf0	  x7:0xfaeb9c09 x26:0x80025ce4
      640695000	     31933	80009cf0	0353ceb3	div	x29,x7,x21	  x7:0xfaeb9c09 x21:0x000000b0 x29=0xfff89c86
      640715000	     31934	80009cf4	6179	c.addi16sp	x2,464	  x2:0x00000170  x2=0x00000340
      640735000	     31935	80009cf6	3c45fc13	andi	x24,x11,964	 x11:0x00000000 x24=0x00000000
      640755000	     31936	80009cfa	0422d063	bge	x5,x2,80009d3a	  x5:0x00004001  x2:0x00000340
      640955000	     31946	80009d3a	61dd	c.lui	x3,0x17	  x3=0x00017000
      641375000	     31967	80009d3c	40d18233	sub	x4,x3,x13	  x3:0x00017000 x13:0x00000001  x4=0x00016fff
      641795000	     31988	80009d40	119c	c.addi4spn	x15,x2,224	 x15=0x00000420
      641815000	     31989	80009d42	036b5763	bge	x22,x22,80009d70	 x22:0xfffffa09 x22:0xfffffa09
      642795000	     32038	80009d70	e11c2293	slti	x5,x24,-495	 x24:0x00000000  x5=0x00000000
      642815000	     32039	80009d74	025b6963	bltu	x22,x5,80009da6	 x22:0xfffffa09  x5:0x00000000
      642835000	     32040	80009d78	0ff0000f	fence	iorw,iorw	
      642875000	     32042	80009d7c	02636db3	rem	x27,x6,x6	  x6:0x00000000  x6:0x00000000 x27=0x00000000
      642955000	     32046	80009d80	71a47217	auipc	x4,0x71a47	  x4=0xf1a50d80
      643375000	     32067	80009d84	01d75b63	bge	x14,x29,80009d9a	 x14:0x00000000 x29:0xfff89c86
      644475000	     32122	80009d9a	0ff0000f	fence	iorw,iorw	
      644895000	     32143	80009d9e	4010d093	srai	x1,x1,0x1	  x1:0x00000000  x1=0x00000000
      644935000	     32145	80009da2	026cadb3	mulhsu	x27,x25,x6	 x25:0x00000000  x6:0x00000000 x27=0x00000000
      644955000	     32146	80009da6	c189	c.beqz	x11,80009da8	 x11:0x00000000
      645235000	     32160	80009da8	ce5bfa13	andi	x20,x23,-795	 x23:0x00000000 x20=0x00000000
      645275000	     32162	80009dac	037ae533	rem	x10,x21,x23	 x21:0x000000b0 x23:0x00000000 x10=0x000000b0
      645435000	     32170	80009db0	03edd5b3	divu	x11,x27,x30	 x27:0x00000000 x30:0x00000000 x11=0xffffffff
      645455000	     32171	80009db4	9a36	c.add	x20,x13	 x20:0x00000000 x13:0x00000001 x20=0x00000001
      645475000	     32172	80009db6	0001	c.addi	x0,0	  x0:0x00000000  x0=0x00000000
      645495000	     32173	80009db8	ebd10093	addi	x1,x2,-323	  x2:0x00000340  x1=0x000001fd
      645515000	     32174	80009dbc	01ba55b3	srl	x11,x20,x27	 x20:0x00000001 x27:0x00000000 x11=0x00000001
      645635000	     32180	80009dc0	4691	c.li	x13,4	 x13=0x00000004
      645795000	     32188	80009dc2	01d6d463	bge	x13,x29,80009dca	 x13:0x00000004 x29:0xfff89c86
      646435000	     32220	80009dca	0b49	c.addi	x22,18	 x22:0xfffffa09 x22=0xfffffa1b
      646515000	     32224	80009dcc	8e8d	c.sub	x13,x11	 x13:0x00000004 x11:0x00000001 x13=0x00000003
      646535000	     32225	80009dce	00666663	bltu	x12,x6,80009dda	 x12:0x00002000  x6:0x00000000
      646655000	     32231	80009dd2	0200cb63	blt	x1,x0,80009e08	  x1:0x000001fd  x0:0x00000000
      646775000	     32237	80009dd6	01210233	add	x4,x2,x18	  x2:0x00000340 x18:0xffc00110  x4=0xffc00450
      647195000	     32258	80009dda	019cabb3	slt	x23,x25,x25	 x25:0x00000000 x25:0x00000000 x23=0x00000000
      647335000	     32265	80009dde	65e97637	lui	x12,0x65e97	 x12=0x65e97000
      647395000	     32268	80009de2	01d63733	sltu	x14,x12,x29	 x12:0x65e97000 x29:0xfff89c86 x14=0x00000001
      647415000	     32269	80009de6	00a8d093	srli	x1,x17,0xa	 x17:0x80021e5e  x1=0x00200087
      647435000	     32270	80009dea	1f7d	c.addi	x30,-1	 x30:0x00000000 x30=0xffffffff
      647455000	     32271	80009dec	96bea813	slti	x16,x29,-1685	 x29:0xfff89c86 x16=0x00000001
      647615000	     32279	80009df0	00a11793	slli	x15,x2,0xa	  x2:0x00000340 x15=0x000d0000
      647955000	     32296	80009df4	01626463	bltu	x4,x22,80009dfc	  x4:0xffc00450 x22:0xfffffa1b
      648935000	     32345	80009dfc	0287e933	rem	x18,x15,x8	 x15:0x000d0000  x8:0x00000001 x18=0x00000000
      649675000	     32382	80009e00	030c76b3	remu	x13,x24,x16	 x24:0x00000000 x16:0x00000001 x13=0x00000000
      649695000	     32383	80009e04	00ee8833	add	x16,x29,x14	 x29:0xfff89c86 x14:0x00000001 x16=0xfff89c87
      649715000	     32384	80009e08	41717c93	andi	x25,x2,1047	  x2:0x00000340 x25=0x00000000
      650455000	     32421	80009e0c	036dd133	divu	x2,x27,x22	 x27:0x00000000 x22:0xfffffa1b  x2=0x00000000
      650475000	     32422	80009e10	0014deb3	srl	x29,x9,x1	  x9:0x00000000  x1:0x00200087 x29=0x00000000
      650495000	     32423	80009e14	4042d8b3	sra	x17,x5,x4	  x5:0x00000000  x4:0xffc00450 x17=0x00000000
      650515000	     32424	80009e18	0056c933	xor	x18,x13,x5	 x13:0x00000000  x5:0x00000000 x18=0x00000000
      650535000	     32425	80009e1c	6171	c.addi16sp	x2,336	  x2:0x00000000  x2=0x00000150
      650555000	     32426	80009e1e	0001	c.addi	x0,0	  x0:0x00000000  x0=0x00000000
      650575000	     32427	80009e20	7c3cb613	sltiu	x12,x25,1987	 x25:0x00000000 x12=0x00000001
      650595000	     32428	80009e24	9a29c937	lui	x18,0x9a29c	 x18=0x9a29c000
      651675000	     32482	80009e28	02effab3	remu	x21,x31,x14	 x31:0x80025ce4 x14:0x00000001 x21=0x00000000
      653535000	     32575	80009e2c	6121	c.addi16sp	x2,64	  x2:0x00000150  x2=0x00000190
      653555000	     32576	80009e2e	9bdde193	ori	x3,x27,-1603	 x27:0x00000000  x3=0xfffff9bd
      653575000	     32577	80009e32	0001	c.addi	x0,0	  x0:0x00000000  x0=0x00000000
      653595000	     32578	80009e34	01279f63	bne	x15,x18,80009e52	 x15:0x000d0000 x18:0x9a29c000
      653755000	     32586	80009e52	0392e5b3	rem	x11,x5,x25	  x5:0x00000000 x25:0x00000000 x11=0x00000000
      653775000	     32587	80009e56	e4a52737	lui	x14,0xe4a52	 x14=0xe4a52000
      653795000	     32588	80009e5a	717d	c.addi16sp	x2,-16	  x2:0x00000190  x2=0x00000180
      653915000	     32594	80009e5c	0190fc33	and	x24,x1,x25	  x1:0x00200087 x25:0x00000000 x24=0x00000000
      653935000	     32595	80009e60	01b71d93	slli	x27,x14,0x1b	 x14:0xe4a52000 x27=0x00000000
      654155000	     32606	80009e64	02ef9db3	mulh	x27,x31,x14	 x31:0x80025ce4 x14:0xe4a52000 x27=0x0dad2f5d
      654175000	     32607	80009e68	0eca	c.slli	x29,0x12	 x29:0x00000000 x29=0x00000000
      655295000	     32663	80009e6a	02f651b3	divu	x3,x12,x15	 x12:0x00000001 x15:0x000d0000  x3=0x00000000
      655315000	     32664	80009e6e	aae62f13	slti	x30,x12,-1362	 x12:0x00000001 x30=0x00000000
      655335000	     32665	80009e72	41ff57b3	sra	x15,x30,x31	 x30:0x00000000 x31:0x80025ce4 x15=0x00000000
      655355000	     32666	80009e76	6619	c.lui	x12,0x6	 x12=0x00006000
      655375000	     32667	80009e78	00305b33	srl	x22,x0,x3	  x0:0x00000000  x3:0x00000000 x22=0x00000000
      655395000	     32668	80009e7c	811d	c.srli	x10,0x7	 x10:0x000000b0 x10=0x00000001
      655415000	     32669	80009e7e	8eb1	c.xor	x13,x12	 x13:0x00000000 x12:0x00006000 x13=0x00006000
      655675000	     32682	80009e80	98fe	c.add	x17,x31	 x17:0x00000000 x31:0x80025ce4 x17=0x80025ce4
      655755000	     32686	80009e82	41a27a13	andi	x20,x4,1050	  x4:0xffc00450 x20=0x00000410
      655775000	     32687	80009e86	717d	c.addi16sp	x2,-16	  x2:0x00000180  x2=0x00000170
      656175000	     32707	80009e88	00744f33	xor	x30,x8,x7	  x8:0x00000001  x7:0xfaeb9c09 x30=0xfaeb9c08
      656215000	     32709	80009e8c	717d	c.addi16sp	x2,-16	  x2:0x00000170  x2=0x00000160
      656235000	     32710	80009e8e	07b2	c.slli	x15,0xc	 x15:0x00000000 x15=0x00000000
      656255000	     32711	80009e90	01f26733	or	x14,x4,x31	  x4:0xffc00450 x31:0x80025ce4 x14=0xffc25cf4
      656395000	     32718	80009e94	80516b13	ori	x22,x2,-2043	  x2:0x00000160 x22=0xfffff965
      656415000	     32719	80009e98	8691	c.srai	x13,0x4	 x13:0x00006000 x13=0x00000600
      656435000	     32720	80009e9a	0b84	c.addi4spn	x9,x2,464	  x9=0x00000330
      656595000	     32728	80009e9c	057f0363	beq	x30,x23,80009ee2	 x30:0xfaeb9c08 x23:0x00000000
      656635000	     32730	80009ea0	02f8b933	mulhu	x18,x17,x15	 x17:0x80025ce4 x15:0x00000000 x18=0x00000000
      657035000	     32750	80009ea4	49914313	xori	x6,x2,1177	  x2:0x00000160  x6=0x000005f9
      657055000	     32751	80009ea8	8f46	c.mv	x30,x17	  x0:0x00000000 x17:0x80025ce4 x30=0x80025ce4
      657115000	     32754	80009eaa	020f8533	mul	x10,x31,x0	 x31:0x80025ce4  x0:0x00000000 x10=0x00000000
      657295000	     32763	80009eae	00783a33	sltu	x20,x16,x7	 x16:0xfff89c87  x7:0xfaeb9c09 x20=0x00000000
      658035000	     32800	80009eb2	028eee33	rem	x28,x29,x8	 x29:0x00000000  x8:0x00000001 x28=0x00000000
      658055000	     32801	80009eb6	01d45933	srl	x18,x8,x29	  x8:0x00000001 x29:0x00000000 x18=0x00000001
      658075000	     32802	80009eba	b84b0113	addi	x2,x22,-1148	 x22:0xfffff965  x2=0xfffff4e9
      658095000	     32803	80009ebe	0000100f	fence.i	
      658655000	     32831	80009ec2	00521c13	slli	x24,x4,0x5	  x4:0xffc00450 x24=0xf8008a00
      658675000	     32832	80009ec6	018e7a33	and	x20,x28,x24	 x28:0x00000000 x24:0xf8008a00 x20=0x00000000
      658735000	     32835	80009eca	a3550b13	addi	x22,x10,-1483	 x10:0x00000000 x22=0xfffffa35
      658755000	     32836	80009ece	0001	c.addi	x0,0	  x0:0x00000000  x0=0x00000000
      659595000	     32878	80009ed0	03a8d4b3	divu	x9,x17,x26	 x17:0x80025ce4 x26:0x80025ce4  x9=0x00000001
      659615000	     32879	80009ed4	209bfd93	andi	x27,x23,521	 x23:0x00000000 x27=0x00000000
      659655000	     32881	80009ed8	03de6eb3	rem	x29,x28,x29	 x28:0x00000000 x29:0x00000000 x29=0x00000000
      659675000	     32882	80009edc	ffbf8513	addi	x10,x31,-5	 x31:0x80025ce4 x10=0x80025cdf
      659695000	     32883	80009ee0	8fb5	c.xor	x15,x13	 x15:0x00000000 x13:0x00000600 x15=0x00000600
      659715000	     32884	80009ee2	611f5197	auipc	x3,0x611f5	  x3=0xe11feee2
      659735000	     32885	80009ee6	717d	c.addi16sp	x2,-16	  x2:0xfffff4e9  x2=0xfffff4d9
      659935000	     32895	80009ee8	0009b833	sltu	x16,x19,x0	 x19:0x80021e0c  x0:0x00000000 x16=0x00000000
      659955000	     32896	80009eec	448de413	ori	x8,x27,1096	 x27:0x00000000  x8=0x00000448
      659975000	     32897	80009ef0	26882713	slti	x14,x16,616	 x16:0x00000000 x14=0x00000001
      660335000	     32915	80009ef4	84a1	c.srai	x9,0x8	  x9:0x00000001  x9=0x00000000
      660355000	     32916	80009ef6	001f5f93	srli	x31,x30,0x1	 x30:0x80025ce4 x31=0x40012e72
      660375000	     32917	80009efa	8e75	c.and	x12,x13	 x12:0x00006000 x13:0x00000600 x12=0x00000000
      660435000	     32920	80009efc	adf6b493	sltiu	x9,x13,-1313	 x13:0x00000600  x9=0x00000001
      660455000	     32921	80009f00	00476d63	bltu	x14,x4,80009f1a	 x14:0x00000001  x4:0xffc00450
      660555000	     32926	80009f1a	00bde5b3	or	x11,x27,x11	 x27:0x00000000 x11:0x00000000 x11=0x00000000
      660875000	     32942	80009f1e	00429613	slli	x12,x5,0x4	  x5:0x00000000 x12=0x00000000
      660895000	     32943	80009f22	01e21813	slli	x16,x4,0x1e	  x4:0xffc00450 x16=0x00000000
      661015000	     32949	80009f26	036d7263	bgeu	x26,x22,80009f4a	 x26:0x80025ce4 x22:0xfffffa35
      661035000	     32950	80009f2a	8321	c.srli	x14,0x8	 x14:0x00000001 x14=0x00000000
      661075000	     32952	80009f2c	8765	c.srai	x14,0x19	 x14:0x00000000 x14=0x00000000
      661475000	     32972	80009f2e	02aa8063	beq	x21,x10,80009f4e	 x21:0x00000000 x10:0x80025cdf
      662335000	     33015	80009f32	02fdfab3	remu	x21,x27,x15	 x27:0x00000000 x15:0x00000600 x21=0x00000000
      663075000	     33052	80009f36	0385dcb3	divu	x25,x11,x24	 x11:0x00000000 x24:0xf8008a00 x25=0x00000000
      663095000	     33053	80009f3a	001c3eb3	sltu	x29,x24,x1	 x24:0xf8008a00  x1:0x00200087 x29=0x00000000
      663115000	     33054	80009f3e	41ce8a33	sub	x20,x29,x28	 x29:0x00000000 x28:0x00000000 x20=0x00000000
      663135000	     33055	80009f42	007b57b3	srl	x15,x22,x7	 x22:0xfffffa35  x7:0xfaeb9c09 x15=0x007ffffd
      663155000	     33056	80009f46	54570413	addi	x8,x14,1349	 x14:0x00000000  x8=0x00000545
      663175000	     33057	80009f4a	003c4663	blt	x24,x3,80009f56	 x24:0xf8008a00  x3:0xe11feee2
      663195000	     33058	80009f4e	0098	c.addi4spn	x14,x2,64	 x14=0xfffff519
      663215000	     33059	80009f50	0ff0000f	fence	iorw,iorw	
      663235000	     33060	80009f54	6165	c.addi16sp	x2,112	  x2:0xfffff4d9  x2=0xfffff549
      663255000	     33061	80009f56	01daf7b3	and	x15,x21,x29	 x21:0x00000000 x29:0x00000000 x15=0x00000000
      663275000	     33062	80009f5a	00dce5b3	or	x11,x25,x13	 x25:0x00000000 x13:0x00000600 x11=0x00000600
      663295000	     33063	80009f5e	ba1bb337	lui	x6,0xba1bb	  x6=0xba1bb000
      663375000	     33067	80009f62	9822a013	slti	x0,x5,-1662	  x5:0x00000000  x0=0x00000000
      663935000	     33095	80009f66	c9ad6237	lui	x4,0xc9ad6	  x4=0xc9ad6000
      663955000	     33096	80009f6a	03b4f063	bgeu	x9,x27,80009f8a	  x9:0x00000001 x27:0x00000000
      664475000	     33122	80009f8a	95e96e93	ori	x29,x18,-1698	 x18:0x00000001 x29=0xfffff95f
      664495000	     33123	80009f8e	01b582b3	add	x5,x11,x27	 x11:0x00000600 x27:0x00000000  x5=0x00000600
      664515000	     33124	80009f92	ce19	c.beqz	x12,80009fb0	 x12:0x00000000
      664995000	     33148	80009fb0	0001	c.addi	x0,0	  x0:0x00000000  x0=0x00000000
      665015000	     33149	80009fb2	010351b3	srl	x3,x6,x16	  x6:0xba1bb000 x16:0x00000000  x3=0xba1bb000
      665095000	     33153	80009fb6	03758133	mul	x2,x11,x23	 x11:0x00000600 x23:0x00000000  x2=0x00000000
      665995000	     33198	80009fba	03edc133	div	x2,x27,x30	 x27:0x00000000 x30:0x80025ce4  x2=0x00000000
      666015000	     33199	80009fbe	032a01b3	mul	x3,x20,x18	 x20:0x00000000 x18:0x00000001  x3=0x00000000
      666035000	     33200	80009fc2	8821	c.andi	x8,8	  x8:0x00000545  x8=0x00000000
      666055000	     33201	80009fc4	01e7d263	bge	x15,x30,80009fc8	 x15:0x00000000 x30:0x80025ce4
      666095000	     33203	80009fc8	6139	c.addi16sp	x2,448	  x2:0x00000000  x2=0x000001c0
      666115000	     33204	80009fca	00587c33	and	x24,x16,x5	 x16:0x00000000  x5:0x00000600 x24=0x00000000
      666135000	     33205	80009fce	0001	c.addi	x0,0	  x0:0x00000000  x0=0x00000000
      666155000	     33206	80009fd0	8e4d	c.or	x12,x11	 x12:0x00000000 x11:0x00000600 x12=0x00000600
      666175000	     33207	80009fd2	61bd	c.lui	x3,0xf	  x3=0x0000f000
      666195000	     33208	80009fd4	8cad	c.xor	x9,x11	  x9:0x00000001 x11:0x00000600  x9=0x00000601
      666695000	     33233	80009fd6	0000100f	fence.i	
      667295000	     33263	80009fda	33004593	xori	x11,x0,816	  x0:0x00000000 x11=0x00000330
      667335000	     33265	80009fde	0ff0000f	fence	iorw,iorw	
      667355000	     33266	80009fe2	8ec9	c.or	x13,x10	 x13:0x00000600 x10:0x80025cdf x13=0x80025edf
      667395000	     33268	80009fe4	035c3ab3	mulhu	x21,x24,x21	 x24:0x00000000 x21:0x00000000 x21=0x00000000
      667415000	     33269	80009fe8	018e5b33	srl	x22,x28,x24	 x28:0x00000000 x24:0x00000000 x22=0x00000000
      667435000	     33270	80009fec	029f1663	bne	x30,x9,8000a018	 x30:0x80025ce4  x9:0x00000601
      668735000	     33335	8000a018	03acddb3	divu	x27,x25,x26	 x25:0x00000000 x26:0x80025ce4 x27=0x00000000
      668755000	     33336	8000a01c	0ff0000f	fence	iorw,iorw	
      668775000	     33337	8000a020	e82bc813	xori	x16,x23,-382	 x23:0x00000000 x16=0xfffffe82
      668795000	     33338	8000a024	15fd	c.addi	x11,-1	 x11:0x00000330 x11=0x0000032f
      668815000	     33339	8000a026	45b9	c.li	x11,14	 x11=0x0000000e
      668835000	     33340	8000a028	8cc9	c.or	x9,x10	  x9:0x00000601 x10:0x80025cdf  x9=0x80025edf
      668855000	     33341	8000a02a	015c6bb3	or	x23,x24,x21	 x24:0x00000000 x21:0x00000000 x23=0x00000000
      668875000	     33342	8000a02e	02f04b63	blt	x0,x15,8000a064	  x0:0x00000000 x15:0x00000000
      669295000	     33363	8000a032	472e8193	addi	x3,x29,1138	 x29:0xfffff95f  x3=0xfffffdd1
      669335000	     33365	8000a036	00d715b3	sll	x11,x14,x13	 x14:0xfffff519 x13:0x80025edf x11=0x80000000
      669355000	     33366	8000a03a	01359e33	sll	x28,x11,x19	 x11:0x80000000 x19:0x80021e0c x28=0x00000000
      669375000	     33367	8000a03e	0001	c.addi	x0,0	  x0:0x00000000  x0=0x00000000
      669775000	     33387	8000a040	4409	c.li	x8,2	  x8=0x00000002
      669795000	     33388	8000a042	00b576b3	and	x13,x10,x11	 x10:0x80025cdf x11:0x80000000 x13=0x80000000
      670535000	     33425	8000a046	0309ecb3	rem	x25,x19,x16	 x19:0x80021e0c x16:0xfffffe82 x25=0xfffffefa
      670555000	     33426	8000a04a	8e75	c.and	x12,x13	 x12:0x00000600 x13:0x80000000 x12=0x00000000
      670575000	     33427	8000a04c	02ca	c.slli	x5,0x12	  x5:0x00000600  x5=0x18000000
      671315000	     33464	8000a04e	02e66633	rem	x12,x12,x14	 x12:0x00000000 x14:0xfffff519 x12=0x00000000
      671335000	     33465	8000a052	87c5	c.srai	x15,0x11	 x15:0x00000000 x15=0x00000000
      671355000	     33466	8000a054	01574663	blt	x14,x21,8000a060	 x14:0xfffff519 x21:0x00000000
      671715000	     33484	8000a060	00f1d813	srli	x16,x3,0xf	  x3:0xfffffdd1 x16=0x0001ffff
      671735000	     33485	8000a064	0ff0000f	fence	iorw,iorw	
      671755000	     33486	8000a068	0549	c.addi	x10,18	 x10:0x80025cdf x10=0x80025cf1
      671955000	     33496	8000a06a	002607b3	add	x15,x12,x2	 x12:0x00000000  x2:0x000001c0 x15=0x000001c0
      671975000	     33497	8000a06e	5a7d	c.li	x20,-1	 x20=0xffffffff
      671995000	     33498	8000a070	00bcbeb3	sltu	x29,x25,x11	 x25:0xfffffefa x11:0x80000000 x29=0x00000000
      672035000	     33500	8000a074	8d1d	c.sub	x10,x15	 x10:0x80025cf1 x15:0x000001c0 x10=0x80025b31
      672055000	     33501	8000a076	81dd	c.srli	x11,0x17	 x11:0x80000000 x11=0x00000100
      672075000	     33502	8000a078	8a8bb6b7	lui	x13,0x8a8bb	 x13=0x8a8bb000
      672115000	     33504	8000a07c	0ff0000f	fence	iorw,iorw	
      672535000	     33525	8000a080	03bac017	auipc	x0,0x3bac	  x0=0x00000000
      672555000	     33526	8000a084	00256863	bltu	x10,x2,8000a094	 x10:0x80025b31  x2:0x000001c0
      673315000	     33564	8000a088	02e4c033	div	x0,x9,x14	  x9:0x80025edf x14:0xfffff519  x0=0x00000000
      673335000	     33565	8000a08c	019f72b3	and	x5,x30,x25	 x30:0x80025ce4 x25:0xfffffefa  x5=0x80025ce0
      673355000	     33566	8000a090	0001	c.addi	x0,0	  x0:0x00000000  x0=0x00000000
      673375000	     33567	8000a092	957e	c.add	x10,x31	 x10:0x80025b31 x31:0x40012e72 x10=0xc00389a3
      673395000	     33568	8000a094	01acf263	bgeu	x25,x26,8000a098	 x25:0xfffffefa x26:0x80025ce4
      674155000	     33606	8000a098	021641b3	div	x3,x12,x1	 x12:0x00000000  x1:0x00200087  x3=0x00000000
      674175000	     33607	8000a09c	03fe8833	mul	x16,x29,x31	 x29:0x00000000 x31:0x40012e72 x16=0x00000000
      674195000	     33608	8000a0a0	857d	c.srai	x10,0x1f	 x10:0xc00389a3 x10=0xffffffff
      674215000	     33609	8000a0a2	018667b3	or	x15,x12,x24	 x12:0x00000000 x24:0x00000000 x15=0x00000000
      674235000	     33610	8000a0a6	7f262c13	slti	x24,x12,2034	 x12:0x00000000 x24=0x00000001
      674255000	     33611	8000a0aa	eceb7313	andi	x6,x22,-306	 x22:0x00000000  x6=0x00000000
      674595000	     33628	8000a0ae	000adc63	bge	x21,x0,8000a0c6	 x21:0x00000000  x0:0x00000000
      675775000	     33687	8000a0c6	00e3d333	srl	x6,x7,x14	  x7:0xfaeb9c09 x14:0xfffff519  x6=0x0000007d
      676195000	     33708	8000a0ca	00790f63	beq	x18,x7,8000a0e8	 x18:0x00000001  x7:0xfaeb9c09
      676235000	     33710	8000a0ce	03c2e533	rem	x10,x5,x28	  x5:0x80025ce0 x28:0x00000000 x10=0x80025ce0
      676255000	     33711	8000a0d2	01c55763	bge	x10,x28,8000a0e0	 x10:0x80025ce0 x28:0x00000000
      676275000	     33712	8000a0d6	87d5	c.srai	x15,0x15	 x15:0x00000000 x15=0x00000000
      676655000	     33731	8000a0d8	1200	c.addi4spn	x8,x2,288	  x8=0x000002e0
      676675000	     33732	8000a0da	0001	c.addi	x0,0	  x0:0x00000000  x0=0x00000000
      676695000	     33733	8000a0dc	0001	c.addi	x0,0	  x0:0x00000000  x0=0x00000000
      676715000	     33734	8000a0de	0001	c.addi	x0,0	  x0:0x00000000  x0=0x00000000
      676735000	     33735	8000a0e0	007f5e33	srl	x28,x30,x7	 x30:0x80025ce4  x7:0xfaeb9c09 x28=0x0040012e
      676915000	     33744	8000a0e4	00554663	blt	x10,x5,8000a0f0	 x10:0x80025ce0  x5:0x80025ce0
      677075000	     33752	8000a0e8	00b98463	beq	x19,x11,8000a0f0	 x19:0x80021e0c x11:0x00000100
      677095000	     33753	8000a0ec	26837493	andi	x9,x6,616	  x6:0x0000007d  x9=0x00000068
      677215000	     33759	8000a0f0	809d	c.srli	x9,0x7	  x9:0x00000068  x9=0x00000000
      677235000	     33760	8000a0f2	01dd1cb3	sll	x25,x26,x29	 x26:0x80025ce4 x29:0x00000000 x25=0x80025ce4
      677255000	     33761	8000a0f6	06da	c.slli	x13,0x16	 x13:0x8a8bb000 x13=0x00000000
      677395000	     33768	8000a0f8	8a52	c.mv	x20,x20	  x0:0x00000000 x20:0xffffffff x20=0xffffffff
      677415000	     33769	8000a0fa	b29b85b7	lui	x11,0xb29b8	 x11=0xb29b8000
      678195000	     33808	8000a0fe	0272e8b3	rem	x17,x5,x7	  x5:0x80025ce0  x7:0xfaeb9c09 x17=0xff001fff
      684715000	     34134	8000a102	81422893	slti	x17,x4,-2028	  x4:0xc9ad6000 x17=0x00000001
      684735000	     34135	8000a106	8d29	c.xor	x10,x10	 x10:0x80025ce0 x10:0x80025ce0 x10=0x00000000
      684755000	     34136	8000a108	0e91	c.addi	x29,4	 x29:0x00000000 x29=0x00000004
      684775000	     34137	8000a10a	0000100f	fence.i	
      686255000	     34211	8000a10e	032c6db3	rem	x27,x24,x18	 x24:0x00000001 x18:0x00000001 x27=0x00000000
      686275000	     34212	8000a112	03916263	bltu	x2,x25,8000a136	  x2:0x000001c0 x25:0x80025ce4
      686535000	     34225	8000a136	0ff0000f	fence	iorw,iorw	
      686575000	     34227	8000a13a	012bde63	bge	x23,x18,8000a156	 x23:0x00000000 x18:0x00000001
      686595000	     34228	8000a13e	8f85	c.sub	x15,x9	 x15:0x00000000  x9:0x00000000 x15=0x00000000
      686615000	     34229	8000a140	00c264b3	or	x9,x4,x12	  x4:0xc9ad6000 x12:0x00000000  x9=0xc9ad6000
      686835000	     34240	8000a144	31b9be93	sltiu	x29,x19,795	 x19:0x80021e0c x29=0x00000000
      686915000	     34244	8000a148	d898ff13	andi	x30,x17,-631	 x17:0x00000001 x30=0x00000001
      687315000	     34264	8000a14c	00c01433	sll	x8,x0,x12	  x0:0x00000000 x12:0x00000000  x8=0x00000000
      688055000	     34301	8000a150	0211c533	div	x10,x3,x1	  x3:0x00000000  x1:0x00200087 x10=0x00000000
      688075000	     34302	8000a154	81e1	c.srli	x11,0x18	 x11:0xb29b8000 x11=0x000000b2
      688095000	     34303	8000a156	03268333	mul	x6,x13,x18	 x13:0x00000000 x18:0x00000001  x6=0x00000000
      688115000	     34304	8000a15a	80bd	c.srli	x9,0xf	  x9:0xc9ad6000  x9=0x0001935a
      688135000	     34305	8000a15c	51fd	c.li	x3,-1	  x3=0xffffffff
      688155000	     34306	8000a15e	00314263	blt	x2,x3,8000a162	  x2:0x000001c0  x3:0xffffffff
      688175000	     34307	8000a162	9b7d	c.andi	x14,-1	 x14:0xfffff519 x14=0xfffff519
      688195000	     34308	8000a164	83d9	c.srli	x15,0x16	 x15:0x00000000 x15=0x00000000
      688215000	     34309	8000a166	8d89	c.sub	x11,x10	 x11:0x000000b2 x10:0x00000000 x11=0x000000b2
      688235000	     34310	8000a168	02de9063	bne	x29,x13,8000a188	 x29:0x00000000 x13:0x00000000
      688335000	     34315	8000a16c	419858b3	sra	x17,x16,x25	 x16:0x00000000 x25:0x80025ce4 x17=0x00000000
      688515000	     34324	8000a170	00f95633	srl	x12,x18,x15	 x18:0x00000001 x15:0x00000000 x12=0x00000001
      688775000	     34337	8000a174	02c53f33	mulhu	x30,x10,x12	 x10:0x00000000 x12:0x00000001 x30=0x00000000
      689515000	     34374	8000a178	027c6033	rem	x0,x24,x7	 x24:0x00000001  x7:0xfaeb9c09  x0=0x00000000
      689535000	     34375	8000a17c	0ea00213	addi	x4,x0,234	  x0:0x00000000  x4=0x000000ea
      689575000	     34377	8000a180	028b22b3	mulhsu	x5,x22,x8	 x22:0x00000000  x8:0x00000000  x5=0x00000000
      689615000	     34379	8000a184	02191c33	mulh	x24,x18,x1	 x18:0x00000001  x1:0x00200087 x24=0x00000000
      689635000	     34380	8000a188	8cf9	c.and	x9,x14	  x9:0x0001935a x14:0xfffff519  x9=0x00019118
      689675000	     34382	8000a18a	03891733	mulh	x14,x18,x24	 x18:0x00000001 x24:0x00000000 x14=0x00000000
      689695000	     34383	8000a18e	08d2	c.slli	x17,0x14	 x17:0x00000000 x17=0x00000000
      689855000	     34391	8000a190	6cd1	c.lui	x25,0x14	 x25=0x00014000
      689875000	     34392	8000a192	8711	c.srai	x14,0x4	 x14:0x00000000 x14=0x00000000
      690095000	     34403	8000a194	01fc0a63	beq	x24,x31,8000a1a8	 x24:0x00000000 x31:0x40012e72
      690355000	     34416	8000a198	11fd	c.addi	x3,-1	  x3:0xffffffff  x3=0xfffffffe
      690375000	     34417	8000a19a	00bea933	slt	x18,x29,x11	 x29:0x00000000 x11:0x000000b2 x18=0x00000001
      690495000	     34423	8000a19e	03993433	mulhu	x8,x18,x25	 x18:0x00000001 x25:0x00014000  x8=0x00000000
      690515000	     34424	8000a1a2	0133e933	or	x18,x7,x19	  x7:0xfaeb9c09 x19:0x80021e0c x18=0xfaeb9e0d
      690535000	     34425	8000a1a6	0001	c.addi	x0,0	  x0:0x00000000  x0=0x00000000
      690675000	     34432	8000a1a8	00386a33	or	x20,x16,x3	 x16:0x00000000  x3:0xfffffffe x20=0xfffffffe
      690915000	     34444	8000a1ac	67f5	c.lui	x15,0x1d	 x15=0x0001d000
      690935000	     34445	8000a1ae	dd806813	ori	x16,x0,-552	  x0:0x00000000 x16=0xfffffdd8
      690955000	     34446	8000a1b2	05fa	c.slli	x11,0x1e	 x11:0x000000b2 x11=0x80000000
      690975000	     34447	8000a1b4	28befc13	andi	x24,x29,651	 x29:0x00000000 x24=0x00000000
      691375000	     34467	8000a1b8	8e2e	c.mv	x28,x11	  x0:0x00000000 x11:0x80000000 x28=0x80000000
      691395000	     34468	8000a1ba	c985	c.beqz	x11,8000a1ea	 x11:0x80000000
      691415000	     34469	8000a1bc	0001	c.addi	x0,0	  x0:0x00000000  x0=0x00000000
      692295000	     34513	8000a1be	02ca5ab3	divu	x21,x20,x12	 x20:0xfffffffe x12:0x00000001 x21=0xfffffffe
      692315000	     34514	8000a1c2	0ff0000f	fence	iorw,iorw	
      692355000	     34516	8000a1c6	02e077b3	remu	x15,x0,x14	  x0:0x00000000 x14:0x00000000 x15=0x00000000
      692375000	     34517	8000a1ca	8e5a	c.mv	x28,x22	  x0:0x00000000 x22:0x00000000 x28=0x00000000
      692395000	     34518	8000a1cc	e089	c.bnez	x9,8000a1ce	  x9:0x00019118
      692755000	     34536	8000a1ce	034b8463	beq	x23,x20,8000a1f6	 x23:0x00000000 x20:0xfffffffe
      692775000	     34537	8000a1d2	54096113	ori	x2,x18,1344	 x18:0xfaeb9e0d  x2=0xfaeb9f4d
      692955000	     34546	8000a1d6	0000100f	fence.i	
      693735000	     34585	8000a1da	4138da93	srai	x21,x17,0x13	 x17:0x00000000 x21=0x00000000
      693755000	     34586	8000a1de	40f2da33	sra	x20,x5,x15	  x5:0x00000000 x15:0x00000000 x20=0x00000000
      693835000	     34590	8000a1e2	0ff0000f	fence	iorw,iorw	
      693875000	     34592	8000a1e6	0343cdb3	div	x27,x7,x20	  x7:0xfaeb9c09 x20:0x00000000 x27=0xffffffff
      693895000	     34593	8000a1ea	005a68b3	or	x17,x20,x5	 x20:0x00000000  x5:0x00000000 x17=0x00000000
      693955000	     34596	8000a1ee	c7a3e493	ori	x9,x7,-902	  x7:0xfaeb9c09  x9=0xfffffc7b
      693975000	     34597	8000a1f2	41d4deb3	sra	x29,x9,x29	  x9:0xfffffc7b x29:0x00000000 x29=0xfffffc7b
      694015000	     34599	8000a1f6	026db033	mulhu	x0,x27,x6	 x27:0xffffffff  x6:0x00000000  x0=0x00000000
      694035000	     34600	8000a1fa	0135dfb3	srl	x31,x11,x19	 x11:0x80000000 x19:0x80021e0c x31=0x00080000
      694115000	     34604	8000a1fe	02e93ab3	mulhu	x21,x18,x14	 x18:0xfaeb9e0d x14:0x00000000 x21=0x00000000
      694135000	     34605	8000a202	0c188317	auipc	x6,0xc188	  x6=0x8c192202
      694175000	     34607	8000a206	0269b533	mulhu	x10,x19,x6	 x19:0x80021e0c  x6:0x8c192202 x10=0x460db9a4
      694195000	     34608	8000a20a	0000100f	fence.i	
      694475000	     34622	8000a20e	8e8d	c.sub	x13,x11	 x13:0x00000000 x11:0x80000000 x13=0x80000000
      694595000	     34628	8000a210	02168db3	mul	x27,x13,x1	 x13:0x80000000  x1:0x00200087 x27=0x80000000
      694615000	     34629	8000a214	6159	c.addi16sp	x2,400	  x2:0xfaeb9f4d  x2=0xfaeba0dd
      694635000	     34630	8000a216	e409	c.bnez	x8,8000a220	  x8:0x00000000
      694655000	     34631	8000a218	5c7d	c.li	x24,-1	 x24=0xffffffff
      694675000	     34632	8000a21a	8c75	c.and	x8,x13	  x8:0x00000000 x13:0x80000000  x8=0x00000000
      694695000	     34633	8000a21c	058e	c.slli	x11,0x3	 x11:0x80000000 x11=0x00000000
      694715000	     34634	8000a21e	0b1a	c.slli	x22,0x6	 x22:0x00000000 x22=0x00000000
      694795000	     34638	8000a220	009b6663	bltu	x22,x9,8000a22c	 x22:0x00000000  x9:0xfffffc7b
      695175000	     34657	8000a22c	032e0033	mul	x0,x28,x18	 x28:0x00000000 x18:0xfaeb9e0d  x0=0x00000000
      695195000	     34658	8000a230	0b6e	c.slli	x22,0x1b	 x22:0x00000000 x22=0x00000000
      695215000	     34659	8000a232	e90d	c.bnez	x10,8000a264	 x10:0x460db9a4
      695275000	     34662	8000a264	03e4c033	div	x0,x9,x30	  x9:0xfffffc7b x30:0x00000000  x0=0x00000000
      695295000	     34663	8000a268	8d11	c.sub	x10,x12	 x10:0x460db9a4 x12:0x00000001 x10=0x460db9a3
      695335000	     34665	8000a26a	01ca02b3	add	x5,x20,x28	 x20:0x00000000 x28:0x00000000  x5=0x00000000
      695955000	     34696	8000a26e	00f46263	bltu	x8,x15,8000a272	  x8:0x00000000 x15:0x00000000
      695975000	     34697	8000a272	8f11	c.sub	x14,x12	 x14:0x00000000 x12:0x00000001 x14=0xffffffff
      696015000	     34699	8000a274	03d62033	mulhsu	x0,x12,x29	 x12:0x00000001 x29:0xfffffc7b  x0=0x00000000
      696035000	     34700	8000a278	8d4d	c.or	x10,x11	 x10:0x460db9a3 x11:0x00000000 x10=0x460db9a3
      696775000	     34737	8000a27a	03f5e0b3	rem	x1,x11,x31	 x11:0x00000000 x31:0x00080000  x1=0x00000000
      696795000	     34738	8000a27e	01cba333	slt	x6,x23,x28	 x23:0x00000000 x28:0x00000000  x6=0x00000000
      696815000	     34739	8000a282	00ccf8b3	and	x17,x25,x12	 x25:0x00014000 x12:0x00000001 x17=0x00000000
      696835000	     34740	8000a286	eb7fb293	sltiu	x5,x31,-329	 x31:0x00080000  x5=0x00000001
      696855000	     34741	8000a28a	0000100f	fence.i	
      697395000	     34768	8000a28e	e8443e13	sltiu	x28,x8,-380	  x8:0x00000000 x28=0x00000001
      697415000	     34769	8000a292	ee34be13	sltiu	x28,x9,-285	  x9:0xfffffc7b x28=0x00000001
      697435000	     34770	8000a296	83fd	c.srli	x15,0x1f	 x15:0x00000000 x15=0x00000000
      698175000	     34807	8000a298	03ba7c33	remu	x24,x20,x27	 x20:0x00000000 x27:0x80000000 x24=0x00000000
      698195000	     34808	8000a29c	79563c93	sltiu	x25,x12,1941	 x12:0x00000001 x25=0x00000001
      698215000	     34809	8000a2a0	bdcdeb93	ori	x23,x27,-1060	 x27:0x80000000 x23=0xfffffbdc
      698235000	     34810	8000a2a4	f24d9db7	lui	x27,0xf24d9	 x27=0xf24d9000
      698255000	     34811	8000a2a8	80a5	c.srli	x9,0x9	  x9:0xfffffc7b  x9=0x007ffffe
      698275000	     34812	8000a2aa	0ff0000f	fence	iorw,iorw	
      698715000	     34834	8000a2ae	9731e013	ori	x0,x3,-1677	  x3:0xfffffffe  x0=0x00000000
      698835000	     34840	8000a2b2	01841463	bne	x8,x24,8000a2ba	  x8:0x00000000 x24:0x00000000
      698855000	     34841	8000a2b6	7d1b6613	ori	x12,x22,2001	 x22:0x00000000 x12=0x000007d1
      699295000	     34863	8000a2ba	02ad2bb3	mulhsu	x23,x26,x10	 x26:0x80025ce4 x10:0x460db9a3 x23=0xdcf9c8b5
      699595000	     34878	8000a2be	0013ce33	xor	x28,x7,x1	  x7:0xfaeb9c09  x1:0x00000000 x28=0xfaeb9c09
      699615000	     34879	8000a2c2	f4cf9c17	auipc	x24,0xf4cf9	 x24=0x74d032c2
      699635000	     34880	8000a2c6	009dc7b3	xor	x15,x27,x9	 x27:0xf24d9000  x9:0x007ffffe x15=0xf2326ffe
      699655000	     34881	8000a2ca	c885	c.beqz	x9,8000a2fa	  x9:0x007ffffe
      699715000	     34884	8000a2cc	041f4163	blt	x30,x1,8000a30e	 x30:0x00000000  x1:0x00000000
      699735000	     34885	8000a2d0	9fe76c13	ori	x24,x14,-1538	 x14:0xffffffff x24=0xffffffff
      699755000	     34886	8000a2d4	015745b3	xor	x11,x14,x21	 x14:0xffffffff x21:0x00000000 x11=0xffffffff
      699775000	     34887	8000a2d8	8099	c.srli	x9,0x6	  x9:0x007ffffe  x9=0x0001ffff
      699795000	     34888	8000a2da	8d55	c.or	x10,x13	 x10:0x460db9a3 x13:0x80000000 x10=0xc60db9a3
      699955000	     34896	8000a2dc	03585833	divu	x16,x16,x21	 x16:0xfffffdd8 x21:0x00000000 x16=0xffffffff
      699995000	     34898	8000a2e0	027acf63	blt	x21,x7,8000a31e	 x21:0x00000000  x7:0xfaeb9c09
      700015000	     34899	8000a2e4	1f107d93	andi	x27,x0,497	  x0:0x00000000 x27=0x00000000
      700035000	     34900	8000a2e8	010ba1b3	slt	x3,x23,x16	 x23:0xdcf9c8b5 x16:0xffffffff  x3=0x00000001
      700355000	     34916	8000a2ec	ed19	c.bnez	x10,8000a30a	 x10:0xc60db9a3
      700775000	     34937	8000a30a	00459c13	slli	x24,x11,0x4	 x11:0xffffffff x24=0xfffffff0
      701035000	     34950	8000a30e	03bbc763	blt	x23,x27,8000a33c	 x23:0xdcf9c8b5 x27:0x00000000
      701915000	     34994	8000a33c	6ae38e13	addi	x28,x7,1710	  x7:0xfaeb9c09 x28=0xfaeba2b7
      702335000	     35015	8000a340	6159	c.addi16sp	x2,400	  x2:0xfaeba0dd  x2=0xfaeba26d
      702355000	     35016	8000a342	9afd	c.andi	x13,-1	 x13:0x80000000 x13=0x80000000
      702575000	     35027	8000a344	0fba	c.slli	x31,0xe	 x31:0x00080000 x31=0x00000000
      702595000	     35028	8000a346	82fd	c.srli	x13,0x1f	 x13:0x80000000 x13=0x00000001
      702615000	     35029	8000a348	011cd793	srli	x15,x25,0x11	 x25:0x00000001 x15=0x00000000
      702635000	     35030	8000a34c	4097d633	sra	x12,x15,x9	 x15:0x00000000  x9:0x0001ffff x12=0x00000000
      702655000	     35031	8000a350	8fc5	c.or	x15,x9	 x15:0x00000000  x9:0x0001ffff x15=0x0001ffff
      702755000	     35036	8000a352	03338533	mul	x10,x7,x19	  x7:0xfaeb9c09 x19:0x80021e0c x10=0x17665e6c
      703895000	     35093	8000a356	02de4833	div	x16,x28,x13	 x28:0xfaeba2b7 x13:0x00000001 x16=0xfaeba2b7
      703915000	     35094	8000a35a	8025	c.srli	x8,0x9	  x8:0x00000000  x8=0x00000000
      703935000	     35095	8000a35c	8c0d	c.sub	x8,x11	  x8:0x00000000 x11:0xffffffff  x8=0x00000001
      703975000	     35097	8000a35e	02afa433	mulhsu	x8,x31,x10	 x31:0x00000000 x10:0x17665e6c  x8=0x00000000
      703995000	     35098	8000a362	1e7d	c.addi	x28,-1	 x28:0xfaeba2b7 x28=0xfaeba2b6
      704015000	     35099	8000a364	01d04d63	blt	x0,x29,8000a37e	  x0:0x00000000 x29:0xfffffc7b
      704035000	     35100	8000a368	005415b3	sll	x11,x8,x5	  x8:0x00000000  x5:0x00000001 x11=0x00000000
      704055000	     35101	8000a36c	8bdd	c.andi	x15,23	 x15:0x0001ffff x15=0x00000017
      704075000	     35102	8000a36e	cc19	c.beqz	x8,8000a38c	  x8:0x00000000
      704135000	     35105	8000a38c	3a50f913	andi	x18,x1,933	  x1:0x00000000 x18=0x00000000
      704315000	     35114	8000a390	8441	c.srai	x8,0x10	  x8:0x00000000  x8=0x00000000
      704535000	     35125	8000a392	032db2b3	mulhu	x5,x27,x18	 x27:0x00000000 x18:0x00000000  x5=0x00000000
      704635000	     35130	8000a396	000e5893	srli	x17,x28,0x0	 x28:0xfaeba2b6 x17=0xfaeba2b6
      704655000	     35131	8000a39a	29e78b93	addi	x23,x15,670	 x15:0x00000017 x23=0x000002b5
      704675000	     35132	8000a39e	45d12093	slti	x1,x2,1117	  x2:0xfaeba26d  x1=0x00000001
      704975000	     35147	8000a3a2	034e4cb3	div	x25,x28,x20	 x28:0xfaeba2b6 x20:0x00000000 x25=0xffffffff
      705135000	     35155	8000a3a6	61814897	auipc	x17,0x61814	 x17=0xe181e3a6
      705435000	     35170	8000a3aa	9d722f93	slti	x31,x4,-1577	  x4:0x000000ea x31=0x00000000
      705475000	     35172	8000a3ae	02634233	div	x4,x6,x6	  x6:0x00000000  x6:0x00000000  x4=0xffffffff
      705495000	     35173	8000a3b2	ea19	c.bnez	x12,8000a3c8	 x12:0x00000000
      705835000	     35190	8000a3b4	02b3fe33	remu	x28,x7,x11	  x7:0xfaeb9c09 x11:0x00000000 x28=0xfaeb9c09
      705855000	     35191	8000a3b8	40148e33	sub	x28,x9,x1	  x9:0x0001ffff  x1:0x00000001 x28=0x0001fffe
      705875000	     35192	8000a3bc	00d87463	bgeu	x16,x13,8000a3c4	 x16:0xfaeba2b7 x13:0x00000001
      706395000	     35218	8000a3c4	8c09	c.sub	x8,x10	  x8:0x00000000 x10:0x17665e6c  x8=0xe899a194
      706415000	     35219	8000a3c6	8d95	c.sub	x11,x13	 x11:0x00000000 x13:0x00000001 x11=0xffffffff
      706535000	     35225	8000a3c8	6c89	c.lui	x25,0x2	 x25=0x00002000
      706555000	     35226	8000a3ca	8f45	c.or	x14,x9	 x14:0xffffffff  x9:0x0001ffff x14=0xffffffff
      706855000	     35241	8000a3cc	0d8c	c.addi4spn	x11,x2,720	 x11=0xfaeba53d
      706875000	     35242	8000a3ce	9b174a37	lui	x20,0x9b174	 x20=0x9b174000
      706895000	     35243	8000a3d2	17fd	c.addi	x15,-1	 x15:0x00000017 x15=0x00000016
      706915000	     35244	8000a3d4	673eae93	slti	x29,x29,1651	 x29:0xfffffc7b x29=0x00000001
      706955000	     35246	8000a3d8	00637fb3	and	x31,x6,x6	  x6:0x00000000  x6:0x00000000 x31=0x00000000
      706975000	     35247	8000a3dc	41f78433	sub	x8,x15,x31	 x15:0x00000016 x31:0x00000000  x8=0x00000016
      707295000	     35263	8000a3e0	81da	c.mv	x3,x22	  x0:0x00000000 x22:0x00000000  x3=0x00000000
      707315000	     35264	8000a3e2	8c2d	c.xor	x8,x11	  x8:0x00000016 x11:0xfaeba53d  x8=0xfaeba52b
      707335000	     35265	8000a3e4	147cea93	ori	x21,x25,327	 x25:0x00002000 x21=0x00002147
      707495000	     35273	8000a3e8	c589	c.beqz	x11,8000a3f2	 x11:0xfaeba53d
      707755000	     35286	8000a3ea	00046533	or	x10,x8,x0	  x8:0xfaeba52b  x0:0x00000000 x10=0xfaeba52b
      708495000	     35323	8000a3ee	03864233	div	x4,x12,x24	 x12:0x00000000 x24:0xfffffff0  x4=0x00000000
      708515000	     35324	8000a3f2	00522033	slt	x0,x4,x5	  x4:0x00000000  x5:0x00000000  x0=0x00000000
      708535000	     35325	8000a3f6	9a4e	c.add	x20,x19	 x20:0x9b174000 x19:0x80021e0c x20=0x1b195e0c
      708555000	     35326	8000a3f8	5ca6cc13	xori	x24,x13,1482	 x13:0x00000001 x24=0x000005cb
      708575000	     35327	8000a3fc	9f26af93	slti	x31,x13,-1550	 x13:0x00000001 x31=0x00000000
      708595000	     35328	8000a400	997d	c.andi	x10,-1	 x10:0xfaeba52b x10=0xfaeba52b
      708615000	     35329	8000a402	0000100f	fence.i	
      709215000	     35359	8000a406	039b16b3	mulh	x13,x22,x25	 x22:0x00000000 x25:0x00002000 x13=0x00000000
      709235000	     35360	8000a40a	41205633	sra	x12,x0,x18	  x0:0x00000000 x18:0x00000000 x12=0x00000000
      709275000	     35362	8000a40e	025a4eb3	div	x29,x20,x5	 x20:0x1b195e0c  x5:0x00000000 x29=0xffffffff
      709295000	     35363	8000a412	0000100f	fence.i	
      710455000	     35421	8000a416	022fe933	rem	x18,x31,x2	 x31:0x00000000  x2:0xfaeba26d x18=0x00000000
      710475000	     35422	8000a41a	03be1063	bne	x28,x27,8000a43a	 x28:0x0001fffe x27:0x00000000
      710975000	     35447	8000a43a	00899263	bne	x19,x8,8000a43e	 x19:0x80021e0c  x8:0xfaeba52b
      711735000	     35485	8000a43e	a8636093	ori	x1,x6,-1402	  x6:0x00000000  x1=0xfffffa86
      711775000	     35487	8000a442	03bdc7b3	div	x15,x27,x27	 x27:0x00000000 x27:0x00000000 x15=0xffffffff
      711795000	     35488	8000a446	9b7d	c.andi	x14,-1	 x14:0xffffffff x14=0xffffffff
      711815000	     35489	8000a448	8679	c.srai	x12,0x1e	 x12:0x00000000 x12=0x00000000
      712215000	     35509	8000a44a	02251333	mulh	x6,x10,x2	 x10:0xfaeba52b  x2:0xfaeba26d  x6=0x0019cd38
      712235000	     35510	8000a44e	8cc9	c.or	x9,x10	  x9:0x0001ffff x10:0xfaeba52b  x9=0xfaebffff
      712255000	     35511	8000a450	012950b3	srl	x1,x18,x18	 x18:0x00000000 x18:0x00000000  x1=0x00000000
      712295000	     35513	8000a454	0394c063	blt	x9,x25,8000a474	  x9:0xfaebffff x25:0x00002000
      712595000	     35528	8000a474	611d	c.addi16sp	x2,416	  x2:0xfaeba26d  x2=0xfaeba40d
      712635000	     35530	8000a476	02e1ac33	mulhsu	x24,x3,x14	  x3:0x00000000 x14:0xffffffff x24=0x00000000
      712655000	     35531	8000a47a	013d5833	srl	x16,x26,x19	 x26:0x80025ce4 x19:0x80021e0c x16=0x00080025
      712675000	     35532	8000a47e	0ff0000f	fence	iorw,iorw	
      712695000	     35533	8000a482	00feca33	xor	x20,x29,x15	 x29:0xffffffff x15:0xffffffff x20=0x00000000
      712815000	     35539	8000a486	00c077b3	and	x15,x0,x12	  x0:0x00000000 x12:0x00000000 x15=0x00000000
      712835000	     35540	8000a48a	8c31	c.xor	x8,x12	  x8:0xfaeba52b x12:0x00000000  x8=0xfaeba52b
      712875000	     35542	8000a48c	032ef433	remu	x8,x29,x18	 x29:0xffffffff x18:0x00000000  x8=0xffffffff
      713255000	     35561	8000a490	01a8b0b3	sltu	x1,x17,x26	 x17:0xe181e3a6 x26:0x80025ce4  x1=0x00000000
      713395000	     35568	8000a494	01f69ab3	sll	x21,x13,x31	 x13:0x00000000 x31:0x00000000 x21=0x00000000
      713595000	     35578	8000a498	0092	c.slli	x1,0x4	  x1:0x00000000  x1=0x00000000
      713935000	     35595	8000a49a	02f801b3	mul	x3,x16,x15	 x16:0x00080025 x15:0x00000000  x3=0x00000000
      713975000	     35597	8000a49e	03e41b33	mulh	x22,x8,x30	  x8:0xffffffff x30:0x00000000 x22=0x00000000
      713995000	     35598	8000a4a2	00ae3433	sltu	x8,x28,x10	 x28:0x0001fffe x10:0xfaeba52b  x8=0x00000001
      714015000	     35599	8000a4a6	8eab7113	andi	x2,x22,-1814	 x22:0x00000000  x2=0x00000000
      714035000	     35600	8000a4aa	0001	c.addi	x0,0	  x0:0x00000000  x0=0x00000000
      714055000	     35601	8000a4ac	8dd2	c.mv	x27,x20	  x0:0x00000000 x20:0x00000000 x27=0x00000000
      714455000	     35621	8000a4ae	013476b3	and	x13,x8,x19	  x8:0x00000001 x19:0x80021e0c x13=0x00000000
      714475000	     35622	8000a4b2	8e65	c.and	x12,x9	 x12:0x00000000  x9:0xfaebffff x12=0x00000000
      714875000	     35642	8000a4b4	0001	c.addi	x0,0	  x0:0x00000000  x0=0x00000000
      714895000	     35643	8000a4b6	0b98	c.addi4spn	x14,x2,464	 x14=0x000001d0
      714915000	     35644	8000a4b8	bf5bad93	slti	x27,x23,-1035	 x23:0x000002b5 x27=0x00000000
      714935000	     35645	8000a4bc	80e2	c.mv	x1,x24	  x0:0x00000000 x24:0x00000000  x1=0x00000000
      714955000	     35646	8000a4be	0001	c.addi	x0,0	  x0:0x00000000  x0=0x00000000
      714995000	     35648	8000a4c0	00ce1b33	sll	x22,x28,x12	 x28:0x0001fffe x12:0x00000000 x22=0x0001fffe
      715035000	     35650	8000a4c4	039592b3	mulh	x5,x11,x25	 x11:0xfaeba53d x25:0x00002000  x5=0xffffff5d
      715515000	     35674	8000a4c8	9752	c.add	x14,x20	 x14:0x000001d0 x20:0x00000000 x14=0x000001d0
      715535000	     35675	8000a4ca	ef9d	c.bnez	x15,8000a508	 x15:0x00000000
      715915000	     35694	8000a4cc	8cb9	c.xor	x9,x14	  x9:0xfaebffff x14:0x000001d0  x9=0xfaebfe2f
      715935000	     35695	8000a4ce	01e3b333	sltu	x6,x7,x30	  x7:0xfaeb9c09 x30:0x00000000  x6=0x00000000
      715955000	     35696	8000a4d2	0f4e	c.slli	x30,0x13	 x30:0x00000000 x30=0x00000000
      716075000	     35702	8000a4d4	00b8df63	bge	x17,x11,8000a4f2	 x17:0xe181e3a6 x11:0xfaeba53d
      716095000	     35703	8000a4d8	00855c33	srl	x24,x10,x8	 x10:0xfaeba52b  x8:0x00000001 x24=0x7d75d295
      716215000	     35709	8000a4dc	8ce9	c.and	x9,x10	  x9:0xfaebfe2f x10:0xfaeba52b  x9=0xfaeba42b
      716355000	     35716	8000a4de	00709833	sll	x16,x1,x7	  x1:0x00000000  x7:0xfaeb9c09 x16=0x00000000
      716395000	     35718	8000a4e2	02301733	mulh	x14,x0,x3	  x0:0x00000000  x3:0x00000000 x14=0x00000000
      716415000	     35719	8000a4e6	617d	c.addi16sp	x2,496	  x2:0x00000000  x2=0x000001f0
      716435000	     35720	8000a4e8	019b4963	blt	x22,x25,8000a4fa	 x22:0x0001fffe x25:0x00002000
      716455000	     35721	8000a4ec	8625	c.srai	x12,0x9	 x12:0x00000000 x12=0x00000000
      716475000	     35722	8000a4ee	b40bc613	xori	x12,x23,-1216	 x23:0x000002b5 x12=0xfffff9f5
      716495000	     35723	8000a4f2	871fc293	xori	x5,x31,-1935	 x31:0x00000000  x5=0xfffff871
      716715000	     35734	8000a4f6	01e431b3	sltu	x3,x8,x30	  x8:0x00000001 x30:0x00000000  x3=0x00000000
      716915000	     35744	8000a4fa	010b2733	slt	x14,x22,x16	 x22:0x0001fffe x16:0x00000000 x14=0x00000000
      716935000	     35745	8000a4fe	0307e663	bltu	x15,x16,8000a52a	 x15:0x00000000 x16:0x00000000
      716955000	     35746	8000a502	00285833	srl	x16,x16,x2	 x16:0x00000000  x2:0x000001f0 x16=0x00000000
      716975000	     35747	8000a506	0001	c.addi	x0,0	  x0:0x00000000  x0=0x00000000
      716995000	     35748	8000a508	0000100f	fence.i	
      717495000	     35773	8000a50c	010cc263	blt	x25,x16,8000a510	 x25:0x00002000 x16:0x00000000
      717515000	     35774	8000a510	9b7d	c.andi	x14,-1	 x14:0x00000000 x14=0x00000000
      717535000	     35775	8000a512	ebb1ac93	slti	x25,x3,-325	  x3:0x00000000 x25=0x00000000
      717595000	     35778	8000a516	415054b3	sra	x9,x0,x21	  x0:0x00000000 x21:0x00000000  x9=0x00000000
      722435000	     36020	8000a51a	004f4a63	blt	x30,x4,8000a52e	 x30:0x00000000  x4:0x00000000
      722455000	     36021	8000a51e	81e2	c.mv	x3,x24	  x0:0x00000000 x24:0x7d75d295  x3=0x7d75d295
      722475000	     36022	8000a520	01724f63	blt	x4,x23,8000a53e	  x4:0x00000000 x23:0x000002b5
      723035000	     36050	8000a53e	cd266217	auipc	x4,0xcd266	  x4=0x4d27053e
      723055000	     36051	8000a542	007a2233	slt	x4,x20,x7	 x20:0x00000000  x7:0xfaeb9c09  x4=0x00000000
      723475000	     36072	8000a546	01fb4ab3	xor	x21,x22,x31	 x22:0x0001fffe x31:0x00000000 x21=0x0001fffe
      723495000	     36073	8000a54a	25eb7a93	andi	x21,x22,606	 x22:0x0001fffe x21=0x0000025e
      723915000	     36094	8000a54e	01606733	or	x14,x0,x22	  x0:0x00000000 x22:0x0001fffe x14=0x0001fffe
      724335000	     36115	8000a552	0ff0000f	fence	iorw,iorw	
      724355000	     36116	8000a556	85b5	c.srai	x11,0xd	 x11:0xfaeba53d x11=0xffffd75d
      724375000	     36117	8000a558	692491b7	lui	x3,0x69249	  x3=0x69249000
      724395000	     36118	8000a55c	0b9c	c.addi4spn	x15,x2,464	 x15=0x000003c0
      724615000	     36129	8000a55e	ed87f713	andi	x14,x15,-296	 x15:0x000003c0 x14=0x000002c0
      725035000	     36150	8000a562	50f62d93	slti	x27,x12,1295	 x12:0xfffff9f5 x27=0x00000001
      725055000	     36151	8000a566	0804	c.addi4spn	x9,x2,16	  x9=0x00000200
      725215000	     36159	8000a568	40f0d933	sra	x18,x1,x15	  x1:0x00000000 x15:0x000003c0 x18=0x00000000
      725235000	     36160	8000a56c	717d	c.addi16sp	x2,-16	  x2:0x000001f0  x2=0x000001e0
      725255000	     36161	8000a56e	0001	c.addi	x0,0	  x0:0x00000000  x0=0x00000000
      725655000	     36181	8000a570	00189b13	slli	x22,x17,0x1	 x17:0xe181e3a6 x22=0xc303c74c
      725755000	     36186	8000a574	03729533	mulh	x10,x5,x23	  x5:0xfffff871 x23:0x000002b5 x10=0xffffffff
      725775000	     36187	8000a578	0001	c.addi	x0,0	  x0:0x00000000  x0=0x00000000
      725795000	     36188	8000a57a	cf09	c.beqz	x14,8000a594	 x14:0x000002c0
      725815000	     36189	8000a57c	04a2	c.slli	x9,0x8	  x9:0x00000200  x9=0x00020000
      725835000	     36190	8000a57e	9516	c.add	x10,x5	 x10:0xffffffff  x5:0xfffff871 x10=0xfffff870
      725875000	     36192	8000a580	03283b33	mulhu	x22,x16,x18	 x16:0x00000000 x18:0x00000000 x22=0x00000000
      725895000	     36193	8000a584	01abdab3	srl	x21,x23,x26	 x23:0x000002b5 x26:0x80025ce4 x21=0x0000002b
      725915000	     36194	8000a588	e0b66413	ori	x8,x12,-501	 x12:0xfffff9f5  x8=0xffffffff
      726295000	     36213	8000a58c	01a861b3	or	x3,x16,x26	 x16:0x00000000 x26:0x80025ce4  x3=0x80025ce4
      726315000	     36214	8000a590	00271e33	sll	x28,x14,x2	 x14:0x000002c0  x2:0x000001e0 x28=0x000002c0
      726335000	     36215	8000a594	8731	c.srai	x14,0xc	 x14:0x000002c0 x14=0x00000000
      726355000	     36216	8000a596	0de1	c.addi	x27,24	 x27:0x00000001 x27=0x00000019
      726515000	     36224	8000a598	000205b3	add	x11,x4,x0	  x4:0x00000000  x0:0x00000000 x11=0x00000000
      726535000	     36225	8000a59c	8b95	c.andi	x15,5	 x15:0x000003c0 x15=0x00000000
      726555000	     36226	8000a59e	78253c13	sltiu	x24,x10,1922	 x10:0xfffff870 x24=0x00000000
      726575000	     36227	8000a5a2	5efd	c.li	x29,-1	 x29=0xffffffff
      726675000	     36232	8000a5a4	03447c63	bgeu	x8,x20,8000a5dc	  x8:0xffffffff x20:0x00000000
      727395000	     36268	8000a5dc	003ccb33	xor	x22,x25,x3	 x25:0x00000000  x3:0x80025ce4 x22=0x80025ce4
      727675000	     36282	8000a5e0	8bfb0b13	addi	x22,x22,-1857	 x22:0x80025ce4 x22=0x800255a3
      728055000	     36301	8000a5e4	002437b3	sltu	x15,x8,x2	  x8:0xffffffff  x2:0x000001e0 x15=0x00000000
      728095000	     36303	8000a5e8	44d93013	sltiu	x0,x18,1101	 x18:0x00000000  x0=0x00000000
      728335000	     36315	8000a5ec	00bb50b3	srl	x1,x22,x11	 x22:0x800255a3 x11:0x00000000  x1=0x800255a3
      728355000	     36316	8000a5f0	127d	c.addi	x4,-1	  x4:0x00000000  x4=0xffffffff
      728375000	     36317	8000a5f2	02db4963	blt	x22,x13,8000a624	 x22:0x800255a3 x13:0x00000000
      729575000	     36377	8000a624	02224bb3	div	x23,x4,x2	  x4:0xffffffff  x2:0x000001e0 x23=0x00000000
      729595000	     36378	8000a628	0000100f	fence.i	
      730415000	     36419	8000a62c	01579463	bne	x15,x21,8000a634	 x15:0x00000000 x21:0x0000002b
      730955000	     36446	8000a634	0054e233	or	x4,x9,x5	  x9:0x00020000  x5:0xfffff871  x4=0xfffff871
      730995000	     36448	8000a638	02fed733	divu	x14,x29,x15	 x29:0xffffffff x15:0x00000000 x14=0xffffffff
      731015000	     36449	8000a63c	8f69	c.and	x14,x10	 x14:0xffffffff x10:0xfffff870 x14=0xfffff870
      731915000	     36494	8000a63e	021060b3	rem	x1,x0,x1	  x0:0x00000000  x1:0x800255a3  x1=0x00000000
      731935000	     36495	8000a642	003811b3	sll	x3,x16,x3	 x16:0x00000000  x3:0x80025ce4  x3=0x00000000
      731955000	     36496	8000a646	4185	c.li	x3,1	  x3=0x00000001
      731975000	     36497	8000a648	027e8433	mul	x8,x29,x7	 x29:0xffffffff  x7:0xfaeb9c09  x8=0x051463f7
      731995000	     36498	8000a64c	150bb293	sltiu	x5,x23,336	 x23:0x00000000  x5=0x00000001
      732735000	     36535	8000a650	036dc7b3	div	x15,x27,x22	 x27:0x00000019 x22:0x800255a3 x15=0x00000000
      732755000	     36536	8000a654	011a9a33	sll	x20,x21,x17	 x21:0x0000002b x17:0xe181e3a6 x20=0x00000ac0
      732775000	     36537	8000a658	010e9133	sll	x2,x29,x16	 x29:0xffffffff x16:0x00000000  x2=0xffffffff
      732795000	     36538	8000a65c	29ae2797	auipc	x15,0x29ae2	 x15=0xa9aec65c
      732815000	     36539	8000a660	8e19	c.sub	x12,x14	 x12:0xfffff9f5 x14:0xfffff870 x12=0x00000185
      732835000	     36540	8000a662	0729ba17	auipc	x20,0x729b	 x20=0x872a5662
      732855000	     36541	8000a666	ca11	c.beqz	x12,8000a67a	 x12:0x00000185
      733055000	     36551	8000a668	0ff0000f	fence	iorw,iorw	
      733075000	     36552	8000a66c	01c17333	and	x6,x2,x28	  x2:0xffffffff x28:0x000002c0  x6=0x000002c0
      733255000	     36561	8000a670	0001	c.addi	x0,0	  x0:0x00000000  x0=0x00000000
      733675000	     36582	8000a672	028f81b3	mul	x3,x31,x8	 x31:0x00000000  x8:0x051463f7  x3=0x00000000
      733795000	     36588	8000a676	00bf9333	sll	x6,x31,x11	 x31:0x00000000 x11:0x00000000  x6=0x00000000
      733815000	     36589	8000a67a	8dc1	c.or	x11,x8	 x11:0x00000000  x8:0x051463f7 x11=0x051463f7
      734215000	     36609	8000a67c	00228663	beq	x5,x2,8000a688	  x5:0x00000001  x2:0xffffffff
      734235000	     36610	8000a680	01a2dc63	bge	x5,x26,8000a698	  x5:0x00000001 x26:0x80025ce4
      735395000	     36668	8000a698	03bc5ab3	divu	x21,x24,x27	 x24:0x00000000 x27:0x00000019 x21=0x00000000
      735415000	     36669	8000a69c	01047263	bgeu	x8,x16,8000a6a0	  x8:0x051463f7 x16:0x00000000
      735675000	     36682	8000a6a0	0001	c.addi	x0,0	  x0:0x00000000  x0=0x00000000
      736035000	     36700	8000a6a2	025f0e33	mul	x28,x30,x5	 x30:0x00000000  x5:0x00000001 x28=0x00000000
      736055000	     36701	8000a6a6	00d6b7b3	sltu	x15,x13,x13	 x13:0x00000000 x13:0x00000000 x15=0x00000000
      736275000	     36712	8000a6aa	410e5833	sra	x16,x28,x16	 x28:0x00000000 x16:0x00000000 x16=0x00000000
      736395000	     36718	8000a6ae	00771c33	sll	x24,x14,x7	 x14:0xfffff870  x7:0xfaeb9c09 x24=0xfff0e000
      736515000	     36724	8000a6b2	03c5c7b3	div	x15,x11,x28	 x11:0x051463f7 x28:0x00000000 x15=0xffffffff
      736535000	     36725	8000a6b6	1a04	c.addi4spn	x9,x2,304	  x9=0x0000012f
      736555000	     36726	8000a6b8	00869fb3	sll	x31,x13,x8	 x13:0x00000000  x8:0x051463f7 x31=0x00000000
      736575000	     36727	8000a6bc	405d5813	srai	x16,x26,0x5	 x26:0x80025ce4 x16=0xfc0012e7
      736595000	     36728	8000a6c0	000ad6b3	srl	x13,x21,x0	 x21:0x00000000  x0:0x00000000 x13=0x00000000
      736755000	     36736	8000a6c4	6151	c.addi16sp	x2,272	  x2:0xffffffff  x2=0x0000010f
      736795000	     36738	8000a6c6	02f826b3	mulhsu	x13,x16,x15	 x16:0xfc0012e7 x15:0xffffffff x13=0xfc0012e7
      736815000	     36739	8000a6ca	8759	c.srai	x14,0x16	 x14:0xfffff870 x14=0xffffffff
      736835000	     36740	8000a6cc	66a1	c.lui	x13,0x8	 x13=0x00008000
      736975000	     36747	8000a6ce	dafaf513	andi	x10,x21,-593	 x21:0x00000000 x10=0x00000000
      737135000	     36755	8000a6d2	001c7ab3	and	x21,x24,x1	 x24:0xfff0e000  x1:0x00000000 x21=0x00000000
      737455000	     36771	8000a6d6	98784793	xori	x15,x16,-1657	 x16:0xfc0012e7 x15=0x03ffeb60
      737875000	     36792	8000a6da	75324b13	xori	x22,x4,1875	  x4:0xfffff871 x22=0xffffff22
      737895000	     36793	8000a6de	8ca9	c.xor	x9,x10	  x9:0x0000012f x10:0x00000000  x9=0x0000012f
      737915000	     36794	8000a6e0	87ea	c.mv	x15,x26	  x0:0x00000000 x26:0x80025ce4 x15=0x80025ce4
      737935000	     36795	8000a6e2	b111ae93	slti	x29,x3,-1263	  x3:0x00000000 x29=0x00000000
      737955000	     36796	8000a6e6	02859463	bne	x11,x8,8000a70e	 x11:0x051463f7  x8:0x051463f7
      738075000	     36802	8000a6ea	03299b33	mulh	x22,x19,x18	 x19:0x80021e0c x18:0x00000000 x22=0x00000000
      738095000	     36803	8000a6ee	9322	c.add	x6,x8	  x6:0x00000000  x8:0x051463f7  x6=0x051463f7
      738115000	     36804	8000a6f0	9972	c.add	x18,x28	 x18:0x00000000 x28:0x00000000 x18=0x00000000
      738135000	     36805	8000a6f2	1898	c.addi4spn	x14,x2,112	 x14=0x0000017f
      738875000	     36842	8000a6f4	0268ee33	rem	x28,x17,x6	 x17:0xe181e3a6  x6:0x051463f7 x28=0xfffc3b70
      738895000	     36843	8000a6f8	0248c363	blt	x17,x4,8000a71e	 x17:0xe181e3a6  x4:0xfffff871
      738975000	     36847	8000a71e	8e4d	c.or	x12,x11	 x12:0x00000185 x11:0x051463f7 x12=0x051463f7
      739015000	     36849	8000a720	6309	c.lui	x6,0x2	  x6=0x00002000
      739035000	     36850	8000a722	8f75	c.and	x14,x13	 x14:0x0000017f x13:0x00008000 x14=0x00000000
      739215000	     36859	8000a724	0161b833	sltu	x16,x3,x22	  x3:0x00000000 x22:0x00000000 x16=0x00000000
      739235000	     36860	8000a728	6725	c.lui	x14,0x9	 x14=0x00009000
      739655000	     36881	8000a72a	041d7263	bgeu	x26,x1,8000a76e	 x26:0x80025ce4  x1:0x00000000
      740075000	     36902	8000a76e	0301e833	rem	x16,x3,x16	  x3:0x00000000 x16:0x00000000 x16=0x00000000
      740135000	     36905	8000a772	00ad5263	bge	x26,x10,8000a776	 x26:0x80025ce4 x10:0x00000000
      740155000	     36906	8000a776	8f09	c.sub	x14,x10	 x14:0x00009000 x10:0x00000000 x14=0x00009000
      740175000	     36907	8000a778	036d4a63	blt	x26,x22,8000a7ac	 x26:0x80025ce4 x22:0x00000000
      740395000	     36918	8000a7ac	02c7b293	sltiu	x5,x15,44	 x15:0x80025ce4  x5=0x00000000
      740455000	     36921	8000a7b0	03b3b0b3	mulhu	x1,x7,x27	  x7:0xfaeb9c09 x27:0x00000019  x1=0x00000018
      740495000	     36923	8000a7b4	02382e33	mulhsu	x28,x16,x3	 x16:0x00000000  x3:0x00000000 x28=0x00000000
      740775000	     36937	8000a7b8	cac15537	lui	x10,0xcac15	 x10=0xcac15000
      741155000	     36956	8000a7bc	998a7093	andi	x1,x20,-1640	 x20:0x872a5662  x1=0x872a5000
      741575000	     36977	8000a7c0	02b76e63	bltu	x14,x11,8000a7fc	 x14:0x00009000 x11:0x051463f7
      742255000	     37011	8000a7fc	41885a33	sra	x20,x16,x24	 x16:0x00000000 x24:0xfff0e000 x20=0x00000000
      742295000	     37013	8000a800	219aac13	slti	x24,x21,537	 x21:0x00000000 x24=0x00000001
      742615000	     37029	8000a804	8cc9	c.or	x9,x10	  x9:0x0000012f x10:0xcac15000  x9=0xcac1512f
      742635000	     37030	8000a806	c1e9c913	xori	x18,x19,-994	 x19:0x80021e0c x18=0x7ffde212
      743075000	     37052	8000a80a	037ec633	div	x12,x29,x23	 x29:0x00000000 x23:0x00000000 x12=0xffffffff
      743095000	     37053	8000a80e	8f4e	c.mv	x30,x19	  x0:0x00000000 x19:0x80021e0c x30=0x80021e0c
      743175000	     37057	8000a810	49ced637	lui	x12,0x49ced	 x12=0x49ced000
      743195000	     37058	8000a814	000a9c33	sll	x24,x21,x0	 x21:0x00000000  x0:0x00000000 x24=0x00000000
      743615000	     37079	8000a818	8b05	c.andi	x14,1	 x14:0x00009000 x14=0x00000000
      743635000	     37080	8000a81a	0322	c.slli	x6,0x8	  x6:0x00002000  x6=0x00200000
      744375000	     37117	8000a81c	0220e333	rem	x6,x1,x2	  x1:0x872a5000  x2:0x0000010f  x6=0xffffff53
      744395000	     37118	8000a820	012b1613	slli	x12,x22,0x12	 x22:0x00000000 x12=0x00000000
      744435000	     37120	8000a824	029b3533	mulhu	x10,x22,x9	 x22:0x00000000  x9:0xcac1512f x10=0x00000000
      744455000	     37121	8000a828	01ca24b3	slt	x9,x20,x28	 x20:0x00000000 x28:0x00000000  x9=0x00000000
      744475000	     37122	8000a82c	014f2933	slt	x18,x30,x20	 x30:0x80021e0c x20:0x00000000 x18=0x00000001
      744495000	     37123	8000a830	017a	c.slli	x2,0x1e	  x2:0x0000010f  x2=0xc0000000
      744515000	     37124	8000a832	00094433	xor	x8,x18,x0	 x18:0x00000001  x0:0x00000000  x8=0x00000001
      744535000	     37125	8000a836	008ae7b3	or	x15,x21,x8	 x21:0x00000000  x8:0x00000001 x15=0x00000001
      744555000	     37126	8000a83a	02ad8033	mul	x0,x27,x10	 x27:0x00000019 x10:0x00000000  x0=0x00000000
      744975000	     37147	8000a83e	00e05793	srli	x15,x0,0xe	  x0:0x00000000 x15=0x00000000
      744995000	     37148	8000a842	02d70b33	mul	x22,x14,x13	 x14:0x00000000 x13:0x00008000 x22=0x00000000
      745015000	     37149	8000a846	0041ed63	bltu	x3,x4,8000a860	  x3:0x00000000  x4:0xfffff871
      745475000	     37172	8000a860	014b1733	sll	x14,x22,x20	 x22:0x00000000 x20:0x00000000 x14=0x00000000
      745575000	     37177	8000a864	1e0c	c.addi4spn	x11,x2,816	 x11=0xc0000330
      745615000	     37179	8000a866	022cb533	mulhu	x10,x25,x2	 x25:0x00000000  x2:0xc0000000 x10=0x00000000
      745635000	     37180	8000a86a	01e04b33	xor	x22,x0,x30	  x0:0x00000000 x30:0x80021e0c x22=0x80021e0c
      745655000	     37181	8000a86e	c809	c.beqz	x8,8000a880	  x8:0x00000001
      745675000	     37182	8000a870	82d6	c.mv	x5,x21	  x0:0x00000000 x21:0x00000000  x5=0x00000000
      745695000	     37183	8000a872	8fd9	c.or	x15,x14	 x15:0x00000000 x14:0x00000000 x15=0x00000000
      745715000	     37184	8000a874	4f50e413	ori	x8,x1,1269	  x1:0x872a5000  x8=0x872a54f5
      745735000	     37185	8000a878	aa05e097	auipc	x1,0xaa05e	  x1=0x2a068878
      746855000	     37241	8000a87c	03e46533	rem	x10,x8,x30	  x8:0x872a54f5 x30:0x80021e0c x10=0x872a54f5
      746875000	     37242	8000a880	0ff0000f	fence	iorw,iorw	
      746895000	     37243	8000a884	0343d263	bge	x7,x20,8000a8a8	  x7:0xfaeb9c09 x20:0x00000000
      746915000	     37244	8000a888	8f31	c.xor	x14,x12	 x14:0x00000000 x12:0x00000000 x14=0x00000000
      746935000	     37245	8000a88a	fad58793	addi	x15,x11,-83	 x11:0xc0000330 x15=0xc00002dd
      746955000	     37246	8000a88e	02d1ad93	slti	x27,x3,45	  x3:0x00000000 x27=0x00000001
      746975000	     37247	8000a892	41705e93	srai	x29,x0,0x17	  x0:0x00000000 x29=0x00000000
      747095000	     37253	8000a896	02fe0b33	mul	x22,x28,x15	 x28:0x00000000 x15:0xc00002dd x22=0x00000000
      747115000	     37254	8000a89a	015d9e93	slli	x29,x27,0x15	 x27:0x00000001 x29=0x00200000
      747135000	     37255	8000a89e	997d	c.andi	x10,-1	 x10:0x872a54f5 x10=0x872a54f5
      747155000	     37256	8000a8a0	e1dd7e13	andi	x28,x26,-483	 x26:0x80025ce4 x28=0x80025c04
      747555000	     37276	8000a8a4	0161c663	blt	x3,x22,8000a8b0	  x3:0x00000000 x22:0x00000000
      747695000	     37283	8000a8a8	007b5863	bge	x22,x7,8000a8b8	 x22:0x00000000  x7:0xfaeb9c09
      747915000	     37294	8000a8b8	8f55	c.or	x14,x13	 x14:0x00000000 x13:0x00008000 x14=0x00008000
      747935000	     37295	8000a8ba	0388	c.addi4spn	x10,x2,448	 x10=0xc00001c0
      747975000	     37297	8000a8bc	03d695b3	mulh	x11,x13,x29	 x13:0x00008000 x29:0x00200000 x11=0x00000010
      748235000	     37310	8000a8c0	0057c433	xor	x8,x15,x5	 x15:0xc00002dd  x5:0x00000000  x8=0xc00002dd
      748255000	     37311	8000a8c4	0001	c.addi	x0,0	  x0:0x00000000  x0=0x00000000
      749055000	     37351	8000a8c6	0319cbb3	div	x23,x19,x17	 x19:0x80021e0c x17:0xe181e3a6 x23=0x00000004
      749075000	     37352	8000a8ca	05e86063	bltu	x16,x30,8000a90a	 x16:0x00000000 x30:0x80021e0c
      749415000	     37369	8000a90a	66fd	c.lui	x13,0x1f	 x13=0x0001f000
      749595000	     37378	8000a90c	00148263	beq	x9,x1,8000a910	  x9:0x00000000  x1:0x2a068878
      749875000	     37392	8000a910	8fa1	c.xor	x15,x8	 x15:0xc00002dd  x8:0xc00002dd x15=0x00000000
      750075000	     37402	8000a912	498fa913	slti	x18,x31,1176	 x31:0x00000000 x18=0x00000001
      750315000	     37414	8000a916	00749e13	slli	x28,x9,0x7	  x9:0x00000000 x28=0x00000000
      750735000	     37435	8000a91a	014f6263	bltu	x30,x20,8000a91e	 x30:0x80021e0c x20:0x00000000
      750755000	     37436	8000a91e	009abb33	sltu	x22,x21,x9	 x21:0x00000000  x9:0x00000000 x22=0x00000000
      750975000	     37447	8000a922	01ea4863	blt	x20,x30,8000a932	 x20:0x00000000 x30:0x80021e0c
      750995000	     37448	8000a926	62cd	c.lui	x5,0x13	  x5=0x00013000
      751155000	     37456	8000a928	d4473693	sltiu	x13,x14,-700	 x14:0x00008000 x13=0x00000001
      751175000	     37457	8000a92c	01fd3833	sltu	x16,x26,x31	 x26:0x80025ce4 x31:0x00000000 x16=0x00000000
      751335000	     37465	8000a930	8e05	c.sub	x12,x9	 x12:0x00000000  x9:0x00000000 x12=0x00000000
      751355000	     37466	8000a932	0001	c.addi	x0,0	  x0:0x00000000  x0=0x00000000
      751475000	     37472	8000a934	08583693	sltiu	x13,x16,133	 x16:0x00000000 x13=0x00000001
      751495000	     37473	8000a938	00d17033	and	x0,x2,x13	  x2:0xc0000000 x13:0x00000001  x0=0x00000000
      751515000	     37474	8000a93c	0001	c.addi	x0,0	  x0:0x00000000  x0=0x00000000
      751535000	     37475	8000a93e	855d	c.srai	x10,0x17	 x10:0xc00001c0 x10=0xffffff80
      772935000	     38545	8000a940	8c9d	c.sub	x9,x15	  x9:0x00000000 x15:0x00000000  x9=0x00000000
      772955000	     38546	8000a942	1a7d	c.addi	x20,-1	 x20:0x00000000 x20=0xffffffff
      772975000	     38547	8000a944	6ca9	c.lui	x25,0xa	 x25=0x0000a000
      772995000	     38548	8000a946	8cad	c.xor	x9,x11	  x9:0x00000000 x11:0x00000010  x9=0x00000010
      773015000	     38549	8000a948	9d7db293	sltiu	x5,x27,-1577	 x27:0x00000001  x5=0x00000001
      773755000	     38586	8000a94c	03aefe33	remu	x28,x29,x26	 x29:0x00200000 x26:0x80025ce4 x28=0x00200000
      773775000	     38587	8000a950	0018e4b3	or	x9,x17,x1	 x17:0xe181e3a6  x1:0x2a068878  x9=0xeb87ebfe
      773815000	     38589	8000a954	038ab633	mulhu	x12,x21,x24	 x21:0x00000000 x24:0x00000000 x12=0x00000000
      773835000	     38590	8000a958	010ecd63	blt	x29,x16,8000a972	 x29:0x00200000 x16:0x00000000
      774575000	     38627	8000a95c	03af45b3	div	x11,x30,x26	 x30:0x80021e0c x26:0x80025ce4 x11=0x00000001
      774595000	     38628	8000a960	40e45793	srai	x15,x8,0xe	  x8:0xc00002dd x15=0xffff0000
      774615000	     38629	8000a964	0131	c.addi	x2,12	  x2:0xc0000000  x2=0xc000000c
      774635000	     38630	8000a966	717d	c.addi16sp	x2,-16	  x2:0xc000000c  x2=0xbffffffc
      774655000	     38631	8000a968	40d20633	sub	x12,x4,x13	  x4:0xfffff871 x13:0x00000001 x12=0xfffff870
      774675000	     38632	8000a96c	014b0833	add	x16,x22,x20	 x22:0x00000000 x20:0xffffffff x16=0xffffffff
      774695000	     38633	8000a970	6169	c.addi16sp	x2,208	  x2:0xbffffffc  x2=0xc00000cc
      774715000	     38634	8000a972	40578b33	sub	x22,x15,x5	 x15:0xffff0000  x5:0x00000001 x22=0xfffeffff
      774935000	     38645	8000a976	03530e33	mul	x28,x6,x21	  x6:0xffffff53 x21:0x00000000 x28=0x00000000
      774975000	     38647	8000a97a	03819833	mulh	x16,x3,x24	  x3:0x00000000 x24:0x00000000 x16=0x00000000
      775035000	     38650	8000a97e	022416b3	mulh	x13,x8,x2	  x8:0xc00002dd  x2:0xc00000cc x13=0x0fffff15
      775055000	     38651	8000a982	9bdcc137	lui	x2,0x9bdcc	  x2=0x9bdcc000
      775215000	     38659	8000a986	028f0233	mul	x4,x30,x8	 x30:0x80021e0c  x8:0xc00002dd  x4=0x8610085c
      775255000	     38661	8000a98a	03a29ab3	mulh	x21,x5,x26	  x5:0x00000001 x26:0x80025ce4 x21=0xffffffff
      775275000	     38662	8000a98e	0001	c.addi	x0,0	  x0:0x00000000  x0=0x00000000
      775295000	     38663	8000a990	8f11	c.sub	x14,x12	 x14:0x00008000 x12:0xfffff870 x14=0x00008790
      775315000	     38664	8000a992	55fd	c.li	x11,-1	 x11=0xffffffff
      775335000	     38665	8000a994	8e5d	c.or	x12,x15	 x12:0xfffff870 x15:0xffff0000 x12=0xfffff870
      775435000	     38670	8000a996	029cd863	bge	x25,x9,8000a9c6	 x25:0x0000a000  x9:0xeb87ebfe
      775975000	     38697	8000a9c6	8f2d	c.xor	x14,x11	 x14:0x00008790 x11:0xffffffff x14=0xffff786f
      776215000	     38709	8000a9c8	00baee63	bltu	x21,x11,8000a9e4	 x21:0xffffffff x11:0xffffffff
      776655000	     38731	8000a9cc	038342b3	div	x5,x6,x24	  x6:0xffffff53 x24:0x00000000  x5=0xffffffff
      776675000	     38732	8000a9d0	01d4df33	srl	x30,x9,x29	  x9:0xeb87ebfe x29:0x00200000 x30=0xeb87ebfe
      776695000	     38733	8000a9d4	0ff0000f	fence	iorw,iorw	
      776815000	     38739	8000a9d8	00aa9363	bne	x21,x10,8000a9de	 x21:0xffffffff x10:0xffffff80
      777535000	     38775	8000a9de	8ed5	c.or	x13,x13	 x13:0x0fffff15 x13:0x0fffff15 x13=0x0fffff15
      777655000	     38781	8000a9e0	02b10ab3	mul	x21,x2,x11	  x2:0x9bdcc000 x11:0xffffffff x21=0x64234000
      777695000	     38783	8000a9e4	03a336b3	mulhu	x13,x6,x26	  x6:0xffffff53 x26:0x80025ce4 x13=0x80025c8d
      777715000	     38784	8000a9e8	06be	c.slli	x13,0xf	 x13:0x80025c8d x13=0x2e468000
      777735000	     38785	8000a9ea	0001	c.addi	x0,0	  x0:0x00000000  x0=0x00000000
      777875000	     38792	8000a9ec	8d81	c.sub	x11,x8	 x11:0xffffffff  x8:0xc00002dd x11=0x3ffffd22
      777895000	     38793	8000a9ee	8e46	c.mv	x28,x17	  x0:0x00000000 x17:0xe181e3a6 x28=0xe181e3a6
      778375000	     38817	8000a9f0	0001	c.addi	x0,0	  x0:0x00000000  x0=0x00000000
      778395000	     38818	8000a9f2	d6c44813	xori	x16,x8,-660	  x8:0xc00002dd x16=0x3fffffb1
      778415000	     38819	8000a9f6	0001	c.addi	x0,0	  x0:0x00000000  x0=0x00000000
      778435000	     38820	8000a9f8	01f4db33	srl	x22,x9,x31	  x9:0xeb87ebfe x31:0x00000000 x22=0xeb87ebfe
      778455000	     38821	8000a9fc	9bfd	c.andi	x15,-1	 x15:0xffff0000 x15=0xffff0000
      778475000	     38822	8000a9fe	8db5	c.xor	x11,x13	 x11:0x3ffffd22 x13:0x2e468000 x11=0x11b97d22
      778855000	     38841	8000aa00	41ff0433	sub	x8,x30,x31	 x30:0xeb87ebfe x31:0x00000000  x8=0xeb87ebfe
      779035000	     38850	8000aa04	03559633	mulh	x12,x11,x21	 x11:0x11b97d22 x21:0x64234000 x12=0x06eee5ab
      779055000	     38851	8000aa08	1e7d	c.addi	x28,-1	 x28:0xe181e3a6 x28=0xe181e3a5
      780135000	     38905	8000aa0a	02685333	divu	x6,x16,x6	 x16:0x3fffffb1  x6:0xffffff53  x6=0x00000000
      780155000	     38906	8000aa0e	0001	c.addi	x0,0	  x0:0x00000000  x0=0x00000000
      780175000	     38907	8000aa10	8785	c.srai	x15,0x1	 x15:0xffff0000 x15=0xffff8000
      780195000	     38908	8000aa12	00309b93	slli	x23,x1,0x3	  x1:0x2a068878 x23=0x503443c0
      780215000	     38909	8000aa16	001bdd63	bge	x23,x1,8000aa30	 x23:0x503443c0  x1:0x2a068878
      780295000	     38913	8000aa30	00f81d63	bne	x16,x15,8000aa4a	 x16:0x3fffffb1 x15:0xffff8000
      781235000	     38960	8000aa4a	006fc6b3	xor	x13,x31,x6	 x31:0x00000000  x6:0x00000000 x13=0x00000000
      781335000	     38965	8000aa4e	01d94463	blt	x18,x29,8000aa56	 x18:0x00000001 x29:0x00200000
      782195000	     39008	8000aa56	0077b6b3	sltu	x13,x15,x7	 x15:0xffff8000  x7:0xfaeb9c09 x13=0x00000000
      782935000	     39045	8000aa5a	030fdcb3	divu	x25,x31,x16	 x31:0x00000000 x16:0x3fffffb1 x25=0x00000000
      782955000	     39046	8000aa5e	29d3e793	ori	x15,x7,669	  x7:0xfaeb9c09 x15=0xfaeb9e9d
      782975000	     39047	8000aa62	00b03b33	sltu	x22,x0,x11	  x0:0x00000000 x11:0x11b97d22 x22=0x00000001
      783715000	     39084	8000aa66	03765f33	divu	x30,x12,x23	 x12:0x06eee5ab x23:0x503443c0 x30=0x00000000
      783735000	     39085	8000aa6a	0001	c.addi	x0,0	  x0:0x00000000  x0=0x00000000
      783755000	     39086	8000aa6c	8fb1	c.xor	x15,x12	 x15:0xfaeb9e9d x12:0x06eee5ab x15=0xfc057b36
      783775000	     39087	8000aa6e	139c	c.addi4spn	x15,x2,480	 x15=0x9bdcc1e0
      783795000	     39088	8000aa70	01496e63	bltu	x18,x20,8000aa8c	 x18:0x00000001 x20:0xffffffff
      784355000	     39116	8000aa8c	1498	c.addi4spn	x14,x2,608	 x14=0x9bdcc260
      784795000	     39138	8000aa8e	010e5133	srl	x2,x28,x16	 x28:0xe181e3a5 x16:0x3fffffb1  x2=0x000070c0
      784815000	     39139	8000aa92	41f007b3	sub	x15,x0,x31	  x0:0x00000000 x31:0x00000000 x15=0x00000000
      785075000	     39152	8000aa96	0103e263	bltu	x7,x16,8000aa9a	  x7:0xfaeb9c09 x16:0x3fffffb1
      785095000	     39153	8000aa9a	5aef8d93	addi	x27,x31,1454	 x31:0x00000000 x27=0x000005ae
      785135000	     39155	8000aa9e	03e997b3	mulh	x15,x19,x30	 x19:0x80021e0c x30:0x00000000 x15=0x00000000
      785155000	     39156	8000aaa2	8191	c.srli	x11,0x4	 x11:0x11b97d22 x11=0x011b97d2
      785175000	     39157	8000aaa4	8f71	c.and	x14,x12	 x14:0x9bdcc260 x12:0x06eee5ab x14=0x02ccc020
      785295000	     39163	8000aaa6	039d2bb3	mulhsu	x23,x26,x25	 x26:0x80025ce4 x25:0x00000000 x23=0x00000000
      785335000	     39165	8000aaaa	4e387a17	auipc	x20,0x4e387	 x20=0xce391aaa
      785355000	     39166	8000aaae	0f4e	c.slli	x30,0x13	 x30:0x00000000 x30=0x00000000
      785435000	     39170	8000aab0	006fe863	bltu	x31,x6,8000aac0	 x31:0x00000000  x6:0x00000000
      785455000	     39171	8000aab4	027086b3	mul	x13,x1,x7	  x1:0x2a068878  x7:0xfaeb9c09 x13=0xeb8bec38
      785475000	     39172	8000aab8	8985	c.andi	x11,1	 x11:0x011b97d2 x11=0x00000000
      785595000	     39178	8000aaba	2f235417	auipc	x8,0x2f235	  x8=0xaf23faba
      785615000	     39179	8000aabe	836d	c.srli	x14,0x1b	 x14:0x02ccc020 x14=0x00000000
      785735000	     39185	8000aac0	7f2a3293	sltiu	x5,x20,2034	 x20:0xce391aaa  x5=0x00000000
      785835000	     39190	8000aac4	96b2	c.add	x13,x12	 x13:0xeb8bec38 x12:0x06eee5ab x13=0xf27ad1e3
      785855000	     39191	8000aac6	0001	c.addi	x0,0	  x0:0x00000000  x0=0x00000000
      786255000	     39211	8000aac8	011bd593	srli	x11,x23,0x11	 x23:0x00000000 x11=0x00000000
      786295000	     39213	8000aacc	0001	c.addi	x0,0	  x0:0x00000000  x0=0x00000000
      786735000	     39235	8000aace	027a1e33	mulh	x28,x20,x7	 x20:0xce391aaa  x7:0xfaeb9c09 x28=0x00fcd974
      786755000	     39236	8000aad2	0001	c.addi	x0,0	  x0:0x00000000  x0=0x00000000
      787135000	     39255	8000aad4	00a9be33	sltu	x28,x19,x10	 x19:0x80021e0c x10:0xffffff80 x28=0x00000001
      787295000	     39263	8000aad8	01f95433	srl	x8,x18,x31	 x18:0x00000001 x31:0x00000000  x8=0x00000001
      787715000	     39284	8000aadc	7663f913	andi	x18,x7,1894	  x7:0xfaeb9c09 x18=0x00000400
      787735000	     39285	8000aae0	01835893	srli	x17,x6,0x18	  x6:0x00000000 x17=0x00000000
      787775000	     39287	8000aae4	0ff0000f	fence	iorw,iorw	
      787955000	     39296	8000aae8	9fcff593	andi	x11,x31,-1540	 x31:0x00000000 x11=0x00000000
      787995000	     39298	8000aaec	03852233	mulhsu	x4,x10,x24	 x10:0xffffff80 x24:0x00000000  x4=0x00000000
      788155000	     39306	8000aaf0	649d	c.lui	x9,0x7	  x9=0x00007000
      788175000	     39307	8000aaf2	6331	c.lui	x6,0xc	  x6=0x0000c000
      788195000	     39308	8000aaf4	856e	c.mv	x10,x27	  x0:0x00000000 x27:0x000005ae x10=0x000005ae
      788215000	     39309	8000aaf6	00f44933	xor	x18,x8,x15	  x8:0x00000001 x15:0x00000000 x18=0x00000001
      788255000	     39311	8000aafa	026aabb3	mulhsu	x23,x21,x6	 x21:0x64234000  x6:0x0000c000 x23=0x00004b1a
      788275000	     39312	8000aafe	e211	c.bnez	x12,8000ab02	 x12:0x06eee5ab
      788775000	     39337	8000ab02	82d5	c.srli	x13,0x15	 x13:0xf27ad1e3 x13=0x00000793
      788795000	     39338	8000ab04	0350fd63	bgeu	x1,x21,8000ab3e	  x1:0x2a068878 x21:0x64234000
      789155000	     39356	8000ab08	01ee8533	add	x10,x29,x30	 x29:0x00200000 x30:0x00000000 x10=0x00200000
      789175000	     39357	8000ab0c	01045d93	srli	x27,x8,0x10	  x8:0x00000001 x27=0x00000000
      789195000	     39358	8000ab10	8d6d7793	andi	x15,x26,-1834	 x26:0x80025ce4 x15=0x800258c4
      789335000	     39365	8000ab14	01f55c13	srli	x24,x10,0x1f	 x10:0x00200000 x24=0x00000000
      789355000	     39366	8000ab18	01231633	sll	x12,x6,x18	  x6:0x0000c000 x18:0x00000001 x12=0x00018000
      789495000	     39373	8000ab1c	00f0b633	sltu	x12,x1,x15	  x1:0x2a068878 x15:0x800258c4 x12=0x00000001
      789535000	     39375	8000ab20	0393aab3	mulhsu	x21,x7,x25	  x7:0xfaeb9c09 x25:0x00000000 x21=0x00000000
      789555000	     39376	8000ab24	11884e13	xori	x28,x16,280	 x16:0x3fffffb1 x28=0x3ffffea9
      789575000	     39377	8000ab28	0000100f	fence.i	
      789815000	     39389	8000ab2c	00da9413	slli	x8,x21,0xd	 x21:0x00000000  x8=0x00000000
      789955000	     39396	8000ab30	0ff0000f	fence	iorw,iorw	
      790475000	     39422	8000ab34	02542bb3	mulhsu	x23,x8,x5	  x8:0x00000000  x5:0x00000000 x23=0x00000000
      790535000	     39425	8000ab38	ec99	c.bnez	x9,8000ab56	  x9:0x00007000
      791515000	     39474	8000ab56	8fd1	c.or	x15,x12	 x15:0x800258c4 x12:0x00000001 x15=0x800258c5
      791535000	     39475	8000ab58	8eb1	c.xor	x13,x12	 x13:0x00000793 x12:0x00000001 x13=0x00000792
      791555000	     39476	8000ab5a	9322	c.add	x6,x8	  x6:0x0000c000  x8:0x00000000  x6=0x0000c000
      791575000	     39477	8000ab5c	8d69	c.and	x10,x10	 x10:0x00200000 x10:0x00200000 x10=0x00200000
      791595000	     39478	8000ab5e	b7588e93	addi	x29,x17,-1163	 x17:0x00000000 x29=0xfffffb75
      791635000	     39480	8000ab62	014d66b3	or	x13,x26,x20	 x26:0x80025ce4 x20:0xce391aaa x13=0xce3b5eee
      791655000	     39481	8000ab66	0000100f	fence.i	
      792335000	     39515	8000ab6a	6319	c.lui	x6,0x6	  x6=0x00006000
      792355000	     39516	8000ab6c	01b9ebb3	or	x23,x19,x27	 x19:0x80021e0c x27:0x00000000 x23=0x80021e0c
      792375000	     39517	8000ab70	01465c63	bge	x12,x20,8000ab88	 x12:0x00000001 x20:0xce391aaa
      792735000	     39535	8000ab88	41225293	srai	x5,x4,0x12	  x4:0x00000000  x5=0x00000000
      793155000	     39556	8000ab8c	7f307293	andi	x5,x0,2035	  x0:0x00000000  x5=0x00000000
      793175000	     39557	8000ab90	01b69b63	bne	x13,x27,8000aba6	 x13:0xce3b5eee x27:0x00000000
      793895000	     39593	8000aba6	35e71c37	lui	x24,0x35e71	 x24=0x35e71000
      793955000	     39596	8000abaa	4096d113	srai	x2,x13,0x9	 x13:0xce3b5eee  x2=0xffe71daf
      793975000	     39597	8000abae	8f15	c.sub	x14,x13	 x14:0x00000000 x13:0xce3b5eee x14=0x31c4a112
      794175000	     39607	8000abb0	7ce7dab7	lui	x21,0x7ce7d	 x21=0x7ce7d000
      794375000	     39617	8000abb4	6135	c.addi16sp	x2,352	  x2:0xffe71daf  x2=0xffe71f0f
      794395000	     39618	8000abb6	1cac8637	lui	x12,0x1cac8	 x12=0x1cac8000
      794415000	     39619	8000abba	0001	c.addi	x0,0	  x0:0x00000000  x0=0x00000000
      794635000	     39630	8000abbc	0001	c.addi	x0,0	  x0:0x00000000  x0=0x00000000
      794735000	     39635	8000abbe	03e624b3	mulhsu	x9,x12,x30	 x12:0x1cac8000 x30:0x00000000  x9=0x00000000
      794755000	     39636	8000abc2	8351	c.srli	x14,0x14	 x14:0x31c4a112 x14=0x0000031c
      794775000	     39637	8000abc4	d7726c17	auipc	x24,0xd7726	 x24=0x57730bc4
      794795000	     39638	8000abc8	00885313	srli	x6,x16,0x8	 x16:0x3fffffb1  x6=0x003fffff
      794815000	     39639	8000abcc	ccfd6493	ori	x9,x26,-817	 x26:0x80025ce4  x9=0xfffffcef
      794835000	     39640	8000abd0	efff2513	slti	x10,x30,-257	 x30:0x00000000 x10=0x00000000
      795155000	     39656	8000abd4	01720e63	beq	x4,x23,8000abf0	  x4:0x00000000 x23:0x80021e0c
      795235000	     39660	8000abd8	01395f63	bge	x18,x19,8000abf6	 x18:0x00000001 x19:0x80021e0c
      795675000	     39682	8000abf6	0ff0000f	fence	iorw,iorw	
      795695000	     39683	8000abfa	8c69	c.and	x8,x10	  x8:0x00000000 x10:0x00000000  x8=0x00000000
      795715000	     39684	8000abfc	1e28a213	slti	x4,x17,482	 x17:0x00000000  x4=0x00000001
      795735000	     39685	8000ac00	01c88863	beq	x17,x28,8000ac10	 x17:0x00000000 x28:0x3ffffea9
      795755000	     39686	8000ac04	0ff0000f	fence	iorw,iorw	
      795775000	     39687	8000ac08	0000100f	fence.i	
      796035000	     39700	8000ac0c	03c781b3	mul	x3,x15,x28	 x15:0x800258c5 x28:0x3ffffea9  x3=0xbcdb100d
      796055000	     39701	8000ac10	01752c33	slt	x24,x10,x23	 x10:0x00000000 x23:0x80021e0c x24=0x00000000
      796235000	     39710	8000ac14	8de9	c.and	x11,x10	 x11:0x00000000 x10:0x00000000 x11=0x00000000
      796655000	     39731	8000ac16	00dfbf33	sltu	x30,x31,x13	 x31:0x00000000 x13:0xce3b5eee x30=0x00000001
      796795000	     39738	8000ac1a	007ed513	srli	x10,x29,0x7	 x29:0xfffffb75 x10=0x01fffff6
      796815000	     39739	8000ac1e	813d	c.srli	x10,0xf	 x10:0x01fffff6 x10=0x000003ff
      796835000	     39740	8000ac20	02a2dd63	bge	x5,x10,8000ac5a	  x5:0x00000000 x10:0x000003ff
      797175000	     39757	8000ac24	03cf18b3	mulh	x17,x30,x28	 x30:0x00000001 x28:0x3ffffea9 x17=0x00000000
      797455000	     39771	8000ac28	ee91	c.bnez	x13,8000ac44	 x13:0xce3b5eee
      797715000	     39784	8000ac44	6699	c.lui	x13,0x6	 x13=0x00006000
      797735000	     39785	8000ac46	58fd	c.li	x17,-1	 x17=0xffffffff
      797755000	     39786	8000ac48	01305fb3	srl	x31,x0,x19	  x0:0x00000000 x19:0x80021e0c x31=0x00000000
      797775000	     39787	8000ac4c	003c2133	slt	x2,x24,x3	 x24:0x00000000  x3:0xbcdb100d  x2=0x00000000
      797795000	     39788	8000ac50	8e31	c.xor	x12,x12	 x12:0x1cac8000 x12:0x1cac8000 x12=0x00000000
      797855000	     39791	8000ac52	00bff263	bgeu	x31,x11,8000ac56	 x31:0x00000000 x11:0x00000000
      799055000	     39851	8000ac56	e9d17337	lui	x6,0xe9d17	  x6=0xe9d17000
      799075000	     39852	8000ac5a	8d3d	c.xor	x10,x15	 x10:0x000003ff x15:0x800258c5 x10=0x80025b3a
      799475000	     39872	8000ac5c	011e5213	srli	x4,x28,0x11	 x28:0x3ffffea9  x4=0x00001fff
      799615000	     39879	8000ac60	a0b90c93	addi	x25,x18,-1525	 x18:0x00000001 x25=0xfffffa0c
      799635000	     39880	8000ac64	8f95	c.sub	x15,x13	 x15:0x800258c5 x13:0x00006000 x15=0x8001f8c5
      799655000	     39881	8000ac66	0001	c.addi	x0,0	  x0:0x00000000  x0=0x00000000
      800055000	     39901	8000ac68	40edc293	xori	x5,x27,1038	 x27:0x00000000  x5=0x0000040e
      800075000	     39902	8000ac6c	9b9a	c.add	x23,x6	 x23:0x80021e0c  x6:0xe9d17000 x23=0x69d38e0c
      800095000	     39903	8000ac6e	16fd	c.addi	x13,-1	 x13:0x00006000 x13=0x00005fff
      801215000	     39959	8000ac70	0340f333	remu	x6,x1,x20	  x1:0x2a068878 x20:0xce391aaa  x6=0x2a068878
      801955000	     39996	8000ac74	02f4ea33	rem	x20,x9,x15	  x9:0xfffffcef x15:0x8001f8c5 x20=0xfffffcef
      801975000	     39997	8000ac78	00b3de63	bge	x7,x11,8000ac94	  x7:0xfaeb9c09 x11:0x00000000
      801995000	     39998	8000ac7c	9b3ca213	slti	x4,x25,-1613	 x25:0xfffffa0c  x4=0x00000000
      802035000	     40000	8000ac80	02062fb3	mulhsu	x31,x12,x0	 x12:0x00000000  x0:0x00000000 x31=0x00000000
      802055000	     40001	8000ac84	00e92e33	slt	x28,x18,x14	 x18:0x00000001 x14:0x0000031c x28=0x00000001
      802075000	     40002	8000ac88	e79d	c.bnez	x15,8000acb6	 x15:0x8001f8c5
      803495000	     40073	8000acb6	00c81db3	sll	x27,x16,x12	 x16:0x3fffffb1 x12:0x00000000 x27=0x3fffffb1
      803575000	     40077	8000acba	01206fb3	or	x31,x0,x18	  x0:0x00000000 x18:0x00000001 x31=0x00000001
      803595000	     40078	8000acbe	80b9	c.srli	x9,0xe	  x9:0xfffffcef  x9=0x0003ffff
      803615000	     40079	8000acc0	017968b3	or	x17,x18,x23	 x18:0x00000001 x23:0x69d38e0c x17=0x69d38e0d
      803635000	     40080	8000acc4	8c99	c.sub	x9,x14	  x9:0x0003ffff x14:0x0000031c  x9=0x0003fce3
      803955000	     40096	8000acc6	02c960b3	rem	x1,x18,x12	 x18:0x00000001 x12:0x00000000  x1=0x00000001
      803975000	     40097	8000acca	0096e363	bltu	x13,x9,8000acd0	 x13:0x00005fff  x9:0x0003fce3
      804575000	     40127	8000acd0	0001	c.addi	x0,0	  x0:0x00000000  x0=0x00000000
      804595000	     40128	8000acd2	41e35ab3	sra	x21,x6,x30	  x6:0x2a068878 x30:0x00000001 x21=0x1503443c
      804615000	     40129	8000acd6	4105	c.li	x2,1	  x2=0x00000001
      804655000	     40131	8000acd8	02b5fb33	remu	x22,x11,x11	 x11:0x00000000 x11:0x00000000 x22=0x00000000
      804815000	     40139	8000acdc	41b8d013	srai	x0,x17,0x1b	 x17:0x69d38e0d  x0=0x00000000
      804835000	     40140	8000ace0	41600cb3	sub	x25,x0,x22	  x0:0x00000000 x22:0x00000000 x25=0x00000000
      805035000	     40150	8000ace4	01b2b633	sltu	x12,x5,x27	  x5:0x0000040e x27:0x3fffffb1 x12=0x00000001
      805455000	     40171	8000ace8	717d	c.addi16sp	x2,-16	  x2:0x00000001  x2=0xfffffff1
      805475000	     40172	8000acea	5a7d	c.li	x20,-1	 x20=0xffffffff
      805515000	     40174	8000acec	8df1	c.and	x11,x12	 x11:0x00000000 x12:0x00000001 x11=0x00000000
      805915000	     40194	8000acee	01a02433	slt	x8,x0,x26	  x0:0x00000000 x26:0x80025ce4  x8=0x00000000
      806335000	     40215	8000acf2	01d30f63	beq	x6,x29,8000ad10	  x6:0x2a068878 x29:0xfffffb75
      806355000	     40216	8000acf6	00ca9d63	bne	x21,x12,8000ad10	 x21:0x1503443c x12:0x00000001
      806455000	     40221	8000ad10	02b51033	mulh	x0,x10,x11	 x10:0x80025b3a x11:0x00000000  x0=0x00000000
      806655000	     40231	8000ad14	02a0beb3	mulhu	x29,x1,x10	  x1:0x00000001 x10:0x80025b3a x29=0x00000000
      806675000	     40232	8000ad18	016fd233	srl	x4,x31,x22	 x31:0x00000001 x22:0x00000000  x4=0x00000001
      806715000	     40234	8000ad1c	0001	c.addi	x0,0	  x0:0x00000000  x0=0x00000000
      806735000	     40235	8000ad1e	8eb5	c.xor	x13,x13	 x13:0x00005fff x13:0x00005fff x13=0x00000000
      806955000	     40246	8000ad20	61e5	c.lui	x3,0x19	  x3=0x00019000
      807255000	     40261	8000ad22	0168d263	bge	x17,x22,8000ad26	 x17:0x69d38e0d x22:0x00000000
      814135000	     40605	8000ad26	03385333	divu	x6,x16,x19	 x16:0x3fffffb1 x19:0x80021e0c  x6=0x00000000
      814155000	     40606	8000ad2a	8659	c.srai	x12,0x16	 x12:0x00000001 x12=0x00000000
      814895000	     40643	8000ad2c	02f3ebb3	rem	x23,x7,x15	  x7:0xfaeb9c09 x15:0x8001f8c5 x23=0xfaeb9c09
      814915000	     40644	8000ad30	861e	c.mv	x12,x7	  x0:0x00000000  x7:0xfaeb9c09 x12=0xfaeb9c09
      814935000	     40645	8000ad32	8931	c.andi	x10,12	 x10:0x80025b3a x10=0x00000008
      814955000	     40646	8000ad34	01531c13	slli	x24,x6,0x15	  x6:0x00000000 x24=0x00000000
      814975000	     40647	8000ad38	401cdf13	srai	x30,x25,0x1	 x25:0x00000000 x30=0x00000000
      814995000	     40648	8000ad3c	40b15093	srai	x1,x2,0xb	  x2:0xfffffff1  x1=0xffffffff
      815015000	     40649	8000ad40	0165b2b3	sltu	x5,x11,x22	 x11:0x00000000 x22:0x00000000  x5=0x00000000
      815035000	     40650	8000ad44	02f00533	mul	x10,x0,x15	  x0:0x00000000 x15:0x8001f8c5 x10=0x00000000
      815075000	     40652	8000ad48	0001	c.addi	x0,0	  x0:0x00000000  x0=0x00000000
      815095000	     40653	8000ad4a	cc99	c.beqz	x9,8000ad68	  x9:0x0003fce3
      815135000	     40655	8000ad4c	0360a733	mulhsu	x14,x1,x22	  x1:0xffffffff x22:0x00000000 x14=0x00000000
      815155000	     40656	8000ad50	77724293	xori	x5,x4,1911	  x4:0x00000001  x5=0x00000776
      815175000	     40657	8000ad54	2c3dbb93	sltiu	x23,x27,707	 x27:0x3fffffb1 x23=0x00000000
      815195000	     40658	8000ad58	41ee5093	srai	x1,x28,0x1e	 x28:0x00000001  x1=0x00000000
      815575000	     40677	8000ad5c	01ee9d93	slli	x27,x29,0x1e	 x29:0x00000000 x27=0x00000000
      815615000	     40679	8000ad60	02d87c33	remu	x24,x16,x13	 x16:0x3fffffb1 x13:0x00000000 x24=0x3fffffb1
      815815000	     40689	8000ad64	03d29133	mulh	x2,x5,x29	  x5:0x00000776 x29:0x00000000  x2=0x00000000
      816215000	     40709	8000ad68	03118a33	mul	x20,x3,x17	  x3:0x00019000 x17:0x69d38e0d x20=0x8df45000
      816235000	     40710	8000ad6c	05eb4363	blt	x22,x30,8000adb2	 x22:0x00000000 x30:0x00000000
      816655000	     40731	8000ad70	5c7d	c.li	x24,-1	 x24=0xffffffff
      816735000	     40735	8000ad72	417e5093	srai	x1,x28,0x17	 x28:0x00000001  x1=0x00000000
      816755000	     40736	8000ad76	a23b6a97	auipc	x21,0xa23b6	 x21=0x223c0d76
      816775000	     40737	8000ad7a	cd89	c.beqz	x11,8000ad94	 x11:0x00000000
      817035000	     40750	8000ad94	00c69913	slli	x18,x13,0xc	 x13:0x00000000 x18=0x00000000
      817775000	     40787	8000ad98	03e5bc33	mulhu	x24,x11,x30	 x11:0x00000000 x30:0x00000000 x24=0x00000000
      817815000	     40789	8000ad9c	02819033	mulh	x0,x3,x8	  x3:0x00019000  x8:0x00000000  x0=0x00000000
      817835000	     40790	8000ada0	416707b3	sub	x15,x14,x22	 x14:0x00000000 x22:0x00000000 x15=0x00000000
      818195000	     40808	8000ada4	0d5d8c97	auipc	x25,0xd5d8	 x25=0x8d5e2da4
      818415000	     40819	8000ada8	8fc1	c.or	x15,x8	 x15:0x00000000  x8:0x00000000 x15=0x00000000
      818435000	     40820	8000adaa	017e6663	bltu	x28,x23,8000adb6	 x28:0x00000001 x23:0x00000000
      818455000	     40821	8000adae	004ff463	bgeu	x31,x4,8000adb6	 x31:0x00000001  x4:0x00000001
      818835000	     40840	8000adb6	00c9a733	slt	x14,x19,x12	 x19:0x80021e0c x12:0xfaeb9c09 x14=0x00000001
      818855000	     40841	8000adba	776d4413	xori	x8,x26,1910	 x26:0x80025ce4  x8=0x80025b92
      819075000	     40852	8000adbe	03c0bcb3	mulhu	x25,x1,x28	  x1:0x00000000 x28:0x00000001 x25=0x00000000
      819095000	     40853	8000adc2	8d9a	c.mv	x27,x6	  x0:0x00000000  x6:0x00000000 x27=0x00000000
      819115000	     40854	8000adc4	015a9f93	slli	x31,x21,0x15	 x21:0x223c0d76 x31=0xaec00000
      819135000	     40855	8000adc8	8725	c.srai	x14,0x9	 x14:0x00000001 x14=0x00000000
      819195000	     40858	8000adca	0138d813	srli	x16,x17,0x13	 x17:0x69d38e0d x16=0x00000d3a
      819215000	     40859	8000adce	94da	c.add	x9,x22	  x9:0x0003fce3 x22:0x00000000  x9=0x0003fce3
      819615000	     40879	8000add0	b13d0093	addi	x1,x26,-1261	 x26:0x80025ce4  x1=0x800257f7
      819635000	     40880	8000add4	0010b0b3	sltu	x1,x1,x1	  x1:0x800257f7  x1:0x800257f7  x1=0x00000000
      819815000	     40889	8000add8	1414	c.addi4spn	x13,x2,544	 x13=0x00000220
      820235000	     40910	8000adda	10002713	slti	x14,x0,256	  x0:0x00000000 x14=0x00000001
      820255000	     40911	8000adde	c766e213	ori	x4,x13,-906	 x13:0x00000220  x4=0xfffffe76
      820275000	     40912	8000ade2	80e5	c.srli	x9,0x19	  x9:0x0003fce3  x9=0x00000000
      820295000	     40913	8000ade4	50698893	addi	x17,x19,1286	 x19:0x80021e0c x17=0x80022312
      820415000	     40919	8000ade8	01222233	slt	x4,x4,x18	  x4:0xfffffe76 x18:0x00000000  x4=0x00000001
      820695000	     40933	8000adec	01da3033	sltu	x0,x20,x29	 x20:0x8df45000 x29:0x00000000  x0=0x00000000
      820715000	     40934	8000adf0	45b5aa13	slti	x20,x11,1115	 x11:0x00000000 x20=0x00000001
      820735000	     40935	8000adf4	12e7d7b7	lui	x15,0x12e7d	 x15=0x12e7d000
      820875000	     40942	8000adf8	01eccc63	blt	x25,x30,8000ae10	 x25:0x00000000 x30:0x00000000
      820895000	     40943	8000adfc	117d	c.addi	x2,-1	  x2:0x00000000  x2=0xffffffff
      820955000	     40946	8000adfe	82e60293	addi	x5,x12,-2002	 x12:0xfaeb9c09  x5=0xfaeb9437
      821695000	     40983	8000ae02	028972b3	remu	x5,x18,x8	 x18:0x00000000  x8:0x80025b92  x5=0x00000000
      821715000	     40984	8000ae06	8de9	c.and	x11,x10	 x11:0x00000000 x10:0x00000000 x11=0x00000000
      821735000	     40985	8000ae08	7b738c93	addi	x25,x7,1975	  x7:0xfaeb9c09 x25=0xfaeba3c0
      821755000	     40986	8000ae0c	0ff0000f	fence	iorw,iorw	
      821795000	     40988	8000ae10	03d83eb3	mulhu	x29,x16,x29	 x16:0x00000d3a x29:0x00000000 x29=0x00000000
      822535000	     41025	8000ae14	03037b33	remu	x22,x6,x16	  x6:0x00000000 x16:0x00000d3a x22=0x00000000
      822555000	     41026	8000ae18	0001	c.addi	x0,0	  x0:0x00000000  x0=0x00000000
      822595000	     41028	8000ae1a	039b1333	mulh	x6,x22,x25	 x22:0x00000000 x25:0xfaeba3c0  x6=0x00000000
      822815000	     41039	8000ae1e	014084b3	add	x9,x1,x20	  x1:0x00000000 x20:0x00000001  x9=0x00000001
      822835000	     41040	8000ae22	6799	c.lui	x15,0x6	 x15=0x00006000
      822855000	     41041	8000ae24	56cec593	xori	x11,x29,1388	 x29:0x00000000 x11=0x0000056c
      822895000	     41043	8000ae28	0388b8b3	mulhu	x17,x17,x24	 x17:0x80022312 x24:0x00000000 x17=0x00000000
      822915000	     41044	8000ae2c	01b15d63	bge	x2,x27,8000ae46	  x2:0xffffffff x27:0x00000000
      822935000	     41045	8000ae30	01c49463	bne	x9,x28,8000ae38	  x9:0x00000001 x28:0x00000001
      823015000	     41049	8000ae34	46b9	c.li	x13,14	 x13=0x0000000e
      823035000	     41050	8000ae36	8ea1	c.xor	x13,x8	 x13:0x0000000e  x8:0x80025b92 x13=0x80025b9c
      823055000	     41051	8000ae38	e019	c.bnez	x8,8000ae3e	  x8:0x80025b92
      823695000	     41083	8000ae3e	01975333	srl	x6,x14,x25	 x14:0x00000001 x25:0xfaeba3c0  x6=0x00000001
      823835000	     41090	8000ae42	a89ec913	xori	x18,x29,-1399	 x29:0x00000000 x18=0xfffffa89
      824115000	     41104	8000ae46	013200b3	add	x1,x4,x19	  x4:0x00000001 x19:0x80021e0c  x1=0x80021e0d
      824555000	     41126	8000ae4a	0385cf33	div	x30,x11,x24	 x11:0x0000056c x24:0x00000000 x30=0xffffffff
      824575000	     41127	8000ae4e	8ea1	c.xor	x13,x8	 x13:0x80025b9c  x8:0x80025b92 x13=0x0000000e
      824655000	     41131	8000ae50	9afd	c.andi	x13,-1	 x13:0x0000000e x13=0x0000000e
      824675000	     41132	8000ae52	86dd	c.srai	x13,0x17	 x13:0x0000000e x13=0x00000000
      824695000	     41133	8000ae54	01e91b93	slli	x23,x18,0x1e	 x18:0xfffffa89 x23=0x40000000
      825535000	     41175	8000ae58	0393e8b3	rem	x17,x7,x25	  x7:0xfaeb9c09 x25:0xfaeba3c0 x17=0xfffff849
      825555000	     41176	8000ae5c	01c4e333	or	x6,x9,x28	  x9:0x00000001 x28:0x00000001  x6=0x00000001
      826295000	     41213	8000ae60	02986033	rem	x0,x16,x9	 x16:0x00000d3a  x9:0x00000001  x0=0x00000000
      826315000	     41214	8000ae64	8d00d637	lui	x12,0x8d00d	 x12=0x8d00d000
      826355000	     41216	8000ae68	0392adb3	mulhsu	x27,x5,x25	  x5:0x00000000 x25:0xfaeba3c0 x27=0x00000000
      826375000	     41217	8000ae6c	02208863	beq	x1,x2,8000ae9c	  x1:0x80021e0d  x2:0xffffffff
      826395000	     41218	8000ae70	004f9db3	sll	x27,x31,x4	 x31:0xaec00000  x4:0x00000001 x27=0x5d800000
      826415000	     41219	8000ae74	d84c2893	slti	x17,x24,-636	 x24:0x00000000 x17=0x00000000
      826435000	     41220	8000ae78	03d384b3	mul	x9,x7,x29	  x7:0xfaeb9c09 x29:0x00000000  x9=0x00000000
      826515000	     41224	8000ae7c	0e9d8f93	addi	x31,x27,233	 x27:0x5d800000 x31=0x5d8000e9
      826875000	     41242	8000ae80	8fb1	c.xor	x15,x12	 x15:0x00006000 x12:0x8d00d000 x15=0x8d00b000
      826895000	     41243	8000ae82	01349d93	slli	x27,x9,0x13	  x9:0x00000000 x27=0x00000000
      827315000	     41264	8000ae86	000ad033	srl	x0,x21,x0	 x21:0x223c0d76  x0:0x00000000  x0=0x00000000
      827335000	     41265	8000ae8a	8b49	c.andi	x14,18	 x14:0x00000001 x14=0x00000000
      827355000	     41266	8000ae8c	008d1113	slli	x2,x26,0x8	 x26:0x80025ce4  x2=0x025ce400
      827375000	     41267	8000ae90	04e41263	bne	x8,x14,8000aed4	  x8:0x80025b92 x14:0x00000000
      827755000	     41286	8000aed4	0001	c.addi	x0,0	  x0:0x00000000  x0=0x00000000
      827775000	     41287	8000aed6	8df5	c.and	x11,x13	 x11:0x0000056c x13:0x00000000 x11=0x00000000
      827795000	     41288	8000aed8	00688833	add	x16,x17,x6	 x17:0x00000000  x6:0x00000001 x16=0x00000001
      827835000	     41290	8000aedc	0309b4b3	mulhu	x9,x19,x16	 x19:0x80021e0c x16:0x00000001  x9=0x00000000
      827855000	     41291	8000aee0	03b88663	beq	x17,x27,8000af0c	 x17:0x00000000 x27:0x00000000
      827955000	     41296	8000af0c	01bbd413	srli	x8,x23,0x1b	 x23:0x40000000  x8=0x00000008
      828175000	     41307	8000af10	005fa933	slt	x18,x31,x5	 x31:0x5d8000e9  x5:0x00000000 x18=0x00000000
      828595000	     41328	8000af14	1e883917	auipc	x18,0x1e883	 x18=0x9e88df14
      828715000	     41334	8000af18	717d	c.addi16sp	x2,-16	  x2:0x025ce400  x2=0x025ce3f0
      828855000	     41341	8000af1a	01a4cf33	xor	x30,x9,x26	  x9:0x00000000 x26:0x80025ce4 x30=0x80025ce4
      828915000	     41344	8000af1e	0ff0000f	fence	iorw,iorw	
      829075000	     41352	8000af22	28597893	andi	x17,x18,645	 x18:0x9e88df14 x17=0x00000204
      829095000	     41353	8000af26	00c8de33	srl	x28,x17,x12	 x17:0x00000204 x12:0x8d00d000 x28=0x00000204
      829115000	     41354	8000af2a	c005	c.beqz	x8,8000af4a	  x8:0x00000008
      829175000	     41357	8000af2c	624fe413	ori	x8,x31,1572	 x31:0x5d8000e9  x8=0x5d8006ed
      829995000	     41398	8000af30	02615db3	divu	x27,x2,x6	  x2:0x025ce3f0  x6:0x00000001 x27=0x025ce3f0
      830035000	     41400	8000af34	02b39c33	mulh	x24,x7,x11	  x7:0xfaeb9c09 x11:0x00000000 x24=0x00000000
      830055000	     41401	8000af38	0001	c.addi	x0,0	  x0:0x00000000  x0=0x00000000
      830075000	     41402	8000af3a	47f1	c.li	x15,28	 x15=0x0000001c
      830815000	     41439	8000af3c	0320f533	remu	x10,x1,x18	  x1:0x80021e0d x18:0x9e88df14 x10=0x80021e0d
      830835000	     41440	8000af40	1680c713	xori	x14,x1,360	  x1:0x80021e0d x14=0x80021f65
      830855000	     41441	8000af44	01d86693	ori	x13,x16,29	 x16:0x00000001 x13=0x0000001d
      830875000	     41442	8000af48	8d4d	c.or	x10,x11	 x10:0x80021e0d x11:0x00000000 x10=0x80021e0d
      830915000	     41444	8000af4a	033e2cb3	mulhsu	x25,x28,x19	 x28:0x00000204 x19:0x80021e0c x25=0x00000102
      830935000	     41445	8000af4e	0145b5b3	sltu	x11,x11,x20	 x11:0x00000000 x20:0x00000001 x11=0x00000001
      831675000	     41482	8000af52	02cae6b3	rem	x13,x21,x12	 x21:0x223c0d76 x12:0x8d00d000 x13=0x223c0d76
      831695000	     41483	8000af56	01f324b3	slt	x9,x6,x31	  x6:0x00000001 x31:0x5d8000e9  x9=0x00000001
      831715000	     41484	8000af5a	4de1	c.li	x27,24	 x27=0x00000018
      831735000	     41485	8000af5c	6d24f337	lui	x6,0x6d24f	  x6=0x6d24f000
      831755000	     41486	8000af60	0000100f	fence.i	
      831935000	     41495	8000af64	400d8db3	sub	x27,x27,x0	 x27:0x00000018  x0:0x00000000 x27=0x00000018
      832355000	     41516	8000af68	01469f33	sll	x30,x13,x20	 x13:0x223c0d76 x20:0x00000001 x30=0x44781aec
      832775000	     41537	8000af6c	52fd	c.li	x5,-1	  x5=0xffffffff
      832955000	     41546	8000af6e	020bd033	divu	x0,x23,x0	 x23:0x40000000  x0:0x00000000  x0=0x00000000
      832975000	     41547	8000af72	002140b3	xor	x1,x2,x2	  x2:0x025ce3f0  x2:0x025ce3f0  x1=0x00000000
      833115000	     41554	8000af76	195bee93	ori	x29,x23,405	 x23:0x40000000 x29=0x40000195
      833175000	     41557	8000af7a	03703333	mulhu	x6,x0,x23	  x0:0x00000000 x23:0x40000000  x6=0x00000000
      833235000	     41560	8000af7e	01b59f93	slli	x31,x11,0x1b	 x11:0x00000001 x31=0x08000000
      833535000	     41575	8000af82	00948633	add	x12,x9,x9	  x9:0x00000001  x9:0x00000001 x12=0x00000002
      833555000	     41576	8000af86	0001	c.addi	x0,0	  x0:0x00000000  x0=0x00000000
      833975000	     41597	8000af88	038b3533	mulhu	x10,x22,x24	 x22:0x00000000 x24:0x00000000 x10=0x00000000
      833995000	     41598	8000af8c	0154e5b3	or	x11,x9,x21	  x9:0x00000001 x21:0x223c0d76 x11=0x223c0d77
      834075000	     41602	8000af90	01e96e63	bltu	x18,x30,8000afac	 x18:0x9e88df14 x30:0x44781aec
      834895000	     41643	8000af94	03a26fb3	rem	x31,x4,x26	  x4:0x00000001 x26:0x80025ce4 x31=0x00000001
      834915000	     41644	8000af98	c699	c.beqz	x13,8000afa6	 x13:0x223c0d76
      834935000	     41645	8000af9a	8772	c.mv	x14,x28	  x0:0x00000000 x28:0x00000204 x14=0x00000204
      834955000	     41646	8000af9c	c089	c.beqz	x9,8000af9e	  x9:0x00000001
      834975000	     41647	8000af9e	00491d93	slli	x27,x18,0x4	 x18:0x9e88df14 x27=0xe88df140
      834995000	     41648	8000afa2	0175e963	bltu	x11,x23,8000afb4	 x11:0x223c0d77 x23:0x40000000
      835215000	     41659	8000afb4	413b5593	srai	x11,x22,0x13	 x22:0x00000000 x11=0x00000000
      835575000	     41677	8000afb8	b586e893	ori	x17,x13,-1192	 x13:0x223c0d76 x17=0xffffff7e
      836495000	     41723	8000afbc	034f70b3	remu	x1,x30,x20	 x30:0x44781aec x20:0x00000001  x1=0x00000000
      836515000	     41724	8000afc0	f1e8e713	ori	x14,x17,-226	 x17:0xffffff7e x14=0xffffff7e
      836535000	     41725	8000afc4	80cb2613	slti	x12,x22,-2036	 x22:0x00000000 x12=0x00000000
      836555000	     41726	8000afc8	8d41	c.or	x10,x8	 x10:0x00000000  x8:0x5d8006ed x10=0x5d8006ed
      836575000	     41727	8000afca	08505297	auipc	x5,0x8505	  x5=0x8850ffca
      836595000	     41728	8000afce	628ec593	xori	x11,x29,1576	 x29:0x40000195 x11=0x400007bd
      836615000	     41729	8000afd2	6811	c.lui	x16,0x4	 x16=0x00004000
      836875000	     41742	8000afd4	9ebe	c.add	x29,x15	 x29:0x40000195 x15:0x0000001c x29=0x400001b1
      836895000	     41743	8000afd6	0334e263	bltu	x9,x19,8000affa	  x9:0x00000001 x19:0x80021e0c
      837155000	     41756	8000affa	00892033	slt	x0,x18,x8	 x18:0x9e88df14  x8:0x5d8006ed  x0=0x00000000
      837175000	     41757	8000affe	00dbd333	srl	x6,x23,x13	 x23:0x40000000 x13:0x223c0d76  x6=0x00000100
      837195000	     41758	8000b002	0003d313	srli	x6,x7,0x0	  x7:0xfaeb9c09  x6=0xfaeb9c09
      837215000	     41759	8000b006	e1f03b93	sltiu	x23,x0,-481	  x0:0x00000000 x23=0x00000001
      837255000	     41761	8000b00a	02bc9eb3	mulh	x29,x25,x11	 x25:0x00000102 x11:0x400007bd x29=0x00000040
      837275000	     41762	8000b00e	b4ab3c13	sltiu	x24,x22,-1206	 x22:0x00000000 x24=0x00000001
      837315000	     41764	8000b012	03d32f33	mulhsu	x30,x6,x29	  x6:0xfaeb9c09 x29:0x00000040 x30=0xfffffffe
      837335000	     41765	8000b016	0be2	c.slli	x23,0x18	 x23:0x00000001 x23=0x01000000
      837535000	     41775	8000b018	41e75eb3	sra	x29,x14,x30	 x14:0xffffff7e x30:0xfffffffe x29=0xffffffff
      837615000	     41779	8000b01c	037d2b33	mulhsu	x22,x26,x23	 x26:0x80025ce4 x23:0x01000000 x22=0xff80025c
      837635000	     41780	8000b020	7d837d93	andi	x27,x6,2008	  x6:0xfaeb9c09 x27=0x00000408
      837655000	     41781	8000b024	1210	c.addi4spn	x12,x2,288	 x12=0x025ce510
      837695000	     41783	8000b026	00b35e63	bge	x6,x11,8000b042	  x6:0xfaeb9c09 x11:0x400007bd
      837715000	     41784	8000b02a	882d	c.andi	x8,11	  x8:0x5d8006ed  x8=0x00000009
      837835000	     41790	8000b02c	41d85593	srai	x11,x16,0x1d	 x16:0x00004000 x11=0x00000000
      838235000	     41810	8000b030	6bed	c.lui	x23,0x1b	 x23=0x0001b000
      838255000	     41811	8000b032	02cd0433	mul	x8,x26,x12	 x26:0x80025ce4 x12:0x025ce510  x8=0x472dc240
      838415000	     41819	8000b036	00145c93	srli	x25,x8,0x1	  x8:0x472dc240 x25=0x2396e120
      838435000	     41820	8000b03a	41b25193	srai	x3,x4,0x1b	  x4:0x00000001  x3=0x00000000
      838455000	     41821	8000b03e	985fb413	sltiu	x8,x31,-1659	 x31:0x00000001  x8=0x00000001
      838475000	     41822	8000b042	0000100f	fence.i	
      838755000	     41836	8000b046	02a7beb3	mulhu	x29,x15,x10	 x15:0x0000001c x10:0x5d8006ed x29=0x0000000a
      838775000	     41837	8000b04a	00969413	slli	x8,x13,0x9	 x13:0x223c0d76  x8=0x781aec00
      838795000	     41838	8000b04e	8ef9	c.and	x13,x14	 x13:0x223c0d76 x14:0xffffff7e x13=0x223c0d76
      839175000	     41857	8000b050	018595b3	sll	x11,x11,x24	 x11:0x00000000 x24:0x00000001 x11=0x00000000
      839195000	     41858	8000b054	409edab3	sra	x21,x29,x9	 x29:0x0000000a  x9:0x00000001 x21=0x00000005
      839375000	     41867	8000b058	02e1c363	blt	x3,x14,8000b07e	  x3:0x00000000 x14:0xffffff7e
      839395000	     41868	8000b05c	01a37b63	bgeu	x6,x26,8000b072	  x6:0xfaeb9c09 x26:0x80025ce4
      840655000	     41931	8000b072	0367f433	remu	x8,x15,x22	 x15:0x0000001c x22:0xff80025c  x8=0x0000001c
      847755000	     42286	8000b076	8e61	c.and	x12,x8	 x12:0x025ce510  x8:0x0000001c x12=0x00000010
      847775000	     42287	8000b078	00b5b8b3	sltu	x17,x11,x11	 x11:0x00000000 x11:0x00000000 x17=0x00000000
      847795000	     42288	8000b07c	8bf1	c.andi	x15,28	 x15:0x0000001c x15=0x0000001c
      847815000	     42289	8000b07e	02491863	bne	x18,x4,8000b0ae	 x18:0x9e88df14  x4:0x00000001
      848135000	     42305	8000b0ae	0001	c.addi	x0,0	  x0:0x00000000  x0=0x00000000
      848175000	     42307	8000b0b0	8ec1	c.or	x13,x8	 x13:0x223c0d76  x8:0x0000001c x13=0x223c0d7e
      848195000	     42308	8000b0b2	056a	c.slli	x10,0x1a	 x10:0x5d8006ed x10=0xb4000000
      848315000	     42314	8000b0b4	003cd263	bge	x25,x3,8000b0b8	 x25:0x2396e120  x3:0x00000000
      849475000	     42372	8000b0b8	84b1	c.srai	x9,0xc	  x9:0x00000001  x9=0x00000000
      849495000	     42373	8000b0ba	0ff0000f	fence	iorw,iorw	
      849515000	     42374	8000b0be	02f14563	blt	x2,x15,8000b0e8	  x2:0x025ce3f0 x15:0x0000001c
      849555000	     42376	8000b0c2	01799413	slli	x8,x19,0x17	 x19:0x80021e0c  x8=0x06000000
      849575000	     42377	8000b0c6	717d	c.addi16sp	x2,-16	  x2:0x025ce3f0  x2=0x025ce3e0
      849635000	     42380	8000b0c8	9246	c.add	x4,x17	  x4:0x00000001 x17:0x00000000  x4=0x00000001
      849655000	     42381	8000b0ca	8efd	c.and	x13,x15	 x13:0x223c0d7e x15:0x0000001c x13=0x0000001c
      849835000	     42390	8000b0cc	05cd1063	bne	x26,x28,8000b10c	 x26:0x80025ce4 x28:0x00000204
      850215000	     42409	8000b10c	717d	c.addi16sp	x2,-16	  x2:0x025ce3e0  x2=0x025ce3d0
      850515000	     42424	8000b10e	00abdb63	bge	x23,x10,8000b124	 x23:0x0001b000 x10:0xb4000000
      851235000	     42460	8000b124	0001	c.addi	x0,0	  x0:0x00000000  x0=0x00000000
      851275000	     42462	8000b126	03f95463	bge	x18,x31,8000b14e	 x18:0x9e88df14 x31:0x00000001
      851295000	     42463	8000b12a	406e0433	sub	x8,x28,x6	 x28:0x00000204  x6:0xfaeb9c09  x8=0x051465fb
      851375000	     42467	8000b12e	40928db3	sub	x27,x5,x9	  x5:0x8850ffca  x9:0x00000000 x27=0x8850ffca
      851575000	     42477	8000b132	0000100f	fence.i	
      852075000	     42502	8000b136	01e20e33	add	x28,x4,x30	  x4:0x00000001 x30:0xfffffffe x28=0xffffffff
      852275000	     42512	8000b13a	00ee8e63	beq	x29,x14,8000b156	 x29:0x0000000a x14:0xffffff7e
      852335000	     42515	8000b13e	020254b3	divu	x9,x4,x0	  x4:0x00000001  x0:0x00000000  x9=0xffffffff
      852355000	     42516	8000b142	00c8aa33	slt	x20,x17,x12	 x17:0x00000000 x12:0x00000010 x20=0x00000001
      852375000	     42517	8000b146	00fe9463	bne	x29,x15,8000b14e	 x29:0x0000000a x15:0x0000001c
      852475000	     42522	8000b14e	0fba	c.slli	x31,0xe	 x31:0x00000001 x31=0x00004000
      852495000	     42523	8000b150	82d9	c.srli	x13,0x16	 x13:0x0000001c x13=0x00000000
      852595000	     42528	8000b152	03dbfb63	bgeu	x23,x29,8000b188	 x23:0x0001b000 x29:0x0000000a
      853395000	     42568	8000b188	00aa4333	xor	x6,x20,x10	 x20:0x00000001 x10:0xb4000000  x6=0xb4000001
      853415000	     42569	8000b18c	0ff0000f	fence	iorw,iorw	
      853435000	     42570	8000b190	8c69	c.and	x8,x10	  x8:0x051465fb x10:0xb4000000  x8=0x04000000
      853455000	     42571	8000b192	019997b3	sll	x15,x19,x25	 x19:0x80021e0c x25:0x2396e120 x15=0x80021e0c
      853535000	     42575	8000b196	009e9513	slli	x10,x29,0x9	 x29:0x0000000a x10=0x00001400
      853555000	     42576	8000b19a	02800033	mul	x0,x0,x8	  x0:0x00000000  x8:0x04000000  x0=0x00000000
      853795000	     42588	8000b19e	00f8ea33	or	x20,x17,x15	 x17:0x00000000 x15:0x80021e0c x20=0x80021e0c
      853815000	     42589	8000b1a2	0dfa	c.slli	x27,0x1e	 x27:0x8850ffca x27=0x80000000
      853835000	     42590	8000b1a4	42006b13	ori	x22,x0,1056	  x0:0x00000000 x22=0x00000420
      854095000	     42603	8000b1a8	9afd	c.andi	x13,-1	 x13:0x00000000 x13=0x00000000
      854415000	     42619	8000b1aa	024d9963	bne	x27,x4,8000b1dc	 x27:0x80000000  x4:0x00000001
      854775000	     42637	8000b1dc	02af9063	bne	x31,x10,8000b1fc	 x31:0x00004000 x10:0x00001400
      855715000	     42684	8000b1fc	8ce9	c.and	x9,x10	  x9:0xffffffff x10:0x00001400  x9=0x00001400
      855735000	     42685	8000b1fe	4ec1	c.li	x29,16	 x29=0x00000010
      855755000	     42686	8000b200	02109863	bne	x1,x1,8000b230	  x1:0x00000000  x1:0x00000000
      856495000	     42723	8000b204	02ecd133	divu	x2,x25,x14	 x25:0x2396e120 x14:0xffffff7e  x2=0x00000000
      856515000	     42724	8000b208	f24ea813	slti	x16,x29,-220	 x29:0x00000010 x16=0x00000000
      856535000	     42725	8000b20c	003d9613	slli	x12,x27,0x3	 x27:0x80000000 x12=0x00000000
      856555000	     42726	8000b210	01610eb3	add	x29,x2,x22	  x2:0x00000000 x22:0x00000420 x29=0x00000420
      856575000	     42727	8000b214	00809613	slli	x12,x1,0x8	  x1:0x00000000 x12=0x00000000
      856595000	     42728	8000b218	0144b633	sltu	x12,x9,x20	  x9:0x00001400 x20:0x80021e0c x12=0x00000001
      856975000	     42747	8000b21c	cc11	c.beqz	x8,8000b238	  x8:0x04000000
      857015000	     42749	8000b21e	034d28b3	mulhsu	x17,x26,x20	 x26:0x80025ce4 x20:0x80021e0c x17=0xc0001f71
      857415000	     42769	8000b222	96c8ff13	andi	x30,x17,-1684	 x17:0xc0001f71 x30=0xc0001960
      857435000	     42770	8000b226	7796a613	slti	x12,x13,1913	 x13:0x00000000 x12=0x00000001
      857455000	     42771	8000b22a	01a2e833	or	x16,x5,x26	  x5:0x8850ffca x26:0x80025ce4 x16=0x8852ffee
      857475000	     42772	8000b22e	0001	c.addi	x0,0	  x0:0x00000000  x0=0x00000000
      857515000	     42774	8000b230	029a25b3	mulhsu	x11,x20,x9	 x20:0x80021e0c  x9:0x00001400 x11=0xfffff600
      857895000	     42793	8000b234	03e1d363	bge	x3,x30,8000b25a	  x3:0x00000000 x30:0xc0001960
      858015000	     42799	8000b25a	40cb0eb3	sub	x29,x22,x12	 x22:0x00000420 x12:0x00000001 x29=0x0000041f
      858035000	     42800	8000b25e	00914463	blt	x2,x9,8000b266	  x2:0x00000000  x9:0x00001400
      858395000	     42818	8000b266	0e55	c.addi	x28,21	 x28:0xffffffff x28=0x00000014
      858815000	     42839	8000b268	01c8d313	srli	x6,x17,0x1c	 x17:0xc0001f71  x6=0x0000000c
      858835000	     42840	8000b26c	419a5493	srai	x9,x20,0x19	 x20:0x80021e0c  x9=0xffffffc0
      858855000	     42841	8000b270	6319	c.lui	x6,0x6	  x6=0x00006000
      858875000	     42842	8000b272	717d	c.addi16sp	x2,-16	  x2:0x00000000  x2=0xfffffff0
      859275000	     42862	8000b274	025df863	bgeu	x27,x5,8000b2a4	 x27:0x80000000  x5:0x8850ffca
      859295000	     42863	8000b278	01905713	srli	x14,x0,0x19	  x0:0x00000000 x14=0x00000000
      859435000	     42870	8000b27c	00065a33	srl	x20,x12,x0	 x12:0x00000001  x0:0x00000000 x20=0x00000001
      859455000	     42871	8000b280	9bfd	c.andi	x15,-1	 x15:0x80021e0c x15=0x80021e0c
      859735000	     42885	8000b282	01f525b3	slt	x11,x10,x31	 x10:0x00001400 x31:0x00004000 x11=0x00000001
      859935000	     42895	8000b286	2aea5917	auipc	x18,0x2aea5	 x18=0xaaeb0286
      859955000	     42896	8000b28a	01544563	blt	x8,x21,8000b294	  x8:0x04000000 x21:0x00000005
      859995000	     42898	8000b28e	03561ab3	mulh	x21,x12,x21	 x12:0x00000001 x21:0x00000005 x21=0x00000000
      860015000	     42899	8000b292	0151	c.addi	x2,20	  x2:0xfffffff0  x2=0x00000004
      860395000	     42918	8000b294	0ff0000f	fence	iorw,iorw	
      860415000	     42919	8000b298	8f61	c.and	x14,x8	 x14:0x00000000  x8:0x04000000 x14=0x00000000
      860435000	     42920	8000b29a	8925	c.andi	x10,9	 x10:0x00001400 x10=0x00000000
      860835000	     42940	8000b29c	e891	c.bnez	x9,8000b2b0	  x9:0xffffffc0
      861895000	     42993	8000b2b0	69bffe93	andi	x29,x31,1691	 x31:0x00004000 x29=0x00000000
      861915000	     42994	8000b2b4	717d	c.addi16sp	x2,-16	  x2:0x00000004  x2=0xfffffff4
      861935000	     42995	8000b2b6	41f9d6b3	sra	x13,x19,x31	 x19:0x80021e0c x31:0x00004000 x13=0x80021e0c
      861955000	     42996	8000b2ba	8255	c.srli	x12,0x15	 x12:0x00000001 x12=0x00000000
      862335000	     43015	8000b2bc	014de263	bltu	x27,x20,8000b2c0	 x27:0x80000000 x20:0x00000001
      862375000	     43017	8000b2c0	00e01d63	bne	x0,x14,8000b2da	  x0:0x00000000 x14:0x00000000
      862395000	     43018	8000b2c4	841d	c.srai	x8,0x7	  x8:0x04000000  x8=0x00080000
      862455000	     43021	8000b2c6	0000100f	fence.i	
      863135000	     43055	8000b2ca	0000100f	fence.i	
      863535000	     43075	8000b2ce	8b61	c.andi	x14,24	 x14:0x00000000 x14=0x00000000
      863555000	     43076	8000b2d0	01c3cb63	blt	x7,x28,8000b2e6	  x7:0xfaeb9c09 x28:0x00000014
      863935000	     43095	8000b2e6	01db9cb3	sll	x25,x23,x29	 x23:0x0001b000 x29:0x00000000 x25=0x0001b000
      863955000	     43096	8000b2ea	9a7d	c.andi	x12,-1	 x12:0x00000000 x12=0x00000000
      863975000	     43097	8000b2ec	03168db3	mul	x27,x13,x17	 x13:0x80021e0c x17:0xc0001f71 x27=0xc292b74c
      863995000	     43098	8000b2f0	8305	c.srli	x14,0x1	 x14:0x00000000 x14=0x00000000
      864075000	     43102	8000b2f2	015eaeb3	slt	x29,x29,x21	 x29:0x00000000 x21:0x00000000 x29=0x00000000
      864095000	     43103	8000b2f6	ec99	c.bnez	x9,8000b314	  x9:0xffffffc0
      864375000	     43117	8000b314	02add863	bge	x27,x10,8000b344	 x27:0xc292b74c x10:0x00000000
      864395000	     43118	8000b318	0001	c.addi	x0,0	  x0:0x00000000  x0=0x00000000
      864415000	     43119	8000b31a	814a	c.mv	x2,x18	  x0:0x00000000 x18:0xaaeb0286  x2=0xaaeb0286
      864595000	     43128	8000b31c	01979413	slli	x8,x15,0x19	 x15:0x80021e0c  x8=0x18000000
      864715000	     43134	8000b320	0001	c.addi	x0,0	  x0:0x00000000  x0=0x00000000
      864735000	     43135	8000b322	27eb4c93	xori	x25,x22,638	 x22:0x00000420 x25=0x0000065e
      864755000	     43136	8000b326	40448233	sub	x4,x9,x4	  x9:0xffffffc0  x4:0x00000001  x4=0xffffffbf
      864775000	     43137	8000b32a	8df1	c.and	x11,x12	 x11:0x00000001 x12:0x00000000 x11=0x00000000
      865075000	     43152	8000b32c	87fd	c.srai	x15,0x1f	 x15:0x80021e0c x15=0xffffffff
      865095000	     43153	8000b32e	480d	c.li	x16,3	 x16=0x00000003
      865115000	     43154	8000b330	01ec0e63	beq	x24,x30,8000b34c	 x24:0x00000001 x30:0xc0001960
      866075000	     43202	8000b334	03836333	rem	x6,x6,x24	  x6:0x00006000 x24:0x00000001  x6=0x00000000
      866095000	     43203	8000b338	61f92713	slti	x14,x18,1567	 x18:0xaaeb0286 x14=0x00000001
      866115000	     43204	8000b33c	9c8dc413	xori	x8,x27,-1592	 x27:0xc292b74c  x8=0x3d6d4e84
      866135000	     43205	8000b340	01a894b3	sll	x9,x17,x26	 x17:0xc0001f71 x26:0x80025ce4  x9=0x0001f710
      866155000	     43206	8000b344	000a37b3	sltu	x15,x20,x0	 x20:0x00000001  x0:0x00000000 x15=0x00000000
      866175000	     43207	8000b348	408a5113	srai	x2,x20,0x8	 x20:0x00000001  x2=0x00000000
      866195000	     43208	8000b34c	858a	c.mv	x11,x2	  x0:0x00000000  x2:0x00000000 x11=0x00000000
      866255000	     43211	8000b34e	03e4a6b3	mulhsu	x13,x9,x30	  x9:0x0001f710 x30:0xc0001960 x13=0x0001794c
      866275000	     43212	8000b352	015b66b3	or	x13,x22,x21	 x22:0x00000420 x21:0x00000000 x13=0x00000420
      866295000	     43213	8000b356	c189	c.beqz	x11,8000b358	 x11:0x00000000
      866915000	     43244	8000b358	000dfbb3	and	x23,x27,x0	 x27:0xc292b74c  x0:0x00000000 x23=0x00000000
      866935000	     43245	8000b35c	e88d7813	andi	x16,x26,-376	 x26:0x80025ce4 x16=0x80025c80
      866955000	     43246	8000b360	98b6	c.add	x17,x13	 x17:0xc0001f71 x13:0x00000420 x17=0xc0002391
      867335000	     43265	8000b362	020bb2b3	mulhu	x5,x23,x0	 x23:0x00000000  x0:0x00000000  x5=0x00000000
      867655000	     43281	8000b366	02913833	mulhu	x16,x2,x9	  x2:0x00000000  x9:0x0001f710 x16=0x00000000
      867675000	     43282	8000b36a	402cd213	srai	x4,x25,0x2	 x25:0x0000065e  x4=0x00000197
      868095000	     43303	8000b36e	02da1db3	mulh	x27,x20,x13	 x20:0x00000001 x13:0x00000420 x27=0x00000000
      868115000	     43304	8000b372	8805	c.andi	x8,1	  x8:0x3d6d4e84  x8=0x00000000
      868295000	     43313	8000b374	0088e933	or	x18,x17,x8	 x17:0xc0002391  x8:0x00000000 x18=0xc0002391
      868495000	     43323	8000b378	5a7d	c.li	x20,-1	 x20=0xffffffff
      868515000	     43324	8000b37a	0290	c.addi4spn	x12,x2,320	 x12=0x00000140
      868655000	     43331	8000b37c	8cb9	c.xor	x9,x14	  x9:0x0001f710 x14:0x00000001  x9=0x0001f711
      868795000	     43338	8000b37e	0ff0000f	fence	iorw,iorw	
      868815000	     43339	8000b382	0f91	c.addi	x31,4	 x31:0x00004000 x31=0x00004004
      868835000	     43340	8000b384	6e65	c.lui	x28,0x19	 x28=0x00019000
      868915000	     43344	8000b386	41c20fb3	sub	x31,x4,x28	  x4:0x00000197 x28:0x00019000 x31=0xfffe7197
      868995000	     43348	8000b38a	01915c63	bge	x2,x25,8000b3a2	  x2:0x00000000 x25:0x0000065e
      869015000	     43349	8000b38e	0001	c.addi	x0,0	  x0:0x00000000  x0=0x00000000
      869195000	     43358	8000b390	024796b3	mulh	x13,x15,x4	 x15:0x00000000  x4:0x00000197 x13=0x00000000
      869215000	     43359	8000b394	0000100f	fence.i	
      869515000	     43374	8000b398	006558b3	srl	x17,x10,x6	 x10:0x00000000  x6:0x00000000 x17=0x00000000
      869715000	     43384	8000b39c	88c2	c.mv	x17,x16	  x0:0x00000000 x16:0x00000000 x17=0x00000000
      869735000	     43385	8000b39e	8f81	c.sub	x15,x8	 x15:0x00000000  x8:0x00000000 x15=0x00000000
      869875000	     43392	8000b3a0	e309	c.bnez	x14,8000b3a2	 x14:0x00000001
      870575000	     43427	8000b3a2	9bfd	c.andi	x15,-1	 x15:0x00000000 x15=0x00000000
      870755000	     43436	8000b3a4	000e3533	sltu	x10,x28,x0	 x28:0x00019000  x0:0x00000000 x10=0x00000000
      870855000	     43441	8000b3a8	c4233d93	sltiu	x27,x6,-958	  x6:0x00000000 x27=0x00000001
      871995000	     43498	8000b3ac	03a87db3	remu	x27,x16,x26	 x16:0x00000000 x26:0x80025ce4 x27=0x00000000
      872015000	     43499	8000b3b0	17fd	c.addi	x15,-1	 x15:0x00000000 x15=0xffffffff
      872035000	     43500	8000b3b2	0001	c.addi	x0,0	  x0:0x00000000  x0=0x00000000
      872055000	     43501	8000b3b4	6e11	c.lui	x28,0x4	 x28=0x00004000
      872075000	     43502	8000b3b6	0c72	c.slli	x24,0x1c	 x24:0x00000001 x24=0x10000000
      872095000	     43503	8000b3b8	8f91	c.sub	x15,x12	 x15:0xffffffff x12:0x00000140 x15=0xfffffebf
      872115000	     43504	8000b3ba	66ebad93	slti	x27,x23,1646	 x23:0x00000000 x27=0x00000001
      872135000	     43505	8000b3be	8cd9	c.or	x9,x14	  x9:0x0001f711 x14:0x00000001  x9=0x0001f711
      872155000	     43506	8000b3c0	96d2	c.add	x13,x20	 x13:0x00000000 x20:0xffffffff x13=0xffffffff
      872175000	     43507	8000b3c2	77da0713	addi	x14,x20,1917	 x20:0xffffffff x14=0x0000077c
      872195000	     43508	8000b3c6	8d41	c.or	x10,x8	 x10:0x00000000  x8:0x00000000 x10=0x00000000
      872215000	     43509	8000b3c8	0001	c.addi	x0,0	  x0:0x00000000  x0=0x00000000
      872235000	     43510	8000b3ca	04984463	blt	x16,x9,8000b412	 x16:0x00000000  x9:0x0001f711
      872535000	     43525	8000b412	964dba13	sltiu	x20,x27,-1692	 x27:0x00000001 x20=0x00000001
      872555000	     43526	8000b416	eb05	c.bnez	x14,8000b446	 x14:0x0000077c
      873015000	     43549	8000b446	0391f097	auipc	x1,0x391f	  x1=0x8392a446
      873275000	     43562	8000b44a	0195b233	sltu	x4,x11,x25	 x11:0x00000000 x25:0x0000065e  x4=0x00000001
      873295000	     43563	8000b44e	01918f33	add	x30,x3,x25	  x3:0x00000000 x25:0x0000065e x30=0x0000065e
      873435000	     43570	8000b452	0b967693	andi	x13,x12,185	 x12:0x00000140 x13=0x00000000
      873455000	     43571	8000b456	010f1263	bne	x30,x16,8000b45a	 x30:0x0000065e x16:0x00000000
      873795000	     43588	8000b45a	ffc12313	slti	x6,x2,-4	  x2:0x00000000  x6=0x00000000
      873915000	     43594	8000b45e	01af5663	bge	x30,x26,8000b46a	 x30:0x0000065e x26:0x80025ce4
      874295000	     43613	8000b46a	00095db3	srl	x27,x18,x0	 x18:0xc0002391  x0:0x00000000 x27=0xc0002391
      874515000	     43624	8000b46e	0ff0000f	fence	iorw,iorw	
      874535000	     43625	8000b472	008c	c.addi4spn	x11,x2,64	 x11=0x00000040
      874595000	     43628	8000b474	8c8d	c.sub	x9,x11	  x9:0x0001f711 x11:0x00000040  x9=0x0001f6d1
      874895000	     43643	8000b476	00553bb3	sltu	x23,x10,x5	 x10:0x00000000  x5:0x00000000 x23=0x00000000
      874915000	     43644	8000b47a	8d09	c.sub	x10,x10	 x10:0x00000000 x10:0x00000000 x10=0x00000000
      875115000	     43654	8000b47c	035e	c.slli	x6,0x17	  x6:0x00000000  x6=0x00000000
      875135000	     43655	8000b47e	6821	c.lui	x16,0x8	 x16=0x00008000
      875155000	     43656	8000b480	717d	c.addi16sp	x2,-16	  x2:0x00000000  x2=0xfffffff0
      875175000	     43657	8000b482	41780f33	sub	x30,x16,x23	 x16:0x00008000 x23:0x00000000 x30=0x00008000
      875195000	     43658	8000b486	0107f663	bgeu	x15,x16,8000b492	 x15:0xfffffebf x16:0x00008000
      875975000	     43697	8000b492	bf082893	slti	x17,x16,-1040	 x16:0x00008000 x17=0x00000000
      876275000	     43712	8000b496	03bea633	mulhsu	x12,x29,x27	 x29:0x00000000 x27:0xc0002391 x12=0x00000000
      876295000	     43713	8000b49a	822a	c.mv	x4,x10	  x0:0x00000000 x10:0x00000000  x4=0x00000000
      877035000	     43750	8000b49c	03824c33	div	x24,x4,x24	  x4:0x00000000 x24:0x10000000 x24=0x00000000
      877055000	     43751	8000b4a0	8f85	c.sub	x15,x9	 x15:0xfffffebf  x9:0x0001f6d1 x15=0xfffe07ee
      877075000	     43752	8000b4a2	01106463	bltu	x0,x17,8000b4aa	  x0:0x00000000 x17:0x00000000
      877095000	     43753	8000b4a6	8ee1	c.and	x13,x8	 x13:0x00000000  x8:0x00000000 x13=0x00000000
      877115000	     43754	8000b4a8	870a	c.mv	x14,x2	  x0:0x00000000  x2:0xfffffff0 x14=0xfffffff0
      877135000	     43755	8000b4aa	5b7d	c.li	x22,-1	 x22=0xffffffff
      877155000	     43756	8000b4ac	86bd	c.srai	x13,0xf	 x13:0x00000000 x13=0x00000000
      877175000	     43757	8000b4ae	029d9063	bne	x27,x9,8000b4ce	 x27:0xc0002391  x9:0x0001f6d1
      877455000	     43771	8000b4ce	6129	c.addi16sp	x2,192	  x2:0xfffffff0  x2=0x000000b0
      877855000	     43791	8000b4d0	4879	c.li	x16,30	 x16=0x0000001e
      877875000	     43792	8000b4d2	8631	c.srai	x12,0xc	 x12:0x00000000 x12=0x00000000
      877895000	     43793	8000b4d4	4c8bea93	ori	x21,x23,1224	 x23:0x00000000 x21=0x000004c8
      877955000	     43796	8000b4d8	00b0d493	srli	x9,x1,0xb	  x1:0x8392a446  x9=0x00107254
      878355000	     43816	8000b4dc	01b67463	bgeu	x12,x27,8000b4e4	 x12:0x00000000 x27:0xc0002391
      878375000	     43817	8000b4e0	004ef733	and	x14,x29,x4	 x29:0x00000000  x4:0x00000000 x14=0x00000000
      878395000	     43818	8000b4e4	003750b3	srl	x1,x14,x3	 x14:0x00000000  x3:0x00000000  x1=0x00000000
      878575000	     43827	8000b4e8	187d	c.addi	x16,-1	 x16:0x0000001e x16=0x0000001d
      878595000	     43828	8000b4ea	8eba	c.mv	x29,x14	  x0:0x00000000 x14:0x00000000 x29=0x00000000
      878615000	     43829	8000b4ec	02794763	blt	x18,x7,8000b51a	 x18:0xc0002391  x7:0xfaeb9c09
      879275000	     43862	8000b51a	0154c263	blt	x9,x21,8000b51e	  x9:0x00107254 x21:0x000004c8
      879295000	     43863	8000b51e	614d	c.addi16sp	x2,176	  x2:0x000000b0  x2=0x00000160
      887995000	     44298	8000b520	03b4bc33	mulhu	x24,x9,x27	  x9:0x00107254 x27:0xc0002391 x24=0x000c55c1
      888015000	     44299	8000b524	01be	c.slli	x3,0xf	  x3:0x00000000  x3=0x00000000
      888035000	     44300	8000b526	03187063	bgeu	x16,x17,8000b546	 x16:0x0000001d x17:0x00000000
      888635000	     44330	8000b546	00827833	and	x16,x4,x8	  x4:0x00000000  x8:0x00000000 x16=0x00000000
      888675000	     44332	8000b54a	025b6833	rem	x16,x22,x5	 x22:0xffffffff  x5:0x00000000 x16=0xffffffff
      888695000	     44333	8000b54e	0001	c.addi	x0,0	  x0:0x00000000  x0=0x00000000
      888855000	     44341	8000b550	84d1	c.srai	x9,0x14	  x9:0x00107254  x9=0x00000001
      888975000	     44347	8000b552	01abf1b3	and	x3,x23,x26	 x23:0x00000000 x26:0x80025ce4  x3=0x00000000
      888995000	     44348	8000b556	6e15	c.lui	x28,0x5	 x28=0x00005000
      889015000	     44349	8000b558	011ba233	slt	x4,x23,x17	 x23:0x00000000 x17:0x00000000  x4=0x00000000
      889035000	     44350	8000b55c	024e	c.slli	x4,0x13	  x4:0x00000000  x4=0x00000000
      889055000	     44351	8000b55e	983e	c.add	x16,x15	 x16:0xffffffff x15:0xfffe07ee x16=0xfffe07ed
      889375000	     44367	8000b560	8db5	c.xor	x11,x13	 x11:0x00000040 x13:0x00000000 x11=0x00000040
      889395000	     44368	8000b562	8c65	c.and	x8,x9	  x8:0x00000000  x9:0x00000001  x8=0x00000000
      889415000	     44369	8000b564	9b8e	c.add	x23,x3	 x23:0x00000000  x3:0x00000000 x23=0x00000000
      890155000	     44406	8000b566	03c2d4b3	divu	x9,x5,x28	  x5:0x00000000 x28:0x00005000  x9=0x00000000
      890175000	     44407	8000b56a	c009	c.beqz	x8,8000b56c	  x8:0x00000000
      890215000	     44409	8000b56c	ef1d	c.bnez	x14,8000b5aa	 x14:0x00000000
      890235000	     44410	8000b56e	0001	c.addi	x0,0	  x0:0x00000000  x0=0x00000000
      890255000	     44411	8000b570	60d8a713	slti	x14,x17,1549	 x17:0x00000000 x14=0x00000001
      890275000	     44412	8000b574	90b2	c.add	x1,x12	  x1:0x00000000 x12:0x00000000  x1=0x00000000
      890295000	     44413	8000b576	05ff8bb7	lui	x23,0x5ff8	 x23=0x05ff8000
      890315000	     44414	8000b57a	5110b513	sltiu	x10,x1,1297	  x1:0x00000000 x10=0x00000001
      890335000	     44415	8000b57e	9b7d	c.andi	x14,-1	 x14:0x00000001 x14=0x00000001
      890395000	     44418	8000b580	012525b3	slt	x11,x10,x18	 x10:0x00000001 x18:0xc0002391 x11=0x00000000
      890475000	     44422	8000b584	008f7eb3	and	x29,x30,x8	 x30:0x00008000  x8:0x00000000 x29=0x00000000
      890555000	     44426	8000b588	e48d	c.bnez	x9,8000b5b2	  x9:0x00000000
      890575000	     44427	8000b58a	0572	c.slli	x10,0x1c	 x10:0x00000001 x10=0x10000000
      890775000	     44437	8000b58c	002b4d63	blt	x22,x2,8000b5a6	 x22:0xffffffff  x2:0x00000160
      891915000	     44494	8000b5a6	012b5113	srli	x2,x22,0x12	 x22:0xffffffff  x2=0x00003fff
      891975000	     44497	8000b5aa	0174e963	bltu	x9,x23,8000b5bc	  x9:0x00000000 x23:0x05ff8000
      892955000	     44546	8000b5bc	40f986b3	sub	x13,x19,x15	 x19:0x80021e0c x15:0xfffe07ee x13=0x8004161e
      893775000	     44587	8000b5c0	0001	c.addi	x0,0	  x0:0x00000000  x0=0x00000000
      893795000	     44588	8000b5c2	987e	c.add	x16,x31	 x16:0xfffe07ed x31:0xfffe7197 x16=0xfffc7984
      893995000	     44598	8000b5c4	02534833	div	x16,x6,x5	  x6:0x00000000  x5:0x00000000 x16=0xffffffff
      894015000	     44599	8000b5c8	0061d263	bge	x3,x6,8000b5cc	  x3:0x00000000  x6:0x00000000
      894495000	     44623	8000b5cc	4190db33	sra	x22,x1,x25	  x1:0x00000000 x25:0x0000065e x22=0x00000000
      894595000	     44628	8000b5d0	0149eab3	or	x21,x19,x20	 x19:0x80021e0c x20:0x00000001 x21=0x80021e0d
      894995000	     44648	8000b5d4	01bc1c63	bne	x24,x27,8000b5ec	 x24:0x000c55c1 x27:0xc0002391
      895275000	     44662	8000b5ec	40668eb3	sub	x29,x13,x6	 x13:0x8004161e  x6:0x00000000 x29=0x8004161e
      895715000	     44684	8000b5f0	36feb613	sltiu	x12,x29,879	 x29:0x8004161e x12=0x00000000
      895755000	     44686	8000b5f4	02cc4233	div	x4,x24,x12	 x24:0x000c55c1 x12:0x00000000  x4=0xffffffff
      895875000	     44692	8000b5f8	987d	c.andi	x8,-1	  x8:0x00000000  x8=0x00000000
      896135000	     44705	8000b5fa	7891e013	ori	x0,x3,1929	  x3:0x00000000  x0=0x00000000
      896155000	     44706	8000b5fe	6fe9	c.lui	x31,0x1a	 x31=0x0001a000
      896255000	     44711	8000b600	8e89	c.sub	x13,x10	 x13:0x8004161e x10:0x10000000 x13=0x7004161e
      896415000	     44719	8000b602	00ea5463	bge	x20,x14,8000b60a	 x20:0x00000001 x14:0x00000001
      897195000	     44758	8000b60a	03e9ff63	bgeu	x19,x30,8000b648	 x19:0x80021e0c x30:0x00008000
      898175000	     44807	8000b648	0106f433	and	x8,x13,x16	 x13:0x7004161e x16:0xffffffff  x8=0x7004161e
      898215000	     44809	8000b64c	01e87c63	bgeu	x16,x30,8000b664	 x16:0xffffffff x30:0x00008000
      898475000	     44822	8000b664	f30ee293	ori	x5,x29,-208	 x29:0x8004161e  x5=0xffffff3e
      898515000	     44824	8000b668	a87edfb7	lui	x31,0xa87ed	 x31=0xa87ed000
      898535000	     44825	8000b66c	8751	c.srai	x14,0x14	 x14:0x00000001 x14=0x00000000
      898555000	     44826	8000b66e	9436	c.add	x8,x13	  x8:0x7004161e x13:0x7004161e  x8=0xe0082c3c
      898575000	     44827	8000b670	8d49	c.or	x10,x10	 x10:0x10000000 x10:0x10000000 x10=0x10000000
      898595000	     44828	8000b672	00918c63	beq	x3,x9,8000b68a	  x3:0x00000000  x9:0x00000000
      898975000	     44847	8000b68a	59dba437	lui	x8,0x59dba	  x8=0x59dba000
      898995000	     44848	8000b68e	9526	c.add	x10,x9	 x10:0x10000000  x9:0x00000000 x10=0x10000000
      899015000	     44849	8000b690	00a75763	bge	x14,x10,8000b69e	 x14:0x00000000 x10:0x10000000
      899055000	     44851	8000b694	475d0793	addi	x15,x26,1141	 x26:0x80025ce4 x15=0x80026159
      899075000	     44852	8000b698	00a861b3	or	x3,x16,x10	 x16:0xffffffff x10:0x10000000  x3=0xffffffff
      899095000	     44853	8000b69c	40dd	c.li	x1,23	  x1=0x00000017
      899115000	     44854	8000b69e	00991633	sll	x12,x18,x9	 x18:0xc0002391  x9:0x00000000 x12=0xc0002391
      899155000	     44856	8000b6a2	0270b133	mulhu	x2,x1,x7	  x1:0x00000017  x7:0xfaeb9c09  x2=0x00000016
      899175000	     44857	8000b6a6	6f09	c.lui	x30,0x2	 x30=0x00002000
      899395000	     44868	8000b6a8	852d	c.srai	x10,0xb	 x10:0x10000000 x10=0x00020000
      899415000	     44869	8000b6aa	00085833	srl	x16,x16,x0	 x16:0xffffffff  x0:0x00000000 x16=0xffffffff
      899435000	     44870	8000b6ae	068c	c.addi4spn	x11,x2,832	 x11=0x00000356
      899455000	     44871	8000b6b0	01dacc33	xor	x24,x21,x29	 x21:0x80021e0d x29:0x8004161e x24=0x00060813
      899515000	     44874	8000b6b4	8709	c.srai	x14,0x2	 x14:0x00000000 x14=0x00000000
      899795000	     44888	8000b6b6	41705693	srai	x13,x0,0x17	  x0:0x00000000 x13=0x00000000
      900215000	     44909	8000b6ba	018f1f63	bne	x30,x24,8000b6d8	 x30:0x00002000 x24:0x00060813
      900835000	     44940	8000b6d8	03bf1cb3	mulh	x25,x30,x27	 x30:0x00002000 x27:0xc0002391 x25=0xfffff800
      900855000	     44941	8000b6dc	8511	c.srai	x10,0x4	 x10:0x00020000 x10=0x00002000
      900875000	     44942	8000b6de	01ef7963	bgeu	x30,x30,8000b6f0	 x30:0x00002000 x30:0x00002000
      901415000	     44969	8000b6f0	0ff0000f	fence	iorw,iorw	
      901435000	     44970	8000b6f4	0098	c.addi4spn	x14,x2,64	 x14=0x00000056
      901455000	     44971	8000b6f6	01f4ef63	bltu	x9,x31,8000b714	  x9:0x00000000 x31:0xa87ed000
      902095000	     45003	8000b714	da4e8693	addi	x13,x29,-604	 x29:0x8004161e x13=0x800413c2
      902555000	     45026	8000b718	a7af7737	lui	x14,0xa7af7	 x14=0xa7af7000
      902635000	     45030	8000b71c	0001	c.addi	x0,0	  x0:0x00000000  x0=0x00000000
      902655000	     45031	8000b71e	8c19	c.sub	x8,x14	  x8:0x59dba000 x14:0xa7af7000  x8=0xb22c3000
      902675000	     45032	8000b720	e80d	c.bnez	x8,8000b752	  x8:0xb22c3000
      904275000	     45112	8000b752	023d60b3	rem	x1,x26,x3	 x26:0x80025ce4  x3:0xffffffff  x1=0x00000000
      904295000	     45113	8000b756	02617e63	bgeu	x2,x6,8000b792	  x2:0x00000016  x6:0x00000000
      904375000	     45117	8000b792	0001	c.addi	x0,0	  x0:0x00000000  x0=0x00000000
      904395000	     45118	8000b794	5da1fb13	andi	x22,x3,1498	  x3:0xffffffff x22=0x000005da
      904675000	     45132	8000b798	8ae6	c.mv	x21,x25	  x0:0x00000000 x25:0xfffff800 x21=0xfffff800
      904695000	     45133	8000b79a	8e41	c.or	x12,x8	 x12:0xc0002391  x8:0xb22c3000 x12=0xf22c3391
      904715000	     45134	8000b79c	011df8b3	and	x17,x27,x17	 x27:0xc0002391 x17:0x00000000 x17=0x00000000
      905115000	     45154	8000b7a0	8ff5	c.and	x15,x13	 x15:0x80026159 x13:0x800413c2 x15=0x80000140
      905135000	     45155	8000b7a2	8c55	c.or	x8,x13	  x8:0xb22c3000 x13:0x800413c2  x8=0xb22c33c2
      905215000	     45159	8000b7a4	0190	c.addi4spn	x12,x2,192	 x12=0x000000d6
      905235000	     45160	8000b7a6	8e45	c.or	x12,x9	 x12:0x000000d6  x9:0x00000000 x12=0x000000d6
      905635000	     45180	8000b7a8	41f88ab3	sub	x21,x17,x31	 x17:0x00000000 x31:0xa87ed000 x21=0x57813000
      905915000	     45194	8000b7ac	8cf5	c.and	x9,x13	  x9:0x00000000 x13:0x800413c2  x9=0x00000000
      906655000	     45231	8000b7ae	027cc2b3	div	x5,x25,x7	 x25:0xfffff800  x7:0xfaeb9c09  x5=0x00000000
      906675000	     45232	8000b7b2	01c71263	bne	x14,x28,8000b7b6	 x14:0xa7af7000 x28:0x00005000
      906735000	     45235	8000b7b6	b65e7293	andi	x5,x28,-1179	 x28:0x00005000  x5=0x00005000
      906755000	     45236	8000b7ba	01a55863	bge	x10,x26,8000b7ca	 x10:0x00002000 x26:0x80025ce4
      906935000	     45245	8000b7ca	0001	c.addi	x0,0	  x0:0x00000000  x0=0x00000000
      906955000	     45246	8000b7cc	7ba50d93	addi	x27,x10,1978	 x10:0x00002000 x27=0x000027ba
      907695000	     45283	8000b7d0	03f8f433	remu	x8,x17,x31	 x17:0x00000000 x31:0xa87ed000  x8=0x00000000
      907715000	     45284	8000b7d4	00145913	srli	x18,x8,0x1	  x8:0x00000000 x18=0x00000000
      907735000	     45285	8000b7d8	0001	c.addi	x0,0	  x0:0x00000000  x0=0x00000000
      908475000	     45322	8000b7da	034dd8b3	divu	x17,x27,x20	 x27:0x000027ba x20:0x00000001 x17=0x000027ba
      908515000	     45324	8000b7de	02bb30b3	mulhu	x1,x22,x11	 x22:0x000005da x11:0x00000356  x1=0x00000000
      908535000	     45325	8000b7e2	41b8d0b3	sra	x1,x17,x27	 x17:0x000027ba x27:0x000027ba  x1=0x00000000
      908555000	     45326	8000b7e6	68dd	c.lui	x17,0x17	 x17=0x00017000
      908575000	     45327	8000b7e8	01c20263	beq	x4,x28,8000b7ec	  x4:0xffffffff x28:0x00005000
      908595000	     45328	8000b7ec	00516663	bltu	x2,x5,8000b7f8	  x2:0x00000016  x5:0x00005000
      909855000	     45391	8000b7f8	0000100f	fence.i	
      910455000	     45421	8000b7fc	0140de93	srli	x29,x1,0x14	  x1:0x00000000 x29=0x00000000
      910475000	     45422	8000b800	d153bb93	sltiu	x23,x7,-747	  x7:0xfaeb9c09 x23=0x00000001
      910615000	     45429	8000b804	03d93233	mulhu	x4,x18,x29	 x18:0x00000000 x29:0x00000000  x4=0x00000000
      915475000	     45672	8000b808	0000100f	fence.i	
      915575000	     45677	8000b80c	9c92	c.add	x25,x4	 x25:0xfffff800  x4:0x00000000 x25=0xfffff800
      915895000	     45693	8000b80e	0211ecb3	rem	x25,x3,x1	  x3:0xffffffff  x1:0x00000000 x25=0xffffffff
      915915000	     45694	8000b812	7fb6fb13	andi	x22,x13,2043	 x13:0x800413c2 x22=0x000003c2
      915935000	     45695	8000b816	01ae0c63	beq	x28,x26,8000b82e	 x28:0x00005000 x26:0x80025ce4
      915955000	     45696	8000b81a	04cf3e13	sltiu	x28,x30,76	 x30:0x00002000 x28=0x00000000
      915975000	     45697	8000b81e	011bd213	srli	x4,x23,0x11	 x23:0x00000001  x4=0x00000000
      916055000	     45701	8000b822	012c4d63	blt	x24,x18,8000b83c	 x24:0x00060813 x18:0x00000000
      916075000	     45702	8000b826	8ce5	c.and	x9,x9	  x9:0x00000000  x9:0x00000000  x9=0x00000000
      916215000	     45709	8000b828	c009	c.beqz	x8,8000b82a	  x8:0x00000000
      917095000	     45753	8000b82a	717d	c.addi16sp	x2,-16	  x2:0x00000016  x2=0x00000006
      917315000	     45764	8000b82c	8cad	c.xor	x9,x11	  x9:0x00000000 x11:0x00000356  x9=0x00000356
      917335000	     45765	8000b82e	40d35433	sra	x8,x6,x13	  x6:0x00000000 x13:0x800413c2  x8=0x00000000
      917355000	     45766	8000b832	00c3c563	blt	x7,x12,8000b83c	  x7:0xfaeb9c09 x12:0x000000d6
      917515000	     45774	8000b83c	40370b33	sub	x22,x14,x3	 x14:0xa7af7000  x3:0xffffffff x22=0xa7af7001
      917655000	     45781	8000b840	0049ac83	lw	x25,4(x19)	 x19:0x80021e0c x25=0x80006154 PA:0x80021e10 load:0x80006154
      917675000	     45782	8000b844	8c72	c.mv	x24,x28	  x0:0x00000000 x28:0x00000000 x24=0x00000000
      917695000	     45783	8000b846	09e1	c.addi	x19,24	 x19:0x80021e0c x19=0x80021e24
      918055000	     45801	8000b848	00c86333	or	x6,x16,x12	 x16:0xffffffff x12:0x000000d6  x6=0xffffffff
      918155000	     45806	8000b84c	80a9	c.srli	x9,0xa	  x9:0x00000356  x9=0x00000000
      918175000	     45807	8000b84e	8c91	c.sub	x9,x12	  x9:0x00000000 x12:0x000000d6  x9=0xffffff2a
      918195000	     45808	8000b850	001c8793	addi	x15,x25,1	 x25:0x80006154 x15=0x80006155
      918295000	     45813	8000b854	8782	c.jr	x15	 x15:0x80006155
      919155000	     45856	80006154	ffffeb97	auipc	x23,0xffffe	 x23=0x80004154
      919175000	     45857	80006158	a2eb8b93	addi	x23,x23,-1490	 x23:0x80004154 x23=0x80003b82
      919215000	     45859	8000615c	03c7ef33	rem	x30,x15,x28	 x15:0x80006155 x28:0x00000000 x30=0x80006155
      919235000	     45860	80006160	e17b8b93	addi	x23,x23,-489	 x23:0x80003b82 x23=0x80003999
      919255000	     45861	80006164	0001	c.addi	x0,0	  x0:0x00000000  x0=0x00000000
      919275000	     45862	80006166	6165	c.addi16sp	x2,112	  x2:0x00000006  x2=0x00000076
      919415000	     45869	80006168	0033b533	sltu	x10,x7,x3	  x7:0xfaeb9c09  x3:0xffffffff x10=0x00000001
      919835000	     45890	8000616c	8c51	c.or	x8,x12	  x8:0x00000000 x12:0x000000d6  x8=0x000000d6
      919855000	     45891	8000616e	1eab8ce7	jalr	x25,490(x23)	 x23:0x80003999 x25=0x80006172
      920135000	     45905	80003b82	882d	c.andi	x8,11	  x8:0x000000d6  x8=0x00000002
      920155000	     45906	80003b84	00c5ff33	and	x30,x11,x12	 x11:0x00000356 x12:0x000000d6 x30=0x00000056
      920455000	     45921	80003b88	02579533	mulh	x10,x15,x5	 x15:0x80006155  x5:0x00005000 x10=0xffffd800
      920475000	     45922	80003b8c	410ede13	srai	x28,x29,0x10	 x29:0x00000000 x28=0x00000000
      920655000	     45931	80003b90	41710533	sub	x10,x2,x23	  x2:0x00000076 x23:0x80003999 x10=0x7fffc6dd
      920715000	     45934	80003b94	e109	c.bnez	x10,80003b96	 x10:0x7fffc6dd
      921915000	     45994	80003b96	fd098993	addi	x19,x19,-48	 x19:0x80021e24 x19=0x80021df4
      922655000	     46031	80003b9a	0222f833	remu	x16,x5,x2	  x5:0x00005000  x2:0x00000076 x16=0x00000042
      922715000	     46034	80003b9e	0199a223	sw	x25,4(x19)	 x19:0x80021df4 x25:0x80006172 PA:0x80021df8 store:0x80006172 load:0xffffffff
      922735000	     46035	80003ba2	004f7533	and	x10,x30,x4	 x30:0x00000056  x4:0x00000000 x10=0x00000000
      922755000	     46036	80003ba6	01fe3033	sltu	x0,x28,x31	 x28:0x00000000 x31:0xa87ed000  x0=0x00000000
      922775000	     46037	80003baa	00f64833	xor	x16,x12,x15	 x12:0x000000d6 x15:0x80006155 x16=0x80006183
      922795000	     46038	80003bae	6139	c.addi16sp	x2,448	  x2:0x00000076  x2=0x00000236
      922815000	     46039	80003bb0	0096c863	blt	x13,x9,80003bc0	 x13:0x800413c2  x9:0xffffff2a
      923595000	     46078	80003bc0	844d	c.srai	x8,0x13	  x8:0x00000002  x8=0x00000000
      923635000	     46080	80003bc2	02c4a5b3	mulhsu	x11,x9,x12	  x9:0xffffff2a x12:0x000000d6 x11=0xffffffff
      923655000	     46081	80003bc6	0001	c.addi	x0,0	  x0:0x00000000  x0=0x00000000
      923675000	     46082	80003bc8	8baa7193	andi	x3,x20,-1862	 x20:0x00000001  x3=0x00000000
      923695000	     46083	80003bcc	01be24b3	slt	x9,x28,x27	 x28:0x00000000 x27:0x000027ba  x9=0x00000001
      923715000	     46084	80003bd0	41fc8ab3	sub	x21,x25,x31	 x25:0x80006172 x31:0xa87ed000 x21=0xd7819172
      923755000	     46086	80003bd4	02393eb3	mulhu	x29,x18,x3	 x18:0x00000000  x3:0x00000000 x29=0x00000000
      923775000	     46087	80003bd8	d7ea8913	addi	x18,x21,-642	 x21:0xd7819172 x18=0xd7818ef0
      924015000	     46099	80003bdc	01cc52b3	srl	x5,x24,x28	 x24:0x00000000 x28:0x00000000  x5=0x00000000
      924035000	     46100	80003be0	007bb033	sltu	x0,x23,x7	 x23:0x80003999  x7:0xfaeb9c09  x0=0x00000000
      924075000	     46102	80003be4	4199de93	srai	x29,x19,0x19	 x19:0x80021df4 x29=0xffffffc0
      924215000	     46109	80003be8	142b3e13	sltiu	x28,x22,322	 x22:0xa7af7001 x28=0x00000000
      924235000	     46110	80003bec	0001	c.addi	x0,0	  x0:0x00000000  x0=0x00000000
      924255000	     46111	80003bee	0274cd63	blt	x9,x7,80003c28	  x9:0x00000001  x7:0xfaeb9c09
      924355000	     46116	80003bf2	13d1a593	slti	x11,x3,317	  x3:0x00000000 x11=0x00000001
      924375000	     46117	80003bf6	1d04	c.addi4spn	x9,x2,688	  x9=0x000004e6
      924515000	     46124	80003bf8	01e9d633	srl	x12,x19,x30	 x19:0x80021df4 x30:0x00000056 x12=0x00000200
      924735000	     46135	80003bfc	0ff0000f	fence	iorw,iorw	
      924995000	     46148	80003c00	0652	c.slli	x12,0x14	 x12:0x00000200 x12=0x20000000
      925255000	     46161	80003c02	01691533	sll	x10,x18,x22	 x18:0xd7818ef0 x22:0xa7af7001 x10=0xaf031de0
      925695000	     46183	80003c06	0218ceb3	div	x29,x17,x1	 x17:0x00017000  x1:0x00000000 x29=0xffffffff
      925715000	     46184	80003c0a	24c06c93	ori	x25,x0,588	  x0:0x00000000 x25=0x0000024c
      925735000	     46185	80003c0e	5e7d	c.li	x28,-1	 x28=0xffffffff
      925755000	     46186	80003c10	f03bf217	auipc	x4,0xf03bf	  x4=0x703c2c10
      925795000	     46188	80003c14	02fd9fb3	mulh	x31,x27,x15	 x27:0x000027ba x15:0x80006155 x31=0xffffec23
      926155000	     46206	80003c18	415f5713	srai	x14,x30,0x15	 x30:0x00000056 x14=0x00000000
      926175000	     46207	80003c1c	0001	c.addi	x0,0	  x0:0x00000000  x0=0x00000000
      926195000	     46208	80003c1e	00ef5033	srl	x0,x30,x14	 x30:0x00000056 x14:0x00000000  x0=0x00000000
      926335000	     46215	80003c22	03cd0333	mul	x6,x26,x28	 x26:0x80025ce4 x28:0xffffffff  x6=0x7ffda31c
      926355000	     46216	80003c26	8c06	c.mv	x24,x1	  x0:0x00000000  x1:0x00000000 x24=0x00000000
      926375000	     46217	80003c28	e109	c.bnez	x10,80003c2a	 x10:0xaf031de0
      927095000	     46253	80003c2a	01f27e33	and	x28,x4,x31	  x4:0x703c2c10 x31:0xffffec23 x28=0x703c2c00
      927115000	     46254	80003c2e	91c6	c.add	x3,x17	  x3:0x00000000 x17:0x00017000  x3=0x00017000
      927415000	     46269	80003c30	e015	c.bnez	x8,80003c54	  x8:0x00000000
      927435000	     46270	80003c32	03ec8b63	beq	x25,x30,80003c68	 x25:0x0000024c x30:0x00000056
      927455000	     46271	80003c36	84a5	c.srai	x9,0x9	  x9:0x000004e6  x9=0x00000002
      927795000	     46288	80003c38	0000100f	fence.i	
      928755000	     46336	80003c3c	5ed73813	sltiu	x16,x14,1517	 x14:0x00000000 x16=0x00000001
      928775000	     46337	80003c40	8fd5	c.or	x15,x13	 x15:0x80006155 x13:0x800413c2 x15=0x800473d7
      928795000	     46338	80003c42	0102c533	xor	x10,x5,x16	  x5:0x00000000 x16:0x00000001 x10=0x00000001
      929935000	     46395	80003c46	02915e33	divu	x28,x2,x9	  x2:0x00000236  x9:0x00000002 x28=0x0000011b
      929955000	     46396	80003c4a	0001	c.addi	x0,0	  x0:0x00000000  x0=0x00000000
      929975000	     46397	80003c4c	40170b33	sub	x22,x14,x1	 x14:0x00000000  x1:0x00000000 x22=0x00000000
      929995000	     46398	80003c50	0686	c.slli	x13,0x1	 x13:0x800413c2 x13=0x00082784
      930015000	     46399	80003c52	8fd9	c.or	x15,x14	 x15:0x800473d7 x14:0x00000000 x15=0x800473d7
      930035000	     46400	80003c54	00f25093	srli	x1,x4,0xf	  x4:0x703c2c10  x1=0x0000e078
      930055000	     46401	80003c58	008211b3	sll	x3,x4,x8	  x4:0x703c2c10  x8:0x00000000  x3=0x703c2c10
      930075000	     46402	80003c5c	0ff0000f	fence	iorw,iorw	
      930495000	     46423	80003c60	413a56b3	sra	x13,x20,x19	 x20:0x00000001 x19:0x80021df4 x13=0x00000000
      930515000	     46424	80003c64	40a6db33	sra	x22,x13,x10	 x13:0x00000000 x10:0x00000001 x22=0x00000000
      930535000	     46425	80003c68	e6052113	slti	x2,x10,-416	 x10:0x00000001  x2=0x00000000
      930555000	     46426	80003c6c	0087c5b3	xor	x11,x15,x8	 x15:0x800473d7  x8:0x00000000 x11=0x800473d7
      930655000	     46431	80003c70	56fd	c.li	x13,-1	 x13=0xffffffff
      930675000	     46432	80003c72	0088	c.addi4spn	x10,x2,64	 x10=0x00000040
      931095000	     46453	80003c74	036e16b3	mulh	x13,x28,x22	 x28:0x0000011b x22:0x00000000 x13=0x00000000
      931835000	     46490	80003c78	035e7bb3	remu	x23,x28,x21	 x28:0x0000011b x21:0xd7819172 x23=0x0000011b
      931875000	     46492	80003c7c	0379bc33	mulhu	x24,x19,x23	 x19:0x80021df4 x23:0x0000011b x24=0x0000008d
      931935000	     46495	80003c80	0049ac83	lw	x25,4(x19)	 x19:0x80021df4 x25=0x80006172 PA:0x80021df8 load:0x80006172
      931955000	     46496	80003c84	8579	c.srai	x10,0x1e	 x10:0x00000040 x10=0x00000000
      931975000	     46497	80003c86	4176de93	srai	x29,x13,0x17	 x13:0x00000000 x29=0x00000000
      931995000	     46498	80003c8a	40f25e93	srai	x29,x4,0xf	  x4:0x703c2c10 x29=0x0000e078
      932075000	     46502	80003c8e	01bdd013	srli	x0,x27,0x1b	 x27:0x000027ba  x0=0x00000000
      932495000	     46523	80003c92	02490633	mul	x12,x18,x4	 x18:0xd7818ef0  x4:0x703c2c10 x12=0x3cea2f00
      932515000	     46524	80003c96	0009d0b3	srl	x1,x19,x0	 x19:0x80021df4  x0:0x00000000  x1=0x80021df4
      932535000	     46525	80003c9a	03098993	addi	x19,x19,48	 x19:0x80021df4 x19=0x80021e24
      932555000	     46526	80003c9e	00d1d893	srli	x17,x3,0xd	  x3:0x703c2c10 x17=0x000381e1
      932575000	     46527	80003ca2	8836	c.mv	x16,x13	  x0:0x00000000 x13:0x00000000 x16=0x00000000
      932595000	     46528	80003ca4	000c8b13	addi	x22,x25,0	 x25:0x80006172 x22=0x80006172
      932975000	     46547	80003ca8	9b02	c.jalr	x22	 x22:0x80006172  x1=0x80003caa
      934155000	     46606	80006172	03f24cb3	div	x25,x4,x31	  x4:0x703c2c10 x31:0xffffec23 x25=0xfffa5981
      934195000	     46608	80006176	0374a933	mulhsu	x18,x9,x23	  x9:0x00000002 x23:0x0000011b x18=0x00000000
      934215000	     46609	8000617a	00000617	auipc	x12,0x0	 x12=0x8000617a
      934235000	     46610	8000617e	0f460613	addi	x12,x12,244	 x12:0x8000617a x12=0x8000626e
      934255000	     46611	80006182	8ca5	c.xor	x9,x9	  x9:0x00000002  x9:0x00000002  x9=0x00000000
      934275000	     46612	80006184	0001	c.addi	x0,0	  x0:0x00000000  x0=0x00000000
      934295000	     46613	80006186	880e	c.mv	x16,x3	  x0:0x00000000  x3:0x703c2c10 x16=0x703c2c10
      934315000	     46614	80006188	40185793	srai	x15,x16,0x1	 x16:0x703c2c10 x15=0x381e1608
      934335000	     46615	8000618c	35560613	addi	x12,x12,853	 x12:0x8000626e x12=0x800065c3
      934355000	     46616	80006190	0001	c.addi	x0,0	  x0:0x00000000  x0=0x00000000
      934375000	     46617	80006192	cab60ce7	jalr	x25,-853(x12)	 x12:0x800065c3 x25=0x80006196
      935215000	     46659	8000626e	003acd63	blt	x21,x3,80006288	 x21:0xd7819172  x3:0x703c2c10
      935795000	     46688	80006288	1991	c.addi	x19,-28	 x19:0x80021e24 x19=0x80021e08
      935815000	     46689	8000628a	82e5	c.srli	x13,0x19	 x13:0x00000000 x13=0x00000000
      936275000	     46712	8000628c	0199a223	sw	x25,4(x19)	 x19:0x80021e08 x25:0x80006196 PA:0x80021e0c store:0x80006196 load:0xffffffff
      936295000	     46713	80006290	0001	c.addi	x0,0	  x0:0x00000000  x0=0x00000000
      936315000	     46714	80006292	41eadf93	srai	x31,x21,0x1e	 x21:0xd7819172 x31=0xffffffff
      936355000	     46716	80006296	8222cb13	xori	x22,x5,-2014	  x5:0x00000000 x22=0xfffff822
      936375000	     46717	8000629a	00adbb33	sltu	x22,x27,x10	 x27:0x000027ba x10:0x00000000 x22=0x00000000
      936395000	     46718	8000629e	0f32	c.slli	x30,0xc	 x30:0x00000056 x30=0x00056000
      936475000	     46722	800062a0	0001	c.addi	x0,0	  x0:0x00000000  x0=0x00000000
      936595000	     46728	800062a2	00edd293	srli	x5,x27,0xe	 x27:0x000027ba  x5=0x00000000
      936615000	     46729	800062a6	7d108017	auipc	x0,0x7d108	  x0=0x00000000
      936635000	     46730	800062aa	a01fdcef	jal	x25,80003caa	 x25=0x800062ae
      937055000	     46751	80003caa	0161a533	slt	x10,x3,x22	  x3:0x703c2c10 x22:0x00000000 x10=0x00000000
      937075000	     46752	80003cae	19d1	c.addi	x19,-12	 x19:0x80021e08 x19=0x80021dfc
      937095000	     46753	80003cb0	86ad	c.srai	x13,0xb	 x13:0x00000000 x13=0x00000000
      937495000	     46773	80003cb2	0173d633	srl	x12,x7,x23	  x7:0xfaeb9c09 x23:0x0000011b x12=0x0000001f
      937595000	     46778	80003cb6	41ebd1b3	sra	x3,x23,x30	 x23:0x0000011b x30:0x00056000  x3=0x0000011b
      937615000	     46779	80003cba	db5ace13	xori	x28,x21,-587	 x21:0xd7819172 x28=0x287e6cc7
      937635000	     46780	80003cbe	8c4d	c.or	x8,x11	  x8:0x00000000 x11:0x800473d7  x8=0x800473d7
      938035000	     46800	80003cc0	0001	c.addi	x0,0	  x0:0x00000000  x0=0x00000000
      938995000	     46848	80003cc2	0199a223	sw	x25,4(x19)	 x19:0x80021dfc x25:0x800062ae PA:0x80021e00 store:0x800062ae load:0xffffffff
      939015000	     46849	80003cc6	01978fb3	add	x31,x15,x25	 x15:0x381e1608 x25:0x800062ae x31=0xb81e78b6
      939035000	     46850	80003cca	99fd	c.andi	x11,-1	 x11:0x800473d7 x11=0x800473d7
      939055000	     46851	80003ccc	00159ab3	sll	x21,x11,x1	 x11:0x800473d7  x1:0x80003caa x21=0x11cf5c00
      939795000	     46888	80003cd0	021e4ab3	div	x21,x28,x1	 x28:0x287e6cc7  x1:0x80003caa x21=0x00000000
      939815000	     46889	80003cd4	8bc5	c.andi	x15,17	 x15:0x381e1608 x15=0x00000000
      939835000	     46890	80003cd6	004b1e63	bne	x22,x4,80003cf2	 x22:0x00000000  x4:0x703c2c10
      940655000	     46931	80003cf2	0397dbb3	divu	x23,x15,x25	 x15:0x00000000 x25:0x800062ae x23=0x00000000
      940675000	     46932	80003cf6	01d9fb33	and	x22,x19,x29	 x19:0x80021dfc x29:0x0000e078 x22=0x00000078
      940695000	     46933	80003cfa	84ba	c.mv	x9,x14	  x0:0x00000000 x14:0x00000000  x9=0x00000000
      940715000	     46934	80003cfc	02a7ee63	bltu	x15,x10,80003d38	 x15:0x00000000 x10:0x00000000
      940795000	     46938	80003d00	c4a1	c.beqz	x9,80003d48	  x9:0x00000000
      941615000	     46979	80003d48	0045eeb3	or	x29,x11,x4	 x11:0x800473d7  x4:0x703c2c10 x29=0xf03c7fd7
      941635000	     46980	80003d4c	0ff0000f	fence	iorw,iorw	
      941835000	     46990	80003d50	0ff0000f	fence	iorw,iorw	
      941915000	     46994	80003d54	8e7d	c.and	x12,x15	 x12:0x0000001f x15:0x00000000 x12=0x00000000
      942335000	     47015	80003d56	11f8c213	xori	x4,x17,287	 x17:0x000381e1  x4=0x000380fe
      942355000	     47016	80003d5a	8322	c.mv	x6,x8	  x0:0x00000000  x8:0x800473d7  x6=0x800473d7
      942535000	     47025	80003d5c	03208333	mul	x6,x1,x18	  x1:0x80003caa x18:0x00000000  x6=0x00000000
      942675000	     47032	80003d60	03edd963	bge	x27,x30,80003d92	 x27:0x000027ba x30:0x00056000
      942695000	     47033	80003d64	717d	c.addi16sp	x2,-16	  x2:0x00000000  x2=0xfffffff0
      942715000	     47034	80003d66	8995	c.andi	x11,5	 x11:0x800473d7 x11=0x00000005
      943055000	     47051	80003d68	002a7633	and	x12,x20,x2	 x20:0x00000001  x2:0xfffffff0 x12=0x00000000
      943155000	     47056	80003d6c	40dc8633	sub	x12,x25,x13	 x25:0x800062ae x13:0x00000000 x12=0x800062ae
      943175000	     47057	80003d70	482d	c.li	x16,11	 x16=0x0000000b
      943495000	     47073	80003d72	7bb3a113	slti	x2,x7,1979	  x7:0xfaeb9c09  x2=0x00000001
      943515000	     47074	80003d76	19a40193	addi	x3,x8,410	  x8:0x800473d7  x3=0x80047571
      943935000	     47095	80003d7a	0000100f	fence.i	
      944515000	     47124	80003d7e	9afd	c.andi	x13,-1	 x13:0x00000000 x13=0x00000000
      944535000	     47125	80003d80	8771	c.srai	x14,0x1c	 x14:0x00000000 x14=0x00000000
      944955000	     47146	80003d82	2a1f0093	addi	x1,x30,673	 x30:0x00056000  x1=0x000562a1
      945695000	     47183	80003d86	021f7033	remu	x0,x30,x1	 x30:0x00056000  x1:0x000562a1  x0=0x00000000
      945715000	     47184	80003d8a	05e98063	beq	x19,x30,80003dca	 x19:0x80021dfc x30:0x00056000
      945735000	     47185	80003d8e	011c0f63	beq	x24,x17,80003dac	 x24:0x0000008d x17:0x000381e1
      945815000	     47189	80003d92	01becdb3	xor	x27,x29,x27	 x29:0xf03c7fd7 x27:0x000027ba x27=0xf03c586d
      945835000	     47190	80003d96	e28d	c.bnez	x13,80003db8	 x13:0x00000000
      946235000	     47210	80003d98	57fd	c.li	x15,-1	 x15=0xffffffff
      946355000	     47216	80003d9a	407108b3	sub	x17,x2,x7	  x2:0x00000001  x7:0xfaeb9c09 x17=0x051463f8
      946375000	     47217	80003d9e	000f9293	slli	x5,x31,0x0	 x31:0xb81e78b6  x5=0xb81e78b6
      946395000	     47218	80003da2	41570013	addi	x0,x14,1045	 x14:0x00000000  x0=0x00000000
      946415000	     47219	80003da6	0472f163	bgeu	x5,x7,80003de8	  x5:0xb81e78b6  x7:0xfaeb9c09
      946435000	     47220	80003daa	858a	c.mv	x11,x2	  x0:0x00000000  x2:0x00000001 x11=0x00000001
      946475000	     47222	80003dac	5e7d	c.li	x28,-1	 x28=0xffffffff
      946495000	     47223	80003dae	0205	c.addi	x4,1	  x4:0x000380fe  x4=0x000380ff
      954155000	     47606	80003db0	41aec413	xori	x8,x29,1050	 x29:0xf03c7fd7  x8=0xf03c7bcd
      954195000	     47608	80003db4	02a16733	rem	x14,x2,x10	  x2:0x00000001 x10:0x00000000 x14=0x00000001
      954215000	     47609	80003db8	404e5f93	srai	x31,x28,0x4	 x28:0xffffffff x31=0xffffffff
      954235000	     47610	80003dbc	0000100f	fence.i	
      954355000	     47616	80003dc0	5cfd	c.li	x25,-1	 x25=0xffffffff
      954535000	     47625	80003dc2	03fafd63	bgeu	x21,x31,80003dfc	 x21:0x00000000 x31:0xffffffff
      954715000	     47634	80003dc6	0490d063	bge	x1,x9,80003e06	  x1:0x000562a1  x9:0x00000000
      955375000	     47667	80003e06	026cb533	mulhu	x10,x25,x6	 x25:0xffffffff  x6:0x00000000 x10=0x00000000
      955415000	     47669	80003e0a	02549a33	mulh	x20,x9,x5	  x9:0x00000000  x5:0xb81e78b6 x20=0x00000000
      955435000	     47670	80003e0e	d4783013	sltiu	x0,x16,-697	 x16:0x0000000b  x0=0x00000000
      955455000	     47671	80003e12	800d	c.srli	x8,0x3	  x8:0xf03c7bcd  x8=0x1e078f79
      955475000	     47672	80003e14	0ac9	c.addi	x21,18	 x21:0x00000000 x21=0x00000012
      955495000	     47673	80003e16	1a04	c.addi4spn	x9,x2,304	  x9=0x00000131
      955835000	     47690	80003e18	0133cc63	blt	x7,x19,80003e30	  x7:0xfaeb9c09 x19:0x80021dfc
      956175000	     47707	80003e1c	003b5263	bge	x22,x3,80003e20	 x22:0x00000078  x3:0x80047571
      956855000	     47741	80003e20	8f6e	c.mv	x30,x27	  x0:0x00000000 x27:0xf03c586d x30=0xf03c586d
      957595000	     47778	80003e22	03576bb3	rem	x23,x14,x21	 x14:0x00000001 x21:0x00000012 x23=0x00000001
      957615000	     47779	80003e26	96f0f613	andi	x12,x1,-1681	  x1:0x000562a1 x12=0x00056021
      957635000	     47780	80003e2a	99fd	c.andi	x11,-1	 x11:0x00000001 x11=0x00000001
      957655000	     47781	80003e2c	1d026793	ori	x15,x4,464	  x4:0x000380ff x15=0x000381ff
      957675000	     47782	80003e30	c4d98313	addi	x6,x19,-947	 x19:0x80021dfc  x6=0x80021a49
      957695000	     47783	80003e34	01827cb3	and	x25,x4,x24	  x4:0x000380ff x24:0x0000008d x25=0x0000008d
      957715000	     47784	80003e38	01915613	srli	x12,x2,0x19	  x2:0x00000001 x12=0x00000000
      957735000	     47785	80003e3c	0ff0000f	fence	iorw,iorw	
      957775000	     47787	80003e40	014edfb3	srl	x31,x29,x20	 x29:0xf03c7fd7 x20:0x00000000 x31=0xf03c7fd7
      958195000	     47808	80003e44	00101413	slli	x8,x0,0x1	  x0:0x00000000  x8=0x00000000
      958355000	     47816	80003e48	0598e163	bltu	x17,x25,80003e8a	 x17:0x051463f8 x25:0x0000008d
      958655000	     47831	80003e4c	01c3a6b3	slt	x13,x7,x28	  x7:0xfaeb9c09 x28:0xffffffff x13=0x00000001
      958715000	     47834	80003e50	010badb3	slt	x27,x23,x16	 x23:0x00000001 x16:0x0000000b x27=0x00000001
      958735000	     47835	80003e54	00a10333	add	x6,x2,x10	  x2:0x00000001 x10:0x00000000  x6=0x00000001
      959055000	     47851	80003e58	00465bb3	srl	x23,x12,x4	 x12:0x00000000  x4:0x000380ff x23=0x00000000
      959075000	     47852	80003e5c	00ac7033	and	x0,x24,x10	 x24:0x0000008d x10:0x00000000  x0=0x00000000
      959095000	     47853	80003e60	391ef113	andi	x2,x29,913	 x29:0xf03c7fd7  x2=0x00000391
      959515000	     47874	80003e64	66b5	c.lui	x13,0xd	 x13=0x0000d000
      959635000	     47880	80003e66	41868133	sub	x2,x13,x24	 x13:0x0000d000 x24:0x0000008d  x2=0x0000cf73
      959835000	     47890	80003e6a	815ca713	slti	x14,x25,-2027	 x25:0x0000008d x14=0x00000000
      959855000	     47891	80003e6e	6202f313	andi	x6,x5,1568	  x5:0xb81e78b6  x6=0x00000020
      960595000	     47928	80003e72	03f64c33	div	x24,x12,x31	 x12:0x00000000 x31:0xf03c7fd7 x24=0x00000000
      960615000	     47929	80003e76	0000100f	fence.i	
      960895000	     47943	80003e7a	00c59233	sll	x4,x11,x12	 x11:0x00000001 x12:0x00000000  x4=0x00000001
      961115000	     47954	80003e7e	ccbf6f93	ori	x31,x30,-821	 x30:0xf03c586d x31=0xfffffcef
      961135000	     47955	80003e82	0000100f	fence.i	
      961295000	     47963	80003e86	56148f13	addi	x30,x9,1377	  x9:0x00000131 x30=0x00000692
      961335000	     47965	80003e8a	03ceacb3	mulhsu	x25,x29,x28	 x29:0xf03c7fd7 x28:0xffffffff x25=0xf03c7fd7
      961355000	     47966	80003e8e	013186b3	add	x13,x3,x19	  x3:0x80047571 x19:0x80021dfc x13=0x0006936d
      961455000	     47971	80003e92	03755663	bge	x10,x23,80003ebe	 x10:0x00000000 x23:0x00000000
      961615000	     47979	80003ebe	8c1a	c.mv	x24,x6	  x0:0x00000000  x6:0x00000020 x24=0x00000020
      962035000	     48000	80003ec0	8a21	c.andi	x12,8	 x12:0x00000000 x12=0x00000000
      962055000	     48001	80003ec2	40ff5233	sra	x4,x30,x15	 x30:0x00000692 x15:0x000381ff  x4=0x00000000
      962475000	     48022	80003ec6	01801613	slli	x12,x0,0x18	  x0:0x00000000 x12=0x00000000
      962495000	     48023	80003eca	94b2	c.add	x9,x12	  x9:0x00000131 x12:0x00000000  x9=0x00000131
      962615000	     48029	80003ecc	00555eb3	srl	x29,x10,x5	 x10:0x00000000  x5:0xb81e78b6 x29=0x00000000
      962755000	     48036	80003ed0	0001	c.addi	x0,0	  x0:0x00000000  x0=0x00000000
      963175000	     48057	80003ed2	021a6363	bltu	x20,x1,80003ef8	 x20:0x00000000  x1:0x000562a1
      963555000	     48076	80003ef8	00f66bb3	or	x23,x12,x15	 x12:0x00000000 x15:0x000381ff x23=0x000381ff
      964455000	     48121	80003efc	0231fbb3	remu	x23,x3,x3	  x3:0x80047571  x3:0x80047571 x23=0x00000000
      964475000	     48122	80003f00	c80e7c93	andi	x25,x28,-896	 x28:0xffffffff x25=0xfffffc80
      964495000	     48123	80003f04	37485b37	lui	x22,0x37485	 x22=0x37485000
      964515000	     48124	80003f08	0001	c.addi	x0,0	  x0:0x00000000  x0=0x00000000
      964535000	     48125	80003f0a	03a7f193	andi	x3,x15,58	 x15:0x000381ff  x3=0x0000003a
      964555000	     48126	80003f0e	04179263	bne	x15,x1,80003f52	 x15:0x000381ff  x1:0x000562a1
      965035000	     48150	80003f52	0001	c.addi	x0,0	  x0:0x00000000  x0=0x00000000
      965235000	     48160	80003f54	d5ed3193	sltiu	x3,x26,-674	 x26:0x80025ce4  x3=0x00000001
      965275000	     48162	80003f58	034b91b3	mulh	x3,x23,x20	 x23:0x00000000 x20:0x00000000  x3=0x00000000
      965675000	     48182	80003f5c	414a01b3	sub	x3,x20,x20	 x20:0x00000000 x20:0x00000000  x3=0x00000000
      966095000	     48203	80003f60	83f5	c.srli	x15,0x1d	 x15:0x000381ff x15=0x00000000
      966495000	     48223	80003f62	03dd9eb3	mulh	x29,x27,x29	 x27:0x00000001 x29:0x00000000 x29=0x00000000
      966895000	     48243	80003f66	60453b37	lui	x22,0x60453	 x22=0x60453000
      966915000	     48244	80003f6a	00282db3	slt	x27,x16,x2	 x16:0x0000000b  x2:0x0000cf73 x27=0x00000001
      966975000	     48247	80003f6e	b785d597	auipc	x11,0xb785d	 x11=0x37860f6e
      966995000	     48248	80003f72	5dfd	c.li	x27,-1	 x27=0xffffffff
      967355000	     48266	80003f74	8b9e	c.mv	x23,x7	  x0:0x00000000  x7:0xfaeb9c09 x23=0xfaeb9c09
      967375000	     48267	80003f76	cf91	c.beqz	x15,80003f92	 x15:0x00000000
      968115000	     48304	80003f92	03a54163	blt	x10,x26,80003fb4	 x10:0x00000000 x26:0x80025ce4
      968535000	     48325	80003f96	01a71a33	sll	x20,x14,x26	 x14:0x00000000 x26:0x80025ce4 x20=0x00000000
      968555000	     48326	80003f9a	8225	c.srli	x12,0x9	 x12:0x00000000 x12=0x00000000
      968575000	     48327	80003f9c	ef01	c.bnez	x14,80003fb4	 x14:0x00000000
      968595000	     48328	80003f9e	062e	c.slli	x12,0xb	 x12:0x00000000 x12=0x00000000
      968675000	     48332	80003fa0	01d5c2b3	xor	x5,x11,x29	 x11:0x37860f6e x29:0x00000000  x5=0x37860f6e
      968955000	     48346	80003fa4	88d5	c.andi	x9,21	  x9:0x00000131  x9=0x00000011
      969695000	     48383	80003fa6	02b552b3	divu	x5,x10,x11	 x10:0x00000000 x11:0x37860f6e  x5=0x00000000
      969715000	     48384	80003faa	01d61db3	sll	x27,x12,x29	 x12:0x00000000 x29:0x00000000 x27=0x00000000
      969735000	     48385	80003fae	816e	c.mv	x2,x27	  x0:0x00000000 x27:0x00000000  x2=0x00000000
      969755000	     48386	80003fb0	00177433	and	x8,x14,x1	 x14:0x00000000  x1:0x000562a1  x8=0x00000000
      969775000	     48387	80003fb4	03a47663	bgeu	x8,x26,80003fe0	  x8:0x00000000 x26:0x80025ce4
      969795000	     48388	80003fb8	4a12ac37	lui	x24,0x4a12a	 x24=0x4a12a000
      970035000	     48400	80003fbc	0256d733	divu	x14,x13,x5	 x13:0x0006936d  x5:0x00000000 x14=0xffffffff
      970435000	     48420	80003fc0	a0a2d497	auipc	x9,0xa0a2d	  x9=0x20a30fc0
      970455000	     48421	80003fc4	75117913	andi	x18,x2,1873	  x2:0x00000000 x18=0x00000000
      970475000	     48422	80003fc8	01f3c0b3	xor	x1,x7,x31	  x7:0xfaeb9c09 x31:0xfffffcef  x1=0x051460e6
      970535000	     48425	80003fcc	029e	c.slli	x5,0x7	  x5:0x00000000  x5=0x00000000
      970555000	     48426	80003fce	477d	c.li	x14,31	 x14=0x0000001f
      970735000	     48435	80003fd0	0264e363	bltu	x9,x6,80003ff6	  x9:0x20a30fc0  x6:0x00000020
      970855000	     48441	80003fd4	02339233	mulh	x4,x7,x3	  x7:0xfaeb9c09  x3:0x00000000  x4=0x00000000
      970875000	     48442	80003fd8	00e01593	slli	x11,x0,0xe	  x0:0x00000000 x11=0x00000000
      970895000	     48443	80003fdc	8072cc17	auipc	x24,0x8072c	 x24=0x0072ffdc
      970915000	     48444	80003fe0	1a7d	c.addi	x20,-1	 x20:0x00000000 x20=0xffffffff
      970935000	     48445	80003fe2	8439	c.srai	x8,0xe	  x8:0x00000000  x8=0x00000000
      971315000	     48464	80003fe4	028d0d63	beq	x26,x8,8000401e	 x26:0x80025ce4  x8:0x00000000
      971335000	     48465	80003fe8	0ff0000f	fence	iorw,iorw	
      971375000	     48467	80003fec	004935b3	sltu	x11,x18,x4	 x18:0x00000000  x4:0x00000000 x11=0x00000000
      971455000	     48471	80003ff0	f97a6193	ori	x3,x20,-105	 x20:0xffffffff  x3=0xffffffff
      971475000	     48472	80003ff4	0b0a	c.slli	x22,0x2	 x22:0x60453000 x22=0x8114c000
      971735000	     48485	80003ff6	032accb3	div	x25,x21,x18	 x21:0x00000012 x18:0x00000000 x25=0xffffffff
      971755000	     48486	80003ffa	0140af33	slt	x30,x1,x20	  x1:0x051460e6 x20:0xffffffff x30=0x00000000
      971775000	     48487	80003ffe	717d	c.addi16sp	x2,-16	  x2:0x00000000  x2=0xfffffff0
      971815000	     48489	80004000	02941bb3	mulh	x23,x8,x9	  x8:0x00000000  x9:0x20a30fc0 x23=0x00000000
      971835000	     48490	80004004	4098d013	srai	x0,x17,0x9	 x17:0x051463f8  x0=0x00000000
      971855000	     48491	80004008	41b60f33	sub	x30,x12,x27	 x12:0x00000000 x27:0x00000000 x30=0x00000000
      972155000	     48506	8000400c	0c1c	c.addi4spn	x15,x2,528	 x15=0x00000200
      972315000	     48514	8000400e	02f017b3	mulh	x15,x0,x15	  x0:0x00000000 x15:0x00000200 x15=0x00000000
      972335000	     48515	80004012	00c55263	bge	x10,x12,80004016	 x10:0x00000000 x12:0x00000000
      972375000	     48517	80004016	8e59	c.or	x12,x14	 x12:0x00000000 x14:0x0000001f x12=0x0000001f
      972915000	     48544	80004018	02fa7833	remu	x16,x20,x15	 x20:0xffffffff x15:0x00000000 x16=0xffffffff
      973055000	     48551	8000401c	8fbd	c.xor	x15,x15	 x15:0x00000000 x15:0x00000000 x15=0x00000000
      973075000	     48552	8000401e	0a76a197	auipc	x3,0xa76a	  x3=0x8a76e01e
      973095000	     48553	80004022	4073dcb3	sra	x25,x7,x7	  x7:0xfaeb9c09  x7:0xfaeb9c09 x25=0xfffd75ce
      973115000	     48554	80004026	8259	c.srli	x12,0x16	 x12:0x0000001f x12=0x00000000
      973135000	     48555	80004028	8349	c.srli	x14,0x12	 x14:0x0000001f x14=0x00000000
      973175000	     48557	8000402a	02a015b3	mulh	x11,x0,x10	  x0:0x00000000 x10:0x00000000 x11=0x00000000
      973595000	     48578	8000402e	01f26f33	or	x30,x4,x31	  x4:0x00000000 x31:0xfffffcef x30=0xfffffcef
      973615000	     48579	80004032	18fd	c.addi	x17,-1	 x17:0x051463f8 x17=0x051463f7
      973635000	     48580	80004034	016ca8b3	slt	x17,x25,x22	 x25:0xfffd75ce x22:0x8114c000 x17=0x00000000
      973775000	     48587	80004038	050e	c.slli	x10,0x3	 x10:0x00000000 x10=0x00000000
      973795000	     48588	8000403a	0001	c.addi	x0,0	  x0:0x00000000  x0=0x00000000
      973815000	     48589	8000403c	0ff0000f	fence	iorw,iorw	
      973835000	     48590	80004040	610d	c.addi16sp	x2,160	  x2:0xfffffff0  x2=0x00000090
      973855000	     48591	80004042	84e32f93	slti	x31,x6,-1970	  x6:0x00000020 x31=0x00000000
      973875000	     48592	80004046	02019063	bne	x3,x0,80004066	  x3:0x8a76e01e  x0:0x00000000
      974395000	     48618	80004066	00aaa2b3	slt	x5,x21,x10	 x21:0x00000012 x10:0x00000000  x5=0x00000000
      974815000	     48639	8000406a	90466293	ori	x5,x12,-1788	 x12:0x00000000  x5=0xfffff904
      974895000	     48643	8000406e	41bc5c13	srai	x24,x24,0x1b	 x24:0x0072ffdc x24=0x00000000
      974915000	     48644	80004072	0b26	c.slli	x22,0x9	 x22:0x8114c000 x22=0x29800000
      975655000	     48681	80004074	03ad4833	div	x16,x26,x26	 x26:0x80025ce4 x26:0x80025ce4 x16=0x00000001
      975675000	     48682	80004078	1431c513	xori	x10,x3,323	  x3:0x8a76e01e x10=0x8a76e15d
      975695000	     48683	8000407c	034e6e63	bltu	x28,x20,800040b8	 x28:0xffffffff x20:0xffffffff
      975715000	     48684	80004080	97e32d93	slti	x27,x6,-1666	  x6:0x00000020 x27=0x00000000
      975755000	     48686	80004084	0179a533	slt	x10,x19,x23	 x19:0x80021dfc x23:0x00000000 x10=0x00000001
      976095000	     48703	80004088	024d0233	mul	x4,x26,x4	 x26:0x80025ce4  x4:0x00000000  x4=0x00000000
      976375000	     48717	8000408c	717d	c.addi16sp	x2,-16	  x2:0x00000090  x2=0x00000080
      976395000	     48718	8000408e	02167d63	bgeu	x12,x1,800040c8	 x12:0x00000000  x1:0x051460e6
      976735000	     48735	80004092	010077b3	and	x15,x0,x16	  x0:0x00000000 x16:0x00000001 x15=0x00000000
      977135000	     48755	80004096	02334d63	blt	x6,x3,800040d0	  x6:0x00000020  x3:0x8a76e01e
      977155000	     48756	8000409a	0ff0000f	fence	iorw,iorw	
      978075000	     48802	8000409e	0236e833	rem	x16,x13,x3	 x13:0x0006936d  x3:0x8a76e01e x16=0x0006936d
      978095000	     48803	800040a2	00e2da93	srli	x21,x5,0xe	  x5:0xfffff904 x21=0x0003ffff
      978135000	     48805	800040a6	0329c933	div	x18,x19,x18	 x19:0x80021dfc x18:0x00000000 x18=0xffffffff
      978875000	     48842	800040aa	03eac033	div	x0,x21,x30	 x21:0x0003ffff x30:0xfffffcef  x0=0x00000000
      978895000	     48843	800040ae	8d95	c.sub	x11,x13	 x11:0x00000000 x13:0x0006936d x11=0xfff96c93
      978915000	     48844	800040b0	11e17b13	andi	x22,x2,286	  x2:0x00000080 x22=0x00000000
      978955000	     48846	800040b4	03693c33	mulhu	x24,x18,x22	 x18:0xffffffff x22:0x00000000 x24=0x00000000
      978975000	     48847	800040b8	00559d63	bne	x11,x5,800040d2	 x11:0xfff96c93  x5:0xfffff904
      979675000	     48882	800040d2	014501b3	add	x3,x10,x20	 x10:0x00000001 x20:0xffffffff  x3=0x00000000
      979695000	     48883	800040d6	8ed9	c.or	x13,x14	 x13:0x0006936d x14:0x00000000 x13=0x0006936d
      979775000	     48887	800040d8	27d0e093	ori	x1,x1,637	  x1:0x051460e6  x1=0x051462ff
      979795000	     48888	800040dc	02370363	beq	x14,x3,80004102	 x14:0x00000000  x3:0x00000000
      980975000	     48947	80004102	827a	c.mv	x4,x30	  x0:0x00000000 x30:0xfffffcef  x4=0xfffffcef
      981015000	     48949	80004104	026c9f33	mulh	x30,x25,x6	 x25:0xfffd75ce  x6:0x00000020 x30=0xffffffff
      984615000	     49129	80004108	9b86	c.add	x23,x1	 x23:0x00000000  x1:0x051462ff x23=0x051462ff
      984635000	     49130	8000410a	01dc3433	sltu	x8,x24,x29	 x24:0x00000000 x29:0x00000000  x8=0x00000000
      984675000	     49132	8000410e	03d3a733	mulhsu	x14,x7,x29	  x7:0xfaeb9c09 x29:0x00000000 x14=0x00000000
      984695000	     49133	80004112	8ecd	c.or	x13,x11	 x13:0x0006936d x11:0xfff96c93 x13=0xffffffff
      984715000	     49134	80004114	c0b5ac93	slti	x25,x11,-1013	 x11:0xfff96c93 x25=0x00000001
      984735000	     49135	80004118	8039	c.srli	x8,0xe	  x8:0x00000000  x8=0x00000000
      985135000	     49155	8000411a	0ff0000f	fence	iorw,iorw	
      985175000	     49157	8000411e	0246f0b7	lui	x1,0x246f	  x1=0x0246f000
      985195000	     49158	80004122	41438a33	sub	x20,x7,x20	  x7:0xfaeb9c09 x20:0xffffffff x20=0xfaeb9c0a
      985215000	     49159	80004126	0715	c.addi	x14,5	 x14:0x00000000 x14=0x00000005
      985235000	     49160	80004128	1becbc93	sltiu	x25,x25,446	 x25:0x00000001 x25=0x00000001
      985295000	     49163	8000412c	28078513	addi	x10,x15,640	 x15:0x00000000 x10=0x00000280
      985315000	     49164	80004130	016ddc63	bge	x27,x22,80004148	 x27:0x00000000 x22:0x00000000
      985795000	     49188	80004148	4751	c.li	x14,20	 x14=0x00000014
      985815000	     49189	8000414a	8cd9	c.or	x9,x14	  x9:0x20a30fc0 x14:0x00000014  x9=0x20a30fd4
      985835000	     49190	8000414c	98ae	c.add	x17,x11	 x17:0x00000000 x11:0xfff96c93 x17=0xfff96c93
      985855000	     49191	8000414e	6505	c.lui	x10,0x1	 x10=0x00001000
      985875000	     49192	80004150	92aeeb93	ori	x23,x29,-1750	 x29:0x00000000 x23=0xfffff92a
      985895000	     49193	80004154	349e6f37	lui	x30,0x349e6	 x30=0x349e6000
      985915000	     49194	80004158	01f21733	sll	x14,x4,x31	  x4:0xfffffcef x31:0x00000000 x14=0xfffffcef
      985935000	     49195	8000415c	51fd	c.li	x3,-1	  x3=0xffffffff
      985955000	     49196	8000415e	6c11	c.lui	x24,0x4	 x24=0x00004000
      985975000	     49197	80004160	8295	c.srli	x13,0x5	 x13:0xffffffff x13=0x07ffffff
      985995000	     49198	80004162	0192	c.slli	x3,0x4	  x3:0xffffffff  x3=0xfffffff0
      986015000	     49199	80004164	0001	c.addi	x0,0	  x0:0x00000000  x0=0x00000000
      986035000	     49200	80004166	ec810e93	addi	x29,x2,-312	  x2:0x00000080 x29=0xffffff48
      986055000	     49201	8000416a	00ddcf63	blt	x27,x13,80004188	 x27:0x00000000 x13:0x07ffffff
      986715000	     49234	80004188	02979363	bne	x15,x9,800041ae	 x15:0x00000000  x9:0x20a30fd4
      987715000	     49284	800041ae	02608eb3	mul	x29,x1,x6	  x1:0x0246f000  x6:0x00000020 x29=0x48de0000
      987735000	     49285	800041b2	1c88	c.addi4spn	x10,x2,624	 x10=0x000002f0
      987875000	     49292	800041b4	055d	c.addi	x10,23	 x10:0x000002f0 x10=0x00000307
      988275000	     49312	800041b6	00757ab3	and	x21,x10,x7	 x10:0x00000307  x7:0xfaeb9c09 x21=0x00000001
      988295000	     49313	800041ba	6169	c.addi16sp	x2,208	  x2:0x00000080  x2=0x00000150
      988315000	     49314	800041bc	00a60033	add	x0,x12,x10	 x12:0x00000000 x10:0x00000307  x0=0x00000000
      988355000	     49316	800041c0	03607363	bgeu	x0,x22,800041e6	  x0:0x00000000 x22:0x00000000
      988835000	     49340	800041e6	ed8d	c.bnez	x11,80004220	 x11:0xfff96c93
      989295000	     49363	80004220	8f1d3893	sltiu	x17,x26,-1807	 x26:0x80025ce4 x17=0x00000001
      989375000	     49367	80004224	02d72633	mulhsu	x12,x14,x13	 x14:0xfffffcef x13:0x07ffffff x12=0xffffffe7
      989395000	     49368	80004228	678d	c.lui	x15,0x3	 x15=0x00003000
      989415000	     49369	8000422a	8c45	c.or	x8,x9	  x8:0x00000000  x9:0x20a30fd4  x8=0x20a30fd4
      989455000	     49371	8000422c	567d	c.li	x12,-1	 x12=0xffffffff
      989475000	     49372	8000422e	85f2	c.mv	x11,x28	  x0:0x00000000 x28:0xffffffff x11=0xffffffff
      989835000	     49390	80004230	0080f5b3	and	x11,x1,x8	  x1:0x0246f000  x8:0x20a30fd4 x11=0x00020000
      989855000	     49391	80004234	03690433	mul	x8,x18,x22	 x18:0xffffffff x22:0x00000000  x8=0x00000000
      989875000	     49392	80004238	0174bf33	sltu	x30,x9,x23	  x9:0x20a30fd4 x23:0xfffff92a x30=0x00000001
      989895000	     49393	8000423c	01be	c.slli	x3,0xf	  x3:0xfffffff0  x3=0xfff80000
      990035000	     49400	8000423e	01cad113	srli	x2,x21,0x1c	 x21:0x00000001  x2=0x00000000
      990775000	     49437	80004242	035172b3	remu	x5,x2,x21	  x2:0x00000000 x21:0x00000001  x5=0x00000000
      990795000	     49438	80004246	01e5eb63	bltu	x11,x30,8000425c	 x11:0x00020000 x30:0x00000001
      990815000	     49439	8000424a	c21d	c.beqz	x12,80004270	 x12:0xffffffff
      990835000	     49440	8000424c	997d	c.andi	x10,-1	 x10:0x00000307 x10=0x00000307
      990855000	     49441	8000424e	40820233	sub	x4,x4,x8	  x4:0xfffffcef  x8:0x00000000  x4=0xfffffcef
      990875000	     49442	80004252	01afbeb3	sltu	x29,x31,x26	 x31:0x00000000 x26:0x80025ce4 x29=0x00000001
      990895000	     49443	80004256	050e	c.slli	x10,0x3	 x10:0x00000307 x10=0x00001838
      990915000	     49444	80004258	01bd1293	slli	x5,x26,0x1b	 x26:0x80025ce4  x5=0x20000000
      990935000	     49445	8000425c	a9e82617	auipc	x12,0xa9e82	 x12=0x29e8625c
      991055000	     49451	80004260	03b60063	beq	x12,x27,80004280	 x12:0x29e8625c x27:0x00000000
      991415000	     49469	80004264	41c95733	sra	x14,x18,x28	 x18:0xffffffff x28:0xffffffff x14=0xffffffff
      991435000	     49470	80004268	bef64c13	xori	x24,x12,-1041	 x12:0x29e8625c x24=0xd61799b3
      991555000	     49476	8000426c	03f3eab3	rem	x21,x7,x31	  x7:0xfaeb9c09 x31:0x00000000 x21=0xfaeb9c09
      991575000	     49477	80004270	40585793	srai	x15,x16,0x5	 x16:0x0006936d x15=0x0000349b
      991635000	     49480	80004274	0351b133	mulhu	x2,x3,x21	  x3:0xfff80000 x21:0xfaeb9c09  x2=0xfae3c4ac
      991755000	     49486	80004278	9be6	c.add	x23,x25	 x23:0xfffff92a x25:0x00000001 x23=0xfffff92b
      992175000	     49507	8000427a	986cf097	auipc	x1,0x986cf	  x1=0x186d327a
      992195000	     49508	8000427e	c0a1	c.beqz	x9,800042be	  x9:0x20a30fd4
      992595000	     49528	80004280	0157e133	or	x2,x15,x21	 x15:0x0000349b x21:0xfaeb9c09  x2=0xfaebbc9b
      992615000	     49529	80004284	b7d4e497	auipc	x9,0xb7d4e	  x9=0x37d52284
      992635000	     49530	80004288	007a9fb3	sll	x31,x21,x7	 x21:0xfaeb9c09  x7:0xfaeb9c09 x31=0xd7381200
      992675000	     49532	8000428c	2abaa017	auipc	x0,0x2abaa	  x0=0x00000000
      992695000	     49533	80004290	8fe9	c.and	x15,x10	 x15:0x0000349b x10:0x00001838 x15=0x00001018
      993595000	     49578	80004292	02a9f1b3	remu	x3,x19,x10	 x19:0x80021dfc x10:0x00001838  x3=0x0000112c
      993615000	     49579	80004296	10162113	slti	x2,x12,257	 x12:0x29e8625c  x2=0x00000000
      993635000	     49580	8000429a	021f8263	beq	x31,x1,800042be	 x31:0xd7381200  x1:0x186d327a
      993655000	     49581	8000429e	9b7d	c.andi	x14,-1	 x14:0xffffffff x14=0xffffffff
      994395000	     49618	800042a0	02f4f2b3	remu	x5,x9,x15	  x9:0x37d52284 x15:0x00001018  x5=0x00000fcc
      994415000	     49619	800042a4	717d	c.addi16sp	x2,-16	  x2:0x00000000  x2=0xfffffff0
      995155000	     49656	800042a6	0310eb33	rem	x22,x1,x17	  x1:0x186d327a x17:0x00000001 x22=0x00000000
      995175000	     49657	800042aa	414cddb3	sra	x27,x25,x20	 x25:0x00000001 x20:0xfaeb9c0a x27=0x00000000
      995215000	     49659	800042ae	0210a2b3	mulhsu	x5,x1,x1	  x1:0x186d327a  x1:0x186d327a  x5=0x0254a80a
      995235000	     49660	800042b2	40f65933	sra	x18,x12,x15	 x12:0x29e8625c x15:0x00001018 x18=0x00000029
      995255000	     49661	800042b6	0ff0000f	fence	iorw,iorw	
      995275000	     49662	800042ba	00afa6b3	slt	x13,x31,x10	 x31:0xd7381200 x10:0x00001838 x13=0x00000001
      995295000	     49663	800042be	0f52	c.slli	x30,0x14	 x30:0x00000001 x30=0x00100000
      995435000	     49670	800042c0	024d	c.addi	x4,19	  x4:0xfffffcef  x4=0xfffffd02
      995835000	     49690	800042c2	00055713	srli	x14,x10,0x0	 x10:0x00001838 x14=0x00001838
      996015000	     49699	800042c6	418a8db3	sub	x27,x21,x24	 x21:0xfaeb9c09 x24:0xd61799b3 x27=0x24d40256
      996035000	     49700	800042ca	6ca1	c.lui	x25,0x8	 x25=0x00008000
      996215000	     49709	800042cc	40abd2b3	sra	x5,x23,x10	 x23:0xfffff92b x10:0x00001838  x5=0xffffffff
      996295000	     49713	800042d0	62e1	c.lui	x5,0x18	  x5=0x00018000
      996515000	     49724	800042d2	e7b13013	sltiu	x0,x2,-389	  x2:0xfffffff0  x0=0x00000000
      996535000	     49725	800042d6	1910	c.addi4spn	x12,x2,176	 x12=0x000000a0
      996555000	     49726	800042d8	8fb5	c.xor	x15,x13	 x15:0x00001018 x13:0x00000001 x15=0x00001019
      996575000	     49727	800042da	92d13513	sltiu	x10,x2,-1747	  x2:0xfffffff0 x10=0x00000000
      996975000	     49747	800042de	0000100f	fence.i	
      998235000	     49810	800042e2	000f3cb3	sltu	x25,x30,x0	 x30:0x00100000  x0:0x00000000 x25=0x00000000
      998255000	     49811	800042e6	70306d93	ori	x27,x0,1795	  x0:0x00000000 x27=0x00000703
      998675000	     49832	800042ea	02e0d563	bge	x1,x14,80004314	  x1:0x186d327a x14:0x00001838
      999175000	     49857	80004314	014e4cb3	xor	x25,x28,x20	 x28:0xffffffff x20:0xfaeb9c0a x25=0x051463f5
      999195000	     49858	80004318	ee1d	c.bnez	x12,80004356	 x12:0x000000a0
      999675000	     49882	80004356	ee81	c.bnez	x13,8000436e	 x13:0x00000001
     1000055000	     49901	8000436e	00473b33	sltu	x22,x14,x4	 x14:0x00001838  x4:0xfffffd02 x22=0x00000001
     1000175000	     49907	80004372	b2432813	slti	x16,x6,-1244	  x6:0x00000020 x16=0x00000000
     1000195000	     49908	80004376	0000100f	fence.i	
     1000735000	     49935	8000437a	41ca8bb3	sub	x23,x21,x28	 x21:0xfaeb9c09 x28:0xffffffff x23=0xfaeb9c0a
     1000755000	     49936	8000437e	8376	c.mv	x6,x29	  x0:0x00000000 x29:0x00000001  x6=0x00000001
     1001155000	     49956	80004380	0ff0000f	fence	iorw,iorw	
     1001895000	     49993	80004384	033a6c33	rem	x24,x20,x19	 x20:0xfaeb9c0a x19:0x80021dfc x24=0xfaeb9c0a
     1001915000	     49994	80004388	717d	c.addi16sp	x2,-16	  x2:0xfffffff0  x2=0xffffffe0
     1001935000	     49995	8000438a	9136	c.add	x2,x13	  x2:0xffffffe0 x13:0x00000001  x2=0xffffffe1
     1002675000	     50032	8000438c	0291c733	div	x14,x3,x9	  x3:0x0000112c  x9:0x37d52284 x14=0x00000000
     1002695000	     50033	80004390	01e79cb3	sll	x25,x15,x30	 x15:0x00001019 x30:0x00100000 x25=0x00001019
     1002715000	     50034	80004394	009b1bb3	sll	x23,x22,x9	 x22:0x00000001  x9:0x37d52284 x23=0x00000010
     1002735000	     50035	80004398	2cb5a313	slti	x6,x11,715	 x11:0x00020000  x6=0x00000000
     1002755000	     50036	8000439c	008966b3	or	x13,x18,x8	 x18:0x00000029  x8:0x00000000 x13=0x00000029
     1002775000	     50037	800043a0	6d04e413	ori	x8,x9,1744	  x9:0x37d52284  x8=0x37d526d4
     1002855000	     50041	800043a4	0816	c.slli	x16,0x5	 x16:0x00000000 x16=0x00000000
     1002875000	     50042	800043a6	83a9	c.srli	x15,0xa	 x15:0x00001019 x15=0x00000004
     1002895000	     50043	800043a8	8dbe	c.mv	x27,x15	  x0:0x00000000 x15:0x00000004 x27=0x00000004
     1003875000	     50092	800043aa	03a161b3	rem	x3,x2,x26	  x2:0xffffffe1 x26:0x80025ce4  x3=0xffffffe1
     1003895000	     50093	800043ae	03f34463	blt	x6,x31,800043d6	  x6:0x00000000 x31:0xd7381200
     1003915000	     50094	800043b2	86cd	c.srai	x13,0x13	 x13:0x00000029 x13=0x00000000
     1004655000	     50131	800043b4	031c6833	rem	x16,x24,x17	 x24:0xfaeb9c0a x17:0x00000001 x16=0x00000000
     1004675000	     50132	800043b8	c8cc2593	slti	x11,x24,-884	 x24:0xfaeb9c0a x11=0x00000001
     1004695000	     50133	800043bc	0a94	c.addi4spn	x13,x2,336	 x13=0x00000131
     1004735000	     50135	800043be	0268cc33	div	x24,x17,x6	 x17:0x00000001  x6:0x00000000 x24=0xffffffff
     1004755000	     50136	800043c2	0008e1b3	or	x3,x17,x0	 x17:0x00000001  x0:0x00000000  x3=0x00000001
     1004775000	     50137	800043c6	4d6bbe13	sltiu	x28,x23,1238	 x23:0x00000010 x28=0x00000001
     1004795000	     50138	800043ca	01eed133	srl	x2,x29,x30	 x29:0x00000001 x30:0x00100000  x2=0x00000001
     1004815000	     50139	800043ce	8e85	c.sub	x13,x9	 x13:0x00000131  x9:0x37d52284 x13=0xc82adead
     1004835000	     50140	800043d0	957a	c.add	x10,x30	 x10:0x00000000 x30:0x00100000 x10=0x00100000
     1004855000	     50141	800043d2	03106163	bltu	x0,x17,800043f4	  x0:0x00000000 x17:0x00000001
     1004915000	     50144	800043f4	029420b3	mulhsu	x1,x8,x9	  x8:0x37d526d4  x9:0x37d52284  x1=0x0c2d4737
     1005375000	     50167	800043f8	8159	c.srli	x10,0x16	 x10:0x00100000 x10=0x00000000
     1005395000	     50168	800043fa	02261063	bne	x12,x2,8000441a	 x12:0x000000a0  x2:0x00000001
     1046915000	     52244	8000441a	d452ba93	sltiu	x21,x5,-699	  x5:0x00018000 x21=0x00000001
     1046935000	     52245	8000441e	0305e263	bltu	x11,x16,80004442	 x11:0x00000001 x16:0x00000000
     1046955000	     52246	80004422	1fa18a13	addi	x20,x3,506	  x3:0x00000001 x20=0x000001fb
     1047055000	     52251	80004426	cacdf413	andi	x8,x27,-852	 x27:0x00000004  x8=0x00000004
     1047095000	     52253	8000442a	03d80a33	mul	x20,x16,x29	 x16:0x00000000 x29:0x00000001 x20=0x00000000
     1047115000	     52254	8000442e	8865	c.andi	x8,25	  x8:0x00000004  x8=0x00000000
     1047515000	     52274	80004430	1d80	c.addi4spn	x8,x2,752	  x8=0x000002f1
     1047535000	     52275	80004432	00939533	sll	x10,x7,x9	  x7:0xfaeb9c09  x9:0x37d52284 x10=0xaeb9c090
     1047555000	     52276	80004436	613d	c.addi16sp	x2,480	  x2:0x00000001  x2=0x000001e1
     1047575000	     52277	80004438	0ff0000f	fence	iorw,iorw	
     1047975000	     52297	8000443c	587d	c.li	x16,-1	 x16=0xffffffff
     1048095000	     52303	8000443e	000d5ab3	srl	x21,x26,x0	 x26:0x80025ce4  x0:0x00000000 x21=0x80025ce4
     1048235000	     52310	80004442	01869813	slli	x16,x13,0x18	 x13:0xc82adead x16=0xad000000
     1048255000	     52311	80004446	01e427b3	slt	x15,x8,x30	  x8:0x000002f1 x30:0x00100000 x15=0x00000001
     1048295000	     52313	8000444a	0308aeb3	mulhsu	x29,x17,x16	 x17:0x00000001 x16:0xad000000 x29=0x00000000
     1048455000	     52321	8000444e	01df42b3	xor	x5,x30,x29	 x30:0x00100000 x29:0x00000000  x5=0x00100000
     1048655000	     52331	80004452	407f5193	srai	x3,x30,0x7	 x30:0x00100000  x3=0x00002000
     1048675000	     52332	80004456	8ed9	c.or	x13,x14	 x13:0xc82adead x14:0x00000000 x13=0xc82adead
     1048695000	     52333	80004458	8269	c.srli	x12,0x1a	 x12:0x000000a0 x12=0x00000000
     1049595000	     52378	8000445a	0289fc33	remu	x24,x19,x8	 x19:0x80021dfc  x8:0x000002f1 x24=0x00000084
     1049615000	     52379	8000445e	6e3d	c.lui	x28,0xf	 x28=0x0000f000
     1050355000	     52416	80004460	0279d633	divu	x12,x19,x7	 x19:0x80021dfc  x7:0xfaeb9c09 x12=0x00000000
     1050375000	     52417	80004464	391beeb7	lui	x29,0x391be	 x29=0x391be000
     1050395000	     52418	80004468	8fa5	c.xor	x15,x9	 x15:0x00000001  x9:0x37d52284 x15=0x37d52285
     1050415000	     52419	8000446a	0e35	c.addi	x28,13	 x28:0x0000f000 x28=0x0000f00d
     1050435000	     52420	8000446c	01fc0cb3	add	x25,x24,x31	 x24:0x00000084 x31:0xd7381200 x25=0xd7381284
     1050455000	     52421	80004470	40f15e93	srai	x29,x2,0xf	  x2:0x000001e1 x29=0x00000000
     1050475000	     52422	80004474	87e5	c.srai	x15,0x19	 x15:0x37d52285 x15=0x0000001b
     1050615000	     52429	80004476	9b12ba13	sltiu	x20,x5,-1615	  x5:0x00100000 x20=0x00000001
     1050655000	     52431	8000447a	02423b33	mulhu	x22,x4,x4	  x4:0xfffffd02  x4:0xfffffd02 x22=0xfffffa04
     1050675000	     52432	8000447e	717d	c.addi16sp	x2,-16	  x2:0x000001e1  x2=0x000001d1
     1051415000	     52469	80004480	0326f433	remu	x8,x13,x18	 x13:0xc82adead x18:0x00000029  x8=0x00000023
     1051435000	     52470	80004484	0021a933	slt	x18,x3,x2	  x3:0x00002000  x2:0x000001d1 x18=0x00000000
     1051455000	     52471	80004488	0000100f	fence.i	
     1051595000	     52478	8000448c	033c3033	mulhu	x0,x24,x19	 x24:0x00000084 x19:0x80021dfc  x0=0x00000000
     1051775000	     52487	80004490	8ae1	c.andi	x13,24	 x13:0xc82adead x13=0x00000008
     1052135000	     52505	80004492	01205f93	srli	x31,x0,0x12	  x0:0x00000000 x31=0x00000000
     1052175000	     52507	80004496	05109263	bne	x1,x17,800044da	  x1:0x0c2d4737 x17:0x00000001
     1053015000	     52549	800044da	01d99293	slli	x5,x19,0x1d	 x19:0x80021dfc  x5=0x80000000
     1053035000	     52550	800044de	038e4d63	blt	x28,x24,80004518	 x28:0x0000f00d x24:0x00000084
     1053055000	     52551	800044e2	0ff0000f	fence	iorw,iorw	
     1053075000	     52552	800044e6	cc81	c.beqz	x9,800044fe	  x9:0x37d52284
     1053095000	     52553	800044e8	717d	c.addi16sp	x2,-16	  x2:0x000001d1  x2=0x000001c1
     1053115000	     52554	800044ea	6a04ee13	ori	x28,x9,1696	  x9:0x37d52284 x28=0x37d526a4
     1053135000	     52555	800044ee	1f9c	c.addi4spn	x15,x2,1008	 x15=0x000005b1
     1053155000	     52556	800044f0	0000100f	fence.i	
     1053395000	     52568	800044f4	e685	c.bnez	x13,8000451c	 x13:0x00000008
     1053995000	     52598	8000451c	019c85b3	add	x11,x25,x25	 x25:0xd7381284 x25:0xd7381284 x11=0xae702508
     1054015000	     52599	80004520	014d1433	sll	x8,x26,x20	 x26:0x80025ce4 x20:0x00000001  x8=0x0004b9c8
     1054035000	     52600	80004524	0001	c.addi	x0,0	  x0:0x00000000  x0=0x00000000
     1054055000	     52601	80004526	01b44ab3	xor	x21,x8,x27	  x8:0x0004b9c8 x27:0x00000004 x21=0x0004b9cc
     1054075000	     52602	8000452a	0ff0000f	fence	iorw,iorw	
     1054275000	     52612	8000452e	10d0afb7	lui	x31,0x10d0a	 x31=0x10d0a000
     1054455000	     52621	80004532	4076d793	srai	x15,x13,0x7	 x13:0x00000008 x15=0x00000000
     1054475000	     52622	80004536	0001	c.addi	x0,0	  x0:0x00000000  x0=0x00000000
     1054655000	     52631	80004538	026e5733	divu	x14,x28,x6	 x28:0x37d526a4  x6:0x00000000 x14=0xffffffff
     1054675000	     52632	8000453c	018be433	or	x8,x23,x24	 x23:0x00000010 x24:0x00000084  x8=0x00000094
     1054695000	     52633	80004540	01277b63	bgeu	x14,x18,80004556	 x14:0xffffffff x18:0x00000000
     1055215000	     52659	80004556	02804b63	blt	x0,x8,8000458c	  x0:0x00000000  x8:0x00000094
     1055515000	     52674	8000458c	8f79	c.and	x14,x14	 x14:0xffffffff x14:0xffffffff x14=0xffffffff
     1055695000	     52683	8000458e	0276f263	bgeu	x13,x7,800045b2	 x13:0x00000008  x7:0xfaeb9c09
     1056135000	     52705	80004592	03a99333	mulh	x6,x19,x26	 x19:0x80021dfc x26:0x80025ce4  x6=0x3ffdc295
     1056155000	     52706	80004596	6161	c.addi16sp	x2,80	  x2:0x000001c1  x2=0x00000211
     1056195000	     52708	80004598	10054637	lui	x12,0x10054	 x12=0x10054000
     1056275000	     52712	8000459c	01ca	c.slli	x3,0x12	  x3:0x00002000  x3=0x80000000
     1056295000	     52713	8000459e	039a7b63	bgeu	x20,x25,800045d4	 x20:0x00000001 x25:0xd7381284
     1056315000	     52714	800045a2	0001	c.addi	x0,0	  x0:0x00000000  x0=0x00000000
     1056375000	     52717	800045a4	0cb6	c.slli	x25,0xd	 x25:0xd7381284 x25=0x02508000
     1056435000	     52720	800045a6	0ff0000f	fence	iorw,iorw	
     1056455000	     52721	800045aa	03f68c63	beq	x13,x31,800045e2	 x13:0x00000008 x31:0x10d0a000
     1056475000	     52722	800045ae	036d8233	mul	x4,x27,x22	 x27:0x00000004 x22:0xfffffa04  x4=0xffffe810
     1056495000	     52723	800045b2	81e2	c.mv	x3,x24	  x0:0x00000000 x24:0x00000084  x3=0x00000084
     1056835000	     52740	800045b4	54fd	c.li	x9,-1	  x9=0xffffffff
     1057015000	     52749	800045b6	02eb5163	bge	x22,x14,800045d8	 x22:0xfffffa04 x14:0xffffffff
     1057035000	     52750	800045ba	0001	c.addi	x0,0	  x0:0x00000000  x0=0x00000000
     1057355000	     52766	800045bc	01b47633	and	x12,x8,x27	  x8:0x00000094 x27:0x00000004 x12=0x00000004
     1057775000	     52787	800045c0	0fb2	c.slli	x31,0xc	 x31:0x10d0a000 x31=0x0a000000
     1057795000	     52788	800045c2	1414	c.addi4spn	x13,x2,544	 x13=0x00000431
     1057815000	     52789	800045c4	4183da33	sra	x20,x7,x24	  x7:0xfaeb9c09 x24:0x00000084 x20=0xffaeb9c0
     1057835000	     52790	800045c8	01140263	beq	x8,x17,800045cc	  x8:0x00000094 x17:0x00000001
     1058575000	     52827	800045cc	03897333	remu	x6,x18,x24	 x18:0x00000000 x24:0x00000084  x6=0x00000000
     1058595000	     52828	800045d0	f3d90493	addi	x9,x18,-195	 x18:0x00000000  x9=0xffffff3d
     1058615000	     52829	800045d4	41ebdfb3	sra	x31,x23,x30	 x23:0x00000010 x30:0x00100000 x31=0x00000010
     1058635000	     52830	800045d8	ed8d	c.bnez	x11,80004612	 x11:0xae702508
     1059015000	     52849	80004612	4160d233	sra	x4,x1,x22	  x1:0x0c2d4737 x22:0xfffffa04  x4=0x00c2d473
     1059035000	     52850	80004616	475e6097	auipc	x1,0x475e6	  x1=0xc75ea616
     1059055000	     52851	8000461a	cc1d	c.beqz	x8,80004658	  x8:0x00000094
     1059075000	     52852	8000461c	00ff3f33	sltu	x30,x30,x15	 x30:0x00100000 x15:0x00000000 x30=0x00000000
     1059095000	     52853	80004620	4fe7e713	ori	x14,x15,1278	 x15:0x00000000 x14=0x000004fe
     1059155000	     52856	80004624	e185	c.bnez	x11,80004644	 x11:0xae702508
     1060195000	     52908	80004644	02456e33	rem	x28,x10,x4	 x10:0xaeb9c090  x4:0x00c2d473 x28=0xff65b82e
     1060935000	     52945	80004648	03b07533	remu	x10,x0,x27	  x0:0x00000000 x27:0x00000004 x10=0x00000000
     1060955000	     52946	8000464c	8d59	c.or	x10,x14	 x10:0x00000000 x14:0x000004fe x10=0x000004fe
     1060975000	     52947	8000464e	41eb52b3	sra	x5,x22,x30	 x22:0xfffffa04 x30:0x00000000  x5=0xfffffa04
     1060995000	     52948	80004652	85fa	c.mv	x11,x30	  x0:0x00000000 x30:0x00000000 x11=0x00000000
     1061015000	     52949	80004654	0094deb3	srl	x29,x9,x9	  x9:0xffffff3d  x9:0xffffff3d x29=0x00000007
     1061055000	     52951	80004658	035a9033	mulh	x0,x21,x21	 x21:0x0004b9cc x21:0x0004b9cc  x0=0x00000000
     1061075000	     52952	8000465c	02080db3	mul	x27,x16,x0	 x16:0xad000000  x0:0x00000000 x27=0x00000000
     1061415000	     52969	80004660	40038e33	sub	x28,x7,x0	  x7:0xfaeb9c09  x0:0x00000000 x28=0xfaeb9c09
     1061435000	     52970	80004664	0000100f	fence.i	
     1062355000	     53016	80004668	01995633	srl	x12,x18,x25	 x18:0x00000000 x25:0x02508000 x12=0x00000000
     1062475000	     53022	8000466c	8d110413	addi	x8,x2,-1839	  x2:0x00000211  x8=0xfffffae2
     1062515000	     53024	80004670	003ff6b3	and	x13,x31,x3	 x31:0x00000010  x3:0x00000084 x13=0x00000000
     1062535000	     53025	80004674	6b278c13	addi	x24,x15,1714	 x15:0x00000000 x24=0x000006b2
     1062955000	     53046	80004678	8efd	c.and	x13,x15	 x13:0x00000000 x15:0x00000000 x13=0x00000000
     1062975000	     53047	8000467a	0579c363	blt	x19,x23,800046c0	 x19:0x80021dfc x23:0x00000010
     1063355000	     53066	800046c0	03da2633	mulhsu	x12,x20,x29	 x20:0xffaeb9c0 x29:0x00000007 x12=0xffffffff
     1063395000	     53068	800046c4	034b1cb3	mulh	x25,x22,x20	 x22:0xfffffa04 x20:0xffaeb9c0 x25=0x00000001
     1063415000	     53069	800046c8	02a24063	blt	x4,x10,800046e8	  x4:0x00c2d473 x10:0x000004fe
     1064155000	     53106	800046cc	023c7eb3	remu	x29,x24,x3	 x24:0x000006b2  x3:0x00000084 x29=0x00000082
     1064175000	     53107	800046d0	8bca	c.mv	x23,x18	  x0:0x00000000 x18:0x00000000 x23=0x00000000
     1064195000	     53108	800046d2	8dc9	c.or	x11,x10	 x11:0x00000000 x10:0x000004fe x11=0x000004fe
     1064215000	     53109	800046d4	723cca93	xori	x21,x25,1827	 x25:0x00000001 x21=0x00000722
     1064235000	     53110	800046d8	8edd	c.or	x13,x15	 x13:0x00000000 x15:0x00000000 x13=0x00000000
     1064255000	     53111	800046da	8fc9	c.or	x15,x10	 x15:0x00000000 x10:0x000004fe x15=0x000004fe
     1064295000	     53113	800046dc	02f39333	mulh	x6,x7,x15	  x7:0xfaeb9c09 x15:0x000004fe  x6=0xffffffe6
     1064315000	     53114	800046e0	05841463	bne	x8,x24,80004728	  x8:0xfffffae2 x24:0x000006b2
     1064355000	     53116	80004728	b2b66813	ori	x16,x12,-1237	 x12:0xffffffff x16=0xffffffff
     1064655000	     53131	8000472c	01c21413	slli	x8,x4,0x1c	  x4:0x00c2d473  x8=0x30000000
     1064675000	     53132	80004730	8519	c.srai	x10,0x6	 x10:0x000004fe x10=0x00000013
     1064715000	     53134	80004732	00db1593	slli	x11,x22,0xd	 x22:0xfffffa04 x11=0xff408000
     1065555000	     53176	80004736	03545933	divu	x18,x8,x21	  x8:0x30000000 x21:0x00000722 x18=0x0006babe
     1065575000	     53177	8000473a	01fb5e33	srl	x28,x22,x31	 x22:0xfffffa04 x31:0x00000010 x28=0x0000ffff
     1065595000	     53178	8000473e	69030013	addi	x0,x6,1680	  x6:0xffffffe6  x0=0x00000000
     1065615000	     53179	80004742	0ff0000f	fence	iorw,iorw	
     1065635000	     53180	80004746	86ca	c.mv	x13,x18	  x0:0x00000000 x18:0x0006babe x13=0x0006babe
     1065655000	     53181	80004748	8261	c.srli	x12,0x18	 x12:0xffffffff x12=0x000000ff
     1065675000	     53182	8000474a	4a7afd93	andi	x27,x21,1191	 x21:0x00000722 x27=0x00000422
     1065855000	     53191	8000474e	dd24c693	xori	x13,x9,-558	  x9:0xffffff3d x13=0x000002ef
     1065915000	     53194	80004752	0000100f	fence.i	
     1066935000	     53245	80004756	00171e63	bne	x14,x1,80004772	 x14:0x000004fe  x1:0xc75ea616
     1068515000	     53324	80004772	03a1fb33	remu	x22,x3,x26	  x3:0x00000084 x26:0x80025ce4 x22=0x00000084
     1068535000	     53325	80004776	8ea1	c.xor	x13,x8	 x13:0x000002ef  x8:0x30000000 x13=0x300002ef
     1068555000	     53326	80004778	00d81793	slli	x15,x16,0xd	 x16:0xffffffff x15=0xffffe000
     1068575000	     53327	8000477c	cbc8a613	slti	x12,x17,-836	 x17:0x00000001 x12=0x00000000
     1068595000	     53328	80004780	2a16ee13	ori	x28,x13,673	 x13:0x300002ef x28=0x300002ef
     1068615000	     53329	80004784	6f97c097	auipc	x1,0x6f97c	  x1=0xef980784
     1068635000	     53330	80004788	8c39	c.xor	x8,x14	  x8:0x30000000 x14:0x000004fe  x8=0x300004fe
     1068655000	     53331	8000478a	048a	c.slli	x9,0x2	  x9:0xffffff3d  x9=0xfffffcf4
     1068675000	     53332	8000478c	01770033	add	x0,x14,x23	 x14:0x000004fe x23:0x00000000  x0=0x00000000
     1068695000	     53333	80004790	e20d	c.bnez	x12,800047b2	 x12:0x00000000
     1068715000	     53334	80004792	8cf1	c.and	x9,x12	  x9:0xfffffcf4 x12:0x00000000  x9=0x00000000
     1068735000	     53335	80004794	4db6b813	sltiu	x16,x13,1243	 x13:0x300002ef x16=0x00000000
     1068795000	     53338	80004798	01a1ea33	or	x20,x3,x26	  x3:0x00000084 x26:0x80025ce4 x20=0x80025ce4
     1069215000	     53359	8000479c	c5e12713	slti	x14,x2,-930	  x2:0x00000211 x14=0x00000000
     1069235000	     53360	800047a0	e1a1	c.bnez	x11,800047e0	 x11:0xff408000
     1069695000	     53383	800047e0	6449	c.lui	x8,0x12	  x8=0x00012000
     1069855000	     53391	800047e2	40a6dc13	srai	x24,x13,0xa	 x13:0x300002ef x24=0x000c0000
     1069875000	     53392	800047e6	9116	c.add	x2,x5	  x2:0x00000211  x5:0xfffffa04  x2=0xfffffc15
     1069895000	     53393	800047e8	028c8963	beq	x25,x8,8000481a	 x25:0x00000001  x8:0x00012000
     1070315000	     53414	800047ec	8fe1	c.and	x15,x8	 x15:0xffffe000  x8:0x00012000 x15=0x00012000
     1070335000	     53415	800047ee	111c	c.addi4spn	x15,x2,160	 x15=0xfffffcb5
     1070375000	     53417	800047f0	0001	c.addi	x0,0	  x0:0x00000000  x0=0x00000000
     1070395000	     53418	800047f2	415dde93	srai	x29,x27,0x15	 x27:0x00000422 x29=0x00000000
     1070435000	     53420	800047f6	00bc9193	slli	x3,x25,0xb	 x25:0x00000001  x3=0x00000800
     1070455000	     53421	800047fa	8955	c.andi	x10,21	 x10:0x00000013 x10=0x00000011
     1070835000	     53440	800047fc	00427a33	and	x20,x4,x4	  x4:0x00c2d473  x4:0x00c2d473 x20=0x00c2d473
     1070855000	     53441	80004800	8ff5	c.and	x15,x13	 x15:0xfffffcb5 x13:0x300002ef x15=0x300000a5
     1070875000	     53442	80004802	908a	c.add	x1,x2	  x1:0xef980784  x2:0xfffffc15  x1=0xef980399
     1070895000	     53443	80004804	00187f63	bgeu	x16,x1,80004822	 x16:0x00000000  x1:0xef980399
     1070915000	     53444	80004808	00191263	bne	x18,x1,8000480c	 x18:0x0006babe  x1:0xef980399
     1071495000	     53473	8000480c	01efda33	srl	x20,x31,x30	 x31:0x00000010 x30:0x00000000 x20=0x00000010
     1072635000	     53530	80004810	02895533	divu	x10,x18,x8	 x18:0x0006babe  x8:0x00012000 x10=0x00000005
     1072655000	     53531	80004814	ea05	c.bnez	x12,80004844	 x12:0x00000000
     1073395000	     53568	80004816	039751b3	divu	x3,x14,x25	 x14:0x00000000 x25:0x00000001  x3=0x00000000
     1073415000	     53569	8000481a	008ac5b3	xor	x11,x21,x8	 x21:0x00000722  x8:0x00012000 x11=0x00012722
     1073435000	     53570	8000481e	0000100f	fence.i	
     1073515000	     53574	80004822	9c3a	c.add	x24,x14	 x24:0x000c0000 x14:0x00000000 x24=0x000c0000
     1073535000	     53575	80004824	024a	c.slli	x4,0x12	  x4:0x00c2d473  x4=0x51cc0000
     1073555000	     53576	80004826	8f3d	c.xor	x14,x15	 x14:0x00000000 x15:0x300000a5 x14=0x300000a5
     1073575000	     53577	80004828	00e95033	srl	x0,x18,x14	 x18:0x0006babe x14:0x300000a5  x0=0x00000000
     1073675000	     53582	8000482c	3c0b3c93	sltiu	x25,x22,960	 x22:0x00000084 x25=0x00000001
     1073795000	     53588	80004830	1198	c.addi4spn	x14,x2,224	 x14=0xfffffcf5
     1073815000	     53589	80004832	1f0c	c.addi4spn	x11,x2,944	 x11=0xffffffc5
     1073855000	     53591	80004834	023b94b3	mulh	x9,x23,x3	 x23:0x00000000  x3:0x00000000  x9=0x00000000
     1073875000	     53592	80004838	007d4c63	blt	x26,x7,80004850	 x26:0x80025ce4  x7:0xfaeb9c09
     1074175000	     53607	80004850	eca6c413	xori	x8,x13,-310	 x13:0x300002ef  x8=0xcffffc25
     1074595000	     53628	80004854	019fecb3	or	x25,x31,x25	 x31:0x00000010 x25:0x00000001 x25=0x00000011
     1074995000	     53648	80004858	717d	c.addi16sp	x2,-16	  x2:0xfffffc15  x2=0xfffffc05
     1075015000	     53649	8000485a	394efc17	auipc	x24,0x394ef	 x24=0xb94f385a
     1075035000	     53650	8000485e	8f4d	c.or	x14,x11	 x14:0xfffffcf5 x11:0xffffffc5 x14=0xfffffff5
     1075075000	     53652	80004860	024f9833	mulh	x16,x31,x4	 x31:0x00000010  x4:0x51cc0000 x16=0x00000005
     1075375000	     53667	80004864	8d45	c.or	x10,x9	 x10:0x00000005  x9:0x00000000 x10=0x00000005
     1075695000	     53683	80004866	01a5f263	bgeu	x11,x26,8000486a	 x11:0xffffffc5 x26:0x80025ce4
     1077055000	     53751	8000486a	013566b3	or	x13,x10,x19	 x10:0x00000005 x19:0x80021dfc x13=0x80021dfd
     1077075000	     53752	8000486e	ec9d	c.bnez	x9,800048ac	  x9:0x00000000
     1077095000	     53753	80004870	97fe	c.add	x15,x31	 x15:0x300000a5 x31:0x00000010 x15=0x300000b5
     1077275000	     53762	80004872	00cf5f93	srli	x31,x30,0xc	 x30:0x00000000 x31=0x00000000
     1077295000	     53763	80004876	01d7f5b3	and	x11,x15,x29	 x15:0x300000b5 x29:0x00000000 x11=0x00000000
     1077315000	     53764	8000487a	035c8763	beq	x25,x21,800048a8	 x25:0x00000011 x21:0x00000722
     1077335000	     53765	8000487e	0ff0000f	fence	iorw,iorw	
     1077775000	     53787	80004882	02411433	mulh	x8,x2,x4	  x2:0xfffffc05  x4:0x51cc0000  x8=0xfffffeba
     1078515000	     53824	80004886	0273e133	rem	x2,x7,x7	  x7:0xfaeb9c09  x7:0xfaeb9c09  x2=0x00000000
     1093215000	     54559	8000488a	0266a0b3	mulhsu	x1,x13,x6	 x13:0x80021dfd  x6:0xffffffe6  x1=0x80021e09
     1093235000	     54560	8000488e	411c80b3	sub	x1,x25,x17	 x25:0x00000011 x17:0x00000001  x1=0x00000010
     1093255000	     54561	80004892	4435	c.li	x8,13	  x8=0x0000000d
     1093995000	     54598	80004894	0381c633	div	x12,x3,x24	  x3:0x00000000 x24:0xb94f385a x12=0x00000000
     1094015000	     54599	80004898	01c4d4b3	srl	x9,x9,x28	  x9:0x00000000 x28:0x300002ef  x9=0x00000000
     1094055000	     54601	8000489c	02944ab3	div	x21,x8,x9	  x8:0x0000000d  x9:0x00000000 x21=0xffffffff
     1094075000	     54602	800048a0	40020e33	sub	x28,x4,x0	  x4:0x51cc0000  x0:0x00000000 x28=0x51cc0000
     1094095000	     54603	800048a4	067e	c.slli	x12,0x1f	 x12:0x00000000 x12=0x00000000
     1094115000	     54604	800048a6	897d	c.andi	x10,31	 x10:0x00000005 x10=0x00000005
     1094135000	     54605	800048a8	0000100f	fence.i	
     1094375000	     54617	800048ac	810d	c.srli	x10,0x3	 x10:0x00000005 x10=0x00000000
     1095135000	     54655	800048ae	02dad533	divu	x10,x21,x13	 x21:0xffffffff x13:0x80021dfd x10=0x00000001
     1095175000	     54657	800048b2	02c41cb3	mulh	x25,x8,x12	  x8:0x0000000d x12:0x00000000 x25=0x00000000
     1095195000	     54658	800048b6	6749	c.lui	x14,0x12	 x14=0x00012000
     1095415000	     54669	800048b8	0281a133	mulhsu	x2,x3,x8	  x3:0x00000000  x8:0x0000000d  x2=0x00000000
     1095735000	     54685	800048bc	90fe	c.add	x1,x31	  x1:0x00000010 x31:0x00000000  x1=0x00000010
     1095875000	     54692	800048be	0000100f	fence.i	
     1096895000	     54743	800048c2	40765733	sra	x14,x12,x7	 x12:0x00000000  x7:0xfaeb9c09 x14=0x00000000
     1097255000	     54761	800048c6	019fcdb3	xor	x27,x31,x25	 x31:0x00000000 x25:0x00000000 x27=0x00000000
     1097275000	     54762	800048ca	9c22	c.add	x24,x8	 x24:0xb94f385a  x8:0x0000000d x24=0xb94f3867
     1097295000	     54763	800048cc	00d65c13	srli	x24,x12,0xd	 x12:0x00000000 x24=0x00000000
     1097335000	     54765	800048d0	03876433	rem	x8,x14,x24	 x14:0x00000000 x24:0x00000000  x8=0x00000000
     1097375000	     54767	800048d4	02f2bcb3	mulhu	x25,x5,x15	  x5:0xfffffa04 x15:0x300000b5 x25=0x2fffff95
     1098115000	     54804	800048d8	024ef1b3	remu	x3,x29,x4	 x29:0x00000000  x4:0x51cc0000  x3=0x00000000
     1098155000	     54806	800048dc	035aaf33	mulhsu	x30,x21,x21	 x21:0xffffffff x21:0xffffffff x30=0xffffffff
     1098195000	     54808	800048e0	02991233	mulh	x4,x18,x9	 x18:0x0006babe  x9:0x00000000  x4=0x00000000
     1098215000	     54809	800048e4	01e5	c.addi	x3,25	  x3:0x00000000  x3=0x00000019
     1098235000	     54810	800048e6	5f2c6913	ori	x18,x24,1522	 x24:0x00000000 x18=0x000005f2
     1098255000	     54811	800048ea	90b2	c.add	x1,x12	  x1:0x00000010 x12:0x00000000  x1=0x00000010
     1098275000	     54812	800048ec	91ba	c.add	x3,x14	  x3:0x00000019 x14:0x00000000  x3=0x00000019
     1098295000	     54813	800048ee	020dcd63	blt	x27,x0,80004928	 x27:0x00000000  x0:0x00000000
     1098535000	     54825	800048f2	038beb33	rem	x22,x23,x24	 x23:0x00000000 x24:0x00000000 x22=0x00000000
     1098555000	     54826	800048f6	054b6363	bltu	x22,x20,8000493c	 x22:0x00000000 x20:0x00000010
     1099015000	     54849	8000493c	039a1763	bne	x20,x25,8000496a	 x20:0x00000010 x25:0x2fffff95
     1099575000	     54877	8000496a	02134d63	blt	x6,x1,800049a4	  x6:0xffffffe6  x1:0x00000010
     1100095000	     54903	800049a4	02777463	bgeu	x14,x7,800049cc	 x14:0x00000000  x7:0xfaeb9c09
     1100115000	     54904	800049a8	41df8033	sub	x0,x31,x29	 x31:0x00000000 x29:0x00000000  x0=0x00000000
     1100135000	     54905	800049ac	6ac5	c.lui	x21,0x11	 x21=0x00011000
     1100215000	     54909	800049ae	64d07113	andi	x2,x0,1613	  x0:0x00000000  x2=0x00000000
     1100315000	     54914	800049b2	6255fab7	lui	x21,0x6255f	 x21=0x6255f000
     1100335000	     54915	800049b6	88f9	c.andi	x9,30	  x9:0x00000000  x9=0x00000000
     1100355000	     54916	800049b8	9a36	c.add	x20,x13	 x20:0x00000010 x13:0x80021dfd x20=0x80021e0d
     1100555000	     54926	800049ba	00571293	slli	x5,x14,0x5	 x14:0x00000000  x5=0x00000000
     1100575000	     54927	800049be	0001	c.addi	x0,0	  x0:0x00000000  x0=0x00000000
     1101015000	     54949	800049c0	0001	c.addi	x0,0	  x0:0x00000000  x0=0x00000000
     1101035000	     54950	800049c2	0001	c.addi	x0,0	  x0:0x00000000  x0=0x00000000
     1101055000	     54951	800049c4	0000100f	fence.i	
     1101295000	     54963	800049c8	02155a63	bge	x10,x1,800049fc	 x10:0x00000001  x1:0x00000010
     1101315000	     54964	800049cc	01287f63	bgeu	x16,x18,800049ea	 x16:0x00000005 x18:0x000005f2
     1101455000	     54971	800049d0	01bd21b3	slt	x3,x26,x27	 x26:0x80025ce4 x27:0x00000000  x3=0x00000001
     1101475000	     54972	800049d4	6175	c.addi16sp	x2,368	  x2:0x00000000  x2=0x00000170
     1101555000	     54976	800049d6	7a2cbb13	sltiu	x22,x25,1954	 x25:0x2fffff95 x22=0x00000000
     1101595000	     54978	800049da	02e0bf33	mulhu	x30,x1,x14	  x1:0x00000010 x14:0x00000000 x30=0x00000000
     1101615000	     54979	800049de	0001	c.addi	x0,0	  x0:0x00000000  x0=0x00000000
     1101995000	     54998	800049e0	4c1d	c.li	x24,7	 x24=0x00000007
     1102015000	     54999	800049e2	ed85	c.bnez	x11,80004a1a	 x11:0x00000000
     1102035000	     55000	800049e4	0000100f	fence.i	
     1102555000	     55026	800049e8	0001	c.addi	x0,0	  x0:0x00000000  x0=0x00000000
     1102975000	     55047	800049ea	00a0e8b3	or	x17,x1,x10	  x1:0x00000010 x10:0x00000001 x17=0x00000011
     1102995000	     55048	800049ee	99600513	addi	x10,x0,-1642	  x0:0x00000000 x10=0xfffff996
     1103015000	     55049	800049f2	0e5a	c.slli	x28,0x16	 x28:0x51cc0000 x28=0x00000000
     1103035000	     55050	800049f4	9562	c.add	x10,x24	 x10:0xfffff996 x24:0x00000007 x10=0xfffff99d
     1103055000	     55051	800049f6	0001	c.addi	x0,0	  x0:0x00000000  x0=0x00000000
     1103075000	     55052	800049f8	017db833	sltu	x16,x27,x23	 x27:0x00000000 x23:0x00000000 x16=0x00000000
     1103135000	     55055	800049fc	05668163	beq	x13,x22,80004a3e	 x13:0x80021dfd x22:0x00000000
     1103155000	     55056	80004a00	8d99	c.sub	x11,x14	 x11:0x00000000 x14:0x00000000 x11=0x00000000
     1103175000	     55057	80004a02	1cfd	c.addi	x25,-1	 x25:0x2fffff95 x25=0x2fffff94
     1103195000	     55058	80004a04	8562	c.mv	x10,x24	  x0:0x00000000 x24:0x00000007 x10=0x00000007
     1103595000	     55078	80004a06	034c1363	bne	x24,x20,80004a2c	 x24:0x00000007 x20:0x80021e0d
     1104535000	     55125	80004a2c	c44e0897	auipc	x17,0xc44e0	 x17=0x444e4a2c
     1104555000	     55126	80004a30	82a1	c.srli	x13,0x8	 x13:0x80021dfd x13=0x0080021d
     1104575000	     55127	80004a32	019fd093	srli	x1,x31,0x19	 x31:0x00000000  x1=0x00000000
     1104595000	     55128	80004a36	57f27693	andi	x13,x4,1407	  x4:0x00000000 x13=0x00000000
     1105015000	     55149	80004a3a	012cdc93	srli	x25,x25,0x12	 x25:0x2fffff94 x25=0x00000bff
     1105035000	     55150	80004a3e	cc89	c.beqz	x9,80004a58	  x9:0x00000000
     1105415000	     55169	80004a58	016efa63	bgeu	x29,x22,80004a6c	 x29:0x00000000 x22:0x00000000
     1105835000	     55190	80004a6c	404c01b3	sub	x3,x24,x4	 x24:0x00000007  x4:0x00000000  x3=0x00000007
     1106155000	     55206	80004a70	9b92	c.add	x23,x4	 x23:0x00000000  x4:0x00000000 x23=0x00000000
     1106255000	     55211	80004a72	03c8f7b3	remu	x15,x17,x28	 x17:0x444e4a2c x28:0x00000000 x15=0x444e4a2c
     1106275000	     55212	80004a76	05ec5063	bge	x24,x30,80004ab6	 x24:0x00000007 x30:0x00000000
     1106835000	     55240	80004ab6	cf0d	c.beqz	x14,80004af0	 x14:0x00000000
     1108055000	     55301	80004af0	02a0cab3	div	x21,x1,x10	  x1:0x00000000 x10:0x00000007 x21=0x00000000
     1108075000	     55302	80004af4	ec91	c.bnez	x9,80004b10	  x9:0x00000000
     1108095000	     55303	80004af6	40cc8933	sub	x18,x25,x12	 x25:0x00000bff x12:0x00000000 x18=0x00000bff
     1108115000	     55304	80004afa	054dc163	blt	x27,x20,80004b3c	 x27:0x00000000 x20:0x80021e0d
     1108135000	     55305	80004afe	000c8463	beq	x25,x0,80004b06	 x25:0x00000bff  x0:0x00000000
     1108155000	     55306	80004b02	417b8cb3	sub	x25,x23,x23	 x23:0x00000000 x23:0x00000000 x25=0x00000000
     1108175000	     55307	80004b06	1c8c	c.addi4spn	x11,x2,624	 x11=0x000003e0
     1108195000	     55308	80004b08	03d3e263	bltu	x7,x29,80004b2c	  x7:0xfaeb9c09 x29:0x00000000
     1108555000	     55326	80004b0c	01622cb3	slt	x25,x4,x22	  x4:0x00000000 x22:0x00000000 x25=0x00000000
     1108775000	     55337	80004b10	0373c933	div	x18,x7,x23	  x7:0xfaeb9c09 x23:0x00000000 x18=0xffffffff
     1109035000	     55350	80004b14	0b11be93	sltiu	x29,x3,177	  x3:0x00000007 x29=0x00000001
     1109815000	     55389	80004b18	03acdc33	divu	x24,x25,x26	 x25:0x00000000 x26:0x80025ce4 x24=0x00000000
     1109835000	     55390	80004b1c	faf66537	lui	x10,0xfaf66	 x10=0xfaf66000
     1109875000	     55392	80004b20	717d	c.addi16sp	x2,-16	  x2:0x00000170  x2=0x00000160
     1109895000	     55393	80004b22	9afa	c.add	x21,x30	 x21:0x00000000 x30:0x00000000 x21=0x00000000
     1109915000	     55394	80004b24	04e27063	bgeu	x4,x14,80004b64	  x4:0x00000000 x14:0x00000000
     1110675000	     55432	80004b64	676ac693	xori	x13,x21,1654	 x21:0x00000000 x13=0x00000676
     1111035000	     55450	80004b68	03711433	mulh	x8,x2,x23	  x2:0x00000160 x23:0x00000000  x8=0x00000000
     1111155000	     55456	80004b6c	00b71233	sll	x4,x14,x11	 x14:0x00000000 x11:0x000003e0  x4=0x00000000
     1111195000	     55458	80004b70	0291b2b3	mulhu	x5,x3,x9	  x3:0x00000007  x9:0x00000000  x5=0x00000000
     1111215000	     55459	80004b74	00206ab3	or	x21,x0,x2	  x0:0x00000000  x2:0x00000160 x21=0x00000160
     1111595000	     55478	80004b78	787fe813	ori	x16,x31,1927	 x31:0x00000000 x16=0x00000787
     1111615000	     55479	80004b7c	9e7a	c.add	x28,x30	 x28:0x00000000 x30:0x00000000 x28=0x00000000
     1111755000	     55486	80004b7e	416b8733	sub	x14,x23,x22	 x23:0x00000000 x22:0x00000000 x14=0x00000000
     1111775000	     55487	80004b82	00acb0b3	sltu	x1,x25,x10	 x25:0x00000000 x10:0xfaf66000  x1=0x00000001
     1111795000	     55488	80004b86	8e51	c.or	x12,x12	 x12:0x00000000 x12:0x00000000 x12=0x00000000
     1112195000	     55508	80004b88	86b9	c.srai	x13,0xe	 x13:0x00000676 x13=0x00000000
     1112215000	     55509	80004b8a	02965563	bge	x12,x9,80004bb4	 x12:0x00000000  x9:0x00000000
     1112935000	     55545	80004bb4	89393d93	sltiu	x27,x18,-1901	 x18:0xffffffff x27=0x00000000
     1113155000	     55556	80004bb8	8e51	c.or	x12,x12	 x12:0x00000000 x12:0x00000000 x12=0x00000000
     1113295000	     55563	80004bba	0040d193	srli	x3,x1,0x4	  x1:0x00000001  x3=0x00000000
     1113315000	     55564	80004bbe	9ffe	c.add	x31,x31	 x31:0x00000000 x31:0x00000000 x31=0x00000000
     1113615000	     55579	80004bc0	e379d417	auipc	x8,0xe379d	  x8=0x637a1bc0
     1113635000	     55580	80004bc4	0001	c.addi	x0,0	  x0:0x00000000  x0=0x00000000
     1113655000	     55581	80004bc6	635f0193	addi	x3,x30,1589	 x30:0x00000000  x3=0x00000635
     1119695000	     55883	80004bca	8fd5	c.or	x15,x13	 x15:0x444e4a2c x13:0x00000000 x15=0x444e4a2c
     1119715000	     55884	80004bcc	f8356893	ori	x17,x10,-125	 x10:0xfaf66000 x17=0xffffff83
     1119735000	     55885	80004bd0	035e0963	beq	x28,x21,80004c02	 x28:0x00000000 x21:0x00000160
     1119755000	     55886	80004bd4	8bfe	c.mv	x23,x31	  x0:0x00000000 x31:0x00000000 x23=0x00000000
     1120195000	     55908	80004bd6	02532633	mulhsu	x12,x6,x5	  x6:0xffffffe6  x5:0x00000000 x12=0x00000000
     1120215000	     55909	80004bda	0a84	c.addi4spn	x9,x2,336	  x9=0x000002b0
     1120275000	     55912	80004bdc	87b94c93	xori	x25,x18,-1925	 x18:0xffffffff x25=0x00000784
     1120295000	     55913	80004be0	e923ac13	slti	x24,x7,-366	  x7:0xfaeb9c09 x24=0x00000001
     1120495000	     55923	80004be4	01a99133	sll	x2,x19,x26	 x19:0x80021dfc x26:0x80025ce4  x2=0x0021dfc0
     1120515000	     55924	80004be8	8651	c.srai	x12,0x14	 x12:0x00000000 x12=0x00000000
     1120535000	     55925	80004bea	6131	c.addi16sp	x2,320	  x2:0x0021dfc0  x2=0x0021e100
     1120555000	     55926	80004bec	06d6	c.slli	x13,0x15	 x13:0x00000000 x13=0x00000000
     1120575000	     55927	80004bee	0ae4ce97	auipc	x29,0xae4c	 x29=0x8ae50bee
     1120595000	     55928	80004bf2	8e25	c.xor	x12,x9	 x12:0x00000000  x9:0x000002b0 x12=0x000002b0
     1120615000	     55929	80004bf4	e1a9	c.bnez	x11,80004c36	 x11:0x000003e0
     1121395000	     55968	80004c36	0ff0000f	fence	iorw,iorw	
     1121415000	     55969	80004c3a	8f29	c.xor	x14,x10	 x14:0x00000000 x10:0xfaf66000 x14=0xfaf66000
     1121515000	     55974	80004c3c	99fd	c.andi	x11,-1	 x11:0x000003e0 x11=0x000003e0
     1121535000	     55975	80004c3e	8e39	c.xor	x12,x14	 x12:0x000002b0 x14:0xfaf66000 x12=0xfaf662b0
     1121655000	     55981	80004c40	05bb4263	blt	x22,x27,80004c84	 x22:0x00000000 x27:0x00000000
     1121775000	     55987	80004c44	8f79	c.and	x14,x14	 x14:0xfaf66000 x14:0xfaf66000 x14=0xfaf66000
     1121795000	     55988	80004c46	00151233	sll	x4,x10,x1	 x10:0xfaf66000  x1:0x00000001  x4=0xf5ecc000
     1121835000	     55990	80004c4a	0244b633	mulhu	x12,x9,x4	  x9:0x000002b0  x4:0xf5ecc000 x12=0x00000294
     1121995000	     55998	80004c4e	40c557b3	sra	x15,x10,x12	 x10:0xfaf66000 x12:0x00000294 x15=0xffffffaf
     1122195000	     56008	80004c52	402c8db3	sub	x27,x25,x2	 x25:0x00000784  x2:0x0021e100 x27=0xffde2684
     1122615000	     56029	80004c56	01aa1bb3	sll	x23,x20,x26	 x20:0x80021e0d x26:0x80025ce4 x23=0x0021e0d0
     1122635000	     56030	80004c5a	016cbeb3	sltu	x29,x25,x22	 x25:0x00000784 x22:0x00000000 x29=0x00000000
     1122655000	     56031	80004c5e	410fd493	srai	x9,x31,0x10	 x31:0x00000000  x9=0x00000000
     1122675000	     56032	80004c62	80e2	c.mv	x1,x24	  x0:0x00000000 x24:0x00000001  x1=0x00000001
     1122695000	     56033	80004c64	03a16163	bltu	x2,x26,80004c86	  x2:0x0021e100 x26:0x80025ce4
     1124655000	     56131	80004c86	02e5c333	div	x6,x11,x14	 x11:0x000003e0 x14:0xfaf66000  x6=0x00000000
     1124675000	     56132	80004c8a	0001	c.addi	x0,0	  x0:0x00000000  x0=0x00000000
     1124695000	     56133	80004c8c	41dd81b3	sub	x3,x27,x29	 x27:0xffde2684 x29:0x00000000  x3=0xffde2684
     1124715000	     56134	80004c90	8f41	c.or	x14,x8	 x14:0xfaf66000  x8:0x637a1bc0 x14=0xfbfe7bc0
     1124735000	     56135	80004c92	ed09	c.bnez	x10,80004cac	 x10:0xfaf66000
     1125235000	     56160	80004cac	6411	c.lui	x8,0x4	  x8=0x00004000
     1125375000	     56167	80004cae	0000100f	fence.i	
     1125875000	     56192	80004cb2	8205	c.srli	x12,0x1	 x12:0x00000294 x12=0x0000014a
     1125895000	     56193	80004cb4	0a1e	c.slli	x20,0x7	 x20:0x80021e0d x20=0x010f0680
     1125915000	     56194	80004cb6	0ff0000f	fence	iorw,iorw	
     1125935000	     56195	80004cba	c784d317	auipc	x6,0xc784d	  x6=0x47851cba
     1126835000	     56240	80004cbe	035b5c33	divu	x24,x22,x21	 x22:0x00000000 x21:0x00000160 x24=0x00000000
     1126855000	     56241	80004cc2	6e0c6b17	auipc	x22,0x6e0c6	 x22=0xee0cacc2
     1126875000	     56242	80004cc6	03a6dc63	bge	x13,x26,80004cfe	 x13:0x00000000 x26:0x80025ce4
     1127575000	     56277	80004cfe	18ae3e13	sltiu	x28,x28,394	 x28:0x00000000 x28=0x00000001
     1127595000	     56278	80004d02	0000100f	fence.i	
     1127875000	     56292	80004d06	013a8eb3	add	x29,x21,x19	 x21:0x00000160 x19:0x80021dfc x29=0x80021f5c
     1128095000	     56303	80004d0a	029e4163	blt	x28,x9,80004d2c	 x28:0x00000001  x9:0x00000000
     1128115000	     56304	80004d0e	41315c33	sra	x24,x2,x19	  x2:0x0021e100 x19:0x80021dfc x24=0x00000000
     1128135000	     56305	80004d12	e695	c.bnez	x13,80004d3e	 x13:0x00000000
     1128155000	     56306	80004d14	0ff0000f	fence	iorw,iorw	
     1128175000	     56307	80004d18	013addb3	srl	x27,x21,x19	 x21:0x00000160 x19:0x80021dfc x27=0x00000000
     1128395000	     56318	80004d1c	00395733	srl	x14,x18,x3	 x18:0xffffffff  x3:0xffde2684 x14=0x0fffffff
     1128575000	     56327	80004d20	1214	c.addi4spn	x13,x2,288	 x13=0x0021e220
     1128595000	     56328	80004d22	9720b0b7	lui	x1,0x9720b	  x1=0x9720b000
     1128615000	     56329	80004d26	016daeb3	slt	x29,x27,x22	 x27:0x00000000 x22:0xee0cacc2 x29=0x00000000
     1128635000	     56330	80004d2a	1200	c.addi4spn	x8,x2,288	  x8=0x0021e220
     1128655000	     56331	80004d2c	0090e1b3	or	x3,x1,x9	  x1:0x9720b000  x9:0x00000000  x3=0x9720b000
     1128675000	     56332	80004d30	000624b3	slt	x9,x12,x0	 x12:0x0000014a  x0:0x00000000  x9=0x00000000
     1128695000	     56333	80004d34	85dd	c.srai	x11,0x17	 x11:0x000003e0 x11=0x00000000
     1129115000	     56354	80004d36	e22a0413	addi	x8,x20,-478	 x20:0x010f0680  x8=0x010f04a2
     1129535000	     56375	80004d3a	013e8a33	add	x20,x29,x19	 x29:0x00000000 x19:0x80021dfc x20=0x80021dfc
     1129555000	     56376	80004d3e	eb04c697	auipc	x13,0xeb04c	 x13=0x6b050d3e
     1129715000	     56384	80004d42	007ea6b3	slt	x13,x29,x7	 x29:0x00000000  x7:0xfaeb9c09 x13=0x00000000
     1129755000	     56386	80004d46	02212033	mulhsu	x0,x2,x2	  x2:0x0021e100  x2:0x0021e100  x0=0x00000000
     1130135000	     56405	80004d4a	008404b3	add	x9,x8,x8	  x8:0x010f04a2  x8:0x010f04a2  x9=0x021e0944
     1130155000	     56406	80004d4e	1488	c.addi4spn	x10,x2,608	 x10=0x0021e360
     1130195000	     56408	80004d50	81513493	sltiu	x9,x2,-2027	  x2:0x0021e100  x9=0x00000001
     1130215000	     56409	80004d54	03f66063	bltu	x12,x31,80004d74	 x12:0x0000014a x31:0x00000000
     1130235000	     56410	80004d58	351f2c13	slti	x24,x30,849	 x30:0x00000000 x24=0x00000001
     1130435000	     56420	80004d5c	60123a93	sltiu	x21,x4,1537	  x4:0xf5ecc000 x21=0x00000000
     1130475000	     56422	80004d60	0001	c.addi	x0,0	  x0:0x00000000  x0=0x00000000
     1130495000	     56423	80004d62	03a3c963	blt	x7,x26,80004d94	  x7:0xfaeb9c09 x26:0x80025ce4
     1130675000	     56432	80004d66	022131b3	mulhu	x3,x2,x2	  x2:0x0021e100  x2:0x0021e100  x3=0x0000047b
     1130695000	     56433	80004d6a	8e0d	c.sub	x12,x11	 x12:0x0000014a x11:0x00000000 x12=0x0000014a
     1130715000	     56434	80004d6c	027a1063	bne	x20,x7,80004d8c	 x20:0x80021dfc  x7:0xfaeb9c09
     1130815000	     56439	80004d8c	8545	c.srai	x10,0x11	 x10:0x0021e360 x10=0x00000010
     1131035000	     56450	80004d8e	92438a13	addi	x20,x7,-1756	  x7:0xfaeb9c09 x20=0xfaeb952d
     1131055000	     56451	80004d92	8742	c.mv	x14,x16	  x0:0x00000000 x16:0x00000787 x14=0x00000787
     1131075000	     56452	80004d94	02ef6863	bltu	x30,x14,80004dc4	 x30:0x00000000 x14:0x00000787
     1132375000	     56517	80004dc4	0616	c.slli	x12,0x5	 x12:0x0000014a x12=0x00002940
     1132395000	     56518	80004dc6	8d59	c.or	x10,x14	 x10:0x00000010 x14:0x00000787 x10=0x00000797
     1132415000	     56519	80004dc8	017f9633	sll	x12,x31,x23	 x31:0x00000000 x23:0x0021e0d0 x12=0x00000000
     1132435000	     56520	80004dcc	821a	c.mv	x4,x6	  x0:0x00000000  x6:0x47851cba  x4=0x47851cba
     1133175000	     56557	80004dce	02416db3	rem	x27,x2,x4	  x2:0x0021e100  x4:0x47851cba x27=0x0021e100
     1133195000	     56558	80004dd2	02bc0bb3	mul	x23,x24,x11	 x24:0x00000001 x11:0x00000000 x23=0x00000000
     1133215000	     56559	80004dd6	18fd	c.addi	x17,-1	 x17:0xffffff83 x17=0xffffff82
     1133235000	     56560	80004dd8	028c	c.addi4spn	x11,x2,320	 x11=0x0021e240
     1133255000	     56561	80004dda	8c45	c.or	x8,x9	  x8:0x010f04a2  x9:0x00000001  x8=0x010f04a3
     1133275000	     56562	80004ddc	0001	c.addi	x0,0	  x0:0x00000000  x0=0x00000000
     1133295000	     56563	80004dde	010e74b7	lui	x9,0x10e7	  x9=0x010e7000
     1134035000	     56600	80004de2	038c71b3	remu	x3,x24,x24	 x24:0x00000001 x24:0x00000001  x3=0x00000000
     1134055000	     56601	80004de6	62f9	c.lui	x5,0x1e	  x5=0x0001e000
     1134075000	     56602	80004de8	6aadf013	andi	x0,x27,1706	 x27:0x0021e100  x0=0x00000000
     1134095000	     56603	80004dec	e211	c.bnez	x12,80004df0	 x12:0x00000000
     1134115000	     56604	80004dee	987a	c.add	x16,x30	 x16:0x00000787 x30:0x00000000 x16=0x00000787
     1134135000	     56605	80004df0	9bd6	c.add	x23,x21	 x23:0x00000000 x21:0x00000000 x23=0x00000000
     1134155000	     56606	80004df2	4057df33	sra	x30,x15,x5	 x15:0xffffffaf  x5:0x0001e000 x30=0xffffffaf
     1134175000	     56607	80004df6	02490d63	beq	x18,x4,80004e30	 x18:0xffffffff  x4:0x47851cba
     1134195000	     56608	80004dfa	0001	c.addi	x0,0	  x0:0x00000000  x0=0x00000000
     1134935000	     56645	80004dfc	03b1d533	divu	x10,x3,x27	  x3:0x00000000 x27:0x0021e100 x10=0x00000000
     1134955000	     56646	80004e00	02a4c163	blt	x9,x10,80004e22	  x9:0x010e7000 x10:0x00000000
     1134995000	     56648	80004e04	021ab833	mulhu	x16,x21,x1	 x21:0x00000000  x1:0x9720b000 x16=0x00000000
     1135015000	     56649	80004e08	5efd	c.li	x29,-1	 x29=0xffffffff
     1135035000	     56650	80004e0a	03657f63	bgeu	x10,x22,80004e48	 x10:0x00000000 x22:0xee0cacc2
     1135055000	     56651	80004e0e	b3112213	slti	x4,x2,-1231	  x2:0x0021e100  x4=0x00000000
     1135075000	     56652	80004e12	87910313	addi	x6,x2,-1927	  x2:0x0021e100  x6=0x0021d979
     1135095000	     56653	80004e16	417ad913	srai	x18,x21,0x17	 x21:0x00000000 x18=0x00000000
     1135575000	     56677	80004e1a	401d2013	slti	x0,x26,1025	 x26:0x80025ce4  x0=0x00000000
     1135675000	     56682	80004e1e	41465493	srai	x9,x12,0x14	 x12:0x00000000  x9=0x00000000
     1136435000	     56720	80004e22	03bf6033	rem	x0,x30,x27	 x30:0xffffffaf x27:0x0021e100  x0=0x00000000
     1136455000	     56721	80004e26	ae268693	addi	x13,x13,-1310	 x13:0x00000000 x13=0xfffffae2
     1136475000	     56722	80004e2a	01bbfc63	bgeu	x23,x27,80004e42	 x23:0x00000000 x27:0x0021e100
     1136495000	     56723	80004e2e	879d	c.srai	x15,0x7	 x15:0xffffffaf x15=0xffffffff
     1136515000	     56724	80004e30	17fd	c.addi	x15,-1	 x15:0xffffffff x15=0xfffffffe
     1136535000	     56725	80004e32	40d15933	sra	x18,x2,x13	  x2:0x0021e100 x13:0xfffffae2 x18=0x00087840
     1136555000	     56726	80004e36	547f0113	addi	x2,x30,1351	 x30:0xffffffaf  x2=0x000004f6
     1136575000	     56727	80004e3a	0000100f	fence.i	
     1138375000	     56817	80004e3e	03cae6b3	rem	x13,x21,x28	 x21:0x00000000 x28:0x00000001 x13=0x00000000
     1138395000	     56818	80004e42	00324e63	blt	x4,x3,80004e5e	  x4:0x00000000  x3:0x00000000
     1138415000	     56819	80004e46	8c05	c.sub	x8,x9	  x8:0x010f04a3  x9:0x00000000  x8=0x010f04a3
     1138435000	     56820	80004e48	1d84	c.addi4spn	x9,x2,752	  x9=0x000007e6
     1138455000	     56821	80004e4a	04b4d163	bge	x9,x11,80004e8c	  x9:0x000007e6 x11:0x0021e240
     1138475000	     56822	80004e4e	d817c913	xori	x18,x15,-639	 x15:0xfffffffe x18=0x0000027f
     1138495000	     56823	80004e52	008c	c.addi4spn	x11,x2,64	 x11=0x00000536
     1138575000	     56827	80004e54	01377e33	and	x28,x14,x19	 x14:0x00000787 x19:0x80021dfc x28=0x00000584
     1138595000	     56828	80004e58	8f5d	c.or	x14,x15	 x14:0x00000787 x15:0xfffffffe x14=0xffffffff
     1138615000	     56829	80004e5a	02d66163	bltu	x12,x13,80004e7c	 x12:0x00000000 x13:0x00000000
     1138715000	     56834	80004e5e	0237f263	bgeu	x15,x3,80004e82	 x15:0xfffffffe  x3:0x00000000
     1139475000	     56872	80004e82	02728663	beq	x5,x7,80004eae	  x5:0x0001e000  x7:0xfaeb9c09
     1139495000	     56873	80004e86	98fd	c.andi	x9,-1	  x9:0x000007e6  x9=0x000007e6
     1139635000	     56880	80004e88	03d110b3	mulh	x1,x2,x29	  x2:0x000004f6 x29:0xffffffff  x1=0xffffffff
     1139655000	     56881	80004e8c	1a9c	c.addi4spn	x15,x2,368	 x15=0x00000666
     1140555000	     56926	80004e8e	02624cb3	div	x25,x4,x6	  x4:0x00000000  x6:0x0021d979 x25=0x00000000
     1140575000	     56927	80004e92	0e25	c.addi	x28,9	 x28:0x00000584 x28=0x0000058d
     1140595000	     56928	80004e94	82e1	c.srli	x13,0x18	 x13:0x00000000 x13=0x00000000
     1140615000	     56929	80004e96	00916263	bltu	x2,x9,80004e9a	  x2:0x000004f6  x9:0x000007e6
     1140695000	     56933	80004e9a	8dbd	c.xor	x11,x15	 x11:0x00000536 x15:0x00000666 x11=0x00000350
     1140975000	     56947	80004e9c	a15aa793	slti	x15,x21,-1515	 x21:0x00000000 x15=0x00000000
     1140995000	     56948	80004ea0	9a36	c.add	x20,x13	 x20:0xfaeb952d x13:0x00000000 x20=0xfaeb952d
     1141155000	     56956	80004ea2	0000100f	fence.i	
     1141515000	     56974	80004ea6	40875833	sra	x16,x14,x8	 x14:0xffffffff  x8:0x010f04a3 x16=0xffffffff
     1141535000	     56975	80004eaa	9b16	c.add	x22,x5	 x22:0xee0cacc2  x5:0x0001e000 x22=0xee0e8cc2
     1141555000	     56976	80004eac	0001	c.addi	x0,0	  x0:0x00000000  x0=0x00000000
     1141575000	     56977	80004eae	037580b3	mul	x1,x11,x23	 x11:0x00000350 x23:0x00000000  x1=0x00000000
     1141655000	     56981	80004eb2	c99e2f93	slti	x31,x28,-871	 x28:0x0000058d x31=0x00000000
     1141715000	     56984	80004eb6	003e35b3	sltu	x11,x28,x3	 x28:0x0000058d  x3:0x00000000 x11=0x00000000
     1141875000	     56992	80004eba	02136f63	bltu	x6,x1,80004ef8	  x6:0x0021d979  x1:0x00000000
     1141895000	     56993	80004ebe	79db6913	ori	x18,x22,1949	 x22:0xee0e8cc2 x18=0xee0e8fdf
     1141955000	     56996	80004ec2	3d3e4513	xori	x10,x28,979	 x28:0x0000058d x10=0x0000065e
     1141975000	     56997	80004ec6	0865	c.addi	x16,25	 x16:0xffffffff x16=0x00000018
     1142015000	     56999	80004ec8	02afa2b3	mulhsu	x5,x31,x10	 x31:0x00000000 x10:0x0000065e  x5=0x00000000
     1142115000	     57004	80004ecc	0001	c.addi	x0,0	  x0:0x00000000  x0=0x00000000
     1142235000	     57010	80004ece	40a956b3	sra	x13,x18,x10	 x18:0xee0e8fdf x10:0x0000065e x13=0xffffffff
     1142335000	     57015	80004ed2	01381433	sll	x8,x16,x19	 x16:0x00000018 x19:0x80021dfc  x8=0x80000000
     1142475000	     57022	80004ed6	0000100f	fence.i	
     1143435000	     57070	80004eda	1b88	c.addi4spn	x10,x2,496	 x10=0x000006e6
     1143475000	     57072	80004edc	023a1333	mulh	x6,x20,x3	 x20:0xfaeb952d  x3:0x00000000  x6=0x00000000
     1143495000	     57073	80004ee0	51fd	c.li	x3,-1	  x3=0xffffffff
     1143655000	     57081	80004ee2	000f7263	bgeu	x30,x0,80004ee6	 x30:0xffffffaf  x0:0x00000000
     1144215000	     57109	80004ee6	4481	c.li	x9,0	  x9=0x00000000
     1144635000	     57130	80004ee8	c011	c.beqz	x8,80004eec	  x8:0x80000000
     1144655000	     57131	80004eea	0001	c.addi	x0,0	  x0:0x00000000  x0=0x00000000
     1144735000	     57135	80004eec	01dfd833	srl	x16,x31,x29	 x31:0x00000000 x29:0xffffffff x16=0x00000000
     1145475000	     57172	80004ef0	02e8e4b3	rem	x9,x17,x14	 x17:0xffffff82 x14:0xffffffff  x9=0x00000000
     1145495000	     57173	80004ef4	6bc1	c.lui	x23,0x10	 x23=0x00010000
     1145515000	     57174	80004ef6	99fd	c.andi	x11,-1	 x11:0x00000000 x11=0x00000000
     1145535000	     57175	80004ef8	717d	c.addi16sp	x2,-16	  x2:0x000004f6  x2=0x000004e6
     1145555000	     57176	80004efa	00f494b3	sll	x9,x9,x15	  x9:0x00000000 x15:0x00000000  x9=0x00000000
     1145595000	     57178	80004efe	03afbe33	mulhu	x28,x31,x26	 x31:0x00000000 x26:0x80025ce4 x28=0x00000000
     1145615000	     57179	80004f02	2695e813	ori	x16,x11,617	 x11:0x00000000 x16=0x00000269
     1145635000	     57180	80004f06	017d9193	slli	x3,x27,0x17	 x27:0x0021e100  x3=0x80000000
     1145655000	     57181	80004f0a	00806233	or	x4,x0,x8	  x0:0x00000000  x8:0x80000000  x4=0x80000000
     1145995000	     57198	80004f0e	03df6663	bltu	x30,x29,80004f3a	 x30:0xffffffaf x29:0xffffffff
     1146595000	     57228	80004f3a	8c81	c.sub	x9,x8	  x9:0x00000000  x8:0x80000000  x9=0x80000000
     1146615000	     57229	80004f3c	005e91b3	sll	x3,x29,x5	 x29:0xffffffff  x5:0x00000000  x3=0xffffffff
     1146655000	     57231	80004f40	024bbb33	mulhu	x22,x23,x4	 x23:0x00010000  x4:0x80000000 x22=0x00008000
     1146755000	     57236	80004f44	0161fa33	and	x20,x3,x22	  x3:0xffffffff x22:0x00008000 x20=0x00008000
     1147255000	     57261	80004f48	8799	c.srai	x15,0x6	 x15:0x00000000 x15=0x00000000
     1147275000	     57262	80004f4a	ee91	c.bnez	x13,80004f66	 x13:0xffffffff
     1148135000	     57305	80004f66	0ba6	c.slli	x23,0x9	 x23:0x00010000 x23=0x02000000
     1148155000	     57306	80004f68	00601a13	slli	x20,x0,0x6	  x0:0x00000000 x20=0x00000000
     1148175000	     57307	80004f6c	8e41	c.or	x12,x8	 x12:0x00000000  x8:0x80000000 x12=0x80000000
     1148255000	     57311	80004f6e	02d71f63	bne	x14,x13,80004fac	 x14:0xffffffff x13:0xffffffff
     1148275000	     57312	80004f72	0001	c.addi	x0,0	  x0:0x00000000  x0=0x00000000
     1148295000	     57313	80004f74	aa06c213	xori	x4,x13,-1376	 x13:0xffffffff  x4=0x0000055f
     1148475000	     57322	80004f78	0000100f	fence.i	
     1149375000	     57367	80004f7c	029250b3	divu	x1,x4,x9	  x4:0x0000055f  x9:0x80000000  x1=0x00000000
     1149395000	     57368	80004f80	9a12	c.add	x20,x4	 x20:0x00000000  x4:0x0000055f x20=0x0000055f
     1149415000	     57369	80004f82	0223c563	blt	x7,x2,80004fac	  x7:0xfaeb9c09  x2:0x000004e6
     1149895000	     57393	80004fac	0891d897	auipc	x17,0x891d	 x17=0x88921fac
     1150315000	     57414	80004fb0	8b86	c.mv	x23,x1	  x0:0x00000000  x1:0x00000000 x23=0x00000000
     1150335000	     57415	80004fb2	0590	c.addi4spn	x12,x2,704	 x12=0x000007a6
     1150355000	     57416	80004fb4	01adaa33	slt	x20,x27,x26	 x27:0x0021e100 x26:0x80025ce4 x20=0x00000000
     1150375000	     57417	80004fb8	ae5a37b7	lui	x15,0xae5a3	 x15=0xae5a3000
     1150395000	     57418	80004fbc	00590c33	add	x24,x18,x5	 x18:0xee0e8fdf  x5:0x00000000 x24=0xee0e8fdf
     1150415000	     57419	80004fc0	ccd3c713	xori	x14,x7,-819	  x7:0xfaeb9c09 x14=0x051460c4
     1150435000	     57420	80004fc4	4b0d	c.li	x22,3	 x22=0x00000003
     1150475000	     57422	80004fc6	ef1cfe93	andi	x29,x25,-271	 x25:0x00000000 x29=0x00000000
     1150675000	     57432	80004fca	03dc8b63	beq	x25,x29,80005000	 x25:0x00000000 x29:0x00000000
     1151055000	     57451	80005000	40f55533	sra	x10,x10,x15	 x10:0x000006e6 x15:0xae5a3000 x10=0x000006e6
     1151215000	     57459	80005004	9e56	c.add	x28,x21	 x28:0x00000000 x21:0x00000000 x28=0x00000000
     1151635000	     57480	80005006	41eed533	sra	x10,x29,x30	 x29:0x00000000 x30:0xffffffaf x10=0x00000000
     1151655000	     57481	8000500a	82b9	c.srli	x13,0xe	 x13:0xffffffff x13=0x0003ffff
     1151675000	     57482	8000500c	e89d	c.bnez	x9,80005042	  x9:0x80000000
     1152815000	     57539	80005042	0b4a	c.slli	x22,0x12	 x22:0x00000003 x22=0x000c0000
     1152855000	     57541	80005044	ea19	c.bnez	x12,8000505a	 x12:0x000007a6
     1153775000	     57587	8000505a	01db5013	srli	x0,x22,0x1d	 x22:0x000c0000  x0=0x00000000
     1153795000	     57588	8000505e	0aed	c.addi	x21,27	 x21:0x00000000 x21=0x0000001b
     1153935000	     57595	80005060	6641	c.lui	x12,0x10	 x12=0x00010000
     1154735000	     57635	80005062	0278c0b3	div	x1,x17,x7	 x17:0x88921fac  x7:0xfaeb9c09  x1=0x00000017
     1155475000	     57672	80005066	0360d5b3	divu	x11,x1,x22	  x1:0x00000017 x22:0x000c0000 x11=0x00000000
     1155495000	     57673	8000506a	0001	c.addi	x0,0	  x0:0x00000000  x0=0x00000000
     1155515000	     57674	8000506c	017af2b3	and	x5,x21,x23	 x21:0x0000001b x23:0x00000000  x5=0x00000000
     1155535000	     57675	80005070	d40336b7	lui	x13,0xd4033	 x13=0xd4033000
     1155555000	     57676	80005074	98fd	c.andi	x9,-1	  x9:0x80000000  x9=0x80000000
     1155575000	     57677	80005076	0001	c.addi	x0,0	  x0:0x00000000  x0=0x00000000
     1155595000	     57678	80005078	0001	c.addi	x0,0	  x0:0x00000000  x0=0x00000000
     1156335000	     57715	8000507a	03624bb3	div	x23,x4,x22	  x4:0x0000055f x22:0x000c0000 x23=0x00000000
     1156355000	     57716	8000507e	03434c63	blt	x6,x20,800050b6	  x6:0x00000000 x20:0x00000000
     1156375000	     57717	80005082	40205f93	srai	x31,x0,0x2	  x0:0x00000000 x31=0x00000000
     1156395000	     57718	80005086	4133d1b3	sra	x3,x7,x19	  x7:0xfaeb9c09 x19:0x80021dfc  x3=0xffffffff
     1156435000	     57720	8000508a	04961063	bne	x12,x9,800050ca	 x12:0x00010000  x9:0x80000000
     1157435000	     57770	800050ca	23456693	ori	x13,x10,564	 x10:0x00000000 x13=0x00000234
     1157455000	     57771	800050ce	8f25	c.xor	x14,x9	 x14:0x051460c4  x9:0x80000000 x14=0x851460c4
     1157475000	     57772	800050d0	02a45e63	bge	x8,x10,8000510c	  x8:0x80000000 x10:0x00000000
     1157495000	     57773	800050d4	011c9f63	bne	x25,x17,800050f2	 x25:0x00000000 x17:0x88921fac
     1158875000	     57842	800050f2	80b5	c.srli	x9,0xd	  x9:0x80000000  x9=0x00040000
     1186215000	     59209	800050f4	e685	c.bnez	x13,8000511c	 x13:0x00000234
     1186335000	     59215	8000511c	6e45	c.lui	x28,0x11	 x28=0x00011000
     1186875000	     59242	8000511e	01401eb3	sll	x29,x0,x20	  x0:0x00000000 x20:0x00000000 x29=0x00000000
     1186895000	     59243	80005122	6fb9	c.lui	x31,0xe	 x31=0x0000e000
     1186915000	     59244	80005124	ee9d	c.bnez	x13,80005162	 x13:0x00000234
     1188055000	     59301	80005162	0000100f	fence.i	
     1188255000	     59311	80005166	0b9a	c.slli	x23,0x6	 x23:0x00000000 x23=0x00000000
     1188335000	     59315	80005168	0bfd7437	lui	x8,0xbfd7	  x8=0x0bfd7000
     1188355000	     59316	8000516c	050c	c.addi4spn	x11,x2,640	 x11=0x00000766
     1188375000	     59317	8000516e	41965313	srai	x6,x12,0x19	 x12:0x00010000  x6=0x00000000
     1188395000	     59318	80005172	65a9	c.lui	x11,0xa	 x11=0x0000a000
     1188695000	     59333	80005174	8c3d	c.xor	x8,x15	  x8:0x0bfd7000 x15:0xae5a3000  x8=0xa5a74000
     1188715000	     59334	80005176	37ff7837	lui	x16,0x37ff7	 x16=0x37ff7000
     1188735000	     59335	8000517a	81fd	c.srli	x11,0x1f	 x11:0x0000a000 x11=0x00000000
     1188855000	     59341	8000517c	01f0edb3	or	x27,x1,x31	  x1:0x00000017 x31:0x0000e000 x27=0x0000e017
     1188875000	     59342	80005180	03430263	beq	x6,x20,800051a4	  x6:0x00000000 x20:0x00000000
     1189275000	     59362	800051a4	8a61	c.andi	x12,24	 x12:0x00010000 x12=0x00000000
     1189435000	     59370	800051a6	85aeab37	lui	x22,0x85aea	 x22=0x85aea000
     1189455000	     59371	800051aa	0708	c.addi4spn	x10,x2,896	 x10=0x00000866
     1189495000	     59373	800051ac	03d260b3	rem	x1,x4,x29	  x4:0x0000055f x29:0x00000000  x1=0x0000055f
     1189515000	     59374	800051b0	6cc9	c.lui	x25,0x12	 x25=0x00012000
     1189675000	     59382	800051b2	0040ddb3	srl	x27,x1,x4	  x1:0x0000055f  x4:0x0000055f x27=0x00000000
     1189695000	     59383	800051b6	8485	c.srai	x9,0x1	  x9:0x00040000  x9=0x00020000
     1189715000	     59384	800051b8	013fd493	srli	x9,x31,0x13	 x31:0x0000e000  x9=0x00000000
     1189735000	     59385	800051bc	00f42933	slt	x18,x8,x15	  x8:0xa5a74000 x15:0xae5a3000 x18=0x00000001
     1189795000	     59388	800051c0	8ef1	c.and	x13,x12	 x13:0x00000234 x12:0x00000000 x13=0x00000000
     1189815000	     59389	800051c2	c71d	c.beqz	x14,800051f0	 x14:0x851460c4
     1190075000	     59402	800051c4	862a	c.mv	x12,x10	  x0:0x00000000 x10:0x00000866 x12=0x00000866
     1190115000	     59404	800051c6	02b0c8b3	div	x17,x1,x11	  x1:0x0000055f x11:0x00000000 x17=0xffffffff
     1190135000	     59405	800051ca	8cde	c.mv	x25,x23	  x0:0x00000000 x23:0x00000000 x25=0x00000000
     1190315000	     59414	800051cc	023d1c63	bne	x26,x3,80005204	 x26:0x80025ce4  x3:0xffffffff
     1191475000	     59472	80005204	03813433	mulhu	x8,x2,x24	  x2:0x000004e6 x24:0xee0e8fdf  x8=0x0000048e
     1191495000	     59473	80005208	0871	c.addi	x16,28	 x16:0x37ff7000 x16=0x37ff701c
     1191515000	     59474	8000520a	8f6a	c.mv	x30,x26	  x0:0x00000000 x26:0x80025ce4 x30=0x80025ce4
     1191535000	     59475	8000520c	01e37033	and	x0,x6,x30	  x6:0x00000000 x30:0x80025ce4  x0=0x00000000
     1191575000	     59477	80005210	8e01	c.sub	x12,x8	 x12:0x00000866  x8:0x0000048e x12=0x000003d8
     1191595000	     59478	80005212	9642	c.add	x12,x16	 x12:0x000003d8 x16:0x37ff701c x12=0x37ff73f4
     1191615000	     59479	80005214	012d7db3	and	x27,x26,x18	 x26:0x80025ce4 x18:0x00000001 x27=0x00000000
     1191635000	     59480	80005218	ab43c793	xori	x15,x7,-1356	  x7:0xfaeb9c09 x15=0x051466bd
     1191655000	     59481	8000521c	af557797	auipc	x15,0xaf557	 x15=0x2f55c21c
     1191775000	     59487	80005220	00840e63	beq	x8,x8,8000523c	  x8:0x0000048e  x8:0x0000048e
     1192895000	     59543	8000523c	03bd0063	beq	x26,x27,8000525c	 x26:0x80025ce4 x27:0x00000000
     1192915000	     59544	80005240	6f8ae813	ori	x16,x21,1784	 x21:0x0000001b x16=0x000006fb
     1192955000	     59546	80005244	8fc9	c.or	x15,x10	 x15:0x2f55c21c x10:0x00000866 x15=0x2f55ca7e
     1192975000	     59547	80005246	9af2	c.add	x21,x28	 x21:0x0000001b x28:0x00011000 x21=0x0001101b
     1194095000	     59603	80005248	02a3cc33	div	x24,x7,x10	  x7:0xfaeb9c09 x10:0x00000866 x24=0xffff652a
     1194115000	     59604	8000524c	0001	c.addi	x0,0	  x0:0x00000000  x0=0x00000000
     1194135000	     59605	8000524e	c819	c.beqz	x8,80005264	  x8:0x0000048e
     1194155000	     59606	80005250	12b29297	auipc	x5,0x12b29	  x5=0x92b2e250
     1194175000	     59607	80005254	0001	c.addi	x0,0	  x0:0x00000000  x0=0x00000000
     1194195000	     59608	80005256	8739	c.srai	x14,0xe	 x14:0x851460c4 x14=0xfffe1451
     1194235000	     59610	80005258	02d767b3	rem	x15,x14,x13	 x14:0xfffe1451 x13:0x00000000 x15=0xfffe1451
     1194255000	     59611	8000525c	005141b3	xor	x3,x2,x5	  x2:0x000004e6  x5:0x92b2e250  x3=0x92b2e6b6
     1194355000	     59616	80005260	00a77a33	and	x20,x14,x10	 x14:0xfffe1451 x10:0x00000866 x20=0x00000040
     1194495000	     59623	80005264	0101a2b3	slt	x5,x3,x16	  x3:0x92b2e6b6 x16:0x000006fb  x5=0x00000001
     1194655000	     59631	80005268	0ff0000f	fence	iorw,iorw	
     1194675000	     59632	8000526c	03de5463	bge	x28,x29,80005294	 x28:0x00011000 x29:0x00000000
     1195975000	     59697	80005294	8299	c.srli	x13,0x6	 x13:0x00000000 x13=0x00000000
     1196275000	     59712	80005296	40ce5c33	sra	x24,x28,x12	 x28:0x00011000 x12:0x37ff73f4 x24=0x00000000
     1196295000	     59713	8000529a	8fc9	c.or	x15,x10	 x15:0xfffe1451 x10:0x00000866 x15=0xfffe1c77
     1197415000	     59769	8000529c	025d6633	rem	x12,x26,x5	 x26:0x80025ce4  x5:0x00000001 x12=0x00000000
     1197435000	     59770	800052a0	0142ba33	sltu	x20,x5,x20	  x5:0x00000001 x20:0x00000040 x20=0x00000001
     1197455000	     59771	800052a4	033c84b3	mul	x9,x25,x19	 x25:0x00000000 x19:0x80021dfc  x9=0x00000000
     1197475000	     59772	800052a8	002d4933	xor	x18,x26,x2	 x26:0x80025ce4  x2:0x000004e6 x18=0x80025802
     1197495000	     59773	800052ac	00ad1ab3	sll	x21,x26,x10	 x26:0x80025ce4 x10:0x00000866 x21=0x00973900
     1197515000	     59774	800052b0	01326263	bltu	x4,x19,800052b4	  x4:0x0000055f x19:0x80021dfc
     1197555000	     59776	800052b4	41265333	sra	x6,x12,x18	 x12:0x00000000 x18:0x80025802  x6=0x00000000
     1198055000	     59801	800052b8	8376	c.mv	x6,x29	  x0:0x00000000 x29:0x00000000  x6=0x00000000
     1198075000	     59802	800052ba	6b25	c.lui	x22,0x9	 x22=0x00009000
     1198095000	     59803	800052bc	006dbe33	sltu	x28,x27,x6	 x27:0x00000000  x6:0x00000000 x28=0x00000000
     1198255000	     59811	800052c0	401d5613	srai	x12,x26,0x1	 x26:0x80025ce4 x12=0xc0012e72
     1198295000	     59813	800052c4	02694fb3	div	x31,x18,x6	 x18:0x80025802  x6:0x00000000 x31=0xffffffff
     1198315000	     59814	800052c8	00331693	slli	x13,x6,0x3	  x6:0x00000000 x13=0x00000000
     1198355000	     59816	800052cc	024fadb3	mulhsu	x27,x31,x4	 x31:0xffffffff  x4:0x0000055f x27=0xffffffff
     1198395000	     59818	800052d0	01c1d493	srli	x9,x3,0x1c	  x3:0x92b2e6b6  x9=0x00000009
     1198835000	     59840	800052d4	02209933	mulh	x18,x1,x2	  x1:0x0000055f  x2:0x000004e6 x18=0x00000000
     1199055000	     59851	800052d8	0000100f	fence.i	
     1199655000	     59881	800052dc	038248b3	div	x17,x4,x24	  x4:0x0000055f x24:0x00000000 x17=0xffffffff
     1199675000	     59882	800052e0	0373dc63	bge	x7,x23,80005318	  x7:0xfaeb9c09 x23:0x00000000
     1199695000	     59883	800052e4	0000100f	fence.i	
     1200555000	     59926	800052e8	03a2d063	bge	x5,x26,80005308	  x5:0x00000001 x26:0x80025ce4
     1201175000	     59957	80005308	835d	c.srli	x14,0x17	 x14:0xfffe1451 x14=0x000001ff
     1201615000	     59979	8000530a	02db1733	mulh	x14,x22,x13	 x22:0x00009000 x13:0x00000000 x14=0x00000000
     1201715000	     59984	8000530e	0ff0000f	fence	iorw,iorw	
     1201735000	     59985	80005312	0001	c.addi	x0,0	  x0:0x00000000  x0=0x00000000
     1201755000	     59986	80005314	00136cb3	or	x25,x6,x1	  x6:0x00000000  x1:0x0000055f x25=0x0000055f
     1202155000	     60006	80005318	0325cbb3	div	x23,x11,x18	 x11:0x00000000 x18:0x00000000 x23=0xffffffff
     1202175000	     60007	8000531c	04695463	bge	x18,x6,80005364	 x18:0x00000000  x6:0x00000000
     1202375000	     60017	80005364	01979113	slli	x2,x15,0x19	 x15:0xfffe1c77  x2=0xee000000
     1202515000	     60024	80005368	015c98b3	sll	x17,x25,x21	 x25:0x0000055f x21:0x00973900 x17=0x0000055f
     1202535000	     60025	8000536c	41d65913	srai	x18,x12,0x1d	 x12:0xc0012e72 x18=0xfffffffe
     1202555000	     60026	80005370	0001	c.addi	x0,0	  x0:0x00000000  x0=0x00000000
     1202575000	     60027	80005372	0215	c.addi	x4,5	  x4:0x0000055f  x4=0x00000564
     1202595000	     60028	80005374	01559f93	slli	x31,x11,0x15	 x11:0x00000000 x31=0x00000000
     1203335000	     60065	80005378	03b85a33	divu	x20,x16,x27	 x16:0x000006fb x27:0xffffffff x20=0x00000000
     1204075000	     60102	8000537c	037a7833	remu	x16,x20,x23	 x20:0x00000000 x23:0xffffffff x16=0x00000000
     1204095000	     60103	80005380	4d8f4b97	auipc	x23,0x4d8f4	 x23=0xcd8f9380
     1204115000	     60104	80005384	c60d	c.beqz	x12,800053ae	 x12:0xc0012e72
     1204135000	     60105	80005386	717d	c.addi16sp	x2,-16	  x2:0xee000000  x2=0xedfffff0
     1204155000	     60106	80005388	e4344893	xori	x17,x8,-445	  x8:0x0000048e x17=0xfffffacd
     1204175000	     60107	8000538c	e0a1	c.bnez	x9,800053cc	  x9:0x00000009
     1204575000	     60127	800053cc	0000100f	fence.i	
     1205195000	     60158	800053d0	003ed8b3	srl	x17,x29,x3	 x29:0x00000000  x3:0x92b2e6b6 x17=0x00000000
     1205215000	     60159	800053d4	9cfa	c.add	x25,x30	 x25:0x0000055f x30:0x80025ce4 x25=0x80026243
     1205235000	     60160	800053d6	02aa0163	beq	x20,x10,800053f8	 x20:0x00000000 x10:0x00000866
     1205255000	     60161	800053da	9e5db593	sltiu	x11,x27,-1563	 x27:0xffffffff x11=0x00000000
     1205275000	     60162	800053de	82c5	c.srli	x13,0x11	 x13:0x00000000 x13=0x00000000
     1205295000	     60163	800053e0	8fe9	c.and	x15,x10	 x15:0xfffe1c77 x10:0x00000866 x15=0x00000866
     1206115000	     60204	800053e2	0251e633	rem	x12,x3,x5	  x3:0x92b2e6b6  x5:0x00000001 x12=0x00000000
     1206155000	     60206	800053e6	0340e733	rem	x14,x1,x20	  x1:0x0000055f x20:0x00000000 x14=0x0000055f
     1206175000	     60207	800053ea	8295	c.srli	x13,0x5	 x13:0x00000000 x13=0x00000000
     1206195000	     60208	800053ec	a2ebfb37	lui	x22,0xa2ebf	 x22=0xa2ebf000
     1206455000	     60221	800053f0	033ba4b3	mulhsu	x9,x23,x19	 x23:0xcd8f9380 x19:0x80021dfc  x9=0xe6c75ef6
     1206475000	     60222	800053f4	6091	c.lui	x1,0x4	  x1=0x00004000
     1206495000	     60223	800053f6	64b9	c.lui	x9,0xe	  x9=0x0000e000
     1207235000	     60260	800053f8	028144b3	div	x9,x2,x8	  x2:0xedfffff0  x8:0x0000048e  x9=0xfffc0c4c
     1207275000	     60262	800053fc	030f9fb3	mulh	x31,x31,x16	 x31:0x00000000 x16:0x00000000 x31=0x00000000
     1207295000	     60263	80005400	8c25	c.xor	x8,x9	  x8:0x0000048e  x9:0xfffc0c4c  x8=0xfffc08c2
     1207315000	     60264	80005402	bf2ee813	ori	x16,x29,-1038	 x29:0x00000000 x16=0xfffffbf2
     1207335000	     60265	80005406	0001	c.addi	x0,0	  x0:0x00000000  x0=0x00000000
     1207355000	     60266	80005408	01255533	srl	x10,x10,x18	 x10:0x00000866 x18:0xfffffffe x10=0x00000000
     1207375000	     60267	8000540c	005af833	and	x16,x21,x5	 x21:0x00973900  x5:0x00000001 x16=0x00000000
     1207415000	     60269	80005410	02c6a233	mulhsu	x4,x13,x12	 x13:0x00000000 x12:0x00000000  x4=0x00000000
     1207495000	     60273	80005414	01669263	bne	x13,x22,80005418	 x13:0x00000000 x22:0xa2ebf000
     1208415000	     60319	80005418	037961b3	rem	x3,x18,x23	 x18:0xfffffffe x23:0xcd8f9380  x3=0xfffffffe
     1208435000	     60320	8000541c	0001	c.addi	x0,0	  x0:0x00000000  x0=0x00000000
     1208455000	     60321	8000541e	8699	c.srai	x13,0x6	 x13:0x00000000 x13=0x00000000
     1208475000	     60322	80005420	0001	c.addi	x0,0	  x0:0x00000000  x0=0x00000000
     1208495000	     60323	80005422	809d	c.srli	x9,0x7	  x9:0xfffc0c4c  x9=0x01fff818
     1208515000	     60324	80005424	547d	c.li	x8,-1	  x8=0xffffffff
     1208535000	     60325	80005426	0001	c.addi	x0,0	  x0:0x00000000  x0=0x00000000
     1208555000	     60326	80005428	c005	c.beqz	x8,80005448	  x8:0xffffffff
     1208575000	     60327	8000542a	8d2d	c.xor	x10,x11	 x10:0x00000000 x11:0x00000000 x10=0x00000000
     1208615000	     60329	8000542c	028e2eb3	mulhsu	x29,x28,x8	 x28:0x00000000  x8:0xffffffff x29=0x00000000
     1208975000	     60347	80005430	008b9433	sll	x8,x23,x8	 x23:0xcd8f9380  x8:0xffffffff  x8=0x00000000
     1209395000	     60368	80005434	0ff0000f	fence	iorw,iorw	
     1209415000	     60369	80005438	0f8e	c.slli	x31,0x3	 x31:0x00000000 x31=0x00000000
     1209835000	     60390	8000543a	019afe33	and	x28,x21,x25	 x21:0x00973900 x25:0x80026243 x28=0x00022000
     1209855000	     60391	8000543e	9872f413	andi	x8,x5,-1657	  x5:0x00000001  x8=0x00000001
     1209875000	     60392	80005442	971a	c.add	x14,x6	 x14:0x0000055f  x6:0x00000000 x14=0x0000055f
     1209895000	     60393	80005444	0ff0000f	fence	iorw,iorw	
     1210035000	     60400	80005448	04b9c263	blt	x19,x11,8000548c	 x19:0x80021dfc x11:0x00000000
     1211235000	     60460	8000548c	861d	c.srai	x12,0x7	 x12:0x00000000 x12=0x00000000
     1211395000	     60468	8000548e	41500633	sub	x12,x0,x21	  x0:0x00000000 x21:0x00973900 x12=0xff68c700
     1211415000	     60469	80005492	99fd	c.andi	x11,-1	 x11:0x00000000 x11=0x00000000
     1211755000	     60486	80005494	01b1d233	srl	x4,x3,x27	  x3:0xfffffffe x27:0xffffffff  x4=0x00000001
     1211875000	     60492	80005498	02db9a63	bne	x23,x13,800054cc	 x23:0xcd8f9380 x13:0x00000000
     1212255000	     60511	800054cc	0000100f	fence.i	
     1212835000	     60540	800054d0	12fd	c.addi	x5,-1	  x5:0x00000001  x5=0x00000000
     1212855000	     60541	800054d2	9ea6	c.add	x29,x9	 x29:0x00000000  x9:0x01fff818 x29=0x01fff818
     1213135000	     60555	800054d4	81d5	c.srli	x11,0x15	 x11:0x00000000 x11=0x00000000
     1213155000	     60556	800054d6	014c07b3	add	x15,x24,x20	 x24:0x00000000 x20:0x00000000 x15=0x00000000
     1213175000	     60557	800054da	41af8cb3	sub	x25,x31,x26	 x31:0x00000000 x26:0x80025ce4 x25=0x7ffda31c
     1213195000	     60558	800054de	01ac4c33	xor	x24,x24,x26	 x24:0x00000000 x26:0x80025ce4 x24=0x80025ce4
     1213235000	     60560	800054e2	03c82b33	mulhsu	x22,x16,x28	 x16:0x00000000 x28:0x00022000 x22=0x00000000
     1213975000	     60597	800054e6	02cdd4b3	divu	x9,x27,x12	 x27:0xffffffff x12:0xff68c700  x9=0x00000001
     1213995000	     60598	800054ea	e919	c.bnez	x10,80005500	 x10:0x00000000
     1214015000	     60599	800054ec	0e3a2c13	slti	x24,x20,227	 x20:0x00000000 x24=0x00000001
     1214035000	     60600	800054f0	8e5d	c.or	x12,x15	 x12:0xff68c700 x15:0x00000000 x12=0xff68c700
     1214055000	     60601	800054f2	8cf1	c.and	x9,x12	  x9:0x00000001 x12:0xff68c700  x9=0x00000000
     1214075000	     60602	800054f4	610d	c.addi16sp	x2,160	  x2:0xedfffff0  x2=0xee000090
     1214375000	     60617	800054f6	02eafa63	bgeu	x21,x14,8000552a	 x21:0x00973900 x14:0x0000055f
     1215195000	     60658	8000552a	6c78acb7	lui	x25,0x6c78a	 x25=0x6c78a000
     1215295000	     60663	8000552e	40e15013	srai	x0,x2,0xe	  x2:0xee000090  x0=0x00000000
     1215315000	     60664	80005532	0cfa	c.slli	x25,0x1e	 x25:0x6c78a000 x25=0x00000000
     1215355000	     60666	80005534	15fd	c.addi	x11,-1	 x11:0x00000000 x11=0xffffffff
     1215375000	     60667	80005536	8f89	c.sub	x15,x10	 x15:0x00000000 x10:0x00000000 x15=0x00000000
     1215435000	     60670	80005538	033dd463	bge	x27,x19,80005560	 x27:0xffffffff x19:0x80021dfc
     1224195000	     61108	80005560	00c2d933	srl	x18,x5,x12	  x5:0x00000000 x12:0xff68c700 x18=0x00000000
     1224215000	     61109	80005564	c28d	c.beqz	x13,80005586	 x13:0x00000000
     1225655000	     61181	80005586	035ec033	div	x0,x29,x21	 x29:0x01fff818 x21:0x00973900  x0=0x00000000
     1225675000	     61182	8000558a	412ad6b3	sra	x13,x21,x18	 x21:0x00973900 x18:0x00000000 x13=0x00973900
     1225695000	     61183	8000558e	8c0d	c.sub	x8,x11	  x8:0x00000001 x11:0xffffffff  x8=0x00000002
     1225715000	     61184	80005590	02299163	bne	x19,x2,800055b2	 x19:0x80021dfc  x2:0xee000090
     1225935000	     61195	800055b2	037b2033	mulhsu	x0,x22,x23	 x22:0x00000000 x23:0xcd8f9380  x0=0x00000000
     1225955000	     61196	800055b6	8e2d	c.xor	x12,x11	 x12:0xff68c700 x11:0xffffffff x12=0x009738ff
     1226335000	     61215	800055b8	003a9f33	sll	x30,x21,x3	 x21:0x00973900  x3:0xfffffffe x30=0x00000000
     1226355000	     61216	800055bc	40a1db33	sra	x22,x3,x10	  x3:0xfffffffe x10:0x00000000 x22=0xfffffffe
     1226375000	     61217	800055c0	00452b33	slt	x22,x10,x4	 x10:0x00000000  x4:0x00000001 x22=0x00000001
     1227115000	     61254	800055c4	0383eb33	rem	x22,x7,x24	  x7:0xfaeb9c09 x24:0x00000001 x22=0x00000000
     1227135000	     61255	800055c8	5a210413	addi	x8,x2,1442	  x2:0xee000090  x8=0xee000632
     1227155000	     61256	800055cc	987d	c.andi	x8,-1	  x8:0xee000632  x8=0xee000632
     1227175000	     61257	800055ce	03909063	bne	x1,x25,800055ee	  x1:0x00004000 x25:0x00000000
     1227795000	     61288	800055ee	e3a9	c.bnez	x15,80005630	 x15:0x00000000
     1227835000	     61290	800055f0	8cf9	c.and	x9,x14	  x9:0x00000000 x14:0x0000055f  x9=0x00000000
     1227915000	     61294	800055f2	03ed5bb3	divu	x23,x26,x30	 x26:0x80025ce4 x30:0x00000000 x23=0xffffffff
     1227935000	     61295	800055f6	552e6d93	ori	x27,x28,1362	 x28:0x00022000 x27=0x00022552
     1228335000	     61315	800055fa	00e11a13	slli	x20,x2,0xe	  x2:0xee000090 x20=0x00240000
     1228355000	     61316	800055fe	789f6213	ori	x4,x30,1929	 x30:0x00000000  x4=0x00000789
     1228375000	     61317	80005602	eefb2693	slti	x13,x22,-273	 x22:0x00000000 x13=0x00000000
     1228515000	     61324	80005606	02c62633	mulhsu	x12,x12,x12	 x12:0x009738ff x12:0x009738ff x12=0x00005954
     1228535000	     61325	8000560a	6329	c.lui	x6,0xa	  x6=0x0000a000
     1228555000	     61326	8000560c	717d	c.addi16sp	x2,-16	  x2:0xee000090  x2=0xee000080
     1228575000	     61327	8000560e	9162	c.add	x2,x24	  x2:0xee000080 x24:0x00000001  x2=0xee000081
     1228595000	     61328	80005610	002d7533	and	x10,x26,x2	 x26:0x80025ce4  x2:0xee000081 x10=0x80000080
     1228615000	     61329	80005614	4065db93	srai	x23,x11,0x6	 x11:0xffffffff x23=0xffffffff
     1228935000	     61345	80005618	8ce1	c.and	x9,x8	  x9:0x00000000  x8:0xee000632  x9=0x00000000
     1228955000	     61346	8000561a	01eb9f33	sll	x30,x23,x30	 x23:0xffffffff x30:0x00000000 x30=0xffffffff
     1229315000	     61364	8000561e	02f764b3	rem	x9,x14,x15	 x14:0x0000055f x15:0x00000000  x9=0x0000055f
     1229335000	     61365	80005622	40f80833	sub	x16,x16,x15	 x16:0x00000000 x15:0x00000000 x16=0x00000000
     1229355000	     61366	80005626	e231	c.bnez	x12,8000566a	 x12:0x00005954
     1229995000	     61398	8000566a	00ce44b3	xor	x9,x28,x12	 x28:0x00022000 x12:0x00005954  x9=0x00027954
     1230035000	     61400	8000566e	038d20b3	mulhsu	x1,x26,x24	 x26:0x80025ce4 x24:0x00000001  x1=0xffffffff
     1230055000	     61401	80005672	0ff0000f	fence	iorw,iorw	
     1230075000	     61402	80005676	8cf5	c.and	x9,x13	  x9:0x00027954 x13:0x00000000  x9=0x00000000
     1230095000	     61403	80005678	40c35f13	srai	x30,x6,0xc	  x6:0x0000a000 x30=0x0000000a
     1230135000	     61405	8000567c	02d64fb3	div	x31,x12,x13	 x12:0x00005954 x13:0x00000000 x31=0xffffffff
     1230415000	     61419	80005680	00d6	c.slli	x1,0x15	  x1:0xffffffff  x1=0xffe00000
     1230435000	     61420	80005682	0001	c.addi	x0,0	  x0:0x00000000  x0=0x00000000
     1230455000	     61421	80005684	a8fce093	ori	x1,x25,-1393	 x25:0x00000000  x1=0xfffffa8f
     1230475000	     61422	80005688	007dfc33	and	x24,x27,x7	 x27:0x00022552  x7:0xfaeb9c09 x24=0x00020400
     1230575000	     61427	8000568c	6161b713	sltiu	x14,x3,1558	  x3:0xfffffffe x14=0x00000000
     1230755000	     61436	80005690	8e0d	c.sub	x12,x11	 x12:0x00005954 x11:0xffffffff x12=0x00005955
     1230775000	     61437	80005692	9846	c.add	x16,x17	 x16:0x00000000 x17:0x00000000 x16=0x00000000
     1230795000	     61438	80005694	0cd2	c.slli	x25,0x14	 x25:0x00000000 x25=0x00000000
     1230895000	     61443	80005696	01321833	sll	x16,x4,x19	  x4:0x00000789 x19:0x80021dfc x16=0x90000000
     1230915000	     61444	8000569a	9bb6	c.add	x23,x13	 x23:0xffffffff x13:0x00000000 x23=0xffffffff
     1230935000	     61445	8000569c	6119	c.addi16sp	x2,384	  x2:0xee000081  x2=0xee000201
     1230955000	     61446	8000569e	0000100f	fence.i	
     1231535000	     61475	800056a2	015c5263	bge	x24,x21,800056a6	 x24:0x00020400 x21:0x00973900
     1231555000	     61476	800056a6	0001	c.addi	x0,0	  x0:0x00000000  x0=0x00000000
     1231955000	     61496	800056a8	8e9d	c.sub	x13,x15	 x13:0x00000000 x15:0x00000000 x13=0x00000000
     1232075000	     61502	800056aa	020d4b63	blt	x26,x0,800056e0	 x26:0x80025ce4  x0:0x00000000
     1232755000	     61536	800056e0	0081e933	or	x18,x3,x8	  x3:0xfffffffe  x8:0xee000632 x18=0xfffffffe
     1232995000	     61548	800056e4	003dd313	srli	x6,x27,0x3	 x27:0x00022552  x6=0x000044aa
     1233075000	     61552	800056e8	402ad133	sra	x2,x21,x2	 x21:0x00973900  x2:0xee000201  x2=0x004b9c80
     1233235000	     61560	800056ec	8172	c.mv	x2,x28	  x0:0x00000000 x28:0x00022000  x2=0x00022000
     1233415000	     61569	800056ee	c7373a93	sltiu	x21,x14,-909	 x14:0x00000000 x21=0x00000001
     1233435000	     61570	800056f2	011744b3	xor	x9,x14,x17	 x14:0x00000000 x17:0x00000000  x9=0x00000000
     1233595000	     61578	800056f6	02c20f33	mul	x30,x4,x12	  x4:0x00000789 x12:0x00005955 x30=0x02a1217d
     1233695000	     61583	800056fa	03c7aeb3	mulhsu	x29,x15,x28	 x15:0x00000000 x28:0x00022000 x29=0x00000000
     1233715000	     61584	800056fe	02e38063	beq	x7,x14,8000571e	  x7:0xfaeb9c09 x14:0x00000000
     1233735000	     61585	80005702	00865c93	srli	x25,x12,0x8	 x12:0x00005955 x25=0x00000059
     1233755000	     61586	80005706	0288ec13	ori	x24,x17,40	 x17:0x00000000 x24=0x00000028
     1234175000	     61607	8000570a	03e23db3	mulhu	x27,x4,x30	  x4:0x00000789 x30:0x02a1217d x27=0x00000013
     1234195000	     61608	8000570e	0001	c.addi	x0,0	  x0:0x00000000  x0=0x00000000
     1234235000	     61610	80005710	41f385b3	sub	x11,x7,x31	  x7:0xfaeb9c09 x31:0xffffffff x11=0xfaeb9c0a
     1234655000	     61631	80005714	01be5a93	srli	x21,x28,0x1b	 x28:0x00022000 x21=0x00000000
     1234675000	     61632	80005718	018a0e63	beq	x20,x24,80005734	 x20:0x00240000 x24:0x00000028
     1234815000	     61639	8000571c	0001	c.addi	x0,0	  x0:0x00000000  x0=0x00000000
     1234895000	     61643	8000571e	7d4ea213	slti	x4,x29,2004	 x29:0x00000000  x4=0x00000001
     1235155000	     61656	80005722	0ff0000f	fence	iorw,iorw	
     1235315000	     61664	80005726	3ce8a513	slti	x10,x17,974	 x17:0x00000000 x10=0x00000001
     1235335000	     61665	8000572a	8659	c.srai	x12,0x16	 x12:0x00005955 x12=0x00000000
     1235375000	     61667	8000572c	0157b8b3	sltu	x17,x15,x21	 x15:0x00000000 x21:0x00000000 x17=0x00000000
     1235795000	     61688	80005730	01eb11b3	sll	x3,x22,x30	 x22:0x00000000 x30:0x02a1217d  x3=0x00000000
     1235855000	     61691	80005734	00838bb3	add	x23,x7,x8	  x7:0xfaeb9c09  x8:0xee000632 x23=0xe8eba23b
     1236035000	     61700	80005738	4dd66e13	ori	x28,x12,1245	 x12:0x00000000 x28=0x000004dd
     1236475000	     61722	8000573c	02d64eb3	div	x29,x12,x13	 x12:0x00000000 x13:0x00000000 x29=0xffffffff
     1236515000	     61724	80005740	02cddcb3	divu	x25,x27,x12	 x27:0x00000013 x12:0x00000000 x25=0xffffffff
     1236615000	     61729	80005744	0000100f	fence.i	
     1237275000	     61762	80005748	01b3f933	and	x18,x7,x27	  x7:0xfaeb9c09 x27:0x00000013 x18=0x00000001
     1237695000	     61783	8000574c	788c0b93	addi	x23,x24,1928	 x24:0x00000028 x23=0x000007b0
     1237715000	     61784	80005750	b6d24c13	xori	x24,x4,-1171	  x4:0x00000001 x24=0xfffffb6c
     1237735000	     61785	80005754	0ab2	c.slli	x21,0xc	 x21:0x00000000 x21=0x00000000
     1237755000	     61786	80005756	03aa7163	bgeu	x20,x26,80005778	 x20:0x00240000 x26:0x80025ce4
     1237855000	     61791	8000575a	29023193	sltiu	x3,x4,656	  x4:0x00000001  x3=0x00000001
     1237875000	     61792	8000575e	0001	c.addi	x0,0	  x0:0x00000000  x0=0x00000000
     1237915000	     61794	80005760	03da2533	mulhsu	x10,x20,x29	 x20:0x00240000 x29:0xffffffff x10=0x0023ffff
     1238155000	     61806	80005764	6c874337	lui	x6,0x6c874	  x6=0x6c874000
     1238335000	     61815	80005768	8c29	c.xor	x8,x10	  x8:0xee000632 x10:0x0023ffff  x8=0xee23f9cd
     1239195000	     61858	8000576a	02ac6ab3	rem	x21,x24,x10	 x24:0xfffffb6c x10:0x0023ffff x21=0xfffffb6c
     1239235000	     61860	8000576e	026cb7b3	mulhu	x15,x25,x6	 x25:0xffffffff  x6:0x6c874000 x15=0x6c873fff
     1239255000	     61861	80005772	8791	c.srai	x15,0x4	 x15:0x6c873fff x15=0x06c873ff
     1239275000	     61862	80005774	01561b13	slli	x22,x12,0x15	 x12:0x00000000 x22=0x00000000
     1239295000	     61863	80005778	86a9	c.srai	x13,0xa	 x13:0x00000000 x13=0x00000000
     1239315000	     61864	8000577a	81c1	c.srli	x11,0x10	 x11:0xfaeb9c0a x11=0x0000faeb
     1239335000	     61865	8000577c	870a2b93	slti	x23,x20,-1936	 x20:0x00240000 x23=0x00000000
     1239555000	     61876	80005780	41cad093	srai	x1,x21,0x1c	 x21:0xfffffb6c  x1=0xffffffff
     1239715000	     61884	80005784	02d0df63	bge	x1,x13,800057c2	  x1:0xffffffff x13:0x00000000
     1239735000	     61885	80005788	1b8c	c.addi4spn	x11,x2,496	 x11=0x000221f0
     1239755000	     61886	8000578a	9e5a	c.add	x28,x22	 x28:0x000004dd x22:0x00000000 x28=0x000004dd
     1240155000	     61906	8000578c	e0a1	c.bnez	x9,800057cc	  x9:0x00000000
     1240895000	     61943	8000578e	03b947b3	div	x15,x18,x27	 x18:0x00000001 x27:0x00000013 x15=0x00000000
     1240915000	     61944	80005792	41ac5133	sra	x2,x24,x26	 x24:0xfffffb6c x26:0x80025ce4  x2=0xffffffb6
     1240935000	     61945	80005796	1ff6c613	xori	x12,x13,511	 x13:0x00000000 x12=0x000001ff
     1240955000	     61946	8000579a	01b07bb3	and	x23,x0,x27	  x0:0x00000000 x27:0x00000013 x23=0x00000000
     1240975000	     61947	8000579e	8d65	c.and	x10,x9	 x10:0x0023ffff  x9:0x00000000 x10=0x00000000
     1241055000	     61951	800057a0	009f9363	bne	x31,x9,800057a6	 x31:0xffffffff  x9:0x00000000
     1241535000	     61975	800057a6	835d	c.srli	x14,0x17	 x14:0x00000000 x14=0x00000000
     1241555000	     61976	800057a8	0e14	c.addi4spn	x13,x2,784	 x13=0x000002c6
     1241715000	     61984	800057aa	01cbb933	sltu	x18,x23,x28	 x23:0x00000000 x28:0x000004dd x18=0x00000001
     1241875000	     61992	800057ae	0ff0000f	fence	iorw,iorw	
     1242135000	     62005	800057b2	412e8033	sub	x0,x29,x18	 x29:0xffffffff x18:0x00000001  x0=0x00000000
     1242275000	     62012	800057b6	00ef30b3	sltu	x1,x30,x14	 x30:0x02a1217d x14:0x00000000  x1=0x00000000
     1242355000	     62016	800057ba	01c7aeb3	slt	x29,x15,x28	 x15:0x00000000 x28:0x000004dd x29=0x00000001
     1242715000	     62034	800057be	0080d413	srli	x8,x1,0x8	  x1:0x00000000  x8=0x00000000
     1242735000	     62035	800057c2	03989e63	bne	x17,x25,800057fe	 x17:0x00000000 x25:0xffffffff
     1243175000	     62057	800057fe	6321	c.lui	x6,0x8	  x6=0x00008000
     1243255000	     62061	80005800	8f09	c.sub	x14,x10	 x14:0x00000000 x10:0x00000000 x14=0x00000000
     1243275000	     62062	80005802	8d7d	c.and	x10,x15	 x10:0x00000000 x15:0x00000000 x10=0x00000000
     1243455000	     62071	80005804	02832db3	mulhsu	x27,x6,x8	  x6:0x00008000  x8:0x00000000 x27=0x00000000
     1243475000	     62072	80005808	8d31	c.xor	x10,x12	 x10:0x00000000 x12:0x000001ff x10=0x000001ff
     1243655000	     62081	8000580a	03243a33	mulhu	x20,x8,x18	  x8:0x00000000 x18:0x00000001 x20=0x00000000
     1243675000	     62082	8000580e	0a5d	c.addi	x20,23	 x20:0x00000000 x20=0x00000017
     1243695000	     62083	80005810	8d3d	c.xor	x10,x15	 x10:0x000001ff x15:0x00000000 x10=0x000001ff
     1243715000	     62084	80005812	8c4d	c.or	x8,x11	  x8:0x00000000 x11:0x000221f0  x8=0x000221f0
     1243835000	     62090	80005814	87e1	c.srai	x15,0x18	 x15:0x00000000 x15=0x00000000
     1243855000	     62091	80005816	00308fb3	add	x31,x1,x3	  x1:0x00000000  x3:0x00000001 x31=0x00000001
     1243875000	     62092	8000581a	1508	c.addi4spn	x10,x2,672	 x10=0x00000256
     1244275000	     62112	8000581c	0001	c.addi	x0,0	  x0:0x00000000  x0=0x00000000
     1244335000	     62115	8000581e	90056293	ori	x5,x10,-1792	 x10:0x00000256  x5=0xfffffb56
     1244415000	     62119	80005822	400d5cb3	sra	x25,x26,x0	 x26:0x80025ce4  x0:0x00000000 x25=0x80025ce4
     1244435000	     62120	80005826	8e45	c.or	x12,x9	 x12:0x000001ff  x9:0x00000000 x12=0x000001ff
     1244475000	     62122	80005828	98fd	c.andi	x9,-1	  x9:0x00000000  x9=0x00000000
     1244495000	     62123	8000582a	12fd	c.addi	x5,-1	  x5:0xfffffb56  x5=0xfffffb55
     1244515000	     62124	8000582c	8fc1	c.or	x15,x8	 x15:0x00000000  x8:0x000221f0 x15=0x000221f0
     1244535000	     62125	8000582e	80d5	c.srli	x9,0x15	  x9:0x00000000  x9=0x00000000
     1244555000	     62126	80005830	e30d	c.bnez	x14,80005852	 x14:0x00000000
     1244575000	     62127	80005832	8251	c.srli	x12,0x14	 x12:0x000001ff x12=0x00000000
     1244595000	     62128	80005834	00d8c463	blt	x17,x13,8000583c	 x17:0x00000000 x13:0x000002c6
     1245875000	     62192	8000583c	03e4eab3	rem	x21,x9,x30	  x9:0x00000000 x30:0x02a1217d x21=0x00000000
     1245895000	     62193	80005840	000d6db3	or	x27,x26,x0	 x26:0x80025ce4  x0:0x00000000 x27=0x80025ce4
     1245935000	     62195	80005844	03794eb3	div	x29,x18,x23	 x18:0x00000001 x23:0x00000000 x29=0xffffffff
     1245955000	     62196	80005848	eb0d	c.bnez	x14,8000587a	 x14:0x00000000
     1245975000	     62197	8000584a	0001	c.addi	x0,0	  x0:0x00000000  x0=0x00000000
     1245995000	     62198	8000584c	8f35	c.xor	x14,x13	 x14:0x00000000 x13:0x000002c6 x14=0x000002c6
     1246015000	     62199	8000584e	e064be13	sltiu	x28,x9,-506	  x9:0x00000000 x28=0x00000001
     1246035000	     62200	80005852	0eb6	c.slli	x29,0xd	 x29:0xffffffff x29=0xffffe000
     1246075000	     62202	80005854	0298d633	divu	x12,x17,x9	 x17:0x00000000  x9:0x00000000 x12=0xffffffff
     1246195000	     62208	80005858	030bd963	bge	x23,x16,8000588a	 x23:0x00000000 x16:0x90000000
     1246935000	     62245	8000588a	6edba193	slti	x3,x23,1773	 x23:0x00000000  x3=0x00000001
     1246995000	     62248	8000588e	0118d733	srl	x14,x17,x17	 x17:0x00000000 x17:0x00000000 x14=0x00000000
     1247015000	     62249	80005892	027f0533	mul	x10,x30,x7	 x30:0x02a1217d  x7:0xfaeb9c09 x10=0x17d15965
     1247435000	     62270	80005896	27127c13	andi	x24,x4,625	  x4:0x00000001 x24=0x00000001
     1247455000	     62271	8000589a	8929	c.andi	x10,10	 x10:0x17d15965 x10=0x00000000
     1247475000	     62272	8000589c	d6164093	xori	x1,x12,-671	 x12:0xffffffff  x1=0x0000029e
     1247575000	     62277	800058a0	18fd	c.addi	x17,-1	 x17:0x00000000 x17=0xffffffff
     1247955000	     62296	800058a2	0ff0000f	fence	iorw,iorw	
     1247975000	     62297	800058a6	00a705b3	add	x11,x14,x10	 x14:0x00000000 x10:0x00000000 x11=0x00000000
     1247995000	     62298	800058aa	0001	c.addi	x0,0	  x0:0x00000000  x0=0x00000000
     1248175000	     62307	800058ac	88ca	c.mv	x17,x18	  x0:0x00000000 x18:0x00000001 x17=0x00000001
     1248195000	     62308	800058ae	98fd	c.andi	x9,-1	  x9:0x00000000  x9=0x00000000
     1248215000	     62309	800058b0	c389	c.beqz	x15,800058b2	 x15:0x000221f0
     1248235000	     62310	800058b2	008712b3	sll	x5,x14,x8	 x14:0x00000000  x8:0x000221f0  x5=0x00000000
     1248255000	     62311	800058b6	400dd6b3	sra	x13,x27,x0	 x27:0x80025ce4  x0:0x00000000 x13=0x80025ce4
     1249235000	     62360	800058ba	03d7d7b3	divu	x15,x15,x29	 x15:0x000221f0 x29:0xffffe000 x15=0x00000000
     1252035000	     62500	800058be	02268ab3	mul	x21,x13,x2	 x13:0x80025ce4  x2:0xffffffb6 x21=0xff512618
     1252055000	     62501	800058c2	0001	c.addi	x0,0	  x0:0x00000000  x0=0x00000000
     1252075000	     62502	800058c4	8859	c.andi	x8,22	  x8:0x000221f0  x8=0x00000010
     1252095000	     62503	800058c6	8f75	c.and	x14,x13	 x14:0x00000000 x13:0x80025ce4 x14=0x00000000
     1252835000	     62540	800058c8	02d466b3	rem	x13,x8,x13	  x8:0x00000010 x13:0x80025ce4 x13=0x00000010
     1252855000	     62541	800058cc	07be	c.slli	x15,0xf	 x15:0x00000000 x15=0x00000000
     1253595000	     62578	800058ce	03a86fb3	rem	x31,x16,x26	 x16:0x90000000 x26:0x80025ce4 x31=0x90000000
     1253615000	     62579	800058d2	df54a593	slti	x11,x9,-523	  x9:0x00000000 x11=0x00000000
     1253635000	     62580	800058d6	0ff0000f	fence	iorw,iorw	
     1253655000	     62581	800058da	011eee63	bltu	x29,x17,800058f6	 x29:0xffffe000 x17:0x00000001
     1253675000	     62582	800058de	f9e2ba13	sltiu	x20,x5,-98	  x5:0x00000000 x20=0x00000001
     1253715000	     62584	800058e2	03051c33	mulh	x24,x10,x16	 x10:0x00000000 x16:0x90000000 x24=0x00000000
     1253735000	     62585	800058e6	4919bf97	auipc	x31,0x4919b	 x31=0xc91a08e6
     1253875000	     62592	800058ea	0ff0000f	fence	iorw,iorw	
     1253995000	     62598	800058ee	0000100f	fence.i	
     1254115000	     62604	800058f2	1f14	c.addi4spn	x13,x2,944	 x13=0x00000366
     1254535000	     62625	800058f4	9542	c.add	x10,x16	 x10:0x00000000 x16:0x90000000 x10=0x90000000
     1254555000	     62626	800058f6	0af6	c.slli	x21,0x1d	 x21:0xff512618 x21=0x00000000
     1254875000	     62642	800058f8	9dea	c.add	x27,x26	 x27:0x80025ce4 x26:0x80025ce4 x27=0x0004b9c8
     1254895000	     62643	800058fa	018aee63	bltu	x21,x24,80005916	 x21:0x00000000 x24:0x00000000
     1254915000	     62644	800058fe	1098	c.addi4spn	x14,x2,96	 x14=0x00000016
     1254935000	     62645	80005900	410f8fb3	sub	x31,x31,x16	 x31:0xc91a08e6 x16:0x90000000 x31=0x391a08e6
     1255015000	     62649	80005904	68cd	c.lui	x17,0x13	 x17=0x00013000
     1255035000	     62650	80005906	9e1fa513	slti	x10,x31,-1567	 x31:0x391a08e6 x10=0x00000000
     1255055000	     62651	8000590a	1dfd	c.addi	x27,-1	 x27:0x0004b9c8 x27=0x0004b9c7
     1255075000	     62652	8000590c	7fff0613	addi	x12,x30,2047	 x30:0x02a1217d x12=0x02a1297c
     1255475000	     62672	80005910	6109	c.addi16sp	x2,128	  x2:0xffffffb6  x2=0x00000036
     1255495000	     62673	80005912	03c72217	auipc	x4,0x3c72	  x4=0x83c77912
     1255515000	     62674	80005916	04e2	c.slli	x9,0x18	  x9:0x00000000  x9=0x00000000
     1255535000	     62675	80005918	bbc15417	auipc	x8,0xbbc15	  x8=0x3bc1a918
     1255575000	     62677	8000591c	022e9bb3	mulh	x23,x29,x2	 x29:0xffffe000  x2:0x00000036 x23=0xffffffff
     1255675000	     62682	80005920	e6fd2913	slti	x18,x26,-401	 x26:0x80025ce4 x18=0x00000001
     1255695000	     62683	80005924	717d	c.addi16sp	x2,-16	  x2:0x00000036  x2=0x00000026
     1255715000	     62684	80005926	53c46e13	ori	x28,x8,1340	  x8:0x3bc1a918 x28=0x3bc1ad3c
     1255735000	     62685	8000592a	8f09	c.sub	x14,x10	 x14:0x00000016 x10:0x00000000 x14=0x00000016
     1255755000	     62686	8000592c	5277e193	ori	x3,x15,1319	 x15:0x00000000  x3=0x00000527
     1255775000	     62687	80005930	01d52cb3	slt	x25,x10,x29	 x10:0x00000000 x29:0xffffe000 x25=0x00000000
     1256195000	     62708	80005934	03ec36b3	mulhu	x13,x24,x30	 x24:0x00000000 x30:0x02a1217d x13=0x00000000
     1256215000	     62709	80005938	89147e37	lui	x28,0x89147	 x28=0x89147000
     1256235000	     62710	8000593c	0000100f	fence.i	
     1257035000	     62750	80005940	8729	c.srai	x14,0xa	 x14:0x00000016 x14=0x00000000
     1257055000	     62751	80005942	8a4e	c.mv	x20,x19	  x0:0x00000000 x19:0x80021dfc x20=0x80021dfc
     1257075000	     62752	80005944	0054a4b3	slt	x9,x9,x5	  x9:0x00000000  x5:0x00000000  x9=0x00000000
     1257095000	     62753	80005948	00b0ec33	or	x24,x1,x11	  x1:0x0000029e x11:0x00000000 x24=0x0000029e
     1257255000	     62761	8000594c	057e	c.slli	x10,0x1f	 x10:0x00000000 x10=0x00000000
     1257275000	     62762	8000594e	0ff0000f	fence	iorw,iorw	
     1257295000	     62763	80005952	2ca34b93	xori	x23,x6,714	  x6:0x00008000 x23=0x000082ca
     1257315000	     62764	80005956	01235bb3	srl	x23,x6,x18	  x6:0x00008000 x18:0x00000001 x23=0x00004000
     1257335000	     62765	8000595a	0000100f	fence.i	
     1257475000	     62772	8000595e	913b2c17	auipc	x24,0x913b2	 x24=0x113b795e
     1257495000	     62773	80005962	0260f063	bgeu	x1,x6,80005982	  x1:0x0000029e  x6:0x00008000
     1257515000	     62774	80005966	6159	c.addi16sp	x2,400	  x2:0x00000026  x2=0x000001b6
     1257875000	     62792	80005968	80de	c.mv	x1,x23	  x0:0x00000000 x23:0x00004000  x1=0x00004000
     1257895000	     62793	8000596a	8c96	c.mv	x25,x5	  x0:0x00000000  x5:0x00000000 x25=0x00000000
     1257995000	     62798	8000596c	02322033	mulhsu	x0,x4,x3	  x4:0x83c77912  x3:0x00000527  x0=0x00000000
     1258015000	     62799	80005970	01097133	and	x2,x18,x16	 x18:0x00000001 x16:0x90000000  x2=0x00000000
     1258415000	     62819	80005974	012a5893	srli	x17,x20,0x12	 x20:0x80021dfc x17=0x00002000
     1258835000	     62840	80005978	8f59	c.or	x14,x14	 x14:0x00000000 x14:0x00000000 x14=0x00000000
     1259715000	     62884	8000597a	03fa5c33	divu	x24,x20,x31	 x20:0x80021dfc x31:0x391a08e6 x24=0x00000002
     1259735000	     62885	8000597e	4960e113	ori	x2,x1,1174	  x1:0x00004000  x2=0x00004496
     1259755000	     62886	80005982	9a52	c.add	x20,x20	 x20:0x80021dfc x20:0x80021dfc x20=0x00043bf8
     1259775000	     62887	80005984	0001	c.addi	x0,0	  x0:0x00000000  x0=0x00000000
     1259795000	     62888	80005986	84b6	c.mv	x9,x13	  x0:0x00000000 x13:0x00000000  x9=0x00000000
     1259815000	     62889	80005988	0452f263	bgeu	x5,x5,800059cc	  x5:0x00000000  x5:0x00000000
     1259895000	     62893	800059cc	1a1c	c.addi4spn	x15,x2,304	 x15=0x000045c6
     1260055000	     62901	800059ce	035c00b3	mul	x1,x24,x21	 x24:0x00000002 x21:0x00000000  x1=0x00000000
     1260075000	     62902	800059d2	608d	c.lui	x1,0x3	  x1=0x00003000
     1260375000	     62917	800059d4	00de3033	sltu	x0,x28,x13	 x28:0x89147000 x13:0x00000000  x0=0x00000000
     1260755000	     62936	800059d8	876d	c.srai	x14,0x1b	 x14:0x00000000 x14=0x00000000
     1260775000	     62937	800059da	8f75	c.and	x14,x13	 x14:0x00000000 x13:0x00000000 x14=0x00000000
     1260795000	     62938	800059dc	0ff0000f	fence	iorw,iorw	
     1261635000	     62980	800059e0	03837f33	remu	x30,x6,x24	  x6:0x00008000 x24:0x00000002 x30=0x00000000
     1261675000	     62982	800059e4	02a9de33	divu	x28,x19,x10	 x19:0x80021dfc x10:0x00000000 x28=0xffffffff
     1261695000	     62983	800059e8	8f79	c.and	x14,x14	 x14:0x00000000 x14:0x00000000 x14=0x00000000
     1262515000	     63024	800059ea	030fe2b3	rem	x5,x31,x16	 x31:0x391a08e6 x16:0x90000000  x5=0x391a08e6
     1262535000	     63025	800059ee	05e41263	bne	x8,x30,80005a32	  x8:0x3bc1a918 x30:0x00000000
     1263195000	     63058	80005a32	00ce9ab3	sll	x21,x29,x12	 x29:0xffffe000 x12:0x02a1297c x21=0x00000000
     1263215000	     63059	80005a36	0203ec63	bltu	x7,x0,80005a6e	  x7:0xfaeb9c09  x0:0x00000000
     1263235000	     63060	80005a3a	00eb5493	srli	x9,x22,0xe	 x22:0x00000000  x9=0x00000000
     1263515000	     63074	80005a3e	0437f063	bgeu	x15,x3,80005a7e	 x15:0x000045c6  x3:0x00000527
     1263835000	     63090	80005a7e	01794833	xor	x16,x18,x23	 x18:0x00000001 x23:0x00004000 x16=0x00004001
     1263855000	     63091	80005a82	982e	c.add	x16,x11	 x16:0x00004001 x11:0x00000000 x16=0x00004001
     1263875000	     63092	80005a84	1ffd	c.addi	x31,-1	 x31:0x391a08e6 x31=0x391a08e5
     1263895000	     63093	80005a86	717d	c.addi16sp	x2,-16	  x2:0x00004496  x2=0x00004486
     1263915000	     63094	80005a88	046e4163	blt	x28,x6,80005aca	 x28:0xffffffff  x6:0x00008000
     1264215000	     63109	80005aca	03c9a133	mulhsu	x2,x19,x28	 x19:0x80021dfc x28:0xffffffff  x2=0x80021dfc
     1264235000	     63110	80005ace	8e55	c.or	x12,x13	 x12:0x02a1297c x13:0x00000000 x12=0x02a1297c
     1264275000	     63112	80005ad0	6f91	c.lui	x31,0x4	 x31=0x00004000
     1264295000	     63113	80005ad2	2dd74113	xori	x2,x14,733	 x14:0x00000000  x2=0x000002dd
     1264315000	     63114	80005ad6	8d2d	c.xor	x10,x11	 x10:0x00000000 x11:0x00000000 x10=0x00000000
     1264515000	     63124	80005ad8	ec09	c.bnez	x8,80005af2	  x8:0x3bc1a918
     1265995000	     63198	80005af2	0ff0000f	fence	iorw,iorw	
     1266015000	     63199	80005af6	278e4c17	auipc	x24,0x278e4	 x24=0xa78e9af6
     1266435000	     63220	80005afa	0174e4b3	or	x9,x9,x23	  x9:0x00000000 x23:0x00004000  x9=0x00004000
     1266455000	     63221	80005afe	03c67263	bgeu	x12,x28,80005b22	 x12:0x02a1297c x28:0xffffffff
     1266875000	     63242	80005b02	64249097	auipc	x1,0x64249	  x1=0xe424eb02
     1266895000	     63243	80005b06	0fee	c.slli	x31,0x1b	 x31:0x00004000 x31=0x00000000
     1267075000	     63252	80005b08	03368cb3	mul	x25,x13,x19	 x13:0x00000000 x19:0x80021dfc x25=0x00000000
     1267255000	     63261	80005b0c	cb15	c.beqz	x14,80005b40	 x14:0x00000000
     1267695000	     63283	80005b40	40385193	srai	x3,x16,0x3	 x16:0x00004001  x3=0x00000800
     1267715000	     63284	80005b44	fb857713	andi	x14,x10,-72	 x10:0x00000000 x14=0x00000000
     1267735000	     63285	80005b48	039e0963	beq	x28,x25,80005b7a	 x28:0xffffffff x25:0x00000000
     1268155000	     63306	80005b4c	407ddbb3	sra	x23,x27,x7	 x27:0x0004b9c7  x7:0xfaeb9c09 x23=0x0000025c
     1268175000	     63307	80005b50	00441033	sll	x0,x8,x4	  x8:0x3bc1a918  x4:0x83c77912  x0=0x00000000
     1268275000	     63312	80005b54	02875963	bge	x14,x8,80005b86	 x14:0x00000000  x8:0x3bc1a918
     1268295000	     63313	80005b58	01960263	beq	x12,x25,80005b5c	 x12:0x02a1297c x25:0x00000000
     1268315000	     63314	80005b5c	01650263	beq	x10,x22,80005b60	 x10:0x00000000 x22:0x00000000
     1268995000	     63348	80005b60	024c4f63	blt	x24,x4,80005b9e	 x24:0xa78e9af6  x4:0x83c77912
     1269415000	     63369	80005b64	0147de93	srli	x29,x15,0x14	 x15:0x000045c6 x29=0x00000000
     1269455000	     63371	80005b68	0207e733	rem	x14,x15,x0	 x15:0x000045c6  x0:0x00000000 x14=0x000045c6
     1269475000	     63372	80005b6c	01f6bcb3	sltu	x25,x13,x31	 x13:0x00000000 x31:0x00000000 x25=0x00000000
     1269495000	     63373	80005b70	1d45c537	lui	x10,0x1d45c	 x10=0x1d45c000
     1269795000	     63388	80005b74	01dad493	srli	x9,x21,0x1d	 x21:0x00000000  x9=0x00000000
     1269835000	     63390	80005b78	ca8d	c.beqz	x13,80005baa	 x13:0x00000000
     1270115000	     63404	80005baa	2de5af37	lui	x30,0x2de5a	 x30=0x2de5a000
     1270255000	     63411	80005bae	001702b3	add	x5,x14,x1	 x14:0x000045c6  x1:0xe424eb02  x5=0xe42530c8
     1270275000	     63412	80005bb2	df2e8b13	addi	x22,x29,-526	 x29:0x00000000 x22=0xfffffdf2
     1270295000	     63413	80005bb6	0ff0000f	fence	iorw,iorw	
     1270515000	     63424	80005bba	41658b33	sub	x22,x11,x22	 x11:0x00000000 x22:0xfffffdf2 x22=0x0000020e
     1270535000	     63425	80005bbe	8a19	c.andi	x12,6	 x12:0x02a1297c x12=0x00000004
     1270555000	     63426	80005bc0	0ff0000f	fence	iorw,iorw	
     1270735000	     63435	80005bc4	91e6	c.add	x3,x25	  x3:0x00000800 x25:0x00000000  x3=0x00000800
     1270755000	     63436	80005bc6	8df1	c.and	x11,x12	 x11:0x00000000 x12:0x00000004 x11=0x00000000
     1271495000	     63473	80005bc8	022edc33	divu	x24,x29,x2	 x29:0x00000000  x2:0x000002dd x24=0x00000000
     1271515000	     63474	80005bcc	527d	c.li	x4,-1	  x4=0xffffffff
     1271535000	     63475	80005bce	8811	c.andi	x8,4	  x8:0x3bc1a918  x8=0x00000000
     1271555000	     63476	80005bd0	02fd1063	bne	x26,x15,80005bf0	 x26:0x80025ce4 x15:0x000045c6
     1271875000	     63492	80005bf0	032b3733	mulhu	x14,x22,x18	 x22:0x0000020e x18:0x00000001 x14=0x00000000
     1272215000	     63509	80005bf4	90d97b13	andi	x22,x18,-1779	 x18:0x00000001 x22=0x00000001
     1272295000	     63513	80005bf8	858a	c.mv	x11,x2	  x0:0x00000000  x2:0x000002dd x11=0x000002dd
     1273035000	     63550	80005bfa	034f7a33	remu	x20,x30,x20	 x30:0x2de5a000 x20:0x00043bf8 x20=0x0003ceb0
     1273055000	     63551	80005bfe	86d5	c.srai	x13,0x15	 x13:0x00000000 x13=0x00000000
     1273095000	     63553	80005c00	028e94b3	mulh	x9,x29,x8	 x29:0x00000000  x8:0x00000000  x9=0x00000000
     1273115000	     63554	80005c04	01f89e63	bne	x17,x31,80005c20	 x17:0x00002000 x31:0x00000000
     1273315000	     63564	80005c20	8c21	c.xor	x8,x8	  x8:0x00000000  x8:0x00000000  x8=0x00000000
     1273335000	     63565	80005c22	ac7d4493	xori	x9,x26,-1337	 x26:0x80025ce4  x9=0x7ffda623
     1273395000	     63568	80005c26	af42a893	slti	x17,x5,-1292	  x5:0xe42530c8 x17=0x00000001
     1273855000	     63591	80005c2a	01d9c633	xor	x12,x19,x29	 x19:0x80021dfc x29:0x00000000 x12=0x80021dfc
     1273875000	     63592	80005c2e	0b6a	c.slli	x22,0x1a	 x22:0x00000001 x22=0x04000000
     1273895000	     63593	80005c30	01746c63	bltu	x8,x23,80005c48	  x8:0x00000000 x23:0x0000025c
     1274395000	     63618	80005c48	03d67963	bgeu	x12,x29,80005c7a	 x12:0x80021dfc x29:0x00000000
     1274975000	     63647	80005c7a	825e	c.mv	x4,x23	  x0:0x00000000 x23:0x0000025c  x4=0x0000025c
     1275055000	     63651	80005c7c	008aecb3	or	x25,x21,x8	 x21:0x00000000  x8:0x00000000 x25=0x00000000
     1275075000	     63652	80005c80	67d5	c.lui	x15,0x15	 x15=0x00015000
     1275815000	     63689	80005c82	036c6eb3	rem	x29,x24,x22	 x24:0x00000000 x22:0x04000000 x29=0x00000000
     1275835000	     63690	80005c86	00487c33	and	x24,x16,x4	 x16:0x00004001  x4:0x0000025c x24=0x00000000
     1275855000	     63691	80005c8a	875d	c.srai	x14,0x17	 x14:0x00000000 x14=0x00000000
     1275895000	     63693	80005c8c	02e246b3	div	x13,x4,x14	  x4:0x0000025c x14:0x00000000 x13=0xffffffff
     1275915000	     63694	80005c90	6da1	c.lui	x27,0x8	 x27=0x00008000
     1276655000	     63731	80005c92	02636db3	rem	x27,x6,x6	  x6:0x00008000  x6:0x00008000 x27=0x00000000
     1276695000	     63733	80005c96	03845a33	divu	x20,x8,x24	  x8:0x00000000 x24:0x00000000 x20=0xffffffff
     1276715000	     63734	80005c9a	746ae313	ori	x6,x21,1862	 x21:0x00000000  x6=0x00000746
     1276755000	     63736	80005c9e	02eab5b3	mulhu	x11,x21,x14	 x21:0x00000000 x14:0x00000000 x11=0x00000000
     1276775000	     63737	80005ca2	56c17117	auipc	x2,0x56c17	  x2=0xd6c1cca2
     1276875000	     63742	80005ca6	b1fa4713	xori	x14,x20,-1249	 x20:0xffffffff x14=0x000004e0
     1276895000	     63743	80005caa	0297ee63	bltu	x15,x9,80005ce6	 x15:0x00015000  x9:0x7ffda623
     1278175000	     63807	80005ce6	030f0933	mul	x18,x30,x16	 x30:0x2de5a000 x16:0x00004001 x18=0x95e5a000
     1278595000	     63828	80005cea	013a6ab3	or	x21,x20,x19	 x20:0xffffffff x19:0x80021dfc x21=0xffffffff
     1278735000	     63835	80005cee	031c1063	bne	x24,x17,80005d0e	 x24:0x00000000 x17:0x00000001
     1279935000	     63895	80005d0e	01f17233	and	x4,x2,x31	  x2:0xd6c1cca2 x31:0x00000000  x4=0x00000000
     1279955000	     63896	80005d12	e8f96513	ori	x10,x18,-369	 x18:0x95e5a000 x10=0xfffffe8f
     1280035000	     63900	80005d16	026ce363	bltu	x25,x6,80005d3c	 x25:0x00000000  x6:0x00000746
     1280635000	     63930	80005d3c	8539	c.srai	x10,0xe	 x10:0xfffffe8f x10=0xffffffff
     1280655000	     63931	80005d3e	8cbd	c.xor	x9,x15	  x9:0x7ffda623 x15:0x00015000  x9=0x7ffcf623
     1281235000	     63960	80005d40	4fa9	c.li	x31,10	 x31=0x0000000a
     1281435000	     63970	80005d42	0000100f	fence.i	
     1282015000	     63999	80005d46	8c81	c.sub	x9,x8	  x9:0x7ffcf623  x8:0x00000000  x9=0x7ffcf623
     1282155000	     64006	80005d48	8fe9	c.and	x15,x10	 x15:0x00015000 x10:0xffffffff x15=0x00015000
     1282315000	     64014	80005d4a	1f03c493	xori	x9,x7,496	  x7:0xfaeb9c09  x9=0xfaeb9df9
     1282335000	     64015	80005d4e	137d	c.addi	x6,-1	  x6:0x00000746  x6=0x00000745
     1282375000	     64017	80005d50	8f59	c.or	x14,x14	 x14:0x000004e0 x14:0x000004e0 x14=0x000004e0
     1282395000	     64018	80005d52	00c76bb3	or	x23,x14,x12	 x14:0x000004e0 x12:0x80021dfc x23=0x80021dfc
     1282615000	     64029	80005d56	02d63833	mulhu	x16,x12,x13	 x12:0x80021dfc x13:0xffffffff x16=0x80021dfb
     1282635000	     64030	80005d5a	8ebd	c.xor	x13,x15	 x13:0xffffffff x15:0x00015000 x13=0xfffeafff
     1282715000	     64034	80005d5c	02d34163	blt	x6,x13,80005d7e	  x6:0x00000745 x13:0xfffeafff
     1282735000	     64035	80005d60	410b5013	srai	x0,x22,0x10	 x22:0x04000000  x0=0x00000000
     1282855000	     64041	80005d64	8835	c.andi	x8,13	  x8:0x00000000  x8=0x00000000
     1282875000	     64042	80005d66	01a0d333	srl	x6,x1,x26	  x1:0xe424eb02 x26:0x80025ce4  x6=0x0e424eb0
     1282895000	     64043	80005d6a	0000100f	fence.i	
     1283735000	     64085	80005d6e	8a09	c.andi	x12,2	 x12:0x80021dfc x12=0x00000000
     1285455000	     64171	80005d70	5a532117	auipc	x2,0x5a532	  x2=0xda537d70
     1285475000	     64172	80005d74	8db1	c.xor	x11,x12	 x11:0x00000000 x12:0x00000000 x11=0x00000000
     1286215000	     64209	80005d76	0269e133	rem	x2,x19,x6	 x19:0x80021dfc  x6:0x0e424eb0  x2=0xf214937c
     1286235000	     64210	80005d7a	8ce1	c.and	x9,x8	  x9:0xfaeb9df9  x8:0x00000000  x9=0x00000000
     1286255000	     64211	80005d7c	45c9	c.li	x11,18	 x11=0x00000012
     1286275000	     64212	80005d7e	051d7263	bgeu	x26,x17,80005dc2	 x26:0x80025ce4 x17:0x00000001
     1286475000	     64222	80005dc2	00531413	slli	x8,x6,0x5	  x6:0x0e424eb0  x8=0xc849d600
     1286595000	     64228	80005dc6	005e2033	slt	x0,x28,x5	 x28:0xffffffff  x5:0xe42530c8  x0=0x00000000
     1286715000	     64234	80005dca	03199fb3	mulh	x31,x19,x17	 x19:0x80021dfc x17:0x00000001 x31=0xffffffff
     1286795000	     64238	80005dce	03d71433	mulh	x8,x14,x29	 x14:0x000004e0 x29:0x00000000  x8=0x00000000
     1287915000	     64294	80005dd2	033efbb3	remu	x23,x29,x19	 x29:0x00000000 x19:0x80021dfc x23=0x00000000
     1287935000	     64295	80005dd6	9216	c.add	x4,x5	  x4:0x00000000  x5:0xe42530c8  x4=0xe42530c8
     1287955000	     64296	80005dd8	01d62ab3	slt	x21,x12,x29	 x12:0x00000000 x29:0x00000000 x21=0x00000000
     1287975000	     64297	80005ddc	00a7cd63	blt	x15,x10,80005df6	 x15:0x00015000 x10:0xffffffff
     1287995000	     64298	80005de0	01da32b3	sltu	x5,x20,x29	 x20:0xffffffff x29:0x00000000  x5=0x00000000
     1288075000	     64302	80005de4	03eaafb3	mulhsu	x31,x21,x30	 x21:0x00000000 x30:0x2de5a000 x31=0x00000000
     1288455000	     64321	80005de8	03b4ffb3	remu	x31,x9,x27	  x9:0x00000000 x27:0x00000000 x31=0x00000000
     1288635000	     64330	80005dec	6d99	c.lui	x27,0x6	 x27=0x00006000
     1288655000	     64331	80005dee	6465	c.lui	x8,0x19	  x8=0x00019000
     1288675000	     64332	80005df0	5a9d2313	slti	x6,x26,1449	 x26:0x80025ce4  x6=0x00000001
     1288835000	     64340	80005df4	0001	c.addi	x0,0	  x0:0x00000000  x0=0x00000000
     1288855000	     64341	80005df6	01878033	add	x0,x15,x24	 x15:0x00015000 x24:0x00000000  x0=0x00000000
     1289295000	     64363	80005dfa	035ec333	div	x6,x29,x21	 x29:0x00000000 x21:0x00000000  x6=0xffffffff
     1289375000	     64367	80005dfe	01e55693	srli	x13,x10,0x1e	 x10:0xffffffff x13=0x00000003
     1290455000	     64421	80005e02	02846333	rem	x6,x8,x8	  x8:0x00019000  x8:0x00019000  x6=0x00000000
     1290475000	     64422	80005e06	72620f13	addi	x30,x4,1830	  x4:0xe42530c8 x30=0xe42537ee
     1290495000	     64423	80005e0a	8f5d	c.or	x14,x15	 x14:0x000004e0 x15:0x00015000 x14=0x000154e0
     1290515000	     64424	80005e0c	0502e363	bltu	x5,x16,80005e52	  x5:0x00000000 x16:0x80021dfb
     1291415000	     64469	80005e52	019a8333	add	x6,x21,x25	 x21:0x00000000 x25:0x00000000  x6=0x00000000
     1291435000	     64470	80005e56	8e61	c.and	x12,x8	 x12:0x00000000  x8:0x00019000 x12=0x00000000
     1291455000	     64471	80005e58	40a40f33	sub	x30,x8,x10	  x8:0x00019000 x10:0xffffffff x30=0x00019001
     1291855000	     64491	80005e5c	0500	c.addi4spn	x8,x2,640	  x8=0xf21495fc
     1291875000	     64492	80005e5e	8f05	c.sub	x14,x9	 x14:0x000154e0  x9:0x00000000 x14=0x000154e0
     1292275000	     64512	80005e60	8c75	c.and	x8,x13	  x8:0xf21495fc x13:0x00000003  x8=0x00000000
     1292295000	     64513	80005e62	0235da63	bge	x11,x3,80005e96	 x11:0x00000012  x3:0x00000800
     1292315000	     64514	80005e66	8646	c.mv	x12,x17	  x0:0x00000000 x17:0x00000001 x12=0x00000001
     1292355000	     64516	80005e68	002bcc33	xor	x24,x23,x2	 x23:0x00000000  x2:0xf214937c x24=0xf214937c
     1292375000	     64517	80005e6c	8bcaf293	andi	x5,x21,-1860	 x21:0x00000000  x5=0x00000000
     1292395000	     64518	80005e70	9afd	c.andi	x13,-1	 x13:0x00000003 x13=0x00000003
     1292415000	     64519	80005e72	03bfe363	bltu	x31,x27,80005e98	 x31:0x00000000 x27:0x00006000
     1292795000	     64538	80005e98	8b810d93	addi	x27,x2,-1864	  x2:0xf214937c x27=0xf2148c34
     1293055000	     64551	80005e9c	019f4fb3	xor	x31,x30,x25	 x30:0x00019001 x25:0x00000000 x31=0x00019001
     1293075000	     64552	80005ea0	8ee9	c.and	x13,x10	 x13:0x00000003 x10:0xffffffff x13=0x00000003
     1293095000	     64553	80005ea2	07be	c.slli	x15,0xf	 x15:0x00015000 x15=0xa8000000
     1293155000	     64556	80005ea4	8ffe	c.mv	x31,x31	  x0:0x00000000 x31:0x00019001 x31=0x00019001
     1293175000	     64557	80005ea6	6b45	c.lui	x22,0x11	 x22=0x00011000
     1293315000	     64564	80005ea8	0263e363	bltu	x7,x6,80005ece	  x7:0xfaeb9c09  x6:0x00000000
     1293335000	     64565	80005eac	e2abae97	auipc	x29,0xe2aba	 x29=0x62abfeac
     1293355000	     64566	80005eb0	8e81	c.sub	x13,x8	 x13:0x00000003  x8:0x00000000 x13=0x00000003
     1293375000	     64567	80005eb2	67793c93	sltiu	x25,x18,1655	 x18:0x95e5a000 x25=0x00000000
     1293395000	     64568	80005eb6	016b4133	xor	x2,x22,x22	 x22:0x00011000 x22:0x00011000  x2=0x00000000
     1293615000	     64579	80005eba	0224e533	rem	x10,x9,x2	  x9:0x00000000  x2:0x00000000 x10=0x00000000
     1293635000	     64580	80005ebe	05395163	bge	x18,x19,80005f00	 x18:0x95e5a000 x19:0x80021dfc
     1294455000	     64621	80005f00	8d31	c.xor	x10,x12	 x10:0x00000000 x12:0x00000001 x10=0x00000001
     1294475000	     64622	80005f02	0045feb3	and	x29,x11,x4	 x11:0x00000012  x4:0xe42530c8 x29=0x00000000
     1294655000	     64631	80005f06	0000100f	fence.i	
     1296115000	     64704	80005f0a	02c75bb3	divu	x23,x14,x12	 x14:0x000154e0 x12:0x00000001 x23=0x000154e0
     1296135000	     64705	80005f0e	65f1	c.lui	x11,0x1c	 x11=0x0001c000
     1296155000	     64706	80005f10	0152eb63	bltu	x5,x21,80005f26	  x5:0x00000000 x21:0x00000000
     1296175000	     64707	80005f14	717d	c.addi16sp	x2,-16	  x2:0x00000000  x2=0xfffffff0
     1296195000	     64708	80005f16	0808	c.addi4spn	x10,x2,16	 x10=0x00000000
     1296215000	     64709	80005f18	0001	c.addi	x0,0	  x0:0x00000000  x0=0x00000000
     1296235000	     64710	80005f1a	009238b3	sltu	x17,x4,x9	  x4:0xe42530c8  x9:0x00000000 x17=0x00000000
     1296255000	     64711	80005f1e	011691b3	sll	x3,x13,x17	 x13:0x00000003 x17:0x00000000  x3=0x00000003
     1296275000	     64712	80005f22	00d75a33	srl	x20,x14,x13	 x14:0x000154e0 x13:0x00000003 x20=0x00002a9c
     1296295000	     64713	80005f26	827d	c.srli	x12,0x1f	 x12:0x00000001 x12=0x00000000
     1296555000	     64726	80005f28	eba60e13	addi	x28,x12,-326	 x12:0x00000000 x28=0xfffffeba
     1296575000	     64727	80005f2c	00208bb3	add	x23,x1,x2	  x1:0xe424eb02  x2:0xfffffff0 x23=0xe424eaf2
     1296615000	     64729	80005f30	026be7b3	rem	x15,x23,x6	 x23:0xe424eaf2  x6:0x00000000 x15=0xe424eaf2
     1296655000	     64731	80005f34	664d	c.lui	x12,0x13	 x12=0x00013000
     1296675000	     64732	80005f36	8669	c.srai	x12,0x1a	 x12:0x00013000 x12=0x00000000
     1296735000	     64735	80005f38	00ea6033	or	x0,x20,x14	 x20:0x00002a9c x14:0x000154e0  x0=0x00000000
     1296755000	     64736	80005f3c	8fb9	c.xor	x15,x14	 x15:0xe424eaf2 x14:0x000154e0 x15=0xe425be12
     1296775000	     64737	80005f3e	0001	c.addi	x0,0	  x0:0x00000000  x0=0x00000000
     1296795000	     64738	80005f40	05ae	c.slli	x11,0xb	 x11:0x0001c000 x11=0x0e000000
     1297675000	     64782	80005f42	036ac133	div	x2,x21,x22	 x21:0x00000000 x22:0x00011000  x2=0x00000000
     1297695000	     64783	80005f46	01e18433	add	x8,x3,x30	  x3:0x00000003 x30:0x00019001  x8=0x00019004
     1297715000	     64784	80005f4a	12fd	c.addi	x5,-1	  x5:0x00000000  x5=0xffffffff
     1297795000	     64788	80005f4c	3d9b7293	andi	x5,x22,985	 x22:0x00011000  x5=0x00000000
     1297895000	     64793	80005f50	01f3d1b3	srl	x3,x7,x31	  x7:0xfaeb9c09 x31:0x00019001  x3=0x7d75ce04
     1297915000	     64794	80005f54	8d71	c.and	x10,x12	 x10:0x00000000 x12:0x00000000 x10=0x00000000
     1297935000	     64795	80005f56	00dd5093	srli	x1,x26,0xd	 x26:0x80025ce4  x1=0x00040012
     1297955000	     64796	80005f5a	987d	c.andi	x8,-1	  x8:0x00019004  x8=0x00019004
     1298115000	     64804	80005f5c	e109	c.bnez	x10,80005f5e	 x10:0x00000000
     1298135000	     64805	80005f5e	1504	c.addi4spn	x9,x2,672	  x9=0x000002a0
     1298155000	     64806	80005f60	00fac2b3	xor	x5,x21,x15	 x21:0x00000000 x15:0xe425be12  x5=0xe425be12
     1298175000	     64807	80005f64	83c1	c.srli	x15,0x10	 x15:0xe425be12 x15=0x0000e425
     1298195000	     64808	80005f66	02459a63	bne	x11,x4,80005f9a	 x11:0x0e000000  x4:0xe42530c8
     1299235000	     64860	80005f9a	a0bb3113	sltiu	x2,x22,-1525	 x22:0x00011000  x2=0x00000001
     1299255000	     64861	80005f9e	00534c63	blt	x6,x5,80005fb6	  x6:0x00000000  x5:0xe425be12
     1299275000	     64862	80005fa2	597d	c.li	x18,-1	 x18=0xffffffff
     1299295000	     64863	80005fa4	413b58b3	sra	x17,x22,x19	 x22:0x00011000 x19:0x80021dfc x17=0x00000000
     1299395000	     64868	80005fa8	8c79	c.and	x8,x14	  x8:0x00019004 x14:0x000154e0  x8=0x00011000
     1299415000	     64869	80005faa	15fd	c.addi	x11,-1	 x11:0x0e000000 x11=0x0dffffff
     1299435000	     64870	80005fac	00791413	slli	x8,x18,0x7	 x18:0xffffffff  x8=0xffffff80
     1299555000	     64876	80005fb0	82c1	c.srli	x13,0x10	 x13:0x00000003 x13=0x00000000
     1299575000	     64877	80005fb2	41d9	c.li	x3,22	  x3=0x00000016
     1299655000	     64881	80005fb4	9fca	c.add	x31,x18	 x31:0x00019001 x18:0xffffffff x31=0x00019000
     1299755000	     64886	80005fb6	03d58d63	beq	x11,x29,80005ff0	 x11:0x0dffffff x29:0x00000000
     1300175000	     64907	80005fba	028bf363	bgeu	x23,x8,80005fe0	 x23:0xe424eaf2  x8:0xffffff80
     1300195000	     64908	80005fbe	003a1013	slli	x0,x20,0x3	 x20:0x00002a9c  x0=0x00000000
     1300215000	     64909	80005fc2	e221	c.bnez	x12,80006002	 x12:0x00000000
     1300235000	     64910	80005fc4	01aa4133	xor	x2,x20,x26	 x20:0x00002a9c x26:0x80025ce4  x2=0x80027678
     1300275000	     64912	80005fc8	0263ebb3	rem	x23,x7,x6	  x7:0xfaeb9c09  x6:0x00000000 x23=0xfaeb9c09
     1300295000	     64913	80005fcc	6765	c.lui	x14,0x19	 x14=0x00019000
     1300315000	     64914	80005fce	5b0a7d93	andi	x27,x20,1456	 x20:0x00002a9c x27=0x00000090
     1300335000	     64915	80005fd2	0001	c.addi	x0,0	  x0:0x00000000  x0=0x00000000
     1300355000	     64916	80005fd4	c768cd97	auipc	x27,0xc768c	 x27=0x47691fd4
     1300495000	     64923	80005fd8	d7c48713	addi	x14,x9,-644	  x9:0x000002a0 x14=0x0000001c
     1300515000	     64924	80005fdc	01abf463	bgeu	x23,x26,80005fe4	 x23:0xfaeb9c09 x26:0x80025ce4
     1301775000	     64987	80005fe4	0324bb33	mulhu	x22,x9,x18	  x9:0x000002a0 x18:0xffffffff x22=0x0000029f
     1302115000	     65004	80005fe8	4109d2b3	sra	x5,x19,x16	 x19:0x80021dfc x16:0x80021dfb  x5=0xfffffff0
     1302855000	     65041	80005fec	0273d833	divu	x16,x7,x7	  x7:0xfaeb9c09  x7:0xfaeb9c09 x16=0x00000001
     1302875000	     65042	80005ff0	c3f638b7	lui	x17,0xc3f63	 x17=0xc3f63000
     1302895000	     65043	80005ff4	7ea30797	auipc	x15,0x7ea30	 x15=0xfea35ff4
     1302915000	     65044	80005ff8	c009	c.beqz	x8,80005ffa	  x8:0xffffff80
     1302935000	     65045	80005ffa	6139	c.addi16sp	x2,448	  x2:0x80027678  x2=0x80027838
     1302955000	     65046	80005ffc	8e0d	c.sub	x12,x11	 x12:0x00000000 x11:0x0dffffff x12=0xf2000001
     1303815000	     65089	80005ffe	025cdc33	divu	x24,x25,x5	 x25:0x00000000  x5:0xfffffff0 x24=0x00000000
     1303835000	     65090	80006002	8e01	c.sub	x12,x8	 x12:0xf2000001  x8:0xffffff80 x12=0xf2000081
     1303855000	     65091	80006004	007371b3	and	x3,x6,x7	  x6:0x00000000  x7:0xfaeb9c09  x3=0x00000000
     1303875000	     65092	80006008	01da32b3	sltu	x5,x20,x29	 x20:0x00002a9c x29:0x00000000  x5=0x00000000
     1303895000	     65093	8000600c	02725e63	bge	x4,x7,80006048	  x4:0xe42530c8  x7:0xfaeb9c09
     1303915000	     65094	80006010	00ecdb93	srli	x23,x25,0xe	 x25:0x00000000 x23=0x00000000
     1303955000	     65096	80006014	0201e233	rem	x4,x3,x0	  x3:0x00000000  x0:0x00000000  x4=0x00000000
     1304155000	     65106	80006018	036a6e63	bltu	x20,x22,80006054	 x20:0x00002a9c x22:0x0000029f
     1304175000	     65107	8000601c	61f1	c.lui	x3,0x1c	  x3=0x0001c000
     1304195000	     65108	8000601e	ca147b13	andi	x22,x8,-863	  x8:0xffffff80 x22=0xfffffc80
     1304235000	     65110	80006022	03e81633	mulh	x12,x16,x30	 x16:0x00000001 x30:0x00019001 x12=0x00000000
     1304255000	     65111	80006026	0037a6b3	slt	x13,x15,x3	 x15:0xfea35ff4  x3:0x0001c000 x13=0x00000001
     1304275000	     65112	8000602a	4825	c.li	x16,9	 x16=0x00000009
     1304295000	     65113	8000602c	2ed43013	sltiu	x0,x8,749	  x8:0xffffff80  x0=0x00000000
     1304315000	     65114	80006030	4e766493	ori	x9,x12,1255	 x12:0x00000000  x9=0x000004e7
     1304375000	     65117	80006034	0346	c.slli	x6,0x11	  x6:0x00000000  x6=0x00000000
     1305175000	     65157	80006036	03f7f833	remu	x16,x15,x31	 x15:0xfea35ff4 x31:0x00019000 x16=0x00016ff4
     1305195000	     65158	8000603a	00cb9f63	bne	x23,x12,80006058	 x23:0x00000000 x12:0x00000000
     1305215000	     65159	8000603e	40c5	c.li	x1,17	  x1=0x00000011
     1305235000	     65160	80006040	012842b3	xor	x5,x16,x18	 x16:0x00016ff4 x18:0xffffffff  x5=0xfffe900b
     1305255000	     65161	80006044	0001	c.addi	x0,0	  x0:0x00000000  x0=0x00000000
     1305275000	     65162	80006046	1614	c.addi4spn	x13,x2,800	 x13=0x80027b58
     1306015000	     65199	80006048	03fac133	div	x2,x21,x31	 x21:0x00000000 x31:0x00019000  x2=0x00000000
     1306035000	     65200	8000604c	133cc297	auipc	x5,0x133cc	  x5=0x933d204c
     1306055000	     65201	80006050	8f81	c.sub	x15,x8	 x15:0xfea35ff4  x8:0xffffff80 x15=0xfea36074
     1306075000	     65202	80006052	8e99	c.sub	x13,x14	 x13:0x80027b58 x14:0x0000001c x13=0x80027b3c
     1306095000	     65203	80006054	34e86137	lui	x2,0x34e86	  x2=0x34e86000
     1306115000	     65204	80006058	40d005b3	sub	x11,x0,x13	  x0:0x00000000 x13:0x80027b3c x11=0x7ffd84c4
     1306135000	     65205	8000605c	04cd	c.addi	x9,19	  x9:0x000004e7  x9=0x000004fa
     1306155000	     65206	8000605e	0001	c.addi	x0,0	  x0:0x00000000  x0=0x00000000
     1306175000	     65207	80006060	aa876d93	ori	x27,x14,-1368	 x14:0x0000001c x27=0xfffffabc
     1306235000	     65210	80006064	8319	c.srli	x14,0x6	 x14:0x0000001c x14=0x00000000
     1306255000	     65211	80006066	8fe9	c.and	x15,x10	 x15:0xfea36074 x10:0x00000000 x15=0x00000000
     1306635000	     65230	80006068	03781333	mulh	x6,x16,x23	 x16:0x00016ff4 x23:0x00000000  x6=0x00000000
     1306655000	     65231	8000606c	00aa6733	or	x14,x20,x10	 x20:0x00002a9c x10:0x00000000 x14=0x00002a9c
     1306975000	     65247	80006070	8a91	c.andi	x13,4	 x13:0x80027b3c x13=0x00000004
     1306995000	     65248	80006072	40105fb3	sra	x31,x0,x1	  x0:0x00000000  x1:0x00000011 x31=0x00000000
     1307015000	     65249	80006076	9b7d	c.andi	x14,-1	 x14:0x00002a9c x14=0x00002a9c
     1307035000	     65250	80006078	8c81	c.sub	x9,x8	  x9:0x000004fa  x8:0xffffff80  x9=0x0000057a
     1307055000	     65251	8000607a	0c6e	c.slli	x24,0x1b	 x24:0x00000000 x24=0x00000000
     1307175000	     65257	8000607c	02c70763	beq	x14,x12,800060aa	 x14:0x00002a9c x12:0x00000000
     1307555000	     65276	80006080	4245	c.li	x4,17	  x4=0x00000011
     1307575000	     65277	80006082	8562	c.mv	x10,x24	  x0:0x00000000 x24:0x00000000 x10=0x00000000
     1307815000	     65289	80006084	02274363	blt	x14,x2,800060aa	 x14:0x00002a9c  x2:0x34e86000
     1308955000	     65346	800060aa	01479b33	sll	x22,x15,x20	 x15:0x00000000 x20:0x00002a9c x22=0x00000000
     1309015000	     65349	800060ae	9ca1e213	ori	x4,x3,-1590	  x3:0x0001c000  x4=0xfffff9ca
     1309055000	     65351	800060b2	0269a333	mulhsu	x6,x19,x6	 x19:0x80021dfc  x6:0x00000000  x6=0x00000000
     1309455000	     65371	800060b6	007976b3	and	x13,x18,x7	 x18:0xffffffff  x7:0xfaeb9c09 x13=0xfaeb9c09
     1309475000	     65372	800060ba	85ed	c.srai	x11,0x1b	 x11:0x7ffd84c4 x11=0x0000000f
     1309495000	     65373	800060bc	41dcd513	srai	x10,x25,0x1d	 x25:0x00000000 x10=0x00000000
     1309515000	     65374	800060c0	00ea60b3	or	x1,x20,x14	 x20:0x00002a9c x14:0x00002a9c  x1=0x00002a9c
     1309935000	     65395	800060c4	03f85933	divu	x18,x16,x31	 x16:0x00016ff4 x31:0x00000000 x18=0xffffffff
     1310335000	     65415	800060c8	f258c213	xori	x4,x17,-219	 x17:0xc3f63000  x4=0x3c09cf25
     1310355000	     65416	800060cc	a86f5597	auipc	x11,0xa86f5	 x11=0x286fb0cc
     1310415000	     65419	800060d0	0049ac83	lw	x25,4(x19)	 x19:0x80021dfc x25=0x800062ae PA:0x80021e00 load:0x800062ae
     1310795000	     65438	800060d4	03b587b3	mul	x15,x11,x27	 x11:0x286fb0cc x27:0xfffffabc x15=0x13e10dd0
     1311215000	     65459	800060d8	0001	c.addi	x0,0	  x0:0x00000000  x0=0x00000000
     1311235000	     65460	800060da	8da1	c.xor	x11,x8	 x11:0x286fb0cc  x8:0xffffff80 x11=0xd7904f4c
     1311355000	     65466	800060dc	406ad013	srai	x0,x21,0x6	 x21:0x00000000  x0=0x00000000
     1311375000	     65467	800060e0	188c	c.addi4spn	x11,x2,112	 x11=0x34e86070
     1311395000	     65468	800060e2	09b1	c.addi	x19,12	 x19:0x80021dfc x19=0x80021e08
     1311415000	     65469	800060e4	3b6694b7	lui	x9,0x3b669	  x9=0x3b669000
     1311595000	     65478	800060e8	000c8413	addi	x8,x25,0	 x25:0x800062ae  x8=0x800062ae
     1311615000	     65479	800060ec	8402	c.jr	x8	  x8:0x800062ae
     1312175000	     65507	800062ae	8ea1	c.xor	x13,x8	 x13:0xfaeb9c09  x8:0x800062ae x13=0x7aebfea7
     1312615000	     65529	800062b0	41805b13	srai	x22,x0,0x18	  x0:0x00000000 x22=0x00000000
     1312755000	     65536	800062b4	c405	c.beqz	x8,800062dc	  x8:0x800062ae
     1312795000	     65538	800062b6	0379f233	remu	x4,x19,x23	 x19:0x80021e08 x23:0x00000000  x4=0x80021e08
     1312835000	     65540	800062ba	02f521b3	mulhsu	x3,x10,x15	 x10:0x00000000 x15:0x13e10dd0  x3=0x00000000
     1313055000	     65551	800062be	412b8a33	sub	x20,x23,x18	 x23:0x00000000 x18:0xffffffff x20=0x00000001
     1313215000	     65559	800062c2	011d9463	bne	x27,x17,800062ca	 x27:0xfffffabc x17:0xc3f63000
     1314235000	     65610	800062ca	02876eb3	rem	x29,x14,x8	 x14:0x00002a9c  x8:0x800062ae x29=0x00002a9c
     1314255000	     65611	800062ce	00e8c2b3	xor	x5,x17,x14	 x17:0xc3f63000 x14:0x00002a9c  x5=0xc3f61a9c
     1314275000	     65612	800062d2	01e24863	blt	x4,x30,800062e2	  x4:0x80021e08 x30:0x00019001
     1314715000	     65634	800062e2	017eadb3	slt	x27,x29,x23	 x29:0x00002a9c x23:0x00000000 x27=0x00000000
     1314735000	     65635	800062e6	8f05	c.sub	x14,x9	 x14:0x00002a9c  x9:0x3b669000 x14=0xc4999a9c
     1314755000	     65636	800062e8	8a7d	c.andi	x12,31	 x12:0x00000000 x12=0x00000000
     1314775000	     65637	800062ea	29a5b193	sltiu	x3,x11,666	 x11:0x34e86070  x3=0x00000000
     1315175000	     65657	800062ee	03888933	mul	x18,x17,x24	 x17:0xc3f63000 x24:0x00000000 x18=0x00000000
     1315275000	     65662	800062f2	0000100f	fence.i	
     1316075000	     65702	800062f6	818d	c.srli	x11,0x3	 x11:0x34e86070 x11=0x069d0c0e
     1316095000	     65703	800062f8	9f2a	c.add	x30,x10	 x30:0x00019001 x10:0x00000000 x30=0x00019001
     1316115000	     65704	800062fa	03f88963	beq	x17,x31,8000632c	 x17:0xc3f63000 x31:0x00000000
     1316135000	     65705	800062fe	8165	c.srli	x10,0x19	 x10:0x00000000 x10=0x00000000
     1316155000	     65706	80006300	09784097	auipc	x1,0x9784	  x1=0x8978a300
     1316555000	     65726	80006304	01889013	slli	x0,x17,0x18	 x17:0xc3f63000  x0=0x00000000
     1316755000	     65736	80006308	9432	c.add	x8,x12	  x8:0x800062ae x12:0x00000000  x8=0x800062ae
     1316775000	     65737	8000630a	0f787b93	andi	x23,x16,247	 x16:0x00016ff4 x23=0x000000f4
     1316915000	     65744	8000630e	00092233	slt	x4,x18,x0	 x18:0x00000000  x0:0x00000000  x4=0x00000000
     1317675000	     65782	80006312	03a37533	remu	x10,x6,x26	  x6:0x00000000 x26:0x80025ce4 x10=0x00000000
     1317695000	     65783	80006316	8d75	c.and	x10,x13	 x10:0x00000000 x13:0x7aebfea7 x10=0x00000000
     1317715000	     65784	80006318	03544d63	blt	x8,x21,80006352	  x8:0x800062ae x21:0x00000000
     1317795000	     65788	80006352	0d8a	c.slli	x27,0x2	 x27:0x00000000 x27=0x00000000
     1317875000	     65792	80006354	02675c63	bge	x14,x6,8000638c	 x14:0xc4999a9c  x6:0x00000000
     1317895000	     65793	80006358	e10e6897	auipc	x17,0xe10e6	 x17=0x610ec358
     1318315000	     65814	8000635c	019f3e33	sltu	x28,x30,x25	 x30:0x00019001 x25:0x800062ae x28=0x00000001
     1318575000	     65827	80006360	40a2db33	sra	x22,x5,x10	  x5:0xc3f61a9c x10:0x00000000 x22=0xc3f61a9c
     1318595000	     65828	80006364	85f1	c.srai	x11,0x1c	 x11:0x069d0c0e x11=0x00000000
     1318715000	     65834	80006366	0387dfb3	divu	x31,x15,x24	 x15:0x13e10dd0 x24:0x00000000 x31=0xffffffff
     1318735000	     65835	8000636a	34eca013	slti	x0,x25,846	 x25:0x800062ae  x0=0x00000000
     1318855000	     65841	8000636e	039a3c33	mulhu	x24,x20,x25	 x20:0x00000001 x25:0x800062ae x24=0x00000000
     1319255000	     65861	80006372	cbf43293	sltiu	x5,x8,-833	  x8:0x800062ae  x5=0x00000001
     1319335000	     65865	80006376	00df1663	bne	x30,x13,80006382	 x30:0x00019001 x13:0x7aebfea7
     1320055000	     65901	80006382	030395b3	mulh	x11,x7,x16	  x7:0xfaeb9c09 x16:0x00016ff4 x11=0xfffff8b2
     1320075000	     65902	80006386	6129	c.addi16sp	x2,192	  x2:0x34e86000  x2=0x34e860c0
     1320155000	     65906	80006388	0ff0000f	fence	iorw,iorw	
     1320195000	     65908	8000638c	03682eb3	mulhsu	x29,x16,x22	 x16:0x00016ff4 x22:0xc3f61a9c x29=0x000119a8
     1320235000	     65910	80006390	0345a633	mulhsu	x12,x11,x20	 x11:0xfffff8b2 x20:0x00000001 x12=0xffffffff
     1320255000	     65911	80006394	811e	c.mv	x2,x7	  x0:0x00000000  x7:0xfaeb9c09  x2=0xfaeb9c09
     1320675000	     65932	80006396	03bb2f33	mulhsu	x30,x22,x27	 x22:0xc3f61a9c x27:0x00000000 x30=0x00000000
     1320695000	     65933	8000639a	8b8d	c.andi	x15,3	 x15:0x13e10dd0 x15=0x00000000
     1321075000	     65952	8000639c	86ad	c.srai	x13,0xb	 x13:0x7aebfea7 x13=0x000f5d7f
     1321095000	     65953	8000639e	8e0d	c.sub	x12,x11	 x12:0xffffffff x11:0xfffff8b2 x12=0x0000074d
     1321115000	     65954	800063a0	8e99	c.sub	x13,x14	 x13:0x000f5d7f x14:0xc4999a9c x13=0x3b75c2e3
     1321135000	     65955	800063a2	8cb9	c.xor	x9,x14	  x9:0x3b669000 x14:0xc4999a9c  x9=0xffff0a9c
     1321155000	     65956	800063a4	0606	c.slli	x12,0x1	 x12:0x0000074d x12=0x00000e9a
     1321175000	     65957	800063a6	012a5433	srl	x8,x20,x18	 x20:0x00000001 x18:0x00000000  x8=0x00000001
     1321195000	     65958	800063aa	00627563	bgeu	x4,x6,800063b4	  x4:0x00000000  x6:0x00000000
     1321715000	     65984	800063b4	717d	c.addi16sp	x2,-16	  x2:0xfaeb9c09  x2=0xfaeb9bf9
     1321735000	     65985	800063b6	8e31	c.xor	x12,x12	 x12:0x00000e9a x12:0x00000e9a x12=0x00000000
     1321955000	     65996	800063b8	005b5263	bge	x22,x5,800063bc	 x22:0xc3f61a9c  x5:0x00000001
     1322015000	     65999	800063bc	02f60c33	mul	x24,x12,x15	 x12:0x00000000 x15:0x00000000 x24=0x00000000
     1322035000	     66000	800063c0	f714e593	ori	x11,x9,-143	  x9:0xffff0a9c x11=0xfffffffd
     1322175000	     66007	800063c4	0000100f	fence.i	
     1323235000	     66060	800063c8	03670a63	beq	x14,x22,800063fc	 x14:0xc4999a9c x22:0xc3f61a9c
     1323435000	     66070	800063cc	6139	c.addi16sp	x2,448	  x2:0xfaeb9bf9  x2=0xfaeb9db9
     1323455000	     66071	800063ce	c61d	c.beqz	x12,800063fc	 x12:0x00000000
     1323875000	     66092	800063fc	8241	c.srli	x12,0x10	 x12:0x00000000 x12=0x00000000
     1323895000	     66093	800063fe	8e35	c.xor	x12,x13	 x12:0x00000000 x13:0x3b75c2e3 x12=0x3b75c2e3
     1323915000	     66094	80006400	004d1593	slli	x11,x26,0x4	 x26:0x80025ce4 x11=0x0025ce40
     1323935000	     66095	80006404	8559	c.srai	x10,0x16	 x10:0x00000000 x10=0x00000000
     1323955000	     66096	80006406	717d	c.addi16sp	x2,-16	  x2:0xfaeb9db9  x2=0xfaeb9da9
     1323975000	     66097	80006408	0f75	c.addi	x30,29	 x30:0x00000000 x30=0x0000001d
     1324355000	     66116	8000640a	00975213	srli	x4,x14,0x9	 x14:0xc4999a9c  x4=0x00624ccd
     1324375000	     66117	8000640e	0107f7b3	and	x15,x15,x16	 x15:0x00000000 x16:0x00016ff4 x15=0x00000000
     1324615000	     66129	80006412	a576fa13	andi	x20,x13,-1449	 x13:0x3b75c2e3 x20=0x3b75c243
     1324795000	     66138	80006416	01db6fb3	or	x31,x22,x29	 x22:0xc3f61a9c x29:0x000119a8 x31=0xc3f71bbc
     1324815000	     66139	8000641a	9bfd	c.andi	x15,-1	 x15:0x00000000 x15=0x00000000
     1324835000	     66140	8000641c	8085	c.srli	x9,0x1	  x9:0xffff0a9c  x9=0x7fff854e
     1327215000	     66259	8000641e	00266a63	bltu	x12,x2,80006432	 x12:0x3b75c2e3  x2:0xfaeb9da9
     1327495000	     66273	80006432	98fd	c.andi	x9,-1	  x9:0x7fff854e  x9=0x7fff854e
     1327655000	     66281	80006434	87ea	c.mv	x15,x26	  x0:0x00000000 x26:0x80025ce4 x15=0x80025ce4
     1327895000	     66293	80006436	01d46833	or	x16,x8,x29	  x8:0x00000001 x29:0x000119a8 x16=0x000119a9
     1327915000	     66294	8000643a	009c58b3	srl	x17,x24,x9	 x24:0x00000000  x9:0x7fff854e x17=0x00000000
     1328655000	     66331	8000643e	03eac7b3	div	x15,x21,x30	 x21:0x00000000 x30:0x0000001d x15=0x00000000
     1328675000	     66332	80006442	8e1d	c.sub	x12,x15	 x12:0x3b75c2e3 x15:0x00000000 x12=0x3b75c2e3
     1328695000	     66333	80006444	010d67b3	or	x15,x26,x16	 x26:0x80025ce4 x16:0x000119a9 x15=0x80035ded
     1328715000	     66334	80006448	5f7d	c.li	x30,-1	 x30=0xffffffff
     1328815000	     66339	8000644a	0347adb3	mulhsu	x27,x15,x20	 x15:0x80035ded x20:0x3b75c243 x27=0xe245e710
     1328855000	     66341	8000644e	03041033	mulh	x0,x8,x16	  x8:0x00000001 x16:0x000119a9  x0=0x00000000
     1328875000	     66342	80006452	92ee	c.add	x5,x27	  x5:0x00000001 x27:0xe245e710  x5=0xe245e711
     1328895000	     66343	80006454	a64c7c93	andi	x25,x24,-1436	 x24:0x00000000 x25=0x00000000
     1329735000	     66385	80006458	03b2f5b3	remu	x11,x5,x27	  x5:0xe245e711 x27:0xe245e710 x11=0x00000001
     1329755000	     66386	8000645c	011137b3	sltu	x15,x2,x17	  x2:0xfaeb9da9 x17:0x00000000 x15=0x00000000
     1329795000	     66388	80006460	024c96b3	mulh	x13,x25,x4	 x25:0x00000000  x4:0x00624ccd x13=0x00000000
     1330075000	     66402	80006464	41d5d093	srai	x1,x11,0x1d	 x11:0x00000001  x1=0x00000000
     1330255000	     66411	80006468	001d4733	xor	x14,x26,x1	 x26:0x80025ce4  x1:0x00000000 x14=0x80025ce4
     1330595000	     66428	8000646c	84b5	c.srai	x9,0xd	  x9:0x7fff854e  x9=0x0003fffc
     1330695000	     66433	8000646e	03ac1733	mulh	x14,x24,x26	 x24:0x00000000 x26:0x80025ce4 x14=0x00000000
     1330875000	     66442	80006472	00dd5813	srli	x16,x26,0xd	 x26:0x80025ce4 x16=0x00040012
     1330895000	     66443	80006476	003ec333	xor	x6,x29,x3	 x29:0x000119a8  x3:0x00000000  x6=0x000119a8
     1330915000	     66444	8000647a	615d	c.addi16sp	x2,432	  x2:0xfaeb9da9  x2=0xfaeb9f59
     1331315000	     66464	8000647c	8aa2	c.mv	x21,x8	  x0:0x00000000  x8:0x00000001 x21=0x00000001
     1331335000	     66465	8000647e	6bb5	c.lui	x23,0xd	 x23=0x0000d000
     1331735000	     66485	80006480	000e2633	slt	x12,x28,x0	 x28:0x00000001  x0:0x00000000 x12=0x00000000
     1331755000	     66486	80006484	8f71	c.and	x14,x12	 x14:0x00000000 x12:0x00000000 x14=0x00000000
     1331775000	     66487	80006486	01cd15b3	sll	x11,x26,x28	 x26:0x80025ce4 x28:0x00000001 x11=0x0004b9c8
     1332035000	     66500	8000648a	01a541b3	xor	x3,x10,x26	 x10:0x00000000 x26:0x80025ce4  x3=0x80025ce4
     1332055000	     66501	8000648e	67d9	c.lui	x15,0x16	 x15=0x00016000
     1332075000	     66502	80006490	01361233	sll	x4,x12,x19	 x12:0x00000000 x19:0x80021e08  x4=0x00000000
     1332375000	     66517	80006494	b324ba17	auipc	x20,0xb324b	 x20=0x33251494
     1332395000	     66518	80006498	41b0dbb3	sra	x23,x1,x27	  x1:0x00000000 x27:0xe245e710 x23=0x00000000
     1332415000	     66519	8000649c	0001	c.addi	x0,0	  x0:0x00000000  x0=0x00000000
     1332595000	     66528	8000649e	0077c663	blt	x15,x7,800064aa	 x15:0x00016000  x7:0xfaeb9c09
     1332615000	     66529	800064a2	0097ebb3	or	x23,x15,x9	 x15:0x00016000  x9:0x0003fffc x23=0x0003fffc
     1332635000	     66530	800064a6	8eb9	c.xor	x13,x14	 x13:0x00000000 x14:0x00000000 x13=0x00000000
     1332655000	     66531	800064a8	863d	c.srai	x12,0xf	 x12:0x00000000 x12=0x00000000
     1332675000	     66532	800064aa	46fd	c.li	x13,31	 x13=0x0000001f
     1332735000	     66535	800064ac	41ef0133	sub	x2,x30,x30	 x30:0xffffffff x30:0xffffffff  x2=0x00000000
     1332755000	     66536	800064b0	99376197	auipc	x3,0x99376	  x3=0x1937c4b0
     1332775000	     66537	800064b4	0144da13	srli	x20,x9,0x14	  x9:0x0003fffc x20=0x00000000
     1333895000	     66593	800064b8	0285e933	rem	x18,x11,x8	 x11:0x0004b9c8  x8:0x00000001 x18=0x00000000
     1333915000	     66594	800064bc	01162b33	slt	x22,x12,x17	 x12:0x00000000 x17:0x00000000 x22=0x00000000
     1333935000	     66595	800064c0	40d85c93	srai	x25,x16,0xd	 x16:0x00040012 x25=0x00000020
     1333955000	     66596	800064c4	01d1b5b3	sltu	x11,x3,x29	  x3:0x1937c4b0 x29:0x000119a8 x11=0x00000000
     1333975000	     66597	800064c8	81e1	c.srli	x11,0x18	 x11:0x00000000 x11=0x00000000
     1334015000	     66599	800064ca	032f6e33	rem	x28,x30,x18	 x30:0xffffffff x18:0x00000000 x28=0xffffffff
     1334035000	     66600	800064ce	0001	c.addi	x0,0	  x0:0x00000000  x0=0x00000000
     1334055000	     66601	800064d0	00a68ab3	add	x21,x13,x10	 x13:0x0000001f x10:0x00000000 x21=0x0000001f
     1334075000	     66602	800064d4	8a6d	c.andi	x12,27	 x12:0x00000000 x12=0x00000000
     1334375000	     66617	800064d6	0241e033	rem	x0,x3,x4	  x3:0x1937c4b0  x4:0x00000000  x0=0x00000000
     1334395000	     66618	800064da	1bfd	c.addi	x23,-1	 x23:0x0003fffc x23=0x0003fffb
     1334515000	     66624	800064dc	eaaa6493	ori	x9,x20,-342	 x20:0x00000000  x9=0xfffffeaa
     1334535000	     66625	800064e0	98fd	c.andi	x9,-1	  x9:0xfffffeaa  x9=0xfffffeaa
     1334555000	     66626	800064e2	c209	c.beqz	x12,800064e4	 x12:0x00000000
     1335655000	     66681	800064e4	021d9eb3	mulh	x29,x27,x1	 x27:0xe245e710  x1:0x00000000 x29=0x00000000
     1336115000	     66704	800064e8	0dc88793	addi	x15,x17,220	 x17:0x00000000 x15=0x000000dc
     1336535000	     66725	800064ec	01a8de93	srli	x29,x17,0x1a	 x17:0x00000000 x29=0x00000000
     1336555000	     66726	800064f0	4ef9	c.li	x29,30	 x29=0x0000001e
     1336755000	     66736	800064f2	0000100f	fence.i	
     1336935000	     66745	800064f6	561bc093	xori	x1,x23,1377	 x23:0x0003fffb  x1=0x0003fa9a
     1336955000	     66746	800064fa	0171d513	srli	x10,x3,0x17	  x3:0x1937c4b0 x10=0x00000032
     1336975000	     66747	800064fe	01985133	srl	x2,x16,x25	 x16:0x00040012 x25:0x00000020  x2=0x00040012
     1336995000	     66748	80006502	00dfd413	srli	x8,x31,0xd	 x31:0xc3f71bbc  x8=0x00061fb8
     1337015000	     66749	80006506	8e71	c.and	x12,x12	 x12:0x00000000 x12:0x00000000 x12=0x00000000
     1337035000	     66750	80006508	8ce9	c.and	x9,x10	  x9:0xfffffeaa x10:0x00000032  x9=0x00000022
     1337055000	     66751	8000650a	af25c313	xori	x6,x11,-1294	 x11:0x00000000  x6=0xfffffaf2
     1337075000	     66752	8000650e	41ef84b3	sub	x9,x31,x30	 x31:0xc3f71bbc x30:0xffffffff  x9=0xc3f71bbd
     1337095000	     66753	80006512	0001	c.addi	x0,0	  x0:0x00000000  x0=0x00000000
     1337115000	     66754	80006514	05ce	c.slli	x11,0x13	 x11:0x00000000 x11=0x00000000
     1337135000	     66755	80006516	009bcdb3	xor	x27,x23,x9	 x23:0x0003fffb  x9:0xc3f71bbd x27=0xc3f4e446
     1337155000	     66756	8000651a	6f95	c.lui	x31,0x5	 x31=0x00005000
     1337175000	     66757	8000651c	0160a7b3	slt	x15,x1,x22	  x1:0x0003fa9a x22:0x00000000 x15=0x00000000
     1337475000	     66772	80006520	02246363	bltu	x8,x2,80006546	  x8:0x00061fb8  x2:0x00040012
     1337495000	     66773	80006524	40375613	srai	x12,x14,0x3	 x14:0x00000000 x12=0x00000000
     1337515000	     66774	80006528	003b18b3	sll	x17,x22,x3	 x22:0x00000000  x3:0x1937c4b0 x17=0x00000000
     1337535000	     66775	8000652c	8c1a	c.mv	x24,x6	  x0:0x00000000  x6:0xfffffaf2 x24=0xfffffaf2
     1337555000	     66776	8000652e	88a1	c.andi	x9,8	  x9:0xc3f71bbd  x9=0x00000008
     1337575000	     66777	80006530	011502b3	add	x5,x10,x17	 x10:0x00000032 x17:0x00000000  x5=0x00000032
     1337595000	     66778	80006534	e399	c.bnez	x15,8000653a	 x15:0x00000000
     1337815000	     66789	80006536	02121533	mulh	x10,x4,x1	  x4:0x00000000  x1:0x0003fa9a x10=0x00000000
     1337995000	     66798	8000653a	5c282d93	slti	x27,x16,1474	 x16:0x00040012 x27=0x00000000
     1338015000	     66799	8000653e	cb09	c.beqz	x14,80006550	 x14:0x00000000
     1338755000	     66836	80006550	8c807213	andi	x4,x0,-1848	  x0:0x00000000  x4=0x00000000
     1338875000	     66842	80006554	0001	c.addi	x0,0	  x0:0x00000000  x0=0x00000000
     1339135000	     66855	80006556	0057b633	sltu	x12,x15,x5	 x15:0x00000000  x5:0x00000032 x12=0x00000001
     1339155000	     66856	8000655a	8cf9	c.and	x9,x14	  x9:0x00000008 x14:0x00000000  x9=0x00000000
     1339335000	     66865	8000655c	012dd913	srli	x18,x27,0x12	 x27:0x00000000 x18=0x00000000
     1339355000	     66866	80006560	9abe	c.add	x21,x15	 x21:0x0000001f x15:0x00000000 x21=0x0000001f
     1339375000	     66867	80006562	01299b33	sll	x22,x19,x18	 x19:0x80021e08 x18:0x00000000 x22=0x80021e08
     1339415000	     66869	80006566	0340aeb3	mulhsu	x29,x1,x20	  x1:0x0003fa9a x20:0x00000000 x29=0x00000000
     1339435000	     66870	8000656a	4589	c.li	x11,2	 x11=0x00000002
     1339815000	     66889	8000656c	4169d1b3	sra	x3,x19,x22	 x19:0x80021e08 x22:0x80021e08  x3=0xff80021e
     1339875000	     66892	80006570	f2232193	slti	x3,x6,-222	  x6:0xfffffaf2  x3=0x00000001
     1339935000	     66895	80006574	4ba1	c.li	x23,8	 x23=0x00000008
     1339955000	     66896	80006576	038c7463	bgeu	x24,x24,8000659e	 x24:0xfffffaf2 x24:0xfffffaf2
     1340255000	     66911	8000659e	9283c193	xori	x3,x7,-1752	  x7:0xfaeb9c09  x3=0x05146521
     1340275000	     66912	800065a2	01cc5d93	srli	x27,x24,0x1c	 x24:0xfffffaf2 x27=0x0000000f
     1340295000	     66913	800065a6	6475	c.lui	x8,0x1d	  x8=0x0001d000
     1340315000	     66914	800065a8	0000100f	fence.i	
     1340635000	     66930	800065ac	d71cb017	auipc	x0,0xd71cb	  x0=0x00000000
     1340815000	     66939	800065b0	00758533	add	x10,x11,x7	 x11:0x00000002  x7:0xfaeb9c09 x10=0xfaeb9c0b
     1340835000	     66940	800065b4	01809663	bne	x1,x24,800065c0	  x1:0x0003fa9a x24:0xfffffaf2
     1341055000	     66951	800065c0	01ffb333	sltu	x6,x31,x31	 x31:0x00005000 x31:0x00005000  x6=0x00000000
     1341475000	     66972	800065c4	40e2da13	srai	x20,x5,0xe	  x5:0x00000032 x20=0x00000000
     1341895000	     66993	800065c8	0001	c.addi	x0,0	  x0:0x00000000  x0=0x00000000
     1341915000	     66994	800065ca	4165d913	srai	x18,x11,0x16	 x11:0x00000002 x18=0x00000000
     1341935000	     66995	800065ce	50fd	c.li	x1,-1	  x1=0xffffffff
     1342115000	     67004	800065d0	0a80	c.addi4spn	x8,x2,336	  x8=0x00040162
     1342415000	     67019	800065d2	00c19f33	sll	x30,x3,x12	  x3:0x05146521 x12:0x00000001 x30=0x0a28ca42
     1342435000	     67020	800065d6	c899	c.beqz	x9,800065ec	  x9:0x00000000
     1342655000	     67031	800065ec	61f1	c.lui	x3,0x1c	  x3=0x0001c000
     1342675000	     67032	800065ee	8f19	c.sub	x14,x14	 x14:0x00000000 x14:0x00000000 x14=0x00000000
     1342815000	     67039	800065f0	8f41	c.or	x14,x8	 x14:0x00000000  x8:0x00040162 x14=0x00040162
     1342835000	     67040	800065f2	8ec2	c.mv	x29,x16	  x0:0x00000000 x16:0x00040012 x29=0x00040012
     1342855000	     67041	800065f4	8011	c.srli	x8,0x4	  x8:0x00040162  x8=0x00004016
     1342875000	     67042	800065f6	8546	c.mv	x10,x17	  x0:0x00000000 x17:0x00000000 x10=0x00000000
     1342895000	     67043	800065f8	ffc5b713	sltiu	x14,x11,-4	 x11:0x00000002 x14=0x00000001
     1343275000	     67062	800065fc	027b7c63	bgeu	x22,x7,80006634	 x22:0x80021e08  x7:0xfaeb9c09
     1343695000	     67083	80006600	016ffab3	and	x21,x31,x22	 x31:0x00005000 x22:0x80021e08 x21=0x00001000
     1343715000	     67084	80006604	03568733	mul	x14,x13,x21	 x13:0x0000001f x21:0x00001000 x14=0x0001f000
     1343955000	     67096	80006608	01988263	beq	x17,x25,8000660c	 x17:0x00000000 x25:0x00000020
     1343995000	     67098	8000660c	020f7333	remu	x6,x30,x0	 x30:0x0a28ca42  x0:0x00000000  x6=0x0a28ca42
     1344015000	     67099	80006610	01420fb3	add	x31,x4,x20	  x4:0x00000000 x20:0x00000000 x31=0x00000000
     1344035000	     67100	80006614	8cd1	c.or	x9,x12	  x9:0x00000000 x12:0x00000001  x9=0x00000001
     1344055000	     67101	80006616	81ce	c.mv	x3,x19	  x0:0x00000000 x19:0x80021e08  x3=0x80021e08
     1344835000	     67140	80006618	0372f6b3	remu	x13,x5,x23	  x5:0x00000032 x23:0x00000008 x13=0x00000002
     1344855000	     67141	8000661c	00e97033	and	x0,x18,x14	 x18:0x00000000 x14:0x0001f000  x0=0x00000000
     1344875000	     67142	80006620	00458933	add	x18,x11,x4	 x11:0x00000002  x4:0x00000000 x18=0x00000002
     1344895000	     67143	80006624	00337663	bgeu	x6,x3,80006630	  x6:0x0a28ca42  x3:0x80021e08
     1344915000	     67144	80006628	e319	c.bnez	x14,8000662e	 x14:0x0001f000
     1345375000	     67167	8000662e	8d15	c.sub	x10,x13	 x10:0x00000000 x13:0x00000002 x10=0xfffffffe
     1345435000	     67170	80006630	0000100f	fence.i	
     1346435000	     67220	80006634	01875433	srl	x8,x14,x24	 x14:0x0001f000 x24:0xfffffaf2  x8=0x00000000
     1346555000	     67226	80006638	137d	c.addi	x6,-1	  x6:0x0a28ca42  x6=0x0a28ca41
     1346575000	     67227	8000663a	8d91	c.sub	x11,x12	 x11:0x00000002 x12:0x00000001 x11=0x00000001
     1346595000	     67228	8000663c	03628b33	mul	x22,x5,x22	  x5:0x00000032 x22:0x80021e08 x22=0x0069dd90
     1346995000	     67248	80006640	3b73b6b7	lui	x13,0x3b73b	 x13=0x3b73b000
     1347015000	     67249	80006644	00508763	beq	x1,x5,80006652	  x1:0xffffffff  x5:0x00000032
     1347435000	     67270	80006648	053d1363	bne	x26,x19,8000668e	 x26:0x80025ce4 x19:0x80021e08
     1348075000	     67302	8000668e	99c9e717	auipc	x14,0x99c9e	 x14=0x19ca468e
     1348095000	     67303	80006692	00b8e463	bltu	x17,x11,8000669a	 x17:0x00000000 x11:0x00000001
     1349055000	     67351	8000669a	03a7c533	div	x10,x15,x26	 x15:0x00000000 x26:0x80025ce4 x10=0x00000000
     1349075000	     67352	8000669e	0001	c.addi	x0,0	  x0:0x00000000  x0=0x00000000
     1349095000	     67353	800066a0	8e89	c.sub	x13,x10	 x13:0x3b73b000 x10:0x00000000 x13=0x3b73b000
     1349115000	     67354	800066a2	0001	c.addi	x0,0	  x0:0x00000000  x0=0x00000000
     1349135000	     67355	800066a4	01ea1933	sll	x18,x20,x30	 x20:0x00000000 x30:0x0a28ca42 x18=0x00000000
     1349175000	     67357	800066a8	03f16933	rem	x18,x2,x31	  x2:0x00040012 x31:0x00000000 x18=0x00040012
     1349195000	     67358	800066ac	002907b3	add	x15,x18,x2	 x18:0x00040012  x2:0x00040012 x15=0x00080024
     1349215000	     67359	800066b0	01025213	srli	x4,x4,0x10	  x4:0x00000000  x4=0x00000000
     1349235000	     67360	800066b4	02be7d63	bgeu	x28,x11,800066ee	 x28:0xffffffff x11:0x00000001
     1349835000	     67390	800066ee	00651313	slli	x6,x10,0x6	 x10:0x00000000  x6=0x00000000
     1349855000	     67391	800066f2	00a58833	add	x16,x11,x10	 x11:0x00000001 x10:0x00000000 x16=0x00000001
     1349875000	     67392	800066f6	8d9d	c.sub	x11,x15	 x11:0x00000001 x15:0x00080024 x11=0xfff7ffdd
     1349895000	     67393	800066f8	493d	c.li	x18,15	 x18=0x0000000f
     1350755000	     67436	800066fa	02bfe633	rem	x12,x31,x11	 x31:0x00000000 x11:0xfff7ffdd x12=0x00000000
     1350775000	     67437	800066fe	02f885b3	mul	x11,x17,x15	 x17:0x00000000 x15:0x00080024 x11=0x00000000
     1350795000	     67438	80006702	ee09	c.bnez	x12,8000671c	 x12:0x00000000
     1350815000	     67439	80006704	00b25333	srl	x6,x4,x11	  x4:0x00000000 x11:0x00000000  x6=0x00000000
     1350835000	     67440	80006708	002d9f13	slli	x30,x27,0x2	 x27:0x0000000f x30=0x0000003c
     1350855000	     67441	8000670c	c319	c.beqz	x14,80006712	 x14:0x19ca468e
     1350875000	     67442	8000670e	020e6263	bltu	x28,x0,80006732	 x28:0xffffffff  x0:0x00000000
     1350895000	     67443	80006712	8f59	c.or	x14,x14	 x14:0x19ca468e x14:0x19ca468e x14=0x19ca468e
     1350935000	     67445	80006714	02113833	mulhu	x16,x2,x1	  x2:0x00040012  x1:0xffffffff x16=0x00040011
     1350975000	     67447	80006718	01630ab3	add	x21,x6,x22	  x6:0x00000000 x22:0x0069dd90 x21=0x0069dd90
     1351095000	     67453	8000671c	b96ce637	lui	x12,0xb96ce	 x12=0xb96ce000
     1351135000	     67455	80006720	087a	c.slli	x16,0x1e	 x16:0x00040011 x16=0x40000000
     1351555000	     67476	80006722	05987163	bgeu	x16,x25,80006764	 x16:0x40000000 x25:0x00000020
     1352015000	     67499	80006764	014b0033	add	x0,x22,x20	 x22:0x0069dd90 x20:0x00000000  x0=0x00000000
     1352255000	     67511	80006768	41c587b3	sub	x15,x11,x28	 x11:0x00000000 x28:0xffffffff x15=0x00000001
     1352275000	     67512	8000676c	00fbc663	blt	x23,x15,80006778	 x23:0x00000008 x15:0x00000001
     1352455000	     67521	80006770	c705	c.beqz	x14,80006798	 x14:0x19ca468e
     1352475000	     67522	80006772	e53a3893	sltiu	x17,x20,-429	 x20:0x00000000 x17=0x00000001
     1352495000	     67523	80006776	717d	c.addi16sp	x2,-16	  x2:0x00040012  x2=0x00040002
     1352895000	     67543	80006778	0ff0000f	fence	iorw,iorw	
     1352935000	     67545	8000677c	b91448b7	lui	x17,0xb9144	 x17=0xb9144000
     1353035000	     67550	80006780	03bb8633	mul	x12,x23,x27	 x23:0x00000008 x27:0x0000000f x12=0x00000078
     1353055000	     67551	80006784	41dd05b3	sub	x11,x26,x29	 x26:0x80025ce4 x29:0x00040012 x11=0x7ffe5cd2
     1353075000	     67552	80006788	6121	c.addi16sp	x2,64	  x2:0x00040002  x2=0x00040042
     1353095000	     67553	8000678a	0001	c.addi	x0,0	  x0:0x00000000  x0=0x00000000
     1353115000	     67554	8000678c	00f38a63	beq	x7,x15,800067a0	  x7:0xfaeb9c09 x15:0x00000001
     1357195000	     67758	80006790	018a6463	bltu	x20,x24,80006798	 x20:0x00000000 x24:0xfffffaf2
     1357235000	     67760	80006798	00963733	sltu	x14,x12,x9	 x12:0x00000078  x9:0x00000001 x14=0x00000000
     1357255000	     67761	8000679c	0001	c.addi	x0,0	  x0:0x00000000  x0=0x00000000
     1357275000	     67762	8000679e	8e51	c.or	x12,x12	 x12:0x00000078 x12:0x00000078 x12=0x00000078
     1357295000	     67763	800067a0	e481	c.bnez	x9,800067a8	  x9:0x00000001
     1357335000	     67765	800067a8	6a0a5f37	lui	x30,0x6a0a5	 x30=0x6a0a5000
     1357755000	     67786	800067ac	017c5213	srli	x4,x24,0x17	 x24:0xfffffaf2  x4=0x000001ff
     1358135000	     67805	800067b0	860d	c.srai	x12,0x3	 x12:0x00000078 x12=0x0000000f
     1358155000	     67806	800067b2	0000100f	fence.i	
     1358635000	     67830	800067b6	167d	c.addi	x12,-1	 x12:0x0000000f x12=0x0000000e
     1358655000	     67831	800067b8	ed81	c.bnez	x11,800067d0	 x11:0x7ffe5cd2
     1358815000	     67839	800067d0	02a65733	divu	x14,x12,x10	 x12:0x0000000e x10:0x00000000 x14=0xffffffff
     1358855000	     67841	800067d4	03640363	beq	x8,x22,800067fa	  x8:0x00000000 x22:0x0069dd90
     1359075000	     67852	800067d8	8fa5	c.xor	x15,x9	 x15:0x00000001  x9:0x00000001 x15=0x00000000
     1359095000	     67853	800067da	8e0d	c.sub	x12,x11	 x12:0x0000000e x11:0x7ffe5cd2 x12=0x8001a33c
     1359135000	     67855	800067dc	02973733	mulhu	x14,x14,x9	 x14:0xffffffff  x9:0x00000001 x14=0x00000000
     1359175000	     67857	800067e0	0336a733	mulhsu	x14,x13,x19	 x13:0x3b73b000 x19:0x80021e08 x14=0x1dba55e0
     1359195000	     67858	800067e4	8cd5	c.or	x9,x13	  x9:0x00000001 x13:0x3b73b000  x9=0x3b73b001
     1359215000	     67859	800067e6	8fc5	c.or	x15,x9	 x15:0x00000000  x9:0x3b73b001 x15=0x3b73b001
     1359235000	     67860	800067e8	4072de13	srai	x28,x5,0x7	  x5:0x00000032 x28=0x00000000
     1359575000	     67877	800067ec	1dbba693	slti	x13,x23,475	 x23:0x00000008 x13=0x00000001
     1359995000	     67898	800067f0	8d25	c.xor	x10,x9	 x10:0x00000000  x9:0x3b73b001 x10=0x3b73b001
     1360055000	     67901	800067f2	014302b3	add	x5,x6,x20	  x6:0x00000000 x20:0x00000000  x5=0x00000000
     1360475000	     67922	800067f6	002d54b3	srl	x9,x26,x2	 x26:0x80025ce4  x2:0x00040042  x9=0x20009739
     1360515000	     67924	800067fa	020a3bb3	mulhu	x23,x20,x0	 x20:0x00000000  x0:0x00000000 x23=0x00000000
     1360535000	     67925	800067fe	e891	c.bnez	x9,80006812	  x9:0x20009739
     1361535000	     67975	80006812	4008d293	srai	x5,x17,0x0	 x17:0xb9144000  x5=0xb9144000
     1361555000	     67976	80006816	8705	c.srai	x14,0x1	 x14:0x1dba55e0 x14=0x0edd2af0
     1361575000	     67977	80006818	017794b3	sll	x9,x15,x23	 x15:0x3b73b001 x23:0x00000000  x9=0x3b73b001
     1361915000	     67994	8000681c	01c82cb3	slt	x25,x16,x28	 x16:0x40000000 x28:0x00000000 x25=0x00000000
     1362735000	     68035	80006820	03eb52b3	divu	x5,x22,x30	 x22:0x0069dd90 x30:0x6a0a5000  x5=0x00000000
     1362755000	     68036	80006824	00a6eb63	bltu	x13,x10,8000683a	 x13:0x00000001 x10:0x3b73b001
     1363655000	     68081	8000683a	a00eaa37	lui	x20,0xa00ea	 x20=0xa00ea000
     1363775000	     68087	8000683e	036a3433	mulhu	x8,x20,x22	 x20:0xa00ea000 x22:0x0069dd90  x8=0x00423086
     1364515000	     68124	80006842	0310da33	divu	x20,x1,x17	  x1:0xffffffff x17:0xb9144000 x20=0x00000001
     1364535000	     68125	80006846	0002ac33	slt	x24,x5,x0	  x5:0x00000000  x0:0x00000000 x24=0x00000000
     1364575000	     68127	8000684a	03ca5933	divu	x18,x20,x28	 x20:0x00000001 x28:0x00000000 x18=0xffffffff
     1364595000	     68128	8000684e	033af663	bgeu	x21,x19,8000687a	 x21:0x0069dd90 x19:0x80021e08
     1364615000	     68129	80006852	9bde	c.add	x23,x23	 x23:0x00000000 x23:0x00000000 x23=0x00000000
     1364635000	     68130	80006854	01062533	slt	x10,x12,x16	 x12:0x8001a33c x16:0x40000000 x10=0x00000001
     1364655000	     68131	80006858	6319	c.lui	x6,0x6	  x6=0x00006000
     1364675000	     68132	8000685a	0264fd63	bgeu	x9,x6,80006894	  x9:0x3b73b001  x6:0x00006000
     1364995000	     68148	80006894	ff982b93	slti	x23,x16,-7	 x16:0x40000000 x23=0x00000000
     1365415000	     68169	80006898	8275	c.srli	x12,0x1d	 x12:0x8001a33c x12=0x00000004
     1365435000	     68170	8000689a	358b1db7	lui	x27,0x358b1	 x27=0x358b1000
     1365455000	     68171	8000689e	913a	c.add	x2,x14	  x2:0x00040042 x14:0x0edd2af0  x2=0x0ee12b32
     1365495000	     68173	800068a0	02f9b033	mulhu	x0,x19,x15	 x19:0x80021e08 x15:0x3b73b001  x0=0x00000000
     1365835000	     68190	800068a4	0335fb63	bgeu	x11,x19,800068da	 x11:0x7ffe5cd2 x19:0x80021e08
     1366575000	     68227	800068a8	02e0c2b3	div	x5,x1,x14	  x1:0xffffffff x14:0x0edd2af0  x5=0x00000000
     1366595000	     68228	800068ac	67fd	c.lui	x15,0x1f	 x15=0x0001f000
     1366615000	     68229	800068ae	02cb8f33	mul	x30,x23,x12	 x23:0x00000000 x12:0x00000004 x30=0x00000000
     1366715000	     68234	800068b2	0000100f	fence.i	
     1367035000	     68250	800068b6	16d43c93	sltiu	x25,x8,365	  x8:0x00423086 x25=0x00000000
     1367095000	     68253	800068ba	03c69933	mulh	x18,x13,x28	 x13:0x00000001 x28:0x00000000 x18=0x00000000
     1367835000	     68290	800068be	0289db33	divu	x22,x19,x8	 x19:0x80021e08  x8:0x00423086 x22=0x000001ef
     1367855000	     68291	800068c2	40cbdbb3	sra	x23,x23,x12	 x23:0x00000000 x12:0x00000004 x23=0x00000000
     1367895000	     68293	800068c6	03099333	mulh	x6,x19,x16	 x19:0x80021e08 x16:0x40000000  x6=0xe0008782
     1367915000	     68294	800068ca	daeec537	lui	x10,0xdaeec	 x10=0xdaeec000
     1367935000	     68295	800068ce	41e2da33	sra	x20,x5,x30	  x5:0x00000000 x30:0x00000000 x20=0x00000000
     1367955000	     68296	800068d2	0510	c.addi4spn	x12,x2,640	 x12=0x0ee12db2
     1367975000	     68297	800068d4	8e31	c.xor	x12,x12	 x12:0x0ee12db2 x12:0x0ee12db2 x12=0x00000000
     1368115000	     68304	800068d6	001ed563	bge	x29,x1,800068e0	 x29:0x00040012  x1:0xffffffff
     1368895000	     68343	800068e0	98fd	c.andi	x9,-1	  x9:0x3b73b001  x9=0x3b73b001
     1368915000	     68344	800068e2	41b65a93	srai	x21,x12,0x1b	 x12:0x00000000 x21=0x00000000
     1368935000	     68345	800068e6	0e42	c.slli	x28,0x10	 x28:0x00000000 x28=0x00000000
     1368955000	     68346	800068e8	b17b3613	sltiu	x12,x22,-1257	 x22:0x000001ef x12=0x00000001
     1369055000	     68351	800068ec	1e752213	slti	x4,x10,487	 x10:0xdaeec000  x4=0x00000001
     1369175000	     68357	800068f0	00f86b33	or	x22,x16,x15	 x16:0x40000000 x15:0x0001f000 x22=0x4001f000
     1369195000	     68358	800068f4	ffa9ea93	ori	x21,x19,-6	 x19:0x80021e08 x21=0xfffffffa
     1369215000	     68359	800068f8	717d	c.addi16sp	x2,-16	  x2:0x0ee12b32  x2=0x0ee12b22
     1369515000	     68374	800068fa	0ff0000f	fence	iorw,iorw	
     1369535000	     68375	800068fe	12a42413	slti	x8,x8,298	  x8:0x00423086  x8=0x00000000
     1369555000	     68376	80006902	03940c63	beq	x8,x25,8000693a	  x8:0x00000000 x25:0x00000000
     1369995000	     68398	8000693a	03265933	divu	x18,x12,x18	 x12:0x00000001 x18:0x00000000 x18=0xffffffff
     1370015000	     68399	8000693e	8519	c.srai	x10,0x6	 x10:0xdaeec000 x10=0xff6bbb00
     1370115000	     68404	80006940	6265	c.lui	x4,0x19	  x4=0x00019000
     1370135000	     68405	80006942	015f61b3	or	x3,x30,x21	 x30:0x00000000 x21:0xfffffffa  x3=0xfffffffa
     1370155000	     68406	80006946	9afd	c.andi	x13,-1	 x13:0x00000001 x13=0x00000001
     1370555000	     68426	80006948	83bd	c.srli	x15,0xf	 x15:0x0001f000 x15=0x00000003
     1370595000	     68428	8000694a	03955bb3	divu	x23,x10,x25	 x10:0xff6bbb00 x25:0x00000000 x23=0xffffffff
     1370995000	     68448	8000694e	00457363	bgeu	x10,x4,80006954	 x10:0xff6bbb00  x4:0x00019000
     1371515000	     68474	80006954	1b7d	c.addi	x22,-1	 x22:0x4001f000 x22=0x4001efff
     1372455000	     68521	80006956	03737533	remu	x10,x6,x23	  x6:0xe0008782 x23:0xffffffff x10=0xe0008782
     1372475000	     68522	8000695a	40635a93	srai	x21,x6,0x6	  x6:0xe0008782 x21=0xff80021e
     1372495000	     68523	8000695e	88b5	c.andi	x9,13	  x9:0x3b73b001  x9=0x00000001
     1372535000	     68525	80006960	03ca16b3	mulh	x13,x20,x28	 x20:0x00000000 x28:0x00000000 x13=0x00000000
     1372555000	     68526	80006964	0001	c.addi	x0,0	  x0:0x00000000  x0=0x00000000
     1372575000	     68527	80006966	0001	c.addi	x0,0	  x0:0x00000000  x0=0x00000000
     1372595000	     68528	80006968	c485	c.beqz	x9,80006990	  x9:0x00000001
     1372615000	     68529	8000696a	016294b3	sll	x9,x5,x22	  x5:0x00000000 x22:0x4001efff  x9=0x00000000
     1372635000	     68530	8000696e	01890fb3	add	x31,x18,x24	 x18:0xffffffff x24:0x00000000 x31=0xffffffff
     1372655000	     68531	80006972	01cb9233	sll	x4,x23,x28	 x23:0xffffffff x28:0x00000000  x4=0xffffffff
     1372915000	     68544	80006976	0076ee33	or	x28,x13,x7	 x13:0x00000000  x7:0xfaeb9c09 x28=0xfaeb9c09
     1373075000	     68552	8000697a	02748b33	mul	x22,x9,x7	  x9:0x00000000  x7:0xfaeb9c09 x22=0x00000000
     1373255000	     68561	8000697e	00981563	bne	x16,x9,80006988	 x16:0x40000000  x9:0x00000000
     1373595000	     68578	80006988	00114133	xor	x2,x2,x1	  x2:0x0ee12b22  x1:0xffffffff  x2=0xf11ed4dd
     1373615000	     68579	8000698c	00299ab3	sll	x21,x19,x2	 x19:0x80021e08  x2:0xf11ed4dd x21=0x00000000
     1373715000	     68584	80006990	038b6c33	rem	x24,x22,x24	 x22:0x00000000 x24:0x00000000 x24=0x00000000
     1374115000	     68604	80006994	0000100f	fence.i	
     1374455000	     68621	80006998	0ff0000f	fence	iorw,iorw	
     1374535000	     68625	8000699c	4125d793	srai	x15,x11,0x12	 x11:0x7ffe5cd2 x15=0x00001fff
     1374575000	     68627	800069a0	032414b3	mulh	x9,x8,x18	  x8:0x00000000 x18:0xffffffff  x9=0x00000000
     1374635000	     68630	800069a4	8e01	c.sub	x12,x8	 x12:0x00000001  x8:0x00000000 x12=0x00000001
     1374655000	     68631	800069a6	41e18633	sub	x12,x3,x30	  x3:0xfffffffa x30:0x00000000 x12=0xfffffffa
     1374675000	     68632	800069aa	85c5	c.srai	x11,0x11	 x11:0x7ffe5cd2 x11=0x00003fff
     1375075000	     68652	800069ac	00c69293	slli	x5,x13,0xc	 x13:0x00000000  x5=0x00000000
     1375115000	     68654	800069b0	03847bb3	remu	x23,x8,x24	  x8:0x00000000 x24:0x00000000 x23=0x00000000
     1375135000	     68655	800069b4	002d4263	blt	x26,x2,800069b8	 x26:0x80025ce4  x2:0xf11ed4dd
     1376095000	     68703	800069b8	00cd08b3	add	x17,x26,x12	 x26:0x80025ce4 x12:0xfffffffa x17=0x80025cde
     1376135000	     68705	800069bc	020444b3	div	x9,x8,x0	  x8:0x00000000  x0:0x00000000  x9=0xffffffff
     1376275000	     68712	800069c0	0048cd63	blt	x17,x4,800069da	 x17:0x80025cde  x4:0xffffffff
     1377655000	     68781	800069da	03ecbb33	mulhu	x22,x25,x30	 x25:0x00000000 x30:0x00000000 x22=0x00000000
     1377715000	     68784	800069de	0049ac83	lw	x25,4(x19)	 x19:0x80021e08 x25=0x80006196 PA:0x80021e0c load:0x80006196
     1377755000	     68786	800069e2	034d28b3	mulhsu	x17,x26,x20	 x26:0x80025ce4 x20:0x00000000 x17=0x00000000
     1377775000	     68787	800069e6	09f1	c.addi	x19,28	 x19:0x80021e08 x19=0x80021e24
     1377795000	     68788	800069e8	009a76b3	and	x13,x20,x9	 x20:0x00000000  x9:0xffffffff x13=0x00000000
     1377835000	     68790	800069ec	01b49333	sll	x6,x9,x27	  x9:0xffffffff x27:0x358b1000  x6=0xffffffff
     1377855000	     68791	800069f0	005e2633	slt	x12,x28,x5	 x28:0xfaeb9c09  x5:0x00000000 x12=0x00000001
     1378155000	     68806	800069f4	02633433	mulhu	x8,x6,x6	  x6:0xffffffff  x6:0xffffffff  x8=0xfffffffe
     1378195000	     68808	800069f8	0346a633	mulhsu	x12,x13,x20	 x13:0x00000000 x20:0x00000000 x12=0x00000000
     1378215000	     68809	800069fc	74d93593	sltiu	x11,x18,1869	 x18:0xffffffff x11=0x00000000
     1378235000	     68810	80006a00	012a1ab3	sll	x21,x20,x18	 x20:0x00000000 x18:0xffffffff x21=0x00000000
     1378455000	     68821	80006a04	8d4d	c.or	x10,x11	 x10:0xe0008782 x11:0x00000000 x10=0xe0008782
     1378875000	     68842	80006a06	000c8e93	addi	x29,x25,0	 x25:0x80006196 x29=0x80006196
     1378895000	     68843	80006a0a	8e82	c.jr	x29	 x29:0x80006196
     1379815000	     68889	80006196	01943eb3	sltu	x29,x8,x25	  x8:0xfffffffe x25:0x80006196 x29=0x00000000
     1380235000	     68910	8000619a	0000100f	fence.i	
     1380875000	     68942	8000619e	17fd	c.addi	x15,-1	 x15:0x00001fff x15=0x00001ffe
     1381295000	     68963	800061a0	00169633	sll	x12,x13,x1	 x13:0x00000000  x1:0xffffffff x12=0x00000000
     1381315000	     68964	800061a4	00572bb3	slt	x23,x14,x5	 x14:0x0edd2af0  x5:0x00000000 x23=0x00000000
     1381455000	     68971	800061a8	4087db33	sra	x22,x15,x8	 x15:0x00001ffe  x8:0xfffffffe x22=0x00000000
     1381475000	     68972	800061ac	037e	c.slli	x6,0x1f	  x6:0xffffffff  x6=0x80000000
     1381895000	     68993	800061ae	00bdacb3	slt	x25,x27,x11	 x27:0x358b1000 x11:0x00000000 x25=0x00000000
     1381915000	     68994	800061b2	cdd9e013	ori	x0,x19,-803	 x19:0x80021e24  x0=0x00000000
     1382335000	     69015	800061b6	006d9913	slli	x18,x27,0x6	 x27:0x358b1000 x18=0x62c40000
     1382575000	     69027	800061ba	046ff063	bgeu	x31,x6,800061fa	 x31:0xffffffff  x6:0x80000000
     1383275000	     69062	800061fa	03a83cb3	mulhu	x25,x16,x26	 x16:0x40000000 x26:0x80025ce4 x25=0x20009739
     1383455000	     69071	800061fe	d48a3293	sltiu	x5,x20,-696	 x20:0x00000000  x5=0x00000001
     1383475000	     69072	80006202	8cb5	c.xor	x9,x13	  x9:0xffffffff x13:0x00000000  x9=0xffffffff
     1383495000	     69073	80006204	8ef9	c.and	x13,x14	 x13:0x00000000 x14:0x0edd2af0 x13=0x00000000
     1383515000	     69074	80006206	8b85	c.andi	x15,1	 x15:0x00001ffe x15=0x00000000
     1383555000	     69076	80006208	02c29db3	mulh	x27,x5,x12	  x5:0x00000001 x12:0x00000000 x27=0x00000000
     1383575000	     69077	8000620c	cce7a313	slti	x6,x15,-818	 x15:0x00000000  x6=0x00000000
     1383595000	     69078	80006210	9492	c.add	x9,x4	  x9:0xffffffff  x4:0xffffffff  x9=0xfffffffe
     1383615000	     69079	80006212	0197f563	bgeu	x15,x25,8000621c	 x15:0x00000000 x25:0x20009739
     1383635000	     69080	80006216	0001	c.addi	x0,0	  x0:0x00000000  x0=0x00000000
     1383655000	     69081	80006218	799ff017	auipc	x0,0x799ff	  x0=0x00000000
     1384035000	     69100	8000621c	03a2c063	blt	x5,x26,8000623c	  x5:0x00000001 x26:0x80025ce4
     1384055000	     69101	80006220	00f45ab3	srl	x21,x8,x15	  x8:0xfffffffe x15:0x00000000 x21=0xfffffffe
     1384075000	     69102	80006224	8dad	c.xor	x11,x11	 x11:0x00000000 x11:0x00000000 x11=0x00000000
     1384095000	     69103	80006226	8f55	c.or	x14,x13	 x14:0x0edd2af0 x13:0x00000000 x14=0x0edd2af0
     1384195000	     69108	80006228	8ffd	c.and	x15,x15	 x15:0x00000000 x15:0x00000000 x15=0x00000000
     1384215000	     69109	8000622a	00e894b3	sll	x9,x17,x14	 x17:0x00000000 x14:0x0edd2af0  x9=0x00000000
     1384395000	     69118	8000622e	8bb90893	addi	x17,x18,-1861	 x18:0x62c40000 x17=0x62c3f8bb
     1384455000	     69121	80006232	9e936793	ori	x15,x6,-1559	  x6:0x00000000 x15=0xfffff9e9
     1384475000	     69122	80006236	04f2	c.slli	x9,0x1c	  x9:0x00000000  x9=0x00000000
     1384495000	     69123	80006238	01f50633	add	x12,x10,x31	 x10:0xe0008782 x31:0xffffffff x12=0xe0008781
     1384515000	     69124	8000623c	6109	c.addi16sp	x2,128	  x2:0xf11ed4dd  x2=0xf11ed55d
     1384535000	     69125	8000623e	e901	c.bnez	x10,8000624e	 x10:0xe0008782
     1384595000	     69128	8000624e	8e49	c.or	x12,x10	 x12:0xe0008781 x10:0xe0008782 x12=0xe0008783
     1384915000	     69144	80006250	41cfd8b3	sra	x17,x31,x28	 x31:0xffffffff x28:0xfaeb9c09 x17=0xffffffff
     1385335000	     69165	80006254	717d	c.addi16sp	x2,-16	  x2:0xf11ed55d  x2=0xf11ed54d
     1386115000	     69204	80006256	0258e4b3	rem	x9,x17,x5	 x17:0xffffffff  x5:0x00000001  x9=0x00000000
     1386455000	     69221	8000625a	0049ac83	lw	x25,4(x19)	 x19:0x80021e24 x25=0x800034fe PA:0x80021e28 load:0x800034fe
     1386495000	     69223	8000625e	039e8833	mul	x16,x29,x25	 x29:0x00000000 x25:0x800034fe x16=0x00000000
     1386515000	     69224	80006262	04098993	addi	x19,x19,64	 x19:0x80021e24 x19=0x80021e64
     1386535000	     69225	80006266	8e21	c.xor	x12,x8	 x12:0xe0008783  x8:0xfffffffe x12=0x1fff787d
     1386555000	     69226	80006268	001c8a13	addi	x20,x25,1	 x25:0x800034fe x20=0x800034ff
     1386575000	     69227	8000626c	9a02	c.jalr	x20	 x20:0x800034ff  x1=0x8000626e
     1386875000	     69242	800034fe	8d5d	c.or	x10,x15	 x10:0xe0008782 x15:0xfffff9e9 x10=0xffffffeb
     1387035000	     69250	80003500	417f8e33	sub	x28,x31,x23	 x31:0xffffffff x23:0x00000000 x28=0xffffffff
     1387175000	     69257	80003504	01569eb3	sll	x29,x13,x21	 x13:0x00000000 x21:0xfffffffe x29=0x00000000
     1387195000	     69258	80003508	8f89	c.sub	x15,x10	 x15:0xfffff9e9 x10:0xffffffeb x15=0xfffff9fe
     1387215000	     69259	8000350a	00e14f33	xor	x30,x2,x14	  x2:0xf11ed54d x14:0x0edd2af0 x30=0xffc3ffbd
     1388275000	     69312	8000350e	03e7e7b3	rem	x15,x15,x30	 x15:0xfffff9fe x30:0xffc3ffbd x15=0xfffff9fe
     1388295000	     69313	80003512	8df1	c.and	x11,x12	 x11:0x00000000 x12:0x1fff787d x11=0x00000000
     1388315000	     69314	80003514	02d24263	blt	x4,x13,80003538	  x4:0xffffffff x13:0x00000000
     1388415000	     69319	80003538	00ba08b3	add	x17,x20,x11	 x20:0x800034ff x11:0x00000000 x17=0x800034ff
     1388675000	     69332	8000353c	00e3f7b3	and	x15,x7,x14	  x7:0xfaeb9c09 x14:0x0edd2af0 x15=0x0ac90800
     1388815000	     69339	80003540	01ca5793	srli	x15,x20,0x1c	 x20:0x800034ff x15=0x00000008
     1388855000	     69341	80003544	ce0dff93	andi	x31,x27,-800	 x27:0x00000000 x31=0x00000000
     1389295000	     69363	80003548	01223633	sltu	x12,x4,x18	  x4:0xffffffff x18:0x62c40000 x12=0x00000000
     1389315000	     69364	8000354c	17fd	c.addi	x15,-1	 x15:0x00000008 x15=0x00000007
     1389515000	     69374	8000354e	01909113	slli	x2,x1,0x19	  x1:0x8000626e  x2=0xdc000000
     1389715000	     69384	80003552	008fb5b3	sltu	x11,x31,x8	 x31:0x00000000  x8:0xfffffffe x11=0x00000001
     1389735000	     69385	80003556	7011e193	ori	x3,x3,1793	  x3:0xfffffffa  x3=0xfffffffb
     1389755000	     69386	8000355a	6445	c.lui	x8,0x11	  x8=0x00011000
     1389775000	     69387	8000355c	009e4eb3	xor	x29,x28,x9	 x28:0xffffffff  x9:0x00000000 x29=0xffffffff
     1389855000	     69391	80003560	4825	c.li	x16,9	 x16=0x00000009
     1389875000	     69392	80003562	02c7de63	bge	x15,x12,8000359e	 x15:0x00000007 x12:0x00000000
     1406955000	     70246	8000359e	01505a63	bge	x0,x21,800035b2	  x0:0x00000000 x21:0xfffffffe
     1407635000	     70280	800035b2	0cca	c.slli	x25,0x12	 x25:0x800034fe x25=0xd3f80000
     1407655000	     70281	800035b4	004ffd63	bgeu	x31,x4,800035ce	 x31:0x00000000  x4:0xffffffff
     1407675000	     70282	800035b8	7db42137	lui	x2,0x7db42	  x2=0x7db42000
     1407695000	     70283	800035bc	8e35	c.xor	x12,x13	 x12:0x00000000 x13:0x00000000 x12=0x00000000
     1407955000	     70296	800035be	a041eb13	ori	x22,x3,-1532	  x3:0xfffffffb x22=0xffffffff
     1408175000	     70307	800035c2	ecca7093	andi	x1,x20,-308	 x20:0x800034ff  x1=0x800034cc
     1408195000	     70308	800035c6	41e98633	sub	x12,x19,x30	 x19:0x80021e64 x30:0xffc3ffbd x12=0x803e1ea7
     1408215000	     70309	800035ca	82f5	c.srli	x13,0x1d	 x13:0x00000000 x13=0x00000000
     1408515000	     70324	800035cc	1a08	c.addi4spn	x10,x2,304	 x10=0x7db42130
     1408715000	     70334	800035ce	00959ab3	sll	x21,x11,x9	 x11:0x00000001  x9:0x00000000 x21=0x00000001
     1408815000	     70339	800035d2	001ca933	slt	x18,x25,x1	 x25:0xd3f80000  x1:0x800034cc x18=0x00000000
     1408835000	     70340	800035d6	0001	c.addi	x0,0	  x0:0x00000000  x0=0x00000000
     1408855000	     70341	800035d8	00db0763	beq	x22,x13,800035e6	 x22:0xffffffff x13:0x00000000
     1408875000	     70342	800035dc	8f2d	c.xor	x14,x11	 x14:0x0edd2af0 x11:0x00000001 x14=0x0edd2af1
     1409295000	     70363	800035de	0ff0000f	fence	iorw,iorw	
     1409315000	     70364	800035e2	01227733	and	x14,x4,x18	  x4:0xffffffff x18:0x00000000 x14=0x00000000
     1409335000	     70365	800035e6	9e38b893	sltiu	x17,x17,-1565	 x17:0x800034ff x17=0x00000001
     1409355000	     70366	800035ea	9bda	c.add	x23,x22	 x23:0x00000000 x22:0xffffffff x23=0xffffffff
     1410095000	     70403	800035ec	039adf33	divu	x30,x21,x25	 x21:0x00000001 x25:0xd3f80000 x30=0x00000000
     1410115000	     70404	800035f0	0217e863	bltu	x15,x1,80003620	 x15:0x00000007  x1:0x800034cc
     1410515000	     70424	80003620	02b40db3	mul	x27,x8,x11	  x8:0x00011000 x11:0x00000001 x27=0x00011000
     1410535000	     70425	80003624	631d	c.lui	x6,0x7	  x6=0x00007000
     1410555000	     70426	80003626	0001	c.addi	x0,0	  x0:0x00000000  x0=0x00000000
     1410675000	     70432	80003628	95f83593	sltiu	x11,x16,-1697	 x16:0x00000009 x11=0x00000001
     1410855000	     70441	8000362c	03120a33	mul	x20,x4,x17	  x4:0xffffffff x17:0x00000001 x20=0xffffffff
     1410875000	     70442	80003630	40d5d693	srai	x13,x11,0xd	 x11:0x00000001 x13=0x00000000
     1411055000	     70451	80003634	92c27e13	andi	x28,x4,-1748	  x4:0xffffffff x28=0xfffff92c
     1411075000	     70452	80003638	00134e33	xor	x28,x6,x1	  x6:0x00007000  x1:0x800034cc x28=0x800044cc
     1411095000	     70453	8000363c	6119	c.addi16sp	x2,384	  x2:0x7db42000  x2=0x7db42180
     1411135000	     70455	8000363e	0224afb3	mulhsu	x31,x9,x2	  x9:0x00000000  x2:0x7db42180 x31=0x00000000
     1411155000	     70456	80003642	029e8533	mul	x10,x29,x9	 x29:0xffffffff  x9:0x00000000 x10=0x00000000
     1411175000	     70457	80003646	8fb9	c.xor	x15,x14	 x15:0x00000007 x14:0x00000000 x15=0x00000007
     1411335000	     70465	80003648	1880	c.addi4spn	x8,x2,112	  x8=0x7db421f0
     1411355000	     70466	8000364a	e411	c.bnez	x8,80003656	  x8:0x7db421f0
     1413375000	     70567	80003656	021ddcb3	divu	x25,x27,x1	 x27:0x00011000  x1:0x800034cc x25=0x00000000
     1413395000	     70568	8000365a	01f7c833	xor	x16,x15,x31	 x15:0x00000007 x31:0x00000000 x16=0x00000007
     1414135000	     70605	8000365e	02cb60b3	rem	x1,x22,x12	 x22:0xffffffff x12:0x803e1ea7  x1=0xffffffff
     1414155000	     70606	80003662	002185b3	add	x11,x3,x2	  x3:0xfffffffb  x2:0x7db42180 x11=0x7db4217b
     1414175000	     70607	80003666	01096fb3	or	x31,x18,x16	 x18:0x00000000 x16:0x00000007 x31=0x00000007
     1414195000	     70608	8000366a	1e94	c.addi4spn	x13,x2,880	 x13=0x7db424f0
     1414235000	     70610	8000366c	03942cb3	mulhsu	x25,x8,x25	  x8:0x7db421f0 x25:0x00000000 x25=0x00000000
     1414255000	     70611	80003670	0000100f	fence.i	
     1414335000	     70615	80003674	41055113	srai	x2,x10,0x10	 x10:0x00000000  x2=0x00000000
     1414355000	     70616	80003678	00ef00b3	add	x1,x30,x14	 x30:0x00000000 x14:0x00000000  x1=0x00000000
     1414635000	     70630	8000367c	1cfd	c.addi	x25,-1	 x25:0x00000000 x25=0xffffffff
     1414655000	     70631	8000367e	0133a733	slt	x14,x7,x19	  x7:0xfaeb9c09 x19:0x80021e64 x14=0x00000000
     1414675000	     70632	80003682	0498	c.addi4spn	x14,x2,576	 x14=0x00000240
     1414815000	     70639	80003684	6111	c.addi16sp	x2,256	  x2:0x00000000  x2=0x00000100
     1414835000	     70640	80003686	83ad	c.srli	x15,0xb	 x15:0x00000007 x15=0x00000000
     1414875000	     70642	80003688	c601	c.beqz	x12,80003690	 x12:0x803e1ea7
     1414895000	     70643	8000368a	8ed1	c.or	x13,x12	 x13:0x7db424f0 x12:0x803e1ea7 x13=0xfdbe3ef7
     1414935000	     70645	8000368c	022cb633	mulhu	x12,x25,x2	 x25:0xffffffff  x2:0x00000100 x12=0x000000ff
     1415055000	     70651	80003690	717d	c.addi16sp	x2,-16	  x2:0x00000100  x2=0x000000f0
     1415195000	     70658	80003692	02752db3	mulhsu	x27,x10,x7	 x10:0x00000000  x7:0xfaeb9c09 x27=0x00000000
     1415215000	     70659	80003696	0a08	c.addi4spn	x10,x2,272	 x10=0x00000200
     1415235000	     70660	80003698	02ade663	bltu	x27,x10,800036c4	 x27:0x00000000 x10:0x00000200
     1417015000	     70749	800036c4	0004af33	slt	x30,x9,x0	  x9:0x00000000  x0:0x00000000 x30=0x00000000
     1417195000	     70758	800036c8	02a41333	mulh	x6,x8,x10	  x8:0x7db421f0 x10:0x00000200  x6=0x000000fb
     1417595000	     70778	800036cc	0000100f	fence.i	
     1418275000	     70812	800036d0	3b303a37	lui	x20,0x3b303	 x20=0x3b303000
     1418295000	     70813	800036d4	00880b33	add	x22,x16,x8	 x16:0x00000007  x8:0x7db421f0 x22=0x7db421f7
     1418315000	     70814	800036d8	ec99	c.bnez	x9,800036f6	  x9:0x00000000
     1419055000	     70851	800036da	034e45b3	div	x11,x28,x20	 x28:0x800044cc x20:0x3b303000 x11=0xfffffffe
     1419075000	     70852	800036de	0ff0000f	fence	iorw,iorw	
     1419095000	     70853	800036e2	0504	c.addi4spn	x9,x2,640	  x9=0x00000370
     1419115000	     70854	800036e4	8ca9	c.xor	x9,x10	  x9:0x00000370 x10:0x00000200  x9=0x00000170
     1419135000	     70855	800036e6	8289	c.srli	x13,0x2	 x13:0xfdbe3ef7 x13=0x3f6f8fbd
     1419155000	     70856	800036e8	0001	c.addi	x0,0	  x0:0x00000000  x0=0x00000000
     1419175000	     70857	800036ea	6161	c.addi16sp	x2,80	  x2:0x000000f0  x2=0x00000140
     1419195000	     70858	800036ec	4b25	c.li	x22,9	 x22=0x00000009
     1419215000	     70859	800036ee	c4a13c93	sltiu	x25,x2,-950	  x2:0x00000140 x25=0x00000001
     1419955000	     70896	800036f2	02ed6cb3	rem	x25,x26,x14	 x26:0x80025ce4 x14:0x00000240 x25=0xffffff24
     1419975000	     70897	800036f6	e619	c.bnez	x12,80003704	 x12:0x000000ff
     1420335000	     70915	80003704	0056fbb3	and	x23,x13,x5	 x13:0x3f6f8fbd  x5:0x00000001 x23=0x00000001
     1420355000	     70916	80003708	01fcfbb3	and	x23,x25,x31	 x25:0xffffff24 x31:0x00000007 x23=0x00000004
     1420375000	     70917	8000370c	0ef6	c.slli	x29,0x1d	 x29:0xffffffff x29=0xe0000000
     1420395000	     70918	8000370e	ea09	c.bnez	x12,80003720	 x12:0x000000ff
     1421035000	     70950	80003720	e409	c.bnez	x8,8000372a	  x8:0x7db421f0
     1422695000	     71033	8000372a	0255fa33	remu	x20,x11,x5	 x11:0xfffffffe  x5:0x00000001 x20=0x00000000
     1422715000	     71034	8000372e	001e0663	beq	x28,x1,8000373a	 x28:0x800044cc  x1:0x00000000
     1422755000	     71036	80003732	03bd4533	div	x10,x26,x27	 x26:0x80025ce4 x27:0x00000000 x10=0xffffffff
     1422775000	     71037	80003736	717d	c.addi16sp	x2,-16	  x2:0x00000140  x2=0x00000130
     1422795000	     71038	80003738	8e85	c.sub	x13,x9	 x13:0x3f6f8fbd  x9:0x00000170 x13=0x3f6f8e4d
     1422815000	     71039	8000373a	021bc163	blt	x23,x1,8000375c	 x23:0x00000004  x1:0x00000000
     1422835000	     71040	8000373e	01554db3	xor	x27,x10,x21	 x10:0xffffffff x21:0x00000001 x27=0xfffffffe
     1422855000	     71041	80003742	14fd	c.addi	x9,-1	  x9:0x00000170  x9=0x0000016f
     1422875000	     71042	80003744	67ad	c.lui	x15,0xb	 x15=0x0000b000
     1422895000	     71043	80003746	009e88b3	add	x17,x29,x9	 x29:0xe0000000  x9:0x0000016f x17=0xe000016f
     1422915000	     71044	8000374a	2d318b93	addi	x23,x3,723	  x3:0xfffffffb x23=0x000002ce
     1422935000	     71045	8000374e	020d0fb3	mul	x31,x26,x0	 x26:0x80025ce4  x0:0x00000000 x31=0x00000000
     1423075000	     71052	80003752	00fb32b3	sltu	x5,x22,x15	 x22:0x00000009 x15:0x0000b000  x5=0x00000001
     1423495000	     71073	80003756	0106d293	srli	x5,x13,0x10	 x13:0x3f6f8e4d  x5=0x00003f6f
     1423515000	     71074	8000375a	1880	c.addi4spn	x8,x2,112	  x8=0x000001a0
     1423555000	     71076	8000375c	8efe	c.mv	x29,x31	  x0:0x00000000 x31:0x00000000 x29=0x00000000
     1423975000	     71097	8000375e	91524313	xori	x6,x4,-1771	  x4:0xffffffff  x6=0x000006ea
     1423995000	     71098	80003762	e51d	c.bnez	x10,80003790	 x10:0xffffffff
     1425395000	     71168	80003790	02e50bb3	mul	x23,x10,x14	 x10:0xffffffff x14:0x00000240 x23=0xfffffdc0
     1425455000	     71171	80003794	02301f33	mulh	x30,x0,x3	  x0:0x00000000  x3:0xfffffffb x30=0x00000000
     1425715000	     71184	80003798	000ae333	or	x6,x21,x0	 x21:0x00000001  x0:0x00000000  x6=0x00000001
     1425875000	     71192	8000379c	6c61	c.lui	x24,0x18	 x24=0x00018000
     1425895000	     71193	8000379e	8da1	c.xor	x11,x8	 x11:0xfffffffe  x8:0x000001a0 x11=0xfffffe5e
     1425995000	     71198	800037a0	fa32b513	sltiu	x10,x5,-93	  x5:0x00003f6f x10=0x00000001
     1426415000	     71219	800037a4	690d	c.lui	x18,0x3	 x18=0x00003000
     1426435000	     71220	800037a6	8fd9	c.or	x15,x14	 x15:0x0000b000 x14:0x00000240 x15=0x0000b240
     1426555000	     71226	800037a8	00c2	c.slli	x1,0x10	  x1:0x00000000  x1=0x00000000
     1426755000	     71236	800037aa	0ff0000f	fence	iorw,iorw	
     1426775000	     71237	800037ae	0b3e	c.slli	x22,0xf	 x22:0x00000009 x22=0x00048000
     1426855000	     71241	800037b0	024bb0b3	mulhu	x1,x23,x4	 x23:0xfffffdc0  x4:0xffffffff  x1=0xfffffdbf
     1426895000	     71243	800037b4	021fa633	mulhsu	x12,x31,x1	 x31:0x00000000  x1:0xfffffdbf x12=0x00000000
     1426955000	     71246	800037b8	8c89	c.sub	x9,x10	  x9:0x0000016f x10:0x00000001  x9=0x0000016e
     1427135000	     71255	800037ba	01af3433	sltu	x8,x30,x26	 x30:0x00000000 x26:0x80025ce4  x8=0x00000001
     1427155000	     71256	800037be	0001	c.addi	x0,0	  x0:0x00000000  x0=0x00000000
     1427175000	     71257	800037c0	0000100f	fence.i	
     1427615000	     71279	800037c4	3c3f3593	sltiu	x11,x30,963	 x30:0x00000000 x11=0x00000001
     1427635000	     71280	800037c8	8c11	c.sub	x8,x12	  x8:0x00000001 x12:0x00000000  x8=0x00000001
     1427655000	     71281	800037ca	0372	c.slli	x6,0x1c	  x6:0x00000001  x6=0x10000000
     1427935000	     71295	800037cc	2f0e7c13	andi	x24,x28,752	 x28:0x800044cc x24=0x000000c0
     1427955000	     71296	800037d0	152ae113	ori	x2,x21,338	 x21:0x00000001  x2=0x00000153
     1428375000	     71317	800037d4	8539	c.srai	x10,0xe	 x10:0x00000001 x10=0x00000000
     1428395000	     71318	800037d6	841d	c.srai	x8,0x7	  x8:0x00000001  x8=0x00000000
     1428415000	     71319	800037d8	8e81	c.sub	x13,x8	 x13:0x3f6f8e4d  x8:0x00000000 x13=0x3f6f8e4d
     1428435000	     71320	800037da	000dacb3	slt	x25,x27,x0	 x27:0xfffffffe  x0:0x00000000 x25=0x00000001
     1428835000	     71340	800037de	fcfc4a37	lui	x20,0xfcfc4	 x20=0xfcfc4000
     1428855000	     71341	800037e2	e83f7113	andi	x2,x30,-381	 x30:0x00000000  x2=0x00000000
     1428875000	     71342	800037e6	0001	c.addi	x0,0	  x0:0x00000000  x0=0x00000000
     1429215000	     71359	800037e8	419c5e13	srai	x28,x24,0x19	 x24:0x000000c0 x28=0x00000000
     1429375000	     71367	800037ec	8659	c.srai	x12,0x16	 x12:0x00000000 x12=0x00000000
     1429415000	     71369	800037ee	0000100f	fence.i	
     1430115000	     71404	800037f2	6105	c.addi16sp	x2,32	  x2:0x00000000  x2=0x00000020
     1430155000	     71406	800037f4	03e590b3	mulh	x1,x11,x30	 x11:0x00000001 x30:0x00000000  x1=0x00000000
     1430435000	     71420	800037f8	00e30833	add	x16,x6,x14	  x6:0x10000000 x14:0x00000240 x16=0x10000240
     1431475000	     71472	800037fc	024260b3	rem	x1,x4,x4	  x4:0xffffffff  x4:0xffffffff  x1=0x00000000
     1431495000	     71473	80003800	ebbe8b93	addi	x23,x29,-325	 x29:0x00000000 x23=0xfffffebb
     1431515000	     71474	80003804	016a1e33	sll	x28,x20,x22	 x20:0xfcfc4000 x22:0x00048000 x28=0xfcfc4000
     1431535000	     71475	80003808	eb91	c.bnez	x15,8000381c	 x15:0x0000b240
     1432115000	     71504	8000381c	82f9	c.srli	x13,0x1e	 x13:0x3f6f8e4d x13=0x00000000
     1432135000	     71505	8000381e	8559	c.srai	x10,0x16	 x10:0x00000000 x10=0x00000000
     1432155000	     71506	80003820	6bbd	c.lui	x23,0xf	 x23=0x0000f000
     1432175000	     71507	80003822	8d49	c.or	x10,x10	 x10:0x00000000 x10:0x00000000 x10=0x00000000
     1432215000	     71509	80003824	03f2ba33	mulhu	x20,x5,x31	  x5:0x00003f6f x31:0x00000000 x20=0x00000000
     1432235000	     71510	80003828	00bd9593	slli	x11,x27,0xb	 x27:0xfffffffe x11=0xfffff000
     1432315000	     71514	8000382c	1e9c	c.addi4spn	x15,x2,880	 x15=0x00000390
     1432335000	     71515	8000382e	0305	c.addi	x6,1	  x6:0x10000000  x6=0x10000001
     1432455000	     71521	80003830	413c8b33	sub	x22,x25,x19	 x25:0x00000001 x19:0x80021e64 x22=0x7ffde19d
     1432715000	     71534	80003834	012b5eb3	srl	x29,x22,x18	 x22:0x7ffde19d x18:0x00003000 x29=0x7ffde19d
     1432735000	     71535	80003838	00d81633	sll	x12,x16,x13	 x16:0x10000240 x13:0x00000000 x12=0x10000240
     1432755000	     71536	8000383c	049d5063	bge	x26,x9,8000387c	 x26:0x80025ce4  x9:0x0000016e
     1432835000	     71540	80003840	0315fa63	bgeu	x11,x17,80003874	 x11:0xfffff000 x17:0xe000016f
     1433155000	     71556	80003874	02d6c0b3	div	x1,x13,x13	 x13:0x00000000 x13:0x00000000  x1=0xffffffff
     1433175000	     71557	80003878	418ad013	srai	x0,x21,0x18	 x21:0x00000001  x0=0x00000000
     1433335000	     71565	8000387c	03dde463	bltu	x27,x29,800038a4	 x27:0xfffffffe x29:0x7ffde19d
     1433355000	     71566	80003880	03d38ab3	mul	x21,x7,x29	  x7:0xfaeb9c09 x29:0x7ffde19d x21=0xa2879a85
     1433415000	     71569	80003884	0001	c.addi	x0,0	  x0:0x00000000  x0=0x00000000
     1433535000	     71575	80003886	02cf6563	bltu	x30,x12,800038b0	 x30:0x00000000 x12:0x10000240
     1433935000	     71595	800038b0	03d6c463	blt	x13,x29,800038d8	 x13:0x00000000 x29:0x7ffde19d
     1434835000	     71640	800038d8	0375ed63	bltu	x11,x23,80003912	 x11:0xfffff000 x23:0x0000f000
     1434855000	     71641	800038dc	8c52	c.mv	x24,x20	  x0:0x00000000 x20:0x00000000 x24=0x00000000
     1435295000	     71663	800038de	03fc4733	div	x14,x24,x31	 x24:0x00000000 x31:0x00000000 x14=0xffffffff
     1435695000	     71683	800038e2	364dab13	slti	x22,x27,868	 x27:0xfffffffe x22=0x00000001
     1435835000	     71690	800038e6	020fcfb3	div	x31,x31,x0	 x31:0x00000000  x0:0x00000000 x31=0xffffffff
     1435855000	     71691	800038ea	8cde	c.mv	x25,x23	  x0:0x00000000 x23:0x0000f000 x25=0x0000f000
     1436035000	     71700	800038ec	dfb7de37	lui	x28,0xdfb7d	 x28=0xdfb7d000
     1436455000	     71721	800038f0	00dc6233	or	x4,x24,x13	 x24:0x00000000 x13:0x00000000  x4=0x00000000
     1436635000	     71730	800038f4	8e183b93	sltiu	x23,x16,-1823	 x16:0x10000240 x23=0x00000001
     1436655000	     71731	800038f8	0030e263	bltu	x1,x3,800038fc	  x1:0xffffffff  x3:0xfffffffb
     1436835000	     71740	800038fc	8bc6	c.mv	x23,x17	  x0:0x00000000 x17:0xe000016f x23=0xe000016f
     1436855000	     71741	800038fe	41eb5c33	sra	x24,x22,x30	 x22:0x00000001 x30:0x00000000 x24=0x00000001
     1436895000	     71743	80003902	021d7263	bgeu	x26,x1,80003926	 x26:0x80025ce4  x1:0xffffffff
     1437055000	     71751	80003906	01653633	sltu	x12,x10,x22	 x10:0x00000000 x22:0x00000001 x12=0x00000001
     1437075000	     71752	8000390a	169c	c.addi4spn	x15,x2,864	 x15=0x00000380
     1437095000	     71753	8000390c	01c19e33	sll	x28,x3,x28	  x3:0xfffffffb x28:0xdfb7d000 x28=0xfffffffb
     1437115000	     71754	80003910	9422	c.add	x8,x8	  x8:0x00000000  x8:0x00000000  x8=0x00000000
     1437235000	     71760	80003912	039a6f63	bltu	x20,x25,80003950	 x20:0x00000000 x25:0x0000f000
     1438115000	     71804	80003950	90bae213	ori	x4,x21,-1781	 x21:0xa2879a85  x4=0xfffffb8f
     1438535000	     71825	80003954	019e6763	bltu	x28,x25,80003962	 x28:0xfffffffb x25:0x0000f000
     1438655000	     71831	80003958	408d0433	sub	x8,x26,x8	 x26:0x80025ce4  x8:0x00000000  x8=0x80025ce4
     1438675000	     71832	8000395c	841d	c.srai	x8,0x7	  x8:0x80025ce4  x8=0xff0004b9
     1438695000	     71833	8000395e	01214863	blt	x2,x18,8000396e	  x2:0x00000020 x18:0x00003000
     1439055000	     71851	8000396e	035c5a63	bge	x24,x21,800039a2	 x24:0x00000001 x21:0xa2879a85
     1439755000	     71886	800039a2	87f1	c.srai	x15,0x1c	 x15:0x00000380 x15=0x00000000
     1439775000	     71887	800039a4	010836b3	sltu	x13,x16,x16	 x16:0x10000240 x16:0x10000240 x13=0x00000000
     1439795000	     71888	800039a8	0001	c.addi	x0,0	  x0:0x00000000  x0=0x00000000
     1439915000	     71894	800039aa	36a64313	xori	x6,x12,874	 x12:0x00000001  x6=0x0000036b
     1439935000	     71895	800039ae	8aa6	c.mv	x21,x9	  x0:0x00000000  x9:0x0000016e x21=0x0000016e
     1440015000	     71899	800039b0	4147da33	sra	x20,x15,x20	 x15:0x00000000 x20:0x00000000 x20=0x00000000
     1440775000	     71937	800039b4	027660b3	rem	x1,x12,x7	 x12:0x00000001  x7:0xfaeb9c09  x1=0x00000001
     1440795000	     71938	800039b8	4c29	c.li	x24,10	 x24=0x0000000a
     1440835000	     71940	800039ba	0209f733	remu	x14,x19,x0	 x19:0x80021e64  x0:0x00000000 x14=0x80021e64
     1440855000	     71941	800039be	45b9	c.li	x11,14	 x11=0x0000000e
     1440875000	     71942	800039c0	0236c763	blt	x13,x3,800039ee	 x13:0x00000000  x3:0xfffffffb
     1440935000	     71945	800039c4	8a5d	c.andi	x12,23	 x12:0x00000001 x12=0x00000001
     1440955000	     71946	800039c6	0309	c.addi	x6,2	  x6:0x0000036b  x6=0x0000036d
     1440975000	     71947	800039c8	04b0c413	xori	x8,x1,75	  x1:0x00000001  x8=0x0000004a
     1441155000	     71956	800039cc	0146c663	blt	x13,x20,800039d8	 x13:0x00000000 x20:0x00000000
     1441235000	     71960	800039d0	005c9c63	bne	x25,x5,800039e8	 x25:0x0000f000  x5:0x00003f6f
     1441855000	     71991	800039e8	1afd	c.addi	x21,-1	 x21:0x0000016e x21=0x0000016d
     1441975000	     71997	800039ea	00ba6f63	bltu	x20,x11,80003a08	 x20:0x00000000 x11:0x0000000e
     1442575000	     72027	80003a08	0205bab3	mulhu	x21,x11,x0	 x11:0x0000000e  x0:0x00000000 x21=0x00000000
     1442875000	     72042	80003a0c	020664b3	rem	x9,x12,x0	 x12:0x00000001  x0:0x00000000  x9=0x00000001
     1442895000	     72043	80003a10	6b8d	c.lui	x23,0x3	 x23=0x00003000
     1442915000	     72044	80003a12	58fd	c.li	x17,-1	 x17=0xffffffff
     1442975000	     72047	80003a14	81e5	c.srli	x11,0x19	 x11:0x0000000e x11=0x00000000
     1442995000	     72048	80003a16	007cfa33	and	x20,x25,x7	 x25:0x0000f000  x7:0xfaeb9c09 x20=0x00009000
     1443895000	     72093	80003a1a	03dfe133	rem	x2,x31,x29	 x31:0xffffffff x29:0x7ffde19d  x2=0xffffffff
     1444635000	     72130	80003a1e	02986db3	rem	x27,x16,x9	 x16:0x10000240  x9:0x00000001 x27=0x00000000
     1444655000	     72131	80003a22	6e9d	c.lui	x29,0x7	 x29=0x00007000
     1444675000	     72132	80003a24	96afaa93	slti	x21,x31,-1686	 x31:0xffffffff x21=0x00000000
     1444695000	     72133	80003a28	0000100f	fence.i	
     1444775000	     72137	80003a2c	1400	c.addi4spn	x8,x2,544	  x8=0x0000021f
     1445395000	     72168	80003a2e	faa26293	ori	x5,x4,-86	  x4:0xfffffb8f  x5=0xffffffaf
     1445415000	     72169	80003a32	40e35613	srai	x12,x6,0xe	  x6:0x0000036d x12=0x00000000
     1445835000	     72190	80003a36	2139b813	sltiu	x16,x19,531	 x19:0x80021e64 x16=0x00000000
     1445855000	     72191	80003a3a	8e9d	c.sub	x13,x15	 x13:0x00000000 x15:0x00000000 x13=0x00000000
     1445875000	     72192	80003a3c	02eb0663	beq	x22,x14,80003a68	 x22:0x00000001 x14:0x80021e64
     1445895000	     72193	80003a40	6a25	c.lui	x20,0x9	 x20=0x00009000
     1451155000	     72456	80003a42	409ad793	srai	x15,x21,0x9	 x21:0x00000000 x15=0x00000000
     1451895000	     72493	80003a46	039f5eb3	divu	x29,x30,x25	 x30:0x00000000 x25:0x0000f000 x29=0x00000000
     1451915000	     72494	80003a4a	8d75	c.and	x10,x13	 x10:0x00000000 x13:0x00000000 x10=0x00000000
     1451935000	     72495	80003a4c	8c65	c.and	x8,x9	  x8:0x0000021f  x9:0x00000001  x8=0x00000001
     1451955000	     72496	80003a4e	8075	c.srli	x8,0x1d	  x8:0x00000001  x8=0x00000000
     1451975000	     72497	80003a50	0002ef33	or	x30,x5,x0	  x5:0xffffffaf  x0:0x00000000 x30=0xffffffaf
     1451995000	     72498	80003a54	e515	c.bnez	x10,80003a80	 x10:0x00000000
     1452015000	     72499	80003a56	36559f17	auipc	x30,0x36559	 x30=0xb655ca56
     1452035000	     72500	80003a5a	01bb58b3	srl	x17,x22,x27	 x22:0x00000001 x27:0x00000000 x17=0x00000001
     1452055000	     72501	80003a5e	00facb63	blt	x21,x15,80003a74	 x21:0x00000000 x15:0x00000000
     1452075000	     72502	80003a62	e405	c.bnez	x8,80003a8a	  x8:0x00000000
     1452115000	     72504	80003a64	037ca633	mulhsu	x12,x25,x23	 x25:0x0000f000 x23:0x00003000 x12=0x00000000
     1452155000	     72506	80003a68	033cb333	mulhu	x6,x25,x19	 x25:0x0000f000 x19:0x80021e64  x6=0x00007801
     1453235000	     72560	80003a6c	0310e433	rem	x8,x1,x17	  x1:0x00000001 x17:0x00000001  x8=0x00000000
     1453255000	     72561	80003a70	fce06293	ori	x5,x0,-50	  x0:0x00000000  x5=0xffffffce
     1453275000	     72562	80003a74	1b10	c.addi4spn	x12,x2,432	 x12=0x000001af
     1454095000	     72603	80003a76	034ed6b3	divu	x13,x29,x20	 x29:0x00000000 x20:0x00009000 x13=0x00000000
     1454115000	     72604	80003a7a	9c5ff293	andi	x5,x31,-1595	 x31:0xffffffff  x5=0xfffff9c5
     1454135000	     72605	80003a7e	9b56	c.add	x22,x21	 x22:0x00000001 x21:0x00000000 x22=0x00000001
     1454155000	     72606	80003a80	f1cdbbb7	lui	x23,0xf1cdb	 x23=0xf1cdb000
     1454175000	     72607	80003a84	029288b3	mul	x17,x5,x9	  x5:0xfffff9c5  x9:0x00000001 x17=0xfffff9c5
     1454195000	     72608	80003a88	8c19	c.sub	x8,x14	  x8:0x00000000 x14:0x80021e64  x8=0x7ffde19c
     1454215000	     72609	80003a8a	c38d	c.beqz	x15,80003aac	 x15:0x00000000
     1455295000	     72663	80003aac	01ea1463	bne	x20,x30,80003ab4	 x20:0x00009000 x30:0xb655ca56
     1455415000	     72669	80003ab4	9ac2	c.add	x21,x16	 x21:0x00000000 x16:0x00000000 x21=0x00000000
     1455455000	     72671	80003ab6	0079d493	srli	x9,x19,0x7	 x19:0x80021e64  x9=0x0100043c
     1455475000	     72672	80003aba	019f5f63	bge	x30,x25,80003ad8	 x30:0xb655ca56 x25:0x0000f000
     1455815000	     72689	80003abe	01fe7c33	and	x24,x28,x31	 x28:0xfffffffb x31:0xffffffff x24=0xfffffffb
     1455835000	     72690	80003ac2	fb9a7697	auipc	x13,0xfb9a7	 x13=0x7b9aaac2
     1455855000	     72691	80003ac6	0ff0000f	fence	iorw,iorw	
     1456015000	     72699	80003aca	60657613	andi	x12,x10,1542	 x10:0x00000000 x12=0x00000000
     1456035000	     72700	80003ace	0ded	c.addi	x27,27	 x27:0x00000000 x27=0x0000001b
     1456055000	     72701	80003ad0	05859463	bne	x11,x24,80003b18	 x11:0x00000000 x24:0xfffffffb
     1456375000	     72717	80003b18	e1bf08b7	lui	x17,0xe1bf0	 x17=0xe1bf0000
     1456775000	     72737	80003b1c	83f5	c.srli	x15,0x1d	 x15:0x00000000 x15=0x00000000
     1456955000	     72746	80003b1e	0003e863	bltu	x7,x0,80003b2e	  x7:0xfaeb9c09  x0:0x00000000
     1457035000	     72750	80003b22	012fe733	or	x14,x31,x18	 x31:0xffffffff x18:0x00003000 x14=0xffffffff
     1457215000	     72759	80003b26	0000100f	fence.i	
     1457835000	     72790	80003b2a	01e19513	slli	x10,x3,0x1e	  x3:0xfffffffb x10=0xc0000000
     1457855000	     72791	80003b2e	00c7a1b3	slt	x3,x15,x12	 x15:0x00000000 x12:0x00000000  x3=0x00000000
     1458715000	     72834	80003b32	032af133	remu	x2,x21,x18	 x21:0x00000000 x18:0x00003000  x2=0x00000000
     1458735000	     72835	80003b36	00ab1f13	slli	x30,x22,0xa	 x22:0x00000001 x30=0x00000400
     1459475000	     72872	80003b3a	03ec6fb3	rem	x31,x24,x30	 x24:0xfffffffb x30:0x00000400 x31=0xfffffffb
     1459495000	     72873	80003b3e	417f82b3	sub	x5,x31,x23	 x31:0xfffffffb x23:0xf1cdb000  x5=0x0e324ffb
     1459515000	     72874	80003b42	cead3513	sltiu	x10,x26,-790	 x26:0x80025ce4 x10=0x00000001
     1459535000	     72875	80003b46	a4167713	andi	x14,x12,-1471	 x12:0x00000000 x14=0x00000000
     1459555000	     72876	80003b4a	717d	c.addi16sp	x2,-16	  x2:0x00000000  x2=0xfffffff0
     1459575000	     72877	80003b4c	e39d	c.bnez	x15,80003b72	 x15:0x00000000
     1459595000	     72878	80003b4e	84a1	c.srai	x9,0x8	  x9:0x0100043c  x9=0x00010004
     1459615000	     72879	80003b50	8389	c.srli	x15,0x2	 x15:0x00000000 x15=0x00000000
     1459635000	     72880	80003b52	6e21	c.lui	x28,0x8	 x28=0x00008000
     1459655000	     72881	80003b54	03be0233	mul	x4,x28,x27	 x28:0x00008000 x27:0x0000001b  x4=0x000d8000
     1459695000	     72883	80003b58	0220b833	mulhu	x16,x1,x2	  x1:0x00000001  x2:0xfffffff0 x16=0x00000000
     1459715000	     72884	80003b5c	00e61e33	sll	x28,x12,x14	 x12:0x00000000 x14:0x00000000 x28=0x00000000
     1459735000	     72885	80003b60	854d	c.srai	x10,0x13	 x10:0x00000001 x10=0x00000000
     1459755000	     72886	80003b62	8f0d	c.sub	x14,x11	 x14:0x00000000 x11:0x00000000 x14=0x00000000
     1459975000	     72897	80003b64	00546763	bltu	x8,x5,80003b72	  x8:0x7ffde19c  x5:0x0e324ffb
     1459995000	     72898	80003b68	01830563	beq	x6,x24,80003b72	  x6:0x00007801 x24:0xfffffffb
     1460015000	     72899	80003b6c	4e4ee4b7	lui	x9,0x4e4ee	  x9=0x4e4ee000
     1460035000	     72900	80003b70	717d	c.addi16sp	x2,-16	  x2:0xfffffff0  x2=0xffffffe0
     1460175000	     72907	80003b72	0000100f	fence.i	
     1460875000	     72942	80003b76	ffffd397	auipc	x7,0xffffd	  x7=0x80000b76
     1460895000	     72943	80003b7a	80438393	addi	x7,x7,-2044	  x7:0x80000b76  x7=0x8000037a
     1461055000	     72951	80003b7e	00038067	jalr	x0,0(x7)	  x7:0x8000037a  x0=0x00000000
     1462035000	     73000	8000037a	90000b37	lui	x22,0x90000	 x22=0x90000000
     1462055000	     73001	8000037e	1b61	c.addi	x22,-8	 x22:0x90000000 x22=0x8ffffff8
     1462375000	     73017	80000380	4601	c.li	x12,0	 x12=0x00000000
     1462395000	     73018	80000382	0622	c.slli	x12,0x8	 x12:0x00000000 x12=0x00000000
     1462575000	     73027	80000384	0605	c.addi	x12,1	 x12:0x00000000 x12=0x00000001
     1462755000	     73036	80000386	00cb2023	sw	x12,0(x22)	 x22:0x8ffffff8 x12:0x00000001 PA:0x8ffffff8 store:0x00000001 load:0xffffffff
     1462895000	     73043	8000038a	00000073	ecall	
     1462995000	     73048	80002700	0800006f	jal	x0,80002780	  x0=0x00000000
     1511535000	     75475	80002780	1d71	c.addi	x26,-4	 x26:0x80025ce4 x26=0x80025ce0
     1511715000	     75484	80002782	013d2023	sw	x19,0(x26)	 x26:0x80025ce0 x19:0x80021e64 PA:0x80025ce0 store:0x80021e64 load:0xffffffff
     1511735000	     75485	80002786	000d09b3	add	x19,x26,x0	 x26:0x80025ce0  x0:0x00000000 x19=0x80025ce0
     1511815000	     75489	8000278a	f8098993	addi	x19,x19,-128	 x19:0x80025ce0 x19=0x80025c60
     1512575000	     75527	8000278e	0019a223	sw	x1,4(x19)	 x19:0x80025c60  x1:0x00000001 PA:0x80025c64 store:0x00000001 load:0xffffffff
     1512635000	     75530	80002792	0029a423	sw	x2,8(x19)	 x19:0x80025c60  x2:0xffffffe0 PA:0x80025c68 store:0xffffffe0 load:0xffffffff
     1512655000	     75531	80002796	0039a623	sw	x3,12(x19)	 x19:0x80025c60  x3:0x00000000 PA:0x80025c6c store:0x00000000 load:0xffffffff
     1512795000	     75538	8000279a	0049a823	sw	x4,16(x19)	 x19:0x80025c60  x4:0x000d8000 PA:0x80025c70 store:0x000d8000 load:0xffffffff
     1512855000	     75541	8000279e	0059aa23	sw	x5,20(x19)	 x19:0x80025c60  x5:0x0e324ffb PA:0x80025c74 store:0x0e324ffb load:0xffffffff
     1512875000	     75542	800027a2	0069ac23	sw	x6,24(x19)	 x19:0x80025c60  x6:0x00007801 PA:0x80025c78 store:0x00007801 load:0xffffffff
     1513035000	     75550	800027a6	0079ae23	sw	x7,28(x19)	 x19:0x80025c60  x7:0x8000037a PA:0x80025c7c store:0x8000037a load:0xffffffff
     1513175000	     75557	800027aa	0289a023	sw	x8,32(x19)	 x19:0x80025c60  x8:0x7ffde19c PA:0x80025c80 store:0x7ffde19c load:0xffffffff
     1513695000	     75583	800027ae	0299a223	sw	x9,36(x19)	 x19:0x80025c60  x9:0x4e4ee000 PA:0x80025c84 store:0x4e4ee000 load:0xffffffff
     1514135000	     75605	800027b2	02a9a423	sw	x10,40(x19)	 x19:0x80025c60 x10:0x00000000 PA:0x80025c88 store:0x00000000 load:0xffffffff
     1514695000	     75633	800027b6	02b9a623	sw	x11,44(x19)	 x19:0x80025c60 x11:0x00000000 PA:0x80025c8c store:0x00000000 load:0xffffffff
     1514755000	     75636	800027ba	02c9a823	sw	x12,48(x19)	 x19:0x80025c60 x12:0x00000001 PA:0x80025c90 store:0x00000001 load:0xffffffff
     1515135000	     75655	800027be	02d9aa23	sw	x13,52(x19)	 x19:0x80025c60 x13:0x7b9aaac2 PA:0x80025c94 store:0x7b9aaac2 load:0xffffffff
     1515695000	     75683	800027c2	02e9ac23	sw	x14,56(x19)	 x19:0x80025c60 x14:0x00000000 PA:0x80025c98 store:0x00000000 load:0xffffffff
     1515815000	     75689	800027c6	02f9ae23	sw	x15,60(x19)	 x19:0x80025c60 x15:0x00000000 PA:0x80025c9c store:0x00000000 load:0xffffffff
     1515835000	     75690	800027ca	0509a023	sw	x16,64(x19)	 x19:0x80025c60 x16:0x00000000 PA:0x80025ca0 store:0x00000000 load:0xffffffff
     1515855000	     75691	800027ce	0519a223	sw	x17,68(x19)	 x19:0x80025c60 x17:0xe1bf0000 PA:0x80025ca4 store:0xe1bf0000 load:0xffffffff
     1515875000	     75692	800027d2	0529a423	sw	x18,72(x19)	 x19:0x80025c60 x18:0x00003000 PA:0x80025ca8 store:0x00003000 load:0xffffffff
     1516035000	     75700	800027d6	0539a623	sw	x19,76(x19)	 x19:0x80025c60 x19:0x80025c60 PA:0x80025cac store:0x80025c60 load:0xffffffff
     1516135000	     75705	800027da	0549a823	sw	x20,80(x19)	 x19:0x80025c60 x20:0x00009000 PA:0x80025cb0 store:0x00009000 load:0xffffffff
     1516275000	     75712	800027de	0559aa23	sw	x21,84(x19)	 x19:0x80025c60 x21:0x00000000 PA:0x80025cb4 store:0x00000000 load:0xffffffff
     1516695000	     75733	800027e2	0569ac23	sw	x22,88(x19)	 x19:0x80025c60 x22:0x8ffffff8 PA:0x80025cb8 store:0x8ffffff8 load:0xffffffff
     1516755000	     75736	800027e6	0579ae23	sw	x23,92(x19)	 x19:0x80025c60 x23:0xf1cdb000 PA:0x80025cbc store:0xf1cdb000 load:0xffffffff
     1517375000	     75767	800027ea	0789a023	sw	x24,96(x19)	 x19:0x80025c60 x24:0xfffffffb PA:0x80025cc0 store:0xfffffffb load:0xffffffff
     1517435000	     75770	800027ee	0799a223	sw	x25,100(x19)	 x19:0x80025c60 x25:0x0000f000 PA:0x80025cc4 store:0x0000f000 load:0xffffffff
     1517455000	     75771	800027f2	07a9a423	sw	x26,104(x19)	 x19:0x80025c60 x26:0x80025ce0 PA:0x80025cc8 store:0x80025ce0 load:0xffffffff
     1517475000	     75772	800027f6	07b9a623	sw	x27,108(x19)	 x19:0x80025c60 x27:0x0000001b PA:0x80025ccc store:0x0000001b load:0xffffffff
     1517915000	     75794	800027fa	07c9a823	sw	x28,112(x19)	 x19:0x80025c60 x28:0x00000000 PA:0x80025cd0 store:0x00000000 load:0xffffffff
     1517975000	     75797	800027fe	07d9aa23	sw	x29,116(x19)	 x19:0x80025c60 x29:0x00000000 PA:0x80025cd4 store:0x00000000 load:0xffffffff
     1518395000	     75818	80002802	07e9ac23	sw	x30,120(x19)	 x19:0x80025c60 x30:0x00000400 PA:0x80025cd8 store:0x00000400 load:0xffffffff
     1518455000	     75821	80002806	07f9ae23	sw	x31,124(x19)	 x19:0x80025c60 x31:0xfffffffb PA:0x80025cdc store:0xfffffffb load:0xffffffff
     1518475000	     75822	8000280a	00098d33	add	x26,x19,x0	 x19:0x80025c60  x0:0x00000000 x26=0x80025c60
     1518495000	     75823	8000280e	90000b37	lui	x22,0x90000	 x22=0x90000000
     1518515000	     75824	80002812	1b71	c.addi	x22,-4	 x22:0x90000000 x22=0x8ffffffc
     1518795000	     75838	80002814	4621	c.li	x12,8	 x12=0x00000008
     1518815000	     75839	80002816	0622	c.slli	x12,0x8	 x12:0x00000008 x12=0x00000800
     1518835000	     75840	80002818	00060613	addi	x12,x12,0	 x12:0x00000800 x12=0x00000800
     1519375000	     75867	8000281c	00cb2023	sw	x12,0(x22)	 x22:0x8ffffffc x12:0x00000800 PA:0x8ffffffc store:0x00000800 load:0xffffffff
     1519395000	     75868	80002820	34102673	csrrs	x12,mepc,x0	  x0:0x00000000 x12=0x8000038a
     1519595000	     75878	80002824	34202673	csrrs	x12,mcause,x0	  x0:0x00000000 x12=0x00000008
     1519615000	     75879	80002828	4b0d	c.li	x22,3	 x22=0x00000003
     1519635000	     75880	8000282a	01661463	bne	x12,x22,80002832	 x12:0x00000008 x22:0x00000003
     1520095000	     75903	80002832	4b21	c.li	x22,8	 x22=0x00000008
     1520215000	     75909	80002834	05660d63	beq	x12,x22,8000288e	 x12:0x00000008 x22:0x00000008
     1520475000	     75922	8000288e	90000b37	lui	x22,0x90000	 x22=0x90000000
     1520495000	     75923	80002892	1b71	c.addi	x22,-4	 x22:0x90000000 x22=0x8ffffffc
     1520515000	     75924	80002894	6605	c.lui	x12,0x1	 x12=0x00001000
     1520635000	     75930	80002896	b0060613	addi	x12,x12,-1280	 x12:0x00001000 x12=0x00000b00
     1520655000	     75931	8000289a	0622	c.slli	x12,0x8	 x12:0x00000b00 x12=0x000b0000
     1520675000	     75932	8000289c	060d	c.addi	x12,3	 x12:0x000b0000 x12=0x000b0003
     1520995000	     75948	8000289e	00cb2023	sw	x12,0(x22)	 x22:0x8ffffffc x12:0x000b0003 PA:0x8ffffffc store:0x000b0003 load:0xffffffff
     1521115000	     75954	800028a2	b0002673	csrrs	x12,mcycle,x0	  x0:0x00000000 x12=0x000128af
     1521435000	     75970	800028a6	00cb2023	sw	x12,0(x22)	 x22:0x8ffffffc x12:0x000128af PA:0x8ffffffc store:0x000128af load:0xffffffff
     1521455000	     75971	800028aa	90000b37	lui	x22,0x90000	 x22=0x90000000
     1521475000	     75972	800028ae	1b71	c.addi	x22,-4	 x22:0x90000000 x22=0x8ffffffc
     1521495000	     75973	800028b0	6605	c.lui	x12,0x1	 x12=0x00001000
     1521515000	     75974	800028b2	b8060613	addi	x12,x12,-1152	 x12:0x00001000 x12=0x00000b80
     1521535000	     75975	800028b6	0622	c.slli	x12,0x8	 x12:0x00000b80 x12=0x000b8000
     1521675000	     75982	800028b8	060d	c.addi	x12,3	 x12:0x000b8000 x12=0x000b8003
     1522095000	     76003	800028ba	00cb2023	sw	x12,0(x22)	 x22:0x8ffffffc x12:0x000b8003 PA:0x8ffffffc store:0x000b8003 load:0xffffffff
     1522115000	     76004	800028be	b8002673	csrrs	x12,mcycleh,x0	  x0:0x00000000 x12=0x00000000
     1522175000	     76007	800028c2	00cb2023	sw	x12,0(x22)	 x22:0x8ffffffc x12:0x00000000 PA:0x8ffffffc store:0x00000000 load:0xffffffff
     1522195000	     76008	800028c6	90000b37	lui	x22,0x90000	 x22=0x90000000
     1522215000	     76009	800028ca	1b71	c.addi	x22,-4	 x22:0x90000000 x22=0x8ffffffc
     1522315000	     76014	800028cc	6605	c.lui	x12,0x1	 x12=0x00001000
     1522455000	     76021	800028ce	b0360613	addi	x12,x12,-1277	 x12:0x00001000 x12=0x00000b03
     1522475000	     76022	800028d2	0622	c.slli	x12,0x8	 x12:0x00000b03 x12=0x000b0300
     1522495000	     76023	800028d4	060d	c.addi	x12,3	 x12:0x000b0300 x12=0x000b0303
     1522555000	     76026	800028d6	00cb2023	sw	x12,0(x22)	 x22:0x8ffffffc x12:0x000b0303 PA:0x8ffffffc store:0x000b0303 load:0xffffffff
     1522755000	     76036	800028da	b0302673	csrrs	x12,mhpmcounter3,x0	  x0:0x00000000 x12=0x0000012e
     1522815000	     76039	800028de	00cb2023	sw	x12,0(x22)	 x22:0x8ffffffc x12:0x0000012e PA:0x8ffffffc store:0x0000012e load:0xffffffff
     1522895000	     76043	800028e2	90000b37	lui	x22,0x90000	 x22=0x90000000
     1522915000	     76044	800028e6	1b71	c.addi	x22,-4	 x22:0x90000000 x22=0x8ffffffc
     1522935000	     76045	800028e8	6605	c.lui	x12,0x1	 x12=0x00001000
     1523095000	     76053	800028ea	b8360613	addi	x12,x12,-1149	 x12:0x00001000 x12=0x00000b83
     1523115000	     76054	800028ee	0622	c.slli	x12,0x8	 x12:0x00000b83 x12=0x000b8300
     1523255000	     76061	800028f0	060d	c.addi	x12,3	 x12:0x000b8300 x12=0x000b8303
