Time	Cycle	PC	Insn	Decoded instruction	Register and memory contents
        1055000	         6	80000080	40001d37	lui	x26,0x40001	 x26=0x40001000
        1065000	         7	80000084	106d0d13	addi	x26,x26,262	 x26:0x40001000 x26=0x40001106
        1075000	         8	80000088	301d1073	csrrw	x0,misa,x26	 x26:0x40001106  x0=0x00000000
        1105000	        11	8000008c	00026797	auipc	x15,0x26	 x15=0x8002608c
        1115000	        12	80000090	c5878793	addi	x15,x15,-936	 x15:0x8002608c x15=0x80025ce4
        1125000	        13	80000094	00002d17	auipc	x26,0x2	 x26=0x80002094
        1135000	        14	80000098	76cd0d13	addi	x26,x26,1900	 x26:0x80002094 x26=0x80002800
        1145000	        15	8000009c	001d6d13	ori	x26,x26,1	 x26:0x80002800 x26=0x80002801
        1155000	        16	800000a0	305d1073	csrrw	x0,mtvec,x26	 x26:0x80002801  x0=0x00000000
        1185000	        19	800000a4	74725073	csrrwi	x0,0x747,4	  x0=0x00000000
        1215000	        22	800000a8	00003397	auipc	x7,0x3	  x7=0x800030a8
        1225000	        23	800000ac	54438393	addi	x7,x7,1348	  x7:0x800030a8  x7=0x800035ec
        1235000	        24	800000b0	4d01	c.li	x26,0	 x26=0x00000000
        1245000	        25	800000b2	93ea	c.add	x7,x26	  x7:0x800035ec x26:0x00000000  x7=0x800035ec
        1255000	        26	800000b4	0023d393	srli	x7,x7,0x2	  x7:0x800035ec  x7=0x20000d7b
        1265000	        27	800000b8	3b039073	csrrw	x0,pmpaddr0,x7	  x7:0x20000d7b  x0=0x00000000
        1295000	        30	800000bc	00003397	auipc	x7,0x3	  x7=0x800030bc
        1305000	        31	800000c0	53038393	addi	x7,x7,1328	  x7:0x800030bc  x7=0x800035ec
        1315000	        32	800000c4	11111d37	lui	x26,0x11111	 x26=0x11111000
        1325000	        33	800000c8	111d0d13	addi	x26,x26,273	 x26:0x11111000 x26=0x11111111
        1335000	        34	800000cc	93ea	c.add	x7,x26	  x7:0x800035ec x26:0x11111111  x7=0x911146fd
        1345000	        35	800000ce	0023d393	srli	x7,x7,0x2	  x7:0x911146fd  x7=0x244451bf
        1355000	        36	800000d2	3b139073	csrrw	x0,pmpaddr1,x7	  x7:0x244451bf  x0=0x00000000
        1385000	        39	800000d6	00003397	auipc	x7,0x3	  x7=0x800030d6
        1395000	        40	800000da	51638393	addi	x7,x7,1302	  x7:0x800030d6  x7=0x800035ec
        1405000	        41	800000de	22222d37	lui	x26,0x22222	 x26=0x22222000
        1415000	        42	800000e2	222d0d13	addi	x26,x26,546	 x26:0x22222000 x26=0x22222222
        1425000	        43	800000e6	93ea	c.add	x7,x26	  x7:0x800035ec x26:0x22222222  x7=0xa222580e
        1435000	        44	800000e8	0023d393	srli	x7,x7,0x2	  x7:0xa222580e  x7=0x28889603
        1445000	        45	800000ec	3b239073	csrrw	x0,pmpaddr2,x7	  x7:0x28889603  x0=0x00000000
        1475000	        48	800000f0	00003397	auipc	x7,0x3	  x7=0x800030f0
        1485000	        49	800000f4	4fc38393	addi	x7,x7,1276	  x7:0x800030f0  x7=0x800035ec
        1495000	        50	800000f8	33333d37	lui	x26,0x33333	 x26=0x33333000
        1505000	        51	800000fc	333d0d13	addi	x26,x26,819	 x26:0x33333000 x26=0x33333333
        1515000	        52	80000100	93ea	c.add	x7,x26	  x7:0x800035ec x26:0x33333333  x7=0xb333691f
        1525000	        53	80000102	0023d393	srli	x7,x7,0x2	  x7:0xb333691f  x7=0x2cccda47
        1535000	        54	80000106	3b339073	csrrw	x0,pmpaddr3,x7	  x7:0x2cccda47  x0=0x00000000
        1565000	        57	8000010a	0f0f13b7	lui	x7,0xf0f1	  x7=0x0f0f1000
        1575000	        58	8000010e	f0f38393	addi	x7,x7,-241	  x7:0x0f0f1000  x7=0x0f0f0f0f
        1585000	        59	80000112	3a039073	csrrw	x0,pmpcfg0,x7	  x7:0x0f0f0f0f  x0=0x00000000
        1615000	        62	80000116	00003397	auipc	x7,0x3	  x7=0x80003116
        1625000	        63	8000011a	4d638393	addi	x7,x7,1238	  x7:0x80003116  x7=0x800035ec
        1635000	        64	8000011e	44444d37	lui	x26,0x44444	 x26=0x44444000
        1645000	        65	80000122	444d0d13	addi	x26,x26,1092	 x26:0x44444000 x26=0x44444444
        1655000	        66	80000126	93ea	c.add	x7,x26	  x7:0x800035ec x26:0x44444444  x7=0xc4447a30
        1665000	        67	80000128	0023d393	srli	x7,x7,0x2	  x7:0xc4447a30  x7=0x31111e8c
        1675000	        68	8000012c	3b439073	csrrw	x0,pmpaddr4,x7	  x7:0x31111e8c  x0=0x00000000
        1705000	        71	80000130	00003397	auipc	x7,0x3	  x7=0x80003130
        1715000	        72	80000134	4bc38393	addi	x7,x7,1212	  x7:0x80003130  x7=0x800035ec
        1725000	        73	80000138	55555d37	lui	x26,0x55555	 x26=0x55555000
        1735000	        74	8000013c	555d0d13	addi	x26,x26,1365	 x26:0x55555000 x26=0x55555555
        1745000	        75	80000140	93ea	c.add	x7,x26	  x7:0x800035ec x26:0x55555555  x7=0xd5558b41
        1755000	        76	80000142	0023d393	srli	x7,x7,0x2	  x7:0xd5558b41  x7=0x355562d0
        1765000	        77	80000146	3b539073	csrrw	x0,pmpaddr5,x7	  x7:0x355562d0  x0=0x00000000
        1795000	        80	8000014a	00003397	auipc	x7,0x3	  x7=0x8000314a
        1805000	        81	8000014e	4a238393	addi	x7,x7,1186	  x7:0x8000314a  x7=0x800035ec
        1815000	        82	80000152	66666d37	lui	x26,0x66666	 x26=0x66666000
        1825000	        83	80000156	666d0d13	addi	x26,x26,1638	 x26:0x66666000 x26=0x66666666
        1835000	        84	8000015a	93ea	c.add	x7,x26	  x7:0x800035ec x26:0x66666666  x7=0xe6669c52
        1845000	        85	8000015c	0023d393	srli	x7,x7,0x2	  x7:0xe6669c52  x7=0x3999a714
        1855000	        86	80000160	3b639073	csrrw	x0,pmpaddr6,x7	  x7:0x3999a714  x0=0x00000000
        1885000	        89	80000164	00003397	auipc	x7,0x3	  x7=0x80003164
        1895000	        90	80000168	48838393	addi	x7,x7,1160	  x7:0x80003164  x7=0x800035ec
        1905000	        91	8000016c	77777d37	lui	x26,0x77777	 x26=0x77777000
        1915000	        92	80000170	777d0d13	addi	x26,x26,1911	 x26:0x77777000 x26=0x77777777
        1925000	        93	80000174	93ea	c.add	x7,x26	  x7:0x800035ec x26:0x77777777  x7=0xf777ad63
        1935000	        94	80000176	0023d393	srli	x7,x7,0x2	  x7:0xf777ad63  x7=0x3dddeb58
        1945000	        95	8000017a	3b739073	csrrw	x0,pmpaddr7,x7	  x7:0x3dddeb58  x0=0x00000000
        1975000	        98	8000017e	0f0f13b7	lui	x7,0xf0f1	  x7=0x0f0f1000
        1985000	        99	80000182	f0f38393	addi	x7,x7,-241	  x7:0x0f0f1000  x7=0x0f0f0f0f
        1995000	       100	80000186	3a139073	csrrw	x0,pmpcfg1,x7	  x7:0x0f0f0f0f  x0=0x00000000
        2025000	       103	8000018a	00003397	auipc	x7,0x3	  x7=0x8000318a
        2035000	       104	8000018e	46238393	addi	x7,x7,1122	  x7:0x8000318a  x7=0x800035ec
        2045000	       105	80000192	88889d37	lui	x26,0x88889	 x26=0x88889000
        2055000	       106	80000196	888d0d13	addi	x26,x26,-1912	 x26:0x88889000 x26=0x88888888
        2065000	       107	8000019a	93ea	c.add	x7,x26	  x7:0x800035ec x26:0x88888888  x7=0x0888be74
        2075000	       108	8000019c	0023d393	srli	x7,x7,0x2	  x7:0x0888be74  x7=0x02222f9d
        2085000	       109	800001a0	3b839073	csrrw	x0,pmpaddr8,x7	  x7:0x02222f9d  x0=0x00000000
        2115000	       112	800001a4	00003397	auipc	x7,0x3	  x7=0x800031a4
        2125000	       113	800001a8	44838393	addi	x7,x7,1096	  x7:0x800031a4  x7=0x800035ec
        2135000	       114	800001ac	9999ad37	lui	x26,0x9999a	 x26=0x9999a000
        2145000	       115	800001b0	999d0d13	addi	x26,x26,-1639	 x26:0x9999a000 x26=0x99999999
        2155000	       116	800001b4	93ea	c.add	x7,x26	  x7:0x800035ec x26:0x99999999  x7=0x1999cf85
        2165000	       117	800001b6	0023d393	srli	x7,x7,0x2	  x7:0x1999cf85  x7=0x066673e1
        2175000	       118	800001ba	3b939073	csrrw	x0,pmpaddr9,x7	  x7:0x066673e1  x0=0x00000000
        2205000	       121	800001be	00003397	auipc	x7,0x3	  x7=0x800031be
        2215000	       122	800001c2	42e38393	addi	x7,x7,1070	  x7:0x800031be  x7=0x800035ec
        2225000	       123	800001c6	aaaabd37	lui	x26,0xaaaab	 x26=0xaaaab000
        2235000	       124	800001ca	aaad0d13	addi	x26,x26,-1366	 x26:0xaaaab000 x26=0xaaaaaaaa
        2245000	       125	800001ce	93ea	c.add	x7,x26	  x7:0x800035ec x26:0xaaaaaaaa  x7=0x2aaae096
        2255000	       126	800001d0	0023d393	srli	x7,x7,0x2	  x7:0x2aaae096  x7=0x0aaab825
        2265000	       127	800001d4	3ba39073	csrrw	x0,pmpaddr10,x7	  x7:0x0aaab825  x0=0x00000000
        2295000	       130	800001d8	00003397	auipc	x7,0x3	  x7=0x800031d8
        2305000	       131	800001dc	41438393	addi	x7,x7,1044	  x7:0x800031d8  x7=0x800035ec
        2315000	       132	800001e0	bbbbcd37	lui	x26,0xbbbbc	 x26=0xbbbbc000
        2325000	       133	800001e4	bbbd0d13	addi	x26,x26,-1093	 x26:0xbbbbc000 x26=0xbbbbbbbb
        2335000	       134	800001e8	93ea	c.add	x7,x26	  x7:0x800035ec x26:0xbbbbbbbb  x7=0x3bbbf1a7
        2345000	       135	800001ea	0023d393	srli	x7,x7,0x2	  x7:0x3bbbf1a7  x7=0x0eeefc69
        2355000	       136	800001ee	3bb39073	csrrw	x0,pmpaddr11,x7	  x7:0x0eeefc69  x0=0x00000000
        2385000	       139	800001f2	0f0f13b7	lui	x7,0xf0f1	  x7=0x0f0f1000
        2395000	       140	800001f6	f0f38393	addi	x7,x7,-241	  x7:0x0f0f1000  x7=0x0f0f0f0f
        2405000	       141	800001fa	3a239073	csrrw	x0,pmpcfg2,x7	  x7:0x0f0f0f0f  x0=0x00000000
        2435000	       144	800001fe	00003397	auipc	x7,0x3	  x7=0x800031fe
        2445000	       145	80000202	3ee38393	addi	x7,x7,1006	  x7:0x800031fe  x7=0x800035ec
        2455000	       146	80000206	ccccdd37	lui	x26,0xccccd	 x26=0xccccd000
        2465000	       147	8000020a	cccd0d13	addi	x26,x26,-820	 x26:0xccccd000 x26=0xcccccccc
        2475000	       148	8000020e	93ea	c.add	x7,x26	  x7:0x800035ec x26:0xcccccccc  x7=0x4ccd02b8
        2485000	       149	80000210	0023d393	srli	x7,x7,0x2	  x7:0x4ccd02b8  x7=0x133340ae
        2495000	       150	80000214	3bc39073	csrrw	x0,pmpaddr12,x7	  x7:0x133340ae  x0=0x00000000
        2525000	       153	80000218	00003397	auipc	x7,0x3	  x7=0x80003218
        2535000	       154	8000021c	3d438393	addi	x7,x7,980	  x7:0x80003218  x7=0x800035ec
        2545000	       155	80000220	dddded37	lui	x26,0xdddde	 x26=0xdddde000
        2555000	       156	80000224	dddd0d13	addi	x26,x26,-547	 x26:0xdddde000 x26=0xdddddddd
        2565000	       157	80000228	93ea	c.add	x7,x26	  x7:0x800035ec x26:0xdddddddd  x7=0x5dde13c9
        2575000	       158	8000022a	0023d393	srli	x7,x7,0x2	  x7:0x5dde13c9  x7=0x177784f2
        2585000	       159	8000022e	3bd39073	csrrw	x0,pmpaddr13,x7	  x7:0x177784f2  x0=0x00000000
        2615000	       162	80000232	00003397	auipc	x7,0x3	  x7=0x80003232
        2625000	       163	80000236	3ba38393	addi	x7,x7,954	  x7:0x80003232  x7=0x800035ec
        2635000	       164	8000023a	eeeefd37	lui	x26,0xeeeef	 x26=0xeeeef000
        2645000	       165	8000023e	eeed0d13	addi	x26,x26,-274	 x26:0xeeeef000 x26=0xeeeeeeee
        2655000	       166	80000242	93ea	c.add	x7,x26	  x7:0x800035ec x26:0xeeeeeeee  x7=0x6eef24da
        2665000	       167	80000244	0023d393	srli	x7,x7,0x2	  x7:0x6eef24da  x7=0x1bbbc936
        2675000	       168	80000248	3be39073	csrrw	x0,pmpaddr14,x7	  x7:0x1bbbc936  x0=0x00000000
        2705000	       171	8000024c	00003397	auipc	x7,0x3	  x7=0x8000324c
        2715000	       172	80000250	3a038393	addi	x7,x7,928	  x7:0x8000324c  x7=0x800035ec
        2725000	       173	80000254	fff00d13	addi	x26,x0,-1	  x0:0x00000000 x26=0xffffffff
        2735000	       174	80000258	93ea	c.add	x7,x26	  x7:0x800035ec x26:0xffffffff  x7=0x800035eb
        2745000	       175	8000025a	0023d393	srli	x7,x7,0x2	  x7:0x800035eb  x7=0x20000d7a
        2755000	       176	8000025e	3bf39073	csrrw	x0,pmpaddr15,x7	  x7:0x20000d7a  x0=0x00000000
        2785000	       179	80000262	0f0f13b7	lui	x7,0xf0f1	  x7=0x0f0f1000
        2795000	       180	80000266	f0f38393	addi	x7,x7,-241	  x7:0x0f0f1000  x7=0x0f0f0f0f
        2805000	       181	8000026a	3a339073	csrrw	x0,pmpcfg3,x7	  x7:0x0f0f0f0f  x0=0x00000000
        2835000	       184	8000026e	00000d17	auipc	x26,0x0	 x26=0x8000026e
        2845000	       185	80000272	058d0d13	addi	x26,x26,88	 x26:0x8000026e x26=0x800002c6
        2855000	       186	80000276	341d1073	csrrw	x0,mepc,x26	 x26:0x800002c6  x0=0x00000000
        2865000	       187	8000027a	7c00d073	csrrwi	x0,0x7c0,1	  x0=0x00000000
        2895000	       190	8000027e	6d09	c.lui	x26,0x2	 x26=0x00002000
        2905000	       191	80000280	800d0d13	addi	x26,x26,-2048	 x26:0x00002000 x26=0x00001800
        2915000	       192	80000284	300d1073	csrrw	x0,mstatus,x26	 x26:0x00001800  x0=0x00000000
        2945000	       195	80000288	4d01	c.li	x26,0	 x26=0x00000000
        2955000	       196	8000028a	304d1073	csrrw	x0,mie,x26	 x26:0x00000000  x0=0x00000000
        2985000	       199	8000028e	90000237	lui	x4,0x90000	  x4=0x90000000
        2995000	       200	80000292	1271	c.addi	x4,-4	  x4:0x90000000  x4=0x8ffffffc
        3005000	       201	80000294	30000d13	addi	x26,x0,768	  x0:0x00000000 x26=0x00000300
        3015000	       202	80000298	0d22	c.slli	x26,0x8	 x26:0x00000300 x26=0x00030000
        3025000	       203	8000029a	0d0d	c.addi	x26,3	 x26:0x00030000 x26=0x00030003
        3035000	       204	8000029c	01a22023	sw	x26,0(x4)	  x4:0x8ffffffc x26:0x00030003 PA:0x8ffffffc store:0x00030003 load:0x00000000
        3045000	       205	800002a0	30002d73	csrrs	x26,mstatus,x0	  x0:0x00000000 x26=0x00001800
        3055000	       206	800002a4	01a22023	sw	x26,0(x4)	  x4:0x8ffffffc x26:0x00001800 PA:0x8ffffffc store:0x00001800 load:0x00000000
        3065000	       207	800002a8	90000237	lui	x4,0x90000	  x4=0x90000000
        3075000	       208	800002ac	1271	c.addi	x4,-4	  x4:0x90000000  x4=0x8ffffffc
        3085000	       209	800002ae	30400d13	addi	x26,x0,772	  x0:0x00000000 x26=0x00000304
        3095000	       210	800002b2	0d22	c.slli	x26,0x8	 x26:0x00000304 x26=0x00030400
        3105000	       211	800002b4	0d0d	c.addi	x26,3	 x26:0x00030400 x26=0x00030403
        3115000	       212	800002b6	01a22023	sw	x26,0(x4)	  x4:0x8ffffffc x26:0x00030403 PA:0x8ffffffc store:0x00030403 load:0x00000000
        3125000	       213	800002ba	30402d73	csrrs	x26,mie,x0	  x0:0x00000000 x26=0x00000000
        3135000	       214	800002be	01a22023	sw	x26,0(x4)	  x4:0x8ffffffc x26:0x00000000 PA:0x8ffffffc store:0x00000000 load:0x00000000
        3145000	       215	800002c2	30200073	mret	
        3185000	       219	800002c6	00100013	addi	x0,x0,1	  x0:0x00000000  x0=0x00000000
        3195000	       220	800002ca	49ecc0b7	lui	x1,0x49ecc	  x1=0x49ecc000
        3205000	       221	800002ce	08708093	addi	x1,x1,135	  x1:0x49ecc000  x1=0x49ecc087
        3215000	       222	800002d2	4101	c.li	x2,0	  x2=0x00000000
        3225000	       223	800002d4	800001b7	lui	x3,0x80000	  x3=0x80000000
        3235000	       224	800002d8	80000237	lui	x4,0x80000	  x4=0x80000000
        3245000	       225	800002dc	4281	c.li	x5,0	  x5=0x00000000
        3255000	       226	800002de	80000337	lui	x6,0x80000	  x6=0x80000000
        3265000	       227	800002e2	800003b7	lui	x7,0x80000	  x7=0x80000000
        3275000	       228	800002e6	4435	c.li	x8,13	  x8=0x0000000d
        3285000	       229	800002e8	f3c464b7	lui	x9,0xf3c46	  x9=0xf3c46000
        3295000	       230	800002ec	49248493	addi	x9,x9,1170	  x9:0xf3c46000  x9=0xf3c46492
        3305000	       231	800002f0	7db24537	lui	x10,0x7db24	 x10=0x7db24000
        3315000	       232	800002f4	02d50513	addi	x10,x10,45	 x10:0x7db24000 x10=0x7db2402d
        3325000	       233	800002f8	f1e8b5b7	lui	x11,0xf1e8b	 x11=0xf1e8b000
        3335000	       234	800002fc	1fd58593	addi	x11,x11,509	 x11:0xf1e8b000 x11=0xf1e8b1fd
        3345000	       235	80000300	ea41f637	lui	x12,0xea41f	 x12=0xea41f000
        3355000	       236	80000304	80f60613	addi	x12,x12,-2033	 x12:0xea41f000 x12=0xea41e80f
        3365000	       237	80000308	4695	c.li	x13,5	 x13=0x00000005
        3375000	       238	8000030a	4701	c.li	x14,0	 x14=0x00000000
        3385000	       239	8000030c	80000837	lui	x16,0x80000	 x16=0x80000000
        3395000	       240	80000310	800008b7	lui	x17,0x80000	 x17=0x80000000
        3405000	       241	80000314	80000937	lui	x18,0x80000	 x18=0x80000000
        3415000	       242	80000318	247fa9b7	lui	x19,0x247fa	 x19=0x247fa000
        3425000	       243	8000031c	13498993	addi	x19,x19,308	 x19:0x247fa000 x19=0x247fa134
        3435000	       244	80000320	80000a37	lui	x20,0x80000	 x20=0x80000000
        3445000	       245	80000324	3377aab7	lui	x21,0x3377a	 x21=0x3377a000
        3455000	       246	80000328	6b3a8a93	addi	x21,x21,1715	 x21:0x3377a000 x21=0x3377a6b3
        3465000	       247	8000032c	4b39	c.li	x22,14	 x22=0x0000000e
        3475000	       248	8000032e	80000bb7	lui	x23,0x80000	 x23=0x80000000
        3485000	       249	80000332	e4118c37	lui	x24,0xe4118	 x24=0xe4118000
        3495000	       250	80000336	4b0c0c13	addi	x24,x24,1200	 x24:0xe4118000 x24=0xe41184b0
        3505000	       251	8000033a	ff8e3cb7	lui	x25,0xff8e3	 x25=0xff8e3000
        3515000	       252	8000033e	42dc8c93	addi	x25,x25,1069	 x25:0xff8e3000 x25=0xff8e342d
        3525000	       253	80000342	4d01	c.li	x26,0	 x26=0x00000000
        3535000	       254	80000344	f756edb7	lui	x27,0xf756e	 x27=0xf756e000
        3545000	       255	80000348	58bd8d93	addi	x27,x27,1419	 x27:0xf756e000 x27=0xf756e58b
        3555000	       256	8000034c	b0c56eb7	lui	x29,0xb0c56	 x29=0xb0c56000
        3565000	       257	80000350	673e8e93	addi	x29,x29,1651	 x29:0xb0c56000 x29=0xb0c56673
        3575000	       258	80000354	f208df37	lui	x30,0xf208d	 x30=0xf208d000
        3585000	       259	80000358	d6cf0f13	addi	x30,x30,-660	 x30:0xf208d000 x30=0xf208cd6c
        3595000	       260	8000035c	09249fb7	lui	x31,0x9249	 x31=0x09249000
        3605000	       261	80000360	2b6f8f93	addi	x31,x31,694	 x31:0x09249000 x31=0x092492b6
        3615000	       262	80000364	00022e17	auipc	x28,0x22	 x28=0x80022364
        3625000	       263	80000368	b00e0e13	addi	x28,x28,-1280	 x28:0x80022364 x28=0x80021e64
        3635000	       264	8000036c	90000237	lui	x4,0x90000	  x4=0x90000000
        3645000	       265	80000370	1271	c.addi	x4,-4	  x4:0x90000000  x4=0x8ffffffc
        3655000	       266	80000372	4d01	c.li	x26,0	 x26=0x00000000
        3665000	       267	80000374	0d22	c.slli	x26,0x8	 x26:0x00000000 x26=0x00000000
        3675000	       268	80000376	000d0d13	addi	x26,x26,0	 x26:0x00000000 x26=0x00000000
        3685000	       269	8000037a	01a22023	sw	x26,0(x4)	  x4:0x8ffffffc x26:0x00000000 PA:0x8ffffffc store:0x00000000 load:0x00000000
        3695000	       270	8000037e	26e0306f	jal	x0,800035ec	  x0=0x00000000
        3715000	       272	800035ec	00fd1a13	slli	x20,x26,0xf	 x26:0x00000000 x20=0x00000000
        3725000	       273	800035f0	8a39	c.andi	x12,14	 x12:0xea41e80f x12=0x0000000e
        3735000	       274	800035f2	009240b3	xor	x1,x4,x9	  x4:0x8ffffffc  x9:0xf3c46492  x1=0x7c3b9b6e
        3745000	       275	800035f6	0de6	c.slli	x27,0x19	 x27:0xf756e58b x27=0x16000000
        3755000	       276	800035f8	01254263	blt	x10,x18,800035fc	 x10:0x7db2402d x18:0x80000000
        3765000	       277	800035fc	8d1d	c.sub	x10,x15	 x10:0x7db2402d x15:0x80025ce4 x10=0xfdafe349
        3775000	       278	800035fe	6321	c.lui	x6,0x8	  x6=0x00008000
        3785000	       279	80003600	8962	c.mv	x18,x24	  x0:0x00000000 x24:0xe41184b0 x18=0xe41184b0
        3795000	       280	80003602	edeeeb13	ori	x22,x29,-290	 x29:0xb0c56673 x22=0xfffffeff
        3805000	       281	80003606	00c71d63	bne	x14,x12,80003620	 x14:0x00000000 x12:0x0000000e
        3825000	       283	80003620	00ad58b3	srl	x17,x26,x10	 x26:0x00000000 x10:0xfdafe349 x17=0x00000000
        3835000	       284	80003624	97a26493	ori	x9,x4,-1670	  x4:0x8ffffffc  x9=0xfffffffe
        3845000	       285	80003628	0cb2	c.slli	x25,0xc	 x25:0xff8e342d x25=0xe342d000
        3855000	       286	8000362a	82f6	c.mv	x5,x29	  x0:0x00000000 x29:0xb0c56673  x5=0xb0c56673
        3895000	       290	8000362c	024fb133	mulhu	x2,x31,x4	 x31:0x092492b6  x4:0x8ffffffc  x2=0x05249286
        3905000	       291	80003630	9a7d	c.andi	x12,-1	 x12:0x0000000e x12=0x0000000e
        3915000	       292	80003632	340c90f3	csrrw	x1,mscratch,x25	 x25:0xe342d000  x1=0x00000000
        3925000	       293	80003636	8eb5	c.xor	x13,x13	 x13:0x00000005 x13:0x00000005 x13=0x00000000
        3935000	       294	80003638	8f01	c.sub	x14,x8	 x14:0x00000000  x8:0x0000000d x14=0xfffffff3
        3945000	       295	8000363a	00000217	auipc	x4,0x0	  x4=0x8000363a
        3955000	       296	8000363e	17620213	addi	x4,x4,374	  x4:0x8000363a  x4=0x800037b0
        3965000	       297	80003642	40b80bb3	sub	x23,x16,x11	 x16:0x80000000 x11:0xf1e8b1fd x23=0x8e174e03
        3975000	       298	80003646	25b20213	addi	x4,x4,603	  x4:0x800037b0  x4=0x80003a0b
        3985000	       299	8000364a	017d5763	bge	x26,x23,80003658	 x26:0x00000000 x23:0x8e174e03
        4005000	       301	80003658	da620ae7	jalr	x21,-602(x4)	  x4:0x80003a0b x21=0x8000365c
        4025000	       303	800037b0	1e41	c.addi	x28,-16	 x28:0x80021e64 x28=0x80021e54
        4035000	       304	800037b2	0a6a	c.slli	x20,0x1a	 x20:0x00000000 x20=0x00000000
        4045000	       305	800037b4	41dadd93	srai	x27,x21,0x1d	 x21:0x8000365c x27=0xfffffffc
        4055000	       306	800037b8	340031f3	csrrc	x3,mscratch,x0	  x0:0x00000000  x3=0xe342d000
        4065000	       307	800037bc	40f5d693	srai	x13,x11,0xf	 x11:0xf1e8b1fd x13=0xffffe3d1
        4435000	       344	800037c0	032f6733	rem	x14,x30,x18	 x30:0xf208cd6c x18:0xe41184b0 x14=0xf208cd6c
        4445000	       345	800037c4	015e2223	sw	x21,4(x28)	 x28:0x80021e54 x21:0x8000365c PA:0x80021e58 store:0x8000365c load:0x00000000
        4455000	       346	800037c8	414888b3	sub	x17,x17,x20	 x17:0x00000000 x20:0x00000000 x17=0x00000000
        4465000	       347	800037cc	01dd7f33	and	x30,x26,x29	 x26:0x00000000 x29:0xb0c56673 x30=0x00000000
        4475000	       348	800037d0	8cb5	c.xor	x9,x13	  x9:0xfffffffe x13:0xffffe3d1  x9=0x00001c2f
        4485000	       349	800037d2	000e1833	sll	x16,x28,x0	 x28:0x80021e54  x0:0x00000000 x16=0x80021e54
        4495000	       350	800037d6	0001	c.addi	x0,0	  x0:0x00000000  x0=0x00000000
        4525000	       353	800037d8	026b8433	mul	x8,x23,x6	 x23:0x8e174e03  x6:0x00008000  x8=0xa7018000
        4535000	       354	800037dc	426af837	lui	x16,0x426af	 x16=0x426af000
        4545000	       355	800037e0	99fe	c.add	x19,x31	 x19:0x247fa134 x31:0x092492b6 x19=0x2da433ea
        4555000	       356	800037e2	340a10f3	csrrw	x1,mscratch,x20	 x20:0x00000000  x1=0xe342d000
        4565000	       357	800037e6	ea19	c.bnez	x12,800037fc	 x12:0x0000000e
        4615000	       362	800037fc	03f514b3	mulh	x9,x10,x31	 x10:0xfdafe349 x31:0x092492b6  x9=0xffeada66
        4625000	       363	80003800	633d	c.lui	x6,0xf	  x6=0x0000f000
        4635000	       364	80003802	015f1cb3	sll	x25,x30,x21	 x30:0x00000000 x21:0x8000365c x25=0x00000000
        4645000	       365	80003806	036c1863	bne	x24,x22,80003836	 x24:0xe41184b0 x22:0xfffffeff
        4675000	       368	80003836	00815993	srli	x19,x2,0x8	  x2:0x05249286 x19=0x00052492
        4685000	       369	8000383a	268e6613	ori	x12,x28,616	 x28:0x80021e54 x12=0x80021e7c
        4695000	       370	8000383e	72366093	ori	x1,x12,1827	 x12:0x80021e7c  x1=0x80021f7f
        4705000	       371	80003842	029b7363	bgeu	x22,x9,80003868	 x22:0xfffffeff  x9:0xffeada66
        4725000	       373	80003868	340a6af3	csrrsi	x21,mscratch,20	 x21=0x00000000
        4735000	       374	8000386c	e489	c.bnez	x9,80003876	  x9:0xffeada66
        4765000	       377	80003876	00285033	srl	x0,x16,x2	 x16:0x426af000  x2:0x05249286  x0=0x00000000
        4775000	       378	8000387a	9cc2	c.add	x25,x16	 x25:0x00000000 x16:0x426af000 x25=0x426af000
        4785000	       379	8000387c	c605	c.beqz	x12,800038a4	 x12:0x80021e7c
        4795000	       380	8000387e	1084	c.addi4spn	x9,x2,96	  x9=0x052492e6
        4805000	       381	80003880	5ffd	c.li	x31,-1	 x31=0xffffffff
        4845000	       385	80003882	02beaf33	mulhsu	x30,x29,x11	 x29:0xb0c56673 x11:0xf1e8b1fd x30=0xb521d141
        4855000	       386	80003886	01cce363	bltu	x25,x28,8000388c	 x25:0x426af000 x28:0x80021e54
        4875000	       388	8000388c	03ec8a63	beq	x25,x30,800038c0	 x25:0x426af000 x30:0xb521d141
        4885000	       389	80003890	401859b3	sra	x19,x16,x1	 x16:0x426af000  x1:0x80021f7f x19=0x00000000
        4895000	       390	80003894	0001	c.addi	x0,0	  x0:0x00000000  x0=0x00000000
        4905000	       391	80003896	858a	c.mv	x11,x2	  x0:0x00000000  x2:0x05249286 x11=0x05249286
        4915000	       392	80003898	d81de193	ori	x3,x27,-639	 x27:0xfffffffc  x3=0xfffffffd
        4925000	       393	8000389c	34029573	csrrw	x10,mscratch,x5	  x5:0xb0c56673 x10=0x00000014
        4935000	       394	800038a0	84b1	c.srai	x9,0xc	  x9:0x052492e6  x9=0x00005249
        4945000	       395	800038a2	835a	c.mv	x6,x22	  x0:0x00000000 x22:0xfffffeff  x6=0xfffffeff
        4955000	       396	800038a4	024e	c.slli	x4,0x13	  x4:0x80003a0b  x4=0xd0580000
        4995000	       400	800038a6	031625b3	mulhsu	x11,x12,x17	 x12:0x80021e7c x17:0x00000000 x11=0x00000000
        5005000	       401	800038aa	00707f63	bgeu	x0,x7,800038c8	  x0:0x00000000  x7:0x80000000
        5015000	       402	800038ae	0ff0000f	fence	iorw,iorw	
        5025000	       403	800038b2	0001	c.addi	x0,0	  x0:0x00000000  x0=0x00000000
        5045000	       405	800038b4	035a58b3	divu	x17,x20,x21	 x20:0x00000000 x21:0x00000000 x17=0xffffffff
        5055000	       406	800038b8	0001	c.addi	x0,0	  x0:0x00000000  x0=0x00000000
        5065000	       407	800038ba	039f8063	beq	x31,x25,800038da	 x31:0xffffffff x25:0x426af000
        5075000	       408	800038be	8f6e	c.mv	x30,x27	  x0:0x00000000 x27:0xfffffffc x30=0xfffffffc
        5085000	       409	800038c0	40000fb3	sub	x31,x0,x0	  x0:0x00000000  x0:0x00000000 x31=0x00000000
        5095000	       410	800038c4	88a1	c.andi	x9,8	  x9:0x00005249  x9=0x00000008
        5105000	       411	800038c6	8e11	c.sub	x12,x12	 x12:0x80021e7c x12:0x80021e7c x12=0x00000000
        5115000	       412	800038c8	2b934f93	xori	x31,x6,697	  x6:0xfffffeff x31=0xfffffc46
        5125000	       413	800038cc	0000100f	fence.i	
        5145000	       415	800038d0	00e59b93	slli	x23,x11,0xe	 x11:0x00000000 x23=0x00000000
        5155000	       416	800038d4	c715	c.beqz	x14,80003900	 x14:0xf208cd6c
        5165000	       417	800038d6	007c5f33	srl	x30,x24,x7	 x24:0xe41184b0  x7:0x80000000 x30=0xe41184b0
        5175000	       418	800038da	41798f13	addi	x30,x19,1047	 x19:0x00000000 x30=0x00000417
        5185000	       419	800038de	021f6e63	bltu	x30,x1,8000391a	 x30:0x00000417  x1:0x80021f7f
        5205000	       421	8000391a	1008	c.addi4spn	x10,x2,32	 x10=0x052492a6
        5215000	       422	8000391c	34076af3	csrrsi	x21,mscratch,14	 x21=0xb0c56673
        5225000	       423	80003920	0001	c.addi	x0,0	  x0:0x00000000  x0=0x00000000
        5235000	       424	80003922	00056a33	or	x20,x10,x0	 x10:0x052492a6  x0:0x00000000 x20=0x052492a6
        5605000	       461	80003926	03445ab3	divu	x21,x8,x20	  x8:0xa7018000 x20:0x052492a6 x21=0x00000020
        5975000	       498	8000392a	026148b3	div	x17,x2,x6	  x2:0x05249286  x6:0xfffffeff x17=0xfffae08d
        5985000	       499	8000392e	01465733	srl	x14,x12,x20	 x12:0x00000000 x20:0x052492a6 x14=0x00000000
        5995000	       500	80003932	00bdcc33	xor	x24,x27,x11	 x27:0xfffffffc x11:0x00000000 x24=0xfffffffc
        6005000	       501	80003936	94531d37	lui	x26,0x94531	 x26=0x94531000
        6015000	       502	8000393a	00c27433	and	x8,x4,x12	  x4:0xd0580000 x12:0x00000000  x8=0x00000000
        6025000	       503	8000393e	8c5a	c.mv	x24,x22	  x0:0x00000000 x22:0xfffffeff x24=0xfffffeff
        6035000	       504	80003940	02748c63	beq	x9,x7,80003978	  x9:0x00000008  x7:0x80000000
        6045000	       505	80003944	4f15	c.li	x30,5	 x30=0x00000005
        6415000	       542	80003946	0225c9b3	div	x19,x11,x2	 x11:0x00000000  x2:0x05249286 x19=0x00000000
        6425000	       543	8000394a	0000100f	fence.i	
        6815000	       582	8000394e	0256f633	remu	x12,x13,x5	 x13:0xffffe3d1  x5:0xb0c56673 x12=0x4f3a7d5e
        6825000	       583	80003952	00490763	beq	x18,x4,80003960	 x18:0xe41184b0  x4:0xd0580000
        7195000	       620	80003956	03c07c33	remu	x24,x0,x28	  x0:0x00000000 x28:0x80021e54 x24=0x00000000
        7205000	       621	8000395a	02e20a63	beq	x4,x14,8000398e	  x4:0xd0580000 x14:0x00000000
        7215000	       622	8000395e	8c59	c.or	x8,x14	  x8:0x00000000 x14:0x00000000  x8=0x00000000
        7255000	       626	80003960	02c236b3	mulhu	x13,x4,x12	  x4:0xd0580000 x12:0x4f3a7d5e x13=0x407ac1f7
        7265000	       627	80003964	841d	c.srai	x8,0x7	  x8:0x00000000  x8=0x00000000
        7275000	       628	80003966	02131a63	bne	x6,x1,8000399a	  x6:0xfffffeff  x1:0x80021f7f
        7295000	       630	8000399a	e289	c.bnez	x13,8000399c	 x13:0x407ac1f7
        7315000	       632	8000399c	cd81	c.beqz	x11,800039b4	 x11:0x00000000
        7335000	       634	800039b4	6cad	c.lui	x25,0xb	 x25=0x0000b000
        7345000	       635	800039b6	45c9	c.li	x11,18	 x11=0x00000012
        7355000	       636	800039b8	81fa	c.mv	x3,x30	  x0:0x00000000 x30:0x00000005  x3=0x00000005
        7365000	       637	800039ba	0eb2	c.slli	x29,0xc	 x29:0xb0c56673 x29=0x56673000
        7375000	       638	800039bc	00f65193	srli	x3,x12,0xf	 x12:0x4f3a7d5e  x3=0x00009e74
        7385000	       639	800039c0	0574f263	bgeu	x9,x23,80003a04	  x9:0x00000008 x23:0x00000000
        7405000	       641	80003a04	00471363	bne	x14,x4,80003a0a	 x14:0x00000000  x4:0xd0580000
        7465000	       647	80003a0a	02111bb3	mulh	x23,x2,x1	  x2:0x05249286  x1:0x80021f7f x23=0xfd6dc1a8
        7475000	       648	80003a0e	41f3d333	sra	x6,x7,x31	  x7:0x80000000 x31:0xfffffc46  x6=0xfe000000
        7485000	       649	80003a12	80e9	c.srli	x9,0x1a	  x9:0x00000008  x9=0x00000000
        7495000	       650	80003a14	0001	c.addi	x0,0	  x0:0x00000000  x0=0x00000000
        7505000	       651	80003a16	894d	c.andi	x10,19	 x10:0x052492a6 x10=0x00000002
        7515000	       652	80003a18	34002673	csrrs	x12,mscratch,x0	  x0:0x00000000 x12=0xb0c5667f
        7525000	       653	80003a1c	0e14	c.addi4spn	x13,x2,784	 x13=0x05249596
        7535000	       654	80003a1e	0001	c.addi	x0,0	  x0:0x00000000  x0=0x00000000
        7545000	       655	80003a20	923e	c.add	x4,x15	  x4:0xd0580000 x15:0x80025ce4  x4=0x505a5ce4
        7555000	       656	80003a22	006eccb3	xor	x25,x29,x6	 x29:0x56673000  x6:0xfe000000 x25=0xa8673000
        7565000	       657	80003a26	9b04a693	slti	x13,x9,-1616	  x9:0x00000000 x13=0x00000000
        7575000	       658	80003a2a	00219bb3	sll	x23,x3,x2	  x3:0x00009e74  x2:0x05249286 x23=0x00279d00
        7945000	       695	80003a2e	02fdf0b3	remu	x1,x27,x15	 x27:0xfffffffc x15:0x80025ce4  x1=0x7ffda318
        7955000	       696	80003a32	00109cb3	sll	x25,x1,x1	  x1:0x7ffda318  x1:0x7ffda318 x25=0x18000000
        7965000	       697	80003a36	32e0b593	sltiu	x11,x1,814	  x1:0x7ffda318 x11=0x00000000
        7975000	       698	80003a3a	011131b3	sltu	x3,x2,x17	  x2:0x05249286 x17:0xfffae08d  x3=0x00000001
        7985000	       699	80003a3e	41b65c33	sra	x24,x12,x27	 x12:0xb0c5667f x27:0xfffffffc x24=0xfffffffb
        7995000	       700	80003a42	34003173	csrrc	x2,mscratch,x0	  x0:0x00000000  x2=0xb0c5667f
        8005000	       701	80003a46	f6a1e913	ori	x18,x3,-150	  x3:0x00000001 x18=0xffffff6b
        8015000	       702	80003a4a	8ea9	c.xor	x13,x10	 x13:0x00000000 x10:0x00000002 x13=0x00000002
        8025000	       703	80003a4c	8df5	c.and	x11,x13	 x11:0x00000000 x13:0x00000002 x11=0x00000000
        8035000	       704	80003a4e	00bdaab3	slt	x21,x27,x11	 x27:0xfffffffc x11:0x00000000 x21=0x00000001
        8045000	       705	80003a52	400206b3	sub	x13,x4,x0	  x4:0x505a5ce4  x0:0x00000000 x13=0x505a5ce4
        8055000	       706	80003a56	34043ff3	csrrc	x31,mscratch,x8	  x8:0x00000000 x31=0xb0c5667f
        8425000	       743	80003a5a	024e6cb3	rem	x25,x28,x4	 x28:0x80021e54  x4:0x505a5ce4 x25=0xd05c7b38
        8435000	       744	80003a5e	8e59	c.or	x12,x14	 x12:0xb0c5667f x14:0x00000000 x12=0xb0c5667f
        8445000	       745	80003a60	1884	c.addi4spn	x9,x2,112	  x9=0xb0c566ef
        8485000	       749	80003a62	03ae9033	mulh	x0,x29,x26	 x29:0x56673000 x26:0x94531000  x0=0x00000000
        8495000	       750	80003a66	00780b33	add	x22,x16,x7	 x16:0x426af000  x7:0x80000000 x22=0xc26af000
        8505000	       751	80003a6a	6283ab93	slti	x23,x7,1576	  x7:0x80000000 x23=0x00000001
        8515000	       752	80003a6e	8f09	c.sub	x14,x10	 x14:0x00000000 x10:0x00000002 x14=0xfffffffe
        8525000	       753	80003a70	85a5	c.srai	x11,0x9	 x11:0x00000000 x11=0x00000000
        8535000	       754	80003a72	0016b933	sltu	x18,x13,x1	 x13:0x505a5ce4  x1:0x7ffda318 x18=0x00000001
        8545000	       755	80003a76	0000100f	fence.i	
        8575000	       758	80003a7a	400e5533	sra	x10,x28,x0	 x28:0x80021e54  x0:0x00000000 x10=0x80021e54
        8585000	       759	80003a7e	8115	c.srli	x10,0x5	 x10:0x80021e54 x10=0x040010f2
        8595000	       760	80003a80	8e39	c.xor	x12,x14	 x12:0xb0c5667f x14:0xfffffffe x12=0x4f3a9981
        8605000	       761	80003a82	0a0c	c.addi4spn	x11,x2,272	 x11=0xb0c5678f
        8615000	       762	80003a84	8145	c.srli	x10,0x11	 x10:0x040010f2 x10=0x00000200
        8625000	       763	80003a86	8ed9	c.or	x13,x14	 x13:0x505a5ce4 x14:0xfffffffe x13=0xfffffffe
        8635000	       764	80003a88	51484013	xori	x0,x16,1300	 x16:0x426af000  x0=0x00000000
        8645000	       765	80003a8c	014c1993	slli	x19,x24,0x14	 x24:0xfffffffb x19=0xffb00000
        8655000	       766	80003a90	0f2a	c.slli	x30,0xa	 x30:0x00000005 x30=0x00001400
        8665000	       767	80003a92	016350b3	srl	x1,x6,x22	  x6:0xfe000000 x22:0xc26af000  x1=0xfe000000
        8675000	       768	80003a96	0ff0000f	fence	iorw,iorw	
        8685000	       769	80003a9a	824e	c.mv	x4,x19	  x0:0x00000000 x19:0xffb00000  x4=0xffb00000
        8695000	       770	80003a9c	008cb333	sltu	x6,x25,x8	 x25:0xd05c7b38  x8:0x00000000  x6=0x00000000
        8705000	       771	80003aa0	01d18263	beq	x3,x29,80003aa4	  x3:0x00000001 x29:0x56673000
        8715000	       772	80003aa4	340134f3	csrrc	x9,mscratch,x2	  x2:0xb0c5667f  x9=0xb0c5667f
        8725000	       773	80003aa8	8d81	c.sub	x11,x8	 x11:0xb0c5678f  x8:0x00000000 x11=0xb0c5678f
        8735000	       774	80003aaa	8ca5	c.xor	x9,x9	  x9:0xb0c5667f  x9:0xb0c5667f  x9=0x00000000
        8745000	       775	80003aac	0021afb3	slt	x31,x3,x2	  x3:0x00000001  x2:0xb0c5667f x31=0x00000000
        8755000	       776	80003ab0	0000100f	fence.i	
        8775000	       778	80003ab4	66b5	c.lui	x13,0xd	 x13=0x0000d000
        8785000	       779	80003ab6	0b98	c.addi4spn	x14,x2,464	 x14=0xb0c5684f
        8795000	       780	80003ab8	81dd	c.srli	x11,0x17	 x11:0xb0c5678f x11=0x00000161
        8805000	       781	80003aba	8c7e	c.mv	x24,x31	  x0:0x00000000 x31:0x00000000 x24=0x00000000
        8815000	       782	80003abc	1f98	c.addi4spn	x14,x2,1008	 x14=0xb0c56a6f
        8825000	       783	80003abe	02710063	beq	x2,x7,80003ade	  x2:0xb0c5667f  x7:0x80000000
        8835000	       784	80003ac2	517d	c.li	x2,-1	  x2=0xffffffff
        8845000	       785	80003ac4	6149	c.addi16sp	x2,144	  x2:0xffffffff  x2=0x0000008f
        8855000	       786	80003ac6	004fbeb3	sltu	x29,x31,x4	 x31:0x00000000  x4:0xffb00000 x29=0x00000001
        8865000	       787	80003aca	01a51413	slli	x8,x10,0x1a	 x10:0x00000200  x8=0x00000000
        9235000	       824	80003ace	02fefdb3	remu	x27,x29,x15	 x29:0x00000001 x15:0x80025ce4 x27=0x00000001
        9245000	       825	80003ad2	6ff9fa13	andi	x20,x19,1791	 x19:0xffb00000 x20=0x00000000
        9275000	       828	80003ad6	03418333	mul	x6,x3,x20	  x3:0x00000001 x20:0x00000000  x6=0x00000000
        9285000	       829	80003ada	9afd	c.andi	x13,-1	 x13:0x0000d000 x13=0x0000d000
        9295000	       830	80003adc	8c01	c.sub	x8,x8	  x8:0x00000000  x8:0x00000000  x8=0x00000000
        9305000	       831	80003ade	0009b9b3	sltu	x19,x19,x0	 x19:0xffb00000  x0:0x00000000 x19=0x00000000
        9315000	       832	80003ae2	061bbc37	lui	x24,0x61bb	 x24=0x061bb000
        9685000	       869	80003ae6	02587c33	remu	x24,x16,x5	 x16:0x426af000  x5:0xb0c56673 x24=0x426af000
       10055000	       906	80003aea	03c86a33	rem	x20,x16,x28	 x16:0x426af000 x28:0x80021e54 x20=0x426af000
       10065000	       907	80003aee	3819b313	sltiu	x6,x19,897	 x19:0x00000000  x6=0x00000001
       10075000	       908	80003af2	4d697713	andi	x14,x18,1238	 x18:0x00000001 x14=0x00000000
       10085000	       909	80003af6	fff54813	xori	x16,x10,-1	 x10:0x00000200 x16=0xfffffdff
       10095000	       910	80003afa	d1d7ab37	lui	x22,0xd1d7a	 x22=0xd1d7a000
       10105000	       911	80003afe	e819	c.bnez	x8,80003b14	  x8:0x00000000
       10115000	       912	80003b00	0e80	c.addi4spn	x8,x2,848	  x8=0x000003df
       10125000	       913	80003b02	3403def3	csrrwi	x29,mscratch,7	 x29=0x00000000
       10135000	       914	80003b06	0001	c.addi	x0,0	  x0:0x00000000  x0=0x00000000
       10175000	       918	80003b08	0343b633	mulhu	x12,x7,x20	  x7:0x80000000 x20:0x426af000 x12=0x21357800
       10185000	       919	80003b0c	03141463	bne	x8,x17,80003b34	  x8:0x000003df x17:0xfffae08d
       10205000	       921	80003b34	0ff0000f	fence	iorw,iorw	
       10215000	       922	80003b38	8d49	c.or	x10,x10	 x10:0x00000200 x10:0x00000200 x10=0x00000200
       10225000	       923	80003b3a	340072f3	csrrci	x5,mscratch,0	  x5=0x00000007
       10235000	       924	80003b3e	8d21	c.xor	x10,x8	 x10:0x00000200  x8:0x000003df x10=0x000001df
       10245000	       925	80003b40	000bd333	srl	x6,x23,x0	 x23:0x00000001  x0:0x00000000  x6=0x00000001
       10255000	       926	80003b44	0496	c.slli	x9,0x5	  x9:0x00000000  x9=0x00000000
       10265000	       927	80003b46	01a4b2b3	sltu	x5,x9,x26	  x9:0x00000000 x26:0x94531000  x5=0x00000001
       10275000	       928	80003b4a	8bd2	c.mv	x23,x20	  x0:0x00000000 x20:0x426af000 x23=0x426af000
       10285000	       929	80003b4c	0215	c.addi	x4,5	  x4:0xffb00000  x4=0xffb00005
       10295000	       930	80003b4e	413f5093	srai	x1,x30,0x13	 x30:0x00001400  x1=0x00000000
       10305000	       931	80003b52	01f9f363	bgeu	x19,x31,80003b58	 x19:0x00000000 x31:0x00000000
       10325000	       933	80003b58	40bb0db3	sub	x27,x22,x11	 x22:0xd1d7a000 x11:0x00000161 x27=0xd1d79e9f
       10355000	       936	80003b5c	025e0833	mul	x16,x28,x5	 x28:0x80021e54  x5:0x00000001 x16=0x80021e54
       10365000	       937	80003b60	0ee6	c.slli	x29,0x19	 x29:0x00000000 x29=0x00000000
       10375000	       938	80003b62	089e	c.slli	x17,0x7	 x17:0xfffae08d x17=0xfd704680
       10385000	       939	80003b64	34063573	csrrc	x10,mscratch,x12	 x12:0x21357800 x10=0x00000007
       10395000	       940	80003b68	84c9	c.srai	x9,0x12	  x9:0x00000000  x9=0x00000000
       10405000	       941	80003b6a	848d	c.srai	x9,0x3	  x9:0x00000000  x9=0x00000000
       10775000	       978	80003b6c	03e84c33	div	x24,x16,x30	 x16:0x80021e54 x30:0x00001400 x24=0xfff999b5
       10785000	       979	80003b70	019a8833	add	x16,x21,x25	 x21:0x00000001 x25:0xd05c7b38 x16=0xd05c7b39
       10795000	       980	80003b74	ce3cfd93	andi	x27,x25,-797	 x25:0xd05c7b38 x27=0xd05c7820
       10805000	       981	80003b78	0001	c.addi	x0,0	  x0:0x00000000  x0=0x00000000
       10815000	       982	80003b7a	00946763	bltu	x8,x9,80003b88	  x8:0x000003df  x9:0x00000000
       10825000	       983	80003b7e	0ff0000f	fence	iorw,iorw	
       11195000	      1020	80003b82	027d70b3	remu	x1,x26,x7	 x26:0x94531000  x7:0x80000000  x1=0x14531000
       11205000	      1021	80003b86	0001	c.addi	x0,0	  x0:0x00000000  x0=0x00000000
       11215000	      1022	80003b88	8661	c.srai	x12,0x18	 x12:0x21357800 x12=0x00000021
       11585000	      1059	80003b8a	02a349b3	div	x19,x6,x10	  x6:0x00000001 x10:0x00000007 x19=0x00000000
       11625000	      1063	80003b8e	035594b3	mulh	x9,x11,x21	 x11:0x00000161 x21:0x00000001  x9=0x00000000
       11665000	      1067	80003b92	03043533	mulhu	x10,x8,x16	  x8:0x000003df x16:0xd05c7b39 x10=0x00000326
       11675000	      1068	80003b96	41e88fb3	sub	x31,x17,x30	 x17:0xfd704680 x30:0x00001400 x31=0xfd703280
       11685000	      1069	80003b9a	340068f3	csrrsi	x17,mscratch,0	 x17=0x00000007
       11695000	      1070	80003b9e	00238233	add	x4,x7,x2	  x7:0x80000000  x2:0x0000008f  x4=0x8000008f
       11705000	      1071	80003ba2	8c21	c.xor	x8,x8	  x8:0x000003df  x8:0x000003df  x8=0x00000000
       11715000	      1072	80003ba4	003fc763	blt	x31,x3,80003bb2	 x31:0xfd703280  x3:0x00000001
       11745000	      1075	80003bb2	01c91713	slli	x14,x18,0x1c	 x18:0x00000001 x14=0x10000000
       11755000	      1076	80003bb6	866d	c.srai	x12,0x1b	 x12:0x00000021 x12=0x00000000
       11765000	      1077	80003bb8	002e7333	and	x6,x28,x2	 x28:0x80021e54  x2:0x0000008f  x6=0x00000004
       11775000	      1078	80003bbc	0044a8b3	slt	x17,x9,x4	  x9:0x00000000  x4:0x8000008f x17=0x00000000
       11785000	      1079	80003bc0	8272	c.mv	x4,x28	  x0:0x00000000 x28:0x80021e54  x4=0x80021e54
       11795000	      1080	80003bc2	cc85	c.beqz	x9,80003bfa	  x9:0x00000000
       11815000	      1082	80003bfa	8669	c.srai	x12,0x1a	 x12:0x00000000 x12=0x00000000
       11825000	      1083	80003bfc	01787a33	and	x20,x16,x23	 x16:0xd05c7b39 x23:0x426af000 x20=0x40487000
       11865000	      1087	80003c00	024db9b3	mulhu	x19,x27,x4	 x27:0xd05c7820  x4:0x80021e54 x19=0x682ff578
       11875000	      1088	80003c04	e76f8f93	addi	x31,x31,-394	 x31:0xfd703280 x31=0xfd7030f6
       11885000	      1089	80003c08	7f580813	addi	x16,x16,2037	 x16:0xd05c7b39 x16=0xd05c832e
       11895000	      1090	80003c0c	029b4563	blt	x22,x9,80003c36	 x22:0xd1d7a000  x9:0x00000000
       11925000	      1093	80003c36	03c59963	bne	x11,x28,80003c68	 x11:0x00000161 x28:0x80021e54
       11945000	      1095	80003c68	830d	c.srli	x14,0x3	 x14:0x10000000 x14=0x02000000
       11955000	      1096	80003c6a	567d	c.li	x12,-1	 x12=0xffffffff
       11965000	      1097	80003c6c	8265	c.srli	x12,0x19	 x12:0xffffffff x12=0x0000007f
       11975000	      1098	80003c6e	0000100f	fence.i	
       12005000	      1101	80003c72	00e6c663	blt	x13,x14,80003c7e	 x13:0x0000d000 x14:0x02000000
       12035000	      1104	80003c7e	01086f33	or	x30,x16,x16	 x16:0xd05c832e x16:0xd05c832e x30=0xd05c832e
       12045000	      1105	80003c82	4d462fb7	lui	x31,0x4d462	 x31=0x4d462000
       12055000	      1106	80003c86	0096	c.slli	x1,0x5	  x1:0x14531000  x1=0x8a620000
       12065000	      1107	80003c88	34086873	csrrsi	x16,mscratch,16	 x16=0x00000007
       12075000	      1108	80003c8c	997d	c.andi	x10,-1	 x10:0x00000326 x10=0x00000326
       12085000	      1109	80003c8e	5763c913	xori	x18,x7,1398	  x7:0x80000000 x18=0x80000576
       12095000	      1110	80003c92	01690eb3	add	x29,x18,x22	 x18:0x80000576 x22:0xd1d7a000 x29=0x51d7a576
       12105000	      1111	80003c96	340c36f3	csrrc	x13,mscratch,x24	 x24:0xfff999b5 x13=0x00000017
       12115000	      1112	80003c9a	8419	c.srai	x8,0x6	  x8:0x00000000  x8=0x00000000
       12125000	      1113	80003c9c	a3aa5837	lui	x16,0xa3aa5	 x16=0xa3aa5000
       12135000	      1114	80003ca0	01b9a933	slt	x18,x19,x27	 x19:0x682ff578 x27:0xd05c7820 x18=0x00000000
       12145000	      1115	80003ca4	3405bff3	csrrc	x31,mscratch,x11	 x11:0x00000161 x31=0x00000002
       12155000	      1116	80003ca8	40d9dfb3	sra	x31,x19,x13	 x19:0x682ff578 x13:0x00000017 x31=0x000000d0
       12165000	      1117	80003cac	c320a613	slti	x12,x1,-974	  x1:0x8a620000 x12=0x00000001
       12175000	      1118	80003cb0	04f14063	blt	x2,x15,80003cf0	  x2:0x0000008f x15:0x80025ce4
       12185000	      1119	80003cb4	00941d93	slli	x27,x8,0x9	  x8:0x00000000 x27=0x00000000
       12195000	      1120	80003cb8	50236893	ori	x17,x6,1282	  x6:0x00000004 x17=0x00000506
       12205000	      1121	80003cbc	4f382d37	lui	x26,0x4f382	 x26=0x4f382000
       12215000	      1122	80003cc0	a89ba813	slti	x16,x23,-1399	 x23:0x426af000 x16=0x00000000
       12255000	      1126	80003cc4	022ebbb3	mulhu	x23,x29,x2	 x29:0x51d7a576  x2:0x0000008f x23=0x0000002d
       12295000	      1130	80003cc8	03e092b3	mulh	x5,x1,x30	  x1:0x8a620000 x30:0xd05c832e  x5=0x15e31ef3
       12305000	      1131	80003ccc	340712f3	csrrw	x5,mscratch,x14	 x14:0x02000000  x5=0x00000002
       12325000	      1133	80003cd0	020145b3	div	x11,x2,x0	  x2:0x0000008f  x0:0x00000000 x11=0xffffffff
       12335000	      1134	80003cd4	0001	c.addi	x0,0	  x0:0x00000000  x0=0x00000000
       12345000	      1135	80003cd6	288afc93	andi	x25,x21,648	 x21:0x00000001 x25=0x00000000
       12355000	      1136	80003cda	96f6	c.add	x13,x29	 x13:0x00000017 x29:0x51d7a576 x13=0x51d7a58d
       12365000	      1137	80003cdc	8c69	c.and	x8,x10	  x8:0x00000000 x10:0x00000326  x8=0x00000000
       12375000	      1138	80003cde	eef33513	sltiu	x10,x6,-273	  x6:0x00000004 x10=0x00000001
       12385000	      1139	80003ce2	8ab2	c.mv	x21,x12	  x0:0x00000000 x12:0x00000001 x21=0x00000001
       12425000	      1143	80003ce4	024b18b3	mulh	x17,x22,x4	 x22:0xd1d7a000  x4:0x80021e54 x17=0x1713ce37
       12465000	      1147	80003ce8	039b39b3	mulhu	x19,x22,x25	 x22:0xd1d7a000 x25:0x00000000 x19=0x00000000
       12475000	      1148	80003cec	00759d13	slli	x26,x11,0x7	 x11:0xffffffff x26=0xffffff80
       12485000	      1149	80003cf0	016ac9b3	xor	x19,x21,x22	 x21:0x00000001 x22:0xd1d7a000 x19=0xd1d7a001
       12495000	      1150	80003cf4	01624b33	xor	x22,x4,x22	  x4:0x80021e54 x22:0xd1d7a000 x22=0x51d5be54
       12505000	      1151	80003cf8	4064c293	xori	x5,x9,1030	  x9:0x00000000  x5=0x00000406
       12515000	      1152	80003cfc	4029d193	srai	x3,x19,0x2	 x19:0xd1d7a001  x3=0xf475e800
       12525000	      1153	80003d00	408edeb3	sra	x29,x29,x8	 x29:0x51d7a576  x8:0x00000000 x29=0x51d7a576
       12535000	      1154	80003d04	0171a4b3	slt	x9,x3,x23	  x3:0xf475e800 x23:0x0000002d  x9=0x00000001
       12545000	      1155	80003d08	90c98b17	auipc	x22,0x90c98	 x22=0x10c9bd08
       12555000	      1156	80003d0c	4ab98513	addi	x10,x19,1195	 x19:0xd1d7a001 x10=0xd1d7a4ac
       12565000	      1157	80003d10	03fe8963	beq	x29,x31,80003d42	 x29:0x51d7a576 x31:0x000000d0
       12575000	      1158	80003d14	0000100f	fence.i	
       12595000	      1160	80003d18	40505b13	srai	x22,x0,0x5	  x0:0x00000000 x22=0x00000000
       12605000	      1161	80003d1c	40615193	srai	x3,x2,0x6	  x2:0x0000008f  x3=0x00000002
       12615000	      1162	80003d20	197d	c.addi	x18,-1	 x18:0x00000000 x18=0xffffffff
       12625000	      1163	80003d22	01521c33	sll	x24,x4,x21	  x4:0x80021e54 x21:0x00000001 x24=0x00043ca8
       12995000	      1200	80003d26	03c7f733	remu	x14,x15,x28	 x15:0x80025ce4 x28:0x80021e54 x14=0x00003e90
       13025000	      1203	80003d2a	03820db3	mul	x27,x4,x24	  x4:0x80021e54 x24:0x00043ca8 x27=0xf9cf9720
       13035000	      1204	80003d2e	340d6d73	csrrsi	x26,mscratch,26	 x26=0x02000000
       13045000	      1205	80003d32	340c6773	csrrsi	x14,mscratch,24	 x14=0x0200001a
       13055000	      1206	80003d36	01d18333	add	x6,x3,x29	  x3:0x00000002 x29:0x51d7a576  x6=0x51d7a578
       13425000	      1243	80003d3a	03544133	div	x2,x8,x21	  x8:0x00000000 x21:0x00000001  x2=0x00000000
       13435000	      1244	80003d3e	036cf263	bgeu	x25,x22,80003d62	 x25:0x00000000 x22:0x00000000
       13465000	      1247	80003d62	487b7a93	andi	x21,x22,1159	 x22:0x00000000 x21=0x00000000
       13475000	      1248	80003d66	1384	c.addi4spn	x9,x2,480	  x9=0x000001e0
       13485000	      1249	80003d68	a7b37c13	andi	x24,x6,-1413	  x6:0x51d7a578 x24=0x51d7a078
       13495000	      1250	80003d6c	01139313	slli	x6,x7,0x11	  x7:0x80000000  x6=0x00000000
       13505000	      1251	80003d70	068c	c.addi4spn	x11,x2,832	 x11=0x00000340
       13515000	      1252	80003d72	01ef5a13	srli	x20,x30,0x1e	 x30:0xd05c832e x20=0x00000003
       13525000	      1253	80003d76	0001	c.addi	x0,0	  x0:0x00000000  x0=0x00000000
       13535000	      1254	80003d78	400ad6b3	sra	x13,x21,x0	 x21:0x00000000  x0:0x00000000 x13=0x00000000
       13905000	      1291	80003d7c	02756db3	rem	x27,x10,x7	 x10:0xd1d7a4ac  x7:0x80000000 x27=0xd1d7a4ac
       13915000	      1292	80003d80	00944e63	blt	x8,x9,80003d9c	  x8:0x00000000  x9:0x000001e0
       13935000	      1294	80003d9c	2a3230b7	lui	x1,0x2a323	  x1=0x2a323000
       13945000	      1295	80003da0	02dcfa63	bgeu	x25,x13,80003dd4	 x25:0x00000000 x13:0x00000000
       13985000	      1299	80003dd4	037b09b3	mul	x19,x22,x23	 x22:0x00000000 x23:0x0000002d x19=0x00000000
       13995000	      1300	80003dd8	030a6663	bltu	x20,x16,80003e04	 x20:0x00000003 x16:0x00000000
       14035000	      1304	80003ddc	033e3a33	mulhu	x20,x28,x19	 x28:0x80021e54 x19:0x00000000 x20=0x00000000
       14045000	      1305	80003de0	0ff0000f	fence	iorw,iorw	
       14055000	      1306	80003de4	20eb5ab7	lui	x21,0x20eb5	 x21=0x20eb5000
       14065000	      1307	80003de8	1d320113	addi	x2,x4,467	  x4:0x80021e54  x2=0x80022027
       14105000	      1311	80003dec	030590b3	mulh	x1,x11,x16	 x11:0x00000340 x16:0x00000000  x1=0x00000000
       14115000	      1312	80003df0	8d89	c.sub	x11,x10	 x11:0x00000340 x10:0xd1d7a4ac x11=0x2e285e94
       14125000	      1313	80003df2	d5ea6997	auipc	x19,0xd5ea6	 x19=0x55ea9df2
       14135000	      1314	80003df6	8edd	c.or	x13,x15	 x13:0x00000000 x15:0x80025ce4 x13=0x80025ce4
       14145000	      1315	80003df8	34003973	csrrc	x18,mscratch,x0	  x0:0x00000000 x18=0x0200001a
       14155000	      1316	80003dfc	0ff0000f	fence	iorw,iorw	
       14165000	      1317	80003e00	8e0d	c.sub	x12,x11	 x12:0x00000001 x11:0x2e285e94 x12=0xd1d7a16d
       14175000	      1318	80003e02	8c59	c.or	x8,x14	  x8:0x00000000 x14:0x0200001a  x8=0x0200001a
       14185000	      1319	80003e04	0107df33	srl	x30,x15,x16	 x15:0x80025ce4 x16:0x00000000 x30=0x80025ce4
       14195000	      1320	80003e08	6161	c.addi16sp	x2,80	  x2:0x80022027  x2=0x80022077
       14225000	      1323	80003e0a	03310933	mul	x18,x2,x19	  x2:0x80022077 x19:0x55ea9df2 x18=0x7fb1ab7e
       14235000	      1324	80003e0e	9fc23017	auipc	x0,0x9fc23	  x0=0x00000000
       14275000	      1328	80003e12	02e43d33	mulhu	x26,x8,x14	  x8:0x0200001a x14:0x0200001a x26=0x00040000
       14285000	      1329	80003e16	340e9573	csrrw	x10,mscratch,x29	 x29:0x51d7a576 x10=0x0200001a
       14295000	      1330	80003e1a	8e99	c.sub	x13,x14	 x13:0x80025ce4 x14:0x0200001a x13=0x7e025cca
       14335000	      1334	80003e1c	02803db3	mulhu	x27,x0,x8	  x0:0x00000000  x8:0x0200001a x27=0x00000000
       14345000	      1335	80003e20	85e5	c.srai	x11,0x19	 x11:0x2e285e94 x11=0x00000017
       14355000	      1336	80003e22	8726	c.mv	x14,x9	  x0:0x00000000  x9:0x000001e0 x14=0x000001e0
       14365000	      1337	80003e24	058c	c.addi4spn	x11,x2,704	 x11=0x80022337
       14375000	      1338	80003e26	00b358b3	srl	x17,x6,x11	  x6:0x00000000 x11:0x80022337 x17=0x00000000
       14385000	      1339	80003e2a	004912b3	sll	x5,x18,x4	 x18:0x7fb1ab7e  x4:0x80021e54  x5=0xb7e00000
       14395000	      1340	80003e2e	00056463	bltu	x10,x0,80003e36	 x10:0x0200001a  x0:0x00000000
       14405000	      1341	80003e32	02cbc363	blt	x23,x12,80003e58	 x23:0x0000002d x12:0xd1d7a16d
       14435000	      1344	80003e36	02f60f33	mul	x30,x12,x15	 x12:0xd1d7a16d x15:0x80025ce4 x30=0x24e8f114
       14445000	      1345	80003e3a	7dfe3013	sltiu	x0,x28,2015	 x28:0x80021e54  x0=0x00000000
       14455000	      1346	80003e3e	80e1	c.srli	x9,0x18	  x9:0x000001e0  x9=0x00000000
       14465000	      1347	80003e40	386b0613	addi	x12,x22,902	 x22:0x00000000 x12=0x00000386
       14475000	      1348	80003e44	340c3773	csrrc	x14,mscratch,x24	 x24:0x51d7a078 x14=0x51d7a576
       14485000	      1349	80003e48	0ff0000f	fence	iorw,iorw	
       14495000	      1350	80003e4c	3407e673	csrrsi	x12,mscratch,15	 x12=0x00000506
       14505000	      1351	80003e50	c4fda213	slti	x4,x27,-945	 x27:0x00000000  x4=0x00000000
       14515000	      1352	80003e54	340956f3	csrrwi	x13,mscratch,18	 x13=0x0000050f
       14525000	      1353	80003e58	97a0f113	andi	x2,x1,-1670	  x1:0x00000000  x2=0x00000000
       14535000	      1354	80003e5c	064e	c.slli	x12,0x13	 x12:0x00000506 x12=0x28300000
       14545000	      1355	80003e5e	0b94	c.addi4spn	x13,x2,464	 x13=0x000001d0
       14555000	      1356	80003e60	003159b3	srl	x19,x2,x3	  x2:0x00000000  x3:0x00000002 x19=0x00000000
       14565000	      1357	80003e64	016e1913	slli	x18,x28,0x16	 x28:0x80021e54 x18=0x95000000
       14575000	      1358	80003e68	34089df3	csrrw	x27,mscratch,x17	 x17:0x00000000 x27=0x00000012
       14585000	      1359	80003e6c	717d	c.addi16sp	x2,-16	  x2:0x00000000  x2=0xfffffff0
       14595000	      1360	80003e6e	340116f3	csrrw	x13,mscratch,x2	  x2:0xfffffff0 x13=0x00000000
       14605000	      1361	80003e72	014a2cb3	slt	x25,x20,x20	 x20:0x00000000 x20:0x00000000 x25=0x00000000
       14615000	      1362	80003e76	018d3733	sltu	x14,x26,x24	 x26:0x00040000 x24:0x51d7a078 x14=0x00000001
       14625000	      1363	80003e7a	34007173	csrrci	x2,mscratch,0	  x2=0xfffffff0
       14635000	      1364	80003e7e	0cfd	c.addi	x25,31	 x25:0x00000000 x25=0x0000001f
       14655000	      1366	80003e80	0330e333	rem	x6,x1,x19	  x1:0x00000000 x19:0x00000000  x6=0x00000000
       14665000	      1367	80003e84	8211	c.srli	x12,0x4	 x12:0x28300000 x12=0x02830000
       14675000	      1368	80003e86	01899813	slli	x16,x19,0x18	 x19:0x00000000 x16=0x00000000
       14685000	      1369	80003e8a	0001	c.addi	x0,0	  x0:0x00000000  x0=0x00000000
       14695000	      1370	80003e8c	983a	c.add	x16,x14	 x16:0x00000000 x14:0x00000001 x16=0x00000001
       14705000	      1371	80003e8e	84b9	c.srai	x9,0xe	  x9:0x00000000  x9=0x00000000
       14715000	      1372	80003e90	013d1493	slli	x9,x26,0x13	 x26:0x00040000  x9=0x00000000
       14725000	      1373	80003e94	6de5	c.lui	x27,0x19	 x27=0x00019000
       14735000	      1374	80003e96	0ff0000f	fence	iorw,iorw	
       15105000	      1411	80003e9a	02e856b3	divu	x13,x16,x14	 x16:0x00000001 x14:0x00000001 x13=0x00000001
       15115000	      1412	80003e9e	01d0c833	xor	x16,x1,x29	  x1:0x00000000 x29:0x51d7a576 x16=0x51d7a576
       15125000	      1413	80003ea2	027e	c.slli	x4,0x1f	  x4:0x00000000  x4=0x00000000
       15135000	      1414	80003ea4	8c99	c.sub	x9,x14	  x9:0x00000000 x14:0x00000001  x9=0xffffffff
       15145000	      1415	80003ea6	0ff0000f	fence	iorw,iorw	
       15155000	      1416	80003eaa	59d38893	addi	x17,x7,1437	  x7:0x80000000 x17=0x8000059d
       15165000	      1417	80003eae	02e6f463	bgeu	x13,x14,80003ed6	 x13:0x00000001 x14:0x00000001
       15185000	      1419	80003ed6	4655	c.li	x12,21	 x12=0x00000015
       15195000	      1420	80003ed8	9c5a	c.add	x24,x22	 x24:0x51d7a078 x22:0x00000000 x24=0x51d7a078
       15205000	      1421	80003eda	0006e263	bltu	x13,x0,80003ede	 x13:0x00000001  x0:0x00000000
       15215000	      1422	80003ede	340965f3	csrrsi	x11,mscratch,18	 x11=0xfffffff0
       15225000	      1423	80003ee2	00ce00b3	add	x1,x28,x12	 x28:0x80021e54 x12:0x00000015  x1=0x80021e69
       15595000	      1460	80003ee6	02b1f8b3	remu	x17,x3,x11	  x3:0x00000002 x11:0xfffffff0 x17=0x00000002
       15605000	      1461	80003eea	007eac33	slt	x24,x29,x7	 x29:0x51d7a576  x7:0x80000000 x24=0x00000000
       15615000	      1462	80003eee	8da9	c.xor	x11,x10	 x11:0xfffffff0 x10:0x0200001a x11=0xfdffffea
       15625000	      1463	80003ef0	340ae5f3	csrrsi	x11,mscratch,21	 x11=0xfffffff2
       15635000	      1464	80003ef4	03b84663	blt	x16,x27,80003f20	 x16:0x51d7a576 x27:0x00019000
       15645000	      1465	80003ef8	3407d873	csrrwi	x16,mscratch,15	 x16=0xfffffff7
       15655000	      1466	80003efc	5d7d	c.li	x26,-1	 x26=0xffffffff
       15665000	      1467	80003efe	34003573	csrrc	x10,mscratch,x0	  x0:0x00000000 x10=0x0000000f
       15675000	      1468	80003f02	01b8f133	and	x2,x17,x27	 x17:0x00000002 x27:0x00019000  x2=0x00000000
       15685000	      1469	80003f06	0ad5	c.addi	x21,21	 x21:0x20eb5000 x21=0x20eb5015
       16055000	      1506	80003f08	028972b3	remu	x5,x18,x8	 x18:0x95000000  x8:0x0200001a  x5=0x00fff87c
       16065000	      1507	80003f0c	01636633	or	x12,x6,x22	  x6:0x00000000 x22:0x00000000 x12=0x00000000
       16435000	      1544	80003f10	02566d33	rem	x26,x12,x5	 x12:0x00000000  x5:0x00fff87c x26=0x00000000
       16445000	      1545	80003f14	8472	c.mv	x8,x28	  x0:0x00000000 x28:0x80021e54  x8=0x80021e54
       16455000	      1546	80003f16	931e	c.add	x6,x7	  x6:0x00000000  x7:0x80000000  x6=0x80000000
       16825000	      1583	80003f18	03d7fb33	remu	x22,x15,x29	 x15:0x80025ce4 x29:0x51d7a576 x22=0x2e2ab76e
       16835000	      1584	80003f1c	0078d293	srli	x5,x17,0x7	 x17:0x00000002  x5=0x00000000
       16845000	      1585	80003f20	6495	c.lui	x9,0x5	  x9=0x00005000
       16855000	      1586	80003f22	8e81	c.sub	x13,x8	 x13:0x00000001  x8:0x80021e54 x13=0x7ffde1ad
       16865000	      1587	80003f24	8c1d	c.sub	x8,x15	  x8:0x80021e54 x15:0x80025ce4  x8=0xffffc170
       16875000	      1588	80003f26	0287fa63	bgeu	x15,x8,80003f5a	 x15:0x80025ce4  x8:0xffffc170
       16885000	      1589	80003f2a	96ea	c.add	x13,x26	 x13:0x7ffde1ad x26:0x00000000 x13=0x7ffde1ad
       16925000	      1593	80003f2c	02e230b3	mulhu	x1,x4,x14	  x4:0x00000000 x14:0x00000001  x1=0x00000000
       17295000	      1630	80003f30	0280f533	remu	x10,x1,x8	  x1:0x00000000  x8:0xffffc170 x10=0x00000000
       17305000	      1631	80003f34	c69d	c.beqz	x13,80003f62	 x13:0x7ffde1ad
       17315000	      1632	80003f36	95168193	addi	x3,x13,-1711	 x13:0x7ffde1ad  x3=0x7ffddafe
       17325000	      1633	80003f3a	014e65b3	or	x11,x28,x20	 x28:0x80021e54 x20:0x00000000 x11=0x80021e54
       17335000	      1634	80003f3e	6d75	c.lui	x26,0x1d	 x26=0x0001d000
       17345000	      1635	80003f40	ea19	c.bnez	x12,80003f56	 x12:0x00000000
       17355000	      1636	80003f42	34002af3	csrrs	x21,mscratch,x0	  x0:0x00000000 x21=0x0000000f
       17365000	      1637	80003f46	6add	c.lui	x21,0x17	 x21=0x00017000
       17375000	      1638	80003f48	0122	c.slli	x2,0x8	  x2:0x00000000  x2=0x00000000
       17385000	      1639	80003f4a	34007ef3	csrrci	x29,mscratch,0	 x29=0x0000000f
       17395000	      1640	80003f4e	003bd463	bge	x23,x3,80003f56	 x23:0x0000002d  x3:0x7ffddafe
       17405000	      1641	80003f52	340ed5f3	csrrwi	x11,mscratch,29	 x11=0x0000000f
       17415000	      1642	80003f56	00925033	srl	x0,x4,x9	  x4:0x00000000  x9:0x00005000  x0=0x00000000
       17425000	      1643	80003f5a	cf762093	slti	x1,x12,-777	 x12:0x00000000  x1=0x00000000
       17465000	      1647	80003f5e	036bb133	mulhu	x2,x23,x22	 x23:0x0000002d x22:0x2e2ab76e  x2=0x00000008
       17475000	      1648	80003f62	34013473	csrrc	x8,mscratch,x2	  x2:0x00000008  x8=0x0000001d
       17485000	      1649	80003f66	8c59	c.or	x8,x14	  x8:0x0000001d x14:0x00000001  x8=0x0000001d
       17515000	      1652	80003f68	02f58c33	mul	x24,x11,x15	 x11:0x0000000f x15:0x80025ce4 x24=0x8023715c
       17525000	      1653	80003f6c	9c223c93	sltiu	x25,x4,-1598	  x4:0x00000000 x25=0x00000001
       17535000	      1654	80003f70	017a10b3	sll	x1,x20,x23	 x20:0x00000000 x23:0x0000002d  x1=0x00000000
       17545000	      1655	80003f74	012f1ab3	sll	x21,x30,x18	 x30:0x24e8f114 x18:0x95000000 x21=0x24e8f114
       17555000	      1656	80003f78	cb0ea013	slti	x0,x29,-848	 x29:0x0000000f  x0=0x00000000
       17565000	      1657	80003f7c	033e8b63	beq	x29,x19,80003fb2	 x29:0x0000000f x19:0x00000000
       17575000	      1658	80003f80	8171	c.srli	x10,0x1c	 x10:0x00000000 x10=0x00000000
       17615000	      1662	80003f82	02c8b0b3	mulhu	x1,x17,x12	 x17:0x00000002 x12:0x00000000  x1=0x00000000
       17625000	      1663	80003f86	3405d273	csrrwi	x4,mscratch,11	  x4=0x00000015
       17635000	      1664	80003f8a	c01d	c.beqz	x8,80003fb0	  x8:0x0000001d
       17645000	      1665	80003f8c	8c7d	c.and	x8,x15	  x8:0x0000001d x15:0x80025ce4  x8=0x00000004
       17655000	      1666	80003f8e	03be7963	bgeu	x28,x27,80003fc0	 x28:0x80021e54 x27:0x00019000
       17675000	      1668	80003fc0	0000100f	fence.i	
       17695000	      1670	80003fc4	017c0733	add	x14,x24,x23	 x24:0x8023715c x23:0x0000002d x14=0x80237189
       17705000	      1671	80003fc8	34099073	csrrw	x0,mscratch,x19	 x19:0x00000000  x0=0x00000000
       17715000	      1672	80003fcc	866d	c.srai	x12,0x1b	 x12:0x00000000 x12=0x00000000
       17725000	      1673	80003fce	e489	c.bnez	x9,80003fd8	  x9:0x00005000
       17745000	      1675	80003fd8	8e09	c.sub	x12,x10	 x12:0x00000000 x10:0x00000000 x12=0x00000000
       17755000	      1676	80003fda	00279733	sll	x14,x15,x2	 x15:0x80025ce4  x2:0x00000008 x14=0x025ce400
       17765000	      1677	80003fde	9a1c6e93	ori	x29,x24,-1631	 x24:0x8023715c x29=0xfffff9fd
       17805000	      1681	80003fe2	02eb9733	mulh	x14,x23,x14	 x23:0x0000002d x14:0x025ce400 x14=0x00000000
       17815000	      1682	80003fe6	8ead	c.xor	x13,x11	 x13:0x7ffde1ad x11:0x0000000f x13=0x7ffde1a2
       17825000	      1683	80003fe8	b2f14093	xori	x1,x2,-1233	  x2:0x00000008  x1=0xfffffb27
       18195000	      1720	80003fec	02d46433	rem	x8,x8,x13	  x8:0x00000004 x13:0x7ffde1a2  x8=0x00000004
       18205000	      1721	80003ff0	faaaed37	lui	x26,0xfaaae	 x26=0xfaaae000
       18215000	      1722	80003ff4	017f5b33	srl	x22,x30,x23	 x30:0x24e8f114 x23:0x0000002d x22=0x00012747
       18255000	      1726	80003ff8	02bcb6b3	mulhu	x13,x25,x11	 x25:0x00000001 x11:0x0000000f x13=0x00000000
       18265000	      1727	80003ffc	6151	c.addi16sp	x2,272	  x2:0x00000008  x2=0x00000118
       18275000	      1728	80003ffe	8eb5	c.xor	x13,x13	 x13:0x00000000 x13:0x00000000 x13=0x00000000
       18285000	      1729	80004000	00ad4663	blt	x26,x10,8000400c	 x26:0xfaaae000 x10:0x00000000
       18305000	      1731	8000400c	1d84	c.addi4spn	x9,x2,752	  x9=0x00000408
       18315000	      1732	8000400e	340c9b73	csrrw	x22,mscratch,x25	 x25:0x00000001 x22=0x00000000
       18325000	      1733	80004012	856cab13	slti	x22,x25,-1962	 x25:0x00000001 x22=0x00000000
       18335000	      1734	80004016	34007973	csrrci	x18,mscratch,0	 x18=0x00000001
       18345000	      1735	8000401a	997d	c.andi	x10,-1	 x10:0x00000000 x10=0x00000000
       18355000	      1736	8000401c	cc85	c.beqz	x9,80004054	  x9:0x00000408
       18365000	      1737	8000401e	8161	c.srli	x10,0x18	 x10:0x00000000 x10=0x00000000
       18375000	      1738	80004020	1b2e2317	auipc	x6,0x1b2e2	  x6=0x9b2e6020
       18385000	      1739	80004024	34003073	csrrc	x0,mscratch,x0	  x0:0x00000000  x0=0x00000000
       18395000	      1740	80004028	4465	c.li	x8,25	  x8=0x00000019
       18405000	      1741	8000402a	8472f937	lui	x18,0x8472f	 x18=0x8472f000
       18415000	      1742	8000402e	65f1	c.lui	x11,0x1c	 x11=0x0001c000
       18785000	      1779	80004030	02634eb3	div	x29,x6,x6	  x6:0x9b2e6020  x6:0x9b2e6020 x29=0x00000001
       18795000	      1780	80004034	0798	c.addi4spn	x14,x2,960	 x14=0x000004d8
       18805000	      1781	80004036	340958f3	csrrwi	x17,mscratch,18	 x17=0x00000001
       18815000	      1782	8000403a	8c1d	c.sub	x8,x15	  x8:0x00000019 x15:0x80025ce4  x8=0x7ffda335
       18825000	      1783	8000403c	820d	c.srli	x12,0x3	 x12:0x00000000 x12=0x00000000
       18835000	      1784	8000403e	695d	c.lui	x18,0x17	 x18=0x00017000
       18875000	      1788	80004040	03d23133	mulhu	x2,x4,x29	  x4:0x00000015 x29:0x00000001  x2=0x00000000
       18885000	      1789	80004044	40cc5513	srai	x10,x24,0xc	 x24:0x8023715c x10=0xfff80237
       18895000	      1790	80004048	037f0263	beq	x30,x23,8000406c	 x30:0x24e8f114 x23:0x0000002d
       18905000	      1791	8000404c	412d5833	sra	x16,x26,x18	 x26:0xfaaae000 x18:0x00017000 x16=0xfaaae000
       18915000	      1792	80004050	edd5aa13	slti	x20,x11,-291	 x11:0x0001c000 x20=0x00000000
       18925000	      1793	80004054	01781263	bne	x16,x23,80004058	 x16:0xfaaae000 x23:0x0000002d
       18945000	      1795	80004058	05ce7363	bgeu	x28,x28,8000409e	 x28:0x80021e54 x28:0x80021e54
       18975000	      1798	8000409e	01688333	add	x6,x17,x22	 x17:0x00000001 x22:0x00000000  x6=0x00000001
       18985000	      1799	800040a2	340e6bf3	csrrsi	x23,mscratch,28	 x23=0x00000012
       18995000	      1800	800040a6	34003df3	csrrc	x27,mscratch,x0	  x0:0x00000000 x27=0x0000001e
       19015000	      1802	800040aa	033160b3	rem	x1,x2,x19	  x2:0x00000000 x19:0x00000000  x1=0x00000000
       19025000	      1803	800040ae	34003273	csrrc	x4,mscratch,x0	  x0:0x00000000  x4=0x0000001e
       19035000	      1804	800040b2	4eb1	c.li	x29,12	 x29=0x0000000c
       19045000	      1805	800040b4	0121e033	or	x0,x3,x18	  x3:0x7ffddafe x18:0x00017000  x0=0x00000000
       19055000	      1806	800040b8	23168693	addi	x13,x13,561	 x13:0x00000000 x13=0x00000231
       19065000	      1807	800040bc	40dc5fb3	sra	x31,x24,x13	 x24:0x8023715c x13:0x00000231 x31=0xffffc011
       19075000	      1808	800040c0	01ef2333	slt	x6,x30,x30	 x30:0x24e8f114 x30:0x24e8f114  x6=0x00000000
       19445000	      1845	800040c4	03e9f733	remu	x14,x19,x30	 x19:0x00000000 x30:0x24e8f114 x14=0x00000000
       19455000	      1846	800040c8	80e9	c.srli	x9,0x1a	  x9:0x00000408  x9=0x00000000
       19465000	      1847	800040ca	b72b3093	sltiu	x1,x22,-1166	 x22:0x00000000  x1=0x00000001
       19475000	      1848	800040ce	0016fe63	bgeu	x13,x1,800040ea	 x13:0x00000231  x1:0x00000001
       19495000	      1850	800040ea	81fa	c.mv	x3,x30	  x0:0x00000000 x30:0x24e8f114  x3=0x24e8f114
       19505000	      1851	800040ec	01296133	or	x2,x18,x18	 x18:0x00017000 x18:0x00017000  x2=0x00017000
       19515000	      1852	800040f0	c411	c.beqz	x8,800040fc	  x8:0x7ffda335
       19525000	      1853	800040f2	85c5	c.srai	x11,0x11	 x11:0x0001c000 x11=0x00000000
       19535000	      1854	800040f4	340b9073	csrrw	x0,mscratch,x23	 x23:0x00000012  x0=0x00000000
       19905000	      1891	800040f8	0222deb3	divu	x29,x5,x2	  x5:0x00000000  x2:0x00017000 x29=0x00000000
       19915000	      1892	800040fc	000d1693	slli	x13,x26,0x0	 x26:0xfaaae000 x13=0xfaaae000
       19925000	      1893	80004100	00a420b3	slt	x1,x8,x10	  x8:0x7ffda335 x10:0xfff80237  x1=0x00000000
       19935000	      1894	80004104	011a0133	add	x2,x20,x17	 x20:0x00000000 x17:0x00000001  x2=0x00000001
       19945000	      1895	80004108	816d	c.srli	x10,0x1b	 x10:0xfff80237 x10=0x0000001f
       19955000	      1896	8000410a	012058b3	srl	x17,x0,x18	  x0:0x00000000 x18:0x00017000 x17=0x00000000
       19965000	      1897	8000410e	50fd	c.li	x1,-1	  x1=0xffffffff
       20005000	      1901	80004110	03f69633	mulh	x12,x13,x31	 x13:0xfaaae000 x31:0xffffc011 x12=0x00000154
       20015000	      1902	80004114	883a	c.mv	x16,x14	  x0:0x00000000 x14:0x00000000 x16=0x00000000
       20025000	      1903	80004116	8c7d	c.and	x8,x15	  x8:0x7ffda335 x15:0x80025ce4  x8=0x00000024
       20035000	      1904	80004118	015341b3	xor	x3,x6,x21	  x6:0x00000000 x21:0x24e8f114  x3=0x24e8f114
       20045000	      1905	8000411c	683d	c.lui	x16,0xf	 x16=0x0000f000
       20055000	      1906	8000411e	010d90b3	sll	x1,x27,x16	 x27:0x0000001e x16:0x0000f000  x1=0x0000001e
       20065000	      1907	80004122	9a7d	c.andi	x12,-1	 x12:0x00000154 x12=0x00000154
       20075000	      1908	80004124	00ede933	or	x18,x27,x14	 x27:0x0000001e x14:0x00000000 x18=0x0000001e
       20085000	      1909	80004128	49b9	c.li	x19,14	 x19=0x0000000e
       20095000	      1910	8000412a	62f8fb13	andi	x22,x17,1583	 x17:0x00000000 x22=0x00000000
       20105000	      1911	8000412e	0ff0000f	fence	iorw,iorw	
       20115000	      1912	80004132	41905013	srai	x0,x0,0x19	  x0:0x00000000  x0=0x00000000
       20125000	      1913	80004136	0000100f	fence.i	
       20145000	      1915	8000413a	c589	c.beqz	x11,80004144	 x11:0x00000000
       20165000	      1917	80004144	0ff0000f	fence	iorw,iorw	
       20175000	      1918	80004148	01f76eb3	or	x29,x14,x31	 x14:0x00000000 x31:0xffffc011 x29=0xffffc011
       20195000	      1920	8000414c	02904c33	div	x24,x0,x9	  x0:0x00000000  x9:0x00000000 x24=0xffffffff
       20205000	      1921	80004150	85dd	c.srai	x11,0x17	 x11:0x00000000 x11=0x00000000
       20215000	      1922	80004152	8d89	c.sub	x11,x10	 x11:0x00000000 x10:0x0000001f x11=0xffffffe1
       20225000	      1923	80004154	ab4b7c13	andi	x24,x22,-1356	 x22:0x00000000 x24=0x00000000
       20245000	      1925	80004158	038a4233	div	x4,x20,x24	 x20:0x00000000 x24:0x00000000  x4=0xffffffff
       20255000	      1926	8000415c	340039f3	csrrc	x19,mscratch,x0	  x0:0x00000000 x19=0x00000012
       20265000	      1927	80004160	4f9b7113	andi	x2,x22,1273	 x22:0x00000000  x2=0x00000000
       20275000	      1928	80004164	0d12	c.slli	x26,0x4	 x26:0xfaaae000 x26=0xaaae0000
       20285000	      1929	80004166	34002773	csrrs	x14,mscratch,x0	  x0:0x00000000 x14=0x00000012
       20295000	      1930	8000416a	c615	c.beqz	x12,80004196	 x12:0x00000154
       20305000	      1931	8000416c	8c75	c.and	x8,x13	  x8:0x00000024 x13:0xfaaae000  x8=0x00000000
       20315000	      1932	8000416e	00769263	bne	x13,x7,80004172	 x13:0xfaaae000  x7:0x80000000
       20335000	      1934	80004172	6c19	c.lui	x24,0x6	 x24=0x00006000
       20345000	      1935	80004174	3404d5f3	csrrwi	x11,mscratch,9	 x11=0x00000012
       20385000	      1939	80004178	02d81033	mulh	x0,x16,x13	 x16:0x0000f000 x13:0xfaaae000  x0=0x00000000
       20425000	      1943	8000417c	03f23733	mulhu	x14,x4,x31	  x4:0xffffffff x31:0xffffc011 x14=0xffffc010
       20435000	      1944	80004180	8c46	c.mv	x24,x17	  x0:0x00000000 x17:0x00000000 x24=0x00000000
       20445000	      1945	80004182	877fc237	lui	x4,0x877fc	  x4=0x877fc000
       20455000	      1946	80004186	01146033	or	x0,x8,x17	  x8:0x00000000 x17:0x00000000  x0=0x00000000
       20825000	      1983	8000418a	03cc7533	remu	x10,x24,x28	 x24:0x00000000 x28:0x80021e54 x10=0x00000000
       20835000	      1984	8000418e	e8eacb13	xori	x22,x21,-370	 x21:0x24e8f114 x22=0xdb170f9a
       20845000	      1985	80004192	b3ece293	ori	x5,x25,-1218	 x25:0x00000001  x5=0xfffffb3f
       20855000	      1986	80004196	86f6	c.mv	x13,x29	  x0:0x00000000 x29:0xffffc011 x13=0xffffc011
       20865000	      1987	80004198	0078ddb3	srl	x27,x17,x7	 x17:0x00000000  x7:0x80000000 x27=0x00000000
       20875000	      1988	8000419c	8f35	c.xor	x14,x13	 x14:0xffffc010 x13:0xffffc011 x14=0x00000001
       20885000	      1989	8000419e	f054fb93	andi	x23,x9,-251	  x9:0x00000000 x23=0x00000000
       20895000	      1990	800041a2	0001	c.addi	x0,0	  x0:0x00000000  x0=0x00000000
       20905000	      1991	800041a4	987d	c.andi	x8,-1	  x8:0x00000000  x8=0x00000000
       20915000	      1992	800041a6	8b39	c.andi	x14,14	 x14:0x00000001 x14=0x00000000
       20925000	      1993	800041a8	02009e63	bne	x1,x0,800041e4	  x1:0x0000001e  x0:0x00000000
       20945000	      1995	800041e4	8d4d	c.or	x10,x11	 x10:0x00000000 x11:0x00000012 x10=0x00000012
       20955000	      1996	800041e6	9b7d	c.andi	x14,-1	 x14:0x00000000 x14=0x00000000
       20965000	      1997	800041e8	8c41	c.or	x8,x8	  x8:0x00000000  x8:0x00000000  x8=0x00000000
       20975000	      1998	800041ea	8e59	c.or	x12,x14	 x12:0x00000154 x14:0x00000000 x12=0x00000154
       20985000	      1999	800041ec	03880463	beq	x16,x24,80004214	 x16:0x0000f000 x24:0x00000000
       20995000	      2000	800041f0	340124f3	csrrs	x9,mscratch,x2	  x2:0x00000000  x9=0x00000009
       21005000	      2001	800041f4	9b7d	c.andi	x14,-1	 x14:0x00000000 x14=0x00000000
       21015000	      2002	800041f6	00201b33	sll	x22,x0,x2	  x0:0x00000000  x2:0x00000000 x22=0x00000000
       21025000	      2003	800041fa	02a28063	beq	x5,x10,8000421a	  x5:0xfffffb3f x10:0x00000012
       21035000	      2004	800041fe	00b7e2b3	or	x5,x15,x11	 x15:0x80025ce4 x11:0x00000012  x5=0x80025cf6
       21045000	      2005	80004202	5f7d	c.li	x30,-1	 x30=0xffffffff
       21055000	      2006	80004204	006d5663	bge	x26,x6,80004210	 x26:0xaaae0000  x6:0x00000000
       21085000	      2009	80004208	02e80333	mul	x6,x16,x14	 x16:0x0000f000 x14:0x00000000  x6=0x00000000
       21095000	      2010	8000420c	01709813	slli	x16,x1,0x17	  x1:0x0000001e x16=0x0f000000
       21105000	      2011	80004210	0001	c.addi	x0,0	  x0:0x00000000  x0=0x00000000
       21115000	      2012	80004212	8e01	c.sub	x12,x8	 x12:0x00000154  x8:0x00000000 x12=0x00000154
       21125000	      2013	80004214	00cb9533	sll	x10,x23,x12	 x23:0x00000000 x12:0x00000154 x10=0x00000000
       21135000	      2014	80004218	40fd	c.li	x1,31	  x1=0x0000001f
       21145000	      2015	8000421a	01855f63	bge	x10,x24,80004238	 x10:0x00000000 x24:0x00000000
       21165000	      2017	80004238	95c6	c.add	x11,x17	 x11:0x00000012 x17:0x00000000 x11=0x00000012
       21175000	      2018	8000423a	1108	c.addi4spn	x10,x2,160	 x10=0x000000a0
       21185000	      2019	8000423c	03b51863	bne	x10,x27,8000426c	 x10:0x000000a0 x27:0x00000000
       21205000	      2021	8000426c	0001	c.addi	x0,0	  x0:0x00000000  x0=0x00000000
       21215000	      2022	8000426e	0001	c.addi	x0,0	  x0:0x00000000  x0=0x00000000
       21225000	      2023	80004270	0a1e	c.slli	x20,0x7	 x20:0x00000000 x20=0x00000000
       21235000	      2024	80004272	0000100f	fence.i	
       21255000	      2026	80004276	8cad	c.xor	x9,x11	  x9:0x00000009 x11:0x00000012  x9=0x0000001b
       21265000	      2027	80004278	338f3913	sltiu	x18,x30,824	 x30:0xffffffff x18=0x00000000
       21275000	      2028	8000427c	f6e9b437	lui	x8,0xf6e9b	  x8=0xf6e9b000
       21285000	      2029	80004280	50260d13	addi	x26,x12,1282	 x12:0x00000154 x26=0x00000656
       21295000	      2030	80004284	015c1e63	bne	x24,x21,800042a0	 x24:0x00000000 x21:0x24e8f114
       21315000	      2032	800042a0	0001	c.addi	x0,0	  x0:0x00000000  x0=0x00000000
       21325000	      2033	800042a2	340862f3	csrrsi	x5,mscratch,16	  x5=0x00000009
       21335000	      2034	800042a6	8d15	c.sub	x10,x13	 x10:0x000000a0 x13:0xffffc011 x10=0x0000408f
       21345000	      2035	800042a8	4572e013	ori	x0,x5,1111	  x5:0x00000009  x0=0x00000000
       21355000	      2036	800042ac	525fbc93	sltiu	x25,x31,1317	 x31:0xffffc011 x25=0x00000000
       21365000	      2037	800042b0	e005	c.bnez	x8,800042d0	  x8:0xf6e9b000
       21385000	      2039	800042d0	3404f973	csrrci	x18,mscratch,9	 x18=0x00000019
       21395000	      2040	800042d4	a8b14413	xori	x8,x2,-1397	  x2:0x00000000  x8=0xfffffa8b
       21405000	      2041	800042d8	61c5	c.lui	x3,0x11	  x3=0x00011000
       21415000	      2042	800042da	01de1c13	slli	x24,x28,0x1d	 x28:0x80021e54 x24=0x80000000
       21425000	      2043	800042de	017c5db3	srl	x27,x24,x23	 x24:0x80000000 x23:0x00000000 x27=0x80000000
       21435000	      2044	800042e2	8291	c.srli	x13,0x4	 x13:0xffffc011 x13=0x0ffffc01
       21445000	      2045	800042e4	00a2	c.slli	x1,0x8	  x1:0x0000001f  x1=0x00001f00
       21455000	      2046	800042e6	0597d063	bge	x15,x25,80004326	 x15:0x80025ce4 x25:0x00000000
       21465000	      2047	800042ea	c3473113	sltiu	x2,x14,-972	 x14:0x00000000  x2=0x00000001
       21475000	      2048	800042ee	be0ea437	lui	x8,0xbe0ea	  x8=0xbe0ea000
       21485000	      2049	800042f2	34003973	csrrc	x18,mscratch,x0	  x0:0x00000000 x18=0x00000010
       21495000	      2050	800042f6	0504	c.addi4spn	x9,x2,640	  x9=0x00000281
       21505000	      2051	800042f8	0025dd63	bge	x11,x2,80004312	 x11:0x00000012  x2:0x00000001
       21535000	      2054	80004312	01bd68b3	or	x17,x26,x27	 x26:0x00000656 x27:0x80000000 x17=0x80000656
       21545000	      2055	80004316	0ff0000f	fence	iorw,iorw	
       21555000	      2056	8000431a	00aa6533	or	x10,x20,x10	 x20:0x00000000 x10:0x0000408f x10=0x0000408f
       21925000	      2093	8000431e	024ad833	divu	x16,x21,x4	 x21:0x24e8f114  x4:0x877fc000 x16=0x00000000
       21935000	      2094	80004322	009b19b3	sll	x19,x22,x9	 x22:0x00000000  x9:0x00000281 x19=0x00000000
       21945000	      2095	80004326	8e6ae613	ori	x12,x21,-1818	 x21:0x24e8f114 x12=0xfffff9f6
       21955000	      2096	8000432a	0001	c.addi	x0,0	  x0:0x00000000  x0=0x00000000
       21965000	      2097	8000432c	cd09c193	xori	x3,x19,-816	 x19:0x00000000  x3=0xfffffcd0
       21985000	      2099	80004330	020ccfb3	div	x31,x25,x0	 x25:0x00000000  x0:0x00000000 x31=0xffffffff
       21995000	      2100	80004334	03a97563	bgeu	x18,x26,8000435e	 x18:0x00000010 x26:0x00000656
       22015000	      2102	80004338	034ccfb3	div	x31,x25,x20	 x25:0x00000000 x20:0x00000000 x31=0xffffffff
       22025000	      2103	8000433c	01d3c463	blt	x7,x29,80004344	  x7:0x80000000 x29:0xffffc011
       22045000	      2105	80004344	0001	c.addi	x0,0	  x0:0x00000000  x0=0x00000000
       22055000	      2106	80004346	340fe2f3	csrrsi	x5,mscratch,31	  x5=0x00000010
       22065000	      2107	8000434a	34007473	csrrci	x8,mscratch,0	  x8=0x0000001f
       22075000	      2108	8000434e	8ed9	c.or	x13,x14	 x13:0x0ffffc01 x14:0x00000000 x13=0x0ffffc01
       22085000	      2109	80004350	8151	c.srli	x10,0x14	 x10:0x0000408f x10=0x00000000
       22095000	      2110	80004352	0035ef33	or	x30,x11,x3	 x11:0x00000012  x3:0xfffffcd0 x30=0xfffffcd2
       22105000	      2111	80004356	8e91	c.sub	x13,x12	 x13:0x0ffffc01 x12:0xfffff9f6 x13=0x1000020b
       22115000	      2112	80004358	9146	c.add	x2,x17	  x2:0x00000001 x17:0x80000656  x2=0x80000657
       22125000	      2113	8000435a	008a0033	add	x0,x20,x8	 x20:0x00000000  x8:0x0000001f  x0=0x00000000
       22135000	      2114	8000435e	0199e263	bltu	x19,x25,80004362	 x19:0x00000000 x25:0x00000000
       22145000	      2115	80004362	01b39d93	slli	x27,x7,0x1b	  x7:0x80000000 x27=0x00000000
       22155000	      2116	80004366	01426463	bltu	x4,x20,8000436e	  x4:0x877fc000 x20:0x00000000
       22165000	      2117	8000436a	0ff0000f	fence	iorw,iorw	
       22175000	      2118	8000436e	0000100f	fence.i	
       22205000	      2121	80004372	67eb3d93	sltiu	x27,x22,1662	 x22:0x00000000 x27=0x00000001
       22215000	      2122	80004376	00c9ed33	or	x26,x19,x12	 x19:0x00000000 x12:0xfffff9f6 x26=0xfffff9f6
       22225000	      2123	8000437a	717d	c.addi16sp	x2,-16	  x2:0x80000657  x2=0x80000647
       22235000	      2124	8000437c	000c1613	slli	x12,x24,0x0	 x24:0x80000000 x12=0x80000000
       22245000	      2125	80004380	04a98363	beq	x19,x10,800043c6	 x19:0x00000000 x10:0x00000000
       22275000	      2128	800043c6	0197efb3	or	x31,x15,x25	 x15:0x80025ce4 x25:0x00000000 x31=0x80025ce4
       22285000	      2129	800043ca	835e	c.mv	x6,x23	  x0:0x00000000 x23:0x00000000  x6=0x00000000
       22295000	      2130	800043cc	b458ffb7	lui	x31,0xb458f	 x31=0xb458f000
       22305000	      2131	800043d0	03fa1663	bne	x20,x31,800043fc	 x20:0x00000000 x31:0xb458f000
       22325000	      2133	800043fc	d846e813	ori	x16,x13,-636	 x13:0x1000020b x16=0xffffff8f
       22335000	      2134	80004400	023bf963	bgeu	x23,x3,80004432	 x23:0x00000000  x3:0xfffffcd0
       22355000	      2136	80004404	020ad2b3	divu	x5,x21,x0	 x21:0x24e8f114  x0:0x00000000  x5=0xffffffff
       22365000	      2137	80004408	00259993	slli	x19,x11,0x2	 x11:0x00000012 x19=0x00000048
       22375000	      2138	8000440c	04ff1163	bne	x30,x15,8000444e	 x30:0xfffffcd2 x15:0x80025ce4
       22395000	      2140	8000444e	8061	c.srli	x8,0x18	  x8:0x0000001f  x8=0x00000000
       22405000	      2141	80004450	01839433	sll	x8,x7,x24	  x7:0x80000000 x24:0x80000000  x8=0x80000000
       22415000	      2142	80004454	91273113	sltiu	x2,x14,-1774	 x14:0x00000000  x2=0x00000001
       22425000	      2143	80004458	c691	c.beqz	x13,80004464	 x13:0x1000020b
       22455000	      2146	8000445a	035e0733	mul	x14,x28,x21	 x28:0x80021e54 x21:0x24e8f114 x14=0x4ad77290
       22465000	      2147	8000445e	00a5a5b3	slt	x11,x11,x10	 x11:0x00000012 x10:0x00000000 x11=0x00000000
       22475000	      2148	80004462	717d	c.addi16sp	x2,-16	  x2:0x00000001  x2=0xfffffff1
       22485000	      2149	80004464	8d45	c.or	x10,x9	 x10:0x00000000  x9:0x00000281 x10=0x00000281
       22495000	      2150	80004466	0001	c.addi	x0,0	  x0:0x00000000  x0=0x00000000
       22505000	      2151	80004468	0e0cc537	lui	x10,0xe0cc	 x10=0x0e0cc000
       22525000	      2153	8000446c	039566b3	rem	x13,x10,x25	 x10:0x0e0cc000 x25:0x00000000 x13=0x0e0cc000
       22535000	      2154	80004470	850a	c.mv	x10,x2	  x0:0x00000000  x2:0xfffffff1 x10=0xfffffff1
       22545000	      2155	80004472	89e1	c.andi	x11,24	 x11:0x00000000 x11=0x00000000
       22555000	      2156	80004474	0ff0000f	fence	iorw,iorw	
       22565000	      2157	80004478	8441	c.srai	x8,0x10	  x8:0x80000000  x8=0xffff8000
       22575000	      2158	8000447a	34006df3	csrrsi	x27,mscratch,0	 x27=0x0000001f
       22585000	      2159	8000447e	00b14733	xor	x14,x2,x11	  x2:0xfffffff1 x11:0x00000000 x14=0xfffffff1
       22595000	      2160	80004482	9616	c.add	x12,x5	 x12:0x80000000  x5:0xffffffff x12=0x7fffffff
       22965000	      2197	80004484	02a06133	rem	x2,x0,x10	  x0:0x00000000 x10:0xfffffff1  x2=0x00000000
       22975000	      2198	80004488	00a71033	sll	x0,x14,x10	 x14:0xfffffff1 x10:0xfffffff1  x0=0x00000000
       22985000	      2199	8000448c	8f8a	c.mv	x31,x2	  x0:0x00000000  x2:0x00000000 x31=0x00000000
       22995000	      2200	8000448e	010a9313	slli	x6,x21,0x10	 x21:0x24e8f114  x6=0xf1140000
       23005000	      2201	80004492	0894	c.addi4spn	x13,x2,80	 x13=0x00000050
       23015000	      2202	80004494	0bbe	c.slli	x23,0xf	 x23:0x00000000 x23=0x00000000
       23025000	      2203	80004496	6359	c.lui	x6,0x16	  x6=0x00016000
       23035000	      2204	80004498	00295013	srli	x0,x18,0x2	 x18:0x00000010  x0=0x00000000
       23045000	      2205	8000449c	34075ef3	csrrwi	x29,mscratch,14	 x29=0x0000001f
       23065000	      2207	800044a0	03fe6233	rem	x4,x28,x31	 x28:0x80021e54 x31:0x00000000  x4=0x80021e54
       23075000	      2208	800044a4	00433893	sltiu	x17,x6,4	  x6:0x00016000 x17=0x00000000
       23085000	      2209	800044a8	471d	c.li	x14,7	 x14=0x00000007
       23095000	      2210	800044aa	01707263	bgeu	x0,x23,800044ae	  x0:0x00000000 x23:0x00000000
       23125000	      2213	800044ae	03481d63	bne	x16,x20,800044e8	 x16:0xffffff8f x20:0x00000000
       23145000	      2215	800044e8	340ed6f3	csrrwi	x13,mscratch,29	 x13=0x0000000e
       23155000	      2216	800044ec	01153eb3	sltu	x29,x10,x17	 x10:0xfffffff1 x17:0x00000000 x29=0x00000000
       23165000	      2217	800044f0	7dad5db7	lui	x27,0x7dad5	 x27=0x7dad5000
       23175000	      2218	800044f4	3403f2f3	csrrci	x5,mscratch,7	  x5=0x0000001d
       23185000	      2219	800044f8	987d	c.andi	x8,-1	  x8:0xffff8000  x8=0xffff8000
       23195000	      2220	800044fa	340036f3	csrrc	x13,mscratch,x0	  x0:0x00000000 x13=0x00000018
       23205000	      2221	800044fe	419155b3	sra	x11,x2,x25	  x2:0x00000000 x25:0x00000000 x11=0x00000000
       23215000	      2222	80004502	861d	c.srai	x12,0x7	 x12:0x7fffffff x12=0x00ffffff
       23225000	      2223	80004504	8e65	c.and	x12,x9	 x12:0x00ffffff  x9:0x00000281 x12=0x00000281
       23235000	      2224	80004506	0135ca33	xor	x20,x11,x19	 x11:0x00000000 x19:0x00000048 x20=0x00000048
       23245000	      2225	8000450a	01ade463	bltu	x27,x26,80004512	 x27:0x7dad5000 x26:0xfffff9f6
       23265000	      2227	80004512	12fd	c.addi	x5,-1	  x5:0x0000001d  x5=0x0000001c
       23305000	      2231	80004514	02253333	mulhu	x6,x10,x2	 x10:0xfffffff1  x2:0x00000000  x6=0x00000000
       23315000	      2232	80004518	0001	c.addi	x0,0	  x0:0x00000000  x0=0x00000000
       23325000	      2233	8000451a	c17d7513	andi	x10,x26,-1001	 x26:0xfffff9f6 x10=0xfffff816
       23335000	      2234	8000451e	0add	c.addi	x21,23	 x21:0x24e8f114 x21=0x24e8f12b
       23375000	      2238	80004520	02a1b733	mulhu	x14,x3,x10	  x3:0xfffffcd0 x10:0xfffff816 x14=0xfffff4e6
       23415000	      2242	80004524	03fc3ab3	mulhu	x21,x24,x31	 x24:0x80000000 x31:0x00000000 x21=0x00000000
       23425000	      2243	80004528	67f836b7	lui	x13,0x67f83	 x13=0x67f83000
       23435000	      2244	8000452c	1e84	c.addi4spn	x9,x2,880	  x9=0x00000370
       23445000	      2245	8000452e	018c4333	xor	x6,x24,x24	 x24:0x80000000 x24:0x80000000  x6=0x00000000
       23455000	      2246	80004532	f6198493	addi	x9,x19,-159	 x19:0x00000048  x9=0xffffffa9
       23465000	      2247	80004536	340069f3	csrrsi	x19,mscratch,0	 x19=0x00000018
       23475000	      2248	8000453a	0000100f	fence.i	
       23505000	      2251	8000453e	003e5f33	srl	x30,x28,x3	 x28:0x80021e54  x3:0xfffffcd0 x30=0x00008002
       23515000	      2252	80004542	03027d63	bgeu	x4,x16,8000457c	  x4:0x80021e54 x16:0xffffff8f
       23525000	      2253	80004546	b2dafc17	auipc	x24,0xb2daf	 x24=0x32db3546
       23535000	      2254	8000454a	c80d	c.beqz	x8,8000457c	  x8:0xffff8000
       23545000	      2255	8000454c	340f65f3	csrrsi	x11,mscratch,30	 x11=0x00000018
       23555000	      2256	80004550	82f4a413	slti	x8,x9,-2001	  x9:0xffffffa9  x8=0x00000000
       23565000	      2257	80004554	41cf8633	sub	x12,x31,x28	 x31:0x00000000 x28:0x80021e54 x12=0x7ffde1ac
       23575000	      2258	80004558	00901013	slli	x0,x0,0x9	  x0:0x00000000  x0=0x00000000
       23615000	      2262	8000455c	028e3933	mulhu	x18,x28,x8	 x28:0x80021e54  x8:0x00000000 x18=0x00000000
       23985000	      2299	80004560	02d84533	div	x10,x16,x13	 x16:0xffffff8f x13:0x67f83000 x10=0x00000000
       23995000	      2300	80004564	00d6d933	srl	x18,x13,x13	 x13:0x67f83000 x13:0x67f83000 x18=0x67f83000
       24005000	      2301	80004568	0001	c.addi	x0,0	  x0:0x00000000  x0=0x00000000
       24015000	      2302	8000456a	9afd	c.andi	x13,-1	 x13:0x67f83000 x13=0x67f83000
       24025000	      2303	8000456c	41f0d833	sra	x16,x1,x31	  x1:0x00001f00 x31:0x00000000 x16=0x00001f00
       24035000	      2304	80004570	34006b73	csrrsi	x22,mscratch,0	 x22=0x0000001e
       24045000	      2305	80004574	01d0de63	bge	x1,x29,80004590	  x1:0x00001f00 x29:0x00000000
       24065000	      2307	80004590	34002973	csrrs	x18,mscratch,x0	  x0:0x00000000 x18=0x0000001e
       24075000	      2308	80004594	8ea5	c.xor	x13,x9	 x13:0x67f83000  x9:0xffffffa9 x13=0x9807cfa9
       24115000	      2312	80004596	039ca8b3	mulhsu	x17,x25,x25	 x25:0x00000000 x25:0x00000000 x17=0x00000000
       24125000	      2313	8000459a	0314	c.addi4spn	x13,x2,384	 x13=0x00000180
       24135000	      2314	8000459c	84bd	c.srai	x9,0xf	  x9:0xffffffa9  x9=0xffffffff
       24145000	      2315	8000459e	ea85	c.bnez	x13,800045ce	 x13:0x00000180
       24175000	      2318	800045ce	41998233	sub	x4,x19,x25	 x19:0x00000018 x25:0x00000000  x4=0x00000018
       24185000	      2319	800045d2	0044bbb3	sltu	x23,x9,x4	  x9:0xffffffff  x4:0x00000018 x23=0x00000000
       24195000	      2320	800045d6	41a1d313	srai	x6,x3,0x1a	  x3:0xfffffcd0  x6=0xffffffff
       24205000	      2321	800045da	8c79	c.and	x8,x14	  x8:0x00000000 x14:0xfffff4e6  x8=0x00000000
       24215000	      2322	800045dc	006d4f33	xor	x30,x26,x6	 x26:0xfffff9f6  x6:0xffffffff x30=0x00000609
       24225000	      2323	800045e0	8632	c.mv	x12,x12	  x0:0x00000000 x12:0x7ffde1ac x12=0x7ffde1ac
       24235000	      2324	800045e2	016985b3	add	x11,x19,x22	 x19:0x00000018 x22:0x0000001e x11=0x00000036
       24245000	      2325	800045e6	4090d2b3	sra	x5,x1,x9	  x1:0x00001f00  x9:0xffffffff  x5=0x00000000
       24255000	      2326	800045ea	00d30933	add	x18,x6,x13	  x6:0xffffffff x13:0x00000180 x18=0x0000017f
       24265000	      2327	800045ee	340075f3	csrrci	x11,mscratch,0	 x11=0x0000001e
       24275000	      2328	800045f2	7b121fb7	lui	x31,0x7b121	 x31=0x7b121000
       24285000	      2329	800045f6	7a8f0f13	addi	x30,x30,1960	 x30:0x00000609 x30=0x00000db1
       24295000	      2330	800045fa	8da9	c.xor	x11,x10	 x11:0x0000001e x10:0x00000000 x11=0x0000001e
       24305000	      2331	800045fc	340025f3	csrrs	x11,mscratch,x0	  x0:0x00000000 x11=0x0000001e
       24315000	      2332	80004600	017fe833	or	x16,x31,x23	 x31:0x7b121000 x23:0x00000000 x16=0x7b121000
       24325000	      2333	80004604	0ff7f013	andi	x0,x15,255	 x15:0x80025ce4  x0=0x00000000
       24335000	      2334	80004608	00f7c6b3	xor	x13,x15,x15	 x15:0x80025ce4 x15:0x80025ce4 x13=0x00000000
       24345000	      2335	8000460c	340069f3	csrrsi	x19,mscratch,0	 x19=0x0000001e
       24715000	      2372	80004610	036370b3	remu	x1,x6,x22	  x6:0xffffffff x22:0x0000001e  x1=0x0000000f
       24725000	      2373	80004614	024af763	bgeu	x21,x4,80004642	 x21:0x00000000  x4:0x00000018
       24735000	      2374	80004618	8a11	c.andi	x12,4	 x12:0x7ffde1ac x12=0x00000004
       24745000	      2375	8000461a	3401d973	csrrwi	x18,mscratch,3	 x18=0x0000001e
       24755000	      2376	8000461e	41775c33	sra	x24,x14,x23	 x14:0xfffff4e6 x23:0x00000000 x24=0xfffff4e6
       24765000	      2377	80004622	01c9f9b3	and	x19,x19,x28	 x19:0x0000001e x28:0x80021e54 x19=0x00000014
       24775000	      2378	80004626	34007873	csrrci	x16,mscratch,0	 x16=0x00000003
       24785000	      2379	8000462a	340bdd73	csrrwi	x26,mscratch,23	 x26=0x00000003
       24795000	      2380	8000462e	409e58b3	sra	x17,x28,x9	 x28:0x80021e54  x9:0xffffffff x17=0xffffffff
       24805000	      2381	80004632	0007ce63	blt	x15,x0,8000464e	 x15:0x80025ce4  x0:0x00000000
       24835000	      2384	8000464e	017a3f33	sltu	x30,x20,x23	 x20:0x00000048 x23:0x00000000 x30=0x00000000
       24845000	      2385	80004652	0017ccb3	xor	x25,x15,x1	 x15:0x80025ce4  x1:0x0000000f x25=0x80025ceb
       24855000	      2386	80004656	5cfd	c.li	x25,-1	 x25=0xffffffff
       24865000	      2387	80004658	01b29193	slli	x3,x5,0x1b	  x5:0x00000000  x3=0x00000000
       24875000	      2388	8000465c	80f1	c.srli	x9,0x1c	  x9:0xffffffff  x9=0x0000000f
       24885000	      2389	8000465e	03aa8863	beq	x21,x26,8000468e	 x21:0x00000000 x26:0x00000003
       24895000	      2390	80004662	02e89063	bne	x17,x14,80004682	 x17:0xffffffff x14:0xfffff4e6
       24925000	      2393	80004682	949b0c17	auipc	x24,0x949b0	 x24=0x149b4682
       24935000	      2394	80004686	34007cf3	csrrci	x25,mscratch,0	 x25=0x00000017
       24955000	      2396	8000468a	020ee8b3	rem	x17,x29,x0	 x29:0x00000000  x0:0x00000000 x17=0x00000000
       24965000	      2397	8000468e	34006a73	csrrsi	x20,mscratch,0	 x20=0x00000017
       25005000	      2401	80004692	03a3af33	mulhsu	x30,x7,x26	  x7:0x80000000 x26:0x00000003 x30=0xfffffffe
       25015000	      2402	80004696	0000100f	fence.i	
       25045000	      2405	8000469a	00338863	beq	x7,x3,800046aa	  x7:0x80000000  x3:0x00000000
       25415000	      2442	8000469e	0347fb33	remu	x22,x15,x20	 x15:0x80025ce4 x20:0x00000017 x22=0x00000016
       25455000	      2446	800046a2	03df2d33	mulhsu	x26,x30,x29	 x30:0xfffffffe x29:0x00000000 x26=0x00000000
       25495000	      2450	800046a6	037f1eb3	mulh	x29,x30,x23	 x30:0xfffffffe x23:0x00000000 x29=0x00000000
       25505000	      2451	800046aa	8e81	c.sub	x13,x8	 x13:0x00000000  x8:0x00000000 x13=0x00000000
       25515000	      2452	800046ac	00b92ab3	slt	x21,x18,x11	 x18:0x0000001e x11:0x0000001e x21=0x00000000
       25525000	      2453	800046b0	34012173	csrrs	x2,mscratch,x2	  x2:0x00000000  x2=0x00000017
       25535000	      2454	800046b4	73034813	xori	x16,x6,1840	  x6:0xffffffff x16=0xfffff8cf
       25545000	      2455	800046b8	18fd	c.addi	x17,-1	 x17:0x00000000 x17=0xffffffff
       25555000	      2456	800046ba	0384e163	bltu	x9,x24,800046dc	  x9:0x0000000f x24:0x149b4682
       25575000	      2458	800046dc	21274893	xori	x17,x14,530	 x14:0xfffff4e6 x17=0xfffff6f4
       25615000	      2462	800046e0	027fb6b3	mulhu	x13,x31,x7	 x31:0x7b121000  x7:0x80000000 x13=0x3d890800
       25625000	      2463	800046e4	8e39	c.xor	x12,x14	 x12:0x00000004 x14:0xfffff4e6 x12=0xfffff4e2
       25665000	      2467	800046e6	037aa233	mulhsu	x4,x21,x23	 x21:0x00000000 x23:0x00000000  x4=0x00000000
       25705000	      2471	800046ea	02629eb3	mulh	x29,x5,x6	  x5:0x00000000  x6:0xffffffff x29=0x00000000
       25745000	      2475	800046ee	03e396b3	mulh	x13,x7,x30	  x7:0x80000000 x30:0xfffffffe x13=0x00000001
       25755000	      2476	800046f2	0ff0000f	fence	iorw,iorw	
       25765000	      2477	800046f6	f8067113	andi	x2,x12,-128	 x12:0xfffff4e2  x2=0xfffff480
       25775000	      2478	800046fa	34061df3	csrrw	x27,mscratch,x12	 x12:0xfffff4e2 x27=0x00000017
       25785000	      2479	800046fe	0001	c.addi	x0,0	  x0:0x00000000  x0=0x00000000
       25795000	      2480	80004700	5efd	c.li	x29,-1	 x29=0xffffffff
       25805000	      2481	80004702	94ee	c.add	x9,x27	  x9:0x0000000f x27:0x00000017  x9=0x00000026
       25815000	      2482	80004704	8152	c.mv	x2,x20	  x0:0x00000000 x20:0x00000017  x2=0x00000017
       25825000	      2483	80004706	8f2d	c.xor	x14,x11	 x14:0xfffff4e6 x11:0x0000001e x14=0xfffff4f8
       25835000	      2484	80004708	01f9f1b3	and	x3,x19,x31	 x19:0x00000014 x31:0x7b121000  x3=0x00000000
       25845000	      2485	8000470c	0001	c.addi	x0,0	  x0:0x00000000  x0=0x00000000
       25855000	      2486	8000470e	00789d13	slli	x26,x17,0x7	 x17:0xfffff6f4 x26=0xfffb7a00
       25865000	      2487	80004712	6151	c.addi16sp	x2,272	  x2:0x00000017  x2=0x00000127
       25895000	      2490	80004714	03638b33	mul	x22,x7,x22	  x7:0x80000000 x22:0x00000016 x22=0x00000000
       25905000	      2491	80004718	02564b63	blt	x12,x5,8000474e	 x12:0xfffff4e2  x5:0x00000000
       25945000	      2495	8000474e	0234c333	div	x6,x9,x3	  x9:0x00000026  x3:0x00000000  x6=0xffffffff
       25955000	      2496	80004752	0000100f	fence.i	
       25985000	      2499	80004756	006e9433	sll	x8,x29,x6	 x29:0xffffffff  x6:0xffffffff  x8=0x80000000
       26025000	      2503	8000475a	032c3b33	mulhu	x22,x24,x18	 x24:0x149b4682 x18:0x0000001e x22=0x00000002
       26035000	      2504	8000475e	04b45163	bge	x8,x11,800047a0	  x8:0x80000000 x11:0x0000001e
       26045000	      2505	80004762	042e	c.slli	x8,0xb	  x8:0x80000000  x8=0x00000000
       26055000	      2506	80004764	0001	c.addi	x0,0	  x0:0x00000000  x0=0x00000000
       26425000	      2543	80004766	02d265b3	rem	x11,x4,x13	  x4:0x00000000 x13:0x00000001 x11=0x00000000
       26435000	      2544	8000476a	02f48c63	beq	x9,x15,800047a2	  x9:0x00000026 x15:0x80025ce4
       26475000	      2548	8000476e	03152fb3	mulhsu	x31,x10,x17	 x10:0x00000000 x17:0xfffff6f4 x31=0x00000000
       26485000	      2549	80004772	e61d	c.bnez	x12,800047a0	 x12:0xfffff4e2
       26505000	      2551	800047a0	8f76	c.mv	x30,x29	  x0:0x00000000 x29:0xffffffff x30=0xffffffff
       26515000	      2552	800047a2	0ff0000f	fence	iorw,iorw	
       26525000	      2553	800047a6	0001	c.addi	x0,0	  x0:0x00000000  x0=0x00000000
       26535000	      2554	800047a8	34006ff3	csrrsi	x31,mscratch,0	 x31=0xfffff4e2
       26545000	      2555	800047ac	8d672593	slti	x11,x14,-1834	 x14:0xfffff4f8 x11=0x00000001
       26565000	      2557	800047b0	03704033	div	x0,x0,x23	  x0:0x00000000 x23:0x00000000  x0=0x00000000
       26575000	      2558	800047b4	9eee	c.add	x29,x27	 x29:0xffffffff x27:0x00000017 x29=0x00000016
       26585000	      2559	800047b6	019238b3	sltu	x17,x4,x25	  x4:0x00000000 x25:0x00000017 x17=0x00000001
       26595000	      2560	800047ba	0199abb3	slt	x23,x19,x25	 x19:0x00000014 x25:0x00000017 x23=0x00000001
       26605000	      2561	800047be	3406bdf3	csrrc	x27,mscratch,x13	 x13:0x00000001 x27=0xfffff4e2
       26615000	      2562	800047c2	259e6c93	ori	x25,x28,601	 x28:0x80021e54 x25=0x80021e5d
       26625000	      2563	800047c6	00da	c.slli	x1,0x16	  x1:0x0000000f  x1=0x03c00000
       26635000	      2564	800047c8	00f11893	slli	x17,x2,0xf	  x2:0x00000127 x17=0x00938000
       26645000	      2565	800047cc	8c21	c.xor	x8,x8	  x8:0x00000000  x8:0x00000000  x8=0x00000000
       26655000	      2566	800047ce	34065d73	csrrwi	x26,mscratch,12	 x26=0xfffff4e2
       26665000	      2567	800047d2	00c15263	bge	x2,x12,800047d6	  x2:0x00000127 x12:0xfffff4e2
       26695000	      2570	800047d6	34026bf3	csrrsi	x23,mscratch,4	 x23=0x0000000c
       26705000	      2571	800047da	80fd	c.srli	x9,0x1f	  x9:0x00000026  x9=0x00000000
       26715000	      2572	800047dc	0001	c.addi	x0,0	  x0:0x00000000  x0=0x00000000
       26725000	      2573	800047de	4fbd	c.li	x31,15	 x31=0x0000000f
       26735000	      2574	800047e0	945a	c.add	x8,x22	  x8:0x00000000 x22:0x00000002  x8=0x00000002
       26745000	      2575	800047e2	340191f3	csrrw	x3,mscratch,x3	  x3:0x00000000  x3=0x0000000c
       26755000	      2576	800047e6	8d31	c.xor	x10,x12	 x10:0x00000000 x12:0xfffff4e2 x10=0xfffff4e2
       26765000	      2577	800047e8	01a65b13	srli	x22,x12,0x1a	 x12:0xfffff4e2 x22=0x0000003f
       26775000	      2578	800047ec	8031	c.srli	x8,0xc	  x8:0x00000002  x8=0x00000000
       26785000	      2579	800047ee	8da5	c.xor	x11,x9	 x11:0x00000001  x9:0x00000000 x11=0x00000001
       26795000	      2580	800047f0	00226133	or	x2,x4,x2	  x4:0x00000000  x2:0x00000127  x2=0x00000127
       26805000	      2581	800047f4	002868b3	or	x17,x16,x2	 x16:0xfffff8cf  x2:0x00000127 x17=0xfffff9ef
       26845000	      2585	800047f8	02993d33	mulhu	x26,x18,x9	 x18:0x0000001e  x9:0x00000000 x26=0x00000000
       26855000	      2586	800047fc	2c166513	ori	x10,x12,705	 x12:0xfffff4e2 x10=0xfffff6e3
       26865000	      2587	80004800	0ff0000f	fence	iorw,iorw	
       26875000	      2588	80004804	002616b3	sll	x13,x12,x2	 x12:0xfffff4e2  x2:0x00000127 x13=0xfffa7100
       27245000	      2625	80004808	02a3f733	remu	x14,x7,x10	  x7:0x80000000 x10:0xfffff6e3 x14=0x80000000
       27255000	      2626	8000480c	0ff0000f	fence	iorw,iorw	
       27265000	      2627	80004810	34025073	csrrwi	x0,mscratch,4	  x0=0x00000000
       27275000	      2628	80004814	08da	c.slli	x17,0x16	 x17:0xfffff9ef x17=0x7bc00000
       27315000	      2632	80004816	03f81ab3	mulh	x21,x16,x31	 x16:0xfffff8cf x31:0x0000000f x21=0xffffffff
       27325000	      2633	8000481a	34091873	csrrw	x16,mscratch,x18	 x18:0x0000001e x16=0x00000004
       27335000	      2634	8000481e	8261	c.srli	x12,0x18	 x12:0xfffff4e2 x12=0x000000ff
       27345000	      2635	80004820	6925	c.lui	x18,0x9	 x18=0x00009000
       27355000	      2636	80004822	69f5	c.lui	x19,0x1d	 x19=0x0001d000
       27365000	      2637	80004824	410c3893	sltiu	x17,x24,1040	 x24:0x149b4682 x17=0x00000000
       27375000	      2638	80004828	0102afb3	slt	x31,x5,x16	  x5:0x00000000 x16:0x00000004 x31=0x00000001
       27385000	      2639	8000482c	0053d2b3	srl	x5,x7,x5	  x7:0x80000000  x5:0x00000000  x5=0x80000000
       27425000	      2643	80004830	03d11ab3	mulh	x21,x2,x29	  x2:0x00000127 x29:0x00000016 x21=0x00000000
       27435000	      2644	80004834	9dd6	c.add	x27,x21	 x27:0xfffff4e2 x21:0x00000000 x27=0xfffff4e2
       27445000	      2645	80004836	0ff0000f	fence	iorw,iorw	
       27455000	      2646	8000483a	3408a273	csrrs	x4,mscratch,x17	 x17:0x00000000  x4=0x0000001e
       27465000	      2647	8000483e	d00c7293	andi	x5,x24,-768	 x24:0x149b4682  x5=0x149b4400
       27475000	      2648	80004842	717d	c.addi16sp	x2,-16	  x2:0x00000127  x2=0x00000117
       27485000	      2649	80004844	d7c43b93	sltiu	x23,x8,-644	  x8:0x00000000 x23=0x00000001
       27495000	      2650	80004848	01e1b633	sltu	x12,x3,x30	  x3:0x0000000c x30:0xffffffff x12=0x00000001
       27505000	      2651	8000484c	00aee733	or	x14,x29,x10	 x29:0x00000016 x10:0xfffff6e3 x14=0xfffff6f7
       27515000	      2652	80004850	d6040293	addi	x5,x8,-672	  x8:0x00000000  x5=0xfffffd60
       27525000	      2653	80004854	9536	c.add	x10,x13	 x10:0xfffff6e3 x13:0xfffa7100 x10=0xfffa67e3
       27535000	      2654	80004856	614d	c.addi16sp	x2,176	  x2:0x00000117  x2=0x000001c7
       27545000	      2655	80004858	009609b3	add	x19,x12,x9	 x12:0x00000001  x9:0x00000000 x19=0x00000001
       27555000	      2656	8000485c	00240a33	add	x20,x8,x2	  x8:0x00000000  x2:0x000001c7 x20=0x000001c7
       27565000	      2657	80004860	8aa5	c.andi	x13,9	 x13:0xfffa7100 x13=0x00000000
       27575000	      2658	80004862	340034f3	csrrc	x9,mscratch,x0	  x0:0x00000000  x9=0x0000001e
       27585000	      2659	80004866	00c78ab3	add	x21,x15,x12	 x15:0x80025ce4 x12:0x00000001 x21=0x80025ce5
       27625000	      2663	8000486a	03fbaf33	mulhsu	x30,x23,x31	 x23:0x00000001 x31:0x00000001 x30=0x00000000
       27635000	      2664	8000486e	6169	c.addi16sp	x2,208	  x2:0x000001c7  x2=0x00000297
       27645000	      2665	80004870	85b1	c.srai	x11,0xc	 x11:0x00000001 x11=0x00000000
       27655000	      2666	80004872	ca8b3093	sltiu	x1,x22,-856	 x22:0x0000003f  x1=0x00000001
       27665000	      2667	80004876	e095	c.bnez	x9,8000489a	  x9:0x0000001e
       27685000	      2669	8000489a	8d39	c.xor	x10,x14	 x10:0xfffa67e3 x14:0xfffff6f7 x10=0x00059114
       27695000	      2670	8000489c	41308b33	sub	x22,x1,x19	  x1:0x00000001 x19:0x00000001 x22=0x00000000
       27705000	      2671	800048a0	0001	c.addi	x0,0	  x0:0x00000000  x0=0x00000000
       27745000	      2675	800048a2	03f63b33	mulhu	x22,x12,x31	 x12:0x00000001 x31:0x00000001 x22=0x00000000
       27755000	      2676	800048a6	340036f3	csrrc	x13,mscratch,x0	  x0:0x00000000 x13=0x0000001e
       27795000	      2680	800048aa	02a61eb3	mulh	x29,x12,x10	 x12:0x00000001 x10:0x00059114 x29=0x00000000
       27805000	      2681	800048ae	8d31	c.xor	x10,x12	 x10:0x00059114 x12:0x00000001 x10=0x00059115
       27815000	      2682	800048b0	40f75eb3	sra	x29,x14,x15	 x14:0xfffff6f7 x15:0x80025ce4 x29=0xffffff6f
       27825000	      2683	800048b4	e499	c.bnez	x9,800048c2	  x9:0x0000001e
       27845000	      2685	800048c2	9a7d	c.andi	x12,-1	 x12:0x00000001 x12=0x00000001
       28215000	      2722	800048c4	033b7533	remu	x10,x22,x19	 x22:0x00000000 x19:0x00000001 x10=0x00000000
       28225000	      2723	800048c8	64c6e013	ori	x0,x13,1612	 x13:0x0000001e  x0=0x00000000
       28235000	      2724	800048cc	0000100f	fence.i	
       28255000	      2726	800048d0	012ff033	and	x0,x31,x18	 x31:0x00000001 x18:0x00009000  x0=0x00000000
       28275000	      2728	800048d4	0289c333	div	x6,x19,x8	 x19:0x00000001  x8:0x00000000  x6=0xffffffff
       28285000	      2729	800048d8	02d90f63	beq	x18,x13,80004916	 x18:0x00009000 x13:0x0000001e
       28295000	      2730	800048dc	0286e263	bltu	x13,x8,80004900	 x13:0x0000001e  x8:0x00000000
       28305000	      2731	800048e0	011260b3	or	x1,x4,x17	  x4:0x0000001e x17:0x00000000  x1=0x0000001e
       28315000	      2732	800048e4	23e2edb7	lui	x27,0x23e2e	 x27=0x23e2e000
       28325000	      2733	800048e8	014f4633	xor	x12,x30,x20	 x30:0x00000000 x20:0x000001c7 x12=0x000001c7
       28335000	      2734	800048ec	0001	c.addi	x0,0	  x0:0x00000000  x0=0x00000000
       28345000	      2735	800048ee	02ad1063	bne	x26,x10,8000490e	 x26:0x00000000 x10:0x00000000
       28355000	      2736	800048f2	00699613	slli	x12,x19,0x6	 x19:0x00000001 x12=0x00000040
       28365000	      2737	800048f6	8d31	c.xor	x10,x12	 x10:0x00000000 x12:0x00000040 x10=0x00000040
       28375000	      2738	800048f8	94e23893	sltiu	x17,x4,-1714	  x4:0x0000001e x17=0x00000001
       28385000	      2739	800048fc	34006ff3	csrrsi	x31,mscratch,0	 x31=0x0000001e
       28395000	      2740	80004900	01c19a13	slli	x20,x3,0x1c	  x3:0x0000000c x20=0xc0000000
       28765000	      2777	80004904	0223c133	div	x2,x7,x2	  x7:0x80000000  x2:0x00000297  x2=0xffce9380
       28775000	      2778	80004908	340fa2f3	csrrs	x5,mscratch,x31	 x31:0x0000001e  x5=0x0000001e
       28785000	      2779	8000490c	8472	c.mv	x8,x28	  x0:0x00000000 x28:0x80021e54  x8=0x80021e54
       28795000	      2780	8000490e	cd0fcb13	xori	x22,x31,-816	 x31:0x0000001e x22=0xfffffcce
       28805000	      2781	80004912	100c	c.addi4spn	x11,x2,32	 x11=0xffce93a0
       28815000	      2782	80004914	8b9e	c.mv	x23,x7	  x0:0x00000000  x7:0x80000000 x23=0x80000000
       28825000	      2783	80004916	c285	c.beqz	x13,80004936	 x13:0x0000001e
       29195000	      2820	80004918	0389f833	remu	x16,x19,x24	 x19:0x00000001 x24:0x149b4682 x16=0x00000001
       29205000	      2821	8000491c	56d83b93	sltiu	x23,x16,1389	 x16:0x00000001 x23=0x00000001
       29215000	      2822	80004920	00be1913	slli	x18,x28,0xb	 x28:0x80021e54 x18=0x10f2a000
       29585000	      2859	80004924	033bc333	div	x6,x23,x19	 x23:0x00000001 x19:0x00000001  x6=0x00000001
       29595000	      2860	80004928	868d	c.srai	x13,0x3	 x13:0x0000001e x13=0x00000003
       29605000	      2861	8000492a	01b01fb3	sll	x31,x0,x27	  x0:0x00000000 x27:0x23e2e000 x31=0x00000000
       29615000	      2862	8000492e	8055	c.srli	x8,0x15	  x8:0x80021e54  x8=0x00000400
       29625000	      2863	80004930	849d	c.srai	x9,0x7	  x9:0x0000001e  x9=0x00000000
       29635000	      2864	80004932	34061973	csrrw	x18,mscratch,x12	 x12:0x00000040 x18=0x0000001e
       29645000	      2865	80004936	0154a6b3	slt	x13,x9,x21	  x9:0x00000000 x21:0x80025ce5 x13=0x00000000
       30015000	      2902	8000493a	02a34033	div	x0,x6,x10	  x6:0x00000001 x10:0x00000040  x0=0x00000000
       30025000	      2903	8000493e	347e6893	ori	x17,x28,839	 x28:0x80021e54 x17=0x80021f57
       30035000	      2904	80004942	34081773	csrrw	x14,mscratch,x16	 x16:0x00000001 x14=0x00000040
       30045000	      2905	80004946	8cac6213	ori	x4,x24,-1846	 x24:0x149b4682  x4=0xfffffeca
       30055000	      2906	8000494a	86a1	c.srai	x13,0x8	 x13:0x00000000 x13=0x00000000
       30065000	      2907	8000494c	02f55763	bge	x10,x15,8000497a	 x10:0x00000040 x15:0x80025ce4
       30095000	      2910	8000497a	89ae8693	addi	x13,x29,-1894	 x29:0xffffff6f x13=0xfffff809
       30105000	      2911	8000497e	023b7363	bgeu	x22,x3,800049a4	 x22:0xfffffcce  x3:0x0000000c
       30125000	      2913	800049a4	0000100f	fence.i	
       30145000	      2915	800049a8	850d	c.srai	x10,0x3	 x10:0x00000040 x10=0x00000008
       30155000	      2916	800049aa	1484	c.addi4spn	x9,x2,608	  x9=0xffce95e0
       30165000	      2917	800049ac	340030f3	csrrc	x1,mscratch,x0	  x0:0x00000000  x1=0x00000001
       30175000	      2918	800049b0	00ed94b3	sll	x9,x27,x14	 x27:0x23e2e000 x14:0x00000040  x9=0x23e2e000
       30185000	      2919	800049b4	c519	c.beqz	x10,800049c2	 x10:0x00000008
       30195000	      2920	800049b6	34065bf3	csrrwi	x23,mscratch,12	 x23=0x00000001
       30205000	      2921	800049ba	34007bf3	csrrci	x23,mscratch,0	 x23=0x0000000c
       30215000	      2922	800049be	34071173	csrrw	x2,mscratch,x14	 x14:0x00000040  x2=0x0000000c
       30225000	      2923	800049c2	8e4d	c.or	x12,x11	 x12:0x00000040 x11:0xffce93a0 x12=0xffce93e0
       30235000	      2924	800049c4	69317d93	andi	x27,x2,1683	  x2:0x0000000c x27=0x00000000
       30245000	      2925	800049c8	008a5433	srl	x8,x20,x8	 x20:0xc0000000  x8:0x00000400  x8=0xc0000000
       30255000	      2926	800049cc	8dd5	c.or	x11,x13	 x11:0xffce93a0 x13:0xfffff809 x11=0xfffffba9
       30265000	      2927	800049ce	051e	c.slli	x10,0x7	 x10:0x00000008 x10=0x00000400
       30275000	      2928	800049d0	557d	c.li	x10,-1	 x10=0xffffffff
       30285000	      2929	800049d2	0ff0000f	fence	iorw,iorw	
       30295000	      2930	800049d6	9ae2	c.add	x21,x24	 x21:0x80025ce5 x24:0x149b4682 x21=0x949da367
       30665000	      2967	800049d8	038c7fb3	remu	x31,x24,x24	 x24:0x149b4682 x24:0x149b4682 x31=0x00000000
       31035000	      3004	800049dc	039ccb33	div	x22,x25,x25	 x25:0x80021e5d x25:0x80021e5d x22=0x00000001
       31045000	      3005	800049e0	0ff0000f	fence	iorw,iorw	
       31055000	      3006	800049e4	090c	c.addi4spn	x11,x2,144	 x11=0x0000009c
       31065000	      3007	800049e6	00875733	srl	x14,x14,x8	 x14:0x00000040  x8:0xc0000000 x14=0x00000040
       31075000	      3008	800049ea	00d50433	add	x8,x10,x13	 x10:0xffffffff x13:0xfffff809  x8=0xfffff808
       31085000	      3009	800049ee	00b1bdb3	sltu	x27,x3,x11	  x3:0x0000000c x11:0x0000009c x27=0x00000001
       31095000	      3010	800049f2	071d6513	ori	x10,x26,113	 x26:0x00000000 x10=0x00000071
       31465000	      3047	800049f6	02a0edb3	rem	x27,x1,x10	  x1:0x00000001 x10:0x00000071 x27=0x00000001
       31475000	      3048	800049fa	34003473	csrrc	x8,mscratch,x0	  x0:0x00000000  x8=0x00000040
       31845000	      3085	800049fe	03775f33	divu	x30,x14,x23	 x14:0x00000040 x23:0x0000000c x30=0x00000005
       31855000	      3086	80004a02	34006ef3	csrrsi	x29,mscratch,0	 x29=0x00000040
       31865000	      3087	80004a06	0001	c.addi	x0,0	  x0:0x00000000  x0=0x00000000
       31875000	      3088	80004a08	34015cf3	csrrwi	x25,mscratch,2	 x25=0x00000040
       31885000	      3089	80004a0c	340d7a73	csrrci	x20,mscratch,26	 x20=0x00000002
       31895000	      3090	80004a10	340039f3	csrrc	x19,mscratch,x0	  x0:0x00000000 x19=0x00000000
       31905000	      3091	80004a14	84ed	c.srai	x9,0x1b	  x9:0x23e2e000  x9=0x00000004
       31915000	      3092	80004a16	002a8433	add	x8,x21,x2	 x21:0x949da367  x2:0x0000000c  x8=0x949da373
       31925000	      3093	80004a1a	8986	c.mv	x19,x1	  x0:0x00000000  x1:0x00000001 x19=0x00000001
       31935000	      3094	80004a1c	026c4563	blt	x24,x6,80004a46	 x24:0x149b4682  x6:0x00000001
       32305000	      3131	80004a20	0302f933	remu	x18,x5,x16	  x5:0x0000001e x16:0x00000001 x18=0x00000000
       32315000	      3132	80004a24	0095de93	srli	x29,x11,0x9	 x11:0x0000009c x29=0x00000000
       32325000	      3133	80004a28	8f1d	c.sub	x14,x15	 x14:0x00000040 x15:0x80025ce4 x14=0x7ffda35c
       32335000	      3134	80004a2a	0000100f	fence.i	
       32355000	      3136	80004a2e	80d9	c.srli	x9,0x16	  x9:0x00000004  x9=0x00000000
       32365000	      3137	80004a30	00c0df33	srl	x30,x1,x12	  x1:0x00000001 x12:0xffce93e0 x30=0x00000001
       32375000	      3138	80004a34	006c72b3	and	x5,x24,x6	 x24:0x149b4682  x6:0x00000001  x5=0x00000000
       32385000	      3139	80004a38	0ff0000f	fence	iorw,iorw	
       32395000	      3140	80004a3c	c481	c.beqz	x9,80004a44	  x9:0x00000000
       32415000	      3142	80004a44	8ccd	c.or	x9,x11	  x9:0x00000000 x11:0x0000009c  x9=0x0000009c
       32425000	      3143	80004a46	c319	c.beqz	x14,80004a4c	 x14:0x7ffda35c
       32795000	      3180	80004a48	02f674b3	remu	x9,x12,x15	 x12:0xffce93e0 x15:0x80025ce4  x9=0x7fcc36fc
       32805000	      3181	80004a4c	00b07cb3	and	x25,x0,x11	  x0:0x00000000 x11:0x0000009c x25=0x00000000
       32835000	      3184	80004a50	027d0233	mul	x4,x26,x7	 x26:0x00000000  x7:0x80000000  x4=0x00000000
       32845000	      3185	80004a54	40358133	sub	x2,x11,x3	 x11:0x0000009c  x3:0x0000000c  x2=0x00000090
       32855000	      3186	80004a58	3406ff73	csrrci	x30,mscratch,13	 x30=0x00000000
       32865000	      3187	80004a5c	1c98	c.addi4spn	x14,x2,624	 x14=0x00000300
       32875000	      3188	80004a5e	8e35	c.xor	x12,x13	 x12:0xffce93e0 x13:0xfffff809 x12=0x00316be9
       32885000	      3189	80004a60	01140633	add	x12,x8,x17	  x8:0x949da373 x17:0x80021f57 x12=0x149fc2ca
       32895000	      3190	80004a64	4fad	c.li	x31,11	 x31=0x0000000b
       32905000	      3191	80004a66	4fe701b7	lui	x3,0x4fe70	  x3=0x4fe70000
       32915000	      3192	80004a6a	018dd113	srli	x2,x27,0x18	 x27:0x00000001  x2=0x00000000
       32955000	      3196	80004a6e	022d9233	mulh	x4,x27,x2	 x27:0x00000001  x2:0x00000000  x4=0x00000000
       32965000	      3197	80004a72	0058b933	sltu	x18,x17,x5	 x17:0x80021f57  x5:0x00000000 x18=0x00000000
       32975000	      3198	80004a76	01194463	blt	x18,x17,80004a7e	 x18:0x00000000 x17:0x80021f57
       32985000	      3199	80004a7a	0ff0000f	fence	iorw,iorw	
       32995000	      3200	80004a7e	0248db63	bge	x17,x4,80004ab4	 x17:0x80021f57  x4:0x00000000
       33005000	      3201	80004a82	0a84	c.addi4spn	x9,x2,336	  x9=0x00000150
       33015000	      3202	80004a84	0001	c.addi	x0,0	  x0:0x00000000  x0=0x00000000
       33025000	      3203	80004a86	02401363	bne	x0,x4,80004aac	  x0:0x00000000  x4:0x00000000
       33035000	      3204	80004a8a	34026073	csrrsi	x0,mscratch,4	  x0=0x00000000
       33045000	      3205	80004a8e	717d	c.addi16sp	x2,-16	  x2:0x00000000  x2=0xfffffff0
       33055000	      3206	80004a90	029f0d63	beq	x30,x9,80004aca	 x30:0x00000000  x9:0x00000150
       33065000	      3207	80004a94	b100a593	slti	x11,x1,-1264	  x1:0x00000001 x11=0x00000000
       33075000	      3208	80004a98	1f04	c.addi4spn	x9,x2,944	  x9=0x000003a0
       33085000	      3209	80004a9a	0001	c.addi	x0,0	  x0:0x00000000  x0=0x00000000
       33095000	      3210	80004a9c	009a7d33	and	x26,x20,x9	 x20:0x00000002  x9:0x000003a0 x26=0x00000000
       33105000	      3211	80004aa0	0c2d	c.addi	x24,11	 x24:0x149b4682 x24=0x149b468d
       33115000	      3212	80004aa2	00604263	blt	x0,x6,80004aa6	  x0:0x00000000  x6:0x00000001
       33145000	      3215	80004aa6	0142c2b3	xor	x5,x5,x20	  x5:0x00000000 x20:0x00000002  x5=0x00000002
       33155000	      3216	80004aaa	8d2d	c.xor	x10,x11	 x10:0x00000071 x11:0x00000000 x10=0x00000071
       33165000	      3217	80004aac	01ae9033	sll	x0,x29,x26	 x29:0x00000000 x26:0x00000000  x0=0x00000000
       33175000	      3218	80004ab0	458d	c.li	x11,3	 x11=0x00000003
       33185000	      3219	80004ab2	0001	c.addi	x0,0	  x0:0x00000000  x0=0x00000000
       33195000	      3220	80004ab4	00747fb3	and	x31,x8,x7	  x8:0x949da373  x7:0x80000000 x31=0x80000000
       33205000	      3221	80004ab8	00485833	srl	x16,x16,x4	 x16:0x00000001  x4:0x00000000 x16=0x00000001
       33215000	      3222	80004abc	0001	c.addi	x0,0	  x0:0x00000000  x0=0x00000000
       33225000	      3223	80004abe	00d39093	slli	x1,x7,0xd	  x7:0x80000000  x1=0x00000000
       33235000	      3224	80004ac2	37f48f13	addi	x30,x9,895	  x9:0x000003a0 x30=0x0000071f
       33245000	      3225	80004ac6	34007a73	csrrci	x20,mscratch,0	 x20=0x00000004
       33255000	      3226	80004aca	26922f13	slti	x30,x4,617	  x4:0x00000000 x30=0x00000001
       33265000	      3227	80004ace	0014b9b3	sltu	x19,x9,x1	  x9:0x000003a0  x1:0x00000000 x19=0x00000000
       33275000	      3228	80004ad2	340a22f3	csrrs	x5,mscratch,x20	 x20:0x00000004  x5=0x00000004
       33285000	      3229	80004ad6	00d221b3	slt	x3,x4,x13	  x4:0x00000000 x13:0xfffff809  x3=0x00000000
       33295000	      3230	80004ada	40a7d513	srai	x10,x15,0xa	 x15:0x80025ce4 x10=0xffe00097
       33305000	      3231	80004ade	0000100f	fence.i	
       33345000	      3235	80004ae2	03da46b3	div	x13,x20,x29	 x20:0x00000004 x29:0x00000000 x13=0xffffffff
       33355000	      3236	80004ae6	01282db3	slt	x27,x16,x18	 x16:0x00000001 x18:0x00000000 x27=0x00000000
       33375000	      3238	80004aea	02457b33	remu	x22,x10,x4	 x10:0xffe00097  x4:0x00000000 x22=0xffe00097
       33385000	      3239	80004aee	717d	c.addi16sp	x2,-16	  x2:0xfffffff0  x2=0xffffffe0
       33395000	      3240	80004af0	e909	c.bnez	x10,80004b02	 x10:0xffe00097
       33415000	      3242	80004b02	48b5	c.li	x17,13	 x17=0x0000000d
       33425000	      3243	80004b04	0046cbb3	xor	x23,x13,x4	 x13:0xffffffff  x4:0x00000000 x23=0xffffffff
       33435000	      3244	80004b08	4923eb13	ori	x22,x7,1170	  x7:0x80000000 x22=0x80000492
       33445000	      3245	80004b0c	34053bf3	csrrc	x23,mscratch,x10	 x10:0xffe00097 x23=0x00000004
       33455000	      3246	80004b10	34043ff3	csrrc	x31,mscratch,x8	  x8:0x949da373 x31=0x00000000
       33495000	      3250	80004b14	02719333	mulh	x6,x3,x7	  x3:0x00000000  x7:0x80000000  x6=0x00000000
       33505000	      3251	80004b18	c3ad22b7	lui	x5,0xc3ad2	  x5=0xc3ad2000
       33515000	      3252	80004b1c	cc99	c.beqz	x9,80004b3a	  x9:0x000003a0
       33555000	      3256	80004b1e	03e43433	mulhu	x8,x8,x30	  x8:0x949da373 x30:0x00000001  x8=0x00000000
       33565000	      3257	80004b22	8626	c.mv	x12,x9	  x0:0x00000000  x9:0x000003a0 x12=0x000003a0
       33575000	      3258	80004b24	0001	c.addi	x0,0	  x0:0x00000000  x0=0x00000000
       33585000	      3259	80004b26	086d	c.addi	x16,27	 x16:0x00000001 x16=0x0000001c
       33595000	      3260	80004b28	34002b73	csrrs	x22,mscratch,x0	  x0:0x00000000 x22=0x00000000
       33605000	      3261	80004b2c	016899b3	sll	x19,x17,x22	 x17:0x0000000d x22:0x00000000 x19=0x0000000d
       33615000	      3262	80004b30	00aad513	srli	x10,x21,0xa	 x21:0x949da367 x10=0x00252768
       33625000	      3263	80004b34	0000100f	fence.i	
       33645000	      3265	80004b38	e191	c.bnez	x11,80004b3c	 x11:0x00000003
       33665000	      3267	80004b3c	003fe233	or	x4,x31,x3	 x31:0x00000000  x3:0x00000000  x4=0x00000000
       33675000	      3268	80004b40	34007af3	csrrci	x21,mscratch,0	 x21=0x00000000
       33695000	      3270	80004b44	03284733	div	x14,x16,x18	 x16:0x0000001c x18:0x00000000 x14=0xffffffff
       33735000	      3274	80004b48	034b92b3	mulh	x5,x23,x20	 x23:0x00000004 x20:0x00000004  x5=0x00000000
       33745000	      3275	80004b4c	01608663	beq	x1,x22,80004b58	  x1:0x00000000 x22:0x00000000
       33785000	      3279	80004b58	02398033	mul	x0,x19,x3	 x19:0x0000000d  x3:0x00000000  x0=0x00000000
       33795000	      3280	80004b5c	ad787693	andi	x13,x16,-1321	 x16:0x0000001c x13=0x00000014
       33805000	      3281	80004b60	41ea8c33	sub	x24,x21,x30	 x21:0x00000000 x30:0x00000001 x24=0xffffffff
       33815000	      3282	80004b64	0000100f	fence.i	
       33865000	      3287	80004b68	03c62633	mulhsu	x12,x12,x28	 x12:0x000003a0 x28:0x80021e54 x12=0x000001d0
       33875000	      3288	80004b6c	0000100f	fence.i	
       33895000	      3290	80004b70	8dfd	c.and	x11,x15	 x11:0x00000003 x15:0x80025ce4 x11=0x00000000
       33905000	      3291	80004b72	e009	c.bnez	x8,80004b74	  x8:0x00000000
       33925000	      3293	80004b74	03626fb3	rem	x31,x4,x22	  x4:0x00000000 x22:0x00000000 x31=0x00000000
       33935000	      3294	80004b78	3401fbf3	csrrci	x23,mscratch,3	 x23=0x00000000
       33945000	      3295	80004b7c	3403aff3	csrrs	x31,mscratch,x7	  x7:0x80000000 x31=0x00000000
       33985000	      3299	80004b80	02043cb3	mulhu	x25,x8,x0	  x8:0x00000000  x0:0x00000000 x25=0x00000000
       33995000	      3300	80004b84	9a7d	c.andi	x12,-1	 x12:0x000001d0 x12=0x000001d0
       34005000	      3301	80004b86	04033293	sltiu	x5,x6,64	  x6:0x00000000  x5=0x00000001
       34045000	      3305	80004b8a	037d3eb3	mulhu	x29,x26,x23	 x26:0x00000000 x23:0x00000000 x29=0x00000000
       34055000	      3306	80004b8e	3404fef3	csrrci	x29,mscratch,9	 x29=0x80000000
       34065000	      3307	80004b92	0133f0b3	and	x1,x7,x19	  x7:0x80000000 x19:0x0000000d  x1=0x00000000
       34075000	      3308	80004b96	01ea3bb3	sltu	x23,x20,x30	 x20:0x00000004 x30:0x00000001 x23=0x00000000
       34085000	      3309	80004b9a	69e1	c.lui	x19,0x18	 x19=0x00018000
       34095000	      3310	80004b9c	76bb2713	slti	x14,x22,1899	 x22:0x00000000 x14=0x00000001
       34105000	      3311	80004ba0	01f589b3	add	x19,x11,x31	 x11:0x00000000 x31:0x00000000 x19=0x00000000
       34115000	      3312	80004ba4	34006df3	csrrsi	x27,mscratch,0	 x27=0x80000000
       34125000	      3313	80004ba8	34003973	csrrc	x18,mscratch,x0	  x0:0x00000000 x18=0x80000000
       34135000	      3314	80004bac	8c15	c.sub	x8,x13	  x8:0x00000000 x13:0x00000014  x8=0xffffffec
       34145000	      3315	80004bae	0aee	c.slli	x21,0x1b	 x21:0x00000000 x21=0x00000000
       34155000	      3316	80004bb0	010a9d13	slli	x26,x21,0x10	 x21:0x00000000 x26=0x00000000
       34165000	      3317	80004bb4	04af1063	bne	x30,x10,80004bf4	 x30:0x00000001 x10:0x00252768
       34185000	      3319	80004bf4	84c9	c.srai	x9,0x12	  x9:0x000003a0  x9=0x00000000
       34195000	      3320	80004bf6	06b0bd13	sltiu	x26,x1,107	  x1:0x00000000 x26=0x00000001
       34205000	      3321	80004bfa	927d6993	ori	x19,x26,-1753	 x26:0x00000001 x19=0xfffff927
       34225000	      3323	80004bfe	0268cb33	div	x22,x17,x6	 x17:0x0000000d  x6:0x00000000 x22=0xffffffff
       34235000	      3324	80004c02	717d	c.addi16sp	x2,-16	  x2:0xffffffe0  x2=0xffffffd0
       34275000	      3328	80004c04	02b490b3	mulh	x1,x9,x11	  x9:0x00000000 x11:0x00000000  x1=0x00000000
       34285000	      3329	80004c08	0000100f	fence.i	
       34305000	      3331	80004c0c	7c82b293	sltiu	x5,x5,1992	  x5:0x00000001  x5=0x00000001
       34345000	      3335	80004c10	03a59733	mulh	x14,x11,x26	 x11:0x00000000 x26:0x00000001 x14=0x00000000
       34355000	      3336	80004c14	6db1	c.lui	x27,0xc	 x27=0x0000c000
       34365000	      3337	80004c16	00ce3fb3	sltu	x31,x28,x12	 x28:0x80021e54 x12:0x000001d0 x31=0x00000000
       34375000	      3338	80004c1a	3408a373	csrrs	x6,mscratch,x17	 x17:0x0000000d  x6=0x80000000
       34385000	      3339	80004c1e	02229e63	bne	x5,x2,80004c5a	  x5:0x00000001  x2:0xffffffd0
       34415000	      3342	80004c5a	340060f3	csrrsi	x1,mscratch,0	  x1=0x8000000d
       34455000	      3346	80004c5e	03c1bbb3	mulhu	x23,x3,x28	  x3:0x00000000 x28:0x80021e54 x23=0x00000000
       34465000	      3347	80004c62	865a	c.mv	x12,x22	  x0:0x00000000 x22:0xffffffff x12=0xffffffff
       34475000	      3348	80004c64	0001	c.addi	x0,0	  x0:0x00000000  x0=0x00000000
       34485000	      3349	80004c66	0956	c.slli	x18,0x15	 x18:0x80000000 x18=0x00000000
       34495000	      3350	80004c68	e295	c.bnez	x13,80004c8c	 x13:0x00000014
       34515000	      3352	80004c8c	8221	c.srli	x12,0x8	 x12:0xffffffff x12=0x00ffffff
       34525000	      3353	80004c8e	0207d563	bge	x15,x0,80004cb8	 x15:0x80025ce4  x0:0x00000000
       34535000	      3354	80004c92	01089193	slli	x3,x17,0x10	 x17:0x0000000d  x3=0x000d0000
       34545000	      3355	80004c96	03aec163	blt	x29,x26,80004cb8	 x29:0x80000000 x26:0x00000001
       34565000	      3357	80004cb8	09e8e413	ori	x8,x17,158	 x17:0x0000000d  x8=0x0000009f
       34575000	      3358	80004cbc	018e9eb3	sll	x29,x29,x24	 x29:0x80000000 x24:0xffffffff x29=0x00000000
       34945000	      3395	80004cc0	02c1cc33	div	x24,x3,x12	  x3:0x000d0000 x12:0x00ffffff x24=0x00000000
       34955000	      3396	80004cc4	0498	c.addi4spn	x14,x2,576	 x14=0x00000210
       34965000	      3397	80004cc6	340ce1f3	csrrsi	x3,mscratch,25	  x3=0x8000000d
       34975000	      3398	80004cca	8ced	c.and	x9,x11	  x9:0x00000000 x11:0x00000000  x9=0x00000000
       34985000	      3399	80004ccc	40e2deb3	sra	x29,x5,x14	  x5:0x00000001 x14:0x00000210 x29=0x00000000
       34995000	      3400	80004cd0	0179c663	blt	x19,x23,80004cdc	 x19:0xfffff927 x23:0x00000000
       35015000	      3402	80004cdc	41300233	sub	x4,x0,x19	  x0:0x00000000 x19:0xfffff927  x4=0x000006d9
       35025000	      3403	80004ce0	0323ca63	blt	x7,x18,80004d14	  x7:0x80000000 x18:0x00000000
       35045000	      3405	80004d14	025a5563	bge	x20,x5,80004d3e	 x20:0x00000004  x5:0x00000001
       35075000	      3408	80004d3e	3407a073	csrrs	x0,mscratch,x15	 x15:0x80025ce4  x0=0x00000000
       35085000	      3409	80004d42	00f05a93	srli	x21,x0,0xf	  x0:0x00000000 x21=0x00000000
       35095000	      3410	80004d46	340efaf3	csrrci	x21,mscratch,29	 x21=0x80025cfd
       35105000	      3411	80004d4a	34096973	csrrsi	x18,mscratch,18	 x18=0x80025ce0
       35115000	      3412	80004d4e	1100	c.addi4spn	x8,x2,160	  x8=0x00000070
       35155000	      3416	80004d50	03461433	mulh	x8,x12,x20	 x12:0x00ffffff x20:0x00000004  x8=0x00000000
       35165000	      3417	80004d54	340c7a73	csrrci	x20,mscratch,24	 x20=0x80025cf2
       35175000	      3418	80004d58	8d8d	c.sub	x11,x11	 x11:0x00000000 x11:0x00000000 x11=0x00000000
       35185000	      3419	80004d5a	85d2	c.mv	x11,x20	  x0:0x00000000 x20:0x80025cf2 x11=0x80025cf2
       35195000	      3420	80004d5c	8aa6	c.mv	x21,x9	  x0:0x00000000  x9:0x00000000 x21=0x00000000
       35205000	      3421	80004d5e	a61b6113	ori	x2,x22,-1439	 x22:0xffffffff  x2=0xffffffff
       35215000	      3422	80004d62	50b30d93	addi	x27,x6,1291	  x6:0x80000000 x27=0x8000050b
       35585000	      3459	80004d66	02f76333	rem	x6,x14,x15	 x14:0x00000210 x15:0x80025ce4  x6=0x00000210
       35595000	      3460	80004d6a	00dc4d63	blt	x24,x13,80004d84	 x24:0x00000000 x13:0x00000014
       35615000	      3462	80004d84	6169	c.addi16sp	x2,208	  x2:0xffffffff  x2=0x000000cf
       35655000	      3466	80004d86	02363eb3	mulhu	x29,x12,x3	 x12:0x00ffffff  x3:0x8000000d x29=0x007fffff
       35665000	      3467	80004d8a	8d5d	c.or	x10,x15	 x10:0x00252768 x15:0x80025ce4 x10=0x80277fec
       35675000	      3468	80004d8c	8ec5	c.or	x13,x9	 x13:0x00000014  x9:0x00000000 x13=0x00000014
       35685000	      3469	80004d8e	049a8613	addi	x12,x21,73	 x21:0x00000000 x12=0x00000049
       35695000	      3470	80004d92	00eb0233	add	x4,x22,x14	 x22:0xffffffff x14:0x00000210  x4=0x0000020f
       35735000	      3474	80004d96	03c8b733	mulhu	x14,x17,x28	 x17:0x0000000d x28:0x80021e54 x14=0x00000006
       35745000	      3475	80004d9a	01026463	bltu	x4,x16,80004da2	  x4:0x0000020f x16:0x0000001c
       35755000	      3476	80004d9e	18557b93	andi	x23,x10,389	 x10:0x80277fec x23=0x00000184
       35765000	      3477	80004da2	00e2da13	srli	x20,x5,0xe	  x5:0x00000001 x20=0x00000000
       35775000	      3478	80004da6	0000100f	fence.i	
       35805000	      3481	80004daa	34015af3	csrrwi	x21,mscratch,2	 x21=0x80025ce2
       35815000	      3482	80004dae	8b25	c.andi	x14,9	 x14:0x00000006 x14=0x00000000
       35825000	      3483	80004db0	c51d	c.beqz	x10,80004dde	 x10:0x80277fec
       35835000	      3484	80004db2	19fd	c.addi	x19,-1	 x19:0xfffff927 x19=0xfffff926
       35845000	      3485	80004db4	00e4d013	srli	x0,x9,0xe	  x9:0x00000000  x0=0x00000000
       35855000	      3486	80004db8	c085	c.beqz	x9,80004dd8	  x9:0x00000000
       35875000	      3488	80004dd8	01fd8b33	add	x22,x27,x31	 x27:0x8000050b x31:0x00000000 x22=0x8000050b
       35885000	      3489	80004ddc	6f85	c.lui	x31,0x1	 x31=0x00001000
       35895000	      3490	80004dde	8a71	c.andi	x12,28	 x12:0x00000049 x12=0x00000008
       35905000	      3491	80004de0	00227a33	and	x20,x4,x2	  x4:0x0000020f  x2:0x000000cf x20=0x0000000f
       35915000	      3492	80004de4	0190e663	bltu	x1,x25,80004df0	  x1:0x8000000d x25:0x00000000
       35925000	      3493	80004de8	00422133	slt	x2,x4,x4	  x4:0x0000020f  x4:0x0000020f  x2=0x00000000
       35935000	      3494	80004dec	0149ac33	slt	x24,x19,x20	 x19:0xfffff926 x20:0x0000000f x24=0x00000001
       35945000	      3495	80004df0	00d2bdb3	sltu	x27,x5,x13	  x5:0x00000001 x13:0x00000014 x27=0x00000001
       35955000	      3496	80004df4	4ff5	c.li	x31,29	 x31=0x0000001d
       35985000	      3499	80004df6	035e86b3	mul	x13,x29,x21	 x29:0x007fffff x21:0x80025ce2 x13=0xf0fda31e
       35995000	      3500	80004dfa	01b1ed63	bltu	x3,x27,80004e14	  x3:0x8000000d x27:0x00000001
       36005000	      3501	80004dfe	34096873	csrrsi	x16,mscratch,18	 x16=0x00000002
       36045000	      3505	80004e02	039ca1b3	mulhsu	x3,x25,x25	 x25:0x00000000 x25:0x00000000  x3=0x00000000
       36415000	      3542	80004e06	030c5cb3	divu	x25,x24,x16	 x24:0x00000001 x16:0x00000002 x25=0x00000000
       36425000	      3543	80004e0a	010efcb3	and	x25,x29,x16	 x29:0x007fffff x16:0x00000002 x25=0x00000002
       36435000	      3544	80004e0e	6115	c.addi16sp	x2,288	  x2:0x00000000  x2=0x00000120
       36445000	      3545	80004e10	3405def3	csrrwi	x29,mscratch,11	 x29=0x00000012
       36455000	      3546	80004e14	472fcb93	xori	x23,x31,1138	 x31:0x0000001d x23=0x0000046f
       36465000	      3547	80004e18	010b9a33	sll	x20,x23,x16	 x23:0x0000046f x16:0x00000002 x20=0x000011bc
       36475000	      3548	80004e1c	340f70f3	csrrci	x1,mscratch,30	  x1=0x0000000b
       36485000	      3549	80004e20	02ec1863	bne	x24,x14,80004e50	 x24:0x00000001 x14:0x00000000
       36505000	      3551	80004e50	00c39d13	slli	x26,x7,0xc	  x7:0x80000000 x26=0x00000000
       36515000	      3552	80004e54	00b4da93	srli	x21,x9,0xb	  x9:0x00000000 x21=0x00000000
       36525000	      3553	80004e58	7cdd4d93	xori	x27,x26,1997	 x26:0x00000000 x27=0x000007cd
       36535000	      3554	80004e5c	8e89	c.sub	x13,x10	 x13:0xf0fda31e x10:0x80277fec x13=0x70d62332
       36905000	      3591	80004e5e	0312df33	divu	x30,x5,x17	  x5:0x00000001 x17:0x0000000d x30=0x00000000
       36915000	      3592	80004e62	3360f313	andi	x6,x1,822	  x1:0x0000000b  x6=0x00000002
       36925000	      3593	80004e66	003b62b3	or	x5,x22,x3	 x22:0x8000050b  x3:0x00000000  x5=0x8000050b
       36935000	      3594	80004e6a	022ac663	blt	x21,x2,80004e96	 x21:0x00000000  x2:0x00000120
       36965000	      3597	80004e96	01aeed33	or	x26,x29,x26	 x29:0x00000012 x26:0x00000000 x26=0x00000012
       36975000	      3598	80004e9a	85e5	c.srai	x11,0x19	 x11:0x80025cf2 x11=0xffffffc0
       36995000	      3600	80004e9c	02eec733	div	x14,x29,x14	 x29:0x00000012 x14:0x00000000 x14=0xffffffff
       37005000	      3601	80004ea0	018f8263	beq	x31,x24,80004ea4	 x31:0x0000001d x24:0x00000001
       37015000	      3602	80004ea4	4045d613	srai	x12,x11,0x4	 x11:0xffffffc0 x12=0xfffffffc
       37025000	      3603	80004ea8	4be1	c.li	x23,24	 x23=0x00000018
       37035000	      3604	80004eaa	340be4f3	csrrsi	x9,mscratch,23	  x9=0x00000001
       37045000	      3605	80004eae	08be	c.slli	x17,0xf	 x17:0x0000000d x17=0x00068000
       37055000	      3606	80004eb0	1f5bdf17	auipc	x30,0x1f5bd	 x30=0x9f5c1eb0
       37065000	      3607	80004eb4	8df5	c.and	x11,x13	 x11:0xffffffc0 x13:0x70d62332 x11=0x70d62300
       37075000	      3608	80004eb6	8c91	c.sub	x9,x12	  x9:0x00000001 x12:0xfffffffc  x9=0x00000005
       37445000	      3645	80004eb8	022cf6b3	remu	x13,x25,x2	 x25:0x00000002  x2:0x00000120 x13=0x00000002
       37455000	      3646	80004ebc	54fd	c.li	x9,-1	  x9=0xffffffff
       37465000	      3647	80004ebe	717d	c.addi16sp	x2,-16	  x2:0x00000120  x2=0x00000110
       37835000	      3684	80004ec0	0244e533	rem	x10,x9,x4	  x9:0xffffffff  x4:0x0000020f x10=0xffffffff
       37845000	      3685	80004ec4	03bffd63	bgeu	x31,x27,80004efe	 x31:0x0000001d x27:0x000007cd
       37855000	      3686	80004ec8	ea560837	lui	x16,0xea560	 x16=0xea560000
       38225000	      3723	80004ecc	0251d2b3	divu	x5,x3,x5	  x3:0x00000000  x5:0x8000050b  x5=0x00000000
       38235000	      3724	80004ed0	40db5f13	srai	x30,x22,0xd	 x22:0x8000050b x30=0xfffc0000
       38245000	      3725	80004ed4	78d70813	addi	x16,x14,1933	 x14:0xffffffff x16=0x0000078c
       38255000	      3726	80004ed8	033a8563	beq	x21,x19,80004f02	 x21:0x00000000 x19:0xfffff926
       38265000	      3727	80004edc	003e9313	slli	x6,x29,0x3	 x29:0x00000012  x6=0x00000090
       38275000	      3728	80004ee0	00180db3	add	x27,x16,x1	 x16:0x0000078c  x1:0x0000000b x27=0x00000797
       38285000	      3729	80004ee4	01208f63	beq	x1,x18,80004f02	  x1:0x0000000b x18:0x80025ce0
       38655000	      3766	80004ee8	030ae833	rem	x16,x21,x16	 x21:0x00000000 x16:0x0000078c x16=0x00000000
       38665000	      3767	80004eec	c109	c.beqz	x10,80004eee	 x10:0xffffffff
       38675000	      3768	80004eee	19c2b713	sltiu	x14,x5,412	  x5:0x00000000 x14=0x00000001
       38685000	      3769	80004ef2	0b5e	c.slli	x22,0x17	 x22:0x8000050b x22=0x85800000
       38695000	      3770	80004ef4	01dd1233	sll	x4,x26,x29	 x26:0x00000012 x29:0x00000012  x4=0x00480000
       38705000	      3771	80004ef8	34007373	csrrci	x6,mscratch,0	  x6=0x00000017
       38715000	      3772	80004efc	6a8d	c.lui	x21,0x3	 x21=0x00003000
       38755000	      3776	80004efe	03c93733	mulhu	x14,x18,x28	 x18:0x80025ce0 x28:0x80021e54 x14=0x40023d9f
       38765000	      3777	80004f02	40f5dc13	srai	x24,x11,0xf	 x11:0x70d62300 x24=0x0000e1ac
       38775000	      3778	80004f06	33dacf13	xori	x30,x21,829	 x21:0x00003000 x30=0x0000333d
       38785000	      3779	80004f0a	79a1f0b7	lui	x1,0x79a1f	  x1=0x79a1f000
       38795000	      3780	80004f0e	01a95a33	srl	x20,x18,x26	 x18:0x80025ce0 x26:0x00000012 x20=0x00002000
       38835000	      3784	80004f12	02debdb3	mulhu	x27,x29,x13	 x29:0x00000012 x13:0x00000002 x27=0x00000000
       38865000	      3787	80004f16	037a8b33	mul	x22,x21,x23	 x21:0x00003000 x23:0x00000018 x22=0x00048000
       38875000	      3788	80004f1a	0a04	c.addi4spn	x9,x2,272	  x9=0x00000220
       38885000	      3789	80004f1c	c396ca93	xori	x21,x13,-967	 x13:0x00000002 x21=0xfffffc3b
       38895000	      3790	80004f20	85de	c.mv	x11,x23	  x0:0x00000000 x23:0x00000018 x11=0x00000018
       38905000	      3791	80004f22	00be0763	beq	x28,x11,80004f30	 x28:0x80021e54 x11:0x00000018
       38915000	      3792	80004f26	8c45	c.or	x8,x9	  x8:0x00000000  x9:0x00000220  x8=0x00000220
       39285000	      3829	80004f28	02b85bb3	divu	x23,x16,x11	 x16:0x00000000 x11:0x00000018 x23=0x00000000
       39295000	      3830	80004f2c	05cd7063	bgeu	x26,x28,80004f6c	 x26:0x00000012 x28:0x80021e54
       39665000	      3867	80004f30	03c7dbb3	divu	x23,x15,x28	 x15:0x80025ce4 x28:0x80021e54 x23=0x00000001
       39675000	      3868	80004f34	e139	c.bnez	x10,80004f7a	 x10:0xffffffff
       39735000	      3874	80004f7a	0259b033	mulhu	x0,x19,x5	 x19:0xfffff926  x5:0x00000000  x0=0x00000000
       40105000	      3911	80004f7e	034ac233	div	x4,x21,x20	 x21:0xfffffc3b x20:0x00002000  x4=0x00000000
       40115000	      3912	80004f82	0004dcb3	srl	x25,x9,x0	  x9:0x00000220  x0:0x00000000 x25=0x00000220
       40125000	      3913	80004f86	8371	c.srli	x14,0x1c	 x14:0x40023d9f x14=0x00000004
       40135000	      3914	80004f88	0183d913	srli	x18,x7,0x18	  x7:0x80000000 x18=0x00000080
       40505000	      3951	80004f8c	021ee833	rem	x16,x29,x1	 x29:0x00000012  x1:0x79a1f000 x16=0x00000012
       40515000	      3952	80004f90	8c41	c.or	x8,x8	  x8:0x00000220  x8:0x00000220  x8=0x00000220
       40525000	      3953	80004f92	340115f3	csrrw	x11,mscratch,x2	  x2:0x00000110 x11=0x00000017
       40535000	      3954	80004f96	00a1d663	bge	x3,x10,80004fa2	  x3:0x00000000 x10:0xffffffff
       40565000	      3957	80004fa2	340e9ef3	csrrw	x29,mscratch,x29	 x29:0x00000012 x29=0x00000110
       40935000	      3994	80004fa6	02686233	rem	x4,x16,x6	 x16:0x00000012  x6:0x00000017  x4=0x00000012
       40945000	      3995	80004faa	009fb6b3	sltu	x13,x31,x9	 x31:0x0000001d  x9:0x00000220 x13=0x00000001
       40955000	      3996	80004fae	005a9413	slli	x8,x21,0x5	 x21:0xfffffc3b  x8=0xffff8760
       40965000	      3997	80004fb2	b7323c97	auipc	x25,0xb7323	 x25=0x37327fb2
       40975000	      3998	80004fb6	8f79	c.and	x14,x14	 x14:0x00000004 x14:0x00000004 x14=0x00000004
       41015000	      4002	80004fb8	026b9eb3	mulh	x29,x23,x6	 x23:0x00000001  x6:0x00000017 x29=0x00000000
       41025000	      4003	80004fbc	80dd	c.srli	x9,0x17	  x9:0x00000220  x9=0x00000000
       41035000	      4004	80004fbe	ed85	c.bnez	x11,80004ff6	 x11:0x00000017
       41065000	      4007	80004ff6	0029a533	slt	x10,x19,x2	 x19:0xfffff926  x2:0x00000110 x10=0x00000001
       41075000	      4008	80004ffa	ed05	c.bnez	x10,80005032	 x10:0x00000001
       41105000	      4011	80005032	add8ad93	slti	x27,x17,-1315	 x17:0x00068000 x27=0x00000000
       41145000	      4015	80005036	02e4b533	mulhu	x10,x9,x14	  x9:0x00000000 x14:0x00000004 x10=0x00000000
       41515000	      4052	8000503a	02214bb3	div	x23,x2,x2	  x2:0x00000110  x2:0x00000110 x23=0x00000001
       41525000	      4053	8000503e	8971	c.andi	x10,28	 x10:0x00000000 x10=0x00000000
       41535000	      4054	80005040	01a6de93	srli	x29,x13,0x1a	 x13:0x00000001 x29=0x00000000
       41545000	      4055	80005044	0163d9b3	srl	x19,x7,x22	  x7:0x80000000 x22:0x00048000 x19=0x80000000
       41555000	      4056	80005048	00055713	srli	x14,x10,0x0	 x10:0x00000000 x14=0x00000000
       41565000	      4057	8000504c	34006273	csrrsi	x4,mscratch,0	  x4=0x00000012
       41575000	      4058	80005050	89916f13	ori	x30,x2,-1895	  x2:0x00000110 x30=0xfffff999
       41585000	      4059	80005054	34009a73	csrrw	x20,mscratch,x1	  x1:0x79a1f000 x20=0x00000012
       41625000	      4063	80005058	02742fb3	mulhsu	x31,x8,x7	  x8:0xffff8760  x7:0x80000000 x31=0xffffc3b0
       41635000	      4064	8000505c	34002c73	csrrs	x24,mscratch,x0	  x0:0x00000000 x24=0x79a1f000
       41645000	      4065	80005060	d2ab2613	slti	x12,x22,-726	 x22:0x00048000 x12=0x00000000
       41655000	      4066	80005064	01421d13	slli	x26,x4,0x14	  x4:0x00000012 x26=0x01200000
       41665000	      4067	80005068	8ee1	c.and	x13,x8	 x13:0x00000001  x8:0xffff8760 x13=0x00000000
       41675000	      4068	8000506a	01ee7463	bgeu	x28,x30,80005072	 x28:0x80021e54 x30:0xfffff999
       41705000	      4071	8000506e	03680f33	mul	x30,x16,x22	 x16:0x00000012 x22:0x00048000 x30=0x00510000
       41715000	      4072	80005072	14fd	c.addi	x9,-1	  x9:0x00000000  x9=0xffffffff
       41725000	      4073	80005074	864def93	ori	x31,x27,-1948	 x27:0x00000000 x31=0xfffff864
       41735000	      4074	80005078	00b6e033	or	x0,x13,x11	 x13:0x00000000 x11:0x00000017  x0=0x00000000
       41745000	      4075	8000507c	8ee5	c.and	x13,x9	 x13:0x00000000  x9:0xffffffff x13=0x00000000
       41755000	      4076	8000507e	34075873	csrrwi	x16,mscratch,14	 x16=0x79a1f000
       41765000	      4077	80005082	84dd	c.srai	x9,0x17	  x9:0xffffffff  x9=0xffffffff
       41775000	      4078	80005084	9d288b13	addi	x22,x17,-1582	 x17:0x00068000 x22=0x000679d2
       41785000	      4079	80005088	3407faf3	csrrci	x21,mscratch,15	 x21=0x0000000e
       41795000	      4080	8000508c	4bb76993	ori	x19,x14,1211	 x14:0x00000000 x19=0x000004bb
       41805000	      4081	80005090	cd033737	lui	x14,0xcd033	 x14=0xcd033000
       41815000	      4082	80005094	02137263	bgeu	x6,x1,800050b8	  x6:0x00000017  x1:0x79a1f000
       41825000	      4083	80005098	01f54eb3	xor	x29,x10,x31	 x10:0x00000000 x31:0xfffff864 x29=0xfffff864
       42195000	      4120	8000509c	03d97933	remu	x18,x18,x29	 x18:0x00000080 x29:0xfffff864 x18=0x00000080
       42205000	      4121	800050a0	01397413	andi	x8,x18,19	 x18:0x00000080  x8=0x00000000
       42215000	      4122	800050a4	401c0bb3	sub	x23,x24,x1	 x24:0x79a1f000  x1:0x79a1f000 x23=0x00000000
       42225000	      4123	800050a8	e71d	c.bnez	x14,800050d6	 x14:0xcd033000
       42255000	      4126	800050d6	00036033	or	x0,x6,x0	  x6:0x00000017  x0:0x00000000  x0=0x00000000
       42265000	      4127	800050da	ca24f537	lui	x10,0xca24f	 x10=0xca24f000
       42275000	      4128	800050de	b12ca493	slti	x9,x25,-1262	 x25:0x37327fb2  x9=0x00000000
       42285000	      4129	800050e2	8ed5	c.or	x13,x13	 x13:0x00000000 x13:0x00000000 x13=0x00000000
       42295000	      4130	800050e4	075c2a93	slti	x21,x24,117	 x24:0x79a1f000 x21=0x00000000
       42335000	      4134	800050e8	0398ad33	mulhsu	x26,x17,x25	 x17:0x00068000 x25:0x37327fb2 x26=0x000166c8
       42345000	      4135	800050ec	3401e173	csrrsi	x2,mscratch,3	  x2=0x00000000
       42355000	      4136	800050f0	6098ea93	ori	x21,x17,1545	 x17:0x00068000 x21=0x00068609
       42365000	      4137	800050f4	81f1	c.srli	x11,0x1c	 x11:0x00000017 x11=0x00000000
       42375000	      4138	800050f6	002f1763	bne	x30,x2,80005104	 x30:0x00510000  x2:0x00000000
       42395000	      4140	80005104	340ca673	csrrs	x12,mscratch,x25	 x25:0x37327fb2 x12=0x00000003
       42405000	      4141	80005108	41675233	sra	x4,x14,x22	 x14:0xcd033000 x22:0x000679d2  x4=0xfffff340
       42415000	      4142	8000510c	e0a20513	addi	x10,x4,-502	  x4:0xfffff340 x10=0xfffff14a
       42425000	      4143	80005110	7fcf3997	auipc	x19,0x7fcf3	 x19=0xffcf8110
       42435000	      4144	80005114	40990133	sub	x2,x18,x9	 x18:0x00000080  x9:0x00000000  x2=0x00000080
       42445000	      4145	80005118	6531	c.lui	x10,0xc	 x10=0x0000c000
       42455000	      4146	8000511a	41825d93	srai	x27,x4,0x18	  x4:0xfffff340 x27=0xffffffff
       42465000	      4147	8000511e	00261b33	sll	x22,x12,x2	 x12:0x00000003  x2:0x00000080 x22=0x00000003
       42505000	      4151	80005122	0268aa33	mulhsu	x20,x17,x6	 x17:0x00068000  x6:0x00000017 x20=0x00000000
       42515000	      4152	80005126	59323613	sltiu	x12,x4,1427	  x4:0xfffff340 x12=0x00000000
       42525000	      4153	8000512a	8d5d	c.or	x10,x15	 x10:0x0000c000 x15:0x80025ce4 x10=0x8002dce4
       42895000	      4190	8000512c	022be033	rem	x0,x23,x2	 x23:0x00000000  x2:0x00000080  x0=0x00000000
       42905000	      4191	80005130	fdcac093	xori	x1,x21,-36	 x21:0x00068609  x1=0xfff979d5
       42915000	      4192	80005134	012ec6b3	xor	x13,x29,x18	 x29:0xfffff864 x18:0x00000080 x13=0xfffff8e4
       42925000	      4193	80005138	340060f3	csrrsi	x1,mscratch,0	  x1=0x37327fb3
       42965000	      4197	8000513c	02e2b8b3	mulhu	x17,x5,x14	  x5:0x00000000 x14:0xcd033000 x17=0x00000000
       42975000	      4198	80005140	34003273	csrrc	x4,mscratch,x0	  x0:0x00000000  x4=0x37327fb3
       43345000	      4235	80005144	03d9fd33	remu	x26,x19,x29	 x19:0xffcf8110 x29:0xfffff864 x26=0xffcf8110
       43355000	      4236	80005148	413cd133	sra	x2,x25,x19	 x25:0x37327fb2 x19:0xffcf8110  x2=0x00003732
       43365000	      4237	8000514c	41a1d613	srai	x12,x3,0x1a	  x3:0x00000000 x12=0x00000000
       43375000	      4238	80005150	1b8c	c.addi4spn	x11,x2,496	 x11=0x00003922
       43385000	      4239	80005152	231b2893	slti	x17,x22,561	 x22:0x00000003 x17=0x00000001
       43395000	      4240	80005156	11272813	slti	x16,x14,274	 x14:0xcd033000 x16=0x00000001
       43405000	      4241	8000515a	0001	c.addi	x0,0	  x0:0x00000000  x0=0x00000000
       43415000	      4242	8000515c	c015	c.beqz	x8,80005180	  x8:0x00000000
       43435000	      4244	80005180	02281463	bne	x16,x2,800051a8	 x16:0x00000001  x2:0x00003732
       43455000	      4246	800051a8	41c6dd13	srai	x26,x13,0x1c	 x13:0xfffff8e4 x26=0xffffffff
       43465000	      4247	800051ac	880d	c.andi	x8,3	  x8:0x00000000  x8=0x00000000
       43475000	      4248	800051ae	009e6263	bltu	x28,x9,800051b2	 x28:0x80021e54  x9:0x00000000
       43485000	      4249	800051b2	340039f3	csrrc	x19,mscratch,x0	  x0:0x00000000 x19=0x37327fb3
       43495000	      4250	800051b6	84c9	c.srai	x9,0x12	  x9:0x00000000  x9=0x00000000
       43505000	      4251	800051b8	0001	c.addi	x0,0	  x0:0x00000000  x0=0x00000000
       43515000	      4252	800051ba	4601	c.li	x12,0	 x12=0x00000000
       43525000	      4253	800051bc	001b5533	srl	x10,x22,x1	 x22:0x00000003  x1:0x37327fb3 x10=0x00000000
       43535000	      4254	800051c0	7048fa13	andi	x20,x17,1796	 x17:0x00000001 x20=0x00000000
       43545000	      4255	800051c4	84c2	c.mv	x9,x16	  x0:0x00000000 x16:0x00000001  x9=0x00000001
       43555000	      4256	800051c6	0001d313	srli	x6,x3,0x0	  x3:0x00000000  x6=0x00000000
       43565000	      4257	800051ca	69f7b113	sltiu	x2,x15,1695	 x15:0x80025ce4  x2=0x00000000
       43595000	      4260	800051ce	02388eb3	mul	x29,x17,x3	 x17:0x00000001  x3:0x00000000 x29=0x00000000
       43635000	      4264	800051d2	02191933	mulh	x18,x18,x1	 x18:0x00000080  x1:0x37327fb3 x18=0x0000001b
       43645000	      4265	800051d6	030eec63	bltu	x29,x16,8000520e	 x29:0x00000000 x16:0x00000001
       43675000	      4268	8000520e	00f56033	or	x0,x10,x15	 x10:0x00000000 x15:0x80025ce4  x0=0x00000000
       43685000	      4269	80005212	8eed	c.and	x13,x11	 x13:0xfffff8e4 x11:0x00003922 x13=0x00003820
       43725000	      4273	80005214	036e2ab3	mulhsu	x21,x28,x22	 x28:0x80021e54 x22:0x00000003 x21=0xfffffffe
       43735000	      4274	80005218	34041cf3	csrrw	x25,mscratch,x8	  x8:0x00000000 x25=0x37327fb3
       43745000	      4275	8000521c	8a9e	c.mv	x21,x7	  x0:0x00000000  x7:0x80000000 x21=0x80000000
       43755000	      4276	8000521e	e505	c.bnez	x10,80005246	 x10:0x00000000
       43795000	      4280	80005220	03c2adb3	mulhsu	x27,x5,x28	  x5:0x00000000 x28:0x80021e54 x27=0x00000000
       43805000	      4281	80005224	eafcec93	ori	x25,x25,-337	 x25:0x37327fb3 x25=0xffffffbf
       43815000	      4282	80005228	40f80633	sub	x12,x16,x15	 x16:0x00000001 x15:0x80025ce4 x12=0x7ffda31d
       43825000	      4283	8000522c	0007a8b3	slt	x17,x15,x0	 x15:0x80025ce4  x0:0x00000000 x17=0x00000001
       43835000	      4284	80005230	98d6	c.add	x17,x21	 x17:0x00000001 x21:0x80000000 x17=0x80000001
       43845000	      4285	80005232	0001	c.addi	x0,0	  x0:0x00000000  x0=0x00000000
       43855000	      4286	80005234	8de5	c.and	x11,x9	 x11:0x00003922  x9:0x00000001 x11=0x00000000
       43865000	      4287	80005236	0000100f	fence.i	
       43885000	      4289	8000523a	717d	c.addi16sp	x2,-16	  x2:0x00000000  x2=0xfffffff0
       43895000	      4290	8000523c	8cf5	c.and	x9,x13	  x9:0x00000001 x13:0x00003820  x9=0x00000000
       43935000	      4294	8000523e	03c1b633	mulhu	x12,x3,x28	  x3:0x00000000 x28:0x80021e54 x12=0x00000000
       43945000	      4295	80005242	b515a6b7	lui	x13,0xb515a	 x13=0xb515a000
       43955000	      4296	80005246	0041a6b3	slt	x13,x3,x4	  x3:0x00000000  x4:0x37327fb3 x13=0x00000001
       43965000	      4297	8000524a	0642	c.slli	x12,0x10	 x12:0x00000000 x12=0x00000000
       43975000	      4298	8000524c	8c4d	c.or	x8,x11	  x8:0x00000000 x11:0x00000000  x8=0x00000000
       43995000	      4300	8000524e	028d7433	remu	x8,x26,x8	 x26:0xffffffff  x8:0x00000000  x8=0xffffffff
       44005000	      4301	80005252	899e	c.mv	x19,x7	  x0:0x00000000  x7:0x80000000 x19=0x80000000
       44025000	      4303	80005254	03d3dbb3	divu	x23,x7,x29	  x7:0x80000000 x29:0x00000000 x23=0xffffffff
       44035000	      4304	80005258	0001	c.addi	x0,0	  x0:0x00000000  x0=0x00000000
       44045000	      4305	8000525a	340b1073	csrrw	x0,mscratch,x22	 x22:0x00000003  x0=0x00000000
       44055000	      4306	8000525e	8bd8bd13	sltiu	x26,x17,-1859	 x17:0x80000001 x26=0x00000001
       44065000	      4307	80005262	00557733	and	x14,x10,x5	 x10:0x00000000  x5:0x00000000 x14=0x00000000
       44075000	      4308	80005266	6721	c.lui	x14,0x8	 x14=0x00008000
       44085000	      4309	80005268	02589863	bne	x17,x5,80005298	 x17:0x80000001  x5:0x00000000
       44105000	      4311	80005298	0000100f	fence.i	
       44125000	      4313	8000529c	00a79263	bne	x15,x10,800052a0	 x15:0x80025ce4 x10:0x00000000
       44505000	      4351	800052a0	028c5733	divu	x14,x24,x8	 x24:0x79a1f000  x8:0xffffffff x14=0x00000000
       44515000	      4352	800052a4	41045f33	sra	x30,x8,x16	  x8:0xffffffff x16:0x00000001 x30=0xffffffff
       44525000	      4353	800052a8	340f9cf3	csrrw	x25,mscratch,x31	 x31:0xfffff864 x25=0x00000003
       44535000	      4354	800052ac	0ff0000f	fence	iorw,iorw	
       44545000	      4355	800052b0	419f08b3	sub	x17,x30,x25	 x30:0xffffffff x25:0x00000003 x17=0xfffffffc
       44555000	      4356	800052b4	02237263	bgeu	x6,x2,800052d8	  x6:0x00000000  x2:0xfffffff0
       44565000	      4357	800052b8	8e69	c.and	x12,x10	 x12:0x00000000 x10:0x00000000 x12=0x00000000
       44575000	      4358	800052ba	40f1dd13	srai	x26,x3,0xf	  x3:0x00000000 x26=0x00000000
       44585000	      4359	800052be	efe37413	andi	x8,x6,-258	  x6:0x00000000  x8=0x00000000
       44625000	      4363	800052c2	02d5b033	mulhu	x0,x11,x13	 x11:0x00000000 x13:0x00000001  x0=0x00000000
       44635000	      4364	800052c6	01bcfab3	and	x21,x25,x27	 x25:0x00000003 x27:0x00000000 x21=0x00000000
       45005000	      4401	800052ca	036b6033	rem	x0,x22,x22	 x22:0x00000003 x22:0x00000003  x0=0x00000000
       45015000	      4402	800052ce	01a7a533	slt	x10,x15,x26	 x15:0x80025ce4 x26:0x00000000 x10=0x00000001
       45055000	      4406	800052d2	02a83ab3	mulhu	x21,x16,x10	 x16:0x00000001 x10:0x00000001 x21=0x00000000
       45065000	      4407	800052d6	81a9	c.srli	x11,0xa	 x11:0x00000000 x11=0x00000000
       45075000	      4408	800052d8	d5f6b013	sltiu	x0,x13,-673	 x13:0x00000001  x0=0x00000000
       45085000	      4409	800052dc	889a	c.mv	x17,x6	  x0:0x00000000  x6:0x00000000 x17=0x00000000
       45095000	      4410	800052de	01eada13	srli	x20,x21,0x1e	 x21:0x00000000 x20=0x00000000
       45105000	      4411	800052e2	8b6d	c.andi	x14,27	 x14:0x00000000 x14=0x00000000
       45115000	      4412	800052e4	8c05	c.sub	x8,x9	  x8:0x00000000  x9:0x00000000  x8=0x00000000
       45125000	      4413	800052e6	34022473	csrrs	x8,mscratch,x4	  x4:0x37327fb3  x8=0xfffff864
       45135000	      4414	800052ea	0986	c.slli	x19,0x1	 x19:0x80000000 x19=0x00000000
       45175000	      4418	800052ec	035335b3	mulhu	x11,x6,x21	  x6:0x00000000 x21:0x00000000 x11=0x00000000
       45195000	      4420	800052f0	0334d6b3	divu	x13,x9,x19	  x9:0x00000000 x19:0x00000000 x13=0xffffffff
       45235000	      4424	800052f4	036ea6b3	mulhsu	x13,x29,x22	 x29:0x00000000 x22:0x00000003 x13=0x00000000
       45245000	      4425	800052f8	6f09	c.lui	x30,0x2	 x30=0x00002000
       45255000	      4426	800052fa	414cd533	sra	x10,x25,x20	 x25:0x00000003 x20:0x00000000 x10=0x00000003
       45265000	      4427	800052fe	01a5c763	blt	x11,x26,8000530c	 x11:0x00000000 x26:0x00000000
       45275000	      4428	80005302	340b2473	csrrs	x8,mscratch,x22	 x22:0x00000003  x8=0xfffffff7
       45285000	      4429	80005306	34095073	csrrwi	x0,mscratch,18	  x0=0x00000000
       45295000	      4430	8000530a	c011	c.beqz	x8,8000530e	  x8:0xfffffff7
       45305000	      4431	8000530c	940a	c.add	x8,x2	  x8:0xfffffff7  x2:0xfffffff0  x8=0xffffffe7
       45315000	      4432	8000530e	340060f3	csrrsi	x1,mscratch,0	  x1=0x00000012
       45325000	      4433	80005312	8695	c.srai	x13,0x5	 x13:0x00000000 x13=0x00000000
       45335000	      4434	80005314	5ffd	c.li	x31,-1	 x31=0xffffffff
       45345000	      4435	80005316	5cf98417	auipc	x8,0x5cf98	  x8=0xdcf9d316
       45385000	      4439	8000531a	02259833	mulh	x16,x11,x2	 x11:0x00000000  x2:0xfffffff0 x16=0x00000000
       45395000	      4440	8000531e	0001	c.addi	x0,0	  x0:0x00000000  x0=0x00000000
       45405000	      4441	80005320	008f9c93	slli	x25,x31,0x8	 x31:0xffffffff x25=0xffffff00
       45415000	      4442	80005324	0cb54f13	xori	x30,x10,203	 x10:0x00000003 x30=0x000000c8
       45425000	      4443	80005328	00230ab3	add	x21,x6,x2	  x6:0x00000000  x2:0xfffffff0 x21=0xfffffff0
       45435000	      4444	8000532c	5c307f13	andi	x30,x0,1475	  x0:0x00000000 x30=0x00000000
       45445000	      4445	80005330	8f39	c.xor	x14,x14	 x14:0x00000000 x14:0x00000000 x14=0x00000000
       45455000	      4446	80005332	c285	c.beqz	x13,80005352	 x13:0x00000000
       45485000	      4449	80005352	0187dc63	bge	x15,x24,8000536a	 x15:0x80025ce4 x24:0x79a1f000
       45495000	      4450	80005356	340f6173	csrrsi	x2,mscratch,30	  x2=0x00000012
       45865000	      4487	8000535a	03f9dd33	divu	x26,x19,x31	 x19:0x00000000 x31:0xffffffff x26=0x00000000
       45875000	      4488	8000535e	8199	c.srli	x11,0x6	 x11:0x00000000 x11=0x00000000
       45885000	      4489	80005360	1366c2b7	lui	x5,0x1366c	  x5=0x1366c000
       45895000	      4490	80005364	0ff0000f	fence	iorw,iorw	
       45905000	      4491	80005368	c41d	c.beqz	x8,80005396	  x8:0xdcf9d316
       45915000	      4492	8000536a	84f9	c.srai	x9,0x1e	  x9:0x00000000  x9=0x00000000
       45935000	      4494	8000536c	03d8fc33	remu	x24,x17,x29	 x17:0x00000000 x29:0x00000000 x24=0x00000000
       45945000	      4495	80005370	0684	c.addi4spn	x9,x2,832	  x9=0x00000352
       45955000	      4496	80005372	8ded	c.and	x11,x11	 x11:0x00000000 x11:0x00000000 x11=0x00000000
       45965000	      4497	80005374	340fe2f3	csrrsi	x5,mscratch,31	  x5=0x0000001e
       45975000	      4498	80005378	6f71	c.lui	x30,0x1c	 x30=0x0001c000
       45985000	      4499	8000537a	34003873	csrrc	x16,mscratch,x0	  x0:0x00000000 x16=0x0000001f
       45995000	      4500	8000537e	3409e9f3	csrrsi	x19,mscratch,19	 x19=0x0000001f
       46005000	      4501	80005382	3400a873	csrrs	x16,mscratch,x1	  x1:0x00000012 x16=0x0000001f
       46015000	      4502	80005386	008c6db3	or	x27,x24,x8	 x24:0x00000000  x8:0xdcf9d316 x27=0xdcf9d316
       46025000	      4503	8000538a	9196	c.add	x3,x5	  x3:0x00000000  x5:0x0000001e  x3=0x0000001e
       46035000	      4504	8000538c	6109	c.addi16sp	x2,128	  x2:0x00000012  x2=0x00000092
       46045000	      4505	8000538e	01d29613	slli	x12,x5,0x1d	  x5:0x0000001e x12=0xc0000000
       46055000	      4506	80005392	0001	c.addi	x0,0	  x0:0x00000000  x0=0x00000000
       46065000	      4507	80005394	0086	c.slli	x1,0x1	  x1:0x00000012  x1=0x00000024
       46075000	      4508	80005396	0001	c.addi	x0,0	  x0:0x00000000  x0=0x00000000
       46085000	      4509	80005398	009e42b3	xor	x5,x28,x9	 x28:0x80021e54  x9:0x00000352  x5=0x80021d06
       46095000	      4510	8000539c	0001	c.addi	x0,0	  x0:0x00000000  x0=0x00000000
       46465000	      4547	8000539e	02744733	div	x14,x8,x7	  x8:0xdcf9d316  x7:0x80000000 x14=0x00000000
       46475000	      4548	800053a2	82ba	c.mv	x5,x14	  x0:0x00000000 x14:0x00000000  x5=0x00000000
       46485000	      4549	800053a4	070c6413	ori	x8,x24,112	 x24:0x00000000  x8=0x00000070
       46515000	      4552	800053a8	037c0433	mul	x8,x24,x23	 x24:0x00000000 x23:0xffffffff  x8=0x00000000
       46525000	      4553	800053ac	0001	c.addi	x0,0	  x0:0x00000000  x0=0x00000000
       46535000	      4554	800053ae	2d1bc313	xori	x6,x23,721	 x23:0xffffffff  x6=0xfffffd2e
       46545000	      4555	800053b2	b28e8993	addi	x19,x29,-1240	 x29:0x00000000 x19=0xfffffb28
       46555000	      4556	800053b6	01ce1233	sll	x4,x28,x28	 x28:0x80021e54 x28:0x80021e54  x4=0xe5400000
       46565000	      4557	800053ba	00845bb3	srl	x23,x8,x8	  x8:0x00000000  x8:0x00000000 x23=0x00000000
       46585000	      4559	800053be	03446233	rem	x4,x8,x20	  x8:0x00000000 x20:0x00000000  x4=0x00000000
       46595000	      4560	800053c2	c609	c.beqz	x12,800053cc	 x12:0xc0000000
       46605000	      4561	800053c4	4001df13	srai	x30,x3,0x0	  x3:0x0000001e x30=0x0000001e
       46615000	      4562	800053c8	dc6a8493	addi	x9,x21,-570	 x21:0xfffffff0  x9=0xfffffdb6
       46625000	      4563	800053cc	0eb6b013	sltiu	x0,x13,235	 x13:0x00000000  x0=0x00000000
       46635000	      4564	800053d0	8c31	c.xor	x8,x12	  x8:0x00000000 x12:0xc0000000  x8=0xc0000000
       46645000	      4565	800053d2	01cb5d13	srli	x26,x22,0x1c	 x22:0x00000003 x26=0x00000000
       46685000	      4569	800053d6	028d2933	mulhsu	x18,x26,x8	 x26:0x00000000  x8:0xc0000000 x18=0x00000000
       46695000	      4570	800053da	340976f3	csrrci	x13,mscratch,18	 x13=0x0000001f
       46705000	      4571	800053de	340715f3	csrrw	x11,mscratch,x14	 x14:0x00000000 x11=0x0000000d
       46715000	      4572	800053e2	34002bf3	csrrs	x23,mscratch,x0	  x0:0x00000000 x23=0x00000000
       46725000	      4573	800053e6	01318a33	add	x20,x3,x19	  x3:0x0000001e x19:0xfffffb28 x20=0xfffffb46
       46735000	      4574	800053ea	4050dd13	srai	x26,x1,0x5	  x1:0x00000024 x26=0x00000001
       46745000	      4575	800053ee	01c26eb3	or	x29,x4,x28	  x4:0x00000000 x28:0x80021e54 x29=0x80021e54
       46755000	      4576	800053f2	8ea5	c.xor	x13,x9	 x13:0x0000001f  x9:0xfffffdb6 x13=0xfffffda9
       46765000	      4577	800053f4	00435d33	srl	x26,x6,x4	  x6:0xfffffd2e  x4:0x00000000 x26=0xfffffd2e
       46775000	      4578	800053f8	c899	c.beqz	x9,8000540e	  x9:0xfffffdb6
       46785000	      4579	800053fa	0001	c.addi	x0,0	  x0:0x00000000  x0=0x00000000
       46795000	      4580	800053fc	01a0ed33	or	x26,x1,x26	  x1:0x00000024 x26:0xfffffd2e x26=0xfffffd2e
       46805000	      4581	80005400	41ead293	srai	x5,x21,0x1e	 x21:0xfffffff0  x5=0xffffffff
       46815000	      4582	80005404	01e80bb3	add	x23,x16,x30	 x16:0x0000001f x30:0x0000001e x23=0x0000003d
       46825000	      4583	80005408	8ed1	c.or	x13,x12	 x13:0xfffffda9 x12:0xc0000000 x13=0xfffffda9
       46835000	      4584	8000540a	039d5b63	bge	x26,x25,80005440	 x26:0xfffffd2e x25:0xffffff00
       46845000	      4585	8000540e	612eaa93	slti	x21,x29,1554	 x29:0x80021e54 x21=0x00000001
       46855000	      4586	80005412	aa676f37	lui	x30,0xaa676	 x30=0xaa676000
       46865000	      4587	80005416	8dc4ab13	slti	x22,x9,-1828	  x9:0xfffffdb6 x22=0x00000000
       46875000	      4588	8000541a	02d35363	bge	x6,x13,80005440	  x6:0xfffffd2e x13:0xfffffda9
       46885000	      4589	8000541e	3401fbf3	csrrci	x23,mscratch,3	 x23=0x00000000
       46895000	      4590	80005422	717d	c.addi16sp	x2,-16	  x2:0x00000092  x2=0x00000082
       46905000	      4591	80005424	014a3d33	sltu	x26,x20,x20	 x20:0xfffffb46 x20:0xfffffb46 x26=0x00000000
       46915000	      4592	80005428	0fa2	c.slli	x31,0x8	 x31:0xffffffff x31=0xffffff00
       46925000	      4593	8000542a	717d	c.addi16sp	x2,-16	  x2:0x00000082  x2=0x00000072
       46935000	      4594	8000542c	8ef9	c.and	x13,x14	 x13:0xfffffda9 x14:0x00000000 x13=0x00000000
       46945000	      4595	8000542e	8916	c.mv	x18,x5	  x0:0x00000000  x5:0xffffffff x18=0xffffffff
       46955000	      4596	80005430	1a0c	c.addi4spn	x11,x2,304	 x11=0x000001a2
       46965000	      4597	80005432	8d41	c.or	x10,x8	 x10:0x00000003  x8:0xc0000000 x10=0xc0000003
       46975000	      4598	80005434	00a2cd33	xor	x26,x5,x10	  x5:0xffffffff x10:0xc0000003 x26=0x3ffffffc
       46985000	      4599	80005438	0001	c.addi	x0,0	  x0:0x00000000  x0=0x00000000
       46995000	      4600	8000543a	04924263	blt	x4,x9,8000547e	  x4:0x00000000  x9:0xfffffdb6
       47005000	      4601	8000543e	e189	c.bnez	x11,80005440	 x11:0x000001a2
       47025000	      4603	80005440	559f7eb7	lui	x29,0x559f7	 x29=0x559f7000
       47035000	      4604	80005444	2edf8113	addi	x2,x31,749	 x31:0xffffff00  x2=0x000001ed
       47405000	      4641	80005448	039b4db3	div	x27,x22,x25	 x22:0x00000000 x25:0xffffff00 x27=0x00000000
       47415000	      4642	8000544c	00838233	add	x4,x7,x8	  x7:0x80000000  x8:0xc0000000  x4=0x40000000
       47425000	      4643	80005450	3405d973	csrrwi	x18,mscratch,11	 x18=0x00000000
       47435000	      4644	80005454	18fd	c.addi	x17,-1	 x17:0x00000000 x17=0xffffffff
       47445000	      4645	80005456	0182e233	or	x4,x5,x24	  x5:0xffffffff x24:0x00000000  x4=0xffffffff
       47455000	      4646	8000545a	01c3d1b3	srl	x3,x7,x28	  x7:0x80000000 x28:0x80021e54  x3=0x00000800
       47465000	      4647	8000545e	02cd8f63	beq	x27,x12,8000549c	 x27:0x00000000 x12:0xc0000000
       47475000	      4648	80005462	34071473	csrrw	x8,mscratch,x14	 x14:0x00000000  x8=0x0000000b
       47485000	      4649	80005466	41965f93	srai	x31,x12,0x19	 x12:0xc0000000 x31=0xffffffe0
       47495000	      4650	8000546a	41be8ab3	sub	x21,x29,x27	 x29:0x559f7000 x27:0x00000000 x21=0x559f7000
       47505000	      4651	8000546e	99fd	c.andi	x11,-1	 x11:0x000001a2 x11=0x000001a2
       47515000	      4652	80005470	7c5fb993	sltiu	x19,x31,1989	 x31:0xffffffe0 x19=0x00000000
       47525000	      4653	80005474	8071	c.srli	x8,0x1c	  x8:0x0000000b  x8=0x00000000
       47535000	      4654	80005476	c0abab13	slti	x22,x23,-1014	 x23:0x00000000 x22=0x00000000
       47575000	      4658	8000547a	038218b3	mulh	x17,x4,x24	  x4:0xffffffff x24:0x00000000 x17=0x00000000
       47585000	      4659	8000547e	0001	c.addi	x0,0	  x0:0x00000000  x0=0x00000000
       47595000	      4660	80005480	00158463	beq	x11,x1,80005488	 x11:0x000001a2  x1:0x00000024
       47605000	      4661	80005484	f4154b13	xori	x22,x10,-191	 x10:0xc0000003 x22=0x3fffff42
       47615000	      4662	80005488	8b2e	c.mv	x22,x11	  x0:0x00000000 x11:0x000001a2 x22=0x000001a2
       47625000	      4663	8000548a	012d6733	or	x14,x26,x18	 x26:0x3ffffffc x18:0x00000000 x14=0x3ffffffc
       47635000	      4664	8000548e	7765e593	ori	x11,x11,1910	 x11:0x000001a2 x11=0x000007f6
       47645000	      4665	80005492	00e480b3	add	x1,x9,x14	  x9:0xfffffdb6 x14:0x3ffffffc  x1=0x3ffffdb2
       47655000	      4666	80005496	1794	c.addi4spn	x13,x2,992	 x13=0x000005cd
       47665000	      4667	80005498	340c39f3	csrrc	x19,mscratch,x24	 x24:0x00000000 x19=0x00000000
       47695000	      4670	8000549c	02db89b3	mul	x19,x23,x13	 x23:0x00000000 x13:0x000005cd x19=0x00000000
       47705000	      4671	800054a0	3d192513	slti	x10,x18,977	 x18:0x00000000 x10=0x00000001
       47715000	      4672	800054a4	a432bf93	sltiu	x31,x5,-1469	  x5:0xffffffff x31=0x00000000
       47725000	      4673	800054a8	911a	c.add	x2,x6	  x2:0x000001ed  x6:0xfffffd2e  x2=0xffffff1b
       47735000	      4674	800054aa	8e91	c.sub	x13,x12	 x13:0x000005cd x12:0xc0000000 x13=0x400005cd
       47745000	      4675	800054ac	0150b333	sltu	x6,x1,x21	  x1:0x3ffffdb2 x21:0x559f7000  x6=0x00000001
       47755000	      4676	800054b0	9a8fe413	ori	x8,x31,-1624	 x31:0x00000000  x8=0xfffff9a8
       47765000	      4677	800054b4	0001	c.addi	x0,0	  x0:0x00000000  x0=0x00000000
       47775000	      4678	800054b6	34001573	csrrw	x10,mscratch,x0	  x0:0x00000000 x10=0x00000000
       47785000	      4679	800054ba	41a15413	srai	x8,x2,0x1a	  x2:0xffffff1b  x8=0xffffffff
       47795000	      4680	800054be	41a55033	sra	x0,x10,x26	 x10:0x00000000 x26:0x3ffffffc  x0=0x00000000
       47805000	      4681	800054c2	4cbef293	andi	x5,x29,1227	 x29:0x559f7000  x5=0x00000000
       47815000	      4682	800054c6	88693f97	auipc	x31,0x88693	 x31=0x086984c6
       47825000	      4683	800054ca	6a05	c.lui	x20,0x1	 x20=0x00001000
       47835000	      4684	800054cc	8cfd	c.and	x9,x15	  x9:0xfffffdb6 x15:0x80025ce4  x9=0x80025ca4
       48205000	      4721	800054ce	0275d233	divu	x4,x11,x7	 x11:0x000007f6  x7:0x80000000  x4=0x00000000
       48245000	      4725	800054d2	02871333	mulh	x6,x14,x8	 x14:0x3ffffffc  x8:0xffffffff  x6=0xffffffff
       48255000	      4726	800054d6	c2a9	c.beqz	x13,80005518	 x13:0x400005cd
       48265000	      4727	800054d8	0efb5d37	lui	x26,0xefb5	 x26=0x0efb5000
       48275000	      4728	800054dc	ca650d93	addi	x27,x10,-858	 x10:0x00000000 x27=0xfffffca6
       48305000	      4731	800054e0	02528bb3	mul	x23,x5,x5	  x5:0x00000000  x5:0x00000000 x23=0x00000000
       48315000	      4732	800054e4	04107063	bgeu	x0,x1,80005524	  x0:0x00000000  x1:0x3ffffdb2
       48355000	      4736	800054e8	029b1333	mulh	x6,x22,x9	 x22:0x000001a2  x9:0x80025ca4  x6=0xffffff2f
       48365000	      4737	800054ec	00edd033	srl	x0,x27,x14	 x27:0xfffffca6 x14:0x3ffffffc  x0=0x00000000
       48735000	      4774	800054f0	036b4433	div	x8,x22,x22	 x22:0x000001a2 x22:0x000001a2  x8=0x00000001
       48745000	      4775	800054f4	01e02b33	slt	x22,x0,x30	  x0:0x00000000 x30:0xaa676000 x22=0x00000000
       48765000	      4777	800054f8	02a2cfb3	div	x31,x5,x10	  x5:0x00000000 x10:0x00000000 x31=0xffffffff
       48775000	      4778	800054fc	3407e9f3	csrrsi	x19,mscratch,15	 x19=0x00000000
       48785000	      4779	80005500	91aa	c.add	x3,x10	  x3:0x00000800 x10:0x00000000  x3=0x00000800
       48795000	      4780	80005502	0ff0000f	fence	iorw,iorw	
       48805000	      4781	80005506	6f216fb7	lui	x31,0x6f216	 x31=0x6f216000
       48815000	      4782	8000550a	015bd633	srl	x12,x23,x21	 x23:0x00000000 x21:0x559f7000 x12=0x00000000
       48825000	      4783	8000550e	340758f3	csrrwi	x17,mscratch,14	 x17=0x0000000f
       48835000	      4784	80005512	0c09	c.addi	x24,2	 x24:0x00000000 x24=0x00000002
       48845000	      4785	80005514	ab35c693	xori	x13,x11,-1357	 x11:0x000007f6 x13=0xfffffd45
       48855000	      4786	80005518	34007973	csrrci	x18,mscratch,0	 x18=0x0000000e
       48865000	      4787	8000551c	04c11163	bne	x2,x12,8000555e	  x2:0xffffff1b x12:0x00000000
       48895000	      4790	8000555e	00fe9663	bne	x29,x15,8000556a	 x29:0x559f7000 x15:0x80025ce4
       48925000	      4793	8000556a	f32938b7	lui	x17,0xf3293	 x17=0xf3293000
       48935000	      4794	8000556e	03878363	beq	x15,x24,80005594	 x15:0x80025ce4 x24:0x00000002
       48945000	      4795	80005572	c31d	c.beqz	x14,80005598	 x14:0x3ffffffc
       48955000	      4796	80005574	40be5c33	sra	x24,x28,x11	 x28:0x80021e54 x11:0x000007f6 x24=0xfffffe00
       48965000	      4797	80005578	02d08263	beq	x1,x13,8000559c	  x1:0x3ffffdb2 x13:0xfffffd45
       48975000	      4798	8000557c	012a3733	sltu	x14,x20,x18	 x20:0x00001000 x18:0x0000000e x14=0x00000000
       48985000	      4799	80005580	29230b93	addi	x23,x6,658	  x6:0xffffff2f x23=0x000001c1
       49025000	      4803	80005584	023499b3	mulh	x19,x9,x3	  x9:0x80025ca4  x3:0x00000800 x19=0xfffffc00
       49035000	      4804	80005588	4181ab13	slti	x22,x3,1048	  x3:0x00000800 x22=0x00000000
       49045000	      4805	8000558c	012834b3	sltu	x9,x16,x18	 x16:0x0000001f x18:0x0000000e  x9=0x00000000
       49055000	      4806	80005590	01b8afb3	slt	x31,x17,x27	 x17:0xf3293000 x27:0xfffffca6 x31=0x00000001
       49065000	      4807	80005594	015b5d93	srli	x27,x22,0x15	 x22:0x00000000 x27=0x00000000
       49075000	      4808	80005598	023ee563	bltu	x29,x3,800055c2	 x29:0x559f7000  x3:0x00000800
       49085000	      4809	8000559c	84e9	c.srai	x9,0x1a	  x9:0x00000000  x9=0x00000000
       49095000	      4810	8000559e	d6542993	slti	x19,x8,-667	  x8:0x00000001 x19=0x00000000
       49105000	      4811	800055a2	2425fd13	andi	x26,x11,578	 x11:0x000007f6 x26=0x00000242
       49115000	      4812	800055a6	31d7c993	xori	x19,x15,797	 x15:0x80025ce4 x19=0x80025ff9
       49155000	      4816	800055aa	03e1a2b3	mulhsu	x5,x3,x30	  x3:0x00000800 x30:0xaa676000  x5=0x00000553
       49165000	      4817	800055ae	8d91	c.sub	x11,x12	 x11:0x000007f6 x12:0x00000000 x11=0x000007f6
       49175000	      4818	800055b0	34025cf3	csrrwi	x25,mscratch,4	 x25=0x0000000e
       49185000	      4819	800055b4	9fd6	c.add	x31,x21	 x31:0x00000001 x21:0x559f7000 x31=0x559f7001
       49195000	      4820	800055b6	c611	c.beqz	x12,800055c2	 x12:0x00000000
       49215000	      4822	800055c2	946a	c.add	x8,x26	  x8:0x00000001 x26:0x00000242  x8=0x00000243
       49225000	      4823	800055c4	6149	c.addi16sp	x2,144	  x2:0xffffff1b  x2=0xffffffab
       49235000	      4824	800055c6	80d9	c.srli	x9,0x16	  x9:0x00000000  x9=0x00000000
       49245000	      4825	800055c8	6291	c.lui	x5,0x4	  x5=0x00004000
       49255000	      4826	800055ca	41b68b33	sub	x22,x13,x27	 x13:0xfffffd45 x27:0x00000000 x22=0xfffffd45
       49265000	      4827	800055ce	00bee463	bltu	x29,x11,800055d6	 x29:0x559f7000 x11:0x000007f6
       49305000	      4831	800055d2	036fab33	mulhsu	x22,x31,x22	 x31:0x559f7001 x22:0xfffffd45 x22=0x559f6f17
       49345000	      4835	800055d6	039012b3	mulh	x5,x0,x25	  x0:0x00000000 x25:0x0000000e  x5=0x00000000
       49355000	      4836	800055da	34006473	csrrsi	x8,mscratch,0	  x8=0x00000004
       49725000	      4873	800055de	03c3e5b3	rem	x11,x7,x28	  x7:0x80000000 x28:0x80021e54 x11=0xfffde1ac
       49735000	      4874	800055e2	34006873	csrrsi	x16,mscratch,0	 x16=0x00000004
       49745000	      4875	800055e6	41ee06b3	sub	x13,x28,x30	 x28:0x80021e54 x30:0xaa676000 x13=0xd59abe54
       49755000	      4876	800055ea	34006073	csrrsi	x0,mscratch,0	  x0=0x00000000
       49765000	      4877	800055ee	0001	c.addi	x0,0	  x0:0x00000000  x0=0x00000000
       49775000	      4878	800055f0	40e48cb3	sub	x25,x9,x14	  x9:0x00000000 x14:0x00000000 x25=0x00000000
       49785000	      4879	800055f4	0fbe	c.slli	x31,0xf	 x31:0x559f7001 x31=0xb8008000
       49795000	      4880	800055f6	3409f5f3	csrrci	x11,mscratch,19	 x11=0x00000004
       49805000	      4881	800055fa	0035d613	srli	x12,x11,0x3	 x11:0x00000004 x12=0x00000000
       49815000	      4882	800055fe	0a8c	c.addi4spn	x11,x2,336	 x11=0x000000fb
       49825000	      4883	80005600	007ebcb3	sltu	x25,x29,x7	 x29:0x559f7000  x7:0x80000000 x25=0x00000001
       49835000	      4884	80005604	48b5f293	andi	x5,x11,1163	 x11:0x000000fb  x5=0x0000008b
       49875000	      4888	80005608	029a15b3	mulh	x11,x20,x9	 x20:0x00001000  x9:0x00000000 x11=0x00000000
       49885000	      4889	8000560c	34042ef3	csrrs	x29,mscratch,x8	  x8:0x00000004 x29=0x00000004
       49895000	      4890	80005610	34006a73	csrrsi	x20,mscratch,0	 x20=0x00000004
       49905000	      4891	80005614	013881b3	add	x3,x17,x19	 x17:0xf3293000 x19:0x80025ff9  x3=0x732b8ff9
       49915000	      4892	80005618	8296	c.mv	x5,x5	  x0:0x00000000  x5:0x0000008b  x5=0x0000008b
       49925000	      4893	8000561a	40f6e593	ori	x11,x13,1039	 x13:0xd59abe54 x11=0xd59abe5f
       49935000	      4894	8000561e	8e1d	c.sub	x12,x15	 x12:0x00000000 x15:0x80025ce4 x12=0x7ffda31c
       49965000	      4897	80005620	03110db3	mul	x27,x2,x17	  x2:0xffffffab x17:0xf3293000 x27=0x43531000
       49975000	      4898	80005624	0001	c.addi	x0,0	  x0:0x00000000  x0=0x00000000
       49985000	      4899	80005626	4093d533	sra	x10,x7,x9	  x7:0x80000000  x9:0x00000000 x10=0x80000000
       49995000	      4900	8000562a	40c80c33	sub	x24,x16,x12	 x16:0x00000004 x12:0x7ffda31c x24=0x80025ce8
       50005000	      4901	8000562e	8c65	c.and	x8,x9	  x8:0x00000004  x9:0x00000000  x8=0x00000000
       50025000	      4903	80005630	0287d133	divu	x2,x15,x8	 x15:0x80025ce4  x8:0x00000000  x2=0xffffffff
       50035000	      4904	80005634	8d7d	c.and	x10,x15	 x10:0x80000000 x15:0x80025ce4 x10=0x80000000
       50045000	      4905	80005636	6f6d	c.lui	x30,0x1b	 x30=0x0001b000
       50055000	      4906	80005638	34003573	csrrc	x10,mscratch,x0	  x0:0x00000000 x10=0x00000004
       50065000	      4907	8000563c	717d	c.addi16sp	x2,-16	  x2:0xffffffff  x2=0xffffffef
       50075000	      4908	8000563e	34063773	csrrc	x14,mscratch,x12	 x12:0x7ffda31c x14=0x00000004
       50085000	      4909	80005642	9326	c.add	x6,x9	  x6:0xffffff2f  x9:0x00000000  x6=0xffffff2f
       50095000	      4910	80005644	80c16a93	ori	x21,x2,-2036	  x2:0xffffffef x21=0xffffffef
       50105000	      4911	80005648	01b85e93	srli	x29,x16,0x1b	 x16:0x00000004 x29=0x00000000
       50475000	      4948	8000564c	02af5933	divu	x18,x30,x10	 x30:0x0001b000 x10:0x00000004 x18=0x00006c00
       50485000	      4949	80005650	013531b3	sltu	x3,x10,x19	 x10:0x00000004 x19:0x80025ff9  x3=0x00000001
       50495000	      4950	80005654	00816db3	or	x27,x2,x8	  x2:0xffffffef  x8:0x00000000 x27=0xffffffef
       50505000	      4951	80005658	00a78263	beq	x15,x10,8000565c	 x15:0x80025ce4 x10:0x00000004
       50515000	      4952	8000565c	34043df3	csrrc	x27,mscratch,x8	  x8:0x00000000 x27=0x00000000
       50525000	      4953	80005660	e44a4f13	xori	x30,x20,-444	 x20:0x00000004 x30=0xfffffe40
       50535000	      4954	80005664	00ae0cb3	add	x25,x28,x10	 x28:0x80021e54 x10:0x00000004 x25=0x80021e58
       50545000	      4955	80005668	00111663	bne	x2,x1,80005674	  x2:0xffffffef  x1:0x3ffffdb2
       50565000	      4957	80005674	096e7813	andi	x16,x28,150	 x28:0x80021e54 x16=0x00000014
       50575000	      4958	80005678	00204c33	xor	x24,x0,x2	  x0:0x00000000  x2:0xffffffef x24=0xffffffef
       50585000	      4959	8000567c	8ee5	c.and	x13,x9	 x13:0xd59abe54  x9:0x00000000 x13=0x00000000
       50595000	      4960	8000567e	01e45493	srli	x9,x8,0x1e	  x8:0x00000000  x9=0x00000000
       50605000	      4961	80005682	c38ef613	andi	x12,x29,-968	 x29:0x00000000 x12=0x00000000
       50615000	      4962	80005686	0284c763	blt	x9,x8,800056b4	  x9:0x00000000  x8:0x00000000
       50625000	      4963	8000568a	c69d	c.beqz	x13,800056b8	 x13:0x00000000
       50645000	      4965	800056b8	0001	c.addi	x0,0	  x0:0x00000000  x0=0x00000000
       50655000	      4966	800056ba	01c4f6b3	and	x13,x9,x28	  x9:0x00000000 x28:0x80021e54 x13=0x00000000
       50665000	      4967	800056be	0039d013	srli	x0,x19,0x3	 x19:0x80025ff9  x0=0x00000000
       50675000	      4968	800056c2	3f4a6d37	lui	x26,0x3f4a6	 x26=0x3f4a6000
       50685000	      4969	800056c6	8ea9	c.xor	x13,x10	 x13:0x00000000 x10:0x00000004 x13=0x00000004
       50695000	      4970	800056c8	91c06c13	ori	x24,x0,-1764	  x0:0x00000000 x24=0xfffff91c
       50705000	      4971	800056cc	0131a233	slt	x4,x3,x19	  x3:0x00000001 x19:0x80025ff9  x4=0x00000000
       50715000	      4972	800056d0	6fa1	c.lui	x31,0x8	 x31=0x00008000
       50725000	      4973	800056d2	86dd	c.srai	x13,0x17	 x13:0x00000004 x13=0x00000000
       50735000	      4974	800056d4	6a99	c.lui	x21,0x6	 x21=0x00006000
       50745000	      4975	800056d6	4124d013	srai	x0,x9,0x12	  x9:0x00000000  x0=0x00000000
       50755000	      4976	800056da	0ff0000f	fence	iorw,iorw	
       50765000	      4977	800056de	405fdb93	srai	x23,x31,0x5	 x31:0x00008000 x23=0x00000400
       50775000	      4978	800056e2	8059	c.srli	x8,0x16	  x8:0x00000000  x8=0x00000000
       50785000	      4979	800056e4	340e6673	csrrsi	x12,mscratch,28	 x12=0x00000000
       50795000	      4980	800056e8	b536e313	ori	x6,x13,-1197	 x13:0x00000000  x6=0xfffffb53
       50805000	      4981	800056ec	00fed533	srl	x10,x29,x15	 x29:0x00000000 x15:0x80025ce4 x10=0x00000000
       50815000	      4982	800056f0	04507363	bgeu	x0,x5,80005736	  x0:0x00000000  x5:0x0000008b
       50825000	      4983	800056f4	0ff0000f	fence	iorw,iorw	
       50835000	      4984	800056f8	0248ec63	bltu	x17,x4,80005730	 x17:0xf3293000  x4:0x00000000
       51205000	      5021	800056fc	02bd7ab3	remu	x21,x26,x11	 x26:0x3f4a6000 x11:0xd59abe5f x21=0x3f4a6000
       51215000	      5022	80005700	007a8cb3	add	x25,x21,x7	 x21:0x3f4a6000  x7:0x80000000 x25=0xbf4a6000
       51225000	      5023	80005704	3ed18b93	addi	x23,x3,1005	  x3:0x00000001 x23=0x000003ee
       51235000	      5024	80005708	8d11	c.sub	x10,x12	 x10:0x00000000 x12:0x00000000 x10=0x00000000
       51245000	      5025	8000570a	7f660a93	addi	x21,x12,2038	 x12:0x00000000 x21=0x000007f6
       51265000	      5027	8000570e	03dcf1b3	remu	x3,x25,x29	 x25:0xbf4a6000 x29:0x00000000  x3=0xbf4a6000
       51275000	      5028	80005712	37e93537	lui	x10,0x37e93	 x10=0x37e93000
       51285000	      5029	80005716	00de1333	sll	x6,x28,x13	 x28:0x80021e54 x13:0x00000000  x6=0x80021e54
       51295000	      5030	8000571a	00b17d33	and	x26,x2,x11	  x2:0xffffffef x11:0xd59abe5f x26=0xd59abe4f
       51305000	      5031	8000571e	41b0d493	srai	x9,x1,0x1b	  x1:0x3ffffdb2  x9=0x00000007
       51315000	      5032	80005722	0198de63	bge	x17,x25,8000573e	 x17:0xf3293000 x25:0xbf4a6000
       51345000	      5035	8000573e	73ede213	ori	x4,x27,1854	 x27:0x00000000  x4=0x0000073e
       51355000	      5036	80005742	0001	c.addi	x0,0	  x0:0x00000000  x0=0x00000000
       51365000	      5037	80005744	03204463	blt	x0,x18,8000576c	  x0:0x00000000 x18:0x00006c00
       51385000	      5039	8000576c	0ff0000f	fence	iorw,iorw	
       51395000	      5040	80005770	8d3d	c.xor	x10,x15	 x10:0x37e93000 x15:0x80025ce4 x10=0xb7eb6ce4
       51405000	      5041	80005772	0001	c.addi	x0,0	  x0:0x00000000  x0=0x00000000
       51415000	      5042	80005774	0ff0000f	fence	iorw,iorw	
       51425000	      5043	80005778	0000100f	fence.i	
       51445000	      5045	8000577c	831d	c.srli	x14,0x7	 x14:0x00000004 x14=0x00000000
       51455000	      5046	8000577e	5d340993	addi	x19,x8,1491	  x8:0x00000000 x19=0x000005d3
       51465000	      5047	80005782	8425	c.srai	x8,0x9	  x8:0x00000000  x8=0x00000000
       51475000	      5048	80005784	01787733	and	x14,x16,x23	 x16:0x00000014 x23:0x000003ee x14=0x00000004
       51485000	      5049	80005788	03e44c63	blt	x8,x30,800057c0	  x8:0x00000000 x30:0xfffffe40
       51495000	      5050	8000578c	0000100f	fence.i	
       51515000	      5052	80005790	987d	c.andi	x8,-1	  x8:0x00000000  x8=0x00000000
       51525000	      5053	80005792	81a1	c.srli	x11,0x8	 x11:0xd59abe5f x11=0x00d59abe
       51535000	      5054	80005794	2df10893	addi	x17,x2,735	  x2:0xffffffef x17=0x000002ce
       51545000	      5055	80005798	8151	c.srli	x10,0x14	 x10:0xb7eb6ce4 x10=0x00000b7e
       51555000	      5056	8000579a	1ffd	c.addi	x31,-1	 x31:0x00008000 x31=0x00007fff
       51565000	      5057	8000579c	9939aa37	lui	x20,0x9939a	 x20=0x9939a000
       51575000	      5058	800057a0	8ed1	c.or	x13,x12	 x13:0x00000000 x12:0x00000000 x13=0x00000000
       51585000	      5059	800057a2	2b400093	addi	x1,x0,692	  x0:0x00000000  x1=0x000002b4
       51595000	      5060	800057a6	340029f3	csrrs	x19,mscratch,x0	  x0:0x00000000 x19=0x0000001c
       51605000	      5061	800057aa	00e02633	slt	x12,x0,x14	  x0:0x00000000 x14:0x00000004 x12=0x00000001
       51615000	      5062	800057ae	0162acb3	slt	x25,x5,x22	  x5:0x0000008b x22:0x559f6f17 x25=0x00000001
       51625000	      5063	800057b2	85e5	c.srai	x11,0x19	 x11:0x00d59abe x11=0x00000000
       51635000	      5064	800057b4	0000100f	fence.i	
       51655000	      5066	800057b8	34003c73	csrrc	x24,mscratch,x0	  x0:0x00000000 x24=0x0000001c
       51665000	      5067	800057bc	03ee4163	blt	x28,x30,800057de	 x28:0x80021e54 x30:0xfffffe40
       51695000	      5070	800057de	a0032013	slti	x0,x6,-1536	  x6:0x80021e54  x0=0x00000000
       51705000	      5071	800057e2	01cc4563	blt	x24,x28,800057ec	 x24:0x0000001c x28:0x80021e54
       51715000	      5072	800057e6	02e9	c.addi	x5,26	  x5:0x0000008b  x5=0x000000a5
       51755000	      5076	800057e8	02449fb3	mulh	x31,x9,x4	  x9:0x00000007  x4:0x0000073e x31=0x00000000
       51765000	      5077	800057ec	340e76f3	csrrci	x13,mscratch,28	 x13=0x0000001c
       51775000	      5078	800057f0	133d6313	ori	x6,x26,307	 x26:0xd59abe4f  x6=0xd59abf7f
       51785000	      5079	800057f4	821a	c.mv	x4,x6	  x0:0x00000000  x6:0xd59abf7f  x4=0xd59abf7f
       51795000	      5080	800057f6	00190db3	add	x27,x18,x1	 x18:0x00006c00  x1:0x000002b4 x27=0x00006eb4
       51835000	      5084	800057fa	025329b3	mulhsu	x19,x6,x5	  x6:0xd59abf7f  x5:0x000000a5 x19=0xffffffe4
       51845000	      5085	800057fe	0103e333	or	x6,x7,x16	  x7:0x80000000 x16:0x00000014  x6=0x80000014
       51855000	      5086	80005802	34006673	csrrsi	x12,mscratch,0	 x12=0x00000000
       51865000	      5087	80005806	01b7d413	srli	x8,x15,0x1b	 x15:0x80025ce4  x8=0x00000010
       51875000	      5088	8000580a	f8567617	auipc	x12,0xf8567	 x12=0x7856c80a
       51885000	      5089	8000580e	04910363	beq	x2,x9,80005854	  x2:0xffffffef  x9:0x00000007
       51895000	      5090	80005812	34081373	csrrw	x6,mscratch,x16	 x16:0x00000014  x6=0x00000000
       51905000	      5091	80005816	0ff0000f	fence	iorw,iorw	
       51915000	      5092	8000581a	34002373	csrrs	x6,mscratch,x0	  x0:0x00000000  x6=0x00000014
       51925000	      5093	8000581e	1a7d	c.addi	x20,-1	 x20:0x9939a000 x20=0x99399fff
       51965000	      5097	80005820	03d7bdb3	mulhu	x27,x15,x29	 x15:0x80025ce4 x29:0x00000000 x27=0x00000000
       51975000	      5098	80005824	98fd	c.andi	x9,-1	  x9:0x00000007  x9=0x00000007
       52015000	      5102	80005826	03231233	mulh	x4,x6,x18	  x6:0x00000014 x18:0x00006c00  x4=0x00000000
       52025000	      5103	8000582a	00065c13	srli	x24,x12,0x0	 x12:0x7856c80a x24=0x7856c80a
       52035000	      5104	8000582e	04ba	c.slli	x9,0xe	  x9:0x00000007  x9=0x0001c000
       52045000	      5105	80005830	40dedb33	sra	x22,x29,x13	 x29:0x00000000 x13:0x0000001c x22=0x00000000
       52055000	      5106	80005834	ca95	c.beqz	x13,80005868	 x13:0x0000001c
       52065000	      5107	80005836	0ff0000f	fence	iorw,iorw	
       52075000	      5108	8000583a	40eb0ab3	sub	x21,x22,x14	 x22:0x00000000 x14:0x00000004 x21=0xfffffffc
       52085000	      5109	8000583e	0039b8b3	sltu	x17,x19,x3	 x19:0xffffffe4  x3:0xbf4a6000 x17=0x00000000
       52455000	      5146	80005842	034b69b3	rem	x19,x22,x20	 x22:0x00000000 x20:0x99399fff x19=0x00000000
       52465000	      5147	80005846	00683d33	sltu	x26,x16,x6	 x16:0x00000014  x6:0x00000014 x26=0x00000000
       52485000	      5149	8000584a	024fd933	divu	x18,x31,x4	 x31:0x00000000  x4:0x00000000 x18=0xffffffff
       52495000	      5150	8000584e	60ed	c.lui	x1,0x1b	  x1=0x0001b000
       52505000	      5151	80005850	34007873	csrrci	x16,mscratch,0	 x16=0x00000014
       52515000	      5152	80005854	34003ff3	csrrc	x31,mscratch,x0	  x0:0x00000000 x31=0x00000014
       52525000	      5153	80005858	0245	c.addi	x4,17	  x4:0x00000000  x4=0x00000011
       52535000	      5154	8000585a	8c49	c.or	x8,x10	  x8:0x00000010 x10:0x00000b7e  x8=0x00000b7e
       52545000	      5155	8000585c	024a7263	bgeu	x20,x4,80005880	 x20:0x99399fff  x4:0x00000011
       52595000	      5160	80005880	020d95b3	mulh	x11,x27,x0	 x27:0x00000000  x0:0x00000000 x11=0x00000000
       52605000	      5161	80005884	01e5c6b3	xor	x13,x11,x30	 x11:0x00000000 x30:0xfffffe40 x13=0xfffffe40
       52615000	      5162	80005888	00f1f733	and	x14,x3,x15	  x3:0xbf4a6000 x15:0x80025ce4 x14=0x80024000
       52625000	      5163	8000588c	01f8d9b3	srl	x19,x17,x31	 x17:0x00000000 x31:0x00000014 x19=0x00000000
       52635000	      5164	80005890	018a8837	lui	x16,0x18a8	 x16=0x018a8000
       52645000	      5165	80005894	8e95	c.sub	x13,x13	 x13:0xfffffe40 x13:0xfffffe40 x13=0x00000000
       52655000	      5166	80005896	010ed913	srli	x18,x29,0x10	 x29:0x00000000 x18=0x00000000
       52665000	      5167	8000589a	01131093	slli	x1,x6,0x11	  x6:0x00000014  x1=0x00280000
       52705000	      5171	8000589e	022090b3	mulh	x1,x1,x2	  x1:0x00280000  x2:0xffffffef  x1=0xffffffff
       52715000	      5172	800058a2	c595	c.beqz	x11,800058ce	 x11:0x00000000
       52775000	      5178	800058ce	0291bcb3	mulhu	x25,x3,x9	  x3:0xbf4a6000  x9:0x0001c000 x25=0x00014ec2
       52785000	      5179	800058d2	0f14	c.addi4spn	x13,x2,912	 x13=0x0000037f
       52795000	      5180	800058d4	78286d37	lui	x26,0x78286	 x26=0x78286000
       52805000	      5181	800058d8	93722c93	slti	x25,x4,-1737	  x4:0x00000011 x25=0x00000000
       52815000	      5182	800058dc	717d	c.addi16sp	x2,-16	  x2:0xffffffef  x2=0xffffffdf
       52825000	      5183	800058de	013f71b3	and	x3,x30,x19	 x30:0xfffffe40 x19:0x00000000  x3=0x00000000
       52835000	      5184	800058e2	340b9ef3	csrrw	x29,mscratch,x23	 x23:0x000003ee x29=0x00000014
       52875000	      5188	800058e6	03ff38b3	mulhu	x17,x30,x31	 x30:0xfffffe40 x31:0x00000014 x17=0x00000013
       52885000	      5189	800058ea	4d5cbb13	sltiu	x22,x25,1237	 x25:0x00000000 x22=0x00000001
       52895000	      5190	800058ee	c41d	c.beqz	x8,8000591c	  x8:0x00000b7e
       52905000	      5191	800058f0	005f9bb3	sll	x23,x31,x5	 x31:0x00000014  x5:0x000000a5 x23=0x00000280
       52915000	      5192	800058f4	85c1	c.srai	x11,0x10	 x11:0x00000000 x11=0x00000000
       52925000	      5193	800058f6	0ff0000f	fence	iorw,iorw	
       52935000	      5194	800058fa	0ff0000f	fence	iorw,iorw	
       52945000	      5195	800058fe	12fd	c.addi	x5,-1	  x5:0x000000a5  x5=0x000000a4
       52955000	      5196	80005900	4058d1b3	sra	x3,x17,x5	 x17:0x00000013  x5:0x000000a4  x3=0x00000001
       52995000	      5200	80005904	03281033	mulh	x0,x16,x18	 x16:0x018a8000 x18:0x00000000  x0=0x00000000
       53015000	      5202	80005908	03957133	remu	x2,x10,x25	 x10:0x00000b7e x25:0x00000000  x2=0x00000b7e
       53385000	      5239	8000590c	038e7a33	remu	x20,x28,x24	 x28:0x80021e54 x24:0x7856c80a x20=0x07ab564a
       53395000	      5240	80005910	01efd413	srli	x8,x31,0x1e	 x31:0x00000014  x8=0x00000000
       53405000	      5241	80005914	0158eb33	or	x22,x17,x21	 x17:0x00000013 x21:0xfffffffc x22=0xffffffff
       53415000	      5242	80005918	2c3e8713	addi	x14,x29,707	 x29:0x00000014 x14=0x000002d7
       53425000	      5243	8000591c	40608933	sub	x18,x1,x6	  x1:0xffffffff  x6:0x00000014 x18=0xffffffeb
       53435000	      5244	80005920	0ff0000f	fence	iorw,iorw	
       53445000	      5245	80005924	033f7963	bgeu	x30,x19,80005956	 x30:0xfffffe40 x19:0x00000000
       53835000	      5284	80005956	0210e1b3	rem	x3,x1,x1	  x1:0xffffffff  x1:0xffffffff  x3=0x00000000
       53845000	      5285	8000595a	8e85	c.sub	x13,x9	 x13:0x0000037f  x9:0x0001c000 x13=0xfffe437f
       53855000	      5286	8000595c	0121f5b3	and	x11,x3,x18	  x3:0x00000000 x18:0xffffffeb x11=0x00000000
       53865000	      5287	80005960	717d	c.addi16sp	x2,-16	  x2:0x00000b7e  x2=0x00000b6e
       53875000	      5288	80005962	40285bb3	sra	x23,x16,x2	 x16:0x018a8000  x2:0x00000b6e x23=0x0000062a
       53885000	      5289	80005966	0eeabab7	lui	x21,0xeeab	 x21=0x0eeab000
       53895000	      5290	8000596a	ea1d	c.bnez	x12,800059a0	 x12:0x7856c80a
       53915000	      5292	800059a0	019b39b3	sltu	x19,x22,x25	 x22:0xffffffff x25:0x00000000 x19=0x00000000
       53925000	      5293	800059a4	011cd0b3	srl	x1,x25,x17	 x25:0x00000000 x17:0x00000013  x1=0x00000000
       53935000	      5294	800059a8	a3b86a93	ori	x21,x16,-1477	 x16:0x018a8000 x21=0xfffffa3b
       53945000	      5295	800059ac	50fd	c.li	x1,-1	  x1=0xffffffff
       53955000	      5296	800059ae	410e0a33	sub	x20,x28,x16	 x28:0x80021e54 x16:0x018a8000 x20=0x7e779e54
       53965000	      5297	800059b2	01fa1833	sll	x16,x20,x31	 x20:0x7e779e54 x31:0x00000014 x16=0xe5400000
       53975000	      5298	800059b6	40595093	srai	x1,x18,0x5	 x18:0xffffffeb  x1=0xffffffff
       53985000	      5299	800059ba	6659	c.lui	x12,0x16	 x12=0x00016000
       53995000	      5300	800059bc	5a628a17	auipc	x20,0x5a628	 x20=0xda62d9bc
       54005000	      5301	800059c0	03578663	beq	x15,x21,800059ec	 x15:0x80025ce4 x21:0xfffffa3b
       54015000	      5302	800059c4	e091	c.bnez	x9,800059c8	  x9:0x0001c000
       54035000	      5304	800059c8	05bd9163	bne	x27,x27,80005a0a	 x27:0x00000000 x27:0x00000000
       54065000	      5307	800059cc	030f8633	mul	x12,x31,x16	 x31:0x00000014 x16:0xe5400000 x12=0xe9000000
       54075000	      5308	800059d0	00b2c0b3	xor	x1,x5,x11	  x5:0x000000a4 x11:0x00000000  x1=0x000000a4
       54085000	      5309	800059d4	850d	c.srai	x10,0x3	 x10:0x00000b7e x10=0x0000016f
       54095000	      5310	800059d6	3403dc73	csrrwi	x24,mscratch,7	 x24=0x000003ee
       54105000	      5311	800059da	005a7633	and	x12,x20,x5	 x20:0xda62d9bc  x5:0x000000a4 x12=0x000000a4
       54115000	      5312	800059de	96aa4893	xori	x17,x20,-1686	 x20:0xda62d9bc x17=0x259d20d6
       54125000	      5313	800059e2	340c50f3	csrrwi	x1,mscratch,24	  x1=0x00000007
       54135000	      5314	800059e6	019c0d63	beq	x24,x25,80005a00	 x24:0x000003ee x25:0x00000000
       54145000	      5315	800059ea	1b00	c.addi4spn	x8,x2,432	  x8=0x00000d1e
       54155000	      5316	800059ec	340af873	csrrci	x16,mscratch,21	 x16=0x00000018
       54525000	      5353	800059f0	02f2ff33	remu	x30,x5,x15	  x5:0x000000a4 x15:0x80025ce4 x30=0x000000a4
       54535000	      5354	800059f4	fa8a4913	xori	x18,x20,-88	 x20:0xda62d9bc x18=0x259d2614
       54545000	      5355	800059f8	34007873	csrrci	x16,mscratch,0	 x16=0x00000008
       54555000	      5356	800059fc	cd5f0213	addi	x4,x30,-811	 x30:0x000000a4  x4=0xfffffd79
       54565000	      5357	80005a00	0089ad33	slt	x26,x19,x8	 x19:0x00000000  x8:0x00000d1e x26=0x00000001
       54575000	      5358	80005a04	81bd	c.srli	x11,0xf	 x11:0x00000000 x11=0x00000000
       54585000	      5359	80005a06	00678033	add	x0,x15,x6	 x15:0x80025ce4  x6:0x00000014  x0=0x00000000
       54595000	      5360	80005a0a	34003cf3	csrrc	x25,mscratch,x0	  x0:0x00000000 x25=0x00000008
       54605000	      5361	80005a0e	8cf5	c.and	x9,x13	  x9:0x0001c000 x13:0xfffe437f  x9=0x00004000
       54615000	      5362	80005a10	0c6d8d13	addi	x26,x27,198	 x27:0x00000000 x26=0x000000c6
       54985000	      5399	80005a14	02fae233	rem	x4,x21,x15	 x21:0xfffffa3b x15:0x80025ce4  x4=0xfffffa3b
       54995000	      5400	80005a18	7fe02613	slti	x12,x0,2046	  x0:0x00000000 x12=0x00000001
       55005000	      5401	80005a1c	eed97893	andi	x17,x18,-275	 x18:0x259d2614 x17=0x259d2604
       55015000	      5402	80005a20	0ff0000f	fence	iorw,iorw	
       55025000	      5403	80005a24	015ce463	bltu	x25,x21,80005a2c	 x25:0x00000008 x21:0xfffffa3b
       55045000	      5405	80005a2c	00b35b93	srli	x23,x6,0xb	  x6:0x00000014 x23=0x00000000
       55055000	      5406	80005a30	e036c013	xori	x0,x13,-509	 x13:0xfffe437f  x0=0x00000000
       55065000	      5407	80005a34	40375613	srai	x12,x14,0x3	 x14:0x000002d7 x12=0x0000005a
       55105000	      5411	80005a38	03af24b3	mulhsu	x9,x30,x26	 x30:0x000000a4 x26:0x000000c6  x9=0x00000000
       55115000	      5412	80005a3c	016bddb3	srl	x27,x23,x22	 x23:0x00000000 x22:0xffffffff x27=0x00000000
       55125000	      5413	80005a40	84c5	c.srai	x9,0x11	  x9:0x00000000  x9=0x00000000
       55135000	      5414	80005a42	031b6e63	bltu	x22,x17,80005a7e	 x22:0xffffffff x17:0x259d2604
       55145000	      5415	80005a46	0000100f	fence.i	
       55165000	      5417	80005a4a	517d	c.li	x2,-1	  x2=0xffffffff
       55175000	      5418	80005a4c	340b1bf3	csrrw	x23,mscratch,x22	 x22:0xffffffff x23=0x00000008
       55185000	      5419	80005a50	0e0c	c.addi4spn	x11,x2,784	 x11=0x0000030f
       55195000	      5420	80005a52	013af763	bgeu	x21,x19,80005a60	 x21:0xfffffa3b x19:0x00000000
       55215000	      5422	80005a60	00d9fd33	and	x26,x19,x13	 x19:0x00000000 x13:0xfffe437f x26=0x00000000
       55225000	      5423	80005a64	8c99	c.sub	x9,x14	  x9:0x00000000 x14:0x000002d7  x9=0xfffffd29
       55235000	      5424	80005a66	01192533	slt	x10,x18,x17	 x18:0x259d2614 x17:0x259d2604 x10=0x00000000
       55275000	      5428	80005a6a	023315b3	mulh	x11,x6,x3	  x6:0x00000014  x3:0x00000000 x11=0x00000000
       55295000	      5430	80005a6e	02bc5333	divu	x6,x24,x11	 x24:0x000003ee x11:0x00000000  x6=0xffffffff
       55305000	      5431	80005a72	a256bd93	sltiu	x27,x13,-1499	 x13:0xfffe437f x27=0x00000001
       55315000	      5432	80005a76	002c0933	add	x18,x24,x2	 x24:0x000003ee  x2:0xffffffff x18=0x000003ed
       55325000	      5433	80005a7a	9fbe	c.add	x31,x15	 x31:0x00000014 x15:0x80025ce4 x31=0x80025cf8
       55335000	      5434	80005a7c	6ba5	c.lui	x23,0x9	 x23=0x00009000
       55345000	      5435	80005a7e	0ff0000f	fence	iorw,iorw	
       55385000	      5439	80005a82	02001bb3	mulh	x23,x0,x0	  x0:0x00000000  x0:0x00000000 x23=0x00000000
       55395000	      5440	80005a86	8229	c.srli	x12,0xa	 x12:0x0000005a x12=0x00000000
       55405000	      5441	80005a88	def5cc93	xori	x25,x11,-529	 x11:0x00000000 x25=0xfffffdef
       55415000	      5442	80005a8c	401a88b3	sub	x17,x21,x1	 x21:0xfffffa3b  x1:0x00000007 x17=0xfffffa34
       55425000	      5443	80005a90	82b5	c.srli	x13,0xd	 x13:0xfffe437f x13=0x0007fff2
       55435000	      5444	80005a92	03fee163	bltu	x29,x31,80005ab4	 x29:0x00000014 x31:0x80025cf8
       55455000	      5446	80005ab4	81f9	c.srli	x11,0x1e	 x11:0x00000000 x11=0x00000000
       55465000	      5447	80005ab6	0343ef63	bltu	x7,x20,80005af4	  x7:0x80000000 x20:0xda62d9bc
       55485000	      5449	80005af4	0155d513	srli	x10,x11,0x15	 x11:0x00000000 x10=0x00000000
       55495000	      5450	80005af8	d2122613	slti	x12,x4,-735	  x4:0xfffffa3b x12=0x00000001
       55535000	      5454	80005afc	02612933	mulhsu	x18,x2,x6	  x2:0xffffffff  x6:0xffffffff x18=0xffffffff
       55905000	      5491	80005b00	032dd0b3	divu	x1,x27,x18	 x27:0x00000001 x18:0xffffffff  x1=0x00000000
       55915000	      5492	80005b04	04fd8063	beq	x27,x15,80005b44	 x27:0x00000001 x15:0x80025ce4
       55955000	      5496	80005b08	024e1c33	mulh	x24,x28,x4	 x28:0x80021e54  x4:0xfffffa3b x24=0x000002e2
       55965000	      5497	80005b0c	5d7d	c.li	x26,-1	 x26=0xffffffff
       55975000	      5498	80005b0e	987d	c.andi	x8,-1	  x8:0x00000d1e  x8=0x00000d1e
       55985000	      5499	80005b10	018e1f33	sll	x30,x28,x24	 x28:0x80021e54 x24:0x000002e2 x30=0x00087950
       55995000	      5500	80005b14	717d	c.addi16sp	x2,-16	  x2:0xffffffff  x2=0xffffffef
       56005000	      5501	80005b16	340075f3	csrrci	x11,mscratch,0	 x11=0xffffffff
       56015000	      5502	80005b1a	02f41a63	bne	x8,x15,80005b4e	  x8:0x00000d1e x15:0x80025ce4
       56075000	      5508	80005b4e	02573233	mulhu	x4,x14,x5	 x14:0x000002d7  x5:0x000000a4  x4=0x00000000
       56085000	      5509	80005b52	8236	c.mv	x4,x13	  x0:0x00000000 x13:0x0007fff2  x4=0x0007fff2
       56095000	      5510	80005b54	039f9363	bne	x31,x25,80005b7a	 x31:0x80025cf8 x25:0xfffffdef
       56125000	      5513	80005b7a	03b7c763	blt	x15,x27,80005ba8	 x15:0x80025ce4 x27:0x00000001
       56145000	      5515	80005ba8	e905	c.bnez	x10,80005bd8	 x10:0x00000000
       56155000	      5516	80005baa	01a22233	slt	x4,x4,x26	  x4:0x0007fff2 x26:0xffffffff  x4=0x00000000
       56165000	      5517	80005bae	0022dc93	srli	x25,x5,0x2	  x5:0x000000a4 x25=0x00000029
       56175000	      5518	80005bb2	884d	c.andi	x8,19	  x8:0x00000d1e  x8=0x00000012
       56545000	      5555	80005bb4	0317c8b3	div	x17,x15,x17	 x15:0x80025ce4 x17:0xfffffa34 x17=0x0016144b
       56555000	      5556	80005bb8	00c1db93	srli	x23,x3,0xc	  x3:0x00000000 x23=0x00000000
       56565000	      5557	80005bbc	34003373	csrrc	x6,mscratch,x0	  x0:0x00000000  x6=0xffffffff
       56575000	      5558	80005bc0	0ff0000f	fence	iorw,iorw	
       56585000	      5559	80005bc4	012a4263	blt	x20,x18,80005bc8	 x20:0xda62d9bc x18:0xffffffff
       56965000	      5597	80005bc8	02f36633	rem	x12,x6,x15	  x6:0xffffffff x15:0x80025ce4 x12=0xffffffff
       56975000	      5598	80005bcc	340dd773	csrrwi	x14,mscratch,27	 x14=0xffffffff
       56985000	      5599	80005bd0	34007273	csrrci	x4,mscratch,0	  x4=0x0000001b
       57025000	      5603	80005bd4	03f83633	mulhu	x12,x16,x31	 x16:0x00000008 x31:0x80025cf8 x12=0x00000004
       57035000	      5604	80005bd8	3408d773	csrrwi	x14,mscratch,17	 x14=0x0000001b
       57075000	      5608	80005bdc	03851133	mulh	x2,x10,x24	 x10:0x00000000 x24:0x000002e2  x2=0x00000000
       57085000	      5609	80005be0	88a1	c.andi	x9,8	  x9:0xfffffd29  x9=0x00000008
       57095000	      5610	80005be2	0000100f	fence.i	
       57145000	      5615	80005be6	03bd8633	mul	x12,x27,x27	 x27:0x00000001 x27:0x00000001 x12=0x00000001
       57155000	      5616	80005bea	9ea6	c.add	x29,x9	 x29:0x00000014  x9:0x00000008 x29=0x0000001c
       57165000	      5617	80005bec	00c85613	srli	x12,x16,0xc	 x16:0x00000008 x12=0x00000000
       57175000	      5618	80005bf0	340614f3	csrrw	x9,mscratch,x12	 x12:0x00000000  x9=0x00000011
       57185000	      5619	80005bf4	00648f33	add	x30,x9,x6	  x9:0x00000011  x6:0xffffffff x30=0x00000010
       57195000	      5620	80005bf8	86dd	c.srai	x13,0x17	 x13:0x0007fff2 x13=0x00000000
       57205000	      5621	80005bfa	04b00063	beq	x0,x11,80005c3a	  x0:0x00000000 x11:0xffffffff
       57215000	      5622	80005bfe	01b104b3	add	x9,x2,x27	  x2:0x00000000 x27:0x00000001  x9=0x00000001
       57225000	      5623	80005c02	0000100f	fence.i	
       57285000	      5629	80005c06	02e0a233	mulhsu	x4,x1,x14	  x1:0x00000000 x14:0x0000001b  x4=0x00000000
       57295000	      5630	80005c0a	53eaed93	ori	x27,x21,1342	 x21:0xfffffa3b x27=0xffffff3f
       57305000	      5631	80005c0e	92a2	c.add	x5,x8	  x5:0x000000a4  x8:0x00000012  x5=0x000000b6
       57315000	      5632	80005c10	08fa	c.slli	x17,0x1e	 x17:0x0016144b x17=0xc0000000
       57325000	      5633	80005c12	072a	c.slli	x14,0xa	 x14:0x0000001b x14=0x00006c00
       57335000	      5634	80005c14	00dc1c63	bne	x24,x13,80005c2c	 x24:0x000002e2 x13:0x00000000
       57355000	      5636	80005c2c	0001	c.addi	x0,0	  x0:0x00000000  x0=0x00000000
       57395000	      5640	80005c2e	02972033	mulhsu	x0,x14,x9	 x14:0x00006c00  x9:0x00000001  x0=0x00000000
       57405000	      5641	80005c32	3400e5f3	csrrsi	x11,mscratch,1	 x11=0x00000000
       57425000	      5643	80005c36	021cfab3	remu	x21,x25,x1	 x25:0x00000029  x1:0x00000000 x21=0x00000029
       57435000	      5644	80005c3a	01c40eb3	add	x29,x8,x28	  x8:0x00000012 x28:0x80021e54 x29=0x80021e66
       57465000	      5647	80005c3e	020e0ab3	mul	x21,x28,x0	 x28:0x80021e54  x0:0x00000000 x21=0x00000000
       57475000	      5648	80005c42	e601	c.bnez	x12,80005c4a	 x12:0x00000000
       57485000	      5649	80005c44	019cdc33	srl	x24,x25,x25	 x25:0x00000029 x25:0x00000029 x24=0x00000000
       57495000	      5650	80005c48	8822	c.mv	x16,x8	  x0:0x00000000  x8:0x00000012 x16=0x00000012
       57505000	      5651	80005c4a	007ead33	slt	x26,x29,x7	 x29:0x80021e66  x7:0x80000000 x26=0x00000000
       57515000	      5652	80005c4e	3405f773	csrrci	x14,mscratch,11	 x14=0x00000001
       57525000	      5653	80005c52	9b7d	c.andi	x14,-1	 x14:0x00000001 x14=0x00000001
       57535000	      5654	80005c54	41e7d033	sra	x0,x15,x30	 x15:0x80025ce4 x30:0x00000010  x0=0x00000000
       57545000	      5655	80005c58	00842233	slt	x4,x8,x8	  x8:0x00000012  x8:0x00000012  x4=0x00000000
       57555000	      5656	80005c5c	0001	c.addi	x0,0	  x0:0x00000000  x0=0x00000000
       57565000	      5657	80005c5e	088c	c.addi4spn	x11,x2,80	 x11=0x00000050
       57575000	      5658	80005c60	05489063	bne	x17,x20,80005ca0	 x17:0xc0000000 x20:0xda62d9bc
       57595000	      5660	80005ca0	41dd	c.li	x3,23	  x3=0x00000017
       57605000	      5661	80005ca2	01c74f33	xor	x30,x14,x28	 x14:0x00000001 x28:0x80021e54 x30=0x80021e55
       57615000	      5662	80005ca6	8d35	c.xor	x10,x13	 x10:0x00000000 x13:0x00000000 x10=0x00000000
       57625000	      5663	80005ca8	34019ff3	csrrw	x31,mscratch,x3	  x3:0x00000017 x31=0x00000000
       57635000	      5664	80005cac	90be	c.add	x1,x15	  x1:0x00000000 x15:0x80025ce4  x1=0x80025ce4
       57645000	      5665	80005cae	a6d7bf93	sltiu	x31,x15,-1427	 x15:0x80025ce4 x31=0x00000001
       57655000	      5666	80005cb2	34007373	csrrci	x6,mscratch,0	  x6=0x00000017
       57665000	      5667	80005cb6	0001	c.addi	x0,0	  x0:0x00000000  x0=0x00000000
       57675000	      5668	80005cb8	9afd	c.andi	x13,-1	 x13:0x00000000 x13=0x00000000
       57685000	      5669	80005cba	8d09	c.sub	x10,x10	 x10:0x00000000 x10:0x00000000 x10=0x00000000
       57695000	      5670	80005cbc	410d5b97	auipc	x23,0x410d5	 x23=0xc10dacbc
       57705000	      5671	80005cc0	8c4d	c.or	x8,x11	  x8:0x00000012 x11:0x00000050  x8=0x00000052
       58075000	      5708	80005cc2	02ba7133	remu	x2,x20,x11	 x20:0xda62d9bc x11:0x00000050  x2=0x0000004c
       58085000	      5709	80005cc6	03e88763	beq	x17,x30,80005cf4	 x17:0xc0000000 x30:0x80021e55
       58095000	      5710	80005cca	f5372713	slti	x14,x14,-173	 x14:0x00000001 x14=0x00000000
       58105000	      5711	80005cce	845d	c.srai	x8,0x17	  x8:0x00000052  x8=0x00000000
       58115000	      5712	80005cd0	03ea6c63	bltu	x20,x30,80005d08	 x20:0xda62d9bc x30:0x80021e55
       58125000	      5713	80005cd4	020def63	bltu	x27,x0,80005d12	 x27:0xffffff3f  x0:0x00000000
       58165000	      5717	80005cd8	029a3333	mulhu	x6,x20,x9	 x20:0xda62d9bc  x9:0x00000001  x6=0x00000000
       58175000	      5718	80005cdc	0321cf63	blt	x3,x18,80005d1a	  x3:0x00000017 x18:0xffffffff
       58215000	      5722	80005ce0	02bd9eb3	mulh	x29,x27,x11	 x27:0xffffff3f x11:0x00000050 x29=0xffffffff
       58225000	      5723	80005ce4	4fa5	c.li	x31,9	 x31=0x00000009
       58235000	      5724	80005ce6	662d	c.lui	x12,0xb	 x12=0x0000b000
       58245000	      5725	80005ce8	8575	c.srai	x10,0x1d	 x10:0x00000000 x10=0x00000000
       58255000	      5726	80005cea	9ea2	c.add	x29,x8	 x29:0xffffffff  x8:0x00000000 x29=0xffffffff
       58265000	      5727	80005cec	2b5aab93	slti	x23,x21,693	 x21:0x00000000 x23=0x00000001
       58275000	      5728	80005cf0	7d877693	andi	x13,x14,2008	 x14:0x00000000 x13=0x00000000
       58285000	      5729	80005cf4	31514813	xori	x16,x2,789	  x2:0x0000004c x16=0x00000359
       58295000	      5730	80005cf8	03d20663	beq	x4,x29,80005d24	  x4:0x00000000 x29:0xffffffff
       58305000	      5731	80005cfc	40195493	srai	x9,x18,0x1	 x18:0xffffffff  x9=0xffffffff
       58315000	      5732	80005d00	3404b1f3	csrrc	x3,mscratch,x9	  x9:0xffffffff  x3=0x00000017
       58325000	      5733	80005d04	20eab1b7	lui	x3,0x20eab	  x3=0x20eab000
       58335000	      5734	80005d08	8cd1	c.or	x9,x12	  x9:0xffffffff x12:0x0000b000  x9=0xffffffff
       58345000	      5735	80005d0a	027a5563	bge	x20,x7,80005d34	 x20:0xda62d9bc  x7:0x80000000
       58365000	      5737	80005d34	0001	c.addi	x0,0	  x0:0x00000000  x0=0x00000000
       58375000	      5738	80005d36	856d	c.srai	x10,0x1b	 x10:0x00000000 x10=0x00000000
       58385000	      5739	80005d38	0177c463	blt	x15,x23,80005d40	 x15:0x80025ce4 x23:0x00000001
       58405000	      5741	80005d40	01988933	add	x18,x17,x25	 x17:0xc0000000 x25:0x00000029 x18=0xc0000029
       58415000	      5742	80005d44	00f0b8b3	sltu	x17,x1,x15	  x1:0x80025ce4 x15:0x80025ce4 x17=0x00000000
       58425000	      5743	80005d48	00456033	or	x0,x10,x4	 x10:0x00000000  x4:0x00000000  x0=0x00000000
       58435000	      5744	80005d4c	e11d	c.bnez	x10,80005d72	 x10:0x00000000
       58445000	      5745	80005d4e	02cb1263	bne	x22,x12,80005d72	 x22:0xffffffff x12:0x0000b000
       58475000	      5748	80005d72	003f0833	add	x16,x30,x3	 x30:0x80021e55  x3:0x20eab000 x16=0xa0ecce55
       58485000	      5749	80005d76	a80d2c13	slti	x24,x26,-1408	 x26:0x00000000 x24=0x00000000
       58495000	      5750	80005d7a	a3e60293	addi	x5,x12,-1474	 x12:0x0000b000  x5=0x0000aa3e
       58505000	      5751	80005d7e	717d	c.addi16sp	x2,-16	  x2:0x0000004c  x2=0x0000003c
       58875000	      5788	80005d80	029e74b3	remu	x9,x28,x9	 x28:0x80021e54  x9:0xffffffff  x9=0x80021e54
       58885000	      5789	80005d84	0000100f	fence.i	
       58905000	      5791	80005d88	e79d3f13	sltiu	x30,x26,-391	 x26:0x00000000 x30=0x00000001
       58915000	      5792	80005d8c	00b88033	add	x0,x17,x11	 x17:0x00000000 x11:0x00000050  x0=0x00000000
       58925000	      5793	80005d90	34023973	csrrc	x18,mscratch,x4	  x4:0x00000000 x18=0x00000000
       58945000	      5795	80005d94	02a2edb3	rem	x27,x5,x10	  x5:0x0000aa3e x10:0x00000000 x27=0x0000aa3e
       58955000	      5796	80005d98	00141eb3	sll	x29,x8,x1	  x8:0x00000000  x1:0x80025ce4 x29=0x00000000
       58995000	      5800	80005d9c	02393233	mulhu	x4,x18,x3	 x18:0x00000000  x3:0x20eab000  x4=0x00000000
       59005000	      5801	80005da0	8a22	c.mv	x20,x8	  x0:0x00000000  x8:0x00000000 x20=0x00000000
       59015000	      5802	80005da2	18fd	c.addi	x17,-1	 x17:0x00000000 x17=0xffffffff
       59025000	      5803	80005da4	003a5d93	srli	x27,x20,0x3	 x20:0x00000000 x27=0x00000000
       59065000	      5807	80005da8	039fb533	mulhu	x10,x31,x25	 x31:0x00000009 x25:0x00000029 x10=0x00000000
       59075000	      5808	80005dac	01ed3433	sltu	x8,x26,x30	 x26:0x00000000 x30:0x00000001  x8=0x00000001
       59085000	      5809	80005db0	517d	c.li	x2,-1	  x2=0xffffffff
       59095000	      5810	80005db2	35340993	addi	x19,x8,851	  x8:0x00000001 x19=0x00000354
       59105000	      5811	80005db6	ed89	c.bnez	x11,80005dd0	 x11:0x00000050
       59485000	      5849	80005dd0	02fe4833	div	x16,x28,x15	 x28:0x80021e54 x15:0x80025ce4 x16=0x00000001
       59495000	      5850	80005dd4	81da0917	auipc	x18,0x81da0	 x18=0x01da5dd4
       59505000	      5851	80005dd8	0ff0000f	fence	iorw,iorw	
       59515000	      5852	80005ddc	0d6be713	ori	x14,x23,214	 x23:0x00000001 x14=0x000000d7
       59525000	      5853	80005de0	551dba93	sltiu	x21,x27,1361	 x27:0x00000000 x21=0x00000001
       59535000	      5854	80005de4	e211	c.bnez	x12,80005de8	 x12:0x0000b000
       59555000	      5856	80005de8	717d	c.addi16sp	x2,-16	  x2:0xffffffff  x2=0xffffffef
       59565000	      5857	80005dea	00769b13	slli	x22,x13,0x7	 x13:0x00000000 x22=0x00000000
       59585000	      5859	80005dee	03aec933	div	x18,x29,x26	 x29:0x00000000 x26:0x00000000 x18=0xffffffff
       59595000	      5860	80005df2	0e086513	ori	x10,x16,224	 x16:0x00000001 x10=0x000000e1
       59605000	      5861	80005df6	017fe933	or	x18,x31,x23	 x31:0x00000009 x23:0x00000001 x18=0x00000009
       59615000	      5862	80005dfa	0001	c.addi	x0,0	  x0:0x00000000  x0=0x00000000
       59625000	      5863	80005dfc	e614e113	ori	x2,x9,-415	  x9:0x80021e54  x2=0xfffffe75
       59635000	      5864	80005e00	8ed1	c.or	x13,x12	 x13:0x00000000 x12:0x0000b000 x13=0x0000b000
       59675000	      5868	80005e02	0354beb3	mulhu	x29,x9,x21	  x9:0x80021e54 x21:0x00000001 x29=0x00000000
       59685000	      5869	80005e06	01249d13	slli	x26,x9,0x12	  x9:0x80021e54 x26=0x79500000
       59695000	      5870	80005e0a	bf63b513	sltiu	x10,x7,-1034	  x7:0x80000000 x10=0x00000001
       59705000	      5871	80005e0e	34099f73	csrrw	x30,mscratch,x19	 x19:0x00000354 x30=0x00000000
       59715000	      5872	80005e12	8c71	c.and	x8,x12	  x8:0x00000001 x12:0x0000b000  x8=0x00000000
       59725000	      5873	80005e14	005f04b3	add	x9,x30,x5	 x30:0x00000000  x5:0x0000aa3e  x9=0x0000aa3e
       60095000	      5910	80005e18	02345f33	divu	x30,x8,x3	  x8:0x00000000  x3:0x20eab000 x30=0x00000000
       60105000	      5911	80005e1c	fe27ec93	ori	x25,x15,-30	 x15:0x80025ce4 x25=0xffffffe6
       60115000	      5912	80005e20	00647263	bgeu	x8,x6,80005e24	  x8:0x00000000  x6:0x00000000
       60495000	      5950	80005e24	03f554b3	divu	x9,x10,x31	 x10:0x00000001 x31:0x00000009  x9=0x00000000
       60505000	      5951	80005e28	0142db13	srli	x22,x5,0x14	  x5:0x0000aa3e x22=0x00000000
       60515000	      5952	80005e2c	0117f833	and	x16,x15,x17	 x15:0x80025ce4 x17:0xffffffff x16=0x80025ce4
       60525000	      5953	80005e30	037fd263	bge	x31,x23,80005e54	 x31:0x00000009 x23:0x00000001
       60545000	      5955	80005e54	05f2	c.slli	x11,0x1c	 x11:0x00000050 x11=0x00000000
       60555000	      5956	80005e56	34025bf3	csrrwi	x23,mscratch,4	 x23=0x00000354
       60565000	      5957	80005e5a	01019a13	slli	x20,x3,0x10	  x3:0x20eab000 x20=0xb0000000
       60575000	      5958	80005e5e	41255833	sra	x16,x10,x18	 x10:0x00000001 x18:0x00000009 x16=0x00000000
       60945000	      5995	80005e62	02d6f233	remu	x4,x13,x13	 x13:0x0000b000 x13:0x0000b000  x4=0x00000000
       60955000	      5996	80005e66	340f5f73	csrrwi	x30,mscratch,30	 x30=0x00000004
       60965000	      5997	80005e6a	832d	c.srli	x14,0xb	 x14:0x000000d7 x14=0x00000000
       60975000	      5998	80005e6c	8c4d	c.or	x8,x11	  x8:0x00000000 x11:0x00000000  x8=0x00000000
       60985000	      5999	80005e6e	340e9ff3	csrrw	x31,mscratch,x29	 x29:0x00000000 x31=0x0000001e
       60995000	      6000	80005e72	8f1d	c.sub	x14,x15	 x14:0x00000000 x15:0x80025ce4 x14=0x7ffda31c
       61005000	      6001	80005e74	8611	c.srai	x12,0x4	 x12:0x0000b000 x12=0x00000b00
       61045000	      6005	80005e76	02fa9cb3	mulh	x25,x21,x15	 x21:0x00000001 x15:0x80025ce4 x25=0xffffffff
       61055000	      6006	80005e7a	41e43c13	sltiu	x24,x8,1054	  x8:0x00000000 x24=0x00000001
       61065000	      6007	80005e7e	8e6d	c.and	x12,x11	 x12:0x00000b00 x11:0x00000000 x12=0x00000000
       61075000	      6008	80005e80	0798	c.addi4spn	x14,x2,960	 x14=0x00000235
       61085000	      6009	80005e82	00496c33	or	x24,x18,x4	 x18:0x00000009  x4:0x00000000 x24=0x00000009
       61095000	      6010	80005e86	19fd	c.addi	x19,-1	 x19:0x00000354 x19=0x00000353
       61105000	      6011	80005e88	1d8ac717	auipc	x14,0x1d8ac	 x14=0x9d8b1e88
       61115000	      6012	80005e8c	8ebd	c.xor	x13,x15	 x13:0x0000b000 x15:0x80025ce4 x13=0x8002ece4
       61125000	      6013	80005e8e	1fcedb97	auipc	x23,0x1fced	 x23=0x9fcf2e8e
       61135000	      6014	80005e92	340bd473	csrrwi	x8,mscratch,23	  x8=0x00000000
       61145000	      6015	80005e96	d3c3ae93	slti	x29,x7,-708	  x7:0x80000000 x29=0x00000001
       61155000	      6016	80005e9a	0c0a	c.slli	x24,0x2	 x24:0x00000009 x24=0x00000024
       61165000	      6017	80005e9c	86b9	c.srai	x13,0xe	 x13:0x8002ece4 x13=0xfffe000b
       61175000	      6018	80005e9e	9f18bf13	sltiu	x30,x17,-1551	 x17:0xffffffff x30=0x00000000
       61185000	      6019	80005ea2	00ca0563	beq	x20,x12,80005eac	 x20:0xb0000000 x12:0x00000000
       61195000	      6020	80005ea6	8235	c.srli	x12,0xd	 x12:0x00000000 x12=0x00000000
       61205000	      6021	80005ea8	009029b3	slt	x19,x0,x9	  x0:0x00000000  x9:0x00000000 x19=0x00000000
       61215000	      6022	80005eac	012ef833	and	x16,x29,x18	 x29:0x00000001 x18:0x00000009 x16=0x00000001
       61225000	      6023	80005eb0	34007f73	csrrci	x30,mscratch,0	 x30=0x00000017
       61235000	      6024	80005eb4	9af20613	addi	x12,x4,-1617	  x4:0x00000000 x12=0xfffff9af
       61245000	      6025	80005eb8	05676c63	bltu	x14,x22,80005f10	 x14:0x9d8b1e88 x22:0x00000000
       61255000	      6026	80005ebc	8dd1	c.or	x11,x12	 x11:0x00000000 x12:0xfffff9af x11=0xfffff9af
       61265000	      6027	80005ebe	00000f17	auipc	x30,0x0	 x30=0x80005ebe
       61275000	      6028	80005ec2	25ef0f13	addi	x30,x30,606	 x30:0x80005ebe x30=0x8000611c
       61285000	      6029	80005ec6	00f50733	add	x14,x10,x15	 x10:0x00000001 x15:0x80025ce4 x14=0x80025ce5
       61295000	      6030	80005eca	40c0d1b3	sra	x3,x1,x12	  x1:0x80025ce4 x12:0xfffff9af  x3=0xffff0004
       61305000	      6031	80005ece	04e50097	auipc	x1,0x4e50	  x1=0x84e55ece
       61315000	      6032	80005ed2	41e98fb3	sub	x31,x19,x30	 x19:0x00000000 x30:0x8000611c x31=0x7fff9ee4
       61325000	      6033	80005ed6	dbcf0f13	addi	x30,x30,-580	 x30:0x8000611c x30=0x80005ed8
       61335000	      6034	80005eda	1f8c	c.addi4spn	x11,x2,1008	 x11=0x00000265
       61345000	      6035	80005edc	244f0ae7	jalr	x21,580(x30)	 x30:0x80005ed8 x21=0x80005ee0
       61365000	      6037	8000611c	00df5813	srli	x16,x30,0xd	 x30:0x80005ed8 x16=0x00040002
       61375000	      6038	80006120	34007173	csrrci	x2,mscratch,0	  x2=0x00000017
       61385000	      6039	80006124	4e8ebb13	sltiu	x22,x29,1256	 x29:0x00000001 x22=0x00000001
       61395000	      6040	80006128	c601	c.beqz	x12,80006130	 x12:0xfffff9af
       61405000	      6041	8000612a	137d	c.addi	x6,-1	  x6:0x00000000  x6=0xffffffff
       61415000	      6042	8000612c	00a8f633	and	x12,x17,x10	 x17:0xffffffff x10:0x00000001 x12=0x00000001
       61425000	      6043	80006130	1e01	c.addi	x28,-32	 x28:0x80021e54 x28=0x80021e34
       61435000	      6044	80006132	015e2223	sw	x21,4(x28)	 x28:0x80021e34 x21:0x80005ee0 PA:0x80021e38 store:0x80005ee0 load:0x00000000
       61445000	      6045	80006136	8d61	c.and	x10,x8	 x10:0x00000001  x8:0x00000000 x10=0x00000000
       61455000	      6046	80006138	019d1693	slli	x13,x26,0x19	 x26:0x79500000 x13=0x00000000
       61465000	      6047	8000613c	0001	c.addi	x0,0	  x0:0x00000000  x0=0x00000000
       61475000	      6048	8000613e	9eaa	c.add	x29,x10	 x29:0x00000001 x10:0x00000000 x29=0x00000001
       61485000	      6049	80006140	1dfd	c.addi	x27,-1	 x27:0x00000000 x27=0xffffffff
       61495000	      6050	80006142	3400d0f3	csrrwi	x1,mscratch,1	  x1=0x00000017
       61505000	      6051	80006146	0001	c.addi	x0,0	  x0:0x00000000  x0=0x00000000
       61875000	      6088	80006148	0223e833	rem	x16,x7,x2	  x7:0x80000000  x2:0x00000017 x16=0xfffffffa
       61915000	      6092	8000614c	03051033	mulh	x0,x10,x16	 x10:0x00000000 x16:0xfffffffa  x0=0x00000000
       61925000	      6093	80006150	01c8ee63	bltu	x17,x28,8000616c	 x17:0xffffffff x28:0x80021e34
       61965000	      6097	80006154	02d814b3	mulh	x9,x16,x13	 x16:0xfffffffa x13:0x00000000  x9=0x00000000
       61975000	      6098	80006158	8371	c.srli	x14,0x1c	 x14:0x80025ce5 x14=0x00000008
       61985000	      6099	8000615a	8e99	c.sub	x13,x14	 x13:0x00000000 x14:0x00000008 x13=0xfffffff8
       61995000	      6100	8000615c	0002abb3	slt	x23,x5,x0	  x5:0x0000aa3e  x0:0x00000000 x23=0x00000000
       62005000	      6101	80006160	5c1b0c93	addi	x25,x22,1473	 x22:0x00000001 x25=0x000005c2
       62015000	      6102	80006164	84804317	auipc	x6,0x84804	  x6=0x0480a164
       62025000	      6103	80006168	00b0f2b3	and	x5,x1,x11	  x1:0x00000017 x11:0x00000265  x5=0x00000005
       62035000	      6104	8000616c	0000100f	fence.i	
       62055000	      6106	80006170	058d4363	blt	x26,x24,800061b6	 x26:0x79500000 x24:0x00000024
       62065000	      6107	80006174	002096b3	sll	x13,x1,x2	  x1:0x00000017  x2:0x00000017 x13=0x0b800000
       62075000	      6108	80006178	4035df33	sra	x30,x11,x3	 x11:0x00000265  x3:0xffff0004 x30=0x00000026
       62085000	      6109	8000617c	59373c13	sltiu	x24,x14,1427	 x14:0x00000008 x24=0x00000001
       62095000	      6110	80006180	e611	c.bnez	x12,8000618c	 x12:0x00000001
       62115000	      6112	8000618c	3402f373	csrrci	x6,mscratch,5	  x6=0x00000001
       62125000	      6113	80006190	02076f63	bltu	x14,x0,800061ce	 x14:0x00000008  x0:0x00000000
       62135000	      6114	80006194	010fc1b3	xor	x3,x31,x16	 x31:0x7fff9ee4 x16:0xfffffffa  x3=0x8000611e
       62145000	      6115	80006198	8455	c.srai	x8,0x15	  x8:0x00000000  x8=0x00000000
       62155000	      6116	8000619a	00129693	slli	x13,x5,0x1	  x5:0x00000005 x13=0x0000000a
       62165000	      6117	8000619e	017db333	sltu	x6,x27,x23	 x27:0xffffffff x23:0x00000000  x6=0x00000000
       62175000	      6118	800061a2	41b8d013	srai	x0,x17,0x1b	 x17:0xffffffff  x0=0x00000000
       62185000	      6119	800061a6	00f7bdb3	sltu	x27,x15,x15	 x15:0x80025ce4 x15:0x80025ce4 x27=0x00000000
       62195000	      6120	800061aa	340ed5f3	csrrwi	x11,mscratch,29	 x11=0x00000000
       62205000	      6121	800061ae	340e1573	csrrw	x10,mscratch,x28	 x28:0x80021e34 x10=0x0000001d
       62225000	      6123	800061b2	0243c4b3	div	x9,x7,x4	  x7:0x80000000  x4:0x00000000  x9=0xffffffff
       62235000	      6124	800061b6	c1f57913	andi	x18,x10,-993	 x10:0x0000001d x18=0x0000001d
       62245000	      6125	800061ba	9b6e	c.add	x22,x27	 x22:0x00000001 x27:0x00000000 x22=0x00000001
       62255000	      6126	800061bc	ff068a13	addi	x20,x13,-16	 x13:0x0000000a x20=0xfffffffa
       62265000	      6127	800061c0	e611	c.bnez	x12,800061cc	 x12:0x00000001
       62285000	      6129	800061cc	c899	c.beqz	x9,800061e2	  x9:0xffffffff
       62295000	      6130	800061ce	717d	c.addi16sp	x2,-16	  x2:0x00000017  x2=0x00000007
       62305000	      6131	800061d0	81ad	c.srli	x11,0xb	 x11:0x00000000 x11=0x00000000
       62315000	      6132	800061d2	613d	c.addi16sp	x2,480	  x2:0x00000007  x2=0x000001e7
       62325000	      6133	800061d4	1a74b217	auipc	x4,0x1a74b	  x4=0x9a7511d4
       62335000	      6134	800061d8	ce99	c.beqz	x13,800061f6	 x13:0x0000000a
       62345000	      6135	800061da	002261b3	or	x3,x4,x2	  x4:0x9a7511d4  x2:0x000001e7  x3=0x9a7511f7
       62715000	      6172	800061de	03194733	div	x14,x18,x17	 x18:0x0000001d x17:0xffffffff x14=0xffffffe3
       62725000	      6173	800061e2	8fd2	c.mv	x31,x20	  x0:0x00000000 x20:0xfffffffa x31=0xfffffffa
       62735000	      6174	800061e4	99fd	c.andi	x11,-1	 x11:0x00000000 x11=0x00000000
       62745000	      6175	800061e6	8585	c.srai	x11,0x1	 x11:0x00000000 x11=0x00000000
       63115000	      6212	800061e8	0327e433	rem	x8,x15,x18	 x15:0x80025ce4 x18:0x0000001d  x8=0xfffffff0
       63125000	      6213	800061ec	40f0d433	sra	x8,x1,x15	  x1:0x00000017 x15:0x80025ce4  x8=0x00000001
       63135000	      6214	800061f0	00327d33	and	x26,x4,x3	  x4:0x9a7511d4  x3:0x9a7511f7 x26=0x9a7511d4
       63145000	      6215	800061f4	0001	c.addi	x0,0	  x0:0x00000000  x0=0x00000000
       63155000	      6216	800061f6	01ac50b3	srl	x1,x24,x26	 x24:0x00000001 x26:0x9a7511d4  x1=0x00000000
       63165000	      6217	800061fa	6dc9	c.lui	x27,0x12	 x27=0x00012000
       63175000	      6218	800061fc	340c39f3	csrrc	x19,mscratch,x24	 x24:0x00000001 x19=0x80021e34
       63185000	      6219	80006200	00894b63	blt	x18,x8,80006216	 x18:0x0000001d  x8:0x00000001
       63195000	      6220	80006204	864d	c.srai	x12,0x13	 x12:0x00000001 x12=0x00000000
       63565000	      6257	80006206	02efddb3	divu	x27,x31,x14	 x31:0xfffffffa x14:0xffffffe3 x27=0x00000001
       63935000	      6294	8000620a	03a3c933	div	x18,x7,x26	  x7:0x80000000 x26:0x9a7511d4 x18=0x00000001
       63945000	      6295	8000620e	02506563	bltu	x0,x5,80006238	  x0:0x00000000  x5:0x00000005
       63995000	      6300	80006238	02a220b3	mulhsu	x1,x4,x10	  x4:0x9a7511d4 x10:0x0000001d  x1=0xfffffff4
       64005000	      6301	8000623c	46849c97	auipc	x25,0x46849	 x25=0xc684f23c
       64035000	      6304	80006240	03f28db3	mul	x27,x5,x31	  x5:0x00000005 x31:0xfffffffa x27=0xffffffe2
       64045000	      6305	80006244	01bdd6b3	srl	x13,x27,x27	 x27:0xffffffe2 x27:0xffffffe2 x13=0x3ffffff8
       64055000	      6306	80006248	00945463	bge	x8,x9,80006250	  x8:0x00000001  x9:0xffffffff
       64105000	      6311	80006250	03cd3cb3	mulhu	x25,x26,x28	 x26:0x9a7511d4 x28:0x80021e34 x25=0x4d3bd00d
       64475000	      6348	80006254	0346c133	div	x2,x13,x20	 x13:0x3ffffff8 x20:0xfffffffa  x2=0xf5555557
       64845000	      6385	80006258	0292deb3	divu	x29,x5,x9	  x5:0x00000005  x9:0xffffffff x29=0x00000000
       64875000	      6388	8000625c	030c80b3	mul	x1,x25,x16	 x25:0x4d3bd00d x16:0xfffffffa  x1=0x30991fb2
       64885000	      6389	80006260	01318a63	beq	x3,x19,80006274	  x3:0x9a7511f7 x19:0x80021e34
       64895000	      6390	80006264	018ac633	xor	x12,x21,x24	 x21:0x80005ee0 x24:0x00000001 x12=0x80005ee1
       64905000	      6391	80006268	006e80b3	add	x1,x29,x6	 x29:0x00000000  x6:0x00000000  x1=0x00000000
       64915000	      6392	8000626c	01de0ab3	add	x21,x28,x29	 x28:0x80021e34 x29:0x00000000 x21=0x80021e34
       64925000	      6393	80006270	1c7d	c.addi	x24,-1	 x24:0x00000001 x24=0x00000000
       64935000	      6394	80006272	826d	c.srli	x12,0x1b	 x12:0x80005ee1 x12=0x00000010
       64965000	      6397	80006274	022b0cb3	mul	x25,x22,x2	 x22:0x00000001  x2:0xf5555557 x25=0xf5555557
       64985000	      6399	80006278	02124b33	div	x22,x4,x1	  x4:0x9a7511d4  x1:0x00000000 x22=0xffffffff
       64995000	      6400	8000627c	00fa68b3	or	x17,x20,x15	 x20:0xfffffffa x15:0x80025ce4 x17=0xfffffffe
       65005000	      6401	80006280	001b1b93	slli	x23,x22,0x1	 x22:0xffffffff x23=0xfffffffe
       65015000	      6402	80006284	0bbdf313	andi	x6,x27,187	 x27:0xffffffe2  x6=0x000000a2
       65025000	      6403	80006288	8e75	c.and	x12,x13	 x12:0x00000010 x13:0x3ffffff8 x12=0x00000010
       65065000	      6407	8000628a	02b8b9b3	mulhu	x19,x17,x11	 x17:0xfffffffe x11:0x00000000 x19=0x00000000
       65075000	      6408	8000628e	0094edb3	or	x27,x9,x9	  x9:0xffffffff  x9:0xffffffff x27=0xffffffff
       65445000	      6445	80006292	023e54b3	divu	x9,x28,x3	 x28:0x80021e34  x3:0x9a7511f7  x9=0x00000000
       65455000	      6446	80006296	9916	c.add	x18,x5	 x18:0x00000001  x5:0x00000005 x18=0x00000006
       65495000	      6450	80006298	021925b3	mulhsu	x11,x18,x1	 x18:0x00000006  x1:0x00000000 x11=0x00000000
       65505000	      6451	8000629c	8251	c.srli	x12,0x14	 x12:0x00000010 x12=0x00000000
       65515000	      6452	8000629e	01143933	sltu	x18,x8,x17	  x8:0x00000001 x17:0xfffffffe x18=0x00000001
       65555000	      6456	800062a2	03233133	mulhu	x2,x6,x18	  x6:0x000000a2 x18:0x00000001  x2=0x00000000
       65565000	      6457	800062a6	01899633	sll	x12,x19,x24	 x19:0x00000000 x24:0x00000000 x12=0x00000000
       65575000	      6458	800062aa	19fd	c.addi	x19,-1	 x19:0x00000000 x19=0xffffffff
       65585000	      6459	800062ac	81b5	c.srli	x11,0xd	 x11:0x00000000 x11=0x00000000
       65595000	      6460	800062ae	0b98	c.addi4spn	x14,x2,464	 x14=0x000001d0
       65605000	      6461	800062b0	004d5413	srli	x8,x26,0x4	 x26:0x9a7511d4  x8=0x09a7511d
       65615000	      6462	800062b4	8041	c.srli	x8,0x10	  x8:0x09a7511d  x8=0x000009a7
       65625000	      6463	800062b6	6131	c.addi16sp	x2,320	  x2:0x00000000  x2=0x00000140
       65635000	      6464	800062b8	0890	c.addi4spn	x12,x2,80	 x12=0x00000190
       65645000	      6465	800062ba	00e0fb63	bgeu	x1,x14,800062d0	  x1:0x00000000 x14:0x000001d0
       65655000	      6466	800062be	406684b3	sub	x9,x13,x6	 x13:0x3ffffff8  x6:0x000000a2  x9=0x3fffff56
       65665000	      6467	800062c2	0015db93	srli	x23,x11,0x1	 x11:0x00000000 x23=0x00000000
       65675000	      6468	800062c6	340575f3	csrrci	x11,mscratch,10	 x11=0x80021e34
       65685000	      6469	800062ca	e6fa2213	slti	x4,x20,-401	 x20:0xfffffffa  x4=0x00000000
       65695000	      6470	800062ce	0001	c.addi	x0,0	  x0:0x00000000  x0=0x00000000
       65705000	      6471	800062d0	608d	c.lui	x1,0x3	  x1=0x00003000
       66075000	      6508	800062d2	02754eb3	div	x29,x10,x7	 x10:0x0000001d  x7:0x80000000 x29=0x00000000
       66085000	      6509	800062d6	5c5ce513	ori	x10,x25,1477	 x25:0xf5555557 x10=0xf55555d7
       66095000	      6510	800062da	660d	c.lui	x12,0x3	 x12=0x00003000
       66105000	      6511	800062dc	34006bf3	csrrsi	x23,mscratch,0	 x23=0x80021e34
       66115000	      6512	800062e0	8519	c.srai	x10,0x6	 x10:0xf55555d7 x10=0xffd55557
       66125000	      6513	800062e2	ab984d93	xori	x27,x16,-1351	 x16:0xfffffffa x27=0x00000543
       66135000	      6514	800062e6	34073ff3	csrrc	x31,mscratch,x14	 x14:0x000001d0 x31=0x80021e34
       66145000	      6515	800062ea	4142d493	srai	x9,x5,0x14	  x5:0x00000005  x9=0x00000000
       66155000	      6516	800062ee	6aa9	c.lui	x21,0xa	 x21=0x0000a000
       66165000	      6517	800062f0	096ae693	ori	x13,x21,150	 x21:0x0000a000 x13=0x0000a096
       66175000	      6518	800062f4	34079273	csrrw	x4,mscratch,x15	 x15:0x80025ce4  x4=0x80021e24
       66185000	      6519	800062f8	40408933	sub	x18,x1,x4	  x1:0x00003000  x4:0x80021e24 x18=0x7ffe11dc
       66195000	      6520	800062fc	62ed	c.lui	x5,0x1b	  x5=0x0001b000
       66205000	      6521	800062fe	018a3233	sltu	x4,x20,x24	 x20:0xfffffffa x24:0x00000000  x4=0x00000000
       66215000	      6522	80006302	8e499937	lui	x18,0x8e499	 x18=0x8e499000
       66225000	      6523	80006306	3404ea73	csrrsi	x20,mscratch,9	 x20=0x80025ce4
       66235000	      6524	8000630a	03a1cc63	blt	x3,x26,80006342	  x3:0x9a7511f7 x26:0x9a7511d4
       66245000	      6525	8000630e	fcf47817	auipc	x16,0xfcf47	 x16=0x7cf4d30e
       66255000	      6526	80006312	8ce5	c.and	x9,x9	  x9:0x00000000  x9:0x00000000  x9=0x00000000
       66265000	      6527	80006314	db24a413	slti	x8,x9,-590	  x9:0x00000000  x8=0x00000000
       66275000	      6528	80006318	03bc7863	bgeu	x24,x27,80006348	 x24:0x00000000 x27:0x00000543
       66645000	      6565	8000631c	02dd6ab3	rem	x21,x26,x13	 x26:0x9a7511d4 x13:0x0000a096 x21=0xffffeb14
       66685000	      6569	80006320	03431433	mulh	x8,x6,x20	  x6:0x000000a2 x20:0x80025ce4  x8=0xffffffaf
       66695000	      6570	80006324	0175eab3	or	x21,x11,x23	 x11:0x80021e34 x23:0x80021e34 x21=0x80021e34
       67065000	      6607	80006328	02706cb3	rem	x25,x0,x7	  x0:0x00000000  x7:0x80000000 x25=0x00000000
       67075000	      6608	8000632c	34002973	csrrs	x18,mscratch,x0	  x0:0x00000000 x18=0x80025ced
       67085000	      6609	80006330	99f10717	auipc	x14,0x99f10	 x14=0x19f16330
       67455000	      6646	80006334	036de133	rem	x2,x27,x22	 x27:0x00000543 x22:0xffffffff  x2=0x00000000
       67465000	      6647	80006338	0d55	c.addi	x26,21	 x26:0x9a7511d4 x26=0x9a7511e9
       67475000	      6648	8000633a	01ba66b3	or	x13,x20,x27	 x20:0x80025ce4 x27:0x00000543 x13=0x80025de7
       67485000	      6649	8000633e	3c1d0293	addi	x5,x26,961	 x26:0x9a7511e9  x5=0x9a7515aa
       67525000	      6653	80006342	03c72a33	mulhsu	x20,x14,x28	 x14:0x19f16330 x28:0x80021e34 x20=0x0cf8e88a
       67535000	      6654	80006346	0001	c.addi	x0,0	  x0:0x00000000  x0=0x00000000
       67545000	      6655	80006348	1190	c.addi4spn	x12,x2,224	 x12=0x000000e0
       67555000	      6656	8000634a	8f01	c.sub	x14,x8	 x14:0x19f16330  x8:0xffffffaf x14=0x19f16381
       67565000	      6657	8000634c	8aa5	c.andi	x13,9	 x13:0x80025de7 x13=0x00000001
       67935000	      6694	8000634e	031cdfb3	divu	x31,x25,x17	 x25:0x00000000 x17:0xfffffffe x31=0x00000000
       67975000	      6698	80006352	024c19b3	mulh	x19,x24,x4	 x24:0x00000000  x4:0x00000000 x19=0x00000000
       67985000	      6699	80006356	0000100f	fence.i	
       68015000	      6702	8000635a	3408e973	csrrsi	x18,mscratch,17	 x18=0x80025ced
       68025000	      6703	8000635e	fa4d2a97	auipc	x21,0xfa4d2	 x21=0x7a4d835e
       68035000	      6704	80006362	013e5a63	bge	x28,x19,80006376	 x28:0x80021e34 x19:0x00000000
       68045000	      6705	80006366	340ce1f3	csrrsi	x3,mscratch,25	  x3=0x80025cfd
       68055000	      6706	8000636a	00a3ac33	slt	x24,x7,x10	  x7:0x80000000 x10:0xffd55557 x24=0x00000001
       68095000	      6710	8000636e	031db233	mulhu	x4,x27,x17	 x27:0x00000543 x17:0xfffffffe  x4=0x00000542
       68105000	      6711	80006372	41e85693	srai	x13,x16,0x1e	 x16:0x7cf4d30e x13=0x00000001
       68475000	      6748	80006376	026cc533	div	x10,x25,x6	 x25:0x00000000  x6:0x000000a2 x10=0x00000000
       68485000	      6749	8000637a	0001	c.addi	x0,0	  x0:0x00000000  x0=0x00000000
       68495000	      6750	8000637c	0f00	c.addi4spn	x8,x2,912	  x8=0x00000390
       68505000	      6751	8000637e	8e3d	c.xor	x12,x15	 x12:0x000000e0 x15:0x80025ce4 x12=0x80025c04
       68515000	      6752	80006380	99c2	c.add	x19,x16	 x19:0x00000000 x16:0x7cf4d30e x19=0x7cf4d30e
       68545000	      6755	80006382	02d28033	mul	x0,x5,x13	  x5:0x9a7515aa x13:0x00000001  x0=0x00000000
       68555000	      6756	80006386	8c01	c.sub	x8,x8	  x8:0x00000390  x8:0x00000390  x8=0x00000000
       68565000	      6757	80006388	00891113	slli	x2,x18,0x8	 x18:0x80025ced  x2=0x025ced00
       68575000	      6758	8000638c	00ad7bb3	and	x23,x26,x10	 x26:0x9a7511e9 x10:0x00000000 x23=0x00000000
       68585000	      6759	80006390	8ce5	c.and	x9,x9	  x9:0x00000000  x9:0x00000000  x9=0x00000000
       68595000	      6760	80006392	00a4db13	srli	x22,x9,0xa	  x9:0x00000000 x22=0x00000000
       68605000	      6761	80006396	41138c33	sub	x24,x7,x17	  x7:0x80000000 x17:0xfffffffe x24=0x80000002
       68615000	      6762	8000639a	40cb02b3	sub	x5,x22,x12	 x22:0x00000000 x12:0x80025c04  x5=0x7ffda3fc
       68625000	      6763	8000639e	8349	c.srli	x14,0x12	 x14:0x19f16381 x14=0x0000067c
       68635000	      6764	800063a0	01f0f8b3	and	x17,x1,x31	  x1:0x00003000 x31:0x00000000 x17=0x00000000
       68645000	      6765	800063a4	00d3bf33	sltu	x30,x7,x13	  x7:0x80000000 x13:0x00000001 x30=0x00000000
       68655000	      6766	800063a8	6161	c.addi16sp	x2,80	  x2:0x025ced00  x2=0x025ced50
       68665000	      6767	800063aa	981e	c.add	x16,x7	 x16:0x7cf4d30e  x7:0x80000000 x16=0xfcf4d30e
       68675000	      6768	800063ac	c9b93093	sltiu	x1,x18,-869	 x18:0x80025ced  x1=0x00000001
       68685000	      6769	800063b0	539cfe93	andi	x29,x25,1337	 x25:0x00000000 x29=0x00000000
       68695000	      6770	800063b4	01c69293	slli	x5,x13,0x1c	 x13:0x00000001  x5=0x10000000
       68705000	      6771	800063b8	0001	c.addi	x0,0	  x0:0x00000000  x0=0x00000000
       68715000	      6772	800063ba	8ee1	c.and	x13,x8	 x13:0x00000001  x8:0x00000000 x13=0x00000000
       68725000	      6773	800063bc	409d5c93	srai	x25,x26,0x9	 x26:0x9a7511e9 x25=0xffcd3a88
       68735000	      6774	800063c0	00719263	bne	x3,x7,800063c4	  x3:0x80025cfd  x7:0x80000000
       68755000	      6776	800063c4	04994493	xori	x9,x18,73	 x18:0x80025ced  x9=0x80025ca4
       68765000	      6777	800063c8	0ff0000f	fence	iorw,iorw	
       68775000	      6778	800063cc	340375f3	csrrci	x11,mscratch,6	 x11=0x80025cfd
       68785000	      6779	800063d0	03f69763	bne	x13,x31,800063fe	 x13:0x00000000 x31:0x00000000
       68795000	      6780	800063d4	9642	c.add	x12,x16	 x12:0x80025c04 x16:0xfcf4d30e x12=0x7cf72f12
       68805000	      6781	800063d6	615d	c.addi16sp	x2,432	  x2:0x025ced50  x2=0x025cef00
       68815000	      6782	800063d8	0389f963	bgeu	x19,x24,8000640a	 x19:0x7cf4d30e x24:0x80000002
       68845000	      6785	800063dc	031f84b3	mul	x9,x31,x17	 x31:0x00000000 x17:0x00000000  x9=0x00000000
       68885000	      6789	800063e0	0394af33	mulhsu	x30,x9,x25	  x9:0x00000000 x25:0xffcd3a88 x30=0x00000000
       68895000	      6790	800063e4	401bd1b3	sra	x3,x23,x1	 x23:0x00000000  x1:0x00000001  x3=0x00000000
       68905000	      6791	800063e8	b0a84b93	xori	x23,x16,-1270	 x16:0xfcf4d30e x23=0x030b2804
       68915000	      6792	800063ec	8c31	c.xor	x8,x12	  x8:0x00000000 x12:0x7cf72f12  x8=0x7cf72f12
       68925000	      6793	800063ee	01bb5293	srli	x5,x22,0x1b	 x22:0x00000000  x5=0x00000000
       68935000	      6794	800063f2	41865813	srai	x16,x12,0x18	 x12:0x7cf72f12 x16=0x0000007c
       68945000	      6795	800063f6	00796363	bltu	x18,x7,800063fc	 x18:0x80025ced  x7:0x80000000
       68955000	      6796	800063fa	0001	c.addi	x0,0	  x0:0x00000000  x0=0x00000000
       68965000	      6797	800063fc	8c09	c.sub	x8,x10	  x8:0x7cf72f12 x10:0x00000000  x8=0x7cf72f12
       69335000	      6834	800063fe	03327633	remu	x12,x4,x19	  x4:0x00000542 x19:0x7cf4d30e x12=0x00000542
       69345000	      6835	80006402	0ff0000f	fence	iorw,iorw	
       69355000	      6836	80006406	3ad22b13	slti	x22,x4,941	  x4:0x00000542 x22=0x00000000
       69365000	      6837	8000640a	c1a9	c.beqz	x11,8000644c	 x11:0x80025cfd
       69375000	      6838	8000640c	0ff0000f	fence	iorw,iorw	
       69385000	      6839	80006410	1898	c.addi4spn	x14,x2,112	 x14=0x025cef70
       69395000	      6840	80006412	00486eb3	or	x29,x16,x4	 x16:0x0000007c  x4:0x00000542 x29=0x0000057e
       69405000	      6841	80006416	e511	c.bnez	x10,80006422	 x10:0x00000000
       69415000	      6842	80006418	587d	c.li	x16,-1	 x16=0xffffffff
       69425000	      6843	8000641a	ea882293	slti	x5,x16,-344	 x16:0xffffffff  x5=0x00000000
       69435000	      6844	8000641e	41615813	srai	x16,x2,0x16	  x2:0x025cef00 x16=0x00000009
       69445000	      6845	80006422	8e1d	c.sub	x12,x15	 x12:0x00000542 x15:0x80025ce4 x12=0x7ffda85e
       69455000	      6846	80006424	b7973d13	sltiu	x26,x14,-1159	 x14:0x025cef70 x26=0x00000001
       69465000	      6847	80006428	340035f3	csrrc	x11,mscratch,x0	  x0:0x00000000 x11=0x80025cf9
       69475000	      6848	8000642c	0ff0000f	fence	iorw,iorw	
       69485000	      6849	80006430	8b86	c.mv	x23,x1	  x0:0x00000000  x1:0x00000001 x23=0x00000001
       69495000	      6850	80006432	04c51363	bne	x10,x12,80006478	 x10:0x00000000 x12:0x7ffda85e
       69515000	      6852	80006478	8e5d	c.or	x12,x15	 x12:0x7ffda85e x15:0x80025ce4 x12=0xfffffcfe
       69525000	      6853	8000647a	00ae1563	bne	x28,x10,80006484	 x28:0x80021e34 x10:0x00000000
       69545000	      6855	80006484	0001	c.addi	x0,0	  x0:0x00000000  x0=0x00000000
       69555000	      6856	80006486	00198bb3	add	x23,x19,x1	 x19:0x7cf4d30e  x1:0x00000001 x23=0x7cf4d30f
       69595000	      6860	8000648a	03dcb4b3	mulhu	x9,x25,x29	 x25:0xffcd3a88 x29:0x0000057e  x9=0x0000057c
       69605000	      6861	8000648e	009c9a93	slli	x21,x25,0x9	 x25:0xffcd3a88 x21=0x9a751000
       69615000	      6862	80006492	30cd4f93	xori	x31,x26,780	 x26:0x00000001 x31=0x0000030d
       69625000	      6863	80006496	0001	c.addi	x0,0	  x0:0x00000000  x0=0x00000000
       69635000	      6864	80006498	6161	c.addi16sp	x2,80	  x2:0x025cef00  x2=0x025cef50
       69645000	      6865	8000649a	01ba4433	xor	x8,x20,x27	 x20:0x0cf8e88a x27:0x00000543  x8=0x0cf8edc9
       69655000	      6866	8000649e	03dbe063	bltu	x23,x29,800064be	 x23:0x7cf4d30f x29:0x0000057e
       69665000	      6867	800064a2	c21a0d13	addi	x26,x20,-991	 x20:0x0cf8e88a x26=0x0cf8e4ab
       69675000	      6868	800064a6	01cf8733	add	x14,x31,x28	 x31:0x0000030d x28:0x80021e34 x14=0x80022141
       69685000	      6869	800064aa	0ff0000f	fence	iorw,iorw	
       69705000	      6871	800064ae	02a1c133	div	x2,x3,x10	  x3:0x00000000 x10:0x00000000  x2=0xffffffff
       69715000	      6872	800064b2	0000100f	fence.i	
       69745000	      6875	800064b6	34071273	csrrw	x4,mscratch,x14	 x14:0x80022141  x4=0x80025cf9
       69765000	      6877	800064ba	020ff2b3	remu	x5,x31,x0	 x31:0x0000030d  x0:0x00000000  x5=0x0000030d
       69775000	      6878	800064be	6b6bfc93	andi	x25,x23,1718	 x23:0x7cf4d30f x25=0x00000206
       69795000	      6880	800064c2	02344db3	div	x27,x8,x3	  x8:0x0cf8edc9  x3:0x00000000 x27=0xffffffff
       69805000	      6881	800064c6	cd1d	c.beqz	x10,80006504	 x10:0x00000000
       69825000	      6883	80006504	0155d213	srli	x4,x11,0x15	 x11:0x80025cf9  x4=0x00000400
       69835000	      6884	80006508	64d9	c.lui	x9,0x16	  x9=0x00016000
       69845000	      6885	8000650a	017a	c.slli	x2,0x1e	  x2:0xffffffff  x2=0xc0000000
       69855000	      6886	8000650c	0001	c.addi	x0,0	  x0:0x00000000  x0=0x00000000
       69865000	      6887	8000650e	8f49	c.or	x14,x10	 x14:0x80022141 x10:0x00000000 x14=0x80022141
       69875000	      6888	80006510	86b9	c.srai	x13,0xe	 x13:0x00000000 x13=0x00000000
       69915000	      6892	80006512	02781733	mulh	x14,x16,x7	 x16:0x00000009  x7:0x80000000 x14=0xfffffffb
       69925000	      6893	80006516	5ada2a13	slti	x20,x20,1453	 x20:0x0cf8e88a x20=0x00000000
       69935000	      6894	8000651a	01a1ea63	bltu	x3,x26,8000652e	  x3:0x00000000 x26:0x0cf8e4ab
       69965000	      6897	8000652e	cc2a4a13	xori	x20,x20,-830	 x20:0x00000000 x20=0xfffffcc2
       69975000	      6898	80006532	8cdd	c.or	x9,x15	  x9:0x00016000 x15:0x80025ce4  x9=0x80037ce4
       69985000	      6899	80006534	a636a817	auipc	x16,0xa636a	 x16=0x26370534
       70355000	      6936	80006538	027564b3	rem	x9,x10,x7	 x10:0x00000000  x7:0x80000000  x9=0x00000000
       70365000	      6937	8000653c	69a40e93	addi	x29,x8,1690	  x8:0x0cf8edc9 x29=0x0cf8f463
       70405000	      6941	80006540	02641f33	mulh	x30,x8,x6	  x8:0x0cf8edc9  x6:0x000000a2 x30=0x00000008
       70415000	      6942	80006544	98ee	c.add	x17,x27	 x17:0x00000000 x27:0xffffffff x17=0xffffffff
       70445000	      6945	80006546	036a8033	mul	x0,x21,x22	 x21:0x9a751000 x22:0x00000000  x0=0x00000000
       70455000	      6946	8000654a	6aa9	c.lui	x21,0xa	 x21=0x0000a000
       70465000	      6947	8000654c	11fd	c.addi	x3,-1	  x3:0x00000000  x3=0xffffffff
       70475000	      6948	8000654e	94d6	c.add	x9,x21	  x9:0x00000000 x21:0x0000a000  x9=0x0000a000
       70485000	      6949	80006550	340496f3	csrrw	x13,mscratch,x9	  x9:0x0000a000 x13=0x80022141
       70495000	      6950	80006554	8e15	c.sub	x12,x13	 x12:0xfffffcfe x13:0x80022141 x12=0x7ffddbbd
       70505000	      6951	80006556	017196b3	sll	x13,x3,x23	  x3:0xffffffff x23:0x7cf4d30f x13=0xffff8000
       70515000	      6952	8000655a	00646133	or	x2,x8,x6	  x8:0x0cf8edc9  x6:0x000000a2  x2=0x0cf8edeb
       70525000	      6953	8000655e	3404ebf3	csrrsi	x23,mscratch,9	 x23=0x0000a000
       70535000	      6954	80006562	4071dd93	srai	x27,x3,0x7	  x3:0xffffffff x27=0xffffffff
       70545000	      6955	80006566	858d	c.srai	x11,0x3	 x11:0x80025cf9 x11=0xf0004b9f
       70555000	      6956	80006568	4ce8cc13	xori	x24,x17,1230	 x17:0xffffffff x24=0xfffffb31
       70565000	      6957	8000656c	968f6113	ori	x2,x30,-1688	 x30:0x00000008  x2=0xfffff968
       70575000	      6958	80006570	69cd	c.lui	x19,0x13	 x19=0x00013000
       70585000	      6959	80006572	009941b3	xor	x3,x18,x9	 x18:0x80025ced  x9:0x0000a000  x3=0x8002fced
       70595000	      6960	80006576	88e9	c.andi	x9,26	  x9:0x0000a000  x9=0x00000000
       70965000	      6997	80006578	03aa5fb3	divu	x31,x20,x26	 x20:0xfffffcc2 x26:0x0cf8e4ab x31=0x00000013
       70975000	      6998	8000657c	6169	c.addi16sp	x2,208	  x2:0xfffff968  x2=0xfffffa38
       70985000	      6999	8000657e	340bd273	csrrwi	x4,mscratch,23	  x4=0x0000a009
       70995000	      7000	80006582	696e0a93	addi	x21,x28,1686	 x28:0x80021e34 x21=0x800224ca
       71005000	      7001	80006586	0e84	c.addi4spn	x9,x2,848	  x9=0xfffffd88
       71015000	      7002	80006588	40695193	srai	x3,x18,0x6	 x18:0x80025ced  x3=0xfe000973
       71025000	      7003	8000658c	84c5	c.srai	x9,0x11	  x9:0xfffffd88  x9=0xffffffff
       71035000	      7004	8000658e	01fb7833	and	x16,x22,x31	 x22:0x00000000 x31:0x00000013 x16=0x00000000
       71045000	      7005	80006592	340e1673	csrrw	x12,mscratch,x28	 x28:0x80021e34 x12=0x00000017
       71055000	      7006	80006596	5ffd	c.li	x31,-1	 x31=0xffffffff
       71065000	      7007	80006598	0001	c.addi	x0,0	  x0:0x00000000  x0=0x00000000
       71075000	      7008	8000659a	404edbb3	sra	x23,x29,x4	 x29:0x0cf8f463  x4:0x0000a009 x23=0x00067c7a
       71085000	      7009	8000659e	841d	c.srai	x8,0x7	  x8:0x0cf8edc9  x8=0x0019f1db
       71095000	      7010	800065a0	86a1	c.srai	x13,0x8	 x13:0xffff8000 x13=0xffffff80
       71465000	      7047	800065a2	03d548b3	div	x17,x10,x29	 x10:0x00000000 x29:0x0cf8f463 x17=0x00000000
       71475000	      7048	800065a6	340d15f3	csrrw	x11,mscratch,x26	 x26:0x0cf8e4ab x11=0x80021e34
       71485000	      7049	800065aa	340db973	csrrc	x18,mscratch,x27	 x27:0xffffffff x18=0x0cf8e4ab
       71495000	      7050	800065ae	9104c413	xori	x8,x9,-1776	  x9:0xffffffff  x8=0x000006ef
       71505000	      7051	800065b2	40085613	srai	x12,x16,0x0	 x16:0x00000000 x12=0x00000000
       71515000	      7052	800065b6	41c5d413	srai	x8,x11,0x1c	 x11:0x80021e34  x8=0xfffffff8
       71525000	      7053	800065ba	8a21	c.andi	x12,8	 x12:0x00000000 x12=0x00000000
       71535000	      7054	800065bc	014e2a33	slt	x20,x28,x20	 x28:0x80021e34 x20:0xfffffcc2 x20=0x00000001
       71545000	      7055	800065c0	9dce	c.add	x27,x19	 x27:0xffffffff x19:0x00013000 x27=0x00012fff
       71555000	      7056	800065c2	220fa593	slti	x11,x31,544	 x31:0xffffffff x11=0x00000001
       71565000	      7057	800065c6	8c59	c.or	x8,x14	  x8:0xfffffff8 x14:0xfffffffb  x8=0xfffffffb
       71575000	      7058	800065c8	01d7ddb3	srl	x27,x15,x29	 x15:0x80025ce4 x29:0x0cf8f463 x27=0x10004b9c
       71585000	      7059	800065cc	002e29b3	slt	x19,x28,x2	 x28:0x80021e34  x2:0xfffffa38 x19=0x00000001
       71595000	      7060	800065d0	00c5b1b3	sltu	x3,x11,x12	 x11:0x00000001 x12:0x00000000  x3=0x00000000
       71605000	      7061	800065d4	8291	c.srli	x13,0x4	 x13:0xffffff80 x13=0x0ffffff8
       71615000	      7062	800065d6	0e08	c.addi4spn	x10,x2,784	 x10=0xfffffd48
       71625000	      7063	800065d8	019b66b3	or	x13,x22,x25	 x22:0x00000000 x25:0x00000206 x13=0x00000206
       71635000	      7064	800065dc	006bdeb3	srl	x29,x23,x6	 x23:0x00067c7a  x6:0x000000a2 x29=0x00019f1e
       71645000	      7065	800065e0	7d3bfe93	andi	x29,x23,2003	 x23:0x00067c7a x29=0x00000452
       71655000	      7066	800065e4	0001	c.addi	x0,0	  x0:0x00000000  x0=0x00000000
       71665000	      7067	800065e6	40b25e93	srai	x29,x4,0xb	  x4:0x0000a009 x29=0x00000014
       71675000	      7068	800065ea	8f51	c.or	x14,x12	 x14:0xfffffffb x12:0x00000000 x14=0xfffffffb
       71685000	      7069	800065ec	340071f3	csrrci	x3,mscratch,0	  x3=0x00000000
       71695000	      7070	800065f0	8dbd	c.xor	x11,x15	 x11:0x00000001 x15:0x80025ce4 x11=0x80025ce5
       71705000	      7071	800065f2	8ca1	c.xor	x9,x8	  x9:0xffffffff  x8:0xfffffffb  x9=0x00000004
       71715000	      7072	800065f4	01bb20b3	slt	x1,x22,x27	 x22:0x00000000 x27:0x10004b9c  x1=0x00000001
       71725000	      7073	800065f8	8a55	c.andi	x12,21	 x12:0x00000000 x12=0x00000000
       71735000	      7074	800065fa	0be6	c.slli	x23,0x19	 x23:0x00067c7a x23=0xf4000000
       71775000	      7078	800065fc	020114b3	mulh	x9,x2,x0	  x2:0xfffffa38  x0:0x00000000  x9=0x00000000
       71785000	      7079	80006600	00238a63	beq	x7,x2,80006614	  x7:0x80000000  x2:0xfffffa38
       71795000	      7080	80006604	831f51b7	lui	x3,0x831f5	  x3=0x831f5000
       71805000	      7081	80006608	340ddc73	csrrwi	x24,mscratch,27	 x24=0x00000000
       71845000	      7085	8000660c	0346a4b3	mulhsu	x9,x13,x20	 x13:0x00000206 x20:0x00000001  x9=0x00000000
       71855000	      7086	80006610	bdcba193	slti	x3,x23,-1060	 x23:0xf4000000  x3=0x00000001
       71865000	      7087	80006614	aae46193	ori	x3,x8,-1362	  x8:0xfffffffb  x3=0xffffffff
       71875000	      7088	80006618	5afd	c.li	x21,-1	 x21=0xffffffff
       71885000	      7089	8000661a	0cd5	c.addi	x25,21	 x25:0x00000206 x25=0x0000021b
       71895000	      7090	8000661c	01171763	bne	x14,x17,8000662a	 x14:0xfffffffb x17:0x00000000
       71925000	      7093	8000662a	b2237293	andi	x5,x6,-1246	  x6:0x000000a2  x5=0x00000022
       71935000	      7094	8000662e	0cae	c.slli	x25,0xb	 x25:0x0000021b x25=0x0010d800
       71945000	      7095	80006630	001e5113	srli	x2,x28,0x1	 x28:0x80021e34  x2=0x40010f1a
       71955000	      7096	80006634	01b56363	bltu	x10,x27,8000663a	 x10:0xfffffd48 x27:0x10004b9c
       71965000	      7097	80006638	8511	c.srai	x10,0x4	 x10:0xfffffd48 x10=0xffffffd4
       71975000	      7098	8000663a	3408d773	csrrwi	x14,mscratch,17	 x14=0x0000001b
       71985000	      7099	8000663e	0000100f	fence.i	
       72015000	      7102	80006642	0010d013	srli	x0,x1,0x1	  x1:0x00000001  x0=0x00000000
       72025000	      7103	80006646	e159e293	ori	x5,x19,-491	 x19:0x00000001  x5=0xfffffe15
       72035000	      7104	8000664a	882d	c.andi	x8,11	  x8:0xfffffffb  x8=0x0000000b
       72045000	      7105	8000664c	8c5d	c.or	x8,x15	  x8:0x0000000b x15:0x80025ce4  x8=0x80025cef
       72415000	      7142	8000664e	0211d433	divu	x8,x3,x1	  x3:0xffffffff  x1:0x00000001  x8=0xffffffff
       72425000	      7143	80006652	9df12b13	slti	x22,x2,-1569	  x2:0x40010f1a x22=0x00000000
       72435000	      7144	80006656	c4f9c813	xori	x16,x19,-945	 x19:0x00000001 x16=0xfffffc4e
       72445000	      7145	8000665a	0001	c.addi	x0,0	  x0:0x00000000  x0=0x00000000
       72455000	      7146	8000665c	61914113	xori	x2,x2,1561	  x2:0x40010f1a  x2=0x40010903
       72465000	      7147	80006660	002ecfb3	xor	x31,x29,x2	 x29:0x00000014  x2:0x40010903 x31=0x40010917
       72475000	      7148	80006664	e216b613	sltiu	x12,x13,-479	 x13:0x00000206 x12=0x00000001
       72485000	      7149	80006668	01fb00b3	add	x1,x22,x31	 x22:0x00000000 x31:0x40010917  x1=0x40010917
       72515000	      7152	8000666c	02490cb3	mul	x25,x18,x4	 x18:0x0cf8e4ab  x4:0x0000a009 x25=0x03aaea03
       72525000	      7153	80006670	963a7513	andi	x10,x20,-1693	 x20:0x00000001 x10=0x00000001
       72895000	      7190	80006674	02ae4eb3	div	x29,x28,x10	 x28:0x80021e34 x10:0x00000001 x29=0x80021e34
       72905000	      7191	80006678	036c1b63	bne	x24,x22,800066ae	 x24:0x00000000 x22:0x00000000
       72915000	      7192	8000667c	340069f3	csrrsi	x19,mscratch,0	 x19=0x00000011
       72925000	      7193	80006680	9c1e3b13	sltiu	x22,x28,-1599	 x28:0x80021e34 x22=0x00000001
       72935000	      7194	80006684	3409d2f3	csrrwi	x5,mscratch,19	  x5=0x00000011
       72945000	      7195	80006688	01dd5093	srli	x1,x26,0x1d	 x26:0x0cf8e4ab  x1=0x00000000
       72955000	      7196	8000668c	00ae4833	xor	x16,x28,x10	 x28:0x80021e34 x10:0x00000001 x16=0x80021e35
       72965000	      7197	80006690	34001b73	csrrw	x22,mscratch,x0	  x0:0x00000000 x22=0x00000013
       72975000	      7198	80006694	8f35	c.xor	x14,x13	 x14:0x0000001b x13:0x00000206 x14=0x0000021d
       72985000	      7199	80006696	00491233	sll	x4,x18,x4	 x18:0x0cf8e4ab  x4:0x0000a009  x4=0xf1c95600
       72995000	      7200	8000669a	009140b3	xor	x1,x2,x9	  x2:0x40010903  x9:0x00000000  x1=0x40010903
       73005000	      7201	8000669e	0159e133	or	x2,x19,x21	 x19:0x00000011 x21:0xffffffff  x2=0xffffffff
       73015000	      7202	800066a2	014dd5b3	srl	x11,x27,x20	 x27:0x10004b9c x20:0x00000001 x11=0x080025ce
       73025000	      7203	800066a6	02625763	bge	x4,x6,800066d4	  x4:0xf1c95600  x6:0x000000a2
       73055000	      7206	800066aa	02600f33	mul	x30,x0,x6	  x0:0x00000000  x6:0x000000a2 x30=0x00000000
       73065000	      7207	800066ae	024c6263	bltu	x24,x4,800066d2	 x24:0x00000000  x4:0xf1c95600
       73085000	      7209	800066d2	8af5	c.andi	x13,29	 x13:0x00000206 x13=0x00000004
       73095000	      7210	800066d4	00eb6a63	bltu	x22,x14,800066e8	 x22:0x00000013 x14:0x0000021d
       73115000	      7212	800066e8	34002df3	csrrs	x27,mscratch,x0	  x0:0x00000000 x27=0x00000000
       73125000	      7213	800066ec	0249	c.addi	x4,18	  x4:0xf1c95600  x4=0xf1c95612
       73135000	      7214	800066ee	0001	c.addi	x0,0	  x0:0x00000000  x0=0x00000000
       73145000	      7215	800066f0	012adf63	bge	x21,x18,8000670e	 x21:0xffffffff x18:0x0cf8e4ab
       73155000	      7216	800066f4	3404d4f3	csrrwi	x9,mscratch,9	  x9=0x00000000
       73165000	      7217	800066f8	0ff0000f	fence	iorw,iorw	
       73175000	      7218	800066fc	8dc9	c.or	x11,x10	 x11:0x080025ce x10:0x00000001 x11=0x080025cf
       73185000	      7219	800066fe	0252ff93	andi	x31,x5,37	  x5:0x00000011 x31=0x00000001
       73195000	      7220	80006702	0049ceb3	xor	x29,x19,x4	 x19:0x00000011  x4:0xf1c95612 x29=0xf1c95603
       73205000	      7221	80006706	01cead33	slt	x26,x29,x28	 x29:0xf1c95603 x28:0x80021e34 x26=0x00000000
       73215000	      7222	8000670a	c5f0e913	ori	x18,x1,-929	  x1:0x40010903 x18=0xfffffd5f
       73225000	      7223	8000670e	8275	c.srli	x12,0x1d	 x12:0x00000001 x12=0x00000000
       73235000	      7224	80006710	02faea63	bltu	x21,x15,80006744	 x21:0xffffffff x15:0x80025ce4
       73245000	      7225	80006714	0f79	c.addi	x30,30	 x30:0x00000000 x30=0x0000001e
       73255000	      7226	80006716	14562137	lui	x2,0x14562	  x2=0x14562000
       73295000	      7230	8000671a	03101db3	mulh	x27,x0,x17	  x0:0x00000000 x17:0x00000000 x27=0x00000000
       73305000	      7231	8000671e	34002973	csrrs	x18,mscratch,x0	  x0:0x00000000 x18=0x00000009
       73315000	      7232	80006722	01ee8233	add	x4,x29,x30	 x29:0xf1c95603 x30:0x0000001e  x4=0xf1c95621
       73345000	      7235	80006726	03a28233	mul	x4,x5,x26	  x5:0x00000011 x26:0x00000000  x4=0x00000000
       73355000	      7236	8000672a	02151c63	bne	x10,x1,80006762	 x10:0x00000001  x1:0x40010903
       73385000	      7239	80006762	0000100f	fence.i	
       73415000	      7242	80006766	3408eff3	csrrsi	x31,mscratch,17	 x31=0x00000009
       73425000	      7243	8000676a	8f61	c.and	x14,x8	 x14:0x0000021d  x8:0xffffffff x14=0x0000021d
       73435000	      7244	8000676c	019d9a13	slli	x20,x27,0x19	 x27:0x00000000 x20=0x00000000
       73445000	      7245	80006770	0ff0000f	fence	iorw,iorw	
       73455000	      7246	80006774	e331	c.bnez	x14,800067b8	 x14:0x0000021d
       73475000	      7248	800067b8	0001	c.addi	x0,0	  x0:0x00000000  x0=0x00000000
       73485000	      7249	800067ba	00c8fdb3	and	x27,x17,x12	 x17:0x00000000 x12:0x00000000 x27=0x00000000
       73495000	      7250	800067be	000ea833	slt	x16,x29,x0	 x29:0xf1c95603  x0:0x00000000 x16=0x00000001
       73505000	      7251	800067c2	734ec693	xori	x13,x29,1844	 x29:0xf1c95603 x13=0xf1c95137
       73515000	      7252	800067c6	011faf33	slt	x30,x31,x17	 x31:0x00000009 x17:0x00000000 x30=0x00000000
       73525000	      7253	800067ca	00002b33	slt	x22,x0,x0	  x0:0x00000000  x0:0x00000000 x22=0x00000000
       73535000	      7254	800067ce	8715	c.srai	x14,0x5	 x14:0x0000021d x14=0x00000010
       73545000	      7255	800067d0	ec806c13	ori	x24,x0,-312	  x0:0x00000000 x24=0xfffffec8
       73555000	      7256	800067d4	01dcdd63	bge	x25,x29,800067ee	 x25:0x03aaea03 x29:0xf1c95603
       73585000	      7259	800067ee	340cd8f3	csrrwi	x17,mscratch,25	 x17=0x00000019
       73595000	      7260	800067f2	0ff0000f	fence	iorw,iorw	
       73605000	      7261	800067f6	5e49eeb7	lui	x29,0x5e49e	 x29=0x5e49e000
       73615000	      7262	800067fa	018e85b3	add	x11,x29,x24	 x29:0x5e49e000 x24:0xfffffec8 x11=0x5e49dec8
       73625000	      7263	800067fe	0996	c.slli	x19,0x5	 x19:0x00000011 x19=0x00000220
       73995000	      7300	80006800	030b6833	rem	x16,x22,x16	 x22:0x00000000 x16:0x00000001 x16=0x00000000
       74005000	      7301	80006804	34001473	csrrw	x8,mscratch,x0	  x0:0x00000000  x8=0x00000019
       74015000	      7302	80006808	9fca	c.add	x31,x18	 x31:0x00000009 x18:0x00000009 x31=0x00000012
       74025000	      7303	8000680a	8d7d	c.and	x10,x15	 x10:0x00000001 x15:0x80025ce4 x10=0x00000000
       74035000	      7304	8000680c	8e4d	c.or	x12,x11	 x12:0x00000000 x11:0x5e49dec8 x12=0x5e49dec8
       74045000	      7305	8000680e	a4715237	lui	x4,0xa4715	  x4=0xa4715000
       74055000	      7306	80006812	c585	c.beqz	x11,8000683a	 x11:0x5e49dec8
       74065000	      7307	80006814	8db1	c.xor	x11,x12	 x11:0x5e49dec8 x12:0x5e49dec8 x11=0x00000000
       74075000	      7308	80006816	0001	c.addi	x0,0	  x0:0x00000000  x0=0x00000000
       74085000	      7309	80006818	00e84563	blt	x16,x14,80006822	 x16:0x00000000 x14:0x00000010
       74105000	      7311	80006822	cd19	c.beqz	x10,80006840	 x10:0x00000000
       74125000	      7313	80006840	6405	c.lui	x8,0x1	  x8=0x00001000
       74135000	      7314	80006842	c885	c.beqz	x9,80006872	  x9:0x00000000
       74155000	      7316	80006872	6eb5	c.lui	x29,0xd	 x29=0x0000d000
       74165000	      7317	80006874	340b7bf3	csrrci	x23,mscratch,22	 x23=0x00000000
       74175000	      7318	80006878	0ff0000f	fence	iorw,iorw	
       74185000	      7319	8000687c	00d94a33	xor	x20,x18,x13	 x18:0x00000009 x13:0xf1c95137 x20=0xf1c9513e
       74195000	      7320	80006880	00ccd963	bge	x25,x12,80006892	 x25:0x03aaea03 x12:0x5e49dec8
       74205000	      7321	80006884	34006d73	csrrsi	x26,mscratch,0	 x26=0x00000000
       74215000	      7322	80006888	34025173	csrrwi	x2,mscratch,4	  x2=0x00000000
       74225000	      7323	8000688c	9adae217	auipc	x4,0x9adae	  x4=0x1adb488c
       74235000	      7324	80006890	8c89	c.sub	x9,x10	  x9:0x00000000 x10:0x00000000  x9=0x00000000
       74245000	      7325	80006892	8ea5	c.xor	x13,x9	 x13:0xf1c95137  x9:0x00000000 x13=0xf1c95137
       74255000	      7326	80006894	01f64b33	xor	x22,x12,x31	 x12:0x5e49dec8 x31:0x00000012 x22=0x5e49deda
       74265000	      7327	80006898	41cf0b33	sub	x22,x30,x28	 x30:0x00000000 x28:0x80021e34 x22=0x7ffde1cc
       74275000	      7328	8000689c	0153bdb3	sltu	x27,x7,x21	  x7:0x80000000 x21:0xffffffff x27=0x00000001
       74285000	      7329	800068a0	8e3d	c.xor	x12,x15	 x12:0x5e49dec8 x15:0x80025ce4 x12=0xde4b822c
       74295000	      7330	800068a2	d46bcb13	xori	x22,x23,-698	 x23:0x00000000 x22=0xfffffd46
       74305000	      7331	800068a6	01de4263	blt	x28,x29,800068aa	 x28:0x80021e34 x29:0x0000d000
       74335000	      7334	800068aa	34006bf3	csrrsi	x23,mscratch,0	 x23=0x00000004
       74345000	      7335	800068ae	00b726b3	slt	x13,x14,x11	 x14:0x00000010 x11:0x00000000 x13=0x00000000
       74355000	      7336	800068b2	8a69	c.andi	x12,26	 x12:0xde4b822c x12=0x00000008
       74365000	      7337	800068b4	997d	c.andi	x10,-1	 x10:0x00000000 x10=0x00000000
       74735000	      7374	800068b6	03847db3	remu	x27,x8,x24	  x8:0x00001000 x24:0xfffffec8 x27=0x00001000
       74775000	      7378	800068ba	0230b6b3	mulhu	x13,x1,x3	  x1:0x40010903  x3:0xffffffff x13=0x40010902
       74785000	      7379	800068be	000abd33	sltu	x26,x21,x0	 x21:0xffffffff  x0:0x00000000 x26=0x00000000
       74795000	      7380	800068c2	018e40b3	xor	x1,x28,x24	 x28:0x80021e34 x24:0xfffffec8  x1=0x7ffde0fc
       74835000	      7384	800068c6	02f914b3	mulh	x9,x18,x15	 x18:0x00000009 x15:0x80025ce4  x9=0xfffffffb
       74845000	      7385	800068ca	3379f613	andi	x12,x19,823	 x19:0x00000220 x12=0x00000220
       74855000	      7386	800068ce	107cee93	ori	x29,x25,263	 x25:0x03aaea03 x29=0x03aaeb07
       74865000	      7387	800068d2	8e89	c.sub	x13,x10	 x13:0x40010902 x10:0x00000000 x13=0x40010902
       74875000	      7388	800068d4	013240b3	xor	x1,x4,x19	  x4:0x1adb488c x19:0x00000220  x1=0x1adb4aac
       74885000	      7389	800068d8	8d45	c.or	x10,x9	 x10:0x00000000  x9:0xfffffffb x10=0xfffffffb
       74895000	      7390	800068da	4ad7ed13	ori	x26,x15,1197	 x15:0x80025ce4 x26=0x80025ced
       74905000	      7391	800068de	0001	c.addi	x0,0	  x0:0x00000000  x0=0x00000000
       74915000	      7392	800068e0	8f19	c.sub	x14,x14	 x14:0x00000010 x14:0x00000010 x14=0x00000000
       74925000	      7393	800068e2	8e79	c.and	x12,x14	 x12:0x00000220 x14:0x00000000 x12=0x00000000
       74935000	      7394	800068e4	936a	c.add	x6,x26	  x6:0x000000a2 x26:0x80025ced  x6=0x80025d8f
       74945000	      7395	800068e6	950a3993	sltiu	x19,x20,-1712	 x20:0xf1c9513e x19=0x00000001
       74955000	      7396	800068ea	340dbb73	csrrc	x22,mscratch,x27	 x27:0x00001000 x22=0x00000004
       74965000	      7397	800068ee	0ff0000f	fence	iorw,iorw	
       74975000	      7398	800068f2	e091	c.bnez	x9,800068f6	  x9:0xfffffffb
       75005000	      7401	800068f6	34069c73	csrrw	x24,mscratch,x13	 x13:0x40010902 x24=0x00000004
       75375000	      7438	800068fa	029d7f33	remu	x30,x26,x9	 x26:0x80025ced  x9:0xfffffffb x30=0x80025ced
       75385000	      7439	800068fe	029ece63	blt	x29,x9,8000693a	 x29:0x03aaeb07  x9:0xfffffffb
       75395000	      7440	80006902	01ac9d13	slli	x26,x25,0x1a	 x25:0x03aaea03 x26=0x0c000000
       75415000	      7442	80006906	0204df33	divu	x30,x9,x0	  x9:0xfffffffb  x0:0x00000000 x30=0xffffffff
       75425000	      7443	8000690a	0980	c.addi4spn	x8,x2,208	  x8=0x000000d0
       75435000	      7444	8000690c	00987533	and	x10,x16,x9	 x16:0x00000000  x9:0xfffffffb x10=0x00000000
       75445000	      7445	80006910	34031af3	csrrw	x21,mscratch,x6	  x6:0x80025d8f x21=0x40010902
       75455000	      7446	80006914	340894f3	csrrw	x9,mscratch,x17	 x17:0x00000019  x9=0x80025d8f
       75825000	      7483	80006918	02774733	div	x14,x14,x7	 x14:0x00000000  x7:0x80000000 x14=0x00000000
       75835000	      7484	8000691c	117d	c.addi	x2,-1	  x2:0x00000000  x2=0xffffffff
       75875000	      7488	8000691e	03432133	mulhsu	x2,x6,x20	  x6:0x80025d8f x20:0xf1c9513e  x2=0x871d9350
       75885000	      7489	80006922	3fb80213	addi	x4,x16,1019	 x16:0x00000000  x4=0x000003fb
       75895000	      7490	80006926	0001	c.addi	x0,0	  x0:0x00000000  x0=0x00000000
       75905000	      7491	80006928	8929	c.andi	x10,10	 x10:0x00000000 x10=0x00000000
       75915000	      7492	8000692a	8432	c.mv	x8,x12	  x0:0x00000000 x12:0x00000000  x8=0x00000000
       75925000	      7493	8000692c	01d50733	add	x14,x10,x29	 x10:0x00000000 x29:0x03aaeb07 x14=0x03aaeb07
       75935000	      7494	80006930	34015c73	csrrwi	x24,mscratch,2	 x24=0x00000019
       75945000	      7495	80006934	015444b3	xor	x9,x8,x21	  x8:0x00000000 x21:0x40010902  x9=0x40010902
       75955000	      7496	80006938	cb05	c.beqz	x14,80006968	 x14:0x03aaeb07
       75965000	      7497	8000693a	00c0a633	slt	x12,x1,x12	  x1:0x1adb4aac x12:0x00000000 x12=0x00000000
       75975000	      7498	8000693e	0001	c.addi	x0,0	  x0:0x00000000  x0=0x00000000
       75985000	      7499	80006940	00114d33	xor	x26,x2,x1	  x2:0x871d9350  x1:0x1adb4aac x26=0x9dc6d9fc
       75995000	      7500	80006944	6119	c.addi16sp	x2,384	  x2:0x871d9350  x2=0x871d94d0
       76005000	      7501	80006946	41a6d593	srai	x11,x13,0x1a	 x13:0x40010902 x11=0x00000010
       76015000	      7502	8000694a	01cff933	and	x18,x31,x28	 x31:0x00000012 x28:0x80021e34 x18=0x00000010
       76025000	      7503	8000694e	0000100f	fence.i	
       76055000	      7506	80006952	7bb5cf93	xori	x31,x11,1979	 x11:0x00000010 x31=0x000007ab
       76065000	      7507	80006956	87a84113	xori	x2,x16,-1926	 x16:0x00000000  x2=0xfffff87a
       76075000	      7508	8000695a	340e3573	csrrc	x10,mscratch,x28	 x28:0x80021e34 x10=0x00000002
       76085000	      7509	8000695e	011cecb3	or	x25,x25,x17	 x25:0x03aaea03 x17:0x00000019 x25=0x03aaea1b
       76095000	      7510	80006962	cf68ec93	ori	x25,x17,-778	 x17:0x00000019 x25=0xfffffcff
       76105000	      7511	80006966	081a	c.slli	x16,0x6	 x16:0x00000000 x16=0x00000000
       76115000	      7512	80006968	01f49313	slli	x6,x9,0x1f	  x9:0x40010902  x6=0x00000000
       76125000	      7513	8000696c	01f66eb3	or	x29,x12,x31	 x12:0x00000000 x31:0x000007ab x29=0x000007ab
       76135000	      7514	80006970	6151	c.addi16sp	x2,272	  x2:0xfffff87a  x2=0xfffff98a
       76145000	      7515	80006972	014e7833	and	x16,x28,x20	 x28:0x80021e34 x20:0xf1c9513e x16=0x80001034
       76155000	      7516	80006976	340021f3	csrrs	x3,mscratch,x0	  x0:0x00000000  x3=0x00000002
       76165000	      7517	8000697a	086d	c.addi	x16,27	 x16:0x80001034 x16=0x8000104f
       76175000	      7518	8000697c	0001	c.addi	x0,0	  x0:0x00000000  x0=0x00000000
       76185000	      7519	8000697e	8f15	c.sub	x14,x13	 x14:0x03aaeb07 x13:0x40010902 x14=0xc3a9e205
       76195000	      7520	80006980	00cad813	srli	x16,x21,0xc	 x21:0x40010902 x16=0x00040010
       76205000	      7521	80006984	02926863	bltu	x4,x9,800069b4	  x4:0x000003fb  x9:0x40010902
       76225000	      7523	800069b4	8e4efa93	andi	x21,x29,-1820	 x29:0x000007ab x21=0x000000a0
       76235000	      7524	800069b8	8b4d	c.andi	x14,19	 x14:0xc3a9e205 x14=0x00000001
       76245000	      7525	800069ba	8c75	c.and	x8,x13	  x8:0x00000000 x13:0x40010902  x8=0x00000000
       76255000	      7526	800069bc	00ef6863	bltu	x30,x14,800069cc	 x30:0xffffffff x14:0x00000001
       76265000	      7527	800069c0	8526	c.mv	x10,x9	  x0:0x00000000  x9:0x40010902 x10=0x40010902
       76275000	      7528	800069c2	8665	c.srai	x12,0x19	 x12:0x00000000 x12=0x00000000
       76285000	      7529	800069c4	34002d73	csrrs	x26,mscratch,x0	  x0:0x00000000 x26=0x00000002
       76295000	      7530	800069c8	1b14	c.addi4spn	x13,x2,432	 x13=0xfffffb3a
       76305000	      7531	800069ca	0fe5	c.addi	x31,25	 x31:0x000007ab x31=0x000007c4
       76315000	      7532	800069cc	8e21	c.xor	x12,x8	 x12:0x00000000  x8:0x00000000 x12=0x00000000
       76325000	      7533	800069ce	e089	c.bnez	x9,800069d0	  x9:0x40010902
       76345000	      7535	800069d0	40068a33	sub	x20,x13,x0	 x13:0xfffffb3a  x0:0x00000000 x20=0xfffffb3a
       76715000	      7572	800069d4	02ddf133	remu	x2,x27,x13	 x27:0x00001000 x13:0xfffffb3a  x2=0x00001000
       76725000	      7573	800069d8	02438f63	beq	x7,x4,80006a16	  x7:0x80000000  x4:0x000003fb
       76755000	      7576	800069dc	034a0433	mul	x8,x20,x20	 x20:0xfffffb3a x20:0xfffffb3a  x8=0x0016c924
       76765000	      7577	800069e0	0244fb63	bgeu	x9,x4,80006a16	  x9:0x40010902  x4:0x000003fb
       76815000	      7582	80006a16	030c09b3	mul	x19,x24,x16	 x24:0x00000019 x16:0x00040010 x19=0x00640190
       76825000	      7583	80006a1a	2b720a13	addi	x20,x4,695	  x4:0x000003fb x20=0x000006b2
       76835000	      7584	80006a1e	02bee563	bltu	x29,x11,80006a48	 x29:0x000007ab x11:0x00000010
       76845000	      7585	80006a22	0000100f	fence.i	
       76875000	      7588	80006a26	003d8d63	beq	x27,x3,80006a40	 x27:0x00001000  x3:0x00000002
       76885000	      7589	80006a2a	34042673	csrrs	x12,mscratch,x8	  x8:0x0016c924 x12=0x00000002
       76895000	      7590	80006a2e	d5594c93	xori	x25,x18,-683	 x18:0x00000010 x25=0xfffffd45
       76905000	      7591	80006a32	6b29	c.lui	x22,0xa	 x22=0x0000a000
       76915000	      7592	80006a34	0ff0000f	fence	iorw,iorw	
       77285000	      7629	80006a38	03a950b3	divu	x1,x18,x26	 x18:0x00000010 x26:0x00000002  x1=0x00000008
       77295000	      7630	80006a3c	0000100f	fence.i	
       77315000	      7632	80006a40	34002073	csrrs	x0,mscratch,x0	  x0:0x00000000  x0=0x00000000
       77325000	      7633	80006a44	00131733	sll	x14,x6,x1	  x6:0x00000000  x1:0x00000008 x14=0x00000000
       77335000	      7634	80006a48	e899	c.bnez	x9,80006a5e	  x9:0x40010902
       77365000	      7637	80006a5e	340770f3	csrrci	x1,mscratch,14	  x1=0x0016c926
       77375000	      7638	80006a62	01493833	sltu	x16,x18,x20	 x18:0x00000010 x20:0x000006b2 x16=0x00000001
       77385000	      7639	80006a66	0001	c.addi	x0,0	  x0:0x00000000  x0=0x00000000
       77395000	      7640	80006a68	6119	c.addi16sp	x2,384	  x2:0x00001000  x2=0x00001180
       77405000	      7641	80006a6a	c099	c.beqz	x9,80006a70	  x9:0x40010902
       77415000	      7642	80006a6c	01bbd763	bge	x23,x27,80006a7a	 x23:0x00000004 x27:0x00001000
       77425000	      7643	80006a70	0ff0000f	fence	iorw,iorw	
       77435000	      7644	80006a74	340b94f3	csrrw	x9,mscratch,x23	 x23:0x00000004  x9=0x0016c920
       77445000	      7645	80006a78	6111	c.addi16sp	x2,256	  x2:0x00001180  x2=0x00001280
       77455000	      7646	80006a7a	0472	c.slli	x8,0x1c	  x8:0x0016c924  x8=0x40000000
       77465000	      7647	80006a7c	e205	c.bnez	x12,80006a9c	 x12:0x00000002
       77485000	      7649	80006a9c	340cd4f3	csrrwi	x9,mscratch,25	  x9=0x00000004
       77495000	      7650	80006aa0	6239	c.lui	x4,0xe	  x4=0x0000e000
       77535000	      7654	80006aa2	023cad33	mulhsu	x26,x25,x3	 x25:0xfffffd45  x3:0x00000002 x26=0xffffffff
       77545000	      7655	80006aa6	f408b493	sltiu	x9,x17,-192	 x17:0x00000019  x9=0x00000001
       77555000	      7656	80006aaa	0c10	c.addi4spn	x12,x2,528	 x12=0x00001490
       77565000	      7657	80006aac	01596833	or	x16,x18,x21	 x18:0x00000010 x21:0x000000a0 x16=0x000000b0
       77605000	      7661	80006ab0	0345af33	mulhsu	x30,x11,x20	 x11:0x00000010 x20:0x000006b2 x30=0x00000000
       77615000	      7662	80006ab4	b0aacc13	xori	x24,x21,-1270	 x21:0x000000a0 x24=0xfffffbaa
       77625000	      7663	80006ab8	001b5c13	srli	x24,x22,0x1	 x22:0x0000a000 x24=0x00005000
       77665000	      7667	80006abc	02883033	mulhu	x0,x16,x8	 x16:0x000000b0  x8:0x40000000  x0=0x00000000
       77675000	      7668	80006ac0	6809	c.lui	x16,0x2	 x16=0x00002000
       77685000	      7669	80006ac2	41985d33	sra	x26,x16,x25	 x16:0x00002000 x25:0xfffffd45 x26=0x00000100
       77695000	      7670	80006ac6	0194ea63	bltu	x9,x25,80006ada	  x9:0x00000001 x25:0xfffffd45
       77715000	      7672	80006ada	0001	c.addi	x0,0	  x0:0x00000000  x0=0x00000000
       77725000	      7673	80006adc	340a9973	csrrw	x18,mscratch,x21	 x21:0x000000a0 x18=0x00000019
       77765000	      7677	80006ae0	021925b3	mulhsu	x11,x18,x1	 x18:0x00000019  x1:0x0016c926 x11=0x00000000
       77775000	      7678	80006ae4	8c92	c.mv	x25,x4	  x0:0x00000000  x4:0x0000e000 x25=0x0000e000
       77785000	      7679	80006ae6	401ed713	srai	x14,x29,0x1	 x29:0x000007ab x14=0x000003d5
       77795000	      7680	80006aea	00c49d93	slli	x27,x9,0xc	  x9:0x00000001 x27=0x00001000
       77805000	      7681	80006aee	134f8c17	auipc	x24,0x134f8	 x24=0x934feaee
       78175000	      7718	80006af2	0242f633	remu	x12,x5,x4	  x5:0x00000011  x4:0x0000e000 x12=0x00000011
       78545000	      7755	80006af6	0307f833	remu	x16,x15,x16	 x15:0x80025ce4 x16:0x00002000 x16=0x00001ce4
       78555000	      7756	80006afa	90285137	lui	x2,0x90285	  x2=0x90285000
       78565000	      7757	80006afe	007664b3	or	x9,x12,x7	 x12:0x00000011  x7:0x80000000  x9=0x80000011
       78575000	      7758	80006b02	01ee8963	beq	x29,x30,80006b14	 x29:0x000007ab x30:0x00000000
       78585000	      7759	80006b06	e5a9	c.bnez	x11,80006b50	 x11:0x00000000
       78595000	      7760	80006b08	340bfdf3	csrrci	x27,mscratch,23	 x27=0x000000a0
       78605000	      7761	80006b0c	3406da73	csrrwi	x20,mscratch,13	 x20=0x000000a0
       78615000	      7762	80006b10	00e01813	slli	x16,x0,0xe	  x0:0x00000000 x16=0x00000000
       78625000	      7763	80006b14	00251733	sll	x14,x10,x2	 x10:0x40010902  x2:0x90285000 x14=0x40010902
       78635000	      7764	80006b18	4c0d	c.li	x24,3	 x24=0x00000003
       78645000	      7765	80006b1a	01c2dcb3	srl	x25,x5,x28	  x5:0x00000011 x28:0x80021e34 x25=0x00000000
       78655000	      7766	80006b1e	0032a033	slt	x0,x5,x3	  x5:0x00000011  x3:0x00000002  x0=0x00000000
       78685000	      7769	80006b22	02488633	mul	x12,x17,x4	 x17:0x00000019  x4:0x0000e000 x12=0x0015e000
       78695000	      7770	80006b26	3402d173	csrrwi	x2,mscratch,5	  x2=0x0000000d
       78725000	      7773	80006b2a	03b986b3	mul	x13,x19,x27	 x19:0x00640190 x27:0x000000a0 x13=0x3e80fa00
       78735000	      7774	80006b2e	00e57933	and	x18,x10,x14	 x10:0x40010902 x14:0x40010902 x18=0x40010902
       78745000	      7775	80006b32	00209f63	bne	x1,x2,80006b50	  x1:0x0016c926  x2:0x0000000d
       78765000	      7777	80006b50	6cb82193	slti	x3,x16,1739	 x16:0x00000000  x3=0x00000001
       78775000	      7778	80006b54	416858b3	sra	x17,x16,x22	 x16:0x00000000 x22:0x0000a000 x17=0x00000000
       78785000	      7779	80006b58	0001	c.addi	x0,0	  x0:0x00000000  x0=0x00000000
       78795000	      7780	80006b5a	8e59	c.or	x12,x14	 x12:0x0015e000 x14:0x40010902 x12=0x4015e902
       78835000	      7784	80006b5c	02b1a633	mulhsu	x12,x3,x11	  x3:0x00000001 x11:0x00000000 x12=0x00000000
       78845000	      7785	80006b60	0132fd63	bgeu	x5,x19,80006b7a	  x5:0x00000011 x19:0x00640190
       78855000	      7786	80006b64	eb19	c.bnez	x14,80006b7a	 x14:0x40010902
       78875000	      7788	80006b7a	8359	c.srli	x14,0x16	 x14:0x40010902 x14=0x00000100
       78885000	      7789	80006b7c	0170de63	bge	x1,x23,80006b98	  x1:0x0016c926 x23:0x00000004
       78905000	      7791	80006b98	8a8e	c.mv	x21,x3	  x0:0x00000000  x3:0x00000001 x21=0x00000001
       78915000	      7792	80006b9a	547d	c.li	x8,-1	  x8=0xffffffff
       78925000	      7793	80006b9c	8a89	c.andi	x13,2	 x13:0x3e80fa00 x13=0x00000000
       78935000	      7794	80006b9e	340bb4f3	csrrc	x9,mscratch,x23	 x23:0x00000004  x9=0x00000005
       78945000	      7795	80006ba2	90b4a313	slti	x6,x9,-1781	  x9:0x00000005  x6=0x00000000
       78955000	      7796	80006ba6	03404763	blt	x0,x20,80006bd4	  x0:0x00000000 x20:0x000000a0
       78975000	      7798	80006bd4	0580c463	blt	x1,x24,80006c1c	  x1:0x0016c926 x24:0x00000003
       79015000	      7802	80006bd8	03101433	mulh	x8,x0,x17	  x0:0x00000000 x17:0x00000000  x8=0x00000000
       79025000	      7803	80006bdc	1442b713	sltiu	x14,x5,324	  x5:0x00000011 x14=0x00000001
       79395000	      7840	80006be0	03a15833	divu	x16,x2,x26	  x2:0x0000000d x26:0x00000100 x16=0x00000000
       79405000	      7841	80006be4	40e1	c.li	x1,24	  x1=0x00000018
       79415000	      7842	80006be6	6139	c.addi16sp	x2,448	  x2:0x0000000d  x2=0x000001cd
       79425000	      7843	80006be8	01ed18b3	sll	x17,x26,x30	 x26:0x00000100 x30:0x00000000 x17=0x00000100
       79435000	      7844	80006bec	0ff0000f	fence	iorw,iorw	
       79445000	      7845	80006bf0	41b5dfb3	sra	x31,x11,x27	 x11:0x00000000 x27:0x000000a0 x31=0x00000000
       79455000	      7846	80006bf4	ed9d	c.bnez	x11,80006c32	 x11:0x00000000
       79465000	      7847	80006bf6	018e2233	slt	x4,x28,x24	 x28:0x80021e34 x24:0x00000003  x4=0x00000001
       79475000	      7848	80006bfa	340954f3	csrrwi	x9,mscratch,18	  x9=0x00000001
       79485000	      7849	80006bfe	03da0863	beq	x20,x29,80006c2e	 x20:0x000000a0 x29:0x000007ab
       79505000	      7851	80006c02	03f9dbb3	divu	x23,x19,x31	 x19:0x00640190 x31:0x00000000 x23=0xffffffff
       79515000	      7852	80006c06	008dfdb3	and	x27,x27,x8	 x27:0x000000a0  x8:0x00000000 x27=0x00000000
       79525000	      7853	80006c0a	8c72	c.mv	x24,x28	  x0:0x00000000 x28:0x80021e34 x24=0x80021e34
       79535000	      7854	80006c0c	002a1093	slli	x1,x20,0x2	 x20:0x000000a0  x1=0x00000280
       79545000	      7855	80006c10	0146ad33	slt	x26,x13,x20	 x13:0x00000000 x20:0x000000a0 x26=0x00000001
       79565000	      7857	80006c14	03985933	divu	x18,x16,x25	 x16:0x00000000 x25:0x00000000 x18=0xffffffff
       79575000	      7858	80006c18	0057d763	bge	x15,x5,80006c26	 x15:0x80025ce4  x5:0x00000011
       79585000	      7859	80006c1c	0352cd63	blt	x5,x21,80006c56	  x5:0x00000011 x21:0x00000001
       79955000	      7896	80006c20	03a7ffb3	remu	x31,x15,x26	 x15:0x80025ce4 x26:0x00000001 x31=0x00000000
       79965000	      7897	80006c24	071e	c.slli	x14,0x7	 x14:0x00000001 x14=0x00000080
       79975000	      7898	80006c26	0ac6	c.slli	x21,0x11	 x21:0x00000001 x21=0x00020000
       79985000	      7899	80006c28	0001	c.addi	x0,0	  x0:0x00000000  x0=0x00000000
       79995000	      7900	80006c2a	003ec733	xor	x14,x29,x3	 x29:0x000007ab  x3:0x00000001 x14=0x000007aa
       80005000	      7901	80006c2e	00bab033	sltu	x0,x21,x11	 x21:0x00020000 x11:0x00000000  x0=0x00000000
       80015000	      7902	80006c32	340f6473	csrrsi	x8,mscratch,30	  x8=0x00000012
       80385000	      7939	80006c36	023fe033	rem	x0,x31,x3	 x31:0x00000000  x3:0x00000001  x0=0x00000000
       80395000	      7940	80006c3a	003dd993	srli	x19,x27,0x3	 x27:0x00000000 x19=0x00000000
       80405000	      7941	80006c3e	ef01	c.bnez	x14,80006c56	 x14:0x000007aa
       80435000	      7944	80006c56	34006d73	csrrsi	x26,mscratch,0	 x26=0x0000001e
       80445000	      7945	80006c5a	00fa8b63	beq	x21,x15,80006c70	 x21:0x00020000 x15:0x80025ce4
       80455000	      7946	80006c5e	00de6463	bltu	x28,x13,80006c66	 x28:0x80021e34 x13:0x00000000
       80465000	      7947	80006c62	01849733	sll	x14,x9,x24	  x9:0x00000001 x24:0x80021e34 x14=0x00100000
       80495000	      7950	80006c66	03278c33	mul	x24,x15,x18	 x15:0x80025ce4 x18:0xffffffff x24=0x7ffda31c
       80505000	      7951	80006c6a	c108ee93	ori	x29,x17,-1008	 x17:0x00000100 x29=0xfffffd10
       80515000	      7952	80006c6e	8349	c.srli	x14,0x12	 x14:0x00100000 x14=0x00000004
       80525000	      7953	80006c70	000fab33	slt	x22,x31,x0	 x31:0x00000000  x0:0x00000000 x22=0x00000000
       80535000	      7954	80006c74	95fa	c.add	x11,x30	 x11:0x00000000 x30:0x00000000 x11=0x00000000
       80545000	      7955	80006c76	06366f93	ori	x31,x12,99	 x12:0x00000000 x31=0x00000063
       80555000	      7956	80006c7a	01d75db3	srl	x27,x14,x29	 x14:0x00000004 x29:0xfffffd10 x27=0x00000000
       80565000	      7957	80006c7e	13833513	sltiu	x10,x6,312	  x6:0x00000000 x10=0x00000001
       80575000	      7958	80006c82	000bd333	srl	x6,x23,x0	 x23:0xffffffff  x0:0x00000000  x6=0xffffffff
       80585000	      7959	80006c86	fb260113	addi	x2,x12,-78	 x12:0x00000000  x2=0xffffffb2
       80595000	      7960	80006c8a	455d	c.li	x10,23	 x10=0x00000017
       80605000	      7961	80006c8c	05f2	c.slli	x11,0x1c	 x11:0x00000000 x11=0x00000000
       80615000	      7962	80006c8e	872d	c.srai	x14,0xb	 x14:0x00000004 x14=0x00000000
       80625000	      7963	80006c90	8571	c.srai	x10,0x1c	 x10:0x00000017 x10=0x00000000
       80635000	      7964	80006c92	2fcd4a93	xori	x21,x26,764	 x26:0x0000001e x21=0x000002e2
       80645000	      7965	80006c96	615e1597	auipc	x11,0x615e1	 x11=0xe15e7c96
       80655000	      7966	80006c9a	408c5c33	sra	x24,x24,x8	 x24:0x7ffda31c  x8:0x00000012 x24=0x00001fff
       80665000	      7967	80006c9e	013960b3	or	x1,x18,x19	 x18:0xffffffff x19:0x00000000  x1=0xffffffff
       80675000	      7968	80006ca2	009b1333	sll	x6,x22,x9	 x22:0x00000000  x9:0x00000001  x6=0x00000000
       80685000	      7969	80006ca6	0103cc63	blt	x7,x16,80006cbe	  x7:0x80000000 x16:0x00000000
       80705000	      7971	80006cbe	8195	c.srli	x11,0x5	 x11:0xe15e7c96 x11=0x070af3e4
       80715000	      7972	80006cc0	6cc5	c.lui	x25,0x11	 x25=0x00011000
       80725000	      7973	80006cc2	8235	c.srli	x12,0xd	 x12:0x00000000 x12=0x00000000
       80735000	      7974	80006cc4	40865133	sra	x2,x12,x8	 x12:0x00000000  x8:0x00000012  x2=0x00000000
       80745000	      7975	80006cc8	7d6cad93	slti	x27,x25,2006	 x25:0x00011000 x27=0x00000000
       80755000	      7976	80006ccc	8d71	c.and	x10,x12	 x10:0x00000000 x12:0x00000000 x10=0x00000000
       80765000	      7977	80006cce	000c1363	bne	x24,x0,80006cd4	 x24:0x00001fff  x0:0x00000000
       80795000	      7980	80006cd4	0208f733	remu	x14,x17,x0	 x17:0x00000100  x0:0x00000000 x14=0x00000100
       80805000	      7981	80006cd8	05f19263	bne	x3,x31,80006d1c	  x3:0x00000001 x31:0x00000063
       80825000	      7983	80006d1c	80e9	c.srli	x9,0x1a	  x9:0x00000001  x9=0x00000000
       80835000	      7984	80006d1e	01960f63	beq	x12,x25,80006d3c	 x12:0x00000000 x25:0x00011000
       80845000	      7985	80006d22	0ff0000f	fence	iorw,iorw	
       80855000	      7986	80006d26	0070b633	sltu	x12,x1,x7	  x1:0xffffffff  x7:0x80000000 x12=0x00000000
       80865000	      7987	80006d2a	c015	c.beqz	x8,80006d4e	  x8:0x00000012
       80875000	      7988	80006d2c	145c0297	auipc	x5,0x145c0	  x5=0x945c6d2c
       80915000	      7992	80006d30	02f83a33	mulhu	x20,x16,x15	 x16:0x00000000 x15:0x80025ce4 x20=0x00000000
       80925000	      7993	80006d34	00f2e4b3	or	x9,x5,x15	  x5:0x945c6d2c x15:0x80025ce4  x9=0x945e7dec
       80935000	      7994	80006d38	72e4b013	sltiu	x0,x9,1838	  x9:0x945e7dec  x0=0x00000000
       80945000	      7995	80006d3c	34003273	csrrc	x4,mscratch,x0	  x0:0x00000000  x4=0x0000001e
       80955000	      7996	80006d40	01343bb3	sltu	x23,x8,x19	  x8:0x00000012 x19:0x00000000 x23=0x00000000
       80965000	      7997	80006d44	8f59	c.or	x14,x14	 x14:0x00000100 x14:0x00000100 x14=0x00000100
       80975000	      7998	80006d46	4049df93	srai	x31,x19,0x4	 x19:0x00000000 x31=0x00000000
       80985000	      7999	80006d4a	0ff0000f	fence	iorw,iorw	
       81355000	      8036	80006d4e	039b7eb3	remu	x29,x22,x25	 x22:0x00000000 x25:0x00011000 x29=0x00000000
       81395000	      8040	80006d52	03891bb3	mulh	x23,x18,x24	 x18:0xffffffff x24:0x00001fff x23=0xffffffff
       81405000	      8041	80006d56	0001	c.addi	x0,0	  x0:0x00000000  x0=0x00000000
       81415000	      8042	80006d58	010c9433	sll	x8,x25,x16	 x25:0x00011000 x16:0x00000000  x8=0x00011000
       81425000	      8043	80006d5c	01aad6b3	srl	x13,x21,x26	 x21:0x000002e2 x26:0x0000001e x13=0x00000000
       81435000	      8044	80006d60	a4717c13	andi	x24,x2,-1465	  x2:0x00000000 x24=0x00000000
       81445000	      8045	80006d64	0001	c.addi	x0,0	  x0:0x00000000  x0=0x00000000
       81455000	      8046	80006d66	8c2d	c.xor	x8,x11	  x8:0x00011000 x11:0x070af3e4  x8=0x070be3e4
       81495000	      8050	80006d68	02e436b3	mulhu	x13,x8,x14	  x8:0x070be3e4 x14:0x00000100 x13=0x00000007
       81505000	      8051	80006d6c	34007d73	csrrci	x26,mscratch,0	 x26=0x0000001e
       81515000	      8052	80006d70	003246b3	xor	x13,x4,x3	  x4:0x0000001e  x3:0x00000001 x13=0x0000001f
       81525000	      8053	80006d74	00002b97	auipc	x23,0x2	 x23=0x80008d74
       81535000	      8054	80006d78	d82b8b93	addi	x23,x23,-638	 x23:0x80008d74 x23=0x80008af6
       81545000	      8055	80006d7c	09fd	c.addi	x19,31	 x19:0x00000000 x19=0x0000001f
       81585000	      8059	80006d7e	02512a33	mulhsu	x20,x2,x5	  x2:0x00000000  x5:0x945c6d2c x20=0x00000000
       81625000	      8063	80006d82	03f4aeb3	mulhsu	x29,x9,x31	  x9:0x945e7dec x31:0x00000000 x29=0x00000000
       81635000	      8064	80006d86	610d	c.addi16sp	x2,160	  x2:0x00000000  x2=0x000000a0
       81645000	      8065	80006d88	39bb8b93	addi	x23,x23,923	 x23:0x80008af6 x23=0x80008e91
       81655000	      8066	80006d8c	15fd	c.addi	x11,-1	 x11:0x070af3e4 x11=0x070af3e3
       81665000	      8067	80006d8e	7343af13	slti	x30,x7,1844	  x7:0x80000000 x30=0x00000001
       81675000	      8068	80006d92	01c29663	bne	x5,x28,80006d9e	  x5:0x945c6d2c x28:0x80021e34
       81705000	      8071	80006d9e	c65b8ae7	jalr	x21,-923(x23)	 x23:0x80008e91 x21=0x80006da2
       81765000	      8077	80008af6	038416b3	mulh	x13,x8,x24	  x8:0x070be3e4 x24:0x00000000 x13=0x00000000
       81775000	      8078	80008afa	0d08	c.addi4spn	x10,x2,656	 x10=0x00000330
       81785000	      8079	80008afc	1efd	c.addi	x29,-1	 x29:0x00000000 x29=0xffffffff
       81795000	      8080	80008afe	41905993	srai	x19,x0,0x19	  x0:0x00000000 x19=0x00000000
       81805000	      8081	80008b02	01929363	bne	x5,x25,80008b08	  x5:0x945c6d2c x25:0x00011000
       81825000	      8083	80008b08	1e61	c.addi	x28,-8	 x28:0x80021e34 x28=0x80021e2c
       81835000	      8084	80008b0a	00d082b3	add	x5,x1,x13	  x1:0xffffffff x13:0x00000000  x5=0xffffffff
       81845000	      8085	80008b0e	015e2223	sw	x21,4(x28)	 x28:0x80021e2c x21:0x80006da2 PA:0x80021e30 store:0x80006da2 load:0x00000000
       81855000	      8086	80008b12	00d12a33	slt	x20,x2,x13	  x2:0x000000a0 x13:0x00000000 x20=0x00000000
       81895000	      8090	80008b16	03fc3b33	mulhu	x22,x24,x31	 x24:0x00000000 x31:0x00000000 x22=0x00000000
       81905000	      8091	80008b1a	3401d773	csrrwi	x14,mscratch,3	 x14=0x0000001e
       81915000	      8092	80008b1e	340038f3	csrrc	x17,mscratch,x0	  x0:0x00000000 x17=0x00000003
       81925000	      8093	80008b22	0001	c.addi	x0,0	  x0:0x00000000  x0=0x00000000
       81935000	      8094	80008b24	02e11c63	bne	x2,x14,80008b5c	  x2:0x000000a0 x14:0x0000001e
       81955000	      8096	80008b5c	340078f3	csrrci	x17,mscratch,0	 x17=0x00000003
       81965000	      8097	80008b60	403a04b3	sub	x9,x20,x3	 x20:0x00000000  x3:0x00000001  x9=0xffffffff
       81975000	      8098	80008b64	8329	c.srli	x14,0xa	 x14:0x0000001e x14=0x00000000
       81985000	      8099	80008b66	009b5933	srl	x18,x22,x9	 x22:0x00000000  x9:0xffffffff x18=0x00000000
       81995000	      8100	80008b6a	013f1013	slli	x0,x30,0x13	 x30:0x00000001  x0=0x00000000
       82005000	      8101	80008b6e	015fdc63	bge	x31,x21,80008b86	 x31:0x00000000 x21:0x80006da2
       82035000	      8104	80008b86	0051db63	bge	x3,x5,80008b9c	  x3:0x00000001  x5:0xffffffff
       82055000	      8106	80008b9c	34006d73	csrrsi	x26,mscratch,0	 x26=0x00000003
       82065000	      8107	80008ba0	038a8a63	beq	x21,x24,80008bd4	 x21:0x80006da2 x24:0x00000000
       82075000	      8108	80008ba4	483d	c.li	x16,15	 x16=0x0000000f
       82085000	      8109	80008ba6	658f3893	sltiu	x17,x30,1624	 x30:0x00000001 x17=0x00000001
       82095000	      8110	80008baa	0001	c.addi	x0,0	  x0:0x00000000  x0=0x00000000
       82105000	      8111	80008bac	dc4c6613	ori	x12,x24,-572	 x24:0x00000000 x12=0xfffffdc4
       82115000	      8112	80008bb0	008c6363	bltu	x24,x8,80008bb6	 x24:0x00000000  x8:0x070be3e4
       82135000	      8114	80008bb6	8245	c.srli	x12,0x11	 x12:0xfffffdc4 x12=0x00007fff
       82145000	      8115	80008bb8	02f89b63	bne	x17,x15,80008bee	 x17:0x00000001 x15:0x80025ce4
       82165000	      8117	80008bee	717d	c.addi16sp	x2,-16	  x2:0x000000a0  x2=0x00000090
       82175000	      8118	80008bf0	01bad613	srli	x12,x21,0x1b	 x21:0x80006da2 x12=0x00000010
       82185000	      8119	80008bf4	01eee963	bltu	x29,x30,80008c06	 x29:0xffffffff x30:0x00000001
       82195000	      8120	80008bf8	c719	c.beqz	x14,80008c06	 x14:0x00000000
       82225000	      8123	80008c06	00228f33	add	x30,x5,x2	  x5:0xffffffff  x2:0x00000090 x30=0x0000008f
       82235000	      8124	80008c0a	00fde963	bltu	x27,x15,80008c1c	 x27:0x00000000 x15:0x80025ce4
       82255000	      8126	80008c1c	b6dc8b13	addi	x22,x25,-1171	 x25:0x00011000 x22=0x00010b6d
       82295000	      8130	80008c20	037136b3	mulhu	x13,x2,x23	  x2:0x00000090 x23:0x80008e91 x13=0x00000048
       82305000	      8131	80008c24	340e91f3	csrrw	x3,mscratch,x29	 x29:0xffffffff  x3=0x00000003
       82315000	      8132	80008c28	e591	c.bnez	x11,80008c34	 x11:0x070af3e3
       82335000	      8134	80008c34	02164563	blt	x12,x1,80008c5e	 x12:0x00000010  x1:0xffffffff
       82345000	      8135	80008c38	09913b93	sltiu	x23,x2,153	  x2:0x00000090 x23=0x00000001
       82355000	      8136	80008c3c	0001	c.addi	x0,0	  x0:0x00000000  x0=0x00000000
       82385000	      8139	80008c3e	037c86b3	mul	x13,x25,x23	 x25:0x00011000 x23:0x00000001 x13=0x00011000
       82395000	      8140	80008c42	ea418813	addi	x16,x3,-348	  x3:0x00000003 x16=0xfffffea7
       82405000	      8141	80008c46	ec089497	auipc	x9,0xec089	  x9=0x6c091c46
       82415000	      8142	80008c4a	353e0d93	addi	x27,x28,851	 x28:0x80021e2c x27=0x8002217f
       82425000	      8143	80008c4e	404a5c93	srai	x25,x20,0x4	 x20:0x00000000 x25=0x00000000
       82435000	      8144	80008c52	fde50593	addi	x11,x10,-34	 x10:0x00000330 x11=0x0000030e
       82445000	      8145	80008c56	0001	c.addi	x0,0	  x0:0x00000000  x0=0x00000000
       82455000	      8146	80008c58	019aa0b3	slt	x1,x21,x25	 x21:0x80006da2 x25:0x00000000  x1=0x00000001
       82465000	      8147	80008c5c	9706	c.add	x14,x1	 x14:0x00000000  x1:0x00000001 x14=0x00000001
       82475000	      8148	80008c5e	8ed9	c.or	x13,x14	 x13:0x00011000 x14:0x00000001 x13=0x00011001
       82485000	      8149	80008c60	3468ea13	ori	x20,x17,838	 x17:0x00000001 x20=0x00000347
       82495000	      8150	80008c64	340f1ef3	csrrw	x29,mscratch,x30	 x30:0x0000008f x29=0xffffffff
       82505000	      8151	80008c68	34002bf3	csrrs	x23,mscratch,x0	  x0:0x00000000 x23=0x0000008f
       82515000	      8152	80008c6c	34002d73	csrrs	x26,mscratch,x0	  x0:0x00000000 x26=0x0000008f
       82535000	      8154	80008c70	038cc0b3	div	x1,x25,x24	 x25:0x00000000 x24:0x00000000  x1=0xffffffff
       82545000	      8155	80008c74	01ccc633	xor	x12,x25,x28	 x25:0x00000000 x28:0x80021e2c x12=0x80021e2c
       82575000	      8158	80008c78	02620133	mul	x2,x4,x6	  x4:0x0000001e  x6:0x00000000  x2=0x00000000
       82585000	      8159	80008c7c	acbb0493	addi	x9,x22,-1333	 x22:0x00010b6d  x9=0x00010638
       82595000	      8160	80008c80	00875213	srli	x4,x14,0x8	 x14:0x00000001  x4=0x00000000
       82605000	      8161	80008c84	01c114b3	sll	x9,x2,x28	  x2:0x00000000 x28:0x80021e2c  x9=0x00000000
       82615000	      8162	80008c88	4789a193	slti	x3,x19,1144	 x19:0x00000000  x3=0x00000001
       82625000	      8163	80008c8c	340415f3	csrrw	x11,mscratch,x8	  x8:0x070be3e4 x11=0x0000008f
       82635000	      8164	80008c90	0001	c.addi	x0,0	  x0:0x00000000  x0=0x00000000
       82655000	      8166	80008c92	02035033	divu	x0,x6,x0	  x6:0x00000000  x0:0x00000000  x0=0x00000000
       82665000	      8167	80008c96	9a7d	c.andi	x12,-1	 x12:0x80021e2c x12=0x80021e2c
       82675000	      8168	80008c98	8b16	c.mv	x22,x5	  x0:0x00000000  x5:0xffffffff x22=0xffffffff
       82715000	      8172	80008c9a	03062a33	mulhsu	x20,x12,x16	 x12:0x80021e2c x16:0xfffffea7 x20=0x80021ed8
       82755000	      8176	80008c9e	03a2ac33	mulhsu	x24,x5,x26	  x5:0xffffffff x26:0x0000008f x24=0xffffffff
       82765000	      8177	80008ca2	8f25	c.xor	x14,x9	 x14:0x00000001  x9:0x00000000 x14=0x00000001
       82775000	      8178	80008ca4	0000100f	fence.i	
       82795000	      8180	80008ca8	3403a0f3	csrrs	x1,mscratch,x7	  x7:0x80000000  x1=0x070be3e4
       82805000	      8181	80008cac	62da0f93	addi	x31,x20,1581	 x20:0x80021ed8 x31=0x80022505
       82815000	      8182	80008cb0	717d	c.addi16sp	x2,-16	  x2:0x00000000  x2=0xfffffff0
       82855000	      8186	80008cb2	0200aa33	mulhsu	x20,x1,x0	  x1:0x070be3e4  x0:0x00000000 x20=0x00000000
       82865000	      8187	80008cb6	e091	c.bnez	x9,80008cba	  x9:0x00000000
       82875000	      8188	80008cb8	8a59	c.andi	x12,22	 x12:0x80021e2c x12=0x00000004
       82885000	      8189	80008cba	9d46	c.add	x26,x17	 x26:0x0000008f x17:0x00000001 x26=0x00000090
       82895000	      8190	80008cbc	01858563	beq	x11,x24,80008cc6	 x11:0x0000008f x24:0xffffffff
       82905000	      8191	80008cc0	850d	c.srai	x10,0x3	 x10:0x00000330 x10=0x00000066
       82915000	      8192	80008cc2	409fdcb3	sra	x25,x31,x9	 x31:0x80022505  x9:0x00000000 x25=0x80022505
       82925000	      8193	80008cc6	3d148197	auipc	x3,0x3d148	  x3=0xbd150cc6
       82935000	      8194	80008cca	03d24d63	blt	x4,x29,80008d04	  x4:0x00000000 x29:0xffffffff
       82945000	      8195	80008cce	0115bd33	sltu	x26,x11,x17	 x11:0x0000008f x17:0x00000001 x26=0x00000000
       82955000	      8196	80008cd2	d13c4117	auipc	x2,0xd13c4	  x2=0x513cccd2
       82965000	      8197	80008cd6	9a7d	c.andi	x12,-1	 x12:0x00000004 x12=0x00000004
       82975000	      8198	80008cd8	158c	c.addi4spn	x11,x2,736	 x11=0x513ccfb2
       82985000	      8199	80008cda	8165	c.srli	x10,0x19	 x10:0x00000066 x10=0x00000000
       82995000	      8200	80008cdc	86ea	c.mv	x13,x26	  x0:0x00000000 x26:0x00000000 x13=0x00000000
       83005000	      8201	80008cde	0266	c.slli	x4,0x19	  x4:0x00000000  x4=0x00000000
       83375000	      8238	80008ce0	037bc4b3	div	x9,x23,x23	 x23:0x0000008f x23:0x0000008f  x9=0x00000001
       83385000	      8239	80008ce4	8c0d	c.sub	x8,x11	  x8:0x070be3e4 x11:0x513ccfb2  x8=0xb5cf1432
       83755000	      8276	80008ce6	02f7f533	remu	x10,x15,x15	 x15:0x80025ce4 x15:0x80025ce4 x10=0x00000000
       83765000	      8277	80008cea	dd9af193	andi	x3,x21,-551	 x21:0x80006da2  x3=0x80006d80
       83775000	      8278	80008cee	0182ffb3	and	x31,x5,x24	  x5:0xffffffff x24:0xffffffff x31=0xffffffff
       83785000	      8279	80008cf2	1f14	c.addi4spn	x13,x2,944	 x13=0x513cd082
       83795000	      8280	80008cf4	6c05	c.lui	x24,0x1	 x24=0x00001000
       83805000	      8281	80008cf6	06cd	c.addi	x13,19	 x13:0x513cd082 x13=0x513cd095
       83815000	      8282	80008cf8	01612133	slt	x2,x2,x22	  x2:0x513cccd2 x22:0xffffffff  x2=0x00000000
       83825000	      8283	80008cfc	0029a433	slt	x8,x19,x2	 x19:0x00000000  x2:0x00000000  x8=0x00000000
       84195000	      8320	80008d00	02eaecb3	rem	x25,x21,x14	 x21:0x80006da2 x14:0x00000001 x25=0x00000000
       84205000	      8321	80008d04	0906	c.slli	x18,0x1	 x18:0x00000000 x18=0x00000000
       84215000	      8322	80008d06	028ae563	bltu	x21,x8,80008d30	 x21:0x80006da2  x8:0x00000000
       84225000	      8323	80008d0a	34041d73	csrrw	x26,mscratch,x8	  x8:0x00000000 x26=0x870be3e4
       84245000	      8325	80008d0e	02855833	divu	x16,x10,x8	 x10:0x00000000  x8:0x00000000 x16=0xffffffff
       84255000	      8326	80008d12	0ff0000f	fence	iorw,iorw	
       84265000	      8327	80008d16	01c73733	sltu	x14,x14,x28	 x14:0x00000001 x28:0x80021e2c x14=0x00000001
       84295000	      8330	80008d1a	02838ab3	mul	x21,x7,x8	  x7:0x80000000  x8:0x00000000 x21=0x00000000
       84305000	      8331	80008d1e	1e90	c.addi4spn	x12,x2,880	 x12=0x00000370
       84315000	      8332	80008d20	015431b3	sltu	x3,x8,x21	  x8:0x00000000 x21:0x00000000  x3=0x00000000
       84325000	      8333	80008d24	40f40db3	sub	x27,x8,x15	  x8:0x00000000 x15:0x80025ce4 x27=0x7ffda31c
       84335000	      8334	80008d28	34002df3	csrrs	x27,mscratch,x0	  x0:0x00000000 x27=0x00000000
       84705000	      8371	80008d2c	038aefb3	rem	x31,x21,x24	 x21:0x00000000 x24:0x00001000 x31=0x00000000
       85075000	      8408	80008d30	0251f6b3	remu	x13,x3,x5	  x3:0x00000000  x5:0xffffffff x13=0x00000000
       85085000	      8409	80008d34	717d	c.addi16sp	x2,-16	  x2:0x00000000  x2=0xfffffff0
       85095000	      8410	80008d36	00995763	bge	x18,x9,80008d44	 x18:0x00000000  x9:0x00000001
       85135000	      8414	80008d3a	0339b133	mulhu	x2,x19,x19	 x19:0x00000000 x19:0x00000000  x2=0x00000000
       85145000	      8415	80008d3e	419f81b3	sub	x3,x31,x25	 x31:0x00000000 x25:0x00000000  x3=0x00000000
       85155000	      8416	80008d42	8cd9	c.or	x9,x14	  x9:0x00000001 x14:0x00000001  x9=0x00000001
       85165000	      8417	80008d44	40c455b3	sra	x11,x8,x12	  x8:0x00000000 x12:0x00000370 x11=0x00000000
       85175000	      8418	80008d48	01871663	bne	x14,x24,80008d54	 x14:0x00000001 x24:0x00001000
       85195000	      8420	80008d54	ce518693	addi	x13,x3,-795	  x3:0x00000000 x13=0xfffffce5
       85205000	      8421	80008d58	01c99763	bne	x19,x28,80008d66	 x19:0x00000000 x28:0x80021e2c
       85265000	      8427	80008d66	026439b3	mulhu	x19,x8,x6	  x8:0x00000000  x6:0x00000000 x19=0x00000000
       85275000	      8428	80008d6a	0050d733	srl	x14,x1,x5	  x1:0x070be3e4  x5:0xffffffff x14=0x00000000
       85285000	      8429	80008d6e	01a666b3	or	x13,x12,x26	 x12:0x00000370 x26:0x870be3e4 x13=0x870be3f4
       85295000	      8430	80008d72	0169e733	or	x14,x19,x22	 x19:0x00000000 x22:0xffffffff x14=0xffffffff
       85665000	      8467	80008d76	0211ec33	rem	x24,x3,x1	  x3:0x00000000  x1:0x070be3e4 x24=0x00000000
       85675000	      8468	80008d7a	018625b3	slt	x11,x12,x24	 x12:0x00000370 x24:0x00000000 x11=0x00000000
       85685000	      8469	80008d7e	8ce9	c.and	x9,x10	  x9:0x00000001 x10:0x00000000  x9=0x00000000
       85695000	      8470	80008d80	0123b6b3	sltu	x13,x7,x18	  x7:0x80000000 x18:0x00000000 x13=0x00000000
       85705000	      8471	80008d84	14fd	c.addi	x9,-1	  x9:0x00000000  x9=0xffffffff
       85715000	      8472	80008d86	003dd5b3	srl	x11,x27,x3	 x27:0x00000000  x3:0x00000000 x11=0x00000000
       85725000	      8473	80008d8a	8691	c.srai	x13,0x4	 x13:0x00000000 x13=0x00000000
       86095000	      8510	80008d8c	02fbfcb3	remu	x25,x23,x15	 x23:0x0000008f x15:0x80025ce4 x25=0x0000008f
       86105000	      8511	80008d90	177d	c.addi	x14,-1	 x14:0xffffffff x14=0xfffffffe
       86115000	      8512	80008d92	0169aeb3	slt	x29,x19,x22	 x19:0x00000000 x22:0xffffffff x29=0x00000000
       86125000	      8513	80008d96	340d9873	csrrw	x16,mscratch,x27	 x27:0x00000000 x16=0x00000000
       86135000	      8514	80008d9a	40c380b3	sub	x1,x7,x12	  x7:0x80000000 x12:0x00000370  x1=0x7ffffc90
       86145000	      8515	80008d9e	856d	c.srai	x10,0x1b	 x10:0x00000000 x10=0x00000000
       86155000	      8516	80008da0	03a6f063	bgeu	x13,x26,80008dc0	 x13:0x00000000 x26:0x870be3e4
       86165000	      8517	80008da4	0a7e	c.slli	x20,0x1f	 x20:0x00000000 x20=0x00000000
       86195000	      8520	80008da6	03480833	mul	x16,x16,x20	 x16:0x00000000 x20:0x00000000 x16=0x00000000
       86205000	      8521	80008daa	00db5c33	srl	x24,x22,x13	 x22:0xffffffff x13:0x00000000 x24=0xffffffff
       86215000	      8522	80008dae	340365f3	csrrsi	x11,mscratch,6	 x11=0x00000000
       86225000	      8523	80008db2	9526	c.add	x10,x9	 x10:0x00000000  x9:0xffffffff x10=0xffffffff
       86235000	      8524	80008db4	8c69	c.and	x8,x10	  x8:0x00000000 x10:0xffffffff  x8=0x00000000
       86245000	      8525	80008db6	8d0d	c.sub	x10,x11	 x10:0xffffffff x11:0x00000000 x10=0xffffffff
       86255000	      8526	80008db8	00d5d0b3	srl	x1,x11,x13	 x11:0x00000000 x13:0x00000000  x1=0x00000000
       86265000	      8527	80008dbc	0193d563	bge	x7,x25,80008dc6	  x7:0x80000000 x25:0x0000008f
       86275000	      8528	80008dc0	340075f3	csrrci	x11,mscratch,0	 x11=0x00000006
       86285000	      8529	80008dc4	8eed	c.and	x13,x11	 x13:0x00000000 x11:0x00000006 x13=0x00000000
       86295000	      8530	80008dc6	8e55	c.or	x12,x13	 x12:0x00000370 x13:0x00000000 x12=0x00000370
       86305000	      8531	80008dc8	0480	c.addi4spn	x8,x2,576	  x8=0x00000240
       86315000	      8532	80008dca	0159f333	and	x6,x19,x21	 x19:0x00000000 x21:0x00000000  x6=0x00000000
       86685000	      8569	80008dce	03834f33	div	x30,x6,x24	  x6:0x00000000 x24:0xffffffff x30=0x00000000
       86695000	      8570	80008dd2	33d02d93	slti	x27,x0,829	  x0:0x00000000 x27=0x00000001
       86705000	      8571	80008dd6	8c25	c.xor	x8,x9	  x8:0x00000240  x9:0xffffffff  x8=0xfffffdbf
       86715000	      8572	80008dd8	1c1dad93	slti	x27,x27,449	 x27:0x00000001 x27=0x00000001
       86725000	      8573	80008ddc	00ff0533	add	x10,x30,x15	 x30:0x00000000 x15:0x80025ce4 x10=0x80025ce4
       86735000	      8574	80008de0	6139	c.addi16sp	x2,448	  x2:0x00000000  x2=0x000001c0
       86745000	      8575	80008de2	01829d63	bne	x5,x24,80008dfc	  x5:0xffffffff x24:0xffffffff
       86755000	      8576	80008de6	340022f3	csrrs	x5,mscratch,x0	  x0:0x00000000  x5=0x00000006
       86795000	      8580	80008dea	02c612b3	mulh	x5,x12,x12	 x12:0x00000370 x12:0x00000370  x5=0x00000000
       86805000	      8581	80008dee	3401b173	csrrc	x2,mscratch,x3	  x3:0x00000000  x2=0x00000006
       86845000	      8585	80008df2	021ebdb3	mulhu	x27,x29,x1	 x29:0x00000000  x1:0x00000000 x27=0x00000000
       86855000	      8586	80008df6	66c9	c.lui	x13,0x12	 x13=0x00012000
       86865000	      8587	80008df8	0ff0000f	fence	iorw,iorw	
       86875000	      8588	80008dfc	0000100f	fence.i	
       86895000	      8590	80008e00	82b2	c.mv	x5,x12	  x0:0x00000000 x12:0x00000370  x5=0x00000370
       86915000	      8592	80008e02	035d4833	div	x16,x26,x21	 x26:0x870be3e4 x21:0x00000000 x16=0xffffffff
       86925000	      8593	80008e06	34002073	csrrs	x0,mscratch,x0	  x0:0x00000000  x0=0x00000000
       86935000	      8594	80008e0a	413e56b3	sra	x13,x28,x19	 x28:0x80021e2c x19:0x00000000 x13=0x80021e2c
       86945000	      8595	80008e0e	01443633	sltu	x12,x8,x20	  x8:0xfffffdbf x20:0x00000000 x12=0x00000000
       86955000	      8596	80008e12	717d	c.addi16sp	x2,-16	  x2:0x00000006  x2=0xfffffff6
       86965000	      8597	80008e14	340329f3	csrrs	x19,mscratch,x6	  x6:0x00000000 x19=0x00000006
       86975000	      8598	80008e18	00be96b3	sll	x13,x29,x11	 x29:0x00000000 x11:0x00000006 x13=0x00000000
       86985000	      8599	80008e1c	33d66c13	ori	x24,x12,829	 x12:0x00000000 x24=0x0000033d
       86995000	      8600	80008e20	99ee	c.add	x19,x27	 x19:0x00000006 x27:0x00000000 x19=0x00000006
       87005000	      8601	80008e22	8ea5	c.xor	x13,x9	 x13:0x00000000  x9:0xffffffff x13=0xffffffff
       87015000	      8602	80008e24	4d81fe93	andi	x29,x3,1240	  x3:0x00000000 x29=0x00000000
       87025000	      8603	80008e28	8c51	c.or	x8,x12	  x8:0xfffffdbf x12:0x00000000  x8=0xfffffdbf
       87035000	      8604	80008e2a	69ed	c.lui	x19,0x1b	 x19=0x0001b000
       87045000	      8605	80008e2c	cd11	c.beqz	x10,80008e48	 x10:0x80025ce4
       87085000	      8609	80008e2e	02381733	mulh	x14,x16,x3	 x16:0xffffffff  x3:0x00000000 x14=0x00000000
       87095000	      8610	80008e32	850d	c.srai	x10,0x3	 x10:0x80025ce4 x10=0xf0004b9c
       87105000	      8611	80008e34	0020cfb3	xor	x31,x1,x2	  x1:0x00000000  x2:0xfffffff6 x31=0xfffffff6
       87115000	      8612	80008e38	34002673	csrrs	x12,mscratch,x0	  x0:0x00000000 x12=0x00000006
       87125000	      8613	80008e3c	0000100f	fence.i	
       87145000	      8615	80008e40	0001	c.addi	x0,0	  x0:0x00000000  x0=0x00000000
       87155000	      8616	80008e42	9416	c.add	x8,x5	  x8:0xfffffdbf  x5:0x00000370  x8=0x0000012f
       87165000	      8617	80008e44	00e79863	bne	x15,x14,80008e54	 x15:0x80025ce4 x14:0x00000000
       87185000	      8619	80008e54	34055f73	csrrwi	x30,mscratch,10	 x30=0x00000006
       87195000	      8620	80008e58	270a2493	slti	x9,x20,624	 x20:0x00000000  x9=0x00000001
       87205000	      8621	80008e5c	c291	c.beqz	x13,80008e60	 x13:0xffffffff
       87215000	      8622	80008e5e	5c7d	c.li	x24,-1	 x24=0xffffffff
       87585000	      8659	80008e60	02a9f933	remu	x18,x19,x10	 x19:0x0001b000 x10:0xf0004b9c x18=0x0001b000
       87595000	      8660	80008e64	049fe163	bltu	x31,x9,80008ea6	 x31:0xfffffff6  x9:0x00000001
       87605000	      8661	80008e68	9ff28493	addi	x9,x5,-1537	  x5:0x00000370  x9=0xfffffd6f
       87615000	      8662	80008e6c	015882b3	add	x5,x17,x21	 x17:0x00000001 x21:0x00000000  x5=0x00000001
       87625000	      8663	80008e70	717d	c.addi16sp	x2,-16	  x2:0xfffffff6  x2=0xffffffe6
       87635000	      8664	80008e72	0001	c.addi	x0,0	  x0:0x00000000  x0=0x00000000
       87645000	      8665	80008e74	70d93093	sltiu	x1,x18,1805	 x18:0x0001b000  x1=0x00000000
       87655000	      8666	80008e78	48cf3a13	sltiu	x20,x30,1164	 x30:0x00000006 x20=0x00000001
       87665000	      8667	80008e7c	34069f73	csrrw	x30,mscratch,x13	 x13:0xffffffff x30=0x0000000a
       87695000	      8670	80008e80	025a8c33	mul	x24,x21,x5	 x21:0x00000000  x5:0x00000001 x24=0x00000000
       87705000	      8671	80008e84	8db1	c.xor	x11,x12	 x11:0x00000006 x12:0x00000006 x11=0x00000000
       87715000	      8672	80008e86	98fd	c.andi	x9,-1	  x9:0xfffffd6f  x9=0xfffffd6f
       87725000	      8673	80008e88	e311	c.bnez	x14,80008e8c	 x14:0x00000000
       87735000	      8674	80008e8a	8ce1	c.and	x9,x8	  x9:0xfffffd6f  x8:0x0000012f  x9=0x0000012f
       87745000	      8675	80008e8c	21a08c13	addi	x24,x1,538	  x1:0x00000000 x24=0x0000021a
       87755000	      8676	80008e90	019c1e93	slli	x29,x24,0x19	 x24:0x0000021a x29=0x34000000
       87765000	      8677	80008e94	041cc163	blt	x25,x1,80008ed6	 x25:0x0000008f  x1:0x00000000
       87775000	      8678	80008e98	cc85	c.beqz	x9,80008ed0	  x9:0x0000012f
       87785000	      8679	80008e9a	02017863	bgeu	x2,x0,80008eca	  x2:0xffffffe6  x0:0x00000000
       87805000	      8681	80008eca	8272	c.mv	x4,x28	  x0:0x00000000 x28:0x80021e2c  x4=0x80021e2c
       87815000	      8682	80008ecc	340bd973	csrrwi	x18,mscratch,23	 x18=0xffffffff
       87825000	      8683	80008ed0	8d69	c.and	x10,x10	 x10:0xf0004b9c x10:0xf0004b9c x10=0xf0004b9c
       87835000	      8684	80008ed2	00908833	add	x16,x1,x9	  x1:0x00000000  x9:0x0000012f x16=0x0000012f
       87845000	      8685	80008ed6	993a	c.add	x18,x14	 x18:0xffffffff x14:0x00000000 x18=0xffffffff
       87855000	      8686	80008ed8	00438c33	add	x24,x7,x4	  x7:0x80000000  x4:0x80021e2c x24=0x00021e2c
       87865000	      8687	80008edc	00315c13	srli	x24,x2,0x3	  x2:0xffffffe6 x24=0x1ffffffc
       87875000	      8688	80008ee0	5eda4c93	xori	x25,x20,1517	 x20:0x00000001 x25=0x000005ec
       88245000	      8725	80008ee4	029ed733	divu	x14,x29,x9	 x29:0x34000000  x9:0x0000012f x14=0x002bef1a
       88285000	      8729	80008ee8	03d7bdb3	mulhu	x27,x15,x29	 x15:0x80025ce4 x29:0x34000000 x27=0x1a007ade
       88295000	      8730	80008eec	00a9af33	slt	x30,x19,x10	 x19:0x0001b000 x10:0xf0004b9c x30=0x00000000
       88305000	      8731	80008ef0	0051b933	sltu	x18,x3,x5	  x3:0x00000000  x5:0x00000001 x18=0x00000001
       88315000	      8732	80008ef4	9b7d	c.andi	x14,-1	 x14:0x002bef1a x14=0x002bef1a
       88325000	      8733	80008ef6	0001	c.addi	x0,0	  x0:0x00000000  x0=0x00000000
       88335000	      8734	80008ef8	056a	c.slli	x10,0x1a	 x10:0xf0004b9c x10=0x70000000
       88345000	      8735	80008efa	0153beb3	sltu	x29,x7,x21	  x7:0x80000000 x21:0x00000000 x29=0x00000000
       88715000	      8772	80008efe	0270d4b3	divu	x9,x1,x7	  x1:0x00000000  x7:0x80000000  x9=0x00000000
       88725000	      8773	80008f02	8d75	c.and	x10,x13	 x10:0x70000000 x13:0xffffffff x10=0x70000000
       88765000	      8777	80008f04	03d53a33	mulhu	x20,x10,x29	 x10:0x70000000 x29:0x00000000 x20=0x00000000
       88775000	      8778	80008f08	0245fb63	bgeu	x11,x4,80008f3e	 x11:0x00000000  x4:0x80021e2c
       88785000	      8779	80008f0c	8f59	c.or	x14,x14	 x14:0x002bef1a x14:0x002bef1a x14=0x002bef1a
       88795000	      8780	80008f0e	0023e763	bltu	x7,x2,80008f1c	  x7:0x80000000  x2:0xffffffe6
       88815000	      8782	80008f1c	3400d773	csrrwi	x14,mscratch,1	 x14=0x00000017
       88825000	      8783	80008f20	002c15b3	sll	x11,x24,x2	 x24:0x1ffffffc  x2:0xffffffe6 x11=0xffffff00
       88835000	      8784	80008f24	6819	c.lui	x16,0x6	 x16=0x00006000
       88845000	      8785	80008f26	0001	c.addi	x0,0	  x0:0x00000000  x0=0x00000000
       88855000	      8786	80008f28	8df26813	ori	x16,x4,-1825	  x4:0x80021e2c x16=0xfffffeff
       88865000	      8787	80008f2c	00e70b63	beq	x14,x14,80008f42	 x14:0x00000017 x14:0x00000017
       88885000	      8789	80008f42	c589	c.beqz	x11,80008f4c	 x11:0xffffff00
       88895000	      8790	80008f44	303b9c37	lui	x24,0x303b9	 x24=0x303b9000
       88905000	      8791	80008f48	02895163	bge	x18,x8,80008f6a	 x18:0x00000001  x8:0x0000012f
       88915000	      8792	80008f4c	c901	c.beqz	x10,80008f5c	 x10:0x70000000
       88925000	      8793	80008f4e	8cf9	c.and	x9,x14	  x9:0x00000000 x14:0x00000017  x9=0x00000000
       88935000	      8794	80008f50	807d	c.srli	x8,0x1f	  x8:0x0000012f  x8=0x00000000
       88945000	      8795	80008f52	34006cf3	csrrsi	x25,mscratch,0	 x25=0x00000001
       88955000	      8796	80008f56	e881	c.bnez	x9,80008f66	  x9:0x00000000
       88965000	      8797	80008f58	023e6963	bltu	x28,x3,80008f8a	 x28:0x80021e2c  x3:0x00000000
       88975000	      8798	80008f5c	3405d073	csrrwi	x0,mscratch,11	  x0=0x00000000
       88985000	      8799	80008f60	01e86cb3	or	x25,x16,x30	 x16:0xfffffeff x30:0x00000000 x25=0xfffffeff
       88995000	      8800	80008f64	8ec9	c.or	x13,x10	 x13:0xffffffff x10:0x70000000 x13=0xffffffff
       89005000	      8801	80008f66	0176a533	slt	x10,x13,x23	 x13:0xffffffff x23:0x0000008f x10=0x00000001
       89015000	      8802	80008f6a	0001	c.addi	x0,0	  x0:0x00000000  x0=0x00000000
       89025000	      8803	80008f6c	9b7d	c.andi	x14,-1	 x14:0x00000017 x14=0x00000017
       89045000	      8805	80008f6e	03ea4fb3	div	x31,x20,x30	 x20:0x00000000 x30:0x00000000 x31=0xffffffff
       89055000	      8806	80008f72	010088b3	add	x17,x1,x16	  x1:0x00000000 x16:0xfffffeff x17=0xfffffeff
       89065000	      8807	80008f76	8ca9	c.xor	x9,x10	  x9:0x00000000 x10:0x00000001  x9=0x00000001
       89075000	      8808	80008f78	8da5	c.xor	x11,x9	 x11:0xffffff00  x9:0x00000001 x11=0xffffff01
       89085000	      8809	80008f7a	0d126c17	auipc	x24,0xd126	 x24=0x8d12ef7a
       89095000	      8810	80008f7e	8d8d	c.sub	x11,x11	 x11:0xffffff01 x11:0xffffff01 x11=0x00000000
       89105000	      8811	80008f80	870d	c.srai	x14,0x3	 x14:0x00000017 x14=0x00000002
       89115000	      8812	80008f82	437d8f13	addi	x30,x27,1079	 x27:0x1a007ade x30=0x1a007f15
       89125000	      8813	80008f86	019f99b3	sll	x19,x31,x25	 x31:0xffffffff x25:0xfffffeff x19=0x80000000
       89135000	      8814	80008f8a	03954163	blt	x10,x25,80008fac	 x10:0x00000001 x25:0xfffffeff
       89175000	      8818	80008f8e	03e828b3	mulhsu	x17,x16,x30	 x16:0xfffffeff x30:0x1a007f15 x17=0xffffffe5
       89185000	      8819	80008f92	049a1263	bne	x20,x9,80008fd6	 x20:0x00000000  x9:0x00000001
       89245000	      8825	80008fd6	026d9db3	mulh	x27,x27,x6	 x27:0x1a007ade  x6:0x00000000 x27=0x00000000
       89255000	      8826	80008fda	340062f3	csrrsi	x5,mscratch,0	  x5=0x0000000b
       89265000	      8827	80008fde	340038f3	csrrc	x17,mscratch,x0	  x0:0x00000000 x17=0x0000000b
       89275000	      8828	80008fe2	0126b133	sltu	x2,x13,x18	 x13:0xffffffff x18:0x00000001  x2=0x00000000
       89285000	      8829	80008fe6	0124c733	xor	x14,x9,x18	  x9:0x00000001 x18:0x00000001 x14=0x00000000
       89315000	      8832	80008fea	02f304b3	mul	x9,x6,x15	  x6:0x00000000 x15:0x80025ce4  x9=0x00000000
       89325000	      8833	80008fee	0ff0000f	fence	iorw,iorw	
       89335000	      8834	80008ff2	617d	c.addi16sp	x2,496	  x2:0x00000000  x2=0x000001f0
       89345000	      8835	80008ff4	8f21	c.xor	x14,x8	 x14:0x00000000  x8:0x00000000 x14=0x00000000
       89355000	      8836	80008ff6	717d	c.addi16sp	x2,-16	  x2:0x000001f0  x2=0x000001e0
       89365000	      8837	80008ff8	0ff0000f	fence	iorw,iorw	
       89375000	      8838	80008ffc	81b6	c.mv	x3,x13	  x0:0x00000000 x13:0xffffffff  x3=0xffffffff
       89385000	      8839	80008ffe	6236c913	xori	x18,x13,1571	 x13:0xffffffff x18=0xfffff9dc
       89395000	      8840	80009002	8c2d	c.xor	x8,x11	  x8:0x00000000 x11:0x00000000  x8=0x00000000
       89405000	      8841	80009004	009c39b3	sltu	x19,x24,x9	 x24:0x8d12ef7a  x9:0x00000000 x19=0x00000000
       89415000	      8842	80009008	41135293	srai	x5,x6,0x11	  x6:0x00000000  x5=0x00000000
       89425000	      8843	8000900c	41df8733	sub	x14,x31,x29	 x31:0xffffffff x29:0x00000000 x14=0xffffffff
       89435000	      8844	80009010	013e0563	beq	x28,x19,8000901a	 x28:0x80021e2c x19:0x00000000
       89445000	      8845	80009014	40ced693	srai	x13,x29,0xc	 x29:0x00000000 x13=0x00000000
       89455000	      8846	80009018	1a7d	c.addi	x20,-1	 x20:0x00000000 x20=0xffffffff
       89465000	      8847	8000901a	3074a313	slti	x6,x9,775	  x9:0x00000000  x6=0x00000001
       89475000	      8848	8000901e	340d61f3	csrrsi	x3,mscratch,26	  x3=0x0000000b
       89505000	      8851	80009022	03cd8c33	mul	x24,x27,x28	 x27:0x00000000 x28:0x80021e2c x24=0x00000000
       89515000	      8852	80009026	02717113	andi	x2,x2,39	  x2:0x000001e0  x2=0x00000020
       89885000	      8889	8000902a	02226ab3	rem	x21,x4,x2	  x4:0x80021e2c  x2:0x00000020 x21=0xffffffec
       89895000	      8890	8000902e	0001	c.addi	x0,0	  x0:0x00000000  x0=0x00000000
       89905000	      8891	80009030	8d05	c.sub	x10,x9	 x10:0x00000001  x9:0x00000000 x10=0x00000001
       89915000	      8892	80009032	01cf0863	beq	x30,x28,80009042	 x30:0x1a007f15 x28:0x80021e2c
       89925000	      8893	80009036	02489f63	bne	x17,x4,80009074	 x17:0x0000000b  x4:0x80021e2c
       89945000	      8895	80009074	717d	c.addi16sp	x2,-16	  x2:0x00000020  x2=0x00000010
       89955000	      8896	80009076	007dc763	blt	x27,x7,80009084	 x27:0x00000000  x7:0x80000000
       89965000	      8897	8000907a	01ad6b33	or	x22,x26,x26	 x26:0x870be3e4 x26:0x870be3e4 x22=0x870be3e4
       89975000	      8898	8000907e	0089	c.addi	x1,2	  x1:0x00000000  x1=0x00000002
       89985000	      8899	80009080	001f6d63	bltu	x30,x1,8000909a	 x30:0x1a007f15  x1:0x00000002
       89995000	      8900	80009084	00eef933	and	x18,x29,x14	 x29:0x00000000 x14:0xffffffff x18=0x00000000
       90005000	      8901	80009088	9cf6	c.add	x25,x29	 x25:0xfffffeff x29:0x00000000 x25=0xfffffeff
       90015000	      8902	8000908a	34006073	csrrsi	x0,mscratch,0	  x0=0x00000000
       90025000	      8903	8000908e	89b4e217	auipc	x4,0x89b4e	  x4=0x09b5708e
       90035000	      8904	80009092	0ff0000f	fence	iorw,iorw	
       90045000	      8905	80009096	0072f133	and	x2,x5,x7	  x5:0x00000000  x7:0x80000000  x2=0x00000000
       90055000	      8906	8000909a	3405f373	csrrci	x6,mscratch,11	  x6=0x0000001b
       90075000	      8908	8000909e	0339cfb3	div	x31,x19,x19	 x19:0x00000000 x19:0x00000000 x31=0xffffffff
       90085000	      8909	800090a2	0000100f	fence.i	
       90115000	      8912	800090a6	0000100f	fence.i	
       90145000	      8915	800090aa	2d97e213	ori	x4,x15,729	 x15:0x80025ce4  x4=0x80025efd
       90155000	      8916	800090ae	8db5	c.xor	x11,x13	 x11:0x00000000 x13:0x00000000 x11=0x00000000
       90165000	      8917	800090b0	0001	c.addi	x0,0	  x0:0x00000000  x0=0x00000000
       90175000	      8918	800090b2	6129	c.addi16sp	x2,192	  x2:0x00000000  x2=0x000000c0
       90185000	      8919	800090b4	0001	c.addi	x0,0	  x0:0x00000000  x0=0x00000000
       90195000	      8920	800090b6	090c	c.addi4spn	x11,x2,144	 x11=0x00000150
       90205000	      8921	800090b8	8b26	c.mv	x22,x9	  x0:0x00000000  x9:0x00000000 x22=0x00000000
       90245000	      8925	800090ba	03f22f33	mulhsu	x30,x4,x31	  x4:0x80025efd x31:0xffffffff x30=0x80025efd
       90255000	      8926	800090be	01cd9413	slli	x8,x27,0x1c	 x27:0x00000000  x8=0x00000000
       90265000	      8927	800090c2	a911c737	lui	x14,0xa911c	 x14=0xa911c000
       90275000	      8928	800090c6	b71e7013	andi	x0,x28,-1167	 x28:0x80021e2c  x0=0x00000000
       90285000	      8929	800090ca	8ee1	c.and	x13,x8	 x13:0x00000000  x8:0x00000000 x13=0x00000000
       90295000	      8930	800090cc	00c5ca63	blt	x11,x12,800090e0	 x11:0x00000150 x12:0x00000006
       90305000	      8931	800090d0	10132d13	slti	x26,x6,257	  x6:0x0000001b x26=0x00000001
       90315000	      8932	800090d4	34052a73	csrrs	x20,mscratch,x10	 x10:0x00000001 x20=0x00000010
       90325000	      8933	800090d8	340028f3	csrrs	x17,mscratch,x0	  x0:0x00000000 x17=0x00000011
       90335000	      8934	800090dc	340020f3	csrrs	x1,mscratch,x0	  x0:0x00000000  x1=0x00000011
       90345000	      8935	800090e0	01b0bab3	sltu	x21,x1,x27	  x1:0x00000011 x27:0x00000000 x21=0x00000000
       90355000	      8936	800090e4	0001	c.addi	x0,0	  x0:0x00000000  x0=0x00000000
       90725000	      8973	800090e6	03c16533	rem	x10,x2,x28	  x2:0x000000c0 x28:0x80021e2c x10=0x000000c0
       90735000	      8974	800090ea	41ce0033	sub	x0,x28,x28	 x28:0x80021e2c x28:0x80021e2c  x0=0x00000000
       90745000	      8975	800090ee	86dd	c.srai	x13,0x17	 x13:0x00000000 x13=0x00000000
       90755000	      8976	800090f0	8dfd	c.and	x11,x15	 x11:0x00000150 x15:0x80025ce4 x11=0x00000040
       90765000	      8977	800090f2	8c0d	c.sub	x8,x11	  x8:0x00000000 x11:0x00000040  x8=0xffffffc0
       90775000	      8978	800090f4	ba203f37	lui	x30,0xba203	 x30=0xba203000
       90785000	      8979	800090f8	1cc58317	auipc	x6,0x1cc58	  x6=0x9cc610f8
       90795000	      8980	800090fc	01ecd1b3	srl	x3,x25,x30	 x25:0xfffffeff x30:0xba203000  x3=0xfffffeff
       90805000	      8981	80009100	627d	c.lui	x4,0x1f	  x4=0x0001f000
       90815000	      8982	80009102	017b1463	bne	x22,x23,8000910a	 x22:0x00000000 x23:0x0000008f
       90845000	      8985	8000910a	00676b63	bltu	x14,x6,80009120	 x14:0xa911c000  x6:0x9cc610f8
       90855000	      8986	8000910e	5b8e9b97	auipc	x23,0x5b8e9	 x23=0xdb8f210e
       90865000	      8987	80009112	0001	c.addi	x0,0	  x0:0x00000000  x0=0x00000000
       90875000	      8988	80009114	40a2d033	sra	x0,x5,x10	  x5:0x00000000 x10:0x000000c0  x0=0x00000000
       90885000	      8989	80009118	8d5d	c.or	x10,x15	 x10:0x000000c0 x15:0x80025ce4 x10=0x80025ce4
       90895000	      8990	8000911a	e11d	c.bnez	x10,80009140	 x10:0x80025ce4
       90915000	      8992	80009140	6b19	c.lui	x22,0x6	 x22=0x00006000
       90925000	      8993	80009142	9f5a	c.add	x30,x22	 x30:0xba203000 x22:0x00006000 x30=0xba209000
       90965000	      8997	80009144	02f0b633	mulhu	x12,x1,x15	  x1:0x00000011 x15:0x80025ce4 x12=0x00000008
       90975000	      8998	80009148	8619	c.srai	x12,0x6	 x12:0x00000008 x12=0x00000000
       90985000	      8999	8000914a	007d2633	slt	x12,x26,x7	 x26:0x00000001  x7:0x80000000 x12=0x00000000
       90995000	      9000	8000914e	8d56	c.mv	x26,x21	  x0:0x00000000 x21:0x00000000 x26=0x00000000
       91005000	      9001	80009150	404fd513	srai	x10,x31,0x4	 x31:0xffffffff x10=0xffffffff
       91015000	      9002	80009154	8311	c.srli	x14,0x4	 x14:0xa911c000 x14=0x0a911c00
       91025000	      9003	80009156	00d48ab3	add	x21,x9,x13	  x9:0x00000000 x13:0x00000000 x21=0x00000000
       91035000	      9004	8000915a	340ef473	csrrci	x8,mscratch,29	  x8=0x00000011
       91045000	      9005	8000915e	340099f3	csrrw	x19,mscratch,x1	  x1:0x00000011 x19=0x00000000
       91055000	      9006	80009162	717d	c.addi16sp	x2,-16	  x2:0x000000c0  x2=0x000000b0
       91065000	      9007	80009164	16fd	c.addi	x13,-1	 x13:0x00000000 x13=0xffffffff
       91075000	      9008	80009166	c319	c.beqz	x14,8000916c	 x14:0x0a911c00
       91085000	      9009	80009168	34032ff3	csrrs	x31,mscratch,x6	  x6:0x9cc610f8 x31=0x00000011
       91095000	      9010	8000916c	0001	c.addi	x0,0	  x0:0x00000000  x0=0x00000000
       91105000	      9011	8000916e	0064ceb3	xor	x29,x9,x6	  x9:0x00000000  x6:0x9cc610f8 x29=0x9cc610f8
       91115000	      9012	80009172	015e1113	slli	x2,x28,0x15	 x28:0x80021e2c  x2=0xc5800000
       91125000	      9013	80009176	02157c63	bgeu	x10,x1,800091ae	 x10:0xffffffff  x1:0x00000011
       91145000	      9015	800091ae	80a9	c.srli	x9,0xa	  x9:0x00000000  x9=0x00000000
       91155000	      9016	800091b0	00b49c63	bne	x9,x11,800091c8	  x9:0x00000000 x11:0x00000040
       91175000	      9018	800091c8	34015473	csrrwi	x8,mscratch,2	  x8=0x9cc610f9
       91185000	      9019	800091cc	ee458a17	auipc	x20,0xee458	 x20=0x6e4611cc
       91195000	      9020	800091d0	0176a5b3	slt	x11,x13,x23	 x13:0xffffffff x23:0xdb8f210e x11=0x00000000
       91205000	      9021	800091d4	8489	c.srai	x9,0x2	  x9:0x00000000  x9=0x00000000
       91215000	      9022	800091d6	0183df93	srli	x31,x7,0x18	  x7:0x80000000 x31=0x00000080
       91245000	      9025	800091da	02bd0d33	mul	x26,x26,x11	 x26:0x00000000 x11:0x00000000 x26=0x00000000
       91255000	      9026	800091de	00f5e4b3	or	x9,x11,x15	 x11:0x00000000 x15:0x80025ce4  x9=0x80025ce4
       91265000	      9027	800091e2	34007bf3	csrrci	x23,mscratch,0	 x23=0x00000002
       91275000	      9028	800091e6	34006173	csrrsi	x2,mscratch,0	  x2=0x00000002
       91285000	      9029	800091ea	40fe5233	sra	x4,x28,x15	 x28:0x80021e2c x15:0x80025ce4  x4=0xf80021e2
       91295000	      9030	800091ee	96be	c.add	x13,x15	 x13:0xffffffff x15:0x80025ce4 x13=0x80025ce3
       91305000	      9031	800091f0	340be973	csrrsi	x18,mscratch,23	 x18=0x00000002
       91315000	      9032	800091f4	00dc1993	slli	x19,x24,0xd	 x24:0x00000000 x19=0x00000000
       91325000	      9033	800091f8	0178efb3	or	x31,x17,x23	 x17:0x00000011 x23:0x00000002 x31=0x00000013
       91335000	      9034	800091fc	00a922b3	slt	x5,x18,x10	 x18:0x00000002 x10:0xffffffff  x5=0x00000000
       91345000	      9035	80009200	0000100f	fence.i	
       91365000	      9037	80009204	5f3b2517	auipc	x10,0x5f3b2	 x10=0xdf3bb204
       91375000	      9038	80009208	4dbc3993	sltiu	x19,x24,1243	 x24:0x00000000 x19=0x00000001
       91385000	      9039	8000920c	0994	c.addi4spn	x13,x2,208	 x13=0x000000d2
       91395000	      9040	8000920e	34039773	csrrw	x14,mscratch,x7	  x7:0x80000000 x14=0x00000017
       91405000	      9041	80009212	120c	c.addi4spn	x11,x2,288	 x11=0x00000122
       91775000	      9078	80009214	0237ec33	rem	x24,x15,x3	 x15:0x80025ce4  x3:0xfffffeff x24=0xffffff08
       91785000	      9079	80009218	00373c33	sltu	x24,x14,x3	 x14:0x00000017  x3:0xfffffeff x24=0x00000001
       92155000	      9116	8000921c	0290d8b3	divu	x17,x1,x9	  x1:0x00000011  x9:0x80025ce4 x17=0x00000000
       92165000	      9117	80009220	0a9e	c.slli	x21,0x7	 x21:0x00000000 x21=0x00000000
       92175000	      9118	80009222	0001	c.addi	x0,0	  x0:0x00000000  x0=0x00000000
       92185000	      9119	80009224	00aedfb3	srl	x31,x29,x10	 x29:0x9cc610f8 x10:0xdf3bb204 x31=0x09cc610f
       92195000	      9120	80009228	009ad6b3	srl	x13,x21,x9	 x21:0x00000000  x9:0x80025ce4 x13=0x00000000
       92215000	      9122	8000922c	0250d033	divu	x0,x1,x5	  x1:0x00000011  x5:0x00000000  x0=0x00000000
       92225000	      9123	80009230	003fa4b3	slt	x9,x31,x3	 x31:0x09cc610f  x3:0xfffffeff  x9=0x00000000
       92265000	      9127	80009234	023d2833	mulhsu	x16,x26,x3	 x26:0x00000000  x3:0xfffffeff x16=0x00000000
       92275000	      9128	80009238	015bcd33	xor	x26,x23,x21	 x23:0x00000002 x21:0x00000000 x26=0x00000002
       92285000	      9129	8000923c	340570f3	csrrci	x1,mscratch,10	  x1=0x80000000
       92295000	      9130	80009240	3ce02c93	slti	x25,x0,974	  x0:0x00000000 x25=0x00000001
       92335000	      9134	80009244	03cb1b33	mulh	x22,x22,x28	 x22:0x00006000 x28:0x80021e2c x22=0xffffd000
       92375000	      9138	80009248	02059033	mulh	x0,x11,x0	 x11:0x00000122  x0:0x00000000  x0=0x00000000
       92385000	      9139	8000924c	8d72b593	sltiu	x11,x5,-1833	  x5:0x00000000 x11=0x00000001
       92425000	      9143	80009250	0331adb3	mulhsu	x27,x3,x19	  x3:0xfffffeff x19:0x00000001 x27=0xffffffff
       92435000	      9144	80009254	8d85	c.sub	x11,x9	 x11:0x00000001  x9:0x00000000 x11=0x00000001
       92445000	      9145	80009256	340072f3	csrrci	x5,mscratch,0	  x5=0x80000000
       92455000	      9146	8000925a	0001	c.addi	x0,0	  x0:0x00000000  x0=0x00000000
       92465000	      9147	8000925c	01689663	bne	x17,x22,80009268	 x17:0x00000000 x22:0xffffd000
       92485000	      9149	80009268	8755	c.srai	x14,0x15	 x14:0x00000017 x14=0x00000000
       92855000	      9186	8000926a	02b3d8b3	divu	x17,x7,x11	  x7:0x80000000 x11:0x00000001 x17=0x80000000
       92865000	      9187	8000926e	dab60013	addi	x0,x12,-597	 x12:0x00000000  x0=0x00000000
       92875000	      9188	80009272	026c7a63	bgeu	x24,x6,800092a6	 x24:0x00000001  x6:0x9cc610f8
       92885000	      9189	80009276	340dd173	csrrwi	x2,mscratch,27	  x2=0x80000000
       93255000	      9226	8000927a	032e4f33	div	x30,x28,x18	 x28:0x80021e2c x18:0x00000002 x30=0xc0010f16
       93265000	      9227	8000927e	0718	c.addi4spn	x14,x2,896	 x14=0x80000380
       93275000	      9228	80009280	fa284013	xori	x0,x16,-94	 x16:0x00000000  x0=0x00000000
       93285000	      9229	80009284	412d5cb3	sra	x25,x26,x18	 x26:0x00000002 x18:0x00000002 x25=0x00000000
       93295000	      9230	80009288	6179	c.addi16sp	x2,464	  x2:0x80000000  x2=0x800001d0
       93665000	      9267	8000928a	027ceab3	rem	x21,x25,x7	 x25:0x00000000  x7:0x80000000 x21=0x00000000
       93685000	      9269	8000928e	02dbd1b3	divu	x3,x23,x13	 x23:0x00000002 x13:0x00000000  x3=0xffffffff
       93695000	      9270	80009292	0000100f	fence.i	
       93715000	      9272	80009296	46b9	c.li	x13,14	 x13=0x0000000e
       93725000	      9273	80009298	34051bf3	csrrw	x23,mscratch,x10	 x10:0xdf3bb204 x23=0x0000001b
       93735000	      9274	8000929c	8d56	c.mv	x26,x21	  x0:0x00000000 x21:0x00000000 x26=0x00000000
       93745000	      9275	8000929e	03678963	beq	x15,x22,800092d0	 x15:0x80025ce4 x22:0xffffd000
       93755000	      9276	800092a2	8f21	c.xor	x14,x8	 x14:0x80000380  x8:0x9cc610f9 x14=0x1cc61379
       93765000	      9277	800092a4	0001	c.addi	x0,0	  x0:0x00000000  x0=0x00000000
       94135000	      9314	800092a6	034d52b3	divu	x5,x26,x20	 x26:0x00000000 x20:0x6e4611cc  x5=0x00000000
       94145000	      9315	800092aa	020e	c.slli	x4,0x3	  x4:0xf80021e2  x4=0xc0010f10
       94155000	      9316	800092ac	0001	c.addi	x0,0	  x0:0x00000000  x0=0x00000000
       94525000	      9353	800092ae	02e4feb3	remu	x29,x9,x14	  x9:0x00000000 x14:0x1cc61379 x29=0x00000000
       94535000	      9354	800092b2	40dfda93	srai	x21,x31,0xd	 x31:0x09cc610f x21=0x00004e63
       94545000	      9355	800092b6	e131	c.bnez	x10,800092fa	 x10:0xdf3bb204
       94565000	      9357	800092fa	8005	c.srli	x8,0x1	  x8:0x9cc610f9  x8=0x4e63087c
       94575000	      9358	800092fc	41d8d533	sra	x10,x17,x29	 x17:0x80000000 x29:0x00000000 x10=0x80000000
       94585000	      9359	80009300	8561	c.srai	x10,0x18	 x10:0x80000000 x10=0xffffff80
       94595000	      9360	80009302	8cca	c.mv	x25,x18	  x0:0x00000000 x18:0x00000002 x25=0x00000002
       94605000	      9361	80009304	0ff0000f	fence	iorw,iorw	
       94615000	      9362	80009308	98fd	c.andi	x9,-1	  x9:0x00000000  x9=0x00000000
       94625000	      9363	8000930a	1f4c3b93	sltiu	x23,x24,500	 x24:0x00000001 x23=0x00000001
       94635000	      9364	8000930e	8e01	c.sub	x12,x8	 x12:0x00000000  x8:0x4e63087c x12=0xb19cf784
       94645000	      9365	80009310	0001	c.addi	x0,0	  x0:0x00000000  x0=0x00000000
       94655000	      9366	80009312	37b80b13	addi	x22,x16,891	 x16:0x00000000 x22=0x0000037b
       94665000	      9367	80009316	dbaf2d93	slti	x27,x30,-582	 x30:0xc0010f16 x27=0x00000001
       94675000	      9368	8000931a	62f5e313	ori	x6,x11,1583	 x11:0x00000001  x6=0x0000062f
       94685000	      9369	8000931e	00fd44b3	xor	x9,x26,x15	 x26:0x00000000 x15:0x80025ce4  x9=0x80025ce4
       94695000	      9370	80009322	00330f63	beq	x6,x3,80009340	  x6:0x0000062f  x3:0xffffffff
       94705000	      9371	80009326	6f61	c.lui	x30,0x18	 x30=0x00018000
       94715000	      9372	80009328	34011ff3	csrrw	x31,mscratch,x2	  x2:0x800001d0 x31=0xdf3bb204
       94725000	      9373	8000932c	8c91	c.sub	x9,x12	  x9:0x80025ce4 x12:0xb19cf784  x9=0xce656560
       94735000	      9374	8000932e	069002b7	lui	x5,0x6900	  x5=0x06900000
       94745000	      9375	80009332	800d	c.srli	x8,0x3	  x8:0x4e63087c  x8=0x09cc610f
       94755000	      9376	80009334	0000c533	xor	x10,x1,x0	  x1:0x80000000  x0:0x00000000 x10=0x80000000
       95125000	      9413	80009338	02534633	div	x12,x6,x5	  x6:0x0000062f  x5:0x06900000 x12=0x00000000
       95135000	      9414	8000933c	5be4b997	auipc	x19,0x5be4b	 x19=0xdbe5433c
       95145000	      9415	80009340	80c6	c.mv	x1,x17	  x0:0x00000000 x17:0x80000000  x1=0x80000000
       95155000	      9416	80009342	34036d73	csrrsi	x26,mscratch,6	 x26=0x800001d0
       95165000	      9417	80009346	34003473	csrrc	x8,mscratch,x0	  x0:0x00000000  x8=0x800001d6
       95175000	      9418	8000934a	8f6d	c.and	x14,x11	 x14:0x1cc61379 x11:0x00000001 x14=0x00000001
       95185000	      9419	8000934c	01157b63	bgeu	x10,x17,80009362	 x10:0x80000000 x17:0x80000000
       95215000	      9422	80009362	340a16f3	csrrw	x13,mscratch,x20	 x20:0x6e4611cc x13=0x800001d6
       95225000	      9423	80009366	01a14263	blt	x2,x26,8000936a	  x2:0x800001d0 x26:0x800001d0
       95235000	      9424	8000936a	340b9df3	csrrw	x27,mscratch,x23	 x23:0x00000001 x27=0x6e4611cc
       95245000	      9425	8000936e	0069cc33	xor	x24,x19,x6	 x19:0xdbe5433c  x6:0x0000062f x24=0xdbe54513
       95255000	      9426	80009372	6b7bee97	auipc	x29,0x6b7be	 x29=0xeb7c7372
       95265000	      9427	80009376	01c05f13	srli	x30,x0,0x1c	  x0:0x00000000 x30=0x00000000
       95275000	      9428	8000937a	34002ef3	csrrs	x29,mscratch,x0	  x0:0x00000000 x29=0x00000001
       95285000	      9429	8000937e	b2fd0893	addi	x17,x26,-1233	 x26:0x800001d0 x17=0x7ffffcff
       95295000	      9430	80009382	0000100f	fence.i	
       95325000	      9433	80009386	017c6a33	or	x20,x24,x23	 x24:0xdbe54513 x23:0x00000001 x20=0xdbe54513
       95335000	      9434	8000938a	00c94763	blt	x18,x12,80009398	 x18:0x00000002 x12:0x00000000
       95345000	      9435	8000938e	8c89	c.sub	x9,x10	  x9:0xce656560 x10:0x80000000  x9=0x4e656560
       95355000	      9436	80009390	3400d8f3	csrrwi	x17,mscratch,1	 x17=0x00000001
       95395000	      9440	80009394	0370bc33	mulhu	x24,x1,x23	  x1:0x80000000 x23:0x00000001 x24=0x00000000
       95405000	      9441	80009398	01a1d813	srli	x16,x3,0x1a	  x3:0xffffffff x16=0x0000003f
       95415000	      9442	8000939c	9aa6	c.add	x21,x9	 x21:0x00004e63  x9:0x4e656560 x21=0x4e65b3c3
       95425000	      9443	8000939e	9a2a	c.add	x20,x10	 x20:0xdbe54513 x10:0x80000000 x20=0x5be54513
       95795000	      9480	800093a0	02dbdab3	divu	x21,x23,x13	 x23:0x00000001 x13:0x800001d6 x21=0x00000000
       95835000	      9484	800093a4	026899b3	mulh	x19,x17,x6	 x17:0x00000001  x6:0x0000062f x19=0x00000000
       95845000	      9485	800093a8	0197e733	or	x14,x15,x25	 x15:0x80025ce4 x25:0x00000002 x14=0x80025ce6
       95855000	      9486	800093ac	016c9b33	sll	x22,x25,x22	 x25:0x00000002 x22:0x0000037b x22=0x10000000
       95865000	      9487	800093b0	01a26bb3	or	x23,x4,x26	  x4:0xc0010f10 x26:0x800001d0 x23=0xc0010fd0
       95875000	      9488	800093b4	0001	c.addi	x0,0	  x0:0x00000000  x0=0x00000000
       96245000	      9525	800093b6	026075b3	remu	x11,x0,x6	  x0:0x00000000  x6:0x0000062f x11=0x00000000
       96255000	      9526	800093ba	8c2a	c.mv	x24,x10	  x0:0x00000000 x10:0x80000000 x24=0x80000000
       96265000	      9527	800093bc	0001	c.addi	x0,0	  x0:0x00000000  x0=0x00000000
       96275000	      9528	800093be	0001	c.addi	x0,0	  x0:0x00000000  x0=0x00000000
       96285000	      9529	800093c0	01d35713	srli	x14,x6,0x1d	  x6:0x0000062f x14=0x00000000
       96295000	      9530	800093c4	08dd6293	ori	x5,x26,141	 x26:0x800001d0  x5=0x800001dd
       96305000	      9531	800093c8	01915c37	lui	x24,0x1915	 x24=0x01915000
       96315000	      9532	800093cc	8c207e93	andi	x29,x0,-1854	  x0:0x00000000 x29=0x00000000
       96325000	      9533	800093d0	340aadf3	csrrs	x27,mscratch,x21	 x21:0x00000000 x27=0x00000001
       96335000	      9534	800093d4	ee33e413	ori	x8,x7,-285	  x7:0x80000000  x8=0xfffffee3
       96345000	      9535	800093d8	05477063	bgeu	x14,x20,80009418	 x14:0x00000000 x20:0x5be54513
       96355000	      9536	800093dc	340c64f3	csrrsi	x9,mscratch,24	  x9=0x00000001
       96365000	      9537	800093e0	2f453e93	sltiu	x29,x10,756	 x10:0x80000000 x29=0x00000000
       96375000	      9538	800093e4	9aa6	c.add	x21,x9	 x21:0x00000000  x9:0x00000001 x21=0x00000001
       96405000	      9541	800093e6	023a04b3	mul	x9,x20,x3	 x20:0x5be54513  x3:0xffffffff  x9=0xa41abaed
       96415000	      9542	800093ea	0ff0000f	fence	iorw,iorw	
       96425000	      9543	800093ee	e099	c.bnez	x9,800093f4	  x9:0xa41abaed
       96445000	      9545	800093f4	8f2a4217	auipc	x4,0x8f2a4	  x4=0x0f2ad3f4
       96455000	      9546	800093f8	0058afb3	slt	x31,x17,x5	 x17:0x00000001  x5:0x800001dd x31=0x00000000
       96465000	      9547	800093fc	0000100f	fence.i	
       96485000	      9549	80009400	844e	c.mv	x8,x19	  x0:0x00000000 x19:0x00000000  x8=0x00000000
       96495000	      9550	80009402	0e84	c.addi4spn	x9,x2,848	  x9=0x80000520
       96505000	      9551	80009404	18c634b7	lui	x9,0x18c63	  x9=0x18c63000
       96515000	      9552	80009408	4133d9b3	sra	x19,x7,x19	  x7:0x80000000 x19:0x00000000 x19=0x80000000
       96525000	      9553	8000940c	11fd	c.addi	x3,-1	  x3:0xffffffff  x3=0xfffffffe
       96535000	      9554	8000940e	0384	c.addi4spn	x9,x2,448	  x9=0x80000390
       96545000	      9555	80009410	0000100f	fence.i	
       96565000	      9557	80009414	00851613	slli	x12,x10,0x8	 x10:0x80000000 x12=0x00000000
       96575000	      9558	80009418	5dfd	c.li	x27,-1	 x27=0xffffffff
       96585000	      9559	8000941a	0001	c.addi	x0,0	  x0:0x00000000  x0=0x00000000
       96595000	      9560	8000941c	03646463	bltu	x8,x22,80009444	  x8:0x00000000 x22:0x10000000
       96615000	      9562	80009444	40ff5a93	srai	x21,x30,0xf	 x30:0x00000000 x21=0x00000000
       96625000	      9563	80009448	89c2	c.mv	x19,x16	  x0:0x00000000 x16:0x0000003f x19=0x0000003f
       96635000	      9564	8000944a	8ef1	c.and	x13,x12	 x13:0x800001d6 x12:0x00000000 x13=0x00000000
       96645000	      9565	8000944c	6149	c.addi16sp	x2,144	  x2:0x800001d0  x2=0x80000260
       97015000	      9602	8000944e	0278e0b3	rem	x1,x17,x7	 x17:0x00000001  x7:0x80000000  x1=0x00000001
       97025000	      9603	80009452	59f13313	sltiu	x6,x2,1439	  x2:0x80000260  x6=0x00000000
       97035000	      9604	80009456	005b4d33	xor	x26,x22,x5	 x22:0x10000000  x5:0x800001dd x26=0x900001dd
       97075000	      9608	8000945a	02c42433	mulhsu	x8,x8,x12	  x8:0x00000000 x12:0x00000000  x8=0x00000000
       97085000	      9609	8000945e	a24a8e93	addi	x29,x21,-1500	 x21:0x00000000 x29=0xfffffa24
       97095000	      9610	80009462	0087af33	slt	x30,x15,x8	 x15:0x80025ce4  x8:0x00000000 x30=0x00000001
       97105000	      9611	80009466	004f5c33	srl	x24,x30,x4	 x30:0x00000001  x4:0x0f2ad3f4 x24=0x00000000
       97115000	      9612	8000946a	005f09b3	add	x19,x30,x5	 x30:0x00000001  x5:0x800001dd x19=0x800001de
       97125000	      9613	8000946e	0156	c.slli	x2,0x15	  x2:0x80000260  x2=0x4c000000
       97135000	      9614	80009470	cc91	c.beqz	x9,8000948c	  x9:0x80000390
       97145000	      9615	80009472	4369	c.li	x6,26	  x6=0x0000001a
       97175000	      9618	80009474	025382b3	mul	x5,x7,x5	  x7:0x80000000  x5:0x800001dd  x5=0x80000000
       97185000	      9619	80009478	727b7213	andi	x4,x22,1831	 x22:0x10000000  x4=0x00000000
       97195000	      9620	8000947c	41c3d533	sra	x10,x7,x28	  x7:0x80000000 x28:0x80021e2c x10=0xfff80000
       97205000	      9621	80009480	4d07bf93	sltiu	x31,x15,1232	 x15:0x80025ce4 x31=0x00000000
       97215000	      9622	80009484	0001	c.addi	x0,0	  x0:0x00000000  x0=0x00000000
       97225000	      9623	80009486	03ba1463	bne	x20,x27,800094ae	 x20:0x5be54513 x27:0xffffffff
       97255000	      9626	800094ae	0115d8b3	srl	x17,x11,x17	 x11:0x00000000 x17:0x00000001 x17=0x00000000
       97265000	      9627	800094b2	0bae	c.slli	x23,0xb	 x23:0xc0010fd0 x23=0x087e8000
       97275000	      9628	800094b4	340e6873	csrrsi	x16,mscratch,28	 x16=0x00000019
       97285000	      9629	800094b8	3409a673	csrrs	x12,mscratch,x19	 x19:0x800001de x12=0x0000001d
       97295000	      9630	800094bc	80e1	c.srli	x9,0x18	  x9:0x80000390  x9=0x00000080
       97305000	      9631	800094be	86c5	c.srai	x13,0x11	 x13:0x00000000 x13=0x00000000
       97315000	      9632	800094c0	9a86	c.add	x21,x1	 x21:0x00000000  x1:0x00000001 x21=0x00000001
       97325000	      9633	800094c2	b423c693	xori	x13,x7,-1214	  x7:0x80000000 x13=0x7ffffb42
       97335000	      9634	800094c6	0000100f	fence.i	
       97375000	      9638	800094ca	024ad833	divu	x16,x21,x4	 x21:0x00000001  x4:0x00000000 x16=0xffffffff
       97385000	      9639	800094ce	0014c9b3	xor	x19,x9,x1	  x9:0x00000080  x1:0x00000001 x19=0x00000081
       97395000	      9640	800094d2	0001	c.addi	x0,0	  x0:0x00000000  x0=0x00000000
       97405000	      9641	800094d4	6125	c.addi16sp	x2,96	  x2:0x4c000000  x2=0x4c000060
       97415000	      9642	800094d6	00ce8333	add	x6,x29,x12	 x29:0xfffffa24 x12:0x0000001d  x6=0xfffffa41
       97425000	      9643	800094da	c221	c.beqz	x12,8000951a	 x12:0x0000001d
       97435000	      9644	800094dc	00ab0333	add	x6,x22,x10	 x22:0x10000000 x10:0xfff80000  x6=0x0ff80000
       97445000	      9645	800094e0	81b5	c.srli	x11,0xd	 x11:0x00000000 x11=0x00000000
       97455000	      9646	800094e2	409c8a33	sub	x20,x25,x9	 x25:0x00000002  x9:0x00000080 x20=0xffffff82
       97465000	      9647	800094e6	00a68233	add	x4,x13,x10	 x13:0x7ffffb42 x10:0xfff80000  x4=0x7ff7fb42
       97475000	      9648	800094ea	002e4563	blt	x28,x2,800094f4	 x28:0x80021e2c  x2:0x4c000060
       97495000	      9650	800094f4	4129	c.li	x2,10	  x2=0x0000000a
       97505000	      9651	800094f6	8a49	c.andi	x12,18	 x12:0x0000001d x12=0x00000010
       97515000	      9652	800094f8	0199bf33	sltu	x30,x19,x25	 x19:0x00000081 x25:0x00000002 x30=0x00000000
       97555000	      9656	800094fc	02a4b9b3	mulhu	x19,x9,x10	  x9:0x00000080 x10:0xfff80000 x19=0x0000007f
       97565000	      9657	80009500	6165	c.addi16sp	x2,112	  x2:0x0000000a  x2=0x0000007a
       97575000	      9658	80009502	34066173	csrrsi	x2,mscratch,12	  x2=0x800001df
       97585000	      9659	80009506	009f6463	bltu	x30,x9,8000950e	 x30:0x00000000  x9:0x00000080
       97615000	      9662	8000950e	340228f3	csrrs	x17,mscratch,x4	  x4:0x7ff7fb42 x17=0x800001df
       97625000	      9663	80009512	6745f513	andi	x10,x11,1652	 x11:0x00000000 x10=0x00000000
       97635000	      9664	80009516	0000100f	fence.i	
       97665000	      9667	8000951a	34037473	csrrci	x8,mscratch,6	  x8=0xfff7fbdf
       97675000	      9668	8000951e	0ff0000f	fence	iorw,iorw	
       97685000	      9669	80009522	00ee9c93	slli	x25,x29,0xe	 x29:0xfffffa24 x25=0xfe890000
       97695000	      9670	80009526	8691	c.srai	x13,0x4	 x13:0x7ffffb42 x13=0x07ffffb4
       97735000	      9674	80009528	02782ab3	mulhsu	x21,x16,x7	 x16:0xffffffff  x7:0x80000000 x21=0xffffffff
       97745000	      9675	8000952c	34003473	csrrc	x8,mscratch,x0	  x0:0x00000000  x8=0xfff7fbd9
       97755000	      9676	80009530	717d	c.addi16sp	x2,-16	  x2:0x800001df  x2=0x800001cf
       97765000	      9677	80009532	340028f3	csrrs	x17,mscratch,x0	  x0:0x00000000 x17=0xfff7fbd9
       97775000	      9678	80009536	08ee	c.slli	x17,0x1b	 x17:0xfff7fbd9 x17=0xc8000000
       97785000	      9679	80009538	00de9633	sll	x12,x29,x13	 x29:0xfffffa24 x13:0x07ffffb4 x12=0xa2400000
       97795000	      9680	8000953c	01a3d1b3	srl	x3,x7,x26	  x7:0x80000000 x26:0x900001dd  x3=0x00000004
       97805000	      9681	80009540	1bfd	c.addi	x23,-1	 x23:0x087e8000 x23=0x087e7fff
       97815000	      9682	80009542	8f75	c.and	x14,x13	 x14:0x00000000 x13:0x07ffffb4 x14=0x00000000
       97825000	      9683	80009544	3400adf3	csrrs	x27,mscratch,x1	  x1:0x00000001 x27=0xfff7fbd9
       97835000	      9684	80009548	92846b37	lui	x22,0x92846	 x22=0x92846000
       97845000	      9685	8000954c	c905	c.beqz	x10,8000957c	 x10:0x00000000
       97865000	      9687	8000957c	00e1a833	slt	x16,x3,x14	  x3:0x00000004 x14:0x00000000 x16=0x00000000
       98235000	      9724	80009580	025859b3	divu	x19,x16,x5	 x16:0x00000000  x5:0x80000000 x19=0x00000000
       98245000	      9725	80009584	62a76693	ori	x13,x14,1578	 x14:0x00000000 x13=0x0000062a
       98255000	      9726	80009588	01d974b3	and	x9,x18,x29	 x18:0x00000002 x29:0xfffffa24  x9=0x00000000
       98265000	      9727	8000958c	517d	c.li	x2,-1	  x2=0xffffffff
       98275000	      9728	8000958e	a646b597	auipc	x11,0xa646b	 x11=0x2647458e
       98315000	      9732	80009592	02e19833	mulh	x16,x3,x14	  x3:0x00000004 x14:0x00000000 x16=0x00000000
       98325000	      9733	80009596	9a7d	c.andi	x12,-1	 x12:0xa2400000 x12=0xa2400000
       98335000	      9734	80009598	4036dd33	sra	x26,x13,x3	 x13:0x0000062a  x3:0x00000004 x26=0x00000062
       98345000	      9735	8000959c	0001	c.addi	x0,0	  x0:0x00000000  x0=0x00000000
       98355000	      9736	8000959e	0001	c.addi	x0,0	  x0:0x00000000  x0=0x00000000
       98365000	      9737	800095a0	40fa81b3	sub	x3,x21,x15	 x21:0xffffffff x15:0x80025ce4  x3=0x7ffda31b
       98395000	      9740	800095a4	03978db3	mul	x27,x15,x25	 x15:0x80025ce4 x25:0xfe890000 x27=0xee040000
       98405000	      9741	800095a8	0000100f	fence.i	
       98425000	      9743	800095ac	438caa93	slti	x21,x25,1080	 x25:0xfe890000 x21=0x00000001
       98435000	      9744	800095b0	0095c933	xor	x18,x11,x9	 x11:0x2647458e  x9:0x00000000 x18=0x2647458e
       98445000	      9745	800095b4	96a13993	sltiu	x19,x2,-1686	  x2:0xffffffff x19=0x00000000
       98455000	      9746	800095b8	403d5713	srai	x14,x26,0x3	 x26:0x00000062 x14=0x0000000c
       98465000	      9747	800095bc	0036ea63	bltu	x13,x3,800095d0	 x13:0x0000062a  x3:0x7ffda31b
       98485000	      9749	800095d0	0090aa33	slt	x20,x1,x9	  x1:0x00000001  x9:0x00000000 x20=0x00000000
       98495000	      9750	800095d4	8015	c.srli	x8,0x5	  x8:0xfff7fbd9  x8=0x07ffbfde
       98505000	      9751	800095d6	62fd	c.lui	x5,0x1f	  x5=0x0001f000
       98515000	      9752	800095d8	013ecab3	xor	x21,x29,x19	 x29:0xfffffa24 x19:0x00000000 x21=0xfffffa24
       98525000	      9753	800095dc	817d	c.srli	x10,0x1f	 x10:0x00000000 x10=0x00000000
       98535000	      9754	800095de	a988a637	lui	x12,0xa988a	 x12=0xa988a000
       98545000	      9755	800095e2	8ec9	c.or	x13,x10	 x13:0x0000062a x10:0x00000000 x13=0x0000062a
       98555000	      9756	800095e4	000fe533	or	x10,x31,x0	 x31:0x00000000  x0:0x00000000 x10=0x00000000
       98565000	      9757	800095e8	0001	c.addi	x0,0	  x0:0x00000000  x0=0x00000000
       98935000	      9794	800095ea	02b5f2b3	remu	x5,x11,x11	 x11:0x2647458e x11:0x2647458e  x5=0x00000000
       98945000	      9795	800095ee	0085e1b3	or	x3,x11,x8	 x11:0x2647458e  x8:0x07ffbfde  x3=0x27ffffde
       98955000	      9796	800095f2	006dd133	srl	x2,x27,x6	 x27:0xee040000  x6:0x0ff80000  x2=0xee040000
       98965000	      9797	800095f6	4bffa993	slti	x19,x31,1215	 x31:0x00000000 x19=0x00000001
       98975000	      9798	800095fa	0ff0000f	fence	iorw,iorw	
       98985000	      9799	800095fe	0ff0000f	fence	iorw,iorw	
       98995000	      9800	80009602	01097633	and	x12,x18,x16	 x18:0x2647458e x16:0x00000000 x12=0x00000000
       99005000	      9801	80009606	8f35	c.xor	x14,x13	 x14:0x0000000c x13:0x0000062a x14=0x00000626
       99015000	      9802	80009608	8f5d	c.or	x14,x15	 x14:0x00000626 x15:0x80025ce4 x14=0x80025ee6
       99025000	      9803	8000960a	4125d733	sra	x14,x11,x18	 x11:0x2647458e x18:0x2647458e x14=0x0000991d
       99035000	      9804	8000960e	9a7d	c.andi	x12,-1	 x12:0x00000000 x12=0x00000000
       99045000	      9805	80009610	0001	c.addi	x0,0	  x0:0x00000000  x0=0x00000000
       99055000	      9806	80009612	8eb9	c.xor	x13,x14	 x13:0x0000062a x14:0x0000991d x13=0x00009f37
       99065000	      9807	80009614	01f40233	add	x4,x8,x31	  x8:0x07ffbfde x31:0x00000000  x4=0x07ffbfde
       99075000	      9808	80009618	0165da13	srli	x20,x11,0x16	 x11:0x2647458e x20=0x00000099
       99085000	      9809	8000961c	8eed	c.and	x13,x11	 x13:0x00009f37 x11:0x2647458e x13=0x00000506
       99095000	      9810	8000961e	1d98	c.addi4spn	x14,x2,752	 x14=0xee0402f0
       99105000	      9811	80009620	34021df3	csrrw	x27,mscratch,x4	  x4:0x07ffbfde x27=0xfff7fbd9
       99115000	      9812	80009624	01185993	srli	x19,x16,0x11	 x16:0x00000000 x19=0x00000000
       99125000	      9813	80009628	34035bf3	csrrwi	x23,mscratch,6	 x23=0x07ffbfde
       99135000	      9814	8000962c	0004c233	xor	x4,x9,x0	  x9:0x00000000  x0:0x00000000  x4=0x00000000
       99145000	      9815	80009630	34002df3	csrrs	x27,mscratch,x0	  x0:0x00000000 x27=0x00000006
       99155000	      9816	80009634	000cb1b3	sltu	x3,x25,x0	 x25:0xfe890000  x0:0x00000000  x3=0x00000000
       99165000	      9817	80009638	01a60c33	add	x24,x12,x26	 x12:0x00000000 x26:0x00000062 x24=0x00000062
       99175000	      9818	8000963c	0ff0000f	fence	iorw,iorw	
       99215000	      9822	80009640	02d69233	mulh	x4,x13,x13	 x13:0x00000506 x13:0x00000506  x4=0x00000000
       99225000	      9823	80009644	02545a63	bge	x8,x5,80009678	  x8:0x07ffbfde  x5:0x00000000
       99245000	      9825	80009678	9c3a	c.add	x24,x14	 x24:0x00000062 x14:0xee0402f0 x24=0xee040352
       99255000	      9826	8000967a	6b326113	ori	x2,x4,1715	  x4:0x00000000  x2=0x000006b3
       99265000	      9827	8000967e	01776763	bltu	x14,x23,8000968c	 x14:0xee0402f0 x23:0x07ffbfde
       99275000	      9828	80009682	8f11	c.sub	x14,x12	 x14:0xee0402f0 x12:0x00000000 x14=0xee0402f0
       99315000	      9832	80009684	0300b733	mulhu	x14,x1,x16	  x1:0x00000001 x16:0x00000000 x14=0x00000000
       99325000	      9833	80009688	01644b63	blt	x8,x22,8000969e	  x8:0x07ffbfde x22:0x92846000
       99335000	      9834	8000968c	8d29	c.xor	x10,x10	 x10:0x00000000 x10:0x00000000 x10=0x00000000
       99345000	      9835	8000968e	340074f3	csrrci	x9,mscratch,0	  x9=0x00000006
       99355000	      9836	80009692	340071f3	csrrci	x3,mscratch,0	  x3=0x00000006
       99365000	      9837	80009696	8699	c.srai	x13,0x6	 x13:0x00000506 x13=0x00000014
       99375000	      9838	80009698	527d	c.li	x4,-1	  x4=0xffffffff
       99385000	      9839	8000969a	00d8d433	srl	x8,x17,x13	 x17:0xc8000000 x13:0x00000014  x8=0x00000c80
       99395000	      9840	8000969e	01cb92b3	sll	x5,x23,x28	 x23:0x07ffbfde x28:0x80021e2c  x5=0xfbfde000
       99435000	      9844	800096a2	0366a233	mulhsu	x4,x13,x22	 x13:0x00000014 x22:0x92846000  x4=0x0000000b
       99445000	      9845	800096a6	8f45	c.or	x14,x9	 x14:0x00000000  x9:0x00000006 x14=0x00000006
       99455000	      9846	800096a8	004efc63	bgeu	x29,x4,800096c0	 x29:0xfffffa24  x4:0x0000000b
       99475000	      9848	800096c0	34069ef3	csrrw	x29,mscratch,x13	 x13:0x00000014 x29=0x00000006
       99505000	      9851	800096c4	030d08b3	mul	x17,x26,x16	 x26:0x00000062 x16:0x00000000 x17=0x00000000
       99545000	      9855	800096c8	02a5bdb3	mulhu	x27,x11,x10	 x11:0x2647458e x10:0x00000000 x27=0x00000000
       99555000	      9856	800096cc	ff66ba93	sltiu	x21,x13,-10	 x13:0x00000014 x21=0x00000001
       99565000	      9857	800096d0	6b91ec93	ori	x25,x3,1721	  x3:0x00000006 x25=0x000006bf
       99575000	      9858	800096d4	8e65	c.and	x12,x9	 x12:0x00000000  x9:0x00000006 x12=0x00000000
       99585000	      9859	800096d6	1080	c.addi4spn	x8,x2,96	  x8=0x00000713
       99595000	      9860	800096d8	054fd763	bge	x31,x20,80009726	 x31:0x00000000 x20:0x00000099
       99605000	      9861	800096dc	340c2073	csrrs	x0,mscratch,x24	 x24:0xee040352  x0=0x00000000
       99615000	      9862	800096e0	0058da63	bge	x17,x5,800096f4	 x17:0x00000000  x5:0xfbfde000
       99655000	      9866	800096f4	03820a33	mul	x20,x4,x24	  x4:0x0000000b x24:0xee040352 x20=0x3a2c2486
       99665000	      9867	800096f8	41bf0233	sub	x4,x30,x27	 x30:0x00000000 x27:0x00000000  x4=0x00000000
       99675000	      9868	800096fc	00d90d33	add	x26,x18,x13	 x18:0x2647458e x13:0x00000014 x26=0x264745a2
       99695000	      9870	80009700	0319d033	divu	x0,x19,x17	 x19:0x00000000 x17:0x00000000  x0=0x00000000
       99705000	      9871	80009704	0004a593	slti	x11,x9,0	  x9:0x00000006 x11=0x00000000
       99715000	      9872	80009708	01195d33	srl	x26,x18,x17	 x18:0x2647458e x17:0x00000000 x26=0x2647458e
       99725000	      9873	8000970c	0c8e	c.slli	x25,0x3	 x25:0x000006bf x25=0x000035f8
       99735000	      9874	8000970e	010f9833	sll	x16,x31,x16	 x31:0x00000000 x16:0x00000000 x16=0x00000000
      100105000	      9911	80009712	02687433	remu	x8,x16,x6	 x16:0x00000000  x6:0x0ff80000  x8=0x00000000
      100115000	      9912	80009716	00bada93	srli	x21,x21,0xb	 x21:0x00000001 x21=0x00000000
      100125000	      9913	8000971a	006e3fb3	sltu	x31,x28,x6	 x28:0x80021e2c  x6:0x0ff80000 x31=0x00000000
      100135000	      9914	8000971e	3405daf3	csrrwi	x21,mscratch,11	 x21=0xee040356
      100145000	      9915	80009722	02d0cc63	blt	x1,x13,8000975a	  x1:0x00000001 x13:0x00000014
      100175000	      9918	8000975a	00cb4463	blt	x22,x12,80009762	 x22:0x92846000 x12:0x00000000
      100205000	      9921	80009762	411208b3	sub	x17,x4,x17	  x4:0x00000000 x17:0x00000000 x17=0x00000000
      100245000	      9925	80009766	02709c33	mulh	x24,x1,x7	  x1:0x00000001  x7:0x80000000 x24=0xffffffff
      100255000	      9926	8000976a	66d9	c.lui	x13,0x16	 x13=0x00016000
      100265000	      9927	8000976c	c0a1	c.beqz	x9,800097ac	  x9:0x00000006
      100275000	      9928	8000976e	42e66313	ori	x6,x12,1070	 x12:0x00000000  x6=0x0000042e
      100285000	      9929	80009772	014ad513	srli	x10,x21,0x14	 x21:0xee040356 x10=0x00000ee0
      100295000	      9930	80009776	0d8e	c.slli	x27,0x3	 x27:0x00000000 x27=0x00000000
      100305000	      9931	80009778	00ea4633	xor	x12,x20,x14	 x20:0x3a2c2486 x14:0x00000006 x12=0x3a2c2480
      100315000	      9932	8000977c	0033e463	bltu	x7,x3,80009784	  x7:0x80000000  x3:0x00000006
      100355000	      9936	80009780	02cc9633	mulh	x12,x25,x12	 x25:0x000035f8 x12:0x3a2c2480 x12=0x00000c43
      100365000	      9937	80009784	340d10f3	csrrw	x1,mscratch,x26	 x26:0x2647458e  x1=0x0000000b
      100375000	      9938	80009788	ccd1b313	sltiu	x6,x3,-819	  x3:0x00000006  x6=0x00000001
      100385000	      9939	8000978c	8062ff93	andi	x31,x5,-2042	  x5:0xfbfde000 x31=0xfbfde000
      100395000	      9940	80009790	006b6c63	bltu	x22,x6,800097a8	 x22:0x92846000  x6:0x00000001
      100405000	      9941	80009794	01537933	and	x18,x6,x21	  x6:0x00000001 x21:0xee040356 x18=0x00000000
      100415000	      9942	80009798	00399613	slli	x12,x19,0x3	 x19:0x00000000 x12=0x00000000
      100425000	      9943	8000979c	5fd3e913	ori	x18,x7,1533	  x7:0x80000000 x18=0x800005fd
      100435000	      9944	800097a0	40125693	srai	x13,x4,0x1	  x4:0x00000000 x13=0x00000000
      100475000	      9948	800097a4	035f91b3	mulh	x3,x31,x21	 x31:0xfbfde000 x21:0xee040356  x3=0x0048162a
      100485000	      9949	800097a8	e14e4017	auipc	x0,0xe14e4	  x0=0x00000000
      100495000	      9950	800097ac	0906	c.slli	x18,0x1	 x18:0x800005fd x18=0x00000bfa
      100505000	      9951	800097ae	41dc5eb3	sra	x29,x24,x29	 x24:0xffffffff x29:0x00000006 x29=0xffffffff
      100515000	      9952	800097b2	01dba233	slt	x4,x23,x29	 x23:0x07ffbfde x29:0xffffffff  x4=0x00000000
      100525000	      9953	800097b6	e295	c.bnez	x13,800097da	 x13:0x00000000
      100535000	      9954	800097b8	57016f93	ori	x31,x2,1392	  x2:0x000006b3 x31=0x000007f3
      100545000	      9955	800097bc	34006c73	csrrsi	x24,mscratch,0	 x24=0x2647458e
      100555000	      9956	800097c0	de1e6993	ori	x19,x28,-543	 x28:0x80021e2c x19=0xffffffed
      100565000	      9957	800097c4	6221	c.lui	x4,0x8	  x4=0x00008000
      100575000	      9958	800097c6	c1dd6413	ori	x8,x26,-995	 x26:0x2647458e  x8=0xfffffd9f
      100585000	      9959	800097ca	0001	c.addi	x0,0	  x0:0x00000000  x0=0x00000000
      100595000	      9960	800097cc	31e5e737	lui	x14,0x31e5e	 x14=0x31e5e000
      100965000	      9997	800097d0	038661b3	rem	x3,x12,x24	 x12:0x00000000 x24:0x2647458e  x3=0x00000000
      100975000	      9998	800097d4	0095b433	sltu	x8,x11,x9	 x11:0x00000000  x9:0x00000006  x8=0x00000001
      100985000	      9999	800097d8	8df1	c.and	x11,x12	 x11:0x00000000 x12:0x00000000 x11=0x00000000
      100995000	     10000	800097da	413d5133	sra	x2,x26,x19	 x26:0x2647458e x19:0xffffffed  x2=0x0001323a
      101005000	     10001	800097de	035a5e63	bge	x20,x21,8000981a	 x20:0x3a2c2486 x21:0xee040356
      101035000	     10004	8000981a	05fbe163	bltu	x23,x31,8000985c	 x23:0x07ffbfde x31:0x000007f3
      101045000	     10005	8000981e	017b38b3	sltu	x17,x22,x23	 x22:0x92846000 x23:0x07ffbfde x17=0x00000000
      101055000	     10006	80009822	717d	c.addi16sp	x2,-16	  x2:0x0001323a  x2=0x0001322a
      101065000	     10007	80009824	8cdd	c.or	x9,x15	  x9:0x00000006 x15:0x80025ce4  x9=0x80025ce6
      101075000	     10008	80009826	8ee9	c.and	x13,x10	 x13:0x00000000 x10:0x00000ee0 x13=0x00000000
      101085000	     10009	80009828	40fbda93	srai	x21,x23,0xf	 x23:0x07ffbfde x21=0x00000fff
      101095000	     10010	8000982c	01cead33	slt	x26,x29,x28	 x29:0xffffffff x28:0x80021e2c x26=0x00000000
      101105000	     10011	80009830	08ee	c.slli	x17,0x1b	 x17:0x00000000 x17=0x00000000
      101115000	     10012	80009832	02b98063	beq	x19,x11,80009852	 x19:0xffffffed x11:0x00000000
      101125000	     10013	80009836	00e8d033	srl	x0,x17,x14	 x17:0x00000000 x14:0x31e5e000  x0=0x00000000
      101135000	     10014	8000983a	016e2333	slt	x6,x28,x22	 x28:0x80021e2c x22:0x92846000  x6=0x00000001
      101145000	     10015	8000983e	8da5	c.xor	x11,x9	 x11:0x00000000  x9:0x80025ce6 x11=0x80025ce6
      101155000	     10016	80009840	340064f3	csrrsi	x9,mscratch,0	  x9=0x2647458e
      101165000	     10017	80009844	0198d263	bge	x17,x25,80009848	 x17:0x00000000 x25:0x000035f8
      101175000	     10018	80009848	8d0d	c.sub	x10,x11	 x10:0x00000ee0 x11:0x80025ce6 x10=0x7ffdb1fa
      101185000	     10019	8000984a	340f6df3	csrrsi	x27,mscratch,30	 x27=0x2647458e
      101555000	     10056	8000984e	03fbc1b3	div	x3,x23,x31	 x23:0x07ffbfde x31:0x000007f3  x3=0x0001019a
      101565000	     10057	80009852	8d95	c.sub	x11,x13	 x11:0x80025ce6 x13:0x00000000 x11=0x80025ce6
      101575000	     10058	80009854	34059773	csrrw	x14,mscratch,x11	 x11:0x80025ce6 x14=0x2647459e
      101585000	     10059	80009858	bf61ff17	auipc	x30,0xbf61f	 x30=0x3f628858
      101595000	     10060	8000985c	f4ccfd93	andi	x27,x25,-180	 x25:0x000035f8 x27=0x00003548
      101605000	     10061	80009860	c909	c.beqz	x10,80009872	 x10:0x7ffdb1fa
      101615000	     10062	80009862	416e5013	srai	x0,x28,0x16	 x28:0x80021e2c  x0=0x00000000
      101625000	     10063	80009866	8d29	c.xor	x10,x10	 x10:0x7ffdb1fa x10:0x7ffdb1fa x10=0x00000000
      101635000	     10064	80009868	0ff0000f	fence	iorw,iorw	
      101645000	     10065	8000986c	cd25a593	slti	x11,x11,-814	 x11:0x80025ce6 x11=0x00000001
      101655000	     10066	80009870	8d1d	c.sub	x10,x15	 x10:0x00000000 x15:0x80025ce4 x10=0x7ffda31c
      101665000	     10067	80009872	01f96b33	or	x22,x18,x31	 x18:0x00000bfa x31:0x000007f3 x22=0x00000ffb
      101675000	     10068	80009876	c019	c.beqz	x8,8000987c	  x8:0x00000001
      101685000	     10069	80009878	34006b73	csrrsi	x22,mscratch,0	 x22=0x80025ce6
      101725000	     10073	8000987c	03f0a433	mulhsu	x8,x1,x31	  x1:0x0000000b x31:0x000007f3  x8=0x00000000
      101735000	     10074	80009880	6141	c.addi16sp	x2,16	  x2:0x0001322a  x2=0x0001323a
      101745000	     10075	80009882	c489	c.beqz	x9,8000988c	  x9:0x2647458e
      101755000	     10076	80009884	7a554bb7	lui	x23,0x7a554	 x23=0x7a554000
      101765000	     10077	80009888	23f41cb7	lui	x25,0x23f41	 x25=0x23f41000
      101775000	     10078	8000988c	3402f073	csrrci	x0,mscratch,5	  x0=0x00000000
      101785000	     10079	80009890	404774b7	lui	x9,0x40477	  x9=0x40477000
      101795000	     10080	80009894	41225733	sra	x14,x4,x18	  x4:0x00008000 x18:0x00000bfa x14=0x00000000
      101805000	     10081	80009898	8d25	c.xor	x10,x9	 x10:0x7ffda31c  x9:0x40477000 x10=0x3fbad31c
      101815000	     10082	8000989a	40d289b3	sub	x19,x5,x13	  x5:0xfbfde000 x13:0x00000000 x19=0xfbfde000
      101825000	     10083	8000989e	810d	c.srli	x10,0x3	 x10:0x3fbad31c x10=0x07f75a63
      101835000	     10084	800098a0	013e9b63	bne	x29,x19,800098b6	 x29:0xffffffff x19:0xfbfde000
      101855000	     10086	800098b6	997d	c.andi	x10,-1	 x10:0x07f75a63 x10=0x07f75a63
      101865000	     10087	800098b8	0a51ccb7	lui	x25,0xa51c	 x25=0x0a51c000
      101875000	     10088	800098bc	340e5ef3	csrrwi	x29,mscratch,28	 x29=0x80025ce2
      101885000	     10089	800098c0	41698b33	sub	x22,x19,x22	 x19:0xfbfde000 x22:0x80025ce6 x22=0x7bfb831a
      101895000	     10090	800098c4	01fedd33	srl	x26,x29,x31	 x29:0x80025ce2 x31:0x000007f3 x26=0x00001000
      101905000	     10091	800098c8	0000100f	fence.i	
      101955000	     10096	800098cc	0287bcb3	mulhu	x25,x15,x8	 x15:0x80025ce4  x8:0x00000000 x25=0x00000000
      101965000	     10097	800098d0	0389de63	bge	x19,x24,8000990c	 x19:0xfbfde000 x24:0x2647458e
      102005000	     10101	800098d4	03e22b33	mulhsu	x22,x4,x30	  x4:0x00008000 x30:0x3f628858 x22=0x00001fb1
      102015000	     10102	800098d8	95cbbc93	sltiu	x25,x23,-1700	 x23:0x7a554000 x25=0x00000001
      102025000	     10103	800098dc	0bb2	c.slli	x23,0xc	 x23:0x7a554000 x23=0x54000000
      102035000	     10104	800098de	02074d63	blt	x14,x0,80009918	 x14:0x00000000  x0:0x00000000
      102045000	     10105	800098e2	34097c73	csrrci	x24,mscratch,18	 x24=0x0000001c
      102055000	     10106	800098e6	01ce9033	sll	x0,x29,x28	 x29:0x80025ce2 x28:0x80021e2c  x0=0x00000000
      102065000	     10107	800098ea	0025f863	bgeu	x11,x2,800098fa	 x11:0x00000001  x2:0x0001323a
      102075000	     10108	800098ee	340d3ff3	csrrc	x31,mscratch,x26	 x26:0x00001000 x31=0x0000000c
      102085000	     10109	800098f2	00569363	bne	x13,x5,800098f8	 x13:0x00000000  x5:0xfbfde000
      102105000	     10111	800098f8	8956	c.mv	x18,x21	  x0:0x00000000 x21:0x00000fff x18=0x00000fff
      102475000	     10148	800098fa	0261f1b3	remu	x3,x3,x6	  x3:0x0001019a  x6:0x00000001  x3=0x00000000
      102495000	     10150	800098fe	02cc55b3	divu	x11,x24,x12	 x24:0x0000001c x12:0x00000000 x11=0xffffffff
      102865000	     10187	80009902	033d6b33	rem	x22,x26,x19	 x26:0x00001000 x19:0xfbfde000 x22=0x00001000
      102875000	     10188	80009906	98fd	c.andi	x9,-1	  x9:0x40477000  x9=0x40477000
      102915000	     10192	80009908	020cad33	mulhsu	x26,x25,x0	 x25:0x00000001  x0:0x00000000 x26=0x00000000
      102925000	     10193	8000990c	cf0d	c.beqz	x14,80009946	 x14:0x00000000
      102955000	     10196	80009946	3403faf3	csrrci	x21,mscratch,7	 x21=0x0000000c
      102995000	     10200	8000994a	03763433	mulhu	x8,x12,x23	 x12:0x00000000 x23:0x54000000  x8=0x00000000
      103005000	     10201	8000994e	59eed537	lui	x10,0x59eed	 x10=0x59eed000
      103015000	     10202	80009952	4041dd93	srai	x27,x3,0x4	  x3:0x00000000 x27=0x00000000
      103045000	     10205	80009956	02ea8133	mul	x2,x21,x14	 x21:0x0000000c x14:0x00000000  x2=0x00000000
      103055000	     10206	8000995a	80f1	c.srli	x9,0x1c	  x9:0x40477000  x9=0x00000004
      103065000	     10207	8000995c	8c81	c.sub	x9,x8	  x9:0x00000004  x8:0x00000000  x9=0x00000004
      103075000	     10208	8000995e	0001	c.addi	x0,0	  x0:0x00000000  x0=0x00000000
      103085000	     10209	80009960	4c423c93	sltiu	x25,x4,1220	  x4:0x00008000 x25=0x00000000
      103095000	     10210	80009964	8769	c.srai	x14,0x1a	 x14:0x00000000 x14=0x00000000
      103105000	     10211	80009966	c219	c.beqz	x12,8000996c	 x12:0x00000000
      103485000	     10249	8000996c	024441b3	div	x3,x8,x4	  x8:0x00000000  x4:0x00008000  x3=0x00000000
      103495000	     10250	80009970	e095	c.bnez	x9,80009994	  x9:0x00000004
      103515000	     10252	80009994	00a42eb3	slt	x29,x8,x10	  x8:0x00000000 x10:0x59eed000 x29=0x00000001
      103525000	     10253	80009998	8cc9	c.or	x9,x10	  x9:0x00000004 x10:0x59eed000  x9=0x59eed004
      103535000	     10254	8000999a	3a4b3b13	sltiu	x22,x22,932	 x22:0x00001000 x22=0x00000000
      103545000	     10255	8000999e	00a52bb3	slt	x23,x10,x10	 x10:0x59eed000 x10:0x59eed000 x23=0x00000000
      103555000	     10256	800099a2	00ade863	bltu	x27,x10,800099b2	 x27:0x00000000 x10:0x59eed000
      103945000	     10295	800099b2	03fa4433	div	x8,x20,x31	 x20:0x3a2c2486 x31:0x0000000c  x8=0x04d9030b
      103955000	     10296	800099b6	019842b3	xor	x5,x16,x25	 x16:0x00000000 x25:0x00000000  x5=0x00000000
      103965000	     10297	800099ba	009f1763	bne	x30,x9,800099c8	 x30:0x3f628858  x9:0x59eed004
      103985000	     10299	800099c8	8e19	c.sub	x12,x14	 x12:0x00000000 x14:0x00000000 x12=0x00000000
      103995000	     10300	800099ca	ee15	c.bnez	x12,80009a06	 x12:0x00000000
      104005000	     10301	800099cc	0080	c.addi4spn	x8,x2,64	  x8=0x00000040
      104015000	     10302	800099ce	0321f563	bgeu	x3,x18,800099f8	  x3:0x00000000 x18:0x00000fff
      104025000	     10303	800099d2	fbb68d97	auipc	x27,0xfbb68	 x27=0x7bb719d2
      104035000	     10304	800099d6	880e	c.mv	x16,x3	  x0:0x00000000  x3:0x00000000 x16=0x00000000
      104045000	     10305	800099d8	000bb2b3	sltu	x5,x23,x0	 x23:0x00000000  x0:0x00000000  x5=0x00000000
      104055000	     10306	800099dc	005da233	slt	x4,x27,x5	 x27:0x7bb719d2  x5:0x00000000  x4=0x00000000
      104065000	     10307	800099e0	8af2	c.mv	x21,x28	  x0:0x00000000 x28:0x80021e2c x21=0x80021e2c
      104075000	     10308	800099e2	8f61	c.and	x14,x8	 x14:0x00000000  x8:0x00000040 x14=0x00000000
      104085000	     10309	800099e4	0057b533	sltu	x10,x15,x5	 x15:0x80025ce4  x5:0x00000000 x10=0x00000000
      104095000	     10310	800099e8	8135	c.srli	x10,0xd	 x10:0x00000000 x10=0x00000000
      104105000	     10311	800099ea	0001	c.addi	x0,0	  x0:0x00000000  x0=0x00000000
      104145000	     10315	800099ec	027832b3	mulhu	x5,x16,x7	 x16:0x00000000  x7:0x80000000  x5=0x00000000
      104155000	     10316	800099f0	717d	c.addi16sp	x2,-16	  x2:0x00000000  x2=0xfffffff0
      104165000	     10317	800099f2	717d	c.addi16sp	x2,-16	  x2:0xfffffff0  x2=0xffffffe0
      104175000	     10318	800099f4	34081973	csrrw	x18,mscratch,x16	 x16:0x00000000 x18=0x00000008
      104215000	     10322	800099f8	02a6b6b3	mulhu	x13,x13,x10	 x13:0x00000000 x10:0x00000000 x13=0x00000000
      104225000	     10323	800099fc	003b3db3	sltu	x27,x22,x3	 x22:0x00000000  x3:0x00000000 x27=0x00000000
      104235000	     10324	80009a00	9afd	c.andi	x13,-1	 x13:0x00000000 x13=0x00000000
      104605000	     10361	80009a02	021a5133	divu	x2,x20,x1	 x20:0x3a2c2486  x1:0x0000000b  x2=0x0549d4c6
      104615000	     10362	80009a06	e095	c.bnez	x9,80009a2a	  x9:0x59eed004
      104645000	     10365	80009a2a	d26d7b13	andi	x22,x26,-730	 x26:0x00000000 x22=0x00000000
      104655000	     10366	80009a2e	0058abb3	slt	x23,x17,x5	 x17:0x00000000  x5:0x00000000 x23=0x00000000
      104665000	     10367	80009a32	8225	c.srli	x12,0x9	 x12:0x00000000 x12=0x00000000
      104675000	     10368	80009a34	01319d33	sll	x26,x3,x19	  x3:0x00000000 x19:0xfbfde000 x26=0x00000000
      104685000	     10369	80009a38	03454a63	blt	x10,x20,80009a6c	 x10:0x00000000 x20:0x3a2c2486
      104705000	     10371	80009a6c	01ee1293	slli	x5,x28,0x1e	 x28:0x80021e2c  x5=0x00000000
      104715000	     10372	80009a70	01f3f863	bgeu	x7,x31,80009a80	  x7:0x80000000 x31:0x0000000c
      104735000	     10374	80009a80	6105	c.addi16sp	x2,32	  x2:0x0549d4c6  x2=0x0549d4e6
      104745000	     10375	80009a82	8c92	c.mv	x25,x4	  x0:0x00000000  x4:0x00000000 x25=0x00000000
      104785000	     10379	80009a84	0294a033	mulhsu	x0,x9,x9	  x9:0x59eed004  x9:0x59eed004  x0=0x00000000
      104795000	     10380	80009a88	0114	c.addi4spn	x13,x2,128	 x13=0x0549d566
      104805000	     10381	80009a8a	00745e93	srli	x29,x8,0x7	  x8:0x00000040 x29=0x00000000
      104815000	     10382	80009a8e	02d14163	blt	x2,x13,80009ab0	  x2:0x0549d4e6 x13:0x0549d566
      104865000	     10387	80009ab0	02703ab3	mulhu	x21,x0,x7	  x0:0x00000000  x7:0x80000000 x21=0x00000000
      104875000	     10388	80009ab4	5d7d	c.li	x26,-1	 x26=0xffffffff
      104885000	     10389	80009ab6	340e9873	csrrw	x16,mscratch,x29	 x29:0x00000000 x16=0x00000000
      104895000	     10390	80009aba	007bc663	blt	x23,x7,80009ac6	 x23:0x00000000  x7:0x80000000
      104905000	     10391	80009abe	8c95	c.sub	x9,x13	  x9:0x59eed004 x13:0x0549d566  x9=0x54a4fa9e
      104915000	     10392	80009ac0	0001	c.addi	x0,0	  x0:0x00000000  x0=0x00000000
      104925000	     10393	80009ac2	34047173	csrrci	x2,mscratch,8	  x2=0x00000000
      104935000	     10394	80009ac6	0001	c.addi	x0,0	  x0:0x00000000  x0=0x00000000
      104945000	     10395	80009ac8	ec3b8093	addi	x1,x23,-317	 x23:0x00000000  x1=0xfffffec3
      104955000	     10396	80009acc	01db8463	beq	x23,x29,80009ad4	 x23:0x00000000 x29:0x00000000
      104975000	     10398	80009ad4	8df1	c.and	x11,x12	 x11:0xffffffff x12:0x00000000 x11=0x00000000
      105005000	     10401	80009ad6	02da8433	mul	x8,x21,x13	 x21:0x00000000 x13:0x0549d566  x8=0x00000000
      105015000	     10402	80009ada	615d	c.addi16sp	x2,432	  x2:0x00000000  x2=0x000001b0
      105025000	     10403	80009adc	9312	c.add	x6,x4	  x6:0x00000001  x4:0x00000000  x6=0x00000001
      105035000	     10404	80009ade	00e77933	and	x18,x14,x14	 x14:0x00000000 x14:0x00000000 x18=0x00000000
      105045000	     10405	80009ae2	0ce1	c.addi	x25,24	 x25:0x00000000 x25=0x00000018
      105055000	     10406	80009ae4	3405fef3	csrrci	x29,mscratch,11	 x29=0x00000000
      105095000	     10410	80009ae8	0352a233	mulhsu	x4,x5,x21	  x5:0x00000000 x21:0x00000000  x4=0x00000000
      105105000	     10411	80009aec	6131	c.addi16sp	x2,320	  x2:0x000001b0  x2=0x000002f0
      105115000	     10412	80009aee	0001	c.addi	x0,0	  x0:0x00000000  x0=0x00000000
      105125000	     10413	80009af0	002f6633	or	x12,x30,x2	 x30:0x3f628858  x2:0x000002f0 x12=0x3f628af8
      105135000	     10414	80009af4	d01a8f13	addi	x30,x21,-767	 x21:0x00000000 x30=0xfffffd01
      105145000	     10415	80009af8	24b40b93	addi	x23,x8,587	  x8:0x00000000 x23=0x0000024b
      105155000	     10416	80009afc	880d	c.andi	x8,3	  x8:0x00000000  x8=0x00000000
      105165000	     10417	80009afe	9a7d	c.andi	x12,-1	 x12:0x3f628af8 x12=0x3f628af8
      105175000	     10418	80009b00	0439e063	bltu	x19,x3,80009b40	 x19:0xfbfde000  x3:0x00000000
      105185000	     10419	80009b04	8ead	c.xor	x13,x11	 x13:0x0549d566 x11:0x00000000 x13=0x0549d566
      105195000	     10420	80009b06	018fc633	xor	x12,x31,x24	 x31:0x0000000c x24:0x0000001c x12=0x00000010
      105205000	     10421	80009b0a	010a1613	slli	x12,x20,0x10	 x20:0x3a2c2486 x12=0x24860000
      105215000	     10422	80009b0e	0001	c.addi	x0,0	  x0:0x00000000  x0=0x00000000
      105255000	     10426	80009b10	02741d33	mulh	x26,x8,x7	  x8:0x00000000  x7:0x80000000 x26=0x00000000
      105265000	     10427	80009b14	01a1f033	and	x0,x3,x26	  x3:0x00000000 x26:0x00000000  x0=0x00000000
      105275000	     10428	80009b18	03325963	bge	x4,x19,80009b4a	  x4:0x00000000 x19:0xfbfde000
      105305000	     10431	80009b4a	ea6af713	andi	x14,x21,-346	 x21:0x00000000 x14=0x00000000
      105315000	     10432	80009b4e	01979333	sll	x6,x15,x25	 x15:0x80025ce4 x25:0x00000018  x6=0xe4000000
      105325000	     10433	80009b52	0000100f	fence.i	
      105345000	     10435	80009b56	9b6a	c.add	x22,x26	 x22:0x00000000 x26:0x00000000 x22=0x00000000
      105355000	     10436	80009b58	b35a3e93	sltiu	x29,x20,-1227	 x20:0x3a2c2486 x29=0x00000001
      105365000	     10437	80009b5c	34071873	csrrw	x16,mscratch,x14	 x14:0x00000000 x16=0x00000000
      105375000	     10438	80009b60	8d45	c.or	x10,x9	 x10:0x00000000  x9:0x54a4fa9e x10=0x54a4fa9e
      105385000	     10439	80009b62	017b7b63	bgeu	x22,x23,80009b78	 x22:0x00000000 x23:0x0000024b
      105755000	     10476	80009b66	02f3e533	rem	x10,x7,x15	  x7:0x80000000 x15:0x80025ce4 x10=0xfffda31c
      105765000	     10477	80009b6a	1c68e713	ori	x14,x17,454	 x17:0x00000000 x14=0x000001c6
      105775000	     10478	80009b6e	c271ea13	ori	x20,x3,-985	  x3:0x00000000 x20=0xfffffc27
      105785000	     10479	80009b72	4ea5	c.li	x29,9	 x29=0x00000009
      105795000	     10480	80009b74	0001	c.addi	x0,0	  x0:0x00000000  x0=0x00000000
      105805000	     10481	80009b76	cb19	c.beqz	x14,80009b8c	 x14:0x000001c6
      105815000	     10482	80009b78	059d6163	bltu	x26,x25,80009bba	 x26:0x00000000 x25:0x00000018
      105845000	     10485	80009bba	03358b63	beq	x11,x19,80009bf0	 x11:0x00000000 x19:0xfbfde000
      105855000	     10486	80009bbe	8f61	c.and	x14,x8	 x14:0x000001c6  x8:0x00000000 x14=0x00000000
      105865000	     10487	80009bc0	0174d663	bge	x9,x23,80009bcc	  x9:0x54a4fa9e x23:0x0000024b
      105915000	     10492	80009bcc	02ddb433	mulhu	x8,x27,x13	 x27:0x00000000 x13:0x0549d566  x8=0x00000000
      105925000	     10493	80009bd0	019d3433	sltu	x8,x26,x25	 x26:0x00000000 x25:0x00000018  x8=0x00000001
      105935000	     10494	80009bd4	0ff0000f	fence	iorw,iorw	
      105945000	     10495	80009bd8	00614eb3	xor	x29,x2,x6	  x2:0x000002f0  x6:0xe4000000 x29=0xe40002f0
      105955000	     10496	80009bdc	622d	c.lui	x4,0xb	  x4=0x0000b000
      105965000	     10497	80009bde	3400f1f3	csrrci	x3,mscratch,1	  x3=0x00000000
      105975000	     10498	80009be2	340029f3	csrrs	x19,mscratch,x0	  x0:0x00000000 x19=0x00000000
      105985000	     10499	80009be6	00734733	xor	x14,x6,x7	  x6:0xe4000000  x7:0x80000000 x14=0x64000000
      105995000	     10500	80009bea	0001	c.addi	x0,0	  x0:0x00000000  x0=0x00000000
      106005000	     10501	80009bec	e58d	c.bnez	x11,80009c16	 x11:0x00000000
      106015000	     10502	80009bee	c699	c.beqz	x13,80009bfc	 x13:0x0549d566
      106035000	     10504	80009bf0	0302d233	divu	x4,x5,x16	  x5:0x00000000 x16:0x00000000  x4=0xffffffff
      106045000	     10505	80009bf4	00b21cb3	sll	x25,x4,x11	  x4:0xffffffff x11:0x00000000 x25=0xffffffff
      106055000	     10506	80009bf8	8e5d	c.or	x12,x15	 x12:0x24860000 x15:0x80025ce4 x12=0xa4865ce4
      106065000	     10507	80009bfa	0001	c.addi	x0,0	  x0:0x00000000  x0=0x00000000
      106075000	     10508	80009bfc	8e91	c.sub	x13,x12	 x13:0x0549d566 x12:0xa4865ce4 x13=0x60c37882
      106085000	     10509	80009bfe	00e2beb3	sltu	x29,x5,x14	  x5:0x00000000 x14:0x64000000 x29=0x00000001
      106105000	     10511	80009c02	020571b3	remu	x3,x10,x0	 x10:0xfffda31c  x0:0x00000000  x3=0xfffda31c
      106115000	     10512	80009c06	419d04b3	sub	x9,x26,x25	 x26:0x00000000 x25:0xffffffff  x9=0x00000001
      106125000	     10513	80009c0a	340066f3	csrrsi	x13,mscratch,0	 x13=0x00000000
      106495000	     10550	80009c0e	02197333	remu	x6,x18,x1	 x18:0x00000000  x1:0xfffffec3  x6=0x00000000
      106505000	     10551	80009c12	1f80	c.addi4spn	x8,x2,1008	  x8=0x000006e0
      106515000	     10552	80009c14	849d	c.srai	x9,0x7	  x9:0x00000001  x9=0x00000000
      106525000	     10553	80009c16	0001	c.addi	x0,0	  x0:0x00000000  x0=0x00000000
      106535000	     10554	80009c18	0032deb3	srl	x29,x5,x3	  x5:0x00000000  x3:0xfffda31c x29=0x00000000
      106545000	     10555	80009c1c	0001	c.addi	x0,0	  x0:0x00000000  x0=0x00000000
      106555000	     10556	80009c1e	34003073	csrrc	x0,mscratch,x0	  x0:0x00000000  x0=0x00000000
      106565000	     10557	80009c22	340076f3	csrrci	x13,mscratch,0	 x13=0x00000000
      106575000	     10558	80009c26	8b6d	c.andi	x14,27	 x14:0x64000000 x14=0x00000000
      106585000	     10559	80009c28	03f60063	beq	x12,x31,80009c48	 x12:0xa4865ce4 x31:0x0000000c
      106955000	     10596	80009c2c	03c8cd33	div	x26,x17,x28	 x17:0x00000000 x28:0x80021e2c x26=0x00000000
      106965000	     10597	80009c30	9a7d	c.andi	x12,-1	 x12:0xa4865ce4 x12=0xa4865ce4
      106975000	     10598	80009c32	9f92	c.add	x31,x4	 x31:0x0000000c  x4:0xffffffff x31=0x0000000b
      106985000	     10599	80009c34	6149	c.addi16sp	x2,144	  x2:0x000002f0  x2=0x00000380
      106995000	     10600	80009c36	e2a1	c.bnez	x13,80009c76	 x13:0x00000000
      107005000	     10601	80009c38	6a31	c.lui	x20,0xc	 x20=0x0000c000
      107015000	     10602	80009c3a	8a41	c.andi	x12,16	 x12:0xa4865ce4 x12=0x00000000
      107025000	     10603	80009c3c	0001	c.addi	x0,0	  x0:0x00000000  x0=0x00000000
      107035000	     10604	80009c3e	0575	c.addi	x10,29	 x10:0xfffda31c x10=0xfffda339
      107045000	     10605	80009c40	0ff0000f	fence	iorw,iorw	
      107055000	     10606	80009c44	273d7293	andi	x5,x26,627	 x26:0x00000000  x5=0x00000000
      107065000	     10607	80009c48	013ea133	slt	x2,x29,x19	 x29:0x00000000 x19:0x00000000  x2=0x00000000
      107075000	     10608	80009c4c	34003173	csrrc	x2,mscratch,x0	  x0:0x00000000  x2=0x00000000
      107085000	     10609	80009c50	34007373	csrrci	x6,mscratch,0	  x6=0x00000000
      107095000	     10610	80009c54	340078f3	csrrci	x17,mscratch,0	 x17=0x00000000
      107105000	     10611	80009c58	8169	c.srli	x10,0x1a	 x10:0xfffda339 x10=0x0000003f
      107115000	     10612	80009c5a	8849	c.andi	x8,18	  x8:0x000006e0  x8=0x00000000
      107125000	     10613	80009c5c	025fc063	blt	x31,x5,80009c7c	 x31:0x0000000b  x5:0x00000000
      107145000	     10615	80009c60	03125733	divu	x14,x4,x17	  x4:0xffffffff x17:0x00000000 x14=0xffffffff
      107155000	     10616	80009c64	009e5c93	srli	x25,x28,0x9	 x28:0x80021e2c x25=0x0040010f
      107165000	     10617	80009c68	8ec1	c.or	x13,x8	 x13:0x00000000  x8:0x00000000 x13=0x00000000
      107185000	     10619	80009c6a	03645533	divu	x10,x8,x22	  x8:0x00000000 x22:0x00000000 x10=0xffffffff
      107195000	     10620	80009c6e	68e7b513	sltiu	x10,x15,1678	 x15:0x80025ce4 x10=0x00000000
      107235000	     10624	80009c72	02841533	mulh	x10,x8,x8	  x8:0x00000000  x8:0x00000000 x10=0x00000000
      107245000	     10625	80009c76	8351	c.srli	x14,0x14	 x14:0xffffffff x14=0x00000fff
      107255000	     10626	80009c78	038b9c63	bne	x23,x24,80009cb0	 x23:0x0000024b x24:0x0000001c
      107275000	     10628	80009cb0	3609fe93	andi	x29,x19,864	 x19:0x00000000 x29=0x00000000
      107285000	     10629	80009cb4	950e	c.add	x10,x3	 x10:0x00000000  x3:0xfffda31c x10=0xfffda31c
      107295000	     10630	80009cb6	4150a897	auipc	x17,0x4150a	 x17=0xc1513cb6
      107305000	     10631	80009cba	0308	c.addi4spn	x10,x2,384	 x10=0x00000180
      107315000	     10632	80009cbc	cf8f4c93	xori	x25,x30,-776	 x30:0xfffffd01 x25=0x000001f9
      107325000	     10633	80009cc0	011b3eb3	sltu	x29,x22,x17	 x22:0x00000000 x17:0xc1513cb6 x29=0x00000001
      107335000	     10634	80009cc4	1840fd93	andi	x27,x1,388	  x1:0xfffffec3 x27=0x00000080
      107345000	     10635	80009cc8	827c8313	addi	x6,x25,-2009	 x25:0x000001f9  x6=0xfffffa20
      107355000	     10636	80009ccc	615d	c.addi16sp	x2,432	  x2:0x00000000  x2=0x000001b0
      107365000	     10637	80009cce	00b85833	srl	x16,x16,x11	 x16:0x00000000 x11:0x00000000 x16=0x00000000
      107375000	     10638	80009cd2	3406db73	csrrwi	x22,mscratch,13	 x22=0x00000000
      107385000	     10639	80009cd6	a2bf6697	auipc	x13,0xa2bf6	 x13=0x22bffcd6
      107395000	     10640	80009cda	8cb1	c.xor	x9,x12	  x9:0x00000000 x12:0x00000000  x9=0x00000000
      107405000	     10641	80009cdc	3404d273	csrrwi	x4,mscratch,9	  x4=0x0000000d
      107415000	     10642	80009ce0	147d	c.addi	x8,-1	  x8:0x00000000  x8=0xffffffff
      107425000	     10643	80009ce2	013155b3	srl	x11,x2,x19	  x2:0x000001b0 x19:0x00000000 x11=0x000001b0
      107435000	     10644	80009ce6	037e5a63	bge	x28,x23,80009d1a	 x28:0x80021e2c x23:0x0000024b
      107445000	     10645	80009cea	8cad	c.xor	x9,x11	  x9:0x00000000 x11:0x000001b0  x9=0x000001b0
      107455000	     10646	80009cec	00315a93	srli	x21,x2,0x3	  x2:0x000001b0 x21=0x00000036
      107465000	     10647	80009cf0	4f010d93	addi	x27,x2,1264	  x2:0x000001b0 x27=0x000006a0
      107475000	     10648	80009cf4	00b27663	bgeu	x4,x11,80009d00	  x4:0x0000000d x11:0x000001b0
      107485000	     10649	80009cf8	01325bb3	srl	x23,x4,x19	  x4:0x0000000d x19:0x00000000 x23=0x0000000d
      107495000	     10650	80009cfc	01d18a63	beq	x3,x29,80009d10	  x3:0xfffda31c x29:0x00000001
      107505000	     10651	80009d00	8cc2	c.mv	x25,x16	  x0:0x00000000 x16:0x00000000 x25=0x00000000
      107545000	     10655	80009d02	03462133	mulhsu	x2,x12,x20	 x12:0x00000000 x20:0x0000c000  x2=0x00000000
      107555000	     10656	80009d06	9692	c.add	x13,x4	 x13:0x22bffcd6  x4:0x0000000d x13=0x22bffce3
      107565000	     10657	80009d08	d7dea913	slti	x18,x29,-643	 x29:0x00000001 x18=0x00000000
      107575000	     10658	80009d0c	8c19	c.sub	x8,x14	  x8:0xffffffff x14:0x00000fff  x8=0xfffff000
      107585000	     10659	80009d0e	8e6d	c.and	x12,x11	 x12:0x00000000 x11:0x000001b0 x12=0x00000000
      107595000	     10660	80009d10	01a7dc33	srl	x24,x15,x26	 x15:0x80025ce4 x26:0x00000000 x24=0x80025ce4
      107605000	     10661	80009d14	19fd	c.addi	x19,-1	 x19:0x00000000 x19=0xffffffff
      107615000	     10662	80009d16	41c3db93	srai	x23,x7,0x1c	  x7:0x80000000 x23=0xfffffff8
      107635000	     10664	80009d1a	03284333	div	x6,x16,x18	 x16:0x00000000 x18:0x00000000  x6=0xffffffff
      107645000	     10665	80009d1e	6285	c.lui	x5,0x1	  x5=0x00001000
      107655000	     10666	80009d20	8db1	c.xor	x11,x12	 x11:0x000001b0 x12:0x00000000 x11=0x000001b0
      107665000	     10667	80009d22	8b1d	c.andi	x14,7	 x14:0x00000fff x14=0x00000007
      107705000	     10671	80009d24	0229bbb3	mulhu	x23,x19,x2	 x19:0xffffffff  x2:0x00000000 x23=0x00000000
      107715000	     10672	80009d28	3402d873	csrrwi	x16,mscratch,5	 x16=0x00000009
      107755000	     10676	80009d2c	037f9033	mulh	x0,x31,x23	 x31:0x0000000b x23:0x00000000  x0=0x00000000
      107765000	     10677	80009d30	862d	c.srai	x12,0xb	 x12:0x00000000 x12=0x00000000
      107775000	     10678	80009d32	64b9	c.lui	x9,0xe	  x9=0x0000e000
      107785000	     10679	80009d34	e51ce013	ori	x0,x25,-431	 x25:0x00000000  x0=0x00000000
      107795000	     10680	80009d38	34001373	csrrw	x6,mscratch,x0	  x0:0x00000000  x6=0x00000005
      107805000	     10681	80009d3c	9446	c.add	x8,x17	  x8:0xfffff000 x17:0xc1513cb6  x8=0xc1512cb6
      107815000	     10682	80009d3e	34002173	csrrs	x2,mscratch,x0	  x0:0x00000000  x2=0x00000000
      107825000	     10683	80009d42	8ded	c.and	x11,x11	 x11:0x000001b0 x11:0x000001b0 x11=0x000001b0
      107855000	     10686	80009d44	023808b3	mul	x17,x16,x3	 x16:0x00000009  x3:0xfffda31c x17=0xffeabbfc
      107865000	     10687	80009d48	0000100f	fence.i	
      107885000	     10689	80009d4c	d96ba213	slti	x4,x23,-618	 x23:0x00000000  x4=0x00000000
      107895000	     10690	80009d50	033d7563	bgeu	x26,x19,80009d7a	 x26:0x00000000 x19:0xffffffff
      107905000	     10691	80009d54	34007d73	csrrci	x26,mscratch,0	 x26=0x00000000
      107915000	     10692	80009d58	4f27eab7	lui	x21,0x4f27e	 x21=0x4f27e000
      107925000	     10693	80009d5c	82aa3193	sltiu	x3,x20,-2006	 x20:0x0000c000  x3=0x00000001
      107935000	     10694	80009d60	34002ef3	csrrs	x29,mscratch,x0	  x0:0x00000000 x29=0x00000000
      107945000	     10695	80009d64	8f31	c.xor	x14,x12	 x14:0x00000007 x12:0x00000000 x14=0x00000007
      107955000	     10696	80009d66	340ef1f3	csrrci	x3,mscratch,29	  x3=0x00000000
      107965000	     10697	80009d6a	0098d6b3	srl	x13,x17,x9	 x17:0xffeabbfc  x9:0x0000e000 x13=0xffeabbfc
      107975000	     10698	80009d6e	01dc08b3	add	x17,x24,x29	 x24:0x80025ce4 x29:0x00000000 x17=0x80025ce4
      107985000	     10699	80009d72	34007273	csrrci	x4,mscratch,0	  x4=0x00000000
      107995000	     10700	80009d76	00f19933	sll	x18,x3,x15	  x3:0x00000000 x15:0x80025ce4 x18=0x00000000
      108005000	     10701	80009d7a	6169	c.addi16sp	x2,208	  x2:0x00000000  x2=0x000000d0
      108015000	     10702	80009d7c	e019	c.bnez	x8,80009d82	  x8:0xc1512cb6
      108045000	     10705	80009d82	e71b45b7	lui	x11,0xe71b4	 x11=0xe71b4000
      108055000	     10706	80009d86	cc0d	c.beqz	x8,80009dc0	  x8:0xc1512cb6
      108065000	     10707	80009d88	016ef1b3	and	x3,x29,x22	 x29:0x00000000 x22:0x00000000  x3=0x00000000
      108105000	     10711	80009d8c	020031b3	mulhu	x3,x0,x0	  x0:0x00000000  x0:0x00000000  x3=0x00000000
      108125000	     10713	80009d90	02cff433	remu	x8,x31,x12	 x31:0x0000000b x12:0x00000000  x8=0x0000000b
      108135000	     10714	80009d94	01e21533	sll	x10,x4,x30	  x4:0x00000000 x30:0xfffffd01 x10=0x00000000
      108505000	     10751	80009d98	030e55b3	divu	x11,x28,x16	 x28:0x80021e2c x16:0x00000009 x11=0x0e391fcc
      108515000	     10752	80009d9c	0038df93	srli	x31,x17,0x3	 x17:0x80025ce4 x31=0x10004b9c
      108525000	     10753	80009da0	0001	c.addi	x0,0	  x0:0x00000000  x0=0x00000000
      108535000	     10754	80009da2	014c6a63	bltu	x24,x20,80009db6	 x24:0x80025ce4 x20:0x0000c000
      108545000	     10755	80009da6	8d39	c.xor	x10,x14	 x10:0x00000000 x14:0x00000007 x10=0x00000007
      108555000	     10756	80009da8	0e18	c.addi4spn	x14,x2,784	 x14=0x000003e0
      108565000	     10757	80009daa	00df1113	slli	x2,x30,0xd	 x30:0xfffffd01  x2=0xffa02000
      108605000	     10761	80009dae	029b9333	mulh	x6,x23,x9	 x23:0x00000000  x9:0x0000e000  x6=0x00000000
      108625000	     10763	80009db2	020b6733	rem	x14,x22,x0	 x22:0x00000000  x0:0x00000000 x14=0x00000000
      108635000	     10764	80009db6	0371ce63	blt	x3,x23,80009df2	  x3:0x00000000 x23:0x00000000
      108645000	     10765	80009dba	01526a33	or	x20,x4,x21	  x4:0x00000000 x21:0x4f27e000 x20=0x4f27e000
      108655000	     10766	80009dbe	8e89	c.sub	x13,x10	 x13:0xffeabbfc x10:0x00000007 x13=0xffeabbf5
      108695000	     10770	80009dc0	0336a8b3	mulhsu	x17,x13,x19	 x13:0xffeabbf5 x19:0xffffffff x17=0xffeabbf5
      108705000	     10771	80009dc4	0152bb33	sltu	x22,x5,x21	  x5:0x00001000 x21:0x4f27e000 x22=0x00000001
      108715000	     10772	80009dc8	0074c363	blt	x9,x7,80009dce	  x9:0x0000e000  x7:0x80000000
      108725000	     10773	80009dcc	8d51	c.or	x10,x12	 x10:0x00000007 x12:0x00000000 x10=0x00000007
      108765000	     10777	80009dce	02871b33	mulh	x22,x14,x8	 x14:0x00000000  x8:0x0000000b x22=0x00000000
      108775000	     10778	80009dd2	00b9c563	blt	x19,x11,80009ddc	 x19:0xffffffff x11:0x0e391fcc
      108795000	     10780	80009ddc	0000100f	fence.i	
      108815000	     10782	80009de0	0054cf63	blt	x9,x5,80009dfe	  x9:0x0000e000  x5:0x00001000
      108825000	     10783	80009de4	8bd6	c.mv	x23,x21	  x0:0x00000000 x21:0x4f27e000 x23=0x4f27e000
      108835000	     10784	80009de6	d871e213	ori	x4,x3,-633	  x3:0x00000000  x4=0xfffffd87
      108845000	     10785	80009dea	45ab6497	auipc	x9,0x45ab6	  x9=0xc5abfdea
      108855000	     10786	80009dee	0ff0000f	fence	iorw,iorw	
      108865000	     10787	80009df2	005e19b3	sll	x19,x28,x5	 x28:0x80021e2c  x5:0x00001000 x19=0x80021e2c
      108875000	     10788	80009df6	c58d	c.beqz	x11,80009e20	 x11:0x0e391fcc
      108885000	     10789	80009df8	00589833	sll	x16,x17,x5	 x17:0xffeabbf5  x5:0x00001000 x16=0xffeabbf5
      108895000	     10790	80009dfc	8d8d	c.sub	x11,x11	 x11:0x0e391fcc x11:0x0e391fcc x11=0x00000000
      108905000	     10791	80009dfe	0b00	c.addi4spn	x8,x2,400	  x8=0xffa02190
      108935000	     10794	80009e00	03038033	mul	x0,x7,x16	  x7:0x80000000 x16:0xffeabbf5  x0=0x00000000
      108945000	     10795	80009e04	00383db3	sltu	x27,x16,x3	 x16:0xffeabbf5  x3:0x00000000 x27=0x00000000
      108955000	     10796	80009e08	0000100f	fence.i	
      109335000	     10834	80009e0c	02f5cd33	div	x26,x11,x15	 x11:0x00000000 x15:0x80025ce4 x26=0x00000000
      109345000	     10835	80009e10	0189d413	srli	x8,x19,0x18	 x19:0x80021e2c  x8=0x00000080
      109385000	     10839	80009e14	032db933	mulhu	x18,x27,x18	 x27:0x00000000 x18:0x00000000 x18=0x00000000
      109395000	     10840	80009e18	a9557b93	andi	x23,x10,-1387	 x10:0x00000007 x23=0x00000005
      109405000	     10841	80009e1c	340031f3	csrrc	x3,mscratch,x0	  x0:0x00000000  x3=0x00000000
      109775000	     10878	80009e20	03485cb3	divu	x25,x16,x20	 x16:0xffeabbf5 x20:0x4f27e000 x25=0x00000003
      109785000	     10879	80009e24	340af0f3	csrrci	x1,mscratch,21	  x1=0x00000000
      109795000	     10880	80009e28	0138ba33	sltu	x20,x17,x19	 x17:0xffeabbf5 x19:0x80021e2c x20=0x00000000
      109805000	     10881	80009e2c	8e99	c.sub	x13,x14	 x13:0xffeabbf5 x14:0x00000000 x13=0xffeabbf5
      109815000	     10882	80009e2e	d1bc8313	addi	x6,x25,-741	 x25:0x00000003  x6=0xfffffd1e
      109825000	     10883	80009e32	340034f3	csrrc	x9,mscratch,x0	  x0:0x00000000  x9=0x00000000
      109835000	     10884	80009e36	40a75233	sra	x4,x14,x10	 x14:0x00000000 x10:0x00000007  x4=0x00000000
      109845000	     10885	80009e3a	00895313	srli	x6,x18,0x8	 x18:0x00000000  x6=0x00000000
      109855000	     10886	80009e3e	340e3373	csrrc	x6,mscratch,x28	 x28:0x80021e2c  x6=0x00000000
      109865000	     10887	80009e42	c321	c.beqz	x14,80009e82	 x14:0x00000000
      109885000	     10889	80009e82	8d85	c.sub	x11,x9	 x11:0x00000000  x9:0x00000000 x11=0x00000000
      109895000	     10890	80009e84	0001	c.addi	x0,0	  x0:0x00000000  x0=0x00000000
      109905000	     10891	80009e86	038ac463	blt	x21,x24,80009eae	 x21:0x4f27e000 x24:0x80025ce4
      109945000	     10895	80009e8a	027ca933	mulhsu	x18,x25,x7	 x25:0x00000003  x7:0x80000000 x18=0x00000001
      109955000	     10896	80009e8e	008bd413	srli	x8,x23,0x8	 x23:0x00000005  x8=0x00000000
      109975000	     10898	80009e92	0345dbb3	divu	x23,x11,x20	 x11:0x00000000 x20:0x00000000 x23=0xffffffff
      109985000	     10899	80009e96	41eadcb3	sra	x25,x21,x30	 x21:0x4f27e000 x30:0xfffffd01 x25=0x2793f000
      109995000	     10900	80009e9a	00a7c133	xor	x2,x15,x10	 x15:0x80025ce4 x10:0x00000007  x2=0x80025ce3
      110005000	     10901	80009e9e	2e738637	lui	x12,0x2e738	 x12=0x2e738000
      110015000	     10902	80009ea2	717d	c.addi16sp	x2,-16	  x2:0x80025ce3  x2=0x80025cd3
      110025000	     10903	80009ea4	0001	c.addi	x0,0	  x0:0x00000000  x0=0x00000000
      110035000	     10904	80009ea6	00b9db93	srli	x23,x19,0xb	 x19:0x80021e2c x23=0x00100043
      110045000	     10905	80009eaa	4112d633	sra	x12,x5,x17	  x5:0x00001000 x17:0xffeabbf5 x12=0x00000000
      110055000	     10906	80009eae	81b5	c.srli	x11,0xd	 x11:0x00000000 x11=0x00000000
      110065000	     10907	80009eb0	014254b3	srl	x9,x4,x20	  x4:0x00000000 x20:0x00000000  x9=0x00000000
      110075000	     10908	80009eb4	404fda13	srai	x20,x31,0x4	 x31:0x10004b9c x20=0x010004b9
      110085000	     10909	80009eb8	34089b73	csrrw	x22,mscratch,x17	 x17:0xffeabbf5 x22=0x00000000
      110095000	     10910	80009ebc	717d	c.addi16sp	x2,-16	  x2:0x80025cd3  x2=0x80025cc3
      110125000	     10913	80009ebe	033a85b3	mul	x11,x21,x19	 x21:0x4f27e000 x19:0x80021e2c x11=0x071a8000
      110135000	     10914	80009ec2	057c5163	bge	x24,x23,80009f04	 x24:0x80025ce4 x23:0x00100043
      110175000	     10918	80009ec6	0302bd33	mulhu	x26,x5,x16	  x5:0x00001000 x16:0xffeabbf5 x26=0x00000ffe
      110185000	     10919	80009eca	34006173	csrrsi	x2,mscratch,0	  x2=0xffeabbf5
      110195000	     10920	80009ece	8ee2	c.mv	x29,x24	  x0:0x00000000 x24:0x80025ce4 x29=0x80025ce4
      110205000	     10921	80009ed0	0001	c.addi	x0,0	  x0:0x00000000  x0=0x00000000
      110215000	     10922	80009ed2	40c15533	sra	x10,x2,x12	  x2:0xffeabbf5 x12:0x00000000 x10=0xffeabbf5
      110225000	     10923	80009ed6	00901713	slli	x14,x0,0x9	  x0:0x00000000 x14=0x00000000
      110235000	     10924	80009eda	0193ba33	sltu	x20,x7,x25	  x7:0x80000000 x25:0x2793f000 x20=0x00000000
      110605000	     10961	80009ede	030cebb3	rem	x23,x25,x16	 x25:0x2793f000 x16:0xffeabbf5 x23=0x00096b8c
      110975000	     10998	80009ee2	03084bb3	div	x23,x16,x16	 x16:0xffeabbf5 x16:0xffeabbf5 x23=0x00000001
      110985000	     10999	80009ee6	cf33ed93	ori	x27,x7,-781	  x7:0x80000000 x27=0xfffffcf3
      110995000	     11000	80009eea	01f0feb3	and	x29,x1,x31	  x1:0x00000000 x31:0x10004b9c x29=0x00000000
      111005000	     11001	80009eee	8e7d	c.and	x12,x15	 x12:0x00000000 x15:0x80025ce4 x12=0x00000000
      111015000	     11002	80009ef0	04cdd463	bge	x27,x12,80009f38	 x27:0xfffffcf3 x12:0x00000000
      111025000	     11003	80009ef4	4117d493	srai	x9,x15,0x11	 x15:0x80025ce4  x9=0xffffc001
      111035000	     11004	80009ef8	0319fc63	bgeu	x19,x17,80009f30	 x19:0x80021e2c x17:0xffeabbf5
      111045000	     11005	80009efc	5cfd	c.li	x25,-1	 x25=0xffffffff
      111055000	     11006	80009efe	c94df693	andi	x13,x27,-876	 x27:0xfffffcf3 x13=0xfffffc90
      111065000	     11007	80009f02	8cad	c.xor	x9,x11	  x9:0xffffc001 x11:0x071a8000  x9=0xf8e54001
      111105000	     11011	80009f04	03f91933	mulh	x18,x18,x31	 x18:0x00000001 x31:0x10004b9c x18=0x00000000
      111115000	     11012	80009f08	41190fb3	sub	x31,x18,x17	 x18:0x00000000 x17:0xffeabbf5 x31=0x0015440b
      111125000	     11013	80009f0c	9d2c2593	slti	x11,x24,-1582	 x24:0x80025ce4 x11=0x00000001
      111135000	     11014	80009f10	8ced	c.and	x9,x11	  x9:0xf8e54001 x11:0x00000001  x9=0x00000001
      111145000	     11015	80009f12	00827563	bgeu	x4,x8,80009f1c	  x4:0x00000000  x8:0x00000000
      111165000	     11017	80009f1c	15574b13	xori	x22,x14,341	 x14:0x00000000 x22=0x00000155
      111535000	     11054	80009f20	037aec33	rem	x24,x21,x23	 x21:0x4f27e000 x23:0x00000001 x24=0x00000000
      111545000	     11055	80009f24	0000ec63	bltu	x1,x0,80009f3c	  x1:0x00000000  x0:0x00000000
      111555000	     11056	80009f28	340fa9f3	csrrs	x19,mscratch,x31	 x31:0x0015440b x19=0xffeabbf5
      111565000	     11057	80009f2c	004bdab3	srl	x21,x23,x4	 x23:0x00000001  x4:0x00000000 x21=0x00000001
      111575000	     11058	80009f30	34002273	csrrs	x4,mscratch,x0	  x0:0x00000000  x4=0xffffffff
      111615000	     11062	80009f34	029f1833	mulh	x16,x30,x9	 x30:0xfffffd01  x9:0x00000001 x16=0xffffffff
      111985000	     11099	80009f38	02a15333	divu	x6,x2,x10	  x2:0xffeabbf5 x10:0xffeabbf5  x6=0x00000001
      111995000	     11100	80009f3c	3cbe8313	addi	x6,x29,971	 x29:0x00000000  x6=0x000003cb
      112005000	     11101	80009f40	85e5	c.srai	x11,0x19	 x11:0x00000001 x11=0x00000000
      112015000	     11102	80009f42	34051473	csrrw	x8,mscratch,x10	 x10:0xffeabbf5  x8=0xffffffff
      112025000	     11103	80009f46	07efe5b7	lui	x11,0x7efe	 x11=0x07efe000
      112035000	     11104	80009f4a	9ffa	c.add	x31,x30	 x31:0x0015440b x30:0xfffffd01 x31=0x0015410c
      112045000	     11105	80009f4c	84582813	slti	x16,x16,-1979	 x16:0xffffffff x16=0x00000000
      112055000	     11106	80009f50	0136f033	and	x0,x13,x19	 x13:0xfffffc90 x19:0xffeabbf5  x0=0x00000000
      112065000	     11107	80009f54	340b1273	csrrw	x4,mscratch,x22	 x22:0x00000155  x4=0xffeabbf5
      112075000	     11108	80009f58	1994	c.addi4spn	x13,x2,240	 x13=0xffeabce5
      112085000	     11109	80009f5a	717d	c.addi16sp	x2,-16	  x2:0xffeabbf5  x2=0xffeabbe5
      112095000	     11110	80009f5c	852d	c.srai	x10,0xb	 x10:0xffeabbf5 x10=0xfffffd57
      112105000	     11111	80009f5e	8e09	c.sub	x12,x10	 x12:0x00000000 x10:0xfffffd57 x12=0x000002a9
      112115000	     11112	80009f60	03076a63	bltu	x14,x16,80009f94	 x14:0x00000000 x16:0x00000000
      112485000	     11149	80009f64	0257ccb3	div	x25,x15,x5	 x15:0x80025ce4  x5:0x00001000 x25=0xfff80026
      112495000	     11150	80009f68	34003173	csrrc	x2,mscratch,x0	  x0:0x00000000  x2=0x00000155
      112505000	     11151	80009f6c	84c23993	sltiu	x19,x4,-1972	  x4:0xffeabbf5 x19=0x00000001
      112515000	     11152	80009f70	6a22e817	auipc	x16,0x6a22e	 x16=0xea237f70
      112525000	     11153	80009f74	0819	c.addi	x16,6	 x16:0xea237f70 x16=0xea237f76
      112535000	     11154	80009f76	00a99963	bne	x19,x10,80009f88	 x19:0x00000001 x10:0xfffffd57
      112555000	     11156	80009f88	c0592813	slti	x16,x18,-1019	 x18:0x00000000 x16=0x00000000
      112565000	     11157	80009f8c	0000100f	fence.i	
      112585000	     11159	80009f90	3405da73	csrrwi	x20,mscratch,11	 x20=0x00000155
      112595000	     11160	80009f94	016c20b3	slt	x1,x24,x22	 x24:0x00000000 x22:0x00000155  x1=0x00000001
      112605000	     11161	80009f98	86f9	c.srai	x13,0x1e	 x13:0xffeabce5 x13=0xffffffff
      112615000	     11162	80009f9a	0000100f	fence.i	
      112645000	     11165	80009f9e	00849d13	slli	x26,x9,0x8	  x9:0x00000001 x26=0x00000100
      112655000	     11166	80009fa2	8dd5	c.or	x11,x13	 x11:0x07efe000 x13:0xffffffff x11=0xffffffff
      112665000	     11167	80009fa4	197d	c.addi	x18,-1	 x18:0x00000000 x18=0xffffffff
      112675000	     11168	80009fa6	92e57613	andi	x12,x10,-1746	 x10:0xfffffd57 x12=0xfffff906
      112685000	     11169	80009faa	01248333	add	x6,x9,x18	  x9:0x00000001 x18:0xffffffff  x6=0x00000000
      112695000	     11170	80009fae	01751613	slli	x12,x10,0x17	 x10:0xfffffd57 x12=0xab800000
      112705000	     11171	80009fb2	8a59	c.andi	x12,22	 x12:0xab800000 x12=0x00000000
      112715000	     11172	80009fb4	017d5a13	srli	x20,x26,0x17	 x26:0x00000100 x20=0x00000000
      112745000	     11175	80009fb8	03a48d33	mul	x26,x9,x26	  x9:0x00000001 x26:0x00000100 x26=0x00000100
      112755000	     11176	80009fbc	01a624b3	slt	x9,x12,x26	 x12:0x00000000 x26:0x00000100  x9=0x00000001
      112795000	     11180	80009fc0	025c9b33	mulh	x22,x25,x5	 x25:0xfff80026  x5:0x00001000 x22=0xffffffff
      112805000	     11181	80009fc4	5f7d	c.li	x30,-1	 x30=0xffffffff
      112815000	     11182	80009fc6	f5eeb513	sltiu	x10,x29,-162	 x29:0x00000000 x10=0x00000001
      112825000	     11183	80009fca	00fa9bb3	sll	x23,x21,x15	 x21:0x00000001 x15:0x80025ce4 x23=0x00000010
      113195000	     11220	80009fce	025d7ab3	remu	x21,x26,x5	 x26:0x00000100  x5:0x00001000 x21=0x00000100
      113205000	     11221	80009fd2	340b6373	csrrsi	x6,mscratch,22	  x6=0x0000000b
      113215000	     11222	80009fd6	c9864213	xori	x4,x12,-872	 x12:0x00000000  x4=0xfffffc98
      113225000	     11223	80009fda	8745	c.srai	x14,0x11	 x14:0x00000000 x14=0x00000000
      113235000	     11224	80009fdc	8c49	c.or	x8,x10	  x8:0xffffffff x10:0x00000001  x8=0xffffffff
      113245000	     11225	80009fde	03298263	beq	x19,x18,8000a002	 x19:0x00000001 x18:0xffffffff
      113255000	     11226	80009fe2	41818fb3	sub	x31,x3,x24	  x3:0x00000000 x24:0x00000000 x31=0x00000000
      113285000	     11229	80009fe6	02a28033	mul	x0,x5,x10	  x5:0x00001000 x10:0x00000001  x0=0x00000000
      113295000	     11230	80009fea	5ffd	c.li	x31,-1	 x31=0xffffffff
      113305000	     11231	80009fec	006f1993	slli	x19,x30,0x6	 x30:0xffffffff x19=0xffffffc0
      113315000	     11232	80009ff0	011b75b3	and	x11,x22,x17	 x22:0xffffffff x17:0xffeabbf5 x11=0xffeabbf5
      113325000	     11233	80009ff4	340d94f3	csrrw	x9,mscratch,x27	 x27:0xfffffcf3  x9=0x0000001f
      113335000	     11234	80009ff8	340072f3	csrrci	x5,mscratch,0	  x5=0xfffffcf3
      113345000	     11235	80009ffc	014910b3	sll	x1,x18,x20	 x18:0xffffffff x20:0x00000000  x1=0xffffffff
      113355000	     11236	8000a000	8e45	c.or	x12,x9	 x12:0x00000000  x9:0x0000001f x12=0x0000001f
      113365000	     11237	8000a002	340072f3	csrrci	x5,mscratch,0	  x5=0xfffffcf3
      113375000	     11238	8000a006	09c2	c.slli	x19,0x10	 x19:0xffffffc0 x19=0xffc00000
      113385000	     11239	8000a008	00736f33	or	x30,x6,x7	  x6:0x0000000b  x7:0x80000000 x30=0x8000000b
      113395000	     11240	8000a00c	bebc3f93	sltiu	x31,x24,-1045	 x24:0x00000000 x31=0x00000001
      113405000	     11241	8000a010	006defb3	or	x31,x27,x6	 x27:0xfffffcf3  x6:0x0000000b x31=0xfffffcfb
      113415000	     11242	8000a014	29c76b13	ori	x22,x14,668	 x14:0x00000000 x22=0x0000029c
      113425000	     11243	8000a018	8d31	c.xor	x10,x12	 x10:0x00000001 x12:0x0000001f x10=0x0000001e
      113435000	     11244	8000a01a	01199733	sll	x14,x19,x17	 x19:0xffc00000 x17:0xffeabbf5 x14=0x00000000
      113805000	     11281	8000a01e	0249e6b3	rem	x13,x19,x4	 x19:0xffc00000  x4:0xfffffc98 x13=0xfffffca8
      114175000	     11318	8000a022	02c46db3	rem	x27,x8,x12	  x8:0xffffffff x12:0x0000001f x27=0xffffffff
      114185000	     11319	8000a026	00fd9863	bne	x27,x15,8000a036	 x27:0xffffffff x15:0x80025ce4
      114205000	     11321	8000a036	52fd	c.li	x5,-1	  x5=0xffffffff
      114215000	     11322	8000a038	340a1073	csrrw	x0,mscratch,x20	 x20:0x00000000  x0=0x00000000
      114225000	     11323	8000a03c	40acdb93	srai	x23,x25,0xa	 x25:0xfff80026 x23=0xfffffe00
      114235000	     11324	8000a040	0000100f	fence.i	
      114255000	     11326	8000a044	01d578b3	and	x17,x10,x29	 x10:0x0000001e x29:0x00000000 x17=0x00000000
      114265000	     11327	8000a048	3405b173	csrrc	x2,mscratch,x11	 x11:0xffeabbf5  x2=0x00000000
      114275000	     11328	8000a04c	80f9	c.srli	x9,0x1e	  x9:0x0000001f  x9=0x00000000
      114285000	     11329	8000a04e	71c70b93	addi	x23,x14,1820	 x14:0x00000000 x23=0x0000071c
      114295000	     11330	8000a052	0001	c.addi	x0,0	  x0:0x00000000  x0=0x00000000
      114305000	     11331	8000a054	01cbfab3	and	x21,x23,x28	 x23:0x0000071c x28:0x80021e2c x21=0x0000060c
      114345000	     11335	8000a058	02fbbcb3	mulhu	x25,x23,x15	 x23:0x0000071c x15:0x80025ce4 x25=0x0000038e
      114355000	     11336	8000a05c	00746133	or	x2,x8,x7	  x8:0xffffffff  x7:0x80000000  x2=0xffffffff
      114365000	     11337	8000a060	41f9db33	sra	x22,x19,x31	 x19:0xffc00000 x31:0xfffffcfb x22=0xffffffff
      114405000	     11341	8000a064	02d0b533	mulhu	x10,x1,x13	  x1:0xffffffff x13:0xfffffca8 x10=0xfffffca7
      114415000	     11342	8000a068	340e2c73	csrrs	x24,mscratch,x28	 x28:0x80021e2c x24=0x00000000
      114425000	     11343	8000a06c	0001	c.addi	x0,0	  x0:0x00000000  x0=0x00000000
      114435000	     11344	8000a06e	6109	c.addi16sp	x2,128	  x2:0xffffffff  x2=0x0000007f
      114445000	     11345	8000a070	340060f3	csrrsi	x1,mscratch,0	  x1=0x80021e2c
      114455000	     11346	8000a074	010dd363	bge	x27,x16,8000a07a	 x27:0xffffffff x16:0x00000000
      114465000	     11347	8000a078	4c79	c.li	x24,30	 x24=0x0000001e
      114475000	     11348	8000a07a	01225c33	srl	x24,x4,x18	  x4:0xfffffc98 x18:0xffffffff x24=0x00000001
      114515000	     11352	8000a07e	02fc2ab3	mulhsu	x21,x24,x15	 x24:0x00000001 x15:0x80025ce4 x21=0x00000000
      114525000	     11353	8000a082	41128333	sub	x6,x5,x17	  x5:0xffffffff x17:0x00000000  x6=0xffffffff
      114535000	     11354	8000a086	05f1d563	bge	x3,x31,8000a0d0	  x3:0x00000000 x31:0xfffffcfb
      114555000	     11356	8000a0d0	c219	c.beqz	x12,8000a0d6	 x12:0x0000001f
      114565000	     11357	8000a0d2	0178ff33	and	x30,x17,x23	 x17:0x00000000 x23:0x0000071c x30=0x00000000
      114935000	     11394	8000a0d6	028cd433	divu	x8,x25,x8	 x25:0x0000038e  x8:0xffffffff  x8=0x00000000
      114945000	     11395	8000a0da	02f58963	beq	x11,x15,8000a10c	 x11:0xffeabbf5 x15:0x80025ce4
      114955000	     11396	8000a0de	8695	c.srai	x13,0x5	 x13:0xfffffca8 x13=0xffffffe5
      114965000	     11397	8000a0e0	0001	c.addi	x0,0	  x0:0x00000000  x0=0x00000000
      114975000	     11398	8000a0e2	52310093	addi	x1,x2,1315	  x2:0x0000007f  x1=0x000005a2
      114995000	     11400	8000a0e6	023efa33	remu	x20,x29,x3	 x29:0x00000000  x3:0x00000000 x20=0x00000000
      115015000	     11402	8000a0ea	03467f33	remu	x30,x12,x20	 x12:0x0000001f x20:0x00000000 x30=0x0000001f
      115025000	     11403	8000a0ee	41e30733	sub	x14,x6,x30	  x6:0xffffffff x30:0x0000001f x14=0xffffffe0
      115035000	     11404	8000a0f2	717d	c.addi16sp	x2,-16	  x2:0x0000007f  x2=0x0000006f
      115045000	     11405	8000a0f4	63f4fc97	auipc	x25,0x63f4f	 x25=0xe3f590f4
      115055000	     11406	8000a0f8	9f1a	c.add	x30,x6	 x30:0x0000001f  x6:0xffffffff x30=0x0000001e
      115065000	     11407	8000a0fa	0594	c.addi4spn	x13,x2,704	 x13=0x0000032f
      115075000	     11408	8000a0fc	03b48a63	beq	x9,x27,8000a130	  x9:0x00000000 x27:0xffffffff
      115085000	     11409	8000a100	4076d893	srai	x17,x13,0x7	 x13:0x0000032f x17=0x00000006
      115095000	     11410	8000a104	873a	c.mv	x14,x14	  x0:0x00000000 x14:0xffffffe0 x14=0xffffffe0
      115105000	     11411	8000a106	3d9f7313	andi	x6,x30,985	 x30:0x0000001e  x6=0x00000018
      115115000	     11412	8000a10a	8ccd	c.or	x9,x11	  x9:0x00000000 x11:0xffeabbf5  x9=0xffeabbf5
      115125000	     11413	8000a10c	01aa6433	or	x8,x20,x26	 x20:0x00000000 x26:0x00000100  x8=0x00000100
      115135000	     11414	8000a110	6d35	c.lui	x26,0xd	 x26=0x0000d000
      115145000	     11415	8000a112	be266eb7	lui	x29,0xbe266	 x29=0xbe266000
      115155000	     11416	8000a116	8f65	c.and	x14,x9	 x14:0xffffffe0  x9:0xffeabbf5 x14=0xffeabbe0
      115165000	     11417	8000a118	f6d64297	auipc	x5,0xf6d64	  x5=0x76d6e118
      115175000	     11418	8000a11c	01a87c63	bgeu	x16,x26,8000a134	 x16:0x00000000 x26:0x0000d000
      115185000	     11419	8000a120	02f57463	bgeu	x10,x15,8000a148	 x10:0xfffffca7 x15:0x80025ce4
      115205000	     11421	8000a148	866d	c.srai	x12,0x1b	 x12:0x0000001f x12=0x00000000
      115215000	     11422	8000a14a	85c5	c.srai	x11,0x11	 x11:0xffeabbf5 x11=0xfffffff5
      115225000	     11423	8000a14c	8c75	c.and	x8,x13	  x8:0x00000100 x13:0x0000032f  x8=0x00000100
      115235000	     11424	8000a14e	4159d293	srai	x5,x19,0x15	 x19:0xffc00000  x5=0xfffffffe
      115245000	     11425	8000a152	41d55433	sra	x8,x10,x29	 x10:0xfffffca7 x29:0xbe266000  x8=0xfffffca7
      115285000	     11429	8000a156	032e32b3	mulhu	x5,x28,x18	 x28:0x80021e2c x18:0xffffffff  x5=0x80021e2b
      115295000	     11430	8000a15a	06f2	c.slli	x13,0x1c	 x13:0x0000032f x13=0xf0000000
      115665000	     11467	8000a15c	021a7633	remu	x12,x20,x1	 x20:0x00000000  x1:0x000005a2 x12=0x00000000
      115675000	     11468	8000a160	01b0df13	srli	x30,x1,0x1b	  x1:0x000005a2 x30=0x00000000
      115685000	     11469	8000a164	a17ae813	ori	x16,x21,-1513	 x21:0x00000000 x16=0xfffffa17
      115695000	     11470	8000a168	05d70063	beq	x14,x29,8000a1a8	 x14:0xffeabbe0 x29:0xbe266000
      115705000	     11471	8000a16c	ea11	c.bnez	x12,8000a180	 x12:0x00000000
      115745000	     11475	8000a16e	02891db3	mulh	x27,x18,x8	 x18:0xffffffff  x8:0xfffffca7 x27=0x00000000
      115755000	     11476	8000a172	3404daf3	csrrwi	x21,mscratch,9	 x21=0x80021e2c
      115765000	     11477	8000a176	02cdfb63	bgeu	x27,x12,8000a1ac	 x27:0x00000000 x12:0x00000000
      115785000	     11479	8000a1ac	8dc6	c.mv	x27,x17	  x0:0x00000000 x17:0x00000006 x27=0x00000006
      115795000	     11480	8000a1ae	012fdc13	srli	x24,x31,0x12	 x31:0xfffffcfb x24=0x00003fff
      115805000	     11481	8000a1b2	01fb9313	slli	x6,x23,0x1f	 x23:0x0000071c  x6=0x00000000
      115815000	     11482	8000a1b6	0001	c.addi	x0,0	  x0:0x00000000  x0=0x00000000
      115825000	     11483	8000a1b8	340f50f3	csrrwi	x1,mscratch,30	  x1=0x00000009
      115835000	     11484	8000a1bc	0001	c.addi	x0,0	  x0:0x00000000  x0=0x00000000
      115845000	     11485	8000a1be	01ba5f63	bge	x20,x27,8000a1dc	 x20:0x00000000 x27:0x00000006
      115855000	     11486	8000a1c2	0058cb63	blt	x17,x5,8000a1d8	 x17:0x00000006  x5:0x80021e2b
      115865000	     11487	8000a1c6	9ee6fd93	andi	x27,x13,-1554	 x13:0xf0000000 x27=0xf0000000
      115875000	     11488	8000a1ca	1d5c3437	lui	x8,0x1d5c3	  x8=0x1d5c3000
      115885000	     11489	8000a1ce	d145be93	sltiu	x29,x11,-748	 x11:0xfffffff5 x29=0x00000000
      115895000	     11490	8000a1d2	8039	c.srli	x8,0xe	  x8:0x1d5c3000  x8=0x00007570
      115905000	     11491	8000a1d4	0001	c.addi	x0,0	  x0:0x00000000  x0=0x00000000
      115915000	     11492	8000a1d6	8d35	c.xor	x10,x13	 x10:0xfffffca7 x13:0xf0000000 x10=0x0ffffca7
      115925000	     11493	8000a1d8	00a641b3	xor	x3,x12,x10	 x12:0x00000000 x10:0x0ffffca7  x3=0x0ffffca7
      115935000	     11494	8000a1dc	00fe6863	bltu	x28,x15,8000a1ec	 x28:0x80021e2c x15:0x80025ce4
      115955000	     11496	8000a1ec	a88bca13	xori	x20,x23,-1400	 x23:0x0000071c x20=0xfffffd94
      115965000	     11497	8000a1f0	0001	c.addi	x0,0	  x0:0x00000000  x0=0x00000000
      115975000	     11498	8000a1f2	5afd	c.li	x21,-1	 x21=0xffffffff
      115995000	     11500	8000a1f4	0267efb3	rem	x31,x15,x6	 x15:0x80025ce4  x6:0x00000000 x31=0x80025ce4
      116005000	     11501	8000a1f8	01903533	sltu	x10,x0,x25	  x0:0x00000000 x25:0xe3f590f4 x10=0x00000001
      116015000	     11502	8000a1fc	00bf0563	beq	x30,x11,8000a206	 x30:0x00000000 x11:0xfffffff5
      116025000	     11503	8000a200	c609	c.beqz	x12,8000a20a	 x12:0x00000000
      116045000	     11505	8000a20a	0898	c.addi4spn	x14,x2,80	 x14=0x000000bf
      116055000	     11506	8000a20c	97738713	addi	x14,x7,-1673	  x7:0x80000000 x14=0x7ffff977
      116095000	     11510	8000a210	03b0bcb3	mulhu	x25,x1,x27	  x1:0x00000009 x27:0xf0000000 x25=0x00000008
      116105000	     11511	8000a214	af392213	slti	x4,x18,-1293	 x18:0xffffffff  x4=0x00000000
      116115000	     11512	8000a218	34055c73	csrrwi	x24,mscratch,10	 x24=0x0000001e
      116125000	     11513	8000a21c	5f7d	c.li	x30,-1	 x30=0xffffffff
      116135000	     11514	8000a21e	009852b3	srl	x5,x16,x9	 x16:0xfffffa17  x9:0xffeabbf5  x5=0x000007ff
      116145000	     11515	8000a222	8de6	c.mv	x27,x25	  x0:0x00000000 x25:0x00000008 x27=0x00000008
      116155000	     11516	8000a224	b051c993	xori	x19,x3,-1275	  x3:0x0ffffca7 x19=0xf00007a2
      116525000	     11553	8000a228	02e1e5b3	rem	x11,x3,x14	  x3:0x0ffffca7 x14:0x7ffff977 x11=0x0ffffca7
      116895000	     11590	8000a22c	0217e133	rem	x2,x15,x1	 x15:0x80025ce4  x1:0x00000009  x2=0xfffffffc
      116905000	     11591	8000a230	0001	c.addi	x0,0	  x0:0x00000000  x0=0x00000000
      116915000	     11592	8000a232	952e	c.add	x10,x11	 x10:0x00000001 x11:0x0ffffca7 x10=0x0ffffca8
      116925000	     11593	8000a234	16fd	c.addi	x13,-1	 x13:0xf0000000 x13=0xefffffff
      116955000	     11596	8000a236	032d8333	mul	x6,x27,x18	 x27:0x00000008 x18:0xffffffff  x6=0xfffffff8
      116965000	     11597	8000a23a	91d4e813	ori	x16,x9,-1763	  x9:0xffeabbf5 x16=0xfffffbfd
      116995000	     11600	8000a23e	034906b3	mul	x13,x18,x20	 x18:0xffffffff x20:0xfffffd94 x13=0x0000026c
      117005000	     11601	8000a242	d4313b13	sltiu	x22,x2,-701	  x2:0xfffffffc x22=0x00000000
      117015000	     11602	8000a246	e009	c.bnez	x8,8000a248	  x8:0x00007570
      117035000	     11604	8000a248	00b65093	srli	x1,x12,0xb	 x12:0x00000000  x1=0x00000000
      117075000	     11608	8000a24c	03f42233	mulhsu	x4,x8,x31	  x8:0x00007570 x31:0x80025ce4  x4=0x00003ab9
      117085000	     11609	8000a250	005b0a33	add	x20,x22,x5	 x22:0x00000000  x5:0x000007ff x20=0x000007ff
      117095000	     11610	8000a254	8189	c.srli	x11,0x2	 x11:0x0ffffca7 x11=0x03ffff29
      117105000	     11611	8000a256	9ace	c.add	x21,x19	 x21:0xffffffff x19:0xf00007a2 x21=0xf00007a1
      117475000	     11648	8000a258	03e36733	rem	x14,x6,x30	  x6:0xfffffff8 x30:0xffffffff x14=0x00000000
      117485000	     11649	8000a25c	02f26b63	bltu	x4,x15,8000a292	  x4:0x00003ab9 x15:0x80025ce4
      117545000	     11655	8000a292	03a6a333	mulhsu	x6,x13,x26	 x13:0x0000026c x26:0x0000d000  x6=0x00000000
      117555000	     11656	8000a296	0899	c.addi	x17,6	 x17:0x00000006 x17=0x0000000c
      117595000	     11660	8000a298	03f63b33	mulhu	x22,x12,x31	 x12:0x00000000 x31:0x80025ce4 x22=0x00000000
      117605000	     11661	8000a29c	41a25493	srai	x9,x4,0x1a	  x4:0x00003ab9  x9=0x00000000
      117615000	     11662	8000a2a0	34063473	csrrc	x8,mscratch,x12	 x12:0x00000000  x8=0x0000000a
      117985000	     11699	8000a2a4	02a75b33	divu	x22,x14,x10	 x14:0x00000000 x10:0x0ffffca8 x22=0x00000000
      117995000	     11700	8000a2a8	804d	c.srli	x8,0x13	  x8:0x0000000a  x8=0x00000000
      118005000	     11701	8000a2aa	016e1db3	sll	x27,x28,x22	 x28:0x80021e2c x22:0x00000000 x27=0x80021e2c
      118375000	     11738	8000a2ae	038d6db3	rem	x27,x26,x24	 x26:0x0000d000 x24:0x0000001e x27=0x0000001c
      118385000	     11739	8000a2b2	50726f13	ori	x30,x4,1287	  x4:0x00003ab9 x30=0x00003fbf
      118395000	     11740	8000a2b6	4925	c.li	x18,9	 x18=0x00000009
      118765000	     11777	8000a2b8	03e5e133	rem	x2,x11,x30	 x11:0x03ffff29 x30:0x00003fbf  x2=0x00001339
      118775000	     11778	8000a2bc	00fc9093	slli	x1,x25,0xf	 x25:0x00000008  x1=0x00040000
      118785000	     11779	8000a2c0	82c5	c.srli	x13,0x11	 x13:0x0000026c x13=0x00000000
      118795000	     11780	8000a2c2	01476a63	bltu	x14,x20,8000a2d6	 x14:0x00000000 x20:0x000007ff
      118815000	     11782	8000a2d6	073e	c.slli	x14,0xf	 x14:0x00000000 x14=0x00000000
      118825000	     11783	8000a2d8	dc95c713	xori	x14,x11,-567	 x11:0x03ffff29 x14=0xfc0002e0
      118835000	     11784	8000a2dc	822e	c.mv	x4,x11	  x0:0x00000000 x11:0x03ffff29  x4=0x03ffff29
      118855000	     11786	8000a2de	02057533	remu	x10,x10,x0	 x10:0x0ffffca8  x0:0x00000000 x10=0x0ffffca8
      118865000	     11787	8000a2e2	01d08a33	add	x20,x1,x29	  x1:0x00040000 x29:0x00000000 x20=0x00040000
      118875000	     11788	8000a2e6	41dd86b3	sub	x13,x27,x29	 x27:0x0000001c x29:0x00000000 x13=0x0000001c
      118885000	     11789	8000a2ea	0001	c.addi	x0,0	  x0:0x00000000  x0=0x00000000
      118895000	     11790	8000a2ec	0001	c.addi	x0,0	  x0:0x00000000  x0=0x00000000
      118905000	     11791	8000a2ee	0000100f	fence.i	
      118965000	     11797	8000a2f2	03332233	mulhsu	x4,x6,x19	  x6:0x00000000 x19:0xf00007a2  x4=0x00000000
      118975000	     11798	8000a2f6	8f5d	c.or	x14,x15	 x14:0xfc0002e0 x15:0x80025ce4 x14=0xfc025ee4
      118985000	     11799	8000a2f8	8d59	c.or	x10,x14	 x10:0x0ffffca8 x14:0xfc025ee4 x10=0xfffffeec
      118995000	     11800	8000a2fa	004a90b3	sll	x1,x21,x4	 x21:0xf00007a1  x4:0x00000000  x1=0xf00007a1
      119005000	     11801	8000a2fe	00eb5813	srli	x16,x22,0xe	 x22:0x00000000 x16=0x00000000
      119015000	     11802	8000a302	00f61213	slli	x4,x12,0xf	 x12:0x00000000  x4=0x00000000
      119025000	     11803	8000a306	00786863	bltu	x16,x7,8000a316	 x16:0x00000000  x7:0x80000000
      119045000	     11805	8000a316	167d	c.addi	x12,-1	 x12:0x00000000 x12=0xffffffff
      119055000	     11806	8000a318	cc85	c.beqz	x9,8000a350	  x9:0x00000000
      119075000	     11808	8000a350	41e75c93	srai	x25,x14,0x1e	 x14:0xfc025ee4 x25=0xffffffff
      119115000	     11812	8000a354	02d51733	mulh	x14,x10,x13	 x10:0xfffffeec x13:0x0000001c x14=0xffffffff
      119125000	     11813	8000a358	00f98c63	beq	x19,x15,8000a370	 x19:0xf00007a2 x15:0x80025ce4
      119165000	     11817	8000a35c	02d739b3	mulhu	x19,x14,x13	 x14:0xffffffff x13:0x0000001c x19=0x0000001b
      119175000	     11818	8000a360	0d2e	c.slli	x26,0xb	 x26:0x0000d000 x26=0x06800000
      119185000	     11819	8000a362	00b338b3	sltu	x17,x6,x11	  x6:0x00000000 x11:0x03ffff29 x17=0x00000001
      119195000	     11820	8000a366	c2daeb93	ori	x23,x21,-979	 x21:0xf00007a1 x23=0xffffffad
      119205000	     11821	8000a36a	86e5	c.srai	x13,0x19	 x13:0x0000001c x13=0x00000000
      119245000	     11825	8000a36c	03393033	mulhu	x0,x18,x19	 x18:0x00000009 x19:0x0000001b  x0=0x00000000
      119255000	     11826	8000a370	0001	c.addi	x0,0	  x0:0x00000000  x0=0x00000000
      119265000	     11827	8000a372	400adf13	srai	x30,x21,0x0	 x21:0xf00007a1 x30=0xf00007a1
      119275000	     11828	8000a376	01790563	beq	x18,x23,8000a380	 x18:0x00000009 x23:0xffffffad
      119285000	     11829	8000a37a	00d2e233	or	x4,x5,x13	  x5:0x000007ff x13:0x00000000  x4=0x000007ff
      119295000	     11830	8000a37e	0001	c.addi	x0,0	  x0:0x00000000  x0=0x00000000
      119305000	     11831	8000a380	f435ba13	sltiu	x20,x11,-189	 x11:0x03ffff29 x20=0x00000001
      119315000	     11832	8000a384	a00bfe93	andi	x29,x23,-1536	 x23:0xffffffad x29=0xfffffa00
      119325000	     11833	8000a388	01717bb3	and	x23,x2,x23	  x2:0x00001339 x23:0xffffffad x23=0x00001329
      119335000	     11834	8000a38c	01b3e4b3	or	x9,x7,x27	  x7:0x80000000 x27:0x0000001c  x9=0x8000001c
      119345000	     11835	8000a390	009c59b3	srl	x19,x24,x9	 x24:0x0000001e  x9:0x8000001c x19=0x00000000
      119355000	     11836	8000a394	008c55b3	srl	x11,x24,x8	 x24:0x0000001e  x8:0x00000000 x11=0x0000001e
      119365000	     11837	8000a398	340bdd73	csrrwi	x26,mscratch,23	 x26=0x0000000a
      119375000	     11838	8000a39c	8092	c.mv	x1,x4	  x0:0x00000000  x4:0x000007ff  x1=0x000007ff
      119385000	     11839	8000a39e	0351	c.addi	x6,20	  x6:0x00000000  x6=0x00000014
      119755000	     11876	8000a3a0	025dc9b3	div	x19,x27,x5	 x27:0x0000001c  x5:0x000007ff x19=0x00000000
      119765000	     11877	8000a3a4	01d5f1b3	and	x3,x11,x29	 x11:0x0000001e x29:0xfffffa00  x3=0x00000000
      119775000	     11878	8000a3a8	8c4d	c.or	x8,x11	  x8:0x00000000 x11:0x0000001e  x8=0x0000001e
      119785000	     11879	8000a3aa	40f3da33	sra	x20,x7,x15	  x7:0x80000000 x15:0x80025ce4 x20=0xf8000000
      119795000	     11880	8000a3ae	8c41	c.or	x8,x8	  x8:0x0000001e  x8:0x0000001e  x8=0x0000001e
      119805000	     11881	8000a3b0	0076a133	slt	x2,x13,x7	 x13:0x00000000  x7:0x80000000  x2=0x00000000
      119815000	     11882	8000a3b4	01107663	bgeu	x0,x17,8000a3c0	  x0:0x00000000 x17:0x00000001
      119825000	     11883	8000a3b8	81e5	c.srli	x11,0x19	 x11:0x0000001e x11=0x00000000
      119835000	     11884	8000a3ba	e901	c.bnez	x10,8000a3ca	 x10:0xfffffeec
      119865000	     11887	8000a3ca	196a7c93	andi	x25,x20,406	 x20:0xf8000000 x25=0x00000000
      119875000	     11888	8000a3ce	862d	c.srai	x12,0xb	 x12:0xffffffff x12=0xffffffff
      119885000	     11889	8000a3d0	806d	c.srli	x8,0x1b	  x8:0x0000001e  x8=0x00000000
      119925000	     11893	8000a3d2	02e8ab33	mulhsu	x22,x17,x14	 x17:0x00000001 x14:0xffffffff x22=0x00000000
      119935000	     11894	8000a3d6	003b95b3	sll	x11,x23,x3	 x23:0x00001329  x3:0x00000000 x11=0x00001329
      119945000	     11895	8000a3da	8dd5	c.or	x11,x13	 x11:0x00001329 x13:0x00000000 x11=0x00001329
      119985000	     11899	8000a3dc	03fe32b3	mulhu	x5,x28,x31	 x28:0x80021e2c x31:0x80025ce4  x5=0x40023d8d
      119995000	     11900	8000a3e0	8e05	c.sub	x12,x9	 x12:0xffffffff  x9:0x8000001c x12=0x7fffffe3
      120005000	     11901	8000a3e2	84c1	c.srai	x9,0x10	  x9:0x8000001c  x9=0xffff8000
      120015000	     11902	8000a3e4	004caab3	slt	x21,x25,x4	 x25:0x00000000  x4:0x000007ff x21=0x00000001
      120025000	     11903	8000a3e8	37003513	sltiu	x10,x0,880	  x0:0x00000000 x10=0x00000001
      120035000	     11904	8000a3ec	976e	c.add	x14,x27	 x14:0xffffffff x27:0x0000001c x14=0x0000001b
      120045000	     11905	8000a3ee	717d	c.addi16sp	x2,-16	  x2:0x00000000  x2=0xfffffff0
      120055000	     11906	8000a3f0	0994	c.addi4spn	x13,x2,208	 x13=0x000000c0
      120065000	     11907	8000a3f2	05b0d463	bge	x1,x27,8000a43a	  x1:0x000007ff x27:0x0000001c
      120085000	     11909	8000a43a	e601	c.bnez	x12,8000a442	 x12:0x7fffffe3
      120105000	     11911	8000a442	0001	c.addi	x0,0	  x0:0x00000000  x0=0x00000000
      120115000	     11912	8000a444	0000100f	fence.i	
      120135000	     11914	8000a448	55b03313	sltiu	x6,x0,1371	  x0:0x00000000  x6=0x00000001
      120145000	     11915	8000a44c	01c2d193	srli	x3,x5,0x1c	  x5:0x40023d8d  x3=0x00000004
      120155000	     11916	8000a450	0001	c.addi	x0,0	  x0:0x00000000  x0=0x00000000
      120165000	     11917	8000a452	8216	c.mv	x4,x5	  x0:0x00000000  x5:0x40023d8d  x4=0x40023d8d
      120175000	     11918	8000a454	00c69313	slli	x6,x13,0xc	 x13:0x000000c0  x6=0x000c0000
      120185000	     11919	8000a458	0145ea63	bltu	x11,x20,8000a46c	 x11:0x00001329 x20:0xf8000000
      120205000	     11921	8000a46c	01325533	srl	x10,x4,x19	  x4:0x40023d8d x19:0x00000000 x10=0x40023d8d
      120215000	     11922	8000a470	89f5	c.andi	x11,29	 x11:0x00001329 x11=0x00000009
      120225000	     11923	8000a472	01c04d33	xor	x26,x0,x28	  x0:0x00000000 x28:0x80021e2c x26=0x80021e2c
      120235000	     11924	8000a476	41565f33	sra	x30,x12,x21	 x12:0x7fffffe3 x21:0x00000001 x30=0x3ffffff1
      120245000	     11925	8000a47a	0ff0000f	fence	iorw,iorw	
      120615000	     11962	8000a47e	03b9da33	divu	x20,x19,x27	 x19:0x00000000 x27:0x0000001c x20=0x00000000
      120625000	     11963	8000a482	0180db63	bge	x1,x24,8000a498	  x1:0x000007ff x24:0x0000001e
      120645000	     11965	8000a498	8ca1	c.xor	x9,x8	  x9:0xffff8000  x8:0x00000000  x9=0xffff8000
      120655000	     11966	8000a49a	8ded	c.and	x11,x11	 x11:0x00000009 x11:0x00000009 x11=0x00000009
      120665000	     11967	8000a49c	2fe87093	andi	x1,x16,766	 x16:0x00000000  x1=0x00000000
      120675000	     11968	8000a4a0	48e3e613	ori	x12,x7,1166	  x7:0x80000000 x12=0x8000048e
      120685000	     11969	8000a4a4	8e79	c.and	x12,x14	 x12:0x8000048e x14:0x0000001b x12=0x0000000a
      120695000	     11970	8000a4a6	8d6d	c.and	x10,x11	 x10:0x40023d8d x11:0x00000009 x10=0x00000009
      120705000	     11971	8000a4a8	01d29713	slli	x14,x5,0x1d	  x5:0x40023d8d x14=0xa0000000
      120715000	     11972	8000a4ac	01000463	beq	x0,x16,8000a4b4	  x0:0x00000000 x16:0x00000000
      120735000	     11974	8000a4b4	02647f63	bgeu	x8,x6,8000a4f2	  x8:0x00000000  x6:0x000c0000
      120745000	     11975	8000a4b8	34003ff3	csrrc	x31,mscratch,x0	  x0:0x00000000 x31=0x00000017
      120785000	     11979	8000a4bc	02be28b3	mulhsu	x17,x28,x11	 x28:0x80021e2c x11:0x00000009 x17=0xfffffffb
      120825000	     11983	8000a4c0	027c1c33	mulh	x24,x24,x7	 x24:0x0000001e  x7:0x80000000 x24=0xfffffff1
      120835000	     11984	8000a4c4	ed09	c.bnez	x10,8000a4de	 x10:0x00000009
      121225000	     12023	8000a4de	029f79b3	remu	x19,x30,x9	 x30:0x3ffffff1  x9:0xffff8000 x19=0x3ffffff1
      121235000	     12024	8000a4e2	0001	c.addi	x0,0	  x0:0x00000000  x0=0x00000000
      121245000	     12025	8000a4e4	037d7e63	bgeu	x26,x23,8000a520	 x26:0x80021e2c x23:0x00001329
      121265000	     12027	8000a520	00ba1993	slli	x19,x20,0xb	 x20:0x00000000 x19=0x00000000
      121275000	     12028	8000a524	56db7693	andi	x13,x22,1389	 x22:0x00000000 x13=0x00000000
      121305000	     12031	8000a528	03a78733	mul	x14,x15,x26	 x15:0x80025ce4 x26:0x80021e2c x14=0x0112af30
      121315000	     12032	8000a52c	008e5813	srli	x16,x28,0x8	 x28:0x80021e2c x16=0x0080021e
      121325000	     12033	8000a530	0022db13	srli	x22,x5,0x2	  x5:0x40023d8d x22=0x10008f63
      121335000	     12034	8000a534	8486	c.mv	x9,x1	  x0:0x00000000  x1:0x00000000  x9=0x00000000
      121345000	     12035	8000a536	fbbc7c13	andi	x24,x24,-69	 x24:0xfffffff1 x24=0xffffffb1
      121355000	     12036	8000a53a	41c7d693	srai	x13,x15,0x1c	 x15:0x80025ce4 x13=0xfffffff8
      121365000	     12037	8000a53e	8369	c.srli	x14,0x1a	 x14:0x0112af30 x14=0x00000000
      121375000	     12038	8000a540	405906b3	sub	x13,x18,x5	 x18:0x00000009  x5:0x40023d8d x13=0xbffdc27c
      121385000	     12039	8000a544	01995d13	srli	x26,x18,0x19	 x18:0x00000009 x26=0x00000000
      121395000	     12040	8000a548	02ac7e63	bgeu	x24,x10,8000a584	 x24:0xffffffb1 x10:0x00000009
      121415000	     12042	8000a584	340ff173	csrrci	x2,mscratch,31	  x2=0x00000017
      121445000	     12045	8000a588	035b0533	mul	x10,x22,x21	 x22:0x10008f63 x21:0x00000001 x10=0x10008f63
      121455000	     12046	8000a58c	015d1d93	slli	x27,x26,0x15	 x26:0x00000000 x27=0x00000000
      121465000	     12047	8000a590	99fd	c.andi	x11,-1	 x11:0x00000009 x11=0x00000009
      121475000	     12048	8000a592	a50ead13	slti	x26,x29,-1456	 x29:0xfffffa00 x26=0x00000001
      121485000	     12049	8000a596	160ef093	andi	x1,x29,352	 x29:0xfffffa00  x1=0x00000000
      121495000	     12050	8000a59a	0794	c.addi4spn	x13,x2,960	 x13=0x000003d7
      121505000	     12051	8000a59c	9a1fc493	xori	x9,x31,-1631	 x31:0x00000017  x9=0xfffff9b6
      121515000	     12052	8000a5a0	080e	c.slli	x16,0x3	 x16:0x0080021e x16=0x040010f0
      121525000	     12053	8000a5a2	0001	c.addi	x0,0	  x0:0x00000000  x0=0x00000000
      121535000	     12054	8000a5a4	34071373	csrrw	x6,mscratch,x14	 x14:0x00000000  x6=0x00000000
      121545000	     12055	8000a5a8	8f32	c.mv	x30,x12	  x0:0x00000000 x12:0x0000000a x30=0x0000000a
      121555000	     12056	8000a5aa	0555f163	bgeu	x11,x21,8000a5ec	 x11:0x00000009 x21:0x00000001
      121575000	     12058	8000a5ec	e89d	c.bnez	x9,8000a622	  x9:0xfffff9b6
      121605000	     12061	8000a622	a891cf93	xori	x31,x3,-1399	  x3:0x00000004 x31=0xfffffa8d
      121615000	     12062	8000a626	8b29	c.andi	x14,10	 x14:0x00000000 x14=0x00000000
      121625000	     12063	8000a628	34015773	csrrwi	x14,mscratch,2	 x14=0x00000000
      121635000	     12064	8000a62c	0335fc63	bgeu	x11,x19,8000a664	 x11:0x00000009 x19:0x00000000
      121685000	     12069	8000a664	02959db3	mulh	x27,x11,x9	 x11:0x00000009  x9:0xfffff9b6 x27=0xffffffff
      121695000	     12070	8000a668	9ece	c.add	x29,x19	 x29:0xfffffa00 x19:0x00000000 x29=0xfffffa00
      121705000	     12071	8000a66a	559d4017	auipc	x0,0x559d4	  x0=0x00000000
      121715000	     12072	8000a66e	01eae763	bltu	x21,x30,8000a67c	 x21:0x00000001 x30:0x0000000a
      121735000	     12074	8000a67c	8ea1	c.xor	x13,x8	 x13:0x000003d7  x8:0x00000000 x13=0x000003d7
      121745000	     12075	8000a67e	8e51	c.or	x12,x12	 x12:0x0000000a x12:0x0000000a x12=0x0000000a
      121755000	     12076	8000a680	02f77163	bgeu	x14,x15,8000a6a2	 x14:0x00000000 x15:0x80025ce4
      121765000	     12077	8000a684	8daef697	auipc	x13,0x8daef	 x13=0x0daf9684
      121775000	     12078	8000a688	40435193	srai	x3,x6,0x4	  x6:0x00000000  x3=0x00000000
      121785000	     12079	8000a68c	8f0a	c.mv	x30,x2	  x0:0x00000000  x2:0x00000017 x30=0x00000017
      121795000	     12080	8000a68e	004789b3	add	x19,x15,x4	 x15:0x80025ce4  x4:0x40023d8d x19=0xc0049a71
      121805000	     12081	8000a692	013306b3	add	x13,x6,x19	  x6:0x00000000 x19:0xc0049a71 x13=0xc0049a71
      121815000	     12082	8000a696	0f08	c.addi4spn	x10,x2,912	 x10=0x000003a7
      121825000	     12083	8000a698	013c9593	slli	x11,x25,0x13	 x25:0x00000000 x11=0x00000000
      122195000	     12120	8000a69c	027f6db3	rem	x27,x30,x7	 x30:0x00000017  x7:0x80000000 x27=0x00000017
      122205000	     12121	8000a6a0	9806	c.add	x16,x1	 x16:0x040010f0  x1:0x00000000 x16=0x040010f0
      122215000	     12122	8000a6a2	01169763	bne	x13,x17,8000a6b0	 x13:0xc0049a71 x17:0xfffffffb
      122235000	     12124	8000a6b0	01d28b63	beq	x5,x29,8000a6c6	  x5:0x40023d8d x29:0xfffffa00
      122245000	     12125	8000a6b4	8889	c.andi	x9,2	  x9:0xfffff9b6  x9=0x00000002
      122255000	     12126	8000a6b6	173a0c13	addi	x24,x20,371	 x20:0x00000000 x24=0x00000173
      122295000	     12130	8000a6ba	03bda2b3	mulhsu	x5,x27,x27	 x27:0x00000017 x27:0x00000017  x5=0x00000000
      122305000	     12131	8000a6be	01e99e63	bne	x19,x30,8000a6da	 x19:0xc0049a71 x30:0x00000017
      122335000	     12134	8000a6da	10dde937	lui	x18,0x10dde	 x18=0x10dde000
      122345000	     12135	8000a6de	01646c63	bltu	x8,x22,8000a6f6	  x8:0x00000000 x22:0x10008f63
      122365000	     12137	8000a6f6	0001	c.addi	x0,0	  x0:0x00000000  x0=0x00000000
      122375000	     12138	8000a6f8	8c51	c.or	x8,x12	  x8:0x00000000 x12:0x0000000a  x8=0x0000000a
      122385000	     12139	8000a6fa	34031473	csrrw	x8,mscratch,x6	  x6:0x00000000  x8=0x00000002
      122395000	     12140	8000a6fe	1cfd	c.addi	x25,-1	 x25:0x00000000 x25=0xffffffff
      122415000	     12142	8000a700	025679b3	remu	x19,x12,x5	 x12:0x0000000a  x5:0x00000000 x19=0x0000000a
      122425000	     12143	8000a704	8c51	c.or	x8,x12	  x8:0x00000002 x12:0x0000000a  x8=0x0000000a
      122435000	     12144	8000a706	0143e433	or	x8,x7,x20	  x7:0x80000000 x20:0x00000000  x8=0x80000000
      122445000	     12145	8000a70a	340f3673	csrrc	x12,mscratch,x30	 x30:0x00000017 x12=0x00000000
      122455000	     12146	8000a70e	010a51b3	srl	x3,x20,x16	 x20:0x00000000 x16:0x040010f0  x3=0x00000000
      122465000	     12147	8000a712	34047973	csrrci	x18,mscratch,8	 x18=0x00000000
      122475000	     12148	8000a716	0706	c.slli	x14,0x1	 x14:0x00000000 x14=0x00000000
      122485000	     12149	8000a718	717d	c.addi16sp	x2,-16	  x2:0x00000017  x2=0x00000007
      122495000	     12150	8000a71a	0001	c.addi	x0,0	  x0:0x00000000  x0=0x00000000
      122505000	     12151	8000a71c	34003f73	csrrc	x30,mscratch,x0	  x0:0x00000000 x30=0x00000000
      122515000	     12152	8000a720	4cc32d13	slti	x26,x6,1228	  x6:0x00000000 x26=0x00000001
      122525000	     12153	8000a724	717d	c.addi16sp	x2,-16	  x2:0x00000007  x2=0xfffffff7
      122535000	     12154	8000a726	81ed	c.srli	x11,0x1b	 x11:0x00000000 x11=0x00000000
      122545000	     12155	8000a728	8ec5	c.or	x13,x9	 x13:0xc0049a71  x9:0x00000002 x13=0xc0049a73
      122555000	     12156	8000a72a	0001	c.addi	x0,0	  x0:0x00000000  x0=0x00000000
      122565000	     12157	8000a72c	8a11	c.andi	x12,4	 x12:0x00000000 x12=0x00000000
      122575000	     12158	8000a72e	8ea9	c.xor	x13,x10	 x13:0xc0049a73 x10:0x000003a7 x13=0xc00499d4
      122585000	     12159	8000a730	0067a333	slt	x6,x15,x6	 x15:0x80025ce4  x6:0x00000000  x6=0x00000001
      122595000	     12160	8000a734	0000100f	fence.i	
      122615000	     12162	8000a738	0ff0000f	fence	iorw,iorw	
      122625000	     12163	8000a73c	4a09	c.li	x20,2	 x20=0x00000002
      122635000	     12164	8000a73e	012331b3	sltu	x3,x6,x18	  x6:0x00000001 x18:0x00000000  x3=0x00000000
      123005000	     12201	8000a742	02d8f633	remu	x12,x17,x13	 x17:0xfffffffb x13:0xc00499d4 x12=0x3ffb6627
      123015000	     12202	8000a746	340f9673	csrrw	x12,mscratch,x31	 x31:0xfffffa8d x12=0x00000000
      123025000	     12203	8000a74a	00c34533	xor	x10,x6,x12	  x6:0x00000001 x12:0x00000000 x10=0x00000001
      123035000	     12204	8000a74e	8e95	c.sub	x13,x13	 x13:0xc00499d4 x13:0xc00499d4 x13=0x00000000
      123045000	     12205	8000a750	8d11	c.sub	x10,x12	 x10:0x00000001 x12:0x00000000 x10=0x00000001
      123055000	     12206	8000a752	246efd13	andi	x26,x29,582	 x29:0xfffffa00 x26=0x00000200
      123065000	     12207	8000a756	0ffd	c.addi	x31,31	 x31:0xfffffa8d x31=0xfffffaac
      123075000	     12208	8000a758	8e39	c.xor	x12,x14	 x12:0x00000000 x14:0x00000000 x12=0x00000000
      123085000	     12209	8000a75a	3402ab73	csrrs	x22,mscratch,x5	  x5:0x00000000 x22=0xfffffa8d
      123095000	     12210	8000a75e	04a5	c.addi	x9,9	  x9:0x00000002  x9=0x0000000b
      123105000	     12211	8000a760	8efc6a93	ori	x21,x24,-1809	 x24:0x00000173 x21=0xfffff9ff
      123115000	     12212	8000a764	890a	c.mv	x18,x2	  x0:0x00000000  x2:0xfffffff7 x18=0xfffffff7
      123125000	     12213	8000a766	01a4f633	and	x12,x9,x26	  x9:0x0000000b x26:0x00000200 x12=0x00000000
      123135000	     12214	8000a76a	082a	c.slli	x16,0xa	 x16:0x040010f0 x16=0x0043c000
      123145000	     12215	8000a76c	01542ab3	slt	x21,x8,x21	  x8:0x80000000 x21:0xfffff9ff x21=0x00000001
      123155000	     12216	8000a770	0001	c.addi	x0,0	  x0:0x00000000  x0=0x00000000
      123165000	     12217	8000a772	400bd193	srai	x3,x23,0x0	 x23:0x00001329  x3=0x00001329
      123175000	     12218	8000a776	0103db93	srli	x23,x7,0x10	  x7:0x80000000 x23=0x00008000
      123185000	     12219	8000a77a	01949963	bne	x9,x25,8000a78c	  x9:0x0000000b x25:0xffffffff
      123205000	     12221	8000a78c	3400ea73	csrrsi	x20,mscratch,1	 x20=0xfffffa8d
      123215000	     12222	8000a790	043dd063	bge	x27,x3,8000a7d0	 x27:0x00000017  x3:0x00001329
      123225000	     12223	8000a794	8a6d	c.andi	x12,27	 x12:0x00000000 x12=0x00000000
      123595000	     12260	8000a796	032c7bb3	remu	x23,x24,x18	 x24:0x00000173 x18:0xfffffff7 x23=0x00000173
      123605000	     12261	8000a79a	00279493	slli	x9,x15,0x2	 x15:0x80025ce4  x9=0x00097390
      123615000	     12262	8000a79e	3403d573	csrrwi	x10,mscratch,7	 x10=0xfffffa8d
      123625000	     12263	8000a7a2	8e79	c.and	x12,x14	 x12:0x00000000 x14:0x00000000 x12=0x00000000
      123635000	     12264	8000a7a4	340062f3	csrrsi	x5,mscratch,0	  x5=0x00000007
      123645000	     12265	8000a7a8	8dc9	c.or	x11,x10	 x11:0x00000000 x10:0xfffffa8d x11=0xfffffa8d
      123655000	     12266	8000a7aa	0073de63	bge	x7,x7,8000a7c6	  x7:0x80000000  x7:0x80000000
      123675000	     12268	8000a7c6	8349	c.srli	x14,0x12	 x14:0x00000000 x14=0x00000000
      123685000	     12269	8000a7c8	340022f3	csrrs	x5,mscratch,x0	  x0:0x00000000  x5=0x00000007
      123695000	     12270	8000a7cc	f935af17	auipc	x30,0xf935a	 x30=0x793647cc
      123705000	     12271	8000a7d0	8765	c.srai	x14,0x19	 x14:0x00000000 x14=0x00000000
      123715000	     12272	8000a7d2	40ad0033	sub	x0,x26,x10	 x26:0x00000200 x10:0xfffffa8d  x0=0x00000000
      123725000	     12273	8000a7d6	34042273	csrrs	x4,mscratch,x8	  x8:0x80000000  x4=0x00000007
      123735000	     12274	8000a7da	8105	c.srli	x10,0x1	 x10:0xfffffa8d x10=0x7ffffd46
      123755000	     12276	8000a7dc	02d5e0b3	rem	x1,x11,x13	 x11:0xfffffa8d x13:0x00000000  x1=0xfffffa8d
      123765000	     12277	8000a7e0	340164f3	csrrsi	x9,mscratch,2	  x9=0x80000007
      123805000	     12281	8000a7e4	028234b3	mulhu	x9,x4,x8	  x4:0x00000007  x8:0x80000000  x9=0x00000003
      123815000	     12282	8000a7e8	34006ef3	csrrsi	x29,mscratch,0	 x29=0x80000007
      123825000	     12283	8000a7ec	79ebe893	ori	x17,x23,1950	 x23:0x00000173 x17=0x000007ff
      123835000	     12284	8000a7f0	340a5373	csrrwi	x6,mscratch,20	  x6=0x80000007
      123845000	     12285	8000a7f4	01460f33	add	x30,x12,x20	 x12:0x00000000 x20:0xfffffa8d x30=0xfffffa8d
      123865000	     12287	8000a7f8	02e9f9b3	remu	x19,x19,x14	 x19:0x0000000a x14:0x00000000 x19=0x0000000a
      123875000	     12288	8000a7fc	cd15	c.beqz	x10,8000a838	 x10:0x7ffffd46
      123885000	     12289	8000a7fe	2b9b8237	lui	x4,0x2b9b8	  x4=0x2b9b8000
      123895000	     12290	8000a802	00c9d733	srl	x14,x19,x12	 x19:0x0000000a x12:0x00000000 x14=0x0000000a
      123905000	     12291	8000a806	7b3ae517	auipc	x10,0x7b3ae	 x10=0xfb3b8806
      123915000	     12292	8000a80a	8e6d	c.and	x12,x11	 x12:0x00000000 x11:0xfffffa8d x12=0x00000000
      123925000	     12293	8000a80c	0093aab3	slt	x21,x7,x9	  x7:0x80000000  x9:0x00000003 x21=0x00000001
      123935000	     12294	8000a810	1afd	c.addi	x21,-1	 x21:0x00000001 x21=0x00000000
      123945000	     12295	8000a812	8051	c.srli	x8,0x14	  x8:0x80000000  x8=0x00000800
      123985000	     12299	8000a814	02c1a233	mulhsu	x4,x3,x12	  x3:0x00001329 x12:0x00000000  x4=0x00000000
      123995000	     12300	8000a818	340a9073	csrrw	x0,mscratch,x21	 x21:0x00000000  x0=0x00000000
      124005000	     12301	8000a81c	0000100f	fence.i	
      124025000	     12303	8000a820	340fa173	csrrs	x2,mscratch,x31	 x31:0xfffffaac  x2=0x00000000
      124035000	     12304	8000a824	013bd813	srli	x16,x23,0x13	 x23:0x00000173 x16=0x00000000
      124045000	     12305	8000a828	73be4cb7	lui	x25,0x73be4	 x25=0x73be4000
      124055000	     12306	8000a82c	01b95db3	srl	x27,x18,x27	 x18:0xfffffff7 x27:0x00000017 x27=0x000001ff
      124065000	     12307	8000a830	0009eeb3	or	x29,x19,x0	 x19:0x0000000a  x0:0x00000000 x29=0x0000000a
      124075000	     12308	8000a834	34025cf3	csrrwi	x25,mscratch,4	 x25=0xfffffaac
      124085000	     12309	8000a838	8be2	c.mv	x23,x24	  x0:0x00000000 x24:0x00000173 x23=0x00000173
      124095000	     12310	8000a83a	8f31	c.xor	x14,x12	 x14:0x0000000a x12:0x00000000 x14=0x0000000a
      124105000	     12311	8000a83c	00b8da93	srli	x21,x17,0xb	 x17:0x000007ff x21=0x00000000
      124115000	     12312	8000a840	90ca	c.add	x1,x18	  x1:0xfffffa8d x18:0xfffffff7  x1=0xfffffa84
      124145000	     12315	8000a842	034b0ab3	mul	x21,x22,x20	 x22:0xfffffa8d x20:0xfffffa8d x21=0x001db1a9
      124155000	     12316	8000a846	19816913	ori	x18,x2,408	  x2:0x00000000 x18=0x00000198
      124175000	     12318	8000a84a	0221feb3	remu	x29,x3,x2	  x3:0x00001329  x2:0x00000000 x29=0x00001329
      124185000	     12319	8000a84e	9d22f493	andi	x9,x5,-1582	  x5:0x00000007  x9=0x00000002
      124195000	     12320	8000a852	f28ea213	slti	x4,x29,-216	 x29:0x00001329  x4=0x00000000
      124205000	     12321	8000a856	340e92f3	csrrw	x5,mscratch,x29	 x29:0x00001329  x5=0x00000004
      124215000	     12322	8000a85a	00905a13	srli	x20,x0,0x9	  x0:0x00000000 x20=0x00000000
      124225000	     12323	8000a85e	0156f933	and	x18,x13,x21	 x13:0x00000000 x21:0x001db1a9 x18=0x00000000
      124235000	     12324	8000a862	4083d533	sra	x10,x7,x8	  x7:0x80000000  x8:0x00000800 x10=0x80000000
      124245000	     12325	8000a866	016202b3	add	x5,x4,x22	  x4:0x00000000 x22:0xfffffa8d  x5=0xfffffa8d
      124255000	     12326	8000a86a	14fd	c.addi	x9,-1	  x9:0x00000002  x9=0x00000001
      124265000	     12327	8000a86c	00f1dd33	srl	x26,x3,x15	  x3:0x00001329 x15:0x80025ce4 x26=0x00000132
      124275000	     12328	8000a870	95e2	c.add	x11,x24	 x11:0xfffffa8d x24:0x00000173 x11=0xfffffc00
      124285000	     12329	8000a872	0000100f	fence.i	
      124305000	     12331	8000a876	577d	c.li	x14,-1	 x14=0xffffffff
      124335000	     12334	8000a878	02ec0833	mul	x16,x24,x14	 x24:0x00000173 x14:0xffffffff x16=0xfffffe8d
      124345000	     12335	8000a87c	030bc363	blt	x23,x16,8000a8a2	 x23:0x00000173 x16:0xfffffe8d
      124355000	     12336	8000a880	3406a1f3	csrrs	x3,mscratch,x13	 x13:0x00000000  x3=0x00001329
      124365000	     12337	8000a884	015d9813	slli	x16,x27,0x15	 x27:0x000001ff x16=0x3fe00000
      124375000	     12338	8000a888	8d31	c.xor	x10,x12	 x10:0x80000000 x12:0x00000000 x10=0x80000000
      124385000	     12339	8000a88a	34002ff3	csrrs	x31,mscratch,x0	  x0:0x00000000 x31=0x00001329
      124395000	     12340	8000a88e	9686	c.add	x13,x1	 x13:0x00000000  x1:0xfffffa84 x13=0xfffffa84
      124435000	     12344	8000a890	03cea0b3	mulhsu	x1,x29,x28	 x29:0x00001329 x28:0x80021e2c  x1=0x00000994
      124445000	     12345	8000a894	01665633	srl	x12,x12,x22	 x12:0x00000000 x22:0xfffffa8d x12=0x00000000
      124455000	     12346	8000a898	0018f533	and	x10,x17,x1	 x17:0x000007ff  x1:0x00000994 x10=0x00000194
      124465000	     12347	8000a89c	340029f3	csrrs	x19,mscratch,x0	  x0:0x00000000 x19=0x00001329
      124475000	     12348	8000a8a0	8f41	c.or	x14,x8	 x14:0xffffffff  x8:0x00000800 x14=0xffffffff
      124485000	     12349	8000a8a2	0172	c.slli	x2,0x1c	  x2:0x00000000  x2=0x00000000
      124495000	     12350	8000a8a4	340f1d73	csrrw	x26,mscratch,x30	 x30:0xfffffa8d x26=0x00001329
      124505000	     12351	8000a8a8	010e1463	bne	x28,x16,8000a8b0	 x28:0x80021e2c x16:0x3fe00000
      124525000	     12353	8000a8b0	01c9	c.addi	x3,18	  x3:0x00001329  x3=0x0000133b
      124535000	     12354	8000a8b2	016fd213	srli	x4,x31,0x16	 x31:0x00001329  x4=0x00000000
      124545000	     12355	8000a8b6	5f7d	c.li	x30,-1	 x30=0xffffffff
      124555000	     12356	8000a8b8	0032d293	srli	x5,x5,0x3	  x5:0xfffffa8d  x5=0x1fffff51
      124585000	     12359	8000a8bc	036406b3	mul	x13,x8,x22	  x8:0x00000800 x22:0xfffffa8d x13=0xffd46800
      124595000	     12360	8000a8c0	717d	c.addi16sp	x2,-16	  x2:0x00000000  x2=0xfffffff0
      124965000	     12397	8000a8c2	02b65b33	divu	x22,x12,x11	 x12:0x00000000 x11:0xfffffc00 x22=0x00000000
      124975000	     12398	8000a8c6	4901	c.li	x18,0	 x18=0x00000000
      124985000	     12399	8000a8c8	34062373	csrrs	x6,mscratch,x12	 x12:0x00000000  x6=0xfffffa8d
      124995000	     12400	8000a8cc	40d6d233	sra	x4,x13,x13	 x13:0xffd46800 x13:0xffd46800  x4=0xffd46800
      125005000	     12401	8000a8d0	1110	c.addi4spn	x12,x2,160	 x12=0x00000090
      125015000	     12402	8000a8d2	ca07a713	slti	x14,x15,-864	 x15:0x80025ce4 x14=0x00000001
      125025000	     12403	8000a8d6	34002673	csrrs	x12,mscratch,x0	  x0:0x00000000 x12=0xfffffa8d
      125035000	     12404	8000a8da	8c9d	c.sub	x9,x15	  x9:0x00000001 x15:0x80025ce4  x9=0x7ffda31d
      125045000	     12405	8000a8dc	a66fa993	slti	x19,x31,-1434	 x31:0x00001329 x19=0x00000000
      125085000	     12409	8000a8e0	03069233	mulh	x4,x13,x16	 x13:0xffd46800 x16:0x3fe00000  x4=0xfff51f73
      125095000	     12410	8000a8e4	002a6563	bltu	x20,x2,8000a8ee	 x20:0x00000000  x2:0xfffffff0
      125125000	     12413	8000a8ee	406ed893	srai	x17,x29,0x6	 x29:0x00001329 x17=0x0000004c
      125135000	     12414	8000a8f2	8d89	c.sub	x11,x10	 x11:0xfffffc00 x10:0x00000194 x11=0xfffffa6c
      125145000	     12415	8000a8f4	03aee963	bltu	x29,x26,8000a926	 x29:0x00001329 x26:0x00001329
      125155000	     12416	8000a8f8	8865	c.andi	x8,25	  x8:0x00000800  x8=0x00000000
      125165000	     12417	8000a8fa	5470bbb7	lui	x23,0x5470b	 x23=0x5470b000
      125175000	     12418	8000a8fe	8565	c.srai	x10,0x19	 x10:0x00000194 x10=0x00000000
      125185000	     12419	8000a900	8e91	c.sub	x13,x12	 x13:0xffd46800 x12:0xfffffa8d x13=0xffd46d73
      125195000	     12420	8000a902	340c1ef3	csrrw	x29,mscratch,x24	 x24:0x00000173 x29=0xfffffa8d
      125205000	     12421	8000a906	b30c6497	auipc	x9,0xb30c6	  x9=0x330d0906
      125245000	     12425	8000a90a	02429333	mulh	x6,x5,x4	  x5:0x1fffff51  x4:0xfff51f73  x6=0xfffea3ee
      125255000	     12426	8000a90e	34002af3	csrrs	x21,mscratch,x0	  x0:0x00000000 x21=0x00000173
      125265000	     12427	8000a912	34006c73	csrrsi	x24,mscratch,0	 x24=0x00000173
      125275000	     12428	8000a916	74e6a813	slti	x16,x13,1870	 x13:0xffd46d73 x16=0x00000001
      125285000	     12429	8000a91a	4163d1b3	sra	x3,x7,x22	  x7:0x80000000 x22:0x00000000  x3=0x80000000
      125295000	     12430	8000a91e	ce878c13	addi	x24,x15,-792	 x15:0x80025ce4 x24=0x800259cc
      125305000	     12431	8000a922	4af54c93	xori	x25,x10,1199	 x10:0x00000000 x25=0x000004af
      125315000	     12432	8000a926	d61c7b13	andi	x22,x24,-671	 x24:0x800259cc x22=0x80025940
      125325000	     12433	8000a92a	170c	c.addi4spn	x11,x2,928	 x11=0x00000390
      125335000	     12434	8000a92c	0000100f	fence.i	
      125375000	     12438	8000a930	029c0ab3	mul	x21,x24,x9	 x24:0x800259cc  x9:0x330d0906 x21=0x489246c8
      125385000	     12439	8000a934	0036d2b3	srl	x5,x13,x3	 x13:0xffd46d73  x3:0x80000000  x5=0xffd46d73
      125395000	     12440	8000a938	411f8bb3	sub	x23,x31,x17	 x31:0x00001329 x17:0x0000004c x23=0x000012dd
      125405000	     12441	8000a93c	0218df63	bge	x17,x1,8000a97a	 x17:0x0000004c  x1:0x00000994
      125415000	     12442	8000a940	34052c73	csrrs	x24,mscratch,x10	 x10:0x00000000 x24=0x00000173
      125425000	     12443	8000a944	0000100f	fence.i	
      125805000	     12481	8000a948	02424fb3	div	x31,x4,x4	  x4:0xfff51f73  x4:0xfff51f73 x31=0x00000001
      125845000	     12485	8000a94c	02473fb3	mulhu	x31,x14,x4	 x14:0x00000001  x4:0xfff51f73 x31=0x00000000
      125855000	     12486	8000a950	14483813	sltiu	x16,x16,324	 x16:0x00000001 x16=0x00000001
      125865000	     12487	8000a954	017cc263	blt	x25,x23,8000a958	 x25:0x000004af x23:0x000012dd
      125885000	     12489	8000a958	008fd863	bge	x31,x8,8000a968	 x31:0x00000000  x8:0x00000000
      125905000	     12491	8000a968	0ad6	c.slli	x21,0x15	 x21:0x489246c8 x21=0xd9000000
      125945000	     12495	8000a96a	034d3833	mulhu	x16,x26,x20	 x26:0x00001329 x20:0x00000000 x16=0x00000000
      125985000	     12499	8000a96e	03969b33	mulh	x22,x13,x25	 x13:0xffd46d73 x25:0x000004af x22=0xffffffff
      125995000	     12500	8000a972	8c1d	c.sub	x8,x15	  x8:0x00000000 x15:0x80025ce4  x8=0x7ffda31c
      126005000	     12501	8000a974	34069273	csrrw	x4,mscratch,x13	 x13:0xffd46d73  x4=0x00000173
      126015000	     12502	8000a978	8dd5	c.or	x11,x13	 x11:0x00000390 x13:0xffd46d73 x11=0xffd46ff3
      126025000	     12503	8000a97a	01619463	bne	x3,x22,8000a982	  x3:0x80000000 x22:0xffffffff
      126055000	     12506	8000a982	045a9663	bne	x21,x5,8000a9ce	 x21:0xd9000000  x5:0xffd46d73
      126085000	     12509	8000a9ce	004c75b3	and	x11,x24,x4	 x24:0x00000173  x4:0x00000173 x11=0x00000173
      126095000	     12510	8000a9d2	0000100f	fence.i	
      126155000	     12516	8000a9d6	022c34b3	mulhu	x9,x24,x2	 x24:0x00000173  x2:0xfffffff0  x9=0x00000172
      126165000	     12517	8000a9da	00d041b3	xor	x3,x0,x13	  x0:0x00000000 x13:0xffd46d73  x3=0xffd46d73
      126175000	     12518	8000a9de	4133d913	srai	x18,x7,0x13	  x7:0x80000000 x18=0xfffff000
      126185000	     12519	8000a9e2	4ce5	c.li	x25,25	 x25=0x00000019
      126215000	     12522	8000a9e4	032e0bb3	mul	x23,x28,x18	 x28:0x80021e2c x18:0xfffff000 x23=0xde1d4000
      126225000	     12523	8000a9e8	04b94263	blt	x18,x11,8000aa2c	 x18:0xfffff000 x11:0x00000173
      126245000	     12525	8000aa2c	00c018b3	sll	x17,x0,x12	  x0:0x00000000 x12:0xfffffa8d x17=0x00000000
      126255000	     12526	8000aa30	f9ed3813	sltiu	x16,x26,-98	 x26:0x00001329 x16=0x00000001
      126265000	     12527	8000aa34	8ed5	c.or	x13,x13	 x13:0xffd46d73 x13:0xffd46d73 x13=0xffd46d73
      126275000	     12528	8000aa36	02109c63	bne	x1,x1,8000aa6e	  x1:0x00000994  x1:0x00000994
      126285000	     12529	8000aa3a	c099	c.beqz	x9,8000aa40	  x9:0x00000172
      126315000	     12532	8000aa3c	02bf8933	mul	x18,x31,x11	 x31:0x00000000 x11:0x00000173 x18=0x00000000
      126325000	     12533	8000aa40	0fe6	c.slli	x31,0x19	 x31:0x00000000 x31=0x00000000
      126335000	     12534	8000aa42	8b62	c.mv	x22,x24	  x0:0x00000000 x24:0x00000173 x22=0x00000173
      126345000	     12535	8000aa44	0132ad33	slt	x26,x5,x19	  x5:0xffd46d73 x19:0x00000000 x26=0x00000001
      126355000	     12536	8000aa48	405e0d33	sub	x26,x28,x5	 x28:0x80021e2c  x5:0xffd46d73 x26=0x802db0b9
      126365000	     12537	8000aa4c	022c7d63	bgeu	x24,x2,8000aa86	 x24:0x00000173  x2:0xfffffff0
      126405000	     12541	8000aa50	028caab3	mulhsu	x21,x25,x8	 x25:0x00000019  x8:0x7ffda31c x21=0x0000000c
      126415000	     12542	8000aa54	340bd8f3	csrrwi	x17,mscratch,23	 x17=0xffd46d73
      126425000	     12543	8000aa58	004946b3	xor	x13,x18,x4	 x18:0x00000000  x4:0x00000173 x13=0x00000173
      126435000	     12544	8000aa5c	8112	c.mv	x2,x4	  x0:0x00000000  x4:0x00000173  x2=0x00000173
      126445000	     12545	8000aa5e	00459c93	slli	x25,x11,0x4	 x11:0x00000173 x25=0x00001730
      126455000	     12546	8000aa62	01b29c13	slli	x24,x5,0x1b	  x5:0xffd46d73 x24=0x98000000
      126465000	     12547	8000aa66	01e86833	or	x16,x16,x30	 x16:0x00000001 x30:0xffffffff x16=0xffffffff
      126475000	     12548	8000aa6a	04596263	bltu	x18,x5,8000aaae	 x18:0x00000000  x5:0xffd46d73
      126505000	     12551	8000aaae	34007973	csrrci	x18,mscratch,0	 x18=0x00000017
      126875000	     12588	8000aab2	02b6f5b3	remu	x11,x13,x11	 x13:0x00000173 x11:0x00000173 x11=0x00000000
      126885000	     12589	8000aab6	6155	c.addi16sp	x2,304	  x2:0x00000173  x2=0x000002a3
      126895000	     12590	8000aab8	f78d1a37	lui	x20,0xf78d1	 x20=0xf78d1000
      126905000	     12591	8000aabc	00b29c93	slli	x25,x5,0xb	  x5:0xffd46d73 x25=0xa36b9800
      126915000	     12592	8000aac0	0000100f	fence.i	
      126935000	     12594	8000aac4	001b5033	srl	x0,x22,x1	 x22:0x00000173  x1:0x00000994  x0=0x00000000
      126945000	     12595	8000aac8	05dc4263	blt	x24,x29,8000ab0c	 x24:0x98000000 x29:0xfffffa8d
      126965000	     12597	8000ab0c	e2aefd93	andi	x27,x29,-470	 x29:0xfffffa8d x27=0xfffffa08
      126975000	     12598	8000ab10	01de8463	beq	x29,x29,8000ab18	 x29:0xfffffa8d x29:0xfffffa8d
      127355000	     12636	8000ab18	03c44bb3	div	x23,x8,x28	  x8:0x7ffda31c x28:0x80021e2c x23=0x00000000
      127365000	     12637	8000ab1c	01fe9563	bne	x29,x31,8000ab26	 x29:0xfffffa8d x31:0x00000000
      127395000	     12640	8000ab26	000fa8b3	slt	x17,x31,x0	 x31:0x00000000  x0:0x00000000 x17=0x00000000
      127405000	     12641	8000ab2a	340df9f3	csrrci	x19,mscratch,27	 x19=0x00000017
      127415000	     12642	8000ab2e	0081cf33	xor	x30,x3,x8	  x3:0xffd46d73  x8:0x7ffda31c x30=0x8029ce6f
      127425000	     12643	8000ab32	add0c6b7	lui	x13,0xadd0c	 x13=0xadd0c000
      127435000	     12644	8000ab36	01304463	blt	x0,x19,8000ab3e	  x0:0x00000000 x19:0x00000017
      127825000	     12683	8000ab3e	03e8c633	div	x12,x17,x30	 x17:0x00000000 x30:0x8029ce6f x12=0x00000000
      127835000	     12684	8000ab42	17208613	addi	x12,x1,370	  x1:0x00000994 x12=0x00000b06
      127845000	     12685	8000ab46	441226b7	lui	x13,0x44122	 x13=0x44122000
      127855000	     12686	8000ab4a	00a55e63	bge	x10,x10,8000ab66	 x10:0x00000000 x10:0x00000000
      128245000	     12725	8000ab66	03c45933	divu	x18,x8,x28	  x8:0x7ffda31c x28:0x80021e2c x18=0x00000000
      128255000	     12726	8000ab6a	df0c2f13	slti	x30,x24,-528	 x24:0x98000000 x30=0x00000001
      128265000	     12727	8000ab6e	305ad637	lui	x12,0x305ad	 x12=0x305ad000
      128275000	     12728	8000ab72	c595	c.beqz	x11,8000ab9e	 x11:0x00000000
      128305000	     12731	8000ab9e	0056fc33	and	x24,x13,x5	 x13:0x44122000  x5:0xffd46d73 x24=0x44102000
      128315000	     12732	8000aba2	05f2d063	bge	x5,x31,8000abe2	  x5:0xffd46d73 x31:0x00000000
      128325000	     12733	8000aba6	41210613	addi	x12,x2,1042	  x2:0x000002a3 x12=0x000006b5
      128335000	     12734	8000abaa	00be6563	bltu	x28,x11,8000abb4	 x28:0x80021e2c x11:0x00000000
      128345000	     12735	8000abae	0106cf33	xor	x30,x13,x16	 x13:0x44122000 x16:0xffffffff x30=0xbbeddfff
      128355000	     12736	8000abb2	8c39	c.xor	x8,x14	  x8:0x7ffda31c x14:0x00000001  x8=0x7ffda31d
      128365000	     12737	8000abb4	34035ef3	csrrwi	x29,mscratch,6	 x29=0x00000004
      128375000	     12738	8000abb8	c511	c.beqz	x10,8000abc4	 x10:0x00000000
      128395000	     12740	8000abc4	01b9c763	blt	x19,x27,8000abd2	 x19:0x00000017 x27:0xfffffa08
      128405000	     12741	8000abc8	eb26c193	xori	x3,x13,-334	 x13:0x44122000  x3=0xbbeddeb2
      128415000	     12742	8000abcc	01d6	c.slli	x3,0x15	  x3:0xbbeddeb2  x3=0xd6400000
      128425000	     12743	8000abce	34007af3	csrrci	x21,mscratch,0	 x21=0x00000006
      128435000	     12744	8000abd2	73463f93	sltiu	x31,x12,1844	 x12:0x000006b5 x31=0x00000001
      128805000	     12781	8000abd6	0367eb33	rem	x22,x15,x22	 x15:0x80025ce4 x22:0x00000173 x22=0xffffffa8
      128815000	     12782	8000abda	0696	c.slli	x13,0x5	 x13:0x44122000 x13=0x82440000
      128825000	     12783	8000abdc	0000100f	fence.i	
      128845000	     12785	8000abe0	517d	c.li	x2,-1	  x2=0xffffffff
      128855000	     12786	8000abe2	03260f63	beq	x12,x18,8000ac20	 x12:0x000006b5 x18:0x00000000
      128865000	     12787	8000abe6	03feee93	ori	x29,x29,63	 x29:0x00000004 x29=0x0000003f
      128875000	     12788	8000abea	00bcc6b3	xor	x13,x25,x11	 x25:0xa36b9800 x11:0x00000000 x13=0xa36b9800
      129245000	     12825	8000abee	03cec2b3	div	x5,x29,x28	 x29:0x0000003f x28:0x80021e2c  x5=0x00000000
      129255000	     12826	8000abf2	007791b3	sll	x3,x15,x7	 x15:0x80025ce4  x7:0x80000000  x3=0x80025ce4
      129265000	     12827	8000abf6	62b9	c.lui	x5,0xe	  x5=0x0000e000
      129275000	     12828	8000abf8	007ed593	srli	x11,x29,0x7	 x29:0x0000003f x11=0x00000000
      129285000	     12829	8000abfc	8876	c.mv	x16,x29	  x0:0x00000000 x29:0x0000003f x16=0x0000003f
      129295000	     12830	8000abfe	01e15313	srli	x6,x2,0x1e	  x2:0xffffffff  x6=0x00000003
      129305000	     12831	8000ac02	4f4a6b93	ori	x23,x20,1268	 x20:0xf78d1000 x23=0xf78d14f4
      129315000	     12832	8000ac06	40ef81b3	sub	x3,x31,x14	 x31:0x00000001 x14:0x00000001  x3=0x00000000
      129685000	     12869	8000ac0a	03abe0b3	rem	x1,x23,x26	 x23:0xf78d14f4 x26:0x802db0b9  x1=0xf78d14f4
      129695000	     12870	8000ac0e	007bd613	srli	x12,x23,0x7	 x23:0xf78d14f4 x12=0x01ef1a29
      129705000	     12871	8000ac12	96ba	c.add	x13,x14	 x13:0xa36b9800 x14:0x00000001 x13=0xa36b9801
      129715000	     12872	8000ac14	bb787c93	andi	x25,x16,-1097	 x16:0x0000003f x25=0x00000037
      129725000	     12873	8000ac18	340e5473	csrrwi	x8,mscratch,28	  x8=0x00000006
      129735000	     12874	8000ac1c	01831563	bne	x6,x24,8000ac26	  x6:0x00000003 x24:0x44102000
      129765000	     12877	8000ac26	340b1473	csrrw	x8,mscratch,x22	 x22:0xffffffa8  x8=0x0000001c
      129775000	     12878	8000ac2a	34006f73	csrrsi	x30,mscratch,0	 x30=0xffffffa8
      129785000	     12879	8000ac2e	417380b3	sub	x1,x7,x23	  x7:0x80000000 x23:0xf78d14f4  x1=0x8872eb0c
      129795000	     12880	8000ac32	34002ff3	csrrs	x31,mscratch,x0	  x0:0x00000000 x31=0xffffffa8
      129805000	     12881	8000ac36	0001	c.addi	x0,0	  x0:0x00000000  x0=0x00000000
      129815000	     12882	8000ac38	8ced	c.and	x9,x11	  x9:0x00000172 x11:0x00000000  x9=0x00000000
      129825000	     12883	8000ac3a	0c2efe93	andi	x29,x29,194	 x29:0x0000003f x29=0x00000002
      129835000	     12884	8000ac3e	6765	c.lui	x14,0x19	 x14=0x00019000
      129845000	     12885	8000ac40	0149d963	bge	x19,x20,8000ac52	 x19:0x00000017 x20:0xf78d1000
      129865000	     12887	8000ac52	88fe	c.mv	x17,x31	  x0:0x00000000 x31:0xffffffa8 x17=0xffffffa8
      129875000	     12888	8000ac54	8e7d	c.and	x12,x15	 x12:0x01ef1a29 x15:0x80025ce4 x12=0x00021820
      130245000	     12925	8000ac56	03bc7d33	remu	x26,x24,x27	 x24:0x44102000 x27:0xfffffa08 x26=0x44102000
      130255000	     12926	8000ac5a	01ac9ab3	sll	x21,x25,x26	 x25:0x00000037 x26:0x44102000 x21=0x00000037
      130265000	     12927	8000ac5e	34007973	csrrci	x18,mscratch,0	 x18=0xffffffa8
      130275000	     12928	8000ac62	015cd113	srli	x2,x25,0x15	 x25:0x00000037  x2=0x00000000
      130285000	     12929	8000ac66	0704	c.addi4spn	x9,x2,896	  x9=0x00000380
      130295000	     12930	8000ac68	0001	c.addi	x0,0	  x0:0x00000000  x0=0x00000000
      130305000	     12931	8000ac6a	717d	c.addi16sp	x2,-16	  x2:0x00000000  x2=0xfffffff0
      130315000	     12932	8000ac6c	05401163	bne	x0,x20,8000acae	  x0:0x00000000 x20:0xf78d1000
      130345000	     12935	8000acae	000aeb63	bltu	x21,x0,8000acc4	 x21:0x00000037  x0:0x00000000
      130355000	     12936	8000acb2	01fd5893	srli	x17,x26,0x1f	 x26:0x44102000 x17=0x00000000
      130365000	     12937	8000acb6	340fda73	csrrwi	x20,mscratch,31	 x20=0xffffffa8
      130375000	     12938	8000acba	8c55	c.or	x8,x13	  x8:0x0000001c x13:0xa36b9801  x8=0xa36b981d
      130385000	     12939	8000acbc	a1e04593	xori	x11,x0,-1506	  x0:0x00000000 x11=0xfffffa1e
      130415000	     12942	8000acc0	02168533	mul	x10,x13,x1	 x13:0xa36b9801  x1:0x8872eb0c x10=0xa6060b0c
      130425000	     12943	8000acc4	0136dc13	srli	x24,x13,0x13	 x13:0xa36b9801 x24=0x0000146d
      130435000	     12944	8000acc8	3404da73	csrrwi	x20,mscratch,9	 x20=0x0000001f
      130445000	     12945	8000accc	c5a1	c.beqz	x11,8000ad14	 x11:0xfffffa1e
      130455000	     12946	8000acce	340066f3	csrrsi	x13,mscratch,0	 x13=0x00000009
      130465000	     12947	8000acd2	01565d63	bge	x12,x21,8000acec	 x12:0x00021820 x21:0x00000037
      130485000	     12949	8000acec	8521	c.srai	x10,0x8	 x10:0xa6060b0c x10=0xffa6060b
      130495000	     12950	8000acee	34085973	csrrwi	x18,mscratch,16	 x18=0x00000009
      130535000	     12954	8000acf2	020b9833	mulh	x16,x23,x0	 x23:0xf78d14f4  x0:0x00000000 x16=0x00000000
      130545000	     12955	8000acf6	01de7b33	and	x22,x28,x29	 x28:0x80021e2c x29:0x00000002 x22=0x00000000
      130555000	     12956	8000acfa	fe622513	slti	x10,x4,-26	  x4:0x00000173 x10=0x00000000
      130565000	     12957	8000acfe	340212f3	csrrw	x5,mscratch,x4	  x4:0x00000173  x5=0x00000010
      130575000	     12958	8000ad02	0088eb33	or	x22,x17,x8	 x17:0x00000000  x8:0xa36b981d x22=0xa36b981d
      130615000	     12962	8000ad06	03333133	mulhu	x2,x6,x19	  x6:0x00000003 x19:0x00000017  x2=0x00000000
      130625000	     12963	8000ad0a	340fdaf3	csrrwi	x21,mscratch,31	 x21=0x00000173
      130635000	     12964	8000ad0e	896e	c.mv	x18,x27	  x0:0x00000000 x27:0xfffffa08 x18=0xfffffa08
      130645000	     12965	8000ad10	41ecdd33	sra	x26,x25,x30	 x25:0x00000037 x30:0xffffffa8 x26=0x00000000
      130655000	     12966	8000ad14	2db65617	auipc	x12,0x2db65	 x12=0xadb6fd14
      130665000	     12967	8000ad18	9a2eb893	sltiu	x17,x29,-1630	 x29:0x00000002 x17=0x00000001
      130675000	     12968	8000ad1c	8a15b1b7	lui	x3,0x8a15b	  x3=0x8a15b000
      130685000	     12969	8000ad20	e28d	c.bnez	x13,8000ad42	 x13:0x00000009
      130715000	     12972	8000ad42	f9fa8d93	addi	x27,x21,-97	 x21:0x00000173 x27=0x00000112
      130725000	     12973	8000ad46	340aabf3	csrrs	x23,mscratch,x21	 x21:0x00000173 x23=0x0000001f
      130735000	     12974	8000ad4a	d609ac13	slti	x24,x19,-672	 x19:0x00000017 x24=0x00000000
      130775000	     12978	8000ad4e	0249bcb3	mulhu	x25,x19,x4	 x19:0x00000017  x4:0x00000173 x25=0x00000000
      131145000	     13015	8000ad52	036cf0b3	remu	x1,x25,x22	 x25:0x00000000 x22:0xa36b981d  x1=0x00000000
      131155000	     13016	8000ad56	86dd	c.srai	x13,0x17	 x13:0x00000009 x13=0x00000000
      131165000	     13017	8000ad58	340e5b73	csrrwi	x22,mscratch,28	 x22=0x0000017f
      131175000	     13018	8000ad5c	557d	c.li	x10,-1	 x10=0xffffffff
      131185000	     13019	8000ad5e	00b77a63	bgeu	x14,x11,8000ad72	 x14:0x00019000 x11:0xfffffa1e
      131195000	     13020	8000ad62	997d	c.andi	x10,-1	 x10:0xffffffff x10=0xffffffff
      131205000	     13021	8000ad64	00c3ca33	xor	x20,x7,x12	  x7:0x80000000 x12:0xadb6fd14 x20=0x2db6fd14
      131215000	     13022	8000ad68	198ae713	ori	x14,x21,408	 x21:0x00000173 x14=0x000001fb
      131225000	     13023	8000ad6c	ec85	c.bnez	x9,8000ada4	  x9:0x00000380
      131245000	     13025	8000ada4	001b61b3	or	x3,x22,x1	 x22:0x0000017f  x1:0x00000000  x3=0x0000017f
      131255000	     13026	8000ada8	0c12	c.slli	x24,0x4	 x24:0x00000000 x24=0x00000000
      131265000	     13027	8000adaa	022f6e63	bltu	x30,x2,8000ade6	 x30:0xffffffa8  x2:0x00000000
      131275000	     13028	8000adae	e321	c.bnez	x14,8000adee	 x14:0x000001fb
      131295000	     13030	8000adee	1688	c.addi4spn	x10,x2,864	 x10=0x00000360
      131305000	     13031	8000adf0	34003073	csrrc	x0,mscratch,x0	  x0:0x00000000  x0=0x00000000
      131315000	     13032	8000adf4	8525	c.srai	x10,0x9	 x10:0x00000360 x10=0x00000001
      131325000	     13033	8000adf6	00cae863	bltu	x21,x12,8000ae06	 x21:0x00000173 x12:0xadb6fd14
      131345000	     13035	8000ae06	98fd	c.andi	x9,-1	  x9:0x00000380  x9=0x00000380
      131355000	     13036	8000ae08	0064b333	sltu	x6,x9,x6	  x9:0x00000380  x6:0x00000003  x6=0x00000000
      131365000	     13037	8000ae0c	0150fab3	and	x21,x1,x21	  x1:0x00000000 x21:0x00000173 x21=0x00000000
      131375000	     13038	8000ae10	d08a6513	ori	x10,x20,-760	 x20:0x2db6fd14 x10=0xfffffd1c
      131385000	     13039	8000ae14	362c2293	slti	x5,x24,866	 x24:0x00000000  x5=0x00000001
      131755000	     13076	8000ae18	0292d933	divu	x18,x5,x9	  x5:0x00000001  x9:0x00000380 x18=0x00000000
      131765000	     13077	8000ae1c	340035f3	csrrc	x11,mscratch,x0	  x0:0x00000000 x11=0x0000001c
      132135000	     13114	8000ae20	0346dcb3	divu	x25,x13,x20	 x13:0x00000000 x20:0x2db6fd14 x25=0x00000000
      132175000	     13118	8000ae24	021732b3	mulhu	x5,x14,x1	 x14:0x000001fb  x1:0x00000000  x5=0x00000000
      132185000	     13119	8000ae28	340319f3	csrrw	x19,mscratch,x6	  x6:0x00000000 x19=0x0000001c
      132195000	     13120	8000ae2c	225dac93	slti	x25,x27,549	 x27:0x00000112 x25=0x00000001
      132205000	     13121	8000ae30	44d7b093	sltiu	x1,x15,1101	 x15:0x80025ce4  x1=0x00000000
      132215000	     13122	8000ae34	8dc5	c.or	x11,x9	 x11:0x0000001c  x9:0x00000380 x11=0x0000039c
      132225000	     13123	8000ae36	00835a93	srli	x21,x6,0x8	  x6:0x00000000 x21=0x00000000
      132235000	     13124	8000ae3a	0001	c.addi	x0,0	  x0:0x00000000  x0=0x00000000
      132245000	     13125	8000ae3c	0176f863	bgeu	x13,x23,8000ae4c	 x13:0x00000000 x23:0x0000001f
      132255000	     13126	8000ae40	34067ff3	csrrci	x31,mscratch,12	 x31=0x00000000
      132265000	     13127	8000ae44	8485	c.srai	x9,0x1	  x9:0x00000380  x9=0x000001c0
      132305000	     13131	8000ae46	02f4a8b3	mulhsu	x17,x9,x15	  x9:0x000001c0 x15:0x80025ce4 x17=0x000000e0
      132315000	     13132	8000ae4a	6cd5	c.lui	x25,0x15	 x25=0x00015000
      132325000	     13133	8000ae4c	0001	c.addi	x0,0	  x0:0x00000000  x0=0x00000000
      132335000	     13134	8000ae4e	01abcb63	blt	x23,x26,8000ae64	 x23:0x0000001f x26:0x00000000
      132345000	     13135	8000ae52	6195	c.lui	x3,0x5	  x3=0x00005000
      132355000	     13136	8000ae54	8ce9	c.and	x9,x10	  x9:0x000001c0 x10:0xfffffd1c  x9=0x00000100
      132365000	     13137	8000ae56	035e9463	bne	x29,x21,8000ae7e	 x29:0x00000002 x21:0x00000000
      132385000	     13139	8000ae7e	81c5	c.srli	x11,0x11	 x11:0x0000039c x11=0x00000000
      132395000	     13140	8000ae80	0001	c.addi	x0,0	  x0:0x00000000  x0=0x00000000
      132405000	     13141	8000ae82	020e7c63	bgeu	x28,x0,8000aeba	 x28:0x80021e2c  x0:0x00000000
      132425000	     13143	8000aeba	0bfa	c.slli	x23,0x1e	 x23:0x0000001f x23=0xc0000000
      132435000	     13144	8000aebc	0718	c.addi4spn	x14,x2,896	 x14=0x00000380
      132445000	     13145	8000aebe	02f1c963	blt	x3,x15,8000aef0	  x3:0x00005000 x15:0x80025ce4
      132485000	     13149	8000aec2	030b3233	mulhu	x4,x22,x16	 x22:0x0000017f x16:0x00000000  x4=0x00000000
      132495000	     13150	8000aec6	8c7d	c.and	x8,x15	  x8:0xa36b981d x15:0x80025ce4  x8=0x80021804
      132505000	     13151	8000aec8	c185	c.beqz	x11,8000aee8	 x11:0x00000000
      132885000	     13189	8000aee8	0231cc33	div	x24,x3,x3	  x3:0x00005000  x3:0x00005000 x24=0x00000001
      132895000	     13190	8000aeec	024d5e63	bge	x26,x4,8000af28	 x26:0x00000000  x4:0x00000000
      132915000	     13192	8000af28	6579	c.lui	x10,0x1e	 x10=0x0001e000
      132925000	     13193	8000af2a	0ff0000f	fence	iorw,iorw	
      132935000	     13194	8000af2e	0001	c.addi	x0,0	  x0:0x00000000  x0=0x00000000
      132945000	     13195	8000af30	404d5a13	srai	x20,x26,0x4	 x26:0x00000000 x20=0x00000000
      132985000	     13199	8000af34	02a99533	mulh	x10,x19,x10	 x19:0x0000001c x10:0x0001e000 x10=0x00000000
      133355000	     13236	8000af38	0334d233	divu	x4,x9,x19	  x9:0x00000100 x19:0x0000001c  x4=0x00000009
      133365000	     13237	8000af3c	82a5	c.srli	x13,0x9	 x13:0x00000000 x13=0x00000000
      133375000	     13238	8000af3e	01669463	bne	x13,x22,8000af46	 x13:0x00000000 x22:0x0000017f
      133405000	     13241	8000af46	00cbc0b3	xor	x1,x23,x12	 x23:0xc0000000 x12:0xadb6fd14  x1=0x6db6fd14
      133415000	     13242	8000af4a	8d11	c.sub	x10,x12	 x10:0x00000000 x12:0xadb6fd14 x10=0x524902ec
      133435000	     13244	8000af4c	0322c533	div	x10,x5,x18	  x5:0x00000000 x18:0x00000000 x10=0xffffffff
      133805000	     13281	8000af50	038c75b3	remu	x11,x24,x24	 x24:0x00000001 x24:0x00000001 x11=0x00000000
      133815000	     13282	8000af54	e911	c.bnez	x10,8000af68	 x10:0xffffffff
      133835000	     13284	8000af68	003624b3	slt	x9,x12,x3	 x12:0xadb6fd14  x3:0x00005000  x9=0x00000001
      133845000	     13285	8000af6c	c119	c.beqz	x10,8000af72	 x10:0xffffffff
      133855000	     13286	8000af6e	00236f33	or	x30,x6,x2	  x6:0x00000000  x2:0x00000000 x30=0x00000000
      133865000	     13287	8000af72	3de47d17	auipc	x26,0x3de47	 x26=0xbde51f72
      133875000	     13288	8000af76	340ad573	csrrwi	x10,mscratch,21	 x10=0x00000000
      133885000	     13289	8000af7a	2c0d0c13	addi	x24,x26,704	 x26:0xbde51f72 x24=0xbde52232
      133895000	     13290	8000af7e	00719633	sll	x12,x3,x7	  x3:0x00005000  x7:0x80000000 x12=0x00005000
      133905000	     13291	8000af82	0001	c.addi	x0,0	  x0:0x00000000  x0=0x00000000
      133915000	     13292	8000af84	0001	c.addi	x0,0	  x0:0x00000000  x0=0x00000000
      133925000	     13293	8000af86	340471f3	csrrci	x3,mscratch,8	  x3=0x00000015
      133935000	     13294	8000af8a	0aee	c.slli	x21,0x1b	 x21:0x00000000 x21=0x00000000
      133945000	     13295	8000af8c	01c46763	bltu	x8,x28,8000af9a	  x8:0x80021804 x28:0x80021e2c
      134005000	     13301	8000af9a	032a3933	mulhu	x18,x20,x18	 x20:0x00000000 x18:0x00000000 x18=0x00000000
      134025000	     13303	8000af9e	03edf833	remu	x16,x27,x30	 x27:0x00000112 x30:0x00000000 x16=0x00000112
      134395000	     13340	8000afa2	029d6733	rem	x14,x26,x9	 x26:0xbde51f72  x9:0x00000001 x14=0x00000000
      134405000	     13341	8000afa6	415d8eb3	sub	x29,x27,x21	 x27:0x00000112 x21:0x00000000 x29=0x00000112
      134415000	     13342	8000afaa	c889	c.beqz	x9,8000afbc	  x9:0x00000001
      134425000	     13343	8000afac	00c374b3	and	x9,x6,x12	  x6:0x00000000 x12:0x00005000  x9=0x00000000
      134435000	     13344	8000afb0	008f1693	slli	x13,x30,0x8	 x30:0x00000000 x13=0x00000000
      134445000	     13345	8000afb4	34002873	csrrs	x16,mscratch,x0	  x0:0x00000000 x16=0x00000015
      134455000	     13346	8000afb8	7ea6ce93	xori	x29,x13,2026	 x13:0x00000000 x29=0x000007ea
      134465000	     13347	8000afbc	8b0a	c.mv	x22,x2	  x0:0x00000000  x2:0x00000000 x22=0x00000000
      134475000	     13348	8000afbe	01124633	xor	x12,x4,x17	  x4:0x00000009 x17:0x000000e0 x12=0x000000e9
      134485000	     13349	8000afc2	8d11	c.sub	x10,x12	 x10:0x00000000 x12:0x000000e9 x10=0xffffff17
      134495000	     13350	8000afc4	987d	c.andi	x8,-1	  x8:0x80021804  x8=0x80021804
      134865000	     13387	8000afc6	03d9cbb3	div	x23,x19,x29	 x19:0x0000001c x29:0x000007ea x23=0x00000000
      134875000	     13388	8000afca	340c9ef3	csrrw	x29,mscratch,x25	 x25:0x00015000 x29=0x00000015
      134885000	     13389	8000afce	41f68133	sub	x2,x13,x31	 x13:0x00000000 x31:0x00000000  x2=0x00000000
      134895000	     13390	8000afd2	01781c37	lui	x24,0x1781	 x24=0x01781000
      134905000	     13391	8000afd6	5948fa93	andi	x21,x17,1428	 x17:0x000000e0 x21=0x00000080
      134935000	     13394	8000afda	02328bb3	mul	x23,x5,x3	  x5:0x00000000  x3:0x00000015 x23=0x00000000
      134945000	     13395	8000afde	8555	c.srai	x10,0x15	 x10:0xffffff17 x10=0xffffffff
      134955000	     13396	8000afe0	340010f3	csrrw	x1,mscratch,x0	  x0:0x00000000  x1=0x00015000
      134965000	     13397	8000afe4	8d29	c.xor	x10,x10	 x10:0xffffffff x10:0xffffffff x10=0x00000000
      134975000	     13398	8000afe6	34002cf3	csrrs	x25,mscratch,x0	  x0:0x00000000 x25=0x00000000
      134985000	     13399	8000afea	00f4f8b3	and	x17,x9,x15	  x9:0x00000000 x15:0x80025ce4 x17=0x00000000
      134995000	     13400	8000afee	00c60833	add	x16,x12,x12	 x12:0x000000e9 x12:0x000000e9 x16=0x000001d2
      135005000	     13401	8000aff2	010128b3	slt	x17,x2,x16	  x2:0x00000000 x16:0x000001d2 x17=0x00000001
      135375000	     13438	8000aff6	0217f6b3	remu	x13,x15,x1	 x15:0x80025ce4  x1:0x00015000 x13=0x00012ce4
      135385000	     13439	8000affa	0001	c.addi	x0,0	  x0:0x00000000  x0=0x00000000
      135405000	     13441	8000affc	02915433	divu	x8,x2,x9	  x2:0x00000000  x9:0x00000000  x8=0xffffffff
      135415000	     13442	8000b000	00263b33	sltu	x22,x12,x2	 x12:0x000000e9  x2:0x00000000 x22=0x00000000
      135425000	     13443	8000b004	8079	c.srli	x8,0x1e	  x8:0xffffffff  x8=0x00000003
      135435000	     13444	8000b006	0001	c.addi	x0,0	  x0:0x00000000  x0=0x00000000
      135445000	     13445	8000b008	7ad8c4b7	lui	x9,0x7ad8c	  x9=0x7ad8c000
      135455000	     13446	8000b00c	8e9d	c.sub	x13,x15	 x13:0x00012ce4 x15:0x80025ce4 x13=0x7ffed000
      135465000	     13447	8000b00e	8ecd	c.or	x13,x11	 x13:0x7ffed000 x11:0x00000000 x13=0x7ffed000
      135475000	     13448	8000b010	54e18bb7	lui	x23,0x54e18	 x23=0x54e18000
      135485000	     13449	8000b014	00695193	srli	x3,x18,0x6	 x18:0x00000000  x3=0x00000000
      135495000	     13450	8000b018	f3d8a513	slti	x10,x17,-195	 x17:0x00000001 x10=0x00000000
      135505000	     13451	8000b01c	0000100f	fence.i	
      135525000	     13453	8000b020	340031f3	csrrc	x3,mscratch,x0	  x0:0x00000000  x3=0x00000000
      135535000	     13454	8000b024	8b45	c.andi	x14,17	 x14:0x00000000 x14=0x00000000
      135545000	     13455	8000b026	01a8f9b3	and	x19,x17,x26	 x17:0x00000001 x26:0xbde51f72 x19=0x00000000
      135555000	     13456	8000b02a	cfdbbc93	sltiu	x25,x23,-771	 x23:0x54e18000 x25=0x00000001
      135565000	     13457	8000b02e	177d	c.addi	x14,-1	 x14:0x00000000 x14=0xffffffff
      135575000	     13458	8000b030	34002073	csrrs	x0,mscratch,x0	  x0:0x00000000  x0=0x00000000
      135585000	     13459	8000b034	40c00533	sub	x10,x0,x12	  x0:0x00000000 x12:0x000000e9 x10=0xffffff17
      135595000	     13460	8000b038	8291	c.srli	x13,0x4	 x13:0x7ffed000 x13=0x07ffed00
      135605000	     13461	8000b03a	08d1	c.addi	x17,20	 x17:0x00000001 x17=0x00000015
      135615000	     13462	8000b03c	e1a1	c.bnez	x11,8000b07c	 x11:0x00000000
      135625000	     13463	8000b03e	8ea5	c.xor	x13,x9	 x13:0x07ffed00  x9:0x7ad8c000 x13=0x7d272d00
      135635000	     13464	8000b040	01d40d33	add	x26,x8,x29	  x8:0x00000003 x29:0x00000015 x26=0x00000018
      135645000	     13465	8000b044	6e406f93	ori	x31,x0,1764	  x0:0x00000000 x31=0x000006e4
      135655000	     13466	8000b048	ca95	c.beqz	x13,8000b07c	 x13:0x7d272d00
      135665000	     13467	8000b04a	340029f3	csrrs	x19,mscratch,x0	  x0:0x00000000 x19=0x00000000
      135675000	     13468	8000b04e	cd01	c.beqz	x10,8000b066	 x10:0xffffff17
      135685000	     13469	8000b050	010fe0b3	or	x1,x31,x16	 x31:0x000006e4 x16:0x000001d2  x1=0x000007f6
      135695000	     13470	8000b054	013c0fb3	add	x31,x24,x19	 x24:0x01781000 x19:0x00000000 x31=0x01781000
      135705000	     13471	8000b058	340ceef3	csrrsi	x29,mscratch,25	 x29=0x00000000
      135715000	     13472	8000b05c	0050ff33	and	x30,x1,x5	  x1:0x000007f6  x5:0x00000000 x30=0x00000000
      135725000	     13473	8000b060	6565	c.lui	x10,0x19	 x10=0x00019000
      135735000	     13474	8000b062	051f4163	blt	x30,x17,8000b0a4	 x30:0x00000000 x17:0x00000015
      135755000	     13476	8000b0a4	cb1d	c.beqz	x14,8000b0da	 x14:0xffffffff
      135765000	     13477	8000b0a6	8f61	c.and	x14,x8	 x14:0xffffffff  x8:0x00000003 x14=0x00000003
      136135000	     13514	8000b0a8	039ce9b3	rem	x19,x25,x25	 x25:0x00000001 x25:0x00000001 x19=0x00000000
      136145000	     13515	8000b0ac	01eb9833	sll	x16,x23,x30	 x23:0x54e18000 x30:0x00000000 x16=0x54e18000
      136155000	     13516	8000b0b0	6149	c.addi16sp	x2,144	  x2:0x00000000  x2=0x00000090
      136165000	     13517	8000b0b2	011d89b3	add	x19,x27,x17	 x27:0x00000112 x17:0x00000015 x19=0x00000127
      136175000	     13518	8000b0b6	0b7a	c.slli	x22,0x1e	 x22:0x00000000 x22=0x00000000
      136185000	     13519	8000b0b8	00a976b3	and	x13,x18,x10	 x18:0x00000000 x10:0x00019000 x13=0x00000000
      136195000	     13520	8000b0bc	00cb2cb3	slt	x25,x22,x12	 x22:0x00000000 x12:0x000000e9 x25=0x00000001
      136205000	     13521	8000b0c0	0ff0000f	fence	iorw,iorw	
      136215000	     13522	8000b0c4	0a08	c.addi4spn	x10,x2,272	 x10=0x000001a0
      136225000	     13523	8000b0c6	d857e313	ori	x6,x15,-635	 x15:0x80025ce4  x6=0xfffffde5
      136235000	     13524	8000b0ca	869d	c.srai	x13,0x7	 x13:0x00000000 x13=0x00000000
      136245000	     13525	8000b0cc	adec6db7	lui	x27,0xadec6	 x27=0xadec6000
      136255000	     13526	8000b0d0	763ee593	ori	x11,x29,1891	 x29:0x00000000 x11=0x00000763
      136265000	     13527	8000b0d4	0001	c.addi	x0,0	  x0:0x00000000  x0=0x00000000
      136275000	     13528	8000b0d6	01bbaf33	slt	x30,x23,x27	 x23:0x54e18000 x27:0xadec6000 x30=0x00000000
      136285000	     13529	8000b0da	001f3fb3	sltu	x31,x30,x1	 x30:0x00000000  x1:0x000007f6 x31=0x00000001
      136295000	     13530	8000b0de	408e5e93	srai	x29,x28,0x8	 x28:0x80021e2c x29=0xff80021e
      136305000	     13531	8000b0e2	b145c993	xori	x19,x11,-1260	 x11:0x00000763 x19=0xfffffc77
      136315000	     13532	8000b0e6	0050bbb3	sltu	x23,x1,x5	  x1:0x000007f6  x5:0x00000000 x23=0x00000000
      136325000	     13533	8000b0ea	50a16213	ori	x4,x2,1290	  x2:0x00000090  x4=0x0000059a
      136335000	     13534	8000b0ee	fa4cc137	lui	x2,0xfa4cc	  x2=0xfa4cc000
      136345000	     13535	8000b0f2	0226dc63	bge	x13,x2,8000b12a	 x13:0x00000000  x2:0xfa4cc000
      136375000	     13538	8000b12a	40c75e93	srai	x29,x14,0xc	 x14:0x00000003 x29=0x00000000
      136385000	     13539	8000b12e	0001	c.addi	x0,0	  x0:0x00000000  x0=0x00000000
      136755000	     13576	8000b130	031af933	remu	x18,x21,x17	 x21:0x00000080 x17:0x00000015 x18=0x00000002
      136765000	     13577	8000b134	187d	c.addi	x16,-1	 x16:0x54e18000 x16=0x54e17fff
      136775000	     13578	8000b136	0000100f	fence.i	
      136795000	     13580	8000b13a	e705	c.bnez	x14,8000b162	 x14:0x00000003
      136855000	     13586	8000b162	020bbb33	mulhu	x22,x23,x0	 x23:0x00000000  x0:0x00000000 x22=0x00000000
      136865000	     13587	8000b166	717d	c.addi16sp	x2,-16	  x2:0xfa4cc000  x2=0xfa4cbff0
      136875000	     13588	8000b168	6471	c.lui	x8,0x1c	  x8=0x0001c000
      136885000	     13589	8000b16a	ef05	c.bnez	x14,8000b1a2	 x14:0x00000003
      136905000	     13591	8000b1a2	1e04	c.addi4spn	x9,x2,816	  x9=0xfa4cc320
      136915000	     13592	8000b1a4	01e10ab3	add	x21,x2,x30	  x2:0xfa4cbff0 x30:0x00000000 x21=0xfa4cbff0
      136925000	     13593	8000b1a8	01a74eb3	xor	x29,x14,x26	 x14:0x00000003 x26:0x00000018 x29=0x0000001b
      136935000	     13594	8000b1ac	537d	c.li	x6,-1	  x6=0xffffffff
      136945000	     13595	8000b1ae	8eb9	c.xor	x13,x14	 x13:0x00000000 x14:0x00000003 x13=0x00000003
      136955000	     13596	8000b1b0	851c8613	addi	x12,x25,-1967	 x25:0x00000001 x12=0xfffff852
      136965000	     13597	8000b1b4	015e9263	bne	x29,x21,8000b1b8	 x29:0x0000001b x21:0xfa4cbff0
      136985000	     13599	8000b1b8	34006973	csrrsi	x18,mscratch,0	 x18=0x00000019
      136995000	     13600	8000b1bc	01655c93	srli	x25,x10,0x16	 x10:0x000001a0 x25=0x00000000
      137005000	     13601	8000b1c0	8ee5	c.and	x13,x9	 x13:0x00000003  x9:0xfa4cc320 x13=0x00000000
      137015000	     13602	8000b1c2	00e95093	srli	x1,x18,0xe	 x18:0x00000019  x1=0x00000000
      137025000	     13603	8000b1c6	8dcd	c.or	x11,x11	 x11:0x00000763 x11:0x00000763 x11=0x00000763
      137035000	     13604	8000b1c8	04a49063	bne	x9,x10,8000b208	  x9:0xfa4cc320 x10:0x000001a0
      137055000	     13606	8000b208	0000100f	fence.i	
      137075000	     13608	8000b20c	3404d473	csrrwi	x8,mscratch,9	  x8=0x00000019
      137105000	     13611	8000b210	036b8633	mul	x12,x23,x22	 x23:0x00000000 x22:0x00000000 x12=0x00000000
      137115000	     13612	8000b214	010dcfb3	xor	x31,x27,x16	 x27:0xadec6000 x16:0x54e17fff x31=0xf90d1fff
      137125000	     13613	8000b218	8e15	c.sub	x12,x13	 x12:0x00000000 x13:0x00000000 x12=0x00000000
      137135000	     13614	8000b21a	00578033	add	x0,x15,x5	 x15:0x80025ce4  x5:0x00000000  x0=0x00000000
      137145000	     13615	8000b21e	80fd	c.srli	x9,0x1f	  x9:0xfa4cc320  x9=0x00000001
      137155000	     13616	8000b220	02240c63	beq	x8,x2,8000b258	  x8:0x00000019  x2:0xfa4cbff0
      137165000	     13617	8000b224	3408baf3	csrrc	x21,mscratch,x17	 x17:0x00000015 x21=0x00000009
      137175000	     13618	8000b228	6c236013	ori	x0,x6,1730	  x6:0xffffffff  x0=0x00000000
      137185000	     13619	8000b22c	340eabf3	csrrs	x23,mscratch,x29	 x29:0x0000001b x23=0x00000008
      137195000	     13620	8000b230	3406b573	csrrc	x10,mscratch,x13	 x13:0x00000000 x10=0x0000001b
      137205000	     13621	8000b234	3402ba73	csrrc	x20,mscratch,x5	  x5:0x00000000 x20=0x0000001b
      137215000	     13622	8000b238	407cd313	srai	x6,x25,0x7	 x25:0x00000000  x6=0x00000000
      137225000	     13623	8000b23c	1b08	c.addi4spn	x10,x2,432	 x10=0xfa4cc1a0
      137235000	     13624	8000b23e	01677533	and	x10,x14,x22	 x14:0x00000003 x22:0x00000000 x10=0x00000000
      137245000	     13625	8000b242	8e0d	c.sub	x12,x11	 x12:0x00000000 x11:0x00000763 x12=0xfffff89d
      137255000	     13626	8000b244	024d8163	beq	x27,x4,8000b266	 x27:0xadec6000  x4:0x0000059a
      137265000	     13627	8000b248	02358f63	beq	x11,x3,8000b286	 x11:0x00000763  x3:0x00000000
      137635000	     13664	8000b24c	03f279b3	remu	x19,x4,x31	  x4:0x0000059a x31:0xf90d1fff x19=0x0000059a
      137645000	     13665	8000b250	40c3d933	sra	x18,x7,x12	  x7:0x80000000 x12:0xfffff89d x18=0xfffffffc
      137655000	     13666	8000b254	1c7d	c.addi	x24,-1	 x24:0x01781000 x24=0x01780fff
      137665000	     13667	8000b256	9f12	c.add	x30,x4	 x30:0x00000000  x4:0x0000059a x30=0x0000059a
      137675000	     13668	8000b258	8f69	c.and	x14,x10	 x14:0x00000003 x10:0x00000000 x14=0x00000000
      137685000	     13669	8000b25a	0ff0000f	fence	iorw,iorw	
      137695000	     13670	8000b25e	9b66	c.add	x22,x25	 x22:0x00000000 x25:0x00000000 x22=0x00000000
      137705000	     13671	8000b260	8d25	c.xor	x10,x9	 x10:0x00000000  x9:0x00000001 x10=0x00000001
      137715000	     13672	8000b262	34003b73	csrrc	x22,mscratch,x0	  x0:0x00000000 x22=0x0000001b
      138085000	     13709	8000b266	03de4433	div	x8,x28,x29	 x28:0x80021e2c x29:0x0000001b  x8=0xfb4272e6
      138095000	     13710	8000b26a	0f2a	c.slli	x30,0xa	 x30:0x0000059a x30=0x00166800
      138105000	     13711	8000b26c	0000100f	fence.i	
      138125000	     13713	8000b270	62a1	c.lui	x5,0x8	  x5=0x00008000
      138135000	     13714	8000b272	0112f863	bgeu	x5,x17,8000b282	  x5:0x00008000 x17:0x00000015
      138165000	     13717	8000b282	34073673	csrrc	x12,mscratch,x14	 x14:0x00000000 x12=0x0000001b
      138175000	     13718	8000b286	8471	c.srai	x8,0x1c	  x8:0xfb4272e6  x8=0xffffffff
      138185000	     13719	8000b288	012d5c63	bge	x26,x18,8000b2a0	 x26:0x00000018 x18:0xfffffffc
      138565000	     13757	8000b2a0	03d0c233	div	x4,x1,x29	  x1:0x00000000 x29:0x0000001b  x4=0x00000000
      138575000	     13758	8000b2a4	3403d9f3	csrrwi	x19,mscratch,7	 x19=0x0000001b
      138585000	     13759	8000b2a8	34067873	csrrci	x16,mscratch,12	 x16=0x00000007
      138625000	     13763	8000b2ac	030fb733	mulhu	x14,x31,x16	 x31:0xf90d1fff x16:0x00000007 x14=0x00000006
      138655000	     13766	8000b2b0	023f0c33	mul	x24,x30,x3	 x30:0x00166800  x3:0x00000000 x24=0x00000000
      138665000	     13767	8000b2b4	34091a73	csrrw	x20,mscratch,x18	 x18:0xfffffffc x20=0x00000003
      138675000	     13768	8000b2b8	0555e063	bltu	x11,x21,8000b2f8	 x11:0x00000763 x21:0x00000009
      138685000	     13769	8000b2bc	34045cf3	csrrwi	x25,mscratch,8	 x25=0xfffffffc
      138695000	     13770	8000b2c0	403e5133	sra	x2,x28,x3	 x28:0x80021e2c  x3:0x00000000  x2=0x80021e2c
      138705000	     13771	8000b2c4	9a7d	c.andi	x12,-1	 x12:0x0000001b x12=0x0000001b
      138715000	     13772	8000b2c6	8e7d	c.and	x12,x15	 x12:0x0000001b x15:0x80025ce4 x12=0x00000000
      138725000	     13773	8000b2c8	086f3737	lui	x14,0x86f3	 x14=0x086f3000
      138735000	     13774	8000b2cc	ccfaad13	slti	x26,x21,-817	 x21:0x00000009 x26=0x00000000
      138745000	     13775	8000b2d0	722c0c13	addi	x24,x24,1826	 x24:0x00000000 x24=0x00000722
      138755000	     13776	8000b2d4	80b5	c.srli	x9,0xd	  x9:0x00000001  x9=0x00000000
      138765000	     13777	8000b2d6	7a004893	xori	x17,x0,1952	  x0:0x00000000 x17=0x000007a0
      138775000	     13778	8000b2da	0013e733	or	x14,x7,x1	  x7:0x80000000  x1:0x00000000 x14=0x80000000
      138785000	     13779	8000b2de	0ff0000f	fence	iorw,iorw	
      138795000	     13780	8000b2e2	0001	c.addi	x0,0	  x0:0x00000000  x0=0x00000000
      138805000	     13781	8000b2e4	0000100f	fence.i	
      138825000	     13783	8000b2e8	415c5913	srai	x18,x24,0x15	 x24:0x00000722 x18=0x00000000
      138835000	     13784	8000b2ec	b79ef293	andi	x5,x29,-1159	 x29:0x0000001b  x5=0x00000019
      138845000	     13785	8000b2f0	6679	c.lui	x12,0x1e	 x12=0x0001e000
      138855000	     13786	8000b2f2	0000100f	fence.i	
      138875000	     13788	8000b2f6	8e49	c.or	x12,x10	 x12:0x0001e000 x10:0x00000001 x12=0x0001e001
      138885000	     13789	8000b2f8	8a1e	c.mv	x20,x7	  x0:0x00000000  x7:0x80000000 x20=0x80000000
      138895000	     13790	8000b2fa	340dedf3	csrrsi	x27,mscratch,27	 x27=0x00000008
      138905000	     13791	8000b2fe	0a4e	c.slli	x20,0x13	 x20:0x80000000 x20=0x00000000
      138915000	     13792	8000b300	945a	c.add	x8,x22	  x8:0xffffffff x22:0x0000001b  x8=0x0000001a
      138955000	     13796	8000b302	020328b3	mulhsu	x17,x6,x0	  x6:0x00000000  x0:0x00000000 x17=0x00000000
      138965000	     13797	8000b306	0571c263	blt	x3,x23,8000b34a	  x3:0x00000000 x23:0x00000008
      138995000	     13800	8000b34a	002d5a13	srli	x20,x26,0x2	 x26:0x00000000 x20=0x00000000
      139005000	     13801	8000b34e	6179	c.addi16sp	x2,464	  x2:0x80021e2c  x2=0x80021ffc
      139015000	     13802	8000b350	fc038d13	addi	x26,x7,-64	  x7:0x80000000 x26=0x7fffffc0
      139025000	     13803	8000b354	000a9933	sll	x18,x21,x0	 x21:0x00000009  x0:0x00000000 x18=0x00000009
      139035000	     13804	8000b358	3880ef13	ori	x30,x1,904	  x1:0x00000000 x30=0x00000388
      139045000	     13805	8000b35c	0000100f	fence.i	
      139065000	     13807	8000b360	8e35	c.xor	x12,x13	 x12:0x0001e001 x13:0x00000000 x12=0x0001e001
      139075000	     13808	8000b362	00fe6463	bltu	x28,x15,8000b36a	 x28:0x80021e2c x15:0x80025ce4
      139105000	     13811	8000b36a	e5f82013	slti	x0,x16,-417	 x16:0x00000007  x0=0x00000000
      139145000	     13815	8000b36e	02c33233	mulhu	x4,x6,x12	  x6:0x00000000 x12:0x0001e001  x4=0x00000000
      139155000	     13816	8000b372	8f11	c.sub	x14,x12	 x14:0x80000000 x12:0x0001e001 x14=0x7ffe1fff
      139165000	     13817	8000b374	011ac863	blt	x21,x17,8000b384	 x21:0x00000009 x17:0x00000000
      139175000	     13818	8000b378	410c8433	sub	x8,x25,x16	 x25:0xfffffffc x16:0x00000007  x8=0xfffffff5
      139185000	     13819	8000b37c	409bdc13	srai	x24,x23,0x9	 x23:0x00000008 x24=0x00000000
      139555000	     13856	8000b380	03a552b3	divu	x5,x10,x26	 x10:0x00000001 x26:0x7fffffc0  x5=0x00000000
      139565000	     13857	8000b384	823d	c.srli	x12,0xf	 x12:0x0001e001 x12=0x00000003
      139575000	     13858	8000b386	418cd093	srai	x1,x25,0x18	 x25:0xfffffffc  x1=0xffffffff
      139585000	     13859	8000b38a	00b08a63	beq	x1,x11,8000b39e	  x1:0xffffffff x11:0x00000763
      139595000	     13860	8000b38e	597d	c.li	x18,-1	 x18=0xffffffff
      139605000	     13861	8000b390	00a94ab3	xor	x21,x18,x10	 x18:0xffffffff x10:0x00000001 x21=0xfffffffe
      139615000	     13862	8000b394	b56b4e93	xori	x29,x22,-1194	 x22:0x0000001b x29=0xfffffb4d
      139625000	     13863	8000b398	8c39	c.xor	x8,x14	  x8:0xfffffff5 x14:0x7ffe1fff  x8=0x8001e00a
      139635000	     13864	8000b39a	0000100f	fence.i	
      139665000	     13867	8000b39e	400cd093	srai	x1,x25,0x0	 x25:0xfffffffc  x1=0xfffffffc
      139675000	     13868	8000b3a2	005e52b3	srl	x5,x28,x5	 x28:0x80021e2c  x5:0x00000000  x5=0x80021e2c
      139685000	     13869	8000b3a6	045f4063	blt	x30,x5,8000b3e6	 x30:0x00000388  x5:0x80021e2c
      139695000	     13870	8000b3aa	0001	c.addi	x0,0	  x0:0x00000000  x0=0x00000000
      139705000	     13871	8000b3ac	3408d8f3	csrrwi	x17,mscratch,17	 x17=0x0000001b
      139715000	     13872	8000b3b0	0174e563	bltu	x9,x23,8000b3ba	  x9:0x00000000 x23:0x00000008
      139735000	     13874	8000b3ba	0a72	c.slli	x20,0x1c	 x20:0x00000000 x20=0x00000000
      139745000	     13875	8000b3bc	0000100f	fence.i	
      139765000	     13877	8000b3c0	9eadb193	sltiu	x3,x27,-1558	 x27:0x00000008  x3=0x00000001
      139775000	     13878	8000b3c4	34006ef3	csrrsi	x29,mscratch,0	 x29=0x00000011
      140145000	     13915	8000b3c8	021fcc33	div	x24,x31,x1	 x31:0xf90d1fff  x1:0xfffffffc x24=0x01bcb800
      140155000	     13916	8000b3cc	6565	c.lui	x10,0x19	 x10=0x00019000
      140185000	     13919	8000b3ce	030e8133	mul	x2,x29,x16	 x29:0x00000011 x16:0x00000007  x2=0x00000077
      140195000	     13920	8000b3d2	84fd	c.srai	x9,0x1f	  x9:0x00000000  x9=0x00000000
      140205000	     13921	8000b3d4	1398	c.addi4spn	x14,x2,480	 x14=0x00000257
      140215000	     13922	8000b3d6	0001	c.addi	x0,0	  x0:0x00000000  x0=0x00000000
      140225000	     13923	8000b3d8	0242ec63	bltu	x5,x4,8000b410	  x5:0x80021e2c  x4:0x00000000
      140235000	     13924	8000b3dc	5f646513	ori	x10,x8,1526	  x8:0x8001e00a x10=0x8001e5fe
      140245000	     13925	8000b3e0	8c49	c.or	x8,x10	  x8:0x8001e00a x10:0x8001e5fe  x8=0x8001e5fe
      140255000	     13926	8000b3e2	017106b3	add	x13,x2,x23	  x2:0x00000077 x23:0x00000008 x13=0x0000007f
      140265000	     13927	8000b3e6	7b5ca493	slti	x9,x25,1973	 x25:0xfffffffc  x9=0x00000001
      140275000	     13928	8000b3ea	246fe893	ori	x17,x31,582	 x31:0xf90d1fff x17=0xf90d1fff
      140315000	     13932	8000b3ee	03452933	mulhsu	x18,x10,x20	 x10:0x8001e5fe x20:0x00000000 x18=0x00000000
      140325000	     13933	8000b3f2	0001	c.addi	x0,0	  x0:0x00000000  x0=0x00000000
      140335000	     13934	8000b3f4	0001	c.addi	x0,0	  x0:0x00000000  x0=0x00000000
      140345000	     13935	8000b3f6	01d61413	slli	x8,x12,0x1d	 x12:0x00000003  x8=0x60000000
      140355000	     13936	8000b3fa	340da373	csrrs	x6,mscratch,x27	 x27:0x00000008  x6=0x00000011
      140725000	     13973	8000b3fe	03d84ab3	div	x21,x16,x29	 x16:0x00000007 x29:0x00000011 x21=0x00000000
      140735000	     13974	8000b402	02c07263	bgeu	x0,x12,8000b426	  x0:0x00000000 x12:0x00000003
      140745000	     13975	8000b406	01b46563	bltu	x8,x27,8000b410	  x8:0x60000000 x27:0x00000008
      140755000	     13976	8000b40a	0057c363	blt	x15,x5,8000b410	 x15:0x80025ce4  x5:0x80021e2c
      140765000	     13977	8000b40e	8f0e	c.mv	x30,x3	  x0:0x00000000  x3:0x00000001 x30=0x00000001
      140775000	     13978	8000b410	0ee1	c.addi	x29,24	 x29:0x00000011 x29=0x00000029
      141145000	     14015	8000b412	026bd933	divu	x18,x23,x6	 x23:0x00000008  x6:0x00000011 x18=0x00000000
      141155000	     14016	8000b416	0ff0000f	fence	iorw,iorw	
      141165000	     14017	8000b41a	3409a073	csrrs	x0,mscratch,x19	 x19:0x0000001b  x0=0x00000000
      141175000	     14018	8000b41e	0080d663	bge	x1,x8,8000b42a	  x1:0xfffffffc  x8:0x60000000
      141185000	     14019	8000b422	b114e313	ori	x6,x9,-1263	  x9:0x00000001  x6=0xfffffb11
      141195000	     14020	8000b426	00c85593	srli	x11,x16,0xc	 x16:0x00000007 x11=0x00000000
      141205000	     14021	8000b42a	027b0263	beq	x22,x7,8000b44e	 x22:0x0000001b  x7:0x80000000
      141215000	     14022	8000b42e	01309313	slli	x6,x1,0x13	  x1:0xfffffffc  x6=0xffe00000
      141225000	     14023	8000b432	b6087713	andi	x14,x16,-1184	 x16:0x00000007 x14=0x00000000
      141235000	     14024	8000b436	340e3773	csrrc	x14,mscratch,x28	 x28:0x80021e2c x14=0x0000001b
      141245000	     14025	8000b43a	0ff0000f	fence	iorw,iorw	
      141615000	     14062	8000b43e	038ad4b3	divu	x9,x21,x24	 x21:0x00000000 x24:0x01bcb800  x9=0x00000000
      141625000	     14063	8000b442	00a6df33	srl	x30,x13,x10	 x13:0x0000007f x10:0x8001e5fe x30=0x00000000
      141665000	     14067	8000b446	02b01133	mulh	x2,x0,x11	  x0:0x00000000 x11:0x00000000  x2=0x00000000
      141675000	     14068	8000b44a	407a0fb3	sub	x31,x20,x7	 x20:0x00000000  x7:0x80000000 x31=0x80000000
      141685000	     14069	8000b44e	340b1973	csrrw	x18,mscratch,x22	 x22:0x0000001b x18=0x00000013
      141695000	     14070	8000b452	00c2fd63	bgeu	x5,x12,8000b46c	  x5:0x80021e2c x12:0x00000003
      141715000	     14072	8000b46c	3bb2a193	slti	x3,x5,955	  x5:0x80021e2c  x3=0x00000001
      141725000	     14073	8000b470	8522	c.mv	x10,x8	  x0:0x00000000  x8:0x60000000 x10=0x60000000
      141765000	     14077	8000b472	02aaa533	mulhsu	x10,x21,x10	 x21:0x00000000 x10:0x60000000 x10=0x00000000
      141775000	     14078	8000b476	418cd693	srai	x13,x25,0x18	 x25:0xfffffffc x13=0xffffffff
      141785000	     14079	8000b47a	6165	c.addi16sp	x2,112	  x2:0x00000000  x2=0x00000070
      141795000	     14080	8000b47c	0ff0000f	fence	iorw,iorw	
      141805000	     14081	8000b480	01720cb3	add	x25,x4,x23	  x4:0x00000000 x23:0x00000008 x25=0x00000008
      141845000	     14085	8000b484	02bea9b3	mulhsu	x19,x29,x11	 x29:0x00000029 x11:0x00000000 x19=0x00000000
      141855000	     14086	8000b488	b0432993	slti	x19,x6,-1276	  x6:0xffe00000 x19=0x00000001
      141865000	     14087	8000b48c	0095f133	and	x2,x11,x9	 x11:0x00000000  x9:0x00000000  x2=0x00000000
      141875000	     14088	8000b490	340075f3	csrrci	x11,mscratch,0	 x11=0x0000001b
      141885000	     14089	8000b494	c509	c.beqz	x10,8000b49e	 x10:0x00000000
      141915000	     14092	8000b49e	340dad73	csrrs	x26,mscratch,x27	 x27:0x00000008 x26=0x0000001b
      141925000	     14093	8000b4a2	05a7e363	bltu	x15,x26,8000b4e8	 x15:0x80025ce4 x26:0x0000001b
      141935000	     14094	8000b4a6	1f7d	c.addi	x30,-1	 x30:0x00000000 x30=0xffffffff
      141945000	     14095	8000b4a8	c901	c.beqz	x10,8000b4b8	 x10:0x00000000
      141965000	     14097	8000b4b8	01ab55b3	srl	x11,x22,x26	 x22:0x0000001b x26:0x0000001b x11=0x00000000
      141975000	     14098	8000b4bc	00cb9263	bne	x23,x12,8000b4c0	 x23:0x00000008 x12:0x00000003
      141995000	     14100	8000b4c0	00737d63	bgeu	x6,x7,8000b4da	  x6:0xffe00000  x7:0x80000000
      142045000	     14105	8000b4da	021f01b3	mul	x3,x30,x1	 x30:0xffffffff  x1:0xfffffffc  x3=0x00000004
      142055000	     14106	8000b4de	611d	c.addi16sp	x2,416	  x2:0x00000000  x2=0x000001a0
      142425000	     14143	8000b4e0	02875433	divu	x8,x14,x8	 x14:0x0000001b  x8:0x60000000  x8=0x00000000
      142435000	     14144	8000b4e4	34021673	csrrw	x12,mscratch,x4	  x4:0x00000000 x12=0x0000001b
      142445000	     14145	8000b4e8	042cc163	blt	x25,x2,8000b52a	 x25:0x00000008  x2:0x000001a0
      142465000	     14147	8000b52a	0001	c.addi	x0,0	  x0:0x00000000  x0=0x00000000
      142475000	     14148	8000b52c	019f0633	add	x12,x30,x25	 x30:0xffffffff x25:0x00000008 x12=0x00000007
      142485000	     14149	8000b530	8e65	c.and	x12,x9	 x12:0x00000007  x9:0x00000000 x12=0x00000000
      142495000	     14150	8000b532	cf01	c.beqz	x14,8000b54a	 x14:0x0000001b
      142505000	     14151	8000b534	0000100f	fence.i	
      142525000	     14153	8000b538	034bce63	blt	x23,x20,8000b574	 x23:0x00000008 x20:0x00000000
      142565000	     14157	8000b53c	038a36b3	mulhu	x13,x20,x24	 x20:0x00000000 x24:0x01bcb800 x13=0x00000000
      142575000	     14158	8000b540	6199	c.lui	x3,0x6	  x3=0x00006000
      142585000	     14159	8000b542	16d3b713	sltiu	x14,x7,365	  x7:0x80000000 x14=0x00000000
      142595000	     14160	8000b546	34006a73	csrrsi	x20,mscratch,0	 x20=0x00000000
      142605000	     14161	8000b54a	8e11	c.sub	x12,x12	 x12:0x00000000 x12:0x00000000 x12=0x00000000
      142615000	     14162	8000b54c	34007673	csrrci	x12,mscratch,0	 x12=0x00000000
      142625000	     14163	8000b550	033a7263	bgeu	x20,x19,8000b574	 x20:0x00000000 x19:0x00000001
      142635000	     14164	8000b554	85a9	c.srai	x11,0xa	 x11:0x00000000 x11=0x00000000
      143005000	     14201	8000b556	03687f33	remu	x30,x16,x22	 x16:0x00000007 x22:0x0000001b x30=0x00000007
      143015000	     14202	8000b55a	f9ec7013	andi	x0,x24,-98	 x24:0x01bcb800  x0=0x00000000
      143025000	     14203	8000b55e	011fe233	or	x4,x31,x17	 x31:0x80000000 x17:0xf90d1fff  x4=0xf90d1fff
      143035000	     14204	8000b562	0000100f	fence.i	
      143065000	     14207	8000b566	01f789b3	add	x19,x15,x31	 x15:0x80025ce4 x31:0x80000000 x19=0x00025ce4
      143075000	     14208	8000b56a	9d7bd997	auipc	x19,0x9d7bd	 x19=0x1d7c856a
      143085000	     14209	8000b56e	404a89b3	sub	x19,x21,x4	 x21:0x00000000  x4:0xf90d1fff x19=0x06f2e001
      143095000	     14210	8000b572	9d86	c.add	x27,x1	 x27:0x00000008  x1:0xfffffffc x27=0x00000004
      143105000	     14211	8000b574	9cb6	c.add	x25,x13	 x25:0x00000008 x13:0x00000000 x25=0x00000008
      143115000	     14212	8000b576	a7154d13	xori	x26,x10,-1423	 x10:0x00000000 x26=0xfffffa71
      143125000	     14213	8000b57a	00a838b3	sltu	x17,x16,x10	 x16:0x00000007 x10:0x00000000 x17=0x00000000
      143135000	     14214	8000b57e	fbcb5837	lui	x16,0xfbcb5	 x16=0xfbcb5000
      143145000	     14215	8000b582	8e15	c.sub	x12,x13	 x12:0x00000000 x13:0x00000000 x12=0x00000000
      143155000	     14216	8000b584	0ff0000f	fence	iorw,iorw	
      143165000	     14217	8000b588	001048b3	xor	x17,x0,x1	  x0:0x00000000  x1:0xfffffffc x17=0xfffffffc
      143175000	     14218	8000b58c	01085b33	srl	x22,x16,x16	 x16:0xfbcb5000 x16:0xfbcb5000 x22=0xfbcb5000
      143185000	     14219	8000b590	001f66b3	or	x13,x30,x1	 x30:0x00000007  x1:0xfffffffc x13=0xffffffff
      143195000	     14220	8000b594	8de6	c.mv	x27,x25	  x0:0x00000000 x25:0x00000008 x27=0x00000008
      143205000	     14221	8000b596	010152b3	srl	x5,x2,x16	  x2:0x000001a0 x16:0xfbcb5000  x5=0x000001a0
      143215000	     14222	8000b59a	01a0c463	blt	x1,x26,8000b5a2	  x1:0xfffffffc x26:0xfffffa71
      143585000	     14259	8000b59e	03e7c633	div	x12,x15,x30	 x15:0x80025ce4 x30:0x00000007 x12=0xedb731d8
      143595000	     14260	8000b5a2	02afe363	bltu	x31,x10,8000b5c8	 x31:0x80000000 x10:0x00000000
      143605000	     14261	8000b5a6	3400f573	csrrci	x10,mscratch,1	 x10=0x00000000
      143615000	     14262	8000b5aa	007d5fb3	srl	x31,x26,x7	 x26:0xfffffa71  x7:0x80000000 x31=0xfffffa71
      143625000	     14263	8000b5ae	340554f3	csrrwi	x9,mscratch,10	  x9=0x00000000
      143635000	     14264	8000b5b2	34007373	csrrci	x6,mscratch,0	  x6=0x0000000a
      143675000	     14268	8000b5b6	03fb9833	mulh	x16,x23,x31	 x23:0x00000008 x31:0xfffffa71 x16=0xffffffff
      143685000	     14269	8000b5ba	8f19	c.sub	x14,x14	 x14:0x00000000 x14:0x00000000 x14=0x00000000
      143725000	     14273	8000b5bc	029e2933	mulhsu	x18,x28,x9	 x28:0x80021e2c  x9:0x00000000 x18=0x00000000
      143735000	     14274	8000b5c0	0110	c.addi4spn	x12,x2,128	 x12=0x00000220
      143745000	     14275	8000b5c2	0001	c.addi	x0,0	  x0:0x00000000  x0=0x00000000
      143755000	     14276	8000b5c4	b8f40c13	addi	x24,x8,-1137	  x8:0x00000000 x24=0xfffffb8f
      143765000	     14277	8000b5c8	00145233	srl	x4,x8,x1	  x8:0x00000000  x1:0xfffffffc  x4=0x00000000
      143775000	     14278	8000b5cc	6dd9	c.lui	x27,0x16	 x27=0x00016000
      143785000	     14279	8000b5ce	00879733	sll	x14,x15,x8	 x15:0x80025ce4  x8:0x00000000 x14=0x80025ce4
      143795000	     14280	8000b5d2	01ebcab3	xor	x21,x23,x30	 x23:0x00000008 x30:0x00000007 x21=0x0000000f
      143805000	     14281	8000b5d6	012e39b3	sltu	x19,x28,x18	 x28:0x80021e2c x18:0x00000000 x19=0x00000000
      143815000	     14282	8000b5da	5023cc13	xori	x24,x7,1282	  x7:0x80000000 x24=0x80000502
      143825000	     14283	8000b5de	406f5813	srai	x16,x30,0x6	 x30:0x00000007 x16=0x00000000
      143835000	     14284	8000b5e2	00b350b3	srl	x1,x6,x11	  x6:0x0000000a x11:0x00000000  x1=0x0000000a
      143845000	     14285	8000b5e6	03ee6b63	bltu	x28,x30,8000b61c	 x28:0x80021e2c x30:0x00000007
      143855000	     14286	8000b5ea	34036873	csrrsi	x16,mscratch,6	 x16=0x0000000a
      143865000	     14287	8000b5ee	c199	c.beqz	x11,8000b5f4	 x11:0x00000000
      143885000	     14289	8000b5f4	340078f3	csrrci	x17,mscratch,0	 x17=0x0000000e
      143895000	     14290	8000b5f8	0000100f	fence.i	
      143915000	     14292	8000b5fc	3a707937	lui	x18,0x3a707	 x18=0x3a707000
      143925000	     14293	8000b600	00267fb3	and	x31,x12,x2	 x12:0x00000220  x2:0x000001a0 x31=0x00000020
      143935000	     14294	8000b604	8d99	c.sub	x11,x14	 x11:0x00000000 x14:0x80025ce4 x11=0x7ffda31c
      143945000	     14295	8000b606	57a16613	ori	x12,x2,1402	  x2:0x000001a0 x12=0x000005fa
      143955000	     14296	8000b60a	0001	c.addi	x0,0	  x0:0x00000000  x0=0x00000000
      143975000	     14298	8000b60c	02837db3	remu	x27,x6,x8	  x6:0x0000000a  x8:0x00000000 x27=0x0000000a
      143985000	     14299	8000b610	0112cc63	blt	x5,x17,8000b628	  x5:0x000001a0 x17:0x0000000e
      143995000	     14300	8000b614	02ad8d63	beq	x27,x10,8000b64e	 x27:0x0000000a x10:0x00000000
      144005000	     14301	8000b618	8ca5	c.xor	x9,x9	  x9:0x00000000  x9:0x00000000  x9=0x00000000
      144015000	     14302	8000b61a	8519	c.srai	x10,0x6	 x10:0x00000000 x10=0x00000000
      144025000	     14303	8000b61c	01225893	srli	x17,x4,0x12	  x4:0x00000000 x17=0x00000000
      144035000	     14304	8000b620	01e340b3	xor	x1,x6,x30	  x6:0x0000000a x30:0x00000007  x1=0x0000000d
      144045000	     14305	8000b624	416a0333	sub	x6,x20,x22	 x20:0x00000000 x22:0xfbcb5000  x6=0x0434b000
      144055000	     14306	8000b628	8df1	c.and	x11,x12	 x11:0x7ffda31c x12:0x000005fa x11=0x00000118
      144065000	     14307	8000b62a	a1202f13	slti	x30,x0,-1518	  x0:0x00000000 x30=0x00000000
      144435000	     14344	8000b62e	03786b33	rem	x22,x16,x23	 x16:0x0000000a x23:0x00000008 x22=0x00000002
      144445000	     14345	8000b632	01604863	blt	x0,x22,8000b642	  x0:0x00000000 x22:0x00000002
      144475000	     14348	8000b642	00b90233	add	x4,x18,x11	 x18:0x3a707000 x11:0x00000118  x4=0x3a707118
      144485000	     14349	8000b646	1f7c3293	sltiu	x5,x24,503	 x24:0x80000502  x5=0x00000000
      144495000	     14350	8000b64a	01634fb3	xor	x31,x6,x22	  x6:0x0434b000 x22:0x00000002 x31=0x0434b002
      144505000	     14351	8000b64e	408bd733	sra	x14,x23,x8	 x23:0x00000008  x8:0x00000000 x14=0x00000008
      144515000	     14352	8000b652	050e	c.slli	x10,0x3	 x10:0x00000000 x10=0x00000000
      144525000	     14353	8000b654	0001	c.addi	x0,0	  x0:0x00000000  x0=0x00000000
      144535000	     14354	8000b656	00dcff63	bgeu	x25,x13,8000b674	 x25:0x00000008 x13:0xffffffff
      144545000	     14355	8000b65a	0001	c.addi	x0,0	  x0:0x00000000  x0=0x00000000
      144555000	     14356	8000b65c	c421	c.beqz	x8,8000b6a4	  x8:0x00000000
      144575000	     14358	8000b6a4	34032173	csrrs	x2,mscratch,x6	  x6:0x0434b000  x2=0x0000000e
      144585000	     14359	8000b6a8	410f04b3	sub	x9,x30,x16	 x30:0x00000000 x16:0x0000000a  x9=0xfffffff6
      144595000	     14360	8000b6ac	cfe9a513	slti	x10,x19,-770	 x19:0x00000000 x10=0x00000000
      144635000	     14364	8000b6b0	034d28b3	mulhsu	x17,x26,x20	 x26:0xfffffa71 x20:0x00000000 x17=0x00000000
      144645000	     14365	8000b6b4	00383533	sltu	x10,x16,x3	 x16:0x0000000a  x3:0x00006000 x10=0x00000001
      144655000	     14366	8000b6b8	9846	c.add	x16,x17	 x16:0x0000000a x17:0x00000000 x16=0x0000000a
      144665000	     14367	8000b6ba	05c1f263	bgeu	x3,x28,8000b6fe	  x3:0x00006000 x28:0x80021e2c
      144705000	     14371	8000b6be	03c91eb3	mulh	x29,x18,x28	 x18:0x3a707000 x28:0x80021e2c x29=0xe2c843c4
      144715000	     14372	8000b6c2	0000100f	fence.i	
      144745000	     14375	8000b6c6	011ad513	srli	x10,x21,0x11	 x21:0x0000000f x10=0x00000000
      144755000	     14376	8000b6ca	0000100f	fence.i	
      144775000	     14378	8000b6ce	6fb9	c.lui	x31,0xe	 x31=0x0000e000
      144785000	     14379	8000b6d0	9b680113	addi	x2,x16,-1610	 x16:0x0000000a  x2=0xfffff9c0
      144795000	     14380	8000b6d4	6dd03f13	sltiu	x30,x0,1757	  x0:0x00000000 x30=0x00000001
      144805000	     14381	8000b6d8	80e1	c.srli	x9,0x18	  x9:0xfffffff6  x9=0x000000ff
      144815000	     14382	8000b6da	00a36563	bltu	x6,x10,8000b6e4	  x6:0x0434b000 x10:0x00000000
      144825000	     14383	8000b6de	081e	c.slli	x16,0x7	 x16:0x0000000a x16=0x00000500
      144835000	     14384	8000b6e0	40ad8f33	sub	x30,x27,x10	 x27:0x0000000a x10:0x00000000 x30=0x0000000a
      144845000	     14385	8000b6e4	8ccd	c.or	x9,x11	  x9:0x000000ff x11:0x00000118  x9=0x000001ff
      144855000	     14386	8000b6e6	02946863	bltu	x8,x9,8000b716	  x8:0x00000000  x9:0x000001ff
      144885000	     14389	8000b716	00600463	beq	x0,x6,8000b71e	  x0:0x00000000  x6:0x0434b000
      144895000	     14390	8000b71a	3f652b13	slti	x22,x10,1014	 x10:0x00000000 x22=0x00000001
      144905000	     14391	8000b71e	551c4613	xori	x12,x24,1361	 x24:0x80000502 x12=0x80000053
      144915000	     14392	8000b722	01545863	bge	x8,x21,8000b732	  x8:0x00000000 x21:0x0000000f
      145285000	     14429	8000b726	03234633	div	x12,x6,x18	  x6:0x0434b000 x18:0x3a707000 x12=0x00000000
      145295000	     14430	8000b72a	01d8a633	slt	x12,x17,x29	 x17:0x00000000 x29:0xe2c843c4 x12=0x00000000
      145305000	     14431	8000b72e	340022f3	csrrs	x5,mscratch,x0	  x0:0x00000000  x5=0x0434b00e
      145315000	     14432	8000b732	1214	c.addi4spn	x13,x2,288	 x13=0xfffffae0
      145325000	     14433	8000b734	03366c63	bltu	x12,x19,8000b76c	 x12:0x00000000 x19:0x00000000
      145335000	     14434	8000b738	157d	c.addi	x10,-1	 x10:0x00000000 x10=0xffffffff
      145345000	     14435	8000b73a	8505	c.srai	x10,0x1	 x10:0xffffffff x10=0xffffffff
      145355000	     14436	8000b73c	34089773	csrrw	x14,mscratch,x17	 x17:0x00000000 x14=0x0434b00e
      145395000	     14440	8000b740	03ceb033	mulhu	x0,x29,x28	 x29:0xe2c843c4 x28:0x80021e2c  x0=0x00000000
      145405000	     14441	8000b744	013f1813	slli	x16,x30,0x13	 x30:0x0000000a x16=0x00500000
      145775000	     14478	8000b748	027bc133	div	x2,x23,x7	 x23:0x00000008  x7:0x80000000  x2=0x00000000
      145785000	     14479	8000b74c	65362593	slti	x11,x12,1619	 x12:0x00000000 x11=0x00000001
      145795000	     14480	8000b750	01f29733	sll	x14,x5,x31	  x5:0x0434b00e x31:0x0000e000 x14=0x0434b00e
      145805000	     14481	8000b754	0000100f	fence.i	
      146185000	     14519	8000b758	0395e233	rem	x4,x11,x25	 x11:0x00000001 x25:0x00000008  x4=0x00000001
      146555000	     14556	8000b75c	03f46d33	rem	x26,x8,x31	  x8:0x00000000 x31:0x0000e000 x26=0x00000000
      146565000	     14557	8000b760	80613593	sltiu	x11,x2,-2042	  x2:0x00000000 x11=0x00000001
      146575000	     14558	8000b764	0d00	c.addi4spn	x8,x2,656	  x8=0x00000290
      146585000	     14559	8000b766	e709	c.bnez	x14,8000b770	 x14:0x0434b00e
      146605000	     14561	8000b770	6c38a013	slti	x0,x17,1731	 x17:0x00000000  x0=0x00000000
      146615000	     14562	8000b774	05808563	beq	x1,x24,8000b7be	  x1:0x0000000d x24:0x80000502
      146625000	     14563	8000b778	0ff0000f	fence	iorw,iorw	
      146635000	     14564	8000b77c	01606ab3	or	x21,x0,x22	  x0:0x00000000 x22:0x00000001 x21=0x00000001
      146645000	     14565	8000b780	8f39	c.xor	x14,x14	 x14:0x0434b00e x14:0x0434b00e x14=0x00000000
      146655000	     14566	8000b782	018c1933	sll	x18,x24,x24	 x24:0x80000502 x24:0x80000502 x18=0x00001408
      146665000	     14567	8000b786	41755d13	srai	x26,x10,0x17	 x10:0xffffffff x26=0xffffffff
      146675000	     14568	8000b78a	01ee9663	bne	x29,x30,8000b796	 x29:0xe2c843c4 x30:0x0000000a
      146695000	     14570	8000b796	92be	c.add	x5,x15	  x5:0x0434b00e x15:0x80025ce4  x5=0x84370cf2
      147065000	     14607	8000b798	023f4ab3	div	x21,x30,x3	 x30:0x0000000a  x3:0x00006000 x21=0x00000000
      147075000	     14608	8000b79c	6c5c2293	slti	x5,x24,1733	 x24:0x80000502  x5=0x00000001
      147085000	     14609	8000b7a0	340115f3	csrrw	x11,mscratch,x2	  x2:0x00000000 x11=0x00000000
      147095000	     14610	8000b7a4	6cb14b93	xori	x23,x2,1739	  x2:0x00000000 x23=0x000006cb
      147105000	     14611	8000b7a8	0bea	c.slli	x23,0x1a	 x23:0x000006cb x23=0x2c000000
      147115000	     14612	8000b7aa	3403daf3	csrrwi	x21,mscratch,7	 x21=0x00000000
      147125000	     14613	8000b7ae	3406a073	csrrs	x0,mscratch,x13	 x13:0xfffffae0  x0=0x00000000
      147135000	     14614	8000b7b2	f947c713	xori	x14,x15,-108	 x15:0x80025ce4 x14=0x7ffda370
      147145000	     14615	8000b7b6	a3f9e597	auipc	x11,0xa3f9e	 x11=0x23fa97b6
      147515000	     14652	8000b7ba	03e26eb3	rem	x29,x4,x30	  x4:0x00000001 x30:0x0000000a x29=0x00000001
      147525000	     14653	8000b7be	845a	c.mv	x8,x22	  x0:0x00000000 x22:0x00000001  x8=0x00000001
      147535000	     14654	8000b7c0	46893a93	sltiu	x21,x18,1128	 x18:0x00001408 x21=0x00000000
      147545000	     14655	8000b7c4	34019cf3	csrrw	x25,mscratch,x3	  x3:0x00006000 x25=0xfffffae7
      147555000	     14656	8000b7c8	7faea113	slti	x2,x29,2042	 x29:0x00000001  x2=0x00000001
      147565000	     14657	8000b7cc	01289993	slli	x19,x17,0x12	 x17:0x00000000 x19=0x00000000
      147575000	     14658	8000b7d0	4c5d	c.li	x24,23	 x24=0x00000017
      147585000	     14659	8000b7d2	f4e025b7	lui	x11,0xf4e02	 x11=0xf4e02000
      147595000	     14660	8000b7d6	3400b2f3	csrrc	x5,mscratch,x1	  x1:0x0000000d  x5=0x00006000
      147605000	     14661	8000b7da	8d79	c.and	x10,x14	 x10:0xffffffff x14:0x7ffda370 x10=0x7ffda370
      147615000	     14662	8000b7dc	00befb63	bgeu	x29,x11,8000b7f2	 x29:0x00000001 x11:0xf4e02000
      147625000	     14663	8000b7e0	34035df3	csrrwi	x27,mscratch,6	 x27=0x00006000
      147635000	     14664	8000b7e4	01ce3633	sltu	x12,x28,x28	 x28:0x80021e2c x28:0x80021e2c x12=0x00000000
      147675000	     14668	8000b7e8	02f63233	mulhu	x4,x12,x15	 x12:0x00000000 x15:0x80025ce4  x4=0x00000000
      147685000	     14669	8000b7ec	8c86	c.mv	x25,x1	  x0:0x00000000  x1:0x0000000d x25=0x0000000d
      147695000	     14670	8000b7ee	0001	c.addi	x0,0	  x0:0x00000000  x0=0x00000000
      147705000	     14671	8000b7f0	8251	c.srli	x12,0x14	 x12:0x00000000 x12=0x00000000
      147715000	     14672	8000b7f2	8271	c.srli	x12,0x1c	 x12:0x00000000 x12=0x00000000
      147725000	     14673	8000b7f4	5a4b42b7	lui	x5,0x5a4b4	  x5=0x5a4b4000
      147735000	     14674	8000b7f8	0001	c.addi	x0,0	  x0:0x00000000  x0=0x00000000
      147745000	     14675	8000b7fa	0001	c.addi	x0,0	  x0:0x00000000  x0=0x00000000
      147755000	     14676	8000b7fc	1ffd	c.addi	x31,-1	 x31:0x0000e000 x31=0x0000dfff
      147775000	     14678	8000b7fe	0241dcb3	divu	x25,x3,x4	  x3:0x00006000  x4:0x00000000 x25=0xffffffff
      148145000	     14715	8000b802	02605fb3	divu	x31,x0,x6	  x0:0x00000000  x6:0x0434b000 x31=0x00000000
      148155000	     14716	8000b806	8ce9	c.and	x9,x10	  x9:0x000001ff x10:0x7ffda370  x9=0x00000170
      148165000	     14717	8000b808	340c5df3	csrrwi	x27,mscratch,24	 x27=0x00000006
      148175000	     14718	8000b80c	147d	c.addi	x8,-1	  x8:0x00000001  x8=0x00000000
      148185000	     14719	8000b80e	01a50233	add	x4,x10,x26	 x10:0x7ffda370 x26:0xffffffff  x4=0x7ffda36f
      148195000	     14720	8000b812	0131c1b3	xor	x3,x3,x19	  x3:0x00006000 x19:0x00000000  x3=0x00006000
      148205000	     14721	8000b816	8caa	c.mv	x25,x10	  x0:0x00000000 x10:0x7ffda370 x25=0x7ffda370
      148215000	     14722	8000b818	717d	c.addi16sp	x2,-16	  x2:0x00000001  x2=0xfffffff1
      148225000	     14723	8000b81a	99dc6913	ori	x18,x24,-1635	 x24:0x00000017 x18=0xfffff99f
      148595000	     14760	8000b81e	02f5d5b3	divu	x11,x11,x15	 x11:0xf4e02000 x15:0x80025ce4 x11=0x00000001
      148605000	     14761	8000b822	e019	c.bnez	x8,8000b828	  x8:0x00000000
      148615000	     14762	8000b824	025bc363	blt	x23,x5,8000b84a	 x23:0x2c000000  x5:0x5a4b4000
      148645000	     14765	8000b84a	00ccb733	sltu	x14,x25,x12	 x25:0x7ffda370 x12:0x00000000 x14=0x00000000
      148685000	     14769	8000b84e	0244aeb3	mulhsu	x29,x9,x4	  x9:0x00000170  x4:0x7ffda36f x29=0x000000b7
      148695000	     14770	8000b852	007cd263	bge	x25,x7,8000b856	 x25:0x7ffda370  x7:0x80000000
      148715000	     14772	8000b856	8f09	c.sub	x14,x10	 x14:0x00000000 x10:0x7ffda370 x14=0x80025c90
      148725000	     14773	8000b858	0001	c.addi	x0,0	  x0:0x00000000  x0=0x00000000
      148735000	     14774	8000b85a	00075d63	bge	x14,x0,8000b874	 x14:0x80025c90  x0:0x00000000
      148745000	     14775	8000b85e	34082ff3	csrrs	x31,mscratch,x16	 x16:0x00500000 x31=0x00000018
      148755000	     14776	8000b862	b956fbb7	lui	x23,0xb956f	 x23=0xb956f000
      148765000	     14777	8000b866	30f42f93	slti	x31,x8,783	  x8:0x00000000 x31=0x00000001
      148775000	     14778	8000b86a	8f21	c.xor	x14,x8	 x14:0x80025c90  x8:0x00000000 x14=0x80025c90
      148785000	     14779	8000b86c	401f51b3	sra	x3,x30,x1	 x30:0x0000000a  x1:0x0000000d  x3=0x00000000
      148795000	     14780	8000b870	d2c3af93	slti	x31,x7,-724	  x7:0x80000000 x31=0x00000001
      148805000	     14781	8000b874	340b9473	csrrw	x8,mscratch,x23	 x23:0xb956f000  x8=0x00500018
      148835000	     14784	8000b878	03d10633	mul	x12,x2,x29	  x2:0xfffffff1 x29:0x000000b7 x12=0xfffff547
      148845000	     14785	8000b87c	88c5	c.andi	x9,17	  x9:0x00000170  x9=0x00000010
      148855000	     14786	8000b87e	00721db3	sll	x27,x4,x7	  x4:0x7ffda36f  x7:0x80000000 x27=0x7ffda36f
      149225000	     14823	8000b882	022edf33	divu	x30,x29,x2	 x29:0x000000b7  x2:0xfffffff1 x30=0x00000000
      149235000	     14824	8000b886	0572	c.slli	x10,0x1c	 x10:0x7ffda370 x10=0x00000000
      149245000	     14825	8000b888	0079a4b3	slt	x9,x19,x7	 x19:0x00000000  x7:0x80000000  x9=0x00000000
      149255000	     14826	8000b88c	009ec5b3	xor	x11,x29,x9	 x29:0x000000b7  x9:0x00000000 x11=0x000000b7
      149265000	     14827	8000b890	8d43ff13	andi	x30,x7,-1836	  x7:0x80000000 x30=0x80000000
      149275000	     14828	8000b894	48f5a993	slti	x19,x11,1167	 x11:0x000000b7 x19=0x00000001
      149285000	     14829	8000b898	1d46ed93	ori	x27,x13,468	 x13:0xfffffae0 x27=0xfffffbf4
      149295000	     14830	8000b89c	0001	c.addi	x0,0	  x0:0x00000000  x0=0x00000000
      149305000	     14831	8000b89e	0001	c.addi	x0,0	  x0:0x00000000  x0=0x00000000
      149315000	     14832	8000b8a0	000fa933	slt	x18,x31,x0	 x31:0x00000001  x0:0x00000000 x18=0x00000000
      149325000	     14833	8000b8a4	012e	c.slli	x2,0xb	  x2:0xfffffff1  x2=0xffff8800
      149335000	     14834	8000b8a6	bdf06297	auipc	x5,0xbdf06	  x5=0x3df118a6
      149345000	     14835	8000b8aa	1a08	c.addi4spn	x10,x2,304	 x10=0xffff8930
      149715000	     14872	8000b8ac	02b771b3	remu	x3,x14,x11	 x14:0x80025c90 x11:0x000000b7  x3=0x00000009
      149725000	     14873	8000b8b0	016fc533	xor	x10,x31,x22	 x31:0x00000001 x22:0x00000001 x10=0x00000000
      149735000	     14874	8000b8b4	019cb733	sltu	x14,x25,x25	 x25:0x7ffda370 x25:0x7ffda370 x14=0x00000000
      149745000	     14875	8000b8b8	40400eb3	sub	x29,x0,x4	  x0:0x00000000  x4:0x7ffda36f x29=0x80025c91
      149755000	     14876	8000b8bc	05dbf363	bgeu	x23,x29,8000b902	 x23:0xb956f000 x29:0x80025c91
      149775000	     14878	8000b902	8559	c.srai	x10,0x16	 x10:0x00000000 x10=0x00000000
      149785000	     14879	8000b904	34002573	csrrs	x10,mscratch,x0	  x0:0x00000000 x10=0xb956f000
      149795000	     14880	8000b908	02d3f363	bgeu	x7,x13,8000b92e	  x7:0x80000000 x13:0xfffffae0
      149805000	     14881	8000b90c	019e5493	srli	x9,x28,0x19	 x28:0x80021e2c  x9=0x00000040
      149815000	     14882	8000b910	00270363	beq	x14,x2,8000b916	 x14:0x00000000  x2:0xffff8800
      149825000	     14883	8000b914	6f91	c.lui	x31,0x4	 x31=0x00004000
      149835000	     14884	8000b916	0453c063	blt	x7,x5,8000b956	  x7:0x80000000  x5:0x3df118a6
      149865000	     14887	8000b956	019e1813	slli	x16,x28,0x19	 x28:0x80021e2c x16=0x58000000
      149875000	     14888	8000b95a	86e1	c.srai	x13,0x18	 x13:0xfffffae0 x13=0xffffffff
      149885000	     14889	8000b95c	0f84	c.addi4spn	x9,x2,976	  x9=0xffff8bd0
      149895000	     14890	8000b95e	0001	c.addi	x0,0	  x0:0x00000000  x0=0x00000000
      149905000	     14891	8000b960	09d5	c.addi	x19,21	 x19:0x00000001 x19=0x00000016
      149915000	     14892	8000b962	340956f3	csrrwi	x13,mscratch,18	 x13=0xb956f000
      149925000	     14893	8000b966	642d	c.lui	x8,0xb	  x8=0x0000b000
      149935000	     14894	8000b968	018554b3	srl	x9,x10,x24	 x10:0xb956f000 x24:0x00000017  x9=0x00000172
      149945000	     14895	8000b96c	f9943d13	sltiu	x26,x8,-103	  x8:0x0000b000 x26=0x00000001
      149955000	     14896	8000b970	0001	c.addi	x0,0	  x0:0x00000000  x0=0x00000000
      149965000	     14897	8000b972	340aacf3	csrrs	x25,mscratch,x21	 x21:0x00000000 x25=0x00000012
      149975000	     14898	8000b976	0001	c.addi	x0,0	  x0:0x00000000  x0=0x00000000
      149985000	     14899	8000b978	a57d3193	sltiu	x3,x26,-1449	 x26:0x00000001  x3=0x00000001
      149995000	     14900	8000b97c	c7eb6d13	ori	x26,x22,-898	 x22:0x00000001 x26=0xfffffc7f
      150005000	     14901	8000b980	8cbe	c.mv	x25,x15	  x0:0x00000000 x15:0x80025ce4 x25=0x80025ce4
      150015000	     14902	8000b982	00051c93	slli	x25,x10,0x0	 x10:0xb956f000 x25=0xb956f000
      150035000	     14904	8000b986	032f6db3	rem	x27,x30,x18	 x30:0x80000000 x18:0x00000000 x27=0x80000000
      150045000	     14905	8000b98a	4eb1	c.li	x29,12	 x29=0x0000000c
      150055000	     14906	8000b98c	70b1ad13	slti	x26,x3,1803	  x3:0x00000001 x26=0x00000001
      150065000	     14907	8000b990	01689413	slli	x8,x17,0x16	 x17:0x00000000  x8=0x00000000
      150075000	     14908	8000b994	34003073	csrrc	x0,mscratch,x0	  x0:0x00000000  x0=0x00000000
      150085000	     14909	8000b998	01352633	slt	x12,x10,x19	 x10:0xb956f000 x19:0x00000016 x12=0x00000001
      150095000	     14910	8000b99c	0105e533	or	x10,x11,x16	 x11:0x000000b7 x16:0x58000000 x10=0x580000b7
      150105000	     14911	8000b9a0	0001	c.addi	x0,0	  x0:0x00000000  x0=0x00000000
      150475000	     14948	8000b9a2	033ad8b3	divu	x17,x21,x19	 x21:0x00000000 x19:0x00000016 x17=0x00000000
      150505000	     14951	8000b9a6	023884b3	mul	x9,x17,x3	 x17:0x00000000  x3:0x00000001  x9=0x00000000
      150515000	     14952	8000b9aa	412e8733	sub	x14,x29,x18	 x29:0x0000000c x18:0x00000000 x14=0x0000000c
      150525000	     14953	8000b9ae	0055d933	srl	x18,x11,x5	 x11:0x000000b7  x5:0x3df118a6 x18=0x00000002
      150535000	     14954	8000b9b2	0d41	c.addi	x26,16	 x26:0x00000001 x26=0x00000011
      150545000	     14955	8000b9b4	3406e373	csrrsi	x6,mscratch,13	  x6=0x00000012
      150555000	     14956	8000b9b8	34031373	csrrw	x6,mscratch,x6	  x6:0x00000012  x6=0x0000001f
      150565000	     14957	8000b9bc	0060d493	srli	x9,x1,0x6	  x1:0x0000000d  x9=0x00000000
      150575000	     14958	8000b9c0	8671	c.srai	x12,0x1c	 x12:0x00000001 x12=0x00000000
      150585000	     14959	8000b9c2	34037f73	csrrci	x30,mscratch,6	 x30=0x00000012
      150955000	     14996	8000b9c6	03227933	remu	x18,x4,x18	  x4:0x7ffda36f x18:0x00000002 x18=0x00000001
      150965000	     14997	8000b9ca	0fee	c.slli	x31,0x1b	 x31:0x00004000 x31=0x00000000
      150975000	     14998	8000b9cc	edd2e093	ori	x1,x5,-291	  x5:0x3df118a6  x1=0xfffffeff
      150985000	     14999	8000b9d0	0552	c.slli	x10,0x14	 x10:0x580000b7 x10=0x0b700000
      150995000	     15000	8000b9d2	0001	c.addi	x0,0	  x0:0x00000000  x0=0x00000000
      151005000	     15001	8000b9d4	34002373	csrrs	x6,mscratch,x0	  x0:0x00000000  x6=0x00000010
      151015000	     15002	8000b9d8	32230313	addi	x6,x6,802	  x6:0x00000010  x6=0x00000332
      151025000	     15003	8000b9dc	34003ef3	csrrc	x29,mscratch,x0	  x0:0x00000000 x29=0x00000010
      151035000	     15004	8000b9e0	0752	c.slli	x14,0x14	 x14:0x0000000c x14=0x00c00000
      151045000	     15005	8000b9e2	009b8fb3	add	x31,x23,x9	 x23:0xb956f000  x9:0x00000000 x31=0xb956f000
      151055000	     15006	8000b9e6	01682733	slt	x14,x16,x22	 x16:0x58000000 x22:0x00000001 x14=0x00000000
      151065000	     15007	8000b9ea	00c96563	bltu	x18,x12,8000b9f4	 x18:0x00000001 x12:0x00000000
      151075000	     15008	8000b9ee	810a1497	auipc	x9,0x810a1	  x9=0x010ac9ee
      151085000	     15009	8000b9f2	e491	c.bnez	x9,8000b9fe	  x9:0x010ac9ee
      151115000	     15012	8000b9fe	34007473	csrrci	x8,mscratch,0	  x8=0x00000010
      151125000	     15013	8000ba02	00577c63	bgeu	x14,x5,8000ba1a	 x14:0x00000000  x5:0x3df118a6
      151135000	     15014	8000ba06	958e7a93	andi	x21,x28,-1704	 x28:0x80021e2c x21=0x80021808
      151145000	     15015	8000ba0a	6ba1	c.lui	x23,0x8	 x23=0x00008000
      151155000	     15016	8000ba0c	c699	c.beqz	x13,8000ba1a	 x13:0xb956f000
      151165000	     15017	8000ba0e	03488563	beq	x17,x20,8000ba38	 x17:0x00000000 x20:0x00000000
      151185000	     15019	8000ba38	03f90763	beq	x18,x31,8000ba66	 x18:0x00000001 x31:0xb956f000
      151225000	     15023	8000ba3c	024a36b3	mulhu	x13,x20,x4	 x20:0x00000000  x4:0x7ffda36f x13=0x00000000
      151265000	     15027	8000ba40	025f3433	mulhu	x8,x30,x5	 x30:0x00000012  x5:0x3df118a6  x8=0x00000004
      151275000	     15028	8000ba44	1e1d3d97	auipc	x27,0x1e1d3	 x27=0x9e1dea44
      151285000	     15029	8000ba48	813e	c.mv	x2,x15	  x0:0x00000000 x15:0x80025ce4  x2=0x80025ce4
      151315000	     15032	8000ba4a	02e401b3	mul	x3,x8,x14	  x8:0x00000004 x14:0x00000000  x3=0x00000000
      151325000	     15033	8000ba4e	340c1373	csrrw	x6,mscratch,x24	 x24:0x00000017  x6=0x00000010
      151335000	     15034	8000ba52	117d	c.addi	x2,-1	  x2:0x80025ce4  x2=0x80025ce3
      151345000	     15035	8000ba54	997d	c.andi	x10,-1	 x10:0x0b700000 x10=0x0b700000
      151355000	     15036	8000ba56	c0a646b7	lui	x13,0xc0a64	 x13=0xc0a64000
      151385000	     15039	8000ba5a	02488d33	mul	x26,x17,x4	 x17:0x00000000  x4:0x7ffda36f x26=0x00000000
      151395000	     15040	8000ba5e	8f29	c.xor	x14,x10	 x14:0x00000000 x10:0x0b700000 x14=0x0b700000
      151765000	     15077	8000ba60	032f61b3	rem	x3,x30,x18	 x30:0x00000012 x18:0x00000001  x3=0x00000000
      151775000	     15078	8000ba64	054e	c.slli	x10,0x13	 x10:0x0b700000 x10=0x00000000
      151785000	     15079	8000ba66	8ed1	c.or	x13,x12	 x13:0xc0a64000 x12:0x00000000 x13=0xc0a64000
      151795000	     15080	8000ba68	0ff0000f	fence	iorw,iorw	
      151805000	     15081	8000ba6c	86d1	c.srai	x13,0x14	 x13:0xc0a64000 x13=0xfffffc0a
      151815000	     15082	8000ba6e	8ebd	c.xor	x13,x15	 x13:0xfffffc0a x15:0x80025ce4 x13=0x7ffda0ee
      151825000	     15083	8000ba70	0153a8b3	slt	x17,x7,x21	  x7:0x80000000 x21:0x80021808 x17=0x00000001
      151835000	     15084	8000ba74	34007f73	csrrci	x30,mscratch,0	 x30=0x00000017
      151845000	     15085	8000ba78	2419adb7	lui	x27,0x2419a	 x27=0x2419a000
      151855000	     15086	8000ba7c	dca50d13	addi	x26,x10,-566	 x10:0x00000000 x26=0xfffffdca
      151865000	     15087	8000ba80	8962ec93	ori	x25,x5,-1898	  x5:0x3df118a6 x25=0xfffff8b6
      151875000	     15088	8000ba84	827d	c.srli	x12,0x1f	 x12:0x00000000 x12=0x00000000
      151895000	     15090	8000ba86	020edf33	divu	x30,x29,x0	 x29:0x00000010  x0:0x00000000 x30=0xffffffff
      151905000	     15091	8000ba8a	340db6f3	csrrc	x13,mscratch,x27	 x27:0x2419a000 x13=0x00000017
      151915000	     15092	8000ba8e	60cd	c.lui	x1,0x13	  x1=0x00013000
      151925000	     15093	8000ba90	34049d73	csrrw	x26,mscratch,x9	  x9:0x010ac9ee x26=0x00000017
      151935000	     15094	8000ba94	dd8ba813	slti	x16,x23,-552	 x23:0x00008000 x16=0x00000000
      151945000	     15095	8000ba98	340dfbf3	csrrci	x23,mscratch,27	 x23=0x010ac9ee
      151955000	     15096	8000ba9c	004ad863	bge	x21,x4,8000baac	 x21:0x80021808  x4:0x7ffda36f
      151965000	     15097	8000baa0	40d00933	sub	x18,x0,x13	  x0:0x00000000 x13:0x00000017 x18=0xffffffe9
      151975000	     15098	8000baa4	cae53e93	sltiu	x29,x10,-850	 x10:0x00000000 x29=0x00000001
      151985000	     15099	8000baa8	414705b3	sub	x11,x14,x20	 x14:0x0b700000 x20:0x00000000 x11=0x0b700000
      151995000	     15100	8000baac	0001	c.addi	x0,0	  x0:0x00000000  x0=0x00000000
      152005000	     15101	8000baae	022fd863	bge	x31,x2,8000bade	 x31:0xb956f000  x2:0x80025ce3
      152065000	     15107	8000bade	02839b33	mulh	x22,x7,x8	  x7:0x80000000  x8:0x00000004 x22=0xfffffffe
      152075000	     15108	8000bae2	8a4d	c.andi	x12,19	 x12:0x00000000 x12=0x00000000
      152085000	     15109	8000bae4	5603ce93	xori	x29,x7,1376	  x7:0x80000000 x29=0x80000560
      152455000	     15146	8000bae8	035fe333	rem	x6,x31,x21	 x31:0xb956f000 x21:0x80021808  x6=0xb956f000
      152465000	     15147	8000baec	5b425717	auipc	x14,0x5b425	 x14=0xdb430aec
      152475000	     15148	8000baf0	0001	c.addi	x0,0	  x0:0x00000000  x0=0x00000000
      152485000	     15149	8000baf2	40275433	sra	x8,x14,x2	 x14:0xdb430aec  x2:0x80025ce3  x8=0xfb68615d
      152495000	     15150	8000baf6	45eeab13	slti	x22,x29,1118	 x29:0x80000560 x22=0x00000001
      152505000	     15151	8000bafa	ef4ca913	slti	x18,x25,-268	 x25:0xfffff8b6 x18=0x00000001
      152515000	     15152	8000bafe	40a25c13	srai	x24,x4,0xa	  x4:0x7ffda36f x24=0x001fff68
      152525000	     15153	8000bb02	01676db3	or	x27,x14,x22	 x14:0xdb430aec x22:0x00000001 x27=0xdb430aed
      152535000	     15154	8000bb06	0ff0000f	fence	iorw,iorw	
      152545000	     15155	8000bb0a	7b52f613	andi	x12,x5,1973	  x5:0x3df118a6 x12=0x000000a4
      152555000	     15156	8000bb0e	0001	c.addi	x0,0	  x0:0x00000000  x0=0x00000000
      152565000	     15157	8000bb10	40c481b3	sub	x3,x9,x12	  x9:0x010ac9ee x12:0x000000a4  x3=0x010ac94a
      152605000	     15161	8000bb14	034f2933	mulhsu	x18,x30,x20	 x30:0xffffffff x20:0x00000000 x18=0x00000000
      152615000	     15162	8000bb18	3406da73	csrrwi	x20,mscratch,13	 x20=0x010ac9e4
      152985000	     15199	8000bb1c	023fe433	rem	x8,x31,x3	 x31:0xb956f000  x3:0x010ac94a  x8=0xff299e5e
      152995000	     15200	8000bb20	0c69	c.addi	x24,26	 x24:0x001fff68 x24=0x001fff82
      153005000	     15201	8000bb22	414388b3	sub	x17,x7,x20	  x7:0x80000000 x20:0x010ac9e4 x17=0x7ef5361c
      153015000	     15202	8000bb26	0001	c.addi	x0,0	  x0:0x00000000  x0=0x00000000
      153025000	     15203	8000bb28	8d0d	c.sub	x10,x11	 x10:0x00000000 x11:0x0b700000 x10=0xf4900000
      153035000	     15204	8000bb2a	118c	c.addi4spn	x11,x2,224	 x11=0x80025dc3
      153045000	     15205	8000bb2c	00ec9cb3	sll	x25,x25,x14	 x25:0xfffff8b6 x14:0xdb430aec x25=0xff8b6000
      153055000	     15206	8000bb30	41b505b3	sub	x11,x10,x27	 x10:0xf4900000 x27:0xdb430aed x11=0x194cf513
      153065000	     15207	8000bb34	0001	c.addi	x0,0	  x0:0x00000000  x0=0x00000000
      153075000	     15208	8000bb36	8eb1	c.xor	x13,x12	 x13:0x00000017 x12:0x000000a4 x13=0x000000b3
      153085000	     15209	8000bb38	010cc263	blt	x25,x16,8000bb3c	 x25:0xff8b6000 x16:0x00000000
      153105000	     15211	8000bb3c	34002df3	csrrs	x27,mscratch,x0	  x0:0x00000000 x27=0x0000000d
      153115000	     15212	8000bb40	0ff0000f	fence	iorw,iorw	
      153125000	     15213	8000bb44	02a05c63	bge	x0,x10,8000bb7c	  x0:0x00000000 x10:0xf4900000
      153145000	     15215	8000bb7c	403f85b3	sub	x11,x31,x3	 x31:0xb956f000  x3:0x010ac94a x11=0xb84c26b6
      153155000	     15216	8000bb80	340cf273	csrrci	x4,mscratch,25	  x4=0x0000000d
      153165000	     15217	8000bb84	810e	c.mv	x2,x3	  x0:0x00000000  x3:0x010ac94a  x2=0x010ac94a
      153175000	     15218	8000bb86	000d9493	slli	x9,x27,0x0	 x27:0x0000000d  x9=0x0000000d
      153185000	     15219	8000bb8a	43b56693	ori	x13,x10,1083	 x10:0xf4900000 x13=0xf490043b
      153195000	     15220	8000bb8e	8f6d	c.and	x14,x11	 x14:0xdb430aec x11:0xb84c26b6 x14=0x984002a4
      153565000	     15257	8000bb90	021e61b3	rem	x3,x28,x1	 x28:0x80021e2c  x1:0x00013000  x3=0xffff9e2c
      153605000	     15261	8000bb94	03daa1b3	mulhsu	x3,x21,x29	 x21:0x80021808 x29:0x80000560  x3=0xc0010954
      153615000	     15262	8000bb98	415d5693	srai	x13,x26,0x15	 x26:0x00000017 x13=0x00000000
      153625000	     15263	8000bb9c	850d	c.srai	x10,0x3	 x10:0xf4900000 x10=0xfe920000
      153995000	     15300	8000bb9e	02336bb3	rem	x23,x6,x3	  x6:0xb956f000  x3:0xc0010954 x23=0xf955e6ac
      154365000	     15337	8000bba2	02157a33	remu	x20,x10,x1	 x10:0xfe920000  x1:0x00013000 x20=0x00000000
      154375000	     15338	8000bba6	0277fd63	bgeu	x15,x7,8000bbe0	 x15:0x80025ce4  x7:0x80000000
      154425000	     15343	8000bbe0	02b2b533	mulhu	x10,x5,x11	  x5:0x3df118a6 x11:0xb84c26b6 x10=0x2c97b6a8
      154435000	     15344	8000bbe4	402fd613	srai	x12,x31,0x2	 x31:0xb956f000 x12=0xee55bc00
      154445000	     15345	8000bbe8	3409d673	csrrwi	x12,mscratch,19	 x12=0x00000004
      154455000	     15346	8000bbec	01cc6863	bltu	x24,x28,8000bbfc	 x24:0x001fff82 x28:0x80021e2c
      154475000	     15348	8000bbfc	0001	c.addi	x0,0	  x0:0x00000000  x0=0x00000000
      154485000	     15349	8000bbfe	004e2a83	lw	x21,4(x28)	 x28:0x80021e2c x21=0x80006da2 PA:0x80021e30 load:0x80006da2
      154495000	     15350	8000bc02	8d35	c.xor	x10,x13	 x10:0x2c97b6a8 x13:0x00000000 x10=0x2c97b6a8
      154505000	     15351	8000bc04	8a59	c.andi	x12,22	 x12:0x00000004 x12=0x00000004
      154515000	     15352	8000bc06	d7fa3493	sltiu	x9,x20,-641	 x20:0x00000000  x9=0x00000001
      154525000	     15353	8000bc0a	40850033	sub	x0,x10,x8	 x10:0x2c97b6a8  x8:0xff299e5e  x0=0x00000000
      154535000	     15354	8000bc0e	0e21	c.addi	x28,8	 x28:0x80021e2c x28=0x80021e34
      154545000	     15355	8000bc10	3405adf3	csrrs	x27,mscratch,x11	 x11:0xb84c26b6 x27=0x00000013
      154555000	     15356	8000bc14	0001	c.addi	x0,0	  x0:0x00000000  x0=0x00000000
      154565000	     15357	8000bc16	5a7f8993	addi	x19,x31,1447	 x31:0xb956f000 x19=0xb956f5a7
      154935000	     15394	8000bc1a	025ce9b3	rem	x19,x25,x5	 x25:0xff8b6000  x5:0x3df118a6 x19=0xff8b6000
      154945000	     15395	8000bc1e	1b80	c.addi4spn	x8,x2,496	  x8=0x010acb3a
      154955000	     15396	8000bc20	000a8993	addi	x19,x21,0	 x21:0x80006da2 x19=0x80006da2
      154965000	     15397	8000bc24	9982	c.jalr	x19	 x19:0x80006da2  x1=0x8000bc26
      154985000	     15399	80006da2	8ca5	c.xor	x9,x9	  x9:0x00000001  x9:0x00000001  x9=0x00000000
      154995000	     15400	80006da4	8c45	c.or	x8,x9	  x8:0x010acb3a  x9:0x00000000  x8=0x010acb3a
      155005000	     15401	80006da6	340e1cf3	csrrw	x25,mscratch,x28	 x28:0x80021e34 x25=0xb84c26b7
      155015000	     15402	80006daa	000f22b3	slt	x5,x30,x0	 x30:0xffffffff  x0:0x00000000  x5=0x00000001
      155025000	     15403	80006dae	06de	c.slli	x13,0x17	 x13:0x00000000 x13=0x00000000
      155035000	     15404	80006db0	e305	c.bnez	x14,80006dd0	 x14:0x984002a4
      155055000	     15406	80006dd0	018e9ab3	sll	x21,x29,x24	 x29:0x80000560 x24:0x001fff82 x21=0x00001580
      155065000	     15407	80006dd4	8dcd	c.or	x11,x11	 x11:0xb84c26b6 x11:0xb84c26b6 x11=0xb84c26b6
      155435000	     15444	80006dd6	038acfb3	div	x31,x21,x24	 x21:0x00001580 x24:0x001fff82 x31=0x00000000
      155445000	     15445	80006dda	41e2d4b3	sra	x9,x5,x30	  x5:0x00000001 x30:0xffffffff  x9=0x00000000
      155455000	     15446	80006dde	016ea033	slt	x0,x29,x22	 x29:0x80000560 x22:0x00000001  x0=0x00000000
      155465000	     15447	80006de2	340e66f3	csrrsi	x13,mscratch,28	 x13=0x80021e34
      155475000	     15448	80006de6	547d	c.li	x8,-1	  x8=0xffffffff
      155485000	     15449	80006de8	ceeb8313	addi	x6,x23,-786	 x23:0xf955e6ac  x6=0xf955e39a
      155495000	     15450	80006dec	00225663	bge	x4,x2,80006df8	  x4:0x0000000d  x2:0x010ac94a
      155505000	     15451	80006df0	ea0bae93	slti	x29,x23,-352	 x23:0xf955e6ac x29=0x00000001
      155515000	     15452	80006df4	8de1	c.and	x11,x8	 x11:0xb84c26b6  x8:0xffffffff x11=0xb84c26b6
      155525000	     15453	80006df6	84fa	c.mv	x9,x30	  x0:0x00000000 x30:0xffffffff  x9=0xffffffff
      155535000	     15454	80006df8	c1ba2013	slti	x0,x20,-997	 x20:0x00000000  x0=0x00000000
      155545000	     15455	80006dfc	2afbed93	ori	x27,x23,687	 x23:0xf955e6ac x27=0xf955e6af
      155585000	     15459	80006e00	03139133	mulh	x2,x7,x17	  x7:0x80000000 x17:0x7ef5361c  x2=0xc08564f2
      155595000	     15460	80006e04	01c7f963	bgeu	x15,x28,80006e16	 x15:0x80025ce4 x28:0x80021e34
      155615000	     15462	80006e16	eb11	c.bnez	x14,80006e2a	 x14:0x984002a4
      155645000	     15465	80006e2a	afb0a593	slti	x11,x1,-1285	  x1:0x8000bc26 x11=0x00000001
      155655000	     15466	80006e2e	0000100f	fence.i	
      155675000	     15468	80006e32	4a9d	c.li	x21,7	 x21=0x00000007
      155685000	     15469	80006e34	001a5433	srl	x8,x20,x1	 x20:0x00000000  x1:0x8000bc26  x8=0x00000000
      155695000	     15470	80006e38	e199	c.bnez	x11,80006e3e	 x11:0x00000001
      155715000	     15472	80006e3e	62c1	c.lui	x5,0x10	  x5=0x00010000
      155725000	     15473	80006e40	0001	c.addi	x0,0	  x0:0x00000000  x0=0x00000000
      155735000	     15474	80006e42	40208133	sub	x2,x1,x2	  x1:0x8000bc26  x2:0xc08564f2  x2=0xbf7b5734
      155745000	     15475	80006e46	8da5	c.xor	x11,x9	 x11:0x00000001  x9:0xffffffff x11=0xfffffffe
      155785000	     15479	80006e48	03cbb8b3	mulhu	x17,x23,x28	 x23:0xf955e6ac x28:0x80021e34 x17=0x7cad036c
      155795000	     15480	80006e4c	01f20033	add	x0,x4,x31	  x4:0x0000000d x31:0x00000000  x0=0x00000000
      155805000	     15481	80006e50	81f04613	xori	x12,x0,-2017	  x0:0x00000000 x12=0xfffff81f
      155825000	     15483	80006e54	03047a33	remu	x20,x8,x16	  x8:0x00000000 x16:0x00000000 x20=0x00000000
      155835000	     15484	80006e58	4d1d	c.li	x26,7	 x26=0x00000007
      155845000	     15485	80006e5a	1b14	c.addi4spn	x13,x2,432	 x13=0xbf7b58e4
      155855000	     15486	80006e5c	0105	c.addi	x2,1	  x2:0xbf7b5734  x2=0xbf7b5735
      155865000	     15487	80006e5e	1314	c.addi4spn	x13,x2,416	 x13=0xbf7b58d5
      155895000	     15490	80006e60	033080b3	mul	x1,x1,x19	  x1:0x8000bc26 x19:0x80006da2  x1=0x50933e0c
      155905000	     15491	80006e64	8ea9	c.xor	x13,x10	 x13:0xbf7b58d5 x10:0x2c97b6a8 x13=0x93ecee7d
      155915000	     15492	80006e66	8c6d	c.and	x8,x11	  x8:0x00000000 x11:0xfffffffe  x8=0x00000000
      155925000	     15493	80006e68	864d	c.srai	x12,0x13	 x12:0xfffff81f x12=0xffffffff
      155935000	     15494	80006e6a	08aa	c.slli	x17,0xa	 x17:0x7cad036c x17=0xb40db000
      155945000	     15495	80006e6c	340394f3	csrrw	x9,mscratch,x7	  x7:0x80000000  x9=0x80021e3c
      155955000	     15496	80006e70	9afd	c.andi	x13,-1	 x13:0x93ecee7d x13=0x93ecee7d
      155965000	     15497	80006e72	00ad4663	blt	x26,x10,80006e7e	 x26:0x00000007 x10:0x2c97b6a8
      156355000	     15536	80006e7e	0352e633	rem	x12,x5,x21	  x5:0x00010000 x21:0x00000007 x12=0x00000002
      156365000	     15537	80006e82	8f51	c.or	x14,x12	 x14:0x984002a4 x12:0x00000002 x14=0x984002a6
      156375000	     15538	80006e84	01a99b33	sll	x22,x19,x26	 x19:0x80006da2 x26:0x00000007 x22=0x0036d100
      156385000	     15539	80006e88	fe9e36b7	lui	x13,0xfe9e3	 x13=0xfe9e3000
      156425000	     15543	80006e8c	0253b0b3	mulhu	x1,x7,x5	  x7:0x80000000  x5:0x00010000  x1=0x00008000
      156435000	     15544	80006e90	9afe	c.add	x21,x31	 x21:0x00000007 x31:0x00000000 x21=0x00000007
      156445000	     15545	80006e92	41e8dc13	srai	x24,x17,0x1e	 x17:0xb40db000 x24=0xfffffffe
      156455000	     15546	80006e96	00347bb3	and	x23,x8,x3	  x8:0x00000000  x3:0xc0010954 x23=0x00000000
      156465000	     15547	80006e9a	947b8c13	addi	x24,x23,-1721	 x23:0x00000000 x24=0xfffff947
      156475000	     15548	80006e9e	0bca	c.slli	x23,0x12	 x23:0x00000000 x23=0x00000000
      156485000	     15549	80006ea0	00d3fb33	and	x22,x7,x13	  x7:0x80000000 x13:0xfe9e3000 x22=0x80000000
      156495000	     15550	80006ea4	340f5ff3	csrrwi	x31,mscratch,30	 x31=0x80000000
      156505000	     15551	80006ea8	9316	c.add	x6,x5	  x6:0xf955e39a  x5:0x00010000  x6=0xf956e39a
      156515000	     15552	80006eaa	016fa0b3	slt	x1,x31,x22	 x31:0x80000000 x22:0x80000000  x1=0x00000000
      156525000	     15553	80006eae	0ff0000f	fence	iorw,iorw	
      156535000	     15554	80006eb2	19687993	andi	x19,x16,406	 x16:0x00000000 x19=0x00000000
      156905000	     15591	80006eb6	02f55933	divu	x18,x10,x15	 x10:0x2c97b6a8 x15:0x80025ce4 x18=0x00000000
      156915000	     15592	80006eba	0914	c.addi4spn	x13,x2,144	 x13=0xbf7b57c5
      156925000	     15593	80006ebc	8cc5	c.or	x9,x9	  x9:0x80021e3c  x9:0x80021e3c  x9=0x80021e3c
      156935000	     15594	80006ebe	340cf773	csrrci	x14,mscratch,25	 x14=0x0000001e
      156945000	     15595	80006ec2	9dd2	c.add	x27,x20	 x27:0xf955e6af x20:0x00000000 x27=0xf955e6af
      156955000	     15596	80006ec4	c321	c.beqz	x14,80006f04	 x14:0x0000001e
      156965000	     15597	80006ec6	042ce363	bltu	x25,x2,80006f0c	 x25:0xb84c26b7  x2:0xbf7b5735
      156985000	     15599	80006f0c	8e9d	c.sub	x13,x15	 x13:0xbf7b57c5 x15:0x80025ce4 x13=0x3f78fae1
      156995000	     15600	80006f0e	3cf07b93	andi	x23,x0,975	  x0:0x00000000 x23=0x00000000
      157005000	     15601	80006f12	0000100f	fence.i	
      157025000	     15603	80006f16	e089	c.bnez	x9,80006f18	  x9:0x80021e3c
      157045000	     15605	80006f18	8eb1	c.xor	x13,x12	 x13:0x3f78fae1 x12:0x00000002 x13=0x3f78fae3
      157055000	     15606	80006f1a	34022b73	csrrs	x22,mscratch,x4	  x4:0x0000000d x22=0x00000006
      157065000	     15607	80006f1e	340160f3	csrrsi	x1,mscratch,2	  x1=0x0000000f
      157075000	     15608	80006f22	869d	c.srai	x13,0x7	 x13:0x3f78fae3 x13=0x007ef1f5
      157085000	     15609	80006f24	94ee	c.add	x9,x27	  x9:0x80021e3c x27:0xf955e6af  x9=0x795804eb
      157095000	     15610	80006f26	3408af73	csrrs	x30,mscratch,x17	 x17:0xb40db000 x30=0x0000000f
      157105000	     15611	80006f2a	01118733	add	x14,x3,x17	  x3:0xc0010954 x17:0xb40db000 x14=0x740eb954
      157115000	     15612	80006f2e	340beb73	csrrsi	x22,mscratch,23	 x22=0xb40db00f
      157125000	     15613	80006f32	8d65	c.and	x10,x9	 x10:0x2c97b6a8  x9:0x795804eb x10=0x281004a8
      157135000	     15614	80006f34	8c01	c.sub	x8,x8	  x8:0x00000000  x8:0x00000000  x8=0x00000000
      157145000	     15615	80006f36	017b6fb3	or	x31,x22,x23	 x22:0xb40db00f x23:0x00000000 x31=0xb40db00f
      157155000	     15616	80006f3a	008a9fb3	sll	x31,x21,x8	 x21:0x00000007  x8:0x00000000 x31=0x00000007
      157165000	     15617	80006f3e	8e19	c.sub	x12,x14	 x12:0x00000002 x14:0x740eb954 x12=0x8bf146ae
      157175000	     15618	80006f40	340034f3	csrrc	x9,mscratch,x0	  x0:0x00000000  x9=0xb40db01f
      157185000	     15619	80006f44	481e2cb7	lui	x25,0x481e2	 x25=0x481e2000
      157195000	     15620	80006f48	8dc1	c.or	x11,x8	 x11:0xfffffffe  x8:0x00000000 x11=0xfffffffe
      157205000	     15621	80006f4a	00bb1d13	slli	x26,x22,0xb	 x22:0xb40db00f x26=0x6d807800
      157215000	     15622	80006f4e	8185	c.srli	x11,0x1	 x11:0xfffffffe x11=0x7fffffff
      157255000	     15626	80006f50	033f9733	mulh	x14,x31,x19	 x31:0x00000007 x19:0x00000000 x14=0x00000000
      157295000	     15630	80006f54	036e1333	mulh	x6,x28,x22	 x28:0x80021e34 x22:0xb40db00f  x6=0x25f8871e
      157665000	     15667	80006f58	03646cb3	rem	x25,x8,x22	  x8:0x00000000 x22:0xb40db00f x25=0x00000000
      157675000	     15668	80006f5c	01bf19b3	sll	x19,x30,x27	 x30:0x0000000f x27:0xf955e6af x19=0x00078000
      157685000	     15669	80006f60	0000100f	fence.i	
      157705000	     15671	80006f64	f48f4b13	xori	x22,x30,-184	 x30:0x0000000f x22=0xffffff47
      157715000	     15672	80006f68	01c65c13	srli	x24,x12,0x1c	 x12:0x8bf146ae x24=0x00000008
      157725000	     15673	80006f6c	005dbfb3	sltu	x31,x27,x5	 x27:0xf955e6af  x5:0x00010000 x31=0x00000000
      157765000	     15677	80006f70	03d32933	mulhsu	x18,x6,x29	  x6:0x25f8871e x29:0x00000001 x18=0x00000000
      157775000	     15678	80006f74	340bb973	csrrc	x18,mscratch,x23	 x23:0x00000000 x18=0xb40db01f
      157785000	     15679	80006f78	0221dc63	bge	x3,x2,80006fb0	  x3:0xc0010954  x2:0xbf7b5735
      157805000	     15681	80006fb0	e93e6b13	ori	x22,x28,-365	 x28:0x80021e34 x22=0xfffffeb7
      157815000	     15682	80006fb4	85f12d13	slti	x26,x2,-1953	  x2:0xbf7b5735 x26=0x00000001
      157825000	     15683	80006fb8	34061673	csrrw	x12,mscratch,x12	 x12:0x8bf146ae x12=0xb40db01f
      158195000	     15720	80006fbc	02766633	rem	x12,x12,x7	 x12:0xb40db01f  x7:0x80000000 x12=0xb40db01f
      158205000	     15721	80006fc0	003ce663	bltu	x25,x3,80006fcc	 x25:0x00000000  x3:0xc0010954
      158225000	     15723	80006fcc	401c58b3	sra	x17,x24,x1	 x24:0x00000008  x1:0x0000000f x17=0x00000000
      158235000	     15724	80006fd0	c17d2913	slti	x18,x26,-1001	 x26:0x00000001 x18=0x00000000
      158245000	     15725	80006fd4	616d	c.addi16sp	x2,240	  x2:0xbf7b5735  x2=0xbf7b5825
      158255000	     15726	80006fd6	fc4bff13	andi	x30,x23,-60	 x23:0x00000000 x30=0x00000000
      158265000	     15727	80006fda	340038f3	csrrc	x17,mscratch,x0	  x0:0x00000000 x17=0x8bf146ae
      158295000	     15730	80006fde	03870bb3	mul	x23,x14,x24	 x14:0x00000000 x24:0x00000008 x23=0x00000000
      158305000	     15731	80006fe2	8c1d	c.sub	x8,x15	  x8:0x00000000 x15:0x80025ce4  x8=0x7ffda31c
      158315000	     15732	80006fe4	bb1a3493	sltiu	x9,x20,-1103	 x20:0x00000000  x9=0x00000001
      158325000	     15733	80006fe8	8ce1	c.and	x9,x8	  x9:0x00000001  x8:0x7ffda31c  x9=0x00000000
      158335000	     15734	80006fea	a7433913	sltiu	x18,x6,-1420	  x6:0x25f8871e x18=0x00000001
      158345000	     15735	80006fee	00cb1b33	sll	x22,x22,x12	 x22:0xfffffeb7 x12:0xb40db01f x22=0x80000000
      158355000	     15736	80006ff2	614d	c.addi16sp	x2,176	  x2:0xbf7b5825  x2=0xbf7b58d5
      158365000	     15737	80006ff4	029fa613	slti	x12,x31,41	 x31:0x00000000 x12=0x00000001
      158375000	     15738	80006ff8	0d39	c.addi	x26,14	 x26:0x00000001 x26=0x0000000f
      158385000	     15739	80006ffa	5fd6fd93	andi	x27,x13,1533	 x13:0x007ef1f5 x27=0x000001f5
      158395000	     15740	80006ffe	835d	c.srli	x14,0x17	 x14:0x00000000 x14=0x00000000
      158405000	     15741	80007000	03c87163	bgeu	x16,x28,80007022	 x16:0x00000000 x28:0x80021e34
      158415000	     15742	80007004	6179	c.addi16sp	x2,464	  x2:0xbf7b58d5  x2=0xbf7b5aa5
      158425000	     15743	80007006	34089073	csrrw	x0,mscratch,x17	 x17:0x8bf146ae  x0=0x00000000
      158435000	     15744	8000700a	8e7d	c.and	x12,x15	 x12:0x00000001 x15:0x80025ce4 x12=0x00000000
      158445000	     15745	8000700c	405c7113	andi	x2,x24,1029	 x24:0x00000008  x2=0x00000000
      158455000	     15746	80007010	40c881b3	sub	x3,x17,x12	 x17:0x8bf146ae x12:0x00000000  x3=0x8bf146ae
      158465000	     15747	80007014	8de9	c.and	x11,x10	 x11:0x7fffffff x10:0x281004a8 x11=0x281004a8
      158475000	     15748	80007016	8aa9	c.andi	x13,10	 x13:0x007ef1f5 x13=0x00000000
      158485000	     15749	80007018	d4d5ec93	ori	x25,x11,-691	 x11:0x281004a8 x25=0xfffffded
      158495000	     15750	8000701c	0142	c.slli	x2,0x10	  x2:0x00000000  x2=0x00000000
      158525000	     15753	8000701e	02b088b3	mul	x17,x1,x11	  x1:0x0000000f x11:0x281004a8 x17=0x58f045d8
      158535000	     15754	80007022	fd75ff13	andi	x30,x11,-41	 x11:0x281004a8 x30=0x28100480
      158545000	     15755	80007026	82323c13	sltiu	x24,x4,-2013	  x4:0x0000000d x24=0x00000001
      158555000	     15756	8000702a	805e4d13	xori	x26,x28,-2043	 x28:0x80021e34 x26=0x7ffde631
      158565000	     15757	8000702e	002e0cb3	add	x25,x28,x2	 x28:0x80021e34  x2:0x00000000 x25=0x80021e34
      158935000	     15794	80007032	0315fd33	remu	x26,x11,x17	 x11:0x281004a8 x17:0x58f045d8 x26=0x281004a8
      158945000	     15795	80007036	fd180113	addi	x2,x16,-47	 x16:0x00000000  x2=0xffffffd1
      158955000	     15796	8000703a	e095	c.bnez	x9,8000705e	  x9:0x00000000
      158965000	     15797	8000703c	03278963	beq	x15,x18,8000706e	 x15:0x80025ce4 x18:0x00000001
      158975000	     15798	80007040	0052e233	or	x4,x5,x5	  x5:0x00010000  x5:0x00010000  x4=0x00010000
      158985000	     15799	80007044	01f65733	srl	x14,x12,x31	 x12:0x00000000 x31:0x00000000 x14=0x00000000
      158995000	     15800	80007048	0000100f	fence.i	
      159015000	     15802	8000704c	8cf1	c.and	x9,x12	  x9:0x00000000 x12:0x00000000  x9=0x00000000
      159025000	     15803	8000704e	0126fb63	bgeu	x13,x18,80007064	 x13:0x00000000 x18:0x00000001
      159035000	     15804	80007052	57324a93	xori	x21,x4,1395	  x4:0x00010000 x21=0x00010573
      159045000	     15805	80007056	0ff0000f	fence	iorw,iorw	
      159055000	     15806	8000705a	009c5463	bge	x24,x9,80007062	 x24:0x00000001  x9:0x00000000
      159075000	     15808	80007062	16fd	c.addi	x13,-1	 x13:0x00000000 x13=0xffffffff
      159115000	     15812	80007064	028a1033	mulh	x0,x20,x8	 x20:0x00000000  x8:0x7ffda31c  x0=0x00000000
      159125000	     15813	80007068	0535	c.addi	x10,13	 x10:0x281004a8 x10=0x281004b5
      159135000	     15814	8000706a	4100dbb3	sra	x23,x1,x16	  x1:0x0000000f x16:0x00000000 x23=0x0000000f
      159145000	     15815	8000706e	006d2133	slt	x2,x26,x6	 x26:0x281004a8  x6:0x25f8871e  x2=0x00000000
      159155000	     15816	80007072	8e79	c.and	x12,x14	 x12:0x00000000 x14:0x00000000 x12=0x00000000
      159165000	     15817	80007074	9c56	c.add	x24,x21	 x24:0x00000001 x21:0x00010573 x24=0x00010574
      159175000	     15818	80007076	1918	c.addi4spn	x14,x2,176	 x14=0x000000b0
      159185000	     15819	80007078	0fa74017	auipc	x0,0xfa74	  x0=0x00000000
      159195000	     15820	8000707c	0000100f	fence.i	
      159215000	     15822	80007080	0000100f	fence.i	
      159235000	     15824	80007084	01f4abb3	slt	x23,x9,x31	  x9:0x00000000 x31:0x00000000 x23=0x00000000
      159245000	     15825	80007088	e48d4737	lui	x14,0xe48d4	 x14=0xe48d4000
      159255000	     15826	8000708c	c999	c.beqz	x11,800070a2	 x11:0x281004a8
      159265000	     15827	8000708e	6d3cb093	sltiu	x1,x25,1747	 x25:0x80021e34  x1=0x00000000
      159275000	     15828	80007092	340d64f3	csrrsi	x9,mscratch,26	  x9=0x8bf146ae
      159285000	     15829	80007096	018edc33	srl	x24,x29,x24	 x29:0x00000001 x24:0x00010574 x24=0x00000000
      159325000	     15833	8000709a	022820b3	mulhsu	x1,x16,x2	 x16:0x00000000  x2:0x00000000  x1=0x00000000
      159335000	     15834	8000709e	ee89	c.bnez	x13,800070b8	 x13:0xffffffff
      159355000	     15836	800070b8	340bd673	csrrwi	x12,mscratch,23	 x12=0x8bf146be
      159725000	     15873	800070bc	02576a33	rem	x20,x14,x5	 x14:0xe48d4000  x5:0x00010000 x20=0xffff4000
      159735000	     15874	800070c0	340b5973	csrrwi	x18,mscratch,22	 x18=0x00000017
      159745000	     15875	800070c4	8f41	c.or	x14,x8	 x14:0xe48d4000  x8:0x7ffda31c x14=0xfffde31c
      159755000	     15876	800070c6	11fd	c.addi	x3,-1	  x3:0x8bf146ae  x3=0x8bf146ad
      159765000	     15877	800070c8	0001	c.addi	x0,0	  x0:0x00000000  x0=0x00000000
      159805000	     15881	800070ca	02fc32b3	mulhu	x5,x24,x15	 x24:0x00000000 x15:0x80025ce4  x5=0x00000000
      159845000	     15885	800070ce	034d9433	mulh	x8,x27,x20	 x27:0x000001f5 x20:0xffff4000  x8=0xffffffff
      159855000	     15886	800070d2	01c1f963	bgeu	x3,x28,800070e4	  x3:0x8bf146ad x28:0x80021e34
      159875000	     15888	800070e4	018751b3	srl	x3,x14,x24	 x14:0xfffde31c x24:0x00000000  x3=0xfffde31c
      160245000	     15925	800070e8	039cc433	div	x8,x25,x25	 x25:0x80021e34 x25:0x80021e34  x8=0x00000001
      160255000	     15926	800070ec	01f49533	sll	x10,x9,x31	  x9:0x8bf146ae x31:0x00000000 x10=0x8bf146ae
      160265000	     15927	800070f0	502d4f97	auipc	x31,0x502d4	 x31=0xd02db0f0
      160275000	     15928	800070f4	0000100f	fence.i	
      160295000	     15930	800070f8	01ff1d13	slli	x26,x30,0x1f	 x30:0x28100480 x26=0x00000000
      160305000	     15931	800070fc	814e	c.mv	x2,x19	  x0:0x00000000 x19:0x00078000  x2=0x00078000
      160315000	     15932	800070fe	21b9c997	auipc	x19,0x21b9c	 x19=0xa1ba30fe
      160325000	     15933	80007102	6aee6613	ori	x12,x28,1710	 x28:0x80021e34 x12=0x80021ebe
      160335000	     15934	80007106	8dc9	c.or	x11,x10	 x11:0x281004a8 x10:0x8bf146ae x11=0xabf146ae
      160705000	     15971	80007108	032048b3	div	x17,x0,x18	  x0:0x00000000 x18:0x00000017 x17=0x00000000
      160715000	     15972	8000710c	8c8d	c.sub	x9,x11	  x9:0x8bf146ae x11:0xabf146ae  x9=0xe0000000
      160725000	     15973	8000710e	1ee16713	ori	x14,x2,494	  x2:0x00078000 x14=0x000781ee
      160735000	     15974	80007112	018875b3	and	x11,x16,x24	 x16:0x00000000 x24:0x00000000 x11=0x00000000
      160745000	     15975	80007116	a145eb97	auipc	x23,0xa145e	 x23=0x21465116
      160775000	     15978	8000711a	02dc00b3	mul	x1,x24,x13	 x24:0x00000000 x13:0xffffffff  x1=0x00000000
      160785000	     15979	8000711e	340ea9f3	csrrs	x19,mscratch,x29	 x29:0x00000001 x19=0x00000016
      160795000	     15980	80007122	9b7d	c.andi	x14,-1	 x14:0x000781ee x14=0x000781ee
      160805000	     15981	80007124	805d	c.srli	x8,0x17	  x8:0x00000001  x8=0x00000000
      160815000	     15982	80007126	017d	c.addi	x2,31	  x2:0x00078000  x2=0x0007801f
      160825000	     15983	80007128	01793633	sltu	x12,x18,x23	 x18:0x00000017 x23:0x21465116 x12=0x00000001
      160835000	     15984	8000712c	02a21663	bne	x4,x10,80007158	  x4:0x00010000 x10:0x8bf146ae
      160855000	     15986	80007158	56fd	c.li	x13,-1	 x13=0xffffffff
      160865000	     15987	8000715a	40d15f93	srai	x31,x2,0xd	  x2:0x0007801f x31=0x0000003c
      160875000	     15988	8000715e	41a05e93	srai	x29,x0,0x1a	  x0:0x00000000 x29=0x00000000
      160915000	     15992	80007162	03639eb3	mulh	x29,x7,x22	  x7:0x80000000 x22:0x80000000 x29=0x40000000
      160925000	     15993	80007166	7227e893	ori	x17,x15,1826	 x15:0x80025ce4 x17=0x80025fe6
      160935000	     15994	8000716a	00d1bfb3	sltu	x31,x3,x13	  x3:0xfffde31c x13:0xffffffff x31=0x00000001
      160945000	     15995	8000716e	84d5	c.srai	x9,0x15	  x9:0xe0000000  x9=0xffffff00
      160955000	     15996	80007170	3406d1f3	csrrwi	x3,mscratch,13	  x3=0x00000017
      160995000	     16000	80007174	03493833	mulhu	x16,x18,x20	 x18:0x00000017 x20:0xffff4000 x16=0x00000016
      161365000	     16037	80007178	031c46b3	div	x13,x24,x17	 x24:0x00000000 x17:0x80025fe6 x13=0x00000000
      161735000	     16074	8000717c	0236e4b3	rem	x9,x13,x3	 x13:0x00000000  x3:0x00000017  x9=0x00000000
      161745000	     16075	80007180	6042d617	auipc	x12,0x6042d	 x12=0xe0434180
      161755000	     16076	80007184	919c3a13	sltiu	x20,x24,-1767	 x24:0x00000000 x20=0x00000001
      161765000	     16077	80007188	00d71bb3	sll	x23,x14,x13	 x14:0x000781ee x13:0x00000000 x23=0x000781ee
      161775000	     16078	8000718c	0342d863	bge	x5,x20,800071bc	  x5:0x00000000 x20:0x00000001
      161785000	     16079	80007190	340dd873	csrrwi	x16,mscratch,27	 x16=0x0000000d
      161795000	     16080	80007194	01fc76b3	and	x13,x24,x31	 x24:0x00000000 x31:0x00000001 x13=0x00000000
      161805000	     16081	80007198	0072d813	srli	x16,x5,0x7	  x5:0x00000000 x16=0x00000000
      161815000	     16082	8000719c	8e05	c.sub	x12,x9	 x12:0xe0434180  x9:0x00000000 x12=0xe0434180
      162185000	     16119	8000719e	0229feb3	remu	x29,x19,x2	 x19:0x00000016  x2:0x0007801f x29=0x00000016
      162195000	     16120	800071a2	0001	c.addi	x0,0	  x0:0x00000000  x0=0x00000000
      162205000	     16121	800071a4	8f75	c.and	x14,x13	 x14:0x000781ee x13:0x00000000 x14=0x00000000
      162215000	     16122	800071a6	34007273	csrrci	x4,mscratch,0	  x4=0x0000001b
      162225000	     16123	800071aa	016f1763	bne	x30,x22,800071b8	 x30:0x28100480 x22:0x80000000
      162245000	     16125	800071b8	41a785b3	sub	x11,x15,x26	 x15:0x80025ce4 x26:0x00000000 x11=0x80025ce4
      162255000	     16126	800071bc	340eb873	csrrc	x16,mscratch,x29	 x29:0x00000016 x16=0x0000001b
      162265000	     16127	800071c0	2cf82313	slti	x6,x16,719	 x16:0x0000001b  x6=0x00000001
      162275000	     16128	800071c4	8cd1	c.or	x9,x12	  x9:0x00000000 x12:0xe0434180  x9=0xe0434180
      162285000	     16129	800071c6	015d68b3	or	x17,x26,x21	 x26:0x00000000 x21:0x00010573 x17=0x00010573
      162295000	     16130	800071ca	0000100f	fence.i	
      162315000	     16132	800071ce	0001	c.addi	x0,0	  x0:0x00000000  x0=0x00000000
      162325000	     16133	800071d0	0170c2b3	xor	x5,x1,x23	  x1:0x00000000 x23:0x000781ee  x5=0x000781ee
      162335000	     16134	800071d4	ce85	c.beqz	x13,8000720c	 x13:0x00000000
      162355000	     16136	8000720c	ee956497	auipc	x9,0xee956	  x9=0x6e95d20c
      162365000	     16137	80007210	925f0013	addi	x0,x30,-1755	 x30:0x28100480  x0=0x00000000
      162375000	     16138	80007214	011b1893	slli	x17,x22,0x11	 x22:0x80000000 x17=0x00000000
      162385000	     16139	80007218	9486	c.add	x9,x1	  x9:0x6e95d20c  x1:0x00000000  x9=0x6e95d20c
      162395000	     16140	8000721a	019e	c.slli	x3,0x7	  x3:0x00000017  x3=0x00000b80
      162405000	     16141	8000721c	8a55	c.andi	x12,21	 x12:0xe0434180 x12=0x00000000
      162415000	     16142	8000721e	8e75	c.and	x12,x13	 x12:0x00000000 x13:0x00000000 x12=0x00000000
      162425000	     16143	80007220	8a1a	c.mv	x20,x6	  x0:0x00000000  x6:0x00000001 x20=0x00000001
      162435000	     16144	80007222	0000100f	fence.i	
      162465000	     16147	80007226	340c9bf3	csrrw	x23,mscratch,x25	 x25:0x80021e34 x23=0x00000009
      162475000	     16148	8000722a	41eedeb3	sra	x29,x29,x30	 x29:0x00000016 x30:0x28100480 x29=0x00000016
      162485000	     16149	8000722e	340d9df3	csrrw	x27,mscratch,x27	 x27:0x000001f5 x27=0x80021e34
      162495000	     16150	80007232	01255c93	srli	x25,x10,0x12	 x10:0x8bf146ae x25=0x000022fc
      162505000	     16151	80007236	34007073	csrrci	x0,mscratch,0	  x0=0x00000000
      162515000	     16152	8000723a	000dcf33	xor	x30,x27,x0	 x27:0x80021e34  x0:0x00000000 x30=0x80021e34
      162525000	     16153	8000723e	8c85	c.sub	x9,x9	  x9:0x6e95d20c  x9:0x6e95d20c  x9=0x00000000
      162535000	     16154	80007240	6149	c.addi16sp	x2,144	  x2:0x0007801f  x2=0x000780af
      162545000	     16155	80007242	00ce8333	add	x6,x29,x12	 x29:0x00000016 x12:0x00000000  x6=0x00000016
      162555000	     16156	80007246	04f29063	bne	x5,x15,80007286	  x5:0x000781ee x15:0x80025ce4
      162575000	     16158	80007286	5f7d	c.li	x30,-1	 x30=0xffffffff
      162585000	     16159	80007288	019ec833	xor	x16,x29,x25	 x29:0x00000016 x25:0x000022fc x16=0x000022ea
      162595000	     16160	8000728c	8cb9	c.xor	x9,x14	  x9:0x00000000 x14:0x00000000  x9=0x00000000
      162605000	     16161	8000728e	9ecc2413	slti	x8,x24,-1556	 x24:0x00000000  x8=0x00000000
      162615000	     16162	80007292	007d0f63	beq	x26,x7,800072b0	 x26:0x00000000  x7:0x80000000
      162625000	     16163	80007296	01a98c63	beq	x19,x26,800072ae	 x19:0x00000016 x26:0x00000000
      162635000	     16164	8000729a	03f08963	beq	x1,x31,800072cc	  x1:0x00000000 x31:0x00000001
      162645000	     16165	8000729e	008446b3	xor	x13,x8,x8	  x8:0x00000000  x8:0x00000000 x13=0x00000000
      162655000	     16166	800072a2	40b688b3	sub	x17,x13,x11	 x13:0x00000000 x11:0x80025ce4 x17=0x7ffda31c
      162665000	     16167	800072a6	34056cf3	csrrsi	x25,mscratch,10	 x25=0x000001f5
      162675000	     16168	800072aa	684bce97	auipc	x29,0x684bc	 x29=0xe84c32aa
      162685000	     16169	800072ae	0f08	c.addi4spn	x10,x2,912	 x10=0x0007843f
      162695000	     16170	800072b0	340cabf3	csrrs	x23,mscratch,x25	 x25:0x000001f5 x23=0x000001ff
      162705000	     16171	800072b4	cd7ba093	slti	x1,x23,-809	 x23:0x000001ff  x1=0x00000000
      162715000	     16172	800072b8	e199	c.bnez	x11,800072be	 x11:0x80025ce4
      162745000	     16175	800072be	011d9263	bne	x27,x17,800072c2	 x27:0x80021e34 x17:0x7ffda31c
      162765000	     16177	800072c2	9616	c.add	x12,x5	 x12:0x00000000  x5:0x000781ee x12=0x000781ee
      162775000	     16178	800072c4	00c51113	slli	x2,x10,0xc	 x10:0x0007843f  x2=0x7843f000
      163145000	     16215	800072c8	035ce0b3	rem	x1,x25,x21	 x25:0x000001f5 x21:0x00010573  x1=0x000001f5
      163155000	     16216	800072cc	0199dd33	srl	x26,x19,x25	 x19:0x00000016 x25:0x000001f5 x26=0x00000000
      163165000	     16217	800072d0	3403d873	csrrwi	x16,mscratch,7	 x16=0x000001ff
      163175000	     16218	800072d4	02748f63	beq	x9,x7,80007312	  x9:0x00000000  x7:0x80000000
      163545000	     16255	800072d8	0376f1b3	remu	x3,x13,x23	 x13:0x00000000 x23:0x000001ff  x3=0x00000000
      163555000	     16256	800072dc	34002973	csrrs	x18,mscratch,x0	  x0:0x00000000 x18=0x00000007
      163565000	     16257	800072e0	0645	c.addi	x12,17	 x12:0x000781ee x12=0x000781ff
      163575000	     16258	800072e2	0a98	c.addi4spn	x14,x2,336	 x14=0x7843f150
      163945000	     16295	800072e4	031c58b3	divu	x17,x24,x17	 x24:0x00000000 x17:0x7ffda31c x17=0x00000000
      163985000	     16299	800072e8	031619b3	mulh	x19,x12,x17	 x12:0x000781ff x17:0x00000000 x19=0x00000000
      163995000	     16300	800072ec	27026c13	ori	x24,x4,624	  x4:0x0000001b x24=0x0000027b
      164005000	     16301	800072f0	0ff0000f	fence	iorw,iorw	
      164015000	     16302	800072f4	806d	c.srli	x8,0x1b	  x8:0x00000000  x8=0x00000000
      164025000	     16303	800072f6	01986833	or	x16,x16,x25	 x16:0x000001ff x25:0x000001f5 x16=0x000001ff
      164395000	     16340	800072fa	02cf5533	divu	x10,x30,x12	 x30:0xffffffff x12:0x000781ff x10=0x00002219
      164405000	     16341	800072fe	340c7273	csrrci	x4,mscratch,24	  x4=0x00000007
      164415000	     16342	80007302	0ab6	c.slli	x21,0xd	 x21:0x00010573 x21=0x20ae6000
      164425000	     16343	80007304	883d	c.andi	x8,15	  x8:0x00000000  x8=0x00000000
      164435000	     16344	80007306	01029333	sll	x6,x5,x16	  x5:0x000781ee x16:0x000001ff  x6=0x00000000
      164475000	     16348	8000730a	027c98b3	mulh	x17,x25,x7	 x25:0x000001f5  x7:0x80000000 x17=0xffffff05
      164485000	     16349	8000730e	c5cd3a13	sltiu	x20,x26,-932	 x26:0x00000000 x20=0x00000001
      164495000	     16350	80007312	0457e063	bltu	x15,x5,80007352	 x15:0x80025ce4  x5:0x000781ee
      164505000	     16351	80007316	0ff0000f	fence	iorw,iorw	
      164515000	     16352	8000731a	340075f3	csrrci	x11,mscratch,0	 x11=0x00000007
      164525000	     16353	8000731e	9a8e	c.add	x21,x3	 x21:0x20ae6000  x3:0x00000000 x21=0x20ae6000
      164535000	     16354	80007320	003d6cb3	or	x25,x26,x3	 x26:0x00000000  x3:0x00000000 x25=0x00000000
      164545000	     16355	80007324	ef01	c.bnez	x14,8000733c	 x14:0x7843f150
      164925000	     16393	8000733c	037d5b33	divu	x22,x26,x23	 x26:0x00000000 x23:0x000001ff x22=0x00000000
      164935000	     16394	80007340	c489	c.beqz	x9,8000734a	  x9:0x00000000
      164955000	     16396	8000734a	8bba	c.mv	x23,x14	  x0:0x00000000 x14:0x7843f150 x23=0x7843f150
      164965000	     16397	8000734c	007a22b3	slt	x5,x20,x7	 x20:0x00000001  x7:0x80000000  x5=0x00000000
      164975000	     16398	80007350	9966	c.add	x18,x25	 x18:0x00000007 x25:0x00000000 x18=0x00000007
      164985000	     16399	80007352	19947293	andi	x5,x8,409	  x8:0x00000000  x5=0x00000000
      164995000	     16400	80007356	00b2acb3	slt	x25,x5,x11	  x5:0x00000000 x11:0x00000007 x25=0x00000001
      165005000	     16401	8000735a	00e95893	srli	x17,x18,0xe	 x18:0x00000007 x17=0x00000000
      165015000	     16402	8000735e	34071ef3	csrrw	x29,mscratch,x14	 x14:0x7843f150 x29=0x00000007
      165025000	     16403	80007362	0000100f	fence.i	
      165045000	     16405	80007366	8e69	c.and	x12,x10	 x12:0x000781ff x10:0x00002219 x12=0x00000019
      165055000	     16406	80007368	8ca1	c.xor	x9,x8	  x9:0x00000000  x8:0x00000000  x9=0x00000000
      165095000	     16410	8000736a	0297a2b3	mulhsu	x5,x15,x9	 x15:0x80025ce4  x9:0x00000000  x5=0x00000000
      165125000	     16413	8000736e	02d10433	mul	x8,x2,x13	  x2:0x7843f000 x13:0x00000000  x8=0x00000000
      165135000	     16414	80007372	002952b3	srl	x5,x18,x2	 x18:0x00000007  x2:0x7843f000  x5=0x00000007
      165145000	     16415	80007376	1e29ffb7	lui	x31,0x1e29f	 x31=0x1e29f000
      165155000	     16416	8000737a	040f1163	bne	x30,x0,800073bc	 x30:0xffffffff  x0:0x00000000
      165175000	     16418	800073bc	017c5863	bge	x24,x23,800073cc	 x24:0x0000027b x23:0x7843f150
      165185000	     16419	800073c0	960d2a93	slti	x21,x26,-1696	 x26:0x00000000 x21=0x00000000
      165195000	     16420	800073c4	40cada93	srai	x21,x21,0xc	 x21:0x00000000 x21=0x00000000
      165205000	     16421	800073c8	011b3833	sltu	x16,x22,x17	 x22:0x00000000 x17:0x00000000 x16=0x00000000
      165215000	     16422	800073cc	0000100f	fence.i	
      165235000	     16424	800073d0	167d	c.addi	x12,-1	 x12:0x00000019 x12=0x00000018
      165245000	     16425	800073d2	340be773	csrrsi	x14,mscratch,23	 x14=0x7843f150
      165255000	     16426	800073d6	8a86	c.mv	x21,x1	  x0:0x00000000  x1:0x000001f5 x21=0x000001f5
      165265000	     16427	800073d8	01e558b3	srl	x17,x10,x30	 x10:0x00002219 x30:0xffffffff x17=0x00000000
      165275000	     16428	800073dc	8d85	c.sub	x11,x9	 x11:0x00000007  x9:0x00000000 x11=0x00000007
      165285000	     16429	800073de	0000100f	fence.i	
      165315000	     16432	800073e2	f17ec593	xori	x11,x29,-233	 x29:0x00000007 x11=0xffffff10
      165325000	     16433	800073e6	413389b3	sub	x19,x7,x19	  x7:0x80000000 x19:0x00000000 x19=0x80000000
      165335000	     16434	800073ea	030b4363	blt	x22,x16,80007410	 x22:0x00000000 x16:0x00000000
      165345000	     16435	800073ee	01268963	beq	x13,x18,80007400	 x13:0x00000000 x18:0x00000007
      165355000	     16436	800073f2	94c2	c.add	x9,x16	  x9:0x00000000 x16:0x00000000  x9=0x00000000
      165365000	     16437	800073f4	8c0d	c.sub	x8,x11	  x8:0x00000000 x11:0xffffff10  x8=0x000000f0
      165375000	     16438	800073f6	cc2e89b7	lui	x19,0xcc2e8	 x19=0xcc2e8000
      165745000	     16475	800073fa	0212ff33	remu	x30,x5,x1	  x5:0x00000007  x1:0x000001f5 x30=0x00000007
      165755000	     16476	800073fe	1010	c.addi4spn	x12,x2,32	 x12=0x7843f020
      165765000	     16477	80007400	d959c5b7	lui	x11,0xd959c	 x11=0xd959c000
      165775000	     16478	80007404	3fbe1d97	auipc	x27,0x3fbe1	 x27=0xbfbe8404
      165785000	     16479	80007408	340029f3	csrrs	x19,mscratch,x0	  x0:0x00000000 x19=0x7843f157
      165795000	     16480	8000740c	0000100f	fence.i	
      165815000	     16482	80007410	00cd5b33	srl	x22,x26,x12	 x26:0x00000000 x12:0x7843f020 x22=0x00000000
      165825000	     16483	80007414	00001a93	slli	x21,x0,0x0	  x0:0x00000000 x21=0x00000000
      165835000	     16484	80007418	e20d	c.bnez	x12,8000743a	 x12:0x7843f020
      165865000	     16487	8000743a	012a9213	slli	x4,x21,0x12	 x21:0x00000000  x4=0x00000000
      165875000	     16488	8000743e	0001	c.addi	x0,0	  x0:0x00000000  x0=0x00000000
      165885000	     16489	80007440	34051273	csrrw	x4,mscratch,x10	 x10:0x00002219  x4=0x7843f157
      165895000	     16490	80007444	01da5e93	srli	x29,x20,0x1d	 x20:0x00000001 x29=0x00000000
      165905000	     16491	80007448	03606a63	bltu	x0,x22,8000747c	  x0:0x00000000 x22:0x00000000
      165915000	     16492	8000744c	34006373	csrrsi	x6,mscratch,0	  x6=0x00002219
      165925000	     16493	80007450	013d30b3	sltu	x1,x26,x19	 x26:0x00000000 x19:0x7843f157  x1=0x00000001
      165935000	     16494	80007454	005a1533	sll	x10,x20,x5	 x20:0x00000001  x5:0x00000007 x10=0x00000080
      165945000	     16495	80007458	0ff0000f	fence	iorw,iorw	
      165955000	     16496	8000745c	34019573	csrrw	x10,mscratch,x3	  x3:0x00000000 x10=0x00002219
      165995000	     16500	80007460	02d390b3	mulh	x1,x7,x13	  x7:0x80000000 x13:0x00000000  x1=0x00000000
      166005000	     16501	80007464	00431f33	sll	x30,x6,x4	  x6:0x00002219  x4:0x7843f157 x30=0x0c800000
      166015000	     16502	80007468	1b49b913	sltiu	x18,x19,436	 x19:0x7843f157 x18=0x00000000
      166025000	     16503	8000746c	0001abb3	slt	x23,x3,x0	  x3:0x00000000  x0:0x00000000 x23=0x00000000
      166035000	     16504	80007470	40f75eb3	sra	x29,x14,x15	 x14:0x7843f150 x15:0x80025ce4 x29=0x07843f15
      166045000	     16505	80007474	340b9c73	csrrw	x24,mscratch,x23	 x23:0x00000000 x24=0x00000000
      166055000	     16506	80007478	e915	c.bnez	x10,800074ac	 x10:0x00002219
      166075000	     16508	800074ac	01492cb3	slt	x25,x18,x20	 x18:0x00000000 x20:0x00000001 x25=0x00000001
      166085000	     16509	800074b0	00304033	xor	x0,x0,x3	  x0:0x00000000  x3:0x00000000  x0=0x00000000
      166095000	     16510	800074b4	8521	c.srai	x10,0x8	 x10:0x00002219 x10=0x00000022
      166105000	     16511	800074b6	016bd263	bge	x23,x22,800074ba	 x23:0x00000000 x22:0x00000000
      166165000	     16517	800074ba	02239d33	mulh	x26,x7,x2	  x7:0x80000000  x2:0x7843f000 x26=0xc3de0800
      166175000	     16518	800074be	34007ef3	csrrci	x29,mscratch,0	 x29=0x00000000
      166205000	     16521	800074c2	02010ab3	mul	x21,x2,x0	  x2:0x7843f000  x0:0x00000000 x21=0x00000000
      166215000	     16522	800074c6	0001	c.addi	x0,0	  x0:0x00000000  x0=0x00000000
      166225000	     16523	800074c8	0064c0b3	xor	x1,x9,x6	  x9:0x00000000  x6:0x00002219  x1=0x00002219
      166235000	     16524	800074cc	28c77993	andi	x19,x14,652	 x14:0x7843f150 x19=0x00000000
      166245000	     16525	800074d0	822d	c.srli	x12,0xb	 x12:0x7843f020 x12=0x000f087e
      166255000	     16526	800074d2	6b41	c.lui	x22,0x10	 x22=0x00010000
      166625000	     16563	800074d4	02f0efb3	rem	x31,x1,x15	  x1:0x00002219 x15:0x80025ce4 x31=0x00002219
      166645000	     16565	800074d8	035d4833	div	x16,x26,x21	 x26:0xc3de0800 x21:0x00000000 x16=0xffffffff
      166655000	     16566	800074dc	012f3233	sltu	x4,x30,x18	 x30:0x0c800000 x18:0x00000000  x4=0x00000000
      166665000	     16567	800074e0	00619013	slli	x0,x3,0x6	  x3:0x00000000  x0=0x00000000
      166675000	     16568	800074e4	85a9	c.srai	x11,0xa	 x11:0xd959c000 x11=0xfff65670
      166685000	     16569	800074e6	008c5013	srli	x0,x24,0x8	 x24:0x00000000  x0=0x00000000
      166695000	     16570	800074ea	01a15bb3	srl	x23,x2,x26	  x2:0x7843f000 x26:0xc3de0800 x23=0x7843f000
      166705000	     16571	800074ee	340028f3	csrrs	x17,mscratch,x0	  x0:0x00000000 x17=0x00000000
      166715000	     16572	800074f2	1694	c.addi4spn	x13,x2,864	 x13=0x7843f360
      166725000	     16573	800074f4	00239b63	bne	x7,x2,8000750a	  x7:0x80000000  x2:0x7843f000
      166785000	     16579	8000750a	035f1733	mulh	x14,x30,x21	 x30:0x0c800000 x21:0x00000000 x14=0x00000000
      166795000	     16580	8000750e	0ff0000f	fence	iorw,iorw	
      166805000	     16581	80007512	7949c613	xori	x12,x19,1940	 x19:0x00000000 x12=0x00000794
      166815000	     16582	80007516	8c4d	c.or	x8,x11	  x8:0x000000f0 x11:0xfff65670  x8=0xfff656f0
      166825000	     16583	80007518	026a	c.slli	x4,0x1a	  x4:0x00000000  x4=0x00000000
      166835000	     16584	8000751a	81c9	c.srli	x11,0x12	 x11:0xfff65670 x11=0x00003ffd
      166845000	     16585	8000751c	01d14263	blt	x2,x29,80007520	  x2:0x7843f000 x29:0x00000000
      166855000	     16586	80007520	340956f3	csrrwi	x13,mscratch,18	 x13=0x00000000
      166895000	     16590	80007524	0319b233	mulhu	x4,x19,x17	 x19:0x00000000 x17:0x00000000  x4=0x00000000
      166905000	     16591	80007528	012bd313	srli	x6,x23,0x12	 x23:0x7843f000  x6=0x00001e10
      166915000	     16592	8000752c	05ebe163	bltu	x23,x30,8000756e	 x23:0x7843f000 x30:0x0c800000
      166925000	     16593	80007530	0905	c.addi	x18,1	 x18:0x00000000 x18=0x00000001
      166935000	     16594	80007532	000a7bb3	and	x23,x20,x0	 x20:0x00000001  x0:0x00000000 x23=0x00000000
      166975000	     16598	80007536	024aa4b3	mulhsu	x9,x21,x4	 x21:0x00000000  x4:0x00000000  x9=0x00000000
      166985000	     16599	8000753a	00c36a33	or	x20,x6,x12	  x6:0x00001e10 x12:0x00000794 x20=0x00001f94
      167025000	     16603	8000753e	0323afb3	mulhsu	x31,x7,x18	  x7:0x80000000 x18:0x00000001 x31=0xffffffff
      167035000	     16604	80007542	16400593	addi	x11,x0,356	  x0:0x00000000 x11=0x00000164
      167045000	     16605	80007546	34007b73	csrrci	x22,mscratch,0	 x22=0x00000012
      167055000	     16606	8000754a	177d	c.addi	x14,-1	 x14:0x00000000 x14=0xffffffff
      167065000	     16607	8000754c	3408b673	csrrc	x12,mscratch,x17	 x17:0x00000000 x12=0x00000012
      167075000	     16608	80007550	03986363	bltu	x16,x25,80007576	 x16:0xffffffff x25:0x00000001
      167085000	     16609	80007554	1cadfc13	andi	x24,x27,458	 x27:0xbfbe8404 x24=0x00000000
      167095000	     16610	80007558	4c3d	c.li	x24,15	 x24=0x0000000f
      167105000	     16611	8000755a	22fd0293	addi	x5,x26,559	 x26:0xc3de0800  x5=0xc3de0a2f
      167115000	     16612	8000755e	5f4d8c93	addi	x25,x27,1524	 x27:0xbfbe8404 x25=0xbfbe89f8
      167125000	     16613	80007562	03260a63	beq	x12,x18,80007596	 x12:0x00000012 x18:0x00000001
      167135000	     16614	80007566	fcc5e437	lui	x8,0xfcc5e	  x8=0xfcc5e000
      167145000	     16615	8000756a	4156dab3	sra	x21,x13,x21	 x13:0x00000000 x21:0x00000000 x21=0x00000000
      167155000	     16616	8000756e	6aa85ab7	lui	x21,0x6aa85	 x21=0x6aa85000
      167195000	     16620	80007572	030c3cb3	mulhu	x25,x24,x16	 x24:0x0000000f x16:0xffffffff x25=0x0000000e
      167205000	     16621	80007576	0026ccb3	xor	x25,x13,x2	 x13:0x00000000  x2:0x7843f000 x25=0x7843f000
      167215000	     16622	8000757a	06aa	c.slli	x13,0xa	 x13:0x00000000 x13=0x00000000
      167255000	     16626	8000757c	020511b3	mulh	x3,x10,x0	 x10:0x00000022  x0:0x00000000  x3=0x00000000
      167265000	     16627	80007580	8d49	c.or	x10,x10	 x10:0x00000022 x10:0x00000022 x10=0x00000022
      167275000	     16628	80007582	c79c8f93	addi	x31,x25,-903	 x25:0x7843f000 x31=0x7843ec79
      167295000	     16630	80007586	033651b3	divu	x3,x12,x19	 x12:0x00000012 x19:0x00000000  x3=0xffffffff
      167305000	     16631	8000758a	34071f73	csrrw	x30,mscratch,x14	 x14:0xffffffff x30=0x00000012
      167315000	     16632	8000758e	00857db3	and	x27,x10,x8	 x10:0x00000022  x8:0xfcc5e000 x27=0x00000000
      167325000	     16633	80007592	03c7ef63	bltu	x15,x28,800075d0	 x15:0x80025ce4 x28:0x80021e34
      167335000	     16634	80007596	03f31663	bne	x6,x31,800075c2	  x6:0x00001e10 x31:0x7843ec79
      167355000	     16636	800075c2	cd81	c.beqz	x11,800075da	 x11:0x00000164
      167725000	     16673	800075c4	02ea6033	rem	x0,x20,x14	 x20:0x00001f94 x14:0xffffffff  x0=0x00000000
      167735000	     16674	800075c8	c501	c.beqz	x10,800075d0	 x10:0x00000022
      167745000	     16675	800075ca	78460513	addi	x10,x12,1924	 x12:0x00000012 x10=0x00000796
      167755000	     16676	800075ce	62b9	c.lui	x5,0xe	  x5=0x0000e000
      167765000	     16677	800075d0	7f6a66b7	lui	x13,0x7f6a6	 x13=0x7f6a6000
      167775000	     16678	800075d4	01c25f33	srl	x30,x4,x28	  x4:0x00000000 x28:0x80021e34 x30=0x00000000
      167785000	     16679	800075d8	5bfd	c.li	x23,-1	 x23=0xffffffff
      167795000	     16680	800075da	0ff0000f	fence	iorw,iorw	
      167805000	     16681	800075de	3404f6f3	csrrci	x13,mscratch,9	 x13=0xffffffff
      167845000	     16685	800075e2	02c2b033	mulhu	x0,x5,x12	  x5:0x0000e000 x12:0x00000012  x0=0x00000000
      167855000	     16686	800075e6	00c69fb3	sll	x31,x13,x12	 x13:0xffffffff x12:0x00000012 x31=0xfffc0000
      167865000	     16687	800075ea	0124a1b3	slt	x3,x9,x18	  x9:0x00000000 x18:0x00000001  x3=0x00000001
      167875000	     16688	800075ee	0001	c.addi	x0,0	  x0:0x00000000  x0=0x00000000
      167885000	     16689	800075f0	66bd	c.lui	x13,0xf	 x13=0x0000f000
      167895000	     16690	800075f2	011dadb3	slt	x27,x27,x17	 x27:0x00000000 x17:0x00000000 x27=0x00000000
      167905000	     16691	800075f6	006b0eb3	add	x29,x22,x6	 x22:0x00000012  x6:0x00001e10 x29=0x00001e22
      167915000	     16692	800075fa	8999	c.andi	x11,6	 x11:0x00000164 x11=0x00000004
      167925000	     16693	800075fc	00821863	bne	x4,x8,8000760c	  x4:0x00000000  x8:0xfcc5e000
      167945000	     16695	8000760c	0984	c.addi4spn	x9,x2,208	  x9=0x7843f0d0
      167955000	     16696	8000760e	6b31	c.lui	x22,0xc	 x22=0x0000c000
      167965000	     16697	80007610	1f18	c.addi4spn	x14,x2,944	 x14=0x7843f3b0
      168005000	     16701	80007612	03bc1733	mulh	x14,x24,x27	 x24:0x0000000f x27:0x00000000 x14=0x00000000
      168015000	     16702	80007616	eb05	c.bnez	x14,80007646	 x14:0x00000000
      168025000	     16703	80007618	340076f3	csrrci	x13,mscratch,0	 x13=0xfffffff6
      168035000	     16704	8000761c	340021f3	csrrs	x3,mscratch,x0	  x0:0x00000000  x3=0xfffffff6
      168045000	     16705	80007620	8d06	c.mv	x26,x1	  x0:0x00000000  x1:0x00002219 x26=0x00002219
      168055000	     16706	80007622	00faf463	bgeu	x21,x15,8000762a	 x21:0x6aa85000 x15:0x80025ce4
      168425000	     16743	80007626	03cd5133	divu	x2,x26,x28	 x26:0x00002219 x28:0x80021e34  x2=0x00000000
      168435000	     16744	8000762a	0175	c.addi	x2,29	  x2:0x00000000  x2=0x0000001d
      168445000	     16745	8000762c	412e5593	srai	x11,x28,0x12	 x28:0x80021e34 x11=0xffffe000
      168455000	     16746	80007630	982a	c.add	x16,x10	 x16:0xffffffff x10:0x00000796 x16=0x00000795
      168465000	     16747	80007632	9b3e	c.add	x22,x15	 x22:0x0000c000 x15:0x80025ce4 x22=0x80031ce4
      168475000	     16748	80007634	007b3133	sltu	x2,x22,x7	 x22:0x80031ce4  x7:0x80000000  x2=0x00000000
      168485000	     16749	80007638	8c59	c.or	x8,x14	  x8:0xfcc5e000 x14:0x00000000  x8=0xfcc5e000
      168495000	     16750	8000763a	ea481817	auipc	x16,0xea481	 x16=0x6a48863a
      168505000	     16751	8000763e	00d01963	bne	x0,x13,80007650	  x0:0x00000000 x13:0xfffffff6
      168525000	     16753	80007650	87f4b493	sltiu	x9,x9,-1921	  x9:0x7843f0d0  x9=0x00000001
      168535000	     16754	80007654	00e45933	srl	x18,x8,x14	  x8:0xfcc5e000 x14:0x00000000 x18=0xfcc5e000
      168545000	     16755	80007658	017d49b3	xor	x19,x26,x23	 x26:0x00002219 x23:0xffffffff x19=0xffffdde6
      168555000	     16756	8000765c	009a1a93	slli	x21,x20,0x9	 x20:0x00001f94 x21=0x003f2800
      168565000	     16757	80007660	005d6333	or	x6,x26,x5	 x26:0x00002219  x5:0x0000e000  x6=0x0000e219
      168935000	     16794	80007664	03c1e333	rem	x6,x3,x28	  x3:0xfffffff6 x28:0x80021e34  x6=0xfffffff6
      168945000	     16795	80007668	000f1633	sll	x12,x30,x0	 x30:0x00000000  x0:0x00000000 x12=0x00000000
      168985000	     16799	8000766c	029cbb33	mulhu	x22,x25,x9	 x25:0x7843f000  x9:0x00000001 x22=0x00000000
      168995000	     16800	80007670	010c3bb3	sltu	x23,x24,x16	 x24:0x0000000f x16:0x6a48863a x23=0x00000001
      169005000	     16801	80007674	0996	c.slli	x19,0x5	 x19:0xffffdde6 x19=0xfffbbcc0
      169015000	     16802	80007676	00bb7ab3	and	x21,x22,x11	 x22:0x00000000 x11:0xffffe000 x21=0x00000000
      169025000	     16803	8000767a	c319	c.beqz	x14,80007680	 x14:0x00000000
      169045000	     16805	80007680	34061b73	csrrw	x22,mscratch,x12	 x12:0x00000000 x22=0xfffffff6
      169055000	     16806	80007684	7ee17313	andi	x6,x2,2030	  x2:0x00000000  x6=0x00000000
      169065000	     16807	80007688	006292b3	sll	x5,x5,x6	  x5:0x0000e000  x6:0x00000000  x5=0x0000e000
      169075000	     16808	8000768c	64d5	c.lui	x9,0x15	  x9=0x00015000
      169085000	     16809	8000768e	00f55e93	srli	x29,x10,0xf	 x10:0x00000796 x29=0x00000000
      169105000	     16811	80007692	02c6e733	rem	x14,x13,x12	 x13:0xfffffff6 x12:0x00000000 x14=0xfffffff6
      169115000	     16812	80007696	12163293	sltiu	x5,x12,289	 x12:0x00000000  x5=0x00000001
      169125000	     16813	8000769a	677d	c.lui	x14,0x1f	 x14=0x0001f000
      169135000	     16814	8000769c	8ca1	c.xor	x9,x8	  x9:0x00015000  x8:0xfcc5e000  x9=0xfcc4b000
      169145000	     16815	8000769e	41455833	sra	x16,x10,x20	 x10:0x00000796 x20:0x00001f94 x16=0x00000000
      169155000	     16816	800076a2	6965	c.lui	x18,0x19	 x18=0x00019000
      169165000	     16817	800076a4	03d56663	bltu	x10,x29,800076d0	 x10:0x00000796 x29:0x00000000
      169175000	     16818	800076a8	e295	c.bnez	x13,800076cc	 x13:0xfffffff6
      169195000	     16820	800076cc	0003feb3	and	x29,x7,x0	  x7:0x80000000  x0:0x00000000 x29=0x00000000
      169225000	     16823	800076d0	02b68933	mul	x18,x13,x11	 x13:0xfffffff6 x11:0xffffe000 x18=0x00014000
      169235000	     16824	800076d4	00bce9b3	or	x19,x25,x11	 x25:0x7843f000 x11:0xffffe000 x19=0xfffff000
      169245000	     16825	800076d8	717d	c.addi16sp	x2,-16	  x2:0x00000000  x2=0xfffffff0
      169285000	     16829	800076da	02c5adb3	mulhsu	x27,x11,x12	 x11:0xffffe000 x12:0x00000000 x27=0x00000000
      169305000	     16831	800076de	020975b3	remu	x11,x18,x0	 x18:0x00014000  x0:0x00000000 x11=0x00014000
      169315000	     16832	800076e2	0b15	c.addi	x22,5	 x22:0xfffffff6 x22=0xfffffffb
      169325000	     16833	800076e4	00b6	c.slli	x1,0xd	  x1:0x00002219  x1=0x04432000
      169335000	     16834	800076e6	00dccf33	xor	x30,x25,x13	 x25:0x7843f000 x13:0xfffffff6 x30=0x87bc0ff6
      169345000	     16835	800076ea	07d91363	bne	x18,x29,80007750	 x18:0x00014000 x29:0x00000000
      169365000	     16837	80007750	01226c63	bltu	x4,x18,80007768	  x4:0x00000000 x18:0x00014000
      169745000	     16875	80007768	032d5b33	divu	x22,x26,x18	 x26:0x00002219 x18:0x00014000 x22=0x00000000
      169755000	     16876	8000776c	340b7ef3	csrrci	x29,mscratch,22	 x29=0x00000000
      169765000	     16877	80007770	8275	c.srli	x12,0x1d	 x12:0x00000000 x12=0x00000000
      169775000	     16878	80007772	019f1b13	slli	x22,x30,0x19	 x30:0x87bc0ff6 x22=0xec000000
      169815000	     16882	80007776	03ef2633	mulhsu	x12,x30,x30	 x30:0x87bc0ff6 x30:0x87bc0ff6 x12=0xc03bd306
      169825000	     16883	8000777a	01d65813	srli	x16,x12,0x1d	 x12:0xc03bd306 x16=0x00000006
      169835000	     16884	8000777e	00fd6963	bltu	x26,x15,80007790	 x26:0x00002219 x15:0x80025ce4
      169855000	     16886	80007790	41a3d0b3	sra	x1,x7,x26	  x7:0x80000000 x26:0x00002219  x1=0xffffffc0
      169865000	     16887	80007794	3400dff3	csrrwi	x31,mscratch,1	 x31=0x00000000
      169875000	     16888	80007798	004c2233	slt	x4,x24,x4	 x24:0x0000000f  x4:0x00000000  x4=0x00000000
      169885000	     16889	8000779c	61c5	c.lui	x3,0x11	  x3=0x00011000
      169895000	     16890	8000779e	41325f93	srai	x31,x4,0x13	  x4:0x00000000 x31=0x00000000
      169905000	     16891	800077a2	04e50363	beq	x10,x14,800077e8	 x10:0x00000796 x14:0x0001f000
      169915000	     16892	800077a6	005ab633	sltu	x12,x21,x5	 x21:0x00000000  x5:0x00000001 x12=0x00000001
      169925000	     16893	800077aa	8a01	c.andi	x12,0	 x12:0x00000001 x12=0x00000000
      169955000	     16896	800077ac	03250c33	mul	x24,x10,x18	 x10:0x00000796 x18:0x00014000 x24=0x097b8000
      169965000	     16897	800077b0	e261f213	andi	x4,x3,-474	  x3:0x00011000  x4=0x00011000
      169975000	     16898	800077b4	8a71	c.andi	x12,28	 x12:0x00000000 x12=0x00000000
      169985000	     16899	800077b6	0d5d	c.addi	x26,23	 x26:0x00002219 x26=0x00002230
      169995000	     16900	800077b8	8f49	c.or	x14,x10	 x14:0x0001f000 x10:0x00000796 x14=0x0001f796
      170005000	     16901	800077ba	34003373	csrrc	x6,mscratch,x0	  x0:0x00000000  x6=0x00000001
      170015000	     16902	800077be	01d65db3	srl	x27,x12,x29	 x12:0x00000000 x29:0x00000000 x27=0x00000000
      170025000	     16903	800077c2	0009d213	srli	x4,x19,0x0	 x19:0xfffff000  x4=0xfffff000
      170035000	     16904	800077c6	0357ea63	bltu	x15,x21,800077fa	 x15:0x80025ce4 x21:0x00000000
      170045000	     16905	800077ca	351dcf93	xori	x31,x27,849	 x27:0x00000000 x31=0x00000351
      170055000	     16906	800077ce	666d	c.lui	x12,0x1b	 x12=0x0001b000
      170065000	     16907	800077d0	038a5263	bge	x20,x24,800077f4	 x20:0x00001f94 x24:0x097b8000
      170075000	     16908	800077d4	0055ff33	and	x30,x11,x5	 x11:0x00014000  x5:0x00000001 x30=0x00000000
      170085000	     16909	800077d8	40a206b3	sub	x13,x4,x10	  x4:0xfffff000 x10:0x00000796 x13=0xffffe86a
      170095000	     16910	800077dc	c2803b93	sltiu	x23,x0,-984	  x0:0x00000000 x23=0x00000001
      170105000	     16911	800077e0	9337b913	sltiu	x18,x15,-1741	 x15:0x80025ce4 x18=0x00000001
      170115000	     16912	800077e4	34003f73	csrrc	x30,mscratch,x0	  x0:0x00000000 x30=0x00000001
      170125000	     16913	800077e8	8d79	c.and	x10,x14	 x10:0x00000796 x14:0x0001f796 x10=0x00000796
      170135000	     16914	800077ea	20e46593	ori	x11,x8,526	  x8:0xfcc5e000 x11=0xfcc5e20e
      170145000	     16915	800077ee	8a7a	c.mv	x20,x30	  x0:0x00000000 x30:0x00000001 x20=0x00000001
      170515000	     16952	800077f0	02a3d333	divu	x6,x7,x10	  x7:0x80000000 x10:0x00000796  x6=0x0010df92
      170525000	     16953	800077f4	019b7a63	bgeu	x22,x25,80007808	 x22:0xec000000 x25:0x7843f000
      170545000	     16955	80007808	01ed2fb3	slt	x31,x26,x30	 x26:0x00002230 x30:0x00000001 x31=0x00000000
      170555000	     16956	8000780c	00791c13	slli	x24,x18,0x7	 x18:0x00000001 x24=0x00000080
      170565000	     16957	80007810	03888763	beq	x17,x24,8000783e	 x17:0x00000000 x24:0x00000080
      170575000	     16958	80007814	01dc16b3	sll	x13,x24,x29	 x24:0x00000080 x29:0x00000000 x13=0x00000080
      170585000	     16959	80007818	6b0d	c.lui	x22,0x3	 x22=0x00003000
      170595000	     16960	8000781a	013bd263	bge	x23,x19,8000781e	 x23:0x00000001 x19:0xfffff000
      170625000	     16963	8000781e	01431093	slli	x1,x6,0x14	  x6:0x0010df92  x1=0xf9200000
      170635000	     16964	80007822	02296d63	bltu	x18,x2,8000785c	 x18:0x00000001  x2:0xfffffff0
      170655000	     16966	8000785c	8ec5	c.or	x13,x9	 x13:0x00000080  x9:0xfcc4b000 x13=0xfcc4b080
      170665000	     16967	8000785e	e601	c.bnez	x12,80007866	 x12:0x0001b000
      170685000	     16969	80007866	c0b9	c.beqz	x9,800078ac	  x9:0xfcc4b000
      170695000	     16970	80007868	017cd9b3	srl	x19,x25,x23	 x25:0x7843f000 x23:0x00000001 x19=0x3c21f800
      170705000	     16971	8000786c	b428b493	sltiu	x9,x17,-1214	 x17:0x00000000  x9=0x00000001
      170715000	     16972	80007870	0ff0000f	fence	iorw,iorw	
      170725000	     16973	80007874	59363613	sltiu	x12,x12,1427	 x12:0x0001b000 x12=0x00000000
      170735000	     16974	80007878	e219	c.bnez	x12,8000787e	 x12:0x00000000
      170745000	     16975	8000787a	00791693	slli	x13,x18,0x7	 x18:0x00000001 x13=0x00000080
      170755000	     16976	8000787e	01fb70b3	and	x1,x22,x31	 x22:0x00003000 x31:0x00000000  x1=0x00000000
      170765000	     16977	80007882	41e1ddb3	sra	x27,x3,x30	  x3:0x00011000 x30:0x00000001 x27=0x00008800
      170775000	     16978	80007886	3401d673	csrrwi	x12,mscratch,3	 x12=0x00000001
      171145000	     17015	8000788a	02c3eb33	rem	x22,x7,x12	  x7:0x80000000 x12:0x00000001 x22=0x00000000
      171155000	     17016	8000788e	01b7d413	srli	x8,x15,0x1b	 x15:0x80025ce4  x8=0x00000010
      171165000	     17017	80007892	03b85163	bge	x16,x27,800078b4	 x16:0x00000006 x27:0x00008800
      171175000	     17018	80007896	1b7d	c.addi	x22,-1	 x22:0x00000000 x22=0xffffffff
      171185000	     17019	80007898	835b1517	auipc	x10,0x835b1	 x10=0x035b8898
      171195000	     17020	8000789c	34006373	csrrsi	x6,mscratch,0	  x6=0x00000003
      171205000	     17021	800078a0	08d17893	andi	x17,x2,141	  x2:0xfffffff0 x17=0x00000080
      171215000	     17022	800078a4	338b0313	addi	x6,x22,824	 x22:0xffffffff  x6=0x00000337
      171225000	     17023	800078a8	8dad	c.xor	x11,x11	 x11:0xfcc5e20e x11:0xfcc5e20e x11=0x00000000
      171235000	     17024	800078aa	4f6d	c.li	x30,27	 x30=0x0000001b
      171245000	     17025	800078ac	0000100f	fence.i	
      171265000	     17027	800078b0	da1a2093	slti	x1,x20,-607	 x20:0x00000001  x1=0x00000000
      171275000	     17028	800078b4	8d49	c.or	x10,x10	 x10:0x035b8898 x10:0x035b8898 x10=0x035b8898
      171285000	     17029	800078b6	0150b533	sltu	x10,x1,x21	  x1:0x00000000 x21:0x00000000 x10=0x00000000
      171295000	     17030	800078ba	1708	c.addi4spn	x10,x2,928	 x10=0x00000390
      171665000	     17067	800078bc	03e74c33	div	x24,x14,x30	 x14:0x0001f796 x30:0x0000001b x24=0x000012a6
      171675000	     17068	800078c0	72d2be93	sltiu	x29,x5,1837	  x5:0x00000001 x29=0x00000001
      171685000	     17069	800078c4	004c2833	slt	x16,x24,x4	 x24:0x000012a6  x4:0xfffff000 x16=0x00000000
      171695000	     17070	800078c8	812d	c.srli	x10,0xb	 x10:0x00000390 x10=0x00000000
      171705000	     17071	800078ca	418f8b33	sub	x22,x31,x24	 x31:0x00000000 x24:0x000012a6 x22=0xffffed5a
      171715000	     17072	800078ce	00165a93	srli	x21,x12,0x1	 x12:0x00000001 x21=0x00000000
      171725000	     17073	800078d2	60b1	c.lui	x1,0xc	  x1=0x0000c000
      171735000	     17074	800078d4	00fde363	bltu	x27,x15,800078da	 x27:0x00008800 x15:0x80025ce4
      171765000	     17077	800078da	00799963	bne	x19,x7,800078ec	 x19:0x3c21f800  x7:0x80000000
      171785000	     17079	800078ec	0784	c.addi4spn	x9,x2,960	  x9=0x000003b0
      171795000	     17080	800078ee	41c15833	sra	x16,x2,x28	  x2:0xfffffff0 x28:0x80021e34 x16=0xffffffff
      171825000	     17083	800078f2	02bc8ab3	mul	x21,x25,x11	 x25:0x7843f000 x11:0x00000000 x21=0x00000000
      171835000	     17084	800078f6	8e1d	c.sub	x12,x15	 x12:0x00000001 x15:0x80025ce4 x12=0x7ffda31d
      171845000	     17085	800078f8	717d	c.addi16sp	x2,-16	  x2:0xfffffff0  x2=0xffffffe0
      171855000	     17086	800078fa	8079	c.srli	x8,0x1e	  x8:0x00000010  x8=0x00000000
      171865000	     17087	800078fc	81c5	c.srli	x11,0x11	 x11:0x00000000 x11=0x00000000
      171875000	     17088	800078fe	0d8df513	andi	x10,x27,216	 x27:0x00008800 x10=0x00000000
      171885000	     17089	80007902	5d2cf513	andi	x10,x25,1490	 x25:0x7843f000 x10=0x00000000
      171895000	     17090	80007906	40a5d0b3	sra	x1,x11,x10	 x11:0x00000000 x10:0x00000000  x1=0x00000000
      171905000	     17091	8000790a	34003273	csrrc	x4,mscratch,x0	  x0:0x00000000  x4=0x00000003
      171915000	     17092	8000790e	80fd	c.srli	x9,0x1f	  x9:0x000003b0  x9=0x00000000
      171925000	     17093	80007910	02b6e663	bltu	x13,x11,8000793c	 x13:0x00000080 x11:0x00000000
      171945000	     17095	80007914	02004333	div	x6,x0,x0	  x0:0x00000000  x0:0x00000000  x6=0xffffffff
      171955000	     17096	80007918	34016573	csrrsi	x10,mscratch,2	 x10=0x00000003
      171965000	     17097	8000791c	34003df3	csrrc	x27,mscratch,x0	  x0:0x00000000 x27=0x00000003
      171975000	     17098	80007920	cc89	c.beqz	x9,8000793a	  x9:0x00000000
      171995000	     17100	8000793a	8f6d	c.and	x14,x11	 x14:0x0001f796 x11:0x00000000 x14=0x00000000
      172005000	     17101	8000793c	00d6d5b3	srl	x11,x13,x13	 x13:0x00000080 x13:0x00000080 x11=0x00000080
      172015000	     17102	80007940	0001	c.addi	x0,0	  x0:0x00000000  x0=0x00000000
      172025000	     17103	80007942	717d	c.addi16sp	x2,-16	  x2:0xffffffe0  x2=0xffffffd0
      172035000	     17104	80007944	0044dd33	srl	x26,x9,x4	  x9:0x00000000  x4:0x00000003 x26=0x00000000
      172405000	     17141	80007948	039b4a33	div	x20,x22,x25	 x22:0xffffed5a x25:0x7843f000 x20=0x00000000
      172415000	     17142	8000794c	88f5b093	sltiu	x1,x11,-1905	 x11:0x00000080  x1=0x00000001
      172425000	     17143	80007950	01f7c863	blt	x15,x31,80007960	 x15:0x80025ce4 x31:0x00000000
      172445000	     17145	80007960	34051cf3	csrrw	x25,mscratch,x10	 x10:0x00000003 x25=0x00000003
      172815000	     17182	80007964	0218c4b3	div	x9,x17,x1	 x17:0x00000080  x1:0x00000001  x9=0x00000080
      172825000	     17183	80007968	34006ef3	csrrsi	x29,mscratch,0	 x29=0x00000003
      172835000	     17184	8000796c	011af533	and	x10,x21,x17	 x21:0x00000000 x17:0x00000080 x10=0x00000000
      172845000	     17185	80007970	340029f3	csrrs	x19,mscratch,x0	  x0:0x00000000 x19=0x00000003
      172855000	     17186	80007974	1a00	c.addi4spn	x8,x2,304	  x8=0x00000100
      172865000	     17187	80007976	8da5	c.xor	x11,x9	 x11:0x00000080  x9:0x00000080 x11=0x00000000
      172875000	     17188	80007978	ce9d	c.beqz	x13,800079b6	 x13:0x00000080
      172885000	     17189	8000797a	40a3d713	srai	x14,x7,0xa	  x7:0x80000000 x14=0xffe00000
      172895000	     17190	8000797e	003dcab3	xor	x21,x27,x3	 x27:0x00000003  x3:0x00011000 x21=0x00011003
      172905000	     17191	80007982	01761913	slli	x18,x12,0x17	 x12:0x7ffda31d x18=0x8e800000
      172915000	     17192	80007986	01631693	slli	x13,x6,0x16	  x6:0xffffffff x13=0xffc00000
      172955000	     17196	8000798a	02842d33	mulhsu	x26,x8,x8	  x8:0x00000100  x8:0x00000100 x26=0x00000000
      172965000	     17197	8000798e	03d8e763	bltu	x17,x29,800079bc	 x17:0x00000080 x29:0x00000003
      172975000	     17198	80007992	41015fb3	sra	x31,x2,x16	  x2:0xffffffd0 x16:0xffffffff x31=0xffffffff
      172985000	     17199	80007996	d45d8293	addi	x5,x27,-699	 x27:0x00000003  x5=0xfffffd48
      172995000	     17200	8000799a	0bca	c.slli	x23,0x12	 x23:0x00000001 x23=0x00040000
      173005000	     17201	8000799c	41e45333	sra	x6,x8,x30	  x8:0x00000100 x30:0x0000001b  x6=0x00000000
      173015000	     17202	800079a0	447d	c.li	x8,31	  x8=0x0000001f
      173025000	     17203	800079a2	c801	c.beqz	x8,800079b2	  x8:0x0000001f
      173035000	     17204	800079a4	3402fd73	csrrci	x26,mscratch,5	 x26=0x00000003
      173045000	     17205	800079a8	86cd	c.srai	x13,0x13	 x13:0xffc00000 x13=0xfffffff8
      173085000	     17209	800079aa	03e93533	mulhu	x10,x18,x30	 x18:0x8e800000 x30:0x0000001b x10=0x0000000f
      173095000	     17210	800079ae	01e1ed63	bltu	x3,x30,800079c8	  x3:0x00011000 x30:0x0000001b
      173105000	     17211	800079b2	01a82433	slt	x8,x16,x26	 x16:0xffffffff x26:0x00000003  x8=0x00000001
      173115000	     17212	800079b6	8ef1	c.and	x13,x12	 x13:0xfffffff8 x12:0x7ffda31d x13=0x7ffda318
      173125000	     17213	800079b8	01ed28b3	slt	x17,x26,x30	 x26:0x00000003 x30:0x0000001b x17=0x00000001
      173135000	     17214	800079bc	e889	c.bnez	x9,800079ce	  x9:0x00000080
      173165000	     17217	800079ce	0191dc93	srli	x25,x3,0x19	  x3:0x00011000 x25=0x00000000
      173175000	     17218	800079d2	eb8cc897	auipc	x17,0xeb8cc	 x17=0x6b8d39d2
      173185000	     17219	800079d6	016dc9b3	xor	x19,x27,x22	 x27:0x00000003 x22:0xffffed5a x19=0xffffed59
      173195000	     17220	800079da	899d	c.andi	x11,7	 x11:0x00000000 x11=0x00000000
      173205000	     17221	800079dc	6f89	c.lui	x31,0x2	 x31=0x00002000
      173215000	     17222	800079de	86b9	c.srai	x13,0xe	 x13:0x7ffda318 x13=0x0001fff6
      173225000	     17223	800079e0	3402d6f3	csrrwi	x13,mscratch,5	 x13=0x00000002
      173235000	     17224	800079e4	00d60733	add	x14,x12,x13	 x12:0x7ffda31d x13:0x00000002 x14=0x7ffda31f
      173245000	     17225	800079e8	34003ef3	csrrc	x29,mscratch,x0	  x0:0x00000000 x29=0x00000005
      173255000	     17226	800079ec	8812	c.mv	x16,x4	  x0:0x00000000  x4:0x00000003 x16=0x00000003
      173265000	     17227	800079ee	0001	c.addi	x0,0	  x0:0x00000000  x0=0x00000000
      173275000	     17228	800079f0	4a45	c.li	x20,17	 x20=0x00000011
      173285000	     17229	800079f2	4151d313	srai	x6,x3,0x15	  x3:0x00011000  x6=0x00000000
      173295000	     17230	800079f6	1a80	c.addi4spn	x8,x2,368	  x8=0x00000140
      173305000	     17231	800079f8	0001	c.addi	x0,0	  x0:0x00000000  x0=0x00000000
      173315000	     17232	800079fa	e6dbcf13	xori	x30,x23,-403	 x23:0x00040000 x30=0xfffbfe6d
      173325000	     17233	800079fe	4df9	c.li	x27,30	 x27=0x0000001e
      173335000	     17234	80007a00	0001	c.addi	x0,0	  x0:0x00000000  x0=0x00000000
      173705000	     17271	80007a02	0324eeb3	rem	x29,x9,x18	  x9:0x00000080 x18:0x8e800000 x29=0x00000080
      173715000	     17272	80007a06	01cc86b3	add	x13,x25,x28	 x25:0x00000000 x28:0x80021e34 x13=0x80021e34
      173725000	     17273	80007a0a	0144d263	bge	x9,x20,80007a0e	  x9:0x00000080 x20:0x00000011
      173755000	     17276	80007a0e	0030d363	bge	x1,x3,80007a14	  x1:0x00000001  x3:0x00011000
      173765000	     17277	80007a12	8ebd	c.xor	x13,x15	 x13:0x80021e34 x15:0x80025ce4 x13=0x000042d0
      173775000	     17278	80007a14	013d8e63	beq	x27,x19,80007a30	 x27:0x0000001e x19:0xffffed59
      173785000	     17279	80007a18	013cdc33	srl	x24,x25,x19	 x25:0x00000000 x19:0xffffed59 x24=0x00000000
      173795000	     17280	80007a1c	009792b3	sll	x5,x15,x9	 x15:0x80025ce4  x9:0x00000080  x5=0x80025ce4
      173805000	     17281	80007a20	02566563	bltu	x12,x5,80007a4a	 x12:0x7ffda31d  x5:0x80025ce4
      174195000	     17320	80007a4a	02ec61b3	rem	x3,x24,x14	 x24:0x00000000 x14:0x7ffda31f  x3=0x00000000
      174205000	     17321	80007a4e	83c40b37	lui	x22,0x83c40	 x22=0x83c40000
      174215000	     17322	80007a52	00cc1593	slli	x11,x24,0xc	 x24:0x00000000 x11=0x00000000
      174225000	     17323	80007a56	0001	c.addi	x0,0	  x0:0x00000000  x0=0x00000000
      174235000	     17324	80007a58	8359	c.srli	x14,0x16	 x14:0x7ffda31f x14=0x000001ff
      174245000	     17325	80007a5a	007c5fb3	srl	x31,x24,x7	 x24:0x00000000  x7:0x80000000 x31=0x00000000
      174255000	     17326	80007a5e	8755	c.srai	x14,0x15	 x14:0x000001ff x14=0x00000000
      174265000	     17327	80007a60	03639f63	bne	x7,x22,80007a9e	  x7:0x80000000 x22:0x83c40000
      174295000	     17330	80007a9e	34006df3	csrrsi	x27,mscratch,0	 x27=0x00000005
      174335000	     17334	80007aa2	03ea2c33	mulhsu	x24,x20,x30	 x20:0x00000011 x30:0xfffbfe6d x24=0x00000010
      174345000	     17335	80007aa6	8e41	c.or	x12,x8	 x12:0x7ffda31d  x8:0x00000140 x12=0x7ffda35d
      174355000	     17336	80007aa8	8c4d	c.or	x8,x11	  x8:0x00000140 x11:0x00000000  x8=0x00000140
      174365000	     17337	80007aaa	01d6ceb3	xor	x29,x13,x29	 x13:0x000042d0 x29:0x00000080 x29=0x00004250
      174375000	     17338	80007aae	3405a6f3	csrrs	x13,mscratch,x11	 x11:0x00000000 x13=0x00000005
      174395000	     17340	80007ab2	0390ebb3	rem	x23,x1,x25	  x1:0x00000001 x25:0x00000000 x23=0x00000001
      174405000	     17341	80007ab6	3401d8f3	csrrwi	x17,mscratch,3	 x17=0x00000005
      174415000	     17342	80007aba	c801	c.beqz	x8,80007aca	  x8:0x00000140
      174455000	     17346	80007abc	020a38b3	mulhu	x17,x20,x0	 x20:0x00000011  x0:0x00000000 x17=0x00000000
      174465000	     17347	80007ac0	05379163	bne	x15,x19,80007b02	 x15:0x80025ce4 x19:0xffffed59
      174495000	     17350	80007b02	41bc8533	sub	x10,x25,x27	 x25:0x00000000 x27:0x00000005 x10=0xfffffffb
      174505000	     17351	80007b06	0ff0000f	fence	iorw,iorw	
      174515000	     17352	80007b0a	0b1e	c.slli	x22,0x7	 x22:0x83c40000 x22=0xe2000000
      174525000	     17353	80007b0c	0001	c.addi	x0,0	  x0:0x00000000  x0=0x00000000
      174535000	     17354	80007b0e	83604b13	xori	x22,x0,-1994	  x0:0x00000000 x22=0xfffff836
      174545000	     17355	80007b12	03149f63	bne	x9,x17,80007b50	  x9:0x00000080 x17:0x00000000
      174565000	     17357	80007b50	815a	c.mv	x2,x22	  x0:0x00000000 x22:0xfffff836  x2=0xfffff836
      174575000	     17358	80007b52	002a0ab3	add	x21,x20,x2	 x20:0x00000011  x2:0xfffff836 x21=0xfffff847
      174585000	     17359	80007b56	02c5f263	bgeu	x11,x12,80007b7a	 x11:0x00000000 x12:0x7ffda35d
      174595000	     17360	80007b5a	00044b63	blt	x8,x0,80007b70	  x8:0x00000140  x0:0x00000000
      174605000	     17361	80007b5e	436a9ab7	lui	x21,0x436a9	 x21=0x436a9000
      174615000	     17362	80007b62	14aefe93	andi	x29,x29,330	 x29:0x00004250 x29=0x00000040
      174625000	     17363	80007b66	00ed9133	sll	x2,x27,x14	 x27:0x00000005 x14:0x00000000  x2=0x00000005
      174635000	     17364	80007b6a	0472	c.slli	x8,0x1c	  x8:0x00000140  x8=0x00000000
      174645000	     17365	80007b6c	ae17f593	andi	x11,x15,-1311	 x15:0x80025ce4 x11=0x800258e0
      174655000	     17366	80007b70	51ff0d93	addi	x27,x30,1311	 x30:0xfffbfe6d x27=0xfffc038c
      174665000	     17367	80007b74	e689	c.bnez	x13,80007b7e	 x13:0x00000005
      174685000	     17369	80007b7e	cd01	c.beqz	x10,80007b96	 x10:0xfffffffb
      174695000	     17370	80007b80	01a45763	bge	x8,x26,80007b8e	  x8:0x00000000 x26:0x00000003
      174705000	     17371	80007b84	5b2b7d13	andi	x26,x22,1458	 x22:0xfffff836 x26=0x00000032
      174715000	     17372	80007b88	34006b73	csrrsi	x22,mscratch,0	 x22=0x00000003
      174725000	     17373	80007b8c	46f5	c.li	x13,29	 x13=0x0000001d
      174735000	     17374	80007b8e	01efe533	or	x10,x31,x30	 x31:0x00000000 x30:0xfffbfe6d x10=0xfffbfe6d
      174745000	     17375	80007b92	8eb1	c.xor	x13,x12	 x13:0x0000001d x12:0x7ffda35d x13=0x7ffda340
      174755000	     17376	80007b94	8599	c.srai	x11,0x6	 x11:0x800258e0 x11=0xfe000963
      175125000	     17413	80007b96	03ebd6b3	divu	x13,x23,x30	 x23:0x00000001 x30:0xfffbfe6d x13=0x00000000
      175135000	     17414	80007b9a	6b51bdb7	lui	x27,0x6b51b	 x27=0x6b51b000
      175145000	     17415	80007b9e	0ff0000f	fence	iorw,iorw	
      175155000	     17416	80007ba2	3817b437	lui	x8,0x3817b	  x8=0x3817b000
      175165000	     17417	80007ba6	34007273	csrrci	x4,mscratch,0	  x4=0x00000003
      175175000	     17418	80007baa	3408d673	csrrwi	x12,mscratch,17	 x12=0x00000003
      175185000	     17419	80007bae	34007473	csrrci	x8,mscratch,0	  x8=0x00000011
      175195000	     17420	80007bb2	01e210b3	sll	x1,x4,x30	  x4:0x00000003 x30:0xfffbfe6d  x1=0x00006000
      175205000	     17421	80007bb6	00c47c33	and	x24,x8,x12	  x8:0x00000011 x12:0x00000003 x24=0x00000001
      175215000	     17422	80007bba	075e	c.slli	x14,0x17	 x14:0x00000000 x14=0x00000000
      175225000	     17423	80007bbc	34002673	csrrs	x12,mscratch,x0	  x0:0x00000000 x12=0x00000011
      175235000	     17424	80007bc0	1306e293	ori	x5,x13,304	 x13:0x00000000  x5=0x00000130
      175245000	     17425	80007bc4	8f65	c.and	x14,x9	 x14:0x00000000  x9:0x00000080 x14=0x00000000
      175255000	     17426	80007bc6	340eedf3	csrrsi	x27,mscratch,29	 x27=0x00000011
      175265000	     17427	80007bca	41e300b3	sub	x1,x6,x30	  x6:0x00000000 x30:0xfffbfe6d  x1=0x00040193
      175275000	     17428	80007bce	0004dfb3	srl	x31,x9,x0	  x9:0x00000080  x0:0x00000000 x31=0x00000080
      175285000	     17429	80007bd2	0029da33	srl	x20,x19,x2	 x19:0xffffed59  x2:0x00000005 x20=0x07ffff6a
      175295000	     17430	80007bd6	0000100f	fence.i	
      175325000	     17433	80007bda	3400d5f3	csrrwi	x11,mscratch,1	 x11=0x0000001d
      175335000	     17434	80007bde	00ce6663	bltu	x28,x12,80007bea	 x28:0x80021e34 x12:0x00000011
      175345000	     17435	80007be2	e585	c.bnez	x11,80007c0a	 x11:0x0000001d
      175375000	     17438	80007c0a	018b4a63	blt	x22,x24,80007c1e	 x22:0x00000003 x24:0x00000001
      175415000	     17442	80007c0e	0286b133	mulhu	x2,x13,x8	 x13:0x00000000  x8:0x00000011  x2=0x00000000
      175785000	     17479	80007c12	03d65933	divu	x18,x12,x29	 x12:0x00000011 x29:0x00000040 x18=0x00000000
      175795000	     17480	80007c16	418bda93	srai	x21,x23,0x18	 x23:0x00000001 x21=0x00000000
      175805000	     17481	80007c1a	0001	c.addi	x0,0	  x0:0x00000000  x0=0x00000000
      175815000	     17482	80007c1c	0c22	c.slli	x24,0x8	 x24:0x00000001 x24=0x00000100
      175825000	     17483	80007c1e	9cda	c.add	x25,x22	 x25:0x00000000 x22:0x00000003 x25=0x00000003
      175835000	     17484	80007c20	8329	c.srli	x14,0xa	 x14:0x00000000 x14=0x00000000
      175875000	     17488	80007c22	02412a33	mulhsu	x20,x2,x4	  x2:0x00000000  x4:0x00000003 x20=0x00000000
      175885000	     17489	80007c26	00168a33	add	x20,x13,x1	 x13:0x00000000  x1:0x00040193 x20=0x00040193
      175895000	     17490	80007c2a	b0292d13	slti	x26,x18,-1278	 x18:0x00000000 x26=0x00000000
      175905000	     17491	80007c2e	76390c13	addi	x24,x18,1891	 x18:0x00000000 x24=0x00000763
      175915000	     17492	80007c32	7be9f693	andi	x13,x19,1982	 x19:0xffffed59 x13=0x00000518
      175925000	     17493	80007c36	0ff0000f	fence	iorw,iorw	
      175935000	     17494	80007c3a	0ff0000f	fence	iorw,iorw	
      175945000	     17495	80007c3e	34003273	csrrc	x4,mscratch,x0	  x0:0x00000000  x4=0x00000001
      175955000	     17496	80007c42	015c8333	add	x6,x25,x21	 x25:0x00000003 x21:0x00000000  x6=0x00000003
      175965000	     17497	80007c46	6845	c.lui	x16,0x11	 x16=0x00011000
      175975000	     17498	80007c48	8086	c.mv	x1,x1	  x0:0x00000000  x1:0x00040193  x1=0x00040193
      175985000	     17499	80007c4a	02307b63	bgeu	x0,x3,80007c80	  x0:0x00000000  x3:0x00000000
      176005000	     17501	80007c80	34002c73	csrrs	x24,mscratch,x0	  x0:0x00000000 x24=0x00000001
      176015000	     17502	80007c84	82fa	c.mv	x5,x30	  x0:0x00000000 x30:0xfffbfe6d  x5=0xfffbfe6d
      176025000	     17503	80007c86	e0933713	sltiu	x14,x6,-503	  x6:0x00000003 x14=0x00000001
      176035000	     17504	80007c8a	cf86fb93	andi	x23,x13,-776	 x13:0x00000518 x23=0x00000418
      176405000	     17541	80007c8e	026669b3	rem	x19,x12,x6	 x12:0x00000011  x6:0x00000003 x19=0x00000002
      176425000	     17543	80007c92	0224f233	remu	x4,x9,x2	  x9:0x00000080  x2:0x00000000  x4=0x00000080
      176795000	     17580	80007c96	03d466b3	rem	x13,x8,x29	  x8:0x00000011 x29:0x00000040 x13=0x00000011
      176835000	     17584	80007c9a	03943cb3	mulhu	x25,x8,x25	  x8:0x00000011 x25:0x00000003 x25=0x00000000
      177205000	     17621	80007c9e	03667c33	remu	x24,x12,x22	 x12:0x00000011 x22:0x00000003 x24=0x00000002
      177215000	     17622	80007ca2	8ecd	c.or	x13,x11	 x13:0x00000011 x11:0x0000001d x13=0x0000001d
      177225000	     17623	80007ca4	412fdd33	sra	x26,x31,x18	 x31:0x00000080 x18:0x00000000 x26=0x00000080
      177265000	     17627	80007ca8	03a414b3	mulh	x9,x8,x26	  x8:0x00000011 x26:0x00000080  x9=0x00000000
      177275000	     17628	80007cac	0008ed63	bltu	x17,x0,80007cc6	 x17:0x00000000  x0:0x00000000
      177315000	     17632	80007cb0	03e7afb3	mulhsu	x31,x15,x30	 x15:0x80025ce4 x30:0xfffbfe6d x31=0x80045da4
      177325000	     17633	80007cb4	015a9963	bne	x21,x21,80007cc6	 x21:0x00000000 x21:0x00000000
      177335000	     17634	80007cb8	34007373	csrrci	x6,mscratch,0	  x6=0x00000001
      177345000	     17635	80007cbc	3408b5f3	csrrc	x11,mscratch,x17	 x17:0x00000000 x11=0x00000001
      177355000	     17636	80007cc0	00215133	srl	x2,x2,x2	  x2:0x00000000  x2:0x00000000  x2=0x00000000
      177365000	     17637	80007cc4	8dbd	c.xor	x11,x15	 x11:0x00000001 x15:0x80025ce4 x11=0x80025ce5
      177375000	     17638	80007cc6	036fe563	bltu	x31,x22,80007cf0	 x31:0x80045da4 x22:0x00000003
      177385000	     17639	80007cca	ea01	c.bnez	x12,80007cda	 x12:0x00000011
      177445000	     17645	80007cda	03021733	mulh	x14,x4,x16	  x4:0x00000080 x16:0x00011000 x14=0x00000000
      177455000	     17646	80007cde	8cc9	c.or	x9,x10	  x9:0x00000000 x10:0xfffbfe6d  x9=0xfffbfe6d
      177465000	     17647	80007ce0	8d39	c.xor	x10,x14	 x10:0xfffbfe6d x14:0x00000000 x10=0xfffbfe6d
      177475000	     17648	80007ce2	00b74763	blt	x14,x11,80007cf0	 x14:0x00000000 x11:0x80025ce5
      177485000	     17649	80007ce6	008ebfb3	sltu	x31,x29,x8	 x29:0x00000040  x8:0x00000011 x31=0x00000000
      177495000	     17650	80007cea	0120d413	srli	x8,x1,0x12	  x1:0x00040193  x8=0x00000001
      177505000	     17651	80007cee	e491	c.bnez	x9,80007cfa	  x9:0xfffbfe6d
      177525000	     17653	80007cfa	c581	c.beqz	x11,80007d02	 x11:0x80025ce5
      177535000	     17654	80007cfc	8629	c.srai	x12,0xa	 x12:0x00000011 x12=0x00000000
      177565000	     17657	80007cfe	030f85b3	mul	x11,x31,x16	 x31:0x00000000 x16:0x00011000 x11=0x00000000
      177605000	     17661	80007d02	02ac38b3	mulhu	x17,x24,x10	 x24:0x00000002 x10:0xfffbfe6d x17=0x00000001
      177615000	     17662	80007d06	4889	c.li	x17,2	 x17=0x00000002
      177625000	     17663	80007d08	340a6df3	csrrsi	x27,mscratch,20	 x27=0x00000001
      177635000	     17664	80007d0c	ca11	c.beqz	x12,80007d20	 x12:0x00000000
      178015000	     17702	80007d20	026f5bb3	divu	x23,x30,x6	 x30:0xfffbfe6d  x6:0x00000001 x23=0xfffbfe6d
      178025000	     17703	80007d24	0505	c.addi	x10,1	 x10:0xfffbfe6d x10=0xfffbfe6e
      178035000	     17704	80007d26	03ca6463	bltu	x20,x28,80007d4e	 x20:0x00040193 x28:0x80021e34
      178055000	     17706	80007d4e	8c61	c.and	x8,x8	  x8:0x00000001  x8:0x00000001  x8=0x00000001
      178095000	     17710	80007d50	03a632b3	mulhu	x5,x12,x26	 x12:0x00000000 x26:0x00000080  x5=0x00000000
      178105000	     17711	80007d54	8cf5	c.and	x9,x13	  x9:0xfffbfe6d x13:0x0000001d  x9=0x0000000d
      178115000	     17712	80007d56	0ea5	c.addi	x29,9	 x29:0x00000040 x29=0x00000049
      178125000	     17713	80007d58	34026ef3	csrrsi	x29,mscratch,4	 x29=0x00000015
      178135000	     17714	80007d5c	648e0f13	addi	x30,x28,1608	 x28:0x80021e34 x30=0x8002247c
      178145000	     17715	80007d60	0115f233	and	x4,x11,x17	 x11:0x00000000 x17:0x00000002  x4=0x00000000
      178155000	     17716	80007d64	8ce5	c.and	x9,x9	  x9:0x0000000d  x9:0x0000000d  x9=0x0000000d
      178165000	     17717	80007d66	865a4b93	xori	x23,x20,-1947	 x20:0x00040193 x23=0xfffbf9f6
      178175000	     17718	80007d6a	6b19	c.lui	x22,0x6	 x22=0x00006000
      178185000	     17719	80007d6c	00560db3	add	x27,x12,x5	 x12:0x00000000  x5:0x00000000 x27=0x00000000
      178195000	     17720	80007d70	c705	c.beqz	x14,80007d98	 x14:0x00000000
      178215000	     17722	80007d98	572a7993	andi	x19,x20,1394	 x20:0x00040193 x19=0x00000112
      178225000	     17723	80007d9c	167d	c.addi	x12,-1	 x12:0x00000000 x12=0xffffffff
      178235000	     17724	80007d9e	34065173	csrrwi	x2,mscratch,12	  x2=0x00000015
      178245000	     17725	80007da2	e331	c.bnez	x14,80007de6	 x14:0x00000000
      178255000	     17726	80007da4	0001	c.addi	x0,0	  x0:0x00000000  x0=0x00000000
      178265000	     17727	80007da6	01cc8733	add	x14,x25,x28	 x25:0x00000000 x28:0x80021e34 x14=0x80021e34
      178275000	     17728	80007daa	0001	c.addi	x0,0	  x0:0x00000000  x0=0x00000000
      178285000	     17729	80007dac	340032f3	csrrc	x5,mscratch,x0	  x0:0x00000000  x5=0x0000000c
      178295000	     17730	80007db0	01b8a333	slt	x6,x17,x27	 x17:0x00000002 x27:0x00000000  x6=0x00000000
      178665000	     17767	80007db4	022971b3	remu	x3,x18,x2	 x18:0x00000000  x2:0x00000015  x3=0x00000000
      178675000	     17768	80007db8	01d55fb3	srl	x31,x10,x29	 x10:0xfffbfe6e x29:0x00000015 x31=0x000007ff
      178685000	     17769	80007dbc	92ba	c.add	x5,x14	  x5:0x0000000c x14:0x80021e34  x5=0x80021e40
      178695000	     17770	80007dbe	0ff0000f	fence	iorw,iorw	
      178705000	     17771	80007dc2	9d22	c.add	x26,x8	 x26:0x00000080  x8:0x00000001 x26=0x00000081
      178715000	     17772	80007dc4	0b32	c.slli	x22,0xc	 x22:0x00006000 x22=0x06000000
      178725000	     17773	80007dc6	8481fe93	andi	x29,x3,-1976	  x3:0x00000000 x29=0x00000000
      178735000	     17774	80007dca	340e78f3	csrrci	x17,mscratch,28	 x17=0x0000000c
      178775000	     17778	80007dce	03fcbab3	mulhu	x21,x25,x31	 x25:0x00000000 x31:0x000007ff x21=0x00000000
      178785000	     17779	80007dd2	02619563	bne	x3,x6,80007dfc	  x3:0x00000000  x6:0x00000000
      178825000	     17783	80007dd6	02643233	mulhu	x4,x8,x6	  x8:0x00000001  x6:0x00000000  x4=0x00000000
      178835000	     17784	80007dda	006dcfb3	xor	x31,x27,x6	 x27:0x00000000  x6:0x00000000 x31=0x00000000
      178845000	     17785	80007dde	00aad463	bge	x21,x10,80007de6	 x21:0x00000000 x10:0xfffbfe6e
      178875000	     17788	80007de6	9f212e93	slti	x29,x2,-1550	  x2:0x00000015 x29=0x00000000
      178915000	     17792	80007dea	0357a833	mulhsu	x16,x15,x21	 x15:0x80025ce4 x21:0x00000000 x16=0x00000000
      178925000	     17793	80007dee	34029d73	csrrw	x26,mscratch,x5	  x5:0x80021e40 x26=0x00000000
      178935000	     17794	80007df2	beff6913	ori	x18,x30,-1041	 x30:0x8002247c x18=0xffffffff
      179305000	     17831	80007df6	0292d5b3	divu	x11,x5,x9	  x5:0x80021e40  x9:0x0000000d x11=0x09d8c740
      179315000	     17832	80007dfa	9d66	c.add	x26,x25	 x26:0x00000000 x25:0x00000000 x26=0x00000000
      179325000	     17833	80007dfc	40168033	sub	x0,x13,x1	 x13:0x0000001d  x1:0x00040193  x0=0x00000000
      179335000	     17834	80007e00	0ff0000f	fence	iorw,iorw	
      179345000	     17835	80007e04	01a54263	blt	x10,x26,80007e08	 x10:0xfffbfe6e x26:0x00000000
      179365000	     17837	80007e08	80e6	c.mv	x1,x25	  x0:0x00000000 x25:0x00000000  x1=0x00000000
      179375000	     17838	80007e0a	02e69b63	bne	x13,x14,80007e40	 x13:0x0000001d x14:0x80021e34
      179395000	     17840	80007e40	0001	c.addi	x0,0	  x0:0x00000000  x0=0x00000000
      179405000	     17841	80007e42	28185037	lui	x0,0x28185	  x0=0x00000000
      179415000	     17842	80007e46	83e26893	ori	x17,x4,-1986	  x4:0x00000000 x17=0xfffff83e
      179425000	     17843	80007e4a	e185	c.bnez	x11,80007e6a	 x11:0x09d8c740
      179475000	     17848	80007e6a	032f02b3	mul	x5,x30,x18	 x30:0x8002247c x18:0xffffffff  x5=0x7ffddb84
      179485000	     17849	80007e6e	0001	c.addi	x0,0	  x0:0x00000000  x0=0x00000000
      179495000	     17850	80007e70	717d	c.addi16sp	x2,-16	  x2:0x00000015  x2=0x00000005
      179865000	     17887	80007e72	029cefb3	rem	x31,x25,x9	 x25:0x00000000  x9:0x0000000d x31=0x00000000
      179875000	     17888	80007e76	019199b3	sll	x19,x3,x25	  x3:0x00000000 x25:0x00000000 x19=0x00000000
      179885000	     17889	80007e7a	014be6b3	or	x13,x23,x20	 x23:0xfffbf9f6 x20:0x00040193 x13=0xfffff9f7
      179895000	     17890	80007e7e	00eec233	xor	x4,x29,x14	 x29:0x00000000 x14:0x80021e34  x4=0x80021e34
      179905000	     17891	80007e82	81ed	c.srli	x11,0x1b	 x11:0x09d8c740 x11=0x00000001
      179915000	     17892	80007e84	8e0d	c.sub	x12,x11	 x12:0xffffffff x11:0x00000001 x12=0xfffffffe
      179925000	     17893	80007e86	7e0b4113	xori	x2,x22,2016	 x22:0x06000000  x2=0x060007e0
      179935000	     17894	80007e8a	013fcab3	xor	x21,x31,x19	 x31:0x00000000 x19:0x00000000 x21=0x00000000
      179945000	     17895	80007e8e	019d5f13	srli	x30,x26,0x19	 x26:0x00000000 x30=0x00000000
      179955000	     17896	80007e92	ac63b293	sltiu	x5,x7,-1338	  x7:0x80000000  x5=0x00000001
      179965000	     17897	80007e96	8e9d	c.sub	x13,x15	 x13:0xfffff9f7 x15:0x80025ce4 x13=0x7ffd9d13
      179975000	     17898	80007e98	15f23d93	sltiu	x27,x4,351	  x4:0x80021e34 x27=0x00000000
      179995000	     17900	80007e9c	03f1c4b3	div	x9,x3,x31	  x3:0x00000000 x31:0x00000000  x9=0xffffffff
      180005000	     17901	80007ea0	00e38d33	add	x26,x7,x14	  x7:0x80000000 x14:0x80021e34 x26=0x00021e34
      180015000	     17902	80007ea4	004e8133	add	x2,x29,x4	 x29:0x00000000  x4:0x80021e34  x2=0x80021e34
      180025000	     17903	80007ea8	7cef8493	addi	x9,x31,1998	 x31:0x00000000  x9=0x000007ce
      180035000	     17904	80007eac	9712	c.add	x14,x4	 x14:0x80021e34  x4:0x80021e34 x14=0x00043c68
      180045000	     17905	80007eae	01a51f93	slli	x31,x10,0x1a	 x10:0xfffbfe6e x31=0xb8000000
      180055000	     17906	80007eb2	091de413	ori	x8,x27,145	 x27:0x00000000  x8=0x00000091
      180065000	     17907	80007eb6	035a	c.slli	x6,0x16	  x6:0x00000000  x6=0x00000000
      180435000	     17944	80007eb8	02d8c633	div	x12,x17,x13	 x17:0xfffff83e x13:0x7ffd9d13 x12=0x00000000
      180445000	     17945	80007ebc	2d71a193	slti	x3,x3,727	  x3:0x00000000  x3=0x00000001
      180455000	     17946	80007ec0	4135deb3	sra	x29,x11,x19	 x11:0x00000001 x19:0x00000000 x29=0x00000001
      180465000	     17947	80007ec4	f6068113	addi	x2,x13,-160	 x13:0x7ffd9d13  x2=0x7ffd9c73
      180475000	     17948	80007ec8	01324a63	blt	x4,x19,80007edc	  x4:0x80021e34 x19:0x00000000
      180495000	     17950	80007edc	3404f573	csrrci	x10,mscratch,9	 x10=0x80021e40
      180505000	     17951	80007ee0	0001	c.addi	x0,0	  x0:0x00000000  x0=0x00000000
      180515000	     17952	80007ee2	8d79	c.and	x10,x14	 x10:0x80021e40 x14:0x00043c68 x10=0x00001c40
      180555000	     17956	80007ee4	031a1033	mulh	x0,x20,x17	 x20:0x00040193 x17:0xfffff83e  x0=0x00000000
      180925000	     17993	80007ee8	028d6fb3	rem	x31,x26,x8	 x26:0x00021e34  x8:0x00000091 x31=0x00000027
      180935000	     17994	80007eec	0314	c.addi4spn	x13,x2,384	 x13=0x7ffd9df3
      180945000	     17995	80007eee	5445a293	slti	x5,x11,1348	 x11:0x00000001  x5=0x00000001
      180955000	     17996	80007ef2	22878313	addi	x6,x15,552	 x15:0x80025ce4  x6=0x80025f0c
      180965000	     17997	80007ef6	8635	c.srai	x12,0xd	 x12:0x00000000 x12=0x00000000
      180975000	     17998	80007ef8	cf15	c.beqz	x14,80007f34	 x14:0x00043c68
      180985000	     17999	80007efa	8535	c.srai	x10,0xd	 x10:0x00001c40 x10=0x00000000
      180995000	     18000	80007efc	8306	c.mv	x6,x1	  x0:0x00000000  x1:0x00000000  x6=0x00000000
      181005000	     18001	80007efe	c1e3e013	ori	x0,x7,-994	  x7:0x80000000  x0=0x00000000
      181015000	     18002	80007f02	01c31763	bne	x6,x28,80007f10	  x6:0x00000000 x28:0x80021e34
      181065000	     18007	80007f10	038b20b3	mulhsu	x1,x22,x24	 x22:0x06000000 x24:0x00000002  x1=0x00000000
      181075000	     18008	80007f14	d3fbe837	lui	x16,0xd3fbe	 x16=0xd3fbe000
      181085000	     18009	80007f18	6129	c.addi16sp	x2,192	  x2:0x7ffd9c73  x2=0x7ffd9d33
      181125000	     18013	80007f1a	02963a33	mulhu	x20,x12,x9	 x12:0x00000000  x9:0x000007ce x20=0x00000000
      181495000	     18050	80007f1e	03064d33	div	x26,x12,x16	 x12:0x00000000 x16:0xd3fbe000 x26=0x00000000
      181505000	     18051	80007f22	9bc9ef93	ori	x31,x19,-1604	 x19:0x00000000 x31=0xfffff9bc
      181545000	     18055	80007f26	02829a33	mulh	x20,x5,x8	  x5:0x00000001  x8:0x00000091 x20=0x00000000
      181555000	     18056	80007f2a	c819	c.beqz	x8,80007f40	  x8:0x00000091
      181565000	     18057	80007f2c	34003673	csrrc	x12,mscratch,x0	  x0:0x00000000 x12=0x80021e40
      181575000	     18058	80007f30	6139	c.addi16sp	x2,448	  x2:0x7ffd9d33  x2=0x7ffd9ef3
      181585000	     18059	80007f32	8b46	c.mv	x22,x17	  x0:0x00000000 x17:0xfffff83e x22=0xfffff83e
      181595000	     18060	80007f34	001f4733	xor	x14,x30,x1	 x30:0x00000000  x1:0x00000000 x14=0x00000000
      181605000	     18061	80007f38	014d0b63	beq	x26,x20,80007f4e	 x26:0x00000000 x20:0x00000000
      181635000	     18064	80007f4e	41fdd933	sra	x18,x27,x31	 x27:0x00000000 x31:0xfffff9bc x18=0x00000000
      181655000	     18066	80007f52	0211dbb3	divu	x23,x3,x1	  x3:0x00000001  x1:0x00000000 x23=0xffffffff
      181665000	     18067	80007f56	9f46	c.add	x30,x17	 x30:0x00000000 x17:0xfffff83e x30=0xfffff83e
      181675000	     18068	80007f58	41c55593	srai	x11,x10,0x1c	 x10:0x00000000 x11=0x00000000
      181685000	     18069	80007f5c	9afd	c.andi	x13,-1	 x13:0x7ffd9df3 x13=0x7ffd9df3
      181695000	     18070	80007f5e	0000100f	fence.i	
      181715000	     18072	80007f62	6771	c.lui	x14,0x1c	 x14=0x0001c000
      181725000	     18073	80007f64	34085b73	csrrwi	x22,mscratch,16	 x22=0x80021e40
      181735000	     18074	80007f68	41ecd113	srai	x2,x25,0x1e	 x25:0x00000000  x2=0x00000000
      181745000	     18075	80007f6c	314be993	ori	x19,x23,788	 x23:0xffffffff x19=0xffffffff
      181765000	     18077	80007f70	035b4c33	div	x24,x22,x21	 x22:0x80021e40 x21:0x00000000 x24=0xffffffff
      181775000	     18078	80007f74	340064f3	csrrsi	x9,mscratch,0	  x9=0x00000010
      181785000	     18079	80007f78	8259	c.srli	x12,0x16	 x12:0x80021e40 x12=0x00000200
      181795000	     18080	80007f7a	01e8d113	srli	x2,x17,0x1e	 x17:0xfffff83e  x2=0x00000003
      181805000	     18081	80007f7e	340bddf3	csrrwi	x27,mscratch,23	 x27=0x00000010
      181815000	     18082	80007f82	6ad5	c.lui	x21,0x15	 x21=0x00015000
      181825000	     18083	80007f84	142e8c93	addi	x25,x29,322	 x29:0x00000001 x25=0x00000143
      181835000	     18084	80007f88	0161c633	xor	x12,x3,x22	  x3:0x00000001 x22:0x80021e40 x12=0x80021e41
      181845000	     18085	80007f8c	34003ff3	csrrc	x31,mscratch,x0	  x0:0x00000000 x31=0x00000017
      181855000	     18086	80007f90	98562db7	lui	x27,0x98562	 x27=0x98562000
      181885000	     18089	80007f94	03650133	mul	x2,x10,x22	 x10:0x00000000 x22:0x80021e40  x2=0x00000000
      181895000	     18090	80007f98	8cc9	c.or	x9,x10	  x9:0x00000010 x10:0x00000000  x9=0x00000010
      181905000	     18091	80007f9a	4004d413	srai	x8,x9,0x0	  x9:0x00000010  x8=0x00000010
      181915000	     18092	80007f9e	05e6	c.slli	x11,0x19	 x11:0x00000000 x11=0x00000000
      181925000	     18093	80007fa0	006c0a33	add	x20,x24,x6	 x24:0xffffffff  x6:0x00000000 x20=0xffffffff
      181945000	     18095	80007fa4	03aff733	remu	x14,x31,x26	 x31:0x00000017 x26:0x00000000 x14=0x00000017
      181955000	     18096	80007fa8	1b7d	c.addi	x22,-1	 x22:0x80021e40 x22=0x80021e3f
      181965000	     18097	80007faa	015e3133	sltu	x2,x28,x21	 x28:0x80021e34 x21:0x00015000  x2=0x00000000
      181975000	     18098	80007fae	408a0d33	sub	x26,x20,x8	 x20:0xffffffff  x8:0x00000010 x26=0xffffffef
      181985000	     18099	80007fb2	814a	c.mv	x2,x18	  x0:0x00000000 x18:0x00000000  x2=0x00000000
      181995000	     18100	80007fb4	340130f3	csrrc	x1,mscratch,x2	  x2:0x00000000  x1=0x00000017
      182005000	     18101	80007fb8	34056bf3	csrrsi	x23,mscratch,10	 x23=0x00000017
      182015000	     18102	80007fbc	0001	c.addi	x0,0	  x0:0x00000000  x0=0x00000000
      182025000	     18103	80007fbe	015ca4b3	slt	x9,x25,x21	 x25:0x00000143 x21:0x00015000  x9=0x00000001
      182035000	     18104	80007fc2	40178733	sub	x14,x15,x1	 x15:0x80025ce4  x1:0x00000017 x14=0x80025ccd
      182045000	     18105	80007fc6	876a	c.mv	x14,x26	  x0:0x00000000 x26:0xffffffef x14=0xffffffef
      182055000	     18106	80007fc8	34002673	csrrs	x12,mscratch,x0	  x0:0x00000000 x12=0x0000001f
      182095000	     18110	80007fcc	0346b433	mulhu	x8,x13,x20	 x13:0x7ffd9df3 x20:0xffffffff  x8=0x7ffd9df2
      182105000	     18111	80007fd0	8e6d	c.and	x12,x11	 x12:0x0000001f x11:0x00000000 x12=0x00000000
      182115000	     18112	80007fd2	c189	c.beqz	x11,80007fd4	 x11:0x00000000
      182135000	     18114	80007fd4	950ab413	sltiu	x8,x21,-1712	 x21:0x00015000  x8=0x00000001
      182145000	     18115	80007fd8	06a2	c.slli	x13,0x8	 x13:0x7ffd9df3 x13=0xfd9df300
      182155000	     18116	80007fda	717d	c.addi16sp	x2,-16	  x2:0x00000000  x2=0xfffffff0
      182165000	     18117	80007fdc	0001	c.addi	x0,0	  x0:0x00000000  x0=0x00000000
      182175000	     18118	80007fde	0ae64f13	xori	x30,x12,174	 x12:0x00000000 x30=0x000000ae
      182215000	     18122	80007fe2	02bdb633	mulhu	x12,x27,x11	 x27:0x98562000 x11:0x00000000 x12=0x00000000
      182225000	     18123	80007fe6	52fd	c.li	x5,-1	  x5=0xffffffff
      182235000	     18124	80007fe8	a7e27f13	andi	x30,x4,-1410	  x4:0x80021e34 x30=0x80021a34
      182245000	     18125	80007fec	00667963	bgeu	x12,x6,80007ffe	 x12:0x00000000  x6:0x00000000
      182265000	     18127	80007ffe	828a	c.mv	x5,x2	  x0:0x00000000  x2:0xfffffff0  x5=0xfffffff0
      182295000	     18130	80008000	028001b3	mul	x3,x0,x8	  x0:0x00000000  x8:0x00000001  x3=0x00000000
      182305000	     18131	80008004	02ed1c63	bne	x26,x14,8000803c	 x26:0xffffffef x14:0xffffffef
      182675000	     18168	80008008	021c58b3	divu	x17,x24,x1	 x24:0xffffffff  x1:0x00000017 x17=0x0b21642c
      182685000	     18169	8000800c	00996133	or	x2,x18,x9	 x18:0x00000000  x9:0x00000001  x2=0x00000001
      182695000	     18170	80008010	0001	c.addi	x0,0	  x0:0x00000000  x0=0x00000000
      182705000	     18171	80008012	340d7673	csrrci	x12,mscratch,26	 x12=0x0000001f
      182715000	     18172	80008016	0001	c.addi	x0,0	  x0:0x00000000  x0=0x00000000
      182725000	     18173	80008018	e291	c.bnez	x13,8000801c	 x13:0xfd9df300
      182745000	     18175	8000801c	41a68133	sub	x2,x13,x26	 x13:0xfd9df300 x26:0xffffffef  x2=0xfd9df311
      182755000	     18176	80008020	704d6b13	ori	x22,x26,1796	 x26:0xffffffef x22=0xffffffef
      182765000	     18177	80008024	d31424b7	lui	x9,0xd3142	  x9=0xd3142000
      182785000	     18179	80008028	02bdd033	divu	x0,x27,x11	 x27:0x98562000 x11:0x00000000  x0=0x00000000
      182795000	     18180	8000802c	864e	c.mv	x12,x19	  x0:0x00000000 x19:0xffffffff x12=0xffffffff
      182805000	     18181	8000802e	8e1d	c.sub	x12,x15	 x12:0xffffffff x15:0x80025ce4 x12=0x7ffda31b
      182815000	     18182	80008030	8171	c.srli	x10,0x1c	 x10:0x00000000 x10=0x00000000
      182825000	     18183	80008032	0001	c.addi	x0,0	  x0:0x00000000  x0=0x00000000
      182835000	     18184	80008034	34061bf3	csrrw	x23,mscratch,x12	 x12:0x7ffda31b x23=0x00000005
      182845000	     18185	80008038	34066173	csrrsi	x2,mscratch,12	  x2=0x7ffda31b
      182855000	     18186	8000803c	41580ab3	sub	x21,x16,x21	 x16:0xd3fbe000 x21:0x00015000 x21=0xd3fa9000
      182865000	     18187	80008040	00eec663	blt	x29,x14,8000804c	 x29:0x00000001 x14:0xffffffef
      183235000	     18224	80008044	0375fbb3	remu	x23,x11,x23	 x11:0x00000000 x23:0x00000005 x23=0x00000000
      183245000	     18225	80008048	03899763	bne	x19,x24,80008076	 x19:0xffffffff x24:0xffffffff
      183285000	     18229	8000804c	02a936b3	mulhu	x13,x18,x10	 x18:0x00000000 x10:0x00000000 x13=0x00000000
      183295000	     18230	80008050	3406fdf3	csrrci	x27,mscratch,13	 x27=0x7ffda31f
      183305000	     18231	80008054	8e69	c.and	x12,x10	 x12:0x7ffda31b x10:0x00000000 x12=0x00000000
      183315000	     18232	80008056	8db9	c.xor	x11,x14	 x11:0x00000000 x14:0xffffffef x11=0xffffffef
      183325000	     18233	80008058	013a92b3	sll	x5,x21,x19	 x21:0xd3fa9000 x19:0xffffffff  x5=0x00000000
      183335000	     18234	8000805c	3cc02413	slti	x8,x0,972	  x0:0x00000000  x8=0x00000001
      183705000	     18271	80008060	02fb7733	remu	x14,x22,x15	 x22:0xffffffef x15:0x80025ce4 x14=0x7ffda30b
      183725000	     18273	80008064	0257c533	div	x10,x15,x5	 x15:0x80025ce4  x5:0x00000000 x10=0xffffffff
      183735000	     18274	80008068	5b302bb7	lui	x23,0x5b302	 x23=0x5b302000
      183745000	     18275	8000806c	717d	c.addi16sp	x2,-16	  x2:0x7ffda31b  x2=0x7ffda30b
      183755000	     18276	8000806e	4136dbb3	sra	x23,x13,x19	 x13:0x00000000 x19:0xffffffff x23=0x00000000
      183765000	     18277	80008072	64dd	c.lui	x9,0x17	  x9=0x00017000
      183775000	     18278	80008074	c599	c.beqz	x11,80008082	 x11:0xffffffef
      183815000	     18282	80008076	03a0a2b3	mulhsu	x5,x1,x26	  x1:0x00000017 x26:0xffffffef  x5=0x00000016
      183825000	     18283	8000807a	05f40163	beq	x8,x31,800080bc	  x8:0x00000001 x31:0x00000017
      183835000	     18284	8000807e	8f8fca37	lui	x20,0x8f8fc	 x20=0x8f8fc000
      183845000	     18285	80008082	01f286b3	add	x13,x5,x31	  x5:0x00000016 x31:0x00000017 x13=0x0000002d
      183855000	     18286	80008086	0316f863	bgeu	x13,x17,800080b6	 x13:0x0000002d x17:0x0b21642c
      183865000	     18287	8000808a	8169	c.srli	x10,0x1a	 x10:0xffffffff x10=0x0000003f
      183875000	     18288	8000808c	e46f5f97	auipc	x31,0xe46f5	 x31=0x646fd08c
      183885000	     18289	80008090	00e015b3	sll	x11,x0,x14	  x0:0x00000000 x14:0x7ffda30b x11=0x00000000
      183895000	     18290	80008094	ea81	c.bnez	x13,800080a4	 x13:0x0000002d
      183915000	     18292	800080a4	34007c73	csrrci	x24,mscratch,0	 x24=0x7ffda312
      183925000	     18293	800080a8	013bdc93	srli	x25,x23,0x13	 x23:0x00000000 x25=0x00000000
      183935000	     18294	800080ac	fd304113	xori	x2,x0,-45	  x0:0x00000000  x2=0xffffffd3
      183945000	     18295	800080b0	00b2	c.slli	x1,0xc	  x1:0x00000017  x1=0x00017000
      183985000	     18299	800080b2	0383a1b3	mulhsu	x3,x7,x24	  x7:0x80000000 x24:0x7ffda312  x3=0xc0012e77
      183995000	     18300	800080b6	0146c4b3	xor	x9,x13,x20	 x13:0x0000002d x20:0x8f8fc000  x9=0x8f8fc02d
      184005000	     18301	800080ba	8cc1	c.or	x9,x8	  x9:0x8f8fc02d  x8:0x00000001  x9=0x8f8fc02d
      184015000	     18302	800080bc	00a7e5b3	or	x11,x15,x10	 x15:0x80025ce4 x10:0x0000003f x11=0x80025cff
      184035000	     18304	800080c0	032e60b3	rem	x1,x28,x18	 x28:0x80021e34 x18:0x00000000  x1=0x80021e34
      184075000	     18308	800080c4	03c43633	mulhu	x12,x8,x28	  x8:0x00000001 x28:0x80021e34 x12=0x00000000
      184085000	     18309	800080c8	0000100f	fence.i	
      184105000	     18311	800080cc	01191133	sll	x2,x18,x17	 x18:0x00000000 x17:0x0b21642c  x2=0x00000000
      184115000	     18312	800080d0	004a4bb3	xor	x23,x20,x4	 x20:0x8f8fc000  x4:0x80021e34 x23=0x0f8dde34
      184125000	     18313	800080d4	717d	c.addi16sp	x2,-16	  x2:0x00000000  x2=0xfffffff0
      184135000	     18314	800080d6	01d93c33	sltu	x24,x18,x29	 x18:0x00000000 x29:0x00000001 x24=0x00000001
      184145000	     18315	800080da	8c2d	c.xor	x8,x11	  x8:0x00000001 x11:0x80025cff  x8=0x80025cfe
      184155000	     18316	800080dc	0000100f	fence.i	
      184175000	     18318	800080e0	8ee9	c.and	x13,x10	 x13:0x0000002d x10:0x0000003f x13=0x0000002d
      184545000	     18355	800080e2	023559b3	divu	x19,x10,x3	 x10:0x0000003f  x3:0xc0012e77 x19=0x00000000
      184555000	     18356	800080e6	340415f3	csrrw	x11,mscratch,x8	  x8:0x80025cfe x11=0x7ffda312
      184565000	     18357	800080ea	0075e8b3	or	x17,x11,x7	 x11:0x7ffda312  x7:0x80000000 x17=0xfffda312
      184575000	     18358	800080ee	001f1d63	bne	x30,x1,80008108	 x30:0x80021a34  x1:0x80021e34
      184595000	     18360	80008108	00ae0a33	add	x20,x28,x10	 x28:0x80021e34 x10:0x0000003f x20=0x80021e73
      184605000	     18361	8000810c	03c3c263	blt	x7,x28,80008130	  x7:0x80000000 x28:0x80021e34
      184625000	     18363	80008130	71b48f13	addi	x30,x9,1819	  x9:0x8f8fc02d x30=0x8f8fc748
      184635000	     18364	80008134	0ff0000f	fence	iorw,iorw	
      185005000	     18401	80008138	03a4f9b3	remu	x19,x9,x26	  x9:0x8f8fc02d x26:0xffffffef x19=0x8f8fc02d
      185015000	     18402	8000813c	6e89	c.lui	x29,0x2	 x29=0x00002000
      185025000	     18403	8000813e	8f29	c.xor	x14,x10	 x14:0x7ffda30b x10:0x0000003f x14=0x7ffda334
      185035000	     18404	80008140	340baaf3	csrrs	x21,mscratch,x23	 x23:0x0f8dde34 x21=0x80025cfe
      185045000	     18405	80008144	02bd7c63	bgeu	x26,x11,8000817c	 x26:0xffffffef x11:0x7ffda312
      185065000	     18407	8000817c	340b90f3	csrrw	x1,mscratch,x23	 x23:0x0f8dde34  x1=0x8f8fdefe
      185075000	     18408	80008180	01287f33	and	x30,x16,x18	 x16:0xd3fbe000 x18:0x00000000 x30=0x00000000
      185085000	     18409	80008184	803d	c.srli	x8,0xf	  x8:0x80025cfe  x8=0x00010004
      185095000	     18410	80008186	40d5d733	sra	x14,x11,x13	 x11:0x7ffda312 x13:0x0000002d x14=0x0003ffed
      185105000	     18411	8000818a	0001	c.addi	x0,0	  x0:0x00000000  x0=0x00000000
      185115000	     18412	8000818c	00c3d9b3	srl	x19,x7,x12	  x7:0x80000000 x12:0x00000000 x19=0x80000000
      185155000	     18416	80008190	02ee1bb3	mulh	x23,x28,x14	 x28:0x80021e34 x14:0x0003ffed x23=0xfffe0011
      185165000	     18417	80008194	49787a13	andi	x20,x16,1175	 x16:0xd3fbe000 x20=0x00000000
      185175000	     18418	80008198	0001	c.addi	x0,0	  x0:0x00000000  x0=0x00000000
      185185000	     18419	8000819a	01cc6c63	bltu	x24,x28,800081b2	 x24:0x00000001 x28:0x80021e34
      185215000	     18422	800081b2	02dbf763	bgeu	x23,x13,800081e0	 x23:0xfffe0011 x13:0x0000002d
      185235000	     18424	800081e0	717d	c.addi16sp	x2,-16	  x2:0xfffffff0  x2=0xffffffe0
      185245000	     18425	800081e2	e0ff2013	slti	x0,x30,-497	 x30:0x00000000  x0=0x00000000
      185255000	     18426	800081e6	3a5ca293	slti	x5,x25,933	 x25:0x00000000  x5=0x00000001
      185265000	     18427	800081ea	821e	c.mv	x4,x7	  x0:0x00000000  x7:0x80000000  x4=0x80000000
      185635000	     18464	800081ec	0337edb3	rem	x27,x15,x19	 x15:0x80025ce4 x19:0x80000000 x27=0x80025ce4
      185645000	     18465	800081f0	00dcdc33	srl	x24,x25,x13	 x25:0x00000000 x13:0x0000002d x24=0x00000000
      185655000	     18466	800081f4	34057d73	csrrci	x26,mscratch,10	 x26=0x0f8dde34
      186025000	     18503	800081f8	029b7ab3	remu	x21,x22,x9	 x22:0xffffffef  x9:0x8f8fc02d x21=0x70703fc2
      186035000	     18504	800081fc	fb0b8193	addi	x3,x23,-80	 x23:0xfffe0011  x3=0xfffdffc1
      186045000	     18505	80008200	03a6d063	bge	x13,x26,80008220	 x13:0x0000002d x26:0x0f8dde34
      186055000	     18506	80008204	dfe13497	auipc	x9,0xdfe13	  x9=0x5fe1b204
      186065000	     18507	80008208	01ed4a63	blt	x26,x30,8000821c	 x26:0x0f8dde34 x30:0x00000000
      186075000	     18508	8000820c	004868b3	or	x17,x16,x4	 x16:0xd3fbe000  x4:0x80000000 x17=0xd3fbe000
      186085000	     18509	80008210	61e5	c.lui	x3,0x19	  x3=0x00019000
      186095000	     18510	80008212	e219	c.bnez	x12,80008218	 x12:0x00000000
      186105000	     18511	80008214	0000100f	fence.i	
      186125000	     18513	80008218	bbaea013	slti	x0,x29,-1094	 x29:0x00002000  x0=0x00000000
      186135000	     18514	8000821c	826a	c.mv	x4,x26	  x0:0x00000000 x26:0x0f8dde34  x4=0x0f8dde34
      186145000	     18515	8000821e	5f7d	c.li	x30,-1	 x30=0xffffffff
      186515000	     18552	80008220	02dd6cb3	rem	x25,x26,x13	 x26:0x0f8dde34 x13:0x0000002d x25=0x00000019
      186525000	     18553	80008224	40758ab3	sub	x21,x11,x7	 x11:0x7ffda312  x7:0x80000000 x21=0xfffda312
      186535000	     18554	80008228	9afd	c.andi	x13,-1	 x13:0x0000002d x13=0x0000002d
      186545000	     18555	8000822a	8e81	c.sub	x13,x8	 x13:0x0000002d  x8:0x00010004 x13=0xffff0029
      186555000	     18556	8000822c	006ecd33	xor	x26,x29,x6	 x29:0x00002000  x6:0x00000000 x26=0x00002000
      186925000	     18593	80008230	029ed533	divu	x10,x29,x9	 x29:0x00002000  x9:0x5fe1b204 x10=0x00000000
      186935000	     18594	80008234	0185e6b3	or	x13,x11,x24	 x11:0x7ffda312 x24:0x00000000 x13=0x7ffda312
      186945000	     18595	80008238	0001	c.addi	x0,0	  x0:0x00000000  x0=0x00000000
      186955000	     18596	8000823a	340a6ef3	csrrsi	x29,mscratch,20	 x29=0x0f8dde34
      186965000	     18597	8000823e	2b794f13	xori	x30,x18,695	 x18:0x00000000 x30=0x000002b7
      186975000	     18598	80008242	005ffc33	and	x24,x31,x5	 x31:0x646fd08c  x5:0x00000001 x24=0x00000000
      186985000	     18599	80008246	d10ba093	slti	x1,x23,-752	 x23:0xfffe0011  x1=0x00000001
      186995000	     18600	8000824a	0000100f	fence.i	
      187025000	     18603	8000824e	00984a63	blt	x16,x9,80008262	 x16:0xd3fbe000  x9:0x5fe1b204
      187045000	     18605	80008262	935e	c.add	x6,x23	  x6:0x00000000 x23:0xfffe0011  x6=0xfffe0011
      187075000	     18608	80008264	03d98bb3	mul	x23,x19,x29	 x19:0x80000000 x29:0x0f8dde34 x23=0x00000000
      187085000	     18609	80008268	0001	c.addi	x0,0	  x0:0x00000000  x0=0x00000000
      187095000	     18610	8000826a	0000100f	fence.i	
      187125000	     18613	8000826e	0114ddb3	srl	x27,x9,x17	  x9:0x5fe1b204 x17:0xd3fbe000 x27=0x5fe1b204
      187135000	     18614	80008272	577d	c.li	x14,-1	 x14=0xffffffff
      187145000	     18615	80008274	34022af3	csrrs	x21,mscratch,x4	  x4:0x0f8dde34 x21=0x0f8dde34
      187515000	     18652	80008278	03f74733	div	x14,x14,x31	 x14:0xffffffff x31:0x646fd08c x14=0x00000000
      187525000	     18653	8000827c	8c99	c.sub	x9,x14	  x9:0x5fe1b204 x14:0x00000000  x9=0x5fe1b204
      187895000	     18690	8000827e	03dd7533	remu	x10,x26,x29	 x26:0x00002000 x29:0x0f8dde34 x10=0x00002000
      187935000	     18694	80008282	0323b6b3	mulhu	x13,x7,x18	  x7:0x80000000 x18:0x00000000 x13=0x00000000
      188305000	     18731	80008286	02f8d6b3	divu	x13,x17,x15	 x17:0xd3fbe000 x15:0x80025ce4 x13=0x00000001
      188315000	     18732	8000828a	016454b3	srl	x9,x8,x22	  x8:0x00010004 x22:0xffffffef  x9=0x00000002
      188355000	     18736	8000828e	033a9eb3	mulh	x29,x21,x19	 x21:0x0f8dde34 x19:0x80000000 x29=0xf83910e6
      188365000	     18737	80008292	85fd	c.srai	x11,0x1f	 x11:0x7ffda312 x11=0x00000000
      188375000	     18738	80008294	00b04663	blt	x0,x11,800082a0	  x0:0x00000000 x11:0x00000000
      188385000	     18739	80008298	41353013	sltiu	x0,x10,1043	 x10:0x00002000  x0=0x00000000
      188395000	     18740	8000829c	0099cd33	xor	x26,x19,x9	 x19:0x80000000  x9:0x00000002 x26=0x80000002
      188405000	     18741	800082a0	9fbe	c.add	x31,x15	 x31:0x646fd08c x15:0x80025ce4 x31=0xe4722d70
      188415000	     18742	800082a2	1790	c.addi4spn	x12,x2,992	 x12=0x000003c0
      188425000	     18743	800082a4	418f51b3	sra	x3,x30,x24	 x30:0x000002b7 x24:0x00000000  x3=0x000002b7
      188435000	     18744	800082a8	9f16	c.add	x30,x5	 x30:0x000002b7  x5:0x00000001 x30=0x000002b8
      188475000	     18748	800082aa	020e3b33	mulhu	x22,x28,x0	 x28:0x80021e34  x0:0x00000000 x22=0x00000000
      188515000	     18752	800082ae	0297b633	mulhu	x12,x15,x9	 x15:0x80025ce4  x9:0x00000002 x12=0x00000001
      188525000	     18753	800082b2	8dfd	c.and	x11,x15	 x11:0x00000000 x15:0x80025ce4 x11=0x00000000
      188535000	     18754	800082b4	00ae5d63	bge	x28,x10,800082ce	 x28:0x80021e34 x10:0x00002000
      188545000	     18755	800082b8	b25d6893	ori	x17,x26,-1243	 x26:0x80000002 x17=0xfffffb27
      188555000	     18756	800082bc	8f1d	c.sub	x14,x15	 x14:0x00000000 x15:0x80025ce4 x14=0x7ffda31c
      188585000	     18759	800082be	03d78133	mul	x2,x15,x29	 x15:0x80025ce4 x29:0xf83910e6  x2=0xb6b1b4d8
      188955000	     18796	800082c2	02817533	remu	x10,x2,x8	  x2:0xb6b1b4d8  x8:0x00010004 x10=0x0000da20
      188965000	     18797	800082c6	406a0c33	sub	x24,x20,x6	 x20:0x00000000  x6:0xfffe0011 x24=0x0001ffef
      188975000	     18798	800082ca	007d26b3	slt	x13,x26,x7	 x26:0x80000002  x7:0x80000000 x13=0x00000000
      188985000	     18799	800082ce	0512	c.slli	x10,0x4	 x10:0x0000da20 x10=0x000da200
      188995000	     18800	800082d0	01eb52b3	srl	x5,x22,x30	 x22:0x00000000 x30:0x000002b8  x5=0x00000000
      189365000	     18837	800082d4	028bd0b3	divu	x1,x23,x8	 x23:0x00000000  x8:0x00010004  x1=0x00000000
      189375000	     18838	800082d8	8e8d	c.sub	x13,x11	 x13:0x00000000 x11:0x00000000 x13=0x00000000
      189385000	     18839	800082da	90da	c.add	x1,x22	  x1:0x00000000 x22:0x00000000  x1=0x00000000
      189395000	     18840	800082dc	010b6e63	bltu	x22,x16,800082f8	 x22:0x00000000 x16:0xd3fbe000
      189415000	     18842	800082f8	340b35f3	csrrc	x11,mscratch,x22	 x22:0x00000000 x11=0x0f8dde34
      189425000	     18843	800082fc	95ce	c.add	x11,x19	 x11:0x0f8dde34 x19:0x80000000 x11=0x8f8dde34
      189435000	     18844	800082fe	40a30033	sub	x0,x6,x10	  x6:0xfffe0011 x10:0x000da200  x0=0x00000000
      189445000	     18845	80008302	a25c8a93	addi	x21,x25,-1499	 x25:0x00000019 x21=0xfffffa3e
      189455000	     18846	80008306	0000100f	fence.i	
      189845000	     18885	8000830a	03954633	div	x12,x10,x25	 x10:0x000da200 x25:0x00000019 x12=0x00008b99
      189855000	     18886	8000830e	03ab7163	bgeu	x22,x26,80008330	 x22:0x00000000 x26:0x80000002
      189865000	     18887	80008312	6705	c.lui	x14,0x1	 x14=0x00001000
      190235000	     18924	80008314	022fdc33	divu	x24,x31,x2	 x31:0xe4722d70  x2:0xb6b1b4d8 x24=0x00000001
      190245000	     18925	80008318	8c39	c.xor	x8,x14	  x8:0x00010004 x14:0x00001000  x8=0x00011004
      190255000	     18926	8000831a	01681863	bne	x16,x22,8000832a	 x16:0xd3fbe000 x22:0x00000000
      190275000	     18928	8000832a	8d99	c.sub	x11,x14	 x11:0x8f8dde34 x14:0x00001000 x11=0x8f8dce34
      190285000	     18929	8000832c	0001	c.addi	x0,0	  x0:0x00000000  x0=0x00000000
      190295000	     18930	8000832e	4409	c.li	x8,2	  x8=0x00000002
      190305000	     18931	80008330	d76e4a93	xori	x21,x28,-650	 x28:0x80021e34 x21=0x7ffde342
      190675000	     18968	80008334	03f47eb3	remu	x29,x8,x31	  x8:0x00000002 x31:0xe4722d70 x29=0x00000002
      190685000	     18969	80008338	127da093	slti	x1,x27,295	 x27:0x5fe1b204  x1=0x00000000
      190695000	     18970	8000833c	717d	c.addi16sp	x2,-16	  x2:0xb6b1b4d8  x2=0xb6b1b4c8
      190735000	     18974	8000833e	03ca2f33	mulhsu	x30,x20,x28	 x20:0x00000000 x28:0x80021e34 x30=0x00000000
      190745000	     18975	80008342	8d29	c.xor	x10,x10	 x10:0x000da200 x10:0x000da200 x10=0x00000000
      190755000	     18976	80008344	c59d	c.beqz	x11,80008372	 x11:0x8f8dce34
      190775000	     18978	80008346	03754333	div	x6,x10,x23	 x10:0x00000000 x23:0x00000000  x6=0xffffffff
      190815000	     18982	8000834a	0337a233	mulhsu	x4,x15,x19	 x15:0x80025ce4 x19:0x80000000  x4=0xc0012e72
      190825000	     18983	8000834e	41f65bb3	sra	x23,x12,x31	 x12:0x00008b99 x31:0xe4722d70 x23=0x00000000
      190835000	     18984	80008352	00d6cb63	blt	x13,x13,80008368	 x13:0x00000000 x13:0x00000000
      190845000	     18985	80008356	8d31	c.xor	x10,x12	 x10:0x00000000 x12:0x00008b99 x10=0x00008b99
      190855000	     18986	80008358	00155db3	srl	x27,x10,x1	 x10:0x00008b99  x1:0x00000000 x27=0x00008b99
      190865000	     18987	8000835c	717d	c.addi16sp	x2,-16	  x2:0xb6b1b4c8  x2=0xb6b1b4b8
      190875000	     18988	8000835e	fc76b317	auipc	x6,0xfc76b	  x6=0x7c77335e
      190885000	     18989	80008362	961e	c.add	x12,x7	 x12:0x00008b99  x7:0x80000000 x12=0x80008b99
      190895000	     18990	80008364	00509613	slli	x12,x1,0x5	  x1:0x00000000 x12=0x00000000
      190905000	     18991	80008368	0f51	c.addi	x30,20	 x30:0x00000000 x30=0x00000014
      190915000	     18992	8000836a	024ae863	bltu	x21,x4,8000839a	 x21:0x7ffde342  x4:0xc0012e72
      190945000	     18995	8000839a	34059573	csrrw	x10,mscratch,x11	 x11:0x8f8dce34 x10=0x0f8dde34
      190965000	     18997	8000839e	02014fb3	div	x31,x2,x0	  x2:0xb6b1b4b8  x0:0x00000000 x31=0xffffffff
      190975000	     18998	800083a2	c289	c.beqz	x13,800083a4	 x13:0x00000000
      190995000	     19000	800083a4	00770463	beq	x14,x7,800083ac	 x14:0x00001000  x7:0x80000000
      191005000	     19001	800083a8	87800913	addi	x18,x0,-1928	  x0:0x00000000 x18=0xfffff878
      191045000	     19005	800083ac	030b11b3	mulh	x3,x22,x16	 x22:0x00000000 x16:0xd3fbe000  x3=0x00000000
      191055000	     19006	800083b0	0001	c.addi	x0,0	  x0:0x00000000  x0=0x00000000
      191065000	     19007	800083b2	00b62f33	slt	x30,x12,x11	 x12:0x00000000 x11:0x8f8dce34 x30=0x00000000
      191075000	     19008	800083b6	cc9d	c.beqz	x9,800083f4	  x9:0x00000002
      191085000	     19009	800083b8	34002a73	csrrs	x20,mscratch,x0	  x0:0x00000000 x20=0x8f8dce34
      191095000	     19010	800083bc	03566663	bltu	x12,x21,800083e8	 x12:0x00000000 x21:0x7ffde342
      191115000	     19012	800083e8	469cb1b7	lui	x3,0x469cb	  x3=0x469cb000
      191125000	     19013	800083ec	340496f3	csrrw	x13,mscratch,x9	  x9:0x00000002 x13=0x8f8dce34
      191135000	     19014	800083f0	6bcfd197	auipc	x3,0x6bcfd	  x3=0xebd053f0
      191145000	     19015	800083f4	8e81	c.sub	x13,x8	 x13:0x8f8dce34  x8:0x00000002 x13=0x8f8dce32
      191185000	     19019	800083f6	039a9b33	mulh	x22,x21,x25	 x21:0x7ffde342 x25:0x00000019 x22=0x0000000c
      191195000	     19020	800083fa	40480b33	sub	x22,x16,x4	 x16:0xd3fbe000  x4:0xc0012e72 x22=0x13fab18e
      191205000	     19021	800083fe	c1f0d237	lui	x4,0xc1f0d	  x4=0xc1f0d000
      191245000	     19025	80008402	02b0bab3	mulhu	x21,x1,x11	  x1:0x00000000 x11:0x8f8dce34 x21=0x00000000
      191255000	     19026	80008406	03e2ed63	bltu	x5,x30,80008440	  x5:0x00000000 x30:0x00000000
      191265000	     19027	8000840a	0001	c.addi	x0,0	  x0:0x00000000  x0=0x00000000
      191275000	     19028	8000840c	823a	c.mv	x4,x14	  x0:0x00000000 x14:0x00001000  x4=0x00001000
      191285000	     19029	8000840e	62f9	c.lui	x5,0x1e	  x5=0x0001e000
      191295000	     19030	80008410	0059cd33	xor	x26,x19,x5	 x19:0x80000000  x5:0x0001e000 x26=0x8001e000
      191305000	     19031	80008414	8471	c.srai	x8,0x1c	  x8:0x00000002  x8=0x00000000
      191315000	     19032	80008416	102a7993	andi	x19,x20,258	 x20:0x8f8dce34 x19=0x00000000
      191355000	     19036	8000841a	022d2db3	mulhsu	x27,x26,x2	 x26:0x8001e000  x2:0xb6b1b4b8 x27=0xa4a87c31
      191365000	     19037	8000841e	01954363	blt	x10,x25,80008424	 x10:0x0f8dde34 x25:0x00000019
      191375000	     19038	80008422	8f4d	c.or	x14,x11	 x14:0x00001000 x11:0x8f8dce34 x14=0x8f8dde34
      191385000	     19039	80008424	0ff0000f	fence	iorw,iorw	
      191405000	     19041	80008428	03ef6b33	rem	x22,x30,x30	 x30:0x00000000 x30:0x00000000 x22=0x00000000
      191415000	     19042	8000842c	01058c33	add	x24,x11,x16	 x11:0x8f8dce34 x16:0xd3fbe000 x24=0x6389ae34
      191425000	     19043	80008430	e1a9	c.bnez	x11,80008472	 x11:0x8f8dce34
      191815000	     19082	80008472	03914b33	div	x22,x2,x25	  x2:0xb6b1b4b8 x25:0x00000019 x22=0xfd115927
      191825000	     19083	80008476	00ee6c33	or	x24,x28,x14	 x28:0x80021e34 x14:0x8f8dde34 x24=0x8f8fde34
      191835000	     19084	8000847a	39786537	lui	x10,0x39786	 x10=0x39786000
      191875000	     19088	8000847e	0309a9b3	mulhsu	x19,x19,x16	 x19:0x00000000 x16:0xd3fbe000 x19=0x00000000
      191885000	     19089	80008482	01e60263	beq	x12,x30,80008486	 x12:0x00000000 x30:0x00000000
      191915000	     19092	80008486	000ad493	srli	x9,x21,0x0	 x21:0x00000000  x9=0x00000000
      191925000	     19093	8000848a	30b0e293	ori	x5,x1,779	  x1:0x00000000  x5=0x0000030b
      191935000	     19094	8000848e	3409a573	csrrs	x10,mscratch,x19	 x19:0x00000000 x10=0x00000002
      191945000	     19095	80008492	014ec2b3	xor	x5,x29,x20	 x29:0x00000002 x20:0x8f8dce34  x5=0x8f8dce36
      191955000	     19096	80008496	0204da63	bge	x9,x0,800084ca	  x9:0x00000000  x0:0x00000000
      191975000	     19098	800084ca	8925	c.andi	x10,9	 x10:0x00000002 x10=0x00000000
      191985000	     19099	800084cc	6c9d	c.lui	x25,0x7	 x25=0x00007000
      191995000	     19100	800084ce	340b5ff3	csrrwi	x31,mscratch,22	 x31=0x00000002
      192005000	     19101	800084d2	0632	c.slli	x12,0xc	 x12:0x00000000 x12=0x00000000
      192045000	     19105	800084d4	02843a33	mulhu	x20,x8,x8	  x8:0x00000000  x8:0x00000000 x20=0x00000000
      192055000	     19106	800084d8	00aaeab3	or	x21,x21,x10	 x21:0x00000000 x10:0x00000000 x21=0x00000000
      192065000	     19107	800084dc	99129c17	auipc	x24,0x99129	 x24=0x191314dc
      192075000	     19108	800084e0	97417093	andi	x1,x2,-1676	  x2:0xb6b1b4b8  x1=0xb6b1b030
      192085000	     19109	800084e4	007cfc63	bgeu	x25,x7,800084fc	 x25:0x00007000  x7:0x80000000
      192095000	     19110	800084e8	0000100f	fence.i	
      192115000	     19112	800084ec	85e5	c.srai	x11,0x19	 x11:0x8f8dce34 x11=0xffffffc7
      192485000	     19149	800084ee	0260edb3	rem	x27,x1,x6	  x1:0xb6b1b030  x6:0x7c77335e x27=0xb6b1b030
      192855000	     19186	800084f2	03127fb3	remu	x31,x4,x17	  x4:0x00001000 x17:0xfffffb27 x31=0x00001000
      192865000	     19187	800084f6	717d	c.addi16sp	x2,-16	  x2:0xb6b1b4b8  x2=0xb6b1b4a8
      193235000	     19224	800084f8	032b7333	remu	x6,x22,x18	 x22:0xfd115927 x18:0xfffff878  x6=0xfd115927
      193245000	     19225	800084fc	62c9	c.lui	x5,0x12	  x5=0x00012000
      193275000	     19228	800084fe	03ba09b3	mul	x19,x20,x27	 x20:0x00000000 x27:0xb6b1b030 x19=0x00000000
      193285000	     19229	80008502	6a5d	c.lui	x20,0x17	 x20=0x00017000
      193295000	     19230	80008504	0219	c.addi	x4,6	  x4:0x00001000  x4=0x00001006
      193305000	     19231	80008506	00e64e63	blt	x12,x14,80008522	 x12:0x00000000 x14:0x8f8dde34
      193315000	     19232	8000850a	008f4b63	blt	x30,x8,80008520	 x30:0x00000000  x8:0x00000000
      193325000	     19233	8000850e	00c04db3	xor	x27,x0,x12	  x0:0x00000000 x12:0x00000000 x27=0x00000000
      193335000	     19234	80008512	340f26f3	csrrs	x13,mscratch,x30	 x30:0x00000000 x13=0x00000016
      193345000	     19235	80008516	340769f3	csrrsi	x19,mscratch,14	 x19=0x00000016
      193355000	     19236	8000851a	01c60cb3	add	x25,x12,x28	 x12:0x00000000 x28:0x80021e34 x25=0x80021e34
      193365000	     19237	8000851e	802d	c.srli	x8,0xb	  x8:0x00000000  x8=0x00000000
      193375000	     19238	80008520	883d	c.andi	x8,15	  x8:0x00000000  x8=0x00000000
      193385000	     19239	80008522	e59d	c.bnez	x11,80008550	 x11:0xffffffc7
      193405000	     19241	80008550	8eed	c.and	x13,x11	 x13:0x00000016 x11:0xffffffc7 x13=0x00000006
      193775000	     19278	80008552	03935c33	divu	x24,x6,x25	  x6:0xfd115927 x25:0x80021e34 x24=0x00000001
      193785000	     19279	80008556	8dc5	c.or	x11,x9	 x11:0xffffffc7  x9:0x00000000 x11=0xffffffc7
      193795000	     19280	80008558	03fdd863	bge	x27,x31,80008588	 x27:0x00000000 x31:0x00001000
      193805000	     19281	8000855c	0190f833	and	x16,x1,x25	  x1:0xb6b1b030 x25:0x80021e34 x16=0x80001030
      194175000	     19318	80008560	03c3ca33	div	x20,x7,x28	  x7:0x80000000 x28:0x80021e34 x20=0x00000001
      194185000	     19319	80008564	00e4b1b3	sltu	x3,x9,x14	  x9:0x00000000 x14:0x8f8dde34  x3=0x00000001
      194195000	     19320	80008568	012c7db3	and	x27,x24,x18	 x24:0x00000001 x18:0xfffff878 x27=0x00000000
      194205000	     19321	8000856c	875e	c.mv	x14,x23	  x0:0x00000000 x23:0x00000000 x14=0x00000000
      194215000	     19322	8000856e	6d59	c.lui	x26,0x16	 x26=0x00016000
      194225000	     19323	80008570	03f79163	bne	x15,x31,80008592	 x15:0x80025ce4 x31:0x00001000
      194245000	     19325	80008592	8c45	c.or	x8,x9	  x8:0x00000000  x9:0x00000000  x8=0x00000000
      194255000	     19326	80008594	009dd663	bge	x27,x9,800085a0	 x27:0x00000000  x9:0x00000000
      194275000	     19328	800085a0	003d3eb3	sltu	x29,x26,x3	 x26:0x00016000  x3:0x00000001 x29=0x00000000
      194285000	     19329	800085a4	400a8bb3	sub	x23,x21,x0	 x21:0x00000000  x0:0x00000000 x23=0x00000000
      194315000	     19332	800085a8	028a09b3	mul	x19,x20,x8	 x20:0x00000001  x8:0x00000000 x19=0x00000000
      194325000	     19333	800085ac	0ff0000f	fence	iorw,iorw	
      194335000	     19334	800085b0	01f4ce63	blt	x9,x31,800085cc	  x9:0x00000000 x31:0x00001000
      194715000	     19372	800085cc	034bd1b3	divu	x3,x23,x20	 x23:0x00000000 x20:0x00000001  x3=0x00000000
      194725000	     19373	800085d0	34007873	csrrci	x16,mscratch,0	 x16=0x0000001e
      194735000	     19374	800085d4	9b3a	c.add	x22,x14	 x22:0xfd115927 x14:0x00000000 x22=0xfd115927
      194745000	     19375	800085d6	c889	c.beqz	x9,800085e8	  x9:0x00000000
      194765000	     19377	800085e8	340522f3	csrrs	x5,mscratch,x10	 x10:0x00000000  x5=0x0000001e
      194795000	     19380	800085ec	03de8ab3	mul	x21,x29,x29	 x29:0x00000000 x29:0x00000000 x21=0x00000000
      194805000	     19381	800085f0	016d6963	bltu	x26,x22,80008602	 x26:0x00016000 x22:0xfd115927
      194845000	     19385	80008602	029f5b33	divu	x22,x30,x9	 x30:0x00000000  x9:0x00000000 x22=0xffffffff
      194865000	     19387	80008606	03b844b3	div	x9,x16,x27	 x16:0x0000001e x27:0x00000000  x9=0xffffffff
      194875000	     19388	8000860a	1690cb93	xori	x23,x1,361	  x1:0xb6b1b030 x23=0xb6b1b159
      194915000	     19392	8000860e	02381333	mulh	x6,x16,x3	 x16:0x0000001e  x3:0x00000000  x6=0x00000000
      194925000	     19393	80008612	02a25f63	bge	x4,x10,80008650	  x4:0x00001006 x10:0x00000000
      194945000	     19395	80008650	c41d	c.beqz	x8,8000867e	  x8:0x00000000
      194965000	     19397	8000867e	0001	c.addi	x0,0	  x0:0x00000000  x0=0x00000000
      194975000	     19398	80008680	0b424337	lui	x6,0xb424	  x6=0x0b424000
      194985000	     19399	80008684	033bd863	bge	x23,x19,800086b4	 x23:0xb6b1b159 x19:0x00000000
      194995000	     19400	80008688	00234733	xor	x14,x6,x2	  x6:0x0b424000  x2:0xb6b1b4a8 x14=0xbdf3f4a8
      195005000	     19401	8000868c	00b57033	and	x0,x10,x11	 x10:0x00000000 x11:0xffffffc7  x0=0x00000000
      195035000	     19404	80008690	029100b3	mul	x1,x2,x9	  x2:0xb6b1b4a8  x9:0xffffffff  x1=0x494e4b58
      195045000	     19405	80008694	01c80363	beq	x16,x28,8000869a	 x16:0x0000001e x28:0x80021e34
      195055000	     19406	80008698	0001	c.addi	x0,0	  x0:0x00000000  x0=0x00000000
      195065000	     19407	8000869a	0505	c.addi	x10,1	 x10:0x00000000 x10=0x00000001
      195075000	     19408	8000869c	8f4d	c.or	x14,x11	 x14:0xbdf3f4a8 x11:0xffffffc7 x14=0xffffffef
      195115000	     19412	8000869e	02bf2db3	mulhsu	x27,x30,x11	 x30:0x00000000 x11:0xffffffc7 x27=0x00000000
      195485000	     19449	800086a2	03a6fab3	remu	x21,x13,x26	 x13:0x00000006 x26:0x00016000 x21=0x00000006
      195495000	     19450	800086a6	869e	c.mv	x13,x7	  x0:0x00000000  x7:0x80000000 x13=0x80000000
      195505000	     19451	800086a8	00abffb3	and	x31,x23,x10	 x23:0xb6b1b159 x10:0x00000001 x31=0x00000001
      195515000	     19452	800086ac	33ec6197	auipc	x3,0x33ec6	  x3=0xb3ece6ac
      195525000	     19453	800086b0	0ff0000f	fence	iorw,iorw	
      195535000	     19454	800086b4	00cec4b3	xor	x9,x29,x12	 x29:0x00000000 x12:0x00000000  x9=0x00000000
      195575000	     19458	800086b8	03059db3	mulh	x27,x11,x16	 x11:0xffffffc7 x16:0x0000001e x27=0xffffffff
      195585000	     19459	800086bc	340032f3	csrrc	x5,mscratch,x0	  x0:0x00000000  x5=0x0000001e
      195595000	     19460	800086c0	90fa	c.add	x1,x30	  x1:0x494e4b58 x30:0x00000000  x1=0x494e4b58
      195605000	     19461	800086c2	00cbcc33	xor	x24,x23,x12	 x23:0xb6b1b159 x12:0x00000000 x24=0xb6b1b159
      195615000	     19462	800086c6	01489a63	bne	x17,x20,800086da	 x17:0xfffffb27 x20:0x00000001
      196005000	     19501	800086da	0300ed33	rem	x26,x1,x16	  x1:0x494e4b58 x16:0x0000001e x26=0x0000000e
      196045000	     19505	800086de	02dd2833	mulhsu	x16,x26,x13	 x26:0x0000000e x13:0x80000000 x16=0x00000007
      196055000	     19506	800086e2	01d76333	or	x6,x14,x29	 x14:0xffffffef x29:0x00000000  x6=0xffffffef
      196065000	     19507	800086e6	0001	c.addi	x0,0	  x0:0x00000000  x0=0x00000000
      196075000	     19508	800086e8	32d66593	ori	x11,x12,813	 x12:0x00000000 x11=0x0000032d
      196085000	     19509	800086ec	403bd713	srai	x14,x23,0x3	 x23:0xb6b1b159 x14=0xf6d6362b
      196095000	     19510	800086f0	62f7bd13	sltiu	x26,x15,1583	 x15:0x80025ce4 x26=0x00000000
      196105000	     19511	800086f4	340360f3	csrrsi	x1,mscratch,6	  x1=0x0000001e
      196115000	     19512	800086f8	017b2833	slt	x16,x22,x23	 x22:0xffffffff x23:0xb6b1b159 x16=0x00000000
      196125000	     19513	800086fc	01c19863	bne	x3,x28,8000870c	  x3:0xb3ece6ac x28:0x80021e34
      196145000	     19515	8000870c	00c46f33	or	x30,x8,x12	  x8:0x00000000 x12:0x00000000 x30=0x00000000
      196155000	     19516	80008710	8075	c.srli	x8,0x1d	  x8:0x00000000  x8=0x00000000
      196165000	     19517	80008712	0000100f	fence.i	
      196185000	     19519	80008716	997d	c.andi	x10,-1	 x10:0x00000001 x10=0x00000001
      196215000	     19522	80008718	032e0db3	mul	x27,x28,x18	 x28:0x80021e34 x18:0xfffff878 x27=0xf00c8860
      196225000	     19523	8000871c	ddfbb697	auipc	x13,0xddfbb	 x13=0x5dfc371c
      196235000	     19524	80008720	01dc1b33	sll	x22,x24,x29	 x24:0xb6b1b159 x29:0x00000000 x22=0xb6b1b159
      196245000	     19525	80008724	45cdc713	xori	x14,x27,1116	 x27:0xf00c8860 x14=0xf00c8c3c
      196255000	     19526	80008728	85c1	c.srai	x11,0x10	 x11:0x0000032d x11=0x00000000
      196265000	     19527	8000872a	d6d8fc17	auipc	x24,0xd6d8f	 x24=0x56d9772a
      196275000	     19528	8000872e	9b7d	c.andi	x14,-1	 x14:0xf00c8c3c x14=0xf00c8c3c
      196285000	     19529	80008730	01ac7bb3	and	x23,x24,x26	 x24:0x56d9772a x26:0x00000000 x23=0x00000000
      196295000	     19530	80008734	037fc463	blt	x31,x23,8000875c	 x31:0x00000001 x23:0x00000000
      196305000	     19531	80008738	8d0d	c.sub	x10,x11	 x10:0x00000001 x11:0x00000000 x10=0x00000001
      196315000	     19532	8000873a	ec86e4b7	lui	x9,0xec86e	  x9=0xec86e000
      196345000	     19535	8000873e	03b68bb3	mul	x23,x13,x27	 x13:0x5dfc371c x27:0xf00c8860 x23=0x112b8a80
      196715000	     19572	80008742	039a5a33	divu	x20,x20,x25	 x20:0x00000001 x25:0x80021e34 x20=0x00000000
      196725000	     19573	80008746	40d00c33	sub	x24,x0,x13	  x0:0x00000000 x13:0x5dfc371c x24=0xa203c8e4
      196735000	     19574	8000874a	4121d013	srai	x0,x3,0x12	  x3:0xb3ece6ac  x0=0x00000000
      197105000	     19611	8000874e	02fa4eb3	div	x29,x20,x15	 x20:0x00000000 x15:0x80025ce4 x29=0x00000000
      197115000	     19612	80008752	5c727a13	andi	x20,x4,1479	  x4:0x00001006 x20=0x00000006
      197155000	     19616	80008756	03769fb3	mulh	x31,x13,x23	 x13:0x5dfc371c x23:0x112b8a80 x31=0x064dbbdf
      197165000	     19617	8000875a	686d	c.lui	x16,0x1b	 x16=0x0001b000
      197175000	     19618	8000875c	597d	c.li	x18,-1	 x18=0xffffffff
      197185000	     19619	8000875e	01b35c63	bge	x6,x27,80008776	  x6:0xffffffef x27:0xf00c8860
      197575000	     19658	80008776	039f46b3	div	x13,x30,x25	 x30:0x00000000 x25:0x80021e34 x13=0x00000000
      197585000	     19659	8000877a	340298f3	csrrw	x17,mscratch,x5	  x5:0x0000001e x17=0x0000001e
      197595000	     19660	8000877e	03d76063	bltu	x14,x29,8000879e	 x14:0xf00c8c3c x29:0x00000000
      197605000	     19661	80008782	015f2eb3	slt	x29,x30,x21	 x30:0x00000000 x21:0x00000006 x29=0x00000001
      197615000	     19662	80008786	80ce	c.mv	x1,x19	  x0:0x00000000 x19:0x00000000  x1=0x00000000
      197625000	     19663	80008788	714dec17	auipc	x24,0x714de	 x24=0xf14e6788
      197635000	     19664	8000878c	8c99	c.sub	x9,x14	  x9:0xec86e000 x14:0xf00c8c3c  x9=0xfc7a53c4
      197655000	     19666	8000878e	0213c933	div	x18,x7,x1	  x7:0x80000000  x1:0x00000000 x18=0xffffffff
      197665000	     19667	80008792	0391ea63	bltu	x3,x25,800087c6	  x3:0xb3ece6ac x25:0x80021e34
      197675000	     19668	80008796	01aa32b3	sltu	x5,x20,x26	 x20:0x00000006 x26:0x00000000  x5=0x00000000
      197685000	     19669	8000879a	8c51	c.or	x8,x12	  x8:0x00000000 x12:0x00000000  x8=0x00000000
      197695000	     19670	8000879c	8da1	c.xor	x11,x8	 x11:0x00000000  x8:0x00000000 x11=0x00000000
      197705000	     19671	8000879e	8c11	c.sub	x8,x12	  x8:0x00000000 x12:0x00000000  x8=0x00000000
      197715000	     19672	800087a0	08c6	c.slli	x17,0x11	 x17:0x0000001e x17=0x003c0000
      197725000	     19673	800087a2	01f11c63	bne	x2,x31,800087ba	  x2:0xb6b1b4a8 x31:0x064dbbdf
      197755000	     19676	800087ba	34079b73	csrrw	x22,mscratch,x15	 x15:0x80025ce4 x22=0x0000001e
      197765000	     19677	800087be	34061df3	csrrw	x27,mscratch,x12	 x12:0x00000000 x27=0x80025ce4
      197775000	     19678	800087c2	01dcfa33	and	x20,x25,x29	 x25:0x80021e34 x29:0x00000001 x20=0x00000000
      197785000	     19679	800087c6	00785313	srli	x6,x16,0x7	 x16:0x0001b000  x6=0x00000360
      198155000	     19716	800087ca	03fbcdb3	div	x27,x23,x31	 x23:0x112b8a80 x31:0x064dbbdf x27=0x00000002
      198165000	     19717	800087ce	0aa5	c.addi	x21,9	 x21:0x00000006 x21=0x0000000f
      198175000	     19718	800087d0	00b5ca33	xor	x20,x11,x11	 x11:0x00000000 x11:0x00000000 x20=0x00000000
      198185000	     19719	800087d4	0001	c.addi	x0,0	  x0:0x00000000  x0=0x00000000
      198195000	     19720	800087d6	340afb73	csrrci	x22,mscratch,21	 x22=0x00000000
      198205000	     19721	800087da	49c6a697	auipc	x13,0x49c6a	 x13=0xc9c727da
      198575000	     19758	800087de	02737433	remu	x8,x6,x7	  x6:0x00000360  x7:0x80000000  x8=0x00000360
      198585000	     19759	800087e2	38f7a693	slti	x13,x15,911	 x15:0x80025ce4 x13=0x00000001
      198595000	     19760	800087e6	0a94	c.addi4spn	x13,x2,336	 x13=0xb6b1b5f8
      198635000	     19764	800087e8	02a515b3	mulh	x11,x10,x10	 x10:0x00000001 x10:0x00000001 x11=0x00000000
      198645000	     19765	800087ec	39cd4d13	xori	x26,x26,924	 x26:0x00000000 x26=0x0000039c
      198655000	     19766	800087f0	8ddd	c.or	x11,x15	 x11:0x00000000 x15:0x80025ce4 x11=0x80025ce4
      198695000	     19770	800087f2	0359bd33	mulhu	x26,x19,x21	 x19:0x00000000 x21:0x0000000f x26=0x00000000
      198705000	     19771	800087f6	001b5a93	srli	x21,x22,0x1	 x22:0x00000000 x21=0x00000000
      198715000	     19772	800087fa	340e52f3	csrrwi	x5,mscratch,28	  x5=0x00000000
      198725000	     19773	800087fe	41d252b3	sra	x5,x4,x29	  x4:0x00001006 x29:0x00000001  x5=0x00000803
      198765000	     19777	80008802	02cb1d33	mulh	x26,x22,x12	 x22:0x00000000 x12:0x00000000 x26=0x00000000
      198785000	     19779	80008806	035c4cb3	div	x25,x24,x21	 x24:0xf14e6788 x21:0x00000000 x25=0xffffffff
      198795000	     19780	8000880a	0135e0b3	or	x1,x11,x19	 x11:0x80025ce4 x19:0x00000000  x1=0x80025ce4
      198805000	     19781	8000880e	8ced	c.and	x9,x11	  x9:0xfc7a53c4 x11:0x80025ce4  x9=0x800250c4
      198815000	     19782	80008810	d1721f97	auipc	x31,0xd1721	 x31=0x51729810
      198825000	     19783	80008814	e60d	c.bnez	x12,8000883e	 x12:0x00000000
      198835000	     19784	80008816	0111cc63	blt	x3,x17,8000882e	  x3:0xb3ece6ac x17:0x003c0000
      198855000	     19786	8000882e	1880	c.addi4spn	x8,x2,112	  x8=0xb6b1b518
      198865000	     19787	80008830	6639	c.lui	x12,0xe	 x12=0x0000e000
      198875000	     19788	80008832	2f0bfc93	andi	x25,x23,752	 x23:0x112b8a80 x25=0x00000280
      198885000	     19789	80008836	3400d373	csrrwi	x6,mscratch,1	  x6=0x0000001c
      198895000	     19790	8000883a	009b78b3	and	x17,x22,x9	 x22:0x00000000  x9:0x800250c4 x17=0x00000000
      198905000	     19791	8000883e	0319	c.addi	x6,6	  x6:0x0000001c  x6=0x00000022
      198915000	     19792	80008840	0000100f	fence.i	
      198935000	     19794	80008844	8de5	c.and	x11,x9	 x11:0x80025ce4  x9:0x800250c4 x11=0x800250c4
      198975000	     19798	80008846	02083fb3	mulhu	x31,x16,x0	 x16:0x0001b000  x0:0x00000000 x31=0x00000000
      198985000	     19799	8000884a	34007873	csrrci	x16,mscratch,0	 x16=0x00000001
      198995000	     19800	8000884e	e109	c.bnez	x10,80008850	 x10:0x00000001
      199015000	     19802	80008850	1e80	c.addi4spn	x8,x2,880	  x8=0xb6b1b818
      199025000	     19803	80008852	df96c293	xori	x5,x13,-519	 x13:0xb6b1b5f8  x5=0x494e4801
      199035000	     19804	80008856	34085bf3	csrrwi	x23,mscratch,16	 x23=0x00000001
      199045000	     19805	8000885a	40e2d693	srai	x13,x5,0xe	  x5:0x494e4801 x13=0x00012539
      199085000	     19809	8000885e	020d9d33	mulh	x26,x27,x0	 x27:0x00000002  x0:0x00000000 x26=0x00000000
      199095000	     19810	80008862	0018acb3	slt	x25,x17,x1	 x17:0x00000000  x1:0x80025ce4 x25=0x00000000
      199105000	     19811	80008866	00228263	beq	x5,x2,8000886a	  x5:0x494e4801  x2:0xb6b1b4a8
      199475000	     19848	8000886a	0283d233	divu	x4,x7,x8	  x7:0x80000000  x8:0xb6b1b818  x4=0x00000000
      199485000	     19849	8000886e	50fe2413	slti	x8,x28,1295	 x28:0x80021e34  x8=0x00000001
      199495000	     19850	80008872	0ff0000f	fence	iorw,iorw	
      199505000	     19851	80008876	50fd	c.li	x1,-1	  x1=0xffffffff
      199515000	     19852	80008878	0c0a	c.slli	x24,0x2	 x24:0xf14e6788 x24=0xc5399e20
      199545000	     19855	8000887a	022c0033	mul	x0,x24,x2	 x24:0xc5399e20  x2:0xb6b1b4a8  x0=0x00000000
      199555000	     19856	8000887e	c23d1897	auipc	x17,0xc23d1	 x17=0x423d987e
      199565000	     19857	80008882	0f00	c.addi4spn	x8,x2,912	  x8=0xb6b1b838
      199575000	     19858	80008884	8f35	c.xor	x14,x13	 x14:0xf00c8c3c x13:0x00012539 x14=0xf00da905
      199585000	     19859	80008886	00303ab3	sltu	x21,x0,x3	  x0:0x00000000  x3:0xb3ece6ac x21=0x00000001
      199595000	     19860	8000888a	0124e5b3	or	x11,x9,x18	  x9:0x800250c4 x18:0xffffffff x11=0xffffffff
      199605000	     19861	8000888e	891e	c.mv	x18,x7	  x0:0x00000000  x7:0x80000000 x18=0x80000000
      199615000	     19862	80008890	34069373	csrrw	x6,mscratch,x13	 x13:0x00012539  x6=0x00000010
      199625000	     19863	80008894	2fd82013	slti	x0,x16,765	 x16:0x00000001  x0=0x00000000
      199635000	     19864	80008898	80dd	c.srli	x9,0x17	  x9:0x800250c4  x9=0x00000100
      199645000	     19865	8000889a	b22ba293	slti	x5,x23,-1246	 x23:0x00000001  x5=0x00000000
      199655000	     19866	8000889e	015e5863	bge	x28,x21,800088ae	 x28:0x80021e34 x21:0x00000001
      199665000	     19867	800088a2	0ff0000f	fence	iorw,iorw	
      200035000	     19904	800088a6	0326e233	rem	x4,x13,x18	 x13:0x00012539 x18:0x80000000  x4=0x00012539
      200045000	     19905	800088aa	6291	c.lui	x5,0x4	  x5=0x00004000
      200055000	     19906	800088ac	6965	c.lui	x18,0x19	 x18=0x00019000
      200065000	     19907	800088ae	025de863	bltu	x27,x5,800088de	 x27:0x00000002  x5:0x00004000
      200095000	     19910	800088de	34085f73	csrrwi	x30,mscratch,16	 x30=0x00012539
      200465000	     19947	800088e2	03ed4233	div	x4,x26,x30	 x26:0x00000000 x30:0x00012539  x4=0x00000000
      200475000	     19948	800088e6	55a30f13	addi	x30,x6,1370	  x6:0x00000010 x30=0x0000056a
      200485000	     19949	800088ea	8ca9	c.xor	x9,x10	  x9:0x00000100 x10:0x00000001  x9=0x00000101
      200495000	     19950	800088ec	01a9f733	and	x14,x19,x26	 x19:0x00000000 x26:0x00000000 x14=0x00000000
      200505000	     19951	800088f0	016195b3	sll	x11,x3,x22	  x3:0xb3ece6ac x22:0x00000000 x11=0xb3ece6ac
      200515000	     19952	800088f4	0001	c.addi	x0,0	  x0:0x00000000  x0=0x00000000
      200525000	     19953	800088f6	0ff0000f	fence	iorw,iorw	
      200535000	     19954	800088fa	8c96	c.mv	x25,x5	  x0:0x00000000  x5:0x00004000 x25=0x00004000
      200565000	     19957	800088fc	02f60b33	mul	x22,x12,x15	 x12:0x0000e000 x15:0x80025ce4 x22=0x11478000
      200575000	     19958	80008900	004e2a83	lw	x21,4(x28)	 x28:0x80021e34 x21=0x80005ee0 PA:0x80021e38 load:0x80005ee0
      200585000	     19959	80008904	8981	c.andi	x11,0	 x11:0xb3ece6ac x11=0x00000000
      200955000	     19996	80008906	036c72b3	remu	x5,x24,x22	 x24:0xc5399e20 x22:0x11478000  x5=0x07271e20
      200965000	     19997	8000890a	50fd	c.li	x1,-1	  x1=0xffffffff
      200975000	     19998	8000890c	0001	c.addi	x0,0	  x0:0x00000000  x0=0x00000000
      200985000	     19999	8000890e	020e0e13	addi	x28,x28,32	 x28:0x80021e34 x28=0x80021e54
      200995000	     20000	80008912	881d2993	slti	x19,x26,-1919	 x26:0x00000000 x19=0x00000000
      201005000	     20001	80008916	0379	c.addi	x6,30	  x6:0x00000010  x6=0x0000002e
      201015000	     20002	80008918	000a8c13	addi	x24,x21,0	 x21:0x80005ee0 x24=0x80005ee0
      201025000	     20003	8000891c	8c02	c.jr	x24	 x24:0x80005ee0
      201045000	     20005	80005ee0	8519	c.srai	x10,0x6	 x10:0x00000001 x10=0x00000000
      201415000	     20042	80005ee2	03e2cab3	div	x21,x5,x30	  x5:0x07271e20 x30:0x0000056a x21=0x00015237
      201425000	     20043	80005ee6	0ff0000f	fence	iorw,iorw	
      201435000	     20044	80005eea	0000100f	fence.i	
      201465000	     20047	80005eee	01e2d763	bge	x5,x30,80005efc	  x5:0x07271e20 x30:0x0000056a
      201485000	     20049	80005efc	c2c8d217	auipc	x4,0xc2c8d	  x4=0x42c92efc
      201495000	     20050	80005f00	39f72317	auipc	x6,0x39f72	  x6=0xb9f77f00
      201505000	     20051	80005f04	3405a9f3	csrrs	x19,mscratch,x11	 x11:0x00000000 x19=0x00000010
      201515000	     20052	80005f08	01063eb3	sltu	x29,x12,x16	 x12:0x0000e000 x16:0x00000001 x29=0x00000000
      201525000	     20053	80005f0c	f3f18f93	addi	x31,x3,-193	  x3:0xb3ece6ac x31=0xb3ece5eb
      201535000	     20054	80005f10	8ce5	c.and	x9,x9	  x9:0x00000101  x9:0x00000101  x9=0x00000101
      201545000	     20055	80005f12	f4cf8413	addi	x8,x31,-180	 x31:0xb3ece5eb  x8=0xb3ece537
      201555000	     20056	80005f16	4d11	c.li	x26,4	 x26=0x00000004
      201595000	     20060	80005f18	032bb233	mulhu	x4,x23,x18	 x23:0x00000001 x18:0x00019000  x4=0x00000000
      201605000	     20061	80005f1c	41595533	sra	x10,x18,x21	 x18:0x00019000 x21:0x00015237 x10=0x00000000
      201615000	     20062	80005f20	00137733	and	x14,x6,x1	  x6:0xb9f77f00  x1:0xffffffff x14=0xb9f77f00
      201625000	     20063	80005f24	0080	c.addi4spn	x8,x2,64	  x8=0xb6b1b4e8
      201635000	     20064	80005f26	e7525cb7	lui	x25,0xe7525	 x25=0xe7525000
      201645000	     20065	80005f2a	0001	c.addi	x0,0	  x0:0x00000000  x0=0x00000000
      201655000	     20066	80005f2c	34007c73	csrrci	x24,mscratch,0	 x24=0x00000010
      201665000	     20067	80005f30	00d22a33	slt	x20,x4,x13	  x4:0x00000000 x13:0x00012539 x20=0x00000001
      202035000	     20104	80005f34	0292d2b3	divu	x5,x5,x9	  x5:0x07271e20  x9:0x00000101  x5=0x00071ffe
      202045000	     20105	80005f38	89fe	c.mv	x19,x31	  x0:0x00000000 x31:0xb3ece5eb x19=0xb3ece5eb
      202065000	     20107	80005f3a	02b962b3	rem	x5,x18,x11	 x18:0x00019000 x11:0x00000000  x5=0x00019000
      202075000	     20108	80005f3e	40648833	sub	x16,x9,x6	  x9:0x00000101  x6:0xb9f77f00 x16=0x46088201
      202085000	     20109	80005f42	00d192b3	sll	x5,x3,x13	  x3:0xb3ece6ac x13:0x00012539  x5=0x58000000
      202095000	     20110	80005f46	0001	c.addi	x0,0	  x0:0x00000000  x0=0x00000000
      202105000	     20111	80005f48	340df173	csrrci	x2,mscratch,27	  x2=0x00000010
      202115000	     20112	80005f4c	410b5913	srai	x18,x22,0x10	 x22:0x11478000 x18=0x00001147
      202125000	     20113	80005f50	03706163	bltu	x0,x23,80005f72	  x0:0x00000000 x23:0x00000001
      202515000	     20152	80005f72	02e4c8b3	div	x17,x9,x14	  x9:0x00000101 x14:0xb9f77f00 x17=0x00000000
      202525000	     20153	80005f76	00597863	bgeu	x18,x5,80005f86	 x18:0x00001147  x5:0x58000000
      202535000	     20154	80005f7a	340032f3	csrrc	x5,mscratch,x0	  x0:0x00000000  x5=0x00000000
      202545000	     20155	80005f7e	4028dbb3	sra	x23,x17,x2	 x17:0x00000000  x2:0x00000010 x23=0x00000000
      202555000	     20156	80005f82	025e8f63	beq	x29,x5,80005fc0	 x29:0x00000000  x5:0x00000000
      202575000	     20158	80005fc0	1584	c.addi4spn	x9,x2,736	  x9=0x000002f0
      202945000	     20195	80005fc2	03816633	rem	x12,x2,x24	  x2:0x00000010 x24:0x00000010 x12=0x00000000
      202985000	     20199	80005fc6	0339b0b3	mulhu	x1,x19,x19	 x19:0xb3ece5eb x19:0xb3ece5eb  x1=0x7e7524bf
      202995000	     20200	80005fca	0836	c.slli	x16,0xd	 x16:0x46088201 x16=0x10402000
      203005000	     20201	80005fcc	cc85	c.beqz	x9,80006004	  x9:0x000002f0
      203015000	     20202	80005fce	0001	c.addi	x0,0	  x0:0x00000000  x0=0x00000000
      203025000	     20203	80005fd0	4a29	c.li	x20,10	 x20=0x0000000a
      203035000	     20204	80005fd2	85ed	c.srai	x11,0x1b	 x11:0x00000000 x11=0x00000000
      203065000	     20207	80005fd4	02370933	mul	x18,x14,x3	 x14:0xb9f77f00  x3:0xb3ece6ac x18=0x62635400
      203075000	     20208	80005fd8	03fb9163	bne	x23,x31,80005ffa	 x23:0x00000000 x31:0xb3ece5eb
      203095000	     20210	80005ffa	1d08	c.addi4spn	x10,x2,688	 x10=0x000002c0
      203105000	     20211	80005ffc	e5cb7193	andi	x3,x22,-420	 x22:0x11478000  x3=0x11478000
      203115000	     20212	80006000	340d5273	csrrwi	x4,mscratch,26	  x4=0x00000000
      203125000	     20213	80006004	40948d33	sub	x26,x9,x9	  x9:0x000002f0  x9:0x000002f0 x26=0x00000000
      203135000	     20214	80006008	987d	c.andi	x8,-1	  x8:0xb6b1b4e8  x8=0xb6b1b4e8
      203145000	     20215	8000600a	10fd	c.addi	x1,-1	  x1:0x7e7524bf  x1=0x7e7524be
      203155000	     20216	8000600c	8c6a	c.mv	x24,x26	  x0:0x00000000 x26:0x00000000 x24=0x00000000
      203165000	     20217	8000600e	8611	c.srai	x12,0x4	 x12:0x00000000 x12=0x00000000
      203205000	     20221	80006010	028195b3	mulh	x11,x3,x8	  x3:0x11478000  x8:0xb6b1b4e8 x11=0xfb0d53a5
      203215000	     20222	80006014	c1b1	c.beqz	x11,80006058	 x11:0xfb0d53a5
      203225000	     20223	80006016	550f9917	auipc	x18,0x550f9	 x18=0xd50ff016
      203235000	     20224	8000601a	9ce5a613	slti	x12,x11,-1586	 x11:0xfb0d53a5 x12=0x00000001
      203245000	     20225	8000601e	34002373	csrrs	x6,mscratch,x0	  x0:0x00000000  x6=0x0000001a
      203255000	     20226	80006022	005a1863	bne	x20,x5,80006032	 x20:0x0000000a  x5:0x00000000
      203285000	     20229	80006032	34089573	csrrw	x10,mscratch,x17	 x17:0x00000000 x10=0x0000001a
      203295000	     20230	80006036	0ff0000f	fence	iorw,iorw	
      203305000	     20231	8000603a	0dc70893	addi	x17,x14,220	 x14:0xb9f77f00 x17=0xb9f77fdc
      203315000	     20232	8000603e	02645563	bge	x8,x6,80006068	  x8:0xb6b1b4e8  x6:0x0000001a
      203325000	     20233	80006042	340494f3	csrrw	x9,mscratch,x9	  x9:0x000002f0  x9=0x00000000
      203695000	     20270	80006046	0286fb33	remu	x22,x13,x8	 x13:0x00012539  x8:0xb6b1b4e8 x22=0x00012539
      203705000	     20271	8000604a	e2426193	ori	x3,x4,-476	  x4:0x00000000  x3=0xfffffe24
      203715000	     20272	8000604e	0000100f	fence.i	
      203745000	     20275	80006052	34002a73	csrrs	x20,mscratch,x0	  x0:0x00000000 x20=0x000002f0
      203755000	     20276	80006056	c19d	c.beqz	x11,8000607c	 x11:0xfb0d53a5
      203765000	     20277	80006058	8ef9	c.and	x13,x14	 x13:0x00012539 x14:0xb9f77f00 x13=0x00012500
      203775000	     20278	8000605a	ac9d4413	xori	x8,x26,-1335	 x26:0x00000000  x8=0xfffffac9
      203785000	     20279	8000605e	0001	c.addi	x0,0	  x0:0x00000000  x0=0x00000000
      203795000	     20280	80006060	00ce8fb3	add	x31,x29,x12	 x29:0x00000000 x12:0x00000001 x31=0x00000001
      203835000	     20284	80006064	03a59633	mulh	x12,x11,x26	 x11:0xfb0d53a5 x26:0x00000000 x12=0x00000000
      203855000	     20286	80006068	029d6bb3	rem	x23,x26,x9	 x26:0x00000000  x9:0x00000000 x23=0x00000000
      203865000	     20287	8000606c	1c04	c.addi4spn	x9,x2,560	  x9=0x00000240
      203875000	     20288	8000606e	5c5ae013	ori	x0,x21,1477	 x21:0x00015237  x0=0x00000000
      203905000	     20291	80006072	03950bb3	mul	x23,x10,x25	 x10:0x0000001a x25:0xe7525000 x23=0x7e5c2000
      203915000	     20292	80006076	918e	c.add	x3,x3	  x3:0xfffffe24  x3:0xfffffe24  x3=0xfffffc48
      203925000	     20293	80006078	8d09	c.sub	x10,x10	 x10:0x0000001a x10:0x0000001a x10=0x00000000
      203935000	     20294	8000607a	8e29	c.xor	x12,x10	 x12:0x00000000 x10:0x00000000 x12=0x00000000
      203945000	     20295	8000607c	017fdab3	srl	x21,x31,x23	 x31:0x00000001 x23:0x7e5c2000 x21=0x00000001
      203955000	     20296	80006080	00824b33	xor	x22,x4,x8	  x4:0x00000000  x8:0xfffffac9 x22=0xfffffac9
      203965000	     20297	80006084	005f6633	or	x12,x30,x5	 x30:0x0000056a  x5:0x00000000 x12=0x0000056a
      203975000	     20298	80006088	41e1d933	sra	x18,x3,x30	  x3:0xfffffc48 x30:0x0000056a x18=0xffffffff
      203985000	     20299	8000608c	00865b93	srli	x23,x12,0x8	 x12:0x0000056a x23=0x00000005
      203995000	     20300	80006090	ea8d	c.bnez	x13,800060c2	 x13:0x00012500
      204025000	     20303	800060c2	0057fd33	and	x26,x15,x5	 x15:0x80025ce4  x5:0x00000000 x26=0x00000000
      204035000	     20304	800060c6	00384263	blt	x16,x3,800060ca	 x16:0x10402000  x3:0xfffffc48
      204045000	     20305	800060ca	8af5	c.andi	x13,29	 x13:0x00012500 x13=0x00000000
      204055000	     20306	800060cc	c985	c.beqz	x11,800060fc	 x11:0xfb0d53a5
      204065000	     20307	800060ce	40875733	sra	x14,x14,x8	 x14:0xb9f77f00  x8:0xfffffac9 x14=0xffdcfbbf
      204075000	     20308	800060d2	0ffd	c.addi	x31,31	 x31:0x00000001 x31=0x00000020
      204445000	     20345	800060d4	02975233	divu	x4,x14,x9	 x14:0xffdcfbbf  x9:0x00000240  x4=0x0071b78c
      204465000	     20347	800060d8	025a6d33	rem	x26,x20,x5	 x20:0x000002f0  x5:0x00000000 x26=0x000002f0
      204475000	     20348	800060dc	017f1663	bne	x30,x23,800060e8	 x30:0x0000056a x23:0x00000005
      204495000	     20350	800060e8	0e957513	andi	x10,x10,233	 x10:0x00000000 x10=0x00000000
      204505000	     20351	800060ec	01879733	sll	x14,x15,x24	 x15:0x80025ce4 x24:0x00000000 x14=0x80025ce4
      204515000	     20352	800060f0	0001	c.addi	x0,0	  x0:0x00000000  x0=0x00000000
      204525000	     20353	800060f2	8245	c.srli	x12,0x11	 x12:0x0000056a x12=0x00000000
      204535000	     20354	800060f4	01eb4463	blt	x22,x30,800060fc	 x22:0xfffffac9 x30:0x0000056a
      204555000	     20356	800060fc	6851	c.lui	x16,0x14	 x16=0x00014000
      204565000	     20357	800060fe	6ce5	c.lui	x25,0x19	 x25=0x00019000
      204575000	     20358	80006100	004e2a83	lw	x21,4(x28)	 x28:0x80021e54 x21=0x8000365c PA:0x80021e58 load:0x8000365c
      204585000	     20359	80006104	41f008b3	sub	x17,x0,x31	  x0:0x00000000 x31:0x00000020 x17=0xffffffe0
      204595000	     20360	80006108	0196deb3	srl	x29,x13,x25	 x13:0x00000000 x25:0x00019000 x29=0x00000000
      204605000	     20361	8000610c	00db42b3	xor	x5,x22,x13	 x22:0xfffffac9 x13:0x00000000  x5=0xfffffac9
      204615000	     20362	80006110	0e41	c.addi	x28,16	 x28:0x80021e54 x28=0x80021e64
      204625000	     20363	80006112	d3ca60b7	lui	x1,0xd3ca6	  x1=0xd3ca6000
      204635000	     20364	80006116	000a8813	addi	x16,x21,0	 x21:0x8000365c x16=0x8000365c
      204645000	     20365	8000611a	9802	c.jalr	x16	 x16:0x8000365c  x1=0x8000611c
      204665000	     20367	8000365c	8f21	c.xor	x14,x8	 x14:0x80025ce4  x8:0xfffffac9 x14=0x7ffda62d
      204675000	     20368	8000365e	5cfd	c.li	x25,-1	 x25=0xffffffff
      204685000	     20369	80003660	0337c063	blt	x15,x19,80003680	 x15:0x80025ce4 x19:0xb3ece5eb
      204705000	     20371	80003680	8d75	c.and	x10,x13	 x10:0x00000000 x13:0x00000000 x10=0x00000000
      204715000	     20372	80003682	8e71	c.and	x12,x12	 x12:0x00000000 x12:0x00000000 x12=0x00000000
      204725000	     20373	80003684	8f75	c.and	x14,x13	 x14:0x7ffda62d x13:0x00000000 x14=0x00000000
      204735000	     20374	80003686	34057573	csrrci	x10,mscratch,10	 x10=0x000002f0
      204755000	     20376	8000368a	02c549b3	div	x19,x10,x12	 x10:0x000002f0 x12:0x00000000 x19=0xffffffff
      204765000	     20377	8000368e	6b0d	c.lui	x22,0x3	 x22=0x00003000
      204775000	     20378	80003690	0001	c.addi	x0,0	  x0:0x00000000  x0=0x00000000
      204785000	     20379	80003692	0074adb3	slt	x27,x9,x7	  x9:0x00000240  x7:0x80000000 x27=0x00000000
      204825000	     20383	80003696	02bd9433	mulh	x8,x27,x11	 x27:0x00000000 x11:0xfb0d53a5  x8=0x00000000
      204835000	     20384	8000369a	0000100f	fence.i	
      204865000	     20387	8000369e	340f1df3	csrrw	x27,mscratch,x30	 x30:0x0000056a x27=0x000002f0
      204875000	     20388	800036a2	01b2a333	slt	x6,x5,x27	  x5:0xfffffac9 x27:0x000002f0  x6=0x00000001
      204885000	     20389	800036a6	01fb0f63	beq	x22,x31,800036c4	 x22:0x00003000 x31:0x00000020
      204895000	     20390	800036aa	03984f63	blt	x16,x25,800036e8	 x16:0x8000365c x25:0xffffffff
      204915000	     20392	800036e8	003b1233	sll	x4,x22,x3	 x22:0x00003000  x3:0xfffffc48  x4=0x00300000
      204925000	     20393	800036ec	8551	c.srai	x10,0x14	 x10:0x000002f0 x10=0x00000000
      204935000	     20394	800036ee	340d1a73	csrrw	x20,mscratch,x26	 x26:0x000002f0 x20=0x0000056a
      205305000	     20431	800036f2	03067533	remu	x10,x12,x16	 x12:0x00000000 x16:0x8000365c x10=0x00000000
      205315000	     20432	800036f6	0191af33	slt	x30,x3,x25	  x3:0xfffffc48 x25:0xffffffff x30=0x00000001
      205325000	     20433	800036fa	00025e63	bge	x4,x0,80003716	  x4:0x00300000  x0:0x00000000
      205385000	     20439	80003716	032eb8b3	mulhu	x17,x29,x18	 x29:0x00000000 x18:0xffffffff x17=0x00000000
      205395000	     20440	8000371a	0139e433	or	x8,x19,x19	 x19:0xffffffff x19:0xffffffff  x8=0xffffffff
      205405000	     20441	8000371e	34055d73	csrrwi	x26,mscratch,10	 x26=0x000002f0
      205415000	     20442	80003722	02e28263	beq	x5,x14,80003746	  x5:0xfffffac9 x14:0x00000000
      205425000	     20443	80003726	00b05d63	bge	x0,x11,80003740	  x0:0x00000000 x11:0xfb0d53a5
      205445000	     20445	80003740	014044b3	xor	x9,x0,x20	  x0:0x00000000 x20:0x0000056a  x9=0x0000056a
      205455000	     20446	80003744	48e5	c.li	x17,25	 x17=0x00000019
      205465000	     20447	80003746	847d	c.srai	x8,0x1f	  x8:0xffffffff  x8=0xffffffff
      205835000	     20484	80003748	03c66733	rem	x14,x12,x28	 x12:0x00000000 x28:0x80021e64 x14=0x00000000
      205845000	     20485	8000374c	930e7813	andi	x16,x28,-1744	 x28:0x80021e64 x16=0x80021820
      205855000	     20486	80003750	01eb9313	slli	x6,x23,0x1e	 x23:0x00000005  x6=0x40000000
      205865000	     20487	80003754	a4e5cd13	xori	x26,x11,-1458	 x11:0xfb0d53a5 x26=0x04f2a9eb
      205875000	     20488	80003758	70c3c293	xori	x5,x7,1804	  x7:0x80000000  x5=0x8000070c
      205885000	     20489	8000375c	40855313	srai	x6,x10,0x8	 x10:0x00000000  x6=0x00000000
      205895000	     20490	80003760	3408aaf3	csrrs	x21,mscratch,x17	 x17:0x00000019 x21=0x0000000a
      205905000	     20491	80003764	34031b73	csrrw	x22,mscratch,x6	  x6:0x00000000 x22=0x0000001b
      205915000	     20492	80003768	01651e93	slli	x29,x10,0x16	 x10:0x00000000 x29=0x00000000
      205935000	     20494	8000376c	02e354b3	divu	x9,x6,x14	  x6:0x00000000 x14:0x00000000  x9=0xffffffff
      205945000	     20495	80003770	34007073	csrrci	x0,mscratch,0	  x0=0x00000000
      205955000	     20496	80003774	851d	c.srai	x10,0x7	 x10:0x00000000 x10=0x00000000
      205965000	     20497	80003776	38be4693	xori	x13,x28,907	 x28:0x80021e64 x13=0x80021def
      205975000	     20498	8000377a	03ac7363	bgeu	x24,x26,800037a0	 x24:0x00000000 x26:0x04f2a9eb
      205985000	     20499	8000377e	00bd0433	add	x8,x26,x11	 x26:0x04f2a9eb x11:0xfb0d53a5  x8=0xfffffd90
      205995000	     20500	80003782	81cd	c.srli	x11,0x13	 x11:0xfb0d53a5 x11=0x00001f61
      206035000	     20504	80003784	03b412b3	mulh	x5,x8,x27	  x8:0xfffffd90 x27:0x000002f0  x5=0xffffffff
      206045000	     20505	80003788	00a40733	add	x14,x8,x10	  x8:0xfffffd90 x10:0x00000000 x14=0xfffffd90
      206055000	     20506	8000378c	6091	c.lui	x1,0x4	  x1=0x00004000
      206065000	     20507	8000378e	f9890d93	addi	x27,x18,-104	 x18:0xffffffff x27=0xffffff97
      206075000	     20508	80003792	340e6f73	csrrsi	x30,mscratch,28	 x30=0x00000000
      206085000	     20509	80003796	9b676317	auipc	x6,0x9b676	  x6=0x1b679796
      206095000	     20510	8000379a	0198cbb3	xor	x23,x17,x25	 x17:0x00000019 x25:0xffffffff x23=0xffffffe6
      206105000	     20511	8000379e	8249	c.srli	x12,0x12	 x12:0x00000000 x12=0x00000000
      206115000	     20512	800037a0	d0147413	andi	x8,x8,-767	  x8:0xfffffd90  x8=0xfffffd00
      206125000	     20513	800037a4	ffffd397	auipc	x7,0xffffd	  x7=0x800007a4
      206135000	     20514	800037a8	bde38393	addi	x7,x7,-1058	  x7:0x800007a4  x7=0x80000382
      206145000	     20515	800037ac	00038067	jalr	x0,0(x7)	  x7:0x80000382  x0=0x00000000
      206175000	     20518	80000382	90000237	lui	x4,0x90000	  x4=0x90000000
      206185000	     20519	80000386	1261	c.addi	x4,-8	  x4:0x90000000  x4=0x8ffffff8
      206195000	     20520	80000388	4d01	c.li	x26,0	 x26=0x00000000
      206205000	     20521	8000038a	0d22	c.slli	x26,0x8	 x26:0x00000000 x26=0x00000000
      206215000	     20522	8000038c	0d05	c.addi	x26,1	 x26:0x00000000 x26=0x00000001
      206225000	     20523	8000038e	01a22023	sw	x26,0(x4)	  x4:0x8ffffff8 x26:0x00000001 PA:0x8ffffff8 store:0x00000001 load:0x00000000
      206235000	     20524	80000392	00000073	ecall	
      206265000	     20527	80002800	0800006f	jal	x0,80002880	  x0=0x00000000
      206285000	     20529	80002880	17f1	c.addi	x15,-4	 x15:0x80025ce4 x15=0x80025ce0
      206295000	     20530	80002882	01c7a023	sw	x28,0(x15)	 x15:0x80025ce0 x28:0x80021e64 PA:0x80025ce0 store:0x80021e64 load:0x00000000
