core   0: 0x80000080 (0x40001637) lui     a2, 0x40001
core   0: 3 0x80000080 (0x40001637) x12 0x40001000
core   0: 0x80000084 (0x10660613) addi    a2, a2, 262
core   0: 3 0x80000084 (0x10660613) x12 0x40001106
core   0: 0x80000088 (0x30161073) csrw    misa, a2
core   0: 3 0x80000088 (0x30161073) c769_misa 0x40901104
core   0: 0x8000008c (0x0002df17) auipc   t5, 0x2d
core   0: 3 0x8000008c (0x0002df17) x30 0x8002d08c
core   0: 0x80000090 (0xc58f0f13) addi    t5, t5, -936
core   0: 3 0x80000090 (0xc58f0f13) x30 0x8002cce4
core   0: 0x80000094 (0x00002617) auipc   a2, 0x2
core   0: 3 0x80000094 (0x00002617) x12 0x80002094
core   0: 0x80000098 (0x66c60613) addi    a2, a2, 1644
core   0: 3 0x80000098 (0x66c60613) x12 0x80002700
core   0: 0x8000009c (0x00166613) ori     a2, a2, 1
core   0: 3 0x8000009c (0x00166613) x12 0x80002701
core   0: 0x800000a0 (0x30561073) csrw    mtvec, a2
core   0: 3 0x800000a0 (0x30561073) c773_mtvec 0x80002701
core   0: 0x800000a4 (0x74725073) csrwi   mseccfg, 4
core   0: 3 0x800000a4 (0x74725073) c1863_mseccfg 0x00000004
core   0: 0x800000a8 (0x00003597) auipc   a1, 0x3
core   0: 3 0x800000a8 (0x00003597) x11 0x800030a8
core   0: 0x800000ac (0x38c58593) addi    a1, a1, 908
core   0: 3 0x800000ac (0x38c58593) x11 0x80003434
core   0: 0x800000b0 (0x00004601) c.li    a2, 0
core   0: 3 0x800000b0 (0x4601) x12 0x00000000
core   0: 0x800000b2 (0x000095b2) c.add   a1, a2
core   0: 3 0x800000b2 (0x95b2) x11 0x80003434
core   0: 0x800000b4 (0x00008189) c.srli  a1, 2
core   0: 3 0x800000b4 (0x8189) x11 0x20000d0d
core   0: 0x800000b6 (0x3b059073) csrw    pmpaddr0, a1
core   0: 3 0x800000b6 (0x3b059073) c944_pmpaddr0 0x20000d0d
core   0: 0x800000ba (0x00003597) auipc   a1, 0x3
core   0: 3 0x800000ba (0x00003597) x11 0x800030ba
core   0: 0x800000be (0x37a58593) addi    a1, a1, 890
core   0: 3 0x800000be (0x37a58593) x11 0x80003434
core   0: 0x800000c2 (0x00006609) c.lui   a2, 0x2
core   0: 3 0x800000c2 (0x6609) x12 0x00002000
core   0: 0x800000c4 (0x66660613) addi    a2, a2, 1638
core   0: 3 0x800000c4 (0x66660613) x12 0x00002666
core   0: 0x800000c8 (0x000095b2) c.add   a1, a2
core   0: 3 0x800000c8 (0x95b2) x11 0x80005a9a
core   0: 0x800000ca (0x00008189) c.srli  a1, 2
core   0: 3 0x800000ca (0x8189) x11 0x200016a6
core   0: 0x800000cc (0x3b159073) csrw    pmpaddr1, a1
core   0: 3 0x800000cc (0x3b159073) c945_pmpaddr1 0x200016a6
core   0: 0x800000d0 (0x00003597) auipc   a1, 0x3
core   0: 3 0x800000d0 (0x00003597) x11 0x800030d0
core   0: 0x800000d4 (0x36458593) addi    a1, a1, 868
core   0: 3 0x800000d4 (0x36458593) x11 0x80003434
core   0: 0x800000d8 (0x00006615) c.lui   a2, 0x5
core   0: 3 0x800000d8 (0x6615) x12 0x00005000
core   0: 0x800000da (0xccc60613) addi    a2, a2, -820
core   0: 3 0x800000da (0xccc60613) x12 0x00004ccc
core   0: 0x800000de (0x000095b2) c.add   a1, a2
core   0: 3 0x800000de (0x95b2) x11 0x80008100
core   0: 0x800000e0 (0x00008189) c.srli  a1, 2
core   0: 3 0x800000e0 (0x8189) x11 0x20002040
core   0: 0x800000e2 (0x3b259073) csrw    pmpaddr2, a1
core   0: 3 0x800000e2 (0x3b259073) c946_pmpaddr2 0x20002040
core   0: 0x800000e6 (0x00003597) auipc   a1, 0x3
core   0: 3 0x800000e6 (0x00003597) x11 0x800030e6
core   0: 0x800000ea (0x34e58593) addi    a1, a1, 846
core   0: 3 0x800000ea (0x34e58593) x11 0x80003434
core   0: 0x800000ee (0x0000661d) c.lui   a2, 0x7
core   0: 3 0x800000ee (0x661d) x12 0x00007000
core   0: 0x800000f0 (0x33260613) addi    a2, a2, 818
core   0: 3 0x800000f0 (0x33260613) x12 0x00007332
core   0: 0x800000f4 (0x000095b2) c.add   a1, a2
core   0: 3 0x800000f4 (0x95b2) x11 0x8000a766
core   0: 0x800000f6 (0x00008189) c.srli  a1, 2
core   0: 3 0x800000f6 (0x8189) x11 0x200029d9
core   0: 0x800000f8 (0x3b359073) csrw    pmpaddr3, a1
core   0: 3 0x800000f8 (0x3b359073) c947_pmpaddr3 0x200029d9
core   0: 0x800000fc (0x0f0f15b7) lui     a1, 0xf0f1
core   0: 3 0x800000fc (0x0f0f15b7) x11 0x0f0f1000
core   0: 0x80000100 (0xf0f58593) addi    a1, a1, -241
core   0: 3 0x80000100 (0xf0f58593) x11 0x0f0f0f0f
core   0: 0x80000104 (0x3a059073) csrw    pmpcfg0, a1
core   0: 3 0x80000104 (0x3a059073) c928_pmpcfg0 0x0f0f0f0f
core   0: 0x80000108 (0x00003597) auipc   a1, 0x3
core   0: 3 0x80000108 (0x00003597) x11 0x80003108
core   0: 0x8000010c (0x32c58593) addi    a1, a1, 812
core   0: 3 0x8000010c (0x32c58593) x11 0x80003434
core   0: 0x80000110 (0x00006629) c.lui   a2, 0xa
core   0: 3 0x80000110 (0x6629) x12 0x0000a000
core   0: 0x80000112 (0x99860613) addi    a2, a2, -1640
core   0: 3 0x80000112 (0x99860613) x12 0x00009998
core   0: 0x80000116 (0x000095b2) c.add   a1, a2
core   0: 3 0x80000116 (0x95b2) x11 0x8000cdcc
core   0: 0x80000118 (0x00008189) c.srli  a1, 2
core   0: 3 0x80000118 (0x8189) x11 0x20003373
core   0: 0x8000011a (0x3b459073) csrw    pmpaddr4, a1
core   0: 3 0x8000011a (0x3b459073) c948_pmpaddr4 0x20003373
core   0: 0x8000011e (0x00003597) auipc   a1, 0x3
core   0: 3 0x8000011e (0x00003597) x11 0x8000311e
core   0: 0x80000122 (0x31658593) addi    a1, a1, 790
core   0: 3 0x80000122 (0x31658593) x11 0x80003434
core   0: 0x80000126 (0x00006631) c.lui   a2, 0xc
core   0: 3 0x80000126 (0x6631) x12 0x0000c000
core   0: 0x80000128 (0x00001679) c.addi  a2, -2
core   0: 3 0x80000128 (0x1679) x12 0x0000bffe
core   0: 0x8000012a (0x000095b2) c.add   a1, a2
core   0: 3 0x8000012a (0x95b2) x11 0x8000f432
core   0: 0x8000012c (0x00008189) c.srli  a1, 2
core   0: 3 0x8000012c (0x8189) x11 0x20003d0c
core   0: 0x8000012e (0x3b559073) csrw    pmpaddr5, a1
core   0: 3 0x8000012e (0x3b559073) c949_pmpaddr5 0x20003d0c
core   0: 0x80000132 (0x00003597) auipc   a1, 0x3
core   0: 3 0x80000132 (0x00003597) x11 0x80003132
core   0: 0x80000136 (0x30258593) addi    a1, a1, 770
core   0: 3 0x80000136 (0x30258593) x11 0x80003434
core   0: 0x8000013a (0x00006639) c.lui   a2, 0xe
core   0: 3 0x8000013a (0x6639) x12 0x0000e000
core   0: 0x8000013c (0x66460613) addi    a2, a2, 1636
core   0: 3 0x8000013c (0x66460613) x12 0x0000e664
core   0: 0x80000140 (0x000095b2) c.add   a1, a2
core   0: 3 0x80000140 (0x95b2) x11 0x80011a98
core   0: 0x80000142 (0x00008189) c.srli  a1, 2
core   0: 3 0x80000142 (0x8189) x11 0x200046a6
core   0: 0x80000144 (0x3b659073) csrw    pmpaddr6, a1
core   0: 3 0x80000144 (0x3b659073) c950_pmpaddr6 0x200046a6
core   0: 0x80000148 (0x00003597) auipc   a1, 0x3
core   0: 3 0x80000148 (0x00003597) x11 0x80003148
core   0: 0x8000014c (0x2ec58593) addi    a1, a1, 748
core   0: 3 0x8000014c (0x2ec58593) x11 0x80003434
core   0: 0x80000150 (0x00006645) c.lui   a2, 0x11
core   0: 3 0x80000150 (0x6645) x12 0x00011000
core   0: 0x80000152 (0xcca60613) addi    a2, a2, -822
core   0: 3 0x80000152 (0xcca60613) x12 0x00010cca
core   0: 0x80000156 (0x000095b2) c.add   a1, a2
core   0: 3 0x80000156 (0x95b2) x11 0x800140fe
core   0: 0x80000158 (0x00008189) c.srli  a1, 2
core   0: 3 0x80000158 (0x8189) x11 0x2000503f
core   0: 0x8000015a (0x3b759073) csrw    pmpaddr7, a1
core   0: 3 0x8000015a (0x3b759073) c951_pmpaddr7 0x2000503f
core   0: 0x8000015e (0x0f0f15b7) lui     a1, 0xf0f1
core   0: 3 0x8000015e (0x0f0f15b7) x11 0x0f0f1000
core   0: 0x80000162 (0xf0f58593) addi    a1, a1, -241
core   0: 3 0x80000162 (0xf0f58593) x11 0x0f0f0f0f
core   0: 0x80000166 (0x3a159073) csrw    pmpcfg1, a1
core   0: 3 0x80000166 (0x3a159073) c929_pmpcfg1 0x0f0f0f0f
core   0: 0x8000016a (0x00003597) auipc   a1, 0x3
core   0: 3 0x8000016a (0x00003597) x11 0x8000316a
core   0: 0x8000016e (0x2ca58593) addi    a1, a1, 714
core   0: 3 0x8000016e (0x2ca58593) x11 0x80003434
core   0: 0x80000172 (0x0000664d) c.lui   a2, 0x13
core   0: 3 0x80000172 (0x664d) x12 0x00013000
core   0: 0x80000174 (0x33060613) addi    a2, a2, 816
core   0: 3 0x80000174 (0x33060613) x12 0x00013330
core   0: 0x80000178 (0x000095b2) c.add   a1, a2
core   0: 3 0x80000178 (0x95b2) x11 0x80016764
core   0: 0x8000017a (0x00008189) c.srli  a1, 2
core   0: 3 0x8000017a (0x8189) x11 0x200059d9
core   0: 0x8000017c (0x3b859073) csrw    pmpaddr8, a1
core   0: 3 0x8000017c (0x3b859073) c952_pmpaddr8 0x200059d9
core   0: 0x80000180 (0x00003597) auipc   a1, 0x3
core   0: 3 0x80000180 (0x00003597) x11 0x80003180
core   0: 0x80000184 (0x2b458593) addi    a1, a1, 692
core   0: 3 0x80000184 (0x2b458593) x11 0x80003434
core   0: 0x80000188 (0x00006659) c.lui   a2, 0x16
core   0: 3 0x80000188 (0x6659) x12 0x00016000
core   0: 0x8000018a (0x99660613) addi    a2, a2, -1642
core   0: 3 0x8000018a (0x99660613) x12 0x00015996
core   0: 0x8000018e (0x000095b2) c.add   a1, a2
core   0: 3 0x8000018e (0x95b2) x11 0x80018dca
core   0: 0x80000190 (0x00008189) c.srli  a1, 2
core   0: 3 0x80000190 (0x8189) x11 0x20006372
core   0: 0x80000192 (0x3b959073) csrw    pmpaddr9, a1
core   0: 3 0x80000192 (0x3b959073) c953_pmpaddr9 0x20006372
core   0: 0x80000196 (0x00003597) auipc   a1, 0x3
core   0: 3 0x80000196 (0x00003597) x11 0x80003196
core   0: 0x8000019a (0x29e58593) addi    a1, a1, 670
core   0: 3 0x8000019a (0x29e58593) x11 0x80003434
core   0: 0x8000019e (0x00006661) c.lui   a2, 0x18
core   0: 3 0x8000019e (0x6661) x12 0x00018000
core   0: 0x800001a0 (0x00001671) c.addi  a2, -4
core   0: 3 0x800001a0 (0x1671) x12 0x00017ffc
core   0: 0x800001a2 (0x000095b2) c.add   a1, a2
core   0: 3 0x800001a2 (0x95b2) x11 0x8001b430
core   0: 0x800001a4 (0x00008189) c.srli  a1, 2
core   0: 3 0x800001a4 (0x8189) x11 0x20006d0c
core   0: 0x800001a6 (0x3ba59073) csrw    pmpaddr10, a1
core   0: 3 0x800001a6 (0x3ba59073) c954_pmpaddr10 0x20006d0c
core   0: 0x800001aa (0x00003597) auipc   a1, 0x3
core   0: 3 0x800001aa (0x00003597) x11 0x800031aa
core   0: 0x800001ae (0x28a58593) addi    a1, a1, 650
core   0: 3 0x800001ae (0x28a58593) x11 0x80003434
core   0: 0x800001b2 (0x00006669) c.lui   a2, 0x1a
core   0: 3 0x800001b2 (0x6669) x12 0x0001a000
core   0: 0x800001b4 (0x66260613) addi    a2, a2, 1634
core   0: 3 0x800001b4 (0x66260613) x12 0x0001a662
core   0: 0x800001b8 (0x000095b2) c.add   a1, a2
core   0: 3 0x800001b8 (0x95b2) x11 0x8001da96
core   0: 0x800001ba (0x00008189) c.srli  a1, 2
core   0: 3 0x800001ba (0x8189) x11 0x200076a5
core   0: 0x800001bc (0x3bb59073) csrw    pmpaddr11, a1
core   0: 3 0x800001bc (0x3bb59073) c955_pmpaddr11 0x200076a5
core   0: 0x800001c0 (0x0f0f15b7) lui     a1, 0xf0f1
core   0: 3 0x800001c0 (0x0f0f15b7) x11 0x0f0f1000
core   0: 0x800001c4 (0xf0f58593) addi    a1, a1, -241
core   0: 3 0x800001c4 (0xf0f58593) x11 0x0f0f0f0f
core   0: 0x800001c8 (0x3a259073) csrw    pmpcfg2, a1
core   0: 3 0x800001c8 (0x3a259073) c930_pmpcfg2 0x0f0f0f0f
core   0: 0x800001cc (0x00003597) auipc   a1, 0x3
core   0: 3 0x800001cc (0x00003597) x11 0x800031cc
core   0: 0x800001d0 (0x26858593) addi    a1, a1, 616
core   0: 3 0x800001d0 (0x26858593) x11 0x80003434
core   0: 0x800001d4 (0x00006675) c.lui   a2, 0x1d
core   0: 3 0x800001d4 (0x6675) x12 0x0001d000
core   0: 0x800001d6 (0xcc860613) addi    a2, a2, -824
core   0: 3 0x800001d6 (0xcc860613) x12 0x0001ccc8
core   0: 0x800001da (0x000095b2) c.add   a1, a2
core   0: 3 0x800001da (0x95b2) x11 0x800200fc
core   0: 0x800001dc (0x00008189) c.srli  a1, 2
core   0: 3 0x800001dc (0x8189) x11 0x2000803f
core   0: 0x800001de (0x3bc59073) csrw    pmpaddr12, a1
core   0: 3 0x800001de (0x3bc59073) c956_pmpaddr12 0x2000803f
core   0: 0x800001e2 (0x00003597) auipc   a1, 0x3
core   0: 3 0x800001e2 (0x00003597) x11 0x800031e2
core   0: 0x800001e6 (0x25258593) addi    a1, a1, 594
core   0: 3 0x800001e6 (0x25258593) x11 0x80003434
core   0: 0x800001ea (0x0000667d) c.lui   a2, 0x1f
core   0: 3 0x800001ea (0x667d) x12 0x0001f000
core   0: 0x800001ec (0x32e60613) addi    a2, a2, 814
core   0: 3 0x800001ec (0x32e60613) x12 0x0001f32e
core   0: 0x800001f0 (0x000095b2) c.add   a1, a2
core   0: 3 0x800001f0 (0x95b2) x11 0x80022762
core   0: 0x800001f2 (0x00008189) c.srli  a1, 2
core   0: 3 0x800001f2 (0x8189) x11 0x200089d8
core   0: 0x800001f4 (0x3bd59073) csrw    pmpaddr13, a1
core   0: 3 0x800001f4 (0x3bd59073) c957_pmpaddr13 0x200089d8
core   0: 0x800001f8 (0x00003597) auipc   a1, 0x3
core   0: 3 0x800001f8 (0x00003597) x11 0x800031f8
core   0: 0x800001fc (0x23c58593) addi    a1, a1, 572
core   0: 3 0x800001fc (0x23c58593) x11 0x80003434
core   0: 0x80000200 (0x00022637) lui     a2, 0x22
core   0: 3 0x80000200 (0x00022637) x12 0x00022000
core   0: 0x80000204 (0x99460613) addi    a2, a2, -1644
core   0: 3 0x80000204 (0x99460613) x12 0x00021994
core   0: 0x80000208 (0x000095b2) c.add   a1, a2
core   0: 3 0x80000208 (0x95b2) x11 0x80024dc8
core   0: 0x8000020a (0x00008189) c.srli  a1, 2
core   0: 3 0x8000020a (0x8189) x11 0x20009372
core   0: 0x8000020c (0x3be59073) csrw    pmpaddr14, a1
core   0: 3 0x8000020c (0x3be59073) c958_pmpaddr14 0x20009372
core   0: 0x80000210 (0x00003597) auipc   a1, 0x3
core   0: 3 0x80000210 (0x00003597) x11 0x80003210
core   0: 0x80000214 (0x22458593) addi    a1, a1, 548
core   0: 3 0x80000214 (0x22458593) x11 0x80003434
core   0: 0x80000218 (0x00024637) lui     a2, 0x24
core   0: 3 0x80000218 (0x00024637) x12 0x00024000
core   0: 0x8000021c (0x00001669) c.addi  a2, -6
core   0: 3 0x8000021c (0x1669) x12 0x00023ffa
core   0: 0x8000021e (0x000095b2) c.add   a1, a2
core   0: 3 0x8000021e (0x95b2) x11 0x8002742e
core   0: 0x80000220 (0x00008189) c.srli  a1, 2
core   0: 3 0x80000220 (0x8189) x11 0x20009d0b
core   0: 0x80000222 (0x3bf59073) csrw    pmpaddr15, a1
core   0: 3 0x80000222 (0x3bf59073) c959_pmpaddr15 0x20009d0b
core   0: 0x80000226 (0x0f0f15b7) lui     a1, 0xf0f1
core   0: 3 0x80000226 (0x0f0f15b7) x11 0x0f0f1000
core   0: 0x8000022a (0xf0f58593) addi    a1, a1, -241
core   0: 3 0x8000022a (0xf0f58593) x11 0x0f0f0f0f
core   0: 0x8000022e (0x3a359073) csrw    pmpcfg3, a1
core   0: 3 0x8000022e (0x3a359073) c931_pmpcfg3 0x0f0f0f0f
core   0: 0x80000232 (0x74705073) csrwi   mseccfg, 0
core   0: 3 0x80000232 (0x74705073) c1863_mseccfg 0x00000000
core   0: 0x80000236 (0x436c55b7) lui     a1, 0x436c5
core   0: 3 0x80000236 (0x436c55b7) x11 0x436c5000
core   0: 0x8000023a (0xa3f58593) addi    a1, a1, -1473
core   0: 3 0x8000023a (0xa3f58593) x11 0x436c4a3f
core   0: 0x8000023e (0x00003b17) auipc   s6, 0x3
core   0: 3 0x8000023e (0x00003b17) x22 0x8000323e
core   0: 0x80000242 (0x1f6b0b13) addi    s6, s6, 502
core   0: 3 0x80000242 (0x1f6b0b13) x22 0x80003434
core   0: 0x80000246 (0x000095da) c.add   a1, s6
core   0: 3 0x80000246 (0x95da) x11 0xc36c7e73
core   0: 0x80000248 (0x3b0595f3) csrrw   a1, pmpaddr0, a1
core   0: 3 0x80000248 (0x3b0595f3) x11 0x20000d0d c944_pmpaddr0 0xc36c7e73
core   0: 0x8000024c (0x3b0595f3) csrrw   a1, pmpaddr0, a1
core   0: 3 0x8000024c (0x3b0595f3) x11 0xc36c7e73 c944_pmpaddr0 0x20000d0d
core   0: 0x80000250 (0x6c2325b7) lui     a1, 0x6c232
core   0: 3 0x80000250 (0x6c2325b7) x11 0x6c232000
core   0: 0x80000254 (0x30f58593) addi    a1, a1, 783
core   0: 3 0x80000254 (0x30f58593) x11 0x6c23230f
core   0: 0x80000258 (0x3a0595f3) csrrw   a1, pmpcfg0, a1
core   0: 3 0x80000258 (0x3a0595f3) x11 0x0f0f0f0f c928_pmpcfg0 0x0c03030f
core   0: 0x8000025c (0x3a0595f3) csrrw   a1, pmpcfg0, a1
core   0: 3 0x8000025c (0x3a0595f3) x11 0x0c03030f c928_pmpcfg0 0x0f0f0f0f
core   0: 0x80000260 (0x3f9f15b7) lui     a1, 0x3f9f1
core   0: 3 0x80000260 (0x3f9f15b7) x11 0x3f9f1000
core   0: 0x80000264 (0x000015e1) c.addi  a1, -8
core   0: 3 0x80000264 (0x15e1) x11 0x3f9f0ff8
core   0: 0x80000266 (0x00003b17) auipc   s6, 0x3
core   0: 3 0x80000266 (0x00003b17) x22 0x80003266
core   0: 0x8000026a (0x1ceb0b13) addi    s6, s6, 462
core   0: 3 0x8000026a (0x1ceb0b13) x22 0x80003434
core   0: 0x8000026e (0x000095da) c.add   a1, s6
core   0: 3 0x8000026e (0x95da) x11 0xbf9f442c
core   0: 0x80000270 (0x3b1595f3) csrrw   a1, pmpaddr1, a1
core   0: 3 0x80000270 (0x3b1595f3) x11 0x200016a6 c945_pmpaddr1 0xbf9f442c
core   0: 0x80000274 (0x3b1595f3) csrrw   a1, pmpaddr1, a1
core   0: 3 0x80000274 (0x3b1595f3) x11 0xbf9f442c c945_pmpaddr1 0x200016a6
core   0: 0x80000278 (0x5b0c55b7) lui     a1, 0x5b0c5
core   0: 3 0x80000278 (0x5b0c55b7) x11 0x5b0c5000
core   0: 0x8000027c (0x10f58593) addi    a1, a1, 271
core   0: 3 0x8000027c (0x10f58593) x11 0x5b0c510f
core   0: 0x80000280 (0x3a0595f3) csrrw   a1, pmpcfg0, a1
core   0: 3 0x80000280 (0x3a0595f3) x11 0x0f0f0f0f c928_pmpcfg0 0x1b0c110f
core   0: 0x80000284 (0x3a0595f3) csrrw   a1, pmpcfg0, a1
core   0: 3 0x80000284 (0x3a0595f3) x11 0x1b0c110f c928_pmpcfg0 0x0f0f0f0f
core   0: 0x80000288 (0x043ba5b7) lui     a1, 0x43ba
core   0: 3 0x80000288 (0x043ba5b7) x11 0x043ba000
core   0: 0x8000028c (0xc7358593) addi    a1, a1, -909
core   0: 3 0x8000028c (0xc7358593) x11 0x043b9c73
core   0: 0x80000290 (0x00003b17) auipc   s6, 0x3
core   0: 3 0x80000290 (0x00003b17) x22 0x80003290
core   0: 0x80000294 (0x1a4b0b13) addi    s6, s6, 420
core   0: 3 0x80000294 (0x1a4b0b13) x22 0x80003434
core   0: 0x80000298 (0x000095da) c.add   a1, s6
core   0: 3 0x80000298 (0x95da) x11 0x843bd0a7
core   0: 0x8000029a (0x3b2595f3) csrrw   a1, pmpaddr2, a1
core   0: 3 0x8000029a (0x3b2595f3) x11 0x20002040 c946_pmpaddr2 0x843bd0a7
core   0: 0x8000029e (0x3b2595f3) csrrw   a1, pmpaddr2, a1
core   0: 3 0x8000029e (0x3b2595f3) x11 0x843bd0a7 c946_pmpaddr2 0x20002040
core   0: 0x800002a2 (0x130f85b7) lui     a1, 0x130f8
core   0: 3 0x800002a2 (0x130f85b7) x11 0x130f8000
core   0: 0x800002a6 (0x80f58593) addi    a1, a1, -2033
core   0: 3 0x800002a6 (0x80f58593) x11 0x130f780f
core   0: 0x800002aa (0x3a0595f3) csrrw   a1, pmpcfg0, a1
core   0: 3 0x800002aa (0x3a0595f3) x11 0x0f0f0f0f c928_pmpcfg0 0x130f180f
core   0: 0x800002ae (0x3a0595f3) csrrw   a1, pmpcfg0, a1
core   0: 3 0x800002ae (0x3a0595f3) x11 0x130f180f c928_pmpcfg0 0x0f0f0f0f
core   0: 0x800002b2 (0x291be5b7) lui     a1, 0x291be
core   0: 3 0x800002b2 (0x291be5b7) x11 0x291be000
core   0: 0x800002b6 (0xe5458593) addi    a1, a1, -428
core   0: 3 0x800002b6 (0xe5458593) x11 0x291bde54
core   0: 0x800002ba (0x00003b17) auipc   s6, 0x3
core   0: 3 0x800002ba (0x00003b17) x22 0x800032ba
core   0: 0x800002be (0x17ab0b13) addi    s6, s6, 378
core   0: 3 0x800002be (0x17ab0b13) x22 0x80003434
core   0: 0x800002c2 (0x000095da) c.add   a1, s6
core   0: 3 0x800002c2 (0x95da) x11 0xa91c1288
core   0: 0x800002c4 (0x3b3595f3) csrrw   a1, pmpaddr3, a1
core   0: 3 0x800002c4 (0x3b3595f3) x11 0x200029d9 c947_pmpaddr3 0xa91c1288
core   0: 0x800002c8 (0x3b3595f3) csrrw   a1, pmpaddr3, a1
core   0: 3 0x800002c8 (0x3b3595f3) x11 0xa91c1288 c947_pmpaddr3 0x200029d9
core   0: 0x800002cc (0x592c75b7) lui     a1, 0x592c7
core   0: 3 0x800002cc (0x592c75b7) x11 0x592c7000
core   0: 0x800002d0 (0x70f58593) addi    a1, a1, 1807
core   0: 3 0x800002d0 (0x70f58593) x11 0x592c770f
core   0: 0x800002d4 (0x3a0595f3) csrrw   a1, pmpcfg0, a1
core   0: 3 0x800002d4 (0x3a0595f3) x11 0x0f0f0f0f c928_pmpcfg0 0x190c170f
core   0: 0x800002d8 (0x3a0595f3) csrrw   a1, pmpcfg0, a1
core   0: 3 0x800002d8 (0x3a0595f3) x11 0x190c170f c928_pmpcfg0 0x0f0f0f0f
core   0: 0x800002dc (0x30c405b7) lui     a1, 0x30c40
core   0: 3 0x800002dc (0x30c405b7) x11 0x30c40000
core   0: 0x800002e0 (0xf2258593) addi    a1, a1, -222
core   0: 3 0x800002e0 (0xf2258593) x11 0x30c3ff22
core   0: 0x800002e4 (0x00003b17) auipc   s6, 0x3
core   0: 3 0x800002e4 (0x00003b17) x22 0x800032e4
core   0: 0x800002e8 (0x150b0b13) addi    s6, s6, 336
core   0: 3 0x800002e8 (0x150b0b13) x22 0x80003434
core   0: 0x800002ec (0x000095da) c.add   a1, s6
core   0: 3 0x800002ec (0x95da) x11 0xb0c43356
core   0: 0x800002ee (0x3b4595f3) csrrw   a1, pmpaddr4, a1
core   0: 3 0x800002ee (0x3b4595f3) x11 0x20003373 c948_pmpaddr4 0xb0c43356
core   0: 0x800002f2 (0x3b4595f3) csrrw   a1, pmpaddr4, a1
core   0: 3 0x800002f2 (0x3b4595f3) x11 0xb0c43356 c948_pmpaddr4 0x20003373
core   0: 0x800002f6 (0x294815b7) lui     a1, 0x29481
core   0: 3 0x800002f6 (0x294815b7) x11 0x29481000
core   0: 0x800002fa (0x50558593) addi    a1, a1, 1285
core   0: 3 0x800002fa (0x50558593) x11 0x29481505
core   0: 0x800002fe (0x3a1595f3) csrrw   a1, pmpcfg1, a1
core   0: 3 0x800002fe (0x3a1595f3) x11 0x0f0f0f0f c929_pmpcfg1 0x09081505
core   0: 0x80000302 (0x3a1595f3) csrrw   a1, pmpcfg1, a1
core   0: 3 0x80000302 (0x3a1595f3) x11 0x09081505 c929_pmpcfg1 0x0f0f0f0f
core   0: 0x80000306 (0x34cd75b7) lui     a1, 0x34cd7
core   0: 3 0x80000306 (0x34cd75b7) x11 0x34cd7000
core   0: 0x8000030a (0x1c058593) addi    a1, a1, 448
core   0: 3 0x8000030a (0x1c058593) x11 0x34cd71c0
core   0: 0x8000030e (0x00003b17) auipc   s6, 0x3
core   0: 3 0x8000030e (0x00003b17) x22 0x8000330e
core   0: 0x80000312 (0x126b0b13) addi    s6, s6, 294
core   0: 3 0x80000312 (0x126b0b13) x22 0x80003434
core   0: 0x80000316 (0x000095da) c.add   a1, s6
core   0: 3 0x80000316 (0x95da) x11 0xb4cda5f4
core   0: 0x80000318 (0x3b5595f3) csrrw   a1, pmpaddr5, a1
core   0: 3 0x80000318 (0x3b5595f3) x11 0x20003d0c c949_pmpaddr5 0xb4cda5f4
core   0: 0x8000031c (0x3b5595f3) csrrw   a1, pmpaddr5, a1
core   0: 3 0x8000031c (0x3b5595f3) x11 0xb4cda5f4 c949_pmpaddr5 0x20003d0c
core   0: 0x80000320 (0x242925b7) lui     a1, 0x24292
core   0: 3 0x80000320 (0x242925b7) x11 0x24292000
core   0: 0x80000324 (0xb3958593) addi    a1, a1, -1223
core   0: 3 0x80000324 (0xb3958593) x11 0x24291b39
core   0: 0x80000328 (0x3a1595f3) csrrw   a1, pmpcfg1, a1
core   0: 3 0x80000328 (0x3a1595f3) x11 0x0f0f0f0f c929_pmpcfg1 0x04091b19
core   0: 0x8000032c (0x3a1595f3) csrrw   a1, pmpcfg1, a1
core   0: 3 0x8000032c (0x3a1595f3) x11 0x04091b19 c929_pmpcfg1 0x0f0f0f0f
core   0: 0x80000330 (0x2713e5b7) lui     a1, 0x2713e
core   0: 3 0x80000330 (0x2713e5b7) x11 0x2713e000
core   0: 0x80000334 (0xeaf58593) addi    a1, a1, -337
core   0: 3 0x80000334 (0xeaf58593) x11 0x2713deaf
core   0: 0x80000338 (0x00003b17) auipc   s6, 0x3
core   0: 3 0x80000338 (0x00003b17) x22 0x80003338
core   0: 0x8000033c (0x0fcb0b13) addi    s6, s6, 252
core   0: 3 0x8000033c (0x0fcb0b13) x22 0x80003434
core   0: 0x80000340 (0x000095da) c.add   a1, s6
core   0: 3 0x80000340 (0x95da) x11 0xa71412e3
core   0: 0x80000342 (0x3b6595f3) csrrw   a1, pmpaddr6, a1
core   0: 3 0x80000342 (0x3b6595f3) x11 0x200046a6 c950_pmpaddr6 0xa71412e3
core   0: 0x80000346 (0x3b6595f3) csrrw   a1, pmpaddr6, a1
core   0: 3 0x80000346 (0x3b6595f3) x11 0xa71412e3 c950_pmpaddr6 0x200046a6
core   0: 0x8000034a (0x053f75b7) lui     a1, 0x53f7
core   0: 3 0x8000034a (0x053f75b7) x11 0x053f7000
core   0: 0x8000034e (0x03358593) addi    a1, a1, 51
core   0: 3 0x8000034e (0x03358593) x11 0x053f7033
core   0: 0x80000352 (0x3a1595f3) csrrw   a1, pmpcfg1, a1
core   0: 3 0x80000352 (0x3a1595f3) x11 0x0f0f0f0f c929_pmpcfg1 0x051f1013
core   0: 0x80000356 (0x3a1595f3) csrrw   a1, pmpcfg1, a1
core   0: 3 0x80000356 (0x3a1595f3) x11 0x051f1013 c929_pmpcfg1 0x0f0f0f0f
core   0: 0x8000035a (0x539b35b7) lui     a1, 0x539b3
core   0: 3 0x8000035a (0x539b35b7) x11 0x539b3000
core   0: 0x8000035e (0x9ff58593) addi    a1, a1, -1537
core   0: 3 0x8000035e (0x9ff58593) x11 0x539b29ff
core   0: 0x80000362 (0x00003b17) auipc   s6, 0x3
core   0: 3 0x80000362 (0x00003b17) x22 0x80003362
core   0: 0x80000366 (0x0d2b0b13) addi    s6, s6, 210
core   0: 3 0x80000366 (0x0d2b0b13) x22 0x80003434
core   0: 0x8000036a (0x000095da) c.add   a1, s6
core   0: 3 0x8000036a (0x95da) x11 0xd39b5e33
core   0: 0x8000036c (0x3b7595f3) csrrw   a1, pmpaddr7, a1
core   0: 3 0x8000036c (0x3b7595f3) x11 0x2000503f c951_pmpaddr7 0xd39b5e33
core   0: 0x80000370 (0x3b7595f3) csrrw   a1, pmpaddr7, a1
core   0: 3 0x80000370 (0x3b7595f3) x11 0xd39b5e33 c951_pmpaddr7 0x2000503f
core   0: 0x80000374 (0x285325b7) lui     a1, 0x28532
core   0: 3 0x80000374 (0x285325b7) x11 0x28532000
core   0: 0x80000378 (0x91b58593) addi    a1, a1, -1765
core   0: 3 0x80000378 (0x91b58593) x11 0x2853191b
core   0: 0x8000037c (0x3a1595f3) csrrw   a1, pmpcfg1, a1
core   0: 3 0x8000037c (0x3a1595f3) x11 0x0f0f0f0f c929_pmpcfg1 0x0813191b
core   0: 0x80000380 (0x3a1595f3) csrrw   a1, pmpcfg1, a1
core   0: 3 0x80000380 (0x3a1595f3) x11 0x0813191b c929_pmpcfg1 0x0f0f0f0f
core   0: 0x80000384 (0x0f4595b7) lui     a1, 0xf459
core   0: 3 0x80000384 (0x0f4595b7) x11 0x0f459000
core   0: 0x80000388 (0xf1958593) addi    a1, a1, -231
core   0: 3 0x80000388 (0xf1958593) x11 0x0f458f19
core   0: 0x8000038c (0x00003b17) auipc   s6, 0x3
core   0: 3 0x8000038c (0x00003b17) x22 0x8000338c
core   0: 0x80000390 (0x0a8b0b13) addi    s6, s6, 168
core   0: 3 0x80000390 (0x0a8b0b13) x22 0x80003434
core   0: 0x80000394 (0x000095da) c.add   a1, s6
core   0: 3 0x80000394 (0x95da) x11 0x8f45c34d
core   0: 0x80000396 (0x3b8595f3) csrrw   a1, pmpaddr8, a1
core   0: 3 0x80000396 (0x3b8595f3) x11 0x200059d9 c952_pmpaddr8 0x8f45c34d
core   0: 0x8000039a (0x3b8595f3) csrrw   a1, pmpaddr8, a1
core   0: 3 0x8000039a (0x3b8595f3) x11 0x8f45c34d c952_pmpaddr8 0x200059d9
core   0: 0x8000039e (0x6b4805b7) lui     a1, 0x6b480
core   0: 3 0x8000039e (0x6b4805b7) x11 0x6b480000
core   0: 0x800003a2 (0x30c58593) addi    a1, a1, 780
core   0: 3 0x800003a2 (0x30c58593) x11 0x6b48030c
core   0: 0x800003a6 (0x3a2595f3) csrrw   a1, pmpcfg2, a1
core   0: 3 0x800003a6 (0x3a2595f3) x11 0x0f0f0f0f c930_pmpcfg2 0x0b08030c
core   0: 0x800003aa (0x3a2595f3) csrrw   a1, pmpcfg2, a1
core   0: 3 0x800003aa (0x3a2595f3) x11 0x0b08030c c930_pmpcfg2 0x0f0f0f0f
core   0: 0x800003ae (0x3f3595b7) lui     a1, 0x3f359
core   0: 3 0x800003ae (0x3f3595b7) x11 0x3f359000
core   0: 0x800003b2 (0xe2d58593) addi    a1, a1, -467
core   0: 3 0x800003b2 (0xe2d58593) x11 0x3f358e2d
core   0: 0x800003b6 (0x00003b17) auipc   s6, 0x3
core   0: 3 0x800003b6 (0x00003b17) x22 0x800033b6
core   0: 0x800003ba (0x07eb0b13) addi    s6, s6, 126
core   0: 3 0x800003ba (0x07eb0b13) x22 0x80003434
core   0: 0x800003be (0x000095da) c.add   a1, s6
core   0: 3 0x800003be (0x95da) x11 0xbf35c261
core   0: 0x800003c0 (0x3b9595f3) csrrw   a1, pmpaddr9, a1
core   0: 3 0x800003c0 (0x3b9595f3) x11 0x20006372 c953_pmpaddr9 0xbf35c261
core   0: 0x800003c4 (0x3b9595f3) csrrw   a1, pmpaddr9, a1
core   0: 3 0x800003c4 (0x3b9595f3) x11 0xbf35c261 c953_pmpaddr9 0x20006372
core   0: 0x800003c8 (0x030865b7) lui     a1, 0x3086
core   0: 3 0x800003c8 (0x030865b7) x11 0x03086000
core   0: 0x800003cc (0x02d58593) addi    a1, a1, 45
core   0: 3 0x800003cc (0x02d58593) x11 0x0308602d
core   0: 0x800003d0 (0x3a2595f3) csrrw   a1, pmpcfg2, a1
core   0: 3 0x800003d0 (0x3a2595f3) x11 0x0f0f0f0f c930_pmpcfg2 0x0308000d
core   0: 0x800003d4 (0x3a2595f3) csrrw   a1, pmpcfg2, a1
core   0: 3 0x800003d4 (0x3a2595f3) x11 0x0308000d c930_pmpcfg2 0x0f0f0f0f
core   0: 0x800003d8 (0x250025b7) lui     a1, 0x25002
core   0: 3 0x800003d8 (0x250025b7) x11 0x25002000
core   0: 0x800003dc (0x77b58593) addi    a1, a1, 1915
core   0: 3 0x800003dc (0x77b58593) x11 0x2500277b
core   0: 0x800003e0 (0x00003b17) auipc   s6, 0x3
core   0: 3 0x800003e0 (0x00003b17) x22 0x800033e0
core   0: 0x800003e4 (0x054b0b13) addi    s6, s6, 84
core   0: 3 0x800003e4 (0x054b0b13) x22 0x80003434
core   0: 0x800003e8 (0x000095da) c.add   a1, s6
core   0: 3 0x800003e8 (0x95da) x11 0xa5005baf
core   0: 0x800003ea (0x3ba595f3) csrrw   a1, pmpaddr10, a1
core   0: 3 0x800003ea (0x3ba595f3) x11 0x20006d0c c954_pmpaddr10 0xa5005baf
core   0: 0x800003ee (0x3ba595f3) csrrw   a1, pmpaddr10, a1
core   0: 3 0x800003ee (0x3ba595f3) x11 0xa5005baf c954_pmpaddr10 0x20006d0c
core   0: 0x800003f2 (0x6d3465b7) lui     a1, 0x6d346
core   0: 3 0x800003f2 (0x6d3465b7) x11 0x6d346000
core   0: 0x800003f6 (0xf3858593) addi    a1, a1, -200
core   0: 3 0x800003f6 (0xf3858593) x11 0x6d345f38
core   0: 0x800003fa (0x3a2595f3) csrrw   a1, pmpcfg2, a1
core   0: 3 0x800003fa (0x3a2595f3) x11 0x0f0f0f0f c930_pmpcfg2 0x0d141f18
core   0: 0x800003fe (0x3a2595f3) csrrw   a1, pmpcfg2, a1
core   0: 3 0x800003fe (0x3a2595f3) x11 0x0d141f18 c930_pmpcfg2 0x0f0f0f0f
core   0: 0x80000402 (0x1b97a5b7) lui     a1, 0x1b97a
core   0: 3 0x80000402 (0x1b97a5b7) x11 0x1b97a000
core   0: 0x80000406 (0x04358593) addi    a1, a1, 67
core   0: 3 0x80000406 (0x04358593) x11 0x1b97a043
core   0: 0x8000040a (0x00003b17) auipc   s6, 0x3
core   0: 3 0x8000040a (0x00003b17) x22 0x8000340a
core   0: 0x8000040e (0x02ab0b13) addi    s6, s6, 42
core   0: 3 0x8000040e (0x02ab0b13) x22 0x80003434
core   0: 0x80000412 (0x000095da) c.add   a1, s6
core   0: 3 0x80000412 (0x95da) x11 0x9b97d477
core   0: 0x80000414 (0x3bb595f3) csrrw   a1, pmpaddr11, a1
core   0: 3 0x80000414 (0x3bb595f3) x11 0x200076a5 c955_pmpaddr11 0x9b97d477
core   0: 0x80000418 (0x3bb595f3) csrrw   a1, pmpaddr11, a1
core   0: 3 0x80000418 (0x3bb595f3) x11 0x9b97d477 c955_pmpaddr11 0x200076a5
core   0: 0x8000041c (0x257355b7) lui     a1, 0x25735
core   0: 3 0x8000041c (0x257355b7) x11 0x25735000
core   0: 0x80000420 (0xb1b58593) addi    a1, a1, -1253
core   0: 3 0x80000420 (0xb1b58593) x11 0x25734b1b
core   0: 0x80000424 (0x3a2595f3) csrrw   a1, pmpcfg2, a1
core   0: 3 0x80000424 (0x3a2595f3) x11 0x0f0f0f0f c930_pmpcfg2 0x05130b1b
core   0: 0x80000428 (0x3a2595f3) csrrw   a1, pmpcfg2, a1
core   0: 3 0x80000428 (0x3a2595f3) x11 0x05130b1b c930_pmpcfg2 0x0f0f0f0f
core   0: 0x8000042c (0x30f6d5b7) lui     a1, 0x30f6d
core   0: 3 0x8000042c (0x30f6d5b7) x11 0x30f6d000
core   0: 0x80000430 (0xd8b58593) addi    a1, a1, -629
core   0: 3 0x80000430 (0xd8b58593) x11 0x30f6cd8b
core   0: 0x80000434 (0x00003b17) auipc   s6, 0x3
core   0: 3 0x80000434 (0x00003b17) x22 0x80003434
core   0: 0x80000438 (0x000b0b13) mv      s6, s6
core   0: 3 0x80000438 (0x000b0b13) x22 0x80003434
core   0: 0x8000043c (0x000095da) c.add   a1, s6
core   0: 3 0x8000043c (0x95da) x11 0xb0f701bf
core   0: 0x8000043e (0x3bc595f3) csrrw   a1, pmpaddr12, a1
core   0: 3 0x8000043e (0x3bc595f3) x11 0x2000803f c956_pmpaddr12 0xb0f701bf
core   0: 0x80000442 (0x3bc595f3) csrrw   a1, pmpaddr12, a1
core   0: 3 0x80000442 (0x3bc595f3) x11 0xb0f701bf c956_pmpaddr12 0x2000803f
core   0: 0x80000446 (0x791355b7) lui     a1, 0x79135
core   0: 3 0x80000446 (0x791355b7) x11 0x79135000
core   0: 0x8000044a (0x31358593) addi    a1, a1, 787
core   0: 3 0x8000044a (0x31358593) x11 0x79135313
core   0: 0x8000044e (0x3a3595f3) csrrw   a1, pmpcfg3, a1
core   0: 3 0x8000044e (0x3a3595f3) x11 0x0f0f0f0f c931_pmpcfg3 0x19131313
core   0: 0x80000452 (0x3a3595f3) csrrw   a1, pmpcfg3, a1
core   0: 3 0x80000452 (0x3a3595f3) x11 0x19131313 c931_pmpcfg3 0x0f0f0f0f
core   0: 0x80000456 (0x488aa5b7) lui     a1, 0x488aa
core   0: 3 0x80000456 (0x488aa5b7) x11 0x488aa000
core   0: 0x8000045a (0x09558593) addi    a1, a1, 149
core   0: 3 0x8000045a (0x09558593) x11 0x488aa095
core   0: 0x8000045e (0x00003b17) auipc   s6, 0x3
core   0: 3 0x8000045e (0x00003b17) x22 0x8000345e
core   0: 0x80000462 (0xfd6b0b13) addi    s6, s6, -42
core   0: 3 0x80000462 (0xfd6b0b13) x22 0x80003434
core   0: 0x80000466 (0x000095da) c.add   a1, s6
core   0: 3 0x80000466 (0x95da) x11 0xc88ad4c9
core   0: 0x80000468 (0x3bd595f3) csrrw   a1, pmpaddr13, a1
core   0: 3 0x80000468 (0x3bd595f3) x11 0x200089d8 c957_pmpaddr13 0xc88ad4c9
core   0: 0x8000046c (0x3bd595f3) csrrw   a1, pmpaddr13, a1
core   0: 3 0x8000046c (0x3bd595f3) x11 0xc88ad4c9 c957_pmpaddr13 0x200089d8
core   0: 0x80000470 (0x3b0f45b7) lui     a1, 0x3b0f4
core   0: 3 0x80000470 (0x3b0f45b7) x11 0x3b0f4000
core   0: 0x80000474 (0x47b58593) addi    a1, a1, 1147
core   0: 3 0x80000474 (0x47b58593) x11 0x3b0f447b
core   0: 0x80000478 (0x3a3595f3) csrrw   a1, pmpcfg3, a1
core   0: 3 0x80000478 (0x3a3595f3) x11 0x0f0f0f0f c931_pmpcfg3 0x1b0f041b
core   0: 0x8000047c (0x3a3595f3) csrrw   a1, pmpcfg3, a1
core   0: 3 0x8000047c (0x3a3595f3) x11 0x1b0f041b c931_pmpcfg3 0x0f0f0f0f
core   0: 0x80000480 (0x326475b7) lui     a1, 0x32647
core   0: 3 0x80000480 (0x326475b7) x11 0x32647000
core   0: 0x80000484 (0x11e58593) addi    a1, a1, 286
core   0: 3 0x80000484 (0x11e58593) x11 0x3264711e
core   0: 0x80000488 (0x00003b17) auipc   s6, 0x3
core   0: 3 0x80000488 (0x00003b17) x22 0x80003488
core   0: 0x8000048c (0xfacb0b13) addi    s6, s6, -84
core   0: 3 0x8000048c (0xfacb0b13) x22 0x80003434
core   0: 0x80000490 (0x000095da) c.add   a1, s6
core   0: 3 0x80000490 (0x95da) x11 0xb264a552
core   0: 0x80000492 (0x3be595f3) csrrw   a1, pmpaddr14, a1
core   0: 3 0x80000492 (0x3be595f3) x11 0x20009372 c958_pmpaddr14 0xb264a552
core   0: 0x80000496 (0x3be595f3) csrrw   a1, pmpaddr14, a1
core   0: 3 0x80000496 (0x3be595f3) x11 0xb264a552 c958_pmpaddr14 0x20009372
core   0: 0x8000049a (0x296f85b7) lui     a1, 0x296f8
core   0: 3 0x8000049a (0x296f85b7) x11 0x296f8000
core   0: 0x8000049e (0xc1b58593) addi    a1, a1, -997
core   0: 3 0x8000049e (0xc1b58593) x11 0x296f7c1b
core   0: 0x800004a2 (0x3a3595f3) csrrw   a1, pmpcfg3, a1
core   0: 3 0x800004a2 (0x3a3595f3) x11 0x0f0f0f0f c931_pmpcfg3 0x090f1c1b
core   0: 0x800004a6 (0x3a3595f3) csrrw   a1, pmpcfg3, a1
core   0: 3 0x800004a6 (0x3a3595f3) x11 0x090f1c1b c931_pmpcfg3 0x0f0f0f0f
core   0: 0x800004aa (0x632245b7) lui     a1, 0x63224
core   0: 3 0x800004aa (0x632245b7) x11 0x63224000
core   0: 0x800004ae (0x15558593) addi    a1, a1, 341
core   0: 3 0x800004ae (0x15558593) x11 0x63224155
core   0: 0x800004b2 (0x00003b17) auipc   s6, 0x3
core   0: 3 0x800004b2 (0x00003b17) x22 0x800034b2
core   0: 0x800004b6 (0xf82b0b13) addi    s6, s6, -126
core   0: 3 0x800004b6 (0xf82b0b13) x22 0x80003434
core   0: 0x800004ba (0x000095da) c.add   a1, s6
core   0: 3 0x800004ba (0x95da) x11 0xe3227589
core   0: 0x800004bc (0x3bf595f3) csrrw   a1, pmpaddr15, a1
core   0: 3 0x800004bc (0x3bf595f3) x11 0x20009d0b c959_pmpaddr15 0xe3227589
core   0: 0x800004c0 (0x3bf595f3) csrrw   a1, pmpaddr15, a1
core   0: 3 0x800004c0 (0x3bf595f3) x11 0xe3227589 c959_pmpaddr15 0x20009d0b
core   0: 0x800004c4 (0x2d0c25b7) lui     a1, 0x2d0c2
core   0: 3 0x800004c4 (0x2d0c25b7) x11 0x2d0c2000
core   0: 0x800004c8 (0x15558593) addi    a1, a1, 341
core   0: 3 0x800004c8 (0x15558593) x11 0x2d0c2155
core   0: 0x800004cc (0x3a3595f3) csrrw   a1, pmpcfg3, a1
core   0: 3 0x800004cc (0x3a3595f3) x11 0x0f0f0f0f c931_pmpcfg3 0x0d0c0115
core   0: 0x800004d0 (0x3a3595f3) csrrw   a1, pmpcfg3, a1
core   0: 3 0x800004d0 (0x3a3595f3) x11 0x0d0c0115 c931_pmpcfg3 0x0f0f0f0f
core   0: 0x800004d4 (0x00000617) auipc   a2, 0x0
core   0: 3 0x800004d4 (0x00000617) x12 0x800004d4
core   0: 0x800004d8 (0x06060613) addi    a2, a2, 96
core   0: 3 0x800004d8 (0x06060613) x12 0x80000534
core   0: 0x800004dc (0x34161073) csrw    mepc, a2
core   0: 3 0x800004dc (0x34161073) c833_mepc 0x80000534
core   0: 0x800004e0 (0x7c00d073) csrwi   cpuctrlsts, 1
core   0: 3 0x800004e0 (0x7c00d073) c1984_cpuctrlsts 0x00000101
core   0: 0x800004e4 (0x00004601) c.li    a2, 0
core   0: 3 0x800004e4 (0x4601) x12 0x00000000
core   0: 0x800004e6 (0x30061073) csrw    mstatus, a2
core   0: 3 0x800004e6 (0x30061073) c768_mstatus 0x00000000
core   0: 0x800004ea (0x00004601) c.li    a2, 0
core   0: 3 0x800004ea (0x4601) x12 0x00000000
core   0: 0x800004ec (0x30461073) csrw    mie, a2
core   0: 3 0x800004ec (0x30461073) c772_mie 0x00000000
core   0: 0x800004f0 (0x90000d37) lui     s10, 0x90000
core   0: 3 0x800004f0 (0x90000d37) x26 0x90000000
core   0: 0x800004f4 (0x00001d71) c.addi  s10, -4
core   0: 3 0x800004f4 (0x1d71) x26 0x8ffffffc
core   0: 0x800004f6 (0x90000d37) lui     s10, 0x90000
core   0: 3 0x800004f6 (0x90000d37) x26 0x90000000
core   0: 0x800004fa (0x00001d71) c.addi  s10, -4
core   0: 3 0x800004fa (0x1d71) x26 0x8ffffffc
core   0: 0x800004fc (0x90000d37) lui     s10, 0x90000
core   0: 3 0x800004fc (0x90000d37) x26 0x90000000
core   0: 0x80000500 (0x00001d71) c.addi  s10, -4
core   0: 3 0x80000500 (0x1d71) x26 0x8ffffffc
core   0: 0x80000502 (0x30000613) li      a2, 768
core   0: 3 0x80000502 (0x30000613) x12 0x00000300
core   0: 0x80000506 (0x00000622) c.slli  a2, 8
core   0: 3 0x80000506 (0x0622) x12 0x00030000
core   0: 0x80000508 (0x0000060d) c.addi  a2, 3
core   0: 3 0x80000508 (0x060d) x12 0x00030003
core   0: 0x8000050a (0x00cd2023) sw      a2, 0(s10)
core   0: 3 0x8000050a (0x00cd2023) mem 0x8ffffffc 0x00030003
core   0: 0x8000050e (0x30002673) csrr    a2, mstatus
core   0: 3 0x8000050e (0x30002673) x12 0x00000000
core   0: 0x80000512 (0x00cd2023) sw      a2, 0(s10)
core   0: 3 0x80000512 (0x00cd2023) mem 0x8ffffffc 0x00000000
core   0: 0x80000516 (0x90000d37) lui     s10, 0x90000
core   0: 3 0x80000516 (0x90000d37) x26 0x90000000
core   0: 0x8000051a (0x00001d71) c.addi  s10, -4
core   0: 3 0x8000051a (0x1d71) x26 0x8ffffffc
core   0: 0x8000051c (0x30400613) li      a2, 772
core   0: 3 0x8000051c (0x30400613) x12 0x00000304
core   0: 0x80000520 (0x00000622) c.slli  a2, 8
core   0: 3 0x80000520 (0x0622) x12 0x00030400
core   0: 0x80000522 (0x0000060d) c.addi  a2, 3
core   0: 3 0x80000522 (0x060d) x12 0x00030403
core   0: 0x80000524 (0x00cd2023) sw      a2, 0(s10)
core   0: 3 0x80000524 (0x00cd2023) mem 0x8ffffffc 0x00030403
core   0: 0x80000528 (0x30402673) csrr    a2, mie
core   0: 3 0x80000528 (0x30402673) x12 0x00000000
core   0: 0x8000052c (0x00cd2023) sw      a2, 0(s10)
core   0: 3 0x8000052c (0x00cd2023) mem 0x8ffffffc 0x00000000
core   0: 0x80000530 (0x30200073) mret
core   0: 3 0x80000530 (0x30200073) c768_mstatus 0x00000080
core   0: 0x80000534 (0x8d82d037) lui     zero, 0x8d82d
core   0: 0 0x80000534 (0x8d82d037)
core   0: 0x80000538 (0x73100013) li      zero, 1841
core   0: 0 0x80000538 (0x73100013)
core   0: 0x8000053c (0x800000b7) lui     ra, 0x80000
core   0: 0 0x8000053c (0x800000b7) x1  0x80000000
core   0: 0x80000540 (0x4f708137) lui     sp, 0x4f708
core   0: 0 0x80000540 (0x4f708137) x2  0x4f708000
core   0: 0x80000544 (0xfa410113) addi    sp, sp, -92
core   0: 0 0x80000544 (0xfa410113) x2  0x4f707fa4
core   0: 0x80000548 (0x9fccf1b7) lui     gp, 0x9fccf
core   0: 0 0x80000548 (0x9fccf1b7) x3  0x9fccf000
core   0: 0x8000054c (0x78b18193) addi    gp, gp, 1931
core   0: 0 0x8000054c (0x78b18193) x3  0x9fccf78b
core   0: 0x80000550 (0x00004215) c.li    tp, 5
core   0: 0 0x80000550 (0x4215) x4  0x00000005
core   0: 0x80000552 (0x800002b7) lui     t0, 0x80000
core   0: 0 0x80000552 (0x800002b7) x5  0x80000000
core   0: 0x80000556 (0xe4fb7337) lui     t1, 0xe4fb7
core   0: 0 0x80000556 (0xe4fb7337) x6  0xe4fb7000
core   0: 0x8000055a (0x21430313) addi    t1, t1, 532
core   0: 0 0x8000055a (0x21430313) x6  0xe4fb7214
core   0: 0x8000055e (0x00004389) c.li    t2, 2
core   0: 0 0x8000055e (0x4389) x7  0x00000002
core   0: 0x80000560 (0x00004401) c.li    s0, 0
core   0: 0 0x80000560 (0x4401) x8  0x00000000
core   0: 0x80000562 (0xf6f65537) lui     a0, 0xf6f65
core   0: 0 0x80000562 (0xf6f65537) x10 0xf6f65000
core   0: 0x80000566 (0x7b150513) addi    a0, a0, 1969
core   0: 0 0x80000566 (0x7b150513) x10 0xf6f657b1
core   0: 0x8000056a (0x00004581) c.li    a1, 0
core   0: 0 0x8000056a (0x4581) x11 0x00000000
core   0: 0x8000056c (0xf09aa637) lui     a2, 0xf09aa
core   0: 0 0x8000056c (0xf09aa637) x12 0xf09aa000
core   0: 0x80000570 (0x39a60613) addi    a2, a2, 922
core   0: 0 0x80000570 (0x39a60613) x12 0xf09aa39a
core   0: 0x80000574 (0x800006b7) lui     a3, 0x80000
core   0: 0 0x80000574 (0x800006b7) x13 0x80000000
core   0: 0x80000578 (0x80000737) lui     a4, 0x80000
core   0: 0 0x80000578 (0x80000737) x14 0x80000000
core   0: 0x8000057c (0x000047a5) c.li    a5, 9
core   0: 0 0x8000057c (0x47a5) x15 0x00000009
core   0: 0x8000057e (0x00004801) c.li    a6, 0
core   0: 0 0x8000057e (0x4801) x16 0x00000000
core   0: 0x80000580 (0x000048a9) c.li    a7, 10
core   0: 0 0x80000580 (0x48a9) x17 0x0000000a
core   0: 0x80000582 (0x35995937) lui     s2, 0x35995
core   0: 0 0x80000582 (0x35995937) x18 0x35995000
core   0: 0x80000586 (0xc0190913) addi    s2, s2, -1023
core   0: 0 0x80000586 (0xc0190913) x18 0x35994c01
core   0: 0x8000058a (0x0000499d) c.li    s3, 7
core   0: 0 0x8000058a (0x499d) x19 0x00000007
core   0: 0x8000058c (0x00004a3d) c.li    s4, 15
core   0: 0 0x8000058c (0x4a3d) x20 0x0000000f
core   0: 0x8000058e (0x00004a99) c.li    s5, 6
core   0: 0 0x8000058e (0x4a99) x21 0x00000006
core   0: 0x80000590 (0x00004b01) c.li    s6, 0
core   0: 0 0x80000590 (0x4b01) x22 0x00000000
core   0: 0x80000592 (0xf7535bb7) lui     s7, 0xf7535
core   0: 0 0x80000592 (0xf7535bb7) x23 0xf7535000
core   0: 0x80000596 (0x6fdb8b93) addi    s7, s7, 1789
core   0: 0 0x80000596 (0x6fdb8b93) x23 0xf75356fd
core   0: 0x8000059a (0xf61b5c37) lui     s8, 0xf61b5
core   0: 0 0x8000059a (0xf61b5c37) x24 0xf61b5000
core   0: 0x8000059e (0x87cc0c13) addi    s8, s8, -1924
core   0: 0 0x8000059e (0x87cc0c13) x24 0xf61b487c
core   0: 0x800005a2 (0x00004c81) c.li    s9, 0
core   0: 0 0x800005a2 (0x4c81) x25 0x00000000
core   0: 0x800005a4 (0x00004d01) c.li    s10, 0
core   0: 0 0x800005a4 (0x4d01) x26 0x00000000
core   0: 0x800005a6 (0x65d29db7) lui     s11, 0x65d29
core   0: 0 0x800005a6 (0x65d29db7) x27 0x65d29000
core   0: 0x800005aa (0x101d8d93) addi    s11, s11, 257
core   0: 0 0x800005aa (0x101d8d93) x27 0x65d29101
core   0: 0x800005ae (0x00004e01) c.li    t3, 0
core   0: 0 0x800005ae (0x4e01) x28 0x00000000
core   0: 0x800005b0 (0xf1a80eb7) lui     t4, 0xf1a80
core   0: 0 0x800005b0 (0xf1a80eb7) x29 0xf1a80000
core   0: 0x800005b4 (0x0b6e8e93) addi    t4, t4, 182
core   0: 0 0x800005b4 (0x0b6e8e93) x29 0xf1a800b6
core   0: 0x800005b8 (0x80000fb7) lui     t6, 0x80000
core   0: 0 0x800005b8 (0x80000fb7) x31 0x80000000
core   0: 0x800005bc (0x00029497) auipc   s1, 0x29
core   0: 0 0x800005bc (0x00029497) x9  0x800295bc
core   0: 0x800005c0 (0x8a848493) addi    s1, s1, -1880
core   0: 0 0x800005c0 (0x8a848493) x9  0x80028e64
core   0: 0x800005c4 (0x90000d37) lui     s10, 0x90000
core   0: 0 0x800005c4 (0x90000d37) x26 0x90000000
core   0: 0x800005c8 (0x00001d71) c.addi  s10, -4
core   0: 0 0x800005c8 (0x1d71) x26 0x8ffffffc
core   0: 0x800005ca (0x00004601) c.li    a2, 0
core   0: 0 0x800005ca (0x4601) x12 0x00000000
core   0: 0x800005cc (0x00000622) c.slli  a2, 8
core   0: 0 0x800005cc (0x0622) x12 0x00000000
core   0: 0x800005ce (0x00060613) mv      a2, a2
core   0: 0 0x800005ce (0x00060613) x12 0x00000000
core   0: 0x800005d2 (0x00cd2023) sw      a2, 0(s10)
core   0: exception trap_store_access_fault, epc 0x800005d2
core   0:           tval 0x8ffffffc
core   0: 0x80002700 (0x0800006f) j       pc + 0x80
core   0: 3 0x80002700 (0x0800006f)
core   0: 0x80002780 (0x00001f71) c.addi  t5, -4
core   0: 3 0x80002780 (0x1f71) x30 0x8002cce0
core   0: 0x80002782 (0x009f2023) sw      s1, 0(t5)
core   0: 3 0x80002782 (0x009f2023) mem 0x8002cce0 0x80028e64
core   0: 0x80002786 (0x000f04b3) add     s1, t5, zero
core   0: 3 0x80002786 (0x000f04b3) x9  0x8002cce0
core   0: 0x8000278a (0xf8048493) addi    s1, s1, -128
core   0: 3 0x8000278a (0xf8048493) x9  0x8002cc60
core   0: 0x8000278e (0x0014a223) sw      ra, 4(s1)
core   0: 3 0x8000278e (0x0014a223) mem 0x8002cc64 0x80000000
core   0: 0x80002792 (0x0024a423) sw      sp, 8(s1)
core   0: 3 0x80002792 (0x0024a423) mem 0x8002cc68 0x4f707fa4
core   0: 0x80002796 (0x0034a623) sw      gp, 12(s1)
core   0: 3 0x80002796 (0x0034a623) mem 0x8002cc6c 0x9fccf78b
core   0: 0x8000279a (0x0044a823) sw      tp, 16(s1)
core   0: 3 0x8000279a (0x0044a823) mem 0x8002cc70 0x00000005
core   0: 0x8000279e (0x0054aa23) sw      t0, 20(s1)
core   0: 3 0x8000279e (0x0054aa23) mem 0x8002cc74 0x80000000
core   0: 0x800027a2 (0x0064ac23) sw      t1, 24(s1)
core   0: 3 0x800027a2 (0x0064ac23) mem 0x8002cc78 0xe4fb7214
core   0: 0x800027a6 (0x0074ae23) sw      t2, 28(s1)
core   0: 3 0x800027a6 (0x0074ae23) mem 0x8002cc7c 0x00000002
core   0: 0x800027aa (0x0000d080) c.sw    s0, 32(s1)
core   0: 3 0x800027aa (0xd080) mem 0x8002cc80 0x00000000
core   0: 0x800027ac (0x0000d0c4) c.sw    s1, 36(s1)
core   0: 3 0x800027ac (0xd0c4) mem 0x8002cc84 0x8002cc60
core   0: 0x800027ae (0x0000d488) c.sw    a0, 40(s1)
core   0: 3 0x800027ae (0xd488) mem 0x8002cc88 0xf6f657b1
core   0: 0x800027b0 (0x0000d4cc) c.sw    a1, 44(s1)
core   0: 3 0x800027b0 (0xd4cc) mem 0x8002cc8c 0x00000000
core   0: 0x800027b2 (0x0000d890) c.sw    a2, 48(s1)
core   0: 3 0x800027b2 (0xd890) mem 0x8002cc90 0x00000000
core   0: 0x800027b4 (0x0000d8d4) c.sw    a3, 52(s1)
core   0: 3 0x800027b4 (0xd8d4) mem 0x8002cc94 0x80000000
core   0: 0x800027b6 (0x0000dc98) c.sw    a4, 56(s1)
core   0: 3 0x800027b6 (0xdc98) mem 0x8002cc98 0x80000000
core   0: 0x800027b8 (0x0000dcdc) c.sw    a5, 60(s1)
core   0: 3 0x800027b8 (0xdcdc) mem 0x8002cc9c 0x00000009
core   0: 0x800027ba (0x0504a023) sw      a6, 64(s1)
core   0: 3 0x800027ba (0x0504a023) mem 0x8002cca0 0x00000000
core   0: 0x800027be (0x0514a223) sw      a7, 68(s1)
core   0: 3 0x800027be (0x0514a223) mem 0x8002cca4 0x0000000a
core   0: 0x800027c2 (0x0524a423) sw      s2, 72(s1)
core   0: 3 0x800027c2 (0x0524a423) mem 0x8002cca8 0x35994c01
core   0: 0x800027c6 (0x0534a623) sw      s3, 76(s1)
core   0: 3 0x800027c6 (0x0534a623) mem 0x8002ccac 0x00000007
core   0: 0x800027ca (0x0544a823) sw      s4, 80(s1)
core   0: 3 0x800027ca (0x0544a823) mem 0x8002ccb0 0x0000000f
core   0: 0x800027ce (0x0554aa23) sw      s5, 84(s1)
core   0: 3 0x800027ce (0x0554aa23) mem 0x8002ccb4 0x00000006
core   0: 0x800027d2 (0x0564ac23) sw      s6, 88(s1)
core   0: 3 0x800027d2 (0x0564ac23) mem 0x8002ccb8 0x00000000
core   0: 0x800027d6 (0x0574ae23) sw      s7, 92(s1)
core   0: 3 0x800027d6 (0x0574ae23) mem 0x8002ccbc 0xf75356fd
core   0: 0x800027da (0x0784a023) sw      s8, 96(s1)
core   0: 3 0x800027da (0x0784a023) mem 0x8002ccc0 0xf61b487c
core   0: 0x800027de (0x0794a223) sw      s9, 100(s1)
core   0: 3 0x800027de (0x0794a223) mem 0x8002ccc4 0x00000000
core   0: 0x800027e2 (0x07a4a423) sw      s10, 104(s1)
core   0: 3 0x800027e2 (0x07a4a423) mem 0x8002ccc8 0x8ffffffc
core   0: 0x800027e6 (0x07b4a623) sw      s11, 108(s1)
core   0: 3 0x800027e6 (0x07b4a623) mem 0x8002cccc 0x65d29101
core   0: 0x800027ea (0x07c4a823) sw      t3, 112(s1)
core   0: 3 0x800027ea (0x07c4a823) mem 0x8002ccd0 0x00000000
core   0: 0x800027ee (0x07d4aa23) sw      t4, 116(s1)
core   0: 3 0x800027ee (0x07d4aa23) mem 0x8002ccd4 0xf1a800b6
core   0: 0x800027f2 (0x07e4ac23) sw      t5, 120(s1)
core   0: 3 0x800027f2 (0x07e4ac23) mem 0x8002ccd8 0x8002cce0
core   0: 0x800027f6 (0x07f4ae23) sw      t6, 124(s1)
core   0: 3 0x800027f6 (0x07f4ae23) mem 0x8002ccdc 0x80000000
core   0: 0x800027fa (0x00048f33) add     t5, s1, zero
core   0: 3 0x800027fa (0x00048f33) x30 0x8002cc60
core   0: 0x800027fe (0x90000d37) lui     s10, 0x90000
core   0: 3 0x800027fe (0x90000d37) x26 0x90000000
core   0: 0x80002802 (0x00001d71) c.addi  s10, -4
core   0: 3 0x80002802 (0x1d71) x26 0x8ffffffc
core   0: 0x80002804 (0x00004621) c.li    a2, 8
core   0: 3 0x80002804 (0x4621) x12 0x00000008
core   0: 0x80002806 (0x00000622) c.slli  a2, 8
core   0: 3 0x80002806 (0x0622) x12 0x00000800
core   0: 0x80002808 (0x00060613) mv      a2, a2
core   0: 3 0x80002808 (0x00060613) x12 0x00000800
core   0: 0x8000280c (0x00cd2023) sw      a2, 0(s10)
core   0: 3 0x8000280c (0x00cd2023) mem 0x8ffffffc 0x00000800
core   0: 0x80002810 (0x34102673) csrr    a2, mepc
core   0: 3 0x80002810 (0x34102673) x12 0x800005d2
core   0: 0x80002814 (0x34202673) csrr    a2, mcause
core   0: 3 0x80002814 (0x34202673) x12 0x00000007
core   0: 0x80002818 (0x00004d0d) c.li    s10, 3
core   0: 3 0x80002818 (0x4d0d) x26 0x00000003
core   0: 0x8000281a (0x01a61463) bne     a2, s10, pc + 8
core   0: 3 0x8000281a (0x01a61463)
core   0: 0x80002822 (0x00004d21) c.li    s10, 8
core   0: 3 0x80002822 (0x4d21) x26 0x00000008
core   0: 0x80002824 (0x05a60d63) beq     a2, s10, pc + 90
core   0: 3 0x80002824 (0x05a60d63)
core   0: 0x80002828 (0x00004d25) c.li    s10, 9
core   0: 3 0x80002828 (0x4d25) x26 0x00000009
core   0: 0x8000282a (0x05a60a63) beq     a2, s10, pc + 84
core   0: 3 0x8000282a (0x05a60a63)
core   0: 0x8000282e (0x00004d2d) c.li    s10, 11
core   0: 3 0x8000282e (0x4d2d) x26 0x0000000b
core   0: 0x80002830 (0x05a60763) beq     a2, s10, pc + 78
core   0: 3 0x80002830 (0x05a60763)
core   0: 0x80002834 (0x00004d05) c.li    s10, 1
core   0: 3 0x80002834 (0x4d05) x26 0x00000001
core   0: 0x80002836 (0x33a60b63) beq     a2, s10, pc + 822
core   0: 3 0x80002836 (0x33a60b63)
core   0: 0x8000283a (0x00004d15) c.li    s10, 5
core   0: 3 0x8000283a (0x4d15) x26 0x00000005
core   0: 0x8000283c (0x61a60263) beq     a2, s10, pc + 1540
core   0: 3 0x8000283c (0x61a60263)
core   0: 0x80002840 (0x00004d1d) c.li    s10, 7
core   0: 3 0x80002840 (0x4d1d) x26 0x00000007
core   0: 0x80002842 (0x11a602e3) beq     a2, s10, pc + 2308
core   0: 3 0x80002842 (0x11a602e3)
core   0: 0x80003146 (0x90000d37) lui     s10, 0x90000
core   0: 3 0x80003146 (0x90000d37) x26 0x90000000
core   0: 0x8000314a (0x00001d71) c.addi  s10, -4
core   0: 3 0x8000314a (0x1d71) x26 0x8ffffffc
core   0: 0x8000314c (0x00004631) c.li    a2, 12
core   0: 3 0x8000314c (0x4631) x12 0x0000000c
core   0: 0x8000314e (0x00000622) c.slli  a2, 8
core   0: 3 0x8000314e (0x0622) x12 0x00000c00
core   0: 0x80003150 (0x00060613) mv      a2, a2
core   0: 3 0x80003150 (0x00060613) x12 0x00000c00
core   0: 0x80003154 (0x00cd2023) sw      a2, 0(s10)
core   0: 3 0x80003154 (0x00cd2023) mem 0x8ffffffc 0x00000c00
core   0: 0x80003158 (0x90000d37) lui     s10, 0x90000
core   0: 3 0x80003158 (0x90000d37) x26 0x90000000
core   0: 0x8000315c (0x00001d71) c.addi  s10, -4
core   0: 3 0x8000315c (0x1d71) x26 0x8ffffffc
core   0: 0x8000315e (0x34200613) li      a2, 834
core   0: 3 0x8000315e (0x34200613) x12 0x00000342
core   0: 0x80003162 (0x00000622) c.slli  a2, 8
core   0: 3 0x80003162 (0x0622) x12 0x00034200
core   0: 0x80003164 (0x0000060d) c.addi  a2, 3
core   0: 3 0x80003164 (0x060d) x12 0x00034203
core   0: 0x80003166 (0x00cd2023) sw      a2, 0(s10)
core   0: 3 0x80003166 (0x00cd2023) mem 0x8ffffffc 0x00034203
core   0: 0x8000316a (0x34202673) csrr    a2, mcause
core   0: 3 0x8000316a (0x34202673) x12 0x00000007
core   0: 0x8000316e (0x00cd2023) sw      a2, 0(s10)
core   0: 3 0x8000316e (0x00cd2023) mem 0x8ffffffc 0x00000007
core   0: 0x80003172 (0x00004601) c.li    a2, 0
core   0: 3 0x80003172 (0x4601) x12 0x00000000
core   0: 0x80003174 (0x00008eb2) c.mv    t4, a2
core   0: 3 0x80003174 (0x8eb2) x29 0x00000000
core   0: 0x80003176 (0x00004b01) c.li    s6, 0
core   0: 3 0x80003176 (0x4b01) x22 0x00000000
core   0: 0x80003178 (0x00008676) c.mv    a2, t4
core   0: 3 0x80003178 (0x8676) x12 0x00000000
core   0: 0x8000317a (0x000085b2) c.mv    a1, a2
core   0: 3 0x8000317a (0x85b2) x11 0x00000000
core   0: 0x8000317c (0x00004581) c.li    a1, 0
core   0: 3 0x8000317c (0x4581) x11 0x00000000
core   0: 0x8000317e (0x04b60f63) beq     a2, a1, pc + 94
core   0: 3 0x8000317e (0x04b60f63)
core   0: 0x800031dc (0x3b002d73) csrr    s10, pmpaddr0
core   0: 3 0x800031dc (0x3b002d73) x26 0x20000d0d
core   0: 0x800031e0 (0x3a002ff3) csrr    t6, pmpcfg0
core   0: 3 0x800031e0 (0x3a002ff3) x31 0x0f0f0f0f
core   0: 0x800031e4 (0x0000a861) c.j     pc + 152
core   0: 3 0x800031e4 (0xa861)
core   0: 0x8000327c (0x00004e11) c.li    t3, 4
core   0: 3 0x8000327c (0x4e11) x28 0x00000004
core   0: 0x8000327e (0x01ee9613) slli    a2, t4, 30
core   0: 3 0x8000327e (0x01ee9613) x12 0x00000000
core   0: 0x80003282 (0x00008279) c.srli  a2, 30
core   0: 3 0x80003282 (0x8279) x12 0x00000000
core   0: 0x80003284 (0x40ce05b3) sub     a1, t3, a2
core   0: 3 0x80003284 (0x40ce05b3) x11 0x00000004
core   0: 0x80003288 (0x000015fd) c.addi  a1, -1
core   0: 3 0x80003288 (0x15fd) x11 0x00000003
core   0: 0x8000328a (0x0000058e) c.slli  a1, 3
core   0: 3 0x8000328a (0x058e) x11 0x00000018
core   0: 0x8000328c (0x00bf9e33) sll     t3, t6, a1
core   0: 3 0x8000328c (0x00bf9e33) x28 0x0f000000
core   0: 0x80003290 (0x0000060e) c.slli  a2, 3
core   0: 3 0x80003290 (0x060e) x12 0x00000000
core   0: 0x80003292 (0x000095b2) c.add   a1, a2
core   0: 3 0x80003292 (0x95b2) x11 0x00000018
core   0: 0x80003294 (0x00be5e33) srl     t3, t3, a1
core   0: 3 0x80003294 (0x00be5e33) x28 0x0000000f
core   0: 0x80003298 (0x01be1593) slli    a1, t3, 27
core   0: 3 0x80003298 (0x01be1593) x11 0x78000000
core   0: 0x8000329c (0x000081f9) c.srli  a1, 30
core   0: 3 0x8000329c (0x81f9) x11 0x00000001
core   0: 0x8000329e (0x0000c1b1) c.beqz  a1, pc + 68
core   0: 3 0x8000329e (0xc1b1)
core   0: 0x800032a0 (0x00004605) c.li    a2, 1
core   0: 3 0x800032a0 (0x4605) x12 0x00000001
core   0: 0x800032a2 (0x04c58163) beq     a1, a2, pc + 66
core   0: 3 0x800032a2 (0x04c58163)
core   0: 0x800032e4 (0x00008676) c.mv    a2, t4
core   0: 3 0x800032e4 (0x8676) x12 0x00000000
core   0: 0x800032e6 (0x343025f3) csrr    a1, mtval
core   0: 3 0x800032e6 (0x343025f3) x11 0x8ffffffc
core   0: 0x800032ea (0x00008189) c.srli  a1, 2
core   0: 3 0x800032ea (0x8189) x11 0x23ffffff
core   0: 0x800032ec (0x0000e601) c.bnez  a2, pc + 8
core   0: 3 0x800032ec (0xe601)
core   0: 0x800032ee (0xfc05c8e3) bltz    a1, pc - 48
core   0: 3 0x800032ee (0xfc05c8e3)
core   0: 0x800032f2 (0x0000a019) c.j     pc + 6
core   0: 3 0x800032f2 (0xa019)
core   0: 0x800032f8 (0xfda5f3e3) bgeu    a1, s10, pc - 58
core   0: 3 0x800032f8 (0xfda5f3e3)
core   0: 0x800032be (0x00008676) c.mv    a2, t4
core   0: 3 0x800032be (0x8676) x12 0x00000000
core   0: 0x800032c0 (0x00008b6a) c.mv    s6, s10
core   0: 3 0x800032c0 (0x8b6a) x22 0x20000d0d
core   0: 0x800032c2 (0x00000605) c.addi  a2, 1
core   0: 3 0x800032c2 (0x0605) x12 0x00000001
core   0: 0x800032c4 (0x00008eb2) c.mv    t4, a2
core   0: 3 0x800032c4 (0x8eb2) x29 0x00000001
core   0: 0x800032c6 (0x00004d41) c.li    s10, 16
core   0: 3 0x800032c6 (0x4d41) x26 0x00000010
core   0: 0x800032c8 (0x01a65363) bge     a2, s10, pc + 6
core   0: 3 0x800032c8 (0x01a65363)
core   0: 0x800032cc (0x0000b575) c.j     pc - 340
core   0: 3 0x800032cc (0xb575)
core   0: 0x80003178 (0x00008676) c.mv    a2, t4
core   0: 3 0x80003178 (0x8676) x12 0x00000001
core   0: 0x8000317a (0x000085b2) c.mv    a1, a2
core   0: 3 0x8000317a (0x85b2) x11 0x00000001
core   0: 0x8000317c (0x00004581) c.li    a1, 0
core   0: 3 0x8000317c (0x4581) x11 0x00000000
core   0: 0x8000317e (0x04b60f63) beq     a2, a1, pc + 94
core   0: 3 0x8000317e (0x04b60f63)
core   0: 0x80003182 (0x00004585) c.li    a1, 1
core   0: 3 0x80003182 (0x4585) x11 0x00000001
core   0: 0x80003184 (0x06b60163) beq     a2, a1, pc + 98
core   0: 3 0x80003184 (0x06b60163)
core   0: 0x800031e6 (0x3b102d73) csrr    s10, pmpaddr1
core   0: 3 0x800031e6 (0x3b102d73) x26 0x200016a6
core   0: 0x800031ea (0x3a002ff3) csrr    t6, pmpcfg0
core   0: 3 0x800031ea (0x3a002ff3) x31 0x0f0f0f0f
core   0: 0x800031ee (0x0000a079) c.j     pc + 142
core   0: 3 0x800031ee (0xa079)
core   0: 0x8000327c (0x00004e11) c.li    t3, 4
core   0: 3 0x8000327c (0x4e11) x28 0x00000004
core   0: 0x8000327e (0x01ee9613) slli    a2, t4, 30
core   0: 3 0x8000327e (0x01ee9613) x12 0x40000000
core   0: 0x80003282 (0x00008279) c.srli  a2, 30
core   0: 3 0x80003282 (0x8279) x12 0x00000001
core   0: 0x80003284 (0x40ce05b3) sub     a1, t3, a2
core   0: 3 0x80003284 (0x40ce05b3) x11 0x00000003
core   0: 0x80003288 (0x000015fd) c.addi  a1, -1
core   0: 3 0x80003288 (0x15fd) x11 0x00000002
core   0: 0x8000328a (0x0000058e) c.slli  a1, 3
core   0: 3 0x8000328a (0x058e) x11 0x00000010
core   0: 0x8000328c (0x00bf9e33) sll     t3, t6, a1
core   0: 3 0x8000328c (0x00bf9e33) x28 0x0f0f0000
core   0: 0x80003290 (0x0000060e) c.slli  a2, 3
core   0: 3 0x80003290 (0x060e) x12 0x00000008
core   0: 0x80003292 (0x000095b2) c.add   a1, a2
core   0: 3 0x80003292 (0x95b2) x11 0x00000018
core   0: 0x80003294 (0x00be5e33) srl     t3, t3, a1
core   0: 3 0x80003294 (0x00be5e33) x28 0x0000000f
core   0: 0x80003298 (0x01be1593) slli    a1, t3, 27
core   0: 3 0x80003298 (0x01be1593) x11 0x78000000
core   0: 0x8000329c (0x000081f9) c.srli  a1, 30
core   0: 3 0x8000329c (0x81f9) x11 0x00000001
core   0: 0x8000329e (0x0000c1b1) c.beqz  a1, pc + 68
core   0: 3 0x8000329e (0xc1b1)
core   0: 0x800032a0 (0x00004605) c.li    a2, 1
core   0: 3 0x800032a0 (0x4605) x12 0x00000001
core   0: 0x800032a2 (0x04c58163) beq     a1, a2, pc + 66
core   0: 3 0x800032a2 (0x04c58163)
core   0: 0x800032e4 (0x00008676) c.mv    a2, t4
core   0: 3 0x800032e4 (0x8676) x12 0x00000001
core   0: 0x800032e6 (0x343025f3) csrr    a1, mtval
core   0: 3 0x800032e6 (0x343025f3) x11 0x8ffffffc
core   0: 0x800032ea (0x00008189) c.srli  a1, 2
core   0: 3 0x800032ea (0x8189) x11 0x23ffffff
core   0: 0x800032ec (0x0000e601) c.bnez  a2, pc + 8
core   0: 3 0x800032ec (0xe601)
core   0: 0x800032f4 (0xfd65e5e3) bltu    a1, s6, pc - 54
core   0: 3 0x800032f4 (0xfd65e5e3)
core   0: 0x800032f8 (0xfda5f3e3) bgeu    a1, s10, pc - 58
core   0: 3 0x800032f8 (0xfda5f3e3)
core   0: 0x800032be (0x00008676) c.mv    a2, t4
core   0: 3 0x800032be (0x8676) x12 0x00000001
core   0: 0x800032c0 (0x00008b6a) c.mv    s6, s10
core   0: 3 0x800032c0 (0x8b6a) x22 0x200016a6
core   0: 0x800032c2 (0x00000605) c.addi  a2, 1
core   0: 3 0x800032c2 (0x0605) x12 0x00000002
core   0: 0x800032c4 (0x00008eb2) c.mv    t4, a2
core   0: 3 0x800032c4 (0x8eb2) x29 0x00000002
core   0: 0x800032c6 (0x00004d41) c.li    s10, 16
core   0: 3 0x800032c6 (0x4d41) x26 0x00000010
core   0: 0x800032c8 (0x01a65363) bge     a2, s10, pc + 6
core   0: 3 0x800032c8 (0x01a65363)
core   0: 0x800032cc (0x0000b575) c.j     pc - 340
core   0: 3 0x800032cc (0xb575)
core   0: 0x80003178 (0x00008676) c.mv    a2, t4
core   0: 3 0x80003178 (0x8676) x12 0x00000002
core   0: 0x8000317a (0x000085b2) c.mv    a1, a2
core   0: 3 0x8000317a (0x85b2) x11 0x00000002
core   0: 0x8000317c (0x00004581) c.li    a1, 0
core   0: 3 0x8000317c (0x4581) x11 0x00000000
core   0: 0x8000317e (0x04b60f63) beq     a2, a1, pc + 94
core   0: 3 0x8000317e (0x04b60f63)
core   0: 0x80003182 (0x00004585) c.li    a1, 1
core   0: 3 0x80003182 (0x4585) x11 0x00000001
core   0: 0x80003184 (0x06b60163) beq     a2, a1, pc + 98
core   0: 3 0x80003184 (0x06b60163)
core   0: 0x80003188 (0x00004589) c.li    a1, 2
core   0: 3 0x80003188 (0x4589) x11 0x00000002
core   0: 0x8000318a (0x06b60363) beq     a2, a1, pc + 102
core   0: 3 0x8000318a (0x06b60363)
core   0: 0x800031f0 (0x3b202d73) csrr    s10, pmpaddr2
core   0: 3 0x800031f0 (0x3b202d73) x26 0x20002040
core   0: 0x800031f4 (0x3a002ff3) csrr    t6, pmpcfg0
core   0: 3 0x800031f4 (0x3a002ff3) x31 0x0f0f0f0f
core   0: 0x800031f8 (0x0000a051) c.j     pc + 132
core   0: 3 0x800031f8 (0xa051)
core   0: 0x8000327c (0x00004e11) c.li    t3, 4
core   0: 3 0x8000327c (0x4e11) x28 0x00000004
core   0: 0x8000327e (0x01ee9613) slli    a2, t4, 30
core   0: 3 0x8000327e (0x01ee9613) x12 0x80000000
core   0: 0x80003282 (0x00008279) c.srli  a2, 30
core   0: 3 0x80003282 (0x8279) x12 0x00000002
core   0: 0x80003284 (0x40ce05b3) sub     a1, t3, a2
core   0: 3 0x80003284 (0x40ce05b3) x11 0x00000002
core   0: 0x80003288 (0x000015fd) c.addi  a1, -1
core   0: 3 0x80003288 (0x15fd) x11 0x00000001
core   0: 0x8000328a (0x0000058e) c.slli  a1, 3
core   0: 3 0x8000328a (0x058e) x11 0x00000008
core   0: 0x8000328c (0x00bf9e33) sll     t3, t6, a1
core   0: 3 0x8000328c (0x00bf9e33) x28 0x0f0f0f00
core   0: 0x80003290 (0x0000060e) c.slli  a2, 3
core   0: 3 0x80003290 (0x060e) x12 0x00000010
core   0: 0x80003292 (0x000095b2) c.add   a1, a2
core   0: 3 0x80003292 (0x95b2) x11 0x00000018
core   0: 0x80003294 (0x00be5e33) srl     t3, t3, a1
core   0: 3 0x80003294 (0x00be5e33) x28 0x0000000f
core   0: 0x80003298 (0x01be1593) slli    a1, t3, 27
core   0: 3 0x80003298 (0x01be1593) x11 0x78000000
core   0: 0x8000329c (0x000081f9) c.srli  a1, 30
core   0: 3 0x8000329c (0x81f9) x11 0x00000001
core   0: 0x8000329e (0x0000c1b1) c.beqz  a1, pc + 68
core   0: 3 0x8000329e (0xc1b1)
core   0: 0x800032a0 (0x00004605) c.li    a2, 1
core   0: 3 0x800032a0 (0x4605) x12 0x00000001
core   0: 0x800032a2 (0x04c58163) beq     a1, a2, pc + 66
core   0: 3 0x800032a2 (0x04c58163)
core   0: 0x800032e4 (0x00008676) c.mv    a2, t4
core   0: 3 0x800032e4 (0x8676) x12 0x00000002
core   0: 0x800032e6 (0x343025f3) csrr    a1, mtval
core   0: 3 0x800032e6 (0x343025f3) x11 0x8ffffffc
core   0: 0x800032ea (0x00008189) c.srli  a1, 2
core   0: 3 0x800032ea (0x8189) x11 0x23ffffff
core   0: 0x800032ec (0x0000e601) c.bnez  a2, pc + 8
core   0: 3 0x800032ec (0xe601)
core   0: 0x800032f4 (0xfd65e5e3) bltu    a1, s6, pc - 54
core   0: 3 0x800032f4 (0xfd65e5e3)
core   0: 0x800032f8 (0xfda5f3e3) bgeu    a1, s10, pc - 58
core   0: 3 0x800032f8 (0xfda5f3e3)
core   0: 0x800032be (0x00008676) c.mv    a2, t4
core   0: 3 0x800032be (0x8676) x12 0x00000002
core   0: 0x800032c0 (0x00008b6a) c.mv    s6, s10
core   0: 3 0x800032c0 (0x8b6a) x22 0x20002040
core   0: 0x800032c2 (0x00000605) c.addi  a2, 1
core   0: 3 0x800032c2 (0x0605) x12 0x00000003
core   0: 0x800032c4 (0x00008eb2) c.mv    t4, a2
core   0: 3 0x800032c4 (0x8eb2) x29 0x00000003
core   0: 0x800032c6 (0x00004d41) c.li    s10, 16
core   0: 3 0x800032c6 (0x4d41) x26 0x00000010
core   0: 0x800032c8 (0x01a65363) bge     a2, s10, pc + 6
core   0: 3 0x800032c8 (0x01a65363)
core   0: 0x800032cc (0x0000b575) c.j     pc - 340
core   0: 3 0x800032cc (0xb575)
core   0: 0x80003178 (0x00008676) c.mv    a2, t4
core   0: 3 0x80003178 (0x8676) x12 0x00000003
core   0: 0x8000317a (0x000085b2) c.mv    a1, a2
core   0: 3 0x8000317a (0x85b2) x11 0x00000003
core   0: 0x8000317c (0x00004581) c.li    a1, 0
core   0: 3 0x8000317c (0x4581) x11 0x00000000
core   0: 0x8000317e (0x04b60f63) beq     a2, a1, pc + 94
core   0: 3 0x8000317e (0x04b60f63)
core   0: 0x80003182 (0x00004585) c.li    a1, 1
core   0: 3 0x80003182 (0x4585) x11 0x00000001
core   0: 0x80003184 (0x06b60163) beq     a2, a1, pc + 98
core   0: 3 0x80003184 (0x06b60163)
core   0: 0x80003188 (0x00004589) c.li    a1, 2
core   0: 3 0x80003188 (0x4589) x11 0x00000002
core   0: 0x8000318a (0x06b60363) beq     a2, a1, pc + 102
core   0: 3 0x8000318a (0x06b60363)
core   0: 0x8000318e (0x0000458d) c.li    a1, 3
core   0: 3 0x8000318e (0x458d) x11 0x00000003
core   0: 0x80003190 (0x06b60563) beq     a2, a1, pc + 106
core   0: 3 0x80003190 (0x06b60563)
core   0: 0x800031fa (0x3b302d73) csrr    s10, pmpaddr3
core   0: 3 0x800031fa (0x3b302d73) x26 0x200029d9
core   0: 0x800031fe (0x3a002ff3) csrr    t6, pmpcfg0
core   0: 3 0x800031fe (0x3a002ff3) x31 0x0f0f0f0f
core   0: 0x80003202 (0x0000a8ad) c.j     pc + 122
core   0: 3 0x80003202 (0xa8ad)
core   0: 0x8000327c (0x00004e11) c.li    t3, 4
core   0: 3 0x8000327c (0x4e11) x28 0x00000004
core   0: 0x8000327e (0x01ee9613) slli    a2, t4, 30
core   0: 3 0x8000327e (0x01ee9613) x12 0xc0000000
core   0: 0x80003282 (0x00008279) c.srli  a2, 30
core   0: 3 0x80003282 (0x8279) x12 0x00000003
core   0: 0x80003284 (0x40ce05b3) sub     a1, t3, a2
core   0: 3 0x80003284 (0x40ce05b3) x11 0x00000001
core   0: 0x80003288 (0x000015fd) c.addi  a1, -1
core   0: 3 0x80003288 (0x15fd) x11 0x00000000
core   0: 0x8000328a (0x0000058e) c.slli  a1, 3
core   0: 3 0x8000328a (0x058e) x11 0x00000000
core   0: 0x8000328c (0x00bf9e33) sll     t3, t6, a1
core   0: 3 0x8000328c (0x00bf9e33) x28 0x0f0f0f0f
core   0: 0x80003290 (0x0000060e) c.slli  a2, 3
core   0: 3 0x80003290 (0x060e) x12 0x00000018
core   0: 0x80003292 (0x000095b2) c.add   a1, a2
core   0: 3 0x80003292 (0x95b2) x11 0x00000018
core   0: 0x80003294 (0x00be5e33) srl     t3, t3, a1
core   0: 3 0x80003294 (0x00be5e33) x28 0x0000000f
core   0: 0x80003298 (0x01be1593) slli    a1, t3, 27
core   0: 3 0x80003298 (0x01be1593) x11 0x78000000
core   0: 0x8000329c (0x000081f9) c.srli  a1, 30
core   0: 3 0x8000329c (0x81f9) x11 0x00000001
core   0: 0x8000329e (0x0000c1b1) c.beqz  a1, pc + 68
core   0: 3 0x8000329e (0xc1b1)
core   0: 0x800032a0 (0x00004605) c.li    a2, 1
core   0: 3 0x800032a0 (0x4605) x12 0x00000001
core   0: 0x800032a2 (0x04c58163) beq     a1, a2, pc + 66
core   0: 3 0x800032a2 (0x04c58163)
core   0: 0x800032e4 (0x00008676) c.mv    a2, t4
core   0: 3 0x800032e4 (0x8676) x12 0x00000003
core   0: 0x800032e6 (0x343025f3) csrr    a1, mtval
core   0: 3 0x800032e6 (0x343025f3) x11 0x8ffffffc
core   0: 0x800032ea (0x00008189) c.srli  a1, 2
core   0: 3 0x800032ea (0x8189) x11 0x23ffffff
core   0: 0x800032ec (0x0000e601) c.bnez  a2, pc + 8
core   0: 3 0x800032ec (0xe601)
core   0: 0x800032f4 (0xfd65e5e3) bltu    a1, s6, pc - 54
core   0: 3 0x800032f4 (0xfd65e5e3)
core   0: 0x800032f8 (0xfda5f3e3) bgeu    a1, s10, pc - 58
core   0: 3 0x800032f8 (0xfda5f3e3)
core   0: 0x800032be (0x00008676) c.mv    a2, t4
core   0: 3 0x800032be (0x8676) x12 0x00000003
core   0: 0x800032c0 (0x00008b6a) c.mv    s6, s10
core   0: 3 0x800032c0 (0x8b6a) x22 0x200029d9
core   0: 0x800032c2 (0x00000605) c.addi  a2, 1
core   0: 3 0x800032c2 (0x0605) x12 0x00000004
core   0: 0x800032c4 (0x00008eb2) c.mv    t4, a2
core   0: 3 0x800032c4 (0x8eb2) x29 0x00000004
core   0: 0x800032c6 (0x00004d41) c.li    s10, 16
core   0: 3 0x800032c6 (0x4d41) x26 0x00000010
core   0: 0x800032c8 (0x01a65363) bge     a2, s10, pc + 6
core   0: 3 0x800032c8 (0x01a65363)
core   0: 0x800032cc (0x0000b575) c.j     pc - 340
core   0: 3 0x800032cc (0xb575)
core   0: 0x80003178 (0x00008676) c.mv    a2, t4
core   0: 3 0x80003178 (0x8676) x12 0x00000004
core   0: 0x8000317a (0x000085b2) c.mv    a1, a2
core   0: 3 0x8000317a (0x85b2) x11 0x00000004
core   0: 0x8000317c (0x00004581) c.li    a1, 0
core   0: 3 0x8000317c (0x4581) x11 0x00000000
core   0: 0x8000317e (0x04b60f63) beq     a2, a1, pc + 94
core   0: 3 0x8000317e (0x04b60f63)
core   0: 0x80003182 (0x00004585) c.li    a1, 1
core   0: 3 0x80003182 (0x4585) x11 0x00000001
core   0: 0x80003184 (0x06b60163) beq     a2, a1, pc + 98
core   0: 3 0x80003184 (0x06b60163)
core   0: 0x80003188 (0x00004589) c.li    a1, 2
core   0: 3 0x80003188 (0x4589) x11 0x00000002
core   0: 0x8000318a (0x06b60363) beq     a2, a1, pc + 102
core   0: 3 0x8000318a (0x06b60363)
core   0: 0x8000318e (0x0000458d) c.li    a1, 3
core   0: 3 0x8000318e (0x458d) x11 0x00000003
core   0: 0x80003190 (0x06b60563) beq     a2, a1, pc + 106
core   0: 3 0x80003190 (0x06b60563)
core   0: 0x80003194 (0x00004591) c.li    a1, 4
core   0: 3 0x80003194 (0x4591) x11 0x00000004
core   0: 0x80003196 (0x06b60763) beq     a2, a1, pc + 110
core   0: 3 0x80003196 (0x06b60763)
core   0: 0x80003204 (0x3b402d73) csrr    s10, pmpaddr4
core   0: 3 0x80003204 (0x3b402d73) x26 0x20003373
core   0: 0x80003208 (0x3a102ff3) csrr    t6, pmpcfg1
core   0: 3 0x80003208 (0x3a102ff3) x31 0x0f0f0f0f
core   0: 0x8000320c (0x0000a885) c.j     pc + 112
core   0: 3 0x8000320c (0xa885)
core   0: 0x8000327c (0x00004e11) c.li    t3, 4
core   0: 3 0x8000327c (0x4e11) x28 0x00000004
core   0: 0x8000327e (0x01ee9613) slli    a2, t4, 30
core   0: 3 0x8000327e (0x01ee9613) x12 0x00000000
core   0: 0x80003282 (0x00008279) c.srli  a2, 30
core   0: 3 0x80003282 (0x8279) x12 0x00000000
core   0: 0x80003284 (0x40ce05b3) sub     a1, t3, a2
core   0: 3 0x80003284 (0x40ce05b3) x11 0x00000004
core   0: 0x80003288 (0x000015fd) c.addi  a1, -1
core   0: 3 0x80003288 (0x15fd) x11 0x00000003
core   0: 0x8000328a (0x0000058e) c.slli  a1, 3
core   0: 3 0x8000328a (0x058e) x11 0x00000018
core   0: 0x8000328c (0x00bf9e33) sll     t3, t6, a1
core   0: 3 0x8000328c (0x00bf9e33) x28 0x0f000000
core   0: 0x80003290 (0x0000060e) c.slli  a2, 3
core   0: 3 0x80003290 (0x060e) x12 0x00000000
core   0: 0x80003292 (0x000095b2) c.add   a1, a2
core   0: 3 0x80003292 (0x95b2) x11 0x00000018
core   0: 0x80003294 (0x00be5e33) srl     t3, t3, a1
core   0: 3 0x80003294 (0x00be5e33) x28 0x0000000f
core   0: 0x80003298 (0x01be1593) slli    a1, t3, 27
core   0: 3 0x80003298 (0x01be1593) x11 0x78000000
core   0: 0x8000329c (0x000081f9) c.srli  a1, 30
core   0: 3 0x8000329c (0x81f9) x11 0x00000001
core   0: 0x8000329e (0x0000c1b1) c.beqz  a1, pc + 68
core   0: 3 0x8000329e (0xc1b1)
core   0: 0x800032a0 (0x00004605) c.li    a2, 1
core   0: 3 0x800032a0 (0x4605) x12 0x00000001
core   0: 0x800032a2 (0x04c58163) beq     a1, a2, pc + 66
core   0: 3 0x800032a2 (0x04c58163)
core   0: 0x800032e4 (0x00008676) c.mv    a2, t4
core   0: 3 0x800032e4 (0x8676) x12 0x00000004
core   0: 0x800032e6 (0x343025f3) csrr    a1, mtval
core   0: 3 0x800032e6 (0x343025f3) x11 0x8ffffffc
core   0: 0x800032ea (0x00008189) c.srli  a1, 2
core   0: 3 0x800032ea (0x8189) x11 0x23ffffff
core   0: 0x800032ec (0x0000e601) c.bnez  a2, pc + 8
core   0: 3 0x800032ec (0xe601)
core   0: 0x800032f4 (0xfd65e5e3) bltu    a1, s6, pc - 54
core   0: 3 0x800032f4 (0xfd65e5e3)
core   0: 0x800032f8 (0xfda5f3e3) bgeu    a1, s10, pc - 58
core   0: 3 0x800032f8 (0xfda5f3e3)
core   0: 0x800032be (0x00008676) c.mv    a2, t4
core   0: 3 0x800032be (0x8676) x12 0x00000004
core   0: 0x800032c0 (0x00008b6a) c.mv    s6, s10
core   0: 3 0x800032c0 (0x8b6a) x22 0x20003373
core   0: 0x800032c2 (0x00000605) c.addi  a2, 1
core   0: 3 0x800032c2 (0x0605) x12 0x00000005
core   0: 0x800032c4 (0x00008eb2) c.mv    t4, a2
core   0: 3 0x800032c4 (0x8eb2) x29 0x00000005
core   0: 0x800032c6 (0x00004d41) c.li    s10, 16
core   0: 3 0x800032c6 (0x4d41) x26 0x00000010
core   0: 0x800032c8 (0x01a65363) bge     a2, s10, pc + 6
core   0: 3 0x800032c8 (0x01a65363)
core   0: 0x800032cc (0x0000b575) c.j     pc - 340
core   0: 3 0x800032cc (0xb575)
core   0: 0x80003178 (0x00008676) c.mv    a2, t4
core   0: 3 0x80003178 (0x8676) x12 0x00000005
core   0: 0x8000317a (0x000085b2) c.mv    a1, a2
core   0: 3 0x8000317a (0x85b2) x11 0x00000005
core   0: 0x8000317c (0x00004581) c.li    a1, 0
core   0: 3 0x8000317c (0x4581) x11 0x00000000
core   0: 0x8000317e (0x04b60f63) beq     a2, a1, pc + 94
core   0: 3 0x8000317e (0x04b60f63)
core   0: 0x80003182 (0x00004585) c.li    a1, 1
core   0: 3 0x80003182 (0x4585) x11 0x00000001
core   0: 0x80003184 (0x06b60163) beq     a2, a1, pc + 98
core   0: 3 0x80003184 (0x06b60163)
core   0: 0x80003188 (0x00004589) c.li    a1, 2
core   0: 3 0x80003188 (0x4589) x11 0x00000002
core   0: 0x8000318a (0x06b60363) beq     a2, a1, pc + 102
core   0: 3 0x8000318a (0x06b60363)
core   0: 0x8000318e (0x0000458d) c.li    a1, 3
core   0: 3 0x8000318e (0x458d) x11 0x00000003
core   0: 0x80003190 (0x06b60563) beq     a2, a1, pc + 106
core   0: 3 0x80003190 (0x06b60563)
core   0: 0x80003194 (0x00004591) c.li    a1, 4
core   0: 3 0x80003194 (0x4591) x11 0x00000004
core   0: 0x80003196 (0x06b60763) beq     a2, a1, pc + 110
core   0: 3 0x80003196 (0x06b60763)
core   0: 0x8000319a (0x00004595) c.li    a1, 5
core   0: 3 0x8000319a (0x4595) x11 0x00000005
core   0: 0x8000319c (0x06b60963) beq     a2, a1, pc + 114
core   0: 3 0x8000319c (0x06b60963)
core   0: 0x8000320e (0x3b502d73) csrr    s10, pmpaddr5
core   0: 3 0x8000320e (0x3b502d73) x26 0x20003d0c
core   0: 0x80003212 (0x3a102ff3) csrr    t6, pmpcfg1
core   0: 3 0x80003212 (0x3a102ff3) x31 0x0f0f0f0f
core   0: 0x80003216 (0x0000a09d) c.j     pc + 102
core   0: 3 0x80003216 (0xa09d)
core   0: 0x8000327c (0x00004e11) c.li    t3, 4
core   0: 3 0x8000327c (0x4e11) x28 0x00000004
core   0: 0x8000327e (0x01ee9613) slli    a2, t4, 30
core   0: 3 0x8000327e (0x01ee9613) x12 0x40000000
core   0: 0x80003282 (0x00008279) c.srli  a2, 30
core   0: 3 0x80003282 (0x8279) x12 0x00000001
core   0: 0x80003284 (0x40ce05b3) sub     a1, t3, a2
core   0: 3 0x80003284 (0x40ce05b3) x11 0x00000003
core   0: 0x80003288 (0x000015fd) c.addi  a1, -1
core   0: 3 0x80003288 (0x15fd) x11 0x00000002
core   0: 0x8000328a (0x0000058e) c.slli  a1, 3
core   0: 3 0x8000328a (0x058e) x11 0x00000010
core   0: 0x8000328c (0x00bf9e33) sll     t3, t6, a1
core   0: 3 0x8000328c (0x00bf9e33) x28 0x0f0f0000
core   0: 0x80003290 (0x0000060e) c.slli  a2, 3
core   0: 3 0x80003290 (0x060e) x12 0x00000008
core   0: 0x80003292 (0x000095b2) c.add   a1, a2
core   0: 3 0x80003292 (0x95b2) x11 0x00000018
core   0: 0x80003294 (0x00be5e33) srl     t3, t3, a1
core   0: 3 0x80003294 (0x00be5e33) x28 0x0000000f
core   0: 0x80003298 (0x01be1593) slli    a1, t3, 27
core   0: 3 0x80003298 (0x01be1593) x11 0x78000000
core   0: 0x8000329c (0x000081f9) c.srli  a1, 30
core   0: 3 0x8000329c (0x81f9) x11 0x00000001
core   0: 0x8000329e (0x0000c1b1) c.beqz  a1, pc + 68
core   0: 3 0x8000329e (0xc1b1)
core   0: 0x800032a0 (0x00004605) c.li    a2, 1
core   0: 3 0x800032a0 (0x4605) x12 0x00000001
core   0: 0x800032a2 (0x04c58163) beq     a1, a2, pc + 66
core   0: 3 0x800032a2 (0x04c58163)
core   0: 0x800032e4 (0x00008676) c.mv    a2, t4
core   0: 3 0x800032e4 (0x8676) x12 0x00000005
core   0: 0x800032e6 (0x343025f3) csrr    a1, mtval
core   0: 3 0x800032e6 (0x343025f3) x11 0x8ffffffc
core   0: 0x800032ea (0x00008189) c.srli  a1, 2
core   0: 3 0x800032ea (0x8189) x11 0x23ffffff
core   0: 0x800032ec (0x0000e601) c.bnez  a2, pc + 8
core   0: 3 0x800032ec (0xe601)
core   0: 0x800032f4 (0xfd65e5e3) bltu    a1, s6, pc - 54
core   0: 3 0x800032f4 (0xfd65e5e3)
core   0: 0x800032f8 (0xfda5f3e3) bgeu    a1, s10, pc - 58
core   0: 3 0x800032f8 (0xfda5f3e3)
core   0: 0x800032be (0x00008676) c.mv    a2, t4
core   0: 3 0x800032be (0x8676) x12 0x00000005
core   0: 0x800032c0 (0x00008b6a) c.mv    s6, s10
core   0: 3 0x800032c0 (0x8b6a) x22 0x20003d0c
core   0: 0x800032c2 (0x00000605) c.addi  a2, 1
core   0: 3 0x800032c2 (0x0605) x12 0x00000006
core   0: 0x800032c4 (0x00008eb2) c.mv    t4, a2
core   0: 3 0x800032c4 (0x8eb2) x29 0x00000006
core   0: 0x800032c6 (0x00004d41) c.li    s10, 16
core   0: 3 0x800032c6 (0x4d41) x26 0x00000010
core   0: 0x800032c8 (0x01a65363) bge     a2, s10, pc + 6
core   0: 3 0x800032c8 (0x01a65363)
core   0: 0x800032cc (0x0000b575) c.j     pc - 340
core   0: 3 0x800032cc (0xb575)
core   0: 0x80003178 (0x00008676) c.mv    a2, t4
core   0: 3 0x80003178 (0x8676) x12 0x00000006
core   0: 0x8000317a (0x000085b2) c.mv    a1, a2
core   0: 3 0x8000317a (0x85b2) x11 0x00000006
core   0: 0x8000317c (0x00004581) c.li    a1, 0
core   0: 3 0x8000317c (0x4581) x11 0x00000000
core   0: 0x8000317e (0x04b60f63) beq     a2, a1, pc + 94
core   0: 3 0x8000317e (0x04b60f63)
core   0: 0x80003182 (0x00004585) c.li    a1, 1
core   0: 3 0x80003182 (0x4585) x11 0x00000001
core   0: 0x80003184 (0x06b60163) beq     a2, a1, pc + 98
core   0: 3 0x80003184 (0x06b60163)
core   0: 0x80003188 (0x00004589) c.li    a1, 2
core   0: 3 0x80003188 (0x4589) x11 0x00000002
core   0: 0x8000318a (0x06b60363) beq     a2, a1, pc + 102
core   0: 3 0x8000318a (0x06b60363)
core   0: 0x8000318e (0x0000458d) c.li    a1, 3
core   0: 3 0x8000318e (0x458d) x11 0x00000003
core   0: 0x80003190 (0x06b60563) beq     a2, a1, pc + 106
core   0: 3 0x80003190 (0x06b60563)
core   0: 0x80003194 (0x00004591) c.li    a1, 4
core   0: 3 0x80003194 (0x4591) x11 0x00000004
core   0: 0x80003196 (0x06b60763) beq     a2, a1, pc + 110
core   0: 3 0x80003196 (0x06b60763)
core   0: 0x8000319a (0x00004595) c.li    a1, 5
core   0: 3 0x8000319a (0x4595) x11 0x00000005
core   0: 0x8000319c (0x06b60963) beq     a2, a1, pc + 114
core   0: 3 0x8000319c (0x06b60963)
core   0: 0x800031a0 (0x00004599) c.li    a1, 6
core   0: 3 0x800031a0 (0x4599) x11 0x00000006
core   0: 0x800031a2 (0x06b60b63) beq     a2, a1, pc + 118
core   0: 3 0x800031a2 (0x06b60b63)
core   0: 0x80003218 (0x3b602d73) csrr    s10, pmpaddr6
core   0: 3 0x80003218 (0x3b602d73) x26 0x200046a6
core   0: 0x8000321c (0x3a102ff3) csrr    t6, pmpcfg1
core   0: 3 0x8000321c (0x3a102ff3) x31 0x0f0f0f0f
core   0: 0x80003220 (0x0000a8b1) c.j     pc + 92
core   0: 3 0x80003220 (0xa8b1)
core   0: 0x8000327c (0x00004e11) c.li    t3, 4
core   0: 3 0x8000327c (0x4e11) x28 0x00000004
core   0: 0x8000327e (0x01ee9613) slli    a2, t4, 30
core   0: 3 0x8000327e (0x01ee9613) x12 0x80000000
core   0: 0x80003282 (0x00008279) c.srli  a2, 30
core   0: 3 0x80003282 (0x8279) x12 0x00000002
core   0: 0x80003284 (0x40ce05b3) sub     a1, t3, a2
core   0: 3 0x80003284 (0x40ce05b3) x11 0x00000002
core   0: 0x80003288 (0x000015fd) c.addi  a1, -1
core   0: 3 0x80003288 (0x15fd) x11 0x00000001
core   0: 0x8000328a (0x0000058e) c.slli  a1, 3
core   0: 3 0x8000328a (0x058e) x11 0x00000008
core   0: 0x8000328c (0x00bf9e33) sll     t3, t6, a1
core   0: 3 0x8000328c (0x00bf9e33) x28 0x0f0f0f00
core   0: 0x80003290 (0x0000060e) c.slli  a2, 3
core   0: 3 0x80003290 (0x060e) x12 0x00000010
core   0: 0x80003292 (0x000095b2) c.add   a1, a2
core   0: 3 0x80003292 (0x95b2) x11 0x00000018
core   0: 0x80003294 (0x00be5e33) srl     t3, t3, a1
core   0: 3 0x80003294 (0x00be5e33) x28 0x0000000f
core   0: 0x80003298 (0x01be1593) slli    a1, t3, 27
core   0: 3 0x80003298 (0x01be1593) x11 0x78000000
core   0: 0x8000329c (0x000081f9) c.srli  a1, 30
core   0: 3 0x8000329c (0x81f9) x11 0x00000001
core   0: 0x8000329e (0x0000c1b1) c.beqz  a1, pc + 68
core   0: 3 0x8000329e (0xc1b1)
core   0: 0x800032a0 (0x00004605) c.li    a2, 1
core   0: 3 0x800032a0 (0x4605) x12 0x00000001
core   0: 0x800032a2 (0x04c58163) beq     a1, a2, pc + 66
core   0: 3 0x800032a2 (0x04c58163)
core   0: 0x800032e4 (0x00008676) c.mv    a2, t4
core   0: 3 0x800032e4 (0x8676) x12 0x00000006
core   0: 0x800032e6 (0x343025f3) csrr    a1, mtval
core   0: 3 0x800032e6 (0x343025f3) x11 0x8ffffffc
core   0: 0x800032ea (0x00008189) c.srli  a1, 2
core   0: 3 0x800032ea (0x8189) x11 0x23ffffff
core   0: 0x800032ec (0x0000e601) c.bnez  a2, pc + 8
core   0: 3 0x800032ec (0xe601)
core   0: 0x800032f4 (0xfd65e5e3) bltu    a1, s6, pc - 54
core   0: 3 0x800032f4 (0xfd65e5e3)
core   0: 0x800032f8 (0xfda5f3e3) bgeu    a1, s10, pc - 58
core   0: 3 0x800032f8 (0xfda5f3e3)
core   0: 0x800032be (0x00008676) c.mv    a2, t4
core   0: 3 0x800032be (0x8676) x12 0x00000006
core   0: 0x800032c0 (0x00008b6a) c.mv    s6, s10
core   0: 3 0x800032c0 (0x8b6a) x22 0x200046a6
core   0: 0x800032c2 (0x00000605) c.addi  a2, 1
core   0: 3 0x800032c2 (0x0605) x12 0x00000007
core   0: 0x800032c4 (0x00008eb2) c.mv    t4, a2
core   0: 3 0x800032c4 (0x8eb2) x29 0x00000007
core   0: 0x800032c6 (0x00004d41) c.li    s10, 16
core   0: 3 0x800032c6 (0x4d41) x26 0x00000010
core   0: 0x800032c8 (0x01a65363) bge     a2, s10, pc + 6
core   0: 3 0x800032c8 (0x01a65363)
core   0: 0x800032cc (0x0000b575) c.j     pc - 340
core   0: 3 0x800032cc (0xb575)
core   0: 0x80003178 (0x00008676) c.mv    a2, t4
core   0: 3 0x80003178 (0x8676) x12 0x00000007
core   0: 0x8000317a (0x000085b2) c.mv    a1, a2
core   0: 3 0x8000317a (0x85b2) x11 0x00000007
core   0: 0x8000317c (0x00004581) c.li    a1, 0
core   0: 3 0x8000317c (0x4581) x11 0x00000000
core   0: 0x8000317e (0x04b60f63) beq     a2, a1, pc + 94
core   0: 3 0x8000317e (0x04b60f63)
core   0: 0x80003182 (0x00004585) c.li    a1, 1
core   0: 3 0x80003182 (0x4585) x11 0x00000001
core   0: 0x80003184 (0x06b60163) beq     a2, a1, pc + 98
core   0: 3 0x80003184 (0x06b60163)
core   0: 0x80003188 (0x00004589) c.li    a1, 2
core   0: 3 0x80003188 (0x4589) x11 0x00000002
core   0: 0x8000318a (0x06b60363) beq     a2, a1, pc + 102
core   0: 3 0x8000318a (0x06b60363)
core   0: 0x8000318e (0x0000458d) c.li    a1, 3
core   0: 3 0x8000318e (0x458d) x11 0x00000003
core   0: 0x80003190 (0x06b60563) beq     a2, a1, pc + 106
core   0: 3 0x80003190 (0x06b60563)
core   0: 0x80003194 (0x00004591) c.li    a1, 4
core   0: 3 0x80003194 (0x4591) x11 0x00000004
core   0: 0x80003196 (0x06b60763) beq     a2, a1, pc + 110
core   0: 3 0x80003196 (0x06b60763)
core   0: 0x8000319a (0x00004595) c.li    a1, 5
core   0: 3 0x8000319a (0x4595) x11 0x00000005
core   0: 0x8000319c (0x06b60963) beq     a2, a1, pc + 114
core   0: 3 0x8000319c (0x06b60963)
core   0: 0x800031a0 (0x00004599) c.li    a1, 6
core   0: 3 0x800031a0 (0x4599) x11 0x00000006
core   0: 0x800031a2 (0x06b60b63) beq     a2, a1, pc + 118
core   0: 3 0x800031a2 (0x06b60b63)
core   0: 0x800031a6 (0x0000459d) c.li    a1, 7
core   0: 3 0x800031a6 (0x459d) x11 0x00000007
core   0: 0x800031a8 (0x06b60d63) beq     a2, a1, pc + 122
core   0: 3 0x800031a8 (0x06b60d63)
core   0: 0x80003222 (0x3b702d73) csrr    s10, pmpaddr7
core   0: 3 0x80003222 (0x3b702d73) x26 0x2000503f
core   0: 0x80003226 (0x3a102ff3) csrr    t6, pmpcfg1
core   0: 3 0x80003226 (0x3a102ff3) x31 0x0f0f0f0f
core   0: 0x8000322a (0x0000a889) c.j     pc + 82
core   0: 3 0x8000322a (0xa889)
core   0: 0x8000327c (0x00004e11) c.li    t3, 4
core   0: 3 0x8000327c (0x4e11) x28 0x00000004
core   0: 0x8000327e (0x01ee9613) slli    a2, t4, 30
core   0: 3 0x8000327e (0x01ee9613) x12 0xc0000000
core   0: 0x80003282 (0x00008279) c.srli  a2, 30
core   0: 3 0x80003282 (0x8279) x12 0x00000003
core   0: 0x80003284 (0x40ce05b3) sub     a1, t3, a2
core   0: 3 0x80003284 (0x40ce05b3) x11 0x00000001
core   0: 0x80003288 (0x000015fd) c.addi  a1, -1
core   0: 3 0x80003288 (0x15fd) x11 0x00000000
core   0: 0x8000328a (0x0000058e) c.slli  a1, 3
core   0: 3 0x8000328a (0x058e) x11 0x00000000
core   0: 0x8000328c (0x00bf9e33) sll     t3, t6, a1
core   0: 3 0x8000328c (0x00bf9e33) x28 0x0f0f0f0f
core   0: 0x80003290 (0x0000060e) c.slli  a2, 3
core   0: 3 0x80003290 (0x060e) x12 0x00000018
core   0: 0x80003292 (0x000095b2) c.add   a1, a2
core   0: 3 0x80003292 (0x95b2) x11 0x00000018
core   0: 0x80003294 (0x00be5e33) srl     t3, t3, a1
core   0: 3 0x80003294 (0x00be5e33) x28 0x0000000f
core   0: 0x80003298 (0x01be1593) slli    a1, t3, 27
core   0: 3 0x80003298 (0x01be1593) x11 0x78000000
core   0: 0x8000329c (0x000081f9) c.srli  a1, 30
core   0: 3 0x8000329c (0x81f9) x11 0x00000001
core   0: 0x8000329e (0x0000c1b1) c.beqz  a1, pc + 68
core   0: 3 0x8000329e (0xc1b1)
core   0: 0x800032a0 (0x00004605) c.li    a2, 1
core   0: 3 0x800032a0 (0x4605) x12 0x00000001
core   0: 0x800032a2 (0x04c58163) beq     a1, a2, pc + 66
core   0: 3 0x800032a2 (0x04c58163)
core   0: 0x800032e4 (0x00008676) c.mv    a2, t4
core   0: 3 0x800032e4 (0x8676) x12 0x00000007
core   0: 0x800032e6 (0x343025f3) csrr    a1, mtval
core   0: 3 0x800032e6 (0x343025f3) x11 0x8ffffffc
core   0: 0x800032ea (0x00008189) c.srli  a1, 2
core   0: 3 0x800032ea (0x8189) x11 0x23ffffff
core   0: 0x800032ec (0x0000e601) c.bnez  a2, pc + 8
core   0: 3 0x800032ec (0xe601)
core   0: 0x800032f4 (0xfd65e5e3) bltu    a1, s6, pc - 54
core   0: 3 0x800032f4 (0xfd65e5e3)
core   0: 0x800032f8 (0xfda5f3e3) bgeu    a1, s10, pc - 58
core   0: 3 0x800032f8 (0xfda5f3e3)
core   0: 0x800032be (0x00008676) c.mv    a2, t4
core   0: 3 0x800032be (0x8676) x12 0x00000007
core   0: 0x800032c0 (0x00008b6a) c.mv    s6, s10
core   0: 3 0x800032c0 (0x8b6a) x22 0x2000503f
core   0: 0x800032c2 (0x00000605) c.addi  a2, 1
core   0: 3 0x800032c2 (0x0605) x12 0x00000008
core   0: 0x800032c4 (0x00008eb2) c.mv    t4, a2
core   0: 3 0x800032c4 (0x8eb2) x29 0x00000008
core   0: 0x800032c6 (0x00004d41) c.li    s10, 16
core   0: 3 0x800032c6 (0x4d41) x26 0x00000010
core   0: 0x800032c8 (0x01a65363) bge     a2, s10, pc + 6
core   0: 3 0x800032c8 (0x01a65363)
core   0: 0x800032cc (0x0000b575) c.j     pc - 340
core   0: 3 0x800032cc (0xb575)
core   0: 0x80003178 (0x00008676) c.mv    a2, t4
core   0: 3 0x80003178 (0x8676) x12 0x00000008
core   0: 0x8000317a (0x000085b2) c.mv    a1, a2
core   0: 3 0x8000317a (0x85b2) x11 0x00000008
core   0: 0x8000317c (0x00004581) c.li    a1, 0
core   0: 3 0x8000317c (0x4581) x11 0x00000000
core   0: 0x8000317e (0x04b60f63) beq     a2, a1, pc + 94
core   0: 3 0x8000317e (0x04b60f63)
core   0: 0x80003182 (0x00004585) c.li    a1, 1
core   0: 3 0x80003182 (0x4585) x11 0x00000001
core   0: 0x80003184 (0x06b60163) beq     a2, a1, pc + 98
core   0: 3 0x80003184 (0x06b60163)
core   0: 0x80003188 (0x00004589) c.li    a1, 2
core   0: 3 0x80003188 (0x4589) x11 0x00000002
core   0: 0x8000318a (0x06b60363) beq     a2, a1, pc + 102
core   0: 3 0x8000318a (0x06b60363)
core   0: 0x8000318e (0x0000458d) c.li    a1, 3
core   0: 3 0x8000318e (0x458d) x11 0x00000003
core   0: 0x80003190 (0x06b60563) beq     a2, a1, pc + 106
core   0: 3 0x80003190 (0x06b60563)
core   0: 0x80003194 (0x00004591) c.li    a1, 4
core   0: 3 0x80003194 (0x4591) x11 0x00000004
core   0: 0x80003196 (0x06b60763) beq     a2, a1, pc + 110
core   0: 3 0x80003196 (0x06b60763)
core   0: 0x8000319a (0x00004595) c.li    a1, 5
core   0: 3 0x8000319a (0x4595) x11 0x00000005
core   0: 0x8000319c (0x06b60963) beq     a2, a1, pc + 114
core   0: 3 0x8000319c (0x06b60963)
core   0: 0x800031a0 (0x00004599) c.li    a1, 6
core   0: 3 0x800031a0 (0x4599) x11 0x00000006
core   0: 0x800031a2 (0x06b60b63) beq     a2, a1, pc + 118
core   0: 3 0x800031a2 (0x06b60b63)
core   0: 0x800031a6 (0x0000459d) c.li    a1, 7
core   0: 3 0x800031a6 (0x459d) x11 0x00000007
core   0: 0x800031a8 (0x06b60d63) beq     a2, a1, pc + 122
core   0: 3 0x800031a8 (0x06b60d63)
core   0: 0x800031ac (0x000045a1) c.li    a1, 8
core   0: 3 0x800031ac (0x45a1) x11 0x00000008
core   0: 0x800031ae (0x06b60f63) beq     a2, a1, pc + 126
core   0: 3 0x800031ae (0x06b60f63)
core   0: 0x8000322c (0x3b802d73) csrr    s10, pmpaddr8
core   0: 3 0x8000322c (0x3b802d73) x26 0x200059d9
core   0: 0x80003230 (0x3a202ff3) csrr    t6, pmpcfg2
core   0: 3 0x80003230 (0x3a202ff3) x31 0x0f0f0f0f
core   0: 0x80003234 (0x0000a0a1) c.j     pc + 72
core   0: 3 0x80003234 (0xa0a1)
core   0: 0x8000327c (0x00004e11) c.li    t3, 4
core   0: 3 0x8000327c (0x4e11) x28 0x00000004
core   0: 0x8000327e (0x01ee9613) slli    a2, t4, 30
core   0: 3 0x8000327e (0x01ee9613) x12 0x00000000
core   0: 0x80003282 (0x00008279) c.srli  a2, 30
core   0: 3 0x80003282 (0x8279) x12 0x00000000
core   0: 0x80003284 (0x40ce05b3) sub     a1, t3, a2
core   0: 3 0x80003284 (0x40ce05b3) x11 0x00000004
core   0: 0x80003288 (0x000015fd) c.addi  a1, -1
core   0: 3 0x80003288 (0x15fd) x11 0x00000003
core   0: 0x8000328a (0x0000058e) c.slli  a1, 3
core   0: 3 0x8000328a (0x058e) x11 0x00000018
core   0: 0x8000328c (0x00bf9e33) sll     t3, t6, a1
core   0: 3 0x8000328c (0x00bf9e33) x28 0x0f000000
core   0: 0x80003290 (0x0000060e) c.slli  a2, 3
core   0: 3 0x80003290 (0x060e) x12 0x00000000
core   0: 0x80003292 (0x000095b2) c.add   a1, a2
core   0: 3 0x80003292 (0x95b2) x11 0x00000018
core   0: 0x80003294 (0x00be5e33) srl     t3, t3, a1
core   0: 3 0x80003294 (0x00be5e33) x28 0x0000000f
core   0: 0x80003298 (0x01be1593) slli    a1, t3, 27
core   0: 3 0x80003298 (0x01be1593) x11 0x78000000
core   0: 0x8000329c (0x000081f9) c.srli  a1, 30
core   0: 3 0x8000329c (0x81f9) x11 0x00000001
core   0: 0x8000329e (0x0000c1b1) c.beqz  a1, pc + 68
core   0: 3 0x8000329e (0xc1b1)
core   0: 0x800032a0 (0x00004605) c.li    a2, 1
core   0: 3 0x800032a0 (0x4605) x12 0x00000001
core   0: 0x800032a2 (0x04c58163) beq     a1, a2, pc + 66
core   0: 3 0x800032a2 (0x04c58163)
core   0: 0x800032e4 (0x00008676) c.mv    a2, t4
core   0: 3 0x800032e4 (0x8676) x12 0x00000008
core   0: 0x800032e6 (0x343025f3) csrr    a1, mtval
core   0: 3 0x800032e6 (0x343025f3) x11 0x8ffffffc
core   0: 0x800032ea (0x00008189) c.srli  a1, 2
core   0: 3 0x800032ea (0x8189) x11 0x23ffffff
core   0: 0x800032ec (0x0000e601) c.bnez  a2, pc + 8
core   0: 3 0x800032ec (0xe601)
core   0: 0x800032f4 (0xfd65e5e3) bltu    a1, s6, pc - 54
core   0: 3 0x800032f4 (0xfd65e5e3)
core   0: 0x800032f8 (0xfda5f3e3) bgeu    a1, s10, pc - 58
core   0: 3 0x800032f8 (0xfda5f3e3)
core   0: 0x800032be (0x00008676) c.mv    a2, t4
core   0: 3 0x800032be (0x8676) x12 0x00000008
core   0: 0x800032c0 (0x00008b6a) c.mv    s6, s10
core   0: 3 0x800032c0 (0x8b6a) x22 0x200059d9
core   0: 0x800032c2 (0x00000605) c.addi  a2, 1
core   0: 3 0x800032c2 (0x0605) x12 0x00000009
core   0: 0x800032c4 (0x00008eb2) c.mv    t4, a2
core   0: 3 0x800032c4 (0x8eb2) x29 0x00000009
core   0: 0x800032c6 (0x00004d41) c.li    s10, 16
core   0: 3 0x800032c6 (0x4d41) x26 0x00000010
core   0: 0x800032c8 (0x01a65363) bge     a2, s10, pc + 6
core   0: 3 0x800032c8 (0x01a65363)
core   0: 0x800032cc (0x0000b575) c.j     pc - 340
core   0: 3 0x800032cc (0xb575)
core   0: 0x80003178 (0x00008676) c.mv    a2, t4
core   0: 3 0x80003178 (0x8676) x12 0x00000009
core   0: 0x8000317a (0x000085b2) c.mv    a1, a2
core   0: 3 0x8000317a (0x85b2) x11 0x00000009
core   0: 0x8000317c (0x00004581) c.li    a1, 0
core   0: 3 0x8000317c (0x4581) x11 0x00000000
core   0: 0x8000317e (0x04b60f63) beq     a2, a1, pc + 94
core   0: 3 0x8000317e (0x04b60f63)
core   0: 0x80003182 (0x00004585) c.li    a1, 1
core   0: 3 0x80003182 (0x4585) x11 0x00000001
core   0: 0x80003184 (0x06b60163) beq     a2, a1, pc + 98
core   0: 3 0x80003184 (0x06b60163)
core   0: 0x80003188 (0x00004589) c.li    a1, 2
core   0: 3 0x80003188 (0x4589) x11 0x00000002
core   0: 0x8000318a (0x06b60363) beq     a2, a1, pc + 102
core   0: 3 0x8000318a (0x06b60363)
core   0: 0x8000318e (0x0000458d) c.li    a1, 3
core   0: 3 0x8000318e (0x458d) x11 0x00000003
core   0: 0x80003190 (0x06b60563) beq     a2, a1, pc + 106
core   0: 3 0x80003190 (0x06b60563)
core   0: 0x80003194 (0x00004591) c.li    a1, 4
core   0: 3 0x80003194 (0x4591) x11 0x00000004
core   0: 0x80003196 (0x06b60763) beq     a2, a1, pc + 110
core   0: 3 0x80003196 (0x06b60763)
core   0: 0x8000319a (0x00004595) c.li    a1, 5
core   0: 3 0x8000319a (0x4595) x11 0x00000005
core   0: 0x8000319c (0x06b60963) beq     a2, a1, pc + 114
core   0: 3 0x8000319c (0x06b60963)
core   0: 0x800031a0 (0x00004599) c.li    a1, 6
core   0: 3 0x800031a0 (0x4599) x11 0x00000006
core   0: 0x800031a2 (0x06b60b63) beq     a2, a1, pc + 118
core   0: 3 0x800031a2 (0x06b60b63)
core   0: 0x800031a6 (0x0000459d) c.li    a1, 7
core   0: 3 0x800031a6 (0x459d) x11 0x00000007
core   0: 0x800031a8 (0x06b60d63) beq     a2, a1, pc + 122
core   0: 3 0x800031a8 (0x06b60d63)
core   0: 0x800031ac (0x000045a1) c.li    a1, 8
core   0: 3 0x800031ac (0x45a1) x11 0x00000008
core   0: 0x800031ae (0x06b60f63) beq     a2, a1, pc + 126
core   0: 3 0x800031ae (0x06b60f63)
core   0: 0x800031b2 (0x000045a5) c.li    a1, 9
core   0: 3 0x800031b2 (0x45a5) x11 0x00000009
core   0: 0x800031b4 (0x08b60163) beq     a2, a1, pc + 130
core   0: 3 0x800031b4 (0x08b60163)
core   0: 0x80003236 (0x3b902d73) csrr    s10, pmpaddr9
core   0: 3 0x80003236 (0x3b902d73) x26 0x20006372
core   0: 0x8000323a (0x3a202ff3) csrr    t6, pmpcfg2
core   0: 3 0x8000323a (0x3a202ff3) x31 0x0f0f0f0f
core   0: 0x8000323e (0x0000a83d) c.j     pc + 62
core   0: 3 0x8000323e (0xa83d)
core   0: 0x8000327c (0x00004e11) c.li    t3, 4
core   0: 3 0x8000327c (0x4e11) x28 0x00000004
core   0: 0x8000327e (0x01ee9613) slli    a2, t4, 30
core   0: 3 0x8000327e (0x01ee9613) x12 0x40000000
core   0: 0x80003282 (0x00008279) c.srli  a2, 30
core   0: 3 0x80003282 (0x8279) x12 0x00000001
core   0: 0x80003284 (0x40ce05b3) sub     a1, t3, a2
core   0: 3 0x80003284 (0x40ce05b3) x11 0x00000003
core   0: 0x80003288 (0x000015fd) c.addi  a1, -1
core   0: 3 0x80003288 (0x15fd) x11 0x00000002
core   0: 0x8000328a (0x0000058e) c.slli  a1, 3
core   0: 3 0x8000328a (0x058e) x11 0x00000010
core   0: 0x8000328c (0x00bf9e33) sll     t3, t6, a1
core   0: 3 0x8000328c (0x00bf9e33) x28 0x0f0f0000
core   0: 0x80003290 (0x0000060e) c.slli  a2, 3
core   0: 3 0x80003290 (0x060e) x12 0x00000008
core   0: 0x80003292 (0x000095b2) c.add   a1, a2
core   0: 3 0x80003292 (0x95b2) x11 0x00000018
core   0: 0x80003294 (0x00be5e33) srl     t3, t3, a1
core   0: 3 0x80003294 (0x00be5e33) x28 0x0000000f
core   0: 0x80003298 (0x01be1593) slli    a1, t3, 27
core   0: 3 0x80003298 (0x01be1593) x11 0x78000000
core   0: 0x8000329c (0x000081f9) c.srli  a1, 30
core   0: 3 0x8000329c (0x81f9) x11 0x00000001
core   0: 0x8000329e (0x0000c1b1) c.beqz  a1, pc + 68
core   0: 3 0x8000329e (0xc1b1)
core   0: 0x800032a0 (0x00004605) c.li    a2, 1
core   0: 3 0x800032a0 (0x4605) x12 0x00000001
core   0: 0x800032a2 (0x04c58163) beq     a1, a2, pc + 66
core   0: 3 0x800032a2 (0x04c58163)
core   0: 0x800032e4 (0x00008676) c.mv    a2, t4
core   0: 3 0x800032e4 (0x8676) x12 0x00000009
core   0: 0x800032e6 (0x343025f3) csrr    a1, mtval
core   0: 3 0x800032e6 (0x343025f3) x11 0x8ffffffc
core   0: 0x800032ea (0x00008189) c.srli  a1, 2
core   0: 3 0x800032ea (0x8189) x11 0x23ffffff
core   0: 0x800032ec (0x0000e601) c.bnez  a2, pc + 8
core   0: 3 0x800032ec (0xe601)
core   0: 0x800032f4 (0xfd65e5e3) bltu    a1, s6, pc - 54
core   0: 3 0x800032f4 (0xfd65e5e3)
core   0: 0x800032f8 (0xfda5f3e3) bgeu    a1, s10, pc - 58
core   0: 3 0x800032f8 (0xfda5f3e3)
core   0: 0x800032be (0x00008676) c.mv    a2, t4
core   0: 3 0x800032be (0x8676) x12 0x00000009
core   0: 0x800032c0 (0x00008b6a) c.mv    s6, s10
core   0: 3 0x800032c0 (0x8b6a) x22 0x20006372
core   0: 0x800032c2 (0x00000605) c.addi  a2, 1
core   0: 3 0x800032c2 (0x0605) x12 0x0000000a
core   0: 0x800032c4 (0x00008eb2) c.mv    t4, a2
core   0: 3 0x800032c4 (0x8eb2) x29 0x0000000a
core   0: 0x800032c6 (0x00004d41) c.li    s10, 16
core   0: 3 0x800032c6 (0x4d41) x26 0x00000010
core   0: 0x800032c8 (0x01a65363) bge     a2, s10, pc + 6
core   0: 3 0x800032c8 (0x01a65363)
core   0: 0x800032cc (0x0000b575) c.j     pc - 340
core   0: 3 0x800032cc (0xb575)
core   0: 0x80003178 (0x00008676) c.mv    a2, t4
core   0: 3 0x80003178 (0x8676) x12 0x0000000a
core   0: 0x8000317a (0x000085b2) c.mv    a1, a2
core   0: 3 0x8000317a (0x85b2) x11 0x0000000a
core   0: 0x8000317c (0x00004581) c.li    a1, 0
core   0: 3 0x8000317c (0x4581) x11 0x00000000
core   0: 0x8000317e (0x04b60f63) beq     a2, a1, pc + 94
core   0: 3 0x8000317e (0x04b60f63)
core   0: 0x80003182 (0x00004585) c.li    a1, 1
core   0: 3 0x80003182 (0x4585) x11 0x00000001
core   0: 0x80003184 (0x06b60163) beq     a2, a1, pc + 98
core   0: 3 0x80003184 (0x06b60163)
core   0: 0x80003188 (0x00004589) c.li    a1, 2
core   0: 3 0x80003188 (0x4589) x11 0x00000002
core   0: 0x8000318a (0x06b60363) beq     a2, a1, pc + 102
core   0: 3 0x8000318a (0x06b60363)
core   0: 0x8000318e (0x0000458d) c.li    a1, 3
core   0: 3 0x8000318e (0x458d) x11 0x00000003
core   0: 0x80003190 (0x06b60563) beq     a2, a1, pc + 106
core   0: 3 0x80003190 (0x06b60563)
core   0: 0x80003194 (0x00004591) c.li    a1, 4
core   0: 3 0x80003194 (0x4591) x11 0x00000004
core   0: 0x80003196 (0x06b60763) beq     a2, a1, pc + 110
core   0: 3 0x80003196 (0x06b60763)
core   0: 0x8000319a (0x00004595) c.li    a1, 5
core   0: 3 0x8000319a (0x4595) x11 0x00000005
core   0: 0x8000319c (0x06b60963) beq     a2, a1, pc + 114
core   0: 3 0x8000319c (0x06b60963)
core   0: 0x800031a0 (0x00004599) c.li    a1, 6
core   0: 3 0x800031a0 (0x4599) x11 0x00000006
core   0: 0x800031a2 (0x06b60b63) beq     a2, a1, pc + 118
core   0: 3 0x800031a2 (0x06b60b63)
core   0: 0x800031a6 (0x0000459d) c.li    a1, 7
core   0: 3 0x800031a6 (0x459d) x11 0x00000007
core   0: 0x800031a8 (0x06b60d63) beq     a2, a1, pc + 122
core   0: 3 0x800031a8 (0x06b60d63)
core   0: 0x800031ac (0x000045a1) c.li    a1, 8
core   0: 3 0x800031ac (0x45a1) x11 0x00000008
core   0: 0x800031ae (0x06b60f63) beq     a2, a1, pc + 126
core   0: 3 0x800031ae (0x06b60f63)
core   0: 0x800031b2 (0x000045a5) c.li    a1, 9
core   0: 3 0x800031b2 (0x45a5) x11 0x00000009
core   0: 0x800031b4 (0x08b60163) beq     a2, a1, pc + 130
core   0: 3 0x800031b4 (0x08b60163)
core   0: 0x800031b8 (0x000045a9) c.li    a1, 10
core   0: 3 0x800031b8 (0x45a9) x11 0x0000000a
core   0: 0x800031ba (0x08b60363) beq     a2, a1, pc + 134
core   0: 3 0x800031ba (0x08b60363)
core   0: 0x80003240 (0x3ba02d73) csrr    s10, pmpaddr10
core   0: 3 0x80003240 (0x3ba02d73) x26 0x20006d0c
core   0: 0x80003244 (0x3a202ff3) csrr    t6, pmpcfg2
core   0: 3 0x80003244 (0x3a202ff3) x31 0x0f0f0f0f
core   0: 0x80003248 (0x0000a815) c.j     pc + 52
core   0: 3 0x80003248 (0xa815)
core   0: 0x8000327c (0x00004e11) c.li    t3, 4
core   0: 3 0x8000327c (0x4e11) x28 0x00000004
core   0: 0x8000327e (0x01ee9613) slli    a2, t4, 30
core   0: 3 0x8000327e (0x01ee9613) x12 0x80000000
core   0: 0x80003282 (0x00008279) c.srli  a2, 30
core   0: 3 0x80003282 (0x8279) x12 0x00000002
core   0: 0x80003284 (0x40ce05b3) sub     a1, t3, a2
core   0: 3 0x80003284 (0x40ce05b3) x11 0x00000002
core   0: 0x80003288 (0x000015fd) c.addi  a1, -1
core   0: 3 0x80003288 (0x15fd) x11 0x00000001
core   0: 0x8000328a (0x0000058e) c.slli  a1, 3
core   0: 3 0x8000328a (0x058e) x11 0x00000008
core   0: 0x8000328c (0x00bf9e33) sll     t3, t6, a1
core   0: 3 0x8000328c (0x00bf9e33) x28 0x0f0f0f00
core   0: 0x80003290 (0x0000060e) c.slli  a2, 3
core   0: 3 0x80003290 (0x060e) x12 0x00000010
core   0: 0x80003292 (0x000095b2) c.add   a1, a2
core   0: 3 0x80003292 (0x95b2) x11 0x00000018
core   0: 0x80003294 (0x00be5e33) srl     t3, t3, a1
core   0: 3 0x80003294 (0x00be5e33) x28 0x0000000f
core   0: 0x80003298 (0x01be1593) slli    a1, t3, 27
core   0: 3 0x80003298 (0x01be1593) x11 0x78000000
core   0: 0x8000329c (0x000081f9) c.srli  a1, 30
core   0: 3 0x8000329c (0x81f9) x11 0x00000001
core   0: 0x8000329e (0x0000c1b1) c.beqz  a1, pc + 68
core   0: 3 0x8000329e (0xc1b1)
core   0: 0x800032a0 (0x00004605) c.li    a2, 1
core   0: 3 0x800032a0 (0x4605) x12 0x00000001
core   0: 0x800032a2 (0x04c58163) beq     a1, a2, pc + 66
core   0: 3 0x800032a2 (0x04c58163)
core   0: 0x800032e4 (0x00008676) c.mv    a2, t4
core   0: 3 0x800032e4 (0x8676) x12 0x0000000a
core   0: 0x800032e6 (0x343025f3) csrr    a1, mtval
core   0: 3 0x800032e6 (0x343025f3) x11 0x8ffffffc
core   0: 0x800032ea (0x00008189) c.srli  a1, 2
core   0: 3 0x800032ea (0x8189) x11 0x23ffffff
core   0: 0x800032ec (0x0000e601) c.bnez  a2, pc + 8
core   0: 3 0x800032ec (0xe601)
core   0: 0x800032f4 (0xfd65e5e3) bltu    a1, s6, pc - 54
core   0: 3 0x800032f4 (0xfd65e5e3)
core   0: 0x800032f8 (0xfda5f3e3) bgeu    a1, s10, pc - 58
core   0: 3 0x800032f8 (0xfda5f3e3)
core   0: 0x800032be (0x00008676) c.mv    a2, t4
core   0: 3 0x800032be (0x8676) x12 0x0000000a
core   0: 0x800032c0 (0x00008b6a) c.mv    s6, s10
core   0: 3 0x800032c0 (0x8b6a) x22 0x20006d0c
core   0: 0x800032c2 (0x00000605) c.addi  a2, 1
core   0: 3 0x800032c2 (0x0605) x12 0x0000000b
core   0: 0x800032c4 (0x00008eb2) c.mv    t4, a2
core   0: 3 0x800032c4 (0x8eb2) x29 0x0000000b
core   0: 0x800032c6 (0x00004d41) c.li    s10, 16
core   0: 3 0x800032c6 (0x4d41) x26 0x00000010
core   0: 0x800032c8 (0x01a65363) bge     a2, s10, pc + 6
core   0: 3 0x800032c8 (0x01a65363)
core   0: 0x800032cc (0x0000b575) c.j     pc - 340
core   0: 3 0x800032cc (0xb575)
core   0: 0x80003178 (0x00008676) c.mv    a2, t4
core   0: 3 0x80003178 (0x8676) x12 0x0000000b
core   0: 0x8000317a (0x000085b2) c.mv    a1, a2
core   0: 3 0x8000317a (0x85b2) x11 0x0000000b
core   0: 0x8000317c (0x00004581) c.li    a1, 0
core   0: 3 0x8000317c (0x4581) x11 0x00000000
core   0: 0x8000317e (0x04b60f63) beq     a2, a1, pc + 94
core   0: 3 0x8000317e (0x04b60f63)
core   0: 0x80003182 (0x00004585) c.li    a1, 1
core   0: 3 0x80003182 (0x4585) x11 0x00000001
core   0: 0x80003184 (0x06b60163) beq     a2, a1, pc + 98
core   0: 3 0x80003184 (0x06b60163)
core   0: 0x80003188 (0x00004589) c.li    a1, 2
core   0: 3 0x80003188 (0x4589) x11 0x00000002
core   0: 0x8000318a (0x06b60363) beq     a2, a1, pc + 102
core   0: 3 0x8000318a (0x06b60363)
core   0: 0x8000318e (0x0000458d) c.li    a1, 3
core   0: 3 0x8000318e (0x458d) x11 0x00000003
core   0: 0x80003190 (0x06b60563) beq     a2, a1, pc + 106
core   0: 3 0x80003190 (0x06b60563)
core   0: 0x80003194 (0x00004591) c.li    a1, 4
core   0: 3 0x80003194 (0x4591) x11 0x00000004
core   0: 0x80003196 (0x06b60763) beq     a2, a1, pc + 110
core   0: 3 0x80003196 (0x06b60763)
core   0: 0x8000319a (0x00004595) c.li    a1, 5
core   0: 3 0x8000319a (0x4595) x11 0x00000005
core   0: 0x8000319c (0x06b60963) beq     a2, a1, pc + 114
core   0: 3 0x8000319c (0x06b60963)
core   0: 0x800031a0 (0x00004599) c.li    a1, 6
core   0: 3 0x800031a0 (0x4599) x11 0x00000006
core   0: 0x800031a2 (0x06b60b63) beq     a2, a1, pc + 118
core   0: 3 0x800031a2 (0x06b60b63)
core   0: 0x800031a6 (0x0000459d) c.li    a1, 7
core   0: 3 0x800031a6 (0x459d) x11 0x00000007
core   0: 0x800031a8 (0x06b60d63) beq     a2, a1, pc + 122
core   0: 3 0x800031a8 (0x06b60d63)
core   0: 0x800031ac (0x000045a1) c.li    a1, 8
core   0: 3 0x800031ac (0x45a1) x11 0x00000008
core   0: 0x800031ae (0x06b60f63) beq     a2, a1, pc + 126
core   0: 3 0x800031ae (0x06b60f63)
core   0: 0x800031b2 (0x000045a5) c.li    a1, 9
core   0: 3 0x800031b2 (0x45a5) x11 0x00000009
core   0: 0x800031b4 (0x08b60163) beq     a2, a1, pc + 130
core   0: 3 0x800031b4 (0x08b60163)
core   0: 0x800031b8 (0x000045a9) c.li    a1, 10
core   0: 3 0x800031b8 (0x45a9) x11 0x0000000a
core   0: 0x800031ba (0x08b60363) beq     a2, a1, pc + 134
core   0: 3 0x800031ba (0x08b60363)
core   0: 0x800031be (0x000045ad) c.li    a1, 11
core   0: 3 0x800031be (0x45ad) x11 0x0000000b
core   0: 0x800031c0 (0x08b60563) beq     a2, a1, pc + 138
core   0: 3 0x800031c0 (0x08b60563)
core   0: 0x8000324a (0x3bb02d73) csrr    s10, pmpaddr11
core   0: 3 0x8000324a (0x3bb02d73) x26 0x200076a5
core   0: 0x8000324e (0x3a202ff3) csrr    t6, pmpcfg2
core   0: 3 0x8000324e (0x3a202ff3) x31 0x0f0f0f0f
core   0: 0x80003252 (0x0000a02d) c.j     pc + 42
core   0: 3 0x80003252 (0xa02d)
core   0: 0x8000327c (0x00004e11) c.li    t3, 4
core   0: 3 0x8000327c (0x4e11) x28 0x00000004
core   0: 0x8000327e (0x01ee9613) slli    a2, t4, 30
core   0: 3 0x8000327e (0x01ee9613) x12 0xc0000000
core   0: 0x80003282 (0x00008279) c.srli  a2, 30
core   0: 3 0x80003282 (0x8279) x12 0x00000003
core   0: 0x80003284 (0x40ce05b3) sub     a1, t3, a2
core   0: 3 0x80003284 (0x40ce05b3) x11 0x00000001
core   0: 0x80003288 (0x000015fd) c.addi  a1, -1
core   0: 3 0x80003288 (0x15fd) x11 0x00000000
core   0: 0x8000328a (0x0000058e) c.slli  a1, 3
core   0: 3 0x8000328a (0x058e) x11 0x00000000
core   0: 0x8000328c (0x00bf9e33) sll     t3, t6, a1
core   0: 3 0x8000328c (0x00bf9e33) x28 0x0f0f0f0f
core   0: 0x80003290 (0x0000060e) c.slli  a2, 3
core   0: 3 0x80003290 (0x060e) x12 0x00000018
core   0: 0x80003292 (0x000095b2) c.add   a1, a2
core   0: 3 0x80003292 (0x95b2) x11 0x00000018
core   0: 0x80003294 (0x00be5e33) srl     t3, t3, a1
core   0: 3 0x80003294 (0x00be5e33) x28 0x0000000f
core   0: 0x80003298 (0x01be1593) slli    a1, t3, 27
core   0: 3 0x80003298 (0x01be1593) x11 0x78000000
core   0: 0x8000329c (0x000081f9) c.srli  a1, 30
core   0: 3 0x8000329c (0x81f9) x11 0x00000001
core   0: 0x8000329e (0x0000c1b1) c.beqz  a1, pc + 68
core   0: 3 0x8000329e (0xc1b1)
core   0: 0x800032a0 (0x00004605) c.li    a2, 1
core   0: 3 0x800032a0 (0x4605) x12 0x00000001
core   0: 0x800032a2 (0x04c58163) beq     a1, a2, pc + 66
core   0: 3 0x800032a2 (0x04c58163)
core   0: 0x800032e4 (0x00008676) c.mv    a2, t4
core   0: 3 0x800032e4 (0x8676) x12 0x0000000b
core   0: 0x800032e6 (0x343025f3) csrr    a1, mtval
core   0: 3 0x800032e6 (0x343025f3) x11 0x8ffffffc
core   0: 0x800032ea (0x00008189) c.srli  a1, 2
core   0: 3 0x800032ea (0x8189) x11 0x23ffffff
core   0: 0x800032ec (0x0000e601) c.bnez  a2, pc + 8
core   0: 3 0x800032ec (0xe601)
core   0: 0x800032f4 (0xfd65e5e3) bltu    a1, s6, pc - 54
core   0: 3 0x800032f4 (0xfd65e5e3)
core   0: 0x800032f8 (0xfda5f3e3) bgeu    a1, s10, pc - 58
core   0: 3 0x800032f8 (0xfda5f3e3)
core   0: 0x800032be (0x00008676) c.mv    a2, t4
core   0: 3 0x800032be (0x8676) x12 0x0000000b
core   0: 0x800032c0 (0x00008b6a) c.mv    s6, s10
core   0: 3 0x800032c0 (0x8b6a) x22 0x200076a5
core   0: 0x800032c2 (0x00000605) c.addi  a2, 1
core   0: 3 0x800032c2 (0x0605) x12 0x0000000c
core   0: 0x800032c4 (0x00008eb2) c.mv    t4, a2
core   0: 3 0x800032c4 (0x8eb2) x29 0x0000000c
core   0: 0x800032c6 (0x00004d41) c.li    s10, 16
core   0: 3 0x800032c6 (0x4d41) x26 0x00000010
core   0: 0x800032c8 (0x01a65363) bge     a2, s10, pc + 6
core   0: 3 0x800032c8 (0x01a65363)
core   0: 0x800032cc (0x0000b575) c.j     pc - 340
core   0: 3 0x800032cc (0xb575)
core   0: 0x80003178 (0x00008676) c.mv    a2, t4
core   0: 3 0x80003178 (0x8676) x12 0x0000000c
core   0: 0x8000317a (0x000085b2) c.mv    a1, a2
core   0: 3 0x8000317a (0x85b2) x11 0x0000000c
core   0: 0x8000317c (0x00004581) c.li    a1, 0
core   0: 3 0x8000317c (0x4581) x11 0x00000000
core   0: 0x8000317e (0x04b60f63) beq     a2, a1, pc + 94
core   0: 3 0x8000317e (0x04b60f63)
core   0: 0x80003182 (0x00004585) c.li    a1, 1
core   0: 3 0x80003182 (0x4585) x11 0x00000001
core   0: 0x80003184 (0x06b60163) beq     a2, a1, pc + 98
core   0: 3 0x80003184 (0x06b60163)
core   0: 0x80003188 (0x00004589) c.li    a1, 2
core   0: 3 0x80003188 (0x4589) x11 0x00000002
core   0: 0x8000318a (0x06b60363) beq     a2, a1, pc + 102
core   0: 3 0x8000318a (0x06b60363)
core   0: 0x8000318e (0x0000458d) c.li    a1, 3
core   0: 3 0x8000318e (0x458d) x11 0x00000003
core   0: 0x80003190 (0x06b60563) beq     a2, a1, pc + 106
core   0: 3 0x80003190 (0x06b60563)
core   0: 0x80003194 (0x00004591) c.li    a1, 4
core   0: 3 0x80003194 (0x4591) x11 0x00000004
core   0: 0x80003196 (0x06b60763) beq     a2, a1, pc + 110
core   0: 3 0x80003196 (0x06b60763)
core   0: 0x8000319a (0x00004595) c.li    a1, 5
core   0: 3 0x8000319a (0x4595) x11 0x00000005
core   0: 0x8000319c (0x06b60963) beq     a2, a1, pc + 114
core   0: 3 0x8000319c (0x06b60963)
core   0: 0x800031a0 (0x00004599) c.li    a1, 6
core   0: 3 0x800031a0 (0x4599) x11 0x00000006
core   0: 0x800031a2 (0x06b60b63) beq     a2, a1, pc + 118
core   0: 3 0x800031a2 (0x06b60b63)
core   0: 0x800031a6 (0x0000459d) c.li    a1, 7
core   0: 3 0x800031a6 (0x459d) x11 0x00000007
core   0: 0x800031a8 (0x06b60d63) beq     a2, a1, pc + 122
core   0: 3 0x800031a8 (0x06b60d63)
core   0: 0x800031ac (0x000045a1) c.li    a1, 8
core   0: 3 0x800031ac (0x45a1) x11 0x00000008
core   0: 0x800031ae (0x06b60f63) beq     a2, a1, pc + 126
core   0: 3 0x800031ae (0x06b60f63)
core   0: 0x800031b2 (0x000045a5) c.li    a1, 9
core   0: 3 0x800031b2 (0x45a5) x11 0x00000009
core   0: 0x800031b4 (0x08b60163) beq     a2, a1, pc + 130
core   0: 3 0x800031b4 (0x08b60163)
core   0: 0x800031b8 (0x000045a9) c.li    a1, 10
core   0: 3 0x800031b8 (0x45a9) x11 0x0000000a
core   0: 0x800031ba (0x08b60363) beq     a2, a1, pc + 134
core   0: 3 0x800031ba (0x08b60363)
core   0: 0x800031be (0x000045ad) c.li    a1, 11
core   0: 3 0x800031be (0x45ad) x11 0x0000000b
core   0: 0x800031c0 (0x08b60563) beq     a2, a1, pc + 138
core   0: 3 0x800031c0 (0x08b60563)
core   0: 0x800031c4 (0x000045b1) c.li    a1, 12
core   0: 3 0x800031c4 (0x45b1) x11 0x0000000c
core   0: 0x800031c6 (0x08b60763) beq     a2, a1, pc + 142
core   0: 3 0x800031c6 (0x08b60763)
core   0: 0x80003254 (0x3bc02d73) csrr    s10, pmpaddr12
core   0: 3 0x80003254 (0x3bc02d73) x26 0x2000803f
core   0: 0x80003258 (0x3a302ff3) csrr    t6, pmpcfg3
core   0: 3 0x80003258 (0x3a302ff3) x31 0x0f0f0f0f
core   0: 0x8000325c (0x0000a005) c.j     pc + 32
core   0: 3 0x8000325c (0xa005)
core   0: 0x8000327c (0x00004e11) c.li    t3, 4
core   0: 3 0x8000327c (0x4e11) x28 0x00000004
core   0: 0x8000327e (0x01ee9613) slli    a2, t4, 30
core   0: 3 0x8000327e (0x01ee9613) x12 0x00000000
core   0: 0x80003282 (0x00008279) c.srli  a2, 30
core   0: 3 0x80003282 (0x8279) x12 0x00000000
core   0: 0x80003284 (0x40ce05b3) sub     a1, t3, a2
core   0: 3 0x80003284 (0x40ce05b3) x11 0x00000004
core   0: 0x80003288 (0x000015fd) c.addi  a1, -1
core   0: 3 0x80003288 (0x15fd) x11 0x00000003
core   0: 0x8000328a (0x0000058e) c.slli  a1, 3
core   0: 3 0x8000328a (0x058e) x11 0x00000018
core   0: 0x8000328c (0x00bf9e33) sll     t3, t6, a1
core   0: 3 0x8000328c (0x00bf9e33) x28 0x0f000000
core   0: 0x80003290 (0x0000060e) c.slli  a2, 3
core   0: 3 0x80003290 (0x060e) x12 0x00000000
core   0: 0x80003292 (0x000095b2) c.add   a1, a2
core   0: 3 0x80003292 (0x95b2) x11 0x00000018
core   0: 0x80003294 (0x00be5e33) srl     t3, t3, a1
core   0: 3 0x80003294 (0x00be5e33) x28 0x0000000f
core   0: 0x80003298 (0x01be1593) slli    a1, t3, 27
core   0: 3 0x80003298 (0x01be1593) x11 0x78000000
core   0: 0x8000329c (0x000081f9) c.srli  a1, 30
core   0: 3 0x8000329c (0x81f9) x11 0x00000001
core   0: 0x8000329e (0x0000c1b1) c.beqz  a1, pc + 68
core   0: 3 0x8000329e (0xc1b1)
core   0: 0x800032a0 (0x00004605) c.li    a2, 1
core   0: 3 0x800032a0 (0x4605) x12 0x00000001
core   0: 0x800032a2 (0x04c58163) beq     a1, a2, pc + 66
core   0: 3 0x800032a2 (0x04c58163)
core   0: 0x800032e4 (0x00008676) c.mv    a2, t4
core   0: 3 0x800032e4 (0x8676) x12 0x0000000c
core   0: 0x800032e6 (0x343025f3) csrr    a1, mtval
core   0: 3 0x800032e6 (0x343025f3) x11 0x8ffffffc
core   0: 0x800032ea (0x00008189) c.srli  a1, 2
core   0: 3 0x800032ea (0x8189) x11 0x23ffffff
core   0: 0x800032ec (0x0000e601) c.bnez  a2, pc + 8
core   0: 3 0x800032ec (0xe601)
core   0: 0x800032f4 (0xfd65e5e3) bltu    a1, s6, pc - 54
core   0: 3 0x800032f4 (0xfd65e5e3)
core   0: 0x800032f8 (0xfda5f3e3) bgeu    a1, s10, pc - 58
core   0: 3 0x800032f8 (0xfda5f3e3)
core   0: 0x800032be (0x00008676) c.mv    a2, t4
core   0: 3 0x800032be (0x8676) x12 0x0000000c
core   0: 0x800032c0 (0x00008b6a) c.mv    s6, s10
core   0: 3 0x800032c0 (0x8b6a) x22 0x2000803f
core   0: 0x800032c2 (0x00000605) c.addi  a2, 1
core   0: 3 0x800032c2 (0x0605) x12 0x0000000d
core   0: 0x800032c4 (0x00008eb2) c.mv    t4, a2
core   0: 3 0x800032c4 (0x8eb2) x29 0x0000000d
core   0: 0x800032c6 (0x00004d41) c.li    s10, 16
core   0: 3 0x800032c6 (0x4d41) x26 0x00000010
core   0: 0x800032c8 (0x01a65363) bge     a2, s10, pc + 6
core   0: 3 0x800032c8 (0x01a65363)
core   0: 0x800032cc (0x0000b575) c.j     pc - 340
core   0: 3 0x800032cc (0xb575)
core   0: 0x80003178 (0x00008676) c.mv    a2, t4
core   0: 3 0x80003178 (0x8676) x12 0x0000000d
core   0: 0x8000317a (0x000085b2) c.mv    a1, a2
core   0: 3 0x8000317a (0x85b2) x11 0x0000000d
core   0: 0x8000317c (0x00004581) c.li    a1, 0
core   0: 3 0x8000317c (0x4581) x11 0x00000000
core   0: 0x8000317e (0x04b60f63) beq     a2, a1, pc + 94
core   0: 3 0x8000317e (0x04b60f63)
core   0: 0x80003182 (0x00004585) c.li    a1, 1
core   0: 3 0x80003182 (0x4585) x11 0x00000001
core   0: 0x80003184 (0x06b60163) beq     a2, a1, pc + 98
core   0: 3 0x80003184 (0x06b60163)
core   0: 0x80003188 (0x00004589) c.li    a1, 2
core   0: 3 0x80003188 (0x4589) x11 0x00000002
core   0: 0x8000318a (0x06b60363) beq     a2, a1, pc + 102
core   0: 3 0x8000318a (0x06b60363)
core   0: 0x8000318e (0x0000458d) c.li    a1, 3
core   0: 3 0x8000318e (0x458d) x11 0x00000003
core   0: 0x80003190 (0x06b60563) beq     a2, a1, pc + 106
core   0: 3 0x80003190 (0x06b60563)
core   0: 0x80003194 (0x00004591) c.li    a1, 4
core   0: 3 0x80003194 (0x4591) x11 0x00000004
core   0: 0x80003196 (0x06b60763) beq     a2, a1, pc + 110
core   0: 3 0x80003196 (0x06b60763)
core   0: 0x8000319a (0x00004595) c.li    a1, 5
core   0: 3 0x8000319a (0x4595) x11 0x00000005
core   0: 0x8000319c (0x06b60963) beq     a2, a1, pc + 114
core   0: 3 0x8000319c (0x06b60963)
core   0: 0x800031a0 (0x00004599) c.li    a1, 6
core   0: 3 0x800031a0 (0x4599) x11 0x00000006
core   0: 0x800031a2 (0x06b60b63) beq     a2, a1, pc + 118
core   0: 3 0x800031a2 (0x06b60b63)
core   0: 0x800031a6 (0x0000459d) c.li    a1, 7
core   0: 3 0x800031a6 (0x459d) x11 0x00000007
core   0: 0x800031a8 (0x06b60d63) beq     a2, a1, pc + 122
core   0: 3 0x800031a8 (0x06b60d63)
core   0: 0x800031ac (0x000045a1) c.li    a1, 8
core   0: 3 0x800031ac (0x45a1) x11 0x00000008
core   0: 0x800031ae (0x06b60f63) beq     a2, a1, pc + 126
core   0: 3 0x800031ae (0x06b60f63)
core   0: 0x800031b2 (0x000045a5) c.li    a1, 9
core   0: 3 0x800031b2 (0x45a5) x11 0x00000009
core   0: 0x800031b4 (0x08b60163) beq     a2, a1, pc + 130
core   0: 3 0x800031b4 (0x08b60163)
core   0: 0x800031b8 (0x000045a9) c.li    a1, 10
core   0: 3 0x800031b8 (0x45a9) x11 0x0000000a
core   0: 0x800031ba (0x08b60363) beq     a2, a1, pc + 134
core   0: 3 0x800031ba (0x08b60363)
core   0: 0x800031be (0x000045ad) c.li    a1, 11
core   0: 3 0x800031be (0x45ad) x11 0x0000000b
core   0: 0x800031c0 (0x08b60563) beq     a2, a1, pc + 138
core   0: 3 0x800031c0 (0x08b60563)
core   0: 0x800031c4 (0x000045b1) c.li    a1, 12
core   0: 3 0x800031c4 (0x45b1) x11 0x0000000c
core   0: 0x800031c6 (0x08b60763) beq     a2, a1, pc + 142
core   0: 3 0x800031c6 (0x08b60763)
core   0: 0x800031ca (0x000045b5) c.li    a1, 13
core   0: 3 0x800031ca (0x45b5) x11 0x0000000d
core   0: 0x800031cc (0x08b60963) beq     a2, a1, pc + 146
core   0: 3 0x800031cc (0x08b60963)
core   0: 0x8000325e (0x3bd02d73) csrr    s10, pmpaddr13
core   0: 3 0x8000325e (0x3bd02d73) x26 0x200089d8
core   0: 0x80003262 (0x3a302ff3) csrr    t6, pmpcfg3
core   0: 3 0x80003262 (0x3a302ff3) x31 0x0f0f0f0f
core   0: 0x80003266 (0x0000a819) c.j     pc + 22
core   0: 3 0x80003266 (0xa819)
core   0: 0x8000327c (0x00004e11) c.li    t3, 4
core   0: 3 0x8000327c (0x4e11) x28 0x00000004
core   0: 0x8000327e (0x01ee9613) slli    a2, t4, 30
core   0: 3 0x8000327e (0x01ee9613) x12 0x40000000
core   0: 0x80003282 (0x00008279) c.srli  a2, 30
core   0: 3 0x80003282 (0x8279) x12 0x00000001
core   0: 0x80003284 (0x40ce05b3) sub     a1, t3, a2
core   0: 3 0x80003284 (0x40ce05b3) x11 0x00000003
core   0: 0x80003288 (0x000015fd) c.addi  a1, -1
core   0: 3 0x80003288 (0x15fd) x11 0x00000002
core   0: 0x8000328a (0x0000058e) c.slli  a1, 3
core   0: 3 0x8000328a (0x058e) x11 0x00000010
core   0: 0x8000328c (0x00bf9e33) sll     t3, t6, a1
core   0: 3 0x8000328c (0x00bf9e33) x28 0x0f0f0000
core   0: 0x80003290 (0x0000060e) c.slli  a2, 3
core   0: 3 0x80003290 (0x060e) x12 0x00000008
core   0: 0x80003292 (0x000095b2) c.add   a1, a2
core   0: 3 0x80003292 (0x95b2) x11 0x00000018
core   0: 0x80003294 (0x00be5e33) srl     t3, t3, a1
core   0: 3 0x80003294 (0x00be5e33) x28 0x0000000f
core   0: 0x80003298 (0x01be1593) slli    a1, t3, 27
core   0: 3 0x80003298 (0x01be1593) x11 0x78000000
core   0: 0x8000329c (0x000081f9) c.srli  a1, 30
core   0: 3 0x8000329c (0x81f9) x11 0x00000001
core   0: 0x8000329e (0x0000c1b1) c.beqz  a1, pc + 68
core   0: 3 0x8000329e (0xc1b1)
core   0: 0x800032a0 (0x00004605) c.li    a2, 1
core   0: 3 0x800032a0 (0x4605) x12 0x00000001
core   0: 0x800032a2 (0x04c58163) beq     a1, a2, pc + 66
core   0: 3 0x800032a2 (0x04c58163)
core   0: 0x800032e4 (0x00008676) c.mv    a2, t4
core   0: 3 0x800032e4 (0x8676) x12 0x0000000d
core   0: 0x800032e6 (0x343025f3) csrr    a1, mtval
core   0: 3 0x800032e6 (0x343025f3) x11 0x8ffffffc
core   0: 0x800032ea (0x00008189) c.srli  a1, 2
core   0: 3 0x800032ea (0x8189) x11 0x23ffffff
core   0: 0x800032ec (0x0000e601) c.bnez  a2, pc + 8
core   0: 3 0x800032ec (0xe601)
core   0: 0x800032f4 (0xfd65e5e3) bltu    a1, s6, pc - 54
core   0: 3 0x800032f4 (0xfd65e5e3)
core   0: 0x800032f8 (0xfda5f3e3) bgeu    a1, s10, pc - 58
core   0: 3 0x800032f8 (0xfda5f3e3)
core   0: 0x800032be (0x00008676) c.mv    a2, t4
core   0: 3 0x800032be (0x8676) x12 0x0000000d
core   0: 0x800032c0 (0x00008b6a) c.mv    s6, s10
core   0: 3 0x800032c0 (0x8b6a) x22 0x200089d8
core   0: 0x800032c2 (0x00000605) c.addi  a2, 1
core   0: 3 0x800032c2 (0x0605) x12 0x0000000e
core   0: 0x800032c4 (0x00008eb2) c.mv    t4, a2
core   0: 3 0x800032c4 (0x8eb2) x29 0x0000000e
core   0: 0x800032c6 (0x00004d41) c.li    s10, 16
core   0: 3 0x800032c6 (0x4d41) x26 0x00000010
core   0: 0x800032c8 (0x01a65363) bge     a2, s10, pc + 6
core   0: 3 0x800032c8 (0x01a65363)
core   0: 0x800032cc (0x0000b575) c.j     pc - 340
core   0: 3 0x800032cc (0xb575)
core   0: 0x80003178 (0x00008676) c.mv    a2, t4
core   0: 3 0x80003178 (0x8676) x12 0x0000000e
core   0: 0x8000317a (0x000085b2) c.mv    a1, a2
core   0: 3 0x8000317a (0x85b2) x11 0x0000000e
core   0: 0x8000317c (0x00004581) c.li    a1, 0
core   0: 3 0x8000317c (0x4581) x11 0x00000000
core   0: 0x8000317e (0x04b60f63) beq     a2, a1, pc + 94
core   0: 3 0x8000317e (0x04b60f63)
core   0: 0x80003182 (0x00004585) c.li    a1, 1
core   0: 3 0x80003182 (0x4585) x11 0x00000001
core   0: 0x80003184 (0x06b60163) beq     a2, a1, pc + 98
core   0: 3 0x80003184 (0x06b60163)
core   0: 0x80003188 (0x00004589) c.li    a1, 2
core   0: 3 0x80003188 (0x4589) x11 0x00000002
core   0: 0x8000318a (0x06b60363) beq     a2, a1, pc + 102
core   0: 3 0x8000318a (0x06b60363)
core   0: 0x8000318e (0x0000458d) c.li    a1, 3
core   0: 3 0x8000318e (0x458d) x11 0x00000003
core   0: 0x80003190 (0x06b60563) beq     a2, a1, pc + 106
core   0: 3 0x80003190 (0x06b60563)
core   0: 0x80003194 (0x00004591) c.li    a1, 4
core   0: 3 0x80003194 (0x4591) x11 0x00000004
core   0: 0x80003196 (0x06b60763) beq     a2, a1, pc + 110
core   0: 3 0x80003196 (0x06b60763)
core   0: 0x8000319a (0x00004595) c.li    a1, 5
core   0: 3 0x8000319a (0x4595) x11 0x00000005
core   0: 0x8000319c (0x06b60963) beq     a2, a1, pc + 114
core   0: 3 0x8000319c (0x06b60963)
core   0: 0x800031a0 (0x00004599) c.li    a1, 6
core   0: 3 0x800031a0 (0x4599) x11 0x00000006
core   0: 0x800031a2 (0x06b60b63) beq     a2, a1, pc + 118
core   0: 3 0x800031a2 (0x06b60b63)
core   0: 0x800031a6 (0x0000459d) c.li    a1, 7
core   0: 3 0x800031a6 (0x459d) x11 0x00000007
core   0: 0x800031a8 (0x06b60d63) beq     a2, a1, pc + 122
core   0: 3 0x800031a8 (0x06b60d63)
core   0: 0x800031ac (0x000045a1) c.li    a1, 8
core   0: 3 0x800031ac (0x45a1) x11 0x00000008
core   0: 0x800031ae (0x06b60f63) beq     a2, a1, pc + 126
core   0: 3 0x800031ae (0x06b60f63)
core   0: 0x800031b2 (0x000045a5) c.li    a1, 9
core   0: 3 0x800031b2 (0x45a5) x11 0x00000009
core   0: 0x800031b4 (0x08b60163) beq     a2, a1, pc + 130
core   0: 3 0x800031b4 (0x08b60163)
core   0: 0x800031b8 (0x000045a9) c.li    a1, 10
core   0: 3 0x800031b8 (0x45a9) x11 0x0000000a
core   0: 0x800031ba (0x08b60363) beq     a2, a1, pc + 134
core   0: 3 0x800031ba (0x08b60363)
core   0: 0x800031be (0x000045ad) c.li    a1, 11
core   0: 3 0x800031be (0x45ad) x11 0x0000000b
core   0: 0x800031c0 (0x08b60563) beq     a2, a1, pc + 138
core   0: 3 0x800031c0 (0x08b60563)
core   0: 0x800031c4 (0x000045b1) c.li    a1, 12
core   0: 3 0x800031c4 (0x45b1) x11 0x0000000c
core   0: 0x800031c6 (0x08b60763) beq     a2, a1, pc + 142
core   0: 3 0x800031c6 (0x08b60763)
core   0: 0x800031ca (0x000045b5) c.li    a1, 13
core   0: 3 0x800031ca (0x45b5) x11 0x0000000d
core   0: 0x800031cc (0x08b60963) beq     a2, a1, pc + 146
core   0: 3 0x800031cc (0x08b60963)
core   0: 0x800031d0 (0x000045b9) c.li    a1, 14
core   0: 3 0x800031d0 (0x45b9) x11 0x0000000e
core   0: 0x800031d2 (0x08b60b63) beq     a2, a1, pc + 150
core   0: 3 0x800031d2 (0x08b60b63)
core   0: 0x80003268 (0x3be02d73) csrr    s10, pmpaddr14
core   0: 3 0x80003268 (0x3be02d73) x26 0x20009372
core   0: 0x8000326c (0x3a302ff3) csrr    t6, pmpcfg3
core   0: 3 0x8000326c (0x3a302ff3) x31 0x0f0f0f0f
core   0: 0x80003270 (0x0000a031) c.j     pc + 12
core   0: 3 0x80003270 (0xa031)
core   0: 0x8000327c (0x00004e11) c.li    t3, 4
core   0: 3 0x8000327c (0x4e11) x28 0x00000004
core   0: 0x8000327e (0x01ee9613) slli    a2, t4, 30
core   0: 3 0x8000327e (0x01ee9613) x12 0x80000000
core   0: 0x80003282 (0x00008279) c.srli  a2, 30
core   0: 3 0x80003282 (0x8279) x12 0x00000002
core   0: 0x80003284 (0x40ce05b3) sub     a1, t3, a2
core   0: 3 0x80003284 (0x40ce05b3) x11 0x00000002
core   0: 0x80003288 (0x000015fd) c.addi  a1, -1
core   0: 3 0x80003288 (0x15fd) x11 0x00000001
core   0: 0x8000328a (0x0000058e) c.slli  a1, 3
core   0: 3 0x8000328a (0x058e) x11 0x00000008
core   0: 0x8000328c (0x00bf9e33) sll     t3, t6, a1
core   0: 3 0x8000328c (0x00bf9e33) x28 0x0f0f0f00
core   0: 0x80003290 (0x0000060e) c.slli  a2, 3
core   0: 3 0x80003290 (0x060e) x12 0x00000010
core   0: 0x80003292 (0x000095b2) c.add   a1, a2
core   0: 3 0x80003292 (0x95b2) x11 0x00000018
core   0: 0x80003294 (0x00be5e33) srl     t3, t3, a1
core   0: 3 0x80003294 (0x00be5e33) x28 0x0000000f
core   0: 0x80003298 (0x01be1593) slli    a1, t3, 27
core   0: 3 0x80003298 (0x01be1593) x11 0x78000000
core   0: 0x8000329c (0x000081f9) c.srli  a1, 30
core   0: 3 0x8000329c (0x81f9) x11 0x00000001
core   0: 0x8000329e (0x0000c1b1) c.beqz  a1, pc + 68
core   0: 3 0x8000329e (0xc1b1)
core   0: 0x800032a0 (0x00004605) c.li    a2, 1
core   0: 3 0x800032a0 (0x4605) x12 0x00000001
core   0: 0x800032a2 (0x04c58163) beq     a1, a2, pc + 66
core   0: 3 0x800032a2 (0x04c58163)
core   0: 0x800032e4 (0x00008676) c.mv    a2, t4
core   0: 3 0x800032e4 (0x8676) x12 0x0000000e
core   0: 0x800032e6 (0x343025f3) csrr    a1, mtval
core   0: 3 0x800032e6 (0x343025f3) x11 0x8ffffffc
core   0: 0x800032ea (0x00008189) c.srli  a1, 2
core   0: 3 0x800032ea (0x8189) x11 0x23ffffff
core   0: 0x800032ec (0x0000e601) c.bnez  a2, pc + 8
core   0: 3 0x800032ec (0xe601)
core   0: 0x800032f4 (0xfd65e5e3) bltu    a1, s6, pc - 54
core   0: 3 0x800032f4 (0xfd65e5e3)
core   0: 0x800032f8 (0xfda5f3e3) bgeu    a1, s10, pc - 58
core   0: 3 0x800032f8 (0xfda5f3e3)
core   0: 0x800032be (0x00008676) c.mv    a2, t4
core   0: 3 0x800032be (0x8676) x12 0x0000000e
core   0: 0x800032c0 (0x00008b6a) c.mv    s6, s10
core   0: 3 0x800032c0 (0x8b6a) x22 0x20009372
core   0: 0x800032c2 (0x00000605) c.addi  a2, 1
core   0: 3 0x800032c2 (0x0605) x12 0x0000000f
core   0: 0x800032c4 (0x00008eb2) c.mv    t4, a2
core   0: 3 0x800032c4 (0x8eb2) x29 0x0000000f
core   0: 0x800032c6 (0x00004d41) c.li    s10, 16
core   0: 3 0x800032c6 (0x4d41) x26 0x00000010
core   0: 0x800032c8 (0x01a65363) bge     a2, s10, pc + 6
core   0: 3 0x800032c8 (0x01a65363)
core   0: 0x800032cc (0x0000b575) c.j     pc - 340
core   0: 3 0x800032cc (0xb575)
core   0: 0x80003178 (0x00008676) c.mv    a2, t4
core   0: 3 0x80003178 (0x8676) x12 0x0000000f
core   0: 0x8000317a (0x000085b2) c.mv    a1, a2
core   0: 3 0x8000317a (0x85b2) x11 0x0000000f
core   0: 0x8000317c (0x00004581) c.li    a1, 0
core   0: 3 0x8000317c (0x4581) x11 0x00000000
core   0: 0x8000317e (0x04b60f63) beq     a2, a1, pc + 94
core   0: 3 0x8000317e (0x04b60f63)
core   0: 0x80003182 (0x00004585) c.li    a1, 1
core   0: 3 0x80003182 (0x4585) x11 0x00000001
core   0: 0x80003184 (0x06b60163) beq     a2, a1, pc + 98
core   0: 3 0x80003184 (0x06b60163)
core   0: 0x80003188 (0x00004589) c.li    a1, 2
core   0: 3 0x80003188 (0x4589) x11 0x00000002
core   0: 0x8000318a (0x06b60363) beq     a2, a1, pc + 102
core   0: 3 0x8000318a (0x06b60363)
core   0: 0x8000318e (0x0000458d) c.li    a1, 3
core   0: 3 0x8000318e (0x458d) x11 0x00000003
core   0: 0x80003190 (0x06b60563) beq     a2, a1, pc + 106
core   0: 3 0x80003190 (0x06b60563)
core   0: 0x80003194 (0x00004591) c.li    a1, 4
core   0: 3 0x80003194 (0x4591) x11 0x00000004
core   0: 0x80003196 (0x06b60763) beq     a2, a1, pc + 110
core   0: 3 0x80003196 (0x06b60763)
core   0: 0x8000319a (0x00004595) c.li    a1, 5
core   0: 3 0x8000319a (0x4595) x11 0x00000005
core   0: 0x8000319c (0x06b60963) beq     a2, a1, pc + 114
core   0: 3 0x8000319c (0x06b60963)
core   0: 0x800031a0 (0x00004599) c.li    a1, 6
core   0: 3 0x800031a0 (0x4599) x11 0x00000006
core   0: 0x800031a2 (0x06b60b63) beq     a2, a1, pc + 118
core   0: 3 0x800031a2 (0x06b60b63)
core   0: 0x800031a6 (0x0000459d) c.li    a1, 7
core   0: 3 0x800031a6 (0x459d) x11 0x00000007
core   0: 0x800031a8 (0x06b60d63) beq     a2, a1, pc + 122
core   0: 3 0x800031a8 (0x06b60d63)
core   0: 0x800031ac (0x000045a1) c.li    a1, 8
core   0: 3 0x800031ac (0x45a1) x11 0x00000008
core   0: 0x800031ae (0x06b60f63) beq     a2, a1, pc + 126
core   0: 3 0x800031ae (0x06b60f63)
core   0: 0x800031b2 (0x000045a5) c.li    a1, 9
core   0: 3 0x800031b2 (0x45a5) x11 0x00000009
core   0: 0x800031b4 (0x08b60163) beq     a2, a1, pc + 130
core   0: 3 0x800031b4 (0x08b60163)
core   0: 0x800031b8 (0x000045a9) c.li    a1, 10
core   0: 3 0x800031b8 (0x45a9) x11 0x0000000a
core   0: 0x800031ba (0x08b60363) beq     a2, a1, pc + 134
core   0: 3 0x800031ba (0x08b60363)
core   0: 0x800031be (0x000045ad) c.li    a1, 11
core   0: 3 0x800031be (0x45ad) x11 0x0000000b
core   0: 0x800031c0 (0x08b60563) beq     a2, a1, pc + 138
core   0: 3 0x800031c0 (0x08b60563)
core   0: 0x800031c4 (0x000045b1) c.li    a1, 12
core   0: 3 0x800031c4 (0x45b1) x11 0x0000000c
core   0: 0x800031c6 (0x08b60763) beq     a2, a1, pc + 142
core   0: 3 0x800031c6 (0x08b60763)
core   0: 0x800031ca (0x000045b5) c.li    a1, 13
core   0: 3 0x800031ca (0x45b5) x11 0x0000000d
core   0: 0x800031cc (0x08b60963) beq     a2, a1, pc + 146
core   0: 3 0x800031cc (0x08b60963)
core   0: 0x800031d0 (0x000045b9) c.li    a1, 14
core   0: 3 0x800031d0 (0x45b9) x11 0x0000000e
core   0: 0x800031d2 (0x08b60b63) beq     a2, a1, pc + 150
core   0: 3 0x800031d2 (0x08b60b63)
core   0: 0x800031d6 (0x000045bd) c.li    a1, 15
core   0: 3 0x800031d6 (0x45bd) x11 0x0000000f
core   0: 0x800031d8 (0x08b60d63) beq     a2, a1, pc + 154
core   0: 3 0x800031d8 (0x08b60d63)
core   0: 0x80003272 (0x3bf02d73) csrr    s10, pmpaddr15
core   0: 3 0x80003272 (0x3bf02d73) x26 0x20009d0b
core   0: 0x80003276 (0x3a302ff3) csrr    t6, pmpcfg3
core   0: 3 0x80003276 (0x3a302ff3) x31 0x0f0f0f0f
core   0: 0x8000327a (0x0000a009) c.j     pc + 2
core   0: 3 0x8000327a (0xa009)
core   0: 0x8000327c (0x00004e11) c.li    t3, 4
core   0: 3 0x8000327c (0x4e11) x28 0x00000004
core   0: 0x8000327e (0x01ee9613) slli    a2, t4, 30
core   0: 3 0x8000327e (0x01ee9613) x12 0xc0000000
core   0: 0x80003282 (0x00008279) c.srli  a2, 30
core   0: 3 0x80003282 (0x8279) x12 0x00000003
core   0: 0x80003284 (0x40ce05b3) sub     a1, t3, a2
core   0: 3 0x80003284 (0x40ce05b3) x11 0x00000001
core   0: 0x80003288 (0x000015fd) c.addi  a1, -1
core   0: 3 0x80003288 (0x15fd) x11 0x00000000
core   0: 0x8000328a (0x0000058e) c.slli  a1, 3
core   0: 3 0x8000328a (0x058e) x11 0x00000000
core   0: 0x8000328c (0x00bf9e33) sll     t3, t6, a1
core   0: 3 0x8000328c (0x00bf9e33) x28 0x0f0f0f0f
core   0: 0x80003290 (0x0000060e) c.slli  a2, 3
core   0: 3 0x80003290 (0x060e) x12 0x00000018
core   0: 0x80003292 (0x000095b2) c.add   a1, a2
core   0: 3 0x80003292 (0x95b2) x11 0x00000018
core   0: 0x80003294 (0x00be5e33) srl     t3, t3, a1
core   0: 3 0x80003294 (0x00be5e33) x28 0x0000000f
core   0: 0x80003298 (0x01be1593) slli    a1, t3, 27
core   0: 3 0x80003298 (0x01be1593) x11 0x78000000
core   0: 0x8000329c (0x000081f9) c.srli  a1, 30
core   0: 3 0x8000329c (0x81f9) x11 0x00000001
core   0: 0x8000329e (0x0000c1b1) c.beqz  a1, pc + 68
core   0: 3 0x8000329e (0xc1b1)
core   0: 0x800032a0 (0x00004605) c.li    a2, 1
core   0: 3 0x800032a0 (0x4605) x12 0x00000001
core   0: 0x800032a2 (0x04c58163) beq     a1, a2, pc + 66
core   0: 3 0x800032a2 (0x04c58163)
core   0: 0x800032e4 (0x00008676) c.mv    a2, t4
core   0: 3 0x800032e4 (0x8676) x12 0x0000000f
core   0: 0x800032e6 (0x343025f3) csrr    a1, mtval
core   0: 3 0x800032e6 (0x343025f3) x11 0x8ffffffc
core   0: 0x800032ea (0x00008189) c.srli  a1, 2
core   0: 3 0x800032ea (0x8189) x11 0x23ffffff
core   0: 0x800032ec (0x0000e601) c.bnez  a2, pc + 8
core   0: 3 0x800032ec (0xe601)
core   0: 0x800032f4 (0xfd65e5e3) bltu    a1, s6, pc - 54
core   0: 3 0x800032f4 (0xfd65e5e3)
core   0: 0x800032f8 (0xfda5f3e3) bgeu    a1, s10, pc - 58
core   0: 3 0x800032f8 (0xfda5f3e3)
core   0: 0x800032be (0x00008676) c.mv    a2, t4
core   0: 3 0x800032be (0x8676) x12 0x0000000f
core   0: 0x800032c0 (0x00008b6a) c.mv    s6, s10
core   0: 3 0x800032c0 (0x8b6a) x22 0x20009d0b
core   0: 0x800032c2 (0x00000605) c.addi  a2, 1
core   0: 3 0x800032c2 (0x0605) x12 0x00000010
core   0: 0x800032c4 (0x00008eb2) c.mv    t4, a2
core   0: 3 0x800032c4 (0x8eb2) x29 0x00000010
core   0: 0x800032c6 (0x00004d41) c.li    s10, 16
core   0: 3 0x800032c6 (0x4d41) x26 0x00000010
core   0: 0x800032c8 (0x01a65363) bge     a2, s10, pc + 6
core   0: 3 0x800032c8 (0x01a65363)
core   0: 0x800032ce (0x74702673) csrr    a2, mseccfg
core   0: 3 0x800032ce (0x74702673) x12 0x00000000
core   0: 0x800032d2 (0x00008a09) c.andi  a2, 2
core   0: 3 0x800032d2 (0x8a09) x12 0x00000000
core   0: 0x800032d4 (0x0000e63d) c.bnez  a2, pc + 110
core   0: 3 0x800032d4 (0xe63d)
core   0: 0x800032d6 (0xffffd617) auipc   a2, 0xffffd
core   0: 3 0x800032d6 (0xffffd617) x12 0x800002d6
core   0: 0x800032da (0x30460613) addi    a2, a2, 772
core   0: 3 0x800032da (0x30460613) x12 0x800005da
core   0: 0x800032de (0x00060067) jr      a2
core   0: 3 0x800032de (0x00060067)
core   0: 0x800005da (0x90000d37) lui     s10, 0x90000
core   0: 3 0x800005da (0x90000d37) x26 0x90000000
core   0: 0x800005de (0x00001d61) c.addi  s10, -8
core   0: 3 0x800005de (0x1d61) x26 0x8ffffff8
core   0: 0x800005e0 (0x00004601) c.li    a2, 0
core   0: 3 0x800005e0 (0x4601) x12 0x00000000
core   0: 0x800005e2 (0x00000622) c.slli  a2, 8
core   0: 3 0x800005e2 (0x0622) x12 0x00000000
core   0: 0x800005e4 (0x00000605) c.addi  a2, 1
core   0: 3 0x800005e4 (0x0605) x12 0x00000001
core   0: 0x800005e6 (0x00cd2023) sw      a2, 0(s10)
core   0: 3 0x800005e6 (0x00cd2023) mem 0x8ffffff8 0x00000001
core   0: 0x800005ea (0x00000073) ecall
core   0: exception trap_machine_ecall, epc 0x800005ea
core   0: 0x80002700 (0x0800006f) j       pc + 0x80
core   0: 3 0x80002700 (0x0800006f)
core   0: 0x80002780 (0x00001f71) c.addi  t5, -4
core   0: 3 0x80002780 (0x1f71) x30 0x8002cc5c
core   0: 0x80002782 (0x009f2023) sw      s1, 0(t5)
core   0: 3 0x80002782 (0x009f2023) mem 0x8002cc5c 0x8002cc60
core   0: 0x80002786 (0x000f04b3) add     s1, t5, zero
core   0: 3 0x80002786 (0x000f04b3) x9  0x8002cc5c
core   0: 0x8000278a (0xf8048493) addi    s1, s1, -128
core   0: 3 0x8000278a (0xf8048493) x9  0x8002cbdc
core   0: 0x8000278e (0x0014a223) sw      ra, 4(s1)
core   0: 3 0x8000278e (0x0014a223) mem 0x8002cbe0 0x80000000
core   0: 0x80002792 (0x0024a423) sw      sp, 8(s1)
core   0: 3 0x80002792 (0x0024a423) mem 0x8002cbe4 0x4f707fa4
core   0: 0x80002796 (0x0034a623) sw      gp, 12(s1)
core   0: 3 0x80002796 (0x0034a623) mem 0x8002cbe8 0x9fccf78b
core   0: 0x8000279a (0x0044a823) sw      tp, 16(s1)
core   0: 3 0x8000279a (0x0044a823) mem 0x8002cbec 0x00000005
core   0: 0x8000279e (0x0054aa23) sw      t0, 20(s1)
core   0: 3 0x8000279e (0x0054aa23) mem 0x8002cbf0 0x80000000
core   0: 0x800027a2 (0x0064ac23) sw      t1, 24(s1)
core   0: 3 0x800027a2 (0x0064ac23) mem 0x8002cbf4 0xe4fb7214
core   0: 0x800027a6 (0x0074ae23) sw      t2, 28(s1)
core   0: 3 0x800027a6 (0x0074ae23) mem 0x8002cbf8 0x00000002
core   0: 0x800027aa (0x0000d080) c.sw    s0, 32(s1)
core   0: 3 0x800027aa (0xd080) mem 0x8002cbfc 0x00000000
core   0: 0x800027ac (0x0000d0c4) c.sw    s1, 36(s1)
core   0: 3 0x800027ac (0xd0c4) mem 0x8002cc00 0x8002cbdc
core   0: 0x800027ae (0x0000d488) c.sw    a0, 40(s1)
core   0: 3 0x800027ae (0xd488) mem 0x8002cc04 0xf6f657b1
core   0: 0x800027b0 (0x0000d4cc) c.sw    a1, 44(s1)
core   0: 3 0x800027b0 (0xd4cc) mem 0x8002cc08 0x23ffffff
core   0: 0x800027b2 (0x0000d890) c.sw    a2, 48(s1)
core   0: 3 0x800027b2 (0xd890) mem 0x8002cc0c 0x00000001
core   0: 0x800027b4 (0x0000d8d4) c.sw    a3, 52(s1)
core   0: 3 0x800027b4 (0xd8d4) mem 0x8002cc10 0x80000000
core   0: 0x800027b6 (0x0000dc98) c.sw    a4, 56(s1)
core   0: 3 0x800027b6 (0xdc98) mem 0x8002cc14 0x80000000
core   0: 0x800027b8 (0x0000dcdc) c.sw    a5, 60(s1)
core   0: 3 0x800027b8 (0xdcdc) mem 0x8002cc18 0x00000009
core   0: 0x800027ba (0x0504a023) sw      a6, 64(s1)
core   0: 3 0x800027ba (0x0504a023) mem 0x8002cc1c 0x00000000
core   0: 0x800027be (0x0514a223) sw      a7, 68(s1)
core   0: 3 0x800027be (0x0514a223) mem 0x8002cc20 0x0000000a
core   0: 0x800027c2 (0x0524a423) sw      s2, 72(s1)
core   0: 3 0x800027c2 (0x0524a423) mem 0x8002cc24 0x35994c01
core   0: 0x800027c6 (0x0534a623) sw      s3, 76(s1)
core   0: 3 0x800027c6 (0x0534a623) mem 0x8002cc28 0x00000007
core   0: 0x800027ca (0x0544a823) sw      s4, 80(s1)
core   0: 3 0x800027ca (0x0544a823) mem 0x8002cc2c 0x0000000f
core   0: 0x800027ce (0x0554aa23) sw      s5, 84(s1)
core   0: 3 0x800027ce (0x0554aa23) mem 0x8002cc30 0x00000006
core   0: 0x800027d2 (0x0564ac23) sw      s6, 88(s1)
core   0: 3 0x800027d2 (0x0564ac23) mem 0x8002cc34 0x20009d0b
core   0: 0x800027d6 (0x0574ae23) sw      s7, 92(s1)
core   0: 3 0x800027d6 (0x0574ae23) mem 0x8002cc38 0xf75356fd
core   0: 0x800027da (0x0784a023) sw      s8, 96(s1)
core   0: 3 0x800027da (0x0784a023) mem 0x8002cc3c 0xf61b487c
core   0: 0x800027de (0x0794a223) sw      s9, 100(s1)
core   0: 3 0x800027de (0x0794a223) mem 0x8002cc40 0x00000000
core   0: 0x800027e2 (0x07a4a423) sw      s10, 104(s1)
core   0: 3 0x800027e2 (0x07a4a423) mem 0x8002cc44 0x8ffffff8
core   0: 0x800027e6 (0x07b4a623) sw      s11, 108(s1)
core   0: 3 0x800027e6 (0x07b4a623) mem 0x8002cc48 0x65d29101
core   0: 0x800027ea (0x07c4a823) sw      t3, 112(s1)
core   0: 3 0x800027ea (0x07c4a823) mem 0x8002cc4c 0x0000000f
core   0: 0x800027ee (0x07d4aa23) sw      t4, 116(s1)
core   0: 3 0x800027ee (0x07d4aa23) mem 0x8002cc50 0x00000010
core   0: 0x800027f2 (0x07e4ac23) sw      t5, 120(s1)
core   0: 3 0x800027f2 (0x07e4ac23) mem 0x8002cc54 0x8002cc5c
core   0: 0x800027f6 (0x07f4ae23) sw      t6, 124(s1)
core   0: 3 0x800027f6 (0x07f4ae23) mem 0x8002cc58 0x0f0f0f0f
core   0: 0x800027fa (0x00048f33) add     t5, s1, zero
core   0: 3 0x800027fa (0x00048f33) x30 0x8002cbdc
core   0: 0x800027fe (0x90000d37) lui     s10, 0x90000
core   0: 3 0x800027fe (0x90000d37) x26 0x90000000
core   0: 0x80002802 (0x00001d71) c.addi  s10, -4
core   0: 3 0x80002802 (0x1d71) x26 0x8ffffffc
core   0: 0x80002804 (0x00004621) c.li    a2, 8
core   0: 3 0x80002804 (0x4621) x12 0x00000008
core   0: 0x80002806 (0x00000622) c.slli  a2, 8
core   0: 3 0x80002806 (0x0622) x12 0x00000800
core   0: 0x80002808 (0x00060613) mv      a2, a2
core   0: 3 0x80002808 (0x00060613) x12 0x00000800
core   0: 0x8000280c (0x00cd2023) sw      a2, 0(s10)
core   0: 3 0x8000280c (0x00cd2023) mem 0x8ffffffc 0x00000800
core   0: 0x80002810 (0x34102673) csrr    a2, mepc
core   0: 3 0x80002810 (0x34102673) x12 0x800005ea
core   0: 0x80002814 (0x34202673) csrr    a2, mcause
core   0: 3 0x80002814 (0x34202673) x12 0x0000000b
core   0: 0x80002818 (0x00004d0d) c.li    s10, 3
core   0: 3 0x80002818 (0x4d0d) x26 0x00000003
core   0: 0x8000281a (0x01a61463) bne     a2, s10, pc + 8
core   0: 3 0x8000281a (0x01a61463)
core   0: 0x80002822 (0x00004d21) c.li    s10, 8
core   0: 3 0x80002822 (0x4d21) x26 0x00000008
core   0: 0x80002824 (0x05a60d63) beq     a2, s10, pc + 90
core   0: 3 0x80002824 (0x05a60d63)
core   0: 0x80002828 (0x00004d25) c.li    s10, 9
core   0: 3 0x80002828 (0x4d25) x26 0x00000009
core   0: 0x8000282a (0x05a60a63) beq     a2, s10, pc + 84
core   0: 3 0x8000282a (0x05a60a63)
core   0: 0x8000282e (0x00004d2d) c.li    s10, 11
core   0: 3 0x8000282e (0x4d2d) x26 0x0000000b
core   0: 0x80002830 (0x05a60763) beq     a2, s10, pc + 78
core   0: 3 0x80002830 (0x05a60763)
core   0: 0x8000287e (0x90000d37) lui     s10, 0x90000
core   0: 3 0x8000287e (0x90000d37) x26 0x90000000
core   0: 0x80002882 (0x00001d71) c.addi  s10, -4
core   0: 3 0x80002882 (0x1d71) x26 0x8ffffffc
core   0: 0x80002884 (0x00006605) c.lui   a2, 0x1
core   0: 3 0x80002884 (0x6605) x12 0x00001000
core   0: 0x80002886 (0xb0060613) addi    a2, a2, -1280
core   0: 3 0x80002886 (0xb0060613) x12 0x00000b00
core   0: 0x8000288a (0x00000622) c.slli  a2, 8
core   0: 3 0x8000288a (0x0622) x12 0x000b0000
core   0: 0x8000288c (0x0000060d) c.addi  a2, 3
core   0: 3 0x8000288c (0x060d) x12 0x000b0003
core   0: 0x8000288e (0x00cd2023) sw      a2, 0(s10)
core   0: 3 0x8000288e (0x00cd2023) mem 0x8ffffffc 0x000b0003
core   0: 0x80002892 (0xb0002673) csrr    a2, mcycle
core   0: 3 0x80002892 (0xb0002673) x12 0x000015c1
core   0: 0x80002896 (0x00cd2023) sw      a2, 0(s10)
core   0: 3 0x80002896 (0x00cd2023) mem 0x8ffffffc 0x000015c1
core   0: 0x8000289a (0x90000d37) lui     s10, 0x90000
core   0: 3 0x8000289a (0x90000d37) x26 0x90000000
core   0: 0x8000289e (0x00001d71) c.addi  s10, -4
core   0: 3 0x8000289e (0x1d71) x26 0x8ffffffc
core   0: 0x800028a0 (0x00006605) c.lui   a2, 0x1
core   0: 3 0x800028a0 (0x6605) x12 0x00001000
core   0: 0x800028a2 (0xb8060613) addi    a2, a2, -1152
core   0: 3 0x800028a2 (0xb8060613) x12 0x00000b80
core   0: 0x800028a6 (0x00000622) c.slli  a2, 8
core   0: 3 0x800028a6 (0x0622) x12 0x000b8000
core   0: 0x800028a8 (0x0000060d) c.addi  a2, 3
core   0: 3 0x800028a8 (0x060d) x12 0x000b8003
core   0: 0x800028aa (0x00cd2023) sw      a2, 0(s10)
core   0: 3 0x800028aa (0x00cd2023) mem 0x8ffffffc 0x000b8003
core   0: 0x800028ae (0xb8002673) csrr    a2, mcycleh
core   0: 3 0x800028ae (0xb8002673) x12 0x00000000
core   0: 0x800028b2 (0x00cd2023) sw      a2, 0(s10)
core   0: 3 0x800028b2 (0x00cd2023) mem 0x8ffffffc 0x00000000
core   0: 0x800028b6 (0x90000d37) lui     s10, 0x90000
core   0: 3 0x800028b6 (0x90000d37) x26 0x90000000
core   0: 0x800028ba (0x00001d71) c.addi  s10, -4
core   0: 3 0x800028ba (0x1d71) x26 0x8ffffffc
core   0: 0x800028bc (0x00006605) c.lui   a2, 0x1
core   0: 3 0x800028bc (0x6605) x12 0x00001000
core   0: 0x800028be (0xb0360613) addi    a2, a2, -1277
core   0: 3 0x800028be (0xb0360613) x12 0x00000b03
core   0: 0x800028c2 (0x00000622) c.slli  a2, 8
core   0: 3 0x800028c2 (0x0622) x12 0x000b0300
core   0: 0x800028c4 (0x0000060d) c.addi  a2, 3
core   0: 3 0x800028c4 (0x060d) x12 0x000b0303
core   0: 0x800028c6 (0x00cd2023) sw      a2, 0(s10)
core   0: 3 0x800028c6 (0x00cd2023) mem 0x8ffffffc 0x000b0303
core   0: 0x800028ca (0xb0302673) csrr    a2, mhpmcounter3
core   0: 3 0x800028ca (0xb0302673) x12 0x00000123
core   0: 0x800028ce (0x00cd2023) sw      a2, 0(s10)
core   0: 3 0x800028ce (0x00cd2023) mem 0x8ffffffc 0x00000123
core   0: 0x800028d2 (0x90000d37) lui     s10, 0x90000
core   0: 3 0x800028d2 (0x90000d37) x26 0x90000000
core   0: 0x800028d6 (0x00001d71) c.addi  s10, -4
core   0: 3 0x800028d6 (0x1d71) x26 0x8ffffffc
core   0: 0x800028d8 (0x00006605) c.lui   a2, 0x1
core   0: 3 0x800028d8 (0x6605) x12 0x00001000
core   0: 0x800028da (0xb8360613) addi    a2, a2, -1149
core   0: 3 0x800028da (0xb8360613) x12 0x00000b83
core   0: 0x800028de (0x00000622) c.slli  a2, 8
core   0: 3 0x800028de (0x0622) x12 0x000b8300
core   0: 0x800028e0 (0x0000060d) c.addi  a2, 3
core   0: 3 0x800028e0 (0x060d) x12 0x000b8303
core   0: 0x800028e2 (0x00cd2023) sw      a2, 0(s10)
core   0: 3 0x800028e2 (0x00cd2023) mem 0x8ffffffc 0x000b8303
core   0: 0x800028e6 (0xb8302673) csrr    a2, mhpmcounter3h
core   0: 3 0x800028e6 (0xb8302673) x12 0x00000000
core   0: 0x800028ea (0x00cd2023) sw      a2, 0(s10)
core   0: 3 0x800028ea (0x00cd2023) mem 0x8ffffffc 0x00000000
core   0: 0x800028ee (0x90000d37) lui     s10, 0x90000
core   0: 3 0x800028ee (0x90000d37) x26 0x90000000
core   0: 0x800028f2 (0x00001d71) c.addi  s10, -4
core   0: 3 0x800028f2 (0x1d71) x26 0x8ffffffc
core   0: 0x800028f4 (0x00006605) c.lui   a2, 0x1
core   0: 3 0x800028f4 (0x6605) x12 0x00001000
core   0: 0x800028f6 (0xb0460613) addi    a2, a2, -1276
core   0: 3 0x800028f6 (0xb0460613) x12 0x00000b04
core   0: 0x800028fa (0x00000622) c.slli  a2, 8
core   0: 3 0x800028fa (0x0622) x12 0x000b0400
core   0: 0x800028fc (0x0000060d) c.addi  a2, 3
core   0: 3 0x800028fc (0x060d) x12 0x000b0403
core   0: 0x800028fe (0x00cd2023) sw      a2, 0(s10)
core   0: 3 0x800028fe (0x00cd2023) mem 0x8ffffffc 0x000b0403
core   0: 0x80002902 (0xb0402673) csrr    a2, mhpmcounter4
core   0: 3 0x80002902 (0xb0402673) x12 0x00000a4f
core   0: 0x80002906 (0x00cd2023) sw      a2, 0(s10)
core   0: 3 0x80002906 (0x00cd2023) mem 0x8ffffffc 0x00000a4f
core   0: 0x8000290a (0x90000d37) lui     s10, 0x90000
core   0: 3 0x8000290a (0x90000d37) x26 0x90000000
core   0: 0x8000290e (0x00001d71) c.addi  s10, -4
core   0: 3 0x8000290e (0x1d71) x26 0x8ffffffc
core   0: 0x80002910 (0x00006605) c.lui   a2, 0x1
core   0: 3 0x80002910 (0x6605) x12 0x00001000
core   0: 0x80002912 (0xb8460613) addi    a2, a2, -1148
core   0: 3 0x80002912 (0xb8460613) x12 0x00000b84
core   0: 0x80002916 (0x00000622) c.slli  a2, 8
core   0: 3 0x80002916 (0x0622) x12 0x000b8400
core   0: 0x80002918 (0x0000060d) c.addi  a2, 3
core   0: 3 0x80002918 (0x060d) x12 0x000b8403
core   0: 0x8000291a (0x00cd2023) sw      a2, 0(s10)
core   0: 3 0x8000291a (0x00cd2023) mem 0x8ffffffc 0x000b8403
core   0: 0x8000291e (0xb8402673) csrr    a2, mhpmcounter4h
core   0: 3 0x8000291e (0xb8402673) x12 0x00000000
core   0: 0x80002922 (0x00cd2023) sw      a2, 0(s10)
core   0: 3 0x80002922 (0x00cd2023) mem 0x8ffffffc 0x00000000
core   0: 0x80002926 (0x90000d37) lui     s10, 0x90000
core   0: 3 0x80002926 (0x90000d37) x26 0x90000000
core   0: 0x8000292a (0x00001d71) c.addi  s10, -4
core   0: 3 0x8000292a (0x1d71) x26 0x8ffffffc
core   0: 0x8000292c (0x00006605) c.lui   a2, 0x1
core   0: 3 0x8000292c (0x6605) x12 0x00001000
core   0: 0x8000292e (0xb0560613) addi    a2, a2, -1275
core   0: 3 0x8000292e (0xb0560613) x12 0x00000b05
core   0: 0x80002932 (0x00000622) c.slli  a2, 8
core   0: 3 0x80002932 (0x0622) x12 0x000b0500
core   0: 0x80002934 (0x0000060d) c.addi  a2, 3
core   0: 3 0x80002934 (0x060d) x12 0x000b0503
core   0: 0x80002936 (0x00cd2023) sw      a2, 0(s10)
core   0: 3 0x80002936 (0x00cd2023) mem 0x8ffffffc 0x000b0503
core   0: 0x8000293a (0xb0502673) csrr    a2, mhpmcounter5
core   0: 3 0x8000293a (0xb0502673) x12 0x00000000
core   0: 0x8000293e (0x00cd2023) sw      a2, 0(s10)
core   0: 3 0x8000293e (0x00cd2023) mem 0x8ffffffc 0x00000000
core   0: 0x80002942 (0x90000d37) lui     s10, 0x90000
core   0: 3 0x80002942 (0x90000d37) x26 0x90000000
core   0: 0x80002946 (0x00001d71) c.addi  s10, -4
core   0: 3 0x80002946 (0x1d71) x26 0x8ffffffc
core   0: 0x80002948 (0x00006605) c.lui   a2, 0x1
core   0: 3 0x80002948 (0x6605) x12 0x00001000
core   0: 0x8000294a (0xb8560613) addi    a2, a2, -1147
core   0: 3 0x8000294a (0xb8560613) x12 0x00000b85
core   0: 0x8000294e (0x00000622) c.slli  a2, 8
core   0: 3 0x8000294e (0x0622) x12 0x000b8500
core   0: 0x80002950 (0x0000060d) c.addi  a2, 3
core   0: 3 0x80002950 (0x060d) x12 0x000b8503
core   0: 0x80002952 (0x00cd2023) sw      a2, 0(s10)
core   0: 3 0x80002952 (0x00cd2023) mem 0x8ffffffc 0x000b8503
core   0: 0x80002956 (0xb8502673) csrr    a2, mhpmcounter5h
core   0: 3 0x80002956 (0xb8502673) x12 0x00000000
core   0: 0x8000295a (0x00cd2023) sw      a2, 0(s10)
core   0: 3 0x8000295a (0x00cd2023) mem 0x8ffffffc 0x00000000
core   0: 0x8000295e (0x90000d37) lui     s10, 0x90000
core   0: 3 0x8000295e (0x90000d37) x26 0x90000000
core   0: 0x80002962 (0x00001d71) c.addi  s10, -4
core   0: 3 0x80002962 (0x1d71) x26 0x8ffffffc
core   0: 0x80002964 (0x00006605) c.lui   a2, 0x1
core   0: 3 0x80002964 (0x6605) x12 0x00001000
core   0: 0x80002966 (0xb0660613) addi    a2, a2, -1274
core   0: 3 0x80002966 (0xb0660613) x12 0x00000b06
core   0: 0x8000296a (0x00000622) c.slli  a2, 8
core   0: 3 0x8000296a (0x0622) x12 0x000b0600
core   0: 0x8000296c (0x0000060d) c.addi  a2, 3
core   0: 3 0x8000296c (0x060d) x12 0x000b0603
core   0: 0x8000296e (0x00cd2023) sw      a2, 0(s10)
core   0: 3 0x8000296e (0x00cd2023) mem 0x8ffffffc 0x000b0603
core   0: 0x80002972 (0xb0602673) csrr    a2, mhpmcounter6
core   0: 3 0x80002972 (0xb0602673) x12 0x0000005c
core   0: 0x80002976 (0x00cd2023) sw      a2, 0(s10)
core   0: 3 0x80002976 (0x00cd2023) mem 0x8ffffffc 0x0000005c
core   0: 0x8000297a (0x90000d37) lui     s10, 0x90000
core   0: 3 0x8000297a (0x90000d37) x26 0x90000000
core   0: 0x8000297e (0x00001d71) c.addi  s10, -4
core   0: 3 0x8000297e (0x1d71) x26 0x8ffffffc
core   0: 0x80002980 (0x00006605) c.lui   a2, 0x1
core   0: 3 0x80002980 (0x6605) x12 0x00001000
core   0: 0x80002982 (0xb8660613) addi    a2, a2, -1146
core   0: 3 0x80002982 (0xb8660613) x12 0x00000b86
core   0: 0x80002986 (0x00000622) c.slli  a2, 8
core   0: 3 0x80002986 (0x0622) x12 0x000b8600
core   0: 0x80002988 (0x0000060d) c.addi  a2, 3
core   0: 3 0x80002988 (0x060d) x12 0x000b8603
core   0: 0x8000298a (0x00cd2023) sw      a2, 0(s10)
core   0: 3 0x8000298a (0x00cd2023) mem 0x8ffffffc 0x000b8603
core   0: 0x8000298e (0xb8602673) csrr    a2, mhpmcounter6h
core   0: 3 0x8000298e (0xb8602673) x12 0x00000000
core   0: 0x80002992 (0x00cd2023) sw      a2, 0(s10)
core   0: 3 0x80002992 (0x00cd2023) mem 0x8ffffffc 0x00000000
core   0: 0x80002996 (0x90000d37) lui     s10, 0x90000
core   0: 3 0x80002996 (0x90000d37) x26 0x90000000
core   0: 0x8000299a (0x00001d71) c.addi  s10, -4
core   0: 3 0x8000299a (0x1d71) x26 0x8ffffffc
core   0: 0x8000299c (0x00006605) c.lui   a2, 0x1
core   0: 3 0x8000299c (0x6605) x12 0x00001000
core   0: 0x8000299e (0xb0760613) addi    a2, a2, -1273
core   0: 3 0x8000299e (0xb0760613) x12 0x00000b07
core   0: 0x800029a2 (0x00000622) c.slli  a2, 8
core   0: 3 0x800029a2 (0x0622) x12 0x000b0700
core   0: 0x800029a4 (0x0000060d) c.addi  a2, 3
core   0: 3 0x800029a4 (0x060d) x12 0x000b0703
core   0: 0x800029a6 (0x00cd2023) sw      a2, 0(s10)
core   0: 3 0x800029a6 (0x00cd2023) mem 0x8ffffffc 0x000b0703
core   0: 0x800029aa (0xb0702673) csrr    a2, mhpmcounter7
core   0: 3 0x800029aa (0xb0702673) x12 0x00000023
core   0: 0x800029ae (0x00cd2023) sw      a2, 0(s10)
core   0: 3 0x800029ae (0x00cd2023) mem 0x8ffffffc 0x00000023
core   0: 0x800029b2 (0x90000d37) lui     s10, 0x90000
core   0: 3 0x800029b2 (0x90000d37) x26 0x90000000
core   0: 0x800029b6 (0x00001d71) c.addi  s10, -4
core   0: 3 0x800029b6 (0x1d71) x26 0x8ffffffc
core   0: 0x800029b8 (0x00006605) c.lui   a2, 0x1
core   0: 3 0x800029b8 (0x6605) x12 0x00001000
core   0: 0x800029ba (0xb8760613) addi    a2, a2, -1145
core   0: 3 0x800029ba (0xb8760613) x12 0x00000b87
core   0: 0x800029be (0x00000622) c.slli  a2, 8
core   0: 3 0x800029be (0x0622) x12 0x000b8700
core   0: 0x800029c0 (0x0000060d) c.addi  a2, 3
core   0: 3 0x800029c0 (0x060d) x12 0x000b8703
core   0: 0x800029c2 (0x00cd2023) sw      a2, 0(s10)
core   0: 3 0x800029c2 (0x00cd2023) mem 0x8ffffffc 0x000b8703
core   0: 0x800029c6 (0xb8702673) csrr    a2, mhpmcounter7h
core   0: 3 0x800029c6 (0xb8702673) x12 0x00000000
core   0: 0x800029ca (0x00cd2023) sw      a2, 0(s10)
core   0: 3 0x800029ca (0x00cd2023) mem 0x8ffffffc 0x00000000
core   0: 0x800029ce (0x90000d37) lui     s10, 0x90000
core   0: 3 0x800029ce (0x90000d37) x26 0x90000000
core   0: 0x800029d2 (0x00001d71) c.addi  s10, -4
core   0: 3 0x800029d2 (0x1d71) x26 0x8ffffffc
core   0: 0x800029d4 (0x00006605) c.lui   a2, 0x1
core   0: 3 0x800029d4 (0x6605) x12 0x00001000
core   0: 0x800029d6 (0xb0860613) addi    a2, a2, -1272
core   0: 3 0x800029d6 (0xb0860613) x12 0x00000b08
core   0: 0x800029da (0x00000622) c.slli  a2, 8
core   0: 3 0x800029da (0x0622) x12 0x000b0800
core   0: 0x800029dc (0x0000060d) c.addi  a2, 3
core   0: 3 0x800029dc (0x060d) x12 0x000b0803
core   0: 0x800029de (0x00cd2023) sw      a2, 0(s10)
core   0: 3 0x800029de (0x00cd2023) mem 0x8ffffffc 0x000b0803
core   0: 0x800029e2 (0xb0802673) csrr    a2, mhpmcounter8
core   0: 3 0x800029e2 (0xb0802673) x12 0x000000f4
core   0: 0x800029e6 (0x00cd2023) sw      a2, 0(s10)
core   0: 3 0x800029e6 (0x00cd2023) mem 0x8ffffffc 0x000000f4
core   0: 0x800029ea (0x90000d37) lui     s10, 0x90000
core   0: 3 0x800029ea (0x90000d37) x26 0x90000000
core   0: 0x800029ee (0x00001d71) c.addi  s10, -4
core   0: 3 0x800029ee (0x1d71) x26 0x8ffffffc
core   0: 0x800029f0 (0x00006605) c.lui   a2, 0x1
core   0: 3 0x800029f0 (0x6605) x12 0x00001000
core   0: 0x800029f2 (0xb8860613) addi    a2, a2, -1144
core   0: 3 0x800029f2 (0xb8860613) x12 0x00000b88
core   0: 0x800029f6 (0x00000622) c.slli  a2, 8
core   0: 3 0x800029f6 (0x0622) x12 0x000b8800
core   0: 0x800029f8 (0x0000060d) c.addi  a2, 3
core   0: 3 0x800029f8 (0x060d) x12 0x000b8803
core   0: 0x800029fa (0x00cd2023) sw      a2, 0(s10)
core   0: 3 0x800029fa (0x00cd2023) mem 0x8ffffffc 0x000b8803
core   0: 0x800029fe (0xb8802673) csrr    a2, mhpmcounter8h
core   0: 3 0x800029fe (0xb8802673) x12 0x00000000
core   0: 0x80002a02 (0x00cd2023) sw      a2, 0(s10)
core   0: 3 0x80002a02 (0x00cd2023) mem 0x8ffffffc 0x00000000
core   0: 0x80002a06 (0x90000d37) lui     s10, 0x90000
core   0: 3 0x80002a06 (0x90000d37) x26 0x90000000
core   0: 0x80002a0a (0x00001d71) c.addi  s10, -4
core   0: 3 0x80002a0a (0x1d71) x26 0x8ffffffc
core   0: 0x80002a0c (0x00006605) c.lui   a2, 0x1
core   0: 3 0x80002a0c (0x6605) x12 0x00001000
core   0: 0x80002a0e (0xb0960613) addi    a2, a2, -1271
core   0: 3 0x80002a0e (0xb0960613) x12 0x00000b09
core   0: 0x80002a12 (0x00000622) c.slli  a2, 8
core   0: 3 0x80002a12 (0x0622) x12 0x000b0900
core   0: 0x80002a14 (0x0000060d) c.addi  a2, 3
core   0: 3 0x80002a14 (0x060d) x12 0x000b0903
core   0: 0x80002a16 (0x00cd2023) sw      a2, 0(s10)
core   0: 3 0x80002a16 (0x00cd2023) mem 0x8ffffffc 0x000b0903
core   0: 0x80002a1a (0xb0902673) csrr    a2, mhpmcounter9
core   0: 3 0x80002a1a (0xb0902673) x12 0x00000044
core   0: 0x80002a1e (0x00cd2023) sw      a2, 0(s10)
core   0: 3 0x80002a1e (0x00cd2023) mem 0x8ffffffc 0x00000044
core   0: 0x80002a22 (0x90000d37) lui     s10, 0x90000
core   0: 3 0x80002a22 (0x90000d37) x26 0x90000000
core   0: 0x80002a26 (0x00001d71) c.addi  s10, -4
core   0: 3 0x80002a26 (0x1d71) x26 0x8ffffffc
core   0: 0x80002a28 (0x00006605) c.lui   a2, 0x1
core   0: 3 0x80002a28 (0x6605) x12 0x00001000
core   0: 0x80002a2a (0xb8960613) addi    a2, a2, -1143
core   0: 3 0x80002a2a (0xb8960613) x12 0x00000b89
core   0: 0x80002a2e (0x00000622) c.slli  a2, 8
core   0: 3 0x80002a2e (0x0622) x12 0x000b8900
core   0: 0x80002a30 (0x0000060d) c.addi  a2, 3
core   0: 3 0x80002a30 (0x060d) x12 0x000b8903
core   0: 0x80002a32 (0x00cd2023) sw      a2, 0(s10)
core   0: 3 0x80002a32 (0x00cd2023) mem 0x8ffffffc 0x000b8903
core   0: 0x80002a36 (0xb8902673) csrr    a2, mhpmcounter9h
core   0: 3 0x80002a36 (0xb8902673) x12 0x00000000
core   0: 0x80002a3a (0x00cd2023) sw      a2, 0(s10)
core   0: 3 0x80002a3a (0x00cd2023) mem 0x8ffffffc 0x00000000
core   0: 0x80002a3e (0x90000d37) lui     s10, 0x90000
core   0: 3 0x80002a3e (0x90000d37) x26 0x90000000
core   0: 0x80002a42 (0x00001d71) c.addi  s10, -4
core   0: 3 0x80002a42 (0x1d71) x26 0x8ffffffc
core   0: 0x80002a44 (0x00006605) c.lui   a2, 0x1
core   0: 3 0x80002a44 (0x6605) x12 0x00001000
core   0: 0x80002a46 (0xb0a60613) addi    a2, a2, -1270
core   0: 3 0x80002a46 (0xb0a60613) x12 0x00000b0a
core   0: 0x80002a4a (0x00000622) c.slli  a2, 8
core   0: 3 0x80002a4a (0x0622) x12 0x000b0a00
core   0: 0x80002a4c (0x0000060d) c.addi  a2, 3
core   0: 3 0x80002a4c (0x060d) x12 0x000b0a03
core   0: 0x80002a4e (0x00cd2023) sw      a2, 0(s10)
core   0: 3 0x80002a4e (0x00cd2023) mem 0x8ffffffc 0x000b0a03
core   0: 0x80002a52 (0xb0a02673) csrr    a2, mhpmcounter10
core   0: 3 0x80002a52 (0xb0a02673) x12 0x000002ab
core   0: 0x80002a56 (0x00cd2023) sw      a2, 0(s10)
core   0: 3 0x80002a56 (0x00cd2023) mem 0x8ffffffc 0x000002ab
core   0: 0x80002a5a (0x90000d37) lui     s10, 0x90000
core   0: 3 0x80002a5a (0x90000d37) x26 0x90000000
core   0: 0x80002a5e (0x00001d71) c.addi  s10, -4
core   0: 3 0x80002a5e (0x1d71) x26 0x8ffffffc
core   0: 0x80002a60 (0x00006605) c.lui   a2, 0x1
core   0: 3 0x80002a60 (0x6605) x12 0x00001000
core   0: 0x80002a62 (0xb8a60613) addi    a2, a2, -1142
core   0: 3 0x80002a62 (0xb8a60613) x12 0x00000b8a
core   0: 0x80002a66 (0x00000622) c.slli  a2, 8
core   0: 3 0x80002a66 (0x0622) x12 0x000b8a00
core   0: 0x80002a68 (0x0000060d) c.addi  a2, 3
core   0: 3 0x80002a68 (0x060d) x12 0x000b8a03
core   0: 0x80002a6a (0x00cd2023) sw      a2, 0(s10)
core   0: 3 0x80002a6a (0x00cd2023) mem 0x8ffffffc 0x000b8a03
core   0: 0x80002a6e (0xb8a02673) csrr    a2, mhpmcounter10h
core   0: 3 0x80002a6e (0xb8a02673) x12 0x00000000
core   0: 0x80002a72 (0x00cd2023) sw      a2, 0(s10)
core   0: 3 0x80002a72 (0x00cd2023) mem 0x8ffffffc 0x00000000
core   0: 0x80002a76 (0x90000d37) lui     s10, 0x90000
core   0: 3 0x80002a76 (0x90000d37) x26 0x90000000
core   0: 0x80002a7a (0x00001d71) c.addi  s10, -4
core   0: 3 0x80002a7a (0x1d71) x26 0x8ffffffc
core   0: 0x80002a7c (0x00006605) c.lui   a2, 0x1
core   0: 3 0x80002a7c (0x6605) x12 0x00001000
core   0: 0x80002a7e (0xb0b60613) addi    a2, a2, -1269
core   0: 3 0x80002a7e (0xb0b60613) x12 0x00000b0b
core   0: 0x80002a82 (0x00000622) c.slli  a2, 8
core   0: 3 0x80002a82 (0x0622) x12 0x000b0b00
core   0: 0x80002a84 (0x0000060d) c.addi  a2, 3
core   0: 3 0x80002a84 (0x060d) x12 0x000b0b03
core   0: 0x80002a86 (0x00cd2023) sw      a2, 0(s10)
core   0: 3 0x80002a86 (0x00cd2023) mem 0x8ffffffc 0x000b0b03
core   0: 0x80002a8a (0xb0b02673) csrr    a2, mhpmcounter11
core   0: 3 0x80002a8a (0xb0b02673) x12 0x00000000
core   0: 0x80002a8e (0x00cd2023) sw      a2, 0(s10)
core   0: 3 0x80002a8e (0x00cd2023) mem 0x8ffffffc 0x00000000
core   0: 0x80002a92 (0x90000d37) lui     s10, 0x90000
core   0: 3 0x80002a92 (0x90000d37) x26 0x90000000
core   0: 0x80002a96 (0x00001d71) c.addi  s10, -4
core   0: 3 0x80002a96 (0x1d71) x26 0x8ffffffc
core   0: 0x80002a98 (0x00006605) c.lui   a2, 0x1
core   0: 3 0x80002a98 (0x6605) x12 0x00001000
core   0: 0x80002a9a (0xb8b60613) addi    a2, a2, -1141
core   0: 3 0x80002a9a (0xb8b60613) x12 0x00000b8b
core   0: 0x80002a9e (0x00000622) c.slli  a2, 8
core   0: 3 0x80002a9e (0x0622) x12 0x000b8b00
core   0: 0x80002aa0 (0x0000060d) c.addi  a2, 3
core   0: 3 0x80002aa0 (0x060d) x12 0x000b8b03
core   0: 0x80002aa2 (0x00cd2023) sw      a2, 0(s10)
core   0: 3 0x80002aa2 (0x00cd2023) mem 0x8ffffffc 0x000b8b03
core   0: 0x80002aa6 (0xb8b02673) csrr    a2, mhpmcounter11h
core   0: 3 0x80002aa6 (0xb8b02673) x12 0x00000000
core   0: 0x80002aaa (0x00cd2023) sw      a2, 0(s10)
core   0: 3 0x80002aaa (0x00cd2023) mem 0x8ffffffc 0x00000000
core   0: 0x80002aae (0x90000d37) lui     s10, 0x90000
core   0: 3 0x80002aae (0x90000d37) x26 0x90000000
core   0: 0x80002ab2 (0x00001d71) c.addi  s10, -4
core   0: 3 0x80002ab2 (0x1d71) x26 0x8ffffffc
core   0: 0x80002ab4 (0x00006605) c.lui   a2, 0x1
core   0: 3 0x80002ab4 (0x6605) x12 0x00001000
core   0: 0x80002ab6 (0xb0c60613) addi    a2, a2, -1268
core   0: 3 0x80002ab6 (0xb0c60613) x12 0x00000b0c
core   0: 0x80002aba (0x00000622) c.slli  a2, 8
core   0: 3 0x80002aba (0x0622) x12 0x000b0c00
core   0: 0x80002abc (0x0000060d) c.addi  a2, 3
core   0: 3 0x80002abc (0x060d) x12 0x000b0c03
core   0: 0x80002abe (0x00cd2023) sw      a2, 0(s10)
core   0: 3 0x80002abe (0x00cd2023) mem 0x8ffffffc 0x000b0c03
core   0: 0x80002ac2 (0xb0c02673) csrr    a2, mhpmcounter12
core   0: 3 0x80002ac2 (0xb0c02673) x12 0x00000000
core   0: 0x80002ac6 (0x00cd2023) sw      a2, 0(s10)
core   0: 3 0x80002ac6 (0x00cd2023) mem 0x8ffffffc 0x00000000
core   0: 0x80002aca (0x90000d37) lui     s10, 0x90000
core   0: 3 0x80002aca (0x90000d37) x26 0x90000000
core   0: 0x80002ace (0x00001d71) c.addi  s10, -4
core   0: 3 0x80002ace (0x1d71) x26 0x8ffffffc
core   0: 0x80002ad0 (0x00006605) c.lui   a2, 0x1
core   0: 3 0x80002ad0 (0x6605) x12 0x00001000
core   0: 0x80002ad2 (0xb8c60613) addi    a2, a2, -1140
core   0: 3 0x80002ad2 (0xb8c60613) x12 0x00000b8c
core   0: 0x80002ad6 (0x00000622) c.slli  a2, 8
core   0: 3 0x80002ad6 (0x0622) x12 0x000b8c00
core   0: 0x80002ad8 (0x0000060d) c.addi  a2, 3
core   0: 3 0x80002ad8 (0x060d) x12 0x000b8c03
core   0: 0x80002ada (0x00cd2023) sw      a2, 0(s10)
core   0: 3 0x80002ada (0x00cd2023) mem 0x8ffffffc 0x000b8c03
core   0: 0x80002ade (0xb8c02673) csrr    a2, mhpmcounter12h
core   0: 3 0x80002ade (0xb8c02673) x12 0x00000000
core   0: 0x80002ae2 (0x00cd2023) sw      a2, 0(s10)
core   0: 3 0x80002ae2 (0x00cd2023) mem 0x8ffffffc 0x00000000
core   0: 0x80002ae6 (0xffffd617) auipc   a2, 0xffffd
core   0: 3 0x80002ae6 (0xffffd617) x12 0x7ffffae6
core   0: 0x80002aea (0x59a60613) addi    a2, a2, 1434
core   0: 3 0x80002aea (0x59a60613) x12 0x80000080
core   0: 0x80002aee (0x00062023) sw      zero, 0(a2)
core   0: 3 0x80002aee (0x00062023) mem 0x80000080 0x00000000
core   0: 0x80002af2 (0x00162223) sw      ra, 4(a2)
core   0: 3 0x80002af2 (0x00162223) mem 0x80000084 0x80000000
core   0: 0x80002af6 (0x00262423) sw      sp, 8(a2)
core   0: 3 0x80002af6 (0x00262423) mem 0x80000088 0x4f707fa4
core   0: 0x80002afa (0x00362623) sw      gp, 12(a2)
core   0: 3 0x80002afa (0x00362623) mem 0x8000008c 0x9fccf78b
core   0: 0x80002afe (0x00462823) sw      tp, 16(a2)
core   0: 3 0x80002afe (0x00462823) mem 0x80000090 0x00000005
core   0: 0x80002b02 (0x00562a23) sw      t0, 20(a2)
core   0: 3 0x80002b02 (0x00562a23) mem 0x80000094 0x80000000
core   0: 0x80002b06 (0x00662c23) sw      t1, 24(a2)
core   0: 3 0x80002b06 (0x00662c23) mem 0x80000098 0xe4fb7214
core   0: 0x80002b0a (0x00762e23) sw      t2, 28(a2)
core   0: 3 0x80002b0a (0x00762e23) mem 0x8000009c 0x00000002
core   0: 0x80002b0e (0x0000d200) c.sw    s0, 32(a2)
core   0: 3 0x80002b0e (0xd200) mem 0x800000a0 0x00000000
core   0: 0x80002b10 (0x0000d244) c.sw    s1, 36(a2)
core   0: 3 0x80002b10 (0xd244) mem 0x800000a4 0x8002cbdc
core   0: 0x80002b12 (0x0000d608) c.sw    a0, 40(a2)
core   0: 3 0x80002b12 (0xd608) mem 0x800000a8 0xf6f657b1
core   0: 0x80002b14 (0x0000d64c) c.sw    a1, 44(a2)
core   0: 3 0x80002b14 (0xd64c) mem 0x800000ac 0x23ffffff
core   0: 0x80002b16 (0x0000da10) c.sw    a2, 48(a2)
core   0: 3 0x80002b16 (0xda10) mem 0x800000b0 0x80000080
core   0: 0x80002b18 (0x0000da54) c.sw    a3, 52(a2)
core   0: 3 0x80002b18 (0xda54) mem 0x800000b4 0x80000000
core   0: 0x80002b1a (0x0000de18) c.sw    a4, 56(a2)
core   0: 3 0x80002b1a (0xde18) mem 0x800000b8 0x80000000
core   0: 0x80002b1c (0x0000de5c) c.sw    a5, 60(a2)
core   0: 3 0x80002b1c (0xde5c) mem 0x800000bc 0x00000009
core   0: 0x80002b1e (0x05062023) sw      a6, 64(a2)
core   0: 3 0x80002b1e (0x05062023) mem 0x800000c0 0x00000000
core   0: 0x80002b22 (0x05162223) sw      a7, 68(a2)
core   0: 3 0x80002b22 (0x05162223) mem 0x800000c4 0x0000000a
core   0: 0x80002b26 (0x05262423) sw      s2, 72(a2)
core   0: 3 0x80002b26 (0x05262423) mem 0x800000c8 0x35994c01
core   0: 0x80002b2a (0x05362623) sw      s3, 76(a2)
core   0: 3 0x80002b2a (0x05362623) mem 0x800000cc 0x00000007
core   0: 0x80002b2e (0x05462823) sw      s4, 80(a2)
core   0: 3 0x80002b2e (0x05462823) mem 0x800000d0 0x0000000f
core   0: 0x80002b32 (0x05562a23) sw      s5, 84(a2)
core   0: 3 0x80002b32 (0x05562a23) mem 0x800000d4 0x00000006
core   0: 0x80002b36 (0x05662c23) sw      s6, 88(a2)
core   0: 3 0x80002b36 (0x05662c23) mem 0x800000d8 0x20009d0b
core   0: 0x80002b3a (0x05762e23) sw      s7, 92(a2)
core   0: 3 0x80002b3a (0x05762e23) mem 0x800000dc 0xf75356fd
core   0: 0x80002b3e (0x07862023) sw      s8, 96(a2)
core   0: 3 0x80002b3e (0x07862023) mem 0x800000e0 0xf61b487c
core   0: 0x80002b42 (0x07962223) sw      s9, 100(a2)
core   0: 3 0x80002b42 (0x07962223) mem 0x800000e4 0x00000000
core   0: 0x80002b46 (0x07a62423) sw      s10, 104(a2)
core   0: 3 0x80002b46 (0x07a62423) mem 0x800000e8 0x8ffffffc
core   0: 0x80002b4a (0x07b62623) sw      s11, 108(a2)
core   0: 3 0x80002b4a (0x07b62623) mem 0x800000ec 0x65d29101
core   0: 0x80002b4e (0x07c62823) sw      t3, 112(a2)
core   0: 3 0x80002b4e (0x07c62823) mem 0x800000f0 0x0000000f
core   0: 0x80002b52 (0x07d62a23) sw      t4, 116(a2)
core   0: 3 0x80002b52 (0x07d62a23) mem 0x800000f4 0x00000010
core   0: 0x80002b56 (0x07e62c23) sw      t5, 120(a2)
core   0: 3 0x80002b56 (0x07e62c23) mem 0x800000f8 0x8002cbdc
core   0: 0x80002b5a (0x07f62e23) sw      t6, 124(a2)
core   0: 3 0x80002b5a (0x07f62e23) mem 0x800000fc 0x0f0f0f0f
core   0: 0x80002b5e (0x34102673) csrr    a2, mepc
core   0: 3 0x80002b5e (0x34102673) x12 0x800005ea
core   0: 0x80002b62 (0x00000611) c.addi  a2, 4
core   0: 3 0x80002b62 (0x0611) x12 0x800005ee
core   0: 0x80002b64 (0x34161073) csrw    mepc, a2
core   0: 3 0x80002b64 (0x34161073) c833_mepc 0x800005ee
core   0: 0x80002b68 (0x30200073) mret
core   0: 3 0x80002b68 (0x30200073) c768_mstatus 0x00000080
core   0: 0x800005ee (0x90000d37) lui     s10, 0x90000
core   0: 3 0x800005ee (0x90000d37) x26 0x90000000
core   0: 0x800005f2 (0x00001d61) c.addi  s10, -8
core   0: 3 0x800005f2 (0x1d61) x26 0x8ffffff8
core   0: 0x800005f4 (0x00004605) c.li    a2, 1
core   0: 3 0x800005f4 (0x4605) x12 0x00000001
core   0: 0x800005f6 (0x00000622) c.slli  a2, 8
core   0: 3 0x800005f6 (0x0622) x12 0x00000100
core   0: 0x800005f8 (0x00000605) c.addi  a2, 1
core   0: 3 0x800005f8 (0x0605) x12 0x00000101
core   0: 0x800005fa (0x00cd2023) sw      a2, 0(s10)
core   0: 3 0x800005fa (0x00cd2023) mem 0x8ffffff8 0x00000101
core   0: 0x800005fe (0x00000073) ecall
core   0: exception trap_machine_ecall, epc 0x800005fe
core   0: 0x80002700 (0x0800006f) j       pc + 0x80
core   0: 3 0x80002700 (0x0800006f)
core   0: 0x80002780 (0x00001f71) c.addi  t5, -4
core   0: 3 0x80002780 (0x1f71) x30 0x8002cbd8
core   0: 0x80002782 (0x009f2023) sw      s1, 0(t5)
core   0: 3 0x80002782 (0x009f2023) mem 0x8002cbd8 0x8002cbdc
core   0: 0x80002786 (0x000f04b3) add     s1, t5, zero
core   0: 3 0x80002786 (0x000f04b3) x9  0x8002cbd8
core   0: 0x8000278a (0xf8048493) addi    s1, s1, -128
core   0: 3 0x8000278a (0xf8048493) x9  0x8002cb58
core   0: 0x8000278e (0x0014a223) sw      ra, 4(s1)
core   0: 3 0x8000278e (0x0014a223) mem 0x8002cb5c 0x80000000
core   0: 0x80002792 (0x0024a423) sw      sp, 8(s1)
core   0: 3 0x80002792 (0x0024a423) mem 0x8002cb60 0x4f707fa4
core   0: 0x80002796 (0x0034a623) sw      gp, 12(s1)
core   0: 3 0x80002796 (0x0034a623) mem 0x8002cb64 0x9fccf78b
core   0: 0x8000279a (0x0044a823) sw      tp, 16(s1)
core   0: 3 0x8000279a (0x0044a823) mem 0x8002cb68 0x00000005
core   0: 0x8000279e (0x0054aa23) sw      t0, 20(s1)
core   0: 3 0x8000279e (0x0054aa23) mem 0x8002cb6c 0x80000000
core   0: 0x800027a2 (0x0064ac23) sw      t1, 24(s1)
core   0: 3 0x800027a2 (0x0064ac23) mem 0x8002cb70 0xe4fb7214
core   0: 0x800027a6 (0x0074ae23) sw      t2, 28(s1)
core   0: 3 0x800027a6 (0x0074ae23) mem 0x8002cb74 0x00000002
core   0: 0x800027aa (0x0000d080) c.sw    s0, 32(s1)
core   0: 3 0x800027aa (0xd080) mem 0x8002cb78 0x00000000
core   0: 0x800027ac (0x0000d0c4) c.sw    s1, 36(s1)
core   0: 3 0x800027ac (0xd0c4) mem 0x8002cb7c 0x8002cb58
core   0: 0x800027ae (0x0000d488) c.sw    a0, 40(s1)
core   0: 3 0x800027ae (0xd488) mem 0x8002cb80 0xf6f657b1
core   0: 0x800027b0 (0x0000d4cc) c.sw    a1, 44(s1)
core   0: 3 0x800027b0 (0xd4cc) mem 0x8002cb84 0x23ffffff
core   0: 0x800027b2 (0x0000d890) c.sw    a2, 48(s1)
core   0: 3 0x800027b2 (0xd890) mem 0x8002cb88 0x00000101
core   0: 0x800027b4 (0x0000d8d4) c.sw    a3, 52(s1)
core   0: 3 0x800027b4 (0xd8d4) mem 0x8002cb8c 0x80000000
core   0: 0x800027b6 (0x0000dc98) c.sw    a4, 56(s1)
core   0: 3 0x800027b6 (0xdc98) mem 0x8002cb90 0x80000000
core   0: 0x800027b8 (0x0000dcdc) c.sw    a5, 60(s1)
core   0: 3 0x800027b8 (0xdcdc) mem 0x8002cb94 0x00000009
core   0: 0x800027ba (0x0504a023) sw      a6, 64(s1)
core   0: 3 0x800027ba (0x0504a023) mem 0x8002cb98 0x00000000
core   0: 0x800027be (0x0514a223) sw      a7, 68(s1)
core   0: 3 0x800027be (0x0514a223) mem 0x8002cb9c 0x0000000a
core   0: 0x800027c2 (0x0524a423) sw      s2, 72(s1)
core   0: 3 0x800027c2 (0x0524a423) mem 0x8002cba0 0x35994c01
core   0: 0x800027c6 (0x0534a623) sw      s3, 76(s1)
core   0: 3 0x800027c6 (0x0534a623) mem 0x8002cba4 0x00000007
core   0: 0x800027ca (0x0544a823) sw      s4, 80(s1)
core   0: 3 0x800027ca (0x0544a823) mem 0x8002cba8 0x0000000f
core   0: 0x800027ce (0x0554aa23) sw      s5, 84(s1)
core   0: 3 0x800027ce (0x0554aa23) mem 0x8002cbac 0x00000006
core   0: 0x800027d2 (0x0564ac23) sw      s6, 88(s1)
core   0: 3 0x800027d2 (0x0564ac23) mem 0x8002cbb0 0x20009d0b
core   0: 0x800027d6 (0x0574ae23) sw      s7, 92(s1)
core   0: 3 0x800027d6 (0x0574ae23) mem 0x8002cbb4 0xf75356fd
core   0: 0x800027da (0x0784a023) sw      s8, 96(s1)
core   0: 3 0x800027da (0x0784a023) mem 0x8002cbb8 0xf61b487c
core   0: 0x800027de (0x0794a223) sw      s9, 100(s1)
core   0: 3 0x800027de (0x0794a223) mem 0x8002cbbc 0x00000000
core   0: 0x800027e2 (0x07a4a423) sw      s10, 104(s1)
core   0: 3 0x800027e2 (0x07a4a423) mem 0x8002cbc0 0x8ffffff8
core   0: 0x800027e6 (0x07b4a623) sw      s11, 108(s1)
core   0: 3 0x800027e6 (0x07b4a623) mem 0x8002cbc4 0x65d29101
core   0: 0x800027ea (0x07c4a823) sw      t3, 112(s1)
core   0: 3 0x800027ea (0x07c4a823) mem 0x8002cbc8 0x0000000f
core   0: 0x800027ee (0x07d4aa23) sw      t4, 116(s1)
core   0: 3 0x800027ee (0x07d4aa23) mem 0x8002cbcc 0x00000010
core   0: 0x800027f2 (0x07e4ac23) sw      t5, 120(s1)
core   0: 3 0x800027f2 (0x07e4ac23) mem 0x8002cbd0 0x8002cbd8
core   0: 0x800027f6 (0x07f4ae23) sw      t6, 124(s1)
core   0: 3 0x800027f6 (0x07f4ae23) mem 0x8002cbd4 0x0f0f0f0f
core   0: 0x800027fa (0x00048f33) add     t5, s1, zero
core   0: 3 0x800027fa (0x00048f33) x30 0x8002cb58
core   0: 0x800027fe (0x90000d37) lui     s10, 0x90000
core   0: 3 0x800027fe (0x90000d37) x26 0x90000000
core   0: 0x80002802 (0x00001d71) c.addi  s10, -4
core   0: 3 0x80002802 (0x1d71) x26 0x8ffffffc
core   0: 0x80002804 (0x00004621) c.li    a2, 8
core   0: 3 0x80002804 (0x4621) x12 0x00000008
core   0: 0x80002806 (0x00000622) c.slli  a2, 8
core   0: 3 0x80002806 (0x0622) x12 0x00000800
core   0: 0x80002808 (0x00060613) mv      a2, a2
core   0: 3 0x80002808 (0x00060613) x12 0x00000800
core   0: 0x8000280c (0x00cd2023) sw      a2, 0(s10)
core   0: 3 0x8000280c (0x00cd2023) mem 0x8ffffffc 0x00000800
core   0: 0x80002810 (0x34102673) csrr    a2, mepc
core   0: 3 0x80002810 (0x34102673) x12 0x800005fe
core   0: 0x80002814 (0x34202673) csrr    a2, mcause
core   0: 3 0x80002814 (0x34202673) x12 0x0000000b
core   0: 0x80002818 (0x00004d0d) c.li    s10, 3
core   0: 3 0x80002818 (0x4d0d) x26 0x00000003
core   0: 0x8000281a (0x01a61463) bne     a2, s10, pc + 8
core   0: 3 0x8000281a (0x01a61463)
core   0: 0x80002822 (0x00004d21) c.li    s10, 8
core   0: 3 0x80002822 (0x4d21) x26 0x00000008
core   0: 0x80002824 (0x05a60d63) beq     a2, s10, pc + 90
core   0: 3 0x80002824 (0x05a60d63)
core   0: 0x80002828 (0x00004d25) c.li    s10, 9
core   0: 3 0x80002828 (0x4d25) x26 0x00000009
core   0: 0x8000282a (0x05a60a63) beq     a2, s10, pc + 84
core   0: 3 0x8000282a (0x05a60a63)
core   0: 0x8000282e (0x00004d2d) c.li    s10, 11
core   0: 3 0x8000282e (0x4d2d) x26 0x0000000b
core   0: 0x80002830 (0x05a60763) beq     a2, s10, pc + 78
core   0: 3 0x80002830 (0x05a60763)
core   0: 0x8000287e (0x90000d37) lui     s10, 0x90000
core   0: 3 0x8000287e (0x90000d37) x26 0x90000000
core   0: 0x80002882 (0x00001d71) c.addi  s10, -4
core   0: 3 0x80002882 (0x1d71) x26 0x8ffffffc
core   0: 0x80002884 (0x00006605) c.lui   a2, 0x1
core   0: 3 0x80002884 (0x6605) x12 0x00001000
core   0: 0x80002886 (0xb0060613) addi    a2, a2, -1280
core   0: 3 0x80002886 (0xb0060613) x12 0x00000b00
core   0: 0x8000288a (0x00000622) c.slli  a2, 8
core   0: 3 0x8000288a (0x0622) x12 0x000b0000
core   0: 0x8000288c (0x0000060d) c.addi  a2, 3
core   0: 3 0x8000288c (0x060d) x12 0x000b0003
core   0: 0x8000288e (0x00cd2023) sw      a2, 0(s10)
core   0: 3 0x8000288e (0x00cd2023) mem 0x8ffffffc 0x000b0003
core   0: 0x80002892 (0xb0002673) csrr    a2, mcycle
core   0: 3 0x80002892 (0xb0002673) x12 0x00001cc8
core   0: 0x80002896 (0x00cd2023) sw      a2, 0(s10)
core   0: 3 0x80002896 (0x00cd2023) mem 0x8ffffffc 0x00001cc8
core   0: 0x8000289a (0x90000d37) lui     s10, 0x90000
core   0: 3 0x8000289a (0x90000d37) x26 0x90000000
core   0: 0x8000289e (0x00001d71) c.addi  s10, -4
core   0: 3 0x8000289e (0x1d71) x26 0x8ffffffc
core   0: 0x800028a0 (0x00006605) c.lui   a2, 0x1
core   0: 3 0x800028a0 (0x6605) x12 0x00001000
core   0: 0x800028a2 (0xb8060613) addi    a2, a2, -1152
core   0: 3 0x800028a2 (0xb8060613) x12 0x00000b80
core   0: 0x800028a6 (0x00000622) c.slli  a2, 8
core   0: 3 0x800028a6 (0x0622) x12 0x000b8000
core   0: 0x800028a8 (0x0000060d) c.addi  a2, 3
core   0: 3 0x800028a8 (0x060d) x12 0x000b8003
core   0: 0x800028aa (0x00cd2023) sw      a2, 0(s10)
core   0: 3 0x800028aa (0x00cd2023) mem 0x8ffffffc 0x000b8003
core   0: 0x800028ae (0xb8002673) csrr    a2, mcycleh
core   0: 3 0x800028ae (0xb8002673) x12 0x00000000
core   0: 0x800028b2 (0x00cd2023) sw      a2, 0(s10)
core   0: 3 0x800028b2 (0x00cd2023) mem 0x8ffffffc 0x00000000
core   0: 0x800028b6 (0x90000d37) lui     s10, 0x90000
core   0: 3 0x800028b6 (0x90000d37) x26 0x90000000
core   0: 0x800028ba (0x00001d71) c.addi  s10, -4
core   0: 3 0x800028ba (0x1d71) x26 0x8ffffffc
core   0: 0x800028bc (0x00006605) c.lui   a2, 0x1
core   0: 3 0x800028bc (0x6605) x12 0x00001000
core   0: 0x800028be (0xb0360613) addi    a2, a2, -1277
core   0: 3 0x800028be (0xb0360613) x12 0x00000b03
core   0: 0x800028c2 (0x00000622) c.slli  a2, 8
core   0: 3 0x800028c2 (0x0622) x12 0x000b0300
core   0: 0x800028c4 (0x0000060d) c.addi  a2, 3
core   0: 3 0x800028c4 (0x060d) x12 0x000b0303
core   0: 0x800028c6 (0x00cd2023) sw      a2, 0(s10)
core   0: 3 0x800028c6 (0x00cd2023) mem 0x8ffffffc 0x000b0303
core   0: 0x800028ca (0xb0302673) csrr    a2, mhpmcounter3
core   0: 3 0x800028ca (0xb0302673) x12 0x00000302
core   0: 0x800028ce (0x00cd2023) sw      a2, 0(s10)
core   0: 3 0x800028ce (0x00cd2023) mem 0x8ffffffc 0x00000302
core   0: 0x800028d2 (0x90000d37) lui     s10, 0x90000
core   0: 3 0x800028d2 (0x90000d37) x26 0x90000000
core   0: 0x800028d6 (0x00001d71) c.addi  s10, -4
core   0: 3 0x800028d6 (0x1d71) x26 0x8ffffffc
core   0: 0x800028d8 (0x00006605) c.lui   a2, 0x1
core   0: 3 0x800028d8 (0x6605) x12 0x00001000
core   0: 0x800028da (0xb8360613) addi    a2, a2, -1149
core   0: 3 0x800028da (0xb8360613) x12 0x00000b83
core   0: 0x800028de (0x00000622) c.slli  a2, 8
core   0: 3 0x800028de (0x0622) x12 0x000b8300
core   0: 0x800028e0 (0x0000060d) c.addi  a2, 3
core   0: 3 0x800028e0 (0x060d) x12 0x000b8303
core   0: 0x800028e2 (0x00cd2023) sw      a2, 0(s10)
core   0: 3 0x800028e2 (0x00cd2023) mem 0x8ffffffc 0x000b8303
core   0: 0x800028e6 (0xb8302673) csrr    a2, mhpmcounter3h
core   0: 3 0x800028e6 (0xb8302673) x12 0x00000000
core   0: 0x800028ea (0x00cd2023) sw      a2, 0(s10)
core   0: 3 0x800028ea (0x00cd2023) mem 0x8ffffffc 0x00000000
core   0: 0x800028ee (0x90000d37) lui     s10, 0x90000
core   0: 3 0x800028ee (0x90000d37) x26 0x90000000
core   0: 0x800028f2 (0x00001d71) c.addi  s10, -4
core   0: 3 0x800028f2 (0x1d71) x26 0x8ffffffc
core   0: 0x800028f4 (0x00006605) c.lui   a2, 0x1
core   0: 3 0x800028f4 (0x6605) x12 0x00001000
core   0: 0x800028f6 (0xb0460613) addi    a2, a2, -1276
core   0: 3 0x800028f6 (0xb0460613) x12 0x00000b04
core   0: 0x800028fa (0x00000622) c.slli  a2, 8
core   0: 3 0x800028fa (0x0622) x12 0x000b0400
core   0: 0x800028fc (0x0000060d) c.addi  a2, 3
core   0: 3 0x800028fc (0x060d) x12 0x000b0403
core   0: 0x800028fe (0x00cd2023) sw      a2, 0(s10)
core   0: 3 0x800028fe (0x00cd2023) mem 0x8ffffffc 0x000b0403
core   0: 0x80002902 (0xb0402673) csrr    a2, mhpmcounter4
core   0: 3 0x80002902 (0xb0402673) x12 0x00000bea
core   0: 0x80002906 (0x00cd2023) sw      a2, 0(s10)
core   0: 3 0x80002906 (0x00cd2023) mem 0x8ffffffc 0x00000bea
core   0: 0x8000290a (0x90000d37) lui     s10, 0x90000
core   0: 3 0x8000290a (0x90000d37) x26 0x90000000
core   0: 0x8000290e (0x00001d71) c.addi  s10, -4
core   0: 3 0x8000290e (0x1d71) x26 0x8ffffffc
core   0: 0x80002910 (0x00006605) c.lui   a2, 0x1
core   0: 3 0x80002910 (0x6605) x12 0x00001000
core   0: 0x80002912 (0xb8460613) addi    a2, a2, -1148
core   0: 3 0x80002912 (0xb8460613) x12 0x00000b84
core   0: 0x80002916 (0x00000622) c.slli  a2, 8
core   0: 3 0x80002916 (0x0622) x12 0x000b8400
core   0: 0x80002918 (0x0000060d) c.addi  a2, 3
core   0: 3 0x80002918 (0x060d) x12 0x000b8403
core   0: 0x8000291a (0x00cd2023) sw      a2, 0(s10)
core   0: 3 0x8000291a (0x00cd2023) mem 0x8ffffffc 0x000b8403
core   0: 0x8000291e (0xb8402673) csrr    a2, mhpmcounter4h
core   0: 3 0x8000291e (0xb8402673) x12 0x00000000
core   0: 0x80002922 (0x00cd2023) sw      a2, 0(s10)
core   0: 3 0x80002922 (0x00cd2023) mem 0x8ffffffc 0x00000000
core   0: 0x80002926 (0x90000d37) lui     s10, 0x90000
core   0: 3 0x80002926 (0x90000d37) x26 0x90000000
core   0: 0x8000292a (0x00001d71) c.addi  s10, -4
core   0: 3 0x8000292a (0x1d71) x26 0x8ffffffc
core   0: 0x8000292c (0x00006605) c.lui   a2, 0x1
core   0: 3 0x8000292c (0x6605) x12 0x00001000
core   0: 0x8000292e (0xb0560613) addi    a2, a2, -1275
core   0: 3 0x8000292e (0xb0560613) x12 0x00000b05
core   0: 0x80002932 (0x00000622) c.slli  a2, 8
core   0: 3 0x80002932 (0x0622) x12 0x000b0500
core   0: 0x80002934 (0x0000060d) c.addi  a2, 3
core   0: 3 0x80002934 (0x060d) x12 0x000b0503
core   0: 0x80002936 (0x00cd2023) sw      a2, 0(s10)
core   0: 3 0x80002936 (0x00cd2023) mem 0x8ffffffc 0x000b0503
core   0: 0x8000293a (0xb0502673) csrr    a2, mhpmcounter5
core   0: 3 0x8000293a (0xb0502673) x12 0x00000000
core   0: 0x8000293e (0x00cd2023) sw      a2, 0(s10)
core   0: 3 0x8000293e (0x00cd2023) mem 0x8ffffffc 0x00000000
core   0: 0x80002942 (0x90000d37) lui     s10, 0x90000
core   0: 3 0x80002942 (0x90000d37) x26 0x90000000
core   0: 0x80002946 (0x00001d71) c.addi  s10, -4
core   0: 3 0x80002946 (0x1d71) x26 0x8ffffffc
core   0: 0x80002948 (0x00006605) c.lui   a2, 0x1
core   0: 3 0x80002948 (0x6605) x12 0x00001000
core   0: 0x8000294a (0xb8560613) addi    a2, a2, -1147
core   0: 3 0x8000294a (0xb8560613) x12 0x00000b85
core   0: 0x8000294e (0x00000622) c.slli  a2, 8
core   0: 3 0x8000294e (0x0622) x12 0x000b8500
core   0: 0x80002950 (0x0000060d) c.addi  a2, 3
core   0: 3 0x80002950 (0x060d) x12 0x000b8503
core   0: 0x80002952 (0x00cd2023) sw      a2, 0(s10)
core   0: 3 0x80002952 (0x00cd2023) mem 0x8ffffffc 0x000b8503
core   0: 0x80002956 (0xb8502673) csrr    a2, mhpmcounter5h
core   0: 3 0x80002956 (0xb8502673) x12 0x00000000
core   0: 0x8000295a (0x00cd2023) sw      a2, 0(s10)
core   0: 3 0x8000295a (0x00cd2023) mem 0x8ffffffc 0x00000000
core   0: 0x8000295e (0x90000d37) lui     s10, 0x90000
core   0: 3 0x8000295e (0x90000d37) x26 0x90000000
core   0: 0x80002962 (0x00001d71) c.addi  s10, -4
core   0: 3 0x80002962 (0x1d71) x26 0x8ffffffc
core   0: 0x80002964 (0x00006605) c.lui   a2, 0x1
core   0: 3 0x80002964 (0x6605) x12 0x00001000
core   0: 0x80002966 (0xb0660613) addi    a2, a2, -1274
core   0: 3 0x80002966 (0xb0660613) x12 0x00000b06
core   0: 0x8000296a (0x00000622) c.slli  a2, 8
core   0: 3 0x8000296a (0x0622) x12 0x000b0600
core   0: 0x8000296c (0x0000060d) c.addi  a2, 3
core   0: 3 0x8000296c (0x060d) x12 0x000b0603
core   0: 0x8000296e (0x00cd2023) sw      a2, 0(s10)
core   0: 3 0x8000296e (0x00cd2023) mem 0x8ffffffc 0x000b0603
core   0: 0x80002972 (0xb0602673) csrr    a2, mhpmcounter6
core   0: 3 0x80002972 (0xb0602673) x12 0x000000ca
core   0: 0x80002976 (0x00cd2023) sw      a2, 0(s10)
core   0: 3 0x80002976 (0x00cd2023) mem 0x8ffffffc 0x000000ca
core   0: 0x8000297a (0x90000d37) lui     s10, 0x90000
core   0: 3 0x8000297a (0x90000d37) x26 0x90000000
core   0: 0x8000297e (0x00001d71) c.addi  s10, -4
core   0: 3 0x8000297e (0x1d71) x26 0x8ffffffc
core   0: 0x80002980 (0x00006605) c.lui   a2, 0x1
core   0: 3 0x80002980 (0x6605) x12 0x00001000
core   0: 0x80002982 (0xb8660613) addi    a2, a2, -1146
core   0: 3 0x80002982 (0xb8660613) x12 0x00000b86
core   0: 0x80002986 (0x00000622) c.slli  a2, 8
core   0: 3 0x80002986 (0x0622) x12 0x000b8600
core   0: 0x80002988 (0x0000060d) c.addi  a2, 3
core   0: 3 0x80002988 (0x060d) x12 0x000b8603
core   0: 0x8000298a (0x00cd2023) sw      a2, 0(s10)
core   0: 3 0x8000298a (0x00cd2023) mem 0x8ffffffc 0x000b8603
core   0: 0x8000298e (0xb8602673) csrr    a2, mhpmcounter6h
core   0: 3 0x8000298e (0xb8602673) x12 0x00000000
core   0: 0x80002992 (0x00cd2023) sw      a2, 0(s10)
core   0: 3 0x80002992 (0x00cd2023) mem 0x8ffffffc 0x00000000
core   0: 0x80002996 (0x90000d37) lui     s10, 0x90000
core   0: 3 0x80002996 (0x90000d37) x26 0x90000000
core   0: 0x8000299a (0x00001d71) c.addi  s10, -4
core   0: 3 0x8000299a (0x1d71) x26 0x8ffffffc
core   0: 0x8000299c (0x00006605) c.lui   a2, 0x1
core   0: 3 0x8000299c (0x6605) x12 0x00001000
core   0: 0x8000299e (0xb0760613) addi    a2, a2, -1273
core   0: 3 0x8000299e (0xb0760613) x12 0x00000b07
core   0: 0x800029a2 (0x00000622) c.slli  a2, 8
core   0: 3 0x800029a2 (0x0622) x12 0x000b0700
core   0: 0x800029a4 (0x0000060d) c.addi  a2, 3
core   0: 3 0x800029a4 (0x060d) x12 0x000b0703
core   0: 0x800029a6 (0x00cd2023) sw      a2, 0(s10)
core   0: 3 0x800029a6 (0x00cd2023) mem 0x8ffffffc 0x000b0703
core   0: 0x800029aa (0xb0702673) csrr    a2, mhpmcounter7
core   0: 3 0x800029aa (0xb0702673) x12 0x00000024
core   0: 0x800029ae (0x00cd2023) sw      a2, 0(s10)
core   0: 3 0x800029ae (0x00cd2023) mem 0x8ffffffc 0x00000024
core   0: 0x800029b2 (0x90000d37) lui     s10, 0x90000
core   0: 3 0x800029b2 (0x90000d37) x26 0x90000000
core   0: 0x800029b6 (0x00001d71) c.addi  s10, -4
core   0: 3 0x800029b6 (0x1d71) x26 0x8ffffffc
core   0: 0x800029b8 (0x00006605) c.lui   a2, 0x1
core   0: 3 0x800029b8 (0x6605) x12 0x00001000
core   0: 0x800029ba (0xb8760613) addi    a2, a2, -1145
core   0: 3 0x800029ba (0xb8760613) x12 0x00000b87
core   0: 0x800029be (0x00000622) c.slli  a2, 8
core   0: 3 0x800029be (0x0622) x12 0x000b8700
core   0: 0x800029c0 (0x0000060d) c.addi  a2, 3
core   0: 3 0x800029c0 (0x060d) x12 0x000b8703
core   0: 0x800029c2 (0x00cd2023) sw      a2, 0(s10)
core   0: 3 0x800029c2 (0x00cd2023) mem 0x8ffffffc 0x000b8703
core   0: 0x800029c6 (0xb8702673) csrr    a2, mhpmcounter7h
core   0: 3 0x800029c6 (0xb8702673) x12 0x00000000
core   0: 0x800029ca (0x00cd2023) sw      a2, 0(s10)
core   0: 3 0x800029ca (0x00cd2023) mem 0x8ffffffc 0x00000000
core   0: 0x800029ce (0x90000d37) lui     s10, 0x90000
core   0: 3 0x800029ce (0x90000d37) x26 0x90000000
core   0: 0x800029d2 (0x00001d71) c.addi  s10, -4
core   0: 3 0x800029d2 (0x1d71) x26 0x8ffffffc
core   0: 0x800029d4 (0x00006605) c.lui   a2, 0x1
core   0: 3 0x800029d4 (0x6605) x12 0x00001000
core   0: 0x800029d6 (0xb0860613) addi    a2, a2, -1272
core   0: 3 0x800029d6 (0xb0860613) x12 0x00000b08
core   0: 0x800029da (0x00000622) c.slli  a2, 8
core   0: 3 0x800029da (0x0622) x12 0x000b0800
core   0: 0x800029dc (0x0000060d) c.addi  a2, 3
core   0: 3 0x800029dc (0x060d) x12 0x000b0803
core   0: 0x800029de (0x00cd2023) sw      a2, 0(s10)
core   0: 3 0x800029de (0x00cd2023) mem 0x8ffffffc 0x000b0803
core   0: 0x800029e2 (0xb0802673) csrr    a2, mhpmcounter8
core   0: 3 0x800029e2 (0xb0802673) x12 0x000000f8
core   0: 0x800029e6 (0x00cd2023) sw      a2, 0(s10)
core   0: 3 0x800029e6 (0x00cd2023) mem 0x8ffffffc 0x000000f8
core   0: 0x800029ea (0x90000d37) lui     s10, 0x90000
core   0: 3 0x800029ea (0x90000d37) x26 0x90000000
core   0: 0x800029ee (0x00001d71) c.addi  s10, -4
core   0: 3 0x800029ee (0x1d71) x26 0x8ffffffc
core   0: 0x800029f0 (0x00006605) c.lui   a2, 0x1
core   0: 3 0x800029f0 (0x6605) x12 0x00001000
core   0: 0x800029f2 (0xb8860613) addi    a2, a2, -1144
core   0: 3 0x800029f2 (0xb8860613) x12 0x00000b88
core   0: 0x800029f6 (0x00000622) c.slli  a2, 8
core   0: 3 0x800029f6 (0x0622) x12 0x000b8800
core   0: 0x800029f8 (0x0000060d) c.addi  a2, 3
core   0: 3 0x800029f8 (0x060d) x12 0x000b8803
core   0: 0x800029fa (0x00cd2023) sw      a2, 0(s10)
core   0: 3 0x800029fa (0x00cd2023) mem 0x8ffffffc 0x000b8803
core   0: 0x800029fe (0xb8802673) csrr    a2, mhpmcounter8h
core   0: 3 0x800029fe (0xb8802673) x12 0x00000000
core   0: 0x80002a02 (0x00cd2023) sw      a2, 0(s10)
core   0: 3 0x80002a02 (0x00cd2023) mem 0x8ffffffc 0x00000000
core   0: 0x80002a06 (0x90000d37) lui     s10, 0x90000
core   0: 3 0x80002a06 (0x90000d37) x26 0x90000000
core   0: 0x80002a0a (0x00001d71) c.addi  s10, -4
core   0: 3 0x80002a0a (0x1d71) x26 0x8ffffffc
core   0: 0x80002a0c (0x00006605) c.lui   a2, 0x1
core   0: 3 0x80002a0c (0x6605) x12 0x00001000
core   0: 0x80002a0e (0xb0960613) addi    a2, a2, -1271
core   0: 3 0x80002a0e (0xb0960613) x12 0x00000b09
core   0: 0x80002a12 (0x00000622) c.slli  a2, 8
core   0: 3 0x80002a12 (0x0622) x12 0x000b0900
core   0: 0x80002a14 (0x0000060d) c.addi  a2, 3
core   0: 3 0x80002a14 (0x060d) x12 0x000b0903
core   0: 0x80002a16 (0x00cd2023) sw      a2, 0(s10)
core   0: 3 0x80002a16 (0x00cd2023) mem 0x8ffffffc 0x000b0903
core   0: 0x80002a1a (0xb0902673) csrr    a2, mhpmcounter9
core   0: 3 0x80002a1a (0xb0902673) x12 0x00000046
core   0: 0x80002a1e (0x00cd2023) sw      a2, 0(s10)
core   0: 3 0x80002a1e (0x00cd2023) mem 0x8ffffffc 0x00000046
core   0: 0x80002a22 (0x90000d37) lui     s10, 0x90000
core   0: 3 0x80002a22 (0x90000d37) x26 0x90000000
core   0: 0x80002a26 (0x00001d71) c.addi  s10, -4
core   0: 3 0x80002a26 (0x1d71) x26 0x8ffffffc
core   0: 0x80002a28 (0x00006605) c.lui   a2, 0x1
core   0: 3 0x80002a28 (0x6605) x12 0x00001000
core   0: 0x80002a2a (0xb8960613) addi    a2, a2, -1143
core   0: 3 0x80002a2a (0xb8960613) x12 0x00000b89
core   0: 0x80002a2e (0x00000622) c.slli  a2, 8
core   0: 3 0x80002a2e (0x0622) x12 0x000b8900
core   0: 0x80002a30 (0x0000060d) c.addi  a2, 3
core   0: 3 0x80002a30 (0x060d) x12 0x000b8903
core   0: 0x80002a32 (0x00cd2023) sw      a2, 0(s10)
core   0: 3 0x80002a32 (0x00cd2023) mem 0x8ffffffc 0x000b8903
core   0: 0x80002a36 (0xb8902673) csrr    a2, mhpmcounter9h
core   0: 3 0x80002a36 (0xb8902673) x12 0x00000000
core   0: 0x80002a3a (0x00cd2023) sw      a2, 0(s10)
core   0: 3 0x80002a3a (0x00cd2023) mem 0x8ffffffc 0x00000000
core   0: 0x80002a3e (0x90000d37) lui     s10, 0x90000
core   0: 3 0x80002a3e (0x90000d37) x26 0x90000000
core   0: 0x80002a42 (0x00001d71) c.addi  s10, -4
core   0: 3 0x80002a42 (0x1d71) x26 0x8ffffffc
core   0: 0x80002a44 (0x00006605) c.lui   a2, 0x1
core   0: 3 0x80002a44 (0x6605) x12 0x00001000
core   0: 0x80002a46 (0xb0a60613) addi    a2, a2, -1270
core   0: 3 0x80002a46 (0xb0a60613) x12 0x00000b0a
core   0: 0x80002a4a (0x00000622) c.slli  a2, 8
core   0: 3 0x80002a4a (0x0622) x12 0x000b0a00
core   0: 0x80002a4c (0x0000060d) c.addi  a2, 3
core   0: 3 0x80002a4c (0x060d) x12 0x000b0a03
core   0: 0x80002a4e (0x00cd2023) sw      a2, 0(s10)
core   0: 3 0x80002a4e (0x00cd2023) mem 0x8ffffffc 0x000b0a03
core   0: 0x80002a52 (0xb0a02673) csrr    a2, mhpmcounter10
core   0: 3 0x80002a52 (0xb0a02673) x12 0x00000320
core   0: 0x80002a56 (0x00cd2023) sw      a2, 0(s10)
core   0: 3 0x80002a56 (0x00cd2023) mem 0x8ffffffc 0x00000320
core   0: 0x80002a5a (0x90000d37) lui     s10, 0x90000
core   0: 3 0x80002a5a (0x90000d37) x26 0x90000000
core   0: 0x80002a5e (0x00001d71) c.addi  s10, -4
core   0: 3 0x80002a5e (0x1d71) x26 0x8ffffffc
core   0: 0x80002a60 (0x00006605) c.lui   a2, 0x1
core   0: 3 0x80002a60 (0x6605) x12 0x00001000
core   0: 0x80002a62 (0xb8a60613) addi    a2, a2, -1142
core   0: 3 0x80002a62 (0xb8a60613) x12 0x00000b8a
core   0: 0x80002a66 (0x00000622) c.slli  a2, 8
core   0: 3 0x80002a66 (0x0622) x12 0x000b8a00
core   0: 0x80002a68 (0x0000060d) c.addi  a2, 3
core   0: 3 0x80002a68 (0x060d) x12 0x000b8a03
core   0: 0x80002a6a (0x00cd2023) sw      a2, 0(s10)
core   0: 3 0x80002a6a (0x00cd2023) mem 0x8ffffffc 0x000b8a03
core   0: 0x80002a6e (0xb8a02673) csrr    a2, mhpmcounter10h
core   0: 3 0x80002a6e (0xb8a02673) x12 0x00000000
core   0: 0x80002a72 (0x00cd2023) sw      a2, 0(s10)
core   0: 3 0x80002a72 (0x00cd2023) mem 0x8ffffffc 0x00000000
core   0: 0x80002a76 (0x90000d37) lui     s10, 0x90000
core   0: 3 0x80002a76 (0x90000d37) x26 0x90000000
core   0: 0x80002a7a (0x00001d71) c.addi  s10, -4
core   0: 3 0x80002a7a (0x1d71) x26 0x8ffffffc
core   0: 0x80002a7c (0x00006605) c.lui   a2, 0x1
core   0: 3 0x80002a7c (0x6605) x12 0x00001000
core   0: 0x80002a7e (0xb0b60613) addi    a2, a2, -1269
core   0: 3 0x80002a7e (0xb0b60613) x12 0x00000b0b
core   0: 0x80002a82 (0x00000622) c.slli  a2, 8
core   0: 3 0x80002a82 (0x0622) x12 0x000b0b00
core   0: 0x80002a84 (0x0000060d) c.addi  a2, 3
core   0: 3 0x80002a84 (0x060d) x12 0x000b0b03
core   0: 0x80002a86 (0x00cd2023) sw      a2, 0(s10)
core   0: 3 0x80002a86 (0x00cd2023) mem 0x8ffffffc 0x000b0b03
core   0: 0x80002a8a (0xb0b02673) csrr    a2, mhpmcounter11
core   0: 3 0x80002a8a (0xb0b02673) x12 0x00000000
core   0: 0x80002a8e (0x00cd2023) sw      a2, 0(s10)
core   0: 3 0x80002a8e (0x00cd2023) mem 0x8ffffffc 0x00000000
core   0: 0x80002a92 (0x90000d37) lui     s10, 0x90000
core   0: 3 0x80002a92 (0x90000d37) x26 0x90000000
core   0: 0x80002a96 (0x00001d71) c.addi  s10, -4
core   0: 3 0x80002a96 (0x1d71) x26 0x8ffffffc
core   0: 0x80002a98 (0x00006605) c.lui   a2, 0x1
core   0: 3 0x80002a98 (0x6605) x12 0x00001000
core   0: 0x80002a9a (0xb8b60613) addi    a2, a2, -1141
core   0: 3 0x80002a9a (0xb8b60613) x12 0x00000b8b
core   0: 0x80002a9e (0x00000622) c.slli  a2, 8
core   0: 3 0x80002a9e (0x0622) x12 0x000b8b00
core   0: 0x80002aa0 (0x0000060d) c.addi  a2, 3
core   0: 3 0x80002aa0 (0x060d) x12 0x000b8b03
core   0: 0x80002aa2 (0x00cd2023) sw      a2, 0(s10)
core   0: 3 0x80002aa2 (0x00cd2023) mem 0x8ffffffc 0x000b8b03
core   0: 0x80002aa6 (0xb8b02673) csrr    a2, mhpmcounter11h
core   0: 3 0x80002aa6 (0xb8b02673) x12 0x00000000
core   0: 0x80002aaa (0x00cd2023) sw      a2, 0(s10)
core   0: 3 0x80002aaa (0x00cd2023) mem 0x8ffffffc 0x00000000
core   0: 0x80002aae (0x90000d37) lui     s10, 0x90000
core   0: 3 0x80002aae (0x90000d37) x26 0x90000000
core   0: 0x80002ab2 (0x00001d71) c.addi  s10, -4
core   0: 3 0x80002ab2 (0x1d71) x26 0x8ffffffc
core   0: 0x80002ab4 (0x00006605) c.lui   a2, 0x1
core   0: 3 0x80002ab4 (0x6605) x12 0x00001000
core   0: 0x80002ab6 (0xb0c60613) addi    a2, a2, -1268
core   0: 3 0x80002ab6 (0xb0c60613) x12 0x00000b0c
core   0: 0x80002aba (0x00000622) c.slli  a2, 8
core   0: 3 0x80002aba (0x0622) x12 0x000b0c00
core   0: 0x80002abc (0x0000060d) c.addi  a2, 3
core   0: 3 0x80002abc (0x060d) x12 0x000b0c03
core   0: 0x80002abe (0x00cd2023) sw      a2, 0(s10)
core   0: 3 0x80002abe (0x00cd2023) mem 0x8ffffffc 0x000b0c03
core   0: 0x80002ac2 (0xb0c02673) csrr    a2, mhpmcounter12
core   0: 3 0x80002ac2 (0xb0c02673) x12 0x00000000
core   0: 0x80002ac6 (0x00cd2023) sw      a2, 0(s10)
core   0: 3 0x80002ac6 (0x00cd2023) mem 0x8ffffffc 0x00000000
core   0: 0x80002aca (0x90000d37) lui     s10, 0x90000
core   0: 3 0x80002aca (0x90000d37) x26 0x90000000
core   0: 0x80002ace (0x00001d71) c.addi  s10, -4
core   0: 3 0x80002ace (0x1d71) x26 0x8ffffffc
core   0: 0x80002ad0 (0x00006605) c.lui   a2, 0x1
core   0: 3 0x80002ad0 (0x6605) x12 0x00001000
core   0: 0x80002ad2 (0xb8c60613) addi    a2, a2, -1140
core   0: 3 0x80002ad2 (0xb8c60613) x12 0x00000b8c
core   0: 0x80002ad6 (0x00000622) c.slli  a2, 8
core   0: 3 0x80002ad6 (0x0622) x12 0x000b8c00
core   0: 0x80002ad8 (0x0000060d) c.addi  a2, 3
core   0: 3 0x80002ad8 (0x060d) x12 0x000b8c03
core   0: 0x80002ada (0x00cd2023) sw      a2, 0(s10)
core   0: 3 0x80002ada (0x00cd2023) mem 0x8ffffffc 0x000b8c03
core   0: 0x80002ade (0xb8c02673) csrr    a2, mhpmcounter12h
core   0: 3 0x80002ade (0xb8c02673) x12 0x00000000
core   0: 0x80002ae2 (0x00cd2023) sw      a2, 0(s10)
core   0: 3 0x80002ae2 (0x00cd2023) mem 0x8ffffffc 0x00000000
core   0: 0x80002ae6 (0xffffd617) auipc   a2, 0xffffd
core   0: 3 0x80002ae6 (0xffffd617) x12 0x7ffffae6
core   0: 0x80002aea (0x59a60613) addi    a2, a2, 1434
core   0: 3 0x80002aea (0x59a60613) x12 0x80000080
core   0: 0x80002aee (0x00062023) sw      zero, 0(a2)
core   0: 3 0x80002aee (0x00062023) mem 0x80000080 0x00000000
