Time	Cycle	PC	Insn	Decoded instruction	Register and memory contents
        2299000	        13	80000080	40001637	lui	x12,0x40001	 x12=0x40001000
        2319000	        14	80000084	10660613	addi	x12,x12,262	 x12:0x40001000 x12=0x40001106
        2759000	        36	80000088	30161073	csrrw	x0,misa,x12	 x12:0x40001106  x0=0x00000000
        2819000	        39	8000008c	0002df17	auipc	x30,0x2d	 x30=0x8002d08c
        3139000	        55	80000090	c58f0f13	addi	x30,x30,-936	 x30:0x8002d08c x30=0x8002cce4
        3159000	        56	80000094	00002617	auipc	x12,0x2	 x12=0x80002094
        3179000	        57	80000098	66c60613	addi	x12,x12,1644	 x12:0x80002094 x12=0x80002700
        3199000	        58	8000009c	00166613	ori	x12,x12,1	 x12:0x80002700 x12=0x80002701
        3379000	        67	800000a0	30561073	csrrw	x0,mtvec,x12	 x12:0x80002701  x0=0x00000000
        3559000	        76	800000a4	74725073	csrrwi	x0,0x747,4	  x0=0x00000000
        3719000	        84	800000a8	00003597	auipc	x11,0x3	 x11=0x800030a8
        4139000	       105	800000ac	38c58593	addi	x11,x11,908	 x11:0x800030a8 x11=0x80003434
        4419000	       119	800000b0	4601	c.li	x12,0	 x12=0x00000000
        4439000	       120	800000b2	95b2	c.add	x11,x12	 x11:0x80003434 x12:0x00000000 x11=0x80003434
        4459000	       121	800000b4	8189	c.srli	x11,0x2	 x11:0x80003434 x11=0x20000d0d
        4479000	       122	800000b6	3b059073	csrrw	x0,pmpaddr0,x11	 x11:0x20000d0d  x0=0x00000000
        4539000	       125	800000ba	00003597	auipc	x11,0x3	 x11=0x800030ba
        4559000	       126	800000be	37a58593	addi	x11,x11,890	 x11:0x800030ba x11=0x80003434
        4579000	       127	800000c2	6609	c.lui	x12,0x2	 x12=0x00002000
        4819000	       139	800000c4	66660613	addi	x12,x12,1638	 x12:0x00002000 x12=0x00002666
        5239000	       160	800000c8	95b2	c.add	x11,x12	 x11:0x80003434 x12:0x00002666 x11=0x80005a9a
        5259000	       161	800000ca	8189	c.srli	x11,0x2	 x11:0x80005a9a x11=0x200016a6
        5659000	       181	800000cc	3b159073	csrrw	x0,pmpaddr1,x11	 x11:0x200016a6  x0=0x00000000
        5719000	       184	800000d0	00003597	auipc	x11,0x3	 x11=0x800030d0
        5799000	       188	800000d4	36458593	addi	x11,x11,868	 x11:0x800030d0 x11=0x80003434
        5819000	       189	800000d8	6615	c.lui	x12,0x5	 x12=0x00005000
        5839000	       190	800000da	ccc60613	addi	x12,x12,-820	 x12:0x00005000 x12=0x00004ccc
        5859000	       191	800000de	95b2	c.add	x11,x12	 x11:0x80003434 x12:0x00004ccc x11=0x80008100
        5879000	       192	800000e0	8189	c.srli	x11,0x2	 x11:0x80008100 x11=0x20002040
        6079000	       202	800000e2	3b259073	csrrw	x0,pmpaddr2,x11	 x11:0x20002040  x0=0x00000000
        6139000	       205	800000e6	00003597	auipc	x11,0x3	 x11=0x800030e6
        6159000	       206	800000ea	34e58593	addi	x11,x11,846	 x11:0x800030e6 x11=0x80003434
        6179000	       207	800000ee	661d	c.lui	x12,0x7	 x12=0x00007000
        6199000	       208	800000f0	33260613	addi	x12,x12,818	 x12:0x00007000 x12=0x00007332
        6359000	       216	800000f4	95b2	c.add	x11,x12	 x11:0x80003434 x12:0x00007332 x11=0x8000a766
        6379000	       217	800000f6	8189	c.srli	x11,0x2	 x11:0x8000a766 x11=0x200029d9
        6779000	       237	800000f8	3b359073	csrrw	x0,pmpaddr3,x11	 x11:0x200029d9  x0=0x00000000
        6839000	       240	800000fc	0f0f15b7	lui	x11,0xf0f1	 x11=0x0f0f1000
        6859000	       241	80000100	f0f58593	addi	x11,x11,-241	 x11:0x0f0f1000 x11=0x0f0f0f0f
        6879000	       242	80000104	3a059073	csrrw	x0,pmpcfg0,x11	 x11:0x0f0f0f0f  x0=0x00000000
        6939000	       245	80000108	00003597	auipc	x11,0x3	 x11=0x80003108
        7039000	       250	8000010c	32c58593	addi	x11,x11,812	 x11:0x80003108 x11=0x80003434
        7159000	       256	80000110	6629	c.lui	x12,0xa	 x12=0x0000a000
        7579000	       277	80000112	99860613	addi	x12,x12,-1640	 x12:0x0000a000 x12=0x00009998
        7599000	       278	80000116	95b2	c.add	x11,x12	 x11:0x80003434 x12:0x00009998 x11=0x8000cdcc
        7679000	       282	80000118	8189	c.srli	x11,0x2	 x11:0x8000cdcc x11=0x20003373
        7699000	       283	8000011a	3b459073	csrrw	x0,pmpaddr4,x11	 x11:0x20003373  x0=0x00000000
        8079000	       302	8000011e	00003597	auipc	x11,0x3	 x11=0x8000311e
        8279000	       312	80000122	31658593	addi	x11,x11,790	 x11:0x8000311e x11=0x80003434
        8299000	       313	80000126	6631	c.lui	x12,0xc	 x12=0x0000c000
        8699000	       333	80000128	1679	c.addi	x12,-2	 x12:0x0000c000 x12=0x0000bffe
        8719000	       334	8000012a	95b2	c.add	x11,x12	 x11:0x80003434 x12:0x0000bffe x11=0x8000f432
        8739000	       335	8000012c	8189	c.srli	x11,0x2	 x11:0x8000f432 x11=0x20003d0c
        9139000	       355	8000012e	3b559073	csrrw	x0,pmpaddr5,x11	 x11:0x20003d0c  x0=0x00000000
        9199000	       358	80000132	00003597	auipc	x11,0x3	 x11=0x80003132
        9219000	       359	80000136	30258593	addi	x11,x11,770	 x11:0x80003132 x11=0x80003434
        9239000	       360	8000013a	6639	c.lui	x12,0xe	 x12=0x0000e000
        9359000	       366	8000013c	66460613	addi	x12,x12,1636	 x12:0x0000e000 x12=0x0000e664
        9379000	       367	80000140	95b2	c.add	x11,x12	 x11:0x80003434 x12:0x0000e664 x11=0x80011a98
        9399000	       368	80000142	8189	c.srli	x11,0x2	 x11:0x80011a98 x11=0x200046a6
        9419000	       369	80000144	3b659073	csrrw	x0,pmpaddr6,x11	 x11:0x200046a6  x0=0x00000000
        9539000	       375	80000148	00003597	auipc	x11,0x3	 x11=0x80003148
        9959000	       396	8000014c	2ec58593	addi	x11,x11,748	 x11:0x80003148 x11=0x80003434
        9979000	       397	80000150	6645	c.lui	x12,0x11	 x12=0x00011000
       10039000	       400	80000152	cca60613	addi	x12,x12,-822	 x12:0x00011000 x12=0x00010cca
       10059000	       401	80000156	95b2	c.add	x11,x12	 x11:0x80003434 x12:0x00010cca x11=0x800140fe
       10419000	       419	80000158	8189	c.srli	x11,0x2	 x11:0x800140fe x11=0x2000503f
       10819000	       439	8000015a	3b759073	csrrw	x0,pmpaddr7,x11	 x11:0x2000503f  x0=0x00000000
       10919000	       444	8000015e	0f0f15b7	lui	x11,0xf0f1	 x11=0x0f0f1000
       11339000	       465	80000162	f0f58593	addi	x11,x11,-241	 x11:0x0f0f1000 x11=0x0f0f0f0f
       11359000	       466	80000166	3a159073	csrrw	x0,pmpcfg1,x11	 x11:0x0f0f0f0f  x0=0x00000000
       11419000	       469	8000016a	00003597	auipc	x11,0x3	 x11=0x8000316a
       11819000	       489	8000016e	2ca58593	addi	x11,x11,714	 x11:0x8000316a x11=0x80003434
       11839000	       490	80000172	664d	c.lui	x12,0x13	 x12=0x00013000
       11859000	       491	80000174	33060613	addi	x12,x12,816	 x12:0x00013000 x12=0x00013330
       11879000	       492	80000178	95b2	c.add	x11,x12	 x11:0x80003434 x12:0x00013330 x11=0x80016764
       11899000	       493	8000017a	8189	c.srli	x11,0x2	 x11:0x80016764 x11=0x200059d9
       11919000	       494	8000017c	3b859073	csrrw	x0,pmpaddr8,x11	 x11:0x200059d9  x0=0x00000000
       11979000	       497	80000180	00003597	auipc	x11,0x3	 x11=0x80003180
       12319000	       514	80000184	2b458593	addi	x11,x11,692	 x11:0x80003180 x11=0x80003434
       12419000	       519	80000188	6659	c.lui	x12,0x16	 x12=0x00016000
       12439000	       520	8000018a	99660613	addi	x12,x12,-1642	 x12:0x00016000 x12=0x00015996
       12459000	       521	8000018e	95b2	c.add	x11,x12	 x11:0x80003434 x12:0x00015996 x11=0x80018dca
       12559000	       526	80000190	8189	c.srli	x11,0x2	 x11:0x80018dca x11=0x20006372
       12979000	       547	80000192	3b959073	csrrw	x0,pmpaddr9,x11	 x11:0x20006372  x0=0x00000000
       13039000	       550	80000196	00003597	auipc	x11,0x3	 x11=0x80003196
       13059000	       551	8000019a	29e58593	addi	x11,x11,670	 x11:0x80003196 x11=0x80003434
       13079000	       552	8000019e	6661	c.lui	x12,0x18	 x12=0x00018000
       13119000	       554	800001a0	1671	c.addi	x12,-4	 x12:0x00018000 x12=0x00017ffc
       13139000	       555	800001a2	95b2	c.add	x11,x12	 x11:0x80003434 x12:0x00017ffc x11=0x8001b430
       13159000	       556	800001a4	8189	c.srli	x11,0x2	 x11:0x8001b430 x11=0x20006d0c
       13579000	       577	800001a6	3ba59073	csrrw	x0,pmpaddr10,x11	 x11:0x20006d0c  x0=0x00000000
       13639000	       580	800001aa	00003597	auipc	x11,0x3	 x11=0x800031aa
       13659000	       581	800001ae	28a58593	addi	x11,x11,650	 x11:0x800031aa x11=0x80003434
       13679000	       582	800001b2	6669	c.lui	x12,0x1a	 x12=0x0001a000
       13899000	       593	800001b4	66260613	addi	x12,x12,1634	 x12:0x0001a000 x12=0x0001a662
       13919000	       594	800001b8	95b2	c.add	x11,x12	 x11:0x80003434 x12:0x0001a662 x11=0x8001da96
       13939000	       595	800001ba	8189	c.srli	x11,0x2	 x11:0x8001da96 x11=0x200076a5
       13959000	       596	800001bc	3bb59073	csrrw	x0,pmpaddr11,x11	 x11:0x200076a5  x0=0x00000000
       14019000	       599	800001c0	0f0f15b7	lui	x11,0xf0f1	 x11=0x0f0f1000
       14039000	       600	800001c4	f0f58593	addi	x11,x11,-241	 x11:0x0f0f1000 x11=0x0f0f0f0f
       14179000	       607	800001c8	3a259073	csrrw	x0,pmpcfg2,x11	 x11:0x0f0f0f0f  x0=0x00000000
       14359000	       616	800001cc	00003597	auipc	x11,0x3	 x11=0x800031cc
       14539000	       625	800001d0	26858593	addi	x11,x11,616	 x11:0x800031cc x11=0x80003434
       14599000	       628	800001d4	6675	c.lui	x12,0x1d	 x12=0x0001d000
       14679000	       632	800001d6	cc860613	addi	x12,x12,-824	 x12:0x0001d000 x12=0x0001ccc8
       14699000	       633	800001da	95b2	c.add	x11,x12	 x11:0x80003434 x12:0x0001ccc8 x11=0x800200fc
       14779000	       637	800001dc	8189	c.srli	x11,0x2	 x11:0x800200fc x11=0x2000803f
       15079000	       652	800001de	3bc59073	csrrw	x0,pmpaddr12,x11	 x11:0x2000803f  x0=0x00000000
       15319000	       664	800001e2	00003597	auipc	x11,0x3	 x11=0x800031e2
       15339000	       665	800001e6	25258593	addi	x11,x11,594	 x11:0x800031e2 x11=0x80003434
       15359000	       666	800001ea	667d	c.lui	x12,0x1f	 x12=0x0001f000
       15379000	       667	800001ec	32e60613	addi	x12,x12,814	 x12:0x0001f000 x12=0x0001f32e
       15399000	       668	800001f0	95b2	c.add	x11,x12	 x11:0x80003434 x12:0x0001f32e x11=0x80022762
       15419000	       669	800001f2	8189	c.srli	x11,0x2	 x11:0x80022762 x11=0x200089d8
       15439000	       670	800001f4	3bd59073	csrrw	x0,pmpaddr13,x11	 x11:0x200089d8  x0=0x00000000
       15559000	       676	800001f8	00003597	auipc	x11,0x3	 x11=0x800031f8
       15679000	       682	800001fc	23c58593	addi	x11,x11,572	 x11:0x800031f8 x11=0x80003434
       15759000	       686	80000200	00022637	lui	x12,0x22	 x12=0x00022000
       15779000	       687	80000204	99460613	addi	x12,x12,-1644	 x12:0x00022000 x12=0x00021994
       15959000	       696	80000208	95b2	c.add	x11,x12	 x11:0x80003434 x12:0x00021994 x11=0x80024dc8
       15979000	       697	8000020a	8189	c.srli	x11,0x2	 x11:0x80024dc8 x11=0x20009372
       16019000	       699	8000020c	3be59073	csrrw	x0,pmpaddr14,x11	 x11:0x20009372  x0=0x00000000
       16079000	       702	80000210	00003597	auipc	x11,0x3	 x11=0x80003210
       16099000	       703	80000214	22458593	addi	x11,x11,548	 x11:0x80003210 x11=0x80003434
       16479000	       722	80000218	00024637	lui	x12,0x24	 x12=0x00024000
       16619000	       729	8000021c	1669	c.addi	x12,-6	 x12:0x00024000 x12=0x00023ffa
       16639000	       730	8000021e	95b2	c.add	x11,x12	 x11:0x80003434 x12:0x00023ffa x11=0x8002742e
       16979000	       747	80000220	8189	c.srli	x11,0x2	 x11:0x8002742e x11=0x20009d0b
       17099000	       753	80000222	3bf59073	csrrw	x0,pmpaddr15,x11	 x11:0x20009d0b  x0=0x00000000
       17519000	       774	80000226	0f0f15b7	lui	x11,0xf0f1	 x11=0x0f0f1000
       17539000	       775	8000022a	f0f58593	addi	x11,x11,-241	 x11:0x0f0f1000 x11=0x0f0f0f0f
       17899000	       793	8000022e	3a359073	csrrw	x0,pmpcfg3,x11	 x11:0x0f0f0f0f  x0=0x00000000
       17959000	       796	80000232	74705073	csrrwi	x0,0x747,0	  x0=0x00000000
       18039000	       800	80000236	436c55b7	lui	x11,0x436c5	 x11=0x436c5000
       18059000	       801	8000023a	a3f58593	addi	x11,x11,-1473	 x11:0x436c5000 x11=0x436c4a3f
       18079000	       802	8000023e	00003b17	auipc	x22,0x3	 x22=0x8000323e
       18099000	       803	80000242	1f6b0b13	addi	x22,x22,502	 x22:0x8000323e x22=0x80003434
       18119000	       804	80000246	95da	c.add	x11,x22	 x11:0x436c4a3f x22:0x80003434 x11=0xc36c7e73
       18139000	       805	80000248	3b0595f3	csrrw	x11,pmpaddr0,x11	 x11:0xc36c7e73 x11=0x20000d0d
       18339000	       815	8000024c	3b0595f3	csrrw	x11,pmpaddr0,x11	 x11:0x20000d0d x11=0xc36c7e73
       18439000	       820	80000250	6c2325b7	lui	x11,0x6c232	 x11=0x6c232000
       18459000	       821	80000254	30f58593	addi	x11,x11,783	 x11:0x6c232000 x11=0x6c23230f
       18479000	       822	80000258	3a0595f3	csrrw	x11,pmpcfg0,x11	 x11:0x6c23230f x11=0x0f0f0f0f
       18779000	       837	8000025c	3a0595f3	csrrw	x11,pmpcfg0,x11	 x11:0x0f0f0f0f x11=0x0c03030f
       19199000	       858	80000260	3f9f15b7	lui	x11,0x3f9f1	 x11=0x3f9f1000
       19219000	       859	80000264	15e1	c.addi	x11,-8	 x11:0x3f9f1000 x11=0x3f9f0ff8
       19239000	       860	80000266	00003b17	auipc	x22,0x3	 x22=0x80003266
       19259000	       861	8000026a	1ceb0b13	addi	x22,x22,462	 x22:0x80003266 x22=0x80003434
       19279000	       862	8000026e	95da	c.add	x11,x22	 x11:0x3f9f0ff8 x22:0x80003434 x11=0xbf9f442c
       19299000	       863	80000270	3b1595f3	csrrw	x11,pmpaddr1,x11	 x11:0xbf9f442c x11=0x200016a6
       19359000	       866	80000274	3b1595f3	csrrw	x11,pmpaddr1,x11	 x11:0x200016a6 x11=0xbf9f442c
       19419000	       869	80000278	5b0c55b7	lui	x11,0x5b0c5	 x11=0x5b0c5000
       19459000	       871	8000027c	10f58593	addi	x11,x11,271	 x11:0x5b0c5000 x11=0x5b0c510f
       19639000	       880	80000280	3a0595f3	csrrw	x11,pmpcfg0,x11	 x11:0x5b0c510f x11=0x0f0f0f0f
       19699000	       883	80000284	3a0595f3	csrrw	x11,pmpcfg0,x11	 x11:0x0f0f0f0f x11=0x1b0c110f
       19759000	       886	80000288	043ba5b7	lui	x11,0x43ba	 x11=0x043ba000
       20079000	       902	8000028c	c7358593	addi	x11,x11,-909	 x11:0x043ba000 x11=0x043b9c73
       20259000	       911	80000290	00003b17	auipc	x22,0x3	 x22=0x80003290
       20279000	       912	80000294	1a4b0b13	addi	x22,x22,420	 x22:0x80003290 x22=0x80003434
       20299000	       913	80000298	95da	c.add	x11,x22	 x11:0x043b9c73 x22:0x80003434 x11=0x843bd0a7
       20319000	       914	8000029a	3b2595f3	csrrw	x11,pmpaddr2,x11	 x11:0x843bd0a7 x11=0x20002040
       20759000	       936	8000029e	3b2595f3	csrrw	x11,pmpaddr2,x11	 x11:0x20002040 x11=0x843bd0a7
       20819000	       939	800002a2	130f85b7	lui	x11,0x130f8	 x11=0x130f8000
       20839000	       940	800002a6	80f58593	addi	x11,x11,-2033	 x11:0x130f8000 x11=0x130f780f
       20859000	       941	800002aa	3a0595f3	csrrw	x11,pmpcfg0,x11	 x11:0x130f780f x11=0x0f0f0f0f
       20919000	       944	800002ae	3a0595f3	csrrw	x11,pmpcfg0,x11	 x11:0x0f0f0f0f x11=0x130f180f
       20979000	       947	800002b2	291be5b7	lui	x11,0x291be	 x11=0x291be000
       20999000	       948	800002b6	e5458593	addi	x11,x11,-428	 x11:0x291be000 x11=0x291bde54
       21119000	       954	800002ba	00003b17	auipc	x22,0x3	 x22=0x800032ba
       21139000	       955	800002be	17ab0b13	addi	x22,x22,378	 x22:0x800032ba x22=0x80003434
       21159000	       956	800002c2	95da	c.add	x11,x22	 x11:0x291bde54 x22:0x80003434 x11=0xa91c1288
       21559000	       976	800002c4	3b3595f3	csrrw	x11,pmpaddr3,x11	 x11:0xa91c1288 x11=0x200029d9
       21919000	       994	800002c8	3b3595f3	csrrw	x11,pmpaddr3,x11	 x11:0x200029d9 x11=0xa91c1288
       21979000	       997	800002cc	592c75b7	lui	x11,0x592c7	 x11=0x592c7000
       22379000	      1017	800002d0	70f58593	addi	x11,x11,1807	 x11:0x592c7000 x11=0x592c770f
       22399000	      1018	800002d4	3a0595f3	csrrw	x11,pmpcfg0,x11	 x11:0x592c770f x11=0x0f0f0f0f
       22459000	      1021	800002d8	3a0595f3	csrrw	x11,pmpcfg0,x11	 x11:0x0f0f0f0f x11=0x190c170f
       22519000	      1024	800002dc	30c405b7	lui	x11,0x30c40	 x11=0x30c40000
       22539000	      1025	800002e0	f2258593	addi	x11,x11,-222	 x11:0x30c40000 x11=0x30c3ff22
       22599000	      1028	800002e4	00003b17	auipc	x22,0x3	 x22=0x800032e4
       22839000	      1040	800002e8	150b0b13	addi	x22,x22,336	 x22:0x800032e4 x22=0x80003434
       22979000	      1047	800002ec	95da	c.add	x11,x22	 x11:0x30c3ff22 x22:0x80003434 x11=0xb0c43356
       23299000	      1063	800002ee	3b4595f3	csrrw	x11,pmpaddr4,x11	 x11:0xb0c43356 x11=0x20003373
       23359000	      1066	800002f2	3b4595f3	csrrw	x11,pmpaddr4,x11	 x11:0x20003373 x11=0xb0c43356
       23619000	      1079	800002f6	294815b7	lui	x11,0x29481	 x11=0x29481000
       23639000	      1080	800002fa	50558593	addi	x11,x11,1285	 x11:0x29481000 x11=0x29481505
       23699000	      1083	800002fe	3a1595f3	csrrw	x11,pmpcfg1,x11	 x11:0x29481505 x11=0x0f0f0f0f
       31339000	      1465	80000302	3a1595f3	csrrw	x11,pmpcfg1,x11	 x11:0x0f0f0f0f x11=0x09081505
       31399000	      1468	80000306	34cd75b7	lui	x11,0x34cd7	 x11=0x34cd7000
       31419000	      1469	8000030a	1c058593	addi	x11,x11,448	 x11:0x34cd7000 x11=0x34cd71c0
       31439000	      1470	8000030e	00003b17	auipc	x22,0x3	 x22=0x8000330e
       31459000	      1471	80000312	126b0b13	addi	x22,x22,294	 x22:0x8000330e x22=0x80003434
       31479000	      1472	80000316	95da	c.add	x11,x22	 x11:0x34cd71c0 x22:0x80003434 x11=0xb4cda5f4
       31499000	      1473	80000318	3b5595f3	csrrw	x11,pmpaddr5,x11	 x11:0xb4cda5f4 x11=0x20003d0c
       31759000	      1486	8000031c	3b5595f3	csrrw	x11,pmpaddr5,x11	 x11:0x20003d0c x11=0xb4cda5f4
       31879000	      1492	80000320	242925b7	lui	x11,0x24292	 x11=0x24292000
       31979000	      1497	80000324	b3958593	addi	x11,x11,-1223	 x11:0x24292000 x11=0x24291b39
       31999000	      1498	80000328	3a1595f3	csrrw	x11,pmpcfg1,x11	 x11:0x24291b39 x11=0x0f0f0f0f
       32419000	      1519	8000032c	3a1595f3	csrrw	x11,pmpcfg1,x11	 x11:0x0f0f0f0f x11=0x04091b19
       32479000	      1522	80000330	2713e5b7	lui	x11,0x2713e	 x11=0x2713e000
       32599000	      1528	80000334	eaf58593	addi	x11,x11,-337	 x11:0x2713e000 x11=0x2713deaf
       32739000	      1535	80000338	00003b17	auipc	x22,0x3	 x22=0x80003338
       32919000	      1544	8000033c	0fcb0b13	addi	x22,x22,252	 x22:0x80003338 x22=0x80003434
       32939000	      1545	80000340	95da	c.add	x11,x22	 x11:0x2713deaf x22:0x80003434 x11=0xa71412e3
       33359000	      1566	80000342	3b6595f3	csrrw	x11,pmpaddr6,x11	 x11:0xa71412e3 x11=0x200046a6
       33419000	      1569	80000346	3b6595f3	csrrw	x11,pmpaddr6,x11	 x11:0x200046a6 x11=0xa71412e3
       33659000	      1581	8000034a	053f75b7	lui	x11,0x53f7	 x11=0x053f7000
       34079000	      1602	8000034e	03358593	addi	x11,x11,51	 x11:0x053f7000 x11=0x053f7033
       34099000	      1603	80000352	3a1595f3	csrrw	x11,pmpcfg1,x11	 x11:0x053f7033 x11=0x0f0f0f0f
       34159000	      1606	80000356	3a1595f3	csrrw	x11,pmpcfg1,x11	 x11:0x0f0f0f0f x11=0x051f1013
       34239000	      1610	8000035a	539b35b7	lui	x11,0x539b3	 x11=0x539b3000
       34579000	      1627	8000035e	9ff58593	addi	x11,x11,-1537	 x11:0x539b3000 x11=0x539b29ff
       34599000	      1628	80000362	00003b17	auipc	x22,0x3	 x22=0x80003362
       34879000	      1642	80000366	0d2b0b13	addi	x22,x22,210	 x22:0x80003362 x22=0x80003434
       34899000	      1643	8000036a	95da	c.add	x11,x22	 x11:0x539b29ff x22:0x80003434 x11=0xd39b5e33
       35199000	      1658	8000036c	3b7595f3	csrrw	x11,pmpaddr7,x11	 x11:0xd39b5e33 x11=0x2000503f
       35319000	      1664	80000370	3b7595f3	csrrw	x11,pmpaddr7,x11	 x11:0x2000503f x11=0xd39b5e33
       35379000	      1667	80000374	285325b7	lui	x11,0x28532	 x11=0x28532000
       35759000	      1686	80000378	91b58593	addi	x11,x11,-1765	 x11:0x28532000 x11=0x2853191b
       36179000	      1707	8000037c	3a1595f3	csrrw	x11,pmpcfg1,x11	 x11:0x2853191b x11=0x0f0f0f0f
       36299000	      1713	80000380	3a1595f3	csrrw	x11,pmpcfg1,x11	 x11:0x0f0f0f0f x11=0x0813191b
       36399000	      1718	80000384	0f4595b7	lui	x11,0xf459	 x11=0x0f459000
       36419000	      1719	80000388	f1958593	addi	x11,x11,-231	 x11:0x0f459000 x11=0x0f458f19
       36439000	      1720	8000038c	00003b17	auipc	x22,0x3	 x22=0x8000338c
       36879000	      1742	80000390	0a8b0b13	addi	x22,x22,168	 x22:0x8000338c x22=0x80003434
       37019000	      1749	80000394	95da	c.add	x11,x22	 x11:0x0f458f19 x22:0x80003434 x11=0x8f45c34d
       37039000	      1750	80000396	3b8595f3	csrrw	x11,pmpaddr8,x11	 x11:0x8f45c34d x11=0x200059d9
       37099000	      1753	8000039a	3b8595f3	csrrw	x11,pmpaddr8,x11	 x11:0x200059d9 x11=0x8f45c34d
       37179000	      1757	8000039e	6b4805b7	lui	x11,0x6b480	 x11=0x6b480000
       37199000	      1758	800003a2	30c58593	addi	x11,x11,780	 x11:0x6b480000 x11=0x6b48030c
       37219000	      1759	800003a6	3a2595f3	csrrw	x11,pmpcfg2,x11	 x11:0x6b48030c x11=0x0f0f0f0f
       37279000	      1762	800003aa	3a2595f3	csrrw	x11,pmpcfg2,x11	 x11:0x0f0f0f0f x11=0x0b08030c
       37339000	      1765	800003ae	3f3595b7	lui	x11,0x3f359	 x11=0x3f359000
       37359000	      1766	800003b2	e2d58593	addi	x11,x11,-467	 x11:0x3f359000 x11=0x3f358e2d
       37379000	      1767	800003b6	00003b17	auipc	x22,0x3	 x22=0x800033b6
       37399000	      1768	800003ba	07eb0b13	addi	x22,x22,126	 x22:0x800033b6 x22=0x80003434
       37419000	      1769	800003be	95da	c.add	x11,x22	 x11:0x3f358e2d x22:0x80003434 x11=0xbf35c261
       37819000	      1789	800003c0	3b9595f3	csrrw	x11,pmpaddr9,x11	 x11:0xbf35c261 x11=0x20006372
       38239000	      1810	800003c4	3b9595f3	csrrw	x11,pmpaddr9,x11	 x11:0x20006372 x11=0xbf35c261
       38579000	      1827	800003c8	030865b7	lui	x11,0x3086	 x11=0x03086000
       38599000	      1828	800003cc	02d58593	addi	x11,x11,45	 x11:0x03086000 x11=0x0308602d
       38619000	      1829	800003d0	3a2595f3	csrrw	x11,pmpcfg2,x11	 x11:0x0308602d x11=0x0f0f0f0f
       38839000	      1840	800003d4	3a2595f3	csrrw	x11,pmpcfg2,x11	 x11:0x0f0f0f0f x11=0x0308000d
       38899000	      1843	800003d8	250025b7	lui	x11,0x25002	 x11=0x25002000
       38919000	      1844	800003dc	77b58593	addi	x11,x11,1915	 x11:0x25002000 x11=0x2500277b
       39299000	      1863	800003e0	00003b17	auipc	x22,0x3	 x22=0x800033e0
       39319000	      1864	800003e4	054b0b13	addi	x22,x22,84	 x22:0x800033e0 x22=0x80003434
       39339000	      1865	800003e8	95da	c.add	x11,x22	 x11:0x2500277b x22:0x80003434 x11=0xa5005baf
       39479000	      1872	800003ea	3ba595f3	csrrw	x11,pmpaddr10,x11	 x11:0xa5005baf x11=0x20006d0c
       39539000	      1875	800003ee	3ba595f3	csrrw	x11,pmpaddr10,x11	 x11:0x20006d0c x11=0xa5005baf
       39599000	      1878	800003f2	6d3465b7	lui	x11,0x6d346	 x11=0x6d346000
       39619000	      1879	800003f6	f3858593	addi	x11,x11,-200	 x11:0x6d346000 x11=0x6d345f38
       39959000	      1896	800003fa	3a2595f3	csrrw	x11,pmpcfg2,x11	 x11:0x6d345f38 x11=0x0f0f0f0f
       40019000	      1899	800003fe	3a2595f3	csrrw	x11,pmpcfg2,x11	 x11:0x0f0f0f0f x11=0x0d141f18
       40079000	      1902	80000402	1b97a5b7	lui	x11,0x1b97a	 x11=0x1b97a000
       40099000	      1903	80000406	04358593	addi	x11,x11,67	 x11:0x1b97a000 x11=0x1b97a043
       40199000	      1908	8000040a	00003b17	auipc	x22,0x3	 x22=0x8000340a
       40259000	      1911	8000040e	02ab0b13	addi	x22,x22,42	 x22:0x8000340a x22=0x80003434
       40279000	      1912	80000412	95da	c.add	x11,x22	 x11:0x1b97a043 x22:0x80003434 x11=0x9b97d477
       40299000	      1913	80000414	3bb595f3	csrrw	x11,pmpaddr11,x11	 x11:0x9b97d477 x11=0x200076a5
       40359000	      1916	80000418	3bb595f3	csrrw	x11,pmpaddr11,x11	 x11:0x200076a5 x11=0x9b97d477
       40419000	      1919	8000041c	257355b7	lui	x11,0x25735	 x11=0x25735000
       40439000	      1920	80000420	b1b58593	addi	x11,x11,-1253	 x11:0x25735000 x11=0x25734b1b
       40599000	      1928	80000424	3a2595f3	csrrw	x11,pmpcfg2,x11	 x11:0x25734b1b x11=0x0f0f0f0f
       40699000	      1933	80000428	3a2595f3	csrrw	x11,pmpcfg2,x11	 x11:0x0f0f0f0f x11=0x05130b1b
       40879000	      1942	8000042c	30f6d5b7	lui	x11,0x30f6d	 x11=0x30f6d000
       40979000	      1947	80000430	d8b58593	addi	x11,x11,-629	 x11:0x30f6d000 x11=0x30f6cd8b
       41339000	      1965	80000434	00003b17	auipc	x22,0x3	 x22=0x80003434
       41359000	      1966	80000438	000b0b13	addi	x22,x22,0	 x22:0x80003434 x22=0x80003434
       41499000	      1973	8000043c	95da	c.add	x11,x22	 x11:0x30f6cd8b x22:0x80003434 x11=0xb0f701bf
       41519000	      1974	8000043e	3bc595f3	csrrw	x11,pmpaddr12,x11	 x11:0xb0f701bf x11=0x2000803f
       41659000	      1981	80000442	3bc595f3	csrrw	x11,pmpaddr12,x11	 x11:0x2000803f x11=0xb0f701bf
       41719000	      1984	80000446	791355b7	lui	x11,0x79135	 x11=0x79135000
       42099000	      2003	8000044a	31358593	addi	x11,x11,787	 x11:0x79135000 x11=0x79135313
       42119000	      2004	8000044e	3a3595f3	csrrw	x11,pmpcfg3,x11	 x11:0x79135313 x11=0x0f0f0f0f
       42179000	      2007	80000452	3a3595f3	csrrw	x11,pmpcfg3,x11	 x11:0x0f0f0f0f x11=0x19131313
       42319000	      2014	80000456	488aa5b7	lui	x11,0x488aa	 x11=0x488aa000
       42339000	      2015	8000045a	09558593	addi	x11,x11,149	 x11:0x488aa000 x11=0x488aa095
       42679000	      2032	8000045e	00003b17	auipc	x22,0x3	 x22=0x8000345e
       42699000	      2033	80000462	fd6b0b13	addi	x22,x22,-42	 x22:0x8000345e x22=0x80003434
       42719000	      2034	80000466	95da	c.add	x11,x22	 x11:0x488aa095 x22:0x80003434 x11=0xc88ad4c9
       42979000	      2047	80000468	3bd595f3	csrrw	x11,pmpaddr13,x11	 x11:0xc88ad4c9 x11=0x200089d8
       43159000	      2056	8000046c	3bd595f3	csrrw	x11,pmpaddr13,x11	 x11:0x200089d8 x11=0xc88ad4c9
       43219000	      2059	80000470	3b0f45b7	lui	x11,0x3b0f4	 x11=0x3b0f4000
       43239000	      2060	80000474	47b58593	addi	x11,x11,1147	 x11:0x3b0f4000 x11=0x3b0f447b
       43259000	      2061	80000478	3a3595f3	csrrw	x11,pmpcfg3,x11	 x11:0x3b0f447b x11=0x0f0f0f0f
       43319000	      2064	8000047c	3a3595f3	csrrw	x11,pmpcfg3,x11	 x11:0x0f0f0f0f x11=0x1b0f041b
       43399000	      2068	80000480	326475b7	lui	x11,0x32647	 x11=0x32647000
       43419000	      2069	80000484	11e58593	addi	x11,x11,286	 x11:0x32647000 x11=0x3264711e
       43439000	      2070	80000488	00003b17	auipc	x22,0x3	 x22=0x80003488
       43579000	      2077	8000048c	facb0b13	addi	x22,x22,-84	 x22:0x80003488 x22=0x80003434
       43659000	      2081	80000490	95da	c.add	x11,x22	 x11:0x3264711e x22:0x80003434 x11=0xb264a552
       43679000	      2082	80000492	3be595f3	csrrw	x11,pmpaddr14,x11	 x11:0xb264a552 x11=0x20009372
       44099000	      2103	80000496	3be595f3	csrrw	x11,pmpaddr14,x11	 x11:0x20009372 x11=0xb264a552
       44159000	      2106	8000049a	296f85b7	lui	x11,0x296f8	 x11=0x296f8000
       44179000	      2107	8000049e	c1b58593	addi	x11,x11,-997	 x11:0x296f8000 x11=0x296f7c1b
       44259000	      2111	800004a2	3a3595f3	csrrw	x11,pmpcfg3,x11	 x11:0x296f7c1b x11=0x0f0f0f0f
       44679000	      2132	800004a6	3a3595f3	csrrw	x11,pmpcfg3,x11	 x11:0x0f0f0f0f x11=0x090f1c1b
       44879000	      2142	800004aa	632245b7	lui	x11,0x63224	 x11=0x63224000
       44899000	      2143	800004ae	15558593	addi	x11,x11,341	 x11:0x63224000 x11=0x63224155
       44919000	      2144	800004b2	00003b17	auipc	x22,0x3	 x22=0x800034b2
       44939000	      2145	800004b6	f82b0b13	addi	x22,x22,-126	 x22:0x800034b2 x22=0x80003434
       44959000	      2146	800004ba	95da	c.add	x11,x22	 x11:0x63224155 x22:0x80003434 x11=0xe3227589
       45339000	      2165	800004bc	3bf595f3	csrrw	x11,pmpaddr15,x11	 x11:0xe3227589 x11=0x20009d0b
       45459000	      2171	800004c0	3bf595f3	csrrw	x11,pmpaddr15,x11	 x11:0x20009d0b x11=0xe3227589
       45519000	      2174	800004c4	2d0c25b7	lui	x11,0x2d0c2	 x11=0x2d0c2000
       45639000	      2180	800004c8	15558593	addi	x11,x11,341	 x11:0x2d0c2000 x11=0x2d0c2155
       45819000	      2189	800004cc	3a3595f3	csrrw	x11,pmpcfg3,x11	 x11:0x2d0c2155 x11=0x0f0f0f0f
       46219000	      2209	800004d0	3a3595f3	csrrw	x11,pmpcfg3,x11	 x11:0x0f0f0f0f x11=0x0d0c0115
       46399000	      2218	800004d4	00000617	auipc	x12,0x0	 x12=0x800004d4
       46419000	      2219	800004d8	06060613	addi	x12,x12,96	 x12:0x800004d4 x12=0x80000534
       46439000	      2220	800004dc	34161073	csrrw	x0,mepc,x12	 x12:0x80000534  x0=0x00000000
       46459000	      2221	800004e0	7c00d073	csrrwi	x0,0x7c0,1	  x0=0x00000000
       46739000	      2235	800004e4	4601	c.li	x12,0	 x12=0x00000000
       46759000	      2236	800004e6	30061073	csrrw	x0,mstatus,x12	 x12:0x00000000  x0=0x00000000
       46819000	      2239	800004ea	4601	c.li	x12,0	 x12=0x00000000
       46879000	      2242	800004ec	30461073	csrrw	x0,mie,x12	 x12:0x00000000  x0=0x00000000
       47039000	      2250	800004f0	90000d37	lui	x26,0x90000	 x26=0x90000000
       47059000	      2251	800004f4	1d71	c.addi	x26,-4	 x26:0x90000000 x26=0x8ffffffc
       47079000	      2252	800004f6	90000d37	lui	x26,0x90000	 x26=0x90000000
       47099000	      2253	800004fa	1d71	c.addi	x26,-4	 x26:0x90000000 x26=0x8ffffffc
       47119000	      2254	800004fc	90000d37	lui	x26,0x90000	 x26=0x90000000
       47299000	      2263	80000500	1d71	c.addi	x26,-4	 x26:0x90000000 x26=0x8ffffffc
       47319000	      2264	80000502	30000613	addi	x12,x0,768	  x0:0x00000000 x12=0x00000300
       47339000	      2265	80000506	0622	c.slli	x12,0x8	 x12:0x00000300 x12=0x00030000
       47359000	      2266	80000508	060d	c.addi	x12,3	 x12:0x00030000 x12=0x00030003
       47799000	      2288	8000050a	00cd2023	sw	x12,0(x26)	 x26:0x8ffffffc x12:0x00030003 PA:0x8ffffffc store:0x00030003 load:0xffffffff
       47819000	      2289	8000050e	30002673	csrrs	x12,mstatus,x0	  x0:0x00000000 x12=0x00000000
       47839000	      2290	80000512	00cd2023	sw	x12,0(x26)	 x26:0x8ffffffc x12:0x00000000 PA:0x8ffffffc store:0x00000000 load:0xffffffff
       48059000	      2301	80000516	90000d37	lui	x26,0x90000	 x26=0x90000000
       48079000	      2302	8000051a	1d71	c.addi	x26,-4	 x26:0x90000000 x26=0x8ffffffc
       48099000	      2303	8000051c	30400613	addi	x12,x0,772	  x0:0x00000000 x12=0x00000304
       48219000	      2309	80000520	0622	c.slli	x12,0x8	 x12:0x00000304 x12=0x00030400
       48239000	      2310	80000522	060d	c.addi	x12,3	 x12:0x00030400 x12=0x00030403
       48419000	      2319	80000524	00cd2023	sw	x12,0(x26)	 x26:0x8ffffffc x12:0x00030403 PA:0x8ffffffc store:0x00030403 load:0xffffffff
       48439000	      2320	80000528	30402673	csrrs	x12,mie,x0	  x0:0x00000000 x12=0x00000000
       48719000	      2334	8000052c	00cd2023	sw	x12,0(x26)	 x26:0x8ffffffc x12:0x00000000 PA:0x8ffffffc store:0x00000000 load:0xffffffff
       48739000	      2335	80000530	30200073	mret	
       48799000	      2338	80000534	8d82d037	lui	x0,0x8d82d	  x0=0x00000000
       49579000	      2377	80000538	73100013	addi	x0,x0,1841	  x0:0x00000000  x0=0x00000000
       49639000	      2380	8000053c	800000b7	lui	x1,0x80000	  x1=0x80000000
       49659000	      2381	80000540	4f708137	lui	x2,0x4f708	  x2=0x4f708000
       50079000	      2402	80000544	fa410113	addi	x2,x2,-92	  x2:0x4f708000  x2=0x4f707fa4
       50199000	      2408	80000548	9fccf1b7	lui	x3,0x9fccf	  x3=0x9fccf000
       50339000	      2415	8000054c	78b18193	addi	x3,x3,1931	  x3:0x9fccf000  x3=0x9fccf78b
       50359000	      2416	80000550	4215	c.li	x4,5	  x4=0x00000005
       50379000	      2417	80000552	800002b7	lui	x5,0x80000	  x5=0x80000000
       50539000	      2425	80000556	e4fb7337	lui	x6,0xe4fb7	  x6=0xe4fb7000
       50559000	      2426	8000055a	21430313	addi	x6,x6,532	  x6:0xe4fb7000  x6=0xe4fb7214
       50579000	      2427	8000055e	4389	c.li	x7,2	  x7=0x00000002
       50719000	      2434	80000560	4401	c.li	x8,0	  x8=0x00000000
       50739000	      2435	80000562	f6f65537	lui	x10,0xf6f65	 x10=0xf6f65000
       50759000	      2436	80000566	7b150513	addi	x10,x10,1969	 x10:0xf6f65000 x10=0xf6f657b1
       50779000	      2437	8000056a	4581	c.li	x11,0	 x11=0x00000000
       50819000	      2439	8000056c	f09aa637	lui	x12,0xf09aa	 x12=0xf09aa000
       50839000	      2440	80000570	39a60613	addi	x12,x12,922	 x12:0xf09aa000 x12=0xf09aa39a
       50859000	      2441	80000574	800006b7	lui	x13,0x80000	 x13=0x80000000
       51059000	      2451	80000578	80000737	lui	x14,0x80000	 x14=0x80000000
       51259000	      2461	8000057c	47a5	c.li	x15,9	 x15=0x00000009
       51279000	      2462	8000057e	4801	c.li	x16,0	 x16=0x00000000
       51299000	      2463	80000580	48a9	c.li	x17,10	 x17=0x0000000a
       51659000	      2481	80000582	35995937	lui	x18,0x35995	 x18=0x35995000
       51679000	      2482	80000586	c0190913	addi	x18,x18,-1023	 x18:0x35995000 x18=0x35994c01
       51699000	      2483	8000058a	499d	c.li	x19,7	 x19=0x00000007
       52099000	      2503	8000058c	4a3d	c.li	x20,15	 x20=0x0000000f
       52119000	      2504	8000058e	4a99	c.li	x21,6	 x21=0x00000006
       52519000	      2524	80000590	4b01	c.li	x22,0	 x22=0x00000000
       52539000	      2525	80000592	f7535bb7	lui	x23,0xf7535	 x23=0xf7535000
       52699000	      2533	80000596	6fdb8b93	addi	x23,x23,1789	 x23:0xf7535000 x23=0xf75356fd
       52719000	      2534	8000059a	f61b5c37	lui	x24,0xf61b5	 x24=0xf61b5000
       52799000	      2538	8000059e	87cc0c13	addi	x24,x24,-1924	 x24:0xf61b5000 x24=0xf61b487c
       52819000	      2539	800005a2	4c81	c.li	x25,0	 x25=0x00000000
       52839000	      2540	800005a4	4d01	c.li	x26,0	 x26=0x00000000
       52859000	      2541	800005a6	65d29db7	lui	x27,0x65d29	 x27=0x65d29000
       52879000	      2542	800005aa	101d8d93	addi	x27,x27,257	 x27:0x65d29000 x27=0x65d29101
       52899000	      2543	800005ae	4e01	c.li	x28,0	 x28=0x00000000
       52919000	      2544	800005b0	f1a80eb7	lui	x29,0xf1a80	 x29=0xf1a80000
       52979000	      2547	800005b4	0b6e8e93	addi	x29,x29,182	 x29:0xf1a80000 x29=0xf1a800b6
       53099000	      2553	800005b8	80000fb7	lui	x31,0x80000	 x31=0x80000000
       53199000	      2558	800005bc	00029497	auipc	x9,0x29	  x9=0x800295bc
       53259000	      2561	800005c0	8a848493	addi	x9,x9,-1880	  x9:0x800295bc  x9=0x80028e64
       53279000	      2562	800005c4	90000d37	lui	x26,0x90000	 x26=0x90000000
       53339000	      2565	800005c8	1d71	c.addi	x26,-4	 x26:0x90000000 x26=0x8ffffffc
       53359000	      2566	800005ca	4601	c.li	x12,0	 x12=0x00000000
       53379000	      2567	800005cc	0622	c.slli	x12,0x8	 x12:0x00000000 x12=0x00000000
       53419000	      2569	800005ce	00060613	addi	x12,x12,0	 x12:0x00000000 x12=0x00000000
       53459000	      2571	800005d2	00cd2023	sw	x12,0(x26)	 x26:0x8ffffffc x12:0x00000000 PA:0x8ffffffc store:0x00000000 load:0xxxxxxxxx
       54319000	      2614	80002700	0800006f	jal	x0,80002780	  x0=0x00000000
       54939000	      2645	80002780	1f71	c.addi	x30,-4	 x30:0x8002cce4 x30=0x8002cce0
       55199000	      2658	80002782	009f2023	sw	x9,0(x30)	 x30:0x8002cce0  x9:0x80028e64 PA:0x8002cce0 store:0x80028e64 load:0xffffffff
       55219000	      2659	80002786	000f04b3	add	x9,x30,x0	 x30:0x8002cce0  x0:0x00000000  x9=0x8002cce0
       55239000	      2660	8000278a	f8048493	addi	x9,x9,-128	  x9:0x8002cce0  x9=0x8002cc60
       55359000	      2666	8000278e	0014a223	sw	x1,4(x9)	  x9:0x8002cc60  x1:0x80000000 PA:0x8002cc64 store:0x80000000 load:0xffffffff
       55419000	      2669	80002792	0024a423	sw	x2,8(x9)	  x9:0x8002cc60  x2:0x4f707fa4 PA:0x8002cc68 store:0x4f707fa4 load:0xffffffff
       55439000	      2670	80002796	0034a623	sw	x3,12(x9)	  x9:0x8002cc60  x3:0x9fccf78b PA:0x8002cc6c store:0x9fccf78b load:0xffffffff
       55479000	      2672	8000279a	0044a823	sw	x4,16(x9)	  x9:0x8002cc60  x4:0x00000005 PA:0x8002cc70 store:0x00000005 load:0xffffffff
       55539000	      2675	8000279e	0054aa23	sw	x5,20(x9)	  x9:0x8002cc60  x5:0x80000000 PA:0x8002cc74 store:0x80000000 load:0xffffffff
       56199000	      2708	800027a2	0064ac23	sw	x6,24(x9)	  x9:0x8002cc60  x6:0xe4fb7214 PA:0x8002cc78 store:0xe4fb7214 load:0xffffffff
       56419000	      2719	800027a6	0074ae23	sw	x7,28(x9)	  x9:0x8002cc60  x7:0x00000002 PA:0x8002cc7c store:0x00000002 load:0xffffffff
       56699000	      2733	800027aa	d080	c.sw	x8,32(x9)	  x9:0x8002cc60  x8:0x00000000 PA:0x8002cc80 store:0x00000000 load:0xffffffff
       56759000	      2736	800027ac	d0c4	c.sw	x9,36(x9)	  x9:0x8002cc60  x9:0x8002cc60 PA:0x8002cc84 store:0x8002cc60 load:0xffffffff
       57179000	      2757	800027ae	d488	c.sw	x10,40(x9)	  x9:0x8002cc60 x10:0xf6f657b1 PA:0x8002cc88 store:0xf6f657b1 load:0xffffffff
       57639000	      2780	800027b0	d4cc	c.sw	x11,44(x9)	  x9:0x8002cc60 x11:0x00000000 PA:0x8002cc8c store:0x00000000 load:0xffffffff
       57699000	      2783	800027b2	d890	c.sw	x12,48(x9)	  x9:0x8002cc60 x12:0x00000000 PA:0x8002cc90 store:0x00000000 load:0xffffffff
       57719000	      2784	800027b4	d8d4	c.sw	x13,52(x9)	  x9:0x8002cc60 x13:0x80000000 PA:0x8002cc94 store:0x80000000 load:0xffffffff
       57999000	      2798	800027b6	dc98	c.sw	x14,56(x9)	  x9:0x8002cc60 x14:0x80000000 PA:0x8002cc98 store:0x80000000 load:0xffffffff
       58059000	      2801	800027b8	dcdc	c.sw	x15,60(x9)	  x9:0x8002cc60 x15:0x00000009 PA:0x8002cc9c store:0x00000009 load:0xffffffff
       58079000	      2802	800027ba	0504a023	sw	x16,64(x9)	  x9:0x8002cc60 x16:0x00000000 PA:0x8002cca0 store:0x00000000 load:0xffffffff
       58099000	      2803	800027be	0514a223	sw	x17,68(x9)	  x9:0x8002cc60 x17:0x0000000a PA:0x8002cca4 store:0x0000000a load:0xffffffff
       58119000	      2804	800027c2	0524a423	sw	x18,72(x9)	  x9:0x8002cc60 x18:0x35994c01 PA:0x8002cca8 store:0x35994c01 load:0xffffffff
       58439000	      2820	800027c6	0534a623	sw	x19,76(x9)	  x9:0x8002cc60 x19:0x00000007 PA:0x8002ccac store:0x00000007 load:0xffffffff
       58599000	      2828	800027ca	0544a823	sw	x20,80(x9)	  x9:0x8002cc60 x20:0x0000000f PA:0x8002ccb0 store:0x0000000f load:0xffffffff
       58759000	      2836	800027ce	0554aa23	sw	x21,84(x9)	  x9:0x8002cc60 x21:0x00000006 PA:0x8002ccb4 store:0x00000006 load:0xffffffff
       66759000	      3236	800027d2	0564ac23	sw	x22,88(x9)	  x9:0x8002cc60 x22:0x00000000 PA:0x8002ccb8 store:0x00000000 load:0xffffffff
       67219000	      3259	800027d6	0574ae23	sw	x23,92(x9)	  x9:0x8002cc60 x23:0xf75356fd PA:0x8002ccbc store:0xf75356fd load:0xffffffff
       67359000	      3266	800027da	0784a023	sw	x24,96(x9)	  x9:0x8002cc60 x24:0xf61b487c PA:0x8002ccc0 store:0xf61b487c load:0xffffffff
       67819000	      3289	800027de	0794a223	sw	x25,100(x9)	  x9:0x8002cc60 x25:0x00000000 PA:0x8002ccc4 store:0x00000000 load:0xffffffff
       68359000	      3316	800027e2	07a4a423	sw	x26,104(x9)	  x9:0x8002cc60 x26:0x8ffffffc PA:0x8002ccc8 store:0x8ffffffc load:0xffffffff
       68719000	      3334	800027e6	07b4a623	sw	x27,108(x9)	  x9:0x8002cc60 x27:0x65d29101 PA:0x8002cccc store:0x65d29101 load:0xffffffff
       68799000	      3338	800027ea	07c4a823	sw	x28,112(x9)	  x9:0x8002cc60 x28:0x00000000 PA:0x8002ccd0 store:0x00000000 load:0xffffffff
       68819000	      3339	800027ee	07d4aa23	sw	x29,116(x9)	  x9:0x8002cc60 x29:0xf1a800b6 PA:0x8002ccd4 store:0xf1a800b6 load:0xffffffff
       69039000	      3350	800027f2	07e4ac23	sw	x30,120(x9)	  x9:0x8002cc60 x30:0x8002cce0 PA:0x8002ccd8 store:0x8002cce0 load:0xffffffff
       69059000	      3351	800027f6	07f4ae23	sw	x31,124(x9)	  x9:0x8002cc60 x31:0x80000000 PA:0x8002ccdc store:0x80000000 load:0xffffffff
       69079000	      3352	800027fa	00048f33	add	x30,x9,x0	  x9:0x8002cc60  x0:0x00000000 x30=0x8002cc60
       69119000	      3354	800027fe	90000d37	lui	x26,0x90000	 x26=0x90000000
       69139000	      3355	80002802	1d71	c.addi	x26,-4	 x26:0x90000000 x26=0x8ffffffc
       69159000	      3356	80002804	4621	c.li	x12,8	 x12=0x00000008
       69179000	      3357	80002806	0622	c.slli	x12,0x8	 x12:0x00000008 x12=0x00000800
       69199000	      3358	80002808	00060613	addi	x12,x12,0	 x12:0x00000800 x12=0x00000800
       69839000	      3390	8000280c	00cd2023	sw	x12,0(x26)	 x26:0x8ffffffc x12:0x00000800 PA:0x8ffffffc store:0x00000800 load:0xffffffff
       69859000	      3391	80002810	34102673	csrrs	x12,mepc,x0	  x0:0x00000000 x12=0x800005d2
       69879000	      3392	80002814	34202673	csrrs	x12,mcause,x0	  x0:0x00000000 x12=0x00000007
       69899000	      3393	80002818	4d0d	c.li	x26,3	 x26=0x00000003
       69919000	      3394	8000281a	01a61463	bne	x12,x26,80002822	 x12:0x00000007 x26:0x00000003
       70439000	      3420	80002822	4d21	c.li	x26,8	 x26=0x00000008
       70559000	      3426	80002824	05a60d63	beq	x12,x26,8000287e	 x12:0x00000007 x26:0x00000008
       70979000	      3447	80002828	4d25	c.li	x26,9	 x26=0x00000009
       70999000	      3448	8000282a	05a60a63	beq	x12,x26,8000287e	 x12:0x00000007 x26:0x00000009
       71019000	      3449	8000282e	4d2d	c.li	x26,11	 x26=0x0000000b
       71039000	      3450	80002830	05a60763	beq	x12,x26,8000287e	 x12:0x00000007 x26:0x0000000b
       71059000	      3451	80002834	4d05	c.li	x26,1	 x26=0x00000001
       71079000	      3452	80002836	33a60b63	beq	x12,x26,80002b6c	 x12:0x00000007 x26:0x00000001
       71099000	      3453	8000283a	4d15	c.li	x26,5	 x26=0x00000005
       71119000	      3454	8000283c	61a60263	beq	x12,x26,80002e40	 x12:0x00000007 x26:0x00000005
       71479000	      3472	80002840	4d1d	c.li	x26,7	 x26=0x00000007
       71539000	      3475	80002842	11a602e3	beq	x12,x26,80003146	 x12:0x00000007 x26:0x00000007
       72459000	      3521	80003146	90000d37	lui	x26,0x90000	 x26=0x90000000
       72479000	      3522	8000314a	1d71	c.addi	x26,-4	 x26:0x90000000 x26=0x8ffffffc
       72519000	      3524	8000314c	4631	c.li	x12,12	 x12=0x0000000c
       72539000	      3525	8000314e	0622	c.slli	x12,0x8	 x12:0x0000000c x12=0x00000c00
       72599000	      3528	80003150	00060613	addi	x12,x12,0	 x12:0x00000c00 x12=0x00000c00
       73079000	      3552	80003154	00cd2023	sw	x12,0(x26)	 x26:0x8ffffffc x12:0x00000c00 PA:0x8ffffffc store:0x00000c00 load:0xffffffff
       73099000	      3553	80003158	90000d37	lui	x26,0x90000	 x26=0x90000000
       73119000	      3554	8000315c	1d71	c.addi	x26,-4	 x26:0x90000000 x26=0x8ffffffc
       73139000	      3555	8000315e	34200613	addi	x12,x0,834	  x0:0x00000000 x12=0x00000342
       73159000	      3556	80003162	0622	c.slli	x12,0x8	 x12:0x00000342 x12=0x00034200
       73179000	      3557	80003164	060d	c.addi	x12,3	 x12:0x00034200 x12=0x00034203
       73279000	      3562	80003166	00cd2023	sw	x12,0(x26)	 x26:0x8ffffffc x12:0x00034203 PA:0x8ffffffc store:0x00034203 load:0xffffffff
       73299000	      3563	8000316a	34202673	csrrs	x12,mcause,x0	  x0:0x00000000 x12=0x00000007
       73419000	      3569	8000316e	00cd2023	sw	x12,0(x26)	 x26:0x8ffffffc x12:0x00000007 PA:0x8ffffffc store:0x00000007 load:0xffffffff
       73439000	      3570	80003172	4601	c.li	x12,0	 x12=0x00000000
       73459000	      3571	80003174	8eb2	c.mv	x29,x12	  x0:0x00000000 x12:0x00000000 x29=0x00000000
       73479000	      3572	80003176	4b01	c.li	x22,0	 x22=0x00000000
       73499000	      3573	80003178	8676	c.mv	x12,x29	  x0:0x00000000 x29:0x00000000 x12=0x00000000
       73519000	      3574	8000317a	85b2	c.mv	x11,x12	  x0:0x00000000 x12:0x00000000 x11=0x00000000
       73679000	      3582	8000317c	4581	c.li	x11,0	 x11=0x00000000
       73699000	      3583	8000317e	04b60f63	beq	x12,x11,800031dc	 x12:0x00000000 x11:0x00000000
       74139000	      3605	800031dc	3b002d73	csrrs	x26,pmpaddr0,x0	  x0:0x00000000 x26=0x20000d0d
       74179000	      3607	800031e0	3a002ff3	csrrs	x31,pmpcfg0,x0	  x0:0x00000000 x31=0x0f0f0f0f
       74199000	      3608	800031e4	a861	c.j	8000327c	
       74659000	      3631	8000327c	4e11	c.li	x28,4	 x28=0x00000004
       75059000	      3651	8000327e	01ee9613	slli	x12,x29,0x1e	 x29:0x00000000 x12=0x00000000
       75079000	      3652	80003282	8279	c.srli	x12,0x1e	 x12:0x00000000 x12=0x00000000
       75259000	      3661	80003284	40ce05b3	sub	x11,x28,x12	 x28:0x00000004 x12:0x00000000 x11=0x00000004
       75539000	      3675	80003288	15fd	c.addi	x11,-1	 x11:0x00000004 x11=0x00000003
       75559000	      3676	8000328a	058e	c.slli	x11,0x3	 x11:0x00000003 x11=0x00000018
       75959000	      3696	8000328c	00bf9e33	sll	x28,x31,x11	 x31:0x0f0f0f0f x11:0x00000018 x28=0x0f000000
       76059000	      3701	80003290	060e	c.slli	x12,0x3	 x12:0x00000000 x12=0x00000000
       76079000	      3702	80003292	95b2	c.add	x11,x12	 x11:0x00000018 x12:0x00000000 x11=0x00000018
       76099000	      3703	80003294	00be5e33	srl	x28,x28,x11	 x28:0x0f000000 x11:0x00000018 x28=0x0000000f
       76119000	      3704	80003298	01be1593	slli	x11,x28,0x1b	 x28:0x0000000f x11=0x78000000
       76239000	      3710	8000329c	81f9	c.srli	x11,0x1e	 x11:0x78000000 x11=0x00000001
       76259000	      3711	8000329e	c1b1	c.beqz	x11,800032e2	 x11:0x00000001
       76279000	      3712	800032a0	4605	c.li	x12,1	 x12=0x00000001
       76299000	      3713	800032a2	04c58163	beq	x11,x12,800032e4	 x11:0x00000001 x12:0x00000001
       77139000	      3755	800032e4	8676	c.mv	x12,x29	  x0:0x00000000 x29:0x00000000 x12=0x00000000
       77479000	      3772	800032e6	343025f3	csrrs	x11,mtval,x0	  x0:0x00000000 x11=0x8ffffffc
       77499000	      3773	800032ea	8189	c.srli	x11,0x2	 x11:0x8ffffffc x11=0x23ffffff
       77519000	      3774	800032ec	e601	c.bnez	x12,800032f4	 x12:0x00000000
       77539000	      3775	800032ee	fc05c8e3	blt	x11,x0,800032be	 x11:0x23ffffff  x0:0x00000000
       77559000	      3776	800032f2	a019	c.j	800032f8	
       77839000	      3790	800032f8	fda5f3e3	bgeu	x11,x26,800032be	 x11:0x23ffffff x26:0x20000d0d
       78419000	      3819	800032be	8676	c.mv	x12,x29	  x0:0x00000000 x29:0x00000000 x12=0x00000000
       78459000	      3821	800032c0	8b6a	c.mv	x22,x26	  x0:0x00000000 x26:0x20000d0d x22=0x20000d0d
       78479000	      3822	800032c2	0605	c.addi	x12,1	 x12:0x00000000 x12=0x00000001
       78499000	      3823	800032c4	8eb2	c.mv	x29,x12	  x0:0x00000000 x12:0x00000001 x29=0x00000001
       78519000	      3824	800032c6	4d41	c.li	x26,16	 x26=0x00000010
       78539000	      3825	800032c8	01a65363	bge	x12,x26,800032ce	 x12:0x00000001 x26:0x00000010
       78919000	      3844	800032cc	b575	c.j	80003178	
       78959000	      3846	80003178	8676	c.mv	x12,x29	  x0:0x00000000 x29:0x00000001 x12=0x00000001
       78979000	      3847	8000317a	85b2	c.mv	x11,x12	  x0:0x00000000 x12:0x00000001 x11=0x00000001
       78999000	      3848	8000317c	4581	c.li	x11,0	 x11=0x00000000
       79019000	      3849	8000317e	04b60f63	beq	x12,x11,800031dc	 x12:0x00000001 x11:0x00000000
       79039000	      3850	80003182	4585	c.li	x11,1	 x11=0x00000001
       79059000	      3851	80003184	06b60163	beq	x12,x11,800031e6	 x12:0x00000001 x11:0x00000001
       79179000	      3857	800031e6	3b102d73	csrrs	x26,pmpaddr1,x0	  x0:0x00000000 x26=0x200016a6
       79199000	      3858	800031ea	3a002ff3	csrrs	x31,pmpcfg0,x0	  x0:0x00000000 x31=0x0f0f0f0f
       79219000	      3859	800031ee	a079	c.j	8000327c	
       79259000	      3861	8000327c	4e11	c.li	x28,4	 x28=0x00000004
       79439000	      3870	8000327e	01ee9613	slli	x12,x29,0x1e	 x29:0x00000001 x12=0x40000000
       79459000	      3871	80003282	8279	c.srli	x12,0x1e	 x12:0x40000000 x12=0x00000001
       79479000	      3872	80003284	40ce05b3	sub	x11,x28,x12	 x28:0x00000004 x12:0x00000001 x11=0x00000003
       79499000	      3873	80003288	15fd	c.addi	x11,-1	 x11:0x00000003 x11=0x00000002
       79519000	      3874	8000328a	058e	c.slli	x11,0x3	 x11:0x00000002 x11=0x00000010
       79539000	      3875	8000328c	00bf9e33	sll	x28,x31,x11	 x31:0x0f0f0f0f x11:0x00000010 x28=0x0f0f0000
       79559000	      3876	80003290	060e	c.slli	x12,0x3	 x12:0x00000001 x12=0x00000008
       79579000	      3877	80003292	95b2	c.add	x11,x12	 x11:0x00000010 x12:0x00000008 x11=0x00000018
       79599000	      3878	80003294	00be5e33	srl	x28,x28,x11	 x28:0x0f0f0000 x11:0x00000018 x28=0x0000000f
       79619000	      3879	80003298	01be1593	slli	x11,x28,0x1b	 x28:0x0000000f x11=0x78000000
       79639000	      3880	8000329c	81f9	c.srli	x11,0x1e	 x11:0x78000000 x11=0x00000001
       79659000	      3881	8000329e	c1b1	c.beqz	x11,800032e2	 x11:0x00000001
       79679000	      3882	800032a0	4605	c.li	x12,1	 x12=0x00000001
       79699000	      3883	800032a2	04c58163	beq	x11,x12,800032e4	 x11:0x00000001 x12:0x00000001
       79759000	      3886	800032e4	8676	c.mv	x12,x29	  x0:0x00000000 x29:0x00000001 x12=0x00000001
       79779000	      3887	800032e6	343025f3	csrrs	x11,mtval,x0	  x0:0x00000000 x11=0x8ffffffc
       79799000	      3888	800032ea	8189	c.srli	x11,0x2	 x11:0x8ffffffc x11=0x23ffffff
       79819000	      3889	800032ec	e601	c.bnez	x12,800032f4	 x12:0x00000001
       79859000	      3891	800032f4	fd65e5e3	bltu	x11,x22,800032be	 x11:0x23ffffff x22:0x20000d0d
       79879000	      3892	800032f8	fda5f3e3	bgeu	x11,x26,800032be	 x11:0x23ffffff x26:0x200016a6
       79919000	      3894	800032be	8676	c.mv	x12,x29	  x0:0x00000000 x29:0x00000001 x12=0x00000001
       79939000	      3895	800032c0	8b6a	c.mv	x22,x26	  x0:0x00000000 x26:0x200016a6 x22=0x200016a6
       79959000	      3896	800032c2	0605	c.addi	x12,1	 x12:0x00000001 x12=0x00000002
       79979000	      3897	800032c4	8eb2	c.mv	x29,x12	  x0:0x00000000 x12:0x00000002 x29=0x00000002
       79999000	      3898	800032c6	4d41	c.li	x26,16	 x26=0x00000010
       80019000	      3899	800032c8	01a65363	bge	x12,x26,800032ce	 x12:0x00000002 x26:0x00000010
       80039000	      3900	800032cc	b575	c.j	80003178	
       80079000	      3902	80003178	8676	c.mv	x12,x29	  x0:0x00000000 x29:0x00000002 x12=0x00000002
       80099000	      3903	8000317a	85b2	c.mv	x11,x12	  x0:0x00000000 x12:0x00000002 x11=0x00000002
       80119000	      3904	8000317c	4581	c.li	x11,0	 x11=0x00000000
       80139000	      3905	8000317e	04b60f63	beq	x12,x11,800031dc	 x12:0x00000002 x11:0x00000000
       80159000	      3906	80003182	4585	c.li	x11,1	 x11=0x00000001
       80179000	      3907	80003184	06b60163	beq	x12,x11,800031e6	 x12:0x00000002 x11:0x00000001
       80199000	      3908	80003188	4589	c.li	x11,2	 x11=0x00000002
       80219000	      3909	8000318a	06b60363	beq	x12,x11,800031f0	 x12:0x00000002 x11:0x00000002
       80539000	      3925	800031f0	3b202d73	csrrs	x26,pmpaddr2,x0	  x0:0x00000000 x26=0x20002040
       80559000	      3926	800031f4	3a002ff3	csrrs	x31,pmpcfg0,x0	  x0:0x00000000 x31=0x0f0f0f0f
       80579000	      3927	800031f8	a051	c.j	8000327c	
       80619000	      3929	8000327c	4e11	c.li	x28,4	 x28=0x00000004
       80639000	      3930	8000327e	01ee9613	slli	x12,x29,0x1e	 x29:0x00000002 x12=0x80000000
       80659000	      3931	80003282	8279	c.srli	x12,0x1e	 x12:0x80000000 x12=0x00000002
       80679000	      3932	80003284	40ce05b3	sub	x11,x28,x12	 x28:0x00000004 x12:0x00000002 x11=0x00000002
       80699000	      3933	80003288	15fd	c.addi	x11,-1	 x11:0x00000002 x11=0x00000001
       80719000	      3934	8000328a	058e	c.slli	x11,0x3	 x11:0x00000001 x11=0x00000008
       80739000	      3935	8000328c	00bf9e33	sll	x28,x31,x11	 x31:0x0f0f0f0f x11:0x00000008 x28=0x0f0f0f00
       80759000	      3936	80003290	060e	c.slli	x12,0x3	 x12:0x00000002 x12=0x00000010
       80779000	      3937	80003292	95b2	c.add	x11,x12	 x11:0x00000008 x12:0x00000010 x11=0x00000018
       80799000	      3938	80003294	00be5e33	srl	x28,x28,x11	 x28:0x0f0f0f00 x11:0x00000018 x28=0x0000000f
       80819000	      3939	80003298	01be1593	slli	x11,x28,0x1b	 x28:0x0000000f x11=0x78000000
       80839000	      3940	8000329c	81f9	c.srli	x11,0x1e	 x11:0x78000000 x11=0x00000001
       80859000	      3941	8000329e	c1b1	c.beqz	x11,800032e2	 x11:0x00000001
       80879000	      3942	800032a0	4605	c.li	x12,1	 x12=0x00000001
       80899000	      3943	800032a2	04c58163	beq	x11,x12,800032e4	 x11:0x00000001 x12:0x00000001
       80959000	      3946	800032e4	8676	c.mv	x12,x29	  x0:0x00000000 x29:0x00000002 x12=0x00000002
       80979000	      3947	800032e6	343025f3	csrrs	x11,mtval,x0	  x0:0x00000000 x11=0x8ffffffc
       80999000	      3948	800032ea	8189	c.srli	x11,0x2	 x11:0x8ffffffc x11=0x23ffffff
       81019000	      3949	800032ec	e601	c.bnez	x12,800032f4	 x12:0x00000002
       81059000	      3951	800032f4	fd65e5e3	bltu	x11,x22,800032be	 x11:0x23ffffff x22:0x200016a6
       81079000	      3952	800032f8	fda5f3e3	bgeu	x11,x26,800032be	 x11:0x23ffffff x26:0x20002040
       81119000	      3954	800032be	8676	c.mv	x12,x29	  x0:0x00000000 x29:0x00000002 x12=0x00000002
       81139000	      3955	800032c0	8b6a	c.mv	x22,x26	  x0:0x00000000 x26:0x20002040 x22=0x20002040
       81159000	      3956	800032c2	0605	c.addi	x12,1	 x12:0x00000002 x12=0x00000003
       81179000	      3957	800032c4	8eb2	c.mv	x29,x12	  x0:0x00000000 x12:0x00000003 x29=0x00000003
       81199000	      3958	800032c6	4d41	c.li	x26,16	 x26=0x00000010
       81219000	      3959	800032c8	01a65363	bge	x12,x26,800032ce	 x12:0x00000003 x26:0x00000010
       81239000	      3960	800032cc	b575	c.j	80003178	
       81279000	      3962	80003178	8676	c.mv	x12,x29	  x0:0x00000000 x29:0x00000003 x12=0x00000003
       81299000	      3963	8000317a	85b2	c.mv	x11,x12	  x0:0x00000000 x12:0x00000003 x11=0x00000003
       81319000	      3964	8000317c	4581	c.li	x11,0	 x11=0x00000000
       81339000	      3965	8000317e	04b60f63	beq	x12,x11,800031dc	 x12:0x00000003 x11:0x00000000
       81359000	      3966	80003182	4585	c.li	x11,1	 x11=0x00000001
       81379000	      3967	80003184	06b60163	beq	x12,x11,800031e6	 x12:0x00000003 x11:0x00000001
       81399000	      3968	80003188	4589	c.li	x11,2	 x11=0x00000002
       81419000	      3969	8000318a	06b60363	beq	x12,x11,800031f0	 x12:0x00000003 x11:0x00000002
       81439000	      3970	8000318e	458d	c.li	x11,3	 x11=0x00000003
       81459000	      3971	80003190	06b60563	beq	x12,x11,800031fa	 x12:0x00000003 x11:0x00000003
       81519000	      3974	800031fa	3b302d73	csrrs	x26,pmpaddr3,x0	  x0:0x00000000 x26=0x200029d9
       81539000	      3975	800031fe	3a002ff3	csrrs	x31,pmpcfg0,x0	  x0:0x00000000 x31=0x0f0f0f0f
       81559000	      3976	80003202	a8ad	c.j	8000327c	
       81619000	      3979	8000327c	4e11	c.li	x28,4	 x28=0x00000004
       81639000	      3980	8000327e	01ee9613	slli	x12,x29,0x1e	 x29:0x00000003 x12=0xc0000000
       81659000	      3981	80003282	8279	c.srli	x12,0x1e	 x12:0xc0000000 x12=0x00000003
       81679000	      3982	80003284	40ce05b3	sub	x11,x28,x12	 x28:0x00000004 x12:0x00000003 x11=0x00000001
       81699000	      3983	80003288	15fd	c.addi	x11,-1	 x11:0x00000001 x11=0x00000000
       81719000	      3984	8000328a	058e	c.slli	x11,0x3	 x11:0x00000000 x11=0x00000000
       81739000	      3985	8000328c	00bf9e33	sll	x28,x31,x11	 x31:0x0f0f0f0f x11:0x00000000 x28=0x0f0f0f0f
       81759000	      3986	80003290	060e	c.slli	x12,0x3	 x12:0x00000003 x12=0x00000018
       81779000	      3987	80003292	95b2	c.add	x11,x12	 x11:0x00000000 x12:0x00000018 x11=0x00000018
       81799000	      3988	80003294	00be5e33	srl	x28,x28,x11	 x28:0x0f0f0f0f x11:0x00000018 x28=0x0000000f
       81819000	      3989	80003298	01be1593	slli	x11,x28,0x1b	 x28:0x0000000f x11=0x78000000
       81839000	      3990	8000329c	81f9	c.srli	x11,0x1e	 x11:0x78000000 x11=0x00000001
       81859000	      3991	8000329e	c1b1	c.beqz	x11,800032e2	 x11:0x00000001
       81879000	      3992	800032a0	4605	c.li	x12,1	 x12=0x00000001
       81899000	      3993	800032a2	04c58163	beq	x11,x12,800032e4	 x11:0x00000001 x12:0x00000001
       81959000	      3996	800032e4	8676	c.mv	x12,x29	  x0:0x00000000 x29:0x00000003 x12=0x00000003
       81979000	      3997	800032e6	343025f3	csrrs	x11,mtval,x0	  x0:0x00000000 x11=0x8ffffffc
       81999000	      3998	800032ea	8189	c.srli	x11,0x2	 x11:0x8ffffffc x11=0x23ffffff
       82019000	      3999	800032ec	e601	c.bnez	x12,800032f4	 x12:0x00000003
       82059000	      4001	800032f4	fd65e5e3	bltu	x11,x22,800032be	 x11:0x23ffffff x22:0x20002040
       82079000	      4002	800032f8	fda5f3e3	bgeu	x11,x26,800032be	 x11:0x23ffffff x26:0x200029d9
       82119000	      4004	800032be	8676	c.mv	x12,x29	  x0:0x00000000 x29:0x00000003 x12=0x00000003
       82139000	      4005	800032c0	8b6a	c.mv	x22,x26	  x0:0x00000000 x26:0x200029d9 x22=0x200029d9
       82159000	      4006	800032c2	0605	c.addi	x12,1	 x12:0x00000003 x12=0x00000004
       82179000	      4007	800032c4	8eb2	c.mv	x29,x12	  x0:0x00000000 x12:0x00000004 x29=0x00000004
       82199000	      4008	800032c6	4d41	c.li	x26,16	 x26=0x00000010
       82219000	      4009	800032c8	01a65363	bge	x12,x26,800032ce	 x12:0x00000004 x26:0x00000010
       82239000	      4010	800032cc	b575	c.j	80003178	
       82299000	      4013	80003178	8676	c.mv	x12,x29	  x0:0x00000000 x29:0x00000004 x12=0x00000004
       82319000	      4014	8000317a	85b2	c.mv	x11,x12	  x0:0x00000000 x12:0x00000004 x11=0x00000004
       82339000	      4015	8000317c	4581	c.li	x11,0	 x11=0x00000000
       82359000	      4016	8000317e	04b60f63	beq	x12,x11,800031dc	 x12:0x00000004 x11:0x00000000
       82379000	      4017	80003182	4585	c.li	x11,1	 x11=0x00000001
       82399000	      4018	80003184	06b60163	beq	x12,x11,800031e6	 x12:0x00000004 x11:0x00000001
       82419000	      4019	80003188	4589	c.li	x11,2	 x11=0x00000002
       82439000	      4020	8000318a	06b60363	beq	x12,x11,800031f0	 x12:0x00000004 x11:0x00000002
       82459000	      4021	8000318e	458d	c.li	x11,3	 x11=0x00000003
       82479000	      4022	80003190	06b60563	beq	x12,x11,800031fa	 x12:0x00000004 x11:0x00000003
       82499000	      4023	80003194	4591	c.li	x11,4	 x11=0x00000004
       82519000	      4024	80003196	06b60763	beq	x12,x11,80003204	 x12:0x00000004 x11:0x00000004
       82559000	      4026	80003204	3b402d73	csrrs	x26,pmpaddr4,x0	  x0:0x00000000 x26=0x20003373
       82579000	      4027	80003208	3a102ff3	csrrs	x31,pmpcfg1,x0	  x0:0x00000000 x31=0x0f0f0f0f
       82599000	      4028	8000320c	a885	c.j	8000327c	
       82659000	      4031	8000327c	4e11	c.li	x28,4	 x28=0x00000004
       82719000	      4034	8000327e	01ee9613	slli	x12,x29,0x1e	 x29:0x00000004 x12=0x00000000
       82739000	      4035	80003282	8279	c.srli	x12,0x1e	 x12:0x00000000 x12=0x00000000
       82759000	      4036	80003284	40ce05b3	sub	x11,x28,x12	 x28:0x00000004 x12:0x00000000 x11=0x00000004
       82779000	      4037	80003288	15fd	c.addi	x11,-1	 x11:0x00000004 x11=0x00000003
       82799000	      4038	8000328a	058e	c.slli	x11,0x3	 x11:0x00000003 x11=0x00000018
       82819000	      4039	8000328c	00bf9e33	sll	x28,x31,x11	 x31:0x0f0f0f0f x11:0x00000018 x28=0x0f000000
       82839000	      4040	80003290	060e	c.slli	x12,0x3	 x12:0x00000000 x12=0x00000000
       82859000	      4041	80003292	95b2	c.add	x11,x12	 x11:0x00000018 x12:0x00000000 x11=0x00000018
       82879000	      4042	80003294	00be5e33	srl	x28,x28,x11	 x28:0x0f000000 x11:0x00000018 x28=0x0000000f
       82899000	      4043	80003298	01be1593	slli	x11,x28,0x1b	 x28:0x0000000f x11=0x78000000
       82919000	      4044	8000329c	81f9	c.srli	x11,0x1e	 x11:0x78000000 x11=0x00000001
       82939000	      4045	8000329e	c1b1	c.beqz	x11,800032e2	 x11:0x00000001
       82959000	      4046	800032a0	4605	c.li	x12,1	 x12=0x00000001
       82979000	      4047	800032a2	04c58163	beq	x11,x12,800032e4	 x11:0x00000001 x12:0x00000001
       83019000	      4049	800032e4	8676	c.mv	x12,x29	  x0:0x00000000 x29:0x00000004 x12=0x00000004
       83039000	      4050	800032e6	343025f3	csrrs	x11,mtval,x0	  x0:0x00000000 x11=0x8ffffffc
       83059000	      4051	800032ea	8189	c.srli	x11,0x2	 x11:0x8ffffffc x11=0x23ffffff
       83079000	      4052	800032ec	e601	c.bnez	x12,800032f4	 x12:0x00000004
       83119000	      4054	800032f4	fd65e5e3	bltu	x11,x22,800032be	 x11:0x23ffffff x22:0x200029d9
       83139000	      4055	800032f8	fda5f3e3	bgeu	x11,x26,800032be	 x11:0x23ffffff x26:0x20003373
       83179000	      4057	800032be	8676	c.mv	x12,x29	  x0:0x00000000 x29:0x00000004 x12=0x00000004
       83199000	      4058	800032c0	8b6a	c.mv	x22,x26	  x0:0x00000000 x26:0x20003373 x22=0x20003373
       83219000	      4059	800032c2	0605	c.addi	x12,1	 x12:0x00000004 x12=0x00000005
       83239000	      4060	800032c4	8eb2	c.mv	x29,x12	  x0:0x00000000 x12:0x00000005 x29=0x00000005
       83259000	      4061	800032c6	4d41	c.li	x26,16	 x26=0x00000010
       83279000	      4062	800032c8	01a65363	bge	x12,x26,800032ce	 x12:0x00000005 x26:0x00000010
       83299000	      4063	800032cc	b575	c.j	80003178	
       83339000	      4065	80003178	8676	c.mv	x12,x29	  x0:0x00000000 x29:0x00000005 x12=0x00000005
       83359000	      4066	8000317a	85b2	c.mv	x11,x12	  x0:0x00000000 x12:0x00000005 x11=0x00000005
       83379000	      4067	8000317c	4581	c.li	x11,0	 x11=0x00000000
       83399000	      4068	8000317e	04b60f63	beq	x12,x11,800031dc	 x12:0x00000005 x11:0x00000000
       83419000	      4069	80003182	4585	c.li	x11,1	 x11=0x00000001
       83439000	      4070	80003184	06b60163	beq	x12,x11,800031e6	 x12:0x00000005 x11:0x00000001
       83459000	      4071	80003188	4589	c.li	x11,2	 x11=0x00000002
       83479000	      4072	8000318a	06b60363	beq	x12,x11,800031f0	 x12:0x00000005 x11:0x00000002
       83499000	      4073	8000318e	458d	c.li	x11,3	 x11=0x00000003
       83519000	      4074	80003190	06b60563	beq	x12,x11,800031fa	 x12:0x00000005 x11:0x00000003
       83539000	      4075	80003194	4591	c.li	x11,4	 x11=0x00000004
       83559000	      4076	80003196	06b60763	beq	x12,x11,80003204	 x12:0x00000005 x11:0x00000004
       83579000	      4077	8000319a	4595	c.li	x11,5	 x11=0x00000005
       83599000	      4078	8000319c	06b60963	beq	x12,x11,8000320e	 x12:0x00000005 x11:0x00000005
       83659000	      4081	8000320e	3b502d73	csrrs	x26,pmpaddr5,x0	  x0:0x00000000 x26=0x20003d0c
       83679000	      4082	80003212	3a102ff3	csrrs	x31,pmpcfg1,x0	  x0:0x00000000 x31=0x0f0f0f0f
       83699000	      4083	80003216	a09d	c.j	8000327c	
       83739000	      4085	8000327c	4e11	c.li	x28,4	 x28=0x00000004
       83799000	      4088	8000327e	01ee9613	slli	x12,x29,0x1e	 x29:0x00000005 x12=0x40000000
       83819000	      4089	80003282	8279	c.srli	x12,0x1e	 x12:0x40000000 x12=0x00000001
       83839000	      4090	80003284	40ce05b3	sub	x11,x28,x12	 x28:0x00000004 x12:0x00000001 x11=0x00000003
       83859000	      4091	80003288	15fd	c.addi	x11,-1	 x11:0x00000003 x11=0x00000002
       83879000	      4092	8000328a	058e	c.slli	x11,0x3	 x11:0x00000002 x11=0x00000010
       83899000	      4093	8000328c	00bf9e33	sll	x28,x31,x11	 x31:0x0f0f0f0f x11:0x00000010 x28=0x0f0f0000
       83919000	      4094	80003290	060e	c.slli	x12,0x3	 x12:0x00000001 x12=0x00000008
       83939000	      4095	80003292	95b2	c.add	x11,x12	 x11:0x00000010 x12:0x00000008 x11=0x00000018
       83959000	      4096	80003294	00be5e33	srl	x28,x28,x11	 x28:0x0f0f0000 x11:0x00000018 x28=0x0000000f
       83979000	      4097	80003298	01be1593	slli	x11,x28,0x1b	 x28:0x0000000f x11=0x78000000
       83999000	      4098	8000329c	81f9	c.srli	x11,0x1e	 x11:0x78000000 x11=0x00000001
       84019000	      4099	8000329e	c1b1	c.beqz	x11,800032e2	 x11:0x00000001
       84039000	      4100	800032a0	4605	c.li	x12,1	 x12=0x00000001
       84059000	      4101	800032a2	04c58163	beq	x11,x12,800032e4	 x11:0x00000001 x12:0x00000001
       84119000	      4104	800032e4	8676	c.mv	x12,x29	  x0:0x00000000 x29:0x00000005 x12=0x00000005
       84139000	      4105	800032e6	343025f3	csrrs	x11,mtval,x0	  x0:0x00000000 x11=0x8ffffffc
       84159000	      4106	800032ea	8189	c.srli	x11,0x2	 x11:0x8ffffffc x11=0x23ffffff
       84179000	      4107	800032ec	e601	c.bnez	x12,800032f4	 x12:0x00000005
       84219000	      4109	800032f4	fd65e5e3	bltu	x11,x22,800032be	 x11:0x23ffffff x22:0x20003373
       84239000	      4110	800032f8	fda5f3e3	bgeu	x11,x26,800032be	 x11:0x23ffffff x26:0x20003d0c
       84279000	      4112	800032be	8676	c.mv	x12,x29	  x0:0x00000000 x29:0x00000005 x12=0x00000005
       84299000	      4113	800032c0	8b6a	c.mv	x22,x26	  x0:0x00000000 x26:0x20003d0c x22=0x20003d0c
       84319000	      4114	800032c2	0605	c.addi	x12,1	 x12:0x00000005 x12=0x00000006
       84339000	      4115	800032c4	8eb2	c.mv	x29,x12	  x0:0x00000000 x12:0x00000006 x29=0x00000006
       84359000	      4116	800032c6	4d41	c.li	x26,16	 x26=0x00000010
       84379000	      4117	800032c8	01a65363	bge	x12,x26,800032ce	 x12:0x00000006 x26:0x00000010
       84399000	      4118	800032cc	b575	c.j	80003178	
       84439000	      4120	80003178	8676	c.mv	x12,x29	  x0:0x00000000 x29:0x00000006 x12=0x00000006
       84459000	      4121	8000317a	85b2	c.mv	x11,x12	  x0:0x00000000 x12:0x00000006 x11=0x00000006
       84479000	      4122	8000317c	4581	c.li	x11,0	 x11=0x00000000
       84499000	      4123	8000317e	04b60f63	beq	x12,x11,800031dc	 x12:0x00000006 x11:0x00000000
       84519000	      4124	80003182	4585	c.li	x11,1	 x11=0x00000001
       84539000	      4125	80003184	06b60163	beq	x12,x11,800031e6	 x12:0x00000006 x11:0x00000001
       84559000	      4126	80003188	4589	c.li	x11,2	 x11=0x00000002
       84579000	      4127	8000318a	06b60363	beq	x12,x11,800031f0	 x12:0x00000006 x11:0x00000002
       84599000	      4128	8000318e	458d	c.li	x11,3	 x11=0x00000003
       84619000	      4129	80003190	06b60563	beq	x12,x11,800031fa	 x12:0x00000006 x11:0x00000003
       84639000	      4130	80003194	4591	c.li	x11,4	 x11=0x00000004
       84659000	      4131	80003196	06b60763	beq	x12,x11,80003204	 x12:0x00000006 x11:0x00000004
       84679000	      4132	8000319a	4595	c.li	x11,5	 x11=0x00000005
       84699000	      4133	8000319c	06b60963	beq	x12,x11,8000320e	 x12:0x00000006 x11:0x00000005
       84719000	      4134	800031a0	4599	c.li	x11,6	 x11=0x00000006
       84739000	      4135	800031a2	06b60b63	beq	x12,x11,80003218	 x12:0x00000006 x11:0x00000006
       84779000	      4137	80003218	3b602d73	csrrs	x26,pmpaddr6,x0	  x0:0x00000000 x26=0x200046a6
       84799000	      4138	8000321c	3a102ff3	csrrs	x31,pmpcfg1,x0	  x0:0x00000000 x31=0x0f0f0f0f
       85179000	      4157	80003220	a8b1	c.j	8000327c	
       85219000	      4159	8000327c	4e11	c.li	x28,4	 x28=0x00000004
       85279000	      4162	8000327e	01ee9613	slli	x12,x29,0x1e	 x29:0x00000006 x12=0x80000000
       85299000	      4163	80003282	8279	c.srli	x12,0x1e	 x12:0x80000000 x12=0x00000002
       85319000	      4164	80003284	40ce05b3	sub	x11,x28,x12	 x28:0x00000004 x12:0x00000002 x11=0x00000002
       85339000	      4165	80003288	15fd	c.addi	x11,-1	 x11:0x00000002 x11=0x00000001
       85359000	      4166	8000328a	058e	c.slli	x11,0x3	 x11:0x00000001 x11=0x00000008
       85379000	      4167	8000328c	00bf9e33	sll	x28,x31,x11	 x31:0x0f0f0f0f x11:0x00000008 x28=0x0f0f0f00
       85399000	      4168	80003290	060e	c.slli	x12,0x3	 x12:0x00000002 x12=0x00000010
       85419000	      4169	80003292	95b2	c.add	x11,x12	 x11:0x00000008 x12:0x00000010 x11=0x00000018
       85439000	      4170	80003294	00be5e33	srl	x28,x28,x11	 x28:0x0f0f0f00 x11:0x00000018 x28=0x0000000f
       85459000	      4171	80003298	01be1593	slli	x11,x28,0x1b	 x28:0x0000000f x11=0x78000000
       85479000	      4172	8000329c	81f9	c.srli	x11,0x1e	 x11:0x78000000 x11=0x00000001
       85499000	      4173	8000329e	c1b1	c.beqz	x11,800032e2	 x11:0x00000001
       85519000	      4174	800032a0	4605	c.li	x12,1	 x12=0x00000001
       85539000	      4175	800032a2	04c58163	beq	x11,x12,800032e4	 x11:0x00000001 x12:0x00000001
       85599000	      4178	800032e4	8676	c.mv	x12,x29	  x0:0x00000000 x29:0x00000006 x12=0x00000006
       85619000	      4179	800032e6	343025f3	csrrs	x11,mtval,x0	  x0:0x00000000 x11=0x8ffffffc
       85639000	      4180	800032ea	8189	c.srli	x11,0x2	 x11:0x8ffffffc x11=0x23ffffff
       85659000	      4181	800032ec	e601	c.bnez	x12,800032f4	 x12:0x00000006
       85719000	      4184	800032f4	fd65e5e3	bltu	x11,x22,800032be	 x11:0x23ffffff x22:0x20003d0c
       85739000	      4185	800032f8	fda5f3e3	bgeu	x11,x26,800032be	 x11:0x23ffffff x26:0x200046a6
       85779000	      4187	800032be	8676	c.mv	x12,x29	  x0:0x00000000 x29:0x00000006 x12=0x00000006
       85799000	      4188	800032c0	8b6a	c.mv	x22,x26	  x0:0x00000000 x26:0x200046a6 x22=0x200046a6
       85819000	      4189	800032c2	0605	c.addi	x12,1	 x12:0x00000006 x12=0x00000007
       85839000	      4190	800032c4	8eb2	c.mv	x29,x12	  x0:0x00000000 x12:0x00000007 x29=0x00000007
       85859000	      4191	800032c6	4d41	c.li	x26,16	 x26=0x00000010
       85879000	      4192	800032c8	01a65363	bge	x12,x26,800032ce	 x12:0x00000007 x26:0x00000010
       85899000	      4193	800032cc	b575	c.j	80003178	
       85959000	      4196	80003178	8676	c.mv	x12,x29	  x0:0x00000000 x29:0x00000007 x12=0x00000007
       85979000	      4197	8000317a	85b2	c.mv	x11,x12	  x0:0x00000000 x12:0x00000007 x11=0x00000007
       85999000	      4198	8000317c	4581	c.li	x11,0	 x11=0x00000000
       86019000	      4199	8000317e	04b60f63	beq	x12,x11,800031dc	 x12:0x00000007 x11:0x00000000
       86039000	      4200	80003182	4585	c.li	x11,1	 x11=0x00000001
       86059000	      4201	80003184	06b60163	beq	x12,x11,800031e6	 x12:0x00000007 x11:0x00000001
       86079000	      4202	80003188	4589	c.li	x11,2	 x11=0x00000002
       86099000	      4203	8000318a	06b60363	beq	x12,x11,800031f0	 x12:0x00000007 x11:0x00000002
       86119000	      4204	8000318e	458d	c.li	x11,3	 x11=0x00000003
       86139000	      4205	80003190	06b60563	beq	x12,x11,800031fa	 x12:0x00000007 x11:0x00000003
       86159000	      4206	80003194	4591	c.li	x11,4	 x11=0x00000004
       86179000	      4207	80003196	06b60763	beq	x12,x11,80003204	 x12:0x00000007 x11:0x00000004
       86199000	      4208	8000319a	4595	c.li	x11,5	 x11=0x00000005
       86219000	      4209	8000319c	06b60963	beq	x12,x11,8000320e	 x12:0x00000007 x11:0x00000005
       86239000	      4210	800031a0	4599	c.li	x11,6	 x11=0x00000006
       86259000	      4211	800031a2	06b60b63	beq	x12,x11,80003218	 x12:0x00000007 x11:0x00000006
       86279000	      4212	800031a6	459d	c.li	x11,7	 x11=0x00000007
       86299000	      4213	800031a8	06b60d63	beq	x12,x11,80003222	 x12:0x00000007 x11:0x00000007
       86359000	      4216	80003222	3b702d73	csrrs	x26,pmpaddr7,x0	  x0:0x00000000 x26=0x2000503f
       86379000	      4217	80003226	3a102ff3	csrrs	x31,pmpcfg1,x0	  x0:0x00000000 x31=0x0f0f0f0f
       86399000	      4218	8000322a	a889	c.j	8000327c	
       86459000	      4221	8000327c	4e11	c.li	x28,4	 x28=0x00000004
       86479000	      4222	8000327e	01ee9613	slli	x12,x29,0x1e	 x29:0x00000007 x12=0xc0000000
       86499000	      4223	80003282	8279	c.srli	x12,0x1e	 x12:0xc0000000 x12=0x00000003
       86519000	      4224	80003284	40ce05b3	sub	x11,x28,x12	 x28:0x00000004 x12:0x00000003 x11=0x00000001
       86539000	      4225	80003288	15fd	c.addi	x11,-1	 x11:0x00000001 x11=0x00000000
       86559000	      4226	8000328a	058e	c.slli	x11,0x3	 x11:0x00000000 x11=0x00000000
       86579000	      4227	8000328c	00bf9e33	sll	x28,x31,x11	 x31:0x0f0f0f0f x11:0x00000000 x28=0x0f0f0f0f
       86599000	      4228	80003290	060e	c.slli	x12,0x3	 x12:0x00000003 x12=0x00000018
       86619000	      4229	80003292	95b2	c.add	x11,x12	 x11:0x00000000 x12:0x00000018 x11=0x00000018
       86639000	      4230	80003294	00be5e33	srl	x28,x28,x11	 x28:0x0f0f0f0f x11:0x00000018 x28=0x0000000f
       86659000	      4231	80003298	01be1593	slli	x11,x28,0x1b	 x28:0x0000000f x11=0x78000000
       86679000	      4232	8000329c	81f9	c.srli	x11,0x1e	 x11:0x78000000 x11=0x00000001
       86699000	      4233	8000329e	c1b1	c.beqz	x11,800032e2	 x11:0x00000001
       86719000	      4234	800032a0	4605	c.li	x12,1	 x12=0x00000001
       86739000	      4235	800032a2	04c58163	beq	x11,x12,800032e4	 x11:0x00000001 x12:0x00000001
       86799000	      4238	800032e4	8676	c.mv	x12,x29	  x0:0x00000000 x29:0x00000007 x12=0x00000007
       86819000	      4239	800032e6	343025f3	csrrs	x11,mtval,x0	  x0:0x00000000 x11=0x8ffffffc
       86839000	      4240	800032ea	8189	c.srli	x11,0x2	 x11:0x8ffffffc x11=0x23ffffff
       86859000	      4241	800032ec	e601	c.bnez	x12,800032f4	 x12:0x00000007
       86919000	      4244	800032f4	fd65e5e3	bltu	x11,x22,800032be	 x11:0x23ffffff x22:0x200046a6
       86939000	      4245	800032f8	fda5f3e3	bgeu	x11,x26,800032be	 x11:0x23ffffff x26:0x2000503f
       86979000	      4247	800032be	8676	c.mv	x12,x29	  x0:0x00000000 x29:0x00000007 x12=0x00000007
       86999000	      4248	800032c0	8b6a	c.mv	x22,x26	  x0:0x00000000 x26:0x2000503f x22=0x2000503f
       87019000	      4249	800032c2	0605	c.addi	x12,1	 x12:0x00000007 x12=0x00000008
       87039000	      4250	800032c4	8eb2	c.mv	x29,x12	  x0:0x00000000 x12:0x00000008 x29=0x00000008
       87059000	      4251	800032c6	4d41	c.li	x26,16	 x26=0x00000010
       87079000	      4252	800032c8	01a65363	bge	x12,x26,800032ce	 x12:0x00000008 x26:0x00000010
       87099000	      4253	800032cc	b575	c.j	80003178	
       87139000	      4255	80003178	8676	c.mv	x12,x29	  x0:0x00000000 x29:0x00000008 x12=0x00000008
       87159000	      4256	8000317a	85b2	c.mv	x11,x12	  x0:0x00000000 x12:0x00000008 x11=0x00000008
       87179000	      4257	8000317c	4581	c.li	x11,0	 x11=0x00000000
       87199000	      4258	8000317e	04b60f63	beq	x12,x11,800031dc	 x12:0x00000008 x11:0x00000000
       87219000	      4259	80003182	4585	c.li	x11,1	 x11=0x00000001
       87239000	      4260	80003184	06b60163	beq	x12,x11,800031e6	 x12:0x00000008 x11:0x00000001
       87259000	      4261	80003188	4589	c.li	x11,2	 x11=0x00000002
       87279000	      4262	8000318a	06b60363	beq	x12,x11,800031f0	 x12:0x00000008 x11:0x00000002
       87299000	      4263	8000318e	458d	c.li	x11,3	 x11=0x00000003
       87319000	      4264	80003190	06b60563	beq	x12,x11,800031fa	 x12:0x00000008 x11:0x00000003
       87339000	      4265	80003194	4591	c.li	x11,4	 x11=0x00000004
       87359000	      4266	80003196	06b60763	beq	x12,x11,80003204	 x12:0x00000008 x11:0x00000004
       87379000	      4267	8000319a	4595	c.li	x11,5	 x11=0x00000005
       87399000	      4268	8000319c	06b60963	beq	x12,x11,8000320e	 x12:0x00000008 x11:0x00000005
       87419000	      4269	800031a0	4599	c.li	x11,6	 x11=0x00000006
       87439000	      4270	800031a2	06b60b63	beq	x12,x11,80003218	 x12:0x00000008 x11:0x00000006
       87459000	      4271	800031a6	459d	c.li	x11,7	 x11=0x00000007
       87479000	      4272	800031a8	06b60d63	beq	x12,x11,80003222	 x12:0x00000008 x11:0x00000007
       87499000	      4273	800031ac	45a1	c.li	x11,8	 x11=0x00000008
       87519000	      4274	800031ae	06b60f63	beq	x12,x11,8000322c	 x12:0x00000008 x11:0x00000008
       87559000	      4276	8000322c	3b802d73	csrrs	x26,pmpaddr8,x0	  x0:0x00000000 x26=0x200059d9
       87579000	      4277	80003230	3a202ff3	csrrs	x31,pmpcfg2,x0	  x0:0x00000000 x31=0x0f0f0f0f
       87599000	      4278	80003234	a0a1	c.j	8000327c	
       87659000	      4281	8000327c	4e11	c.li	x28,4	 x28=0x00000004
       87679000	      4282	8000327e	01ee9613	slli	x12,x29,0x1e	 x29:0x00000008 x12=0x00000000
       87699000	      4283	80003282	8279	c.srli	x12,0x1e	 x12:0x00000000 x12=0x00000000
       87719000	      4284	80003284	40ce05b3	sub	x11,x28,x12	 x28:0x00000004 x12:0x00000000 x11=0x00000004
       87739000	      4285	80003288	15fd	c.addi	x11,-1	 x11:0x00000004 x11=0x00000003
       87759000	      4286	8000328a	058e	c.slli	x11,0x3	 x11:0x00000003 x11=0x00000018
       87779000	      4287	8000328c	00bf9e33	sll	x28,x31,x11	 x31:0x0f0f0f0f x11:0x00000018 x28=0x0f000000
       87799000	      4288	80003290	060e	c.slli	x12,0x3	 x12:0x00000000 x12=0x00000000
       87819000	      4289	80003292	95b2	c.add	x11,x12	 x11:0x00000018 x12:0x00000000 x11=0x00000018
       87839000	      4290	80003294	00be5e33	srl	x28,x28,x11	 x28:0x0f000000 x11:0x00000018 x28=0x0000000f
       87859000	      4291	80003298	01be1593	slli	x11,x28,0x1b	 x28:0x0000000f x11=0x78000000
       87879000	      4292	8000329c	81f9	c.srli	x11,0x1e	 x11:0x78000000 x11=0x00000001
       87899000	      4293	8000329e	c1b1	c.beqz	x11,800032e2	 x11:0x00000001
       87919000	      4294	800032a0	4605	c.li	x12,1	 x12=0x00000001
       87939000	      4295	800032a2	04c58163	beq	x11,x12,800032e4	 x11:0x00000001 x12:0x00000001
       87999000	      4298	800032e4	8676	c.mv	x12,x29	  x0:0x00000000 x29:0x00000008 x12=0x00000008
       88019000	      4299	800032e6	343025f3	csrrs	x11,mtval,x0	  x0:0x00000000 x11=0x8ffffffc
       88039000	      4300	800032ea	8189	c.srli	x11,0x2	 x11:0x8ffffffc x11=0x23ffffff
       88059000	      4301	800032ec	e601	c.bnez	x12,800032f4	 x12:0x00000008
       88119000	      4304	800032f4	fd65e5e3	bltu	x11,x22,800032be	 x11:0x23ffffff x22:0x2000503f
       88139000	      4305	800032f8	fda5f3e3	bgeu	x11,x26,800032be	 x11:0x23ffffff x26:0x200059d9
       88179000	      4307	800032be	8676	c.mv	x12,x29	  x0:0x00000000 x29:0x00000008 x12=0x00000008
       88199000	      4308	800032c0	8b6a	c.mv	x22,x26	  x0:0x00000000 x26:0x200059d9 x22=0x200059d9
       88219000	      4309	800032c2	0605	c.addi	x12,1	 x12:0x00000008 x12=0x00000009
       88239000	      4310	800032c4	8eb2	c.mv	x29,x12	  x0:0x00000000 x12:0x00000009 x29=0x00000009
       88259000	      4311	800032c6	4d41	c.li	x26,16	 x26=0x00000010
       88279000	      4312	800032c8	01a65363	bge	x12,x26,800032ce	 x12:0x00000009 x26:0x00000010
       88299000	      4313	800032cc	b575	c.j	80003178	
       88339000	      4315	80003178	8676	c.mv	x12,x29	  x0:0x00000000 x29:0x00000009 x12=0x00000009
       88359000	      4316	8000317a	85b2	c.mv	x11,x12	  x0:0x00000000 x12:0x00000009 x11=0x00000009
       88379000	      4317	8000317c	4581	c.li	x11,0	 x11=0x00000000
       88399000	      4318	8000317e	04b60f63	beq	x12,x11,800031dc	 x12:0x00000009 x11:0x00000000
       88419000	      4319	80003182	4585	c.li	x11,1	 x11=0x00000001
       88439000	      4320	80003184	06b60163	beq	x12,x11,800031e6	 x12:0x00000009 x11:0x00000001
       88459000	      4321	80003188	4589	c.li	x11,2	 x11=0x00000002
       88479000	      4322	8000318a	06b60363	beq	x12,x11,800031f0	 x12:0x00000009 x11:0x00000002
       88499000	      4323	8000318e	458d	c.li	x11,3	 x11=0x00000003
       88519000	      4324	80003190	06b60563	beq	x12,x11,800031fa	 x12:0x00000009 x11:0x00000003
       88539000	      4325	80003194	4591	c.li	x11,4	 x11=0x00000004
       88559000	      4326	80003196	06b60763	beq	x12,x11,80003204	 x12:0x00000009 x11:0x00000004
       88579000	      4327	8000319a	4595	c.li	x11,5	 x11=0x00000005
       88599000	      4328	8000319c	06b60963	beq	x12,x11,8000320e	 x12:0x00000009 x11:0x00000005
       88619000	      4329	800031a0	4599	c.li	x11,6	 x11=0x00000006
       88639000	      4330	800031a2	06b60b63	beq	x12,x11,80003218	 x12:0x00000009 x11:0x00000006
       88659000	      4331	800031a6	459d	c.li	x11,7	 x11=0x00000007
       88679000	      4332	800031a8	06b60d63	beq	x12,x11,80003222	 x12:0x00000009 x11:0x00000007
       88699000	      4333	800031ac	45a1	c.li	x11,8	 x11=0x00000008
       88719000	      4334	800031ae	06b60f63	beq	x12,x11,8000322c	 x12:0x00000009 x11:0x00000008
       88739000	      4335	800031b2	45a5	c.li	x11,9	 x11=0x00000009
       88759000	      4336	800031b4	08b60163	beq	x12,x11,80003236	 x12:0x00000009 x11:0x00000009
       88819000	      4339	80003236	3b902d73	csrrs	x26,pmpaddr9,x0	  x0:0x00000000 x26=0x20006372
       88839000	      4340	8000323a	3a202ff3	csrrs	x31,pmpcfg2,x0	  x0:0x00000000 x31=0x0f0f0f0f
       88859000	      4341	8000323e	a83d	c.j	8000327c	
       88899000	      4343	8000327c	4e11	c.li	x28,4	 x28=0x00000004
       88959000	      4346	8000327e	01ee9613	slli	x12,x29,0x1e	 x29:0x00000009 x12=0x40000000
       88979000	      4347	80003282	8279	c.srli	x12,0x1e	 x12:0x40000000 x12=0x00000001
       88999000	      4348	80003284	40ce05b3	sub	x11,x28,x12	 x28:0x00000004 x12:0x00000001 x11=0x00000003
       89059000	      4351	80003288	15fd	c.addi	x11,-1	 x11:0x00000003 x11=0x00000002
       89079000	      4352	8000328a	058e	c.slli	x11,0x3	 x11:0x00000002 x11=0x00000010
       89099000	      4353	8000328c	00bf9e33	sll	x28,x31,x11	 x31:0x0f0f0f0f x11:0x00000010 x28=0x0f0f0000
       89159000	      4356	80003290	060e	c.slli	x12,0x3	 x12:0x00000001 x12=0x00000008
       89179000	      4357	80003292	95b2	c.add	x11,x12	 x11:0x00000010 x12:0x00000008 x11=0x00000018
       89199000	      4358	80003294	00be5e33	srl	x28,x28,x11	 x28:0x0f0f0000 x11:0x00000018 x28=0x0000000f
       89259000	      4361	80003298	01be1593	slli	x11,x28,0x1b	 x28:0x0000000f x11=0x78000000
       89279000	      4362	8000329c	81f9	c.srli	x11,0x1e	 x11:0x78000000 x11=0x00000001
       89299000	      4363	8000329e	c1b1	c.beqz	x11,800032e2	 x11:0x00000001
       89319000	      4364	800032a0	4605	c.li	x12,1	 x12=0x00000001
       89339000	      4365	800032a2	04c58163	beq	x11,x12,800032e4	 x11:0x00000001 x12:0x00000001
       89399000	      4368	800032e4	8676	c.mv	x12,x29	  x0:0x00000000 x29:0x00000009 x12=0x00000009
       89419000	      4369	800032e6	343025f3	csrrs	x11,mtval,x0	  x0:0x00000000 x11=0x8ffffffc
       89439000	      4370	800032ea	8189	c.srli	x11,0x2	 x11:0x8ffffffc x11=0x23ffffff
       89459000	      4371	800032ec	e601	c.bnez	x12,800032f4	 x12:0x00000009
       89519000	      4374	800032f4	fd65e5e3	bltu	x11,x22,800032be	 x11:0x23ffffff x22:0x200059d9
       89539000	      4375	800032f8	fda5f3e3	bgeu	x11,x26,800032be	 x11:0x23ffffff x26:0x20006372
       89579000	      4377	800032be	8676	c.mv	x12,x29	  x0:0x00000000 x29:0x00000009 x12=0x00000009
       89599000	      4378	800032c0	8b6a	c.mv	x22,x26	  x0:0x00000000 x26:0x20006372 x22=0x20006372
       89619000	      4379	800032c2	0605	c.addi	x12,1	 x12:0x00000009 x12=0x0000000a
       89639000	      4380	800032c4	8eb2	c.mv	x29,x12	  x0:0x00000000 x12:0x0000000a x29=0x0000000a
       89659000	      4381	800032c6	4d41	c.li	x26,16	 x26=0x00000010
       89679000	      4382	800032c8	01a65363	bge	x12,x26,800032ce	 x12:0x0000000a x26:0x00000010
       89699000	      4383	800032cc	b575	c.j	80003178	
       89759000	      4386	80003178	8676	c.mv	x12,x29	  x0:0x00000000 x29:0x0000000a x12=0x0000000a
       89779000	      4387	8000317a	85b2	c.mv	x11,x12	  x0:0x00000000 x12:0x0000000a x11=0x0000000a
       89799000	      4388	8000317c	4581	c.li	x11,0	 x11=0x00000000
       89819000	      4389	8000317e	04b60f63	beq	x12,x11,800031dc	 x12:0x0000000a x11:0x00000000
       89839000	      4390	80003182	4585	c.li	x11,1	 x11=0x00000001
       89859000	      4391	80003184	06b60163	beq	x12,x11,800031e6	 x12:0x0000000a x11:0x00000001
       89879000	      4392	80003188	4589	c.li	x11,2	 x11=0x00000002
       89899000	      4393	8000318a	06b60363	beq	x12,x11,800031f0	 x12:0x0000000a x11:0x00000002
       89919000	      4394	8000318e	458d	c.li	x11,3	 x11=0x00000003
       89939000	      4395	80003190	06b60563	beq	x12,x11,800031fa	 x12:0x0000000a x11:0x00000003
       89959000	      4396	80003194	4591	c.li	x11,4	 x11=0x00000004
       89979000	      4397	80003196	06b60763	beq	x12,x11,80003204	 x12:0x0000000a x11:0x00000004
       89999000	      4398	8000319a	4595	c.li	x11,5	 x11=0x00000005
       90019000	      4399	8000319c	06b60963	beq	x12,x11,8000320e	 x12:0x0000000a x11:0x00000005
       90039000	      4400	800031a0	4599	c.li	x11,6	 x11=0x00000006
       90059000	      4401	800031a2	06b60b63	beq	x12,x11,80003218	 x12:0x0000000a x11:0x00000006
       90079000	      4402	800031a6	459d	c.li	x11,7	 x11=0x00000007
       90099000	      4403	800031a8	06b60d63	beq	x12,x11,80003222	 x12:0x0000000a x11:0x00000007
       90119000	      4404	800031ac	45a1	c.li	x11,8	 x11=0x00000008
       90139000	      4405	800031ae	06b60f63	beq	x12,x11,8000322c	 x12:0x0000000a x11:0x00000008
       90159000	      4406	800031b2	45a5	c.li	x11,9	 x11=0x00000009
       90179000	      4407	800031b4	08b60163	beq	x12,x11,80003236	 x12:0x0000000a x11:0x00000009
       90199000	      4408	800031b8	45a9	c.li	x11,10	 x11=0x0000000a
       90219000	      4409	800031ba	08b60363	beq	x12,x11,80003240	 x12:0x0000000a x11:0x0000000a
       90259000	      4411	80003240	3ba02d73	csrrs	x26,pmpaddr10,x0	  x0:0x00000000 x26=0x20006d0c
       90279000	      4412	80003244	3a202ff3	csrrs	x31,pmpcfg2,x0	  x0:0x00000000 x31=0x0f0f0f0f
       90299000	      4413	80003248	a815	c.j	8000327c	
       90339000	      4415	8000327c	4e11	c.li	x28,4	 x28=0x00000004
       90359000	      4416	8000327e	01ee9613	slli	x12,x29,0x1e	 x29:0x0000000a x12=0x80000000
       90379000	      4417	80003282	8279	c.srli	x12,0x1e	 x12:0x80000000 x12=0x00000002
       90399000	      4418	80003284	40ce05b3	sub	x11,x28,x12	 x28:0x00000004 x12:0x00000002 x11=0x00000002
       90419000	      4419	80003288	15fd	c.addi	x11,-1	 x11:0x00000002 x11=0x00000001
       90439000	      4420	8000328a	058e	c.slli	x11,0x3	 x11:0x00000001 x11=0x00000008
       90459000	      4421	8000328c	00bf9e33	sll	x28,x31,x11	 x31:0x0f0f0f0f x11:0x00000008 x28=0x0f0f0f00
       90479000	      4422	80003290	060e	c.slli	x12,0x3	 x12:0x00000002 x12=0x00000010
       90499000	      4423	80003292	95b2	c.add	x11,x12	 x11:0x00000008 x12:0x00000010 x11=0x00000018
       90519000	      4424	80003294	00be5e33	srl	x28,x28,x11	 x28:0x0f0f0f00 x11:0x00000018 x28=0x0000000f
       90539000	      4425	80003298	01be1593	slli	x11,x28,0x1b	 x28:0x0000000f x11=0x78000000
       90559000	      4426	8000329c	81f9	c.srli	x11,0x1e	 x11:0x78000000 x11=0x00000001
       90579000	      4427	8000329e	c1b1	c.beqz	x11,800032e2	 x11:0x00000001
       90599000	      4428	800032a0	4605	c.li	x12,1	 x12=0x00000001
       90619000	      4429	800032a2	04c58163	beq	x11,x12,800032e4	 x11:0x00000001 x12:0x00000001
       90679000	      4432	800032e4	8676	c.mv	x12,x29	  x0:0x00000000 x29:0x0000000a x12=0x0000000a
       90699000	      4433	800032e6	343025f3	csrrs	x11,mtval,x0	  x0:0x00000000 x11=0x8ffffffc
       90719000	      4434	800032ea	8189	c.srli	x11,0x2	 x11:0x8ffffffc x11=0x23ffffff
       90739000	      4435	800032ec	e601	c.bnez	x12,800032f4	 x12:0x0000000a
       90799000	      4438	800032f4	fd65e5e3	bltu	x11,x22,800032be	 x11:0x23ffffff x22:0x20006372
       90819000	      4439	800032f8	fda5f3e3	bgeu	x11,x26,800032be	 x11:0x23ffffff x26:0x20006d0c
       90859000	      4441	800032be	8676	c.mv	x12,x29	  x0:0x00000000 x29:0x0000000a x12=0x0000000a
       90879000	      4442	800032c0	8b6a	c.mv	x22,x26	  x0:0x00000000 x26:0x20006d0c x22=0x20006d0c
       90899000	      4443	800032c2	0605	c.addi	x12,1	 x12:0x0000000a x12=0x0000000b
       90919000	      4444	800032c4	8eb2	c.mv	x29,x12	  x0:0x00000000 x12:0x0000000b x29=0x0000000b
       90939000	      4445	800032c6	4d41	c.li	x26,16	 x26=0x00000010
       90959000	      4446	800032c8	01a65363	bge	x12,x26,800032ce	 x12:0x0000000b x26:0x00000010
       90979000	      4447	800032cc	b575	c.j	80003178	
       91019000	      4449	80003178	8676	c.mv	x12,x29	  x0:0x00000000 x29:0x0000000b x12=0x0000000b
       91039000	      4450	8000317a	85b2	c.mv	x11,x12	  x0:0x00000000 x12:0x0000000b x11=0x0000000b
       91059000	      4451	8000317c	4581	c.li	x11,0	 x11=0x00000000
       91079000	      4452	8000317e	04b60f63	beq	x12,x11,800031dc	 x12:0x0000000b x11:0x00000000
       91099000	      4453	80003182	4585	c.li	x11,1	 x11=0x00000001
       91119000	      4454	80003184	06b60163	beq	x12,x11,800031e6	 x12:0x0000000b x11:0x00000001
       91139000	      4455	80003188	4589	c.li	x11,2	 x11=0x00000002
       91159000	      4456	8000318a	06b60363	beq	x12,x11,800031f0	 x12:0x0000000b x11:0x00000002
       91179000	      4457	8000318e	458d	c.li	x11,3	 x11=0x00000003
       91199000	      4458	80003190	06b60563	beq	x12,x11,800031fa	 x12:0x0000000b x11:0x00000003
       91219000	      4459	80003194	4591	c.li	x11,4	 x11=0x00000004
       91239000	      4460	80003196	06b60763	beq	x12,x11,80003204	 x12:0x0000000b x11:0x00000004
       91259000	      4461	8000319a	4595	c.li	x11,5	 x11=0x00000005
       91279000	      4462	8000319c	06b60963	beq	x12,x11,8000320e	 x12:0x0000000b x11:0x00000005
       91299000	      4463	800031a0	4599	c.li	x11,6	 x11=0x00000006
       91319000	      4464	800031a2	06b60b63	beq	x12,x11,80003218	 x12:0x0000000b x11:0x00000006
       91339000	      4465	800031a6	459d	c.li	x11,7	 x11=0x00000007
       91359000	      4466	800031a8	06b60d63	beq	x12,x11,80003222	 x12:0x0000000b x11:0x00000007
       91379000	      4467	800031ac	45a1	c.li	x11,8	 x11=0x00000008
       91399000	      4468	800031ae	06b60f63	beq	x12,x11,8000322c	 x12:0x0000000b x11:0x00000008
       91419000	      4469	800031b2	45a5	c.li	x11,9	 x11=0x00000009
       91439000	      4470	800031b4	08b60163	beq	x12,x11,80003236	 x12:0x0000000b x11:0x00000009
       91459000	      4471	800031b8	45a9	c.li	x11,10	 x11=0x0000000a
       91479000	      4472	800031ba	08b60363	beq	x12,x11,80003240	 x12:0x0000000b x11:0x0000000a
       91499000	      4473	800031be	45ad	c.li	x11,11	 x11=0x0000000b
       91519000	      4474	800031c0	08b60563	beq	x12,x11,8000324a	 x12:0x0000000b x11:0x0000000b
       91579000	      4477	8000324a	3bb02d73	csrrs	x26,pmpaddr11,x0	  x0:0x00000000 x26=0x200076a5
       91599000	      4478	8000324e	3a202ff3	csrrs	x31,pmpcfg2,x0	  x0:0x00000000 x31=0x0f0f0f0f
       91619000	      4479	80003252	a02d	c.j	8000327c	
       91679000	      4482	8000327c	4e11	c.li	x28,4	 x28=0x00000004
       91699000	      4483	8000327e	01ee9613	slli	x12,x29,0x1e	 x29:0x0000000b x12=0xc0000000
       91719000	      4484	80003282	8279	c.srli	x12,0x1e	 x12:0xc0000000 x12=0x00000003
       91739000	      4485	80003284	40ce05b3	sub	x11,x28,x12	 x28:0x00000004 x12:0x00000003 x11=0x00000001
       91759000	      4486	80003288	15fd	c.addi	x11,-1	 x11:0x00000001 x11=0x00000000
       91779000	      4487	8000328a	058e	c.slli	x11,0x3	 x11:0x00000000 x11=0x00000000
       91799000	      4488	8000328c	00bf9e33	sll	x28,x31,x11	 x31:0x0f0f0f0f x11:0x00000000 x28=0x0f0f0f0f
       91819000	      4489	80003290	060e	c.slli	x12,0x3	 x12:0x00000003 x12=0x00000018
       91839000	      4490	80003292	95b2	c.add	x11,x12	 x11:0x00000000 x12:0x00000018 x11=0x00000018
       91859000	      4491	80003294	00be5e33	srl	x28,x28,x11	 x28:0x0f0f0f0f x11:0x00000018 x28=0x0000000f
       91879000	      4492	80003298	01be1593	slli	x11,x28,0x1b	 x28:0x0000000f x11=0x78000000
       91899000	      4493	8000329c	81f9	c.srli	x11,0x1e	 x11:0x78000000 x11=0x00000001
       91919000	      4494	8000329e	c1b1	c.beqz	x11,800032e2	 x11:0x00000001
       91939000	      4495	800032a0	4605	c.li	x12,1	 x12=0x00000001
       91959000	      4496	800032a2	04c58163	beq	x11,x12,800032e4	 x11:0x00000001 x12:0x00000001
       92019000	      4499	800032e4	8676	c.mv	x12,x29	  x0:0x00000000 x29:0x0000000b x12=0x0000000b
       92039000	      4500	800032e6	343025f3	csrrs	x11,mtval,x0	  x0:0x00000000 x11=0x8ffffffc
       92059000	      4501	800032ea	8189	c.srli	x11,0x2	 x11:0x8ffffffc x11=0x23ffffff
       92079000	      4502	800032ec	e601	c.bnez	x12,800032f4	 x12:0x0000000b
       92139000	      4505	800032f4	fd65e5e3	bltu	x11,x22,800032be	 x11:0x23ffffff x22:0x20006d0c
       92159000	      4506	800032f8	fda5f3e3	bgeu	x11,x26,800032be	 x11:0x23ffffff x26:0x200076a5
       92199000	      4508	800032be	8676	c.mv	x12,x29	  x0:0x00000000 x29:0x0000000b x12=0x0000000b
       92219000	      4509	800032c0	8b6a	c.mv	x22,x26	  x0:0x00000000 x26:0x200076a5 x22=0x200076a5
       92239000	      4510	800032c2	0605	c.addi	x12,1	 x12:0x0000000b x12=0x0000000c
       92259000	      4511	800032c4	8eb2	c.mv	x29,x12	  x0:0x00000000 x12:0x0000000c x29=0x0000000c
       92279000	      4512	800032c6	4d41	c.li	x26,16	 x26=0x00000010
       92299000	      4513	800032c8	01a65363	bge	x12,x26,800032ce	 x12:0x0000000c x26:0x00000010
       92319000	      4514	800032cc	b575	c.j	80003178	
       92379000	      4517	80003178	8676	c.mv	x12,x29	  x0:0x00000000 x29:0x0000000c x12=0x0000000c
       92399000	      4518	8000317a	85b2	c.mv	x11,x12	  x0:0x00000000 x12:0x0000000c x11=0x0000000c
       92419000	      4519	8000317c	4581	c.li	x11,0	 x11=0x00000000
       92439000	      4520	8000317e	04b60f63	beq	x12,x11,800031dc	 x12:0x0000000c x11:0x00000000
       92459000	      4521	80003182	4585	c.li	x11,1	 x11=0x00000001
       92479000	      4522	80003184	06b60163	beq	x12,x11,800031e6	 x12:0x0000000c x11:0x00000001
       92499000	      4523	80003188	4589	c.li	x11,2	 x11=0x00000002
       92519000	      4524	8000318a	06b60363	beq	x12,x11,800031f0	 x12:0x0000000c x11:0x00000002
       92539000	      4525	8000318e	458d	c.li	x11,3	 x11=0x00000003
       92559000	      4526	80003190	06b60563	beq	x12,x11,800031fa	 x12:0x0000000c x11:0x00000003
       92579000	      4527	80003194	4591	c.li	x11,4	 x11=0x00000004
       92599000	      4528	80003196	06b60763	beq	x12,x11,80003204	 x12:0x0000000c x11:0x00000004
       92619000	      4529	8000319a	4595	c.li	x11,5	 x11=0x00000005
       92639000	      4530	8000319c	06b60963	beq	x12,x11,8000320e	 x12:0x0000000c x11:0x00000005
       92659000	      4531	800031a0	4599	c.li	x11,6	 x11=0x00000006
       92679000	      4532	800031a2	06b60b63	beq	x12,x11,80003218	 x12:0x0000000c x11:0x00000006
       92699000	      4533	800031a6	459d	c.li	x11,7	 x11=0x00000007
       92719000	      4534	800031a8	06b60d63	beq	x12,x11,80003222	 x12:0x0000000c x11:0x00000007
       92739000	      4535	800031ac	45a1	c.li	x11,8	 x11=0x00000008
       92759000	      4536	800031ae	06b60f63	beq	x12,x11,8000322c	 x12:0x0000000c x11:0x00000008
       92779000	      4537	800031b2	45a5	c.li	x11,9	 x11=0x00000009
       92799000	      4538	800031b4	08b60163	beq	x12,x11,80003236	 x12:0x0000000c x11:0x00000009
       92819000	      4539	800031b8	45a9	c.li	x11,10	 x11=0x0000000a
       92839000	      4540	800031ba	08b60363	beq	x12,x11,80003240	 x12:0x0000000c x11:0x0000000a
       92859000	      4541	800031be	45ad	c.li	x11,11	 x11=0x0000000b
       92879000	      4542	800031c0	08b60563	beq	x12,x11,8000324a	 x12:0x0000000c x11:0x0000000b
       92899000	      4543	800031c4	45b1	c.li	x11,12	 x11=0x0000000c
       92919000	      4544	800031c6	08b60763	beq	x12,x11,80003254	 x12:0x0000000c x11:0x0000000c
       92959000	      4546	80003254	3bc02d73	csrrs	x26,pmpaddr12,x0	  x0:0x00000000 x26=0x2000803f
       92979000	      4547	80003258	3a302ff3	csrrs	x31,pmpcfg3,x0	  x0:0x00000000 x31=0x0f0f0f0f
       92999000	      4548	8000325c	a005	c.j	8000327c	
       93039000	      4550	8000327c	4e11	c.li	x28,4	 x28=0x00000004
       93059000	      4551	8000327e	01ee9613	slli	x12,x29,0x1e	 x29:0x0000000c x12=0x00000000
       93079000	      4552	80003282	8279	c.srli	x12,0x1e	 x12:0x00000000 x12=0x00000000
       93099000	      4553	80003284	40ce05b3	sub	x11,x28,x12	 x28:0x00000004 x12:0x00000000 x11=0x00000004
       93119000	      4554	80003288	15fd	c.addi	x11,-1	 x11:0x00000004 x11=0x00000003
       93139000	      4555	8000328a	058e	c.slli	x11,0x3	 x11:0x00000003 x11=0x00000018
       93159000	      4556	8000328c	00bf9e33	sll	x28,x31,x11	 x31:0x0f0f0f0f x11:0x00000018 x28=0x0f000000
       93179000	      4557	80003290	060e	c.slli	x12,0x3	 x12:0x00000000 x12=0x00000000
       93199000	      4558	80003292	95b2	c.add	x11,x12	 x11:0x00000018 x12:0x00000000 x11=0x00000018
       93219000	      4559	80003294	00be5e33	srl	x28,x28,x11	 x28:0x0f000000 x11:0x00000018 x28=0x0000000f
       93239000	      4560	80003298	01be1593	slli	x11,x28,0x1b	 x28:0x0000000f x11=0x78000000
       93259000	      4561	8000329c	81f9	c.srli	x11,0x1e	 x11:0x78000000 x11=0x00000001
       93279000	      4562	8000329e	c1b1	c.beqz	x11,800032e2	 x11:0x00000001
       93299000	      4563	800032a0	4605	c.li	x12,1	 x12=0x00000001
       93319000	      4564	800032a2	04c58163	beq	x11,x12,800032e4	 x11:0x00000001 x12:0x00000001
       93359000	      4566	800032e4	8676	c.mv	x12,x29	  x0:0x00000000 x29:0x0000000c x12=0x0000000c
       93379000	      4567	800032e6	343025f3	csrrs	x11,mtval,x0	  x0:0x00000000 x11=0x8ffffffc
       93399000	      4568	800032ea	8189	c.srli	x11,0x2	 x11:0x8ffffffc x11=0x23ffffff
       93419000	      4569	800032ec	e601	c.bnez	x12,800032f4	 x12:0x0000000c
       93459000	      4571	800032f4	fd65e5e3	bltu	x11,x22,800032be	 x11:0x23ffffff x22:0x200076a5
       93479000	      4572	800032f8	fda5f3e3	bgeu	x11,x26,800032be	 x11:0x23ffffff x26:0x2000803f
       93519000	      4574	800032be	8676	c.mv	x12,x29	  x0:0x00000000 x29:0x0000000c x12=0x0000000c
       93539000	      4575	800032c0	8b6a	c.mv	x22,x26	  x0:0x00000000 x26:0x2000803f x22=0x2000803f
       93559000	      4576	800032c2	0605	c.addi	x12,1	 x12:0x0000000c x12=0x0000000d
       93579000	      4577	800032c4	8eb2	c.mv	x29,x12	  x0:0x00000000 x12:0x0000000d x29=0x0000000d
       93599000	      4578	800032c6	4d41	c.li	x26,16	 x26=0x00000010
       93619000	      4579	800032c8	01a65363	bge	x12,x26,800032ce	 x12:0x0000000d x26:0x00000010
       93639000	      4580	800032cc	b575	c.j	80003178	
       93699000	      4583	80003178	8676	c.mv	x12,x29	  x0:0x00000000 x29:0x0000000d x12=0x0000000d
       93719000	      4584	8000317a	85b2	c.mv	x11,x12	  x0:0x00000000 x12:0x0000000d x11=0x0000000d
       93739000	      4585	8000317c	4581	c.li	x11,0	 x11=0x00000000
       93759000	      4586	8000317e	04b60f63	beq	x12,x11,800031dc	 x12:0x0000000d x11:0x00000000
       93779000	      4587	80003182	4585	c.li	x11,1	 x11=0x00000001
       93799000	      4588	80003184	06b60163	beq	x12,x11,800031e6	 x12:0x0000000d x11:0x00000001
       93819000	      4589	80003188	4589	c.li	x11,2	 x11=0x00000002
       93839000	      4590	8000318a	06b60363	beq	x12,x11,800031f0	 x12:0x0000000d x11:0x00000002
       93859000	      4591	8000318e	458d	c.li	x11,3	 x11=0x00000003
       93879000	      4592	80003190	06b60563	beq	x12,x11,800031fa	 x12:0x0000000d x11:0x00000003
       93899000	      4593	80003194	4591	c.li	x11,4	 x11=0x00000004
       93919000	      4594	80003196	06b60763	beq	x12,x11,80003204	 x12:0x0000000d x11:0x00000004
       93939000	      4595	8000319a	4595	c.li	x11,5	 x11=0x00000005
       93959000	      4596	8000319c	06b60963	beq	x12,x11,8000320e	 x12:0x0000000d x11:0x00000005
       93979000	      4597	800031a0	4599	c.li	x11,6	 x11=0x00000006
       93999000	      4598	800031a2	06b60b63	beq	x12,x11,80003218	 x12:0x0000000d x11:0x00000006
       94019000	      4599	800031a6	459d	c.li	x11,7	 x11=0x00000007
       94039000	      4600	800031a8	06b60d63	beq	x12,x11,80003222	 x12:0x0000000d x11:0x00000007
       94059000	      4601	800031ac	45a1	c.li	x11,8	 x11=0x00000008
       94079000	      4602	800031ae	06b60f63	beq	x12,x11,8000322c	 x12:0x0000000d x11:0x00000008
       94099000	      4603	800031b2	45a5	c.li	x11,9	 x11=0x00000009
       94119000	      4604	800031b4	08b60163	beq	x12,x11,80003236	 x12:0x0000000d x11:0x00000009
       94139000	      4605	800031b8	45a9	c.li	x11,10	 x11=0x0000000a
       94159000	      4606	800031ba	08b60363	beq	x12,x11,80003240	 x12:0x0000000d x11:0x0000000a
       94179000	      4607	800031be	45ad	c.li	x11,11	 x11=0x0000000b
       94199000	      4608	800031c0	08b60563	beq	x12,x11,8000324a	 x12:0x0000000d x11:0x0000000b
       94219000	      4609	800031c4	45b1	c.li	x11,12	 x11=0x0000000c
       94239000	      4610	800031c6	08b60763	beq	x12,x11,80003254	 x12:0x0000000d x11:0x0000000c
       94259000	      4611	800031ca	45b5	c.li	x11,13	 x11=0x0000000d
       94279000	      4612	800031cc	08b60963	beq	x12,x11,8000325e	 x12:0x0000000d x11:0x0000000d
       94339000	      4615	8000325e	3bd02d73	csrrs	x26,pmpaddr13,x0	  x0:0x00000000 x26=0x200089d8
       94359000	      4616	80003262	3a302ff3	csrrs	x31,pmpcfg3,x0	  x0:0x00000000 x31=0x0f0f0f0f
       94379000	      4617	80003266	a819	c.j	8000327c	
       94419000	      4619	8000327c	4e11	c.li	x28,4	 x28=0x00000004
       94439000	      4620	8000327e	01ee9613	slli	x12,x29,0x1e	 x29:0x0000000d x12=0x40000000
       94459000	      4621	80003282	8279	c.srli	x12,0x1e	 x12:0x40000000 x12=0x00000001
       94479000	      4622	80003284	40ce05b3	sub	x11,x28,x12	 x28:0x00000004 x12:0x00000001 x11=0x00000003
       94499000	      4623	80003288	15fd	c.addi	x11,-1	 x11:0x00000003 x11=0x00000002
       94519000	      4624	8000328a	058e	c.slli	x11,0x3	 x11:0x00000002 x11=0x00000010
       94539000	      4625	8000328c	00bf9e33	sll	x28,x31,x11	 x31:0x0f0f0f0f x11:0x00000010 x28=0x0f0f0000
       94559000	      4626	80003290	060e	c.slli	x12,0x3	 x12:0x00000001 x12=0x00000008
       94579000	      4627	80003292	95b2	c.add	x11,x12	 x11:0x00000010 x12:0x00000008 x11=0x00000018
       94599000	      4628	80003294	00be5e33	srl	x28,x28,x11	 x28:0x0f0f0000 x11:0x00000018 x28=0x0000000f
       94619000	      4629	80003298	01be1593	slli	x11,x28,0x1b	 x28:0x0000000f x11=0x78000000
       94639000	      4630	8000329c	81f9	c.srli	x11,0x1e	 x11:0x78000000 x11=0x00000001
       94659000	      4631	8000329e	c1b1	c.beqz	x11,800032e2	 x11:0x00000001
       94679000	      4632	800032a0	4605	c.li	x12,1	 x12=0x00000001
       94699000	      4633	800032a2	04c58163	beq	x11,x12,800032e4	 x11:0x00000001 x12:0x00000001
       94739000	      4635	800032e4	8676	c.mv	x12,x29	  x0:0x00000000 x29:0x0000000d x12=0x0000000d
       94759000	      4636	800032e6	343025f3	csrrs	x11,mtval,x0	  x0:0x00000000 x11=0x8ffffffc
       94779000	      4637	800032ea	8189	c.srli	x11,0x2	 x11:0x8ffffffc x11=0x23ffffff
       94799000	      4638	800032ec	e601	c.bnez	x12,800032f4	 x12:0x0000000d
       94839000	      4640	800032f4	fd65e5e3	bltu	x11,x22,800032be	 x11:0x23ffffff x22:0x2000803f
       94859000	      4641	800032f8	fda5f3e3	bgeu	x11,x26,800032be	 x11:0x23ffffff x26:0x200089d8
       94899000	      4643	800032be	8676	c.mv	x12,x29	  x0:0x00000000 x29:0x0000000d x12=0x0000000d
       94919000	      4644	800032c0	8b6a	c.mv	x22,x26	  x0:0x00000000 x26:0x200089d8 x22=0x200089d8
       94939000	      4645	800032c2	0605	c.addi	x12,1	 x12:0x0000000d x12=0x0000000e
       94959000	      4646	800032c4	8eb2	c.mv	x29,x12	  x0:0x00000000 x12:0x0000000e x29=0x0000000e
       94979000	      4647	800032c6	4d41	c.li	x26,16	 x26=0x00000010
       94999000	      4648	800032c8	01a65363	bge	x12,x26,800032ce	 x12:0x0000000e x26:0x00000010
       95019000	      4649	800032cc	b575	c.j	80003178	
       95059000	      4651	80003178	8676	c.mv	x12,x29	  x0:0x00000000 x29:0x0000000e x12=0x0000000e
       95079000	      4652	8000317a	85b2	c.mv	x11,x12	  x0:0x00000000 x12:0x0000000e x11=0x0000000e
       95099000	      4653	8000317c	4581	c.li	x11,0	 x11=0x00000000
       95119000	      4654	8000317e	04b60f63	beq	x12,x11,800031dc	 x12:0x0000000e x11:0x00000000
       95139000	      4655	80003182	4585	c.li	x11,1	 x11=0x00000001
       95159000	      4656	80003184	06b60163	beq	x12,x11,800031e6	 x12:0x0000000e x11:0x00000001
       95179000	      4657	80003188	4589	c.li	x11,2	 x11=0x00000002
       95199000	      4658	8000318a	06b60363	beq	x12,x11,800031f0	 x12:0x0000000e x11:0x00000002
       95219000	      4659	8000318e	458d	c.li	x11,3	 x11=0x00000003
       95239000	      4660	80003190	06b60563	beq	x12,x11,800031fa	 x12:0x0000000e x11:0x00000003
       95259000	      4661	80003194	4591	c.li	x11,4	 x11=0x00000004
       95279000	      4662	80003196	06b60763	beq	x12,x11,80003204	 x12:0x0000000e x11:0x00000004
       95299000	      4663	8000319a	4595	c.li	x11,5	 x11=0x00000005
       95319000	      4664	8000319c	06b60963	beq	x12,x11,8000320e	 x12:0x0000000e x11:0x00000005
       95339000	      4665	800031a0	4599	c.li	x11,6	 x11=0x00000006
       95359000	      4666	800031a2	06b60b63	beq	x12,x11,80003218	 x12:0x0000000e x11:0x00000006
       95379000	      4667	800031a6	459d	c.li	x11,7	 x11=0x00000007
       95399000	      4668	800031a8	06b60d63	beq	x12,x11,80003222	 x12:0x0000000e x11:0x00000007
       95419000	      4669	800031ac	45a1	c.li	x11,8	 x11=0x00000008
       95439000	      4670	800031ae	06b60f63	beq	x12,x11,8000322c	 x12:0x0000000e x11:0x00000008
       95459000	      4671	800031b2	45a5	c.li	x11,9	 x11=0x00000009
       95479000	      4672	800031b4	08b60163	beq	x12,x11,80003236	 x12:0x0000000e x11:0x00000009
       95499000	      4673	800031b8	45a9	c.li	x11,10	 x11=0x0000000a
       95519000	      4674	800031ba	08b60363	beq	x12,x11,80003240	 x12:0x0000000e x11:0x0000000a
       95539000	      4675	800031be	45ad	c.li	x11,11	 x11=0x0000000b
       95559000	      4676	800031c0	08b60563	beq	x12,x11,8000324a	 x12:0x0000000e x11:0x0000000b
       95579000	      4677	800031c4	45b1	c.li	x11,12	 x11=0x0000000c
       95599000	      4678	800031c6	08b60763	beq	x12,x11,80003254	 x12:0x0000000e x11:0x0000000c
       95619000	      4679	800031ca	45b5	c.li	x11,13	 x11=0x0000000d
       95639000	      4680	800031cc	08b60963	beq	x12,x11,8000325e	 x12:0x0000000e x11:0x0000000d
       95659000	      4681	800031d0	45b9	c.li	x11,14	 x11=0x0000000e
       95679000	      4682	800031d2	08b60b63	beq	x12,x11,80003268	 x12:0x0000000e x11:0x0000000e
       95719000	      4684	80003268	3be02d73	csrrs	x26,pmpaddr14,x0	  x0:0x00000000 x26=0x20009372
       95739000	      4685	8000326c	3a302ff3	csrrs	x31,pmpcfg3,x0	  x0:0x00000000 x31=0x0f0f0f0f
       95799000	      4688	80003270	a031	c.j	8000327c	
       95839000	      4690	8000327c	4e11	c.li	x28,4	 x28=0x00000004
       95859000	      4691	8000327e	01ee9613	slli	x12,x29,0x1e	 x29:0x0000000e x12=0x80000000
       95879000	      4692	80003282	8279	c.srli	x12,0x1e	 x12:0x80000000 x12=0x00000002
       95899000	      4693	80003284	40ce05b3	sub	x11,x28,x12	 x28:0x00000004 x12:0x00000002 x11=0x00000002
       95919000	      4694	80003288	15fd	c.addi	x11,-1	 x11:0x00000002 x11=0x00000001
       95939000	      4695	8000328a	058e	c.slli	x11,0x3	 x11:0x00000001 x11=0x00000008
       95959000	      4696	8000328c	00bf9e33	sll	x28,x31,x11	 x31:0x0f0f0f0f x11:0x00000008 x28=0x0f0f0f00
       95979000	      4697	80003290	060e	c.slli	x12,0x3	 x12:0x00000002 x12=0x00000010
       95999000	      4698	80003292	95b2	c.add	x11,x12	 x11:0x00000008 x12:0x00000010 x11=0x00000018
       96019000	      4699	80003294	00be5e33	srl	x28,x28,x11	 x28:0x0f0f0f00 x11:0x00000018 x28=0x0000000f
       96039000	      4700	80003298	01be1593	slli	x11,x28,0x1b	 x28:0x0000000f x11=0x78000000
       96059000	      4701	8000329c	81f9	c.srli	x11,0x1e	 x11:0x78000000 x11=0x00000001
       96079000	      4702	8000329e	c1b1	c.beqz	x11,800032e2	 x11:0x00000001
       96099000	      4703	800032a0	4605	c.li	x12,1	 x12=0x00000001
       96119000	      4704	800032a2	04c58163	beq	x11,x12,800032e4	 x11:0x00000001 x12:0x00000001
       96159000	      4706	800032e4	8676	c.mv	x12,x29	  x0:0x00000000 x29:0x0000000e x12=0x0000000e
       96179000	      4707	800032e6	343025f3	csrrs	x11,mtval,x0	  x0:0x00000000 x11=0x8ffffffc
       96199000	      4708	800032ea	8189	c.srli	x11,0x2	 x11:0x8ffffffc x11=0x23ffffff
       96219000	      4709	800032ec	e601	c.bnez	x12,800032f4	 x12:0x0000000e
       96259000	      4711	800032f4	fd65e5e3	bltu	x11,x22,800032be	 x11:0x23ffffff x22:0x200089d8
       96279000	      4712	800032f8	fda5f3e3	bgeu	x11,x26,800032be	 x11:0x23ffffff x26:0x20009372
       96319000	      4714	800032be	8676	c.mv	x12,x29	  x0:0x00000000 x29:0x0000000e x12=0x0000000e
       96339000	      4715	800032c0	8b6a	c.mv	x22,x26	  x0:0x00000000 x26:0x20009372 x22=0x20009372
       96359000	      4716	800032c2	0605	c.addi	x12,1	 x12:0x0000000e x12=0x0000000f
       96379000	      4717	800032c4	8eb2	c.mv	x29,x12	  x0:0x00000000 x12:0x0000000f x29=0x0000000f
       96399000	      4718	800032c6	4d41	c.li	x26,16	 x26=0x00000010
       96419000	      4719	800032c8	01a65363	bge	x12,x26,800032ce	 x12:0x0000000f x26:0x00000010
       96439000	      4720	800032cc	b575	c.j	80003178	
       96499000	      4723	80003178	8676	c.mv	x12,x29	  x0:0x00000000 x29:0x0000000f x12=0x0000000f
       96519000	      4724	8000317a	85b2	c.mv	x11,x12	  x0:0x00000000 x12:0x0000000f x11=0x0000000f
       96539000	      4725	8000317c	4581	c.li	x11,0	 x11=0x00000000
       96559000	      4726	8000317e	04b60f63	beq	x12,x11,800031dc	 x12:0x0000000f x11:0x00000000
       96579000	      4727	80003182	4585	c.li	x11,1	 x11=0x00000001
       96599000	      4728	80003184	06b60163	beq	x12,x11,800031e6	 x12:0x0000000f x11:0x00000001
       96619000	      4729	80003188	4589	c.li	x11,2	 x11=0x00000002
       96639000	      4730	8000318a	06b60363	beq	x12,x11,800031f0	 x12:0x0000000f x11:0x00000002
       96659000	      4731	8000318e	458d	c.li	x11,3	 x11=0x00000003
       96679000	      4732	80003190	06b60563	beq	x12,x11,800031fa	 x12:0x0000000f x11:0x00000003
       96699000	      4733	80003194	4591	c.li	x11,4	 x11=0x00000004
       96719000	      4734	80003196	06b60763	beq	x12,x11,80003204	 x12:0x0000000f x11:0x00000004
       96739000	      4735	8000319a	4595	c.li	x11,5	 x11=0x00000005
       96759000	      4736	8000319c	06b60963	beq	x12,x11,8000320e	 x12:0x0000000f x11:0x00000005
       96779000	      4737	800031a0	4599	c.li	x11,6	 x11=0x00000006
       96799000	      4738	800031a2	06b60b63	beq	x12,x11,80003218	 x12:0x0000000f x11:0x00000006
       96819000	      4739	800031a6	459d	c.li	x11,7	 x11=0x00000007
       96839000	      4740	800031a8	06b60d63	beq	x12,x11,80003222	 x12:0x0000000f x11:0x00000007
       96859000	      4741	800031ac	45a1	c.li	x11,8	 x11=0x00000008
       96879000	      4742	800031ae	06b60f63	beq	x12,x11,8000322c	 x12:0x0000000f x11:0x00000008
       96899000	      4743	800031b2	45a5	c.li	x11,9	 x11=0x00000009
       96919000	      4744	800031b4	08b60163	beq	x12,x11,80003236	 x12:0x0000000f x11:0x00000009
       96939000	      4745	800031b8	45a9	c.li	x11,10	 x11=0x0000000a
       96959000	      4746	800031ba	08b60363	beq	x12,x11,80003240	 x12:0x0000000f x11:0x0000000a
       96979000	      4747	800031be	45ad	c.li	x11,11	 x11=0x0000000b
       96999000	      4748	800031c0	08b60563	beq	x12,x11,8000324a	 x12:0x0000000f x11:0x0000000b
       97019000	      4749	800031c4	45b1	c.li	x11,12	 x11=0x0000000c
       97039000	      4750	800031c6	08b60763	beq	x12,x11,80003254	 x12:0x0000000f x11:0x0000000c
       97059000	      4751	800031ca	45b5	c.li	x11,13	 x11=0x0000000d
       97079000	      4752	800031cc	08b60963	beq	x12,x11,8000325e	 x12:0x0000000f x11:0x0000000d
       97099000	      4753	800031d0	45b9	c.li	x11,14	 x11=0x0000000e
       97119000	      4754	800031d2	08b60b63	beq	x12,x11,80003268	 x12:0x0000000f x11:0x0000000e
       97139000	      4755	800031d6	45bd	c.li	x11,15	 x11=0x0000000f
       97159000	      4756	800031d8	08b60d63	beq	x12,x11,80003272	 x12:0x0000000f x11:0x0000000f
       97219000	      4759	80003272	3bf02d73	csrrs	x26,pmpaddr15,x0	  x0:0x00000000 x26=0x20009d0b
       97239000	      4760	80003276	3a302ff3	csrrs	x31,pmpcfg3,x0	  x0:0x00000000 x31=0x0f0f0f0f
       97259000	      4761	8000327a	a009	c.j	8000327c	
       97299000	      4763	8000327c	4e11	c.li	x28,4	 x28=0x00000004
       97319000	      4764	8000327e	01ee9613	slli	x12,x29,0x1e	 x29:0x0000000f x12=0xc0000000
       97339000	      4765	80003282	8279	c.srli	x12,0x1e	 x12:0xc0000000 x12=0x00000003
       97359000	      4766	80003284	40ce05b3	sub	x11,x28,x12	 x28:0x00000004 x12:0x00000003 x11=0x00000001
       97379000	      4767	80003288	15fd	c.addi	x11,-1	 x11:0x00000001 x11=0x00000000
       97399000	      4768	8000328a	058e	c.slli	x11,0x3	 x11:0x00000000 x11=0x00000000
       97419000	      4769	8000328c	00bf9e33	sll	x28,x31,x11	 x31:0x0f0f0f0f x11:0x00000000 x28=0x0f0f0f0f
       97439000	      4770	80003290	060e	c.slli	x12,0x3	 x12:0x00000003 x12=0x00000018
       97459000	      4771	80003292	95b2	c.add	x11,x12	 x11:0x00000000 x12:0x00000018 x11=0x00000018
       97479000	      4772	80003294	00be5e33	srl	x28,x28,x11	 x28:0x0f0f0f0f x11:0x00000018 x28=0x0000000f
       97499000	      4773	80003298	01be1593	slli	x11,x28,0x1b	 x28:0x0000000f x11=0x78000000
       97519000	      4774	8000329c	81f9	c.srli	x11,0x1e	 x11:0x78000000 x11=0x00000001
       97539000	      4775	8000329e	c1b1	c.beqz	x11,800032e2	 x11:0x00000001
       97559000	      4776	800032a0	4605	c.li	x12,1	 x12=0x00000001
       97579000	      4777	800032a2	04c58163	beq	x11,x12,800032e4	 x11:0x00000001 x12:0x00000001
       97619000	      4779	800032e4	8676	c.mv	x12,x29	  x0:0x00000000 x29:0x0000000f x12=0x0000000f
       97639000	      4780	800032e6	343025f3	csrrs	x11,mtval,x0	  x0:0x00000000 x11=0x8ffffffc
       97659000	      4781	800032ea	8189	c.srli	x11,0x2	 x11:0x8ffffffc x11=0x23ffffff
       97679000	      4782	800032ec	e601	c.bnez	x12,800032f4	 x12:0x0000000f
       97719000	      4784	800032f4	fd65e5e3	bltu	x11,x22,800032be	 x11:0x23ffffff x22:0x20009372
       97739000	      4785	800032f8	fda5f3e3	bgeu	x11,x26,800032be	 x11:0x23ffffff x26:0x20009d0b
       97799000	      4788	800032be	8676	c.mv	x12,x29	  x0:0x00000000 x29:0x0000000f x12=0x0000000f
       97819000	      4789	800032c0	8b6a	c.mv	x22,x26	  x0:0x00000000 x26:0x20009d0b x22=0x20009d0b
       97839000	      4790	800032c2	0605	c.addi	x12,1	 x12:0x0000000f x12=0x00000010
       97859000	      4791	800032c4	8eb2	c.mv	x29,x12	  x0:0x00000000 x12:0x00000010 x29=0x00000010
       97879000	      4792	800032c6	4d41	c.li	x26,16	 x26=0x00000010
       97899000	      4793	800032c8	01a65363	bge	x12,x26,800032ce	 x12:0x00000010 x26:0x00000010
       97979000	      4797	800032ce	74702673	csrrs	x12,0x747,x0	  x0:0x00000000 x12=0x00000000
       97999000	      4798	800032d2	8a09	c.andi	x12,2	 x12:0x00000000 x12=0x00000000
       98019000	      4799	800032d4	e63d	c.bnez	x12,80003342	 x12:0x00000000
       98039000	      4800	800032d6	ffffd617	auipc	x12,0xffffd	 x12=0x800002d6
       98059000	      4801	800032da	30460613	addi	x12,x12,772	 x12:0x800002d6 x12=0x800005da
       98079000	      4802	800032de	00060067	jalr	x0,0(x12)	 x12:0x800005da  x0=0x00000000
       98139000	      4805	800005da	90000d37	lui	x26,0x90000	 x26=0x90000000
       98159000	      4806	800005de	1d61	c.addi	x26,-8	 x26:0x90000000 x26=0x8ffffff8
       98179000	      4807	800005e0	4601	c.li	x12,0	 x12=0x00000000
       98199000	      4808	800005e2	0622	c.slli	x12,0x8	 x12:0x00000000 x12=0x00000000
       98219000	      4809	800005e4	0605	c.addi	x12,1	 x12:0x00000000 x12=0x00000001
       98279000	      4812	800005e6	00cd2023	sw	x12,0(x26)	 x26:0x8ffffff8 x12:0x00000001 PA:0x8ffffff8 store:0x00000001 load:0xffffffff
       98299000	      4813	800005ea	00000073	ecall	
       98359000	      4816	80002700	0800006f	jal	x0,80002780	  x0=0x00000000
       98419000	      4819	80002780	1f71	c.addi	x30,-4	 x30:0x8002cc60 x30=0x8002cc5c
       98699000	      4833	80002782	009f2023	sw	x9,0(x30)	 x30:0x8002cc5c  x9:0x8002cc60 PA:0x8002cc5c store:0x8002cc60 load:0xffffffff
      107099000	      5253	80002786	000f04b3	add	x9,x30,x0	 x30:0x8002cc5c  x0:0x00000000  x9=0x8002cc5c
      107119000	      5254	8000278a	f8048493	addi	x9,x9,-128	  x9:0x8002cc5c  x9=0x8002cbdc
      107179000	      5257	8000278e	0014a223	sw	x1,4(x9)	  x9:0x8002cbdc  x1:0x80000000 PA:0x8002cbe0 store:0x80000000 load:0xffffffff
      107239000	      5260	80002792	0024a423	sw	x2,8(x9)	  x9:0x8002cbdc  x2:0x4f707fa4 PA:0x8002cbe4 store:0x4f707fa4 load:0xffffffff
      107339000	      5265	80002796	0034a623	sw	x3,12(x9)	  x9:0x8002cbdc  x3:0x9fccf78b PA:0x8002cbe8 store:0x9fccf78b load:0xffffffff
      107659000	      5281	8000279a	0044a823	sw	x4,16(x9)	  x9:0x8002cbdc  x4:0x00000005 PA:0x8002cbec store:0x00000005 load:0xffffffff
      108079000	      5302	8000279e	0054aa23	sw	x5,20(x9)	  x9:0x8002cbdc  x5:0x80000000 PA:0x8002cbf0 store:0x80000000 load:0xffffffff
      108139000	      5305	800027a2	0064ac23	sw	x6,24(x9)	  x9:0x8002cbdc  x6:0xe4fb7214 PA:0x8002cbf4 store:0xe4fb7214 load:0xffffffff
      108219000	      5309	800027a6	0074ae23	sw	x7,28(x9)	  x9:0x8002cbdc  x7:0x00000002 PA:0x8002cbf8 store:0x00000002 load:0xffffffff
      108459000	      5321	800027aa	d080	c.sw	x8,32(x9)	  x9:0x8002cbdc  x8:0x00000000 PA:0x8002cbfc store:0x00000000 load:0xffffffff
      108639000	      5330	800027ac	d0c4	c.sw	x9,36(x9)	  x9:0x8002cbdc  x9:0x8002cbdc PA:0x8002cc00 store:0x8002cbdc load:0xffffffff
      108759000	      5336	800027ae	d488	c.sw	x10,40(x9)	  x9:0x8002cbdc x10:0xf6f657b1 PA:0x8002cc04 store:0xf6f657b1 load:0xffffffff
      109299000	      5363	800027b0	d4cc	c.sw	x11,44(x9)	  x9:0x8002cbdc x11:0x23ffffff PA:0x8002cc08 store:0x23ffffff load:0xffffffff
      109359000	      5366	800027b2	d890	c.sw	x12,48(x9)	  x9:0x8002cbdc x12:0x00000001 PA:0x8002cc0c store:0x00000001 load:0xffffffff
      109379000	      5367	800027b4	d8d4	c.sw	x13,52(x9)	  x9:0x8002cbdc x13:0x80000000 PA:0x8002cc10 store:0x80000000 load:0xffffffff
      109419000	      5369	800027b6	dc98	c.sw	x14,56(x9)	  x9:0x8002cbdc x14:0x80000000 PA:0x8002cc14 store:0x80000000 load:0xffffffff
      109439000	      5370	800027b8	dcdc	c.sw	x15,60(x9)	  x9:0x8002cbdc x15:0x00000009 PA:0x8002cc18 store:0x00000009 load:0xffffffff
      109479000	      5372	800027ba	0504a023	sw	x16,64(x9)	  x9:0x8002cbdc x16:0x00000000 PA:0x8002cc1c store:0x00000000 load:0xffffffff
      109519000	      5374	800027be	0514a223	sw	x17,68(x9)	  x9:0x8002cbdc x17:0x0000000a PA:0x8002cc20 store:0x0000000a load:0xffffffff
      109539000	      5375	800027c2	0524a423	sw	x18,72(x9)	  x9:0x8002cbdc x18:0x35994c01 PA:0x8002cc24 store:0x35994c01 load:0xffffffff
      109639000	      5380	800027c6	0534a623	sw	x19,76(x9)	  x9:0x8002cbdc x19:0x00000007 PA:0x8002cc28 store:0x00000007 load:0xffffffff
      109819000	      5389	800027ca	0544a823	sw	x20,80(x9)	  x9:0x8002cbdc x20:0x0000000f PA:0x8002cc2c store:0x0000000f load:0xffffffff
      110179000	      5407	800027ce	0554aa23	sw	x21,84(x9)	  x9:0x8002cbdc x21:0x00000006 PA:0x8002cc30 store:0x00000006 load:0xffffffff
      110239000	      5410	800027d2	0564ac23	sw	x22,88(x9)	  x9:0x8002cbdc x22:0x20009d0b PA:0x8002cc34 store:0x20009d0b load:0xffffffff
      110559000	      5426	800027d6	0574ae23	sw	x23,92(x9)	  x9:0x8002cbdc x23:0xf75356fd PA:0x8002cc38 store:0xf75356fd load:0xffffffff
      110939000	      5445	800027da	0784a023	sw	x24,96(x9)	  x9:0x8002cbdc x24:0xf61b487c PA:0x8002cc3c store:0xf61b487c load:0xffffffff
      110999000	      5448	800027de	0794a223	sw	x25,100(x9)	  x9:0x8002cbdc x25:0x00000000 PA:0x8002cc40 store:0x00000000 load:0xffffffff
      111019000	      5449	800027e2	07a4a423	sw	x26,104(x9)	  x9:0x8002cbdc x26:0x8ffffff8 PA:0x8002cc44 store:0x8ffffff8 load:0xffffffff
      111219000	      5459	800027e6	07b4a623	sw	x27,108(x9)	  x9:0x8002cbdc x27:0x65d29101 PA:0x8002cc48 store:0x65d29101 load:0xffffffff
      111239000	      5460	800027ea	07c4a823	sw	x28,112(x9)	  x9:0x8002cbdc x28:0x0000000f PA:0x8002cc4c store:0x0000000f load:0xffffffff
      111259000	      5461	800027ee	07d4aa23	sw	x29,116(x9)	  x9:0x8002cbdc x29:0x00000010 PA:0x8002cc50 store:0x00000010 load:0xffffffff
      111499000	      5473	800027f2	07e4ac23	sw	x30,120(x9)	  x9:0x8002cbdc x30:0x8002cc5c PA:0x8002cc54 store:0x8002cc5c load:0xffffffff
      111559000	      5476	800027f6	07f4ae23	sw	x31,124(x9)	  x9:0x8002cbdc x31:0x0f0f0f0f PA:0x8002cc58 store:0x0f0f0f0f load:0xffffffff
      111579000	      5477	800027fa	00048f33	add	x30,x9,x0	  x9:0x8002cbdc  x0:0x00000000 x30=0x8002cbdc
      111599000	      5478	800027fe	90000d37	lui	x26,0x90000	 x26=0x90000000
      111619000	      5479	80002802	1d71	c.addi	x26,-4	 x26:0x90000000 x26=0x8ffffffc
      111639000	      5480	80002804	4621	c.li	x12,8	 x12=0x00000008
      111659000	      5481	80002806	0622	c.slli	x12,0x8	 x12:0x00000008 x12=0x00000800
      111679000	      5482	80002808	00060613	addi	x12,x12,0	 x12:0x00000800 x12=0x00000800
      111819000	      5489	8000280c	00cd2023	sw	x12,0(x26)	 x26:0x8ffffffc x12:0x00000800 PA:0x8ffffffc store:0x00000800 load:0xffffffff
      111839000	      5490	80002810	34102673	csrrs	x12,mepc,x0	  x0:0x00000000 x12=0x800005ea
      111859000	      5491	80002814	34202673	csrrs	x12,mcause,x0	  x0:0x00000000 x12=0x0000000b
      111879000	      5492	80002818	4d0d	c.li	x26,3	 x26=0x00000003
      111899000	      5493	8000281a	01a61463	bne	x12,x26,80002822	 x12:0x0000000b x26:0x00000003
      111939000	      5495	80002822	4d21	c.li	x26,8	 x26=0x00000008
      111959000	      5496	80002824	05a60d63	beq	x12,x26,8000287e	 x12:0x0000000b x26:0x00000008
      111979000	      5497	80002828	4d25	c.li	x26,9	 x26=0x00000009
      111999000	      5498	8000282a	05a60a63	beq	x12,x26,8000287e	 x12:0x0000000b x26:0x00000009
      112019000	      5499	8000282e	4d2d	c.li	x26,11	 x26=0x0000000b
      112039000	      5500	80002830	05a60763	beq	x12,x26,8000287e	 x12:0x0000000b x26:0x0000000b
      112439000	      5520	8000287e	90000d37	lui	x26,0x90000	 x26=0x90000000
      112459000	      5521	80002882	1d71	c.addi	x26,-4	 x26:0x90000000 x26=0x8ffffffc
      112619000	      5529	80002884	6605	c.lui	x12,0x1	 x12=0x00001000
      112799000	      5538	80002886	b0060613	addi	x12,x12,-1280	 x12:0x00001000 x12=0x00000b00
      112819000	      5539	8000288a	0622	c.slli	x12,0x8	 x12:0x00000b00 x12=0x000b0000
      113059000	      5551	8000288c	060d	c.addi	x12,3	 x12:0x000b0000 x12=0x000b0003
      113459000	      5571	8000288e	00cd2023	sw	x12,0(x26)	 x26:0x8ffffffc x12:0x000b0003 PA:0x8ffffffc store:0x000b0003 load:0xffffffff
      113479000	      5572	80002892	b0002673	csrrs	x12,mcycle,x0	  x0:0x00000000 x12=0x000015c1
      113679000	      5582	80002896	00cd2023	sw	x12,0(x26)	 x26:0x8ffffffc x12:0x000015c1 PA:0x8ffffffc store:0x000015c1 load:0xffffffff
      113879000	      5592	8000289a	90000d37	lui	x26,0x90000	 x26=0x90000000
      113899000	      5593	8000289e	1d71	c.addi	x26,-4	 x26:0x90000000 x26=0x8ffffffc
      114019000	      5599	800028a0	6605	c.lui	x12,0x1	 x12=0x00001000
      114159000	      5606	800028a2	b8060613	addi	x12,x12,-1152	 x12:0x00001000 x12=0x00000b80
      114179000	      5607	800028a6	0622	c.slli	x12,0x8	 x12:0x00000b80 x12=0x000b8000
      114439000	      5620	800028a8	060d	c.addi	x12,3	 x12:0x000b8000 x12=0x000b8003
      114499000	      5623	800028aa	00cd2023	sw	x12,0(x26)	 x26:0x8ffffffc x12:0x000b8003 PA:0x8ffffffc store:0x000b8003 load:0xffffffff
      114519000	      5624	800028ae	b8002673	csrrs	x12,mcycleh,x0	  x0:0x00000000 x12=0x00000000
      114539000	      5625	800028b2	00cd2023	sw	x12,0(x26)	 x26:0x8ffffffc x12:0x00000000 PA:0x8ffffffc store:0x00000000 load:0xffffffff
      114559000	      5626	800028b6	90000d37	lui	x26,0x90000	 x26=0x90000000
      114579000	      5627	800028ba	1d71	c.addi	x26,-4	 x26:0x90000000 x26=0x8ffffffc
      114979000	      5647	800028bc	6605	c.lui	x12,0x1	 x12=0x00001000
      115139000	      5655	800028be	b0360613	addi	x12,x12,-1277	 x12:0x00001000 x12=0x00000b03
      115159000	      5656	800028c2	0622	c.slli	x12,0x8	 x12:0x00000b03 x12=0x000b0300
      115379000	      5667	800028c4	060d	c.addi	x12,3	 x12:0x000b0300 x12=0x000b0303
      115459000	      5671	800028c6	00cd2023	sw	x12,0(x26)	 x26:0x8ffffffc x12:0x000b0303 PA:0x8ffffffc store:0x000b0303 load:0xffffffff
      115599000	      5678	800028ca	b0302673	csrrs	x12,mhpmcounter3,x0	  x0:0x00000000 x12=0x00000123
      115679000	      5682	800028ce	00cd2023	sw	x12,0(x26)	 x26:0x8ffffffc x12:0x00000123 PA:0x8ffffffc store:0x00000123 load:0xffffffff
      115819000	      5689	800028d2	90000d37	lui	x26,0x90000	 x26=0x90000000
      115839000	      5690	800028d6	1d71	c.addi	x26,-4	 x26:0x90000000 x26=0x8ffffffc
      115859000	      5691	800028d8	6605	c.lui	x12,0x1	 x12=0x00001000
      115879000	      5692	800028da	b8360613	addi	x12,x12,-1149	 x12:0x00001000 x12=0x00000b83
      115899000	      5693	800028de	0622	c.slli	x12,0x8	 x12:0x00000b83 x12=0x000b8300
      116079000	      5702	800028e0	060d	c.addi	x12,3	 x12:0x000b8300 x12=0x000b8303
      116539000	      5725	800028e2	00cd2023	sw	x12,0(x26)	 x26:0x8ffffffc x12:0x000b8303 PA:0x8ffffffc store:0x000b8303 load:0xffffffff
      116919000	      5744	800028e6	b8302673	csrrs	x12,mhpmcounter3h,x0	  x0:0x00000000 x12=0x00000000
      117039000	      5750	800028ea	00cd2023	sw	x12,0(x26)	 x26:0x8ffffffc x12:0x00000000 PA:0x8ffffffc store:0x00000000 load:0xffffffff
      117079000	      5752	800028ee	90000d37	lui	x26,0x90000	 x26=0x90000000
      117099000	      5753	800028f2	1d71	c.addi	x26,-4	 x26:0x90000000 x26=0x8ffffffc
      117499000	      5773	800028f4	6605	c.lui	x12,0x1	 x12=0x00001000
      117919000	      5794	800028f6	b0460613	addi	x12,x12,-1276	 x12:0x00001000 x12=0x00000b04
      117939000	      5795	800028fa	0622	c.slli	x12,0x8	 x12:0x00000b04 x12=0x000b0400
      118079000	      5802	800028fc	060d	c.addi	x12,3	 x12:0x000b0400 x12=0x000b0403
      118419000	      5819	800028fe	00cd2023	sw	x12,0(x26)	 x26:0x8ffffffc x12:0x000b0403 PA:0x8ffffffc store:0x000b0403 load:0xffffffff
      118479000	      5822	80002902	b0402673	csrrs	x12,mhpmcounter4,x0	  x0:0x00000000 x12=0x00000a4f
      118559000	      5826	80002906	00cd2023	sw	x12,0(x26)	 x26:0x8ffffffc x12:0x00000a4f PA:0x8ffffffc store:0x00000a4f load:0xffffffff
      118579000	      5827	8000290a	90000d37	lui	x26,0x90000	 x26=0x90000000
      118599000	      5828	8000290e	1d71	c.addi	x26,-4	 x26:0x90000000 x26=0x8ffffffc
      118619000	      5829	80002910	6605	c.lui	x12,0x1	 x12=0x00001000
      118979000	      5847	80002912	b8460613	addi	x12,x12,-1148	 x12:0x00001000 x12=0x00000b84
      118999000	      5848	80002916	0622	c.slli	x12,0x8	 x12:0x00000b84 x12=0x000b8400
      119399000	      5868	80002918	060d	c.addi	x12,3	 x12:0x000b8400 x12=0x000b8403
      119559000	      5876	8000291a	00cd2023	sw	x12,0(x26)	 x26:0x8ffffffc x12:0x000b8403 PA:0x8ffffffc store:0x000b8403 load:0xffffffff
      119739000	      5885	8000291e	b8402673	csrrs	x12,mhpmcounter4h,x0	  x0:0x00000000 x12=0x00000000
      120599000	      5928	80002922	00cd2023	sw	x12,0(x26)	 x26:0x8ffffffc x12:0x00000000 PA:0x8ffffffc store:0x00000000 load:0xffffffff
      120619000	      5929	80002926	90000d37	lui	x26,0x90000	 x26=0x90000000
      120639000	      5930	8000292a	1d71	c.addi	x26,-4	 x26:0x90000000 x26=0x8ffffffc
      120659000	      5931	8000292c	6605	c.lui	x12,0x1	 x12=0x00001000
      120699000	      5933	8000292e	b0560613	addi	x12,x12,-1275	 x12:0x00001000 x12=0x00000b05
      120719000	      5934	80002932	0622	c.slli	x12,0x8	 x12:0x00000b05 x12=0x000b0500
      120799000	      5938	80002934	060d	c.addi	x12,3	 x12:0x000b0500 x12=0x000b0503
      120859000	      5941	80002936	00cd2023	sw	x12,0(x26)	 x26:0x8ffffffc x12:0x000b0503 PA:0x8ffffffc store:0x000b0503 load:0xffffffff
      121239000	      5960	8000293a	b0502673	csrrs	x12,mhpmcounter5,x0	  x0:0x00000000 x12=0x00000000
      121299000	      5963	8000293e	00cd2023	sw	x12,0(x26)	 x26:0x8ffffffc x12:0x00000000 PA:0x8ffffffc store:0x00000000 load:0xffffffff
      121319000	      5964	80002942	90000d37	lui	x26,0x90000	 x26=0x90000000
      121339000	      5965	80002946	1d71	c.addi	x26,-4	 x26:0x90000000 x26=0x8ffffffc
      121359000	      5966	80002948	6605	c.lui	x12,0x1	 x12=0x00001000
      121399000	      5968	8000294a	b8560613	addi	x12,x12,-1147	 x12:0x00001000 x12=0x00000b85
      121419000	      5969	8000294e	0622	c.slli	x12,0x8	 x12:0x00000b85 x12=0x000b8500
      121439000	      5970	80002950	060d	c.addi	x12,3	 x12:0x000b8500 x12=0x000b8503
      121499000	      5973	80002952	00cd2023	sw	x12,0(x26)	 x26:0x8ffffffc x12:0x000b8503 PA:0x8ffffffc store:0x000b8503 load:0xffffffff
      121679000	      5982	80002956	b8502673	csrrs	x12,mhpmcounter5h,x0	  x0:0x00000000 x12=0x00000000
      121759000	      5986	8000295a	00cd2023	sw	x12,0(x26)	 x26:0x8ffffffc x12:0x00000000 PA:0x8ffffffc store:0x00000000 load:0xffffffff
      121779000	      5987	8000295e	90000d37	lui	x26,0x90000	 x26=0x90000000
      121799000	      5988	80002962	1d71	c.addi	x26,-4	 x26:0x90000000 x26=0x8ffffffc
      121819000	      5989	80002964	6605	c.lui	x12,0x1	 x12=0x00001000
      121899000	      5993	80002966	b0660613	addi	x12,x12,-1274	 x12:0x00001000 x12=0x00000b06
      121919000	      5994	8000296a	0622	c.slli	x12,0x8	 x12:0x00000b06 x12=0x000b0600
      121939000	      5995	8000296c	060d	c.addi	x12,3	 x12:0x000b0600 x12=0x000b0603
      121999000	      5998	8000296e	00cd2023	sw	x12,0(x26)	 x26:0x8ffffffc x12:0x000b0603 PA:0x8ffffffc store:0x000b0603 load:0xffffffff
      122019000	      5999	80002972	b0602673	csrrs	x12,mhpmcounter6,x0	  x0:0x00000000 x12=0x0000005c
      122619000	      6029	80002976	00cd2023	sw	x12,0(x26)	 x26:0x8ffffffc x12:0x0000005c PA:0x8ffffffc store:0x0000005c load:0xffffffff
      122639000	      6030	8000297a	90000d37	lui	x26,0x90000	 x26=0x90000000
      122659000	      6031	8000297e	1d71	c.addi	x26,-4	 x26:0x90000000 x26=0x8ffffffc
      122679000	      6032	80002980	6605	c.lui	x12,0x1	 x12=0x00001000
      122699000	      6033	80002982	b8660613	addi	x12,x12,-1146	 x12:0x00001000 x12=0x00000b86
      122719000	      6034	80002986	0622	c.slli	x12,0x8	 x12:0x00000b86 x12=0x000b8600
      122959000	      6046	80002988	060d	c.addi	x12,3	 x12:0x000b8600 x12=0x000b8603
      123379000	      6067	8000298a	00cd2023	sw	x12,0(x26)	 x26:0x8ffffffc x12:0x000b8603 PA:0x8ffffffc store:0x000b8603 load:0xffffffff
      123399000	      6068	8000298e	b8602673	csrrs	x12,mhpmcounter6h,x0	  x0:0x00000000 x12=0x00000000
      123539000	      6075	80002992	00cd2023	sw	x12,0(x26)	 x26:0x8ffffffc x12:0x00000000 PA:0x8ffffffc store:0x00000000 load:0xffffffff
      123559000	      6076	80002996	90000d37	lui	x26,0x90000	 x26=0x90000000
      123579000	      6077	8000299a	1d71	c.addi	x26,-4	 x26:0x90000000 x26=0x8ffffffc
      123599000	      6078	8000299c	6605	c.lui	x12,0x1	 x12=0x00001000
      123619000	      6079	8000299e	b0760613	addi	x12,x12,-1273	 x12:0x00001000 x12=0x00000b07
      123639000	      6080	800029a2	0622	c.slli	x12,0x8	 x12:0x00000b07 x12=0x000b0700
      123659000	      6081	800029a4	060d	c.addi	x12,3	 x12:0x000b0700 x12=0x000b0703
      123719000	      6084	800029a6	00cd2023	sw	x12,0(x26)	 x26:0x8ffffffc x12:0x000b0703 PA:0x8ffffffc store:0x000b0703 load:0xffffffff
      123739000	      6085	800029aa	b0702673	csrrs	x12,mhpmcounter7,x0	  x0:0x00000000 x12=0x00000023
      123759000	      6086	800029ae	00cd2023	sw	x12,0(x26)	 x26:0x8ffffffc x12:0x00000023 PA:0x8ffffffc store:0x00000023 load:0xffffffff
      123879000	      6092	800029b2	90000d37	lui	x26,0x90000	 x26=0x90000000
      123899000	      6093	800029b6	1d71	c.addi	x26,-4	 x26:0x90000000 x26=0x8ffffffc
      123919000	      6094	800029b8	6605	c.lui	x12,0x1	 x12=0x00001000
      124099000	      6103	800029ba	b8760613	addi	x12,x12,-1145	 x12:0x00001000 x12=0x00000b87
      124119000	      6104	800029be	0622	c.slli	x12,0x8	 x12:0x00000b87 x12=0x000b8700
      124519000	      6124	800029c0	060d	c.addi	x12,3	 x12:0x000b8700 x12=0x000b8703
      125319000	      6164	800029c2	00cd2023	sw	x12,0(x26)	 x26:0x8ffffffc x12:0x000b8703 PA:0x8ffffffc store:0x000b8703 load:0xffffffff
      125339000	      6165	800029c6	b8702673	csrrs	x12,mhpmcounter7h,x0	  x0:0x00000000 x12=0x00000000
      125559000	      6176	800029ca	00cd2023	sw	x12,0(x26)	 x26:0x8ffffffc x12:0x00000000 PA:0x8ffffffc store:0x00000000 load:0xffffffff
      125579000	      6177	800029ce	90000d37	lui	x26,0x90000	 x26=0x90000000
      125599000	      6178	800029d2	1d71	c.addi	x26,-4	 x26:0x90000000 x26=0x8ffffffc
      125619000	      6179	800029d4	6605	c.lui	x12,0x1	 x12=0x00001000
      125639000	      6180	800029d6	b0860613	addi	x12,x12,-1272	 x12:0x00001000 x12=0x00000b08
      125659000	      6181	800029da	0622	c.slli	x12,0x8	 x12:0x00000b08 x12=0x000b0800
      126039000	      6200	800029dc	060d	c.addi	x12,3	 x12:0x000b0800 x12=0x000b0803
      126099000	      6203	800029de	00cd2023	sw	x12,0(x26)	 x26:0x8ffffffc x12:0x000b0803 PA:0x8ffffffc store:0x000b0803 load:0xffffffff
      126159000	      6206	800029e2	b0802673	csrrs	x12,mhpmcounter8,x0	  x0:0x00000000 x12=0x000000f4
      126579000	      6227	800029e6	00cd2023	sw	x12,0(x26)	 x26:0x8ffffffc x12:0x000000f4 PA:0x8ffffffc store:0x000000f4 load:0xffffffff
      126599000	      6228	800029ea	90000d37	lui	x26,0x90000	 x26=0x90000000
      126619000	      6229	800029ee	1d71	c.addi	x26,-4	 x26:0x90000000 x26=0x8ffffffc
      126639000	      6230	800029f0	6605	c.lui	x12,0x1	 x12=0x00001000
      126999000	      6248	800029f2	b8860613	addi	x12,x12,-1144	 x12:0x00001000 x12=0x00000b88
      127019000	      6249	800029f6	0622	c.slli	x12,0x8	 x12:0x00000b88 x12=0x000b8800
      127039000	      6250	800029f8	060d	c.addi	x12,3	 x12:0x000b8800 x12=0x000b8803
      127139000	      6255	800029fa	00cd2023	sw	x12,0(x26)	 x26:0x8ffffffc x12:0x000b8803 PA:0x8ffffffc store:0x000b8803 load:0xffffffff
      127519000	      6274	800029fe	b8802673	csrrs	x12,mhpmcounter8h,x0	  x0:0x00000000 x12=0x00000000
      127959000	      6296	80002a02	00cd2023	sw	x12,0(x26)	 x26:0x8ffffffc x12:0x00000000 PA:0x8ffffffc store:0x00000000 load:0xffffffff
      127979000	      6297	80002a06	90000d37	lui	x26,0x90000	 x26=0x90000000
      127999000	      6298	80002a0a	1d71	c.addi	x26,-4	 x26:0x90000000 x26=0x8ffffffc
      128019000	      6299	80002a0c	6605	c.lui	x12,0x1	 x12=0x00001000
      128039000	      6300	80002a0e	b0960613	addi	x12,x12,-1271	 x12:0x00001000 x12=0x00000b09
      128059000	      6301	80002a12	0622	c.slli	x12,0x8	 x12:0x00000b09 x12=0x000b0900
      128079000	      6302	80002a14	060d	c.addi	x12,3	 x12:0x000b0900 x12=0x000b0903
      128279000	      6312	80002a16	00cd2023	sw	x12,0(x26)	 x26:0x8ffffffc x12:0x000b0903 PA:0x8ffffffc store:0x000b0903 load:0xffffffff
      128299000	      6313	80002a1a	b0902673	csrrs	x12,mhpmcounter9,x0	  x0:0x00000000 x12=0x00000044
      128959000	      6346	80002a1e	00cd2023	sw	x12,0(x26)	 x26:0x8ffffffc x12:0x00000044 PA:0x8ffffffc store:0x00000044 load:0xffffffff
      128979000	      6347	80002a22	90000d37	lui	x26,0x90000	 x26=0x90000000
      128999000	      6348	80002a26	1d71	c.addi	x26,-4	 x26:0x90000000 x26=0x8ffffffc
      129019000	      6349	80002a28	6605	c.lui	x12,0x1	 x12=0x00001000
      129039000	      6350	80002a2a	b8960613	addi	x12,x12,-1143	 x12:0x00001000 x12=0x00000b89
      129059000	      6351	80002a2e	0622	c.slli	x12,0x8	 x12:0x00000b89 x12=0x000b8900
      129079000	      6352	80002a30	060d	c.addi	x12,3	 x12:0x000b8900 x12=0x000b8903
      129339000	      6365	80002a32	00cd2023	sw	x12,0(x26)	 x26:0x8ffffffc x12:0x000b8903 PA:0x8ffffffc store:0x000b8903 load:0xffffffff
      129359000	      6366	80002a36	b8902673	csrrs	x12,mhpmcounter9h,x0	  x0:0x00000000 x12=0x00000000
      129579000	      6377	80002a3a	00cd2023	sw	x12,0(x26)	 x26:0x8ffffffc x12:0x00000000 PA:0x8ffffffc store:0x00000000 load:0xffffffff
      129599000	      6378	80002a3e	90000d37	lui	x26,0x90000	 x26=0x90000000
      129619000	      6379	80002a42	1d71	c.addi	x26,-4	 x26:0x90000000 x26=0x8ffffffc
      129639000	      6380	80002a44	6605	c.lui	x12,0x1	 x12=0x00001000
      129659000	      6381	80002a46	b0a60613	addi	x12,x12,-1270	 x12:0x00001000 x12=0x00000b0a
      129679000	      6382	80002a4a	0622	c.slli	x12,0x8	 x12:0x00000b0a x12=0x000b0a00
      129699000	      6383	80002a4c	060d	c.addi	x12,3	 x12:0x000b0a00 x12=0x000b0a03
      129759000	      6386	80002a4e	00cd2023	sw	x12,0(x26)	 x26:0x8ffffffc x12:0x000b0a03 PA:0x8ffffffc store:0x000b0a03 load:0xffffffff
      129879000	      6392	80002a52	b0a02673	csrrs	x12,mhpmcounter10,x0	  x0:0x00000000 x12=0x000002ab
      129959000	      6396	80002a56	00cd2023	sw	x12,0(x26)	 x26:0x8ffffffc x12:0x000002ab PA:0x8ffffffc store:0x000002ab load:0xffffffff
      129979000	      6397	80002a5a	90000d37	lui	x26,0x90000	 x26=0x90000000
      129999000	      6398	80002a5e	1d71	c.addi	x26,-4	 x26:0x90000000 x26=0x8ffffffc
      130079000	      6402	80002a60	6605	c.lui	x12,0x1	 x12=0x00001000
      130179000	      6407	80002a62	b8a60613	addi	x12,x12,-1142	 x12:0x00001000 x12=0x00000b8a
      130199000	      6408	80002a66	0622	c.slli	x12,0x8	 x12:0x00000b8a x12=0x000b8a00
      130499000	      6423	80002a68	060d	c.addi	x12,3	 x12:0x000b8a00 x12=0x000b8a03
      130819000	      6439	80002a6a	00cd2023	sw	x12,0(x26)	 x26:0x8ffffffc x12:0x000b8a03 PA:0x8ffffffc store:0x000b8a03 load:0xffffffff
      130839000	      6440	80002a6e	b8a02673	csrrs	x12,mhpmcounter10h,x0	  x0:0x00000000 x12=0x00000000
      131279000	      6462	80002a72	00cd2023	sw	x12,0(x26)	 x26:0x8ffffffc x12:0x00000000 PA:0x8ffffffc store:0x00000000 load:0xffffffff
      131299000	      6463	80002a76	90000d37	lui	x26,0x90000	 x26=0x90000000
      131319000	      6464	80002a7a	1d71	c.addi	x26,-4	 x26:0x90000000 x26=0x8ffffffc
      131359000	      6466	80002a7c	6605	c.lui	x12,0x1	 x12=0x00001000
      131379000	      6467	80002a7e	b0b60613	addi	x12,x12,-1269	 x12:0x00001000 x12=0x00000b0b
      131399000	      6468	80002a82	0622	c.slli	x12,0x8	 x12:0x00000b0b x12=0x000b0b00
      131799000	      6488	80002a84	060d	c.addi	x12,3	 x12:0x000b0b00 x12=0x000b0b03
      132379000	      6517	80002a86	00cd2023	sw	x12,0(x26)	 x26:0x8ffffffc x12:0x000b0b03 PA:0x8ffffffc store:0x000b0b03 load:0xffffffff
      132399000	      6518	80002a8a	b0b02673	csrrs	x12,mhpmcounter11,x0	  x0:0x00000000 x12=0x00000000
      132459000	      6521	80002a8e	00cd2023	sw	x12,0(x26)	 x26:0x8ffffffc x12:0x00000000 PA:0x8ffffffc store:0x00000000 load:0xffffffff
      132479000	      6522	80002a92	90000d37	lui	x26,0x90000	 x26=0x90000000
      132499000	      6523	80002a96	1d71	c.addi	x26,-4	 x26:0x90000000 x26=0x8ffffffc
      132519000	      6524	80002a98	6605	c.lui	x12,0x1	 x12=0x00001000
      132539000	      6525	80002a9a	b8b60613	addi	x12,x12,-1141	 x12:0x00001000 x12=0x00000b8b
      132559000	      6526	80002a9e	0622	c.slli	x12,0x8	 x12:0x00000b8b x12=0x000b8b00
      132679000	      6532	80002aa0	060d	c.addi	x12,3	 x12:0x000b8b00 x12=0x000b8b03
      132779000	      6537	80002aa2	00cd2023	sw	x12,0(x26)	 x26:0x8ffffffc x12:0x000b8b03 PA:0x8ffffffc store:0x000b8b03 load:0xffffffff
      132899000	      6543	80002aa6	b8b02673	csrrs	x12,mhpmcounter11h,x0	  x0:0x00000000 x12=0x00000000
      133219000	      6559	80002aaa	00cd2023	sw	x12,0(x26)	 x26:0x8ffffffc x12:0x00000000 PA:0x8ffffffc store:0x00000000 load:0xffffffff
      133239000	      6560	80002aae	90000d37	lui	x26,0x90000	 x26=0x90000000
      133259000	      6561	80002ab2	1d71	c.addi	x26,-4	 x26:0x90000000 x26=0x8ffffffc
      133279000	      6562	80002ab4	6605	c.lui	x12,0x1	 x12=0x00001000
      133299000	      6563	80002ab6	b0c60613	addi	x12,x12,-1268	 x12:0x00001000 x12=0x00000b0c
      133319000	      6564	80002aba	0622	c.slli	x12,0x8	 x12:0x00000b0c x12=0x000b0c00
      133339000	      6565	80002abc	060d	c.addi	x12,3	 x12:0x000b0c00 x12=0x000b0c03
      133399000	      6568	80002abe	00cd2023	sw	x12,0(x26)	 x26:0x8ffffffc x12:0x000b0c03 PA:0x8ffffffc store:0x000b0c03 load:0xffffffff
      133419000	      6569	80002ac2	b0c02673	csrrs	x12,mhpmcounter12,x0	  x0:0x00000000 x12=0x00000000
      133839000	      6590	80002ac6	00cd2023	sw	x12,0(x26)	 x26:0x8ffffffc x12:0x00000000 PA:0x8ffffffc store:0x00000000 load:0xffffffff
      133859000	      6591	80002aca	90000d37	lui	x26,0x90000	 x26=0x90000000
      133879000	      6592	80002ace	1d71	c.addi	x26,-4	 x26:0x90000000 x26=0x8ffffffc
      133999000	      6598	80002ad0	6605	c.lui	x12,0x1	 x12=0x00001000
      134019000	      6599	80002ad2	b8c60613	addi	x12,x12,-1140	 x12:0x00001000 x12=0x00000b8c
      134039000	      6600	80002ad6	0622	c.slli	x12,0x8	 x12:0x00000b8c x12=0x000b8c00
      134079000	      6602	80002ad8	060d	c.addi	x12,3	 x12:0x000b8c00 x12=0x000b8c03
      134539000	      6625	80002ada	00cd2023	sw	x12,0(x26)	 x26:0x8ffffffc x12:0x000b8c03 PA:0x8ffffffc store:0x000b8c03 load:0xffffffff
      134559000	      6626	80002ade	b8c02673	csrrs	x12,mhpmcounter12h,x0	  x0:0x00000000 x12=0x00000000
      134699000	      6633	80002ae2	00cd2023	sw	x12,0(x26)	 x26:0x8ffffffc x12:0x00000000 PA:0x8ffffffc store:0x00000000 load:0xffffffff
      134919000	      6644	80002ae6	ffffd617	auipc	x12,0xffffd	 x12=0x7ffffae6
      135099000	      6653	80002aea	59a60613	addi	x12,x12,1434	 x12:0x7ffffae6 x12=0x80000080
      135259000	      6661	80002aee	00062023	sw	x0,0(x12)	 x12:0x80000080  x0:0x00000000 PA:0x80000080 store:0x00000000 load:0xffffffff
      135399000	      6668	80002af2	00162223	sw	x1,4(x12)	 x12:0x80000080  x1:0x80000000 PA:0x80000084 store:0x80000000 load:0xffffffff
      135539000	      6675	80002af6	00262423	sw	x2,8(x12)	 x12:0x80000080  x2:0x4f707fa4 PA:0x80000088 store:0x4f707fa4 load:0xffffffff
      135899000	      6693	80002afa	00362623	sw	x3,12(x12)	 x12:0x80000080  x3:0x9fccf78b PA:0x8000008c store:0x9fccf78b load:0xffffffff
      135959000	      6696	80002afe	00462823	sw	x4,16(x12)	 x12:0x80000080  x4:0x00000005 PA:0x80000090 store:0x00000005 load:0xffffffff
      136379000	      6717	80002b02	00562a23	sw	x5,20(x12)	 x12:0x80000080  x5:0x80000000 PA:0x80000094 store:0x80000000 load:0xffffffff
      136559000	      6726	80002b06	00662c23	sw	x6,24(x12)	 x12:0x80000080  x6:0xe4fb7214 PA:0x80000098 store:0xe4fb7214 load:0xffffffff
      136679000	      6732	80002b0a	00762e23	sw	x7,28(x12)	 x12:0x80000080  x7:0x00000002 PA:0x8000009c store:0x00000002 load:0xffffffff
      136799000	      6738	80002b0e	d200	c.sw	x8,32(x12)	 x12:0x80000080  x8:0x00000000 PA:0x800000a0 store:0x00000000 load:0xffffffff
      136939000	      6745	80002b10	d244	c.sw	x9,36(x12)	 x12:0x80000080  x9:0x8002cbdc PA:0x800000a4 store:0x8002cbdc load:0xffffffff
      137139000	      6755	80002b12	d608	c.sw	x10,40(x12)	 x12:0x80000080 x10:0xf6f657b1 PA:0x800000a8 store:0xf6f657b1 load:0xffffffff
      137219000	      6759	80002b14	d64c	c.sw	x11,44(x12)	 x12:0x80000080 x11:0x23ffffff PA:0x800000ac store:0x23ffffff load:0xffffffff
      137239000	      6760	80002b16	da10	c.sw	x12,48(x12)	 x12:0x80000080 x12:0x80000080 PA:0x800000b0 store:0x80000080 load:0xffffffff
      137279000	      6762	80002b18	da54	c.sw	x13,52(x12)	 x12:0x80000080 x13:0x80000000 PA:0x800000b4 store:0x80000000 load:0xffffffff
      137319000	      6764	80002b1a	de18	c.sw	x14,56(x12)	 x12:0x80000080 x14:0x80000000 PA:0x800000b8 store:0x80000000 load:0xffffffff
      137479000	      6772	80002b1c	de5c	c.sw	x15,60(x12)	 x12:0x80000080 x15:0x00000009 PA:0x800000bc store:0x00000009 load:0xffffffff
      137699000	      6783	80002b1e	05062023	sw	x16,64(x12)	 x12:0x80000080 x16:0x00000000 PA:0x800000c0 store:0x00000000 load:0xffffffff
      137719000	      6784	80002b22	05162223	sw	x17,68(x12)	 x12:0x80000080 x17:0x0000000a PA:0x800000c4 store:0x0000000a load:0xffffffff
      138139000	      6805	80002b26	05262423	sw	x18,72(x12)	 x12:0x80000080 x18:0x35994c01 PA:0x800000c8 store:0x35994c01 load:0xffffffff
      138199000	      6808	80002b2a	05362623	sw	x19,76(x12)	 x12:0x80000080 x19:0x00000007 PA:0x800000cc store:0x00000007 load:0xffffffff
      138219000	      6809	80002b2e	05462823	sw	x20,80(x12)	 x12:0x80000080 x20:0x0000000f PA:0x800000d0 store:0x0000000f load:0xffffffff
      138239000	      6810	80002b32	05562a23	sw	x21,84(x12)	 x12:0x80000080 x21:0x00000006 PA:0x800000d4 store:0x00000006 load:0xffffffff
      138359000	      6816	80002b36	05662c23	sw	x22,88(x12)	 x12:0x80000080 x22:0x20009d0b PA:0x800000d8 store:0x20009d0b load:0xffffffff
      138819000	      6839	80002b3a	05762e23	sw	x23,92(x12)	 x12:0x80000080 x23:0xf75356fd PA:0x800000dc store:0xf75356fd load:0xffffffff
      139139000	      6855	80002b3e	07862023	sw	x24,96(x12)	 x12:0x80000080 x24:0xf61b487c PA:0x800000e0 store:0xf61b487c load:0xffffffff
      139199000	      6858	80002b42	07962223	sw	x25,100(x12)	 x12:0x80000080 x25:0x00000000 PA:0x800000e4 store:0x00000000 load:0xffffffff
      139219000	      6859	80002b46	07a62423	sw	x26,104(x12)	 x12:0x80000080 x26:0x8ffffffc PA:0x800000e8 store:0x8ffffffc load:0xffffffff
      139299000	      6863	80002b4a	07b62623	sw	x27,108(x12)	 x12:0x80000080 x27:0x65d29101 PA:0x800000ec store:0x65d29101 load:0xffffffff
      139399000	      6868	80002b4e	07c62823	sw	x28,112(x12)	 x12:0x80000080 x28:0x0000000f PA:0x800000f0 store:0x0000000f load:0xffffffff
      139599000	      6878	80002b52	07d62a23	sw	x29,116(x12)	 x12:0x80000080 x29:0x00000010 PA:0x800000f4 store:0x00000010 load:0xffffffff
      140059000	      6901	80002b56	07e62c23	sw	x30,120(x12)	 x12:0x80000080 x30:0x8002cbdc PA:0x800000f8 store:0x8002cbdc load:0xffffffff
      140519000	      6924	80002b5a	07f62e23	sw	x31,124(x12)	 x12:0x80000080 x31:0x0f0f0f0f PA:0x800000fc store:0x0f0f0f0f load:0xffffffff
      140539000	      6925	80002b5e	34102673	csrrs	x12,mepc,x0	  x0:0x00000000 x12=0x800005ea
      140559000	      6926	80002b62	0611	c.addi	x12,4	 x12:0x800005ea x12=0x800005ee
      140579000	      6927	80002b64	34161073	csrrw	x0,mepc,x12	 x12:0x800005ee  x0=0x00000000
      140599000	      6928	80002b68	30200073	mret	
      140679000	      6932	800005ee	90000d37	lui	x26,0x90000	 x26=0x90000000
      140699000	      6933	800005f2	1d61	c.addi	x26,-8	 x26:0x90000000 x26=0x8ffffff8
      140719000	      6934	800005f4	4605	c.li	x12,1	 x12=0x00000001
      140739000	      6935	800005f6	0622	c.slli	x12,0x8	 x12:0x00000001 x12=0x00000100
      140759000	      6936	800005f8	0605	c.addi	x12,1	 x12:0x00000100 x12=0x00000101
      141219000	      6959	800005fa	00cd2023	sw	x12,0(x26)	 x26:0x8ffffff8 x12:0x00000101 PA:0x8ffffff8 store:0x00000101 load:0xffffffff
      141239000	      6960	800005fe	00000073	ecall	
      141299000	      6963	80002700	0800006f	jal	x0,80002780	  x0=0x00000000
      141339000	      6965	80002780	1f71	c.addi	x30,-4	 x30:0x8002cbdc x30=0x8002cbd8
      141599000	      6978	80002782	009f2023	sw	x9,0(x30)	 x30:0x8002cbd8  x9:0x8002cbdc PA:0x8002cbd8 store:0x8002cbdc load:0xffffffff
      141619000	      6979	80002786	000f04b3	add	x9,x30,x0	 x30:0x8002cbd8  x0:0x00000000  x9=0x8002cbd8
      141639000	      6980	8000278a	f8048493	addi	x9,x9,-128	  x9:0x8002cbd8  x9=0x8002cb58
      141819000	      6989	8000278e	0014a223	sw	x1,4(x9)	  x9:0x8002cb58  x1:0x80000000 PA:0x8002cb5c store:0x80000000 load:0xffffffff
      141839000	      6990	80002792	0024a423	sw	x2,8(x9)	  x9:0x8002cb58  x2:0x4f707fa4 PA:0x8002cb60 store:0x4f707fa4 load:0xffffffff
      142179000	      7007	80002796	0034a623	sw	x3,12(x9)	  x9:0x8002cb58  x3:0x9fccf78b PA:0x8002cb64 store:0x9fccf78b load:0xffffffff
      142239000	      7010	8000279a	0044a823	sw	x4,16(x9)	  x9:0x8002cb58  x4:0x00000005 PA:0x8002cb68 store:0x00000005 load:0xffffffff
      142259000	      7011	8000279e	0054aa23	sw	x5,20(x9)	  x9:0x8002cb58  x5:0x80000000 PA:0x8002cb6c store:0x80000000 load:0xffffffff
      142639000	      7030	800027a2	0064ac23	sw	x6,24(x9)	  x9:0x8002cb58  x6:0xe4fb7214 PA:0x8002cb70 store:0xe4fb7214 load:0xffffffff
      142919000	      7044	800027a6	0074ae23	sw	x7,28(x9)	  x9:0x8002cb58  x7:0x00000002 PA:0x8002cb74 store:0x00000002 load:0xffffffff
      143379000	      7067	800027aa	d080	c.sw	x8,32(x9)	  x9:0x8002cb58  x8:0x00000000 PA:0x8002cb78 store:0x00000000 load:0xffffffff
      143639000	      7080	800027ac	d0c4	c.sw	x9,36(x9)	  x9:0x8002cb58  x9:0x8002cb58 PA:0x8002cb7c store:0x8002cb58 load:0xffffffff
      143659000	      7081	800027ae	d488	c.sw	x10,40(x9)	  x9:0x8002cb58 x10:0xf6f657b1 PA:0x8002cb80 store:0xf6f657b1 load:0xffffffff
      143679000	      7082	800027b0	d4cc	c.sw	x11,44(x9)	  x9:0x8002cb58 x11:0x23ffffff PA:0x8002cb84 store:0x23ffffff load:0xffffffff
      143899000	      7093	800027b2	d890	c.sw	x12,48(x9)	  x9:0x8002cb58 x12:0x00000101 PA:0x8002cb88 store:0x00000101 load:0xffffffff
      144159000	      7106	800027b4	d8d4	c.sw	x13,52(x9)	  x9:0x8002cb58 x13:0x80000000 PA:0x8002cb8c store:0x80000000 load:0xffffffff
      144219000	      7109	800027b6	dc98	c.sw	x14,56(x9)	  x9:0x8002cb58 x14:0x80000000 PA:0x8002cb90 store:0x80000000 load:0xffffffff
      144239000	      7110	800027b8	dcdc	c.sw	x15,60(x9)	  x9:0x8002cb58 x15:0x00000009 PA:0x8002cb94 store:0x00000009 load:0xffffffff
      144399000	      7118	800027ba	0504a023	sw	x16,64(x9)	  x9:0x8002cb58 x16:0x00000000 PA:0x8002cb98 store:0x00000000 load:0xffffffff
      144459000	      7121	800027be	0514a223	sw	x17,68(x9)	  x9:0x8002cb58 x17:0x0000000a PA:0x8002cb9c store:0x0000000a load:0xffffffff
      144479000	      7122	800027c2	0524a423	sw	x18,72(x9)	  x9:0x8002cb58 x18:0x35994c01 PA:0x8002cba0 store:0x35994c01 load:0xffffffff
      144499000	      7123	800027c6	0534a623	sw	x19,76(x9)	  x9:0x8002cb58 x19:0x00000007 PA:0x8002cba4 store:0x00000007 load:0xffffffff
      144519000	      7124	800027ca	0544a823	sw	x20,80(x9)	  x9:0x8002cb58 x20:0x0000000f PA:0x8002cba8 store:0x0000000f load:0xffffffff
      144679000	      7132	800027ce	0554aa23	sw	x21,84(x9)	  x9:0x8002cb58 x21:0x00000006 PA:0x8002cbac store:0x00000006 load:0xffffffff
      144699000	      7133	800027d2	0564ac23	sw	x22,88(x9)	  x9:0x8002cb58 x22:0x20009d0b PA:0x8002cbb0 store:0x20009d0b load:0xffffffff
      144719000	      7134	800027d6	0574ae23	sw	x23,92(x9)	  x9:0x8002cb58 x23:0xf75356fd PA:0x8002cbb4 store:0xf75356fd load:0xffffffff
      144739000	      7135	800027da	0784a023	sw	x24,96(x9)	  x9:0x8002cb58 x24:0xf61b487c PA:0x8002cbb8 store:0xf61b487c load:0xffffffff
      144959000	      7146	800027de	0794a223	sw	x25,100(x9)	  x9:0x8002cb58 x25:0x00000000 PA:0x8002cbbc store:0x00000000 load:0xffffffff
      144979000	      7147	800027e2	07a4a423	sw	x26,104(x9)	  x9:0x8002cb58 x26:0x8ffffff8 PA:0x8002cbc0 store:0x8ffffff8 load:0xffffffff
      144999000	      7148	800027e6	07b4a623	sw	x27,108(x9)	  x9:0x8002cb58 x27:0x65d29101 PA:0x8002cbc4 store:0x65d29101 load:0xffffffff
      145019000	      7149	800027ea	07c4a823	sw	x28,112(x9)	  x9:0x8002cb58 x28:0x0000000f PA:0x8002cbc8 store:0x0000000f load:0xffffffff
      145319000	      7164	800027ee	07d4aa23	sw	x29,116(x9)	  x9:0x8002cb58 x29:0x00000010 PA:0x8002cbcc store:0x00000010 load:0xffffffff
      148219000	      7309	800027f2	07e4ac23	sw	x30,120(x9)	  x9:0x8002cb58 x30:0x8002cbd8 PA:0x8002cbd0 store:0x8002cbd8 load:0xffffffff
      148399000	      7318	800027f6	07f4ae23	sw	x31,124(x9)	  x9:0x8002cb58 x31:0x0f0f0f0f PA:0x8002cbd4 store:0x0f0f0f0f load:0xffffffff
      148419000	      7319	800027fa	00048f33	add	x30,x9,x0	  x9:0x8002cb58  x0:0x00000000 x30=0x8002cb58
      148439000	      7320	800027fe	90000d37	lui	x26,0x90000	 x26=0x90000000
      148459000	      7321	80002802	1d71	c.addi	x26,-4	 x26:0x90000000 x26=0x8ffffffc
      148479000	      7322	80002804	4621	c.li	x12,8	 x12=0x00000008
      148499000	      7323	80002806	0622	c.slli	x12,0x8	 x12:0x00000008 x12=0x00000800
      148519000	      7324	80002808	00060613	addi	x12,x12,0	 x12:0x00000800 x12=0x00000800
      148599000	      7328	8000280c	00cd2023	sw	x12,0(x26)	 x26:0x8ffffffc x12:0x00000800 PA:0x8ffffffc store:0x00000800 load:0xffffffff
      148619000	      7329	80002810	34102673	csrrs	x12,mepc,x0	  x0:0x00000000 x12=0x800005fe
      148639000	      7330	80002814	34202673	csrrs	x12,mcause,x0	  x0:0x00000000 x12=0x0000000b
      148659000	      7331	80002818	4d0d	c.li	x26,3	 x26=0x00000003
      148679000	      7332	8000281a	01a61463	bne	x12,x26,80002822	 x12:0x0000000b x26:0x00000003
      148719000	      7334	80002822	4d21	c.li	x26,8	 x26=0x00000008
      148739000	      7335	80002824	05a60d63	beq	x12,x26,8000287e	 x12:0x0000000b x26:0x00000008
      148759000	      7336	80002828	4d25	c.li	x26,9	 x26=0x00000009
      148779000	      7337	8000282a	05a60a63	beq	x12,x26,8000287e	 x12:0x0000000b x26:0x00000009
      148799000	      7338	8000282e	4d2d	c.li	x26,11	 x26=0x0000000b
      148819000	      7339	80002830	05a60763	beq	x12,x26,8000287e	 x12:0x0000000b x26:0x0000000b
      148879000	      7342	8000287e	90000d37	lui	x26,0x90000	 x26=0x90000000
      148899000	      7343	80002882	1d71	c.addi	x26,-4	 x26:0x90000000 x26=0x8ffffffc
      148919000	      7344	80002884	6605	c.lui	x12,0x1	 x12=0x00001000
      148939000	      7345	80002886	b0060613	addi	x12,x12,-1280	 x12:0x00001000 x12=0x00000b00
      148959000	      7346	8000288a	0622	c.slli	x12,0x8	 x12:0x00000b00 x12=0x000b0000
      148979000	      7347	8000288c	060d	c.addi	x12,3	 x12:0x000b0000 x12=0x000b0003
      149439000	      7370	8000288e	00cd2023	sw	x12,0(x26)	 x26:0x8ffffffc x12:0x000b0003 PA:0x8ffffffc store:0x000b0003 load:0xffffffff
      149459000	      7371	80002892	b0002673	csrrs	x12,mcycle,x0	  x0:0x00000000 x12=0x00001cc8
      149519000	      7374	80002896	00cd2023	sw	x12,0(x26)	 x26:0x8ffffffc x12:0x00001cc8 PA:0x8ffffffc store:0x00001cc8 load:0xffffffff
      149539000	      7375	8000289a	90000d37	lui	x26,0x90000	 x26=0x90000000
      149559000	      7376	8000289e	1d71	c.addi	x26,-4	 x26:0x90000000 x26=0x8ffffffc
      149579000	      7377	800028a0	6605	c.lui	x12,0x1	 x12=0x00001000
      149599000	      7378	800028a2	b8060613	addi	x12,x12,-1152	 x12:0x00001000 x12=0x00000b80
      149619000	      7379	800028a6	0622	c.slli	x12,0x8	 x12:0x00000b80 x12=0x000b8000
      149639000	      7380	800028a8	060d	c.addi	x12,3	 x12:0x000b8000 x12=0x000b8003
      149699000	      7383	800028aa	00cd2023	sw	x12,0(x26)	 x26:0x8ffffffc x12:0x000b8003 PA:0x8ffffffc store:0x000b8003 load:0xffffffff
      149719000	      7384	800028ae	b8002673	csrrs	x12,mcycleh,x0	  x0:0x00000000 x12=0x00000000
      149879000	      7392	800028b2	00cd2023	sw	x12,0(x26)	 x26:0x8ffffffc x12:0x00000000 PA:0x8ffffffc store:0x00000000 load:0xffffffff
      149899000	      7393	800028b6	90000d37	lui	x26,0x90000	 x26=0x90000000
      149919000	      7394	800028ba	1d71	c.addi	x26,-4	 x26:0x90000000 x26=0x8ffffffc
      149939000	      7395	800028bc	6605	c.lui	x12,0x1	 x12=0x00001000
      149959000	      7396	800028be	b0360613	addi	x12,x12,-1277	 x12:0x00001000 x12=0x00000b03
      149979000	      7397	800028c2	0622	c.slli	x12,0x8	 x12:0x00000b03 x12=0x000b0300
      149999000	      7398	800028c4	060d	c.addi	x12,3	 x12:0x000b0300 x12=0x000b0303
      150159000	      7406	800028c6	00cd2023	sw	x12,0(x26)	 x26:0x8ffffffc x12:0x000b0303 PA:0x8ffffffc store:0x000b0303 load:0xffffffff
      150179000	      7407	800028ca	b0302673	csrrs	x12,mhpmcounter3,x0	  x0:0x00000000 x12=0x00000302
      150299000	      7413	800028ce	00cd2023	sw	x12,0(x26)	 x26:0x8ffffffc x12:0x00000302 PA:0x8ffffffc store:0x00000302 load:0xffffffff
      150319000	      7414	800028d2	90000d37	lui	x26,0x90000	 x26=0x90000000
      150339000	      7415	800028d6	1d71	c.addi	x26,-4	 x26:0x90000000 x26=0x8ffffffc
      150359000	      7416	800028d8	6605	c.lui	x12,0x1	 x12=0x00001000
      150379000	      7417	800028da	b8360613	addi	x12,x12,-1149	 x12:0x00001000 x12=0x00000b83
      150399000	      7418	800028de	0622	c.slli	x12,0x8	 x12:0x00000b83 x12=0x000b8300
      150419000	      7419	800028e0	060d	c.addi	x12,3	 x12:0x000b8300 x12=0x000b8303
      150499000	      7423	800028e2	00cd2023	sw	x12,0(x26)	 x26:0x8ffffffc x12:0x000b8303 PA:0x8ffffffc store:0x000b8303 load:0xffffffff
      150519000	      7424	800028e6	b8302673	csrrs	x12,mhpmcounter3h,x0	  x0:0x00000000 x12=0x00000000
      150659000	      7431	800028ea	00cd2023	sw	x12,0(x26)	 x26:0x8ffffffc x12:0x00000000 PA:0x8ffffffc store:0x00000000 load:0xffffffff
      150679000	      7432	800028ee	90000d37	lui	x26,0x90000	 x26=0x90000000
      150699000	      7433	800028f2	1d71	c.addi	x26,-4	 x26:0x90000000 x26=0x8ffffffc
      150719000	      7434	800028f4	6605	c.lui	x12,0x1	 x12=0x00001000
      150739000	      7435	800028f6	b0460613	addi	x12,x12,-1276	 x12:0x00001000 x12=0x00000b04
      150759000	      7436	800028fa	0622	c.slli	x12,0x8	 x12:0x00000b04 x12=0x000b0400
      150779000	      7437	800028fc	060d	c.addi	x12,3	 x12:0x000b0400 x12=0x000b0403
      150839000	      7440	800028fe	00cd2023	sw	x12,0(x26)	 x26:0x8ffffffc x12:0x000b0403 PA:0x8ffffffc store:0x000b0403 load:0xffffffff
      150859000	      7441	80002902	b0402673	csrrs	x12,mhpmcounter4,x0	  x0:0x00000000 x12=0x00000bea
      150999000	      7448	80002906	00cd2023	sw	x12,0(x26)	 x26:0x8ffffffc x12:0x00000bea PA:0x8ffffffc store:0x00000bea load:0xffffffff
      151019000	      7449	8000290a	90000d37	lui	x26,0x90000	 x26=0x90000000
      151039000	      7450	8000290e	1d71	c.addi	x26,-4	 x26:0x90000000 x26=0x8ffffffc
      151059000	      7451	80002910	6605	c.lui	x12,0x1	 x12=0x00001000
      151079000	      7452	80002912	b8460613	addi	x12,x12,-1148	 x12:0x00001000 x12=0x00000b84
      151099000	      7453	80002916	0622	c.slli	x12,0x8	 x12:0x00000b84 x12=0x000b8400
      151119000	      7454	80002918	060d	c.addi	x12,3	 x12:0x000b8400 x12=0x000b8403
      151179000	      7457	8000291a	00cd2023	sw	x12,0(x26)	 x26:0x8ffffffc x12:0x000b8403 PA:0x8ffffffc store:0x000b8403 load:0xffffffff
      151199000	      7458	8000291e	b8402673	csrrs	x12,mhpmcounter4h,x0	  x0:0x00000000 x12=0x00000000
      151219000	      7459	80002922	00cd2023	sw	x12,0(x26)	 x26:0x8ffffffc x12:0x00000000 PA:0x8ffffffc store:0x00000000 load:0xffffffff
      151239000	      7460	80002926	90000d37	lui	x26,0x90000	 x26=0x90000000
      151259000	      7461	8000292a	1d71	c.addi	x26,-4	 x26:0x90000000 x26=0x8ffffffc
      151279000	      7462	8000292c	6605	c.lui	x12,0x1	 x12=0x00001000
      151299000	      7463	8000292e	b0560613	addi	x12,x12,-1275	 x12:0x00001000 x12=0x00000b05
      151319000	      7464	80002932	0622	c.slli	x12,0x8	 x12:0x00000b05 x12=0x000b0500
      151339000	      7465	80002934	060d	c.addi	x12,3	 x12:0x000b0500 x12=0x000b0503
      151599000	      7478	80002936	00cd2023	sw	x12,0(x26)	 x26:0x8ffffffc x12:0x000b0503 PA:0x8ffffffc store:0x000b0503 load:0xffffffff
      151619000	      7479	8000293a	b0502673	csrrs	x12,mhpmcounter5,x0	  x0:0x00000000 x12=0x00000000
      151819000	      7489	8000293e	00cd2023	sw	x12,0(x26)	 x26:0x8ffffffc x12:0x00000000 PA:0x8ffffffc store:0x00000000 load:0xffffffff
      151839000	      7490	80002942	90000d37	lui	x26,0x90000	 x26=0x90000000
      151859000	      7491	80002946	1d71	c.addi	x26,-4	 x26:0x90000000 x26=0x8ffffffc
      151879000	      7492	80002948	6605	c.lui	x12,0x1	 x12=0x00001000
      151899000	      7493	8000294a	b8560613	addi	x12,x12,-1147	 x12:0x00001000 x12=0x00000b85
      151919000	      7494	8000294e	0622	c.slli	x12,0x8	 x12:0x00000b85 x12=0x000b8500
      151939000	      7495	80002950	060d	c.addi	x12,3	 x12:0x000b8500 x12=0x000b8503
      151999000	      7498	80002952	00cd2023	sw	x12,0(x26)	 x26:0x8ffffffc x12:0x000b8503 PA:0x8ffffffc store:0x000b8503 load:0xffffffff
      152019000	      7499	80002956	b8502673	csrrs	x12,mhpmcounter5h,x0	  x0:0x00000000 x12=0x00000000
      152439000	      7520	8000295a	00cd2023	sw	x12,0(x26)	 x26:0x8ffffffc x12:0x00000000 PA:0x8ffffffc store:0x00000000 load:0xffffffff
      152459000	      7521	8000295e	90000d37	lui	x26,0x90000	 x26=0x90000000
      152479000	      7522	80002962	1d71	c.addi	x26,-4	 x26:0x90000000 x26=0x8ffffffc
      152499000	      7523	80002964	6605	c.lui	x12,0x1	 x12=0x00001000
      152519000	      7524	80002966	b0660613	addi	x12,x12,-1274	 x12:0x00001000 x12=0x00000b06
      152539000	      7525	8000296a	0622	c.slli	x12,0x8	 x12:0x00000b06 x12=0x000b0600
      152559000	      7526	8000296c	060d	c.addi	x12,3	 x12:0x000b0600 x12=0x000b0603
      153039000	      7550	8000296e	00cd2023	sw	x12,0(x26)	 x26:0x8ffffffc x12:0x000b0603 PA:0x8ffffffc store:0x000b0603 load:0xffffffff
      153059000	      7551	80002972	b0602673	csrrs	x12,mhpmcounter6,x0	  x0:0x00000000 x12=0x000000ca
      153199000	      7558	80002976	00cd2023	sw	x12,0(x26)	 x26:0x8ffffffc x12:0x000000ca PA:0x8ffffffc store:0x000000ca load:0xffffffff
      153219000	      7559	8000297a	90000d37	lui	x26,0x90000	 x26=0x90000000
      153239000	      7560	8000297e	1d71	c.addi	x26,-4	 x26:0x90000000 x26=0x8ffffffc
      153259000	      7561	80002980	6605	c.lui	x12,0x1	 x12=0x00001000
      153279000	      7562	80002982	b8660613	addi	x12,x12,-1146	 x12:0x00001000 x12=0x00000b86
      153299000	      7563	80002986	0622	c.slli	x12,0x8	 x12:0x00000b86 x12=0x000b8600
      153319000	      7564	80002988	060d	c.addi	x12,3	 x12:0x000b8600 x12=0x000b8603
      153399000	      7568	8000298a	00cd2023	sw	x12,0(x26)	 x26:0x8ffffffc x12:0x000b8603 PA:0x8ffffffc store:0x000b8603 load:0xffffffff
      153419000	      7569	8000298e	b8602673	csrrs	x12,mhpmcounter6h,x0	  x0:0x00000000 x12=0x00000000
      153519000	      7574	80002992	00cd2023	sw	x12,0(x26)	 x26:0x8ffffffc x12:0x00000000 PA:0x8ffffffc store:0x00000000 load:0xffffffff
      153539000	      7575	80002996	90000d37	lui	x26,0x90000	 x26=0x90000000
      153559000	      7576	8000299a	1d71	c.addi	x26,-4	 x26:0x90000000 x26=0x8ffffffc
      153579000	      7577	8000299c	6605	c.lui	x12,0x1	 x12=0x00001000
      153599000	      7578	8000299e	b0760613	addi	x12,x12,-1273	 x12:0x00001000 x12=0x00000b07
      153619000	      7579	800029a2	0622	c.slli	x12,0x8	 x12:0x00000b07 x12=0x000b0700
      153639000	      7580	800029a4	060d	c.addi	x12,3	 x12:0x000b0700 x12=0x000b0703
      153699000	      7583	800029a6	00cd2023	sw	x12,0(x26)	 x26:0x8ffffffc x12:0x000b0703 PA:0x8ffffffc store:0x000b0703 load:0xffffffff
      153719000	      7584	800029aa	b0702673	csrrs	x12,mhpmcounter7,x0	  x0:0x00000000 x12=0x00000024
      153739000	      7585	800029ae	00cd2023	sw	x12,0(x26)	 x26:0x8ffffffc x12:0x00000024 PA:0x8ffffffc store:0x00000024 load:0xffffffff
      153759000	      7586	800029b2	90000d37	lui	x26,0x90000	 x26=0x90000000
      153779000	      7587	800029b6	1d71	c.addi	x26,-4	 x26:0x90000000 x26=0x8ffffffc
      153799000	      7588	800029b8	6605	c.lui	x12,0x1	 x12=0x00001000
      153819000	      7589	800029ba	b8760613	addi	x12,x12,-1145	 x12:0x00001000 x12=0x00000b87
      153839000	      7590	800029be	0622	c.slli	x12,0x8	 x12:0x00000b87 x12=0x000b8700
      153859000	      7591	800029c0	060d	c.addi	x12,3	 x12:0x000b8700 x12=0x000b8703
      153919000	      7594	800029c2	00cd2023	sw	x12,0(x26)	 x26:0x8ffffffc x12:0x000b8703 PA:0x8ffffffc store:0x000b8703 load:0xffffffff
      153939000	      7595	800029c6	b8702673	csrrs	x12,mhpmcounter7h,x0	  x0:0x00000000 x12=0x00000000
      153999000	      7598	800029ca	00cd2023	sw	x12,0(x26)	 x26:0x8ffffffc x12:0x00000000 PA:0x8ffffffc store:0x00000000 load:0xffffffff
      154019000	      7599	800029ce	90000d37	lui	x26,0x90000	 x26=0x90000000
      154039000	      7600	800029d2	1d71	c.addi	x26,-4	 x26:0x90000000 x26=0x8ffffffc
      154059000	      7601	800029d4	6605	c.lui	x12,0x1	 x12=0x00001000
      154079000	      7602	800029d6	b0860613	addi	x12,x12,-1272	 x12:0x00001000 x12=0x00000b08
      154099000	      7603	800029da	0622	c.slli	x12,0x8	 x12:0x00000b08 x12=0x000b0800
      154119000	      7604	800029dc	060d	c.addi	x12,3	 x12:0x000b0800 x12=0x000b0803
      154499000	      7623	800029de	00cd2023	sw	x12,0(x26)	 x26:0x8ffffffc x12:0x000b0803 PA:0x8ffffffc store:0x000b0803 load:0xffffffff
      154519000	      7624	800029e2	b0802673	csrrs	x12,mhpmcounter8,x0	  x0:0x00000000 x12=0x000000f8
      154959000	      7646	800029e6	00cd2023	sw	x12,0(x26)	 x26:0x8ffffffc x12:0x000000f8 PA:0x8ffffffc store:0x000000f8 load:0xffffffff
      154979000	      7647	800029ea	90000d37	lui	x26,0x90000	 x26=0x90000000
      154999000	      7648	800029ee	1d71	c.addi	x26,-4	 x26:0x90000000 x26=0x8ffffffc
      155019000	      7649	800029f0	6605	c.lui	x12,0x1	 x12=0x00001000
      155039000	      7650	800029f2	b8860613	addi	x12,x12,-1144	 x12:0x00001000 x12=0x00000b88
      155059000	      7651	800029f6	0622	c.slli	x12,0x8	 x12:0x00000b88 x12=0x000b8800
      155079000	      7652	800029f8	060d	c.addi	x12,3	 x12:0x000b8800 x12=0x000b8803
      155319000	      7664	800029fa	00cd2023	sw	x12,0(x26)	 x26:0x8ffffffc x12:0x000b8803 PA:0x8ffffffc store:0x000b8803 load:0xffffffff
      155339000	      7665	800029fe	b8802673	csrrs	x12,mhpmcounter8h,x0	  x0:0x00000000 x12=0x00000000
      155399000	      7668	80002a02	00cd2023	sw	x12,0(x26)	 x26:0x8ffffffc x12:0x00000000 PA:0x8ffffffc store:0x00000000 load:0xffffffff
      155419000	      7669	80002a06	90000d37	lui	x26,0x90000	 x26=0x90000000
      155439000	      7670	80002a0a	1d71	c.addi	x26,-4	 x26:0x90000000 x26=0x8ffffffc
      155459000	      7671	80002a0c	6605	c.lui	x12,0x1	 x12=0x00001000
      155479000	      7672	80002a0e	b0960613	addi	x12,x12,-1271	 x12:0x00001000 x12=0x00000b09
      155499000	      7673	80002a12	0622	c.slli	x12,0x8	 x12:0x00000b09 x12=0x000b0900
      155519000	      7674	80002a14	060d	c.addi	x12,3	 x12:0x000b0900 x12=0x000b0903
      155579000	      7677	80002a16	00cd2023	sw	x12,0(x26)	 x26:0x8ffffffc x12:0x000b0903 PA:0x8ffffffc store:0x000b0903 load:0xffffffff
      155599000	      7678	80002a1a	b0902673	csrrs	x12,mhpmcounter9,x0	  x0:0x00000000 x12=0x00000046
      156019000	      7699	80002a1e	00cd2023	sw	x12,0(x26)	 x26:0x8ffffffc x12:0x00000046 PA:0x8ffffffc store:0x00000046 load:0xffffffff
      156039000	      7700	80002a22	90000d37	lui	x26,0x90000	 x26=0x90000000
      156059000	      7701	80002a26	1d71	c.addi	x26,-4	 x26:0x90000000 x26=0x8ffffffc
      156079000	      7702	80002a28	6605	c.lui	x12,0x1	 x12=0x00001000
      156099000	      7703	80002a2a	b8960613	addi	x12,x12,-1143	 x12:0x00001000 x12=0x00000b89
      156119000	      7704	80002a2e	0622	c.slli	x12,0x8	 x12:0x00000b89 x12=0x000b8900
      156139000	      7705	80002a30	060d	c.addi	x12,3	 x12:0x000b8900 x12=0x000b8903
      156519000	      7724	80002a32	00cd2023	sw	x12,0(x26)	 x26:0x8ffffffc x12:0x000b8903 PA:0x8ffffffc store:0x000b8903 load:0xffffffff
      156539000	      7725	80002a36	b8902673	csrrs	x12,mhpmcounter9h,x0	  x0:0x00000000 x12=0x00000000
      156599000	      7728	80002a3a	00cd2023	sw	x12,0(x26)	 x26:0x8ffffffc x12:0x00000000 PA:0x8ffffffc store:0x00000000 load:0xffffffff
      156619000	      7729	80002a3e	90000d37	lui	x26,0x90000	 x26=0x90000000
      156639000	      7730	80002a42	1d71	c.addi	x26,-4	 x26:0x90000000 x26=0x8ffffffc
      156659000	      7731	80002a44	6605	c.lui	x12,0x1	 x12=0x00001000
      156679000	      7732	80002a46	b0a60613	addi	x12,x12,-1270	 x12:0x00001000 x12=0x00000b0a
      156699000	      7733	80002a4a	0622	c.slli	x12,0x8	 x12:0x00000b0a x12=0x000b0a00
      156719000	      7734	80002a4c	060d	c.addi	x12,3	 x12:0x000b0a00 x12=0x000b0a03
      156839000	      7740	80002a4e	00cd2023	sw	x12,0(x26)	 x26:0x8ffffffc x12:0x000b0a03 PA:0x8ffffffc store:0x000b0a03 load:0xffffffff
      156859000	      7741	80002a52	b0a02673	csrrs	x12,mhpmcounter10,x0	  x0:0x00000000 x12=0x00000320
      156879000	      7742	80002a56	00cd2023	sw	x12,0(x26)	 x26:0x8ffffffc x12:0x00000320 PA:0x8ffffffc store:0x00000320 load:0xffffffff
      156899000	      7743	80002a5a	90000d37	lui	x26,0x90000	 x26=0x90000000
      156919000	      7744	80002a5e	1d71	c.addi	x26,-4	 x26:0x90000000 x26=0x8ffffffc
      156939000	      7745	80002a60	6605	c.lui	x12,0x1	 x12=0x00001000
      156959000	      7746	80002a62	b8a60613	addi	x12,x12,-1142	 x12:0x00001000 x12=0x00000b8a
      156979000	      7747	80002a66	0622	c.slli	x12,0x8	 x12:0x00000b8a x12=0x000b8a00
      156999000	      7748	80002a68	060d	c.addi	x12,3	 x12:0x000b8a00 x12=0x000b8a03
      157459000	      7771	80002a6a	00cd2023	sw	x12,0(x26)	 x26:0x8ffffffc x12:0x000b8a03 PA:0x8ffffffc store:0x000b8a03 load:0xffffffff
      157479000	      7772	80002a6e	b8a02673	csrrs	x12,mhpmcounter10h,x0	  x0:0x00000000 x12=0x00000000
      157539000	      7775	80002a72	00cd2023	sw	x12,0(x26)	 x26:0x8ffffffc x12:0x00000000 PA:0x8ffffffc store:0x00000000 load:0xffffffff
      157559000	      7776	80002a76	90000d37	lui	x26,0x90000	 x26=0x90000000
      157579000	      7777	80002a7a	1d71	c.addi	x26,-4	 x26:0x90000000 x26=0x8ffffffc
      157599000	      7778	80002a7c	6605	c.lui	x12,0x1	 x12=0x00001000
      157619000	      7779	80002a7e	b0b60613	addi	x12,x12,-1269	 x12:0x00001000 x12=0x00000b0b
      157639000	      7780	80002a82	0622	c.slli	x12,0x8	 x12:0x00000b0b x12=0x000b0b00
      157659000	      7781	80002a84	060d	c.addi	x12,3	 x12:0x000b0b00 x12=0x000b0b03
      157719000	      7784	80002a86	00cd2023	sw	x12,0(x26)	 x26:0x8ffffffc x12:0x000b0b03 PA:0x8ffffffc store:0x000b0b03 load:0xffffffff
      157739000	      7785	80002a8a	b0b02673	csrrs	x12,mhpmcounter11,x0	  x0:0x00000000 x12=0x00000000
      157799000	      7788	80002a8e	00cd2023	sw	x12,0(x26)	 x26:0x8ffffffc x12:0x00000000 PA:0x8ffffffc store:0x00000000 load:0xffffffff
      157819000	      7789	80002a92	90000d37	lui	x26,0x90000	 x26=0x90000000
      157839000	      7790	80002a96	1d71	c.addi	x26,-4	 x26:0x90000000 x26=0x8ffffffc
      157859000	      7791	80002a98	6605	c.lui	x12,0x1	 x12=0x00001000
      157879000	      7792	80002a9a	b8b60613	addi	x12,x12,-1141	 x12:0x00001000 x12=0x00000b8b
      157899000	      7793	80002a9e	0622	c.slli	x12,0x8	 x12:0x00000b8b x12=0x000b8b00
      157919000	      7794	80002aa0	060d	c.addi	x12,3	 x12:0x000b8b00 x12=0x000b8b03
      158379000	      7817	80002aa2	00cd2023	sw	x12,0(x26)	 x26:0x8ffffffc x12:0x000b8b03 PA:0x8ffffffc store:0x000b8b03 load:0xffffffff
      158399000	      7818	80002aa6	b8b02673	csrrs	x12,mhpmcounter11h,x0	  x0:0x00000000 x12=0x00000000
      158459000	      7821	80002aaa	00cd2023	sw	x12,0(x26)	 x26:0x8ffffffc x12:0x00000000 PA:0x8ffffffc store:0x00000000 load:0xffffffff
      158479000	      7822	80002aae	90000d37	lui	x26,0x90000	 x26=0x90000000
      158499000	      7823	80002ab2	1d71	c.addi	x26,-4	 x26:0x90000000 x26=0x8ffffffc
      158519000	      7824	80002ab4	6605	c.lui	x12,0x1	 x12=0x00001000
      158539000	      7825	80002ab6	b0c60613	addi	x12,x12,-1268	 x12:0x00001000 x12=0x00000b0c
      158559000	      7826	80002aba	0622	c.slli	x12,0x8	 x12:0x00000b0c x12=0x000b0c00
      158579000	      7827	80002abc	060d	c.addi	x12,3	 x12:0x000b0c00 x12=0x000b0c03
      158619000	      7829	80002abe	00cd2023	sw	x12,0(x26)	 x26:0x8ffffffc x12:0x000b0c03 PA:0x8ffffffc store:0x000b0c03 load:0xffffffff
      158639000	      7830	80002ac2	b0c02673	csrrs	x12,mhpmcounter12,x0	  x0:0x00000000 x12=0x00000000
      158899000	      7843	80002ac6	00cd2023	sw	x12,0(x26)	 x26:0x8ffffffc x12:0x00000000 PA:0x8ffffffc store:0x00000000 load:0xffffffff
      158919000	      7844	80002aca	90000d37	lui	x26,0x90000	 x26=0x90000000
      158939000	      7845	80002ace	1d71	c.addi	x26,-4	 x26:0x90000000 x26=0x8ffffffc
      158959000	      7846	80002ad0	6605	c.lui	x12,0x1	 x12=0x00001000
      158979000	      7847	80002ad2	b8c60613	addi	x12,x12,-1140	 x12:0x00001000 x12=0x00000b8c
      158999000	      7848	80002ad6	0622	c.slli	x12,0x8	 x12:0x00000b8c x12=0x000b8c00
      159019000	      7849	80002ad8	060d	c.addi	x12,3	 x12:0x000b8c00 x12=0x000b8c03
      159079000	      7852	80002ada	00cd2023	sw	x12,0(x26)	 x26:0x8ffffffc x12:0x000b8c03 PA:0x8ffffffc store:0x000b8c03 load:0xffffffff
      159099000	      7853	80002ade	b8c02673	csrrs	x12,mhpmcounter12h,x0	  x0:0x00000000 x12=0x00000000
      159199000	      7858	80002ae2	00cd2023	sw	x12,0(x26)	 x26:0x8ffffffc x12:0x00000000 PA:0x8ffffffc store:0x00000000 load:0xffffffff
      159219000	      7859	80002ae6	ffffd617	auipc	x12,0xffffd	 x12=0x7ffffae6
      159239000	      7860	80002aea	59a60613	addi	x12,x12,1434	 x12:0x7ffffae6 x12=0x80000080
      159419000	      7869	80002aee	00062023	sw	x0,0(x12)	 x12:0x80000080  x0:0x00000000 PA:0x80000080 store:0x00000000 load:0xffffffff
