Time	Cycle	PC	Insn	Decoded instruction	Register and memory contents
        1055000	         6	80000080	40001637	lui	x12,0x40001	 x12=0x40001000
        1065000	         7	80000084	10660613	addi	x12,x12,262	 x12:0x40001000 x12=0x40001106
        1075000	         8	80000088	30161073	csrrw	x0,misa,x12	 x12:0x40001106  x0=0x00000000
        1105000	        11	8000008c	0002df17	auipc	x30,0x2d	 x30=0x8002d08c
        1115000	        12	80000090	c58f0f13	addi	x30,x30,-936	 x30:0x8002d08c x30=0x8002cce4
        1125000	        13	80000094	00002617	auipc	x12,0x2	 x12=0x80002094
        1135000	        14	80000098	66c60613	addi	x12,x12,1644	 x12:0x80002094 x12=0x80002700
        1145000	        15	8000009c	00166613	ori	x12,x12,1	 x12:0x80002700 x12=0x80002701
        1155000	        16	800000a0	30561073	csrrw	x0,mtvec,x12	 x12:0x80002701  x0=0x00000000
        1185000	        19	800000a4	74725073	csrrwi	x0,0x747,4	  x0=0x00000000
        1215000	        22	800000a8	00003597	auipc	x11,0x3	 x11=0x800030a8
        1225000	        23	800000ac	38c58593	addi	x11,x11,908	 x11:0x800030a8 x11=0x80003434
        1235000	        24	800000b0	4601	c.li	x12,0	 x12=0x00000000
        1245000	        25	800000b2	95b2	c.add	x11,x12	 x11:0x80003434 x12:0x00000000 x11=0x80003434
        1255000	        26	800000b4	8189	c.srli	x11,0x2	 x11:0x80003434 x11=0x20000d0d
        1265000	        27	800000b6	3b059073	csrrw	x0,pmpaddr0,x11	 x11:0x20000d0d  x0=0x00000000
        1295000	        30	800000ba	00003597	auipc	x11,0x3	 x11=0x800030ba
        1305000	        31	800000be	37a58593	addi	x11,x11,890	 x11:0x800030ba x11=0x80003434
        1315000	        32	800000c2	6609	c.lui	x12,0x2	 x12=0x00002000
        1325000	        33	800000c4	66660613	addi	x12,x12,1638	 x12:0x00002000 x12=0x00002666
        1335000	        34	800000c8	95b2	c.add	x11,x12	 x11:0x80003434 x12:0x00002666 x11=0x80005a9a
        1345000	        35	800000ca	8189	c.srli	x11,0x2	 x11:0x80005a9a x11=0x200016a6
        1355000	        36	800000cc	3b159073	csrrw	x0,pmpaddr1,x11	 x11:0x200016a6  x0=0x00000000
        1385000	        39	800000d0	00003597	auipc	x11,0x3	 x11=0x800030d0
        1395000	        40	800000d4	36458593	addi	x11,x11,868	 x11:0x800030d0 x11=0x80003434
        1405000	        41	800000d8	6615	c.lui	x12,0x5	 x12=0x00005000
        1415000	        42	800000da	ccc60613	addi	x12,x12,-820	 x12:0x00005000 x12=0x00004ccc
        1425000	        43	800000de	95b2	c.add	x11,x12	 x11:0x80003434 x12:0x00004ccc x11=0x80008100
        1435000	        44	800000e0	8189	c.srli	x11,0x2	 x11:0x80008100 x11=0x20002040
        1445000	        45	800000e2	3b259073	csrrw	x0,pmpaddr2,x11	 x11:0x20002040  x0=0x00000000
        1475000	        48	800000e6	00003597	auipc	x11,0x3	 x11=0x800030e6
        1485000	        49	800000ea	34e58593	addi	x11,x11,846	 x11:0x800030e6 x11=0x80003434
        1495000	        50	800000ee	661d	c.lui	x12,0x7	 x12=0x00007000
        1505000	        51	800000f0	33260613	addi	x12,x12,818	 x12:0x00007000 x12=0x00007332
        1515000	        52	800000f4	95b2	c.add	x11,x12	 x11:0x80003434 x12:0x00007332 x11=0x8000a766
        1525000	        53	800000f6	8189	c.srli	x11,0x2	 x11:0x8000a766 x11=0x200029d9
        1535000	        54	800000f8	3b359073	csrrw	x0,pmpaddr3,x11	 x11:0x200029d9  x0=0x00000000
        1565000	        57	800000fc	0f0f15b7	lui	x11,0xf0f1	 x11=0x0f0f1000
        1575000	        58	80000100	f0f58593	addi	x11,x11,-241	 x11:0x0f0f1000 x11=0x0f0f0f0f
        1585000	        59	80000104	3a059073	csrrw	x0,pmpcfg0,x11	 x11:0x0f0f0f0f  x0=0x00000000
        1615000	        62	80000108	00003597	auipc	x11,0x3	 x11=0x80003108
        1625000	        63	8000010c	32c58593	addi	x11,x11,812	 x11:0x80003108 x11=0x80003434
        1635000	        64	80000110	6629	c.lui	x12,0xa	 x12=0x0000a000
        1645000	        65	80000112	99860613	addi	x12,x12,-1640	 x12:0x0000a000 x12=0x00009998
        1655000	        66	80000116	95b2	c.add	x11,x12	 x11:0x80003434 x12:0x00009998 x11=0x8000cdcc
        1665000	        67	80000118	8189	c.srli	x11,0x2	 x11:0x8000cdcc x11=0x20003373
        1675000	        68	8000011a	3b459073	csrrw	x0,pmpaddr4,x11	 x11:0x20003373  x0=0x00000000
        1705000	        71	8000011e	00003597	auipc	x11,0x3	 x11=0x8000311e
        1715000	        72	80000122	31658593	addi	x11,x11,790	 x11:0x8000311e x11=0x80003434
        1725000	        73	80000126	6631	c.lui	x12,0xc	 x12=0x0000c000
        1735000	        74	80000128	1679	c.addi	x12,-2	 x12:0x0000c000 x12=0x0000bffe
        1745000	        75	8000012a	95b2	c.add	x11,x12	 x11:0x80003434 x12:0x0000bffe x11=0x8000f432
        1755000	        76	8000012c	8189	c.srli	x11,0x2	 x11:0x8000f432 x11=0x20003d0c
        1765000	        77	8000012e	3b559073	csrrw	x0,pmpaddr5,x11	 x11:0x20003d0c  x0=0x00000000
        1795000	        80	80000132	00003597	auipc	x11,0x3	 x11=0x80003132
        1805000	        81	80000136	30258593	addi	x11,x11,770	 x11:0x80003132 x11=0x80003434
        1815000	        82	8000013a	6639	c.lui	x12,0xe	 x12=0x0000e000
        1825000	        83	8000013c	66460613	addi	x12,x12,1636	 x12:0x0000e000 x12=0x0000e664
        1835000	        84	80000140	95b2	c.add	x11,x12	 x11:0x80003434 x12:0x0000e664 x11=0x80011a98
        1845000	        85	80000142	8189	c.srli	x11,0x2	 x11:0x80011a98 x11=0x200046a6
        1855000	        86	80000144	3b659073	csrrw	x0,pmpaddr6,x11	 x11:0x200046a6  x0=0x00000000
        1885000	        89	80000148	00003597	auipc	x11,0x3	 x11=0x80003148
        1895000	        90	8000014c	2ec58593	addi	x11,x11,748	 x11:0x80003148 x11=0x80003434
        1905000	        91	80000150	6645	c.lui	x12,0x11	 x12=0x00011000
        1915000	        92	80000152	cca60613	addi	x12,x12,-822	 x12:0x00011000 x12=0x00010cca
        1925000	        93	80000156	95b2	c.add	x11,x12	 x11:0x80003434 x12:0x00010cca x11=0x800140fe
        1935000	        94	80000158	8189	c.srli	x11,0x2	 x11:0x800140fe x11=0x2000503f
        1945000	        95	8000015a	3b759073	csrrw	x0,pmpaddr7,x11	 x11:0x2000503f  x0=0x00000000
        1975000	        98	8000015e	0f0f15b7	lui	x11,0xf0f1	 x11=0x0f0f1000
        1985000	        99	80000162	f0f58593	addi	x11,x11,-241	 x11:0x0f0f1000 x11=0x0f0f0f0f
        1995000	       100	80000166	3a159073	csrrw	x0,pmpcfg1,x11	 x11:0x0f0f0f0f  x0=0x00000000
        2025000	       103	8000016a	00003597	auipc	x11,0x3	 x11=0x8000316a
        2035000	       104	8000016e	2ca58593	addi	x11,x11,714	 x11:0x8000316a x11=0x80003434
        2045000	       105	80000172	664d	c.lui	x12,0x13	 x12=0x00013000
        2055000	       106	80000174	33060613	addi	x12,x12,816	 x12:0x00013000 x12=0x00013330
        2065000	       107	80000178	95b2	c.add	x11,x12	 x11:0x80003434 x12:0x00013330 x11=0x80016764
        2075000	       108	8000017a	8189	c.srli	x11,0x2	 x11:0x80016764 x11=0x200059d9
        2085000	       109	8000017c	3b859073	csrrw	x0,pmpaddr8,x11	 x11:0x200059d9  x0=0x00000000
        2115000	       112	80000180	00003597	auipc	x11,0x3	 x11=0x80003180
        2125000	       113	80000184	2b458593	addi	x11,x11,692	 x11:0x80003180 x11=0x80003434
        2135000	       114	80000188	6659	c.lui	x12,0x16	 x12=0x00016000
        2145000	       115	8000018a	99660613	addi	x12,x12,-1642	 x12:0x00016000 x12=0x00015996
        2155000	       116	8000018e	95b2	c.add	x11,x12	 x11:0x80003434 x12:0x00015996 x11=0x80018dca
        2165000	       117	80000190	8189	c.srli	x11,0x2	 x11:0x80018dca x11=0x20006372
        2175000	       118	80000192	3b959073	csrrw	x0,pmpaddr9,x11	 x11:0x20006372  x0=0x00000000
        2205000	       121	80000196	00003597	auipc	x11,0x3	 x11=0x80003196
        2215000	       122	8000019a	29e58593	addi	x11,x11,670	 x11:0x80003196 x11=0x80003434
        2225000	       123	8000019e	6661	c.lui	x12,0x18	 x12=0x00018000
        2235000	       124	800001a0	1671	c.addi	x12,-4	 x12:0x00018000 x12=0x00017ffc
        2245000	       125	800001a2	95b2	c.add	x11,x12	 x11:0x80003434 x12:0x00017ffc x11=0x8001b430
        2255000	       126	800001a4	8189	c.srli	x11,0x2	 x11:0x8001b430 x11=0x20006d0c
        2265000	       127	800001a6	3ba59073	csrrw	x0,pmpaddr10,x11	 x11:0x20006d0c  x0=0x00000000
        2295000	       130	800001aa	00003597	auipc	x11,0x3	 x11=0x800031aa
        2305000	       131	800001ae	28a58593	addi	x11,x11,650	 x11:0x800031aa x11=0x80003434
        2315000	       132	800001b2	6669	c.lui	x12,0x1a	 x12=0x0001a000
        2325000	       133	800001b4	66260613	addi	x12,x12,1634	 x12:0x0001a000 x12=0x0001a662
        2335000	       134	800001b8	95b2	c.add	x11,x12	 x11:0x80003434 x12:0x0001a662 x11=0x8001da96
        2345000	       135	800001ba	8189	c.srli	x11,0x2	 x11:0x8001da96 x11=0x200076a5
        2355000	       136	800001bc	3bb59073	csrrw	x0,pmpaddr11,x11	 x11:0x200076a5  x0=0x00000000
        2385000	       139	800001c0	0f0f15b7	lui	x11,0xf0f1	 x11=0x0f0f1000
        2395000	       140	800001c4	f0f58593	addi	x11,x11,-241	 x11:0x0f0f1000 x11=0x0f0f0f0f
        2405000	       141	800001c8	3a259073	csrrw	x0,pmpcfg2,x11	 x11:0x0f0f0f0f  x0=0x00000000
        2435000	       144	800001cc	00003597	auipc	x11,0x3	 x11=0x800031cc
        2445000	       145	800001d0	26858593	addi	x11,x11,616	 x11:0x800031cc x11=0x80003434
        2455000	       146	800001d4	6675	c.lui	x12,0x1d	 x12=0x0001d000
        2465000	       147	800001d6	cc860613	addi	x12,x12,-824	 x12:0x0001d000 x12=0x0001ccc8
        2475000	       148	800001da	95b2	c.add	x11,x12	 x11:0x80003434 x12:0x0001ccc8 x11=0x800200fc
        2485000	       149	800001dc	8189	c.srli	x11,0x2	 x11:0x800200fc x11=0x2000803f
        2495000	       150	800001de	3bc59073	csrrw	x0,pmpaddr12,x11	 x11:0x2000803f  x0=0x00000000
        2525000	       153	800001e2	00003597	auipc	x11,0x3	 x11=0x800031e2
        2535000	       154	800001e6	25258593	addi	x11,x11,594	 x11:0x800031e2 x11=0x80003434
        2545000	       155	800001ea	667d	c.lui	x12,0x1f	 x12=0x0001f000
        2555000	       156	800001ec	32e60613	addi	x12,x12,814	 x12:0x0001f000 x12=0x0001f32e
        2565000	       157	800001f0	95b2	c.add	x11,x12	 x11:0x80003434 x12:0x0001f32e x11=0x80022762
        2575000	       158	800001f2	8189	c.srli	x11,0x2	 x11:0x80022762 x11=0x200089d8
        2585000	       159	800001f4	3bd59073	csrrw	x0,pmpaddr13,x11	 x11:0x200089d8  x0=0x00000000
        2615000	       162	800001f8	00003597	auipc	x11,0x3	 x11=0x800031f8
        2625000	       163	800001fc	23c58593	addi	x11,x11,572	 x11:0x800031f8 x11=0x80003434
        2635000	       164	80000200	00022637	lui	x12,0x22	 x12=0x00022000
        2645000	       165	80000204	99460613	addi	x12,x12,-1644	 x12:0x00022000 x12=0x00021994
        2655000	       166	80000208	95b2	c.add	x11,x12	 x11:0x80003434 x12:0x00021994 x11=0x80024dc8
        2665000	       167	8000020a	8189	c.srli	x11,0x2	 x11:0x80024dc8 x11=0x20009372
        2675000	       168	8000020c	3be59073	csrrw	x0,pmpaddr14,x11	 x11:0x20009372  x0=0x00000000
        2705000	       171	80000210	00003597	auipc	x11,0x3	 x11=0x80003210
        2715000	       172	80000214	22458593	addi	x11,x11,548	 x11:0x80003210 x11=0x80003434
        2725000	       173	80000218	00024637	lui	x12,0x24	 x12=0x00024000
        2735000	       174	8000021c	1669	c.addi	x12,-6	 x12:0x00024000 x12=0x00023ffa
        2745000	       175	8000021e	95b2	c.add	x11,x12	 x11:0x80003434 x12:0x00023ffa x11=0x8002742e
        2755000	       176	80000220	8189	c.srli	x11,0x2	 x11:0x8002742e x11=0x20009d0b
        2765000	       177	80000222	3bf59073	csrrw	x0,pmpaddr15,x11	 x11:0x20009d0b  x0=0x00000000
        2795000	       180	80000226	0f0f15b7	lui	x11,0xf0f1	 x11=0x0f0f1000
        2805000	       181	8000022a	f0f58593	addi	x11,x11,-241	 x11:0x0f0f1000 x11=0x0f0f0f0f
        2815000	       182	8000022e	3a359073	csrrw	x0,pmpcfg3,x11	 x11:0x0f0f0f0f  x0=0x00000000
        2845000	       185	80000232	74705073	csrrwi	x0,0x747,0	  x0=0x00000000
        2875000	       188	80000236	436c55b7	lui	x11,0x436c5	 x11=0x436c5000
        2885000	       189	8000023a	a3f58593	addi	x11,x11,-1473	 x11:0x436c5000 x11=0x436c4a3f
        2895000	       190	8000023e	00003b17	auipc	x22,0x3	 x22=0x8000323e
        2905000	       191	80000242	1f6b0b13	addi	x22,x22,502	 x22:0x8000323e x22=0x80003434
        2915000	       192	80000246	95da	c.add	x11,x22	 x11:0x436c4a3f x22:0x80003434 x11=0xc36c7e73
        2925000	       193	80000248	3b0595f3	csrrw	x11,pmpaddr0,x11	 x11:0xc36c7e73 x11=0x20000d0d
        2955000	       196	8000024c	3b0595f3	csrrw	x11,pmpaddr0,x11	 x11:0x20000d0d x11=0xc36c7e73
        2985000	       199	80000250	6c2325b7	lui	x11,0x6c232	 x11=0x6c232000
        2995000	       200	80000254	30f58593	addi	x11,x11,783	 x11:0x6c232000 x11=0x6c23230f
        3005000	       201	80000258	3a0595f3	csrrw	x11,pmpcfg0,x11	 x11:0x6c23230f x11=0x0f0f0f0f
        3035000	       204	8000025c	3a0595f3	csrrw	x11,pmpcfg0,x11	 x11:0x0f0f0f0f x11=0x0c03030f
        3065000	       207	80000260	3f9f15b7	lui	x11,0x3f9f1	 x11=0x3f9f1000
        3075000	       208	80000264	15e1	c.addi	x11,-8	 x11:0x3f9f1000 x11=0x3f9f0ff8
        3085000	       209	80000266	00003b17	auipc	x22,0x3	 x22=0x80003266
        3095000	       210	8000026a	1ceb0b13	addi	x22,x22,462	 x22:0x80003266 x22=0x80003434
        3105000	       211	8000026e	95da	c.add	x11,x22	 x11:0x3f9f0ff8 x22:0x80003434 x11=0xbf9f442c
        3115000	       212	80000270	3b1595f3	csrrw	x11,pmpaddr1,x11	 x11:0xbf9f442c x11=0x200016a6
        3145000	       215	80000274	3b1595f3	csrrw	x11,pmpaddr1,x11	 x11:0x200016a6 x11=0xbf9f442c
        3175000	       218	80000278	5b0c55b7	lui	x11,0x5b0c5	 x11=0x5b0c5000
        3185000	       219	8000027c	10f58593	addi	x11,x11,271	 x11:0x5b0c5000 x11=0x5b0c510f
        3195000	       220	80000280	3a0595f3	csrrw	x11,pmpcfg0,x11	 x11:0x5b0c510f x11=0x0f0f0f0f
        3225000	       223	80000284	3a0595f3	csrrw	x11,pmpcfg0,x11	 x11:0x0f0f0f0f x11=0x1b0c110f
        3255000	       226	80000288	043ba5b7	lui	x11,0x43ba	 x11=0x043ba000
        3265000	       227	8000028c	c7358593	addi	x11,x11,-909	 x11:0x043ba000 x11=0x043b9c73
        3275000	       228	80000290	00003b17	auipc	x22,0x3	 x22=0x80003290
        3285000	       229	80000294	1a4b0b13	addi	x22,x22,420	 x22:0x80003290 x22=0x80003434
        3295000	       230	80000298	95da	c.add	x11,x22	 x11:0x043b9c73 x22:0x80003434 x11=0x843bd0a7
        3305000	       231	8000029a	3b2595f3	csrrw	x11,pmpaddr2,x11	 x11:0x843bd0a7 x11=0x20002040
        3335000	       234	8000029e	3b2595f3	csrrw	x11,pmpaddr2,x11	 x11:0x20002040 x11=0x843bd0a7
        3365000	       237	800002a2	130f85b7	lui	x11,0x130f8	 x11=0x130f8000
        3375000	       238	800002a6	80f58593	addi	x11,x11,-2033	 x11:0x130f8000 x11=0x130f780f
        3385000	       239	800002aa	3a0595f3	csrrw	x11,pmpcfg0,x11	 x11:0x130f780f x11=0x0f0f0f0f
        3415000	       242	800002ae	3a0595f3	csrrw	x11,pmpcfg0,x11	 x11:0x0f0f0f0f x11=0x130f180f
        3445000	       245	800002b2	291be5b7	lui	x11,0x291be	 x11=0x291be000
        3455000	       246	800002b6	e5458593	addi	x11,x11,-428	 x11:0x291be000 x11=0x291bde54
        3465000	       247	800002ba	00003b17	auipc	x22,0x3	 x22=0x800032ba
        3475000	       248	800002be	17ab0b13	addi	x22,x22,378	 x22:0x800032ba x22=0x80003434
        3485000	       249	800002c2	95da	c.add	x11,x22	 x11:0x291bde54 x22:0x80003434 x11=0xa91c1288
        3495000	       250	800002c4	3b3595f3	csrrw	x11,pmpaddr3,x11	 x11:0xa91c1288 x11=0x200029d9
        3525000	       253	800002c8	3b3595f3	csrrw	x11,pmpaddr3,x11	 x11:0x200029d9 x11=0xa91c1288
        3555000	       256	800002cc	592c75b7	lui	x11,0x592c7	 x11=0x592c7000
        3565000	       257	800002d0	70f58593	addi	x11,x11,1807	 x11:0x592c7000 x11=0x592c770f
        3575000	       258	800002d4	3a0595f3	csrrw	x11,pmpcfg0,x11	 x11:0x592c770f x11=0x0f0f0f0f
        3605000	       261	800002d8	3a0595f3	csrrw	x11,pmpcfg0,x11	 x11:0x0f0f0f0f x11=0x190c170f
        3635000	       264	800002dc	30c405b7	lui	x11,0x30c40	 x11=0x30c40000
        3645000	       265	800002e0	f2258593	addi	x11,x11,-222	 x11:0x30c40000 x11=0x30c3ff22
        3655000	       266	800002e4	00003b17	auipc	x22,0x3	 x22=0x800032e4
        3665000	       267	800002e8	150b0b13	addi	x22,x22,336	 x22:0x800032e4 x22=0x80003434
        3675000	       268	800002ec	95da	c.add	x11,x22	 x11:0x30c3ff22 x22:0x80003434 x11=0xb0c43356
        3685000	       269	800002ee	3b4595f3	csrrw	x11,pmpaddr4,x11	 x11:0xb0c43356 x11=0x20003373
        3715000	       272	800002f2	3b4595f3	csrrw	x11,pmpaddr4,x11	 x11:0x20003373 x11=0xb0c43356
        3745000	       275	800002f6	294815b7	lui	x11,0x29481	 x11=0x29481000
        3755000	       276	800002fa	50558593	addi	x11,x11,1285	 x11:0x29481000 x11=0x29481505
        3765000	       277	800002fe	3a1595f3	csrrw	x11,pmpcfg1,x11	 x11:0x29481505 x11=0x0f0f0f0f
        3795000	       280	80000302	3a1595f3	csrrw	x11,pmpcfg1,x11	 x11:0x0f0f0f0f x11=0x09081505
        3825000	       283	80000306	34cd75b7	lui	x11,0x34cd7	 x11=0x34cd7000
        3835000	       284	8000030a	1c058593	addi	x11,x11,448	 x11:0x34cd7000 x11=0x34cd71c0
        3845000	       285	8000030e	00003b17	auipc	x22,0x3	 x22=0x8000330e
        3855000	       286	80000312	126b0b13	addi	x22,x22,294	 x22:0x8000330e x22=0x80003434
        3865000	       287	80000316	95da	c.add	x11,x22	 x11:0x34cd71c0 x22:0x80003434 x11=0xb4cda5f4
        3875000	       288	80000318	3b5595f3	csrrw	x11,pmpaddr5,x11	 x11:0xb4cda5f4 x11=0x20003d0c
        3905000	       291	8000031c	3b5595f3	csrrw	x11,pmpaddr5,x11	 x11:0x20003d0c x11=0xb4cda5f4
        3935000	       294	80000320	242925b7	lui	x11,0x24292	 x11=0x24292000
        3945000	       295	80000324	b3958593	addi	x11,x11,-1223	 x11:0x24292000 x11=0x24291b39
        3955000	       296	80000328	3a1595f3	csrrw	x11,pmpcfg1,x11	 x11:0x24291b39 x11=0x0f0f0f0f
        3985000	       299	8000032c	3a1595f3	csrrw	x11,pmpcfg1,x11	 x11:0x0f0f0f0f x11=0x04091b19
        4015000	       302	80000330	2713e5b7	lui	x11,0x2713e	 x11=0x2713e000
        4025000	       303	80000334	eaf58593	addi	x11,x11,-337	 x11:0x2713e000 x11=0x2713deaf
        4035000	       304	80000338	00003b17	auipc	x22,0x3	 x22=0x80003338
        4045000	       305	8000033c	0fcb0b13	addi	x22,x22,252	 x22:0x80003338 x22=0x80003434
        4055000	       306	80000340	95da	c.add	x11,x22	 x11:0x2713deaf x22:0x80003434 x11=0xa71412e3
        4065000	       307	80000342	3b6595f3	csrrw	x11,pmpaddr6,x11	 x11:0xa71412e3 x11=0x200046a6
        4095000	       310	80000346	3b6595f3	csrrw	x11,pmpaddr6,x11	 x11:0x200046a6 x11=0xa71412e3
        4125000	       313	8000034a	053f75b7	lui	x11,0x53f7	 x11=0x053f7000
        4135000	       314	8000034e	03358593	addi	x11,x11,51	 x11:0x053f7000 x11=0x053f7033
        4145000	       315	80000352	3a1595f3	csrrw	x11,pmpcfg1,x11	 x11:0x053f7033 x11=0x0f0f0f0f
        4175000	       318	80000356	3a1595f3	csrrw	x11,pmpcfg1,x11	 x11:0x0f0f0f0f x11=0x051f1013
        4205000	       321	8000035a	539b35b7	lui	x11,0x539b3	 x11=0x539b3000
        4215000	       322	8000035e	9ff58593	addi	x11,x11,-1537	 x11:0x539b3000 x11=0x539b29ff
        4225000	       323	80000362	00003b17	auipc	x22,0x3	 x22=0x80003362
        4235000	       324	80000366	0d2b0b13	addi	x22,x22,210	 x22:0x80003362 x22=0x80003434
        4245000	       325	8000036a	95da	c.add	x11,x22	 x11:0x539b29ff x22:0x80003434 x11=0xd39b5e33
        4255000	       326	8000036c	3b7595f3	csrrw	x11,pmpaddr7,x11	 x11:0xd39b5e33 x11=0x2000503f
        4285000	       329	80000370	3b7595f3	csrrw	x11,pmpaddr7,x11	 x11:0x2000503f x11=0xd39b5e33
        4315000	       332	80000374	285325b7	lui	x11,0x28532	 x11=0x28532000
        4325000	       333	80000378	91b58593	addi	x11,x11,-1765	 x11:0x28532000 x11=0x2853191b
        4335000	       334	8000037c	3a1595f3	csrrw	x11,pmpcfg1,x11	 x11:0x2853191b x11=0x0f0f0f0f
        4365000	       337	80000380	3a1595f3	csrrw	x11,pmpcfg1,x11	 x11:0x0f0f0f0f x11=0x0813191b
        4395000	       340	80000384	0f4595b7	lui	x11,0xf459	 x11=0x0f459000
        4405000	       341	80000388	f1958593	addi	x11,x11,-231	 x11:0x0f459000 x11=0x0f458f19
        4415000	       342	8000038c	00003b17	auipc	x22,0x3	 x22=0x8000338c
        4425000	       343	80000390	0a8b0b13	addi	x22,x22,168	 x22:0x8000338c x22=0x80003434
        4435000	       344	80000394	95da	c.add	x11,x22	 x11:0x0f458f19 x22:0x80003434 x11=0x8f45c34d
        4445000	       345	80000396	3b8595f3	csrrw	x11,pmpaddr8,x11	 x11:0x8f45c34d x11=0x200059d9
        4475000	       348	8000039a	3b8595f3	csrrw	x11,pmpaddr8,x11	 x11:0x200059d9 x11=0x8f45c34d
        4505000	       351	8000039e	6b4805b7	lui	x11,0x6b480	 x11=0x6b480000
        4515000	       352	800003a2	30c58593	addi	x11,x11,780	 x11:0x6b480000 x11=0x6b48030c
        4525000	       353	800003a6	3a2595f3	csrrw	x11,pmpcfg2,x11	 x11:0x6b48030c x11=0x0f0f0f0f
        4555000	       356	800003aa	3a2595f3	csrrw	x11,pmpcfg2,x11	 x11:0x0f0f0f0f x11=0x0b08030c
        4585000	       359	800003ae	3f3595b7	lui	x11,0x3f359	 x11=0x3f359000
        4595000	       360	800003b2	e2d58593	addi	x11,x11,-467	 x11:0x3f359000 x11=0x3f358e2d
        4605000	       361	800003b6	00003b17	auipc	x22,0x3	 x22=0x800033b6
        4615000	       362	800003ba	07eb0b13	addi	x22,x22,126	 x22:0x800033b6 x22=0x80003434
        4625000	       363	800003be	95da	c.add	x11,x22	 x11:0x3f358e2d x22:0x80003434 x11=0xbf35c261
        4635000	       364	800003c0	3b9595f3	csrrw	x11,pmpaddr9,x11	 x11:0xbf35c261 x11=0x20006372
        4665000	       367	800003c4	3b9595f3	csrrw	x11,pmpaddr9,x11	 x11:0x20006372 x11=0xbf35c261
        4695000	       370	800003c8	030865b7	lui	x11,0x3086	 x11=0x03086000
        4705000	       371	800003cc	02d58593	addi	x11,x11,45	 x11:0x03086000 x11=0x0308602d
        4715000	       372	800003d0	3a2595f3	csrrw	x11,pmpcfg2,x11	 x11:0x0308602d x11=0x0f0f0f0f
        4745000	       375	800003d4	3a2595f3	csrrw	x11,pmpcfg2,x11	 x11:0x0f0f0f0f x11=0x0308000d
        4775000	       378	800003d8	250025b7	lui	x11,0x25002	 x11=0x25002000
        4785000	       379	800003dc	77b58593	addi	x11,x11,1915	 x11:0x25002000 x11=0x2500277b
        4795000	       380	800003e0	00003b17	auipc	x22,0x3	 x22=0x800033e0
        4805000	       381	800003e4	054b0b13	addi	x22,x22,84	 x22:0x800033e0 x22=0x80003434
        4815000	       382	800003e8	95da	c.add	x11,x22	 x11:0x2500277b x22:0x80003434 x11=0xa5005baf
        4825000	       383	800003ea	3ba595f3	csrrw	x11,pmpaddr10,x11	 x11:0xa5005baf x11=0x20006d0c
        4855000	       386	800003ee	3ba595f3	csrrw	x11,pmpaddr10,x11	 x11:0x20006d0c x11=0xa5005baf
        4885000	       389	800003f2	6d3465b7	lui	x11,0x6d346	 x11=0x6d346000
        4895000	       390	800003f6	f3858593	addi	x11,x11,-200	 x11:0x6d346000 x11=0x6d345f38
        4905000	       391	800003fa	3a2595f3	csrrw	x11,pmpcfg2,x11	 x11:0x6d345f38 x11=0x0f0f0f0f
        4935000	       394	800003fe	3a2595f3	csrrw	x11,pmpcfg2,x11	 x11:0x0f0f0f0f x11=0x0d141f18
        4965000	       397	80000402	1b97a5b7	lui	x11,0x1b97a	 x11=0x1b97a000
        4975000	       398	80000406	04358593	addi	x11,x11,67	 x11:0x1b97a000 x11=0x1b97a043
        4985000	       399	8000040a	00003b17	auipc	x22,0x3	 x22=0x8000340a
        4995000	       400	8000040e	02ab0b13	addi	x22,x22,42	 x22:0x8000340a x22=0x80003434
        5005000	       401	80000412	95da	c.add	x11,x22	 x11:0x1b97a043 x22:0x80003434 x11=0x9b97d477
        5015000	       402	80000414	3bb595f3	csrrw	x11,pmpaddr11,x11	 x11:0x9b97d477 x11=0x200076a5
        5045000	       405	80000418	3bb595f3	csrrw	x11,pmpaddr11,x11	 x11:0x200076a5 x11=0x9b97d477
        5075000	       408	8000041c	257355b7	lui	x11,0x25735	 x11=0x25735000
        5085000	       409	80000420	b1b58593	addi	x11,x11,-1253	 x11:0x25735000 x11=0x25734b1b
        5095000	       410	80000424	3a2595f3	csrrw	x11,pmpcfg2,x11	 x11:0x25734b1b x11=0x0f0f0f0f
        5125000	       413	80000428	3a2595f3	csrrw	x11,pmpcfg2,x11	 x11:0x0f0f0f0f x11=0x05130b1b
        5155000	       416	8000042c	30f6d5b7	lui	x11,0x30f6d	 x11=0x30f6d000
        5165000	       417	80000430	d8b58593	addi	x11,x11,-629	 x11:0x30f6d000 x11=0x30f6cd8b
        5175000	       418	80000434	00003b17	auipc	x22,0x3	 x22=0x80003434
        5185000	       419	80000438	000b0b13	addi	x22,x22,0	 x22:0x80003434 x22=0x80003434
        5195000	       420	8000043c	95da	c.add	x11,x22	 x11:0x30f6cd8b x22:0x80003434 x11=0xb0f701bf
        5205000	       421	8000043e	3bc595f3	csrrw	x11,pmpaddr12,x11	 x11:0xb0f701bf x11=0x2000803f
        5235000	       424	80000442	3bc595f3	csrrw	x11,pmpaddr12,x11	 x11:0x2000803f x11=0xb0f701bf
        5265000	       427	80000446	791355b7	lui	x11,0x79135	 x11=0x79135000
        5275000	       428	8000044a	31358593	addi	x11,x11,787	 x11:0x79135000 x11=0x79135313
        5285000	       429	8000044e	3a3595f3	csrrw	x11,pmpcfg3,x11	 x11:0x79135313 x11=0x0f0f0f0f
        5315000	       432	80000452	3a3595f3	csrrw	x11,pmpcfg3,x11	 x11:0x0f0f0f0f x11=0x19131313
        5345000	       435	80000456	488aa5b7	lui	x11,0x488aa	 x11=0x488aa000
        5355000	       436	8000045a	09558593	addi	x11,x11,149	 x11:0x488aa000 x11=0x488aa095
        5365000	       437	8000045e	00003b17	auipc	x22,0x3	 x22=0x8000345e
        5375000	       438	80000462	fd6b0b13	addi	x22,x22,-42	 x22:0x8000345e x22=0x80003434
        5385000	       439	80000466	95da	c.add	x11,x22	 x11:0x488aa095 x22:0x80003434 x11=0xc88ad4c9
        5395000	       440	80000468	3bd595f3	csrrw	x11,pmpaddr13,x11	 x11:0xc88ad4c9 x11=0x200089d8
        5425000	       443	8000046c	3bd595f3	csrrw	x11,pmpaddr13,x11	 x11:0x200089d8 x11=0xc88ad4c9
        5455000	       446	80000470	3b0f45b7	lui	x11,0x3b0f4	 x11=0x3b0f4000
        5465000	       447	80000474	47b58593	addi	x11,x11,1147	 x11:0x3b0f4000 x11=0x3b0f447b
        5475000	       448	80000478	3a3595f3	csrrw	x11,pmpcfg3,x11	 x11:0x3b0f447b x11=0x0f0f0f0f
        5505000	       451	8000047c	3a3595f3	csrrw	x11,pmpcfg3,x11	 x11:0x0f0f0f0f x11=0x1b0f041b
        5535000	       454	80000480	326475b7	lui	x11,0x32647	 x11=0x32647000
        5545000	       455	80000484	11e58593	addi	x11,x11,286	 x11:0x32647000 x11=0x3264711e
        5555000	       456	80000488	00003b17	auipc	x22,0x3	 x22=0x80003488
        5565000	       457	8000048c	facb0b13	addi	x22,x22,-84	 x22:0x80003488 x22=0x80003434
        5575000	       458	80000490	95da	c.add	x11,x22	 x11:0x3264711e x22:0x80003434 x11=0xb264a552
        5585000	       459	80000492	3be595f3	csrrw	x11,pmpaddr14,x11	 x11:0xb264a552 x11=0x20009372
        5615000	       462	80000496	3be595f3	csrrw	x11,pmpaddr14,x11	 x11:0x20009372 x11=0xb264a552
        5645000	       465	8000049a	296f85b7	lui	x11,0x296f8	 x11=0x296f8000
        5655000	       466	8000049e	c1b58593	addi	x11,x11,-997	 x11:0x296f8000 x11=0x296f7c1b
        5665000	       467	800004a2	3a3595f3	csrrw	x11,pmpcfg3,x11	 x11:0x296f7c1b x11=0x0f0f0f0f
        5695000	       470	800004a6	3a3595f3	csrrw	x11,pmpcfg3,x11	 x11:0x0f0f0f0f x11=0x090f1c1b
        5725000	       473	800004aa	632245b7	lui	x11,0x63224	 x11=0x63224000
        5735000	       474	800004ae	15558593	addi	x11,x11,341	 x11:0x63224000 x11=0x63224155
        5745000	       475	800004b2	00003b17	auipc	x22,0x3	 x22=0x800034b2
        5755000	       476	800004b6	f82b0b13	addi	x22,x22,-126	 x22:0x800034b2 x22=0x80003434
        5765000	       477	800004ba	95da	c.add	x11,x22	 x11:0x63224155 x22:0x80003434 x11=0xe3227589
        5775000	       478	800004bc	3bf595f3	csrrw	x11,pmpaddr15,x11	 x11:0xe3227589 x11=0x20009d0b
        5805000	       481	800004c0	3bf595f3	csrrw	x11,pmpaddr15,x11	 x11:0x20009d0b x11=0xe3227589
        5835000	       484	800004c4	2d0c25b7	lui	x11,0x2d0c2	 x11=0x2d0c2000
        5845000	       485	800004c8	15558593	addi	x11,x11,341	 x11:0x2d0c2000 x11=0x2d0c2155
        5855000	       486	800004cc	3a3595f3	csrrw	x11,pmpcfg3,x11	 x11:0x2d0c2155 x11=0x0f0f0f0f
        5885000	       489	800004d0	3a3595f3	csrrw	x11,pmpcfg3,x11	 x11:0x0f0f0f0f x11=0x0d0c0115
        5915000	       492	800004d4	00000617	auipc	x12,0x0	 x12=0x800004d4
        5925000	       493	800004d8	06060613	addi	x12,x12,96	 x12:0x800004d4 x12=0x80000534
        5935000	       494	800004dc	34161073	csrrw	x0,mepc,x12	 x12:0x80000534  x0=0x00000000
        5945000	       495	800004e0	7c00d073	csrrwi	x0,0x7c0,1	  x0=0x00000000
        5975000	       498	800004e4	4601	c.li	x12,0	 x12=0x00000000
        5985000	       499	800004e6	30061073	csrrw	x0,mstatus,x12	 x12:0x00000000  x0=0x00000000
        6015000	       502	800004ea	4601	c.li	x12,0	 x12=0x00000000
        6025000	       503	800004ec	30461073	csrrw	x0,mie,x12	 x12:0x00000000  x0=0x00000000
        6055000	       506	800004f0	90000d37	lui	x26,0x90000	 x26=0x90000000
        6065000	       507	800004f4	1d71	c.addi	x26,-4	 x26:0x90000000 x26=0x8ffffffc
        6075000	       508	800004f6	90000d37	lui	x26,0x90000	 x26=0x90000000
        6085000	       509	800004fa	1d71	c.addi	x26,-4	 x26:0x90000000 x26=0x8ffffffc
        6095000	       510	800004fc	90000d37	lui	x26,0x90000	 x26=0x90000000
        6105000	       511	80000500	1d71	c.addi	x26,-4	 x26:0x90000000 x26=0x8ffffffc
        6115000	       512	80000502	30000613	addi	x12,x0,768	  x0:0x00000000 x12=0x00000300
        6125000	       513	80000506	0622	c.slli	x12,0x8	 x12:0x00000300 x12=0x00030000
        6135000	       514	80000508	060d	c.addi	x12,3	 x12:0x00030000 x12=0x00030003
        6145000	       515	8000050a	00cd2023	sw	x12,0(x26)	 x26:0x8ffffffc x12:0x00030003 PA:0x8ffffffc store:0x00030003 load:0x00000000
        6155000	       516	8000050e	30002673	csrrs	x12,mstatus,x0	  x0:0x00000000 x12=0x00000000
        6165000	       517	80000512	00cd2023	sw	x12,0(x26)	 x26:0x8ffffffc x12:0x00000000 PA:0x8ffffffc store:0x00000000 load:0x00000000
        6175000	       518	80000516	90000d37	lui	x26,0x90000	 x26=0x90000000
        6185000	       519	8000051a	1d71	c.addi	x26,-4	 x26:0x90000000 x26=0x8ffffffc
        6195000	       520	8000051c	30400613	addi	x12,x0,772	  x0:0x00000000 x12=0x00000304
        6205000	       521	80000520	0622	c.slli	x12,0x8	 x12:0x00000304 x12=0x00030400
        6215000	       522	80000522	060d	c.addi	x12,3	 x12:0x00030400 x12=0x00030403
        6225000	       523	80000524	00cd2023	sw	x12,0(x26)	 x26:0x8ffffffc x12:0x00030403 PA:0x8ffffffc store:0x00030403 load:0x00000000
        6235000	       524	80000528	30402673	csrrs	x12,mie,x0	  x0:0x00000000 x12=0x00000000
        6245000	       525	8000052c	00cd2023	sw	x12,0(x26)	 x26:0x8ffffffc x12:0x00000000 PA:0x8ffffffc store:0x00000000 load:0x00000000
        6255000	       526	80000530	30200073	mret	
        6285000	       529	80000534	8d82d037	lui	x0,0x8d82d	  x0=0x00000000
        6295000	       530	80000538	73100013	addi	x0,x0,1841	  x0:0x00000000  x0=0x00000000
        6305000	       531	8000053c	800000b7	lui	x1,0x80000	  x1=0x80000000
        6315000	       532	80000540	4f708137	lui	x2,0x4f708	  x2=0x4f708000
        6325000	       533	80000544	fa410113	addi	x2,x2,-92	  x2:0x4f708000  x2=0x4f707fa4
        6335000	       534	80000548	9fccf1b7	lui	x3,0x9fccf	  x3=0x9fccf000
        6345000	       535	8000054c	78b18193	addi	x3,x3,1931	  x3:0x9fccf000  x3=0x9fccf78b
        6355000	       536	80000550	4215	c.li	x4,5	  x4=0x00000005
        6365000	       537	80000552	800002b7	lui	x5,0x80000	  x5=0x80000000
        6375000	       538	80000556	e4fb7337	lui	x6,0xe4fb7	  x6=0xe4fb7000
        6385000	       539	8000055a	21430313	addi	x6,x6,532	  x6:0xe4fb7000  x6=0xe4fb7214
        6395000	       540	8000055e	4389	c.li	x7,2	  x7=0x00000002
        6405000	       541	80000560	4401	c.li	x8,0	  x8=0x00000000
        6415000	       542	80000562	f6f65537	lui	x10,0xf6f65	 x10=0xf6f65000
        6425000	       543	80000566	7b150513	addi	x10,x10,1969	 x10:0xf6f65000 x10=0xf6f657b1
        6435000	       544	8000056a	4581	c.li	x11,0	 x11=0x00000000
        6445000	       545	8000056c	f09aa637	lui	x12,0xf09aa	 x12=0xf09aa000
        6455000	       546	80000570	39a60613	addi	x12,x12,922	 x12:0xf09aa000 x12=0xf09aa39a
        6465000	       547	80000574	800006b7	lui	x13,0x80000	 x13=0x80000000
        6475000	       548	80000578	80000737	lui	x14,0x80000	 x14=0x80000000
        6485000	       549	8000057c	47a5	c.li	x15,9	 x15=0x00000009
        6495000	       550	8000057e	4801	c.li	x16,0	 x16=0x00000000
        6505000	       551	80000580	48a9	c.li	x17,10	 x17=0x0000000a
        6515000	       552	80000582	35995937	lui	x18,0x35995	 x18=0x35995000
        6525000	       553	80000586	c0190913	addi	x18,x18,-1023	 x18:0x35995000 x18=0x35994c01
        6535000	       554	8000058a	499d	c.li	x19,7	 x19=0x00000007
        6545000	       555	8000058c	4a3d	c.li	x20,15	 x20=0x0000000f
        6555000	       556	8000058e	4a99	c.li	x21,6	 x21=0x00000006
        6565000	       557	80000590	4b01	c.li	x22,0	 x22=0x00000000
        6575000	       558	80000592	f7535bb7	lui	x23,0xf7535	 x23=0xf7535000
        6585000	       559	80000596	6fdb8b93	addi	x23,x23,1789	 x23:0xf7535000 x23=0xf75356fd
        6595000	       560	8000059a	f61b5c37	lui	x24,0xf61b5	 x24=0xf61b5000
        6605000	       561	8000059e	87cc0c13	addi	x24,x24,-1924	 x24:0xf61b5000 x24=0xf61b487c
        6615000	       562	800005a2	4c81	c.li	x25,0	 x25=0x00000000
        6625000	       563	800005a4	4d01	c.li	x26,0	 x26=0x00000000
        6635000	       564	800005a6	65d29db7	lui	x27,0x65d29	 x27=0x65d29000
        6645000	       565	800005aa	101d8d93	addi	x27,x27,257	 x27:0x65d29000 x27=0x65d29101
        6655000	       566	800005ae	4e01	c.li	x28,0	 x28=0x00000000
        6665000	       567	800005b0	f1a80eb7	lui	x29,0xf1a80	 x29=0xf1a80000
        6675000	       568	800005b4	0b6e8e93	addi	x29,x29,182	 x29:0xf1a80000 x29=0xf1a800b6
        6685000	       569	800005b8	80000fb7	lui	x31,0x80000	 x31=0x80000000
        6695000	       570	800005bc	00029497	auipc	x9,0x29	  x9=0x800295bc
        6705000	       571	800005c0	8a848493	addi	x9,x9,-1880	  x9:0x800295bc  x9=0x80028e64
        6715000	       572	800005c4	90000d37	lui	x26,0x90000	 x26=0x90000000
        6725000	       573	800005c8	1d71	c.addi	x26,-4	 x26:0x90000000 x26=0x8ffffffc
        6735000	       574	800005ca	4601	c.li	x12,0	 x12=0x00000000
        6745000	       575	800005cc	0622	c.slli	x12,0x8	 x12:0x00000000 x12=0x00000000
        6755000	       576	800005ce	00060613	addi	x12,x12,0	 x12:0x00000000 x12=0x00000000
        6775000	       578	800005d2	00cd2023	sw	x12,0(x26)	 x26:0x8ffffffc x12:0x00000000 PA:0x8ffffffc store:0x00000000 load:0x00000000
        6815000	       582	80002700	0800006f	jal	x0,80002780	  x0=0x00000000
        6835000	       584	80002780	1f71	c.addi	x30,-4	 x30:0x8002cce4 x30=0x8002cce0
        6845000	       585	80002782	009f2023	sw	x9,0(x30)	 x30:0x8002cce0  x9:0x80028e64 PA:0x8002cce0 store:0x80028e64 load:0x00000000
        6855000	       586	80002786	000f04b3	add	x9,x30,x0	 x30:0x8002cce0  x0:0x00000000  x9=0x8002cce0
        6865000	       587	8000278a	f8048493	addi	x9,x9,-128	  x9:0x8002cce0  x9=0x8002cc60
        6875000	       588	8000278e	0014a223	sw	x1,4(x9)	  x9:0x8002cc60  x1:0x80000000 PA:0x8002cc64 store:0x80000000 load:0x00000000
        6885000	       589	80002792	0024a423	sw	x2,8(x9)	  x9:0x8002cc60  x2:0x4f707fa4 PA:0x8002cc68 store:0x4f707fa4 load:0x00000000
        6895000	       590	80002796	0034a623	sw	x3,12(x9)	  x9:0x8002cc60  x3:0x9fccf78b PA:0x8002cc6c store:0x9fccf78b load:0x00000000
        6905000	       591	8000279a	0044a823	sw	x4,16(x9)	  x9:0x8002cc60  x4:0x00000005 PA:0x8002cc70 store:0x00000005 load:0x00000000
        6915000	       592	8000279e	0054aa23	sw	x5,20(x9)	  x9:0x8002cc60  x5:0x80000000 PA:0x8002cc74 store:0x80000000 load:0x00000000
        6925000	       593	800027a2	0064ac23	sw	x6,24(x9)	  x9:0x8002cc60  x6:0xe4fb7214 PA:0x8002cc78 store:0xe4fb7214 load:0x00000000
        6935000	       594	800027a6	0074ae23	sw	x7,28(x9)	  x9:0x8002cc60  x7:0x00000002 PA:0x8002cc7c store:0x00000002 load:0x00000000
        6945000	       595	800027aa	d080	c.sw	x8,32(x9)	  x9:0x8002cc60  x8:0x00000000 PA:0x8002cc80 store:0x00000000 load:0x00000000
        6955000	       596	800027ac	d0c4	c.sw	x9,36(x9)	  x9:0x8002cc60  x9:0x8002cc60 PA:0x8002cc84 store:0x8002cc60 load:0x00000000
        6965000	       597	800027ae	d488	c.sw	x10,40(x9)	  x9:0x8002cc60 x10:0xf6f657b1 PA:0x8002cc88 store:0xf6f657b1 load:0x00000000
        6975000	       598	800027b0	d4cc	c.sw	x11,44(x9)	  x9:0x8002cc60 x11:0x00000000 PA:0x8002cc8c store:0x00000000 load:0x00000000
        6985000	       599	800027b2	d890	c.sw	x12,48(x9)	  x9:0x8002cc60 x12:0x00000000 PA:0x8002cc90 store:0x00000000 load:0x00000000
        6995000	       600	800027b4	d8d4	c.sw	x13,52(x9)	  x9:0x8002cc60 x13:0x80000000 PA:0x8002cc94 store:0x80000000 load:0x00000000
        7005000	       601	800027b6	dc98	c.sw	x14,56(x9)	  x9:0x8002cc60 x14:0x80000000 PA:0x8002cc98 store:0x80000000 load:0x00000000
        7015000	       602	800027b8	dcdc	c.sw	x15,60(x9)	  x9:0x8002cc60 x15:0x00000009 PA:0x8002cc9c store:0x00000009 load:0x00000000
        7025000	       603	800027ba	0504a023	sw	x16,64(x9)	  x9:0x8002cc60 x16:0x00000000 PA:0x8002cca0 store:0x00000000 load:0x00000000
        7035000	       604	800027be	0514a223	sw	x17,68(x9)	  x9:0x8002cc60 x17:0x0000000a PA:0x8002cca4 store:0x0000000a load:0x00000000
        7045000	       605	800027c2	0524a423	sw	x18,72(x9)	  x9:0x8002cc60 x18:0x35994c01 PA:0x8002cca8 store:0x35994c01 load:0x00000000
        7055000	       606	800027c6	0534a623	sw	x19,76(x9)	  x9:0x8002cc60 x19:0x00000007 PA:0x8002ccac store:0x00000007 load:0x00000000
        7065000	       607	800027ca	0544a823	sw	x20,80(x9)	  x9:0x8002cc60 x20:0x0000000f PA:0x8002ccb0 store:0x0000000f load:0x00000000
        7075000	       608	800027ce	0554aa23	sw	x21,84(x9)	  x9:0x8002cc60 x21:0x00000006 PA:0x8002ccb4 store:0x00000006 load:0x00000000
        7085000	       609	800027d2	0564ac23	sw	x22,88(x9)	  x9:0x8002cc60 x22:0x00000000 PA:0x8002ccb8 store:0x00000000 load:0x00000000
        7095000	       610	800027d6	0574ae23	sw	x23,92(x9)	  x9:0x8002cc60 x23:0xf75356fd PA:0x8002ccbc store:0xf75356fd load:0x00000000
        7105000	       611	800027da	0784a023	sw	x24,96(x9)	  x9:0x8002cc60 x24:0xf61b487c PA:0x8002ccc0 store:0xf61b487c load:0x00000000
        7115000	       612	800027de	0794a223	sw	x25,100(x9)	  x9:0x8002cc60 x25:0x00000000 PA:0x8002ccc4 store:0x00000000 load:0x00000000
        7125000	       613	800027e2	07a4a423	sw	x26,104(x9)	  x9:0x8002cc60 x26:0x8ffffffc PA:0x8002ccc8 store:0x8ffffffc load:0x00000000
        7135000	       614	800027e6	07b4a623	sw	x27,108(x9)	  x9:0x8002cc60 x27:0x65d29101 PA:0x8002cccc store:0x65d29101 load:0x00000000
        7145000	       615	800027ea	07c4a823	sw	x28,112(x9)	  x9:0x8002cc60 x28:0x00000000 PA:0x8002ccd0 store:0x00000000 load:0x00000000
        7155000	       616	800027ee	07d4aa23	sw	x29,116(x9)	  x9:0x8002cc60 x29:0xf1a800b6 PA:0x8002ccd4 store:0xf1a800b6 load:0x00000000
        7165000	       617	800027f2	07e4ac23	sw	x30,120(x9)	  x9:0x8002cc60 x30:0x8002cce0 PA:0x8002ccd8 store:0x8002cce0 load:0x00000000
        7175000	       618	800027f6	07f4ae23	sw	x31,124(x9)	  x9:0x8002cc60 x31:0x80000000 PA:0x8002ccdc store:0x80000000 load:0x00000000
        7185000	       619	800027fa	00048f33	add	x30,x9,x0	  x9:0x8002cc60  x0:0x00000000 x30=0x8002cc60
        7195000	       620	800027fe	90000d37	lui	x26,0x90000	 x26=0x90000000
        7205000	       621	80002802	1d71	c.addi	x26,-4	 x26:0x90000000 x26=0x8ffffffc
        7215000	       622	80002804	4621	c.li	x12,8	 x12=0x00000008
        7225000	       623	80002806	0622	c.slli	x12,0x8	 x12:0x00000008 x12=0x00000800
        7235000	       624	80002808	00060613	addi	x12,x12,0	 x12:0x00000800 x12=0x00000800
        7245000	       625	8000280c	00cd2023	sw	x12,0(x26)	 x26:0x8ffffffc x12:0x00000800 PA:0x8ffffffc store:0x00000800 load:0x00000000
        7255000	       626	80002810	34102673	csrrs	x12,mepc,x0	  x0:0x00000000 x12=0x800005d2
        7265000	       627	80002814	34202673	csrrs	x12,mcause,x0	  x0:0x00000000 x12=0x00000007
        7275000	       628	80002818	4d0d	c.li	x26,3	 x26=0x00000003
        7285000	       629	8000281a	01a61463	bne	x12,x26,80002822	 x12:0x00000007 x26:0x00000003
        7305000	       631	80002822	4d21	c.li	x26,8	 x26=0x00000008
        7315000	       632	80002824	05a60d63	beq	x12,x26,8000287e	 x12:0x00000007 x26:0x00000008
        7325000	       633	80002828	4d25	c.li	x26,9	 x26=0x00000009
        7335000	       634	8000282a	05a60a63	beq	x12,x26,8000287e	 x12:0x00000007 x26:0x00000009
        7345000	       635	8000282e	4d2d	c.li	x26,11	 x26=0x0000000b
        7355000	       636	80002830	05a60763	beq	x12,x26,8000287e	 x12:0x00000007 x26:0x0000000b
        7365000	       637	80002834	4d05	c.li	x26,1	 x26=0x00000001
        7375000	       638	80002836	33a60b63	beq	x12,x26,80002b6c	 x12:0x00000007 x26:0x00000001
        7385000	       639	8000283a	4d15	c.li	x26,5	 x26=0x00000005
        7395000	       640	8000283c	61a60263	beq	x12,x26,80002e40	 x12:0x00000007 x26:0x00000005
        7405000	       641	80002840	4d1d	c.li	x26,7	 x26=0x00000007
        7415000	       642	80002842	11a602e3	beq	x12,x26,80003146	 x12:0x00000007 x26:0x00000007
        7445000	       645	80003146	90000d37	lui	x26,0x90000	 x26=0x90000000
        7455000	       646	8000314a	1d71	c.addi	x26,-4	 x26:0x90000000 x26=0x8ffffffc
        7465000	       647	8000314c	4631	c.li	x12,12	 x12=0x0000000c
        7475000	       648	8000314e	0622	c.slli	x12,0x8	 x12:0x0000000c x12=0x00000c00
        7485000	       649	80003150	00060613	addi	x12,x12,0	 x12:0x00000c00 x12=0x00000c00
        7495000	       650	80003154	00cd2023	sw	x12,0(x26)	 x26:0x8ffffffc x12:0x00000c00 PA:0x8ffffffc store:0x00000c00 load:0x00000000
        7505000	       651	80003158	90000d37	lui	x26,0x90000	 x26=0x90000000
        7515000	       652	8000315c	1d71	c.addi	x26,-4	 x26:0x90000000 x26=0x8ffffffc
        7525000	       653	8000315e	34200613	addi	x12,x0,834	  x0:0x00000000 x12=0x00000342
        7535000	       654	80003162	0622	c.slli	x12,0x8	 x12:0x00000342 x12=0x00034200
        7545000	       655	80003164	060d	c.addi	x12,3	 x12:0x00034200 x12=0x00034203
        7555000	       656	80003166	00cd2023	sw	x12,0(x26)	 x26:0x8ffffffc x12:0x00034203 PA:0x8ffffffc store:0x00034203 load:0x00000000
        7565000	       657	8000316a	34202673	csrrs	x12,mcause,x0	  x0:0x00000000 x12=0x00000007
        7575000	       658	8000316e	00cd2023	sw	x12,0(x26)	 x26:0x8ffffffc x12:0x00000007 PA:0x8ffffffc store:0x00000007 load:0x00000000
        7585000	       659	80003172	4601	c.li	x12,0	 x12=0x00000000
        7595000	       660	80003174	8eb2	c.mv	x29,x12	  x0:0x00000000 x12:0x00000000 x29=0x00000000
        7605000	       661	80003176	4b01	c.li	x22,0	 x22=0x00000000
        7615000	       662	80003178	8676	c.mv	x12,x29	  x0:0x00000000 x29:0x00000000 x12=0x00000000
        7625000	       663	8000317a	85b2	c.mv	x11,x12	  x0:0x00000000 x12:0x00000000 x11=0x00000000
        7635000	       664	8000317c	4581	c.li	x11,0	 x11=0x00000000
        7645000	       665	8000317e	04b60f63	beq	x12,x11,800031dc	 x12:0x00000000 x11:0x00000000
        7665000	       667	800031dc	3b002d73	csrrs	x26,pmpaddr0,x0	  x0:0x00000000 x26=0x20000d0d
        7675000	       668	800031e0	3a002ff3	csrrs	x31,pmpcfg0,x0	  x0:0x00000000 x31=0x0f0f0f0f
        7685000	       669	800031e4	a861	c.j	8000327c	
        7705000	       671	8000327c	4e11	c.li	x28,4	 x28=0x00000004
        7715000	       672	8000327e	01ee9613	slli	x12,x29,0x1e	 x29:0x00000000 x12=0x00000000
        7725000	       673	80003282	8279	c.srli	x12,0x1e	 x12:0x00000000 x12=0x00000000
        7735000	       674	80003284	40ce05b3	sub	x11,x28,x12	 x28:0x00000004 x12:0x00000000 x11=0x00000004
        7745000	       675	80003288	15fd	c.addi	x11,-1	 x11:0x00000004 x11=0x00000003
        7755000	       676	8000328a	058e	c.slli	x11,0x3	 x11:0x00000003 x11=0x00000018
        7765000	       677	8000328c	00bf9e33	sll	x28,x31,x11	 x31:0x0f0f0f0f x11:0x00000018 x28=0x0f000000
        7775000	       678	80003290	060e	c.slli	x12,0x3	 x12:0x00000000 x12=0x00000000
        7785000	       679	80003292	95b2	c.add	x11,x12	 x11:0x00000018 x12:0x00000000 x11=0x00000018
        7795000	       680	80003294	00be5e33	srl	x28,x28,x11	 x28:0x0f000000 x11:0x00000018 x28=0x0000000f
        7805000	       681	80003298	01be1593	slli	x11,x28,0x1b	 x28:0x0000000f x11=0x78000000
        7815000	       682	8000329c	81f9	c.srli	x11,0x1e	 x11:0x78000000 x11=0x00000001
        7825000	       683	8000329e	c1b1	c.beqz	x11,800032e2	 x11:0x00000001
        7835000	       684	800032a0	4605	c.li	x12,1	 x12=0x00000001
        7845000	       685	800032a2	04c58163	beq	x11,x12,800032e4	 x11:0x00000001 x12:0x00000001
        7865000	       687	800032e4	8676	c.mv	x12,x29	  x0:0x00000000 x29:0x00000000 x12=0x00000000
        7875000	       688	800032e6	343025f3	csrrs	x11,mtval,x0	  x0:0x00000000 x11=0x8ffffffc
        7885000	       689	800032ea	8189	c.srli	x11,0x2	 x11:0x8ffffffc x11=0x23ffffff
        7895000	       690	800032ec	e601	c.bnez	x12,800032f4	 x12:0x00000000
        7905000	       691	800032ee	fc05c8e3	blt	x11,x0,800032be	 x11:0x23ffffff  x0:0x00000000
        7915000	       692	800032f2	a019	c.j	800032f8	
        7935000	       694	800032f8	fda5f3e3	bgeu	x11,x26,800032be	 x11:0x23ffffff x26:0x20000d0d
        7955000	       696	800032be	8676	c.mv	x12,x29	  x0:0x00000000 x29:0x00000000 x12=0x00000000
        7965000	       697	800032c0	8b6a	c.mv	x22,x26	  x0:0x00000000 x26:0x20000d0d x22=0x20000d0d
        7975000	       698	800032c2	0605	c.addi	x12,1	 x12:0x00000000 x12=0x00000001
        7985000	       699	800032c4	8eb2	c.mv	x29,x12	  x0:0x00000000 x12:0x00000001 x29=0x00000001
        7995000	       700	800032c6	4d41	c.li	x26,16	 x26=0x00000010
        8005000	       701	800032c8	01a65363	bge	x12,x26,800032ce	 x12:0x00000001 x26:0x00000010
        8015000	       702	800032cc	b575	c.j	80003178	
        8035000	       704	80003178	8676	c.mv	x12,x29	  x0:0x00000000 x29:0x00000001 x12=0x00000001
        8045000	       705	8000317a	85b2	c.mv	x11,x12	  x0:0x00000000 x12:0x00000001 x11=0x00000001
        8055000	       706	8000317c	4581	c.li	x11,0	 x11=0x00000000
        8065000	       707	8000317e	04b60f63	beq	x12,x11,800031dc	 x12:0x00000001 x11:0x00000000
        8075000	       708	80003182	4585	c.li	x11,1	 x11=0x00000001
        8085000	       709	80003184	06b60163	beq	x12,x11,800031e6	 x12:0x00000001 x11:0x00000001
        8115000	       712	800031e6	3b102d73	csrrs	x26,pmpaddr1,x0	  x0:0x00000000 x26=0x200016a6
        8125000	       713	800031ea	3a002ff3	csrrs	x31,pmpcfg0,x0	  x0:0x00000000 x31=0x0f0f0f0f
        8135000	       714	800031ee	a079	c.j	8000327c	
        8155000	       716	8000327c	4e11	c.li	x28,4	 x28=0x00000004
        8165000	       717	8000327e	01ee9613	slli	x12,x29,0x1e	 x29:0x00000001 x12=0x40000000
        8175000	       718	80003282	8279	c.srli	x12,0x1e	 x12:0x40000000 x12=0x00000001
        8185000	       719	80003284	40ce05b3	sub	x11,x28,x12	 x28:0x00000004 x12:0x00000001 x11=0x00000003
        8195000	       720	80003288	15fd	c.addi	x11,-1	 x11:0x00000003 x11=0x00000002
        8205000	       721	8000328a	058e	c.slli	x11,0x3	 x11:0x00000002 x11=0x00000010
        8215000	       722	8000328c	00bf9e33	sll	x28,x31,x11	 x31:0x0f0f0f0f x11:0x00000010 x28=0x0f0f0000
        8225000	       723	80003290	060e	c.slli	x12,0x3	 x12:0x00000001 x12=0x00000008
        8235000	       724	80003292	95b2	c.add	x11,x12	 x11:0x00000010 x12:0x00000008 x11=0x00000018
        8245000	       725	80003294	00be5e33	srl	x28,x28,x11	 x28:0x0f0f0000 x11:0x00000018 x28=0x0000000f
        8255000	       726	80003298	01be1593	slli	x11,x28,0x1b	 x28:0x0000000f x11=0x78000000
        8265000	       727	8000329c	81f9	c.srli	x11,0x1e	 x11:0x78000000 x11=0x00000001
        8275000	       728	8000329e	c1b1	c.beqz	x11,800032e2	 x11:0x00000001
        8285000	       729	800032a0	4605	c.li	x12,1	 x12=0x00000001
        8295000	       730	800032a2	04c58163	beq	x11,x12,800032e4	 x11:0x00000001 x12:0x00000001
        8315000	       732	800032e4	8676	c.mv	x12,x29	  x0:0x00000000 x29:0x00000001 x12=0x00000001
        8325000	       733	800032e6	343025f3	csrrs	x11,mtval,x0	  x0:0x00000000 x11=0x8ffffffc
        8335000	       734	800032ea	8189	c.srli	x11,0x2	 x11:0x8ffffffc x11=0x23ffffff
        8345000	       735	800032ec	e601	c.bnez	x12,800032f4	 x12:0x00000001
        8365000	       737	800032f4	fd65e5e3	bltu	x11,x22,800032be	 x11:0x23ffffff x22:0x20000d0d
        8375000	       738	800032f8	fda5f3e3	bgeu	x11,x26,800032be	 x11:0x23ffffff x26:0x200016a6
        8395000	       740	800032be	8676	c.mv	x12,x29	  x0:0x00000000 x29:0x00000001 x12=0x00000001
        8405000	       741	800032c0	8b6a	c.mv	x22,x26	  x0:0x00000000 x26:0x200016a6 x22=0x200016a6
        8415000	       742	800032c2	0605	c.addi	x12,1	 x12:0x00000001 x12=0x00000002
        8425000	       743	800032c4	8eb2	c.mv	x29,x12	  x0:0x00000000 x12:0x00000002 x29=0x00000002
        8435000	       744	800032c6	4d41	c.li	x26,16	 x26=0x00000010
        8445000	       745	800032c8	01a65363	bge	x12,x26,800032ce	 x12:0x00000002 x26:0x00000010
        8455000	       746	800032cc	b575	c.j	80003178	
        8475000	       748	80003178	8676	c.mv	x12,x29	  x0:0x00000000 x29:0x00000002 x12=0x00000002
        8485000	       749	8000317a	85b2	c.mv	x11,x12	  x0:0x00000000 x12:0x00000002 x11=0x00000002
        8495000	       750	8000317c	4581	c.li	x11,0	 x11=0x00000000
        8505000	       751	8000317e	04b60f63	beq	x12,x11,800031dc	 x12:0x00000002 x11:0x00000000
        8515000	       752	80003182	4585	c.li	x11,1	 x11=0x00000001
        8525000	       753	80003184	06b60163	beq	x12,x11,800031e6	 x12:0x00000002 x11:0x00000001
        8535000	       754	80003188	4589	c.li	x11,2	 x11=0x00000002
        8545000	       755	8000318a	06b60363	beq	x12,x11,800031f0	 x12:0x00000002 x11:0x00000002
        8565000	       757	800031f0	3b202d73	csrrs	x26,pmpaddr2,x0	  x0:0x00000000 x26=0x20002040
        8575000	       758	800031f4	3a002ff3	csrrs	x31,pmpcfg0,x0	  x0:0x00000000 x31=0x0f0f0f0f
        8585000	       759	800031f8	a051	c.j	8000327c	
        8605000	       761	8000327c	4e11	c.li	x28,4	 x28=0x00000004
        8615000	       762	8000327e	01ee9613	slli	x12,x29,0x1e	 x29:0x00000002 x12=0x80000000
        8625000	       763	80003282	8279	c.srli	x12,0x1e	 x12:0x80000000 x12=0x00000002
        8635000	       764	80003284	40ce05b3	sub	x11,x28,x12	 x28:0x00000004 x12:0x00000002 x11=0x00000002
        8645000	       765	80003288	15fd	c.addi	x11,-1	 x11:0x00000002 x11=0x00000001
        8655000	       766	8000328a	058e	c.slli	x11,0x3	 x11:0x00000001 x11=0x00000008
        8665000	       767	8000328c	00bf9e33	sll	x28,x31,x11	 x31:0x0f0f0f0f x11:0x00000008 x28=0x0f0f0f00
        8675000	       768	80003290	060e	c.slli	x12,0x3	 x12:0x00000002 x12=0x00000010
        8685000	       769	80003292	95b2	c.add	x11,x12	 x11:0x00000008 x12:0x00000010 x11=0x00000018
        8695000	       770	80003294	00be5e33	srl	x28,x28,x11	 x28:0x0f0f0f00 x11:0x00000018 x28=0x0000000f
        8705000	       771	80003298	01be1593	slli	x11,x28,0x1b	 x28:0x0000000f x11=0x78000000
        8715000	       772	8000329c	81f9	c.srli	x11,0x1e	 x11:0x78000000 x11=0x00000001
        8725000	       773	8000329e	c1b1	c.beqz	x11,800032e2	 x11:0x00000001
        8735000	       774	800032a0	4605	c.li	x12,1	 x12=0x00000001
        8745000	       775	800032a2	04c58163	beq	x11,x12,800032e4	 x11:0x00000001 x12:0x00000001
        8765000	       777	800032e4	8676	c.mv	x12,x29	  x0:0x00000000 x29:0x00000002 x12=0x00000002
        8775000	       778	800032e6	343025f3	csrrs	x11,mtval,x0	  x0:0x00000000 x11=0x8ffffffc
        8785000	       779	800032ea	8189	c.srli	x11,0x2	 x11:0x8ffffffc x11=0x23ffffff
        8795000	       780	800032ec	e601	c.bnez	x12,800032f4	 x12:0x00000002
        8815000	       782	800032f4	fd65e5e3	bltu	x11,x22,800032be	 x11:0x23ffffff x22:0x200016a6
        8825000	       783	800032f8	fda5f3e3	bgeu	x11,x26,800032be	 x11:0x23ffffff x26:0x20002040
        8845000	       785	800032be	8676	c.mv	x12,x29	  x0:0x00000000 x29:0x00000002 x12=0x00000002
        8855000	       786	800032c0	8b6a	c.mv	x22,x26	  x0:0x00000000 x26:0x20002040 x22=0x20002040
        8865000	       787	800032c2	0605	c.addi	x12,1	 x12:0x00000002 x12=0x00000003
        8875000	       788	800032c4	8eb2	c.mv	x29,x12	  x0:0x00000000 x12:0x00000003 x29=0x00000003
        8885000	       789	800032c6	4d41	c.li	x26,16	 x26=0x00000010
        8895000	       790	800032c8	01a65363	bge	x12,x26,800032ce	 x12:0x00000003 x26:0x00000010
        8905000	       791	800032cc	b575	c.j	80003178	
        8925000	       793	80003178	8676	c.mv	x12,x29	  x0:0x00000000 x29:0x00000003 x12=0x00000003
        8935000	       794	8000317a	85b2	c.mv	x11,x12	  x0:0x00000000 x12:0x00000003 x11=0x00000003
        8945000	       795	8000317c	4581	c.li	x11,0	 x11=0x00000000
        8955000	       796	8000317e	04b60f63	beq	x12,x11,800031dc	 x12:0x00000003 x11:0x00000000
        8965000	       797	80003182	4585	c.li	x11,1	 x11=0x00000001
        8975000	       798	80003184	06b60163	beq	x12,x11,800031e6	 x12:0x00000003 x11:0x00000001
        8985000	       799	80003188	4589	c.li	x11,2	 x11=0x00000002
        8995000	       800	8000318a	06b60363	beq	x12,x11,800031f0	 x12:0x00000003 x11:0x00000002
        9005000	       801	8000318e	458d	c.li	x11,3	 x11=0x00000003
        9015000	       802	80003190	06b60563	beq	x12,x11,800031fa	 x12:0x00000003 x11:0x00000003
        9045000	       805	800031fa	3b302d73	csrrs	x26,pmpaddr3,x0	  x0:0x00000000 x26=0x200029d9
        9055000	       806	800031fe	3a002ff3	csrrs	x31,pmpcfg0,x0	  x0:0x00000000 x31=0x0f0f0f0f
        9065000	       807	80003202	a8ad	c.j	8000327c	
        9085000	       809	8000327c	4e11	c.li	x28,4	 x28=0x00000004
        9095000	       810	8000327e	01ee9613	slli	x12,x29,0x1e	 x29:0x00000003 x12=0xc0000000
        9105000	       811	80003282	8279	c.srli	x12,0x1e	 x12:0xc0000000 x12=0x00000003
        9115000	       812	80003284	40ce05b3	sub	x11,x28,x12	 x28:0x00000004 x12:0x00000003 x11=0x00000001
        9125000	       813	80003288	15fd	c.addi	x11,-1	 x11:0x00000001 x11=0x00000000
        9135000	       814	8000328a	058e	c.slli	x11,0x3	 x11:0x00000000 x11=0x00000000
        9145000	       815	8000328c	00bf9e33	sll	x28,x31,x11	 x31:0x0f0f0f0f x11:0x00000000 x28=0x0f0f0f0f
        9155000	       816	80003290	060e	c.slli	x12,0x3	 x12:0x00000003 x12=0x00000018
        9165000	       817	80003292	95b2	c.add	x11,x12	 x11:0x00000000 x12:0x00000018 x11=0x00000018
        9175000	       818	80003294	00be5e33	srl	x28,x28,x11	 x28:0x0f0f0f0f x11:0x00000018 x28=0x0000000f
        9185000	       819	80003298	01be1593	slli	x11,x28,0x1b	 x28:0x0000000f x11=0x78000000
        9195000	       820	8000329c	81f9	c.srli	x11,0x1e	 x11:0x78000000 x11=0x00000001
        9205000	       821	8000329e	c1b1	c.beqz	x11,800032e2	 x11:0x00000001
        9215000	       822	800032a0	4605	c.li	x12,1	 x12=0x00000001
        9225000	       823	800032a2	04c58163	beq	x11,x12,800032e4	 x11:0x00000001 x12:0x00000001
        9245000	       825	800032e4	8676	c.mv	x12,x29	  x0:0x00000000 x29:0x00000003 x12=0x00000003
        9255000	       826	800032e6	343025f3	csrrs	x11,mtval,x0	  x0:0x00000000 x11=0x8ffffffc
        9265000	       827	800032ea	8189	c.srli	x11,0x2	 x11:0x8ffffffc x11=0x23ffffff
        9275000	       828	800032ec	e601	c.bnez	x12,800032f4	 x12:0x00000003
        9295000	       830	800032f4	fd65e5e3	bltu	x11,x22,800032be	 x11:0x23ffffff x22:0x20002040
        9305000	       831	800032f8	fda5f3e3	bgeu	x11,x26,800032be	 x11:0x23ffffff x26:0x200029d9
        9325000	       833	800032be	8676	c.mv	x12,x29	  x0:0x00000000 x29:0x00000003 x12=0x00000003
        9335000	       834	800032c0	8b6a	c.mv	x22,x26	  x0:0x00000000 x26:0x200029d9 x22=0x200029d9
        9345000	       835	800032c2	0605	c.addi	x12,1	 x12:0x00000003 x12=0x00000004
        9355000	       836	800032c4	8eb2	c.mv	x29,x12	  x0:0x00000000 x12:0x00000004 x29=0x00000004
        9365000	       837	800032c6	4d41	c.li	x26,16	 x26=0x00000010
        9375000	       838	800032c8	01a65363	bge	x12,x26,800032ce	 x12:0x00000004 x26:0x00000010
        9385000	       839	800032cc	b575	c.j	80003178	
        9405000	       841	80003178	8676	c.mv	x12,x29	  x0:0x00000000 x29:0x00000004 x12=0x00000004
        9415000	       842	8000317a	85b2	c.mv	x11,x12	  x0:0x00000000 x12:0x00000004 x11=0x00000004
        9425000	       843	8000317c	4581	c.li	x11,0	 x11=0x00000000
        9435000	       844	8000317e	04b60f63	beq	x12,x11,800031dc	 x12:0x00000004 x11:0x00000000
        9445000	       845	80003182	4585	c.li	x11,1	 x11=0x00000001
        9455000	       846	80003184	06b60163	beq	x12,x11,800031e6	 x12:0x00000004 x11:0x00000001
        9465000	       847	80003188	4589	c.li	x11,2	 x11=0x00000002
        9475000	       848	8000318a	06b60363	beq	x12,x11,800031f0	 x12:0x00000004 x11:0x00000002
        9485000	       849	8000318e	458d	c.li	x11,3	 x11=0x00000003
        9495000	       850	80003190	06b60563	beq	x12,x11,800031fa	 x12:0x00000004 x11:0x00000003
        9505000	       851	80003194	4591	c.li	x11,4	 x11=0x00000004
        9515000	       852	80003196	06b60763	beq	x12,x11,80003204	 x12:0x00000004 x11:0x00000004
        9535000	       854	80003204	3b402d73	csrrs	x26,pmpaddr4,x0	  x0:0x00000000 x26=0x20003373
        9545000	       855	80003208	3a102ff3	csrrs	x31,pmpcfg1,x0	  x0:0x00000000 x31=0x0f0f0f0f
        9555000	       856	8000320c	a885	c.j	8000327c	
        9575000	       858	8000327c	4e11	c.li	x28,4	 x28=0x00000004
        9585000	       859	8000327e	01ee9613	slli	x12,x29,0x1e	 x29:0x00000004 x12=0x00000000
        9595000	       860	80003282	8279	c.srli	x12,0x1e	 x12:0x00000000 x12=0x00000000
        9605000	       861	80003284	40ce05b3	sub	x11,x28,x12	 x28:0x00000004 x12:0x00000000 x11=0x00000004
        9615000	       862	80003288	15fd	c.addi	x11,-1	 x11:0x00000004 x11=0x00000003
        9625000	       863	8000328a	058e	c.slli	x11,0x3	 x11:0x00000003 x11=0x00000018
        9635000	       864	8000328c	00bf9e33	sll	x28,x31,x11	 x31:0x0f0f0f0f x11:0x00000018 x28=0x0f000000
        9645000	       865	80003290	060e	c.slli	x12,0x3	 x12:0x00000000 x12=0x00000000
        9655000	       866	80003292	95b2	c.add	x11,x12	 x11:0x00000018 x12:0x00000000 x11=0x00000018
        9665000	       867	80003294	00be5e33	srl	x28,x28,x11	 x28:0x0f000000 x11:0x00000018 x28=0x0000000f
        9675000	       868	80003298	01be1593	slli	x11,x28,0x1b	 x28:0x0000000f x11=0x78000000
        9685000	       869	8000329c	81f9	c.srli	x11,0x1e	 x11:0x78000000 x11=0x00000001
        9695000	       870	8000329e	c1b1	c.beqz	x11,800032e2	 x11:0x00000001
        9705000	       871	800032a0	4605	c.li	x12,1	 x12=0x00000001
        9715000	       872	800032a2	04c58163	beq	x11,x12,800032e4	 x11:0x00000001 x12:0x00000001
        9735000	       874	800032e4	8676	c.mv	x12,x29	  x0:0x00000000 x29:0x00000004 x12=0x00000004
        9745000	       875	800032e6	343025f3	csrrs	x11,mtval,x0	  x0:0x00000000 x11=0x8ffffffc
        9755000	       876	800032ea	8189	c.srli	x11,0x2	 x11:0x8ffffffc x11=0x23ffffff
        9765000	       877	800032ec	e601	c.bnez	x12,800032f4	 x12:0x00000004
        9785000	       879	800032f4	fd65e5e3	bltu	x11,x22,800032be	 x11:0x23ffffff x22:0x200029d9
        9795000	       880	800032f8	fda5f3e3	bgeu	x11,x26,800032be	 x11:0x23ffffff x26:0x20003373
        9815000	       882	800032be	8676	c.mv	x12,x29	  x0:0x00000000 x29:0x00000004 x12=0x00000004
        9825000	       883	800032c0	8b6a	c.mv	x22,x26	  x0:0x00000000 x26:0x20003373 x22=0x20003373
        9835000	       884	800032c2	0605	c.addi	x12,1	 x12:0x00000004 x12=0x00000005
        9845000	       885	800032c4	8eb2	c.mv	x29,x12	  x0:0x00000000 x12:0x00000005 x29=0x00000005
        9855000	       886	800032c6	4d41	c.li	x26,16	 x26=0x00000010
        9865000	       887	800032c8	01a65363	bge	x12,x26,800032ce	 x12:0x00000005 x26:0x00000010
        9875000	       888	800032cc	b575	c.j	80003178	
        9895000	       890	80003178	8676	c.mv	x12,x29	  x0:0x00000000 x29:0x00000005 x12=0x00000005
        9905000	       891	8000317a	85b2	c.mv	x11,x12	  x0:0x00000000 x12:0x00000005 x11=0x00000005
        9915000	       892	8000317c	4581	c.li	x11,0	 x11=0x00000000
        9925000	       893	8000317e	04b60f63	beq	x12,x11,800031dc	 x12:0x00000005 x11:0x00000000
        9935000	       894	80003182	4585	c.li	x11,1	 x11=0x00000001
        9945000	       895	80003184	06b60163	beq	x12,x11,800031e6	 x12:0x00000005 x11:0x00000001
        9955000	       896	80003188	4589	c.li	x11,2	 x11=0x00000002
        9965000	       897	8000318a	06b60363	beq	x12,x11,800031f0	 x12:0x00000005 x11:0x00000002
        9975000	       898	8000318e	458d	c.li	x11,3	 x11=0x00000003
        9985000	       899	80003190	06b60563	beq	x12,x11,800031fa	 x12:0x00000005 x11:0x00000003
        9995000	       900	80003194	4591	c.li	x11,4	 x11=0x00000004
       10005000	       901	80003196	06b60763	beq	x12,x11,80003204	 x12:0x00000005 x11:0x00000004
       10015000	       902	8000319a	4595	c.li	x11,5	 x11=0x00000005
       10025000	       903	8000319c	06b60963	beq	x12,x11,8000320e	 x12:0x00000005 x11:0x00000005
       10055000	       906	8000320e	3b502d73	csrrs	x26,pmpaddr5,x0	  x0:0x00000000 x26=0x20003d0c
       10065000	       907	80003212	3a102ff3	csrrs	x31,pmpcfg1,x0	  x0:0x00000000 x31=0x0f0f0f0f
       10075000	       908	80003216	a09d	c.j	8000327c	
       10095000	       910	8000327c	4e11	c.li	x28,4	 x28=0x00000004
       10105000	       911	8000327e	01ee9613	slli	x12,x29,0x1e	 x29:0x00000005 x12=0x40000000
       10115000	       912	80003282	8279	c.srli	x12,0x1e	 x12:0x40000000 x12=0x00000001
       10125000	       913	80003284	40ce05b3	sub	x11,x28,x12	 x28:0x00000004 x12:0x00000001 x11=0x00000003
       10135000	       914	80003288	15fd	c.addi	x11,-1	 x11:0x00000003 x11=0x00000002
       10145000	       915	8000328a	058e	c.slli	x11,0x3	 x11:0x00000002 x11=0x00000010
       10155000	       916	8000328c	00bf9e33	sll	x28,x31,x11	 x31:0x0f0f0f0f x11:0x00000010 x28=0x0f0f0000
       10165000	       917	80003290	060e	c.slli	x12,0x3	 x12:0x00000001 x12=0x00000008
       10175000	       918	80003292	95b2	c.add	x11,x12	 x11:0x00000010 x12:0x00000008 x11=0x00000018
       10185000	       919	80003294	00be5e33	srl	x28,x28,x11	 x28:0x0f0f0000 x11:0x00000018 x28=0x0000000f
       10195000	       920	80003298	01be1593	slli	x11,x28,0x1b	 x28:0x0000000f x11=0x78000000
       10205000	       921	8000329c	81f9	c.srli	x11,0x1e	 x11:0x78000000 x11=0x00000001
       10215000	       922	8000329e	c1b1	c.beqz	x11,800032e2	 x11:0x00000001
       10225000	       923	800032a0	4605	c.li	x12,1	 x12=0x00000001
       10235000	       924	800032a2	04c58163	beq	x11,x12,800032e4	 x11:0x00000001 x12:0x00000001
       10255000	       926	800032e4	8676	c.mv	x12,x29	  x0:0x00000000 x29:0x00000005 x12=0x00000005
       10265000	       927	800032e6	343025f3	csrrs	x11,mtval,x0	  x0:0x00000000 x11=0x8ffffffc
       10275000	       928	800032ea	8189	c.srli	x11,0x2	 x11:0x8ffffffc x11=0x23ffffff
       10285000	       929	800032ec	e601	c.bnez	x12,800032f4	 x12:0x00000005
       10305000	       931	800032f4	fd65e5e3	bltu	x11,x22,800032be	 x11:0x23ffffff x22:0x20003373
       10315000	       932	800032f8	fda5f3e3	bgeu	x11,x26,800032be	 x11:0x23ffffff x26:0x20003d0c
       10335000	       934	800032be	8676	c.mv	x12,x29	  x0:0x00000000 x29:0x00000005 x12=0x00000005
       10345000	       935	800032c0	8b6a	c.mv	x22,x26	  x0:0x00000000 x26:0x20003d0c x22=0x20003d0c
       10355000	       936	800032c2	0605	c.addi	x12,1	 x12:0x00000005 x12=0x00000006
       10365000	       937	800032c4	8eb2	c.mv	x29,x12	  x0:0x00000000 x12:0x00000006 x29=0x00000006
       10375000	       938	800032c6	4d41	c.li	x26,16	 x26=0x00000010
       10385000	       939	800032c8	01a65363	bge	x12,x26,800032ce	 x12:0x00000006 x26:0x00000010
       10395000	       940	800032cc	b575	c.j	80003178	
       10415000	       942	80003178	8676	c.mv	x12,x29	  x0:0x00000000 x29:0x00000006 x12=0x00000006
       10425000	       943	8000317a	85b2	c.mv	x11,x12	  x0:0x00000000 x12:0x00000006 x11=0x00000006
       10435000	       944	8000317c	4581	c.li	x11,0	 x11=0x00000000
       10445000	       945	8000317e	04b60f63	beq	x12,x11,800031dc	 x12:0x00000006 x11:0x00000000
       10455000	       946	80003182	4585	c.li	x11,1	 x11=0x00000001
       10465000	       947	80003184	06b60163	beq	x12,x11,800031e6	 x12:0x00000006 x11:0x00000001
       10475000	       948	80003188	4589	c.li	x11,2	 x11=0x00000002
       10485000	       949	8000318a	06b60363	beq	x12,x11,800031f0	 x12:0x00000006 x11:0x00000002
       10495000	       950	8000318e	458d	c.li	x11,3	 x11=0x00000003
       10505000	       951	80003190	06b60563	beq	x12,x11,800031fa	 x12:0x00000006 x11:0x00000003
       10515000	       952	80003194	4591	c.li	x11,4	 x11=0x00000004
       10525000	       953	80003196	06b60763	beq	x12,x11,80003204	 x12:0x00000006 x11:0x00000004
       10535000	       954	8000319a	4595	c.li	x11,5	 x11=0x00000005
       10545000	       955	8000319c	06b60963	beq	x12,x11,8000320e	 x12:0x00000006 x11:0x00000005
       10555000	       956	800031a0	4599	c.li	x11,6	 x11=0x00000006
       10565000	       957	800031a2	06b60b63	beq	x12,x11,80003218	 x12:0x00000006 x11:0x00000006
       10585000	       959	80003218	3b602d73	csrrs	x26,pmpaddr6,x0	  x0:0x00000000 x26=0x200046a6
       10595000	       960	8000321c	3a102ff3	csrrs	x31,pmpcfg1,x0	  x0:0x00000000 x31=0x0f0f0f0f
       10605000	       961	80003220	a8b1	c.j	8000327c	
       10625000	       963	8000327c	4e11	c.li	x28,4	 x28=0x00000004
       10635000	       964	8000327e	01ee9613	slli	x12,x29,0x1e	 x29:0x00000006 x12=0x80000000
       10645000	       965	80003282	8279	c.srli	x12,0x1e	 x12:0x80000000 x12=0x00000002
       10655000	       966	80003284	40ce05b3	sub	x11,x28,x12	 x28:0x00000004 x12:0x00000002 x11=0x00000002
       10665000	       967	80003288	15fd	c.addi	x11,-1	 x11:0x00000002 x11=0x00000001
       10675000	       968	8000328a	058e	c.slli	x11,0x3	 x11:0x00000001 x11=0x00000008
       10685000	       969	8000328c	00bf9e33	sll	x28,x31,x11	 x31:0x0f0f0f0f x11:0x00000008 x28=0x0f0f0f00
       10695000	       970	80003290	060e	c.slli	x12,0x3	 x12:0x00000002 x12=0x00000010
       10705000	       971	80003292	95b2	c.add	x11,x12	 x11:0x00000008 x12:0x00000010 x11=0x00000018
       10715000	       972	80003294	00be5e33	srl	x28,x28,x11	 x28:0x0f0f0f00 x11:0x00000018 x28=0x0000000f
       10725000	       973	80003298	01be1593	slli	x11,x28,0x1b	 x28:0x0000000f x11=0x78000000
       10735000	       974	8000329c	81f9	c.srli	x11,0x1e	 x11:0x78000000 x11=0x00000001
       10745000	       975	8000329e	c1b1	c.beqz	x11,800032e2	 x11:0x00000001
       10755000	       976	800032a0	4605	c.li	x12,1	 x12=0x00000001
       10765000	       977	800032a2	04c58163	beq	x11,x12,800032e4	 x11:0x00000001 x12:0x00000001
       10785000	       979	800032e4	8676	c.mv	x12,x29	  x0:0x00000000 x29:0x00000006 x12=0x00000006
       10795000	       980	800032e6	343025f3	csrrs	x11,mtval,x0	  x0:0x00000000 x11=0x8ffffffc
       10805000	       981	800032ea	8189	c.srli	x11,0x2	 x11:0x8ffffffc x11=0x23ffffff
       10815000	       982	800032ec	e601	c.bnez	x12,800032f4	 x12:0x00000006
       10835000	       984	800032f4	fd65e5e3	bltu	x11,x22,800032be	 x11:0x23ffffff x22:0x20003d0c
       10845000	       985	800032f8	fda5f3e3	bgeu	x11,x26,800032be	 x11:0x23ffffff x26:0x200046a6
       10865000	       987	800032be	8676	c.mv	x12,x29	  x0:0x00000000 x29:0x00000006 x12=0x00000006
       10875000	       988	800032c0	8b6a	c.mv	x22,x26	  x0:0x00000000 x26:0x200046a6 x22=0x200046a6
       10885000	       989	800032c2	0605	c.addi	x12,1	 x12:0x00000006 x12=0x00000007
       10895000	       990	800032c4	8eb2	c.mv	x29,x12	  x0:0x00000000 x12:0x00000007 x29=0x00000007
       10905000	       991	800032c6	4d41	c.li	x26,16	 x26=0x00000010
       10915000	       992	800032c8	01a65363	bge	x12,x26,800032ce	 x12:0x00000007 x26:0x00000010
       10925000	       993	800032cc	b575	c.j	80003178	
       10945000	       995	80003178	8676	c.mv	x12,x29	  x0:0x00000000 x29:0x00000007 x12=0x00000007
       10955000	       996	8000317a	85b2	c.mv	x11,x12	  x0:0x00000000 x12:0x00000007 x11=0x00000007
       10965000	       997	8000317c	4581	c.li	x11,0	 x11=0x00000000
       10975000	       998	8000317e	04b60f63	beq	x12,x11,800031dc	 x12:0x00000007 x11:0x00000000
       10985000	       999	80003182	4585	c.li	x11,1	 x11=0x00000001
       10995000	      1000	80003184	06b60163	beq	x12,x11,800031e6	 x12:0x00000007 x11:0x00000001
       11005000	      1001	80003188	4589	c.li	x11,2	 x11=0x00000002
       11015000	      1002	8000318a	06b60363	beq	x12,x11,800031f0	 x12:0x00000007 x11:0x00000002
       11025000	      1003	8000318e	458d	c.li	x11,3	 x11=0x00000003
       11035000	      1004	80003190	06b60563	beq	x12,x11,800031fa	 x12:0x00000007 x11:0x00000003
       11045000	      1005	80003194	4591	c.li	x11,4	 x11=0x00000004
       11055000	      1006	80003196	06b60763	beq	x12,x11,80003204	 x12:0x00000007 x11:0x00000004
       11065000	      1007	8000319a	4595	c.li	x11,5	 x11=0x00000005
       11075000	      1008	8000319c	06b60963	beq	x12,x11,8000320e	 x12:0x00000007 x11:0x00000005
       11085000	      1009	800031a0	4599	c.li	x11,6	 x11=0x00000006
       11095000	      1010	800031a2	06b60b63	beq	x12,x11,80003218	 x12:0x00000007 x11:0x00000006
       11105000	      1011	800031a6	459d	c.li	x11,7	 x11=0x00000007
       11115000	      1012	800031a8	06b60d63	beq	x12,x11,80003222	 x12:0x00000007 x11:0x00000007
       11145000	      1015	80003222	3b702d73	csrrs	x26,pmpaddr7,x0	  x0:0x00000000 x26=0x2000503f
       11155000	      1016	80003226	3a102ff3	csrrs	x31,pmpcfg1,x0	  x0:0x00000000 x31=0x0f0f0f0f
       11165000	      1017	8000322a	a889	c.j	8000327c	
       11185000	      1019	8000327c	4e11	c.li	x28,4	 x28=0x00000004
       11195000	      1020	8000327e	01ee9613	slli	x12,x29,0x1e	 x29:0x00000007 x12=0xc0000000
       11205000	      1021	80003282	8279	c.srli	x12,0x1e	 x12:0xc0000000 x12=0x00000003
       11215000	      1022	80003284	40ce05b3	sub	x11,x28,x12	 x28:0x00000004 x12:0x00000003 x11=0x00000001
       11225000	      1023	80003288	15fd	c.addi	x11,-1	 x11:0x00000001 x11=0x00000000
       11235000	      1024	8000328a	058e	c.slli	x11,0x3	 x11:0x00000000 x11=0x00000000
       11245000	      1025	8000328c	00bf9e33	sll	x28,x31,x11	 x31:0x0f0f0f0f x11:0x00000000 x28=0x0f0f0f0f
       11255000	      1026	80003290	060e	c.slli	x12,0x3	 x12:0x00000003 x12=0x00000018
       11265000	      1027	80003292	95b2	c.add	x11,x12	 x11:0x00000000 x12:0x00000018 x11=0x00000018
       11275000	      1028	80003294	00be5e33	srl	x28,x28,x11	 x28:0x0f0f0f0f x11:0x00000018 x28=0x0000000f
       11285000	      1029	80003298	01be1593	slli	x11,x28,0x1b	 x28:0x0000000f x11=0x78000000
       11295000	      1030	8000329c	81f9	c.srli	x11,0x1e	 x11:0x78000000 x11=0x00000001
       11305000	      1031	8000329e	c1b1	c.beqz	x11,800032e2	 x11:0x00000001
       11315000	      1032	800032a0	4605	c.li	x12,1	 x12=0x00000001
       11325000	      1033	800032a2	04c58163	beq	x11,x12,800032e4	 x11:0x00000001 x12:0x00000001
       11345000	      1035	800032e4	8676	c.mv	x12,x29	  x0:0x00000000 x29:0x00000007 x12=0x00000007
       11355000	      1036	800032e6	343025f3	csrrs	x11,mtval,x0	  x0:0x00000000 x11=0x8ffffffc
       11365000	      1037	800032ea	8189	c.srli	x11,0x2	 x11:0x8ffffffc x11=0x23ffffff
       11375000	      1038	800032ec	e601	c.bnez	x12,800032f4	 x12:0x00000007
       11395000	      1040	800032f4	fd65e5e3	bltu	x11,x22,800032be	 x11:0x23ffffff x22:0x200046a6
       11405000	      1041	800032f8	fda5f3e3	bgeu	x11,x26,800032be	 x11:0x23ffffff x26:0x2000503f
       11425000	      1043	800032be	8676	c.mv	x12,x29	  x0:0x00000000 x29:0x00000007 x12=0x00000007
       11435000	      1044	800032c0	8b6a	c.mv	x22,x26	  x0:0x00000000 x26:0x2000503f x22=0x2000503f
       11445000	      1045	800032c2	0605	c.addi	x12,1	 x12:0x00000007 x12=0x00000008
       11455000	      1046	800032c4	8eb2	c.mv	x29,x12	  x0:0x00000000 x12:0x00000008 x29=0x00000008
       11465000	      1047	800032c6	4d41	c.li	x26,16	 x26=0x00000010
       11475000	      1048	800032c8	01a65363	bge	x12,x26,800032ce	 x12:0x00000008 x26:0x00000010
       11485000	      1049	800032cc	b575	c.j	80003178	
       11505000	      1051	80003178	8676	c.mv	x12,x29	  x0:0x00000000 x29:0x00000008 x12=0x00000008
       11515000	      1052	8000317a	85b2	c.mv	x11,x12	  x0:0x00000000 x12:0x00000008 x11=0x00000008
       11525000	      1053	8000317c	4581	c.li	x11,0	 x11=0x00000000
       11535000	      1054	8000317e	04b60f63	beq	x12,x11,800031dc	 x12:0x00000008 x11:0x00000000
       11545000	      1055	80003182	4585	c.li	x11,1	 x11=0x00000001
       11555000	      1056	80003184	06b60163	beq	x12,x11,800031e6	 x12:0x00000008 x11:0x00000001
       11565000	      1057	80003188	4589	c.li	x11,2	 x11=0x00000002
       11575000	      1058	8000318a	06b60363	beq	x12,x11,800031f0	 x12:0x00000008 x11:0x00000002
       11585000	      1059	8000318e	458d	c.li	x11,3	 x11=0x00000003
       11595000	      1060	80003190	06b60563	beq	x12,x11,800031fa	 x12:0x00000008 x11:0x00000003
       11605000	      1061	80003194	4591	c.li	x11,4	 x11=0x00000004
       11615000	      1062	80003196	06b60763	beq	x12,x11,80003204	 x12:0x00000008 x11:0x00000004
       11625000	      1063	8000319a	4595	c.li	x11,5	 x11=0x00000005
       11635000	      1064	8000319c	06b60963	beq	x12,x11,8000320e	 x12:0x00000008 x11:0x00000005
       11645000	      1065	800031a0	4599	c.li	x11,6	 x11=0x00000006
       11655000	      1066	800031a2	06b60b63	beq	x12,x11,80003218	 x12:0x00000008 x11:0x00000006
       11665000	      1067	800031a6	459d	c.li	x11,7	 x11=0x00000007
       11675000	      1068	800031a8	06b60d63	beq	x12,x11,80003222	 x12:0x00000008 x11:0x00000007
       11685000	      1069	800031ac	45a1	c.li	x11,8	 x11=0x00000008
       11695000	      1070	800031ae	06b60f63	beq	x12,x11,8000322c	 x12:0x00000008 x11:0x00000008
       11715000	      1072	8000322c	3b802d73	csrrs	x26,pmpaddr8,x0	  x0:0x00000000 x26=0x200059d9
       11725000	      1073	80003230	3a202ff3	csrrs	x31,pmpcfg2,x0	  x0:0x00000000 x31=0x0f0f0f0f
       11735000	      1074	80003234	a0a1	c.j	8000327c	
       11755000	      1076	8000327c	4e11	c.li	x28,4	 x28=0x00000004
       11765000	      1077	8000327e	01ee9613	slli	x12,x29,0x1e	 x29:0x00000008 x12=0x00000000
       11775000	      1078	80003282	8279	c.srli	x12,0x1e	 x12:0x00000000 x12=0x00000000
       11785000	      1079	80003284	40ce05b3	sub	x11,x28,x12	 x28:0x00000004 x12:0x00000000 x11=0x00000004
       11795000	      1080	80003288	15fd	c.addi	x11,-1	 x11:0x00000004 x11=0x00000003
       11805000	      1081	8000328a	058e	c.slli	x11,0x3	 x11:0x00000003 x11=0x00000018
       11815000	      1082	8000328c	00bf9e33	sll	x28,x31,x11	 x31:0x0f0f0f0f x11:0x00000018 x28=0x0f000000
       11825000	      1083	80003290	060e	c.slli	x12,0x3	 x12:0x00000000 x12=0x00000000
       11835000	      1084	80003292	95b2	c.add	x11,x12	 x11:0x00000018 x12:0x00000000 x11=0x00000018
       11845000	      1085	80003294	00be5e33	srl	x28,x28,x11	 x28:0x0f000000 x11:0x00000018 x28=0x0000000f
       11855000	      1086	80003298	01be1593	slli	x11,x28,0x1b	 x28:0x0000000f x11=0x78000000
       11865000	      1087	8000329c	81f9	c.srli	x11,0x1e	 x11:0x78000000 x11=0x00000001
       11875000	      1088	8000329e	c1b1	c.beqz	x11,800032e2	 x11:0x00000001
       11885000	      1089	800032a0	4605	c.li	x12,1	 x12=0x00000001
       11895000	      1090	800032a2	04c58163	beq	x11,x12,800032e4	 x11:0x00000001 x12:0x00000001
       11915000	      1092	800032e4	8676	c.mv	x12,x29	  x0:0x00000000 x29:0x00000008 x12=0x00000008
       11925000	      1093	800032e6	343025f3	csrrs	x11,mtval,x0	  x0:0x00000000 x11=0x8ffffffc
       11935000	      1094	800032ea	8189	c.srli	x11,0x2	 x11:0x8ffffffc x11=0x23ffffff
       11945000	      1095	800032ec	e601	c.bnez	x12,800032f4	 x12:0x00000008
       11965000	      1097	800032f4	fd65e5e3	bltu	x11,x22,800032be	 x11:0x23ffffff x22:0x2000503f
       11975000	      1098	800032f8	fda5f3e3	bgeu	x11,x26,800032be	 x11:0x23ffffff x26:0x200059d9
       11995000	      1100	800032be	8676	c.mv	x12,x29	  x0:0x00000000 x29:0x00000008 x12=0x00000008
       12005000	      1101	800032c0	8b6a	c.mv	x22,x26	  x0:0x00000000 x26:0x200059d9 x22=0x200059d9
       12015000	      1102	800032c2	0605	c.addi	x12,1	 x12:0x00000008 x12=0x00000009
       12025000	      1103	800032c4	8eb2	c.mv	x29,x12	  x0:0x00000000 x12:0x00000009 x29=0x00000009
       12035000	      1104	800032c6	4d41	c.li	x26,16	 x26=0x00000010
       12045000	      1105	800032c8	01a65363	bge	x12,x26,800032ce	 x12:0x00000009 x26:0x00000010
       12055000	      1106	800032cc	b575	c.j	80003178	
       12075000	      1108	80003178	8676	c.mv	x12,x29	  x0:0x00000000 x29:0x00000009 x12=0x00000009
       12085000	      1109	8000317a	85b2	c.mv	x11,x12	  x0:0x00000000 x12:0x00000009 x11=0x00000009
       12095000	      1110	8000317c	4581	c.li	x11,0	 x11=0x00000000
       12105000	      1111	8000317e	04b60f63	beq	x12,x11,800031dc	 x12:0x00000009 x11:0x00000000
       12115000	      1112	80003182	4585	c.li	x11,1	 x11=0x00000001
       12125000	      1113	80003184	06b60163	beq	x12,x11,800031e6	 x12:0x00000009 x11:0x00000001
       12135000	      1114	80003188	4589	c.li	x11,2	 x11=0x00000002
       12145000	      1115	8000318a	06b60363	beq	x12,x11,800031f0	 x12:0x00000009 x11:0x00000002
       12155000	      1116	8000318e	458d	c.li	x11,3	 x11=0x00000003
       12165000	      1117	80003190	06b60563	beq	x12,x11,800031fa	 x12:0x00000009 x11:0x00000003
       12175000	      1118	80003194	4591	c.li	x11,4	 x11=0x00000004
       12185000	      1119	80003196	06b60763	beq	x12,x11,80003204	 x12:0x00000009 x11:0x00000004
       12195000	      1120	8000319a	4595	c.li	x11,5	 x11=0x00000005
       12205000	      1121	8000319c	06b60963	beq	x12,x11,8000320e	 x12:0x00000009 x11:0x00000005
       12215000	      1122	800031a0	4599	c.li	x11,6	 x11=0x00000006
       12225000	      1123	800031a2	06b60b63	beq	x12,x11,80003218	 x12:0x00000009 x11:0x00000006
       12235000	      1124	800031a6	459d	c.li	x11,7	 x11=0x00000007
       12245000	      1125	800031a8	06b60d63	beq	x12,x11,80003222	 x12:0x00000009 x11:0x00000007
       12255000	      1126	800031ac	45a1	c.li	x11,8	 x11=0x00000008
       12265000	      1127	800031ae	06b60f63	beq	x12,x11,8000322c	 x12:0x00000009 x11:0x00000008
       12275000	      1128	800031b2	45a5	c.li	x11,9	 x11=0x00000009
       12285000	      1129	800031b4	08b60163	beq	x12,x11,80003236	 x12:0x00000009 x11:0x00000009
       12315000	      1132	80003236	3b902d73	csrrs	x26,pmpaddr9,x0	  x0:0x00000000 x26=0x20006372
       12325000	      1133	8000323a	3a202ff3	csrrs	x31,pmpcfg2,x0	  x0:0x00000000 x31=0x0f0f0f0f
       12335000	      1134	8000323e	a83d	c.j	8000327c	
       12355000	      1136	8000327c	4e11	c.li	x28,4	 x28=0x00000004
       12365000	      1137	8000327e	01ee9613	slli	x12,x29,0x1e	 x29:0x00000009 x12=0x40000000
       12375000	      1138	80003282	8279	c.srli	x12,0x1e	 x12:0x40000000 x12=0x00000001
       12385000	      1139	80003284	40ce05b3	sub	x11,x28,x12	 x28:0x00000004 x12:0x00000001 x11=0x00000003
       12395000	      1140	80003288	15fd	c.addi	x11,-1	 x11:0x00000003 x11=0x00000002
       12405000	      1141	8000328a	058e	c.slli	x11,0x3	 x11:0x00000002 x11=0x00000010
       12415000	      1142	8000328c	00bf9e33	sll	x28,x31,x11	 x31:0x0f0f0f0f x11:0x00000010 x28=0x0f0f0000
       12425000	      1143	80003290	060e	c.slli	x12,0x3	 x12:0x00000001 x12=0x00000008
       12435000	      1144	80003292	95b2	c.add	x11,x12	 x11:0x00000010 x12:0x00000008 x11=0x00000018
       12445000	      1145	80003294	00be5e33	srl	x28,x28,x11	 x28:0x0f0f0000 x11:0x00000018 x28=0x0000000f
       12455000	      1146	80003298	01be1593	slli	x11,x28,0x1b	 x28:0x0000000f x11=0x78000000
       12465000	      1147	8000329c	81f9	c.srli	x11,0x1e	 x11:0x78000000 x11=0x00000001
       12475000	      1148	8000329e	c1b1	c.beqz	x11,800032e2	 x11:0x00000001
       12485000	      1149	800032a0	4605	c.li	x12,1	 x12=0x00000001
       12495000	      1150	800032a2	04c58163	beq	x11,x12,800032e4	 x11:0x00000001 x12:0x00000001
       12515000	      1152	800032e4	8676	c.mv	x12,x29	  x0:0x00000000 x29:0x00000009 x12=0x00000009
       12525000	      1153	800032e6	343025f3	csrrs	x11,mtval,x0	  x0:0x00000000 x11=0x8ffffffc
       12535000	      1154	800032ea	8189	c.srli	x11,0x2	 x11:0x8ffffffc x11=0x23ffffff
       12545000	      1155	800032ec	e601	c.bnez	x12,800032f4	 x12:0x00000009
       12565000	      1157	800032f4	fd65e5e3	bltu	x11,x22,800032be	 x11:0x23ffffff x22:0x200059d9
       12575000	      1158	800032f8	fda5f3e3	bgeu	x11,x26,800032be	 x11:0x23ffffff x26:0x20006372
       12595000	      1160	800032be	8676	c.mv	x12,x29	  x0:0x00000000 x29:0x00000009 x12=0x00000009
       12605000	      1161	800032c0	8b6a	c.mv	x22,x26	  x0:0x00000000 x26:0x20006372 x22=0x20006372
       12615000	      1162	800032c2	0605	c.addi	x12,1	 x12:0x00000009 x12=0x0000000a
       12625000	      1163	800032c4	8eb2	c.mv	x29,x12	  x0:0x00000000 x12:0x0000000a x29=0x0000000a
       12635000	      1164	800032c6	4d41	c.li	x26,16	 x26=0x00000010
       12645000	      1165	800032c8	01a65363	bge	x12,x26,800032ce	 x12:0x0000000a x26:0x00000010
       12655000	      1166	800032cc	b575	c.j	80003178	
       12675000	      1168	80003178	8676	c.mv	x12,x29	  x0:0x00000000 x29:0x0000000a x12=0x0000000a
       12685000	      1169	8000317a	85b2	c.mv	x11,x12	  x0:0x00000000 x12:0x0000000a x11=0x0000000a
       12695000	      1170	8000317c	4581	c.li	x11,0	 x11=0x00000000
       12705000	      1171	8000317e	04b60f63	beq	x12,x11,800031dc	 x12:0x0000000a x11:0x00000000
       12715000	      1172	80003182	4585	c.li	x11,1	 x11=0x00000001
       12725000	      1173	80003184	06b60163	beq	x12,x11,800031e6	 x12:0x0000000a x11:0x00000001
       12735000	      1174	80003188	4589	c.li	x11,2	 x11=0x00000002
       12745000	      1175	8000318a	06b60363	beq	x12,x11,800031f0	 x12:0x0000000a x11:0x00000002
       12755000	      1176	8000318e	458d	c.li	x11,3	 x11=0x00000003
       12765000	      1177	80003190	06b60563	beq	x12,x11,800031fa	 x12:0x0000000a x11:0x00000003
       12775000	      1178	80003194	4591	c.li	x11,4	 x11=0x00000004
       12785000	      1179	80003196	06b60763	beq	x12,x11,80003204	 x12:0x0000000a x11:0x00000004
       12795000	      1180	8000319a	4595	c.li	x11,5	 x11=0x00000005
       12805000	      1181	8000319c	06b60963	beq	x12,x11,8000320e	 x12:0x0000000a x11:0x00000005
       12815000	      1182	800031a0	4599	c.li	x11,6	 x11=0x00000006
       12825000	      1183	800031a2	06b60b63	beq	x12,x11,80003218	 x12:0x0000000a x11:0x00000006
       12835000	      1184	800031a6	459d	c.li	x11,7	 x11=0x00000007
       12845000	      1185	800031a8	06b60d63	beq	x12,x11,80003222	 x12:0x0000000a x11:0x00000007
       12855000	      1186	800031ac	45a1	c.li	x11,8	 x11=0x00000008
       12865000	      1187	800031ae	06b60f63	beq	x12,x11,8000322c	 x12:0x0000000a x11:0x00000008
       12875000	      1188	800031b2	45a5	c.li	x11,9	 x11=0x00000009
       12885000	      1189	800031b4	08b60163	beq	x12,x11,80003236	 x12:0x0000000a x11:0x00000009
       12895000	      1190	800031b8	45a9	c.li	x11,10	 x11=0x0000000a
       12905000	      1191	800031ba	08b60363	beq	x12,x11,80003240	 x12:0x0000000a x11:0x0000000a
       12925000	      1193	80003240	3ba02d73	csrrs	x26,pmpaddr10,x0	  x0:0x00000000 x26=0x20006d0c
       12935000	      1194	80003244	3a202ff3	csrrs	x31,pmpcfg2,x0	  x0:0x00000000 x31=0x0f0f0f0f
       12945000	      1195	80003248	a815	c.j	8000327c	
       12965000	      1197	8000327c	4e11	c.li	x28,4	 x28=0x00000004
       12975000	      1198	8000327e	01ee9613	slli	x12,x29,0x1e	 x29:0x0000000a x12=0x80000000
       12985000	      1199	80003282	8279	c.srli	x12,0x1e	 x12:0x80000000 x12=0x00000002
       12995000	      1200	80003284	40ce05b3	sub	x11,x28,x12	 x28:0x00000004 x12:0x00000002 x11=0x00000002
       13005000	      1201	80003288	15fd	c.addi	x11,-1	 x11:0x00000002 x11=0x00000001
       13015000	      1202	8000328a	058e	c.slli	x11,0x3	 x11:0x00000001 x11=0x00000008
       13025000	      1203	8000328c	00bf9e33	sll	x28,x31,x11	 x31:0x0f0f0f0f x11:0x00000008 x28=0x0f0f0f00
       13035000	      1204	80003290	060e	c.slli	x12,0x3	 x12:0x00000002 x12=0x00000010
       13045000	      1205	80003292	95b2	c.add	x11,x12	 x11:0x00000008 x12:0x00000010 x11=0x00000018
       13055000	      1206	80003294	00be5e33	srl	x28,x28,x11	 x28:0x0f0f0f00 x11:0x00000018 x28=0x0000000f
       13065000	      1207	80003298	01be1593	slli	x11,x28,0x1b	 x28:0x0000000f x11=0x78000000
       13075000	      1208	8000329c	81f9	c.srli	x11,0x1e	 x11:0x78000000 x11=0x00000001
       13085000	      1209	8000329e	c1b1	c.beqz	x11,800032e2	 x11:0x00000001
       13095000	      1210	800032a0	4605	c.li	x12,1	 x12=0x00000001
       13105000	      1211	800032a2	04c58163	beq	x11,x12,800032e4	 x11:0x00000001 x12:0x00000001
       13125000	      1213	800032e4	8676	c.mv	x12,x29	  x0:0x00000000 x29:0x0000000a x12=0x0000000a
       13135000	      1214	800032e6	343025f3	csrrs	x11,mtval,x0	  x0:0x00000000 x11=0x8ffffffc
       13145000	      1215	800032ea	8189	c.srli	x11,0x2	 x11:0x8ffffffc x11=0x23ffffff
       13155000	      1216	800032ec	e601	c.bnez	x12,800032f4	 x12:0x0000000a
       13175000	      1218	800032f4	fd65e5e3	bltu	x11,x22,800032be	 x11:0x23ffffff x22:0x20006372
       13185000	      1219	800032f8	fda5f3e3	bgeu	x11,x26,800032be	 x11:0x23ffffff x26:0x20006d0c
       13205000	      1221	800032be	8676	c.mv	x12,x29	  x0:0x00000000 x29:0x0000000a x12=0x0000000a
       13215000	      1222	800032c0	8b6a	c.mv	x22,x26	  x0:0x00000000 x26:0x20006d0c x22=0x20006d0c
       13225000	      1223	800032c2	0605	c.addi	x12,1	 x12:0x0000000a x12=0x0000000b
       13235000	      1224	800032c4	8eb2	c.mv	x29,x12	  x0:0x00000000 x12:0x0000000b x29=0x0000000b
       13245000	      1225	800032c6	4d41	c.li	x26,16	 x26=0x00000010
       13255000	      1226	800032c8	01a65363	bge	x12,x26,800032ce	 x12:0x0000000b x26:0x00000010
       13265000	      1227	800032cc	b575	c.j	80003178	
       13285000	      1229	80003178	8676	c.mv	x12,x29	  x0:0x00000000 x29:0x0000000b x12=0x0000000b
       13295000	      1230	8000317a	85b2	c.mv	x11,x12	  x0:0x00000000 x12:0x0000000b x11=0x0000000b
       13305000	      1231	8000317c	4581	c.li	x11,0	 x11=0x00000000
       13315000	      1232	8000317e	04b60f63	beq	x12,x11,800031dc	 x12:0x0000000b x11:0x00000000
       13325000	      1233	80003182	4585	c.li	x11,1	 x11=0x00000001
       13335000	      1234	80003184	06b60163	beq	x12,x11,800031e6	 x12:0x0000000b x11:0x00000001
       13345000	      1235	80003188	4589	c.li	x11,2	 x11=0x00000002
       13355000	      1236	8000318a	06b60363	beq	x12,x11,800031f0	 x12:0x0000000b x11:0x00000002
       13365000	      1237	8000318e	458d	c.li	x11,3	 x11=0x00000003
       13375000	      1238	80003190	06b60563	beq	x12,x11,800031fa	 x12:0x0000000b x11:0x00000003
       13385000	      1239	80003194	4591	c.li	x11,4	 x11=0x00000004
       13395000	      1240	80003196	06b60763	beq	x12,x11,80003204	 x12:0x0000000b x11:0x00000004
       13405000	      1241	8000319a	4595	c.li	x11,5	 x11=0x00000005
       13415000	      1242	8000319c	06b60963	beq	x12,x11,8000320e	 x12:0x0000000b x11:0x00000005
       13425000	      1243	800031a0	4599	c.li	x11,6	 x11=0x00000006
       13435000	      1244	800031a2	06b60b63	beq	x12,x11,80003218	 x12:0x0000000b x11:0x00000006
       13445000	      1245	800031a6	459d	c.li	x11,7	 x11=0x00000007
       13455000	      1246	800031a8	06b60d63	beq	x12,x11,80003222	 x12:0x0000000b x11:0x00000007
       13465000	      1247	800031ac	45a1	c.li	x11,8	 x11=0x00000008
       13475000	      1248	800031ae	06b60f63	beq	x12,x11,8000322c	 x12:0x0000000b x11:0x00000008
       13485000	      1249	800031b2	45a5	c.li	x11,9	 x11=0x00000009
       13495000	      1250	800031b4	08b60163	beq	x12,x11,80003236	 x12:0x0000000b x11:0x00000009
       13505000	      1251	800031b8	45a9	c.li	x11,10	 x11=0x0000000a
       13515000	      1252	800031ba	08b60363	beq	x12,x11,80003240	 x12:0x0000000b x11:0x0000000a
       13525000	      1253	800031be	45ad	c.li	x11,11	 x11=0x0000000b
       13535000	      1254	800031c0	08b60563	beq	x12,x11,8000324a	 x12:0x0000000b x11:0x0000000b
       13565000	      1257	8000324a	3bb02d73	csrrs	x26,pmpaddr11,x0	  x0:0x00000000 x26=0x200076a5
       13575000	      1258	8000324e	3a202ff3	csrrs	x31,pmpcfg2,x0	  x0:0x00000000 x31=0x0f0f0f0f
       13585000	      1259	80003252	a02d	c.j	8000327c	
       13605000	      1261	8000327c	4e11	c.li	x28,4	 x28=0x00000004
       13615000	      1262	8000327e	01ee9613	slli	x12,x29,0x1e	 x29:0x0000000b x12=0xc0000000
       13625000	      1263	80003282	8279	c.srli	x12,0x1e	 x12:0xc0000000 x12=0x00000003
       13635000	      1264	80003284	40ce05b3	sub	x11,x28,x12	 x28:0x00000004 x12:0x00000003 x11=0x00000001
       13645000	      1265	80003288	15fd	c.addi	x11,-1	 x11:0x00000001 x11=0x00000000
       13655000	      1266	8000328a	058e	c.slli	x11,0x3	 x11:0x00000000 x11=0x00000000
       13665000	      1267	8000328c	00bf9e33	sll	x28,x31,x11	 x31:0x0f0f0f0f x11:0x00000000 x28=0x0f0f0f0f
       13675000	      1268	80003290	060e	c.slli	x12,0x3	 x12:0x00000003 x12=0x00000018
       13685000	      1269	80003292	95b2	c.add	x11,x12	 x11:0x00000000 x12:0x00000018 x11=0x00000018
       13695000	      1270	80003294	00be5e33	srl	x28,x28,x11	 x28:0x0f0f0f0f x11:0x00000018 x28=0x0000000f
       13705000	      1271	80003298	01be1593	slli	x11,x28,0x1b	 x28:0x0000000f x11=0x78000000
       13715000	      1272	8000329c	81f9	c.srli	x11,0x1e	 x11:0x78000000 x11=0x00000001
       13725000	      1273	8000329e	c1b1	c.beqz	x11,800032e2	 x11:0x00000001
       13735000	      1274	800032a0	4605	c.li	x12,1	 x12=0x00000001
       13745000	      1275	800032a2	04c58163	beq	x11,x12,800032e4	 x11:0x00000001 x12:0x00000001
       13765000	      1277	800032e4	8676	c.mv	x12,x29	  x0:0x00000000 x29:0x0000000b x12=0x0000000b
       13775000	      1278	800032e6	343025f3	csrrs	x11,mtval,x0	  x0:0x00000000 x11=0x8ffffffc
       13785000	      1279	800032ea	8189	c.srli	x11,0x2	 x11:0x8ffffffc x11=0x23ffffff
       13795000	      1280	800032ec	e601	c.bnez	x12,800032f4	 x12:0x0000000b
       13815000	      1282	800032f4	fd65e5e3	bltu	x11,x22,800032be	 x11:0x23ffffff x22:0x20006d0c
       13825000	      1283	800032f8	fda5f3e3	bgeu	x11,x26,800032be	 x11:0x23ffffff x26:0x200076a5
       13845000	      1285	800032be	8676	c.mv	x12,x29	  x0:0x00000000 x29:0x0000000b x12=0x0000000b
       13855000	      1286	800032c0	8b6a	c.mv	x22,x26	  x0:0x00000000 x26:0x200076a5 x22=0x200076a5
       13865000	      1287	800032c2	0605	c.addi	x12,1	 x12:0x0000000b x12=0x0000000c
       13875000	      1288	800032c4	8eb2	c.mv	x29,x12	  x0:0x00000000 x12:0x0000000c x29=0x0000000c
       13885000	      1289	800032c6	4d41	c.li	x26,16	 x26=0x00000010
       13895000	      1290	800032c8	01a65363	bge	x12,x26,800032ce	 x12:0x0000000c x26:0x00000010
       13905000	      1291	800032cc	b575	c.j	80003178	
       13925000	      1293	80003178	8676	c.mv	x12,x29	  x0:0x00000000 x29:0x0000000c x12=0x0000000c
       13935000	      1294	8000317a	85b2	c.mv	x11,x12	  x0:0x00000000 x12:0x0000000c x11=0x0000000c
       13945000	      1295	8000317c	4581	c.li	x11,0	 x11=0x00000000
       13955000	      1296	8000317e	04b60f63	beq	x12,x11,800031dc	 x12:0x0000000c x11:0x00000000
       13965000	      1297	80003182	4585	c.li	x11,1	 x11=0x00000001
       13975000	      1298	80003184	06b60163	beq	x12,x11,800031e6	 x12:0x0000000c x11:0x00000001
       13985000	      1299	80003188	4589	c.li	x11,2	 x11=0x00000002
       13995000	      1300	8000318a	06b60363	beq	x12,x11,800031f0	 x12:0x0000000c x11:0x00000002
       14005000	      1301	8000318e	458d	c.li	x11,3	 x11=0x00000003
       14015000	      1302	80003190	06b60563	beq	x12,x11,800031fa	 x12:0x0000000c x11:0x00000003
       14025000	      1303	80003194	4591	c.li	x11,4	 x11=0x00000004
       14035000	      1304	80003196	06b60763	beq	x12,x11,80003204	 x12:0x0000000c x11:0x00000004
       14045000	      1305	8000319a	4595	c.li	x11,5	 x11=0x00000005
       14055000	      1306	8000319c	06b60963	beq	x12,x11,8000320e	 x12:0x0000000c x11:0x00000005
       14065000	      1307	800031a0	4599	c.li	x11,6	 x11=0x00000006
       14075000	      1308	800031a2	06b60b63	beq	x12,x11,80003218	 x12:0x0000000c x11:0x00000006
       14085000	      1309	800031a6	459d	c.li	x11,7	 x11=0x00000007
       14095000	      1310	800031a8	06b60d63	beq	x12,x11,80003222	 x12:0x0000000c x11:0x00000007
       14105000	      1311	800031ac	45a1	c.li	x11,8	 x11=0x00000008
       14115000	      1312	800031ae	06b60f63	beq	x12,x11,8000322c	 x12:0x0000000c x11:0x00000008
       14125000	      1313	800031b2	45a5	c.li	x11,9	 x11=0x00000009
       14135000	      1314	800031b4	08b60163	beq	x12,x11,80003236	 x12:0x0000000c x11:0x00000009
       14145000	      1315	800031b8	45a9	c.li	x11,10	 x11=0x0000000a
       14155000	      1316	800031ba	08b60363	beq	x12,x11,80003240	 x12:0x0000000c x11:0x0000000a
       14165000	      1317	800031be	45ad	c.li	x11,11	 x11=0x0000000b
       14175000	      1318	800031c0	08b60563	beq	x12,x11,8000324a	 x12:0x0000000c x11:0x0000000b
       14185000	      1319	800031c4	45b1	c.li	x11,12	 x11=0x0000000c
       14195000	      1320	800031c6	08b60763	beq	x12,x11,80003254	 x12:0x0000000c x11:0x0000000c
       14215000	      1322	80003254	3bc02d73	csrrs	x26,pmpaddr12,x0	  x0:0x00000000 x26=0x2000803f
       14225000	      1323	80003258	3a302ff3	csrrs	x31,pmpcfg3,x0	  x0:0x00000000 x31=0x0f0f0f0f
       14235000	      1324	8000325c	a005	c.j	8000327c	
       14255000	      1326	8000327c	4e11	c.li	x28,4	 x28=0x00000004
       14265000	      1327	8000327e	01ee9613	slli	x12,x29,0x1e	 x29:0x0000000c x12=0x00000000
       14275000	      1328	80003282	8279	c.srli	x12,0x1e	 x12:0x00000000 x12=0x00000000
       14285000	      1329	80003284	40ce05b3	sub	x11,x28,x12	 x28:0x00000004 x12:0x00000000 x11=0x00000004
       14295000	      1330	80003288	15fd	c.addi	x11,-1	 x11:0x00000004 x11=0x00000003
       14305000	      1331	8000328a	058e	c.slli	x11,0x3	 x11:0x00000003 x11=0x00000018
       14315000	      1332	8000328c	00bf9e33	sll	x28,x31,x11	 x31:0x0f0f0f0f x11:0x00000018 x28=0x0f000000
       14325000	      1333	80003290	060e	c.slli	x12,0x3	 x12:0x00000000 x12=0x00000000
       14335000	      1334	80003292	95b2	c.add	x11,x12	 x11:0x00000018 x12:0x00000000 x11=0x00000018
       14345000	      1335	80003294	00be5e33	srl	x28,x28,x11	 x28:0x0f000000 x11:0x00000018 x28=0x0000000f
       14355000	      1336	80003298	01be1593	slli	x11,x28,0x1b	 x28:0x0000000f x11=0x78000000
       14365000	      1337	8000329c	81f9	c.srli	x11,0x1e	 x11:0x78000000 x11=0x00000001
       14375000	      1338	8000329e	c1b1	c.beqz	x11,800032e2	 x11:0x00000001
       14385000	      1339	800032a0	4605	c.li	x12,1	 x12=0x00000001
       14395000	      1340	800032a2	04c58163	beq	x11,x12,800032e4	 x11:0x00000001 x12:0x00000001
       14415000	      1342	800032e4	8676	c.mv	x12,x29	  x0:0x00000000 x29:0x0000000c x12=0x0000000c
       14425000	      1343	800032e6	343025f3	csrrs	x11,mtval,x0	  x0:0x00000000 x11=0x8ffffffc
       14435000	      1344	800032ea	8189	c.srli	x11,0x2	 x11:0x8ffffffc x11=0x23ffffff
       14445000	      1345	800032ec	e601	c.bnez	x12,800032f4	 x12:0x0000000c
       14465000	      1347	800032f4	fd65e5e3	bltu	x11,x22,800032be	 x11:0x23ffffff x22:0x200076a5
       14475000	      1348	800032f8	fda5f3e3	bgeu	x11,x26,800032be	 x11:0x23ffffff x26:0x2000803f
       14495000	      1350	800032be	8676	c.mv	x12,x29	  x0:0x00000000 x29:0x0000000c x12=0x0000000c
       14505000	      1351	800032c0	8b6a	c.mv	x22,x26	  x0:0x00000000 x26:0x2000803f x22=0x2000803f
       14515000	      1352	800032c2	0605	c.addi	x12,1	 x12:0x0000000c x12=0x0000000d
       14525000	      1353	800032c4	8eb2	c.mv	x29,x12	  x0:0x00000000 x12:0x0000000d x29=0x0000000d
       14535000	      1354	800032c6	4d41	c.li	x26,16	 x26=0x00000010
       14545000	      1355	800032c8	01a65363	bge	x12,x26,800032ce	 x12:0x0000000d x26:0x00000010
       14555000	      1356	800032cc	b575	c.j	80003178	
       14575000	      1358	80003178	8676	c.mv	x12,x29	  x0:0x00000000 x29:0x0000000d x12=0x0000000d
       14585000	      1359	8000317a	85b2	c.mv	x11,x12	  x0:0x00000000 x12:0x0000000d x11=0x0000000d
       14595000	      1360	8000317c	4581	c.li	x11,0	 x11=0x00000000
       14605000	      1361	8000317e	04b60f63	beq	x12,x11,800031dc	 x12:0x0000000d x11:0x00000000
       14615000	      1362	80003182	4585	c.li	x11,1	 x11=0x00000001
       14625000	      1363	80003184	06b60163	beq	x12,x11,800031e6	 x12:0x0000000d x11:0x00000001
       14635000	      1364	80003188	4589	c.li	x11,2	 x11=0x00000002
       14645000	      1365	8000318a	06b60363	beq	x12,x11,800031f0	 x12:0x0000000d x11:0x00000002
       14655000	      1366	8000318e	458d	c.li	x11,3	 x11=0x00000003
       14665000	      1367	80003190	06b60563	beq	x12,x11,800031fa	 x12:0x0000000d x11:0x00000003
       14675000	      1368	80003194	4591	c.li	x11,4	 x11=0x00000004
       14685000	      1369	80003196	06b60763	beq	x12,x11,80003204	 x12:0x0000000d x11:0x00000004
       14695000	      1370	8000319a	4595	c.li	x11,5	 x11=0x00000005
       14705000	      1371	8000319c	06b60963	beq	x12,x11,8000320e	 x12:0x0000000d x11:0x00000005
       14715000	      1372	800031a0	4599	c.li	x11,6	 x11=0x00000006
       14725000	      1373	800031a2	06b60b63	beq	x12,x11,80003218	 x12:0x0000000d x11:0x00000006
       14735000	      1374	800031a6	459d	c.li	x11,7	 x11=0x00000007
       14745000	      1375	800031a8	06b60d63	beq	x12,x11,80003222	 x12:0x0000000d x11:0x00000007
       14755000	      1376	800031ac	45a1	c.li	x11,8	 x11=0x00000008
       14765000	      1377	800031ae	06b60f63	beq	x12,x11,8000322c	 x12:0x0000000d x11:0x00000008
       14775000	      1378	800031b2	45a5	c.li	x11,9	 x11=0x00000009
       14785000	      1379	800031b4	08b60163	beq	x12,x11,80003236	 x12:0x0000000d x11:0x00000009
       14795000	      1380	800031b8	45a9	c.li	x11,10	 x11=0x0000000a
       14805000	      1381	800031ba	08b60363	beq	x12,x11,80003240	 x12:0x0000000d x11:0x0000000a
       14815000	      1382	800031be	45ad	c.li	x11,11	 x11=0x0000000b
       14825000	      1383	800031c0	08b60563	beq	x12,x11,8000324a	 x12:0x0000000d x11:0x0000000b
       14835000	      1384	800031c4	45b1	c.li	x11,12	 x11=0x0000000c
       14845000	      1385	800031c6	08b60763	beq	x12,x11,80003254	 x12:0x0000000d x11:0x0000000c
       14855000	      1386	800031ca	45b5	c.li	x11,13	 x11=0x0000000d
       14865000	      1387	800031cc	08b60963	beq	x12,x11,8000325e	 x12:0x0000000d x11:0x0000000d
       14895000	      1390	8000325e	3bd02d73	csrrs	x26,pmpaddr13,x0	  x0:0x00000000 x26=0x200089d8
       14905000	      1391	80003262	3a302ff3	csrrs	x31,pmpcfg3,x0	  x0:0x00000000 x31=0x0f0f0f0f
       14915000	      1392	80003266	a819	c.j	8000327c	
       14935000	      1394	8000327c	4e11	c.li	x28,4	 x28=0x00000004
       14945000	      1395	8000327e	01ee9613	slli	x12,x29,0x1e	 x29:0x0000000d x12=0x40000000
       14955000	      1396	80003282	8279	c.srli	x12,0x1e	 x12:0x40000000 x12=0x00000001
       14965000	      1397	80003284	40ce05b3	sub	x11,x28,x12	 x28:0x00000004 x12:0x00000001 x11=0x00000003
       14975000	      1398	80003288	15fd	c.addi	x11,-1	 x11:0x00000003 x11=0x00000002
       14985000	      1399	8000328a	058e	c.slli	x11,0x3	 x11:0x00000002 x11=0x00000010
       14995000	      1400	8000328c	00bf9e33	sll	x28,x31,x11	 x31:0x0f0f0f0f x11:0x00000010 x28=0x0f0f0000
       15005000	      1401	80003290	060e	c.slli	x12,0x3	 x12:0x00000001 x12=0x00000008
       15015000	      1402	80003292	95b2	c.add	x11,x12	 x11:0x00000010 x12:0x00000008 x11=0x00000018
       15025000	      1403	80003294	00be5e33	srl	x28,x28,x11	 x28:0x0f0f0000 x11:0x00000018 x28=0x0000000f
       15035000	      1404	80003298	01be1593	slli	x11,x28,0x1b	 x28:0x0000000f x11=0x78000000
       15045000	      1405	8000329c	81f9	c.srli	x11,0x1e	 x11:0x78000000 x11=0x00000001
       15055000	      1406	8000329e	c1b1	c.beqz	x11,800032e2	 x11:0x00000001
       15065000	      1407	800032a0	4605	c.li	x12,1	 x12=0x00000001
       15075000	      1408	800032a2	04c58163	beq	x11,x12,800032e4	 x11:0x00000001 x12:0x00000001
       15095000	      1410	800032e4	8676	c.mv	x12,x29	  x0:0x00000000 x29:0x0000000d x12=0x0000000d
       15105000	      1411	800032e6	343025f3	csrrs	x11,mtval,x0	  x0:0x00000000 x11=0x8ffffffc
       15115000	      1412	800032ea	8189	c.srli	x11,0x2	 x11:0x8ffffffc x11=0x23ffffff
       15125000	      1413	800032ec	e601	c.bnez	x12,800032f4	 x12:0x0000000d
       15145000	      1415	800032f4	fd65e5e3	bltu	x11,x22,800032be	 x11:0x23ffffff x22:0x2000803f
       15155000	      1416	800032f8	fda5f3e3	bgeu	x11,x26,800032be	 x11:0x23ffffff x26:0x200089d8
       15175000	      1418	800032be	8676	c.mv	x12,x29	  x0:0x00000000 x29:0x0000000d x12=0x0000000d
       15185000	      1419	800032c0	8b6a	c.mv	x22,x26	  x0:0x00000000 x26:0x200089d8 x22=0x200089d8
       15195000	      1420	800032c2	0605	c.addi	x12,1	 x12:0x0000000d x12=0x0000000e
       15205000	      1421	800032c4	8eb2	c.mv	x29,x12	  x0:0x00000000 x12:0x0000000e x29=0x0000000e
       15215000	      1422	800032c6	4d41	c.li	x26,16	 x26=0x00000010
       15225000	      1423	800032c8	01a65363	bge	x12,x26,800032ce	 x12:0x0000000e x26:0x00000010
       15235000	      1424	800032cc	b575	c.j	80003178	
       15255000	      1426	80003178	8676	c.mv	x12,x29	  x0:0x00000000 x29:0x0000000e x12=0x0000000e
       15265000	      1427	8000317a	85b2	c.mv	x11,x12	  x0:0x00000000 x12:0x0000000e x11=0x0000000e
       15275000	      1428	8000317c	4581	c.li	x11,0	 x11=0x00000000
       15285000	      1429	8000317e	04b60f63	beq	x12,x11,800031dc	 x12:0x0000000e x11:0x00000000
       15295000	      1430	80003182	4585	c.li	x11,1	 x11=0x00000001
       15305000	      1431	80003184	06b60163	beq	x12,x11,800031e6	 x12:0x0000000e x11:0x00000001
       15315000	      1432	80003188	4589	c.li	x11,2	 x11=0x00000002
       15325000	      1433	8000318a	06b60363	beq	x12,x11,800031f0	 x12:0x0000000e x11:0x00000002
       15335000	      1434	8000318e	458d	c.li	x11,3	 x11=0x00000003
       15345000	      1435	80003190	06b60563	beq	x12,x11,800031fa	 x12:0x0000000e x11:0x00000003
       15355000	      1436	80003194	4591	c.li	x11,4	 x11=0x00000004
       15365000	      1437	80003196	06b60763	beq	x12,x11,80003204	 x12:0x0000000e x11:0x00000004
       15375000	      1438	8000319a	4595	c.li	x11,5	 x11=0x00000005
       15385000	      1439	8000319c	06b60963	beq	x12,x11,8000320e	 x12:0x0000000e x11:0x00000005
       15395000	      1440	800031a0	4599	c.li	x11,6	 x11=0x00000006
       15405000	      1441	800031a2	06b60b63	beq	x12,x11,80003218	 x12:0x0000000e x11:0x00000006
       15415000	      1442	800031a6	459d	c.li	x11,7	 x11=0x00000007
       15425000	      1443	800031a8	06b60d63	beq	x12,x11,80003222	 x12:0x0000000e x11:0x00000007
       15435000	      1444	800031ac	45a1	c.li	x11,8	 x11=0x00000008
       15445000	      1445	800031ae	06b60f63	beq	x12,x11,8000322c	 x12:0x0000000e x11:0x00000008
       15455000	      1446	800031b2	45a5	c.li	x11,9	 x11=0x00000009
       15465000	      1447	800031b4	08b60163	beq	x12,x11,80003236	 x12:0x0000000e x11:0x00000009
       15475000	      1448	800031b8	45a9	c.li	x11,10	 x11=0x0000000a
       15485000	      1449	800031ba	08b60363	beq	x12,x11,80003240	 x12:0x0000000e x11:0x0000000a
       15495000	      1450	800031be	45ad	c.li	x11,11	 x11=0x0000000b
       15505000	      1451	800031c0	08b60563	beq	x12,x11,8000324a	 x12:0x0000000e x11:0x0000000b
       15515000	      1452	800031c4	45b1	c.li	x11,12	 x11=0x0000000c
       15525000	      1453	800031c6	08b60763	beq	x12,x11,80003254	 x12:0x0000000e x11:0x0000000c
       15535000	      1454	800031ca	45b5	c.li	x11,13	 x11=0x0000000d
       15545000	      1455	800031cc	08b60963	beq	x12,x11,8000325e	 x12:0x0000000e x11:0x0000000d
       15555000	      1456	800031d0	45b9	c.li	x11,14	 x11=0x0000000e
       15565000	      1457	800031d2	08b60b63	beq	x12,x11,80003268	 x12:0x0000000e x11:0x0000000e
       15585000	      1459	80003268	3be02d73	csrrs	x26,pmpaddr14,x0	  x0:0x00000000 x26=0x20009372
       15595000	      1460	8000326c	3a302ff3	csrrs	x31,pmpcfg3,x0	  x0:0x00000000 x31=0x0f0f0f0f
       15605000	      1461	80003270	a031	c.j	8000327c	
       15625000	      1463	8000327c	4e11	c.li	x28,4	 x28=0x00000004
       15635000	      1464	8000327e	01ee9613	slli	x12,x29,0x1e	 x29:0x0000000e x12=0x80000000
       15645000	      1465	80003282	8279	c.srli	x12,0x1e	 x12:0x80000000 x12=0x00000002
       15655000	      1466	80003284	40ce05b3	sub	x11,x28,x12	 x28:0x00000004 x12:0x00000002 x11=0x00000002
       15665000	      1467	80003288	15fd	c.addi	x11,-1	 x11:0x00000002 x11=0x00000001
       15675000	      1468	8000328a	058e	c.slli	x11,0x3	 x11:0x00000001 x11=0x00000008
       15685000	      1469	8000328c	00bf9e33	sll	x28,x31,x11	 x31:0x0f0f0f0f x11:0x00000008 x28=0x0f0f0f00
       15695000	      1470	80003290	060e	c.slli	x12,0x3	 x12:0x00000002 x12=0x00000010
       15705000	      1471	80003292	95b2	c.add	x11,x12	 x11:0x00000008 x12:0x00000010 x11=0x00000018
       15715000	      1472	80003294	00be5e33	srl	x28,x28,x11	 x28:0x0f0f0f00 x11:0x00000018 x28=0x0000000f
       15725000	      1473	80003298	01be1593	slli	x11,x28,0x1b	 x28:0x0000000f x11=0x78000000
       15735000	      1474	8000329c	81f9	c.srli	x11,0x1e	 x11:0x78000000 x11=0x00000001
       15745000	      1475	8000329e	c1b1	c.beqz	x11,800032e2	 x11:0x00000001
       15755000	      1476	800032a0	4605	c.li	x12,1	 x12=0x00000001
       15765000	      1477	800032a2	04c58163	beq	x11,x12,800032e4	 x11:0x00000001 x12:0x00000001
       15785000	      1479	800032e4	8676	c.mv	x12,x29	  x0:0x00000000 x29:0x0000000e x12=0x0000000e
       15795000	      1480	800032e6	343025f3	csrrs	x11,mtval,x0	  x0:0x00000000 x11=0x8ffffffc
       15805000	      1481	800032ea	8189	c.srli	x11,0x2	 x11:0x8ffffffc x11=0x23ffffff
       15815000	      1482	800032ec	e601	c.bnez	x12,800032f4	 x12:0x0000000e
       15835000	      1484	800032f4	fd65e5e3	bltu	x11,x22,800032be	 x11:0x23ffffff x22:0x200089d8
       15845000	      1485	800032f8	fda5f3e3	bgeu	x11,x26,800032be	 x11:0x23ffffff x26:0x20009372
       15865000	      1487	800032be	8676	c.mv	x12,x29	  x0:0x00000000 x29:0x0000000e x12=0x0000000e
       15875000	      1488	800032c0	8b6a	c.mv	x22,x26	  x0:0x00000000 x26:0x20009372 x22=0x20009372
       15885000	      1489	800032c2	0605	c.addi	x12,1	 x12:0x0000000e x12=0x0000000f
       15895000	      1490	800032c4	8eb2	c.mv	x29,x12	  x0:0x00000000 x12:0x0000000f x29=0x0000000f
       15905000	      1491	800032c6	4d41	c.li	x26,16	 x26=0x00000010
       15915000	      1492	800032c8	01a65363	bge	x12,x26,800032ce	 x12:0x0000000f x26:0x00000010
       15925000	      1493	800032cc	b575	c.j	80003178	
       15945000	      1495	80003178	8676	c.mv	x12,x29	  x0:0x00000000 x29:0x0000000f x12=0x0000000f
       15955000	      1496	8000317a	85b2	c.mv	x11,x12	  x0:0x00000000 x12:0x0000000f x11=0x0000000f
       15965000	      1497	8000317c	4581	c.li	x11,0	 x11=0x00000000
       15975000	      1498	8000317e	04b60f63	beq	x12,x11,800031dc	 x12:0x0000000f x11:0x00000000
       15985000	      1499	80003182	4585	c.li	x11,1	 x11=0x00000001
       15995000	      1500	80003184	06b60163	beq	x12,x11,800031e6	 x12:0x0000000f x11:0x00000001
       16005000	      1501	80003188	4589	c.li	x11,2	 x11=0x00000002
       16015000	      1502	8000318a	06b60363	beq	x12,x11,800031f0	 x12:0x0000000f x11:0x00000002
       16025000	      1503	8000318e	458d	c.li	x11,3	 x11=0x00000003
       16035000	      1504	80003190	06b60563	beq	x12,x11,800031fa	 x12:0x0000000f x11:0x00000003
       16045000	      1505	80003194	4591	c.li	x11,4	 x11=0x00000004
       16055000	      1506	80003196	06b60763	beq	x12,x11,80003204	 x12:0x0000000f x11:0x00000004
       16065000	      1507	8000319a	4595	c.li	x11,5	 x11=0x00000005
       16075000	      1508	8000319c	06b60963	beq	x12,x11,8000320e	 x12:0x0000000f x11:0x00000005
       16085000	      1509	800031a0	4599	c.li	x11,6	 x11=0x00000006
       16095000	      1510	800031a2	06b60b63	beq	x12,x11,80003218	 x12:0x0000000f x11:0x00000006
       16105000	      1511	800031a6	459d	c.li	x11,7	 x11=0x00000007
       16115000	      1512	800031a8	06b60d63	beq	x12,x11,80003222	 x12:0x0000000f x11:0x00000007
       16125000	      1513	800031ac	45a1	c.li	x11,8	 x11=0x00000008
       16135000	      1514	800031ae	06b60f63	beq	x12,x11,8000322c	 x12:0x0000000f x11:0x00000008
       16145000	      1515	800031b2	45a5	c.li	x11,9	 x11=0x00000009
       16155000	      1516	800031b4	08b60163	beq	x12,x11,80003236	 x12:0x0000000f x11:0x00000009
       16165000	      1517	800031b8	45a9	c.li	x11,10	 x11=0x0000000a
       16175000	      1518	800031ba	08b60363	beq	x12,x11,80003240	 x12:0x0000000f x11:0x0000000a
       16185000	      1519	800031be	45ad	c.li	x11,11	 x11=0x0000000b
       16195000	      1520	800031c0	08b60563	beq	x12,x11,8000324a	 x12:0x0000000f x11:0x0000000b
       16205000	      1521	800031c4	45b1	c.li	x11,12	 x11=0x0000000c
       16215000	      1522	800031c6	08b60763	beq	x12,x11,80003254	 x12:0x0000000f x11:0x0000000c
       16225000	      1523	800031ca	45b5	c.li	x11,13	 x11=0x0000000d
       16235000	      1524	800031cc	08b60963	beq	x12,x11,8000325e	 x12:0x0000000f x11:0x0000000d
       16245000	      1525	800031d0	45b9	c.li	x11,14	 x11=0x0000000e
       16255000	      1526	800031d2	08b60b63	beq	x12,x11,80003268	 x12:0x0000000f x11:0x0000000e
       16265000	      1527	800031d6	45bd	c.li	x11,15	 x11=0x0000000f
       16275000	      1528	800031d8	08b60d63	beq	x12,x11,80003272	 x12:0x0000000f x11:0x0000000f
       16305000	      1531	80003272	3bf02d73	csrrs	x26,pmpaddr15,x0	  x0:0x00000000 x26=0x20009d0b
       16315000	      1532	80003276	3a302ff3	csrrs	x31,pmpcfg3,x0	  x0:0x00000000 x31=0x0f0f0f0f
       16325000	      1533	8000327a	a009	c.j	8000327c	
       16345000	      1535	8000327c	4e11	c.li	x28,4	 x28=0x00000004
       16355000	      1536	8000327e	01ee9613	slli	x12,x29,0x1e	 x29:0x0000000f x12=0xc0000000
       16365000	      1537	80003282	8279	c.srli	x12,0x1e	 x12:0xc0000000 x12=0x00000003
       16375000	      1538	80003284	40ce05b3	sub	x11,x28,x12	 x28:0x00000004 x12:0x00000003 x11=0x00000001
       16385000	      1539	80003288	15fd	c.addi	x11,-1	 x11:0x00000001 x11=0x00000000
       16395000	      1540	8000328a	058e	c.slli	x11,0x3	 x11:0x00000000 x11=0x00000000
       16405000	      1541	8000328c	00bf9e33	sll	x28,x31,x11	 x31:0x0f0f0f0f x11:0x00000000 x28=0x0f0f0f0f
       16415000	      1542	80003290	060e	c.slli	x12,0x3	 x12:0x00000003 x12=0x00000018
       16425000	      1543	80003292	95b2	c.add	x11,x12	 x11:0x00000000 x12:0x00000018 x11=0x00000018
       16435000	      1544	80003294	00be5e33	srl	x28,x28,x11	 x28:0x0f0f0f0f x11:0x00000018 x28=0x0000000f
       16445000	      1545	80003298	01be1593	slli	x11,x28,0x1b	 x28:0x0000000f x11=0x78000000
       16455000	      1546	8000329c	81f9	c.srli	x11,0x1e	 x11:0x78000000 x11=0x00000001
       16465000	      1547	8000329e	c1b1	c.beqz	x11,800032e2	 x11:0x00000001
       16475000	      1548	800032a0	4605	c.li	x12,1	 x12=0x00000001
       16485000	      1549	800032a2	04c58163	beq	x11,x12,800032e4	 x11:0x00000001 x12:0x00000001
       16505000	      1551	800032e4	8676	c.mv	x12,x29	  x0:0x00000000 x29:0x0000000f x12=0x0000000f
       16515000	      1552	800032e6	343025f3	csrrs	x11,mtval,x0	  x0:0x00000000 x11=0x8ffffffc
       16525000	      1553	800032ea	8189	c.srli	x11,0x2	 x11:0x8ffffffc x11=0x23ffffff
       16535000	      1554	800032ec	e601	c.bnez	x12,800032f4	 x12:0x0000000f
       16555000	      1556	800032f4	fd65e5e3	bltu	x11,x22,800032be	 x11:0x23ffffff x22:0x20009372
       16565000	      1557	800032f8	fda5f3e3	bgeu	x11,x26,800032be	 x11:0x23ffffff x26:0x20009d0b
       16585000	      1559	800032be	8676	c.mv	x12,x29	  x0:0x00000000 x29:0x0000000f x12=0x0000000f
       16595000	      1560	800032c0	8b6a	c.mv	x22,x26	  x0:0x00000000 x26:0x20009d0b x22=0x20009d0b
       16605000	      1561	800032c2	0605	c.addi	x12,1	 x12:0x0000000f x12=0x00000010
       16615000	      1562	800032c4	8eb2	c.mv	x29,x12	  x0:0x00000000 x12:0x00000010 x29=0x00000010
       16625000	      1563	800032c6	4d41	c.li	x26,16	 x26=0x00000010
       16635000	      1564	800032c8	01a65363	bge	x12,x26,800032ce	 x12:0x00000010 x26:0x00000010
       16665000	      1567	800032ce	74702673	csrrs	x12,0x747,x0	  x0:0x00000000 x12=0x00000000
       16675000	      1568	800032d2	8a09	c.andi	x12,2	 x12:0x00000000 x12=0x00000000
       16685000	      1569	800032d4	e63d	c.bnez	x12,80003342	 x12:0x00000000
       16695000	      1570	800032d6	ffffd617	auipc	x12,0xffffd	 x12=0x800002d6
       16705000	      1571	800032da	30460613	addi	x12,x12,772	 x12:0x800002d6 x12=0x800005da
       16715000	      1572	800032de	00060067	jalr	x0,0(x12)	 x12:0x800005da  x0=0x00000000
       16745000	      1575	800005da	90000d37	lui	x26,0x90000	 x26=0x90000000
       16755000	      1576	800005de	1d61	c.addi	x26,-8	 x26:0x90000000 x26=0x8ffffff8
       16765000	      1577	800005e0	4601	c.li	x12,0	 x12=0x00000000
       16775000	      1578	800005e2	0622	c.slli	x12,0x8	 x12:0x00000000 x12=0x00000000
       16785000	      1579	800005e4	0605	c.addi	x12,1	 x12:0x00000000 x12=0x00000001
       16795000	      1580	800005e6	00cd2023	sw	x12,0(x26)	 x26:0x8ffffff8 x12:0x00000001 PA:0x8ffffff8 store:0x00000001 load:0x00000000
       16805000	      1581	800005ea	00000073	ecall	
       16835000	      1584	80002700	0800006f	jal	x0,80002780	  x0=0x00000000
       16855000	      1586	80002780	1f71	c.addi	x30,-4	 x30:0x8002cc60 x30=0x8002cc5c
       16865000	      1587	80002782	009f2023	sw	x9,0(x30)	 x30:0x8002cc5c  x9:0x8002cc60 PA:0x8002cc5c store:0x8002cc60 load:0x00000000
