Time	Cycle	PC	Insn	Decoded instruction	Register and memory contents
        1055000	         6	80000080	40001637	lui	x12,0x40001	 x12=0x40001000
        1065000	         7	80000084	10660613	addi	x12,x12,262	 x12:0x40001000 x12=0x40001106
        1075000	         8	80000088	30161073	csrrw	x0,misa,x12	 x12:0x40001106  x0=0x00000000
        1105000	        11	8000008c	0002dc97	auipc	x25,0x2d	 x25=0x8002d08c
        1115000	        12	80000090	c58c8c93	addi	x25,x25,-936	 x25:0x8002d08c x25=0x8002cce4
        1125000	        13	80000094	00002617	auipc	x12,0x2	 x12=0x80002094
        1135000	        14	80000098	66c60613	addi	x12,x12,1644	 x12:0x80002094 x12=0x80002700
        1145000	        15	8000009c	00166613	ori	x12,x12,1	 x12:0x80002700 x12=0x80002701
        1155000	        16	800000a0	30561073	csrrw	x0,mtvec,x12	 x12:0x80002701  x0=0x00000000
        1185000	        19	800000a4	74725073	csrrwi	x0,0x747,4	  x0=0x00000000
        1215000	        22	800000a8	00003417	auipc	x8,0x3	  x8=0x800030a8
        1225000	        23	800000ac	3cc40413	addi	x8,x8,972	  x8:0x800030a8  x8=0x80003474
        1235000	        24	800000b0	4601	c.li	x12,0	 x12=0x00000000
        1245000	        25	800000b2	9432	c.add	x8,x12	  x8:0x80003474 x12:0x00000000  x8=0x80003474
        1255000	        26	800000b4	8009	c.srli	x8,0x2	  x8:0x80003474  x8=0x20000d1d
        1265000	        27	800000b6	3b041073	csrrw	x0,pmpaddr0,x8	  x8:0x20000d1d  x0=0x00000000
        1295000	        30	800000ba	00003417	auipc	x8,0x3	  x8=0x800030ba
        1305000	        31	800000be	3ba40413	addi	x8,x8,954	  x8:0x800030ba  x8=0x80003474
        1315000	        32	800000c2	11111637	lui	x12,0x11111	 x12=0x11111000
        1325000	        33	800000c6	11160613	addi	x12,x12,273	 x12:0x11111000 x12=0x11111111
        1335000	        34	800000ca	9432	c.add	x8,x12	  x8:0x80003474 x12:0x11111111  x8=0x91114585
        1345000	        35	800000cc	8009	c.srli	x8,0x2	  x8:0x91114585  x8=0x24445161
        1355000	        36	800000ce	3b141073	csrrw	x0,pmpaddr1,x8	  x8:0x24445161  x0=0x00000000
        1385000	        39	800000d2	00003417	auipc	x8,0x3	  x8=0x800030d2
        1395000	        40	800000d6	3a240413	addi	x8,x8,930	  x8:0x800030d2  x8=0x80003474
        1405000	        41	800000da	22222637	lui	x12,0x22222	 x12=0x22222000
        1415000	        42	800000de	22260613	addi	x12,x12,546	 x12:0x22222000 x12=0x22222222
        1425000	        43	800000e2	9432	c.add	x8,x12	  x8:0x80003474 x12:0x22222222  x8=0xa2225696
        1435000	        44	800000e4	8009	c.srli	x8,0x2	  x8:0xa2225696  x8=0x288895a5
        1445000	        45	800000e6	3b241073	csrrw	x0,pmpaddr2,x8	  x8:0x288895a5  x0=0x00000000
        1475000	        48	800000ea	00003417	auipc	x8,0x3	  x8=0x800030ea
        1485000	        49	800000ee	38a40413	addi	x8,x8,906	  x8:0x800030ea  x8=0x80003474
        1495000	        50	800000f2	33333637	lui	x12,0x33333	 x12=0x33333000
        1505000	        51	800000f6	33360613	addi	x12,x12,819	 x12:0x33333000 x12=0x33333333
        1515000	        52	800000fa	9432	c.add	x8,x12	  x8:0x80003474 x12:0x33333333  x8=0xb33367a7
        1525000	        53	800000fc	8009	c.srli	x8,0x2	  x8:0xb33367a7  x8=0x2cccd9e9
        1535000	        54	800000fe	3b341073	csrrw	x0,pmpaddr3,x8	  x8:0x2cccd9e9  x0=0x00000000
        1565000	        57	80000102	0f0f1437	lui	x8,0xf0f1	  x8=0x0f0f1000
        1575000	        58	80000106	f0f40413	addi	x8,x8,-241	  x8:0x0f0f1000  x8=0x0f0f0f0f
        1585000	        59	8000010a	3a041073	csrrw	x0,pmpcfg0,x8	  x8:0x0f0f0f0f  x0=0x00000000
        1615000	        62	8000010e	00003417	auipc	x8,0x3	  x8=0x8000310e
        1625000	        63	80000112	36640413	addi	x8,x8,870	  x8:0x8000310e  x8=0x80003474
        1635000	        64	80000116	44444637	lui	x12,0x44444	 x12=0x44444000
        1645000	        65	8000011a	44460613	addi	x12,x12,1092	 x12:0x44444000 x12=0x44444444
        1655000	        66	8000011e	9432	c.add	x8,x12	  x8:0x80003474 x12:0x44444444  x8=0xc44478b8
        1665000	        67	80000120	8009	c.srli	x8,0x2	  x8:0xc44478b8  x8=0x31111e2e
        1675000	        68	80000122	3b441073	csrrw	x0,pmpaddr4,x8	  x8:0x31111e2e  x0=0x00000000
        1705000	        71	80000126	00003417	auipc	x8,0x3	  x8=0x80003126
        1715000	        72	8000012a	34e40413	addi	x8,x8,846	  x8:0x80003126  x8=0x80003474
        1725000	        73	8000012e	55555637	lui	x12,0x55555	 x12=0x55555000
        1735000	        74	80000132	55560613	addi	x12,x12,1365	 x12:0x55555000 x12=0x55555555
        1745000	        75	80000136	9432	c.add	x8,x12	  x8:0x80003474 x12:0x55555555  x8=0xd55589c9
        1755000	        76	80000138	8009	c.srli	x8,0x2	  x8:0xd55589c9  x8=0x35556272
        1765000	        77	8000013a	3b541073	csrrw	x0,pmpaddr5,x8	  x8:0x35556272  x0=0x00000000
        1795000	        80	8000013e	00003417	auipc	x8,0x3	  x8=0x8000313e
        1805000	        81	80000142	33640413	addi	x8,x8,822	  x8:0x8000313e  x8=0x80003474
        1815000	        82	80000146	66666637	lui	x12,0x66666	 x12=0x66666000
        1825000	        83	8000014a	66660613	addi	x12,x12,1638	 x12:0x66666000 x12=0x66666666
        1835000	        84	8000014e	9432	c.add	x8,x12	  x8:0x80003474 x12:0x66666666  x8=0xe6669ada
        1845000	        85	80000150	8009	c.srli	x8,0x2	  x8:0xe6669ada  x8=0x3999a6b6
        1855000	        86	80000152	3b641073	csrrw	x0,pmpaddr6,x8	  x8:0x3999a6b6  x0=0x00000000
        1885000	        89	80000156	00003417	auipc	x8,0x3	  x8=0x80003156
        1895000	        90	8000015a	31e40413	addi	x8,x8,798	  x8:0x80003156  x8=0x80003474
        1905000	        91	8000015e	77777637	lui	x12,0x77777	 x12=0x77777000
        1915000	        92	80000162	77760613	addi	x12,x12,1911	 x12:0x77777000 x12=0x77777777
        1925000	        93	80000166	9432	c.add	x8,x12	  x8:0x80003474 x12:0x77777777  x8=0xf777abeb
        1935000	        94	80000168	8009	c.srli	x8,0x2	  x8:0xf777abeb  x8=0x3dddeafa
        1945000	        95	8000016a	3b741073	csrrw	x0,pmpaddr7,x8	  x8:0x3dddeafa  x0=0x00000000
        1975000	        98	8000016e	0f0f1437	lui	x8,0xf0f1	  x8=0x0f0f1000
        1985000	        99	80000172	f0f40413	addi	x8,x8,-241	  x8:0x0f0f1000  x8=0x0f0f0f0f
        1995000	       100	80000176	3a141073	csrrw	x0,pmpcfg1,x8	  x8:0x0f0f0f0f  x0=0x00000000
        2025000	       103	8000017a	00003417	auipc	x8,0x3	  x8=0x8000317a
        2035000	       104	8000017e	2fa40413	addi	x8,x8,762	  x8:0x8000317a  x8=0x80003474
        2045000	       105	80000182	88889637	lui	x12,0x88889	 x12=0x88889000
        2055000	       106	80000186	88860613	addi	x12,x12,-1912	 x12:0x88889000 x12=0x88888888
        2065000	       107	8000018a	9432	c.add	x8,x12	  x8:0x80003474 x12:0x88888888  x8=0x0888bcfc
        2075000	       108	8000018c	8009	c.srli	x8,0x2	  x8:0x0888bcfc  x8=0x02222f3f
        2085000	       109	8000018e	3b841073	csrrw	x0,pmpaddr8,x8	  x8:0x02222f3f  x0=0x00000000
        2115000	       112	80000192	00003417	auipc	x8,0x3	  x8=0x80003192
        2125000	       113	80000196	2e240413	addi	x8,x8,738	  x8:0x80003192  x8=0x80003474
        2135000	       114	8000019a	9999a637	lui	x12,0x9999a	 x12=0x9999a000
        2145000	       115	8000019e	99960613	addi	x12,x12,-1639	 x12:0x9999a000 x12=0x99999999
        2155000	       116	800001a2	9432	c.add	x8,x12	  x8:0x80003474 x12:0x99999999  x8=0x1999ce0d
        2165000	       117	800001a4	8009	c.srli	x8,0x2	  x8:0x1999ce0d  x8=0x06667383
        2175000	       118	800001a6	3b941073	csrrw	x0,pmpaddr9,x8	  x8:0x06667383  x0=0x00000000
        2205000	       121	800001aa	00003417	auipc	x8,0x3	  x8=0x800031aa
        2215000	       122	800001ae	2ca40413	addi	x8,x8,714	  x8:0x800031aa  x8=0x80003474
        2225000	       123	800001b2	aaaab637	lui	x12,0xaaaab	 x12=0xaaaab000
        2235000	       124	800001b6	aaa60613	addi	x12,x12,-1366	 x12:0xaaaab000 x12=0xaaaaaaaa
        2245000	       125	800001ba	9432	c.add	x8,x12	  x8:0x80003474 x12:0xaaaaaaaa  x8=0x2aaadf1e
        2255000	       126	800001bc	8009	c.srli	x8,0x2	  x8:0x2aaadf1e  x8=0x0aaab7c7
        2265000	       127	800001be	3ba41073	csrrw	x0,pmpaddr10,x8	  x8:0x0aaab7c7  x0=0x00000000
        2295000	       130	800001c2	00003417	auipc	x8,0x3	  x8=0x800031c2
        2305000	       131	800001c6	2b240413	addi	x8,x8,690	  x8:0x800031c2  x8=0x80003474
        2315000	       132	800001ca	bbbbc637	lui	x12,0xbbbbc	 x12=0xbbbbc000
        2325000	       133	800001ce	bbb60613	addi	x12,x12,-1093	 x12:0xbbbbc000 x12=0xbbbbbbbb
        2335000	       134	800001d2	9432	c.add	x8,x12	  x8:0x80003474 x12:0xbbbbbbbb  x8=0x3bbbf02f
        2345000	       135	800001d4	8009	c.srli	x8,0x2	  x8:0x3bbbf02f  x8=0x0eeefc0b
        2355000	       136	800001d6	3bb41073	csrrw	x0,pmpaddr11,x8	  x8:0x0eeefc0b  x0=0x00000000
        2385000	       139	800001da	0f0f1437	lui	x8,0xf0f1	  x8=0x0f0f1000
        2395000	       140	800001de	f0f40413	addi	x8,x8,-241	  x8:0x0f0f1000  x8=0x0f0f0f0f
        2405000	       141	800001e2	3a241073	csrrw	x0,pmpcfg2,x8	  x8:0x0f0f0f0f  x0=0x00000000
        2435000	       144	800001e6	00003417	auipc	x8,0x3	  x8=0x800031e6
        2445000	       145	800001ea	28e40413	addi	x8,x8,654	  x8:0x800031e6  x8=0x80003474
        2455000	       146	800001ee	ccccd637	lui	x12,0xccccd	 x12=0xccccd000
        2465000	       147	800001f2	ccc60613	addi	x12,x12,-820	 x12:0xccccd000 x12=0xcccccccc
        2475000	       148	800001f6	9432	c.add	x8,x12	  x8:0x80003474 x12:0xcccccccc  x8=0x4ccd0140
        2485000	       149	800001f8	8009	c.srli	x8,0x2	  x8:0x4ccd0140  x8=0x13334050
        2495000	       150	800001fa	3bc41073	csrrw	x0,pmpaddr12,x8	  x8:0x13334050  x0=0x00000000
        2525000	       153	800001fe	00003417	auipc	x8,0x3	  x8=0x800031fe
        2535000	       154	80000202	27640413	addi	x8,x8,630	  x8:0x800031fe  x8=0x80003474
        2545000	       155	80000206	dddde637	lui	x12,0xdddde	 x12=0xdddde000
        2555000	       156	8000020a	ddd60613	addi	x12,x12,-547	 x12:0xdddde000 x12=0xdddddddd
        2565000	       157	8000020e	9432	c.add	x8,x12	  x8:0x80003474 x12:0xdddddddd  x8=0x5dde1251
        2575000	       158	80000210	8009	c.srli	x8,0x2	  x8:0x5dde1251  x8=0x17778494
        2585000	       159	80000212	3bd41073	csrrw	x0,pmpaddr13,x8	  x8:0x17778494  x0=0x00000000
        2615000	       162	80000216	00003417	auipc	x8,0x3	  x8=0x80003216
        2625000	       163	8000021a	25e40413	addi	x8,x8,606	  x8:0x80003216  x8=0x80003474
        2635000	       164	8000021e	eeeef637	lui	x12,0xeeeef	 x12=0xeeeef000
        2645000	       165	80000222	eee60613	addi	x12,x12,-274	 x12:0xeeeef000 x12=0xeeeeeeee
        2655000	       166	80000226	9432	c.add	x8,x12	  x8:0x80003474 x12:0xeeeeeeee  x8=0x6eef2362
        2665000	       167	80000228	8009	c.srli	x8,0x2	  x8:0x6eef2362  x8=0x1bbbc8d8
        2675000	       168	8000022a	3be41073	csrrw	x0,pmpaddr14,x8	  x8:0x1bbbc8d8  x0=0x00000000
        2705000	       171	8000022e	00003417	auipc	x8,0x3	  x8=0x8000322e
        2715000	       172	80000232	24640413	addi	x8,x8,582	  x8:0x8000322e  x8=0x80003474
        2725000	       173	80000236	fff00613	addi	x12,x0,-1	  x0:0x00000000 x12=0xffffffff
        2735000	       174	8000023a	9432	c.add	x8,x12	  x8:0x80003474 x12:0xffffffff  x8=0x80003473
        2745000	       175	8000023c	8009	c.srli	x8,0x2	  x8:0x80003473  x8=0x20000d1c
        2755000	       176	8000023e	3bf41073	csrrw	x0,pmpaddr15,x8	  x8:0x20000d1c  x0=0x00000000
        2785000	       179	80000242	0f0f1437	lui	x8,0xf0f1	  x8=0x0f0f1000
        2795000	       180	80000246	f0f40413	addi	x8,x8,-241	  x8:0x0f0f1000  x8=0x0f0f0f0f
        2805000	       181	8000024a	3a341073	csrrw	x0,pmpcfg3,x8	  x8:0x0f0f0f0f  x0=0x00000000
        2835000	       184	8000024e	00000617	auipc	x12,0x0	 x12=0x8000024e
        2845000	       185	80000252	06060613	addi	x12,x12,96	 x12:0x8000024e x12=0x800002ae
        2855000	       186	80000256	34161073	csrrw	x0,mepc,x12	 x12:0x800002ae  x0=0x00000000
        2865000	       187	8000025a	7c00d073	csrrwi	x0,0x7c0,1	  x0=0x00000000
        2895000	       190	8000025e	44802637	lui	x12,0x44802	 x12=0x44802000
        2905000	       191	80000262	8f660613	addi	x12,x12,-1802	 x12:0x44802000 x12=0x448018f6
        2915000	       192	80000266	30061073	csrrw	x0,mstatus,x12	 x12:0x448018f6  x0=0x00000000
        2945000	       195	8000026a	a8ca4637	lui	x12,0xa8ca4	 x12=0xa8ca4000
        2955000	       196	8000026e	bbf60613	addi	x12,x12,-1089	 x12:0xa8ca4000 x12=0xa8ca3bbf
        2965000	       197	80000272	30461073	csrrw	x0,mie,x12	 x12:0xa8ca3bbf  x0=0x00000000
        2995000	       200	80000276	90000b37	lui	x22,0x90000	 x22=0x90000000
        3005000	       201	8000027a	1b71	c.addi	x22,-4	 x22:0x90000000 x22=0x8ffffffc
        3015000	       202	8000027c	30000613	addi	x12,x0,768	  x0:0x00000000 x12=0x00000300
        3025000	       203	80000280	0622	c.slli	x12,0x8	 x12:0x00000300 x12=0x00030000
        3035000	       204	80000282	060d	c.addi	x12,3	 x12:0x00030000 x12=0x00030003
        3045000	       205	80000284	00cb2023	sw	x12,0(x22)	 x22:0x8ffffffc x12:0x00030003 PA:0x8ffffffc store:0x00030003 load:0x00000000
        3055000	       206	80000288	30002673	csrrs	x12,mstatus,x0	  x0:0x00000000 x12=0x00001880
        3065000	       207	8000028c	00cb2023	sw	x12,0(x22)	 x22:0x8ffffffc x12:0x00001880 PA:0x8ffffffc store:0x00001880 load:0x00000000
        3075000	       208	80000290	90000b37	lui	x22,0x90000	 x22=0x90000000
        3085000	       209	80000294	1b71	c.addi	x22,-4	 x22:0x90000000 x22=0x8ffffffc
        3095000	       210	80000296	30400613	addi	x12,x0,772	  x0:0x00000000 x12=0x00000304
        3105000	       211	8000029a	0622	c.slli	x12,0x8	 x12:0x00000304 x12=0x00030400
        3115000	       212	8000029c	060d	c.addi	x12,3	 x12:0x00030400 x12=0x00030403
        3125000	       213	8000029e	00cb2023	sw	x12,0(x22)	 x22:0x8ffffffc x12:0x00030403 PA:0x8ffffffc store:0x00030403 load:0x00000000
        3135000	       214	800002a2	30402673	csrrs	x12,mie,x0	  x0:0x00000000 x12=0x28ca0888
        3145000	       215	800002a6	00cb2023	sw	x12,0(x22)	 x22:0x8ffffffc x12:0x28ca0888 PA:0x8ffffffc store:0x28ca0888 load:0x00000000
        3155000	       216	800002aa	30200073	mret	
        3195000	       220	800002ae	cdc0a037	lui	x0,0xcdc0a	  x0=0x00000000
        3205000	       221	800002b2	ec900013	addi	x0,x0,-311	  x0:0x00000000  x0=0x00000000
        3215000	       222	800002b6	800000b7	lui	x1,0x80000	  x1=0x80000000
        3225000	       223	800002ba	80000137	lui	x2,0x80000	  x2=0x80000000
        3235000	       224	800002be	fff6f1b7	lui	x3,0xfff6f	  x3=0xfff6f000
        3245000	       225	800002c2	beb18193	addi	x3,x3,-1045	  x3:0xfff6f000  x3=0xfff6ebeb
        3255000	       226	800002c6	420d	c.li	x4,3	  x4=0x00000003
        3265000	       227	800002c8	4281	c.li	x5,0	  x5=0x00000000
        3275000	       228	800002ca	80000337	lui	x6,0x80000	  x6=0x80000000
        3285000	       229	800002ce	faeba3b7	lui	x7,0xfaeba	  x7=0xfaeba000
        3295000	       230	800002d2	c0938393	addi	x7,x7,-1015	  x7:0xfaeba000  x7=0xfaeb9c09
        3305000	       231	800002d6	4411	c.li	x8,4	  x8=0x00000004
        3315000	       232	800002d8	4499	c.li	x9,6	  x9=0x00000006
        3325000	       233	800002da	ff3c4537	lui	x10,0xff3c4	 x10=0xff3c4000
        3335000	       234	800002de	09b50513	addi	x10,x10,155	 x10:0xff3c4000 x10=0xff3c409b
        3345000	       235	800002e2	f8f265b7	lui	x11,0xf8f26	 x11=0xf8f26000
        3355000	       236	800002e6	25c58593	addi	x11,x11,604	 x11:0xf8f26000 x11=0xf8f2625c
        3365000	       237	800002ea	80000637	lui	x12,0x80000	 x12=0x80000000
        3375000	       238	800002ee	46ad	c.li	x13,11	 x13=0x0000000b
        3385000	       239	800002f0	7f8da737	lui	x14,0x7f8da	 x14=0x7f8da000
        3395000	       240	800002f4	33470713	addi	x14,x14,820	 x14:0x7f8da000 x14=0x7f8da334
        3405000	       241	800002f8	fd2187b7	lui	x15,0xfd218	 x15=0xfd218000
        3415000	       242	800002fc	87b78793	addi	x15,x15,-1925	 x15:0xfd218000 x15=0xfd21787b
        3425000	       243	80000300	4801	c.li	x16,0	 x16=0x00000000
        3435000	       244	80000302	489d	c.li	x17,7	 x17=0x00000007
        3445000	       245	80000304	4911	c.li	x18,4	 x18=0x00000004
        3455000	       246	80000306	f15b6a37	lui	x20,0xf15b6	 x20=0xf15b6000
        3465000	       247	8000030a	b64a0a13	addi	x20,x20,-1180	 x20:0xf15b6000 x20=0xf15b5b64
        3475000	       248	8000030e	f2d69ab7	lui	x21,0xf2d69	 x21=0xf2d69000
        3485000	       249	80000312	361a8a93	addi	x21,x21,865	 x21:0xf2d69000 x21=0xf2d69361
        3495000	       250	80000316	4b01	c.li	x22,0	 x22=0x00000000
        3505000	       251	80000318	8fde9bb7	lui	x23,0x8fde9	 x23=0x8fde9000
        3515000	       252	8000031c	a6fb8b93	addi	x23,x23,-1425	 x23:0x8fde9000 x23=0x8fde8a6f
        3525000	       253	80000320	4c09	c.li	x24,2	 x24=0x00000002
        3535000	       254	80000322	7576bd37	lui	x26,0x7576b	 x26=0x7576b000
        3545000	       255	80000326	d53d0d13	addi	x26,x26,-685	 x26:0x7576b000 x26=0x7576ad53
        3555000	       256	8000032a	80000db7	lui	x27,0x80000	 x27=0x80000000
        3565000	       257	8000032e	4e01	c.li	x28,0	 x28=0x00000000
        3575000	       258	80000330	d947feb7	lui	x29,0xd947f	 x29=0xd947f000
        3585000	       259	80000334	9b5e8e93	addi	x29,x29,-1611	 x29:0xd947f000 x29=0xd947e9b5
        3595000	       260	80000338	4f2d	c.li	x30,11	 x30=0x0000000b
        3605000	       261	8000033a	4f8d	c.li	x31,3	 x31=0x00000003
        3615000	       262	8000033c	00029997	auipc	x19,0x29	 x19=0x8002933c
        3625000	       263	80000340	b2898993	addi	x19,x19,-1240	 x19:0x8002933c x19=0x80028e64
        3635000	       264	80000344	90000b37	lui	x22,0x90000	 x22=0x90000000
        3645000	       265	80000348	1b71	c.addi	x22,-4	 x22:0x90000000 x22=0x8ffffffc
        3655000	       266	8000034a	4601	c.li	x12,0	 x12=0x00000000
        3665000	       267	8000034c	0622	c.slli	x12,0x8	 x12:0x00000000 x12=0x00000000
        3675000	       268	8000034e	00060613	addi	x12,x12,0	 x12:0x00000000 x12=0x00000000
        3685000	       269	80000352	00cb2023	sw	x12,0(x22)	 x22:0x8ffffffc x12:0x00000000 PA:0x8ffffffc store:0x00000000 load:0x00000000
        3695000	       270	80000356	11e0306f	jal	x0,80003474	  x0=0x00000000
        3715000	       272	80003474	0000f617	auipc	x12,0xf	 x12=0x80012474
        3725000	       273	80003478	3f060613	addi	x12,x12,1008	 x12:0x80012474 x12=0x80012864
        4095000	       310	8000347c	02f34b33	div	x22,x6,x15	  x6:0x80000000 x15:0xfd21787b x22=0x0000002c
        4105000	       311	80003480	d5760613	addi	x12,x12,-681	 x12:0x80012864 x12=0x800125bb
        4115000	       312	80003484	4087d833	sra	x16,x15,x8	 x15:0xfd21787b  x8:0x00000004 x16=0xffd21787
        4125000	       313	80003488	1a6bf813	andi	x16,x23,422	 x23:0x8fde8a6f x16=0x00000026
        4135000	       314	8000348c	00828763	beq	x5,x8,8000349a	  x5:0x00000000  x8:0x00000004
        4505000	       351	80003490	03a37ab3	remu	x21,x6,x26	  x6:0x80000000 x26:0x7576ad53 x21=0x0a8952ad
        4525000	       353	80003494	0205cbb3	div	x23,x11,x0	 x11:0xf8f2625c  x0:0x00000000 x23=0xffffffff
        4535000	       354	80003498	80ee	c.mv	x1,x27	  x0:0x00000000 x27:0x80000000  x1=0x80000000
        4545000	       355	8000349a	2a9600e7	jalr	x1,681(x12)	 x12:0x800125bb  x1=0x8000349e
        4925000	       393	80012864	0330e4b3	rem	x9,x1,x19	  x1:0x8000349e x19:0x80028e64  x9=0xfffda63a
        4935000	       394	80012868	fc098993	addi	x19,x19,-64	 x19:0x80028e64 x19=0x80028e24
        4945000	       395	8001286c	012896b3	sll	x13,x17,x18	 x17:0x00000007 x18:0x00000004 x13=0x00000070
        5315000	       432	80012870	02d6ce33	div	x28,x13,x13	 x13:0x00000070 x13:0x00000070 x28=0x00000001
        5325000	       433	80012874	0019a223	sw	x1,4(x19)	 x19:0x80028e24  x1:0x8000349e PA:0x80028e28 store:0x8000349e load:0x00000000
        5365000	       437	80012878	030b9f33	mulh	x30,x23,x16	 x23:0xffffffff x16:0x00000026 x30=0xffffffff
        5405000	       441	8001287c	02be1a33	mulh	x20,x28,x11	 x28:0x00000001 x11:0xf8f2625c x20=0xffffffff
        5415000	       442	80012880	8d11	c.sub	x10,x12	 x10:0xff3c409b x12:0x800125bb x10=0x7f3b1ae0
        5425000	       443	80012882	10500073	wfi	
        6075000	       508	8000272c	f96fe06f	jal	x0,80000ec2	  x0=0x00000000
        6095000	       510	80000ec2	1cf1	c.addi	x25,-4	 x25:0x8002cce4 x25=0x8002cce0
        6105000	       511	80000ec4	013ca023	sw	x19,0(x25)	 x25:0x8002cce0 x19:0x80028e24 PA:0x8002cce0 store:0x80028e24 load:0x00000000
        6115000	       512	80000ec8	000c89b3	add	x19,x25,x0	 x25:0x8002cce0  x0:0x00000000 x19=0x8002cce0
        6125000	       513	80000ecc	f8098993	addi	x19,x19,-128	 x19:0x8002cce0 x19=0x8002cc60
        6135000	       514	80000ed0	0019a223	sw	x1,4(x19)	 x19:0x8002cc60  x1:0x8000349e PA:0x8002cc64 store:0x8000349e load:0x00000000
        6145000	       515	80000ed4	0029a423	sw	x2,8(x19)	 x19:0x8002cc60  x2:0x80000000 PA:0x8002cc68 store:0x80000000 load:0x00000000
        6155000	       516	80000ed8	0039a623	sw	x3,12(x19)	 x19:0x8002cc60  x3:0xfff6ebeb PA:0x8002cc6c store:0xfff6ebeb load:0x00000000
        6165000	       517	80000edc	0049a823	sw	x4,16(x19)	 x19:0x8002cc60  x4:0x00000003 PA:0x8002cc70 store:0x00000003 load:0x00000000
        6175000	       518	80000ee0	0059aa23	sw	x5,20(x19)	 x19:0x8002cc60  x5:0x00000000 PA:0x8002cc74 store:0x00000000 load:0x00000000
        6185000	       519	80000ee4	0069ac23	sw	x6,24(x19)	 x19:0x8002cc60  x6:0x80000000 PA:0x8002cc78 store:0x80000000 load:0x00000000
        6195000	       520	80000ee8	0079ae23	sw	x7,28(x19)	 x19:0x8002cc60  x7:0xfaeb9c09 PA:0x8002cc7c store:0xfaeb9c09 load:0x00000000
        6205000	       521	80000eec	0289a023	sw	x8,32(x19)	 x19:0x8002cc60  x8:0x00000004 PA:0x8002cc80 store:0x00000004 load:0x00000000
        6215000	       522	80000ef0	0299a223	sw	x9,36(x19)	 x19:0x8002cc60  x9:0xfffda63a PA:0x8002cc84 store:0xfffda63a load:0x00000000
        6225000	       523	80000ef4	02a9a423	sw	x10,40(x19)	 x19:0x8002cc60 x10:0x7f3b1ae0 PA:0x8002cc88 store:0x7f3b1ae0 load:0x00000000
        6235000	       524	80000ef8	02b9a623	sw	x11,44(x19)	 x19:0x8002cc60 x11:0xf8f2625c PA:0x8002cc8c store:0xf8f2625c load:0x00000000
        6245000	       525	80000efc	02c9a823	sw	x12,48(x19)	 x19:0x8002cc60 x12:0x800125bb PA:0x8002cc90 store:0x800125bb load:0x00000000
        6255000	       526	80000f00	02d9aa23	sw	x13,52(x19)	 x19:0x8002cc60 x13:0x00000070 PA:0x8002cc94 store:0x00000070 load:0x00000000
        6265000	       527	80000f04	02e9ac23	sw	x14,56(x19)	 x19:0x8002cc60 x14:0x7f8da334 PA:0x8002cc98 store:0x7f8da334 load:0x00000000
        6275000	       528	80000f08	02f9ae23	sw	x15,60(x19)	 x19:0x8002cc60 x15:0xfd21787b PA:0x8002cc9c store:0xfd21787b load:0x00000000
        6285000	       529	80000f0c	0509a023	sw	x16,64(x19)	 x19:0x8002cc60 x16:0x00000026 PA:0x8002cca0 store:0x00000026 load:0x00000000
        6295000	       530	80000f10	0519a223	sw	x17,68(x19)	 x19:0x8002cc60 x17:0x00000007 PA:0x8002cca4 store:0x00000007 load:0x00000000
        6305000	       531	80000f14	0529a423	sw	x18,72(x19)	 x19:0x8002cc60 x18:0x00000004 PA:0x8002cca8 store:0x00000004 load:0x00000000
        6315000	       532	80000f18	0539a623	sw	x19,76(x19)	 x19:0x8002cc60 x19:0x8002cc60 PA:0x8002ccac store:0x8002cc60 load:0x00000000
        6325000	       533	80000f1c	0549a823	sw	x20,80(x19)	 x19:0x8002cc60 x20:0xffffffff PA:0x8002ccb0 store:0xffffffff load:0x00000000
        6335000	       534	80000f20	0559aa23	sw	x21,84(x19)	 x19:0x8002cc60 x21:0x0a8952ad PA:0x8002ccb4 store:0x0a8952ad load:0x00000000
        6345000	       535	80000f24	0569ac23	sw	x22,88(x19)	 x19:0x8002cc60 x22:0x0000002c PA:0x8002ccb8 store:0x0000002c load:0x00000000
        6355000	       536	80000f28	0579ae23	sw	x23,92(x19)	 x19:0x8002cc60 x23:0xffffffff PA:0x8002ccbc store:0xffffffff load:0x00000000
        6365000	       537	80000f2c	0789a023	sw	x24,96(x19)	 x19:0x8002cc60 x24:0x00000002 PA:0x8002ccc0 store:0x00000002 load:0x00000000
        6375000	       538	80000f30	0799a223	sw	x25,100(x19)	 x19:0x8002cc60 x25:0x8002cce0 PA:0x8002ccc4 store:0x8002cce0 load:0x00000000
        6385000	       539	80000f34	07a9a423	sw	x26,104(x19)	 x19:0x8002cc60 x26:0x7576ad53 PA:0x8002ccc8 store:0x7576ad53 load:0x00000000
        6395000	       540	80000f38	07b9a623	sw	x27,108(x19)	 x19:0x8002cc60 x27:0x80000000 PA:0x8002cccc store:0x80000000 load:0x00000000
        6405000	       541	80000f3c	07c9a823	sw	x28,112(x19)	 x19:0x8002cc60 x28:0x00000001 PA:0x8002ccd0 store:0x00000001 load:0x00000000
        6415000	       542	80000f40	07d9aa23	sw	x29,116(x19)	 x19:0x8002cc60 x29:0xd947e9b5 PA:0x8002ccd4 store:0xd947e9b5 load:0x00000000
        6425000	       543	80000f44	07e9ac23	sw	x30,120(x19)	 x19:0x8002cc60 x30:0xffffffff PA:0x8002ccd8 store:0xffffffff load:0x00000000
        6435000	       544	80000f48	07f9ae23	sw	x31,124(x19)	 x19:0x8002cc60 x31:0x00000003 PA:0x8002ccdc store:0x00000003 load:0x00000000
        6445000	       545	80000f4c	00098cb3	add	x25,x19,x0	 x19:0x8002cc60  x0:0x00000000 x25=0x8002cc60
        6455000	       546	80000f50	90000b37	lui	x22,0x90000	 x22=0x90000000
        6465000	       547	80000f54	1b71	c.addi	x22,-4	 x22:0x90000000 x22=0x8ffffffc
        6475000	       548	80000f56	4619	c.li	x12,6	 x12=0x00000006
        6485000	       549	80000f58	0622	c.slli	x12,0x8	 x12:0x00000006 x12=0x00000600
        6495000	       550	80000f5a	00060613	addi	x12,x12,0	 x12:0x00000600 x12=0x00000600
        6505000	       551	80000f5e	00cb2023	sw	x12,0(x22)	 x22:0x8ffffffc x12:0x00000600 PA:0x8ffffffc store:0x00000600 load:0x00000000
        6515000	       552	80000f62	34202673	csrrs	x12,mcause,x0	  x0:0x00000000 x12=0x8000000b
        6525000	       553	80000f66	827d	c.srli	x12,0x1f	 x12:0x8000000b x12=0x00000001
        6535000	       554	80000f68	c63d	c.beqz	x12,80000fd6	 x12:0x00000001
        6545000	       555	80000f6a	90000b37	lui	x22,0x90000	 x22=0x90000000
        6555000	       556	80000f6e	1b71	c.addi	x22,-4	 x22:0x90000000 x22=0x8ffffffc
        6565000	       557	80000f70	30000613	addi	x12,x0,768	  x0:0x00000000 x12=0x00000300
        6575000	       558	80000f74	0622	c.slli	x12,0x8	 x12:0x00000300 x12=0x00030000
        6585000	       559	80000f76	060d	c.addi	x12,3	 x12:0x00030000 x12=0x00030003
        6595000	       560	80000f78	00cb2023	sw	x12,0(x22)	 x22:0x8ffffffc x12:0x00030003 PA:0x8ffffffc store:0x00030003 load:0x00000000
        6605000	       561	80000f7c	30002673	csrrs	x12,mstatus,x0	  x0:0x00000000 x12=0x00001880
        6615000	       562	80000f80	00cb2023	sw	x12,0(x22)	 x22:0x8ffffffc x12:0x00001880 PA:0x8ffffffc store:0x00001880 load:0x00000000
        6625000	       563	80000f84	90000b37	lui	x22,0x90000	 x22=0x90000000
        6635000	       564	80000f88	1b71	c.addi	x22,-4	 x22:0x90000000 x22=0x8ffffffc
        6645000	       565	80000f8a	34200613	addi	x12,x0,834	  x0:0x00000000 x12=0x00000342
        6655000	       566	80000f8e	0622	c.slli	x12,0x8	 x12:0x00000342 x12=0x00034200
        6665000	       567	80000f90	060d	c.addi	x12,3	 x12:0x00034200 x12=0x00034203
        6675000	       568	80000f92	00cb2023	sw	x12,0(x22)	 x22:0x8ffffffc x12:0x00034203 PA:0x8ffffffc store:0x00034203 load:0x00000000
        6685000	       569	80000f96	34202673	csrrs	x12,mcause,x0	  x0:0x00000000 x12=0x8000000b
        6695000	       570	80000f9a	00cb2023	sw	x12,0(x22)	 x22:0x8ffffffc x12:0x8000000b PA:0x8ffffffc store:0x8000000b load:0x00000000
        6705000	       571	80000f9e	90000b37	lui	x22,0x90000	 x22=0x90000000
        6715000	       572	80000fa2	1b71	c.addi	x22,-4	 x22:0x90000000 x22=0x8ffffffc
        6725000	       573	80000fa4	30400613	addi	x12,x0,772	  x0:0x00000000 x12=0x00000304
        6735000	       574	80000fa8	0622	c.slli	x12,0x8	 x12:0x00000304 x12=0x00030400
        6745000	       575	80000faa	060d	c.addi	x12,3	 x12:0x00030400 x12=0x00030403
        6755000	       576	80000fac	00cb2023	sw	x12,0(x22)	 x22:0x8ffffffc x12:0x00030403 PA:0x8ffffffc store:0x00030403 load:0x00000000
        6765000	       577	80000fb0	30402673	csrrs	x12,mie,x0	  x0:0x00000000 x12=0x28ca0888
        6775000	       578	80000fb4	00cb2023	sw	x12,0(x22)	 x22:0x8ffffffc x12:0x28ca0888 PA:0x8ffffffc store:0x28ca0888 load:0x00000000
        6785000	       579	80000fb8	90000b37	lui	x22,0x90000	 x22=0x90000000
        6795000	       580	80000fbc	1b71	c.addi	x22,-4	 x22:0x90000000 x22=0x8ffffffc
        6805000	       581	80000fbe	34400613	addi	x12,x0,836	  x0:0x00000000 x12=0x00000344
        6815000	       582	80000fc2	0622	c.slli	x12,0x8	 x12:0x00000344 x12=0x00034400
        6825000	       583	80000fc4	060d	c.addi	x12,3	 x12:0x00034400 x12=0x00034403
        6835000	       584	80000fc6	00cb2023	sw	x12,0(x22)	 x22:0x8ffffffc x12:0x00034403 PA:0x8ffffffc store:0x00034403 load:0x00000000
        6845000	       585	80000fca	34402673	csrrs	x12,mip,x0	  x0:0x00000000 x12=0x00000000
        6855000	       586	80000fce	00cb2023	sw	x12,0(x22)	 x22:0x8ffffffc x12:0x00000000 PA:0x8ffffffc store:0x00000000 load:0x00000000
        6865000	       587	80000fd2	3871106f	jal	x0,80012b58	  x0=0x00000000
        6885000	       589	80012b58	30002673	csrrs	x12,mstatus,x0	  x0:0x00000000 x12=0x00001880
        6895000	       590	80012b5c	30402673	csrrs	x12,mie,x0	  x0:0x00000000 x12=0x28ca0888
        6905000	       591	80012b60	34402673	csrrs	x12,mip,x0	  x0:0x00000000 x12=0x00000000
        6915000	       592	80012b64	34463673	csrrc	x12,mip,x12	 x12:0x00000000 x12=0x00000000
        6945000	       595	80012b68	90000b37	lui	x22,0x90000	 x22=0x90000000
        6955000	       596	80012b6c	1b71	c.addi	x22,-4	 x22:0x90000000 x22=0x8ffffffc
        6965000	       597	80012b6e	461d	c.li	x12,7	 x12=0x00000007
        6975000	       598	80012b70	0622	c.slli	x12,0x8	 x12:0x00000007 x12=0x00000700
        6985000	       599	80012b72	00060613	addi	x12,x12,0	 x12:0x00000700 x12=0x00000700
        6995000	       600	80012b76	00cb2023	sw	x12,0(x22)	 x22:0x8ffffffc x12:0x00000700 PA:0x8ffffffc store:0x00000700 load:0x00000000
        7005000	       601	80012b7a	000c89b3	add	x19,x25,x0	 x25:0x8002cc60  x0:0x00000000 x19=0x8002cc60
        7015000	       602	80012b7e	0049a083	lw	x1,4(x19)	 x19:0x8002cc60  x1=0x8000349e PA:0x8002cc64 load:0x8000349e
        7025000	       603	80012b82	0089a103	lw	x2,8(x19)	 x19:0x8002cc60  x2=0x80000000 PA:0x8002cc68 load:0x80000000
        7035000	       604	80012b86	00c9a183	lw	x3,12(x19)	 x19:0x8002cc60  x3=0xfff6ebeb PA:0x8002cc6c load:0xfff6ebeb
        7045000	       605	80012b8a	0109a203	lw	x4,16(x19)	 x19:0x8002cc60  x4=0x00000003 PA:0x8002cc70 load:0x00000003
        7055000	       606	80012b8e	0149a283	lw	x5,20(x19)	 x19:0x8002cc60  x5=0x00000000 PA:0x8002cc74 load:0x00000000
        7065000	       607	80012b92	0189a303	lw	x6,24(x19)	 x19:0x8002cc60  x6=0x80000000 PA:0x8002cc78 load:0x80000000
        7075000	       608	80012b96	01c9a383	lw	x7,28(x19)	 x19:0x8002cc60  x7=0xfaeb9c09 PA:0x8002cc7c load:0xfaeb9c09
        7085000	       609	80012b9a	0209a403	lw	x8,32(x19)	 x19:0x8002cc60  x8=0x00000004 PA:0x8002cc80 load:0x00000004
        7095000	       610	80012b9e	0249a483	lw	x9,36(x19)	 x19:0x8002cc60  x9=0xfffda63a PA:0x8002cc84 load:0xfffda63a
        7105000	       611	80012ba2	0289a503	lw	x10,40(x19)	 x19:0x8002cc60 x10=0x7f3b1ae0 PA:0x8002cc88 load:0x7f3b1ae0
        7115000	       612	80012ba6	02c9a583	lw	x11,44(x19)	 x19:0x8002cc60 x11=0xf8f2625c PA:0x8002cc8c load:0xf8f2625c
        7125000	       613	80012baa	0309a603	lw	x12,48(x19)	 x19:0x8002cc60 x12=0x800125bb PA:0x8002cc90 load:0x800125bb
        7135000	       614	80012bae	0349a683	lw	x13,52(x19)	 x19:0x8002cc60 x13=0x00000070 PA:0x8002cc94 load:0x00000070
        7145000	       615	80012bb2	0389a703	lw	x14,56(x19)	 x19:0x8002cc60 x14=0x7f8da334 PA:0x8002cc98 load:0x7f8da334
        7155000	       616	80012bb6	03c9a783	lw	x15,60(x19)	 x19:0x8002cc60 x15=0xfd21787b PA:0x8002cc9c load:0xfd21787b
        7165000	       617	80012bba	0409a803	lw	x16,64(x19)	 x19:0x8002cc60 x16=0x00000026 PA:0x8002cca0 load:0x00000026
        7175000	       618	80012bbe	0449a883	lw	x17,68(x19)	 x19:0x8002cc60 x17=0x00000007 PA:0x8002cca4 load:0x00000007
        7185000	       619	80012bc2	0489a903	lw	x18,72(x19)	 x19:0x8002cc60 x18=0x00000004 PA:0x8002cca8 load:0x00000004
        7195000	       620	80012bc6	04c9a983	lw	x19,76(x19)	 x19:0x8002cc60 x19=0x8002cc60 PA:0x8002ccac load:0x8002cc60
        7215000	       622	80012bca	0509aa03	lw	x20,80(x19)	 x19:0x8002cc60 x20=0xffffffff PA:0x8002ccb0 load:0xffffffff
        7225000	       623	80012bce	0549aa83	lw	x21,84(x19)	 x19:0x8002cc60 x21=0x0a8952ad PA:0x8002ccb4 load:0x0a8952ad
        7235000	       624	80012bd2	0589ab03	lw	x22,88(x19)	 x19:0x8002cc60 x22=0x0000002c PA:0x8002ccb8 load:0x0000002c
        7245000	       625	80012bd6	05c9ab83	lw	x23,92(x19)	 x19:0x8002cc60 x23=0xffffffff PA:0x8002ccbc load:0xffffffff
        7255000	       626	80012bda	0609ac03	lw	x24,96(x19)	 x19:0x8002cc60 x24=0x00000002 PA:0x8002ccc0 load:0x00000002
        7265000	       627	80012bde	0649ac83	lw	x25,100(x19)	 x19:0x8002cc60 x25=0x8002cce0 PA:0x8002ccc4 load:0x8002cce0
        7275000	       628	80012be2	0689ad03	lw	x26,104(x19)	 x19:0x8002cc60 x26=0x7576ad53 PA:0x8002ccc8 load:0x7576ad53
        7285000	       629	80012be6	06c9ad83	lw	x27,108(x19)	 x19:0x8002cc60 x27=0x80000000 PA:0x8002cccc load:0x80000000
        7295000	       630	80012bea	0709ae03	lw	x28,112(x19)	 x19:0x8002cc60 x28=0x00000001 PA:0x8002ccd0 load:0x00000001
        7305000	       631	80012bee	0749ae83	lw	x29,116(x19)	 x19:0x8002cc60 x29=0xd947e9b5 PA:0x8002ccd4 load:0xd947e9b5
        7315000	       632	80012bf2	0789af03	lw	x30,120(x19)	 x19:0x8002cc60 x30=0xffffffff PA:0x8002ccd8 load:0xffffffff
        7325000	       633	80012bf6	07c9af83	lw	x31,124(x19)	 x19:0x8002cc60 x31=0x00000003 PA:0x8002ccdc load:0x00000003
        7335000	       634	80012bfa	08098993	addi	x19,x19,128	 x19:0x8002cc60 x19=0x8002cce0
        7345000	       635	80012bfe	00098cb3	add	x25,x19,x0	 x19:0x8002cce0  x0:0x00000000 x25=0x8002cce0
        7355000	       636	80012c02	000ca983	lw	x19,0(x25)	 x25:0x8002cce0 x19=0x80028e24 PA:0x8002cce0 load:0x80028e24
        7365000	       637	80012c06	0c91	c.addi	x25,4	 x25:0x8002cce0 x25=0x8002cce4
        7375000	       638	80012c08	30200073	mret	
        7405000	       641	80012886	8f31	c.xor	x14,x12	 x14:0x7f8da334 x12:0x800125bb x14=0xff8c868f
        7415000	       642	80012888	8ead	c.xor	x13,x11	 x13:0x00000070 x11:0xf8f2625c x13=0xf8f2622c
        7425000	       643	8001288a	62c1	c.lui	x5,0x10	  x5=0x00010000
        7435000	       644	8001288c	ffff2617	auipc	x12,0xffff2	 x12=0x8000488c
        7445000	       645	80012890	8b260613	addi	x12,x12,-1870	 x12:0x8000488c x12=0x8000413e
        7455000	       646	80012894	10500073	wfi	
        9145000	       815	8000272c	f96fe06f	jal	x0,80000ec2	  x0=0x00000000
        9165000	       817	80000ec2	1cf1	c.addi	x25,-4	 x25:0x8002cce4 x25=0x8002cce0
        9175000	       818	80000ec4	013ca023	sw	x19,0(x25)	 x25:0x8002cce0 x19:0x80028e24 PA:0x8002cce0 store:0x80028e24 load:0x00000000
        9185000	       819	80000ec8	000c89b3	add	x19,x25,x0	 x25:0x8002cce0  x0:0x00000000 x19=0x8002cce0
        9195000	       820	80000ecc	f8098993	addi	x19,x19,-128	 x19:0x8002cce0 x19=0x8002cc60
        9205000	       821	80000ed0	0019a223	sw	x1,4(x19)	 x19:0x8002cc60  x1:0x8000349e PA:0x8002cc64 store:0x8000349e load:0x00000000
        9215000	       822	80000ed4	0029a423	sw	x2,8(x19)	 x19:0x8002cc60  x2:0x80000000 PA:0x8002cc68 store:0x80000000 load:0x00000000
        9225000	       823	80000ed8	0039a623	sw	x3,12(x19)	 x19:0x8002cc60  x3:0xfff6ebeb PA:0x8002cc6c store:0xfff6ebeb load:0x00000000
        9235000	       824	80000edc	0049a823	sw	x4,16(x19)	 x19:0x8002cc60  x4:0x00000003 PA:0x8002cc70 store:0x00000003 load:0x00000000
        9245000	       825	80000ee0	0059aa23	sw	x5,20(x19)	 x19:0x8002cc60  x5:0x00010000 PA:0x8002cc74 store:0x00010000 load:0x00000000
        9255000	       826	80000ee4	0069ac23	sw	x6,24(x19)	 x19:0x8002cc60  x6:0x80000000 PA:0x8002cc78 store:0x80000000 load:0x00000000
        9265000	       827	80000ee8	0079ae23	sw	x7,28(x19)	 x19:0x8002cc60  x7:0xfaeb9c09 PA:0x8002cc7c store:0xfaeb9c09 load:0x00000000
        9275000	       828	80000eec	0289a023	sw	x8,32(x19)	 x19:0x8002cc60  x8:0x00000004 PA:0x8002cc80 store:0x00000004 load:0x00000000
        9285000	       829	80000ef0	0299a223	sw	x9,36(x19)	 x19:0x8002cc60  x9:0xfffda63a PA:0x8002cc84 store:0xfffda63a load:0x00000000
        9295000	       830	80000ef4	02a9a423	sw	x10,40(x19)	 x19:0x8002cc60 x10:0x7f3b1ae0 PA:0x8002cc88 store:0x7f3b1ae0 load:0x00000000
        9305000	       831	80000ef8	02b9a623	sw	x11,44(x19)	 x19:0x8002cc60 x11:0xf8f2625c PA:0x8002cc8c store:0xf8f2625c load:0x00000000
        9315000	       832	80000efc	02c9a823	sw	x12,48(x19)	 x19:0x8002cc60 x12:0x8000413e PA:0x8002cc90 store:0x8000413e load:0x00000000
        9325000	       833	80000f00	02d9aa23	sw	x13,52(x19)	 x19:0x8002cc60 x13:0xf8f2622c PA:0x8002cc94 store:0xf8f2622c load:0x00000000
        9335000	       834	80000f04	02e9ac23	sw	x14,56(x19)	 x19:0x8002cc60 x14:0xff8c868f PA:0x8002cc98 store:0xff8c868f load:0x00000000
        9345000	       835	80000f08	02f9ae23	sw	x15,60(x19)	 x19:0x8002cc60 x15:0xfd21787b PA:0x8002cc9c store:0xfd21787b load:0x00000000
        9355000	       836	80000f0c	0509a023	sw	x16,64(x19)	 x19:0x8002cc60 x16:0x00000026 PA:0x8002cca0 store:0x00000026 load:0x00000000
        9365000	       837	80000f10	0519a223	sw	x17,68(x19)	 x19:0x8002cc60 x17:0x00000007 PA:0x8002cca4 store:0x00000007 load:0x00000000
        9375000	       838	80000f14	0529a423	sw	x18,72(x19)	 x19:0x8002cc60 x18:0x00000004 PA:0x8002cca8 store:0x00000004 load:0x00000000
        9385000	       839	80000f18	0539a623	sw	x19,76(x19)	 x19:0x8002cc60 x19:0x8002cc60 PA:0x8002ccac store:0x8002cc60 load:0x00000000
        9395000	       840	80000f1c	0549a823	sw	x20,80(x19)	 x19:0x8002cc60 x20:0xffffffff PA:0x8002ccb0 store:0xffffffff load:0x00000000
        9405000	       841	80000f20	0559aa23	sw	x21,84(x19)	 x19:0x8002cc60 x21:0x0a8952ad PA:0x8002ccb4 store:0x0a8952ad load:0x00000000
        9415000	       842	80000f24	0569ac23	sw	x22,88(x19)	 x19:0x8002cc60 x22:0x0000002c PA:0x8002ccb8 store:0x0000002c load:0x00000000
        9425000	       843	80000f28	0579ae23	sw	x23,92(x19)	 x19:0x8002cc60 x23:0xffffffff PA:0x8002ccbc store:0xffffffff load:0x00000000
        9435000	       844	80000f2c	0789a023	sw	x24,96(x19)	 x19:0x8002cc60 x24:0x00000002 PA:0x8002ccc0 store:0x00000002 load:0x00000000
        9445000	       845	80000f30	0799a223	sw	x25,100(x19)	 x19:0x8002cc60 x25:0x8002cce0 PA:0x8002ccc4 store:0x8002cce0 load:0x00000000
        9455000	       846	80000f34	07a9a423	sw	x26,104(x19)	 x19:0x8002cc60 x26:0x7576ad53 PA:0x8002ccc8 store:0x7576ad53 load:0x00000000
        9465000	       847	80000f38	07b9a623	sw	x27,108(x19)	 x19:0x8002cc60 x27:0x80000000 PA:0x8002cccc store:0x80000000 load:0x00000000
        9475000	       848	80000f3c	07c9a823	sw	x28,112(x19)	 x19:0x8002cc60 x28:0x00000001 PA:0x8002ccd0 store:0x00000001 load:0x00000000
        9485000	       849	80000f40	07d9aa23	sw	x29,116(x19)	 x19:0x8002cc60 x29:0xd947e9b5 PA:0x8002ccd4 store:0xd947e9b5 load:0x00000000
        9495000	       850	80000f44	07e9ac23	sw	x30,120(x19)	 x19:0x8002cc60 x30:0xffffffff PA:0x8002ccd8 store:0xffffffff load:0x00000000
        9505000	       851	80000f48	07f9ae23	sw	x31,124(x19)	 x19:0x8002cc60 x31:0x00000003 PA:0x8002ccdc store:0x00000003 load:0x00000000
        9515000	       852	80000f4c	00098cb3	add	x25,x19,x0	 x19:0x8002cc60  x0:0x00000000 x25=0x8002cc60
        9525000	       853	80000f50	90000b37	lui	x22,0x90000	 x22=0x90000000
        9535000	       854	80000f54	1b71	c.addi	x22,-4	 x22:0x90000000 x22=0x8ffffffc
        9545000	       855	80000f56	4619	c.li	x12,6	 x12=0x00000006
        9555000	       856	80000f58	0622	c.slli	x12,0x8	 x12:0x00000006 x12=0x00000600
        9565000	       857	80000f5a	00060613	addi	x12,x12,0	 x12:0x00000600 x12=0x00000600
        9575000	       858	80000f5e	00cb2023	sw	x12,0(x22)	 x22:0x8ffffffc x12:0x00000600 PA:0x8ffffffc store:0x00000600 load:0x00000000
        9585000	       859	80000f62	34202673	csrrs	x12,mcause,x0	  x0:0x00000000 x12=0x8000000b
        9595000	       860	80000f66	827d	c.srli	x12,0x1f	 x12:0x8000000b x12=0x00000001
        9605000	       861	80000f68	c63d	c.beqz	x12,80000fd6	 x12:0x00000001
        9615000	       862	80000f6a	90000b37	lui	x22,0x90000	 x22=0x90000000
        9625000	       863	80000f6e	1b71	c.addi	x22,-4	 x22:0x90000000 x22=0x8ffffffc
        9635000	       864	80000f70	30000613	addi	x12,x0,768	  x0:0x00000000 x12=0x00000300
        9645000	       865	80000f74	0622	c.slli	x12,0x8	 x12:0x00000300 x12=0x00030000
        9655000	       866	80000f76	060d	c.addi	x12,3	 x12:0x00030000 x12=0x00030003
        9665000	       867	80000f78	00cb2023	sw	x12,0(x22)	 x22:0x8ffffffc x12:0x00030003 PA:0x8ffffffc store:0x00030003 load:0x00000000
        9675000	       868	80000f7c	30002673	csrrs	x12,mstatus,x0	  x0:0x00000000 x12=0x00001880
        9685000	       869	80000f80	00cb2023	sw	x12,0(x22)	 x22:0x8ffffffc x12:0x00001880 PA:0x8ffffffc store:0x00001880 load:0x00000000
        9695000	       870	80000f84	90000b37	lui	x22,0x90000	 x22=0x90000000
        9705000	       871	80000f88	1b71	c.addi	x22,-4	 x22:0x90000000 x22=0x8ffffffc
        9715000	       872	80000f8a	34200613	addi	x12,x0,834	  x0:0x00000000 x12=0x00000342
        9725000	       873	80000f8e	0622	c.slli	x12,0x8	 x12:0x00000342 x12=0x00034200
        9735000	       874	80000f90	060d	c.addi	x12,3	 x12:0x00034200 x12=0x00034203
        9745000	       875	80000f92	00cb2023	sw	x12,0(x22)	 x22:0x8ffffffc x12:0x00034203 PA:0x8ffffffc store:0x00034203 load:0x00000000
        9755000	       876	80000f96	34202673	csrrs	x12,mcause,x0	  x0:0x00000000 x12=0x8000000b
        9765000	       877	80000f9a	00cb2023	sw	x12,0(x22)	 x22:0x8ffffffc x12:0x8000000b PA:0x8ffffffc store:0x8000000b load:0x00000000
        9775000	       878	80000f9e	90000b37	lui	x22,0x90000	 x22=0x90000000
        9785000	       879	80000fa2	1b71	c.addi	x22,-4	 x22:0x90000000 x22=0x8ffffffc
        9795000	       880	80000fa4	30400613	addi	x12,x0,772	  x0:0x00000000 x12=0x00000304
        9805000	       881	80000fa8	0622	c.slli	x12,0x8	 x12:0x00000304 x12=0x00030400
        9815000	       882	80000faa	060d	c.addi	x12,3	 x12:0x00030400 x12=0x00030403
        9825000	       883	80000fac	00cb2023	sw	x12,0(x22)	 x22:0x8ffffffc x12:0x00030403 PA:0x8ffffffc store:0x00030403 load:0x00000000
        9835000	       884	80000fb0	30402673	csrrs	x12,mie,x0	  x0:0x00000000 x12=0x28ca0888
        9845000	       885	80000fb4	00cb2023	sw	x12,0(x22)	 x22:0x8ffffffc x12:0x28ca0888 PA:0x8ffffffc store:0x28ca0888 load:0x00000000
        9855000	       886	80000fb8	90000b37	lui	x22,0x90000	 x22=0x90000000
        9865000	       887	80000fbc	1b71	c.addi	x22,-4	 x22:0x90000000 x22=0x8ffffffc
        9875000	       888	80000fbe	34400613	addi	x12,x0,836	  x0:0x00000000 x12=0x00000344
        9885000	       889	80000fc2	0622	c.slli	x12,0x8	 x12:0x00000344 x12=0x00034400
        9895000	       890	80000fc4	060d	c.addi	x12,3	 x12:0x00034400 x12=0x00034403
        9905000	       891	80000fc6	00cb2023	sw	x12,0(x22)	 x22:0x8ffffffc x12:0x00034403 PA:0x8ffffffc store:0x00034403 load:0x00000000
        9915000	       892	80000fca	34402673	csrrs	x12,mip,x0	  x0:0x00000000 x12=0x00000000
        9925000	       893	80000fce	00cb2023	sw	x12,0(x22)	 x22:0x8ffffffc x12:0x00000000 PA:0x8ffffffc store:0x00000000 load:0x00000000
        9935000	       894	80000fd2	3871106f	jal	x0,80012b58	  x0=0x00000000
        9955000	       896	80012b58	30002673	csrrs	x12,mstatus,x0	  x0:0x00000000 x12=0x00001880
        9965000	       897	80012b5c	30402673	csrrs	x12,mie,x0	  x0:0x00000000 x12=0x28ca0888
        9975000	       898	80012b60	34402673	csrrs	x12,mip,x0	  x0:0x00000000 x12=0x00000000
        9985000	       899	80012b64	34463673	csrrc	x12,mip,x12	 x12:0x00000000 x12=0x00000000
       10015000	       902	80012b68	90000b37	lui	x22,0x90000	 x22=0x90000000
       10025000	       903	80012b6c	1b71	c.addi	x22,-4	 x22:0x90000000 x22=0x8ffffffc
       10035000	       904	80012b6e	461d	c.li	x12,7	 x12=0x00000007
       10045000	       905	80012b70	0622	c.slli	x12,0x8	 x12:0x00000007 x12=0x00000700
       10055000	       906	80012b72	00060613	addi	x12,x12,0	 x12:0x00000700 x12=0x00000700
       10065000	       907	80012b76	00cb2023	sw	x12,0(x22)	 x22:0x8ffffffc x12:0x00000700 PA:0x8ffffffc store:0x00000700 load:0x00000000
       10075000	       908	80012b7a	000c89b3	add	x19,x25,x0	 x25:0x8002cc60  x0:0x00000000 x19=0x8002cc60
       10085000	       909	80012b7e	0049a083	lw	x1,4(x19)	 x19:0x8002cc60  x1=0x8000349e PA:0x8002cc64 load:0x8000349e
       10095000	       910	80012b82	0089a103	lw	x2,8(x19)	 x19:0x8002cc60  x2=0x80000000 PA:0x8002cc68 load:0x80000000
       10105000	       911	80012b86	00c9a183	lw	x3,12(x19)	 x19:0x8002cc60  x3=0xfff6ebeb PA:0x8002cc6c load:0xfff6ebeb
       10115000	       912	80012b8a	0109a203	lw	x4,16(x19)	 x19:0x8002cc60  x4=0x00000003 PA:0x8002cc70 load:0x00000003
       10125000	       913	80012b8e	0149a283	lw	x5,20(x19)	 x19:0x8002cc60  x5=0x00010000 PA:0x8002cc74 load:0x00010000
       10135000	       914	80012b92	0189a303	lw	x6,24(x19)	 x19:0x8002cc60  x6=0x80000000 PA:0x8002cc78 load:0x80000000
       10145000	       915	80012b96	01c9a383	lw	x7,28(x19)	 x19:0x8002cc60  x7=0xfaeb9c09 PA:0x8002cc7c load:0xfaeb9c09
       10155000	       916	80012b9a	0209a403	lw	x8,32(x19)	 x19:0x8002cc60  x8=0x00000004 PA:0x8002cc80 load:0x00000004
       10165000	       917	80012b9e	0249a483	lw	x9,36(x19)	 x19:0x8002cc60  x9=0xfffda63a PA:0x8002cc84 load:0xfffda63a
       10175000	       918	80012ba2	0289a503	lw	x10,40(x19)	 x19:0x8002cc60 x10=0x7f3b1ae0 PA:0x8002cc88 load:0x7f3b1ae0
       10185000	       919	80012ba6	02c9a583	lw	x11,44(x19)	 x19:0x8002cc60 x11=0xf8f2625c PA:0x8002cc8c load:0xf8f2625c
       10195000	       920	80012baa	0309a603	lw	x12,48(x19)	 x19:0x8002cc60 x12=0x8000413e PA:0x8002cc90 load:0x8000413e
       10205000	       921	80012bae	0349a683	lw	x13,52(x19)	 x19:0x8002cc60 x13=0xf8f2622c PA:0x8002cc94 load:0xf8f2622c
       10215000	       922	80012bb2	0389a703	lw	x14,56(x19)	 x19:0x8002cc60 x14=0xff8c868f PA:0x8002cc98 load:0xff8c868f
       10225000	       923	80012bb6	03c9a783	lw	x15,60(x19)	 x19:0x8002cc60 x15=0xfd21787b PA:0x8002cc9c load:0xfd21787b
       10235000	       924	80012bba	0409a803	lw	x16,64(x19)	 x19:0x8002cc60 x16=0x00000026 PA:0x8002cca0 load:0x00000026
       10245000	       925	80012bbe	0449a883	lw	x17,68(x19)	 x19:0x8002cc60 x17=0x00000007 PA:0x8002cca4 load:0x00000007
       10255000	       926	80012bc2	0489a903	lw	x18,72(x19)	 x19:0x8002cc60 x18=0x00000004 PA:0x8002cca8 load:0x00000004
       10265000	       927	80012bc6	04c9a983	lw	x19,76(x19)	 x19:0x8002cc60 x19=0x8002cc60 PA:0x8002ccac load:0x8002cc60
       10285000	       929	80012bca	0509aa03	lw	x20,80(x19)	 x19:0x8002cc60 x20=0xffffffff PA:0x8002ccb0 load:0xffffffff
       10295000	       930	80012bce	0549aa83	lw	x21,84(x19)	 x19:0x8002cc60 x21=0x0a8952ad PA:0x8002ccb4 load:0x0a8952ad
       10305000	       931	80012bd2	0589ab03	lw	x22,88(x19)	 x19:0x8002cc60 x22=0x0000002c PA:0x8002ccb8 load:0x0000002c
       10315000	       932	80012bd6	05c9ab83	lw	x23,92(x19)	 x19:0x8002cc60 x23=0xffffffff PA:0x8002ccbc load:0xffffffff
       10325000	       933	80012bda	0609ac03	lw	x24,96(x19)	 x19:0x8002cc60 x24=0x00000002 PA:0x8002ccc0 load:0x00000002
       10335000	       934	80012bde	0649ac83	lw	x25,100(x19)	 x19:0x8002cc60 x25=0x8002cce0 PA:0x8002ccc4 load:0x8002cce0
       10345000	       935	80012be2	0689ad03	lw	x26,104(x19)	 x19:0x8002cc60 x26=0x7576ad53 PA:0x8002ccc8 load:0x7576ad53
       10355000	       936	80012be6	06c9ad83	lw	x27,108(x19)	 x19:0x8002cc60 x27=0x80000000 PA:0x8002cccc load:0x80000000
       10365000	       937	80012bea	0709ae03	lw	x28,112(x19)	 x19:0x8002cc60 x28=0x00000001 PA:0x8002ccd0 load:0x00000001
       10375000	       938	80012bee	0749ae83	lw	x29,116(x19)	 x19:0x8002cc60 x29=0xd947e9b5 PA:0x8002ccd4 load:0xd947e9b5
       10385000	       939	80012bf2	0789af03	lw	x30,120(x19)	 x19:0x8002cc60 x30=0xffffffff PA:0x8002ccd8 load:0xffffffff
       10395000	       940	80012bf6	07c9af83	lw	x31,124(x19)	 x19:0x8002cc60 x31=0x00000003 PA:0x8002ccdc load:0x00000003
       10405000	       941	80012bfa	08098993	addi	x19,x19,128	 x19:0x8002cc60 x19=0x8002cce0
       10415000	       942	80012bfe	00098cb3	add	x25,x19,x0	 x19:0x8002cce0  x0:0x00000000 x25=0x8002cce0
       10425000	       943	80012c02	000ca983	lw	x19,0(x25)	 x25:0x8002cce0 x19=0x80028e24 PA:0x8002cce0 load:0x80028e24
       10435000	       944	80012c06	0c91	c.addi	x25,4	 x25:0x8002cce0 x25=0x8002cce4
       10445000	       945	80012c08	30200073	mret	
       10475000	       948	80012898	3e460613	addi	x12,x12,996	 x12:0x8000413e x12=0x80004522
       10485000	       949	8001289c	89f1	c.andi	x11,28	 x11:0xf8f2625c x11=0x0000001c
       10495000	       950	8001289e	34001073	csrrw	x0,mscratch,x0	  x0:0x00000000  x0=0x00000000
       10505000	       951	800128a2	c1d600e7	jalr	x1,-995(x12)	 x12:0x80004522  x1=0x800128a6
       10535000	       954	8000413e	34007173	csrrci	x2,mscratch,0	  x2=0x00000000
       10545000	       955	80004142	008654b3	srl	x9,x12,x8	 x12:0x80004522  x8:0x00000004  x9=0x08000452
       10555000	       956	80004146	340024f3	csrrs	x9,mscratch,x0	  x0:0x00000000  x9=0x00000000
       10565000	       957	8000414a	340d9af3	csrrw	x21,mscratch,x27	 x27:0x80000000 x21=0x00000000
       10575000	       958	8000414e	8e21	c.xor	x12,x8	 x12:0x80004522  x8:0x00000004 x12=0x80004526
       10585000	       959	80004150	fd098993	addi	x19,x19,-48	 x19:0x80028e24 x19=0x80028df4
       10595000	       960	80004154	01949ab3	sll	x21,x9,x25	  x9:0x00000000 x25:0x8002cce4 x21=0x00000000
       10605000	       961	80004158	4145d2b3	sra	x5,x11,x20	 x11:0x0000001c x20:0xffffffff  x5=0x00000000
       10615000	       962	8000415c	41e2d493	srai	x9,x5,0x1e	  x5:0x00000000  x9=0x00000000
       10625000	       963	80004160	0019a223	sw	x1,4(x19)	 x19:0x80028df4  x1:0x800128a6 PA:0x80028df8 store:0x800128a6 load:0x00000000
       10995000	      1000	80004164	03c3d4b3	divu	x9,x7,x28	  x7:0xfaeb9c09 x28:0x00000001  x9=0xfaeb9c09
       11005000	      1001	80004168	8fe1	c.and	x15,x8	 x15:0xfd21787b  x8:0x00000004 x15=0x00000000
       11015000	      1002	8000416a	019b4033	xor	x0,x22,x25	 x22:0x0000002c x25:0x8002cce4  x0=0x00000000
       11025000	      1003	8000416e	00009117	auipc	x2,0x9	  x2=0x8000d16e
       11035000	      1004	80004172	42610113	addi	x2,x2,1062	  x2:0x8000d16e  x2=0x8000d594
       11045000	      1005	80004176	c8810113	addi	x2,x2,-888	  x2:0x8000d594  x2=0x8000d21c
       11055000	      1006	8000417a	7d110d93	addi	x27,x2,2001	  x2:0x8000d21c x27=0x8000d9ed
       11065000	      1007	8000417e	1afd	c.addi	x21,-1	 x21:0x00000000 x21=0xffffffff
       11075000	      1008	80004180	01bafc63	bgeu	x21,x27,80004198	 x21:0xffffffff x27:0x8000d9ed
       11095000	      1010	80004198	378100e7	jalr	x1,888(x2)	  x2:0x8000d21c  x1=0x8000419c
       11115000	      1012	8000d594	e581	c.bnez	x11,8000d59c	 x11:0x0000001c
       11135000	      1014	8000d59c	fc498993	addi	x19,x19,-60	 x19:0x80028df4 x19=0x80028db8
       11145000	      1015	8000d5a0	0019a223	sw	x1,4(x19)	 x19:0x80028db8  x1:0x8000419c PA:0x80028dbc store:0x8000419c load:0x00000000
       11155000	      1016	8000d5a4	34003073	csrrc	x0,mscratch,x0	  x0:0x00000000  x0=0x00000000
       11165000	      1017	8000d5a8	00006f97	auipc	x31,0x6	 x31=0x800135a8
       11175000	      1018	8000d5ac	ad0f8f93	addi	x31,x31,-1328	 x31:0x800135a8 x31=0x80013078
       11185000	      1019	8000d5b0	ffbf8483	lb	x9,-5(x31)	 x31:0x80013078  x9=0x00000028 PA:0x80013073 load:0x00000028
       11195000	      1020	8000d5b4	89e6b713	sltiu	x14,x13,-1890	 x13:0xf8f2622c x14=0x00000001
       11205000	      1021	8000d5b8	62754513	xori	x10,x10,1575	 x10:0x7f3b1ae0 x10=0x7f3b1cc7
       11215000	      1022	8000d5bc	01629bb3	sll	x23,x5,x22	  x5:0x00000000 x22:0x0000002c x23=0x00000000
       11225000	      1023	8000d5c0	340e1673	csrrw	x12,mscratch,x28	 x28:0x00000001 x12=0x80000000
       11235000	      1024	8000d5c4	010fd883	lhu	x17,16(x31)	 x31:0x80013078 x17=0x00004243 PA:0x80013088 load:0x00004243
       11245000	      1025	8000d5c8	340fd773	csrrwi	x14,mscratch,31	 x14=0x00000001
       11255000	      1026	8000d5cc	1d94	c.addi4spn	x13,x2,752	 x13=0x8000d50c
       11265000	      1027	8000d5ce	ffef8ca3	sb	x30,-7(x31)	 x31:0x80013078 x30:0xffffffff PA:0x80013071 store:0xffffffff load:0x00000000
       11635000	      1064	8000d5d2	03ad7733	remu	x14,x26,x26	 x26:0x7576ad53 x26:0x7576ad53 x14=0x00000000
       11645000	      1065	8000d5d6	006fdb03	lhu	x22,6(x31)	 x31:0x80013078 x22=0x00003435 PA:0x8001307e load:0x00003435
       11655000	      1066	8000d5da	ff0f9703	lh	x14,-16(x31)	 x31:0x80013078 x14=0x00002223 PA:0x80013068 load:0x00002223
       11665000	      1067	8000d5de	ffff8703	lb	x14,-1(x31)	 x31:0x80013078 x14=0x0000002c PA:0x80013077 load:0x0000002c
       11675000	      1068	8000d5e2	016f9023	sh	x22,0(x31)	 x31:0x80013078 x22:0x00003435 PA:0x80013078 store:0x00003435 load:0x00000000
       11685000	      1069	8000d5e6	34013573	csrrc	x10,mscratch,x2	  x2:0x8000d21c x10=0x0000001f
       11695000	      1070	8000d5ea	ff5f8303	lb	x6,-11(x31)	 x31:0x80013078  x6=0x00000026 PA:0x8001306d load:0x00000026
       11705000	      1071	8000d5ee	004fd603	lhu	x12,4(x31)	 x31:0x80013078 x12=0x00003637 PA:0x8001307c load:0x00003637
       11715000	      1072	8000d5f2	8e9d	c.sub	x13,x15	 x13:0x8000d50c x15:0x00000000 x13=0x8000d50c
       11725000	      1073	8000d5f4	004f9f03	lh	x30,4(x31)	 x31:0x80013078 x30=0x00003637 PA:0x8001307c load:0x00003637
       11735000	      1074	8000d5f8	003fc803	lbu	x16,3(x31)	 x31:0x80013078 x16=0x00000030 PA:0x8001307b load:0x00000030
       11775000	      1078	8000d5fc	03c3bb33	mulhu	x22,x7,x28	  x7:0xfaeb9c09 x28:0x00000001 x22=0x00000000
       11785000	      1079	8000d600	ffcf8fa3	sb	x28,-1(x31)	 x31:0x80013078 x28:0x00000001 PA:0x80013077 store:0x00000001 load:0x00000000
       11795000	      1080	8000d604	019f9223	sh	x25,4(x31)	 x31:0x80013078 x25:0x8002cce4 PA:0x8001307c store:0x8002cce4 load:0x00000000
       11805000	      1081	8000d608	ff1f8683	lb	x13,-15(x31)	 x31:0x80013078 x13=0x00000022 PA:0x80013069 load:0x00000022
       11815000	      1082	8000d60c	fe0f9f23	sh	x0,-2(x31)	 x31:0x80013078  x0:0x00000000 PA:0x80013076 store:0x00000000 load:0x00000000
       11825000	      1083	8000d610	ff1f8103	lb	x2,-15(x31)	 x31:0x80013078  x2=0x00000022 PA:0x80013069 load:0x00000022
       11835000	      1084	8000d614	ffbfc303	lbu	x6,-5(x31)	 x31:0x80013078  x6=0x00000028 PA:0x80013073 load:0x00000028
       11845000	      1085	8000d618	000e0133	add	x2,x28,x0	 x28:0x00000001  x0:0x00000000  x2=0x00000001
       11855000	      1086	8000d61c	fe5f8f23	sb	x5,-2(x31)	 x31:0x80013078  x5:0x00000000 PA:0x80013076 store:0x00000000 load:0x00000000
       11865000	      1087	8000d620	8f35	c.xor	x14,x13	 x14:0x0000002c x13:0x00000022 x14=0x0000000e
       11875000	      1088	8000d622	ffbfc903	lbu	x18,-5(x31)	 x31:0x80013078 x18=0x00000028 PA:0x80013073 load:0x00000028
       11915000	      1092	8000d626	020cb933	mulhu	x18,x25,x0	 x25:0x8002cce4  x0:0x00000000 x18=0x00000000
       11925000	      1093	8000d62a	007fcb03	lbu	x22,7(x31)	 x31:0x80013078 x22=0x00000034 PA:0x8001307f load:0x00000034
       11935000	      1094	8000d62e	00afdf03	lhu	x30,10(x31)	 x31:0x80013078 x30=0x00003839 PA:0x80013082 load:0x00003839
       11945000	      1095	8000d632	001fc203	lbu	x4,1(x31)	 x31:0x80013078  x4=0x00000034 PA:0x80013079 load:0x00000034
       11955000	      1096	8000d636	ffefd203	lhu	x4,-2(x31)	 x31:0x80013078  x4=0x00000000 PA:0x80013076 load:0x00000000
       11965000	      1097	8000d63a	fe9fa823	sw	x9,-16(x31)	 x31:0x80013078  x9:0x00000028 PA:0x80013068 store:0x00000028 load:0x00000000
       11975000	      1098	8000d63e	0001	c.addi	x0,0	  x0:0x00000000  x0=0x00000000
       11985000	      1099	8000d640	008f8523	sb	x8,10(x31)	 x31:0x80013078  x8:0x00000004 PA:0x80013082 store:0x00000004 load:0x00000000
       11995000	      1100	8000d644	340097f3	csrrw	x15,mscratch,x1	  x1:0x8000419c x15=0x00000003
       12005000	      1101	8000d648	0001	c.addi	x0,0	  x0:0x00000000  x0=0x00000000
       12015000	      1102	8000d64a	ffefca83	lbu	x21,-2(x31)	 x31:0x80013078 x21=0x00000000 PA:0x80013076 load:0x00000000
       12025000	      1103	8000d64e	00006d97	auipc	x27,0x6	 x27=0x8001364e
       12035000	      1104	8000d652	d65d8d93	addi	x27,x27,-667	 x27:0x8001364e x27=0x800133b3
       12045000	      1105	8000d656	262d95a3	sh	x2,619(x27)	 x27:0x800133b3  x2:0x00000001 PA:0x8001361e store:0x00000001 load:0x00000000
       12055000	      1106	8000d65a	e64dc083	lbu	x1,-412(x27)	 x27:0x800133b3  x1=0x000000cc PA:0x80013217 load:0x000000cc
       12065000	      1107	8000d65e	8889	c.andi	x9,2	  x9:0x00000028  x9=0x00000000
       12105000	      1111	8000d660	03681b33	mulh	x22,x16,x22	 x16:0x00000030 x22:0x00000034 x22=0x00000000
       12115000	      1112	8000d664	5fcdc683	lbu	x13,1532(x27)	 x27:0x800133b3 x13=0x00000064 PA:0x800139af load:0x00000064
       12125000	      1113	8000d668	242d8b03	lb	x22,578(x27)	 x27:0x800133b3 x22=0xffffffae PA:0x800135f5 load:0xffffffae
       12495000	      1150	8000d66c	02817eb3	remu	x29,x2,x8	  x2:0x00000001  x8:0x00000004 x29=0x00000001
       12535000	      1154	8000272c	f96fe06f	jal	x0,80000ec2	  x0=0x00000000
       12555000	      1156	80000ec2	1cf1	c.addi	x25,-4	 x25:0x8002cce4 x25=0x8002cce0
       12565000	      1157	80000ec4	013ca023	sw	x19,0(x25)	 x25:0x8002cce0 x19:0x80028db8 PA:0x8002cce0 store:0x80028db8 load:0x00000000
       12575000	      1158	80000ec8	000c89b3	add	x19,x25,x0	 x25:0x8002cce0  x0:0x00000000 x19=0x8002cce0
       12585000	      1159	80000ecc	f8098993	addi	x19,x19,-128	 x19:0x8002cce0 x19=0x8002cc60
       12595000	      1160	80000ed0	0019a223	sw	x1,4(x19)	 x19:0x8002cc60  x1:0x000000cc PA:0x8002cc64 store:0x000000cc load:0x00000000
       12605000	      1161	80000ed4	0029a423	sw	x2,8(x19)	 x19:0x8002cc60  x2:0x00000001 PA:0x8002cc68 store:0x00000001 load:0x00000000
       12615000	      1162	80000ed8	0039a623	sw	x3,12(x19)	 x19:0x8002cc60  x3:0xfff6ebeb PA:0x8002cc6c store:0xfff6ebeb load:0x00000000
       12625000	      1163	80000edc	0049a823	sw	x4,16(x19)	 x19:0x8002cc60  x4:0x00000000 PA:0x8002cc70 store:0x00000000 load:0x00000000
       12635000	      1164	80000ee0	0059aa23	sw	x5,20(x19)	 x19:0x8002cc60  x5:0x00000000 PA:0x8002cc74 store:0x00000000 load:0x00000000
       12645000	      1165	80000ee4	0069ac23	sw	x6,24(x19)	 x19:0x8002cc60  x6:0x00000028 PA:0x8002cc78 store:0x00000028 load:0x00000000
       12655000	      1166	80000ee8	0079ae23	sw	x7,28(x19)	 x19:0x8002cc60  x7:0xfaeb9c09 PA:0x8002cc7c store:0xfaeb9c09 load:0x00000000
       12665000	      1167	80000eec	0289a023	sw	x8,32(x19)	 x19:0x8002cc60  x8:0x00000004 PA:0x8002cc80 store:0x00000004 load:0x00000000
       12675000	      1168	80000ef0	0299a223	sw	x9,36(x19)	 x19:0x8002cc60  x9:0x00000000 PA:0x8002cc84 store:0x00000000 load:0x00000000
       12685000	      1169	80000ef4	02a9a423	sw	x10,40(x19)	 x19:0x8002cc60 x10:0x0000001f PA:0x8002cc88 store:0x0000001f load:0x00000000
       12695000	      1170	80000ef8	02b9a623	sw	x11,44(x19)	 x19:0x8002cc60 x11:0x0000001c PA:0x8002cc8c store:0x0000001c load:0x00000000
       12705000	      1171	80000efc	02c9a823	sw	x12,48(x19)	 x19:0x8002cc60 x12:0x00003637 PA:0x8002cc90 store:0x00003637 load:0x00000000
       12715000	      1172	80000f00	02d9aa23	sw	x13,52(x19)	 x19:0x8002cc60 x13:0x00000064 PA:0x8002cc94 store:0x00000064 load:0x00000000
       12725000	      1173	80000f04	02e9ac23	sw	x14,56(x19)	 x19:0x8002cc60 x14:0x0000000e PA:0x8002cc98 store:0x0000000e load:0x00000000
       12735000	      1174	80000f08	02f9ae23	sw	x15,60(x19)	 x19:0x8002cc60 x15:0x00000003 PA:0x8002cc9c store:0x00000003 load:0x00000000
       12745000	      1175	80000f0c	0509a023	sw	x16,64(x19)	 x19:0x8002cc60 x16:0x00000030 PA:0x8002cca0 store:0x00000030 load:0x00000000
       12755000	      1176	80000f10	0519a223	sw	x17,68(x19)	 x19:0x8002cc60 x17:0x00004243 PA:0x8002cca4 store:0x00004243 load:0x00000000
       12765000	      1177	80000f14	0529a423	sw	x18,72(x19)	 x19:0x8002cc60 x18:0x00000000 PA:0x8002cca8 store:0x00000000 load:0x00000000
       12775000	      1178	80000f18	0539a623	sw	x19,76(x19)	 x19:0x8002cc60 x19:0x8002cc60 PA:0x8002ccac store:0x8002cc60 load:0x00000000
       12785000	      1179	80000f1c	0549a823	sw	x20,80(x19)	 x19:0x8002cc60 x20:0xffffffff PA:0x8002ccb0 store:0xffffffff load:0x00000000
       12795000	      1180	80000f20	0559aa23	sw	x21,84(x19)	 x19:0x8002cc60 x21:0x00000000 PA:0x8002ccb4 store:0x00000000 load:0x00000000
       12805000	      1181	80000f24	0569ac23	sw	x22,88(x19)	 x19:0x8002cc60 x22:0xffffffae PA:0x8002ccb8 store:0xffffffae load:0x00000000
       12815000	      1182	80000f28	0579ae23	sw	x23,92(x19)	 x19:0x8002cc60 x23:0x00000000 PA:0x8002ccbc store:0x00000000 load:0x00000000
       12825000	      1183	80000f2c	0789a023	sw	x24,96(x19)	 x19:0x8002cc60 x24:0x00000002 PA:0x8002ccc0 store:0x00000002 load:0x00000000
       12835000	      1184	80000f30	0799a223	sw	x25,100(x19)	 x19:0x8002cc60 x25:0x8002cce0 PA:0x8002ccc4 store:0x8002cce0 load:0x00000000
       12845000	      1185	80000f34	07a9a423	sw	x26,104(x19)	 x19:0x8002cc60 x26:0x7576ad53 PA:0x8002ccc8 store:0x7576ad53 load:0x00000000
       12855000	      1186	80000f38	07b9a623	sw	x27,108(x19)	 x19:0x8002cc60 x27:0x800133b3 PA:0x8002cccc store:0x800133b3 load:0x00000000
       12865000	      1187	80000f3c	07c9a823	sw	x28,112(x19)	 x19:0x8002cc60 x28:0x00000001 PA:0x8002ccd0 store:0x00000001 load:0x00000000
       12875000	      1188	80000f40	07d9aa23	sw	x29,116(x19)	 x19:0x8002cc60 x29:0x00000001 PA:0x8002ccd4 store:0x00000001 load:0x00000000
       12885000	      1189	80000f44	07e9ac23	sw	x30,120(x19)	 x19:0x8002cc60 x30:0x00003839 PA:0x8002ccd8 store:0x00003839 load:0x00000000
       12895000	      1190	80000f48	07f9ae23	sw	x31,124(x19)	 x19:0x8002cc60 x31:0x80013078 PA:0x8002ccdc store:0x80013078 load:0x00000000
       12905000	      1191	80000f4c	00098cb3	add	x25,x19,x0	 x19:0x8002cc60  x0:0x00000000 x25=0x8002cc60
       12915000	      1192	80000f50	90000b37	lui	x22,0x90000	 x22=0x90000000
       12925000	      1193	80000f54	1b71	c.addi	x22,-4	 x22:0x90000000 x22=0x8ffffffc
       12935000	      1194	80000f56	4619	c.li	x12,6	 x12=0x00000006
       12945000	      1195	80000f58	0622	c.slli	x12,0x8	 x12:0x00000006 x12=0x00000600
       12955000	      1196	80000f5a	00060613	addi	x12,x12,0	 x12:0x00000600 x12=0x00000600
       12965000	      1197	80000f5e	00cb2023	sw	x12,0(x22)	 x22:0x8ffffffc x12:0x00000600 PA:0x8ffffffc store:0x00000600 load:0x00000000
       12975000	      1198	80000f62	34202673	csrrs	x12,mcause,x0	  x0:0x00000000 x12=0x8000000b
       12985000	      1199	80000f66	827d	c.srli	x12,0x1f	 x12:0x8000000b x12=0x00000001
       12995000	      1200	80000f68	c63d	c.beqz	x12,80000fd6	 x12:0x00000001
       13005000	      1201	80000f6a	90000b37	lui	x22,0x90000	 x22=0x90000000
       13015000	      1202	80000f6e	1b71	c.addi	x22,-4	 x22:0x90000000 x22=0x8ffffffc
       13025000	      1203	80000f70	30000613	addi	x12,x0,768	  x0:0x00000000 x12=0x00000300
       13035000	      1204	80000f74	0622	c.slli	x12,0x8	 x12:0x00000300 x12=0x00030000
       13045000	      1205	80000f76	060d	c.addi	x12,3	 x12:0x00030000 x12=0x00030003
       13055000	      1206	80000f78	00cb2023	sw	x12,0(x22)	 x22:0x8ffffffc x12:0x00030003 PA:0x8ffffffc store:0x00030003 load:0x00000000
       13065000	      1207	80000f7c	30002673	csrrs	x12,mstatus,x0	  x0:0x00000000 x12=0x00001880
       13075000	      1208	80000f80	00cb2023	sw	x12,0(x22)	 x22:0x8ffffffc x12:0x00001880 PA:0x8ffffffc store:0x00001880 load:0x00000000
       13085000	      1209	80000f84	90000b37	lui	x22,0x90000	 x22=0x90000000
       13095000	      1210	80000f88	1b71	c.addi	x22,-4	 x22:0x90000000 x22=0x8ffffffc
       13105000	      1211	80000f8a	34200613	addi	x12,x0,834	  x0:0x00000000 x12=0x00000342
       13115000	      1212	80000f8e	0622	c.slli	x12,0x8	 x12:0x00000342 x12=0x00034200
       13125000	      1213	80000f90	060d	c.addi	x12,3	 x12:0x00034200 x12=0x00034203
       13135000	      1214	80000f92	00cb2023	sw	x12,0(x22)	 x22:0x8ffffffc x12:0x00034203 PA:0x8ffffffc store:0x00034203 load:0x00000000
       13145000	      1215	80000f96	34202673	csrrs	x12,mcause,x0	  x0:0x00000000 x12=0x8000000b
       13155000	      1216	80000f9a	00cb2023	sw	x12,0(x22)	 x22:0x8ffffffc x12:0x8000000b PA:0x8ffffffc store:0x8000000b load:0x00000000
       13165000	      1217	80000f9e	90000b37	lui	x22,0x90000	 x22=0x90000000
       13175000	      1218	80000fa2	1b71	c.addi	x22,-4	 x22:0x90000000 x22=0x8ffffffc
       13185000	      1219	80000fa4	30400613	addi	x12,x0,772	  x0:0x00000000 x12=0x00000304
       13195000	      1220	80000fa8	0622	c.slli	x12,0x8	 x12:0x00000304 x12=0x00030400
       13205000	      1221	80000faa	060d	c.addi	x12,3	 x12:0x00030400 x12=0x00030403
       13215000	      1222	80000fac	00cb2023	sw	x12,0(x22)	 x22:0x8ffffffc x12:0x00030403 PA:0x8ffffffc store:0x00030403 load:0x00000000
       13225000	      1223	80000fb0	30402673	csrrs	x12,mie,x0	  x0:0x00000000 x12=0x28ca0888
       13235000	      1224	80000fb4	00cb2023	sw	x12,0(x22)	 x22:0x8ffffffc x12:0x28ca0888 PA:0x8ffffffc store:0x28ca0888 load:0x00000000
       13245000	      1225	80000fb8	90000b37	lui	x22,0x90000	 x22=0x90000000
       13255000	      1226	80000fbc	1b71	c.addi	x22,-4	 x22:0x90000000 x22=0x8ffffffc
       13265000	      1227	80000fbe	34400613	addi	x12,x0,836	  x0:0x00000000 x12=0x00000344
       13275000	      1228	80000fc2	0622	c.slli	x12,0x8	 x12:0x00000344 x12=0x00034400
       13285000	      1229	80000fc4	060d	c.addi	x12,3	 x12:0x00034400 x12=0x00034403
       13295000	      1230	80000fc6	00cb2023	sw	x12,0(x22)	 x22:0x8ffffffc x12:0x00034403 PA:0x8ffffffc store:0x00034403 load:0x00000000
       13305000	      1231	80000fca	34402673	csrrs	x12,mip,x0	  x0:0x00000000 x12=0x00000000
       13315000	      1232	80000fce	00cb2023	sw	x12,0(x22)	 x22:0x8ffffffc x12:0x00000000 PA:0x8ffffffc store:0x00000000 load:0x00000000
       13325000	      1233	80000fd2	3871106f	jal	x0,80012b58	  x0=0x00000000
       13345000	      1235	80012b58	30002673	csrrs	x12,mstatus,x0	  x0:0x00000000 x12=0x00001880
       13355000	      1236	80012b5c	30402673	csrrs	x12,mie,x0	  x0:0x00000000 x12=0x28ca0888
       13365000	      1237	80012b60	34402673	csrrs	x12,mip,x0	  x0:0x00000000 x12=0x00000000
       13375000	      1238	80012b64	34463673	csrrc	x12,mip,x12	 x12:0x00000000 x12=0x00000000
       13405000	      1241	80012b68	90000b37	lui	x22,0x90000	 x22=0x90000000
       13415000	      1242	80012b6c	1b71	c.addi	x22,-4	 x22:0x90000000 x22=0x8ffffffc
       13425000	      1243	80012b6e	461d	c.li	x12,7	 x12=0x00000007
       13435000	      1244	80012b70	0622	c.slli	x12,0x8	 x12:0x00000007 x12=0x00000700
       13445000	      1245	80012b72	00060613	addi	x12,x12,0	 x12:0x00000700 x12=0x00000700
       13455000	      1246	80012b76	00cb2023	sw	x12,0(x22)	 x22:0x8ffffffc x12:0x00000700 PA:0x8ffffffc store:0x00000700 load:0x00000000
       13465000	      1247	80012b7a	000c89b3	add	x19,x25,x0	 x25:0x8002cc60  x0:0x00000000 x19=0x8002cc60
       13475000	      1248	80012b7e	0049a083	lw	x1,4(x19)	 x19:0x8002cc60  x1=0x000000cc PA:0x8002cc64 load:0x000000cc
       13485000	      1249	80012b82	0089a103	lw	x2,8(x19)	 x19:0x8002cc60  x2=0x00000001 PA:0x8002cc68 load:0x00000001
       13495000	      1250	80012b86	00c9a183	lw	x3,12(x19)	 x19:0x8002cc60  x3=0xfff6ebeb PA:0x8002cc6c load:0xfff6ebeb
       13505000	      1251	80012b8a	0109a203	lw	x4,16(x19)	 x19:0x8002cc60  x4=0x00000000 PA:0x8002cc70 load:0x00000000
       13515000	      1252	80012b8e	0149a283	lw	x5,20(x19)	 x19:0x8002cc60  x5=0x00000000 PA:0x8002cc74 load:0x00000000
       13525000	      1253	80012b92	0189a303	lw	x6,24(x19)	 x19:0x8002cc60  x6=0x00000028 PA:0x8002cc78 load:0x00000028
       13535000	      1254	80012b96	01c9a383	lw	x7,28(x19)	 x19:0x8002cc60  x7=0xfaeb9c09 PA:0x8002cc7c load:0xfaeb9c09
       13545000	      1255	80012b9a	0209a403	lw	x8,32(x19)	 x19:0x8002cc60  x8=0x00000004 PA:0x8002cc80 load:0x00000004
       13555000	      1256	80012b9e	0249a483	lw	x9,36(x19)	 x19:0x8002cc60  x9=0x00000000 PA:0x8002cc84 load:0x00000000
       13565000	      1257	80012ba2	0289a503	lw	x10,40(x19)	 x19:0x8002cc60 x10=0x0000001f PA:0x8002cc88 load:0x0000001f
       13575000	      1258	80012ba6	02c9a583	lw	x11,44(x19)	 x19:0x8002cc60 x11=0x0000001c PA:0x8002cc8c load:0x0000001c
       13585000	      1259	80012baa	0309a603	lw	x12,48(x19)	 x19:0x8002cc60 x12=0x00003637 PA:0x8002cc90 load:0x00003637
       13595000	      1260	80012bae	0349a683	lw	x13,52(x19)	 x19:0x8002cc60 x13=0x00000064 PA:0x8002cc94 load:0x00000064
       13605000	      1261	80012bb2	0389a703	lw	x14,56(x19)	 x19:0x8002cc60 x14=0x0000000e PA:0x8002cc98 load:0x0000000e
       13615000	      1262	80012bb6	03c9a783	lw	x15,60(x19)	 x19:0x8002cc60 x15=0x00000003 PA:0x8002cc9c load:0x00000003
       13625000	      1263	80012bba	0409a803	lw	x16,64(x19)	 x19:0x8002cc60 x16=0x00000030 PA:0x8002cca0 load:0x00000030
       13635000	      1264	80012bbe	0449a883	lw	x17,68(x19)	 x19:0x8002cc60 x17=0x00004243 PA:0x8002cca4 load:0x00004243
       13645000	      1265	80012bc2	0489a903	lw	x18,72(x19)	 x19:0x8002cc60 x18=0x00000000 PA:0x8002cca8 load:0x00000000
       13655000	      1266	80012bc6	04c9a983	lw	x19,76(x19)	 x19:0x8002cc60 x19=0x8002cc60 PA:0x8002ccac load:0x8002cc60
       13675000	      1268	80012bca	0509aa03	lw	x20,80(x19)	 x19:0x8002cc60 x20=0xffffffff PA:0x8002ccb0 load:0xffffffff
       13685000	      1269	80012bce	0549aa83	lw	x21,84(x19)	 x19:0x8002cc60 x21=0x00000000 PA:0x8002ccb4 load:0x00000000
       13695000	      1270	80012bd2	0589ab03	lw	x22,88(x19)	 x19:0x8002cc60 x22=0xffffffae PA:0x8002ccb8 load:0xffffffae
       13705000	      1271	80012bd6	05c9ab83	lw	x23,92(x19)	 x19:0x8002cc60 x23=0x00000000 PA:0x8002ccbc load:0x00000000
       13715000	      1272	80012bda	0609ac03	lw	x24,96(x19)	 x19:0x8002cc60 x24=0x00000002 PA:0x8002ccc0 load:0x00000002
       13725000	      1273	80012bde	0649ac83	lw	x25,100(x19)	 x19:0x8002cc60 x25=0x8002cce0 PA:0x8002ccc4 load:0x8002cce0
       13735000	      1274	80012be2	0689ad03	lw	x26,104(x19)	 x19:0x8002cc60 x26=0x7576ad53 PA:0x8002ccc8 load:0x7576ad53
       13745000	      1275	80012be6	06c9ad83	lw	x27,108(x19)	 x19:0x8002cc60 x27=0x800133b3 PA:0x8002cccc load:0x800133b3
       13755000	      1276	80012bea	0709ae03	lw	x28,112(x19)	 x19:0x8002cc60 x28=0x00000001 PA:0x8002ccd0 load:0x00000001
       13765000	      1277	80012bee	0749ae83	lw	x29,116(x19)	 x19:0x8002cc60 x29=0x00000001 PA:0x8002ccd4 load:0x00000001
       13775000	      1278	80012bf2	0789af03	lw	x30,120(x19)	 x19:0x8002cc60 x30=0x00003839 PA:0x8002ccd8 load:0x00003839
       13785000	      1279	80012bf6	07c9af83	lw	x31,124(x19)	 x19:0x8002cc60 x31=0x80013078 PA:0x8002ccdc load:0x80013078
       13795000	      1280	80012bfa	08098993	addi	x19,x19,128	 x19:0x8002cc60 x19=0x8002cce0
       13805000	      1281	80012bfe	00098cb3	add	x25,x19,x0	 x19:0x8002cce0  x0:0x00000000 x25=0x8002cce0
       13815000	      1282	80012c02	000ca983	lw	x19,0(x25)	 x25:0x8002cce0 x19=0x80028db8 PA:0x8002cce0 load:0x80028db8
       13825000	      1283	80012c06	0c91	c.addi	x25,4	 x25:0x8002cce0 x25=0x8002cce4
       13835000	      1284	80012c08	30200073	mret	
       13865000	      1287	8000d670	e7ad8183	lb	x3,-390(x27)	 x27:0x800133b3  x3=0xffffffe6 PA:0x8001322d load:0xffffffe6
       13875000	      1288	8000d674	6bddc603	lbu	x12,1725(x27)	 x27:0x800133b3 x12=0x0000002b PA:0x80013a70 load:0x0000002b
       13885000	      1289	8000d678	340898f3	csrrw	x17,mscratch,x17	 x17:0x00004243 x17=0x8000419c
       13895000	      1290	8000d67c	305d9b03	lh	x22,773(x27)	 x27:0x800133b3 x22=0x00007273 PA:0x800136b8 load:0x00007273
       13905000	      1291	8000d680	98ec8393	addi	x7,x25,-1650	 x25:0x8002cce4  x7=0x8002c672
       13915000	      1292	8000d684	e53d9c03	lh	x24,-429(x27)	 x27:0x800133b3 x24=0xffffbcbd PA:0x80013206 load:0xffffbcbd
       13935000	      1294	8000d688	011c5613	srli	x12,x24,0x11	 x24:0xffffbcbd x12=0x00007fff
       13945000	      1295	8000d68c	de7d85a3	sb	x7,-533(x27)	 x27:0x800133b3  x7:0x8002c672 PA:0x8001319e store:0x8002c672 load:0x00000000
       13955000	      1296	8000d690	062d8803	lb	x16,98(x27)	 x27:0x800133b3 x16=0xffffffce PA:0x80013415 load:0xffffffce
       13965000	      1297	8000d694	018323b3	slt	x7,x6,x24	  x6:0x00000028 x24:0xffffbcbd  x7=0x00000000
       13975000	      1298	8000d698	8f29	c.xor	x14,x10	 x14:0x0000000e x10:0x0000001f x14=0x00000011
       13985000	      1299	8000d69a	d6ed9aa3	sh	x14,-651(x27)	 x27:0x800133b3 x14:0x00000011 PA:0x80013128 store:0x00000011 load:0x00000000
       13995000	      1300	8000d69e	5dbd8703	lb	x14,1499(x27)	 x27:0x800133b3 x14=0x00000045 PA:0x8001398e load:0x00000045
       14005000	      1301	8000d6a2	022d8783	lb	x15,34(x27)	 x27:0x800133b3 x15=0xffffff8e PA:0x800133d5 load:0xffffff8e
       14015000	      1302	8000d6a6	0e6d9aa3	sh	x6,245(x27)	 x27:0x800133b3  x6:0x00000028 PA:0x800134a8 store:0x00000028 load:0x00000000
       14025000	      1303	8000d6aa	7d7d8783	lb	x15,2007(x27)	 x27:0x800133b3 x15=0x00000041 PA:0x80013b8a load:0x00000041
       14035000	      1304	8000d6ae	eddddb83	lhu	x23,-291(x27)	 x27:0x800133b3 x23=0x00004a4b PA:0x80013290 load:0x00004a4b
       14045000	      1305	8000d6b2	872d	c.srai	x14,0xb	 x14:0x00000045 x14=0x00000000
       14055000	      1306	8000d6b4	2e5d9783	lh	x15,741(x27)	 x27:0x800133b3 x15=0x00005253 PA:0x80013698 load:0x00005253
       14095000	      1310	8000d6b8	038c2c33	mulhsu	x24,x24,x24	 x24:0xffffbcbd x24:0xffffbcbd x24=0xffffbcbd
       14105000	      1311	8000d6bc	f0fd8823	sb	x15,-240(x27)	 x27:0x800133b3 x15:0x00005253 PA:0x800132c3 store:0x00005253 load:0x00000000
       14115000	      1312	8000d6c0	cc8d8e23	sb	x8,-804(x27)	 x27:0x800133b3  x8:0x00000004 PA:0x8001308f store:0x00000004 load:0x00000000
       14125000	      1313	8000d6c4	3d4d8b03	lb	x22,980(x27)	 x27:0x800133b3 x22=0x0000003c PA:0x80013787 load:0x0000003c
       14135000	      1314	8000d6c8	024000ef	jal	x1,8000d6ec	  x1=0x8000d6cc
       14155000	      1316	8000d6ec	a011	c.j	8000d6f0	
       14175000	      1318	8000d6f0	b7fd	c.j	8000d6de	
       14195000	      1320	8000d6de	bfc5	c.j	8000d6ce	
       14215000	      1322	8000d6ce	bffd	c.j	8000d6cc	
       14235000	      1324	8000d6cc	2805	c.jal	8000d6fc	  x1=0x8000d6ce
       14255000	      1326	8000d6fc	37e5	c.jal	8000d6e4	  x1=0x8000d6fe
       14275000	      1328	8000d6e4	ff9ff16f	jal	x2,8000d6dc	  x2=0x8000d6e8
       14295000	      1330	8000d6dc	3fdd	c.jal	8000d6d2	  x1=0x8000d6de
       14315000	      1332	8000d6d2	a035	c.j	8000d6fe	
       14335000	      1334	8000d6fe	3fdd	c.jal	8000d6f4	  x1=0x8000d700
       14355000	      1336	8000d6f4	bfed	c.j	8000d6ee	
       14375000	      1338	8000d6ee	37dd	c.jal	8000d6d4	  x1=0x8000d6f0
       14395000	      1340	8000d6d4	024000ef	jal	x1,8000d6f8	  x1=0x8000d6d8
       14415000	      1342	8000d6f8	008000ef	jal	x1,8000d700	  x1=0x8000d6fc
       14435000	      1344	8000d700	3fdd	c.jal	8000d6f6	  x1=0x8000d702
       14455000	      1346	8000d6f6	b7ed	c.j	8000d6e0	
       14475000	      1348	8000d6e0	200d	c.jal	8000d702	  x1=0x8000d6e2
       14495000	      1350	8000d702	b7dd	c.j	8000d6e8	
       14515000	      1352	8000d6e8	a009	c.j	8000d6ea	
       14535000	      1354	8000d6ea	37fd	c.jal	8000d6d8	  x1=0x8000d6ec
       14555000	      1356	8000d6d8	ff9ff26f	jal	x4,8000d6d0	  x4=0x8000d6dc
       14575000	      1358	8000d6d0	200d	c.jal	8000d6f2	  x1=0x8000d6d2
       14595000	      1360	8000d6f2	3fc5	c.jal	8000d6e2	  x1=0x8000d6f4
       14615000	      1362	8000d6e2	200d	c.jal	8000d704	  x1=0x8000d6e4
       14635000	      1364	8000d704	002010b3	sll	x1,x0,x2	  x0:0x00000000  x2:0x8000d6e8  x1=0x00000000
       14645000	      1365	8000d708	5759	c.li	x14,-10	 x14=0xfffffff6
       14655000	      1366	8000d70a	0896	c.slli	x17,0x5	 x17:0x8000419c x17=0x00083380
       14665000	      1367	8000d70c	0001	c.addi	x0,0	  x0:0x00000000  x0=0x00000000
       14675000	      1368	8000d70e	0000100f	fence.i	
       14725000	      1373	8000d712	039d08b3	mul	x17,x26,x25	 x26:0x7576ad53 x25:0x8002cce4 x17=0x0a7681ec
       15095000	      1410	8000d716	023ce1b3	rem	x3,x25,x3	 x25:0x8002cce4  x3:0xffffffe6  x3=0xfffffff8
       15105000	      1411	8000d71a	008f4a33	xor	x20,x30,x8	 x30:0x00003839  x8:0x00000004 x20=0x0000383d
       15115000	      1412	8000d71e	01347b33	and	x22,x8,x19	  x8:0x00000004 x19:0x80028db8 x22=0x00000000
       15125000	      1413	8000d722	006f81b3	add	x3,x31,x6	 x31:0x80013078  x6:0x00000028  x3=0x800130a0
       15135000	      1414	8000d726	d62f6113	ori	x2,x30,-670	 x30:0x00003839  x2=0xfffffd7b
       15145000	      1415	8000d72a	411201b3	sub	x3,x4,x17	  x4:0x8000d6dc x17:0x0a7681ec  x3=0x758a54f0
       15155000	      1416	8000d72e	001dbb33	sltu	x22,x27,x1	 x27:0x800133b3  x1:0x00000000 x22=0x00000000
       15165000	      1417	8000d732	0705	c.addi	x14,1	 x14:0xfffffff6 x14=0xfffffff7
       15175000	      1418	8000d734	595d	c.li	x18,-9	 x18=0xfffffff7
       15185000	      1419	8000d736	d834a837	lui	x16,0xd834a	 x16=0xd834a000
       15195000	      1420	8000d73a	8e21	c.xor	x12,x8	 x12:0x00007fff  x8:0x00000004 x12=0x00007ffb
       15205000	      1421	8000d73c	4d8c0e37	lui	x28,0x4d8c0	 x28=0x4d8c0000
       15215000	      1422	8000d740	81d1	c.srli	x11,0x14	 x11:0x0000001c x11=0x00000000
       15225000	      1423	8000d742	5f45	c.li	x30,-15	 x30=0xfffffff1
       15235000	      1424	8000d744	0064b233	sltu	x4,x9,x6	  x9:0x00000000  x6:0x00000028  x4=0x00000001
       15245000	      1425	8000d748	9daa	c.add	x27,x10	 x27:0x800133b3 x10:0x0000001f x27=0x800133d2
       15255000	      1426	8000d74a	1969	c.addi	x18,-6	 x18:0xfffffff7 x18=0xfffffff1
       15625000	      1463	8000d74c	0309fb33	remu	x22,x19,x16	 x19:0x80028db8 x16:0xd834a000 x22=0x80028db8
       15665000	      1467	8000272c	f96fe06f	jal	x0,80000ec2	  x0=0x00000000
       15685000	      1469	80000ec2	1cf1	c.addi	x25,-4	 x25:0x8002cce4 x25=0x8002cce0
       15695000	      1470	80000ec4	013ca023	sw	x19,0(x25)	 x25:0x8002cce0 x19:0x80028db8 PA:0x8002cce0 store:0x80028db8 load:0x00000000
       15705000	      1471	80000ec8	000c89b3	add	x19,x25,x0	 x25:0x8002cce0  x0:0x00000000 x19=0x8002cce0
       15715000	      1472	80000ecc	f8098993	addi	x19,x19,-128	 x19:0x8002cce0 x19=0x8002cc60
       15725000	      1473	80000ed0	0019a223	sw	x1,4(x19)	 x19:0x8002cc60  x1:0x00000000 PA:0x8002cc64 store:0x00000000 load:0x00000000
       15735000	      1474	80000ed4	0029a423	sw	x2,8(x19)	 x19:0x8002cc60  x2:0xfffffd7b PA:0x8002cc68 store:0xfffffd7b load:0x00000000
       15745000	      1475	80000ed8	0039a623	sw	x3,12(x19)	 x19:0x8002cc60  x3:0x758a54f0 PA:0x8002cc6c store:0x758a54f0 load:0x00000000
       15755000	      1476	80000edc	0049a823	sw	x4,16(x19)	 x19:0x8002cc60  x4:0x00000001 PA:0x8002cc70 store:0x00000001 load:0x00000000
       15765000	      1477	80000ee0	0059aa23	sw	x5,20(x19)	 x19:0x8002cc60  x5:0x00000000 PA:0x8002cc74 store:0x00000000 load:0x00000000
       15775000	      1478	80000ee4	0069ac23	sw	x6,24(x19)	 x19:0x8002cc60  x6:0x00000028 PA:0x8002cc78 store:0x00000028 load:0x00000000
       15785000	      1479	80000ee8	0079ae23	sw	x7,28(x19)	 x19:0x8002cc60  x7:0x00000000 PA:0x8002cc7c store:0x00000000 load:0x00000000
       15795000	      1480	80000eec	0289a023	sw	x8,32(x19)	 x19:0x8002cc60  x8:0x00000004 PA:0x8002cc80 store:0x00000004 load:0x00000000
       15805000	      1481	80000ef0	0299a223	sw	x9,36(x19)	 x19:0x8002cc60  x9:0x00000000 PA:0x8002cc84 store:0x00000000 load:0x00000000
       15815000	      1482	80000ef4	02a9a423	sw	x10,40(x19)	 x19:0x8002cc60 x10:0x0000001f PA:0x8002cc88 store:0x0000001f load:0x00000000
       15825000	      1483	80000ef8	02b9a623	sw	x11,44(x19)	 x19:0x8002cc60 x11:0x00000000 PA:0x8002cc8c store:0x00000000 load:0x00000000
       15835000	      1484	80000efc	02c9a823	sw	x12,48(x19)	 x19:0x8002cc60 x12:0x00007ffb PA:0x8002cc90 store:0x00007ffb load:0x00000000
       15845000	      1485	80000f00	02d9aa23	sw	x13,52(x19)	 x19:0x8002cc60 x13:0x00000064 PA:0x8002cc94 store:0x00000064 load:0x00000000
       15855000	      1486	80000f04	02e9ac23	sw	x14,56(x19)	 x19:0x8002cc60 x14:0xfffffff7 PA:0x8002cc98 store:0xfffffff7 load:0x00000000
       15865000	      1487	80000f08	02f9ae23	sw	x15,60(x19)	 x19:0x8002cc60 x15:0x00005253 PA:0x8002cc9c store:0x00005253 load:0x00000000
       15875000	      1488	80000f0c	0509a023	sw	x16,64(x19)	 x19:0x8002cc60 x16:0xd834a000 PA:0x8002cca0 store:0xd834a000 load:0x00000000
       15885000	      1489	80000f10	0519a223	sw	x17,68(x19)	 x19:0x8002cc60 x17:0x0a7681ec PA:0x8002cca4 store:0x0a7681ec load:0x00000000
       15895000	      1490	80000f14	0529a423	sw	x18,72(x19)	 x19:0x8002cc60 x18:0xfffffff1 PA:0x8002cca8 store:0xfffffff1 load:0x00000000
       15905000	      1491	80000f18	0539a623	sw	x19,76(x19)	 x19:0x8002cc60 x19:0x8002cc60 PA:0x8002ccac store:0x8002cc60 load:0x00000000
       15915000	      1492	80000f1c	0549a823	sw	x20,80(x19)	 x19:0x8002cc60 x20:0x0000383d PA:0x8002ccb0 store:0x0000383d load:0x00000000
       15925000	      1493	80000f20	0559aa23	sw	x21,84(x19)	 x19:0x8002cc60 x21:0x00000000 PA:0x8002ccb4 store:0x00000000 load:0x00000000
       15935000	      1494	80000f24	0569ac23	sw	x22,88(x19)	 x19:0x8002cc60 x22:0x80028db8 PA:0x8002ccb8 store:0x80028db8 load:0x00000000
       15945000	      1495	80000f28	0579ae23	sw	x23,92(x19)	 x19:0x8002cc60 x23:0x00004a4b PA:0x8002ccbc store:0x00004a4b load:0x00000000
       15955000	      1496	80000f2c	0789a023	sw	x24,96(x19)	 x19:0x8002cc60 x24:0xffffbcbd PA:0x8002ccc0 store:0xffffbcbd load:0x00000000
       15965000	      1497	80000f30	0799a223	sw	x25,100(x19)	 x19:0x8002cc60 x25:0x8002cce0 PA:0x8002ccc4 store:0x8002cce0 load:0x00000000
       15975000	      1498	80000f34	07a9a423	sw	x26,104(x19)	 x19:0x8002cc60 x26:0x7576ad53 PA:0x8002ccc8 store:0x7576ad53 load:0x00000000
       15985000	      1499	80000f38	07b9a623	sw	x27,108(x19)	 x19:0x8002cc60 x27:0x800133d2 PA:0x8002cccc store:0x800133d2 load:0x00000000
       15995000	      1500	80000f3c	07c9a823	sw	x28,112(x19)	 x19:0x8002cc60 x28:0x4d8c0000 PA:0x8002ccd0 store:0x4d8c0000 load:0x00000000
       16005000	      1501	80000f40	07d9aa23	sw	x29,116(x19)	 x19:0x8002cc60 x29:0x00000001 PA:0x8002ccd4 store:0x00000001 load:0x00000000
       16015000	      1502	80000f44	07e9ac23	sw	x30,120(x19)	 x19:0x8002cc60 x30:0xfffffff1 PA:0x8002ccd8 store:0xfffffff1 load:0x00000000
       16025000	      1503	80000f48	07f9ae23	sw	x31,124(x19)	 x19:0x8002cc60 x31:0x80013078 PA:0x8002ccdc store:0x80013078 load:0x00000000
       16035000	      1504	80000f4c	00098cb3	add	x25,x19,x0	 x19:0x8002cc60  x0:0x00000000 x25=0x8002cc60
       16045000	      1505	80000f50	90000b37	lui	x22,0x90000	 x22=0x90000000
       16055000	      1506	80000f54	1b71	c.addi	x22,-4	 x22:0x90000000 x22=0x8ffffffc
       16065000	      1507	80000f56	4619	c.li	x12,6	 x12=0x00000006
       16075000	      1508	80000f58	0622	c.slli	x12,0x8	 x12:0x00000006 x12=0x00000600
       16085000	      1509	80000f5a	00060613	addi	x12,x12,0	 x12:0x00000600 x12=0x00000600
       16095000	      1510	80000f5e	00cb2023	sw	x12,0(x22)	 x22:0x8ffffffc x12:0x00000600 PA:0x8ffffffc store:0x00000600 load:0x00000000
       16105000	      1511	80000f62	34202673	csrrs	x12,mcause,x0	  x0:0x00000000 x12=0x8000000b
       16115000	      1512	80000f66	827d	c.srli	x12,0x1f	 x12:0x8000000b x12=0x00000001
       16125000	      1513	80000f68	c63d	c.beqz	x12,80000fd6	 x12:0x00000001
       16135000	      1514	80000f6a	90000b37	lui	x22,0x90000	 x22=0x90000000
       16145000	      1515	80000f6e	1b71	c.addi	x22,-4	 x22:0x90000000 x22=0x8ffffffc
       16155000	      1516	80000f70	30000613	addi	x12,x0,768	  x0:0x00000000 x12=0x00000300
       16165000	      1517	80000f74	0622	c.slli	x12,0x8	 x12:0x00000300 x12=0x00030000
       16175000	      1518	80000f76	060d	c.addi	x12,3	 x12:0x00030000 x12=0x00030003
       16185000	      1519	80000f78	00cb2023	sw	x12,0(x22)	 x22:0x8ffffffc x12:0x00030003 PA:0x8ffffffc store:0x00030003 load:0x00000000
       16195000	      1520	80000f7c	30002673	csrrs	x12,mstatus,x0	  x0:0x00000000 x12=0x00001880
       16205000	      1521	80000f80	00cb2023	sw	x12,0(x22)	 x22:0x8ffffffc x12:0x00001880 PA:0x8ffffffc store:0x00001880 load:0x00000000
       16215000	      1522	80000f84	90000b37	lui	x22,0x90000	 x22=0x90000000
       16225000	      1523	80000f88	1b71	c.addi	x22,-4	 x22:0x90000000 x22=0x8ffffffc
       16235000	      1524	80000f8a	34200613	addi	x12,x0,834	  x0:0x00000000 x12=0x00000342
       16245000	      1525	80000f8e	0622	c.slli	x12,0x8	 x12:0x00000342 x12=0x00034200
       16255000	      1526	80000f90	060d	c.addi	x12,3	 x12:0x00034200 x12=0x00034203
       16265000	      1527	80000f92	00cb2023	sw	x12,0(x22)	 x22:0x8ffffffc x12:0x00034203 PA:0x8ffffffc store:0x00034203 load:0x00000000
       16275000	      1528	80000f96	34202673	csrrs	x12,mcause,x0	  x0:0x00000000 x12=0x8000000b
       16285000	      1529	80000f9a	00cb2023	sw	x12,0(x22)	 x22:0x8ffffffc x12:0x8000000b PA:0x8ffffffc store:0x8000000b load:0x00000000
       16295000	      1530	80000f9e	90000b37	lui	x22,0x90000	 x22=0x90000000
       16305000	      1531	80000fa2	1b71	c.addi	x22,-4	 x22:0x90000000 x22=0x8ffffffc
       16315000	      1532	80000fa4	30400613	addi	x12,x0,772	  x0:0x00000000 x12=0x00000304
       16325000	      1533	80000fa8	0622	c.slli	x12,0x8	 x12:0x00000304 x12=0x00030400
       16335000	      1534	80000faa	060d	c.addi	x12,3	 x12:0x00030400 x12=0x00030403
       16345000	      1535	80000fac	00cb2023	sw	x12,0(x22)	 x22:0x8ffffffc x12:0x00030403 PA:0x8ffffffc store:0x00030403 load:0x00000000
       16355000	      1536	80000fb0	30402673	csrrs	x12,mie,x0	  x0:0x00000000 x12=0x28ca0888
       16365000	      1537	80000fb4	00cb2023	sw	x12,0(x22)	 x22:0x8ffffffc x12:0x28ca0888 PA:0x8ffffffc store:0x28ca0888 load:0x00000000
       16375000	      1538	80000fb8	90000b37	lui	x22,0x90000	 x22=0x90000000
       16385000	      1539	80000fbc	1b71	c.addi	x22,-4	 x22:0x90000000 x22=0x8ffffffc
       16395000	      1540	80000fbe	34400613	addi	x12,x0,836	  x0:0x00000000 x12=0x00000344
       16405000	      1541	80000fc2	0622	c.slli	x12,0x8	 x12:0x00000344 x12=0x00034400
       16415000	      1542	80000fc4	060d	c.addi	x12,3	 x12:0x00034400 x12=0x00034403
       16425000	      1543	80000fc6	00cb2023	sw	x12,0(x22)	 x22:0x8ffffffc x12:0x00034403 PA:0x8ffffffc store:0x00034403 load:0x00000000
       16435000	      1544	80000fca	34402673	csrrs	x12,mip,x0	  x0:0x00000000 x12=0x00000000
       16445000	      1545	80000fce	00cb2023	sw	x12,0(x22)	 x22:0x8ffffffc x12:0x00000000 PA:0x8ffffffc store:0x00000000 load:0x00000000
       16455000	      1546	80000fd2	3871106f	jal	x0,80012b58	  x0=0x00000000
       16475000	      1548	80012b58	30002673	csrrs	x12,mstatus,x0	  x0:0x00000000 x12=0x00001880
       16485000	      1549	80012b5c	30402673	csrrs	x12,mie,x0	  x0:0x00000000 x12=0x28ca0888
       16495000	      1550	80012b60	34402673	csrrs	x12,mip,x0	  x0:0x00000000 x12=0x00000000
       16505000	      1551	80012b64	34463673	csrrc	x12,mip,x12	 x12:0x00000000 x12=0x00000000
       16535000	      1554	80012b68	90000b37	lui	x22,0x90000	 x22=0x90000000
       16545000	      1555	80012b6c	1b71	c.addi	x22,-4	 x22:0x90000000 x22=0x8ffffffc
       16555000	      1556	80012b6e	461d	c.li	x12,7	 x12=0x00000007
       16565000	      1557	80012b70	0622	c.slli	x12,0x8	 x12:0x00000007 x12=0x00000700
       16575000	      1558	80012b72	00060613	addi	x12,x12,0	 x12:0x00000700 x12=0x00000700
       16585000	      1559	80012b76	00cb2023	sw	x12,0(x22)	 x22:0x8ffffffc x12:0x00000700 PA:0x8ffffffc store:0x00000700 load:0x00000000
       16595000	      1560	80012b7a	000c89b3	add	x19,x25,x0	 x25:0x8002cc60  x0:0x00000000 x19=0x8002cc60
       16605000	      1561	80012b7e	0049a083	lw	x1,4(x19)	 x19:0x8002cc60  x1=0x00000000 PA:0x8002cc64 load:0x00000000
       16615000	      1562	80012b82	0089a103	lw	x2,8(x19)	 x19:0x8002cc60  x2=0xfffffd7b PA:0x8002cc68 load:0xfffffd7b
       16625000	      1563	80012b86	00c9a183	lw	x3,12(x19)	 x19:0x8002cc60  x3=0x758a54f0 PA:0x8002cc6c load:0x758a54f0
       16635000	      1564	80012b8a	0109a203	lw	x4,16(x19)	 x19:0x8002cc60  x4=0x00000001 PA:0x8002cc70 load:0x00000001
       16645000	      1565	80012b8e	0149a283	lw	x5,20(x19)	 x19:0x8002cc60  x5=0x00000000 PA:0x8002cc74 load:0x00000000
       16655000	      1566	80012b92	0189a303	lw	x6,24(x19)	 x19:0x8002cc60  x6=0x00000028 PA:0x8002cc78 load:0x00000028
       16665000	      1567	80012b96	01c9a383	lw	x7,28(x19)	 x19:0x8002cc60  x7=0x00000000 PA:0x8002cc7c load:0x00000000
       16675000	      1568	80012b9a	0209a403	lw	x8,32(x19)	 x19:0x8002cc60  x8=0x00000004 PA:0x8002cc80 load:0x00000004
       16685000	      1569	80012b9e	0249a483	lw	x9,36(x19)	 x19:0x8002cc60  x9=0x00000000 PA:0x8002cc84 load:0x00000000
       16695000	      1570	80012ba2	0289a503	lw	x10,40(x19)	 x19:0x8002cc60 x10=0x0000001f PA:0x8002cc88 load:0x0000001f
       16705000	      1571	80012ba6	02c9a583	lw	x11,44(x19)	 x19:0x8002cc60 x11=0x00000000 PA:0x8002cc8c load:0x00000000
       16715000	      1572	80012baa	0309a603	lw	x12,48(x19)	 x19:0x8002cc60 x12=0x00007ffb PA:0x8002cc90 load:0x00007ffb
       16725000	      1573	80012bae	0349a683	lw	x13,52(x19)	 x19:0x8002cc60 x13=0x00000064 PA:0x8002cc94 load:0x00000064
       16735000	      1574	80012bb2	0389a703	lw	x14,56(x19)	 x19:0x8002cc60 x14=0xfffffff7 PA:0x8002cc98 load:0xfffffff7
       16745000	      1575	80012bb6	03c9a783	lw	x15,60(x19)	 x19:0x8002cc60 x15=0x00005253 PA:0x8002cc9c load:0x00005253
       16755000	      1576	80012bba	0409a803	lw	x16,64(x19)	 x19:0x8002cc60 x16=0xd834a000 PA:0x8002cca0 load:0xd834a000
       16765000	      1577	80012bbe	0449a883	lw	x17,68(x19)	 x19:0x8002cc60 x17=0x0a7681ec PA:0x8002cca4 load:0x0a7681ec
       16775000	      1578	80012bc2	0489a903	lw	x18,72(x19)	 x19:0x8002cc60 x18=0xfffffff1 PA:0x8002cca8 load:0xfffffff1
       16785000	      1579	80012bc6	04c9a983	lw	x19,76(x19)	 x19:0x8002cc60 x19=0x8002cc60 PA:0x8002ccac load:0x8002cc60
       16805000	      1581	80012bca	0509aa03	lw	x20,80(x19)	 x19:0x8002cc60 x20=0x0000383d PA:0x8002ccb0 load:0x0000383d
       16815000	      1582	80012bce	0549aa83	lw	x21,84(x19)	 x19:0x8002cc60 x21=0x00000000 PA:0x8002ccb4 load:0x00000000
       16825000	      1583	80012bd2	0589ab03	lw	x22,88(x19)	 x19:0x8002cc60 x22=0x80028db8 PA:0x8002ccb8 load:0x80028db8
       16835000	      1584	80012bd6	05c9ab83	lw	x23,92(x19)	 x19:0x8002cc60 x23=0x00004a4b PA:0x8002ccbc load:0x00004a4b
       16845000	      1585	80012bda	0609ac03	lw	x24,96(x19)	 x19:0x8002cc60 x24=0xffffbcbd PA:0x8002ccc0 load:0xffffbcbd
       16855000	      1586	80012bde	0649ac83	lw	x25,100(x19)	 x19:0x8002cc60 x25=0x8002cce0 PA:0x8002ccc4 load:0x8002cce0
       16865000	      1587	80012be2	0689ad03	lw	x26,104(x19)	 x19:0x8002cc60 x26=0x7576ad53 PA:0x8002ccc8 load:0x7576ad53
       16875000	      1588	80012be6	06c9ad83	lw	x27,108(x19)	 x19:0x8002cc60 x27=0x800133d2 PA:0x8002cccc load:0x800133d2
       16885000	      1589	80012bea	0709ae03	lw	x28,112(x19)	 x19:0x8002cc60 x28=0x4d8c0000 PA:0x8002ccd0 load:0x4d8c0000
       16895000	      1590	80012bee	0749ae83	lw	x29,116(x19)	 x19:0x8002cc60 x29=0x00000001 PA:0x8002ccd4 load:0x00000001
       16905000	      1591	80012bf2	0789af03	lw	x30,120(x19)	 x19:0x8002cc60 x30=0xfffffff1 PA:0x8002ccd8 load:0xfffffff1
       16915000	      1592	80012bf6	07c9af83	lw	x31,124(x19)	 x19:0x8002cc60 x31=0x80013078 PA:0x8002ccdc load:0x80013078
       16925000	      1593	80012bfa	08098993	addi	x19,x19,128	 x19:0x8002cc60 x19=0x8002cce0
       16935000	      1594	80012bfe	00098cb3	add	x25,x19,x0	 x19:0x8002cce0  x0:0x00000000 x25=0x8002cce0
       16945000	      1595	80012c02	000ca983	lw	x19,0(x25)	 x25:0x8002cce0 x19=0x80028db8 PA:0x8002cce0 load:0x80028db8
       16955000	      1596	80012c06	0c91	c.addi	x25,4	 x25:0x8002cce0 x25=0x8002cce4
       16965000	      1597	80012c08	30200073	mret	
       16995000	      1600	8000d750	8a31	c.andi	x12,12	 x12:0x00007ffb x12=0x00000008
       17005000	      1601	8000d752	34092873	csrrs	x16,mscratch,x18	 x18:0xfffffff1 x16=0x00004243
       17015000	      1602	8000d756	ffe907e3	beq	x18,x30,8000d744	 x18:0xfffffff1 x30:0xfffffff1
       17035000	      1604	8000d744	0064b233	sltu	x4,x9,x6	  x9:0x00000000  x6:0x00000028  x4=0x00000001
       17045000	      1605	8000d748	9daa	c.add	x27,x10	 x27:0x800133d2 x10:0x0000001f x27=0x800133f1
       17055000	      1606	8000d74a	1969	c.addi	x18,-6	 x18:0xfffffff1 x18=0xffffffeb
       17425000	      1643	8000d74c	0309fb33	remu	x22,x19,x16	 x19:0x80028db8 x16:0x00004243 x22=0x0000404b
       17435000	      1644	8000d750	8a31	c.andi	x12,12	 x12:0x00000008 x12=0x00000008
       17445000	      1645	8000d752	34092873	csrrs	x16,mscratch,x18	 x18:0xffffffeb x16=0xfffffff3
       17455000	      1646	8000d756	ffe907e3	beq	x18,x30,8000d744	 x18:0xffffffeb x30:0xfffffff1
       17465000	      1647	8000d75a	8132	c.mv	x2,x12	  x0:0x00000000 x12:0x00000008  x2=0x00000008
       17475000	      1648	8000d75c	40d88e33	sub	x28,x17,x13	 x17:0x0a7681ec x13:0x00000064 x28=0x0a768188
       17515000	      1652	8000d760	038496b3	mulh	x13,x9,x24	  x9:0x00000000 x24:0xffffbcbd x13=0x00000000
       17525000	      1653	8000d764	012cb333	sltu	x6,x25,x18	 x25:0x8002cce4 x18:0xffffffeb  x6=0x00000001
       17535000	      1654	8000d768	9d16	c.add	x26,x5	 x26:0x7576ad53  x5:0x00000000 x26=0x7576ad53
       17545000	      1655	8000d76a	d361	c.beqz	x14,8000d72a	 x14:0xfffffff7
       17915000	      1692	8000d76c	03c648b3	div	x17,x12,x28	 x12:0x00000008 x28:0x0a768188 x17=0x00000000
       17925000	      1693	8000d770	00006897	auipc	x17,0x6	 x17=0x80013770
       17935000	      1694	8000d774	dad88893	addi	x17,x17,-595	 x17:0x80013770 x17=0x8001351d
       17945000	      1695	8000d778	5f190093	addi	x1,x18,1521	 x18:0xffffffeb  x1=0x000005dc
       17955000	      1696	8000d77c	02a8c903	lbu	x18,42(x17)	 x17:0x8001351d x18=0x000000fc PA:0x80013547 load:0x000000fc
       17965000	      1697	8000d780	02a88003	lb	x0,42(x17)	 x17:0x8001351d  x0=0x00000000 PA:0x80013547 load:0xfffffffc
       17975000	      1698	8000d784	340ce273	csrrsi	x4,mscratch,25	  x4=0xfffffffb
       17985000	      1699	8000d788	0ff0000f	fence	iorw,iorw	
       17995000	      1700	8000d78c	0248c803	lbu	x16,36(x17)	 x17:0x8001351d x16=0x000000fa PA:0x80013541 load:0x000000fa
       18005000	      1701	8000d790	0048e833	or	x16,x17,x4	 x17:0x8001351d  x4:0xfffffffb x16=0xffffffff
       18015000	      1702	8000d794	fea8ca03	lbu	x20,-22(x17)	 x17:0x8001351d x20=0x000000bc PA:0x80013507 load:0x000000bc
       18385000	      1739	8000d798	032cdf33	divu	x30,x25,x18	 x25:0x8002cce4 x18:0x000000fc x30=0x00820af8
       18395000	      1740	8000d79c	fd88c483	lbu	x9,-40(x17)	 x17:0x8001351d  x9=0x000000ae PA:0x800134f5 load:0x000000ae
       18405000	      1741	8000d7a0	fd88c803	lbu	x16,-40(x17)	 x17:0x8001351d x16=0x000000ae PA:0x800134f5 load:0x000000ae
       18415000	      1742	8000d7a4	fd58d203	lhu	x4,-43(x17)	 x17:0x8001351d  x4=0x0000a8a9 PA:0x800134f2 load:0x0000a8a9
       18425000	      1743	8000d7a8	01789733	sll	x14,x17,x23	 x17:0x8001351d x23:0x00004a4b x14=0x09a8e800
       18435000	      1744	8000d7ac	fcb8ab03	lw	x22,-53(x17)	 x17:0x8001351d x22=0xa0a1a2a3 PA:0x800134e8 load:0xa0a1a2a3
       18445000	      1745	8000d7b0	03a8cb83	lbu	x23,58(x17)	 x17:0x8001351d x23=0x0000000c PA:0x80013557 load:0x0000000c
       18455000	      1746	8000d7b4	0138d003	lhu	x0,19(x17)	 x17:0x8001351d  x0=0x00000000 PA:0x80013530 load:0x0000eaeb
       18465000	      1747	8000d7b8	00012117	auipc	x2,0x12	  x2=0x8001f7b8
       18475000	      1748	8000d7bc	71f10113	addi	x2,x2,1823	  x2:0x8001f7b8  x2=0x8001fed7
       18485000	      1749	8000d7c0	fd4112a3	sh	x20,-59(x2)	  x2:0x8001fed7 x20:0x000000bc PA:0x8001fe9c store:0x000000bc load:0x00000000
       18495000	      1750	8000d7c4	fc512183	lw	x3,-59(x2)	  x2:0x8001fed7  x3=0x545500bc PA:0x8001fe9c load:0x545500bc
       18505000	      1751	8000d7c8	fc514083	lbu	x1,-59(x2)	  x2:0x8001fed7  x1=0x000000bc PA:0x8001fe9c load:0x000000bc
       18515000	      1752	8000d7cc	01bffd33	and	x26,x31,x27	 x31:0x80013078 x27:0x800133f1 x26=0x80013070
       18525000	      1753	8000d7d0	8e69	c.and	x12,x10	 x12:0x00000008 x10:0x0000001f x12=0x00000008
       18535000	      1754	8000d7d2	fc514503	lbu	x10,-59(x2)	  x2:0x8001fed7 x10=0x000000bc PA:0x8001fe9c load:0x000000bc
       18545000	      1755	8000d7d6	855e	c.mv	x10,x23	  x0:0x00000000 x23:0x0000000c x10=0x0000000c
       18555000	      1756	8000d7d8	fc512783	lw	x15,-59(x2)	  x2:0x8001fed7 x15=0x545500bc PA:0x8001fe9c load:0x545500bc
       18565000	      1757	8000d7dc	e8d07f13	andi	x30,x0,-371	  x0:0x00000000 x30=0x00000000
       18575000	      1758	8000d7e0	fc514783	lbu	x15,-59(x2)	  x2:0x8001fed7 x15=0x000000bc PA:0x8001fe9c load:0x000000bc
       18585000	      1759	8000d7e4	fd4102a3	sb	x20,-59(x2)	  x2:0x8001fed7 x20:0x000000bc PA:0x8001fe9c store:0x000000bc load:0x00000000
       18595000	      1760	8000d7e8	40595f13	srai	x30,x18,0x5	 x18:0x000000fc x30=0x00000007
       18615000	      1762	8000d7ec	027275b3	remu	x11,x4,x7	  x4:0x0000a8a9  x7:0x00000000 x11=0x0000a8a9
       18625000	      1763	8000d7f0	fd5112a3	sh	x21,-59(x2)	  x2:0x8001fed7 x21:0x00000000 PA:0x8001fe9c store:0x00000000 load:0x00000000
       18635000	      1764	8000d7f4	fc511b03	lh	x22,-59(x2)	  x2:0x8001fed7 x22=0x00000000 PA:0x8001fe9c load:0x00000000
       18645000	      1765	8000d7f8	fc514383	lbu	x7,-59(x2)	  x2:0x8001fed7  x7=0x00000000 PA:0x8001fe9c load:0x00000000
       18655000	      1766	8000d7fc	fd814c03	lbu	x24,-40(x2)	  x2:0x8001fed7 x24=0x00000064 PA:0x8001feaf load:0x00000064
       18665000	      1767	8000d800	fdd10c23	sb	x29,-40(x2)	  x2:0x8001fed7 x29:0x00000001 PA:0x8001feaf store:0x00000001 load:0x00000000
       18675000	      1768	8000d804	5179	c.li	x2,-2	  x2=0xfffffffe
       18685000	      1769	8000d806	6609	c.lui	x12,0x2	 x12=0x00002000
       18695000	      1770	8000d808	8225	c.srli	x12,0x9	 x12:0x00002000 x12=0x00000010
       18735000	      1774	8000272c	f96fe06f	jal	x0,80000ec2	  x0=0x00000000
       18755000	      1776	80000ec2	1cf1	c.addi	x25,-4	 x25:0x8002cce4 x25=0x8002cce0
       18765000	      1777	80000ec4	013ca023	sw	x19,0(x25)	 x25:0x8002cce0 x19:0x80028db8 PA:0x8002cce0 store:0x80028db8 load:0x00000000
       18775000	      1778	80000ec8	000c89b3	add	x19,x25,x0	 x25:0x8002cce0  x0:0x00000000 x19=0x8002cce0
       18785000	      1779	80000ecc	f8098993	addi	x19,x19,-128	 x19:0x8002cce0 x19=0x8002cc60
       18795000	      1780	80000ed0	0019a223	sw	x1,4(x19)	 x19:0x8002cc60  x1:0x000000bc PA:0x8002cc64 store:0x000000bc load:0x00000000
       18805000	      1781	80000ed4	0029a423	sw	x2,8(x19)	 x19:0x8002cc60  x2:0xfffffffe PA:0x8002cc68 store:0xfffffffe load:0x00000000
       18815000	      1782	80000ed8	0039a623	sw	x3,12(x19)	 x19:0x8002cc60  x3:0x545500bc PA:0x8002cc6c store:0x545500bc load:0x00000000
       18825000	      1783	80000edc	0049a823	sw	x4,16(x19)	 x19:0x8002cc60  x4:0x0000a8a9 PA:0x8002cc70 store:0x0000a8a9 load:0x00000000
       18835000	      1784	80000ee0	0059aa23	sw	x5,20(x19)	 x19:0x8002cc60  x5:0x00000000 PA:0x8002cc74 store:0x00000000 load:0x00000000
       18845000	      1785	80000ee4	0069ac23	sw	x6,24(x19)	 x19:0x8002cc60  x6:0x00000001 PA:0x8002cc78 store:0x00000001 load:0x00000000
       18855000	      1786	80000ee8	0079ae23	sw	x7,28(x19)	 x19:0x8002cc60  x7:0x00000000 PA:0x8002cc7c store:0x00000000 load:0x00000000
       18865000	      1787	80000eec	0289a023	sw	x8,32(x19)	 x19:0x8002cc60  x8:0x00000004 PA:0x8002cc80 store:0x00000004 load:0x00000000
       18875000	      1788	80000ef0	0299a223	sw	x9,36(x19)	 x19:0x8002cc60  x9:0x000000ae PA:0x8002cc84 store:0x000000ae load:0x00000000
       18885000	      1789	80000ef4	02a9a423	sw	x10,40(x19)	 x19:0x8002cc60 x10:0x0000000c PA:0x8002cc88 store:0x0000000c load:0x00000000
       18895000	      1790	80000ef8	02b9a623	sw	x11,44(x19)	 x19:0x8002cc60 x11:0x0000a8a9 PA:0x8002cc8c store:0x0000a8a9 load:0x00000000
       18905000	      1791	80000efc	02c9a823	sw	x12,48(x19)	 x19:0x8002cc60 x12:0x00000010 PA:0x8002cc90 store:0x00000010 load:0x00000000
       18915000	      1792	80000f00	02d9aa23	sw	x13,52(x19)	 x19:0x8002cc60 x13:0x00000000 PA:0x8002cc94 store:0x00000000 load:0x00000000
       18925000	      1793	80000f04	02e9ac23	sw	x14,56(x19)	 x19:0x8002cc60 x14:0x09a8e800 PA:0x8002cc98 store:0x09a8e800 load:0x00000000
       18935000	      1794	80000f08	02f9ae23	sw	x15,60(x19)	 x19:0x8002cc60 x15:0x000000bc PA:0x8002cc9c store:0x000000bc load:0x00000000
       18945000	      1795	80000f0c	0509a023	sw	x16,64(x19)	 x19:0x8002cc60 x16:0x000000ae PA:0x8002cca0 store:0x000000ae load:0x00000000
       18955000	      1796	80000f10	0519a223	sw	x17,68(x19)	 x19:0x8002cc60 x17:0x8001351d PA:0x8002cca4 store:0x8001351d load:0x00000000
       18965000	      1797	80000f14	0529a423	sw	x18,72(x19)	 x19:0x8002cc60 x18:0x000000fc PA:0x8002cca8 store:0x000000fc load:0x00000000
       18975000	      1798	80000f18	0539a623	sw	x19,76(x19)	 x19:0x8002cc60 x19:0x8002cc60 PA:0x8002ccac store:0x8002cc60 load:0x00000000
       18985000	      1799	80000f1c	0549a823	sw	x20,80(x19)	 x19:0x8002cc60 x20:0x000000bc PA:0x8002ccb0 store:0x000000bc load:0x00000000
       18995000	      1800	80000f20	0559aa23	sw	x21,84(x19)	 x19:0x8002cc60 x21:0x00000000 PA:0x8002ccb4 store:0x00000000 load:0x00000000
       19005000	      1801	80000f24	0569ac23	sw	x22,88(x19)	 x19:0x8002cc60 x22:0x00000000 PA:0x8002ccb8 store:0x00000000 load:0x00000000
       19015000	      1802	80000f28	0579ae23	sw	x23,92(x19)	 x19:0x8002cc60 x23:0x0000000c PA:0x8002ccbc store:0x0000000c load:0x00000000
       19025000	      1803	80000f2c	0789a023	sw	x24,96(x19)	 x19:0x8002cc60 x24:0x00000064 PA:0x8002ccc0 store:0x00000064 load:0x00000000
       19035000	      1804	80000f30	0799a223	sw	x25,100(x19)	 x19:0x8002cc60 x25:0x8002cce0 PA:0x8002ccc4 store:0x8002cce0 load:0x00000000
       19045000	      1805	80000f34	07a9a423	sw	x26,104(x19)	 x19:0x8002cc60 x26:0x80013070 PA:0x8002ccc8 store:0x80013070 load:0x00000000
       19055000	      1806	80000f38	07b9a623	sw	x27,108(x19)	 x19:0x8002cc60 x27:0x800133f1 PA:0x8002cccc store:0x800133f1 load:0x00000000
       19065000	      1807	80000f3c	07c9a823	sw	x28,112(x19)	 x19:0x8002cc60 x28:0x0a768188 PA:0x8002ccd0 store:0x0a768188 load:0x00000000
       19075000	      1808	80000f40	07d9aa23	sw	x29,116(x19)	 x19:0x8002cc60 x29:0x00000001 PA:0x8002ccd4 store:0x00000001 load:0x00000000
       19085000	      1809	80000f44	07e9ac23	sw	x30,120(x19)	 x19:0x8002cc60 x30:0x00000007 PA:0x8002ccd8 store:0x00000007 load:0x00000000
       19095000	      1810	80000f48	07f9ae23	sw	x31,124(x19)	 x19:0x8002cc60 x31:0x80013078 PA:0x8002ccdc store:0x80013078 load:0x00000000
       19105000	      1811	80000f4c	00098cb3	add	x25,x19,x0	 x19:0x8002cc60  x0:0x00000000 x25=0x8002cc60
       19115000	      1812	80000f50	90000b37	lui	x22,0x90000	 x22=0x90000000
       19125000	      1813	80000f54	1b71	c.addi	x22,-4	 x22:0x90000000 x22=0x8ffffffc
       19135000	      1814	80000f56	4619	c.li	x12,6	 x12=0x00000006
       19145000	      1815	80000f58	0622	c.slli	x12,0x8	 x12:0x00000006 x12=0x00000600
       19155000	      1816	80000f5a	00060613	addi	x12,x12,0	 x12:0x00000600 x12=0x00000600
       19165000	      1817	80000f5e	00cb2023	sw	x12,0(x22)	 x22:0x8ffffffc x12:0x00000600 PA:0x8ffffffc store:0x00000600 load:0x00000000
       19175000	      1818	80000f62	34202673	csrrs	x12,mcause,x0	  x0:0x00000000 x12=0x8000000b
       19185000	      1819	80000f66	827d	c.srli	x12,0x1f	 x12:0x8000000b x12=0x00000001
       19195000	      1820	80000f68	c63d	c.beqz	x12,80000fd6	 x12:0x00000001
       19205000	      1821	80000f6a	90000b37	lui	x22,0x90000	 x22=0x90000000
       19215000	      1822	80000f6e	1b71	c.addi	x22,-4	 x22:0x90000000 x22=0x8ffffffc
       19225000	      1823	80000f70	30000613	addi	x12,x0,768	  x0:0x00000000 x12=0x00000300
       19235000	      1824	80000f74	0622	c.slli	x12,0x8	 x12:0x00000300 x12=0x00030000
       19245000	      1825	80000f76	060d	c.addi	x12,3	 x12:0x00030000 x12=0x00030003
       19255000	      1826	80000f78	00cb2023	sw	x12,0(x22)	 x22:0x8ffffffc x12:0x00030003 PA:0x8ffffffc store:0x00030003 load:0x00000000
       19265000	      1827	80000f7c	30002673	csrrs	x12,mstatus,x0	  x0:0x00000000 x12=0x00001880
       19275000	      1828	80000f80	00cb2023	sw	x12,0(x22)	 x22:0x8ffffffc x12:0x00001880 PA:0x8ffffffc store:0x00001880 load:0x00000000
       19285000	      1829	80000f84	90000b37	lui	x22,0x90000	 x22=0x90000000
       19295000	      1830	80000f88	1b71	c.addi	x22,-4	 x22:0x90000000 x22=0x8ffffffc
       19305000	      1831	80000f8a	34200613	addi	x12,x0,834	  x0:0x00000000 x12=0x00000342
       19315000	      1832	80000f8e	0622	c.slli	x12,0x8	 x12:0x00000342 x12=0x00034200
       19325000	      1833	80000f90	060d	c.addi	x12,3	 x12:0x00034200 x12=0x00034203
       19335000	      1834	80000f92	00cb2023	sw	x12,0(x22)	 x22:0x8ffffffc x12:0x00034203 PA:0x8ffffffc store:0x00034203 load:0x00000000
       19345000	      1835	80000f96	34202673	csrrs	x12,mcause,x0	  x0:0x00000000 x12=0x8000000b
       19355000	      1836	80000f9a	00cb2023	sw	x12,0(x22)	 x22:0x8ffffffc x12:0x8000000b PA:0x8ffffffc store:0x8000000b load:0x00000000
       19365000	      1837	80000f9e	90000b37	lui	x22,0x90000	 x22=0x90000000
       19375000	      1838	80000fa2	1b71	c.addi	x22,-4	 x22:0x90000000 x22=0x8ffffffc
       19385000	      1839	80000fa4	30400613	addi	x12,x0,772	  x0:0x00000000 x12=0x00000304
       19395000	      1840	80000fa8	0622	c.slli	x12,0x8	 x12:0x00000304 x12=0x00030400
       19405000	      1841	80000faa	060d	c.addi	x12,3	 x12:0x00030400 x12=0x00030403
       19415000	      1842	80000fac	00cb2023	sw	x12,0(x22)	 x22:0x8ffffffc x12:0x00030403 PA:0x8ffffffc store:0x00030403 load:0x00000000
       19425000	      1843	80000fb0	30402673	csrrs	x12,mie,x0	  x0:0x00000000 x12=0x28ca0888
       19435000	      1844	80000fb4	00cb2023	sw	x12,0(x22)	 x22:0x8ffffffc x12:0x28ca0888 PA:0x8ffffffc store:0x28ca0888 load:0x00000000
       19445000	      1845	80000fb8	90000b37	lui	x22,0x90000	 x22=0x90000000
       19455000	      1846	80000fbc	1b71	c.addi	x22,-4	 x22:0x90000000 x22=0x8ffffffc
       19465000	      1847	80000fbe	34400613	addi	x12,x0,836	  x0:0x00000000 x12=0x00000344
       19475000	      1848	80000fc2	0622	c.slli	x12,0x8	 x12:0x00000344 x12=0x00034400
       19485000	      1849	80000fc4	060d	c.addi	x12,3	 x12:0x00034400 x12=0x00034403
       19495000	      1850	80000fc6	00cb2023	sw	x12,0(x22)	 x22:0x8ffffffc x12:0x00034403 PA:0x8ffffffc store:0x00034403 load:0x00000000
       19505000	      1851	80000fca	34402673	csrrs	x12,mip,x0	  x0:0x00000000 x12=0x00000000
       19515000	      1852	80000fce	00cb2023	sw	x12,0(x22)	 x22:0x8ffffffc x12:0x00000000 PA:0x8ffffffc store:0x00000000 load:0x00000000
       19525000	      1853	80000fd2	3871106f	jal	x0,80012b58	  x0=0x00000000
       19545000	      1855	80012b58	30002673	csrrs	x12,mstatus,x0	  x0:0x00000000 x12=0x00001880
       19555000	      1856	80012b5c	30402673	csrrs	x12,mie,x0	  x0:0x00000000 x12=0x28ca0888
       19565000	      1857	80012b60	34402673	csrrs	x12,mip,x0	  x0:0x00000000 x12=0x00000000
       19575000	      1858	80012b64	34463673	csrrc	x12,mip,x12	 x12:0x00000000 x12=0x00000000
       19605000	      1861	80012b68	90000b37	lui	x22,0x90000	 x22=0x90000000
       19615000	      1862	80012b6c	1b71	c.addi	x22,-4	 x22:0x90000000 x22=0x8ffffffc
       19625000	      1863	80012b6e	461d	c.li	x12,7	 x12=0x00000007
       19635000	      1864	80012b70	0622	c.slli	x12,0x8	 x12:0x00000007 x12=0x00000700
       19645000	      1865	80012b72	00060613	addi	x12,x12,0	 x12:0x00000700 x12=0x00000700
       19655000	      1866	80012b76	00cb2023	sw	x12,0(x22)	 x22:0x8ffffffc x12:0x00000700 PA:0x8ffffffc store:0x00000700 load:0x00000000
       19665000	      1867	80012b7a	000c89b3	add	x19,x25,x0	 x25:0x8002cc60  x0:0x00000000 x19=0x8002cc60
       19675000	      1868	80012b7e	0049a083	lw	x1,4(x19)	 x19:0x8002cc60  x1=0x000000bc PA:0x8002cc64 load:0x000000bc
       19685000	      1869	80012b82	0089a103	lw	x2,8(x19)	 x19:0x8002cc60  x2=0xfffffffe PA:0x8002cc68 load:0xfffffffe
       19695000	      1870	80012b86	00c9a183	lw	x3,12(x19)	 x19:0x8002cc60  x3=0x545500bc PA:0x8002cc6c load:0x545500bc
       19705000	      1871	80012b8a	0109a203	lw	x4,16(x19)	 x19:0x8002cc60  x4=0x0000a8a9 PA:0x8002cc70 load:0x0000a8a9
       19715000	      1872	80012b8e	0149a283	lw	x5,20(x19)	 x19:0x8002cc60  x5=0x00000000 PA:0x8002cc74 load:0x00000000
       19725000	      1873	80012b92	0189a303	lw	x6,24(x19)	 x19:0x8002cc60  x6=0x00000001 PA:0x8002cc78 load:0x00000001
       19735000	      1874	80012b96	01c9a383	lw	x7,28(x19)	 x19:0x8002cc60  x7=0x00000000 PA:0x8002cc7c load:0x00000000
       19745000	      1875	80012b9a	0209a403	lw	x8,32(x19)	 x19:0x8002cc60  x8=0x00000004 PA:0x8002cc80 load:0x00000004
       19755000	      1876	80012b9e	0249a483	lw	x9,36(x19)	 x19:0x8002cc60  x9=0x000000ae PA:0x8002cc84 load:0x000000ae
       19765000	      1877	80012ba2	0289a503	lw	x10,40(x19)	 x19:0x8002cc60 x10=0x0000000c PA:0x8002cc88 load:0x0000000c
       19775000	      1878	80012ba6	02c9a583	lw	x11,44(x19)	 x19:0x8002cc60 x11=0x0000a8a9 PA:0x8002cc8c load:0x0000a8a9
       19785000	      1879	80012baa	0309a603	lw	x12,48(x19)	 x19:0x8002cc60 x12=0x00000010 PA:0x8002cc90 load:0x00000010
       19795000	      1880	80012bae	0349a683	lw	x13,52(x19)	 x19:0x8002cc60 x13=0x00000000 PA:0x8002cc94 load:0x00000000
       19805000	      1881	80012bb2	0389a703	lw	x14,56(x19)	 x19:0x8002cc60 x14=0x09a8e800 PA:0x8002cc98 load:0x09a8e800
       19815000	      1882	80012bb6	03c9a783	lw	x15,60(x19)	 x19:0x8002cc60 x15=0x000000bc PA:0x8002cc9c load:0x000000bc
       19825000	      1883	80012bba	0409a803	lw	x16,64(x19)	 x19:0x8002cc60 x16=0x000000ae PA:0x8002cca0 load:0x000000ae
       19835000	      1884	80012bbe	0449a883	lw	x17,68(x19)	 x19:0x8002cc60 x17=0x8001351d PA:0x8002cca4 load:0x8001351d
       19845000	      1885	80012bc2	0489a903	lw	x18,72(x19)	 x19:0x8002cc60 x18=0x000000fc PA:0x8002cca8 load:0x000000fc
       19855000	      1886	80012bc6	04c9a983	lw	x19,76(x19)	 x19:0x8002cc60 x19=0x8002cc60 PA:0x8002ccac load:0x8002cc60
       19875000	      1888	80012bca	0509aa03	lw	x20,80(x19)	 x19:0x8002cc60 x20=0x000000bc PA:0x8002ccb0 load:0x000000bc
       19885000	      1889	80012bce	0549aa83	lw	x21,84(x19)	 x19:0x8002cc60 x21=0x00000000 PA:0x8002ccb4 load:0x00000000
       19895000	      1890	80012bd2	0589ab03	lw	x22,88(x19)	 x19:0x8002cc60 x22=0x00000000 PA:0x8002ccb8 load:0x00000000
       19905000	      1891	80012bd6	05c9ab83	lw	x23,92(x19)	 x19:0x8002cc60 x23=0x0000000c PA:0x8002ccbc load:0x0000000c
       19915000	      1892	80012bda	0609ac03	lw	x24,96(x19)	 x19:0x8002cc60 x24=0x00000064 PA:0x8002ccc0 load:0x00000064
       19925000	      1893	80012bde	0649ac83	lw	x25,100(x19)	 x19:0x8002cc60 x25=0x8002cce0 PA:0x8002ccc4 load:0x8002cce0
       19935000	      1894	80012be2	0689ad03	lw	x26,104(x19)	 x19:0x8002cc60 x26=0x80013070 PA:0x8002ccc8 load:0x80013070
       19945000	      1895	80012be6	06c9ad83	lw	x27,108(x19)	 x19:0x8002cc60 x27=0x800133f1 PA:0x8002cccc load:0x800133f1
       19955000	      1896	80012bea	0709ae03	lw	x28,112(x19)	 x19:0x8002cc60 x28=0x0a768188 PA:0x8002ccd0 load:0x0a768188
       19965000	      1897	80012bee	0749ae83	lw	x29,116(x19)	 x19:0x8002cc60 x29=0x00000001 PA:0x8002ccd4 load:0x00000001
       19975000	      1898	80012bf2	0789af03	lw	x30,120(x19)	 x19:0x8002cc60 x30=0x00000007 PA:0x8002ccd8 load:0x00000007
       19985000	      1899	80012bf6	07c9af83	lw	x31,124(x19)	 x19:0x8002cc60 x31=0x80013078 PA:0x8002ccdc load:0x80013078
       19995000	      1900	80012bfa	08098993	addi	x19,x19,128	 x19:0x8002cc60 x19=0x8002cce0
       20005000	      1901	80012bfe	00098cb3	add	x25,x19,x0	 x19:0x8002cce0  x0:0x00000000 x25=0x8002cce0
       20015000	      1902	80012c02	000ca983	lw	x19,0(x25)	 x25:0x8002cce0 x19=0x80028db8 PA:0x8002cce0 load:0x80028db8
       20025000	      1903	80012c06	0c91	c.addi	x25,4	 x25:0x8002cce0 x25=0x8002cce4
       20035000	      1904	80012c08	30200073	mret	
       20075000	      1908	8000d80a	0000100f	fence.i	
       20105000	      1911	8000d80e	00bb5533	srl	x10,x22,x11	 x22:0x00000000 x11:0x0000a8a9 x10=0x00000000
       20115000	      1912	8000d812	8b3bb737	lui	x14,0x8b3bb	 x14=0x8b3bb000
       20125000	      1913	8000d816	8efd	c.and	x13,x15	 x13:0x00000000 x15:0x000000bc x13=0x00000000
       20135000	      1914	8000d818	8241	c.srli	x12,0x10	 x12:0x00000010 x12=0x00000000
       20145000	      1915	8000d81a	0ff0000f	fence	iorw,iorw	
       20155000	      1916	8000d81e	00c97e33	and	x28,x18,x12	 x18:0x000000fc x12:0x00000000 x28=0x00000000
       20165000	      1917	8000d822	0001	c.addi	x0,0	  x0:0x00000000  x0=0x00000000
       20175000	      1918	8000d824	00fd9d33	sll	x26,x27,x15	 x27:0x800133f1 x15:0x000000bc x26=0x10000000
       20185000	      1919	8000d828	340f95f3	csrrw	x11,mscratch,x31	 x31:0x80013078 x11=0xfffffffb
       20195000	      1920	8000d82c	53b5	c.li	x7,-19	  x7=0xffffffed
       20205000	      1921	8000d82e	0001	c.addi	x0,0	  x0:0x00000000  x0=0x00000000
       20245000	      1925	8000d830	032c3033	mulhu	x0,x24,x18	 x24:0x00000064 x18:0x000000fc  x0=0x00000000
       20255000	      1926	8000d834	412f0a33	sub	x20,x30,x18	 x30:0x00000007 x18:0x000000fc x20=0xffffff0b
       20265000	      1927	8000d838	10500073	wfi	
       21805000	      2081	8000272c	f96fe06f	jal	x0,80000ec2	  x0=0x00000000
       21825000	      2083	80000ec2	1cf1	c.addi	x25,-4	 x25:0x8002cce4 x25=0x8002cce0
       21835000	      2084	80000ec4	013ca023	sw	x19,0(x25)	 x25:0x8002cce0 x19:0x80028db8 PA:0x8002cce0 store:0x80028db8 load:0x00000000
       21845000	      2085	80000ec8	000c89b3	add	x19,x25,x0	 x25:0x8002cce0  x0:0x00000000 x19=0x8002cce0
       21855000	      2086	80000ecc	f8098993	addi	x19,x19,-128	 x19:0x8002cce0 x19=0x8002cc60
       21865000	      2087	80000ed0	0019a223	sw	x1,4(x19)	 x19:0x8002cc60  x1:0x000000bc PA:0x8002cc64 store:0x000000bc load:0x00000000
       21875000	      2088	80000ed4	0029a423	sw	x2,8(x19)	 x19:0x8002cc60  x2:0xfffffffe PA:0x8002cc68 store:0xfffffffe load:0x00000000
       21885000	      2089	80000ed8	0039a623	sw	x3,12(x19)	 x19:0x8002cc60  x3:0x545500bc PA:0x8002cc6c store:0x545500bc load:0x00000000
       21895000	      2090	80000edc	0049a823	sw	x4,16(x19)	 x19:0x8002cc60  x4:0x0000a8a9 PA:0x8002cc70 store:0x0000a8a9 load:0x00000000
       21905000	      2091	80000ee0	0059aa23	sw	x5,20(x19)	 x19:0x8002cc60  x5:0x00000000 PA:0x8002cc74 store:0x00000000 load:0x00000000
       21915000	      2092	80000ee4	0069ac23	sw	x6,24(x19)	 x19:0x8002cc60  x6:0x00000001 PA:0x8002cc78 store:0x00000001 load:0x00000000
       21925000	      2093	80000ee8	0079ae23	sw	x7,28(x19)	 x19:0x8002cc60  x7:0xffffffed PA:0x8002cc7c store:0xffffffed load:0x00000000
       21935000	      2094	80000eec	0289a023	sw	x8,32(x19)	 x19:0x8002cc60  x8:0x00000004 PA:0x8002cc80 store:0x00000004 load:0x00000000
       21945000	      2095	80000ef0	0299a223	sw	x9,36(x19)	 x19:0x8002cc60  x9:0x000000ae PA:0x8002cc84 store:0x000000ae load:0x00000000
       21955000	      2096	80000ef4	02a9a423	sw	x10,40(x19)	 x19:0x8002cc60 x10:0x00000000 PA:0x8002cc88 store:0x00000000 load:0x00000000
       21965000	      2097	80000ef8	02b9a623	sw	x11,44(x19)	 x19:0x8002cc60 x11:0xfffffffb PA:0x8002cc8c store:0xfffffffb load:0x00000000
       21975000	      2098	80000efc	02c9a823	sw	x12,48(x19)	 x19:0x8002cc60 x12:0x00000000 PA:0x8002cc90 store:0x00000000 load:0x00000000
       21985000	      2099	80000f00	02d9aa23	sw	x13,52(x19)	 x19:0x8002cc60 x13:0x00000000 PA:0x8002cc94 store:0x00000000 load:0x00000000
       21995000	      2100	80000f04	02e9ac23	sw	x14,56(x19)	 x19:0x8002cc60 x14:0x8b3bb000 PA:0x8002cc98 store:0x8b3bb000 load:0x00000000
       22005000	      2101	80000f08	02f9ae23	sw	x15,60(x19)	 x19:0x8002cc60 x15:0x000000bc PA:0x8002cc9c store:0x000000bc load:0x00000000
       22015000	      2102	80000f0c	0509a023	sw	x16,64(x19)	 x19:0x8002cc60 x16:0x000000ae PA:0x8002cca0 store:0x000000ae load:0x00000000
       22025000	      2103	80000f10	0519a223	sw	x17,68(x19)	 x19:0x8002cc60 x17:0x8001351d PA:0x8002cca4 store:0x8001351d load:0x00000000
       22035000	      2104	80000f14	0529a423	sw	x18,72(x19)	 x19:0x8002cc60 x18:0x000000fc PA:0x8002cca8 store:0x000000fc load:0x00000000
       22045000	      2105	80000f18	0539a623	sw	x19,76(x19)	 x19:0x8002cc60 x19:0x8002cc60 PA:0x8002ccac store:0x8002cc60 load:0x00000000
       22055000	      2106	80000f1c	0549a823	sw	x20,80(x19)	 x19:0x8002cc60 x20:0xffffff0b PA:0x8002ccb0 store:0xffffff0b load:0x00000000
       22065000	      2107	80000f20	0559aa23	sw	x21,84(x19)	 x19:0x8002cc60 x21:0x00000000 PA:0x8002ccb4 store:0x00000000 load:0x00000000
       22075000	      2108	80000f24	0569ac23	sw	x22,88(x19)	 x19:0x8002cc60 x22:0x00000000 PA:0x8002ccb8 store:0x00000000 load:0x00000000
       22085000	      2109	80000f28	0579ae23	sw	x23,92(x19)	 x19:0x8002cc60 x23:0x0000000c PA:0x8002ccbc store:0x0000000c load:0x00000000
       22095000	      2110	80000f2c	0789a023	sw	x24,96(x19)	 x19:0x8002cc60 x24:0x00000064 PA:0x8002ccc0 store:0x00000064 load:0x00000000
       22105000	      2111	80000f30	0799a223	sw	x25,100(x19)	 x19:0x8002cc60 x25:0x8002cce0 PA:0x8002ccc4 store:0x8002cce0 load:0x00000000
       22115000	      2112	80000f34	07a9a423	sw	x26,104(x19)	 x19:0x8002cc60 x26:0x10000000 PA:0x8002ccc8 store:0x10000000 load:0x00000000
       22125000	      2113	80000f38	07b9a623	sw	x27,108(x19)	 x19:0x8002cc60 x27:0x800133f1 PA:0x8002cccc store:0x800133f1 load:0x00000000
       22135000	      2114	80000f3c	07c9a823	sw	x28,112(x19)	 x19:0x8002cc60 x28:0x00000000 PA:0x8002ccd0 store:0x00000000 load:0x00000000
       22145000	      2115	80000f40	07d9aa23	sw	x29,116(x19)	 x19:0x8002cc60 x29:0x00000001 PA:0x8002ccd4 store:0x00000001 load:0x00000000
       22155000	      2116	80000f44	07e9ac23	sw	x30,120(x19)	 x19:0x8002cc60 x30:0x00000007 PA:0x8002ccd8 store:0x00000007 load:0x00000000
       22165000	      2117	80000f48	07f9ae23	sw	x31,124(x19)	 x19:0x8002cc60 x31:0x80013078 PA:0x8002ccdc store:0x80013078 load:0x00000000
       22175000	      2118	80000f4c	00098cb3	add	x25,x19,x0	 x19:0x8002cc60  x0:0x00000000 x25=0x8002cc60
       22185000	      2119	80000f50	90000b37	lui	x22,0x90000	 x22=0x90000000
       22195000	      2120	80000f54	1b71	c.addi	x22,-4	 x22:0x90000000 x22=0x8ffffffc
       22205000	      2121	80000f56	4619	c.li	x12,6	 x12=0x00000006
       22215000	      2122	80000f58	0622	c.slli	x12,0x8	 x12:0x00000006 x12=0x00000600
       22225000	      2123	80000f5a	00060613	addi	x12,x12,0	 x12:0x00000600 x12=0x00000600
       22235000	      2124	80000f5e	00cb2023	sw	x12,0(x22)	 x22:0x8ffffffc x12:0x00000600 PA:0x8ffffffc store:0x00000600 load:0x00000000
       22245000	      2125	80000f62	34202673	csrrs	x12,mcause,x0	  x0:0x00000000 x12=0x8000000b
       22255000	      2126	80000f66	827d	c.srli	x12,0x1f	 x12:0x8000000b x12=0x00000001
       22265000	      2127	80000f68	c63d	c.beqz	x12,80000fd6	 x12:0x00000001
       22275000	      2128	80000f6a	90000b37	lui	x22,0x90000	 x22=0x90000000
       22285000	      2129	80000f6e	1b71	c.addi	x22,-4	 x22:0x90000000 x22=0x8ffffffc
       22295000	      2130	80000f70	30000613	addi	x12,x0,768	  x0:0x00000000 x12=0x00000300
       22305000	      2131	80000f74	0622	c.slli	x12,0x8	 x12:0x00000300 x12=0x00030000
       22315000	      2132	80000f76	060d	c.addi	x12,3	 x12:0x00030000 x12=0x00030003
       22325000	      2133	80000f78	00cb2023	sw	x12,0(x22)	 x22:0x8ffffffc x12:0x00030003 PA:0x8ffffffc store:0x00030003 load:0x00000000
       22335000	      2134	80000f7c	30002673	csrrs	x12,mstatus,x0	  x0:0x00000000 x12=0x00001880
       22345000	      2135	80000f80	00cb2023	sw	x12,0(x22)	 x22:0x8ffffffc x12:0x00001880 PA:0x8ffffffc store:0x00001880 load:0x00000000
       22355000	      2136	80000f84	90000b37	lui	x22,0x90000	 x22=0x90000000
       22365000	      2137	80000f88	1b71	c.addi	x22,-4	 x22:0x90000000 x22=0x8ffffffc
       22375000	      2138	80000f8a	34200613	addi	x12,x0,834	  x0:0x00000000 x12=0x00000342
       22385000	      2139	80000f8e	0622	c.slli	x12,0x8	 x12:0x00000342 x12=0x00034200
       22395000	      2140	80000f90	060d	c.addi	x12,3	 x12:0x00034200 x12=0x00034203
       22405000	      2141	80000f92	00cb2023	sw	x12,0(x22)	 x22:0x8ffffffc x12:0x00034203 PA:0x8ffffffc store:0x00034203 load:0x00000000
       22415000	      2142	80000f96	34202673	csrrs	x12,mcause,x0	  x0:0x00000000 x12=0x8000000b
       22425000	      2143	80000f9a	00cb2023	sw	x12,0(x22)	 x22:0x8ffffffc x12:0x8000000b PA:0x8ffffffc store:0x8000000b load:0x00000000
       22435000	      2144	80000f9e	90000b37	lui	x22,0x90000	 x22=0x90000000
       22445000	      2145	80000fa2	1b71	c.addi	x22,-4	 x22:0x90000000 x22=0x8ffffffc
       22455000	      2146	80000fa4	30400613	addi	x12,x0,772	  x0:0x00000000 x12=0x00000304
       22465000	      2147	80000fa8	0622	c.slli	x12,0x8	 x12:0x00000304 x12=0x00030400
       22475000	      2148	80000faa	060d	c.addi	x12,3	 x12:0x00030400 x12=0x00030403
       22485000	      2149	80000fac	00cb2023	sw	x12,0(x22)	 x22:0x8ffffffc x12:0x00030403 PA:0x8ffffffc store:0x00030403 load:0x00000000
       22495000	      2150	80000fb0	30402673	csrrs	x12,mie,x0	  x0:0x00000000 x12=0x28ca0888
       22505000	      2151	80000fb4	00cb2023	sw	x12,0(x22)	 x22:0x8ffffffc x12:0x28ca0888 PA:0x8ffffffc store:0x28ca0888 load:0x00000000
       22515000	      2152	80000fb8	90000b37	lui	x22,0x90000	 x22=0x90000000
       22525000	      2153	80000fbc	1b71	c.addi	x22,-4	 x22:0x90000000 x22=0x8ffffffc
       22535000	      2154	80000fbe	34400613	addi	x12,x0,836	  x0:0x00000000 x12=0x00000344
       22545000	      2155	80000fc2	0622	c.slli	x12,0x8	 x12:0x00000344 x12=0x00034400
       22555000	      2156	80000fc4	060d	c.addi	x12,3	 x12:0x00034400 x12=0x00034403
       22565000	      2157	80000fc6	00cb2023	sw	x12,0(x22)	 x22:0x8ffffffc x12:0x00034403 PA:0x8ffffffc store:0x00034403 load:0x00000000
       22575000	      2158	80000fca	34402673	csrrs	x12,mip,x0	  x0:0x00000000 x12=0x00000000
       22585000	      2159	80000fce	00cb2023	sw	x12,0(x22)	 x22:0x8ffffffc x12:0x00000000 PA:0x8ffffffc store:0x00000000 load:0x00000000
       22595000	      2160	80000fd2	3871106f	jal	x0,80012b58	  x0=0x00000000
       22615000	      2162	80012b58	30002673	csrrs	x12,mstatus,x0	  x0:0x00000000 x12=0x00001880
       22625000	      2163	80012b5c	30402673	csrrs	x12,mie,x0	  x0:0x00000000 x12=0x28ca0888
       22635000	      2164	80012b60	34402673	csrrs	x12,mip,x0	  x0:0x00000000 x12=0x00000000
       22645000	      2165	80012b64	34463673	csrrc	x12,mip,x12	 x12:0x00000000 x12=0x00000000
       22675000	      2168	80012b68	90000b37	lui	x22,0x90000	 x22=0x90000000
       22685000	      2169	80012b6c	1b71	c.addi	x22,-4	 x22:0x90000000 x22=0x8ffffffc
       22695000	      2170	80012b6e	461d	c.li	x12,7	 x12=0x00000007
       22705000	      2171	80012b70	0622	c.slli	x12,0x8	 x12:0x00000007 x12=0x00000700
       22715000	      2172	80012b72	00060613	addi	x12,x12,0	 x12:0x00000700 x12=0x00000700
       22725000	      2173	80012b76	00cb2023	sw	x12,0(x22)	 x22:0x8ffffffc x12:0x00000700 PA:0x8ffffffc store:0x00000700 load:0x00000000
       22735000	      2174	80012b7a	000c89b3	add	x19,x25,x0	 x25:0x8002cc60  x0:0x00000000 x19=0x8002cc60
       22745000	      2175	80012b7e	0049a083	lw	x1,4(x19)	 x19:0x8002cc60  x1=0x000000bc PA:0x8002cc64 load:0x000000bc
       22755000	      2176	80012b82	0089a103	lw	x2,8(x19)	 x19:0x8002cc60  x2=0xfffffffe PA:0x8002cc68 load:0xfffffffe
       22765000	      2177	80012b86	00c9a183	lw	x3,12(x19)	 x19:0x8002cc60  x3=0x545500bc PA:0x8002cc6c load:0x545500bc
       22775000	      2178	80012b8a	0109a203	lw	x4,16(x19)	 x19:0x8002cc60  x4=0x0000a8a9 PA:0x8002cc70 load:0x0000a8a9
       22785000	      2179	80012b8e	0149a283	lw	x5,20(x19)	 x19:0x8002cc60  x5=0x00000000 PA:0x8002cc74 load:0x00000000
       22795000	      2180	80012b92	0189a303	lw	x6,24(x19)	 x19:0x8002cc60  x6=0x00000001 PA:0x8002cc78 load:0x00000001
       22805000	      2181	80012b96	01c9a383	lw	x7,28(x19)	 x19:0x8002cc60  x7=0xffffffed PA:0x8002cc7c load:0xffffffed
       22815000	      2182	80012b9a	0209a403	lw	x8,32(x19)	 x19:0x8002cc60  x8=0x00000004 PA:0x8002cc80 load:0x00000004
       22825000	      2183	80012b9e	0249a483	lw	x9,36(x19)	 x19:0x8002cc60  x9=0x000000ae PA:0x8002cc84 load:0x000000ae
       22835000	      2184	80012ba2	0289a503	lw	x10,40(x19)	 x19:0x8002cc60 x10=0x00000000 PA:0x8002cc88 load:0x00000000
       22845000	      2185	80012ba6	02c9a583	lw	x11,44(x19)	 x19:0x8002cc60 x11=0xfffffffb PA:0x8002cc8c load:0xfffffffb
       22855000	      2186	80012baa	0309a603	lw	x12,48(x19)	 x19:0x8002cc60 x12=0x00000000 PA:0x8002cc90 load:0x00000000
       22865000	      2187	80012bae	0349a683	lw	x13,52(x19)	 x19:0x8002cc60 x13=0x00000000 PA:0x8002cc94 load:0x00000000
       22875000	      2188	80012bb2	0389a703	lw	x14,56(x19)	 x19:0x8002cc60 x14=0x8b3bb000 PA:0x8002cc98 load:0x8b3bb000
       22885000	      2189	80012bb6	03c9a783	lw	x15,60(x19)	 x19:0x8002cc60 x15=0x000000bc PA:0x8002cc9c load:0x000000bc
       22895000	      2190	80012bba	0409a803	lw	x16,64(x19)	 x19:0x8002cc60 x16=0x000000ae PA:0x8002cca0 load:0x000000ae
       22905000	      2191	80012bbe	0449a883	lw	x17,68(x19)	 x19:0x8002cc60 x17=0x8001351d PA:0x8002cca4 load:0x8001351d
       22915000	      2192	80012bc2	0489a903	lw	x18,72(x19)	 x19:0x8002cc60 x18=0x000000fc PA:0x8002cca8 load:0x000000fc
       22925000	      2193	80012bc6	04c9a983	lw	x19,76(x19)	 x19:0x8002cc60 x19=0x8002cc60 PA:0x8002ccac load:0x8002cc60
       22945000	      2195	80012bca	0509aa03	lw	x20,80(x19)	 x19:0x8002cc60 x20=0xffffff0b PA:0x8002ccb0 load:0xffffff0b
       22955000	      2196	80012bce	0549aa83	lw	x21,84(x19)	 x19:0x8002cc60 x21=0x00000000 PA:0x8002ccb4 load:0x00000000
       22965000	      2197	80012bd2	0589ab03	lw	x22,88(x19)	 x19:0x8002cc60 x22=0x00000000 PA:0x8002ccb8 load:0x00000000
       22975000	      2198	80012bd6	05c9ab83	lw	x23,92(x19)	 x19:0x8002cc60 x23=0x0000000c PA:0x8002ccbc load:0x0000000c
       22985000	      2199	80012bda	0609ac03	lw	x24,96(x19)	 x19:0x8002cc60 x24=0x00000064 PA:0x8002ccc0 load:0x00000064
       22995000	      2200	80012bde	0649ac83	lw	x25,100(x19)	 x19:0x8002cc60 x25=0x8002cce0 PA:0x8002ccc4 load:0x8002cce0
       23005000	      2201	80012be2	0689ad03	lw	x26,104(x19)	 x19:0x8002cc60 x26=0x10000000 PA:0x8002ccc8 load:0x10000000
       23015000	      2202	80012be6	06c9ad83	lw	x27,108(x19)	 x19:0x8002cc60 x27=0x800133f1 PA:0x8002cccc load:0x800133f1
       23025000	      2203	80012bea	0709ae03	lw	x28,112(x19)	 x19:0x8002cc60 x28=0x00000000 PA:0x8002ccd0 load:0x00000000
       23035000	      2204	80012bee	0749ae83	lw	x29,116(x19)	 x19:0x8002cc60 x29=0x00000001 PA:0x8002ccd4 load:0x00000001
       23045000	      2205	80012bf2	0789af03	lw	x30,120(x19)	 x19:0x8002cc60 x30=0x00000007 PA:0x8002ccd8 load:0x00000007
       23055000	      2206	80012bf6	07c9af83	lw	x31,124(x19)	 x19:0x8002cc60 x31=0x80013078 PA:0x8002ccdc load:0x80013078
       23065000	      2207	80012bfa	08098993	addi	x19,x19,128	 x19:0x8002cc60 x19=0x8002cce0
       23075000	      2208	80012bfe	00098cb3	add	x25,x19,x0	 x19:0x8002cce0  x0:0x00000000 x25=0x8002cce0
       23085000	      2209	80012c02	000ca983	lw	x19,0(x25)	 x25:0x8002cce0 x19=0x80028db8 PA:0x8002cce0 load:0x80028db8
       23095000	      2210	80012c06	0c91	c.addi	x25,4	 x25:0x8002cce0 x25=0x8002cce4
       23105000	      2211	80012c08	30200073	mret	
       23135000	      2214	8000d83c	117d	c.addi	x2,-1	  x2:0xfffffffe  x2=0xfffffffd
       23145000	      2215	8000d83e	01312e33	slt	x28,x2,x19	  x2:0xfffffffd x19:0x80028db8 x28=0x00000000
       23155000	      2216	8000d842	4675	c.li	x12,29	 x12=0x0000001d
       23165000	      2217	8000d844	66e1ef97	auipc	x31,0x66e1e	 x31=0xe6e2b844
       23175000	      2218	8000d848	8495	c.srai	x9,0x5	  x9:0x000000ae  x9=0x00000005
       23215000	      2222	8000d84a	0394a233	mulhsu	x4,x9,x25	  x9:0x00000005 x25:0x8002cce4  x4=0x00000002
       23225000	      2223	8000d84e	0b25	c.addi	x22,9	 x22:0x00000000 x22=0x00000009
       23595000	      2260	8000d850	027c5a33	divu	x20,x24,x7	 x24:0x00000064  x7:0xffffffed x20=0x00000000
       23605000	      2261	8000d854	de3378b7	lui	x17,0xde337	 x17=0xde337000
       23615000	      2262	8000d858	fc715be3	bge	x2,x7,8000d82e	  x2:0xfffffffd  x7:0xffffffed
       23635000	      2264	8000d82e	0001	c.addi	x0,0	  x0:0x00000000  x0=0x00000000
       23675000	      2268	8000d830	032c3033	mulhu	x0,x24,x18	 x24:0x00000064 x18:0x000000fc  x0=0x00000000
       23685000	      2269	8000d834	412f0a33	sub	x20,x30,x18	 x30:0x00000007 x18:0x000000fc x20=0xffffff0b
       23695000	      2270	8000d838	10500073	wfi	
       24875000	      2388	8000272c	f96fe06f	jal	x0,80000ec2	  x0=0x00000000
       24895000	      2390	80000ec2	1cf1	c.addi	x25,-4	 x25:0x8002cce4 x25=0x8002cce0
       24905000	      2391	80000ec4	013ca023	sw	x19,0(x25)	 x25:0x8002cce0 x19:0x80028db8 PA:0x8002cce0 store:0x80028db8 load:0x00000000
       24915000	      2392	80000ec8	000c89b3	add	x19,x25,x0	 x25:0x8002cce0  x0:0x00000000 x19=0x8002cce0
       24925000	      2393	80000ecc	f8098993	addi	x19,x19,-128	 x19:0x8002cce0 x19=0x8002cc60
       24935000	      2394	80000ed0	0019a223	sw	x1,4(x19)	 x19:0x8002cc60  x1:0x000000bc PA:0x8002cc64 store:0x000000bc load:0x00000000
       24945000	      2395	80000ed4	0029a423	sw	x2,8(x19)	 x19:0x8002cc60  x2:0xfffffffd PA:0x8002cc68 store:0xfffffffd load:0x00000000
       24955000	      2396	80000ed8	0039a623	sw	x3,12(x19)	 x19:0x8002cc60  x3:0x545500bc PA:0x8002cc6c store:0x545500bc load:0x00000000
       24965000	      2397	80000edc	0049a823	sw	x4,16(x19)	 x19:0x8002cc60  x4:0x00000002 PA:0x8002cc70 store:0x00000002 load:0x00000000
       24975000	      2398	80000ee0	0059aa23	sw	x5,20(x19)	 x19:0x8002cc60  x5:0x00000000 PA:0x8002cc74 store:0x00000000 load:0x00000000
       24985000	      2399	80000ee4	0069ac23	sw	x6,24(x19)	 x19:0x8002cc60  x6:0x00000001 PA:0x8002cc78 store:0x00000001 load:0x00000000
       24995000	      2400	80000ee8	0079ae23	sw	x7,28(x19)	 x19:0x8002cc60  x7:0xffffffed PA:0x8002cc7c store:0xffffffed load:0x00000000
       25005000	      2401	80000eec	0289a023	sw	x8,32(x19)	 x19:0x8002cc60  x8:0x00000004 PA:0x8002cc80 store:0x00000004 load:0x00000000
       25015000	      2402	80000ef0	0299a223	sw	x9,36(x19)	 x19:0x8002cc60  x9:0x00000005 PA:0x8002cc84 store:0x00000005 load:0x00000000
       25025000	      2403	80000ef4	02a9a423	sw	x10,40(x19)	 x19:0x8002cc60 x10:0x00000000 PA:0x8002cc88 store:0x00000000 load:0x00000000
       25035000	      2404	80000ef8	02b9a623	sw	x11,44(x19)	 x19:0x8002cc60 x11:0xfffffffb PA:0x8002cc8c store:0xfffffffb load:0x00000000
       25045000	      2405	80000efc	02c9a823	sw	x12,48(x19)	 x19:0x8002cc60 x12:0x0000001d PA:0x8002cc90 store:0x0000001d load:0x00000000
       25055000	      2406	80000f00	02d9aa23	sw	x13,52(x19)	 x19:0x8002cc60 x13:0x00000000 PA:0x8002cc94 store:0x00000000 load:0x00000000
       25065000	      2407	80000f04	02e9ac23	sw	x14,56(x19)	 x19:0x8002cc60 x14:0x8b3bb000 PA:0x8002cc98 store:0x8b3bb000 load:0x00000000
       25075000	      2408	80000f08	02f9ae23	sw	x15,60(x19)	 x19:0x8002cc60 x15:0x000000bc PA:0x8002cc9c store:0x000000bc load:0x00000000
       25085000	      2409	80000f0c	0509a023	sw	x16,64(x19)	 x19:0x8002cc60 x16:0x000000ae PA:0x8002cca0 store:0x000000ae load:0x00000000
       25095000	      2410	80000f10	0519a223	sw	x17,68(x19)	 x19:0x8002cc60 x17:0xde337000 PA:0x8002cca4 store:0xde337000 load:0x00000000
       25105000	      2411	80000f14	0529a423	sw	x18,72(x19)	 x19:0x8002cc60 x18:0x000000fc PA:0x8002cca8 store:0x000000fc load:0x00000000
       25115000	      2412	80000f18	0539a623	sw	x19,76(x19)	 x19:0x8002cc60 x19:0x8002cc60 PA:0x8002ccac store:0x8002cc60 load:0x00000000
       25125000	      2413	80000f1c	0549a823	sw	x20,80(x19)	 x19:0x8002cc60 x20:0xffffff0b PA:0x8002ccb0 store:0xffffff0b load:0x00000000
       25135000	      2414	80000f20	0559aa23	sw	x21,84(x19)	 x19:0x8002cc60 x21:0x00000000 PA:0x8002ccb4 store:0x00000000 load:0x00000000
       25145000	      2415	80000f24	0569ac23	sw	x22,88(x19)	 x19:0x8002cc60 x22:0x00000009 PA:0x8002ccb8 store:0x00000009 load:0x00000000
       25155000	      2416	80000f28	0579ae23	sw	x23,92(x19)	 x19:0x8002cc60 x23:0x0000000c PA:0x8002ccbc store:0x0000000c load:0x00000000
       25165000	      2417	80000f2c	0789a023	sw	x24,96(x19)	 x19:0x8002cc60 x24:0x00000064 PA:0x8002ccc0 store:0x00000064 load:0x00000000
       25175000	      2418	80000f30	0799a223	sw	x25,100(x19)	 x19:0x8002cc60 x25:0x8002cce0 PA:0x8002ccc4 store:0x8002cce0 load:0x00000000
       25185000	      2419	80000f34	07a9a423	sw	x26,104(x19)	 x19:0x8002cc60 x26:0x10000000 PA:0x8002ccc8 store:0x10000000 load:0x00000000
       25195000	      2420	80000f38	07b9a623	sw	x27,108(x19)	 x19:0x8002cc60 x27:0x800133f1 PA:0x8002cccc store:0x800133f1 load:0x00000000
       25205000	      2421	80000f3c	07c9a823	sw	x28,112(x19)	 x19:0x8002cc60 x28:0x00000000 PA:0x8002ccd0 store:0x00000000 load:0x00000000
       25215000	      2422	80000f40	07d9aa23	sw	x29,116(x19)	 x19:0x8002cc60 x29:0x00000001 PA:0x8002ccd4 store:0x00000001 load:0x00000000
       25225000	      2423	80000f44	07e9ac23	sw	x30,120(x19)	 x19:0x8002cc60 x30:0x00000007 PA:0x8002ccd8 store:0x00000007 load:0x00000000
       25235000	      2424	80000f48	07f9ae23	sw	x31,124(x19)	 x19:0x8002cc60 x31:0xe6e2b844 PA:0x8002ccdc store:0xe6e2b844 load:0x00000000
       25245000	      2425	80000f4c	00098cb3	add	x25,x19,x0	 x19:0x8002cc60  x0:0x00000000 x25=0x8002cc60
       25255000	      2426	80000f50	90000b37	lui	x22,0x90000	 x22=0x90000000
       25265000	      2427	80000f54	1b71	c.addi	x22,-4	 x22:0x90000000 x22=0x8ffffffc
       25275000	      2428	80000f56	4619	c.li	x12,6	 x12=0x00000006
       25285000	      2429	80000f58	0622	c.slli	x12,0x8	 x12:0x00000006 x12=0x00000600
       25295000	      2430	80000f5a	00060613	addi	x12,x12,0	 x12:0x00000600 x12=0x00000600
       25305000	      2431	80000f5e	00cb2023	sw	x12,0(x22)	 x22:0x8ffffffc x12:0x00000600 PA:0x8ffffffc store:0x00000600 load:0x00000000
       25315000	      2432	80000f62	34202673	csrrs	x12,mcause,x0	  x0:0x00000000 x12=0x8000000b
       25325000	      2433	80000f66	827d	c.srli	x12,0x1f	 x12:0x8000000b x12=0x00000001
       25335000	      2434	80000f68	c63d	c.beqz	x12,80000fd6	 x12:0x00000001
       25345000	      2435	80000f6a	90000b37	lui	x22,0x90000	 x22=0x90000000
       25355000	      2436	80000f6e	1b71	c.addi	x22,-4	 x22:0x90000000 x22=0x8ffffffc
       25365000	      2437	80000f70	30000613	addi	x12,x0,768	  x0:0x00000000 x12=0x00000300
       25375000	      2438	80000f74	0622	c.slli	x12,0x8	 x12:0x00000300 x12=0x00030000
       25385000	      2439	80000f76	060d	c.addi	x12,3	 x12:0x00030000 x12=0x00030003
       25395000	      2440	80000f78	00cb2023	sw	x12,0(x22)	 x22:0x8ffffffc x12:0x00030003 PA:0x8ffffffc store:0x00030003 load:0x00000000
       25405000	      2441	80000f7c	30002673	csrrs	x12,mstatus,x0	  x0:0x00000000 x12=0x00001880
       25415000	      2442	80000f80	00cb2023	sw	x12,0(x22)	 x22:0x8ffffffc x12:0x00001880 PA:0x8ffffffc store:0x00001880 load:0x00000000
       25425000	      2443	80000f84	90000b37	lui	x22,0x90000	 x22=0x90000000
       25435000	      2444	80000f88	1b71	c.addi	x22,-4	 x22:0x90000000 x22=0x8ffffffc
       25445000	      2445	80000f8a	34200613	addi	x12,x0,834	  x0:0x00000000 x12=0x00000342
       25455000	      2446	80000f8e	0622	c.slli	x12,0x8	 x12:0x00000342 x12=0x00034200
       25465000	      2447	80000f90	060d	c.addi	x12,3	 x12:0x00034200 x12=0x00034203
       25475000	      2448	80000f92	00cb2023	sw	x12,0(x22)	 x22:0x8ffffffc x12:0x00034203 PA:0x8ffffffc store:0x00034203 load:0x00000000
       25485000	      2449	80000f96	34202673	csrrs	x12,mcause,x0	  x0:0x00000000 x12=0x8000000b
       25495000	      2450	80000f9a	00cb2023	sw	x12,0(x22)	 x22:0x8ffffffc x12:0x8000000b PA:0x8ffffffc store:0x8000000b load:0x00000000
       25505000	      2451	80000f9e	90000b37	lui	x22,0x90000	 x22=0x90000000
       25515000	      2452	80000fa2	1b71	c.addi	x22,-4	 x22:0x90000000 x22=0x8ffffffc
       25525000	      2453	80000fa4	30400613	addi	x12,x0,772	  x0:0x00000000 x12=0x00000304
       25535000	      2454	80000fa8	0622	c.slli	x12,0x8	 x12:0x00000304 x12=0x00030400
       25545000	      2455	80000faa	060d	c.addi	x12,3	 x12:0x00030400 x12=0x00030403
       25555000	      2456	80000fac	00cb2023	sw	x12,0(x22)	 x22:0x8ffffffc x12:0x00030403 PA:0x8ffffffc store:0x00030403 load:0x00000000
       25565000	      2457	80000fb0	30402673	csrrs	x12,mie,x0	  x0:0x00000000 x12=0x28ca0888
       25575000	      2458	80000fb4	00cb2023	sw	x12,0(x22)	 x22:0x8ffffffc x12:0x28ca0888 PA:0x8ffffffc store:0x28ca0888 load:0x00000000
       25585000	      2459	80000fb8	90000b37	lui	x22,0x90000	 x22=0x90000000
       25595000	      2460	80000fbc	1b71	c.addi	x22,-4	 x22:0x90000000 x22=0x8ffffffc
       25605000	      2461	80000fbe	34400613	addi	x12,x0,836	  x0:0x00000000 x12=0x00000344
       25615000	      2462	80000fc2	0622	c.slli	x12,0x8	 x12:0x00000344 x12=0x00034400
       25625000	      2463	80000fc4	060d	c.addi	x12,3	 x12:0x00034400 x12=0x00034403
       25635000	      2464	80000fc6	00cb2023	sw	x12,0(x22)	 x22:0x8ffffffc x12:0x00034403 PA:0x8ffffffc store:0x00034403 load:0x00000000
       25645000	      2465	80000fca	34402673	csrrs	x12,mip,x0	  x0:0x00000000 x12=0x00000000
       25655000	      2466	80000fce	00cb2023	sw	x12,0(x22)	 x22:0x8ffffffc x12:0x00000000 PA:0x8ffffffc store:0x00000000 load:0x00000000
       25665000	      2467	80000fd2	3871106f	jal	x0,80012b58	  x0=0x00000000
       25685000	      2469	80012b58	30002673	csrrs	x12,mstatus,x0	  x0:0x00000000 x12=0x00001880
       25695000	      2470	80012b5c	30402673	csrrs	x12,mie,x0	  x0:0x00000000 x12=0x28ca0888
       25705000	      2471	80012b60	34402673	csrrs	x12,mip,x0	  x0:0x00000000 x12=0x00000000
       25715000	      2472	80012b64	34463673	csrrc	x12,mip,x12	 x12:0x00000000 x12=0x00000000
       25745000	      2475	80012b68	90000b37	lui	x22,0x90000	 x22=0x90000000
       25755000	      2476	80012b6c	1b71	c.addi	x22,-4	 x22:0x90000000 x22=0x8ffffffc
       25765000	      2477	80012b6e	461d	c.li	x12,7	 x12=0x00000007
       25775000	      2478	80012b70	0622	c.slli	x12,0x8	 x12:0x00000007 x12=0x00000700
       25785000	      2479	80012b72	00060613	addi	x12,x12,0	 x12:0x00000700 x12=0x00000700
       25795000	      2480	80012b76	00cb2023	sw	x12,0(x22)	 x22:0x8ffffffc x12:0x00000700 PA:0x8ffffffc store:0x00000700 load:0x00000000
       25805000	      2481	80012b7a	000c89b3	add	x19,x25,x0	 x25:0x8002cc60  x0:0x00000000 x19=0x8002cc60
       25815000	      2482	80012b7e	0049a083	lw	x1,4(x19)	 x19:0x8002cc60  x1=0x000000bc PA:0x8002cc64 load:0x000000bc
       25825000	      2483	80012b82	0089a103	lw	x2,8(x19)	 x19:0x8002cc60  x2=0xfffffffd PA:0x8002cc68 load:0xfffffffd
       25835000	      2484	80012b86	00c9a183	lw	x3,12(x19)	 x19:0x8002cc60  x3=0x545500bc PA:0x8002cc6c load:0x545500bc
       25845000	      2485	80012b8a	0109a203	lw	x4,16(x19)	 x19:0x8002cc60  x4=0x00000002 PA:0x8002cc70 load:0x00000002
       25855000	      2486	80012b8e	0149a283	lw	x5,20(x19)	 x19:0x8002cc60  x5=0x00000000 PA:0x8002cc74 load:0x00000000
       25865000	      2487	80012b92	0189a303	lw	x6,24(x19)	 x19:0x8002cc60  x6=0x00000001 PA:0x8002cc78 load:0x00000001
       25875000	      2488	80012b96	01c9a383	lw	x7,28(x19)	 x19:0x8002cc60  x7=0xffffffed PA:0x8002cc7c load:0xffffffed
       25885000	      2489	80012b9a	0209a403	lw	x8,32(x19)	 x19:0x8002cc60  x8=0x00000004 PA:0x8002cc80 load:0x00000004
       25895000	      2490	80012b9e	0249a483	lw	x9,36(x19)	 x19:0x8002cc60  x9=0x00000005 PA:0x8002cc84 load:0x00000005
       25905000	      2491	80012ba2	0289a503	lw	x10,40(x19)	 x19:0x8002cc60 x10=0x00000000 PA:0x8002cc88 load:0x00000000
       25915000	      2492	80012ba6	02c9a583	lw	x11,44(x19)	 x19:0x8002cc60 x11=0xfffffffb PA:0x8002cc8c load:0xfffffffb
       25925000	      2493	80012baa	0309a603	lw	x12,48(x19)	 x19:0x8002cc60 x12=0x0000001d PA:0x8002cc90 load:0x0000001d
       25935000	      2494	80012bae	0349a683	lw	x13,52(x19)	 x19:0x8002cc60 x13=0x00000000 PA:0x8002cc94 load:0x00000000
       25945000	      2495	80012bb2	0389a703	lw	x14,56(x19)	 x19:0x8002cc60 x14=0x8b3bb000 PA:0x8002cc98 load:0x8b3bb000
       25955000	      2496	80012bb6	03c9a783	lw	x15,60(x19)	 x19:0x8002cc60 x15=0x000000bc PA:0x8002cc9c load:0x000000bc
       25965000	      2497	80012bba	0409a803	lw	x16,64(x19)	 x19:0x8002cc60 x16=0x000000ae PA:0x8002cca0 load:0x000000ae
       25975000	      2498	80012bbe	0449a883	lw	x17,68(x19)	 x19:0x8002cc60 x17=0xde337000 PA:0x8002cca4 load:0xde337000
       25985000	      2499	80012bc2	0489a903	lw	x18,72(x19)	 x19:0x8002cc60 x18=0x000000fc PA:0x8002cca8 load:0x000000fc
       25995000	      2500	80012bc6	04c9a983	lw	x19,76(x19)	 x19:0x8002cc60 x19=0x8002cc60 PA:0x8002ccac load:0x8002cc60
       26015000	      2502	80012bca	0509aa03	lw	x20,80(x19)	 x19:0x8002cc60 x20=0xffffff0b PA:0x8002ccb0 load:0xffffff0b
       26025000	      2503	80012bce	0549aa83	lw	x21,84(x19)	 x19:0x8002cc60 x21=0x00000000 PA:0x8002ccb4 load:0x00000000
       26035000	      2504	80012bd2	0589ab03	lw	x22,88(x19)	 x19:0x8002cc60 x22=0x00000009 PA:0x8002ccb8 load:0x00000009
       26045000	      2505	80012bd6	05c9ab83	lw	x23,92(x19)	 x19:0x8002cc60 x23=0x0000000c PA:0x8002ccbc load:0x0000000c
       26055000	      2506	80012bda	0609ac03	lw	x24,96(x19)	 x19:0x8002cc60 x24=0x00000064 PA:0x8002ccc0 load:0x00000064
       26065000	      2507	80012bde	0649ac83	lw	x25,100(x19)	 x19:0x8002cc60 x25=0x8002cce0 PA:0x8002ccc4 load:0x8002cce0
       26075000	      2508	80012be2	0689ad03	lw	x26,104(x19)	 x19:0x8002cc60 x26=0x10000000 PA:0x8002ccc8 load:0x10000000
       26085000	      2509	80012be6	06c9ad83	lw	x27,108(x19)	 x19:0x8002cc60 x27=0x800133f1 PA:0x8002cccc load:0x800133f1
       26095000	      2510	80012bea	0709ae03	lw	x28,112(x19)	 x19:0x8002cc60 x28=0x00000000 PA:0x8002ccd0 load:0x00000000
       26105000	      2511	80012bee	0749ae83	lw	x29,116(x19)	 x19:0x8002cc60 x29=0x00000001 PA:0x8002ccd4 load:0x00000001
       26115000	      2512	80012bf2	0789af03	lw	x30,120(x19)	 x19:0x8002cc60 x30=0x00000007 PA:0x8002ccd8 load:0x00000007
       26125000	      2513	80012bf6	07c9af83	lw	x31,124(x19)	 x19:0x8002cc60 x31=0xe6e2b844 PA:0x8002ccdc load:0xe6e2b844
       26135000	      2514	80012bfa	08098993	addi	x19,x19,128	 x19:0x8002cc60 x19=0x8002cce0
       26145000	      2515	80012bfe	00098cb3	add	x25,x19,x0	 x19:0x8002cce0  x0:0x00000000 x25=0x8002cce0
       26155000	      2516	80012c02	000ca983	lw	x19,0(x25)	 x25:0x8002cce0 x19=0x80028db8 PA:0x8002cce0 load:0x80028db8
       26165000	      2517	80012c06	0c91	c.addi	x25,4	 x25:0x8002cce0 x25=0x8002cce4
       26175000	      2518	80012c08	30200073	mret	
       26205000	      2521	8000d83c	117d	c.addi	x2,-1	  x2:0xfffffffd  x2=0xfffffffc
       26215000	      2522	8000d83e	01312e33	slt	x28,x2,x19	  x2:0xfffffffc x19:0x80028db8 x28=0x00000000
       26225000	      2523	8000d842	4675	c.li	x12,29	 x12=0x0000001d
       26235000	      2524	8000d844	66e1ef97	auipc	x31,0x66e1e	 x31=0xe6e2b844
       26245000	      2525	8000d848	8495	c.srai	x9,0x5	  x9:0x00000005  x9=0x00000000
       26285000	      2529	8000d84a	0394a233	mulhsu	x4,x9,x25	  x9:0x00000000 x25:0x8002cce4  x4=0x00000000
       26295000	      2530	8000d84e	0b25	c.addi	x22,9	 x22:0x00000009 x22=0x00000012
       26665000	      2567	8000d850	027c5a33	divu	x20,x24,x7	 x24:0x00000064  x7:0xffffffed x20=0x00000000
       26675000	      2568	8000d854	de3378b7	lui	x17,0xde337	 x17=0xde337000
       26685000	      2569	8000d858	fc715be3	bge	x2,x7,8000d82e	  x2:0xfffffffc  x7:0xffffffed
       26705000	      2571	8000d82e	0001	c.addi	x0,0	  x0:0x00000000  x0=0x00000000
       26745000	      2575	8000d830	032c3033	mulhu	x0,x24,x18	 x24:0x00000064 x18:0x000000fc  x0=0x00000000
       26755000	      2576	8000d834	412f0a33	sub	x20,x30,x18	 x30:0x00000007 x18:0x000000fc x20=0xffffff0b
       26765000	      2577	8000d838	10500073	wfi	
       27945000	      2695	8000272c	f96fe06f	jal	x0,80000ec2	  x0=0x00000000
       27965000	      2697	80000ec2	1cf1	c.addi	x25,-4	 x25:0x8002cce4 x25=0x8002cce0
       27975000	      2698	80000ec4	013ca023	sw	x19,0(x25)	 x25:0x8002cce0 x19:0x80028db8 PA:0x8002cce0 store:0x80028db8 load:0x00000000
       27985000	      2699	80000ec8	000c89b3	add	x19,x25,x0	 x25:0x8002cce0  x0:0x00000000 x19=0x8002cce0
       27995000	      2700	80000ecc	f8098993	addi	x19,x19,-128	 x19:0x8002cce0 x19=0x8002cc60
       28005000	      2701	80000ed0	0019a223	sw	x1,4(x19)	 x19:0x8002cc60  x1:0x000000bc PA:0x8002cc64 store:0x000000bc load:0x00000000
       28015000	      2702	80000ed4	0029a423	sw	x2,8(x19)	 x19:0x8002cc60  x2:0xfffffffc PA:0x8002cc68 store:0xfffffffc load:0x00000000
       28025000	      2703	80000ed8	0039a623	sw	x3,12(x19)	 x19:0x8002cc60  x3:0x545500bc PA:0x8002cc6c store:0x545500bc load:0x00000000
       28035000	      2704	80000edc	0049a823	sw	x4,16(x19)	 x19:0x8002cc60  x4:0x00000000 PA:0x8002cc70 store:0x00000000 load:0x00000000
       28045000	      2705	80000ee0	0059aa23	sw	x5,20(x19)	 x19:0x8002cc60  x5:0x00000000 PA:0x8002cc74 store:0x00000000 load:0x00000000
       28055000	      2706	80000ee4	0069ac23	sw	x6,24(x19)	 x19:0x8002cc60  x6:0x00000001 PA:0x8002cc78 store:0x00000001 load:0x00000000
       28065000	      2707	80000ee8	0079ae23	sw	x7,28(x19)	 x19:0x8002cc60  x7:0xffffffed PA:0x8002cc7c store:0xffffffed load:0x00000000
       28075000	      2708	80000eec	0289a023	sw	x8,32(x19)	 x19:0x8002cc60  x8:0x00000004 PA:0x8002cc80 store:0x00000004 load:0x00000000
       28085000	      2709	80000ef0	0299a223	sw	x9,36(x19)	 x19:0x8002cc60  x9:0x00000000 PA:0x8002cc84 store:0x00000000 load:0x00000000
       28095000	      2710	80000ef4	02a9a423	sw	x10,40(x19)	 x19:0x8002cc60 x10:0x00000000 PA:0x8002cc88 store:0x00000000 load:0x00000000
       28105000	      2711	80000ef8	02b9a623	sw	x11,44(x19)	 x19:0x8002cc60 x11:0xfffffffb PA:0x8002cc8c store:0xfffffffb load:0x00000000
       28115000	      2712	80000efc	02c9a823	sw	x12,48(x19)	 x19:0x8002cc60 x12:0x0000001d PA:0x8002cc90 store:0x0000001d load:0x00000000
       28125000	      2713	80000f00	02d9aa23	sw	x13,52(x19)	 x19:0x8002cc60 x13:0x00000000 PA:0x8002cc94 store:0x00000000 load:0x00000000
       28135000	      2714	80000f04	02e9ac23	sw	x14,56(x19)	 x19:0x8002cc60 x14:0x8b3bb000 PA:0x8002cc98 store:0x8b3bb000 load:0x00000000
       28145000	      2715	80000f08	02f9ae23	sw	x15,60(x19)	 x19:0x8002cc60 x15:0x000000bc PA:0x8002cc9c store:0x000000bc load:0x00000000
       28155000	      2716	80000f0c	0509a023	sw	x16,64(x19)	 x19:0x8002cc60 x16:0x000000ae PA:0x8002cca0 store:0x000000ae load:0x00000000
       28165000	      2717	80000f10	0519a223	sw	x17,68(x19)	 x19:0x8002cc60 x17:0xde337000 PA:0x8002cca4 store:0xde337000 load:0x00000000
       28175000	      2718	80000f14	0529a423	sw	x18,72(x19)	 x19:0x8002cc60 x18:0x000000fc PA:0x8002cca8 store:0x000000fc load:0x00000000
       28185000	      2719	80000f18	0539a623	sw	x19,76(x19)	 x19:0x8002cc60 x19:0x8002cc60 PA:0x8002ccac store:0x8002cc60 load:0x00000000
       28195000	      2720	80000f1c	0549a823	sw	x20,80(x19)	 x19:0x8002cc60 x20:0xffffff0b PA:0x8002ccb0 store:0xffffff0b load:0x00000000
       28205000	      2721	80000f20	0559aa23	sw	x21,84(x19)	 x19:0x8002cc60 x21:0x00000000 PA:0x8002ccb4 store:0x00000000 load:0x00000000
       28215000	      2722	80000f24	0569ac23	sw	x22,88(x19)	 x19:0x8002cc60 x22:0x00000012 PA:0x8002ccb8 store:0x00000012 load:0x00000000
       28225000	      2723	80000f28	0579ae23	sw	x23,92(x19)	 x19:0x8002cc60 x23:0x0000000c PA:0x8002ccbc store:0x0000000c load:0x00000000
       28235000	      2724	80000f2c	0789a023	sw	x24,96(x19)	 x19:0x8002cc60 x24:0x00000064 PA:0x8002ccc0 store:0x00000064 load:0x00000000
       28245000	      2725	80000f30	0799a223	sw	x25,100(x19)	 x19:0x8002cc60 x25:0x8002cce0 PA:0x8002ccc4 store:0x8002cce0 load:0x00000000
       28255000	      2726	80000f34	07a9a423	sw	x26,104(x19)	 x19:0x8002cc60 x26:0x10000000 PA:0x8002ccc8 store:0x10000000 load:0x00000000
       28265000	      2727	80000f38	07b9a623	sw	x27,108(x19)	 x19:0x8002cc60 x27:0x800133f1 PA:0x8002cccc store:0x800133f1 load:0x00000000
       28275000	      2728	80000f3c	07c9a823	sw	x28,112(x19)	 x19:0x8002cc60 x28:0x00000000 PA:0x8002ccd0 store:0x00000000 load:0x00000000
       28285000	      2729	80000f40	07d9aa23	sw	x29,116(x19)	 x19:0x8002cc60 x29:0x00000001 PA:0x8002ccd4 store:0x00000001 load:0x00000000
       28295000	      2730	80000f44	07e9ac23	sw	x30,120(x19)	 x19:0x8002cc60 x30:0x00000007 PA:0x8002ccd8 store:0x00000007 load:0x00000000
       28305000	      2731	80000f48	07f9ae23	sw	x31,124(x19)	 x19:0x8002cc60 x31:0xe6e2b844 PA:0x8002ccdc store:0xe6e2b844 load:0x00000000
       28315000	      2732	80000f4c	00098cb3	add	x25,x19,x0	 x19:0x8002cc60  x0:0x00000000 x25=0x8002cc60
       28325000	      2733	80000f50	90000b37	lui	x22,0x90000	 x22=0x90000000
       28335000	      2734	80000f54	1b71	c.addi	x22,-4	 x22:0x90000000 x22=0x8ffffffc
       28345000	      2735	80000f56	4619	c.li	x12,6	 x12=0x00000006
       28355000	      2736	80000f58	0622	c.slli	x12,0x8	 x12:0x00000006 x12=0x00000600
       28365000	      2737	80000f5a	00060613	addi	x12,x12,0	 x12:0x00000600 x12=0x00000600
       28375000	      2738	80000f5e	00cb2023	sw	x12,0(x22)	 x22:0x8ffffffc x12:0x00000600 PA:0x8ffffffc store:0x00000600 load:0x00000000
       28385000	      2739	80000f62	34202673	csrrs	x12,mcause,x0	  x0:0x00000000 x12=0x8000000b
       28395000	      2740	80000f66	827d	c.srli	x12,0x1f	 x12:0x8000000b x12=0x00000001
       28405000	      2741	80000f68	c63d	c.beqz	x12,80000fd6	 x12:0x00000001
       28415000	      2742	80000f6a	90000b37	lui	x22,0x90000	 x22=0x90000000
       28425000	      2743	80000f6e	1b71	c.addi	x22,-4	 x22:0x90000000 x22=0x8ffffffc
       28435000	      2744	80000f70	30000613	addi	x12,x0,768	  x0:0x00000000 x12=0x00000300
       28445000	      2745	80000f74	0622	c.slli	x12,0x8	 x12:0x00000300 x12=0x00030000
       28455000	      2746	80000f76	060d	c.addi	x12,3	 x12:0x00030000 x12=0x00030003
       28465000	      2747	80000f78	00cb2023	sw	x12,0(x22)	 x22:0x8ffffffc x12:0x00030003 PA:0x8ffffffc store:0x00030003 load:0x00000000
       28475000	      2748	80000f7c	30002673	csrrs	x12,mstatus,x0	  x0:0x00000000 x12=0x00001880
       28485000	      2749	80000f80	00cb2023	sw	x12,0(x22)	 x22:0x8ffffffc x12:0x00001880 PA:0x8ffffffc store:0x00001880 load:0x00000000
       28495000	      2750	80000f84	90000b37	lui	x22,0x90000	 x22=0x90000000
       28505000	      2751	80000f88	1b71	c.addi	x22,-4	 x22:0x90000000 x22=0x8ffffffc
       28515000	      2752	80000f8a	34200613	addi	x12,x0,834	  x0:0x00000000 x12=0x00000342
       28525000	      2753	80000f8e	0622	c.slli	x12,0x8	 x12:0x00000342 x12=0x00034200
       28535000	      2754	80000f90	060d	c.addi	x12,3	 x12:0x00034200 x12=0x00034203
       28545000	      2755	80000f92	00cb2023	sw	x12,0(x22)	 x22:0x8ffffffc x12:0x00034203 PA:0x8ffffffc store:0x00034203 load:0x00000000
       28555000	      2756	80000f96	34202673	csrrs	x12,mcause,x0	  x0:0x00000000 x12=0x8000000b
       28565000	      2757	80000f9a	00cb2023	sw	x12,0(x22)	 x22:0x8ffffffc x12:0x8000000b PA:0x8ffffffc store:0x8000000b load:0x00000000
       28575000	      2758	80000f9e	90000b37	lui	x22,0x90000	 x22=0x90000000
       28585000	      2759	80000fa2	1b71	c.addi	x22,-4	 x22:0x90000000 x22=0x8ffffffc
       28595000	      2760	80000fa4	30400613	addi	x12,x0,772	  x0:0x00000000 x12=0x00000304
       28605000	      2761	80000fa8	0622	c.slli	x12,0x8	 x12:0x00000304 x12=0x00030400
       28615000	      2762	80000faa	060d	c.addi	x12,3	 x12:0x00030400 x12=0x00030403
       28625000	      2763	80000fac	00cb2023	sw	x12,0(x22)	 x22:0x8ffffffc x12:0x00030403 PA:0x8ffffffc store:0x00030403 load:0x00000000
       28635000	      2764	80000fb0	30402673	csrrs	x12,mie,x0	  x0:0x00000000 x12=0x28ca0888
       28645000	      2765	80000fb4	00cb2023	sw	x12,0(x22)	 x22:0x8ffffffc x12:0x28ca0888 PA:0x8ffffffc store:0x28ca0888 load:0x00000000
       28655000	      2766	80000fb8	90000b37	lui	x22,0x90000	 x22=0x90000000
       28665000	      2767	80000fbc	1b71	c.addi	x22,-4	 x22:0x90000000 x22=0x8ffffffc
       28675000	      2768	80000fbe	34400613	addi	x12,x0,836	  x0:0x00000000 x12=0x00000344
       28685000	      2769	80000fc2	0622	c.slli	x12,0x8	 x12:0x00000344 x12=0x00034400
       28695000	      2770	80000fc4	060d	c.addi	x12,3	 x12:0x00034400 x12=0x00034403
       28705000	      2771	80000fc6	00cb2023	sw	x12,0(x22)	 x22:0x8ffffffc x12:0x00034403 PA:0x8ffffffc store:0x00034403 load:0x00000000
       28715000	      2772	80000fca	34402673	csrrs	x12,mip,x0	  x0:0x00000000 x12=0x00000000
       28725000	      2773	80000fce	00cb2023	sw	x12,0(x22)	 x22:0x8ffffffc x12:0x00000000 PA:0x8ffffffc store:0x00000000 load:0x00000000
       28735000	      2774	80000fd2	3871106f	jal	x0,80012b58	  x0=0x00000000
       28755000	      2776	80012b58	30002673	csrrs	x12,mstatus,x0	  x0:0x00000000 x12=0x00001880
       28765000	      2777	80012b5c	30402673	csrrs	x12,mie,x0	  x0:0x00000000 x12=0x28ca0888
       28775000	      2778	80012b60	34402673	csrrs	x12,mip,x0	  x0:0x00000000 x12=0x00000000
       28785000	      2779	80012b64	34463673	csrrc	x12,mip,x12	 x12:0x00000000 x12=0x00000000
       28815000	      2782	80012b68	90000b37	lui	x22,0x90000	 x22=0x90000000
       28825000	      2783	80012b6c	1b71	c.addi	x22,-4	 x22:0x90000000 x22=0x8ffffffc
       28835000	      2784	80012b6e	461d	c.li	x12,7	 x12=0x00000007
       28845000	      2785	80012b70	0622	c.slli	x12,0x8	 x12:0x00000007 x12=0x00000700
       28855000	      2786	80012b72	00060613	addi	x12,x12,0	 x12:0x00000700 x12=0x00000700
       28865000	      2787	80012b76	00cb2023	sw	x12,0(x22)	 x22:0x8ffffffc x12:0x00000700 PA:0x8ffffffc store:0x00000700 load:0x00000000
       28875000	      2788	80012b7a	000c89b3	add	x19,x25,x0	 x25:0x8002cc60  x0:0x00000000 x19=0x8002cc60
       28885000	      2789	80012b7e	0049a083	lw	x1,4(x19)	 x19:0x8002cc60  x1=0x000000bc PA:0x8002cc64 load:0x000000bc
       28895000	      2790	80012b82	0089a103	lw	x2,8(x19)	 x19:0x8002cc60  x2=0xfffffffc PA:0x8002cc68 load:0xfffffffc
       28905000	      2791	80012b86	00c9a183	lw	x3,12(x19)	 x19:0x8002cc60  x3=0x545500bc PA:0x8002cc6c load:0x545500bc
       28915000	      2792	80012b8a	0109a203	lw	x4,16(x19)	 x19:0x8002cc60  x4=0x00000000 PA:0x8002cc70 load:0x00000000
       28925000	      2793	80012b8e	0149a283	lw	x5,20(x19)	 x19:0x8002cc60  x5=0x00000000 PA:0x8002cc74 load:0x00000000
       28935000	      2794	80012b92	0189a303	lw	x6,24(x19)	 x19:0x8002cc60  x6=0x00000001 PA:0x8002cc78 load:0x00000001
       28945000	      2795	80012b96	01c9a383	lw	x7,28(x19)	 x19:0x8002cc60  x7=0xffffffed PA:0x8002cc7c load:0xffffffed
       28955000	      2796	80012b9a	0209a403	lw	x8,32(x19)	 x19:0x8002cc60  x8=0x00000004 PA:0x8002cc80 load:0x00000004
       28965000	      2797	80012b9e	0249a483	lw	x9,36(x19)	 x19:0x8002cc60  x9=0x00000000 PA:0x8002cc84 load:0x00000000
       28975000	      2798	80012ba2	0289a503	lw	x10,40(x19)	 x19:0x8002cc60 x10=0x00000000 PA:0x8002cc88 load:0x00000000
       28985000	      2799	80012ba6	02c9a583	lw	x11,44(x19)	 x19:0x8002cc60 x11=0xfffffffb PA:0x8002cc8c load:0xfffffffb
       28995000	      2800	80012baa	0309a603	lw	x12,48(x19)	 x19:0x8002cc60 x12=0x0000001d PA:0x8002cc90 load:0x0000001d
       29005000	      2801	80012bae	0349a683	lw	x13,52(x19)	 x19:0x8002cc60 x13=0x00000000 PA:0x8002cc94 load:0x00000000
       29015000	      2802	80012bb2	0389a703	lw	x14,56(x19)	 x19:0x8002cc60 x14=0x8b3bb000 PA:0x8002cc98 load:0x8b3bb000
       29025000	      2803	80012bb6	03c9a783	lw	x15,60(x19)	 x19:0x8002cc60 x15=0x000000bc PA:0x8002cc9c load:0x000000bc
       29035000	      2804	80012bba	0409a803	lw	x16,64(x19)	 x19:0x8002cc60 x16=0x000000ae PA:0x8002cca0 load:0x000000ae
       29045000	      2805	80012bbe	0449a883	lw	x17,68(x19)	 x19:0x8002cc60 x17=0xde337000 PA:0x8002cca4 load:0xde337000
       29055000	      2806	80012bc2	0489a903	lw	x18,72(x19)	 x19:0x8002cc60 x18=0x000000fc PA:0x8002cca8 load:0x000000fc
       29065000	      2807	80012bc6	04c9a983	lw	x19,76(x19)	 x19:0x8002cc60 x19=0x8002cc60 PA:0x8002ccac load:0x8002cc60
       29085000	      2809	80012bca	0509aa03	lw	x20,80(x19)	 x19:0x8002cc60 x20=0xffffff0b PA:0x8002ccb0 load:0xffffff0b
       29095000	      2810	80012bce	0549aa83	lw	x21,84(x19)	 x19:0x8002cc60 x21=0x00000000 PA:0x8002ccb4 load:0x00000000
       29105000	      2811	80012bd2	0589ab03	lw	x22,88(x19)	 x19:0x8002cc60 x22=0x00000012 PA:0x8002ccb8 load:0x00000012
       29115000	      2812	80012bd6	05c9ab83	lw	x23,92(x19)	 x19:0x8002cc60 x23=0x0000000c PA:0x8002ccbc load:0x0000000c
       29125000	      2813	80012bda	0609ac03	lw	x24,96(x19)	 x19:0x8002cc60 x24=0x00000064 PA:0x8002ccc0 load:0x00000064
       29135000	      2814	80012bde	0649ac83	lw	x25,100(x19)	 x19:0x8002cc60 x25=0x8002cce0 PA:0x8002ccc4 load:0x8002cce0
       29145000	      2815	80012be2	0689ad03	lw	x26,104(x19)	 x19:0x8002cc60 x26=0x10000000 PA:0x8002ccc8 load:0x10000000
       29155000	      2816	80012be6	06c9ad83	lw	x27,108(x19)	 x19:0x8002cc60 x27=0x800133f1 PA:0x8002cccc load:0x800133f1
       29165000	      2817	80012bea	0709ae03	lw	x28,112(x19)	 x19:0x8002cc60 x28=0x00000000 PA:0x8002ccd0 load:0x00000000
       29175000	      2818	80012bee	0749ae83	lw	x29,116(x19)	 x19:0x8002cc60 x29=0x00000001 PA:0x8002ccd4 load:0x00000001
       29185000	      2819	80012bf2	0789af03	lw	x30,120(x19)	 x19:0x8002cc60 x30=0x00000007 PA:0x8002ccd8 load:0x00000007
       29195000	      2820	80012bf6	07c9af83	lw	x31,124(x19)	 x19:0x8002cc60 x31=0xe6e2b844 PA:0x8002ccdc load:0xe6e2b844
       29205000	      2821	80012bfa	08098993	addi	x19,x19,128	 x19:0x8002cc60 x19=0x8002cce0
       29215000	      2822	80012bfe	00098cb3	add	x25,x19,x0	 x19:0x8002cce0  x0:0x00000000 x25=0x8002cce0
       29225000	      2823	80012c02	000ca983	lw	x19,0(x25)	 x25:0x8002cce0 x19=0x80028db8 PA:0x8002cce0 load:0x80028db8
       29235000	      2824	80012c06	0c91	c.addi	x25,4	 x25:0x8002cce0 x25=0x8002cce4
       29245000	      2825	80012c08	30200073	mret	
       29275000	      2828	8000d83c	117d	c.addi	x2,-1	  x2:0xfffffffc  x2=0xfffffffb
       29285000	      2829	8000d83e	01312e33	slt	x28,x2,x19	  x2:0xfffffffb x19:0x80028db8 x28=0x00000000
       29295000	      2830	8000d842	4675	c.li	x12,29	 x12=0x0000001d
       29305000	      2831	8000d844	66e1ef97	auipc	x31,0x66e1e	 x31=0xe6e2b844
       29315000	      2832	8000d848	8495	c.srai	x9,0x5	  x9:0x00000000  x9=0x00000000
       29355000	      2836	8000d84a	0394a233	mulhsu	x4,x9,x25	  x9:0x00000000 x25:0x8002cce4  x4=0x00000000
       29365000	      2837	8000d84e	0b25	c.addi	x22,9	 x22:0x00000012 x22=0x0000001b
       29735000	      2874	8000d850	027c5a33	divu	x20,x24,x7	 x24:0x00000064  x7:0xffffffed x20=0x00000000
       29745000	      2875	8000d854	de3378b7	lui	x17,0xde337	 x17=0xde337000
       29755000	      2876	8000d858	fc715be3	bge	x2,x7,8000d82e	  x2:0xfffffffb  x7:0xffffffed
       29775000	      2878	8000d82e	0001	c.addi	x0,0	  x0:0x00000000  x0=0x00000000
       29815000	      2882	8000d830	032c3033	mulhu	x0,x24,x18	 x24:0x00000064 x18:0x000000fc  x0=0x00000000
       29825000	      2883	8000d834	412f0a33	sub	x20,x30,x18	 x30:0x00000007 x18:0x000000fc x20=0xffffff0b
       29835000	      2884	8000d838	10500073	wfi	
       31015000	      3002	8000272c	f96fe06f	jal	x0,80000ec2	  x0=0x00000000
       31035000	      3004	80000ec2	1cf1	c.addi	x25,-4	 x25:0x8002cce4 x25=0x8002cce0
       31045000	      3005	80000ec4	013ca023	sw	x19,0(x25)	 x25:0x8002cce0 x19:0x80028db8 PA:0x8002cce0 store:0x80028db8 load:0x00000000
       31055000	      3006	80000ec8	000c89b3	add	x19,x25,x0	 x25:0x8002cce0  x0:0x00000000 x19=0x8002cce0
       31065000	      3007	80000ecc	f8098993	addi	x19,x19,-128	 x19:0x8002cce0 x19=0x8002cc60
       31075000	      3008	80000ed0	0019a223	sw	x1,4(x19)	 x19:0x8002cc60  x1:0x000000bc PA:0x8002cc64 store:0x000000bc load:0x00000000
       31085000	      3009	80000ed4	0029a423	sw	x2,8(x19)	 x19:0x8002cc60  x2:0xfffffffb PA:0x8002cc68 store:0xfffffffb load:0x00000000
       31095000	      3010	80000ed8	0039a623	sw	x3,12(x19)	 x19:0x8002cc60  x3:0x545500bc PA:0x8002cc6c store:0x545500bc load:0x00000000
       31105000	      3011	80000edc	0049a823	sw	x4,16(x19)	 x19:0x8002cc60  x4:0x00000000 PA:0x8002cc70 store:0x00000000 load:0x00000000
       31115000	      3012	80000ee0	0059aa23	sw	x5,20(x19)	 x19:0x8002cc60  x5:0x00000000 PA:0x8002cc74 store:0x00000000 load:0x00000000
       31125000	      3013	80000ee4	0069ac23	sw	x6,24(x19)	 x19:0x8002cc60  x6:0x00000001 PA:0x8002cc78 store:0x00000001 load:0x00000000
       31135000	      3014	80000ee8	0079ae23	sw	x7,28(x19)	 x19:0x8002cc60  x7:0xffffffed PA:0x8002cc7c store:0xffffffed load:0x00000000
       31145000	      3015	80000eec	0289a023	sw	x8,32(x19)	 x19:0x8002cc60  x8:0x00000004 PA:0x8002cc80 store:0x00000004 load:0x00000000
       31155000	      3016	80000ef0	0299a223	sw	x9,36(x19)	 x19:0x8002cc60  x9:0x00000000 PA:0x8002cc84 store:0x00000000 load:0x00000000
       31165000	      3017	80000ef4	02a9a423	sw	x10,40(x19)	 x19:0x8002cc60 x10:0x00000000 PA:0x8002cc88 store:0x00000000 load:0x00000000
       31175000	      3018	80000ef8	02b9a623	sw	x11,44(x19)	 x19:0x8002cc60 x11:0xfffffffb PA:0x8002cc8c store:0xfffffffb load:0x00000000
       31185000	      3019	80000efc	02c9a823	sw	x12,48(x19)	 x19:0x8002cc60 x12:0x0000001d PA:0x8002cc90 store:0x0000001d load:0x00000000
       31195000	      3020	80000f00	02d9aa23	sw	x13,52(x19)	 x19:0x8002cc60 x13:0x00000000 PA:0x8002cc94 store:0x00000000 load:0x00000000
       31205000	      3021	80000f04	02e9ac23	sw	x14,56(x19)	 x19:0x8002cc60 x14:0x8b3bb000 PA:0x8002cc98 store:0x8b3bb000 load:0x00000000
       31215000	      3022	80000f08	02f9ae23	sw	x15,60(x19)	 x19:0x8002cc60 x15:0x000000bc PA:0x8002cc9c store:0x000000bc load:0x00000000
       31225000	      3023	80000f0c	0509a023	sw	x16,64(x19)	 x19:0x8002cc60 x16:0x000000ae PA:0x8002cca0 store:0x000000ae load:0x00000000
       31235000	      3024	80000f10	0519a223	sw	x17,68(x19)	 x19:0x8002cc60 x17:0xde337000 PA:0x8002cca4 store:0xde337000 load:0x00000000
       31245000	      3025	80000f14	0529a423	sw	x18,72(x19)	 x19:0x8002cc60 x18:0x000000fc PA:0x8002cca8 store:0x000000fc load:0x00000000
       31255000	      3026	80000f18	0539a623	sw	x19,76(x19)	 x19:0x8002cc60 x19:0x8002cc60 PA:0x8002ccac store:0x8002cc60 load:0x00000000
       31265000	      3027	80000f1c	0549a823	sw	x20,80(x19)	 x19:0x8002cc60 x20:0xffffff0b PA:0x8002ccb0 store:0xffffff0b load:0x00000000
       31275000	      3028	80000f20	0559aa23	sw	x21,84(x19)	 x19:0x8002cc60 x21:0x00000000 PA:0x8002ccb4 store:0x00000000 load:0x00000000
       31285000	      3029	80000f24	0569ac23	sw	x22,88(x19)	 x19:0x8002cc60 x22:0x0000001b PA:0x8002ccb8 store:0x0000001b load:0x00000000
       31295000	      3030	80000f28	0579ae23	sw	x23,92(x19)	 x19:0x8002cc60 x23:0x0000000c PA:0x8002ccbc store:0x0000000c load:0x00000000
       31305000	      3031	80000f2c	0789a023	sw	x24,96(x19)	 x19:0x8002cc60 x24:0x00000064 PA:0x8002ccc0 store:0x00000064 load:0x00000000
       31315000	      3032	80000f30	0799a223	sw	x25,100(x19)	 x19:0x8002cc60 x25:0x8002cce0 PA:0x8002ccc4 store:0x8002cce0 load:0x00000000
       31325000	      3033	80000f34	07a9a423	sw	x26,104(x19)	 x19:0x8002cc60 x26:0x10000000 PA:0x8002ccc8 store:0x10000000 load:0x00000000
       31335000	      3034	80000f38	07b9a623	sw	x27,108(x19)	 x19:0x8002cc60 x27:0x800133f1 PA:0x8002cccc store:0x800133f1 load:0x00000000
       31345000	      3035	80000f3c	07c9a823	sw	x28,112(x19)	 x19:0x8002cc60 x28:0x00000000 PA:0x8002ccd0 store:0x00000000 load:0x00000000
       31355000	      3036	80000f40	07d9aa23	sw	x29,116(x19)	 x19:0x8002cc60 x29:0x00000001 PA:0x8002ccd4 store:0x00000001 load:0x00000000
       31365000	      3037	80000f44	07e9ac23	sw	x30,120(x19)	 x19:0x8002cc60 x30:0x00000007 PA:0x8002ccd8 store:0x00000007 load:0x00000000
       31375000	      3038	80000f48	07f9ae23	sw	x31,124(x19)	 x19:0x8002cc60 x31:0xe6e2b844 PA:0x8002ccdc store:0xe6e2b844 load:0x00000000
       31385000	      3039	80000f4c	00098cb3	add	x25,x19,x0	 x19:0x8002cc60  x0:0x00000000 x25=0x8002cc60
       31395000	      3040	80000f50	90000b37	lui	x22,0x90000	 x22=0x90000000
       31405000	      3041	80000f54	1b71	c.addi	x22,-4	 x22:0x90000000 x22=0x8ffffffc
       31415000	      3042	80000f56	4619	c.li	x12,6	 x12=0x00000006
       31425000	      3043	80000f58	0622	c.slli	x12,0x8	 x12:0x00000006 x12=0x00000600
       31435000	      3044	80000f5a	00060613	addi	x12,x12,0	 x12:0x00000600 x12=0x00000600
       31445000	      3045	80000f5e	00cb2023	sw	x12,0(x22)	 x22:0x8ffffffc x12:0x00000600 PA:0x8ffffffc store:0x00000600 load:0x00000000
       31455000	      3046	80000f62	34202673	csrrs	x12,mcause,x0	  x0:0x00000000 x12=0x8000000b
       31465000	      3047	80000f66	827d	c.srli	x12,0x1f	 x12:0x8000000b x12=0x00000001
       31475000	      3048	80000f68	c63d	c.beqz	x12,80000fd6	 x12:0x00000001
       31485000	      3049	80000f6a	90000b37	lui	x22,0x90000	 x22=0x90000000
       31495000	      3050	80000f6e	1b71	c.addi	x22,-4	 x22:0x90000000 x22=0x8ffffffc
       31505000	      3051	80000f70	30000613	addi	x12,x0,768	  x0:0x00000000 x12=0x00000300
       31515000	      3052	80000f74	0622	c.slli	x12,0x8	 x12:0x00000300 x12=0x00030000
       31525000	      3053	80000f76	060d	c.addi	x12,3	 x12:0x00030000 x12=0x00030003
       31535000	      3054	80000f78	00cb2023	sw	x12,0(x22)	 x22:0x8ffffffc x12:0x00030003 PA:0x8ffffffc store:0x00030003 load:0x00000000
       31545000	      3055	80000f7c	30002673	csrrs	x12,mstatus,x0	  x0:0x00000000 x12=0x00001880
       31555000	      3056	80000f80	00cb2023	sw	x12,0(x22)	 x22:0x8ffffffc x12:0x00001880 PA:0x8ffffffc store:0x00001880 load:0x00000000
       31565000	      3057	80000f84	90000b37	lui	x22,0x90000	 x22=0x90000000
       31575000	      3058	80000f88	1b71	c.addi	x22,-4	 x22:0x90000000 x22=0x8ffffffc
       31585000	      3059	80000f8a	34200613	addi	x12,x0,834	  x0:0x00000000 x12=0x00000342
       31595000	      3060	80000f8e	0622	c.slli	x12,0x8	 x12:0x00000342 x12=0x00034200
       31605000	      3061	80000f90	060d	c.addi	x12,3	 x12:0x00034200 x12=0x00034203
       31615000	      3062	80000f92	00cb2023	sw	x12,0(x22)	 x22:0x8ffffffc x12:0x00034203 PA:0x8ffffffc store:0x00034203 load:0x00000000
       31625000	      3063	80000f96	34202673	csrrs	x12,mcause,x0	  x0:0x00000000 x12=0x8000000b
       31635000	      3064	80000f9a	00cb2023	sw	x12,0(x22)	 x22:0x8ffffffc x12:0x8000000b PA:0x8ffffffc store:0x8000000b load:0x00000000
       31645000	      3065	80000f9e	90000b37	lui	x22,0x90000	 x22=0x90000000
       31655000	      3066	80000fa2	1b71	c.addi	x22,-4	 x22:0x90000000 x22=0x8ffffffc
       31665000	      3067	80000fa4	30400613	addi	x12,x0,772	  x0:0x00000000 x12=0x00000304
       31675000	      3068	80000fa8	0622	c.slli	x12,0x8	 x12:0x00000304 x12=0x00030400
       31685000	      3069	80000faa	060d	c.addi	x12,3	 x12:0x00030400 x12=0x00030403
       31695000	      3070	80000fac	00cb2023	sw	x12,0(x22)	 x22:0x8ffffffc x12:0x00030403 PA:0x8ffffffc store:0x00030403 load:0x00000000
       31705000	      3071	80000fb0	30402673	csrrs	x12,mie,x0	  x0:0x00000000 x12=0x28ca0888
       31715000	      3072	80000fb4	00cb2023	sw	x12,0(x22)	 x22:0x8ffffffc x12:0x28ca0888 PA:0x8ffffffc store:0x28ca0888 load:0x00000000
       31725000	      3073	80000fb8	90000b37	lui	x22,0x90000	 x22=0x90000000
       31735000	      3074	80000fbc	1b71	c.addi	x22,-4	 x22:0x90000000 x22=0x8ffffffc
       31745000	      3075	80000fbe	34400613	addi	x12,x0,836	  x0:0x00000000 x12=0x00000344
       31755000	      3076	80000fc2	0622	c.slli	x12,0x8	 x12:0x00000344 x12=0x00034400
       31765000	      3077	80000fc4	060d	c.addi	x12,3	 x12:0x00034400 x12=0x00034403
       31775000	      3078	80000fc6	00cb2023	sw	x12,0(x22)	 x22:0x8ffffffc x12:0x00034403 PA:0x8ffffffc store:0x00034403 load:0x00000000
       31785000	      3079	80000fca	34402673	csrrs	x12,mip,x0	  x0:0x00000000 x12=0x00000000
       31795000	      3080	80000fce	00cb2023	sw	x12,0(x22)	 x22:0x8ffffffc x12:0x00000000 PA:0x8ffffffc store:0x00000000 load:0x00000000
       31805000	      3081	80000fd2	3871106f	jal	x0,80012b58	  x0=0x00000000
       31825000	      3083	80012b58	30002673	csrrs	x12,mstatus,x0	  x0:0x00000000 x12=0x00001880
       31835000	      3084	80012b5c	30402673	csrrs	x12,mie,x0	  x0:0x00000000 x12=0x28ca0888
       31845000	      3085	80012b60	34402673	csrrs	x12,mip,x0	  x0:0x00000000 x12=0x00000000
       31855000	      3086	80012b64	34463673	csrrc	x12,mip,x12	 x12:0x00000000 x12=0x00000000
       31885000	      3089	80012b68	90000b37	lui	x22,0x90000	 x22=0x90000000
       31895000	      3090	80012b6c	1b71	c.addi	x22,-4	 x22:0x90000000 x22=0x8ffffffc
       31905000	      3091	80012b6e	461d	c.li	x12,7	 x12=0x00000007
       31915000	      3092	80012b70	0622	c.slli	x12,0x8	 x12:0x00000007 x12=0x00000700
       31925000	      3093	80012b72	00060613	addi	x12,x12,0	 x12:0x00000700 x12=0x00000700
       31935000	      3094	80012b76	00cb2023	sw	x12,0(x22)	 x22:0x8ffffffc x12:0x00000700 PA:0x8ffffffc store:0x00000700 load:0x00000000
       31945000	      3095	80012b7a	000c89b3	add	x19,x25,x0	 x25:0x8002cc60  x0:0x00000000 x19=0x8002cc60
       31955000	      3096	80012b7e	0049a083	lw	x1,4(x19)	 x19:0x8002cc60  x1=0x000000bc PA:0x8002cc64 load:0x000000bc
       31965000	      3097	80012b82	0089a103	lw	x2,8(x19)	 x19:0x8002cc60  x2=0xfffffffb PA:0x8002cc68 load:0xfffffffb
       31975000	      3098	80012b86	00c9a183	lw	x3,12(x19)	 x19:0x8002cc60  x3=0x545500bc PA:0x8002cc6c load:0x545500bc
       31985000	      3099	80012b8a	0109a203	lw	x4,16(x19)	 x19:0x8002cc60  x4=0x00000000 PA:0x8002cc70 load:0x00000000
       31995000	      3100	80012b8e	0149a283	lw	x5,20(x19)	 x19:0x8002cc60  x5=0x00000000 PA:0x8002cc74 load:0x00000000
       32005000	      3101	80012b92	0189a303	lw	x6,24(x19)	 x19:0x8002cc60  x6=0x00000001 PA:0x8002cc78 load:0x00000001
       32015000	      3102	80012b96	01c9a383	lw	x7,28(x19)	 x19:0x8002cc60  x7=0xffffffed PA:0x8002cc7c load:0xffffffed
       32025000	      3103	80012b9a	0209a403	lw	x8,32(x19)	 x19:0x8002cc60  x8=0x00000004 PA:0x8002cc80 load:0x00000004
       32035000	      3104	80012b9e	0249a483	lw	x9,36(x19)	 x19:0x8002cc60  x9=0x00000000 PA:0x8002cc84 load:0x00000000
       32045000	      3105	80012ba2	0289a503	lw	x10,40(x19)	 x19:0x8002cc60 x10=0x00000000 PA:0x8002cc88 load:0x00000000
       32055000	      3106	80012ba6	02c9a583	lw	x11,44(x19)	 x19:0x8002cc60 x11=0xfffffffb PA:0x8002cc8c load:0xfffffffb
       32065000	      3107	80012baa	0309a603	lw	x12,48(x19)	 x19:0x8002cc60 x12=0x0000001d PA:0x8002cc90 load:0x0000001d
       32075000	      3108	80012bae	0349a683	lw	x13,52(x19)	 x19:0x8002cc60 x13=0x00000000 PA:0x8002cc94 load:0x00000000
       32085000	      3109	80012bb2	0389a703	lw	x14,56(x19)	 x19:0x8002cc60 x14=0x8b3bb000 PA:0x8002cc98 load:0x8b3bb000
       32095000	      3110	80012bb6	03c9a783	lw	x15,60(x19)	 x19:0x8002cc60 x15=0x000000bc PA:0x8002cc9c load:0x000000bc
       32105000	      3111	80012bba	0409a803	lw	x16,64(x19)	 x19:0x8002cc60 x16=0x000000ae PA:0x8002cca0 load:0x000000ae
       32115000	      3112	80012bbe	0449a883	lw	x17,68(x19)	 x19:0x8002cc60 x17=0xde337000 PA:0x8002cca4 load:0xde337000
       32125000	      3113	80012bc2	0489a903	lw	x18,72(x19)	 x19:0x8002cc60 x18=0x000000fc PA:0x8002cca8 load:0x000000fc
       32135000	      3114	80012bc6	04c9a983	lw	x19,76(x19)	 x19:0x8002cc60 x19=0x8002cc60 PA:0x8002ccac load:0x8002cc60
       32155000	      3116	80012bca	0509aa03	lw	x20,80(x19)	 x19:0x8002cc60 x20=0xffffff0b PA:0x8002ccb0 load:0xffffff0b
       32165000	      3117	80012bce	0549aa83	lw	x21,84(x19)	 x19:0x8002cc60 x21=0x00000000 PA:0x8002ccb4 load:0x00000000
       32175000	      3118	80012bd2	0589ab03	lw	x22,88(x19)	 x19:0x8002cc60 x22=0x0000001b PA:0x8002ccb8 load:0x0000001b
       32185000	      3119	80012bd6	05c9ab83	lw	x23,92(x19)	 x19:0x8002cc60 x23=0x0000000c PA:0x8002ccbc load:0x0000000c
       32195000	      3120	80012bda	0609ac03	lw	x24,96(x19)	 x19:0x8002cc60 x24=0x00000064 PA:0x8002ccc0 load:0x00000064
       32205000	      3121	80012bde	0649ac83	lw	x25,100(x19)	 x19:0x8002cc60 x25=0x8002cce0 PA:0x8002ccc4 load:0x8002cce0
       32215000	      3122	80012be2	0689ad03	lw	x26,104(x19)	 x19:0x8002cc60 x26=0x10000000 PA:0x8002ccc8 load:0x10000000
       32225000	      3123	80012be6	06c9ad83	lw	x27,108(x19)	 x19:0x8002cc60 x27=0x800133f1 PA:0x8002cccc load:0x800133f1
       32235000	      3124	80012bea	0709ae03	lw	x28,112(x19)	 x19:0x8002cc60 x28=0x00000000 PA:0x8002ccd0 load:0x00000000
       32245000	      3125	80012bee	0749ae83	lw	x29,116(x19)	 x19:0x8002cc60 x29=0x00000001 PA:0x8002ccd4 load:0x00000001
       32255000	      3126	80012bf2	0789af03	lw	x30,120(x19)	 x19:0x8002cc60 x30=0x00000007 PA:0x8002ccd8 load:0x00000007
       32265000	      3127	80012bf6	07c9af83	lw	x31,124(x19)	 x19:0x8002cc60 x31=0xe6e2b844 PA:0x8002ccdc load:0xe6e2b844
       32275000	      3128	80012bfa	08098993	addi	x19,x19,128	 x19:0x8002cc60 x19=0x8002cce0
       32285000	      3129	80012bfe	00098cb3	add	x25,x19,x0	 x19:0x8002cce0  x0:0x00000000 x25=0x8002cce0
       32295000	      3130	80012c02	000ca983	lw	x19,0(x25)	 x25:0x8002cce0 x19=0x80028db8 PA:0x8002cce0 load:0x80028db8
       32305000	      3131	80012c06	0c91	c.addi	x25,4	 x25:0x8002cce0 x25=0x8002cce4
       32315000	      3132	80012c08	30200073	mret	
       32345000	      3135	8000d83c	117d	c.addi	x2,-1	  x2:0xfffffffb  x2=0xfffffffa
       32355000	      3136	8000d83e	01312e33	slt	x28,x2,x19	  x2:0xfffffffa x19:0x80028db8 x28=0x00000000
       32365000	      3137	8000d842	4675	c.li	x12,29	 x12=0x0000001d
       32375000	      3138	8000d844	66e1ef97	auipc	x31,0x66e1e	 x31=0xe6e2b844
       32385000	      3139	8000d848	8495	c.srai	x9,0x5	  x9:0x00000000  x9=0x00000000
       32425000	      3143	8000d84a	0394a233	mulhsu	x4,x9,x25	  x9:0x00000000 x25:0x8002cce4  x4=0x00000000
       32435000	      3144	8000d84e	0b25	c.addi	x22,9	 x22:0x0000001b x22=0x00000024
       32805000	      3181	8000d850	027c5a33	divu	x20,x24,x7	 x24:0x00000064  x7:0xffffffed x20=0x00000000
       32815000	      3182	8000d854	de3378b7	lui	x17,0xde337	 x17=0xde337000
       32825000	      3183	8000d858	fc715be3	bge	x2,x7,8000d82e	  x2:0xfffffffa  x7:0xffffffed
       32845000	      3185	8000d82e	0001	c.addi	x0,0	  x0:0x00000000  x0=0x00000000
       32885000	      3189	8000d830	032c3033	mulhu	x0,x24,x18	 x24:0x00000064 x18:0x000000fc  x0=0x00000000
       32895000	      3190	8000d834	412f0a33	sub	x20,x30,x18	 x30:0x00000007 x18:0x000000fc x20=0xffffff0b
       32905000	      3191	8000d838	10500073	wfi	
       34085000	      3309	8000272c	f96fe06f	jal	x0,80000ec2	  x0=0x00000000
       34105000	      3311	80000ec2	1cf1	c.addi	x25,-4	 x25:0x8002cce4 x25=0x8002cce0
       34115000	      3312	80000ec4	013ca023	sw	x19,0(x25)	 x25:0x8002cce0 x19:0x80028db8 PA:0x8002cce0 store:0x80028db8 load:0x00000000
       34125000	      3313	80000ec8	000c89b3	add	x19,x25,x0	 x25:0x8002cce0  x0:0x00000000 x19=0x8002cce0
       34135000	      3314	80000ecc	f8098993	addi	x19,x19,-128	 x19:0x8002cce0 x19=0x8002cc60
       34145000	      3315	80000ed0	0019a223	sw	x1,4(x19)	 x19:0x8002cc60  x1:0x000000bc PA:0x8002cc64 store:0x000000bc load:0x00000000
       34155000	      3316	80000ed4	0029a423	sw	x2,8(x19)	 x19:0x8002cc60  x2:0xfffffffa PA:0x8002cc68 store:0xfffffffa load:0x00000000
       34165000	      3317	80000ed8	0039a623	sw	x3,12(x19)	 x19:0x8002cc60  x3:0x545500bc PA:0x8002cc6c store:0x545500bc load:0x00000000
       34175000	      3318	80000edc	0049a823	sw	x4,16(x19)	 x19:0x8002cc60  x4:0x00000000 PA:0x8002cc70 store:0x00000000 load:0x00000000
       34185000	      3319	80000ee0	0059aa23	sw	x5,20(x19)	 x19:0x8002cc60  x5:0x00000000 PA:0x8002cc74 store:0x00000000 load:0x00000000
       34195000	      3320	80000ee4	0069ac23	sw	x6,24(x19)	 x19:0x8002cc60  x6:0x00000001 PA:0x8002cc78 store:0x00000001 load:0x00000000
       34205000	      3321	80000ee8	0079ae23	sw	x7,28(x19)	 x19:0x8002cc60  x7:0xffffffed PA:0x8002cc7c store:0xffffffed load:0x00000000
       34215000	      3322	80000eec	0289a023	sw	x8,32(x19)	 x19:0x8002cc60  x8:0x00000004 PA:0x8002cc80 store:0x00000004 load:0x00000000
       34225000	      3323	80000ef0	0299a223	sw	x9,36(x19)	 x19:0x8002cc60  x9:0x00000000 PA:0x8002cc84 store:0x00000000 load:0x00000000
       34235000	      3324	80000ef4	02a9a423	sw	x10,40(x19)	 x19:0x8002cc60 x10:0x00000000 PA:0x8002cc88 store:0x00000000 load:0x00000000
       34245000	      3325	80000ef8	02b9a623	sw	x11,44(x19)	 x19:0x8002cc60 x11:0xfffffffb PA:0x8002cc8c store:0xfffffffb load:0x00000000
       34255000	      3326	80000efc	02c9a823	sw	x12,48(x19)	 x19:0x8002cc60 x12:0x0000001d PA:0x8002cc90 store:0x0000001d load:0x00000000
       34265000	      3327	80000f00	02d9aa23	sw	x13,52(x19)	 x19:0x8002cc60 x13:0x00000000 PA:0x8002cc94 store:0x00000000 load:0x00000000
       34275000	      3328	80000f04	02e9ac23	sw	x14,56(x19)	 x19:0x8002cc60 x14:0x8b3bb000 PA:0x8002cc98 store:0x8b3bb000 load:0x00000000
       34285000	      3329	80000f08	02f9ae23	sw	x15,60(x19)	 x19:0x8002cc60 x15:0x000000bc PA:0x8002cc9c store:0x000000bc load:0x00000000
       34295000	      3330	80000f0c	0509a023	sw	x16,64(x19)	 x19:0x8002cc60 x16:0x000000ae PA:0x8002cca0 store:0x000000ae load:0x00000000
       34305000	      3331	80000f10	0519a223	sw	x17,68(x19)	 x19:0x8002cc60 x17:0xde337000 PA:0x8002cca4 store:0xde337000 load:0x00000000
       34315000	      3332	80000f14	0529a423	sw	x18,72(x19)	 x19:0x8002cc60 x18:0x000000fc PA:0x8002cca8 store:0x000000fc load:0x00000000
       34325000	      3333	80000f18	0539a623	sw	x19,76(x19)	 x19:0x8002cc60 x19:0x8002cc60 PA:0x8002ccac store:0x8002cc60 load:0x00000000
       34335000	      3334	80000f1c	0549a823	sw	x20,80(x19)	 x19:0x8002cc60 x20:0xffffff0b PA:0x8002ccb0 store:0xffffff0b load:0x00000000
       34345000	      3335	80000f20	0559aa23	sw	x21,84(x19)	 x19:0x8002cc60 x21:0x00000000 PA:0x8002ccb4 store:0x00000000 load:0x00000000
       34355000	      3336	80000f24	0569ac23	sw	x22,88(x19)	 x19:0x8002cc60 x22:0x00000024 PA:0x8002ccb8 store:0x00000024 load:0x00000000
       34365000	      3337	80000f28	0579ae23	sw	x23,92(x19)	 x19:0x8002cc60 x23:0x0000000c PA:0x8002ccbc store:0x0000000c load:0x00000000
       34375000	      3338	80000f2c	0789a023	sw	x24,96(x19)	 x19:0x8002cc60 x24:0x00000064 PA:0x8002ccc0 store:0x00000064 load:0x00000000
       34385000	      3339	80000f30	0799a223	sw	x25,100(x19)	 x19:0x8002cc60 x25:0x8002cce0 PA:0x8002ccc4 store:0x8002cce0 load:0x00000000
       34395000	      3340	80000f34	07a9a423	sw	x26,104(x19)	 x19:0x8002cc60 x26:0x10000000 PA:0x8002ccc8 store:0x10000000 load:0x00000000
       34405000	      3341	80000f38	07b9a623	sw	x27,108(x19)	 x19:0x8002cc60 x27:0x800133f1 PA:0x8002cccc store:0x800133f1 load:0x00000000
       34415000	      3342	80000f3c	07c9a823	sw	x28,112(x19)	 x19:0x8002cc60 x28:0x00000000 PA:0x8002ccd0 store:0x00000000 load:0x00000000
       34425000	      3343	80000f40	07d9aa23	sw	x29,116(x19)	 x19:0x8002cc60 x29:0x00000001 PA:0x8002ccd4 store:0x00000001 load:0x00000000
       34435000	      3344	80000f44	07e9ac23	sw	x30,120(x19)	 x19:0x8002cc60 x30:0x00000007 PA:0x8002ccd8 store:0x00000007 load:0x00000000
       34445000	      3345	80000f48	07f9ae23	sw	x31,124(x19)	 x19:0x8002cc60 x31:0xe6e2b844 PA:0x8002ccdc store:0xe6e2b844 load:0x00000000
       34455000	      3346	80000f4c	00098cb3	add	x25,x19,x0	 x19:0x8002cc60  x0:0x00000000 x25=0x8002cc60
       34465000	      3347	80000f50	90000b37	lui	x22,0x90000	 x22=0x90000000
       34475000	      3348	80000f54	1b71	c.addi	x22,-4	 x22:0x90000000 x22=0x8ffffffc
       34485000	      3349	80000f56	4619	c.li	x12,6	 x12=0x00000006
       34495000	      3350	80000f58	0622	c.slli	x12,0x8	 x12:0x00000006 x12=0x00000600
       34505000	      3351	80000f5a	00060613	addi	x12,x12,0	 x12:0x00000600 x12=0x00000600
       34515000	      3352	80000f5e	00cb2023	sw	x12,0(x22)	 x22:0x8ffffffc x12:0x00000600 PA:0x8ffffffc store:0x00000600 load:0x00000000
       34525000	      3353	80000f62	34202673	csrrs	x12,mcause,x0	  x0:0x00000000 x12=0x8000000b
       34535000	      3354	80000f66	827d	c.srli	x12,0x1f	 x12:0x8000000b x12=0x00000001
       34545000	      3355	80000f68	c63d	c.beqz	x12,80000fd6	 x12:0x00000001
       34555000	      3356	80000f6a	90000b37	lui	x22,0x90000	 x22=0x90000000
       34565000	      3357	80000f6e	1b71	c.addi	x22,-4	 x22:0x90000000 x22=0x8ffffffc
       34575000	      3358	80000f70	30000613	addi	x12,x0,768	  x0:0x00000000 x12=0x00000300
       34585000	      3359	80000f74	0622	c.slli	x12,0x8	 x12:0x00000300 x12=0x00030000
       34595000	      3360	80000f76	060d	c.addi	x12,3	 x12:0x00030000 x12=0x00030003
       34605000	      3361	80000f78	00cb2023	sw	x12,0(x22)	 x22:0x8ffffffc x12:0x00030003 PA:0x8ffffffc store:0x00030003 load:0x00000000
       34615000	      3362	80000f7c	30002673	csrrs	x12,mstatus,x0	  x0:0x00000000 x12=0x00001880
       34625000	      3363	80000f80	00cb2023	sw	x12,0(x22)	 x22:0x8ffffffc x12:0x00001880 PA:0x8ffffffc store:0x00001880 load:0x00000000
       34635000	      3364	80000f84	90000b37	lui	x22,0x90000	 x22=0x90000000
       34645000	      3365	80000f88	1b71	c.addi	x22,-4	 x22:0x90000000 x22=0x8ffffffc
       34655000	      3366	80000f8a	34200613	addi	x12,x0,834	  x0:0x00000000 x12=0x00000342
       34665000	      3367	80000f8e	0622	c.slli	x12,0x8	 x12:0x00000342 x12=0x00034200
       34675000	      3368	80000f90	060d	c.addi	x12,3	 x12:0x00034200 x12=0x00034203
       34685000	      3369	80000f92	00cb2023	sw	x12,0(x22)	 x22:0x8ffffffc x12:0x00034203 PA:0x8ffffffc store:0x00034203 load:0x00000000
       34695000	      3370	80000f96	34202673	csrrs	x12,mcause,x0	  x0:0x00000000 x12=0x8000000b
       34705000	      3371	80000f9a	00cb2023	sw	x12,0(x22)	 x22:0x8ffffffc x12:0x8000000b PA:0x8ffffffc store:0x8000000b load:0x00000000
       34715000	      3372	80000f9e	90000b37	lui	x22,0x90000	 x22=0x90000000
       34725000	      3373	80000fa2	1b71	c.addi	x22,-4	 x22:0x90000000 x22=0x8ffffffc
       34735000	      3374	80000fa4	30400613	addi	x12,x0,772	  x0:0x00000000 x12=0x00000304
       34745000	      3375	80000fa8	0622	c.slli	x12,0x8	 x12:0x00000304 x12=0x00030400
       34755000	      3376	80000faa	060d	c.addi	x12,3	 x12:0x00030400 x12=0x00030403
       34765000	      3377	80000fac	00cb2023	sw	x12,0(x22)	 x22:0x8ffffffc x12:0x00030403 PA:0x8ffffffc store:0x00030403 load:0x00000000
       34775000	      3378	80000fb0	30402673	csrrs	x12,mie,x0	  x0:0x00000000 x12=0x28ca0888
       34785000	      3379	80000fb4	00cb2023	sw	x12,0(x22)	 x22:0x8ffffffc x12:0x28ca0888 PA:0x8ffffffc store:0x28ca0888 load:0x00000000
       34795000	      3380	80000fb8	90000b37	lui	x22,0x90000	 x22=0x90000000
       34805000	      3381	80000fbc	1b71	c.addi	x22,-4	 x22:0x90000000 x22=0x8ffffffc
       34815000	      3382	80000fbe	34400613	addi	x12,x0,836	  x0:0x00000000 x12=0x00000344
       34825000	      3383	80000fc2	0622	c.slli	x12,0x8	 x12:0x00000344 x12=0x00034400
       34835000	      3384	80000fc4	060d	c.addi	x12,3	 x12:0x00034400 x12=0x00034403
       34845000	      3385	80000fc6	00cb2023	sw	x12,0(x22)	 x22:0x8ffffffc x12:0x00034403 PA:0x8ffffffc store:0x00034403 load:0x00000000
       34855000	      3386	80000fca	34402673	csrrs	x12,mip,x0	  x0:0x00000000 x12=0x00000000
       34865000	      3387	80000fce	00cb2023	sw	x12,0(x22)	 x22:0x8ffffffc x12:0x00000000 PA:0x8ffffffc store:0x00000000 load:0x00000000
       34875000	      3388	80000fd2	3871106f	jal	x0,80012b58	  x0=0x00000000
       34895000	      3390	80012b58	30002673	csrrs	x12,mstatus,x0	  x0:0x00000000 x12=0x00001880
       34905000	      3391	80012b5c	30402673	csrrs	x12,mie,x0	  x0:0x00000000 x12=0x28ca0888
       34915000	      3392	80012b60	34402673	csrrs	x12,mip,x0	  x0:0x00000000 x12=0x00000000
       34925000	      3393	80012b64	34463673	csrrc	x12,mip,x12	 x12:0x00000000 x12=0x00000000
       34955000	      3396	80012b68	90000b37	lui	x22,0x90000	 x22=0x90000000
       34965000	      3397	80012b6c	1b71	c.addi	x22,-4	 x22:0x90000000 x22=0x8ffffffc
       34975000	      3398	80012b6e	461d	c.li	x12,7	 x12=0x00000007
       34985000	      3399	80012b70	0622	c.slli	x12,0x8	 x12:0x00000007 x12=0x00000700
       34995000	      3400	80012b72	00060613	addi	x12,x12,0	 x12:0x00000700 x12=0x00000700
       35005000	      3401	80012b76	00cb2023	sw	x12,0(x22)	 x22:0x8ffffffc x12:0x00000700 PA:0x8ffffffc store:0x00000700 load:0x00000000
       35015000	      3402	80012b7a	000c89b3	add	x19,x25,x0	 x25:0x8002cc60  x0:0x00000000 x19=0x8002cc60
       35025000	      3403	80012b7e	0049a083	lw	x1,4(x19)	 x19:0x8002cc60  x1=0x000000bc PA:0x8002cc64 load:0x000000bc
       35035000	      3404	80012b82	0089a103	lw	x2,8(x19)	 x19:0x8002cc60  x2=0xfffffffa PA:0x8002cc68 load:0xfffffffa
       35045000	      3405	80012b86	00c9a183	lw	x3,12(x19)	 x19:0x8002cc60  x3=0x545500bc PA:0x8002cc6c load:0x545500bc
       35055000	      3406	80012b8a	0109a203	lw	x4,16(x19)	 x19:0x8002cc60  x4=0x00000000 PA:0x8002cc70 load:0x00000000
       35065000	      3407	80012b8e	0149a283	lw	x5,20(x19)	 x19:0x8002cc60  x5=0x00000000 PA:0x8002cc74 load:0x00000000
       35075000	      3408	80012b92	0189a303	lw	x6,24(x19)	 x19:0x8002cc60  x6=0x00000001 PA:0x8002cc78 load:0x00000001
       35085000	      3409	80012b96	01c9a383	lw	x7,28(x19)	 x19:0x8002cc60  x7=0xffffffed PA:0x8002cc7c load:0xffffffed
       35095000	      3410	80012b9a	0209a403	lw	x8,32(x19)	 x19:0x8002cc60  x8=0x00000004 PA:0x8002cc80 load:0x00000004
       35105000	      3411	80012b9e	0249a483	lw	x9,36(x19)	 x19:0x8002cc60  x9=0x00000000 PA:0x8002cc84 load:0x00000000
       35115000	      3412	80012ba2	0289a503	lw	x10,40(x19)	 x19:0x8002cc60 x10=0x00000000 PA:0x8002cc88 load:0x00000000
       35125000	      3413	80012ba6	02c9a583	lw	x11,44(x19)	 x19:0x8002cc60 x11=0xfffffffb PA:0x8002cc8c load:0xfffffffb
       35135000	      3414	80012baa	0309a603	lw	x12,48(x19)	 x19:0x8002cc60 x12=0x0000001d PA:0x8002cc90 load:0x0000001d
       35145000	      3415	80012bae	0349a683	lw	x13,52(x19)	 x19:0x8002cc60 x13=0x00000000 PA:0x8002cc94 load:0x00000000
       35155000	      3416	80012bb2	0389a703	lw	x14,56(x19)	 x19:0x8002cc60 x14=0x8b3bb000 PA:0x8002cc98 load:0x8b3bb000
       35165000	      3417	80012bb6	03c9a783	lw	x15,60(x19)	 x19:0x8002cc60 x15=0x000000bc PA:0x8002cc9c load:0x000000bc
       35175000	      3418	80012bba	0409a803	lw	x16,64(x19)	 x19:0x8002cc60 x16=0x000000ae PA:0x8002cca0 load:0x000000ae
       35185000	      3419	80012bbe	0449a883	lw	x17,68(x19)	 x19:0x8002cc60 x17=0xde337000 PA:0x8002cca4 load:0xde337000
       35195000	      3420	80012bc2	0489a903	lw	x18,72(x19)	 x19:0x8002cc60 x18=0x000000fc PA:0x8002cca8 load:0x000000fc
       35205000	      3421	80012bc6	04c9a983	lw	x19,76(x19)	 x19:0x8002cc60 x19=0x8002cc60 PA:0x8002ccac load:0x8002cc60
       35225000	      3423	80012bca	0509aa03	lw	x20,80(x19)	 x19:0x8002cc60 x20=0xffffff0b PA:0x8002ccb0 load:0xffffff0b
       35235000	      3424	80012bce	0549aa83	lw	x21,84(x19)	 x19:0x8002cc60 x21=0x00000000 PA:0x8002ccb4 load:0x00000000
       35245000	      3425	80012bd2	0589ab03	lw	x22,88(x19)	 x19:0x8002cc60 x22=0x00000024 PA:0x8002ccb8 load:0x00000024
       35255000	      3426	80012bd6	05c9ab83	lw	x23,92(x19)	 x19:0x8002cc60 x23=0x0000000c PA:0x8002ccbc load:0x0000000c
       35265000	      3427	80012bda	0609ac03	lw	x24,96(x19)	 x19:0x8002cc60 x24=0x00000064 PA:0x8002ccc0 load:0x00000064
       35275000	      3428	80012bde	0649ac83	lw	x25,100(x19)	 x19:0x8002cc60 x25=0x8002cce0 PA:0x8002ccc4 load:0x8002cce0
       35285000	      3429	80012be2	0689ad03	lw	x26,104(x19)	 x19:0x8002cc60 x26=0x10000000 PA:0x8002ccc8 load:0x10000000
       35295000	      3430	80012be6	06c9ad83	lw	x27,108(x19)	 x19:0x8002cc60 x27=0x800133f1 PA:0x8002cccc load:0x800133f1
       35305000	      3431	80012bea	0709ae03	lw	x28,112(x19)	 x19:0x8002cc60 x28=0x00000000 PA:0x8002ccd0 load:0x00000000
       35315000	      3432	80012bee	0749ae83	lw	x29,116(x19)	 x19:0x8002cc60 x29=0x00000001 PA:0x8002ccd4 load:0x00000001
       35325000	      3433	80012bf2	0789af03	lw	x30,120(x19)	 x19:0x8002cc60 x30=0x00000007 PA:0x8002ccd8 load:0x00000007
       35335000	      3434	80012bf6	07c9af83	lw	x31,124(x19)	 x19:0x8002cc60 x31=0xe6e2b844 PA:0x8002ccdc load:0xe6e2b844
       35345000	      3435	80012bfa	08098993	addi	x19,x19,128	 x19:0x8002cc60 x19=0x8002cce0
       35355000	      3436	80012bfe	00098cb3	add	x25,x19,x0	 x19:0x8002cce0  x0:0x00000000 x25=0x8002cce0
       35365000	      3437	80012c02	000ca983	lw	x19,0(x25)	 x25:0x8002cce0 x19=0x80028db8 PA:0x8002cce0 load:0x80028db8
       35375000	      3438	80012c06	0c91	c.addi	x25,4	 x25:0x8002cce0 x25=0x8002cce4
       35385000	      3439	80012c08	30200073	mret	
       35415000	      3442	8000d83c	117d	c.addi	x2,-1	  x2:0xfffffffa  x2=0xfffffff9
       35425000	      3443	8000d83e	01312e33	slt	x28,x2,x19	  x2:0xfffffff9 x19:0x80028db8 x28=0x00000000
       35435000	      3444	8000d842	4675	c.li	x12,29	 x12=0x0000001d
       35445000	      3445	8000d844	66e1ef97	auipc	x31,0x66e1e	 x31=0xe6e2b844
       35455000	      3446	8000d848	8495	c.srai	x9,0x5	  x9:0x00000000  x9=0x00000000
       35495000	      3450	8000d84a	0394a233	mulhsu	x4,x9,x25	  x9:0x00000000 x25:0x8002cce4  x4=0x00000000
       35505000	      3451	8000d84e	0b25	c.addi	x22,9	 x22:0x00000024 x22=0x0000002d
       35875000	      3488	8000d850	027c5a33	divu	x20,x24,x7	 x24:0x00000064  x7:0xffffffed x20=0x00000000
       35885000	      3489	8000d854	de3378b7	lui	x17,0xde337	 x17=0xde337000
       35895000	      3490	8000d858	fc715be3	bge	x2,x7,8000d82e	  x2:0xfffffff9  x7:0xffffffed
       35915000	      3492	8000d82e	0001	c.addi	x0,0	  x0:0x00000000  x0=0x00000000
       35955000	      3496	8000d830	032c3033	mulhu	x0,x24,x18	 x24:0x00000064 x18:0x000000fc  x0=0x00000000
       35965000	      3497	8000d834	412f0a33	sub	x20,x30,x18	 x30:0x00000007 x18:0x000000fc x20=0xffffff0b
       35975000	      3498	8000d838	10500073	wfi	
       37155000	      3616	8000272c	f96fe06f	jal	x0,80000ec2	  x0=0x00000000
       37175000	      3618	80000ec2	1cf1	c.addi	x25,-4	 x25:0x8002cce4 x25=0x8002cce0
       37185000	      3619	80000ec4	013ca023	sw	x19,0(x25)	 x25:0x8002cce0 x19:0x80028db8 PA:0x8002cce0 store:0x80028db8 load:0x00000000
       37195000	      3620	80000ec8	000c89b3	add	x19,x25,x0	 x25:0x8002cce0  x0:0x00000000 x19=0x8002cce0
       37205000	      3621	80000ecc	f8098993	addi	x19,x19,-128	 x19:0x8002cce0 x19=0x8002cc60
       37215000	      3622	80000ed0	0019a223	sw	x1,4(x19)	 x19:0x8002cc60  x1:0x000000bc PA:0x8002cc64 store:0x000000bc load:0x00000000
       37225000	      3623	80000ed4	0029a423	sw	x2,8(x19)	 x19:0x8002cc60  x2:0xfffffff9 PA:0x8002cc68 store:0xfffffff9 load:0x00000000
       37235000	      3624	80000ed8	0039a623	sw	x3,12(x19)	 x19:0x8002cc60  x3:0x545500bc PA:0x8002cc6c store:0x545500bc load:0x00000000
       37245000	      3625	80000edc	0049a823	sw	x4,16(x19)	 x19:0x8002cc60  x4:0x00000000 PA:0x8002cc70 store:0x00000000 load:0x00000000
       37255000	      3626	80000ee0	0059aa23	sw	x5,20(x19)	 x19:0x8002cc60  x5:0x00000000 PA:0x8002cc74 store:0x00000000 load:0x00000000
       37265000	      3627	80000ee4	0069ac23	sw	x6,24(x19)	 x19:0x8002cc60  x6:0x00000001 PA:0x8002cc78 store:0x00000001 load:0x00000000
       37275000	      3628	80000ee8	0079ae23	sw	x7,28(x19)	 x19:0x8002cc60  x7:0xffffffed PA:0x8002cc7c store:0xffffffed load:0x00000000
       37285000	      3629	80000eec	0289a023	sw	x8,32(x19)	 x19:0x8002cc60  x8:0x00000004 PA:0x8002cc80 store:0x00000004 load:0x00000000
       37295000	      3630	80000ef0	0299a223	sw	x9,36(x19)	 x19:0x8002cc60  x9:0x00000000 PA:0x8002cc84 store:0x00000000 load:0x00000000
       37305000	      3631	80000ef4	02a9a423	sw	x10,40(x19)	 x19:0x8002cc60 x10:0x00000000 PA:0x8002cc88 store:0x00000000 load:0x00000000
       37315000	      3632	80000ef8	02b9a623	sw	x11,44(x19)	 x19:0x8002cc60 x11:0xfffffffb PA:0x8002cc8c store:0xfffffffb load:0x00000000
       37325000	      3633	80000efc	02c9a823	sw	x12,48(x19)	 x19:0x8002cc60 x12:0x0000001d PA:0x8002cc90 store:0x0000001d load:0x00000000
       37335000	      3634	80000f00	02d9aa23	sw	x13,52(x19)	 x19:0x8002cc60 x13:0x00000000 PA:0x8002cc94 store:0x00000000 load:0x00000000
       37345000	      3635	80000f04	02e9ac23	sw	x14,56(x19)	 x19:0x8002cc60 x14:0x8b3bb000 PA:0x8002cc98 store:0x8b3bb000 load:0x00000000
       37355000	      3636	80000f08	02f9ae23	sw	x15,60(x19)	 x19:0x8002cc60 x15:0x000000bc PA:0x8002cc9c store:0x000000bc load:0x00000000
       37365000	      3637	80000f0c	0509a023	sw	x16,64(x19)	 x19:0x8002cc60 x16:0x000000ae PA:0x8002cca0 store:0x000000ae load:0x00000000
       37375000	      3638	80000f10	0519a223	sw	x17,68(x19)	 x19:0x8002cc60 x17:0xde337000 PA:0x8002cca4 store:0xde337000 load:0x00000000
       37385000	      3639	80000f14	0529a423	sw	x18,72(x19)	 x19:0x8002cc60 x18:0x000000fc PA:0x8002cca8 store:0x000000fc load:0x00000000
       37395000	      3640	80000f18	0539a623	sw	x19,76(x19)	 x19:0x8002cc60 x19:0x8002cc60 PA:0x8002ccac store:0x8002cc60 load:0x00000000
       37405000	      3641	80000f1c	0549a823	sw	x20,80(x19)	 x19:0x8002cc60 x20:0xffffff0b PA:0x8002ccb0 store:0xffffff0b load:0x00000000
       37415000	      3642	80000f20	0559aa23	sw	x21,84(x19)	 x19:0x8002cc60 x21:0x00000000 PA:0x8002ccb4 store:0x00000000 load:0x00000000
       37425000	      3643	80000f24	0569ac23	sw	x22,88(x19)	 x19:0x8002cc60 x22:0x0000002d PA:0x8002ccb8 store:0x0000002d load:0x00000000
       37435000	      3644	80000f28	0579ae23	sw	x23,92(x19)	 x19:0x8002cc60 x23:0x0000000c PA:0x8002ccbc store:0x0000000c load:0x00000000
       37445000	      3645	80000f2c	0789a023	sw	x24,96(x19)	 x19:0x8002cc60 x24:0x00000064 PA:0x8002ccc0 store:0x00000064 load:0x00000000
       37455000	      3646	80000f30	0799a223	sw	x25,100(x19)	 x19:0x8002cc60 x25:0x8002cce0 PA:0x8002ccc4 store:0x8002cce0 load:0x00000000
       37465000	      3647	80000f34	07a9a423	sw	x26,104(x19)	 x19:0x8002cc60 x26:0x10000000 PA:0x8002ccc8 store:0x10000000 load:0x00000000
       37475000	      3648	80000f38	07b9a623	sw	x27,108(x19)	 x19:0x8002cc60 x27:0x800133f1 PA:0x8002cccc store:0x800133f1 load:0x00000000
       37485000	      3649	80000f3c	07c9a823	sw	x28,112(x19)	 x19:0x8002cc60 x28:0x00000000 PA:0x8002ccd0 store:0x00000000 load:0x00000000
       37495000	      3650	80000f40	07d9aa23	sw	x29,116(x19)	 x19:0x8002cc60 x29:0x00000001 PA:0x8002ccd4 store:0x00000001 load:0x00000000
       37505000	      3651	80000f44	07e9ac23	sw	x30,120(x19)	 x19:0x8002cc60 x30:0x00000007 PA:0x8002ccd8 store:0x00000007 load:0x00000000
       37515000	      3652	80000f48	07f9ae23	sw	x31,124(x19)	 x19:0x8002cc60 x31:0xe6e2b844 PA:0x8002ccdc store:0xe6e2b844 load:0x00000000
       37525000	      3653	80000f4c	00098cb3	add	x25,x19,x0	 x19:0x8002cc60  x0:0x00000000 x25=0x8002cc60
       37535000	      3654	80000f50	90000b37	lui	x22,0x90000	 x22=0x90000000
       37545000	      3655	80000f54	1b71	c.addi	x22,-4	 x22:0x90000000 x22=0x8ffffffc
       37555000	      3656	80000f56	4619	c.li	x12,6	 x12=0x00000006
       37565000	      3657	80000f58	0622	c.slli	x12,0x8	 x12:0x00000006 x12=0x00000600
       37575000	      3658	80000f5a	00060613	addi	x12,x12,0	 x12:0x00000600 x12=0x00000600
       37585000	      3659	80000f5e	00cb2023	sw	x12,0(x22)	 x22:0x8ffffffc x12:0x00000600 PA:0x8ffffffc store:0x00000600 load:0x00000000
       37595000	      3660	80000f62	34202673	csrrs	x12,mcause,x0	  x0:0x00000000 x12=0x8000000b
       37605000	      3661	80000f66	827d	c.srli	x12,0x1f	 x12:0x8000000b x12=0x00000001
       37615000	      3662	80000f68	c63d	c.beqz	x12,80000fd6	 x12:0x00000001
       37625000	      3663	80000f6a	90000b37	lui	x22,0x90000	 x22=0x90000000
       37635000	      3664	80000f6e	1b71	c.addi	x22,-4	 x22:0x90000000 x22=0x8ffffffc
       37645000	      3665	80000f70	30000613	addi	x12,x0,768	  x0:0x00000000 x12=0x00000300
       37655000	      3666	80000f74	0622	c.slli	x12,0x8	 x12:0x00000300 x12=0x00030000
       37665000	      3667	80000f76	060d	c.addi	x12,3	 x12:0x00030000 x12=0x00030003
       37675000	      3668	80000f78	00cb2023	sw	x12,0(x22)	 x22:0x8ffffffc x12:0x00030003 PA:0x8ffffffc store:0x00030003 load:0x00000000
       37685000	      3669	80000f7c	30002673	csrrs	x12,mstatus,x0	  x0:0x00000000 x12=0x00001880
       37695000	      3670	80000f80	00cb2023	sw	x12,0(x22)	 x22:0x8ffffffc x12:0x00001880 PA:0x8ffffffc store:0x00001880 load:0x00000000
       37705000	      3671	80000f84	90000b37	lui	x22,0x90000	 x22=0x90000000
       37715000	      3672	80000f88	1b71	c.addi	x22,-4	 x22:0x90000000 x22=0x8ffffffc
       37725000	      3673	80000f8a	34200613	addi	x12,x0,834	  x0:0x00000000 x12=0x00000342
       37735000	      3674	80000f8e	0622	c.slli	x12,0x8	 x12:0x00000342 x12=0x00034200
       37745000	      3675	80000f90	060d	c.addi	x12,3	 x12:0x00034200 x12=0x00034203
       37755000	      3676	80000f92	00cb2023	sw	x12,0(x22)	 x22:0x8ffffffc x12:0x00034203 PA:0x8ffffffc store:0x00034203 load:0x00000000
       37765000	      3677	80000f96	34202673	csrrs	x12,mcause,x0	  x0:0x00000000 x12=0x8000000b
       37775000	      3678	80000f9a	00cb2023	sw	x12,0(x22)	 x22:0x8ffffffc x12:0x8000000b PA:0x8ffffffc store:0x8000000b load:0x00000000
       37785000	      3679	80000f9e	90000b37	lui	x22,0x90000	 x22=0x90000000
       37795000	      3680	80000fa2	1b71	c.addi	x22,-4	 x22:0x90000000 x22=0x8ffffffc
       37805000	      3681	80000fa4	30400613	addi	x12,x0,772	  x0:0x00000000 x12=0x00000304
       37815000	      3682	80000fa8	0622	c.slli	x12,0x8	 x12:0x00000304 x12=0x00030400
       37825000	      3683	80000faa	060d	c.addi	x12,3	 x12:0x00030400 x12=0x00030403
       37835000	      3684	80000fac	00cb2023	sw	x12,0(x22)	 x22:0x8ffffffc x12:0x00030403 PA:0x8ffffffc store:0x00030403 load:0x00000000
       37845000	      3685	80000fb0	30402673	csrrs	x12,mie,x0	  x0:0x00000000 x12=0x28ca0888
       37855000	      3686	80000fb4	00cb2023	sw	x12,0(x22)	 x22:0x8ffffffc x12:0x28ca0888 PA:0x8ffffffc store:0x28ca0888 load:0x00000000
       37865000	      3687	80000fb8	90000b37	lui	x22,0x90000	 x22=0x90000000
       37875000	      3688	80000fbc	1b71	c.addi	x22,-4	 x22:0x90000000 x22=0x8ffffffc
       37885000	      3689	80000fbe	34400613	addi	x12,x0,836	  x0:0x00000000 x12=0x00000344
       37895000	      3690	80000fc2	0622	c.slli	x12,0x8	 x12:0x00000344 x12=0x00034400
       37905000	      3691	80000fc4	060d	c.addi	x12,3	 x12:0x00034400 x12=0x00034403
       37915000	      3692	80000fc6	00cb2023	sw	x12,0(x22)	 x22:0x8ffffffc x12:0x00034403 PA:0x8ffffffc store:0x00034403 load:0x00000000
       37925000	      3693	80000fca	34402673	csrrs	x12,mip,x0	  x0:0x00000000 x12=0x00000000
       37935000	      3694	80000fce	00cb2023	sw	x12,0(x22)	 x22:0x8ffffffc x12:0x00000000 PA:0x8ffffffc store:0x00000000 load:0x00000000
       37945000	      3695	80000fd2	3871106f	jal	x0,80012b58	  x0=0x00000000
       37965000	      3697	80012b58	30002673	csrrs	x12,mstatus,x0	  x0:0x00000000 x12=0x00001880
       37975000	      3698	80012b5c	30402673	csrrs	x12,mie,x0	  x0:0x00000000 x12=0x28ca0888
       37985000	      3699	80012b60	34402673	csrrs	x12,mip,x0	  x0:0x00000000 x12=0x00000000
       37995000	      3700	80012b64	34463673	csrrc	x12,mip,x12	 x12:0x00000000 x12=0x00000000
       38025000	      3703	80012b68	90000b37	lui	x22,0x90000	 x22=0x90000000
       38035000	      3704	80012b6c	1b71	c.addi	x22,-4	 x22:0x90000000 x22=0x8ffffffc
       38045000	      3705	80012b6e	461d	c.li	x12,7	 x12=0x00000007
       38055000	      3706	80012b70	0622	c.slli	x12,0x8	 x12:0x00000007 x12=0x00000700
       38065000	      3707	80012b72	00060613	addi	x12,x12,0	 x12:0x00000700 x12=0x00000700
       38075000	      3708	80012b76	00cb2023	sw	x12,0(x22)	 x22:0x8ffffffc x12:0x00000700 PA:0x8ffffffc store:0x00000700 load:0x00000000
       38085000	      3709	80012b7a	000c89b3	add	x19,x25,x0	 x25:0x8002cc60  x0:0x00000000 x19=0x8002cc60
       38095000	      3710	80012b7e	0049a083	lw	x1,4(x19)	 x19:0x8002cc60  x1=0x000000bc PA:0x8002cc64 load:0x000000bc
       38105000	      3711	80012b82	0089a103	lw	x2,8(x19)	 x19:0x8002cc60  x2=0xfffffff9 PA:0x8002cc68 load:0xfffffff9
       38115000	      3712	80012b86	00c9a183	lw	x3,12(x19)	 x19:0x8002cc60  x3=0x545500bc PA:0x8002cc6c load:0x545500bc
       38125000	      3713	80012b8a	0109a203	lw	x4,16(x19)	 x19:0x8002cc60  x4=0x00000000 PA:0x8002cc70 load:0x00000000
       38135000	      3714	80012b8e	0149a283	lw	x5,20(x19)	 x19:0x8002cc60  x5=0x00000000 PA:0x8002cc74 load:0x00000000
       38145000	      3715	80012b92	0189a303	lw	x6,24(x19)	 x19:0x8002cc60  x6=0x00000001 PA:0x8002cc78 load:0x00000001
       38155000	      3716	80012b96	01c9a383	lw	x7,28(x19)	 x19:0x8002cc60  x7=0xffffffed PA:0x8002cc7c load:0xffffffed
       38165000	      3717	80012b9a	0209a403	lw	x8,32(x19)	 x19:0x8002cc60  x8=0x00000004 PA:0x8002cc80 load:0x00000004
       38175000	      3718	80012b9e	0249a483	lw	x9,36(x19)	 x19:0x8002cc60  x9=0x00000000 PA:0x8002cc84 load:0x00000000
       38185000	      3719	80012ba2	0289a503	lw	x10,40(x19)	 x19:0x8002cc60 x10=0x00000000 PA:0x8002cc88 load:0x00000000
       38195000	      3720	80012ba6	02c9a583	lw	x11,44(x19)	 x19:0x8002cc60 x11=0xfffffffb PA:0x8002cc8c load:0xfffffffb
       38205000	      3721	80012baa	0309a603	lw	x12,48(x19)	 x19:0x8002cc60 x12=0x0000001d PA:0x8002cc90 load:0x0000001d
       38215000	      3722	80012bae	0349a683	lw	x13,52(x19)	 x19:0x8002cc60 x13=0x00000000 PA:0x8002cc94 load:0x00000000
       38225000	      3723	80012bb2	0389a703	lw	x14,56(x19)	 x19:0x8002cc60 x14=0x8b3bb000 PA:0x8002cc98 load:0x8b3bb000
       38235000	      3724	80012bb6	03c9a783	lw	x15,60(x19)	 x19:0x8002cc60 x15=0x000000bc PA:0x8002cc9c load:0x000000bc
       38245000	      3725	80012bba	0409a803	lw	x16,64(x19)	 x19:0x8002cc60 x16=0x000000ae PA:0x8002cca0 load:0x000000ae
       38255000	      3726	80012bbe	0449a883	lw	x17,68(x19)	 x19:0x8002cc60 x17=0xde337000 PA:0x8002cca4 load:0xde337000
       38265000	      3727	80012bc2	0489a903	lw	x18,72(x19)	 x19:0x8002cc60 x18=0x000000fc PA:0x8002cca8 load:0x000000fc
       38275000	      3728	80012bc6	04c9a983	lw	x19,76(x19)	 x19:0x8002cc60 x19=0x8002cc60 PA:0x8002ccac load:0x8002cc60
       38295000	      3730	80012bca	0509aa03	lw	x20,80(x19)	 x19:0x8002cc60 x20=0xffffff0b PA:0x8002ccb0 load:0xffffff0b
       38305000	      3731	80012bce	0549aa83	lw	x21,84(x19)	 x19:0x8002cc60 x21=0x00000000 PA:0x8002ccb4 load:0x00000000
       38315000	      3732	80012bd2	0589ab03	lw	x22,88(x19)	 x19:0x8002cc60 x22=0x0000002d PA:0x8002ccb8 load:0x0000002d
       38325000	      3733	80012bd6	05c9ab83	lw	x23,92(x19)	 x19:0x8002cc60 x23=0x0000000c PA:0x8002ccbc load:0x0000000c
       38335000	      3734	80012bda	0609ac03	lw	x24,96(x19)	 x19:0x8002cc60 x24=0x00000064 PA:0x8002ccc0 load:0x00000064
       38345000	      3735	80012bde	0649ac83	lw	x25,100(x19)	 x19:0x8002cc60 x25=0x8002cce0 PA:0x8002ccc4 load:0x8002cce0
       38355000	      3736	80012be2	0689ad03	lw	x26,104(x19)	 x19:0x8002cc60 x26=0x10000000 PA:0x8002ccc8 load:0x10000000
       38365000	      3737	80012be6	06c9ad83	lw	x27,108(x19)	 x19:0x8002cc60 x27=0x800133f1 PA:0x8002cccc load:0x800133f1
       38375000	      3738	80012bea	0709ae03	lw	x28,112(x19)	 x19:0x8002cc60 x28=0x00000000 PA:0x8002ccd0 load:0x00000000
       38385000	      3739	80012bee	0749ae83	lw	x29,116(x19)	 x19:0x8002cc60 x29=0x00000001 PA:0x8002ccd4 load:0x00000001
       38395000	      3740	80012bf2	0789af03	lw	x30,120(x19)	 x19:0x8002cc60 x30=0x00000007 PA:0x8002ccd8 load:0x00000007
       38405000	      3741	80012bf6	07c9af83	lw	x31,124(x19)	 x19:0x8002cc60 x31=0xe6e2b844 PA:0x8002ccdc load:0xe6e2b844
       38415000	      3742	80012bfa	08098993	addi	x19,x19,128	 x19:0x8002cc60 x19=0x8002cce0
       38425000	      3743	80012bfe	00098cb3	add	x25,x19,x0	 x19:0x8002cce0  x0:0x00000000 x25=0x8002cce0
       38435000	      3744	80012c02	000ca983	lw	x19,0(x25)	 x25:0x8002cce0 x19=0x80028db8 PA:0x8002cce0 load:0x80028db8
       38445000	      3745	80012c06	0c91	c.addi	x25,4	 x25:0x8002cce0 x25=0x8002cce4
       38455000	      3746	80012c08	30200073	mret	
       38485000	      3749	8000d83c	117d	c.addi	x2,-1	  x2:0xfffffff9  x2=0xfffffff8
       38495000	      3750	8000d83e	01312e33	slt	x28,x2,x19	  x2:0xfffffff8 x19:0x80028db8 x28=0x00000000
       38505000	      3751	8000d842	4675	c.li	x12,29	 x12=0x0000001d
       38515000	      3752	8000d844	66e1ef97	auipc	x31,0x66e1e	 x31=0xe6e2b844
       38525000	      3753	8000d848	8495	c.srai	x9,0x5	  x9:0x00000000  x9=0x00000000
       38565000	      3757	8000d84a	0394a233	mulhsu	x4,x9,x25	  x9:0x00000000 x25:0x8002cce4  x4=0x00000000
       38575000	      3758	8000d84e	0b25	c.addi	x22,9	 x22:0x0000002d x22=0x00000036
       38945000	      3795	8000d850	027c5a33	divu	x20,x24,x7	 x24:0x00000064  x7:0xffffffed x20=0x00000000
       38955000	      3796	8000d854	de3378b7	lui	x17,0xde337	 x17=0xde337000
       38965000	      3797	8000d858	fc715be3	bge	x2,x7,8000d82e	  x2:0xfffffff8  x7:0xffffffed
       38985000	      3799	8000d82e	0001	c.addi	x0,0	  x0:0x00000000  x0=0x00000000
       39025000	      3803	8000d830	032c3033	mulhu	x0,x24,x18	 x24:0x00000064 x18:0x000000fc  x0=0x00000000
       39035000	      3804	8000d834	412f0a33	sub	x20,x30,x18	 x30:0x00000007 x18:0x000000fc x20=0xffffff0b
       39045000	      3805	8000d838	10500073	wfi	
       40225000	      3923	8000272c	f96fe06f	jal	x0,80000ec2	  x0=0x00000000
       40245000	      3925	80000ec2	1cf1	c.addi	x25,-4	 x25:0x8002cce4 x25=0x8002cce0
       40255000	      3926	80000ec4	013ca023	sw	x19,0(x25)	 x25:0x8002cce0 x19:0x80028db8 PA:0x8002cce0 store:0x80028db8 load:0x00000000
       40265000	      3927	80000ec8	000c89b3	add	x19,x25,x0	 x25:0x8002cce0  x0:0x00000000 x19=0x8002cce0
       40275000	      3928	80000ecc	f8098993	addi	x19,x19,-128	 x19:0x8002cce0 x19=0x8002cc60
       40285000	      3929	80000ed0	0019a223	sw	x1,4(x19)	 x19:0x8002cc60  x1:0x000000bc PA:0x8002cc64 store:0x000000bc load:0x00000000
       40295000	      3930	80000ed4	0029a423	sw	x2,8(x19)	 x19:0x8002cc60  x2:0xfffffff8 PA:0x8002cc68 store:0xfffffff8 load:0x00000000
       40305000	      3931	80000ed8	0039a623	sw	x3,12(x19)	 x19:0x8002cc60  x3:0x545500bc PA:0x8002cc6c store:0x545500bc load:0x00000000
       40315000	      3932	80000edc	0049a823	sw	x4,16(x19)	 x19:0x8002cc60  x4:0x00000000 PA:0x8002cc70 store:0x00000000 load:0x00000000
       40325000	      3933	80000ee0	0059aa23	sw	x5,20(x19)	 x19:0x8002cc60  x5:0x00000000 PA:0x8002cc74 store:0x00000000 load:0x00000000
       40335000	      3934	80000ee4	0069ac23	sw	x6,24(x19)	 x19:0x8002cc60  x6:0x00000001 PA:0x8002cc78 store:0x00000001 load:0x00000000
       40345000	      3935	80000ee8	0079ae23	sw	x7,28(x19)	 x19:0x8002cc60  x7:0xffffffed PA:0x8002cc7c store:0xffffffed load:0x00000000
       40355000	      3936	80000eec	0289a023	sw	x8,32(x19)	 x19:0x8002cc60  x8:0x00000004 PA:0x8002cc80 store:0x00000004 load:0x00000000
       40365000	      3937	80000ef0	0299a223	sw	x9,36(x19)	 x19:0x8002cc60  x9:0x00000000 PA:0x8002cc84 store:0x00000000 load:0x00000000
       40375000	      3938	80000ef4	02a9a423	sw	x10,40(x19)	 x19:0x8002cc60 x10:0x00000000 PA:0x8002cc88 store:0x00000000 load:0x00000000
       40385000	      3939	80000ef8	02b9a623	sw	x11,44(x19)	 x19:0x8002cc60 x11:0xfffffffb PA:0x8002cc8c store:0xfffffffb load:0x00000000
       40395000	      3940	80000efc	02c9a823	sw	x12,48(x19)	 x19:0x8002cc60 x12:0x0000001d PA:0x8002cc90 store:0x0000001d load:0x00000000
       40405000	      3941	80000f00	02d9aa23	sw	x13,52(x19)	 x19:0x8002cc60 x13:0x00000000 PA:0x8002cc94 store:0x00000000 load:0x00000000
       40415000	      3942	80000f04	02e9ac23	sw	x14,56(x19)	 x19:0x8002cc60 x14:0x8b3bb000 PA:0x8002cc98 store:0x8b3bb000 load:0x00000000
       40425000	      3943	80000f08	02f9ae23	sw	x15,60(x19)	 x19:0x8002cc60 x15:0x000000bc PA:0x8002cc9c store:0x000000bc load:0x00000000
       40435000	      3944	80000f0c	0509a023	sw	x16,64(x19)	 x19:0x8002cc60 x16:0x000000ae PA:0x8002cca0 store:0x000000ae load:0x00000000
       40445000	      3945	80000f10	0519a223	sw	x17,68(x19)	 x19:0x8002cc60 x17:0xde337000 PA:0x8002cca4 store:0xde337000 load:0x00000000
       40455000	      3946	80000f14	0529a423	sw	x18,72(x19)	 x19:0x8002cc60 x18:0x000000fc PA:0x8002cca8 store:0x000000fc load:0x00000000
       40465000	      3947	80000f18	0539a623	sw	x19,76(x19)	 x19:0x8002cc60 x19:0x8002cc60 PA:0x8002ccac store:0x8002cc60 load:0x00000000
       40475000	      3948	80000f1c	0549a823	sw	x20,80(x19)	 x19:0x8002cc60 x20:0xffffff0b PA:0x8002ccb0 store:0xffffff0b load:0x00000000
       40485000	      3949	80000f20	0559aa23	sw	x21,84(x19)	 x19:0x8002cc60 x21:0x00000000 PA:0x8002ccb4 store:0x00000000 load:0x00000000
       40495000	      3950	80000f24	0569ac23	sw	x22,88(x19)	 x19:0x8002cc60 x22:0x00000036 PA:0x8002ccb8 store:0x00000036 load:0x00000000
       40505000	      3951	80000f28	0579ae23	sw	x23,92(x19)	 x19:0x8002cc60 x23:0x0000000c PA:0x8002ccbc store:0x0000000c load:0x00000000
       40515000	      3952	80000f2c	0789a023	sw	x24,96(x19)	 x19:0x8002cc60 x24:0x00000064 PA:0x8002ccc0 store:0x00000064 load:0x00000000
       40525000	      3953	80000f30	0799a223	sw	x25,100(x19)	 x19:0x8002cc60 x25:0x8002cce0 PA:0x8002ccc4 store:0x8002cce0 load:0x00000000
       40535000	      3954	80000f34	07a9a423	sw	x26,104(x19)	 x19:0x8002cc60 x26:0x10000000 PA:0x8002ccc8 store:0x10000000 load:0x00000000
       40545000	      3955	80000f38	07b9a623	sw	x27,108(x19)	 x19:0x8002cc60 x27:0x800133f1 PA:0x8002cccc store:0x800133f1 load:0x00000000
       40555000	      3956	80000f3c	07c9a823	sw	x28,112(x19)	 x19:0x8002cc60 x28:0x00000000 PA:0x8002ccd0 store:0x00000000 load:0x00000000
       40565000	      3957	80000f40	07d9aa23	sw	x29,116(x19)	 x19:0x8002cc60 x29:0x00000001 PA:0x8002ccd4 store:0x00000001 load:0x00000000
       40575000	      3958	80000f44	07e9ac23	sw	x30,120(x19)	 x19:0x8002cc60 x30:0x00000007 PA:0x8002ccd8 store:0x00000007 load:0x00000000
       40585000	      3959	80000f48	07f9ae23	sw	x31,124(x19)	 x19:0x8002cc60 x31:0xe6e2b844 PA:0x8002ccdc store:0xe6e2b844 load:0x00000000
       40595000	      3960	80000f4c	00098cb3	add	x25,x19,x0	 x19:0x8002cc60  x0:0x00000000 x25=0x8002cc60
       40605000	      3961	80000f50	90000b37	lui	x22,0x90000	 x22=0x90000000
       40615000	      3962	80000f54	1b71	c.addi	x22,-4	 x22:0x90000000 x22=0x8ffffffc
       40625000	      3963	80000f56	4619	c.li	x12,6	 x12=0x00000006
       40635000	      3964	80000f58	0622	c.slli	x12,0x8	 x12:0x00000006 x12=0x00000600
       40645000	      3965	80000f5a	00060613	addi	x12,x12,0	 x12:0x00000600 x12=0x00000600
       40655000	      3966	80000f5e	00cb2023	sw	x12,0(x22)	 x22:0x8ffffffc x12:0x00000600 PA:0x8ffffffc store:0x00000600 load:0x00000000
       40665000	      3967	80000f62	34202673	csrrs	x12,mcause,x0	  x0:0x00000000 x12=0x8000000b
       40675000	      3968	80000f66	827d	c.srli	x12,0x1f	 x12:0x8000000b x12=0x00000001
       40685000	      3969	80000f68	c63d	c.beqz	x12,80000fd6	 x12:0x00000001
       40695000	      3970	80000f6a	90000b37	lui	x22,0x90000	 x22=0x90000000
       40705000	      3971	80000f6e	1b71	c.addi	x22,-4	 x22:0x90000000 x22=0x8ffffffc
       40715000	      3972	80000f70	30000613	addi	x12,x0,768	  x0:0x00000000 x12=0x00000300
       40725000	      3973	80000f74	0622	c.slli	x12,0x8	 x12:0x00000300 x12=0x00030000
       40735000	      3974	80000f76	060d	c.addi	x12,3	 x12:0x00030000 x12=0x00030003
       40745000	      3975	80000f78	00cb2023	sw	x12,0(x22)	 x22:0x8ffffffc x12:0x00030003 PA:0x8ffffffc store:0x00030003 load:0x00000000
       40755000	      3976	80000f7c	30002673	csrrs	x12,mstatus,x0	  x0:0x00000000 x12=0x00001880
       40765000	      3977	80000f80	00cb2023	sw	x12,0(x22)	 x22:0x8ffffffc x12:0x00001880 PA:0x8ffffffc store:0x00001880 load:0x00000000
       40775000	      3978	80000f84	90000b37	lui	x22,0x90000	 x22=0x90000000
       40785000	      3979	80000f88	1b71	c.addi	x22,-4	 x22:0x90000000 x22=0x8ffffffc
       40795000	      3980	80000f8a	34200613	addi	x12,x0,834	  x0:0x00000000 x12=0x00000342
       40805000	      3981	80000f8e	0622	c.slli	x12,0x8	 x12:0x00000342 x12=0x00034200
       40815000	      3982	80000f90	060d	c.addi	x12,3	 x12:0x00034200 x12=0x00034203
       40825000	      3983	80000f92	00cb2023	sw	x12,0(x22)	 x22:0x8ffffffc x12:0x00034203 PA:0x8ffffffc store:0x00034203 load:0x00000000
       40835000	      3984	80000f96	34202673	csrrs	x12,mcause,x0	  x0:0x00000000 x12=0x8000000b
       40845000	      3985	80000f9a	00cb2023	sw	x12,0(x22)	 x22:0x8ffffffc x12:0x8000000b PA:0x8ffffffc store:0x8000000b load:0x00000000
       40855000	      3986	80000f9e	90000b37	lui	x22,0x90000	 x22=0x90000000
       40865000	      3987	80000fa2	1b71	c.addi	x22,-4	 x22:0x90000000 x22=0x8ffffffc
       40875000	      3988	80000fa4	30400613	addi	x12,x0,772	  x0:0x00000000 x12=0x00000304
       40885000	      3989	80000fa8	0622	c.slli	x12,0x8	 x12:0x00000304 x12=0x00030400
       40895000	      3990	80000faa	060d	c.addi	x12,3	 x12:0x00030400 x12=0x00030403
       40905000	      3991	80000fac	00cb2023	sw	x12,0(x22)	 x22:0x8ffffffc x12:0x00030403 PA:0x8ffffffc store:0x00030403 load:0x00000000
       40915000	      3992	80000fb0	30402673	csrrs	x12,mie,x0	  x0:0x00000000 x12=0x28ca0888
       40925000	      3993	80000fb4	00cb2023	sw	x12,0(x22)	 x22:0x8ffffffc x12:0x28ca0888 PA:0x8ffffffc store:0x28ca0888 load:0x00000000
       40935000	      3994	80000fb8	90000b37	lui	x22,0x90000	 x22=0x90000000
       40945000	      3995	80000fbc	1b71	c.addi	x22,-4	 x22:0x90000000 x22=0x8ffffffc
       40955000	      3996	80000fbe	34400613	addi	x12,x0,836	  x0:0x00000000 x12=0x00000344
       40965000	      3997	80000fc2	0622	c.slli	x12,0x8	 x12:0x00000344 x12=0x00034400
       40975000	      3998	80000fc4	060d	c.addi	x12,3	 x12:0x00034400 x12=0x00034403
       40985000	      3999	80000fc6	00cb2023	sw	x12,0(x22)	 x22:0x8ffffffc x12:0x00034403 PA:0x8ffffffc store:0x00034403 load:0x00000000
       40995000	      4000	80000fca	34402673	csrrs	x12,mip,x0	  x0:0x00000000 x12=0x00000000
       41005000	      4001	80000fce	00cb2023	sw	x12,0(x22)	 x22:0x8ffffffc x12:0x00000000 PA:0x8ffffffc store:0x00000000 load:0x00000000
       41015000	      4002	80000fd2	3871106f	jal	x0,80012b58	  x0=0x00000000
       41035000	      4004	80012b58	30002673	csrrs	x12,mstatus,x0	  x0:0x00000000 x12=0x00001880
       41045000	      4005	80012b5c	30402673	csrrs	x12,mie,x0	  x0:0x00000000 x12=0x28ca0888
       41055000	      4006	80012b60	34402673	csrrs	x12,mip,x0	  x0:0x00000000 x12=0x00000000
       41065000	      4007	80012b64	34463673	csrrc	x12,mip,x12	 x12:0x00000000 x12=0x00000000
       41095000	      4010	80012b68	90000b37	lui	x22,0x90000	 x22=0x90000000
       41105000	      4011	80012b6c	1b71	c.addi	x22,-4	 x22:0x90000000 x22=0x8ffffffc
       41115000	      4012	80012b6e	461d	c.li	x12,7	 x12=0x00000007
       41125000	      4013	80012b70	0622	c.slli	x12,0x8	 x12:0x00000007 x12=0x00000700
       41135000	      4014	80012b72	00060613	addi	x12,x12,0	 x12:0x00000700 x12=0x00000700
       41145000	      4015	80012b76	00cb2023	sw	x12,0(x22)	 x22:0x8ffffffc x12:0x00000700 PA:0x8ffffffc store:0x00000700 load:0x00000000
       41155000	      4016	80012b7a	000c89b3	add	x19,x25,x0	 x25:0x8002cc60  x0:0x00000000 x19=0x8002cc60
       41165000	      4017	80012b7e	0049a083	lw	x1,4(x19)	 x19:0x8002cc60  x1=0x000000bc PA:0x8002cc64 load:0x000000bc
       41175000	      4018	80012b82	0089a103	lw	x2,8(x19)	 x19:0x8002cc60  x2=0xfffffff8 PA:0x8002cc68 load:0xfffffff8
       41185000	      4019	80012b86	00c9a183	lw	x3,12(x19)	 x19:0x8002cc60  x3=0x545500bc PA:0x8002cc6c load:0x545500bc
       41195000	      4020	80012b8a	0109a203	lw	x4,16(x19)	 x19:0x8002cc60  x4=0x00000000 PA:0x8002cc70 load:0x00000000
       41205000	      4021	80012b8e	0149a283	lw	x5,20(x19)	 x19:0x8002cc60  x5=0x00000000 PA:0x8002cc74 load:0x00000000
       41215000	      4022	80012b92	0189a303	lw	x6,24(x19)	 x19:0x8002cc60  x6=0x00000001 PA:0x8002cc78 load:0x00000001
       41225000	      4023	80012b96	01c9a383	lw	x7,28(x19)	 x19:0x8002cc60  x7=0xffffffed PA:0x8002cc7c load:0xffffffed
       41235000	      4024	80012b9a	0209a403	lw	x8,32(x19)	 x19:0x8002cc60  x8=0x00000004 PA:0x8002cc80 load:0x00000004
       41245000	      4025	80012b9e	0249a483	lw	x9,36(x19)	 x19:0x8002cc60  x9=0x00000000 PA:0x8002cc84 load:0x00000000
       41255000	      4026	80012ba2	0289a503	lw	x10,40(x19)	 x19:0x8002cc60 x10=0x00000000 PA:0x8002cc88 load:0x00000000
       41265000	      4027	80012ba6	02c9a583	lw	x11,44(x19)	 x19:0x8002cc60 x11=0xfffffffb PA:0x8002cc8c load:0xfffffffb
       41275000	      4028	80012baa	0309a603	lw	x12,48(x19)	 x19:0x8002cc60 x12=0x0000001d PA:0x8002cc90 load:0x0000001d
       41285000	      4029	80012bae	0349a683	lw	x13,52(x19)	 x19:0x8002cc60 x13=0x00000000 PA:0x8002cc94 load:0x00000000
       41295000	      4030	80012bb2	0389a703	lw	x14,56(x19)	 x19:0x8002cc60 x14=0x8b3bb000 PA:0x8002cc98 load:0x8b3bb000
       41305000	      4031	80012bb6	03c9a783	lw	x15,60(x19)	 x19:0x8002cc60 x15=0x000000bc PA:0x8002cc9c load:0x000000bc
       41315000	      4032	80012bba	0409a803	lw	x16,64(x19)	 x19:0x8002cc60 x16=0x000000ae PA:0x8002cca0 load:0x000000ae
       41325000	      4033	80012bbe	0449a883	lw	x17,68(x19)	 x19:0x8002cc60 x17=0xde337000 PA:0x8002cca4 load:0xde337000
       41335000	      4034	80012bc2	0489a903	lw	x18,72(x19)	 x19:0x8002cc60 x18=0x000000fc PA:0x8002cca8 load:0x000000fc
       41345000	      4035	80012bc6	04c9a983	lw	x19,76(x19)	 x19:0x8002cc60 x19=0x8002cc60 PA:0x8002ccac load:0x8002cc60
       41365000	      4037	80012bca	0509aa03	lw	x20,80(x19)	 x19:0x8002cc60 x20=0xffffff0b PA:0x8002ccb0 load:0xffffff0b
       41375000	      4038	80012bce	0549aa83	lw	x21,84(x19)	 x19:0x8002cc60 x21=0x00000000 PA:0x8002ccb4 load:0x00000000
       41385000	      4039	80012bd2	0589ab03	lw	x22,88(x19)	 x19:0x8002cc60 x22=0x00000036 PA:0x8002ccb8 load:0x00000036
       41395000	      4040	80012bd6	05c9ab83	lw	x23,92(x19)	 x19:0x8002cc60 x23=0x0000000c PA:0x8002ccbc load:0x0000000c
       41405000	      4041	80012bda	0609ac03	lw	x24,96(x19)	 x19:0x8002cc60 x24=0x00000064 PA:0x8002ccc0 load:0x00000064
       41415000	      4042	80012bde	0649ac83	lw	x25,100(x19)	 x19:0x8002cc60 x25=0x8002cce0 PA:0x8002ccc4 load:0x8002cce0
       41425000	      4043	80012be2	0689ad03	lw	x26,104(x19)	 x19:0x8002cc60 x26=0x10000000 PA:0x8002ccc8 load:0x10000000
       41435000	      4044	80012be6	06c9ad83	lw	x27,108(x19)	 x19:0x8002cc60 x27=0x800133f1 PA:0x8002cccc load:0x800133f1
       41445000	      4045	80012bea	0709ae03	lw	x28,112(x19)	 x19:0x8002cc60 x28=0x00000000 PA:0x8002ccd0 load:0x00000000
       41455000	      4046	80012bee	0749ae83	lw	x29,116(x19)	 x19:0x8002cc60 x29=0x00000001 PA:0x8002ccd4 load:0x00000001
       41465000	      4047	80012bf2	0789af03	lw	x30,120(x19)	 x19:0x8002cc60 x30=0x00000007 PA:0x8002ccd8 load:0x00000007
       41475000	      4048	80012bf6	07c9af83	lw	x31,124(x19)	 x19:0x8002cc60 x31=0xe6e2b844 PA:0x8002ccdc load:0xe6e2b844
       41485000	      4049	80012bfa	08098993	addi	x19,x19,128	 x19:0x8002cc60 x19=0x8002cce0
       41495000	      4050	80012bfe	00098cb3	add	x25,x19,x0	 x19:0x8002cce0  x0:0x00000000 x25=0x8002cce0
       41505000	      4051	80012c02	000ca983	lw	x19,0(x25)	 x25:0x8002cce0 x19=0x80028db8 PA:0x8002cce0 load:0x80028db8
       41515000	      4052	80012c06	0c91	c.addi	x25,4	 x25:0x8002cce0 x25=0x8002cce4
       41525000	      4053	80012c08	30200073	mret	
       41555000	      4056	8000d83c	117d	c.addi	x2,-1	  x2:0xfffffff8  x2=0xfffffff7
       41565000	      4057	8000d83e	01312e33	slt	x28,x2,x19	  x2:0xfffffff7 x19:0x80028db8 x28=0x00000000
       41575000	      4058	8000d842	4675	c.li	x12,29	 x12=0x0000001d
       41585000	      4059	8000d844	66e1ef97	auipc	x31,0x66e1e	 x31=0xe6e2b844
       41595000	      4060	8000d848	8495	c.srai	x9,0x5	  x9:0x00000000  x9=0x00000000
       41635000	      4064	8000d84a	0394a233	mulhsu	x4,x9,x25	  x9:0x00000000 x25:0x8002cce4  x4=0x00000000
       41645000	      4065	8000d84e	0b25	c.addi	x22,9	 x22:0x00000036 x22=0x0000003f
       42015000	      4102	8000d850	027c5a33	divu	x20,x24,x7	 x24:0x00000064  x7:0xffffffed x20=0x00000000
       42025000	      4103	8000d854	de3378b7	lui	x17,0xde337	 x17=0xde337000
       42035000	      4104	8000d858	fc715be3	bge	x2,x7,8000d82e	  x2:0xfffffff7  x7:0xffffffed
       42055000	      4106	8000d82e	0001	c.addi	x0,0	  x0:0x00000000  x0=0x00000000
       42095000	      4110	8000d830	032c3033	mulhu	x0,x24,x18	 x24:0x00000064 x18:0x000000fc  x0=0x00000000
       42105000	      4111	8000d834	412f0a33	sub	x20,x30,x18	 x30:0x00000007 x18:0x000000fc x20=0xffffff0b
       42115000	      4112	8000d838	10500073	wfi	
       43295000	      4230	8000272c	f96fe06f	jal	x0,80000ec2	  x0=0x00000000
       43315000	      4232	80000ec2	1cf1	c.addi	x25,-4	 x25:0x8002cce4 x25=0x8002cce0
       43325000	      4233	80000ec4	013ca023	sw	x19,0(x25)	 x25:0x8002cce0 x19:0x80028db8 PA:0x8002cce0 store:0x80028db8 load:0x00000000
       43335000	      4234	80000ec8	000c89b3	add	x19,x25,x0	 x25:0x8002cce0  x0:0x00000000 x19=0x8002cce0
       43345000	      4235	80000ecc	f8098993	addi	x19,x19,-128	 x19:0x8002cce0 x19=0x8002cc60
       43355000	      4236	80000ed0	0019a223	sw	x1,4(x19)	 x19:0x8002cc60  x1:0x000000bc PA:0x8002cc64 store:0x000000bc load:0x00000000
       43365000	      4237	80000ed4	0029a423	sw	x2,8(x19)	 x19:0x8002cc60  x2:0xfffffff7 PA:0x8002cc68 store:0xfffffff7 load:0x00000000
       43375000	      4238	80000ed8	0039a623	sw	x3,12(x19)	 x19:0x8002cc60  x3:0x545500bc PA:0x8002cc6c store:0x545500bc load:0x00000000
       43385000	      4239	80000edc	0049a823	sw	x4,16(x19)	 x19:0x8002cc60  x4:0x00000000 PA:0x8002cc70 store:0x00000000 load:0x00000000
       43395000	      4240	80000ee0	0059aa23	sw	x5,20(x19)	 x19:0x8002cc60  x5:0x00000000 PA:0x8002cc74 store:0x00000000 load:0x00000000
       43405000	      4241	80000ee4	0069ac23	sw	x6,24(x19)	 x19:0x8002cc60  x6:0x00000001 PA:0x8002cc78 store:0x00000001 load:0x00000000
       43415000	      4242	80000ee8	0079ae23	sw	x7,28(x19)	 x19:0x8002cc60  x7:0xffffffed PA:0x8002cc7c store:0xffffffed load:0x00000000
       43425000	      4243	80000eec	0289a023	sw	x8,32(x19)	 x19:0x8002cc60  x8:0x00000004 PA:0x8002cc80 store:0x00000004 load:0x00000000
       43435000	      4244	80000ef0	0299a223	sw	x9,36(x19)	 x19:0x8002cc60  x9:0x00000000 PA:0x8002cc84 store:0x00000000 load:0x00000000
       43445000	      4245	80000ef4	02a9a423	sw	x10,40(x19)	 x19:0x8002cc60 x10:0x00000000 PA:0x8002cc88 store:0x00000000 load:0x00000000
       43455000	      4246	80000ef8	02b9a623	sw	x11,44(x19)	 x19:0x8002cc60 x11:0xfffffffb PA:0x8002cc8c store:0xfffffffb load:0x00000000
       43465000	      4247	80000efc	02c9a823	sw	x12,48(x19)	 x19:0x8002cc60 x12:0x0000001d PA:0x8002cc90 store:0x0000001d load:0x00000000
       43475000	      4248	80000f00	02d9aa23	sw	x13,52(x19)	 x19:0x8002cc60 x13:0x00000000 PA:0x8002cc94 store:0x00000000 load:0x00000000
       43485000	      4249	80000f04	02e9ac23	sw	x14,56(x19)	 x19:0x8002cc60 x14:0x8b3bb000 PA:0x8002cc98 store:0x8b3bb000 load:0x00000000
       43495000	      4250	80000f08	02f9ae23	sw	x15,60(x19)	 x19:0x8002cc60 x15:0x000000bc PA:0x8002cc9c store:0x000000bc load:0x00000000
       43505000	      4251	80000f0c	0509a023	sw	x16,64(x19)	 x19:0x8002cc60 x16:0x000000ae PA:0x8002cca0 store:0x000000ae load:0x00000000
       43515000	      4252	80000f10	0519a223	sw	x17,68(x19)	 x19:0x8002cc60 x17:0xde337000 PA:0x8002cca4 store:0xde337000 load:0x00000000
       43525000	      4253	80000f14	0529a423	sw	x18,72(x19)	 x19:0x8002cc60 x18:0x000000fc PA:0x8002cca8 store:0x000000fc load:0x00000000
       43535000	      4254	80000f18	0539a623	sw	x19,76(x19)	 x19:0x8002cc60 x19:0x8002cc60 PA:0x8002ccac store:0x8002cc60 load:0x00000000
       43545000	      4255	80000f1c	0549a823	sw	x20,80(x19)	 x19:0x8002cc60 x20:0xffffff0b PA:0x8002ccb0 store:0xffffff0b load:0x00000000
       43555000	      4256	80000f20	0559aa23	sw	x21,84(x19)	 x19:0x8002cc60 x21:0x00000000 PA:0x8002ccb4 store:0x00000000 load:0x00000000
       43565000	      4257	80000f24	0569ac23	sw	x22,88(x19)	 x19:0x8002cc60 x22:0x0000003f PA:0x8002ccb8 store:0x0000003f load:0x00000000
       43575000	      4258	80000f28	0579ae23	sw	x23,92(x19)	 x19:0x8002cc60 x23:0x0000000c PA:0x8002ccbc store:0x0000000c load:0x00000000
       43585000	      4259	80000f2c	0789a023	sw	x24,96(x19)	 x19:0x8002cc60 x24:0x00000064 PA:0x8002ccc0 store:0x00000064 load:0x00000000
       43595000	      4260	80000f30	0799a223	sw	x25,100(x19)	 x19:0x8002cc60 x25:0x8002cce0 PA:0x8002ccc4 store:0x8002cce0 load:0x00000000
       43605000	      4261	80000f34	07a9a423	sw	x26,104(x19)	 x19:0x8002cc60 x26:0x10000000 PA:0x8002ccc8 store:0x10000000 load:0x00000000
       43615000	      4262	80000f38	07b9a623	sw	x27,108(x19)	 x19:0x8002cc60 x27:0x800133f1 PA:0x8002cccc store:0x800133f1 load:0x00000000
       43625000	      4263	80000f3c	07c9a823	sw	x28,112(x19)	 x19:0x8002cc60 x28:0x00000000 PA:0x8002ccd0 store:0x00000000 load:0x00000000
       43635000	      4264	80000f40	07d9aa23	sw	x29,116(x19)	 x19:0x8002cc60 x29:0x00000001 PA:0x8002ccd4 store:0x00000001 load:0x00000000
       43645000	      4265	80000f44	07e9ac23	sw	x30,120(x19)	 x19:0x8002cc60 x30:0x00000007 PA:0x8002ccd8 store:0x00000007 load:0x00000000
       43655000	      4266	80000f48	07f9ae23	sw	x31,124(x19)	 x19:0x8002cc60 x31:0xe6e2b844 PA:0x8002ccdc store:0xe6e2b844 load:0x00000000
       43665000	      4267	80000f4c	00098cb3	add	x25,x19,x0	 x19:0x8002cc60  x0:0x00000000 x25=0x8002cc60
       43675000	      4268	80000f50	90000b37	lui	x22,0x90000	 x22=0x90000000
       43685000	      4269	80000f54	1b71	c.addi	x22,-4	 x22:0x90000000 x22=0x8ffffffc
       43695000	      4270	80000f56	4619	c.li	x12,6	 x12=0x00000006
       43705000	      4271	80000f58	0622	c.slli	x12,0x8	 x12:0x00000006 x12=0x00000600
       43715000	      4272	80000f5a	00060613	addi	x12,x12,0	 x12:0x00000600 x12=0x00000600
       43725000	      4273	80000f5e	00cb2023	sw	x12,0(x22)	 x22:0x8ffffffc x12:0x00000600 PA:0x8ffffffc store:0x00000600 load:0x00000000
       43735000	      4274	80000f62	34202673	csrrs	x12,mcause,x0	  x0:0x00000000 x12=0x8000000b
       43745000	      4275	80000f66	827d	c.srli	x12,0x1f	 x12:0x8000000b x12=0x00000001
       43755000	      4276	80000f68	c63d	c.beqz	x12,80000fd6	 x12:0x00000001
       43765000	      4277	80000f6a	90000b37	lui	x22,0x90000	 x22=0x90000000
       43775000	      4278	80000f6e	1b71	c.addi	x22,-4	 x22:0x90000000 x22=0x8ffffffc
       43785000	      4279	80000f70	30000613	addi	x12,x0,768	  x0:0x00000000 x12=0x00000300
       43795000	      4280	80000f74	0622	c.slli	x12,0x8	 x12:0x00000300 x12=0x00030000
       43805000	      4281	80000f76	060d	c.addi	x12,3	 x12:0x00030000 x12=0x00030003
       43815000	      4282	80000f78	00cb2023	sw	x12,0(x22)	 x22:0x8ffffffc x12:0x00030003 PA:0x8ffffffc store:0x00030003 load:0x00000000
       43825000	      4283	80000f7c	30002673	csrrs	x12,mstatus,x0	  x0:0x00000000 x12=0x00001880
       43835000	      4284	80000f80	00cb2023	sw	x12,0(x22)	 x22:0x8ffffffc x12:0x00001880 PA:0x8ffffffc store:0x00001880 load:0x00000000
       43845000	      4285	80000f84	90000b37	lui	x22,0x90000	 x22=0x90000000
       43855000	      4286	80000f88	1b71	c.addi	x22,-4	 x22:0x90000000 x22=0x8ffffffc
       43865000	      4287	80000f8a	34200613	addi	x12,x0,834	  x0:0x00000000 x12=0x00000342
       43875000	      4288	80000f8e	0622	c.slli	x12,0x8	 x12:0x00000342 x12=0x00034200
       43885000	      4289	80000f90	060d	c.addi	x12,3	 x12:0x00034200 x12=0x00034203
       43895000	      4290	80000f92	00cb2023	sw	x12,0(x22)	 x22:0x8ffffffc x12:0x00034203 PA:0x8ffffffc store:0x00034203 load:0x00000000
       43905000	      4291	80000f96	34202673	csrrs	x12,mcause,x0	  x0:0x00000000 x12=0x8000000b
       43915000	      4292	80000f9a	00cb2023	sw	x12,0(x22)	 x22:0x8ffffffc x12:0x8000000b PA:0x8ffffffc store:0x8000000b load:0x00000000
       43925000	      4293	80000f9e	90000b37	lui	x22,0x90000	 x22=0x90000000
       43935000	      4294	80000fa2	1b71	c.addi	x22,-4	 x22:0x90000000 x22=0x8ffffffc
       43945000	      4295	80000fa4	30400613	addi	x12,x0,772	  x0:0x00000000 x12=0x00000304
       43955000	      4296	80000fa8	0622	c.slli	x12,0x8	 x12:0x00000304 x12=0x00030400
       43965000	      4297	80000faa	060d	c.addi	x12,3	 x12:0x00030400 x12=0x00030403
       43975000	      4298	80000fac	00cb2023	sw	x12,0(x22)	 x22:0x8ffffffc x12:0x00030403 PA:0x8ffffffc store:0x00030403 load:0x00000000
       43985000	      4299	80000fb0	30402673	csrrs	x12,mie,x0	  x0:0x00000000 x12=0x28ca0888
       43995000	      4300	80000fb4	00cb2023	sw	x12,0(x22)	 x22:0x8ffffffc x12:0x28ca0888 PA:0x8ffffffc store:0x28ca0888 load:0x00000000
       44005000	      4301	80000fb8	90000b37	lui	x22,0x90000	 x22=0x90000000
       44015000	      4302	80000fbc	1b71	c.addi	x22,-4	 x22:0x90000000 x22=0x8ffffffc
       44025000	      4303	80000fbe	34400613	addi	x12,x0,836	  x0:0x00000000 x12=0x00000344
       44035000	      4304	80000fc2	0622	c.slli	x12,0x8	 x12:0x00000344 x12=0x00034400
       44045000	      4305	80000fc4	060d	c.addi	x12,3	 x12:0x00034400 x12=0x00034403
       44055000	      4306	80000fc6	00cb2023	sw	x12,0(x22)	 x22:0x8ffffffc x12:0x00034403 PA:0x8ffffffc store:0x00034403 load:0x00000000
       44065000	      4307	80000fca	34402673	csrrs	x12,mip,x0	  x0:0x00000000 x12=0x00000000
       44075000	      4308	80000fce	00cb2023	sw	x12,0(x22)	 x22:0x8ffffffc x12:0x00000000 PA:0x8ffffffc store:0x00000000 load:0x00000000
       44085000	      4309	80000fd2	3871106f	jal	x0,80012b58	  x0=0x00000000
       44105000	      4311	80012b58	30002673	csrrs	x12,mstatus,x0	  x0:0x00000000 x12=0x00001880
       44115000	      4312	80012b5c	30402673	csrrs	x12,mie,x0	  x0:0x00000000 x12=0x28ca0888
       44125000	      4313	80012b60	34402673	csrrs	x12,mip,x0	  x0:0x00000000 x12=0x00000000
       44135000	      4314	80012b64	34463673	csrrc	x12,mip,x12	 x12:0x00000000 x12=0x00000000
       44165000	      4317	80012b68	90000b37	lui	x22,0x90000	 x22=0x90000000
       44175000	      4318	80012b6c	1b71	c.addi	x22,-4	 x22:0x90000000 x22=0x8ffffffc
       44185000	      4319	80012b6e	461d	c.li	x12,7	 x12=0x00000007
       44195000	      4320	80012b70	0622	c.slli	x12,0x8	 x12:0x00000007 x12=0x00000700
       44205000	      4321	80012b72	00060613	addi	x12,x12,0	 x12:0x00000700 x12=0x00000700
       44215000	      4322	80012b76	00cb2023	sw	x12,0(x22)	 x22:0x8ffffffc x12:0x00000700 PA:0x8ffffffc store:0x00000700 load:0x00000000
       44225000	      4323	80012b7a	000c89b3	add	x19,x25,x0	 x25:0x8002cc60  x0:0x00000000 x19=0x8002cc60
       44235000	      4324	80012b7e	0049a083	lw	x1,4(x19)	 x19:0x8002cc60  x1=0x000000bc PA:0x8002cc64 load:0x000000bc
       44245000	      4325	80012b82	0089a103	lw	x2,8(x19)	 x19:0x8002cc60  x2=0xfffffff7 PA:0x8002cc68 load:0xfffffff7
       44255000	      4326	80012b86	00c9a183	lw	x3,12(x19)	 x19:0x8002cc60  x3=0x545500bc PA:0x8002cc6c load:0x545500bc
       44265000	      4327	80012b8a	0109a203	lw	x4,16(x19)	 x19:0x8002cc60  x4=0x00000000 PA:0x8002cc70 load:0x00000000
       44275000	      4328	80012b8e	0149a283	lw	x5,20(x19)	 x19:0x8002cc60  x5=0x00000000 PA:0x8002cc74 load:0x00000000
       44285000	      4329	80012b92	0189a303	lw	x6,24(x19)	 x19:0x8002cc60  x6=0x00000001 PA:0x8002cc78 load:0x00000001
       44295000	      4330	80012b96	01c9a383	lw	x7,28(x19)	 x19:0x8002cc60  x7=0xffffffed PA:0x8002cc7c load:0xffffffed
       44305000	      4331	80012b9a	0209a403	lw	x8,32(x19)	 x19:0x8002cc60  x8=0x00000004 PA:0x8002cc80 load:0x00000004
       44315000	      4332	80012b9e	0249a483	lw	x9,36(x19)	 x19:0x8002cc60  x9=0x00000000 PA:0x8002cc84 load:0x00000000
       44325000	      4333	80012ba2	0289a503	lw	x10,40(x19)	 x19:0x8002cc60 x10=0x00000000 PA:0x8002cc88 load:0x00000000
       44335000	      4334	80012ba6	02c9a583	lw	x11,44(x19)	 x19:0x8002cc60 x11=0xfffffffb PA:0x8002cc8c load:0xfffffffb
       44345000	      4335	80012baa	0309a603	lw	x12,48(x19)	 x19:0x8002cc60 x12=0x0000001d PA:0x8002cc90 load:0x0000001d
       44355000	      4336	80012bae	0349a683	lw	x13,52(x19)	 x19:0x8002cc60 x13=0x00000000 PA:0x8002cc94 load:0x00000000
       44365000	      4337	80012bb2	0389a703	lw	x14,56(x19)	 x19:0x8002cc60 x14=0x8b3bb000 PA:0x8002cc98 load:0x8b3bb000
       44375000	      4338	80012bb6	03c9a783	lw	x15,60(x19)	 x19:0x8002cc60 x15=0x000000bc PA:0x8002cc9c load:0x000000bc
       44385000	      4339	80012bba	0409a803	lw	x16,64(x19)	 x19:0x8002cc60 x16=0x000000ae PA:0x8002cca0 load:0x000000ae
       44395000	      4340	80012bbe	0449a883	lw	x17,68(x19)	 x19:0x8002cc60 x17=0xde337000 PA:0x8002cca4 load:0xde337000
       44405000	      4341	80012bc2	0489a903	lw	x18,72(x19)	 x19:0x8002cc60 x18=0x000000fc PA:0x8002cca8 load:0x000000fc
       44415000	      4342	80012bc6	04c9a983	lw	x19,76(x19)	 x19:0x8002cc60 x19=0x8002cc60 PA:0x8002ccac load:0x8002cc60
       44435000	      4344	80012bca	0509aa03	lw	x20,80(x19)	 x19:0x8002cc60 x20=0xffffff0b PA:0x8002ccb0 load:0xffffff0b
       44445000	      4345	80012bce	0549aa83	lw	x21,84(x19)	 x19:0x8002cc60 x21=0x00000000 PA:0x8002ccb4 load:0x00000000
       44455000	      4346	80012bd2	0589ab03	lw	x22,88(x19)	 x19:0x8002cc60 x22=0x0000003f PA:0x8002ccb8 load:0x0000003f
       44465000	      4347	80012bd6	05c9ab83	lw	x23,92(x19)	 x19:0x8002cc60 x23=0x0000000c PA:0x8002ccbc load:0x0000000c
       44475000	      4348	80012bda	0609ac03	lw	x24,96(x19)	 x19:0x8002cc60 x24=0x00000064 PA:0x8002ccc0 load:0x00000064
       44485000	      4349	80012bde	0649ac83	lw	x25,100(x19)	 x19:0x8002cc60 x25=0x8002cce0 PA:0x8002ccc4 load:0x8002cce0
       44495000	      4350	80012be2	0689ad03	lw	x26,104(x19)	 x19:0x8002cc60 x26=0x10000000 PA:0x8002ccc8 load:0x10000000
       44505000	      4351	80012be6	06c9ad83	lw	x27,108(x19)	 x19:0x8002cc60 x27=0x800133f1 PA:0x8002cccc load:0x800133f1
       44515000	      4352	80012bea	0709ae03	lw	x28,112(x19)	 x19:0x8002cc60 x28=0x00000000 PA:0x8002ccd0 load:0x00000000
       44525000	      4353	80012bee	0749ae83	lw	x29,116(x19)	 x19:0x8002cc60 x29=0x00000001 PA:0x8002ccd4 load:0x00000001
       44535000	      4354	80012bf2	0789af03	lw	x30,120(x19)	 x19:0x8002cc60 x30=0x00000007 PA:0x8002ccd8 load:0x00000007
       44545000	      4355	80012bf6	07c9af83	lw	x31,124(x19)	 x19:0x8002cc60 x31=0xe6e2b844 PA:0x8002ccdc load:0xe6e2b844
       44555000	      4356	80012bfa	08098993	addi	x19,x19,128	 x19:0x8002cc60 x19=0x8002cce0
       44565000	      4357	80012bfe	00098cb3	add	x25,x19,x0	 x19:0x8002cce0  x0:0x00000000 x25=0x8002cce0
       44575000	      4358	80012c02	000ca983	lw	x19,0(x25)	 x25:0x8002cce0 x19=0x80028db8 PA:0x8002cce0 load:0x80028db8
       44585000	      4359	80012c06	0c91	c.addi	x25,4	 x25:0x8002cce0 x25=0x8002cce4
       44595000	      4360	80012c08	30200073	mret	
       44625000	      4363	8000d83c	117d	c.addi	x2,-1	  x2:0xfffffff7  x2=0xfffffff6
       44635000	      4364	8000d83e	01312e33	slt	x28,x2,x19	  x2:0xfffffff6 x19:0x80028db8 x28=0x00000000
       44645000	      4365	8000d842	4675	c.li	x12,29	 x12=0x0000001d
       44655000	      4366	8000d844	66e1ef97	auipc	x31,0x66e1e	 x31=0xe6e2b844
       44665000	      4367	8000d848	8495	c.srai	x9,0x5	  x9:0x00000000  x9=0x00000000
       44705000	      4371	8000d84a	0394a233	mulhsu	x4,x9,x25	  x9:0x00000000 x25:0x8002cce4  x4=0x00000000
       44715000	      4372	8000d84e	0b25	c.addi	x22,9	 x22:0x0000003f x22=0x00000048
       45085000	      4409	8000d850	027c5a33	divu	x20,x24,x7	 x24:0x00000064  x7:0xffffffed x20=0x00000000
       45095000	      4410	8000d854	de3378b7	lui	x17,0xde337	 x17=0xde337000
       45105000	      4411	8000d858	fc715be3	bge	x2,x7,8000d82e	  x2:0xfffffff6  x7:0xffffffed
       45125000	      4413	8000d82e	0001	c.addi	x0,0	  x0:0x00000000  x0=0x00000000
       45165000	      4417	8000d830	032c3033	mulhu	x0,x24,x18	 x24:0x00000064 x18:0x000000fc  x0=0x00000000
       45175000	      4418	8000d834	412f0a33	sub	x20,x30,x18	 x30:0x00000007 x18:0x000000fc x20=0xffffff0b
       45185000	      4419	8000d838	10500073	wfi	
       46365000	      4537	8000272c	f96fe06f	jal	x0,80000ec2	  x0=0x00000000
       46385000	      4539	80000ec2	1cf1	c.addi	x25,-4	 x25:0x8002cce4 x25=0x8002cce0
       46395000	      4540	80000ec4	013ca023	sw	x19,0(x25)	 x25:0x8002cce0 x19:0x80028db8 PA:0x8002cce0 store:0x80028db8 load:0x00000000
       46405000	      4541	80000ec8	000c89b3	add	x19,x25,x0	 x25:0x8002cce0  x0:0x00000000 x19=0x8002cce0
       46415000	      4542	80000ecc	f8098993	addi	x19,x19,-128	 x19:0x8002cce0 x19=0x8002cc60
       46425000	      4543	80000ed0	0019a223	sw	x1,4(x19)	 x19:0x8002cc60  x1:0x000000bc PA:0x8002cc64 store:0x000000bc load:0x00000000
       46435000	      4544	80000ed4	0029a423	sw	x2,8(x19)	 x19:0x8002cc60  x2:0xfffffff6 PA:0x8002cc68 store:0xfffffff6 load:0x00000000
       46445000	      4545	80000ed8	0039a623	sw	x3,12(x19)	 x19:0x8002cc60  x3:0x545500bc PA:0x8002cc6c store:0x545500bc load:0x00000000
       46455000	      4546	80000edc	0049a823	sw	x4,16(x19)	 x19:0x8002cc60  x4:0x00000000 PA:0x8002cc70 store:0x00000000 load:0x00000000
       46465000	      4547	80000ee0	0059aa23	sw	x5,20(x19)	 x19:0x8002cc60  x5:0x00000000 PA:0x8002cc74 store:0x00000000 load:0x00000000
       46475000	      4548	80000ee4	0069ac23	sw	x6,24(x19)	 x19:0x8002cc60  x6:0x00000001 PA:0x8002cc78 store:0x00000001 load:0x00000000
       46485000	      4549	80000ee8	0079ae23	sw	x7,28(x19)	 x19:0x8002cc60  x7:0xffffffed PA:0x8002cc7c store:0xffffffed load:0x00000000
       46495000	      4550	80000eec	0289a023	sw	x8,32(x19)	 x19:0x8002cc60  x8:0x00000004 PA:0x8002cc80 store:0x00000004 load:0x00000000
       46505000	      4551	80000ef0	0299a223	sw	x9,36(x19)	 x19:0x8002cc60  x9:0x00000000 PA:0x8002cc84 store:0x00000000 load:0x00000000
       46515000	      4552	80000ef4	02a9a423	sw	x10,40(x19)	 x19:0x8002cc60 x10:0x00000000 PA:0x8002cc88 store:0x00000000 load:0x00000000
       46525000	      4553	80000ef8	02b9a623	sw	x11,44(x19)	 x19:0x8002cc60 x11:0xfffffffb PA:0x8002cc8c store:0xfffffffb load:0x00000000
       46535000	      4554	80000efc	02c9a823	sw	x12,48(x19)	 x19:0x8002cc60 x12:0x0000001d PA:0x8002cc90 store:0x0000001d load:0x00000000
       46545000	      4555	80000f00	02d9aa23	sw	x13,52(x19)	 x19:0x8002cc60 x13:0x00000000 PA:0x8002cc94 store:0x00000000 load:0x00000000
       46555000	      4556	80000f04	02e9ac23	sw	x14,56(x19)	 x19:0x8002cc60 x14:0x8b3bb000 PA:0x8002cc98 store:0x8b3bb000 load:0x00000000
       46565000	      4557	80000f08	02f9ae23	sw	x15,60(x19)	 x19:0x8002cc60 x15:0x000000bc PA:0x8002cc9c store:0x000000bc load:0x00000000
       46575000	      4558	80000f0c	0509a023	sw	x16,64(x19)	 x19:0x8002cc60 x16:0x000000ae PA:0x8002cca0 store:0x000000ae load:0x00000000
       46585000	      4559	80000f10	0519a223	sw	x17,68(x19)	 x19:0x8002cc60 x17:0xde337000 PA:0x8002cca4 store:0xde337000 load:0x00000000
       46595000	      4560	80000f14	0529a423	sw	x18,72(x19)	 x19:0x8002cc60 x18:0x000000fc PA:0x8002cca8 store:0x000000fc load:0x00000000
       46605000	      4561	80000f18	0539a623	sw	x19,76(x19)	 x19:0x8002cc60 x19:0x8002cc60 PA:0x8002ccac store:0x8002cc60 load:0x00000000
       46615000	      4562	80000f1c	0549a823	sw	x20,80(x19)	 x19:0x8002cc60 x20:0xffffff0b PA:0x8002ccb0 store:0xffffff0b load:0x00000000
       46625000	      4563	80000f20	0559aa23	sw	x21,84(x19)	 x19:0x8002cc60 x21:0x00000000 PA:0x8002ccb4 store:0x00000000 load:0x00000000
       46635000	      4564	80000f24	0569ac23	sw	x22,88(x19)	 x19:0x8002cc60 x22:0x00000048 PA:0x8002ccb8 store:0x00000048 load:0x00000000
       46645000	      4565	80000f28	0579ae23	sw	x23,92(x19)	 x19:0x8002cc60 x23:0x0000000c PA:0x8002ccbc store:0x0000000c load:0x00000000
       46655000	      4566	80000f2c	0789a023	sw	x24,96(x19)	 x19:0x8002cc60 x24:0x00000064 PA:0x8002ccc0 store:0x00000064 load:0x00000000
       46665000	      4567	80000f30	0799a223	sw	x25,100(x19)	 x19:0x8002cc60 x25:0x8002cce0 PA:0x8002ccc4 store:0x8002cce0 load:0x00000000
       46675000	      4568	80000f34	07a9a423	sw	x26,104(x19)	 x19:0x8002cc60 x26:0x10000000 PA:0x8002ccc8 store:0x10000000 load:0x00000000
       46685000	      4569	80000f38	07b9a623	sw	x27,108(x19)	 x19:0x8002cc60 x27:0x800133f1 PA:0x8002cccc store:0x800133f1 load:0x00000000
       46695000	      4570	80000f3c	07c9a823	sw	x28,112(x19)	 x19:0x8002cc60 x28:0x00000000 PA:0x8002ccd0 store:0x00000000 load:0x00000000
       46705000	      4571	80000f40	07d9aa23	sw	x29,116(x19)	 x19:0x8002cc60 x29:0x00000001 PA:0x8002ccd4 store:0x00000001 load:0x00000000
       46715000	      4572	80000f44	07e9ac23	sw	x30,120(x19)	 x19:0x8002cc60 x30:0x00000007 PA:0x8002ccd8 store:0x00000007 load:0x00000000
       46725000	      4573	80000f48	07f9ae23	sw	x31,124(x19)	 x19:0x8002cc60 x31:0xe6e2b844 PA:0x8002ccdc store:0xe6e2b844 load:0x00000000
       46735000	      4574	80000f4c	00098cb3	add	x25,x19,x0	 x19:0x8002cc60  x0:0x00000000 x25=0x8002cc60
       46745000	      4575	80000f50	90000b37	lui	x22,0x90000	 x22=0x90000000
       46755000	      4576	80000f54	1b71	c.addi	x22,-4	 x22:0x90000000 x22=0x8ffffffc
       46765000	      4577	80000f56	4619	c.li	x12,6	 x12=0x00000006
       46775000	      4578	80000f58	0622	c.slli	x12,0x8	 x12:0x00000006 x12=0x00000600
       46785000	      4579	80000f5a	00060613	addi	x12,x12,0	 x12:0x00000600 x12=0x00000600
       46795000	      4580	80000f5e	00cb2023	sw	x12,0(x22)	 x22:0x8ffffffc x12:0x00000600 PA:0x8ffffffc store:0x00000600 load:0x00000000
       46805000	      4581	80000f62	34202673	csrrs	x12,mcause,x0	  x0:0x00000000 x12=0x8000000b
       46815000	      4582	80000f66	827d	c.srli	x12,0x1f	 x12:0x8000000b x12=0x00000001
       46825000	      4583	80000f68	c63d	c.beqz	x12,80000fd6	 x12:0x00000001
       46835000	      4584	80000f6a	90000b37	lui	x22,0x90000	 x22=0x90000000
       46845000	      4585	80000f6e	1b71	c.addi	x22,-4	 x22:0x90000000 x22=0x8ffffffc
       46855000	      4586	80000f70	30000613	addi	x12,x0,768	  x0:0x00000000 x12=0x00000300
       46865000	      4587	80000f74	0622	c.slli	x12,0x8	 x12:0x00000300 x12=0x00030000
       46875000	      4588	80000f76	060d	c.addi	x12,3	 x12:0x00030000 x12=0x00030003
       46885000	      4589	80000f78	00cb2023	sw	x12,0(x22)	 x22:0x8ffffffc x12:0x00030003 PA:0x8ffffffc store:0x00030003 load:0x00000000
       46895000	      4590	80000f7c	30002673	csrrs	x12,mstatus,x0	  x0:0x00000000 x12=0x00001880
       46905000	      4591	80000f80	00cb2023	sw	x12,0(x22)	 x22:0x8ffffffc x12:0x00001880 PA:0x8ffffffc store:0x00001880 load:0x00000000
       46915000	      4592	80000f84	90000b37	lui	x22,0x90000	 x22=0x90000000
       46925000	      4593	80000f88	1b71	c.addi	x22,-4	 x22:0x90000000 x22=0x8ffffffc
       46935000	      4594	80000f8a	34200613	addi	x12,x0,834	  x0:0x00000000 x12=0x00000342
       46945000	      4595	80000f8e	0622	c.slli	x12,0x8	 x12:0x00000342 x12=0x00034200
       46955000	      4596	80000f90	060d	c.addi	x12,3	 x12:0x00034200 x12=0x00034203
       46965000	      4597	80000f92	00cb2023	sw	x12,0(x22)	 x22:0x8ffffffc x12:0x00034203 PA:0x8ffffffc store:0x00034203 load:0x00000000
       46975000	      4598	80000f96	34202673	csrrs	x12,mcause,x0	  x0:0x00000000 x12=0x8000000b
       46985000	      4599	80000f9a	00cb2023	sw	x12,0(x22)	 x22:0x8ffffffc x12:0x8000000b PA:0x8ffffffc store:0x8000000b load:0x00000000
       46995000	      4600	80000f9e	90000b37	lui	x22,0x90000	 x22=0x90000000
       47005000	      4601	80000fa2	1b71	c.addi	x22,-4	 x22:0x90000000 x22=0x8ffffffc
       47015000	      4602	80000fa4	30400613	addi	x12,x0,772	  x0:0x00000000 x12=0x00000304
       47025000	      4603	80000fa8	0622	c.slli	x12,0x8	 x12:0x00000304 x12=0x00030400
       47035000	      4604	80000faa	060d	c.addi	x12,3	 x12:0x00030400 x12=0x00030403
       47045000	      4605	80000fac	00cb2023	sw	x12,0(x22)	 x22:0x8ffffffc x12:0x00030403 PA:0x8ffffffc store:0x00030403 load:0x00000000
       47055000	      4606	80000fb0	30402673	csrrs	x12,mie,x0	  x0:0x00000000 x12=0x28ca0888
       47065000	      4607	80000fb4	00cb2023	sw	x12,0(x22)	 x22:0x8ffffffc x12:0x28ca0888 PA:0x8ffffffc store:0x28ca0888 load:0x00000000
       47075000	      4608	80000fb8	90000b37	lui	x22,0x90000	 x22=0x90000000
       47085000	      4609	80000fbc	1b71	c.addi	x22,-4	 x22:0x90000000 x22=0x8ffffffc
       47095000	      4610	80000fbe	34400613	addi	x12,x0,836	  x0:0x00000000 x12=0x00000344
       47105000	      4611	80000fc2	0622	c.slli	x12,0x8	 x12:0x00000344 x12=0x00034400
       47115000	      4612	80000fc4	060d	c.addi	x12,3	 x12:0x00034400 x12=0x00034403
       47125000	      4613	80000fc6	00cb2023	sw	x12,0(x22)	 x22:0x8ffffffc x12:0x00034403 PA:0x8ffffffc store:0x00034403 load:0x00000000
       47135000	      4614	80000fca	34402673	csrrs	x12,mip,x0	  x0:0x00000000 x12=0x00000000
       47145000	      4615	80000fce	00cb2023	sw	x12,0(x22)	 x22:0x8ffffffc x12:0x00000000 PA:0x8ffffffc store:0x00000000 load:0x00000000
       47155000	      4616	80000fd2	3871106f	jal	x0,80012b58	  x0=0x00000000
       47175000	      4618	80012b58	30002673	csrrs	x12,mstatus,x0	  x0:0x00000000 x12=0x00001880
       47185000	      4619	80012b5c	30402673	csrrs	x12,mie,x0	  x0:0x00000000 x12=0x28ca0888
       47195000	      4620	80012b60	34402673	csrrs	x12,mip,x0	  x0:0x00000000 x12=0x00000000
       47205000	      4621	80012b64	34463673	csrrc	x12,mip,x12	 x12:0x00000000 x12=0x00000000
       47235000	      4624	80012b68	90000b37	lui	x22,0x90000	 x22=0x90000000
       47245000	      4625	80012b6c	1b71	c.addi	x22,-4	 x22:0x90000000 x22=0x8ffffffc
       47255000	      4626	80012b6e	461d	c.li	x12,7	 x12=0x00000007
       47265000	      4627	80012b70	0622	c.slli	x12,0x8	 x12:0x00000007 x12=0x00000700
       47275000	      4628	80012b72	00060613	addi	x12,x12,0	 x12:0x00000700 x12=0x00000700
       47285000	      4629	80012b76	00cb2023	sw	x12,0(x22)	 x22:0x8ffffffc x12:0x00000700 PA:0x8ffffffc store:0x00000700 load:0x00000000
       47295000	      4630	80012b7a	000c89b3	add	x19,x25,x0	 x25:0x8002cc60  x0:0x00000000 x19=0x8002cc60
       47305000	      4631	80012b7e	0049a083	lw	x1,4(x19)	 x19:0x8002cc60  x1=0x000000bc PA:0x8002cc64 load:0x000000bc
       47315000	      4632	80012b82	0089a103	lw	x2,8(x19)	 x19:0x8002cc60  x2=0xfffffff6 PA:0x8002cc68 load:0xfffffff6
       47325000	      4633	80012b86	00c9a183	lw	x3,12(x19)	 x19:0x8002cc60  x3=0x545500bc PA:0x8002cc6c load:0x545500bc
       47335000	      4634	80012b8a	0109a203	lw	x4,16(x19)	 x19:0x8002cc60  x4=0x00000000 PA:0x8002cc70 load:0x00000000
       47345000	      4635	80012b8e	0149a283	lw	x5,20(x19)	 x19:0x8002cc60  x5=0x00000000 PA:0x8002cc74 load:0x00000000
       47355000	      4636	80012b92	0189a303	lw	x6,24(x19)	 x19:0x8002cc60  x6=0x00000001 PA:0x8002cc78 load:0x00000001
       47365000	      4637	80012b96	01c9a383	lw	x7,28(x19)	 x19:0x8002cc60  x7=0xffffffed PA:0x8002cc7c load:0xffffffed
       47375000	      4638	80012b9a	0209a403	lw	x8,32(x19)	 x19:0x8002cc60  x8=0x00000004 PA:0x8002cc80 load:0x00000004
       47385000	      4639	80012b9e	0249a483	lw	x9,36(x19)	 x19:0x8002cc60  x9=0x00000000 PA:0x8002cc84 load:0x00000000
       47395000	      4640	80012ba2	0289a503	lw	x10,40(x19)	 x19:0x8002cc60 x10=0x00000000 PA:0x8002cc88 load:0x00000000
       47405000	      4641	80012ba6	02c9a583	lw	x11,44(x19)	 x19:0x8002cc60 x11=0xfffffffb PA:0x8002cc8c load:0xfffffffb
       47415000	      4642	80012baa	0309a603	lw	x12,48(x19)	 x19:0x8002cc60 x12=0x0000001d PA:0x8002cc90 load:0x0000001d
       47425000	      4643	80012bae	0349a683	lw	x13,52(x19)	 x19:0x8002cc60 x13=0x00000000 PA:0x8002cc94 load:0x00000000
       47435000	      4644	80012bb2	0389a703	lw	x14,56(x19)	 x19:0x8002cc60 x14=0x8b3bb000 PA:0x8002cc98 load:0x8b3bb000
       47445000	      4645	80012bb6	03c9a783	lw	x15,60(x19)	 x19:0x8002cc60 x15=0x000000bc PA:0x8002cc9c load:0x000000bc
       47455000	      4646	80012bba	0409a803	lw	x16,64(x19)	 x19:0x8002cc60 x16=0x000000ae PA:0x8002cca0 load:0x000000ae
       47465000	      4647	80012bbe	0449a883	lw	x17,68(x19)	 x19:0x8002cc60 x17=0xde337000 PA:0x8002cca4 load:0xde337000
       47475000	      4648	80012bc2	0489a903	lw	x18,72(x19)	 x19:0x8002cc60 x18=0x000000fc PA:0x8002cca8 load:0x000000fc
       47485000	      4649	80012bc6	04c9a983	lw	x19,76(x19)	 x19:0x8002cc60 x19=0x8002cc60 PA:0x8002ccac load:0x8002cc60
       47505000	      4651	80012bca	0509aa03	lw	x20,80(x19)	 x19:0x8002cc60 x20=0xffffff0b PA:0x8002ccb0 load:0xffffff0b
       47515000	      4652	80012bce	0549aa83	lw	x21,84(x19)	 x19:0x8002cc60 x21=0x00000000 PA:0x8002ccb4 load:0x00000000
       47525000	      4653	80012bd2	0589ab03	lw	x22,88(x19)	 x19:0x8002cc60 x22=0x00000048 PA:0x8002ccb8 load:0x00000048
       47535000	      4654	80012bd6	05c9ab83	lw	x23,92(x19)	 x19:0x8002cc60 x23=0x0000000c PA:0x8002ccbc load:0x0000000c
       47545000	      4655	80012bda	0609ac03	lw	x24,96(x19)	 x19:0x8002cc60 x24=0x00000064 PA:0x8002ccc0 load:0x00000064
       47555000	      4656	80012bde	0649ac83	lw	x25,100(x19)	 x19:0x8002cc60 x25=0x8002cce0 PA:0x8002ccc4 load:0x8002cce0
       47565000	      4657	80012be2	0689ad03	lw	x26,104(x19)	 x19:0x8002cc60 x26=0x10000000 PA:0x8002ccc8 load:0x10000000
       47575000	      4658	80012be6	06c9ad83	lw	x27,108(x19)	 x19:0x8002cc60 x27=0x800133f1 PA:0x8002cccc load:0x800133f1
       47585000	      4659	80012bea	0709ae03	lw	x28,112(x19)	 x19:0x8002cc60 x28=0x00000000 PA:0x8002ccd0 load:0x00000000
       47595000	      4660	80012bee	0749ae83	lw	x29,116(x19)	 x19:0x8002cc60 x29=0x00000001 PA:0x8002ccd4 load:0x00000001
       47605000	      4661	80012bf2	0789af03	lw	x30,120(x19)	 x19:0x8002cc60 x30=0x00000007 PA:0x8002ccd8 load:0x00000007
       47615000	      4662	80012bf6	07c9af83	lw	x31,124(x19)	 x19:0x8002cc60 x31=0xe6e2b844 PA:0x8002ccdc load:0xe6e2b844
       47625000	      4663	80012bfa	08098993	addi	x19,x19,128	 x19:0x8002cc60 x19=0x8002cce0
       47635000	      4664	80012bfe	00098cb3	add	x25,x19,x0	 x19:0x8002cce0  x0:0x00000000 x25=0x8002cce0
       47645000	      4665	80012c02	000ca983	lw	x19,0(x25)	 x25:0x8002cce0 x19=0x80028db8 PA:0x8002cce0 load:0x80028db8
       47655000	      4666	80012c06	0c91	c.addi	x25,4	 x25:0x8002cce0 x25=0x8002cce4
       47665000	      4667	80012c08	30200073	mret	
       47695000	      4670	8000d83c	117d	c.addi	x2,-1	  x2:0xfffffff6  x2=0xfffffff5
       47705000	      4671	8000d83e	01312e33	slt	x28,x2,x19	  x2:0xfffffff5 x19:0x80028db8 x28=0x00000000
       47715000	      4672	8000d842	4675	c.li	x12,29	 x12=0x0000001d
       47725000	      4673	8000d844	66e1ef97	auipc	x31,0x66e1e	 x31=0xe6e2b844
       47735000	      4674	8000d848	8495	c.srai	x9,0x5	  x9:0x00000000  x9=0x00000000
       47775000	      4678	8000d84a	0394a233	mulhsu	x4,x9,x25	  x9:0x00000000 x25:0x8002cce4  x4=0x00000000
       47785000	      4679	8000d84e	0b25	c.addi	x22,9	 x22:0x00000048 x22=0x00000051
       48155000	      4716	8000d850	027c5a33	divu	x20,x24,x7	 x24:0x00000064  x7:0xffffffed x20=0x00000000
       48165000	      4717	8000d854	de3378b7	lui	x17,0xde337	 x17=0xde337000
       48175000	      4718	8000d858	fc715be3	bge	x2,x7,8000d82e	  x2:0xfffffff5  x7:0xffffffed
       48195000	      4720	8000d82e	0001	c.addi	x0,0	  x0:0x00000000  x0=0x00000000
       48235000	      4724	8000d830	032c3033	mulhu	x0,x24,x18	 x24:0x00000064 x18:0x000000fc  x0=0x00000000
       48245000	      4725	8000d834	412f0a33	sub	x20,x30,x18	 x30:0x00000007 x18:0x000000fc x20=0xffffff0b
       48255000	      4726	8000d838	10500073	wfi	
       49435000	      4844	8000272c	f96fe06f	jal	x0,80000ec2	  x0=0x00000000
       49455000	      4846	80000ec2	1cf1	c.addi	x25,-4	 x25:0x8002cce4 x25=0x8002cce0
       49465000	      4847	80000ec4	013ca023	sw	x19,0(x25)	 x25:0x8002cce0 x19:0x80028db8 PA:0x8002cce0 store:0x80028db8 load:0x00000000
       49475000	      4848	80000ec8	000c89b3	add	x19,x25,x0	 x25:0x8002cce0  x0:0x00000000 x19=0x8002cce0
       49485000	      4849	80000ecc	f8098993	addi	x19,x19,-128	 x19:0x8002cce0 x19=0x8002cc60
       49495000	      4850	80000ed0	0019a223	sw	x1,4(x19)	 x19:0x8002cc60  x1:0x000000bc PA:0x8002cc64 store:0x000000bc load:0x00000000
       49505000	      4851	80000ed4	0029a423	sw	x2,8(x19)	 x19:0x8002cc60  x2:0xfffffff5 PA:0x8002cc68 store:0xfffffff5 load:0x00000000
       49515000	      4852	80000ed8	0039a623	sw	x3,12(x19)	 x19:0x8002cc60  x3:0x545500bc PA:0x8002cc6c store:0x545500bc load:0x00000000
       49525000	      4853	80000edc	0049a823	sw	x4,16(x19)	 x19:0x8002cc60  x4:0x00000000 PA:0x8002cc70 store:0x00000000 load:0x00000000
       49535000	      4854	80000ee0	0059aa23	sw	x5,20(x19)	 x19:0x8002cc60  x5:0x00000000 PA:0x8002cc74 store:0x00000000 load:0x00000000
       49545000	      4855	80000ee4	0069ac23	sw	x6,24(x19)	 x19:0x8002cc60  x6:0x00000001 PA:0x8002cc78 store:0x00000001 load:0x00000000
       49555000	      4856	80000ee8	0079ae23	sw	x7,28(x19)	 x19:0x8002cc60  x7:0xffffffed PA:0x8002cc7c store:0xffffffed load:0x00000000
       49565000	      4857	80000eec	0289a023	sw	x8,32(x19)	 x19:0x8002cc60  x8:0x00000004 PA:0x8002cc80 store:0x00000004 load:0x00000000
       49575000	      4858	80000ef0	0299a223	sw	x9,36(x19)	 x19:0x8002cc60  x9:0x00000000 PA:0x8002cc84 store:0x00000000 load:0x00000000
       49585000	      4859	80000ef4	02a9a423	sw	x10,40(x19)	 x19:0x8002cc60 x10:0x00000000 PA:0x8002cc88 store:0x00000000 load:0x00000000
       49595000	      4860	80000ef8	02b9a623	sw	x11,44(x19)	 x19:0x8002cc60 x11:0xfffffffb PA:0x8002cc8c store:0xfffffffb load:0x00000000
       49605000	      4861	80000efc	02c9a823	sw	x12,48(x19)	 x19:0x8002cc60 x12:0x0000001d PA:0x8002cc90 store:0x0000001d load:0x00000000
       49615000	      4862	80000f00	02d9aa23	sw	x13,52(x19)	 x19:0x8002cc60 x13:0x00000000 PA:0x8002cc94 store:0x00000000 load:0x00000000
       49625000	      4863	80000f04	02e9ac23	sw	x14,56(x19)	 x19:0x8002cc60 x14:0x8b3bb000 PA:0x8002cc98 store:0x8b3bb000 load:0x00000000
       49635000	      4864	80000f08	02f9ae23	sw	x15,60(x19)	 x19:0x8002cc60 x15:0x000000bc PA:0x8002cc9c store:0x000000bc load:0x00000000
       49645000	      4865	80000f0c	0509a023	sw	x16,64(x19)	 x19:0x8002cc60 x16:0x000000ae PA:0x8002cca0 store:0x000000ae load:0x00000000
       49655000	      4866	80000f10	0519a223	sw	x17,68(x19)	 x19:0x8002cc60 x17:0xde337000 PA:0x8002cca4 store:0xde337000 load:0x00000000
       49665000	      4867	80000f14	0529a423	sw	x18,72(x19)	 x19:0x8002cc60 x18:0x000000fc PA:0x8002cca8 store:0x000000fc load:0x00000000
       49675000	      4868	80000f18	0539a623	sw	x19,76(x19)	 x19:0x8002cc60 x19:0x8002cc60 PA:0x8002ccac store:0x8002cc60 load:0x00000000
       49685000	      4869	80000f1c	0549a823	sw	x20,80(x19)	 x19:0x8002cc60 x20:0xffffff0b PA:0x8002ccb0 store:0xffffff0b load:0x00000000
       49695000	      4870	80000f20	0559aa23	sw	x21,84(x19)	 x19:0x8002cc60 x21:0x00000000 PA:0x8002ccb4 store:0x00000000 load:0x00000000
       49705000	      4871	80000f24	0569ac23	sw	x22,88(x19)	 x19:0x8002cc60 x22:0x00000051 PA:0x8002ccb8 store:0x00000051 load:0x00000000
       49715000	      4872	80000f28	0579ae23	sw	x23,92(x19)	 x19:0x8002cc60 x23:0x0000000c PA:0x8002ccbc store:0x0000000c load:0x00000000
       49725000	      4873	80000f2c	0789a023	sw	x24,96(x19)	 x19:0x8002cc60 x24:0x00000064 PA:0x8002ccc0 store:0x00000064 load:0x00000000
       49735000	      4874	80000f30	0799a223	sw	x25,100(x19)	 x19:0x8002cc60 x25:0x8002cce0 PA:0x8002ccc4 store:0x8002cce0 load:0x00000000
       49745000	      4875	80000f34	07a9a423	sw	x26,104(x19)	 x19:0x8002cc60 x26:0x10000000 PA:0x8002ccc8 store:0x10000000 load:0x00000000
       49755000	      4876	80000f38	07b9a623	sw	x27,108(x19)	 x19:0x8002cc60 x27:0x800133f1 PA:0x8002cccc store:0x800133f1 load:0x00000000
       49765000	      4877	80000f3c	07c9a823	sw	x28,112(x19)	 x19:0x8002cc60 x28:0x00000000 PA:0x8002ccd0 store:0x00000000 load:0x00000000
       49775000	      4878	80000f40	07d9aa23	sw	x29,116(x19)	 x19:0x8002cc60 x29:0x00000001 PA:0x8002ccd4 store:0x00000001 load:0x00000000
       49785000	      4879	80000f44	07e9ac23	sw	x30,120(x19)	 x19:0x8002cc60 x30:0x00000007 PA:0x8002ccd8 store:0x00000007 load:0x00000000
       49795000	      4880	80000f48	07f9ae23	sw	x31,124(x19)	 x19:0x8002cc60 x31:0xe6e2b844 PA:0x8002ccdc store:0xe6e2b844 load:0x00000000
       49805000	      4881	80000f4c	00098cb3	add	x25,x19,x0	 x19:0x8002cc60  x0:0x00000000 x25=0x8002cc60
       49815000	      4882	80000f50	90000b37	lui	x22,0x90000	 x22=0x90000000
       49825000	      4883	80000f54	1b71	c.addi	x22,-4	 x22:0x90000000 x22=0x8ffffffc
       49835000	      4884	80000f56	4619	c.li	x12,6	 x12=0x00000006
       49845000	      4885	80000f58	0622	c.slli	x12,0x8	 x12:0x00000006 x12=0x00000600
       49855000	      4886	80000f5a	00060613	addi	x12,x12,0	 x12:0x00000600 x12=0x00000600
       49865000	      4887	80000f5e	00cb2023	sw	x12,0(x22)	 x22:0x8ffffffc x12:0x00000600 PA:0x8ffffffc store:0x00000600 load:0x00000000
       49875000	      4888	80000f62	34202673	csrrs	x12,mcause,x0	  x0:0x00000000 x12=0x8000000b
       49885000	      4889	80000f66	827d	c.srli	x12,0x1f	 x12:0x8000000b x12=0x00000001
       49895000	      4890	80000f68	c63d	c.beqz	x12,80000fd6	 x12:0x00000001
       49905000	      4891	80000f6a	90000b37	lui	x22,0x90000	 x22=0x90000000
       49915000	      4892	80000f6e	1b71	c.addi	x22,-4	 x22:0x90000000 x22=0x8ffffffc
       49925000	      4893	80000f70	30000613	addi	x12,x0,768	  x0:0x00000000 x12=0x00000300
       49935000	      4894	80000f74	0622	c.slli	x12,0x8	 x12:0x00000300 x12=0x00030000
       49945000	      4895	80000f76	060d	c.addi	x12,3	 x12:0x00030000 x12=0x00030003
       49955000	      4896	80000f78	00cb2023	sw	x12,0(x22)	 x22:0x8ffffffc x12:0x00030003 PA:0x8ffffffc store:0x00030003 load:0x00000000
       49965000	      4897	80000f7c	30002673	csrrs	x12,mstatus,x0	  x0:0x00000000 x12=0x00001880
       49975000	      4898	80000f80	00cb2023	sw	x12,0(x22)	 x22:0x8ffffffc x12:0x00001880 PA:0x8ffffffc store:0x00001880 load:0x00000000
       49985000	      4899	80000f84	90000b37	lui	x22,0x90000	 x22=0x90000000
       49995000	      4900	80000f88	1b71	c.addi	x22,-4	 x22:0x90000000 x22=0x8ffffffc
       50005000	      4901	80000f8a	34200613	addi	x12,x0,834	  x0:0x00000000 x12=0x00000342
       50015000	      4902	80000f8e	0622	c.slli	x12,0x8	 x12:0x00000342 x12=0x00034200
       50025000	      4903	80000f90	060d	c.addi	x12,3	 x12:0x00034200 x12=0x00034203
       50035000	      4904	80000f92	00cb2023	sw	x12,0(x22)	 x22:0x8ffffffc x12:0x00034203 PA:0x8ffffffc store:0x00034203 load:0x00000000
       50045000	      4905	80000f96	34202673	csrrs	x12,mcause,x0	  x0:0x00000000 x12=0x8000000b
       50055000	      4906	80000f9a	00cb2023	sw	x12,0(x22)	 x22:0x8ffffffc x12:0x8000000b PA:0x8ffffffc store:0x8000000b load:0x00000000
       50065000	      4907	80000f9e	90000b37	lui	x22,0x90000	 x22=0x90000000
       50075000	      4908	80000fa2	1b71	c.addi	x22,-4	 x22:0x90000000 x22=0x8ffffffc
       50085000	      4909	80000fa4	30400613	addi	x12,x0,772	  x0:0x00000000 x12=0x00000304
       50095000	      4910	80000fa8	0622	c.slli	x12,0x8	 x12:0x00000304 x12=0x00030400
       50105000	      4911	80000faa	060d	c.addi	x12,3	 x12:0x00030400 x12=0x00030403
       50115000	      4912	80000fac	00cb2023	sw	x12,0(x22)	 x22:0x8ffffffc x12:0x00030403 PA:0x8ffffffc store:0x00030403 load:0x00000000
       50125000	      4913	80000fb0	30402673	csrrs	x12,mie,x0	  x0:0x00000000 x12=0x28ca0888
       50135000	      4914	80000fb4	00cb2023	sw	x12,0(x22)	 x22:0x8ffffffc x12:0x28ca0888 PA:0x8ffffffc store:0x28ca0888 load:0x00000000
       50145000	      4915	80000fb8	90000b37	lui	x22,0x90000	 x22=0x90000000
       50155000	      4916	80000fbc	1b71	c.addi	x22,-4	 x22:0x90000000 x22=0x8ffffffc
       50165000	      4917	80000fbe	34400613	addi	x12,x0,836	  x0:0x00000000 x12=0x00000344
       50175000	      4918	80000fc2	0622	c.slli	x12,0x8	 x12:0x00000344 x12=0x00034400
       50185000	      4919	80000fc4	060d	c.addi	x12,3	 x12:0x00034400 x12=0x00034403
       50195000	      4920	80000fc6	00cb2023	sw	x12,0(x22)	 x22:0x8ffffffc x12:0x00034403 PA:0x8ffffffc store:0x00034403 load:0x00000000
       50205000	      4921	80000fca	34402673	csrrs	x12,mip,x0	  x0:0x00000000 x12=0x00000000
       50215000	      4922	80000fce	00cb2023	sw	x12,0(x22)	 x22:0x8ffffffc x12:0x00000000 PA:0x8ffffffc store:0x00000000 load:0x00000000
       50225000	      4923	80000fd2	3871106f	jal	x0,80012b58	  x0=0x00000000
       50245000	      4925	80012b58	30002673	csrrs	x12,mstatus,x0	  x0:0x00000000 x12=0x00001880
       50255000	      4926	80012b5c	30402673	csrrs	x12,mie,x0	  x0:0x00000000 x12=0x28ca0888
       50265000	      4927	80012b60	34402673	csrrs	x12,mip,x0	  x0:0x00000000 x12=0x00000000
       50275000	      4928	80012b64	34463673	csrrc	x12,mip,x12	 x12:0x00000000 x12=0x00000000
       50305000	      4931	80012b68	90000b37	lui	x22,0x90000	 x22=0x90000000
       50315000	      4932	80012b6c	1b71	c.addi	x22,-4	 x22:0x90000000 x22=0x8ffffffc
       50325000	      4933	80012b6e	461d	c.li	x12,7	 x12=0x00000007
       50335000	      4934	80012b70	0622	c.slli	x12,0x8	 x12:0x00000007 x12=0x00000700
       50345000	      4935	80012b72	00060613	addi	x12,x12,0	 x12:0x00000700 x12=0x00000700
       50355000	      4936	80012b76	00cb2023	sw	x12,0(x22)	 x22:0x8ffffffc x12:0x00000700 PA:0x8ffffffc store:0x00000700 load:0x00000000
       50365000	      4937	80012b7a	000c89b3	add	x19,x25,x0	 x25:0x8002cc60  x0:0x00000000 x19=0x8002cc60
       50375000	      4938	80012b7e	0049a083	lw	x1,4(x19)	 x19:0x8002cc60  x1=0x000000bc PA:0x8002cc64 load:0x000000bc
       50385000	      4939	80012b82	0089a103	lw	x2,8(x19)	 x19:0x8002cc60  x2=0xfffffff5 PA:0x8002cc68 load:0xfffffff5
       50395000	      4940	80012b86	00c9a183	lw	x3,12(x19)	 x19:0x8002cc60  x3=0x545500bc PA:0x8002cc6c load:0x545500bc
       50405000	      4941	80012b8a	0109a203	lw	x4,16(x19)	 x19:0x8002cc60  x4=0x00000000 PA:0x8002cc70 load:0x00000000
       50415000	      4942	80012b8e	0149a283	lw	x5,20(x19)	 x19:0x8002cc60  x5=0x00000000 PA:0x8002cc74 load:0x00000000
       50425000	      4943	80012b92	0189a303	lw	x6,24(x19)	 x19:0x8002cc60  x6=0x00000001 PA:0x8002cc78 load:0x00000001
       50435000	      4944	80012b96	01c9a383	lw	x7,28(x19)	 x19:0x8002cc60  x7=0xffffffed PA:0x8002cc7c load:0xffffffed
       50445000	      4945	80012b9a	0209a403	lw	x8,32(x19)	 x19:0x8002cc60  x8=0x00000004 PA:0x8002cc80 load:0x00000004
       50455000	      4946	80012b9e	0249a483	lw	x9,36(x19)	 x19:0x8002cc60  x9=0x00000000 PA:0x8002cc84 load:0x00000000
       50465000	      4947	80012ba2	0289a503	lw	x10,40(x19)	 x19:0x8002cc60 x10=0x00000000 PA:0x8002cc88 load:0x00000000
       50475000	      4948	80012ba6	02c9a583	lw	x11,44(x19)	 x19:0x8002cc60 x11=0xfffffffb PA:0x8002cc8c load:0xfffffffb
       50485000	      4949	80012baa	0309a603	lw	x12,48(x19)	 x19:0x8002cc60 x12=0x0000001d PA:0x8002cc90 load:0x0000001d
       50495000	      4950	80012bae	0349a683	lw	x13,52(x19)	 x19:0x8002cc60 x13=0x00000000 PA:0x8002cc94 load:0x00000000
       50505000	      4951	80012bb2	0389a703	lw	x14,56(x19)	 x19:0x8002cc60 x14=0x8b3bb000 PA:0x8002cc98 load:0x8b3bb000
       50515000	      4952	80012bb6	03c9a783	lw	x15,60(x19)	 x19:0x8002cc60 x15=0x000000bc PA:0x8002cc9c load:0x000000bc
       50525000	      4953	80012bba	0409a803	lw	x16,64(x19)	 x19:0x8002cc60 x16=0x000000ae PA:0x8002cca0 load:0x000000ae
       50535000	      4954	80012bbe	0449a883	lw	x17,68(x19)	 x19:0x8002cc60 x17=0xde337000 PA:0x8002cca4 load:0xde337000
       50545000	      4955	80012bc2	0489a903	lw	x18,72(x19)	 x19:0x8002cc60 x18=0x000000fc PA:0x8002cca8 load:0x000000fc
       50555000	      4956	80012bc6	04c9a983	lw	x19,76(x19)	 x19:0x8002cc60 x19=0x8002cc60 PA:0x8002ccac load:0x8002cc60
       50575000	      4958	80012bca	0509aa03	lw	x20,80(x19)	 x19:0x8002cc60 x20=0xffffff0b PA:0x8002ccb0 load:0xffffff0b
       50585000	      4959	80012bce	0549aa83	lw	x21,84(x19)	 x19:0x8002cc60 x21=0x00000000 PA:0x8002ccb4 load:0x00000000
       50595000	      4960	80012bd2	0589ab03	lw	x22,88(x19)	 x19:0x8002cc60 x22=0x00000051 PA:0x8002ccb8 load:0x00000051
       50605000	      4961	80012bd6	05c9ab83	lw	x23,92(x19)	 x19:0x8002cc60 x23=0x0000000c PA:0x8002ccbc load:0x0000000c
       50615000	      4962	80012bda	0609ac03	lw	x24,96(x19)	 x19:0x8002cc60 x24=0x00000064 PA:0x8002ccc0 load:0x00000064
       50625000	      4963	80012bde	0649ac83	lw	x25,100(x19)	 x19:0x8002cc60 x25=0x8002cce0 PA:0x8002ccc4 load:0x8002cce0
       50635000	      4964	80012be2	0689ad03	lw	x26,104(x19)	 x19:0x8002cc60 x26=0x10000000 PA:0x8002ccc8 load:0x10000000
       50645000	      4965	80012be6	06c9ad83	lw	x27,108(x19)	 x19:0x8002cc60 x27=0x800133f1 PA:0x8002cccc load:0x800133f1
       50655000	      4966	80012bea	0709ae03	lw	x28,112(x19)	 x19:0x8002cc60 x28=0x00000000 PA:0x8002ccd0 load:0x00000000
       50665000	      4967	80012bee	0749ae83	lw	x29,116(x19)	 x19:0x8002cc60 x29=0x00000001 PA:0x8002ccd4 load:0x00000001
       50675000	      4968	80012bf2	0789af03	lw	x30,120(x19)	 x19:0x8002cc60 x30=0x00000007 PA:0x8002ccd8 load:0x00000007
       50685000	      4969	80012bf6	07c9af83	lw	x31,124(x19)	 x19:0x8002cc60 x31=0xe6e2b844 PA:0x8002ccdc load:0xe6e2b844
       50695000	      4970	80012bfa	08098993	addi	x19,x19,128	 x19:0x8002cc60 x19=0x8002cce0
       50705000	      4971	80012bfe	00098cb3	add	x25,x19,x0	 x19:0x8002cce0  x0:0x00000000 x25=0x8002cce0
       50715000	      4972	80012c02	000ca983	lw	x19,0(x25)	 x25:0x8002cce0 x19=0x80028db8 PA:0x8002cce0 load:0x80028db8
       50725000	      4973	80012c06	0c91	c.addi	x25,4	 x25:0x8002cce0 x25=0x8002cce4
       50735000	      4974	80012c08	30200073	mret	
       50765000	      4977	8000d83c	117d	c.addi	x2,-1	  x2:0xfffffff5  x2=0xfffffff4
       50775000	      4978	8000d83e	01312e33	slt	x28,x2,x19	  x2:0xfffffff4 x19:0x80028db8 x28=0x00000000
       50785000	      4979	8000d842	4675	c.li	x12,29	 x12=0x0000001d
       50795000	      4980	8000d844	66e1ef97	auipc	x31,0x66e1e	 x31=0xe6e2b844
       50805000	      4981	8000d848	8495	c.srai	x9,0x5	  x9:0x00000000  x9=0x00000000
       50845000	      4985	8000d84a	0394a233	mulhsu	x4,x9,x25	  x9:0x00000000 x25:0x8002cce4  x4=0x00000000
       50855000	      4986	8000d84e	0b25	c.addi	x22,9	 x22:0x00000051 x22=0x0000005a
       51225000	      5023	8000d850	027c5a33	divu	x20,x24,x7	 x24:0x00000064  x7:0xffffffed x20=0x00000000
       51235000	      5024	8000d854	de3378b7	lui	x17,0xde337	 x17=0xde337000
       51245000	      5025	8000d858	fc715be3	bge	x2,x7,8000d82e	  x2:0xfffffff4  x7:0xffffffed
       51265000	      5027	8000d82e	0001	c.addi	x0,0	  x0:0x00000000  x0=0x00000000
       51305000	      5031	8000d830	032c3033	mulhu	x0,x24,x18	 x24:0x00000064 x18:0x000000fc  x0=0x00000000
       51315000	      5032	8000d834	412f0a33	sub	x20,x30,x18	 x30:0x00000007 x18:0x000000fc x20=0xffffff0b
       51325000	      5033	8000d838	10500073	wfi	
       52505000	      5151	8000272c	f96fe06f	jal	x0,80000ec2	  x0=0x00000000
       52525000	      5153	80000ec2	1cf1	c.addi	x25,-4	 x25:0x8002cce4 x25=0x8002cce0
       52535000	      5154	80000ec4	013ca023	sw	x19,0(x25)	 x25:0x8002cce0 x19:0x80028db8 PA:0x8002cce0 store:0x80028db8 load:0x00000000
       52545000	      5155	80000ec8	000c89b3	add	x19,x25,x0	 x25:0x8002cce0  x0:0x00000000 x19=0x8002cce0
       52555000	      5156	80000ecc	f8098993	addi	x19,x19,-128	 x19:0x8002cce0 x19=0x8002cc60
       52565000	      5157	80000ed0	0019a223	sw	x1,4(x19)	 x19:0x8002cc60  x1:0x000000bc PA:0x8002cc64 store:0x000000bc load:0x00000000
       52575000	      5158	80000ed4	0029a423	sw	x2,8(x19)	 x19:0x8002cc60  x2:0xfffffff4 PA:0x8002cc68 store:0xfffffff4 load:0x00000000
       52585000	      5159	80000ed8	0039a623	sw	x3,12(x19)	 x19:0x8002cc60  x3:0x545500bc PA:0x8002cc6c store:0x545500bc load:0x00000000
       52595000	      5160	80000edc	0049a823	sw	x4,16(x19)	 x19:0x8002cc60  x4:0x00000000 PA:0x8002cc70 store:0x00000000 load:0x00000000
       52605000	      5161	80000ee0	0059aa23	sw	x5,20(x19)	 x19:0x8002cc60  x5:0x00000000 PA:0x8002cc74 store:0x00000000 load:0x00000000
       52615000	      5162	80000ee4	0069ac23	sw	x6,24(x19)	 x19:0x8002cc60  x6:0x00000001 PA:0x8002cc78 store:0x00000001 load:0x00000000
       52625000	      5163	80000ee8	0079ae23	sw	x7,28(x19)	 x19:0x8002cc60  x7:0xffffffed PA:0x8002cc7c store:0xffffffed load:0x00000000
       52635000	      5164	80000eec	0289a023	sw	x8,32(x19)	 x19:0x8002cc60  x8:0x00000004 PA:0x8002cc80 store:0x00000004 load:0x00000000
       52645000	      5165	80000ef0	0299a223	sw	x9,36(x19)	 x19:0x8002cc60  x9:0x00000000 PA:0x8002cc84 store:0x00000000 load:0x00000000
       52655000	      5166	80000ef4	02a9a423	sw	x10,40(x19)	 x19:0x8002cc60 x10:0x00000000 PA:0x8002cc88 store:0x00000000 load:0x00000000
       52665000	      5167	80000ef8	02b9a623	sw	x11,44(x19)	 x19:0x8002cc60 x11:0xfffffffb PA:0x8002cc8c store:0xfffffffb load:0x00000000
       52675000	      5168	80000efc	02c9a823	sw	x12,48(x19)	 x19:0x8002cc60 x12:0x0000001d PA:0x8002cc90 store:0x0000001d load:0x00000000
       52685000	      5169	80000f00	02d9aa23	sw	x13,52(x19)	 x19:0x8002cc60 x13:0x00000000 PA:0x8002cc94 store:0x00000000 load:0x00000000
       52695000	      5170	80000f04	02e9ac23	sw	x14,56(x19)	 x19:0x8002cc60 x14:0x8b3bb000 PA:0x8002cc98 store:0x8b3bb000 load:0x00000000
       52705000	      5171	80000f08	02f9ae23	sw	x15,60(x19)	 x19:0x8002cc60 x15:0x000000bc PA:0x8002cc9c store:0x000000bc load:0x00000000
       52715000	      5172	80000f0c	0509a023	sw	x16,64(x19)	 x19:0x8002cc60 x16:0x000000ae PA:0x8002cca0 store:0x000000ae load:0x00000000
       52725000	      5173	80000f10	0519a223	sw	x17,68(x19)	 x19:0x8002cc60 x17:0xde337000 PA:0x8002cca4 store:0xde337000 load:0x00000000
       52735000	      5174	80000f14	0529a423	sw	x18,72(x19)	 x19:0x8002cc60 x18:0x000000fc PA:0x8002cca8 store:0x000000fc load:0x00000000
       52745000	      5175	80000f18	0539a623	sw	x19,76(x19)	 x19:0x8002cc60 x19:0x8002cc60 PA:0x8002ccac store:0x8002cc60 load:0x00000000
       52755000	      5176	80000f1c	0549a823	sw	x20,80(x19)	 x19:0x8002cc60 x20:0xffffff0b PA:0x8002ccb0 store:0xffffff0b load:0x00000000
       52765000	      5177	80000f20	0559aa23	sw	x21,84(x19)	 x19:0x8002cc60 x21:0x00000000 PA:0x8002ccb4 store:0x00000000 load:0x00000000
       52775000	      5178	80000f24	0569ac23	sw	x22,88(x19)	 x19:0x8002cc60 x22:0x0000005a PA:0x8002ccb8 store:0x0000005a load:0x00000000
       52785000	      5179	80000f28	0579ae23	sw	x23,92(x19)	 x19:0x8002cc60 x23:0x0000000c PA:0x8002ccbc store:0x0000000c load:0x00000000
       52795000	      5180	80000f2c	0789a023	sw	x24,96(x19)	 x19:0x8002cc60 x24:0x00000064 PA:0x8002ccc0 store:0x00000064 load:0x00000000
       52805000	      5181	80000f30	0799a223	sw	x25,100(x19)	 x19:0x8002cc60 x25:0x8002cce0 PA:0x8002ccc4 store:0x8002cce0 load:0x00000000
       52815000	      5182	80000f34	07a9a423	sw	x26,104(x19)	 x19:0x8002cc60 x26:0x10000000 PA:0x8002ccc8 store:0x10000000 load:0x00000000
       52825000	      5183	80000f38	07b9a623	sw	x27,108(x19)	 x19:0x8002cc60 x27:0x800133f1 PA:0x8002cccc store:0x800133f1 load:0x00000000
       52835000	      5184	80000f3c	07c9a823	sw	x28,112(x19)	 x19:0x8002cc60 x28:0x00000000 PA:0x8002ccd0 store:0x00000000 load:0x00000000
       52845000	      5185	80000f40	07d9aa23	sw	x29,116(x19)	 x19:0x8002cc60 x29:0x00000001 PA:0x8002ccd4 store:0x00000001 load:0x00000000
       52855000	      5186	80000f44	07e9ac23	sw	x30,120(x19)	 x19:0x8002cc60 x30:0x00000007 PA:0x8002ccd8 store:0x00000007 load:0x00000000
       52865000	      5187	80000f48	07f9ae23	sw	x31,124(x19)	 x19:0x8002cc60 x31:0xe6e2b844 PA:0x8002ccdc store:0xe6e2b844 load:0x00000000
       52875000	      5188	80000f4c	00098cb3	add	x25,x19,x0	 x19:0x8002cc60  x0:0x00000000 x25=0x8002cc60
       52885000	      5189	80000f50	90000b37	lui	x22,0x90000	 x22=0x90000000
       52895000	      5190	80000f54	1b71	c.addi	x22,-4	 x22:0x90000000 x22=0x8ffffffc
       52905000	      5191	80000f56	4619	c.li	x12,6	 x12=0x00000006
       52915000	      5192	80000f58	0622	c.slli	x12,0x8	 x12:0x00000006 x12=0x00000600
       52925000	      5193	80000f5a	00060613	addi	x12,x12,0	 x12:0x00000600 x12=0x00000600
       52935000	      5194	80000f5e	00cb2023	sw	x12,0(x22)	 x22:0x8ffffffc x12:0x00000600 PA:0x8ffffffc store:0x00000600 load:0x00000000
       52945000	      5195	80000f62	34202673	csrrs	x12,mcause,x0	  x0:0x00000000 x12=0x8000000b
       52955000	      5196	80000f66	827d	c.srli	x12,0x1f	 x12:0x8000000b x12=0x00000001
       52965000	      5197	80000f68	c63d	c.beqz	x12,80000fd6	 x12:0x00000001
       52975000	      5198	80000f6a	90000b37	lui	x22,0x90000	 x22=0x90000000
       52985000	      5199	80000f6e	1b71	c.addi	x22,-4	 x22:0x90000000 x22=0x8ffffffc
       52995000	      5200	80000f70	30000613	addi	x12,x0,768	  x0:0x00000000 x12=0x00000300
       53005000	      5201	80000f74	0622	c.slli	x12,0x8	 x12:0x00000300 x12=0x00030000
       53015000	      5202	80000f76	060d	c.addi	x12,3	 x12:0x00030000 x12=0x00030003
       53025000	      5203	80000f78	00cb2023	sw	x12,0(x22)	 x22:0x8ffffffc x12:0x00030003 PA:0x8ffffffc store:0x00030003 load:0x00000000
       53035000	      5204	80000f7c	30002673	csrrs	x12,mstatus,x0	  x0:0x00000000 x12=0x00001880
       53045000	      5205	80000f80	00cb2023	sw	x12,0(x22)	 x22:0x8ffffffc x12:0x00001880 PA:0x8ffffffc store:0x00001880 load:0x00000000
       53055000	      5206	80000f84	90000b37	lui	x22,0x90000	 x22=0x90000000
       53065000	      5207	80000f88	1b71	c.addi	x22,-4	 x22:0x90000000 x22=0x8ffffffc
       53075000	      5208	80000f8a	34200613	addi	x12,x0,834	  x0:0x00000000 x12=0x00000342
       53085000	      5209	80000f8e	0622	c.slli	x12,0x8	 x12:0x00000342 x12=0x00034200
       53095000	      5210	80000f90	060d	c.addi	x12,3	 x12:0x00034200 x12=0x00034203
       53105000	      5211	80000f92	00cb2023	sw	x12,0(x22)	 x22:0x8ffffffc x12:0x00034203 PA:0x8ffffffc store:0x00034203 load:0x00000000
       53115000	      5212	80000f96	34202673	csrrs	x12,mcause,x0	  x0:0x00000000 x12=0x8000000b
       53125000	      5213	80000f9a	00cb2023	sw	x12,0(x22)	 x22:0x8ffffffc x12:0x8000000b PA:0x8ffffffc store:0x8000000b load:0x00000000
       53135000	      5214	80000f9e	90000b37	lui	x22,0x90000	 x22=0x90000000
       53145000	      5215	80000fa2	1b71	c.addi	x22,-4	 x22:0x90000000 x22=0x8ffffffc
       53155000	      5216	80000fa4	30400613	addi	x12,x0,772	  x0:0x00000000 x12=0x00000304
       53165000	      5217	80000fa8	0622	c.slli	x12,0x8	 x12:0x00000304 x12=0x00030400
       53175000	      5218	80000faa	060d	c.addi	x12,3	 x12:0x00030400 x12=0x00030403
       53185000	      5219	80000fac	00cb2023	sw	x12,0(x22)	 x22:0x8ffffffc x12:0x00030403 PA:0x8ffffffc store:0x00030403 load:0x00000000
       53195000	      5220	80000fb0	30402673	csrrs	x12,mie,x0	  x0:0x00000000 x12=0x28ca0888
       53205000	      5221	80000fb4	00cb2023	sw	x12,0(x22)	 x22:0x8ffffffc x12:0x28ca0888 PA:0x8ffffffc store:0x28ca0888 load:0x00000000
       53215000	      5222	80000fb8	90000b37	lui	x22,0x90000	 x22=0x90000000
       53225000	      5223	80000fbc	1b71	c.addi	x22,-4	 x22:0x90000000 x22=0x8ffffffc
       53235000	      5224	80000fbe	34400613	addi	x12,x0,836	  x0:0x00000000 x12=0x00000344
       53245000	      5225	80000fc2	0622	c.slli	x12,0x8	 x12:0x00000344 x12=0x00034400
       53255000	      5226	80000fc4	060d	c.addi	x12,3	 x12:0x00034400 x12=0x00034403
       53265000	      5227	80000fc6	00cb2023	sw	x12,0(x22)	 x22:0x8ffffffc x12:0x00034403 PA:0x8ffffffc store:0x00034403 load:0x00000000
       53275000	      5228	80000fca	34402673	csrrs	x12,mip,x0	  x0:0x00000000 x12=0x00000000
       53285000	      5229	80000fce	00cb2023	sw	x12,0(x22)	 x22:0x8ffffffc x12:0x00000000 PA:0x8ffffffc store:0x00000000 load:0x00000000
       53295000	      5230	80000fd2	3871106f	jal	x0,80012b58	  x0=0x00000000
       53315000	      5232	80012b58	30002673	csrrs	x12,mstatus,x0	  x0:0x00000000 x12=0x00001880
       53325000	      5233	80012b5c	30402673	csrrs	x12,mie,x0	  x0:0x00000000 x12=0x28ca0888
       53335000	      5234	80012b60	34402673	csrrs	x12,mip,x0	  x0:0x00000000 x12=0x00000000
       53345000	      5235	80012b64	34463673	csrrc	x12,mip,x12	 x12:0x00000000 x12=0x00000000
       53375000	      5238	80012b68	90000b37	lui	x22,0x90000	 x22=0x90000000
       53385000	      5239	80012b6c	1b71	c.addi	x22,-4	 x22:0x90000000 x22=0x8ffffffc
       53395000	      5240	80012b6e	461d	c.li	x12,7	 x12=0x00000007
       53405000	      5241	80012b70	0622	c.slli	x12,0x8	 x12:0x00000007 x12=0x00000700
       53415000	      5242	80012b72	00060613	addi	x12,x12,0	 x12:0x00000700 x12=0x00000700
       53425000	      5243	80012b76	00cb2023	sw	x12,0(x22)	 x22:0x8ffffffc x12:0x00000700 PA:0x8ffffffc store:0x00000700 load:0x00000000
       53435000	      5244	80012b7a	000c89b3	add	x19,x25,x0	 x25:0x8002cc60  x0:0x00000000 x19=0x8002cc60
       53445000	      5245	80012b7e	0049a083	lw	x1,4(x19)	 x19:0x8002cc60  x1=0x000000bc PA:0x8002cc64 load:0x000000bc
       53455000	      5246	80012b82	0089a103	lw	x2,8(x19)	 x19:0x8002cc60  x2=0xfffffff4 PA:0x8002cc68 load:0xfffffff4
       53465000	      5247	80012b86	00c9a183	lw	x3,12(x19)	 x19:0x8002cc60  x3=0x545500bc PA:0x8002cc6c load:0x545500bc
       53475000	      5248	80012b8a	0109a203	lw	x4,16(x19)	 x19:0x8002cc60  x4=0x00000000 PA:0x8002cc70 load:0x00000000
       53485000	      5249	80012b8e	0149a283	lw	x5,20(x19)	 x19:0x8002cc60  x5=0x00000000 PA:0x8002cc74 load:0x00000000
       53495000	      5250	80012b92	0189a303	lw	x6,24(x19)	 x19:0x8002cc60  x6=0x00000001 PA:0x8002cc78 load:0x00000001
       53505000	      5251	80012b96	01c9a383	lw	x7,28(x19)	 x19:0x8002cc60  x7=0xffffffed PA:0x8002cc7c load:0xffffffed
       53515000	      5252	80012b9a	0209a403	lw	x8,32(x19)	 x19:0x8002cc60  x8=0x00000004 PA:0x8002cc80 load:0x00000004
       53525000	      5253	80012b9e	0249a483	lw	x9,36(x19)	 x19:0x8002cc60  x9=0x00000000 PA:0x8002cc84 load:0x00000000
       53535000	      5254	80012ba2	0289a503	lw	x10,40(x19)	 x19:0x8002cc60 x10=0x00000000 PA:0x8002cc88 load:0x00000000
       53545000	      5255	80012ba6	02c9a583	lw	x11,44(x19)	 x19:0x8002cc60 x11=0xfffffffb PA:0x8002cc8c load:0xfffffffb
       53555000	      5256	80012baa	0309a603	lw	x12,48(x19)	 x19:0x8002cc60 x12=0x0000001d PA:0x8002cc90 load:0x0000001d
       53565000	      5257	80012bae	0349a683	lw	x13,52(x19)	 x19:0x8002cc60 x13=0x00000000 PA:0x8002cc94 load:0x00000000
       53575000	      5258	80012bb2	0389a703	lw	x14,56(x19)	 x19:0x8002cc60 x14=0x8b3bb000 PA:0x8002cc98 load:0x8b3bb000
       53585000	      5259	80012bb6	03c9a783	lw	x15,60(x19)	 x19:0x8002cc60 x15=0x000000bc PA:0x8002cc9c load:0x000000bc
       53595000	      5260	80012bba	0409a803	lw	x16,64(x19)	 x19:0x8002cc60 x16=0x000000ae PA:0x8002cca0 load:0x000000ae
       53605000	      5261	80012bbe	0449a883	lw	x17,68(x19)	 x19:0x8002cc60 x17=0xde337000 PA:0x8002cca4 load:0xde337000
       53615000	      5262	80012bc2	0489a903	lw	x18,72(x19)	 x19:0x8002cc60 x18=0x000000fc PA:0x8002cca8 load:0x000000fc
       53625000	      5263	80012bc6	04c9a983	lw	x19,76(x19)	 x19:0x8002cc60 x19=0x8002cc60 PA:0x8002ccac load:0x8002cc60
       53645000	      5265	80012bca	0509aa03	lw	x20,80(x19)	 x19:0x8002cc60 x20=0xffffff0b PA:0x8002ccb0 load:0xffffff0b
       53655000	      5266	80012bce	0549aa83	lw	x21,84(x19)	 x19:0x8002cc60 x21=0x00000000 PA:0x8002ccb4 load:0x00000000
       53665000	      5267	80012bd2	0589ab03	lw	x22,88(x19)	 x19:0x8002cc60 x22=0x0000005a PA:0x8002ccb8 load:0x0000005a
       53675000	      5268	80012bd6	05c9ab83	lw	x23,92(x19)	 x19:0x8002cc60 x23=0x0000000c PA:0x8002ccbc load:0x0000000c
       53685000	      5269	80012bda	0609ac03	lw	x24,96(x19)	 x19:0x8002cc60 x24=0x00000064 PA:0x8002ccc0 load:0x00000064
       53695000	      5270	80012bde	0649ac83	lw	x25,100(x19)	 x19:0x8002cc60 x25=0x8002cce0 PA:0x8002ccc4 load:0x8002cce0
       53705000	      5271	80012be2	0689ad03	lw	x26,104(x19)	 x19:0x8002cc60 x26=0x10000000 PA:0x8002ccc8 load:0x10000000
       53715000	      5272	80012be6	06c9ad83	lw	x27,108(x19)	 x19:0x8002cc60 x27=0x800133f1 PA:0x8002cccc load:0x800133f1
       53725000	      5273	80012bea	0709ae03	lw	x28,112(x19)	 x19:0x8002cc60 x28=0x00000000 PA:0x8002ccd0 load:0x00000000
       53735000	      5274	80012bee	0749ae83	lw	x29,116(x19)	 x19:0x8002cc60 x29=0x00000001 PA:0x8002ccd4 load:0x00000001
       53745000	      5275	80012bf2	0789af03	lw	x30,120(x19)	 x19:0x8002cc60 x30=0x00000007 PA:0x8002ccd8 load:0x00000007
       53755000	      5276	80012bf6	07c9af83	lw	x31,124(x19)	 x19:0x8002cc60 x31=0xe6e2b844 PA:0x8002ccdc load:0xe6e2b844
       53765000	      5277	80012bfa	08098993	addi	x19,x19,128	 x19:0x8002cc60 x19=0x8002cce0
       53775000	      5278	80012bfe	00098cb3	add	x25,x19,x0	 x19:0x8002cce0  x0:0x00000000 x25=0x8002cce0
       53785000	      5279	80012c02	000ca983	lw	x19,0(x25)	 x25:0x8002cce0 x19=0x80028db8 PA:0x8002cce0 load:0x80028db8
       53795000	      5280	80012c06	0c91	c.addi	x25,4	 x25:0x8002cce0 x25=0x8002cce4
       53805000	      5281	80012c08	30200073	mret	
       53835000	      5284	8000d83c	117d	c.addi	x2,-1	  x2:0xfffffff4  x2=0xfffffff3
       53845000	      5285	8000d83e	01312e33	slt	x28,x2,x19	  x2:0xfffffff3 x19:0x80028db8 x28=0x00000000
       53855000	      5286	8000d842	4675	c.li	x12,29	 x12=0x0000001d
       53865000	      5287	8000d844	66e1ef97	auipc	x31,0x66e1e	 x31=0xe6e2b844
       53875000	      5288	8000d848	8495	c.srai	x9,0x5	  x9:0x00000000  x9=0x00000000
       53915000	      5292	8000d84a	0394a233	mulhsu	x4,x9,x25	  x9:0x00000000 x25:0x8002cce4  x4=0x00000000
       53925000	      5293	8000d84e	0b25	c.addi	x22,9	 x22:0x0000005a x22=0x00000063
       54295000	      5330	8000d850	027c5a33	divu	x20,x24,x7	 x24:0x00000064  x7:0xffffffed x20=0x00000000
       54305000	      5331	8000d854	de3378b7	lui	x17,0xde337	 x17=0xde337000
       54315000	      5332	8000d858	fc715be3	bge	x2,x7,8000d82e	  x2:0xfffffff3  x7:0xffffffed
       54335000	      5334	8000d82e	0001	c.addi	x0,0	  x0:0x00000000  x0=0x00000000
       54375000	      5338	8000d830	032c3033	mulhu	x0,x24,x18	 x24:0x00000064 x18:0x000000fc  x0=0x00000000
       54385000	      5339	8000d834	412f0a33	sub	x20,x30,x18	 x30:0x00000007 x18:0x000000fc x20=0xffffff0b
       54395000	      5340	8000d838	10500073	wfi	
       55575000	      5458	8000272c	f96fe06f	jal	x0,80000ec2	  x0=0x00000000
       55595000	      5460	80000ec2	1cf1	c.addi	x25,-4	 x25:0x8002cce4 x25=0x8002cce0
       55605000	      5461	80000ec4	013ca023	sw	x19,0(x25)	 x25:0x8002cce0 x19:0x80028db8 PA:0x8002cce0 store:0x80028db8 load:0x00000000
       55615000	      5462	80000ec8	000c89b3	add	x19,x25,x0	 x25:0x8002cce0  x0:0x00000000 x19=0x8002cce0
       55625000	      5463	80000ecc	f8098993	addi	x19,x19,-128	 x19:0x8002cce0 x19=0x8002cc60
       55635000	      5464	80000ed0	0019a223	sw	x1,4(x19)	 x19:0x8002cc60  x1:0x000000bc PA:0x8002cc64 store:0x000000bc load:0x00000000
       55645000	      5465	80000ed4	0029a423	sw	x2,8(x19)	 x19:0x8002cc60  x2:0xfffffff3 PA:0x8002cc68 store:0xfffffff3 load:0x00000000
       55655000	      5466	80000ed8	0039a623	sw	x3,12(x19)	 x19:0x8002cc60  x3:0x545500bc PA:0x8002cc6c store:0x545500bc load:0x00000000
       55665000	      5467	80000edc	0049a823	sw	x4,16(x19)	 x19:0x8002cc60  x4:0x00000000 PA:0x8002cc70 store:0x00000000 load:0x00000000
       55675000	      5468	80000ee0	0059aa23	sw	x5,20(x19)	 x19:0x8002cc60  x5:0x00000000 PA:0x8002cc74 store:0x00000000 load:0x00000000
       55685000	      5469	80000ee4	0069ac23	sw	x6,24(x19)	 x19:0x8002cc60  x6:0x00000001 PA:0x8002cc78 store:0x00000001 load:0x00000000
       55695000	      5470	80000ee8	0079ae23	sw	x7,28(x19)	 x19:0x8002cc60  x7:0xffffffed PA:0x8002cc7c store:0xffffffed load:0x00000000
       55705000	      5471	80000eec	0289a023	sw	x8,32(x19)	 x19:0x8002cc60  x8:0x00000004 PA:0x8002cc80 store:0x00000004 load:0x00000000
       55715000	      5472	80000ef0	0299a223	sw	x9,36(x19)	 x19:0x8002cc60  x9:0x00000000 PA:0x8002cc84 store:0x00000000 load:0x00000000
       55725000	      5473	80000ef4	02a9a423	sw	x10,40(x19)	 x19:0x8002cc60 x10:0x00000000 PA:0x8002cc88 store:0x00000000 load:0x00000000
       55735000	      5474	80000ef8	02b9a623	sw	x11,44(x19)	 x19:0x8002cc60 x11:0xfffffffb PA:0x8002cc8c store:0xfffffffb load:0x00000000
       55745000	      5475	80000efc	02c9a823	sw	x12,48(x19)	 x19:0x8002cc60 x12:0x0000001d PA:0x8002cc90 store:0x0000001d load:0x00000000
       55755000	      5476	80000f00	02d9aa23	sw	x13,52(x19)	 x19:0x8002cc60 x13:0x00000000 PA:0x8002cc94 store:0x00000000 load:0x00000000
       55765000	      5477	80000f04	02e9ac23	sw	x14,56(x19)	 x19:0x8002cc60 x14:0x8b3bb000 PA:0x8002cc98 store:0x8b3bb000 load:0x00000000
       55775000	      5478	80000f08	02f9ae23	sw	x15,60(x19)	 x19:0x8002cc60 x15:0x000000bc PA:0x8002cc9c store:0x000000bc load:0x00000000
       55785000	      5479	80000f0c	0509a023	sw	x16,64(x19)	 x19:0x8002cc60 x16:0x000000ae PA:0x8002cca0 store:0x000000ae load:0x00000000
       55795000	      5480	80000f10	0519a223	sw	x17,68(x19)	 x19:0x8002cc60 x17:0xde337000 PA:0x8002cca4 store:0xde337000 load:0x00000000
       55805000	      5481	80000f14	0529a423	sw	x18,72(x19)	 x19:0x8002cc60 x18:0x000000fc PA:0x8002cca8 store:0x000000fc load:0x00000000
       55815000	      5482	80000f18	0539a623	sw	x19,76(x19)	 x19:0x8002cc60 x19:0x8002cc60 PA:0x8002ccac store:0x8002cc60 load:0x00000000
       55825000	      5483	80000f1c	0549a823	sw	x20,80(x19)	 x19:0x8002cc60 x20:0xffffff0b PA:0x8002ccb0 store:0xffffff0b load:0x00000000
       55835000	      5484	80000f20	0559aa23	sw	x21,84(x19)	 x19:0x8002cc60 x21:0x00000000 PA:0x8002ccb4 store:0x00000000 load:0x00000000
       55845000	      5485	80000f24	0569ac23	sw	x22,88(x19)	 x19:0x8002cc60 x22:0x00000063 PA:0x8002ccb8 store:0x00000063 load:0x00000000
       55855000	      5486	80000f28	0579ae23	sw	x23,92(x19)	 x19:0x8002cc60 x23:0x0000000c PA:0x8002ccbc store:0x0000000c load:0x00000000
       55865000	      5487	80000f2c	0789a023	sw	x24,96(x19)	 x19:0x8002cc60 x24:0x00000064 PA:0x8002ccc0 store:0x00000064 load:0x00000000
       55875000	      5488	80000f30	0799a223	sw	x25,100(x19)	 x19:0x8002cc60 x25:0x8002cce0 PA:0x8002ccc4 store:0x8002cce0 load:0x00000000
       55885000	      5489	80000f34	07a9a423	sw	x26,104(x19)	 x19:0x8002cc60 x26:0x10000000 PA:0x8002ccc8 store:0x10000000 load:0x00000000
       55895000	      5490	80000f38	07b9a623	sw	x27,108(x19)	 x19:0x8002cc60 x27:0x800133f1 PA:0x8002cccc store:0x800133f1 load:0x00000000
       55905000	      5491	80000f3c	07c9a823	sw	x28,112(x19)	 x19:0x8002cc60 x28:0x00000000 PA:0x8002ccd0 store:0x00000000 load:0x00000000
       55915000	      5492	80000f40	07d9aa23	sw	x29,116(x19)	 x19:0x8002cc60 x29:0x00000001 PA:0x8002ccd4 store:0x00000001 load:0x00000000
       55925000	      5493	80000f44	07e9ac23	sw	x30,120(x19)	 x19:0x8002cc60 x30:0x00000007 PA:0x8002ccd8 store:0x00000007 load:0x00000000
       55935000	      5494	80000f48	07f9ae23	sw	x31,124(x19)	 x19:0x8002cc60 x31:0xe6e2b844 PA:0x8002ccdc store:0xe6e2b844 load:0x00000000
       55945000	      5495	80000f4c	00098cb3	add	x25,x19,x0	 x19:0x8002cc60  x0:0x00000000 x25=0x8002cc60
       55955000	      5496	80000f50	90000b37	lui	x22,0x90000	 x22=0x90000000
       55965000	      5497	80000f54	1b71	c.addi	x22,-4	 x22:0x90000000 x22=0x8ffffffc
       55975000	      5498	80000f56	4619	c.li	x12,6	 x12=0x00000006
       55985000	      5499	80000f58	0622	c.slli	x12,0x8	 x12:0x00000006 x12=0x00000600
       55995000	      5500	80000f5a	00060613	addi	x12,x12,0	 x12:0x00000600 x12=0x00000600
       56005000	      5501	80000f5e	00cb2023	sw	x12,0(x22)	 x22:0x8ffffffc x12:0x00000600 PA:0x8ffffffc store:0x00000600 load:0x00000000
       56015000	      5502	80000f62	34202673	csrrs	x12,mcause,x0	  x0:0x00000000 x12=0x8000000b
       56025000	      5503	80000f66	827d	c.srli	x12,0x1f	 x12:0x8000000b x12=0x00000001
       56035000	      5504	80000f68	c63d	c.beqz	x12,80000fd6	 x12:0x00000001
       56045000	      5505	80000f6a	90000b37	lui	x22,0x90000	 x22=0x90000000
       56055000	      5506	80000f6e	1b71	c.addi	x22,-4	 x22:0x90000000 x22=0x8ffffffc
       56065000	      5507	80000f70	30000613	addi	x12,x0,768	  x0:0x00000000 x12=0x00000300
       56075000	      5508	80000f74	0622	c.slli	x12,0x8	 x12:0x00000300 x12=0x00030000
       56085000	      5509	80000f76	060d	c.addi	x12,3	 x12:0x00030000 x12=0x00030003
       56095000	      5510	80000f78	00cb2023	sw	x12,0(x22)	 x22:0x8ffffffc x12:0x00030003 PA:0x8ffffffc store:0x00030003 load:0x00000000
       56105000	      5511	80000f7c	30002673	csrrs	x12,mstatus,x0	  x0:0x00000000 x12=0x00001880
       56115000	      5512	80000f80	00cb2023	sw	x12,0(x22)	 x22:0x8ffffffc x12:0x00001880 PA:0x8ffffffc store:0x00001880 load:0x00000000
       56125000	      5513	80000f84	90000b37	lui	x22,0x90000	 x22=0x90000000
       56135000	      5514	80000f88	1b71	c.addi	x22,-4	 x22:0x90000000 x22=0x8ffffffc
       56145000	      5515	80000f8a	34200613	addi	x12,x0,834	  x0:0x00000000 x12=0x00000342
       56155000	      5516	80000f8e	0622	c.slli	x12,0x8	 x12:0x00000342 x12=0x00034200
       56165000	      5517	80000f90	060d	c.addi	x12,3	 x12:0x00034200 x12=0x00034203
       56175000	      5518	80000f92	00cb2023	sw	x12,0(x22)	 x22:0x8ffffffc x12:0x00034203 PA:0x8ffffffc store:0x00034203 load:0x00000000
       56185000	      5519	80000f96	34202673	csrrs	x12,mcause,x0	  x0:0x00000000 x12=0x8000000b
       56195000	      5520	80000f9a	00cb2023	sw	x12,0(x22)	 x22:0x8ffffffc x12:0x8000000b PA:0x8ffffffc store:0x8000000b load:0x00000000
       56205000	      5521	80000f9e	90000b37	lui	x22,0x90000	 x22=0x90000000
       56215000	      5522	80000fa2	1b71	c.addi	x22,-4	 x22:0x90000000 x22=0x8ffffffc
       56225000	      5523	80000fa4	30400613	addi	x12,x0,772	  x0:0x00000000 x12=0x00000304
       56235000	      5524	80000fa8	0622	c.slli	x12,0x8	 x12:0x00000304 x12=0x00030400
       56245000	      5525	80000faa	060d	c.addi	x12,3	 x12:0x00030400 x12=0x00030403
       56255000	      5526	80000fac	00cb2023	sw	x12,0(x22)	 x22:0x8ffffffc x12:0x00030403 PA:0x8ffffffc store:0x00030403 load:0x00000000
       56265000	      5527	80000fb0	30402673	csrrs	x12,mie,x0	  x0:0x00000000 x12=0x28ca0888
       56275000	      5528	80000fb4	00cb2023	sw	x12,0(x22)	 x22:0x8ffffffc x12:0x28ca0888 PA:0x8ffffffc store:0x28ca0888 load:0x00000000
       56285000	      5529	80000fb8	90000b37	lui	x22,0x90000	 x22=0x90000000
       56295000	      5530	80000fbc	1b71	c.addi	x22,-4	 x22:0x90000000 x22=0x8ffffffc
       56305000	      5531	80000fbe	34400613	addi	x12,x0,836	  x0:0x00000000 x12=0x00000344
       56315000	      5532	80000fc2	0622	c.slli	x12,0x8	 x12:0x00000344 x12=0x00034400
       56325000	      5533	80000fc4	060d	c.addi	x12,3	 x12:0x00034400 x12=0x00034403
       56335000	      5534	80000fc6	00cb2023	sw	x12,0(x22)	 x22:0x8ffffffc x12:0x00034403 PA:0x8ffffffc store:0x00034403 load:0x00000000
       56345000	      5535	80000fca	34402673	csrrs	x12,mip,x0	  x0:0x00000000 x12=0x00000000
       56355000	      5536	80000fce	00cb2023	sw	x12,0(x22)	 x22:0x8ffffffc x12:0x00000000 PA:0x8ffffffc store:0x00000000 load:0x00000000
       56365000	      5537	80000fd2	3871106f	jal	x0,80012b58	  x0=0x00000000
       56385000	      5539	80012b58	30002673	csrrs	x12,mstatus,x0	  x0:0x00000000 x12=0x00001880
       56395000	      5540	80012b5c	30402673	csrrs	x12,mie,x0	  x0:0x00000000 x12=0x28ca0888
       56405000	      5541	80012b60	34402673	csrrs	x12,mip,x0	  x0:0x00000000 x12=0x00000000
       56415000	      5542	80012b64	34463673	csrrc	x12,mip,x12	 x12:0x00000000 x12=0x00000000
       56445000	      5545	80012b68	90000b37	lui	x22,0x90000	 x22=0x90000000
       56455000	      5546	80012b6c	1b71	c.addi	x22,-4	 x22:0x90000000 x22=0x8ffffffc
       56465000	      5547	80012b6e	461d	c.li	x12,7	 x12=0x00000007
       56475000	      5548	80012b70	0622	c.slli	x12,0x8	 x12:0x00000007 x12=0x00000700
       56485000	      5549	80012b72	00060613	addi	x12,x12,0	 x12:0x00000700 x12=0x00000700
       56495000	      5550	80012b76	00cb2023	sw	x12,0(x22)	 x22:0x8ffffffc x12:0x00000700 PA:0x8ffffffc store:0x00000700 load:0x00000000
       56505000	      5551	80012b7a	000c89b3	add	x19,x25,x0	 x25:0x8002cc60  x0:0x00000000 x19=0x8002cc60
       56515000	      5552	80012b7e	0049a083	lw	x1,4(x19)	 x19:0x8002cc60  x1=0x000000bc PA:0x8002cc64 load:0x000000bc
       56525000	      5553	80012b82	0089a103	lw	x2,8(x19)	 x19:0x8002cc60  x2=0xfffffff3 PA:0x8002cc68 load:0xfffffff3
       56535000	      5554	80012b86	00c9a183	lw	x3,12(x19)	 x19:0x8002cc60  x3=0x545500bc PA:0x8002cc6c load:0x545500bc
       56545000	      5555	80012b8a	0109a203	lw	x4,16(x19)	 x19:0x8002cc60  x4=0x00000000 PA:0x8002cc70 load:0x00000000
       56555000	      5556	80012b8e	0149a283	lw	x5,20(x19)	 x19:0x8002cc60  x5=0x00000000 PA:0x8002cc74 load:0x00000000
       56565000	      5557	80012b92	0189a303	lw	x6,24(x19)	 x19:0x8002cc60  x6=0x00000001 PA:0x8002cc78 load:0x00000001
       56575000	      5558	80012b96	01c9a383	lw	x7,28(x19)	 x19:0x8002cc60  x7=0xffffffed PA:0x8002cc7c load:0xffffffed
       56585000	      5559	80012b9a	0209a403	lw	x8,32(x19)	 x19:0x8002cc60  x8=0x00000004 PA:0x8002cc80 load:0x00000004
       56595000	      5560	80012b9e	0249a483	lw	x9,36(x19)	 x19:0x8002cc60  x9=0x00000000 PA:0x8002cc84 load:0x00000000
       56605000	      5561	80012ba2	0289a503	lw	x10,40(x19)	 x19:0x8002cc60 x10=0x00000000 PA:0x8002cc88 load:0x00000000
       56615000	      5562	80012ba6	02c9a583	lw	x11,44(x19)	 x19:0x8002cc60 x11=0xfffffffb PA:0x8002cc8c load:0xfffffffb
       56625000	      5563	80012baa	0309a603	lw	x12,48(x19)	 x19:0x8002cc60 x12=0x0000001d PA:0x8002cc90 load:0x0000001d
       56635000	      5564	80012bae	0349a683	lw	x13,52(x19)	 x19:0x8002cc60 x13=0x00000000 PA:0x8002cc94 load:0x00000000
       56645000	      5565	80012bb2	0389a703	lw	x14,56(x19)	 x19:0x8002cc60 x14=0x8b3bb000 PA:0x8002cc98 load:0x8b3bb000
       56655000	      5566	80012bb6	03c9a783	lw	x15,60(x19)	 x19:0x8002cc60 x15=0x000000bc PA:0x8002cc9c load:0x000000bc
       56665000	      5567	80012bba	0409a803	lw	x16,64(x19)	 x19:0x8002cc60 x16=0x000000ae PA:0x8002cca0 load:0x000000ae
       56675000	      5568	80012bbe	0449a883	lw	x17,68(x19)	 x19:0x8002cc60 x17=0xde337000 PA:0x8002cca4 load:0xde337000
       56685000	      5569	80012bc2	0489a903	lw	x18,72(x19)	 x19:0x8002cc60 x18=0x000000fc PA:0x8002cca8 load:0x000000fc
       56695000	      5570	80012bc6	04c9a983	lw	x19,76(x19)	 x19:0x8002cc60 x19=0x8002cc60 PA:0x8002ccac load:0x8002cc60
       56715000	      5572	80012bca	0509aa03	lw	x20,80(x19)	 x19:0x8002cc60 x20=0xffffff0b PA:0x8002ccb0 load:0xffffff0b
       56725000	      5573	80012bce	0549aa83	lw	x21,84(x19)	 x19:0x8002cc60 x21=0x00000000 PA:0x8002ccb4 load:0x00000000
       56735000	      5574	80012bd2	0589ab03	lw	x22,88(x19)	 x19:0x8002cc60 x22=0x00000063 PA:0x8002ccb8 load:0x00000063
       56745000	      5575	80012bd6	05c9ab83	lw	x23,92(x19)	 x19:0x8002cc60 x23=0x0000000c PA:0x8002ccbc load:0x0000000c
       56755000	      5576	80012bda	0609ac03	lw	x24,96(x19)	 x19:0x8002cc60 x24=0x00000064 PA:0x8002ccc0 load:0x00000064
       56765000	      5577	80012bde	0649ac83	lw	x25,100(x19)	 x19:0x8002cc60 x25=0x8002cce0 PA:0x8002ccc4 load:0x8002cce0
       56775000	      5578	80012be2	0689ad03	lw	x26,104(x19)	 x19:0x8002cc60 x26=0x10000000 PA:0x8002ccc8 load:0x10000000
       56785000	      5579	80012be6	06c9ad83	lw	x27,108(x19)	 x19:0x8002cc60 x27=0x800133f1 PA:0x8002cccc load:0x800133f1
       56795000	      5580	80012bea	0709ae03	lw	x28,112(x19)	 x19:0x8002cc60 x28=0x00000000 PA:0x8002ccd0 load:0x00000000
       56805000	      5581	80012bee	0749ae83	lw	x29,116(x19)	 x19:0x8002cc60 x29=0x00000001 PA:0x8002ccd4 load:0x00000001
       56815000	      5582	80012bf2	0789af03	lw	x30,120(x19)	 x19:0x8002cc60 x30=0x00000007 PA:0x8002ccd8 load:0x00000007
       56825000	      5583	80012bf6	07c9af83	lw	x31,124(x19)	 x19:0x8002cc60 x31=0xe6e2b844 PA:0x8002ccdc load:0xe6e2b844
       56835000	      5584	80012bfa	08098993	addi	x19,x19,128	 x19:0x8002cc60 x19=0x8002cce0
       56845000	      5585	80012bfe	00098cb3	add	x25,x19,x0	 x19:0x8002cce0  x0:0x00000000 x25=0x8002cce0
       56855000	      5586	80012c02	000ca983	lw	x19,0(x25)	 x25:0x8002cce0 x19=0x80028db8 PA:0x8002cce0 load:0x80028db8
       56865000	      5587	80012c06	0c91	c.addi	x25,4	 x25:0x8002cce0 x25=0x8002cce4
       56875000	      5588	80012c08	30200073	mret	
       56905000	      5591	8000d83c	117d	c.addi	x2,-1	  x2:0xfffffff3  x2=0xfffffff2
       56915000	      5592	8000d83e	01312e33	slt	x28,x2,x19	  x2:0xfffffff2 x19:0x80028db8 x28=0x00000000
       56925000	      5593	8000d842	4675	c.li	x12,29	 x12=0x0000001d
       56935000	      5594	8000d844	66e1ef97	auipc	x31,0x66e1e	 x31=0xe6e2b844
       56945000	      5595	8000d848	8495	c.srai	x9,0x5	  x9:0x00000000  x9=0x00000000
       56985000	      5599	8000d84a	0394a233	mulhsu	x4,x9,x25	  x9:0x00000000 x25:0x8002cce4  x4=0x00000000
       56995000	      5600	8000d84e	0b25	c.addi	x22,9	 x22:0x00000063 x22=0x0000006c
       57365000	      5637	8000d850	027c5a33	divu	x20,x24,x7	 x24:0x00000064  x7:0xffffffed x20=0x00000000
       57375000	      5638	8000d854	de3378b7	lui	x17,0xde337	 x17=0xde337000
       57385000	      5639	8000d858	fc715be3	bge	x2,x7,8000d82e	  x2:0xfffffff2  x7:0xffffffed
       57405000	      5641	8000d82e	0001	c.addi	x0,0	  x0:0x00000000  x0=0x00000000
       57445000	      5645	8000d830	032c3033	mulhu	x0,x24,x18	 x24:0x00000064 x18:0x000000fc  x0=0x00000000
       57455000	      5646	8000d834	412f0a33	sub	x20,x30,x18	 x30:0x00000007 x18:0x000000fc x20=0xffffff0b
       57465000	      5647	8000d838	10500073	wfi	
       58645000	      5765	8000272c	f96fe06f	jal	x0,80000ec2	  x0=0x00000000
       58665000	      5767	80000ec2	1cf1	c.addi	x25,-4	 x25:0x8002cce4 x25=0x8002cce0
       58675000	      5768	80000ec4	013ca023	sw	x19,0(x25)	 x25:0x8002cce0 x19:0x80028db8 PA:0x8002cce0 store:0x80028db8 load:0x00000000
       58685000	      5769	80000ec8	000c89b3	add	x19,x25,x0	 x25:0x8002cce0  x0:0x00000000 x19=0x8002cce0
       58695000	      5770	80000ecc	f8098993	addi	x19,x19,-128	 x19:0x8002cce0 x19=0x8002cc60
       58705000	      5771	80000ed0	0019a223	sw	x1,4(x19)	 x19:0x8002cc60  x1:0x000000bc PA:0x8002cc64 store:0x000000bc load:0x00000000
       58715000	      5772	80000ed4	0029a423	sw	x2,8(x19)	 x19:0x8002cc60  x2:0xfffffff2 PA:0x8002cc68 store:0xfffffff2 load:0x00000000
       58725000	      5773	80000ed8	0039a623	sw	x3,12(x19)	 x19:0x8002cc60  x3:0x545500bc PA:0x8002cc6c store:0x545500bc load:0x00000000
       58735000	      5774	80000edc	0049a823	sw	x4,16(x19)	 x19:0x8002cc60  x4:0x00000000 PA:0x8002cc70 store:0x00000000 load:0x00000000
       58745000	      5775	80000ee0	0059aa23	sw	x5,20(x19)	 x19:0x8002cc60  x5:0x00000000 PA:0x8002cc74 store:0x00000000 load:0x00000000
       58755000	      5776	80000ee4	0069ac23	sw	x6,24(x19)	 x19:0x8002cc60  x6:0x00000001 PA:0x8002cc78 store:0x00000001 load:0x00000000
       58765000	      5777	80000ee8	0079ae23	sw	x7,28(x19)	 x19:0x8002cc60  x7:0xffffffed PA:0x8002cc7c store:0xffffffed load:0x00000000
       58775000	      5778	80000eec	0289a023	sw	x8,32(x19)	 x19:0x8002cc60  x8:0x00000004 PA:0x8002cc80 store:0x00000004 load:0x00000000
       58785000	      5779	80000ef0	0299a223	sw	x9,36(x19)	 x19:0x8002cc60  x9:0x00000000 PA:0x8002cc84 store:0x00000000 load:0x00000000
       58795000	      5780	80000ef4	02a9a423	sw	x10,40(x19)	 x19:0x8002cc60 x10:0x00000000 PA:0x8002cc88 store:0x00000000 load:0x00000000
       58805000	      5781	80000ef8	02b9a623	sw	x11,44(x19)	 x19:0x8002cc60 x11:0xfffffffb PA:0x8002cc8c store:0xfffffffb load:0x00000000
       58815000	      5782	80000efc	02c9a823	sw	x12,48(x19)	 x19:0x8002cc60 x12:0x0000001d PA:0x8002cc90 store:0x0000001d load:0x00000000
       58825000	      5783	80000f00	02d9aa23	sw	x13,52(x19)	 x19:0x8002cc60 x13:0x00000000 PA:0x8002cc94 store:0x00000000 load:0x00000000
       58835000	      5784	80000f04	02e9ac23	sw	x14,56(x19)	 x19:0x8002cc60 x14:0x8b3bb000 PA:0x8002cc98 store:0x8b3bb000 load:0x00000000
       58845000	      5785	80000f08	02f9ae23	sw	x15,60(x19)	 x19:0x8002cc60 x15:0x000000bc PA:0x8002cc9c store:0x000000bc load:0x00000000
       58855000	      5786	80000f0c	0509a023	sw	x16,64(x19)	 x19:0x8002cc60 x16:0x000000ae PA:0x8002cca0 store:0x000000ae load:0x00000000
       58865000	      5787	80000f10	0519a223	sw	x17,68(x19)	 x19:0x8002cc60 x17:0xde337000 PA:0x8002cca4 store:0xde337000 load:0x00000000
       58875000	      5788	80000f14	0529a423	sw	x18,72(x19)	 x19:0x8002cc60 x18:0x000000fc PA:0x8002cca8 store:0x000000fc load:0x00000000
       58885000	      5789	80000f18	0539a623	sw	x19,76(x19)	 x19:0x8002cc60 x19:0x8002cc60 PA:0x8002ccac store:0x8002cc60 load:0x00000000
       58895000	      5790	80000f1c	0549a823	sw	x20,80(x19)	 x19:0x8002cc60 x20:0xffffff0b PA:0x8002ccb0 store:0xffffff0b load:0x00000000
       58905000	      5791	80000f20	0559aa23	sw	x21,84(x19)	 x19:0x8002cc60 x21:0x00000000 PA:0x8002ccb4 store:0x00000000 load:0x00000000
       58915000	      5792	80000f24	0569ac23	sw	x22,88(x19)	 x19:0x8002cc60 x22:0x0000006c PA:0x8002ccb8 store:0x0000006c load:0x00000000
       58925000	      5793	80000f28	0579ae23	sw	x23,92(x19)	 x19:0x8002cc60 x23:0x0000000c PA:0x8002ccbc store:0x0000000c load:0x00000000
       58935000	      5794	80000f2c	0789a023	sw	x24,96(x19)	 x19:0x8002cc60 x24:0x00000064 PA:0x8002ccc0 store:0x00000064 load:0x00000000
       58945000	      5795	80000f30	0799a223	sw	x25,100(x19)	 x19:0x8002cc60 x25:0x8002cce0 PA:0x8002ccc4 store:0x8002cce0 load:0x00000000
       58955000	      5796	80000f34	07a9a423	sw	x26,104(x19)	 x19:0x8002cc60 x26:0x10000000 PA:0x8002ccc8 store:0x10000000 load:0x00000000
       58965000	      5797	80000f38	07b9a623	sw	x27,108(x19)	 x19:0x8002cc60 x27:0x800133f1 PA:0x8002cccc store:0x800133f1 load:0x00000000
       58975000	      5798	80000f3c	07c9a823	sw	x28,112(x19)	 x19:0x8002cc60 x28:0x00000000 PA:0x8002ccd0 store:0x00000000 load:0x00000000
       58985000	      5799	80000f40	07d9aa23	sw	x29,116(x19)	 x19:0x8002cc60 x29:0x00000001 PA:0x8002ccd4 store:0x00000001 load:0x00000000
       58995000	      5800	80000f44	07e9ac23	sw	x30,120(x19)	 x19:0x8002cc60 x30:0x00000007 PA:0x8002ccd8 store:0x00000007 load:0x00000000
       59005000	      5801	80000f48	07f9ae23	sw	x31,124(x19)	 x19:0x8002cc60 x31:0xe6e2b844 PA:0x8002ccdc store:0xe6e2b844 load:0x00000000
       59015000	      5802	80000f4c	00098cb3	add	x25,x19,x0	 x19:0x8002cc60  x0:0x00000000 x25=0x8002cc60
       59025000	      5803	80000f50	90000b37	lui	x22,0x90000	 x22=0x90000000
       59035000	      5804	80000f54	1b71	c.addi	x22,-4	 x22:0x90000000 x22=0x8ffffffc
       59045000	      5805	80000f56	4619	c.li	x12,6	 x12=0x00000006
       59055000	      5806	80000f58	0622	c.slli	x12,0x8	 x12:0x00000006 x12=0x00000600
       59065000	      5807	80000f5a	00060613	addi	x12,x12,0	 x12:0x00000600 x12=0x00000600
       59075000	      5808	80000f5e	00cb2023	sw	x12,0(x22)	 x22:0x8ffffffc x12:0x00000600 PA:0x8ffffffc store:0x00000600 load:0x00000000
       59085000	      5809	80000f62	34202673	csrrs	x12,mcause,x0	  x0:0x00000000 x12=0x8000000b
       59095000	      5810	80000f66	827d	c.srli	x12,0x1f	 x12:0x8000000b x12=0x00000001
       59105000	      5811	80000f68	c63d	c.beqz	x12,80000fd6	 x12:0x00000001
       59115000	      5812	80000f6a	90000b37	lui	x22,0x90000	 x22=0x90000000
       59125000	      5813	80000f6e	1b71	c.addi	x22,-4	 x22:0x90000000 x22=0x8ffffffc
       59135000	      5814	80000f70	30000613	addi	x12,x0,768	  x0:0x00000000 x12=0x00000300
       59145000	      5815	80000f74	0622	c.slli	x12,0x8	 x12:0x00000300 x12=0x00030000
       59155000	      5816	80000f76	060d	c.addi	x12,3	 x12:0x00030000 x12=0x00030003
       59165000	      5817	80000f78	00cb2023	sw	x12,0(x22)	 x22:0x8ffffffc x12:0x00030003 PA:0x8ffffffc store:0x00030003 load:0x00000000
       59175000	      5818	80000f7c	30002673	csrrs	x12,mstatus,x0	  x0:0x00000000 x12=0x00001880
       59185000	      5819	80000f80	00cb2023	sw	x12,0(x22)	 x22:0x8ffffffc x12:0x00001880 PA:0x8ffffffc store:0x00001880 load:0x00000000
       59195000	      5820	80000f84	90000b37	lui	x22,0x90000	 x22=0x90000000
       59205000	      5821	80000f88	1b71	c.addi	x22,-4	 x22:0x90000000 x22=0x8ffffffc
       59215000	      5822	80000f8a	34200613	addi	x12,x0,834	  x0:0x00000000 x12=0x00000342
       59225000	      5823	80000f8e	0622	c.slli	x12,0x8	 x12:0x00000342 x12=0x00034200
       59235000	      5824	80000f90	060d	c.addi	x12,3	 x12:0x00034200 x12=0x00034203
       59245000	      5825	80000f92	00cb2023	sw	x12,0(x22)	 x22:0x8ffffffc x12:0x00034203 PA:0x8ffffffc store:0x00034203 load:0x00000000
       59255000	      5826	80000f96	34202673	csrrs	x12,mcause,x0	  x0:0x00000000 x12=0x8000000b
       59265000	      5827	80000f9a	00cb2023	sw	x12,0(x22)	 x22:0x8ffffffc x12:0x8000000b PA:0x8ffffffc store:0x8000000b load:0x00000000
       59275000	      5828	80000f9e	90000b37	lui	x22,0x90000	 x22=0x90000000
       59285000	      5829	80000fa2	1b71	c.addi	x22,-4	 x22:0x90000000 x22=0x8ffffffc
       59295000	      5830	80000fa4	30400613	addi	x12,x0,772	  x0:0x00000000 x12=0x00000304
       59305000	      5831	80000fa8	0622	c.slli	x12,0x8	 x12:0x00000304 x12=0x00030400
       59315000	      5832	80000faa	060d	c.addi	x12,3	 x12:0x00030400 x12=0x00030403
       59325000	      5833	80000fac	00cb2023	sw	x12,0(x22)	 x22:0x8ffffffc x12:0x00030403 PA:0x8ffffffc store:0x00030403 load:0x00000000
       59335000	      5834	80000fb0	30402673	csrrs	x12,mie,x0	  x0:0x00000000 x12=0x28ca0888
       59345000	      5835	80000fb4	00cb2023	sw	x12,0(x22)	 x22:0x8ffffffc x12:0x28ca0888 PA:0x8ffffffc store:0x28ca0888 load:0x00000000
       59355000	      5836	80000fb8	90000b37	lui	x22,0x90000	 x22=0x90000000
       59365000	      5837	80000fbc	1b71	c.addi	x22,-4	 x22:0x90000000 x22=0x8ffffffc
       59375000	      5838	80000fbe	34400613	addi	x12,x0,836	  x0:0x00000000 x12=0x00000344
       59385000	      5839	80000fc2	0622	c.slli	x12,0x8	 x12:0x00000344 x12=0x00034400
       59395000	      5840	80000fc4	060d	c.addi	x12,3	 x12:0x00034400 x12=0x00034403
       59405000	      5841	80000fc6	00cb2023	sw	x12,0(x22)	 x22:0x8ffffffc x12:0x00034403 PA:0x8ffffffc store:0x00034403 load:0x00000000
       59415000	      5842	80000fca	34402673	csrrs	x12,mip,x0	  x0:0x00000000 x12=0x00000000
       59425000	      5843	80000fce	00cb2023	sw	x12,0(x22)	 x22:0x8ffffffc x12:0x00000000 PA:0x8ffffffc store:0x00000000 load:0x00000000
       59435000	      5844	80000fd2	3871106f	jal	x0,80012b58	  x0=0x00000000
       59455000	      5846	80012b58	30002673	csrrs	x12,mstatus,x0	  x0:0x00000000 x12=0x00001880
       59465000	      5847	80012b5c	30402673	csrrs	x12,mie,x0	  x0:0x00000000 x12=0x28ca0888
       59475000	      5848	80012b60	34402673	csrrs	x12,mip,x0	  x0:0x00000000 x12=0x00000000
       59485000	      5849	80012b64	34463673	csrrc	x12,mip,x12	 x12:0x00000000 x12=0x00000000
       59515000	      5852	80012b68	90000b37	lui	x22,0x90000	 x22=0x90000000
       59525000	      5853	80012b6c	1b71	c.addi	x22,-4	 x22:0x90000000 x22=0x8ffffffc
       59535000	      5854	80012b6e	461d	c.li	x12,7	 x12=0x00000007
       59545000	      5855	80012b70	0622	c.slli	x12,0x8	 x12:0x00000007 x12=0x00000700
       59555000	      5856	80012b72	00060613	addi	x12,x12,0	 x12:0x00000700 x12=0x00000700
       59565000	      5857	80012b76	00cb2023	sw	x12,0(x22)	 x22:0x8ffffffc x12:0x00000700 PA:0x8ffffffc store:0x00000700 load:0x00000000
       59575000	      5858	80012b7a	000c89b3	add	x19,x25,x0	 x25:0x8002cc60  x0:0x00000000 x19=0x8002cc60
       59585000	      5859	80012b7e	0049a083	lw	x1,4(x19)	 x19:0x8002cc60  x1=0x000000bc PA:0x8002cc64 load:0x000000bc
       59595000	      5860	80012b82	0089a103	lw	x2,8(x19)	 x19:0x8002cc60  x2=0xfffffff2 PA:0x8002cc68 load:0xfffffff2
       59605000	      5861	80012b86	00c9a183	lw	x3,12(x19)	 x19:0x8002cc60  x3=0x545500bc PA:0x8002cc6c load:0x545500bc
       59615000	      5862	80012b8a	0109a203	lw	x4,16(x19)	 x19:0x8002cc60  x4=0x00000000 PA:0x8002cc70 load:0x00000000
       59625000	      5863	80012b8e	0149a283	lw	x5,20(x19)	 x19:0x8002cc60  x5=0x00000000 PA:0x8002cc74 load:0x00000000
       59635000	      5864	80012b92	0189a303	lw	x6,24(x19)	 x19:0x8002cc60  x6=0x00000001 PA:0x8002cc78 load:0x00000001
       59645000	      5865	80012b96	01c9a383	lw	x7,28(x19)	 x19:0x8002cc60  x7=0xffffffed PA:0x8002cc7c load:0xffffffed
       59655000	      5866	80012b9a	0209a403	lw	x8,32(x19)	 x19:0x8002cc60  x8=0x00000004 PA:0x8002cc80 load:0x00000004
       59665000	      5867	80012b9e	0249a483	lw	x9,36(x19)	 x19:0x8002cc60  x9=0x00000000 PA:0x8002cc84 load:0x00000000
       59675000	      5868	80012ba2	0289a503	lw	x10,40(x19)	 x19:0x8002cc60 x10=0x00000000 PA:0x8002cc88 load:0x00000000
       59685000	      5869	80012ba6	02c9a583	lw	x11,44(x19)	 x19:0x8002cc60 x11=0xfffffffb PA:0x8002cc8c load:0xfffffffb
       59695000	      5870	80012baa	0309a603	lw	x12,48(x19)	 x19:0x8002cc60 x12=0x0000001d PA:0x8002cc90 load:0x0000001d
       59705000	      5871	80012bae	0349a683	lw	x13,52(x19)	 x19:0x8002cc60 x13=0x00000000 PA:0x8002cc94 load:0x00000000
       59715000	      5872	80012bb2	0389a703	lw	x14,56(x19)	 x19:0x8002cc60 x14=0x8b3bb000 PA:0x8002cc98 load:0x8b3bb000
       59725000	      5873	80012bb6	03c9a783	lw	x15,60(x19)	 x19:0x8002cc60 x15=0x000000bc PA:0x8002cc9c load:0x000000bc
       59735000	      5874	80012bba	0409a803	lw	x16,64(x19)	 x19:0x8002cc60 x16=0x000000ae PA:0x8002cca0 load:0x000000ae
       59745000	      5875	80012bbe	0449a883	lw	x17,68(x19)	 x19:0x8002cc60 x17=0xde337000 PA:0x8002cca4 load:0xde337000
       59755000	      5876	80012bc2	0489a903	lw	x18,72(x19)	 x19:0x8002cc60 x18=0x000000fc PA:0x8002cca8 load:0x000000fc
       59765000	      5877	80012bc6	04c9a983	lw	x19,76(x19)	 x19:0x8002cc60 x19=0x8002cc60 PA:0x8002ccac load:0x8002cc60
       59785000	      5879	80012bca	0509aa03	lw	x20,80(x19)	 x19:0x8002cc60 x20=0xffffff0b PA:0x8002ccb0 load:0xffffff0b
       59795000	      5880	80012bce	0549aa83	lw	x21,84(x19)	 x19:0x8002cc60 x21=0x00000000 PA:0x8002ccb4 load:0x00000000
       59805000	      5881	80012bd2	0589ab03	lw	x22,88(x19)	 x19:0x8002cc60 x22=0x0000006c PA:0x8002ccb8 load:0x0000006c
       59815000	      5882	80012bd6	05c9ab83	lw	x23,92(x19)	 x19:0x8002cc60 x23=0x0000000c PA:0x8002ccbc load:0x0000000c
       59825000	      5883	80012bda	0609ac03	lw	x24,96(x19)	 x19:0x8002cc60 x24=0x00000064 PA:0x8002ccc0 load:0x00000064
       59835000	      5884	80012bde	0649ac83	lw	x25,100(x19)	 x19:0x8002cc60 x25=0x8002cce0 PA:0x8002ccc4 load:0x8002cce0
       59845000	      5885	80012be2	0689ad03	lw	x26,104(x19)	 x19:0x8002cc60 x26=0x10000000 PA:0x8002ccc8 load:0x10000000
       59855000	      5886	80012be6	06c9ad83	lw	x27,108(x19)	 x19:0x8002cc60 x27=0x800133f1 PA:0x8002cccc load:0x800133f1
       59865000	      5887	80012bea	0709ae03	lw	x28,112(x19)	 x19:0x8002cc60 x28=0x00000000 PA:0x8002ccd0 load:0x00000000
       59875000	      5888	80012bee	0749ae83	lw	x29,116(x19)	 x19:0x8002cc60 x29=0x00000001 PA:0x8002ccd4 load:0x00000001
       59885000	      5889	80012bf2	0789af03	lw	x30,120(x19)	 x19:0x8002cc60 x30=0x00000007 PA:0x8002ccd8 load:0x00000007
       59895000	      5890	80012bf6	07c9af83	lw	x31,124(x19)	 x19:0x8002cc60 x31=0xe6e2b844 PA:0x8002ccdc load:0xe6e2b844
       59905000	      5891	80012bfa	08098993	addi	x19,x19,128	 x19:0x8002cc60 x19=0x8002cce0
       59915000	      5892	80012bfe	00098cb3	add	x25,x19,x0	 x19:0x8002cce0  x0:0x00000000 x25=0x8002cce0
       59925000	      5893	80012c02	000ca983	lw	x19,0(x25)	 x25:0x8002cce0 x19=0x80028db8 PA:0x8002cce0 load:0x80028db8
       59935000	      5894	80012c06	0c91	c.addi	x25,4	 x25:0x8002cce0 x25=0x8002cce4
       59945000	      5895	80012c08	30200073	mret	
       59975000	      5898	8000d83c	117d	c.addi	x2,-1	  x2:0xfffffff2  x2=0xfffffff1
       59985000	      5899	8000d83e	01312e33	slt	x28,x2,x19	  x2:0xfffffff1 x19:0x80028db8 x28=0x00000000
       59995000	      5900	8000d842	4675	c.li	x12,29	 x12=0x0000001d
       60005000	      5901	8000d844	66e1ef97	auipc	x31,0x66e1e	 x31=0xe6e2b844
       60015000	      5902	8000d848	8495	c.srai	x9,0x5	  x9:0x00000000  x9=0x00000000
       60055000	      5906	8000d84a	0394a233	mulhsu	x4,x9,x25	  x9:0x00000000 x25:0x8002cce4  x4=0x00000000
       60065000	      5907	8000d84e	0b25	c.addi	x22,9	 x22:0x0000006c x22=0x00000075
       60435000	      5944	8000d850	027c5a33	divu	x20,x24,x7	 x24:0x00000064  x7:0xffffffed x20=0x00000000
       60445000	      5945	8000d854	de3378b7	lui	x17,0xde337	 x17=0xde337000
       60455000	      5946	8000d858	fc715be3	bge	x2,x7,8000d82e	  x2:0xfffffff1  x7:0xffffffed
       60475000	      5948	8000d82e	0001	c.addi	x0,0	  x0:0x00000000  x0=0x00000000
       60515000	      5952	8000d830	032c3033	mulhu	x0,x24,x18	 x24:0x00000064 x18:0x000000fc  x0=0x00000000
       60525000	      5953	8000d834	412f0a33	sub	x20,x30,x18	 x30:0x00000007 x18:0x000000fc x20=0xffffff0b
       60535000	      5954	8000d838	10500073	wfi	
       61715000	      6072	8000272c	f96fe06f	jal	x0,80000ec2	  x0=0x00000000
       61735000	      6074	80000ec2	1cf1	c.addi	x25,-4	 x25:0x8002cce4 x25=0x8002cce0
       61745000	      6075	80000ec4	013ca023	sw	x19,0(x25)	 x25:0x8002cce0 x19:0x80028db8 PA:0x8002cce0 store:0x80028db8 load:0x00000000
       61755000	      6076	80000ec8	000c89b3	add	x19,x25,x0	 x25:0x8002cce0  x0:0x00000000 x19=0x8002cce0
       61765000	      6077	80000ecc	f8098993	addi	x19,x19,-128	 x19:0x8002cce0 x19=0x8002cc60
       61775000	      6078	80000ed0	0019a223	sw	x1,4(x19)	 x19:0x8002cc60  x1:0x000000bc PA:0x8002cc64 store:0x000000bc load:0x00000000
       61785000	      6079	80000ed4	0029a423	sw	x2,8(x19)	 x19:0x8002cc60  x2:0xfffffff1 PA:0x8002cc68 store:0xfffffff1 load:0x00000000
       61795000	      6080	80000ed8	0039a623	sw	x3,12(x19)	 x19:0x8002cc60  x3:0x545500bc PA:0x8002cc6c store:0x545500bc load:0x00000000
       61805000	      6081	80000edc	0049a823	sw	x4,16(x19)	 x19:0x8002cc60  x4:0x00000000 PA:0x8002cc70 store:0x00000000 load:0x00000000
       61815000	      6082	80000ee0	0059aa23	sw	x5,20(x19)	 x19:0x8002cc60  x5:0x00000000 PA:0x8002cc74 store:0x00000000 load:0x00000000
       61825000	      6083	80000ee4	0069ac23	sw	x6,24(x19)	 x19:0x8002cc60  x6:0x00000001 PA:0x8002cc78 store:0x00000001 load:0x00000000
       61835000	      6084	80000ee8	0079ae23	sw	x7,28(x19)	 x19:0x8002cc60  x7:0xffffffed PA:0x8002cc7c store:0xffffffed load:0x00000000
       61845000	      6085	80000eec	0289a023	sw	x8,32(x19)	 x19:0x8002cc60  x8:0x00000004 PA:0x8002cc80 store:0x00000004 load:0x00000000
       61855000	      6086	80000ef0	0299a223	sw	x9,36(x19)	 x19:0x8002cc60  x9:0x00000000 PA:0x8002cc84 store:0x00000000 load:0x00000000
       61865000	      6087	80000ef4	02a9a423	sw	x10,40(x19)	 x19:0x8002cc60 x10:0x00000000 PA:0x8002cc88 store:0x00000000 load:0x00000000
       61875000	      6088	80000ef8	02b9a623	sw	x11,44(x19)	 x19:0x8002cc60 x11:0xfffffffb PA:0x8002cc8c store:0xfffffffb load:0x00000000
       61885000	      6089	80000efc	02c9a823	sw	x12,48(x19)	 x19:0x8002cc60 x12:0x0000001d PA:0x8002cc90 store:0x0000001d load:0x00000000
       61895000	      6090	80000f00	02d9aa23	sw	x13,52(x19)	 x19:0x8002cc60 x13:0x00000000 PA:0x8002cc94 store:0x00000000 load:0x00000000
       61905000	      6091	80000f04	02e9ac23	sw	x14,56(x19)	 x19:0x8002cc60 x14:0x8b3bb000 PA:0x8002cc98 store:0x8b3bb000 load:0x00000000
       61915000	      6092	80000f08	02f9ae23	sw	x15,60(x19)	 x19:0x8002cc60 x15:0x000000bc PA:0x8002cc9c store:0x000000bc load:0x00000000
       61925000	      6093	80000f0c	0509a023	sw	x16,64(x19)	 x19:0x8002cc60 x16:0x000000ae PA:0x8002cca0 store:0x000000ae load:0x00000000
       61935000	      6094	80000f10	0519a223	sw	x17,68(x19)	 x19:0x8002cc60 x17:0xde337000 PA:0x8002cca4 store:0xde337000 load:0x00000000
       61945000	      6095	80000f14	0529a423	sw	x18,72(x19)	 x19:0x8002cc60 x18:0x000000fc PA:0x8002cca8 store:0x000000fc load:0x00000000
       61955000	      6096	80000f18	0539a623	sw	x19,76(x19)	 x19:0x8002cc60 x19:0x8002cc60 PA:0x8002ccac store:0x8002cc60 load:0x00000000
       61965000	      6097	80000f1c	0549a823	sw	x20,80(x19)	 x19:0x8002cc60 x20:0xffffff0b PA:0x8002ccb0 store:0xffffff0b load:0x00000000
       61975000	      6098	80000f20	0559aa23	sw	x21,84(x19)	 x19:0x8002cc60 x21:0x00000000 PA:0x8002ccb4 store:0x00000000 load:0x00000000
       61985000	      6099	80000f24	0569ac23	sw	x22,88(x19)	 x19:0x8002cc60 x22:0x00000075 PA:0x8002ccb8 store:0x00000075 load:0x00000000
       61995000	      6100	80000f28	0579ae23	sw	x23,92(x19)	 x19:0x8002cc60 x23:0x0000000c PA:0x8002ccbc store:0x0000000c load:0x00000000
       62005000	      6101	80000f2c	0789a023	sw	x24,96(x19)	 x19:0x8002cc60 x24:0x00000064 PA:0x8002ccc0 store:0x00000064 load:0x00000000
       62015000	      6102	80000f30	0799a223	sw	x25,100(x19)	 x19:0x8002cc60 x25:0x8002cce0 PA:0x8002ccc4 store:0x8002cce0 load:0x00000000
       62025000	      6103	80000f34	07a9a423	sw	x26,104(x19)	 x19:0x8002cc60 x26:0x10000000 PA:0x8002ccc8 store:0x10000000 load:0x00000000
       62035000	      6104	80000f38	07b9a623	sw	x27,108(x19)	 x19:0x8002cc60 x27:0x800133f1 PA:0x8002cccc store:0x800133f1 load:0x00000000
       62045000	      6105	80000f3c	07c9a823	sw	x28,112(x19)	 x19:0x8002cc60 x28:0x00000000 PA:0x8002ccd0 store:0x00000000 load:0x00000000
       62055000	      6106	80000f40	07d9aa23	sw	x29,116(x19)	 x19:0x8002cc60 x29:0x00000001 PA:0x8002ccd4 store:0x00000001 load:0x00000000
       62065000	      6107	80000f44	07e9ac23	sw	x30,120(x19)	 x19:0x8002cc60 x30:0x00000007 PA:0x8002ccd8 store:0x00000007 load:0x00000000
       62075000	      6108	80000f48	07f9ae23	sw	x31,124(x19)	 x19:0x8002cc60 x31:0xe6e2b844 PA:0x8002ccdc store:0xe6e2b844 load:0x00000000
       62085000	      6109	80000f4c	00098cb3	add	x25,x19,x0	 x19:0x8002cc60  x0:0x00000000 x25=0x8002cc60
       62095000	      6110	80000f50	90000b37	lui	x22,0x90000	 x22=0x90000000
       62105000	      6111	80000f54	1b71	c.addi	x22,-4	 x22:0x90000000 x22=0x8ffffffc
       62115000	      6112	80000f56	4619	c.li	x12,6	 x12=0x00000006
       62125000	      6113	80000f58	0622	c.slli	x12,0x8	 x12:0x00000006 x12=0x00000600
       62135000	      6114	80000f5a	00060613	addi	x12,x12,0	 x12:0x00000600 x12=0x00000600
       62145000	      6115	80000f5e	00cb2023	sw	x12,0(x22)	 x22:0x8ffffffc x12:0x00000600 PA:0x8ffffffc store:0x00000600 load:0x00000000
       62155000	      6116	80000f62	34202673	csrrs	x12,mcause,x0	  x0:0x00000000 x12=0x8000000b
       62165000	      6117	80000f66	827d	c.srli	x12,0x1f	 x12:0x8000000b x12=0x00000001
       62175000	      6118	80000f68	c63d	c.beqz	x12,80000fd6	 x12:0x00000001
       62185000	      6119	80000f6a	90000b37	lui	x22,0x90000	 x22=0x90000000
       62195000	      6120	80000f6e	1b71	c.addi	x22,-4	 x22:0x90000000 x22=0x8ffffffc
       62205000	      6121	80000f70	30000613	addi	x12,x0,768	  x0:0x00000000 x12=0x00000300
       62215000	      6122	80000f74	0622	c.slli	x12,0x8	 x12:0x00000300 x12=0x00030000
       62225000	      6123	80000f76	060d	c.addi	x12,3	 x12:0x00030000 x12=0x00030003
       62235000	      6124	80000f78	00cb2023	sw	x12,0(x22)	 x22:0x8ffffffc x12:0x00030003 PA:0x8ffffffc store:0x00030003 load:0x00000000
       62245000	      6125	80000f7c	30002673	csrrs	x12,mstatus,x0	  x0:0x00000000 x12=0x00001880
       62255000	      6126	80000f80	00cb2023	sw	x12,0(x22)	 x22:0x8ffffffc x12:0x00001880 PA:0x8ffffffc store:0x00001880 load:0x00000000
       62265000	      6127	80000f84	90000b37	lui	x22,0x90000	 x22=0x90000000
       62275000	      6128	80000f88	1b71	c.addi	x22,-4	 x22:0x90000000 x22=0x8ffffffc
       62285000	      6129	80000f8a	34200613	addi	x12,x0,834	  x0:0x00000000 x12=0x00000342
       62295000	      6130	80000f8e	0622	c.slli	x12,0x8	 x12:0x00000342 x12=0x00034200
       62305000	      6131	80000f90	060d	c.addi	x12,3	 x12:0x00034200 x12=0x00034203
       62315000	      6132	80000f92	00cb2023	sw	x12,0(x22)	 x22:0x8ffffffc x12:0x00034203 PA:0x8ffffffc store:0x00034203 load:0x00000000
       62325000	      6133	80000f96	34202673	csrrs	x12,mcause,x0	  x0:0x00000000 x12=0x8000000b
       62335000	      6134	80000f9a	00cb2023	sw	x12,0(x22)	 x22:0x8ffffffc x12:0x8000000b PA:0x8ffffffc store:0x8000000b load:0x00000000
       62345000	      6135	80000f9e	90000b37	lui	x22,0x90000	 x22=0x90000000
       62355000	      6136	80000fa2	1b71	c.addi	x22,-4	 x22:0x90000000 x22=0x8ffffffc
       62365000	      6137	80000fa4	30400613	addi	x12,x0,772	  x0:0x00000000 x12=0x00000304
       62375000	      6138	80000fa8	0622	c.slli	x12,0x8	 x12:0x00000304 x12=0x00030400
       62385000	      6139	80000faa	060d	c.addi	x12,3	 x12:0x00030400 x12=0x00030403
       62395000	      6140	80000fac	00cb2023	sw	x12,0(x22)	 x22:0x8ffffffc x12:0x00030403 PA:0x8ffffffc store:0x00030403 load:0x00000000
       62405000	      6141	80000fb0	30402673	csrrs	x12,mie,x0	  x0:0x00000000 x12=0x28ca0888
       62415000	      6142	80000fb4	00cb2023	sw	x12,0(x22)	 x22:0x8ffffffc x12:0x28ca0888 PA:0x8ffffffc store:0x28ca0888 load:0x00000000
       62425000	      6143	80000fb8	90000b37	lui	x22,0x90000	 x22=0x90000000
       62435000	      6144	80000fbc	1b71	c.addi	x22,-4	 x22:0x90000000 x22=0x8ffffffc
       62445000	      6145	80000fbe	34400613	addi	x12,x0,836	  x0:0x00000000 x12=0x00000344
       62455000	      6146	80000fc2	0622	c.slli	x12,0x8	 x12:0x00000344 x12=0x00034400
       62465000	      6147	80000fc4	060d	c.addi	x12,3	 x12:0x00034400 x12=0x00034403
       62475000	      6148	80000fc6	00cb2023	sw	x12,0(x22)	 x22:0x8ffffffc x12:0x00034403 PA:0x8ffffffc store:0x00034403 load:0x00000000
       62485000	      6149	80000fca	34402673	csrrs	x12,mip,x0	  x0:0x00000000 x12=0x00000000
       62495000	      6150	80000fce	00cb2023	sw	x12,0(x22)	 x22:0x8ffffffc x12:0x00000000 PA:0x8ffffffc store:0x00000000 load:0x00000000
       62505000	      6151	80000fd2	3871106f	jal	x0,80012b58	  x0=0x00000000
       62525000	      6153	80012b58	30002673	csrrs	x12,mstatus,x0	  x0:0x00000000 x12=0x00001880
       62535000	      6154	80012b5c	30402673	csrrs	x12,mie,x0	  x0:0x00000000 x12=0x28ca0888
       62545000	      6155	80012b60	34402673	csrrs	x12,mip,x0	  x0:0x00000000 x12=0x00000000
       62555000	      6156	80012b64	34463673	csrrc	x12,mip,x12	 x12:0x00000000 x12=0x00000000
       62585000	      6159	80012b68	90000b37	lui	x22,0x90000	 x22=0x90000000
       62595000	      6160	80012b6c	1b71	c.addi	x22,-4	 x22:0x90000000 x22=0x8ffffffc
       62605000	      6161	80012b6e	461d	c.li	x12,7	 x12=0x00000007
       62615000	      6162	80012b70	0622	c.slli	x12,0x8	 x12:0x00000007 x12=0x00000700
       62625000	      6163	80012b72	00060613	addi	x12,x12,0	 x12:0x00000700 x12=0x00000700
       62635000	      6164	80012b76	00cb2023	sw	x12,0(x22)	 x22:0x8ffffffc x12:0x00000700 PA:0x8ffffffc store:0x00000700 load:0x00000000
       62645000	      6165	80012b7a	000c89b3	add	x19,x25,x0	 x25:0x8002cc60  x0:0x00000000 x19=0x8002cc60
       62655000	      6166	80012b7e	0049a083	lw	x1,4(x19)	 x19:0x8002cc60  x1=0x000000bc PA:0x8002cc64 load:0x000000bc
       62665000	      6167	80012b82	0089a103	lw	x2,8(x19)	 x19:0x8002cc60  x2=0xfffffff1 PA:0x8002cc68 load:0xfffffff1
       62675000	      6168	80012b86	00c9a183	lw	x3,12(x19)	 x19:0x8002cc60  x3=0x545500bc PA:0x8002cc6c load:0x545500bc
       62685000	      6169	80012b8a	0109a203	lw	x4,16(x19)	 x19:0x8002cc60  x4=0x00000000 PA:0x8002cc70 load:0x00000000
       62695000	      6170	80012b8e	0149a283	lw	x5,20(x19)	 x19:0x8002cc60  x5=0x00000000 PA:0x8002cc74 load:0x00000000
       62705000	      6171	80012b92	0189a303	lw	x6,24(x19)	 x19:0x8002cc60  x6=0x00000001 PA:0x8002cc78 load:0x00000001
       62715000	      6172	80012b96	01c9a383	lw	x7,28(x19)	 x19:0x8002cc60  x7=0xffffffed PA:0x8002cc7c load:0xffffffed
       62725000	      6173	80012b9a	0209a403	lw	x8,32(x19)	 x19:0x8002cc60  x8=0x00000004 PA:0x8002cc80 load:0x00000004
       62735000	      6174	80012b9e	0249a483	lw	x9,36(x19)	 x19:0x8002cc60  x9=0x00000000 PA:0x8002cc84 load:0x00000000
       62745000	      6175	80012ba2	0289a503	lw	x10,40(x19)	 x19:0x8002cc60 x10=0x00000000 PA:0x8002cc88 load:0x00000000
       62755000	      6176	80012ba6	02c9a583	lw	x11,44(x19)	 x19:0x8002cc60 x11=0xfffffffb PA:0x8002cc8c load:0xfffffffb
       62765000	      6177	80012baa	0309a603	lw	x12,48(x19)	 x19:0x8002cc60 x12=0x0000001d PA:0x8002cc90 load:0x0000001d
       62775000	      6178	80012bae	0349a683	lw	x13,52(x19)	 x19:0x8002cc60 x13=0x00000000 PA:0x8002cc94 load:0x00000000
       62785000	      6179	80012bb2	0389a703	lw	x14,56(x19)	 x19:0x8002cc60 x14=0x8b3bb000 PA:0x8002cc98 load:0x8b3bb000
       62795000	      6180	80012bb6	03c9a783	lw	x15,60(x19)	 x19:0x8002cc60 x15=0x000000bc PA:0x8002cc9c load:0x000000bc
       62805000	      6181	80012bba	0409a803	lw	x16,64(x19)	 x19:0x8002cc60 x16=0x000000ae PA:0x8002cca0 load:0x000000ae
       62815000	      6182	80012bbe	0449a883	lw	x17,68(x19)	 x19:0x8002cc60 x17=0xde337000 PA:0x8002cca4 load:0xde337000
       62825000	      6183	80012bc2	0489a903	lw	x18,72(x19)	 x19:0x8002cc60 x18=0x000000fc PA:0x8002cca8 load:0x000000fc
       62835000	      6184	80012bc6	04c9a983	lw	x19,76(x19)	 x19:0x8002cc60 x19=0x8002cc60 PA:0x8002ccac load:0x8002cc60
       62855000	      6186	80012bca	0509aa03	lw	x20,80(x19)	 x19:0x8002cc60 x20=0xffffff0b PA:0x8002ccb0 load:0xffffff0b
       62865000	      6187	80012bce	0549aa83	lw	x21,84(x19)	 x19:0x8002cc60 x21=0x00000000 PA:0x8002ccb4 load:0x00000000
       62875000	      6188	80012bd2	0589ab03	lw	x22,88(x19)	 x19:0x8002cc60 x22=0x00000075 PA:0x8002ccb8 load:0x00000075
       62885000	      6189	80012bd6	05c9ab83	lw	x23,92(x19)	 x19:0x8002cc60 x23=0x0000000c PA:0x8002ccbc load:0x0000000c
       62895000	      6190	80012bda	0609ac03	lw	x24,96(x19)	 x19:0x8002cc60 x24=0x00000064 PA:0x8002ccc0 load:0x00000064
       62905000	      6191	80012bde	0649ac83	lw	x25,100(x19)	 x19:0x8002cc60 x25=0x8002cce0 PA:0x8002ccc4 load:0x8002cce0
       62915000	      6192	80012be2	0689ad03	lw	x26,104(x19)	 x19:0x8002cc60 x26=0x10000000 PA:0x8002ccc8 load:0x10000000
       62925000	      6193	80012be6	06c9ad83	lw	x27,108(x19)	 x19:0x8002cc60 x27=0x800133f1 PA:0x8002cccc load:0x800133f1
       62935000	      6194	80012bea	0709ae03	lw	x28,112(x19)	 x19:0x8002cc60 x28=0x00000000 PA:0x8002ccd0 load:0x00000000
       62945000	      6195	80012bee	0749ae83	lw	x29,116(x19)	 x19:0x8002cc60 x29=0x00000001 PA:0x8002ccd4 load:0x00000001
       62955000	      6196	80012bf2	0789af03	lw	x30,120(x19)	 x19:0x8002cc60 x30=0x00000007 PA:0x8002ccd8 load:0x00000007
       62965000	      6197	80012bf6	07c9af83	lw	x31,124(x19)	 x19:0x8002cc60 x31=0xe6e2b844 PA:0x8002ccdc load:0xe6e2b844
       62975000	      6198	80012bfa	08098993	addi	x19,x19,128	 x19:0x8002cc60 x19=0x8002cce0
       62985000	      6199	80012bfe	00098cb3	add	x25,x19,x0	 x19:0x8002cce0  x0:0x00000000 x25=0x8002cce0
       62995000	      6200	80012c02	000ca983	lw	x19,0(x25)	 x25:0x8002cce0 x19=0x80028db8 PA:0x8002cce0 load:0x80028db8
       63005000	      6201	80012c06	0c91	c.addi	x25,4	 x25:0x8002cce0 x25=0x8002cce4
       63015000	      6202	80012c08	30200073	mret	
       63045000	      6205	8000d83c	117d	c.addi	x2,-1	  x2:0xfffffff1  x2=0xfffffff0
       63055000	      6206	8000d83e	01312e33	slt	x28,x2,x19	  x2:0xfffffff0 x19:0x80028db8 x28=0x00000000
       63065000	      6207	8000d842	4675	c.li	x12,29	 x12=0x0000001d
       63075000	      6208	8000d844	66e1ef97	auipc	x31,0x66e1e	 x31=0xe6e2b844
       63085000	      6209	8000d848	8495	c.srai	x9,0x5	  x9:0x00000000  x9=0x00000000
       63125000	      6213	8000d84a	0394a233	mulhsu	x4,x9,x25	  x9:0x00000000 x25:0x8002cce4  x4=0x00000000
       63135000	      6214	8000d84e	0b25	c.addi	x22,9	 x22:0x00000075 x22=0x0000007e
       63505000	      6251	8000d850	027c5a33	divu	x20,x24,x7	 x24:0x00000064  x7:0xffffffed x20=0x00000000
       63515000	      6252	8000d854	de3378b7	lui	x17,0xde337	 x17=0xde337000
       63525000	      6253	8000d858	fc715be3	bge	x2,x7,8000d82e	  x2:0xfffffff0  x7:0xffffffed
       63545000	      6255	8000d82e	0001	c.addi	x0,0	  x0:0x00000000  x0=0x00000000
       63585000	      6259	8000d830	032c3033	mulhu	x0,x24,x18	 x24:0x00000064 x18:0x000000fc  x0=0x00000000
       63595000	      6260	8000d834	412f0a33	sub	x20,x30,x18	 x30:0x00000007 x18:0x000000fc x20=0xffffff0b
       63605000	      6261	8000d838	10500073	wfi	
       64785000	      6379	8000272c	f96fe06f	jal	x0,80000ec2	  x0=0x00000000
       64805000	      6381	80000ec2	1cf1	c.addi	x25,-4	 x25:0x8002cce4 x25=0x8002cce0
       64815000	      6382	80000ec4	013ca023	sw	x19,0(x25)	 x25:0x8002cce0 x19:0x80028db8 PA:0x8002cce0 store:0x80028db8 load:0x00000000
       64825000	      6383	80000ec8	000c89b3	add	x19,x25,x0	 x25:0x8002cce0  x0:0x00000000 x19=0x8002cce0
       64835000	      6384	80000ecc	f8098993	addi	x19,x19,-128	 x19:0x8002cce0 x19=0x8002cc60
       64845000	      6385	80000ed0	0019a223	sw	x1,4(x19)	 x19:0x8002cc60  x1:0x000000bc PA:0x8002cc64 store:0x000000bc load:0x00000000
       64855000	      6386	80000ed4	0029a423	sw	x2,8(x19)	 x19:0x8002cc60  x2:0xfffffff0 PA:0x8002cc68 store:0xfffffff0 load:0x00000000
       64865000	      6387	80000ed8	0039a623	sw	x3,12(x19)	 x19:0x8002cc60  x3:0x545500bc PA:0x8002cc6c store:0x545500bc load:0x00000000
       64875000	      6388	80000edc	0049a823	sw	x4,16(x19)	 x19:0x8002cc60  x4:0x00000000 PA:0x8002cc70 store:0x00000000 load:0x00000000
       64885000	      6389	80000ee0	0059aa23	sw	x5,20(x19)	 x19:0x8002cc60  x5:0x00000000 PA:0x8002cc74 store:0x00000000 load:0x00000000
       64895000	      6390	80000ee4	0069ac23	sw	x6,24(x19)	 x19:0x8002cc60  x6:0x00000001 PA:0x8002cc78 store:0x00000001 load:0x00000000
       64905000	      6391	80000ee8	0079ae23	sw	x7,28(x19)	 x19:0x8002cc60  x7:0xffffffed PA:0x8002cc7c store:0xffffffed load:0x00000000
       64915000	      6392	80000eec	0289a023	sw	x8,32(x19)	 x19:0x8002cc60  x8:0x00000004 PA:0x8002cc80 store:0x00000004 load:0x00000000
       64925000	      6393	80000ef0	0299a223	sw	x9,36(x19)	 x19:0x8002cc60  x9:0x00000000 PA:0x8002cc84 store:0x00000000 load:0x00000000
       64935000	      6394	80000ef4	02a9a423	sw	x10,40(x19)	 x19:0x8002cc60 x10:0x00000000 PA:0x8002cc88 store:0x00000000 load:0x00000000
       64945000	      6395	80000ef8	02b9a623	sw	x11,44(x19)	 x19:0x8002cc60 x11:0xfffffffb PA:0x8002cc8c store:0xfffffffb load:0x00000000
       64955000	      6396	80000efc	02c9a823	sw	x12,48(x19)	 x19:0x8002cc60 x12:0x0000001d PA:0x8002cc90 store:0x0000001d load:0x00000000
       64965000	      6397	80000f00	02d9aa23	sw	x13,52(x19)	 x19:0x8002cc60 x13:0x00000000 PA:0x8002cc94 store:0x00000000 load:0x00000000
       64975000	      6398	80000f04	02e9ac23	sw	x14,56(x19)	 x19:0x8002cc60 x14:0x8b3bb000 PA:0x8002cc98 store:0x8b3bb000 load:0x00000000
       64985000	      6399	80000f08	02f9ae23	sw	x15,60(x19)	 x19:0x8002cc60 x15:0x000000bc PA:0x8002cc9c store:0x000000bc load:0x00000000
       64995000	      6400	80000f0c	0509a023	sw	x16,64(x19)	 x19:0x8002cc60 x16:0x000000ae PA:0x8002cca0 store:0x000000ae load:0x00000000
       65005000	      6401	80000f10	0519a223	sw	x17,68(x19)	 x19:0x8002cc60 x17:0xde337000 PA:0x8002cca4 store:0xde337000 load:0x00000000
       65015000	      6402	80000f14	0529a423	sw	x18,72(x19)	 x19:0x8002cc60 x18:0x000000fc PA:0x8002cca8 store:0x000000fc load:0x00000000
       65025000	      6403	80000f18	0539a623	sw	x19,76(x19)	 x19:0x8002cc60 x19:0x8002cc60 PA:0x8002ccac store:0x8002cc60 load:0x00000000
       65035000	      6404	80000f1c	0549a823	sw	x20,80(x19)	 x19:0x8002cc60 x20:0xffffff0b PA:0x8002ccb0 store:0xffffff0b load:0x00000000
       65045000	      6405	80000f20	0559aa23	sw	x21,84(x19)	 x19:0x8002cc60 x21:0x00000000 PA:0x8002ccb4 store:0x00000000 load:0x00000000
       65055000	      6406	80000f24	0569ac23	sw	x22,88(x19)	 x19:0x8002cc60 x22:0x0000007e PA:0x8002ccb8 store:0x0000007e load:0x00000000
       65065000	      6407	80000f28	0579ae23	sw	x23,92(x19)	 x19:0x8002cc60 x23:0x0000000c PA:0x8002ccbc store:0x0000000c load:0x00000000
       65075000	      6408	80000f2c	0789a023	sw	x24,96(x19)	 x19:0x8002cc60 x24:0x00000064 PA:0x8002ccc0 store:0x00000064 load:0x00000000
       65085000	      6409	80000f30	0799a223	sw	x25,100(x19)	 x19:0x8002cc60 x25:0x8002cce0 PA:0x8002ccc4 store:0x8002cce0 load:0x00000000
       65095000	      6410	80000f34	07a9a423	sw	x26,104(x19)	 x19:0x8002cc60 x26:0x10000000 PA:0x8002ccc8 store:0x10000000 load:0x00000000
       65105000	      6411	80000f38	07b9a623	sw	x27,108(x19)	 x19:0x8002cc60 x27:0x800133f1 PA:0x8002cccc store:0x800133f1 load:0x00000000
       65115000	      6412	80000f3c	07c9a823	sw	x28,112(x19)	 x19:0x8002cc60 x28:0x00000000 PA:0x8002ccd0 store:0x00000000 load:0x00000000
       65125000	      6413	80000f40	07d9aa23	sw	x29,116(x19)	 x19:0x8002cc60 x29:0x00000001 PA:0x8002ccd4 store:0x00000001 load:0x00000000
       65135000	      6414	80000f44	07e9ac23	sw	x30,120(x19)	 x19:0x8002cc60 x30:0x00000007 PA:0x8002ccd8 store:0x00000007 load:0x00000000
       65145000	      6415	80000f48	07f9ae23	sw	x31,124(x19)	 x19:0x8002cc60 x31:0xe6e2b844 PA:0x8002ccdc store:0xe6e2b844 load:0x00000000
       65155000	      6416	80000f4c	00098cb3	add	x25,x19,x0	 x19:0x8002cc60  x0:0x00000000 x25=0x8002cc60
       65165000	      6417	80000f50	90000b37	lui	x22,0x90000	 x22=0x90000000
       65175000	      6418	80000f54	1b71	c.addi	x22,-4	 x22:0x90000000 x22=0x8ffffffc
       65185000	      6419	80000f56	4619	c.li	x12,6	 x12=0x00000006
       65195000	      6420	80000f58	0622	c.slli	x12,0x8	 x12:0x00000006 x12=0x00000600
       65205000	      6421	80000f5a	00060613	addi	x12,x12,0	 x12:0x00000600 x12=0x00000600
       65215000	      6422	80000f5e	00cb2023	sw	x12,0(x22)	 x22:0x8ffffffc x12:0x00000600 PA:0x8ffffffc store:0x00000600 load:0x00000000
       65225000	      6423	80000f62	34202673	csrrs	x12,mcause,x0	  x0:0x00000000 x12=0x8000000b
       65235000	      6424	80000f66	827d	c.srli	x12,0x1f	 x12:0x8000000b x12=0x00000001
       65245000	      6425	80000f68	c63d	c.beqz	x12,80000fd6	 x12:0x00000001
       65255000	      6426	80000f6a	90000b37	lui	x22,0x90000	 x22=0x90000000
       65265000	      6427	80000f6e	1b71	c.addi	x22,-4	 x22:0x90000000 x22=0x8ffffffc
       65275000	      6428	80000f70	30000613	addi	x12,x0,768	  x0:0x00000000 x12=0x00000300
       65285000	      6429	80000f74	0622	c.slli	x12,0x8	 x12:0x00000300 x12=0x00030000
       65295000	      6430	80000f76	060d	c.addi	x12,3	 x12:0x00030000 x12=0x00030003
       65305000	      6431	80000f78	00cb2023	sw	x12,0(x22)	 x22:0x8ffffffc x12:0x00030003 PA:0x8ffffffc store:0x00030003 load:0x00000000
       65315000	      6432	80000f7c	30002673	csrrs	x12,mstatus,x0	  x0:0x00000000 x12=0x00001880
       65325000	      6433	80000f80	00cb2023	sw	x12,0(x22)	 x22:0x8ffffffc x12:0x00001880 PA:0x8ffffffc store:0x00001880 load:0x00000000
       65335000	      6434	80000f84	90000b37	lui	x22,0x90000	 x22=0x90000000
       65345000	      6435	80000f88	1b71	c.addi	x22,-4	 x22:0x90000000 x22=0x8ffffffc
       65355000	      6436	80000f8a	34200613	addi	x12,x0,834	  x0:0x00000000 x12=0x00000342
       65365000	      6437	80000f8e	0622	c.slli	x12,0x8	 x12:0x00000342 x12=0x00034200
       65375000	      6438	80000f90	060d	c.addi	x12,3	 x12:0x00034200 x12=0x00034203
       65385000	      6439	80000f92	00cb2023	sw	x12,0(x22)	 x22:0x8ffffffc x12:0x00034203 PA:0x8ffffffc store:0x00034203 load:0x00000000
       65395000	      6440	80000f96	34202673	csrrs	x12,mcause,x0	  x0:0x00000000 x12=0x8000000b
       65405000	      6441	80000f9a	00cb2023	sw	x12,0(x22)	 x22:0x8ffffffc x12:0x8000000b PA:0x8ffffffc store:0x8000000b load:0x00000000
       65415000	      6442	80000f9e	90000b37	lui	x22,0x90000	 x22=0x90000000
       65425000	      6443	80000fa2	1b71	c.addi	x22,-4	 x22:0x90000000 x22=0x8ffffffc
       65435000	      6444	80000fa4	30400613	addi	x12,x0,772	  x0:0x00000000 x12=0x00000304
       65445000	      6445	80000fa8	0622	c.slli	x12,0x8	 x12:0x00000304 x12=0x00030400
       65455000	      6446	80000faa	060d	c.addi	x12,3	 x12:0x00030400 x12=0x00030403
       65465000	      6447	80000fac	00cb2023	sw	x12,0(x22)	 x22:0x8ffffffc x12:0x00030403 PA:0x8ffffffc store:0x00030403 load:0x00000000
       65475000	      6448	80000fb0	30402673	csrrs	x12,mie,x0	  x0:0x00000000 x12=0x28ca0888
       65485000	      6449	80000fb4	00cb2023	sw	x12,0(x22)	 x22:0x8ffffffc x12:0x28ca0888 PA:0x8ffffffc store:0x28ca0888 load:0x00000000
       65495000	      6450	80000fb8	90000b37	lui	x22,0x90000	 x22=0x90000000
       65505000	      6451	80000fbc	1b71	c.addi	x22,-4	 x22:0x90000000 x22=0x8ffffffc
       65515000	      6452	80000fbe	34400613	addi	x12,x0,836	  x0:0x00000000 x12=0x00000344
       65525000	      6453	80000fc2	0622	c.slli	x12,0x8	 x12:0x00000344 x12=0x00034400
       65535000	      6454	80000fc4	060d	c.addi	x12,3	 x12:0x00034400 x12=0x00034403
       65545000	      6455	80000fc6	00cb2023	sw	x12,0(x22)	 x22:0x8ffffffc x12:0x00034403 PA:0x8ffffffc store:0x00034403 load:0x00000000
       65555000	      6456	80000fca	34402673	csrrs	x12,mip,x0	  x0:0x00000000 x12=0x00000000
       65565000	      6457	80000fce	00cb2023	sw	x12,0(x22)	 x22:0x8ffffffc x12:0x00000000 PA:0x8ffffffc store:0x00000000 load:0x00000000
       65575000	      6458	80000fd2	3871106f	jal	x0,80012b58	  x0=0x00000000
       65595000	      6460	80012b58	30002673	csrrs	x12,mstatus,x0	  x0:0x00000000 x12=0x00001880
       65605000	      6461	80012b5c	30402673	csrrs	x12,mie,x0	  x0:0x00000000 x12=0x28ca0888
       65615000	      6462	80012b60	34402673	csrrs	x12,mip,x0	  x0:0x00000000 x12=0x00000000
       65625000	      6463	80012b64	34463673	csrrc	x12,mip,x12	 x12:0x00000000 x12=0x00000000
       65655000	      6466	80012b68	90000b37	lui	x22,0x90000	 x22=0x90000000
       65665000	      6467	80012b6c	1b71	c.addi	x22,-4	 x22:0x90000000 x22=0x8ffffffc
       65675000	      6468	80012b6e	461d	c.li	x12,7	 x12=0x00000007
       65685000	      6469	80012b70	0622	c.slli	x12,0x8	 x12:0x00000007 x12=0x00000700
       65695000	      6470	80012b72	00060613	addi	x12,x12,0	 x12:0x00000700 x12=0x00000700
       65705000	      6471	80012b76	00cb2023	sw	x12,0(x22)	 x22:0x8ffffffc x12:0x00000700 PA:0x8ffffffc store:0x00000700 load:0x00000000
       65715000	      6472	80012b7a	000c89b3	add	x19,x25,x0	 x25:0x8002cc60  x0:0x00000000 x19=0x8002cc60
       65725000	      6473	80012b7e	0049a083	lw	x1,4(x19)	 x19:0x8002cc60  x1=0x000000bc PA:0x8002cc64 load:0x000000bc
       65735000	      6474	80012b82	0089a103	lw	x2,8(x19)	 x19:0x8002cc60  x2=0xfffffff0 PA:0x8002cc68 load:0xfffffff0
       65745000	      6475	80012b86	00c9a183	lw	x3,12(x19)	 x19:0x8002cc60  x3=0x545500bc PA:0x8002cc6c load:0x545500bc
       65755000	      6476	80012b8a	0109a203	lw	x4,16(x19)	 x19:0x8002cc60  x4=0x00000000 PA:0x8002cc70 load:0x00000000
       65765000	      6477	80012b8e	0149a283	lw	x5,20(x19)	 x19:0x8002cc60  x5=0x00000000 PA:0x8002cc74 load:0x00000000
       65775000	      6478	80012b92	0189a303	lw	x6,24(x19)	 x19:0x8002cc60  x6=0x00000001 PA:0x8002cc78 load:0x00000001
       65785000	      6479	80012b96	01c9a383	lw	x7,28(x19)	 x19:0x8002cc60  x7=0xffffffed PA:0x8002cc7c load:0xffffffed
       65795000	      6480	80012b9a	0209a403	lw	x8,32(x19)	 x19:0x8002cc60  x8=0x00000004 PA:0x8002cc80 load:0x00000004
       65805000	      6481	80012b9e	0249a483	lw	x9,36(x19)	 x19:0x8002cc60  x9=0x00000000 PA:0x8002cc84 load:0x00000000
       65815000	      6482	80012ba2	0289a503	lw	x10,40(x19)	 x19:0x8002cc60 x10=0x00000000 PA:0x8002cc88 load:0x00000000
       65825000	      6483	80012ba6	02c9a583	lw	x11,44(x19)	 x19:0x8002cc60 x11=0xfffffffb PA:0x8002cc8c load:0xfffffffb
       65835000	      6484	80012baa	0309a603	lw	x12,48(x19)	 x19:0x8002cc60 x12=0x0000001d PA:0x8002cc90 load:0x0000001d
       65845000	      6485	80012bae	0349a683	lw	x13,52(x19)	 x19:0x8002cc60 x13=0x00000000 PA:0x8002cc94 load:0x00000000
       65855000	      6486	80012bb2	0389a703	lw	x14,56(x19)	 x19:0x8002cc60 x14=0x8b3bb000 PA:0x8002cc98 load:0x8b3bb000
       65865000	      6487	80012bb6	03c9a783	lw	x15,60(x19)	 x19:0x8002cc60 x15=0x000000bc PA:0x8002cc9c load:0x000000bc
       65875000	      6488	80012bba	0409a803	lw	x16,64(x19)	 x19:0x8002cc60 x16=0x000000ae PA:0x8002cca0 load:0x000000ae
       65885000	      6489	80012bbe	0449a883	lw	x17,68(x19)	 x19:0x8002cc60 x17=0xde337000 PA:0x8002cca4 load:0xde337000
       65895000	      6490	80012bc2	0489a903	lw	x18,72(x19)	 x19:0x8002cc60 x18=0x000000fc PA:0x8002cca8 load:0x000000fc
       65905000	      6491	80012bc6	04c9a983	lw	x19,76(x19)	 x19:0x8002cc60 x19=0x8002cc60 PA:0x8002ccac load:0x8002cc60
       65925000	      6493	80012bca	0509aa03	lw	x20,80(x19)	 x19:0x8002cc60 x20=0xffffff0b PA:0x8002ccb0 load:0xffffff0b
       65935000	      6494	80012bce	0549aa83	lw	x21,84(x19)	 x19:0x8002cc60 x21=0x00000000 PA:0x8002ccb4 load:0x00000000
       65945000	      6495	80012bd2	0589ab03	lw	x22,88(x19)	 x19:0x8002cc60 x22=0x0000007e PA:0x8002ccb8 load:0x0000007e
       65955000	      6496	80012bd6	05c9ab83	lw	x23,92(x19)	 x19:0x8002cc60 x23=0x0000000c PA:0x8002ccbc load:0x0000000c
       65965000	      6497	80012bda	0609ac03	lw	x24,96(x19)	 x19:0x8002cc60 x24=0x00000064 PA:0x8002ccc0 load:0x00000064
       65975000	      6498	80012bde	0649ac83	lw	x25,100(x19)	 x19:0x8002cc60 x25=0x8002cce0 PA:0x8002ccc4 load:0x8002cce0
       65985000	      6499	80012be2	0689ad03	lw	x26,104(x19)	 x19:0x8002cc60 x26=0x10000000 PA:0x8002ccc8 load:0x10000000
       65995000	      6500	80012be6	06c9ad83	lw	x27,108(x19)	 x19:0x8002cc60 x27=0x800133f1 PA:0x8002cccc load:0x800133f1
       66005000	      6501	80012bea	0709ae03	lw	x28,112(x19)	 x19:0x8002cc60 x28=0x00000000 PA:0x8002ccd0 load:0x00000000
       66015000	      6502	80012bee	0749ae83	lw	x29,116(x19)	 x19:0x8002cc60 x29=0x00000001 PA:0x8002ccd4 load:0x00000001
       66025000	      6503	80012bf2	0789af03	lw	x30,120(x19)	 x19:0x8002cc60 x30=0x00000007 PA:0x8002ccd8 load:0x00000007
       66035000	      6504	80012bf6	07c9af83	lw	x31,124(x19)	 x19:0x8002cc60 x31=0xe6e2b844 PA:0x8002ccdc load:0xe6e2b844
       66045000	      6505	80012bfa	08098993	addi	x19,x19,128	 x19:0x8002cc60 x19=0x8002cce0
       66055000	      6506	80012bfe	00098cb3	add	x25,x19,x0	 x19:0x8002cce0  x0:0x00000000 x25=0x8002cce0
       66065000	      6507	80012c02	000ca983	lw	x19,0(x25)	 x25:0x8002cce0 x19=0x80028db8 PA:0x8002cce0 load:0x80028db8
       66075000	      6508	80012c06	0c91	c.addi	x25,4	 x25:0x8002cce0 x25=0x8002cce4
       66085000	      6509	80012c08	30200073	mret	
       66115000	      6512	8000d83c	117d	c.addi	x2,-1	  x2:0xfffffff0  x2=0xffffffef
       66125000	      6513	8000d83e	01312e33	slt	x28,x2,x19	  x2:0xffffffef x19:0x80028db8 x28=0x00000000
       66135000	      6514	8000d842	4675	c.li	x12,29	 x12=0x0000001d
       66145000	      6515	8000d844	66e1ef97	auipc	x31,0x66e1e	 x31=0xe6e2b844
       66155000	      6516	8000d848	8495	c.srai	x9,0x5	  x9:0x00000000  x9=0x00000000
       66195000	      6520	8000d84a	0394a233	mulhsu	x4,x9,x25	  x9:0x00000000 x25:0x8002cce4  x4=0x00000000
       66205000	      6521	8000d84e	0b25	c.addi	x22,9	 x22:0x0000007e x22=0x00000087
       66575000	      6558	8000d850	027c5a33	divu	x20,x24,x7	 x24:0x00000064  x7:0xffffffed x20=0x00000000
       66585000	      6559	8000d854	de3378b7	lui	x17,0xde337	 x17=0xde337000
       66595000	      6560	8000d858	fc715be3	bge	x2,x7,8000d82e	  x2:0xffffffef  x7:0xffffffed
       66615000	      6562	8000d82e	0001	c.addi	x0,0	  x0:0x00000000  x0=0x00000000
       66655000	      6566	8000d830	032c3033	mulhu	x0,x24,x18	 x24:0x00000064 x18:0x000000fc  x0=0x00000000
       66665000	      6567	8000d834	412f0a33	sub	x20,x30,x18	 x30:0x00000007 x18:0x000000fc x20=0xffffff0b
       66675000	      6568	8000d838	10500073	wfi	
