Time	Cycle	PC	Insn	Decoded instruction	Register and memory contents
        1055000	         6	80000080	40001db7	lui	x27,0x40001	 x27=0x40001000
        1065000	         7	80000084	106d8d93	addi	x27,x27,262	 x27:0x40001000 x27=0x40001106
        1075000	         8	80000088	301d9073	csrrw	x0,misa,x27	 x27:0x40001106  x0=0x00000000
        1105000	        11	8000008c	0002d697	auipc	x13,0x2d	 x13=0x8002d08c
        1115000	        12	80000090	c5868693	addi	x13,x13,-936	 x13:0x8002d08c x13=0x8002cce4
        1125000	        13	80000094	00002d97	auipc	x27,0x2	 x27=0x80002094
        1135000	        14	80000098	66cd8d93	addi	x27,x27,1644	 x27:0x80002094 x27=0x80002700
        1145000	        15	8000009c	001ded93	ori	x27,x27,1	 x27:0x80002700 x27=0x80002701
        1155000	        16	800000a0	305d9073	csrrw	x0,mtvec,x27	 x27:0x80002701  x0=0x00000000
        1185000	        19	800000a4	74725073	csrrwi	x0,0x747,4	  x0=0x00000000
        1215000	        22	800000a8	00003597	auipc	x11,0x3	 x11=0x800030a8
        1225000	        23	800000ac	41458593	addi	x11,x11,1044	 x11:0x800030a8 x11=0x800034bc
        1235000	        24	800000b0	4d81	c.li	x27,0	 x27=0x00000000
        1245000	        25	800000b2	95ee	c.add	x11,x27	 x11:0x800034bc x27:0x00000000 x11=0x800034bc
        1255000	        26	800000b4	8189	c.srli	x11,0x2	 x11:0x800034bc x11=0x20000d2f
        1265000	        27	800000b6	3b059073	csrrw	x0,pmpaddr0,x11	 x11:0x20000d2f  x0=0x00000000
        1295000	        30	800000ba	00003597	auipc	x11,0x3	 x11=0x800030ba
        1305000	        31	800000be	40258593	addi	x11,x11,1026	 x11:0x800030ba x11=0x800034bc
        1315000	        32	800000c2	11111db7	lui	x27,0x11111	 x27=0x11111000
        1325000	        33	800000c6	111d8d93	addi	x27,x27,273	 x27:0x11111000 x27=0x11111111
        1335000	        34	800000ca	95ee	c.add	x11,x27	 x11:0x800034bc x27:0x11111111 x11=0x911145cd
        1345000	        35	800000cc	8189	c.srli	x11,0x2	 x11:0x911145cd x11=0x24445173
        1355000	        36	800000ce	3b159073	csrrw	x0,pmpaddr1,x11	 x11:0x24445173  x0=0x00000000
        1385000	        39	800000d2	00003597	auipc	x11,0x3	 x11=0x800030d2
        1395000	        40	800000d6	3ea58593	addi	x11,x11,1002	 x11:0x800030d2 x11=0x800034bc
        1405000	        41	800000da	22222db7	lui	x27,0x22222	 x27=0x22222000
        1415000	        42	800000de	222d8d93	addi	x27,x27,546	 x27:0x22222000 x27=0x22222222
        1425000	        43	800000e2	95ee	c.add	x11,x27	 x11:0x800034bc x27:0x22222222 x11=0xa22256de
        1435000	        44	800000e4	8189	c.srli	x11,0x2	 x11:0xa22256de x11=0x288895b7
        1445000	        45	800000e6	3b259073	csrrw	x0,pmpaddr2,x11	 x11:0x288895b7  x0=0x00000000
        1475000	        48	800000ea	00003597	auipc	x11,0x3	 x11=0x800030ea
        1485000	        49	800000ee	3d258593	addi	x11,x11,978	 x11:0x800030ea x11=0x800034bc
        1495000	        50	800000f2	33333db7	lui	x27,0x33333	 x27=0x33333000
        1505000	        51	800000f6	333d8d93	addi	x27,x27,819	 x27:0x33333000 x27=0x33333333
        1515000	        52	800000fa	95ee	c.add	x11,x27	 x11:0x800034bc x27:0x33333333 x11=0xb33367ef
        1525000	        53	800000fc	8189	c.srli	x11,0x2	 x11:0xb33367ef x11=0x2cccd9fb
        1535000	        54	800000fe	3b359073	csrrw	x0,pmpaddr3,x11	 x11:0x2cccd9fb  x0=0x00000000
        1565000	        57	80000102	0f0f15b7	lui	x11,0xf0f1	 x11=0x0f0f1000
        1575000	        58	80000106	f0f58593	addi	x11,x11,-241	 x11:0x0f0f1000 x11=0x0f0f0f0f
        1585000	        59	8000010a	3a059073	csrrw	x0,pmpcfg0,x11	 x11:0x0f0f0f0f  x0=0x00000000
        1615000	        62	8000010e	00003597	auipc	x11,0x3	 x11=0x8000310e
        1625000	        63	80000112	3ae58593	addi	x11,x11,942	 x11:0x8000310e x11=0x800034bc
        1635000	        64	80000116	44444db7	lui	x27,0x44444	 x27=0x44444000
        1645000	        65	8000011a	444d8d93	addi	x27,x27,1092	 x27:0x44444000 x27=0x44444444
        1655000	        66	8000011e	95ee	c.add	x11,x27	 x11:0x800034bc x27:0x44444444 x11=0xc4447900
        1665000	        67	80000120	8189	c.srli	x11,0x2	 x11:0xc4447900 x11=0x31111e40
        1675000	        68	80000122	3b459073	csrrw	x0,pmpaddr4,x11	 x11:0x31111e40  x0=0x00000000
        1705000	        71	80000126	00003597	auipc	x11,0x3	 x11=0x80003126
        1715000	        72	8000012a	39658593	addi	x11,x11,918	 x11:0x80003126 x11=0x800034bc
        1725000	        73	8000012e	55555db7	lui	x27,0x55555	 x27=0x55555000
        1735000	        74	80000132	555d8d93	addi	x27,x27,1365	 x27:0x55555000 x27=0x55555555
        1745000	        75	80000136	95ee	c.add	x11,x27	 x11:0x800034bc x27:0x55555555 x11=0xd5558a11
        1755000	        76	80000138	8189	c.srli	x11,0x2	 x11:0xd5558a11 x11=0x35556284
        1765000	        77	8000013a	3b559073	csrrw	x0,pmpaddr5,x11	 x11:0x35556284  x0=0x00000000
        1795000	        80	8000013e	00003597	auipc	x11,0x3	 x11=0x8000313e
        1805000	        81	80000142	37e58593	addi	x11,x11,894	 x11:0x8000313e x11=0x800034bc
        1815000	        82	80000146	66666db7	lui	x27,0x66666	 x27=0x66666000
        1825000	        83	8000014a	666d8d93	addi	x27,x27,1638	 x27:0x66666000 x27=0x66666666
        1835000	        84	8000014e	95ee	c.add	x11,x27	 x11:0x800034bc x27:0x66666666 x11=0xe6669b22
        1845000	        85	80000150	8189	c.srli	x11,0x2	 x11:0xe6669b22 x11=0x3999a6c8
        1855000	        86	80000152	3b659073	csrrw	x0,pmpaddr6,x11	 x11:0x3999a6c8  x0=0x00000000
        1885000	        89	80000156	00003597	auipc	x11,0x3	 x11=0x80003156
        1895000	        90	8000015a	36658593	addi	x11,x11,870	 x11:0x80003156 x11=0x800034bc
        1905000	        91	8000015e	77777db7	lui	x27,0x77777	 x27=0x77777000
        1915000	        92	80000162	777d8d93	addi	x27,x27,1911	 x27:0x77777000 x27=0x77777777
        1925000	        93	80000166	95ee	c.add	x11,x27	 x11:0x800034bc x27:0x77777777 x11=0xf777ac33
        1935000	        94	80000168	8189	c.srli	x11,0x2	 x11:0xf777ac33 x11=0x3dddeb0c
        1945000	        95	8000016a	3b759073	csrrw	x0,pmpaddr7,x11	 x11:0x3dddeb0c  x0=0x00000000
        1975000	        98	8000016e	0f0f15b7	lui	x11,0xf0f1	 x11=0x0f0f1000
        1985000	        99	80000172	f0f58593	addi	x11,x11,-241	 x11:0x0f0f1000 x11=0x0f0f0f0f
        1995000	       100	80000176	3a159073	csrrw	x0,pmpcfg1,x11	 x11:0x0f0f0f0f  x0=0x00000000
        2025000	       103	8000017a	00003597	auipc	x11,0x3	 x11=0x8000317a
        2035000	       104	8000017e	34258593	addi	x11,x11,834	 x11:0x8000317a x11=0x800034bc
        2045000	       105	80000182	88889db7	lui	x27,0x88889	 x27=0x88889000
        2055000	       106	80000186	888d8d93	addi	x27,x27,-1912	 x27:0x88889000 x27=0x88888888
        2065000	       107	8000018a	95ee	c.add	x11,x27	 x11:0x800034bc x27:0x88888888 x11=0x0888bd44
        2075000	       108	8000018c	8189	c.srli	x11,0x2	 x11:0x0888bd44 x11=0x02222f51
        2085000	       109	8000018e	3b859073	csrrw	x0,pmpaddr8,x11	 x11:0x02222f51  x0=0x00000000
        2115000	       112	80000192	00003597	auipc	x11,0x3	 x11=0x80003192
        2125000	       113	80000196	32a58593	addi	x11,x11,810	 x11:0x80003192 x11=0x800034bc
        2135000	       114	8000019a	9999adb7	lui	x27,0x9999a	 x27=0x9999a000
        2145000	       115	8000019e	999d8d93	addi	x27,x27,-1639	 x27:0x9999a000 x27=0x99999999
        2155000	       116	800001a2	95ee	c.add	x11,x27	 x11:0x800034bc x27:0x99999999 x11=0x1999ce55
        2165000	       117	800001a4	8189	c.srli	x11,0x2	 x11:0x1999ce55 x11=0x06667395
        2175000	       118	800001a6	3b959073	csrrw	x0,pmpaddr9,x11	 x11:0x06667395  x0=0x00000000
        2205000	       121	800001aa	00003597	auipc	x11,0x3	 x11=0x800031aa
        2215000	       122	800001ae	31258593	addi	x11,x11,786	 x11:0x800031aa x11=0x800034bc
        2225000	       123	800001b2	aaaabdb7	lui	x27,0xaaaab	 x27=0xaaaab000
        2235000	       124	800001b6	aaad8d93	addi	x27,x27,-1366	 x27:0xaaaab000 x27=0xaaaaaaaa
        2245000	       125	800001ba	95ee	c.add	x11,x27	 x11:0x800034bc x27:0xaaaaaaaa x11=0x2aaadf66
        2255000	       126	800001bc	8189	c.srli	x11,0x2	 x11:0x2aaadf66 x11=0x0aaab7d9
        2265000	       127	800001be	3ba59073	csrrw	x0,pmpaddr10,x11	 x11:0x0aaab7d9  x0=0x00000000
        2295000	       130	800001c2	00003597	auipc	x11,0x3	 x11=0x800031c2
        2305000	       131	800001c6	2fa58593	addi	x11,x11,762	 x11:0x800031c2 x11=0x800034bc
        2315000	       132	800001ca	bbbbcdb7	lui	x27,0xbbbbc	 x27=0xbbbbc000
        2325000	       133	800001ce	bbbd8d93	addi	x27,x27,-1093	 x27:0xbbbbc000 x27=0xbbbbbbbb
        2335000	       134	800001d2	95ee	c.add	x11,x27	 x11:0x800034bc x27:0xbbbbbbbb x11=0x3bbbf077
        2345000	       135	800001d4	8189	c.srli	x11,0x2	 x11:0x3bbbf077 x11=0x0eeefc1d
        2355000	       136	800001d6	3bb59073	csrrw	x0,pmpaddr11,x11	 x11:0x0eeefc1d  x0=0x00000000
        2385000	       139	800001da	0f0f15b7	lui	x11,0xf0f1	 x11=0x0f0f1000
        2395000	       140	800001de	f0f58593	addi	x11,x11,-241	 x11:0x0f0f1000 x11=0x0f0f0f0f
        2405000	       141	800001e2	3a259073	csrrw	x0,pmpcfg2,x11	 x11:0x0f0f0f0f  x0=0x00000000
        2435000	       144	800001e6	00003597	auipc	x11,0x3	 x11=0x800031e6
        2445000	       145	800001ea	2d658593	addi	x11,x11,726	 x11:0x800031e6 x11=0x800034bc
        2455000	       146	800001ee	ccccddb7	lui	x27,0xccccd	 x27=0xccccd000
        2465000	       147	800001f2	cccd8d93	addi	x27,x27,-820	 x27:0xccccd000 x27=0xcccccccc
        2475000	       148	800001f6	95ee	c.add	x11,x27	 x11:0x800034bc x27:0xcccccccc x11=0x4ccd0188
        2485000	       149	800001f8	8189	c.srli	x11,0x2	 x11:0x4ccd0188 x11=0x13334062
        2495000	       150	800001fa	3bc59073	csrrw	x0,pmpaddr12,x11	 x11:0x13334062  x0=0x00000000
        2525000	       153	800001fe	00003597	auipc	x11,0x3	 x11=0x800031fe
        2535000	       154	80000202	2be58593	addi	x11,x11,702	 x11:0x800031fe x11=0x800034bc
        2545000	       155	80000206	ddddedb7	lui	x27,0xdddde	 x27=0xdddde000
        2555000	       156	8000020a	dddd8d93	addi	x27,x27,-547	 x27:0xdddde000 x27=0xdddddddd
        2565000	       157	8000020e	95ee	c.add	x11,x27	 x11:0x800034bc x27:0xdddddddd x11=0x5dde1299
        2575000	       158	80000210	8189	c.srli	x11,0x2	 x11:0x5dde1299 x11=0x177784a6
        2585000	       159	80000212	3bd59073	csrrw	x0,pmpaddr13,x11	 x11:0x177784a6  x0=0x00000000
        2615000	       162	80000216	00003597	auipc	x11,0x3	 x11=0x80003216
        2625000	       163	8000021a	2a658593	addi	x11,x11,678	 x11:0x80003216 x11=0x800034bc
        2635000	       164	8000021e	eeeefdb7	lui	x27,0xeeeef	 x27=0xeeeef000
        2645000	       165	80000222	eeed8d93	addi	x27,x27,-274	 x27:0xeeeef000 x27=0xeeeeeeee
        2655000	       166	80000226	95ee	c.add	x11,x27	 x11:0x800034bc x27:0xeeeeeeee x11=0x6eef23aa
        2665000	       167	80000228	8189	c.srli	x11,0x2	 x11:0x6eef23aa x11=0x1bbbc8ea
        2675000	       168	8000022a	3be59073	csrrw	x0,pmpaddr14,x11	 x11:0x1bbbc8ea  x0=0x00000000
        2705000	       171	8000022e	00003597	auipc	x11,0x3	 x11=0x8000322e
        2715000	       172	80000232	28e58593	addi	x11,x11,654	 x11:0x8000322e x11=0x800034bc
        2725000	       173	80000236	fff00d93	addi	x27,x0,-1	  x0:0x00000000 x27=0xffffffff
        2735000	       174	8000023a	95ee	c.add	x11,x27	 x11:0x800034bc x27:0xffffffff x11=0x800034bb
        2745000	       175	8000023c	8189	c.srli	x11,0x2	 x11:0x800034bb x11=0x20000d2e
        2755000	       176	8000023e	3bf59073	csrrw	x0,pmpaddr15,x11	 x11:0x20000d2e  x0=0x00000000
        2785000	       179	80000242	0f0f15b7	lui	x11,0xf0f1	 x11=0x0f0f1000
        2795000	       180	80000246	f0f58593	addi	x11,x11,-241	 x11:0x0f0f1000 x11=0x0f0f0f0f
        2805000	       181	8000024a	3a359073	csrrw	x0,pmpcfg3,x11	 x11:0x0f0f0f0f  x0=0x00000000
        2835000	       184	8000024e	00000d97	auipc	x27,0x0	 x27=0x8000024e
        2845000	       185	80000252	06ad8d93	addi	x27,x27,106	 x27:0x8000024e x27=0x800002b8
        2855000	       186	80000256	341d9073	csrrw	x0,mepc,x27	 x27:0x800002b8  x0=0x00000000
        2865000	       187	8000025a	7c00d073	csrrwi	x0,0x7c0,1	  x0=0x00000000
        2895000	       190	8000025e	6ac00db7	lui	x27,0x6ac00	 x27=0x6ac00000
        2905000	       191	80000262	0b6d8d93	addi	x27,x27,182	 x27:0x6ac00000 x27=0x6ac000b6
        2915000	       192	80000266	300d9073	csrrw	x0,mstatus,x27	 x27:0x6ac000b6  x0=0x00000000
        2945000	       195	8000026a	80369db7	lui	x27,0x80369	 x27=0x80369000
        2955000	       196	8000026e	1dfd	c.addi	x27,-1	 x27:0x80369000 x27=0x80368fff
        2965000	       197	80000270	304d9073	csrrw	x0,mie,x27	 x27:0x80368fff  x0=0x00000000
        2995000	       200	80000274	90000d37	lui	x26,0x90000	 x26=0x90000000
        3005000	       201	80000278	1d71	c.addi	x26,-4	 x26:0x90000000 x26=0x8ffffffc
        3015000	       202	8000027a	90000d37	lui	x26,0x90000	 x26=0x90000000
        3025000	       203	8000027e	1d71	c.addi	x26,-4	 x26:0x90000000 x26=0x8ffffffc
        3035000	       204	80000280	90000d37	lui	x26,0x90000	 x26=0x90000000
        3045000	       205	80000284	1d71	c.addi	x26,-4	 x26:0x90000000 x26=0x8ffffffc
        3055000	       206	80000286	30000d93	addi	x27,x0,768	  x0:0x00000000 x27=0x00000300
        3065000	       207	8000028a	0da2	c.slli	x27,0x8	 x27:0x00000300 x27=0x00030000
        3075000	       208	8000028c	0d8d	c.addi	x27,3	 x27:0x00030000 x27=0x00030003
        3085000	       209	8000028e	01bd2023	sw	x27,0(x26)	 x26:0x8ffffffc x27:0x00030003 PA:0x8ffffffc store:0x00030003 load:0x00000000
        3095000	       210	80000292	30002df3	csrrs	x27,mstatus,x0	  x0:0x00000000 x27=0x00000080
        3105000	       211	80000296	01bd2023	sw	x27,0(x26)	 x26:0x8ffffffc x27:0x00000080 PA:0x8ffffffc store:0x00000080 load:0x00000000
        3115000	       212	8000029a	90000d37	lui	x26,0x90000	 x26=0x90000000
        3125000	       213	8000029e	1d71	c.addi	x26,-4	 x26:0x90000000 x26=0x8ffffffc
        3135000	       214	800002a0	30400d93	addi	x27,x0,772	  x0:0x00000000 x27=0x00000304
        3145000	       215	800002a4	0da2	c.slli	x27,0x8	 x27:0x00000304 x27=0x00030400
        3155000	       216	800002a6	0d8d	c.addi	x27,3	 x27:0x00030400 x27=0x00030403
        3165000	       217	800002a8	01bd2023	sw	x27,0(x26)	 x26:0x8ffffffc x27:0x00030403 PA:0x8ffffffc store:0x00030403 load:0x00000000
        3175000	       218	800002ac	30402df3	csrrs	x27,mie,x0	  x0:0x00000000 x27=0x00360888
        3185000	       219	800002b0	01bd2023	sw	x27,0(x26)	 x26:0x8ffffffc x27:0x00360888 PA:0x8ffffffc store:0x00360888 load:0x00000000
        3195000	       220	800002b4	30200073	mret	
        3225000	       223	800002b8	00100013	addi	x0,x0,1	  x0:0x00000000  x0=0x00000000
        3235000	       224	800002bc	49ecc0b7	lui	x1,0x49ecc	  x1=0x49ecc000
        3245000	       225	800002c0	08708093	addi	x1,x1,135	  x1:0x49ecc000  x1=0x49ecc087
        3255000	       226	800002c4	4101	c.li	x2,0	  x2=0x00000000
        3265000	       227	800002c6	800001b7	lui	x3,0x80000	  x3=0x80000000
        3275000	       228	800002ca	80000237	lui	x4,0x80000	  x4=0x80000000
        3285000	       229	800002ce	4281	c.li	x5,0	  x5=0x00000000
        3295000	       230	800002d0	80000337	lui	x6,0x80000	  x6=0x80000000
        3305000	       231	800002d4	800003b7	lui	x7,0x80000	  x7=0x80000000
        3315000	       232	800002d8	4435	c.li	x8,13	  x8=0x0000000d
        3325000	       233	800002da	f3c464b7	lui	x9,0xf3c46	  x9=0xf3c46000
        3335000	       234	800002de	49248493	addi	x9,x9,1170	  x9:0xf3c46000  x9=0xf3c46492
        3345000	       235	800002e2	7db24537	lui	x10,0x7db24	 x10=0x7db24000
        3355000	       236	800002e6	02d50513	addi	x10,x10,45	 x10:0x7db24000 x10=0x7db2402d
        3365000	       237	800002ea	f1e8b5b7	lui	x11,0xf1e8b	 x11=0xf1e8b000
        3375000	       238	800002ee	1fd58593	addi	x11,x11,509	 x11:0xf1e8b000 x11=0xf1e8b1fd
        3385000	       239	800002f2	ea41f637	lui	x12,0xea41f	 x12=0xea41f000
        3395000	       240	800002f6	80f60613	addi	x12,x12,-2033	 x12:0xea41f000 x12=0xea41e80f
        3405000	       241	800002fa	4715	c.li	x14,5	 x14=0x00000005
        3415000	       242	800002fc	4781	c.li	x15,0	 x15=0x00000000
        3425000	       243	800002fe	80000837	lui	x16,0x80000	 x16=0x80000000
        3435000	       244	80000302	800008b7	lui	x17,0x80000	 x17=0x80000000
        3445000	       245	80000306	80000937	lui	x18,0x80000	 x18=0x80000000
        3455000	       246	8000030a	247fa9b7	lui	x19,0x247fa	 x19=0x247fa000
        3465000	       247	8000030e	13498993	addi	x19,x19,308	 x19:0x247fa000 x19=0x247fa134
        3475000	       248	80000312	80000a37	lui	x20,0x80000	 x20=0x80000000
        3485000	       249	80000316	3377aab7	lui	x21,0x3377a	 x21=0x3377a000
        3495000	       250	8000031a	6b3a8a93	addi	x21,x21,1715	 x21:0x3377a000 x21=0x3377a6b3
        3505000	       251	8000031e	4b39	c.li	x22,14	 x22=0x0000000e
        3515000	       252	80000320	80000c37	lui	x24,0x80000	 x24=0x80000000
        3525000	       253	80000324	e4118cb7	lui	x25,0xe4118	 x25=0xe4118000
        3535000	       254	80000328	4b0c8c93	addi	x25,x25,1200	 x25:0xe4118000 x25=0xe41184b0
        3545000	       255	8000032c	ff8e3d37	lui	x26,0xff8e3	 x26=0xff8e3000
        3555000	       256	80000330	42dd0d13	addi	x26,x26,1069	 x26:0xff8e3000 x26=0xff8e342d
        3565000	       257	80000334	4d81	c.li	x27,0	 x27=0x00000000
        3575000	       258	80000336	f756ee37	lui	x28,0xf756e	 x28=0xf756e000
        3585000	       259	8000033a	58be0e13	addi	x28,x28,1419	 x28:0xf756e000 x28=0xf756e58b
        3595000	       260	8000033e	b0c56eb7	lui	x29,0xb0c56	 x29=0xb0c56000
        3605000	       261	80000342	673e8e93	addi	x29,x29,1651	 x29:0xb0c56000 x29=0xb0c56673
        3615000	       262	80000346	f208df37	lui	x30,0xf208d	 x30=0xf208d000
        3625000	       263	8000034a	d6cf0f13	addi	x30,x30,-660	 x30:0xf208d000 x30=0xf208cd6c
        3635000	       264	8000034e	09249fb7	lui	x31,0x9249	 x31=0x09249000
        3645000	       265	80000352	2b6f8f93	addi	x31,x31,694	 x31:0x09249000 x31=0x092492b6
        3655000	       266	80000356	00029b97	auipc	x23,0x29	 x23=0x80029356
        3665000	       267	8000035a	b0eb8b93	addi	x23,x23,-1266	 x23:0x80029356 x23=0x80028e64
        3675000	       268	8000035e	90000d37	lui	x26,0x90000	 x26=0x90000000
        3685000	       269	80000362	1d71	c.addi	x26,-4	 x26:0x90000000 x26=0x8ffffffc
        3695000	       270	80000364	4d81	c.li	x27,0	 x27=0x00000000
        3705000	       271	80000366	0da2	c.slli	x27,0x8	 x27:0x00000000 x27=0x00000000
        3715000	       272	80000368	000d8d93	addi	x27,x27,0	 x27:0x00000000 x27=0x00000000
        3725000	       273	8000036c	01bd2023	sw	x27,0(x26)	 x26:0x8ffffffc x27:0x00000000 PA:0x8ffffffc store:0x00000000 load:0x00000000
        3735000	       274	80000370	14c0306f	jal	x0,800034bc	  x0=0x00000000
        3755000	       276	800034bc	00010297	auipc	x5,0x10	  x5=0x800134bc
        3765000	       277	800034c0	52728293	addi	x5,x5,1319	  x5:0x800134bc  x5=0x800139e3
        3775000	       278	800034c4	008a1433	sll	x8,x20,x8	 x20:0x80000000  x8:0x0000000d  x8=0x00000000
        3785000	       279	800034c8	0a92aa03	lw	x20,169(x5)	  x5:0x800139e3 x20=0x51210c8a PA:0x80013a8c load:0x51210c8a
        3795000	       280	800034cc	0a92d883	lhu	x17,169(x5)	  x5:0x800139e3 x17=0x00000c8a PA:0x80013a8c load:0x00000c8a
        3805000	       281	800034d0	0a32a4a3	sw	x3,169(x5)	  x5:0x800139e3  x3:0x80000000 PA:0x80013a8c store:0x80000000 load:0x00000000
        3815000	       282	800034d4	0a92a103	lw	x2,169(x5)	  x5:0x800139e3  x2=0x80000000 PA:0x80013a8c load:0x80000000
        3825000	       283	800034d8	0a92aa03	lw	x20,169(x5)	  x5:0x800139e3 x20=0x80000000 PA:0x80013a8c load:0x80000000
        3835000	       284	800034dc	0b3284a3	sb	x19,169(x5)	  x5:0x800139e3 x19:0x247fa134 PA:0x80013a8c store:0x247fa134 load:0x00000000
        3845000	       285	800034e0	0a92d783	lhu	x15,169(x5)	  x5:0x800139e3 x15=0x00000034 PA:0x80013a8c load:0x00000034
        3855000	       286	800034e4	0001	c.addi	x0,0	  x0:0x00000000  x0=0x00000000
        3865000	       287	800034e6	57fd	c.li	x15,-1	 x15=0xffffffff
        3875000	       288	800034e8	0a929c83	lh	x25,169(x5)	  x5:0x800139e3 x25=0x00000034 PA:0x80013a8c load:0x00000034
        3885000	       289	800034ec	015f0533	add	x10,x30,x21	 x30:0xf208cd6c x21:0x3377a6b3 x10=0x2580741f
        3895000	       290	800034f0	0be294a3	sh	x30,169(x5)	  x5:0x800139e3 x30:0xf208cd6c PA:0x80013a8c store:0xf208cd6c load:0x00000000
        3905000	       291	800034f4	6439	c.lui	x8,0xe	  x8=0x0000e000
        3915000	       292	800034f6	f372dd03	lhu	x26,-201(x5)	  x5:0x800139e3 x26=0x0000bab0 PA:0x8001391a load:0x0000bab0
        3925000	       293	800034fa	f3729383	lh	x7,-201(x5)	  x5:0x800139e3  x7=0xffffbab0 PA:0x8001391a load:0xffffbab0
        3935000	       294	800034fe	0000100f	fence.i	
        3965000	       297	80003502	f3c29ba3	sh	x28,-201(x5)	  x5:0x800139e3 x28:0xf756e58b PA:0x8001391a store:0xf756e58b load:0x00000000
        3975000	       298	80003506	f2d29ba3	sh	x13,-201(x5)	  x5:0x800139e3 x13:0x8002cce4 PA:0x8001391a store:0x8002cce4 load:0x00000000
        3985000	       299	8000350a	0c1292a3	sh	x1,197(x5)	  x5:0x800139e3  x1:0x49ecc087 PA:0x80013aa8 store:0x49ecc087 load:0x00000000
        3995000	       300	8000350e	0d5282a3	sb	x21,197(x5)	  x5:0x800139e3 x21:0x3377a6b3 PA:0x80013aa8 store:0x3377a6b3 load:0x00000000
        4005000	       301	80003512	0c528e03	lb	x28,197(x5)	  x5:0x800139e3 x28=0xffffffb3 PA:0x80013aa8 load:0xffffffb3
        4015000	       302	80003516	0da292a3	sh	x26,197(x5)	  x5:0x800139e3 x26:0x0000bab0 PA:0x80013aa8 store:0x0000bab0 load:0x00000000
        4025000	       303	8000351a	00010117	auipc	x2,0x10	  x2=0x8001351a
        4035000	       304	8000351e	0ab10113	addi	x2,x2,171	  x2:0x8001351a  x2=0x800135c5
        4045000	       305	80003522	1303a393	slti	x7,x7,304	  x7:0xffffbab0  x7=0x00000001
        4055000	       306	80003526	997d	c.andi	x10,-1	 x10:0x2580741f x10=0x2580741f
        4065000	       307	80003528	01614503	lbu	x10,22(x2)	  x2:0x800135c5 x10=0x00000029 PA:0x800135db load:0x00000029
        4075000	       308	8000352c	24a241b7	lui	x3,0x24a24	  x3=0x24a24000
        4085000	       309	80003530	00191193	slli	x3,x18,0x1	 x18:0x80000000  x3=0x00000000
        4095000	       310	80003534	01010383	lb	x7,16(x2)	  x2:0x800135c5  x7=0xffffffa8 PA:0x800135d5 load:0xffffffa8
        4105000	       311	80003538	00a1d733	srl	x14,x3,x10	  x3:0x00000000 x10:0x00000029 x14=0x00000000
        4115000	       312	8000353c	02f14703	lbu	x14,47(x2)	  x2:0x800135c5 x14=0x0000006f PA:0x800135f4 load:0x0000006f
        4125000	       313	80003540	00e89913	slli	x18,x17,0xe	 x17:0x00000c8a x18=0x03228000
        4135000	       314	80003544	01110923	sb	x17,18(x2)	  x2:0x800135c5 x17:0x00000c8a PA:0x800135d7 store:0x00000c8a load:0x00000000
        4145000	       315	80003548	8769	c.srai	x14,0x1a	 x14:0x0000006f x14=0x00000000
        4155000	       316	8000354a	0ff0000f	fence	iorw,iorw	
        4165000	       317	8000354e	18fd	c.addi	x17,-1	 x17:0x00000c8a x17=0x00000c89
        4175000	       318	80003550	ff211ea3	sh	x18,-3(x2)	  x2:0x800135c5 x18:0x03228000 PA:0x800135c2 store:0x03228000 load:0x00000000
        4185000	       319	80003554	df257537	lui	x10,0xdf257	 x10=0xdf257000
        4195000	       320	80003558	fed11883	lh	x17,-19(x2)	  x2:0x800135c5 x17=0x00004ee2 PA:0x800135b2 load:0x00004ee2
        4205000	       321	8000355c	fc111883	lh	x17,-63(x2)	  x2:0x800135c5 x17=0x000075a6 PA:0x80013586 load:0x000075a6
        4215000	       322	80003560	01210023	sb	x18,0(x2)	  x2:0x800135c5 x18:0x03228000 PA:0x800135c5 store:0x03228000 load:0x00000000
        4225000	       323	80003564	8779	c.srai	x14,0x1e	 x14:0x00000000 x14=0x00000000
        4235000	       324	80003566	01014183	lbu	x3,16(x2)	  x2:0x800135c5  x3=0x000000a8 PA:0x800135d5 load:0x000000a8
        4245000	       325	8000356a	834d	c.srli	x14,0x13	 x14:0x00000000 x14=0x00000000
        4255000	       326	8000356c	d0bc6517	auipc	x10,0xd0bc6	 x10=0x50bc956c
        4265000	       327	80003570	03210523	sb	x18,42(x2)	  x2:0x800135c5 x18:0x03228000 PA:0x800135ef store:0x03228000 load:0x00000000
        4275000	       328	80003574	8d09	c.sub	x10,x10	 x10:0x50bc956c x10:0x50bc956c x10=0x00000000
        4285000	       329	80003576	40a95533	sra	x10,x18,x10	 x18:0x03228000 x10:0x00000000 x10=0x03228000
        4295000	       330	8000357a	fee10623	sb	x14,-20(x2)	  x2:0x800135c5 x14:0x00000000 PA:0x800135b1 store:0x00000000 load:0x00000000
        4305000	       331	8000357e	871d	c.srai	x14,0x7	 x14:0x00000000 x14=0x00000000
        4315000	       332	80003580	0073a8b3	slt	x17,x7,x7	  x7:0xffffffa8  x7:0xffffffa8 x17=0x00000000
        4325000	       333	80003584	01e14383	lbu	x7,30(x2)	  x2:0x800135c5  x7=0x000000bd PA:0x800135e3 load:0x000000bd
        4335000	       334	80003588	01190733	add	x14,x18,x17	 x18:0x03228000 x17:0x00000000 x14=0x03228000
        4345000	       335	8000358c	a7d1e513	ori	x10,x3,-1411	  x3:0x000000a8 x10=0xfffffafd
        4355000	       336	80003590	0000100f	fence.i	
        4375000	       338	80003594	68d5	c.lui	x17,0x15	 x17=0x00015000
        4385000	       339	80003596	01914383	lbu	x7,25(x2)	  x2:0x800135c5  x7=0x000000c6 PA:0x800135de load:0x000000c6
        4755000	       376	8000359a	02374533	div	x10,x14,x3	 x14:0x03228000  x3:0x000000a8 x10=0x0004c6db
        4765000	       377	8000359e	fd1104a3	sb	x17,-55(x2)	  x2:0x800135c5 x17:0x00015000 PA:0x8001358e store:0x00015000 load:0x00000000
        4775000	       378	800035a2	fd114503	lbu	x10,-47(x2)	  x2:0x800135c5 x10=0x00000097 PA:0x80013596 load:0x00000097
        4785000	       379	800035a6	8b55	c.andi	x14,21	 x14:0x03228000 x14=0x00000000
        4795000	       380	800035a8	b4d56917	auipc	x18,0xb4d56	 x18=0x34d595a8
        4805000	       381	800035ac	01d5	c.addi	x3,21	  x3:0x000000a8  x3=0x000000bd
        4815000	       382	800035ae	40a95533	sra	x10,x18,x10	 x18:0x34d595a8 x10:0x00000097 x10=0x00000069
        5185000	       419	800035b2	02a3e8b3	rem	x17,x7,x10	  x7:0x000000c6 x10:0x00000069 x17=0x0000005d
        5195000	       420	800035b6	003123a3	sw	x3,7(x2)	  x2:0x800135c5  x3:0x000000bd PA:0x800135cc store:0x000000bd load:0x00000000
        5205000	       421	800035ba	42a1	c.li	x5,8	  x5=0x00000008
        5225000	       423	800035bc	020d7333	remu	x6,x26,x0	 x26:0x0000bab0  x0:0x00000000  x6=0x0000bab0
        5235000	       424	800035c0	0001	c.addi	x0,0	  x0:0x00000000  x0=0x00000000
        5245000	       425	800035c2	0680	c.addi4spn	x8,x2,832	  x8=0x80013905
        5255000	       426	800035c4	01ec17b3	sll	x15,x24,x30	 x24:0x80000000 x30:0xf208cd6c x15=0x00000000
        5265000	       427	800035c8	01eddc93	srli	x25,x27,0x1e	 x27:0x00000000 x25=0x00000000
        5275000	       428	800035cc	0012b1b3	sltu	x3,x5,x1	  x5:0x00000008  x1:0x49ecc087  x3=0x00000001
        5285000	       429	800035d0	e2638493	addi	x9,x7,-474	  x7:0x000000c6  x9=0xfffffeec
        5295000	       430	800035d4	997d	c.andi	x10,-1	 x10:0x00000069 x10=0x00000069
        5305000	       431	800035d6	4c5c0e13	addi	x28,x24,1221	 x24:0x80000000 x28=0x800004c5
        5315000	       432	800035da	0096a833	slt	x16,x13,x9	 x13:0x8002cce4  x9:0xfffffeec x16=0x00000001
        5325000	       433	800035de	409d	c.li	x1,7	  x1=0x00000007
        5335000	       434	800035e0	00e277b3	and	x15,x4,x14	  x4:0x80000000 x14:0x00000000 x15=0x00000000
        5345000	       435	800035e4	010a1893	slli	x17,x20,0x10	 x20:0x80000000 x17=0x00000000
        5355000	       436	800035e8	0a25	c.addi	x20,9	 x20:0x80000000 x20=0x80000009
        5365000	       437	800035ea	729df493	andi	x9,x27,1833	 x27:0x00000000  x9=0x00000000
        5375000	       438	800035ee	12ed	c.addi	x5,-5	  x5:0x00000008  x5=0x00000003
        5385000	       439	800035f0	fe1bc413	xori	x8,x23,-31	 x23:0x80028e64  x8=0x7ffd7185
        5395000	       440	800035f4	9c177f13	andi	x30,x14,-1599	 x14:0x00000000 x30=0x00000000
        5405000	       441	800035f8	416d0433	sub	x8,x26,x22	 x26:0x0000bab0 x22:0x0000000e  x8=0x0000baa2
        5415000	       442	800035fc	fe12f6e3	bgeu	x5,x1,800035e8	  x5:0x00000003  x1:0x00000007
        5425000	       443	80003600	00b41893	slli	x17,x8,0xb	  x8:0x0000baa2 x17=0x05d51000
        5435000	       444	80003604	01c000ef	jal	x1,80003620	  x1=0x80003608
        5455000	       446	80003620	ff1ff36f	jal	x6,80003610	  x6=0x80003624
        5475000	       448	80003610	a00d	c.j	80003632	
        5495000	       450	80003632	bff5	c.j	8000362e	
        5515000	       452	8000362e	b7f5	c.j	8000361a	
        5545000	       455	8000361a	ff9ff8ef	jal	x17,80003612	 x17=0x8000361e
        5565000	       457	80003612	3fdd	c.jal	80003608	  x1=0x80003614
        5585000	       459	80003608	02c000ef	jal	x1,80003634	  x1=0x8000360c
        5605000	       461	80003634	fe1ff0ef	jal	x1,80003614	  x1=0x80003638
        5625000	       463	80003614	2811	c.jal	80003628	  x1=0x80003616
        5645000	       465	80003628	2811	c.jal	8000363c	  x1=0x8000362a
        5665000	       467	8000363c	fdbff0ef	jal	x1,80003616	  x1=0x80003640
        5695000	       470	80003616	008004ef	jal	x9,8000361e	  x9=0x8000361a
        5715000	       472	8000361e	a031	c.j	8000362a	
        5745000	       475	8000362a	006007ef	jal	x15,80003630	 x15=0x8000362e
        5765000	       477	80003630	a029	c.j	8000363a	
        5785000	       479	8000363a	bffd	c.j	80003638	
        5805000	       481	80003638	37f5	c.jal	80003624	  x1=0x8000363a
        5825000	       483	80003624	fe9ff36f	jal	x6,8000360c	  x6=0x80003628
        5845000	       485	8000360c	0340036f	jal	x6,80003640	  x6=0x80003610
        5865000	       487	80003640	f63e5197	auipc	x3,0xf63e5	  x3=0x763e8640
        5875000	       488	80003644	00018d17	auipc	x26,0x18	 x26=0x8001b644
        5885000	       489	80003648	be5d0d13	addi	x26,x26,-1051	 x26:0x8001b644 x26=0x8001b229
        5895000	       490	8000364c	f62d4c83	lbu	x25,-158(x26)	 x26:0x8001b229 x25=0x00000088 PA:0x8001b18b load:0x00000088
        5905000	       491	80003650	8e59	c.or	x12,x14	 x12:0xea41e80f x14:0x00000000 x12=0xea41e80f
        5915000	       492	80003652	207c4f93	xori	x31,x24,519	 x24:0x80000000 x31=0x80000207
        5925000	       493	80003656	64b9	c.lui	x9,0xe	  x9=0x0000e000
        5935000	       494	80003658	fa7d0da3	sb	x7,-69(x26)	 x26:0x8001b229  x7:0x000000c6 PA:0x8001b1e4 store:0x000000c6 load:0x00000000
        5945000	       495	8000365c	0001	c.addi	x0,0	  x0:0x00000000  x0=0x00000000
        5955000	       496	8000365e	01e18b33	add	x22,x3,x30	  x3:0x763e8640 x30:0x00000000 x22=0x763e8640
        6325000	       533	80003662	03c9e3b3	rem	x7,x19,x28	 x19:0x247fa134 x28:0x800004c5  x7=0x247fa134
        6365000	       537	8000272c	fd8fe06f	jal	x0,80000f04	  x0=0x00000000
        6385000	       539	80000f04	16f1	c.addi	x13,-4	 x13:0x8002cce4 x13=0x8002cce0
        6395000	       540	80000f06	0176a023	sw	x23,0(x13)	 x13:0x8002cce0 x23:0x80028e64 PA:0x8002cce0 store:0x80028e64 load:0x00000000
        6405000	       541	80000f0a	00068bb3	add	x23,x13,x0	 x13:0x8002cce0  x0:0x00000000 x23=0x8002cce0
        6415000	       542	80000f0e	f80b8b93	addi	x23,x23,-128	 x23:0x8002cce0 x23=0x8002cc60
        6425000	       543	80000f12	001ba223	sw	x1,4(x23)	 x23:0x8002cc60  x1:0x8000363a PA:0x8002cc64 store:0x8000363a load:0x00000000
        6435000	       544	80000f16	002ba423	sw	x2,8(x23)	 x23:0x8002cc60  x2:0x800135c5 PA:0x8002cc68 store:0x800135c5 load:0x00000000
        6445000	       545	80000f1a	003ba623	sw	x3,12(x23)	 x23:0x8002cc60  x3:0x763e8640 PA:0x8002cc6c store:0x763e8640 load:0x00000000
        6455000	       546	80000f1e	004ba823	sw	x4,16(x23)	 x23:0x8002cc60  x4:0x80000000 PA:0x8002cc70 store:0x80000000 load:0x00000000
        6465000	       547	80000f22	005baa23	sw	x5,20(x23)	 x23:0x8002cc60  x5:0x00000003 PA:0x8002cc74 store:0x00000003 load:0x00000000
        6475000	       548	80000f26	006bac23	sw	x6,24(x23)	 x23:0x8002cc60  x6:0x80003610 PA:0x8002cc78 store:0x80003610 load:0x00000000
        6485000	       549	80000f2a	007bae23	sw	x7,28(x23)	 x23:0x8002cc60  x7:0x247fa134 PA:0x8002cc7c store:0x247fa134 load:0x00000000
        6495000	       550	80000f2e	028ba023	sw	x8,32(x23)	 x23:0x8002cc60  x8:0x0000baa2 PA:0x8002cc80 store:0x0000baa2 load:0x00000000
        6505000	       551	80000f32	029ba223	sw	x9,36(x23)	 x23:0x8002cc60  x9:0x0000e000 PA:0x8002cc84 store:0x0000e000 load:0x00000000
        6515000	       552	80000f36	02aba423	sw	x10,40(x23)	 x23:0x8002cc60 x10:0x00000069 PA:0x8002cc88 store:0x00000069 load:0x00000000
        6525000	       553	80000f3a	02bba623	sw	x11,44(x23)	 x23:0x8002cc60 x11:0xf1e8b1fd PA:0x8002cc8c store:0xf1e8b1fd load:0x00000000
        6535000	       554	80000f3e	02cba823	sw	x12,48(x23)	 x23:0x8002cc60 x12:0xea41e80f PA:0x8002cc90 store:0xea41e80f load:0x00000000
        6545000	       555	80000f42	02dbaa23	sw	x13,52(x23)	 x23:0x8002cc60 x13:0x8002cce0 PA:0x8002cc94 store:0x8002cce0 load:0x00000000
        6555000	       556	80000f46	02ebac23	sw	x14,56(x23)	 x23:0x8002cc60 x14:0x00000000 PA:0x8002cc98 store:0x00000000 load:0x00000000
        6565000	       557	80000f4a	02fbae23	sw	x15,60(x23)	 x23:0x8002cc60 x15:0x8000362e PA:0x8002cc9c store:0x8000362e load:0x00000000
        6575000	       558	80000f4e	050ba023	sw	x16,64(x23)	 x23:0x8002cc60 x16:0x00000001 PA:0x8002cca0 store:0x00000001 load:0x00000000
        6585000	       559	80000f52	051ba223	sw	x17,68(x23)	 x23:0x8002cc60 x17:0x8000361e PA:0x8002cca4 store:0x8000361e load:0x00000000
        6595000	       560	80000f56	052ba423	sw	x18,72(x23)	 x23:0x8002cc60 x18:0x34d595a8 PA:0x8002cca8 store:0x34d595a8 load:0x00000000
        6605000	       561	80000f5a	053ba623	sw	x19,76(x23)	 x23:0x8002cc60 x19:0x247fa134 PA:0x8002ccac store:0x247fa134 load:0x00000000
        6615000	       562	80000f5e	054ba823	sw	x20,80(x23)	 x23:0x8002cc60 x20:0x80000009 PA:0x8002ccb0 store:0x80000009 load:0x00000000
        6625000	       563	80000f62	055baa23	sw	x21,84(x23)	 x23:0x8002cc60 x21:0x3377a6b3 PA:0x8002ccb4 store:0x3377a6b3 load:0x00000000
        6635000	       564	80000f66	056bac23	sw	x22,88(x23)	 x23:0x8002cc60 x22:0x763e8640 PA:0x8002ccb8 store:0x763e8640 load:0x00000000
        6645000	       565	80000f6a	057bae23	sw	x23,92(x23)	 x23:0x8002cc60 x23:0x8002cc60 PA:0x8002ccbc store:0x8002cc60 load:0x00000000
        6655000	       566	80000f6e	078ba023	sw	x24,96(x23)	 x23:0x8002cc60 x24:0x80000000 PA:0x8002ccc0 store:0x80000000 load:0x00000000
        6665000	       567	80000f72	079ba223	sw	x25,100(x23)	 x23:0x8002cc60 x25:0x00000088 PA:0x8002ccc4 store:0x00000088 load:0x00000000
        6675000	       568	80000f76	07aba423	sw	x26,104(x23)	 x23:0x8002cc60 x26:0x8001b229 PA:0x8002ccc8 store:0x8001b229 load:0x00000000
        6685000	       569	80000f7a	07bba623	sw	x27,108(x23)	 x23:0x8002cc60 x27:0x00000000 PA:0x8002cccc store:0x00000000 load:0x00000000
        6695000	       570	80000f7e	07cba823	sw	x28,112(x23)	 x23:0x8002cc60 x28:0x800004c5 PA:0x8002ccd0 store:0x800004c5 load:0x00000000
        6705000	       571	80000f82	07dbaa23	sw	x29,116(x23)	 x23:0x8002cc60 x29:0xb0c56673 PA:0x8002ccd4 store:0xb0c56673 load:0x00000000
        6715000	       572	80000f86	07ebac23	sw	x30,120(x23)	 x23:0x8002cc60 x30:0x00000000 PA:0x8002ccd8 store:0x00000000 load:0x00000000
        6725000	       573	80000f8a	07fbae23	sw	x31,124(x23)	 x23:0x8002cc60 x31:0x80000207 PA:0x8002ccdc store:0x80000207 load:0x00000000
        6735000	       574	80000f8e	000b86b3	add	x13,x23,x0	 x23:0x8002cc60  x0:0x00000000 x13=0x8002cc60
        6745000	       575	80000f92	90000d37	lui	x26,0x90000	 x26=0x90000000
        6755000	       576	80000f96	1d71	c.addi	x26,-4	 x26:0x90000000 x26=0x8ffffffc
        6765000	       577	80000f98	4d99	c.li	x27,6	 x27=0x00000006
        6775000	       578	80000f9a	0da2	c.slli	x27,0x8	 x27:0x00000006 x27=0x00000600
        6785000	       579	80000f9c	000d8d93	addi	x27,x27,0	 x27:0x00000600 x27=0x00000600
        6795000	       580	80000fa0	01bd2023	sw	x27,0(x26)	 x26:0x8ffffffc x27:0x00000600 PA:0x8ffffffc store:0x00000600 load:0x00000000
        6805000	       581	80000fa4	34202df3	csrrs	x27,mcause,x0	  x0:0x00000000 x27=0x8000000b
        6815000	       582	80000fa8	01fddd93	srli	x27,x27,0x1f	 x27:0x8000000b x27=0x00000001
        6825000	       583	80000fac	060d8863	beq	x27,x0,8000101c	 x27:0x00000001  x0:0x00000000
        6835000	       584	80000fb0	90000d37	lui	x26,0x90000	 x26=0x90000000
        6845000	       585	80000fb4	1d71	c.addi	x26,-4	 x26:0x90000000 x26=0x8ffffffc
        6855000	       586	80000fb6	30000d93	addi	x27,x0,768	  x0:0x00000000 x27=0x00000300
        6865000	       587	80000fba	0da2	c.slli	x27,0x8	 x27:0x00000300 x27=0x00030000
        6875000	       588	80000fbc	0d8d	c.addi	x27,3	 x27:0x00030000 x27=0x00030003
        6885000	       589	80000fbe	01bd2023	sw	x27,0(x26)	 x26:0x8ffffffc x27:0x00030003 PA:0x8ffffffc store:0x00030003 load:0x00000000
        6895000	       590	80000fc2	30002df3	csrrs	x27,mstatus,x0	  x0:0x00000000 x27=0x00000080
        6905000	       591	80000fc6	01bd2023	sw	x27,0(x26)	 x26:0x8ffffffc x27:0x00000080 PA:0x8ffffffc store:0x00000080 load:0x00000000
        6915000	       592	80000fca	90000d37	lui	x26,0x90000	 x26=0x90000000
        6925000	       593	80000fce	1d71	c.addi	x26,-4	 x26:0x90000000 x26=0x8ffffffc
        6935000	       594	80000fd0	34200d93	addi	x27,x0,834	  x0:0x00000000 x27=0x00000342
        6945000	       595	80000fd4	0da2	c.slli	x27,0x8	 x27:0x00000342 x27=0x00034200
        6955000	       596	80000fd6	0d8d	c.addi	x27,3	 x27:0x00034200 x27=0x00034203
        6965000	       597	80000fd8	01bd2023	sw	x27,0(x26)	 x26:0x8ffffffc x27:0x00034203 PA:0x8ffffffc store:0x00034203 load:0x00000000
        6975000	       598	80000fdc	34202df3	csrrs	x27,mcause,x0	  x0:0x00000000 x27=0x8000000b
        6985000	       599	80000fe0	01bd2023	sw	x27,0(x26)	 x26:0x8ffffffc x27:0x8000000b PA:0x8ffffffc store:0x8000000b load:0x00000000
        6995000	       600	80000fe4	90000d37	lui	x26,0x90000	 x26=0x90000000
        7005000	       601	80000fe8	1d71	c.addi	x26,-4	 x26:0x90000000 x26=0x8ffffffc
        7015000	       602	80000fea	30400d93	addi	x27,x0,772	  x0:0x00000000 x27=0x00000304
        7025000	       603	80000fee	0da2	c.slli	x27,0x8	 x27:0x00000304 x27=0x00030400
        7035000	       604	80000ff0	0d8d	c.addi	x27,3	 x27:0x00030400 x27=0x00030403
        7045000	       605	80000ff2	01bd2023	sw	x27,0(x26)	 x26:0x8ffffffc x27:0x00030403 PA:0x8ffffffc store:0x00030403 load:0x00000000
        7055000	       606	80000ff6	30402df3	csrrs	x27,mie,x0	  x0:0x00000000 x27=0x00360888
        7065000	       607	80000ffa	01bd2023	sw	x27,0(x26)	 x26:0x8ffffffc x27:0x00360888 PA:0x8ffffffc store:0x00360888 load:0x00000000
        7075000	       608	80000ffe	90000d37	lui	x26,0x90000	 x26=0x90000000
        7085000	       609	80001002	1d71	c.addi	x26,-4	 x26:0x90000000 x26=0x8ffffffc
        7095000	       610	80001004	34400d93	addi	x27,x0,836	  x0:0x00000000 x27=0x00000344
        7105000	       611	80001008	0da2	c.slli	x27,0x8	 x27:0x00000344 x27=0x00034400
        7115000	       612	8000100a	0d8d	c.addi	x27,3	 x27:0x00034400 x27=0x00034403
        7125000	       613	8000100c	01bd2023	sw	x27,0(x26)	 x26:0x8ffffffc x27:0x00034403 PA:0x8ffffffc store:0x00034403 load:0x00000000
        7135000	       614	80001010	34402df3	csrrs	x27,mip,x0	  x0:0x00000000 x27=0x00000000
        7145000	       615	80001014	01bd2023	sw	x27,0(x26)	 x26:0x8ffffffc x27:0x00000000 PA:0x8ffffffc store:0x00000000 load:0x00000000
        7155000	       616	80001018	2b41106f	jal	x0,800122cc	  x0=0x00000000
        7175000	       618	800122cc	34002df3	csrrs	x27,mscratch,x0	  x0:0x00000000 x27=0x00000000
        7185000	       619	800122d0	01b04663	blt	x0,x27,800122dc	  x0:0x00000000 x27:0x00000000
        7195000	       620	800122d4	3400d073	csrrwi	x0,mscratch,1	  x0=0x00000000
        7205000	       621	800122d8	30046073	csrrsi	x0,mstatus,8	  x0=0x00000000
        7235000	       624	800122dc	34005073	csrrwi	x0,mscratch,0	  x0=0x00000000
        7245000	       625	800122e0	30002df3	csrrs	x27,mstatus,x0	  x0:0x00000000 x27=0x00000088
        7255000	       626	800122e4	30402df3	csrrs	x27,mie,x0	  x0:0x00000000 x27=0x00360888
        7265000	       627	800122e8	34402df3	csrrs	x27,mip,x0	  x0:0x00000000 x27=0x00000000
        7275000	       628	800122ec	344dbdf3	csrrc	x27,mip,x27	 x27:0x00000000 x27=0x00000000
        7305000	       631	800122f0	90000d37	lui	x26,0x90000	 x26=0x90000000
        7315000	       632	800122f4	1d71	c.addi	x26,-4	 x26:0x90000000 x26=0x8ffffffc
        7325000	       633	800122f6	4d9d	c.li	x27,7	 x27=0x00000007
        7335000	       634	800122f8	0da2	c.slli	x27,0x8	 x27:0x00000007 x27=0x00000700
        7345000	       635	800122fa	000d8d93	addi	x27,x27,0	 x27:0x00000700 x27=0x00000700
        7355000	       636	800122fe	01bd2023	sw	x27,0(x26)	 x26:0x8ffffffc x27:0x00000700 PA:0x8ffffffc store:0x00000700 load:0x00000000
        7365000	       637	80012302	00068bb3	add	x23,x13,x0	 x13:0x8002cc60  x0:0x00000000 x23=0x8002cc60
        7375000	       638	80012306	004ba083	lw	x1,4(x23)	 x23:0x8002cc60  x1=0x8000363a PA:0x8002cc64 load:0x8000363a
        7385000	       639	8001230a	008ba103	lw	x2,8(x23)	 x23:0x8002cc60  x2=0x800135c5 PA:0x8002cc68 load:0x800135c5
        7395000	       640	8001230e	00cba183	lw	x3,12(x23)	 x23:0x8002cc60  x3=0x763e8640 PA:0x8002cc6c load:0x763e8640
        7405000	       641	80012312	010ba203	lw	x4,16(x23)	 x23:0x8002cc60  x4=0x80000000 PA:0x8002cc70 load:0x80000000
        7415000	       642	80012316	014ba283	lw	x5,20(x23)	 x23:0x8002cc60  x5=0x00000003 PA:0x8002cc74 load:0x00000003
        7425000	       643	8001231a	018ba303	lw	x6,24(x23)	 x23:0x8002cc60  x6=0x80003610 PA:0x8002cc78 load:0x80003610
        7435000	       644	8001231e	01cba383	lw	x7,28(x23)	 x23:0x8002cc60  x7=0x247fa134 PA:0x8002cc7c load:0x247fa134
        7445000	       645	80012322	020ba403	lw	x8,32(x23)	 x23:0x8002cc60  x8=0x0000baa2 PA:0x8002cc80 load:0x0000baa2
        7455000	       646	80012326	024ba483	lw	x9,36(x23)	 x23:0x8002cc60  x9=0x0000e000 PA:0x8002cc84 load:0x0000e000
        7465000	       647	8001232a	028ba503	lw	x10,40(x23)	 x23:0x8002cc60 x10=0x00000069 PA:0x8002cc88 load:0x00000069
        7475000	       648	8001232e	02cba583	lw	x11,44(x23)	 x23:0x8002cc60 x11=0xf1e8b1fd PA:0x8002cc8c load:0xf1e8b1fd
        7485000	       649	80012332	030ba603	lw	x12,48(x23)	 x23:0x8002cc60 x12=0xea41e80f PA:0x8002cc90 load:0xea41e80f
        7495000	       650	80012336	034ba683	lw	x13,52(x23)	 x23:0x8002cc60 x13=0x8002cce0 PA:0x8002cc94 load:0x8002cce0
        7505000	       651	8001233a	038ba703	lw	x14,56(x23)	 x23:0x8002cc60 x14=0x00000000 PA:0x8002cc98 load:0x00000000
        7515000	       652	8001233e	03cba783	lw	x15,60(x23)	 x23:0x8002cc60 x15=0x8000362e PA:0x8002cc9c load:0x8000362e
        7525000	       653	80012342	040ba803	lw	x16,64(x23)	 x23:0x8002cc60 x16=0x00000001 PA:0x8002cca0 load:0x00000001
        7535000	       654	80012346	044ba883	lw	x17,68(x23)	 x23:0x8002cc60 x17=0x8000361e PA:0x8002cca4 load:0x8000361e
        7545000	       655	8001234a	048ba903	lw	x18,72(x23)	 x23:0x8002cc60 x18=0x34d595a8 PA:0x8002cca8 load:0x34d595a8
        7555000	       656	8001234e	04cba983	lw	x19,76(x23)	 x23:0x8002cc60 x19=0x247fa134 PA:0x8002ccac load:0x247fa134
        7565000	       657	80012352	050baa03	lw	x20,80(x23)	 x23:0x8002cc60 x20=0x80000009 PA:0x8002ccb0 load:0x80000009
        7575000	       658	80012356	054baa83	lw	x21,84(x23)	 x23:0x8002cc60 x21=0x3377a6b3 PA:0x8002ccb4 load:0x3377a6b3
        7585000	       659	8001235a	058bab03	lw	x22,88(x23)	 x23:0x8002cc60 x22=0x763e8640 PA:0x8002ccb8 load:0x763e8640
        7595000	       660	8001235e	05cbab83	lw	x23,92(x23)	 x23:0x8002cc60 x23=0x8002cc60 PA:0x8002ccbc load:0x8002cc60
        7615000	       662	80012362	060bac03	lw	x24,96(x23)	 x23:0x8002cc60 x24=0x80000000 PA:0x8002ccc0 load:0x80000000
        7625000	       663	80012366	064bac83	lw	x25,100(x23)	 x23:0x8002cc60 x25=0x00000088 PA:0x8002ccc4 load:0x00000088
        7635000	       664	8001236a	068bad03	lw	x26,104(x23)	 x23:0x8002cc60 x26=0x8001b229 PA:0x8002ccc8 load:0x8001b229
        7645000	       665	8001236e	06cbad83	lw	x27,108(x23)	 x23:0x8002cc60 x27=0x00000000 PA:0x8002cccc load:0x00000000
        7655000	       666	80012372	070bae03	lw	x28,112(x23)	 x23:0x8002cc60 x28=0x800004c5 PA:0x8002ccd0 load:0x800004c5
        7665000	       667	80012376	074bae83	lw	x29,116(x23)	 x23:0x8002cc60 x29=0xb0c56673 PA:0x8002ccd4 load:0xb0c56673
        7675000	       668	8001237a	078baf03	lw	x30,120(x23)	 x23:0x8002cc60 x30=0x00000000 PA:0x8002ccd8 load:0x00000000
        7685000	       669	8001237e	07cbaf83	lw	x31,124(x23)	 x23:0x8002cc60 x31=0x80000207 PA:0x8002ccdc load:0x80000207
        7695000	       670	80012382	080b8b93	addi	x23,x23,128	 x23:0x8002cc60 x23=0x8002cce0
        7705000	       671	80012386	000b86b3	add	x13,x23,x0	 x23:0x8002cce0  x0:0x00000000 x13=0x8002cce0
        7715000	       672	8001238a	0006ab83	lw	x23,0(x13)	 x13:0x8002cce0 x23=0x80028e64 PA:0x8002cce0 load:0x80028e64
        7725000	       673	8001238e	0691	c.addi	x13,4	 x13:0x8002cce0 x13=0x8002cce4
        7735000	       674	80012390	30200073	mret	
        7775000	       678	80003666	0d6d0b03	lb	x22,214(x26)	 x26:0x8001b229 x22=0x00000035 PA:0x8001b2ff load:0x00000035
        7785000	       679	8000366a	717d	c.addi16sp	x2,-16	  x2:0x800135c5  x2=0x800135b5
        7795000	       680	8000366c	010d0f83	lb	x31,16(x26)	 x26:0x8001b229 x31=0xffffffec PA:0x8001b239 load:0xffffffec
        7805000	       681	80003670	50cf6a93	ori	x21,x30,1292	 x30:0x00000000 x21=0x0000050c
        7815000	       682	80003674	83d9	c.srli	x15,0x16	 x15:0x8000362e x15=0x00000200
        7825000	       683	80003676	0001	c.addi	x0,0	  x0:0x00000000  x0=0x00000000
        7835000	       684	80003678	87fd	c.srai	x15,0x1f	 x15:0x00000200 x15=0x00000000
        7845000	       685	8000367a	fa3d0023	sb	x3,-96(x26)	 x26:0x8001b229  x3:0x763e8640 PA:0x8001b1c9 store:0x763e8640 load:0x00000000
        7855000	       686	8000367e	1db02013	slti	x0,x0,475	  x0:0x00000000  x0=0x00000000
        7865000	       687	80003682	002ed413	srli	x8,x29,0x2	 x29:0xb0c56673  x8=0x2c31599c
        7875000	       688	80003686	0002bf33	sltu	x30,x5,x0	  x5:0x00000003  x0:0x00000000 x30=0x00000000
        7885000	       689	8000368a	19fd	c.addi	x19,-1	 x19:0x247fa134 x19=0x247fa133
        7895000	       690	8000368c	8956	c.mv	x18,x21	  x0:0x00000000 x21:0x0000050c x18=0x0000050c
        7935000	       694	8000272c	fd8fe06f	jal	x0,80000f04	  x0=0x00000000
        7955000	       696	80000f04	16f1	c.addi	x13,-4	 x13:0x8002cce4 x13=0x8002cce0
        7965000	       697	80000f06	0176a023	sw	x23,0(x13)	 x13:0x8002cce0 x23:0x80028e64 PA:0x8002cce0 store:0x80028e64 load:0x00000000
        7975000	       698	80000f0a	00068bb3	add	x23,x13,x0	 x13:0x8002cce0  x0:0x00000000 x23=0x8002cce0
        7985000	       699	80000f0e	f80b8b93	addi	x23,x23,-128	 x23:0x8002cce0 x23=0x8002cc60
        7995000	       700	80000f12	001ba223	sw	x1,4(x23)	 x23:0x8002cc60  x1:0x8000363a PA:0x8002cc64 store:0x8000363a load:0x00000000
        8005000	       701	80000f16	002ba423	sw	x2,8(x23)	 x23:0x8002cc60  x2:0x800135b5 PA:0x8002cc68 store:0x800135b5 load:0x00000000
        8015000	       702	80000f1a	003ba623	sw	x3,12(x23)	 x23:0x8002cc60  x3:0x763e8640 PA:0x8002cc6c store:0x763e8640 load:0x00000000
        8025000	       703	80000f1e	004ba823	sw	x4,16(x23)	 x23:0x8002cc60  x4:0x80000000 PA:0x8002cc70 store:0x80000000 load:0x00000000
        8035000	       704	80000f22	005baa23	sw	x5,20(x23)	 x23:0x8002cc60  x5:0x00000003 PA:0x8002cc74 store:0x00000003 load:0x00000000
        8045000	       705	80000f26	006bac23	sw	x6,24(x23)	 x23:0x8002cc60  x6:0x80003610 PA:0x8002cc78 store:0x80003610 load:0x00000000
        8055000	       706	80000f2a	007bae23	sw	x7,28(x23)	 x23:0x8002cc60  x7:0x247fa134 PA:0x8002cc7c store:0x247fa134 load:0x00000000
        8065000	       707	80000f2e	028ba023	sw	x8,32(x23)	 x23:0x8002cc60  x8:0x2c31599c PA:0x8002cc80 store:0x2c31599c load:0x00000000
        8075000	       708	80000f32	029ba223	sw	x9,36(x23)	 x23:0x8002cc60  x9:0x0000e000 PA:0x8002cc84 store:0x0000e000 load:0x00000000
        8085000	       709	80000f36	02aba423	sw	x10,40(x23)	 x23:0x8002cc60 x10:0x00000069 PA:0x8002cc88 store:0x00000069 load:0x00000000
        8095000	       710	80000f3a	02bba623	sw	x11,44(x23)	 x23:0x8002cc60 x11:0xf1e8b1fd PA:0x8002cc8c store:0xf1e8b1fd load:0x00000000
        8105000	       711	80000f3e	02cba823	sw	x12,48(x23)	 x23:0x8002cc60 x12:0xea41e80f PA:0x8002cc90 store:0xea41e80f load:0x00000000
        8115000	       712	80000f42	02dbaa23	sw	x13,52(x23)	 x23:0x8002cc60 x13:0x8002cce0 PA:0x8002cc94 store:0x8002cce0 load:0x00000000
        8125000	       713	80000f46	02ebac23	sw	x14,56(x23)	 x23:0x8002cc60 x14:0x00000000 PA:0x8002cc98 store:0x00000000 load:0x00000000
        8135000	       714	80000f4a	02fbae23	sw	x15,60(x23)	 x23:0x8002cc60 x15:0x00000000 PA:0x8002cc9c store:0x00000000 load:0x00000000
        8145000	       715	80000f4e	050ba023	sw	x16,64(x23)	 x23:0x8002cc60 x16:0x00000001 PA:0x8002cca0 store:0x00000001 load:0x00000000
        8155000	       716	80000f52	051ba223	sw	x17,68(x23)	 x23:0x8002cc60 x17:0x8000361e PA:0x8002cca4 store:0x8000361e load:0x00000000
        8165000	       717	80000f56	052ba423	sw	x18,72(x23)	 x23:0x8002cc60 x18:0x0000050c PA:0x8002cca8 store:0x0000050c load:0x00000000
        8175000	       718	80000f5a	053ba623	sw	x19,76(x23)	 x23:0x8002cc60 x19:0x247fa133 PA:0x8002ccac store:0x247fa133 load:0x00000000
        8185000	       719	80000f5e	054ba823	sw	x20,80(x23)	 x23:0x8002cc60 x20:0x80000009 PA:0x8002ccb0 store:0x80000009 load:0x00000000
        8195000	       720	80000f62	055baa23	sw	x21,84(x23)	 x23:0x8002cc60 x21:0x0000050c PA:0x8002ccb4 store:0x0000050c load:0x00000000
        8205000	       721	80000f66	056bac23	sw	x22,88(x23)	 x23:0x8002cc60 x22:0x00000035 PA:0x8002ccb8 store:0x00000035 load:0x00000000
        8215000	       722	80000f6a	057bae23	sw	x23,92(x23)	 x23:0x8002cc60 x23:0x8002cc60 PA:0x8002ccbc store:0x8002cc60 load:0x00000000
        8225000	       723	80000f6e	078ba023	sw	x24,96(x23)	 x23:0x8002cc60 x24:0x80000000 PA:0x8002ccc0 store:0x80000000 load:0x00000000
        8235000	       724	80000f72	079ba223	sw	x25,100(x23)	 x23:0x8002cc60 x25:0x00000088 PA:0x8002ccc4 store:0x00000088 load:0x00000000
        8245000	       725	80000f76	07aba423	sw	x26,104(x23)	 x23:0x8002cc60 x26:0x8001b229 PA:0x8002ccc8 store:0x8001b229 load:0x00000000
        8255000	       726	80000f7a	07bba623	sw	x27,108(x23)	 x23:0x8002cc60 x27:0x00000000 PA:0x8002cccc store:0x00000000 load:0x00000000
        8265000	       727	80000f7e	07cba823	sw	x28,112(x23)	 x23:0x8002cc60 x28:0x800004c5 PA:0x8002ccd0 store:0x800004c5 load:0x00000000
        8275000	       728	80000f82	07dbaa23	sw	x29,116(x23)	 x23:0x8002cc60 x29:0xb0c56673 PA:0x8002ccd4 store:0xb0c56673 load:0x00000000
        8285000	       729	80000f86	07ebac23	sw	x30,120(x23)	 x23:0x8002cc60 x30:0x00000000 PA:0x8002ccd8 store:0x00000000 load:0x00000000
        8295000	       730	80000f8a	07fbae23	sw	x31,124(x23)	 x23:0x8002cc60 x31:0xffffffec PA:0x8002ccdc store:0xffffffec load:0x00000000
        8305000	       731	80000f8e	000b86b3	add	x13,x23,x0	 x23:0x8002cc60  x0:0x00000000 x13=0x8002cc60
        8315000	       732	80000f92	90000d37	lui	x26,0x90000	 x26=0x90000000
        8325000	       733	80000f96	1d71	c.addi	x26,-4	 x26:0x90000000 x26=0x8ffffffc
        8335000	       734	80000f98	4d99	c.li	x27,6	 x27=0x00000006
        8345000	       735	80000f9a	0da2	c.slli	x27,0x8	 x27:0x00000006 x27=0x00000600
        8355000	       736	80000f9c	000d8d93	addi	x27,x27,0	 x27:0x00000600 x27=0x00000600
        8365000	       737	80000fa0	01bd2023	sw	x27,0(x26)	 x26:0x8ffffffc x27:0x00000600 PA:0x8ffffffc store:0x00000600 load:0x00000000
        8375000	       738	80000fa4	34202df3	csrrs	x27,mcause,x0	  x0:0x00000000 x27=0x8000000b
        8385000	       739	80000fa8	01fddd93	srli	x27,x27,0x1f	 x27:0x8000000b x27=0x00000001
        8395000	       740	80000fac	060d8863	beq	x27,x0,8000101c	 x27:0x00000001  x0:0x00000000
        8405000	       741	80000fb0	90000d37	lui	x26,0x90000	 x26=0x90000000
        8415000	       742	80000fb4	1d71	c.addi	x26,-4	 x26:0x90000000 x26=0x8ffffffc
        8425000	       743	80000fb6	30000d93	addi	x27,x0,768	  x0:0x00000000 x27=0x00000300
        8435000	       744	80000fba	0da2	c.slli	x27,0x8	 x27:0x00000300 x27=0x00030000
        8445000	       745	80000fbc	0d8d	c.addi	x27,3	 x27:0x00030000 x27=0x00030003
        8455000	       746	80000fbe	01bd2023	sw	x27,0(x26)	 x26:0x8ffffffc x27:0x00030003 PA:0x8ffffffc store:0x00030003 load:0x00000000
        8465000	       747	80000fc2	30002df3	csrrs	x27,mstatus,x0	  x0:0x00000000 x27=0x00000080
        8475000	       748	80000fc6	01bd2023	sw	x27,0(x26)	 x26:0x8ffffffc x27:0x00000080 PA:0x8ffffffc store:0x00000080 load:0x00000000
        8485000	       749	80000fca	90000d37	lui	x26,0x90000	 x26=0x90000000
        8495000	       750	80000fce	1d71	c.addi	x26,-4	 x26:0x90000000 x26=0x8ffffffc
        8505000	       751	80000fd0	34200d93	addi	x27,x0,834	  x0:0x00000000 x27=0x00000342
        8515000	       752	80000fd4	0da2	c.slli	x27,0x8	 x27:0x00000342 x27=0x00034200
        8525000	       753	80000fd6	0d8d	c.addi	x27,3	 x27:0x00034200 x27=0x00034203
        8535000	       754	80000fd8	01bd2023	sw	x27,0(x26)	 x26:0x8ffffffc x27:0x00034203 PA:0x8ffffffc store:0x00034203 load:0x00000000
        8545000	       755	80000fdc	34202df3	csrrs	x27,mcause,x0	  x0:0x00000000 x27=0x8000000b
        8555000	       756	80000fe0	01bd2023	sw	x27,0(x26)	 x26:0x8ffffffc x27:0x8000000b PA:0x8ffffffc store:0x8000000b load:0x00000000
        8565000	       757	80000fe4	90000d37	lui	x26,0x90000	 x26=0x90000000
        8575000	       758	80000fe8	1d71	c.addi	x26,-4	 x26:0x90000000 x26=0x8ffffffc
        8585000	       759	80000fea	30400d93	addi	x27,x0,772	  x0:0x00000000 x27=0x00000304
        8595000	       760	80000fee	0da2	c.slli	x27,0x8	 x27:0x00000304 x27=0x00030400
        8605000	       761	80000ff0	0d8d	c.addi	x27,3	 x27:0x00030400 x27=0x00030403
        8615000	       762	80000ff2	01bd2023	sw	x27,0(x26)	 x26:0x8ffffffc x27:0x00030403 PA:0x8ffffffc store:0x00030403 load:0x00000000
        8625000	       763	80000ff6	30402df3	csrrs	x27,mie,x0	  x0:0x00000000 x27=0x00360888
        8635000	       764	80000ffa	01bd2023	sw	x27,0(x26)	 x26:0x8ffffffc x27:0x00360888 PA:0x8ffffffc store:0x00360888 load:0x00000000
        8645000	       765	80000ffe	90000d37	lui	x26,0x90000	 x26=0x90000000
        8655000	       766	80001002	1d71	c.addi	x26,-4	 x26:0x90000000 x26=0x8ffffffc
        8665000	       767	80001004	34400d93	addi	x27,x0,836	  x0:0x00000000 x27=0x00000344
        8675000	       768	80001008	0da2	c.slli	x27,0x8	 x27:0x00000344 x27=0x00034400
        8685000	       769	8000100a	0d8d	c.addi	x27,3	 x27:0x00034400 x27=0x00034403
        8695000	       770	8000100c	01bd2023	sw	x27,0(x26)	 x26:0x8ffffffc x27:0x00034403 PA:0x8ffffffc store:0x00034403 load:0x00000000
        8705000	       771	80001010	34402df3	csrrs	x27,mip,x0	  x0:0x00000000 x27=0x00000000
        8715000	       772	80001014	01bd2023	sw	x27,0(x26)	 x26:0x8ffffffc x27:0x00000000 PA:0x8ffffffc store:0x00000000 load:0x00000000
        8725000	       773	80001018	2b41106f	jal	x0,800122cc	  x0=0x00000000
        8745000	       775	800122cc	34002df3	csrrs	x27,mscratch,x0	  x0:0x00000000 x27=0x00000000
        8755000	       776	800122d0	01b04663	blt	x0,x27,800122dc	  x0:0x00000000 x27:0x00000000
        8765000	       777	800122d4	3400d073	csrrwi	x0,mscratch,1	  x0=0x00000000
        8775000	       778	800122d8	30046073	csrrsi	x0,mstatus,8	  x0=0x00000000
        8805000	       781	800122dc	34005073	csrrwi	x0,mscratch,0	  x0=0x00000000
        8815000	       782	800122e0	30002df3	csrrs	x27,mstatus,x0	  x0:0x00000000 x27=0x00000088
        8825000	       783	800122e4	30402df3	csrrs	x27,mie,x0	  x0:0x00000000 x27=0x00360888
        8835000	       784	800122e8	34402df3	csrrs	x27,mip,x0	  x0:0x00000000 x27=0x00000000
        8845000	       785	800122ec	344dbdf3	csrrc	x27,mip,x27	 x27:0x00000000 x27=0x00000000
        8875000	       788	800122f0	90000d37	lui	x26,0x90000	 x26=0x90000000
        8885000	       789	800122f4	1d71	c.addi	x26,-4	 x26:0x90000000 x26=0x8ffffffc
        8895000	       790	800122f6	4d9d	c.li	x27,7	 x27=0x00000007
        8905000	       791	800122f8	0da2	c.slli	x27,0x8	 x27:0x00000007 x27=0x00000700
        8915000	       792	800122fa	000d8d93	addi	x27,x27,0	 x27:0x00000700 x27=0x00000700
        8925000	       793	800122fe	01bd2023	sw	x27,0(x26)	 x26:0x8ffffffc x27:0x00000700 PA:0x8ffffffc store:0x00000700 load:0x00000000
        8935000	       794	80012302	00068bb3	add	x23,x13,x0	 x13:0x8002cc60  x0:0x00000000 x23=0x8002cc60
        8945000	       795	80012306	004ba083	lw	x1,4(x23)	 x23:0x8002cc60  x1=0x8000363a PA:0x8002cc64 load:0x8000363a
        8955000	       796	8001230a	008ba103	lw	x2,8(x23)	 x23:0x8002cc60  x2=0x800135b5 PA:0x8002cc68 load:0x800135b5
        8965000	       797	8001230e	00cba183	lw	x3,12(x23)	 x23:0x8002cc60  x3=0x763e8640 PA:0x8002cc6c load:0x763e8640
        8975000	       798	80012312	010ba203	lw	x4,16(x23)	 x23:0x8002cc60  x4=0x80000000 PA:0x8002cc70 load:0x80000000
        8985000	       799	80012316	014ba283	lw	x5,20(x23)	 x23:0x8002cc60  x5=0x00000003 PA:0x8002cc74 load:0x00000003
        8995000	       800	8001231a	018ba303	lw	x6,24(x23)	 x23:0x8002cc60  x6=0x80003610 PA:0x8002cc78 load:0x80003610
        9005000	       801	8001231e	01cba383	lw	x7,28(x23)	 x23:0x8002cc60  x7=0x247fa134 PA:0x8002cc7c load:0x247fa134
        9015000	       802	80012322	020ba403	lw	x8,32(x23)	 x23:0x8002cc60  x8=0x2c31599c PA:0x8002cc80 load:0x2c31599c
        9025000	       803	80012326	024ba483	lw	x9,36(x23)	 x23:0x8002cc60  x9=0x0000e000 PA:0x8002cc84 load:0x0000e000
        9035000	       804	8001232a	028ba503	lw	x10,40(x23)	 x23:0x8002cc60 x10=0x00000069 PA:0x8002cc88 load:0x00000069
        9045000	       805	8001232e	02cba583	lw	x11,44(x23)	 x23:0x8002cc60 x11=0xf1e8b1fd PA:0x8002cc8c load:0xf1e8b1fd
        9055000	       806	80012332	030ba603	lw	x12,48(x23)	 x23:0x8002cc60 x12=0xea41e80f PA:0x8002cc90 load:0xea41e80f
        9065000	       807	80012336	034ba683	lw	x13,52(x23)	 x23:0x8002cc60 x13=0x8002cce0 PA:0x8002cc94 load:0x8002cce0
        9075000	       808	8001233a	038ba703	lw	x14,56(x23)	 x23:0x8002cc60 x14=0x00000000 PA:0x8002cc98 load:0x00000000
        9085000	       809	8001233e	03cba783	lw	x15,60(x23)	 x23:0x8002cc60 x15=0x00000000 PA:0x8002cc9c load:0x00000000
        9095000	       810	80012342	040ba803	lw	x16,64(x23)	 x23:0x8002cc60 x16=0x00000001 PA:0x8002cca0 load:0x00000001
        9105000	       811	80012346	044ba883	lw	x17,68(x23)	 x23:0x8002cc60 x17=0x8000361e PA:0x8002cca4 load:0x8000361e
        9115000	       812	8001234a	048ba903	lw	x18,72(x23)	 x23:0x8002cc60 x18=0x0000050c PA:0x8002cca8 load:0x0000050c
        9125000	       813	8001234e	04cba983	lw	x19,76(x23)	 x23:0x8002cc60 x19=0x247fa133 PA:0x8002ccac load:0x247fa133
        9135000	       814	80012352	050baa03	lw	x20,80(x23)	 x23:0x8002cc60 x20=0x80000009 PA:0x8002ccb0 load:0x80000009
        9145000	       815	80012356	054baa83	lw	x21,84(x23)	 x23:0x8002cc60 x21=0x0000050c PA:0x8002ccb4 load:0x0000050c
        9155000	       816	8001235a	058bab03	lw	x22,88(x23)	 x23:0x8002cc60 x22=0x00000035 PA:0x8002ccb8 load:0x00000035
        9165000	       817	8001235e	05cbab83	lw	x23,92(x23)	 x23:0x8002cc60 x23=0x8002cc60 PA:0x8002ccbc load:0x8002cc60
        9185000	       819	80012362	060bac03	lw	x24,96(x23)	 x23:0x8002cc60 x24=0x80000000 PA:0x8002ccc0 load:0x80000000
        9195000	       820	80012366	064bac83	lw	x25,100(x23)	 x23:0x8002cc60 x25=0x00000088 PA:0x8002ccc4 load:0x00000088
        9205000	       821	8001236a	068bad03	lw	x26,104(x23)	 x23:0x8002cc60 x26=0x8001b229 PA:0x8002ccc8 load:0x8001b229
        9215000	       822	8001236e	06cbad83	lw	x27,108(x23)	 x23:0x8002cc60 x27=0x00000000 PA:0x8002cccc load:0x00000000
        9225000	       823	80012372	070bae03	lw	x28,112(x23)	 x23:0x8002cc60 x28=0x800004c5 PA:0x8002ccd0 load:0x800004c5
        9235000	       824	80012376	074bae83	lw	x29,116(x23)	 x23:0x8002cc60 x29=0xb0c56673 PA:0x8002ccd4 load:0xb0c56673
        9245000	       825	8001237a	078baf03	lw	x30,120(x23)	 x23:0x8002cc60 x30=0x00000000 PA:0x8002ccd8 load:0x00000000
        9255000	       826	8001237e	07cbaf83	lw	x31,124(x23)	 x23:0x8002cc60 x31=0xffffffec PA:0x8002ccdc load:0xffffffec
        9265000	       827	80012382	080b8b93	addi	x23,x23,128	 x23:0x8002cc60 x23=0x8002cce0
        9275000	       828	80012386	000b86b3	add	x13,x23,x0	 x23:0x8002cce0  x0:0x00000000 x13=0x8002cce0
        9285000	       829	8001238a	0006ab83	lw	x23,0(x13)	 x13:0x8002cce0 x23=0x80028e64 PA:0x8002cce0 load:0x80028e64
        9295000	       830	8001238e	0691	c.addi	x13,4	 x13:0x8002cce0 x13=0x8002cce4
        9305000	       831	80012390	30200073	mret	
        9345000	       835	8000368e	f54d4f03	lbu	x30,-172(x26)	 x26:0x8001b229 x30=0x000000de PA:0x8001b17d load:0x000000de
        9355000	       836	80003692	87d9	c.srai	x15,0x16	 x15:0x00000000 x15=0x00000000
        9365000	       837	80003694	01351833	sll	x16,x10,x19	 x10:0x00000069 x19:0x247fa133 x16=0x03480000
        9375000	       838	80003698	0d10	c.addi4spn	x12,x2,656	 x12=0x80013845
        9385000	       839	8000369a	98b2ec13	ori	x24,x5,-1653	  x5:0x00000003 x24=0xfffff98b
        9395000	       840	8000369e	023d0ca3	sb	x3,57(x26)	 x26:0x8001b229  x3:0x763e8640 PA:0x8001b262 store:0x763e8640 load:0x00000000
        9405000	       841	800036a2	0f8d0203	lb	x4,248(x26)	 x26:0x8001b229  x4=0x00000012 PA:0x8001b321 load:0x00000012
        9415000	       842	800036a6	1d852093	slti	x1,x10,472	 x10:0x00000069  x1=0x00000001
        9425000	       843	800036aa	fa6d11a3	sh	x6,-93(x26)	 x26:0x8001b229  x6:0x80003610 PA:0x8001b1cc store:0x80003610 load:0x00000000
        9435000	       844	800036ae	06ed0283	lb	x5,110(x26)	 x26:0x8001b229  x5=0xffffffbe PA:0x8001b297 load:0xffffffbe
        9445000	       845	800036b2	0ff0000f	fence	iorw,iorw	
        9455000	       846	800036b6	f72d4003	lbu	x0,-142(x26)	 x26:0x8001b229  x0=0x00000000 PA:0x8001b19b load:0x000000d0
        9465000	       847	800036ba	08ad4703	lbu	x14,138(x26)	 x26:0x8001b229 x14=0x0000001c PA:0x8001b2b3 load:0x0000001c
        9505000	       851	8000272c	fd8fe06f	jal	x0,80000f04	  x0=0x00000000
        9525000	       853	80000f04	16f1	c.addi	x13,-4	 x13:0x8002cce4 x13=0x8002cce0
        9535000	       854	80000f06	0176a023	sw	x23,0(x13)	 x13:0x8002cce0 x23:0x80028e64 PA:0x8002cce0 store:0x80028e64 load:0x00000000
        9545000	       855	80000f0a	00068bb3	add	x23,x13,x0	 x13:0x8002cce0  x0:0x00000000 x23=0x8002cce0
        9555000	       856	80000f0e	f80b8b93	addi	x23,x23,-128	 x23:0x8002cce0 x23=0x8002cc60
        9565000	       857	80000f12	001ba223	sw	x1,4(x23)	 x23:0x8002cc60  x1:0x00000001 PA:0x8002cc64 store:0x00000001 load:0x00000000
        9575000	       858	80000f16	002ba423	sw	x2,8(x23)	 x23:0x8002cc60  x2:0x800135b5 PA:0x8002cc68 store:0x800135b5 load:0x00000000
        9585000	       859	80000f1a	003ba623	sw	x3,12(x23)	 x23:0x8002cc60  x3:0x763e8640 PA:0x8002cc6c store:0x763e8640 load:0x00000000
        9595000	       860	80000f1e	004ba823	sw	x4,16(x23)	 x23:0x8002cc60  x4:0x00000012 PA:0x8002cc70 store:0x00000012 load:0x00000000
        9605000	       861	80000f22	005baa23	sw	x5,20(x23)	 x23:0x8002cc60  x5:0xffffffbe PA:0x8002cc74 store:0xffffffbe load:0x00000000
        9615000	       862	80000f26	006bac23	sw	x6,24(x23)	 x23:0x8002cc60  x6:0x80003610 PA:0x8002cc78 store:0x80003610 load:0x00000000
        9625000	       863	80000f2a	007bae23	sw	x7,28(x23)	 x23:0x8002cc60  x7:0x247fa134 PA:0x8002cc7c store:0x247fa134 load:0x00000000
        9635000	       864	80000f2e	028ba023	sw	x8,32(x23)	 x23:0x8002cc60  x8:0x2c31599c PA:0x8002cc80 store:0x2c31599c load:0x00000000
        9645000	       865	80000f32	029ba223	sw	x9,36(x23)	 x23:0x8002cc60  x9:0x0000e000 PA:0x8002cc84 store:0x0000e000 load:0x00000000
        9655000	       866	80000f36	02aba423	sw	x10,40(x23)	 x23:0x8002cc60 x10:0x00000069 PA:0x8002cc88 store:0x00000069 load:0x00000000
        9665000	       867	80000f3a	02bba623	sw	x11,44(x23)	 x23:0x8002cc60 x11:0xf1e8b1fd PA:0x8002cc8c store:0xf1e8b1fd load:0x00000000
        9675000	       868	80000f3e	02cba823	sw	x12,48(x23)	 x23:0x8002cc60 x12:0x80013845 PA:0x8002cc90 store:0x80013845 load:0x00000000
        9685000	       869	80000f42	02dbaa23	sw	x13,52(x23)	 x23:0x8002cc60 x13:0x8002cce0 PA:0x8002cc94 store:0x8002cce0 load:0x00000000
        9695000	       870	80000f46	02ebac23	sw	x14,56(x23)	 x23:0x8002cc60 x14:0x0000001c PA:0x8002cc98 store:0x0000001c load:0x00000000
        9705000	       871	80000f4a	02fbae23	sw	x15,60(x23)	 x23:0x8002cc60 x15:0x00000000 PA:0x8002cc9c store:0x00000000 load:0x00000000
        9715000	       872	80000f4e	050ba023	sw	x16,64(x23)	 x23:0x8002cc60 x16:0x03480000 PA:0x8002cca0 store:0x03480000 load:0x00000000
        9725000	       873	80000f52	051ba223	sw	x17,68(x23)	 x23:0x8002cc60 x17:0x8000361e PA:0x8002cca4 store:0x8000361e load:0x00000000
        9735000	       874	80000f56	052ba423	sw	x18,72(x23)	 x23:0x8002cc60 x18:0x0000050c PA:0x8002cca8 store:0x0000050c load:0x00000000
        9745000	       875	80000f5a	053ba623	sw	x19,76(x23)	 x23:0x8002cc60 x19:0x247fa133 PA:0x8002ccac store:0x247fa133 load:0x00000000
        9755000	       876	80000f5e	054ba823	sw	x20,80(x23)	 x23:0x8002cc60 x20:0x80000009 PA:0x8002ccb0 store:0x80000009 load:0x00000000
        9765000	       877	80000f62	055baa23	sw	x21,84(x23)	 x23:0x8002cc60 x21:0x0000050c PA:0x8002ccb4 store:0x0000050c load:0x00000000
        9775000	       878	80000f66	056bac23	sw	x22,88(x23)	 x23:0x8002cc60 x22:0x00000035 PA:0x8002ccb8 store:0x00000035 load:0x00000000
        9785000	       879	80000f6a	057bae23	sw	x23,92(x23)	 x23:0x8002cc60 x23:0x8002cc60 PA:0x8002ccbc store:0x8002cc60 load:0x00000000
        9795000	       880	80000f6e	078ba023	sw	x24,96(x23)	 x23:0x8002cc60 x24:0xfffff98b PA:0x8002ccc0 store:0xfffff98b load:0x00000000
        9805000	       881	80000f72	079ba223	sw	x25,100(x23)	 x23:0x8002cc60 x25:0x00000088 PA:0x8002ccc4 store:0x00000088 load:0x00000000
        9815000	       882	80000f76	07aba423	sw	x26,104(x23)	 x23:0x8002cc60 x26:0x8001b229 PA:0x8002ccc8 store:0x8001b229 load:0x00000000
        9825000	       883	80000f7a	07bba623	sw	x27,108(x23)	 x23:0x8002cc60 x27:0x00000000 PA:0x8002cccc store:0x00000000 load:0x00000000
        9835000	       884	80000f7e	07cba823	sw	x28,112(x23)	 x23:0x8002cc60 x28:0x800004c5 PA:0x8002ccd0 store:0x800004c5 load:0x00000000
        9845000	       885	80000f82	07dbaa23	sw	x29,116(x23)	 x23:0x8002cc60 x29:0xb0c56673 PA:0x8002ccd4 store:0xb0c56673 load:0x00000000
        9855000	       886	80000f86	07ebac23	sw	x30,120(x23)	 x23:0x8002cc60 x30:0x000000de PA:0x8002ccd8 store:0x000000de load:0x00000000
        9865000	       887	80000f8a	07fbae23	sw	x31,124(x23)	 x23:0x8002cc60 x31:0xffffffec PA:0x8002ccdc store:0xffffffec load:0x00000000
        9875000	       888	80000f8e	000b86b3	add	x13,x23,x0	 x23:0x8002cc60  x0:0x00000000 x13=0x8002cc60
        9885000	       889	80000f92	90000d37	lui	x26,0x90000	 x26=0x90000000
        9895000	       890	80000f96	1d71	c.addi	x26,-4	 x26:0x90000000 x26=0x8ffffffc
        9905000	       891	80000f98	4d99	c.li	x27,6	 x27=0x00000006
        9915000	       892	80000f9a	0da2	c.slli	x27,0x8	 x27:0x00000006 x27=0x00000600
        9925000	       893	80000f9c	000d8d93	addi	x27,x27,0	 x27:0x00000600 x27=0x00000600
        9935000	       894	80000fa0	01bd2023	sw	x27,0(x26)	 x26:0x8ffffffc x27:0x00000600 PA:0x8ffffffc store:0x00000600 load:0x00000000
        9945000	       895	80000fa4	34202df3	csrrs	x27,mcause,x0	  x0:0x00000000 x27=0x8000000b
        9955000	       896	80000fa8	01fddd93	srli	x27,x27,0x1f	 x27:0x8000000b x27=0x00000001
        9965000	       897	80000fac	060d8863	beq	x27,x0,8000101c	 x27:0x00000001  x0:0x00000000
        9975000	       898	80000fb0	90000d37	lui	x26,0x90000	 x26=0x90000000
        9985000	       899	80000fb4	1d71	c.addi	x26,-4	 x26:0x90000000 x26=0x8ffffffc
        9995000	       900	80000fb6	30000d93	addi	x27,x0,768	  x0:0x00000000 x27=0x00000300
       10005000	       901	80000fba	0da2	c.slli	x27,0x8	 x27:0x00000300 x27=0x00030000
       10015000	       902	80000fbc	0d8d	c.addi	x27,3	 x27:0x00030000 x27=0x00030003
       10025000	       903	80000fbe	01bd2023	sw	x27,0(x26)	 x26:0x8ffffffc x27:0x00030003 PA:0x8ffffffc store:0x00030003 load:0x00000000
       10035000	       904	80000fc2	30002df3	csrrs	x27,mstatus,x0	  x0:0x00000000 x27=0x00000080
       10045000	       905	80000fc6	01bd2023	sw	x27,0(x26)	 x26:0x8ffffffc x27:0x00000080 PA:0x8ffffffc store:0x00000080 load:0x00000000
       10055000	       906	80000fca	90000d37	lui	x26,0x90000	 x26=0x90000000
       10065000	       907	80000fce	1d71	c.addi	x26,-4	 x26:0x90000000 x26=0x8ffffffc
       10075000	       908	80000fd0	34200d93	addi	x27,x0,834	  x0:0x00000000 x27=0x00000342
       10085000	       909	80000fd4	0da2	c.slli	x27,0x8	 x27:0x00000342 x27=0x00034200
       10095000	       910	80000fd6	0d8d	c.addi	x27,3	 x27:0x00034200 x27=0x00034203
       10105000	       911	80000fd8	01bd2023	sw	x27,0(x26)	 x26:0x8ffffffc x27:0x00034203 PA:0x8ffffffc store:0x00034203 load:0x00000000
       10115000	       912	80000fdc	34202df3	csrrs	x27,mcause,x0	  x0:0x00000000 x27=0x8000000b
       10125000	       913	80000fe0	01bd2023	sw	x27,0(x26)	 x26:0x8ffffffc x27:0x8000000b PA:0x8ffffffc store:0x8000000b load:0x00000000
       10135000	       914	80000fe4	90000d37	lui	x26,0x90000	 x26=0x90000000
       10145000	       915	80000fe8	1d71	c.addi	x26,-4	 x26:0x90000000 x26=0x8ffffffc
       10155000	       916	80000fea	30400d93	addi	x27,x0,772	  x0:0x00000000 x27=0x00000304
       10165000	       917	80000fee	0da2	c.slli	x27,0x8	 x27:0x00000304 x27=0x00030400
       10175000	       918	80000ff0	0d8d	c.addi	x27,3	 x27:0x00030400 x27=0x00030403
       10185000	       919	80000ff2	01bd2023	sw	x27,0(x26)	 x26:0x8ffffffc x27:0x00030403 PA:0x8ffffffc store:0x00030403 load:0x00000000
       10195000	       920	80000ff6	30402df3	csrrs	x27,mie,x0	  x0:0x00000000 x27=0x00360888
       10205000	       921	80000ffa	01bd2023	sw	x27,0(x26)	 x26:0x8ffffffc x27:0x00360888 PA:0x8ffffffc store:0x00360888 load:0x00000000
       10215000	       922	80000ffe	90000d37	lui	x26,0x90000	 x26=0x90000000
       10225000	       923	80001002	1d71	c.addi	x26,-4	 x26:0x90000000 x26=0x8ffffffc
       10235000	       924	80001004	34400d93	addi	x27,x0,836	  x0:0x00000000 x27=0x00000344
       10245000	       925	80001008	0da2	c.slli	x27,0x8	 x27:0x00000344 x27=0x00034400
       10255000	       926	8000100a	0d8d	c.addi	x27,3	 x27:0x00034400 x27=0x00034403
       10265000	       927	8000100c	01bd2023	sw	x27,0(x26)	 x26:0x8ffffffc x27:0x00034403 PA:0x8ffffffc store:0x00034403 load:0x00000000
       10275000	       928	80001010	34402df3	csrrs	x27,mip,x0	  x0:0x00000000 x27=0x00000000
       10285000	       929	80001014	01bd2023	sw	x27,0(x26)	 x26:0x8ffffffc x27:0x00000000 PA:0x8ffffffc store:0x00000000 load:0x00000000
       10295000	       930	80001018	2b41106f	jal	x0,800122cc	  x0=0x00000000
       10315000	       932	800122cc	34002df3	csrrs	x27,mscratch,x0	  x0:0x00000000 x27=0x00000000
       10325000	       933	800122d0	01b04663	blt	x0,x27,800122dc	  x0:0x00000000 x27:0x00000000
       10335000	       934	800122d4	3400d073	csrrwi	x0,mscratch,1	  x0=0x00000000
       10345000	       935	800122d8	30046073	csrrsi	x0,mstatus,8	  x0=0x00000000
       10375000	       938	800122dc	34005073	csrrwi	x0,mscratch,0	  x0=0x00000000
       10385000	       939	800122e0	30002df3	csrrs	x27,mstatus,x0	  x0:0x00000000 x27=0x00000088
       10395000	       940	800122e4	30402df3	csrrs	x27,mie,x0	  x0:0x00000000 x27=0x00360888
       10405000	       941	800122e8	34402df3	csrrs	x27,mip,x0	  x0:0x00000000 x27=0x00000000
       10415000	       942	800122ec	344dbdf3	csrrc	x27,mip,x27	 x27:0x00000000 x27=0x00000000
       10445000	       945	800122f0	90000d37	lui	x26,0x90000	 x26=0x90000000
       10455000	       946	800122f4	1d71	c.addi	x26,-4	 x26:0x90000000 x26=0x8ffffffc
       10465000	       947	800122f6	4d9d	c.li	x27,7	 x27=0x00000007
       10475000	       948	800122f8	0da2	c.slli	x27,0x8	 x27:0x00000007 x27=0x00000700
       10485000	       949	800122fa	000d8d93	addi	x27,x27,0	 x27:0x00000700 x27=0x00000700
       10495000	       950	800122fe	01bd2023	sw	x27,0(x26)	 x26:0x8ffffffc x27:0x00000700 PA:0x8ffffffc store:0x00000700 load:0x00000000
       10505000	       951	80012302	00068bb3	add	x23,x13,x0	 x13:0x8002cc60  x0:0x00000000 x23=0x8002cc60
       10515000	       952	80012306	004ba083	lw	x1,4(x23)	 x23:0x8002cc60  x1=0x00000001 PA:0x8002cc64 load:0x00000001
       10525000	       953	8001230a	008ba103	lw	x2,8(x23)	 x23:0x8002cc60  x2=0x800135b5 PA:0x8002cc68 load:0x800135b5
       10535000	       954	8001230e	00cba183	lw	x3,12(x23)	 x23:0x8002cc60  x3=0x763e8640 PA:0x8002cc6c load:0x763e8640
       10545000	       955	80012312	010ba203	lw	x4,16(x23)	 x23:0x8002cc60  x4=0x00000012 PA:0x8002cc70 load:0x00000012
       10555000	       956	80012316	014ba283	lw	x5,20(x23)	 x23:0x8002cc60  x5=0xffffffbe PA:0x8002cc74 load:0xffffffbe
       10565000	       957	8001231a	018ba303	lw	x6,24(x23)	 x23:0x8002cc60  x6=0x80003610 PA:0x8002cc78 load:0x80003610
       10575000	       958	8001231e	01cba383	lw	x7,28(x23)	 x23:0x8002cc60  x7=0x247fa134 PA:0x8002cc7c load:0x247fa134
       10585000	       959	80012322	020ba403	lw	x8,32(x23)	 x23:0x8002cc60  x8=0x2c31599c PA:0x8002cc80 load:0x2c31599c
       10595000	       960	80012326	024ba483	lw	x9,36(x23)	 x23:0x8002cc60  x9=0x0000e000 PA:0x8002cc84 load:0x0000e000
       10605000	       961	8001232a	028ba503	lw	x10,40(x23)	 x23:0x8002cc60 x10=0x00000069 PA:0x8002cc88 load:0x00000069
       10615000	       962	8001232e	02cba583	lw	x11,44(x23)	 x23:0x8002cc60 x11=0xf1e8b1fd PA:0x8002cc8c load:0xf1e8b1fd
       10625000	       963	80012332	030ba603	lw	x12,48(x23)	 x23:0x8002cc60 x12=0x80013845 PA:0x8002cc90 load:0x80013845
       10635000	       964	80012336	034ba683	lw	x13,52(x23)	 x23:0x8002cc60 x13=0x8002cce0 PA:0x8002cc94 load:0x8002cce0
       10645000	       965	8001233a	038ba703	lw	x14,56(x23)	 x23:0x8002cc60 x14=0x0000001c PA:0x8002cc98 load:0x0000001c
       10655000	       966	8001233e	03cba783	lw	x15,60(x23)	 x23:0x8002cc60 x15=0x00000000 PA:0x8002cc9c load:0x00000000
       10665000	       967	80012342	040ba803	lw	x16,64(x23)	 x23:0x8002cc60 x16=0x03480000 PA:0x8002cca0 load:0x03480000
       10675000	       968	80012346	044ba883	lw	x17,68(x23)	 x23:0x8002cc60 x17=0x8000361e PA:0x8002cca4 load:0x8000361e
       10685000	       969	8001234a	048ba903	lw	x18,72(x23)	 x23:0x8002cc60 x18=0x0000050c PA:0x8002cca8 load:0x0000050c
       10695000	       970	8001234e	04cba983	lw	x19,76(x23)	 x23:0x8002cc60 x19=0x247fa133 PA:0x8002ccac load:0x247fa133
       10705000	       971	80012352	050baa03	lw	x20,80(x23)	 x23:0x8002cc60 x20=0x80000009 PA:0x8002ccb0 load:0x80000009
       10715000	       972	80012356	054baa83	lw	x21,84(x23)	 x23:0x8002cc60 x21=0x0000050c PA:0x8002ccb4 load:0x0000050c
       10725000	       973	8001235a	058bab03	lw	x22,88(x23)	 x23:0x8002cc60 x22=0x00000035 PA:0x8002ccb8 load:0x00000035
       10735000	       974	8001235e	05cbab83	lw	x23,92(x23)	 x23:0x8002cc60 x23=0x8002cc60 PA:0x8002ccbc load:0x8002cc60
       10755000	       976	80012362	060bac03	lw	x24,96(x23)	 x23:0x8002cc60 x24=0xfffff98b PA:0x8002ccc0 load:0xfffff98b
       10765000	       977	80012366	064bac83	lw	x25,100(x23)	 x23:0x8002cc60 x25=0x00000088 PA:0x8002ccc4 load:0x00000088
       10775000	       978	8001236a	068bad03	lw	x26,104(x23)	 x23:0x8002cc60 x26=0x8001b229 PA:0x8002ccc8 load:0x8001b229
       10785000	       979	8001236e	06cbad83	lw	x27,108(x23)	 x23:0x8002cc60 x27=0x00000000 PA:0x8002cccc load:0x00000000
       10795000	       980	80012372	070bae03	lw	x28,112(x23)	 x23:0x8002cc60 x28=0x800004c5 PA:0x8002ccd0 load:0x800004c5
       10805000	       981	80012376	074bae83	lw	x29,116(x23)	 x23:0x8002cc60 x29=0xb0c56673 PA:0x8002ccd4 load:0xb0c56673
       10815000	       982	8001237a	078baf03	lw	x30,120(x23)	 x23:0x8002cc60 x30=0x000000de PA:0x8002ccd8 load:0x000000de
       10825000	       983	8001237e	07cbaf83	lw	x31,124(x23)	 x23:0x8002cc60 x31=0xffffffec PA:0x8002ccdc load:0xffffffec
       10835000	       984	80012382	080b8b93	addi	x23,x23,128	 x23:0x8002cc60 x23=0x8002cce0
       10845000	       985	80012386	000b86b3	add	x13,x23,x0	 x23:0x8002cce0  x0:0x00000000 x13=0x8002cce0
       10855000	       986	8001238a	0006ab83	lw	x23,0(x13)	 x13:0x8002cce0 x23=0x80028e64 PA:0x8002cce0 load:0x80028e64
       10865000	       987	8001238e	0691	c.addi	x13,4	 x13:0x8002cce0 x13=0x8002cce4
       10875000	       988	80012390	30200073	mret	
       10915000	       992	800036be	ffcd0b23	sb	x28,-10(x26)	 x26:0x8001b229 x28:0x800004c5 PA:0x8001b21f store:0x800004c5 load:0x00000000
       10925000	       993	800036c2	8e45	c.or	x12,x9	 x12:0x80013845  x9:0x0000e000 x12=0x8001f845
       10935000	       994	800036c4	4062dfb3	sra	x31,x5,x6	  x5:0xffffffbe  x6:0x80003610 x31=0xffffffff
       10945000	       995	800036c8	0918	c.addi4spn	x14,x2,144	 x14=0x80013645
       10955000	       996	800036ca	01704733	xor	x14,x0,x23	  x0:0x00000000 x23:0x80028e64 x14=0x80028e64
       10965000	       997	800036ce	0fed0303	lb	x6,254(x26)	 x26:0x8001b229  x6=0xffffff94 PA:0x8001b327 load:0xffffff94
       10975000	       998	800036d2	0105a033	slt	x0,x11,x16	 x11:0xf1e8b1fd x16:0x03480000  x0=0x00000000
       10985000	       999	800036d6	f30d0323	sb	x16,-218(x26)	 x26:0x8001b229 x16:0x03480000 PA:0x8001b14f store:0x03480000 load:0x00000000
       10995000	      1000	800036da	01cd0a23	sb	x28,20(x26)	 x26:0x8001b229 x28:0x800004c5 PA:0x8001b23d store:0x800004c5 load:0x00000000
       11005000	      1001	800036de	03ad0a83	lb	x21,58(x26)	 x26:0x8001b229 x21=0xffffffe0 PA:0x8001b263 load:0xffffffe0
       11015000	      1002	800036e2	0001	c.addi	x0,0	  x0:0x00000000  x0=0x00000000
       11025000	      1003	800036e4	a2256017	auipc	x0,0xa2256	  x0=0x00000000
       11035000	      1004	800036e8	f8ad0803	lb	x16,-118(x26)	 x26:0x8001b229 x16=0x00000034 PA:0x8001b1b3 load:0x00000034
       11075000	      1008	8000272c	fd8fe06f	jal	x0,80000f04	  x0=0x00000000
       11095000	      1010	80000f04	16f1	c.addi	x13,-4	 x13:0x8002cce4 x13=0x8002cce0
       11105000	      1011	80000f06	0176a023	sw	x23,0(x13)	 x13:0x8002cce0 x23:0x80028e64 PA:0x8002cce0 store:0x80028e64 load:0x00000000
       11115000	      1012	80000f0a	00068bb3	add	x23,x13,x0	 x13:0x8002cce0  x0:0x00000000 x23=0x8002cce0
       11125000	      1013	80000f0e	f80b8b93	addi	x23,x23,-128	 x23:0x8002cce0 x23=0x8002cc60
       11135000	      1014	80000f12	001ba223	sw	x1,4(x23)	 x23:0x8002cc60  x1:0x00000001 PA:0x8002cc64 store:0x00000001 load:0x00000000
       11145000	      1015	80000f16	002ba423	sw	x2,8(x23)	 x23:0x8002cc60  x2:0x800135b5 PA:0x8002cc68 store:0x800135b5 load:0x00000000
       11155000	      1016	80000f1a	003ba623	sw	x3,12(x23)	 x23:0x8002cc60  x3:0x763e8640 PA:0x8002cc6c store:0x763e8640 load:0x00000000
       11165000	      1017	80000f1e	004ba823	sw	x4,16(x23)	 x23:0x8002cc60  x4:0x00000012 PA:0x8002cc70 store:0x00000012 load:0x00000000
       11175000	      1018	80000f22	005baa23	sw	x5,20(x23)	 x23:0x8002cc60  x5:0xffffffbe PA:0x8002cc74 store:0xffffffbe load:0x00000000
       11185000	      1019	80000f26	006bac23	sw	x6,24(x23)	 x23:0x8002cc60  x6:0xffffff94 PA:0x8002cc78 store:0xffffff94 load:0x00000000
       11195000	      1020	80000f2a	007bae23	sw	x7,28(x23)	 x23:0x8002cc60  x7:0x247fa134 PA:0x8002cc7c store:0x247fa134 load:0x00000000
       11205000	      1021	80000f2e	028ba023	sw	x8,32(x23)	 x23:0x8002cc60  x8:0x2c31599c PA:0x8002cc80 store:0x2c31599c load:0x00000000
       11215000	      1022	80000f32	029ba223	sw	x9,36(x23)	 x23:0x8002cc60  x9:0x0000e000 PA:0x8002cc84 store:0x0000e000 load:0x00000000
       11225000	      1023	80000f36	02aba423	sw	x10,40(x23)	 x23:0x8002cc60 x10:0x00000069 PA:0x8002cc88 store:0x00000069 load:0x00000000
       11235000	      1024	80000f3a	02bba623	sw	x11,44(x23)	 x23:0x8002cc60 x11:0xf1e8b1fd PA:0x8002cc8c store:0xf1e8b1fd load:0x00000000
       11245000	      1025	80000f3e	02cba823	sw	x12,48(x23)	 x23:0x8002cc60 x12:0x8001f845 PA:0x8002cc90 store:0x8001f845 load:0x00000000
       11255000	      1026	80000f42	02dbaa23	sw	x13,52(x23)	 x23:0x8002cc60 x13:0x8002cce0 PA:0x8002cc94 store:0x8002cce0 load:0x00000000
       11265000	      1027	80000f46	02ebac23	sw	x14,56(x23)	 x23:0x8002cc60 x14:0x80028e64 PA:0x8002cc98 store:0x80028e64 load:0x00000000
       11275000	      1028	80000f4a	02fbae23	sw	x15,60(x23)	 x23:0x8002cc60 x15:0x00000000 PA:0x8002cc9c store:0x00000000 load:0x00000000
       11285000	      1029	80000f4e	050ba023	sw	x16,64(x23)	 x23:0x8002cc60 x16:0x00000034 PA:0x8002cca0 store:0x00000034 load:0x00000000
       11295000	      1030	80000f52	051ba223	sw	x17,68(x23)	 x23:0x8002cc60 x17:0x8000361e PA:0x8002cca4 store:0x8000361e load:0x00000000
       11305000	      1031	80000f56	052ba423	sw	x18,72(x23)	 x23:0x8002cc60 x18:0x0000050c PA:0x8002cca8 store:0x0000050c load:0x00000000
       11315000	      1032	80000f5a	053ba623	sw	x19,76(x23)	 x23:0x8002cc60 x19:0x247fa133 PA:0x8002ccac store:0x247fa133 load:0x00000000
       11325000	      1033	80000f5e	054ba823	sw	x20,80(x23)	 x23:0x8002cc60 x20:0x80000009 PA:0x8002ccb0 store:0x80000009 load:0x00000000
       11335000	      1034	80000f62	055baa23	sw	x21,84(x23)	 x23:0x8002cc60 x21:0xffffffe0 PA:0x8002ccb4 store:0xffffffe0 load:0x00000000
       11345000	      1035	80000f66	056bac23	sw	x22,88(x23)	 x23:0x8002cc60 x22:0x00000035 PA:0x8002ccb8 store:0x00000035 load:0x00000000
       11355000	      1036	80000f6a	057bae23	sw	x23,92(x23)	 x23:0x8002cc60 x23:0x8002cc60 PA:0x8002ccbc store:0x8002cc60 load:0x00000000
       11365000	      1037	80000f6e	078ba023	sw	x24,96(x23)	 x23:0x8002cc60 x24:0xfffff98b PA:0x8002ccc0 store:0xfffff98b load:0x00000000
       11375000	      1038	80000f72	079ba223	sw	x25,100(x23)	 x23:0x8002cc60 x25:0x00000088 PA:0x8002ccc4 store:0x00000088 load:0x00000000
       11385000	      1039	80000f76	07aba423	sw	x26,104(x23)	 x23:0x8002cc60 x26:0x8001b229 PA:0x8002ccc8 store:0x8001b229 load:0x00000000
       11395000	      1040	80000f7a	07bba623	sw	x27,108(x23)	 x23:0x8002cc60 x27:0x00000000 PA:0x8002cccc store:0x00000000 load:0x00000000
       11405000	      1041	80000f7e	07cba823	sw	x28,112(x23)	 x23:0x8002cc60 x28:0x800004c5 PA:0x8002ccd0 store:0x800004c5 load:0x00000000
       11415000	      1042	80000f82	07dbaa23	sw	x29,116(x23)	 x23:0x8002cc60 x29:0xb0c56673 PA:0x8002ccd4 store:0xb0c56673 load:0x00000000
       11425000	      1043	80000f86	07ebac23	sw	x30,120(x23)	 x23:0x8002cc60 x30:0x000000de PA:0x8002ccd8 store:0x000000de load:0x00000000
       11435000	      1044	80000f8a	07fbae23	sw	x31,124(x23)	 x23:0x8002cc60 x31:0xffffffff PA:0x8002ccdc store:0xffffffff load:0x00000000
       11445000	      1045	80000f8e	000b86b3	add	x13,x23,x0	 x23:0x8002cc60  x0:0x00000000 x13=0x8002cc60
       11455000	      1046	80000f92	90000d37	lui	x26,0x90000	 x26=0x90000000
       11465000	      1047	80000f96	1d71	c.addi	x26,-4	 x26:0x90000000 x26=0x8ffffffc
       11475000	      1048	80000f98	4d99	c.li	x27,6	 x27=0x00000006
       11485000	      1049	80000f9a	0da2	c.slli	x27,0x8	 x27:0x00000006 x27=0x00000600
       11495000	      1050	80000f9c	000d8d93	addi	x27,x27,0	 x27:0x00000600 x27=0x00000600
       11505000	      1051	80000fa0	01bd2023	sw	x27,0(x26)	 x26:0x8ffffffc x27:0x00000600 PA:0x8ffffffc store:0x00000600 load:0x00000000
       11515000	      1052	80000fa4	34202df3	csrrs	x27,mcause,x0	  x0:0x00000000 x27=0x8000000b
       11525000	      1053	80000fa8	01fddd93	srli	x27,x27,0x1f	 x27:0x8000000b x27=0x00000001
       11535000	      1054	80000fac	060d8863	beq	x27,x0,8000101c	 x27:0x00000001  x0:0x00000000
       11545000	      1055	80000fb0	90000d37	lui	x26,0x90000	 x26=0x90000000
       11555000	      1056	80000fb4	1d71	c.addi	x26,-4	 x26:0x90000000 x26=0x8ffffffc
       11565000	      1057	80000fb6	30000d93	addi	x27,x0,768	  x0:0x00000000 x27=0x00000300
       11575000	      1058	80000fba	0da2	c.slli	x27,0x8	 x27:0x00000300 x27=0x00030000
       11585000	      1059	80000fbc	0d8d	c.addi	x27,3	 x27:0x00030000 x27=0x00030003
       11595000	      1060	80000fbe	01bd2023	sw	x27,0(x26)	 x26:0x8ffffffc x27:0x00030003 PA:0x8ffffffc store:0x00030003 load:0x00000000
       11605000	      1061	80000fc2	30002df3	csrrs	x27,mstatus,x0	  x0:0x00000000 x27=0x00000080
       11615000	      1062	80000fc6	01bd2023	sw	x27,0(x26)	 x26:0x8ffffffc x27:0x00000080 PA:0x8ffffffc store:0x00000080 load:0x00000000
       11625000	      1063	80000fca	90000d37	lui	x26,0x90000	 x26=0x90000000
       11635000	      1064	80000fce	1d71	c.addi	x26,-4	 x26:0x90000000 x26=0x8ffffffc
       11645000	      1065	80000fd0	34200d93	addi	x27,x0,834	  x0:0x00000000 x27=0x00000342
       11655000	      1066	80000fd4	0da2	c.slli	x27,0x8	 x27:0x00000342 x27=0x00034200
       11665000	      1067	80000fd6	0d8d	c.addi	x27,3	 x27:0x00034200 x27=0x00034203
       11675000	      1068	80000fd8	01bd2023	sw	x27,0(x26)	 x26:0x8ffffffc x27:0x00034203 PA:0x8ffffffc store:0x00034203 load:0x00000000
       11685000	      1069	80000fdc	34202df3	csrrs	x27,mcause,x0	  x0:0x00000000 x27=0x8000000b
       11695000	      1070	80000fe0	01bd2023	sw	x27,0(x26)	 x26:0x8ffffffc x27:0x8000000b PA:0x8ffffffc store:0x8000000b load:0x00000000
       11705000	      1071	80000fe4	90000d37	lui	x26,0x90000	 x26=0x90000000
       11715000	      1072	80000fe8	1d71	c.addi	x26,-4	 x26:0x90000000 x26=0x8ffffffc
       11725000	      1073	80000fea	30400d93	addi	x27,x0,772	  x0:0x00000000 x27=0x00000304
       11735000	      1074	80000fee	0da2	c.slli	x27,0x8	 x27:0x00000304 x27=0x00030400
       11745000	      1075	80000ff0	0d8d	c.addi	x27,3	 x27:0x00030400 x27=0x00030403
       11755000	      1076	80000ff2	01bd2023	sw	x27,0(x26)	 x26:0x8ffffffc x27:0x00030403 PA:0x8ffffffc store:0x00030403 load:0x00000000
       11765000	      1077	80000ff6	30402df3	csrrs	x27,mie,x0	  x0:0x00000000 x27=0x00360888
       11775000	      1078	80000ffa	01bd2023	sw	x27,0(x26)	 x26:0x8ffffffc x27:0x00360888 PA:0x8ffffffc store:0x00360888 load:0x00000000
       11785000	      1079	80000ffe	90000d37	lui	x26,0x90000	 x26=0x90000000
       11795000	      1080	80001002	1d71	c.addi	x26,-4	 x26:0x90000000 x26=0x8ffffffc
       11805000	      1081	80001004	34400d93	addi	x27,x0,836	  x0:0x00000000 x27=0x00000344
       11815000	      1082	80001008	0da2	c.slli	x27,0x8	 x27:0x00000344 x27=0x00034400
       11825000	      1083	8000100a	0d8d	c.addi	x27,3	 x27:0x00034400 x27=0x00034403
       11835000	      1084	8000100c	01bd2023	sw	x27,0(x26)	 x26:0x8ffffffc x27:0x00034403 PA:0x8ffffffc store:0x00034403 load:0x00000000
       11845000	      1085	80001010	34402df3	csrrs	x27,mip,x0	  x0:0x00000000 x27=0x00000000
       11855000	      1086	80001014	01bd2023	sw	x27,0(x26)	 x26:0x8ffffffc x27:0x00000000 PA:0x8ffffffc store:0x00000000 load:0x00000000
       11865000	      1087	80001018	2b41106f	jal	x0,800122cc	  x0=0x00000000
       11885000	      1089	800122cc	34002df3	csrrs	x27,mscratch,x0	  x0:0x00000000 x27=0x00000000
       11895000	      1090	800122d0	01b04663	blt	x0,x27,800122dc	  x0:0x00000000 x27:0x00000000
       11905000	      1091	800122d4	3400d073	csrrwi	x0,mscratch,1	  x0=0x00000000
       11915000	      1092	800122d8	30046073	csrrsi	x0,mstatus,8	  x0=0x00000000
       11945000	      1095	800122dc	34005073	csrrwi	x0,mscratch,0	  x0=0x00000000
       11955000	      1096	800122e0	30002df3	csrrs	x27,mstatus,x0	  x0:0x00000000 x27=0x00000088
       11965000	      1097	800122e4	30402df3	csrrs	x27,mie,x0	  x0:0x00000000 x27=0x00360888
       11975000	      1098	800122e8	34402df3	csrrs	x27,mip,x0	  x0:0x00000000 x27=0x00000000
       11985000	      1099	800122ec	344dbdf3	csrrc	x27,mip,x27	 x27:0x00000000 x27=0x00000000
       12015000	      1102	800122f0	90000d37	lui	x26,0x90000	 x26=0x90000000
       12025000	      1103	800122f4	1d71	c.addi	x26,-4	 x26:0x90000000 x26=0x8ffffffc
       12035000	      1104	800122f6	4d9d	c.li	x27,7	 x27=0x00000007
       12045000	      1105	800122f8	0da2	c.slli	x27,0x8	 x27:0x00000007 x27=0x00000700
       12055000	      1106	800122fa	000d8d93	addi	x27,x27,0	 x27:0x00000700 x27=0x00000700
       12065000	      1107	800122fe	01bd2023	sw	x27,0(x26)	 x26:0x8ffffffc x27:0x00000700 PA:0x8ffffffc store:0x00000700 load:0x00000000
       12075000	      1108	80012302	00068bb3	add	x23,x13,x0	 x13:0x8002cc60  x0:0x00000000 x23=0x8002cc60
       12085000	      1109	80012306	004ba083	lw	x1,4(x23)	 x23:0x8002cc60  x1=0x00000001 PA:0x8002cc64 load:0x00000001
       12095000	      1110	8001230a	008ba103	lw	x2,8(x23)	 x23:0x8002cc60  x2=0x800135b5 PA:0x8002cc68 load:0x800135b5
       12105000	      1111	8001230e	00cba183	lw	x3,12(x23)	 x23:0x8002cc60  x3=0x763e8640 PA:0x8002cc6c load:0x763e8640
       12115000	      1112	80012312	010ba203	lw	x4,16(x23)	 x23:0x8002cc60  x4=0x00000012 PA:0x8002cc70 load:0x00000012
       12125000	      1113	80012316	014ba283	lw	x5,20(x23)	 x23:0x8002cc60  x5=0xffffffbe PA:0x8002cc74 load:0xffffffbe
       12135000	      1114	8001231a	018ba303	lw	x6,24(x23)	 x23:0x8002cc60  x6=0xffffff94 PA:0x8002cc78 load:0xffffff94
       12145000	      1115	8001231e	01cba383	lw	x7,28(x23)	 x23:0x8002cc60  x7=0x247fa134 PA:0x8002cc7c load:0x247fa134
       12155000	      1116	80012322	020ba403	lw	x8,32(x23)	 x23:0x8002cc60  x8=0x2c31599c PA:0x8002cc80 load:0x2c31599c
       12165000	      1117	80012326	024ba483	lw	x9,36(x23)	 x23:0x8002cc60  x9=0x0000e000 PA:0x8002cc84 load:0x0000e000
       12175000	      1118	8001232a	028ba503	lw	x10,40(x23)	 x23:0x8002cc60 x10=0x00000069 PA:0x8002cc88 load:0x00000069
       12185000	      1119	8001232e	02cba583	lw	x11,44(x23)	 x23:0x8002cc60 x11=0xf1e8b1fd PA:0x8002cc8c load:0xf1e8b1fd
       12195000	      1120	80012332	030ba603	lw	x12,48(x23)	 x23:0x8002cc60 x12=0x8001f845 PA:0x8002cc90 load:0x8001f845
       12205000	      1121	80012336	034ba683	lw	x13,52(x23)	 x23:0x8002cc60 x13=0x8002cce0 PA:0x8002cc94 load:0x8002cce0
       12215000	      1122	8001233a	038ba703	lw	x14,56(x23)	 x23:0x8002cc60 x14=0x80028e64 PA:0x8002cc98 load:0x80028e64
       12225000	      1123	8001233e	03cba783	lw	x15,60(x23)	 x23:0x8002cc60 x15=0x00000000 PA:0x8002cc9c load:0x00000000
       12235000	      1124	80012342	040ba803	lw	x16,64(x23)	 x23:0x8002cc60 x16=0x00000034 PA:0x8002cca0 load:0x00000034
       12245000	      1125	80012346	044ba883	lw	x17,68(x23)	 x23:0x8002cc60 x17=0x8000361e PA:0x8002cca4 load:0x8000361e
       12255000	      1126	8001234a	048ba903	lw	x18,72(x23)	 x23:0x8002cc60 x18=0x0000050c PA:0x8002cca8 load:0x0000050c
       12265000	      1127	8001234e	04cba983	lw	x19,76(x23)	 x23:0x8002cc60 x19=0x247fa133 PA:0x8002ccac load:0x247fa133
       12275000	      1128	80012352	050baa03	lw	x20,80(x23)	 x23:0x8002cc60 x20=0x80000009 PA:0x8002ccb0 load:0x80000009
       12285000	      1129	80012356	054baa83	lw	x21,84(x23)	 x23:0x8002cc60 x21=0xffffffe0 PA:0x8002ccb4 load:0xffffffe0
       12295000	      1130	8001235a	058bab03	lw	x22,88(x23)	 x23:0x8002cc60 x22=0x00000035 PA:0x8002ccb8 load:0x00000035
       12305000	      1131	8001235e	05cbab83	lw	x23,92(x23)	 x23:0x8002cc60 x23=0x8002cc60 PA:0x8002ccbc load:0x8002cc60
       12325000	      1133	80012362	060bac03	lw	x24,96(x23)	 x23:0x8002cc60 x24=0xfffff98b PA:0x8002ccc0 load:0xfffff98b
       12335000	      1134	80012366	064bac83	lw	x25,100(x23)	 x23:0x8002cc60 x25=0x00000088 PA:0x8002ccc4 load:0x00000088
       12345000	      1135	8001236a	068bad03	lw	x26,104(x23)	 x23:0x8002cc60 x26=0x8001b229 PA:0x8002ccc8 load:0x8001b229
       12355000	      1136	8001236e	06cbad83	lw	x27,108(x23)	 x23:0x8002cc60 x27=0x00000000 PA:0x8002cccc load:0x00000000
       12365000	      1137	80012372	070bae03	lw	x28,112(x23)	 x23:0x8002cc60 x28=0x800004c5 PA:0x8002ccd0 load:0x800004c5
       12375000	      1138	80012376	074bae83	lw	x29,116(x23)	 x23:0x8002cc60 x29=0xb0c56673 PA:0x8002ccd4 load:0xb0c56673
       12385000	      1139	8001237a	078baf03	lw	x30,120(x23)	 x23:0x8002cc60 x30=0x000000de PA:0x8002ccd8 load:0x000000de
       12395000	      1140	8001237e	07cbaf83	lw	x31,124(x23)	 x23:0x8002cc60 x31=0xffffffff PA:0x8002ccdc load:0xffffffff
       12405000	      1141	80012382	080b8b93	addi	x23,x23,128	 x23:0x8002cc60 x23=0x8002cce0
       12415000	      1142	80012386	000b86b3	add	x13,x23,x0	 x23:0x8002cce0  x0:0x00000000 x13=0x8002cce0
       12425000	      1143	8001238a	0006ab83	lw	x23,0(x13)	 x13:0x8002cce0 x23=0x80028e64 PA:0x8002cce0 load:0x80028e64
       12435000	      1144	8001238e	0691	c.addi	x13,4	 x13:0x8002cce0 x13=0x8002cce4
       12445000	      1145	80012390	30200073	mret	
       12475000	      1148	800036ec	0001df17	auipc	x30,0x1d	 x30=0x800206ec
       12485000	      1149	800036f0	e21f0f13	addi	x30,x30,-479	 x30:0x800206ec x30=0x8002050d
       12495000	      1150	800036f4	00010617	auipc	x12,0x10	 x12=0x800136f4
       12505000	      1151	800036f8	e4d60613	addi	x12,x12,-435	 x12:0x800136f4 x12=0x80013541
       12515000	      1152	800036fc	774f27a3	sw	x20,1903(x30)	 x30:0x8002050d x20:0x80000009 PA:0x80020c7c store:0x80000009 load:0x00000000
       12525000	      1153	80003700	02c64003	lbu	x0,44(x12)	 x12:0x80013541  x0=0x00000000 PA:0x8001356d load:0x00000090
       12535000	      1154	80003704	6b1f0a23	sb	x17,1716(x30)	 x30:0x8002050d x17:0x8000361e PA:0x80020bc1 store:0x8000361e load:0x00000000
       12545000	      1155	80003708	820f2ba3	sw	x0,-1993(x30)	 x30:0x8002050d  x0:0x00000000 PA:0x8001fd44 store:0x00000000 load:0x00000000
       12555000	      1156	8000370c	01564303	lbu	x6,21(x12)	 x12:0x80013541  x6=0x000000f1 PA:0x80013556 load:0x000000f1
       12565000	      1157	80003710	17cf0903	lb	x18,380(x30)	 x30:0x8002050d x18=0x0000003f PA:0x80020689 load:0x0000003f
       12575000	      1158	80003714	fe761883	lh	x17,-25(x12)	 x12:0x80013541 x17=0xffffb5e9 PA:0x80013528 load:0xffffb5e9
       12585000	      1159	80003718	746f10a3	sh	x6,1857(x30)	 x30:0x8002050d  x6:0x000000f1 PA:0x80020c4e store:0x000000f1 load:0x00000000
       12595000	      1160	8000371c	03e60403	lb	x8,62(x12)	 x12:0x80013541  x8=0xffffffb6 PA:0x8001357f load:0xffffffb6
       12605000	      1161	80003720	fca60423	sb	x10,-56(x12)	 x12:0x80013541 x10:0x00000069 PA:0x80013509 store:0x00000069 load:0x00000000
       12645000	      1165	8000272c	fd8fe06f	jal	x0,80000f04	  x0=0x00000000
       12665000	      1167	80000f04	16f1	c.addi	x13,-4	 x13:0x8002cce4 x13=0x8002cce0
       12675000	      1168	80000f06	0176a023	sw	x23,0(x13)	 x13:0x8002cce0 x23:0x80028e64 PA:0x8002cce0 store:0x80028e64 load:0x00000000
       12685000	      1169	80000f0a	00068bb3	add	x23,x13,x0	 x13:0x8002cce0  x0:0x00000000 x23=0x8002cce0
       12695000	      1170	80000f0e	f80b8b93	addi	x23,x23,-128	 x23:0x8002cce0 x23=0x8002cc60
       12705000	      1171	80000f12	001ba223	sw	x1,4(x23)	 x23:0x8002cc60  x1:0x00000001 PA:0x8002cc64 store:0x00000001 load:0x00000000
       12715000	      1172	80000f16	002ba423	sw	x2,8(x23)	 x23:0x8002cc60  x2:0x800135b5 PA:0x8002cc68 store:0x800135b5 load:0x00000000
       12725000	      1173	80000f1a	003ba623	sw	x3,12(x23)	 x23:0x8002cc60  x3:0x763e8640 PA:0x8002cc6c store:0x763e8640 load:0x00000000
       12735000	      1174	80000f1e	004ba823	sw	x4,16(x23)	 x23:0x8002cc60  x4:0x00000012 PA:0x8002cc70 store:0x00000012 load:0x00000000
       12745000	      1175	80000f22	005baa23	sw	x5,20(x23)	 x23:0x8002cc60  x5:0xffffffbe PA:0x8002cc74 store:0xffffffbe load:0x00000000
       12755000	      1176	80000f26	006bac23	sw	x6,24(x23)	 x23:0x8002cc60  x6:0x000000f1 PA:0x8002cc78 store:0x000000f1 load:0x00000000
       12765000	      1177	80000f2a	007bae23	sw	x7,28(x23)	 x23:0x8002cc60  x7:0x247fa134 PA:0x8002cc7c store:0x247fa134 load:0x00000000
       12775000	      1178	80000f2e	028ba023	sw	x8,32(x23)	 x23:0x8002cc60  x8:0xffffffb6 PA:0x8002cc80 store:0xffffffb6 load:0x00000000
       12785000	      1179	80000f32	029ba223	sw	x9,36(x23)	 x23:0x8002cc60  x9:0x0000e000 PA:0x8002cc84 store:0x0000e000 load:0x00000000
       12795000	      1180	80000f36	02aba423	sw	x10,40(x23)	 x23:0x8002cc60 x10:0x00000069 PA:0x8002cc88 store:0x00000069 load:0x00000000
       12805000	      1181	80000f3a	02bba623	sw	x11,44(x23)	 x23:0x8002cc60 x11:0xf1e8b1fd PA:0x8002cc8c store:0xf1e8b1fd load:0x00000000
       12815000	      1182	80000f3e	02cba823	sw	x12,48(x23)	 x23:0x8002cc60 x12:0x80013541 PA:0x8002cc90 store:0x80013541 load:0x00000000
       12825000	      1183	80000f42	02dbaa23	sw	x13,52(x23)	 x23:0x8002cc60 x13:0x8002cce0 PA:0x8002cc94 store:0x8002cce0 load:0x00000000
       12835000	      1184	80000f46	02ebac23	sw	x14,56(x23)	 x23:0x8002cc60 x14:0x80028e64 PA:0x8002cc98 store:0x80028e64 load:0x00000000
       12845000	      1185	80000f4a	02fbae23	sw	x15,60(x23)	 x23:0x8002cc60 x15:0x00000000 PA:0x8002cc9c store:0x00000000 load:0x00000000
       12855000	      1186	80000f4e	050ba023	sw	x16,64(x23)	 x23:0x8002cc60 x16:0x00000034 PA:0x8002cca0 store:0x00000034 load:0x00000000
       12865000	      1187	80000f52	051ba223	sw	x17,68(x23)	 x23:0x8002cc60 x17:0xffffb5e9 PA:0x8002cca4 store:0xffffb5e9 load:0x00000000
       12875000	      1188	80000f56	052ba423	sw	x18,72(x23)	 x23:0x8002cc60 x18:0x0000003f PA:0x8002cca8 store:0x0000003f load:0x00000000
       12885000	      1189	80000f5a	053ba623	sw	x19,76(x23)	 x23:0x8002cc60 x19:0x247fa133 PA:0x8002ccac store:0x247fa133 load:0x00000000
       12895000	      1190	80000f5e	054ba823	sw	x20,80(x23)	 x23:0x8002cc60 x20:0x80000009 PA:0x8002ccb0 store:0x80000009 load:0x00000000
       12905000	      1191	80000f62	055baa23	sw	x21,84(x23)	 x23:0x8002cc60 x21:0xffffffe0 PA:0x8002ccb4 store:0xffffffe0 load:0x00000000
       12915000	      1192	80000f66	056bac23	sw	x22,88(x23)	 x23:0x8002cc60 x22:0x00000035 PA:0x8002ccb8 store:0x00000035 load:0x00000000
       12925000	      1193	80000f6a	057bae23	sw	x23,92(x23)	 x23:0x8002cc60 x23:0x8002cc60 PA:0x8002ccbc store:0x8002cc60 load:0x00000000
       12935000	      1194	80000f6e	078ba023	sw	x24,96(x23)	 x23:0x8002cc60 x24:0xfffff98b PA:0x8002ccc0 store:0xfffff98b load:0x00000000
       12945000	      1195	80000f72	079ba223	sw	x25,100(x23)	 x23:0x8002cc60 x25:0x00000088 PA:0x8002ccc4 store:0x00000088 load:0x00000000
       12955000	      1196	80000f76	07aba423	sw	x26,104(x23)	 x23:0x8002cc60 x26:0x8001b229 PA:0x8002ccc8 store:0x8001b229 load:0x00000000
       12965000	      1197	80000f7a	07bba623	sw	x27,108(x23)	 x23:0x8002cc60 x27:0x00000000 PA:0x8002cccc store:0x00000000 load:0x00000000
       12975000	      1198	80000f7e	07cba823	sw	x28,112(x23)	 x23:0x8002cc60 x28:0x800004c5 PA:0x8002ccd0 store:0x800004c5 load:0x00000000
       12985000	      1199	80000f82	07dbaa23	sw	x29,116(x23)	 x23:0x8002cc60 x29:0xb0c56673 PA:0x8002ccd4 store:0xb0c56673 load:0x00000000
       12995000	      1200	80000f86	07ebac23	sw	x30,120(x23)	 x23:0x8002cc60 x30:0x8002050d PA:0x8002ccd8 store:0x8002050d load:0x00000000
       13005000	      1201	80000f8a	07fbae23	sw	x31,124(x23)	 x23:0x8002cc60 x31:0xffffffff PA:0x8002ccdc store:0xffffffff load:0x00000000
       13015000	      1202	80000f8e	000b86b3	add	x13,x23,x0	 x23:0x8002cc60  x0:0x00000000 x13=0x8002cc60
       13025000	      1203	80000f92	90000d37	lui	x26,0x90000	 x26=0x90000000
       13035000	      1204	80000f96	1d71	c.addi	x26,-4	 x26:0x90000000 x26=0x8ffffffc
       13045000	      1205	80000f98	4d99	c.li	x27,6	 x27=0x00000006
       13055000	      1206	80000f9a	0da2	c.slli	x27,0x8	 x27:0x00000006 x27=0x00000600
       13065000	      1207	80000f9c	000d8d93	addi	x27,x27,0	 x27:0x00000600 x27=0x00000600
       13075000	      1208	80000fa0	01bd2023	sw	x27,0(x26)	 x26:0x8ffffffc x27:0x00000600 PA:0x8ffffffc store:0x00000600 load:0x00000000
       13085000	      1209	80000fa4	34202df3	csrrs	x27,mcause,x0	  x0:0x00000000 x27=0x8000000b
       13095000	      1210	80000fa8	01fddd93	srli	x27,x27,0x1f	 x27:0x8000000b x27=0x00000001
       13105000	      1211	80000fac	060d8863	beq	x27,x0,8000101c	 x27:0x00000001  x0:0x00000000
       13115000	      1212	80000fb0	90000d37	lui	x26,0x90000	 x26=0x90000000
       13125000	      1213	80000fb4	1d71	c.addi	x26,-4	 x26:0x90000000 x26=0x8ffffffc
       13135000	      1214	80000fb6	30000d93	addi	x27,x0,768	  x0:0x00000000 x27=0x00000300
       13145000	      1215	80000fba	0da2	c.slli	x27,0x8	 x27:0x00000300 x27=0x00030000
       13155000	      1216	80000fbc	0d8d	c.addi	x27,3	 x27:0x00030000 x27=0x00030003
       13165000	      1217	80000fbe	01bd2023	sw	x27,0(x26)	 x26:0x8ffffffc x27:0x00030003 PA:0x8ffffffc store:0x00030003 load:0x00000000
       13175000	      1218	80000fc2	30002df3	csrrs	x27,mstatus,x0	  x0:0x00000000 x27=0x00000080
       13185000	      1219	80000fc6	01bd2023	sw	x27,0(x26)	 x26:0x8ffffffc x27:0x00000080 PA:0x8ffffffc store:0x00000080 load:0x00000000
       13195000	      1220	80000fca	90000d37	lui	x26,0x90000	 x26=0x90000000
       13205000	      1221	80000fce	1d71	c.addi	x26,-4	 x26:0x90000000 x26=0x8ffffffc
       13215000	      1222	80000fd0	34200d93	addi	x27,x0,834	  x0:0x00000000 x27=0x00000342
       13225000	      1223	80000fd4	0da2	c.slli	x27,0x8	 x27:0x00000342 x27=0x00034200
       13235000	      1224	80000fd6	0d8d	c.addi	x27,3	 x27:0x00034200 x27=0x00034203
       13245000	      1225	80000fd8	01bd2023	sw	x27,0(x26)	 x26:0x8ffffffc x27:0x00034203 PA:0x8ffffffc store:0x00034203 load:0x00000000
       13255000	      1226	80000fdc	34202df3	csrrs	x27,mcause,x0	  x0:0x00000000 x27=0x8000000b
       13265000	      1227	80000fe0	01bd2023	sw	x27,0(x26)	 x26:0x8ffffffc x27:0x8000000b PA:0x8ffffffc store:0x8000000b load:0x00000000
       13275000	      1228	80000fe4	90000d37	lui	x26,0x90000	 x26=0x90000000
       13285000	      1229	80000fe8	1d71	c.addi	x26,-4	 x26:0x90000000 x26=0x8ffffffc
       13295000	      1230	80000fea	30400d93	addi	x27,x0,772	  x0:0x00000000 x27=0x00000304
       13305000	      1231	80000fee	0da2	c.slli	x27,0x8	 x27:0x00000304 x27=0x00030400
       13315000	      1232	80000ff0	0d8d	c.addi	x27,3	 x27:0x00030400 x27=0x00030403
       13325000	      1233	80000ff2	01bd2023	sw	x27,0(x26)	 x26:0x8ffffffc x27:0x00030403 PA:0x8ffffffc store:0x00030403 load:0x00000000
       13335000	      1234	80000ff6	30402df3	csrrs	x27,mie,x0	  x0:0x00000000 x27=0x00360888
       13345000	      1235	80000ffa	01bd2023	sw	x27,0(x26)	 x26:0x8ffffffc x27:0x00360888 PA:0x8ffffffc store:0x00360888 load:0x00000000
       13355000	      1236	80000ffe	90000d37	lui	x26,0x90000	 x26=0x90000000
       13365000	      1237	80001002	1d71	c.addi	x26,-4	 x26:0x90000000 x26=0x8ffffffc
       13375000	      1238	80001004	34400d93	addi	x27,x0,836	  x0:0x00000000 x27=0x00000344
       13385000	      1239	80001008	0da2	c.slli	x27,0x8	 x27:0x00000344 x27=0x00034400
       13395000	      1240	8000100a	0d8d	c.addi	x27,3	 x27:0x00034400 x27=0x00034403
       13405000	      1241	8000100c	01bd2023	sw	x27,0(x26)	 x26:0x8ffffffc x27:0x00034403 PA:0x8ffffffc store:0x00034403 load:0x00000000
       13415000	      1242	80001010	34402df3	csrrs	x27,mip,x0	  x0:0x00000000 x27=0x00000000
       13425000	      1243	80001014	01bd2023	sw	x27,0(x26)	 x26:0x8ffffffc x27:0x00000000 PA:0x8ffffffc store:0x00000000 load:0x00000000
       13435000	      1244	80001018	2b41106f	jal	x0,800122cc	  x0=0x00000000
       13455000	      1246	800122cc	34002df3	csrrs	x27,mscratch,x0	  x0:0x00000000 x27=0x00000000
       13465000	      1247	800122d0	01b04663	blt	x0,x27,800122dc	  x0:0x00000000 x27:0x00000000
       13475000	      1248	800122d4	3400d073	csrrwi	x0,mscratch,1	  x0=0x00000000
       13485000	      1249	800122d8	30046073	csrrsi	x0,mstatus,8	  x0=0x00000000
       13515000	      1252	800122dc	34005073	csrrwi	x0,mscratch,0	  x0=0x00000000
       13525000	      1253	800122e0	30002df3	csrrs	x27,mstatus,x0	  x0:0x00000000 x27=0x00000088
       13535000	      1254	800122e4	30402df3	csrrs	x27,mie,x0	  x0:0x00000000 x27=0x00360888
       13545000	      1255	800122e8	34402df3	csrrs	x27,mip,x0	  x0:0x00000000 x27=0x00000000
       13555000	      1256	800122ec	344dbdf3	csrrc	x27,mip,x27	 x27:0x00000000 x27=0x00000000
       13585000	      1259	800122f0	90000d37	lui	x26,0x90000	 x26=0x90000000
       13595000	      1260	800122f4	1d71	c.addi	x26,-4	 x26:0x90000000 x26=0x8ffffffc
       13605000	      1261	800122f6	4d9d	c.li	x27,7	 x27=0x00000007
       13615000	      1262	800122f8	0da2	c.slli	x27,0x8	 x27:0x00000007 x27=0x00000700
       13625000	      1263	800122fa	000d8d93	addi	x27,x27,0	 x27:0x00000700 x27=0x00000700
       13635000	      1264	800122fe	01bd2023	sw	x27,0(x26)	 x26:0x8ffffffc x27:0x00000700 PA:0x8ffffffc store:0x00000700 load:0x00000000
       13645000	      1265	80012302	00068bb3	add	x23,x13,x0	 x13:0x8002cc60  x0:0x00000000 x23=0x8002cc60
       13655000	      1266	80012306	004ba083	lw	x1,4(x23)	 x23:0x8002cc60  x1=0x00000001 PA:0x8002cc64 load:0x00000001
       13665000	      1267	8001230a	008ba103	lw	x2,8(x23)	 x23:0x8002cc60  x2=0x800135b5 PA:0x8002cc68 load:0x800135b5
       13675000	      1268	8001230e	00cba183	lw	x3,12(x23)	 x23:0x8002cc60  x3=0x763e8640 PA:0x8002cc6c load:0x763e8640
       13685000	      1269	80012312	010ba203	lw	x4,16(x23)	 x23:0x8002cc60  x4=0x00000012 PA:0x8002cc70 load:0x00000012
       13695000	      1270	80012316	014ba283	lw	x5,20(x23)	 x23:0x8002cc60  x5=0xffffffbe PA:0x8002cc74 load:0xffffffbe
       13705000	      1271	8001231a	018ba303	lw	x6,24(x23)	 x23:0x8002cc60  x6=0x000000f1 PA:0x8002cc78 load:0x000000f1
       13715000	      1272	8001231e	01cba383	lw	x7,28(x23)	 x23:0x8002cc60  x7=0x247fa134 PA:0x8002cc7c load:0x247fa134
       13725000	      1273	80012322	020ba403	lw	x8,32(x23)	 x23:0x8002cc60  x8=0xffffffb6 PA:0x8002cc80 load:0xffffffb6
       13735000	      1274	80012326	024ba483	lw	x9,36(x23)	 x23:0x8002cc60  x9=0x0000e000 PA:0x8002cc84 load:0x0000e000
       13745000	      1275	8001232a	028ba503	lw	x10,40(x23)	 x23:0x8002cc60 x10=0x00000069 PA:0x8002cc88 load:0x00000069
       13755000	      1276	8001232e	02cba583	lw	x11,44(x23)	 x23:0x8002cc60 x11=0xf1e8b1fd PA:0x8002cc8c load:0xf1e8b1fd
       13765000	      1277	80012332	030ba603	lw	x12,48(x23)	 x23:0x8002cc60 x12=0x80013541 PA:0x8002cc90 load:0x80013541
       13775000	      1278	80012336	034ba683	lw	x13,52(x23)	 x23:0x8002cc60 x13=0x8002cce0 PA:0x8002cc94 load:0x8002cce0
       13785000	      1279	8001233a	038ba703	lw	x14,56(x23)	 x23:0x8002cc60 x14=0x80028e64 PA:0x8002cc98 load:0x80028e64
       13795000	      1280	8001233e	03cba783	lw	x15,60(x23)	 x23:0x8002cc60 x15=0x00000000 PA:0x8002cc9c load:0x00000000
       13805000	      1281	80012342	040ba803	lw	x16,64(x23)	 x23:0x8002cc60 x16=0x00000034 PA:0x8002cca0 load:0x00000034
       13815000	      1282	80012346	044ba883	lw	x17,68(x23)	 x23:0x8002cc60 x17=0xffffb5e9 PA:0x8002cca4 load:0xffffb5e9
       13825000	      1283	8001234a	048ba903	lw	x18,72(x23)	 x23:0x8002cc60 x18=0x0000003f PA:0x8002cca8 load:0x0000003f
       13835000	      1284	8001234e	04cba983	lw	x19,76(x23)	 x23:0x8002cc60 x19=0x247fa133 PA:0x8002ccac load:0x247fa133
       13845000	      1285	80012352	050baa03	lw	x20,80(x23)	 x23:0x8002cc60 x20=0x80000009 PA:0x8002ccb0 load:0x80000009
       13855000	      1286	80012356	054baa83	lw	x21,84(x23)	 x23:0x8002cc60 x21=0xffffffe0 PA:0x8002ccb4 load:0xffffffe0
       13865000	      1287	8001235a	058bab03	lw	x22,88(x23)	 x23:0x8002cc60 x22=0x00000035 PA:0x8002ccb8 load:0x00000035
       13875000	      1288	8001235e	05cbab83	lw	x23,92(x23)	 x23:0x8002cc60 x23=0x8002cc60 PA:0x8002ccbc load:0x8002cc60
       13895000	      1290	80012362	060bac03	lw	x24,96(x23)	 x23:0x8002cc60 x24=0xfffff98b PA:0x8002ccc0 load:0xfffff98b
       13905000	      1291	80012366	064bac83	lw	x25,100(x23)	 x23:0x8002cc60 x25=0x00000088 PA:0x8002ccc4 load:0x00000088
       13915000	      1292	8001236a	068bad03	lw	x26,104(x23)	 x23:0x8002cc60 x26=0x8001b229 PA:0x8002ccc8 load:0x8001b229
       13925000	      1293	8001236e	06cbad83	lw	x27,108(x23)	 x23:0x8002cc60 x27=0x00000000 PA:0x8002cccc load:0x00000000
       13935000	      1294	80012372	070bae03	lw	x28,112(x23)	 x23:0x8002cc60 x28=0x800004c5 PA:0x8002ccd0 load:0x800004c5
       13945000	      1295	80012376	074bae83	lw	x29,116(x23)	 x23:0x8002cc60 x29=0xb0c56673 PA:0x8002ccd4 load:0xb0c56673
       13955000	      1296	8001237a	078baf03	lw	x30,120(x23)	 x23:0x8002cc60 x30=0x8002050d PA:0x8002ccd8 load:0x8002050d
       13965000	      1297	8001237e	07cbaf83	lw	x31,124(x23)	 x23:0x8002cc60 x31=0xffffffff PA:0x8002ccdc load:0xffffffff
       13975000	      1298	80012382	080b8b93	addi	x23,x23,128	 x23:0x8002cc60 x23=0x8002cce0
       13985000	      1299	80012386	000b86b3	add	x13,x23,x0	 x23:0x8002cce0  x0:0x00000000 x13=0x8002cce0
       13995000	      1300	8001238a	0006ab83	lw	x23,0(x13)	 x13:0x8002cce0 x23=0x80028e64 PA:0x8002cce0 load:0x80028e64
       14005000	      1301	8001238e	0691	c.addi	x13,4	 x13:0x8002cce0 x13=0x8002cce4
       14015000	      1302	80012390	30200073	mret	
       14045000	      1305	80003724	61cf0e83	lb	x29,1564(x30)	 x30:0x8002050d x29=0xffffffdf PA:0x80020b29 load:0xffffffdf
       14055000	      1306	80003728	ccef18a3	sh	x14,-815(x30)	 x30:0x8002050d x14:0x80028e64 PA:0x800201de store:0x80028e64 load:0x00000000
       14065000	      1307	8000372c	fdb64b03	lbu	x22,-37(x12)	 x12:0x80013541 x22=0x00000012 PA:0x8001351c load:0x00000012
       14075000	      1308	80003730	ab7f0023	sb	x23,-1376(x30)	 x30:0x8002050d x23:0x80028e64 PA:0x8001ffad store:0x80028e64 load:0x00000000
       14085000	      1309	80003734	fd761ca3	sh	x23,-39(x12)	 x12:0x80013541 x23:0x80028e64 PA:0x8001351a store:0x80028e64 load:0x00000000
       14095000	      1310	80003738	0241	c.addi	x4,16	  x4:0x00000012  x4=0x00000022
       14105000	      1311	8000373a	510c71b7	lui	x3,0x510c7	  x3=0x510c7000
       14475000	      1348	8000373e	03824833	div	x16,x4,x24	  x4:0x00000022 x24:0xfffff98b x16=0x00000000
       14515000	      1352	8000272c	fd8fe06f	jal	x0,80000f04	  x0=0x00000000
       14535000	      1354	80000f04	16f1	c.addi	x13,-4	 x13:0x8002cce4 x13=0x8002cce0
       14545000	      1355	80000f06	0176a023	sw	x23,0(x13)	 x13:0x8002cce0 x23:0x80028e64 PA:0x8002cce0 store:0x80028e64 load:0x00000000
       14555000	      1356	80000f0a	00068bb3	add	x23,x13,x0	 x13:0x8002cce0  x0:0x00000000 x23=0x8002cce0
       14565000	      1357	80000f0e	f80b8b93	addi	x23,x23,-128	 x23:0x8002cce0 x23=0x8002cc60
       14575000	      1358	80000f12	001ba223	sw	x1,4(x23)	 x23:0x8002cc60  x1:0x00000001 PA:0x8002cc64 store:0x00000001 load:0x00000000
       14585000	      1359	80000f16	002ba423	sw	x2,8(x23)	 x23:0x8002cc60  x2:0x800135b5 PA:0x8002cc68 store:0x800135b5 load:0x00000000
       14595000	      1360	80000f1a	003ba623	sw	x3,12(x23)	 x23:0x8002cc60  x3:0x510c7000 PA:0x8002cc6c store:0x510c7000 load:0x00000000
       14605000	      1361	80000f1e	004ba823	sw	x4,16(x23)	 x23:0x8002cc60  x4:0x00000022 PA:0x8002cc70 store:0x00000022 load:0x00000000
       14615000	      1362	80000f22	005baa23	sw	x5,20(x23)	 x23:0x8002cc60  x5:0xffffffbe PA:0x8002cc74 store:0xffffffbe load:0x00000000
       14625000	      1363	80000f26	006bac23	sw	x6,24(x23)	 x23:0x8002cc60  x6:0x000000f1 PA:0x8002cc78 store:0x000000f1 load:0x00000000
       14635000	      1364	80000f2a	007bae23	sw	x7,28(x23)	 x23:0x8002cc60  x7:0x247fa134 PA:0x8002cc7c store:0x247fa134 load:0x00000000
       14645000	      1365	80000f2e	028ba023	sw	x8,32(x23)	 x23:0x8002cc60  x8:0xffffffb6 PA:0x8002cc80 store:0xffffffb6 load:0x00000000
       14655000	      1366	80000f32	029ba223	sw	x9,36(x23)	 x23:0x8002cc60  x9:0x0000e000 PA:0x8002cc84 store:0x0000e000 load:0x00000000
       14665000	      1367	80000f36	02aba423	sw	x10,40(x23)	 x23:0x8002cc60 x10:0x00000069 PA:0x8002cc88 store:0x00000069 load:0x00000000
       14675000	      1368	80000f3a	02bba623	sw	x11,44(x23)	 x23:0x8002cc60 x11:0xf1e8b1fd PA:0x8002cc8c store:0xf1e8b1fd load:0x00000000
       14685000	      1369	80000f3e	02cba823	sw	x12,48(x23)	 x23:0x8002cc60 x12:0x80013541 PA:0x8002cc90 store:0x80013541 load:0x00000000
       14695000	      1370	80000f42	02dbaa23	sw	x13,52(x23)	 x23:0x8002cc60 x13:0x8002cce0 PA:0x8002cc94 store:0x8002cce0 load:0x00000000
       14705000	      1371	80000f46	02ebac23	sw	x14,56(x23)	 x23:0x8002cc60 x14:0x80028e64 PA:0x8002cc98 store:0x80028e64 load:0x00000000
       14715000	      1372	80000f4a	02fbae23	sw	x15,60(x23)	 x23:0x8002cc60 x15:0x00000000 PA:0x8002cc9c store:0x00000000 load:0x00000000
       14725000	      1373	80000f4e	050ba023	sw	x16,64(x23)	 x23:0x8002cc60 x16:0x00000000 PA:0x8002cca0 store:0x00000000 load:0x00000000
       14735000	      1374	80000f52	051ba223	sw	x17,68(x23)	 x23:0x8002cc60 x17:0xffffb5e9 PA:0x8002cca4 store:0xffffb5e9 load:0x00000000
       14745000	      1375	80000f56	052ba423	sw	x18,72(x23)	 x23:0x8002cc60 x18:0x0000003f PA:0x8002cca8 store:0x0000003f load:0x00000000
       14755000	      1376	80000f5a	053ba623	sw	x19,76(x23)	 x23:0x8002cc60 x19:0x247fa133 PA:0x8002ccac store:0x247fa133 load:0x00000000
       14765000	      1377	80000f5e	054ba823	sw	x20,80(x23)	 x23:0x8002cc60 x20:0x80000009 PA:0x8002ccb0 store:0x80000009 load:0x00000000
       14775000	      1378	80000f62	055baa23	sw	x21,84(x23)	 x23:0x8002cc60 x21:0xffffffe0 PA:0x8002ccb4 store:0xffffffe0 load:0x00000000
       14785000	      1379	80000f66	056bac23	sw	x22,88(x23)	 x23:0x8002cc60 x22:0x00000012 PA:0x8002ccb8 store:0x00000012 load:0x00000000
       14795000	      1380	80000f6a	057bae23	sw	x23,92(x23)	 x23:0x8002cc60 x23:0x8002cc60 PA:0x8002ccbc store:0x8002cc60 load:0x00000000
       14805000	      1381	80000f6e	078ba023	sw	x24,96(x23)	 x23:0x8002cc60 x24:0xfffff98b PA:0x8002ccc0 store:0xfffff98b load:0x00000000
       14815000	      1382	80000f72	079ba223	sw	x25,100(x23)	 x23:0x8002cc60 x25:0x00000088 PA:0x8002ccc4 store:0x00000088 load:0x00000000
       14825000	      1383	80000f76	07aba423	sw	x26,104(x23)	 x23:0x8002cc60 x26:0x8001b229 PA:0x8002ccc8 store:0x8001b229 load:0x00000000
       14835000	      1384	80000f7a	07bba623	sw	x27,108(x23)	 x23:0x8002cc60 x27:0x00000000 PA:0x8002cccc store:0x00000000 load:0x00000000
       14845000	      1385	80000f7e	07cba823	sw	x28,112(x23)	 x23:0x8002cc60 x28:0x800004c5 PA:0x8002ccd0 store:0x800004c5 load:0x00000000
       14855000	      1386	80000f82	07dbaa23	sw	x29,116(x23)	 x23:0x8002cc60 x29:0xffffffdf PA:0x8002ccd4 store:0xffffffdf load:0x00000000
       14865000	      1387	80000f86	07ebac23	sw	x30,120(x23)	 x23:0x8002cc60 x30:0x8002050d PA:0x8002ccd8 store:0x8002050d load:0x00000000
       14875000	      1388	80000f8a	07fbae23	sw	x31,124(x23)	 x23:0x8002cc60 x31:0xffffffff PA:0x8002ccdc store:0xffffffff load:0x00000000
       14885000	      1389	80000f8e	000b86b3	add	x13,x23,x0	 x23:0x8002cc60  x0:0x00000000 x13=0x8002cc60
       14895000	      1390	80000f92	90000d37	lui	x26,0x90000	 x26=0x90000000
       14905000	      1391	80000f96	1d71	c.addi	x26,-4	 x26:0x90000000 x26=0x8ffffffc
       14915000	      1392	80000f98	4d99	c.li	x27,6	 x27=0x00000006
       14925000	      1393	80000f9a	0da2	c.slli	x27,0x8	 x27:0x00000006 x27=0x00000600
       14935000	      1394	80000f9c	000d8d93	addi	x27,x27,0	 x27:0x00000600 x27=0x00000600
       14945000	      1395	80000fa0	01bd2023	sw	x27,0(x26)	 x26:0x8ffffffc x27:0x00000600 PA:0x8ffffffc store:0x00000600 load:0x00000000
       14955000	      1396	80000fa4	34202df3	csrrs	x27,mcause,x0	  x0:0x00000000 x27=0x8000000b
       14965000	      1397	80000fa8	01fddd93	srli	x27,x27,0x1f	 x27:0x8000000b x27=0x00000001
       14975000	      1398	80000fac	060d8863	beq	x27,x0,8000101c	 x27:0x00000001  x0:0x00000000
       14985000	      1399	80000fb0	90000d37	lui	x26,0x90000	 x26=0x90000000
       14995000	      1400	80000fb4	1d71	c.addi	x26,-4	 x26:0x90000000 x26=0x8ffffffc
       15005000	      1401	80000fb6	30000d93	addi	x27,x0,768	  x0:0x00000000 x27=0x00000300
       15015000	      1402	80000fba	0da2	c.slli	x27,0x8	 x27:0x00000300 x27=0x00030000
       15025000	      1403	80000fbc	0d8d	c.addi	x27,3	 x27:0x00030000 x27=0x00030003
       15035000	      1404	80000fbe	01bd2023	sw	x27,0(x26)	 x26:0x8ffffffc x27:0x00030003 PA:0x8ffffffc store:0x00030003 load:0x00000000
       15045000	      1405	80000fc2	30002df3	csrrs	x27,mstatus,x0	  x0:0x00000000 x27=0x00000080
       15055000	      1406	80000fc6	01bd2023	sw	x27,0(x26)	 x26:0x8ffffffc x27:0x00000080 PA:0x8ffffffc store:0x00000080 load:0x00000000
       15065000	      1407	80000fca	90000d37	lui	x26,0x90000	 x26=0x90000000
       15075000	      1408	80000fce	1d71	c.addi	x26,-4	 x26:0x90000000 x26=0x8ffffffc
       15085000	      1409	80000fd0	34200d93	addi	x27,x0,834	  x0:0x00000000 x27=0x00000342
       15095000	      1410	80000fd4	0da2	c.slli	x27,0x8	 x27:0x00000342 x27=0x00034200
       15105000	      1411	80000fd6	0d8d	c.addi	x27,3	 x27:0x00034200 x27=0x00034203
       15115000	      1412	80000fd8	01bd2023	sw	x27,0(x26)	 x26:0x8ffffffc x27:0x00034203 PA:0x8ffffffc store:0x00034203 load:0x00000000
       15125000	      1413	80000fdc	34202df3	csrrs	x27,mcause,x0	  x0:0x00000000 x27=0x8000000b
       15135000	      1414	80000fe0	01bd2023	sw	x27,0(x26)	 x26:0x8ffffffc x27:0x8000000b PA:0x8ffffffc store:0x8000000b load:0x00000000
       15145000	      1415	80000fe4	90000d37	lui	x26,0x90000	 x26=0x90000000
       15155000	      1416	80000fe8	1d71	c.addi	x26,-4	 x26:0x90000000 x26=0x8ffffffc
       15165000	      1417	80000fea	30400d93	addi	x27,x0,772	  x0:0x00000000 x27=0x00000304
       15175000	      1418	80000fee	0da2	c.slli	x27,0x8	 x27:0x00000304 x27=0x00030400
       15185000	      1419	80000ff0	0d8d	c.addi	x27,3	 x27:0x00030400 x27=0x00030403
       15195000	      1420	80000ff2	01bd2023	sw	x27,0(x26)	 x26:0x8ffffffc x27:0x00030403 PA:0x8ffffffc store:0x00030403 load:0x00000000
       15205000	      1421	80000ff6	30402df3	csrrs	x27,mie,x0	  x0:0x00000000 x27=0x00360888
       15215000	      1422	80000ffa	01bd2023	sw	x27,0(x26)	 x26:0x8ffffffc x27:0x00360888 PA:0x8ffffffc store:0x00360888 load:0x00000000
       15225000	      1423	80000ffe	90000d37	lui	x26,0x90000	 x26=0x90000000
       15235000	      1424	80001002	1d71	c.addi	x26,-4	 x26:0x90000000 x26=0x8ffffffc
       15245000	      1425	80001004	34400d93	addi	x27,x0,836	  x0:0x00000000 x27=0x00000344
       15255000	      1426	80001008	0da2	c.slli	x27,0x8	 x27:0x00000344 x27=0x00034400
       15265000	      1427	8000100a	0d8d	c.addi	x27,3	 x27:0x00034400 x27=0x00034403
       15275000	      1428	8000100c	01bd2023	sw	x27,0(x26)	 x26:0x8ffffffc x27:0x00034403 PA:0x8ffffffc store:0x00034403 load:0x00000000
       15285000	      1429	80001010	34402df3	csrrs	x27,mip,x0	  x0:0x00000000 x27=0x00000000
       15295000	      1430	80001014	01bd2023	sw	x27,0(x26)	 x26:0x8ffffffc x27:0x00000000 PA:0x8ffffffc store:0x00000000 load:0x00000000
       15305000	      1431	80001018	2b41106f	jal	x0,800122cc	  x0=0x00000000
       15325000	      1433	800122cc	34002df3	csrrs	x27,mscratch,x0	  x0:0x00000000 x27=0x00000000
       15335000	      1434	800122d0	01b04663	blt	x0,x27,800122dc	  x0:0x00000000 x27:0x00000000
       15345000	      1435	800122d4	3400d073	csrrwi	x0,mscratch,1	  x0=0x00000000
       15355000	      1436	800122d8	30046073	csrrsi	x0,mstatus,8	  x0=0x00000000
       15385000	      1439	800122dc	34005073	csrrwi	x0,mscratch,0	  x0=0x00000000
       15395000	      1440	800122e0	30002df3	csrrs	x27,mstatus,x0	  x0:0x00000000 x27=0x00000088
       15405000	      1441	800122e4	30402df3	csrrs	x27,mie,x0	  x0:0x00000000 x27=0x00360888
       15415000	      1442	800122e8	34402df3	csrrs	x27,mip,x0	  x0:0x00000000 x27=0x00000000
       15425000	      1443	800122ec	344dbdf3	csrrc	x27,mip,x27	 x27:0x00000000 x27=0x00000000
       15455000	      1446	800122f0	90000d37	lui	x26,0x90000	 x26=0x90000000
       15465000	      1447	800122f4	1d71	c.addi	x26,-4	 x26:0x90000000 x26=0x8ffffffc
       15475000	      1448	800122f6	4d9d	c.li	x27,7	 x27=0x00000007
       15485000	      1449	800122f8	0da2	c.slli	x27,0x8	 x27:0x00000007 x27=0x00000700
       15495000	      1450	800122fa	000d8d93	addi	x27,x27,0	 x27:0x00000700 x27=0x00000700
       15505000	      1451	800122fe	01bd2023	sw	x27,0(x26)	 x26:0x8ffffffc x27:0x00000700 PA:0x8ffffffc store:0x00000700 load:0x00000000
       15515000	      1452	80012302	00068bb3	add	x23,x13,x0	 x13:0x8002cc60  x0:0x00000000 x23=0x8002cc60
       15525000	      1453	80012306	004ba083	lw	x1,4(x23)	 x23:0x8002cc60  x1=0x00000001 PA:0x8002cc64 load:0x00000001
       15535000	      1454	8001230a	008ba103	lw	x2,8(x23)	 x23:0x8002cc60  x2=0x800135b5 PA:0x8002cc68 load:0x800135b5
       15545000	      1455	8001230e	00cba183	lw	x3,12(x23)	 x23:0x8002cc60  x3=0x510c7000 PA:0x8002cc6c load:0x510c7000
       15555000	      1456	80012312	010ba203	lw	x4,16(x23)	 x23:0x8002cc60  x4=0x00000022 PA:0x8002cc70 load:0x00000022
       15565000	      1457	80012316	014ba283	lw	x5,20(x23)	 x23:0x8002cc60  x5=0xffffffbe PA:0x8002cc74 load:0xffffffbe
       15575000	      1458	8001231a	018ba303	lw	x6,24(x23)	 x23:0x8002cc60  x6=0x000000f1 PA:0x8002cc78 load:0x000000f1
       15585000	      1459	8001231e	01cba383	lw	x7,28(x23)	 x23:0x8002cc60  x7=0x247fa134 PA:0x8002cc7c load:0x247fa134
       15595000	      1460	80012322	020ba403	lw	x8,32(x23)	 x23:0x8002cc60  x8=0xffffffb6 PA:0x8002cc80 load:0xffffffb6
       15605000	      1461	80012326	024ba483	lw	x9,36(x23)	 x23:0x8002cc60  x9=0x0000e000 PA:0x8002cc84 load:0x0000e000
       15615000	      1462	8001232a	028ba503	lw	x10,40(x23)	 x23:0x8002cc60 x10=0x00000069 PA:0x8002cc88 load:0x00000069
       15625000	      1463	8001232e	02cba583	lw	x11,44(x23)	 x23:0x8002cc60 x11=0xf1e8b1fd PA:0x8002cc8c load:0xf1e8b1fd
       15635000	      1464	80012332	030ba603	lw	x12,48(x23)	 x23:0x8002cc60 x12=0x80013541 PA:0x8002cc90 load:0x80013541
       15645000	      1465	80012336	034ba683	lw	x13,52(x23)	 x23:0x8002cc60 x13=0x8002cce0 PA:0x8002cc94 load:0x8002cce0
       15655000	      1466	8001233a	038ba703	lw	x14,56(x23)	 x23:0x8002cc60 x14=0x80028e64 PA:0x8002cc98 load:0x80028e64
       15665000	      1467	8001233e	03cba783	lw	x15,60(x23)	 x23:0x8002cc60 x15=0x00000000 PA:0x8002cc9c load:0x00000000
       15675000	      1468	80012342	040ba803	lw	x16,64(x23)	 x23:0x8002cc60 x16=0x00000000 PA:0x8002cca0 load:0x00000000
       15685000	      1469	80012346	044ba883	lw	x17,68(x23)	 x23:0x8002cc60 x17=0xffffb5e9 PA:0x8002cca4 load:0xffffb5e9
       15695000	      1470	8001234a	048ba903	lw	x18,72(x23)	 x23:0x8002cc60 x18=0x0000003f PA:0x8002cca8 load:0x0000003f
       15705000	      1471	8001234e	04cba983	lw	x19,76(x23)	 x23:0x8002cc60 x19=0x247fa133 PA:0x8002ccac load:0x247fa133
       15715000	      1472	80012352	050baa03	lw	x20,80(x23)	 x23:0x8002cc60 x20=0x80000009 PA:0x8002ccb0 load:0x80000009
       15725000	      1473	80012356	054baa83	lw	x21,84(x23)	 x23:0x8002cc60 x21=0xffffffe0 PA:0x8002ccb4 load:0xffffffe0
       15735000	      1474	8001235a	058bab03	lw	x22,88(x23)	 x23:0x8002cc60 x22=0x00000012 PA:0x8002ccb8 load:0x00000012
       15745000	      1475	8001235e	05cbab83	lw	x23,92(x23)	 x23:0x8002cc60 x23=0x8002cc60 PA:0x8002ccbc load:0x8002cc60
       15765000	      1477	80012362	060bac03	lw	x24,96(x23)	 x23:0x8002cc60 x24=0xfffff98b PA:0x8002ccc0 load:0xfffff98b
       15775000	      1478	80012366	064bac83	lw	x25,100(x23)	 x23:0x8002cc60 x25=0x00000088 PA:0x8002ccc4 load:0x00000088
       15785000	      1479	8001236a	068bad03	lw	x26,104(x23)	 x23:0x8002cc60 x26=0x8001b229 PA:0x8002ccc8 load:0x8001b229
       15795000	      1480	8001236e	06cbad83	lw	x27,108(x23)	 x23:0x8002cc60 x27=0x00000000 PA:0x8002cccc load:0x00000000
       15805000	      1481	80012372	070bae03	lw	x28,112(x23)	 x23:0x8002cc60 x28=0x800004c5 PA:0x8002ccd0 load:0x800004c5
       15815000	      1482	80012376	074bae83	lw	x29,116(x23)	 x23:0x8002cc60 x29=0xffffffdf PA:0x8002ccd4 load:0xffffffdf
       15825000	      1483	8001237a	078baf03	lw	x30,120(x23)	 x23:0x8002cc60 x30=0x8002050d PA:0x8002ccd8 load:0x8002050d
       15835000	      1484	8001237e	07cbaf83	lw	x31,124(x23)	 x23:0x8002cc60 x31=0xffffffff PA:0x8002ccdc load:0xffffffff
       15845000	      1485	80012382	080b8b93	addi	x23,x23,128	 x23:0x8002cc60 x23=0x8002cce0
       15855000	      1486	80012386	000b86b3	add	x13,x23,x0	 x23:0x8002cce0  x0:0x00000000 x13=0x8002cce0
       15865000	      1487	8001238a	0006ab83	lw	x23,0(x13)	 x13:0x8002cce0 x23=0x80028e64 PA:0x8002cce0 load:0x80028e64
       15875000	      1488	8001238e	0691	c.addi	x13,4	 x13:0x8002cce0 x13=0x8002cce4
       15885000	      1489	80012390	30200073	mret	
       15915000	      1492	80003742	4815	c.li	x16,5	 x16=0x00000005
       15925000	      1493	80003744	01710733	add	x14,x2,x23	  x2:0x800135b5 x23:0x80028e64 x14=0x0003c419
       15935000	      1494	80003748	012a5e13	srli	x28,x20,0x12	 x20:0x80000009 x28=0x00002000
       15945000	      1495	8000374c	9b0e	c.add	x22,x3	 x22:0x00000012  x3:0x510c7000 x22=0x510c7012
       15955000	      1496	8000374e	03f40a63	beq	x8,x31,80003782	  x8:0xffffffb6 x31:0xffffffff
       15995000	      1500	80003752	021a1333	mulh	x6,x20,x1	 x20:0x80000009  x1:0x00000001  x6=0xffffffff
       16365000	      1537	80003756	0396c2b3	div	x5,x13,x25	 x13:0x8002cce4 x25:0x00000088  x5=0xff0f1455
       16405000	      1541	8000272c	fd8fe06f	jal	x0,80000f04	  x0=0x00000000
       16425000	      1543	80000f04	16f1	c.addi	x13,-4	 x13:0x8002cce4 x13=0x8002cce0
       16435000	      1544	80000f06	0176a023	sw	x23,0(x13)	 x13:0x8002cce0 x23:0x80028e64 PA:0x8002cce0 store:0x80028e64 load:0x00000000
       16445000	      1545	80000f0a	00068bb3	add	x23,x13,x0	 x13:0x8002cce0  x0:0x00000000 x23=0x8002cce0
       16455000	      1546	80000f0e	f80b8b93	addi	x23,x23,-128	 x23:0x8002cce0 x23=0x8002cc60
       16465000	      1547	80000f12	001ba223	sw	x1,4(x23)	 x23:0x8002cc60  x1:0x00000001 PA:0x8002cc64 store:0x00000001 load:0x00000000
       16475000	      1548	80000f16	002ba423	sw	x2,8(x23)	 x23:0x8002cc60  x2:0x800135b5 PA:0x8002cc68 store:0x800135b5 load:0x00000000
       16485000	      1549	80000f1a	003ba623	sw	x3,12(x23)	 x23:0x8002cc60  x3:0x510c7000 PA:0x8002cc6c store:0x510c7000 load:0x00000000
       16495000	      1550	80000f1e	004ba823	sw	x4,16(x23)	 x23:0x8002cc60  x4:0x00000022 PA:0x8002cc70 store:0x00000022 load:0x00000000
       16505000	      1551	80000f22	005baa23	sw	x5,20(x23)	 x23:0x8002cc60  x5:0xff0f1455 PA:0x8002cc74 store:0xff0f1455 load:0x00000000
       16515000	      1552	80000f26	006bac23	sw	x6,24(x23)	 x23:0x8002cc60  x6:0xffffffff PA:0x8002cc78 store:0xffffffff load:0x00000000
       16525000	      1553	80000f2a	007bae23	sw	x7,28(x23)	 x23:0x8002cc60  x7:0x247fa134 PA:0x8002cc7c store:0x247fa134 load:0x00000000
       16535000	      1554	80000f2e	028ba023	sw	x8,32(x23)	 x23:0x8002cc60  x8:0xffffffb6 PA:0x8002cc80 store:0xffffffb6 load:0x00000000
       16545000	      1555	80000f32	029ba223	sw	x9,36(x23)	 x23:0x8002cc60  x9:0x0000e000 PA:0x8002cc84 store:0x0000e000 load:0x00000000
       16555000	      1556	80000f36	02aba423	sw	x10,40(x23)	 x23:0x8002cc60 x10:0x00000069 PA:0x8002cc88 store:0x00000069 load:0x00000000
       16565000	      1557	80000f3a	02bba623	sw	x11,44(x23)	 x23:0x8002cc60 x11:0xf1e8b1fd PA:0x8002cc8c store:0xf1e8b1fd load:0x00000000
       16575000	      1558	80000f3e	02cba823	sw	x12,48(x23)	 x23:0x8002cc60 x12:0x80013541 PA:0x8002cc90 store:0x80013541 load:0x00000000
       16585000	      1559	80000f42	02dbaa23	sw	x13,52(x23)	 x23:0x8002cc60 x13:0x8002cce0 PA:0x8002cc94 store:0x8002cce0 load:0x00000000
       16595000	      1560	80000f46	02ebac23	sw	x14,56(x23)	 x23:0x8002cc60 x14:0x0003c419 PA:0x8002cc98 store:0x0003c419 load:0x00000000
       16605000	      1561	80000f4a	02fbae23	sw	x15,60(x23)	 x23:0x8002cc60 x15:0x00000000 PA:0x8002cc9c store:0x00000000 load:0x00000000
       16615000	      1562	80000f4e	050ba023	sw	x16,64(x23)	 x23:0x8002cc60 x16:0x00000005 PA:0x8002cca0 store:0x00000005 load:0x00000000
       16625000	      1563	80000f52	051ba223	sw	x17,68(x23)	 x23:0x8002cc60 x17:0xffffb5e9 PA:0x8002cca4 store:0xffffb5e9 load:0x00000000
       16635000	      1564	80000f56	052ba423	sw	x18,72(x23)	 x23:0x8002cc60 x18:0x0000003f PA:0x8002cca8 store:0x0000003f load:0x00000000
       16645000	      1565	80000f5a	053ba623	sw	x19,76(x23)	 x23:0x8002cc60 x19:0x247fa133 PA:0x8002ccac store:0x247fa133 load:0x00000000
       16655000	      1566	80000f5e	054ba823	sw	x20,80(x23)	 x23:0x8002cc60 x20:0x80000009 PA:0x8002ccb0 store:0x80000009 load:0x00000000
       16665000	      1567	80000f62	055baa23	sw	x21,84(x23)	 x23:0x8002cc60 x21:0xffffffe0 PA:0x8002ccb4 store:0xffffffe0 load:0x00000000
       16675000	      1568	80000f66	056bac23	sw	x22,88(x23)	 x23:0x8002cc60 x22:0x510c7012 PA:0x8002ccb8 store:0x510c7012 load:0x00000000
       16685000	      1569	80000f6a	057bae23	sw	x23,92(x23)	 x23:0x8002cc60 x23:0x8002cc60 PA:0x8002ccbc store:0x8002cc60 load:0x00000000
       16695000	      1570	80000f6e	078ba023	sw	x24,96(x23)	 x23:0x8002cc60 x24:0xfffff98b PA:0x8002ccc0 store:0xfffff98b load:0x00000000
       16705000	      1571	80000f72	079ba223	sw	x25,100(x23)	 x23:0x8002cc60 x25:0x00000088 PA:0x8002ccc4 store:0x00000088 load:0x00000000
       16715000	      1572	80000f76	07aba423	sw	x26,104(x23)	 x23:0x8002cc60 x26:0x8001b229 PA:0x8002ccc8 store:0x8001b229 load:0x00000000
       16725000	      1573	80000f7a	07bba623	sw	x27,108(x23)	 x23:0x8002cc60 x27:0x00000000 PA:0x8002cccc store:0x00000000 load:0x00000000
       16735000	      1574	80000f7e	07cba823	sw	x28,112(x23)	 x23:0x8002cc60 x28:0x00002000 PA:0x8002ccd0 store:0x00002000 load:0x00000000
       16745000	      1575	80000f82	07dbaa23	sw	x29,116(x23)	 x23:0x8002cc60 x29:0xffffffdf PA:0x8002ccd4 store:0xffffffdf load:0x00000000
       16755000	      1576	80000f86	07ebac23	sw	x30,120(x23)	 x23:0x8002cc60 x30:0x8002050d PA:0x8002ccd8 store:0x8002050d load:0x00000000
       16765000	      1577	80000f8a	07fbae23	sw	x31,124(x23)	 x23:0x8002cc60 x31:0xffffffff PA:0x8002ccdc store:0xffffffff load:0x00000000
       16775000	      1578	80000f8e	000b86b3	add	x13,x23,x0	 x23:0x8002cc60  x0:0x00000000 x13=0x8002cc60
       16785000	      1579	80000f92	90000d37	lui	x26,0x90000	 x26=0x90000000
       16795000	      1580	80000f96	1d71	c.addi	x26,-4	 x26:0x90000000 x26=0x8ffffffc
       16805000	      1581	80000f98	4d99	c.li	x27,6	 x27=0x00000006
       16815000	      1582	80000f9a	0da2	c.slli	x27,0x8	 x27:0x00000006 x27=0x00000600
       16825000	      1583	80000f9c	000d8d93	addi	x27,x27,0	 x27:0x00000600 x27=0x00000600
       16835000	      1584	80000fa0	01bd2023	sw	x27,0(x26)	 x26:0x8ffffffc x27:0x00000600 PA:0x8ffffffc store:0x00000600 load:0x00000000
       16845000	      1585	80000fa4	34202df3	csrrs	x27,mcause,x0	  x0:0x00000000 x27=0x8000000b
       16855000	      1586	80000fa8	01fddd93	srli	x27,x27,0x1f	 x27:0x8000000b x27=0x00000001
       16865000	      1587	80000fac	060d8863	beq	x27,x0,8000101c	 x27:0x00000001  x0:0x00000000
       16875000	      1588	80000fb0	90000d37	lui	x26,0x90000	 x26=0x90000000
       16885000	      1589	80000fb4	1d71	c.addi	x26,-4	 x26:0x90000000 x26=0x8ffffffc
       16895000	      1590	80000fb6	30000d93	addi	x27,x0,768	  x0:0x00000000 x27=0x00000300
       16905000	      1591	80000fba	0da2	c.slli	x27,0x8	 x27:0x00000300 x27=0x00030000
       16915000	      1592	80000fbc	0d8d	c.addi	x27,3	 x27:0x00030000 x27=0x00030003
       16925000	      1593	80000fbe	01bd2023	sw	x27,0(x26)	 x26:0x8ffffffc x27:0x00030003 PA:0x8ffffffc store:0x00030003 load:0x00000000
       16935000	      1594	80000fc2	30002df3	csrrs	x27,mstatus,x0	  x0:0x00000000 x27=0x00000080
       16945000	      1595	80000fc6	01bd2023	sw	x27,0(x26)	 x26:0x8ffffffc x27:0x00000080 PA:0x8ffffffc store:0x00000080 load:0x00000000
       16955000	      1596	80000fca	90000d37	lui	x26,0x90000	 x26=0x90000000
       16965000	      1597	80000fce	1d71	c.addi	x26,-4	 x26:0x90000000 x26=0x8ffffffc
       16975000	      1598	80000fd0	34200d93	addi	x27,x0,834	  x0:0x00000000 x27=0x00000342
       16985000	      1599	80000fd4	0da2	c.slli	x27,0x8	 x27:0x00000342 x27=0x00034200
       16995000	      1600	80000fd6	0d8d	c.addi	x27,3	 x27:0x00034200 x27=0x00034203
       17005000	      1601	80000fd8	01bd2023	sw	x27,0(x26)	 x26:0x8ffffffc x27:0x00034203 PA:0x8ffffffc store:0x00034203 load:0x00000000
       17015000	      1602	80000fdc	34202df3	csrrs	x27,mcause,x0	  x0:0x00000000 x27=0x8000000b
       17025000	      1603	80000fe0	01bd2023	sw	x27,0(x26)	 x26:0x8ffffffc x27:0x8000000b PA:0x8ffffffc store:0x8000000b load:0x00000000
       17035000	      1604	80000fe4	90000d37	lui	x26,0x90000	 x26=0x90000000
       17045000	      1605	80000fe8	1d71	c.addi	x26,-4	 x26:0x90000000 x26=0x8ffffffc
       17055000	      1606	80000fea	30400d93	addi	x27,x0,772	  x0:0x00000000 x27=0x00000304
       17065000	      1607	80000fee	0da2	c.slli	x27,0x8	 x27:0x00000304 x27=0x00030400
       17075000	      1608	80000ff0	0d8d	c.addi	x27,3	 x27:0x00030400 x27=0x00030403
       17085000	      1609	80000ff2	01bd2023	sw	x27,0(x26)	 x26:0x8ffffffc x27:0x00030403 PA:0x8ffffffc store:0x00030403 load:0x00000000
       17095000	      1610	80000ff6	30402df3	csrrs	x27,mie,x0	  x0:0x00000000 x27=0x00360888
       17105000	      1611	80000ffa	01bd2023	sw	x27,0(x26)	 x26:0x8ffffffc x27:0x00360888 PA:0x8ffffffc store:0x00360888 load:0x00000000
       17115000	      1612	80000ffe	90000d37	lui	x26,0x90000	 x26=0x90000000
       17125000	      1613	80001002	1d71	c.addi	x26,-4	 x26:0x90000000 x26=0x8ffffffc
       17135000	      1614	80001004	34400d93	addi	x27,x0,836	  x0:0x00000000 x27=0x00000344
       17145000	      1615	80001008	0da2	c.slli	x27,0x8	 x27:0x00000344 x27=0x00034400
       17155000	      1616	8000100a	0d8d	c.addi	x27,3	 x27:0x00034400 x27=0x00034403
       17165000	      1617	8000100c	01bd2023	sw	x27,0(x26)	 x26:0x8ffffffc x27:0x00034403 PA:0x8ffffffc store:0x00034403 load:0x00000000
       17175000	      1618	80001010	34402df3	csrrs	x27,mip,x0	  x0:0x00000000 x27=0x00000000
       17185000	      1619	80001014	01bd2023	sw	x27,0(x26)	 x26:0x8ffffffc x27:0x00000000 PA:0x8ffffffc store:0x00000000 load:0x00000000
       17195000	      1620	80001018	2b41106f	jal	x0,800122cc	  x0=0x00000000
       17215000	      1622	800122cc	34002df3	csrrs	x27,mscratch,x0	  x0:0x00000000 x27=0x00000000
       17225000	      1623	800122d0	01b04663	blt	x0,x27,800122dc	  x0:0x00000000 x27:0x00000000
       17235000	      1624	800122d4	3400d073	csrrwi	x0,mscratch,1	  x0=0x00000000
       17245000	      1625	800122d8	30046073	csrrsi	x0,mstatus,8	  x0=0x00000000
       17275000	      1628	800122dc	34005073	csrrwi	x0,mscratch,0	  x0=0x00000000
       17285000	      1629	800122e0	30002df3	csrrs	x27,mstatus,x0	  x0:0x00000000 x27=0x00000088
       17295000	      1630	800122e4	30402df3	csrrs	x27,mie,x0	  x0:0x00000000 x27=0x00360888
       17305000	      1631	800122e8	34402df3	csrrs	x27,mip,x0	  x0:0x00000000 x27=0x00000000
       17315000	      1632	800122ec	344dbdf3	csrrc	x27,mip,x27	 x27:0x00000000 x27=0x00000000
       17345000	      1635	800122f0	90000d37	lui	x26,0x90000	 x26=0x90000000
       17355000	      1636	800122f4	1d71	c.addi	x26,-4	 x26:0x90000000 x26=0x8ffffffc
       17365000	      1637	800122f6	4d9d	c.li	x27,7	 x27=0x00000007
       17375000	      1638	800122f8	0da2	c.slli	x27,0x8	 x27:0x00000007 x27=0x00000700
       17385000	      1639	800122fa	000d8d93	addi	x27,x27,0	 x27:0x00000700 x27=0x00000700
       17395000	      1640	800122fe	01bd2023	sw	x27,0(x26)	 x26:0x8ffffffc x27:0x00000700 PA:0x8ffffffc store:0x00000700 load:0x00000000
       17405000	      1641	80012302	00068bb3	add	x23,x13,x0	 x13:0x8002cc60  x0:0x00000000 x23=0x8002cc60
       17415000	      1642	80012306	004ba083	lw	x1,4(x23)	 x23:0x8002cc60  x1=0x00000001 PA:0x8002cc64 load:0x00000001
       17425000	      1643	8001230a	008ba103	lw	x2,8(x23)	 x23:0x8002cc60  x2=0x800135b5 PA:0x8002cc68 load:0x800135b5
       17435000	      1644	8001230e	00cba183	lw	x3,12(x23)	 x23:0x8002cc60  x3=0x510c7000 PA:0x8002cc6c load:0x510c7000
       17445000	      1645	80012312	010ba203	lw	x4,16(x23)	 x23:0x8002cc60  x4=0x00000022 PA:0x8002cc70 load:0x00000022
       17455000	      1646	80012316	014ba283	lw	x5,20(x23)	 x23:0x8002cc60  x5=0xff0f1455 PA:0x8002cc74 load:0xff0f1455
       17465000	      1647	8001231a	018ba303	lw	x6,24(x23)	 x23:0x8002cc60  x6=0xffffffff PA:0x8002cc78 load:0xffffffff
       17475000	      1648	8001231e	01cba383	lw	x7,28(x23)	 x23:0x8002cc60  x7=0x247fa134 PA:0x8002cc7c load:0x247fa134
       17485000	      1649	80012322	020ba403	lw	x8,32(x23)	 x23:0x8002cc60  x8=0xffffffb6 PA:0x8002cc80 load:0xffffffb6
       17495000	      1650	80012326	024ba483	lw	x9,36(x23)	 x23:0x8002cc60  x9=0x0000e000 PA:0x8002cc84 load:0x0000e000
       17505000	      1651	8001232a	028ba503	lw	x10,40(x23)	 x23:0x8002cc60 x10=0x00000069 PA:0x8002cc88 load:0x00000069
       17515000	      1652	8001232e	02cba583	lw	x11,44(x23)	 x23:0x8002cc60 x11=0xf1e8b1fd PA:0x8002cc8c load:0xf1e8b1fd
       17525000	      1653	80012332	030ba603	lw	x12,48(x23)	 x23:0x8002cc60 x12=0x80013541 PA:0x8002cc90 load:0x80013541
       17535000	      1654	80012336	034ba683	lw	x13,52(x23)	 x23:0x8002cc60 x13=0x8002cce0 PA:0x8002cc94 load:0x8002cce0
       17545000	      1655	8001233a	038ba703	lw	x14,56(x23)	 x23:0x8002cc60 x14=0x0003c419 PA:0x8002cc98 load:0x0003c419
       17555000	      1656	8001233e	03cba783	lw	x15,60(x23)	 x23:0x8002cc60 x15=0x00000000 PA:0x8002cc9c load:0x00000000
       17565000	      1657	80012342	040ba803	lw	x16,64(x23)	 x23:0x8002cc60 x16=0x00000005 PA:0x8002cca0 load:0x00000005
       17575000	      1658	80012346	044ba883	lw	x17,68(x23)	 x23:0x8002cc60 x17=0xffffb5e9 PA:0x8002cca4 load:0xffffb5e9
       17585000	      1659	8001234a	048ba903	lw	x18,72(x23)	 x23:0x8002cc60 x18=0x0000003f PA:0x8002cca8 load:0x0000003f
       17595000	      1660	8001234e	04cba983	lw	x19,76(x23)	 x23:0x8002cc60 x19=0x247fa133 PA:0x8002ccac load:0x247fa133
       17605000	      1661	80012352	050baa03	lw	x20,80(x23)	 x23:0x8002cc60 x20=0x80000009 PA:0x8002ccb0 load:0x80000009
       17615000	      1662	80012356	054baa83	lw	x21,84(x23)	 x23:0x8002cc60 x21=0xffffffe0 PA:0x8002ccb4 load:0xffffffe0
       17625000	      1663	8001235a	058bab03	lw	x22,88(x23)	 x23:0x8002cc60 x22=0x510c7012 PA:0x8002ccb8 load:0x510c7012
       17635000	      1664	8001235e	05cbab83	lw	x23,92(x23)	 x23:0x8002cc60 x23=0x8002cc60 PA:0x8002ccbc load:0x8002cc60
       17655000	      1666	80012362	060bac03	lw	x24,96(x23)	 x23:0x8002cc60 x24=0xfffff98b PA:0x8002ccc0 load:0xfffff98b
       17665000	      1667	80012366	064bac83	lw	x25,100(x23)	 x23:0x8002cc60 x25=0x00000088 PA:0x8002ccc4 load:0x00000088
       17675000	      1668	8001236a	068bad03	lw	x26,104(x23)	 x23:0x8002cc60 x26=0x8001b229 PA:0x8002ccc8 load:0x8001b229
       17685000	      1669	8001236e	06cbad83	lw	x27,108(x23)	 x23:0x8002cc60 x27=0x00000000 PA:0x8002cccc load:0x00000000
       17695000	      1670	80012372	070bae03	lw	x28,112(x23)	 x23:0x8002cc60 x28=0x00002000 PA:0x8002ccd0 load:0x00002000
       17705000	      1671	80012376	074bae83	lw	x29,116(x23)	 x23:0x8002cc60 x29=0xffffffdf PA:0x8002ccd4 load:0xffffffdf
       17715000	      1672	8001237a	078baf03	lw	x30,120(x23)	 x23:0x8002cc60 x30=0x8002050d PA:0x8002ccd8 load:0x8002050d
       17725000	      1673	8001237e	07cbaf83	lw	x31,124(x23)	 x23:0x8002cc60 x31=0xffffffff PA:0x8002ccdc load:0xffffffff
       17735000	      1674	80012382	080b8b93	addi	x23,x23,128	 x23:0x8002cc60 x23=0x8002cce0
       17745000	      1675	80012386	000b86b3	add	x13,x23,x0	 x23:0x8002cce0  x0:0x00000000 x13=0x8002cce0
       17755000	      1676	8001238a	0006ab83	lw	x23,0(x13)	 x13:0x8002cce0 x23=0x80028e64 PA:0x8002cce0 load:0x80028e64
       17765000	      1677	8001238e	0691	c.addi	x13,4	 x13:0x8002cce0 x13=0x8002cce4
       17775000	      1678	80012390	30200073	mret	
       17815000	      1682	8000375a	0013ea33	or	x20,x7,x1	  x7:0x247fa134  x1:0x00000001 x20=0x247fa135
       17825000	      1683	8000375e	8f75	c.and	x14,x13	 x14:0x0003c419 x13:0x8002cce4 x14=0x0002c400
       17835000	      1684	80003760	023e	c.slli	x4,0xf	  x4:0x00000022  x4=0x00110000
       17845000	      1685	80003762	9ee16313	ori	x6,x2,-1554	  x2:0x800135b5  x6=0xfffffdff
       17855000	      1686	80003766	537d	c.li	x6,-1	  x6=0xffffffff
       17865000	      1687	80003768	009631b3	sltu	x3,x12,x9	 x12:0x80013541  x9:0x0000e000  x3=0x00000000
       17885000	      1689	8000376c	020ad1b3	divu	x3,x21,x0	 x21:0xffffffe0  x0:0x00000000  x3=0xffffffff
       17895000	      1690	80003770	1f7d	c.addi	x30,-1	 x30:0x8002050d x30=0x8002050c
       17905000	      1691	80003772	8e09	c.sub	x12,x10	 x12:0x80013541 x10:0x00000069 x12=0x800134d8
       17915000	      1692	80003774	00484cb3	xor	x25,x16,x4	 x16:0x00000005  x4:0x00110000 x25=0x00110005
       17925000	      1693	80003778	191c	c.addi4spn	x15,x2,176	 x15=0x80013665
       17935000	      1694	8000377a	c915	c.beqz	x10,800037ae	 x10:0x00000069
       17975000	      1698	8000272c	fd8fe06f	jal	x0,80000f04	  x0=0x00000000
       17995000	      1700	80000f04	16f1	c.addi	x13,-4	 x13:0x8002cce4 x13=0x8002cce0
       18005000	      1701	80000f06	0176a023	sw	x23,0(x13)	 x13:0x8002cce0 x23:0x80028e64 PA:0x8002cce0 store:0x80028e64 load:0x00000000
       18015000	      1702	80000f0a	00068bb3	add	x23,x13,x0	 x13:0x8002cce0  x0:0x00000000 x23=0x8002cce0
       18025000	      1703	80000f0e	f80b8b93	addi	x23,x23,-128	 x23:0x8002cce0 x23=0x8002cc60
       18035000	      1704	80000f12	001ba223	sw	x1,4(x23)	 x23:0x8002cc60  x1:0x00000001 PA:0x8002cc64 store:0x00000001 load:0x00000000
       18045000	      1705	80000f16	002ba423	sw	x2,8(x23)	 x23:0x8002cc60  x2:0x800135b5 PA:0x8002cc68 store:0x800135b5 load:0x00000000
       18055000	      1706	80000f1a	003ba623	sw	x3,12(x23)	 x23:0x8002cc60  x3:0xffffffff PA:0x8002cc6c store:0xffffffff load:0x00000000
       18065000	      1707	80000f1e	004ba823	sw	x4,16(x23)	 x23:0x8002cc60  x4:0x00110000 PA:0x8002cc70 store:0x00110000 load:0x00000000
       18075000	      1708	80000f22	005baa23	sw	x5,20(x23)	 x23:0x8002cc60  x5:0xff0f1455 PA:0x8002cc74 store:0xff0f1455 load:0x00000000
       18085000	      1709	80000f26	006bac23	sw	x6,24(x23)	 x23:0x8002cc60  x6:0xffffffff PA:0x8002cc78 store:0xffffffff load:0x00000000
       18095000	      1710	80000f2a	007bae23	sw	x7,28(x23)	 x23:0x8002cc60  x7:0x247fa134 PA:0x8002cc7c store:0x247fa134 load:0x00000000
       18105000	      1711	80000f2e	028ba023	sw	x8,32(x23)	 x23:0x8002cc60  x8:0xffffffb6 PA:0x8002cc80 store:0xffffffb6 load:0x00000000
       18115000	      1712	80000f32	029ba223	sw	x9,36(x23)	 x23:0x8002cc60  x9:0x0000e000 PA:0x8002cc84 store:0x0000e000 load:0x00000000
       18125000	      1713	80000f36	02aba423	sw	x10,40(x23)	 x23:0x8002cc60 x10:0x00000069 PA:0x8002cc88 store:0x00000069 load:0x00000000
       18135000	      1714	80000f3a	02bba623	sw	x11,44(x23)	 x23:0x8002cc60 x11:0xf1e8b1fd PA:0x8002cc8c store:0xf1e8b1fd load:0x00000000
       18145000	      1715	80000f3e	02cba823	sw	x12,48(x23)	 x23:0x8002cc60 x12:0x800134d8 PA:0x8002cc90 store:0x800134d8 load:0x00000000
       18155000	      1716	80000f42	02dbaa23	sw	x13,52(x23)	 x23:0x8002cc60 x13:0x8002cce0 PA:0x8002cc94 store:0x8002cce0 load:0x00000000
       18165000	      1717	80000f46	02ebac23	sw	x14,56(x23)	 x23:0x8002cc60 x14:0x0002c400 PA:0x8002cc98 store:0x0002c400 load:0x00000000
       18175000	      1718	80000f4a	02fbae23	sw	x15,60(x23)	 x23:0x8002cc60 x15:0x80013665 PA:0x8002cc9c store:0x80013665 load:0x00000000
       18185000	      1719	80000f4e	050ba023	sw	x16,64(x23)	 x23:0x8002cc60 x16:0x00000005 PA:0x8002cca0 store:0x00000005 load:0x00000000
       18195000	      1720	80000f52	051ba223	sw	x17,68(x23)	 x23:0x8002cc60 x17:0xffffb5e9 PA:0x8002cca4 store:0xffffb5e9 load:0x00000000
       18205000	      1721	80000f56	052ba423	sw	x18,72(x23)	 x23:0x8002cc60 x18:0x0000003f PA:0x8002cca8 store:0x0000003f load:0x00000000
       18215000	      1722	80000f5a	053ba623	sw	x19,76(x23)	 x23:0x8002cc60 x19:0x247fa133 PA:0x8002ccac store:0x247fa133 load:0x00000000
       18225000	      1723	80000f5e	054ba823	sw	x20,80(x23)	 x23:0x8002cc60 x20:0x247fa135 PA:0x8002ccb0 store:0x247fa135 load:0x00000000
       18235000	      1724	80000f62	055baa23	sw	x21,84(x23)	 x23:0x8002cc60 x21:0xffffffe0 PA:0x8002ccb4 store:0xffffffe0 load:0x00000000
       18245000	      1725	80000f66	056bac23	sw	x22,88(x23)	 x23:0x8002cc60 x22:0x510c7012 PA:0x8002ccb8 store:0x510c7012 load:0x00000000
       18255000	      1726	80000f6a	057bae23	sw	x23,92(x23)	 x23:0x8002cc60 x23:0x8002cc60 PA:0x8002ccbc store:0x8002cc60 load:0x00000000
       18265000	      1727	80000f6e	078ba023	sw	x24,96(x23)	 x23:0x8002cc60 x24:0xfffff98b PA:0x8002ccc0 store:0xfffff98b load:0x00000000
       18275000	      1728	80000f72	079ba223	sw	x25,100(x23)	 x23:0x8002cc60 x25:0x00110005 PA:0x8002ccc4 store:0x00110005 load:0x00000000
       18285000	      1729	80000f76	07aba423	sw	x26,104(x23)	 x23:0x8002cc60 x26:0x8001b229 PA:0x8002ccc8 store:0x8001b229 load:0x00000000
       18295000	      1730	80000f7a	07bba623	sw	x27,108(x23)	 x23:0x8002cc60 x27:0x00000000 PA:0x8002cccc store:0x00000000 load:0x00000000
       18305000	      1731	80000f7e	07cba823	sw	x28,112(x23)	 x23:0x8002cc60 x28:0x00002000 PA:0x8002ccd0 store:0x00002000 load:0x00000000
       18315000	      1732	80000f82	07dbaa23	sw	x29,116(x23)	 x23:0x8002cc60 x29:0xffffffdf PA:0x8002ccd4 store:0xffffffdf load:0x00000000
       18325000	      1733	80000f86	07ebac23	sw	x30,120(x23)	 x23:0x8002cc60 x30:0x8002050c PA:0x8002ccd8 store:0x8002050c load:0x00000000
       18335000	      1734	80000f8a	07fbae23	sw	x31,124(x23)	 x23:0x8002cc60 x31:0xffffffff PA:0x8002ccdc store:0xffffffff load:0x00000000
       18345000	      1735	80000f8e	000b86b3	add	x13,x23,x0	 x23:0x8002cc60  x0:0x00000000 x13=0x8002cc60
       18355000	      1736	80000f92	90000d37	lui	x26,0x90000	 x26=0x90000000
       18365000	      1737	80000f96	1d71	c.addi	x26,-4	 x26:0x90000000 x26=0x8ffffffc
       18375000	      1738	80000f98	4d99	c.li	x27,6	 x27=0x00000006
       18385000	      1739	80000f9a	0da2	c.slli	x27,0x8	 x27:0x00000006 x27=0x00000600
       18395000	      1740	80000f9c	000d8d93	addi	x27,x27,0	 x27:0x00000600 x27=0x00000600
       18405000	      1741	80000fa0	01bd2023	sw	x27,0(x26)	 x26:0x8ffffffc x27:0x00000600 PA:0x8ffffffc store:0x00000600 load:0x00000000
       18415000	      1742	80000fa4	34202df3	csrrs	x27,mcause,x0	  x0:0x00000000 x27=0x8000000b
       18425000	      1743	80000fa8	01fddd93	srli	x27,x27,0x1f	 x27:0x8000000b x27=0x00000001
       18435000	      1744	80000fac	060d8863	beq	x27,x0,8000101c	 x27:0x00000001  x0:0x00000000
       18445000	      1745	80000fb0	90000d37	lui	x26,0x90000	 x26=0x90000000
       18455000	      1746	80000fb4	1d71	c.addi	x26,-4	 x26:0x90000000 x26=0x8ffffffc
       18465000	      1747	80000fb6	30000d93	addi	x27,x0,768	  x0:0x00000000 x27=0x00000300
       18475000	      1748	80000fba	0da2	c.slli	x27,0x8	 x27:0x00000300 x27=0x00030000
       18485000	      1749	80000fbc	0d8d	c.addi	x27,3	 x27:0x00030000 x27=0x00030003
       18495000	      1750	80000fbe	01bd2023	sw	x27,0(x26)	 x26:0x8ffffffc x27:0x00030003 PA:0x8ffffffc store:0x00030003 load:0x00000000
       18505000	      1751	80000fc2	30002df3	csrrs	x27,mstatus,x0	  x0:0x00000000 x27=0x00000080
       18515000	      1752	80000fc6	01bd2023	sw	x27,0(x26)	 x26:0x8ffffffc x27:0x00000080 PA:0x8ffffffc store:0x00000080 load:0x00000000
       18525000	      1753	80000fca	90000d37	lui	x26,0x90000	 x26=0x90000000
       18535000	      1754	80000fce	1d71	c.addi	x26,-4	 x26:0x90000000 x26=0x8ffffffc
       18545000	      1755	80000fd0	34200d93	addi	x27,x0,834	  x0:0x00000000 x27=0x00000342
       18555000	      1756	80000fd4	0da2	c.slli	x27,0x8	 x27:0x00000342 x27=0x00034200
       18565000	      1757	80000fd6	0d8d	c.addi	x27,3	 x27:0x00034200 x27=0x00034203
       18575000	      1758	80000fd8	01bd2023	sw	x27,0(x26)	 x26:0x8ffffffc x27:0x00034203 PA:0x8ffffffc store:0x00034203 load:0x00000000
       18585000	      1759	80000fdc	34202df3	csrrs	x27,mcause,x0	  x0:0x00000000 x27=0x8000000b
       18595000	      1760	80000fe0	01bd2023	sw	x27,0(x26)	 x26:0x8ffffffc x27:0x8000000b PA:0x8ffffffc store:0x8000000b load:0x00000000
       18605000	      1761	80000fe4	90000d37	lui	x26,0x90000	 x26=0x90000000
       18615000	      1762	80000fe8	1d71	c.addi	x26,-4	 x26:0x90000000 x26=0x8ffffffc
       18625000	      1763	80000fea	30400d93	addi	x27,x0,772	  x0:0x00000000 x27=0x00000304
       18635000	      1764	80000fee	0da2	c.slli	x27,0x8	 x27:0x00000304 x27=0x00030400
       18645000	      1765	80000ff0	0d8d	c.addi	x27,3	 x27:0x00030400 x27=0x00030403
       18655000	      1766	80000ff2	01bd2023	sw	x27,0(x26)	 x26:0x8ffffffc x27:0x00030403 PA:0x8ffffffc store:0x00030403 load:0x00000000
       18665000	      1767	80000ff6	30402df3	csrrs	x27,mie,x0	  x0:0x00000000 x27=0x00360888
       18675000	      1768	80000ffa	01bd2023	sw	x27,0(x26)	 x26:0x8ffffffc x27:0x00360888 PA:0x8ffffffc store:0x00360888 load:0x00000000
       18685000	      1769	80000ffe	90000d37	lui	x26,0x90000	 x26=0x90000000
       18695000	      1770	80001002	1d71	c.addi	x26,-4	 x26:0x90000000 x26=0x8ffffffc
       18705000	      1771	80001004	34400d93	addi	x27,x0,836	  x0:0x00000000 x27=0x00000344
       18715000	      1772	80001008	0da2	c.slli	x27,0x8	 x27:0x00000344 x27=0x00034400
       18725000	      1773	8000100a	0d8d	c.addi	x27,3	 x27:0x00034400 x27=0x00034403
       18735000	      1774	8000100c	01bd2023	sw	x27,0(x26)	 x26:0x8ffffffc x27:0x00034403 PA:0x8ffffffc store:0x00034403 load:0x00000000
       18745000	      1775	80001010	34402df3	csrrs	x27,mip,x0	  x0:0x00000000 x27=0x00000000
       18755000	      1776	80001014	01bd2023	sw	x27,0(x26)	 x26:0x8ffffffc x27:0x00000000 PA:0x8ffffffc store:0x00000000 load:0x00000000
       18765000	      1777	80001018	2b41106f	jal	x0,800122cc	  x0=0x00000000
       18785000	      1779	800122cc	34002df3	csrrs	x27,mscratch,x0	  x0:0x00000000 x27=0x00000000
       18795000	      1780	800122d0	01b04663	blt	x0,x27,800122dc	  x0:0x00000000 x27:0x00000000
       18805000	      1781	800122d4	3400d073	csrrwi	x0,mscratch,1	  x0=0x00000000
       18815000	      1782	800122d8	30046073	csrrsi	x0,mstatus,8	  x0=0x00000000
       18845000	      1785	800122dc	34005073	csrrwi	x0,mscratch,0	  x0=0x00000000
       18855000	      1786	800122e0	30002df3	csrrs	x27,mstatus,x0	  x0:0x00000000 x27=0x00000088
       18865000	      1787	800122e4	30402df3	csrrs	x27,mie,x0	  x0:0x00000000 x27=0x00360888
       18875000	      1788	800122e8	34402df3	csrrs	x27,mip,x0	  x0:0x00000000 x27=0x00000000
       18885000	      1789	800122ec	344dbdf3	csrrc	x27,mip,x27	 x27:0x00000000 x27=0x00000000
       18915000	      1792	800122f0	90000d37	lui	x26,0x90000	 x26=0x90000000
       18925000	      1793	800122f4	1d71	c.addi	x26,-4	 x26:0x90000000 x26=0x8ffffffc
       18935000	      1794	800122f6	4d9d	c.li	x27,7	 x27=0x00000007
       18945000	      1795	800122f8	0da2	c.slli	x27,0x8	 x27:0x00000007 x27=0x00000700
       18955000	      1796	800122fa	000d8d93	addi	x27,x27,0	 x27:0x00000700 x27=0x00000700
       18965000	      1797	800122fe	01bd2023	sw	x27,0(x26)	 x26:0x8ffffffc x27:0x00000700 PA:0x8ffffffc store:0x00000700 load:0x00000000
       18975000	      1798	80012302	00068bb3	add	x23,x13,x0	 x13:0x8002cc60  x0:0x00000000 x23=0x8002cc60
       18985000	      1799	80012306	004ba083	lw	x1,4(x23)	 x23:0x8002cc60  x1=0x00000001 PA:0x8002cc64 load:0x00000001
       18995000	      1800	8001230a	008ba103	lw	x2,8(x23)	 x23:0x8002cc60  x2=0x800135b5 PA:0x8002cc68 load:0x800135b5
       19005000	      1801	8001230e	00cba183	lw	x3,12(x23)	 x23:0x8002cc60  x3=0xffffffff PA:0x8002cc6c load:0xffffffff
       19015000	      1802	80012312	010ba203	lw	x4,16(x23)	 x23:0x8002cc60  x4=0x00110000 PA:0x8002cc70 load:0x00110000
       19025000	      1803	80012316	014ba283	lw	x5,20(x23)	 x23:0x8002cc60  x5=0xff0f1455 PA:0x8002cc74 load:0xff0f1455
       19035000	      1804	8001231a	018ba303	lw	x6,24(x23)	 x23:0x8002cc60  x6=0xffffffff PA:0x8002cc78 load:0xffffffff
       19045000	      1805	8001231e	01cba383	lw	x7,28(x23)	 x23:0x8002cc60  x7=0x247fa134 PA:0x8002cc7c load:0x247fa134
       19055000	      1806	80012322	020ba403	lw	x8,32(x23)	 x23:0x8002cc60  x8=0xffffffb6 PA:0x8002cc80 load:0xffffffb6
       19065000	      1807	80012326	024ba483	lw	x9,36(x23)	 x23:0x8002cc60  x9=0x0000e000 PA:0x8002cc84 load:0x0000e000
       19075000	      1808	8001232a	028ba503	lw	x10,40(x23)	 x23:0x8002cc60 x10=0x00000069 PA:0x8002cc88 load:0x00000069
       19085000	      1809	8001232e	02cba583	lw	x11,44(x23)	 x23:0x8002cc60 x11=0xf1e8b1fd PA:0x8002cc8c load:0xf1e8b1fd
       19095000	      1810	80012332	030ba603	lw	x12,48(x23)	 x23:0x8002cc60 x12=0x800134d8 PA:0x8002cc90 load:0x800134d8
       19105000	      1811	80012336	034ba683	lw	x13,52(x23)	 x23:0x8002cc60 x13=0x8002cce0 PA:0x8002cc94 load:0x8002cce0
       19115000	      1812	8001233a	038ba703	lw	x14,56(x23)	 x23:0x8002cc60 x14=0x0002c400 PA:0x8002cc98 load:0x0002c400
       19125000	      1813	8001233e	03cba783	lw	x15,60(x23)	 x23:0x8002cc60 x15=0x80013665 PA:0x8002cc9c load:0x80013665
       19135000	      1814	80012342	040ba803	lw	x16,64(x23)	 x23:0x8002cc60 x16=0x00000005 PA:0x8002cca0 load:0x00000005
       19145000	      1815	80012346	044ba883	lw	x17,68(x23)	 x23:0x8002cc60 x17=0xffffb5e9 PA:0x8002cca4 load:0xffffb5e9
       19155000	      1816	8001234a	048ba903	lw	x18,72(x23)	 x23:0x8002cc60 x18=0x0000003f PA:0x8002cca8 load:0x0000003f
       19165000	      1817	8001234e	04cba983	lw	x19,76(x23)	 x23:0x8002cc60 x19=0x247fa133 PA:0x8002ccac load:0x247fa133
       19175000	      1818	80012352	050baa03	lw	x20,80(x23)	 x23:0x8002cc60 x20=0x247fa135 PA:0x8002ccb0 load:0x247fa135
       19185000	      1819	80012356	054baa83	lw	x21,84(x23)	 x23:0x8002cc60 x21=0xffffffe0 PA:0x8002ccb4 load:0xffffffe0
       19195000	      1820	8001235a	058bab03	lw	x22,88(x23)	 x23:0x8002cc60 x22=0x510c7012 PA:0x8002ccb8 load:0x510c7012
       19205000	      1821	8001235e	05cbab83	lw	x23,92(x23)	 x23:0x8002cc60 x23=0x8002cc60 PA:0x8002ccbc load:0x8002cc60
       19225000	      1823	80012362	060bac03	lw	x24,96(x23)	 x23:0x8002cc60 x24=0xfffff98b PA:0x8002ccc0 load:0xfffff98b
       19235000	      1824	80012366	064bac83	lw	x25,100(x23)	 x23:0x8002cc60 x25=0x00110005 PA:0x8002ccc4 load:0x00110005
       19245000	      1825	8001236a	068bad03	lw	x26,104(x23)	 x23:0x8002cc60 x26=0x8001b229 PA:0x8002ccc8 load:0x8001b229
       19255000	      1826	8001236e	06cbad83	lw	x27,108(x23)	 x23:0x8002cc60 x27=0x00000000 PA:0x8002cccc load:0x00000000
       19265000	      1827	80012372	070bae03	lw	x28,112(x23)	 x23:0x8002cc60 x28=0x00002000 PA:0x8002ccd0 load:0x00002000
       19275000	      1828	80012376	074bae83	lw	x29,116(x23)	 x23:0x8002cc60 x29=0xffffffdf PA:0x8002ccd4 load:0xffffffdf
       19285000	      1829	8001237a	078baf03	lw	x30,120(x23)	 x23:0x8002cc60 x30=0x8002050c PA:0x8002ccd8 load:0x8002050c
       19295000	      1830	8001237e	07cbaf83	lw	x31,124(x23)	 x23:0x8002cc60 x31=0xffffffff PA:0x8002ccdc load:0xffffffff
       19305000	      1831	80012382	080b8b93	addi	x23,x23,128	 x23:0x8002cc60 x23=0x8002cce0
       19315000	      1832	80012386	000b86b3	add	x13,x23,x0	 x23:0x8002cce0  x0:0x00000000 x13=0x8002cce0
       19325000	      1833	8001238a	0006ab83	lw	x23,0(x13)	 x13:0x8002cce0 x23=0x80028e64 PA:0x8002cce0 load:0x80028e64
       19335000	      1834	8001238e	0691	c.addi	x13,4	 x13:0x8002cce0 x13=0x8002cce4
       19345000	      1835	80012390	30200073	mret	
       19375000	      1838	8000377c	02815263	bge	x2,x8,800037a0	  x2:0x800135b5  x8:0xffffffb6
       19385000	      1839	80003780	8469	c.srai	x8,0x1a	  x8:0xffffffb6  x8=0xffffffff
       19395000	      1840	80003782	80c1	c.srli	x9,0x10	  x9:0x0000e000  x9=0x00000000
       19405000	      1841	80003784	4089df13	srai	x30,x19,0x8	 x19:0x247fa133 x30=0x00247fa1
       19415000	      1842	80003788	21138497	auipc	x9,0x21138	  x9=0xa113b788
       19425000	      1843	8000378c	8349	c.srli	x14,0x12	 x14:0x0002c400 x14=0x00000000
       19435000	      1844	8000378e	88c0e713	ori	x14,x1,-1908	  x1:0x00000001 x14=0xfffff88d
       19445000	      1845	80003792	0109	c.addi	x2,2	  x2:0x800135b5  x2=0x800135b7
       19455000	      1846	80003794	f2946937	lui	x18,0xf2946	 x18=0xf2946000
       19465000	      1847	80003798	00b36033	or	x0,x6,x11	  x6:0xffffffff x11:0xf1e8b1fd  x0=0x00000000
       19475000	      1848	8000379c	01555f63	bge	x10,x21,800037ba	 x10:0x00000069 x21:0xffffffe0
       19495000	      1850	800037ba	84f9	c.srai	x9,0x1e	  x9:0xa113b788  x9=0xfffffffe
       19505000	      1851	800037bc	411a5813	srai	x16,x20,0x11	 x20:0x247fa135 x16=0x0000123f
       19545000	      1855	8000272c	fd8fe06f	jal	x0,80000f04	  x0=0x00000000
       19565000	      1857	80000f04	16f1	c.addi	x13,-4	 x13:0x8002cce4 x13=0x8002cce0
       19575000	      1858	80000f06	0176a023	sw	x23,0(x13)	 x13:0x8002cce0 x23:0x80028e64 PA:0x8002cce0 store:0x80028e64 load:0x00000000
       19585000	      1859	80000f0a	00068bb3	add	x23,x13,x0	 x13:0x8002cce0  x0:0x00000000 x23=0x8002cce0
       19595000	      1860	80000f0e	f80b8b93	addi	x23,x23,-128	 x23:0x8002cce0 x23=0x8002cc60
       19605000	      1861	80000f12	001ba223	sw	x1,4(x23)	 x23:0x8002cc60  x1:0x00000001 PA:0x8002cc64 store:0x00000001 load:0x00000000
       19615000	      1862	80000f16	002ba423	sw	x2,8(x23)	 x23:0x8002cc60  x2:0x800135b7 PA:0x8002cc68 store:0x800135b7 load:0x00000000
       19625000	      1863	80000f1a	003ba623	sw	x3,12(x23)	 x23:0x8002cc60  x3:0xffffffff PA:0x8002cc6c store:0xffffffff load:0x00000000
       19635000	      1864	80000f1e	004ba823	sw	x4,16(x23)	 x23:0x8002cc60  x4:0x00110000 PA:0x8002cc70 store:0x00110000 load:0x00000000
       19645000	      1865	80000f22	005baa23	sw	x5,20(x23)	 x23:0x8002cc60  x5:0xff0f1455 PA:0x8002cc74 store:0xff0f1455 load:0x00000000
       19655000	      1866	80000f26	006bac23	sw	x6,24(x23)	 x23:0x8002cc60  x6:0xffffffff PA:0x8002cc78 store:0xffffffff load:0x00000000
       19665000	      1867	80000f2a	007bae23	sw	x7,28(x23)	 x23:0x8002cc60  x7:0x247fa134 PA:0x8002cc7c store:0x247fa134 load:0x00000000
       19675000	      1868	80000f2e	028ba023	sw	x8,32(x23)	 x23:0x8002cc60  x8:0xffffffff PA:0x8002cc80 store:0xffffffff load:0x00000000
       19685000	      1869	80000f32	029ba223	sw	x9,36(x23)	 x23:0x8002cc60  x9:0xfffffffe PA:0x8002cc84 store:0xfffffffe load:0x00000000
       19695000	      1870	80000f36	02aba423	sw	x10,40(x23)	 x23:0x8002cc60 x10:0x00000069 PA:0x8002cc88 store:0x00000069 load:0x00000000
       19705000	      1871	80000f3a	02bba623	sw	x11,44(x23)	 x23:0x8002cc60 x11:0xf1e8b1fd PA:0x8002cc8c store:0xf1e8b1fd load:0x00000000
       19715000	      1872	80000f3e	02cba823	sw	x12,48(x23)	 x23:0x8002cc60 x12:0x800134d8 PA:0x8002cc90 store:0x800134d8 load:0x00000000
       19725000	      1873	80000f42	02dbaa23	sw	x13,52(x23)	 x23:0x8002cc60 x13:0x8002cce0 PA:0x8002cc94 store:0x8002cce0 load:0x00000000
       19735000	      1874	80000f46	02ebac23	sw	x14,56(x23)	 x23:0x8002cc60 x14:0xfffff88d PA:0x8002cc98 store:0xfffff88d load:0x00000000
       19745000	      1875	80000f4a	02fbae23	sw	x15,60(x23)	 x23:0x8002cc60 x15:0x80013665 PA:0x8002cc9c store:0x80013665 load:0x00000000
       19755000	      1876	80000f4e	050ba023	sw	x16,64(x23)	 x23:0x8002cc60 x16:0x0000123f PA:0x8002cca0 store:0x0000123f load:0x00000000
       19765000	      1877	80000f52	051ba223	sw	x17,68(x23)	 x23:0x8002cc60 x17:0xffffb5e9 PA:0x8002cca4 store:0xffffb5e9 load:0x00000000
       19775000	      1878	80000f56	052ba423	sw	x18,72(x23)	 x23:0x8002cc60 x18:0xf2946000 PA:0x8002cca8 store:0xf2946000 load:0x00000000
       19785000	      1879	80000f5a	053ba623	sw	x19,76(x23)	 x23:0x8002cc60 x19:0x247fa133 PA:0x8002ccac store:0x247fa133 load:0x00000000
       19795000	      1880	80000f5e	054ba823	sw	x20,80(x23)	 x23:0x8002cc60 x20:0x247fa135 PA:0x8002ccb0 store:0x247fa135 load:0x00000000
       19805000	      1881	80000f62	055baa23	sw	x21,84(x23)	 x23:0x8002cc60 x21:0xffffffe0 PA:0x8002ccb4 store:0xffffffe0 load:0x00000000
       19815000	      1882	80000f66	056bac23	sw	x22,88(x23)	 x23:0x8002cc60 x22:0x510c7012 PA:0x8002ccb8 store:0x510c7012 load:0x00000000
       19825000	      1883	80000f6a	057bae23	sw	x23,92(x23)	 x23:0x8002cc60 x23:0x8002cc60 PA:0x8002ccbc store:0x8002cc60 load:0x00000000
       19835000	      1884	80000f6e	078ba023	sw	x24,96(x23)	 x23:0x8002cc60 x24:0xfffff98b PA:0x8002ccc0 store:0xfffff98b load:0x00000000
       19845000	      1885	80000f72	079ba223	sw	x25,100(x23)	 x23:0x8002cc60 x25:0x00110005 PA:0x8002ccc4 store:0x00110005 load:0x00000000
       19855000	      1886	80000f76	07aba423	sw	x26,104(x23)	 x23:0x8002cc60 x26:0x8001b229 PA:0x8002ccc8 store:0x8001b229 load:0x00000000
       19865000	      1887	80000f7a	07bba623	sw	x27,108(x23)	 x23:0x8002cc60 x27:0x00000000 PA:0x8002cccc store:0x00000000 load:0x00000000
       19875000	      1888	80000f7e	07cba823	sw	x28,112(x23)	 x23:0x8002cc60 x28:0x00002000 PA:0x8002ccd0 store:0x00002000 load:0x00000000
       19885000	      1889	80000f82	07dbaa23	sw	x29,116(x23)	 x23:0x8002cc60 x29:0xffffffdf PA:0x8002ccd4 store:0xffffffdf load:0x00000000
       19895000	      1890	80000f86	07ebac23	sw	x30,120(x23)	 x23:0x8002cc60 x30:0x00247fa1 PA:0x8002ccd8 store:0x00247fa1 load:0x00000000
       19905000	      1891	80000f8a	07fbae23	sw	x31,124(x23)	 x23:0x8002cc60 x31:0xffffffff PA:0x8002ccdc store:0xffffffff load:0x00000000
       19915000	      1892	80000f8e	000b86b3	add	x13,x23,x0	 x23:0x8002cc60  x0:0x00000000 x13=0x8002cc60
       19925000	      1893	80000f92	90000d37	lui	x26,0x90000	 x26=0x90000000
       19935000	      1894	80000f96	1d71	c.addi	x26,-4	 x26:0x90000000 x26=0x8ffffffc
       19945000	      1895	80000f98	4d99	c.li	x27,6	 x27=0x00000006
       19955000	      1896	80000f9a	0da2	c.slli	x27,0x8	 x27:0x00000006 x27=0x00000600
       19965000	      1897	80000f9c	000d8d93	addi	x27,x27,0	 x27:0x00000600 x27=0x00000600
       19975000	      1898	80000fa0	01bd2023	sw	x27,0(x26)	 x26:0x8ffffffc x27:0x00000600 PA:0x8ffffffc store:0x00000600 load:0x00000000
       19985000	      1899	80000fa4	34202df3	csrrs	x27,mcause,x0	  x0:0x00000000 x27=0x8000000b
       19995000	      1900	80000fa8	01fddd93	srli	x27,x27,0x1f	 x27:0x8000000b x27=0x00000001
       20005000	      1901	80000fac	060d8863	beq	x27,x0,8000101c	 x27:0x00000001  x0:0x00000000
       20015000	      1902	80000fb0	90000d37	lui	x26,0x90000	 x26=0x90000000
       20025000	      1903	80000fb4	1d71	c.addi	x26,-4	 x26:0x90000000 x26=0x8ffffffc
       20035000	      1904	80000fb6	30000d93	addi	x27,x0,768	  x0:0x00000000 x27=0x00000300
       20045000	      1905	80000fba	0da2	c.slli	x27,0x8	 x27:0x00000300 x27=0x00030000
       20055000	      1906	80000fbc	0d8d	c.addi	x27,3	 x27:0x00030000 x27=0x00030003
       20065000	      1907	80000fbe	01bd2023	sw	x27,0(x26)	 x26:0x8ffffffc x27:0x00030003 PA:0x8ffffffc store:0x00030003 load:0x00000000
       20075000	      1908	80000fc2	30002df3	csrrs	x27,mstatus,x0	  x0:0x00000000 x27=0x00000080
       20085000	      1909	80000fc6	01bd2023	sw	x27,0(x26)	 x26:0x8ffffffc x27:0x00000080 PA:0x8ffffffc store:0x00000080 load:0x00000000
       20095000	      1910	80000fca	90000d37	lui	x26,0x90000	 x26=0x90000000
       20105000	      1911	80000fce	1d71	c.addi	x26,-4	 x26:0x90000000 x26=0x8ffffffc
       20115000	      1912	80000fd0	34200d93	addi	x27,x0,834	  x0:0x00000000 x27=0x00000342
       20125000	      1913	80000fd4	0da2	c.slli	x27,0x8	 x27:0x00000342 x27=0x00034200
       20135000	      1914	80000fd6	0d8d	c.addi	x27,3	 x27:0x00034200 x27=0x00034203
       20145000	      1915	80000fd8	01bd2023	sw	x27,0(x26)	 x26:0x8ffffffc x27:0x00034203 PA:0x8ffffffc store:0x00034203 load:0x00000000
       20155000	      1916	80000fdc	34202df3	csrrs	x27,mcause,x0	  x0:0x00000000 x27=0x8000000b
       20165000	      1917	80000fe0	01bd2023	sw	x27,0(x26)	 x26:0x8ffffffc x27:0x8000000b PA:0x8ffffffc store:0x8000000b load:0x00000000
       20175000	      1918	80000fe4	90000d37	lui	x26,0x90000	 x26=0x90000000
       20185000	      1919	80000fe8	1d71	c.addi	x26,-4	 x26:0x90000000 x26=0x8ffffffc
       20195000	      1920	80000fea	30400d93	addi	x27,x0,772	  x0:0x00000000 x27=0x00000304
       20205000	      1921	80000fee	0da2	c.slli	x27,0x8	 x27:0x00000304 x27=0x00030400
       20215000	      1922	80000ff0	0d8d	c.addi	x27,3	 x27:0x00030400 x27=0x00030403
       20225000	      1923	80000ff2	01bd2023	sw	x27,0(x26)	 x26:0x8ffffffc x27:0x00030403 PA:0x8ffffffc store:0x00030403 load:0x00000000
       20235000	      1924	80000ff6	30402df3	csrrs	x27,mie,x0	  x0:0x00000000 x27=0x00360888
       20245000	      1925	80000ffa	01bd2023	sw	x27,0(x26)	 x26:0x8ffffffc x27:0x00360888 PA:0x8ffffffc store:0x00360888 load:0x00000000
       20255000	      1926	80000ffe	90000d37	lui	x26,0x90000	 x26=0x90000000
       20265000	      1927	80001002	1d71	c.addi	x26,-4	 x26:0x90000000 x26=0x8ffffffc
       20275000	      1928	80001004	34400d93	addi	x27,x0,836	  x0:0x00000000 x27=0x00000344
       20285000	      1929	80001008	0da2	c.slli	x27,0x8	 x27:0x00000344 x27=0x00034400
       20295000	      1930	8000100a	0d8d	c.addi	x27,3	 x27:0x00034400 x27=0x00034403
       20305000	      1931	8000100c	01bd2023	sw	x27,0(x26)	 x26:0x8ffffffc x27:0x00034403 PA:0x8ffffffc store:0x00034403 load:0x00000000
       20315000	      1932	80001010	34402df3	csrrs	x27,mip,x0	  x0:0x00000000 x27=0x00000000
       20325000	      1933	80001014	01bd2023	sw	x27,0(x26)	 x26:0x8ffffffc x27:0x00000000 PA:0x8ffffffc store:0x00000000 load:0x00000000
       20335000	      1934	80001018	2b41106f	jal	x0,800122cc	  x0=0x00000000
       20355000	      1936	800122cc	34002df3	csrrs	x27,mscratch,x0	  x0:0x00000000 x27=0x00000000
       20365000	      1937	800122d0	01b04663	blt	x0,x27,800122dc	  x0:0x00000000 x27:0x00000000
       20375000	      1938	800122d4	3400d073	csrrwi	x0,mscratch,1	  x0=0x00000000
       20385000	      1939	800122d8	30046073	csrrsi	x0,mstatus,8	  x0=0x00000000
       20415000	      1942	800122dc	34005073	csrrwi	x0,mscratch,0	  x0=0x00000000
       20425000	      1943	800122e0	30002df3	csrrs	x27,mstatus,x0	  x0:0x00000000 x27=0x00000088
       20435000	      1944	800122e4	30402df3	csrrs	x27,mie,x0	  x0:0x00000000 x27=0x00360888
       20445000	      1945	800122e8	34402df3	csrrs	x27,mip,x0	  x0:0x00000000 x27=0x00000000
       20455000	      1946	800122ec	344dbdf3	csrrc	x27,mip,x27	 x27:0x00000000 x27=0x00000000
       20485000	      1949	800122f0	90000d37	lui	x26,0x90000	 x26=0x90000000
       20495000	      1950	800122f4	1d71	c.addi	x26,-4	 x26:0x90000000 x26=0x8ffffffc
       20505000	      1951	800122f6	4d9d	c.li	x27,7	 x27=0x00000007
       20515000	      1952	800122f8	0da2	c.slli	x27,0x8	 x27:0x00000007 x27=0x00000700
       20525000	      1953	800122fa	000d8d93	addi	x27,x27,0	 x27:0x00000700 x27=0x00000700
       20535000	      1954	800122fe	01bd2023	sw	x27,0(x26)	 x26:0x8ffffffc x27:0x00000700 PA:0x8ffffffc store:0x00000700 load:0x00000000
       20545000	      1955	80012302	00068bb3	add	x23,x13,x0	 x13:0x8002cc60  x0:0x00000000 x23=0x8002cc60
       20555000	      1956	80012306	004ba083	lw	x1,4(x23)	 x23:0x8002cc60  x1=0x00000001 PA:0x8002cc64 load:0x00000001
       20565000	      1957	8001230a	008ba103	lw	x2,8(x23)	 x23:0x8002cc60  x2=0x800135b7 PA:0x8002cc68 load:0x800135b7
       20575000	      1958	8001230e	00cba183	lw	x3,12(x23)	 x23:0x8002cc60  x3=0xffffffff PA:0x8002cc6c load:0xffffffff
       20585000	      1959	80012312	010ba203	lw	x4,16(x23)	 x23:0x8002cc60  x4=0x00110000 PA:0x8002cc70 load:0x00110000
       20595000	      1960	80012316	014ba283	lw	x5,20(x23)	 x23:0x8002cc60  x5=0xff0f1455 PA:0x8002cc74 load:0xff0f1455
       20605000	      1961	8001231a	018ba303	lw	x6,24(x23)	 x23:0x8002cc60  x6=0xffffffff PA:0x8002cc78 load:0xffffffff
       20615000	      1962	8001231e	01cba383	lw	x7,28(x23)	 x23:0x8002cc60  x7=0x247fa134 PA:0x8002cc7c load:0x247fa134
       20625000	      1963	80012322	020ba403	lw	x8,32(x23)	 x23:0x8002cc60  x8=0xffffffff PA:0x8002cc80 load:0xffffffff
       20635000	      1964	80012326	024ba483	lw	x9,36(x23)	 x23:0x8002cc60  x9=0xfffffffe PA:0x8002cc84 load:0xfffffffe
       20645000	      1965	8001232a	028ba503	lw	x10,40(x23)	 x23:0x8002cc60 x10=0x00000069 PA:0x8002cc88 load:0x00000069
       20655000	      1966	8001232e	02cba583	lw	x11,44(x23)	 x23:0x8002cc60 x11=0xf1e8b1fd PA:0x8002cc8c load:0xf1e8b1fd
       20665000	      1967	80012332	030ba603	lw	x12,48(x23)	 x23:0x8002cc60 x12=0x800134d8 PA:0x8002cc90 load:0x800134d8
       20675000	      1968	80012336	034ba683	lw	x13,52(x23)	 x23:0x8002cc60 x13=0x8002cce0 PA:0x8002cc94 load:0x8002cce0
       20685000	      1969	8001233a	038ba703	lw	x14,56(x23)	 x23:0x8002cc60 x14=0xfffff88d PA:0x8002cc98 load:0xfffff88d
       20695000	      1970	8001233e	03cba783	lw	x15,60(x23)	 x23:0x8002cc60 x15=0x80013665 PA:0x8002cc9c load:0x80013665
       20705000	      1971	80012342	040ba803	lw	x16,64(x23)	 x23:0x8002cc60 x16=0x0000123f PA:0x8002cca0 load:0x0000123f
       20715000	      1972	80012346	044ba883	lw	x17,68(x23)	 x23:0x8002cc60 x17=0xffffb5e9 PA:0x8002cca4 load:0xffffb5e9
       20725000	      1973	8001234a	048ba903	lw	x18,72(x23)	 x23:0x8002cc60 x18=0xf2946000 PA:0x8002cca8 load:0xf2946000
       20735000	      1974	8001234e	04cba983	lw	x19,76(x23)	 x23:0x8002cc60 x19=0x247fa133 PA:0x8002ccac load:0x247fa133
       20745000	      1975	80012352	050baa03	lw	x20,80(x23)	 x23:0x8002cc60 x20=0x247fa135 PA:0x8002ccb0 load:0x247fa135
       20755000	      1976	80012356	054baa83	lw	x21,84(x23)	 x23:0x8002cc60 x21=0xffffffe0 PA:0x8002ccb4 load:0xffffffe0
       20765000	      1977	8001235a	058bab03	lw	x22,88(x23)	 x23:0x8002cc60 x22=0x510c7012 PA:0x8002ccb8 load:0x510c7012
       20775000	      1978	8001235e	05cbab83	lw	x23,92(x23)	 x23:0x8002cc60 x23=0x8002cc60 PA:0x8002ccbc load:0x8002cc60
       20795000	      1980	80012362	060bac03	lw	x24,96(x23)	 x23:0x8002cc60 x24=0xfffff98b PA:0x8002ccc0 load:0xfffff98b
       20805000	      1981	80012366	064bac83	lw	x25,100(x23)	 x23:0x8002cc60 x25=0x00110005 PA:0x8002ccc4 load:0x00110005
       20815000	      1982	8001236a	068bad03	lw	x26,104(x23)	 x23:0x8002cc60 x26=0x8001b229 PA:0x8002ccc8 load:0x8001b229
       20825000	      1983	8001236e	06cbad83	lw	x27,108(x23)	 x23:0x8002cc60 x27=0x00000000 PA:0x8002cccc load:0x00000000
       20835000	      1984	80012372	070bae03	lw	x28,112(x23)	 x23:0x8002cc60 x28=0x00002000 PA:0x8002ccd0 load:0x00002000
       20845000	      1985	80012376	074bae83	lw	x29,116(x23)	 x23:0x8002cc60 x29=0xffffffdf PA:0x8002ccd4 load:0xffffffdf
       20855000	      1986	8001237a	078baf03	lw	x30,120(x23)	 x23:0x8002cc60 x30=0x00247fa1 PA:0x8002ccd8 load:0x00247fa1
       20865000	      1987	8001237e	07cbaf83	lw	x31,124(x23)	 x23:0x8002cc60 x31=0xffffffff PA:0x8002ccdc load:0xffffffff
       20875000	      1988	80012382	080b8b93	addi	x23,x23,128	 x23:0x8002cc60 x23=0x8002cce0
       20885000	      1989	80012386	000b86b3	add	x13,x23,x0	 x23:0x8002cce0  x0:0x00000000 x13=0x8002cce0
       20895000	      1990	8001238a	0006ab83	lw	x23,0(x13)	 x13:0x8002cce0 x23=0x80028e64 PA:0x8002cce0 load:0x80028e64
       20905000	      1991	8001238e	0691	c.addi	x13,4	 x13:0x8002cce0 x13=0x8002cce4
       20915000	      1992	80012390	30200073	mret	
       20945000	      1995	800037c0	00f2	c.slli	x1,0x1c	  x1:0x00000001  x1=0x10000000
       20955000	      1996	800037c2	003cbe33	sltu	x28,x25,x3	 x25:0x00110005  x3:0xffffffff x28=0x00000001
       20965000	      1997	800037c6	8cf5	c.and	x9,x13	  x9:0xfffffffe x13:0x8002cce4  x9=0x8002cce4
       20975000	      1998	800037c8	850a	c.mv	x10,x2	  x0:0x00000000  x2:0x800135b7 x10=0x800135b7
       21345000	      2035	800037ca	029751b3	divu	x3,x14,x9	 x14:0xfffff88d  x9:0x8002cce4  x3=0x00000001
       21385000	      2039	8000272c	fd8fe06f	jal	x0,80000f04	  x0=0x00000000
       21405000	      2041	80000f04	16f1	c.addi	x13,-4	 x13:0x8002cce4 x13=0x8002cce0
       21415000	      2042	80000f06	0176a023	sw	x23,0(x13)	 x13:0x8002cce0 x23:0x80028e64 PA:0x8002cce0 store:0x80028e64 load:0x00000000
       21425000	      2043	80000f0a	00068bb3	add	x23,x13,x0	 x13:0x8002cce0  x0:0x00000000 x23=0x8002cce0
       21435000	      2044	80000f0e	f80b8b93	addi	x23,x23,-128	 x23:0x8002cce0 x23=0x8002cc60
       21445000	      2045	80000f12	001ba223	sw	x1,4(x23)	 x23:0x8002cc60  x1:0x10000000 PA:0x8002cc64 store:0x10000000 load:0x00000000
       21455000	      2046	80000f16	002ba423	sw	x2,8(x23)	 x23:0x8002cc60  x2:0x800135b7 PA:0x8002cc68 store:0x800135b7 load:0x00000000
       21465000	      2047	80000f1a	003ba623	sw	x3,12(x23)	 x23:0x8002cc60  x3:0x00000001 PA:0x8002cc6c store:0x00000001 load:0x00000000
       21475000	      2048	80000f1e	004ba823	sw	x4,16(x23)	 x23:0x8002cc60  x4:0x00110000 PA:0x8002cc70 store:0x00110000 load:0x00000000
       21485000	      2049	80000f22	005baa23	sw	x5,20(x23)	 x23:0x8002cc60  x5:0xff0f1455 PA:0x8002cc74 store:0xff0f1455 load:0x00000000
       21495000	      2050	80000f26	006bac23	sw	x6,24(x23)	 x23:0x8002cc60  x6:0xffffffff PA:0x8002cc78 store:0xffffffff load:0x00000000
       21505000	      2051	80000f2a	007bae23	sw	x7,28(x23)	 x23:0x8002cc60  x7:0x247fa134 PA:0x8002cc7c store:0x247fa134 load:0x00000000
       21515000	      2052	80000f2e	028ba023	sw	x8,32(x23)	 x23:0x8002cc60  x8:0xffffffff PA:0x8002cc80 store:0xffffffff load:0x00000000
       21525000	      2053	80000f32	029ba223	sw	x9,36(x23)	 x23:0x8002cc60  x9:0x8002cce4 PA:0x8002cc84 store:0x8002cce4 load:0x00000000
       21535000	      2054	80000f36	02aba423	sw	x10,40(x23)	 x23:0x8002cc60 x10:0x800135b7 PA:0x8002cc88 store:0x800135b7 load:0x00000000
       21545000	      2055	80000f3a	02bba623	sw	x11,44(x23)	 x23:0x8002cc60 x11:0xf1e8b1fd PA:0x8002cc8c store:0xf1e8b1fd load:0x00000000
       21555000	      2056	80000f3e	02cba823	sw	x12,48(x23)	 x23:0x8002cc60 x12:0x800134d8 PA:0x8002cc90 store:0x800134d8 load:0x00000000
       21565000	      2057	80000f42	02dbaa23	sw	x13,52(x23)	 x23:0x8002cc60 x13:0x8002cce0 PA:0x8002cc94 store:0x8002cce0 load:0x00000000
       21575000	      2058	80000f46	02ebac23	sw	x14,56(x23)	 x23:0x8002cc60 x14:0xfffff88d PA:0x8002cc98 store:0xfffff88d load:0x00000000
       21585000	      2059	80000f4a	02fbae23	sw	x15,60(x23)	 x23:0x8002cc60 x15:0x80013665 PA:0x8002cc9c store:0x80013665 load:0x00000000
       21595000	      2060	80000f4e	050ba023	sw	x16,64(x23)	 x23:0x8002cc60 x16:0x0000123f PA:0x8002cca0 store:0x0000123f load:0x00000000
       21605000	      2061	80000f52	051ba223	sw	x17,68(x23)	 x23:0x8002cc60 x17:0xffffb5e9 PA:0x8002cca4 store:0xffffb5e9 load:0x00000000
       21615000	      2062	80000f56	052ba423	sw	x18,72(x23)	 x23:0x8002cc60 x18:0xf2946000 PA:0x8002cca8 store:0xf2946000 load:0x00000000
       21625000	      2063	80000f5a	053ba623	sw	x19,76(x23)	 x23:0x8002cc60 x19:0x247fa133 PA:0x8002ccac store:0x247fa133 load:0x00000000
       21635000	      2064	80000f5e	054ba823	sw	x20,80(x23)	 x23:0x8002cc60 x20:0x247fa135 PA:0x8002ccb0 store:0x247fa135 load:0x00000000
       21645000	      2065	80000f62	055baa23	sw	x21,84(x23)	 x23:0x8002cc60 x21:0xffffffe0 PA:0x8002ccb4 store:0xffffffe0 load:0x00000000
       21655000	      2066	80000f66	056bac23	sw	x22,88(x23)	 x23:0x8002cc60 x22:0x510c7012 PA:0x8002ccb8 store:0x510c7012 load:0x00000000
       21665000	      2067	80000f6a	057bae23	sw	x23,92(x23)	 x23:0x8002cc60 x23:0x8002cc60 PA:0x8002ccbc store:0x8002cc60 load:0x00000000
       21675000	      2068	80000f6e	078ba023	sw	x24,96(x23)	 x23:0x8002cc60 x24:0xfffff98b PA:0x8002ccc0 store:0xfffff98b load:0x00000000
       21685000	      2069	80000f72	079ba223	sw	x25,100(x23)	 x23:0x8002cc60 x25:0x00110005 PA:0x8002ccc4 store:0x00110005 load:0x00000000
       21695000	      2070	80000f76	07aba423	sw	x26,104(x23)	 x23:0x8002cc60 x26:0x8001b229 PA:0x8002ccc8 store:0x8001b229 load:0x00000000
       21705000	      2071	80000f7a	07bba623	sw	x27,108(x23)	 x23:0x8002cc60 x27:0x00000000 PA:0x8002cccc store:0x00000000 load:0x00000000
       21715000	      2072	80000f7e	07cba823	sw	x28,112(x23)	 x23:0x8002cc60 x28:0x00000001 PA:0x8002ccd0 store:0x00000001 load:0x00000000
       21725000	      2073	80000f82	07dbaa23	sw	x29,116(x23)	 x23:0x8002cc60 x29:0xffffffdf PA:0x8002ccd4 store:0xffffffdf load:0x00000000
       21735000	      2074	80000f86	07ebac23	sw	x30,120(x23)	 x23:0x8002cc60 x30:0x00247fa1 PA:0x8002ccd8 store:0x00247fa1 load:0x00000000
       21745000	      2075	80000f8a	07fbae23	sw	x31,124(x23)	 x23:0x8002cc60 x31:0xffffffff PA:0x8002ccdc store:0xffffffff load:0x00000000
       21755000	      2076	80000f8e	000b86b3	add	x13,x23,x0	 x23:0x8002cc60  x0:0x00000000 x13=0x8002cc60
       21765000	      2077	80000f92	90000d37	lui	x26,0x90000	 x26=0x90000000
       21775000	      2078	80000f96	1d71	c.addi	x26,-4	 x26:0x90000000 x26=0x8ffffffc
       21785000	      2079	80000f98	4d99	c.li	x27,6	 x27=0x00000006
       21795000	      2080	80000f9a	0da2	c.slli	x27,0x8	 x27:0x00000006 x27=0x00000600
       21805000	      2081	80000f9c	000d8d93	addi	x27,x27,0	 x27:0x00000600 x27=0x00000600
       21815000	      2082	80000fa0	01bd2023	sw	x27,0(x26)	 x26:0x8ffffffc x27:0x00000600 PA:0x8ffffffc store:0x00000600 load:0x00000000
       21825000	      2083	80000fa4	34202df3	csrrs	x27,mcause,x0	  x0:0x00000000 x27=0x8000000b
       21835000	      2084	80000fa8	01fddd93	srli	x27,x27,0x1f	 x27:0x8000000b x27=0x00000001
       21845000	      2085	80000fac	060d8863	beq	x27,x0,8000101c	 x27:0x00000001  x0:0x00000000
       21855000	      2086	80000fb0	90000d37	lui	x26,0x90000	 x26=0x90000000
       21865000	      2087	80000fb4	1d71	c.addi	x26,-4	 x26:0x90000000 x26=0x8ffffffc
       21875000	      2088	80000fb6	30000d93	addi	x27,x0,768	  x0:0x00000000 x27=0x00000300
       21885000	      2089	80000fba	0da2	c.slli	x27,0x8	 x27:0x00000300 x27=0x00030000
       21895000	      2090	80000fbc	0d8d	c.addi	x27,3	 x27:0x00030000 x27=0x00030003
       21905000	      2091	80000fbe	01bd2023	sw	x27,0(x26)	 x26:0x8ffffffc x27:0x00030003 PA:0x8ffffffc store:0x00030003 load:0x00000000
       21915000	      2092	80000fc2	30002df3	csrrs	x27,mstatus,x0	  x0:0x00000000 x27=0x00000080
       21925000	      2093	80000fc6	01bd2023	sw	x27,0(x26)	 x26:0x8ffffffc x27:0x00000080 PA:0x8ffffffc store:0x00000080 load:0x00000000
       21935000	      2094	80000fca	90000d37	lui	x26,0x90000	 x26=0x90000000
       21945000	      2095	80000fce	1d71	c.addi	x26,-4	 x26:0x90000000 x26=0x8ffffffc
       21955000	      2096	80000fd0	34200d93	addi	x27,x0,834	  x0:0x00000000 x27=0x00000342
       21965000	      2097	80000fd4	0da2	c.slli	x27,0x8	 x27:0x00000342 x27=0x00034200
       21975000	      2098	80000fd6	0d8d	c.addi	x27,3	 x27:0x00034200 x27=0x00034203
       21985000	      2099	80000fd8	01bd2023	sw	x27,0(x26)	 x26:0x8ffffffc x27:0x00034203 PA:0x8ffffffc store:0x00034203 load:0x00000000
       21995000	      2100	80000fdc	34202df3	csrrs	x27,mcause,x0	  x0:0x00000000 x27=0x8000000b
       22005000	      2101	80000fe0	01bd2023	sw	x27,0(x26)	 x26:0x8ffffffc x27:0x8000000b PA:0x8ffffffc store:0x8000000b load:0x00000000
       22015000	      2102	80000fe4	90000d37	lui	x26,0x90000	 x26=0x90000000
       22025000	      2103	80000fe8	1d71	c.addi	x26,-4	 x26:0x90000000 x26=0x8ffffffc
       22035000	      2104	80000fea	30400d93	addi	x27,x0,772	  x0:0x00000000 x27=0x00000304
       22045000	      2105	80000fee	0da2	c.slli	x27,0x8	 x27:0x00000304 x27=0x00030400
       22055000	      2106	80000ff0	0d8d	c.addi	x27,3	 x27:0x00030400 x27=0x00030403
       22065000	      2107	80000ff2	01bd2023	sw	x27,0(x26)	 x26:0x8ffffffc x27:0x00030403 PA:0x8ffffffc store:0x00030403 load:0x00000000
       22075000	      2108	80000ff6	30402df3	csrrs	x27,mie,x0	  x0:0x00000000 x27=0x00360888
       22085000	      2109	80000ffa	01bd2023	sw	x27,0(x26)	 x26:0x8ffffffc x27:0x00360888 PA:0x8ffffffc store:0x00360888 load:0x00000000
       22095000	      2110	80000ffe	90000d37	lui	x26,0x90000	 x26=0x90000000
       22105000	      2111	80001002	1d71	c.addi	x26,-4	 x26:0x90000000 x26=0x8ffffffc
       22115000	      2112	80001004	34400d93	addi	x27,x0,836	  x0:0x00000000 x27=0x00000344
       22125000	      2113	80001008	0da2	c.slli	x27,0x8	 x27:0x00000344 x27=0x00034400
       22135000	      2114	8000100a	0d8d	c.addi	x27,3	 x27:0x00034400 x27=0x00034403
       22145000	      2115	8000100c	01bd2023	sw	x27,0(x26)	 x26:0x8ffffffc x27:0x00034403 PA:0x8ffffffc store:0x00034403 load:0x00000000
       22155000	      2116	80001010	34402df3	csrrs	x27,mip,x0	  x0:0x00000000 x27=0x00000000
       22165000	      2117	80001014	01bd2023	sw	x27,0(x26)	 x26:0x8ffffffc x27:0x00000000 PA:0x8ffffffc store:0x00000000 load:0x00000000
       22175000	      2118	80001018	2b41106f	jal	x0,800122cc	  x0=0x00000000
       22195000	      2120	800122cc	34002df3	csrrs	x27,mscratch,x0	  x0:0x00000000 x27=0x00000000
       22205000	      2121	800122d0	01b04663	blt	x0,x27,800122dc	  x0:0x00000000 x27:0x00000000
       22215000	      2122	800122d4	3400d073	csrrwi	x0,mscratch,1	  x0=0x00000000
       22225000	      2123	800122d8	30046073	csrrsi	x0,mstatus,8	  x0=0x00000000
       22255000	      2126	800122dc	34005073	csrrwi	x0,mscratch,0	  x0=0x00000000
       22265000	      2127	800122e0	30002df3	csrrs	x27,mstatus,x0	  x0:0x00000000 x27=0x00000088
       22275000	      2128	800122e4	30402df3	csrrs	x27,mie,x0	  x0:0x00000000 x27=0x00360888
       22285000	      2129	800122e8	34402df3	csrrs	x27,mip,x0	  x0:0x00000000 x27=0x00000000
       22295000	      2130	800122ec	344dbdf3	csrrc	x27,mip,x27	 x27:0x00000000 x27=0x00000000
       22325000	      2133	800122f0	90000d37	lui	x26,0x90000	 x26=0x90000000
       22335000	      2134	800122f4	1d71	c.addi	x26,-4	 x26:0x90000000 x26=0x8ffffffc
       22345000	      2135	800122f6	4d9d	c.li	x27,7	 x27=0x00000007
       22355000	      2136	800122f8	0da2	c.slli	x27,0x8	 x27:0x00000007 x27=0x00000700
       22365000	      2137	800122fa	000d8d93	addi	x27,x27,0	 x27:0x00000700 x27=0x00000700
       22375000	      2138	800122fe	01bd2023	sw	x27,0(x26)	 x26:0x8ffffffc x27:0x00000700 PA:0x8ffffffc store:0x00000700 load:0x00000000
       22385000	      2139	80012302	00068bb3	add	x23,x13,x0	 x13:0x8002cc60  x0:0x00000000 x23=0x8002cc60
       22395000	      2140	80012306	004ba083	lw	x1,4(x23)	 x23:0x8002cc60  x1=0x10000000 PA:0x8002cc64 load:0x10000000
       22405000	      2141	8001230a	008ba103	lw	x2,8(x23)	 x23:0x8002cc60  x2=0x800135b7 PA:0x8002cc68 load:0x800135b7
       22415000	      2142	8001230e	00cba183	lw	x3,12(x23)	 x23:0x8002cc60  x3=0x00000001 PA:0x8002cc6c load:0x00000001
       22425000	      2143	80012312	010ba203	lw	x4,16(x23)	 x23:0x8002cc60  x4=0x00110000 PA:0x8002cc70 load:0x00110000
       22435000	      2144	80012316	014ba283	lw	x5,20(x23)	 x23:0x8002cc60  x5=0xff0f1455 PA:0x8002cc74 load:0xff0f1455
       22445000	      2145	8001231a	018ba303	lw	x6,24(x23)	 x23:0x8002cc60  x6=0xffffffff PA:0x8002cc78 load:0xffffffff
       22455000	      2146	8001231e	01cba383	lw	x7,28(x23)	 x23:0x8002cc60  x7=0x247fa134 PA:0x8002cc7c load:0x247fa134
       22465000	      2147	80012322	020ba403	lw	x8,32(x23)	 x23:0x8002cc60  x8=0xffffffff PA:0x8002cc80 load:0xffffffff
       22475000	      2148	80012326	024ba483	lw	x9,36(x23)	 x23:0x8002cc60  x9=0x8002cce4 PA:0x8002cc84 load:0x8002cce4
       22485000	      2149	8001232a	028ba503	lw	x10,40(x23)	 x23:0x8002cc60 x10=0x800135b7 PA:0x8002cc88 load:0x800135b7
       22495000	      2150	8001232e	02cba583	lw	x11,44(x23)	 x23:0x8002cc60 x11=0xf1e8b1fd PA:0x8002cc8c load:0xf1e8b1fd
       22505000	      2151	80012332	030ba603	lw	x12,48(x23)	 x23:0x8002cc60 x12=0x800134d8 PA:0x8002cc90 load:0x800134d8
       22515000	      2152	80012336	034ba683	lw	x13,52(x23)	 x23:0x8002cc60 x13=0x8002cce0 PA:0x8002cc94 load:0x8002cce0
       22525000	      2153	8001233a	038ba703	lw	x14,56(x23)	 x23:0x8002cc60 x14=0xfffff88d PA:0x8002cc98 load:0xfffff88d
       22535000	      2154	8001233e	03cba783	lw	x15,60(x23)	 x23:0x8002cc60 x15=0x80013665 PA:0x8002cc9c load:0x80013665
       22545000	      2155	80012342	040ba803	lw	x16,64(x23)	 x23:0x8002cc60 x16=0x0000123f PA:0x8002cca0 load:0x0000123f
       22555000	      2156	80012346	044ba883	lw	x17,68(x23)	 x23:0x8002cc60 x17=0xffffb5e9 PA:0x8002cca4 load:0xffffb5e9
       22565000	      2157	8001234a	048ba903	lw	x18,72(x23)	 x23:0x8002cc60 x18=0xf2946000 PA:0x8002cca8 load:0xf2946000
       22575000	      2158	8001234e	04cba983	lw	x19,76(x23)	 x23:0x8002cc60 x19=0x247fa133 PA:0x8002ccac load:0x247fa133
       22585000	      2159	80012352	050baa03	lw	x20,80(x23)	 x23:0x8002cc60 x20=0x247fa135 PA:0x8002ccb0 load:0x247fa135
       22595000	      2160	80012356	054baa83	lw	x21,84(x23)	 x23:0x8002cc60 x21=0xffffffe0 PA:0x8002ccb4 load:0xffffffe0
       22605000	      2161	8001235a	058bab03	lw	x22,88(x23)	 x23:0x8002cc60 x22=0x510c7012 PA:0x8002ccb8 load:0x510c7012
       22615000	      2162	8001235e	05cbab83	lw	x23,92(x23)	 x23:0x8002cc60 x23=0x8002cc60 PA:0x8002ccbc load:0x8002cc60
       22635000	      2164	80012362	060bac03	lw	x24,96(x23)	 x23:0x8002cc60 x24=0xfffff98b PA:0x8002ccc0 load:0xfffff98b
       22645000	      2165	80012366	064bac83	lw	x25,100(x23)	 x23:0x8002cc60 x25=0x00110005 PA:0x8002ccc4 load:0x00110005
       22655000	      2166	8001236a	068bad03	lw	x26,104(x23)	 x23:0x8002cc60 x26=0x8001b229 PA:0x8002ccc8 load:0x8001b229
       22665000	      2167	8001236e	06cbad83	lw	x27,108(x23)	 x23:0x8002cc60 x27=0x00000000 PA:0x8002cccc load:0x00000000
       22675000	      2168	80012372	070bae03	lw	x28,112(x23)	 x23:0x8002cc60 x28=0x00000001 PA:0x8002ccd0 load:0x00000001
       22685000	      2169	80012376	074bae83	lw	x29,116(x23)	 x23:0x8002cc60 x29=0xffffffdf PA:0x8002ccd4 load:0xffffffdf
       22695000	      2170	8001237a	078baf03	lw	x30,120(x23)	 x23:0x8002cc60 x30=0x00247fa1 PA:0x8002ccd8 load:0x00247fa1
       22705000	      2171	8001237e	07cbaf83	lw	x31,124(x23)	 x23:0x8002cc60 x31=0xffffffff PA:0x8002ccdc load:0xffffffff
       22715000	      2172	80012382	080b8b93	addi	x23,x23,128	 x23:0x8002cc60 x23=0x8002cce0
       22725000	      2173	80012386	000b86b3	add	x13,x23,x0	 x23:0x8002cce0  x0:0x00000000 x13=0x8002cce0
       22735000	      2174	8001238a	0006ab83	lw	x23,0(x13)	 x13:0x8002cce0 x23=0x80028e64 PA:0x8002cce0 load:0x80028e64
       22745000	      2175	8001238e	0691	c.addi	x13,4	 x13:0x8002cce0 x13=0x8002cce4
       22755000	      2176	80012390	30200073	mret	
       22795000	      2180	800037ce	01de1c33	sll	x24,x28,x29	 x28:0x00000001 x29:0xffffffdf x24=0x80000000
       22805000	      2181	800037d2	03d8d263	bge	x17,x29,800037f6	 x17:0xffffb5e9 x29:0xffffffdf
       22815000	      2182	800037d6	01411413	slli	x8,x2,0x14	  x2:0x800135b7  x8=0x5b700000
       22825000	      2183	800037da	1bac2437	lui	x8,0x1bac2	  x8=0x1bac2000
       22835000	      2184	800037de	01220663	beq	x4,x18,800037ea	  x4:0x00110000 x18:0xf2946000
       23205000	      2221	800037e2	03daf733	remu	x14,x21,x29	 x21:0xffffffe0 x29:0xffffffdf x14=0x00000001
       23245000	      2225	8000272c	fd8fe06f	jal	x0,80000f04	  x0=0x00000000
       23265000	      2227	80000f04	16f1	c.addi	x13,-4	 x13:0x8002cce4 x13=0x8002cce0
       23275000	      2228	80000f06	0176a023	sw	x23,0(x13)	 x13:0x8002cce0 x23:0x80028e64 PA:0x8002cce0 store:0x80028e64 load:0x00000000
       23285000	      2229	80000f0a	00068bb3	add	x23,x13,x0	 x13:0x8002cce0  x0:0x00000000 x23=0x8002cce0
       23295000	      2230	80000f0e	f80b8b93	addi	x23,x23,-128	 x23:0x8002cce0 x23=0x8002cc60
       23305000	      2231	80000f12	001ba223	sw	x1,4(x23)	 x23:0x8002cc60  x1:0x10000000 PA:0x8002cc64 store:0x10000000 load:0x00000000
       23315000	      2232	80000f16	002ba423	sw	x2,8(x23)	 x23:0x8002cc60  x2:0x800135b7 PA:0x8002cc68 store:0x800135b7 load:0x00000000
       23325000	      2233	80000f1a	003ba623	sw	x3,12(x23)	 x23:0x8002cc60  x3:0x00000001 PA:0x8002cc6c store:0x00000001 load:0x00000000
       23335000	      2234	80000f1e	004ba823	sw	x4,16(x23)	 x23:0x8002cc60  x4:0x00110000 PA:0x8002cc70 store:0x00110000 load:0x00000000
       23345000	      2235	80000f22	005baa23	sw	x5,20(x23)	 x23:0x8002cc60  x5:0xff0f1455 PA:0x8002cc74 store:0xff0f1455 load:0x00000000
       23355000	      2236	80000f26	006bac23	sw	x6,24(x23)	 x23:0x8002cc60  x6:0xffffffff PA:0x8002cc78 store:0xffffffff load:0x00000000
       23365000	      2237	80000f2a	007bae23	sw	x7,28(x23)	 x23:0x8002cc60  x7:0x247fa134 PA:0x8002cc7c store:0x247fa134 load:0x00000000
       23375000	      2238	80000f2e	028ba023	sw	x8,32(x23)	 x23:0x8002cc60  x8:0x1bac2000 PA:0x8002cc80 store:0x1bac2000 load:0x00000000
       23385000	      2239	80000f32	029ba223	sw	x9,36(x23)	 x23:0x8002cc60  x9:0x8002cce4 PA:0x8002cc84 store:0x8002cce4 load:0x00000000
       23395000	      2240	80000f36	02aba423	sw	x10,40(x23)	 x23:0x8002cc60 x10:0x800135b7 PA:0x8002cc88 store:0x800135b7 load:0x00000000
       23405000	      2241	80000f3a	02bba623	sw	x11,44(x23)	 x23:0x8002cc60 x11:0xf1e8b1fd PA:0x8002cc8c store:0xf1e8b1fd load:0x00000000
       23415000	      2242	80000f3e	02cba823	sw	x12,48(x23)	 x23:0x8002cc60 x12:0x800134d8 PA:0x8002cc90 store:0x800134d8 load:0x00000000
       23425000	      2243	80000f42	02dbaa23	sw	x13,52(x23)	 x23:0x8002cc60 x13:0x8002cce0 PA:0x8002cc94 store:0x8002cce0 load:0x00000000
       23435000	      2244	80000f46	02ebac23	sw	x14,56(x23)	 x23:0x8002cc60 x14:0x00000001 PA:0x8002cc98 store:0x00000001 load:0x00000000
       23445000	      2245	80000f4a	02fbae23	sw	x15,60(x23)	 x23:0x8002cc60 x15:0x80013665 PA:0x8002cc9c store:0x80013665 load:0x00000000
       23455000	      2246	80000f4e	050ba023	sw	x16,64(x23)	 x23:0x8002cc60 x16:0x0000123f PA:0x8002cca0 store:0x0000123f load:0x00000000
       23465000	      2247	80000f52	051ba223	sw	x17,68(x23)	 x23:0x8002cc60 x17:0xffffb5e9 PA:0x8002cca4 store:0xffffb5e9 load:0x00000000
       23475000	      2248	80000f56	052ba423	sw	x18,72(x23)	 x23:0x8002cc60 x18:0xf2946000 PA:0x8002cca8 store:0xf2946000 load:0x00000000
       23485000	      2249	80000f5a	053ba623	sw	x19,76(x23)	 x23:0x8002cc60 x19:0x247fa133 PA:0x8002ccac store:0x247fa133 load:0x00000000
       23495000	      2250	80000f5e	054ba823	sw	x20,80(x23)	 x23:0x8002cc60 x20:0x247fa135 PA:0x8002ccb0 store:0x247fa135 load:0x00000000
       23505000	      2251	80000f62	055baa23	sw	x21,84(x23)	 x23:0x8002cc60 x21:0xffffffe0 PA:0x8002ccb4 store:0xffffffe0 load:0x00000000
       23515000	      2252	80000f66	056bac23	sw	x22,88(x23)	 x23:0x8002cc60 x22:0x510c7012 PA:0x8002ccb8 store:0x510c7012 load:0x00000000
       23525000	      2253	80000f6a	057bae23	sw	x23,92(x23)	 x23:0x8002cc60 x23:0x8002cc60 PA:0x8002ccbc store:0x8002cc60 load:0x00000000
       23535000	      2254	80000f6e	078ba023	sw	x24,96(x23)	 x23:0x8002cc60 x24:0x80000000 PA:0x8002ccc0 store:0x80000000 load:0x00000000
       23545000	      2255	80000f72	079ba223	sw	x25,100(x23)	 x23:0x8002cc60 x25:0x00110005 PA:0x8002ccc4 store:0x00110005 load:0x00000000
       23555000	      2256	80000f76	07aba423	sw	x26,104(x23)	 x23:0x8002cc60 x26:0x8001b229 PA:0x8002ccc8 store:0x8001b229 load:0x00000000
       23565000	      2257	80000f7a	07bba623	sw	x27,108(x23)	 x23:0x8002cc60 x27:0x00000000 PA:0x8002cccc store:0x00000000 load:0x00000000
       23575000	      2258	80000f7e	07cba823	sw	x28,112(x23)	 x23:0x8002cc60 x28:0x00000001 PA:0x8002ccd0 store:0x00000001 load:0x00000000
       23585000	      2259	80000f82	07dbaa23	sw	x29,116(x23)	 x23:0x8002cc60 x29:0xffffffdf PA:0x8002ccd4 store:0xffffffdf load:0x00000000
       23595000	      2260	80000f86	07ebac23	sw	x30,120(x23)	 x23:0x8002cc60 x30:0x00247fa1 PA:0x8002ccd8 store:0x00247fa1 load:0x00000000
       23605000	      2261	80000f8a	07fbae23	sw	x31,124(x23)	 x23:0x8002cc60 x31:0xffffffff PA:0x8002ccdc store:0xffffffff load:0x00000000
       23615000	      2262	80000f8e	000b86b3	add	x13,x23,x0	 x23:0x8002cc60  x0:0x00000000 x13=0x8002cc60
       23625000	      2263	80000f92	90000d37	lui	x26,0x90000	 x26=0x90000000
       23635000	      2264	80000f96	1d71	c.addi	x26,-4	 x26:0x90000000 x26=0x8ffffffc
       23645000	      2265	80000f98	4d99	c.li	x27,6	 x27=0x00000006
       23655000	      2266	80000f9a	0da2	c.slli	x27,0x8	 x27:0x00000006 x27=0x00000600
       23665000	      2267	80000f9c	000d8d93	addi	x27,x27,0	 x27:0x00000600 x27=0x00000600
       23675000	      2268	80000fa0	01bd2023	sw	x27,0(x26)	 x26:0x8ffffffc x27:0x00000600 PA:0x8ffffffc store:0x00000600 load:0x00000000
       23685000	      2269	80000fa4	34202df3	csrrs	x27,mcause,x0	  x0:0x00000000 x27=0x8000000b
       23695000	      2270	80000fa8	01fddd93	srli	x27,x27,0x1f	 x27:0x8000000b x27=0x00000001
       23705000	      2271	80000fac	060d8863	beq	x27,x0,8000101c	 x27:0x00000001  x0:0x00000000
       23715000	      2272	80000fb0	90000d37	lui	x26,0x90000	 x26=0x90000000
       23725000	      2273	80000fb4	1d71	c.addi	x26,-4	 x26:0x90000000 x26=0x8ffffffc
       23735000	      2274	80000fb6	30000d93	addi	x27,x0,768	  x0:0x00000000 x27=0x00000300
       23745000	      2275	80000fba	0da2	c.slli	x27,0x8	 x27:0x00000300 x27=0x00030000
       23755000	      2276	80000fbc	0d8d	c.addi	x27,3	 x27:0x00030000 x27=0x00030003
       23765000	      2277	80000fbe	01bd2023	sw	x27,0(x26)	 x26:0x8ffffffc x27:0x00030003 PA:0x8ffffffc store:0x00030003 load:0x00000000
       23775000	      2278	80000fc2	30002df3	csrrs	x27,mstatus,x0	  x0:0x00000000 x27=0x00000080
       23785000	      2279	80000fc6	01bd2023	sw	x27,0(x26)	 x26:0x8ffffffc x27:0x00000080 PA:0x8ffffffc store:0x00000080 load:0x00000000
       23795000	      2280	80000fca	90000d37	lui	x26,0x90000	 x26=0x90000000
       23805000	      2281	80000fce	1d71	c.addi	x26,-4	 x26:0x90000000 x26=0x8ffffffc
       23815000	      2282	80000fd0	34200d93	addi	x27,x0,834	  x0:0x00000000 x27=0x00000342
       23825000	      2283	80000fd4	0da2	c.slli	x27,0x8	 x27:0x00000342 x27=0x00034200
       23835000	      2284	80000fd6	0d8d	c.addi	x27,3	 x27:0x00034200 x27=0x00034203
       23845000	      2285	80000fd8	01bd2023	sw	x27,0(x26)	 x26:0x8ffffffc x27:0x00034203 PA:0x8ffffffc store:0x00034203 load:0x00000000
       23855000	      2286	80000fdc	34202df3	csrrs	x27,mcause,x0	  x0:0x00000000 x27=0x8000000b
       23865000	      2287	80000fe0	01bd2023	sw	x27,0(x26)	 x26:0x8ffffffc x27:0x8000000b PA:0x8ffffffc store:0x8000000b load:0x00000000
       23875000	      2288	80000fe4	90000d37	lui	x26,0x90000	 x26=0x90000000
       23885000	      2289	80000fe8	1d71	c.addi	x26,-4	 x26:0x90000000 x26=0x8ffffffc
       23895000	      2290	80000fea	30400d93	addi	x27,x0,772	  x0:0x00000000 x27=0x00000304
       23905000	      2291	80000fee	0da2	c.slli	x27,0x8	 x27:0x00000304 x27=0x00030400
       23915000	      2292	80000ff0	0d8d	c.addi	x27,3	 x27:0x00030400 x27=0x00030403
       23925000	      2293	80000ff2	01bd2023	sw	x27,0(x26)	 x26:0x8ffffffc x27:0x00030403 PA:0x8ffffffc store:0x00030403 load:0x00000000
       23935000	      2294	80000ff6	30402df3	csrrs	x27,mie,x0	  x0:0x00000000 x27=0x00360888
       23945000	      2295	80000ffa	01bd2023	sw	x27,0(x26)	 x26:0x8ffffffc x27:0x00360888 PA:0x8ffffffc store:0x00360888 load:0x00000000
       23955000	      2296	80000ffe	90000d37	lui	x26,0x90000	 x26=0x90000000
       23965000	      2297	80001002	1d71	c.addi	x26,-4	 x26:0x90000000 x26=0x8ffffffc
       23975000	      2298	80001004	34400d93	addi	x27,x0,836	  x0:0x00000000 x27=0x00000344
       23985000	      2299	80001008	0da2	c.slli	x27,0x8	 x27:0x00000344 x27=0x00034400
       23995000	      2300	8000100a	0d8d	c.addi	x27,3	 x27:0x00034400 x27=0x00034403
       24005000	      2301	8000100c	01bd2023	sw	x27,0(x26)	 x26:0x8ffffffc x27:0x00034403 PA:0x8ffffffc store:0x00034403 load:0x00000000
       24015000	      2302	80001010	34402df3	csrrs	x27,mip,x0	  x0:0x00000000 x27=0x00000000
       24025000	      2303	80001014	01bd2023	sw	x27,0(x26)	 x26:0x8ffffffc x27:0x00000000 PA:0x8ffffffc store:0x00000000 load:0x00000000
       24035000	      2304	80001018	2b41106f	jal	x0,800122cc	  x0=0x00000000
       24055000	      2306	800122cc	34002df3	csrrs	x27,mscratch,x0	  x0:0x00000000 x27=0x00000000
       24065000	      2307	800122d0	01b04663	blt	x0,x27,800122dc	  x0:0x00000000 x27:0x00000000
       24075000	      2308	800122d4	3400d073	csrrwi	x0,mscratch,1	  x0=0x00000000
       24085000	      2309	800122d8	30046073	csrrsi	x0,mstatus,8	  x0=0x00000000
       24115000	      2312	800122dc	34005073	csrrwi	x0,mscratch,0	  x0=0x00000000
       24125000	      2313	800122e0	30002df3	csrrs	x27,mstatus,x0	  x0:0x00000000 x27=0x00000088
       24135000	      2314	800122e4	30402df3	csrrs	x27,mie,x0	  x0:0x00000000 x27=0x00360888
       24145000	      2315	800122e8	34402df3	csrrs	x27,mip,x0	  x0:0x00000000 x27=0x00000000
       24155000	      2316	800122ec	344dbdf3	csrrc	x27,mip,x27	 x27:0x00000000 x27=0x00000000
       24185000	      2319	800122f0	90000d37	lui	x26,0x90000	 x26=0x90000000
       24195000	      2320	800122f4	1d71	c.addi	x26,-4	 x26:0x90000000 x26=0x8ffffffc
       24205000	      2321	800122f6	4d9d	c.li	x27,7	 x27=0x00000007
       24215000	      2322	800122f8	0da2	c.slli	x27,0x8	 x27:0x00000007 x27=0x00000700
       24225000	      2323	800122fa	000d8d93	addi	x27,x27,0	 x27:0x00000700 x27=0x00000700
       24235000	      2324	800122fe	01bd2023	sw	x27,0(x26)	 x26:0x8ffffffc x27:0x00000700 PA:0x8ffffffc store:0x00000700 load:0x00000000
       24245000	      2325	80012302	00068bb3	add	x23,x13,x0	 x13:0x8002cc60  x0:0x00000000 x23=0x8002cc60
       24255000	      2326	80012306	004ba083	lw	x1,4(x23)	 x23:0x8002cc60  x1=0x10000000 PA:0x8002cc64 load:0x10000000
       24265000	      2327	8001230a	008ba103	lw	x2,8(x23)	 x23:0x8002cc60  x2=0x800135b7 PA:0x8002cc68 load:0x800135b7
       24275000	      2328	8001230e	00cba183	lw	x3,12(x23)	 x23:0x8002cc60  x3=0x00000001 PA:0x8002cc6c load:0x00000001
       24285000	      2329	80012312	010ba203	lw	x4,16(x23)	 x23:0x8002cc60  x4=0x00110000 PA:0x8002cc70 load:0x00110000
       24295000	      2330	80012316	014ba283	lw	x5,20(x23)	 x23:0x8002cc60  x5=0xff0f1455 PA:0x8002cc74 load:0xff0f1455
       24305000	      2331	8001231a	018ba303	lw	x6,24(x23)	 x23:0x8002cc60  x6=0xffffffff PA:0x8002cc78 load:0xffffffff
       24315000	      2332	8001231e	01cba383	lw	x7,28(x23)	 x23:0x8002cc60  x7=0x247fa134 PA:0x8002cc7c load:0x247fa134
       24325000	      2333	80012322	020ba403	lw	x8,32(x23)	 x23:0x8002cc60  x8=0x1bac2000 PA:0x8002cc80 load:0x1bac2000
       24335000	      2334	80012326	024ba483	lw	x9,36(x23)	 x23:0x8002cc60  x9=0x8002cce4 PA:0x8002cc84 load:0x8002cce4
       24345000	      2335	8001232a	028ba503	lw	x10,40(x23)	 x23:0x8002cc60 x10=0x800135b7 PA:0x8002cc88 load:0x800135b7
       24355000	      2336	8001232e	02cba583	lw	x11,44(x23)	 x23:0x8002cc60 x11=0xf1e8b1fd PA:0x8002cc8c load:0xf1e8b1fd
       24365000	      2337	80012332	030ba603	lw	x12,48(x23)	 x23:0x8002cc60 x12=0x800134d8 PA:0x8002cc90 load:0x800134d8
       24375000	      2338	80012336	034ba683	lw	x13,52(x23)	 x23:0x8002cc60 x13=0x8002cce0 PA:0x8002cc94 load:0x8002cce0
       24385000	      2339	8001233a	038ba703	lw	x14,56(x23)	 x23:0x8002cc60 x14=0x00000001 PA:0x8002cc98 load:0x00000001
       24395000	      2340	8001233e	03cba783	lw	x15,60(x23)	 x23:0x8002cc60 x15=0x80013665 PA:0x8002cc9c load:0x80013665
       24405000	      2341	80012342	040ba803	lw	x16,64(x23)	 x23:0x8002cc60 x16=0x0000123f PA:0x8002cca0 load:0x0000123f
       24415000	      2342	80012346	044ba883	lw	x17,68(x23)	 x23:0x8002cc60 x17=0xffffb5e9 PA:0x8002cca4 load:0xffffb5e9
       24425000	      2343	8001234a	048ba903	lw	x18,72(x23)	 x23:0x8002cc60 x18=0xf2946000 PA:0x8002cca8 load:0xf2946000
       24435000	      2344	8001234e	04cba983	lw	x19,76(x23)	 x23:0x8002cc60 x19=0x247fa133 PA:0x8002ccac load:0x247fa133
       24445000	      2345	80012352	050baa03	lw	x20,80(x23)	 x23:0x8002cc60 x20=0x247fa135 PA:0x8002ccb0 load:0x247fa135
       24455000	      2346	80012356	054baa83	lw	x21,84(x23)	 x23:0x8002cc60 x21=0xffffffe0 PA:0x8002ccb4 load:0xffffffe0
       24465000	      2347	8001235a	058bab03	lw	x22,88(x23)	 x23:0x8002cc60 x22=0x510c7012 PA:0x8002ccb8 load:0x510c7012
       24475000	      2348	8001235e	05cbab83	lw	x23,92(x23)	 x23:0x8002cc60 x23=0x8002cc60 PA:0x8002ccbc load:0x8002cc60
       24495000	      2350	80012362	060bac03	lw	x24,96(x23)	 x23:0x8002cc60 x24=0x80000000 PA:0x8002ccc0 load:0x80000000
       24505000	      2351	80012366	064bac83	lw	x25,100(x23)	 x23:0x8002cc60 x25=0x00110005 PA:0x8002ccc4 load:0x00110005
       24515000	      2352	8001236a	068bad03	lw	x26,104(x23)	 x23:0x8002cc60 x26=0x8001b229 PA:0x8002ccc8 load:0x8001b229
       24525000	      2353	8001236e	06cbad83	lw	x27,108(x23)	 x23:0x8002cc60 x27=0x00000000 PA:0x8002cccc load:0x00000000
       24535000	      2354	80012372	070bae03	lw	x28,112(x23)	 x23:0x8002cc60 x28=0x00000001 PA:0x8002ccd0 load:0x00000001
       24545000	      2355	80012376	074bae83	lw	x29,116(x23)	 x23:0x8002cc60 x29=0xffffffdf PA:0x8002ccd4 load:0xffffffdf
       24555000	      2356	8001237a	078baf03	lw	x30,120(x23)	 x23:0x8002cc60 x30=0x00247fa1 PA:0x8002ccd8 load:0x00247fa1
       24565000	      2357	8001237e	07cbaf83	lw	x31,124(x23)	 x23:0x8002cc60 x31=0xffffffff PA:0x8002ccdc load:0xffffffff
       24575000	      2358	80012382	080b8b93	addi	x23,x23,128	 x23:0x8002cc60 x23=0x8002cce0
       24585000	      2359	80012386	000b86b3	add	x13,x23,x0	 x23:0x8002cce0  x0:0x00000000 x13=0x8002cce0
       24595000	      2360	8001238a	0006ab83	lw	x23,0(x13)	 x13:0x8002cce0 x23=0x80028e64 PA:0x8002cce0 load:0x80028e64
       24605000	      2361	8001238e	0691	c.addi	x13,4	 x13:0x8002cce0 x13=0x8002cce4
       24615000	      2362	80012390	30200073	mret	
       24645000	      2365	800037e6	8a1d	c.andi	x12,7	 x12:0x800134d8 x12=0x00000000
       24655000	      2366	800037e8	81ca	c.mv	x3,x18	  x0:0x00000000 x18:0xf2946000  x3=0xf2946000
       24665000	      2367	800037ea	faf932b7	lui	x5,0xfaf93	  x5=0xfaf93000
       24675000	      2368	800037ee	013d7eb3	and	x29,x26,x19	 x26:0x8001b229 x19:0x247fa133 x29=0x0001a021
       24715000	      2372	800037f2	03bfbfb3	mulhu	x31,x31,x27	 x31:0xffffffff x27:0x00000000 x31=0x00000000
       24755000	      2376	800037f6	03f72233	mulhsu	x4,x14,x31	 x14:0x00000001 x31:0x00000000  x4=0x00000000
       24765000	      2377	800037fa	01f4e2b3	or	x5,x9,x31	  x9:0x8002cce4 x31:0x00000000  x5=0x8002cce4
       24775000	      2378	800037fe	9792	c.add	x15,x4	 x15:0x80013665  x4:0x00000000 x15=0x80013665
       24815000	      2382	8000272c	fd8fe06f	jal	x0,80000f04	  x0=0x00000000
       24835000	      2384	80000f04	16f1	c.addi	x13,-4	 x13:0x8002cce4 x13=0x8002cce0
       24845000	      2385	80000f06	0176a023	sw	x23,0(x13)	 x13:0x8002cce0 x23:0x80028e64 PA:0x8002cce0 store:0x80028e64 load:0x00000000
       24855000	      2386	80000f0a	00068bb3	add	x23,x13,x0	 x13:0x8002cce0  x0:0x00000000 x23=0x8002cce0
       24865000	      2387	80000f0e	f80b8b93	addi	x23,x23,-128	 x23:0x8002cce0 x23=0x8002cc60
       24875000	      2388	80000f12	001ba223	sw	x1,4(x23)	 x23:0x8002cc60  x1:0x10000000 PA:0x8002cc64 store:0x10000000 load:0x00000000
       24885000	      2389	80000f16	002ba423	sw	x2,8(x23)	 x23:0x8002cc60  x2:0x800135b7 PA:0x8002cc68 store:0x800135b7 load:0x00000000
       24895000	      2390	80000f1a	003ba623	sw	x3,12(x23)	 x23:0x8002cc60  x3:0xf2946000 PA:0x8002cc6c store:0xf2946000 load:0x00000000
       24905000	      2391	80000f1e	004ba823	sw	x4,16(x23)	 x23:0x8002cc60  x4:0x00000000 PA:0x8002cc70 store:0x00000000 load:0x00000000
       24915000	      2392	80000f22	005baa23	sw	x5,20(x23)	 x23:0x8002cc60  x5:0x8002cce4 PA:0x8002cc74 store:0x8002cce4 load:0x00000000
       24925000	      2393	80000f26	006bac23	sw	x6,24(x23)	 x23:0x8002cc60  x6:0xffffffff PA:0x8002cc78 store:0xffffffff load:0x00000000
       24935000	      2394	80000f2a	007bae23	sw	x7,28(x23)	 x23:0x8002cc60  x7:0x247fa134 PA:0x8002cc7c store:0x247fa134 load:0x00000000
       24945000	      2395	80000f2e	028ba023	sw	x8,32(x23)	 x23:0x8002cc60  x8:0x1bac2000 PA:0x8002cc80 store:0x1bac2000 load:0x00000000
       24955000	      2396	80000f32	029ba223	sw	x9,36(x23)	 x23:0x8002cc60  x9:0x8002cce4 PA:0x8002cc84 store:0x8002cce4 load:0x00000000
       24965000	      2397	80000f36	02aba423	sw	x10,40(x23)	 x23:0x8002cc60 x10:0x800135b7 PA:0x8002cc88 store:0x800135b7 load:0x00000000
       24975000	      2398	80000f3a	02bba623	sw	x11,44(x23)	 x23:0x8002cc60 x11:0xf1e8b1fd PA:0x8002cc8c store:0xf1e8b1fd load:0x00000000
       24985000	      2399	80000f3e	02cba823	sw	x12,48(x23)	 x23:0x8002cc60 x12:0x00000000 PA:0x8002cc90 store:0x00000000 load:0x00000000
       24995000	      2400	80000f42	02dbaa23	sw	x13,52(x23)	 x23:0x8002cc60 x13:0x8002cce0 PA:0x8002cc94 store:0x8002cce0 load:0x00000000
       25005000	      2401	80000f46	02ebac23	sw	x14,56(x23)	 x23:0x8002cc60 x14:0x00000001 PA:0x8002cc98 store:0x00000001 load:0x00000000
       25015000	      2402	80000f4a	02fbae23	sw	x15,60(x23)	 x23:0x8002cc60 x15:0x80013665 PA:0x8002cc9c store:0x80013665 load:0x00000000
       25025000	      2403	80000f4e	050ba023	sw	x16,64(x23)	 x23:0x8002cc60 x16:0x0000123f PA:0x8002cca0 store:0x0000123f load:0x00000000
       25035000	      2404	80000f52	051ba223	sw	x17,68(x23)	 x23:0x8002cc60 x17:0xffffb5e9 PA:0x8002cca4 store:0xffffb5e9 load:0x00000000
       25045000	      2405	80000f56	052ba423	sw	x18,72(x23)	 x23:0x8002cc60 x18:0xf2946000 PA:0x8002cca8 store:0xf2946000 load:0x00000000
       25055000	      2406	80000f5a	053ba623	sw	x19,76(x23)	 x23:0x8002cc60 x19:0x247fa133 PA:0x8002ccac store:0x247fa133 load:0x00000000
       25065000	      2407	80000f5e	054ba823	sw	x20,80(x23)	 x23:0x8002cc60 x20:0x247fa135 PA:0x8002ccb0 store:0x247fa135 load:0x00000000
       25075000	      2408	80000f62	055baa23	sw	x21,84(x23)	 x23:0x8002cc60 x21:0xffffffe0 PA:0x8002ccb4 store:0xffffffe0 load:0x00000000
       25085000	      2409	80000f66	056bac23	sw	x22,88(x23)	 x23:0x8002cc60 x22:0x510c7012 PA:0x8002ccb8 store:0x510c7012 load:0x00000000
       25095000	      2410	80000f6a	057bae23	sw	x23,92(x23)	 x23:0x8002cc60 x23:0x8002cc60 PA:0x8002ccbc store:0x8002cc60 load:0x00000000
       25105000	      2411	80000f6e	078ba023	sw	x24,96(x23)	 x23:0x8002cc60 x24:0x80000000 PA:0x8002ccc0 store:0x80000000 load:0x00000000
       25115000	      2412	80000f72	079ba223	sw	x25,100(x23)	 x23:0x8002cc60 x25:0x00110005 PA:0x8002ccc4 store:0x00110005 load:0x00000000
       25125000	      2413	80000f76	07aba423	sw	x26,104(x23)	 x23:0x8002cc60 x26:0x8001b229 PA:0x8002ccc8 store:0x8001b229 load:0x00000000
       25135000	      2414	80000f7a	07bba623	sw	x27,108(x23)	 x23:0x8002cc60 x27:0x00000000 PA:0x8002cccc store:0x00000000 load:0x00000000
       25145000	      2415	80000f7e	07cba823	sw	x28,112(x23)	 x23:0x8002cc60 x28:0x00000001 PA:0x8002ccd0 store:0x00000001 load:0x00000000
       25155000	      2416	80000f82	07dbaa23	sw	x29,116(x23)	 x23:0x8002cc60 x29:0x0001a021 PA:0x8002ccd4 store:0x0001a021 load:0x00000000
       25165000	      2417	80000f86	07ebac23	sw	x30,120(x23)	 x23:0x8002cc60 x30:0x00247fa1 PA:0x8002ccd8 store:0x00247fa1 load:0x00000000
       25175000	      2418	80000f8a	07fbae23	sw	x31,124(x23)	 x23:0x8002cc60 x31:0x00000000 PA:0x8002ccdc store:0x00000000 load:0x00000000
       25185000	      2419	80000f8e	000b86b3	add	x13,x23,x0	 x23:0x8002cc60  x0:0x00000000 x13=0x8002cc60
       25195000	      2420	80000f92	90000d37	lui	x26,0x90000	 x26=0x90000000
       25205000	      2421	80000f96	1d71	c.addi	x26,-4	 x26:0x90000000 x26=0x8ffffffc
       25215000	      2422	80000f98	4d99	c.li	x27,6	 x27=0x00000006
       25225000	      2423	80000f9a	0da2	c.slli	x27,0x8	 x27:0x00000006 x27=0x00000600
       25235000	      2424	80000f9c	000d8d93	addi	x27,x27,0	 x27:0x00000600 x27=0x00000600
       25245000	      2425	80000fa0	01bd2023	sw	x27,0(x26)	 x26:0x8ffffffc x27:0x00000600 PA:0x8ffffffc store:0x00000600 load:0x00000000
       25255000	      2426	80000fa4	34202df3	csrrs	x27,mcause,x0	  x0:0x00000000 x27=0x8000000b
       25265000	      2427	80000fa8	01fddd93	srli	x27,x27,0x1f	 x27:0x8000000b x27=0x00000001
       25275000	      2428	80000fac	060d8863	beq	x27,x0,8000101c	 x27:0x00000001  x0:0x00000000
       25285000	      2429	80000fb0	90000d37	lui	x26,0x90000	 x26=0x90000000
       25295000	      2430	80000fb4	1d71	c.addi	x26,-4	 x26:0x90000000 x26=0x8ffffffc
       25305000	      2431	80000fb6	30000d93	addi	x27,x0,768	  x0:0x00000000 x27=0x00000300
       25315000	      2432	80000fba	0da2	c.slli	x27,0x8	 x27:0x00000300 x27=0x00030000
       25325000	      2433	80000fbc	0d8d	c.addi	x27,3	 x27:0x00030000 x27=0x00030003
       25335000	      2434	80000fbe	01bd2023	sw	x27,0(x26)	 x26:0x8ffffffc x27:0x00030003 PA:0x8ffffffc store:0x00030003 load:0x00000000
       25345000	      2435	80000fc2	30002df3	csrrs	x27,mstatus,x0	  x0:0x00000000 x27=0x00000080
       25355000	      2436	80000fc6	01bd2023	sw	x27,0(x26)	 x26:0x8ffffffc x27:0x00000080 PA:0x8ffffffc store:0x00000080 load:0x00000000
       25365000	      2437	80000fca	90000d37	lui	x26,0x90000	 x26=0x90000000
       25375000	      2438	80000fce	1d71	c.addi	x26,-4	 x26:0x90000000 x26=0x8ffffffc
       25385000	      2439	80000fd0	34200d93	addi	x27,x0,834	  x0:0x00000000 x27=0x00000342
       25395000	      2440	80000fd4	0da2	c.slli	x27,0x8	 x27:0x00000342 x27=0x00034200
       25405000	      2441	80000fd6	0d8d	c.addi	x27,3	 x27:0x00034200 x27=0x00034203
       25415000	      2442	80000fd8	01bd2023	sw	x27,0(x26)	 x26:0x8ffffffc x27:0x00034203 PA:0x8ffffffc store:0x00034203 load:0x00000000
       25425000	      2443	80000fdc	34202df3	csrrs	x27,mcause,x0	  x0:0x00000000 x27=0x8000000b
       25435000	      2444	80000fe0	01bd2023	sw	x27,0(x26)	 x26:0x8ffffffc x27:0x8000000b PA:0x8ffffffc store:0x8000000b load:0x00000000
       25445000	      2445	80000fe4	90000d37	lui	x26,0x90000	 x26=0x90000000
       25455000	      2446	80000fe8	1d71	c.addi	x26,-4	 x26:0x90000000 x26=0x8ffffffc
       25465000	      2447	80000fea	30400d93	addi	x27,x0,772	  x0:0x00000000 x27=0x00000304
       25475000	      2448	80000fee	0da2	c.slli	x27,0x8	 x27:0x00000304 x27=0x00030400
       25485000	      2449	80000ff0	0d8d	c.addi	x27,3	 x27:0x00030400 x27=0x00030403
       25495000	      2450	80000ff2	01bd2023	sw	x27,0(x26)	 x26:0x8ffffffc x27:0x00030403 PA:0x8ffffffc store:0x00030403 load:0x00000000
       25505000	      2451	80000ff6	30402df3	csrrs	x27,mie,x0	  x0:0x00000000 x27=0x00360888
       25515000	      2452	80000ffa	01bd2023	sw	x27,0(x26)	 x26:0x8ffffffc x27:0x00360888 PA:0x8ffffffc store:0x00360888 load:0x00000000
       25525000	      2453	80000ffe	90000d37	lui	x26,0x90000	 x26=0x90000000
       25535000	      2454	80001002	1d71	c.addi	x26,-4	 x26:0x90000000 x26=0x8ffffffc
       25545000	      2455	80001004	34400d93	addi	x27,x0,836	  x0:0x00000000 x27=0x00000344
       25555000	      2456	80001008	0da2	c.slli	x27,0x8	 x27:0x00000344 x27=0x00034400
       25565000	      2457	8000100a	0d8d	c.addi	x27,3	 x27:0x00034400 x27=0x00034403
       25575000	      2458	8000100c	01bd2023	sw	x27,0(x26)	 x26:0x8ffffffc x27:0x00034403 PA:0x8ffffffc store:0x00034403 load:0x00000000
       25585000	      2459	80001010	34402df3	csrrs	x27,mip,x0	  x0:0x00000000 x27=0x00000000
       25595000	      2460	80001014	01bd2023	sw	x27,0(x26)	 x26:0x8ffffffc x27:0x00000000 PA:0x8ffffffc store:0x00000000 load:0x00000000
       25605000	      2461	80001018	2b41106f	jal	x0,800122cc	  x0=0x00000000
       25625000	      2463	800122cc	34002df3	csrrs	x27,mscratch,x0	  x0:0x00000000 x27=0x00000000
       25635000	      2464	800122d0	01b04663	blt	x0,x27,800122dc	  x0:0x00000000 x27:0x00000000
       25645000	      2465	800122d4	3400d073	csrrwi	x0,mscratch,1	  x0=0x00000000
       25655000	      2466	800122d8	30046073	csrrsi	x0,mstatus,8	  x0=0x00000000
       25685000	      2469	800122dc	34005073	csrrwi	x0,mscratch,0	  x0=0x00000000
       25695000	      2470	800122e0	30002df3	csrrs	x27,mstatus,x0	  x0:0x00000000 x27=0x00000088
       25705000	      2471	800122e4	30402df3	csrrs	x27,mie,x0	  x0:0x00000000 x27=0x00360888
       25715000	      2472	800122e8	34402df3	csrrs	x27,mip,x0	  x0:0x00000000 x27=0x00000000
       25725000	      2473	800122ec	344dbdf3	csrrc	x27,mip,x27	 x27:0x00000000 x27=0x00000000
       25755000	      2476	800122f0	90000d37	lui	x26,0x90000	 x26=0x90000000
       25765000	      2477	800122f4	1d71	c.addi	x26,-4	 x26:0x90000000 x26=0x8ffffffc
       25775000	      2478	800122f6	4d9d	c.li	x27,7	 x27=0x00000007
       25785000	      2479	800122f8	0da2	c.slli	x27,0x8	 x27:0x00000007 x27=0x00000700
       25795000	      2480	800122fa	000d8d93	addi	x27,x27,0	 x27:0x00000700 x27=0x00000700
       25805000	      2481	800122fe	01bd2023	sw	x27,0(x26)	 x26:0x8ffffffc x27:0x00000700 PA:0x8ffffffc store:0x00000700 load:0x00000000
       25815000	      2482	80012302	00068bb3	add	x23,x13,x0	 x13:0x8002cc60  x0:0x00000000 x23=0x8002cc60
       25825000	      2483	80012306	004ba083	lw	x1,4(x23)	 x23:0x8002cc60  x1=0x10000000 PA:0x8002cc64 load:0x10000000
       25835000	      2484	8001230a	008ba103	lw	x2,8(x23)	 x23:0x8002cc60  x2=0x800135b7 PA:0x8002cc68 load:0x800135b7
       25845000	      2485	8001230e	00cba183	lw	x3,12(x23)	 x23:0x8002cc60  x3=0xf2946000 PA:0x8002cc6c load:0xf2946000
       25855000	      2486	80012312	010ba203	lw	x4,16(x23)	 x23:0x8002cc60  x4=0x00000000 PA:0x8002cc70 load:0x00000000
       25865000	      2487	80012316	014ba283	lw	x5,20(x23)	 x23:0x8002cc60  x5=0x8002cce4 PA:0x8002cc74 load:0x8002cce4
       25875000	      2488	8001231a	018ba303	lw	x6,24(x23)	 x23:0x8002cc60  x6=0xffffffff PA:0x8002cc78 load:0xffffffff
       25885000	      2489	8001231e	01cba383	lw	x7,28(x23)	 x23:0x8002cc60  x7=0x247fa134 PA:0x8002cc7c load:0x247fa134
       25895000	      2490	80012322	020ba403	lw	x8,32(x23)	 x23:0x8002cc60  x8=0x1bac2000 PA:0x8002cc80 load:0x1bac2000
       25905000	      2491	80012326	024ba483	lw	x9,36(x23)	 x23:0x8002cc60  x9=0x8002cce4 PA:0x8002cc84 load:0x8002cce4
       25915000	      2492	8001232a	028ba503	lw	x10,40(x23)	 x23:0x8002cc60 x10=0x800135b7 PA:0x8002cc88 load:0x800135b7
       25925000	      2493	8001232e	02cba583	lw	x11,44(x23)	 x23:0x8002cc60 x11=0xf1e8b1fd PA:0x8002cc8c load:0xf1e8b1fd
       25935000	      2494	80012332	030ba603	lw	x12,48(x23)	 x23:0x8002cc60 x12=0x00000000 PA:0x8002cc90 load:0x00000000
       25945000	      2495	80012336	034ba683	lw	x13,52(x23)	 x23:0x8002cc60 x13=0x8002cce0 PA:0x8002cc94 load:0x8002cce0
       25955000	      2496	8001233a	038ba703	lw	x14,56(x23)	 x23:0x8002cc60 x14=0x00000001 PA:0x8002cc98 load:0x00000001
       25965000	      2497	8001233e	03cba783	lw	x15,60(x23)	 x23:0x8002cc60 x15=0x80013665 PA:0x8002cc9c load:0x80013665
       25975000	      2498	80012342	040ba803	lw	x16,64(x23)	 x23:0x8002cc60 x16=0x0000123f PA:0x8002cca0 load:0x0000123f
       25985000	      2499	80012346	044ba883	lw	x17,68(x23)	 x23:0x8002cc60 x17=0xffffb5e9 PA:0x8002cca4 load:0xffffb5e9
       25995000	      2500	8001234a	048ba903	lw	x18,72(x23)	 x23:0x8002cc60 x18=0xf2946000 PA:0x8002cca8 load:0xf2946000
       26005000	      2501	8001234e	04cba983	lw	x19,76(x23)	 x23:0x8002cc60 x19=0x247fa133 PA:0x8002ccac load:0x247fa133
       26015000	      2502	80012352	050baa03	lw	x20,80(x23)	 x23:0x8002cc60 x20=0x247fa135 PA:0x8002ccb0 load:0x247fa135
       26025000	      2503	80012356	054baa83	lw	x21,84(x23)	 x23:0x8002cc60 x21=0xffffffe0 PA:0x8002ccb4 load:0xffffffe0
       26035000	      2504	8001235a	058bab03	lw	x22,88(x23)	 x23:0x8002cc60 x22=0x510c7012 PA:0x8002ccb8 load:0x510c7012
       26045000	      2505	8001235e	05cbab83	lw	x23,92(x23)	 x23:0x8002cc60 x23=0x8002cc60 PA:0x8002ccbc load:0x8002cc60
       26065000	      2507	80012362	060bac03	lw	x24,96(x23)	 x23:0x8002cc60 x24=0x80000000 PA:0x8002ccc0 load:0x80000000
       26075000	      2508	80012366	064bac83	lw	x25,100(x23)	 x23:0x8002cc60 x25=0x00110005 PA:0x8002ccc4 load:0x00110005
       26085000	      2509	8001236a	068bad03	lw	x26,104(x23)	 x23:0x8002cc60 x26=0x8001b229 PA:0x8002ccc8 load:0x8001b229
       26095000	      2510	8001236e	06cbad83	lw	x27,108(x23)	 x23:0x8002cc60 x27=0x00000000 PA:0x8002cccc load:0x00000000
       26105000	      2511	80012372	070bae03	lw	x28,112(x23)	 x23:0x8002cc60 x28=0x00000001 PA:0x8002ccd0 load:0x00000001
       26115000	      2512	80012376	074bae83	lw	x29,116(x23)	 x23:0x8002cc60 x29=0x0001a021 PA:0x8002ccd4 load:0x0001a021
       26125000	      2513	8001237a	078baf03	lw	x30,120(x23)	 x23:0x8002cc60 x30=0x00247fa1 PA:0x8002ccd8 load:0x00247fa1
       26135000	      2514	8001237e	07cbaf83	lw	x31,124(x23)	 x23:0x8002cc60 x31=0x00000000 PA:0x8002ccdc load:0x00000000
       26145000	      2515	80012382	080b8b93	addi	x23,x23,128	 x23:0x8002cc60 x23=0x8002cce0
       26155000	      2516	80012386	000b86b3	add	x13,x23,x0	 x23:0x8002cce0  x0:0x00000000 x13=0x8002cce0
       26165000	      2517	8001238a	0006ab83	lw	x23,0(x13)	 x13:0x8002cce0 x23=0x80028e64 PA:0x8002cce0 load:0x80028e64
       26175000	      2518	8001238e	0691	c.addi	x13,4	 x13:0x8002cce0 x13=0x8002cce4
       26185000	      2519	80012390	30200073	mret	
       26215000	      2522	80003800	cd09	c.beqz	x10,8000381a	 x10:0x800135b7
       26225000	      2523	80003802	0efa4e13	xori	x28,x20,239	 x20:0x247fa135 x28=0x247fa1da
       26235000	      2524	80003806	01dcd4b3	srl	x9,x25,x29	 x25:0x00110005 x29:0x0001a021  x9=0x00088002
       26245000	      2525	8000380a	40348fb3	sub	x31,x9,x3	  x9:0x00088002  x3:0xf2946000 x31=0x0d742002
       26255000	      2526	8000380e	9cfb4613	xori	x12,x22,-1585	 x22:0x510c7012 x12=0xaef389dd
       26265000	      2527	80003812	4109de33	sra	x28,x19,x16	 x19:0x247fa133 x16:0x0000123f x28=0x00000000
       26275000	      2528	80003816	41eddeb3	sra	x29,x27,x30	 x27:0x00000000 x30:0x00247fa1 x29=0x00000000
       26285000	      2529	8000381a	0a84	c.addi4spn	x9,x2,336	  x9=0x80013707
       26295000	      2530	8000381c	019fba33	sltu	x20,x31,x25	 x31:0x0d742002 x25:0x00110005 x20=0x00000000
       26665000	      2567	80003820	0238deb3	divu	x29,x17,x3	 x17:0xffffb5e9  x3:0xf2946000 x29=0x00000001
       26705000	      2571	8000272c	fd8fe06f	jal	x0,80000f04	  x0=0x00000000
       26725000	      2573	80000f04	16f1	c.addi	x13,-4	 x13:0x8002cce4 x13=0x8002cce0
       26735000	      2574	80000f06	0176a023	sw	x23,0(x13)	 x13:0x8002cce0 x23:0x80028e64 PA:0x8002cce0 store:0x80028e64 load:0x00000000
       26745000	      2575	80000f0a	00068bb3	add	x23,x13,x0	 x13:0x8002cce0  x0:0x00000000 x23=0x8002cce0
       26755000	      2576	80000f0e	f80b8b93	addi	x23,x23,-128	 x23:0x8002cce0 x23=0x8002cc60
       26765000	      2577	80000f12	001ba223	sw	x1,4(x23)	 x23:0x8002cc60  x1:0x10000000 PA:0x8002cc64 store:0x10000000 load:0x00000000
       26775000	      2578	80000f16	002ba423	sw	x2,8(x23)	 x23:0x8002cc60  x2:0x800135b7 PA:0x8002cc68 store:0x800135b7 load:0x00000000
       26785000	      2579	80000f1a	003ba623	sw	x3,12(x23)	 x23:0x8002cc60  x3:0xf2946000 PA:0x8002cc6c store:0xf2946000 load:0x00000000
       26795000	      2580	80000f1e	004ba823	sw	x4,16(x23)	 x23:0x8002cc60  x4:0x00000000 PA:0x8002cc70 store:0x00000000 load:0x00000000
       26805000	      2581	80000f22	005baa23	sw	x5,20(x23)	 x23:0x8002cc60  x5:0x8002cce4 PA:0x8002cc74 store:0x8002cce4 load:0x00000000
       26815000	      2582	80000f26	006bac23	sw	x6,24(x23)	 x23:0x8002cc60  x6:0xffffffff PA:0x8002cc78 store:0xffffffff load:0x00000000
       26825000	      2583	80000f2a	007bae23	sw	x7,28(x23)	 x23:0x8002cc60  x7:0x247fa134 PA:0x8002cc7c store:0x247fa134 load:0x00000000
       26835000	      2584	80000f2e	028ba023	sw	x8,32(x23)	 x23:0x8002cc60  x8:0x1bac2000 PA:0x8002cc80 store:0x1bac2000 load:0x00000000
       26845000	      2585	80000f32	029ba223	sw	x9,36(x23)	 x23:0x8002cc60  x9:0x80013707 PA:0x8002cc84 store:0x80013707 load:0x00000000
       26855000	      2586	80000f36	02aba423	sw	x10,40(x23)	 x23:0x8002cc60 x10:0x800135b7 PA:0x8002cc88 store:0x800135b7 load:0x00000000
       26865000	      2587	80000f3a	02bba623	sw	x11,44(x23)	 x23:0x8002cc60 x11:0xf1e8b1fd PA:0x8002cc8c store:0xf1e8b1fd load:0x00000000
       26875000	      2588	80000f3e	02cba823	sw	x12,48(x23)	 x23:0x8002cc60 x12:0xaef389dd PA:0x8002cc90 store:0xaef389dd load:0x00000000
       26885000	      2589	80000f42	02dbaa23	sw	x13,52(x23)	 x23:0x8002cc60 x13:0x8002cce0 PA:0x8002cc94 store:0x8002cce0 load:0x00000000
       26895000	      2590	80000f46	02ebac23	sw	x14,56(x23)	 x23:0x8002cc60 x14:0x00000001 PA:0x8002cc98 store:0x00000001 load:0x00000000
       26905000	      2591	80000f4a	02fbae23	sw	x15,60(x23)	 x23:0x8002cc60 x15:0x80013665 PA:0x8002cc9c store:0x80013665 load:0x00000000
       26915000	      2592	80000f4e	050ba023	sw	x16,64(x23)	 x23:0x8002cc60 x16:0x0000123f PA:0x8002cca0 store:0x0000123f load:0x00000000
       26925000	      2593	80000f52	051ba223	sw	x17,68(x23)	 x23:0x8002cc60 x17:0xffffb5e9 PA:0x8002cca4 store:0xffffb5e9 load:0x00000000
       26935000	      2594	80000f56	052ba423	sw	x18,72(x23)	 x23:0x8002cc60 x18:0xf2946000 PA:0x8002cca8 store:0xf2946000 load:0x00000000
       26945000	      2595	80000f5a	053ba623	sw	x19,76(x23)	 x23:0x8002cc60 x19:0x247fa133 PA:0x8002ccac store:0x247fa133 load:0x00000000
       26955000	      2596	80000f5e	054ba823	sw	x20,80(x23)	 x23:0x8002cc60 x20:0x00000000 PA:0x8002ccb0 store:0x00000000 load:0x00000000
       26965000	      2597	80000f62	055baa23	sw	x21,84(x23)	 x23:0x8002cc60 x21:0xffffffe0 PA:0x8002ccb4 store:0xffffffe0 load:0x00000000
       26975000	      2598	80000f66	056bac23	sw	x22,88(x23)	 x23:0x8002cc60 x22:0x510c7012 PA:0x8002ccb8 store:0x510c7012 load:0x00000000
       26985000	      2599	80000f6a	057bae23	sw	x23,92(x23)	 x23:0x8002cc60 x23:0x8002cc60 PA:0x8002ccbc store:0x8002cc60 load:0x00000000
       26995000	      2600	80000f6e	078ba023	sw	x24,96(x23)	 x23:0x8002cc60 x24:0x80000000 PA:0x8002ccc0 store:0x80000000 load:0x00000000
       27005000	      2601	80000f72	079ba223	sw	x25,100(x23)	 x23:0x8002cc60 x25:0x00110005 PA:0x8002ccc4 store:0x00110005 load:0x00000000
       27015000	      2602	80000f76	07aba423	sw	x26,104(x23)	 x23:0x8002cc60 x26:0x8001b229 PA:0x8002ccc8 store:0x8001b229 load:0x00000000
       27025000	      2603	80000f7a	07bba623	sw	x27,108(x23)	 x23:0x8002cc60 x27:0x00000000 PA:0x8002cccc store:0x00000000 load:0x00000000
       27035000	      2604	80000f7e	07cba823	sw	x28,112(x23)	 x23:0x8002cc60 x28:0x00000000 PA:0x8002ccd0 store:0x00000000 load:0x00000000
       27045000	      2605	80000f82	07dbaa23	sw	x29,116(x23)	 x23:0x8002cc60 x29:0x00000001 PA:0x8002ccd4 store:0x00000001 load:0x00000000
       27055000	      2606	80000f86	07ebac23	sw	x30,120(x23)	 x23:0x8002cc60 x30:0x00247fa1 PA:0x8002ccd8 store:0x00247fa1 load:0x00000000
       27065000	      2607	80000f8a	07fbae23	sw	x31,124(x23)	 x23:0x8002cc60 x31:0x0d742002 PA:0x8002ccdc store:0x0d742002 load:0x00000000
       27075000	      2608	80000f8e	000b86b3	add	x13,x23,x0	 x23:0x8002cc60  x0:0x00000000 x13=0x8002cc60
       27085000	      2609	80000f92	90000d37	lui	x26,0x90000	 x26=0x90000000
       27095000	      2610	80000f96	1d71	c.addi	x26,-4	 x26:0x90000000 x26=0x8ffffffc
       27105000	      2611	80000f98	4d99	c.li	x27,6	 x27=0x00000006
       27115000	      2612	80000f9a	0da2	c.slli	x27,0x8	 x27:0x00000006 x27=0x00000600
       27125000	      2613	80000f9c	000d8d93	addi	x27,x27,0	 x27:0x00000600 x27=0x00000600
       27135000	      2614	80000fa0	01bd2023	sw	x27,0(x26)	 x26:0x8ffffffc x27:0x00000600 PA:0x8ffffffc store:0x00000600 load:0x00000000
       27145000	      2615	80000fa4	34202df3	csrrs	x27,mcause,x0	  x0:0x00000000 x27=0x8000000b
       27155000	      2616	80000fa8	01fddd93	srli	x27,x27,0x1f	 x27:0x8000000b x27=0x00000001
       27165000	      2617	80000fac	060d8863	beq	x27,x0,8000101c	 x27:0x00000001  x0:0x00000000
       27175000	      2618	80000fb0	90000d37	lui	x26,0x90000	 x26=0x90000000
       27185000	      2619	80000fb4	1d71	c.addi	x26,-4	 x26:0x90000000 x26=0x8ffffffc
       27195000	      2620	80000fb6	30000d93	addi	x27,x0,768	  x0:0x00000000 x27=0x00000300
       27205000	      2621	80000fba	0da2	c.slli	x27,0x8	 x27:0x00000300 x27=0x00030000
       27215000	      2622	80000fbc	0d8d	c.addi	x27,3	 x27:0x00030000 x27=0x00030003
       27225000	      2623	80000fbe	01bd2023	sw	x27,0(x26)	 x26:0x8ffffffc x27:0x00030003 PA:0x8ffffffc store:0x00030003 load:0x00000000
       27235000	      2624	80000fc2	30002df3	csrrs	x27,mstatus,x0	  x0:0x00000000 x27=0x00000080
       27245000	      2625	80000fc6	01bd2023	sw	x27,0(x26)	 x26:0x8ffffffc x27:0x00000080 PA:0x8ffffffc store:0x00000080 load:0x00000000
       27255000	      2626	80000fca	90000d37	lui	x26,0x90000	 x26=0x90000000
       27265000	      2627	80000fce	1d71	c.addi	x26,-4	 x26:0x90000000 x26=0x8ffffffc
       27275000	      2628	80000fd0	34200d93	addi	x27,x0,834	  x0:0x00000000 x27=0x00000342
       27285000	      2629	80000fd4	0da2	c.slli	x27,0x8	 x27:0x00000342 x27=0x00034200
       27295000	      2630	80000fd6	0d8d	c.addi	x27,3	 x27:0x00034200 x27=0x00034203
       27305000	      2631	80000fd8	01bd2023	sw	x27,0(x26)	 x26:0x8ffffffc x27:0x00034203 PA:0x8ffffffc store:0x00034203 load:0x00000000
       27315000	      2632	80000fdc	34202df3	csrrs	x27,mcause,x0	  x0:0x00000000 x27=0x8000000b
       27325000	      2633	80000fe0	01bd2023	sw	x27,0(x26)	 x26:0x8ffffffc x27:0x8000000b PA:0x8ffffffc store:0x8000000b load:0x00000000
       27335000	      2634	80000fe4	90000d37	lui	x26,0x90000	 x26=0x90000000
       27345000	      2635	80000fe8	1d71	c.addi	x26,-4	 x26:0x90000000 x26=0x8ffffffc
       27355000	      2636	80000fea	30400d93	addi	x27,x0,772	  x0:0x00000000 x27=0x00000304
       27365000	      2637	80000fee	0da2	c.slli	x27,0x8	 x27:0x00000304 x27=0x00030400
       27375000	      2638	80000ff0	0d8d	c.addi	x27,3	 x27:0x00030400 x27=0x00030403
       27385000	      2639	80000ff2	01bd2023	sw	x27,0(x26)	 x26:0x8ffffffc x27:0x00030403 PA:0x8ffffffc store:0x00030403 load:0x00000000
       27395000	      2640	80000ff6	30402df3	csrrs	x27,mie,x0	  x0:0x00000000 x27=0x00360888
       27405000	      2641	80000ffa	01bd2023	sw	x27,0(x26)	 x26:0x8ffffffc x27:0x00360888 PA:0x8ffffffc store:0x00360888 load:0x00000000
       27415000	      2642	80000ffe	90000d37	lui	x26,0x90000	 x26=0x90000000
       27425000	      2643	80001002	1d71	c.addi	x26,-4	 x26:0x90000000 x26=0x8ffffffc
       27435000	      2644	80001004	34400d93	addi	x27,x0,836	  x0:0x00000000 x27=0x00000344
       27445000	      2645	80001008	0da2	c.slli	x27,0x8	 x27:0x00000344 x27=0x00034400
       27455000	      2646	8000100a	0d8d	c.addi	x27,3	 x27:0x00034400 x27=0x00034403
       27465000	      2647	8000100c	01bd2023	sw	x27,0(x26)	 x26:0x8ffffffc x27:0x00034403 PA:0x8ffffffc store:0x00034403 load:0x00000000
       27475000	      2648	80001010	34402df3	csrrs	x27,mip,x0	  x0:0x00000000 x27=0x00000000
       27485000	      2649	80001014	01bd2023	sw	x27,0(x26)	 x26:0x8ffffffc x27:0x00000000 PA:0x8ffffffc store:0x00000000 load:0x00000000
       27495000	      2650	80001018	2b41106f	jal	x0,800122cc	  x0=0x00000000
       27515000	      2652	800122cc	34002df3	csrrs	x27,mscratch,x0	  x0:0x00000000 x27=0x00000000
       27525000	      2653	800122d0	01b04663	blt	x0,x27,800122dc	  x0:0x00000000 x27:0x00000000
       27535000	      2654	800122d4	3400d073	csrrwi	x0,mscratch,1	  x0=0x00000000
       27545000	      2655	800122d8	30046073	csrrsi	x0,mstatus,8	  x0=0x00000000
       27575000	      2658	800122dc	34005073	csrrwi	x0,mscratch,0	  x0=0x00000000
       27585000	      2659	800122e0	30002df3	csrrs	x27,mstatus,x0	  x0:0x00000000 x27=0x00000088
       27595000	      2660	800122e4	30402df3	csrrs	x27,mie,x0	  x0:0x00000000 x27=0x00360888
       27605000	      2661	800122e8	34402df3	csrrs	x27,mip,x0	  x0:0x00000000 x27=0x00000000
       27615000	      2662	800122ec	344dbdf3	csrrc	x27,mip,x27	 x27:0x00000000 x27=0x00000000
       27645000	      2665	800122f0	90000d37	lui	x26,0x90000	 x26=0x90000000
       27655000	      2666	800122f4	1d71	c.addi	x26,-4	 x26:0x90000000 x26=0x8ffffffc
       27665000	      2667	800122f6	4d9d	c.li	x27,7	 x27=0x00000007
       27675000	      2668	800122f8	0da2	c.slli	x27,0x8	 x27:0x00000007 x27=0x00000700
       27685000	      2669	800122fa	000d8d93	addi	x27,x27,0	 x27:0x00000700 x27=0x00000700
       27695000	      2670	800122fe	01bd2023	sw	x27,0(x26)	 x26:0x8ffffffc x27:0x00000700 PA:0x8ffffffc store:0x00000700 load:0x00000000
       27705000	      2671	80012302	00068bb3	add	x23,x13,x0	 x13:0x8002cc60  x0:0x00000000 x23=0x8002cc60
       27715000	      2672	80012306	004ba083	lw	x1,4(x23)	 x23:0x8002cc60  x1=0x10000000 PA:0x8002cc64 load:0x10000000
       27725000	      2673	8001230a	008ba103	lw	x2,8(x23)	 x23:0x8002cc60  x2=0x800135b7 PA:0x8002cc68 load:0x800135b7
       27735000	      2674	8001230e	00cba183	lw	x3,12(x23)	 x23:0x8002cc60  x3=0xf2946000 PA:0x8002cc6c load:0xf2946000
       27745000	      2675	80012312	010ba203	lw	x4,16(x23)	 x23:0x8002cc60  x4=0x00000000 PA:0x8002cc70 load:0x00000000
       27755000	      2676	80012316	014ba283	lw	x5,20(x23)	 x23:0x8002cc60  x5=0x8002cce4 PA:0x8002cc74 load:0x8002cce4
       27765000	      2677	8001231a	018ba303	lw	x6,24(x23)	 x23:0x8002cc60  x6=0xffffffff PA:0x8002cc78 load:0xffffffff
       27775000	      2678	8001231e	01cba383	lw	x7,28(x23)	 x23:0x8002cc60  x7=0x247fa134 PA:0x8002cc7c load:0x247fa134
       27785000	      2679	80012322	020ba403	lw	x8,32(x23)	 x23:0x8002cc60  x8=0x1bac2000 PA:0x8002cc80 load:0x1bac2000
       27795000	      2680	80012326	024ba483	lw	x9,36(x23)	 x23:0x8002cc60  x9=0x80013707 PA:0x8002cc84 load:0x80013707
       27805000	      2681	8001232a	028ba503	lw	x10,40(x23)	 x23:0x8002cc60 x10=0x800135b7 PA:0x8002cc88 load:0x800135b7
       27815000	      2682	8001232e	02cba583	lw	x11,44(x23)	 x23:0x8002cc60 x11=0xf1e8b1fd PA:0x8002cc8c load:0xf1e8b1fd
       27825000	      2683	80012332	030ba603	lw	x12,48(x23)	 x23:0x8002cc60 x12=0xaef389dd PA:0x8002cc90 load:0xaef389dd
       27835000	      2684	80012336	034ba683	lw	x13,52(x23)	 x23:0x8002cc60 x13=0x8002cce0 PA:0x8002cc94 load:0x8002cce0
       27845000	      2685	8001233a	038ba703	lw	x14,56(x23)	 x23:0x8002cc60 x14=0x00000001 PA:0x8002cc98 load:0x00000001
       27855000	      2686	8001233e	03cba783	lw	x15,60(x23)	 x23:0x8002cc60 x15=0x80013665 PA:0x8002cc9c load:0x80013665
       27865000	      2687	80012342	040ba803	lw	x16,64(x23)	 x23:0x8002cc60 x16=0x0000123f PA:0x8002cca0 load:0x0000123f
       27875000	      2688	80012346	044ba883	lw	x17,68(x23)	 x23:0x8002cc60 x17=0xffffb5e9 PA:0x8002cca4 load:0xffffb5e9
       27885000	      2689	8001234a	048ba903	lw	x18,72(x23)	 x23:0x8002cc60 x18=0xf2946000 PA:0x8002cca8 load:0xf2946000
       27895000	      2690	8001234e	04cba983	lw	x19,76(x23)	 x23:0x8002cc60 x19=0x247fa133 PA:0x8002ccac load:0x247fa133
       27905000	      2691	80012352	050baa03	lw	x20,80(x23)	 x23:0x8002cc60 x20=0x00000000 PA:0x8002ccb0 load:0x00000000
       27915000	      2692	80012356	054baa83	lw	x21,84(x23)	 x23:0x8002cc60 x21=0xffffffe0 PA:0x8002ccb4 load:0xffffffe0
       27925000	      2693	8001235a	058bab03	lw	x22,88(x23)	 x23:0x8002cc60 x22=0x510c7012 PA:0x8002ccb8 load:0x510c7012
       27935000	      2694	8001235e	05cbab83	lw	x23,92(x23)	 x23:0x8002cc60 x23=0x8002cc60 PA:0x8002ccbc load:0x8002cc60
       27955000	      2696	80012362	060bac03	lw	x24,96(x23)	 x23:0x8002cc60 x24=0x80000000 PA:0x8002ccc0 load:0x80000000
       27965000	      2697	80012366	064bac83	lw	x25,100(x23)	 x23:0x8002cc60 x25=0x00110005 PA:0x8002ccc4 load:0x00110005
       27975000	      2698	8001236a	068bad03	lw	x26,104(x23)	 x23:0x8002cc60 x26=0x8001b229 PA:0x8002ccc8 load:0x8001b229
       27985000	      2699	8001236e	06cbad83	lw	x27,108(x23)	 x23:0x8002cc60 x27=0x00000000 PA:0x8002cccc load:0x00000000
       27995000	      2700	80012372	070bae03	lw	x28,112(x23)	 x23:0x8002cc60 x28=0x00000000 PA:0x8002ccd0 load:0x00000000
       28005000	      2701	80012376	074bae83	lw	x29,116(x23)	 x23:0x8002cc60 x29=0x00000001 PA:0x8002ccd4 load:0x00000001
       28015000	      2702	8001237a	078baf03	lw	x30,120(x23)	 x23:0x8002cc60 x30=0x00247fa1 PA:0x8002ccd8 load:0x00247fa1
       28025000	      2703	8001237e	07cbaf83	lw	x31,124(x23)	 x23:0x8002cc60 x31=0x0d742002 PA:0x8002ccdc load:0x0d742002
       28035000	      2704	80012382	080b8b93	addi	x23,x23,128	 x23:0x8002cc60 x23=0x8002cce0
       28045000	      2705	80012386	000b86b3	add	x13,x23,x0	 x23:0x8002cce0  x0:0x00000000 x13=0x8002cce0
       28055000	      2706	8001238a	0006ab83	lw	x23,0(x13)	 x13:0x8002cce0 x23=0x80028e64 PA:0x8002cce0 load:0x80028e64
       28065000	      2707	8001238e	0691	c.addi	x13,4	 x13:0x8002cce0 x13=0x8002cce4
       28075000	      2708	80012390	30200073	mret	
       28105000	      2711	80003824	8f6d	c.and	x14,x11	 x14:0x00000001 x11:0xf1e8b1fd x14=0x00000001
       28115000	      2712	80003826	01889213	slli	x4,x17,0x18	 x17:0xffffb5e9  x4=0xe9000000
       28125000	      2713	8000382a	1608	c.addi4spn	x10,x2,800	 x10=0x800138d7
       28495000	      2750	8000382c	0295f0b3	remu	x1,x11,x9	 x11:0xf1e8b1fd  x9:0x80013707  x1=0x71e77af6
       28535000	      2754	8000272c	fd8fe06f	jal	x0,80000f04	  x0=0x00000000
       28555000	      2756	80000f04	16f1	c.addi	x13,-4	 x13:0x8002cce4 x13=0x8002cce0
       28565000	      2757	80000f06	0176a023	sw	x23,0(x13)	 x13:0x8002cce0 x23:0x80028e64 PA:0x8002cce0 store:0x80028e64 load:0x00000000
       28575000	      2758	80000f0a	00068bb3	add	x23,x13,x0	 x13:0x8002cce0  x0:0x00000000 x23=0x8002cce0
       28585000	      2759	80000f0e	f80b8b93	addi	x23,x23,-128	 x23:0x8002cce0 x23=0x8002cc60
       28595000	      2760	80000f12	001ba223	sw	x1,4(x23)	 x23:0x8002cc60  x1:0x71e77af6 PA:0x8002cc64 store:0x71e77af6 load:0x00000000
       28605000	      2761	80000f16	002ba423	sw	x2,8(x23)	 x23:0x8002cc60  x2:0x800135b7 PA:0x8002cc68 store:0x800135b7 load:0x00000000
       28615000	      2762	80000f1a	003ba623	sw	x3,12(x23)	 x23:0x8002cc60  x3:0xf2946000 PA:0x8002cc6c store:0xf2946000 load:0x00000000
       28625000	      2763	80000f1e	004ba823	sw	x4,16(x23)	 x23:0x8002cc60  x4:0xe9000000 PA:0x8002cc70 store:0xe9000000 load:0x00000000
       28635000	      2764	80000f22	005baa23	sw	x5,20(x23)	 x23:0x8002cc60  x5:0x8002cce4 PA:0x8002cc74 store:0x8002cce4 load:0x00000000
       28645000	      2765	80000f26	006bac23	sw	x6,24(x23)	 x23:0x8002cc60  x6:0xffffffff PA:0x8002cc78 store:0xffffffff load:0x00000000
       28655000	      2766	80000f2a	007bae23	sw	x7,28(x23)	 x23:0x8002cc60  x7:0x247fa134 PA:0x8002cc7c store:0x247fa134 load:0x00000000
       28665000	      2767	80000f2e	028ba023	sw	x8,32(x23)	 x23:0x8002cc60  x8:0x1bac2000 PA:0x8002cc80 store:0x1bac2000 load:0x00000000
       28675000	      2768	80000f32	029ba223	sw	x9,36(x23)	 x23:0x8002cc60  x9:0x80013707 PA:0x8002cc84 store:0x80013707 load:0x00000000
       28685000	      2769	80000f36	02aba423	sw	x10,40(x23)	 x23:0x8002cc60 x10:0x800138d7 PA:0x8002cc88 store:0x800138d7 load:0x00000000
       28695000	      2770	80000f3a	02bba623	sw	x11,44(x23)	 x23:0x8002cc60 x11:0xf1e8b1fd PA:0x8002cc8c store:0xf1e8b1fd load:0x00000000
       28705000	      2771	80000f3e	02cba823	sw	x12,48(x23)	 x23:0x8002cc60 x12:0xaef389dd PA:0x8002cc90 store:0xaef389dd load:0x00000000
       28715000	      2772	80000f42	02dbaa23	sw	x13,52(x23)	 x23:0x8002cc60 x13:0x8002cce0 PA:0x8002cc94 store:0x8002cce0 load:0x00000000
       28725000	      2773	80000f46	02ebac23	sw	x14,56(x23)	 x23:0x8002cc60 x14:0x00000001 PA:0x8002cc98 store:0x00000001 load:0x00000000
       28735000	      2774	80000f4a	02fbae23	sw	x15,60(x23)	 x23:0x8002cc60 x15:0x80013665 PA:0x8002cc9c store:0x80013665 load:0x00000000
       28745000	      2775	80000f4e	050ba023	sw	x16,64(x23)	 x23:0x8002cc60 x16:0x0000123f PA:0x8002cca0 store:0x0000123f load:0x00000000
       28755000	      2776	80000f52	051ba223	sw	x17,68(x23)	 x23:0x8002cc60 x17:0xffffb5e9 PA:0x8002cca4 store:0xffffb5e9 load:0x00000000
       28765000	      2777	80000f56	052ba423	sw	x18,72(x23)	 x23:0x8002cc60 x18:0xf2946000 PA:0x8002cca8 store:0xf2946000 load:0x00000000
       28775000	      2778	80000f5a	053ba623	sw	x19,76(x23)	 x23:0x8002cc60 x19:0x247fa133 PA:0x8002ccac store:0x247fa133 load:0x00000000
       28785000	      2779	80000f5e	054ba823	sw	x20,80(x23)	 x23:0x8002cc60 x20:0x00000000 PA:0x8002ccb0 store:0x00000000 load:0x00000000
       28795000	      2780	80000f62	055baa23	sw	x21,84(x23)	 x23:0x8002cc60 x21:0xffffffe0 PA:0x8002ccb4 store:0xffffffe0 load:0x00000000
       28805000	      2781	80000f66	056bac23	sw	x22,88(x23)	 x23:0x8002cc60 x22:0x510c7012 PA:0x8002ccb8 store:0x510c7012 load:0x00000000
       28815000	      2782	80000f6a	057bae23	sw	x23,92(x23)	 x23:0x8002cc60 x23:0x8002cc60 PA:0x8002ccbc store:0x8002cc60 load:0x00000000
       28825000	      2783	80000f6e	078ba023	sw	x24,96(x23)	 x23:0x8002cc60 x24:0x80000000 PA:0x8002ccc0 store:0x80000000 load:0x00000000
       28835000	      2784	80000f72	079ba223	sw	x25,100(x23)	 x23:0x8002cc60 x25:0x00110005 PA:0x8002ccc4 store:0x00110005 load:0x00000000
       28845000	      2785	80000f76	07aba423	sw	x26,104(x23)	 x23:0x8002cc60 x26:0x8001b229 PA:0x8002ccc8 store:0x8001b229 load:0x00000000
       28855000	      2786	80000f7a	07bba623	sw	x27,108(x23)	 x23:0x8002cc60 x27:0x00000000 PA:0x8002cccc store:0x00000000 load:0x00000000
       28865000	      2787	80000f7e	07cba823	sw	x28,112(x23)	 x23:0x8002cc60 x28:0x00000000 PA:0x8002ccd0 store:0x00000000 load:0x00000000
       28875000	      2788	80000f82	07dbaa23	sw	x29,116(x23)	 x23:0x8002cc60 x29:0x00000001 PA:0x8002ccd4 store:0x00000001 load:0x00000000
       28885000	      2789	80000f86	07ebac23	sw	x30,120(x23)	 x23:0x8002cc60 x30:0x00247fa1 PA:0x8002ccd8 store:0x00247fa1 load:0x00000000
       28895000	      2790	80000f8a	07fbae23	sw	x31,124(x23)	 x23:0x8002cc60 x31:0x0d742002 PA:0x8002ccdc store:0x0d742002 load:0x00000000
       28905000	      2791	80000f8e	000b86b3	add	x13,x23,x0	 x23:0x8002cc60  x0:0x00000000 x13=0x8002cc60
       28915000	      2792	80000f92	90000d37	lui	x26,0x90000	 x26=0x90000000
       28925000	      2793	80000f96	1d71	c.addi	x26,-4	 x26:0x90000000 x26=0x8ffffffc
       28935000	      2794	80000f98	4d99	c.li	x27,6	 x27=0x00000006
       28945000	      2795	80000f9a	0da2	c.slli	x27,0x8	 x27:0x00000006 x27=0x00000600
       28955000	      2796	80000f9c	000d8d93	addi	x27,x27,0	 x27:0x00000600 x27=0x00000600
       28965000	      2797	80000fa0	01bd2023	sw	x27,0(x26)	 x26:0x8ffffffc x27:0x00000600 PA:0x8ffffffc store:0x00000600 load:0x00000000
       28975000	      2798	80000fa4	34202df3	csrrs	x27,mcause,x0	  x0:0x00000000 x27=0x8000000b
       28985000	      2799	80000fa8	01fddd93	srli	x27,x27,0x1f	 x27:0x8000000b x27=0x00000001
       28995000	      2800	80000fac	060d8863	beq	x27,x0,8000101c	 x27:0x00000001  x0:0x00000000
       29005000	      2801	80000fb0	90000d37	lui	x26,0x90000	 x26=0x90000000
       29015000	      2802	80000fb4	1d71	c.addi	x26,-4	 x26:0x90000000 x26=0x8ffffffc
       29025000	      2803	80000fb6	30000d93	addi	x27,x0,768	  x0:0x00000000 x27=0x00000300
       29035000	      2804	80000fba	0da2	c.slli	x27,0x8	 x27:0x00000300 x27=0x00030000
       29045000	      2805	80000fbc	0d8d	c.addi	x27,3	 x27:0x00030000 x27=0x00030003
       29055000	      2806	80000fbe	01bd2023	sw	x27,0(x26)	 x26:0x8ffffffc x27:0x00030003 PA:0x8ffffffc store:0x00030003 load:0x00000000
       29065000	      2807	80000fc2	30002df3	csrrs	x27,mstatus,x0	  x0:0x00000000 x27=0x00000080
       29075000	      2808	80000fc6	01bd2023	sw	x27,0(x26)	 x26:0x8ffffffc x27:0x00000080 PA:0x8ffffffc store:0x00000080 load:0x00000000
       29085000	      2809	80000fca	90000d37	lui	x26,0x90000	 x26=0x90000000
       29095000	      2810	80000fce	1d71	c.addi	x26,-4	 x26:0x90000000 x26=0x8ffffffc
       29105000	      2811	80000fd0	34200d93	addi	x27,x0,834	  x0:0x00000000 x27=0x00000342
       29115000	      2812	80000fd4	0da2	c.slli	x27,0x8	 x27:0x00000342 x27=0x00034200
       29125000	      2813	80000fd6	0d8d	c.addi	x27,3	 x27:0x00034200 x27=0x00034203
       29135000	      2814	80000fd8	01bd2023	sw	x27,0(x26)	 x26:0x8ffffffc x27:0x00034203 PA:0x8ffffffc store:0x00034203 load:0x00000000
       29145000	      2815	80000fdc	34202df3	csrrs	x27,mcause,x0	  x0:0x00000000 x27=0x8000000b
       29155000	      2816	80000fe0	01bd2023	sw	x27,0(x26)	 x26:0x8ffffffc x27:0x8000000b PA:0x8ffffffc store:0x8000000b load:0x00000000
       29165000	      2817	80000fe4	90000d37	lui	x26,0x90000	 x26=0x90000000
       29175000	      2818	80000fe8	1d71	c.addi	x26,-4	 x26:0x90000000 x26=0x8ffffffc
       29185000	      2819	80000fea	30400d93	addi	x27,x0,772	  x0:0x00000000 x27=0x00000304
       29195000	      2820	80000fee	0da2	c.slli	x27,0x8	 x27:0x00000304 x27=0x00030400
       29205000	      2821	80000ff0	0d8d	c.addi	x27,3	 x27:0x00030400 x27=0x00030403
       29215000	      2822	80000ff2	01bd2023	sw	x27,0(x26)	 x26:0x8ffffffc x27:0x00030403 PA:0x8ffffffc store:0x00030403 load:0x00000000
       29225000	      2823	80000ff6	30402df3	csrrs	x27,mie,x0	  x0:0x00000000 x27=0x00360888
       29235000	      2824	80000ffa	01bd2023	sw	x27,0(x26)	 x26:0x8ffffffc x27:0x00360888 PA:0x8ffffffc store:0x00360888 load:0x00000000
       29245000	      2825	80000ffe	90000d37	lui	x26,0x90000	 x26=0x90000000
       29255000	      2826	80001002	1d71	c.addi	x26,-4	 x26:0x90000000 x26=0x8ffffffc
       29265000	      2827	80001004	34400d93	addi	x27,x0,836	  x0:0x00000000 x27=0x00000344
       29275000	      2828	80001008	0da2	c.slli	x27,0x8	 x27:0x00000344 x27=0x00034400
       29285000	      2829	8000100a	0d8d	c.addi	x27,3	 x27:0x00034400 x27=0x00034403
       29295000	      2830	8000100c	01bd2023	sw	x27,0(x26)	 x26:0x8ffffffc x27:0x00034403 PA:0x8ffffffc store:0x00034403 load:0x00000000
       29305000	      2831	80001010	34402df3	csrrs	x27,mip,x0	  x0:0x00000000 x27=0x00000000
       29315000	      2832	80001014	01bd2023	sw	x27,0(x26)	 x26:0x8ffffffc x27:0x00000000 PA:0x8ffffffc store:0x00000000 load:0x00000000
       29325000	      2833	80001018	2b41106f	jal	x0,800122cc	  x0=0x00000000
       29345000	      2835	800122cc	34002df3	csrrs	x27,mscratch,x0	  x0:0x00000000 x27=0x00000000
       29355000	      2836	800122d0	01b04663	blt	x0,x27,800122dc	  x0:0x00000000 x27:0x00000000
       29365000	      2837	800122d4	3400d073	csrrwi	x0,mscratch,1	  x0=0x00000000
       29375000	      2838	800122d8	30046073	csrrsi	x0,mstatus,8	  x0=0x00000000
       29405000	      2841	800122dc	34005073	csrrwi	x0,mscratch,0	  x0=0x00000000
       29415000	      2842	800122e0	30002df3	csrrs	x27,mstatus,x0	  x0:0x00000000 x27=0x00000088
       29425000	      2843	800122e4	30402df3	csrrs	x27,mie,x0	  x0:0x00000000 x27=0x00360888
       29435000	      2844	800122e8	34402df3	csrrs	x27,mip,x0	  x0:0x00000000 x27=0x00000000
       29445000	      2845	800122ec	344dbdf3	csrrc	x27,mip,x27	 x27:0x00000000 x27=0x00000000
       29475000	      2848	800122f0	90000d37	lui	x26,0x90000	 x26=0x90000000
       29485000	      2849	800122f4	1d71	c.addi	x26,-4	 x26:0x90000000 x26=0x8ffffffc
       29495000	      2850	800122f6	4d9d	c.li	x27,7	 x27=0x00000007
       29505000	      2851	800122f8	0da2	c.slli	x27,0x8	 x27:0x00000007 x27=0x00000700
       29515000	      2852	800122fa	000d8d93	addi	x27,x27,0	 x27:0x00000700 x27=0x00000700
       29525000	      2853	800122fe	01bd2023	sw	x27,0(x26)	 x26:0x8ffffffc x27:0x00000700 PA:0x8ffffffc store:0x00000700 load:0x00000000
       29535000	      2854	80012302	00068bb3	add	x23,x13,x0	 x13:0x8002cc60  x0:0x00000000 x23=0x8002cc60
       29545000	      2855	80012306	004ba083	lw	x1,4(x23)	 x23:0x8002cc60  x1=0x71e77af6 PA:0x8002cc64 load:0x71e77af6
       29555000	      2856	8001230a	008ba103	lw	x2,8(x23)	 x23:0x8002cc60  x2=0x800135b7 PA:0x8002cc68 load:0x800135b7
       29565000	      2857	8001230e	00cba183	lw	x3,12(x23)	 x23:0x8002cc60  x3=0xf2946000 PA:0x8002cc6c load:0xf2946000
       29575000	      2858	80012312	010ba203	lw	x4,16(x23)	 x23:0x8002cc60  x4=0xe9000000 PA:0x8002cc70 load:0xe9000000
       29585000	      2859	80012316	014ba283	lw	x5,20(x23)	 x23:0x8002cc60  x5=0x8002cce4 PA:0x8002cc74 load:0x8002cce4
       29595000	      2860	8001231a	018ba303	lw	x6,24(x23)	 x23:0x8002cc60  x6=0xffffffff PA:0x8002cc78 load:0xffffffff
       29605000	      2861	8001231e	01cba383	lw	x7,28(x23)	 x23:0x8002cc60  x7=0x247fa134 PA:0x8002cc7c load:0x247fa134
       29615000	      2862	80012322	020ba403	lw	x8,32(x23)	 x23:0x8002cc60  x8=0x1bac2000 PA:0x8002cc80 load:0x1bac2000
       29625000	      2863	80012326	024ba483	lw	x9,36(x23)	 x23:0x8002cc60  x9=0x80013707 PA:0x8002cc84 load:0x80013707
       29635000	      2864	8001232a	028ba503	lw	x10,40(x23)	 x23:0x8002cc60 x10=0x800138d7 PA:0x8002cc88 load:0x800138d7
       29645000	      2865	8001232e	02cba583	lw	x11,44(x23)	 x23:0x8002cc60 x11=0xf1e8b1fd PA:0x8002cc8c load:0xf1e8b1fd
       29655000	      2866	80012332	030ba603	lw	x12,48(x23)	 x23:0x8002cc60 x12=0xaef389dd PA:0x8002cc90 load:0xaef389dd
       29665000	      2867	80012336	034ba683	lw	x13,52(x23)	 x23:0x8002cc60 x13=0x8002cce0 PA:0x8002cc94 load:0x8002cce0
       29675000	      2868	8001233a	038ba703	lw	x14,56(x23)	 x23:0x8002cc60 x14=0x00000001 PA:0x8002cc98 load:0x00000001
       29685000	      2869	8001233e	03cba783	lw	x15,60(x23)	 x23:0x8002cc60 x15=0x80013665 PA:0x8002cc9c load:0x80013665
       29695000	      2870	80012342	040ba803	lw	x16,64(x23)	 x23:0x8002cc60 x16=0x0000123f PA:0x8002cca0 load:0x0000123f
       29705000	      2871	80012346	044ba883	lw	x17,68(x23)	 x23:0x8002cc60 x17=0xffffb5e9 PA:0x8002cca4 load:0xffffb5e9
       29715000	      2872	8001234a	048ba903	lw	x18,72(x23)	 x23:0x8002cc60 x18=0xf2946000 PA:0x8002cca8 load:0xf2946000
       29725000	      2873	8001234e	04cba983	lw	x19,76(x23)	 x23:0x8002cc60 x19=0x247fa133 PA:0x8002ccac load:0x247fa133
       29735000	      2874	80012352	050baa03	lw	x20,80(x23)	 x23:0x8002cc60 x20=0x00000000 PA:0x8002ccb0 load:0x00000000
       29745000	      2875	80012356	054baa83	lw	x21,84(x23)	 x23:0x8002cc60 x21=0xffffffe0 PA:0x8002ccb4 load:0xffffffe0
       29755000	      2876	8001235a	058bab03	lw	x22,88(x23)	 x23:0x8002cc60 x22=0x510c7012 PA:0x8002ccb8 load:0x510c7012
       29765000	      2877	8001235e	05cbab83	lw	x23,92(x23)	 x23:0x8002cc60 x23=0x8002cc60 PA:0x8002ccbc load:0x8002cc60
       29785000	      2879	80012362	060bac03	lw	x24,96(x23)	 x23:0x8002cc60 x24=0x80000000 PA:0x8002ccc0 load:0x80000000
       29795000	      2880	80012366	064bac83	lw	x25,100(x23)	 x23:0x8002cc60 x25=0x00110005 PA:0x8002ccc4 load:0x00110005
       29805000	      2881	8001236a	068bad03	lw	x26,104(x23)	 x23:0x8002cc60 x26=0x8001b229 PA:0x8002ccc8 load:0x8001b229
       29815000	      2882	8001236e	06cbad83	lw	x27,108(x23)	 x23:0x8002cc60 x27=0x00000000 PA:0x8002cccc load:0x00000000
       29825000	      2883	80012372	070bae03	lw	x28,112(x23)	 x23:0x8002cc60 x28=0x00000000 PA:0x8002ccd0 load:0x00000000
       29835000	      2884	80012376	074bae83	lw	x29,116(x23)	 x23:0x8002cc60 x29=0x00000001 PA:0x8002ccd4 load:0x00000001
       29845000	      2885	8001237a	078baf03	lw	x30,120(x23)	 x23:0x8002cc60 x30=0x00247fa1 PA:0x8002ccd8 load:0x00247fa1
       29855000	      2886	8001237e	07cbaf83	lw	x31,124(x23)	 x23:0x8002cc60 x31=0x0d742002 PA:0x8002ccdc load:0x0d742002
       29865000	      2887	80012382	080b8b93	addi	x23,x23,128	 x23:0x8002cc60 x23=0x8002cce0
       29875000	      2888	80012386	000b86b3	add	x13,x23,x0	 x23:0x8002cce0  x0:0x00000000 x13=0x8002cce0
       29885000	      2889	8001238a	0006ab83	lw	x23,0(x13)	 x13:0x8002cce0 x23=0x80028e64 PA:0x8002cce0 load:0x80028e64
       29895000	      2890	8001238e	0691	c.addi	x13,4	 x13:0x8002cce0 x13=0x8002cce4
       29905000	      2891	80012390	30200073	mret	
       30295000	      2930	80003830	03a56033	rem	x0,x10,x26	 x10:0x800138d7 x26:0x8001b229  x0=0x00000000
       30335000	      2934	8000272c	fd8fe06f	jal	x0,80000f04	  x0=0x00000000
       30355000	      2936	80000f04	16f1	c.addi	x13,-4	 x13:0x8002cce4 x13=0x8002cce0
       30365000	      2937	80000f06	0176a023	sw	x23,0(x13)	 x13:0x8002cce0 x23:0x80028e64 PA:0x8002cce0 store:0x80028e64 load:0x00000000
       30375000	      2938	80000f0a	00068bb3	add	x23,x13,x0	 x13:0x8002cce0  x0:0x00000000 x23=0x8002cce0
       30385000	      2939	80000f0e	f80b8b93	addi	x23,x23,-128	 x23:0x8002cce0 x23=0x8002cc60
       30395000	      2940	80000f12	001ba223	sw	x1,4(x23)	 x23:0x8002cc60  x1:0x71e77af6 PA:0x8002cc64 store:0x71e77af6 load:0x00000000
       30405000	      2941	80000f16	002ba423	sw	x2,8(x23)	 x23:0x8002cc60  x2:0x800135b7 PA:0x8002cc68 store:0x800135b7 load:0x00000000
       30415000	      2942	80000f1a	003ba623	sw	x3,12(x23)	 x23:0x8002cc60  x3:0xf2946000 PA:0x8002cc6c store:0xf2946000 load:0x00000000
       30425000	      2943	80000f1e	004ba823	sw	x4,16(x23)	 x23:0x8002cc60  x4:0xe9000000 PA:0x8002cc70 store:0xe9000000 load:0x00000000
       30435000	      2944	80000f22	005baa23	sw	x5,20(x23)	 x23:0x8002cc60  x5:0x8002cce4 PA:0x8002cc74 store:0x8002cce4 load:0x00000000
       30445000	      2945	80000f26	006bac23	sw	x6,24(x23)	 x23:0x8002cc60  x6:0xffffffff PA:0x8002cc78 store:0xffffffff load:0x00000000
       30455000	      2946	80000f2a	007bae23	sw	x7,28(x23)	 x23:0x8002cc60  x7:0x247fa134 PA:0x8002cc7c store:0x247fa134 load:0x00000000
       30465000	      2947	80000f2e	028ba023	sw	x8,32(x23)	 x23:0x8002cc60  x8:0x1bac2000 PA:0x8002cc80 store:0x1bac2000 load:0x00000000
       30475000	      2948	80000f32	029ba223	sw	x9,36(x23)	 x23:0x8002cc60  x9:0x80013707 PA:0x8002cc84 store:0x80013707 load:0x00000000
       30485000	      2949	80000f36	02aba423	sw	x10,40(x23)	 x23:0x8002cc60 x10:0x800138d7 PA:0x8002cc88 store:0x800138d7 load:0x00000000
       30495000	      2950	80000f3a	02bba623	sw	x11,44(x23)	 x23:0x8002cc60 x11:0xf1e8b1fd PA:0x8002cc8c store:0xf1e8b1fd load:0x00000000
       30505000	      2951	80000f3e	02cba823	sw	x12,48(x23)	 x23:0x8002cc60 x12:0xaef389dd PA:0x8002cc90 store:0xaef389dd load:0x00000000
       30515000	      2952	80000f42	02dbaa23	sw	x13,52(x23)	 x23:0x8002cc60 x13:0x8002cce0 PA:0x8002cc94 store:0x8002cce0 load:0x00000000
       30525000	      2953	80000f46	02ebac23	sw	x14,56(x23)	 x23:0x8002cc60 x14:0x00000001 PA:0x8002cc98 store:0x00000001 load:0x00000000
       30535000	      2954	80000f4a	02fbae23	sw	x15,60(x23)	 x23:0x8002cc60 x15:0x80013665 PA:0x8002cc9c store:0x80013665 load:0x00000000
       30545000	      2955	80000f4e	050ba023	sw	x16,64(x23)	 x23:0x8002cc60 x16:0x0000123f PA:0x8002cca0 store:0x0000123f load:0x00000000
       30555000	      2956	80000f52	051ba223	sw	x17,68(x23)	 x23:0x8002cc60 x17:0xffffb5e9 PA:0x8002cca4 store:0xffffb5e9 load:0x00000000
       30565000	      2957	80000f56	052ba423	sw	x18,72(x23)	 x23:0x8002cc60 x18:0xf2946000 PA:0x8002cca8 store:0xf2946000 load:0x00000000
       30575000	      2958	80000f5a	053ba623	sw	x19,76(x23)	 x23:0x8002cc60 x19:0x247fa133 PA:0x8002ccac store:0x247fa133 load:0x00000000
       30585000	      2959	80000f5e	054ba823	sw	x20,80(x23)	 x23:0x8002cc60 x20:0x00000000 PA:0x8002ccb0 store:0x00000000 load:0x00000000
       30595000	      2960	80000f62	055baa23	sw	x21,84(x23)	 x23:0x8002cc60 x21:0xffffffe0 PA:0x8002ccb4 store:0xffffffe0 load:0x00000000
       30605000	      2961	80000f66	056bac23	sw	x22,88(x23)	 x23:0x8002cc60 x22:0x510c7012 PA:0x8002ccb8 store:0x510c7012 load:0x00000000
       30615000	      2962	80000f6a	057bae23	sw	x23,92(x23)	 x23:0x8002cc60 x23:0x8002cc60 PA:0x8002ccbc store:0x8002cc60 load:0x00000000
       30625000	      2963	80000f6e	078ba023	sw	x24,96(x23)	 x23:0x8002cc60 x24:0x80000000 PA:0x8002ccc0 store:0x80000000 load:0x00000000
       30635000	      2964	80000f72	079ba223	sw	x25,100(x23)	 x23:0x8002cc60 x25:0x00110005 PA:0x8002ccc4 store:0x00110005 load:0x00000000
       30645000	      2965	80000f76	07aba423	sw	x26,104(x23)	 x23:0x8002cc60 x26:0x8001b229 PA:0x8002ccc8 store:0x8001b229 load:0x00000000
       30655000	      2966	80000f7a	07bba623	sw	x27,108(x23)	 x23:0x8002cc60 x27:0x00000000 PA:0x8002cccc store:0x00000000 load:0x00000000
       30665000	      2967	80000f7e	07cba823	sw	x28,112(x23)	 x23:0x8002cc60 x28:0x00000000 PA:0x8002ccd0 store:0x00000000 load:0x00000000
       30675000	      2968	80000f82	07dbaa23	sw	x29,116(x23)	 x23:0x8002cc60 x29:0x00000001 PA:0x8002ccd4 store:0x00000001 load:0x00000000
       30685000	      2969	80000f86	07ebac23	sw	x30,120(x23)	 x23:0x8002cc60 x30:0x00247fa1 PA:0x8002ccd8 store:0x00247fa1 load:0x00000000
       30695000	      2970	80000f8a	07fbae23	sw	x31,124(x23)	 x23:0x8002cc60 x31:0x0d742002 PA:0x8002ccdc store:0x0d742002 load:0x00000000
       30705000	      2971	80000f8e	000b86b3	add	x13,x23,x0	 x23:0x8002cc60  x0:0x00000000 x13=0x8002cc60
       30715000	      2972	80000f92	90000d37	lui	x26,0x90000	 x26=0x90000000
       30725000	      2973	80000f96	1d71	c.addi	x26,-4	 x26:0x90000000 x26=0x8ffffffc
       30735000	      2974	80000f98	4d99	c.li	x27,6	 x27=0x00000006
       30745000	      2975	80000f9a	0da2	c.slli	x27,0x8	 x27:0x00000006 x27=0x00000600
       30755000	      2976	80000f9c	000d8d93	addi	x27,x27,0	 x27:0x00000600 x27=0x00000600
       30765000	      2977	80000fa0	01bd2023	sw	x27,0(x26)	 x26:0x8ffffffc x27:0x00000600 PA:0x8ffffffc store:0x00000600 load:0x00000000
       30775000	      2978	80000fa4	34202df3	csrrs	x27,mcause,x0	  x0:0x00000000 x27=0x8000000b
       30785000	      2979	80000fa8	01fddd93	srli	x27,x27,0x1f	 x27:0x8000000b x27=0x00000001
       30795000	      2980	80000fac	060d8863	beq	x27,x0,8000101c	 x27:0x00000001  x0:0x00000000
       30805000	      2981	80000fb0	90000d37	lui	x26,0x90000	 x26=0x90000000
       30815000	      2982	80000fb4	1d71	c.addi	x26,-4	 x26:0x90000000 x26=0x8ffffffc
       30825000	      2983	80000fb6	30000d93	addi	x27,x0,768	  x0:0x00000000 x27=0x00000300
       30835000	      2984	80000fba	0da2	c.slli	x27,0x8	 x27:0x00000300 x27=0x00030000
       30845000	      2985	80000fbc	0d8d	c.addi	x27,3	 x27:0x00030000 x27=0x00030003
       30855000	      2986	80000fbe	01bd2023	sw	x27,0(x26)	 x26:0x8ffffffc x27:0x00030003 PA:0x8ffffffc store:0x00030003 load:0x00000000
       30865000	      2987	80000fc2	30002df3	csrrs	x27,mstatus,x0	  x0:0x00000000 x27=0x00000080
       30875000	      2988	80000fc6	01bd2023	sw	x27,0(x26)	 x26:0x8ffffffc x27:0x00000080 PA:0x8ffffffc store:0x00000080 load:0x00000000
       30885000	      2989	80000fca	90000d37	lui	x26,0x90000	 x26=0x90000000
       30895000	      2990	80000fce	1d71	c.addi	x26,-4	 x26:0x90000000 x26=0x8ffffffc
       30905000	      2991	80000fd0	34200d93	addi	x27,x0,834	  x0:0x00000000 x27=0x00000342
       30915000	      2992	80000fd4	0da2	c.slli	x27,0x8	 x27:0x00000342 x27=0x00034200
       30925000	      2993	80000fd6	0d8d	c.addi	x27,3	 x27:0x00034200 x27=0x00034203
       30935000	      2994	80000fd8	01bd2023	sw	x27,0(x26)	 x26:0x8ffffffc x27:0x00034203 PA:0x8ffffffc store:0x00034203 load:0x00000000
       30945000	      2995	80000fdc	34202df3	csrrs	x27,mcause,x0	  x0:0x00000000 x27=0x8000000b
       30955000	      2996	80000fe0	01bd2023	sw	x27,0(x26)	 x26:0x8ffffffc x27:0x8000000b PA:0x8ffffffc store:0x8000000b load:0x00000000
       30965000	      2997	80000fe4	90000d37	lui	x26,0x90000	 x26=0x90000000
       30975000	      2998	80000fe8	1d71	c.addi	x26,-4	 x26:0x90000000 x26=0x8ffffffc
       30985000	      2999	80000fea	30400d93	addi	x27,x0,772	  x0:0x00000000 x27=0x00000304
       30995000	      3000	80000fee	0da2	c.slli	x27,0x8	 x27:0x00000304 x27=0x00030400
       31005000	      3001	80000ff0	0d8d	c.addi	x27,3	 x27:0x00030400 x27=0x00030403
       31015000	      3002	80000ff2	01bd2023	sw	x27,0(x26)	 x26:0x8ffffffc x27:0x00030403 PA:0x8ffffffc store:0x00030403 load:0x00000000
       31025000	      3003	80000ff6	30402df3	csrrs	x27,mie,x0	  x0:0x00000000 x27=0x00360888
       31035000	      3004	80000ffa	01bd2023	sw	x27,0(x26)	 x26:0x8ffffffc x27:0x00360888 PA:0x8ffffffc store:0x00360888 load:0x00000000
       31045000	      3005	80000ffe	90000d37	lui	x26,0x90000	 x26=0x90000000
       31055000	      3006	80001002	1d71	c.addi	x26,-4	 x26:0x90000000 x26=0x8ffffffc
       31065000	      3007	80001004	34400d93	addi	x27,x0,836	  x0:0x00000000 x27=0x00000344
       31075000	      3008	80001008	0da2	c.slli	x27,0x8	 x27:0x00000344 x27=0x00034400
       31085000	      3009	8000100a	0d8d	c.addi	x27,3	 x27:0x00034400 x27=0x00034403
       31095000	      3010	8000100c	01bd2023	sw	x27,0(x26)	 x26:0x8ffffffc x27:0x00034403 PA:0x8ffffffc store:0x00034403 load:0x00000000
       31105000	      3011	80001010	34402df3	csrrs	x27,mip,x0	  x0:0x00000000 x27=0x00000000
       31115000	      3012	80001014	01bd2023	sw	x27,0(x26)	 x26:0x8ffffffc x27:0x00000000 PA:0x8ffffffc store:0x00000000 load:0x00000000
       31125000	      3013	80001018	2b41106f	jal	x0,800122cc	  x0=0x00000000
       31145000	      3015	800122cc	34002df3	csrrs	x27,mscratch,x0	  x0:0x00000000 x27=0x00000000
       31155000	      3016	800122d0	01b04663	blt	x0,x27,800122dc	  x0:0x00000000 x27:0x00000000
       31165000	      3017	800122d4	3400d073	csrrwi	x0,mscratch,1	  x0=0x00000000
       31175000	      3018	800122d8	30046073	csrrsi	x0,mstatus,8	  x0=0x00000000
       31205000	      3021	800122dc	34005073	csrrwi	x0,mscratch,0	  x0=0x00000000
       31215000	      3022	800122e0	30002df3	csrrs	x27,mstatus,x0	  x0:0x00000000 x27=0x00000088
       31225000	      3023	800122e4	30402df3	csrrs	x27,mie,x0	  x0:0x00000000 x27=0x00360888
       31235000	      3024	800122e8	34402df3	csrrs	x27,mip,x0	  x0:0x00000000 x27=0x00000000
       31245000	      3025	800122ec	344dbdf3	csrrc	x27,mip,x27	 x27:0x00000000 x27=0x00000000
       31275000	      3028	800122f0	90000d37	lui	x26,0x90000	 x26=0x90000000
       31285000	      3029	800122f4	1d71	c.addi	x26,-4	 x26:0x90000000 x26=0x8ffffffc
       31295000	      3030	800122f6	4d9d	c.li	x27,7	 x27=0x00000007
       31305000	      3031	800122f8	0da2	c.slli	x27,0x8	 x27:0x00000007 x27=0x00000700
       31315000	      3032	800122fa	000d8d93	addi	x27,x27,0	 x27:0x00000700 x27=0x00000700
       31325000	      3033	800122fe	01bd2023	sw	x27,0(x26)	 x26:0x8ffffffc x27:0x00000700 PA:0x8ffffffc store:0x00000700 load:0x00000000
       31335000	      3034	80012302	00068bb3	add	x23,x13,x0	 x13:0x8002cc60  x0:0x00000000 x23=0x8002cc60
       31345000	      3035	80012306	004ba083	lw	x1,4(x23)	 x23:0x8002cc60  x1=0x71e77af6 PA:0x8002cc64 load:0x71e77af6
       31355000	      3036	8001230a	008ba103	lw	x2,8(x23)	 x23:0x8002cc60  x2=0x800135b7 PA:0x8002cc68 load:0x800135b7
       31365000	      3037	8001230e	00cba183	lw	x3,12(x23)	 x23:0x8002cc60  x3=0xf2946000 PA:0x8002cc6c load:0xf2946000
       31375000	      3038	80012312	010ba203	lw	x4,16(x23)	 x23:0x8002cc60  x4=0xe9000000 PA:0x8002cc70 load:0xe9000000
       31385000	      3039	80012316	014ba283	lw	x5,20(x23)	 x23:0x8002cc60  x5=0x8002cce4 PA:0x8002cc74 load:0x8002cce4
       31395000	      3040	8001231a	018ba303	lw	x6,24(x23)	 x23:0x8002cc60  x6=0xffffffff PA:0x8002cc78 load:0xffffffff
       31405000	      3041	8001231e	01cba383	lw	x7,28(x23)	 x23:0x8002cc60  x7=0x247fa134 PA:0x8002cc7c load:0x247fa134
       31415000	      3042	80012322	020ba403	lw	x8,32(x23)	 x23:0x8002cc60  x8=0x1bac2000 PA:0x8002cc80 load:0x1bac2000
       31425000	      3043	80012326	024ba483	lw	x9,36(x23)	 x23:0x8002cc60  x9=0x80013707 PA:0x8002cc84 load:0x80013707
       31435000	      3044	8001232a	028ba503	lw	x10,40(x23)	 x23:0x8002cc60 x10=0x800138d7 PA:0x8002cc88 load:0x800138d7
       31445000	      3045	8001232e	02cba583	lw	x11,44(x23)	 x23:0x8002cc60 x11=0xf1e8b1fd PA:0x8002cc8c load:0xf1e8b1fd
       31455000	      3046	80012332	030ba603	lw	x12,48(x23)	 x23:0x8002cc60 x12=0xaef389dd PA:0x8002cc90 load:0xaef389dd
       31465000	      3047	80012336	034ba683	lw	x13,52(x23)	 x23:0x8002cc60 x13=0x8002cce0 PA:0x8002cc94 load:0x8002cce0
       31475000	      3048	8001233a	038ba703	lw	x14,56(x23)	 x23:0x8002cc60 x14=0x00000001 PA:0x8002cc98 load:0x00000001
       31485000	      3049	8001233e	03cba783	lw	x15,60(x23)	 x23:0x8002cc60 x15=0x80013665 PA:0x8002cc9c load:0x80013665
       31495000	      3050	80012342	040ba803	lw	x16,64(x23)	 x23:0x8002cc60 x16=0x0000123f PA:0x8002cca0 load:0x0000123f
       31505000	      3051	80012346	044ba883	lw	x17,68(x23)	 x23:0x8002cc60 x17=0xffffb5e9 PA:0x8002cca4 load:0xffffb5e9
       31515000	      3052	8001234a	048ba903	lw	x18,72(x23)	 x23:0x8002cc60 x18=0xf2946000 PA:0x8002cca8 load:0xf2946000
       31525000	      3053	8001234e	04cba983	lw	x19,76(x23)	 x23:0x8002cc60 x19=0x247fa133 PA:0x8002ccac load:0x247fa133
       31535000	      3054	80012352	050baa03	lw	x20,80(x23)	 x23:0x8002cc60 x20=0x00000000 PA:0x8002ccb0 load:0x00000000
       31545000	      3055	80012356	054baa83	lw	x21,84(x23)	 x23:0x8002cc60 x21=0xffffffe0 PA:0x8002ccb4 load:0xffffffe0
       31555000	      3056	8001235a	058bab03	lw	x22,88(x23)	 x23:0x8002cc60 x22=0x510c7012 PA:0x8002ccb8 load:0x510c7012
       31565000	      3057	8001235e	05cbab83	lw	x23,92(x23)	 x23:0x8002cc60 x23=0x8002cc60 PA:0x8002ccbc load:0x8002cc60
       31585000	      3059	80012362	060bac03	lw	x24,96(x23)	 x23:0x8002cc60 x24=0x80000000 PA:0x8002ccc0 load:0x80000000
       31595000	      3060	80012366	064bac83	lw	x25,100(x23)	 x23:0x8002cc60 x25=0x00110005 PA:0x8002ccc4 load:0x00110005
       31605000	      3061	8001236a	068bad03	lw	x26,104(x23)	 x23:0x8002cc60 x26=0x8001b229 PA:0x8002ccc8 load:0x8001b229
       31615000	      3062	8001236e	06cbad83	lw	x27,108(x23)	 x23:0x8002cc60 x27=0x00000000 PA:0x8002cccc load:0x00000000
       31625000	      3063	80012372	070bae03	lw	x28,112(x23)	 x23:0x8002cc60 x28=0x00000000 PA:0x8002ccd0 load:0x00000000
       31635000	      3064	80012376	074bae83	lw	x29,116(x23)	 x23:0x8002cc60 x29=0x00000001 PA:0x8002ccd4 load:0x00000001
       31645000	      3065	8001237a	078baf03	lw	x30,120(x23)	 x23:0x8002cc60 x30=0x00247fa1 PA:0x8002ccd8 load:0x00247fa1
       31655000	      3066	8001237e	07cbaf83	lw	x31,124(x23)	 x23:0x8002cc60 x31=0x0d742002 PA:0x8002ccdc load:0x0d742002
       31665000	      3067	80012382	080b8b93	addi	x23,x23,128	 x23:0x8002cc60 x23=0x8002cce0
       31675000	      3068	80012386	000b86b3	add	x13,x23,x0	 x23:0x8002cce0  x0:0x00000000 x13=0x8002cce0
       31685000	      3069	8001238a	0006ab83	lw	x23,0(x13)	 x13:0x8002cce0 x23=0x80028e64 PA:0x8002cce0 load:0x80028e64
       31695000	      3070	8001238e	0691	c.addi	x13,4	 x13:0x8002cce0 x13=0x8002cce4
       31705000	      3071	80012390	30200073	mret	
       31735000	      3074	80003834	fd850113	addi	x2,x10,-40	 x10:0x800138d7  x2=0x800138af
       31745000	      3075	80003838	005f34b3	sltu	x9,x30,x5	 x30:0x00247fa1  x5:0x8002cce4  x9=0x00000001
       31755000	      3076	8000383c	07319a63	bne	x3,x19,800038b0	  x3:0xf2946000 x19:0x247fa133
       31775000	      3078	800038b0	005a1a93	slli	x21,x20,0x5	 x20:0x00000000 x21=0x00000000
       31785000	      3079	800038b4	8f75	c.and	x14,x13	 x14:0x00000001 x13:0x8002cce4 x14=0x00000000
       31795000	      3080	800038b6	58282e13	slti	x28,x16,1410	 x16:0x0000123f x28=0x00000000
       31805000	      3081	800038ba	01c8bf33	sltu	x30,x17,x28	 x17:0xffffb5e9 x28:0x00000000 x30=0x00000000
       31815000	      3082	800038be	c831f513	andi	x10,x3,-893	  x3:0xf2946000 x10=0xf2946000
       31825000	      3083	800038c2	827d	c.srli	x12,0x1f	 x12:0xaef389dd x12=0x00000001
       31835000	      3084	800038c4	617d	c.addi16sp	x2,496	  x2:0x800138af  x2=0x80013a9f
       31845000	      3085	800038c6	020d6463	bltu	x26,x0,800038ee	 x26:0x8001b229  x0:0x00000000
       31855000	      3086	800038ca	40095133	sra	x2,x18,x0	 x18:0xf2946000  x0:0x00000000  x2=0xf2946000
       31865000	      3087	800038ce	0177f1b3	and	x3,x15,x23	 x15:0x80013665 x23:0x80028e64  x3=0x80000664
       31905000	      3091	8000272c	fd8fe06f	jal	x0,80000f04	  x0=0x00000000
       31925000	      3093	80000f04	16f1	c.addi	x13,-4	 x13:0x8002cce4 x13=0x8002cce0
       31935000	      3094	80000f06	0176a023	sw	x23,0(x13)	 x13:0x8002cce0 x23:0x80028e64 PA:0x8002cce0 store:0x80028e64 load:0x00000000
       31945000	      3095	80000f0a	00068bb3	add	x23,x13,x0	 x13:0x8002cce0  x0:0x00000000 x23=0x8002cce0
       31955000	      3096	80000f0e	f80b8b93	addi	x23,x23,-128	 x23:0x8002cce0 x23=0x8002cc60
       31965000	      3097	80000f12	001ba223	sw	x1,4(x23)	 x23:0x8002cc60  x1:0x71e77af6 PA:0x8002cc64 store:0x71e77af6 load:0x00000000
       31975000	      3098	80000f16	002ba423	sw	x2,8(x23)	 x23:0x8002cc60  x2:0xf2946000 PA:0x8002cc68 store:0xf2946000 load:0x00000000
       31985000	      3099	80000f1a	003ba623	sw	x3,12(x23)	 x23:0x8002cc60  x3:0x80000664 PA:0x8002cc6c store:0x80000664 load:0x00000000
       31995000	      3100	80000f1e	004ba823	sw	x4,16(x23)	 x23:0x8002cc60  x4:0xe9000000 PA:0x8002cc70 store:0xe9000000 load:0x00000000
       32005000	      3101	80000f22	005baa23	sw	x5,20(x23)	 x23:0x8002cc60  x5:0x8002cce4 PA:0x8002cc74 store:0x8002cce4 load:0x00000000
       32015000	      3102	80000f26	006bac23	sw	x6,24(x23)	 x23:0x8002cc60  x6:0xffffffff PA:0x8002cc78 store:0xffffffff load:0x00000000
       32025000	      3103	80000f2a	007bae23	sw	x7,28(x23)	 x23:0x8002cc60  x7:0x247fa134 PA:0x8002cc7c store:0x247fa134 load:0x00000000
       32035000	      3104	80000f2e	028ba023	sw	x8,32(x23)	 x23:0x8002cc60  x8:0x1bac2000 PA:0x8002cc80 store:0x1bac2000 load:0x00000000
       32045000	      3105	80000f32	029ba223	sw	x9,36(x23)	 x23:0x8002cc60  x9:0x00000001 PA:0x8002cc84 store:0x00000001 load:0x00000000
       32055000	      3106	80000f36	02aba423	sw	x10,40(x23)	 x23:0x8002cc60 x10:0xf2946000 PA:0x8002cc88 store:0xf2946000 load:0x00000000
       32065000	      3107	80000f3a	02bba623	sw	x11,44(x23)	 x23:0x8002cc60 x11:0xf1e8b1fd PA:0x8002cc8c store:0xf1e8b1fd load:0x00000000
       32075000	      3108	80000f3e	02cba823	sw	x12,48(x23)	 x23:0x8002cc60 x12:0x00000001 PA:0x8002cc90 store:0x00000001 load:0x00000000
       32085000	      3109	80000f42	02dbaa23	sw	x13,52(x23)	 x23:0x8002cc60 x13:0x8002cce0 PA:0x8002cc94 store:0x8002cce0 load:0x00000000
       32095000	      3110	80000f46	02ebac23	sw	x14,56(x23)	 x23:0x8002cc60 x14:0x00000000 PA:0x8002cc98 store:0x00000000 load:0x00000000
       32105000	      3111	80000f4a	02fbae23	sw	x15,60(x23)	 x23:0x8002cc60 x15:0x80013665 PA:0x8002cc9c store:0x80013665 load:0x00000000
       32115000	      3112	80000f4e	050ba023	sw	x16,64(x23)	 x23:0x8002cc60 x16:0x0000123f PA:0x8002cca0 store:0x0000123f load:0x00000000
       32125000	      3113	80000f52	051ba223	sw	x17,68(x23)	 x23:0x8002cc60 x17:0xffffb5e9 PA:0x8002cca4 store:0xffffb5e9 load:0x00000000
       32135000	      3114	80000f56	052ba423	sw	x18,72(x23)	 x23:0x8002cc60 x18:0xf2946000 PA:0x8002cca8 store:0xf2946000 load:0x00000000
       32145000	      3115	80000f5a	053ba623	sw	x19,76(x23)	 x23:0x8002cc60 x19:0x247fa133 PA:0x8002ccac store:0x247fa133 load:0x00000000
       32155000	      3116	80000f5e	054ba823	sw	x20,80(x23)	 x23:0x8002cc60 x20:0x00000000 PA:0x8002ccb0 store:0x00000000 load:0x00000000
       32165000	      3117	80000f62	055baa23	sw	x21,84(x23)	 x23:0x8002cc60 x21:0x00000000 PA:0x8002ccb4 store:0x00000000 load:0x00000000
       32175000	      3118	80000f66	056bac23	sw	x22,88(x23)	 x23:0x8002cc60 x22:0x510c7012 PA:0x8002ccb8 store:0x510c7012 load:0x00000000
       32185000	      3119	80000f6a	057bae23	sw	x23,92(x23)	 x23:0x8002cc60 x23:0x8002cc60 PA:0x8002ccbc store:0x8002cc60 load:0x00000000
       32195000	      3120	80000f6e	078ba023	sw	x24,96(x23)	 x23:0x8002cc60 x24:0x80000000 PA:0x8002ccc0 store:0x80000000 load:0x00000000
       32205000	      3121	80000f72	079ba223	sw	x25,100(x23)	 x23:0x8002cc60 x25:0x00110005 PA:0x8002ccc4 store:0x00110005 load:0x00000000
       32215000	      3122	80000f76	07aba423	sw	x26,104(x23)	 x23:0x8002cc60 x26:0x8001b229 PA:0x8002ccc8 store:0x8001b229 load:0x00000000
       32225000	      3123	80000f7a	07bba623	sw	x27,108(x23)	 x23:0x8002cc60 x27:0x00000000 PA:0x8002cccc store:0x00000000 load:0x00000000
       32235000	      3124	80000f7e	07cba823	sw	x28,112(x23)	 x23:0x8002cc60 x28:0x00000000 PA:0x8002ccd0 store:0x00000000 load:0x00000000
       32245000	      3125	80000f82	07dbaa23	sw	x29,116(x23)	 x23:0x8002cc60 x29:0x00000001 PA:0x8002ccd4 store:0x00000001 load:0x00000000
       32255000	      3126	80000f86	07ebac23	sw	x30,120(x23)	 x23:0x8002cc60 x30:0x00000000 PA:0x8002ccd8 store:0x00000000 load:0x00000000
       32265000	      3127	80000f8a	07fbae23	sw	x31,124(x23)	 x23:0x8002cc60 x31:0x0d742002 PA:0x8002ccdc store:0x0d742002 load:0x00000000
       32275000	      3128	80000f8e	000b86b3	add	x13,x23,x0	 x23:0x8002cc60  x0:0x00000000 x13=0x8002cc60
       32285000	      3129	80000f92	90000d37	lui	x26,0x90000	 x26=0x90000000
       32295000	      3130	80000f96	1d71	c.addi	x26,-4	 x26:0x90000000 x26=0x8ffffffc
       32305000	      3131	80000f98	4d99	c.li	x27,6	 x27=0x00000006
       32315000	      3132	80000f9a	0da2	c.slli	x27,0x8	 x27:0x00000006 x27=0x00000600
       32325000	      3133	80000f9c	000d8d93	addi	x27,x27,0	 x27:0x00000600 x27=0x00000600
       32335000	      3134	80000fa0	01bd2023	sw	x27,0(x26)	 x26:0x8ffffffc x27:0x00000600 PA:0x8ffffffc store:0x00000600 load:0x00000000
       32345000	      3135	80000fa4	34202df3	csrrs	x27,mcause,x0	  x0:0x00000000 x27=0x8000000b
       32355000	      3136	80000fa8	01fddd93	srli	x27,x27,0x1f	 x27:0x8000000b x27=0x00000001
       32365000	      3137	80000fac	060d8863	beq	x27,x0,8000101c	 x27:0x00000001  x0:0x00000000
       32375000	      3138	80000fb0	90000d37	lui	x26,0x90000	 x26=0x90000000
       32385000	      3139	80000fb4	1d71	c.addi	x26,-4	 x26:0x90000000 x26=0x8ffffffc
       32395000	      3140	80000fb6	30000d93	addi	x27,x0,768	  x0:0x00000000 x27=0x00000300
       32405000	      3141	80000fba	0da2	c.slli	x27,0x8	 x27:0x00000300 x27=0x00030000
       32415000	      3142	80000fbc	0d8d	c.addi	x27,3	 x27:0x00030000 x27=0x00030003
       32425000	      3143	80000fbe	01bd2023	sw	x27,0(x26)	 x26:0x8ffffffc x27:0x00030003 PA:0x8ffffffc store:0x00030003 load:0x00000000
       32435000	      3144	80000fc2	30002df3	csrrs	x27,mstatus,x0	  x0:0x00000000 x27=0x00000080
       32445000	      3145	80000fc6	01bd2023	sw	x27,0(x26)	 x26:0x8ffffffc x27:0x00000080 PA:0x8ffffffc store:0x00000080 load:0x00000000
       32455000	      3146	80000fca	90000d37	lui	x26,0x90000	 x26=0x90000000
       32465000	      3147	80000fce	1d71	c.addi	x26,-4	 x26:0x90000000 x26=0x8ffffffc
       32475000	      3148	80000fd0	34200d93	addi	x27,x0,834	  x0:0x00000000 x27=0x00000342
       32485000	      3149	80000fd4	0da2	c.slli	x27,0x8	 x27:0x00000342 x27=0x00034200
       32495000	      3150	80000fd6	0d8d	c.addi	x27,3	 x27:0x00034200 x27=0x00034203
       32505000	      3151	80000fd8	01bd2023	sw	x27,0(x26)	 x26:0x8ffffffc x27:0x00034203 PA:0x8ffffffc store:0x00034203 load:0x00000000
       32515000	      3152	80000fdc	34202df3	csrrs	x27,mcause,x0	  x0:0x00000000 x27=0x8000000b
       32525000	      3153	80000fe0	01bd2023	sw	x27,0(x26)	 x26:0x8ffffffc x27:0x8000000b PA:0x8ffffffc store:0x8000000b load:0x00000000
       32535000	      3154	80000fe4	90000d37	lui	x26,0x90000	 x26=0x90000000
       32545000	      3155	80000fe8	1d71	c.addi	x26,-4	 x26:0x90000000 x26=0x8ffffffc
       32555000	      3156	80000fea	30400d93	addi	x27,x0,772	  x0:0x00000000 x27=0x00000304
       32565000	      3157	80000fee	0da2	c.slli	x27,0x8	 x27:0x00000304 x27=0x00030400
       32575000	      3158	80000ff0	0d8d	c.addi	x27,3	 x27:0x00030400 x27=0x00030403
       32585000	      3159	80000ff2	01bd2023	sw	x27,0(x26)	 x26:0x8ffffffc x27:0x00030403 PA:0x8ffffffc store:0x00030403 load:0x00000000
       32595000	      3160	80000ff6	30402df3	csrrs	x27,mie,x0	  x0:0x00000000 x27=0x00360888
       32605000	      3161	80000ffa	01bd2023	sw	x27,0(x26)	 x26:0x8ffffffc x27:0x00360888 PA:0x8ffffffc store:0x00360888 load:0x00000000
       32615000	      3162	80000ffe	90000d37	lui	x26,0x90000	 x26=0x90000000
       32625000	      3163	80001002	1d71	c.addi	x26,-4	 x26:0x90000000 x26=0x8ffffffc
       32635000	      3164	80001004	34400d93	addi	x27,x0,836	  x0:0x00000000 x27=0x00000344
       32645000	      3165	80001008	0da2	c.slli	x27,0x8	 x27:0x00000344 x27=0x00034400
       32655000	      3166	8000100a	0d8d	c.addi	x27,3	 x27:0x00034400 x27=0x00034403
       32665000	      3167	8000100c	01bd2023	sw	x27,0(x26)	 x26:0x8ffffffc x27:0x00034403 PA:0x8ffffffc store:0x00034403 load:0x00000000
       32675000	      3168	80001010	34402df3	csrrs	x27,mip,x0	  x0:0x00000000 x27=0x00000000
       32685000	      3169	80001014	01bd2023	sw	x27,0(x26)	 x26:0x8ffffffc x27:0x00000000 PA:0x8ffffffc store:0x00000000 load:0x00000000
       32695000	      3170	80001018	2b41106f	jal	x0,800122cc	  x0=0x00000000
       32715000	      3172	800122cc	34002df3	csrrs	x27,mscratch,x0	  x0:0x00000000 x27=0x00000000
       32725000	      3173	800122d0	01b04663	blt	x0,x27,800122dc	  x0:0x00000000 x27:0x00000000
       32735000	      3174	800122d4	3400d073	csrrwi	x0,mscratch,1	  x0=0x00000000
       32745000	      3175	800122d8	30046073	csrrsi	x0,mstatus,8	  x0=0x00000000
       32775000	      3178	800122dc	34005073	csrrwi	x0,mscratch,0	  x0=0x00000000
       32785000	      3179	800122e0	30002df3	csrrs	x27,mstatus,x0	  x0:0x00000000 x27=0x00000088
       32795000	      3180	800122e4	30402df3	csrrs	x27,mie,x0	  x0:0x00000000 x27=0x00360888
       32805000	      3181	800122e8	34402df3	csrrs	x27,mip,x0	  x0:0x00000000 x27=0x00000000
       32815000	      3182	800122ec	344dbdf3	csrrc	x27,mip,x27	 x27:0x00000000 x27=0x00000000
       32845000	      3185	800122f0	90000d37	lui	x26,0x90000	 x26=0x90000000
       32855000	      3186	800122f4	1d71	c.addi	x26,-4	 x26:0x90000000 x26=0x8ffffffc
       32865000	      3187	800122f6	4d9d	c.li	x27,7	 x27=0x00000007
       32875000	      3188	800122f8	0da2	c.slli	x27,0x8	 x27:0x00000007 x27=0x00000700
       32885000	      3189	800122fa	000d8d93	addi	x27,x27,0	 x27:0x00000700 x27=0x00000700
       32895000	      3190	800122fe	01bd2023	sw	x27,0(x26)	 x26:0x8ffffffc x27:0x00000700 PA:0x8ffffffc store:0x00000700 load:0x00000000
       32905000	      3191	80012302	00068bb3	add	x23,x13,x0	 x13:0x8002cc60  x0:0x00000000 x23=0x8002cc60
       32915000	      3192	80012306	004ba083	lw	x1,4(x23)	 x23:0x8002cc60  x1=0x71e77af6 PA:0x8002cc64 load:0x71e77af6
       32925000	      3193	8001230a	008ba103	lw	x2,8(x23)	 x23:0x8002cc60  x2=0xf2946000 PA:0x8002cc68 load:0xf2946000
       32935000	      3194	8001230e	00cba183	lw	x3,12(x23)	 x23:0x8002cc60  x3=0x80000664 PA:0x8002cc6c load:0x80000664
       32945000	      3195	80012312	010ba203	lw	x4,16(x23)	 x23:0x8002cc60  x4=0xe9000000 PA:0x8002cc70 load:0xe9000000
       32955000	      3196	80012316	014ba283	lw	x5,20(x23)	 x23:0x8002cc60  x5=0x8002cce4 PA:0x8002cc74 load:0x8002cce4
       32965000	      3197	8001231a	018ba303	lw	x6,24(x23)	 x23:0x8002cc60  x6=0xffffffff PA:0x8002cc78 load:0xffffffff
       32975000	      3198	8001231e	01cba383	lw	x7,28(x23)	 x23:0x8002cc60  x7=0x247fa134 PA:0x8002cc7c load:0x247fa134
       32985000	      3199	80012322	020ba403	lw	x8,32(x23)	 x23:0x8002cc60  x8=0x1bac2000 PA:0x8002cc80 load:0x1bac2000
       32995000	      3200	80012326	024ba483	lw	x9,36(x23)	 x23:0x8002cc60  x9=0x00000001 PA:0x8002cc84 load:0x00000001
       33005000	      3201	8001232a	028ba503	lw	x10,40(x23)	 x23:0x8002cc60 x10=0xf2946000 PA:0x8002cc88 load:0xf2946000
       33015000	      3202	8001232e	02cba583	lw	x11,44(x23)	 x23:0x8002cc60 x11=0xf1e8b1fd PA:0x8002cc8c load:0xf1e8b1fd
       33025000	      3203	80012332	030ba603	lw	x12,48(x23)	 x23:0x8002cc60 x12=0x00000001 PA:0x8002cc90 load:0x00000001
       33035000	      3204	80012336	034ba683	lw	x13,52(x23)	 x23:0x8002cc60 x13=0x8002cce0 PA:0x8002cc94 load:0x8002cce0
       33045000	      3205	8001233a	038ba703	lw	x14,56(x23)	 x23:0x8002cc60 x14=0x00000000 PA:0x8002cc98 load:0x00000000
       33055000	      3206	8001233e	03cba783	lw	x15,60(x23)	 x23:0x8002cc60 x15=0x80013665 PA:0x8002cc9c load:0x80013665
       33065000	      3207	80012342	040ba803	lw	x16,64(x23)	 x23:0x8002cc60 x16=0x0000123f PA:0x8002cca0 load:0x0000123f
       33075000	      3208	80012346	044ba883	lw	x17,68(x23)	 x23:0x8002cc60 x17=0xffffb5e9 PA:0x8002cca4 load:0xffffb5e9
       33085000	      3209	8001234a	048ba903	lw	x18,72(x23)	 x23:0x8002cc60 x18=0xf2946000 PA:0x8002cca8 load:0xf2946000
       33095000	      3210	8001234e	04cba983	lw	x19,76(x23)	 x23:0x8002cc60 x19=0x247fa133 PA:0x8002ccac load:0x247fa133
       33105000	      3211	80012352	050baa03	lw	x20,80(x23)	 x23:0x8002cc60 x20=0x00000000 PA:0x8002ccb0 load:0x00000000
       33115000	      3212	80012356	054baa83	lw	x21,84(x23)	 x23:0x8002cc60 x21=0x00000000 PA:0x8002ccb4 load:0x00000000
       33125000	      3213	8001235a	058bab03	lw	x22,88(x23)	 x23:0x8002cc60 x22=0x510c7012 PA:0x8002ccb8 load:0x510c7012
       33135000	      3214	8001235e	05cbab83	lw	x23,92(x23)	 x23:0x8002cc60 x23=0x8002cc60 PA:0x8002ccbc load:0x8002cc60
       33155000	      3216	80012362	060bac03	lw	x24,96(x23)	 x23:0x8002cc60 x24=0x80000000 PA:0x8002ccc0 load:0x80000000
       33165000	      3217	80012366	064bac83	lw	x25,100(x23)	 x23:0x8002cc60 x25=0x00110005 PA:0x8002ccc4 load:0x00110005
       33175000	      3218	8001236a	068bad03	lw	x26,104(x23)	 x23:0x8002cc60 x26=0x8001b229 PA:0x8002ccc8 load:0x8001b229
       33185000	      3219	8001236e	06cbad83	lw	x27,108(x23)	 x23:0x8002cc60 x27=0x00000000 PA:0x8002cccc load:0x00000000
       33195000	      3220	80012372	070bae03	lw	x28,112(x23)	 x23:0x8002cc60 x28=0x00000000 PA:0x8002ccd0 load:0x00000000
       33205000	      3221	80012376	074bae83	lw	x29,116(x23)	 x23:0x8002cc60 x29=0x00000001 PA:0x8002ccd4 load:0x00000001
       33215000	      3222	8001237a	078baf03	lw	x30,120(x23)	 x23:0x8002cc60 x30=0x00000000 PA:0x8002ccd8 load:0x00000000
       33225000	      3223	8001237e	07cbaf83	lw	x31,124(x23)	 x23:0x8002cc60 x31=0x0d742002 PA:0x8002ccdc load:0x0d742002
       33235000	      3224	80012382	080b8b93	addi	x23,x23,128	 x23:0x8002cc60 x23=0x8002cce0
       33245000	      3225	80012386	000b86b3	add	x13,x23,x0	 x23:0x8002cce0  x0:0x00000000 x13=0x8002cce0
       33255000	      3226	8001238a	0006ab83	lw	x23,0(x13)	 x13:0x8002cce0 x23=0x80028e64 PA:0x8002cce0 load:0x80028e64
       33265000	      3227	8001238e	0691	c.addi	x13,4	 x13:0x8002cce0 x13=0x8002cce4
       33275000	      3228	80012390	30200073	mret	
       33305000	      3231	800038d2	e795	c.bnez	x15,800038fe	 x15:0x80013665
       33365000	      3237	800038fe	02da9d33	mulh	x26,x21,x13	 x21:0x00000000 x13:0x8002cce4 x26=0x00000000
       33375000	      3238	80003902	01eb9933	sll	x18,x23,x30	 x23:0x80028e64 x30:0x00000000 x18=0x80028e64
       33385000	      3239	80003906	00012997	auipc	x19,0x12	 x19=0x80015906
       33395000	      3240	8000390a	dd498993	addi	x19,x19,-556	 x19:0x80015906 x19=0x800156da
       33405000	      3241	8000390e	0001a897	auipc	x17,0x1a	 x17=0x8001d90e
       33415000	      3242	80003912	b4e88893	addi	x17,x17,-1202	 x17:0x8001d90e x17=0x8001d45c
       33425000	      3243	80003916	00988003	lb	x0,9(x17)	 x17:0x8001d45c  x0=0x00000000 PA:0x8001d465 load:0xffffffb7
       33435000	      3244	8000391a	fc48cf83	lbu	x31,-60(x17)	 x17:0x8001d45c x31=0x00000045 PA:0x8001d420 load:0x00000045
       33475000	      3248	8000272c	fd8fe06f	jal	x0,80000f04	  x0=0x00000000
       33495000	      3250	80000f04	16f1	c.addi	x13,-4	 x13:0x8002cce4 x13=0x8002cce0
       33505000	      3251	80000f06	0176a023	sw	x23,0(x13)	 x13:0x8002cce0 x23:0x80028e64 PA:0x8002cce0 store:0x80028e64 load:0x00000000
       33515000	      3252	80000f0a	00068bb3	add	x23,x13,x0	 x13:0x8002cce0  x0:0x00000000 x23=0x8002cce0
       33525000	      3253	80000f0e	f80b8b93	addi	x23,x23,-128	 x23:0x8002cce0 x23=0x8002cc60
       33535000	      3254	80000f12	001ba223	sw	x1,4(x23)	 x23:0x8002cc60  x1:0x71e77af6 PA:0x8002cc64 store:0x71e77af6 load:0x00000000
       33545000	      3255	80000f16	002ba423	sw	x2,8(x23)	 x23:0x8002cc60  x2:0xf2946000 PA:0x8002cc68 store:0xf2946000 load:0x00000000
       33555000	      3256	80000f1a	003ba623	sw	x3,12(x23)	 x23:0x8002cc60  x3:0x80000664 PA:0x8002cc6c store:0x80000664 load:0x00000000
       33565000	      3257	80000f1e	004ba823	sw	x4,16(x23)	 x23:0x8002cc60  x4:0xe9000000 PA:0x8002cc70 store:0xe9000000 load:0x00000000
       33575000	      3258	80000f22	005baa23	sw	x5,20(x23)	 x23:0x8002cc60  x5:0x8002cce4 PA:0x8002cc74 store:0x8002cce4 load:0x00000000
       33585000	      3259	80000f26	006bac23	sw	x6,24(x23)	 x23:0x8002cc60  x6:0xffffffff PA:0x8002cc78 store:0xffffffff load:0x00000000
       33595000	      3260	80000f2a	007bae23	sw	x7,28(x23)	 x23:0x8002cc60  x7:0x247fa134 PA:0x8002cc7c store:0x247fa134 load:0x00000000
       33605000	      3261	80000f2e	028ba023	sw	x8,32(x23)	 x23:0x8002cc60  x8:0x1bac2000 PA:0x8002cc80 store:0x1bac2000 load:0x00000000
       33615000	      3262	80000f32	029ba223	sw	x9,36(x23)	 x23:0x8002cc60  x9:0x00000001 PA:0x8002cc84 store:0x00000001 load:0x00000000
       33625000	      3263	80000f36	02aba423	sw	x10,40(x23)	 x23:0x8002cc60 x10:0xf2946000 PA:0x8002cc88 store:0xf2946000 load:0x00000000
       33635000	      3264	80000f3a	02bba623	sw	x11,44(x23)	 x23:0x8002cc60 x11:0xf1e8b1fd PA:0x8002cc8c store:0xf1e8b1fd load:0x00000000
       33645000	      3265	80000f3e	02cba823	sw	x12,48(x23)	 x23:0x8002cc60 x12:0x00000001 PA:0x8002cc90 store:0x00000001 load:0x00000000
       33655000	      3266	80000f42	02dbaa23	sw	x13,52(x23)	 x23:0x8002cc60 x13:0x8002cce0 PA:0x8002cc94 store:0x8002cce0 load:0x00000000
       33665000	      3267	80000f46	02ebac23	sw	x14,56(x23)	 x23:0x8002cc60 x14:0x00000000 PA:0x8002cc98 store:0x00000000 load:0x00000000
       33675000	      3268	80000f4a	02fbae23	sw	x15,60(x23)	 x23:0x8002cc60 x15:0x80013665 PA:0x8002cc9c store:0x80013665 load:0x00000000
       33685000	      3269	80000f4e	050ba023	sw	x16,64(x23)	 x23:0x8002cc60 x16:0x0000123f PA:0x8002cca0 store:0x0000123f load:0x00000000
       33695000	      3270	80000f52	051ba223	sw	x17,68(x23)	 x23:0x8002cc60 x17:0x8001d45c PA:0x8002cca4 store:0x8001d45c load:0x00000000
       33705000	      3271	80000f56	052ba423	sw	x18,72(x23)	 x23:0x8002cc60 x18:0x80028e64 PA:0x8002cca8 store:0x80028e64 load:0x00000000
       33715000	      3272	80000f5a	053ba623	sw	x19,76(x23)	 x23:0x8002cc60 x19:0x800156da PA:0x8002ccac store:0x800156da load:0x00000000
       33725000	      3273	80000f5e	054ba823	sw	x20,80(x23)	 x23:0x8002cc60 x20:0x00000000 PA:0x8002ccb0 store:0x00000000 load:0x00000000
       33735000	      3274	80000f62	055baa23	sw	x21,84(x23)	 x23:0x8002cc60 x21:0x00000000 PA:0x8002ccb4 store:0x00000000 load:0x00000000
       33745000	      3275	80000f66	056bac23	sw	x22,88(x23)	 x23:0x8002cc60 x22:0x510c7012 PA:0x8002ccb8 store:0x510c7012 load:0x00000000
       33755000	      3276	80000f6a	057bae23	sw	x23,92(x23)	 x23:0x8002cc60 x23:0x8002cc60 PA:0x8002ccbc store:0x8002cc60 load:0x00000000
       33765000	      3277	80000f6e	078ba023	sw	x24,96(x23)	 x23:0x8002cc60 x24:0x80000000 PA:0x8002ccc0 store:0x80000000 load:0x00000000
       33775000	      3278	80000f72	079ba223	sw	x25,100(x23)	 x23:0x8002cc60 x25:0x00110005 PA:0x8002ccc4 store:0x00110005 load:0x00000000
       33785000	      3279	80000f76	07aba423	sw	x26,104(x23)	 x23:0x8002cc60 x26:0x00000000 PA:0x8002ccc8 store:0x00000000 load:0x00000000
       33795000	      3280	80000f7a	07bba623	sw	x27,108(x23)	 x23:0x8002cc60 x27:0x00000000 PA:0x8002cccc store:0x00000000 load:0x00000000
       33805000	      3281	80000f7e	07cba823	sw	x28,112(x23)	 x23:0x8002cc60 x28:0x00000000 PA:0x8002ccd0 store:0x00000000 load:0x00000000
       33815000	      3282	80000f82	07dbaa23	sw	x29,116(x23)	 x23:0x8002cc60 x29:0x00000001 PA:0x8002ccd4 store:0x00000001 load:0x00000000
       33825000	      3283	80000f86	07ebac23	sw	x30,120(x23)	 x23:0x8002cc60 x30:0x00000000 PA:0x8002ccd8 store:0x00000000 load:0x00000000
       33835000	      3284	80000f8a	07fbae23	sw	x31,124(x23)	 x23:0x8002cc60 x31:0x00000045 PA:0x8002ccdc store:0x00000045 load:0x00000000
       33845000	      3285	80000f8e	000b86b3	add	x13,x23,x0	 x23:0x8002cc60  x0:0x00000000 x13=0x8002cc60
       33855000	      3286	80000f92	90000d37	lui	x26,0x90000	 x26=0x90000000
       33865000	      3287	80000f96	1d71	c.addi	x26,-4	 x26:0x90000000 x26=0x8ffffffc
       33875000	      3288	80000f98	4d99	c.li	x27,6	 x27=0x00000006
       33885000	      3289	80000f9a	0da2	c.slli	x27,0x8	 x27:0x00000006 x27=0x00000600
       33895000	      3290	80000f9c	000d8d93	addi	x27,x27,0	 x27:0x00000600 x27=0x00000600
       33905000	      3291	80000fa0	01bd2023	sw	x27,0(x26)	 x26:0x8ffffffc x27:0x00000600 PA:0x8ffffffc store:0x00000600 load:0x00000000
       33915000	      3292	80000fa4	34202df3	csrrs	x27,mcause,x0	  x0:0x00000000 x27=0x8000000b
       33925000	      3293	80000fa8	01fddd93	srli	x27,x27,0x1f	 x27:0x8000000b x27=0x00000001
       33935000	      3294	80000fac	060d8863	beq	x27,x0,8000101c	 x27:0x00000001  x0:0x00000000
       33945000	      3295	80000fb0	90000d37	lui	x26,0x90000	 x26=0x90000000
       33955000	      3296	80000fb4	1d71	c.addi	x26,-4	 x26:0x90000000 x26=0x8ffffffc
       33965000	      3297	80000fb6	30000d93	addi	x27,x0,768	  x0:0x00000000 x27=0x00000300
       33975000	      3298	80000fba	0da2	c.slli	x27,0x8	 x27:0x00000300 x27=0x00030000
       33985000	      3299	80000fbc	0d8d	c.addi	x27,3	 x27:0x00030000 x27=0x00030003
       33995000	      3300	80000fbe	01bd2023	sw	x27,0(x26)	 x26:0x8ffffffc x27:0x00030003 PA:0x8ffffffc store:0x00030003 load:0x00000000
       34005000	      3301	80000fc2	30002df3	csrrs	x27,mstatus,x0	  x0:0x00000000 x27=0x00000080
       34015000	      3302	80000fc6	01bd2023	sw	x27,0(x26)	 x26:0x8ffffffc x27:0x00000080 PA:0x8ffffffc store:0x00000080 load:0x00000000
       34025000	      3303	80000fca	90000d37	lui	x26,0x90000	 x26=0x90000000
       34035000	      3304	80000fce	1d71	c.addi	x26,-4	 x26:0x90000000 x26=0x8ffffffc
       34045000	      3305	80000fd0	34200d93	addi	x27,x0,834	  x0:0x00000000 x27=0x00000342
       34055000	      3306	80000fd4	0da2	c.slli	x27,0x8	 x27:0x00000342 x27=0x00034200
       34065000	      3307	80000fd6	0d8d	c.addi	x27,3	 x27:0x00034200 x27=0x00034203
       34075000	      3308	80000fd8	01bd2023	sw	x27,0(x26)	 x26:0x8ffffffc x27:0x00034203 PA:0x8ffffffc store:0x00034203 load:0x00000000
       34085000	      3309	80000fdc	34202df3	csrrs	x27,mcause,x0	  x0:0x00000000 x27=0x8000000b
       34095000	      3310	80000fe0	01bd2023	sw	x27,0(x26)	 x26:0x8ffffffc x27:0x8000000b PA:0x8ffffffc store:0x8000000b load:0x00000000
       34105000	      3311	80000fe4	90000d37	lui	x26,0x90000	 x26=0x90000000
       34115000	      3312	80000fe8	1d71	c.addi	x26,-4	 x26:0x90000000 x26=0x8ffffffc
       34125000	      3313	80000fea	30400d93	addi	x27,x0,772	  x0:0x00000000 x27=0x00000304
       34135000	      3314	80000fee	0da2	c.slli	x27,0x8	 x27:0x00000304 x27=0x00030400
       34145000	      3315	80000ff0	0d8d	c.addi	x27,3	 x27:0x00030400 x27=0x00030403
       34155000	      3316	80000ff2	01bd2023	sw	x27,0(x26)	 x26:0x8ffffffc x27:0x00030403 PA:0x8ffffffc store:0x00030403 load:0x00000000
       34165000	      3317	80000ff6	30402df3	csrrs	x27,mie,x0	  x0:0x00000000 x27=0x00360888
       34175000	      3318	80000ffa	01bd2023	sw	x27,0(x26)	 x26:0x8ffffffc x27:0x00360888 PA:0x8ffffffc store:0x00360888 load:0x00000000
       34185000	      3319	80000ffe	90000d37	lui	x26,0x90000	 x26=0x90000000
       34195000	      3320	80001002	1d71	c.addi	x26,-4	 x26:0x90000000 x26=0x8ffffffc
       34205000	      3321	80001004	34400d93	addi	x27,x0,836	  x0:0x00000000 x27=0x00000344
       34215000	      3322	80001008	0da2	c.slli	x27,0x8	 x27:0x00000344 x27=0x00034400
       34225000	      3323	8000100a	0d8d	c.addi	x27,3	 x27:0x00034400 x27=0x00034403
       34235000	      3324	8000100c	01bd2023	sw	x27,0(x26)	 x26:0x8ffffffc x27:0x00034403 PA:0x8ffffffc store:0x00034403 load:0x00000000
       34245000	      3325	80001010	34402df3	csrrs	x27,mip,x0	  x0:0x00000000 x27=0x00000000
       34255000	      3326	80001014	01bd2023	sw	x27,0(x26)	 x26:0x8ffffffc x27:0x00000000 PA:0x8ffffffc store:0x00000000 load:0x00000000
       34265000	      3327	80001018	2b41106f	jal	x0,800122cc	  x0=0x00000000
       34285000	      3329	800122cc	34002df3	csrrs	x27,mscratch,x0	  x0:0x00000000 x27=0x00000000
       34295000	      3330	800122d0	01b04663	blt	x0,x27,800122dc	  x0:0x00000000 x27:0x00000000
       34305000	      3331	800122d4	3400d073	csrrwi	x0,mscratch,1	  x0=0x00000000
       34315000	      3332	800122d8	30046073	csrrsi	x0,mstatus,8	  x0=0x00000000
       34345000	      3335	800122dc	34005073	csrrwi	x0,mscratch,0	  x0=0x00000000
       34355000	      3336	800122e0	30002df3	csrrs	x27,mstatus,x0	  x0:0x00000000 x27=0x00000088
       34365000	      3337	800122e4	30402df3	csrrs	x27,mie,x0	  x0:0x00000000 x27=0x00360888
       34375000	      3338	800122e8	34402df3	csrrs	x27,mip,x0	  x0:0x00000000 x27=0x00000000
       34385000	      3339	800122ec	344dbdf3	csrrc	x27,mip,x27	 x27:0x00000000 x27=0x00000000
       34415000	      3342	800122f0	90000d37	lui	x26,0x90000	 x26=0x90000000
       34425000	      3343	800122f4	1d71	c.addi	x26,-4	 x26:0x90000000 x26=0x8ffffffc
       34435000	      3344	800122f6	4d9d	c.li	x27,7	 x27=0x00000007
       34445000	      3345	800122f8	0da2	c.slli	x27,0x8	 x27:0x00000007 x27=0x00000700
       34455000	      3346	800122fa	000d8d93	addi	x27,x27,0	 x27:0x00000700 x27=0x00000700
       34465000	      3347	800122fe	01bd2023	sw	x27,0(x26)	 x26:0x8ffffffc x27:0x00000700 PA:0x8ffffffc store:0x00000700 load:0x00000000
       34475000	      3348	80012302	00068bb3	add	x23,x13,x0	 x13:0x8002cc60  x0:0x00000000 x23=0x8002cc60
       34485000	      3349	80012306	004ba083	lw	x1,4(x23)	 x23:0x8002cc60  x1=0x71e77af6 PA:0x8002cc64 load:0x71e77af6
       34495000	      3350	8001230a	008ba103	lw	x2,8(x23)	 x23:0x8002cc60  x2=0xf2946000 PA:0x8002cc68 load:0xf2946000
       34505000	      3351	8001230e	00cba183	lw	x3,12(x23)	 x23:0x8002cc60  x3=0x80000664 PA:0x8002cc6c load:0x80000664
       34515000	      3352	80012312	010ba203	lw	x4,16(x23)	 x23:0x8002cc60  x4=0xe9000000 PA:0x8002cc70 load:0xe9000000
       34525000	      3353	80012316	014ba283	lw	x5,20(x23)	 x23:0x8002cc60  x5=0x8002cce4 PA:0x8002cc74 load:0x8002cce4
       34535000	      3354	8001231a	018ba303	lw	x6,24(x23)	 x23:0x8002cc60  x6=0xffffffff PA:0x8002cc78 load:0xffffffff
       34545000	      3355	8001231e	01cba383	lw	x7,28(x23)	 x23:0x8002cc60  x7=0x247fa134 PA:0x8002cc7c load:0x247fa134
       34555000	      3356	80012322	020ba403	lw	x8,32(x23)	 x23:0x8002cc60  x8=0x1bac2000 PA:0x8002cc80 load:0x1bac2000
       34565000	      3357	80012326	024ba483	lw	x9,36(x23)	 x23:0x8002cc60  x9=0x00000001 PA:0x8002cc84 load:0x00000001
       34575000	      3358	8001232a	028ba503	lw	x10,40(x23)	 x23:0x8002cc60 x10=0xf2946000 PA:0x8002cc88 load:0xf2946000
       34585000	      3359	8001232e	02cba583	lw	x11,44(x23)	 x23:0x8002cc60 x11=0xf1e8b1fd PA:0x8002cc8c load:0xf1e8b1fd
       34595000	      3360	80012332	030ba603	lw	x12,48(x23)	 x23:0x8002cc60 x12=0x00000001 PA:0x8002cc90 load:0x00000001
       34605000	      3361	80012336	034ba683	lw	x13,52(x23)	 x23:0x8002cc60 x13=0x8002cce0 PA:0x8002cc94 load:0x8002cce0
       34615000	      3362	8001233a	038ba703	lw	x14,56(x23)	 x23:0x8002cc60 x14=0x00000000 PA:0x8002cc98 load:0x00000000
       34625000	      3363	8001233e	03cba783	lw	x15,60(x23)	 x23:0x8002cc60 x15=0x80013665 PA:0x8002cc9c load:0x80013665
       34635000	      3364	80012342	040ba803	lw	x16,64(x23)	 x23:0x8002cc60 x16=0x0000123f PA:0x8002cca0 load:0x0000123f
       34645000	      3365	80012346	044ba883	lw	x17,68(x23)	 x23:0x8002cc60 x17=0x8001d45c PA:0x8002cca4 load:0x8001d45c
       34655000	      3366	8001234a	048ba903	lw	x18,72(x23)	 x23:0x8002cc60 x18=0x80028e64 PA:0x8002cca8 load:0x80028e64
       34665000	      3367	8001234e	04cba983	lw	x19,76(x23)	 x23:0x8002cc60 x19=0x800156da PA:0x8002ccac load:0x800156da
       34675000	      3368	80012352	050baa03	lw	x20,80(x23)	 x23:0x8002cc60 x20=0x00000000 PA:0x8002ccb0 load:0x00000000
       34685000	      3369	80012356	054baa83	lw	x21,84(x23)	 x23:0x8002cc60 x21=0x00000000 PA:0x8002ccb4 load:0x00000000
       34695000	      3370	8001235a	058bab03	lw	x22,88(x23)	 x23:0x8002cc60 x22=0x510c7012 PA:0x8002ccb8 load:0x510c7012
       34705000	      3371	8001235e	05cbab83	lw	x23,92(x23)	 x23:0x8002cc60 x23=0x8002cc60 PA:0x8002ccbc load:0x8002cc60
       34725000	      3373	80012362	060bac03	lw	x24,96(x23)	 x23:0x8002cc60 x24=0x80000000 PA:0x8002ccc0 load:0x80000000
       34735000	      3374	80012366	064bac83	lw	x25,100(x23)	 x23:0x8002cc60 x25=0x00110005 PA:0x8002ccc4 load:0x00110005
       34745000	      3375	8001236a	068bad03	lw	x26,104(x23)	 x23:0x8002cc60 x26=0x00000000 PA:0x8002ccc8 load:0x00000000
       34755000	      3376	8001236e	06cbad83	lw	x27,108(x23)	 x23:0x8002cc60 x27=0x00000000 PA:0x8002cccc load:0x00000000
       34765000	      3377	80012372	070bae03	lw	x28,112(x23)	 x23:0x8002cc60 x28=0x00000000 PA:0x8002ccd0 load:0x00000000
       34775000	      3378	80012376	074bae83	lw	x29,116(x23)	 x23:0x8002cc60 x29=0x00000001 PA:0x8002ccd4 load:0x00000001
       34785000	      3379	8001237a	078baf03	lw	x30,120(x23)	 x23:0x8002cc60 x30=0x00000000 PA:0x8002ccd8 load:0x00000000
       34795000	      3380	8001237e	07cbaf83	lw	x31,124(x23)	 x23:0x8002cc60 x31=0x00000045 PA:0x8002ccdc load:0x00000045
       34805000	      3381	80012382	080b8b93	addi	x23,x23,128	 x23:0x8002cc60 x23=0x8002cce0
       34815000	      3382	80012386	000b86b3	add	x13,x23,x0	 x23:0x8002cce0  x0:0x00000000 x13=0x8002cce0
       34825000	      3383	8001238a	0006ab83	lw	x23,0(x13)	 x13:0x8002cce0 x23=0x80028e64 PA:0x8002cce0 load:0x80028e64
       34835000	      3384	8001238e	0691	c.addi	x13,4	 x13:0x8002cce0 x13=0x8002cce4
       34845000	      3385	80012390	30200073	mret	
       34885000	      3389	8000391e	ff29de83	lhu	x29,-14(x19)	 x19:0x800156da x29=0x00007a76 PA:0x800156cc load:0x00007a76
       34895000	      3390	80003922	ff88db03	lhu	x22,-8(x17)	 x17:0x8001d45c x22=0x00003a12 PA:0x8001d454 load:0x00003a12
       34905000	      3391	80003926	ff0880a3	sb	x16,-31(x17)	 x17:0x8001d45c x16:0x0000123f PA:0x8001d43d store:0x0000123f load:0x00000000
       34915000	      3392	8000392a	0188d303	lhu	x6,24(x17)	 x17:0x8001d45c  x6=0x00006059 PA:0x8001d474 load:0x00006059
       34925000	      3393	8000392e	0069ad83	lw	x27,6(x19)	 x19:0x800156da x27=0x64edbf80 PA:0x800156e0 load:0x64edbf80
       34935000	      3394	80003932	03e89083	lh	x1,62(x17)	 x17:0x8001d45c  x1=0xffff8308 PA:0x8001d49a load:0xffff8308
       34945000	      3395	80003936	00898003	lb	x0,8(x19)	 x19:0x800156da  x0=0x00000000 PA:0x800156e2 load:0xffffffed
       34955000	      3396	8000393a	0049c303	lbu	x6,4(x19)	 x19:0x800156da  x6=0x00000038 PA:0x800156de load:0x00000038
       34965000	      3397	8000393e	0398c303	lbu	x6,57(x17)	 x17:0x8001d45c  x6=0x0000001c PA:0x8001d495 load:0x0000001c
       34975000	      3398	80003942	fed8c183	lbu	x3,-19(x17)	 x17:0x8001d45c  x3=0x00000001 PA:0x8001d449 load:0x00000001
       34985000	      3399	80003946	fed89523	sh	x13,-22(x17)	 x17:0x8001d45c x13:0x8002cce4 PA:0x8001d446 store:0x8002cce4 load:0x00000000
       34995000	      3400	8000394a	ffa9dc03	lhu	x24,-6(x19)	 x19:0x800156da x24=0x00005de8 PA:0x800156d4 load:0x00005de8
       35005000	      3401	8000394e	ff498f03	lb	x30,-12(x19)	 x19:0x800156da x30=0xffffffeb PA:0x800156ce load:0xffffffeb
       35045000	      3405	8000272c	fd8fe06f	jal	x0,80000f04	  x0=0x00000000
       35065000	      3407	80000f04	16f1	c.addi	x13,-4	 x13:0x8002cce4 x13=0x8002cce0
       35075000	      3408	80000f06	0176a023	sw	x23,0(x13)	 x13:0x8002cce0 x23:0x80028e64 PA:0x8002cce0 store:0x80028e64 load:0x00000000
       35085000	      3409	80000f0a	00068bb3	add	x23,x13,x0	 x13:0x8002cce0  x0:0x00000000 x23=0x8002cce0
       35095000	      3410	80000f0e	f80b8b93	addi	x23,x23,-128	 x23:0x8002cce0 x23=0x8002cc60
       35105000	      3411	80000f12	001ba223	sw	x1,4(x23)	 x23:0x8002cc60  x1:0xffff8308 PA:0x8002cc64 store:0xffff8308 load:0x00000000
       35115000	      3412	80000f16	002ba423	sw	x2,8(x23)	 x23:0x8002cc60  x2:0xf2946000 PA:0x8002cc68 store:0xf2946000 load:0x00000000
       35125000	      3413	80000f1a	003ba623	sw	x3,12(x23)	 x23:0x8002cc60  x3:0x00000001 PA:0x8002cc6c store:0x00000001 load:0x00000000
       35135000	      3414	80000f1e	004ba823	sw	x4,16(x23)	 x23:0x8002cc60  x4:0xe9000000 PA:0x8002cc70 store:0xe9000000 load:0x00000000
       35145000	      3415	80000f22	005baa23	sw	x5,20(x23)	 x23:0x8002cc60  x5:0x8002cce4 PA:0x8002cc74 store:0x8002cce4 load:0x00000000
       35155000	      3416	80000f26	006bac23	sw	x6,24(x23)	 x23:0x8002cc60  x6:0x0000001c PA:0x8002cc78 store:0x0000001c load:0x00000000
       35165000	      3417	80000f2a	007bae23	sw	x7,28(x23)	 x23:0x8002cc60  x7:0x247fa134 PA:0x8002cc7c store:0x247fa134 load:0x00000000
       35175000	      3418	80000f2e	028ba023	sw	x8,32(x23)	 x23:0x8002cc60  x8:0x1bac2000 PA:0x8002cc80 store:0x1bac2000 load:0x00000000
       35185000	      3419	80000f32	029ba223	sw	x9,36(x23)	 x23:0x8002cc60  x9:0x00000001 PA:0x8002cc84 store:0x00000001 load:0x00000000
       35195000	      3420	80000f36	02aba423	sw	x10,40(x23)	 x23:0x8002cc60 x10:0xf2946000 PA:0x8002cc88 store:0xf2946000 load:0x00000000
       35205000	      3421	80000f3a	02bba623	sw	x11,44(x23)	 x23:0x8002cc60 x11:0xf1e8b1fd PA:0x8002cc8c store:0xf1e8b1fd load:0x00000000
       35215000	      3422	80000f3e	02cba823	sw	x12,48(x23)	 x23:0x8002cc60 x12:0x00000001 PA:0x8002cc90 store:0x00000001 load:0x00000000
       35225000	      3423	80000f42	02dbaa23	sw	x13,52(x23)	 x23:0x8002cc60 x13:0x8002cce0 PA:0x8002cc94 store:0x8002cce0 load:0x00000000
       35235000	      3424	80000f46	02ebac23	sw	x14,56(x23)	 x23:0x8002cc60 x14:0x00000000 PA:0x8002cc98 store:0x00000000 load:0x00000000
       35245000	      3425	80000f4a	02fbae23	sw	x15,60(x23)	 x23:0x8002cc60 x15:0x80013665 PA:0x8002cc9c store:0x80013665 load:0x00000000
       35255000	      3426	80000f4e	050ba023	sw	x16,64(x23)	 x23:0x8002cc60 x16:0x0000123f PA:0x8002cca0 store:0x0000123f load:0x00000000
       35265000	      3427	80000f52	051ba223	sw	x17,68(x23)	 x23:0x8002cc60 x17:0x8001d45c PA:0x8002cca4 store:0x8001d45c load:0x00000000
       35275000	      3428	80000f56	052ba423	sw	x18,72(x23)	 x23:0x8002cc60 x18:0x80028e64 PA:0x8002cca8 store:0x80028e64 load:0x00000000
       35285000	      3429	80000f5a	053ba623	sw	x19,76(x23)	 x23:0x8002cc60 x19:0x800156da PA:0x8002ccac store:0x800156da load:0x00000000
       35295000	      3430	80000f5e	054ba823	sw	x20,80(x23)	 x23:0x8002cc60 x20:0x00000000 PA:0x8002ccb0 store:0x00000000 load:0x00000000
       35305000	      3431	80000f62	055baa23	sw	x21,84(x23)	 x23:0x8002cc60 x21:0x00000000 PA:0x8002ccb4 store:0x00000000 load:0x00000000
       35315000	      3432	80000f66	056bac23	sw	x22,88(x23)	 x23:0x8002cc60 x22:0x00003a12 PA:0x8002ccb8 store:0x00003a12 load:0x00000000
       35325000	      3433	80000f6a	057bae23	sw	x23,92(x23)	 x23:0x8002cc60 x23:0x8002cc60 PA:0x8002ccbc store:0x8002cc60 load:0x00000000
       35335000	      3434	80000f6e	078ba023	sw	x24,96(x23)	 x23:0x8002cc60 x24:0x00005de8 PA:0x8002ccc0 store:0x00005de8 load:0x00000000
       35345000	      3435	80000f72	079ba223	sw	x25,100(x23)	 x23:0x8002cc60 x25:0x00110005 PA:0x8002ccc4 store:0x00110005 load:0x00000000
       35355000	      3436	80000f76	07aba423	sw	x26,104(x23)	 x23:0x8002cc60 x26:0x00000000 PA:0x8002ccc8 store:0x00000000 load:0x00000000
       35365000	      3437	80000f7a	07bba623	sw	x27,108(x23)	 x23:0x8002cc60 x27:0x64edbf80 PA:0x8002cccc store:0x64edbf80 load:0x00000000
       35375000	      3438	80000f7e	07cba823	sw	x28,112(x23)	 x23:0x8002cc60 x28:0x00000000 PA:0x8002ccd0 store:0x00000000 load:0x00000000
       35385000	      3439	80000f82	07dbaa23	sw	x29,116(x23)	 x23:0x8002cc60 x29:0x00007a76 PA:0x8002ccd4 store:0x00007a76 load:0x00000000
       35395000	      3440	80000f86	07ebac23	sw	x30,120(x23)	 x23:0x8002cc60 x30:0xffffffeb PA:0x8002ccd8 store:0xffffffeb load:0x00000000
       35405000	      3441	80000f8a	07fbae23	sw	x31,124(x23)	 x23:0x8002cc60 x31:0x00000045 PA:0x8002ccdc store:0x00000045 load:0x00000000
       35415000	      3442	80000f8e	000b86b3	add	x13,x23,x0	 x23:0x8002cc60  x0:0x00000000 x13=0x8002cc60
       35425000	      3443	80000f92	90000d37	lui	x26,0x90000	 x26=0x90000000
       35435000	      3444	80000f96	1d71	c.addi	x26,-4	 x26:0x90000000 x26=0x8ffffffc
       35445000	      3445	80000f98	4d99	c.li	x27,6	 x27=0x00000006
       35455000	      3446	80000f9a	0da2	c.slli	x27,0x8	 x27:0x00000006 x27=0x00000600
       35465000	      3447	80000f9c	000d8d93	addi	x27,x27,0	 x27:0x00000600 x27=0x00000600
       35475000	      3448	80000fa0	01bd2023	sw	x27,0(x26)	 x26:0x8ffffffc x27:0x00000600 PA:0x8ffffffc store:0x00000600 load:0x00000000
       35485000	      3449	80000fa4	34202df3	csrrs	x27,mcause,x0	  x0:0x00000000 x27=0x8000000b
       35495000	      3450	80000fa8	01fddd93	srli	x27,x27,0x1f	 x27:0x8000000b x27=0x00000001
       35505000	      3451	80000fac	060d8863	beq	x27,x0,8000101c	 x27:0x00000001  x0:0x00000000
       35515000	      3452	80000fb0	90000d37	lui	x26,0x90000	 x26=0x90000000
       35525000	      3453	80000fb4	1d71	c.addi	x26,-4	 x26:0x90000000 x26=0x8ffffffc
       35535000	      3454	80000fb6	30000d93	addi	x27,x0,768	  x0:0x00000000 x27=0x00000300
       35545000	      3455	80000fba	0da2	c.slli	x27,0x8	 x27:0x00000300 x27=0x00030000
       35555000	      3456	80000fbc	0d8d	c.addi	x27,3	 x27:0x00030000 x27=0x00030003
       35565000	      3457	80000fbe	01bd2023	sw	x27,0(x26)	 x26:0x8ffffffc x27:0x00030003 PA:0x8ffffffc store:0x00030003 load:0x00000000
       35575000	      3458	80000fc2	30002df3	csrrs	x27,mstatus,x0	  x0:0x00000000 x27=0x00000080
       35585000	      3459	80000fc6	01bd2023	sw	x27,0(x26)	 x26:0x8ffffffc x27:0x00000080 PA:0x8ffffffc store:0x00000080 load:0x00000000
       35595000	      3460	80000fca	90000d37	lui	x26,0x90000	 x26=0x90000000
       35605000	      3461	80000fce	1d71	c.addi	x26,-4	 x26:0x90000000 x26=0x8ffffffc
       35615000	      3462	80000fd0	34200d93	addi	x27,x0,834	  x0:0x00000000 x27=0x00000342
       35625000	      3463	80000fd4	0da2	c.slli	x27,0x8	 x27:0x00000342 x27=0x00034200
       35635000	      3464	80000fd6	0d8d	c.addi	x27,3	 x27:0x00034200 x27=0x00034203
       35645000	      3465	80000fd8	01bd2023	sw	x27,0(x26)	 x26:0x8ffffffc x27:0x00034203 PA:0x8ffffffc store:0x00034203 load:0x00000000
       35655000	      3466	80000fdc	34202df3	csrrs	x27,mcause,x0	  x0:0x00000000 x27=0x8000000b
       35665000	      3467	80000fe0	01bd2023	sw	x27,0(x26)	 x26:0x8ffffffc x27:0x8000000b PA:0x8ffffffc store:0x8000000b load:0x00000000
       35675000	      3468	80000fe4	90000d37	lui	x26,0x90000	 x26=0x90000000
       35685000	      3469	80000fe8	1d71	c.addi	x26,-4	 x26:0x90000000 x26=0x8ffffffc
       35695000	      3470	80000fea	30400d93	addi	x27,x0,772	  x0:0x00000000 x27=0x00000304
       35705000	      3471	80000fee	0da2	c.slli	x27,0x8	 x27:0x00000304 x27=0x00030400
       35715000	      3472	80000ff0	0d8d	c.addi	x27,3	 x27:0x00030400 x27=0x00030403
       35725000	      3473	80000ff2	01bd2023	sw	x27,0(x26)	 x26:0x8ffffffc x27:0x00030403 PA:0x8ffffffc store:0x00030403 load:0x00000000
       35735000	      3474	80000ff6	30402df3	csrrs	x27,mie,x0	  x0:0x00000000 x27=0x00360888
       35745000	      3475	80000ffa	01bd2023	sw	x27,0(x26)	 x26:0x8ffffffc x27:0x00360888 PA:0x8ffffffc store:0x00360888 load:0x00000000
       35755000	      3476	80000ffe	90000d37	lui	x26,0x90000	 x26=0x90000000
       35765000	      3477	80001002	1d71	c.addi	x26,-4	 x26:0x90000000 x26=0x8ffffffc
       35775000	      3478	80001004	34400d93	addi	x27,x0,836	  x0:0x00000000 x27=0x00000344
       35785000	      3479	80001008	0da2	c.slli	x27,0x8	 x27:0x00000344 x27=0x00034400
       35795000	      3480	8000100a	0d8d	c.addi	x27,3	 x27:0x00034400 x27=0x00034403
       35805000	      3481	8000100c	01bd2023	sw	x27,0(x26)	 x26:0x8ffffffc x27:0x00034403 PA:0x8ffffffc store:0x00034403 load:0x00000000
       35815000	      3482	80001010	34402df3	csrrs	x27,mip,x0	  x0:0x00000000 x27=0x00000000
       35825000	      3483	80001014	01bd2023	sw	x27,0(x26)	 x26:0x8ffffffc x27:0x00000000 PA:0x8ffffffc store:0x00000000 load:0x00000000
       35835000	      3484	80001018	2b41106f	jal	x0,800122cc	  x0=0x00000000
       35855000	      3486	800122cc	34002df3	csrrs	x27,mscratch,x0	  x0:0x00000000 x27=0x00000000
       35865000	      3487	800122d0	01b04663	blt	x0,x27,800122dc	  x0:0x00000000 x27:0x00000000
       35875000	      3488	800122d4	3400d073	csrrwi	x0,mscratch,1	  x0=0x00000000
       35885000	      3489	800122d8	30046073	csrrsi	x0,mstatus,8	  x0=0x00000000
       35915000	      3492	800122dc	34005073	csrrwi	x0,mscratch,0	  x0=0x00000000
       35925000	      3493	800122e0	30002df3	csrrs	x27,mstatus,x0	  x0:0x00000000 x27=0x00000088
       35935000	      3494	800122e4	30402df3	csrrs	x27,mie,x0	  x0:0x00000000 x27=0x00360888
       35945000	      3495	800122e8	34402df3	csrrs	x27,mip,x0	  x0:0x00000000 x27=0x00000000
       35955000	      3496	800122ec	344dbdf3	csrrc	x27,mip,x27	 x27:0x00000000 x27=0x00000000
       35985000	      3499	800122f0	90000d37	lui	x26,0x90000	 x26=0x90000000
       35995000	      3500	800122f4	1d71	c.addi	x26,-4	 x26:0x90000000 x26=0x8ffffffc
       36005000	      3501	800122f6	4d9d	c.li	x27,7	 x27=0x00000007
       36015000	      3502	800122f8	0da2	c.slli	x27,0x8	 x27:0x00000007 x27=0x00000700
       36025000	      3503	800122fa	000d8d93	addi	x27,x27,0	 x27:0x00000700 x27=0x00000700
       36035000	      3504	800122fe	01bd2023	sw	x27,0(x26)	 x26:0x8ffffffc x27:0x00000700 PA:0x8ffffffc store:0x00000700 load:0x00000000
       36045000	      3505	80012302	00068bb3	add	x23,x13,x0	 x13:0x8002cc60  x0:0x00000000 x23=0x8002cc60
       36055000	      3506	80012306	004ba083	lw	x1,4(x23)	 x23:0x8002cc60  x1=0xffff8308 PA:0x8002cc64 load:0xffff8308
       36065000	      3507	8001230a	008ba103	lw	x2,8(x23)	 x23:0x8002cc60  x2=0xf2946000 PA:0x8002cc68 load:0xf2946000
       36075000	      3508	8001230e	00cba183	lw	x3,12(x23)	 x23:0x8002cc60  x3=0x00000001 PA:0x8002cc6c load:0x00000001
       36085000	      3509	80012312	010ba203	lw	x4,16(x23)	 x23:0x8002cc60  x4=0xe9000000 PA:0x8002cc70 load:0xe9000000
       36095000	      3510	80012316	014ba283	lw	x5,20(x23)	 x23:0x8002cc60  x5=0x8002cce4 PA:0x8002cc74 load:0x8002cce4
       36105000	      3511	8001231a	018ba303	lw	x6,24(x23)	 x23:0x8002cc60  x6=0x0000001c PA:0x8002cc78 load:0x0000001c
       36115000	      3512	8001231e	01cba383	lw	x7,28(x23)	 x23:0x8002cc60  x7=0x247fa134 PA:0x8002cc7c load:0x247fa134
       36125000	      3513	80012322	020ba403	lw	x8,32(x23)	 x23:0x8002cc60  x8=0x1bac2000 PA:0x8002cc80 load:0x1bac2000
       36135000	      3514	80012326	024ba483	lw	x9,36(x23)	 x23:0x8002cc60  x9=0x00000001 PA:0x8002cc84 load:0x00000001
       36145000	      3515	8001232a	028ba503	lw	x10,40(x23)	 x23:0x8002cc60 x10=0xf2946000 PA:0x8002cc88 load:0xf2946000
       36155000	      3516	8001232e	02cba583	lw	x11,44(x23)	 x23:0x8002cc60 x11=0xf1e8b1fd PA:0x8002cc8c load:0xf1e8b1fd
       36165000	      3517	80012332	030ba603	lw	x12,48(x23)	 x23:0x8002cc60 x12=0x00000001 PA:0x8002cc90 load:0x00000001
       36175000	      3518	80012336	034ba683	lw	x13,52(x23)	 x23:0x8002cc60 x13=0x8002cce0 PA:0x8002cc94 load:0x8002cce0
       36185000	      3519	8001233a	038ba703	lw	x14,56(x23)	 x23:0x8002cc60 x14=0x00000000 PA:0x8002cc98 load:0x00000000
       36195000	      3520	8001233e	03cba783	lw	x15,60(x23)	 x23:0x8002cc60 x15=0x80013665 PA:0x8002cc9c load:0x80013665
       36205000	      3521	80012342	040ba803	lw	x16,64(x23)	 x23:0x8002cc60 x16=0x0000123f PA:0x8002cca0 load:0x0000123f
       36215000	      3522	80012346	044ba883	lw	x17,68(x23)	 x23:0x8002cc60 x17=0x8001d45c PA:0x8002cca4 load:0x8001d45c
       36225000	      3523	8001234a	048ba903	lw	x18,72(x23)	 x23:0x8002cc60 x18=0x80028e64 PA:0x8002cca8 load:0x80028e64
       36235000	      3524	8001234e	04cba983	lw	x19,76(x23)	 x23:0x8002cc60 x19=0x800156da PA:0x8002ccac load:0x800156da
       36245000	      3525	80012352	050baa03	lw	x20,80(x23)	 x23:0x8002cc60 x20=0x00000000 PA:0x8002ccb0 load:0x00000000
       36255000	      3526	80012356	054baa83	lw	x21,84(x23)	 x23:0x8002cc60 x21=0x00000000 PA:0x8002ccb4 load:0x00000000
       36265000	      3527	8001235a	058bab03	lw	x22,88(x23)	 x23:0x8002cc60 x22=0x00003a12 PA:0x8002ccb8 load:0x00003a12
       36275000	      3528	8001235e	05cbab83	lw	x23,92(x23)	 x23:0x8002cc60 x23=0x8002cc60 PA:0x8002ccbc load:0x8002cc60
       36295000	      3530	80012362	060bac03	lw	x24,96(x23)	 x23:0x8002cc60 x24=0x00005de8 PA:0x8002ccc0 load:0x00005de8
       36305000	      3531	80012366	064bac83	lw	x25,100(x23)	 x23:0x8002cc60 x25=0x00110005 PA:0x8002ccc4 load:0x00110005
       36315000	      3532	8001236a	068bad03	lw	x26,104(x23)	 x23:0x8002cc60 x26=0x00000000 PA:0x8002ccc8 load:0x00000000
       36325000	      3533	8001236e	06cbad83	lw	x27,108(x23)	 x23:0x8002cc60 x27=0x64edbf80 PA:0x8002cccc load:0x64edbf80
       36335000	      3534	80012372	070bae03	lw	x28,112(x23)	 x23:0x8002cc60 x28=0x00000000 PA:0x8002ccd0 load:0x00000000
       36345000	      3535	80012376	074bae83	lw	x29,116(x23)	 x23:0x8002cc60 x29=0x00007a76 PA:0x8002ccd4 load:0x00007a76
       36355000	      3536	8001237a	078baf03	lw	x30,120(x23)	 x23:0x8002cc60 x30=0xffffffeb PA:0x8002ccd8 load:0xffffffeb
       36365000	      3537	8001237e	07cbaf83	lw	x31,124(x23)	 x23:0x8002cc60 x31=0x00000045 PA:0x8002ccdc load:0x00000045
       36375000	      3538	80012382	080b8b93	addi	x23,x23,128	 x23:0x8002cc60 x23=0x8002cce0
       36385000	      3539	80012386	000b86b3	add	x13,x23,x0	 x23:0x8002cce0  x0:0x00000000 x13=0x8002cce0
       36395000	      3540	8001238a	0006ab83	lw	x23,0(x13)	 x13:0x8002cce0 x23=0x80028e64 PA:0x8002cce0 load:0x80028e64
       36405000	      3541	8001238e	0691	c.addi	x13,4	 x13:0x8002cce0 x13=0x8002cce4
       36415000	      3542	80012390	30200073	mret	
       36455000	      3546	80003952	03f89e23	sh	x31,60(x17)	 x17:0x8001d45c x31:0x00000045 PA:0x8001d498 store:0x00000045 load:0x00000000
       36465000	      3547	80003956	0ff0000f	fence	iorw,iorw	
       36475000	      3548	8000395a	ffffd597	auipc	x11,0xffffd	 x11=0x8000095a
       36485000	      3549	8000395e	a1a58593	addi	x11,x11,-1510	 x11:0x8000095a x11=0x80000374
       36495000	      3550	80003962	00058067	jalr	x0,0(x11)	 x11:0x80000374  x0=0x00000000
       36515000	      3552	80000374	90000d37	lui	x26,0x90000	 x26=0x90000000
       36525000	      3553	80000378	1d61	c.addi	x26,-8	 x26:0x90000000 x26=0x8ffffff8
       36535000	      3554	8000037a	4d81	c.li	x27,0	 x27=0x00000000
       36545000	      3555	8000037c	0da2	c.slli	x27,0x8	 x27:0x00000000 x27=0x00000000
       36555000	      3556	8000037e	0d85	c.addi	x27,1	 x27:0x00000000 x27=0x00000001
       36565000	      3557	80000380	01bd2023	sw	x27,0(x26)	 x26:0x8ffffff8 x27:0x00000001 PA:0x8ffffff8 store:0x00000001 load:0x00000000
       36575000	      3558	80000384	00000073	ecall	
       36605000	      3561	80002700	0800006f	jal	x0,80002780	  x0=0x00000000
       36625000	      3563	80002780	16f1	c.addi	x13,-4	 x13:0x8002cce4 x13=0x8002cce0
       36635000	      3564	80002782	0176a023	sw	x23,0(x13)	 x13:0x8002cce0 x23:0x80028e64 PA:0x8002cce0 store:0x80028e64 load:0x00000000
