core   0: 0x80000080 (0x400013b7) lui     t2, 0x40001
core   0: 3 0x80000080 (0x400013b7) x7  0x40001000
core   0: 0x80000084 (0x10638393) addi    t2, t2, 262
core   0: 3 0x80000084 (0x10638393) x7  0x40001106
core   0: 0x80000088 (0x30139073) csrw    misa, t2
core   0: 3 0x80000088 (0x30139073) c769_misa 0x40901104
core   0: 0x8000008c (0x00026617) auipc   a2, 0x26
core   0: 3 0x8000008c (0x00026617) x12 0x8002608c
core   0: 0x80000090 (0xc5860613) addi    a2, a2, -936
core   0: 3 0x80000090 (0xc5860613) x12 0x80025ce4
core   0: 0x80000094 (0x00002397) auipc   t2, 0x2
core   0: 3 0x80000094 (0x00002397) x7  0x80002094
core   0: 0x80000098 (0x66c38393) addi    t2, t2, 1644
core   0: 3 0x80000098 (0x66c38393) x7  0x80002700
core   0: 0x8000009c (0x0013e393) ori     t2, t2, 1
core   0: 3 0x8000009c (0x0013e393) x7  0x80002701
core   0: 0x800000a0 (0x30539073) csrw    mtvec, t2
core   0: 3 0x800000a0 (0x30539073) c773_mtvec 0x80002701
core   0: 0x800000a4 (0x74725073) csrwi   mseccfg, 4
core   0: 3 0x800000a4 (0x74725073) c1863_mseccfg 0x00000004
core   0: 0x800000a8 (0x00003417) auipc   s0, 0x3
core   0: 3 0x800000a8 (0x00003417) x8  0x800030a8
core   0: 0x800000ac (0x41440413) addi    s0, s0, 1044
core   0: 3 0x800000ac (0x41440413) x8  0x800034bc
core   0: 0x800000b0 (0x00004381) c.li    t2, 0
core   0: 3 0x800000b0 (0x4381) x7  0x00000000
core   0: 0x800000b2 (0x0000941e) c.add   s0, t2
core   0: 3 0x800000b2 (0x941e) x8  0x800034bc
core   0: 0x800000b4 (0x00008009) c.srli  s0, 2
core   0: 3 0x800000b4 (0x8009) x8  0x20000d2f
core   0: 0x800000b6 (0x3b041073) csrw    pmpaddr0, s0
core   0: 3 0x800000b6 (0x3b041073) c944_pmpaddr0 0x20000d2f
core   0: 0x800000ba (0x00003417) auipc   s0, 0x3
core   0: 3 0x800000ba (0x00003417) x8  0x800030ba
core   0: 0x800000be (0x40240413) addi    s0, s0, 1026
core   0: 3 0x800000be (0x40240413) x8  0x800034bc
core   0: 0x800000c2 (0x111113b7) lui     t2, 0x11111
core   0: 3 0x800000c2 (0x111113b7) x7  0x11111000
core   0: 0x800000c6 (0x11138393) addi    t2, t2, 273
core   0: 3 0x800000c6 (0x11138393) x7  0x11111111
core   0: 0x800000ca (0x0000941e) c.add   s0, t2
core   0: 3 0x800000ca (0x941e) x8  0x911145cd
core   0: 0x800000cc (0x00008009) c.srli  s0, 2
core   0: 3 0x800000cc (0x8009) x8  0x24445173
core   0: 0x800000ce (0x3b141073) csrw    pmpaddr1, s0
core   0: 3 0x800000ce (0x3b141073) c945_pmpaddr1 0x24445173
core   0: 0x800000d2 (0x00003417) auipc   s0, 0x3
core   0: 3 0x800000d2 (0x00003417) x8  0x800030d2
core   0: 0x800000d6 (0x3ea40413) addi    s0, s0, 1002
core   0: 3 0x800000d6 (0x3ea40413) x8  0x800034bc
core   0: 0x800000da (0x222223b7) lui     t2, 0x22222
core   0: 3 0x800000da (0x222223b7) x7  0x22222000
core   0: 0x800000de (0x22238393) addi    t2, t2, 546
core   0: 3 0x800000de (0x22238393) x7  0x22222222
core   0: 0x800000e2 (0x0000941e) c.add   s0, t2
core   0: 3 0x800000e2 (0x941e) x8  0xa22256de
core   0: 0x800000e4 (0x00008009) c.srli  s0, 2
core   0: 3 0x800000e4 (0x8009) x8  0x288895b7
core   0: 0x800000e6 (0x3b241073) csrw    pmpaddr2, s0
core   0: 3 0x800000e6 (0x3b241073) c946_pmpaddr2 0x288895b7
core   0: 0x800000ea (0x00003417) auipc   s0, 0x3
core   0: 3 0x800000ea (0x00003417) x8  0x800030ea
core   0: 0x800000ee (0x3d240413) addi    s0, s0, 978
core   0: 3 0x800000ee (0x3d240413) x8  0x800034bc
core   0: 0x800000f2 (0x333333b7) lui     t2, 0x33333
core   0: 3 0x800000f2 (0x333333b7) x7  0x33333000
core   0: 0x800000f6 (0x33338393) addi    t2, t2, 819
core   0: 3 0x800000f6 (0x33338393) x7  0x33333333
core   0: 0x800000fa (0x0000941e) c.add   s0, t2
core   0: 3 0x800000fa (0x941e) x8  0xb33367ef
core   0: 0x800000fc (0x00008009) c.srli  s0, 2
core   0: 3 0x800000fc (0x8009) x8  0x2cccd9fb
core   0: 0x800000fe (0x3b341073) csrw    pmpaddr3, s0
core   0: 3 0x800000fe (0x3b341073) c947_pmpaddr3 0x2cccd9fb
core   0: 0x80000102 (0x0f0f1437) lui     s0, 0xf0f1
core   0: 3 0x80000102 (0x0f0f1437) x8  0x0f0f1000
core   0: 0x80000106 (0xf0f40413) addi    s0, s0, -241
core   0: 3 0x80000106 (0xf0f40413) x8  0x0f0f0f0f
core   0: 0x8000010a (0x3a041073) csrw    pmpcfg0, s0
core   0: 3 0x8000010a (0x3a041073) c928_pmpcfg0 0x0f0f0f0f
core   0: 0x8000010e (0x00003417) auipc   s0, 0x3
core   0: 3 0x8000010e (0x00003417) x8  0x8000310e
core   0: 0x80000112 (0x3ae40413) addi    s0, s0, 942
core   0: 3 0x80000112 (0x3ae40413) x8  0x800034bc
core   0: 0x80000116 (0x444443b7) lui     t2, 0x44444
core   0: 3 0x80000116 (0x444443b7) x7  0x44444000
core   0: 0x8000011a (0x44438393) addi    t2, t2, 1092
core   0: 3 0x8000011a (0x44438393) x7  0x44444444
core   0: 0x8000011e (0x0000941e) c.add   s0, t2
core   0: 3 0x8000011e (0x941e) x8  0xc4447900
core   0: 0x80000120 (0x00008009) c.srli  s0, 2
core   0: 3 0x80000120 (0x8009) x8  0x31111e40
core   0: 0x80000122 (0x3b441073) csrw    pmpaddr4, s0
core   0: 3 0x80000122 (0x3b441073) c948_pmpaddr4 0x31111e40
core   0: 0x80000126 (0x00003417) auipc   s0, 0x3
core   0: 3 0x80000126 (0x00003417) x8  0x80003126
core   0: 0x8000012a (0x39640413) addi    s0, s0, 918
core   0: 3 0x8000012a (0x39640413) x8  0x800034bc
core   0: 0x8000012e (0x555553b7) lui     t2, 0x55555
core   0: 3 0x8000012e (0x555553b7) x7  0x55555000
core   0: 0x80000132 (0x55538393) addi    t2, t2, 1365
core   0: 3 0x80000132 (0x55538393) x7  0x55555555
core   0: 0x80000136 (0x0000941e) c.add   s0, t2
core   0: 3 0x80000136 (0x941e) x8  0xd5558a11
core   0: 0x80000138 (0x00008009) c.srli  s0, 2
core   0: 3 0x80000138 (0x8009) x8  0x35556284
core   0: 0x8000013a (0x3b541073) csrw    pmpaddr5, s0
core   0: 3 0x8000013a (0x3b541073) c949_pmpaddr5 0x35556284
core   0: 0x8000013e (0x00003417) auipc   s0, 0x3
core   0: 3 0x8000013e (0x00003417) x8  0x8000313e
core   0: 0x80000142 (0x37e40413) addi    s0, s0, 894
core   0: 3 0x80000142 (0x37e40413) x8  0x800034bc
core   0: 0x80000146 (0x666663b7) lui     t2, 0x66666
core   0: 3 0x80000146 (0x666663b7) x7  0x66666000
core   0: 0x8000014a (0x66638393) addi    t2, t2, 1638
core   0: 3 0x8000014a (0x66638393) x7  0x66666666
core   0: 0x8000014e (0x0000941e) c.add   s0, t2
core   0: 3 0x8000014e (0x941e) x8  0xe6669b22
core   0: 0x80000150 (0x00008009) c.srli  s0, 2
core   0: 3 0x80000150 (0x8009) x8  0x3999a6c8
core   0: 0x80000152 (0x3b641073) csrw    pmpaddr6, s0
core   0: 3 0x80000152 (0x3b641073) c950_pmpaddr6 0x3999a6c8
core   0: 0x80000156 (0x00003417) auipc   s0, 0x3
core   0: 3 0x80000156 (0x00003417) x8  0x80003156
core   0: 0x8000015a (0x36640413) addi    s0, s0, 870
core   0: 3 0x8000015a (0x36640413) x8  0x800034bc
core   0: 0x8000015e (0x777773b7) lui     t2, 0x77777
core   0: 3 0x8000015e (0x777773b7) x7  0x77777000
core   0: 0x80000162 (0x77738393) addi    t2, t2, 1911
core   0: 3 0x80000162 (0x77738393) x7  0x77777777
core   0: 0x80000166 (0x0000941e) c.add   s0, t2
core   0: 3 0x80000166 (0x941e) x8  0xf777ac33
core   0: 0x80000168 (0x00008009) c.srli  s0, 2
core   0: 3 0x80000168 (0x8009) x8  0x3dddeb0c
core   0: 0x8000016a (0x3b741073) csrw    pmpaddr7, s0
core   0: 3 0x8000016a (0x3b741073) c951_pmpaddr7 0x3dddeb0c
core   0: 0x8000016e (0x0f0f1437) lui     s0, 0xf0f1
core   0: 3 0x8000016e (0x0f0f1437) x8  0x0f0f1000
core   0: 0x80000172 (0xf0f40413) addi    s0, s0, -241
core   0: 3 0x80000172 (0xf0f40413) x8  0x0f0f0f0f
core   0: 0x80000176 (0x3a141073) csrw    pmpcfg1, s0
core   0: 3 0x80000176 (0x3a141073) c929_pmpcfg1 0x0f0f0f0f
core   0: 0x8000017a (0x00003417) auipc   s0, 0x3
core   0: 3 0x8000017a (0x00003417) x8  0x8000317a
core   0: 0x8000017e (0x34240413) addi    s0, s0, 834
core   0: 3 0x8000017e (0x34240413) x8  0x800034bc
core   0: 0x80000182 (0x888893b7) lui     t2, 0x88889
core   0: 3 0x80000182 (0x888893b7) x7  0x88889000
core   0: 0x80000186 (0x88838393) addi    t2, t2, -1912
core   0: 3 0x80000186 (0x88838393) x7  0x88888888
core   0: 0x8000018a (0x0000941e) c.add   s0, t2
core   0: 3 0x8000018a (0x941e) x8  0x0888bd44
core   0: 0x8000018c (0x00008009) c.srli  s0, 2
core   0: 3 0x8000018c (0x8009) x8  0x02222f51
core   0: 0x8000018e (0x3b841073) csrw    pmpaddr8, s0
core   0: 3 0x8000018e (0x3b841073) c952_pmpaddr8 0x02222f51
core   0: 0x80000192 (0x00003417) auipc   s0, 0x3
core   0: 3 0x80000192 (0x00003417) x8  0x80003192
core   0: 0x80000196 (0x32a40413) addi    s0, s0, 810
core   0: 3 0x80000196 (0x32a40413) x8  0x800034bc
core   0: 0x8000019a (0x9999a3b7) lui     t2, 0x9999a
core   0: 3 0x8000019a (0x9999a3b7) x7  0x9999a000
core   0: 0x8000019e (0x99938393) addi    t2, t2, -1639
core   0: 3 0x8000019e (0x99938393) x7  0x99999999
core   0: 0x800001a2 (0x0000941e) c.add   s0, t2
core   0: 3 0x800001a2 (0x941e) x8  0x1999ce55
core   0: 0x800001a4 (0x00008009) c.srli  s0, 2
core   0: 3 0x800001a4 (0x8009) x8  0x06667395
core   0: 0x800001a6 (0x3b941073) csrw    pmpaddr9, s0
core   0: 3 0x800001a6 (0x3b941073) c953_pmpaddr9 0x06667395
core   0: 0x800001aa (0x00003417) auipc   s0, 0x3
core   0: 3 0x800001aa (0x00003417) x8  0x800031aa
core   0: 0x800001ae (0x31240413) addi    s0, s0, 786
core   0: 3 0x800001ae (0x31240413) x8  0x800034bc
core   0: 0x800001b2 (0xaaaab3b7) lui     t2, 0xaaaab
core   0: 3 0x800001b2 (0xaaaab3b7) x7  0xaaaab000
core   0: 0x800001b6 (0xaaa38393) addi    t2, t2, -1366
core   0: 3 0x800001b6 (0xaaa38393) x7  0xaaaaaaaa
core   0: 0x800001ba (0x0000941e) c.add   s0, t2
core   0: 3 0x800001ba (0x941e) x8  0x2aaadf66
core   0: 0x800001bc (0x00008009) c.srli  s0, 2
core   0: 3 0x800001bc (0x8009) x8  0x0aaab7d9
core   0: 0x800001be (0x3ba41073) csrw    pmpaddr10, s0
core   0: 3 0x800001be (0x3ba41073) c954_pmpaddr10 0x0aaab7d9
core   0: 0x800001c2 (0x00003417) auipc   s0, 0x3
core   0: 3 0x800001c2 (0x00003417) x8  0x800031c2
core   0: 0x800001c6 (0x2fa40413) addi    s0, s0, 762
core   0: 3 0x800001c6 (0x2fa40413) x8  0x800034bc
core   0: 0x800001ca (0xbbbbc3b7) lui     t2, 0xbbbbc
core   0: 3 0x800001ca (0xbbbbc3b7) x7  0xbbbbc000
core   0: 0x800001ce (0xbbb38393) addi    t2, t2, -1093
core   0: 3 0x800001ce (0xbbb38393) x7  0xbbbbbbbb
core   0: 0x800001d2 (0x0000941e) c.add   s0, t2
core   0: 3 0x800001d2 (0x941e) x8  0x3bbbf077
core   0: 0x800001d4 (0x00008009) c.srli  s0, 2
core   0: 3 0x800001d4 (0x8009) x8  0x0eeefc1d
core   0: 0x800001d6 (0x3bb41073) csrw    pmpaddr11, s0
core   0: 3 0x800001d6 (0x3bb41073) c955_pmpaddr11 0x0eeefc1d
core   0: 0x800001da (0x0f0f1437) lui     s0, 0xf0f1
core   0: 3 0x800001da (0x0f0f1437) x8  0x0f0f1000
core   0: 0x800001de (0xf0f40413) addi    s0, s0, -241
core   0: 3 0x800001de (0xf0f40413) x8  0x0f0f0f0f
core   0: 0x800001e2 (0x3a241073) csrw    pmpcfg2, s0
core   0: 3 0x800001e2 (0x3a241073) c930_pmpcfg2 0x0f0f0f0f
core   0: 0x800001e6 (0x00003417) auipc   s0, 0x3
core   0: 3 0x800001e6 (0x00003417) x8  0x800031e6
core   0: 0x800001ea (0x2d640413) addi    s0, s0, 726
core   0: 3 0x800001ea (0x2d640413) x8  0x800034bc
core   0: 0x800001ee (0xccccd3b7) lui     t2, 0xccccd
core   0: 3 0x800001ee (0xccccd3b7) x7  0xccccd000
core   0: 0x800001f2 (0xccc38393) addi    t2, t2, -820
core   0: 3 0x800001f2 (0xccc38393) x7  0xcccccccc
core   0: 0x800001f6 (0x0000941e) c.add   s0, t2
core   0: 3 0x800001f6 (0x941e) x8  0x4ccd0188
core   0: 0x800001f8 (0x00008009) c.srli  s0, 2
core   0: 3 0x800001f8 (0x8009) x8  0x13334062
core   0: 0x800001fa (0x3bc41073) csrw    pmpaddr12, s0
core   0: 3 0x800001fa (0x3bc41073) c956_pmpaddr12 0x13334062
core   0: 0x800001fe (0x00003417) auipc   s0, 0x3
core   0: 3 0x800001fe (0x00003417) x8  0x800031fe
core   0: 0x80000202 (0x2be40413) addi    s0, s0, 702
core   0: 3 0x80000202 (0x2be40413) x8  0x800034bc
core   0: 0x80000206 (0xdddde3b7) lui     t2, 0xdddde
core   0: 3 0x80000206 (0xdddde3b7) x7  0xdddde000
core   0: 0x8000020a (0xddd38393) addi    t2, t2, -547
core   0: 3 0x8000020a (0xddd38393) x7  0xdddddddd
core   0: 0x8000020e (0x0000941e) c.add   s0, t2
core   0: 3 0x8000020e (0x941e) x8  0x5dde1299
core   0: 0x80000210 (0x00008009) c.srli  s0, 2
core   0: 3 0x80000210 (0x8009) x8  0x177784a6
core   0: 0x80000212 (0x3bd41073) csrw    pmpaddr13, s0
core   0: 3 0x80000212 (0x3bd41073) c957_pmpaddr13 0x177784a6
core   0: 0x80000216 (0x00003417) auipc   s0, 0x3
core   0: 3 0x80000216 (0x00003417) x8  0x80003216
core   0: 0x8000021a (0x2a640413) addi    s0, s0, 678
core   0: 3 0x8000021a (0x2a640413) x8  0x800034bc
core   0: 0x8000021e (0xeeeef3b7) lui     t2, 0xeeeef
core   0: 3 0x8000021e (0xeeeef3b7) x7  0xeeeef000
core   0: 0x80000222 (0xeee38393) addi    t2, t2, -274
core   0: 3 0x80000222 (0xeee38393) x7  0xeeeeeeee
core   0: 0x80000226 (0x0000941e) c.add   s0, t2
core   0: 3 0x80000226 (0x941e) x8  0x6eef23aa
core   0: 0x80000228 (0x00008009) c.srli  s0, 2
core   0: 3 0x80000228 (0x8009) x8  0x1bbbc8ea
core   0: 0x8000022a (0x3be41073) csrw    pmpaddr14, s0
core   0: 3 0x8000022a (0x3be41073) c958_pmpaddr14 0x1bbbc8ea
core   0: 0x8000022e (0x00003417) auipc   s0, 0x3
core   0: 3 0x8000022e (0x00003417) x8  0x8000322e
core   0: 0x80000232 (0x28e40413) addi    s0, s0, 654
core   0: 3 0x80000232 (0x28e40413) x8  0x800034bc
core   0: 0x80000236 (0xfff00393) li      t2, -1
core   0: 3 0x80000236 (0xfff00393) x7  0xffffffff
core   0: 0x8000023a (0x0000941e) c.add   s0, t2
core   0: 3 0x8000023a (0x941e) x8  0x800034bb
core   0: 0x8000023c (0x00008009) c.srli  s0, 2
core   0: 3 0x8000023c (0x8009) x8  0x20000d2e
core   0: 0x8000023e (0x3bf41073) csrw    pmpaddr15, s0
core   0: 3 0x8000023e (0x3bf41073) c959_pmpaddr15 0x20000d2e
core   0: 0x80000242 (0x0f0f1437) lui     s0, 0xf0f1
core   0: 3 0x80000242 (0x0f0f1437) x8  0x0f0f1000
core   0: 0x80000246 (0xf0f40413) addi    s0, s0, -241
core   0: 3 0x80000246 (0xf0f40413) x8  0x0f0f0f0f
core   0: 0x8000024a (0x3a341073) csrw    pmpcfg3, s0
core   0: 3 0x8000024a (0x3a341073) c931_pmpcfg3 0x0f0f0f0f
core   0: 0x8000024e (0x00000397) auipc   t2, 0x0
core   0: 3 0x8000024e (0x00000397) x7  0x8000024e
core   0: 0x80000252 (0x05838393) addi    t2, t2, 88
core   0: 3 0x80000252 (0x05838393) x7  0x800002a6
core   0: 0x80000256 (0x34139073) csrw    mepc, t2
core   0: 3 0x80000256 (0x34139073) c833_mepc 0x800002a6
core   0: 0x8000025a (0x7c00d073) csrwi   cpuctrlsts, 1
core   0: 3 0x8000025a (0x7c00d073) c1984_cpuctrlsts 0x00000101
core   0: 0x8000025e (0x00006389) c.lui   t2, 0x2
core   0: 3 0x8000025e (0x6389) x7  0x00002000
core   0: 0x80000260 (0x80038393) addi    t2, t2, -2048
core   0: 3 0x80000260 (0x80038393) x7  0x00001800
core   0: 0x80000264 (0x30039073) csrw    mstatus, t2
core   0: 3 0x80000264 (0x30039073) c768_mstatus 0x00001800
core   0: 0x80000268 (0x00004381) c.li    t2, 0
core   0: 3 0x80000268 (0x4381) x7  0x00000000
core   0: 0x8000026a (0x30439073) csrw    mie, t2
core   0: 3 0x8000026a (0x30439073) c772_mie 0x00000000
core   0: 0x8000026e (0x90000cb7) lui     s9, 0x90000
core   0: 3 0x8000026e (0x90000cb7) x25 0x90000000
core   0: 0x80000272 (0x00001cf1) c.addi  s9, -4
core   0: 3 0x80000272 (0x1cf1) x25 0x8ffffffc
core   0: 0x80000274 (0x30000393) li      t2, 768
core   0: 3 0x80000274 (0x30000393) x7  0x00000300
core   0: 0x80000278 (0x000003a2) c.slli  t2, 8
core   0: 3 0x80000278 (0x03a2) x7  0x00030000
core   0: 0x8000027a (0x0000038d) c.addi  t2, 3
core   0: 3 0x8000027a (0x038d) x7  0x00030003
core   0: 0x8000027c (0x007ca023) sw      t2, 0(s9)
core   0: 3 0x8000027c (0x007ca023) mem 0x8ffffffc 0x00030003
core   0: 0x80000280 (0x300023f3) csrr    t2, mstatus
core   0: 3 0x80000280 (0x300023f3) x7  0x00001800
core   0: 0x80000284 (0x007ca023) sw      t2, 0(s9)
core   0: 3 0x80000284 (0x007ca023) mem 0x8ffffffc 0x00001800
core   0: 0x80000288 (0x90000cb7) lui     s9, 0x90000
core   0: 3 0x80000288 (0x90000cb7) x25 0x90000000
core   0: 0x8000028c (0x00001cf1) c.addi  s9, -4
core   0: 3 0x8000028c (0x1cf1) x25 0x8ffffffc
core   0: 0x8000028e (0x30400393) li      t2, 772
core   0: 3 0x8000028e (0x30400393) x7  0x00000304
core   0: 0x80000292 (0x000003a2) c.slli  t2, 8
core   0: 3 0x80000292 (0x03a2) x7  0x00030400
core   0: 0x80000294 (0x0000038d) c.addi  t2, 3
core   0: 3 0x80000294 (0x038d) x7  0x00030403
core   0: 0x80000296 (0x007ca023) sw      t2, 0(s9)
core   0: 3 0x80000296 (0x007ca023) mem 0x8ffffffc 0x00030403
core   0: 0x8000029a (0x304023f3) csrr    t2, mie
core   0: 3 0x8000029a (0x304023f3) x7  0x00000000
core   0: 0x8000029e (0x007ca023) sw      t2, 0(s9)
core   0: 3 0x8000029e (0x007ca023) mem 0x8ffffffc 0x00000000
core   0: 0x800002a2 (0x30200073) mret
core   0: 3 0x800002a2 (0x30200073) c768_mstatus 0x00000080
core   0: 0x800002a6 (0x80000037) lui     zero, 0x80000
core   0: 3 0x800002a6 (0x80000037)
core   0: 0x800002aa (0x00000001) c.nop
core   0: 3 0x800002aa (0x0001)
core   0: 0x800002ac (0x800000b7) lui     ra, 0x80000
core   0: 3 0x800002ac (0x800000b7) x1  0x80000000
core   0: 0x800002b0 (0xf63cf137) lui     sp, 0xf63cf
core   0: 3 0x800002b0 (0xf63cf137) x2  0xf63cf000
core   0: 0x800002b4 (0x95a10113) addi    sp, sp, -1702
core   0: 3 0x800002b4 (0x95a10113) x2  0xf63ce95a
core   0: 0x800002b8 (0xf6f701b7) lui     gp, 0xf6f70
core   0: 3 0x800002b8 (0xf6f701b7) x3  0xf6f70000
core   0: 0x800002bc (0xb9218193) addi    gp, gp, -1134
core   0: 3 0x800002bc (0xb9218193) x3  0xf6f6fb92
core   0: 0x800002c0 (0xfcbe8237) lui     tp, 0xfcbe8
core   0: 3 0x800002c0 (0xfcbe8237) x4  0xfcbe8000
core   0: 0x800002c4 (0x87520213) addi    tp, tp, -1931
core   0: 3 0x800002c4 (0x87520213) x4  0xfcbe7875
core   0: 0x800002c8 (0xf13802b7) lui     t0, 0xf1380
core   0: 3 0x800002c8 (0xf13802b7) x5  0xf1380000
core   0: 0x800002cc (0x92928293) addi    t0, t0, -1751
core   0: 3 0x800002cc (0x92928293) x5  0xf137f929
core   0: 0x800002d0 (0x00004311) c.li    t1, 4
core   0: 3 0x800002d0 (0x4311) x6  0x00000004
core   0: 0x800002d2 (0x00004399) c.li    t2, 6
core   0: 3 0x800002d2 (0x4399) x7  0x00000006
core   0: 0x800002d4 (0x80000437) lui     s0, 0x80000
core   0: 3 0x800002d4 (0x80000437) x8  0x80000000
core   0: 0x800002d8 (0x00004481) c.li    s1, 0
core   0: 3 0x800002d8 (0x4481) x9  0x00000000
core   0: 0x800002da (0x80000537) lui     a0, 0x80000
core   0: 3 0x800002da (0x80000537) x10 0x80000000
core   0: 0x800002de (0x800005b7) lui     a1, 0x80000
core   0: 3 0x800002de (0x800005b7) x11 0x80000000
core   0: 0x800002e2 (0x00004681) c.li    a3, 0
core   0: 3 0x800002e2 (0x4681) x13 0x00000000
core   0: 0x800002e4 (0xc5d10737) lui     a4, 0xc5d10
core   0: 3 0x800002e4 (0xc5d10737) x14 0xc5d10000
core   0: 0x800002e8 (0xb9670713) addi    a4, a4, -1130
core   0: 3 0x800002e8 (0xb9670713) x14 0xc5d0fb96
core   0: 0x800002ec (0x08f4b7b7) lui     a5, 0x8f4b
core   0: 3 0x800002ec (0x08f4b7b7) x15 0x08f4b000
core   0: 0x800002f0 (0x000017a9) c.addi  a5, -22
core   0: 3 0x800002f0 (0x17a9) x15 0x08f4afea
core   0: 0x800002f2 (0x00004801) c.li    a6, 0
core   0: 3 0x800002f2 (0x4801) x16 0x00000000
core   0: 0x800002f4 (0xf2d268b7) lui     a7, 0xf2d26
core   0: 3 0x800002f4 (0xf2d268b7) x17 0xf2d26000
core   0: 0x800002f8 (0x99a88893) addi    a7, a7, -1638
core   0: 3 0x800002f8 (0x99a88893) x17 0xf2d2599a
core   0: 0x800002fc (0xf04f5937) lui     s2, 0xf04f5
core   0: 3 0x800002fc (0xf04f5937) x18 0xf04f5000
core   0: 0x80000300 (0x51590913) addi    s2, s2, 1301
core   0: 3 0x80000300 (0x51590913) x18 0xf04f5515
core   0: 0x80000304 (0x00004991) c.li    s3, 4
core   0: 3 0x80000304 (0x4991) x19 0x00000004
core   0: 0x80000306 (0x80000a37) lui     s4, 0x80000
core   0: 3 0x80000306 (0x80000a37) x20 0x80000000
core   0: 0x8000030a (0x00004a81) c.li    s5, 0
core   0: 3 0x8000030a (0x4a81) x21 0x00000000
core   0: 0x8000030c (0xf9d9fb37) lui     s6, 0xf9d9f
core   0: 3 0x8000030c (0xf9d9fb37) x22 0xf9d9f000
core   0: 0x80000310 (0x3d9b0b13) addi    s6, s6, 985
core   0: 3 0x80000310 (0x3d9b0b13) x22 0xf9d9f3d9
core   0: 0x80000314 (0x80000bb7) lui     s7, 0x80000
core   0: 3 0x80000314 (0x80000bb7) x23 0x80000000
core   0: 0x80000318 (0xf0a97c37) lui     s8, 0xf0a97
core   0: 3 0x80000318 (0xf0a97c37) x24 0xf0a97000
core   0: 0x8000031c (0xddfc0c13) addi    s8, s8, -545
core   0: 3 0x8000031c (0xddfc0c13) x24 0xf0a96ddf
core   0: 0x80000320 (0xf4cc3cb7) lui     s9, 0xf4cc3
core   0: 3 0x80000320 (0xf4cc3cb7) x25 0xf4cc3000
core   0: 0x80000324 (0xbcfc8c93) addi    s9, s9, -1073
core   0: 3 0x80000324 (0xbcfc8c93) x25 0xf4cc2bcf
core   0: 0x80000328 (0x00004d01) c.li    s10, 0
core   0: 3 0x80000328 (0x4d01) x26 0x00000000
core   0: 0x8000032a (0xf8832db7) lui     s11, 0xf8832
core   0: 3 0x8000032a (0xf8832db7) x27 0xf8832000
core   0: 0x8000032e (0xce3d8d93) addi    s11, s11, -797
core   0: 3 0x8000032e (0xce3d8d93) x27 0xf8831ce3
core   0: 0x80000332 (0x00004e81) c.li    t4, 0
core   0: 3 0x80000332 (0x4e81) x29 0x00000000
core   0: 0x80000334 (0xfc6dbf37) lui     t5, 0xfc6db
core   0: 3 0x80000334 (0xfc6dbf37) x30 0xfc6db000
core   0: 0x80000338 (0x9b3f0f13) addi    t5, t5, -1613
core   0: 3 0x80000338 (0x9b3f0f13) x30 0xfc6da9b3
core   0: 0x8000033c (0x80000fb7) lui     t6, 0x80000
core   0: 3 0x8000033c (0x80000fb7) x31 0x80000000
core   0: 0x80000340 (0x00022e17) auipc   t3, 0x22
core   0: 3 0x80000340 (0x00022e17) x28 0x80022340
core   0: 0x80000344 (0xb24e0e13) addi    t3, t3, -1244
core   0: 3 0x80000344 (0xb24e0e13) x28 0x80021e64
core   0: 0x80000348 (0x90000cb7) lui     s9, 0x90000
core   0: 3 0x80000348 (0x90000cb7) x25 0x90000000
core   0: 0x8000034c (0x00001cf1) c.addi  s9, -4
core   0: 3 0x8000034c (0x1cf1) x25 0x8ffffffc
core   0: 0x8000034e (0x00004381) c.li    t2, 0
core   0: 3 0x8000034e (0x4381) x7  0x00000000
core   0: 0x80000350 (0x000003a2) c.slli  t2, 8
core   0: 3 0x80000350 (0x03a2) x7  0x00000000
core   0: 0x80000352 (0x00038393) mv      t2, t2
core   0: 3 0x80000352 (0x00038393) x7  0x00000000
core   0: 0x80000356 (0x007ca023) sw      t2, 0(s9)
core   0: 3 0x80000356 (0x007ca023) mem 0x8ffffffc 0x00000000
core   0: 0x8000035a (0x1620306f) j       pc + 0x3162
core   0: 3 0x8000035a (0x1620306f)
core   0: 0x800034bc (0xb4fbbd17) auipc   s10, 0xb4fbb
core   0: 3 0x800034bc (0xb4fbbd17) x26 0x34fbe4bc
core   0: 0x800034c0 (0x40cad113) srai    sp, s5, 12
core   0: 3 0x800034c0 (0x40cad113) x2  0x00000000
core   0: 0x800034c4 (0x019c6a33) or      s4, s8, s9
core   0: 3 0x800034c4 (0x019c6a33) x20 0xffffffff
core   0: 0x800034c8 (0x0000c585) c.beqz  a1, pc + 40
core   0: 3 0x800034c8 (0xc585)
core   0: 0x800034ca (0x024ab333) mulhu   t1, s5, tp
core   0: 3 0x800034ca (0x024ab333) x6  0x00000000
core   0: 0x800034ce (0x0000428d) c.li    t0, 3
core   0: 3 0x800034ce (0x428d) x5  0x00000003
core   0: 0x800034d0 (0x0000177d) c.addi  a4, -1
core   0: 3 0x800034d0 (0x177d) x14 0xc5d0fb95
core   0: 0x800034d2 (0x00719cb3) sll     s9, gp, t2
core   0: 3 0x800034d2 (0x00719cb3) x25 0xf6f6fb92
core   0: 0x800034d6 (0x015ea533) slt     a0, t4, s5
core   0: 3 0x800034d6 (0x015ea533) x10 0x00000000
core   0: 0x800034da (0x0040a733) slt     a4, ra, tp
core   0: 3 0x800034da (0x0040a733) x14 0x00000001
core   0: 0x800034de (0x00006fb9) c.lui   t6, 0xe
core   0: 3 0x800034de (0x6fb9) x31 0x0000e000
core   0: 0x800034e0 (0x34026173) csrrsi  sp, mscratch, 4
core   0: 3 0x800034e0 (0x34026173) x2  0x00000000 c832_mscratch 0x00000004
core   0: 0x800034e4 (0x01581eb3) sll     t4, a6, s5
core   0: 3 0x800034e4 (0x01581eb3) x29 0x00000000
core   0: 0x800034e8 (0x00626bb3) or      s7, tp, t1
core   0: 3 0x800034e8 (0x00626bb3) x23 0xfcbe7875
core   0: 0x800034ec (0x0201f8b3) remu    a7, gp, zero
core   0: 3 0x800034ec (0x0201f8b3) x17 0xf6f6fb92
core   0: 0x800034f0 (0x01414733) xor     a4, sp, s4
core   0: 3 0x800034f0 (0x01414733) x14 0xffffffff
core   0: 0x800034f4 (0x02d3cf63) blt     t2, a3, pc + 62
core   0: 3 0x800034f4 (0x02d3cf63)
core   0: 0x800034f8 (0x34006a73) csrrsi  s4, mscratch, 0
core   0: 3 0x800034f8 (0x34006a73) x20 0x00000004
core   0: 0x800034fc (0x0ff0000f) fence   iorw,iorw
core   0: 3 0x800034fc (0x0ff0000f)
core   0: 0x80003500 (0x037f7b63) bgeu    t5, s7, pc + 54
core   0: 3 0x80003500 (0x037f7b63)
core   0: 0x80003504 (0x01f2bd33) sltu    s10, t0, t6
core   0: 3 0x80003504 (0x01f2bd33) x26 0x00000001
core   0: 0x80003508 (0x20f43597) auipc   a1, 0x20f43
core   0: 3 0x80003508 (0x20f43597) x11 0xa0f46508
core   0: 0x8000350c (0x41c18bb3) sub     s7, gp, t3
core   0: 3 0x8000350c (0x41c18bb3) x23 0x76f4dd2e
core   0: 0x80003510 (0x0000717d) c.addi16sp sp, -16
core   0: 3 0x80003510 (0x717d) x2  0xfffffff0
core   0: 0x80003512 (0x40895fb3) sra     t6, s2, s0
core   0: 3 0x80003512 (0x40895fb3) x31 0xf04f5515
core   0: 0x80003516 (0x0000100f) fence.i
core   0: 3 0x80003516 (0x0000100f)
core   0: 0x8000351a (0xb0be0d13) addi    s10, t3, -1269
core   0: 3 0x8000351a (0xb0be0d13) x26 0x8002196f
core   0: 0x8000351e (0x026379b3) remu    s3, t1, t1
core   0: 3 0x8000351e (0x026379b3) x19 0x00000000
core   0: 0x80003522 (0x3407d6f3) csrrwi  a3, mscratch, 15
core   0: 3 0x80003522 (0x3407d6f3) x13 0x00000004 c832_mscratch 0x0000000f
core   0: 0x80003526 (0x00129913) slli    s2, t0, 1
core   0: 3 0x80003526 (0x00129913) x18 0x00000006
core   0: 0x8000352a (0x00006139) c.addi16sp sp, 448
core   0: 3 0x8000352a (0x6139) x2  0x000001b0
core   0: 0x8000352c (0x00008ab6) c.mv    s5, a3
core   0: 3 0x8000352c (0x8ab6) x21 0x00000004
core   0: 0x8000352e (0x011660b3) or      ra, a2, a7
core   0: 3 0x8000352e (0x011660b3) x1  0xf6f6fff6
core   0: 0x80003532 (0x05cce163) bltu    s9, t3, pc + 66
core   0: 3 0x80003532 (0x05cce163)
core   0: 0x80003536 (0x01083cb3) sltu    s9, a6, a6
core   0: 3 0x80003536 (0x01083cb3) x25 0x00000000
core   0: 0x8000353a (0x0000c111) c.beqz  a0, pc + 4
core   0: 3 0x8000353a (0xc111)
core   0: 0x8000353e (0x0278b4b3) mulhu   s1, a7, t2
core   0: 3 0x8000353e (0x0278b4b3) x9  0x00000000
core   0: 0x80003542 (0x00009af2) c.add   s5, t3
core   0: 3 0x80003542 (0x9af2) x21 0x80021e68
core   0: 0x80003544 (0x03d6f3b3) remu    t2, a3, t4
core   0: 3 0x80003544 (0x03d6f3b3) x7  0x00000004
core   0: 0x80003548 (0x24b7aa93) slti    s5, a5, 587
core   0: 3 0x80003548 (0x24b7aa93) x21 0x00000000
core   0: 0x8000354c (0xcedcbd93) sltiu   s11, s9, -787
core   0: 3 0x8000354c (0xcedcbd93) x27 0x00000001
core   0: 0x80003550 (0x340ff2f3) csrrci  t0, mscratch, 31
core   0: 3 0x80003550 (0x340ff2f3) x5  0x0000000f c832_mscratch 0x00000000
core   0: 0x80003554 (0x000042b1) c.li    t0, 12
core   0: 3 0x80003554 (0x42b1) x5  0x0000000c
core   0: 0x80003556 (0x054f9063) bne     t6, s4, pc + 64
core   0: 3 0x80003556 (0x054f9063)
core   0: 0x80003596 (0x00a09533) sll     a0, ra, a0
core   0: 3 0x80003596 (0x00a09533) x10 0xf6f6fff6
core   0: 0x8000359a (0x00008f31) c.xor   a4, a2
core   0: 3 0x8000359a (0x8f31) x14 0x7ffda31b
core   0: 0x8000359c (0x007ae663) bltu    s5, t2, pc + 12
core   0: 3 0x8000359c (0x007ae663)
core   0: 0x800035a8 (0x00009f9e) c.add   t6, t2
core   0: 3 0x800035a8 (0x9f9e) x31 0xf04f5519
core   0: 0x800035aa (0x00f1f263) bgeu    gp, a5, pc + 4
core   0: 3 0x800035aa (0x00f1f263)
core   0: 0x800035ae (0x340b1d73) csrrw   s10, mscratch, s6
core   0: 3 0x800035ae (0x340b1d73) x26 0x00000000 c832_mscratch 0xf9d9f3d9
core   0: 0x800035b2 (0x415484b3) sub     s1, s1, s5
core   0: 3 0x800035b2 (0x415484b3) x9  0x00000000
core   0: 0x800035b6 (0x0218fc33) remu    s8, a7, ra
core   0: 3 0x800035b6 (0x0218fc33) x24 0xf6f6fb92
core   0: 0x800035ba (0x00008396) c.mv    t2, t0
core   0: 3 0x800035ba (0x8396) x7  0x0000000c
core   0: 0x800035bc (0x004b7a63) bgeu    s6, tp, pc + 20
core   0: 3 0x800035bc (0x004b7a63)
core   0: 0x800035c0 (0x0000e38d) c.bnez  a5, pc + 34
core   0: 3 0x800035c0 (0xe38d)
core   0: 0x800035e2 (0x00000001) c.nop
core   0: 3 0x800035e2 (0x0001)
core   0: 0x800035e4 (0x0000818d) c.srli  a1, 3
core   0: 3 0x800035e4 (0x818d) x11 0x141e8ca1
core   0: 0x800035e6 (0x02628b33) mul     s6, t0, t1
core   0: 3 0x800035e6 (0x02628b33) x22 0x00000000
core   0: 0x800035ea (0x01dda1b3) slt     gp, s11, t4
core   0: 3 0x800035ea (0x01dda1b3) x3  0x00000000
core   0: 0x800035ee (0x02570cb3) mul     s9, a4, t0
core   0: 3 0x800035ee (0x02570cb3) x25 0xffe3a544
core   0: 0x800035f2 (0x019425b3) slt     a1, s0, s9
core   0: 3 0x800035f2 (0x019425b3) x11 0x00000001
core   0: 0x800035f6 (0x405c0233) sub     tp, s8, t0
core   0: 3 0x800035f6 (0x405c0233) x4  0xf6f6fb86
core   0: 0x800035fa (0xa3db3e93) sltiu   t4, s6, -1475
core   0: 3 0x800035fa (0xa3db3e93) x29 0x00000001
core   0: 0x800035fe (0x00008c8d) c.sub   s1, a1
core   0: 3 0x800035fe (0x8c8d) x9  0xffffffff
core   0: 0x80003600 (0x3409f0f3) csrrci  ra, mscratch, 19
core   0: 3 0x80003600 (0x3409f0f3) x1  0xf9d9f3d9 c832_mscratch 0xf9d9f3c8
core   0: 0x80003604 (0x02c9a9b3) mulhsu  s3, s3, a2
core   0: 3 0x80003604 (0x02c9a9b3) x19 0x00000000
core   0: 0x80003608 (0x340d98f3) csrrw   a7, mscratch, s11
core   0: 3 0x80003608 (0x340d98f3) x17 0xf9d9f3c8 c832_mscratch 0x00000001
core   0: 0x8000360c (0x000008f5) c.addi  a7, 29
core   0: 3 0x8000360c (0x08f5) x17 0xf9d9f3e5
core   0: 0x8000360e (0x00181fb3) sll     t6, a6, ra
core   0: 3 0x8000360e (0x00181fb3) x31 0x00000000
core   0: 0x80003612 (0x0000177d) c.addi  a4, -1
core   0: 3 0x80003612 (0x177d) x14 0x7ffda31a
core   0: 0x80003614 (0x00000001) c.nop
core   0: 3 0x80003614 (0x0001)
core   0: 0x80003616 (0x340076f3) csrrci  a3, mscratch, 0
core   0: 3 0x80003616 (0x340076f3) x13 0x00000001
core   0: 0x8000361a (0x00006bb5) c.lui   s7, 0xd
core   0: 3 0x8000361a (0x6bb5) x23 0x0000d000
core   0: 0x8000361c (0x035c5eb3) divu    t4, s8, s5
core   0: 3 0x8000361c (0x035c5eb3) x29 0xffffffff
core   0: 0x80003620 (0x00000a46) c.slli  s4, 17
core   0: 3 0x80003620 (0x0a46) x20 0x00080000
core   0: 0x80003622 (0x00008f29) c.xor   a4, a0
core   0: 3 0x80003622 (0x8f29) x14 0x890b5cec
core   0: 0x80003624 (0x00006231) c.lui   tp, 0xc
core   0: 3 0x80003624 (0x6231) x4  0x0000c000
core   0: 0x80003626 (0x34003df3) csrrc   s11, mscratch, zero
core   0: 3 0x80003626 (0x34003df3) x27 0x00000001
core   0: 0x8000362a (0x00701cb3) sll     s9, zero, t2
core   0: 3 0x8000362a (0x00701cb3) x25 0x00000000
core   0: 0x8000362e (0x02d89563) bne     a7, a3, pc + 42
core   0: 3 0x8000362e (0x02d89563)
core   0: 0x80003658 (0x340bfff3) csrrci  t6, mscratch, 23
core   0: 3 0x80003658 (0x340bfff3) x31 0x00000001 c832_mscratch 0x00000000
core   0: 0x8000365c (0x0000830e) c.mv    t1, gp
core   0: 3 0x8000365c (0x830e) x6  0x00000000
core   0: 0x8000365e (0x00009b7d) c.andi  a4, -1
core   0: 3 0x8000365e (0x9b7d) x14 0x890b5cec
core   0: 0x80003660 (0x3409e573) csrrsi  a0, mscratch, 19
core   0: 3 0x80003660 (0x3409e573) x10 0x00000000 c832_mscratch 0x00000013
core   0: 0x80003664 (0x03de7db3) remu    s11, t3, t4
core   0: 3 0x80003664 (0x03de7db3) x27 0x80021e64
core   0: 0x80003668 (0x00008d31) c.xor   a0, a2
core   0: 3 0x80003668 (0x8d31) x10 0x80025ce4
core   0: 0x8000366a (0x014fa833) slt     a6, t6, s4
core   0: 3 0x8000366a (0x014fa833) x16 0x00000001
core   0: 0x8000366e (0x02ed5733) divu    a4, s10, a4
core   0: 3 0x8000366e (0x02ed5733) x14 0x00000000
core   0: 0x80003672 (0x0146eab3) or      s5, a3, s4
core   0: 3 0x80003672 (0x0146eab3) x21 0x00080001
core   0: 0x80003676 (0x7d338b13) addi    s6, t2, 2003
core   0: 3 0x80003676 (0x7d338b13) x22 0x000007df
core   0: 0x8000367a (0x409d5e93) srai    t4, s10, 9
core   0: 3 0x8000367a (0x409d5e93) x29 0x00000000
core   0: 0x8000367e (0x028f8263) beq     t6, s0, pc + 36
core   0: 3 0x8000367e (0x028f8263)
core   0: 0x80003682 (0x90e5eb13) ori     s6, a1, -1778
core   0: 3 0x80003682 (0x90e5eb13) x22 0xfffff90f
core   0: 0x80003686 (0x0375a4b3) mulhsu  s1, a1, s7
core   0: 3 0x80003686 (0x0375a4b3) x9  0x00000000
core   0: 0x8000368a (0x02cb5e63) bge     s6, a2, pc + 60
core   0: 3 0x8000368a (0x02cb5e63)
core   0: 0x800036c6 (0x000082e9) c.srli  a3, 26
core   0: 3 0x800036c6 (0x82e9) x13 0x00000000
core   0: 0x800036c8 (0x7b04c013) xori    zero, s1, 1968
core   0: 3 0x800036c8 (0x7b04c013)
core   0: 0x800036cc (0x00e55fb3) srl     t6, a0, a4
core   0: 3 0x800036cc (0x00e55fb3) x31 0x80025ce4
core   0: 0x800036d0 (0x00008f19) c.sub   a4, a4
core   0: 3 0x800036d0 (0x8f19) x14 0x00000000
core   0: 0x800036d2 (0x00778f63) beq     a5, t2, pc + 30
core   0: 3 0x800036d2 (0x00778f63)
core   0: 0x800036d6 (0x0000e3a9) c.bnez  a5, pc + 66
core   0: 3 0x800036d6 (0xe3a9)
core   0: 0x80003718 (0x01cc48b3) xor     a7, s8, t3
core   0: 3 0x80003718 (0x01cc48b3) x17 0x76f4e5f6
core   0: 0x8000371c (0x00000001) c.nop
core   0: 3 0x8000371c (0x0001)
core   0: 0x8000371e (0x02e2fdb3) remu    s11, t0, a4
core   0: 3 0x8000371e (0x02e2fdb3) x27 0x0000000c
core   0: 0x80003722 (0x00f3bd33) sltu    s10, t2, a5
core   0: 3 0x80003722 (0x00f3bd33) x26 0x00000001
core   0: 0x80003726 (0x006f8563) beq     t6, t1, pc + 10
core   0: 3 0x80003726 (0x006f8563)
core   0: 0x8000372a (0x00008eb5) c.xor   a3, a3
core   0: 3 0x8000372a (0x8eb5) x13 0x00000000
core   0: 0x8000372c (0x55aca093) slti    ra, s9, 1370
core   0: 3 0x8000372c (0x55aca093) x1  0x00000001
core   0: 0x80003730 (0x00000001) c.nop
core   0: 3 0x80003730 (0x0001)
core   0: 0x80003732 (0x3402d973) csrrwi  s2, mscratch, 5
core   0: 3 0x80003732 (0x3402d973) x18 0x00000013 c832_mscratch 0x00000005
core   0: 0x80003736 (0x34015df3) csrrwi  s11, mscratch, 2
core   0: 3 0x80003736 (0x34015df3) x27 0x00000005 c832_mscratch 0x00000002
core   0: 0x8000373a (0x0000100f) fence.i
core   0: 3 0x8000373a (0x0000100f)
core   0: 0x8000373e (0x00001b08) c.addi4spn a0, sp, 432
core   0: 3 0x8000373e (0x1b08) x10 0x00000360
core   0: 0x80003740 (0x00005dfd) c.li    s11, -1
core   0: 3 0x80003740 (0x5dfd) x27 0xffffffff
core   0: 0x80003742 (0x030faa33) mulhsu  s4, t6, a6
core   0: 3 0x80003742 (0x030faa33) x20 0xffffffff
core   0: 0x80003746 (0x00008fed) c.and   a5, a1
core   0: 3 0x80003746 (0x8fed) x15 0x00000000
core   0: 0x80003748 (0x011ed993) srli    s3, t4, 17
core   0: 3 0x80003748 (0x011ed993) x19 0x00000000
core   0: 0x8000374c (0x000040a5) c.li    ra, 9
core   0: 3 0x8000374c (0x40a5) x1  0x00000009
core   0: 0x8000374e (0x02b7e4b3) rem     s1, a5, a1
core   0: 3 0x8000374e (0x02b7e4b3) x9  0x00000000
core   0: 0x80003752 (0x01649233) sll     tp, s1, s6
core   0: 3 0x80003752 (0x01649233) x4  0x00000000
core   0: 0x80003756 (0x0158fb33) and     s6, a7, s5
core   0: 3 0x80003756 (0x0158fb33) x22 0x00000000
core   0: 0x8000375a (0x02517b33) remu    s6, sp, t0
core   0: 3 0x8000375a (0x02517b33) x22 0x00000000
core   0: 0x8000375e (0x02588b63) beq     a7, t0, pc + 54
core   0: 3 0x8000375e (0x02588b63)
core   0: 0x80003762 (0x00e0edb3) or      s11, ra, a4
core   0: 3 0x80003762 (0x00e0edb3) x27 0x00000009
core   0: 0x80003766 (0x000080de) c.mv    ra, s7
core   0: 3 0x80003766 (0x80de) x1  0x0000d000
core   0: 0x80003768 (0x000013fd) c.addi  t2, -1
core   0: 3 0x80003768 (0x13fd) x7  0x0000000b
core   0: 0x8000376a (0x0000e48d) c.bnez  s1, pc + 42
core   0: 3 0x8000376a (0xe48d)
core   0: 0x8000376c (0x029d7463) bgeu    s10, s1, pc + 40
core   0: 3 0x8000376c (0x029d7463)
core   0: 0x80003794 (0x00008d3a) c.mv    s10, a4
core   0: 3 0x80003794 (0x8d3a) x26 0x00000000
core   0: 0x80003796 (0x340ff873) csrrci  a6, mscratch, 31
core   0: 3 0x80003796 (0x340ff873) x16 0x00000002 c832_mscratch 0x00000000
core   0: 0x8000379a (0x340cf873) csrrci  a6, mscratch, 25
core   0: 3 0x8000379a (0x340cf873) x16 0x00000000 c832_mscratch 0x00000000
core   0: 0x8000379e (0x00006d55) c.lui   s10, 0x15
core   0: 3 0x8000379e (0x6d55) x26 0x00015000
core   0: 0x800037a0 (0x34039bf3) csrrw   s7, mscratch, t2
core   0: 3 0x800037a0 (0x34039bf3) x23 0x00000000 c832_mscratch 0x0000000b
core   0: 0x800037a4 (0x00008eb9) c.xor   a3, a4
core   0: 3 0x800037a4 (0x8eb9) x13 0x00000000
core   0: 0x800037a6 (0x340b9df3) csrrw   s11, mscratch, s7
core   0: 3 0x800037a6 (0x340b9df3) x27 0x0000000b c832_mscratch 0x00000000
core   0: 0x800037aa (0x34003ef3) csrrc   t4, mscratch, zero
core   0: 3 0x800037aa (0x34003ef3) x29 0x00000000
core   0: 0x800037ae (0x0000891d) c.andi  a0, 7
core   0: 3 0x800037ae (0x891d) x10 0x00000000
core   0: 0x800037b0 (0x548ec037) lui     zero, 0x548ec
core   0: 3 0x800037b0 (0x548ec037)
core   0: 0x800037b4 (0x2fafe297) auipc   t0, 0x2fafe
core   0: 3 0x800037b4 (0x2fafe297) x5  0xafb017b4
core   0: 0x800037b8 (0x00ef4b33) xor     s6, t5, a4
core   0: 3 0x800037b8 (0x00ef4b33) x22 0xfc6da9b3
core   0: 0x800037bc (0x3409d573) csrrwi  a0, mscratch, 19
core   0: 3 0x800037bc (0x3409d573) x10 0x00000000 c832_mscratch 0x00000013
core   0: 0x800037c0 (0x0392abb3) mulhsu  s7, t0, s9
core   0: 3 0x800037c0 (0x0392abb3) x23 0x00000000
core   0: 0x800037c4 (0x01b09133) sll     sp, ra, s11
core   0: 3 0x800037c4 (0x01b09133) x2  0x06800000
core   0: 0x800037c8 (0x34006173) csrrsi  sp, mscratch, 0
core   0: 3 0x800037c8 (0x34006173) x2  0x00000013
core   0: 0x800037cc (0x000087cd) c.srai  a5, 19
core   0: 3 0x800037cc (0x87cd) x15 0x00000000
core   0: 0x800037ce (0x017058b3) srl     a7, zero, s7
core   0: 3 0x800037ce (0x017058b3) x17 0x00000000
core   0: 0x800037d2 (0x0000871d) c.srai  a4, 7
core   0: 3 0x800037d2 (0x871d) x14 0x00000000
core   0: 0x800037d4 (0x1519f6b7) lui     a3, 0x1519f
core   0: 3 0x800037d4 (0x1519f6b7) x13 0x1519f000
core   0: 0x800037d8 (0x00008dc9) c.or    a1, a0
core   0: 3 0x800037d8 (0x8dc9) x11 0x00000001
core   0: 0x800037da (0x00000bc6) c.slli  s7, 17
core   0: 3 0x800037da (0x0bc6) x23 0x00000000
core   0: 0x800037dc (0x39a07117) auipc   sp, 0x39a07
core   0: 3 0x800037dc (0x39a07117) x2  0xb9a0a7dc
core   0: 0x800037e0 (0x018d0db3) add     s11, s10, s8
core   0: 3 0x800037e0 (0x018d0db3) x27 0xf6f84b92
core   0: 0x800037e4 (0x005b24b3) slt     s1, s6, t0
core   0: 3 0x800037e4 (0x005b24b3) x9  0x00000000
core   0: 0x800037e8 (0x00000aca) c.slli  s5, 18
core   0: 3 0x800037e8 (0x0aca) x21 0x00040000
core   0: 0x800037ea (0x00008c85) c.sub   s1, s1
core   0: 3 0x800037ea (0x8c85) x9  0x00000000
core   0: 0x800037ec (0x0ff0000f) fence   iorw,iorw
core   0: 3 0x800037ec (0x0ff0000f)
core   0: 0x800037f0 (0x000099fd) c.andi  a1, -1
core   0: 3 0x800037f0 (0x99fd) x11 0x00000001
core   0: 0x800037f2 (0x00006a99) c.lui   s5, 0x6
core   0: 3 0x800037f2 (0x6a99) x21 0x00006000
core   0: 0x800037f4 (0x340798f3) csrrw   a7, mscratch, a5
core   0: 3 0x800037f4 (0x340798f3) x17 0x00000013 c832_mscratch 0x00000000
core   0: 0x800037f8 (0x0000c09d) c.beqz  s1, pc + 38
core   0: 3 0x800037f8 (0xc09d)
core   0: 0x8000381e (0x0346dd33) divu    s10, a3, s4
core   0: 3 0x8000381e (0x0346dd33) x26 0x00000000
core   0: 0x80003822 (0x0149a933) slt     s2, s3, s4
core   0: 3 0x80003822 (0x0149a933) x18 0x00000000
core   0: 0x80003826 (0x02b24463) blt     tp, a1, pc + 40
core   0: 3 0x80003826 (0x02b24463)
core   0: 0x8000384e (0xc68b5937) lui     s2, 0xc68b5
core   0: 3 0x8000384e (0xc68b5937) x18 0xc68b5000
core   0: 0x80003852 (0x02983eb3) mulhu   t4, a6, s1
core   0: 3 0x80003852 (0x02983eb3) x29 0x00000000
core   0: 0x80003856 (0x0000059e) c.slli  a1, 7
core   0: 3 0x80003856 (0x059e) x11 0x00000080
core   0: 0x80003858 (0x027cb533) mulhu   a0, s9, t2
core   0: 3 0x80003858 (0x027cb533) x10 0x00000000
core   0: 0x8000385c (0x02461033) mulh    zero, a2, tp
core   0: 3 0x8000385c (0x02461033)
core   0: 0x80003860 (0x011f6563) bltu    t5, a7, pc + 10
core   0: 3 0x80003860 (0x011f6563)
core   0: 0x80003864 (0x340eb4f3) csrrc   s1, mscratch, t4
core   0: 3 0x80003864 (0x340eb4f3) x9  0x00000000 c832_mscratch 0x00000000
core   0: 0x80003868 (0x0000ce89) c.beqz  a3, pc + 26
core   0: 3 0x80003868 (0xce89)
core   0: 0x8000386a (0x340228f3) csrrs   a7, mscratch, tp
core   0: 3 0x8000386a (0x340228f3) x17 0x00000000 c832_mscratch 0x00000000
core   0: 0x8000386e (0x01745463) bge     s0, s7, pc + 8
core   0: 3 0x8000386e (0x01745463)
core   0: 0x80003872 (0x03725263) bge     tp, s7, pc + 36
core   0: 3 0x80003872 (0x03725263)
core   0: 0x80003896 (0x00e907b3) add     a5, s2, a4
core   0: 3 0x80003896 (0x00e907b3) x15 0xc68b5000
core   0: 0x8000389a (0x00008dc1) c.or    a1, s0
core   0: 3 0x8000389a (0x8dc1) x11 0x80000080
core   0: 0x8000389c (0x1bb37997) auipc   s3, 0x1bb37
core   0: 3 0x8000389c (0x1bb37997) x19 0x9bb3a89c
core   0: 0x800038a0 (0x34039773) csrrw   a4, mscratch, t2
core   0: 3 0x800038a0 (0x34039773) x14 0x00000000 c832_mscratch 0x0000000b
core   0: 0x800038a4 (0x39eda013) slti    zero, s11, 926
core   0: 3 0x800038a4 (0x39eda013)
core   0: 0x800038a8 (0x34076ef3) csrrsi  t4, mscratch, 14
core   0: 3 0x800038a8 (0x34076ef3) x29 0x0000000b c832_mscratch 0x0000000f
core   0: 0x800038ac (0x762d8f37) lui     t5, 0x762d8
core   0: 3 0x800038ac (0x762d8f37) x30 0x762d8000
core   0: 0x800038b0 (0x00006399) c.lui   t2, 0x6
core   0: 3 0x800038b0 (0x6399) x7  0x00006000
core   0: 0x800038b2 (0x23f2c237) lui     tp, 0x23f2c
core   0: 3 0x800038b2 (0x23f2c237) x4  0x23f2c000
core   0: 0x800038b6 (0x0000100f) fence.i
core   0: 3 0x800038b6 (0x0000100f)
core   0: 0x800038ba (0x03347213) andi    tp, s0, 51
core   0: 3 0x800038ba (0x03347213) x4  0x00000000
core   0: 0x800038be (0x034ccb33) div     s6, s9, s4
core   0: 3 0x800038be (0x034ccb33) x22 0x00000000
core   0: 0x800038c2 (0x34091073) csrw    mscratch, s2
core   0: 3 0x800038c2 (0x34091073) c832_mscratch 0xc68b5000
core   0: 0x800038c6 (0x02564c63) blt     a2, t0, pc + 56
core   0: 3 0x800038c6 (0x02564c63)
core   0: 0x800038fe (0x34015a73) csrrwi  s4, mscratch, 2
core   0: 3 0x800038fe (0x34015a73) x20 0xc68b5000 c832_mscratch 0x00000002
core   0: 0x80003902 (0x035997b3) mulh    a5, s3, s5
core   0: 3 0x80003902 (0x035997b3) x15 0xffffda63
core   0: 0x80003906 (0x000009a6) c.slli  s3, 9
core   0: 3 0x80003906 (0x09a6) x19 0x67513800
core   0: 0x80003908 (0x00298d33) add     s10, s3, sp
core   0: 3 0x80003908 (0x00298d33) x26 0x20f1dfdc
core   0: 0x8000390c (0x34011bf3) csrrw   s7, mscratch, sp
core   0: 3 0x8000390c (0x34011bf3) x23 0x00000002 c832_mscratch 0xb9a0a7dc
core   0: 0x80003910 (0x032e6133) rem     sp, t3, s2
core   0: 3 0x80003910 (0x032e6133) x2  0xf2eb7e64
core   0: 0x80003914 (0x02356363) bltu    a0, gp, pc + 38
core   0: 3 0x80003914 (0x02356363)
core   0: 0x80003918 (0x41865893) srai    a7, a2, 24
core   0: 3 0x80003918 (0x41865893) x17 0xffffff80
core   0: 0x8000391c (0x021ac333) div     t1, s5, ra
core   0: 3 0x8000391c (0x021ac333) x6  0x00000000
core   0: 0x80003920 (0x34007273) csrrci  tp, mscratch, 0
core   0: 3 0x80003920 (0x34007273) x4  0xb9a0a7dc
core   0: 0x80003924 (0x000000ad) c.addi  ra, 11
core   0: 3 0x80003924 (0x00ad) x1  0x0000d00b
core   0: 0x80003926 (0x34002173) csrr    sp, mscratch
core   0: 3 0x80003926 (0x34002173) x2  0xb9a0a7dc
core   0: 0x8000392a (0x00e068b3) or      a7, zero, a4
core   0: 3 0x8000392a (0x00e068b3) x17 0x00000000
core   0: 0x8000392e (0x025cc033) div     zero, s9, t0
core   0: 3 0x8000392e (0x025cc033)
core   0: 0x80003932 (0x0000cd11) c.beqz  a0, pc + 28
core   0: 3 0x80003932 (0xcd11)
core   0: 0x8000394e (0x03675763) bge     a4, s6, pc + 46
core   0: 3 0x8000394e (0x03675763)
core   0: 0x8000397c (0x012e08b3) add     a7, t3, s2
core   0: 3 0x8000397c (0x012e08b3) x17 0x468d6e64
core   0: 0x80003980 (0x00008cbd) c.xor   s1, a5
core   0: 3 0x80003980 (0x8cbd) x9  0xffffda63
core   0: 0x80003982 (0x000048d5) c.li    a7, 21
core   0: 3 0x80003982 (0x48d5) x17 0x00000015
core   0: 0x80003984 (0x000094de) c.add   s1, s7
core   0: 3 0x80003984 (0x94de) x9  0xffffda65
core   0: 0x80003986 (0xf3eba513) slti    a0, s7, -194
core   0: 3 0x80003986 (0xf3eba513) x10 0x00000000
core   0: 0x8000398a (0x00000001) c.nop
core   0: 3 0x8000398a (0x0001)
core   0: 0x8000398c (0x0265cdb3) div     s11, a1, t1
core   0: 3 0x8000398c (0x0265cdb3) x27 0xffffffff
core   0: 0x80003990 (0x0000100f) fence.i
core   0: 3 0x80003990 (0x0000100f)
core   0: 0x80003994 (0x01ded893) srli    a7, t4, 29
core   0: 3 0x80003994 (0x01ded893) x17 0x00000000
core   0: 0x80003998 (0x340070f3) csrrci  ra, mscratch, 0
core   0: 3 0x80003998 (0x340070f3) x1  0xb9a0a7dc
core   0: 0x8000399c (0x0294af33) mulhsu  t5, s1, s1
core   0: 3 0x8000399c (0x0294af33) x30 0xffffda65
core   0: 0x800039a0 (0x000086c5) c.srai  a3, 17
core   0: 3 0x800039a0 (0x86c5) x13 0x00000a8c
core   0: 0x800039a2 (0x01e40cb3) add     s9, s0, t5
core   0: 3 0x800039a2 (0x01e40cb3) x25 0x7fffda65
core   0: 0x800039a6 (0x34089a73) csrrw   s4, mscratch, a7
core   0: 3 0x800039a6 (0x34089a73) x20 0xb9a0a7dc c832_mscratch 0x00000000
core   0: 0x800039aa (0x408f51b3) sra     gp, t5, s0
core   0: 3 0x800039aa (0x408f51b3) x3  0xffffda65
core   0: 0x800039ae (0x00008ec5) c.or    a3, s1
core   0: 3 0x800039ae (0x8ec5) x13 0xffffdaed
core   0: 0x800039b0 (0x000098ce) c.add   a7, s3
core   0: 3 0x800039b0 (0x98ce) x17 0x67513800
core   0: 0x800039b2 (0x00008ea1) c.xor   a3, s0
core   0: 3 0x800039b2 (0x8ea1) x13 0x7fffdaed
core   0: 0x800039b4 (0x00efd263) bge     t6, a4, pc + 4
core   0: 3 0x800039b4 (0x00efd263)
core   0: 0x800039b8 (0xe819e313) ori     t1, s3, -383
core   0: 3 0x800039b8 (0xe819e313) x6  0xfffffe81
core   0: 0x800039bc (0x002bd363) bge     s7, sp, pc + 6
core   0: 3 0x800039bc (0x002bd363)
core   0: 0x800039c2 (0x34042873) csrrs   a6, mscratch, s0
core   0: 3 0x800039c2 (0x34042873) x16 0x00000000 c832_mscratch 0x80000000
core   0: 0x800039c6 (0x00c6ccb3) xor     s9, a3, a2
core   0: 3 0x800039c6 (0x00c6ccb3) x25 0xfffd8609
core   0: 0x800039ca (0x05d06363) bltu    zero, t4, pc + 70
core   0: 3 0x800039ca (0x05d06363)
core   0: 0x80003a10 (0x00009afd) c.andi  a3, -1
core   0: 3 0x80003a10 (0x9afd) x13 0x7fffdaed
core   0: 0x80003a12 (0x00008b41) c.andi  a4, 16
core   0: 3 0x80003a12 (0x8b41) x14 0x00000000
core   0: 0x80003a14 (0xbe107093) andi    ra, zero, -1055
core   0: 3 0x80003a14 (0xbe107093) x1  0x00000000
core   0: 0x80003a18 (0x1cd4a213) slti    tp, s1, 461
core   0: 3 0x80003a18 (0x1cd4a213) x4  0x00000001
core   0: 0x80003a1c (0x03f01133) mulh    sp, zero, t6
core   0: 3 0x80003a1c (0x03f01133) x2  0x00000000
core   0: 0x80003a20 (0x018ea333) slt     t1, t4, s8
core   0: 3 0x80003a20 (0x018ea333) x6  0x00000000
core   0: 0x80003a24 (0x02dfe9b3) rem     s3, t6, a3
core   0: 3 0x80003a24 (0x02dfe9b3) x19 0x80025ce4
core   0: 0x80003a28 (0x00009ea2) c.add   t4, s0
core   0: 3 0x80003a28 (0x9ea2) x29 0x8000000b
core   0: 0x80003a2a (0x340060f3) csrrsi  ra, mscratch, 0
core   0: 3 0x80003a2a (0x340060f3) x1  0x80000000
core   0: 0x80003a2e (0x055e6263) bltu    t3, s5, pc + 68
core   0: 3 0x80003a2e (0x055e6263)
core   0: 0x80003a32 (0x6e4ec1b7) lui     gp, 0x6e4ec
core   0: 3 0x80003a32 (0x6e4ec1b7) x3  0x6e4ec000
core   0: 0x80003a36 (0x00006139) c.addi16sp sp, 448
core   0: 3 0x80003a36 (0x6139) x2  0x000001c0
core   0: 0x80003a38 (0x000060c1) c.lui   ra, 0x10
core   0: 3 0x80003a38 (0x60c1) x1  0x00010000
core   0: 0x80003a3a (0x03139cb3) mulh    s9, t2, a7
core   0: 3 0x80003a3a (0x03139cb3) x25 0x000026be
core   0: 0x80003a3e (0x01343fb3) sltu    t6, s0, s3
core   0: 3 0x80003a3e (0x01343fb3) x31 0x00000001
core   0: 0x80003a42 (0xbe046493) ori     s1, s0, -1056
core   0: 3 0x80003a42 (0xbe046493) x9  0xfffffbe0
core   0: 0x80003a46 (0x340077f3) csrrci  a5, mscratch, 0
core   0: 3 0x80003a46 (0x340077f3) x15 0x80000000
core   0: 0x80003a4a (0x0000c50d) c.beqz  a0, pc + 42
core   0: 3 0x80003a4a (0xc50d)
core   0: 0x80003a74 (0x340669f3) csrrsi  s3, mscratch, 12
core   0: 3 0x80003a74 (0x340669f3) x19 0x80000000 c832_mscratch 0x8000000c
core   0: 0x80003a78 (0x3404d8f3) csrrwi  a7, mscratch, 9
core   0: 3 0x80003a78 (0x3404d8f3) x17 0x8000000c c832_mscratch 0x00000009
core   0: 0x80003a7c (0x1ac6aa93) slti    s5, a3, 428
core   0: 3 0x80003a7c (0x1ac6aa93) x21 0x00000000
core   0: 0x80003a80 (0x0000100f) fence.i
core   0: 3 0x80003a80 (0x0000100f)
core   0: 0x80003a84 (0x00000522) c.slli  a0, 8
core   0: 3 0x80003a84 (0x0522) x10 0x00000000
core   0: 0x80003a86 (0x340068f3) csrrsi  a7, mscratch, 0
core   0: 3 0x80003a86 (0x340068f3) x17 0x00000009
core   0: 0x80003a8a (0x34007d73) csrrci  s10, mscratch, 0
core   0: 3 0x80003a8a (0x34007d73) x26 0x00000009
core   0: 0x80003a8e (0x00008926) c.mv    s2, s1
core   0: 3 0x80003a8e (0x8926) x18 0xfffffbe0
core   0: 0x80003a90 (0x2e427293) andi    t0, tp, 740
core   0: 3 0x80003a90 (0x2e427293) x5  0x00000000
core   0: 0x80003a94 (0x0f944813) xori    a6, s0, 249
core   0: 3 0x80003a94 (0x0f944813) x16 0x800000f9
core   0: 0x80003a98 (0x052b0463) beq     s6, s2, pc + 72
core   0: 3 0x80003a98 (0x052b0463)
core   0: 0x80003a9c (0x5116c693) xori    a3, a3, 1297
core   0: 3 0x80003a9c (0x5116c693) x13 0x7fffdffc
core   0: 0x80003aa0 (0x037cc363) blt     s9, s7, pc + 38
core   0: 3 0x80003aa0 (0x037cc363)
core   0: 0x80003aa4 (0x00000776) c.slli  a4, 29
core   0: 3 0x80003aa4 (0x0776) x14 0x00000000
core   0: 0x80003aa6 (0x34047573) csrrci  a0, mscratch, 8
core   0: 3 0x80003aa6 (0x34047573) x10 0x00000009 c832_mscratch 0x00000001
core   0: 0x80003aaa (0x34015573) csrrwi  a0, mscratch, 2
core   0: 3 0x80003aaa (0x34015573) x10 0x00000001 c832_mscratch 0x00000002
core   0: 0x80003aae (0x01029933) sll     s2, t0, a6
core   0: 3 0x80003aae (0x01029933) x18 0x00000000
core   0: 0x80003ab2 (0xf727eb93) ori     s7, a5, -142
core   0: 3 0x80003ab2 (0xf727eb93) x23 0xffffff72
core   0: 0x80003ab6 (0x0000839a) c.mv    t2, t1
core   0: 3 0x80003ab6 (0x839a) x7  0x00000000
core   0: 0x80003ab8 (0xae755097) auipc   ra, 0xae755
core   0: 3 0x80003ab8 (0xae755097) x1  0x2e758ab8
core   0: 0x80003abc (0x70a42313) slti    t1, s0, 1802
core   0: 3 0x80003abc (0x70a42313) x6  0x00000001
core   0: 0x80003ac0 (0x0265ccb3) div     s9, a1, t1
core   0: 3 0x80003ac0 (0x0265ccb3) x25 0x80000080
core   0: 0x80003ac4 (0x0000eb81) c.bnez  a5, pc + 16
core   0: 3 0x80003ac4 (0xeb81)
core   0: 0x80003ad4 (0x01e69033) sll     zero, a3, t5
core   0: 3 0x80003ad4 (0x01e69033)
core   0: 0x80003ad8 (0x9c7b87b7) lui     a5, 0x9c7b8
core   0: 3 0x80003ad8 (0x9c7b87b7) x15 0x9c7b8000
core   0: 0x80003adc (0x03094563) blt     s2, a6, pc + 42
core   0: 3 0x80003adc (0x03094563)
core   0: 0x80003ae0 (0x0ed9c893) xori    a7, s3, 237
core   0: 3 0x80003ae0 (0x0ed9c893) x17 0x800000ed
core   0: 0x80003ae4 (0x9f2db693) sltiu   a3, s11, -1550
core   0: 3 0x80003ae4 (0x9f2db693) x13 0x00000000
core   0: 0x80003ae8 (0x02214263) blt     sp, sp, pc + 36
core   0: 3 0x80003ae8 (0x02214263)
core   0: 0x80003aec (0x340073f3) csrrci  t2, mscratch, 0
core   0: 3 0x80003aec (0x340073f3) x7  0x00000002
core   0: 0x80003af0 (0x3406e8f3) csrrsi  a7, mscratch, 13
core   0: 3 0x80003af0 (0x3406e8f3) x17 0x00000002 c832_mscratch 0x0000000f
core   0: 0x80003af4 (0x0000717d) c.addi16sp sp, -16
core   0: 3 0x80003af4 (0x717d) x2  0x000001b0
core   0: 0x80003af6 (0x0000c785) c.beqz  a5, pc + 40
core   0: 3 0x80003af6 (0xc785)
core   0: 0x80003af8 (0x40320bb3) sub     s7, tp, gp
core   0: 3 0x80003af8 (0x40320bb3) x23 0x91b14001
core   0: 0x80003afc (0x03196233) rem     tp, s2, a7
core   0: 3 0x80003afc (0x03196233) x4  0x00000000
core   0: 0x80003b00 (0x0000717d) c.addi16sp sp, -16
core   0: 3 0x80003b00 (0x717d) x2  0x000001a0
core   0: 0x80003b02 (0x030133b3) mulhu   t2, sp, a6
core   0: 3 0x80003b02 (0x030133b3) x7  0x000000d0
core   0: 0x80003b06 (0x340063f3) csrrsi  t2, mscratch, 0
core   0: 3 0x80003b06 (0x340063f3) x7  0x0000000f
core   0: 0x80003b0a (0x00000001) c.nop
core   0: 3 0x80003b0a (0x0001)
core   0: 0x80003b0c (0x00000001) c.nop
core   0: 3 0x80003b0c (0x0001)
core   0: 0x80003b0e (0x026057b3) divu    a5, zero, t1
core   0: 3 0x80003b0e (0x026057b3) x15 0x00000000
core   0: 0x80003b12 (0x4da5ef97) auipc   t6, 0x4da5e
core   0: 3 0x80003b12 (0x4da5ef97) x31 0xcda61b12
core   0: 0x80003b16 (0x41dbdbb3) sra     s7, s7, t4
core   0: 3 0x80003b16 (0x41dbdbb3) x23 0xfff23628
core   0: 0x80003b1a (0x0193e3b3) or      t2, t2, s9
core   0: 3 0x80003b1a (0x0193e3b3) x7  0x8000008f
core   0: 0x80003b1e (0x340074f3) csrrci  s1, mscratch, 0
core   0: 3 0x80003b1e (0x340074f3) x9  0x0000000f
core   0: 0x80003b22 (0x000864b3) or      s1, a6, zero
core   0: 3 0x80003b22 (0x000864b3) x9  0x800000f9
core   0: 0x80003b26 (0x0176b0b3) sltu    ra, a3, s7
core   0: 3 0x80003b26 (0x0176b0b3) x1  0x00000001
core   0: 0x80003b2a (0x40fd5a13) srai    s4, s10, 15
core   0: 3 0x80003b2a (0x40fd5a13) x20 0x00000000
core   0: 0x80003b2e (0x01cd5b63) bge     s10, t3, pc + 22
core   0: 3 0x80003b2e (0x01cd5b63)
core   0: 0x80003b44 (0x0131d463) bge     gp, s3, pc + 8
core   0: 3 0x80003b44 (0x0131d463)
core   0: 0x80003b4c (0x01a23533) sltu    a0, tp, s10
core   0: 3 0x80003b4c (0x01a23533) x10 0x00000001
core   0: 0x80003b50 (0x001f4f63) blt     t5, ra, pc + 30
core   0: 3 0x80003b50 (0x001f4f63)
core   0: 0x80003b6e (0x01695663) bge     s2, s6, pc + 12
core   0: 3 0x80003b6e (0x01695663)
core   0: 0x80003b7a (0x00972833) slt     a6, a4, s1
core   0: 3 0x80003b7a (0x00972833) x16 0x00000000
core   0: 0x80003b7e (0x00b29113) slli    sp, t0, 11
core   0: 3 0x80003b7e (0x00b29113) x2  0x00000000
core   0: 0x80003b82 (0x00ba62b3) or      t0, s4, a1
core   0: 3 0x80003b82 (0x00ba62b3) x5  0x80000080
core   0: 0x80003b86 (0x0164f1b3) and     gp, s1, s6
core   0: 3 0x80003b86 (0x0164f1b3) x3  0x00000000
core   0: 0x80003b8a (0x0bbfa493) slti    s1, t6, 187
core   0: 3 0x80003b8a (0x0bbfa493) x9  0x00000001
core   0: 0x80003b8e (0x340a29f3) csrrs   s3, mscratch, s4
core   0: 3 0x80003b8e (0x340a29f3) x19 0x0000000f c832_mscratch 0x0000000f
core   0: 0x80003b92 (0x00009c9e) c.add   s9, t2
core   0: 3 0x80003b92 (0x9c9e) x25 0x0000010f
core   0: 0x80003b94 (0x026628b3) mulhsu  a7, a2, t1
core   0: 3 0x80003b94 (0x026628b3) x17 0xffffffff
core   0: 0x80003b98 (0x34093f73) csrrc   t5, mscratch, s2
core   0: 3 0x80003b98 (0x34093f73) x30 0x0000000f c832_mscratch 0x0000000f
core   0: 0x80003b9c (0x0ff0000f) fence   iorw,iorw
core   0: 3 0x80003b9c (0x0ff0000f)
core   0: 0x80003ba0 (0x0000888a) c.mv    a7, sp
core   0: 3 0x80003ba0 (0x888a) x17 0x00000000
core   0: 0x80003ba2 (0x00008a8d) c.andi  a3, 3
core   0: 3 0x80003ba2 (0x8a8d) x13 0x00000000
core   0: 0x80003ba4 (0x000087c5) c.srai  a5, 17
core   0: 3 0x80003ba4 (0x87c5) x15 0x00000000
core   0: 0x80003ba6 (0x0000717d) c.addi16sp sp, -16
core   0: 3 0x80003ba6 (0x717d) x2  0xfffffff0
core   0: 0x80003ba8 (0x40165033) sra     zero, a2, ra
core   0: 3 0x80003ba8 (0x40165033)
core   0: 0x80003bac (0x02876263) bltu    a4, s0, pc + 36
core   0: 3 0x80003bac (0x02876263)
core   0: 0x80003bd0 (0x0000717d) c.addi16sp sp, -16
core   0: 3 0x80003bd0 (0x717d) x2  0xffffffe0
core   0: 0x80003bd2 (0x00009afd) c.andi  a3, -1
core   0: 3 0x80003bd2 (0x9afd) x13 0x00000000
core   0: 0x80003bd4 (0x011a5c63) bge     s4, a7, pc + 24
core   0: 3 0x80003bd4 (0x011a5c63)
core   0: 0x80003bec (0x00ca18b3) sll     a7, s4, a2
core   0: 3 0x80003bec (0x00ca18b3) x17 0x00000000
core   0: 0x80003bf0 (0x34007373) csrrci  t1, mscratch, 0
core   0: 3 0x80003bf0 (0x34007373) x6  0x0000000f
core   0: 0x80003bf4 (0x01a58733) add     a4, a1, s10
core   0: 3 0x80003bf4 (0x01a58733) x14 0x80000089
core   0: 0x80003bf8 (0x00008d91) c.sub   a1, a2
core   0: 3 0x80003bf8 (0x8d91) x11 0xfffda39c
core   0: 0x80003bfa (0x3403aff3) csrrs   t6, mscratch, t2
core   0: 3 0x80003bfa (0x3403aff3) x31 0x0000000f c832_mscratch 0x8000008f
core   0: 0x80003bfe (0x2206fc13) andi    s8, a3, 544
core   0: 3 0x80003bfe (0x2206fc13) x24 0x00000000
core   0: 0x80003c02 (0x036a17b3) mulh    a5, s4, s6
core   0: 3 0x80003c02 (0x036a17b3) x15 0x00000000
core   0: 0x80003c06 (0x0000c905) c.beqz  a0, pc + 48
core   0: 3 0x80003c06 (0xc905)
core   0: 0x80003c08 (0x01a5c663) blt     a1, s10, pc + 12
core   0: 3 0x80003c08 (0x01a5c663)
core   0: 0x80003c14 (0x00004cf9) c.li    s9, 30
core   0: 3 0x80003c14 (0x4cf9) x25 0x0000001e
core   0: 0x80003c16 (0x00000cae) c.slli  s9, 11
core   0: 3 0x80003c16 (0x0cae) x25 0x0000f000
core   0: 0x80003c18 (0xf458c313) xori    t1, a7, -187
core   0: 3 0x80003c18 (0xf458c313) x6  0xffffff45
core   0: 0x80003c1c (0x0000717d) c.addi16sp sp, -16
core   0: 3 0x80003c1c (0x717d) x2  0xffffffd0
core   0: 0x80003c1e (0x0000997d) c.andi  a0, -1
core   0: 3 0x80003c1e (0x997d) x10 0x00000001
core   0: 0x80003c20 (0x00008cc9) c.or    s1, a0
core   0: 3 0x80003c20 (0x8cc9) x9  0x00000001
core   0: 0x80003c22 (0x15652d13) slti    s10, a0, 342
core   0: 3 0x80003c22 (0x15652d13) x26 0x00000001
core   0: 0x80003c26 (0x04025263) bgez    tp, pc + 68
core   0: 3 0x80003c26 (0x04025263)
core   0: 0x80003c6a (0x00008d91) c.sub   a1, a2
core   0: 3 0x80003c6a (0x8d91) x11 0x7ffb46b8
core   0: 0x80003c6c (0x03124ab3) div     s5, tp, a7
core   0: 3 0x80003c6c (0x03124ab3) x21 0xffffffff
core   0: 0x80003c70 (0x01526463) bltu    tp, s5, pc + 8
core   0: 3 0x80003c70 (0x01526463)
core   0: 0x80003c78 (0x3403bff3) csrrc   t6, mscratch, t2
core   0: 3 0x80003c78 (0x3403bff3) x31 0x8000008f c832_mscratch 0x00000000
core   0: 0x80003c7c (0x0000069e) c.slli  a3, 7
core   0: 3 0x80003c7c (0x069e) x13 0x00000000
core   0: 0x80003c7e (0x34002273) csrr    tp, mscratch
core   0: 3 0x80003c7e (0x34002273) x4  0x00000000
core   0: 0x80003c82 (0x03acddb3) divu    s11, s9, s10
core   0: 3 0x80003c82 (0x03acddb3) x27 0x0000f000
core   0: 0x80003c86 (0x000082c2) c.mv    t0, a6
core   0: 3 0x80003c86 (0x82c2) x5  0x00000000
core   0: 0x80003c88 (0x03b5e533) rem     a0, a1, s11
core   0: 3 0x80003c88 (0x03b5e533) x10 0x000076b8
core   0: 0x80003c8c (0x02bd6c63) bltu    s10, a1, pc + 56
core   0: 3 0x80003c8c (0x02bd6c63)
core   0: 0x80003cc4 (0x0ff0000f) fence   iorw,iorw
core   0: 3 0x80003cc4 (0x0ff0000f)
core   0: 0x80003cc8 (0x00006171) c.addi16sp sp, 336
core   0: 3 0x80003cc8 (0x6171) x2  0x00000120
core   0: 0x80003cca (0x00000001) c.nop
core   0: 3 0x80003cca (0x0001)
core   0: 0x80003ccc (0x010e2d33) slt     s10, t3, a6
core   0: 3 0x80003ccc (0x010e2d33) x26 0x00000001
core   0: 0x80003cd0 (0x00870033) add     zero, a4, s0
core   0: 3 0x80003cd0 (0x00870033)
core   0: 0x80003cd4 (0x0079d013) srli    zero, s3, 7
core   0: 3 0x80003cd4 (0x0079d013)
core   0: 0x80003cd8 (0x340026f3) csrr    a3, mscratch
core   0: 3 0x80003cd8 (0x340026f3) x13 0x00000000
core   0: 0x80003cdc (0x00008ca5) c.xor   s1, s1
core   0: 3 0x80003cdc (0x8ca5) x9  0x00000000
core   0: 0x80003cde (0x00008d99) c.sub   a1, a4
core   0: 3 0x80003cde (0x8d99) x11 0xfffb462f
core   0: 0x80003ce0 (0x34006973) csrrsi  s2, mscratch, 0
core   0: 3 0x80003ce0 (0x34006973) x18 0x00000000
core   0: 0x80003ce4 (0x004fcfb3) xor     t6, t6, tp
core   0: 3 0x80003ce4 (0x004fcfb3) x31 0x8000008f
core   0: 0x80003ce8 (0x00000001) c.nop
core   0: 3 0x80003ce8 (0x0001)
core   0: 0x80003cea (0x0000100f) fence.i
core   0: 3 0x80003cea (0x0000100f)
core   0: 0x80003cee (0x037af933) remu    s2, s5, s7
core   0: 3 0x80003cee (0x037af933) x18 0x000dc9d7
core   0: 0x80003cf2 (0x02581263) bne     a6, t0, pc + 36
core   0: 3 0x80003cf2 (0x02581263)
core   0: 0x80003cf6 (0x02a05bb3) divu    s7, zero, a0
core   0: 3 0x80003cf6 (0x02a05bb3) x23 0x00000000
core   0: 0x80003cfa (0x00008556) c.mv    a0, s5
core   0: 3 0x80003cfa (0x8556) x10 0xffffffff
core   0: 0x80003cfc (0x0000100f) fence.i
core   0: 3 0x80003cfc (0x0000100f)
core   0: 0x80003d00 (0x00008db9) c.xor   a1, a4
core   0: 3 0x80003d00 (0x8db9) x11 0x7ffb46a6
core   0: 0x80003d02 (0x0000813d) c.srli  a0, 15
core   0: 3 0x80003d02 (0x813d) x10 0x0001ffff
core   0: 0x80003d04 (0x01b64f63) blt     a2, s11, pc + 30
core   0: 3 0x80003d04 (0x01b64f63)
core   0: 0x80003d22 (0x00008ed9) c.or    a3, a4
core   0: 3 0x80003d22 (0x8ed9) x13 0x80000089
core   0: 0x80003d24 (0x024cbeb3) mulhu   t4, s9, tp
core   0: 3 0x80003d24 (0x024cbeb3) x29 0x00000000
core   0: 0x80003d28 (0x037f3f33) mulhu   t5, t5, s7
core   0: 3 0x80003d28 (0x037f3f33) x30 0x00000000
core   0: 0x80003d2c (0x34001bf3) csrrw   s7, mscratch, zero
core   0: 3 0x80003d2c (0x34001bf3) x23 0x00000000 c832_mscratch 0x00000000
core   0: 0x80003d30 (0x004c80b3) add     ra, s9, tp
core   0: 3 0x80003d30 (0x004c80b3) x1  0x0000f000
core   0: 0x80003d34 (0x00009996) c.add   s3, t0
core   0: 3 0x80003d34 (0x9996) x19 0x0000000f
core   0: 0x80003d36 (0x34023cf3) csrrc   s9, mscratch, tp
core   0: 3 0x80003d36 (0x34023cf3) x25 0x00000000 c832_mscratch 0x00000000
core   0: 0x80003d3a (0xedd44193) xori    gp, s0, -291
core   0: 3 0x80003d3a (0xedd44193) x3  0x7ffffedd
core   0: 0x80003d3e (0x34006cf3) csrrsi  s9, mscratch, 0
core   0: 3 0x80003d3e (0x34006cf3) x25 0x00000000
core   0: 0x80003d42 (0x01da9a13) slli    s4, s5, 29
core   0: 3 0x80003d42 (0x01da9a13) x20 0xe0000000
core   0: 0x80003d46 (0x00008575) c.srai  a0, 29
core   0: 3 0x80003d46 (0x8575) x10 0x00000000
core   0: 0x80003d48 (0x00008f25) c.xor   a4, s1
core   0: 3 0x80003d48 (0x8f25) x14 0x80000089
core   0: 0x80003d4a (0x34007373) csrrci  t1, mscratch, 0
core   0: 3 0x80003d4a (0x34007373) x6  0x00000000
core   0: 0x80003d4e (0x00311233) sll     tp, sp, gp
core   0: 3 0x80003d4e (0x00311233) x4  0x00000000
core   0: 0x80003d52 (0x00f6d1b3) srl     gp, a3, a5
core   0: 3 0x80003d52 (0x00f6d1b3) x3  0x80000089
core   0: 0x80003d56 (0x03fbc6b3) div     a3, s7, t6
core   0: 3 0x80003d56 (0x03fbc6b3) x13 0x00000000
core   0: 0x80003d5a (0x000082b9) c.srli  a3, 14
core   0: 3 0x80003d5a (0x82b9) x13 0x00000000
core   0: 0x80003d5c (0xfb79ea13) ori     s4, s3, -73
core   0: 3 0x80003d5c (0xfb79ea13) x20 0xffffffbf
core   0: 0x80003d60 (0x0000c501) c.beqz  a0, pc + 8
core   0: 3 0x80003d60 (0xc501)
core   0: 0x80003d68 (0x34007873) csrrci  a6, mscratch, 0
core   0: 3 0x80003d68 (0x34007873) x16 0x00000000
core   0: 0x80003d6c (0x00004dd1) c.li    s11, 20
core   0: 3 0x80003d6c (0x4dd1) x27 0x00000014
core   0: 0x80003d6e (0x013321b3) slt     gp, t1, s3
core   0: 3 0x80003d6e (0x013321b3) x3  0x00000001
core   0: 0x80003d72 (0x000f9a93) slli    s5, t6, 0
core   0: 3 0x80003d72 (0x000f9a93) x21 0x8000008f
core   0: 0x80003d76 (0x00009afd) c.andi  a3, -1
core   0: 3 0x80003d76 (0x9afd) x13 0x00000000
core   0: 0x80003d78 (0x01129b93) slli    s7, t0, 17
core   0: 3 0x80003d78 (0x01129b93) x23 0x00000000
core   0: 0x80003d7c (0x00008d0d) c.sub   a0, a1
core   0: 3 0x80003d7c (0x8d0d) x10 0x8004b95a
core   0: 0x80003d7e (0xc1390b93) addi    s7, s2, -1005
core   0: 3 0x80003d7e (0xc1390b93) x23 0x000dc5ea
core   0: 0x80003d82 (0x0000c0b1) c.beqz  s1, pc + 68
core   0: 3 0x80003d82 (0xc0b1)
core   0: 0x80003dc6 (0x029a24b3) mulhsu  s1, s4, s1
core   0: 3 0x80003dc6 (0x029a24b3) x9  0x00000000
core   0: 0x80003dca (0x0000100f) fence.i
core   0: 3 0x80003dca (0x0000100f)
core   0: 0x80003dce (0x0000e309) c.bnez  a4, pc + 2
core   0: 3 0x80003dce (0xe309)
core   0: 0x80003dd0 (0x0000e789) c.bnez  a5, pc + 10
core   0: 3 0x80003dd0 (0xe789)
core   0: 0x80003dd2 (0x03b676b3) remu    a3, a2, s11
core   0: 3 0x80003dd2 (0x03b676b3) x13 0x00000000
core   0: 0x80003dd6 (0x00a00563) beq     zero, a0, pc + 10
core   0: 3 0x80003dd6 (0x00a00563)
core   0: 0x80003dda (0x004dd593) srli    a1, s11, 4
core   0: 3 0x80003dda (0x004dd593) x11 0x00000001
core   0: 0x80003dde (0x00008b2e) c.mv    s6, a1
core   0: 3 0x80003dde (0x8b2e) x22 0x00000001
core   0: 0x80003de0 (0xa3f3ce93) xori    t4, t2, -1473
core   0: 3 0x80003de0 (0xa3f3ce93) x29 0x7ffffab0
core   0: 0x80003de4 (0x01bf0763) beq     t5, s11, pc + 14
core   0: 3 0x80003de4 (0x01bf0763)
core   0: 0x80003de8 (0x00000926) c.slli  s2, 9
core   0: 3 0x80003de8 (0x0926) x18 0x1b93ae00
core   0: 0x80003dea (0x00009c8a) c.add   s9, sp
core   0: 3 0x80003dea (0x9c8a) x25 0x00000120
core   0: 0x80003dec (0x00008ead) c.xor   a3, a1
core   0: 3 0x80003dec (0x8ead) x13 0x00000001
core   0: 0x80003dee (0x345d3793) sltiu   a5, s10, 837
core   0: 3 0x80003dee (0x345d3793) x15 0x00000001
core   0: 0x80003df2 (0x340cd973) csrrwi  s2, mscratch, 25
core   0: 3 0x80003df2 (0x340cd973) x18 0x00000000 c832_mscratch 0x00000019
core   0: 0x80003df6 (0x00008c81) c.sub   s1, s0
core   0: 3 0x80003df6 (0x8c81) x9  0x80000000
core   0: 0x80003df8 (0x3404bb73) csrrc   s6, mscratch, s1
core   0: 3 0x80003df8 (0x3404bb73) x22 0x00000019 c832_mscratch 0x00000019
core   0: 0x80003dfc (0x0000717d) c.addi16sp sp, -16
core   0: 3 0x80003dfc (0x717d) x2  0x00000110
core   0: 0x80003dfe (0x340ad9f3) csrrwi  s3, mscratch, 21
core   0: 3 0x80003dfe (0x340ad9f3) x19 0x00000019 c832_mscratch 0x00000015
core   0: 0x80003e02 (0x00000994) c.addi4spn a3, sp, 208
core   0: 3 0x80003e02 (0x0994) x13 0x000001e0
core   0: 0x80003e04 (0x039b73b3) remu    t2, s6, s9
core   0: 3 0x80003e04 (0x039b73b3) x7  0x00000019
core   0: 0x80003e08 (0x002ac033) xor     zero, s5, sp
core   0: 3 0x80003e08 (0x002ac033)
core   0: 0x80003e0c (0x00008f81) c.sub   a5, s0
core   0: 3 0x80003e0c (0x8f81) x15 0x80000001
core   0: 0x80003e0e (0x00008d85) c.sub   a1, s1
core   0: 3 0x80003e0e (0x8d85) x11 0x80000001
core   0: 0x80003e10 (0x340073f3) csrrci  t2, mscratch, 0
core   0: 3 0x80003e10 (0x340073f3) x7  0x00000015
core   0: 0x80003e14 (0x00008d5d) c.or    a0, a5
core   0: 3 0x80003e14 (0x8d5d) x10 0x8004b95b
core   0: 0x80003e16 (0x00c56fb3) or      t6, a0, a2
core   0: 3 0x80003e16 (0x00c56fb3) x31 0x8006fdff
core   0: 0x80003e1a (0x0ff0000f) fence   iorw,iorw
core   0: 3 0x80003e1a (0x0ff0000f)
core   0: 0x80003e1e (0x00008531) c.srai  a0, 12
core   0: 3 0x80003e1e (0x8531) x10 0xfff8004b
core   0: 0x80003e20 (0x01a09913) slli    s2, ra, 26
core   0: 3 0x80003e20 (0x01a09913) x18 0x00000000
core   0: 0x80003e24 (0x000089b1) c.andi  a1, 12
core   0: 3 0x80003e24 (0x89b1) x11 0x00000000
core   0: 0x80003e26 (0x00000001) c.nop
core   0: 3 0x80003e26 (0x0001)
core   0: 0x80003e28 (0xfb6be393) ori     t2, s7, -74
core   0: 3 0x80003e28 (0xfb6be393) x7  0xfffffffe
core   0: 0x80003e2c (0x0000856a) c.mv    a0, s10
core   0: 3 0x80003e2c (0x856a) x10 0x00000001
core   0: 0x80003e2e (0x00006121) c.addi16sp sp, 64
core   0: 3 0x80003e2e (0x6121) x2  0x00000150
core   0: 0x80003e30 (0x00008f61) c.and   a4, s0
core   0: 3 0x80003e30 (0x8f61) x14 0x80000000
core   0: 0x80003e32 (0x42103093) sltiu   ra, zero, 1057
core   0: 3 0x80003e32 (0x42103093) x1  0x00000001
core   0: 0x80003e36 (0x000083bd) c.srli  a5, 15
core   0: 3 0x80003e36 (0x83bd) x15 0x00010000
core   0: 0x80003e38 (0x0281c833) div     a6, gp, s0
core   0: 3 0x80003e38 (0x0281c833) x16 0x00000000
core   0: 0x80003e3c (0x002dcb33) xor     s6, s11, sp
core   0: 3 0x80003e3c (0x002dcb33) x22 0x00000144
core   0: 0x80003e40 (0x34007073) csrci   mscratch, 0
core   0: 3 0x80003e40 (0x34007073)
core   0: 0x80003e44 (0x34003d73) csrrc   s10, mscratch, zero
core   0: 3 0x80003e44 (0x34003d73) x26 0x00000015
core   0: 0x80003e48 (0x01b63f33) sltu    t5, a2, s11
core   0: 3 0x80003e48 (0x01b63f33) x30 0x00000000
core   0: 0x80003e4c (0x5a0bdb97) auipc   s7, 0x5a0bd
core   0: 3 0x80003e4c (0x5a0bdb97) x23 0xda0c0e4c
core   0: 0x80003e50 (0x02230c33) mul     s8, t1, sp
core   0: 3 0x80003e50 (0x02230c33) x24 0x00000000
core   0: 0x80003e54 (0x01b830b3) sltu    ra, a6, s11
core   0: 3 0x80003e54 (0x01b830b3) x1  0x00000001
core   0: 0x80003e58 (0x00008fcd) c.or    a5, a1
core   0: 3 0x80003e58 (0x8fcd) x15 0x00010000
core   0: 0x80003e5a (0x0000100f) fence.i
core   0: 3 0x80003e5a (0x0000100f)
core   0: 0x80003e5e (0x03379933) mulh    s2, a5, s3
core   0: 3 0x80003e5e (0x03379933) x18 0x00000000
core   0: 0x80003e62 (0x00008776) c.mv    a4, t4
core   0: 3 0x80003e62 (0x8776) x14 0x7ffffab0
core   0: 0x80003e64 (0x013863b3) or      t2, a6, s3
core   0: 3 0x80003e64 (0x013863b3) x7  0x00000019
core   0: 0x80003e68 (0x025abb33) mulhu   s6, s5, t0
core   0: 3 0x80003e68 (0x025abb33) x22 0x00000000
core   0: 0x80003e6c (0x0000597d) c.li    s2, -1
core   0: 3 0x80003e6c (0x597d) x18 0xffffffff
core   0: 0x80003e6e (0x5969fa37) lui     s4, 0x5969f
core   0: 3 0x80003e6e (0x5969fa37) x20 0x5969f000
core   0: 0x80003e72 (0x3409f6f3) csrrci  a3, mscratch, 19
core   0: 3 0x80003e72 (0x3409f6f3) x13 0x00000015 c832_mscratch 0x00000004
core   0: 0x80003e76 (0x020719b3) mulh    s3, a4, zero
core   0: 3 0x80003e76 (0x020719b3) x19 0x00000000
core   0: 0x80003e7a (0x0155e0b3) or      ra, a1, s5
core   0: 3 0x80003e7a (0x0155e0b3) x1  0x8000008f
core   0: 0x80003e7e (0x034e82b3) mul     t0, t4, s4
core   0: 3 0x80003e7e (0x034e82b3) x5  0xfd350000
core   0: 0x80003e82 (0x00008289) c.srli  a3, 2
core   0: 3 0x80003e82 (0x8289) x13 0x00000005
core   0: 0x80003e84 (0x00008961) c.andi  a0, 24
core   0: 3 0x80003e84 (0x8961) x10 0x00000000
core   0: 0x80003e86 (0x402bdd13) srai    s10, s7, 2
core   0: 3 0x80003e86 (0x402bdd13) x26 0xf6830393
core   0: 0x80003e8a (0x0000e399) c.bnez  a5, pc + 6
core   0: 3 0x80003e8a (0xe399)
core   0: 0x80003e90 (0x001ccf33) xor     t5, s9, ra
core   0: 3 0x80003e90 (0x001ccf33) x30 0x800001af
core   0: 0x80003e94 (0x00008372) c.mv    t1, t3
core   0: 3 0x80003e94 (0x8372) x6  0x80021e64
core   0: 0x80003e96 (0x00000c94) c.addi4spn a3, sp, 592
core   0: 3 0x80003e96 (0x0c94) x13 0x000003a0
core   0: 0x80003e98 (0x340067f3) csrrsi  a5, mscratch, 0
core   0: 3 0x80003e98 (0x340067f3) x15 0x00000004
core   0: 0x80003e9c (0x6e6a7893) andi    a7, s4, 1766
core   0: 3 0x80003e9c (0x6e6a7893) x17 0x00000000
core   0: 0x80003ea0 (0x023857b3) divu    a5, a6, gp
core   0: 3 0x80003ea0 (0x023857b3) x15 0x00000000
core   0: 0x80003ea4 (0x015d1463) bne     s10, s5, pc + 8
core   0: 3 0x80003ea4 (0x015d1463)
core   0: 0x80003eac (0x0000438d) c.li    t2, 3
core   0: 3 0x80003eac (0x438d) x7  0x00000003
core   0: 0x80003eae (0x00008571) c.srai  a0, 28
core   0: 3 0x80003eae (0x8571) x10 0x00000000
core   0: 0x80003eb0 (0x37691217) auipc   tp, 0x37691
core   0: 3 0x80003eb0 (0x37691217) x4  0xb7694eb0
core   0: 0x80003eb4 (0x03c58363) beq     a1, t3, pc + 38
core   0: 3 0x80003eb4 (0x03c58363)
core   0: 0x80003eb8 (0x01e379b3) and     s3, t1, t5
core   0: 3 0x80003eb8 (0x01e379b3) x19 0x80000024
core   0: 0x80003ebc (0x414c5233) sra     tp, s8, s4
core   0: 3 0x80003ebc (0x414c5233) x4  0x00000000
core   0: 0x80003ec0 (0x03b79263) bne     a5, s11, pc + 36
core   0: 3 0x80003ec0 (0x03b79263)
core   0: 0x80003ee4 (0x011b2eb3) slt     t4, s6, a7
core   0: 3 0x80003ee4 (0x011b2eb3) x29 0x00000000
core   0: 0x80003ee8 (0x02956b63) bltu    a0, s1, pc + 54
core   0: 3 0x80003ee8 (0x02956b63)
core   0: 0x80003f1e (0x0000717d) c.addi16sp sp, -16
core   0: 3 0x80003f1e (0x717d) x2  0x00000140
core   0: 0x80003f20 (0x0b6006b7) lui     a3, 0xb600
core   0: 3 0x80003f20 (0x0b6006b7) x13 0x0b600000
core   0: 0x80003f24 (0x34017ef3) csrrci  t4, mscratch, 2
core   0: 3 0x80003f24 (0x34017ef3) x29 0x00000004 c832_mscratch 0x00000004
core   0: 0x80003f28 (0x01b85b93) srli    s7, a6, 27
core   0: 3 0x80003f28 (0x01b85b93) x23 0x00000000
core   0: 0x80003f2c (0x340dbbf3) csrrc   s7, mscratch, s11
core   0: 3 0x80003f2c (0x340dbbf3) x23 0x00000004 c832_mscratch 0x00000000
core   0: 0x80003f30 (0x000057fd) c.li    a5, -1
core   0: 3 0x80003f30 (0x57fd) x15 0xffffffff
core   0: 0x80003f32 (0x02cadd33) divu    s10, s5, a2
core   0: 3 0x80003f32 (0x02cadd33) x26 0x00000000
core   0: 0x80003f36 (0x00f35813) srli    a6, t1, 15
core   0: 3 0x80003f36 (0x00f35813) x16 0x00010004
core   0: 0x80003f3a (0x00001c08) c.addi4spn a0, sp, 560
core   0: 3 0x80003f3a (0x1c08) x10 0x00000370
core   0: 0x80003f3c (0x22eb8db7) lui     s11, 0x22eb8
core   0: 3 0x80003f3c (0x22eb8db7) x27 0x22eb8000
core   0: 0x80003f40 (0x03413033) mulhu   zero, sp, s4
core   0: 3 0x80003f40 (0x03413033)
core   0: 0x80003f44 (0x00c3a033) slt     zero, t2, a2
core   0: 3 0x80003f44 (0x00c3a033)
core   0: 0x80003f48 (0x0058da93) srli    s5, a7, 5
core   0: 3 0x80003f48 (0x0058da93) x21 0x00000000
core   0: 0x80003f4c (0x4187d6b3) sra     a3, a5, s8
core   0: 3 0x80003f4c (0x4187d6b3) x13 0xffffffff
core   0: 0x80003f50 (0x002ec9b3) xor     s3, t4, sp
core   0: 3 0x80003f50 (0x002ec9b3) x19 0x00000144
core   0: 0x80003f54 (0x00ee62b3) or      t0, t3, a4
core   0: 3 0x80003f54 (0x00ee62b3) x5  0xfffffef4
core   0: 0x80003f58 (0x037f0333) mul     t1, t5, s7
core   0: 3 0x80003f58 (0x037f0333) x6  0x000006bc
core   0: 0x80003f5c (0x023264b3) rem     s1, tp, gp
core   0: 3 0x80003f5c (0x023264b3) x9  0x00000000
core   0: 0x80003f60 (0x41338db3) sub     s11, t2, s3
core   0: 3 0x80003f60 (0x41338db3) x27 0xfffffebf
core   0: 0x80003f64 (0x0421f363) bgeu    gp, sp, pc + 70
core   0: 3 0x80003f64 (0x0421f363)
core   0: 0x80003f68 (0x00008f31) c.xor   a4, a2
core   0: 3 0x80003f68 (0x8f31) x14 0xfffda654
core   0: 0x80003f6a (0x02ab2233) mulhsu  tp, s6, a0
core   0: 3 0x80003f6a (0x02ab2233) x4  0x00000000
core   0: 0x80003f6e (0x01da81b3) add     gp, s5, t4
core   0: 3 0x80003f6e (0x01da81b3) x3  0x00000004
core   0: 0x80003f72 (0x02f7cf33) div     t5, a5, a5
core   0: 3 0x80003f72 (0x02f7cf33) x30 0x00000001
core   0: 0x80003f76 (0x00000275) c.addi  tp, 29
core   0: 3 0x80003f76 (0x0275) x4  0x0000001d
core   0: 0x80003f78 (0x00008361) c.srli  a4, 24
core   0: 3 0x80003f78 (0x8361) x14 0x000000ff
core   0: 0x80003f7a (0x03f014b3) mulh    s1, zero, t6
core   0: 3 0x80003f7a (0x03f014b3) x9  0x00000000
core   0: 0x80003f7e (0x025eb0b3) mulhu   ra, t4, t0
core   0: 3 0x80003f7e (0x025eb0b3) x1  0x00000003
core   0: 0x80003f82 (0x0269d333) divu    t1, s3, t1
core   0: 3 0x80003f82 (0x0269d333) x6  0x00000000
core   0: 0x80003f86 (0x340064f3) csrrsi  s1, mscratch, 0
core   0: 3 0x80003f86 (0x340064f3) x9  0x00000000
core   0: 0x80003f8a (0x02535233) divu    tp, t1, t0
core   0: 3 0x80003f8a (0x02535233) x4  0x00000000
core   0: 0x80003f8e (0x023e97b3) mulh    a5, t4, gp
core   0: 3 0x80003f8e (0x023e97b3) x15 0x00000000
core   0: 0x80003f92 (0x06f8ea37) lui     s4, 0x6f8e
core   0: 3 0x80003f92 (0x06f8ea37) x20 0x06f8e000
core   0: 0x80003f96 (0x0ff0000f) fence   iorw,iorw
core   0: 3 0x80003f96 (0x0ff0000f)
core   0: 0x80003f9a (0x00008b45) c.andi  a4, 17
core   0: 3 0x80003f9a (0x8b45) x14 0x00000011
core   0: 0x80003f9c (0x015d7133) and     sp, s10, s5
core   0: 3 0x80003f9c (0x015d7133) x2  0x00000000
core   0: 0x80003fa0 (0x340cda73) csrrwi  s4, mscratch, 25
core   0: 3 0x80003fa0 (0x340cda73) x20 0x00000000 c832_mscratch 0x00000019
core   0: 0x80003fa4 (0x00000d8c) c.addi4spn a1, sp, 720
core   0: 3 0x80003fa4 (0x0d8c) x11 0x000002d0
core   0: 0x80003fa6 (0x02e1f663) bgeu    gp, a4, pc + 44
core   0: 3 0x80003fa6 (0x02e1f663)
core   0: 0x80003faa (0x62d57813) andi    a6, a0, 1581
core   0: 3 0x80003faa (0x62d57813) x16 0x00000220
core   0: 0x80003fae (0x00008de9) c.and   a1, a0
core   0: 3 0x80003fae (0x8de9) x11 0x00000250
core   0: 0x80003fb0 (0x41d5d013) srai    zero, a1, 29
core   0: 3 0x80003fb0 (0x41d5d013)
core   0: 0x80003fb4 (0x004438b3) sltu    a7, s0, tp
core   0: 3 0x80003fb4 (0x004438b3) x17 0x00000000
core   0: 0x80003fb8 (0x1706ff13) andi    t5, a3, 368
core   0: 3 0x80003fb8 (0x1706ff13) x30 0x00000170
core   0: 0x80003fbc (0x0000808a) c.mv    ra, sp
core   0: 3 0x80003fbc (0x808a) x1  0x00000000
core   0: 0x80003fbe (0x00001b88) c.addi4spn a0, sp, 496
core   0: 3 0x80003fbe (0x1b88) x10 0x000001f0
core   0: 0x80003fc0 (0x34013873) csrrc   a6, mscratch, sp
core   0: 3 0x80003fc0 (0x34013873) x16 0x00000019 c832_mscratch 0x00000019
core   0: 0x80003fc4 (0x004e16b3) sll     a3, t3, tp
core   0: 3 0x80003fc4 (0x004e16b3) x13 0x80021e64
core   0: 0x80003fc8 (0x00005bfd) c.li    s7, -1
core   0: 3 0x80003fc8 (0x5bfd) x23 0xffffffff
core   0: 0x80003fca (0x031f1863) bne     t5, a7, pc + 48
core   0: 3 0x80003fca (0x031f1863)
core   0: 0x80003ffa (0x000084b1) c.srai  s1, 12
core   0: 3 0x80003ffa (0x84b1) x9  0x00000000
core   0: 0x80003ffc (0x0233d833) divu    a6, t2, gp
core   0: 3 0x80003ffc (0x0233d833) x16 0x00000000
core   0: 0x80004000 (0x00008bbe) c.mv    s7, a5
core   0: 3 0x80004000 (0x8bbe) x23 0x00000000
core   0: 0x80004002 (0x00008f55) c.or    a4, a3
core   0: 3 0x80004002 (0x8f55) x14 0x80021e75
core   0: 0x80004004 (0x00008d01) c.sub   a0, s0
core   0: 3 0x80004004 (0x8d01) x10 0x800001f0
core   0: 0x80004006 (0x34086773) csrrsi  a4, mscratch, 16
core   0: 3 0x80004006 (0x34086773) x14 0x00000019 c832_mscratch 0x00000019
core   0: 0x8000400a (0x00569113) slli    sp, a3, 5
core   0: 3 0x8000400a (0x00569113) x2  0x0043cc80
core   0: 0x8000400e (0x028b2733) mulhsu  a4, s6, s0
core   0: 3 0x8000400e (0x028b2733) x14 0x00000000
core   0: 0x80004012 (0x00000001) c.nop
core   0: 3 0x80004012 (0x0001)
core   0: 0x80004014 (0x0000830d) c.srli  a4, 3
core   0: 3 0x80004014 (0x830d) x14 0x00000000
core   0: 0x80004016 (0x3403a073) csrs    mscratch, t2
core   0: 3 0x80004016 (0x3403a073) c832_mscratch 0x0000001b
core   0: 0x8000401a (0x03365833) divu    a6, a2, s3
core   0: 3 0x8000401a (0x03365833) x16 0x006524a1
core   0: 0x8000401e (0x00008ca1) c.xor   s1, s0
core   0: 3 0x8000401e (0x8ca1) x9  0x80000000
core   0: 0x80004020 (0x0000010a) c.slli  sp, 2
core   0: 3 0x80004020 (0x010a) x2  0x010f3200
core   0: 0x80004022 (0x00006fa5) c.lui   t6, 0x9
core   0: 3 0x80004022 (0x6fa5) x31 0x00009000
core   0: 0x80004024 (0x3408a4f3) csrrs   s1, mscratch, a7
core   0: 3 0x80004024 (0x3408a4f3) x9  0x0000001b c832_mscratch 0x0000001b
core   0: 0x80004028 (0x0ff0000f) fence   iorw,iorw
core   0: 3 0x80004028 (0x0ff0000f)
core   0: 0x8000402c (0x001f6d63) bltu    t5, ra, pc + 26
core   0: 3 0x8000402c (0x001f6d63)
core   0: 0x80004030 (0x340074f3) csrrci  s1, mscratch, 0
core   0: 3 0x80004030 (0x340074f3) x9  0x0000001b
core   0: 0x80004034 (0x03ab8f33) mul     t5, s7, s10
core   0: 3 0x80004034 (0x03ab8f33) x30 0x00000000
core   0: 0x80004038 (0x010d1513) slli    a0, s10, 16
core   0: 3 0x80004038 (0x010d1513) x10 0x00000000
core   0: 0x8000403c (0x00008ef9) c.and   a3, a4
core   0: 3 0x8000403c (0x8ef9) x13 0x00000000
core   0: 0x8000403e (0x0345f463) bgeu    a1, s4, pc + 40
core   0: 3 0x8000403e (0x0345f463)
core   0: 0x80004066 (0x027b25b3) mulhsu  a1, s6, t2
core   0: 3 0x80004066 (0x027b25b3) x11 0x00000000
core   0: 0x8000406a (0x340a12f3) csrrw   t0, mscratch, s4
core   0: 3 0x8000406a (0x340a12f3) x5  0x0000001b c832_mscratch 0x00000000
core   0: 0x8000406e (0x03af39b3) mulhu   s3, t5, s10
core   0: 3 0x8000406e (0x03af39b3) x19 0x00000000
core   0: 0x80004072 (0x000080c9) c.srli  s1, 18
core   0: 3 0x80004072 (0x80c9) x9  0x00000000
core   0: 0x80004074 (0x34b53c13) sltiu   s8, a0, 843
core   0: 3 0x80004074 (0x34b53c13) x24 0x00000001
core   0: 0x80004078 (0x34009073) csrw    mscratch, ra
core   0: 3 0x80004078 (0x34009073) c832_mscratch 0x00000000
core   0: 0x8000407c (0x3400d2f3) csrrwi  t0, mscratch, 1
core   0: 3 0x8000407c (0x3400d2f3) x5  0x00000000 c832_mscratch 0x00000001
core   0: 0x80004080 (0x34002ef3) csrr    t4, mscratch
core   0: 3 0x80004080 (0x34002ef3) x29 0x00000001
core   0: 0x80004084 (0x0000ef11) c.bnez  a4, pc + 28
core   0: 3 0x80004084 (0xef11)
core   0: 0x80004086 (0x0357e533) rem     a0, a5, s5
core   0: 3 0x80004086 (0x0357e533) x10 0x00000000
core   0: 0x8000408a (0xa59afe93) andi    t4, s5, -1447
core   0: 3 0x8000408a (0xa59afe93) x29 0x00000000
core   0: 0x8000408e (0x00006111) c.addi16sp sp, 256
core   0: 3 0x8000408e (0x6111) x2  0x010f3300
core   0: 0x80004090 (0x00c65493) srli    s1, a2, 12
core   0: 3 0x80004090 (0x00c65493) x9  0x00080025
core   0: 0x80004094 (0x002267b3) or      a5, tp, sp
core   0: 3 0x80004094 (0x002267b3) x15 0x010f3300
core   0: 0x80004098 (0x00006cc9) c.lui   s9, 0x12
core   0: 3 0x80004098 (0x6cc9) x25 0x00012000
core   0: 0x8000409a (0xb6926213) ori     tp, tp, -1175
core   0: 3 0x8000409a (0xb6926213) x4  0xfffffb69
core   0: 0x8000409e (0x00008e8d) c.sub   a3, a1
core   0: 3 0x8000409e (0x8e8d) x13 0x00000000
core   0: 0x800040a0 (0x00006a35) c.lui   s4, 0xd
core   0: 3 0x800040a0 (0x6a35) x20 0x0000d000
core   0: 0x800040a2 (0x03f52b33) mulhsu  s6, a0, t6
core   0: 3 0x800040a2 (0x03f52b33) x22 0x00000000
core   0: 0x800040a6 (0x01f68463) beq     a3, t6, pc + 8
core   0: 3 0x800040a6 (0x01f68463)
core   0: 0x800040aa (0x023fd2b3) divu    t0, t6, gp
core   0: 3 0x800040aa (0x023fd2b3) x5  0x00002400
core   0: 0x800040ae (0x0086b1b3) sltu    gp, a3, s0
core   0: 3 0x800040ae (0x0086b1b3) x3  0x00000001
core   0: 0x800040b2 (0x00008df1) c.and   a1, a2
core   0: 3 0x800040b2 (0x8df1) x11 0x00000000
core   0: 0x800040b4 (0xf17e2993) slti    s3, t3, -233
core   0: 3 0x800040b4 (0xf17e2993) x19 0x00000001
core   0: 0x800040b8 (0x00122033) slt     zero, tp, ra
core   0: 3 0x800040b8 (0x00122033)
core   0: 0x800040bc (0x3404bc73) csrrc   s8, mscratch, s1
core   0: 3 0x800040bc (0x3404bc73) x24 0x00000001 c832_mscratch 0x00000000
core   0: 0x800040c0 (0x41fed133) sra     sp, t4, t6
core   0: 3 0x800040c0 (0x41fed133) x2  0x00000000
core   0: 0x800040c4 (0xdf2fec17) auipc   s8, 0xdf2fe
core   0: 3 0x800040c4 (0xdf2fec17) x24 0x5f3020c4
core   0: 0x800040c8 (0x0000717d) c.addi16sp sp, -16
core   0: 3 0x800040c8 (0x717d) x2  0xfffffff0
core   0: 0x800040ca (0x966dec93) ori     s9, s11, -1690
core   0: 3 0x800040ca (0x966dec93) x25 0xffffffff
core   0: 0x800040ce (0x023576b3) remu    a3, a0, gp
core   0: 3 0x800040ce (0x023576b3) x13 0x00000000
core   0: 0x800040d2 (0x00008ff2) c.mv    t6, t3
core   0: 3 0x800040d2 (0x8ff2) x31 0x80021e64
core   0: 0x800040d4 (0x000064f9) c.lui   s1, 0x1e
core   0: 3 0x800040d4 (0x64f9) x9  0x0001e000
core   0: 0x800040d6 (0x00f4b933) sltu    s2, s1, a5
core   0: 3 0x800040d6 (0x00f4b933) x18 0x00000001
core   0: 0x800040da (0x0000cb09) c.beqz  a4, pc + 18
core   0: 3 0x800040da (0xcb09)
core   0: 0x800040ec (0x000083de) c.mv    t2, s7
core   0: 3 0x800040ec (0x83de) x7  0x00000000
core   0: 0x800040ee (0x00000f4d) c.addi  t5, 19
core   0: 3 0x800040ee (0x0f4d) x30 0x00000013
core   0: 0x800040f0 (0x68e87f93) andi    t6, a6, 1678
core   0: 3 0x800040f0 (0x68e87f93) x31 0x00000480
core   0: 0x800040f4 (0x000082c5) c.srli  a3, 17
core   0: 3 0x800040f4 (0x82c5) x13 0x00000000
core   0: 0x800040f6 (0x00263ab3) sltu    s5, a2, sp
core   0: 3 0x800040f6 (0x00263ab3) x21 0x00000001
core   0: 0x800040fa (0x023d0b33) mul     s6, s10, gp
core   0: 3 0x800040fa (0x023d0b33) x22 0x00000000
core   0: 0x800040fe (0x00bf32b3) sltu    t0, t5, a1
core   0: 3 0x800040fe (0x00bf32b3) x5  0x00000000
core   0: 0x80004102 (0x00ddd313) srli    t1, s11, 13
core   0: 3 0x80004102 (0x00ddd313) x6  0x0007ffff
core   0: 0x80004106 (0x6bc0a713) slti    a4, ra, 1724
core   0: 3 0x80004106 (0x6bc0a713) x14 0x00000001
core   0: 0x8000410a (0x039af3b3) remu    t2, s5, s9
core   0: 3 0x8000410a (0x039af3b3) x7  0x00000001
core   0: 0x8000410e (0x03e5c563) blt     a1, t5, pc + 42
core   0: 3 0x8000410e (0x03e5c563)
core   0: 0x80004138 (0x017693b3) sll     t2, a3, s7
core   0: 3 0x80004138 (0x017693b3) x7  0x00000000
core   0: 0x8000413c (0x40ffd893) srai    a7, t6, 15
core   0: 3 0x8000413c (0x40ffd893) x17 0x00000000
core   0: 0x80004140 (0x00000001) c.nop
core   0: 3 0x80004140 (0x0001)
core   0: 0x80004142 (0x025feeb3) rem     t4, t6, t0
core   0: 3 0x80004142 (0x025feeb3) x29 0x00000480
core   0: 0x80004146 (0x0109fb33) and     s6, s3, a6
core   0: 3 0x80004146 (0x0109fb33) x22 0x00000001
core   0: 0x8000414a (0x00000001) c.nop
core   0: 3 0x8000414a (0x0001)
core   0: 0x8000414c (0x01e77733) and     a4, a4, t5
core   0: 3 0x8000414c (0x01e77733) x14 0x00000001
core   0: 0x80004150 (0x0000851d) c.srai  a0, 7
core   0: 3 0x80004150 (0x851d) x10 0x00000000
core   0: 0x80004152 (0x00001188) c.addi4spn a0, sp, 224
core   0: 3 0x80004152 (0x1188) x10 0x000000d0
core   0: 0x80004154 (0x00008f01) c.sub   a4, s0
core   0: 3 0x80004154 (0x8f01) x14 0x80000001
core   0: 0x80004156 (0x340f1cf3) csrrw   s9, mscratch, t5
core   0: 3 0x80004156 (0x340f1cf3) x25 0x00000000 c832_mscratch 0x00000013
core   0: 0x8000415a (0x00008191) c.srli  a1, 4
core   0: 3 0x8000415a (0x8191) x11 0x00000000
core   0: 0x8000415c (0x0000868d) c.srai  a3, 3
core   0: 3 0x8000415c (0x868d) x13 0x00000000
core   0: 0x8000415e (0x007fec63) bltu    t6, t2, pc + 24
core   0: 3 0x8000415e (0x007fec63)
core   0: 0x80004162 (0x00000001) c.nop
core   0: 3 0x80004162 (0x0001)
core   0: 0x80004164 (0x000082bd) c.srli  a3, 15
core   0: 3 0x80004164 (0x82bd) x13 0x00000000
core   0: 0x80004166 (0x0017f263) bgeu    a5, ra, pc + 4
core   0: 3 0x80004166 (0x0017f263)
core   0: 0x8000416a (0x0c01b013) sltiu   zero, gp, 192
core   0: 3 0x8000416a (0x0c01b013)
core   0: 0x8000416e (0x0000189c) c.addi4spn a5, sp, 112
core   0: 3 0x8000416e (0x189c) x15 0x00000060
core   0: 0x80004170 (0x00000fb2) c.slli  t6, 12
core   0: 3 0x80004170 (0x0fb2) x31 0x00480000
core   0: 0x80004172 (0x00006105) c.addi16sp sp, 32
core   0: 3 0x80004172 (0x6105) x2  0x00000010
core   0: 0x80004174 (0x00008fd5) c.or    a5, a3
core   0: 3 0x80004174 (0x8fd5) x15 0x00000060
core   0: 0x80004176 (0xa3964a93) xori    s5, a2, -1479
core   0: 3 0x80004176 (0xa3964a93) x21 0x7ffda6dd
core   0: 0x8000417a (0x0015e033) or      zero, a1, ra
core   0: 3 0x8000417a (0x0015e033)
core   0: 0x8000417e (0x00008b15) c.andi  a4, 5
core   0: 3 0x8000417e (0x8b15) x14 0x00000001
core   0: 0x80004180 (0x02338233) mul     tp, t2, gp
core   0: 3 0x80004180 (0x02338233) x4  0x00000000
core   0: 0x80004184 (0x00008cc9) c.or    s1, a0
core   0: 3 0x80004184 (0x8cc9) x9  0x0001e0d0
core   0: 0x80004186 (0x0000927a) c.add   tp, t5
core   0: 3 0x80004186 (0x927a) x4  0x00000013
core   0: 0x80004188 (0x00fe0263) beq     t3, a5, pc + 4
core   0: 3 0x80004188 (0x00fe0263)
core   0: 0x8000418c (0xf3964017) auipc   zero, 0xf3964
core   0: 3 0x8000418c (0xf3964017)
core   0: 0x80004190 (0x03121c33) mulh    s8, tp, a7
core   0: 3 0x80004190 (0x03121c33) x24 0x00000000
core   0: 0x80004194 (0x00159093) slli    ra, a1, 1
core   0: 3 0x80004194 (0x00159093) x1  0x00000000
core   0: 0x80004198 (0x03a74833) div     a6, a4, s10
core   0: 3 0x80004198 (0x03a74833) x16 0xffffffff
core   0: 0x8000419c (0x0256b6b3) mulhu   a3, a3, t0
core   0: 3 0x8000419c (0x0256b6b3) x13 0x00000000
core   0: 0x800041a0 (0x030037b3) mulhu   a5, zero, a6
core   0: 3 0x800041a0 (0x030037b3) x15 0x00000000
core   0: 0x800041a4 (0x01481113) slli    sp, a6, 20
core   0: 3 0x800041a4 (0x01481113) x2  0xfff00000
core   0: 0x800041a8 (0x40450b33) sub     s6, a0, tp
core   0: 3 0x800041a8 (0x40450b33) x22 0x000000bd
core   0: 0x800041ac (0x00008cf5) c.and   s1, a3
core   0: 3 0x800041ac (0x8cf5) x9  0x00000000
core   0: 0x800041ae (0x01b48b33) add     s6, s1, s11
core   0: 3 0x800041ae (0x01b48b33) x22 0xfffffebf
core   0: 0x800041b2 (0x0000819a) c.mv    gp, t1
core   0: 3 0x800041b2 (0x819a) x3  0x0007ffff
core   0: 0x800041b4 (0x0356b0b3) mulhu   ra, a3, s5
core   0: 3 0x800041b4 (0x0356b0b3) x1  0x00000000
core   0: 0x800041b8 (0x00008091) c.srli  s1, 4
core   0: 3 0x800041b8 (0x8091) x9  0x00000000
core   0: 0x800041ba (0x017a5533) srl     a0, s4, s7
core   0: 3 0x800041ba (0x017a5533) x10 0x0000d000
core   0: 0x800041be (0x020e7363) bgeu    t3, zero, pc + 38
core   0: 3 0x800041be (0x020e7363)
core   0: 0x800041e4 (0x00b03933) snez    s2, a1
core   0: 3 0x800041e4 (0x00b03933) x18 0x00000000
core   0: 0x800041e8 (0x3409ad73) csrrs   s10, mscratch, s3
core   0: 3 0x800041e8 (0x3409ad73) x26 0x00000013 c832_mscratch 0x00000013
core   0: 0x800041ec (0x000094a6) c.add   s1, s1
core   0: 3 0x800041ec (0x94a6) x9  0x00000000
core   0: 0x800041ee (0x000063c1) c.lui   t2, 0x10
core   0: 3 0x800041ee (0x63c1) x7  0x00010000
core   0: 0x800041f0 (0x00000001) c.nop
core   0: 3 0x800041f0 (0x0001)
core   0: 0x800041f2 (0x00366fb3) or      t6, a2, gp
core   0: 3 0x800041f2 (0x00366fb3) x31 0x8007ffff
core   0: 0x800041f6 (0x41b98ab3) sub     s5, s3, s11
core   0: 3 0x800041f6 (0x41b98ab3) x21 0x00000142
core   0: 0x800041fa (0x0312bd33) mulhu   s10, t0, a7
core   0: 3 0x800041fa (0x0312bd33) x26 0x00000000
core   0: 0x800041fe (0x023e7c63) bgeu    t3, gp, pc + 56
core   0: 3 0x800041fe (0x023e7c63)
core   0: 0x80004236 (0x40240bb3) sub     s7, s0, sp
core   0: 3 0x80004236 (0x40240bb3) x23 0x80100000
core   0: 0x8000423a (0x02ad0a33) mul     s4, s10, a0
core   0: 3 0x8000423a (0x02ad0a33) x20 0x00000000
core   0: 0x8000423e (0x015da4b3) slt     s1, s11, s5
core   0: 3 0x8000423e (0x015da4b3) x9  0x00000001
core   0: 0x80004242 (0x03f767b3) rem     a5, a4, t6
core   0: 3 0x80004242 (0x03f767b3) x15 0x00000001
core   0: 0x80004246 (0x0155e033) or      zero, a1, s5
core   0: 3 0x80004246 (0x0155e033)
core   0: 0x8000424a (0x0ff0000f) fence   iorw,iorw
core   0: 3 0x8000424a (0x0ff0000f)
core   0: 0x8000424e (0x0ff0000f) fence   iorw,iorw
core   0: 3 0x8000424e (0x0ff0000f)
core   0: 0x80004252 (0x003cd363) bge     s9, gp, pc + 6
core   0: 3 0x80004252 (0x003cd363)
core   0: 0x80004256 (0x00000a88) c.addi4spn a0, sp, 336
core   0: 3 0x80004256 (0x0a88) x10 0xfff00150
core   0: 0x80004258 (0x01e3d133) srl     sp, t2, t5
core   0: 3 0x80004258 (0x01e3d133) x2  0x00000000
core   0: 0x8000425c (0x00008fc5) c.or    a5, s1
core   0: 3 0x8000425c (0x8fc5) x15 0x00000001
core   0: 0x8000425e (0x340adff3) csrrwi  t6, mscratch, 21
core   0: 3 0x8000425e (0x340adff3) x31 0x00000013 c832_mscratch 0x00000015
core   0: 0x80004262 (0x0262d2b3) divu    t0, t0, t1
core   0: 3 0x80004262 (0x0262d2b3) x5  0x00000000
core   0: 0x80004266 (0x005144b3) xor     s1, sp, t0
core   0: 3 0x80004266 (0x005144b3) x9  0x00000000
core   0: 0x8000426a (0x00008dc1) c.or    a1, s0
core   0: 3 0x8000426a (0x8dc1) x11 0x80000000
core   0: 0x8000426c (0x0000e1a9) c.bnez  a1, pc + 66
core   0: 3 0x8000426c (0xe1a9)
core   0: 0x800042ae (0xd2584b13) xori    s6, a6, -731
core   0: 3 0x800042ae (0xd2584b13) x22 0x000002da
core   0: 0x800042b2 (0x41f50d33) sub     s10, a0, t6
core   0: 3 0x800042b2 (0x41f50d33) x26 0xfff0013d
core   0: 0x800042b6 (0x2496ed93) ori     s11, a3, 585
core   0: 3 0x800042b6 (0x2496ed93) x27 0x00000249
core   0: 0x800042ba (0x340033f3) csrrc   t2, mscratch, zero
core   0: 3 0x800042ba (0x340033f3) x7  0x00000015
core   0: 0x800042be (0xc8b07913) andi    s2, zero, -885
core   0: 3 0x800042be (0xc8b07913) x18 0x00000000
core   0: 0x800042c2 (0x0000879d) c.srai  a5, 7
core   0: 3 0x800042c2 (0x879d) x15 0x00000000
core   0: 0x800042c4 (0xb2734713) xori    a4, t1, -1241
core   0: 3 0x800042c4 (0xb2734713) x14 0xfff804d8
core   0: 0x800042c8 (0x0000ee99) c.bnez  a3, pc + 30
core   0: 3 0x800042c8 (0xee99)
core   0: 0x800042ca (0x006bd033) srl     zero, s7, t1
core   0: 3 0x800042ca (0x006bd033)
core   0: 0x800042ce (0x03ed9ab3) mulh    s5, s11, t5
core   0: 3 0x800042ce (0x03ed9ab3) x21 0x00000000
core   0: 0x800042d2 (0x01376133) or      sp, a4, s3
core   0: 3 0x800042d2 (0x01376133) x2  0xfff804d9
core   0: 0x800042d6 (0x0006d4b3) srl     s1, a3, zero
core   0: 3 0x800042d6 (0x0006d4b3) x9  0x00000000
core   0: 0x800042da (0x00009d16) c.add   s10, t0
core   0: 3 0x800042da (0x9d16) x26 0xfff0013d
core   0: 0x800042dc (0x00000cce) c.slli  s9, 19
core   0: 3 0x800042dc (0x0cce) x25 0x00000000
core   0: 0x800042de (0x3404a5f3) csrrs   a1, mscratch, s1
core   0: 3 0x800042de (0x3404a5f3) x11 0x00000015 c832_mscratch 0x00000015
core   0: 0x800042e2 (0x031ab233) mulhu   tp, s5, a7
core   0: 3 0x800042e2 (0x031ab233) x4  0x00000000
core   0: 0x800042e6 (0x0000100f) fence.i
core   0: 3 0x800042e6 (0x0000100f)
core   0: 0x800042ea (0x40eedf13) srai    t5, t4, 14
core   0: 3 0x800042ea (0x40eedf13) x30 0x00000000
core   0: 0x800042ee (0x015cc1b3) xor     gp, s9, s5
core   0: 3 0x800042ee (0x015cc1b3) x3  0x00000000
core   0: 0x800042f2 (0x031d16b3) mulh    a3, s10, a7
core   0: 3 0x800042f2 (0x031d16b3) x13 0x00000000
core   0: 0x800042f6 (0x0000e795) c.bnez  a5, pc + 44
core   0: 3 0x800042f6 (0xe795)
core   0: 0x800042f8 (0x00009bfd) c.andi  a5, -1
core   0: 3 0x800042f8 (0x9bfd) x15 0x00000000
core   0: 0x800042fa (0x01661093) slli    ra, a2, 22
core   0: 3 0x800042fa (0x01661093) x1  0x39000000
core   0: 0x800042fe (0x00008319) c.srli  a4, 6
core   0: 3 0x800042fe (0x8319) x14 0x03ffe013
core   0: 0x80004300 (0x01504e63) blt     zero, s5, pc + 28
core   0: 3 0x80004300 (0x01504e63)
core   0: 0x80004304 (0x0ff0000f) fence   iorw,iorw
core   0: 3 0x80004304 (0x0ff0000f)
core   0: 0x80004308 (0x032dd5b3) divu    a1, s11, s2
core   0: 3 0x80004308 (0x032dd5b3) x11 0xffffffff
core   0: 0x8000430c (0x012feeb3) or      t4, t6, s2
core   0: 3 0x8000430c (0x012feeb3) x29 0x00000013
core   0: 0x80004310 (0x00536bb3) or      s7, t1, t0
core   0: 3 0x80004310 (0x00536bb3) x23 0x0007ffff
core   0: 0x80004314 (0x41155a33) sra     s4, a0, a7
core   0: 3 0x80004314 (0x41155a33) x20 0xfff00150
core   0: 0x80004318 (0x0119dc93) srli    s9, s3, 17
core   0: 3 0x80004318 (0x0119dc93) x25 0x00000000
core   0: 0x8000431c (0x000059fd) c.li    s3, -1
core   0: 3 0x8000431c (0x59fd) x19 0xffffffff
core   0: 0x8000431e (0x00ca1193) slli    gp, s4, 12
core   0: 3 0x8000431e (0x00ca1193) x3  0x00150000
core   0: 0x80004322 (0xf89ab993) sltiu   s3, s5, -119
core   0: 3 0x80004322 (0xf89ab993) x19 0x00000001
core   0: 0x80004326 (0x03dcb233) mulhu   tp, s9, t4
core   0: 3 0x80004326 (0x03dcb233) x4  0x00000000
core   0: 0x8000432a (0x34007273) csrrci  tp, mscratch, 0
core   0: 3 0x8000432a (0x34007273) x4  0x00000015
core   0: 0x8000432e (0x3405bf73) csrrc   t5, mscratch, a1
core   0: 3 0x8000432e (0x3405bf73) x30 0x00000015 c832_mscratch 0x00000000
core   0: 0x80004332 (0x00008ed1) c.or    a3, a2
core   0: 3 0x80004332 (0x8ed1) x13 0x80025ce4
core   0: 0x80004334 (0x34002ef3) csrr    t4, mscratch
core   0: 3 0x80004334 (0x34002ef3) x29 0x00000000
core   0: 0x80004338 (0x01da1f33) sll     t5, s4, t4
core   0: 3 0x80004338 (0x01da1f33) x30 0xfff00150
core   0: 0x8000433c (0x0135c663) blt     a1, s3, pc + 12
core   0: 3 0x8000433c (0x0135c663)
core   0: 0x80004348 (0x01914663) blt     sp, s9, pc + 12
core   0: 3 0x80004348 (0x01914663)
core   0: 0x80004354 (0x0000e185) c.bnez  a1, pc + 32
core   0: 3 0x80004354 (0xe185)
core   0: 0x80004374 (0x02e49cb3) mulh    s9, s1, a4
core   0: 3 0x80004374 (0x02e49cb3) x25 0x00000000
core   0: 0x80004378 (0x00ad5713) srli    a4, s10, 10
core   0: 3 0x80004378 (0x00ad5713) x14 0x003ffc00
core   0: 0x8000437c (0x99d66717) auipc   a4, 0x99d66
core   0: 3 0x8000437c (0x99d66717) x14 0x19d6a37c
core   0: 0x80004380 (0x00661363) bne     a2, t1, pc + 6
core   0: 3 0x80004380 (0x00661363)
core   0: 0x80004386 (0x00008d9d) c.sub   a1, a5
core   0: 3 0x80004386 (0x8d9d) x11 0xffffffff
core   0: 0x80004388 (0x00008f41) c.or    a4, s0
core   0: 3 0x80004388 (0x8f41) x14 0x99d6a37c
core   0: 0x8000438a (0x04506563) bltu    zero, t0, pc + 74
core   0: 3 0x8000438a (0x04506563)
core   0: 0x8000438e (0x02310763) beq     sp, gp, pc + 46
core   0: 3 0x8000438e (0x02310763)
core   0: 0x80004392 (0xe7bb8c13) addi    s8, s7, -389
core   0: 3 0x80004392 (0xe7bb8c13) x24 0x0007fe7a
core   0: 0x80004396 (0x02997163) bgeu    s2, s1, pc + 34
core   0: 3 0x80004396 (0x02997163)
core   0: 0x800043b8 (0x025d0333) mul     t1, s10, t0
core   0: 3 0x800043b8 (0x025d0333) x6  0x00000000
core   0: 0x800043bc (0x039f5a33) divu    s4, t5, s9
core   0: 3 0x800043bc (0x039f5a33) x20 0xffffffff
core   0: 0x800043c0 (0x000a5733) srl     a4, s4, zero
core   0: 3 0x800043c0 (0x000a5733) x14 0xffffffff
core   0: 0x800043c4 (0x00e149b3) xor     s3, sp, a4
core   0: 3 0x800043c4 (0x00e149b3) x19 0x0007fb26
core   0: 0x800043c8 (0x02fcf6b3) remu    a3, s9, a5
core   0: 3 0x800043c8 (0x02fcf6b3) x13 0x00000000
core   0: 0x800043cc (0x00fe9b63) bne     t4, a5, pc + 22
core   0: 3 0x800043cc (0x00fe9b63)
core   0: 0x800043d0 (0x000066f1) c.lui   a3, 0x1c
core   0: 3 0x800043d0 (0x66f1) x13 0x0001c000
core   0: 0x800043d2 (0x000086be) c.mv    a3, a5
core   0: 3 0x800043d2 (0x86be) x13 0x00000000
core   0: 0x800043d4 (0x4cfa0197) auipc   gp, 0x4cfa0
core   0: 3 0x800043d4 (0x4cfa0197) x3  0xccfa43d4
core   0: 0x800043d8 (0x00001918) c.addi4spn a4, sp, 176
core   0: 3 0x800043d8 (0x1918) x14 0xfff80589
core   0: 0x800043da (0x0000100f) fence.i
core   0: 3 0x800043da (0x0000100f)
core   0: 0x800043de (0x0fd9b313) sltiu   t1, s3, 253
core   0: 3 0x800043de (0x0fd9b313) x6  0x00000000
core   0: 0x800043e2 (0x01ad96b3) sll     a3, s11, s10
core   0: 3 0x800043e2 (0x01ad96b3) x13 0x20000000
core   0: 0x800043e6 (0x01c6d7b3) srl     a5, a3, t3
core   0: 3 0x800043e6 (0x01c6d7b3) x15 0x02000000
core   0: 0x800043ea (0x03cc65b3) rem     a1, s8, t3
core   0: 3 0x800043ea (0x03cc65b3) x11 0x0007fe7a
core   0: 0x800043ee (0x00e1b2b3) sltu    t0, gp, a4
core   0: 3 0x800043ee (0x00e1b2b3) x5  0x00000001
core   0: 0x800043f2 (0x340e31f3) csrrc   gp, mscratch, t3
core   0: 3 0x800043f2 (0x340e31f3) x3  0x00000000 c832_mscratch 0x00000000
core   0: 0x800043f6 (0x0238aeb3) mulhsu  t4, a7, gp
core   0: 3 0x800043f6 (0x0238aeb3) x29 0x00000000
core   0: 0x800043fa (0x340077f3) csrrci  a5, mscratch, 0
core   0: 3 0x800043fa (0x340077f3) x15 0x00000000
core   0: 0x800043fe (0x023be6b3) rem     a3, s7, gp
core   0: 3 0x800043fe (0x023be6b3) x13 0x0007ffff
core   0: 0x80004402 (0x00000246) c.slli  tp, 17
core   0: 3 0x80004402 (0x0246) x4  0x002a0000
core   0: 0x80004404 (0x0000717d) c.addi16sp sp, -16
core   0: 3 0x80004404 (0x717d) x2  0xfff804c9
core   0: 0x80004406 (0x02b1c033) div     zero, gp, a1
core   0: 3 0x80004406 (0x02b1c033)
core   0: 0x8000440a (0x03d91a63) bne     s2, t4, pc + 52
core   0: 3 0x8000440a (0x03d91a63)
core   0: 0x8000440e (0x00004865) c.li    a6, 25
core   0: 3 0x8000440e (0x4865) x16 0x00000019
core   0: 0x80004410 (0x000015fd) c.addi  a1, -1
core   0: 3 0x80004410 (0x15fd) x11 0x0007fe79
core   0: 0x80004412 (0xce213517) auipc   a0, 0xce213
core   0: 3 0x80004412 (0xce213517) x10 0x4e217412
core   0: 0x80004416 (0x00008ea5) c.xor   a3, s1
core   0: 3 0x80004416 (0x8ea5) x13 0x0007ffff
core   0: 0x80004418 (0x00e1da13) srli    s4, gp, 14
core   0: 3 0x80004418 (0x00e1da13) x20 0x00000000
core   0: 0x8000441c (0x03650933) mul     s2, a0, s6
core   0: 3 0x8000441c (0x03650933) x18 0xcb64fb54
core   0: 0x80004420 (0x00008c9d) c.sub   s1, a5
core   0: 3 0x80004420 (0x8c9d) x9  0x00000000
core   0: 0x80004422 (0x00000001) c.nop
core   0: 3 0x80004422 (0x0001)
core   0: 0x80004424 (0x021e78b3) remu    a7, t3, ra
core   0: 3 0x80004424 (0x021e78b3) x17 0x0e021e64
core   0: 0x80004428 (0x00008cc9) c.or    s1, a0
core   0: 3 0x80004428 (0x8cc9) x9  0x4e217412
core   0: 0x8000442a (0x037ab6b3) mulhu   a3, s5, s7
core   0: 3 0x8000442a (0x037ab6b3) x13 0x00000000
core   0: 0x8000442e (0x000084e9) c.srai  s1, 26
core   0: 3 0x8000442e (0x84e9) x9  0x00000013
core   0: 0x80004430 (0x00601e93) slli    t4, zero, 6
core   0: 3 0x80004430 (0x00601e93) x29 0x00000000
core   0: 0x80004434 (0x000099fd) c.andi  a1, -1
core   0: 3 0x80004434 (0x99fd) x11 0x0007fe79
core   0: 0x80004436 (0x038902b3) mul     t0, s2, s8
core   0: 3 0x80004436 (0x038902b3) x5  0xfec91e08
core   0: 0x8000443a (0x00008d45) c.or    a0, s1
core   0: 3 0x8000443a (0x8d45) x10 0x4e217413
core   0: 0x8000443c (0x0000e199) c.bnez  a1, pc + 6
core   0: 3 0x8000443c (0xe199)
core   0: 0x80004442 (0x4b5eff37) lui     t5, 0x4b5ef
core   0: 3 0x80004442 (0x4b5eff37) x30 0x4b5ef000
core   0: 0x80004446 (0x00901593) slli    a1, zero, 9
core   0: 3 0x80004446 (0x00901593) x11 0x00000000
core   0: 0x8000444a (0x002750b3) srl     ra, a4, sp
core   0: 3 0x8000444a (0x002750b3) x1  0x007ffc02
core   0: 0x8000444e (0x245c0f93) addi    t6, s8, 581
core   0: 3 0x8000444e (0x245c0f93) x31 0x000800bf
core   0: 0x80004452 (0x01789593) slli    a1, a7, 23
core   0: 3 0x80004452 (0x01789593) x11 0x32000000
core   0: 0x80004456 (0x009a8a63) beq     s5, s1, pc + 20
core   0: 3 0x80004456 (0x009a8a63)
core   0: 0x8000445a (0x019f1d33) sll     s10, t5, s9
core   0: 3 0x8000445a (0x019f1d33) x26 0x4b5ef000
core   0: 0x8000445e (0x38134713) xori    a4, t1, 897
core   0: 3 0x8000445e (0x38134713) x14 0x00000381
core   0: 0x80004462 (0x01579b63) bne     a5, s5, pc + 22
core   0: 3 0x80004462 (0x01579b63)
core   0: 0x80004466 (0x03a18663) beq     gp, s10, pc + 44
core   0: 3 0x80004466 (0x03a18663)
core   0: 0x8000446a (0x0000527d) c.li    tp, -1
core   0: 3 0x8000446a (0x527d) x4  0xffffffff
core   0: 0x8000446c (0xa068b913) sltiu   s2, a7, -1530
core   0: 3 0x8000446c (0xa068b913) x18 0x00000001
core   0: 0x80004470 (0x03270933) mul     s2, a4, s2
core   0: 3 0x80004470 (0x03270933) x18 0x00000381
core   0: 0x80004474 (0x004adf13) srli    t5, s5, 4
core   0: 3 0x80004474 (0x004adf13) x30 0x00000000
core   0: 0x80004478 (0x00000001) c.nop
core   0: 3 0x80004478 (0x0001)
core   0: 0x8000447a (0x34043b73) csrrc   s6, mscratch, s0
core   0: 3 0x8000447a (0x34043b73) x22 0x00000000 c832_mscratch 0x00000000
core   0: 0x8000447e (0x02524763) blt     tp, t0, pc + 46
core   0: 3 0x8000447e (0x02524763)
core   0: 0x80004482 (0x00280d33) add     s10, a6, sp
core   0: 3 0x80004482 (0x00280d33) x26 0xfff804e2
core   0: 0x80004486 (0x409c8fb3) sub     t6, s9, s1
core   0: 3 0x80004486 (0x409c8fb3) x31 0xffffffed
core   0: 0x8000448a (0x04961063) bne     a2, s1, pc + 64
core   0: 3 0x8000448a (0x04961063)
core   0: 0x800044ca (0x02a65363) bge     a2, a0, pc + 38
core   0: 3 0x800044ca (0x02a65363)
core   0: 0x800044ce (0x340f11f3) csrrw   gp, mscratch, t5
core   0: 3 0x800044ce (0x340f11f3) x3  0x00000000 c832_mscratch 0x00000000
core   0: 0x800044d2 (0x0000717d) c.addi16sp sp, -16
core   0: 3 0x800044d2 (0x717d) x2  0xfff804b9
core   0: 0x800044d4 (0x03eedc33) divu    s8, t4, t5
core   0: 3 0x800044d4 (0x03eedc33) x24 0xffffffff
core   0: 0x800044d8 (0x00006fb1) c.lui   t6, 0xc
core   0: 3 0x800044d8 (0x6fb1) x31 0x0000c000
core   0: 0x800044da (0x006682b3) add     t0, a3, t1
core   0: 3 0x800044da (0x006682b3) x5  0x00000000
core   0: 0x800044de (0x06330193) addi    gp, t1, 99
core   0: 3 0x800044de (0x06330193) x3  0x00000063
core   0: 0x800044e2 (0x00818b33) add     s6, gp, s0
core   0: 3 0x800044e2 (0x00818b33) x22 0x80000063
core   0: 0x800044e6 (0x01b0d333) srl     t1, ra, s11
core   0: 3 0x800044e6 (0x01b0d333) x6  0x00003ffe
core   0: 0x800044ea (0x340fdd73) csrrwi  s10, mscratch, 31
core   0: 3 0x800044ea (0x340fdd73) x26 0x00000000 c832_mscratch 0x0000001f
core   0: 0x800044ee (0x00000fe6) c.slli  t6, 25
core   0: 3 0x800044ee (0x0fe6) x31 0x00000000
core   0: 0x800044f0 (0x02eaab33) mulhsu  s6, s5, a4
core   0: 3 0x800044f0 (0x02eaab33) x22 0x00000000
core   0: 0x800044f4 (0x03ca0fb3) mul     t6, s4, t3
core   0: 3 0x800044f4 (0x03ca0fb3) x31 0x00000000
core   0: 0x800044f8 (0x00288cb3) add     s9, a7, sp
core   0: 3 0x800044f8 (0x00288cb3) x25 0x0dfa231d
core   0: 0x800044fc (0x00006ad1) c.lui   s5, 0x14
core   0: 3 0x800044fc (0x6ad1) x21 0x00014000
core   0: 0x800044fe (0x024b00b3) mul     ra, s6, tp
core   0: 3 0x800044fe (0x024b00b3) x1  0x00000000
core   0: 0x80004502 (0x000081d1) c.srli  a1, 20
core   0: 3 0x80004502 (0x81d1) x11 0x00000320
core   0: 0x80004504 (0x34052ef3) csrrs   t4, mscratch, a0
core   0: 3 0x80004504 (0x34052ef3) x29 0x0000001f c832_mscratch 0x4e21741f
core   0: 0x80004508 (0x02581c63) bne     a6, t0, pc + 56
core   0: 3 0x80004508 (0x02581c63)
core   0: 0x80004540 (0x00c56133) or      sp, a0, a2
core   0: 3 0x80004540 (0x00c56133) x2  0xce237cf7
core   0: 0x80004544 (0x0ff0000f) fence   iorw,iorw
core   0: 3 0x80004544 (0x0ff0000f)
core   0: 0x80004548 (0x340028f3) csrr    a7, mscratch
core   0: 3 0x80004548 (0x340028f3) x17 0x4e21741f
core   0: 0x8000454c (0x00008eb5) c.xor   a3, a3
core   0: 3 0x8000454c (0x8eb5) x13 0x00000000
core   0: 0x8000454e (0x00008d55) c.or    a0, a3
core   0: 3 0x8000454e (0x8d55) x10 0x4e217413
core   0: 0x80004550 (0x0122a9b3) slt     s3, t0, s2
core   0: 3 0x80004550 (0x0122a9b3) x19 0x00000001
core   0: 0x80004554 (0x0000100f) fence.i
core   0: 3 0x80004554 (0x0000100f)
core   0: 0x80004558 (0x00e8b8b3) sltu    a7, a7, a4
core   0: 3 0x80004558 (0x00e8b8b3) x17 0x00000000
core   0: 0x8000455c (0x037b0eb3) mul     t4, s6, s7
core   0: 3 0x8000455c (0x037b0eb3) x29 0x00000000
core   0: 0x80004560 (0x00f76363) bltu    a4, a5, pc + 6
core   0: 3 0x80004560 (0x00f76363)
core   0: 0x80004564 (0x00008cf5) c.and   s1, a3
core   0: 3 0x80004564 (0x8cf5) x9  0x00000000
core   0: 0x80004566 (0x0000100f) fence.i
core   0: 3 0x80004566 (0x0000100f)
core   0: 0x8000456a (0x0009c7b3) xor     a5, s3, zero
core   0: 3 0x8000456a (0x0009c7b3) x15 0x00000001
core   0: 0x8000456e (0x0072fe63) bgeu    t0, t2, pc + 28
core   0: 3 0x8000456e (0x0072fe63)
core   0: 0x80004572 (0x00000001) c.nop
core   0: 3 0x80004572 (0x0001)
core   0: 0x80004574 (0x406a8db3) sub     s11, s5, t1
core   0: 3 0x80004574 (0x406a8db3) x27 0x00010002
core   0: 0x80004578 (0x00000001) c.nop
core   0: 3 0x80004578 (0x0001)
core   0: 0x8000457a (0x00008ded) c.and   a1, a1
core   0: 3 0x8000457a (0x8ded) x11 0x00000320
core   0: 0x8000457c (0x0000ef09) c.bnez  a4, pc + 26
core   0: 3 0x8000457c (0xef09)
core   0: 0x80004596 (0x03daedb3) rem     s11, s5, t4
core   0: 3 0x80004596 (0x03daedb3) x27 0x00014000
core   0: 0x8000459a (0x02b91533) mulh    a0, s2, a1
core   0: 3 0x8000459a (0x02b91533) x10 0x00000000
core   0: 0x8000459e (0x0ff0000f) fence   iorw,iorw
core   0: 3 0x8000459e (0x0ff0000f)
core   0: 0x800045a2 (0x34003073) csrc    mscratch, zero
core   0: 3 0x800045a2 (0x34003073)
core   0: 0x800045a6 (0x0051bd33) sltu    s10, gp, t0
core   0: 3 0x800045a6 (0x0051bd33) x26 0x00000000
core   0: 0x800045aa (0x00008c89) c.sub   s1, a0
core   0: 3 0x800045aa (0x8c89) x9  0x00000000
core   0: 0x800045ac (0x017a41b3) xor     gp, s4, s7
core   0: 3 0x800045ac (0x017a41b3) x3  0x0007ffff
core   0: 0x800045b0 (0x340413f3) csrrw   t2, mscratch, s0
core   0: 3 0x800045b0 (0x340413f3) x7  0x4e21741f c832_mscratch 0x80000000
core   0: 0x800045b4 (0x34045873) csrrwi  a6, mscratch, 8
core   0: 3 0x800045b4 (0x34045873) x16 0x80000000 c832_mscratch 0x00000008
core   0: 0x800045b8 (0x000064c5) c.lui   s1, 0x11
core   0: 3 0x800045b8 (0x64c5) x9  0x00011000
core   0: 0x800045ba (0x0008d8b3) srl     a7, a7, zero
core   0: 3 0x800045ba (0x0008d8b3) x17 0x00000000
core   0: 0x800045be (0x01544c63) blt     s0, s5, pc + 24
core   0: 3 0x800045be (0x01544c63)
core   0: 0x800045d6 (0x00399e93) slli    t4, s3, 3
core   0: 3 0x800045d6 (0x00399e93) x29 0x00000008
core   0: 0x800045da (0x000058fd) c.li    a7, -1
core   0: 3 0x800045da (0x58fd) x17 0xffffffff
core   0: 0x800045dc (0x408a02b3) sub     t0, s4, s0
core   0: 3 0x800045dc (0x408a02b3) x5  0x80000000
core   0: 0x800045e0 (0x00000001) c.nop
core   0: 3 0x800045e0 (0x0001)
core   0: 0x800045e2 (0x01fbb333) sltu    t1, s7, t6
core   0: 3 0x800045e2 (0x01fbb333) x6  0x00000000
core   0: 0x800045e6 (0x03afe663) bltu    t6, s10, pc + 44
core   0: 3 0x800045e6 (0x03afe663)
core   0: 0x800045ea (0x34f7f993) andi    s3, a5, 847
core   0: 3 0x800045ea (0x34f7f993) x19 0x00000001
core   0: 0x800045ee (0x7dc2c797) auipc   a5, 0x7dc2c
core   0: 3 0x800045ee (0x7dc2c797) x15 0xfdc305ee
core   0: 0x800045f2 (0x34006a73) csrrsi  s4, mscratch, 0
core   0: 3 0x800045f2 (0x34006a73) x20 0x00000008
core   0: 0x800045f6 (0x34029d73) csrrw   s10, mscratch, t0
core   0: 3 0x800045f6 (0x34029d73) x26 0x00000008 c832_mscratch 0x80000000
core   0: 0x800045fa (0x3f144693) xori    a3, s0, 1009
core   0: 3 0x800045fa (0x3f144693) x13 0x800003f1
core   0: 0x800045fe (0x00f1d1b3) srl     gp, gp, a5
core   0: 3 0x800045fe (0x00f1d1b3) x3  0x0000001f
core   0: 0x80004602 (0x03981033) mulh    zero, a6, s9
core   0: 3 0x80004602 (0x03981033)
core   0: 0x80004606 (0x03b85363) bge     a6, s11, pc + 38
core   0: 3 0x80004606 (0x03b85363)
core   0: 0x8000460a (0x321aea93) ori     s5, s5, 801
core   0: 3 0x8000460a (0x321aea93) x21 0x00014321
core   0: 0x8000460e (0x340294f3) csrrw   s1, mscratch, t0
core   0: 3 0x8000460e (0x340294f3) x9  0x80000000 c832_mscratch 0x80000000
core   0: 0x80004612 (0x000088a9) c.andi  s1, 10
core   0: 3 0x80004612 (0x88a9) x9  0x00000000
core   0: 0x80004614 (0x00008ca5) c.xor   s1, s1
core   0: 3 0x80004614 (0x8ca5) x9  0x00000000
core   0: 0x80004616 (0x00008d19) c.sub   a0, a4
core   0: 3 0x80004616 (0x8d19) x10 0xfffffc7f
core   0: 0x80004618 (0x002654b3) srl     s1, a2, sp
core   0: 3 0x80004618 (0x002654b3) x9  0x00000100
core   0: 0x8000461c (0x340d5df3) csrrwi  s11, mscratch, 26
core   0: 3 0x8000461c (0x340d5df3) x27 0x80000000 c832_mscratch 0x0000001a
core   0: 0x80004620 (0x01ad76b3) and     a3, s10, s10
core   0: 3 0x80004620 (0x01ad76b3) x13 0x00000008
core   0: 0x80004624 (0x03a59f33) mulh    t5, a1, s10
core   0: 3 0x80004624 (0x03a59f33) x30 0x00000000
core   0: 0x80004628 (0x00008f01) c.sub   a4, s0
core   0: 3 0x80004628 (0x8f01) x14 0x80000381
core   0: 0x8000462a (0x00008549) c.srai  a0, 18
core   0: 3 0x8000462a (0x8549) x10 0xffffffff
core   0: 0x8000462c (0x02a99cb3) mulh    s9, s3, a0
core   0: 3 0x8000462c (0x02a99cb3) x25 0xffffffff
core   0: 0x80004630 (0x58246313) ori     t1, s0, 1410
core   0: 3 0x80004630 (0x58246313) x6  0x80000582
core   0: 0x80004634 (0x00675363) bge     a4, t1, pc + 6
core   0: 3 0x80004634 (0x00675363)
core   0: 0x80004638 (0x0000c695) c.beqz  a3, pc + 44
core   0: 3 0x80004638 (0xc695)
core   0: 0x8000463a (0x0000c099) c.beqz  s1, pc + 6
core   0: 3 0x8000463a (0xc099)
core   0: 0x8000463c (0x2604d7b7) lui     a5, 0x2604d
core   0: 3 0x8000463c (0x2604d7b7) x15 0x2604d000
core   0: 0x80004640 (0x01e8d0b3) srl     ra, a7, t5
core   0: 3 0x80004640 (0x01e8d0b3) x1  0xffffffff
core   0: 0x80004644 (0x000083d5) c.srli  a5, 21
core   0: 3 0x80004644 (0x83d5) x15 0x00000130
core   0: 0x80004646 (0x0000e519) c.bnez  a0, pc + 14
core   0: 3 0x80004646 (0xe519)
core   0: 0x80004654 (0x00008d79) c.and   a0, a4
core   0: 3 0x80004654 (0x8d79) x10 0x80000381
core   0: 0x80004656 (0x000083fa) c.mv    t2, t5
core   0: 3 0x80004656 (0x83fa) x7  0x00000000
core   0: 0x80004658 (0x00f47933) and     s2, s0, a5
core   0: 3 0x80004658 (0x00f47933) x18 0x00000000
core   0: 0x8000465c (0x40e183b3) sub     t2, gp, a4
core   0: 3 0x8000465c (0x40e183b3) x7  0x7ffffc9e
core   0: 0x80004660 (0x00000001) c.nop
core   0: 3 0x80004660 (0x0001)
core   0: 0x80004662 (0x00000152) c.slli  sp, 20
core   0: 3 0x80004662 (0x0152) x2  0xcf700000
core   0: 0x80004664 (0x340037f3) csrrc   a5, mscratch, zero
core   0: 3 0x80004664 (0x340037f3) x15 0x0000001a
core   0: 0x80004668 (0x00008ce1) c.and   s1, s0
core   0: 3 0x80004668 (0x8ce1) x9  0x00000000
core   0: 0x8000466a (0x03956e63) bltu    a0, s9, pc + 60
core   0: 3 0x8000466a (0x03956e63)
core   0: 0x800046a6 (0x0ff0000f) fence   iorw,iorw
core   0: 3 0x800046a6 (0x0ff0000f)
core   0: 0x800046aa (0x00008791) c.srai  a5, 4
core   0: 3 0x800046aa (0x8791) x15 0x00000001
core   0: 0x800046ac (0xbfe68d13) addi    s10, a3, -1026
core   0: 3 0x800046ac (0xbfe68d13) x26 0xfffffc06
core   0: 0x800046b0 (0x340338f3) csrrc   a7, mscratch, t1
core   0: 3 0x800046b0 (0x340338f3) x17 0x0000001a c832_mscratch 0x00000018
core   0: 0x800046b4 (0x0088a133) slt     sp, a7, s0
core   0: 3 0x800046b4 (0x0088a133) x2  0x00000000
core   0: 0x800046b8 (0x02ba7363) bgeu    s4, a1, pc + 38
core   0: 3 0x800046b8 (0x02ba7363)
core   0: 0x800046bc (0x00009b32) c.add   s6, a2
core   0: 3 0x800046bc (0x9b32) x22 0x80025ce4
core   0: 0x800046be (0x03150cb3) mul     s9, a0, a7
core   0: 3 0x800046be (0x03150cb3) x25 0x00005b1a
core   0: 0x800046c2 (0x67a22e93) slti    t4, tp, 1658
core   0: 3 0x800046c2 (0x67a22e93) x29 0x00000001
core   0: 0x800046c6 (0x81b50b97) auipc   s7, 0x81b50
core   0: 3 0x800046c6 (0x81b50b97) x23 0x01b546c6
core   0: 0x800046ca (0x0079b5b3) sltu    a1, s3, t2
core   0: 3 0x800046ca (0x0079b5b3) x11 0x00000001
core   0: 0x800046ce (0x0000e289) c.bnez  a3, pc + 2
core   0: 3 0x800046ce (0xe289)
core   0: 0x800046d0 (0x3408bb73) csrrc   s6, mscratch, a7
core   0: 3 0x800046d0 (0x3408bb73) x22 0x00000018 c832_mscratch 0x00000000
core   0: 0x800046d4 (0x00000001) c.nop
core   0: 3 0x800046d4 (0x0001)
core   0: 0x800046d6 (0x41b65cb3) sra     s9, a2, s11
core   0: 3 0x800046d6 (0x41b65cb3) x25 0x80025ce4
core   0: 0x800046da (0xca37b913) sltiu   s2, a5, -861
core   0: 3 0x800046da (0xca37b913) x18 0x00000001
core   0: 0x800046de (0x7721a813) slti    a6, gp, 1906
core   0: 3 0x800046de (0x7721a813) x16 0x00000001
core   0: 0x800046e2 (0x00001d7d) c.addi  s10, -1
core   0: 3 0x800046e2 (0x1d7d) x26 0xfffffc05
core   0: 0x800046e4 (0x01750c63) beq     a0, s7, pc + 24
core   0: 3 0x800046e4 (0x01750c63)
core   0: 0x800046e8 (0x0000c715) c.beqz  a4, pc + 44
core   0: 3 0x800046e8 (0xc715)
core   0: 0x800046ea (0x69f3b197) auipc   gp, 0x69f3b
core   0: 3 0x800046ea (0x69f3b197) x3  0xe9f3f6ea
core   0: 0x800046ee (0x029dca33) div     s4, s11, s1
core   0: 3 0x800046ee (0x029dca33) x20 0xffffffff
core   0: 0x800046f2 (0x0000050a) c.slli  a0, 2
core   0: 3 0x800046f2 (0x050a) x10 0x00000e04
core   0: 0x800046f4 (0x00509333) sll     t1, ra, t0
core   0: 3 0x800046f4 (0x00509333) x6  0xffffffff
core   0: 0x800046f8 (0xf87ef7b7) lui     a5, 0xf87ef
core   0: 3 0x800046f8 (0xf87ef7b7) x15 0xf87ef000
core   0: 0x800046fc (0x018ee5b3) or      a1, t4, s8
core   0: 3 0x800046fc (0x018ee5b3) x11 0xffffffff
core   0: 0x80004700 (0x00006a05) c.lui   s4, 0x1
core   0: 3 0x80004700 (0x6a05) x20 0x00001000
core   0: 0x80004702 (0x8755c813) xori    a6, a1, -1931
core   0: 3 0x80004702 (0x8755c813) x16 0x0000078a
core   0: 0x80004706 (0x0129cdb3) xor     s11, s3, s2
core   0: 3 0x80004706 (0x0129cdb3) x27 0x00000000
core   0: 0x8000470a (0x0ff0000f) fence   iorw,iorw
core   0: 3 0x8000470a (0x0ff0000f)
core   0: 0x8000470e (0x352bab13) slti    s6, s7, 850
core   0: 3 0x8000470e (0x352bab13) x22 0x00000000
core   0: 0x80004712 (0x00008125) c.srli  a0, 9
core   0: 3 0x80004712 (0x8125) x10 0x00000007
core   0: 0x80004714 (0x02bb3cb3) mulhu   s9, s6, a1
core   0: 3 0x80004714 (0x02bb3cb3) x25 0x00000000
core   0: 0x80004718 (0x0511e263) bltu    gp, a7, pc + 68
core   0: 3 0x80004718 (0x0511e263)
core   0: 0x8000471c (0x00008d51) c.or    a0, a2
core   0: 3 0x8000471c (0x8d51) x10 0x80025ce7
core   0: 0x8000471e (0x00008cd9) c.or    s1, a4
core   0: 3 0x8000471e (0x8cd9) x9  0x80000381
core   0: 0x80004720 (0x340015f3) csrrw   a1, mscratch, zero
core   0: 3 0x80004720 (0x340015f3) x11 0x00000000 c832_mscratch 0x00000000
core   0: 0x80004724 (0x00a2cfb3) xor     t6, t0, a0
core   0: 3 0x80004724 (0x00a2cfb3) x31 0x00025ce7
core   0: 0x80004728 (0x00617c33) and     s8, sp, t1
core   0: 3 0x80004728 (0x00617c33) x24 0x00000000
core   0: 0x8000472c (0x6a474d93) xori    s11, a4, 1700
core   0: 3 0x8000472c (0x6a474d93) x27 0x80000525
core   0: 0x80004730 (0x011a1c33) sll     s8, s4, a7
core   0: 3 0x80004730 (0x011a1c33) x24 0x00000000
core   0: 0x80004734 (0x000069f9) c.lui   s3, 0x1e
core   0: 3 0x80004734 (0x69f9) x19 0x0001e000
core   0: 0x80004736 (0x026dda33) divu    s4, s11, t1
core   0: 3 0x80004736 (0x026dda33) x20 0x00000000
core   0: 0x8000473a (0x023917b3) mulh    a5, s2, gp
core   0: 3 0x8000473a (0x023917b3) x15 0xffffffff
core   0: 0x8000473e (0x000084e1) c.srai  s1, 24
core   0: 3 0x8000473e (0x84e1) x9  0xffffff80
core   0: 0x80004740 (0x00000688) c.addi4spn a0, sp, 832
core   0: 3 0x80004740 (0x0688) x10 0x00000340
core   0: 0x80004742 (0x1cc0cc13) xori    s8, ra, 460
core   0: 3 0x80004742 (0x1cc0cc13) x24 0xfffffe33
core   0: 0x80004746 (0x00009b7d) c.andi  a4, -1
core   0: 3 0x80004746 (0x9b7d) x14 0x80000381
core   0: 0x80004748 (0x00ad1533) sll     a0, s10, a0
core   0: 3 0x80004748 (0x00ad1533) x10 0xfffffc05
core   0: 0x8000474c (0x03103933) mulhu   s2, zero, a7
core   0: 3 0x8000474c (0x03103933) x18 0x00000000
core   0: 0x80004750 (0x4188dd93) srai    s11, a7, 24
core   0: 3 0x80004750 (0x4188dd93) x27 0x00000000
core   0: 0x80004754 (0x77cf8393) addi    t2, t6, 1916
core   0: 3 0x80004754 (0x77cf8393) x7  0x00026463
core   0: 0x80004758 (0x03e8ccb3) div     s9, a7, t5
core   0: 3 0x80004758 (0x03e8ccb3) x25 0xffffffff
core   0: 0x8000475c (0x415a5793) srai    a5, s4, 21
core   0: 3 0x8000475c (0x415a5793) x15 0x00000000
core   0: 0x80004760 (0x00000ca6) c.slli  s9, 9
core   0: 3 0x80004760 (0x0ca6) x25 0xfffffe00
core   0: 0x80004762 (0x00d85563) bge     a6, a3, pc + 10
core   0: 3 0x80004762 (0x00d85563)
core   0: 0x8000476c (0x329794b7) lui     s1, 0x32979
core   0: 3 0x8000476c (0x329794b7) x9  0x32979000
core   0: 0x80004770 (0x0252f4b3) remu    s1, t0, t0
core   0: 3 0x80004770 (0x0252f4b3) x9  0x00000000
core   0: 0x80004774 (0x01eb6333) or      t1, s6, t5
core   0: 3 0x80004774 (0x01eb6333) x6  0x00000000
core   0: 0x80004778 (0x020cc2b3) div     t0, s9, zero
core   0: 3 0x80004778 (0x020cc2b3) x5  0xffffffff
core   0: 0x8000477c (0x4f34c193) xori    gp, s1, 1267
core   0: 3 0x8000477c (0x4f34c193) x3  0x000004f3
core   0: 0x80004780 (0x01933d33) sltu    s10, t1, s9
core   0: 3 0x80004780 (0x01933d33) x26 0x00000001
core   0: 0x80004784 (0x000005c9) c.addi  a1, 18
core   0: 3 0x80004784 (0x05c9) x11 0x00000012
core   0: 0x80004786 (0x00008ef1) c.and   a3, a2
core   0: 3 0x80004786 (0x8ef1) x13 0x00000000
core   0: 0x80004788 (0x00008ec1) c.or    a3, s0
core   0: 3 0x80004788 (0x8ec1) x13 0x80000000
core   0: 0x8000478a (0x00000cb6) c.slli  s9, 13
core   0: 3 0x8000478a (0x0cb6) x25 0xffc00000
core   0: 0x8000478c (0x0135d993) srli    s3, a1, 19
core   0: 3 0x8000478c (0x0135d993) x19 0x00000000
core   0: 0x80004790 (0x0000717d) c.addi16sp sp, -16
core   0: 3 0x80004790 (0x717d) x2  0xfffffff0
core   0: 0x80004792 (0x01646e63) bltu    s0, s6, pc + 28
core   0: 3 0x80004792 (0x01646e63)
core   0: 0x80004796 (0x00009ef6) c.add   t4, t4
core   0: 3 0x80004796 (0x9ef6) x29 0x00000002
core   0: 0x80004798 (0x037559b3) divu    s3, a0, s7
core   0: 3 0x80004798 (0x037559b3) x19 0x00000095
core   0: 0x8000479c (0x00000c8d) c.addi  s9, 3
core   0: 3 0x8000479c (0x0c8d) x25 0xffc00003
core   0: 0x8000479e (0x030af263) bgeu    s5, a6, pc + 36
core   0: 3 0x8000479e (0x030af263)
core   0: 0x800047c2 (0xf5848f13) addi    t5, s1, -168
core   0: 3 0x800047c2 (0xf5848f13) x30 0xffffff58
core   0: 0x800047c6 (0x34041df3) csrrw   s11, mscratch, s0
core   0: 3 0x800047c6 (0x34041df3) x27 0x00000000 c832_mscratch 0x80000000
core   0: 0x800047ca (0x00001cfd) c.addi  s9, -1
core   0: 3 0x800047ca (0x1cfd) x25 0xffc00002
core   0: 0x800047cc (0x03314163) blt     sp, s3, pc + 34
core   0: 3 0x800047cc (0x03314163)
core   0: 0x800047ee (0x0113db63) bge     t2, a7, pc + 22
core   0: 3 0x800047ee (0x0113db63)
core   0: 0x80004804 (0x00000001) c.nop
core   0: 3 0x80004804 (0x0001)
core   0: 0x80004806 (0x34006c73) csrrsi  s8, mscratch, 0
core   0: 3 0x80004806 (0x34006c73) x24 0x80000000
core   0: 0x8000480a (0x03799033) mulh    zero, s3, s7
core   0: 3 0x8000480a (0x03799033)
core   0: 0x8000480e (0x418ae013) ori     zero, s5, 1048
core   0: 3 0x8000480e (0x418ae013)
core   0: 0x80004812 (0x0315e833) rem     a6, a1, a7
core   0: 3 0x80004812 (0x0315e833) x16 0x00000012
core   0: 0x80004816 (0x027183b3) mul     t2, gp, t2
core   0: 3 0x80004816 (0x027183b3) x7  0x0bd6d5f9
core   0: 0x8000481a (0x34051173) csrrw   sp, mscratch, a0
core   0: 3 0x8000481a (0x34051173) x2  0x80000000 c832_mscratch 0xfffffc05
core   0: 0x8000481e (0x01055c93) srli    s9, a0, 16
core   0: 3 0x8000481e (0x01055c93) x25 0x0000ffff
core   0: 0x80004822 (0xd51b8c93) addi    s9, s7, -687
core   0: 3 0x80004822 (0xd51b8c93) x25 0x01b54417
core   0: 0x80004826 (0x007b0263) beq     s6, t2, pc + 4
core   0: 3 0x80004826 (0x007b0263)
core   0: 0x8000482a (0x00ecce63) blt     s9, a4, pc + 28
core   0: 3 0x8000482a (0x00ecce63)
core   0: 0x8000482e (0x00000001) c.nop
core   0: 3 0x8000482e (0x0001)
core   0: 0x80004830 (0x00008dd1) c.or    a1, a2
core   0: 3 0x80004830 (0x8dd1) x11 0x80025cf6
core   0: 0x80004832 (0x0393aab3) mulhsu  s5, t2, s9
core   0: 3 0x80004832 (0x0393aab3) x21 0x001438e1
core   0: 0x80004836 (0x0336ebb3) rem     s7, a3, s3
core   0: 3 0x80004836 (0x0336ebb3) x23 0xffffff75
core   0: 0x8000483a (0x340cf373) csrrci  t1, mscratch, 25
core   0: 3 0x8000483a (0x340cf373) x6  0xfffffc05 c832_mscratch 0xfffffc04
core   0: 0x8000483e (0x00008759) c.srai  a4, 22
core   0: 3 0x8000483e (0x8759) x14 0xfffffe00
core   0: 0x80004840 (0x00006121) c.addi16sp sp, 64
core   0: 3 0x80004840 (0x6121) x2  0x80000040
core   0: 0x80004842 (0x56d1b993) sltiu   s3, gp, 1389
core   0: 3 0x80004842 (0x56d1b993) x19 0x00000001
core   0: 0x80004846 (0x0311f763) bgeu    gp, a7, pc + 46
core   0: 3 0x80004846 (0x0311f763)
core   0: 0x80004874 (0x0000177d) c.addi  a4, -1
core   0: 3 0x80004874 (0x177d) x14 0xfffffdff
core   0: 0x80004876 (0x0000100f) fence.i
core   0: 3 0x80004876 (0x0000100f)
core   0: 0x8000487a (0x0332d3b3) divu    t2, t0, s3
core   0: 3 0x8000487a (0x0332d3b3) x7  0xffffffff
core   0: 0x8000487e (0x015b8c63) beq     s7, s5, pc + 24
core   0: 3 0x8000487e (0x015b8c63)
core   0: 0x80004882 (0x0013cb33) xor     s6, t2, ra
core   0: 3 0x80004882 (0x0013cb33) x22 0x00000000
core   0: 0x80004886 (0x00000001) c.nop
core   0: 3 0x80004886 (0x0001)
core   0: 0x80004888 (0x0ff0000f) fence   iorw,iorw
core   0: 3 0x80004888 (0x0ff0000f)
core   0: 0x8000488c (0x402d05b3) sub     a1, s10, sp
core   0: 3 0x8000488c (0x402d05b3) x11 0x7fffffc1
core   0: 0x80004890 (0x00008ef5) c.and   a3, a3
core   0: 3 0x80004890 (0x8ef5) x13 0x80000000
core   0: 0x80004892 (0x0ff0000f) fence   iorw,iorw
core   0: 3 0x80004892 (0x0ff0000f)
core   0: 0x80004896 (0x01739a63) bne     t2, s7, pc + 20
core   0: 3 0x80004896 (0x01739a63)
core   0: 0x800048aa (0x00b138b3) sltu    a7, sp, a1
core   0: 3 0x800048aa (0x00b138b3) x17 0x00000000
core   0: 0x800048ae (0x00008f31) c.xor   a4, a2
core   0: 3 0x800048ae (0x8f31) x14 0x7ffda11b
core   0: 0x800048b0 (0x01bd69b3) or      s3, s10, s11
core   0: 3 0x800048b0 (0x01bd69b3) x19 0x00000001
core   0: 0x800048b4 (0x019b8f33) add     t5, s7, s9
core   0: 3 0x800048b4 (0x019b8f33) x30 0x01b5438c
core   0: 0x800048b8 (0x017cf6b3) and     a3, s9, s7
core   0: 3 0x800048b8 (0x017cf6b3) x13 0x01b54415
core   0: 0x800048bc (0x00000575) c.addi  a0, 29
core   0: 3 0x800048bc (0x0575) x10 0xfffffc22
core   0: 0x800048be (0x3405a073) csrs    mscratch, a1
core   0: 3 0x800048be (0x3405a073) c832_mscratch 0xffffffc5
core   0: 0x800048c2 (0x340a15f3) csrrw   a1, mscratch, s4
core   0: 3 0x800048c2 (0x340a15f3) x11 0xffffffc5 c832_mscratch 0x00000000
core   0: 0x800048c6 (0x000098c2) c.add   a7, a6
core   0: 3 0x800048c6 (0x98c2) x17 0x00000012
core   0: 0x800048c8 (0x408a5713) srai    a4, s4, 8
core   0: 3 0x800048c8 (0x408a5713) x14 0x00000000
core   0: 0x800048cc (0x88f3c193) xori    gp, t2, -1905
core   0: 3 0x800048cc (0x88f3c193) x3  0x00000770
core   0: 0x800048d0 (0x0384cb33) div     s6, s1, s8
core   0: 3 0x800048d0 (0x0384cb33) x22 0x00000000
core   0: 0x800048d4 (0x027e8763) beq     t4, t2, pc + 46
core   0: 3 0x800048d4 (0x027e8763)
core   0: 0x800048d8 (0x01658663) beq     a1, s6, pc + 12
core   0: 3 0x800048d8 (0x01658663)
core   0: 0x800048dc (0x03ae65b3) rem     a1, t3, s10
core   0: 3 0x800048dc (0x03ae65b3) x11 0x00000000
core   0: 0x800048e0 (0x034ce033) rem     zero, s9, s4
core   0: 3 0x800048e0 (0x034ce033)
core   0: 0x800048e4 (0x340026f3) csrr    a3, mscratch
core   0: 3 0x800048e4 (0x340026f3) x13 0x00000000
core   0: 0x800048e8 (0x001441b3) xor     gp, s0, ra
core   0: 3 0x800048e8 (0x001441b3) x3  0x7fffffff
core   0: 0x800048ec (0x0300e263) bltu    ra, a6, pc + 36
core   0: 3 0x800048ec (0x0300e263)
core   0: 0x800048f0 (0x858f3913) sltiu   s2, t5, -1960
core   0: 3 0x800048f0 (0x858f3913) x18 0x00000001
core   0: 0x800048f4 (0x01a1edb3) or      s11, gp, s10
core   0: 3 0x800048f4 (0x01a1edb3) x27 0x7fffffff
core   0: 0x800048f8 (0x0000997d) c.andi  a0, -1
core   0: 3 0x800048f8 (0x997d) x10 0xfffffc22
core   0: 0x800048fa (0x03b551b3) divu    gp, a0, s11
core   0: 3 0x800048fa (0x03b551b3) x3  0x00000001
core   0: 0x800048fe (0x00795563) bge     s2, t2, pc + 10
core   0: 3 0x800048fe (0x00795563)
core   0: 0x80004908 (0x00008b59) c.andi  a4, 22
core   0: 3 0x80004908 (0x8b59) x14 0x00000000
core   0: 0x8000490a (0x34007773) csrrci  a4, mscratch, 0
core   0: 3 0x8000490a (0x34007773) x14 0x00000000
core   0: 0x8000490e (0x00008e85) c.sub   a3, s1
core   0: 3 0x8000490e (0x8e85) x13 0x00000000
core   0: 0x80004910 (0x00000a94) c.addi4spn a3, sp, 336
core   0: 3 0x80004910 (0x0a94) x13 0x80000190
core   0: 0x80004912 (0xb7713593) sltiu   a1, sp, -1161
core   0: 3 0x80004912 (0xb7713593) x11 0x00000001
core   0: 0x80004916 (0x00001a7d) c.addi  s4, -1
core   0: 3 0x80004916 (0x1a7d) x20 0xffffffff
core   0: 0x80004918 (0x00009b7d) c.andi  a4, -1
core   0: 3 0x80004918 (0x9b7d) x14 0x00000000
core   0: 0x8000491a (0x19bac2b7) lui     t0, 0x19bac
core   0: 3 0x8000491a (0x19bac2b7) x5  0x19bac000
core   0: 0x8000491e (0x40f25213) srai    tp, tp, 15
core   0: 3 0x8000491e (0x40f25213) x4  0xffffffff
core   0: 0x80004922 (0x0000e0a1) c.bnez  s1, pc + 64
core   0: 3 0x80004922 (0xe0a1)
core   0: 0x80004924 (0x000084fd) c.srai  s1, 31
core   0: 3 0x80004924 (0x84fd) x9  0x00000000
core   0: 0x80004926 (0x02217833) remu    a6, sp, sp
core   0: 3 0x80004926 (0x02217833) x16 0x00000000
core   0: 0x8000492a (0x03feff33) remu    t5, t4, t6
core   0: 3 0x8000492a (0x03feff33) x30 0x00000002
core   0: 0x8000492e (0x000083c1) c.srli  a5, 16
core   0: 3 0x8000492e (0x83c1) x15 0x00000000
core   0: 0x80004930 (0x5feb6d13) ori     s10, s6, 1534
core   0: 3 0x80004930 (0x5feb6d13) x26 0x000005fe
core   0: 0x80004934 (0x0000c48d) c.beqz  s1, pc + 42
core   0: 3 0x80004934 (0xc48d)
core   0: 0x8000495e (0xac3f8293) addi    t0, t6, -1341
core   0: 3 0x8000495e (0xac3f8293) x5  0x000257aa
core   0: 0x80004962 (0x04157263) bgeu    a0, ra, pc + 68
core   0: 3 0x80004962 (0x04157263)
core   0: 0x80004966 (0x00000001) c.nop
core   0: 3 0x80004966 (0x0001)
core   0: 0x80004968 (0x01a6d3b3) srl     t2, a3, s10
core   0: 3 0x80004968 (0x01a6d3b3) x7  0x00000002
core   0: 0x8000496c (0x41475b93) srai    s7, a4, 20
core   0: 3 0x8000496c (0x41475b93) x23 0x00000000
core   0: 0x80004970 (0xe2214e93) xori    t4, sp, -478
core   0: 3 0x80004970 (0xe2214e93) x29 0x7ffffe62
core   0: 0x80004974 (0x02777163) bgeu    a4, t2, pc + 34
core   0: 3 0x80004974 (0x02777163)
core   0: 0x80004978 (0xdbac7213) andi    tp, s8, -582
core   0: 3 0x80004978 (0xdbac7213) x4  0x80000000
core   0: 0x8000497c (0x340024f3) csrr    s1, mscratch
core   0: 3 0x8000497c (0x340024f3) x9  0x00000000
core   0: 0x80004980 (0x00a49b13) slli    s6, s1, 10
core   0: 3 0x80004980 (0x00a49b13) x22 0x00000000
core   0: 0x80004984 (0x00008d79) c.and   a0, a4
core   0: 3 0x80004984 (0x8d79) x10 0x00000000
core   0: 0x80004986 (0x013b4b33) xor     s6, s6, s3
core   0: 3 0x80004986 (0x013b4b33) x22 0x00000001
core   0: 0x8000498a (0x340abd73) csrrc   s10, mscratch, s5
core   0: 3 0x8000498a (0x340abd73) x26 0x00000000 c832_mscratch 0x00000000
core   0: 0x8000498e (0x03315f63) bge     sp, s3, pc + 62
core   0: 3 0x8000498e (0x03315f63)
core   0: 0x80004992 (0x01dc9c33) sll     s8, s9, t4
core   0: 3 0x80004992 (0x01dc9c33) x24 0x06d5105c
core   0: 0x80004996 (0x02ba94b3) mulh    s1, s5, a1
core   0: 3 0x80004996 (0x02ba94b3) x9  0x00000000
core   0: 0x8000499a (0x4dc5ad17) auipc   s10, 0x4dc5a
core   0: 3 0x8000499a (0x4dc5ad17) x26 0xcdc5e99a
core   0: 0x8000499e (0x912ef893) andi    a7, t4, -1774
core   0: 3 0x8000499e (0x912ef893) x17 0x7ffff802
core   0: 0x800049a2 (0x01de4333) xor     t1, t3, t4
core   0: 3 0x800049a2 (0x01de4333) x6  0xfffde006
core   0: 0x800049a6 (0x000051fd) c.li    gp, -1
core   0: 3 0x800049a6 (0x51fd) x3  0xffffffff
core   0: 0x800049a8 (0x02f222b3) mulhsu  t0, tp, a5
core   0: 3 0x800049a8 (0x02f222b3) x5  0x00000000
core   0: 0x800049ac (0x03913bb3) mulhu   s7, sp, s9
core   0: 3 0x800049ac (0x03913bb3) x23 0x00daa20b
core   0: 0x800049b0 (0x0000c289) c.beqz  a3, pc + 2
core   0: 3 0x800049b0 (0xc289)
core   0: 0x800049b2 (0x016e0963) beq     t3, s6, pc + 18
core   0: 3 0x800049b2 (0x016e0963)
core   0: 0x800049b6 (0x0372d763) bge     t0, s7, pc + 46
core   0: 3 0x800049b6 (0x0372d763)
core   0: 0x800049ba (0x000064d1) c.lui   s1, 0x14
core   0: 3 0x800049ba (0x64d1) x9  0x00014000
core   0: 0x800049bc (0x02478d33) mul     s10, a5, tp
core   0: 3 0x800049bc (0x02478d33) x26 0x00000000
core   0: 0x800049c0 (0x020d36b3) mulhu   a3, s10, zero
core   0: 3 0x800049c0 (0x020d36b3) x13 0x00000000
core   0: 0x800049c4 (0x0ff0000f) fence   iorw,iorw
core   0: 3 0x800049c4 (0x0ff0000f)
core   0: 0x800049c8 (0xae11e013) prefetch.r -1312(gp)
core   0: 3 0x800049c8 (0xae11e013)
core   0: 0x800049cc (0x011d3cb3) sltu    s9, s10, a7
core   0: 3 0x800049cc (0x011d3cb3) x25 0x00000001
core   0: 0x800049d0 (0x00008295) c.srli  a3, 5
core   0: 3 0x800049d0 (0x8295) x13 0x00000000
core   0: 0x800049d2 (0x3405d1f3) csrrwi  gp, mscratch, 11
core   0: 3 0x800049d2 (0x3405d1f3) x3  0x00000000 c832_mscratch 0x0000000b
core   0: 0x800049d6 (0x003a8eb3) add     t4, s5, gp
core   0: 3 0x800049d6 (0x003a8eb3) x29 0x001438e1
core   0: 0x800049da (0x00008b0e) c.mv    s6, gp
core   0: 3 0x800049da (0x8b0e) x22 0x00000000
core   0: 0x800049dc (0x02ef81b3) mul     gp, t6, a4
core   0: 3 0x800049dc (0x02ef81b3) x3  0x00000000
core   0: 0x800049e0 (0x340c1173) csrrw   sp, mscratch, s8
core   0: 3 0x800049e0 (0x340c1173) x2  0x0000000b c832_mscratch 0x06d5105c
core   0: 0x800049e4 (0x0000932e) c.add   t1, a1
core   0: 3 0x800049e4 (0x932e) x6  0xfffde007
core   0: 0x800049e6 (0x021e47b3) div     a5, t3, ra
core   0: 3 0x800049e6 (0x021e47b3) x15 0x7ffde19c
core   0: 0x800049ea (0x0193e463) bltu    t2, s9, pc + 8
core   0: 3 0x800049ea (0x0193e463)
core   0: 0x800049ee (0x0000c291) c.beqz  a3, pc + 4
core   0: 3 0x800049ee (0xc291)
core   0: 0x800049f2 (0x34003df3) csrrc   s11, mscratch, zero
core   0: 3 0x800049f2 (0x34003df3) x27 0x06d5105c
core   0: 0x800049f6 (0x006aac33) slt     s8, s5, t1
core   0: 3 0x800049f6 (0x006aac33) x24 0x00000000
core   0: 0x800049fa (0x01a09f13) slli    t5, ra, 26
core   0: 3 0x800049fa (0x01a09f13) x30 0xfc000000
core   0: 0x800049fe (0x0273a6b3) mulhsu  a3, t2, t2
core   0: 3 0x800049fe (0x0273a6b3) x13 0x00000000
core   0: 0x80004a02 (0x3224c113) xori    sp, s1, 802
core   0: 3 0x80004a02 (0x3224c113) x2  0x00014322
core   0: 0x80004a06 (0x00000001) c.nop
core   0: 3 0x80004a06 (0x0001)
core   0: 0x80004a08 (0xda454f93) xori    t6, a0, -604
core   0: 3 0x80004a08 (0xda454f93) x31 0xfffffda4
core   0: 0x80004a0c (0x0000997d) c.andi  a0, -1
core   0: 3 0x80004a0c (0x997d) x10 0x00000000
core   0: 0x80004a0e (0x000085e1) c.srai  a1, 24
core   0: 3 0x80004a0e (0x85e1) x11 0x00000000
core   0: 0x80004a10 (0x0212ca33) div     s4, t0, ra
core   0: 3 0x80004a10 (0x0212ca33) x20 0x00000000
core   0: 0x80004a14 (0x029c01b3) mul     gp, s8, s1
core   0: 3 0x80004a14 (0x029c01b3) x3  0x00000000
core   0: 0x80004a18 (0xbe06a7b7) lui     a5, 0xbe06a
core   0: 3 0x80004a18 (0xbe06a7b7) x15 0xbe06a000
core   0: 0x80004a1c (0x00fab0b3) sltu    ra, s5, a5
core   0: 3 0x80004a1c (0x00fab0b3) x1  0x00000001
core   0: 0x80004a20 (0x0000925a) c.add   tp, s6
core   0: 3 0x80004a20 (0x925a) x4  0x80000000
core   0: 0x80004a22 (0x0000997d) c.andi  a0, -1
core   0: 3 0x80004a22 (0x997d) x10 0x00000000
core   0: 0x80004a24 (0x00925793) srli    a5, tp, 9
core   0: 3 0x80004a24 (0x00925793) x15 0x00400000
core   0: 0x80004a28 (0x00008cfe) c.mv    s9, t6
core   0: 3 0x80004a28 (0x8cfe) x25 0xfffffda4
core   0: 0x80004a2a (0x0000833d) c.srli  a4, 15
core   0: 3 0x80004a2a (0x833d) x14 0x00000000
core   0: 0x80004a2c (0x03085363) bge     a6, a6, pc + 38
core   0: 3 0x80004a2c (0x03085363)
core   0: 0x80004a52 (0x04861463) bne     a2, s0, pc + 72
core   0: 3 0x80004a52 (0x04861463)
core   0: 0x80004a9a (0x01c2efb3) or      t6, t0, t3
core   0: 3 0x80004a9a (0x01c2efb3) x31 0x80021e64
core   0: 0x80004a9e (0x00c6cbb3) xor     s7, a3, a2
core   0: 3 0x80004a9e (0x00c6cbb3) x23 0x80025ce4
core   0: 0x80004aa2 (0x275ef293) andi    t0, t4, 629
core   0: 3 0x80004aa2 (0x275ef293) x5  0x00000061
core   0: 0x80004aa6 (0xab002113) slti    sp, zero, -1360
core   0: 3 0x80004aa6 (0xab002113) x2  0x00000000
core   0: 0x80004aaa (0x41e7dd93) srai    s11, a5, 30
core   0: 3 0x80004aaa (0x41e7dd93) x27 0x00000000
core   0: 0x80004aae (0x0ff0000f) fence   iorw,iorw
core   0: 3 0x80004aae (0x0ff0000f)
core   0: 0x80004ab2 (0x0000cc85) c.beqz  s1, pc + 56
core   0: 3 0x80004ab2 (0xcc85)
core   0: 0x80004ab4 (0x48d7c693) xori    a3, a5, 1165
core   0: 3 0x80004ab4 (0x48d7c693) x13 0x0040048d
core   0: 0x80004ab8 (0x73420917) auipc   s2, 0x73420
core   0: 3 0x80004ab8 (0x73420917) x18 0xf3424ab8
core   0: 0x80004abc (0x030d0933) mul     s2, s10, a6
core   0: 3 0x80004abc (0x030d0933) x18 0x00000000
core   0: 0x80004ac0 (0x000015fd) c.addi  a1, -1
core   0: 3 0x80004ac0 (0x15fd) x11 0xffffffff
core   0: 0x80004ac2 (0x0000100f) fence.i
core   0: 3 0x80004ac2 (0x0000100f)
core   0: 0x80004ac6 (0x02cd69b3) rem     s3, s10, a2
core   0: 3 0x80004ac6 (0x02cd69b3) x19 0x00000000
core   0: 0x80004aca (0xf919f993) andi    s3, s3, -111
core   0: 3 0x80004aca (0xf919f993) x19 0x00000000
core   0: 0x80004ace (0x048f9363) bne     t6, s0, pc + 70
core   0: 3 0x80004ace (0x048f9363)
core   0: 0x80004b14 (0x014d9213) slli    tp, s11, 20
core   0: 3 0x80004b14 (0x014d9213) x4  0x00000000
core   0: 0x80004b18 (0x9db4d817) auipc   a6, 0x9db4d
core   0: 3 0x80004b18 (0x9db4d817) x16 0x1db51b18
core   0: 0x80004b1c (0x8c366493) ori     s1, a2, -1853
core   0: 3 0x80004b1c (0x8c366493) x9  0xfffffce7
core   0: 0x80004b20 (0x0188c463) blt     a7, s8, pc + 8
core   0: 3 0x80004b20 (0x0188c463)
core   0: 0x80004b24 (0x0229aa33) mulhsu  s4, s3, sp
core   0: 3 0x80004b24 (0x0229aa33) x20 0x00000000
core   0: 0x80004b28 (0xc37fb693) sltiu   a3, t6, -969
core   0: 3 0x80004b28 (0xc37fb693) x13 0x00000001
core   0: 0x80004b2c (0x0187d0b3) srl     ra, a5, s8
core   0: 3 0x80004b2c (0x0187d0b3) x1  0x00400000
core   0: 0x80004b30 (0x340271f3) csrrci  gp, mscratch, 4
core   0: 3 0x80004b30 (0x340271f3) x3  0x06d5105c c832_mscratch 0x06d51058
core   0: 0x80004b34 (0x0206ff33) remu    t5, a3, zero
core   0: 3 0x80004b34 (0x0206ff33) x30 0x00000001
core   0: 0x80004b38 (0x00006959) c.lui   s2, 0x16
core   0: 3 0x80004b38 (0x6959) x18 0x00016000
core   0: 0x80004b3a (0x00005a7d) c.li    s4, -1
core   0: 3 0x80004b3a (0x5a7d) x20 0xffffffff
core   0: 0x80004b3c (0x000094d6) c.add   s1, s5
core   0: 3 0x80004b3c (0x94d6) x9  0x001435c8
core   0: 0x80004b3e (0x03a77463) bgeu    a4, s10, pc + 40
core   0: 3 0x80004b3e (0x03a77463)
core   0: 0x80004b66 (0x0000717d) c.addi16sp sp, -16
core   0: 3 0x80004b66 (0x717d) x2  0xfffffff0
core   0: 0x80004b68 (0xbc59c493) xori    s1, s3, -1083
core   0: 3 0x80004b68 (0xbc59c493) x9  0xfffffbc5
core   0: 0x80004b6c (0x000002d1) c.addi  t0, 20
core   0: 3 0x80004b6c (0x02d1) x5  0x00000075
core   0: 0x80004b6e (0x3b52a193) slti    gp, t0, 949
core   0: 3 0x80004b6e (0x3b52a193) x3  0x00000001
core   0: 0x80004b72 (0x0359a833) mulhsu  a6, s3, s5
core   0: 3 0x80004b72 (0x0359a833) x16 0x00000000
core   0: 0x80004b76 (0x032ca1b3) mulhsu  gp, s9, s2
core   0: 3 0x80004b76 (0x032ca1b3) x3  0xffffffff
core   0: 0x80004b7a (0xef553913) sltiu   s2, a0, -267
core   0: 3 0x80004b7a (0xef553913) x18 0x00000001
core   0: 0x80004b7e (0x00008f49) c.or    a4, a0
core   0: 3 0x80004b7e (0x8f49) x14 0x00000000
core   0: 0x80004b80 (0x005151b3) srl     gp, sp, t0
core   0: 3 0x80004b80 (0x005151b3) x3  0x000007ff
core   0: 0x80004b84 (0x01106b33) or      s6, zero, a7
core   0: 3 0x80004b84 (0x01106b33) x22 0x7ffff802
core   0: 0x80004b88 (0x00008d0d) c.sub   a0, a1
core   0: 3 0x80004b88 (0x8d0d) x10 0x00000001
core   0: 0x80004b8a (0x00c4d893) srli    a7, s1, 12
core   0: 3 0x80004b8a (0x00c4d893) x17 0x000fffff
core   0: 0x80004b8e (0x0a352a17) auipc   s4, 0xa352
core   0: 3 0x80004b8e (0x0a352a17) x20 0x8a356b8e
core   0: 0x80004b92 (0x00008d11) c.sub   a0, a2
core   0: 3 0x80004b92 (0x8d11) x10 0x7ffda31d
core   0: 0x80004b94 (0x01b01833) sll     a6, zero, s11
core   0: 3 0x80004b94 (0x01b01833) x16 0x00000000
core   0: 0x80004b98 (0x85627d13) andi    s10, tp, -1962
core   0: 3 0x80004b98 (0x85627d13) x26 0x00000000
core   0: 0x80004b9c (0x00515563) bge     sp, t0, pc + 10
core   0: 3 0x80004b9c (0x00515563)
core   0: 0x80004ba0 (0x0131fb63) bgeu    gp, s3, pc + 22
core   0: 3 0x80004ba0 (0x0131fb63)
core   0: 0x80004bb6 (0x00008d69) c.and   a0, a0
core   0: 3 0x80004bb6 (0x8d69) x10 0x7ffda31d
core   0: 0x80004bb8 (0x00008fa1) c.xor   a5, s0
core   0: 3 0x80004bb8 (0x8fa1) x15 0x80400000
core   0: 0x80004bba (0x0000068c) c.addi4spn a1, sp, 832
core   0: 3 0x80004bba (0x068c) x11 0x00000330
core   0: 0x80004bbc (0x000080e1) c.srli  s1, 24
core   0: 3 0x80004bbc (0x80e1) x9  0x000000ff
core   0: 0x80004bbe (0x340b5ff3) csrrwi  t6, mscratch, 22
core   0: 3 0x80004bbe (0x340b5ff3) x31 0x06d51058 c832_mscratch 0x00000016
core   0: 0x80004bc2 (0x01ea7563) bgeu    s4, t5, pc + 10
core   0: 3 0x80004bc2 (0x01ea7563)
core   0: 0x80004bcc (0x02dd0333) mul     t1, s10, a3
core   0: 3 0x80004bcc (0x02dd0333) x6  0x00000000
core   0: 0x80004bd0 (0x00dc2a33) slt     s4, s8, a3
core   0: 3 0x80004bd0 (0x00dc2a33) x20 0x00000001
core   0: 0x80004bd4 (0x00008ce5) c.and   s1, s1
core   0: 3 0x80004bd4 (0x8ce5) x9  0x000000ff
core   0: 0x80004bd6 (0x02930463) beq     t1, s1, pc + 40
core   0: 3 0x80004bd6 (0x02930463)
core   0: 0x80004bda (0x340bdd73) csrrwi  s10, mscratch, 23
core   0: 3 0x80004bda (0x340bdd73) x26 0x00000016 c832_mscratch 0x00000017
core   0: 0x80004bde (0x008f4db3) xor     s11, t5, s0
core   0: 3 0x80004bde (0x008f4db3) x27 0x80000001
core   0: 0x80004be2 (0x05b27163) bgeu    tp, s11, pc + 66
core   0: 3 0x80004be2 (0x05b27163)
core   0: 0x80004be6 (0x0000e50d) c.bnez  a0, pc + 42
core   0: 3 0x80004be6 (0xe50d)
core   0: 0x80004c10 (0x0311fb33) remu    s6, gp, a7
core   0: 3 0x80004c10 (0x0311fb33) x22 0x000007ff
core   0: 0x80004c14 (0x000082ed) c.srli  a3, 27
core   0: 3 0x80004c14 (0x82ed) x13 0x00000000
core   0: 0x80004c16 (0x000067f5) c.lui   a5, 0x1d
core   0: 3 0x80004c16 (0x67f5) x15 0x0001d000
core   0: 0x80004c18 (0x033a15b3) mulh    a1, s4, s3
core   0: 3 0x80004c18 (0x033a15b3) x11 0x00000000
core   0: 0x80004c1c (0x00f1a7b3) slt     a5, gp, a5
core   0: 3 0x80004c1c (0x00f1a7b3) x15 0x00000001
core   0: 0x80004c20 (0x340076f3) csrrci  a3, mscratch, 0
core   0: 3 0x80004c20 (0x340076f3) x13 0x00000017
core   0: 0x80004c24 (0x34003ef3) csrrc   t4, mscratch, zero
core   0: 3 0x80004c24 (0x34003ef3) x29 0x00000017
core   0: 0x80004c28 (0xf46e4213) xori    tp, t3, -186
core   0: 3 0x80004c28 (0xf46e4213) x4  0x7ffde122
core   0: 0x80004c2c (0x03297d63) bgeu    s2, s2, pc + 58
core   0: 3 0x80004c2c (0x03297d63)
core   0: 0x80004c66 (0x01c2e263) bltu    t0, t3, pc + 4
core   0: 3 0x80004c66 (0x01c2e263)
core   0: 0x80004c6a (0x019d0c33) add     s8, s10, s9
core   0: 3 0x80004c6a (0x019d0c33) x24 0xfffffdba
core   0: 0x80004c6e (0x00008b96) c.mv    s7, t0
core   0: 3 0x80004c6e (0x8b96) x23 0x00000075
core   0: 0x80004c70 (0x34085873) csrrwi  a6, mscratch, 16
core   0: 3 0x80004c70 (0x34085873) x16 0x00000017 c832_mscratch 0x00000010
core   0: 0x80004c74 (0x48e6f9b7) lui     s3, 0x48e6f
core   0: 3 0x80004c74 (0x48e6f9b7) x19 0x48e6f000
core   0: 0x80004c78 (0x9d03f493) andi    s1, t2, -1584
core   0: 3 0x80004c78 (0x9d03f493) x9  0x00000000
core   0: 0x80004c7c (0x01f2ecb3) or      s9, t0, t6
core   0: 3 0x80004c7c (0x01f2ecb3) x25 0x06d5107d
core   0: 0x80004c80 (0x03668163) beq     a3, s6, pc + 34
core   0: 3 0x80004c80 (0x03668163)
core   0: 0x80004c84 (0x34007af3) csrrci  s5, mscratch, 0
core   0: 3 0x80004c84 (0x34007af3) x21 0x00000010
core   0: 0x80004c88 (0x03ee5bb3) divu    s7, t3, t5
core   0: 3 0x80004c88 (0x03ee5bb3) x23 0x80021e64
core   0: 0x80004c8c (0x28ccce93) xori    t4, s9, 652
core   0: 3 0x80004c8c (0x28ccce93) x29 0x06d512f1
core   0: 0x80004c90 (0x00004769) c.li    a4, 26
core   0: 3 0x80004c90 (0x4769) x14 0x0000001a
core   0: 0x80004c92 (0x340037f3) csrrc   a5, mscratch, zero
core   0: 3 0x80004c92 (0x340037f3) x15 0x00000010
core   0: 0x80004c96 (0x00c59893) slli    a7, a1, 12
core   0: 3 0x80004c96 (0x00c59893) x17 0x00000000
core   0: 0x80004c9a (0x04d47463) bgeu    s0, a3, pc + 72
core   0: 3 0x80004c9a (0x04d47463)
core   0: 0x80004ce2 (0x002aa3b3) slt     t2, s5, sp
core   0: 3 0x80004ce2 (0x002aa3b3) x7  0x00000000
core   0: 0x80004ce6 (0x000080a5) c.srli  s1, 9
core   0: 3 0x80004ce6 (0x80a5) x9  0x00000000
core   0: 0x80004ce8 (0x18e92193) slti    gp, s2, 398
core   0: 3 0x80004ce8 (0x18e92193) x3  0x00000001
core   0: 0x80004cec (0x00008cf1) c.and   s1, a2
core   0: 3 0x80004cec (0x8cf1) x9  0x00000000
core   0: 0x80004cee (0x00008f0d) c.sub   a4, a1
core   0: 3 0x80004cee (0x8f0d) x14 0x0000001a
core   0: 0x80004cf0 (0x00006131) c.addi16sp sp, 320
core   0: 3 0x80004cf0 (0x6131) x2  0x00000130
core   0: 0x80004cf2 (0x9af02693) slti    a3, zero, -1617
core   0: 3 0x80004cf2 (0x9af02693) x13 0x00000000
core   0: 0x80004cf6 (0x00047833) and     a6, s0, zero
core   0: 3 0x80004cf6 (0x00047833) x16 0x00000000
core   0: 0x80004cfa (0x000042d1) c.li    t0, 20
core   0: 3 0x80004cfa (0x42d1) x5  0x00000014
core   0: 0x80004cfc (0x01af09b3) add     s3, t5, s10
core   0: 3 0x80004cfc (0x01af09b3) x19 0x00000017
core   0: 0x80004d00 (0x0000831a) c.mv    t1, t1
core   0: 3 0x80004d00 (0x831a) x6  0x00000000
core   0: 0x80004d02 (0x00008c22) c.mv    s8, s0
core   0: 3 0x80004d02 (0x8c22) x24 0x80000000
core   0: 0x80004d04 (0x0000e119) c.bnez  a0, pc + 6
core   0: 3 0x80004d04 (0xe119)
core   0: 0x80004d0a (0x7fc0ed93) ori     s11, ra, 2044
core   0: 3 0x80004d0a (0x7fc0ed93) x27 0x004007fc
core   0: 0x80004d0e (0x03eefb33) remu    s6, t4, t5
core   0: 3 0x80004d0e (0x03eefb33) x22 0x00000000
core   0: 0x80004d12 (0x00001dfd) c.addi  s11, -1
core   0: 3 0x80004d12 (0x1dfd) x27 0x004007fb
core   0: 0x80004d14 (0x04ffc063) blt     t6, a5, pc + 64
core   0: 3 0x80004d14 (0x04ffc063)
core   0: 0x80004d18 (0x00008be6) c.mv    s7, s9
core   0: 3 0x80004d18 (0x8be6) x23 0x06d5107d
core   0: 0x80004d1a (0x0000100f) fence.i
core   0: 3 0x80004d1a (0x0000100f)
core   0: 0x80004d1e (0x043de263) bltu    s11, gp, pc + 68
core   0: 3 0x80004d1e (0x043de263)
core   0: 0x80004d22 (0x0251e833) rem     a6, gp, t0
core   0: 3 0x80004d22 (0x0251e833) x16 0x00000001
core   0: 0x80004d26 (0x0000e51d) c.bnez  a0, pc + 46
core   0: 3 0x80004d26 (0xe51d)
core   0: 0x80004d54 (0x00008f79) c.and   a4, a4
core   0: 3 0x80004d54 (0x8f79) x14 0x0000001a
core   0: 0x80004d56 (0x9d8df797) auipc   a5, 0x9d8df
core   0: 3 0x80004d56 (0x9d8df797) x15 0x1d8e3d56
core   0: 0x80004d5a (0x03fa90b3) mulh    ra, s5, t6
core   0: 3 0x80004d5a (0x03fa90b3) x1  0x00000000
core   0: 0x80004d5e (0x0000614d) c.addi16sp sp, 176
core   0: 3 0x80004d5e (0x614d) x2  0x000001e0
core   0: 0x80004d60 (0x00000001) c.nop
core   0: 3 0x80004d60 (0x0001)
core   0: 0x80004d62 (0x0ff0000f) fence   iorw,iorw
core   0: 3 0x80004d62 (0x0ff0000f)
core   0: 0x80004d66 (0x009bb8b3) sltu    a7, s7, s1
core   0: 3 0x80004d66 (0x009bb8b3) x17 0x00000000
core   0: 0x80004d6a (0x03d47333) remu    t1, s0, t4
core   0: 3 0x80004d6a (0x03d47333) x6  0x0504ab0e
core   0: 0x80004d6e (0x0000100f) fence.i
core   0: 3 0x80004d6e (0x0000100f)
core   0: 0x80004d72 (0x340c1ff3) csrrw   t6, mscratch, s8
core   0: 3 0x80004d72 (0x340c1ff3) x31 0x00000010 c832_mscratch 0x80000000
core   0: 0x80004d76 (0x00009d96) c.add   s11, t0
core   0: 3 0x80004d76 (0x9d96) x27 0x0040080f
core   0: 0x80004d78 (0x34002073) csrr    zero, mscratch
core   0: 3 0x80004d78 (0x34002073)
core   0: 0x80004d7c (0x036a70b3) remu    ra, s4, s6
core   0: 3 0x80004d7c (0x036a70b3) x1  0x00000001
core   0: 0x80004d80 (0x0085ddb3) srl     s11, a1, s0
core   0: 3 0x80004d80 (0x0085ddb3) x27 0x00000000
core   0: 0x80004d84 (0x03f6ca93) xori    s5, a3, 63
core   0: 3 0x80004d84 (0x03f6ca93) x21 0x0000003f
core   0: 0x80004d88 (0x733d8937) lui     s2, 0x733d8
core   0: 3 0x80004d88 (0x733d8937) x18 0x733d8000
core   0: 0x80004d8c (0x00b8f133) and     sp, a7, a1
core   0: 3 0x80004d8c (0x00b8f133) x2  0x00000000
core   0: 0x80004d90 (0x00fc0233) add     tp, s8, a5
core   0: 3 0x80004d90 (0x00fc0233) x4  0x9d8e3d56
core   0: 0x80004d94 (0x02b7d363) bge     a5, a1, pc + 38
core   0: 3 0x80004d94 (0x02b7d363)
core   0: 0x80004dba (0x00008145) c.srli  a0, 17
core   0: 3 0x80004dba (0x8145) x10 0x00003ffe
core   0: 0x80004dbc (0x0000cd85) c.beqz  a1, pc + 56
core   0: 3 0x80004dbc (0xcd85)
core   0: 0x80004df4 (0x00d209b3) add     s3, tp, a3
core   0: 3 0x80004df4 (0x00d209b3) x19 0x9d8e3d56
core   0: 0x80004df8 (0x000066d1) c.lui   a3, 0x14
core   0: 3 0x80004df8 (0x66d1) x13 0x00014000
core   0: 0x80004dfa (0x03638363) beq     t2, s6, pc + 38
core   0: 3 0x80004dfa (0x03638363)
core   0: 0x80004e20 (0x00008949) c.andi  a0, 18
core   0: 3 0x80004e20 (0x8949) x10 0x00000012
core   0: 0x80004e22 (0x0000c29d) c.beqz  a3, pc + 38
core   0: 3 0x80004e22 (0xc29d)
core   0: 0x80004e24 (0x02ca3133) mulhu   sp, s4, a2
core   0: 3 0x80004e24 (0x02ca3133) x2  0x00000000
core   0: 0x80004e28 (0x00008ca1) c.xor   s1, s0
core   0: 3 0x80004e28 (0x8ca1) x9  0x80000000
core   0: 0x80004e2a (0x05eae363) bltu    s5, t5, pc + 70
core   0: 3 0x80004e2a (0x05eae363)
core   0: 0x80004e2e (0x014a4a33) xor     s4, s4, s4
core   0: 3 0x80004e2e (0x014a4a33) x20 0x00000000
core   0: 0x80004e32 (0x02c4fb33) remu    s6, s1, a2
core   0: 3 0x80004e32 (0x02c4fb33) x22 0x80000000
core   0: 0x80004e36 (0x01059e93) slli    t4, a1, 16
core   0: 3 0x80004e36 (0x01059e93) x29 0x00000000
core   0: 0x80004e3a (0x0392c3b3) div     t2, t0, s9
core   0: 3 0x80004e3a (0x0392c3b3) x7  0x00000000
core   0: 0x80004e3e (0x340cd2f3) csrrwi  t0, mscratch, 25
core   0: 3 0x80004e3e (0x340cd2f3) x5  0x80000000 c832_mscratch 0x00000019
core   0: 0x80004e42 (0x00005afd) c.li    s5, -1
core   0: 3 0x80004e42 (0x5afd) x21 0xffffffff
core   0: 0x80004e44 (0x01595f93) srli    t6, s2, 21
core   0: 3 0x80004e44 (0x01595f93) x31 0x00000399
core   0: 0x80004e48 (0x000089e2) c.mv    s3, s8
core   0: 3 0x80004e48 (0x89e2) x19 0x80000000
core   0: 0x80004e4a (0x340a2ef3) csrrs   t4, mscratch, s4
core   0: 3 0x80004e4a (0x340a2ef3) x29 0x00000019 c832_mscratch 0x00000019
core   0: 0x80004e4e (0x00dd4263) blt     s10, a3, pc + 4
core   0: 3 0x80004e4e (0x00dd4263)
core   0: 0x80004e52 (0x0ff0000f) fence   iorw,iorw
core   0: 3 0x80004e52 (0x0ff0000f)
core   0: 0x80004e56 (0x34003073) csrc    mscratch, zero
core   0: 3 0x80004e56 (0x34003073)
core   0: 0x80004e5a (0x00000001) c.nop
core   0: 3 0x80004e5a (0x0001)
core   0: 0x80004e5c (0x0000951a) c.add   a0, t1
core   0: 3 0x80004e5c (0x951a) x10 0x0504ab20
core   0: 0x80004e5e (0x340637f3) csrrc   a5, mscratch, a2
core   0: 3 0x80004e5e (0x340637f3) x15 0x00000019 c832_mscratch 0x00000019
core   0: 0x80004e62 (0x0000187d) c.addi  a6, -1
core   0: 3 0x80004e62 (0x187d) x16 0x00000000
core   0: 0x80004e64 (0xa5997193) andi    gp, s2, -1447
core   0: 3 0x80004e64 (0xa5997193) x3  0x733d8000
core   0: 0x80004e68 (0x03dabcb3) mulhu   s9, s5, t4
core   0: 3 0x80004e68 (0x03dabcb3) x25 0x00000018
core   0: 0x80004e6c (0x00df9933) sll     s2, t6, a3
core   0: 3 0x80004e6c (0x00df9933) x18 0x00000399
core   0: 0x80004e70 (0x00000001) c.nop
core   0: 3 0x80004e70 (0x0001)
core   0: 0x80004e72 (0x340f1a73) csrrw   s4, mscratch, t5
core   0: 3 0x80004e72 (0x340f1a73) x20 0x00000019 c832_mscratch 0x00000001
core   0: 0x80004e76 (0xbcd38513) addi    a0, t2, -1075
core   0: 3 0x80004e76 (0xbcd38513) x10 0xfffffbcd
core   0: 0x80004e7a (0x03aee363) bltu    t4, s10, pc + 38
core   0: 3 0x80004e7a (0x03aee363)
core   0: 0x80004e7e (0x0000127d) c.addi  tp, -1
core   0: 3 0x80004e7e (0x127d) x4  0x9d8e3d55
core   0: 0x80004e80 (0xf8770513) addi    a0, a4, -121
core   0: 3 0x80004e80 (0xf8770513) x10 0xffffffa1
core   0: 0x80004e84 (0xbb4ae517) auipc   a0, 0xbb4ae
core   0: 3 0x80004e84 (0xbb4ae517) x10 0x3b4b2e84
core   0: 0x80004e88 (0x030ed737) lui     a4, 0x30ed
core   0: 3 0x80004e88 (0x030ed737) x14 0x030ed000
core   0: 0x80004e8c (0x028673b3) remu    t2, a2, s0
core   0: 3 0x80004e8c (0x028673b3) x7  0x00025ce4
core   0: 0x80004e90 (0x404483b3) sub     t2, s1, tp
core   0: 3 0x80004e90 (0x404483b3) x7  0xe271c2ab
core   0: 0x80004e94 (0x0000179c) c.addi4spn a5, sp, 992
core   0: 3 0x80004e94 (0x179c) x15 0x000003e0
core   0: 0x80004e96 (0x00008ce9) c.and   s1, a0
core   0: 3 0x80004e96 (0x8ce9) x9  0x00000000
core   0: 0x80004e98 (0x000006b9) c.addi  a3, 14
core   0: 3 0x80004e98 (0x06b9) x13 0x0001400e
core   0: 0x80004e9a (0x03066763) bltu    a2, a6, pc + 46
core   0: 3 0x80004e9a (0x03066763)
core   0: 0x80004e9e (0x00000001) c.nop
core   0: 3 0x80004e9e (0x0001)
core   0: 0x80004ea0 (0x0169fb63) bgeu    s3, s6, pc + 22
core   0: 3 0x80004ea0 (0x0169fb63)
core   0: 0x80004eb6 (0x409f8a33) sub     s4, t6, s1
core   0: 3 0x80004eb6 (0x409f8a33) x20 0x00000399
core   0: 0x80004eba (0xf1058e93) addi    t4, a1, -240
core   0: 3 0x80004eba (0xf1058e93) x29 0xffffff10
core   0: 0x80004ebe (0x00006ccd) c.lui   s9, 0x13
core   0: 3 0x80004ebe (0x6ccd) x25 0x00013000
core   0: 0x80004ec0 (0x00d2cfb3) xor     t6, t0, a3
core   0: 3 0x80004ec0 (0x00d2cfb3) x31 0x8001400e
core   0: 0x80004ec4 (0x03a95cb3) divu    s9, s2, s10
core   0: 3 0x80004ec4 (0x03a95cb3) x25 0x00000029
core   0: 0x80004ec8 (0x0000e315) c.bnez  a4, pc + 36
core   0: 3 0x80004ec8 (0xe315)
core   0: 0x80004eec (0x00000001) c.nop
core   0: 3 0x80004eec (0x0001)
core   0: 0x80004eee (0x340e6073) csrsi   mscratch, 28
core   0: 3 0x80004eee (0x340e6073) c832_mscratch 0x0000001d
core   0: 0x80004ef2 (0xe668cb13) xori    s6, a7, -410
core   0: 3 0x80004ef2 (0xe668cb13) x22 0xfffffe66
core   0: 0x80004ef6 (0x013c76b3) and     a3, s8, s3
core   0: 3 0x80004ef6 (0x013c76b3) x13 0x80000000
core   0: 0x80004efa (0x41ebd133) sra     sp, s7, t5
core   0: 3 0x80004efa (0x41ebd133) x2  0x036a883e
core   0: 0x80004efe (0x03735fb3) divu    t6, t1, s7
core   0: 3 0x80004efe (0x03735fb3) x31 0x00000000
core   0: 0x80004f02 (0x02070b33) mul     s6, a4, zero
core   0: 3 0x80004f02 (0x02070b33) x22 0x00000000
core   0: 0x80004f06 (0x009bafb3) slt     t6, s7, s1
core   0: 3 0x80004f06 (0x009bafb3) x31 0x00000000
core   0: 0x80004f0a (0x02d59d63) bne     a1, a3, pc + 58
core   0: 3 0x80004f0a (0x02d59d63)
core   0: 0x80004f44 (0xb972b693) sltiu   a3, t0, -1129
core   0: 3 0x80004f44 (0xb972b693) x13 0x00000001
core   0: 0x80004f48 (0x40170b33) sub     s6, a4, ra
core   0: 3 0x80004f48 (0x40170b33) x22 0x030ecfff
core   0: 0x80004f4c (0xa89e2b13) slti    s6, t3, -1399
core   0: 3 0x80004f4c (0xa89e2b13) x22 0x00000001
core   0: 0x80004f50 (0x56060193) addi    gp, a2, 1376
core   0: 3 0x80004f50 (0x56060193) x3  0x80026244
core   0: 0x80004f54 (0x73763f93) sltiu   t6, a2, 1847
core   0: 3 0x80004f54 (0x73763f93) x31 0x00000000
core   0: 0x80004f58 (0x03962f33) mulhsu  t5, a2, s9
core   0: 3 0x80004f58 (0x03962f33) x30 0xffffffeb
core   0: 0x80004f5c (0x9fb5deb7) lui     t4, 0x9fb5d
core   0: 3 0x80004f5c (0x9fb5deb7) x29 0x9fb5d000
core   0: 0x80004f60 (0x02c588b3) mul     a7, a1, a2
core   0: 3 0x80004f60 (0x02c588b3) x17 0x00000000
core   0: 0x80004f64 (0x031a0e63) beq     s4, a7, pc + 60
core   0: 3 0x80004f64 (0x031a0e63)
core   0: 0x80004f68 (0x00bb9993) slli    s3, s7, 11
core   0: 3 0x80004f68 (0x00bb9993) x19 0xa883e800
core   0: 0x80004f6c (0x000083c6) c.mv    t2, a7
core   0: 3 0x80004f6c (0x83c6) x7  0x00000000
core   0: 0x80004f6e (0xaf9e7213) andi    tp, t3, -1287
core   0: 3 0x80004f6e (0xaf9e7213) x4  0x80021a60
core   0: 0x80004f72 (0x00001f0c) c.addi4spn a1, sp, 944
core   0: 3 0x80004f72 (0x1f0c) x11 0x036a8bee
core   0: 0x80004f74 (0x0307f833) remu    a6, a5, a6
core   0: 3 0x80004f74 (0x0307f833) x16 0x000003e0
core   0: 0x80004f78 (0x340ced73) csrrsi  s10, mscratch, 25
core   0: 3 0x80004f78 (0x340ced73) x26 0x0000001d c832_mscratch 0x0000001d
core   0: 0x80004f7c (0x01769c33) sll     s8, a3, s7
core   0: 3 0x80004f7c (0x01769c33) x24 0x20000000
core   0: 0x80004f80 (0x0008c5b3) xor     a1, a7, zero
core   0: 3 0x80004f80 (0x0008c5b3) x11 0x00000000
core   0: 0x80004f84 (0x029e6db3) rem     s11, t3, s1
core   0: 3 0x80004f84 (0x029e6db3) x27 0x80021e64
core   0: 0x80004f88 (0x0000e399) c.bnez  a5, pc + 6
core   0: 3 0x80004f88 (0xe399)
core   0: 0x80004f8e (0x02bd46b3) div     a3, s10, a1
core   0: 3 0x80004f8e (0x02bd46b3) x13 0xffffffff
core   0: 0x80004f92 (0x000085bd) c.srai  a1, 15
core   0: 3 0x80004f92 (0x85bd) x11 0x00000000
core   0: 0x80004f94 (0x335294b7) lui     s1, 0x33529
core   0: 3 0x80004f94 (0x335294b7) x9  0x33529000
core   0: 0x80004f98 (0x031082b3) mul     t0, ra, a7
core   0: 3 0x80004f98 (0x031082b3) x5  0x00000000
core   0: 0x80004f9c (0x01e38033) add     zero, t2, t5
core   0: 3 0x80004f9c (0x01e38033)
core   0: 0x80004fa0 (0x00000001) c.nop
core   0: 3 0x80004fa0 (0x0001)
core   0: 0x80004fa2 (0xc542a193) slti    gp, t0, -940
core   0: 3 0x80004fa2 (0xc542a193) x3  0x00000000
core   0: 0x80004fa6 (0x00da9933) sll     s2, s5, a3
core   0: 3 0x80004fa6 (0x00da9933) x18 0x80000000
core   0: 0x80004faa (0x00000a39) c.addi  s4, 14
core   0: 3 0x80004faa (0x0a39) x20 0x000003a7
core   0: 0x80004fac (0x00f8d193) srli    gp, a7, 15
core   0: 3 0x80004fac (0x00f8d193) x3  0x00000000
core   0: 0x80004fb0 (0x00000001) c.nop
core   0: 3 0x80004fb0 (0x0001)
core   0: 0x80004fb2 (0x03196a33) rem     s4, s2, a7
core   0: 3 0x80004fb2 (0x03196a33) x20 0x80000000
core   0: 0x80004fb6 (0x00a28ab3) add     s5, t0, a0
core   0: 3 0x80004fb6 (0x00a28ab3) x21 0x3b4b2e84
core   0: 0x80004fba (0x00000001) c.nop
core   0: 3 0x80004fba (0x0001)
core   0: 0x80004fbc (0xed88b093) sltiu   ra, a7, -296
core   0: 3 0x80004fbc (0xed88b093) x1  0x00000001
core   0: 0x80004fc0 (0x000010fd) c.addi  ra, -1
core   0: 3 0x80004fc0 (0x10fd) x1  0x00000000
core   0: 0x80004fc2 (0x03b77533) remu    a0, a4, s11
core   0: 3 0x80004fc2 (0x03b77533) x10 0x030ed000
core   0: 0x80004fc6 (0x02e67663) bgeu    a2, a4, pc + 44
core   0: 3 0x80004fc6 (0x02e67663)
core   0: 0x80004ff2 (0x400354b3) sra     s1, t1, zero
core   0: 3 0x80004ff2 (0x400354b3) x9  0x0504ab0e
core   0: 0x80004ff6 (0x0ff0000f) fence   iorw,iorw
core   0: 3 0x80004ff6 (0x0ff0000f)
core   0: 0x80004ffa (0x00008d65) c.and   a0, s1
core   0: 3 0x80004ffa (0x8d65) x10 0x01048000
core   0: 0x80004ffc (0x00a631b3) sltu    gp, a2, a0
core   0: 3 0x80004ffc (0x00a631b3) x3  0x00000000
core   0: 0x80005000 (0x00000a9c) c.addi4spn a5, sp, 336
core   0: 3 0x80005000 (0x0a9c) x15 0x036a898e
core   0: 0x80005002 (0x00a6c033) xor     zero, a3, a0
core   0: 3 0x80005002 (0x00a6c033)
core   0: 0x80005006 (0x03ea8bb3) mul     s7, s5, t5
core   0: 3 0x80005006 (0x03ea8bb3) x23 0x22d52f2c
core   0: 0x8000500a (0x0000717d) c.addi16sp sp, -16
core   0: 3 0x8000500a (0x717d) x2  0x036a882e
core   0: 0x8000500c (0x34003ef3) csrrc   t4, mscratch, zero
core   0: 3 0x8000500c (0x34003ef3) x29 0x0000001d
core   0: 0x80005010 (0x000006de) c.slli  a3, 23
core   0: 3 0x80005010 (0x06de) x13 0xff800000
core   0: 0x80005012 (0x00910d63) beq     sp, s1, pc + 26
core   0: 3 0x80005012 (0x00910d63)
core   0: 0x80005016 (0x0399b3b3) mulhu   t2, s3, s9
core   0: 3 0x80005016 (0x0399b3b3) x7  0x0000001a
core   0: 0x8000501a (0x41f9deb3) sra     t4, s3, t6
core   0: 3 0x8000501a (0x41f9deb3) x29 0xa883e800
core   0: 0x8000501e (0x00af34b3) sltu    s1, t5, a0
core   0: 3 0x8000501e (0x00af34b3) x9  0x00000000
core   0: 0x80005022 (0x027854b3) divu    s1, a6, t2
core   0: 3 0x80005022 (0x027854b3) x9  0x00000026
core   0: 0x80005026 (0x01864d63) blt     a2, s8, pc + 26
core   0: 3 0x80005026 (0x01864d63)
core   0: 0x80005040 (0x00009a8a) c.add   s5, sp
core   0: 3 0x80005040 (0x9a8a) x21 0x3eb5b6b2
core   0: 0x80005042 (0x340037f3) csrrc   a5, mscratch, zero
core   0: 3 0x80005042 (0x340037f3) x15 0x0000001d
core   0: 0x80005046 (0x34056373) csrrsi  t1, mscratch, 10
core   0: 3 0x80005046 (0x34056373) x6  0x0000001d c832_mscratch 0x0000001f
core   0: 0x8000504a (0x025dfeb3) remu    t4, s11, t0
core   0: 3 0x8000504a (0x025dfeb3) x29 0x80021e64
core   0: 0x8000504e (0x00000001) c.nop
core   0: 3 0x8000504e (0x0001)
core   0: 0x80005050 (0x000052fd) c.li    t0, -1
core   0: 3 0x80005050 (0x52fd) x5  0xffffffff
core   0: 0x80005052 (0x0000e119) c.bnez  a0, pc + 6
core   0: 3 0x80005052 (0xe119)
core   0: 0x80005058 (0x00008ea1) c.xor   a3, s0
core   0: 3 0x80005058 (0x8ea1) x13 0x7f800000
core   0: 0x8000505a (0xf3604c17) auipc   s8, 0xf3604
core   0: 3 0x8000505a (0xf3604c17) x24 0x7360905a
core   0: 0x8000505e (0x4045dc93) srai    s9, a1, 4
core   0: 3 0x8000505e (0x4045dc93) x25 0x00000000
core   0: 0x80005062 (0x34079df3) csrrw   s11, mscratch, a5
core   0: 3 0x80005062 (0x34079df3) x27 0x0000001f c832_mscratch 0x0000001d
core   0: 0x80005066 (0x00009bfd) c.andi  a5, -1
core   0: 3 0x80005066 (0x9bfd) x15 0x0000001d
core   0: 0x80005068 (0xdfe84113) xori    sp, a6, -514
core   0: 3 0x80005068 (0xdfe84113) x2  0xfffffe1e
core   0: 0x8000506c (0x01db8b63) beq     s7, t4, pc + 22
core   0: 3 0x8000506c (0x01db8b63)
core   0: 0x80005070 (0x00228f33) add     t5, t0, sp
core   0: 3 0x80005070 (0x00228f33) x30 0xfffffe1d
core   0: 0x80005074 (0x0000717d) c.addi16sp sp, -16
core   0: 3 0x80005074 (0x717d) x2  0xfffffe0e
core   0: 0x80005076 (0x001dfd63) bgeu    s11, ra, pc + 26
core   0: 3 0x80005076 (0x001dfd63)
core   0: 0x80005090 (0x8e566d17) auipc   s10, 0x8e566
core   0: 3 0x80005090 (0x8e566d17) x26 0x0e56b090
core   0: 0x80005094 (0x015caeb3) slt     t4, s9, s5
core   0: 3 0x80005094 (0x015caeb3) x29 0x00000001
core   0: 0x80005098 (0x40fe5f33) sra     t5, t3, a5
core   0: 3 0x80005098 (0x40fe5f33) x30 0xfffffffc
core   0: 0x8000509c (0x01419033) sll     zero, gp, s4
core   0: 3 0x8000509c (0x01419033)
core   0: 0x800050a0 (0x01b0feb3) and     t4, ra, s11
core   0: 3 0x800050a0 (0x01b0feb3) x29 0x00000000
core   0: 0x800050a4 (0x000012fd) c.addi  t0, -1
core   0: 3 0x800050a4 (0x12fd) x5  0xfffffffe
core   0: 0x800050a6 (0x01d83a33) sltu    s4, a6, t4
core   0: 3 0x800050a6 (0x01d83a33) x20 0x00000000
core   0: 0x800050aa (0x408dd4b3) sra     s1, s11, s0
core   0: 3 0x800050aa (0x408dd4b3) x9  0x0000001f
core   0: 0x800050ae (0x02178e63) beq     a5, ra, pc + 60
core   0: 3 0x800050ae (0x02178e63)
core   0: 0x800050b2 (0x019e8463) beq     t4, s9, pc + 8
core   0: 3 0x800050b2 (0x019e8463)
core   0: 0x800050ba (0x3402d373) csrrwi  t1, mscratch, 5
core   0: 3 0x800050ba (0x3402d373) x6  0x0000001d c832_mscratch 0x00000005
core   0: 0x800050be (0x0000c119) c.beqz  a0, pc + 6
core   0: 3 0x800050be (0xc119)
core   0: 0x800050c0 (0x00000001) c.nop
core   0: 3 0x800050c0 (0x0001)
core   0: 0x800050c2 (0x0000717d) c.addi16sp sp, -16
core   0: 3 0x800050c2 (0x717d) x2  0xfffffdfe
core   0: 0x800050c4 (0xb460f693) andi    a3, ra, -1210
core   0: 3 0x800050c4 (0xb460f693) x13 0x00000000
core   0: 0x800050c8 (0x031aacb3) mulhsu  s9, s5, a7
core   0: 3 0x800050c8 (0x031aacb3) x25 0x00000000
core   0: 0x800050cc (0x000087ad) c.srai  a5, 11
core   0: 3 0x800050cc (0x87ad) x15 0x00000000
core   0: 0x800050ce (0x00009f8a) c.add   t6, sp
core   0: 3 0x800050ce (0x9f8a) x31 0xfffffdfe
core   0: 0x800050d0 (0x01151133) sll     sp, a0, a7
core   0: 3 0x800050d0 (0x01151133) x2  0x01048000
core   0: 0x800050d4 (0x96822093) slti    ra, tp, -1688
core   0: 3 0x800050d4 (0x96822093) x1  0x00000001
core   0: 0x800050d8 (0x03e74bb3) div     s7, a4, t5
core   0: 3 0x800050d8 (0x03e74bb3) x23 0xff3c4c00
core   0: 0x800050dc (0x00001f7d) c.addi  t5, -1
core   0: 3 0x800050dc (0x1f7d) x30 0xfffffffb
core   0: 0x800050de (0x00008be2) c.mv    s7, s8
core   0: 3 0x800050de (0x8be2) x23 0x7360905a
core   0: 0x800050e0 (0x00008de9) c.and   a1, a0
core   0: 3 0x800050e0 (0x8de9) x11 0x00000000
core   0: 0x800050e2 (0x00008f2d) c.xor   a4, a1
core   0: 3 0x800050e2 (0x8f2d) x14 0x030ed000
core   0: 0x800050e4 (0x00008d21) c.xor   a0, s0
core   0: 3 0x800050e4 (0x8d21) x10 0x81048000
core   0: 0x800050e6 (0x340a5873) csrrwi  a6, mscratch, 20
core   0: 3 0x800050e6 (0x340a5873) x16 0x00000005 c832_mscratch 0x00000014
core   0: 0x800050ea (0x037b2733) mulhsu  a4, s6, s7
core   0: 3 0x800050ea (0x037b2733) x14 0x00000000
core   0: 0x800050ee (0x00cce363) bltu    s9, a2, pc + 6
core   0: 3 0x800050ee (0x00cce363)
core   0: 0x800050f4 (0x0545c063) blt     a1, s4, pc + 64
core   0: 3 0x800050f4 (0x0545c063)
core   0: 0x800050f8 (0x00009afd) c.andi  a3, -1
core   0: 3 0x800050f8 (0x9afd) x13 0x00000000
core   0: 0x800050fa (0x00000d88) c.addi4spn a0, sp, 720
core   0: 3 0x800050fa (0x0d88) x10 0x010482d0
core   0: 0x800050fc (0x02171863) bne     a4, ra, pc + 48
core   0: 3 0x800050fc (0x02171863)
core   0: 0x8000512c (0x40b7dc93) srai    s9, a5, 11
core   0: 3 0x8000512c (0x40b7dc93) x25 0x00000000
core   0: 0x80005130 (0x411b4993) xori    s3, s6, 1041
core   0: 3 0x80005130 (0x411b4993) x19 0x00000410
core   0: 0x80005134 (0x0000849d) c.srai  s1, 7
core   0: 3 0x80005134 (0x849d) x9  0x00000000
core   0: 0x80005136 (0x00009b7d) c.andi  a4, -1
core   0: 3 0x80005136 (0x9b7d) x14 0x00000000
core   0: 0x80005138 (0x3eb5b493) sltiu   s1, a1, 1003
core   0: 3 0x80005138 (0x3eb5b493) x9  0x00000001
core   0: 0x8000513c (0x023c8d33) mul     s10, s9, gp
core   0: 3 0x8000513c (0x023c8d33) x26 0x00000000
core   0: 0x80005140 (0x024bf6b3) remu    a3, s7, tp
core   0: 3 0x80005140 (0x024bf6b3) x13 0x7360905a
core   0: 0x80005144 (0x406c5d93) srai    s11, s8, 6
core   0: 3 0x80005144 (0x406c5d93) x27 0x01cd8241
core   0: 0x80005148 (0x0000c389) c.beqz  a5, pc + 2
core   0: 3 0x80005148 (0xc389)
core   0: 0x8000514a (0xc8c8c013) xori    zero, a7, -884
core   0: 3 0x8000514a (0xc8c8c013)
core   0: 0x8000514e (0x055e7363) bgeu    t3, s5, pc + 70
core   0: 3 0x8000514e (0x055e7363)
core   0: 0x80005194 (0x00925013) srli    zero, tp, 9
core   0: 3 0x80005194 (0x00925013)
core   0: 0x80005198 (0x03d87f33) remu    t5, a6, t4
core   0: 3 0x80005198 (0x03d87f33) x30 0x00000005
core   0: 0x8000519c (0x000095fa) c.add   a1, t5
core   0: 3 0x8000519c (0x95fa) x11 0x00000005
core   0: 0x8000519e (0x01603eb3) snez    t4, s6
core   0: 3 0x8000519e (0x01603eb3) x29 0x00000001
core   0: 0x800051a2 (0x00009a6e) c.add   s4, s11
core   0: 3 0x800051a2 (0x9a6e) x20 0x01cd8241
core   0: 0x800051a4 (0x00000001) c.nop
core   0: 3 0x800051a4 (0x0001)
core   0: 0x800051a6 (0x00000001) c.nop
core   0: 3 0x800051a6 (0x0001)
core   0: 0x800051a8 (0x0000c115) c.beqz  a0, pc + 36
core   0: 3 0x800051a8 (0xc115)
core   0: 0x800051aa (0x000080f9) c.srli  s1, 30
core   0: 3 0x800051aa (0x80f9) x9  0x00000000
core   0: 0x800051ac (0x0ff0000f) fence   iorw,iorw
core   0: 3 0x800051ac (0x0ff0000f)
core   0: 0x800051b0 (0x1632b813) sltiu   a6, t0, 355
core   0: 3 0x800051b0 (0x1632b813) x16 0x00000000
core   0: 0x800051b4 (0x02e11863) bne     sp, a4, pc + 48
core   0: 3 0x800051b4 (0x02e11863)
core   0: 0x800051e4 (0x0317b2b3) mulhu   t0, a5, a7
core   0: 3 0x800051e4 (0x0317b2b3) x5  0x00000000
core   0: 0x800051e8 (0x00008571) c.srai  a0, 28
core   0: 3 0x800051e8 (0x8571) x10 0x00000000
core   0: 0x800051ea (0x032f4833) div     a6, t5, s2
core   0: 3 0x800051ea (0x032f4833) x16 0x00000000
core   0: 0x800051ee (0x340071f3) csrrci  gp, mscratch, 0
core   0: 3 0x800051ee (0x340071f3) x3  0x00000014
core   0: 0x800051f2 (0x00006ffd) c.lui   t6, 0x1f
core   0: 3 0x800051f2 (0x6ffd) x31 0x0001f000
core   0: 0x800051f4 (0x632fa393) slti    t2, t6, 1586
core   0: 3 0x800051f4 (0x632fa393) x7  0x00000000
core   0: 0x800051f8 (0x340e34f3) csrrc   s1, mscratch, t3
core   0: 3 0x800051f8 (0x340e34f3) x9  0x00000014 c832_mscratch 0x00000010
core   0: 0x800051fc (0x0000717d) c.addi16sp sp, -16
core   0: 3 0x800051fc (0x717d) x2  0x01047ff0
core   0: 0x800051fe (0x00008dc5) c.or    a1, s1
core   0: 3 0x800051fe (0x8dc5) x11 0x00000015
core   0: 0x80005200 (0xd4a66893) ori     a7, a2, -694
core   0: 3 0x80005200 (0xd4a66893) x17 0xfffffdee
core   0: 0x80005204 (0x02e43833) mulhu   a6, s0, a4
core   0: 3 0x80005204 (0x02e43833) x16 0x00000000
core   0: 0x80005208 (0x00008fa9) c.xor   a5, a0
core   0: 3 0x80005208 (0x8fa9) x15 0x00000000
core   0: 0x8000520a (0x340667f3) csrrsi  a5, mscratch, 12
core   0: 3 0x8000520a (0x340667f3) x15 0x00000010 c832_mscratch 0x0000001c
core   0: 0x8000520e (0x01d43933) sltu    s2, s0, t4
core   0: 3 0x8000520e (0x01d43933) x18 0x00000000
core   0: 0x80005212 (0x0000100f) fence.i
core   0: 3 0x80005212 (0x0000100f)
core   0: 0x80005216 (0x021c93b3) mulh    t2, s9, ra
core   0: 3 0x80005216 (0x021c93b3) x7  0x00000000
core   0: 0x8000521a (0x02632833) mulhsu  a6, t1, t1
core   0: 3 0x8000521a (0x02632833) x16 0x00000000
core   0: 0x8000521e (0x0112d3b3) srl     t2, t0, a7
core   0: 3 0x8000521e (0x0112d3b3) x7  0x00000000
core   0: 0x80005222 (0x409ba213) slti    tp, s7, 1033
core   0: 3 0x80005222 (0x409ba213) x4  0x00000000
core   0: 0x80005226 (0x34043573) csrrc   a0, mscratch, s0
core   0: 3 0x80005226 (0x34043573) x10 0x0000001c c832_mscratch 0x0000001c
core   0: 0x8000522a (0xc7340497) auipc   s1, 0xc7340
core   0: 3 0x8000522a (0xc7340497) x9  0x4734522a
core   0: 0x8000522e (0x03735063) bge     t1, s7, pc + 32
core   0: 3 0x8000522e (0x03735063)
core   0: 0x80005232 (0xf9a48993) addi    s3, s1, -102
core   0: 3 0x80005232 (0xf9a48993) x19 0x473451c4
core   0: 0x80005236 (0xb76498b7) lui     a7, 0xb7649
core   0: 3 0x80005236 (0xb76498b7) x17 0xb7649000
core   0: 0x8000523a (0x02c60733) mul     a4, a2, a2
core   0: 3 0x8000523a (0x02c60733) x14 0x9544ab10
core   0: 0x8000523e (0x00000001) c.nop
core   0: 3 0x8000523e (0x0001)
core   0: 0x80005240 (0x40dbdc93) srai    s9, s7, 13
core   0: 3 0x80005240 (0x40dbdc93) x25 0x00039b04
core   0: 0x80005244 (0x004fef33) or      t5, t6, tp
core   0: 3 0x80005244 (0x004fef33) x30 0x0001f000
core   0: 0x80005248 (0x00008f6a) c.mv    t5, s10
core   0: 3 0x80005248 (0x8f6a) x30 0x00000000
core   0: 0x8000524a (0x02194263) blt     s2, ra, pc + 36
core   0: 3 0x8000524a (0x02194263)
core   0: 0x8000526e (0x012c0a33) add     s4, s8, s2
core   0: 3 0x8000526e (0x012c0a33) x20 0x7360905a
core   0: 0x80005272 (0x468fa893) slti    a7, t6, 1128
core   0: 3 0x80005272 (0x468fa893) x17 0x00000000
core   0: 0x80005276 (0xbc7fc293) xori    t0, t6, -1081
core   0: 3 0x80005276 (0xbc7fc293) x5  0xfffe0bc7
core   0: 0x8000527a (0x02561833) mulh    a6, a2, t0
core   0: 3 0x8000527a (0x02561833) x16 0x0000fa17
core   0: 0x8000527e (0x05578063) beq     a5, s5, pc + 64
core   0: 3 0x8000527e (0x05578063)
core   0: 0x80005282 (0x00000001) c.nop
core   0: 3 0x80005282 (0x0001)
core   0: 0x80005284 (0x34006c73) csrrsi  s8, mscratch, 0
core   0: 3 0x80005284 (0x34006c73) x24 0x0000001c
core   0: 0x80005288 (0x00000306) c.slli  t1, 1
core   0: 3 0x80005288 (0x0306) x6  0x0000003a
core   0: 0x8000528a (0x00d69463) bne     a3, a3, pc + 8
core   0: 3 0x8000528a (0x00d69463)
core   0: 0x8000528e (0x034c3033) mulhu   zero, s8, s4
core   0: 3 0x8000528e (0x034c3033)
core   0: 0x80005292 (0x0000ea99) c.bnez  a3, pc + 22
core   0: 3 0x80005292 (0xea99)
core   0: 0x800052a8 (0x0336a4b3) mulhsu  s1, a3, s3
core   0: 3 0x800052a8 (0x0336a4b3) x9  0x20175c80
core   0: 0x800052ac (0x40fc52b3) sra     t0, s8, a5
core   0: 3 0x800052ac (0x40fc52b3) x5  0x00000000
core   0: 0x800052b0 (0x0ff0000f) fence   iorw,iorw
core   0: 3 0x800052b0 (0x0ff0000f)
core   0: 0x800052b4 (0x00008ad5) c.andi  a3, 21
core   0: 3 0x800052b4 (0x8ad5) x13 0x00000010
core   0: 0x800052b6 (0x00008396) c.mv    t2, t0
core   0: 3 0x800052b6 (0x8396) x7  0x00000000
core   0: 0x800052b8 (0x0000717d) c.addi16sp sp, -16
core   0: 3 0x800052b8 (0x717d) x2  0x01047fe0
core   0: 0x800052ba (0x400a5393) srai    t2, s4, 0
core   0: 3 0x800052ba (0x400a5393) x7  0x7360905a
core   0: 0x800052be (0x3409e2f3) csrrsi  t0, mscratch, 19
core   0: 3 0x800052be (0x3409e2f3) x5  0x0000001c c832_mscratch 0x0000001f
core   0: 0x800052c2 (0x0ff0000f) fence   iorw,iorw
core   0: 3 0x800052c2 (0x0ff0000f)
core   0: 0x800052c6 (0x00006125) c.addi16sp sp, 96
core   0: 3 0x800052c6 (0x6125) x2  0x01048040
core   0: 0x800052c8 (0x15782a93) slti    s5, a6, 343
core   0: 3 0x800052c8 (0x15782a93) x21 0x00000000
core   0: 0x800052cc (0x15eac093) xori    ra, s5, 350
core   0: 3 0x800052cc (0x15eac093) x1  0x0000015e
core   0: 0x800052d0 (0x03275b33) divu    s6, a4, s2
core   0: 3 0x800052d0 (0x03275b33) x22 0xffffffff
core   0: 0x800052d4 (0x7c51cb13) xori    s6, gp, 1989
core   0: 3 0x800052d4 (0x7c51cb13) x22 0x000007d1
core   0: 0x800052d8 (0x340915f3) csrrw   a1, mscratch, s2
core   0: 3 0x800052d8 (0x340915f3) x11 0x0000001f c832_mscratch 0x00000000
core   0: 0x800052dc (0x00008fcd) c.or    a5, a1
core   0: 3 0x800052dc (0x8fcd) x15 0x0000001f
core   0: 0x800052de (0x02bbaab3) mulhsu  s5, s7, a1
core   0: 3 0x800052de (0x02bbaab3) x21 0x0000000d
core   0: 0x800052e2 (0x8435d817) auipc   a6, 0x8435d
core   0: 3 0x800052e2 (0x8435d817) x16 0x043622e2
core   0: 0x800052e6 (0x0000872d) c.srai  a4, 11
core   0: 3 0x800052e6 (0x872d) x14 0xfff2a895
core   0: 0x800052e8 (0x177e4893) xori    a7, t3, 375
core   0: 3 0x800052e8 (0x177e4893) x17 0x80021f13
core   0: 0x800052ec (0x00000001) c.nop
core   0: 3 0x800052ec (0x0001)
core   0: 0x800052ee (0x023cc8b3) div     a7, s9, gp
core   0: 3 0x800052ee (0x023cc8b3) x17 0x00002e26
core   0: 0x800052f2 (0x000f4533) xor     a0, t5, zero
core   0: 3 0x800052f2 (0x000f4533) x10 0x00000000
core   0: 0x800052f6 (0x3402f6f3) csrrci  a3, mscratch, 5
core   0: 3 0x800052f6 (0x3402f6f3) x13 0x00000000 c832_mscratch 0x00000000
core   0: 0x800052fa (0x2dde6793) ori     a5, t3, 733
core   0: 3 0x800052fa (0x2dde6793) x15 0x80021efd
core   0: 0x800052fe (0x4126db93) srai    s7, a3, 18
core   0: 3 0x800052fe (0x4126db93) x23 0x00000000
core   0: 0x80005302 (0x02b1b133) mulhu   sp, gp, a1
core   0: 3 0x80005302 (0x02b1b133) x2  0x00000000
core   0: 0x80005306 (0x00008f51) c.or    a4, a2
core   0: 3 0x80005306 (0x8f51) x14 0xfff2fcf5
core   0: 0x80005308 (0x0000177d) c.addi  a4, -1
core   0: 3 0x80005308 (0x177d) x14 0xfff2fcf4
core   0: 0x8000530a (0x0000c909) c.beqz  a0, pc + 18
core   0: 3 0x8000530a (0xc909)
core   0: 0x8000531c (0x0000ce9d) c.beqz  a3, pc + 62
core   0: 3 0x8000531c (0xce9d)
core   0: 0x8000535a (0x000016fd) c.addi  a3, -1
core   0: 3 0x8000535a (0x16fd) x13 0xffffffff
core   0: 0x8000535c (0x00009b1e) c.add   s6, t2
core   0: 3 0x8000535c (0x9b1e) x22 0x7360982b
core   0: 0x8000535e (0x34049f73) csrrw   t5, mscratch, s1
core   0: 3 0x8000535e (0x34049f73) x30 0x00000000 c832_mscratch 0x20175c80
core   0: 0x80005362 (0x9e19e493) ori     s1, s3, -1567
core   0: 3 0x80005362 (0x9e19e493) x9  0xfffff9e5
core   0: 0x80005366 (0x01565eb3) srl     t4, a2, s5
core   0: 3 0x80005366 (0x01565eb3) x29 0x00040012
core   0: 0x8000536a (0x00008f25) c.xor   a4, s1
core   0: 3 0x8000536a (0x8f25) x14 0x000d0511
core   0: 0x8000536c (0x00008329) c.srli  a4, 10
core   0: 3 0x8000536c (0x8329) x14 0x00000341
core   0: 0x8000536e (0xf9b78093) addi    ra, a5, -101
core   0: 3 0x8000536e (0xf9b78093) x1  0x80021e98
core   0: 0x80005372 (0x01811563) bne     sp, s8, pc + 10
core   0: 3 0x80005372 (0x01811563)
core   0: 0x8000537c (0x95dffd13) andi    s10, t6, -1699
core   0: 3 0x8000537c (0x95dffd13) x26 0x0001f000
core   0: 0x80005380 (0x00008eb1) c.xor   a3, a2
core   0: 3 0x80005380 (0x8eb1) x13 0x7ffda31b
core   0: 0x80005382 (0x66c12093) slti    ra, sp, 1644
core   0: 3 0x80005382 (0x66c12093) x1  0x00000001
core   0: 0x80005386 (0x0000100f) fence.i
core   0: 3 0x80005386 (0x0000100f)
core   0: 0x8000538a (0x81436b13) ori     s6, t1, -2028
core   0: 3 0x8000538a (0x81436b13) x22 0xfffff83e
core   0: 0x8000538e (0x40205513) srai    a0, zero, 2
core   0: 3 0x8000538e (0x40205513) x10 0x00000000
core   0: 0x80005392 (0x4c764a13) xori    s4, a2, 1223
core   0: 3 0x80005392 (0x4c764a13) x20 0x80025823
core   0: 0x80005396 (0x00008741) c.srai  a4, 16
core   0: 3 0x80005396 (0x8741) x14 0x00000000
core   0: 0x80005398 (0x0259fc33) remu    s8, s3, t0
core   0: 3 0x80005398 (0x0259fc33) x24 0x00000010
core   0: 0x8000539c (0x03b50733) mul     a4, a0, s11
core   0: 3 0x8000539c (0x03b50733) x14 0x00000000
core   0: 0x800053a0 (0x00008ee1) c.and   a3, s0
core   0: 3 0x800053a0 (0x8ee1) x13 0x00000000
core   0: 0x800053a2 (0x028f1333) mulh    t1, t5, s0
core   0: 3 0x800053a2 (0x028f1333) x6  0x00000000
core   0: 0x800053a6 (0x00008f59) c.or    a4, a4
core   0: 3 0x800053a6 (0x8f59) x14 0x00000000
core   0: 0x800053a8 (0x0000cf95) c.beqz  a5, pc + 60
core   0: 3 0x800053a8 (0xcf95)
core   0: 0x800053aa (0x0000c399) c.beqz  a5, pc + 6
core   0: 3 0x800053aa (0xc399)
core   0: 0x800053ac (0xad650113) addi    sp, a0, -1322
core   0: 3 0x800053ac (0xad650113) x2  0xfffffad6
core   0: 0x800053b0 (0x00009b7d) c.andi  a4, -1
core   0: 3 0x800053b0 (0x9b7d) x14 0x00000000
core   0: 0x800053b2 (0x40a385b3) sub     a1, t2, a0
core   0: 3 0x800053b2 (0x40a385b3) x11 0x7360905a
core   0: 0x800053b6 (0x03a49d33) mulh    s10, s1, s10
core   0: 3 0x800053b6 (0x03a49d33) x26 0xffffffff
core   0: 0x800053ba (0x00c54a63) blt     a0, a2, pc + 20
core   0: 3 0x800053ba (0x00c54a63)
core   0: 0x800053be (0x01ec5233) srl     tp, s8, t5
core   0: 3 0x800053be (0x01ec5233) x4  0x00000010
core   0: 0x800053c2 (0x889e6e93) ori     t4, t3, -1911
core   0: 3 0x800053c2 (0x889e6e93) x29 0xfffffeed
core   0: 0x800053c6 (0x00459093) slli    ra, a1, 4
core   0: 3 0x800053c6 (0x00459093) x1  0x360905a0
core   0: 0x800053ca (0x0351f663) bgeu    gp, s5, pc + 44
core   0: 3 0x800053ca (0x0351f663)
core   0: 0x800053f6 (0x00b5edb3) or      s11, a1, a1
core   0: 3 0x800053f6 (0x00b5edb3) x27 0x7360905a
core   0: 0x800053fa (0x02f61d33) mulh    s10, a2, a5
core   0: 3 0x800053fa (0x02f61d33) x26 0x3ffdc214
core   0: 0x800053fe (0x02a96463) bltu    s2, a0, pc + 40
core   0: 3 0x800053fe (0x02a96463)
core   0: 0x80005402 (0x00000939) c.addi  s2, 14
core   0: 3 0x80005402 (0x0939) x18 0x0000000e
core   0: 0x80005404 (0x41f78b33) sub     s6, a5, t6
core   0: 3 0x80005404 (0x41f78b33) x22 0x80002efd
core   0: 0x80005408 (0x340033f3) csrrc   t2, mscratch, zero
core   0: 3 0x80005408 (0x340033f3) x7  0x20175c80
core   0: 0x8000540c (0x2d901b17) auipc   s6, 0x2d901
core   0: 3 0x8000540c (0x2d901b17) x22 0xad90640c
core   0: 0x80005410 (0x34002c73) csrr    s8, mscratch
core   0: 3 0x80005410 (0x34002c73) x24 0x20175c80
core   0: 0x80005414 (0x02bd4363) blt     s10, a1, pc + 38
core   0: 3 0x80005414 (0x02bd4363)
core   0: 0x8000543a (0x00648fb3) add     t6, s1, t1
core   0: 3 0x8000543a (0x00648fb3) x31 0xfffff9e5
core   0: 0x8000543e (0x025fc133) div     sp, t6, t0
core   0: 3 0x8000543e (0x025fc133) x2  0xffffffc9
core   0: 0x80005442 (0x419b5893) srai    a7, s6, 25
core   0: 3 0x80005442 (0x419b5893) x17 0xffffffd6
core   0: 0x80005446 (0x00008cc5) c.or    s1, s1
core   0: 3 0x80005446 (0x8cc5) x9  0xfffff9e5
core   0: 0x80005448 (0x00f17863) bgeu    sp, a5, pc + 16
core   0: 3 0x80005448 (0x00f17863)
core   0: 0x80005458 (0x340c70f3) csrrci  ra, mscratch, 24
core   0: 3 0x80005458 (0x340c70f3) x1  0x20175c80 c832_mscratch 0x20175c80
core   0: 0x8000545c (0x41785e93) srai    t4, a6, 23
core   0: 3 0x8000545c (0x41785e93) x29 0x00000008
core   0: 0x80005460 (0x41eb5a93) srai    s5, s6, 30
core   0: 3 0x80005460 (0x41eb5a93) x21 0xfffffffe
core   0: 0x80005464 (0x00486833) or      a6, a6, tp
core   0: 3 0x80005464 (0x00486833) x16 0x043622f2
core   0: 0x80005468 (0x000019fd) c.addi  s3, -1
core   0: 3 0x80005468 (0x19fd) x19 0x473451c3
core   0: 0x8000546a (0x0152ea63) bltu    t0, s5, pc + 20
core   0: 3 0x8000546a (0x0152ea63)
core   0: 0x8000547e (0x00000001) c.nop
core   0: 3 0x8000547e (0x0001)
core   0: 0x80005480 (0x01cfdd63) bge     t6, t3, pc + 26
core   0: 3 0x80005480 (0x01cfdd63)
core   0: 0x8000549a (0x00006c39) c.lui   s8, 0xe
core   0: 3 0x8000549a (0x6c39) x24 0x0000e000
core   0: 0x8000549c (0x3407daf3) csrrwi  s5, mscratch, 15
core   0: 3 0x8000549c (0x3407daf3) x21 0x20175c80 c832_mscratch 0x0000000f
core   0: 0x800054a0 (0x00000001) c.nop
core   0: 3 0x800054a0 (0x0001)
core   0: 0x800054a2 (0x7b5e6797) auipc   a5, 0x7b5e6
core   0: 3 0x800054a2 (0x7b5e6797) x15 0xfb5eb4a2
core   0: 0x800054a6 (0x49d0fb13) andi    s6, ra, 1181
core   0: 3 0x800054a6 (0x49d0fb13) x22 0x00000480
core   0: 0x800054aa (0x00008f19) c.sub   a4, a4
core   0: 3 0x800054aa (0x8f19) x14 0x00000000
core   0: 0x800054ac (0x340020f3) csrr    ra, mscratch
core   0: 3 0x800054ac (0x340020f3) x1  0x0000000f
core   0: 0x800054b0 (0x01a047b3) xor     a5, zero, s10
core   0: 3 0x800054b0 (0x01a047b3) x15 0x3ffdc214
core   0: 0x800054b4 (0x0104db93) srli    s7, s1, 16
core   0: 3 0x800054b4 (0x0104db93) x23 0x0000ffff
core   0: 0x800054b8 (0x035a5063) bge     s4, s5, pc + 32
core   0: 3 0x800054b8 (0x035a5063)
core   0: 0x800054bc (0x0000100f) fence.i
core   0: 3 0x800054bc (0x0000100f)
core   0: 0x800054c0 (0x03c5b8b3) mulhu   a7, a1, t3
core   0: 3 0x800054c0 (0x03c5b8b3) x17 0x39b13ca0
core   0: 0x800054c4 (0x03fc1bb3) mulh    s7, s8, t6
core   0: 3 0x800054c4 (0x03fc1bb3) x23 0xffffffff
core   0: 0x800054c8 (0x01de06b3) add     a3, t3, t4
core   0: 3 0x800054c8 (0x01de06b3) x13 0x80021e6c
core   0: 0x800054cc (0x340c7ef3) csrrci  t4, mscratch, 24
core   0: 3 0x800054cc (0x340c7ef3) x29 0x0000000f c832_mscratch 0x00000007
core   0: 0x800054d0 (0x000041b1) c.li    gp, 12
core   0: 3 0x800054d0 (0x41b1) x3  0x0000000c
core   0: 0x800054d2 (0xba734913) xori    s2, t1, -1113
core   0: 3 0x800054d2 (0xba734913) x18 0xfffffba7
core   0: 0x800054d6 (0x00008541) c.srai  a0, 16
core   0: 3 0x800054d6 (0x8541) x10 0x00000000
core   0: 0x800054d8 (0x41b65db3) sra     s11, a2, s11
core   0: 3 0x800054d8 (0x41b65db3) x27 0xffffffe0
core   0: 0x800054dc (0xcb8e2bb7) lui     s7, 0xcb8e2
core   0: 3 0x800054dc (0xcb8e2bb7) x23 0xcb8e2000
core   0: 0x800054e0 (0x340c60f3) csrrsi  ra, mscratch, 24
core   0: 3 0x800054e0 (0x340c60f3) x1  0x00000007 c832_mscratch 0x0000001f
core   0: 0x800054e4 (0x019b33b3) sltu    t2, s6, s9
core   0: 3 0x800054e4 (0x019b33b3) x7  0x00000001
core   0: 0x800054e8 (0x000007ae) c.slli  a5, 11
core   0: 3 0x800054e8 (0x07ae) x15 0xee10a000
core   0: 0x800054ea (0x00bf5693) srli    a3, t5, 11
core   0: 3 0x800054ea (0x00bf5693) x13 0x00000000
core   0: 0x800054ee (0x0000c995) c.beqz  a1, pc + 52
core   0: 3 0x800054ee (0xc995)
core   0: 0x800054f0 (0x0311b133) mulhu   sp, gp, a7
core   0: 3 0x800054f0 (0x0311b133) x2  0x00000002
core   0: 0x800054f4 (0x34007973) csrrci  s2, mscratch, 0
core   0: 3 0x800054f4 (0x34007973) x18 0x0000001f
core   0: 0x800054f8 (0x01ee7ab3) and     s5, t3, t5
core   0: 3 0x800054f8 (0x01ee7ab3) x21 0x00000000
core   0: 0x800054fc (0x000056fd) c.li    a3, -1
core   0: 3 0x800054fc (0x56fd) x13 0xffffffff
core   0: 0x800054fe (0x00309cb3) sll     s9, ra, gp
core   0: 3 0x800054fe (0x00309cb3) x25 0x00007000
core   0: 0x80005502 (0xcccbe313) ori     t1, s7, -820
core   0: 3 0x80005502 (0xcccbe313) x6  0xfffffccc
core   0: 0x80005506 (0x50cd6117) auipc   sp, 0x50cd6
core   0: 3 0x80005506 (0x50cd6117) x2  0xd0cdb506
core   0: 0x8000550a (0x00006775) c.lui   a4, 0x1d
core   0: 3 0x8000550a (0x6775) x14 0x0001d000
core   0: 0x8000550c (0x0000100f) fence.i
core   0: 3 0x8000550c (0x0000100f)
core   0: 0x80005510 (0x00008f95) c.sub   a5, a3
core   0: 3 0x80005510 (0x8f95) x15 0xee10a001
core   0: 0x80005512 (0x034fc833) div     a6, t6, s4
core   0: 3 0x80005512 (0x034fc833) x16 0x00000000
core   0: 0x80005516 (0x017adb33) srl     s6, s5, s7
core   0: 3 0x80005516 (0x017adb33) x22 0x00000000
core   0: 0x8000551a (0x0000468d) c.li    a3, 3
core   0: 3 0x8000551a (0x468d) x13 0x00000003
core   0: 0x8000551c (0x01071eb3) sll     t4, a4, a6
core   0: 3 0x8000551c (0x01071eb3) x29 0x0001d000
core   0: 0x80005520 (0x00008ce1) c.and   s1, s0
core   0: 3 0x80005520 (0x8ce1) x9  0x80000000
core   0: 0x80005522 (0x340c94f3) csrrw   s1, mscratch, s9
core   0: 3 0x80005522 (0x340c94f3) x9  0x0000001f c832_mscratch 0x00007000
core   0: 0x80005526 (0x00004ca5) c.li    s9, 9
core   0: 3 0x80005526 (0x4ca5) x25 0x00000009
core   0: 0x80005528 (0x00008cad) c.xor   s1, a1
core   0: 3 0x80005528 (0x8cad) x9  0x73609045
core   0: 0x8000552a (0x03cb1fb3) mulh    t6, s6, t3
core   0: 3 0x8000552a (0x03cb1fb3) x31 0x00000000
core   0: 0x8000552e (0x000e6eb3) or      t4, t3, zero
core   0: 3 0x8000552e (0x000e6eb3) x29 0x80021e64
core   0: 0x80005532 (0x01c6beb3) sltu    t4, a3, t3
core   0: 3 0x80005532 (0x01c6beb3) x29 0x00000001
core   0: 0x80005536 (0x00599033) sll     zero, s3, t0
core   0: 3 0x80005536 (0x00599033)
core   0: 0x8000553a (0x000087c1) c.srai  a5, 16
core   0: 3 0x8000553a (0x87c1) x15 0xffffee10
core   0: 0x8000553c (0x5ad3b213) sltiu   tp, t2, 1453
core   0: 3 0x8000553c (0x5ad3b213) x4  0x00000001
core   0: 0x80005540 (0x400c5b93) srai    s7, s8, 0
core   0: 3 0x80005540 (0x400c5b93) x23 0x0000e000
core   0: 0x80005544 (0x03772333) mulhsu  t1, a4, s7
core   0: 3 0x80005544 (0x03772333) x6  0x00000001
core   0: 0x80005548 (0x00008ab6) c.mv    s5, a3
core   0: 3 0x80005548 (0x8ab6) x21 0x00000003
core   0: 0x8000554a (0x05b47163) bgeu    s0, s11, pc + 66
core   0: 3 0x8000554a (0x05b47163)
core   0: 0x8000554e (0x3400e173) csrrsi  sp, mscratch, 1
core   0: 3 0x8000554e (0x3400e173) x2  0x00007000 c832_mscratch 0x00007001
core   0: 0x80005552 (0x03488363) beq     a7, s4, pc + 38
core   0: 3 0x80005552 (0x03488363)
core   0: 0x80005556 (0x41fa8933) sub     s2, s5, t6
core   0: 3 0x80005556 (0x41fa8933) x18 0x00000003
core   0: 0x8000555a (0x0000c319) c.beqz  a4, pc + 6
core   0: 3 0x8000555a (0xc319)
core   0: 0x8000555c (0x02959c33) mulh    s8, a1, s1
core   0: 3 0x8000555c (0x02959c33) x24 0x33ffe613
core   0: 0x80005560 (0x00006129) c.addi16sp sp, 192
core   0: 3 0x80005560 (0x6129) x2  0x000070c0
core   0: 0x80005562 (0xa1e54293) xori    t0, a0, -1506
core   0: 3 0x80005562 (0xa1e54293) x5  0xfffffa1e
core   0: 0x80005566 (0x00006c1d) c.lui   s8, 0x7
core   0: 3 0x80005566 (0x6c1d) x24 0x00007000
core   0: 0x80005568 (0x00357c63) bgeu    a0, gp, pc + 24
core   0: 3 0x80005568 (0x00357c63)
core   0: 0x8000556c (0x00fbb6b3) sltu    a3, s7, a5
core   0: 3 0x8000556c (0x00fbb6b3) x13 0x00000001
core   0: 0x80005570 (0x03dc2533) mulhsu  a0, s8, t4
core   0: 3 0x80005570 (0x03dc2533) x10 0x00000000
core   0: 0x80005574 (0x01dcd663) bge     s9, t4, pc + 12
core   0: 3 0x80005574 (0x01dcd663)
core   0: 0x80005580 (0x0056f833) and     a6, a3, t0
core   0: 3 0x80005580 (0x0056f833) x16 0x00000000
core   0: 0x80005584 (0x0158b833) sltu    a6, a7, s5
core   0: 3 0x80005584 (0x0158b833) x16 0x00000000
core   0: 0x80005588 (0x340ff3f3) csrrci  t2, mscratch, 31
core   0: 3 0x80005588 (0x340ff3f3) x7  0x00007001 c832_mscratch 0x00007000
core   0: 0x8000558c (0x027d2cb3) mulhsu  s9, s10, t2
core   0: 3 0x8000558c (0x027d2cb3) x25 0x00001bff
core   0: 0x80005590 (0x01077c63) bgeu    a4, a6, pc + 24
core   0: 3 0x80005590 (0x01077c63)
core   0: 0x800055a8 (0x018f4533) xor     a0, t5, s8
core   0: 3 0x800055a8 (0x018f4533) x10 0x00007000
core   0: 0x800055ac (0x023d1bb3) mulh    s7, s10, gp
core   0: 3 0x800055ac (0x023d1bb3) x23 0x00000002
core   0: 0x800055b0 (0x000090f2) c.add   ra, t3
core   0: 3 0x800055b0 (0x90f2) x1  0x80021e6b
core   0: 0x800055b2 (0x03936333) rem     t1, t1, s9
core   0: 3 0x800055b2 (0x03936333) x6  0x00000001
core   0: 0x800055b6 (0x03162c33) mulhsu  s8, a2, a7
core   0: 3 0x800055b6 (0x03162c33) x24 0xe327ea01
core   0: 0x800055ba (0x00006d17) auipc   s10, 0x6
core   0: 3 0x800055ba (0x00006d17) x26 0x8000b5ba
core   0: 0x800055be (0x4ded0d13) addi    s10, s10, 1246
core   0: 3 0x800055be (0x4ded0d13) x26 0x8000ba98
core   0: 0x800055c2 (0x12f20093) addi    ra, tp, 303
core   0: 3 0x800055c2 (0x12f20093) x1  0x00000130
core   0: 0x800055c6 (0x15bd0d13) addi    s10, s10, 347
core   0: 3 0x800055c6 (0x15bd0d13) x26 0x8000bbf3
core   0: 0x800055ca (0x022f62b3) rem     t0, t5, sp
core   0: 3 0x800055ca (0x022f62b3) x5  0x00000000
core   0: 0x800055ce (0x0114e1b3) or      gp, s1, a7
core   0: 3 0x800055ce (0x0114e1b3) x3  0x7bf1bce5
core   0: 0x800055d2 (0x3402d4f3) csrrwi  s1, mscratch, 5
core   0: 3 0x800055d2 (0x3402d4f3) x9  0x00007000 c832_mscratch 0x00000005
core   0: 0x800055d6 (0x000092d2) c.add   t0, s4
core   0: 3 0x800055d6 (0x92d2) x5  0x80025823
core   0: 0x800055d8 (0x340024f3) csrr    s1, mscratch
core   0: 3 0x800055d8 (0x340024f3) x9  0x00000005
core   0: 0x800055dc (0xea5d01e7) jalr    gp, s10, -347
core   0: 3 0x800055dc (0xea5d01e7) x3  0x800055e0
core   0: 0x8000ba98 (0x003eb7b3) sltu    a5, t4, gp
core   0: 3 0x8000ba98 (0x003eb7b3) x15 0x00000001
core   0: 0x8000ba9c (0x0000451d) c.li    a0, 7
core   0: 3 0x8000ba9c (0x451d) x10 0x00000007
core   0: 0x8000ba9e (0x01b6d363) bge     a3, s11, pc + 6
core   0: 3 0x8000ba9e (0x01b6d363)
core   0: 0x8000baa4 (0x00001e61) c.addi  t3, -8
core   0: 3 0x8000baa4 (0x1e61) x28 0x80021e5c
core   0: 0x8000baa6 (0x00540bb3) add     s7, s0, t0
core   0: 3 0x8000baa6 (0x00540bb3) x23 0x00025823
core   0: 0x8000baaa (0x000086cd) c.srai  a3, 19
core   0: 3 0x8000baaa (0x86cd) x13 0x00000000
core   0: 0x8000baac (0x00000ace) c.slli  s5, 19
core   0: 3 0x8000baac (0x0ace) x21 0x00180000
core   0: 0x8000baae (0x000098c6) c.add   a7, a7
core   0: 3 0x8000baae (0x98c6) x17 0x73627940
core   0: 0x8000bab0 (0x003e2223) sw      gp, 4(t3)
core   0: 3 0x8000bab0 (0x003e2223) mem 0x80021e60 0x800055e0
core   0: 0x8000bab4 (0x03331b33) mulh    s6, t1, s3
core   0: 3 0x8000bab4 (0x03331b33) x22 0x00000000
core   0: 0x8000bab8 (0x0000717d) c.addi16sp sp, -16
core   0: 3 0x8000bab8 (0x717d) x2  0x000070b0
core   0: 0x8000baba (0xfffff997) auipc   s3, 0xfffff
core   0: 3 0x8000baba (0xfffff997) x19 0x8000aaba
core   0: 0x8000babe (0xea298993) addi    s3, s3, -350
core   0: 3 0x8000babe (0xea298993) x19 0x8000a95c
core   0: 0x8000bac2 (0x0000826a) c.mv    tp, s10
core   0: 3 0x8000bac2 (0x826a) x4  0x8000bbf3
core   0: 0x8000bac4 (0x1d798993) addi    s3, s3, 471
core   0: 3 0x8000bac4 (0x1d798993) x19 0x8000ab33
core   0: 0x8000bac8 (0x406c5333) sra     t1, s8, t1
core   0: 3 0x8000bac8 (0x406c5333) x6  0xf193f500
core   0: 0x8000bacc (0x03698033) mul     zero, s3, s6
core   0: 3 0x8000bacc (0x03698033)
core   0: 0x8000bad0 (0x03413733) mulhu   a4, sp, s4
core   0: 3 0x8000bad0 (0x03413733) x14 0x00003859
core   0: 0x8000bad4 (0x34002df3) csrr    s11, mscratch
core   0: 3 0x8000bad4 (0x34002df3) x27 0x00000005
core   0: 0x8000bad8 (0x015c1b93) slli    s7, s8, 21
core   0: 3 0x8000bad8 (0x015c1b93) x23 0x40200000
core   0: 0x8000badc (0x000064a5) c.lui   s1, 0x9
core   0: 3 0x8000badc (0x64a5) x9  0x00009000
core   0: 0x8000bade (0xe2a981e7) jalr    gp, s3, -470
core   0: 3 0x8000bade (0xe2a981e7) x3  0x8000bae2
core   0: 0x8000a95c (0x00008b49) c.andi  a4, 18
core   0: 3 0x8000a95c (0x8b49) x14 0x00000010
core   0: 0x8000a95e (0x00008f35) c.xor   a4, a3
core   0: 3 0x8000a95e (0x8f35) x14 0x00000010
core   0: 0x8000a960 (0x000052fd) c.li    t0, -1
core   0: 3 0x8000a960 (0x52fd) x5  0xffffffff
core   0: 0x8000a962 (0x0000c099) c.beqz  s1, pc + 6
core   0: 3 0x8000a962 (0xc099)
core   0: 0x8000a964 (0x7dee8c93) addi    s9, t4, 2014
core   0: 3 0x8000a964 (0x7dee8c93) x25 0x000007df
core   0: 0x8000a968 (0xfc8e0e13) addi    t3, t3, -56
core   0: 3 0x8000a968 (0xfc8e0e13) x28 0x80021e24
core   0: 0x8000a96c (0x003e2223) sw      gp, 4(t3)
core   0: 3 0x8000a96c (0x003e2223) mem 0x80021e28 0x8000bae2
core   0: 0x8000a970 (0x00000001) c.nop
core   0: 3 0x8000a970 (0x0001)
core   0: 0x8000a972 (0x01051a13) slli    s4, a0, 16
core   0: 3 0x8000a972 (0x01051a13) x20 0x00070000
core   0: 0x8000a976 (0x340899f3) csrrw   s3, mscratch, a7
core   0: 3 0x8000a976 (0x340899f3) x19 0x00000005 c832_mscratch 0x73627940
core   0: 0x8000a97a (0x34036a73) csrrsi  s4, mscratch, 6
core   0: 3 0x8000a97a (0x34036a73) x20 0x73627940 c832_mscratch 0x73627946
core   0: 0x8000a97e (0x00008b5e) c.mv    s6, s7
core   0: 3 0x8000a97e (0x8b5e) x22 0x40200000
core   0: 0x8000a980 (0x0000537d) c.li    t1, -1
core   0: 3 0x8000a980 (0x537d) x6  0xffffffff
core   0: 0x8000a982 (0x247b8b93) addi    s7, s7, 583
core   0: 3 0x8000a982 (0x247b8b93) x23 0x40200247
core   0: 0x8000a986 (0x0000015e) c.slli  sp, 23
core   0: 3 0x8000a986 (0x015e) x2  0x58000000
core   0: 0x8000a988 (0x340868f3) csrrsi  a7, mscratch, 16
core   0: 3 0x8000a988 (0x340868f3) x17 0x73627946 c832_mscratch 0x73627956
core   0: 0x8000a98c (0x007654b3) srl     s1, a2, t2
core   0: 3 0x8000a98c (0x007654b3) x9  0x40012e72
core   0: 0x8000a990 (0x00006dd1) c.lui   s11, 0x14
core   0: 3 0x8000a990 (0x6dd1) x27 0x00014000
core   0: 0x8000a992 (0x000098fd) c.andi  s1, -1
core   0: 3 0x8000a992 (0x98fd) x9  0x40012e72
core   0: 0x8000a994 (0x00008141) c.srli  a0, 16
core   0: 3 0x8000a994 (0x8141) x10 0x00000000
core   0: 0x8000a996 (0x00008f81) c.sub   a5, s0
core   0: 3 0x8000a996 (0x8f81) x15 0x80000001
core   0: 0x8000a998 (0x0000c38d) c.beqz  a5, pc + 34
core   0: 3 0x8000a998 (0xc38d)
core   0: 0x8000a99a (0x00e69c13) slli    s8, a3, 14
core   0: 3 0x8000a99a (0x00e69c13) x24 0x00000000
core   0: 0x8000a99e (0x03811b63) bne     sp, s8, pc + 54
core   0: 3 0x8000a99e (0x03811b63)
core   0: 0x8000a9d4 (0x340035f3) csrrc   a1, mscratch, zero
core   0: 3 0x8000a9d4 (0x340035f3) x11 0x73627956
core   0: 0x8000a9d8 (0x02c5c833) div     a6, a1, a2
core   0: 3 0x8000a9d8 (0x02c5c833) x16 0x00000000
core   0: 0x8000a9dc (0x4c1b6013) prefetch.r 1216(s6)
core   0: 3 0x8000a9dc (0x4c1b6013)
core   0: 0x8000a9e0 (0x34002573) csrr    a0, mscratch
core   0: 3 0x8000a9e0 (0x34002573) x10 0x73627956
core   0: 0x8000a9e4 (0x00008956) c.mv    s2, s5
core   0: 3 0x8000a9e4 (0x8956) x18 0x00180000
core   0: 0x8000a9e6 (0x00000c14) c.addi4spn a3, sp, 528
core   0: 3 0x8000a9e6 (0x0c14) x13 0x58000210
core   0: 0x8000a9e8 (0x340d9773) csrrw   a4, mscratch, s11
core   0: 3 0x8000a9e8 (0x340d9773) x14 0x73627956 c832_mscratch 0x00014000
core   0: 0x8000a9ec (0x0273c163) blt     t2, t2, pc + 34
core   0: 3 0x8000a9ec (0x0273c163)
core   0: 0x8000a9f0 (0x4100d313) srai    t1, ra, 16
core   0: 3 0x8000a9f0 (0x4100d313) x6  0x00000000
core   0: 0x8000a9f4 (0x02030233) mul     tp, t1, zero
core   0: 3 0x8000a9f4 (0x02030233) x4  0x00000000
core   0: 0x8000a9f8 (0x02b932b3) mulhu   t0, s2, a1
core   0: 3 0x8000a9f8 (0x02b932b3) x5  0x000ad13b
core   0: 0x8000a9fc (0x02914863) blt     sp, s1, pc + 48
core   0: 3 0x8000a9fc (0x02914863)
core   0: 0x8000aa00 (0xb6fcad93) slti    s11, s9, -1169
core   0: 3 0x8000aa00 (0xb6fcad93) x27 0x00000000
core   0: 0x8000aa04 (0x0ff0000f) fence   iorw,iorw
core   0: 3 0x8000aa04 (0x0ff0000f)
core   0: 0x8000aa08 (0x0000831a) c.mv    t1, t1
core   0: 3 0x8000aa08 (0x831a) x6  0x00000000
core   0: 0x8000aa0a (0x40188733) sub     a4, a7, ra
core   0: 3 0x8000aa0a (0x40188733) x14 0x73627816
core   0: 0x8000aa0e (0x0ff0000f) fence   iorw,iorw
core   0: 3 0x8000aa0e (0x0ff0000f)
core   0: 0x8000aa12 (0x00008cde) c.mv    s9, s7
core   0: 3 0x8000aa12 (0x8cde) x25 0x40200247
core   0: 0x8000aa14 (0x02eabeb3) mulhu   t4, s5, a4
core   0: 3 0x8000aa14 (0x02eabeb3) x29 0x000ad13b
core   0: 0x8000aa18 (0x410c02b3) sub     t0, s8, a6
core   0: 3 0x8000aa18 (0x410c02b3) x5  0x00000000
core   0: 0x8000aa1c (0x02e80cb3) mul     s9, a6, a4
core   0: 3 0x8000aa1c (0x02e80cb3) x25 0x00000000
core   0: 0x8000aa20 (0x0257e933) rem     s2, a5, t0
core   0: 3 0x8000aa20 (0x0257e933) x18 0x80000001
core   0: 0x8000aa24 (0x01d6fc33) and     s8, a3, t4
core   0: 3 0x8000aa24 (0x01d6fc33) x24 0x00000010
core   0: 0x8000aa28 (0x0000100f) fence.i
core   0: 3 0x8000aa28 (0x0000100f)
core   0: 0x8000aa2c (0x015dea33) or      s4, s11, s5
core   0: 3 0x8000aa2c (0x015dea33) x20 0x00180000
core   0: 0x8000aa30 (0x0000c981) c.beqz  a1, pc + 16
core   0: 3 0x8000aa30 (0xc981)
core   0: 0x8000aa32 (0x007d1b13) slli    s6, s10, 7
core   0: 3 0x8000aa32 (0x007d1b13) x22 0x005df980
core   0: 0x8000aa36 (0x340029f3) csrr    s3, mscratch
core   0: 3 0x8000aa36 (0x340029f3) x19 0x00014000
core   0: 0x8000aa3a (0x02725233) divu    tp, tp, t2
core   0: 3 0x8000aa3a (0x02725233) x4  0x00000000
core   0: 0x8000aa3e (0x0000015e) c.slli  sp, 23
core   0: 3 0x8000aa3e (0x015e) x2  0x00000000
core   0: 0x8000aa40 (0x0345f163) bgeu    a1, s4, pc + 34
core   0: 3 0x8000aa40 (0x0345f163)
core   0: 0x8000aa62 (0x00000001) c.nop
core   0: 3 0x8000aa62 (0x0001)
core   0: 0x8000aa64 (0x02221563) bne     tp, sp, pc + 42
core   0: 3 0x8000aa64 (0x02221563)
core   0: 0x8000aa68 (0x25fc6293) ori     t0, s8, 607
core   0: 3 0x8000aa68 (0x25fc6293) x5  0x0000025f
core   0: 0x8000aa6c (0x002a2b33) slt     s6, s4, sp
core   0: 3 0x8000aa6c (0x002a2b33) x22 0x00000000
core   0: 0x8000aa70 (0x340066f3) csrrsi  a3, mscratch, 0
core   0: 3 0x8000aa70 (0x340066f3) x13 0x00014000
core   0: 0x8000aa74 (0xfe32e4b7) lui     s1, 0xfe32e
core   0: 3 0x8000aa74 (0xfe32e4b7) x9  0xfe32e000
core   0: 0x8000aa78 (0x00d65213) srli    tp, a2, 13
core   0: 3 0x8000aa78 (0x00d65213) x4  0x00040012
core   0: 0x8000aa7c (0x03507463) bgeu    zero, s5, pc + 40
core   0: 3 0x8000aa7c (0x03507463)
core   0: 0x8000aa80 (0x40388033) sub     zero, a7, gp
core   0: 3 0x8000aa80 (0x40388033)
core   0: 0x8000aa84 (0x34095573) csrrwi  a0, mscratch, 18
core   0: 3 0x8000aa84 (0x34095573) x10 0x00014000 c832_mscratch 0x00000012
core   0: 0x8000aa88 (0x00006ce9) c.lui   s9, 0x1a
core   0: 3 0x8000aa88 (0x6ce9) x25 0x0001a000
core   0: 0x8000aa8a (0x989f4593) xori    a1, t5, -1655
core   0: 3 0x8000aa8a (0x989f4593) x11 0xfffff989
core   0: 0x8000aa8e (0x026682b3) mul     t0, a3, t1
core   0: 3 0x8000aa8e (0x026682b3) x5  0x00000000
core   0: 0x8000aa92 (0x022feb63) bltu    t6, sp, pc + 54
core   0: 3 0x8000aa92 (0x022feb63)
core   0: 0x8000aa96 (0x01bd9913) slli    s2, s11, 27
core   0: 3 0x8000aa96 (0x01bd9913) x18 0x00000000
core   0: 0x8000aa9a (0x00006d91) c.lui   s11, 0x4
core   0: 3 0x8000aa9a (0x6d91) x27 0x00004000
core   0: 0x8000aa9c (0x0130f863) bgeu    ra, s3, pc + 16
core   0: 3 0x8000aa9c (0x0130f863)
core   0: 0x8000aaa0 (0x3403e1f3) csrrsi  gp, mscratch, 7
core   0: 3 0x8000aaa0 (0x3403e1f3) x3  0x00000012 c832_mscratch 0x00000017
core   0: 0x8000aaa4 (0x30bf4593) xori    a1, t5, 779
core   0: 3 0x8000aaa4 (0x30bf4593) x11 0x0000030b
core   0: 0x8000aaa8 (0x0000100f) fence.i
core   0: 3 0x8000aaa8 (0x0000100f)
core   0: 0x8000aaac (0x00000001) c.nop
core   0: 3 0x8000aaac (0x0001)
core   0: 0x8000aaae (0x02bd16b3) mulh    a3, s10, a1
core   0: 3 0x8000aaae (0x02bd16b3) x13 0xfffffe7a
core   0: 0x8000aab2 (0x03899463) bne     s3, s8, pc + 40
core   0: 3 0x8000aab2 (0x03899463)
core   0: 0x8000aada (0x00000001) c.nop
core   0: 3 0x8000aada (0x0001)
core   0: 0x8000aadc (0x3402a173) csrrs   sp, mscratch, t0
core   0: 3 0x8000aadc (0x3402a173) x2  0x00000017 c832_mscratch 0x00000017
core   0: 0x8000aae0 (0x0168adb3) slt     s11, a7, s6
core   0: 3 0x8000aae0 (0x0168adb3) x27 0x00000000
core   0: 0x8000aae4 (0x0386e163) bltu    a3, s8, pc + 34
core   0: 3 0x8000aae4 (0x0386e163)
core   0: 0x8000aae8 (0x00008179) c.srli  a0, 30
core   0: 3 0x8000aae8 (0x8179) x10 0x00000000
core   0: 0x8000aaea (0x02e0a4b3) mulhsu  s1, ra, a4
core   0: 3 0x8000aaea (0x02e0a4b3) x9  0x00000089
core   0: 0x8000aaee (0x007138b3) sltu    a7, sp, t2
core   0: 3 0x8000aaee (0x007138b3) x17 0x00000001
core   0: 0x8000aaf2 (0x00000001) c.nop
core   0: 3 0x8000aaf2 (0x0001)
core   0: 0x8000aaf4 (0x340061f3) csrrsi  gp, mscratch, 0
core   0: 3 0x8000aaf4 (0x340061f3) x3  0x00000017
core   0: 0x8000aaf8 (0xb53d6c93) ori     s9, s10, -1197
core   0: 3 0x8000aaf8 (0xb53d6c93) x25 0xfffffbf3
core   0: 0x8000aafc (0x01ee3033) sltu    zero, t3, t5
core   0: 3 0x8000aafc (0x01ee3033)
core   0: 0x8000ab00 (0x00000001) c.nop
core   0: 3 0x8000ab00 (0x0001)
core   0: 0x8000ab02 (0x020dddb3) divu    s11, s11, zero
core   0: 3 0x8000ab02 (0x020dddb3) x27 0xffffffff
core   0: 0x8000ab06 (0x16334217) auipc   tp, 0x16334
core   0: 3 0x8000ab06 (0x16334217) x4  0x9633eb06
core   0: 0x8000ab0a (0x02f1beb3) mulhu   t4, gp, a5
core   0: 3 0x8000ab0a (0x02f1beb3) x29 0x0000000b
core   0: 0x8000ab0e (0x0000100f) fence.i
core   0: 3 0x8000ab0e (0x0000100f)
core   0: 0x8000ab12 (0x00000001) c.nop
core   0: 3 0x8000ab12 (0x0001)
core   0: 0x8000ab14 (0x340156f3) csrrwi  a3, mscratch, 2
core   0: 3 0x8000ab14 (0x340156f3) x13 0x00000017 c832_mscratch 0x00000002
core   0: 0x8000ab18 (0x0000717d) c.addi16sp sp, -16
core   0: 3 0x8000ab18 (0x717d) x2  0x00000007
core   0: 0x8000ab1a (0x00006345) c.lui   t1, 0x11
core   0: 3 0x8000ab1a (0x6345) x6  0x00011000
core   0: 0x8000ab1c (0x00008d41) c.or    a0, s0
core   0: 3 0x8000ab1c (0x8d41) x10 0x80000000
core   0: 0x8000ab1e (0x03d61863) bne     a2, t4, pc + 48
core   0: 3 0x8000ab1e (0x03d61863)
core   0: 0x8000ab4e (0x00c2f6b3) and     a3, t0, a2
core   0: 3 0x8000ab4e (0x00c2f6b3) x13 0x00000000
core   0: 0x8000ab52 (0x0000010c) c.addi4spn a1, sp, 128
core   0: 3 0x8000ab52 (0x010c) x11 0x00000087
core   0: 0x8000ab54 (0x023e4f33) div     t5, t3, gp
core   0: 3 0x8000ab54 (0x023e4f33) x30 0xfa6f657c
core   0: 0x8000ab58 (0x0350b333) mulhu   t1, ra, s5
core   0: 3 0x8000ab58 (0x0350b333) x6  0x00000000
core   0: 0x8000ab5c (0x0000100f) fence.i
core   0: 3 0x8000ab5c (0x0000100f)
core   0: 0x8000ab60 (0x00000001) c.nop
core   0: 3 0x8000ab60 (0x0001)
core   0: 0x8000ab62 (0x010b4b33) xor     s6, s6, a6
core   0: 3 0x8000ab62 (0x010b4b33) x22 0x00000000
core   0: 0x8000ab66 (0x40acd793) srai    a5, s9, 10
core   0: 3 0x8000ab66 (0x40acd793) x15 0xfffffffe
core   0: 0x8000ab6a (0x34003b73) csrrc   s6, mscratch, zero
core   0: 3 0x8000ab6a (0x34003b73) x22 0x00000002
core   0: 0x8000ab6e (0x340ce0f3) csrrsi  ra, mscratch, 25
core   0: 3 0x8000ab6e (0x340ce0f3) x1  0x00000002 c832_mscratch 0x0000001b
core   0: 0x8000ab72 (0x000084e1) c.srai  s1, 24
core   0: 3 0x8000ab72 (0x84e1) x9  0x00000000
core   0: 0x8000ab74 (0xdb0b3993) sltiu   s3, s6, -592
core   0: 3 0x8000ab74 (0xdb0b3993) x19 0x00000001
core   0: 0x8000ab78 (0x01c91133) sll     sp, s2, t3
core   0: 3 0x8000ab78 (0x01c91133) x2  0x00000000
core   0: 0x8000ab7c (0x02541233) mulh    tp, s0, t0
core   0: 3 0x8000ab7c (0x02541233) x4  0x00000000
core   0: 0x8000ab80 (0x04b07163) bgeu    zero, a1, pc + 66
core   0: 3 0x8000ab80 (0x04b07163)
core   0: 0x8000ab84 (0x14192337) lui     t1, 0x14192
core   0: 3 0x8000ab84 (0x14192337) x6  0x14192000
core   0: 0x8000ab88 (0x340f1873) csrrw   a6, mscratch, t5
core   0: 3 0x8000ab88 (0x340f1873) x16 0x0000001b c832_mscratch 0xfa6f657c
core   0: 0x8000ab8c (0x0105a933) slt     s2, a1, a6
core   0: 3 0x8000ab8c (0x0105a933) x18 0x00000000
core   0: 0x8000ab90 (0x00008f61) c.and   a4, s0
core   0: 3 0x8000ab90 (0x8f61) x14 0x00000000
core   0: 0x8000ab92 (0x000055fd) c.li    a1, -1
core   0: 3 0x8000ab92 (0x55fd) x11 0xffffffff
core   0: 0x8000ab94 (0x40ac89b3) sub     s3, s9, a0
core   0: 3 0x8000ab94 (0x40ac89b3) x19 0x7ffffbf3
core   0: 0x8000ab98 (0xdcd7e013) ori     zero, a5, -563
core   0: 3 0x8000ab98 (0xdcd7e013)
core   0: 0x8000ab9c (0x00000001) c.nop
core   0: 3 0x8000ab9c (0x0001)
core   0: 0x8000ab9e (0x02354333) div     t1, a0, gp
core   0: 3 0x8000ab9e (0x02354333) x6  0xfa6f4dea
core   0: 0x8000aba2 (0x00d61263) bne     a2, a3, pc + 4
core   0: 3 0x8000aba2 (0x00d61263)
core   0: 0x8000aba6 (0x34072af3) csrrs   s5, mscratch, a4
core   0: 3 0x8000aba6 (0x34072af3) x21 0xfa6f657c c832_mscratch 0xfa6f657c
core   0: 0x8000abaa (0x000d4c63) bltz    s10, pc + 24
core   0: 3 0x8000abaa (0x000d4c63)
core   0: 0x8000abc2 (0x00000001) c.nop
core   0: 3 0x8000abc2 (0x0001)
core   0: 0x8000abc4 (0x092ba013) slti    zero, s7, 146
core   0: 3 0x8000abc4 (0x092ba013)
core   0: 0x8000abc8 (0x00008da9) c.xor   a1, a0
core   0: 3 0x8000abc8 (0x8da9) x11 0x7fffffff
core   0: 0x8000abca (0x0000717d) c.addi16sp sp, -16
core   0: 3 0x8000abca (0x717d) x2  0xfffffff0
core   0: 0x8000abcc (0x34053773) csrrc   a4, mscratch, a0
core   0: 3 0x8000abcc (0x34053773) x14 0xfa6f657c c832_mscratch 0x7a6f657c
core   0: 0x8000abd0 (0x03f06363) bltu    zero, t6, pc + 38
core   0: 3 0x8000abd0 (0x03f06363)
core   0: 0x8000abd4 (0x01c237b3) sltu    a5, tp, t3
core   0: 3 0x8000abd4 (0x01c237b3) x15 0x00000001
core   0: 0x8000abd8 (0x40efdc33) sra     s8, t6, a4
core   0: 3 0x8000abd8 (0x40efdc33) x24 0x00000000
core   0: 0x8000abdc (0x038b51b3) divu    gp, s6, s8
core   0: 3 0x8000abdc (0x038b51b3) x3  0xffffffff
core   0: 0x8000abe0 (0x023f68b3) rem     a7, t5, gp
core   0: 3 0x8000abe0 (0x023f68b3) x17 0x00000000
core   0: 0x8000abe4 (0x0328fcb3) remu    s9, a7, s2
core   0: 3 0x8000abe4 (0x0328fcb3) x25 0x00000000
core   0: 0x8000abe8 (0x808d1117) auipc   sp, 0x808d1
core   0: 3 0x8000abe8 (0x808d1117) x2  0x008dbbe8
core   0: 0x8000abec (0x2858c213) xori    tp, a7, 645
core   0: 3 0x8000abec (0x2858c213) x4  0x00000285
core   0: 0x8000abf0 (0x00008b1d) c.andi  a4, 7
core   0: 3 0x8000abf0 (0x8b1d) x14 0x00000004
core   0: 0x8000abf2 (0x0000100f) fence.i
core   0: 3 0x8000abf2 (0x0000100f)
core   0: 0x8000abf6 (0x000082e6) c.mv    t0, s9
core   0: 3 0x8000abf6 (0x82e6) x5  0x00000000
core   0: 0x8000abf8 (0x019dd033) srl     zero, s11, s9
core   0: 3 0x8000abf8 (0x019dd033)
core   0: 0x8000abfc (0x03d3b8b3) mulhu   a7, t2, t4
core   0: 3 0x8000abfc (0x03d3b8b3) x17 0x00000000
core   0: 0x8000ac00 (0xd6d27993) andi    s3, tp, -659
core   0: 3 0x8000ac00 (0xd6d27993) x19 0x00000005
core   0: 0x8000ac04 (0x0114c8b3) xor     a7, s1, a7
core   0: 3 0x8000ac04 (0x0114c8b3) x17 0x00000000
core   0: 0x8000ac08 (0x000003ce) c.slli  t2, 19
core   0: 3 0x8000ac08 (0x03ce) x7  0x80080000
core   0: 0x8000ac0a (0x00000001) c.nop
core   0: 3 0x8000ac0a (0x0001)
core   0: 0x8000ac0c (0x00000d5d) c.addi  s10, 23
core   0: 3 0x8000ac0c (0x0d5d) x26 0x8000bc0a
core   0: 0x8000ac0e (0x032111b3) mulh    gp, sp, s2
core   0: 3 0x8000ac0e (0x032111b3) x3  0x00000000
core   0: 0x8000ac12 (0x00008571) c.srai  a0, 28
core   0: 3 0x8000ac12 (0x8571) x10 0xfffffff8
core   0: 0x8000ac14 (0x34007df3) csrrci  s11, mscratch, 0
core   0: 3 0x8000ac14 (0x34007df3) x27 0x7a6f657c
core   0: 0x8000ac18 (0x00008c99) c.sub   s1, a4
core   0: 3 0x8000ac18 (0x8c99) x9  0xfffffffc
core   0: 0x8000ac1a (0x035784b3) mul     s1, a5, s5
core   0: 3 0x8000ac1a (0x035784b3) x9  0xfa6f657c
core   0: 0x8000ac1e (0x022ffd33) remu    s10, t6, sp
core   0: 3 0x8000ac1e (0x022ffd33) x26 0x00000000
core   0: 0x8000ac22 (0x037559b3) divu    s3, a0, s7
core   0: 3 0x8000ac22 (0x037559b3) x19 0x00000003
core   0: 0x8000ac26 (0x0ff0000f) fence   iorw,iorw
core   0: 3 0x8000ac26 (0x0ff0000f)
core   0: 0x8000ac2a (0x000083ad) c.srli  a5, 11
core   0: 3 0x8000ac2a (0x83ad) x15 0x00000000
core   0: 0x8000ac2c (0x414b5f13) srai    t5, s6, 20
core   0: 3 0x8000ac2c (0x414b5f13) x30 0x00000000
core   0: 0x8000ac30 (0x009753b3) srl     t2, a4, s1
core   0: 3 0x8000ac30 (0x009753b3) x7  0x00000000
core   0: 0x8000ac34 (0x033cda63) bge     s9, s3, pc + 52
core   0: 3 0x8000ac34 (0x033cda63)
core   0: 0x8000ac38 (0x036a81b3) mul     gp, s5, s6
core   0: 3 0x8000ac38 (0x036a81b3) x3  0xf4decaf8
core   0: 0x8000ac3c (0x02fb7d63) bgeu    s6, a5, pc + 58
core   0: 3 0x8000ac3c (0x02fb7d63)
core   0: 0x8000ac76 (0x032d1a33) mulh    s4, s10, s2
core   0: 3 0x8000ac76 (0x032d1a33) x20 0x00000000
core   0: 0x8000ac7a (0x00008f01) c.sub   a4, s0
core   0: 3 0x8000ac7a (0x8f01) x14 0x80000004
core   0: 0x8000ac7c (0x02128fb3) mul     t6, t0, ra
core   0: 3 0x8000ac7c (0x02128fb3) x31 0x00000000
core   0: 0x8000ac80 (0x040f7063) bgeu    t5, zero, pc + 64
core   0: 3 0x8000ac80 (0x040f7063)
core   0: 0x8000acc0 (0x01017fb3) and     t6, sp, a6
core   0: 3 0x8000acc0 (0x01017fb3) x31 0x00000008
core   0: 0x8000acc4 (0x40bd8eb3) sub     t4, s11, a1
core   0: 3 0x8000acc4 (0x40bd8eb3) x29 0xfa6f657d
core   0: 0x8000acc8 (0x02577763) bgeu    a4, t0, pc + 46
core   0: 3 0x8000acc8 (0x02577763)
core   0: 0x8000acf6 (0x00000001) c.nop
core   0: 3 0x8000acf6 (0x0001)
core   0: 0x8000acf8 (0x000080ed) c.srli  s1, 27
core   0: 3 0x8000acf8 (0x80ed) x9  0x0000001f
core   0: 0x8000acfa (0xb66a3f93) sltiu   t6, s4, -1178
core   0: 3 0x8000acfa (0xb66a3f93) x31 0x00000001
core   0: 0x8000acfe (0x00006b6d) c.lui   s6, 0x1b
core   0: 3 0x8000acfe (0x6b6d) x22 0x0001b000
core   0: 0x8000ad00 (0x001e61b3) or      gp, t3, ra
core   0: 3 0x8000ad00 (0x001e61b3) x3  0x80021e26
core   0: 0x8000ad04 (0x13840213) addi    tp, s0, 312
core   0: 3 0x8000ad04 (0x13840213) x4  0x80000138
core   0: 0x8000ad08 (0x408cd293) srai    t0, s9, 8
core   0: 3 0x8000ad08 (0x408cd293) x5  0x00000000
core   0: 0x8000ad0c (0x0d473593) sltiu   a1, a4, 212
core   0: 3 0x8000ad0c (0x0d473593) x11 0x00000000
core   0: 0x8000ad10 (0x00008f15) c.sub   a4, a3
core   0: 3 0x8000ad10 (0x8f15) x14 0x80000004
core   0: 0x8000ad12 (0x00009f6a) c.add   t5, s10
core   0: 3 0x8000ad12 (0x9f6a) x30 0x00000000
core   0: 0x8000ad14 (0x016352b3) srl     t0, t1, s6
core   0: 3 0x8000ad14 (0x016352b3) x5  0xfa6f4dea
core   0: 0x8000ad18 (0x01235c13) srli    s8, t1, 18
core   0: 3 0x8000ad18 (0x01235c13) x24 0x00003e9b
core   0: 0x8000ad1c (0x00000001) c.nop
core   0: 3 0x8000ad1c (0x0001)
core   0: 0x8000ad1e (0x18184ab7) lui     s5, 0x18184
core   0: 3 0x8000ad1e (0x18184ab7) x21 0x18184000
core   0: 0x8000ad22 (0x34003c73) csrrc   s8, mscratch, zero
core   0: 3 0x8000ad22 (0x34003c73) x24 0x7a6f657c
core   0: 0x8000ad26 (0x02340eb3) mul     t4, s0, gp
core   0: 3 0x8000ad26 (0x02340eb3) x29 0x00000000
core   0: 0x8000ad2a (0x03108cb3) mul     s9, ra, a7
core   0: 3 0x8000ad2a (0x03108cb3) x25 0x00000000
core   0: 0x8000ad2e (0x7fa06913) ori     s2, zero, 2042
core   0: 3 0x8000ad2e (0x7fa06913) x18 0x000007fa
core   0: 0x8000ad32 (0x012698b3) sll     a7, a3, s2
core   0: 3 0x8000ad32 (0x012698b3) x17 0x00000000
core   0: 0x8000ad36 (0x34007cf3) csrrci  s9, mscratch, 0
core   0: 3 0x8000ad36 (0x34007cf3) x25 0x7a6f657c
core   0: 0x8000ad3a (0x0100a033) slt     zero, ra, a6
core   0: 3 0x8000ad3a (0x0100a033)
core   0: 0x8000ad3e (0x00001814) c.addi4spn a3, sp, 48
core   0: 3 0x8000ad3e (0x1814) x13 0x008dbc18
core   0: 0x8000ad40 (0x0000100f) fence.i
core   0: 3 0x8000ad40 (0x0000100f)
core   0: 0x8000ad44 (0x00009836) c.add   a6, a3
core   0: 3 0x8000ad44 (0x9836) x16 0x008dbc33
core   0: 0x8000ad46 (0x00000001) c.nop
core   0: 3 0x8000ad46 (0x0001)
core   0: 0x8000ad48 (0x00008315) c.srli  a4, 5
core   0: 3 0x8000ad48 (0x8315) x14 0x04000000
core   0: 0x8000ad4a (0x028a2733) mulhsu  a4, s4, s0
core   0: 3 0x8000ad4a (0x028a2733) x14 0x00000000
core   0: 0x8000ad4e (0x00008369) c.srli  a4, 26
core   0: 3 0x8000ad4e (0x8369) x14 0x00000000
core   0: 0x8000ad50 (0x41f2d133) sra     sp, t0, t6
core   0: 3 0x8000ad50 (0x41f2d133) x2  0xfd37a6f5
core   0: 0x8000ad54 (0x415288b3) sub     a7, t0, s5
core   0: 3 0x8000ad54 (0x415288b3) x17 0xe2570dea
core   0: 0x8000ad58 (0x00275d33) srl     s10, a4, sp
core   0: 3 0x8000ad58 (0x00275d33) x26 0x00000000
core   0: 0x8000ad5c (0x00000001) c.nop
core   0: 3 0x8000ad5c (0x0001)
core   0: 0x8000ad5e (0x340ce373) csrrsi  t1, mscratch, 25
core   0: 3 0x8000ad5e (0x340ce373) x6  0x7a6f657c c832_mscratch 0x7a6f657d
core   0: 0x8000ad62 (0x00972cb3) slt     s9, a4, s1
core   0: 3 0x8000ad62 (0x00972cb3) x25 0x00000001
core   0: 0x8000ad66 (0x036a96b3) mulh    a3, s5, s6
core   0: 3 0x8000ad66 (0x036a96b3) x13 0x000028a8
core   0: 0x8000ad6a (0x01093f33) sltu    t5, s2, a6
core   0: 3 0x8000ad6a (0x01093f33) x30 0x00000001
core   0: 0x8000ad6e (0x02cc8fb3) mul     t6, s9, a2
core   0: 3 0x8000ad6e (0x02cc8fb3) x31 0x80025ce4
core   0: 0x8000ad72 (0x0000c989) c.beqz  a1, pc + 18
core   0: 3 0x8000ad72 (0xc989)
core   0: 0x8000ad84 (0x40a10bb3) sub     s7, sp, a0
core   0: 3 0x8000ad84 (0x40a10bb3) x23 0xfd37a6fd
core   0: 0x8000ad88 (0x00000122) c.slli  sp, 8
core   0: 3 0x8000ad88 (0x0122) x2  0x37a6f500
core   0: 0x8000ad8a (0x34003bf3) csrrc   s7, mscratch, zero
core   0: 3 0x8000ad8a (0x34003bf3) x23 0x7a6f657d
core   0: 0x8000ad8e (0x00008cbd) c.xor   s1, a5
core   0: 3 0x8000ad8e (0x8cbd) x9  0x0000001f
core   0: 0x8000ad90 (0x0257d863) bge     a5, t0, pc + 48
core   0: 3 0x8000ad90 (0x0257d863)
core   0: 0x8000adc0 (0xcf7aa893) slti    a7, s5, -777
core   0: 3 0x8000adc0 (0xcf7aa893) x17 0x00000000
core   0: 0x8000adc4 (0xad356293) ori     t0, a0, -1325
core   0: 3 0x8000adc4 (0xad356293) x5  0xfffffffb
core   0: 0x8000adc8 (0x04fd7063) bgeu    s10, a5, pc + 64
core   0: 3 0x8000adc8 (0x04fd7063)
core   0: 0x8000ae08 (0x9a2a40b7) lui     ra, 0x9a2a4
core   0: 3 0x8000ae08 (0x9a2a40b7) x1  0x9a2a4000
core   0: 0x8000ae0c (0x000097a2) c.add   a5, s0
core   0: 3 0x8000ae0c (0x97a2) x15 0x80000000
core   0: 0x8000ae0e (0x3404eff3) csrrsi  t6, mscratch, 9
core   0: 3 0x8000ae0e (0x3404eff3) x31 0x7a6f657d c832_mscratch 0x7a6f657d
core   0: 0x8000ae12 (0x00006285) c.lui   t0, 0x1
core   0: 3 0x8000ae12 (0x6285) x5  0x00001000
core   0: 0x8000ae14 (0x00008d15) c.sub   a0, a3
core   0: 3 0x8000ae14 (0x8d15) x10 0xffffd750
core   0: 0x8000ae16 (0x0000833d) c.srli  a4, 15
core   0: 3 0x8000ae16 (0x833d) x14 0x00000000
core   0: 0x8000ae18 (0x34097cf3) csrrci  s9, mscratch, 18
core   0: 3 0x8000ae18 (0x34097cf3) x25 0x7a6f657d c832_mscratch 0x7a6f656d
core   0: 0x8000ae1c (0x34002f73) csrr    t5, mscratch
core   0: 3 0x8000ae1c (0x34002f73) x30 0x7a6f656d
core   0: 0x8000ae20 (0x02ace063) bltu    s9, a0, pc + 32
core   0: 3 0x8000ae20 (0x02ace063)
core   0: 0x8000ae40 (0x02280db3) mul     s11, a6, sp
core   0: 3 0x8000ae40 (0x02280db3) x27 0xa32ecf00
core   0: 0x8000ae44 (0x00008d49) c.or    a0, a0
core   0: 3 0x8000ae44 (0x8d49) x10 0xffffd750
core   0: 0x8000ae46 (0x00008f31) c.xor   a4, a2
core   0: 3 0x8000ae46 (0x8f31) x14 0x80025ce4
core   0: 0x8000ae48 (0x021edfb3) divu    t6, t4, ra
core   0: 3 0x8000ae48 (0x021edfb3) x31 0x00000000
core   0: 0x8000ae4c (0x0202cc63) bltz    t0, pc + 56
core   0: 3 0x8000ae4c (0x0202cc63)
core   0: 0x8000ae50 (0x34009873) csrrw   a6, mscratch, ra
core   0: 3 0x8000ae50 (0x34009873) x16 0x7a6f656d c832_mscratch 0x9a2a4000
core   0: 0x8000ae54 (0x340cfbf3) csrrci  s7, mscratch, 25
core   0: 3 0x8000ae54 (0x340cfbf3) x23 0x9a2a4000 c832_mscratch 0x9a2a4000
core   0: 0x8000ae58 (0x00006805) c.lui   a6, 0x1
core   0: 3 0x8000ae58 (0x6805) x16 0x00001000
core   0: 0x8000ae5a (0x31da0c93) addi    s9, s4, 797
core   0: 3 0x8000ae5a (0x31da0c93) x25 0x0000031d
core   0: 0x8000ae5e (0x0000100f) fence.i
core   0: 3 0x8000ae5e (0x0000100f)
core   0: 0x8000ae62 (0xd1bd3db7) lui     s11, 0xd1bd3
core   0: 3 0x8000ae62 (0xd1bd3db7) x27 0xd1bd3000
core   0: 0x8000ae66 (0x03817c63) bgeu    sp, s8, pc + 56
core   0: 3 0x8000ae66 (0x03817c63)
core   0: 0x8000ae6a (0x340ffcf3) csrrci  s9, mscratch, 31
core   0: 3 0x8000ae6a (0x340ffcf3) x25 0x9a2a4000 c832_mscratch 0x9a2a4000
core   0: 0x8000ae6e (0x0000100f) fence.i
core   0: 3 0x8000ae6e (0x0000100f)
core   0: 0x8000ae72 (0x00cf50b3) srl     ra, t5, a2
core   0: 3 0x8000ae72 (0x00cf50b3) x1  0x07a6f656
core   0: 0x8000ae76 (0x34093573) csrrc   a0, mscratch, s2
core   0: 3 0x8000ae76 (0x34093573) x10 0x9a2a4000 c832_mscratch 0x9a2a4000
core   0: 0x8000ae7a (0x340a1873) csrrw   a6, mscratch, s4
core   0: 3 0x8000ae7a (0x340a1873) x16 0x9a2a4000 c832_mscratch 0x00000000
core   0: 0x8000ae7e (0x0000c095) c.beqz  s1, pc + 36
core   0: 3 0x8000ae7e (0xc095)
core   0: 0x8000ae80 (0x0000717d) c.addi16sp sp, -16
core   0: 3 0x8000ae80 (0x717d) x2  0x37a6f4f0
core   0: 0x8000ae82 (0x000007d6) c.slli  a5, 21
core   0: 3 0x8000ae82 (0x07d6) x15 0x00000000
core   0: 0x8000ae84 (0x34097973) csrrci  s2, mscratch, 18
core   0: 3 0x8000ae84 (0x34097973) x18 0x00000000 c832_mscratch 0x00000000
core   0: 0x8000ae88 (0x00008905) c.andi  a0, 1
core   0: 3 0x8000ae88 (0x8905) x10 0x00000000
core   0: 0x8000ae8a (0x0ff0000f) fence   iorw,iorw
core   0: 3 0x8000ae8a (0x0ff0000f)
core   0: 0x8000ae8e (0x93656193) ori     gp, a0, -1738
core   0: 3 0x8000ae8e (0x93656193) x3  0xfffff936
core   0: 0x8000ae92 (0x0038b533) sltu    a0, a7, gp
core   0: 3 0x8000ae92 (0x0038b533) x10 0x00000001
core   0: 0x8000ae96 (0x340e14f3) csrrw   s1, mscratch, t3
core   0: 3 0x8000ae96 (0x340e14f3) x9  0x00000000 c832_mscratch 0x80021e24
core   0: 0x8000ae9a (0x010713b3) sll     t2, a4, a6
core   0: 3 0x8000ae9a (0x010713b3) x7  0x80025ce4
core   0: 0x8000ae9e (0x00000001) c.nop
core   0: 3 0x8000ae9e (0x0001)
core   0: 0x8000aea0 (0x000089a2) c.mv    s3, s0
core   0: 3 0x8000aea0 (0x89a2) x19 0x80000000
core   0: 0x8000aea2 (0x039fadb3) mulhsu  s11, t6, s9
core   0: 3 0x8000aea2 (0x039fadb3) x27 0x00000000
core   0: 0x8000aea6 (0x09305d37) lui     s10, 0x9305
core   0: 3 0x8000aea6 (0x09305d37) x26 0x09305000
core   0: 0x8000aeaa (0x02815f33) divu    t5, sp, s0
core   0: 3 0x8000aeaa (0x02815f33) x30 0x00000000
core   0: 0x8000aeae (0x0ff0000f) fence   iorw,iorw
core   0: 3 0x8000aeae (0x0ff0000f)
core   0: 0x8000aeb2 (0x340abff3) csrrc   t6, mscratch, s5
core   0: 3 0x8000aeb2 (0x340abff3) x31 0x80021e24 c832_mscratch 0x80021e24
core   0: 0x8000aeb6 (0x00008ea9) c.xor   a3, a0
core   0: 3 0x8000aeb6 (0x8ea9) x13 0x000028a9
core   0: 0x8000aeb8 (0x00009df2) c.add   s11, t3
core   0: 3 0x8000aeb8 (0x9df2) x27 0x80021e24
core   0: 0x8000aeba (0xbbb16893) ori     a7, sp, -1093
core   0: 3 0x8000aeba (0xbbb16893) x17 0xfffffffb
core   0: 0x8000aebe (0x76d57c13) andi    s8, a0, 1901
core   0: 3 0x8000aebe (0x76d57c13) x24 0x00000001
core   0: 0x8000aec2 (0x340ef073) csrci   mscratch, 29
core   0: 3 0x8000aec2 (0x340ef073) c832_mscratch 0x80021e20
core   0: 0x8000aec6 (0x5ec86213) ori     tp, a6, 1516
core   0: 3 0x8000aec6 (0x5ec86213) x4  0x9a2a45ec
core   0: 0x8000aeca (0x018607b3) add     a5, a2, s8
core   0: 3 0x8000aeca (0x018607b3) x15 0x80025ce5
core   0: 0x8000aece (0x0078f263) bgeu    a7, t2, pc + 4
core   0: 3 0x8000aece (0x0078f263)
core   0: 0x8000aed2 (0x34083973) csrrc   s2, mscratch, a6
core   0: 3 0x8000aed2 (0x34083973) x18 0x80021e20 c832_mscratch 0x00001e20
core   0: 0x8000aed6 (0x000060ed) c.lui   ra, 0x1b
core   0: 3 0x8000aed6 (0x60ed) x1  0x0001b000
core   0: 0x8000aed8 (0x00000001) c.nop
core   0: 3 0x8000aed8 (0x0001)
core   0: 0x8000aeda (0x00008f31) c.xor   a4, a2
core   0: 3 0x8000aeda (0x8f31) x14 0x00000000
core   0: 0x8000aedc (0x340398f3) csrrw   a7, mscratch, t2
core   0: 3 0x8000aedc (0x340398f3) x17 0x00001e20 c832_mscratch 0x80025ce4
core   0: 0x8000aee0 (0x000008d6) c.slli  a7, 21
core   0: 3 0x8000aee0 (0x08d6) x17 0xc4000000
core   0: 0x8000aee2 (0x9768a493) slti    s1, a7, -1674
core   0: 3 0x8000aee2 (0x9768a493) x9  0x00000001
core   0: 0x8000aee6 (0x00001784) c.addi4spn s1, sp, 992
core   0: 3 0x8000aee6 (0x1784) x9  0x37a6f8d0
core   0: 0x8000aee8 (0x01d06f33) or      t5, zero, t4
core   0: 3 0x8000aee8 (0x01d06f33) x30 0x00000000
core   0: 0x8000aeec (0x021d9c63) bne     s11, ra, pc + 56
core   0: 3 0x8000aeec (0x021d9c63)
core   0: 0x8000af24 (0x00008f81) c.sub   a5, s0
core   0: 3 0x8000af24 (0x8f81) x15 0x00025ce5
core   0: 0x8000af26 (0x03814a33) div     s4, sp, s8
core   0: 3 0x8000af26 (0x03814a33) x20 0x37a6f4f0
core   0: 0x8000af2a (0xfbdfbb93) sltiu   s7, t6, -67
core   0: 3 0x8000af2a (0xfbdfbb93) x23 0x00000001
core   0: 0x8000af2e (0x032796b3) mulh    a3, a5, s2
core   0: 3 0x8000af2e (0x032796b3) x13 0xfffed192
core   0: 0x8000af32 (0x00ab0c33) add     s8, s6, a0
core   0: 3 0x8000af32 (0x00ab0c33) x24 0x0001b001
core   0: 0x8000af36 (0x64917193) andi    gp, sp, 1609
core   0: 3 0x8000af36 (0x64917193) x3  0x00000440
core   0: 0x8000af3a (0x00008862) c.mv    a6, s8
core   0: 3 0x8000af3a (0x8862) x16 0x0001b001
core   0: 0x8000af3c (0x031cda63) bge     s9, a7, pc + 52
core   0: 3 0x8000af3c (0x031cda63)
core   0: 0x8000af40 (0x340f5373) csrrwi  t1, mscratch, 30
core   0: 3 0x8000af40 (0x340f5373) x6  0x80025ce4 c832_mscratch 0x0000001e
core   0: 0x8000af44 (0x003487b3) add     a5, s1, gp
core   0: 3 0x8000af44 (0x003487b3) x15 0x37a6fd10
core   0: 0x8000af48 (0x00000001) c.nop
core   0: 3 0x8000af48 (0x0001)
core   0: 0x8000af4a (0x03475063) bge     a4, s4, pc + 32
core   0: 3 0x8000af4a (0x03475063)
core   0: 0x8000af4e (0x00000001) c.nop
core   0: 3 0x8000af4e (0x0001)
core   0: 0x8000af50 (0x02af8b63) beq     t6, a0, pc + 54
core   0: 3 0x8000af50 (0x02af8b63)
core   0: 0x8000af54 (0x03bb4263) blt     s6, s11, pc + 36
core   0: 3 0x8000af54 (0x03bb4263)
core   0: 0x8000af58 (0x4ecebd93) sltiu   s11, t4, 1260
core   0: 3 0x8000af58 (0x4ecebd93) x27 0x00000001
core   0: 0x8000af5c (0x34071f73) csrrw   t5, mscratch, a4
core   0: 3 0x8000af5c (0x34071f73) x30 0x0000001e c832_mscratch 0x00000000
core   0: 0x8000af60 (0x3400b873) csrrc   a6, mscratch, ra
core   0: 3 0x8000af60 (0x3400b873) x16 0x00000000 c832_mscratch 0x00000000
core   0: 0x8000af64 (0x00000cfe) c.slli  s9, 31
core   0: 3 0x8000af64 (0x0cfe) x25 0x00000000
core   0: 0x8000af66 (0x340024f3) csrr    s1, mscratch
core   0: 3 0x8000af66 (0x340024f3) x9  0x00000000
core   0: 0x8000af6a (0x00008276) c.mv    tp, t4
core   0: 3 0x8000af6a (0x8276) x4  0x00000000
core   0: 0x8000af6c (0x00d45533) srl     a0, s0, a3
core   0: 3 0x8000af6c (0x00d45533) x10 0x00002000
core   0: 0x8000af70 (0x40df8133) sub     sp, t6, a3
core   0: 3 0x8000af70 (0x40df8133) x2  0x80034c92
core   0: 0x8000af74 (0x34077573) csrrci  a0, mscratch, 14
core   0: 3 0x8000af74 (0x34077573) x10 0x00000000 c832_mscratch 0x00000000
core   0: 0x8000af78 (0x00008759) c.srai  a4, 22
core   0: 3 0x8000af78 (0x8759) x14 0x00000000
core   0: 0x8000af7a (0x2b81e097) auipc   ra, 0x2b81e
core   0: 3 0x8000af7a (0x2b81e097) x1  0xab828f7a
core   0: 0x8000af7e (0x5c72d237) lui     tp, 0x5c72d
core   0: 3 0x8000af7e (0x5c72d237) x4  0x5c72d000
core   0: 0x8000af82 (0x008f1913) slli    s2, t5, 8
core   0: 3 0x8000af82 (0x008f1913) x18 0x00001e00
core   0: 0x8000af86 (0x34087173) csrrci  sp, mscratch, 16
core   0: 3 0x8000af86 (0x34087173) x2  0x00000000 c832_mscratch 0x00000000
core   0: 0x8000af8a (0x41f886b3) sub     a3, a7, t6
core   0: 3 0x8000af8a (0x41f886b3) x13 0x43fde1dc
core   0: 0x8000af8e (0x13cff517) auipc   a0, 0x13cff
core   0: 3 0x8000af8e (0x13cff517) x10 0x93d09f8e
core   0: 0x8000af92 (0x015f6a33) or      s4, t5, s5
core   0: 3 0x8000af92 (0x015f6a33) x20 0x1818401e
core   0: 0x8000af96 (0x00000108) c.addi4spn a0, sp, 128
core   0: 3 0x8000af96 (0x0108) x10 0x00000080
core   0: 0x8000af98 (0x0000717d) c.addi16sp sp, -16
core   0: 3 0x8000af98 (0x717d) x2  0xfffffff0
core   0: 0x8000af9a (0x03826bb3) rem     s7, tp, s8
core   0: 3 0x8000af9a (0x03826bb3) x23 0x00011938
core   0: 0x8000af9e (0x0223dab3) divu    s5, t2, sp
core   0: 3 0x8000af9e (0x0223dab3) x21 0x00000000
core   0: 0x8000afa2 (0x02e4e263) bltu    s1, a4, pc + 36
core   0: 3 0x8000afa2 (0x02e4e263)
core   0: 0x8000afa6 (0x34003bf3) csrrc   s7, mscratch, zero
core   0: 3 0x8000afa6 (0x34003bf3) x23 0x00000000
core   0: 0x8000afaa (0x00651c13) slli    s8, a0, 6
core   0: 3 0x8000afaa (0x00651c13) x24 0x00002000
core   0: 0x8000afae (0xc3750593) addi    a1, a0, -969
core   0: 3 0x8000afae (0xc3750593) x11 0xfffffcb7
core   0: 0x8000afb2 (0x03e749b3) div     s3, a4, t5
core   0: 3 0x8000afb2 (0x03e749b3) x19 0x00000000
core   0: 0x8000afb6 (0x000062e9) c.lui   t0, 0x1a
core   0: 3 0x8000afb6 (0x62e9) x5  0x0001a000
core   0: 0x8000afb8 (0x3400b5f3) csrrc   a1, mscratch, ra
core   0: 3 0x8000afb8 (0x3400b5f3) x11 0x00000000 c832_mscratch 0x00000000
core   0: 0x8000afbc (0x00008ef1) c.and   a3, a2
core   0: 3 0x8000afbc (0x8ef1) x13 0x000040c4
core   0: 0x8000afbe (0x00d72f33) slt     t5, a4, a3
core   0: 3 0x8000afbe (0x00d72f33) x30 0x00000001
core   0: 0x8000afc2 (0x012bef63) bltu    s7, s2, pc + 30
core   0: 3 0x8000afc2 (0x012bef63)
core   0: 0x8000afe0 (0x0291e463) bltu    gp, s1, pc + 40
core   0: 3 0x8000afe0 (0x0291e463)
core   0: 0x8000afe4 (0x01e2c763) blt     t0, t5, pc + 14
core   0: 3 0x8000afe4 (0x01e2c763)
core   0: 0x8000afe8 (0xdedd1237) lui     tp, 0xdedd1
core   0: 3 0x8000afe8 (0xdedd1237) x4  0xdedd1000
core   0: 0x8000afec (0x0000816d) c.srli  a0, 27
core   0: 3 0x8000afec (0x816d) x10 0x00000000
core   0: 0x8000afee (0x01d4ed63) bltu    s1, t4, pc + 26
core   0: 3 0x8000afee (0x01d4ed63)
core   0: 0x8000aff2 (0x022ba933) mulhsu  s2, s7, sp
core   0: 3 0x8000aff2 (0x022ba933) x18 0x00000000
core   0: 0x8000aff6 (0x0000955e) c.add   a0, s7
core   0: 3 0x8000aff6 (0x955e) x10 0x00000000
core   0: 0x8000aff8 (0xf3c8ed13) ori     s10, a7, -196
core   0: 3 0x8000aff8 (0xf3c8ed13) x26 0xffffff3c
core   0: 0x8000affc (0x0000100f) fence.i
core   0: 3 0x8000affc (0x0000100f)
core   0: 0x8000b000 (0x00051333) sll     t1, a0, zero
core   0: 3 0x8000b000 (0x00051333) x6  0x00000000
core   0: 0x8000b004 (0x01481b33) sll     s6, a6, s4
core   0: 3 0x8000b004 (0x01481b33) x22 0x00000000
core   0: 0x8000b008 (0x40b3dc93) srai    s9, t2, 11
core   0: 3 0x8000b008 (0x40b3dc93) x25 0xfff0004b
core   0: 0x8000b00c (0x340617f3) csrrw   a5, mscratch, a2
core   0: 3 0x8000b00c (0x340617f3) x15 0x00000000 c832_mscratch 0x80025ce4
core   0: 0x8000b010 (0x34007a73) csrrci  s4, mscratch, 0
core   0: 3 0x8000b010 (0x34007a73) x20 0x80025ce4
core   0: 0x8000b014 (0x01833733) sltu    a4, t1, s8
core   0: 3 0x8000b014 (0x01833733) x14 0x00000001
core   0: 0x8000b018 (0x34096cf3) csrrsi  s9, mscratch, 18
core   0: 3 0x8000b018 (0x34096cf3) x25 0x80025ce4 c832_mscratch 0x80025cf6
core   0: 0x8000b01c (0x00cd0bb3) add     s7, s10, a2
core   0: 3 0x8000b01c (0x00cd0bb3) x23 0x80025c20
core   0: 0x8000b020 (0x01fee9b3) or      s3, t4, t6
core   0: 3 0x8000b020 (0x01fee9b3) x19 0x80021e24
core   0: 0x8000b024 (0x021c1c63) bne     s8, ra, pc + 56
core   0: 3 0x8000b024 (0x021c1c63)
core   0: 0x8000b05c (0x00008dad) c.xor   a1, a1
core   0: 3 0x8000b05c (0x8dad) x11 0x00000000
core   0: 0x8000b05e (0xb274e913) ori     s2, s1, -1241
core   0: 3 0x8000b05e (0xb274e913) x18 0xfffffb27
core   0: 0x8000b062 (0x00ce59b3) srl     s3, t3, a2
core   0: 3 0x8000b062 (0x00ce59b3) x19 0x080021e2
core   0: 0x8000b066 (0x34002373) csrr    t1, mscratch
core   0: 3 0x8000b066 (0x34002373) x6  0x80025cf6
core   0: 0x8000b06a (0x000081f5) c.srli  a1, 29
core   0: 3 0x8000b06a (0x81f5) x11 0x00000000
core   0: 0x8000b06c (0x40c50d33) sub     s10, a0, a2
core   0: 3 0x8000b06c (0x40c50d33) x26 0x7ffda31c
core   0: 0x8000b070 (0x00653b33) sltu    s6, a0, t1
core   0: 3 0x8000b070 (0x00653b33) x22 0x00000001
core   0: 0x8000b074 (0x00006135) c.addi16sp sp, 352
core   0: 3 0x8000b074 (0x6135) x2  0x00000150
core   0: 0x8000b076 (0x40845c93) srai    s9, s0, 8
core   0: 3 0x8000b076 (0x40845c93) x25 0xff800000
core   0: 0x8000b07a (0x027bea33) rem     s4, s7, t2
core   0: 3 0x8000b07a (0x027bea33) x20 0xffffff3c
core   0: 0x8000b07e (0x03616eb3) rem     t4, sp, s6
core   0: 3 0x8000b07e (0x03616eb3) x29 0x00000000
core   0: 0x8000b082 (0x000098b6) c.add   a7, a3
core   0: 3 0x8000b082 (0x98b6) x17 0xc40040c4
core   0: 0x8000b084 (0x02ded463) bge     t4, a3, pc + 40
core   0: 3 0x8000b084 (0x02ded463)
core   0: 0x8000b088 (0x005ab333) sltu    t1, s5, t0
core   0: 3 0x8000b088 (0x005ab333) x6  0x00000001
core   0: 0x8000b08c (0x00000001) c.nop
core   0: 3 0x8000b08c (0x0001)
core   0: 0x8000b08e (0x035e4e63) blt     t3, s5, pc + 60
core   0: 3 0x8000b08e (0x035e4e63)
core   0: 0x8000b0ca (0x01e4b8b3) sltu    a7, s1, t5
core   0: 3 0x8000b0ca (0x01e4b8b3) x17 0x00000001
core   0: 0x8000b0ce (0x038609b3) mul     s3, a2, s8
core   0: 3 0x8000b0ce (0x038609b3) x19 0x4b9c8000
core   0: 0x8000b0d2 (0x34043d73) csrrc   s10, mscratch, s0
core   0: 3 0x8000b0d2 (0x34043d73) x26 0x80025cf6 c832_mscratch 0x00025cf6
core   0: 0x8000b0d6 (0x00008d41) c.or    a0, s0
core   0: 3 0x8000b0d6 (0x8d41) x10 0x80000000
core   0: 0x8000b0d8 (0x00004769) c.li    a4, 26
core   0: 3 0x8000b0d8 (0x4769) x14 0x0000001a
core   0: 0x8000b0da (0x34002073) csrr    zero, mscratch
core   0: 3 0x8000b0da (0x34002073)
core   0: 0x8000b0de (0x00000001) c.nop
core   0: 3 0x8000b0de (0x0001)
core   0: 0x8000b0e0 (0x78306137) lui     sp, 0x78306
core   0: 3 0x8000b0e0 (0x78306137) x2  0x78306000
core   0: 0x8000b0e4 (0x0000c581) c.beqz  a1, pc + 8
core   0: 3 0x8000b0e4 (0xc581)
core   0: 0x8000b0ec (0xa034bf93) sltiu   t6, s1, -1533
core   0: 3 0x8000b0ec (0xa034bf93) x31 0x00000001
core   0: 0x8000b0f0 (0x416b5bb3) sra     s7, s6, s6
core   0: 3 0x8000b0f0 (0x416b5bb3) x23 0x00000000
core   0: 0x8000b0f4 (0x00006131) c.addi16sp sp, 320
core   0: 3 0x8000b0f4 (0x6131) x2  0x78306140
core   0: 0x8000b0f6 (0x7eeb2393) slti    t2, s6, 2030
core   0: 3 0x8000b0f6 (0x7eeb2393) x7  0x00000001
core   0: 0x8000b0fa (0x023e33b3) mulhu   t2, t3, gp
core   0: 3 0x8000b0fa (0x023e33b3) x7  0x00000220
core   0: 0x8000b0fe (0x01656d33) or      s10, a0, s6
core   0: 3 0x8000b0fe (0x01656d33) x26 0x80000001
core   0: 0x8000b102 (0x00008cb1) c.xor   s1, a2
core   0: 3 0x8000b102 (0x8cb1) x9  0x80025ce4
core   0: 0x8000b104 (0x00000926) c.slli  s2, 9
core   0: 3 0x8000b104 (0x0926) x18 0xfff64e00
core   0: 0x8000b106 (0x04da1563) bne     s4, a3, pc + 74
core   0: 3 0x8000b106 (0x04da1563)
core   0: 0x8000b150 (0x022780b3) mul     ra, a5, sp
core   0: 3 0x8000b150 (0x022780b3) x1  0x00000000
core   0: 0x8000b154 (0x002e9263) bne     t4, sp, pc + 4
core   0: 3 0x8000b154 (0x002e9263)
core   0: 0x8000b158 (0x02f97163) bgeu    s2, a5, pc + 34
core   0: 3 0x8000b158 (0x02f97163)
core   0: 0x8000b17a (0x000009a9) c.addi  s3, 10
core   0: 3 0x8000b17a (0x09a9) x19 0x4b9c800a
core   0: 0x8000b17c (0x340031f3) csrrc   gp, mscratch, zero
core   0: 3 0x8000b17c (0x340031f3) x3  0x00025cf6
core   0: 0x8000b180 (0x03e77a33) remu    s4, a4, t5
core   0: 3 0x8000b180 (0x03e77a33) x20 0x00000000
core   0: 0x8000b184 (0x01c23933) sltu    s2, tp, t3
core   0: 3 0x8000b184 (0x01c23933) x18 0x00000000
core   0: 0x8000b188 (0x34002af3) csrr    s5, mscratch
core   0: 3 0x8000b188 (0x34002af3) x21 0x00025cf6
core   0: 0x8000b18c (0x00000b9e) c.slli  s7, 7
core   0: 3 0x8000b18c (0x0b9e) x23 0x00000000
core   0: 0x8000b18e (0x48711e97) auipc   t4, 0x48711
core   0: 3 0x8000b18e (0x48711e97) x29 0xc871c18e
core   0: 0x8000b192 (0x00001d7d) c.addi  s10, -1
core   0: 3 0x8000b192 (0x1d7d) x26 0x80000000
core   0: 0x8000b194 (0x010b9793) slli    a5, s7, 16
core   0: 3 0x8000b194 (0x010b9793) x15 0x00000000
core   0: 0x8000b198 (0x340cbd73) csrrc   s10, mscratch, s9
core   0: 3 0x8000b198 (0x340cbd73) x26 0x00025cf6 c832_mscratch 0x00025cf6
core   0: 0x8000b19c (0x00008d09) c.sub   a0, a0
core   0: 3 0x8000b19c (0x8d09) x10 0x00000000
core   0: 0x8000b19e (0x02db0033) mul     zero, s6, a3
core   0: 3 0x8000b19e (0x02db0033)
core   0: 0x8000b1a2 (0x12586e93) ori     t4, a6, 293
core   0: 3 0x8000b1a2 (0x12586e93) x29 0x00000125
core   0: 0x8000b1a6 (0x00000001) c.nop
core   0: 3 0x8000b1a6 (0x0001)
core   0: 0x8000b1a8 (0x0277f563) bgeu    a5, t2, pc + 42
core   0: 3 0x8000b1a8 (0x0277f563)
core   0: 0x8000b1ac (0x00000d22) c.slli  s10, 8
core   0: 3 0x8000b1ac (0x0d22) x26 0x025cf600
core   0: 0x8000b1ae (0x01bb69b3) or      s3, s6, s11
core   0: 3 0x8000b1ae (0x01bb69b3) x19 0x00000001
core   0: 0x8000b1b2 (0x0126d993) srli    s3, a3, 18
core   0: 3 0x8000b1b2 (0x0126d993) x19 0x00000000
core   0: 0x8000b1b6 (0x0356dd63) bge     a3, s5, pc + 58
core   0: 3 0x8000b1b6 (0x0356dd63)
core   0: 0x8000b1ba (0x569df713) andi    a4, s11, 1385
core   0: 3 0x8000b1ba (0x569df713) x14 0x00000001
core   0: 0x8000b1be (0x405b8db3) sub     s11, s7, t0
core   0: 3 0x8000b1be (0x405b8db3) x27 0xfffe6000
core   0: 0x8000b1c2 (0x005aac33) slt     s8, s5, t0
core   0: 3 0x8000b1c2 (0x005aac33) x24 0x00000000
core   0: 0x8000b1c6 (0x340ad073) csrwi   mscratch, 21
core   0: 3 0x8000b1c6 (0x340ad073) c832_mscratch 0x00000015
core   0: 0x8000b1ca (0x01c380b3) add     ra, t2, t3
core   0: 3 0x8000b1ca (0x01c380b3) x1  0x80022044
core   0: 0x8000b1ce (0x01f7a133) slt     sp, a5, t6
core   0: 3 0x8000b1ce (0x01f7a133) x2  0x00000001
core   0: 0x8000b1d2 (0x0000717d) c.addi16sp sp, -16
core   0: 3 0x8000b1d2 (0x717d) x2  0xfffffff1
core   0: 0x8000b1d4 (0x01615eb3) srl     t4, sp, s6
core   0: 3 0x8000b1d4 (0x01615eb3) x29 0x7ffffff8
core   0: 0x8000b1d8 (0x0000ee95) c.bnez  a3, pc + 60
core   0: 3 0x8000b1d8 (0xee95)
core   0: 0x8000b214 (0x02e57133) remu    sp, a0, a4
core   0: 3 0x8000b214 (0x02e57133) x2  0x00000000
core   0: 0x8000b218 (0x018208b3) add     a7, tp, s8
core   0: 3 0x8000b218 (0x018208b3) x17 0xdedd1000
core   0: 0x8000b21c (0x410d5d13) srai    s10, s10, 16
core   0: 3 0x8000b21c (0x410d5d13) x26 0x0000025c
core   0: 0x8000b220 (0x00ed0033) add     zero, s10, a4
core   0: 3 0x8000b220 (0x00ed0033)
core   0: 0x8000b224 (0x40bbd6b3) sra     a3, s7, a1
core   0: 3 0x8000b224 (0x40bbd6b3) x13 0x00000000
core   0: 0x8000b228 (0x41bdd193) srai    gp, s11, 27
core   0: 3 0x8000b228 (0x41bdd193) x3  0xffffffff
core   0: 0x8000b22c (0x0ff0000f) fence   iorw,iorw
core   0: 3 0x8000b22c (0x0ff0000f)
core   0: 0x8000b230 (0x01ba47b3) xor     a5, s4, s11
core   0: 3 0x8000b230 (0x01ba47b3) x15 0xfffe6000
core   0: 0x8000b234 (0x00006141) c.addi16sp sp, 16
core   0: 3 0x8000b234 (0x6141) x2  0x00000010
core   0: 0x8000b236 (0xc31eb6b7) lui     a3, 0xc31eb
core   0: 3 0x8000b236 (0xc31eb6b7) x13 0xc31eb000
core   0: 0x8000b23a (0x53d77bb7) lui     s7, 0x53d77
core   0: 3 0x8000b23a (0x53d77bb7) x23 0x53d77000
core   0: 0x8000b23e (0xe2f20e93) addi    t4, tp, -465
core   0: 3 0x8000b23e (0xe2f20e93) x29 0xdedd0e2f
core   0: 0x8000b242 (0x34027ff3) csrrci  t6, mscratch, 4
core   0: 3 0x8000b242 (0x34027ff3) x31 0x00000015 c832_mscratch 0x00000011
core   0: 0x8000b246 (0x000015fd) c.addi  a1, -1
core   0: 3 0x8000b246 (0x15fd) x11 0xffffffff
core   0: 0x8000b248 (0x019e76b3) and     a3, t3, s9
core   0: 3 0x8000b248 (0x019e76b3) x13 0x80000000
core   0: 0x8000b24c (0x00009d5e) c.add   s10, s7
core   0: 3 0x8000b24c (0x9d5e) x26 0x53d7725c
core   0: 0x8000b24e (0x01ea1933) sll     s2, s4, t5
core   0: 3 0x8000b24e (0x01ea1933) x18 0x00000000
core   0: 0x8000b252 (0x00000001) c.nop
core   0: 3 0x8000b252 (0x0001)
core   0: 0x8000b254 (0x000084fd) c.srai  s1, 31
core   0: 3 0x8000b254 (0x84fd) x9  0xffffffff
core   0: 0x8000b256 (0x3401ed73) csrrsi  s10, mscratch, 3
core   0: 3 0x8000b256 (0x3401ed73) x26 0x00000011 c832_mscratch 0x00000013
core   0: 0x8000b25a (0x02325bb3) divu    s7, tp, gp
core   0: 3 0x8000b25a (0x02325bb3) x23 0x00000000
core   0: 0x8000b25e (0x00008f25) c.xor   a4, s1
core   0: 3 0x8000b25e (0x8f25) x14 0xfffffffe
core   0: 0x8000b260 (0x021a4663) blt     s4, ra, pc + 44
core   0: 3 0x8000b260 (0x021a4663)
core   0: 0x8000b264 (0x03264db3) div     s11, a2, s2
core   0: 3 0x8000b264 (0x03264db3) x27 0xffffffff
core   0: 0x8000b268 (0x2a75af93) slti    t6, a1, 679
core   0: 3 0x8000b268 (0x2a75af93) x31 0x00000001
core   0: 0x8000b26c (0x00000a62) c.slli  s4, 24
core   0: 3 0x8000b26c (0x0a62) x20 0x00000000
core   0: 0x8000b26e (0x037e31b3) mulhu   gp, t3, s7
core   0: 3 0x8000b26e (0x037e31b3) x3  0x00000000
core   0: 0x8000b272 (0x40ab5d13) srai    s10, s6, 10
core   0: 3 0x8000b272 (0x40ab5d13) x26 0x00000000
core   0: 0x8000b276 (0x40648db3) sub     s11, s1, t1
core   0: 3 0x8000b276 (0x40648db3) x27 0xfffffffe
core   0: 0x8000b27a (0x03f37ab3) remu    s5, t1, t6
core   0: 3 0x8000b27a (0x03f37ab3) x21 0x00000000
core   0: 0x8000b27e (0x02875ab3) divu    s5, a4, s0
core   0: 3 0x8000b27e (0x02875ab3) x21 0x00000001
core   0: 0x8000b282 (0x973afb13) andi    s6, s5, -1677
core   0: 3 0x8000b282 (0x973afb13) x22 0x00000001
core   0: 0x8000b286 (0x0000c905) c.beqz  a0, pc + 48
core   0: 3 0x8000b286 (0xc905)
core   0: 0x8000b2b6 (0x0000717d) c.addi16sp sp, -16
core   0: 3 0x8000b2b6 (0x717d) x2  0x00000000
core   0: 0x8000b2b8 (0x3405dd73) csrrwi  s10, mscratch, 11
core   0: 3 0x8000b2b8 (0x3405dd73) x26 0x00000013 c832_mscratch 0x0000000b
core   0: 0x8000b2bc (0xc90defb7) lui     t6, 0xc90de
core   0: 3 0x8000b2bc (0xc90defb7) x31 0xc90de000
core   0: 0x8000b2c0 (0x40285793) srai    a5, a6, 2
core   0: 3 0x8000b2c0 (0x40285793) x15 0x00000000
core   0: 0x8000b2c4 (0x0ff0000f) fence   iorw,iorw
core   0: 3 0x8000b2c4 (0x0ff0000f)
core   0: 0x8000b2c8 (0x409a5193) srai    gp, s4, 9
core   0: 3 0x8000b2c8 (0x409a5193) x3  0x00000000
core   0: 0x8000b2cc (0xc2418d93) addi    s11, gp, -988
core   0: 3 0x8000b2cc (0xc2418d93) x27 0xfffffc24
core   0: 0x8000b2d0 (0x010f60b3) or      ra, t5, a6
core   0: 3 0x8000b2d0 (0x010f60b3) x1  0x00000001
core   0: 0x8000b2d4 (0x02142d33) mulhsu  s10, s0, ra
core   0: 3 0x8000b2d4 (0x02142d33) x26 0xffffffff
core   0: 0x8000b2d8 (0x039e5ab3) divu    s5, t3, s9
core   0: 3 0x8000b2d8 (0x039e5ab3) x21 0x00000000
core   0: 0x8000b2dc (0x015cf8b3) and     a7, s9, s5
core   0: 3 0x8000b2dc (0x015cf8b3) x17 0x00000000
core   0: 0x8000b2e0 (0x00008319) c.srli  a4, 6
core   0: 3 0x8000b2e0 (0x8319) x14 0x03ffffff
core   0: 0x8000b2e2 (0x000087da) c.mv    a5, s6
core   0: 3 0x8000b2e2 (0x87da) x15 0x00000001
core   0: 0x8000b2e4 (0x028dda63) bge     s11, s0, pc + 52
core   0: 3 0x8000b2e4 (0x028dda63)
core   0: 0x8000b318 (0x00009206) c.add   tp, ra
core   0: 3 0x8000b318 (0x9206) x4  0xdedd1001
core   0: 0x8000b31a (0x00008169) c.srli  a0, 26
core   0: 3 0x8000b31a (0x8169) x10 0x00000000
core   0: 0x8000b31c (0x340855f3) csrrwi  a1, mscratch, 16
core   0: 3 0x8000b31c (0x340855f3) x11 0x0000000b c832_mscratch 0x00000010
core   0: 0x8000b320 (0x0000c115) c.beqz  a0, pc + 36
core   0: 3 0x8000b320 (0xc115)
core   0: 0x8000b344 (0x034c5eb3) divu    t4, s8, s4
core   0: 3 0x8000b344 (0x034c5eb3) x29 0xffffffff
core   0: 0x8000b348 (0x616a7a13) andi    s4, s4, 1558
core   0: 3 0x8000b348 (0x616a7a13) x20 0x00000000
core   0: 0x8000b34c (0x00934a63) blt     t1, s1, pc + 20
core   0: 3 0x8000b34c (0x00934a63)
core   0: 0x8000b350 (0x00f47db3) and     s11, s0, a5
core   0: 3 0x8000b350 (0x00f47db3) x27 0x00000000
core   0: 0x8000b354 (0x340068f3) csrrsi  a7, mscratch, 0
core   0: 3 0x8000b354 (0x340068f3) x17 0x00000010
core   0: 0x8000b358 (0x00f13333) sltu    t1, sp, a5
core   0: 3 0x8000b358 (0x00f13333) x6  0x00000001
core   0: 0x8000b35c (0x40f15293) srai    t0, sp, 15
core   0: 3 0x8000b35c (0x40f15293) x5  0x00000000
core   0: 0x8000b360 (0xcaef3c17) auipc   s8, 0xcaef3
core   0: 3 0x8000b360 (0xcaef3c17) x24 0x4aefe360
core   0: 0x8000b364 (0x26a92813) slti    a6, s2, 618
core   0: 3 0x8000b364 (0x26a92813) x16 0x00000001
core   0: 0x8000b368 (0x0000094e) c.slli  s2, 19
core   0: 3 0x8000b368 (0x094e) x18 0x00000000
core   0: 0x8000b36a (0x00000f0a) c.slli  t5, 2
core   0: 3 0x8000b36a (0x0f0a) x30 0x00000004
core   0: 0x8000b36c (0x03dd0c33) mul     s8, s10, t4
core   0: 3 0x8000b36c (0x03dd0c33) x24 0x00000001
core   0: 0x8000b370 (0x01edfb33) and     s6, s11, t5
core   0: 3 0x8000b370 (0x01edfb33) x22 0x00000000
core   0: 0x8000b374 (0x007a0c63) beq     s4, t2, pc + 24
core   0: 3 0x8000b374 (0x007a0c63)
core   0: 0x8000b378 (0x000098ca) c.add   a7, s2
core   0: 3 0x8000b378 (0x98ca) x17 0x00000010
core   0: 0x8000b37a (0xeb68e513) ori     a0, a7, -330
core   0: 3 0x8000b37a (0xeb68e513) x10 0xfffffeb6
core   0: 0x8000b37e (0x00001cfd) c.addi  s9, -1
core   0: 3 0x8000b37e (0x1cfd) x25 0xff7fffff
core   0: 0x8000b380 (0x03006363) bltu    zero, a6, pc + 38
core   0: 3 0x8000b380 (0x03006363)
core   0: 0x8000b3a6 (0x00000286) c.slli  t0, 1
core   0: 3 0x8000b3a6 (0x0286) x5  0x00000000
core   0: 0x8000b3a8 (0x009b7c33) and     s8, s6, s1
core   0: 3 0x8000b3a8 (0x009b7c33) x24 0x00000000
core   0: 0x8000b3ac (0x000081a5) c.srli  a1, 9
core   0: 3 0x8000b3ac (0x81a5) x11 0x00000000
core   0: 0x8000b3ae (0x02da1833) mulh    a6, s4, a3
core   0: 3 0x8000b3ae (0x02da1833) x16 0x00000000
core   0: 0x8000b3b2 (0x021c6333) rem     t1, s8, ra
core   0: 3 0x8000b3b2 (0x021c6333) x6  0x00000000
core   0: 0x8000b3b6 (0x000004fe) c.slli  s1, 31
core   0: 3 0x8000b3b6 (0x04fe) x9  0x80000000
core   0: 0x8000b3b8 (0x00008f5a) c.mv    t5, s6
core   0: 3 0x8000b3b8 (0x8f5a) x30 0x00000000
core   0: 0x8000b3ba (0x000056fd) c.li    a3, -1
core   0: 3 0x8000b3ba (0x56fd) x13 0xffffffff
core   0: 0x8000b3bc (0x00008f21) c.xor   a4, s0
core   0: 3 0x8000b3bc (0x8f21) x14 0x83ffffff
core   0: 0x8000b3be (0x03df4c33) div     s8, t5, t4
core   0: 3 0x8000b3be (0x03df4c33) x24 0x00000000
core   0: 0x8000b3c2 (0x41830513) addi    a0, t1, 1048
core   0: 3 0x8000b3c2 (0x41830513) x10 0x00000418
core   0: 0x8000b3c6 (0xd96ba593) slti    a1, s7, -618
core   0: 3 0x8000b3c6 (0xd96ba593) x11 0x00000000
core   0: 0x8000b3ca (0x01b8d893) srli    a7, a7, 27
core   0: 3 0x8000b3ca (0x01b8d893) x17 0x00000000
core   0: 0x8000b3ce (0xfa30ae93) slti    t4, ra, -93
core   0: 3 0x8000b3ce (0xfa30ae93) x29 0x00000000
core   0: 0x8000b3d2 (0x34025773) csrrwi  a4, mscratch, 4
core   0: 3 0x8000b3d2 (0x34025773) x14 0x00000010 c832_mscratch 0x00000004
core   0: 0x8000b3d6 (0x025ceb33) rem     s6, s9, t0
core   0: 3 0x8000b3d6 (0x025ceb33) x22 0xff7fffff
core   0: 0x8000b3da (0x00000001) c.nop
core   0: 3 0x8000b3da (0x0001)
core   0: 0x8000b3dc (0x01eada33) srl     s4, s5, t5
core   0: 3 0x8000b3dc (0x01eada33) x20 0x00000000
core   0: 0x8000b3e0 (0x0000717d) c.addi16sp sp, -16
core   0: 3 0x8000b3e0 (0x717d) x2  0xfffffff0
core   0: 0x8000b3e2 (0x00000001) c.nop
core   0: 3 0x8000b3e2 (0x0001)
core   0: 0x8000b3e4 (0x0308d9b3) divu    s3, a7, a6
core   0: 3 0x8000b3e4 (0x0308d9b3) x19 0xffffffff
core   0: 0x8000b3e8 (0x05c70463) beq     a4, t3, pc + 72
core   0: 3 0x8000b3e8 (0x05c70463)
core   0: 0x8000b3ec (0xa4ae4593) xori    a1, t3, -1462
core   0: 3 0x8000b3ec (0xa4ae4593) x11 0x7ffde46e
core   0: 0x8000b3f0 (0x340ce3f3) csrrsi  t2, mscratch, 25
core   0: 3 0x8000b3f0 (0x340ce3f3) x7  0x00000004 c832_mscratch 0x0000001d
core   0: 0x8000b3f4 (0x0335b933) mulhu   s2, a1, s3
core   0: 3 0x8000b3f4 (0x0335b933) x18 0x7ffde46d
core   0: 0x8000b3f8 (0x0335d363) bge     a1, s3, pc + 38
core   0: 3 0x8000b3f8 (0x0335d363)
core   0: 0x8000b41e (0x012a5f63) bge     s4, s2, pc + 30
core   0: 3 0x8000b41e (0x012a5f63)
core   0: 0x8000b422 (0x02e55763) bge     a0, a4, pc + 46
core   0: 3 0x8000b422 (0x02e55763)
core   0: 0x8000b450 (0x039d9133) mulh    sp, s11, s9
core   0: 3 0x8000b450 (0x039d9133) x2  0x00000000
core   0: 0x8000b454 (0x4f812c13) slti    s8, sp, 1272
core   0: 3 0x8000b454 (0x4f812c13) x24 0x00000001
core   0: 0x8000b458 (0x0000870d) c.srai  a4, 3
core   0: 3 0x8000b458 (0x870d) x14 0x00000002
core   0: 0x8000b45a (0x03170db3) mul     s11, a4, a7
core   0: 3 0x8000b45a (0x03170db3) x27 0x00000000
core   0: 0x8000b45e (0x6a4b0c93) addi    s9, s6, 1700
core   0: 3 0x8000b45e (0x6a4b0c93) x25 0xff8006a3
core   0: 0x8000b462 (0x03c41833) mulh    a6, s0, t3
core   0: 3 0x8000b462 (0x03c41833) x16 0x3ffef0ee
core   0: 0x8000b466 (0x340bb073) csrc    mscratch, s7
core   0: 3 0x8000b466 (0x340bb073) c832_mscratch 0x0000001d
core   0: 0x8000b46a (0x00000001) c.nop
core   0: 3 0x8000b46a (0x0001)
core   0: 0x8000b46c (0x02e3d2b3) divu    t0, t2, a4
core   0: 3 0x8000b46c (0x02e3d2b3) x5  0x00000002
core   0: 0x8000b470 (0x03936b63) bltu    t1, s9, pc + 54
core   0: 3 0x8000b470 (0x03936b63)
core   0: 0x8000b4a6 (0x00b54863) blt     a0, a1, pc + 16
core   0: 3 0x8000b4a6 (0x00b54863)
core   0: 0x8000b4b6 (0x0000e79d) c.bnez  a5, pc + 46
core   0: 3 0x8000b4b6 (0xe79d)
core   0: 0x8000b4e4 (0x0ff0000f) fence   iorw,iorw
core   0: 3 0x8000b4e4 (0x0ff0000f)
core   0: 0x8000b4e8 (0x03a13ab3) mulhu   s5, sp, s10
core   0: 3 0x8000b4e8 (0x03a13ab3) x21 0x00000000
core   0: 0x8000b4ec (0x00c35b33) srl     s6, t1, a2
core   0: 3 0x8000b4ec (0x00c35b33) x22 0x00000000
core   0: 0x8000b4f0 (0x000006a2) c.slli  a3, 8
core   0: 3 0x8000b4f0 (0x06a2) x13 0xffffff00
core   0: 0x8000b4f2 (0x15b4ef13) ori     t5, s1, 347
core   0: 3 0x8000b4f2 (0x15b4ef13) x30 0x8000015b
core   0: 0x8000b4f6 (0xd178ba13) sltiu   s4, a7, -745
core   0: 3 0x8000b4f6 (0xd178ba13) x20 0x00000001
core   0: 0x8000b4fa (0x846dcd13) xori    s10, s11, -1978
core   0: 3 0x8000b4fa (0x846dcd13) x26 0xfffff846
core   0: 0x8000b4fe (0x340e1cf3) csrrw   s9, mscratch, t3
core   0: 3 0x8000b4fe (0x340e1cf3) x25 0x0000001d c832_mscratch 0x80021e24
core   0: 0x8000b502 (0xcd7ce213) ori     tp, s9, -809
core   0: 3 0x8000b502 (0xcd7ce213) x4  0xfffffcdf
core   0: 0x8000b506 (0x00008ce1) c.and   s1, s0
core   0: 3 0x8000b506 (0x8ce1) x9  0x80000000
core   0: 0x8000b508 (0x01cfdb13) srli    s6, t6, 28
core   0: 3 0x8000b508 (0x01cfdb13) x22 0x0000000c
core   0: 0x8000b50c (0x035d9c33) mulh    s8, s11, s5
core   0: 3 0x8000b50c (0x035d9c33) x24 0x00000000
core   0: 0x8000b510 (0x02bb13b3) mulh    t2, s6, a1
core   0: 3 0x8000b510 (0x02bb13b3) x7  0x00000005
core   0: 0x8000b514 (0x40995ab3) sra     s5, s2, s1
core   0: 3 0x8000b514 (0x40995ab3) x21 0x7ffde46d
core   0: 0x8000b518 (0x03c75d33) divu    s10, a4, t3
core   0: 3 0x8000b518 (0x03c75d33) x26 0x00000000
core   0: 0x8000b51c (0x0000100f) fence.i
core   0: 3 0x8000b51c (0x0000100f)
core   0: 0x8000b520 (0x340992f3) csrrw   t0, mscratch, s3
core   0: 3 0x8000b520 (0x340992f3) x5  0x80021e24 c832_mscratch 0xffffffff
core   0: 0x8000b524 (0xaaab9d37) lui     s10, 0xaaab9
core   0: 3 0x8000b524 (0xaaab9d37) x26 0xaaab9000
core   0: 0x8000b528 (0x00008f71) c.and   a4, a2
core   0: 3 0x8000b528 (0x8f71) x14 0x00000000
core   0: 0x8000b52a (0x01d04ab3) xor     s5, zero, t4
core   0: 3 0x8000b52a (0x01d04ab3) x21 0x00000000
core   0: 0x8000b52e (0x0ff0000f) fence   iorw,iorw
core   0: 3 0x8000b52e (0x0ff0000f)
core   0: 0x8000b532 (0x4933a113) slti    sp, t2, 1171
core   0: 3 0x8000b532 (0x4933a113) x2  0x00000001
core   0: 0x8000b536 (0x00004d25) c.li    s10, 9
core   0: 3 0x8000b536 (0x4d25) x26 0x00000009
core   0: 0x8000b538 (0x00000001) c.nop
core   0: 3 0x8000b538 (0x0001)
core   0: 0x8000b53a (0x41a183b3) sub     t2, gp, s10
core   0: 3 0x8000b53a (0x41a183b3) x7  0xfffffff7
core   0: 0x8000b53e (0x03f699b3) mulh    s3, a3, t6
core   0: 3 0x8000b53e (0x03f699b3) x19 0x00000036
core   0: 0x8000b542 (0x00000001) c.nop
core   0: 3 0x8000b542 (0x0001)
core   0: 0x8000b544 (0x02262133) mulhsu  sp, a2, sp
core   0: 3 0x8000b544 (0x02262133) x2  0xffffffff
core   0: 0x8000b548 (0x024127b3) mulhsu  a5, sp, tp
core   0: 3 0x8000b548 (0x024127b3) x15 0xffffffff
core   0: 0x8000b54c (0x027971b3) remu    gp, s2, t2
core   0: 3 0x8000b54c (0x027971b3) x3  0x7ffde46d
core   0: 0x8000b550 (0x00000001) c.nop
core   0: 3 0x8000b550 (0x0001)
core   0: 0x8000b552 (0x02091533) mulh    a0, s2, zero
core   0: 3 0x8000b552 (0x02091533) x10 0x00000000
core   0: 0x8000b556 (0x017637b3) sltu    a5, a2, s7
core   0: 3 0x8000b556 (0x017637b3) x15 0x00000000
core   0: 0x8000b55a (0x00008161) c.srli  a0, 24
core   0: 3 0x8000b55a (0x8161) x10 0x00000000
core   0: 0x8000b55c (0x0328c363) blt     a7, s2, pc + 38
core   0: 3 0x8000b55c (0x0328c363)
core   0: 0x8000b582 (0xfa34c3b7) lui     t2, 0xfa34c
core   0: 3 0x8000b582 (0xfa34c3b7) x7  0xfa34c000
core   0: 0x8000b586 (0x41a85813) srai    a6, a6, 26
core   0: 3 0x8000b586 (0x41a85813) x16 0x0000000f
core   0: 0x8000b58a (0x02fd6a63) bltu    s10, a5, pc + 52
core   0: 3 0x8000b58a (0x02fd6a63)
core   0: 0x8000b58e (0x3400ff73) csrrci  t5, mscratch, 1
core   0: 3 0x8000b58e (0x3400ff73) x30 0xffffffff c832_mscratch 0xfffffffe
core   0: 0x8000b592 (0x00006485) c.lui   s1, 0x1
core   0: 3 0x8000b592 (0x6485) x9  0x00001000
core   0: 0x8000b594 (0x8688cd13) xori    s10, a7, -1944
core   0: 3 0x8000b594 (0x8688cd13) x26 0xfffff868
core   0: 0x8000b598 (0x0255b733) mulhu   a4, a1, t0
core   0: 3 0x8000b598 (0x0255b733) x14 0x40000144
core   0: 0x8000b59c (0x70e0fd13) andi    s10, ra, 1806
core   0: 3 0x8000b59c (0x70e0fd13) x26 0x00000000
core   0: 0x8000b5a0 (0x0000ee99) c.bnez  a3, pc + 30
core   0: 3 0x8000b5a0 (0xee99)
core   0: 0x8000b5be (0x34039273) csrrw   tp, mscratch, t2
core   0: 3 0x8000b5be (0x34039273) x4  0xfffffffe c832_mscratch 0xfa34c000
core   0: 0x8000b5c2 (0x340071f3) csrrci  gp, mscratch, 0
core   0: 3 0x8000b5c2 (0x340071f3) x3  0xfa34c000
core   0: 0x8000b5c6 (0x00008cfd) c.and   s1, a5
core   0: 3 0x8000b5c6 (0x8cfd) x9  0x00000000
core   0: 0x8000b5c8 (0x00d1ca63) blt     gp, a3, pc + 20
core   0: 3 0x8000b5c8 (0x00d1ca63)
core   0: 0x8000b5dc (0x00005cfd) c.li    s9, -1
core   0: 3 0x8000b5dc (0x5cfd) x25 0xffffffff
core   0: 0x8000b5de (0x00ca9a63) bne     s5, a2, pc + 20
core   0: 3 0x8000b5de (0x00ca9a63)
core   0: 0x8000b5f2 (0x006ebf33) sltu    t5, t4, t1
core   0: 3 0x8000b5f2 (0x006ebf33) x30 0x00000000
core   0: 0x8000b5f6 (0x00008575) c.srai  a0, 29
core   0: 3 0x8000b5f6 (0x8575) x10 0x00000000
core   0: 0x8000b5f8 (0x0000100f) fence.i
core   0: 3 0x8000b5f8 (0x0000100f)
core   0: 0x8000b5fc (0x004d75b3) and     a1, s10, tp
core   0: 3 0x8000b5fc (0x004d75b3) x11 0x00000000
core   0: 0x8000b600 (0x00475fb3) srl     t6, a4, tp
core   0: 3 0x8000b600 (0x00475fb3) x31 0x00000001
core   0: 0x8000b604 (0x00005c7d) c.li    s8, -1
core   0: 3 0x8000b604 (0x5c7d) x24 0xffffffff
core   0: 0x8000b606 (0x02538463) beq     t2, t0, pc + 40
core   0: 3 0x8000b606 (0x02538463)
core   0: 0x8000b60a (0x00b752b3) srl     t0, a4, a1
core   0: 3 0x8000b60a (0x00b752b3) x5  0x40000144
core   0: 0x8000b60e (0x87b0c6b7) lui     a3, 0x87b0c
core   0: 3 0x8000b60e (0x87b0c6b7) x13 0x87b0c000
core   0: 0x8000b612 (0x4175d5b3) sra     a1, a1, s7
core   0: 3 0x8000b612 (0x4175d5b3) x11 0x00000000
core   0: 0x8000b616 (0x00b0ff33) and     t5, ra, a1
core   0: 3 0x8000b616 (0x00b0ff33) x30 0x00000000
core   0: 0x8000b61a (0x02535563) bge     t1, t0, pc + 42
core   0: 3 0x8000b61a (0x02535563)
core   0: 0x8000b61e (0x0000100f) fence.i
core   0: 3 0x8000b61e (0x0000100f)
core   0: 0x8000b622 (0x032d8eb3) mul     t4, s11, s2
core   0: 3 0x8000b622 (0x032d8eb3) x29 0x00000000
core   0: 0x8000b626 (0x03705eb3) divu    t4, zero, s7
core   0: 3 0x8000b626 (0x03705eb3) x29 0xffffffff
core   0: 0x8000b62a (0x41d9de93) srai    t4, s3, 29
core   0: 3 0x8000b62a (0x41d9de93) x29 0x00000000
core   0: 0x8000b62e (0x34002cf3) csrr    s9, mscratch
core   0: 3 0x8000b62e (0x34002cf3) x25 0xfa34c000
core   0: 0x8000b632 (0x3401f2f3) csrrci  t0, mscratch, 3
core   0: 3 0x8000b632 (0x3401f2f3) x5  0xfa34c000 c832_mscratch 0xfa34c000
core   0: 0x8000b636 (0xac2f4c97) auipc   s9, 0xac2f4
core   0: 3 0x8000b636 (0xac2f4c97) x25 0x2c2ff636
core   0: 0x8000b63a (0x036db833) mulhu   a6, s11, s6
core   0: 3 0x8000b63a (0x036db833) x16 0x00000000
core   0: 0x8000b63e (0x00008349) c.srli  a4, 18
core   0: 3 0x8000b63e (0x8349) x14 0x00001000
core   0: 0x8000b640 (0x029f91b3) mulh    gp, t6, s1
core   0: 3 0x8000b640 (0x029f91b3) x3  0x00000000
core   0: 0x8000b644 (0x000019fd) c.addi  s3, -1
core   0: 3 0x8000b644 (0x19fd) x19 0x00000035
core   0: 0x8000b646 (0x01cd1593) slli    a1, s10, 28
core   0: 3 0x8000b646 (0x01cd1593) x11 0x00000000
core   0: 0x8000b64a (0x0000c78d) c.beqz  a5, pc + 42
core   0: 3 0x8000b64a (0xc78d)
core   0: 0x8000b674 (0x00001a7d) c.addi  s4, -1
core   0: 3 0x8000b674 (0x1a7d) x20 0x00000000
core   0: 0x8000b676 (0x0000177d) c.addi  a4, -1
core   0: 3 0x8000b676 (0x177d) x14 0x00000fff
core   0: 0x8000b678 (0xe08d0b97) auipc   s7, 0xe08d0
core   0: 3 0x8000b678 (0xe08d0b97) x23 0x608db678
core   0: 0x8000b67c (0x02294fb3) div     t6, s2, sp
core   0: 3 0x8000b67c (0x02294fb3) x31 0x80021b93
core   0: 0x8000b680 (0x03b851b3) divu    gp, a6, s11
core   0: 3 0x8000b680 (0x03b851b3) x3  0xffffffff
core   0: 0x8000b684 (0xef75a813) slti    a6, a1, -265
core   0: 3 0x8000b684 (0xef75a813) x16 0x00000000
core   0: 0x8000b688 (0x03a826b3) mulhsu  a3, a6, s10
core   0: 3 0x8000b688 (0x03a826b3) x13 0x00000000
core   0: 0x8000b68c (0x02211c63) bne     sp, sp, pc + 56
core   0: 3 0x8000b68c (0x02211c63)
core   0: 0x8000b690 (0x00009996) c.add   s3, t0
core   0: 3 0x8000b690 (0x9996) x19 0xfa34c035
core   0: 0x8000b692 (0x00008716) c.mv    a4, t0
core   0: 3 0x8000b692 (0x8716) x14 0xfa34c000
core   0: 0x8000b694 (0x01f59993) slli    s3, a1, 31
core   0: 3 0x8000b694 (0x01f59993) x19 0x00000000
core   0: 0x8000b698 (0x34006af3) csrrsi  s5, mscratch, 0
core   0: 3 0x8000b698 (0x34006af3) x21 0xfa34c000
core   0: 0x8000b69c (0xb34e3ab7) lui     s5, 0xb34e3
core   0: 3 0x8000b69c (0xb34e3ab7) x21 0xb34e3000
core   0: 0x8000b6a0 (0x02bb5d33) divu    s10, s6, a1
core   0: 3 0x8000b6a0 (0x02bb5d33) x26 0xffffffff
core   0: 0x8000b6a4 (0x33aa4b93) xori    s7, s4, 826
core   0: 3 0x8000b6a4 (0x33aa4b93) x23 0x0000033a
core   0: 0x8000b6a8 (0x001171b3) and     gp, sp, ra
core   0: 3 0x8000b6a8 (0x001171b3) x3  0x00000001
core   0: 0x8000b6ac (0x0186a6b3) slt     a3, a3, s8
core   0: 3 0x8000b6ac (0x0186a6b3) x13 0x00000000
core   0: 0x8000b6b0 (0x340335f3) csrrc   a1, mscratch, t1
core   0: 3 0x8000b6b0 (0x340335f3) x11 0xfa34c000 c832_mscratch 0xfa34c000
core   0: 0x8000b6b4 (0xfa8b6b97) auipc   s7, 0xfa8b6
core   0: 3 0x8000b6b4 (0xfa8b6b97) x23 0x7a8c16b4
core   0: 0x8000b6b8 (0x00cebf33) sltu    t5, t4, a2
core   0: 3 0x8000b6b8 (0x00cebf33) x30 0x00000001
core   0: 0x8000b6bc (0x7c83c213) xori    tp, t2, 1992
core   0: 3 0x8000b6bc (0x7c83c213) x4  0xfa34c7c8
core   0: 0x8000b6c0 (0x039624b3) mulhsu  s1, a2, s9
core   0: 3 0x8000b6c0 (0x039624b3) x9  0xe9e86d4d
core   0: 0x8000b6c4 (0x00001798) c.addi4spn a4, sp, 992
core   0: 3 0x8000b6c4 (0x1798) x14 0x000003df
core   0: 0x8000b6c6 (0x340ad3f3) csrrwi  t2, mscratch, 21
core   0: 3 0x8000b6c6 (0x340ad3f3) x7  0xfa34c000 c832_mscratch 0x00000015
core   0: 0x8000b6ca (0x0250a833) mulhsu  a6, ra, t0
core   0: 3 0x8000b6ca (0x0250a833) x16 0x00000000
core   0: 0x8000b6ce (0x00000c88) c.addi4spn a0, sp, 592
core   0: 3 0x8000b6ce (0x0c88) x10 0x0000024f
core   0: 0x8000b6d0 (0x0121d013) srli    zero, gp, 18
core   0: 3 0x8000b6d0 (0x0121d013)
core   0: 0x8000b6d4 (0x000083fe) c.mv    t2, t6
core   0: 3 0x8000b6d4 (0x83fe) x7  0x80021b93
core   0: 0x8000b6d6 (0x01a0ecb3) or      s9, ra, s10
core   0: 3 0x8000b6d6 (0x01a0ecb3) x25 0xffffffff
core   0: 0x8000b6da (0x0000930e) c.add   t1, gp
core   0: 3 0x8000b6da (0x930e) x6  0x00000001
core   0: 0x8000b6dc (0x00c1b4b3) sltu    s1, gp, a2
core   0: 3 0x8000b6dc (0x00c1b4b3) x9  0x00000001
core   0: 0x8000b6e0 (0x035ff963) bgeu    t6, s5, pc + 50
core   0: 3 0x8000b6e0 (0x035ff963)
core   0: 0x8000b6e4 (0x019bef63) bltu    s7, s9, pc + 30
core   0: 3 0x8000b6e4 (0x019bef63)
core   0: 0x8000b702 (0x00006141) c.addi16sp sp, 16
core   0: 3 0x8000b702 (0x6141) x2  0x0000000f
core   0: 0x8000b704 (0x00f7deb3) srl     t4, a5, a5
core   0: 3 0x8000b704 (0x00f7deb3) x29 0x00000000
core   0: 0x8000b708 (0x13f60893) addi    a7, a2, 319
core   0: 3 0x8000b708 (0x13f60893) x17 0x80025e23
core   0: 0x8000b70c (0x0000969a) c.add   a3, t1
core   0: 3 0x8000b70c (0x969a) x13 0x00000001
core   0: 0x8000b70e (0x00008d69) c.and   a0, a0
core   0: 3 0x8000b70e (0x8d69) x10 0x0000024f
core   0: 0x8000b710 (0x000084aa) c.mv    s1, a0
core   0: 3 0x8000b710 (0x84aa) x9  0x0000024f
core   0: 0x8000b712 (0x00dce0b3) or      ra, s9, a3
core   0: 3 0x8000b712 (0x00dce0b3) x1  0xffffffff
core   0: 0x8000b716 (0x02a4ec63) bltu    s1, a0, pc + 56
core   0: 3 0x8000b716 (0x02a4ec63)
core   0: 0x8000b71a (0x03ab2233) mulhsu  tp, s6, s10
core   0: 3 0x8000b71a (0x03ab2233) x4  0x0000000b
core   0: 0x8000b71e (0x0104c533) xor     a0, s1, a6
core   0: 3 0x8000b71e (0x0104c533) x10 0x0000024f
core   0: 0x8000b722 (0x03cfc163) blt     t6, t3, pc + 34
core   0: 3 0x8000b722 (0x03cfc163)
core   0: 0x8000b744 (0x00004985) c.li    s3, 1
core   0: 3 0x8000b744 (0x4985) x19 0x00000001
core   0: 0x8000b746 (0x340610f3) csrrw   ra, mscratch, a2
core   0: 3 0x8000b746 (0x340610f3) x1  0x00000015 c832_mscratch 0x80025ce4
core   0: 0x8000b74a (0x0392cd33) div     s10, t0, s9
core   0: 3 0x8000b74a (0x0392cd33) x26 0x05cb4000
core   0: 0x8000b74e (0x024500b3) mul     ra, a0, tp
core   0: 3 0x8000b74e (0x024500b3) x1  0x00001965
core   0: 0x8000b752 (0x00bba833) slt     a6, s7, a1
core   0: 3 0x8000b752 (0x00bba833) x16 0x00000000
core   0: 0x8000b756 (0x9232f993) andi    s3, t0, -1757
core   0: 3 0x8000b756 (0x9232f993) x19 0xfa34c000
core   0: 0x8000b75a (0x027c8833) mul     a6, s9, t2
core   0: 3 0x8000b75a (0x027c8833) x16 0x7ffde46d
core   0: 0x8000b75e (0x0000c989) c.beqz  a1, pc + 18
core   0: 3 0x8000b75e (0xc989)
core   0: 0x8000b760 (0x01ab3833) sltu    a6, s6, s10
core   0: 3 0x8000b760 (0x01ab3833) x16 0x00000001
core   0: 0x8000b764 (0x03eb7063) bgeu    s6, t5, pc + 32
core   0: 3 0x8000b764 (0x03eb7063)
core   0: 0x8000b784 (0x00000001) c.nop
core   0: 3 0x8000b784 (0x0001)
core   0: 0x8000b786 (0x00008862) c.mv    a6, s8
core   0: 3 0x8000b786 (0x8862) x16 0xffffffff
core   0: 0x8000b788 (0x010710b3) sll     ra, a4, a6
core   0: 3 0x8000b788 (0x010710b3) x1  0x80000000
core   0: 0x8000b78c (0x02f6d133) divu    sp, a3, a5
core   0: 3 0x8000b78c (0x02f6d133) x2  0xffffffff
core   0: 0x8000b790 (0x039ac063) blt     s5, s9, pc + 32
core   0: 3 0x8000b790 (0x039ac063)
core   0: 0x8000b7b0 (0x410ed733) sra     a4, t4, a6
core   0: 3 0x8000b7b0 (0x410ed733) x14 0x00000000
core   0: 0x8000b7b4 (0x008b5833) srl     a6, s6, s0
core   0: 3 0x8000b7b4 (0x008b5833) x16 0x0000000c
core   0: 0x8000b7b8 (0x03b07333) remu    t1, zero, s11
core   0: 3 0x8000b7b8 (0x03b07333) x6  0x00000000
core   0: 0x8000b7bc (0x02625063) bge     tp, t1, pc + 32
core   0: 3 0x8000b7bc (0x02625063)
core   0: 0x8000b7dc (0xed1ca137) lui     sp, 0xed1ca
core   0: 3 0x8000b7dc (0xed1ca137) x2  0xed1ca000
core   0: 0x8000b7e0 (0x340321f3) csrrs   gp, mscratch, t1
core   0: 3 0x8000b7e0 (0x340321f3) x3  0x80025ce4 c832_mscratch 0x80025ce4
core   0: 0x8000b7e4 (0x00008f3d) c.xor   a4, a5
core   0: 3 0x8000b7e4 (0x8f3d) x14 0x00000000
core   0: 0x8000b7e6 (0x34002ff3) csrr    t6, mscratch
core   0: 3 0x8000b7e6 (0x34002ff3) x31 0x80025ce4
core   0: 0x8000b7ea (0x0356dd63) bge     a3, s5, pc + 58
core   0: 3 0x8000b7ea (0x0356dd63)
core   0: 0x8000b824 (0x03d85bb3) divu    s7, a6, t4
core   0: 3 0x8000b824 (0x03d85bb3) x23 0xffffffff
core   0: 0x8000b828 (0x00008c99) c.sub   s1, a4
core   0: 3 0x8000b828 (0x8c99) x9  0x0000024f
core   0: 0x8000b82a (0x00006d2d) c.lui   s10, 0xb
core   0: 3 0x8000b82a (0x6d2d) x26 0x0000b000
core   0: 0x8000b82c (0x40270b33) sub     s6, a4, sp
core   0: 3 0x8000b82c (0x40270b33) x22 0x12e36000
core   0: 0x8000b830 (0x01ce2c33) slt     s8, t3, t3
core   0: 3 0x8000b830 (0x01ce2c33) x24 0x00000000
core   0: 0x8000b834 (0xa36a1037) lui     zero, 0xa36a1
core   0: 3 0x8000b834 (0xa36a1037)
core   0: 0x8000b838 (0x050dd563) bge     s11, a6, pc + 74
core   0: 3 0x8000b838 (0x050dd563)
core   0: 0x8000b83c (0x0000100f) fence.i
core   0: 3 0x8000b83c (0x0000100f)
core   0: 0x8000b840 (0x00681863) bne     a6, t1, pc + 16
core   0: 3 0x8000b840 (0x00681863)
core   0: 0x8000b850 (0x0a812793) slti    a5, sp, 168
core   0: 3 0x8000b850 (0x0a812793) x15 0x00000001
core   0: 0x8000b854 (0x01686663) bltu    a6, s6, pc + 12
core   0: 3 0x8000b854 (0x01686663)
core   0: 0x8000b860 (0x00a65cb3) srl     s9, a2, a0
core   0: 3 0x8000b860 (0x00a65cb3) x25 0x00010004
core   0: 0x8000b864 (0x036b7a63) bgeu    s6, s6, pc + 52
core   0: 3 0x8000b864 (0x036b7a63)
core   0: 0x8000b898 (0x0317dcb3) divu    s9, a5, a7
core   0: 3 0x8000b898 (0x0317dcb3) x25 0x00000000
core   0: 0x8000b89c (0x014435b3) sltu    a1, s0, s4
core   0: 3 0x8000b89c (0x014435b3) x11 0x00000000
core   0: 0x8000b8a0 (0x34002373) csrr    t1, mscratch
core   0: 3 0x8000b8a0 (0x34002373) x6  0x80025ce4
core   0: 0x8000b8a4 (0x004f4233) xor     tp, t5, tp
core   0: 3 0x8000b8a4 (0x004f4233) x4  0x0000000a
core   0: 0x8000b8a8 (0x000f1b33) sll     s6, t5, zero
core   0: 3 0x8000b8a8 (0x000f1b33) x22 0x00000001
core   0: 0x8000b8ac (0x004193b3) sll     t2, gp, tp
core   0: 3 0x8000b8ac (0x004193b3) x7  0x09739000
core   0: 0x8000b8b0 (0x0000896a) c.mv    s2, s10
core   0: 3 0x8000b8b0 (0x896a) x18 0x0000b000
core   0: 0x8000b8b2 (0x057b0463) beq     s6, s7, pc + 72
core   0: 3 0x8000b8b2 (0x057b0463)
core   0: 0x8000b8b6 (0x03c7d863) bge     a5, t3, pc + 48
core   0: 3 0x8000b8b6 (0x03c7d863)
core   0: 0x8000b8e6 (0x035a9a33) mulh    s4, s5, s5
core   0: 3 0x8000b8e6 (0x035a9a33) x20 0x16fa0f01
core   0: 0x8000b8ea (0x000088d2) c.mv    a7, s4
core   0: 3 0x8000b8ea (0x88d2) x17 0x16fa0f01
core   0: 0x8000b8ec (0x00006de1) c.lui   s11, 0x18
core   0: 3 0x8000b8ec (0x6de1) x27 0x00018000
core   0: 0x8000b8ee (0x0000877a) c.mv    a4, t5
core   0: 3 0x8000b8ee (0x877a) x14 0x00000001
core   0: 0x8000b8f0 (0x0397dc33) divu    s8, a5, s9
core   0: 3 0x8000b8f0 (0x0397dc33) x24 0xffffffff
core   0: 0x8000b8f4 (0x0000c28d) c.beqz  a3, pc + 34
core   0: 3 0x8000b8f4 (0xc28d)
core   0: 0x8000b8f6 (0x10d34d13) xori    s10, t1, 269
core   0: 3 0x8000b8f6 (0x10d34d13) x26 0x80025de9
core   0: 0x8000b8fa (0x34007af3) csrrci  s5, mscratch, 0
core   0: 3 0x8000b8fa (0x34007af3) x21 0x80025ce4
core   0: 0x8000b8fe (0x6e2a89b7) lui     s3, 0x6e2a8
core   0: 3 0x8000b8fe (0x6e2a89b7) x19 0x6e2a8000
core   0: 0x8000b902 (0x34007873) csrrci  a6, mscratch, 0
core   0: 3 0x8000b902 (0x34007873) x16 0x80025ce4
core   0: 0x8000b906 (0xf9f18e93) addi    t4, gp, -97
core   0: 3 0x8000b906 (0xf9f18e93) x29 0x80025c83
core   0: 0x8000b90a (0x0000614d) c.addi16sp sp, 176
core   0: 3 0x8000b90a (0x614d) x2  0xed1ca0b0
core   0: 0x8000b90c (0x03848993) addi    s3, s1, 56
core   0: 3 0x8000b90c (0x03848993) x19 0x00000287
core   0: 0x8000b910 (0x00000f0c) c.addi4spn a1, sp, 912
core   0: 3 0x8000b910 (0x0f0c) x11 0xed1ca440
core   0: 0x8000b912 (0xec868513) addi    a0, a3, -312
core   0: 3 0x8000b912 (0xec868513) x10 0xfffffec9
core   0: 0x8000b916 (0x4184d893) srai    a7, s1, 24
core   0: 3 0x8000b916 (0x4184d893) x17 0x00000000
core   0: 0x8000b91a (0x00008d35) c.xor   a0, a3
core   0: 3 0x8000b91a (0x8d35) x10 0xfffffec8
core   0: 0x8000b91c (0x00acc933) xor     s2, s9, a0
core   0: 3 0x8000b91c (0x00acc933) x18 0xfffffec8
core   0: 0x8000b920 (0x033175b3) remu    a1, sp, s3
core   0: 3 0x8000b920 (0x033175b3) x11 0x00000047
core   0: 0x8000b924 (0x01bcf1b3) and     gp, s9, s11
core   0: 3 0x8000b924 (0x01bcf1b3) x3  0x00000000
core   0: 0x8000b928 (0x03e00263) beq     zero, t5, pc + 36
core   0: 3 0x8000b928 (0x03e00263)
core   0: 0x8000b92c (0x02ea3a33) mulhu   s4, s4, a4
core   0: 3 0x8000b92c (0x02ea3a33) x20 0x00000000
core   0: 0x8000b930 (0x00000001) c.nop
core   0: 3 0x8000b930 (0x0001)
core   0: 0x8000b932 (0x00008d75) c.and   a0, a3
core   0: 3 0x8000b932 (0x8d75) x10 0x00000000
core   0: 0x8000b934 (0x000018fd) c.addi  a7, -1
core   0: 3 0x8000b934 (0x18fd) x17 0xffffffff
core   0: 0x8000b936 (0x04f09263) bne     ra, a5, pc + 68
core   0: 3 0x8000b936 (0x04f09263)
core   0: 0x8000b97a (0x038a2033) mulhsu  zero, s4, s8
core   0: 3 0x8000b97a (0x038a2033)
core   0: 0x8000b97e (0x03c23033) mulhu   zero, tp, t3
core   0: 3 0x8000b97e (0x03c23033)
core   0: 0x8000b982 (0x03b57233) remu    tp, a0, s11
core   0: 3 0x8000b982 (0x03b57233) x4  0x00000000
core   0: 0x8000b986 (0x0000100f) fence.i
core   0: 3 0x8000b986 (0x0000100f)
core   0: 0x8000b98a (0x34007373) csrrci  t1, mscratch, 0
core   0: 3 0x8000b98a (0x34007373) x6  0x80025ce4
core   0: 0x8000b98e (0x00008dee) c.mv    s11, s11
core   0: 3 0x8000b98e (0x8dee) x27 0x00018000
core   0: 0x8000b990 (0x3409d373) csrrwi  t1, mscratch, 19
core   0: 3 0x8000b990 (0x3409d373) x6  0x80025ce4 c832_mscratch 0x00000013
core   0: 0x8000b994 (0x03567163) bgeu    a2, s5, pc + 34
core   0: 3 0x8000b994 (0x03567163)
core   0: 0x8000b9b6 (0x0012e033) or      zero, t0, ra
core   0: 3 0x8000b9b6 (0x0012e033)
core   0: 0x8000b9ba (0x03d08c63) beq     ra, t4, pc + 56
core   0: 3 0x8000b9ba (0x03d08c63)
core   0: 0x8000b9be (0x34006173) csrrsi  sp, mscratch, 0
core   0: 3 0x8000b9be (0x34006173) x2  0x00000013
core   0: 0x8000b9c2 (0x02a21963) bne     tp, a0, pc + 50
core   0: 3 0x8000b9c2 (0x02a21963)
core   0: 0x8000b9c6 (0x00008d6d) c.and   a0, a1
core   0: 3 0x8000b9c6 (0x8d6d) x10 0x00000000
core   0: 0x8000b9c8 (0x0234f5b3) remu    a1, s1, gp
core   0: 3 0x8000b9c8 (0x0234f5b3) x11 0x0000024f
core   0: 0x8000b9cc (0x340036f3) csrrc   a3, mscratch, zero
core   0: 3 0x8000b9cc (0x340036f3) x13 0x00000013
core   0: 0x8000b9d0 (0x00006b45) c.lui   s6, 0x11
core   0: 3 0x8000b9d0 (0x6b45) x22 0x00011000
core   0: 0x8000b9d2 (0x02720163) beq     tp, t2, pc + 34
core   0: 3 0x8000b9d2 (0x02720163)
core   0: 0x8000b9d6 (0x7df5cb37) lui     s6, 0x7df5c
core   0: 3 0x8000b9d6 (0x7df5cb37) x22 0x7df5c000
core   0: 0x8000b9da (0x00c58333) add     t1, a1, a2
core   0: 3 0x8000b9da (0x00c58333) x6  0x80025f33
core   0: 0x8000b9de (0x0000100f) fence.i
core   0: 3 0x8000b9de (0x0000100f)
core   0: 0x8000b9e2 (0x00fc17b3) sll     a5, s8, a5
core   0: 3 0x8000b9e2 (0x00fc17b3) x15 0xfffffffe
core   0: 0x8000b9e6 (0xbb92ed37) lui     s10, 0xbb92e
core   0: 3 0x8000b9e6 (0xbb92ed37) x26 0xbb92e000
core   0: 0x8000b9ea (0x41de87b3) sub     a5, t4, t4
core   0: 3 0x8000b9ea (0x41de87b3) x15 0x00000000
core   0: 0x8000b9ee (0x80976013) ori     zero, a4, -2039
core   0: 3 0x8000b9ee (0x80976013)
core   0: 0x8000b9f2 (0x0000c189) c.beqz  a1, pc + 2
core   0: 3 0x8000b9f2 (0xc189)
core   0: 0x8000b9f4 (0x34007973) csrrci  s2, mscratch, 0
core   0: 3 0x8000b9f4 (0x34007973) x18 0x00000013
core   0: 0x8000b9f8 (0x004e2183) lw      gp, 4(t3)
core   0: 3 0x8000b9f8 (0x004e2183) x3  0x8000bae2 mem 0x80021e28
core   0: 0x8000b9fc (0x038e0e13) addi    t3, t3, 56
core   0: 3 0x8000b9fc (0x038e0e13) x28 0x80021e5c
core   0: 0x8000ba00 (0x00006d75) c.lui   s10, 0x1d
core   0: 3 0x8000ba00 (0x6d75) x26 0x0001d000
core   0: 0x8000ba02 (0x000085aa) c.mv    a1, a0
core   0: 3 0x8000ba02 (0x85aa) x11 0x00000000
core   0: 0x8000ba04 (0x340ca173) csrrs   sp, mscratch, s9
core   0: 3 0x8000ba04 (0x340ca173) x2  0x00000013 c832_mscratch 0x00000013
core   0: 0x8000ba08 (0x00008dc5) c.or    a1, s1
core   0: 3 0x8000ba08 (0x8dc5) x11 0x0000024f
core   0: 0x8000ba0a (0x00118293) addi    t0, gp, 1
core   0: 3 0x8000ba0a (0x00118293) x5  0x8000bae3
core   0: 0x8000ba0e (0x00008282) c.jr    t0
core   0: 3 0x8000ba0e (0x8282)
core   0: 0x8000bae2 (0x7be54c93) xori    s9, a0, 1982
core   0: 3 0x8000bae2 (0x7be54c93) x25 0x000007be
core   0: 0x8000bae6 (0x0183f6b3) and     a3, t2, s8
core   0: 3 0x8000bae6 (0x0183f6b3) x13 0x09739000
core   0: 0x8000baea (0x0243c4b3) div     s1, t2, tp
core   0: 3 0x8000baea (0x0243c4b3) x9  0xffffffff
core   0: 0x8000baee (0x340cfcf3) csrrci  s9, mscratch, 25
core   0: 3 0x8000baee (0x340cfcf3) x25 0x00000013 c832_mscratch 0x00000002
core   0: 0x8000baf2 (0x007f71b3) and     gp, t5, t2
core   0: 3 0x8000baf2 (0x007f71b3) x3  0x00000000
core   0: 0x8000baf6 (0x03e8f233) remu    tp, a7, t5
core   0: 3 0x8000baf6 (0x03e8f233) x4  0x00000000
core   0: 0x8000bafa (0x340621f3) csrrs   gp, mscratch, a2
core   0: 3 0x8000bafa (0x340621f3) x3  0x00000002 c832_mscratch 0x80025ce6
core   0: 0x8000bafe (0x00006ad1) c.lui   s5, 0x14
core   0: 3 0x8000bafe (0x6ad1) x21 0x00014000
core   0: 0x8000bb00 (0x00001914) c.addi4spn a3, sp, 176
core   0: 3 0x8000bb00 (0x1914) x13 0x000000c3
core   0: 0x8000bb02 (0x000007a2) c.slli  a5, 8
core   0: 3 0x8000bb02 (0x07a2) x15 0x00000000
core   0: 0x8000bb04 (0x00008ee9) c.and   a3, a0
core   0: 3 0x8000bb04 (0x8ee9) x13 0x00000000
core   0: 0x8000bb06 (0x02d6f8b3) remu    a7, a3, a3
core   0: 3 0x8000bb06 (0x02d6f8b3) x17 0x00000000
core   0: 0x8000bb0a (0x01580933) add     s2, a6, s5
core   0: 3 0x8000bb0a (0x01580933) x18 0x80039ce4
core   0: 0x8000bb0e (0x02877133) remu    sp, a4, s0
core   0: 3 0x8000bb0e (0x02877133) x2  0x00000001
core   0: 0x8000bb12 (0x00000f8a) c.slli  t6, 2
core   0: 3 0x8000bb12 (0x0f8a) x31 0x00097390
core   0: 0x8000bb14 (0x00006121) c.addi16sp sp, 64
core   0: 3 0x8000bb14 (0x6121) x2  0x00000041
core   0: 0x8000bb16 (0x00006525) c.lui   a0, 0x9
core   0: 3 0x8000bb16 (0x6525) x10 0x00009000
core   0: 0x8000bb18 (0x413e5f93) srai    t6, t3, 19
core   0: 3 0x8000bb18 (0x413e5f93) x31 0xfffff000
core   0: 0x8000bb1c (0x34003a73) csrrc   s4, mscratch, zero
core   0: 3 0x8000bb1c (0x34003a73) x20 0x80025ce6
core   0: 0x8000bb20 (0x004e2183) lw      gp, 4(t3)
core   0: 3 0x8000bb20 (0x004e2183) x3  0x800055e0 mem 0x80021e60
core   0: 0x8000bb24 (0x0122f0b3) and     ra, t0, s2
core   0: 3 0x8000bb24 (0x0122f0b3) x1  0x800098e0
core   0: 0x8000bb28 (0x004658b3) srl     a7, a2, tp
core   0: 3 0x8000bb28 (0x004658b3) x17 0x80025ce4
core   0: 0x8000bb2c (0x009a3c33) sltu    s8, s4, s1
core   0: 3 0x8000bb2c (0x009a3c33) x24 0x00000001
core   0: 0x8000bb30 (0x28a18313) addi    t1, gp, 650
core   0: 3 0x8000bb30 (0x28a18313) x6  0x8000586a
core   0: 0x8000bb34 (0x00000e21) c.addi  t3, 8
core   0: 3 0x8000bb34 (0x0e21) x28 0x80021e64
core   0: 0x8000bb36 (0x039623b3) mulhsu  t2, a2, s9
core   0: 3 0x8000bb36 (0x039623b3) x7  0xfffffff6
core   0: 0x8000bb3a (0x00008c8d) c.sub   s1, a1
core   0: 3 0x8000bb3a (0x8c8d) x9  0xfffffdb0
core   0: 0x8000bb3c (0x00118793) addi    a5, gp, 1
core   0: 3 0x8000bb3c (0x00118793) x15 0x800055e1
core   0: 0x8000bb40 (0x00008782) c.jr    a5
core   0: 3 0x8000bb40 (0x8782)
core   0: 0x800055e0 (0x00008ec5) c.or    a3, s1
core   0: 3 0x800055e0 (0x8ec5) x13 0xfffffdb0
core   0: 0x800055e2 (0x03208a33) mul     s4, ra, s2
core   0: 3 0x800055e2 (0x03208a33) x20 0x2850a780
core   0: 0x800055e6 (0x025670b3) remu    ra, a2, t0
core   0: 3 0x800055e6 (0x025670b3) x1  0x0001a201
core   0: 0x800055ea (0x02ee10b3) mulh    ra, t3, a4
core   0: 3 0x800055ea (0x02ee10b3) x1  0xffffffff
core   0: 0x800055ee (0x01350133) add     sp, a0, s3
core   0: 3 0x800055ee (0x01350133) x2  0x00009287
core   0: 0x800055f2 (0x3408d7f3) csrrwi  a5, mscratch, 17
core   0: 3 0x800055f2 (0x3408d7f3) x15 0x80025ce6 c832_mscratch 0x00000011
core   0: 0x800055f6 (0x010b6263) bltu    s6, a6, pc + 4
core   0: 3 0x800055f6 (0x010b6263)
core   0: 0x800055fa (0x00bcd393) srli    t2, s9, 11
core   0: 3 0x800055fa (0x00bcd393) x7  0x00000000
core   0: 0x800055fe (0x3402b1f3) csrrc   gp, mscratch, t0
core   0: 3 0x800055fe (0x3402b1f3) x3  0x00000011 c832_mscratch 0x00000010
core   0: 0x80005602 (0x00008cf1) c.and   s1, a2
core   0: 3 0x80005602 (0x8cf1) x9  0x80025ca0
core   0: 0x80005604 (0x00da8663) beq     s5, a3, pc + 12
core   0: 3 0x80005604 (0x00da8663)
core   0: 0x80005608 (0x340cdaf3) csrrwi  s5, mscratch, 25
core   0: 3 0x80005608 (0x340cdaf3) x21 0x00000010 c832_mscratch 0x00000019
core   0: 0x8000560c (0x432ec293) xori    t0, t4, 1074
core   0: 3 0x8000560c (0x432ec293) x5  0x800258b1
core   0: 0x80005610 (0xf345b797) auipc   a5, 0xf345b
core   0: 3 0x80005610 (0xf345b797) x15 0x73460610
core   0: 0x80005614 (0x42efff13) andi    t5, t6, 1070
core   0: 3 0x80005614 (0x42efff13) x30 0x00000000
core   0: 0x80005618 (0x01fd0c33) add     s8, s10, t6
core   0: 3 0x80005618 (0x01fd0c33) x24 0x0001c000
core   0: 0x8000561c (0x024ea833) mulhsu  a6, t4, tp
core   0: 3 0x8000561c (0x024ea833) x16 0x00000000
core   0: 0x80005620 (0x340496f3) csrrw   a3, mscratch, s1
core   0: 3 0x80005620 (0x340496f3) x13 0x00000019 c832_mscratch 0x80025ca0
core   0: 0x80005624 (0x34002973) csrr    s2, mscratch
core   0: 3 0x80005624 (0x34002973) x18 0x80025ca0
core   0: 0x80005628 (0x0000717d) c.addi16sp sp, -16
core   0: 3 0x80005628 (0x717d) x2  0x00009277
core   0: 0x8000562a (0x340039f3) csrrc   s3, mscratch, zero
core   0: 3 0x8000562a (0x340039f3) x19 0x80025ca0
core   0: 0x8000562e (0x00008f51) c.or    a4, a2
core   0: 3 0x8000562e (0x8f51) x14 0x80025ce5
core   0: 0x80005630 (0x02924263) blt     tp, s1, pc + 36
core   0: 3 0x80005630 (0x02924263)
core   0: 0x80005634 (0x004fdeb3) srl     t4, t6, tp
core   0: 3 0x80005634 (0x004fdeb3) x29 0xfffff000
core   0: 0x80005638 (0x005ad913) srli    s2, s5, 5
core   0: 3 0x80005638 (0x005ad913) x18 0x00000000
core   0: 0x8000563c (0x02c266b3) rem     a3, tp, a2
core   0: 3 0x8000563c (0x02c266b3) x13 0x00000000
core   0: 0x80005640 (0x0000c3a9) c.beqz  a5, pc + 66
core   0: 3 0x80005640 (0xc3a9)
core   0: 0x80005642 (0x0000e70d) c.bnez  a4, pc + 42
core   0: 3 0x80005642 (0xe70d)
core   0: 0x8000566c (0x01ef6fb3) or      t6, t5, t5
core   0: 3 0x8000566c (0x01ef6fb3) x31 0x00000000
core   0: 0x80005670 (0x7d6bcf93) xori    t6, s7, 2006
core   0: 3 0x80005670 (0x7d6bcf93) x31 0xfffff829
core   0: 0x80005674 (0x00004495) c.li    s1, 5
core   0: 3 0x80005674 (0x4495) x9  0x00000005
core   0: 0x80005676 (0x00008cad) c.xor   s1, a1
core   0: 3 0x80005676 (0x8cad) x9  0x0000024a
core   0: 0x80005678 (0x02f77133) remu    sp, a4, a5
core   0: 3 0x80005678 (0x02f77133) x2  0x0cbc56d5
core   0: 0x8000567c (0x0165ca33) xor     s4, a1, s6
core   0: 3 0x8000567c (0x0165ca33) x20 0x7df5c24f
core   0: 0x80005680 (0x00006dd5) c.lui   s11, 0x15
core   0: 3 0x80005680 (0x6dd5) x27 0x00015000
core   0: 0x80005682 (0x030e9963) bne     t4, a6, pc + 50
core   0: 3 0x80005682 (0x030e9963)
core   0: 0x800056b4 (0x0000169c) c.addi4spn a5, sp, 864
core   0: 3 0x800056b4 (0x169c) x15 0x0cbc5a35
core   0: 0x800056b6 (0x0000c795) c.beqz  a5, pc + 44
core   0: 3 0x800056b6 (0xc795)
core   0: 0x800056b8 (0x03cf9963) bne     t6, t3, pc + 50
core   0: 3 0x800056b8 (0x03cf9963)
core   0: 0x800056ea (0x00355a93) srli    s5, a0, 3
core   0: 3 0x800056ea (0x00355a93) x21 0x00001200
core   0: 0x800056ee (0x340d17f3) csrrw   a5, mscratch, s10
core   0: 3 0x800056ee (0x340d17f3) x15 0x80025ca0 c832_mscratch 0x0001d000
core   0: 0x800056f2 (0x00000708) c.addi4spn a0, sp, 896
core   0: 3 0x800056f2 (0x0708) x10 0x0cbc5a55
core   0: 0x800056f4 (0x02db21b3) mulhsu  gp, s6, a3
core   0: 3 0x800056f4 (0x02db21b3) x3  0x00000000
core   0: 0x800056f8 (0x00009d06) c.add   s10, ra
core   0: 3 0x800056f8 (0x9d06) x26 0x0001cfff
core   0: 0x800056fa (0x000084dd) c.srai  s1, 23
core   0: 3 0x800056fa (0x84dd) x9  0x00000000
core   0: 0x800056fc (0x0000981a) c.add   a6, t1
core   0: 3 0x800056fc (0x981a) x16 0x8000586a
core   0: 0x800056fe (0x02bc3ab3) mulhu   s5, s8, a1
core   0: 3 0x800056fe (0x02bc3ab3) x21 0x00000000
core   0: 0x80005702 (0xe22b4593) xori    a1, s6, -478
core   0: 3 0x80005702 (0xe22b4593) x11 0x820a3e22
core   0: 0x80005706 (0x340b21f3) csrrs   gp, mscratch, s6
core   0: 3 0x80005706 (0x340b21f3) x3  0x0001d000 c832_mscratch 0x7df5d000
core   0: 0x8000570a (0x0000873d) c.srai  a4, 15
core   0: 3 0x8000570a (0x873d) x14 0xffff0004
core   0: 0x8000570c (0x34003f73) csrrc   t5, mscratch, zero
core   0: 3 0x8000570c (0x34003f73) x30 0x7df5d000
core   0: 0x80005710 (0x0000056d) c.addi  a0, 27
core   0: 3 0x80005710 (0x056d) x10 0x0cbc5a70
core   0: 0x80005712 (0xd5cba313) slti    t1, s7, -676
core   0: 3 0x80005712 (0xd5cba313) x6  0x00000000
core   0: 0x80005716 (0x0478e163) bltu    a7, t2, pc + 66
core   0: 3 0x80005716 (0x0478e163)
core   0: 0x8000571a (0x00008e89) c.sub   a3, a0
core   0: 3 0x8000571a (0x8e89) x13 0xf343a590
core   0: 0x8000571c (0x0000c789) c.beqz  a5, pc + 10
core   0: 3 0x8000571c (0xc789)
core   0: 0x8000571e (0x34007ff3) csrrci  t6, mscratch, 0
core   0: 3 0x8000571e (0x34007ff3) x31 0x7df5d000
core   0: 0x80005722 (0x028f8f63) beq     t6, s0, pc + 62
core   0: 3 0x80005722 (0x028f8f63)
core   0: 0x80005726 (0x00008375) c.srli  a4, 29
core   0: 3 0x80005726 (0x8375) x14 0x00000007
core   0: 0x80005728 (0x0000717d) c.addi16sp sp, -16
core   0: 3 0x80005728 (0x717d) x2  0x0cbc56c5
core   0: 0x8000572a (0x0000937e) c.add   t1, t6
core   0: 3 0x8000572a (0x937e) x6  0x7df5d000
core   0: 0x8000572c (0x40c05733) sra     a4, zero, a2
core   0: 3 0x8000572c (0x40c05733) x14 0x00000000
core   0: 0x80005730 (0x46472bb7) lui     s7, 0x46472
core   0: 3 0x80005730 (0x46472bb7) x23 0x46472000
core   0: 0x80005734 (0x01f90d63) beq     s2, t6, pc + 26
core   0: 3 0x80005734 (0x01f90d63)
core   0: 0x80005738 (0x0000100f) fence.i
core   0: 3 0x80005738 (0x0000100f)
core   0: 0x8000573c (0x0000cf09) c.beqz  a4, pc + 26
core   0: 3 0x8000573c (0xcf09)
core   0: 0x80005756 (0x00000ae5) c.addi  s5, 25
core   0: 3 0x80005756 (0x0ae5) x21 0x00000019
core   0: 0x80005758 (0x0000537d) c.li    t1, -1
core   0: 3 0x80005758 (0x537d) x6  0xffffffff
core   0: 0x8000575a (0x00008b0e) c.mv    s6, gp
core   0: 3 0x8000575a (0x8b0e) x22 0x0001d000
core   0: 0x8000575c (0x00006795) c.lui   a5, 0x5
core   0: 3 0x8000575c (0x6795) x15 0x00005000
core   0: 0x8000575e (0x0000537d) c.li    t1, -1
core   0: 3 0x8000575e (0x537d) x6  0xffffffff
core   0: 0x80005760 (0xa6caef13) ori     t5, s5, -1428
core   0: 3 0x80005760 (0xa6caef13) x30 0xfffffa7d
core   0: 0x80005764 (0x00009b7d) c.andi  a4, -1
core   0: 3 0x80005764 (0x9b7d) x14 0x00000000
core   0: 0x80005766 (0x03fed463) bge     t4, t6, pc + 40
core   0: 3 0x80005766 (0x03fed463)
core   0: 0x8000576a (0x026f41b3) div     gp, t5, t1
core   0: 3 0x8000576a (0x026f41b3) x3  0x00000583
core   0: 0x8000576e (0x01b47833) and     a6, s0, s11
core   0: 3 0x8000576e (0x01b47833) x16 0x00000000
core   0: 0x80005772 (0x4126d213) srai    tp, a3, 18
core   0: 3 0x80005772 (0x4126d213) x4  0xfffffcd0
core   0: 0x80005776 (0x0000717d) c.addi16sp sp, -16
core   0: 3 0x80005776 (0x717d) x2  0x0cbc56b5
core   0: 0x80005778 (0x01009b33) sll     s6, ra, a6
core   0: 3 0x80005778 (0x01009b33) x22 0xffffffff
core   0: 0x8000577c (0x00000001) c.nop
core   0: 3 0x8000577c (0x0001)
core   0: 0x8000577e (0x340856f3) csrrwi  a3, mscratch, 16
core   0: 3 0x8000577e (0x340856f3) x13 0x7df5d000 c832_mscratch 0x00000010
core   0: 0x80005782 (0x00008d85) c.sub   a1, s1
core   0: 3 0x80005782 (0x8d85) x11 0x820a3e22
core   0: 0x80005784 (0x00000001) c.nop
core   0: 3 0x80005784 (0x0001)
core   0: 0x80005786 (0x0111c833) xor     a6, gp, a7
core   0: 3 0x80005786 (0x0111c833) x16 0x80025967
core   0: 0x8000578a (0x00008db9) c.xor   a1, a4
core   0: 3 0x8000578a (0x8db9) x11 0x820a3e22
core   0: 0x8000578c (0x00008f21) c.xor   a4, s0
core   0: 3 0x8000578c (0x8f21) x14 0x80000000
core   0: 0x8000578e (0x03284f63) blt     a6, s2, pc + 62
core   0: 3 0x8000578e (0x03284f63)
core   0: 0x800057cc (0x2ab325b7) lui     a1, 0x2ab32
core   0: 3 0x800057cc (0x2ab325b7) x11 0x2ab32000
core   0: 0x800057d0 (0x0000100f) fence.i
core   0: 3 0x800057d0 (0x0000100f)
core   0: 0x800057d4 (0xab277d13) andi    s10, a4, -1358
core   0: 3 0x800057d4 (0xab277d13) x26 0x80000000
core   0: 0x800057d8 (0x00000001) c.nop
core   0: 3 0x800057d8 (0x0001)
core   0: 0x800057da (0x0000851d) c.srai  a0, 7
core   0: 3 0x800057da (0x851d) x10 0x001978b4
core   0: 0x800057dc (0x03f56363) bltu    a0, t6, pc + 38
core   0: 3 0x800057dc (0x03f56363)
core   0: 0x80005802 (0x00000f16) c.slli  t5, 5
core   0: 3 0x80005802 (0x0f16) x30 0xffff4fa0
core   0: 0x80005804 (0x003e3d33) sltu    s10, t3, gp
core   0: 3 0x80005804 (0x003e3d33) x26 0x00000000
core   0: 0x80005808 (0x02b87d33) remu    s10, a6, a1
core   0: 3 0x80005808 (0x02b87d33) x26 0x2a9c1967
core   0: 0x8000580c (0x007d6ab3) or      s5, s10, t2
core   0: 3 0x8000580c (0x007d6ab3) x21 0x2a9c1967
core   0: 0x80005810 (0x01404833) xor     a6, zero, s4
core   0: 3 0x80005810 (0x01404833) x16 0x7df5c24f
core   0: 0x80005814 (0x00672233) slt     tp, a4, t1
core   0: 3 0x80005814 (0x00672233) x4  0x00000001
core   0: 0x80005818 (0x012fde93) srli    t4, t6, 18
core   0: 3 0x80005818 (0x012fde93) x29 0x00001f7d
core   0: 0x8000581c (0x03da20b3) mulhsu  ra, s4, t4
core   0: 3 0x8000581c (0x03da20b3) x1  0x00000f7e
core   0: 0x80005820 (0x0000938e) c.add   t2, gp
core   0: 3 0x80005820 (0x938e) x7  0x00000583
core   0: 0x80005822 (0x41a0d733) sra     a4, ra, s10
core   0: 3 0x80005822 (0x41a0d733) x14 0x0000001e
core   0: 0x80005826 (0x01c082b3) add     t0, ra, t3
core   0: 3 0x80005826 (0x01c082b3) x5  0x80022de2
core   0: 0x8000582a (0x03177c33) remu    s8, a4, a7
core   0: 3 0x8000582a (0x03177c33) x24 0x0000001e
core   0: 0x8000582e (0x6a254d13) xori    s10, a0, 1698
core   0: 3 0x8000582e (0x6a254d13) x26 0x00197e16
core   0: 0x80005832 (0x00000c1c) c.addi4spn a5, sp, 528
core   0: 3 0x80005832 (0x0c1c) x15 0x0cbc58c5
core   0: 0x80005834 (0x00008d75) c.and   a0, a3
core   0: 3 0x80005834 (0x8d75) x10 0x00115000
core   0: 0x80005836 (0xe92df813) andi    a6, s11, -366
core   0: 3 0x80005836 (0xe92df813) x16 0x00015000
core   0: 0x8000583a (0x0000100f) fence.i
core   0: 3 0x8000583a (0x0000100f)
core   0: 0x8000583e (0x0094c9b3) xor     s3, s1, s1
core   0: 3 0x8000583e (0x0094c9b3) x19 0x00000000
core   0: 0x80005842 (0x340ee1f3) csrrsi  gp, mscratch, 29
core   0: 3 0x80005842 (0x340ee1f3) x3  0x00000010 c832_mscratch 0x0000001d
core   0: 0x80005846 (0x028d5563) bge     s10, s0, pc + 42
core   0: 3 0x80005846 (0x028d5563)
core   0: 0x80005870 (0x545fe817) auipc   a6, 0x545fe
core   0: 3 0x80005870 (0x545fe817) x16 0xd4603870
core   0: 0x80005874 (0x0180e463) bltu    ra, s8, pc + 8
core   0: 3 0x80005874 (0x0180e463)
core   0: 0x80005878 (0x015eff33) and     t5, t4, s5
core   0: 3 0x80005878 (0x015eff33) x30 0x00001965
core   0: 0x8000587c (0x00000001) c.nop
core   0: 3 0x8000587c (0x0001)
core   0: 0x8000587e (0x0353c533) div     a0, t2, s5
core   0: 3 0x8000587e (0x0353c533) x10 0x00000000
core   0: 0x80005882 (0x404b8eb3) sub     t4, s7, tp
core   0: 3 0x80005882 (0x404b8eb3) x29 0x46471fff
core   0: 0x80005886 (0x02053d33) mulhu   s10, a0, zero
core   0: 3 0x80005886 (0x02053d33) x26 0x00000000
core   0: 0x8000588a (0x0000c299) c.beqz  a3, pc + 6
core   0: 3 0x8000588a (0xc299)
core   0: 0x8000588c (0x02e6e133) rem     sp, a3, a4
core   0: 3 0x8000588c (0x02e6e133) x2  0x00000008
core   0: 0x80005890 (0x01b85e93) srli    t4, a6, 27
core   0: 3 0x80005890 (0x01b85e93) x29 0x0000001a
core   0: 0x80005894 (0x340028f3) csrr    a7, mscratch
core   0: 3 0x80005894 (0x340028f3) x17 0x0000001d
core   0: 0x80005898 (0x0000ee8d) c.bnez  a3, pc + 58
core   0: 3 0x80005898 (0xee8d)
core   0: 0x800058d2 (0x01c225b3) slt     a1, tp, t3
core   0: 3 0x800058d2 (0x01c225b3) x11 0x00000000
core   0: 0x800058d6 (0x05dec363) blt     t4, t4, pc + 70
core   0: 3 0x800058d6 (0x05dec363)
core   0: 0x800058da (0x0000100f) fence.i
core   0: 3 0x800058da (0x0000100f)
core   0: 0x800058de (0x019224b3) slt     s1, tp, s9
core   0: 3 0x800058de (0x019224b3) x9  0x00000001
core   0: 0x800058e2 (0x00001084) c.addi4spn s1, sp, 96
core   0: 3 0x800058e2 (0x1084) x9  0x00000068
core   0: 0x800058e4 (0x03ff3933) mulhu   s2, t5, t6
core   0: 3 0x800058e4 (0x03ff3933) x18 0x00000c7e
core   0: 0x800058e8 (0x01731713) slli    a4, t1, 23
core   0: 3 0x800058e8 (0x01731713) x14 0xff800000
core   0: 0x800058ec (0x00000704) c.addi4spn s1, sp, 896
core   0: 3 0x800058ec (0x0704) x9  0x00000388
core   0: 0x800058ee (0x00d125b3) slt     a1, sp, a3
core   0: 3 0x800058ee (0x00d125b3) x11 0x00000001
core   0: 0x800058f2 (0x00001efd) c.addi  t4, -1
core   0: 3 0x800058f2 (0x1efd) x29 0x00000019
core   0: 0x800058f4 (0x01b15113) srli    sp, sp, 27
core   0: 3 0x800058f4 (0x01b15113) x2  0x00000000
core   0: 0x800058f8 (0xc55d6093) ori     ra, s10, -939
core   0: 3 0x800058f8 (0xc55d6093) x1  0xfffffc55
core   0: 0x800058fc (0xaf820893) addi    a7, tp, -1288
core   0: 3 0x800058fc (0xaf820893) x17 0xfffffaf9
core   0: 0x80005900 (0x3e26ee93) ori     t4, a3, 994
core   0: 3 0x80005900 (0x3e26ee93) x29 0x7df5d3e2
core   0: 0x80005904 (0x000083b5) c.srli  a5, 13
core   0: 3 0x80005904 (0x83b5) x15 0x000065e2
core   0: 0x80005906 (0x0000717d) c.addi16sp sp, -16
core   0: 3 0x80005906 (0x717d) x2  0xfffffff0
core   0: 0x80005908 (0x01794333) xor     t1, s2, s7
core   0: 3 0x80005908 (0x01794333) x6  0x46472c7e
core   0: 0x8000590c (0x01f9c4b3) xor     s1, s3, t6
core   0: 3 0x8000590c (0x01f9c4b3) x9  0x7df5d000
core   0: 0x80005910 (0x009b7bb3) and     s7, s6, s1
core   0: 3 0x80005910 (0x009b7bb3) x23 0x7df5d000
core   0: 0x80005914 (0x034b8bb3) mul     s7, s7, s4
core   0: 3 0x80005914 (0x034b8bb3) x23 0x367b3000
core   0: 0x80005918 (0x020be463) bltu    s7, zero, pc + 40
core   0: 3 0x80005918 (0x020be463)
core   0: 0x8000591c (0x0000c331) c.beqz  a4, pc + 68
core   0: 3 0x8000591c (0xc331)
core   0: 0x8000591e (0x0028c533) xor     a0, a7, sp
core   0: 3 0x8000591e (0x0028c533) x10 0x00000509
core   0: 0x80005922 (0x000099fd) c.andi  a1, -1
core   0: 3 0x80005922 (0x99fd) x11 0x00000001
core   0: 0x80005924 (0x000066d1) c.lui   a3, 0x14
core   0: 3 0x80005924 (0x66d1) x13 0x00014000
core   0: 0x80005926 (0x02aa9a33) mulh    s4, s5, a0
core   0: 3 0x80005926 (0x02aa9a33) x20 0x000000d6
core   0: 0x8000592a (0x008676b3) and     a3, a2, s0
core   0: 3 0x8000592a (0x008676b3) x13 0x80000000
core   0: 0x8000592e (0x3409a3f3) csrrs   t2, mscratch, s3
core   0: 3 0x8000592e (0x3409a3f3) x7  0x0000001d c832_mscratch 0x0000001d
core   0: 0x80005932 (0x017be9b3) or      s3, s7, s7
core   0: 3 0x80005932 (0x017be9b3) x19 0x367b3000
core   0: 0x80005936 (0x0000e319) c.bnez  a4, pc + 6
core   0: 3 0x80005936 (0xe319)
core   0: 0x8000593c (0x34003573) csrrc   a0, mscratch, zero
core   0: 3 0x8000593c (0x34003573) x10 0x0000001d
core   0: 0x80005940 (0x000099fd) c.andi  a1, -1
core   0: 3 0x80005940 (0x99fd) x11 0x00000001
core   0: 0x80005942 (0x00a60cb3) add     s9, a2, a0
core   0: 3 0x80005942 (0x00a60cb3) x25 0x80025d01
core   0: 0x80005946 (0x00395963) bge     s2, gp, pc + 18
core   0: 3 0x80005946 (0x00395963)
core   0: 0x80005958 (0x9a7e2293) slti    t0, t3, -1625
core   0: 3 0x80005958 (0x9a7e2293) x5  0x00000001
core   0: 0x8000595c (0x00826d33) or      s10, tp, s0
core   0: 3 0x8000595c (0x00826d33) x26 0x80000001
core   0: 0x80005960 (0xf8206b13) ori     s6, zero, -126
core   0: 3 0x80005960 (0xf8206b13) x22 0xffffff82
core   0: 0x80005964 (0x00000dce) c.slli  s11, 19
core   0: 3 0x80005964 (0x0dce) x27 0x80000000
core   0: 0x80005966 (0x40dad113) srai    sp, s5, 13
core   0: 3 0x80005966 (0x40dad113) x2  0x000154e0
core   0: 0x8000596a (0x015f42b3) xor     t0, t5, s5
core   0: 3 0x8000596a (0x015f42b3) x5  0x2a9c0002
core   0: 0x8000596e (0x0ff0000f) fence   iorw,iorw
core   0: 3 0x8000596e (0x0ff0000f)
core   0: 0x80005972 (0x00008dd5) c.or    a1, a3
core   0: 3 0x80005972 (0x8dd5) x11 0x80000001
core   0: 0x80005974 (0x01ef86b3) add     a3, t6, t5
core   0: 3 0x80005974 (0x01ef86b3) x13 0x7df5e965
core   0: 0x80005978 (0x01629c13) slli    s8, t0, 22
core   0: 3 0x80005978 (0x01629c13) x24 0x00800000
core   0: 0x8000597c (0x00c337b3) sltu    a5, t1, a2
core   0: 3 0x8000597c (0x00c337b3) x15 0x00000001
core   0: 0x80005980 (0xce6985b7) lui     a1, 0xce698
core   0: 3 0x80005980 (0xce6985b7) x11 0xce698000
core   0: 0x80005984 (0x00008ffd) c.and   a5, a5
core   0: 3 0x80005984 (0x8ffd) x15 0x00000001
core   0: 0x80005986 (0x000087b1) c.srai  a5, 12
core   0: 3 0x80005986 (0x87b1) x15 0x00000000
core   0: 0x80005988 (0x01276933) or      s2, a4, s2
core   0: 3 0x80005988 (0x01276933) x18 0xff800c7e
core   0: 0x8000598c (0x82f59717) auipc   a4, 0x82f59
core   0: 3 0x8000598c (0x82f59717) x14 0x02f5e98c
core   0: 0x80005990 (0xaa260eb7) lui     t4, 0xaa260
core   0: 3 0x80005990 (0xaa260eb7) x29 0xaa260000
core   0: 0x80005994 (0x00000001) c.nop
core   0: 3 0x80005994 (0x0001)
core   0: 0x80005996 (0x032bd963) bge     s7, s2, pc + 50
core   0: 3 0x80005996 (0x032bd963)
core   0: 0x800059c8 (0x03507263) bgeu    zero, s5, pc + 36
core   0: 3 0x800059c8 (0x03507263)
core   0: 0x800059cc (0x03cfe663) bltu    t6, t3, pc + 44
core   0: 3 0x800059cc (0x03cfe663)
core   0: 0x800059f8 (0x01fb80b3) add     ra, s7, t6
core   0: 3 0x800059f8 (0x01fb80b3) x1  0xb4710000
core   0: 0x800059fc (0x0000100f) fence.i
core   0: 3 0x800059fc (0x0000100f)
core   0: 0x80005a00 (0x0316a7b3) mulhsu  a5, a3, a7
core   0: 3 0x80005a00 (0x0316a7b3) x15 0x7df5e6eb
core   0: 0x80005a04 (0x849f8293) addi    t0, t6, -1975
core   0: 3 0x80005a04 (0x849f8293) x5  0x7df5c849
core   0: 0x80005a08 (0x000041fd) c.li    gp, 31
core   0: 3 0x80005a08 (0x41fd) x3  0x0000001f
core   0: 0x80005a0a (0x00a8dc13) srli    s8, a7, 10
core   0: 3 0x80005a0a (0x00a8dc13) x24 0x003ffffe
core   0: 0x80005a0e (0x34003973) csrrc   s2, mscratch, zero
core   0: 3 0x80005a0e (0x34003973) x18 0x0000001d
core   0: 0x80005a12 (0x34095df3) csrrwi  s11, mscratch, 18
core   0: 3 0x80005a12 (0x34095df3) x27 0x0000001d c832_mscratch 0x00000012
core   0: 0x80005a16 (0x0000e289) c.bnez  a3, pc + 2
core   0: 3 0x80005a16 (0xe289)
core   0: 0x80005a18 (0x0ff0000f) fence   iorw,iorw
core   0: 3 0x80005a18 (0x0ff0000f)
core   0: 0x80005a1c (0x0000979a) c.add   a5, t1
core   0: 3 0x80005a1c (0x979a) x15 0xc43d1369
core   0: 0x80005a1e (0x00008596) c.mv    a1, t0
core   0: 3 0x80005a1e (0x8596) x11 0x7df5c849
core   0: 0x80005a20 (0x00000001) c.nop
core   0: 3 0x80005a20 (0x0001)
core   0: 0x80005a22 (0x00008ec9) c.or    a3, a0
core   0: 3 0x80005a22 (0x8ec9) x13 0x7df5e97d
core   0: 0x80005a24 (0x00008f75) c.and   a4, a3
core   0: 3 0x80005a24 (0x8f75) x14 0x00f5e90c
core   0: 0x80005a26 (0x00008f09) c.sub   a4, a0
core   0: 3 0x80005a26 (0x8f09) x14 0x00f5e8ef
core   0: 0x80005a28 (0x34002373) csrr    t1, mscratch
core   0: 3 0x80005a28 (0x34002373) x6  0x00000012
core   0: 0x80005a2c (0x65941837) lui     a6, 0x65941
core   0: 3 0x80005a2c (0x65941837) x16 0x65941000
core   0: 0x80005a30 (0x00008355) c.srli  a4, 21
core   0: 3 0x80005a30 (0x8355) x14 0x00000007
core   0: 0x80005a32 (0x0000e7b9) c.bnez  a5, pc + 78
core   0: 3 0x80005a32 (0xe7b9)
core   0: 0x80005a80 (0x41b158b3) sra     a7, sp, s11
core   0: 3 0x80005a80 (0x41b158b3) x17 0x00000000
core   0: 0x80005a84 (0x00001a7d) c.addi  s4, -1
core   0: 3 0x80005a84 (0x1a7d) x20 0x000000d5
core   0: 0x80005a86 (0x8f2c59b7) lui     s3, 0x8f2c5
core   0: 3 0x80005a86 (0x8f2c59b7) x19 0x8f2c5000
core   0: 0x80005a8a (0x00571663) bne     a4, t0, pc + 12
core   0: 3 0x80005a8a (0x00571663)
core   0: 0x80005a96 (0x019b6933) or      s2, s6, s9
core   0: 3 0x80005a96 (0x019b6933) x18 0xffffff83
core   0: 0x80005a9a (0x87758917) auipc   s2, 0x87758
core   0: 3 0x80005a9a (0x87758917) x18 0x0775da9a
core   0: 0x80005a9e (0x0ff0000f) fence   iorw,iorw
core   0: 3 0x80005a9e (0x0ff0000f)
core   0: 0x80005aa2 (0x0000100f) fence.i
core   0: 3 0x80005aa2 (0x0000100f)
core   0: 0x80005aa6 (0x0373b733) mulhu   a4, t2, s7
core   0: 3 0x80005aa6 (0x0373b733) x14 0x00000006
core   0: 0x80005aaa (0x01c7b3b3) sltu    t2, a5, t3
core   0: 3 0x80005aaa (0x01c7b3b3) x7  0x00000000
core   0: 0x80005aae (0x00008d4d) c.or    a0, a1
core   0: 3 0x80005aae (0x8d4d) x10 0x7df5c85d
core   0: 0x80005ab0 (0x00008f1d) c.sub   a4, a5
core   0: 3 0x80005ab0 (0x8f1d) x14 0x3bc2ec9d
core   0: 0x80005ab2 (0x023f4963) blt     t5, gp, pc + 50
core   0: 3 0x80005ab2 (0x023f4963)
core   0: 0x80005ab6 (0x00005bfd) c.li    s7, -1
core   0: 3 0x80005ab6 (0x5bfd) x23 0xffffffff
core   0: 0x80005ab8 (0x01b73133) sltu    sp, a4, s11
core   0: 3 0x80005ab8 (0x01b73133) x2  0x00000000
core   0: 0x80005abc (0x00008091) c.srli  s1, 4
core   0: 3 0x80005abc (0x8091) x9  0x07df5d00
core   0: 0x80005abe (0x00008efd) c.and   a3, a5
core   0: 3 0x80005abe (0x8efd) x13 0x44350169
core   0: 0x80005ac0 (0xc4b3e913) ori     s2, t2, -949
core   0: 3 0x80005ac0 (0xc4b3e913) x18 0xfffffc4b
core   0: 0x80005ac4 (0x000001da) c.slli  gp, 22
core   0: 3 0x80005ac4 (0x01da) x3  0x07c00000
core   0: 0x80005ac6 (0x03d70a63) beq     a4, t4, pc + 52
core   0: 3 0x80005ac6 (0x03d70a63)
core   0: 0x80005aca (0x0ff0000f) fence   iorw,iorw
core   0: 3 0x80005aca (0x0ff0000f)
core   0: 0x80005ace (0x02360163) beq     a2, gp, pc + 34
core   0: 3 0x80005ace (0x02360163)
core   0: 0x80005ad2 (0xf812e693) ori     a3, t0, -127
core   0: 3 0x80005ad2 (0xf812e693) x13 0xffffffc9
core   0: 0x80005ad6 (0x00000001) c.nop
core   0: 3 0x80005ad6 (0x0001)
core   0: 0x80005ad8 (0x0000814d) c.srli  a0, 19
core   0: 3 0x80005ad8 (0x814d) x10 0x00000fbe
core   0: 0x80005ada (0x000062f1) c.lui   t0, 0x1c
core   0: 3 0x80005ada (0x62f1) x5  0x0001c000
core   0: 0x80005adc (0x017a51b3) srl     gp, s4, s7
core   0: 3 0x80005adc (0x017a51b3) x3  0x00000000
core   0: 0x80005ae0 (0x03bc4363) blt     s8, s11, pc + 38
core   0: 3 0x80005ae0 (0x03bc4363)
core   0: 0x80005ae4 (0x00008d5d) c.or    a0, a5
core   0: 3 0x80005ae4 (0x8d5d) x10 0xc43d1fff
core   0: 0x80005ae6 (0x027c4f33) div     t5, s8, t2
core   0: 3 0x80005ae6 (0x027c4f33) x30 0xffffffff
core   0: 0x80005aea (0xd2ca2993) slti    s3, s4, -724
core   0: 3 0x80005aea (0xd2ca2993) x19 0x00000000
core   0: 0x80005aee (0x00008c8d) c.sub   s1, a1
core   0: 3 0x80005aee (0x8c8d) x9  0x89e994b7
core   0: 0x80005af0 (0x00000094) c.addi4spn a3, sp, 64
core   0: 3 0x80005af0 (0x0094) x13 0x00000040
core   0: 0x80005af2 (0x0000100f) fence.i
core   0: 3 0x80005af2 (0x0000100f)
core   0: 0x80005af6 (0xa63d2b93) slti    s7, s10, -1437
core   0: 3 0x80005af6 (0xa63d2b93) x23 0x00000001
core   0: 0x80005afa (0x010110b3) sll     ra, sp, a6
core   0: 3 0x80005afa (0x010110b3) x1  0x00000000
core   0: 0x80005afe (0x02ebe0b3) rem     ra, s7, a4
core   0: 3 0x80005afe (0x02ebe0b3) x1  0x00000001
core   0: 0x80005b02 (0x687da793) slti    a5, s11, 1671
core   0: 3 0x80005b02 (0x687da793) x15 0x00000001
core   0: 0x80005b06 (0x02d65eb3) divu    t4, a2, a3
core   0: 3 0x80005b06 (0x02d65eb3) x29 0x02000973
core   0: 0x80005b0a (0x7c578a13) addi    s4, a5, 1989
core   0: 3 0x80005b0a (0x7c578a13) x20 0x000007c6
core   0: 0x80005b0e (0x000085a5) c.srai  a1, 9
core   0: 3 0x80005b0e (0x85a5) x11 0x003efae4
core   0: 0x80005b10 (0x00001698) c.addi4spn a4, sp, 864
core   0: 3 0x80005b10 (0x1698) x14 0x00000360
core   0: 0x80005b12 (0x01b7f263) bgeu    a5, s11, pc + 4
core   0: 3 0x80005b12 (0x01b7f263)
core   0: 0x80005b16 (0x340b3f73) csrrc   t5, mscratch, s6
core   0: 3 0x80005b16 (0x340b3f73) x30 0x00000012 c832_mscratch 0x00000010
core   0: 0x80005b1a (0x01d8a033) slt     zero, a7, t4
core   0: 3 0x80005b1a (0x01d8a033)
core   0: 0x80005b1e (0x3404b573) csrrc   a0, mscratch, s1
core   0: 3 0x80005b1e (0x3404b573) x10 0x00000010 c832_mscratch 0x00000000
core   0: 0x80005b22 (0x40705233) sra     tp, zero, t2
core   0: 3 0x80005b22 (0x40705233) x4  0x00000000
core   0: 0x80005b26 (0x00008ca5) c.xor   s1, s1
core   0: 3 0x80005b26 (0x8ca5) x9  0x00000000
core   0: 0x80005b28 (0x0ff0000f) fence   iorw,iorw
core   0: 3 0x80005b28 (0x0ff0000f)
core   0: 0x80005b2c (0x00006125) c.addi16sp sp, 96
core   0: 3 0x80005b2c (0x6125) x2  0x00000060
core   0: 0x80005b2e (0x03996663) bltu    s2, s9, pc + 44
core   0: 3 0x80005b2e (0x03996663)
core   0: 0x80005b32 (0x4131de93) srai    t4, gp, 19
core   0: 3 0x80005b32 (0x4131de93) x29 0x00000000
core   0: 0x80005b36 (0xf9b37513) andi    a0, t1, -101
core   0: 3 0x80005b36 (0xf9b37513) x10 0x00000012
core   0: 0x80005b3a (0x34006c73) csrrsi  s8, mscratch, 0
core   0: 3 0x80005b3a (0x34006c73) x24 0x00000000
core   0: 0x80005b3e (0x000082c2) c.mv    t0, a6
core   0: 3 0x80005b3e (0x82c2) x5  0x65941000
core   0: 0x80005b40 (0x413bd213) srai    tp, s7, 19
core   0: 3 0x80005b40 (0x413bd213) x4  0x00000000
core   0: 0x80005b44 (0x011ef0b3) and     ra, t4, a7
core   0: 3 0x80005b44 (0x011ef0b3) x1  0x00000000
core   0: 0x80005b48 (0x40488c33) sub     s8, a7, tp
core   0: 3 0x80005b48 (0x40488c33) x24 0x00000000
core   0: 0x80005b4c (0x406cd293) srai    t0, s9, 6
core   0: 3 0x80005b4c (0x406cd293) x5  0xfe000974
core   0: 0x80005b50 (0x001646b3) xor     a3, a2, ra
core   0: 3 0x80005b50 (0x001646b3) x13 0x80025ce4
core   0: 0x80005b54 (0x02f19463) bne     gp, a5, pc + 40
core   0: 3 0x80005b54 (0x02f19463)
core   0: 0x80005b7c (0x3403a0f3) csrrs   ra, mscratch, t2
core   0: 3 0x80005b7c (0x3403a0f3) x1  0x00000000 c832_mscratch 0x00000000
core   0: 0x80005b80 (0x00008db5) c.xor   a1, a3
core   0: 3 0x80005b80 (0x8db5) x11 0x803ca600
core   0: 0x80005b82 (0x9cad9eb7) lui     t4, 0x9cad9
core   0: 3 0x80005b82 (0x9cad9eb7) x29 0x9cad9000
core   0: 0x80005b86 (0x0000c39d) c.beqz  a5, pc + 38
core   0: 3 0x80005b86 (0xc39d)
core   0: 0x80005b88 (0x00006109) c.addi16sp sp, 128
core   0: 3 0x80005b88 (0x6109) x2  0x000000e0
core   0: 0x80005b8a (0x34002d73) csrr    s10, mscratch
core   0: 3 0x80005b8a (0x34002d73) x26 0x00000000
core   0: 0x80005b8e (0x0000100f) fence.i
core   0: 3 0x80005b8e (0x0000100f)
core   0: 0x80005b92 (0x0158e563) bltu    a7, s5, pc + 10
core   0: 3 0x80005b92 (0x0158e563)
core   0: 0x80005b9c (0x0057e4b3) or      s1, a5, t0
core   0: 3 0x80005b9c (0x0057e4b3) x9  0xfe000975
core   0: 0x80005ba0 (0x34047cf3) csrrci  s9, mscratch, 8
core   0: 3 0x80005ba0 (0x34047cf3) x25 0x00000000 c832_mscratch 0x00000000
core   0: 0x80005ba4 (0x031ff6b3) remu    a3, t6, a7
core   0: 3 0x80005ba4 (0x031ff6b3) x13 0x7df5d000
core   0: 0x80005ba8 (0x34002a73) csrr    s4, mscratch
core   0: 3 0x80005ba8 (0x34002a73) x20 0x00000000
core   0: 0x80005bac (0x0000e105) c.bnez  a0, pc + 32
core   0: 3 0x80005bac (0xe105)
core   0: 0x80005bcc (0x01265d33) srl     s10, a2, s2
core   0: 3 0x80005bcc (0x01265d33) x26 0x0010004b
core   0: 0x80005bd0 (0x00008dbd) c.xor   a1, a5
core   0: 3 0x80005bd0 (0x8dbd) x11 0x803ca601
core   0: 0x80005bd2 (0x01d8fd33) and     s10, a7, t4
core   0: 3 0x80005bd2 (0x01d8fd33) x26 0x00000000
core   0: 0x80005bd6 (0x0325f163) bgeu    a1, s2, pc + 34
core   0: 3 0x80005bd6 (0x0325f163)
core   0: 0x80005bda (0xa5ba2793) slti    a5, s4, -1445
core   0: 3 0x80005bda (0xa5ba2793) x15 0x00000000
core   0: 0x80005bde (0x3406d773) csrrwi  a4, mscratch, 13
core   0: 3 0x80005bde (0x3406d773) x14 0x00000000 c832_mscratch 0x0000000d
core   0: 0x80005be2 (0x76bf6393) ori     t2, t5, 1899
core   0: 3 0x80005be2 (0x76bf6393) x7  0x0000077b
core   0: 0x80005be6 (0x42c77393) andi    t2, a4, 1068
core   0: 3 0x80005be6 (0x42c77393) x7  0x00000000
core   0: 0x80005bea (0x0000e999) c.bnez  a1, pc + 22
core   0: 3 0x80005bea (0xe999)
core   0: 0x80005c00 (0xccd9e813) ori     a6, s3, -819
core   0: 3 0x80005c00 (0xccd9e813) x16 0xfffffccd
core   0: 0x80005c04 (0x010953b3) srl     t2, s2, a6
core   0: 3 0x80005c04 (0x010953b3) x7  0x0007ffff
core   0: 0x80005c08 (0x0000109c) c.addi4spn a5, sp, 96
core   0: 3 0x80005c08 (0x109c) x15 0x00000140
core   0: 0x80005c0a (0x03cd30b3) mulhu   ra, s10, t3
core   0: 3 0x80005c0a (0x03cd30b3) x1  0x00000000
core   0: 0x80005c0e (0x530a8913) addi    s2, s5, 1328
core   0: 3 0x80005c0e (0x530a8913) x18 0x2a9c1e97
core   0: 0x80005c12 (0x402581b3) sub     gp, a1, sp
core   0: 3 0x80005c12 (0x402581b3) x3  0x803ca521
core   0: 0x80005c16 (0x34001273) csrrw   tp, mscratch, zero
core   0: 3 0x80005c16 (0x34001273) x4  0x0000000d c832_mscratch 0x00000000
core   0: 0x80005c1a (0x0108e863) bltu    a7, a6, pc + 16
core   0: 3 0x80005c1a (0x0108e863)
core   0: 0x80005c2a (0x00000001) c.nop
core   0: 3 0x80005c2a (0x0001)
core   0: 0x80005c2c (0x0000e399) c.bnez  a5, pc + 6
core   0: 3 0x80005c2c (0xe399)
core   0: 0x80005c32 (0x34007273) csrrci  tp, mscratch, 0
core   0: 3 0x80005c32 (0x34007273) x4  0x00000000
core   0: 0x80005c36 (0x00000b08) c.addi4spn a0, sp, 400
core   0: 3 0x80005c36 (0x0b08) x10 0x00000270
core   0: 0x80005c38 (0x02adf7b3) remu    a5, s11, a0
core   0: 3 0x80005c38 (0x02adf7b3) x15 0x0000001d
core   0: 0x80005c3c (0x28e27f13) andi    t5, tp, 654
core   0: 3 0x80005c3c (0x28e27f13) x30 0x00000000
core   0: 0x80005c40 (0x034b8eb3) mul     t4, s7, s4
core   0: 3 0x80005c40 (0x034b8eb3) x29 0x00000000
core   0: 0x80005c44 (0x34061773) csrrw   a4, mscratch, a2
core   0: 3 0x80005c44 (0x34061773) x14 0x00000000 c832_mscratch 0x80025ce4
core   0: 0x80005c48 (0x0169d593) srli    a1, s3, 22
core   0: 3 0x80005c48 (0x0169d593) x11 0x00000000
core   0: 0x80005c4c (0x00000a8c) c.addi4spn a1, sp, 336
core   0: 3 0x80005c4c (0x0a8c) x11 0x00000230
core   0: 0x80005c4e (0x000085d9) c.srai  a1, 22
core   0: 3 0x80005c4e (0x85d9) x11 0x00000000
core   0: 0x80005c50 (0x0000100f) fence.i
core   0: 3 0x80005c50 (0x0000100f)
core   0: 0x80005c54 (0x02284233) div     tp, a6, sp
core   0: 3 0x80005c54 (0x02284233) x4  0xfffffffd
core   0: 0x80005c58 (0x00000b62) c.slli  s6, 24
core   0: 3 0x80005c58 (0x0b62) x22 0x82000000
core   0: 0x80005c5a (0x00ab2fb3) slt     t6, s6, a0
core   0: 3 0x80005c5a (0x00ab2fb3) x31 0x00000001
core   0: 0x80005c5e (0x5dcc8393) addi    t2, s9, 1500
core   0: 3 0x80005c5e (0x5dcc8393) x7  0x000005dc
core   0: 0x80005c62 (0x03901a33) mulh    s4, zero, s9
core   0: 3 0x80005c62 (0x03901a33) x20 0x00000000
core   0: 0x80005c66 (0x03dd83b3) mul     t2, s11, t4
core   0: 3 0x80005c66 (0x03dd83b3) x7  0x00000000
core   0: 0x80005c6a (0x0476d363) bge     a3, t2, pc + 70
core   0: 3 0x80005c6a (0x0476d363)
core   0: 0x80005cb0 (0x0000cd81) c.beqz  a1, pc + 24
core   0: 3 0x80005cb0 (0xcd81)
core   0: 0x80005cc8 (0x0000e685) c.bnez  a3, pc + 40
core   0: 3 0x80005cc8 (0xe685)
core   0: 0x80005cf0 (0x00000a62) c.slli  s4, 24
core   0: 3 0x80005cf0 (0x0a62) x20 0x00000000
core   0: 0x80005cf2 (0x00916133) or      sp, sp, s1
core   0: 3 0x80005cf2 (0x00916133) x2  0xfe0009f5
core   0: 0x80005cf6 (0x0000037a) c.slli  t1, 30
core   0: 3 0x80005cf6 (0x037a) x6  0x80000000
core   0: 0x80005cf8 (0x340c6ef3) csrrsi  t4, mscratch, 24
core   0: 3 0x80005cf8 (0x340c6ef3) x29 0x80025ce4 c832_mscratch 0x80025cfc
core   0: 0x80005cfc (0x00581463) bne     a6, t0, pc + 8
core   0: 3 0x80005cfc (0x00581463)
core   0: 0x80005d04 (0x0000100f) fence.i
core   0: 3 0x80005d04 (0x0000100f)
core   0: 0x80005d08 (0x0278fe63) bgeu    a7, t2, pc + 60
core   0: 3 0x80005d08 (0x0278fe63)
core   0: 0x80005d44 (0x0132b533) sltu    a0, t0, s3
core   0: 3 0x80005d44 (0x0132b533) x10 0x00000000
core   0: 0x80005d48 (0x0ff0000f) fence   iorw,iorw
core   0: 3 0x80005d48 (0x0ff0000f)
core   0: 0x80005d4c (0x34002773) csrr    a4, mscratch
core   0: 3 0x80005d4c (0x34002773) x14 0x80025cfc
core   0: 0x80005d50 (0x0000075e) c.slli  a4, 23
core   0: 3 0x80005d50 (0x075e) x14 0x7e000000
core   0: 0x80005d52 (0x07c1b213) sltiu   tp, gp, 124
core   0: 3 0x80005d52 (0x07c1b213) x4  0x00000000
core   0: 0x80005d56 (0x00da1c33) sll     s8, s4, a3
core   0: 3 0x80005d56 (0x00da1c33) x24 0x00000000
core   0: 0x80005d5a (0x00000001) c.nop
core   0: 3 0x80005d5a (0x0001)
core   0: 0x80005d5c (0x0000717d) c.addi16sp sp, -16
core   0: 3 0x80005d5c (0x717d) x2  0xfe0009e5
core   0: 0x80005d5e (0x02fc2a33) mulhsu  s4, s8, a5
core   0: 3 0x80005d5e (0x02fc2a33) x20 0x00000000
core   0: 0x80005d62 (0x00ec99b3) sll     s3, s9, a4
core   0: 3 0x80005d62 (0x00ec99b3) x19 0x00000000
core   0: 0x80005d66 (0x00008179) c.srli  a0, 30
core   0: 3 0x80005d66 (0x8179) x10 0x00000000
core   0: 0x80005d68 (0x00008189) c.srli  a1, 2
core   0: 3 0x80005d68 (0x8189) x11 0x00000000
core   0: 0x80005d6a (0x00cbd463) bge     s7, a2, pc + 8
core   0: 3 0x80005d6a (0x00cbd463)
core   0: 0x80005d72 (0x340d9173) csrrw   sp, mscratch, s11
core   0: 3 0x80005d72 (0x340d9173) x2  0x80025cfc c832_mscratch 0x0000001d
core   0: 0x80005d76 (0x021b80b3) mul     ra, s7, ra
core   0: 3 0x80005d76 (0x021b80b3) x1  0x00000000
core   0: 0x80005d7a (0x0107f663) bgeu    a5, a6, pc + 12
core   0: 3 0x80005d7a (0x0107f663)
core   0: 0x80005d7e (0x0224e1b3) rem     gp, s1, sp
core   0: 3 0x80005d7e (0x0224e1b3) x3  0xfe000975
core   0: 0x80005d82 (0x03258c63) beq     a1, s2, pc + 56
core   0: 3 0x80005d82 (0x03258c63)
core   0: 0x80005d86 (0x0000100f) fence.i
core   0: 3 0x80005d86 (0x0000100f)
core   0: 0x80005d8a (0x70e83e93) sltiu   t4, a6, 1806
core   0: 3 0x80005d8a (0x70e83e93) x29 0x00000000
core   0: 0x80005d8e (0x000cda33) srl     s4, s9, zero
core   0: 3 0x80005d8e (0x000cda33) x20 0x00000000
core   0: 0x80005d92 (0xceed4293) xori    t0, s10, -786
core   0: 3 0x80005d92 (0xceed4293) x5  0xfffffcee
core   0: 0x80005d96 (0x00f04c33) xor     s8, zero, a5
core   0: 3 0x80005d96 (0x00f04c33) x24 0x0000001d
core   0: 0x80005d9a (0x00009afd) c.andi  a3, -1
core   0: 3 0x80005d9a (0x9afd) x13 0x7df5d000
core   0: 0x80005d9c (0x03f898b3) mulh    a7, a7, t6
core   0: 3 0x80005d9c (0x03f898b3) x17 0x00000000
core   0: 0x80005da0 (0x00008d51) c.or    a0, a2
core   0: 3 0x80005da0 (0x8d51) x10 0x80025ce4
core   0: 0x80005da2 (0x0000cb85) c.beqz  a5, pc + 48
core   0: 3 0x80005da2 (0xcb85)
core   0: 0x80005da4 (0x000086c6) c.mv    a3, a7
core   0: 3 0x80005da4 (0x86c6) x13 0x00000000
core   0: 0x80005da6 (0x3407a873) csrrs   a6, mscratch, a5
core   0: 3 0x80005da6 (0x3407a873) x16 0x0000001d c832_mscratch 0x0000001d
core   0: 0x80005daa (0x00140d33) add     s10, s0, ra
core   0: 3 0x80005daa (0x00140d33) x26 0x80000000
core   0: 0x80005dae (0x00541fb3) sll     t6, s0, t0
core   0: 3 0x80005dae (0x00541fb3) x31 0x00000000
core   0: 0x80005db2 (0x34069f73) csrrw   t5, mscratch, a3
core   0: 3 0x80005db2 (0x34069f73) x30 0x0000001d c832_mscratch 0x00000000
core   0: 0x80005db6 (0x03d11763) bne     sp, t4, pc + 46
core   0: 3 0x80005db6 (0x03d11763)
core   0: 0x80005de4 (0x34061df3) csrrw   s11, mscratch, a2
core   0: 3 0x80005de4 (0x34061df3) x27 0x00000000 c832_mscratch 0x80025ce4
core   0: 0x80005de8 (0xa7b76a93) ori     s5, a4, -1413
core   0: 3 0x80005de8 (0xa7b76a93) x21 0xfffffa7b
core   0: 0x80005dec (0x6e7eb193) sltiu   gp, t4, 1767
core   0: 3 0x80005dec (0x6e7eb193) x3  0x00000001
core   0: 0x80005df0 (0x0000eb11) c.bnez  a4, pc + 20
core   0: 3 0x80005df0 (0xeb11)
core   0: 0x80005e04 (0x0000c719) c.beqz  a4, pc + 14
core   0: 3 0x80005e04 (0xc719)
core   0: 0x80005e06 (0x41988233) sub     tp, a7, s9
core   0: 3 0x80005e06 (0x41988233) x4  0x00000000
core   0: 0x80005e0a (0x00008365) c.srli  a4, 25
core   0: 3 0x80005e0a (0x8365) x14 0x0000003f
core   0: 0x80005e0c (0x0008fa33) and     s4, a7, zero
core   0: 3 0x80005e0c (0x0008fa33) x20 0x00000000
core   0: 0x80005e10 (0x00006b21) c.lui   s6, 0x8
core   0: 3 0x80005e10 (0x6b21) x22 0x00008000
core   0: 0x80005e12 (0x032caab3) mulhsu  s5, s9, s2
core   0: 3 0x80005e12 (0x032caab3) x21 0x00000000
core   0: 0x80005e16 (0x01375663) bge     a4, s3, pc + 12
core   0: 3 0x80005e16 (0x01375663)
core   0: 0x80005e22 (0x039b02b3) mul     t0, s6, s9
core   0: 3 0x80005e22 (0x039b02b3) x5  0x00000000
core   0: 0x80005e26 (0x000081fd) c.srli  a1, 31
core   0: 3 0x80005e26 (0x81fd) x11 0x00000000
core   0: 0x80005e28 (0x0000c299) c.beqz  a3, pc + 6
core   0: 3 0x80005e28 (0xc299)
core   0: 0x80005e2e (0x340026f3) csrr    a3, mscratch
core   0: 3 0x80005e2e (0x340026f3) x13 0x80025ce4
core   0: 0x80005e32 (0x00000108) c.addi4spn a0, sp, 128
core   0: 3 0x80005e32 (0x0108) x10 0x80025d7c
core   0: 0x80005e34 (0x00008d7d) c.and   a0, a5
core   0: 3 0x80005e34 (0x8d7d) x10 0x0000001c
core   0: 0x80005e36 (0xdc5e0c93) addi    s9, t3, -571
core   0: 3 0x80005e36 (0xdc5e0c93) x25 0x80021c29
core   0: 0x80005e3a (0x01e913b3) sll     t2, s2, t5
core   0: 3 0x80005e3a (0x01e913b3) x7  0xe0000000
core   0: 0x80005e3e (0x0143e833) or      a6, t2, s4
core   0: 3 0x80005e3e (0x0143e833) x16 0xe0000000
core   0: 0x80005e42 (0xbfaa3093) sltiu   ra, s4, -1030
core   0: 3 0x80005e42 (0xbfaa3093) x1  0x00000001
core   0: 0x80005e46 (0x5d66bd37) lui     s10, 0x5d66b
core   0: 3 0x80005e46 (0x5d66bd37) x26 0x5d66b000
core   0: 0x80005e4a (0x34006ef3) csrrsi  t4, mscratch, 0
core   0: 3 0x80005e4a (0x34006ef3) x29 0x80025ce4
core   0: 0x80005e4e (0x00004081) c.li    ra, 0
core   0: 3 0x80005e4e (0x4081) x1  0x00000000
core   0: 0x80005e50 (0x0000855d) c.srai  a0, 23
core   0: 3 0x80005e50 (0x855d) x10 0x00000000
core   0: 0x80005e52 (0x3406a573) csrrs   a0, mscratch, a3
core   0: 3 0x80005e52 (0x3406a573) x10 0x80025ce4 c832_mscratch 0x80025ce4
core   0: 0x80005e56 (0x00005c7d) c.li    s8, -1
core   0: 3 0x80005e56 (0x5c7d) x24 0xffffffff
core   0: 0x80005e58 (0x34003ff3) csrrc   t6, mscratch, zero
core   0: 3 0x80005e58 (0x34003ff3) x31 0x80025ce4
core   0: 0x80005e5c (0x00008136) c.mv    sp, a3
core   0: 3 0x80005e5c (0x8136) x2  0x80025ce4
core   0: 0x80005e5e (0xb7308693) addi    a3, ra, -1165
core   0: 3 0x80005e5e (0xb7308693) x13 0xfffffb73
core   0: 0x80005e62 (0x00006d89) c.lui   s11, 0x2
core   0: 3 0x80005e62 (0x6d89) x27 0x00002000
core   0: 0x80005e64 (0x0000811d) c.srli  a0, 7
core   0: 3 0x80005e64 (0x811d) x10 0x010004b9
core   0: 0x80005e66 (0x03c20cb3) mul     s9, tp, t3
core   0: 3 0x80005e66 (0x03c20cb3) x25 0x00000000
core   0: 0x80005e6a (0x011ae263) bltu    s5, a7, pc + 4
core   0: 3 0x80005e6a (0x011ae263)
core   0: 0x80005e6e (0x03f0f233) remu    tp, ra, t6
core   0: 3 0x80005e6e (0x03f0f233) x4  0x00000000
core   0: 0x80005e72 (0x023558b3) divu    a7, a0, gp
core   0: 3 0x80005e72 (0x023558b3) x17 0x010004b9
core   0: 0x80005e76 (0x9abc6a93) ori     s5, s8, -1621
core   0: 3 0x80005e76 (0x9abc6a93) x21 0xffffffff
core   0: 0x80005e7a (0x34002273) csrr    tp, mscratch
core   0: 3 0x80005e7a (0x34002273) x4  0x80025ce4
core   0: 0x80005e7e (0x01bb63b3) or      t2, s6, s11
core   0: 3 0x80005e7e (0x01bb63b3) x7  0x0000a000
core   0: 0x80005e82 (0x0000896e) c.mv    s2, s11
core   0: 3 0x80005e82 (0x896e) x18 0x00002000
core   0: 0x80005e84 (0x02a65b33) divu    s6, a2, a0
core   0: 3 0x80005e84 (0x02a65b33) x22 0x00000080
core   0: 0x80005e88 (0x000092ca) c.add   t0, s2
core   0: 3 0x80005e88 (0x92ca) x5  0x00002000
core   0: 0x80005e8a (0x01f805b3) add     a1, a6, t6
core   0: 3 0x80005e8a (0x01f805b3) x11 0x60025ce4
core   0: 0x80005e8e (0x02b7b6b3) mulhu   a3, a5, a1
core   0: 3 0x80005e8e (0x02b7b6b3) x13 0x0000000a
core   0: 0x80005e92 (0x6655ec13) ori     s8, a1, 1637
core   0: 3 0x80005e92 (0x6655ec13) x24 0x60025ee5
core   0: 0x80005e96 (0x008da133) slt     sp, s11, s0
core   0: 3 0x80005e96 (0x008da133) x2  0x00000000
core   0: 0x80005e9a (0xf56dabb7) lui     s7, 0xf56da
core   0: 3 0x80005e9a (0xf56dabb7) x23 0xf56da000
core   0: 0x80005e9e (0x0000717d) c.addi16sp sp, -16
core   0: 3 0x80005e9e (0x717d) x2  0xfffffff0
core   0: 0x80005ea0 (0x340ff573) csrrci  a0, mscratch, 31
core   0: 3 0x80005ea0 (0x340ff573) x10 0x80025ce4 c832_mscratch 0x80025ce0
core   0: 0x80005ea4 (0x00006d19) c.lui   s10, 0x6
core   0: 3 0x80005ea4 (0x6d19) x26 0x00006000
core   0: 0x80005ea6 (0x00006a65) c.lui   s4, 0x19
core   0: 3 0x80005ea6 (0x6a65) x20 0x00019000
core   0: 0x80005ea8 (0xb9150f93) addi    t6, a0, -1135
core   0: 3 0x80005ea8 (0xb9150f93) x31 0x80025875
core   0: 0x80005eac (0x340a92f3) csrrw   t0, mscratch, s5
core   0: 3 0x80005eac (0x340a92f3) x5  0x80025ce0 c832_mscratch 0xffffffff
core   0: 0x80005eb0 (0x03fa0c33) mul     s8, s4, t6
core   0: 3 0x80005eb0 (0x03fa0c33) x24 0xaa36d000
core   0: 0x80005eb4 (0x018d86b3) add     a3, s11, s8
core   0: 3 0x80005eb4 (0x018d86b3) x13 0xaa36f000
core   0: 0x80005eb8 (0x3a432b97) auipc   s7, 0x3a432
core   0: 3 0x80005eb8 (0x3a432b97) x23 0xba437eb8
core   0: 0x80005ebc (0x01fd90b3) sll     ra, s11, t6
core   0: 3 0x80005ebc (0x01fd90b3) x1  0x00000000
core   0: 0x80005ec0 (0x40d4d5b3) sra     a1, s1, a3
core   0: 3 0x80005ec0 (0x40d4d5b3) x11 0xfe000975
core   0: 0x80005ec4 (0x00006339) c.lui   t1, 0xe
core   0: 3 0x80005ec4 (0x6339) x6  0x0000e000
core   0: 0x80005ec6 (0x00008d99) c.sub   a1, a4
core   0: 3 0x80005ec6 (0x8d99) x11 0xfe000936
core   0: 0x80005ec8 (0x030e1b63) bne     t3, a6, pc + 54
core   0: 3 0x80005ec8 (0x030e1b63)
core   0: 0x80005efe (0x00f40563) beq     s0, a5, pc + 10
core   0: 3 0x80005efe (0x00f40563)
core   0: 0x80005f02 (0x412ddb93) srai    s7, s11, 18
core   0: 3 0x80005f02 (0x412ddb93) x23 0x00000000
core   0: 0x80005f06 (0x00008de9) c.and   a1, a0
core   0: 3 0x80005f06 (0x8de9) x11 0x80000824
core   0: 0x80005f08 (0xcacf56b7) lui     a3, 0xcacf5
core   0: 3 0x80005f08 (0xcacf56b7) x13 0xcacf5000
core   0: 0x80005f0c (0x340113f3) csrrw   t2, mscratch, sp
core   0: 3 0x80005f0c (0x340113f3) x7  0xffffffff c832_mscratch 0xfffffff0
core   0: 0x80005f10 (0x00008319) c.srli  a4, 6
core   0: 3 0x80005f10 (0x8319) x14 0x00000000
core   0: 0x80005f12 (0x415ed233) sra     tp, t4, s5
core   0: 3 0x80005f12 (0x415ed233) x4  0xffffffff
core   0: 0x80005f16 (0xafddc513) xori    a0, s11, -1283
core   0: 3 0x80005f16 (0xafddc513) x10 0xffffdafd
core   0: 0x80005f1a (0x020fc363) bltz    t6, pc + 38
core   0: 3 0x80005f1a (0x020fc363)
core   0: 0x80005f40 (0x017aea33) or      s4, s5, s7
core   0: 3 0x80005f40 (0x017aea33) x20 0xffffffff
core   0: 0x80005f44 (0x000061b1) c.lui   gp, 0xc
core   0: 3 0x80005f44 (0x61b1) x3  0x0000c000
core   0: 0x80005f46 (0x03ebfeb3) remu    t4, s7, t5
core   0: 3 0x80005f46 (0x03ebfeb3) x29 0x00000000
core   0: 0x80005f4a (0x0000e08d) c.bnez  s1, pc + 34
core   0: 3 0x80005f4a (0xe08d)
core   0: 0x80005f6c (0x000086d5) c.srai  a3, 21
core   0: 3 0x80005f6c (0x86d5) x13 0xfffffe56
core   0: 0x80005f6e (0x00006161) c.addi16sp sp, 80
core   0: 3 0x80005f6e (0x6161) x2  0x00000040
core   0: 0x80005f70 (0x340af7f3) csrrci  a5, mscratch, 21
core   0: 3 0x80005f70 (0x340af7f3) x15 0xfffffff0 c832_mscratch 0xffffffe0
core   0: 0x80005f74 (0x0000e399) c.bnez  a5, pc + 6
core   0: 3 0x80005f74 (0xe399)
core   0: 0x80005f7a (0x4153d3b3) sra     t2, t2, s5
core   0: 3 0x80005f7a (0x4153d3b3) x7  0xffffffff
core   0: 0x80005f7e (0x03439a33) mulh    s4, t2, s4
core   0: 3 0x80005f7e (0x03439a33) x20 0x00000000
core   0: 0x80005f82 (0x340b3af3) csrrc   s5, mscratch, s6
core   0: 3 0x80005f82 (0x340b3af3) x21 0xffffffe0 c832_mscratch 0xffffff60
core   0: 0x80005f86 (0x00008a89) c.andi  a3, 2
core   0: 3 0x80005f86 (0x8a89) x13 0x00000002
core   0: 0x80005f88 (0x021429b3) mulhsu  s3, s0, ra
core   0: 3 0x80005f88 (0x021429b3) x19 0x00000000
core   0: 0x80005f8c (0x340ce073) csrsi   mscratch, 25
core   0: 3 0x80005f8c (0x340ce073) c832_mscratch 0xffffff79
core   0: 0x80005f90 (0x405780b3) sub     ra, a5, t0
core   0: 3 0x80005f90 (0x405780b3) x1  0x7ffda310
core   0: 0x80005f94 (0x340a9cf3) csrrw   s9, mscratch, s5
core   0: 3 0x80005f94 (0x340a9cf3) x25 0xffffff79 c832_mscratch 0xffffffe0
core   0: 0x80005f98 (0x340aeb73) csrrsi  s6, mscratch, 21
core   0: 3 0x80005f98 (0x340aeb73) x22 0xffffffe0 c832_mscratch 0xfffffff5
core   0: 0x80005f9c (0x009087b3) add     a5, ra, s1
core   0: 3 0x80005f9c (0x009087b3) x15 0x7dfdac85
core   0: 0x80005fa0 (0x5c0b6d93) ori     s11, s6, 1472
core   0: 3 0x80005fa0 (0x5c0b6d93) x27 0xffffffe0
core   0: 0x80005fa4 (0x00008fcd) c.or    a5, a1
core   0: 3 0x80005fa4 (0x8fcd) x15 0xfdfdaca5
core   0: 0x80005fa6 (0x000082f5) c.srli  a3, 29
core   0: 3 0x80005fa6 (0x82f5) x13 0x00000000
core   0: 0x80005fa8 (0x00008c95) c.sub   s1, a3
core   0: 3 0x80005fa8 (0x8c95) x9  0xfe000975
core   0: 0x80005faa (0x406edf93) srai    t6, t4, 6
core   0: 3 0x80005faa (0x406edf93) x31 0x00000000
core   0: 0x80005fae (0x0334deb3) divu    t4, s1, s3
core   0: 3 0x80005fae (0x0334deb3) x29 0xffffffff
core   0: 0x80005fb2 (0x000082d1) c.srli  a3, 20
core   0: 3 0x80005fb2 (0x82d1) x13 0x00000000
core   0: 0x80005fb4 (0x007dfbb3) and     s7, s11, t2
core   0: 3 0x80005fb4 (0x007dfbb3) x23 0xffffffe0
core   0: 0x80005fb8 (0x0000e58d) c.bnez  a1, pc + 42
core   0: 3 0x80005fb8 (0xe58d)
core   0: 0x80005fe2 (0x0000ed11) c.bnez  a0, pc + 28
core   0: 3 0x80005fe2 (0xed11)
core   0: 0x80005ffe (0x02929933) mulh    s2, t0, s1
core   0: 3 0x80005ffe (0x02929933) x18 0x00fff68b
core   0: 0x80006002 (0x02fbacb3) mulhsu  s9, s7, a5
core   0: 3 0x80006002 (0x02fbacb3) x25 0xffffffe0
core   0: 0x80006006 (0x3408f3f3) csrrci  t2, mscratch, 17
core   0: 3 0x80006006 (0x3408f3f3) x7  0xfffffff5 c832_mscratch 0xffffffe4
core   0: 0x8000600a (0x03c2df33) divu    t5, t0, t3
core   0: 3 0x8000600a (0x03c2df33) x30 0x00000001
core   0: 0x8000600e (0x714d62b7) lui     t0, 0x714d6
core   0: 3 0x8000600e (0x714d62b7) x5  0x714d6000
core   0: 0x80006012 (0x00552fb3) slt     t6, a0, t0
core   0: 3 0x80006012 (0x00552fb3) x31 0x00000001
core   0: 0x80006016 (0x01cc6eb3) or      t4, s8, t3
core   0: 3 0x80006016 (0x01cc6eb3) x29 0xaa36de64
core   0: 0x8000601a (0x40818c33) sub     s8, gp, s0
core   0: 3 0x8000601a (0x40818c33) x24 0x8000c000
core   0: 0x8000601e (0x00e2cc63) blt     t0, a4, pc + 24
core   0: 3 0x8000601e (0x00e2cc63)
core   0: 0x80006022 (0x248e0693) addi    a3, t3, 584
core   0: 3 0x80006022 (0x248e0693) x13 0x800220ac
core   0: 0x80006026 (0x0000eb15) c.bnez  a4, pc + 52
core   0: 3 0x80006026 (0xeb15)
core   0: 0x80006028 (0x00005ffd) c.li    t6, -1
core   0: 3 0x80006028 (0x5ffd) x31 0xffffffff
core   0: 0x8000602a (0x0339f333) remu    t1, s3, s3
core   0: 3 0x8000602a (0x0339f333) x6  0x00000000
core   0: 0x8000602e (0x036bc1b3) div     gp, s7, s6
core   0: 3 0x8000602e (0x036bc1b3) x3  0x00000001
core   0: 0x80006032 (0xf7bf6f13) ori     t5, t5, -133
core   0: 3 0x80006032 (0xf7bf6f13) x30 0xffffff7b
core   0: 0x80006036 (0x41225c13) srai    s8, tp, 18
core   0: 3 0x80006036 (0x41225c13) x24 0xffffffff
core   0: 0x8000603a (0x340aaff3) csrrs   t6, mscratch, s5
core   0: 3 0x8000603a (0x340aaff3) x31 0xffffffe4 c832_mscratch 0xffffffe4
core   0: 0x8000603e (0x001d1033) sll     zero, s10, ra
core   0: 3 0x8000603e (0x001d1033)
core   0: 0x80006042 (0xb4ea7213) andi    tp, s4, -1202
core   0: 3 0x80006042 (0xb4ea7213) x4  0x00000000
core   0: 0x80006046 (0x00389933) sll     s2, a7, gp
core   0: 3 0x80006046 (0x00389933) x18 0x02000972
core   0: 0x8000604a (0x402e0bb3) sub     s7, t3, sp
core   0: 3 0x8000604a (0x402e0bb3) x23 0x80021e24
core   0: 0x8000604e (0x340072f3) csrrci  t0, mscratch, 0
core   0: 3 0x8000604e (0x340072f3) x5  0xffffffe4
core   0: 0x80006052 (0x17234c13) xori    s8, t1, 370
core   0: 3 0x80006052 (0x17234c13) x24 0x00000172
core   0: 0x80006056 (0x00000001) c.nop
core   0: 3 0x80006056 (0x0001)
core   0: 0x80006058 (0x00008f89) c.sub   a5, a0
core   0: 3 0x80006058 (0x8f89) x15 0xfdfdd1a8
core   0: 0x8000605a (0x038c3f33) mulhu   t5, s8, s8
core   0: 3 0x8000605a (0x038c3f33) x30 0x00000000
core   0: 0x8000605e (0x0000622d) c.lui   tp, 0xb
core   0: 3 0x8000605e (0x622d) x4  0x0000b000
core   0: 0x80006060 (0x34001373) csrrw   t1, mscratch, zero
core   0: 3 0x80006060 (0x34001373) x6  0xffffffe4 c832_mscratch 0x00000000
core   0: 0x80006064 (0x01ffc563) blt     t6, t6, pc + 10
core   0: 3 0x80006064 (0x01ffc563)
core   0: 0x80006068 (0x0000100f) fence.i
core   0: 3 0x80006068 (0x0000100f)
core   0: 0x8000606c (0x00000001) c.nop
core   0: 3 0x8000606c (0x0001)
core   0: 0x8000606e (0xb8ef8813) addi    a6, t6, -1138
core   0: 3 0x8000606e (0xb8ef8813) x16 0xfffffb72
core   0: 0x80006072 (0x0254df33) divu    t5, s1, t0
core   0: 3 0x80006072 (0x0254df33) x30 0x00000000
core   0: 0x80006076 (0x0000100f) fence.i
core   0: 3 0x80006076 (0x0000100f)
core   0: 0x8000607a (0x00001b1c) c.addi4spn a5, sp, 432
core   0: 3 0x8000607a (0x1b1c) x15 0x000001f0
core   0: 0x8000607c (0x00000001) c.nop
core   0: 3 0x8000607c (0x0001)
core   0: 0x8000607e (0x017b5e93) srli    t4, s6, 23
core   0: 3 0x8000607e (0x017b5e93) x29 0x000001ff
core   0: 0x80006082 (0x00008575) c.srai  a0, 29
core   0: 3 0x80006082 (0x8575) x10 0xffffffff
core   0: 0x80006084 (0x017fdd13) srli    s10, t6, 23
core   0: 3 0x80006084 (0x017fdd13) x26 0x000001ff
core   0: 0x80006088 (0x00a398b3) sll     a7, t2, a0
core   0: 3 0x80006088 (0x00a398b3) x17 0x80000000
core   0: 0x8000608c (0x00008be5) c.andi  a5, 25
core   0: 3 0x8000608c (0x8be5) x15 0x00000010
core   0: 0x8000608e (0x03538463) beq     t2, s5, pc + 40
core   0: 3 0x8000608e (0x03538463)
core   0: 0x80006092 (0x00004b95) c.li    s7, 5
core   0: 3 0x80006092 (0x4b95) x23 0x00000005
core   0: 0x80006094 (0x02681d63) bne     a6, t1, pc + 58
core   0: 3 0x80006094 (0x02681d63)
core   0: 0x800060ce (0x00000ba9) c.addi  s7, 10
core   0: 3 0x800060ce (0x0ba9) x23 0x0000000f
core   0: 0x800060d0 (0x005d17b3) sll     a5, s10, t0
core   0: 3 0x800060d0 (0x005d17b3) x15 0x00001ff0
core   0: 0x800060d4 (0x340e1df3) csrrw   s11, mscratch, t3
core   0: 3 0x800060d4 (0x340e1df3) x27 0x00000000 c832_mscratch 0x80021e64
core   0: 0x800060d8 (0xf37d0d13) addi    s10, s10, -201
core   0: 3 0x800060d8 (0xf37d0d13) x26 0x00000136
core   0: 0x800060dc (0x00004751) c.li    a4, 20
core   0: 3 0x800060dc (0x4751) x14 0x00000014
core   0: 0x800060de (0x340e3973) csrrc   s2, mscratch, t3
core   0: 3 0x800060de (0x340e3973) x18 0x80021e64 c832_mscratch 0x00000000
core   0: 0x800060e2 (0x0328f2b3) remu    t0, a7, s2
core   0: 3 0x800060e2 (0x0328f2b3) x5  0x80000000
core   0: 0x800060e6 (0x0000100f) fence.i
core   0: 3 0x800060e6 (0x0000100f)
core   0: 0x800060ea (0xcb2f3f13) sltiu   t5, t5, -846
core   0: 3 0x800060ea (0xcb2f3f13) x30 0x00000001
core   0: 0x800060ee (0x00006bf5) c.lui   s7, 0x1d
core   0: 3 0x800060ee (0x6bf5) x23 0x0001d000
core   0: 0x800060f0 (0x340e5873) csrrwi  a6, mscratch, 28
core   0: 3 0x800060f0 (0x340e5873) x16 0x00000000 c832_mscratch 0x0000001c
core   0: 0x800060f4 (0x00871663) bne     a4, s0, pc + 12
core   0: 3 0x800060f4 (0x00871663)
core   0: 0x80006100 (0x02b04d33) div     s10, zero, a1
core   0: 3 0x80006100 (0x02b04d33) x26 0x00000000
core   0: 0x80006104 (0x00000001) c.nop
core   0: 3 0x80006104 (0x0001)
core   0: 0x80006106 (0x0137b033) sltu    zero, a5, s3
core   0: 3 0x80006106 (0x0137b033)
core   0: 0x8000610a (0x0000e19d) c.bnez  a1, pc + 38
core   0: 3 0x8000610a (0xe19d)
core   0: 0x80006130 (0x00008d31) c.xor   a0, a2
core   0: 3 0x80006130 (0x8d31) x10 0x7ffda31b
core   0: 0x80006132 (0x0000c599) c.beqz  a1, pc + 14
core   0: 3 0x80006132 (0xc599)
core   0: 0x80006134 (0x0000828d) c.srli  a3, 3
core   0: 3 0x80006134 (0x828d) x13 0x10004415
core   0: 0x80006136 (0x00000001) c.nop
core   0: 3 0x80006136 (0x0001)
core   0: 0x80006138 (0x02d41733) mulh    a4, s0, a3
core   0: 3 0x80006138 (0x02d41733) x14 0xf7ffddf5
core   0: 0x8000613c (0x01c872b3) and     t0, a6, t3
core   0: 3 0x8000613c (0x01c872b3) x5  0x00000000
core   0: 0x80006140 (0x340a9df3) csrrw   s11, mscratch, s5
core   0: 3 0x80006140 (0x340a9df3) x27 0x0000001c c832_mscratch 0xffffffe0
core   0: 0x80006144 (0x01f5e0b3) or      ra, a1, t6
core   0: 3 0x80006144 (0x01f5e0b3) x1  0xffffffe4
core   0: 0x80006148 (0x00009ec6) c.add   t4, a7
core   0: 3 0x80006148 (0x9ec6) x29 0x800001ff
core   0: 0x8000614a (0x010d6cb3) or      s9, s10, a6
core   0: 3 0x8000614a (0x010d6cb3) x25 0x00000000
core   0: 0x8000614e (0x01f7b0b3) sltu    ra, a5, t6
core   0: 3 0x8000614e (0x01f7b0b3) x1  0x00000001
core   0: 0x80006152 (0x34005873) csrrwi  a6, mscratch, 0
core   0: 3 0x80006152 (0x34005873) x16 0xffffffe0 c832_mscratch 0x00000000
core   0: 0x80006156 (0xba050293) addi    t0, a0, -1120
core   0: 3 0x80006156 (0xba050293) x5  0x7ffd9ebb
core   0: 0x8000615a (0x001a8233) add     tp, s5, ra
core   0: 3 0x8000615a (0x001a8233) x4  0xffffffe1
core   0: 0x8000615e (0x0000e085) c.bnez  s1, pc + 32
core   0: 3 0x8000615e (0xe085)
core   0: 0x8000617e (0x03464933) div     s2, a2, s4
core   0: 3 0x8000617e (0x03464933) x18 0xffffffff
core   0: 0x80006182 (0x0392db63) bge     t0, s9, pc + 54
core   0: 3 0x80006182 (0x0392db63)
core   0: 0x800061b8 (0x00bcf833) and     a6, s9, a1
core   0: 3 0x800061b8 (0x00bcf833) x16 0x00000000
core   0: 0x800061bc (0x19210893) addi    a7, sp, 402
core   0: 3 0x800061bc (0x19210893) x17 0x000001d2
core   0: 0x800061c0 (0x027798b3) mulh    a7, a5, t2
core   0: 3 0x800061c0 (0x027798b3) x17 0xffffffff
core   0: 0x800061c4 (0x00001efd) c.addi  t4, -1
core   0: 3 0x800061c4 (0x1efd) x29 0x800001fe
core   0: 0x800061c6 (0x340ca273) csrrs   tp, mscratch, s9
core   0: 3 0x800061c6 (0x340ca273) x4  0x00000000 c832_mscratch 0x00000000
core   0: 0x800061ca (0x410d5d33) sra     s10, s10, a6
core   0: 3 0x800061ca (0x410d5d33) x26 0x00000000
core   0: 0x800061ce (0x00000be6) c.slli  s7, 25
core   0: 3 0x800061ce (0x0be6) x23 0x00000000
core   0: 0x800061d0 (0x034f6db3) rem     s11, t5, s4
core   0: 3 0x800061d0 (0x034f6db3) x27 0x00000001
core   0: 0x800061d4 (0x2951f193) andi    gp, gp, 661
core   0: 3 0x800061d4 (0x2951f193) x3  0x00000001
core   0: 0x800061d8 (0xba6ca993) slti    s3, s9, -1114
core   0: 3 0x800061d8 (0xba6ca993) x19 0x00000000
core   0: 0x800061dc (0x40225793) srai    a5, tp, 2
core   0: 3 0x800061dc (0x40225793) x15 0x00000000
core   0: 0x800061e0 (0x40118b33) sub     s6, gp, ra
core   0: 3 0x800061e0 (0x40118b33) x22 0x00000000
core   0: 0x800061e4 (0x41b183b3) sub     t2, gp, s11
core   0: 3 0x800061e4 (0x41b183b3) x7  0x00000000
core   0: 0x800061e8 (0xcae0c393) xori    t2, ra, -850
core   0: 3 0x800061e8 (0xcae0c393) x7  0xfffffcaf
core   0: 0x800061ec (0x01c91113) slli    sp, s2, 28
core   0: 3 0x800061ec (0x01c91113) x2  0xf0000000
core   0: 0x800061f0 (0x5c584397) auipc   t2, 0x5c584
core   0: 3 0x800061f0 (0x5c584397) x7  0xdc58a1f0
core   0: 0x800061f4 (0x02b5f263) bgeu    a1, a1, pc + 36
core   0: 3 0x800061f4 (0x02b5f263)
core   0: 0x80006218 (0x03b329b3) mulhsu  s3, t1, s11
core   0: 3 0x80006218 (0x03b329b3) x19 0xffffffff
core   0: 0x8000621c (0x00000001) c.nop
core   0: 3 0x8000621c (0x0001)
core   0: 0x8000621e (0x01d5bdb3) sltu    s11, a1, t4
core   0: 3 0x8000621e (0x01d5bdb3) x27 0x00000000
core   0: 0x80006222 (0x00c8c7b3) xor     a5, a7, a2
core   0: 3 0x80006222 (0x00c8c7b3) x15 0x7ffda31b
core   0: 0x80006226 (0x02f22333) mulhsu  t1, tp, a5
core   0: 3 0x80006226 (0x02f22333) x6  0x00000000
core   0: 0x8000622a (0xf9edea93) ori     s5, s11, -98
core   0: 3 0x8000622a (0xf9edea93) x21 0xffffff9e
core   0: 0x8000622e (0x00000fca) c.slli  t6, 18
core   0: 3 0x8000622e (0x0fca) x31 0xff900000
core   0: 0x80006230 (0x00458db3) add     s11, a1, tp
core   0: 3 0x80006230 (0x00458db3) x27 0x80000824
core   0: 0x80006234 (0x00000001) c.nop
core   0: 3 0x80006234 (0x0001)
core   0: 0x80006236 (0x34056273) csrrsi  tp, mscratch, 10
core   0: 3 0x80006236 (0x34056273) x4  0x00000000 c832_mscratch 0x0000000a
core   0: 0x8000623a (0x00a2bfb3) sltu    t6, t0, a0
core   0: 3 0x8000623a (0x00a2bfb3) x31 0x00000001
core   0: 0x8000623e (0x404d03b3) sub     t2, s10, tp
core   0: 3 0x8000623e (0x404d03b3) x7  0x00000000
core   0: 0x80006242 (0x031029b3) mulhsu  s3, zero, a7
core   0: 3 0x80006242 (0x031029b3) x19 0x00000000
core   0: 0x80006246 (0x01f92ab3) slt     s5, s2, t6
core   0: 3 0x80006246 (0x01f92ab3) x21 0x00000001
core   0: 0x8000624a (0x340f1373) csrrw   t1, mscratch, t5
core   0: 3 0x8000624a (0x340f1373) x6  0x0000000a c832_mscratch 0x00000001
core   0: 0x8000624e (0x00776463) bltu    a4, t2, pc + 8
core   0: 3 0x8000624e (0x00776463)
core   0: 0x80006252 (0x00486263) bltu    a6, tp, pc + 4
core   0: 3 0x80006252 (0x00486263)
core   0: 0x80006256 (0x00006155) c.addi16sp sp, 304
core   0: 3 0x80006256 (0x6155) x2  0xf0000130
core   0: 0x80006258 (0x00008d29) c.xor   a0, a0
core   0: 3 0x80006258 (0x8d29) x10 0x00000000
core   0: 0x8000625a (0x00001f9c) c.addi4spn a5, sp, 1008
core   0: 3 0x8000625a (0x1f9c) x15 0xf0000520
core   0: 0x8000625c (0x90818a93) addi    s5, gp, -1784
core   0: 3 0x8000625c (0x90818a93) x21 0xfffff909
core   0: 0x80006260 (0x02facd33) div     s10, s5, a5
core   0: 3 0x80006260 (0x02facd33) x26 0x00000000
core   0: 0x80006264 (0x34003973) csrrc   s2, mscratch, zero
core   0: 3 0x80006264 (0x34003973) x18 0x00000001
core   0: 0x80006268 (0x0000100f) fence.i
core   0: 3 0x80006268 (0x0000100f)
core   0: 0x8000626c (0x00005cfd) c.li    s9, -1
core   0: 3 0x8000626c (0x5cfd) x25 0xffffffff
core   0: 0x8000626e (0x000098fd) c.andi  s1, -1
core   0: 3 0x8000626e (0x98fd) x9  0xfe000975
core   0: 0x80006270 (0x0000100f) fence.i
core   0: 3 0x80006270 (0x0000100f)
core   0: 0x80006274 (0x020050b3) divu    ra, zero, zero
core   0: 3 0x80006274 (0x020050b3) x1  0xffffffff
core   0: 0x80006278 (0x0348c3b3) div     t2, a7, s4
core   0: 3 0x80006278 (0x0348c3b3) x7  0xffffffff
core   0: 0x8000627c (0x0000857e) c.mv    a0, t6
core   0: 3 0x8000627c (0x857e) x10 0x00000001
core   0: 0x8000627e (0x02e9db33) divu    s6, s3, a4
core   0: 3 0x8000627e (0x02e9db33) x22 0x00000000
core   0: 0x80006282 (0x03a743b3) div     t2, a4, s10
core   0: 3 0x80006282 (0x03a743b3) x7  0xffffffff
core   0: 0x80006286 (0x03e9b9b3) mulhu   s3, s3, t5
core   0: 3 0x80006286 (0x03e9b9b3) x19 0x00000000
core   0: 0x8000628a (0x00008e89) c.sub   a3, a0
core   0: 3 0x8000628a (0x8e89) x13 0x10004414
core   0: 0x8000628c (0x34006973) csrrsi  s2, mscratch, 0
core   0: 3 0x8000628c (0x34006973) x18 0x00000001
core   0: 0x80006290 (0x00000001) c.nop
core   0: 3 0x80006290 (0x0001)
core   0: 0x80006292 (0x000019fd) c.addi  s3, -1
core   0: 3 0x80006292 (0x19fd) x19 0xffffffff
core   0: 0x80006294 (0x00008fdd) c.or    a5, a5
core   0: 3 0x80006294 (0x8fdd) x15 0xf0000520
core   0: 0x80006296 (0x01a09db3) sll     s11, ra, s10
core   0: 3 0x80006296 (0x01a09db3) x27 0xffffffff
core   0: 0x8000629a (0x006a16b3) sll     a3, s4, t1
core   0: 3 0x8000629a (0x006a16b3) x13 0x00000000
core   0: 0x8000629e (0x723a2c13) slti    s8, s4, 1827
core   0: 3 0x8000629e (0x723a2c13) x24 0x00000001
core   0: 0x800062a2 (0x000084b5) c.srai  s1, 13
core   0: 3 0x800062a2 (0x84b5) x9  0xfffff000
core   0: 0x800062a4 (0xe537b713) sltiu   a4, a5, -429
core   0: 3 0x800062a4 (0xe537b713) x14 0x00000001
core   0: 0x800062a8 (0x01462333) slt     t1, a2, s4
core   0: 3 0x800062a8 (0x01462333) x6  0x00000001
core   0: 0x800062ac (0x00009762) c.add   a4, s8
core   0: 3 0x800062ac (0x9762) x14 0x00000002
core   0: 0x800062ae (0x34016c73) csrrsi  s8, mscratch, 2
core   0: 3 0x800062ae (0x34016c73) x24 0x00000001 c832_mscratch 0x00000003
core   0: 0x800062b2 (0x00001518) c.addi4spn a4, sp, 672
core   0: 3 0x800062b2 (0x1518) x14 0xf00003d0
core   0: 0x800062b4 (0x9a63ba13) sltiu   s4, t2, -1626
core   0: 3 0x800062b4 (0x9a63ba13) x20 0x00000000
core   0: 0x800062b8 (0x001c3fb3) sltu    t6, s8, ra
core   0: 3 0x800062b8 (0x001c3fb3) x31 0x00000001
core   0: 0x800062bc (0x02bff663) bgeu    t6, a1, pc + 44
core   0: 3 0x800062bc (0x02bff663)
core   0: 0x800062c0 (0x340036f3) csrrc   a3, mscratch, zero
core   0: 3 0x800062c0 (0x340036f3) x13 0x00000003
core   0: 0x800062c4 (0x01a769b3) or      s3, a4, s10
core   0: 3 0x800062c4 (0x01a769b3) x19 0xf00003d0
core   0: 0x800062c8 (0xa2510693) addi    a3, sp, -1499
core   0: 3 0x800062c8 (0xa2510693) x13 0xeffffb55
core   0: 0x800062cc (0x00000c2d) c.addi  s8, 11
core   0: 3 0x800062cc (0x0c2d) x24 0x0000000c
core   0: 0x800062ce (0x00006189) c.lui   gp, 0x2
core   0: 3 0x800062ce (0x6189) x3  0x00002000
core   0: 0x800062d0 (0x00008de1) c.and   a1, s0
core   0: 3 0x800062d0 (0x8de1) x11 0x80000000
core   0: 0x800062d2 (0x417a51b3) sra     gp, s4, s7
core   0: 3 0x800062d2 (0x417a51b3) x3  0x00000000
core   0: 0x800062d6 (0x3401f7f3) csrrci  a5, mscratch, 3
core   0: 3 0x800062d6 (0x3401f7f3) x15 0x00000003 c832_mscratch 0x00000000
core   0: 0x800062da (0x01a06db3) or      s11, zero, s10
core   0: 3 0x800062da (0x01a06db3) x27 0x00000000
core   0: 0x800062de (0x033a0cb3) mul     s9, s4, s3
core   0: 3 0x800062de (0x033a0cb3) x25 0x00000000
core   0: 0x800062e2 (0x34002af3) csrr    s5, mscratch
core   0: 3 0x800062e2 (0x34002af3) x21 0x00000000
core   0: 0x800062e6 (0x00008311) c.srli  a4, 4
core   0: 3 0x800062e6 (0x8311) x14 0x0f00003d
core   0: 0x800062e8 (0x40498233) sub     tp, s3, tp
core   0: 3 0x800062e8 (0x40498233) x4  0xf00003d0
core   0: 0x800062ec (0x00006ab1) c.lui   s5, 0xc
core   0: 3 0x800062ec (0x6ab1) x21 0x0000c000
core   0: 0x800062ee (0x340f59f3) csrrwi  s3, mscratch, 30
core   0: 3 0x800062ee (0x340f59f3) x19 0x00000000 c832_mscratch 0x0000001e
core   0: 0x800062f2 (0x03998c33) mul     s8, s3, s9
core   0: 3 0x800062f2 (0x03998c33) x24 0x00000000
core   0: 0x800062f6 (0x00a55813) srli    a6, a0, 10
core   0: 3 0x800062f6 (0x00a55813) x16 0x00000000
core   0: 0x800062fa (0x0000100f) fence.i
core   0: 3 0x800062fa (0x0000100f)
core   0: 0x800062fe (0x009b8463) beq     s7, s1, pc + 8
core   0: 3 0x800062fe (0x009b8463)
core   0: 0x80006302 (0x34007bf3) csrrci  s7, mscratch, 0
core   0: 3 0x80006302 (0x34007bf3) x23 0x0000001e
core   0: 0x80006306 (0xf13df693) andi    a3, s11, -237
core   0: 3 0x80006306 (0xf13df693) x13 0x00000000
core   0: 0x8000630a (0x03ed2cb3) mulhsu  s9, s10, t5
core   0: 3 0x8000630a (0x03ed2cb3) x25 0x00000000
core   0: 0x8000630e (0x011f1bb3) sll     s7, t5, a7
core   0: 3 0x8000630e (0x011f1bb3) x23 0x80000000
core   0: 0x80006312 (0x34086af3) csrrsi  s5, mscratch, 16
core   0: 3 0x80006312 (0x34086af3) x21 0x0000001e c832_mscratch 0x0000001e
core   0: 0x80006316 (0x05e94163) blt     s2, t5, pc + 66
core   0: 3 0x80006316 (0x05e94163)
core   0: 0x8000631a (0x02c51133) mulh    sp, a0, a2
core   0: 3 0x8000631a (0x02c51133) x2  0xffffffff
core   0: 0x8000631e (0x00000b31) c.addi  s6, 12
core   0: 3 0x8000631e (0x0b31) x22 0x0000000c
core   0: 0x80006320 (0x0037e963) bltu    a5, gp, pc + 18
core   0: 3 0x80006320 (0x0037e963)
core   0: 0x80006324 (0x00009d0a) c.add   s10, sp
core   0: 3 0x80006324 (0x9d0a) x26 0xffffffff
core   0: 0x80006326 (0x00000ee6) c.slli  t4, 25
core   0: 3 0x80006326 (0x0ee6) x29 0xfc000000
core   0: 0x80006328 (0x0000615d) c.addi16sp sp, 432
core   0: 3 0x80006328 (0x615d) x2  0x000001af
core   0: 0x8000632a (0x00ec1db3) sll     s11, s8, a4
core   0: 3 0x8000632a (0x00ec1db3) x27 0x00000000
core   0: 0x8000632e (0x340d54f3) csrrwi  s1, mscratch, 26
core   0: 3 0x8000632e (0x340d54f3) x9  0x0000001e c832_mscratch 0x0000001a
core   0: 0x80006332 (0x000080c9) c.srli  s1, 18
core   0: 3 0x80006332 (0x80c9) x9  0x00000000
core   0: 0x80006334 (0x0000717d) c.addi16sp sp, -16
core   0: 3 0x80006334 (0x717d) x2  0x0000019f
core   0: 0x80006336 (0x34002773) csrr    a4, mscratch
core   0: 3 0x80006336 (0x34002773) x14 0x0000001a
core   0: 0x8000633a (0x024be933) rem     s2, s7, tp
core   0: 3 0x8000633a (0x024be933) x18 0xffffe180
core   0: 0x8000633e (0x000085b9) c.srai  a1, 14
core   0: 3 0x8000633e (0x85b9) x11 0xfffe0000
core   0: 0x80006340 (0x0ff0000f) fence   iorw,iorw
core   0: 3 0x80006340 (0x0ff0000f)
core   0: 0x80006344 (0x000de463) bltu    s11, zero, pc + 8
core   0: 3 0x80006344 (0x000de463)
core   0: 0x80006348 (0x0ff0000f) fence   iorw,iorw
core   0: 3 0x80006348 (0x0ff0000f)
core   0: 0x8000634c (0x4160dc33) sra     s8, ra, s6
core   0: 3 0x8000634c (0x4160dc33) x24 0xffffffff
core   0: 0x80006350 (0x03eb5f33) divu    t5, s6, t5
core   0: 3 0x80006350 (0x03eb5f33) x30 0x0000000c
core   0: 0x80006354 (0x01493233) sltu    tp, s2, s4
core   0: 3 0x80006354 (0x01493233) x4  0x00000000
core   0: 0x80006358 (0xe5130b37) lui     s6, 0xe5130
core   0: 3 0x80006358 (0xe5130b37) x22 0xe5130000
core   0: 0x8000635c (0x00008fe5) c.and   a5, s1
core   0: 3 0x8000635c (0x8fe5) x15 0x00000000
core   0: 0x8000635e (0x34006bf3) csrrsi  s7, mscratch, 0
core   0: 3 0x8000635e (0x34006bf3) x23 0x0000001a
core   0: 0x80006362 (0x00008fe9) c.and   a5, a0
core   0: 3 0x80006362 (0x8fe9) x15 0x00000000
core   0: 0x80006364 (0x00d92b33) slt     s6, s2, a3
core   0: 3 0x80006364 (0x00d92b33) x22 0x00000001
core   0: 0x80006368 (0x032166b3) rem     a3, sp, s2
core   0: 3 0x80006368 (0x032166b3) x13 0x0000019f
core   0: 0x8000636c (0x037fafb3) mulhsu  t6, t6, s7
core   0: 3 0x8000636c (0x037fafb3) x31 0x00000000
core   0: 0x80006370 (0x3403a0f3) csrrs   ra, mscratch, t2
core   0: 3 0x80006370 (0x3403a0f3) x1  0x0000001a c832_mscratch 0xffffffff
core   0: 0x80006374 (0x00000001) c.nop
core   0: 3 0x80006374 (0x0001)
core   0: 0x80006376 (0x0304dbb3) divu    s7, s1, a6
core   0: 3 0x80006376 (0x0304dbb3) x23 0xffffffff
core   0: 0x8000637a (0x00000001) c.nop
core   0: 3 0x8000637a (0x0001)
core   0: 0x8000637c (0x24bc7137) lui     sp, 0x24bc7
core   0: 3 0x8000637c (0x24bc7137) x2  0x24bc7000
core   0: 0x80006380 (0x00008da5) c.xor   a1, s1
core   0: 3 0x80006380 (0x8da5) x11 0xfffe0000
core   0: 0x80006382 (0x00009762) c.add   a4, s8
core   0: 3 0x80006382 (0x9762) x14 0x00000019
core   0: 0x80006384 (0x00d84563) blt     a6, a3, pc + 10
core   0: 3 0x80006384 (0x00d84563)
core   0: 0x8000638e (0x0000021e) c.slli  tp, 7
core   0: 3 0x8000638e (0x021e) x4  0x00000000
core   0: 0x80006390 (0x00008d99) c.sub   a1, a4
core   0: 3 0x80006390 (0x8d99) x11 0xfffdffe7
core   0: 0x80006392 (0x401fd913) srai    s2, t6, 1
core   0: 3 0x80006392 (0x401fd913) x18 0x00000000
core   0: 0x80006396 (0x00000716) c.slli  a4, 5
core   0: 3 0x80006396 (0x0716) x14 0x00000320
core   0: 0x80006398 (0x00ae5793) srli    a5, t3, 10
core   0: 3 0x80006398 (0x00ae5793) x15 0x00200087
core   0: 0x8000639c (0x01193fb3) sltu    t6, s2, a7
core   0: 3 0x8000639c (0x01193fb3) x31 0x00000001
core   0: 0x800063a0 (0x0343d9b3) divu    s3, t2, s4
core   0: 3 0x800063a0 (0x0343d9b3) x19 0xffffffff
core   0: 0x800063a4 (0x00004cfd) c.li    s9, 31
core   0: 3 0x800063a4 (0x4cfd) x25 0x0000001f
core   0: 0x800063a6 (0x34059c73) csrrw   s8, mscratch, a1
core   0: 3 0x800063a6 (0x34059c73) x24 0xffffffff c832_mscratch 0xfffdffe7
core   0: 0x800063aa (0x017bc033) xor     zero, s7, s7
core   0: 3 0x800063aa (0x017bc033)
core   0: 0x800063ae (0x01805c63) bge     zero, s8, pc + 24
core   0: 3 0x800063ae (0x01805c63)
core   0: 0x800063c6 (0x00008e95) c.sub   a3, a3
core   0: 3 0x800063c6 (0x8e95) x13 0x00000000
core   0: 0x800063c8 (0xd8448d93) addi    s11, s1, -636
core   0: 3 0x800063c8 (0xd8448d93) x27 0xfffffd84
core   0: 0x800063cc (0x0fe17813) andi    a6, sp, 254
core   0: 3 0x800063cc (0x0fe17813) x16 0x00000000
core   0: 0x800063d0 (0x03daf463) bgeu    s5, t4, pc + 40
core   0: 3 0x800063d0 (0x03daf463)
core   0: 0x800063d4 (0x340c2273) csrrs   tp, mscratch, s8
core   0: 3 0x800063d4 (0x340c2273) x4  0xfffdffe7 c832_mscratch 0xffffffff
core   0: 0x800063d8 (0x03c305b3) mul     a1, t1, t3
core   0: 3 0x800063d8 (0x03c305b3) x11 0x80021e64
core   0: 0x800063dc (0x02233c33) mulhu   s8, t1, sp
core   0: 3 0x800063dc (0x02233c33) x24 0x00000000
core   0: 0x800063e0 (0x021cc333) div     t1, s9, ra
core   0: 3 0x800063e0 (0x021cc333) x6  0x00000001
core   0: 0x800063e4 (0x0000117d) c.addi  sp, -1
core   0: 3 0x800063e4 (0x117d) x2  0x24bc6fff
core   0: 0x800063e6 (0x34007073) csrci   mscratch, 0
core   0: 3 0x800063e6 (0x34007073)
core   0: 0x800063ea (0x000066b1) c.lui   a3, 0xc
core   0: 3 0x800063ea (0x66b1) x13 0x0000c000
core   0: 0x800063ec (0x01e458b3) srl     a7, s0, t5
core   0: 3 0x800063ec (0x01e458b3) x17 0x00080000
core   0: 0x800063f0 (0x01cac9b3) xor     s3, s5, t3
core   0: 3 0x800063f0 (0x01cac9b3) x19 0x80021e7a
core   0: 0x800063f4 (0x0121fc33) and     s8, gp, s2
core   0: 3 0x800063f4 (0x0121fc33) x24 0x00000000
core   0: 0x800063f8 (0x41085b93) srai    s7, a6, 16
core   0: 3 0x800063f8 (0x41085b93) x23 0x00000000
core   0: 0x800063fc (0x00008351) c.srli  a4, 20
core   0: 3 0x800063fc (0x8351) x14 0x00000000
core   0: 0x800063fe (0xcb9d2c13) slti    s8, s10, -839
core   0: 3 0x800063fe (0xcb9d2c13) x24 0x00000000
core   0: 0x80006402 (0x055e6363) bltu    t3, s5, pc + 70
core   0: 3 0x80006402 (0x055e6363)
core   0: 0x80006406 (0x0174e563) bltu    s1, s7, pc + 10
core   0: 3 0x80006406 (0x0174e563)
core   0: 0x8000640a (0x00008131) c.srli  a0, 12
core   0: 3 0x8000640a (0x8131) x10 0x00000000
core   0: 0x8000640c (0x013b4c63) blt     s6, s3, pc + 24
core   0: 3 0x8000640c (0x013b4c63)
core   0: 0x80006410 (0x00008f39) c.xor   a4, a4
core   0: 3 0x80006410 (0x8f39) x14 0x00000000
core   0: 0x80006412 (0x02e1b233) mulhu   tp, gp, a4
core   0: 3 0x80006412 (0x02e1b233) x4  0x00000000
core   0: 0x80006416 (0x0116e9b3) or      s3, a3, a7
core   0: 3 0x80006416 (0x0116e9b3) x19 0x0008c000
core   0: 0x8000641a (0x029471b3) remu    gp, s0, s1
core   0: 3 0x8000641a (0x029471b3) x3  0x80000000
core   0: 0x8000641e (0x00008c89) c.sub   s1, a0
core   0: 3 0x8000641e (0x8c89) x9  0x00000000
core   0: 0x80006420 (0x02d72a33) mulhsu  s4, a4, a3
core   0: 3 0x80006420 (0x02d72a33) x20 0x00000000
core   0: 0x80006424 (0x0132cb33) xor     s6, t0, s3
core   0: 3 0x80006424 (0x0132cb33) x22 0x7ff55ebb
core   0: 0x80006428 (0x0030e363) bltu    ra, gp, pc + 6
core   0: 3 0x80006428 (0x0030e363)
core   0: 0x8000642e (0x340a6a73) csrrsi  s4, mscratch, 20
core   0: 3 0x8000642e (0x340a6a73) x20 0xffffffff c832_mscratch 0xffffffff
core   0: 0x80006432 (0x00000001) c.nop
core   0: 3 0x80006432 (0x0001)
core   0: 0x80006434 (0x7b332b13) slti    s6, t1, 1971
core   0: 3 0x80006434 (0x7b332b13) x22 0x00000001
core   0: 0x80006438 (0x0358fa33) remu    s4, a7, s5
core   0: 3 0x80006438 (0x0358fa33) x20 0x00000008
core   0: 0x8000643c (0x340679f3) csrrci  s3, mscratch, 12
core   0: 3 0x8000643c (0x340679f3) x19 0xffffffff c832_mscratch 0xfffffff3
core   0: 0x80006440 (0x7496e993) ori     s3, a3, 1865
core   0: 3 0x80006440 (0x7496e993) x19 0x0000c749
core   0: 0x80006444 (0x0276d063) bge     a3, t2, pc + 32
core   0: 3 0x80006444 (0x0276d063)
core   0: 0x80006464 (0x41a00333) sub     t1, zero, s10
core   0: 3 0x80006464 (0x41a00333) x6  0x00000001
core   0: 0x80006468 (0x00000d98) c.addi4spn a4, sp, 720
core   0: 3 0x80006468 (0x0d98) x14 0x24bc72cf
core   0: 0x8000646a (0x00004c7d) c.li    s8, 31
core   0: 3 0x8000646a (0x4c7d) x24 0x0000001f
core   0: 0x8000646c (0x000082b5) c.srli  a3, 13
core   0: 3 0x8000646c (0x82b5) x13 0x00000006
core   0: 0x8000646e (0x02e9b533) mulhu   a0, s3, a4
core   0: 3 0x8000646e (0x02e9b533) x10 0x00001c98
core   0: 0x80006472 (0x340d30f3) csrrc   ra, mscratch, s10
core   0: 3 0x80006472 (0x340d30f3) x1  0xfffffff3 c832_mscratch 0x00000000
core   0: 0x80006476 (0x69032213) slti    tp, t1, 1680
core   0: 3 0x80006476 (0x69032213) x4  0x00000001
core   0: 0x8000647a (0x026bd363) bge     s7, t1, pc + 38
core   0: 3 0x8000647a (0x026bd363)
core   0: 0x8000647e (0x00001d84) c.addi4spn s1, sp, 752
core   0: 3 0x8000647e (0x1d84) x9  0x24bc72ef
core   0: 0x80006480 (0x000006de) c.slli  a3, 23
core   0: 3 0x80006480 (0x06de) x13 0x03000000
core   0: 0x80006482 (0x00008c85) c.sub   s1, s1
core   0: 3 0x80006482 (0x8c85) x9  0x00000000
core   0: 0x80006484 (0x01c35c33) srl     s8, t1, t3
core   0: 3 0x80006484 (0x01c35c33) x24 0x00000000
core   0: 0x80006488 (0x34006773) csrrsi  a4, mscratch, 0
core   0: 3 0x80006488 (0x34006773) x14 0x00000000
core   0: 0x8000648c (0x02b75533) divu    a0, a4, a1
core   0: 3 0x8000648c (0x02b75533) x10 0x00000000
core   0: 0x80006490 (0x0134e033) or      zero, s1, s3
core   0: 3 0x80006490 (0x0134e033)
core   0: 0x80006494 (0x02710233) mul     tp, sp, t2
core   0: 3 0x80006494 (0x02710233) x4  0xdb439001
core   0: 0x80006498 (0x030e5db3) divu    s11, t3, a6
core   0: 3 0x80006498 (0x030e5db3) x27 0xffffffff
core   0: 0x8000649c (0x02287e63) bgeu    a6, sp, pc + 60
core   0: 3 0x8000649c (0x02287e63)
core   0: 0x800064a0 (0x039f8463) beq     t6, s9, pc + 40
core   0: 3 0x800064a0 (0x039f8463)
core   0: 0x800064a4 (0x02430033) mul     zero, t1, tp
core   0: 3 0x800064a4 (0x02430033)
core   0: 0x800064a8 (0x00896263) bltu    s2, s0, pc + 4
core   0: 3 0x800064a8 (0x00896263)
core   0: 0x800064ac (0x00008fdd) c.or    a5, a5
core   0: 3 0x800064ac (0x8fdd) x15 0x00200087
core   0: 0x800064ae (0x290dff37) lui     t5, 0x290df
core   0: 3 0x800064ae (0x290dff37) x30 0x290df000
core   0: 0x800064b2 (0x00008f35) c.xor   a4, a3
core   0: 3 0x800064b2 (0x8f35) x14 0x03000000
core   0: 0x800064b4 (0x00008ce1) c.and   s1, s0
core   0: 3 0x800064b4 (0x8ce1) x9  0x00000000
core   0: 0x800064b6 (0x033cdd63) bge     s9, s3, pc + 58
core   0: 3 0x800064b6 (0x033cdd63)
core   0: 0x800064ba (0x40c90f33) sub     t5, s2, a2
core   0: 3 0x800064ba (0x40c90f33) x30 0x7ffda31c
core   0: 0x800064be (0x340f21f3) csrrs   gp, mscratch, t5
core   0: 3 0x800064be (0x340f21f3) x3  0x00000000 c832_mscratch 0x7ffda31c
core   0: 0x800064c2 (0x04db0363) beq     s6, a3, pc + 70
core   0: 3 0x800064c2 (0x04db0363)
core   0: 0x800064c6 (0x0000c781) c.beqz  a5, pc + 8
core   0: 3 0x800064c6 (0xc781)
core   0: 0x800064c8 (0x000098fd) c.andi  s1, -1
core   0: 3 0x800064c8 (0x98fd) x9  0x00000000
core   0: 0x800064ca (0x419ad3b3) sra     t2, s5, s9
core   0: 3 0x800064ca (0x419ad3b3) x7  0x00000000
core   0: 0x800064ce (0x0000ce89) c.beqz  a3, pc + 26
core   0: 3 0x800064ce (0xce89)
core   0: 0x800064d0 (0x799abb93) sltiu   s7, s5, 1945
core   0: 3 0x800064d0 (0x799abb93) x23 0x00000001
core   0: 0x800064d4 (0x036c98b3) mulh    a7, s9, s6
core   0: 3 0x800064d4 (0x036c98b3) x17 0x00000000
core   0: 0x800064d8 (0x340897f3) csrrw   a5, mscratch, a7
core   0: 3 0x800064d8 (0x340897f3) x15 0x7ffda31c c832_mscratch 0x00000000
core   0: 0x800064dc (0x02964163) blt     a2, s1, pc + 34
core   0: 3 0x800064dc (0x02964163)
core   0: 0x800064fe (0x00008575) c.srai  a0, 29
core   0: 3 0x800064fe (0x8575) x10 0x00000000
core   0: 0x80006500 (0x5a0893b7) lui     t2, 0x5a089
core   0: 3 0x80006500 (0x5a0893b7) x7  0x5a089000
core   0: 0x80006504 (0x03d24733) div     a4, tp, t4
core   0: 3 0x80006504 (0x03d24733) x14 0x00000009
core   0: 0x80006508 (0x3404dc73) csrrwi  s8, mscratch, 9
core   0: 3 0x80006508 (0x3404dc73) x24 0x00000000 c832_mscratch 0x00000009
core   0: 0x8000650c (0x02cd5eb3) divu    t4, s10, a2
core   0: 3 0x8000650c (0x02cd5eb3) x29 0x00000001
core   0: 0x80006510 (0x01c4dfb3) srl     t6, s1, t3
core   0: 3 0x80006510 (0x01c4dfb3) x31 0x00000000
core   0: 0x80006514 (0x340f6ef3) csrrsi  t4, mscratch, 30
core   0: 3 0x80006514 (0x340f6ef3) x29 0x00000009 c832_mscratch 0x0000001f
core   0: 0x80006518 (0x00008ee5) c.and   a3, s1
core   0: 3 0x80006518 (0x8ee5) x13 0x00000000
core   0: 0x8000651a (0x80058813) addi    a6, a1, -2048
core   0: 3 0x8000651a (0x80058813) x16 0x80021664
core   0: 0x8000651e (0x0340bb33) mulhu   s6, ra, s4
core   0: 3 0x8000651e (0x0340bb33) x22 0x00000007
core   0: 0x80006522 (0x01cffab3) and     s5, t6, t3
core   0: 3 0x80006522 (0x01cffab3) x21 0x00000000
core   0: 0x80006526 (0x00ffc6b3) xor     a3, t6, a5
core   0: 3 0x80006526 (0x00ffc6b3) x13 0x7ffda31c
core   0: 0x8000652a (0x8a76ec97) auipc   s9, 0x8a76e
core   0: 3 0x8000652a (0x8a76ec97) x25 0x0a77452a
core   0: 0x8000652e (0x2ec48913) addi    s2, s1, 748
core   0: 3 0x8000652e (0x2ec48913) x18 0x000002ec
core   0: 0x80006532 (0x02e71e63) bne     a4, a4, pc + 60
core   0: 3 0x80006532 (0x02e71e63)
core   0: 0x80006536 (0x06253713) sltiu   a4, a0, 98
core   0: 3 0x80006536 (0x06253713) x14 0x00000001
core   0: 0x8000653a (0x58474593) xori    a1, a4, 1412
core   0: 3 0x8000653a (0x58474593) x11 0x00000585
core   0: 0x8000653e (0x00695393) srli    t2, s2, 6
core   0: 3 0x8000653e (0x00695393) x7  0x0000000b
core   0: 0x80006542 (0x0000ca8d) c.beqz  a3, pc + 50
core   0: 3 0x80006542 (0xca8d)
core   0: 0x80006544 (0x0ff0000f) fence   iorw,iorw
core   0: 3 0x80006544 (0x0ff0000f)
core   0: 0x80006548 (0x011f1133) sll     sp, t5, a7
core   0: 3 0x80006548 (0x011f1133) x2  0x7ffda31c
core   0: 0x8000654c (0x01272733) slt     a4, a4, s2
core   0: 3 0x8000654c (0x01272733) x14 0x00000001
core   0: 0x80006550 (0x00808d33) add     s10, ra, s0
core   0: 3 0x80006550 (0x00808d33) x26 0x7ffffff3
core   0: 0x80006554 (0x00000001) c.nop
core   0: 3 0x80006554 (0x0001)
core   0: 0x80006556 (0x00008f85) c.sub   a5, s1
core   0: 3 0x80006556 (0x8f85) x15 0x7ffda31c
core   0: 0x80006558 (0x02895363) bge     s2, s0, pc + 38
core   0: 3 0x80006558 (0x02895363)
core   0: 0x8000657e (0x000095ae) c.add   a1, a1
core   0: 3 0x8000657e (0x95ae) x11 0x00000b0a
core   0: 0x80006580 (0x0359afb3) mulhsu  t6, s3, s5
core   0: 3 0x80006580 (0x0359afb3) x31 0x00000000
core   0: 0x80006584 (0x00e08cb3) add     s9, ra, a4
core   0: 3 0x80006584 (0x00e08cb3) x25 0xfffffff4
core   0: 0x80006588 (0x00000001) c.nop
core   0: 3 0x80006588 (0x0001)
core   0: 0x8000658a (0x00a95813) srli    a6, s2, 10
core   0: 3 0x8000658a (0x00a95813) x16 0x00000000
core   0: 0x8000658e (0x00000189) c.addi  gp, 2
core   0: 3 0x8000658e (0x0189) x3  0x00000002
core   0: 0x80006590 (0x000c5863) bgez    s8, pc + 16
core   0: 3 0x80006590 (0x000c5863)
core   0: 0x800065a0 (0x000084b9) c.srai  s1, 14
core   0: 3 0x800065a0 (0x84b9) x9  0x00000000
core   0: 0x800065a2 (0x00004741) c.li    a4, 16
core   0: 3 0x800065a2 (0x4741) x14 0x00000010
core   0: 0x800065a4 (0x34002af3) csrr    s5, mscratch
core   0: 3 0x800065a4 (0x34002af3) x21 0x0000001f
core   0: 0x800065a8 (0x011bcb63) blt     s7, a7, pc + 22
core   0: 3 0x800065a8 (0x011bcb63)
core   0: 0x800065ac (0x3407d973) csrrwi  s2, mscratch, 15
core   0: 3 0x800065ac (0x3407d973) x18 0x0000001f c832_mscratch 0x0000000f
core   0: 0x800065b0 (0x61156b13) ori     s6, a0, 1553
core   0: 3 0x800065b0 (0x61156b13) x22 0x00000611
core   0: 0x800065b4 (0x00000001) c.nop
core   0: 3 0x800065b4 (0x0001)
core   0: 0x800065b6 (0xf605a213) slti    tp, a1, -160
core   0: 3 0x800065b6 (0xf605a213) x4  0x00000000
core   0: 0x800065ba (0x02cf9833) mulh    a6, t6, a2
core   0: 3 0x800065ba (0x02cf9833) x16 0x00000000
core   0: 0x800065be (0x000091ae) c.add   gp, a1
core   0: 3 0x800065be (0x91ae) x3  0x00000b0c
core   0: 0x800065c0 (0x01150463) beq     a0, a7, pc + 8
core   0: 3 0x800065c0 (0x01150463)
core   0: 0x800065c8 (0x00000001) c.nop
core   0: 3 0x800065c8 (0x0001)
core   0: 0x800065ca (0x01294463) blt     s2, s2, pc + 8
core   0: 3 0x800065ca (0x01294463)
core   0: 0x800065ce (0x008e5933) srl     s2, t3, s0
core   0: 3 0x800065ce (0x008e5933) x18 0x80021e64
core   0: 0x800065d2 (0x03c68733) mul     a4, a3, t3
core   0: 3 0x800065d2 (0x03c68733) x14 0xfe68fef0
core   0: 0x800065d6 (0x00000001) c.nop
core   0: 3 0x800065d6 (0x0001)
core   0: 0x800065d8 (0x340cdc73) csrrwi  s8, mscratch, 25
core   0: 3 0x800065d8 (0x340cdc73) x24 0x0000000f c832_mscratch 0x00000019
core   0: 0x800065dc (0x00008351) c.srli  a4, 20
core   0: 3 0x800065dc (0x8351) x14 0x00000fe6
core   0: 0x800065de (0x00008d41) c.or    a0, s0
core   0: 3 0x800065de (0x8d41) x10 0x80000000
core   0: 0x800065e0 (0x00000a08) c.addi4spn a0, sp, 272
core   0: 3 0x800065e0 (0x0a08) x10 0x7ffda42c
core   0: 0x800065e2 (0x033878b3) remu    a7, a6, s3
core   0: 3 0x800065e2 (0x033878b3) x17 0x00000000
core   0: 0x800065e6 (0x020c0233) mul     tp, s8, zero
core   0: 3 0x800065e6 (0x020c0233) x4  0x00000000
core   0: 0x800065ea (0x02294333) div     t1, s2, sp
core   0: 3 0x800065ea (0x02294333) x6  0xffffffff
core   0: 0x800065ee (0x03ed9b33) mulh    s6, s11, t5
core   0: 3 0x800065ee (0x03ed9b33) x22 0xffffffff
core   0: 0x800065f2 (0x80fec113) xori    sp, t4, -2033
core   0: 3 0x800065f2 (0x80fec113) x2  0xfffff806
core   0: 0x800065f6 (0x0ff0000f) fence   iorw,iorw
core   0: 3 0x800065f6 (0x0ff0000f)
core   0: 0x800065fa (0x00641733) sll     a4, s0, t1
core   0: 3 0x800065fa (0x00641733) x14 0x00000000
core   0: 0x800065fe (0x6413a013) slti    zero, t2, 1601
core   0: 3 0x800065fe (0x6413a013)
core   0: 0x80006602 (0x03e20c33) mul     s8, tp, t5
core   0: 3 0x80006602 (0x03e20c33) x24 0x00000000
core   0: 0x80006606 (0x00fe1513) slli    a0, t3, 15
core   0: 3 0x80006606 (0x00fe1513) x10 0x0f320000
core   0: 0x8000660a (0x04490563) beq     s2, tp, pc + 74
core   0: 3 0x8000660a (0x04490563)
core   0: 0x8000660e (0x00000001) c.nop
core   0: 3 0x8000660e (0x0001)
core   0: 0x80006610 (0x023e7663) bgeu    t3, gp, pc + 44
core   0: 3 0x80006610 (0x023e7663)
core   0: 0x8000663c (0x0131dc63) bge     gp, s3, pc + 24
core   0: 3 0x8000663c (0x0131dc63)
core   0: 0x80006640 (0x01690d33) add     s10, s2, s6
core   0: 3 0x80006640 (0x01690d33) x26 0x80021e63
core   0: 0x80006644 (0x904c8593) addi    a1, s9, -1788
core   0: 3 0x80006644 (0x904c8593) x11 0xfffff8f8
core   0: 0x80006648 (0x00000001) c.nop
core   0: 3 0x80006648 (0x0001)
core   0: 0x8000664a (0x4c858113) addi    sp, a1, 1224
core   0: 3 0x8000664a (0x4c858113) x2  0xfffffdc0
core   0: 0x8000664e (0x0370c5b3) div     a1, ra, s7
core   0: 3 0x8000664e (0x0370c5b3) x11 0xfffffff3
core   0: 0x80006652 (0x0000633d) c.lui   t1, 0xf
core   0: 3 0x80006652 (0x633d) x6  0x0000f000
core   0: 0x80006654 (0x01e837b3) sltu    a5, a6, t5
core   0: 3 0x80006654 (0x01e837b3) x15 0x00000001
core   0: 0x80006658 (0x032b7eb3) remu    t4, s6, s2
core   0: 3 0x80006658 (0x032b7eb3) x29 0x7ffde19b
core   0: 0x8000665c (0x0000828d) c.srli  a3, 3
core   0: 3 0x8000665c (0x828d) x13 0x0fffb463
core   0: 0x8000665e (0x030fdeb3) divu    t4, t6, a6
core   0: 3 0x8000665e (0x030fdeb3) x29 0xffffffff
core   0: 0x80006662 (0x03cd0a33) mul     s4, s10, t3
core   0: 3 0x80006662 (0x03cd0a33) x20 0xfd2978ac
core   0: 0x80006666 (0x0000197d) c.addi  s2, -1
core   0: 3 0x80006666 (0x197d) x18 0x80021e63
core   0: 0x80006668 (0x028cb233) mulhu   tp, s9, s0
core   0: 3 0x80006668 (0x028cb233) x4  0x7ffffffa
core   0: 0x8000666c (0x01d26263) bltu    tp, t4, pc + 4
core   0: 3 0x8000666c (0x01d26263)
core   0: 0x80006670 (0x03b65763) bge     a2, s11, pc + 46
core   0: 3 0x80006670 (0x03b65763)
core   0: 0x80006674 (0x005aed33) or      s10, s5, t0
core   0: 3 0x80006674 (0x005aed33) x26 0x7ffd9ebf
core   0: 0x80006678 (0x003c9f33) sll     t5, s9, gp
core   0: 3 0x80006678 (0x003c9f33) x30 0xffff4000
core   0: 0x8000667c (0x03e70cb3) mul     s9, a4, t5
core   0: 3 0x8000667c (0x03e70cb3) x25 0x00000000
core   0: 0x80006680 (0x340a37f3) csrrc   a5, mscratch, s4
core   0: 3 0x80006680 (0x340a37f3) x15 0x00000019 c832_mscratch 0x00000011
core   0: 0x80006684 (0x01882c33) slt     s8, a6, s8
core   0: 3 0x80006684 (0x01882c33) x24 0x00000000
core   0: 0x80006688 (0x34009573) csrrw   a0, mscratch, ra
core   0: 3 0x80006688 (0x34009573) x10 0x00000011 c832_mscratch 0xfffffff3
core   0: 0x8000668c (0x03a2c1b3) div     gp, t0, s10
core   0: 3 0x8000668c (0x03a2c1b3) x3  0x00000000
core   0: 0x80006690 (0x00009bfd) c.andi  a5, -1
core   0: 3 0x80006690 (0x9bfd) x15 0x00000019
core   0: 0x80006692 (0x00ac0eb3) add     t4, s8, a0
core   0: 3 0x80006692 (0x00ac0eb3) x29 0x00000011
core   0: 0x80006696 (0x697b3c93) sltiu   s9, s6, 1687
core   0: 3 0x80006696 (0x697b3c93) x25 0x00000000
core   0: 0x8000669a (0x0303eab3) rem     s5, t2, a6
core   0: 3 0x8000669a (0x0303eab3) x21 0x0000000b
core   0: 0x8000669e (0x6b18cf13) xori    t5, a7, 1713
core   0: 3 0x8000669e (0x6b18cf13) x30 0x000006b1
core   0: 0x800066a2 (0xf97a7593) andi    a1, s4, -105
core   0: 3 0x800066a2 (0xf97a7593) x11 0xfd297884
core   0: 0x800066a6 (0x02635233) divu    tp, t1, t1
core   0: 3 0x800066a6 (0x02635233) x4  0x00000001
core   0: 0x800066aa (0x340817f3) csrrw   a5, mscratch, a6
core   0: 3 0x800066aa (0x340817f3) x15 0xfffffff3 c832_mscratch 0x00000000
core   0: 0x800066ae (0x00e356b3) srl     a3, t1, a4
core   0: 3 0x800066ae (0x00e356b3) x13 0x0000f000
core   0: 0x800066b2 (0x340026f3) csrr    a3, mscratch
core   0: 3 0x800066b2 (0x340026f3) x13 0x00000000
core   0: 0x800066b6 (0x00001118) c.addi4spn a4, sp, 160
core   0: 3 0x800066b6 (0x1118) x14 0xfffffe60
core   0: 0x800066b8 (0x41c2df33) sra     t5, t0, t3
core   0: 3 0x800066b8 (0x41c2df33) x30 0x07ffd9eb
core   0: 0x800066bc (0x28437f93) andi    t6, t1, 644
core   0: 3 0x800066bc (0x28437f93) x31 0x00000000
core   0: 0x800066c0 (0xa0aba813) slti    a6, s7, -1526
core   0: 3 0x800066c0 (0xa0aba813) x16 0x00000000
core   0: 0x800066c4 (0x03b4f4b3) remu    s1, s1, s11
core   0: 3 0x800066c4 (0x03b4f4b3) x9  0x00000000
core   0: 0x800066c8 (0x0000093a) c.slli  s2, 14
core   0: 3 0x800066c8 (0x093a) x18 0x8798c000
core   0: 0x800066ca (0x012f8463) beq     t6, s2, pc + 8
core   0: 3 0x800066ca (0x012f8463)
core   0: 0x800066ce (0x000083a1) c.srli  a5, 8
core   0: 3 0x800066ce (0x83a1) x15 0x00ffffff
core   0: 0x800066d0 (0x00008cf5) c.and   s1, a3
core   0: 3 0x800066d0 (0x8cf5) x9  0x00000000
core   0: 0x800066d2 (0x00008792) c.mv    a5, tp
core   0: 3 0x800066d2 (0x8792) x15 0x00000001
core   0: 0x800066d4 (0x009ff7b3) and     a5, t6, s1
core   0: 3 0x800066d4 (0x009ff7b3) x15 0x00000000
core   0: 0x800066d8 (0x3408d873) csrrwi  a6, mscratch, 17
core   0: 3 0x800066d8 (0x3408d873) x16 0x00000000 c832_mscratch 0x00000011
core   0: 0x800066dc (0x000046c5) c.li    a3, 17
core   0: 3 0x800066dc (0x46c5) x13 0x00000011
core   0: 0x800066de (0x0149d1b3) srl     gp, s3, s4
core   0: 3 0x800066de (0x0149d1b3) x3  0x0000000c
core   0: 0x800066e2 (0xf43ece93) xori    t4, t4, -189
core   0: 3 0x800066e2 (0xf43ece93) x29 0xffffff52
core   0: 0x800066e6 (0x000085c9) c.srai  a1, 18
core   0: 3 0x800066e6 (0x85c9) x11 0xffffff4a
core   0: 0x800066e8 (0x00008c89) c.sub   s1, a0
core   0: 3 0x800066e8 (0x8c89) x9  0xffffffef
core   0: 0x800066ea (0x00008bd6) c.mv    s7, s5
core   0: 3 0x800066ea (0x8bd6) x23 0x0000000b
core   0: 0x800066ec (0x020c9463) bnez    s9, pc + 40
core   0: 3 0x800066ec (0x020c9463)
core   0: 0x800066f0 (0x02744e63) blt     s0, t2, pc + 60
core   0: 3 0x800066f0 (0x02744e63)
core   0: 0x8000672c (0x0ff0000f) fence   iorw,iorw
core   0: 3 0x8000672c (0x0ff0000f)
core   0: 0x80006730 (0x00008f99) c.sub   a5, a4
core   0: 3 0x80006730 (0x8f99) x15 0x000001a0
core   0: 0x80006732 (0x00008fb5) c.xor   a5, a3
core   0: 3 0x80006732 (0x8fb5) x15 0x000001b1
core   0: 0x80006734 (0x051fd563) bge     t6, a7, pc + 74
core   0: 3 0x80006734 (0x051fd563)
core   0: 0x8000677e (0x018352b3) srl     t0, t1, s8
core   0: 3 0x8000677e (0x018352b3) x5  0x0000f000
core   0: 0x80006782 (0x41c68c33) sub     s8, a3, t3
core   0: 3 0x80006782 (0x41c68c33) x24 0x7ffde1ad
core   0: 0x80006786 (0x00000a14) c.addi4spn a3, sp, 272
core   0: 3 0x80006786 (0x0a14) x13 0xfffffed0
core   0: 0x80006788 (0x00000001) c.nop
core   0: 3 0x80006788 (0x0001)
core   0: 0x8000678a (0x340a7073) csrci   mscratch, 20
core   0: 3 0x8000678a (0x340a7073) c832_mscratch 0x00000001
core   0: 0x8000678e (0x00008de1) c.and   a1, s0
core   0: 3 0x8000678e (0x8de1) x11 0x80000000
core   0: 0x80006790 (0x01a5d663) bge     a1, s10, pc + 12
core   0: 3 0x80006790 (0x01a5d663)
core   0: 0x80006794 (0x018d7db3) and     s11, s10, s8
core   0: 3 0x80006794 (0x018d7db3) x27 0x7ffd80ad
core   0: 0x80006798 (0x00064f33) xor     t5, a2, zero
core   0: 3 0x80006798 (0x00064f33) x30 0x80025ce4
core   0: 0x8000679c (0x0000c781) c.beqz  a5, pc + 8
core   0: 3 0x8000679c (0xc781)
core   0: 0x8000679e (0x00000db6) c.slli  s11, 13
core   0: 3 0x8000679e (0x0db6) x27 0xb015a000
core   0: 0x800067a0 (0x01e05d13) srli    s10, zero, 30
core   0: 3 0x800067a0 (0x01e05d13) x26 0x00000000
core   0: 0x800067a4 (0x00000d84) c.addi4spn s1, sp, 720
core   0: 3 0x800067a4 (0x0d84) x9  0x00000090
core   0: 0x800067a6 (0x340819f3) csrrw   s3, mscratch, a6
core   0: 3 0x800067a6 (0x340819f3) x19 0x00000001 c832_mscratch 0x00000000
core   0: 0x800067aa (0x00d0a5b3) slt     a1, ra, a3
core   0: 3 0x800067aa (0x00d0a5b3) x11 0x00000000
core   0: 0x800067ae (0x025df963) bgeu    s11, t0, pc + 50
core   0: 3 0x800067ae (0x025df963)
core   0: 0x800067e0 (0x0000808e) c.mv    ra, gp
core   0: 3 0x800067e0 (0x808e) x1  0x0000000c
core   0: 0x800067e2 (0x03c40563) beq     s0, t3, pc + 42
core   0: 3 0x800067e2 (0x03c40563)
core   0: 0x800067e6 (0xcd4c2d93) slti    s11, s8, -812
core   0: 3 0x800067e6 (0xcd4c2d93) x27 0x00000000
core   0: 0x800067ea (0x0177e263) bltu    a5, s7, pc + 4
core   0: 3 0x800067ea (0x0177e263)
core   0: 0x800067ee (0x00001694) c.addi4spn a3, sp, 864
core   0: 3 0x800067ee (0x1694) x13 0x00000120
core   0: 0x800067f0 (0x02e77e63) bgeu    a4, a4, pc + 60
core   0: 3 0x800067f0 (0x02e77e63)
core   0: 0x8000682c (0x00008cd5) c.or    s1, a3
core   0: 3 0x8000682c (0x8cd5) x9  0x000001b0
core   0: 0x8000682e (0x0161fa63) bgeu    gp, s6, pc + 20
core   0: 3 0x8000682e (0x0161fa63)
core   0: 0x80006832 (0x00008ee9) c.and   a3, a0
core   0: 3 0x80006832 (0x8ee9) x13 0x00000000
core   0: 0x80006834 (0x5b08cd93) xori    s11, a7, 1456
core   0: 3 0x80006834 (0x5b08cd93) x27 0x000005b0
core   0: 0x80006838 (0x02dd7263) bgeu    s10, a3, pc + 36
core   0: 3 0x80006838 (0x02dd7263)
core   0: 0x8000685c (0x411eddb3) sra     s11, t4, a7
core   0: 3 0x8000685c (0x411eddb3) x27 0xffffff52
core   0: 0x80006860 (0x00000d04) c.addi4spn s1, sp, 656
core   0: 3 0x80006860 (0x0d04) x9  0x00000050
core   0: 0x80006862 (0x000080ad) c.srli  s1, 11
core   0: 3 0x80006862 (0x80ad) x9  0x00000000
core   0: 0x80006864 (0x404b5213) srai    tp, s6, 4
core   0: 3 0x80006864 (0x404b5213) x4  0xffffffff
core   0: 0x80006868 (0x027ceeb3) rem     t4, s9, t2
core   0: 3 0x80006868 (0x027ceeb3) x29 0x00000000
core   0: 0x8000686c (0x340029f3) csrr    s3, mscratch
core   0: 3 0x8000686c (0x340029f3) x19 0x00000000
core   0: 0x80006870 (0x03f71db3) mulh    s11, a4, t6
core   0: 3 0x80006870 (0x03f71db3) x27 0x00000000
core   0: 0x80006874 (0x00008fc9) c.or    a5, a0
core   0: 3 0x80006874 (0x8fc9) x15 0x000001b1
core   0: 0x80006876 (0x039517b3) mulh    a5, a0, s9
core   0: 3 0x80006876 (0x039517b3) x15 0x00000000
core   0: 0x8000687a (0x013084b3) add     s1, ra, s3
core   0: 3 0x8000687a (0x013084b3) x9  0x0000000c
core   0: 0x8000687e (0x5f9c4913) xori    s2, s8, 1529
core   0: 3 0x8000687e (0x5f9c4913) x18 0x7ffde454
core   0: 0x80006882 (0x340853f3) csrrwi  t2, mscratch, 16
core   0: 3 0x80006882 (0x340853f3) x7  0x00000000 c832_mscratch 0x00000010
core   0: 0x80006886 (0x029b5263) bge     s6, s1, pc + 36
core   0: 3 0x80006886 (0x029b5263)
core   0: 0x8000688a (0x00000001) c.nop
core   0: 3 0x8000688a (0x0001)
core   0: 0x8000688c (0x00009b7d) c.andi  a4, -1
core   0: 3 0x8000688c (0x9b7d) x14 0xfffffe60
core   0: 0x8000688e (0x01f522b3) slt     t0, a0, t6
core   0: 3 0x8000688e (0x01f522b3) x5  0x00000000
core   0: 0x80006892 (0x016c4033) xor     zero, s8, s6
core   0: 3 0x80006892 (0x016c4033)
core   0: 0x80006896 (0x00004f95) c.li    t6, 5
core   0: 3 0x80006896 (0x4f95) x31 0x00000005
core   0: 0x80006898 (0x340b7873) csrrci  a6, mscratch, 22
core   0: 3 0x80006898 (0x340b7873) x16 0x00000010 c832_mscratch 0x00000000
core   0: 0x8000689c (0x01e99ab3) sll     s5, s3, t5
core   0: 3 0x8000689c (0x01e99ab3) x21 0x00000000
core   0: 0x800068a0 (0xd4837193) andi    gp, t1, -696
core   0: 3 0x800068a0 (0xd4837193) x3  0x0000f000
core   0: 0x800068a4 (0x02eedd33) divu    s10, t4, a4
core   0: 3 0x800068a4 (0x02eedd33) x26 0x00000000
core   0: 0x800068a8 (0x00004221) c.li    tp, 8
core   0: 3 0x800068a8 (0x4221) x4  0x00000008
core   0: 0x800068aa (0x00d05933) srl     s2, zero, a3
core   0: 3 0x800068aa (0x00d05933) x18 0x00000000
core   0: 0x800068ae (0x621dbc93) sltiu   s9, s11, 1569
core   0: 3 0x800068ae (0x621dbc93) x25 0x00000001
core   0: 0x800068b2 (0x037453b3) divu    t2, s0, s7
core   0: 3 0x800068b2 (0x037453b3) x7  0x0ba2e8ba
core   0: 0x800068b6 (0x01a36463) bltu    t1, s10, pc + 8
core   0: 3 0x800068b6 (0x01a36463)
core   0: 0x800068ba (0x41bf8db3) sub     s11, t6, s11
core   0: 3 0x800068ba (0x41bf8db3) x27 0x00000005
core   0: 0x800068be (0x00008e9d) c.sub   a3, a5
core   0: 3 0x800068be (0x8e9d) x13 0x00000000
core   0: 0x800068c0 (0xe8a07c13) andi    s8, zero, -374
core   0: 3 0x800068c0 (0xe8a07c13) x24 0x00000000
core   0: 0x800068c4 (0x0111c463) blt     gp, a7, pc + 8
core   0: 3 0x800068c4 (0x0111c463)
core   0: 0x800068c8 (0x0157eb33) or      s6, a5, s5
core   0: 3 0x800068c8 (0x0157eb33) x22 0x00000000
core   0: 0x800068cc (0x6b486993) ori     s3, a6, 1716
core   0: 3 0x800068cc (0x6b486993) x19 0x000006b4
core   0: 0x800068d0 (0x000063d1) c.lui   t2, 0x14
core   0: 3 0x800068d0 (0x63d1) x7  0x00014000
core   0: 0x800068d2 (0x00441fb3) sll     t6, s0, tp
core   0: 3 0x800068d2 (0x00441fb3) x31 0x00000000
core   0: 0x800068d6 (0x00008cce) c.mv    s9, s3
core   0: 3 0x800068d6 (0x8cce) x25 0x000006b4
core   0: 0x800068d8 (0x02b23d33) mulhu   s10, tp, a1
core   0: 3 0x800068d8 (0x02b23d33) x26 0x00000000
core   0: 0x800068dc (0x03dd8463) beq     s11, t4, pc + 40
core   0: 3 0x800068dc (0x03dd8463)
core   0: 0x800068e0 (0x01e61a93) slli    s5, a2, 30
core   0: 3 0x800068e0 (0x01e61a93) x21 0x00000000
core   0: 0x800068e4 (0x026e3133) mulhu   sp, t3, t1
core   0: 3 0x800068e4 (0x026e3133) x2  0x00007801
core   0: 0x800068e8 (0x4694cd13) xori    s10, s1, 1129
core   0: 3 0x800068e8 (0x4694cd13) x26 0x00000465
core   0: 0x800068ec (0xbe7a7f13) andi    t5, s4, -1049
core   0: 3 0x800068ec (0xbe7a7f13) x30 0xfd2978a4
core   0: 0x800068f0 (0x000084e9) c.srai  s1, 26
core   0: 3 0x800068f0 (0x84e9) x9  0x00000000
core   0: 0x800068f2 (0x008e9c13) slli    s8, t4, 8
core   0: 3 0x800068f2 (0x008e9c13) x24 0x00000000
core   0: 0x800068f6 (0x0000c899) c.beqz  s1, pc + 22
core   0: 3 0x800068f6 (0xc899)
core   0: 0x8000690c (0x02b922b3) mulhsu  t0, s2, a1
core   0: 3 0x8000690c (0x02b922b3) x5  0x00000000
core   0: 0x80006910 (0x7fec4093) xori    ra, s8, 2046
core   0: 3 0x80006910 (0x7fec4093) x1  0x000007fe
core   0: 0x80006914 (0x00000112) c.slli  sp, 4
core   0: 3 0x80006914 (0x0112) x2  0x00078010
core   0: 0x80006916 (0x016ae233) or      tp, s5, s6
core   0: 3 0x80006916 (0x016ae233) x4  0x00000000
core   0: 0x8000691a (0x02bb5163) bge     s6, a1, pc + 34
core   0: 3 0x8000691a (0x02bb5163)
core   0: 0x8000693c (0x3401ba73) csrrc   s4, mscratch, gp
core   0: 3 0x8000693c (0x3401ba73) x20 0x00000000 c832_mscratch 0x00000000
core   0: 0x80006940 (0x00008165) c.srli  a0, 25
core   0: 3 0x80006940 (0x8165) x10 0x00000000
core   0: 0x80006942 (0x003037b3) snez    a5, gp
core   0: 3 0x80006942 (0x003037b3) x15 0x00000001
core   0: 0x80006946 (0x0000e29d) c.bnez  a3, pc + 38
core   0: 3 0x80006946 (0xe29d)
core   0: 0x80006948 (0x0000e98d) c.bnez  a1, pc + 50
core   0: 3 0x80006948 (0xe98d)
core   0: 0x8000694a (0x34007973) csrrci  s2, mscratch, 0
core   0: 3 0x8000694a (0x34007973) x18 0x00000000
core   0: 0x8000694e (0x8ab8e393) ori     t2, a7, -1877
core   0: 3 0x8000694e (0x8ab8e393) x7  0xfffff8ab
core   0: 0x80006952 (0x000083b9) c.srli  a5, 14
core   0: 3 0x80006952 (0x83b9) x15 0x00000000
core   0: 0x80006954 (0x340332f3) csrrc   t0, mscratch, t1
core   0: 3 0x80006954 (0x340332f3) x5  0x00000000 c832_mscratch 0x00000000
core   0: 0x80006958 (0x41c257b3) sra     a5, tp, t3
core   0: 3 0x80006958 (0x41c257b3) x15 0x00000000
core   0: 0x8000695c (0x02183f33) mulhu   t5, a6, ra
core   0: 3 0x8000695c (0x02183f33) x30 0x00000000
core   0: 0x80006960 (0x03087263) bgeu    a6, a6, pc + 36
core   0: 3 0x80006960 (0x03087263)
core   0: 0x80006984 (0x34002cf3) csrr    s9, mscratch
core   0: 3 0x80006984 (0x34002cf3) x25 0x00000000
core   0: 0x80006988 (0x024de833) rem     a6, s11, tp
core   0: 3 0x80006988 (0x024de833) x16 0x00000005
core   0: 0x8000698c (0x49dbcb13) xori    s6, s7, 1181
core   0: 3 0x8000698c (0x49dbcb13) x22 0x00000496
core   0: 0x80006990 (0x01d2a5b3) slt     a1, t0, t4
core   0: 3 0x80006990 (0x01d2a5b3) x11 0x00000000
core   0: 0x80006994 (0x0000100f) fence.i
core   0: 3 0x80006994 (0x0000100f)
core   0: 0x80006998 (0x01006b63) bltu    zero, a6, pc + 22
core   0: 3 0x80006998 (0x01006b63)
core   0: 0x800069ae (0x0000639d) c.lui   t2, 0x7
core   0: 3 0x800069ae (0x639d) x7  0x00007000
core   0: 0x800069b0 (0x00005ffd) c.li    t6, -1
core   0: 3 0x800069b0 (0x5ffd) x31 0xffffffff
core   0: 0x800069b2 (0x02ddbfb3) mulhu   t6, s11, a3
core   0: 3 0x800069b2 (0x02ddbfb3) x31 0x00000000
core   0: 0x800069b6 (0x00000001) c.nop
core   0: 3 0x800069b6 (0x0001)
core   0: 0x800069b8 (0x41a0d8b3) sra     a7, ra, s10
core   0: 3 0x800069b8 (0x41a0d8b3) x17 0x0000003f
core   0: 0x800069bc (0x00000001) c.nop
core   0: 3 0x800069bc (0x0001)
core   0: 0x800069be (0x00008d8d) c.sub   a1, a1
core   0: 3 0x800069be (0x8d8d) x11 0x00000000
core   0: 0x800069c0 (0x02f486b3) mul     a3, s1, a5
core   0: 3 0x800069c0 (0x02f486b3) x13 0x00000000
core   0: 0x800069c4 (0x00008cb1) c.xor   s1, a2
core   0: 3 0x800069c4 (0x8cb1) x9  0x80025ce4
core   0: 0x800069c6 (0x0000717d) c.addi16sp sp, -16
core   0: 3 0x800069c6 (0x717d) x2  0x00078000
core   0: 0x800069c8 (0x01a4c963) blt     s1, s10, pc + 18
core   0: 3 0x800069c8 (0x01a4c963)
core   0: 0x800069da (0x4d277793) andi    a5, a4, 1234
core   0: 3 0x800069da (0x4d277793) x15 0x00000440
core   0: 0x800069de (0x5155f913) andi    s2, a1, 1301
core   0: 3 0x800069de (0x5155f913) x18 0x00000000
core   0: 0x800069e2 (0x00000001) c.nop
core   0: 3 0x800069e2 (0x0001)
core   0: 0x800069e4 (0x1f672b37) lui     s6, 0x1f672
core   0: 3 0x800069e4 (0x1f672b37) x22 0x1f672000
core   0: 0x800069e8 (0x03783fb3) mulhu   t6, a6, s7
core   0: 3 0x800069e8 (0x03783fb3) x31 0x00000000
core   0: 0x800069ec (0x0ff0000f) fence   iorw,iorw
core   0: 3 0x800069ec (0x0ff0000f)
core   0: 0x800069f0 (0x0000c31d) c.beqz  a4, pc + 38
core   0: 3 0x800069f0 (0xc31d)
core   0: 0x800069f2 (0x00cbd313) srli    t1, s7, 12
core   0: 3 0x800069f2 (0x00cbd313) x6  0x00000000
core   0: 0x800069f6 (0x00000001) c.nop
core   0: 3 0x800069f6 (0x0001)
core   0: 0x800069f8 (0x034c3533) mulhu   a0, s8, s4
core   0: 3 0x800069f8 (0x034c3533) x10 0x00000000
core   0: 0x800069fc (0x00008de5) c.and   a1, s1
core   0: 3 0x800069fc (0x8de5) x11 0x00000000
core   0: 0x800069fe (0x01635bb3) srl     s7, t1, s6
core   0: 3 0x800069fe (0x01635bb3) x23 0x00000000
core   0: 0x80006a02 (0x00001b7d) c.addi  s6, -1
core   0: 3 0x80006a02 (0x1b7d) x22 0x1f671fff
core   0: 0x80006a04 (0x01395013) srli    zero, s2, 19
core   0: 3 0x80006a04 (0x01395013)
core   0: 0x80006a08 (0x020b3033) mulhu   zero, s6, zero
core   0: 3 0x80006a08 (0x020b3033)
core   0: 0x80006a0c (0x01f81993) slli    s3, a6, 31
core   0: 3 0x80006a0c (0x01f81993) x19 0x80000000
core   0: 0x80006a10 (0x00000494) c.addi4spn a3, sp, 576
core   0: 3 0x80006a10 (0x0494) x13 0x00078240
core   0: 0x80006a12 (0x340072f3) csrrci  t0, mscratch, 0
core   0: 3 0x80006a12 (0x340072f3) x5  0x00000000
core   0: 0x80006a16 (0x00008785) c.srai  a5, 1
core   0: 3 0x80006a16 (0x8785) x15 0x00000220
core   0: 0x80006a18 (0x000069bd) c.lui   s3, 0xf
core   0: 3 0x80006a18 (0x69bd) x19 0x0000f000
core   0: 0x80006a1a (0x00006a8d) c.lui   s5, 0x3
core   0: 3 0x80006a1a (0x6a8d) x21 0x00003000
core   0: 0x80006a1c (0x0000100f) fence.i
core   0: 3 0x80006a1c (0x0000100f)
core   0: 0x80006a20 (0x3cbc3913) sltiu   s2, s8, 971
core   0: 3 0x80006a20 (0x3cbc3913) x18 0x00000001
core   0: 0x80006a24 (0x00000efe) c.slli  t4, 31
core   0: 3 0x80006a24 (0x0efe) x29 0x00000000
core   0: 0x80006a26 (0x03a82833) mulhsu  a6, a6, s10
core   0: 3 0x80006a26 (0x03a82833) x16 0x00000000
core   0: 0x80006a2a (0x5e557813) andi    a6, a0, 1509
core   0: 3 0x80006a2a (0x5e557813) x16 0x00000000
core   0: 0x80006a2e (0x01bc1733) sll     a4, s8, s11
core   0: 3 0x80006a2e (0x01bc1733) x14 0x00000000
core   0: 0x80006a32 (0x03e6feb3) remu    t4, a3, t5
core   0: 3 0x80006a32 (0x03e6feb3) x29 0x00078240
core   0: 0x80006a36 (0x032c7033) remu    zero, s8, s2
core   0: 3 0x80006a36 (0x032c7033)
core   0: 0x80006a3a (0x02f17db3) remu    s11, sp, a5
core   0: 3 0x80006a3a (0x02f17db3) x27 0x00000120
core   0: 0x80006a3e (0x00008fc5) c.or    a5, s1
core   0: 3 0x80006a3e (0x8fc5) x15 0x80025ee4
core   0: 0x80006a40 (0x007b4233) xor     tp, s6, t2
core   0: 3 0x80006a40 (0x007b4233) x4  0x1f676fff
core   0: 0x80006a44 (0x0e98ae93) slti    t4, a7, 233
core   0: 3 0x80006a44 (0x0e98ae93) x29 0x00000001
core   0: 0x80006a48 (0x0050e033) or      zero, ra, t0
core   0: 3 0x80006a48 (0x0050e033)
core   0: 0x80006a4c (0x01d03ab3) snez    s5, t4
core   0: 3 0x80006a4c (0x01d03ab3) x21 0x00000001
core   0: 0x80006a50 (0x01526c33) or      s8, tp, s5
core   0: 3 0x80006a50 (0x01526c33) x24 0x1f676fff
core   0: 0x80006a54 (0x0000100f) fence.i
core   0: 3 0x80006a54 (0x0000100f)
core   0: 0x80006a58 (0x01776bb3) or      s7, a4, s7
core   0: 3 0x80006a58 (0x01776bb3) x23 0x00000000
core   0: 0x80006a5c (0x00000001) c.nop
core   0: 3 0x80006a5c (0x0001)
core   0: 0x80006a5e (0x009b7563) bgeu    s6, s1, pc + 10
core   0: 3 0x80006a5e (0x009b7563)
core   0: 0x80006a62 (0x000097c2) c.add   a5, a6
core   0: 3 0x80006a62 (0x97c2) x15 0x80025ee4
core   0: 0x80006a64 (0x010cecb3) or      s9, s9, a6
core   0: 3 0x80006a64 (0x010cecb3) x25 0x00000000
core   0: 0x80006a68 (0x00009caa) c.add   s9, a0
core   0: 3 0x80006a68 (0x9caa) x25 0x00000000
core   0: 0x80006a6a (0xe2896a37) lui     s4, 0xe2896
core   0: 3 0x80006a6a (0xe2896a37) x20 0xe2896000
core   0: 0x80006a6e (0x01bb9b63) bne     s7, s11, pc + 22
core   0: 3 0x80006a6e (0x01bb9b63)
core   0: 0x80006a84 (0x34003073) csrc    mscratch, zero
core   0: 3 0x80006a84 (0x34003073)
core   0: 0x80006a88 (0x0000100f) fence.i
core   0: 3 0x80006a88 (0x0000100f)
core   0: 0x80006a8c (0x418f56b3) sra     a3, t5, s8
core   0: 3 0x80006a8c (0x418f56b3) x13 0x00000000
core   0: 0x80006a90 (0x000018fd) c.addi  a7, -1
core   0: 3 0x80006a90 (0x18fd) x17 0x0000003e
core   0: 0x80006a92 (0x0075af33) slt     t5, a1, t2
core   0: 3 0x80006a92 (0x0075af33) x30 0x00000001
core   0: 0x80006a96 (0x7191f113) andi    sp, gp, 1817
core   0: 3 0x80006a96 (0x7191f113) x2  0x00000000
core   0: 0x80006a9a (0x0139eeb3) or      t4, s3, s3
core   0: 3 0x80006a9a (0x0139eeb3) x29 0x0000f000
core   0: 0x80006a9e (0x01bde263) bltu    s11, s11, pc + 4
core   0: 3 0x80006a9e (0x01bde263)
core   0: 0x80006aa2 (0x000082c9) c.srli  a3, 18
core   0: 3 0x80006aa2 (0x82c9) x13 0x00000000
core   0: 0x80006aa4 (0x014d8533) add     a0, s11, s4
core   0: 3 0x80006aa4 (0x014d8533) x10 0xe2896120
core   0: 0x80006aa8 (0x261be913) ori     s2, s7, 609
core   0: 3 0x80006aa8 (0x261be913) x18 0x00000261
core   0: 0x80006aac (0x000069fd) c.lui   s3, 0x1f
core   0: 3 0x80006aac (0x69fd) x19 0x0001f000
core   0: 0x80006aae (0x00008ce5) c.and   s1, s1
core   0: 3 0x80006aae (0x8ce5) x9  0x80025ce4
core   0: 0x80006ab0 (0x0ff0000f) fence   iorw,iorw
core   0: 3 0x80006ab0 (0x0ff0000f)
core   0: 0x80006ab4 (0x0000100f) fence.i
core   0: 3 0x80006ab4 (0x0000100f)
core   0: 0x80006ab8 (0x03c15b33) divu    s6, sp, t3
core   0: 3 0x80006ab8 (0x03c15b33) x22 0x00000000
core   0: 0x80006abc (0x00008e99) c.sub   a3, a4
core   0: 3 0x80006abc (0x8e99) x13 0x00000000
core   0: 0x80006abe (0x00008fdd) c.or    a5, a5
core   0: 3 0x80006abe (0x8fdd) x15 0x80025ee4
core   0: 0x80006ac0 (0x01fceb33) or      s6, s9, t6
core   0: 3 0x80006ac0 (0x01fceb33) x22 0x00000000
core   0: 0x80006ac4 (0x027e00b3) mul     ra, t3, t2
core   0: 3 0x80006ac4 (0x027e00b3) x1  0xed4bc000
core   0: 0x80006ac8 (0x000049cd) c.li    s3, 19
core   0: 3 0x80006ac8 (0x49cd) x19 0x00000013
core   0: 0x80006aca (0x00001314) c.addi4spn a3, sp, 416
core   0: 3 0x80006aca (0x1314) x13 0x000001a0
core   0: 0x80006acc (0x34007073) csrci   mscratch, 0
core   0: 3 0x80006acc (0x34007073)
core   0: 0x80006ad0 (0x34007173) csrrci  sp, mscratch, 0
core   0: 3 0x80006ad0 (0x34007173) x2  0x00000000
core   0: 0x80006ad4 (0x0360ceb3) div     t4, ra, s6
core   0: 3 0x80006ad4 (0x0360ceb3) x29 0xffffffff
core   0: 0x80006ad8 (0x41f8d213) srai    tp, a7, 31
core   0: 3 0x80006ad8 (0x41f8d213) x4  0x00000000
core   0: 0x80006adc (0x0304d3b3) divu    t2, s1, a6
core   0: 3 0x80006adc (0x0304d3b3) x7  0xffffffff
core   0: 0x80006ae0 (0x00453fb3) sltu    t6, a0, tp
core   0: 3 0x80006ae0 (0x00453fb3) x31 0x00000000
core   0: 0x80006ae4 (0x03f10463) beq     sp, t6, pc + 40
core   0: 3 0x80006ae4 (0x03f10463)
core   0: 0x80006b0c (0x00004a3d) c.li    s4, 15
core   0: 3 0x80006b0c (0x4a3d) x20 0x0000000f
core   0: 0x80006b0e (0xb61c2a93) slti    s5, s8, -1183
core   0: 3 0x80006b0e (0xb61c2a93) x21 0x00000000
core   0: 0x80006b12 (0x033b5833) divu    a6, s6, s3
core   0: 3 0x80006b12 (0x033b5833) x16 0x00000000
core   0: 0x80006b16 (0x03a006b3) mul     a3, zero, s10
core   0: 3 0x80006b16 (0x03a006b3) x13 0x00000000
core   0: 0x80006b1a (0x966b6093) ori     ra, s6, -1690
core   0: 3 0x80006b1a (0x966b6093) x1  0xfffff966
core   0: 0x80006b1e (0x0301dc33) divu    s8, gp, a6
core   0: 3 0x80006b1e (0x0301dc33) x24 0xffffffff
core   0: 0x80006b22 (0x65dbb993) sltiu   s3, s7, 1629
core   0: 3 0x80006b22 (0x65dbb993) x19 0x00000001
core   0: 0x80006b26 (0x00004f85) c.li    t6, 1
core   0: 3 0x80006b26 (0x4f85) x31 0x00000001
core   0: 0x80006b28 (0x00008ec5) c.or    a3, s1
core   0: 3 0x80006b28 (0x8ec5) x13 0x80025ce4
core   0: 0x80006b2a (0x0511e263) bltu    gp, a7, pc + 68
core   0: 3 0x80006b2a (0x0511e263)
core   0: 0x80006b2e (0x03c3c5b3) div     a1, t2, t3
core   0: 3 0x80006b2e (0x03c3c5b3) x11 0x00000000
core   0: 0x80006b32 (0x50c5b513) sltiu   a0, a1, 1292
core   0: 3 0x80006b32 (0x50c5b513) x10 0x00000001
core   0: 0x80006b36 (0x00004809) c.li    a6, 2
core   0: 3 0x80006b36 (0x4809) x16 0x00000002
core   0: 0x80006b38 (0x003da7b3) slt     a5, s11, gp
core   0: 3 0x80006b38 (0x003da7b3) x15 0x00000001
core   0: 0x80006b3c (0x41fdd533) sra     a0, s11, t6
core   0: 3 0x80006b3c (0x41fdd533) x10 0x00000090
core   0: 0x80006b40 (0x00009aea) c.add   s5, s10
core   0: 3 0x80006b40 (0x9aea) x21 0x00000465
core   0: 0x80006b42 (0x020aabb3) mulhsu  s7, s5, zero
core   0: 3 0x80006b42 (0x020aabb3) x23 0x00000000
core   0: 0x80006b46 (0x76ca6b13) ori     s6, s4, 1900
core   0: 3 0x80006b46 (0x76ca6b13) x22 0x0000076f
core   0: 0x80006b4a (0x0000100f) fence.i
core   0: 3 0x80006b4a (0x0000100f)
core   0: 0x80006b4e (0x00000001) c.nop
core   0: 3 0x80006b4e (0x0001)
core   0: 0x80006b50 (0x033d1033) mulh    zero, s10, s3
core   0: 3 0x80006b50 (0x033d1033)
core   0: 0x80006b54 (0x021a8933) mul     s2, s5, ra
core   0: 3 0x80006b54 (0x021a8933) x18 0xffe2fd3e
core   0: 0x80006b58 (0x0000e90d) c.bnez  a0, pc + 50
core   0: 3 0x80006b58 (0xe90d)
core   0: 0x80006b8a (0x03b75db3) divu    s11, a4, s11
core   0: 3 0x80006b8a (0x03b75db3) x27 0x00000000
core   0: 0x80006b8e (0x002f6d63) bltu    t5, sp, pc + 26
core   0: 3 0x80006b8e (0x002f6d63)
core   0: 0x80006b92 (0x00b1b1b3) sltu    gp, gp, a1
core   0: 3 0x80006b92 (0x00b1b1b3) x3  0x00000000
core   0: 0x80006b96 (0x00e0f933) and     s2, ra, a4
core   0: 3 0x80006b96 (0x00e0f933) x18 0x00000000
core   0: 0x80006b9a (0x00d7b4b3) sltu    s1, a5, a3
core   0: 3 0x80006b9a (0x00d7b4b3) x9  0x00000001
core   0: 0x80006b9e (0x011363b3) or      t2, t1, a7
core   0: 3 0x80006b9e (0x011363b3) x7  0x0000003e
core   0: 0x80006ba2 (0x000064d5) c.lui   s1, 0x15
core   0: 3 0x80006ba2 (0x64d5) x9  0x00015000
core   0: 0x80006ba4 (0x00301463) bne     zero, gp, pc + 8
core   0: 3 0x80006ba4 (0x00301463)
core   0: 0x80006ba8 (0x03c44863) blt     s0, t3, pc + 48
core   0: 3 0x80006ba8 (0x03c44863)
core   0: 0x80006bd8 (0x024212b3) mulh    t0, tp, tp
core   0: 3 0x80006bd8 (0x024212b3) x5  0x00000000
core   0: 0x80006bdc (0xdb6f3593) sltiu   a1, t5, -586
core   0: 3 0x80006bdc (0xdb6f3593) x11 0x00000001
core   0: 0x80006be0 (0x0000100f) fence.i
core   0: 3 0x80006be0 (0x0000100f)
core   0: 0x80006be4 (0x90a9ec93) ori     s9, s3, -1782
core   0: 3 0x80006be4 (0x90a9ec93) x25 0xfffff90b
core   0: 0x80006be8 (0x00008f29) c.xor   a4, a0
core   0: 3 0x80006be8 (0x8f29) x14 0x00000090
core   0: 0x80006bea (0x0000100f) fence.i
core   0: 3 0x80006bea (0x0000100f)
core   0: 0x80006bee (0x00008f41) c.or    a4, s0
core   0: 3 0x80006bee (0x8f41) x14 0x80000090
core   0: 0x80006bf0 (0x015e8563) beq     t4, s5, pc + 10
core   0: 3 0x80006bf0 (0x015e8563)
core   0: 0x80006bf4 (0x03dc65b3) rem     a1, s8, t4
core   0: 3 0x80006bf4 (0x03dc65b3) x11 0x00000000
core   0: 0x80006bf8 (0x00008195) c.srli  a1, 5
core   0: 3 0x80006bf8 (0x8195) x11 0x00000000
core   0: 0x80006bfa (0x01655463) bge     a0, s6, pc + 8
core   0: 3 0x80006bfa (0x01655463)
core   0: 0x80006bfe (0x0118b833) sltu    a6, a7, a7
core   0: 3 0x80006bfe (0x0118b833) x16 0x00000000
core   0: 0x80006c02 (0x00000286) c.slli  t0, 1
core   0: 3 0x80006c02 (0x0286) x5  0x00000000
core   0: 0x80006c04 (0x41da5113) srai    sp, s4, 29
core   0: 3 0x80006c04 (0x41da5113) x2  0x00000000
core   0: 0x80006c08 (0x02225db3) divu    s11, tp, sp
core   0: 3 0x80006c08 (0x02225db3) x27 0xffffffff
core   0: 0x80006c0c (0x00786133) or      sp, a6, t2
core   0: 3 0x80006c0c (0x00786133) x2  0x0000003e
core   0: 0x80006c10 (0x00009bfd) c.andi  a5, -1
core   0: 3 0x80006c10 (0x9bfd) x15 0x00000001
core   0: 0x80006c12 (0x02901333) mulh    t1, zero, s1
core   0: 3 0x80006c12 (0x02901333) x6  0x00000000
core   0: 0x80006c16 (0x0218adb3) mulhsu  s11, a7, ra
core   0: 3 0x80006c16 (0x0218adb3) x27 0x0000003d
core   0: 0x80006c1a (0xf1957997) auipc   s3, 0xf1957
core   0: 3 0x80006c1a (0xf1957997) x19 0x7195dc1a
core   0: 0x80006c1e (0x004defb3) or      t6, s11, tp
core   0: 3 0x80006c1e (0x004defb3) x31 0x0000003d
core   0: 0x80006c22 (0x7c7a4593) xori    a1, s4, 1991
core   0: 3 0x80006c22 (0x7c7a4593) x11 0x000007c8
core   0: 0x80006c26 (0x0329ff33) remu    t5, s3, s2
core   0: 3 0x80006c26 (0x0329ff33) x30 0x7195dc1a
core   0: 0x80006c2a (0x00008366) c.mv    t1, s9
core   0: 3 0x80006c2a (0x8366) x6  0xfffff90b
core   0: 0x80006c2c (0x00000d06) c.slli  s10, 1
core   0: 3 0x80006c2c (0x0d06) x26 0x000008ca
core   0: 0x80006c2e (0x01909b33) sll     s6, ra, s9
core   0: 3 0x80006c2e (0x01909b33) x22 0xffcb3000
core   0: 0x80006c32 (0x029bddb3) divu    s11, s7, s1
core   0: 3 0x80006c32 (0x029bddb3) x27 0x00000000
core   0: 0x80006c36 (0x00000001) c.nop
core   0: 3 0x80006c36 (0x0001)
core   0: 0x80006c38 (0x4de1c513) xori    a0, gp, 1246
core   0: 3 0x80006c38 (0x4de1c513) x10 0x000004de
core   0: 0x80006c3c (0xa2c70013) addi    zero, a4, -1492
core   0: 3 0x80006c3c (0xa2c70013)
core   0: 0x80006c40 (0x00008d35) c.xor   a0, a3
core   0: 3 0x80006c40 (0x8d35) x10 0x8002583a
core   0: 0x80006c42 (0x03880f33) mul     t5, a6, s8
core   0: 3 0x80006c42 (0x03880f33) x30 0x00000000
core   0: 0x80006c46 (0x0381da33) divu    s4, gp, s8
core   0: 3 0x80006c46 (0x0381da33) x20 0x00000000
core   0: 0x80006c4a (0x0ff0000f) fence   iorw,iorw
core   0: 3 0x80006c4a (0x0ff0000f)
core   0: 0x80006c4e (0x01425133) srl     sp, tp, s4
core   0: 3 0x80006c4e (0x01425133) x2  0x00000000
core   0: 0x80006c52 (0x03ab0163) beq     s6, s10, pc + 34
core   0: 3 0x80006c52 (0x03ab0163)
core   0: 0x80006c56 (0x02c88f33) mul     t5, a7, a2
core   0: 3 0x80006c56 (0x02c88f33) x30 0x00927f38
core   0: 0x80006c5a (0x0261ef33) rem     t5, gp, t1
core   0: 3 0x80006c5a (0x0261ef33) x30 0x00000000
core   0: 0x80006c5e (0x340ee273) csrrsi  tp, mscratch, 29
core   0: 3 0x80006c5e (0x340ee273) x4  0x00000000 c832_mscratch 0x0000001d
core   0: 0x80006c62 (0x0ff0000f) fence   iorw,iorw
core   0: 3 0x80006c62 (0x0ff0000f)
core   0: 0x80006c66 (0x02952233) mulhsu  tp, a0, s1
core   0: 3 0x80006c66 (0x02952233) x4  0xffff5803
core   0: 0x80006c6a (0x003f9993) slli    s3, t6, 3
core   0: 3 0x80006c6a (0x003f9993) x19 0x000001e8
core   0: 0x80006c6e (0x0000c705) c.beqz  a4, pc + 40
core   0: 3 0x80006c6e (0xc705)
core   0: 0x80006c70 (0x029b11b3) mulh    gp, s6, s1
core   0: 3 0x80006c70 (0x029b11b3) x3  0xffffffba
core   0: 0x80006c74 (0x0ff0000f) fence   iorw,iorw
core   0: 3 0x80006c74 (0x0ff0000f)
core   0: 0x80006c78 (0xbca8cf13) xori    t5, a7, -1078
core   0: 3 0x80006c78 (0xbca8cf13) x30 0xfffffbf4
core   0: 0x80006c7c (0x340d6d73) csrrsi  s10, mscratch, 26
core   0: 3 0x80006c7c (0x340d6d73) x26 0x0000001d c832_mscratch 0x0000001f
core   0: 0x80006c80 (0x00667ab3) and     s5, a2, t1
core   0: 3 0x80006c80 (0x00667ab3) x21 0x80025800
core   0: 0x80006c84 (0x00006aa9) c.lui   s5, 0xa
core   0: 3 0x80006c84 (0x6aa9) x21 0x0000a000
core   0: 0x80006c86 (0x34003173) csrrc   sp, mscratch, zero
core   0: 3 0x80006c86 (0x34003173) x2  0x0000001f
core   0: 0x80006c8a (0x02648ab3) mul     s5, s1, t1
core   0: 3 0x80006c8a (0x02648ab3) x21 0xf6de7000
core   0: 0x80006c8e (0x017bb0b3) sltu    ra, s7, s7
core   0: 3 0x80006c8e (0x017bb0b3) x1  0x00000000
core   0: 0x80006c92 (0x1ff2ff93) andi    t6, t0, 511
core   0: 3 0x80006c92 (0x1ff2ff93) x31 0x00000000
core   0: 0x80006c96 (0x0000100f) fence.i
core   0: 3 0x80006c96 (0x0000100f)
core   0: 0x80006c9a (0x8ac9a193) slti    gp, s3, -1876
core   0: 3 0x80006c9a (0x8ac9a193) x3  0x00000000
core   0: 0x80006c9e (0x0ff0000f) fence   iorw,iorw
core   0: 3 0x80006c9e (0x0ff0000f)
core   0: 0x80006ca2 (0x0000830d) c.srli  a4, 3
core   0: 3 0x80006ca2 (0x830d) x14 0x10000012
core   0: 0x80006ca4 (0x00001794) c.addi4spn a3, sp, 992
core   0: 3 0x80006ca4 (0x1794) x13 0x000003ff
core   0: 0x80006ca6 (0x340b29f3) csrrs   s3, mscratch, s6
core   0: 3 0x80006ca6 (0x340b29f3) x19 0x0000001f c832_mscratch 0xffcb301f
core   0: 0x80006caa (0x00006a89) c.lui   s5, 0x2
core   0: 3 0x80006caa (0x6a89) x21 0x00002000
core   0: 0x80006cac (0x34035ff3) csrrwi  t6, mscratch, 6
core   0: 3 0x80006cac (0x34035ff3) x31 0xffcb301f c832_mscratch 0x00000006
core   0: 0x80006cb0 (0x000082d6) c.mv    t0, s5
core   0: 3 0x80006cb0 (0x82d6) x5  0x00002000
core   0: 0x80006cb2 (0x0065d393) srli    t2, a1, 6
core   0: 3 0x80006cb2 (0x0065d393) x7  0x0000001f
core   0: 0x80006cb6 (0x00566263) bltu    a2, t0, pc + 4
core   0: 3 0x80006cb6 (0x00566263)
core   0: 0x80006cba (0x00008719) c.srai  a4, 6
core   0: 3 0x80006cba (0x8719) x14 0x00400000
core   0: 0x80006cbc (0x39047913) andi    s2, s0, 912
core   0: 3 0x80006cbc (0x39047913) x18 0x00000000
core   0: 0x80006cc0 (0x01590a33) add     s4, s2, s5
core   0: 3 0x80006cc0 (0x01590a33) x20 0x00002000
core   0: 0x80006cc4 (0x00000001) c.nop
core   0: 3 0x80006cc4 (0x0001)
core   0: 0x80006cc6 (0x0035dc63) bge     a1, gp, pc + 24
core   0: 3 0x80006cc6 (0x0035dc63)
core   0: 0x80006cde (0x00006121) c.addi16sp sp, 64
core   0: 3 0x80006cde (0x6121) x2  0x0000005f
core   0: 0x80006ce0 (0xe263e597) auipc   a1, 0xe263e
core   0: 3 0x80006ce0 (0xe263e597) x11 0x62644ce0
core   0: 0x80006ce4 (0x000081d5) c.srli  a1, 21
core   0: 3 0x80006ce4 (0x81d5) x11 0x00000313
core   0: 0x80006ce6 (0x34051ff3) csrrw   t6, mscratch, a0
core   0: 3 0x80006ce6 (0x34051ff3) x31 0x00000006 c832_mscratch 0x8002583a
core   0: 0x80006cea (0x01adb533) sltu    a0, s11, s10
core   0: 3 0x80006cea (0x01adb533) x10 0x00000001
core   0: 0x80006cee (0x028e0163) beq     t3, s0, pc + 34
core   0: 3 0x80006cee (0x028e0163)
core   0: 0x80006cf2 (0x03c08e63) beq     ra, t3, pc + 60
core   0: 3 0x80006cf2 (0x03c08e63)
core   0: 0x80006cf6 (0x000085f1) c.srai  a1, 28
core   0: 3 0x80006cf6 (0x85f1) x11 0x00000000
core   0: 0x80006cf8 (0x03c5c6b3) div     a3, a1, t3
core   0: 3 0x80006cf8 (0x03c5c6b3) x13 0x00000000
core   0: 0x80006cfc (0x00000ec2) c.slli  t4, 16
core   0: 3 0x80006cfc (0x0ec2) x29 0xffff0000
core   0: 0x80006cfe (0x027cc263) blt     s9, t2, pc + 36
core   0: 3 0x80006cfe (0x027cc263)
core   0: 0x80006d22 (0x01f34fb3) xor     t6, t1, t6
core   0: 3 0x80006d22 (0x01f34fb3) x31 0xfffff90d
core   0: 0x80006d26 (0x029d7163) bgeu    s10, s1, pc + 34
core   0: 3 0x80006d26 (0x029d7163)
core   0: 0x80006d2a (0x82653a93) sltiu   s5, a0, -2010
core   0: 3 0x80006d2a (0x82653a93) x21 0x00000001
core   0: 0x80006d2e (0x0ff0000f) fence   iorw,iorw
core   0: 3 0x80006d2e (0x0ff0000f)
core   0: 0x80006d32 (0x02a16563) bltu    sp, a0, pc + 42
core   0: 3 0x80006d32 (0x02a16563)
core   0: 0x80006d36 (0x036ed7b3) divu    a5, t4, s6
core   0: 3 0x80006d36 (0x036ed7b3) x15 0x00000001
core   0: 0x80006d3a (0x0129e7b3) or      a5, s3, s2
core   0: 3 0x80006d3a (0x0129e7b3) x15 0x0000001f
core   0: 0x80006d3e (0x1c632113) slti    sp, t1, 454
core   0: 3 0x80006d3e (0x1c632113) x2  0x00000001
core   0: 0x80006d42 (0x340650f3) csrrwi  ra, mscratch, 12
core   0: 3 0x80006d42 (0x340650f3) x1  0x8002583a c832_mscratch 0x0000000c
core   0: 0x80006d46 (0x00000908) c.addi4spn a0, sp, 144
core   0: 3 0x80006d46 (0x0908) x10 0x00000091
core   0: 0x80006d48 (0x005ada93) srli    s5, s5, 5
core   0: 3 0x80006d48 (0x005ada93) x21 0x00000000
core   0: 0x80006d4c (0x00136533) or      a0, t1, ra
core   0: 3 0x80006d4c (0x00136533) x10 0xfffff93b
core   0: 0x80006d50 (0x0494f363) bgeu    s1, s1, pc + 70
core   0: 3 0x80006d50 (0x0494f363)
core   0: 0x80006d96 (0x34006af3) csrrsi  s5, mscratch, 0
core   0: 3 0x80006d96 (0x34006af3) x21 0x0000000c
core   0: 0x80006d9a (0x00000941) c.addi  s2, 16
core   0: 3 0x80006d9a (0x0941) x18 0x00000010
core   0: 0x80006d9c (0x22a87513) andi    a0, a6, 554
core   0: 3 0x80006d9c (0x22a87513) x10 0x00000000
core   0: 0x80006da0 (0x0329e233) rem     tp, s3, s2
core   0: 3 0x80006da0 (0x0329e233) x4  0x0000000f
core   0: 0x80006da4 (0x00001cfd) c.addi  s9, -1
core   0: 3 0x80006da4 (0x1cfd) x25 0xfffff90a
core   0: 0x80006da6 (0x03f31533) mulh    a0, t1, t6
core   0: 3 0x80006da6 (0x03f31533) x10 0x00000000
core   0: 0x80006daa (0x0138b1b3) sltu    gp, a7, s3
core   0: 3 0x80006daa (0x0138b1b3) x3  0x00000000
core   0: 0x80006dae (0x02813a33) mulhu   s4, sp, s0
core   0: 3 0x80006dae (0x02813a33) x20 0x00000000
core   0: 0x80006db2 (0x03068c33) mul     s8, a3, a6
core   0: 3 0x80006db2 (0x03068c33) x24 0x00000000
core   0: 0x80006db6 (0x034ad0b3) divu    ra, s5, s4
core   0: 3 0x80006db6 (0x034ad0b3) x1  0xffffffff
core   0: 0x80006dba (0x0102a7b3) slt     a5, t0, a6
core   0: 3 0x80006dba (0x0102a7b3) x15 0x00000000
core   0: 0x80006dbe (0x00008d3d) c.xor   a0, a5
core   0: 3 0x80006dbe (0x8d3d) x10 0x00000000
core   0: 0x80006dc0 (0x00001f94) c.addi4spn a3, sp, 1008
core   0: 3 0x80006dc0 (0x1f94) x13 0x000003f1
core   0: 0x80006dc2 (0x01eef463) bgeu    t4, t5, pc + 8
core   0: 3 0x80006dc2 (0x01eef463)
core   0: 0x80006dc6 (0x00008541) c.srai  a0, 16
core   0: 3 0x80006dc6 (0x8541) x10 0x00000000
core   0: 0x80006dc8 (0x00006131) c.addi16sp sp, 320
core   0: 3 0x80006dc8 (0x6131) x2  0x00000141
core   0: 0x80006dca (0x40b70933) sub     s2, a4, a1
core   0: 3 0x80006dca (0x40b70933) x18 0x00400000
core   0: 0x80006dce (0xffb43713) sltiu   a4, s0, -5
core   0: 3 0x80006dce (0xffb43713) x14 0x00000001
core   0: 0x80006dd2 (0x00eef563) bgeu    t4, a4, pc + 10
core   0: 3 0x80006dd2 (0x00eef563)
core   0: 0x80006ddc (0x03a7c1b3) div     gp, a5, s10
core   0: 3 0x80006ddc (0x03a7c1b3) x3  0x00000000
core   0: 0x80006de0 (0x00009f62) c.add   t5, s8
core   0: 3 0x80006de0 (0x9f62) x30 0xfffffbf4
core   0: 0x80006de2 (0x00c58963) beq     a1, a2, pc + 18
core   0: 3 0x80006de2 (0x00c58963)
core   0: 0x80006de6 (0x03a78bb3) mul     s7, a5, s10
core   0: 3 0x80006de6 (0x03a78bb3) x23 0x00000000
core   0: 0x80006dea (0x013a0a63) beq     s4, s3, pc + 20
core   0: 3 0x80006dea (0x013a0a63)
core   0: 0x80006dee (0x000061cd) c.lui   gp, 0x13
core   0: 3 0x80006dee (0x61cd) x3  0x00013000
core   0: 0x80006df0 (0x34082df3) csrrs   s11, mscratch, a6
core   0: 3 0x80006df0 (0x34082df3) x27 0x0000000c c832_mscratch 0x0000000c
core   0: 0x80006df4 (0x340137f3) csrrc   a5, mscratch, sp
core   0: 3 0x80006df4 (0x340137f3) x15 0x0000000c c832_mscratch 0x0000000c
core   0: 0x80006df8 (0xe4ffe493) ori     s1, t6, -433
core   0: 3 0x80006df8 (0xe4ffe493) x9  0xffffff4f
core   0: 0x80006dfc (0x00008dfd) c.and   a1, a5
core   0: 3 0x80006dfc (0x8dfd) x11 0x00000000
core   0: 0x80006dfe (0x00008d39) c.xor   a0, a4
core   0: 3 0x80006dfe (0x8d39) x10 0x00000001
core   0: 0x80006e00 (0x000086d5) c.srai  a3, 21
core   0: 3 0x80006e00 (0x86d5) x13 0x00000000
core   0: 0x80006e02 (0x021b64b3) rem     s1, s6, ra
core   0: 3 0x80006e02 (0x021b64b3) x9  0x00000000
core   0: 0x80006e06 (0x407c5933) sra     s2, s8, t2
core   0: 3 0x80006e06 (0x407c5933) x18 0x00000000
core   0: 0x80006e0a (0x0202fc63) bgeu    t0, zero, pc + 56
core   0: 3 0x80006e0a (0x0202fc63)
core   0: 0x80006e42 (0x6b8e9537) lui     a0, 0x6b8e9
core   0: 3 0x80006e42 (0x6b8e9537) x10 0x6b8e9000
core   0: 0x80006e46 (0x011a4033) xor     zero, s4, a7
core   0: 3 0x80006e46 (0x011a4033)
core   0: 0x80006e4a (0x59947d13) andi    s10, s0, 1433
core   0: 3 0x80006e4a (0x59947d13) x26 0x00000000
core   0: 0x80006e4e (0x00000001) c.nop
core   0: 3 0x80006e4e (0x0001)
core   0: 0x80006e50 (0x340574f3) csrrci  s1, mscratch, 10
core   0: 3 0x80006e50 (0x340574f3) x9  0x0000000c c832_mscratch 0x00000004
core   0: 0x80006e54 (0xdb8a4e93) xori    t4, s4, -584
core   0: 3 0x80006e54 (0xdb8a4e93) x29 0xfffffdb8
core   0: 0x80006e58 (0x0282cfb3) div     t6, t0, s0
core   0: 3 0x80006e58 (0x0282cfb3) x31 0x00000000
core   0: 0x80006e5c (0x01dfc663) blt     t6, t4, pc + 12
core   0: 3 0x80006e5c (0x01dfc663)
core   0: 0x80006e60 (0x00fafd63) bgeu    s5, a5, pc + 26
core   0: 3 0x80006e60 (0x00fafd63)
core   0: 0x80006e7a (0x027c8c33) mul     s8, s9, t2
core   0: 3 0x80006e7a (0x027c8c33) x24 0xffff2836
core   0: 0x80006e7e (0x000c5213) srli    tp, s8, 0
core   0: 3 0x80006e7e (0x000c5213) x4  0xffff2836
core   0: 0x80006e82 (0x017538b3) sltu    a7, a0, s7
core   0: 3 0x80006e82 (0x017538b3) x17 0x00000000
core   0: 0x80006e86 (0x0000e0a1) c.bnez  s1, pc + 64
core   0: 3 0x80006e86 (0xe0a1)
core   0: 0x80006ec6 (0x00008f8d) c.sub   a5, a1
core   0: 3 0x80006ec6 (0x8f8d) x15 0x0000000c
core   0: 0x80006ec8 (0x00008775) c.srai  a4, 29
core   0: 3 0x80006ec8 (0x8775) x14 0x00000000
core   0: 0x80006eca (0x00000001) c.nop
core   0: 3 0x80006eca (0x0001)
core   0: 0x80006ecc (0x014b16b3) sll     a3, s6, s4
core   0: 3 0x80006ecc (0x014b16b3) x13 0xffcb3000
core   0: 0x80006ed0 (0x024fe333) rem     t1, t6, tp
core   0: 3 0x80006ed0 (0x024fe333) x6  0x00000000
core   0: 0x80006ed4 (0x00005afd) c.li    s5, -1
core   0: 3 0x80006ed4 (0x5afd) x21 0xffffffff
core   0: 0x80006ed6 (0x03e02b33) mulhsu  s6, zero, t5
core   0: 3 0x80006ed6 (0x03e02b33) x22 0x00000000
core   0: 0x80006eda (0x000087f1) c.srai  a5, 28
core   0: 3 0x80006eda (0x87f1) x15 0x00000000
core   0: 0x80006edc (0x00518ab3) add     s5, gp, t0
core   0: 3 0x80006edc (0x00518ab3) x21 0x00015000
core   0: 0x80006ee0 (0x00004091) c.li    ra, 4
core   0: 3 0x80006ee0 (0x4091) x1  0x00000004
core   0: 0x80006ee2 (0x0000717d) c.addi16sp sp, -16
core   0: 3 0x80006ee2 (0x717d) x2  0x00000131
core   0: 0x80006ee4 (0x00008d6d) c.and   a0, a1
core   0: 3 0x80006ee4 (0x8d6d) x10 0x00000000
core   0: 0x80006ee6 (0x340e90f3) csrrw   ra, mscratch, t4
core   0: 3 0x80006ee6 (0x340e90f3) x1  0x00000004 c832_mscratch 0xfffffdb8
core   0: 0x80006eea (0x676cfc13) andi    s8, s9, 1654
core   0: 3 0x80006eea (0x676cfc13) x24 0x00000002
core   0: 0x80006eee (0x00000001) c.nop
core   0: 3 0x80006eee (0x0001)
core   0: 0x80006ef0 (0x035492b3) mulh    t0, s1, s5
core   0: 3 0x80006ef0 (0x035492b3) x5  0x00000000
core   0: 0x80006ef4 (0x0089d293) srli    t0, s3, 8
core   0: 3 0x80006ef4 (0x0089d293) x5  0x00000000
core   0: 0x80006ef8 (0x40a55d93) srai    s11, a0, 10
core   0: 3 0x80006ef8 (0x40a55d93) x27 0x00000000
core   0: 0x80006efc (0x0180dd93) srli    s11, ra, 24
core   0: 3 0x80006efc (0x0180dd93) x27 0x00000000
core   0: 0x80006f00 (0x340e7973) csrrci  s2, mscratch, 28
core   0: 3 0x80006f00 (0x340e7973) x18 0xfffffdb8 c832_mscratch 0xfffffda0
core   0: 0x80006f04 (0x34003773) csrrc   a4, mscratch, zero
core   0: 3 0x80006f04 (0x34003773) x14 0xfffffda0
core   0: 0x80006f08 (0x0000ef81) c.bnez  a5, pc + 24
core   0: 3 0x80006f08 (0xef81)
core   0: 0x80006f0a (0x340f6bf3) csrrsi  s7, mscratch, 30
core   0: 3 0x80006f0a (0x340f6bf3) x23 0xfffffda0 c832_mscratch 0xfffffdbe
core   0: 0x80006f0e (0x01bfcd33) xor     s10, t6, s11
core   0: 3 0x80006f0e (0x01bfcd33) x26 0x00000000
core   0: 0x80006f12 (0x34002573) csrr    a0, mscratch
core   0: 3 0x80006f12 (0x34002573) x10 0xfffffdbe
core   0: 0x80006f16 (0x036940b3) div     ra, s2, s6
core   0: 3 0x80006f16 (0x036940b3) x1  0xffffffff
core   0: 0x80006f1a (0x416ed813) srai    a6, t4, 22
core   0: 3 0x80006f1a (0x416ed813) x16 0xffffffff
core   0: 0x80006f1e (0x0000615d) c.addi16sp sp, 432
core   0: 3 0x80006f1e (0x615d) x2  0x000002e1
core   0: 0x80006f20 (0x340b6f73) csrrsi  t5, mscratch, 22
core   0: 3 0x80006f20 (0x340b6f73) x30 0xfffffdbe c832_mscratch 0xfffffdbe
core   0: 0x80006f24 (0x01bc3c33) sltu    s8, s8, s11
core   0: 3 0x80006f24 (0x01bc3c33) x24 0x00000000
core   0: 0x80006f28 (0x0000022a) c.slli  tp, 10
core   0: 3 0x80006f28 (0x022a) x4  0xfca0d800
core   0: 0x80006f2a (0x0000896d) c.andi  a0, 27
core   0: 3 0x80006f2a (0x896d) x10 0x0000001a
core   0: 0x80006f2c (0x008e7733) and     a4, t3, s0
core   0: 3 0x80006f2c (0x008e7733) x14 0x80000000
core   0: 0x80006f30 (0x01231b93) slli    s7, t1, 18
core   0: 3 0x80006f30 (0x01231b93) x23 0x00000000
core   0: 0x80006f34 (0x0132a2b3) slt     t0, t0, s3
core   0: 3 0x80006f34 (0x0132a2b3) x5  0x00000001
core   0: 0x80006f38 (0x340d7b73) csrrci  s6, mscratch, 26
core   0: 3 0x80006f38 (0x340d7b73) x22 0xfffffdbe c832_mscratch 0xfffffda4
core   0: 0x80006f3c (0x6a0fa193) slti    gp, t6, 1696
core   0: 3 0x80006f3c (0x6a0fa193) x3  0x00000001
core   0: 0x80006f40 (0x00000001) c.nop
core   0: 3 0x80006f40 (0x0001)
core   0: 0x80006f42 (0x4a6d14b7) lui     s1, 0x4a6d1
core   0: 3 0x80006f42 (0x4a6d14b7) x9  0x4a6d1000
core   0: 0x80006f46 (0x0000100f) fence.i
core   0: 3 0x80006f46 (0x0000100f)
core   0: 0x80006f4a (0x0000c795) c.beqz  a5, pc + 44
core   0: 3 0x80006f4a (0xc795)
core   0: 0x80006f76 (0x000083ee) c.mv    t2, s11
core   0: 3 0x80006f76 (0x83ee) x7  0x00000000
core   0: 0x80006f78 (0x340071f3) csrrci  gp, mscratch, 0
core   0: 3 0x80006f78 (0x340071f3) x3  0xfffffda4
core   0: 0x80006f7c (0x0000815d) c.srli  a0, 23
core   0: 3 0x80006f7c (0x815d) x10 0x00000000
core   0: 0x80006f7e (0x014d1493) slli    s1, s10, 20
core   0: 3 0x80006f7e (0x014d1493) x9  0x00000000
core   0: 0x80006f82 (0xffca6813) ori     a6, s4, -4
core   0: 3 0x80006f82 (0xffca6813) x16 0xfffffffc
core   0: 0x80006f86 (0x0000717d) c.addi16sp sp, -16
core   0: 3 0x80006f86 (0x717d) x2  0x000002d1
core   0: 0x80006f88 (0x000081d9) c.srli  a1, 22
core   0: 3 0x80006f88 (0x81d9) x11 0x00000000
core   0: 0x80006f8a (0x00941993) slli    s3, s0, 9
core   0: 3 0x80006f8a (0x00941993) x19 0x00000000
core   0: 0x80006f8e (0x012d2c33) slt     s8, s10, s2
core   0: 3 0x80006f8e (0x012d2c33) x24 0x00000000
core   0: 0x80006f92 (0x047f0263) beq     t5, t2, pc + 68
core   0: 3 0x80006f92 (0x047f0263)
core   0: 0x80006f96 (0x056d4263) blt     s10, s6, pc + 68
core   0: 3 0x80006f96 (0x056d4263)
core   0: 0x80006f9a (0x3409f373) csrrci  t1, mscratch, 19
core   0: 3 0x80006f9a (0x3409f373) x6  0xfffffda4 c832_mscratch 0xfffffda4
core   0: 0x80006f9e (0x001ea133) slt     sp, t4, ra
core   0: 3 0x80006f9e (0x001ea133) x2  0x00000001
core   0: 0x80006fa2 (0x34002b73) csrr    s6, mscratch
core   0: 3 0x80006fa2 (0x34002b73) x22 0xfffffda4
core   0: 0x80006fa6 (0x000082e9) c.srli  a3, 26
core   0: 3 0x80006fa6 (0x82e9) x13 0x0000003f
core   0: 0x80006fa8 (0x00000001) c.nop
core   0: 3 0x80006fa8 (0x0001)
core   0: 0x80006faa (0x32c9c993) xori    s3, s3, 812
core   0: 3 0x80006faa (0x32c9c993) x19 0x0000032c
core   0: 0x80006fae (0x340025f3) csrr    a1, mscratch
core   0: 3 0x80006fae (0x340025f3) x11 0xfffffda4
core   0: 0x80006fb2 (0x0365c3b3) div     t2, a1, s6
core   0: 3 0x80006fb2 (0x0365c3b3) x7  0x00000001
core   0: 0x80006fb6 (0x01160bb3) add     s7, a2, a7
core   0: 3 0x80006fb6 (0x01160bb3) x23 0x80025ce4
core   0: 0x80006fba (0x00008981) c.andi  a1, 0
core   0: 3 0x80006fba (0x8981) x11 0x00000000
core   0: 0x80006fbc (0x0229bb33) mulhu   s6, s3, sp
core   0: 3 0x80006fbc (0x0229bb33) x22 0x00000000
core   0: 0x80006fc0 (0x00974133) xor     sp, a4, s1
core   0: 3 0x80006fc0 (0x00974133) x2  0x80000000
core   0: 0x80006fc4 (0x0000e08d) c.bnez  s1, pc + 34
core   0: 3 0x80006fc4 (0xe08d)
core   0: 0x80006fc6 (0x00f051b3) srl     gp, zero, a5
core   0: 3 0x80006fc6 (0x00f051b3) x3  0x00000000
core   0: 0x80006fca (0x0147e363) bltu    a5, s4, pc + 6
core   0: 3 0x80006fca (0x0147e363)
core   0: 0x80006fce (0x0000197d) c.addi  s2, -1
core   0: 3 0x80006fce (0x197d) x18 0xfffffdb7
core   0: 0x80006fd0 (0x000014fd) c.addi  s1, -1
core   0: 3 0x80006fd0 (0x14fd) x9  0xffffffff
core   0: 0x80006fd2 (0x01dd1093) slli    ra, s10, 29
core   0: 3 0x80006fd2 (0x01dd1093) x1  0x00000000
core   0: 0x80006fd6 (0xa984b793) sltiu   a5, s1, -1384
core   0: 3 0x80006fd6 (0xa984b793) x15 0x00000000
core   0: 0x80006fda (0x44893d97) auipc   s11, 0x44893
core   0: 3 0x80006fda (0x44893d97) x27 0xc4899fda
core   0: 0x80006fde (0x000080ad) c.srli  s1, 11
core   0: 3 0x80006fde (0x80ad) x9  0x001fffff
core   0: 0x80006fe0 (0x01101133) sll     sp, zero, a7
core   0: 3 0x80006fe0 (0x01101133) x2  0x00000000
core   0: 0x80006fe4 (0x0000c895) c.beqz  s1, pc + 52
core   0: 3 0x80006fe4 (0xc895)
core   0: 0x80006fe6 (0xc3a76993) ori     s3, a4, -966
core   0: 3 0x80006fe6 (0xc3a76993) x19 0xfffffc3a
core   0: 0x80006fea (0x340ba7f3) csrrs   a5, mscratch, s7
core   0: 3 0x80006fea (0x340ba7f3) x15 0xfffffda4 c832_mscratch 0xfffffde4
core   0: 0x80006fee (0x00009f46) c.add   t5, a7
core   0: 3 0x80006fee (0x9f46) x30 0xfffffdbe
core   0: 0x80006ff0 (0x34051173) csrrw   sp, mscratch, a0
core   0: 3 0x80006ff0 (0x34051173) x2  0xfffffde4 c832_mscratch 0x00000000
core   0: 0x80006ff4 (0x03e85063) bge     a6, t5, pc + 32
core   0: 3 0x80006ff4 (0x03e85063)
core   0: 0x80007014 (0x0ff0000f) fence   iorw,iorw
core   0: 3 0x80007014 (0x0ff0000f)
core   0: 0x80007018 (0x017fd033) srl     zero, t6, s7
core   0: 3 0x80007018 (0x017fd033)
core   0: 0x8000701c (0x00008da9) c.xor   a1, a0
core   0: 3 0x8000701c (0x8da9) x11 0x00000000
core   0: 0x8000701e (0x01501463) bne     zero, s5, pc + 8
core   0: 3 0x8000701e (0x01501463)
core   0: 0x80007026 (0x340831f3) csrrc   gp, mscratch, a6
core   0: 3 0x80007026 (0x340831f3) x3  0x00000000 c832_mscratch 0x00000000
core   0: 0x8000702a (0x0000100f) fence.i
core   0: 3 0x8000702a (0x0000100f)
core   0: 0x8000702e (0x0055a333) slt     t1, a1, t0
core   0: 3 0x8000702e (0x0055a333) x6  0x00000001
core   0: 0x80007032 (0x01c2ff33) and     t5, t0, t3
core   0: 3 0x80007032 (0x01c2ff33) x30 0x00000000
core   0: 0x80007036 (0x03bb4233) div     tp, s6, s11
core   0: 3 0x80007036 (0x03bb4233) x4  0x00000000
core   0: 0x8000703a (0x00e0f5b3) and     a1, ra, a4
core   0: 3 0x8000703a (0x00e0f5b3) x11 0x00000000
core   0: 0x8000703e (0x00008bf2) c.mv    s7, t3
core   0: 3 0x8000703e (0x8bf2) x23 0x80021e64
core   0: 0x80007040 (0x00008cf9) c.and   s1, a4
core   0: 3 0x80007040 (0x8cf9) x9  0x00000000
core   0: 0x80007042 (0x0000e705) c.bnez  a4, pc + 40
core   0: 3 0x80007042 (0xe705)
core   0: 0x8000706a (0x0000e389) c.bnez  a5, pc + 2
core   0: 3 0x8000706a (0xe389)
core   0: 0x8000706c (0x00aaa4b3) slt     s1, s5, a0
core   0: 3 0x8000706c (0x00aaa4b3) x9  0x00000000
core   0: 0x80007070 (0x00000001) c.nop
core   0: 3 0x80007070 (0x0001)
core   0: 0x80007072 (0x03966f33) rem     t5, a2, s9
core   0: 3 0x80007072 (0x03966f33) x30 0xfffffc30
core   0: 0x80007076 (0x0000ee99) c.bnez  a3, pc + 30
core   0: 3 0x80007076 (0xee99)
core   0: 0x80007094 (0x01a0b7b3) sltu    a5, ra, s10
core   0: 3 0x80007094 (0x01a0b7b3) x15 0x00000000
core   0: 0x80007098 (0x01016563) bltu    sp, a6, pc + 10
core   0: 3 0x80007098 (0x01016563)
core   0: 0x800070a2 (0x00f4fdb3) and     s11, s1, a5
core   0: 3 0x800070a2 (0x00f4fdb3) x27 0x00000000
core   0: 0x800070a6 (0x00008dd9) c.or    a1, a4
core   0: 3 0x800070a6 (0x8dd9) x11 0x80000000
core   0: 0x800070a8 (0x000069d9) c.lui   s3, 0x16
core   0: 3 0x800070a8 (0x69d9) x19 0x00016000
core   0: 0x800070aa (0x01c0eab3) or      s5, ra, t3
core   0: 3 0x800070aa (0x01c0eab3) x21 0x80021e64
core   0: 0x800070ae (0xbd5e4a93) xori    s5, t3, -1067
core   0: 3 0x800070ae (0xbd5e4a93) x21 0x7ffde5b1
core   0: 0x800070b2 (0x00000331) c.addi  t1, 12
core   0: 3 0x800070b2 (0x0331) x6  0x0000000d
core   0: 0x800070b4 (0x0ff0000f) fence   iorw,iorw
core   0: 3 0x800070b4 (0x0ff0000f)
core   0: 0x800070b8 (0x00001b7d) c.addi  s6, -1
core   0: 3 0x800070b8 (0x1b7d) x22 0xffffffff
core   0: 0x800070ba (0x003533b3) sltu    t2, a0, gp
core   0: 3 0x800070ba (0x003533b3) x7  0x00000000
core   0: 0x800070be (0x03310833) mul     a6, sp, s3
core   0: 3 0x800070be (0x03310833) x16 0xfd198000
core   0: 0x800070c2 (0x00ba51b3) srl     gp, s4, a1
core   0: 3 0x800070c2 (0x00ba51b3) x3  0x00000000
core   0: 0x800070c6 (0x340b14f3) csrrw   s1, mscratch, s6
core   0: 3 0x800070c6 (0x340b14f3) x9  0x00000000 c832_mscratch 0xffffffff
core   0: 0x800070ca (0x34242737) lui     a4, 0x34242
core   0: 3 0x800070ca (0x34242737) x14 0x34242000
core   0: 0x800070ce (0x00a68733) add     a4, a3, a0
core   0: 3 0x800070ce (0x00a68733) x14 0x0000003f
core   0: 0x800070d2 (0x005d66b3) or      a3, s10, t0
core   0: 3 0x800070d2 (0x005d66b3) x13 0x00000001
core   0: 0x800070d6 (0x0000eb85) c.bnez  a5, pc + 48
core   0: 3 0x800070d6 (0xeb85)
core   0: 0x800070d8 (0x0000199c) c.addi4spn a5, sp, 240
core   0: 3 0x800070d8 (0x199c) x15 0xfffffed4
core   0: 0x800070da (0x038b9563) bne     s7, s8, pc + 42
core   0: 3 0x800070da (0x038b9563)
core   0: 0x80007104 (0x00000001) c.nop
core   0: 3 0x80007104 (0x0001)
core   0: 0x80007106 (0x02dd97b3) mulh    a5, s11, a3
core   0: 3 0x80007106 (0x02dd97b3) x15 0x00000000
core   0: 0x8000710a (0x00000f92) c.slli  t6, 4
core   0: 3 0x8000710a (0x0f92) x31 0x00000000
core   0: 0x8000710c (0x3c2afa93) andi    s5, s5, 962
core   0: 3 0x8000710c (0x3c2afa93) x21 0x00000180
core   0: 0x80007110 (0x02e8c363) blt     a7, a4, pc + 38
core   0: 3 0x80007110 (0x02e8c363)
core   0: 0x80007136 (0x00009df6) c.add   s11, t4
core   0: 3 0x80007136 (0x9df6) x27 0xfffffdb8
core   0: 0x80007138 (0x0000c485) c.beqz  s1, pc + 40
core   0: 3 0x80007138 (0xc485)
core   0: 0x80007160 (0x022cf733) remu    a4, s9, sp
core   0: 3 0x80007160 (0x022cf733) x14 0xfffff90a
core   0: 0x80007164 (0x019bd233) srl     tp, s7, s9
core   0: 3 0x80007164 (0x019bd233) x4  0x00200087
core   0: 0x80007168 (0x00492bb3) slt     s7, s2, tp
core   0: 3 0x80007168 (0x00492bb3) x23 0x00000001
core   0: 0x8000716c (0x41875a33) sra     s4, a4, s8
core   0: 3 0x8000716c (0x41875a33) x20 0xfffff90a
core   0: 0x80007170 (0x83fcf9b7) lui     s3, 0x83fcf
core   0: 3 0x80007170 (0x83fcf9b7) x19 0x83fcf000
core   0: 0x80007174 (0x01a59663) bne     a1, s10, pc + 12
core   0: 3 0x80007174 (0x01a59663)
core   0: 0x80007180 (0x00000314) c.addi4spn a3, sp, 384
core   0: 3 0x80007180 (0x0314) x13 0xffffff64
core   0: 0x80007182 (0x010adb13) srli    s6, s5, 16
core   0: 3 0x80007182 (0x010adb13) x22 0x00000000
core   0: 0x80007186 (0x3401a073) csrs    mscratch, gp
core   0: 3 0x80007186 (0x3401a073) c832_mscratch 0xffffffff
core   0: 0x8000718a (0x036b5363) bge     s6, s6, pc + 38
core   0: 3 0x8000718a (0x036b5363)
core   0: 0x800071b0 (0x34051073) csrw    mscratch, a0
core   0: 3 0x800071b0 (0x34051073) c832_mscratch 0x00000000
core   0: 0x800071b4 (0x025aaa33) mulhsu  s4, s5, t0
core   0: 3 0x800071b4 (0x025aaa33) x20 0x00000000
core   0: 0x800071b8 (0x028b8fb3) mul     t6, s7, s0
core   0: 3 0x800071b8 (0x028b8fb3) x31 0x80000000
core   0: 0x800071bc (0x0000812a) c.mv    sp, a0
core   0: 3 0x800071bc (0x812a) x2  0x00000000
core   0: 0x800071be (0x000086c9) c.srai  a3, 18
core   0: 3 0x800071be (0x86c9) x13 0xffffffff
core   0: 0x800071c0 (0x00008d8d) c.sub   a1, a1
core   0: 3 0x800071c0 (0x8d8d) x11 0x00000000
core   0: 0x800071c2 (0x93d86113) ori     sp, a6, -1731
core   0: 3 0x800071c2 (0x93d86113) x2  0xfffff93d
core   0: 0x800071c6 (0x0ff0000f) fence   iorw,iorw
core   0: 3 0x800071c6 (0x0ff0000f)
core   0: 0x800071ca (0x000089a1) c.andi  a1, 8
core   0: 3 0x800071ca (0x89a1) x11 0x00000000
core   0: 0x800071cc (0x00001904) c.addi4spn s1, sp, 176
core   0: 3 0x800071cc (0x1904) x9  0xfffff9ed
core   0: 0x800071ce (0x340139f3) csrrc   s3, mscratch, sp
core   0: 3 0x800071ce (0x340139f3) x19 0x00000000 c832_mscratch 0x00000000
core   0: 0x800071d2 (0x02bd0d63) beq     s10, a1, pc + 58
core   0: 3 0x800071d2 (0x02bd0d63)
core   0: 0x8000720c (0x0000832d) c.srli  a4, 11
core   0: 3 0x8000720c (0x832d) x14 0x001fffff
core   0: 0x8000720e (0x00b7d463) bge     a5, a1, pc + 8
core   0: 3 0x8000720e (0x00b7d463)
core   0: 0x80007216 (0xbcdc7213) andi    tp, s8, -1075
core   0: 3 0x80007216 (0xbcdc7213) x4  0x00000000
core   0: 0x8000721a (0x00000001) c.nop
core   0: 3 0x8000721a (0x0001)
core   0: 0x8000721c (0x6dde4b13) xori    s6, t3, 1757
core   0: 3 0x8000721c (0x6dde4b13) x22 0x800218b9
core   0: 0x80007220 (0x0000100f) fence.i
core   0: 3 0x80007220 (0x0000100f)
core   0: 0x80007224 (0x3408e5f3) csrrsi  a1, mscratch, 17
core   0: 3 0x80007224 (0x3408e5f3) x11 0x00000000 c832_mscratch 0x00000011
core   0: 0x80007228 (0x030d1063) bne     s10, a6, pc + 32
core   0: 3 0x80007228 (0x030d1063)
core   0: 0x80007248 (0x00000001) c.nop
core   0: 3 0x80007248 (0x0001)
core   0: 0x8000724a (0x00000001) c.nop
core   0: 3 0x8000724a (0x0001)
core   0: 0x8000724c (0x40245b13) srai    s6, s0, 2
core   0: 3 0x8000724c (0x40245b13) x22 0xe0000000
core   0: 0x80007250 (0x00361313) slli    t1, a2, 3
core   0: 3 0x80007250 (0x00361313) x6  0x0012e720
core   0: 0x80007254 (0x6f952c93) slti    s9, a0, 1785
core   0: 3 0x80007254 (0x6f952c93) x25 0x00000001
core   0: 0x80007258 (0x00000b42) c.slli  s6, 16
core   0: 3 0x80007258 (0x0b42) x22 0x00000000
core   0: 0x8000725a (0x000fad33) slt     s10, t6, zero
core   0: 3 0x8000725a (0x000fad33) x26 0x00000001
core   0: 0x8000725e (0x320e8493) addi    s1, t4, 800
core   0: 3 0x8000725e (0x320e8493) x9  0x000000d8
core   0: 0x80007262 (0x003e1d13) slli    s10, t3, 3
core   0: 3 0x80007262 (0x003e1d13) x26 0x0010f320
core   0: 0x80007266 (0x01289393) slli    t2, a7, 18
core   0: 3 0x80007266 (0x01289393) x7  0x00000000
core   0: 0x8000726a (0x000081cd) c.srli  a1, 19
core   0: 3 0x8000726a (0x81cd) x11 0x00000000
core   0: 0x8000726c (0x00008b61) c.andi  a4, 24
core   0: 3 0x8000726c (0x8b61) x14 0x00000018
core   0: 0x8000726e (0x340bdaf3) csrrwi  s5, mscratch, 23
core   0: 3 0x8000726e (0x340bdaf3) x21 0x00000011 c832_mscratch 0x00000017
core   0: 0x80007272 (0x4167de93) srai    t4, a5, 22
core   0: 3 0x80007272 (0x4167de93) x29 0x00000000
core   0: 0x80007276 (0x00000712) c.slli  a4, 4
core   0: 3 0x80007276 (0x0712) x14 0x00000180
core   0: 0x80007278 (0x34006c73) csrrsi  s8, mscratch, 0
core   0: 3 0x80007278 (0x34006c73) x24 0x00000017
core   0: 0x8000727c (0x0000ef09) c.bnez  a4, pc + 26
core   0: 3 0x8000727c (0xef09)
core   0: 0x80007296 (0x007c0db3) add     s11, s8, t2
core   0: 3 0x80007296 (0x007c0db3) x27 0x00000017
core   0: 0x8000729a (0x00001a94) c.addi4spn a3, sp, 368
core   0: 3 0x8000729a (0x1a94) x13 0xfffffaad
core   0: 0x8000729c (0x028f2bb3) mulhsu  s7, t5, s0
core   0: 3 0x8000729c (0x028f2bb3) x23 0xfffffe18
core   0: 0x800072a0 (0x00c357b3) srl     a5, t1, a2
core   0: 3 0x800072a0 (0x00c357b3) x15 0x00012e72
core   0: 0x800072a4 (0x3409a973) csrrs   s2, mscratch, s3
core   0: 3 0x800072a4 (0x3409a973) x18 0x00000017 c832_mscratch 0x00000017
core   0: 0x800072a8 (0x00c3d363) bge     t2, a2, pc + 6
core   0: 3 0x800072a8 (0x00c3d363)
core   0: 0x800072ae (0x00009f5e) c.add   t5, s7
core   0: 3 0x800072ae (0x9f5e) x30 0xfffffa48
core   0: 0x800072b0 (0x00008f9d) c.sub   a5, a5
core   0: 3 0x800072b0 (0x8f9d) x15 0x00000000
core   0: 0x800072b2 (0x00fd99b3) sll     s3, s11, a5
core   0: 3 0x800072b2 (0x00fd99b3) x19 0x00000017
core   0: 0x800072b6 (0x0100c933) xor     s2, ra, a6
core   0: 3 0x800072b6 (0x0100c933) x18 0xfd198000
core   0: 0x800072ba (0x01c68263) beq     a3, t3, pc + 4
core   0: 3 0x800072ba (0x01c68263)
core   0: 0x800072be (0x00009ca2) c.add   s9, s0
core   0: 3 0x800072be (0x9ca2) x25 0x80000001
core   0: 0x800072c0 (0x00006f7d) c.lui   t5, 0x1f
core   0: 3 0x800072c0 (0x6f7d) x30 0x0001f000
core   0: 0x800072c2 (0x40d70193) addi    gp, a4, 1037
core   0: 3 0x800072c2 (0x40d70193) x3  0x0000058d
core   0: 0x800072c6 (0x0000849e) c.mv    s1, t2
core   0: 3 0x800072c6 (0x849e) x9  0x00000000
core   0: 0x800072c8 (0x01aa6f33) or      t5, s4, s10
core   0: 3 0x800072c8 (0x01aa6f33) x30 0x0010f320
core   0: 0x800072cc (0x0159ac33) slt     s8, s3, s5
core   0: 3 0x800072cc (0x0159ac33) x24 0x00000000
core   0: 0x800072d0 (0x41b85733) sra     a4, a6, s11
core   0: 3 0x800072d0 (0x41b85733) x14 0xfffffffa
core   0: 0x800072d4 (0x03f91263) bne     s2, t6, pc + 36
core   0: 3 0x800072d4 (0x03f91263)
core   0: 0x800072f8 (0x34091973) csrrw   s2, mscratch, s2
core   0: 3 0x800072f8 (0x34091973) x18 0x00000017 c832_mscratch 0xfd198000
core   0: 0x800072fc (0x00006161) c.addi16sp sp, 80
core   0: 3 0x800072fc (0x6161) x2  0xfffff98d
core   0: 0x800072fe (0x00f5e463) bltu    a1, a5, pc + 8
core   0: 3 0x800072fe (0x00f5e463)
core   0: 0x80007302 (0x01719313) slli    t1, gp, 23
core   0: 3 0x80007302 (0x01719313) x6  0xc6800000
core   0: 0x80007306 (0x000080ad) c.srli  s1, 11
core   0: 3 0x80007306 (0x80ad) x9  0x00000000
core   0: 0x80007308 (0x01fcdc63) bge     s9, t6, pc + 24
core   0: 3 0x80007308 (0x01fcdc63)
core   0: 0x80007320 (0x000054fd) c.li    s1, -1
core   0: 3 0x80007320 (0x54fd) x9  0xffffffff
core   0: 0x80007322 (0x00edc2b3) xor     t0, s11, a4
core   0: 3 0x80007322 (0x00edc2b3) x5  0xffffffed
core   0: 0x80007326 (0x340aa173) csrrs   sp, mscratch, s5
core   0: 3 0x80007326 (0x340aa173) x2  0xfd198000 c832_mscratch 0xfd198011
core   0: 0x8000732a (0x013df1b3) and     gp, s11, s3
core   0: 3 0x8000732a (0x013df1b3) x3  0x00000017
core   0: 0x8000732e (0x00008f39) c.xor   a4, a4
core   0: 3 0x8000732e (0x8f39) x14 0x00000000
core   0: 0x80007330 (0x00f14c33) xor     s8, sp, a5
core   0: 3 0x80007330 (0x00f14c33) x24 0xfd198000
core   0: 0x80007334 (0x01fad933) srl     s2, s5, t6
core   0: 3 0x80007334 (0x01fad933) x18 0x00000011
core   0: 0x80007338 (0x401cd6b3) sra     a3, s9, ra
core   0: 3 0x80007338 (0x401cd6b3) x13 0x80000001
core   0: 0x8000733c (0x000098e6) c.add   a7, s9
core   0: 3 0x8000733c (0x98e6) x17 0x80000001
core   0: 0x8000733e (0x00c60663) beq     a2, a2, pc + 12
core   0: 3 0x8000733e (0x00c60663)
core   0: 0x8000734a (0x00008d21) c.xor   a0, s0
core   0: 3 0x8000734a (0x8d21) x10 0x80000000
core   0: 0x8000734c (0x018b50b3) srl     ra, s6, s8
core   0: 3 0x8000734c (0x018b50b3) x1  0x00000000
core   0: 0x80007350 (0x0185e733) or      a4, a1, s8
core   0: 3 0x80007350 (0x0185e733) x14 0xfd198000
core   0: 0x80007354 (0x0000717d) c.addi16sp sp, -16
core   0: 3 0x80007354 (0x717d) x2  0xfd197ff0
core   0: 0x80007356 (0x34051af3) csrrw   s5, mscratch, a0
core   0: 3 0x80007356 (0x34051af3) x21 0xfd198011 c832_mscratch 0x80000000
core   0: 0x8000735a (0x4e273793) sltiu   a5, a4, 1250
core   0: 3 0x8000735a (0x4e273793) x15 0x00000000
core   0: 0x8000735e (0x00000d8c) c.addi4spn a1, sp, 720
core   0: 3 0x8000735e (0x0d8c) x11 0xfd1982c0
core   0: 0x80007360 (0x0000c1a9) c.beqz  a1, pc + 66
core   0: 3 0x80007360 (0xc1a9)
core   0: 0x80007362 (0x00000001) c.nop
core   0: 3 0x80007362 (0x0001)
core   0: 0x80007364 (0x8b5dcd13) xori    s10, s11, -1867
core   0: 3 0x80007364 (0x8b5dcd13) x26 0xfffff8a2
core   0: 0x80007368 (0x02a45733) divu    a4, s0, a0
core   0: 3 0x80007368 (0x02a45733) x14 0x00000001
core   0: 0x8000736c (0x0019e933) or      s2, s3, ra
core   0: 3 0x8000736c (0x0019e933) x18 0x00000017
core   0: 0x80007370 (0x40115393) srai    t2, sp, 1
core   0: 3 0x80007370 (0x40115393) x7  0xfe8cbff8
core   0: 0x80007374 (0x00008959) c.andi  a0, 22
core   0: 3 0x80007374 (0x8959) x10 0x00000000
core   0: 0x80007376 (0x000084c1) c.srai  s1, 16
core   0: 3 0x80007376 (0x84c1) x9  0xffffffff
core   0: 0x80007378 (0x00000d9e) c.slli  s11, 7
core   0: 3 0x80007378 (0x0d9e) x27 0x00000b80
core   0: 0x8000737a (0xce6b8513) addi    a0, s7, -794
core   0: 3 0x8000737a (0xce6b8513) x10 0xfffffafe
core   0: 0x8000737e (0x03657fb3) remu    t6, a0, s6
core   0: 3 0x8000737e (0x03657fb3) x31 0xfffffafe
core   0: 0x80007382 (0x03437033) remu    zero, t1, s4
core   0: 3 0x80007382 (0x03437033)
core   0: 0x80007386 (0x15a8ea93) ori     s5, a7, 346
core   0: 3 0x80007386 (0x15a8ea93) x21 0x8000015b
core   0: 0x8000738a (0x00df9563) bne     t6, a3, pc + 10
core   0: 3 0x8000738a (0x00df9563)
core   0: 0x80007394 (0x00006cdd) c.lui   s9, 0x17
core   0: 3 0x80007394 (0x6cdd) x25 0x00017000
core   0: 0x80007396 (0xa9827e93) andi    t4, tp, -1384
core   0: 3 0x80007396 (0xa9827e93) x29 0x00000000
core   0: 0x8000739a (0x13d14713) xori    a4, sp, 317
core   0: 3 0x8000739a (0x13d14713) x14 0xfd197ecd
core   0: 0x8000739e (0x030d5f63) bge     s10, a6, pc + 62
core   0: 3 0x8000739e (0x030d5f63)
core   0: 0x800073dc (0x03d3e7b3) rem     a5, t2, t4
core   0: 3 0x800073dc (0x03d3e7b3) x15 0xfe8cbff8
core   0: 0x800073e0 (0x001728b3) slt     a7, a4, ra
core   0: 3 0x800073e0 (0x001728b3) x17 0x00000001
core   0: 0x800073e4 (0x00006865) c.lui   a6, 0x19
core   0: 3 0x800073e4 (0x6865) x16 0x00019000
core   0: 0x800073e6 (0x01a69733) sll     a4, a3, s10
core   0: 3 0x800073e6 (0x01a69733) x14 0x00000004
core   0: 0x800073ea (0x0160ef33) or      t5, ra, s6
core   0: 3 0x800073ea (0x0160ef33) x30 0x00000000
core   0: 0x800073ee (0x031968b3) rem     a7, s2, a7
core   0: 3 0x800073ee (0x031968b3) x17 0x00000000
core   0: 0x800073f2 (0x3bfec393) xori    t2, t4, 959
core   0: 3 0x800073f2 (0x3bfec393) x7  0x000003bf
core   0: 0x800073f6 (0x0ff0000f) fence   iorw,iorw
core   0: 3 0x800073f6 (0x0ff0000f)
core   0: 0x800073fa (0x00000001) c.nop
core   0: 3 0x800073fa (0x0001)
core   0: 0x800073fc (0x41970733) sub     a4, a4, s9
core   0: 3 0x800073fc (0x41970733) x14 0xfffe9004
core   0: 0x80007400 (0x00000001) c.nop
core   0: 3 0x80007400 (0x0001)
core   0: 0x80007402 (0xc6c5e313) ori     t1, a1, -916
core   0: 3 0x80007402 (0xc6c5e313) x6  0xfffffeec
core   0: 0x80007406 (0x523ac793) xori    a5, s5, 1315
core   0: 3 0x80007406 (0x523ac793) x15 0x80000478
core   0: 0x8000740a (0x00006129) c.addi16sp sp, 192
core   0: 3 0x8000740a (0x6129) x2  0xfd1980b0
core   0: 0x8000740c (0x0e31e113) ori     sp, gp, 227
core   0: 3 0x8000740c (0x0e31e113) x2  0x000000f7
core   0: 0x80007410 (0x2206fe93) andi    t4, a3, 544
core   0: 3 0x80007410 (0x2206fe93) x29 0x00000000
core   0: 0x80007414 (0x34082973) csrrs   s2, mscratch, a6
core   0: 3 0x80007414 (0x34082973) x18 0x80000000 c832_mscratch 0x80019000
core   0: 0x80007418 (0x340066f3) csrrsi  a3, mscratch, 0
core   0: 3 0x80007418 (0x340066f3) x13 0x80019000
core   0: 0x8000741c (0x00008e99) c.sub   a3, a4
core   0: 3 0x8000741c (0x8e99) x13 0x8002fffc
core   0: 0x8000741e (0x0000e289) c.bnez  a3, pc + 2
core   0: 3 0x8000741e (0xe289)
core   0: 0x80007420 (0x01f80b33) add     s6, a6, t6
core   0: 3 0x80007420 (0x01f80b33) x22 0x00018afe
core   0: 0x80007424 (0x0000100f) fence.i
core   0: 3 0x80007424 (0x0000100f)
core   0: 0x80007428 (0x033fef33) rem     t5, t6, s3
core   0: 3 0x80007428 (0x033fef33) x30 0xffffffef
core   0: 0x8000742c (0x0000717d) c.addi16sp sp, -16
core   0: 3 0x8000742c (0x717d) x2  0x000000e7
core   0: 0x8000742e (0x026cdeb3) divu    t4, s9, t1
core   0: 3 0x8000742e (0x026cdeb3) x29 0x00000000
core   0: 0x80007432 (0x025b6f33) rem     t5, s6, t0
core   0: 3 0x80007432 (0x025b6f33) x30 0x00000000
core   0: 0x80007436 (0x414b5393) srai    t2, s6, 20
core   0: 3 0x80007436 (0x414b5393) x7  0x00000000
core   0: 0x8000743a (0x00006735) c.lui   a4, 0xd
core   0: 3 0x8000743a (0x6735) x14 0x0000d000
core   0: 0x8000743c (0x3405acf3) csrrs   s9, mscratch, a1
core   0: 3 0x8000743c (0x3405acf3) x25 0x80019000 c832_mscratch 0xfd1992c0
core   0: 0x80007440 (0x011fe1b3) or      gp, t6, a7
core   0: 3 0x80007440 (0x011fe1b3) x3  0xfffffafe
core   0: 0x80007444 (0x5eca12b7) lui     t0, 0x5eca1
core   0: 3 0x80007444 (0x5eca12b7) x5  0x5eca1000
core   0: 0x80007448 (0x00b537b3) sltu    a5, a0, a1
core   0: 3 0x80007448 (0x00b537b3) x15 0x00000000
core   0: 0x8000744c (0x011dd933) srl     s2, s11, a7
core   0: 3 0x8000744c (0x011dd933) x18 0x00000b80
core   0: 0x80007450 (0x060b8513) addi    a0, s7, 96
core   0: 3 0x80007450 (0x060b8513) x10 0xfffffe78
core   0: 0x80007454 (0xd493e193) ori     gp, t2, -695
core   0: 3 0x80007454 (0xd493e193) x3  0xfffffd49
core   0: 0x80007458 (0x340419f3) csrrw   s3, mscratch, s0
core   0: 3 0x80007458 (0x340419f3) x19 0xfd1992c0 c832_mscratch 0x80000000
core   0: 0x8000745c (0x00000d2a) c.slli  s10, 10
core   0: 3 0x8000745c (0x0d2a) x26 0xffe28800
core   0: 0x8000745e (0x01635533) srl     a0, t1, s6
core   0: 3 0x8000745e (0x01635533) x10 0x00000003
core   0: 0x80007462 (0x02b34033) div     zero, t1, a1
core   0: 3 0x80007462 (0x02b34033)
core   0: 0x80007466 (0x0ff0000f) fence   iorw,iorw
core   0: 3 0x80007466 (0x0ff0000f)
core   0: 0x8000746a (0x007437b3) sltu    a5, s0, t2
core   0: 3 0x8000746a (0x007437b3) x15 0x00000000
core   0: 0x8000746e (0x000085ed) c.srai  a1, 27
core   0: 3 0x8000746e (0x85ed) x11 0xffffffff
core   0: 0x80007470 (0x0000873a) c.mv    a4, a4
core   0: 3 0x80007470 (0x873a) x14 0x0000d000
core   0: 0x80007472 (0x1d680993) addi    s3, a6, 470
core   0: 3 0x80007472 (0x1d680993) x19 0x000191d6
core   0: 0x80007476 (0x04d27363) bgeu    tp, a3, pc + 70
core   0: 3 0x80007476 (0x04d27363)
core   0: 0x8000747a (0x01b5dc33) srl     s8, a1, s11
core   0: 3 0x8000747a (0x01b5dc33) x24 0xffffffff
core   0: 0x8000747e (0x016e87b3) add     a5, t4, s6
core   0: 3 0x8000747e (0x016e87b3) x15 0x00018afe
core   0: 0x80007482 (0x000008e6) c.slli  a7, 25
core   0: 3 0x80007482 (0x08e6) x17 0x00000000
core   0: 0x80007484 (0x03ceb4b3) mulhu   s1, t4, t3
core   0: 3 0x80007484 (0x03ceb4b3) x9  0x00000000
core   0: 0x80007488 (0x40d2d313) srai    t1, t0, 13
core   0: 3 0x80007488 (0x40d2d313) x6  0x0002f650
core   0: 0x8000748c (0x0210abb3) mulhsu  s7, ra, ra
core   0: 3 0x8000748c (0x0210abb3) x23 0x00000000
core   0: 0x80007490 (0x000099fd) c.andi  a1, -1
core   0: 3 0x80007490 (0x99fd) x11 0xffffffff
core   0: 0x80007492 (0x01f25133) srl     sp, tp, t6
core   0: 3 0x80007492 (0x01f25133) x2  0x00000000
core   0: 0x80007496 (0x00118133) add     sp, gp, ra
core   0: 3 0x80007496 (0x00118133) x2  0xfffffd49
core   0: 0x8000749a (0x01e77733) and     a4, a4, t5
core   0: 3 0x8000749a (0x01e77733) x14 0x00000000
core   0: 0x8000749e (0x0000c139) c.beqz  a0, pc + 70
core   0: 3 0x8000749e (0xc139)
core   0: 0x800074a0 (0x026f7363) bgeu    t5, t1, pc + 38
core   0: 3 0x800074a0 (0x026f7363)
core   0: 0x800074a4 (0x2cb8c713) xori    a4, a7, 715
core   0: 3 0x800074a4 (0x2cb8c713) x14 0x000002cb
core   0: 0x800074a8 (0x039b73b3) remu    t2, s6, s9
core   0: 3 0x800074a8 (0x039b73b3) x7  0x00018afe
core   0: 0x800074ac (0x19d60293) addi    t0, a2, 413
core   0: 3 0x800074ac (0x19d60293) x5  0x80025e81
core   0: 0x800074b0 (0x02a0dd33) divu    s10, ra, a0
core   0: 3 0x800074b0 (0x02a0dd33) x26 0x00000000
core   0: 0x800074b4 (0x0023a533) slt     a0, t2, sp
core   0: 3 0x800074b4 (0x0023a533) x10 0x00000000
core   0: 0x800074b8 (0x00000001) c.nop
core   0: 3 0x800074b8 (0x0001)
core   0: 0x800074ba (0x00008ce1) c.and   s1, s0
core   0: 3 0x800074ba (0x8ce1) x9  0x00000000
core   0: 0x800074bc (0x00004cd5) c.li    s9, 21
core   0: 3 0x800074bc (0x4cd5) x25 0x00000015
core   0: 0x800074be (0xb8227993) andi    s3, tp, -1150
core   0: 3 0x800074be (0xb8227993) x19 0x00000000
core   0: 0x800074c2 (0x0000100f) fence.i
core   0: 3 0x800074c2 (0x0000100f)
core   0: 0x800074c6 (0x000086b1) c.srai  a3, 12
core   0: 3 0x800074c6 (0x86b1) x13 0xfff8002f
core   0: 0x800074c8 (0xd1430b93) addi    s7, t1, -748
core   0: 3 0x800074c8 (0xd1430b93) x23 0x0002f364
core   0: 0x800074cc (0x01515463) bge     sp, s5, pc + 8
core   0: 3 0x800074cc (0x01515463)
core   0: 0x800074d4 (0x00504463) blt     zero, t0, pc + 8
core   0: 3 0x800074d4 (0x00504463)
core   0: 0x800074d8 (0x0326cb33) div     s6, a3, s2
core   0: 3 0x800074d8 (0x0326cb33) x22 0xffffff4e
core   0: 0x800074dc (0xee85fb93) andi    s7, a1, -280
core   0: 3 0x800074dc (0xee85fb93) x23 0xfffffee8
core   0: 0x800074e0 (0x00e61293) slli    t0, a2, 14
core   0: 3 0x800074e0 (0x00e61293) x5  0x97390000
core   0: 0x800074e4 (0x00008f49) c.or    a4, a0
core   0: 3 0x800074e4 (0x8f49) x14 0x000002cb
core   0: 0x800074e6 (0x340494f3) csrrw   s1, mscratch, s1
core   0: 3 0x800074e6 (0x340494f3) x9  0x80000000 c832_mscratch 0x00000000
core   0: 0x800074ea (0x0ff0000f) fence   iorw,iorw
core   0: 3 0x800074ea (0x0ff0000f)
core   0: 0x800074ee (0x03787cb3) remu    s9, a6, s7
core   0: 3 0x800074ee (0x03787cb3) x25 0x00019000
core   0: 0x800074f2 (0x00008ef1) c.and   a3, a2
core   0: 3 0x800074f2 (0x8ef1) x13 0x80000024
core   0: 0x800074f4 (0x34002af3) csrr    s5, mscratch
core   0: 3 0x800074f4 (0x34002af3) x21 0x00000000
core   0: 0x800074f8 (0x005a2533) slt     a0, s4, t0
core   0: 3 0x800074f8 (0x005a2533) x10 0x00000000
core   0: 0x800074fc (0x00f9abb3) slt     s7, s3, a5
core   0: 3 0x800074fc (0x00f9abb3) x23 0x00000001
core   0: 0x80007500 (0x00000001) c.nop
core   0: 3 0x80007500 (0x0001)
core   0: 0x80007502 (0x4092d933) sra     s2, t0, s1
core   0: 3 0x80007502 (0x4092d933) x18 0x97390000
core   0: 0x80007506 (0x0000614d) c.addi16sp sp, 176
core   0: 3 0x80007506 (0x614d) x2  0xfffffdf9
core   0: 0x80007508 (0x0000100f) fence.i
core   0: 3 0x80007508 (0x0000100f)
core   0: 0x8000750c (0x5bee1397) auipc   t2, 0x5bee1
core   0: 3 0x8000750c (0x5bee1397) x7  0xdbee850c
core   0: 0x80007510 (0x00fb8233) add     tp, s7, a5
core   0: 3 0x80007510 (0x00fb8233) x4  0x00018aff
core   0: 0x80007514 (0x03c8f1b3) remu    gp, a7, t3
core   0: 3 0x80007514 (0x03c8f1b3) x3  0x00000000
core   0: 0x80007518 (0x00008139) c.srli  a0, 14
core   0: 3 0x80007518 (0x8139) x10 0x00000000
core   0: 0x8000751a (0x00006105) c.addi16sp sp, 32
core   0: 3 0x8000751a (0x6105) x2  0xfffffe19
core   0: 0x8000751c (0x2ef88f13) addi    t5, a7, 751
core   0: 3 0x8000751c (0x2ef88f13) x30 0x000002ef
core   0: 0x80007520 (0x00006775) c.lui   a4, 0x1d
core   0: 3 0x80007520 (0x6775) x14 0x0001d000
core   0: 0x80007522 (0x000085f5) c.srai  a1, 29
core   0: 3 0x80007522 (0x85f5) x11 0xffffffff
core   0: 0x80007524 (0x08494c93) xori    s9, s2, 132
core   0: 3 0x80007524 (0x08494c93) x25 0x97390084
core   0: 0x80007528 (0x008b21b3) slt     gp, s6, s0
core   0: 3 0x80007528 (0x008b21b3) x3  0x00000000
core   0: 0x8000752c (0x00001efd) c.addi  t4, -1
core   0: 3 0x8000752c (0x1efd) x29 0xffffffff
core   0: 0x8000752e (0x00008e81) c.sub   a3, s0
core   0: 3 0x8000752e (0x8e81) x13 0x00000024
core   0: 0x80007530 (0x035e9933) mulh    s2, t4, s5
core   0: 3 0x80007530 (0x035e9933) x18 0x00000000
core   0: 0x80007534 (0x0100b2b3) sltu    t0, ra, a6
core   0: 3 0x80007534 (0x0100b2b3) x5  0x00000001
core   0: 0x80007538 (0x01f70833) add     a6, a4, t6
core   0: 3 0x80007538 (0x01f70833) x16 0x0001cafe
core   0: 0x8000753c (0x0182df33) srl     t5, t0, s8
core   0: 3 0x8000753c (0x0182df33) x30 0x00000000
core   0: 0x80007540 (0x014a3a33) sltu    s4, s4, s4
core   0: 3 0x80007540 (0x014a3a33) x20 0x00000000
core   0: 0x80007544 (0x0245e0b3) rem     ra, a1, tp
core   0: 3 0x80007544 (0x0245e0b3) x1  0xffffffff
core   0: 0x80007548 (0x0000c089) c.beqz  s1, pc + 2
core   0: 3 0x80007548 (0xc089)
core   0: 0x8000754a (0x003275b3) and     a1, tp, gp
core   0: 3 0x8000754a (0x003275b3) x11 0x00000000
core   0: 0x8000754e (0x410b53b3) sra     t2, s6, a6
core   0: 3 0x8000754e (0x410b53b3) x7  0xffffffff
core   0: 0x80007552 (0xb539a693) slti    a3, s3, -1197
core   0: 3 0x80007552 (0xb539a693) x13 0x00000000
core   0: 0x80007556 (0x000090ae) c.add   ra, a1
core   0: 3 0x80007556 (0x90ae) x1  0xffffffff
core   0: 0x80007558 (0x000975b3) and     a1, s2, zero
core   0: 3 0x80007558 (0x000975b3) x11 0x00000000
core   0: 0x8000755c (0x000055fd) c.li    a1, -1
core   0: 3 0x8000755c (0x55fd) x11 0xffffffff
core   0: 0x8000755e (0x00000352) c.slli  t1, 20
core   0: 3 0x8000755e (0x0352) x6  0x65000000
core   0: 0x80007560 (0x3406def3) csrrwi  t4, mscratch, 13
core   0: 3 0x80007560 (0x3406def3) x29 0x00000000 c832_mscratch 0x0000000d
core   0: 0x80007564 (0x0316afb3) mulhsu  t6, a3, a7
core   0: 3 0x80007564 (0x0316afb3) x31 0x00000000
core   0: 0x80007568 (0x3401d873) csrrwi  a6, mscratch, 3
core   0: 3 0x80007568 (0x3401d873) x16 0x0000000d c832_mscratch 0x00000003
core   0: 0x8000756c (0x02a894b3) mulh    s1, a7, a0
core   0: 3 0x8000756c (0x02a894b3) x9  0x00000000
core   0: 0x80007570 (0x03b03833) mulhu   a6, zero, s11
core   0: 3 0x80007570 (0x03b03833) x16 0x00000000
core   0: 0x80007574 (0x0000e48d) c.bnez  s1, pc + 42
core   0: 3 0x80007574 (0xe48d)
core   0: 0x80007576 (0x038af133) remu    sp, s5, s8
core   0: 3 0x80007576 (0x038af133) x2  0x00000000
core   0: 0x8000757a (0x0000051a) c.slli  a0, 6
core   0: 3 0x8000757a (0x051a) x10 0x00000000
core   0: 0x8000757c (0x01ee3033) sltu    zero, t3, t5
core   0: 3 0x8000757c (0x01ee3033)
core   0: 0x80007580 (0x85feb017) auipc   zero, 0x85feb
core   0: 3 0x80007580 (0x85feb017)
core   0: 0x80007584 (0x034908b3) mul     a7, s2, s4
core   0: 3 0x80007584 (0x034908b3) x17 0x00000000
core   0: 0x80007588 (0x05f36063) bltu    t1, t6, pc + 64
core   0: 3 0x80007588 (0x05f36063)
core   0: 0x8000758c (0x00cd1233) sll     tp, s10, a2
core   0: 3 0x8000758c (0x00cd1233) x4  0x00000000
core   0: 0x80007590 (0x021dac33) mulhsu  s8, s11, ra
core   0: 3 0x80007590 (0x021dac33) x24 0x00000b7f
core   0: 0x80007594 (0x00000d59) c.addi  s10, 22
core   0: 3 0x80007594 (0x0d59) x26 0x00000016
core   0: 0x80007596 (0x0205d463) bgez    a1, pc + 40
core   0: 3 0x80007596 (0x0205d463)
core   0: 0x8000759a (0x0a93a117) auipc   sp, 0xa93a
core   0: 3 0x8000759a (0x0a93a117) x2  0x8a94159a
core   0: 0x8000759e (0x034489b3) mul     s3, s1, s4
core   0: 3 0x8000759e (0x034489b3) x19 0x00000000
core   0: 0x800075a2 (0x01fccf63) blt     s9, t6, pc + 30
core   0: 3 0x800075a2 (0x01fccf63)
core   0: 0x800075c0 (0x0397f233) remu    tp, a5, s9
core   0: 3 0x800075c0 (0x0397f233) x4  0x00018afe
core   0: 0x800075c4 (0x413304b3) sub     s1, t1, s3
core   0: 3 0x800075c4 (0x413304b3) x9  0x65000000
core   0: 0x800075c8 (0x00e13f33) sltu    t5, sp, a4
core   0: 3 0x800075c8 (0x00e13f33) x30 0x00000000
core   0: 0x800075cc (0x0000684d) c.lui   a6, 0x13
core   0: 3 0x800075cc (0x684d) x16 0x00013000
core   0: 0x800075ce (0xbd938c13) addi    s8, t2, -1063
core   0: 3 0x800075ce (0xbd938c13) x24 0xfffffbd8
core   0: 0x800075d2 (0x00000a96) c.slli  s5, 5
core   0: 3 0x800075d2 (0x0a96) x21 0x00000000
core   0: 0x800075d4 (0x032b16b3) mulh    a3, s6, s2
core   0: 3 0x800075d4 (0x032b16b3) x13 0x00000000
core   0: 0x800075d8 (0xf8d36b13) ori     s6, t1, -115
core   0: 3 0x800075d8 (0xf8d36b13) x22 0xffffff8d
core   0: 0x800075dc (0x0000c919) c.beqz  a0, pc + 22
core   0: 3 0x800075dc (0xc919)
core   0: 0x800075f2 (0x01d63133) sltu    sp, a2, t4
core   0: 3 0x800075f2 (0x01d63133) x2  0x00000000
core   0: 0x800075f6 (0x000098fd) c.andi  s1, -1
core   0: 3 0x800075f6 (0x98fd) x9  0x65000000
core   0: 0x800075f8 (0x234a20b7) lui     ra, 0x234a2
core   0: 3 0x800075f8 (0x234a20b7) x1  0x234a2000
core   0: 0x800075fc (0x0210e1b3) rem     gp, ra, ra
core   0: 3 0x800075fc (0x0210e1b3) x3  0x00000000
core   0: 0x80007600 (0x0000c909) c.beqz  a0, pc + 18
core   0: 3 0x80007600 (0xc909)
core   0: 0x80007612 (0x0186c263) blt     a3, s8, pc + 4
core   0: 3 0x80007612 (0x0186c263)
core   0: 0x80007616 (0x01339d63) bne     t2, s3, pc + 26
core   0: 3 0x80007616 (0x01339d63)
core   0: 0x80007630 (0x340f7c73) csrrci  s8, mscratch, 30
core   0: 3 0x80007630 (0x340f7c73) x24 0x00000003 c832_mscratch 0x00000001
core   0: 0x80007634 (0x0315ba33) mulhu   s4, a1, a7
core   0: 3 0x80007634 (0x0315ba33) x20 0x00000000
core   0: 0x80007638 (0x0ff0000f) fence   iorw,iorw
core   0: 3 0x80007638 (0x0ff0000f)
core   0: 0x8000763c (0x40fbd2b3) sra     t0, s7, a5
core   0: 3 0x8000763c (0x40fbd2b3) x5  0x00000000
core   0: 0x80007640 (0x028b0a33) mul     s4, s6, s0
core   0: 3 0x80007640 (0x028b0a33) x20 0x80000000
core   0: 0x80007644 (0x34065a73) csrrwi  s4, mscratch, 12
core   0: 3 0x80007644 (0x34065a73) x20 0x00000001 c832_mscratch 0x0000000c
core   0: 0x80007648 (0x34cffeb7) lui     t4, 0x34cff
core   0: 3 0x80007648 (0x34cffeb7) x29 0x34cff000
core   0: 0x8000764c (0x3404d273) csrrwi  tp, mscratch, 9
core   0: 3 0x8000764c (0x3404d273) x4  0x0000000c c832_mscratch 0x00000009
core   0: 0x80007650 (0x00000a9a) c.slli  s5, 6
core   0: 3 0x80007650 (0x0a9a) x21 0x00000000
core   0: 0x80007652 (0x00001a14) c.addi4spn a3, sp, 304
core   0: 3 0x80007652 (0x1a14) x13 0x00000130
core   0: 0x80007654 (0x00000001) c.nop
core   0: 3 0x80007654 (0x0001)
core   0: 0x80007656 (0x0000100f) fence.i
core   0: 3 0x80007656 (0x0000100f)
core   0: 0x8000765a (0x00009732) c.add   a4, a2
core   0: 3 0x8000765a (0x9732) x14 0x80042ce4
core   0: 0x8000765c (0x00000396) c.slli  t2, 5
core   0: 3 0x8000765c (0x0396) x7  0xffffffe0
core   0: 0x8000765e (0x0000817d) c.srli  a0, 31
core   0: 3 0x8000765e (0x817d) x10 0x00000000
core   0: 0x80007660 (0xa5102d93) slti    s11, zero, -1455
core   0: 3 0x80007660 (0xa5102d93) x27 0x00000000
core   0: 0x80007664 (0x00000001) c.nop
core   0: 3 0x80007664 (0x0001)
core   0: 0x80007666 (0x407d7e93) andi    t4, s10, 1031
core   0: 3 0x80007666 (0x407d7e93) x29 0x00000006
core   0: 0x8000766a (0x00fc8d63) beq     s9, a5, pc + 26
core   0: 3 0x8000766a (0x00fc8d63)
core   0: 0x8000766e (0x00008cb1) c.xor   s1, a2
core   0: 3 0x8000766e (0x8cb1) x9  0xe5025ce4
core   0: 0x80007670 (0x415c5833) sra     a6, s8, s5
core   0: 3 0x80007670 (0x415c5833) x16 0x00000003
core   0: 0x80007674 (0x004d8733) add     a4, s11, tp
core   0: 3 0x80007674 (0x004d8733) x14 0x0000000c
core   0: 0x80007678 (0x0335d3b3) divu    t2, a1, s3
core   0: 3 0x80007678 (0x0335d3b3) x7  0xffffffff
core   0: 0x8000767c (0x00b36733) or      a4, t1, a1
core   0: 3 0x8000767c (0x00b36733) x14 0xffffffff
core   0: 0x80007680 (0x55050113) addi    sp, a0, 1360
core   0: 3 0x80007680 (0x55050113) x2  0x00000550
core   0: 0x80007684 (0x035a87b3) mul     a5, s5, s5
core   0: 3 0x80007684 (0x035a87b3) x15 0x00000000
core   0: 0x80007688 (0x03c3cbb3) div     s7, t2, t3
core   0: 3 0x80007688 (0x03c3cbb3) x23 0x00000000
core   0: 0x8000768c (0x06ad7913) andi    s2, s10, 106
core   0: 3 0x8000768c (0x06ad7913) x18 0x00000002
core   0: 0x80007690 (0x026074b3) remu    s1, zero, t1
core   0: 3 0x80007690 (0x026074b3) x9  0x00000000
core   0: 0x80007694 (0x0127f5b3) and     a1, a5, s2
core   0: 3 0x80007694 (0x0127f5b3) x11 0x00000000
core   0: 0x80007698 (0x023c0733) mul     a4, s8, gp
core   0: 3 0x80007698 (0x023c0733) x14 0x00000000
core   0: 0x8000769c (0x013b9563) bne     s7, s3, pc + 10
core   0: 3 0x8000769c (0x013b9563)
core   0: 0x800076a0 (0x0000ea9d) c.bnez  a3, pc + 54
core   0: 3 0x800076a0 (0xea9d)
core   0: 0x800076d6 (0x340e1573) csrrw   a0, mscratch, t3
core   0: 3 0x800076d6 (0x340e1573) x10 0x00000009 c832_mscratch 0x80021e64
core   0: 0x800076da (0xa0314213) xori    tp, sp, -1533
core   0: 3 0x800076da (0xa0314213) x4  0xffffff53
core   0: 0x800076de (0x00006aa9) c.lui   s5, 0xa
core   0: 3 0x800076de (0x6aa9) x21 0x0000a000
core   0: 0x800076e0 (0x03d24533) div     a0, tp, t4
core   0: 3 0x800076e0 (0x03d24533) x10 0xffffffe4
core   0: 0x800076e4 (0x0000c0b9) c.beqz  s1, pc + 70
core   0: 3 0x800076e4 (0xc0b9)
core   0: 0x8000772a (0x03ab1363) bne     s6, s10, pc + 38
core   0: 3 0x8000772a (0x03ab1363)
core   0: 0x80007750 (0x0272c2b3) div     t0, t0, t2
core   0: 3 0x80007750 (0x0272c2b3) x5  0x00000000
core   0: 0x80007754 (0x00008f75) c.and   a4, a3
core   0: 3 0x80007754 (0x8f75) x14 0x00000000
core   0: 0x80007756 (0x0178a7b3) slt     a5, a7, s7
core   0: 3 0x80007756 (0x0178a7b3) x15 0x00000000
core   0: 0x8000775a (0x00009176) c.add   sp, t4
core   0: 3 0x8000775a (0x9176) x2  0x00000556
core   0: 0x8000775c (0x017de333) or      t1, s11, s7
core   0: 3 0x8000775c (0x017de333) x6  0x00000000
core   0: 0x80007760 (0x61064b93) xori    s7, a2, 1552
core   0: 3 0x80007760 (0x61064b93) x23 0x80025af4
core   0: 0x80007764 (0x028e7663) bgeu    t3, s0, pc + 44
core   0: 3 0x80007764 (0x028e7663)
core   0: 0x80007790 (0xbf9b2793) slti    a5, s6, -1031
core   0: 3 0x80007790 (0xbf9b2793) x15 0x00000000
core   0: 0x80007794 (0x340153f3) csrrwi  t2, mscratch, 2
core   0: 3 0x80007794 (0x340153f3) x7  0x80021e64 c832_mscratch 0x00000002
core   0: 0x80007798 (0x023226b3) mulhsu  a3, tp, gp
core   0: 3 0x80007798 (0x023226b3) x13 0x00000000
core   0: 0x8000779c (0x003763b3) or      t2, a4, gp
core   0: 3 0x8000779c (0x003763b3) x7  0x00000000
core   0: 0x800077a0 (0x03c235b3) mulhu   a1, tp, t3
core   0: 3 0x800077a0 (0x03c235b3) x11 0x80021e0d
core   0: 0x800077a4 (0x01821463) bne     tp, s8, pc + 8
core   0: 3 0x800077a4 (0x01821463)
core   0: 0x800077ac (0x3401aa73) csrrs   s4, mscratch, gp
core   0: 3 0x800077ac (0x3401aa73) x20 0x00000002 c832_mscratch 0x00000002
core   0: 0x800077b0 (0xce700097) auipc   ra, 0xce700
core   0: 3 0x800077b0 (0xce700097) x1  0x4e7077b0
core   0: 0x800077b4 (0x00008ea5) c.xor   a3, s1
core   0: 3 0x800077b4 (0x8ea5) x13 0x00000000
core   0: 0x800077b6 (0x34007f73) csrrci  t5, mscratch, 0
core   0: 3 0x800077b6 (0x34007f73) x30 0x00000002
core   0: 0x800077ba (0x0d1d5797) auipc   a5, 0xd1d5
core   0: 3 0x800077ba (0x0d1d5797) x15 0x8d1dc7ba
core   0: 0x800077be (0x036b8263) beq     s7, s6, pc + 36
core   0: 3 0x800077be (0x036b8263)
core   0: 0x800077c2 (0x00001194) c.addi4spn a3, sp, 224
core   0: 3 0x800077c2 (0x1194) x13 0x00000636
core   0: 0x800077c4 (0x40ec5c13) srai    s8, s8, 14
core   0: 3 0x800077c4 (0x40ec5c13) x24 0x00000000
core   0: 0x800077c8 (0x01920563) beq     tp, s9, pc + 10
core   0: 3 0x800077c8 (0x01920563)
core   0: 0x800077cc (0x00000001) c.nop
core   0: 3 0x800077cc (0x0001)
core   0: 0x800077ce (0x40ce56b3) sra     a3, t3, a2
core   0: 3 0x800077ce (0x40ce56b3) x13 0xf80021e6
core   0: 0x800077d2 (0x410e5693) srai    a3, t3, 16
core   0: 3 0x800077d2 (0x410e5693) x13 0xffff8002
core   0: 0x800077d6 (0x000059fd) c.li    s3, -1
core   0: 3 0x800077d6 (0x59fd) x19 0xffffffff
core   0: 0x800077d8 (0x03e7c9b3) div     s3, a5, t5
core   0: 3 0x800077d8 (0x03e7c9b3) x19 0xc68ee3dd
core   0: 0x800077dc (0x104ce393) ori     t2, s9, 260
core   0: 3 0x800077dc (0x104ce393) x7  0x97390184
core   0: 0x800077e0 (0x00000188) c.addi4spn a0, sp, 192
core   0: 3 0x800077e0 (0x0188) x10 0x00000616
core   0: 0x800077e2 (0x00dd5463) bge     s10, a3, pc + 8
core   0: 3 0x800077e2 (0x00dd5463)
core   0: 0x800077ea (0x14607013) andi    zero, zero, 326
core   0: 3 0x800077ea (0x14607013)
core   0: 0x800077ee (0x00000001) c.nop
core   0: 3 0x800077ee (0x0001)
core   0: 0x800077f0 (0x0000c98d) c.beqz  a1, pc + 50
core   0: 3 0x800077f0 (0xc98d)
core   0: 0x800077f2 (0x34006073) csrsi   mscratch, 0
core   0: 3 0x800077f2 (0x34006073)
core   0: 0x800077f6 (0x02e56fb3) rem     t6, a0, a4
core   0: 3 0x800077f6 (0x02e56fb3) x31 0x00000616
core   0: 0x800077fa (0x4087d693) srai    a3, a5, 8
core   0: 3 0x800077fa (0x4087d693) x13 0xff8d1dc7
core   0: 0x800077fe (0x40300f33) sub     t5, zero, gp
core   0: 3 0x800077fe (0x40300f33) x30 0x00000000
core   0: 0x80007802 (0x021f7063) bgeu    t5, ra, pc + 32
core   0: 3 0x80007802 (0x021f7063)
core   0: 0x80007806 (0x00399213) slli    tp, s3, 3
core   0: 3 0x80007806 (0x00399213) x4  0x34771ee8
core   0: 0x8000780a (0x0000875d) c.srai  a4, 23
core   0: 3 0x8000780a (0x875d) x14 0x00000000
core   0: 0x8000780c (0x00000001) c.nop
core   0: 3 0x8000780c (0x0001)
core   0: 0x8000780e (0x00008fb9) c.xor   a5, a4
core   0: 3 0x8000780e (0x8fb9) x15 0x8d1dc7ba
core   0: 0x80007810 (0x01658d63) beq     a1, s6, pc + 26
core   0: 3 0x80007810 (0x01658d63)
core   0: 0x80007814 (0x00004f39) c.li    t5, 14
core   0: 3 0x80007814 (0x4f39) x30 0x0000000e
core   0: 0x80007816 (0x404589b3) sub     s3, a1, tp
core   0: 3 0x80007816 (0x404589b3) x19 0x4b8aff25
core   0: 0x8000781a (0x0000988e) c.add   a7, gp
core   0: 3 0x8000781a (0x988e) x17 0x00000000
core   0: 0x8000781c (0x00008fd9) c.or    a5, a4
core   0: 3 0x8000781c (0x8fd9) x15 0x8d1dc7ba
core   0: 0x8000781e (0x340dd073) csrwi   mscratch, 27
core   0: 3 0x8000781e (0x340dd073) c832_mscratch 0x0000001b
core   0: 0x80007822 (0x00000314) c.addi4spn a3, sp, 384
core   0: 3 0x80007822 (0x0314) x13 0x000006d6
core   0: 0x80007824 (0x00008d05) c.sub   a0, s1
core   0: 3 0x80007824 (0x8d05) x10 0x00000616
core   0: 0x80007826 (0x03510233) mul     tp, sp, s5
core   0: 3 0x80007826 (0x03510233) x4  0x0355c000
core   0: 0x8000782a (0x00000cc6) c.slli  s9, 17
core   0: 3 0x8000782a (0x0cc6) x25 0x01080000
core   0: 0x8000782c (0x00008d99) c.sub   a1, a4
core   0: 3 0x8000782c (0x8d99) x11 0x80021e0d
core   0: 0x8000782e (0x0143eeb3) or      t4, t2, s4
core   0: 3 0x8000782e (0x0143eeb3) x29 0x97390186
core   0: 0x80007832 (0x0218a5b3) mulhsu  a1, a7, ra
core   0: 3 0x80007832 (0x0218a5b3) x11 0x00000000
core   0: 0x80007836 (0x01f77463) bgeu    a4, t6, pc + 8
core   0: 3 0x80007836 (0x01f77463)
core   0: 0x8000783a (0x0000517d) c.li    sp, -1
core   0: 3 0x8000783a (0x517d) x2  0xffffffff
core   0: 0x8000783c (0x000006a2) c.slli  a3, 8
core   0: 3 0x8000783c (0x06a2) x13 0x0006d600
core   0: 0x8000783e (0x00005efd) c.li    t4, -1
core   0: 3 0x8000783e (0x5efd) x29 0xffffffff
core   0: 0x80007840 (0x0ff0000f) fence   iorw,iorw
core   0: 3 0x80007840 (0x0ff0000f)
core   0: 0x80007844 (0x40b204b3) sub     s1, tp, a1
core   0: 3 0x80007844 (0x40b204b3) x9  0x0355c000
core   0: 0x80007848 (0x0000e785) c.bnez  a5, pc + 40
core   0: 3 0x80007848 (0xe785)
core   0: 0x80007870 (0x41625213) srai    tp, tp, 22
core   0: 3 0x80007870 (0x41625213) x4  0x0000000d
core   0: 0x80007874 (0x00000001) c.nop
core   0: 3 0x80007874 (0x0001)
core   0: 0x80007876 (0x01d648b3) xor     a7, a2, t4
core   0: 3 0x80007876 (0x01d648b3) x17 0x7ffda31b
core   0: 0x8000787a (0x012ae833) or      a6, s5, s2
core   0: 3 0x8000787a (0x012ae833) x16 0x0000a002
core   0: 0x8000787e (0x00006149) c.addi16sp sp, 144
core   0: 3 0x8000787e (0x6149) x2  0x0000008f
core   0: 0x80007880 (0xa100d3b7) lui     t2, 0xa100d
core   0: 3 0x80007880 (0xa100d3b7) x7  0xa100d000
core   0: 0x80007884 (0x0000100f) fence.i
core   0: 3 0x80007884 (0x0000100f)
core   0: 0x80007888 (0x0000e919) c.bnez  a0, pc + 22
core   0: 3 0x80007888 (0xe919)
core   0: 0x8000789e (0x000056fd) c.li    a3, -1
core   0: 3 0x8000789e (0x56fd) x13 0xffffffff
core   0: 0x800078a0 (0x000067ad) c.lui   a5, 0xb
core   0: 3 0x800078a0 (0x67ad) x15 0x0000b000
core   0: 0x800078a2 (0x024870b3) remu    ra, a6, tp
core   0: 3 0x800078a2 (0x024870b3) x1  0x0000000c
core   0: 0x800078a6 (0x00008fe9) c.and   a5, a0
core   0: 3 0x800078a6 (0x8fe9) x15 0x00000000
core   0: 0x800078a8 (0x01a25c63) bge     tp, s10, pc + 24
core   0: 3 0x800078a8 (0x01a25c63)
core   0: 0x800078ac (0x34039a73) csrrw   s4, mscratch, t2
core   0: 3 0x800078ac (0x34039a73) x20 0x0000001b c832_mscratch 0xa100d000
core   0: 0x800078b0 (0x023cc033) div     zero, s9, gp
core   0: 3 0x800078b0 (0x023cc033)
core   0: 0x800078b4 (0x000080f1) c.srli  s1, 28
core   0: 3 0x800078b4 (0x80f1) x9  0x00000000
core   0: 0x800078b6 (0x029cd463) bge     s9, s1, pc + 40
core   0: 3 0x800078b6 (0x029cd463)
core   0: 0x800078de (0x0ff0000f) fence   iorw,iorw
core   0: 3 0x800078de (0x0ff0000f)
core   0: 0x800078e2 (0x8e4a8193) addi    gp, s5, -1820
core   0: 3 0x800078e2 (0x8e4a8193) x3  0x000098e4
core   0: 0x800078e6 (0xae2d6793) ori     a5, s10, -1310
core   0: 3 0x800078e6 (0xae2d6793) x15 0xfffffaf6
core   0: 0x800078ea (0x02ffc6b3) div     a3, t6, a5
core   0: 3 0x800078ea (0x02ffc6b3) x13 0xffffffff
core   0: 0x800078ee (0x02509763) bne     ra, t0, pc + 46
core   0: 3 0x800078ee (0x02509763)
core   0: 0x8000791c (0x6d98f793) andi    a5, a7, 1753
core   0: 3 0x8000791c (0x6d98f793) x15 0x00000219
core   0: 0x80007920 (0x01341493) slli    s1, s0, 19
core   0: 3 0x80007920 (0x01341493) x9  0x00000000
core   0: 0x80007924 (0x00000001) c.nop
core   0: 3 0x80007924 (0x0001)
core   0: 0x80007926 (0x012d94b3) sll     s1, s11, s2
core   0: 3 0x80007926 (0x012d94b3) x9  0x00000000
core   0: 0x8000792a (0x026cb733) mulhu   a4, s9, t1
core   0: 3 0x8000792a (0x026cb733) x14 0x00000000
core   0: 0x8000792e (0x00008c8d) c.sub   s1, a1
core   0: 3 0x8000792e (0x8c8d) x9  0x00000000
core   0: 0x80007930 (0x01f11393) slli    t2, sp, 31
core   0: 3 0x80007930 (0x01f11393) x7  0x80000000
core   0: 0x80007934 (0x34095a73) csrrwi  s4, mscratch, 18
core   0: 3 0x80007934 (0x34095a73) x20 0xa100d000 c832_mscratch 0x00000012
core   0: 0x80007938 (0x411f5ab3) sra     s5, t5, a7
core   0: 3 0x80007938 (0x411f5ab3) x21 0x00000000
core   0: 0x8000793c (0x046b6263) bltu    s6, t1, pc + 68
core   0: 3 0x8000793c (0x046b6263)
core   0: 0x80007940 (0x00008766) c.mv    a4, s9
core   0: 3 0x80007940 (0x8766) x14 0x01080000
core   0: 0x80007942 (0x00383b33) sltu    s6, a6, gp
core   0: 3 0x80007942 (0x00383b33) x22 0x00000000
core   0: 0x80007946 (0x34003f73) csrrc   t5, mscratch, zero
core   0: 3 0x80007946 (0x34003f73) x30 0x00000012
core   0: 0x8000794a (0x002ed813) srli    a6, t4, 2
core   0: 3 0x8000794a (0x002ed813) x16 0x3fffffff
core   0: 0x8000794e (0x00000fa1) c.addi  t6, 8
core   0: 3 0x8000794e (0x0fa1) x31 0x0000061e
core   0: 0x80007950 (0x00001888) c.addi4spn a0, sp, 112
core   0: 3 0x80007950 (0x1888) x10 0x000000ff
core   0: 0x80007952 (0x00d3f363) bgeu    t2, a3, pc + 6
core   0: 3 0x80007952 (0x00d3f363)
core   0: 0x80007956 (0x00000a88) c.addi4spn a0, sp, 336
core   0: 3 0x80007956 (0x0a88) x10 0x000001df
core   0: 0x80007958 (0x00008df2) c.mv    s11, t3
core   0: 3 0x80007958 (0x8df2) x27 0x80021e64
core   0: 0x8000795a (0x018a25b3) slt     a1, s4, s8
core   0: 3 0x8000795a (0x018a25b3) x11 0x00000001
core   0: 0x8000795e (0x036242b3) div     t0, tp, s6
core   0: 3 0x8000795e (0x036242b3) x5  0xffffffff
core   0: 0x80007962 (0xa02ce3b7) lui     t2, 0xa02ce
core   0: 3 0x80007962 (0xa02ce3b7) x7  0xa02ce000
core   0: 0x80007966 (0x033cf4b3) remu    s1, s9, s3
core   0: 3 0x80007966 (0x033cf4b3) x9  0x01080000
core   0: 0x8000796a (0x034da1b3) mulhsu  gp, s11, s4
core   0: 3 0x8000796a (0x034da1b3) x3  0xaf80ed1e
core   0: 0x8000796e (0x340b37f3) csrrc   a5, mscratch, s6
core   0: 3 0x8000796e (0x340b37f3) x15 0x00000012 c832_mscratch 0x00000012
core   0: 0x80007972 (0x34033773) csrrc   a4, mscratch, t1
core   0: 3 0x80007972 (0x34033773) x14 0x00000012 c832_mscratch 0x00000012
core   0: 0x80007976 (0x340035f3) csrrc   a1, mscratch, zero
core   0: 3 0x80007976 (0x340035f3) x11 0x00000012
core   0: 0x8000797a (0x40b1d013) srai    zero, gp, 11
core   0: 3 0x8000797a (0x40b1d013)
core   0: 0x8000797e (0x000091ba) c.add   gp, a4
core   0: 3 0x8000797e (0x91ba) x3  0xaf80ed30
core   0: 0x80007980 (0x00000001) c.nop
core   0: 3 0x80007980 (0x0001)
core   0: 0x80007982 (0x649ca093) slti    ra, s9, 1609
core   0: 3 0x80007982 (0x649ca093) x1  0x00000000
core   0: 0x80007986 (0x340913f3) csrrw   t2, mscratch, s2
core   0: 3 0x80007986 (0x340913f3) x7  0x00000012 c832_mscratch 0x00000002
core   0: 0x8000798a (0xfb840013) addi    zero, s0, -72
core   0: 3 0x8000798a (0xfb840013)
core   0: 0x8000798e (0xfa46fa17) auipc   s4, 0xfa46f
core   0: 3 0x8000798e (0xfa46fa17) x20 0x7a47698e
core   0: 0x80007992 (0x34017273) csrrci  tp, mscratch, 2
core   0: 3 0x80007992 (0x34017273) x4  0x00000002 c832_mscratch 0x00000000
core   0: 0x80007996 (0x00000001) c.nop
core   0: 3 0x80007996 (0x0001)
core   0: 0x80007998 (0x404f5c13) srai    s8, t5, 4
core   0: 3 0x80007998 (0x404f5c13) x24 0x00000001
core   0: 0x8000799c (0x0000814d) c.srli  a0, 19
core   0: 3 0x8000799c (0x814d) x10 0x00000000
core   0: 0x8000799e (0x00008535) c.srai  a0, 13
core   0: 3 0x8000799e (0x8535) x10 0x00000000
core   0: 0x800079a0 (0x0000097a) c.slli  s2, 30
core   0: 3 0x800079a0 (0x097a) x18 0x80000000
core   0: 0x800079a2 (0x3402adf3) csrrs   s11, mscratch, t0
core   0: 3 0x800079a2 (0x3402adf3) x27 0x00000000 c832_mscratch 0xffffffff
core   0: 0x800079a6 (0x2826fb93) andi    s7, a3, 642
core   0: 3 0x800079a6 (0x2826fb93) x23 0x00000282
core   0: 0x800079aa (0x00008dd1) c.or    a1, a2
core   0: 3 0x800079aa (0x8dd1) x11 0x80025cf6
core   0: 0x800079ac (0x027758b3) divu    a7, a4, t2
core   0: 3 0x800079ac (0x027758b3) x17 0x00000001
core   0: 0x800079b0 (0x01b31a33) sll     s4, t1, s11
core   0: 3 0x800079b0 (0x01b31a33) x20 0x00000000
core   0: 0x800079b4 (0x0000696d) c.lui   s2, 0x1b
core   0: 3 0x800079b4 (0x696d) x18 0x0001b000
core   0: 0x800079b6 (0x00a1d333) srl     t1, gp, a0
core   0: 3 0x800079b6 (0x00a1d333) x6  0xaf80ed30
core   0: 0x800079ba (0x0000478d) c.li    a5, 3
core   0: 3 0x800079ba (0x478d) x15 0x00000003
core   0: 0x800079bc (0x00000001) c.nop
core   0: 3 0x800079bc (0x0001)
core   0: 0x800079be (0x00000001) c.nop
core   0: 3 0x800079be (0x0001)
core   0: 0x800079c0 (0x031737b3) mulhu   a5, a4, a7
core   0: 3 0x800079c0 (0x031737b3) x15 0x00000000
core   0: 0x800079c4 (0x0229e8b3) rem     a7, s3, sp
core   0: 3 0x800079c4 (0x0229e8b3) x17 0x00000041
core   0: 0x800079c8 (0x0ff0000f) fence   iorw,iorw
core   0: 3 0x800079c8 (0x0ff0000f)
core   0: 0x800079cc (0x00000001) c.nop
core   0: 3 0x800079cc (0x0001)
core   0: 0x800079ce (0x402300b3) sub     ra, t1, sp
core   0: 3 0x800079ce (0x402300b3) x1  0xaf80eca1
core   0: 0x800079d2 (0x00000001) c.nop
core   0: 3 0x800079d2 (0x0001)
core   0: 0x800079d4 (0x00551fb3) sll     t6, a0, t0
core   0: 3 0x800079d4 (0x00551fb3) x31 0x00000000
core   0: 0x800079d8 (0x340b7bf3) csrrci  s7, mscratch, 22
core   0: 3 0x800079d8 (0x340b7bf3) x23 0xffffffff c832_mscratch 0xffffffe9
core   0: 0x800079dc (0x0000cf81) c.beqz  a5, pc + 24
core   0: 3 0x800079dc (0xcf81)
core   0: 0x800079f4 (0x0000c389) c.beqz  a5, pc + 2
core   0: 3 0x800079f4 (0xc389)
core   0: 0x800079f6 (0x00835113) srli    sp, t1, 8
core   0: 3 0x800079f6 (0x00835113) x2  0x00af80ed
core   0: 0x800079fa (0x00006ac9) c.lui   s5, 0x12
core   0: 3 0x800079fa (0x6ac9) x21 0x00012000
core   0: 0x800079fc (0x00000001) c.nop
core   0: 3 0x800079fc (0x0001)
core   0: 0x800079fe (0x032c0f63) beq     s8, s2, pc + 62
core   0: 3 0x800079fe (0x032c0f63)
core   0: 0x80007a02 (0x9238c393) xori    t2, a7, -1757
core   0: 3 0x80007a02 (0x9238c393) x7  0xfffff962
core   0: 0x80007a06 (0x00008dd5) c.or    a1, a3
core   0: 3 0x80007a06 (0x8dd5) x11 0xffffffff
core   0: 0x80007a08 (0x007f6463) bltu    t5, t2, pc + 8
core   0: 3 0x80007a08 (0x007f6463)
core   0: 0x80007a10 (0x34003b73) csrrc   s6, mscratch, zero
core   0: 3 0x80007a10 (0x34003b73) x22 0xffffffe9
core   0: 0x80007a14 (0x00eab9b3) sltu    s3, s5, a4
core   0: 3 0x80007a14 (0x00eab9b3) x19 0x00000000
core   0: 0x80007a18 (0x34039273) csrrw   tp, mscratch, t2
core   0: 3 0x80007a18 (0x34039273) x4  0xffffffe9 c832_mscratch 0xfffff962
core   0: 0x80007a1c (0x0ff0000f) fence   iorw,iorw
core   0: 3 0x80007a1c (0x0ff0000f)
core   0: 0x80007a20 (0x1d6d3a93) sltiu   s5, s10, 470
core   0: 3 0x80007a20 (0x1d6d3a93) x21 0x00000001
core   0: 0x80007a24 (0x05ca3d13) sltiu   s10, s4, 92
core   0: 3 0x80007a24 (0x05ca3d13) x26 0x00000001
core   0: 0x80007a28 (0x02f05ab3) divu    s5, zero, a5
core   0: 3 0x80007a28 (0x02f05ab3) x21 0xffffffff
core   0: 0x80007a2c (0x0000717d) c.addi16sp sp, -16
core   0: 3 0x80007a2c (0x717d) x2  0x00af80dd
core   0: 0x80007a2e (0x0ff0000f) fence   iorw,iorw
core   0: 3 0x80007a2e (0x0ff0000f)
core   0: 0x80007a32 (0x0012feb3) and     t4, t0, ra
core   0: 3 0x80007a32 (0x0012feb3) x29 0xaf80eca1
core   0: 0x80007a36 (0x00008fbe) c.mv    t6, a5
core   0: 3 0x80007a36 (0x8fbe) x31 0x00000000
core   0: 0x80007a38 (0xaa40b793) sltiu   a5, ra, -1372
core   0: 3 0x80007a38 (0xaa40b793) x15 0x00000001
core   0: 0x80007a3c (0x340a5973) csrrwi  s2, mscratch, 20
core   0: 3 0x80007a3c (0x340a5973) x18 0xfffff962 c832_mscratch 0x00000014
core   0: 0x80007a40 (0x022ea1b3) mulhsu  gp, t4, sp
core   0: 3 0x80007a40 (0x022ea1b3) x3  0xffc8d09c
core   0: 0x80007a44 (0xbb838093) addi    ra, t2, -1096
core   0: 3 0x80007a44 (0xbb838093) x1  0xfffff51a
core   0: 0x80007a48 (0x34003573) csrrc   a0, mscratch, zero
core   0: 3 0x80007a48 (0x34003573) x10 0x00000014
core   0: 0x80007a4c (0x00001b08) c.addi4spn a0, sp, 432
core   0: 3 0x80007a4c (0x1b08) x10 0x00af828d
core   0: 0x80007a4e (0x0000e189) c.bnez  a1, pc + 2
core   0: 3 0x80007a4e (0xe189)
core   0: 0x80007a50 (0x00008d31) c.xor   a0, a2
core   0: 3 0x80007a50 (0x8d31) x10 0x80adde69
core   0: 0x80007a52 (0x00008515) c.srai  a0, 5
core   0: 3 0x80007a52 (0x8515) x10 0xfc056ef3
core   0: 0x80007a54 (0x41c40333) sub     t1, s0, t3
core   0: 3 0x80007a54 (0x41c40333) x6  0xfffde19c
core   0: 0x80007a58 (0x014ee363) bltu    t4, s4, pc + 6
core   0: 3 0x80007a58 (0x014ee363)
core   0: 0x80007a5c (0x00008f99) c.sub   a5, a4
core   0: 3 0x80007a5c (0x8f99) x15 0xffffffef
core   0: 0x80007a5e (0x00008aed) c.andi  a3, 27
core   0: 3 0x80007a5e (0x8aed) x13 0x0000001b
core   0: 0x80007a60 (0x000097e6) c.add   a5, s9
core   0: 3 0x80007a60 (0x97e6) x15 0x0107ffef
core   0: 0x80007a62 (0x05981063) bne     a6, s9, pc + 64
core   0: 3 0x80007a62 (0x05981063)
core   0: 0x80007aa2 (0x00000b22) c.slli  s6, 8
core   0: 3 0x80007aa2 (0x0b22) x22 0xffffe900
core   0: 0x80007aa4 (0x024dd9b3) divu    s3, s11, tp
core   0: 3 0x80007aa4 (0x024dd9b3) x19 0x00000000
core   0: 0x80007aa8 (0x02cced33) rem     s10, s9, a2
core   0: 3 0x80007aa8 (0x02cced33) x26 0x01080000
core   0: 0x80007aac (0x00000001) c.nop
core   0: 3 0x80007aac (0x0001)
core   0: 0x80007aae (0x00008d79) c.and   a0, a4
core   0: 3 0x80007aae (0x8d79) x10 0x00000012
core   0: 0x80007ab0 (0x00008ead) c.xor   a3, a1
core   0: 3 0x80007ab0 (0x8ead) x13 0xffffffe4
core   0: 0x80007ab2 (0x9c66c313) xori    t1, a3, -1594
core   0: 3 0x80007ab2 (0x9c66c313) x6  0x00000622
core   0: 0x80007ab6 (0x01709b63) bne     ra, s7, pc + 22
core   0: 3 0x80007ab6 (0x01709b63)
core   0: 0x80007acc (0x00001b7d) c.addi  s6, -1
core   0: 3 0x80007acc (0x1b7d) x22 0xffffe8ff
core   0: 0x80007ace (0x03d87bb3) remu    s7, a6, t4
core   0: 3 0x80007ace (0x03d87bb3) x23 0x3fffffff
core   0: 0x80007ad2 (0x0000177d) c.addi  a4, -1
core   0: 3 0x80007ad2 (0x177d) x14 0x00000011
core   0: 0x80007ad4 (0x00000001) c.nop
core   0: 3 0x80007ad4 (0x0001)
core   0: 0x80007ad6 (0x00c69eb3) sll     t4, a3, a2
core   0: 3 0x80007ad6 (0x00c69eb3) x29 0xfffffe40
core   0: 0x80007ada (0x340060f3) csrrsi  ra, mscratch, 0
core   0: 3 0x80007ada (0x340060f3) x1  0x00000014
core   0: 0x80007ade (0x004229b3) slt     s3, tp, tp
core   0: 3 0x80007ade (0x004229b3) x19 0x00000000
core   0: 0x80007ae2 (0x002f58b3) srl     a7, t5, sp
core   0: 3 0x80007ae2 (0x002f58b3) x17 0x00000000
core   0: 0x80007ae6 (0x60cfe997) auipc   s3, 0x60cfe
core   0: 3 0x80007ae6 (0x60cfe997) x19 0xe0d05ae6
core   0: 0x80007aea (0x023d6663) bltu    s10, gp, pc + 44
core   0: 3 0x80007aea (0x023d6663)
core   0: 0x80007b16 (0x00d3c733) xor     a4, t2, a3
core   0: 3 0x80007b16 (0x00d3c733) x14 0x00000686
core   0: 0x80007b1a (0x00009bfd) c.andi  a5, -1
core   0: 3 0x80007b1a (0x9bfd) x15 0x0107ffef
core   0: 0x80007b1c (0x03780533) mul     a0, a6, s7
core   0: 3 0x80007b1c (0x03780533) x10 0x80000001
core   0: 0x80007b20 (0x0ff0000f) fence   iorw,iorw
core   0: 3 0x80007b20 (0x0ff0000f)
core   0: 0x80007b24 (0x340310f3) csrrw   ra, mscratch, t1
core   0: 3 0x80007b24 (0x340310f3) x1  0x00000014 c832_mscratch 0x00000622
core   0: 0x80007b28 (0x02e09663) bne     ra, a4, pc + 44
core   0: 3 0x80007b28 (0x02e09663)
core   0: 0x80007b54 (0x055f4163) blt     t5, s5, pc + 66
core   0: 3 0x80007b54 (0x055f4163)
core   0: 0x80007b58 (0x000057fd) c.li    a5, -1
core   0: 3 0x80007b58 (0x57fd) x15 0xffffffff
core   0: 0x80007b5a (0x00000001) c.nop
core   0: 3 0x80007b5a (0x0001)
core   0: 0x80007b5c (0x412a52b3) sra     t0, s4, s2
core   0: 3 0x80007b5c (0x412a52b3) x5  0x00000000
core   0: 0x80007b60 (0x0000e095) c.bnez  s1, pc + 36
core   0: 3 0x80007b60 (0xe095)
core   0: 0x80007b84 (0x000081e9) c.srli  a1, 26
core   0: 3 0x80007b84 (0x81e9) x11 0x0000003f
core   0: 0x80007b86 (0x18ae3f37) lui     t5, 0x18ae3
core   0: 3 0x80007b86 (0x18ae3f37) x30 0x18ae3000
core   0: 0x80007b8a (0x01826d63) bltu    tp, s8, pc + 26
core   0: 3 0x80007b8a (0x01826d63)
core   0: 0x80007b8e (0x02043b33) mulhu   s6, s0, zero
core   0: 3 0x80007b8e (0x02043b33) x22 0x00000000
core   0: 0x80007b92 (0x01009e63) bne     ra, a6, pc + 28
core   0: 3 0x80007b92 (0x01009e63)
core   0: 0x80007bae (0x000047c1) c.li    a5, 16
core   0: 3 0x80007bae (0x47c1) x15 0x00000010
core   0: 0x80007bb0 (0x0ff0000f) fence   iorw,iorw
core   0: 3 0x80007bb0 (0x0ff0000f)
core   0: 0x80007bb4 (0x00008fb5) c.xor   a5, a3
core   0: 3 0x80007bb4 (0x8fb5) x15 0xfffffff4
core   0: 0x80007bb6 (0x036922b3) mulhsu  t0, s2, s6
core   0: 3 0x80007bb6 (0x036922b3) x5  0x00000000
core   0: 0x80007bba (0x000083a9) c.srli  a5, 10
core   0: 3 0x80007bba (0x83a9) x15 0x003fffff
core   0: 0x80007bbc (0x00eb7263) bgeu    s6, a4, pc + 4
core   0: 3 0x80007bbc (0x00eb7263)
core   0: 0x80007bc0 (0x0ff0000f) fence   iorw,iorw
core   0: 3 0x80007bc0 (0x0ff0000f)
core   0: 0x80007bc4 (0x34015df3) csrrwi  s11, mscratch, 2
core   0: 3 0x80007bc4 (0x34015df3) x27 0x00000622 c832_mscratch 0x00000002
core   0: 0x80007bc8 (0x0000577d) c.li    a4, -1
core   0: 3 0x80007bc8 (0x577d) x14 0xffffffff
core   0: 0x80007bca (0x0000c719) c.beqz  a4, pc + 14
core   0: 3 0x80007bca (0xc719)
core   0: 0x80007bcc (0x3c118a13) addi    s4, gp, 961
core   0: 3 0x80007bcc (0x3c118a13) x20 0xffc8d45d
core   0: 0x80007bd0 (0x00009366) c.add   t1, s9
core   0: 3 0x80007bd0 (0x9366) x6  0x01080622
core   0: 0x80007bd2 (0x03ef8c33) mul     s8, t6, t5
core   0: 3 0x80007bd2 (0x03ef8c33) x24 0x00000000
core   0: 0x80007bd6 (0x00008f4d) c.or    a4, a1
core   0: 3 0x80007bd6 (0x8f4d) x14 0xffffffff
core   0: 0x80007bd8 (0x000cc233) xor     tp, s9, zero
core   0: 3 0x80007bd8 (0x000cc233) x4  0x01080000
core   0: 0x80007bdc (0x0358aab3) mulhsu  s5, a7, s5
core   0: 3 0x80007bdc (0x0358aab3) x21 0x00000000
core   0: 0x80007be0 (0x00001cfd) c.addi  s9, -1
core   0: 3 0x80007be0 (0x1cfd) x25 0x0107ffff
core   0: 0x80007be2 (0x3400b8f3) csrrc   a7, mscratch, ra
core   0: 3 0x80007be2 (0x3400b8f3) x17 0x00000002 c832_mscratch 0x00000002
core   0: 0x80007be6 (0x409501b3) sub     gp, a0, s1
core   0: 3 0x80007be6 (0x409501b3) x3  0x7ef80001
core   0: 0x80007bea (0x0ff0000f) fence   iorw,iorw
core   0: 3 0x80007bea (0x0ff0000f)
core   0: 0x80007bee (0xca42b097) auipc   ra, 0xca42b
core   0: 3 0x80007bee (0xca42b097) x1  0x4a432bee
core   0: 0x80007bf2 (0x0000980e) c.add   a6, gp
core   0: 3 0x80007bf2 (0x980e) x16 0xbef80000
core   0: 0x80007bf4 (0x00001908) c.addi4spn a0, sp, 176
core   0: 3 0x80007bf4 (0x1908) x10 0x00af818d
core   0: 0x80007bf6 (0x00000112) c.slli  sp, 4
core   0: 3 0x80007bf6 (0x0112) x2  0x0af80dd0
core   0: 0x80007bf8 (0x00e71913) slli    s2, a4, 14
core   0: 3 0x80007bf8 (0x00e71913) x18 0xffffc000
core   0: 0x80007bfc (0x037930b3) mulhu   ra, s2, s7
core   0: 3 0x80007bfc (0x037930b3) x1  0x3fffefff
core   0: 0x80007c00 (0xb5fb0713) addi    a4, s6, -1185
core   0: 3 0x80007c00 (0xb5fb0713) x14 0xfffffb5f
core   0: 0x80007c04 (0x7e43f113) andi    sp, t2, 2020
core   0: 3 0x80007c04 (0x7e43f113) x2  0x00000160
core   0: 0x80007c08 (0x03bc68b3) rem     a7, s8, s11
core   0: 3 0x80007c08 (0x03bc68b3) x17 0x00000000
core   0: 0x80007c0c (0x0105ccb3) xor     s9, a1, a6
core   0: 3 0x80007c0c (0x0105ccb3) x25 0xbef8003f
core   0: 0x80007c10 (0x00b15263) bge     sp, a1, pc + 4
core   0: 3 0x80007c10 (0x00b15263)
core   0: 0x80007c14 (0x00005dfd) c.li    s11, -1
core   0: 3 0x80007c14 (0x5dfd) x27 0xffffffff
core   0: 0x80007c16 (0x00f8c933) xor     s2, a7, a5
core   0: 3 0x80007c16 (0x00f8c933) x18 0x003fffff
core   0: 0x80007c1a (0x4098d313) srai    t1, a7, 9
core   0: 3 0x80007c1a (0x4098d313) x6  0x00000000
core   0: 0x80007c1e (0x00000001) c.nop
core   0: 3 0x80007c1e (0x0001)
core   0: 0x80007c20 (0x0000e681) c.bnez  a3, pc + 8
core   0: 3 0x80007c20 (0xe681)
core   0: 0x80007c28 (0x00008fb5) c.xor   a5, a3
core   0: 3 0x80007c28 (0x8fb5) x15 0xffc0001b
core   0: 0x80007c2a (0x415a4293) xori    t0, s4, 1045
core   0: 3 0x80007c2a (0x415a4293) x5  0xffc8d048
core   0: 0x80007c2e (0x02fba233) mulhsu  tp, s7, a5
core   0: 3 0x80007c2e (0x02fba233) x4  0x3ff00005
core   0: 0x80007c32 (0x00005ffd) c.li    t6, -1
core   0: 3 0x80007c32 (0x5ffd) x31 0xffffffff
core   0: 0x80007c34 (0x34002df3) csrr    s11, mscratch
core   0: 3 0x80007c34 (0x34002df3) x27 0x00000002
core   0: 0x80007c38 (0x340835f3) csrrc   a1, mscratch, a6
core   0: 3 0x80007c38 (0x340835f3) x11 0x00000002 c832_mscratch 0x00000002
core   0: 0x80007c3c (0x013c61b3) or      gp, s8, s3
core   0: 3 0x80007c3c (0x013c61b3) x3  0xe0d05ae6
core   0: 0x80007c40 (0x020833b3) mulhu   t2, a6, zero
core   0: 3 0x80007c40 (0x020833b3) x7  0x00000000
core   0: 0x80007c44 (0xd64dac93) slti    s9, s11, -668
core   0: 3 0x80007c44 (0xd64dac93) x25 0x00000000
core   0: 0x80007c48 (0x00009bb2) c.add   s7, a2
core   0: 3 0x80007c48 (0x9bb2) x23 0xc0025ce3
core   0: 0x80007c4a (0xf961e5b7) lui     a1, 0xf961e
core   0: 3 0x80007c4a (0xf961e5b7) x11 0xf961e000
core   0: 0x80007c4e (0x00dd5933) srl     s2, s10, a3
core   0: 3 0x80007c4e (0x00dd5933) x18 0x00108000
core   0: 0x80007c52 (0xe77b4a13) xori    s4, s6, -393
core   0: 3 0x80007c52 (0xe77b4a13) x20 0xfffffe77
core   0: 0x80007c56 (0x01fbf333) and     t1, s7, t6
core   0: 3 0x80007c56 (0x01fbf333) x6  0xc0025ce3
core   0: 0x80007c5a (0x00b28133) add     sp, t0, a1
core   0: 3 0x80007c5a (0x00b28133) x2  0xf92ab048
core   0: 0x80007c5e (0x000098b2) c.add   a7, a2
core   0: 3 0x80007c5e (0x98b2) x17 0x80025ce4
core   0: 0x80007c60 (0x7202f513) andi    a0, t0, 1824
core   0: 3 0x80007c60 (0x7202f513) x10 0x00000000
core   0: 0x80007c64 (0xb4d3cd37) lui     s10, 0xb4d3c
core   0: 3 0x80007c64 (0xb4d3cd37) x26 0xb4d3c000
core   0: 0x80007c68 (0x00001f7d) c.addi  t5, -1
core   0: 3 0x80007c68 (0x1f7d) x30 0x18ae2fff
core   0: 0x80007c6a (0x40490033) sub     zero, s2, tp
core   0: 3 0x80007c6a (0x40490033)
core   0: 0x80007c6e (0x00a973b3) and     t2, s2, a0
core   0: 3 0x80007c6e (0x00a973b3) x7  0x00000000
core   0: 0x80007c72 (0x00008a92) c.mv    s5, tp
core   0: 3 0x80007c72 (0x8a92) x21 0x3ff00005
core   0: 0x80007c74 (0x03699233) mulh    tp, s3, s6
core   0: 3 0x80007c74 (0x03699233) x4  0x00000000
core   0: 0x80007c78 (0x02e032b3) mulhu   t0, zero, a4
core   0: 3 0x80007c78 (0x02e032b3) x5  0x00000000
core   0: 0x80007c7c (0x039675b3) remu    a1, a2, s9
core   0: 3 0x80007c7c (0x039675b3) x11 0x80025ce4
core   0: 0x80007c80 (0x34007ef3) csrrci  t4, mscratch, 0
core   0: 3 0x80007c80 (0x34007ef3) x29 0x00000002
core   0: 0x80007c84 (0x0000717d) c.addi16sp sp, -16
core   0: 3 0x80007c84 (0x717d) x2  0xf92ab038
core   0: 0x80007c86 (0x022f61b3) rem     gp, t5, sp
core   0: 3 0x80007c86 (0x022f61b3) x3  0x042e40a7
core   0: 0x80007c8a (0x008e6233) or      tp, t3, s0
core   0: 3 0x80007c8a (0x008e6233) x4  0x80021e64
core   0: 0x80007c8e (0x00008589) c.srai  a1, 2
core   0: 3 0x80007c8e (0x8589) x11 0xe0009739
core   0: 0x80007c90 (0x0155d933) srl     s2, a1, s5
core   0: 3 0x80007c90 (0x0155d933) x18 0x070004b9
core   0: 0x80007c94 (0x96782c13) slti    s8, a6, -1689
core   0: 3 0x80007c94 (0x96782c13) x24 0x00000001
core   0: 0x80007c98 (0x016b9c13) slli    s8, s7, 22
core   0: 3 0x80007c98 (0x016b9c13) x24 0x38c00000
core   0: 0x80007c9c (0x000b1693) slli    a3, s6, 0
core   0: 3 0x80007c9c (0x000b1693) x13 0x00000000
core   0: 0x80007ca0 (0x340a2273) csrrs   tp, mscratch, s4
core   0: 3 0x80007ca0 (0x340a2273) x4  0x00000002 c832_mscratch 0xfffffe77
core   0: 0x80007ca4 (0x036ba1b3) mulhsu  gp, s7, s6
core   0: 3 0x80007ca4 (0x036ba1b3) x3  0x00000000
core   0: 0x80007ca8 (0x04335263) bge     t1, gp, pc + 68
core   0: 3 0x80007ca8 (0x04335263)
core   0: 0x80007cac (0x00117933) and     s2, sp, ra
core   0: 3 0x80007cac (0x00117933) x18 0x392aa038
core   0: 0x80007cb0 (0x03ee5563) bge     t3, t5, pc + 42
core   0: 3 0x80007cb0 (0x03ee5563)
core   0: 0x80007cb4 (0x00000001) c.nop
core   0: 3 0x80007cb4 (0x0001)
core   0: 0x80007cb6 (0x0000117d) c.addi  sp, -1
core   0: 3 0x80007cb6 (0x117d) x2  0xf92ab037
core   0: 0x80007cb8 (0x34011373) csrrw   t1, mscratch, sp
core   0: 3 0x80007cb8 (0x34011373) x6  0xfffffe77 c832_mscratch 0xf92ab037
core   0: 0x80007cbc (0xd9e82d13) slti    s10, a6, -610
core   0: 3 0x80007cbc (0xd9e82d13) x26 0x00000001
core   0: 0x80007cc0 (0x00009ff6) c.add   t6, t4
core   0: 3 0x80007cc0 (0x9ff6) x31 0x00000001
core   0: 0x80007cc2 (0x3400b4f3) csrrc   s1, mscratch, ra
core   0: 3 0x80007cc2 (0x3400b4f3) x9  0xf92ab037 c832_mscratch 0xc0001000
core   0: 0x80007cc6 (0x3b372693) slti    a3, a4, 947
core   0: 3 0x80007cc6 (0x3b372693) x13 0x00000001
core   0: 0x80007cca (0x1ab6c317) auipc   t1, 0x1ab6c
core   0: 3 0x80007cca (0x1ab6c317) x6  0x9ab73cca
core   0: 0x80007cce (0x00008db1) c.xor   a1, a2
core   0: 3 0x80007cce (0x8db1) x11 0x6002cbdd
core   0: 0x80007cd0 (0x000086ca) c.mv    a3, s2
core   0: 3 0x80007cd0 (0x86ca) x13 0x392aa038
core   0: 0x80007cd2 (0x40ded7b3) sra     a5, t4, a3
core   0: 3 0x80007cd2 (0x40ded7b3) x15 0x00000000
core   0: 0x80007cd6 (0xb6b1e193) ori     gp, gp, -1173
core   0: 3 0x80007cd6 (0xb6b1e193) x3  0xfffffb6b
core   0: 0x80007cda (0x13446593) ori     a1, s0, 308
core   0: 3 0x80007cda (0x13446593) x11 0x80000134
core   0: 0x80007cde (0x02c52033) mulhsu  zero, a0, a2
core   0: 3 0x80007cde (0x02c52033)
core   0: 0x80007ce2 (0x000060f9) c.lui   ra, 0x1e
core   0: 3 0x80007ce2 (0x60f9) x1  0x0001e000
core   0: 0x80007ce4 (0x0054d463) bge     s1, t0, pc + 8
core   0: 3 0x80007ce4 (0x0054d463)
core   0: 0x80007ce8 (0x028e9033) mulh    zero, t4, s0
core   0: 3 0x80007ce8 (0x028e9033)
core   0: 0x80007cec (0x00008fcd) c.or    a5, a1
core   0: 3 0x80007cec (0x8fcd) x15 0x80000134
core   0: 0x80007cee (0x02107db3) remu    s11, zero, ra
core   0: 3 0x80007cee (0x02107db3) x27 0x00000000
core   0: 0x80007cf2 (0x0199a3b3) slt     t2, s3, s9
core   0: 3 0x80007cf2 (0x0199a3b3) x7  0x00000001
core   0: 0x80007cf6 (0x04e07713) andi    a4, zero, 78
core   0: 3 0x80007cf6 (0x04e07713) x14 0x00000000
core   0: 0x80007cfa (0x41df0f33) sub     t5, t5, t4
core   0: 3 0x80007cfa (0x41df0f33) x30 0x18ae2ffd
core   0: 0x80007cfe (0x5a643993) sltiu   s3, s0, 1446
core   0: 3 0x80007cfe (0x5a643993) x19 0x00000000
core   0: 0x80007d02 (0x34006af3) csrrsi  s5, mscratch, 0
core   0: 3 0x80007d02 (0x34006af3) x21 0xc0001000
core   0: 0x80007d06 (0x340a50f3) csrrwi  ra, mscratch, 20
core   0: 3 0x80007d06 (0x340a50f3) x1  0xc0001000 c832_mscratch 0x00000014
core   0: 0x80007d0a (0x01073bb3) sltu    s7, a4, a6
core   0: 3 0x80007d0a (0x01073bb3) x23 0x00000001
core   0: 0x80007d0e (0x00000001) c.nop
core   0: 3 0x80007d0e (0x0001)
core   0: 0x80007d10 (0xe5138093) addi    ra, t2, -431
core   0: 3 0x80007d10 (0xe5138093) x1  0xfffffe52
core   0: 0x80007d14 (0x001472b3) and     t0, s0, ra
core   0: 3 0x80007d14 (0x001472b3) x5  0x80000000
core   0: 0x80007d18 (0x00008e91) c.sub   a3, a2
core   0: 3 0x80007d18 (0x8e91) x13 0xb9284354
core   0: 0x80007d1a (0x03777233) remu    tp, a4, s7
core   0: 3 0x80007d1a (0x03777233) x4  0x00000000
core   0: 0x80007d1e (0x023b8f33) mul     t5, s7, gp
core   0: 3 0x80007d1e (0x023b8f33) x30 0xfffffb6b
core   0: 0x80007d22 (0x3406b2f3) csrrc   t0, mscratch, a3
core   0: 3 0x80007d22 (0x3406b2f3) x5  0x00000014 c832_mscratch 0x00000000
core   0: 0x80007d26 (0x00e71463) bne     a4, a4, pc + 8
core   0: 3 0x80007d26 (0x00e71463)
core   0: 0x80007d2a (0x03c28033) mul     zero, t0, t3
core   0: 3 0x80007d2a (0x03c28033)
core   0: 0x80007d2e (0x029e7333) remu    t1, t3, s1
core   0: 3 0x80007d2e (0x029e7333) x6  0x80021e64
core   0: 0x80007d32 (0x03fdc163) blt     s11, t6, pc + 34
core   0: 3 0x80007d32 (0x03fdc163)
core   0: 0x80007d54 (0x2a7d3293) sltiu   t0, s10, 679
core   0: 3 0x80007d54 (0x2a7d3293) x5  0x00000001
core   0: 0x80007d58 (0x009e49b3) xor     s3, t3, s1
core   0: 3 0x80007d58 (0x009e49b3) x19 0x7928ae53
core   0: 0x80007d5c (0x000007fe) c.slli  a5, 31
core   0: 3 0x80007d5c (0x07fe) x15 0x00000000
core   0: 0x80007d5e (0x5be33b93) sltiu   s7, t1, 1470
core   0: 3 0x80007d5e (0x5be33b93) x23 0x00000000
core   0: 0x80007d62 (0x403f8133) sub     sp, t6, gp
core   0: 3 0x80007d62 (0x403f8133) x2  0x00000496
core   0: 0x80007d66 (0xa2f57393) andi    t2, a0, -1489
core   0: 3 0x80007d66 (0xa2f57393) x7  0x00000000
core   0: 0x80007d6a (0x02ed8663) beq     s11, a4, pc + 44
core   0: 3 0x80007d6a (0x02ed8663)
core   0: 0x80007d96 (0x02d712b3) mulh    t0, a4, a3
core   0: 3 0x80007d96 (0x02d712b3) x5  0x00000000
core   0: 0x80007d9a (0x00004de9) c.li    s11, 26
core   0: 3 0x80007d9a (0x4de9) x27 0x0000001a
core   0: 0x80007d9c (0x0129fb33) and     s6, s3, s2
core   0: 3 0x80007d9c (0x0129fb33) x22 0x3928a010
core   0: 0x80007da0 (0x014179b3) and     s3, sp, s4
core   0: 3 0x80007da0 (0x014179b3) x19 0x00000416
core   0: 0x80007da4 (0x0502f363) bgeu    t0, a6, pc + 70
core   0: 3 0x80007da4 (0x0502f363)
core   0: 0x80007da8 (0x00008866) c.mv    a6, s9
core   0: 3 0x80007da8 (0x8866) x16 0x00000000
core   0: 0x80007daa (0x0ba74037) lui     zero, 0xba74
core   0: 3 0x80007daa (0x0ba74037)
core   0: 0x80007dae (0x000c6f33) or      t5, s8, zero
core   0: 3 0x80007dae (0x000c6f33) x30 0x38c00000
core   0: 0x80007db2 (0x000086b1) c.srai  a3, 12
core   0: 3 0x80007db2 (0x86b1) x13 0xfffb9284
core   0: 0x80007db4 (0x340e5f73) csrrwi  t5, mscratch, 28
core   0: 3 0x80007db4 (0x340e5f73) x30 0x00000000 c832_mscratch 0x0000001c
core   0: 0x80007db8 (0x00008f65) c.and   a4, s1
core   0: 3 0x80007db8 (0x8f65) x14 0x00000000
core   0: 0x80007dba (0x038a0c33) mul     s8, s4, s8
core   0: 3 0x80007dba (0x038a0c33) x24 0xe1400000
core   0: 0x80007dbe (0x340a1bf3) csrrw   s7, mscratch, s4
core   0: 3 0x80007dbe (0x340a1bf3) x23 0x0000001c c832_mscratch 0xfffffe77
core   0: 0x80007dc2 (0x00938033) add     zero, t2, s1
core   0: 3 0x80007dc2 (0x00938033)
core   0: 0x80007dc6 (0x007a7533) and     a0, s4, t2
core   0: 3 0x80007dc6 (0x007a7533) x10 0x00000000
core   0: 0x80007dca (0x00000908) c.addi4spn a0, sp, 144
core   0: 3 0x80007dca (0x0908) x10 0x00000526
core   0: 0x80007dcc (0x34051773) csrrw   a4, mscratch, a0
core   0: 3 0x80007dcc (0x34051773) x14 0xfffffe77 c832_mscratch 0x00000526
core   0: 0x80007dd0 (0x01bc7663) bgeu    s8, s11, pc + 12
core   0: 3 0x80007dd0 (0x01bc7663)
core   0: 0x80007ddc (0x0000e099) c.bnez  s1, pc + 6
core   0: 3 0x80007ddc (0xe099)
core   0: 0x80007de2 (0x340efa73) csrrci  s4, mscratch, 29
core   0: 3 0x80007de2 (0x340efa73) x20 0x00000526 c832_mscratch 0x00000522
core   0: 0x80007de6 (0x41e200b3) sub     ra, tp, t5
core   0: 3 0x80007de6 (0x41e200b3) x1  0x00000000
core   0: 0x80007dea (0x340771f3) csrrci  gp, mscratch, 14
core   0: 3 0x80007dea (0x340771f3) x3  0x00000522 c832_mscratch 0x00000520
core   0: 0x80007dee (0x026b00b3) mul     ra, s6, t1
core   0: 3 0x80007dee (0x026b00b3) x1  0x56c06640
core   0: 0x80007df2 (0x3406d0f3) csrrwi  ra, mscratch, 13
core   0: 3 0x80007df2 (0x3406d0f3) x1  0x00000520 c832_mscratch 0x0000000d
core   0: 0x80007df6 (0x000002a5) c.addi  t0, 9
core   0: 3 0x80007df6 (0x02a5) x5  0x00000009
core   0: 0x80007df8 (0x0000587d) c.li    a6, -1
core   0: 3 0x80007df8 (0x587d) x16 0xffffffff
core   0: 0x80007dfa (0xbbdf6693) ori     a3, t5, -1091
core   0: 3 0x80007dfa (0xbbdf6693) x13 0xfffffbbd
core   0: 0x80007dfe (0x007dcb33) xor     s6, s11, t2
core   0: 3 0x80007dfe (0x007dcb33) x22 0x0000001a
core   0: 0x80007e02 (0x340f59f3) csrrwi  s3, mscratch, 30
core   0: 3 0x80007e02 (0x340f59f3) x19 0x0000000d c832_mscratch 0x0000001e
core   0: 0x80007e06 (0x00008d21) c.xor   a0, s0
core   0: 3 0x80007e06 (0x8d21) x10 0x80000526
core   0: 0x80007e08 (0x27d5a197) auipc   gp, 0x27d5a
core   0: 3 0x80007e08 (0x27d5a197) x3  0xa7d61e08
core   0: 0x80007e0c (0x028b8ab3) mul     s5, s7, s0
core   0: 3 0x80007e0c (0x028b8ab3) x21 0x00000000
core   0: 0x80007e10 (0x03d57ab3) remu    s5, a0, t4
core   0: 3 0x80007e10 (0x03d57ab3) x21 0x00000000
core   0: 0x80007e14 (0x05f55263) bge     a0, t6, pc + 68
core   0: 3 0x80007e14 (0x05f55263)
core   0: 0x80007e18 (0x000091fa) c.add   gp, t5
core   0: 3 0x80007e18 (0x91fa) x3  0xa7d61e08
core   0: 0x80007e1a (0x029fd333) divu    t1, t6, s1
core   0: 3 0x80007e1a (0x029fd333) x6  0x00000000
core   0: 0x80007e1e (0x4d1ff897) auipc   a7, 0x4d1ff
core   0: 3 0x80007e1e (0x4d1ff897) x17 0xcd206e1e
core   0: 0x80007e22 (0x03429963) bne     t0, s4, pc + 50
core   0: 3 0x80007e22 (0x03429963)
core   0: 0x80007e54 (0x01489793) slli    a5, a7, 20
core   0: 3 0x80007e54 (0x01489793) x15 0xe1e00000
core   0: 0x80007e58 (0x920f3eb7) lui     t4, 0x920f3
core   0: 3 0x80007e58 (0x920f3eb7) x29 0x920f3000
core   0: 0x80007e5c (0x00eab9b3) sltu    s3, s5, a4
core   0: 3 0x80007e5c (0x00eab9b3) x19 0x00000001
core   0: 0x80007e60 (0x000000ae) c.slli  ra, 11
core   0: 3 0x80007e60 (0x00ae) x1  0x00290000
core   0: 0x80007e62 (0x00008d65) c.and   a0, s1
core   0: 3 0x80007e62 (0x8d65) x10 0x80000026
core   0: 0x80007e64 (0x000098fd) c.andi  s1, -1
core   0: 3 0x80007e64 (0x98fd) x9  0xf92ab037
core   0: 0x80007e66 (0x386e8913) addi    s2, t4, 902
core   0: 3 0x80007e66 (0x386e8913) x18 0x920f3386
core   0: 0x80007e6a (0x000085fd) c.srai  a1, 31
core   0: 3 0x80007e6a (0x85fd) x11 0xffffffff
core   0: 0x80007e6c (0xa53dcb17) auipc   s6, 0xa53dc
core   0: 3 0x80007e6c (0xa53dcb17) x22 0x253e3e6c
core   0: 0x80007e70 (0x030aa5b3) mulhsu  a1, s5, a6
core   0: 3 0x80007e70 (0x030aa5b3) x11 0x00000000
core   0: 0x80007e74 (0x3403a0f3) csrrs   ra, mscratch, t2
core   0: 3 0x80007e74 (0x3403a0f3) x1  0x0000001e c832_mscratch 0x0000001e
core   0: 0x80007e78 (0x000085ad) c.srai  a1, 11
core   0: 3 0x80007e78 (0x85ad) x11 0x00000000
core   0: 0x80007e7a (0x000092ca) c.add   t0, s2
core   0: 3 0x80007e7a (0x92ca) x5  0x920f338f
core   0: 0x80007e7c (0x00008f79) c.and   a4, a4
core   0: 3 0x80007e7c (0x8f79) x14 0xfffffe77
core   0: 0x80007e7e (0x026a9b63) bne     s5, t1, pc + 54
core   0: 3 0x80007e7e (0x026a9b63)
core   0: 0x80007e82 (0x03e27d63) bgeu    tp, t5, pc + 58
core   0: 3 0x80007e82 (0x03e27d63)
core   0: 0x80007ebc (0x405e0793) addi    a5, t3, 1029
core   0: 3 0x80007ebc (0x405e0793) x15 0x80022269
core   0: 0x80007ec0 (0x00000001) c.nop
core   0: 3 0x80007ec0 (0x0001)
core   0: 0x80007ec2 (0x00009d1a) c.add   s10, t1
core   0: 3 0x80007ec2 (0x9d1a) x26 0x00000001
core   0: 0x80007ec4 (0x00d6af33) slt     t5, a3, a3
core   0: 3 0x80007ec4 (0x00d6af33) x30 0x00000000
core   0: 0x80007ec8 (0x01cd3333) sltu    t1, s10, t3
core   0: 3 0x80007ec8 (0x01cd3333) x6  0x00000001
core   0: 0x80007ecc (0x000098fd) c.andi  s1, -1
core   0: 3 0x80007ecc (0x98fd) x9  0xf92ab037
core   0: 0x80007ece (0x66708193) addi    gp, ra, 1639
core   0: 3 0x80007ece (0x66708193) x3  0x00000685
core   0: 0x80007ed2 (0x419c5033) sra     zero, s8, s9
core   0: 3 0x80007ed2 (0x419c5033)
core   0: 0x80007ed6 (0xf9033293) sltiu   t0, t1, -112
core   0: 3 0x80007ed6 (0xf9033293) x5  0x00000001
core   0: 0x80007eda (0x0118ed63) bltu    a7, a7, pc + 26
core   0: 3 0x80007eda (0x0118ed63)
core   0: 0x80007ede (0x00008555) c.srai  a0, 21
core   0: 3 0x80007ede (0x8555) x10 0xfffffc00
core   0: 0x80007ee0 (0x8bbf4d17) auipc   s10, 0x8bbf4
core   0: 3 0x80007ee0 (0x8bbf4d17) x26 0x0bbfbee0
core   0: 0x80007ee4 (0xe778ea93) ori     s5, a7, -393
core   0: 3 0x80007ee4 (0xe778ea93) x21 0xfffffe7f
core   0: 0x80007ee8 (0x012608b3) add     a7, a2, s2
core   0: 3 0x80007ee8 (0x012608b3) x17 0x1211906a
core   0: 0x80007eec (0x01d19793) slli    a5, gp, 29
core   0: 3 0x80007eec (0x01d19793) x15 0xa0000000
core   0: 0x80007ef0 (0x26b01cb7) lui     s9, 0x26b01
core   0: 3 0x80007ef0 (0x26b01cb7) x25 0x26b01000
core   0: 0x80007ef4 (0x34007b73) csrrci  s6, mscratch, 0
core   0: 3 0x80007ef4 (0x34007b73) x22 0x0000001e
core   0: 0x80007ef8 (0x0211f263) bgeu    gp, ra, pc + 36
core   0: 3 0x80007ef8 (0x0211f263)
core   0: 0x80007f1c (0x340024f3) csrr    s1, mscratch
core   0: 3 0x80007f1c (0x340024f3) x9  0x0000001e
core   0: 0x80007f20 (0x026dc763) blt     s11, t1, pc + 46
core   0: 3 0x80007f20 (0x026dc763)
core   0: 0x80007f24 (0x00008dd9) c.or    a1, a4
core   0: 3 0x80007f24 (0x8dd9) x11 0xfffffe77
core   0: 0x80007f26 (0x03f2e563) bltu    t0, t6, pc + 42
core   0: 3 0x80007f26 (0x03f2e563)
core   0: 0x80007f2a (0xaab4f993) andi    s3, s1, -1365
core   0: 3 0x80007f2a (0xaab4f993) x19 0x0000000a
core   0: 0x80007f2e (0x002fb833) sltu    a6, t6, sp
core   0: 3 0x80007f2e (0x002fb833) x16 0x00000001
core   0: 0x80007f32 (0x0000e685) c.bnez  a3, pc + 40
core   0: 3 0x80007f32 (0xe685)
core   0: 0x80007f5a (0x00249463) bne     s1, sp, pc + 8
core   0: 3 0x80007f5a (0x00249463)
core   0: 0x80007f62 (0x00005afd) c.li    s5, -1
core   0: 3 0x80007f62 (0x5afd) x21 0xffffffff
core   0: 0x80007f64 (0x00ab4db3) xor     s11, s6, a0
core   0: 3 0x80007f64 (0x00ab4db3) x27 0xfffffc1e
core   0: 0x80007f68 (0x03f9e863) bltu    s3, t6, pc + 48
core   0: 3 0x80007f68 (0x03f9e863)
core   0: 0x80007f6c (0x00008dc5) c.or    a1, s1
core   0: 3 0x80007f6c (0x8dc5) x11 0xfffffe7f
core   0: 0x80007f6e (0xfefb3a13) sltiu   s4, s6, -17
core   0: 3 0x80007f6e (0xfefb3a13) x20 0x00000001
core   0: 0x80007f72 (0x41e65c93) srai    s9, a2, 30
core   0: 3 0x80007f72 (0x41e65c93) x25 0xfffffffe
core   0: 0x80007f76 (0x00004b61) c.li    s6, 24
core   0: 3 0x80007f76 (0x4b61) x22 0x00000018
core   0: 0x80007f78 (0x016f1533) sll     a0, t5, s6
core   0: 3 0x80007f78 (0x016f1533) x10 0x00000000
core   0: 0x80007f7c (0x00008f5d) c.or    a4, a5
core   0: 3 0x80007f7c (0x8f5d) x14 0xfffffe77
core   0: 0x80007f7e (0x0a76fb17) auipc   s6, 0xa76f
core   0: 3 0x80007f7e (0x0a76fb17) x22 0x8a776f7e
core   0: 0x80007f82 (0x00275193) srli    gp, a4, 2
core   0: 3 0x80007f82 (0x00275193) x3  0x3fffff9d
core   0: 0x80007f86 (0x00000001) c.nop
core   0: 3 0x80007f86 (0x0001)
core   0: 0x80007f88 (0x3407e073) csrsi   mscratch, 15
core   0: 3 0x80007f88 (0x3407e073) c832_mscratch 0x0000001f
core   0: 0x80007f8c (0x00005c7d) c.li    s8, -1
core   0: 3 0x80007f8c (0x5c7d) x24 0xffffffff
core   0: 0x80007f8e (0x69d43c93) sltiu   s9, s0, 1693
core   0: 3 0x80007f8e (0x69d43c93) x25 0x00000000
core   0: 0x80007f92 (0x056f9263) bne     t6, s6, pc + 68
core   0: 3 0x80007f92 (0x056f9263)
core   0: 0x80007fd6 (0x340026f3) csrr    a3, mscratch
core   0: 3 0x80007fd6 (0x340026f3) x13 0x0000001f
core   0: 0x80007fda (0x0177df13) srli    t5, a5, 23
core   0: 3 0x80007fda (0x0177df13) x30 0x00000140
core   0: 0x80007fde (0x00008ca2) c.mv    s9, s0
core   0: 3 0x80007fde (0x8ca2) x25 0x80000000
core   0: 0x80007fe0 (0x340f9ef3) csrrw   t4, mscratch, t6
core   0: 3 0x80007fe0 (0x340f9ef3) x29 0x0000001f c832_mscratch 0x00000001
core   0: 0x80007fe4 (0x04126c93) ori     s9, tp, 65
core   0: 3 0x80007fe4 (0x04126c93) x25 0x00000041
core   0: 0x80007fe8 (0x000088a1) c.andi  s1, 8
core   0: 3 0x80007fe8 (0x88a1) x9  0x00000008
core   0: 0x80007fea (0x8315ad93) slti    s11, a1, -1999
core   0: 3 0x80007fea (0x8315ad93) x27 0x00000000
core   0: 0x80007fee (0x00888eb3) add     t4, a7, s0
core   0: 3 0x80007fee (0x00888eb3) x29 0x9211906a
core   0: 0x80007ff2 (0x034a5d33) divu    s10, s4, s4
core   0: 3 0x80007ff2 (0x034a5d33) x26 0x00000001
core   0: 0x80007ff6 (0x0000128c) c.addi4spn a1, sp, 352
core   0: 3 0x80007ff6 (0x128c) x11 0x000005f6
core   0: 0x80007ff8 (0x00fbf663) bgeu    s7, a5, pc + 12
core   0: 3 0x80007ff8 (0x00fbf663)
core   0: 0x80007ffc (0x03b579b3) remu    s3, a0, s11
core   0: 3 0x80007ffc (0x03b579b3) x19 0x00000000
core   0: 0x80008000 (0x02648b33) mul     s6, s1, t1
core   0: 3 0x80008000 (0x02648b33) x22 0x00000008
core   0: 0x80008004 (0x00006109) c.addi16sp sp, 128
core   0: 3 0x80008004 (0x6109) x2  0x00000516
core   0: 0x80008006 (0x000080ed) c.srli  s1, 27
core   0: 3 0x80008006 (0x80ed) x9  0x00000000
core   0: 0x80008008 (0xda2a8a93) addi    s5, s5, -606
core   0: 3 0x80008008 (0xda2a8a93) x21 0xfffffda1
core   0: 0x8000800c (0x0000ee95) c.bnez  a3, pc + 60
core   0: 3 0x8000800c (0xee95)
core   0: 0x80008048 (0x03f666b3) rem     a3, a2, t6
core   0: 3 0x80008048 (0x03f666b3) x13 0x00000000
core   0: 0x8000804c (0x00008331) c.srli  a4, 12
core   0: 3 0x8000804c (0x8331) x14 0x000fffff
core   0: 0x8000804e (0x0141d0b3) srl     ra, gp, s4
core   0: 3 0x8000804e (0x0141d0b3) x1  0x1fffffce
core   0: 0x80008052 (0x0000969a) c.add   a3, t1
core   0: 3 0x80008052 (0x969a) x13 0x00000001
core   0: 0x80008054 (0x01b1d1b3) srl     gp, gp, s11
core   0: 3 0x80008054 (0x01b1d1b3) x3  0x3fffff9d
core   0: 0x80008058 (0x00aadeb3) srl     t4, s5, a0
core   0: 3 0x80008058 (0x00aadeb3) x29 0xfffffda1
core   0: 0x8000805c (0x006bcb63) blt     s7, t1, pc + 22
core   0: 3 0x8000805c (0x006bcb63)
core   0: 0x80008060 (0x00008f39) c.xor   a4, a4
core   0: 3 0x80008060 (0x8f39) x14 0x00000000
core   0: 0x80008062 (0x00009afd) c.andi  a3, -1
core   0: 3 0x80008062 (0x9afd) x13 0x00000001
core   0: 0x80008064 (0xd8b3a693) slti    a3, t2, -629
core   0: 3 0x80008064 (0xd8b3a693) x13 0x00000000
core   0: 0x80008068 (0x8fd90a13) addi    s4, s2, -1795
core   0: 3 0x80008068 (0x8fd90a13) x20 0x920f2c83
core   0: 0x8000806c (0x00008115) c.srli  a0, 5
core   0: 3 0x8000806c (0x8115) x10 0x00000000
core   0: 0x8000806e (0x00a278b3) and     a7, tp, a0
core   0: 3 0x8000806e (0x00a278b3) x17 0x00000000
core   0: 0x80008072 (0x0312cf63) blt     t0, a7, pc + 62
core   0: 3 0x80008072 (0x0312cf63)
core   0: 0x80008076 (0x9fada793) slti    a5, s11, -1542
core   0: 3 0x80008076 (0x9fada793) x15 0x00000000
core   0: 0x8000807a (0x0000892d) c.andi  a0, 11
core   0: 3 0x8000807a (0x892d) x10 0x00000000
core   0: 0x8000807c (0x22766bb7) lui     s7, 0x22766
core   0: 3 0x8000807c (0x22766bb7) x23 0x22766000
core   0: 0x80008080 (0x0046a6b3) slt     a3, a3, tp
core   0: 3 0x80008080 (0x0046a6b3) x13 0x00000000
core   0: 0x80008084 (0x000ffbb3) and     s7, t6, zero
core   0: 3 0x80008084 (0x000ffbb3) x23 0x00000000
core   0: 0x80008088 (0x3cdaf313) andi    t1, s5, 973
core   0: 3 0x80008088 (0x3cdaf313) x6  0x00000181
core   0: 0x8000808c (0x00000779) c.addi  a4, 30
core   0: 3 0x8000808c (0x0779) x14 0x0000001e
core   0: 0x8000808e (0x032c2733) mulhsu  a4, s8, s2
core   0: 3 0x8000808e (0x032c2733) x14 0xffffffff
core   0: 0x80008092 (0x0000100f) fence.i
core   0: 3 0x80008092 (0x0000100f)
core   0: 0x80008096 (0x01255463) bge     a0, s2, pc + 8
core   0: 3 0x80008096 (0x01255463)
core   0: 0x8000809e (0x017e11b3) sll     gp, t3, s7
core   0: 3 0x8000809e (0x017e11b3) x3  0x80021e64
core   0: 0x800080a2 (0x00008d0d) c.sub   a0, a1
core   0: 3 0x800080a2 (0x8d0d) x10 0xfffffa0a
core   0: 0x800080a4 (0x14dcb393) sltiu   t2, s9, 333
core   0: 3 0x800080a4 (0x14dcb393) x7  0x00000001
core   0: 0x800080a8 (0x9ff1ca97) auipc   s5, 0x9ff1c
core   0: 3 0x800080a8 (0x9ff1ca97) x21 0x1ff240a8
core   0: 0x800080ac (0x417d5b13) srai    s6, s10, 23
core   0: 3 0x800080ac (0x417d5b13) x22 0x00000000
core   0: 0x800080b0 (0x02276e63) bltu    a4, sp, pc + 60
core   0: 3 0x800080b0 (0x02276e63)
core   0: 0x800080b4 (0x000009b1) c.addi  s3, 12
core   0: 3 0x800080b4 (0x09b1) x19 0x0000000c
core   0: 0x800080b6 (0x0ff0000f) fence   iorw,iorw
core   0: 3 0x800080b6 (0x0ff0000f)
core   0: 0x800080ba (0x025ae0b3) rem     ra, s5, t0
core   0: 3 0x800080ba (0x025ae0b3) x1  0x00000000
core   0: 0x800080be (0x01c88a33) add     s4, a7, t3
core   0: 3 0x800080be (0x01c88a33) x20 0x80021e64
core   0: 0x800080c2 (0x00008f06) c.mv    t5, ra
core   0: 3 0x800080c2 (0x8f06) x30 0x00000000
core   0: 0x800080c4 (0x02b97533) remu    a0, s2, a1
core   0: 3 0x800080c4 (0x02b97533) x10 0x0000028e
core   0: 0x800080c8 (0x409e03b3) sub     t2, t3, s1
core   0: 3 0x800080c8 (0x409e03b3) x7  0x80021e64
core   0: 0x800080cc (0x0000717d) c.addi16sp sp, -16
core   0: 3 0x800080cc (0x717d) x2  0x00000506
core   0: 0x800080ce (0x013bfeb3) and     t4, s7, s3
core   0: 3 0x800080ce (0x013bfeb3) x29 0x00000000
core   0: 0x800080d2 (0x012be733) or      a4, s7, s2
core   0: 3 0x800080d2 (0x012be733) x14 0x920f3386
core   0: 0x800080d6 (0x000081e5) c.srli  a1, 25
core   0: 3 0x800080d6 (0x81e5) x11 0x00000000
core   0: 0x800080d8 (0x03b89f33) mulh    t5, a7, s11
core   0: 3 0x800080d8 (0x03b89f33) x30 0x00000000
core   0: 0x800080dc (0x79552693) slti    a3, a0, 1941
core   0: 3 0x800080dc (0x79552693) x13 0x00000001
core   0: 0x800080e0 (0x00008ec9) c.or    a3, a0
core   0: 3 0x800080e0 (0x8ec9) x13 0x0000028f
core   0: 0x800080e2 (0x03d7e833) rem     a6, a5, t4
core   0: 3 0x800080e2 (0x03d7e833) x16 0x00000000
core   0: 0x800080e6 (0x01557263) bgeu    a0, s5, pc + 4
core   0: 3 0x800080e6 (0x01557263)
core   0: 0x800080ea (0x000080f1) c.srli  s1, 28
core   0: 3 0x800080ea (0x80f1) x9  0x00000000
core   0: 0x800080ec (0x3ff398b7) lui     a7, 0x3ff39
core   0: 3 0x800080ec (0x3ff398b7) x17 0x3ff39000
core   0: 0x800080f0 (0xa7b2bf13) sltiu   t5, t0, -1413
core   0: 3 0x800080f0 (0xa7b2bf13) x30 0x00000001
core   0: 0x800080f4 (0x0051a7b3) slt     a5, gp, t0
core   0: 3 0x800080f4 (0x0051a7b3) x15 0x00000001
core   0: 0x800080f8 (0x031a3d33) mulhu   s10, s4, a7
core   0: 3 0x800080f8 (0x031a3d33) x26 0x1ffa4f7e
core   0: 0x800080fc (0x02580133) mul     sp, a6, t0
core   0: 3 0x800080fc (0x02580133) x2  0x00000000
core   0: 0x80008100 (0x00009cda) c.add   s9, s6
core   0: 3 0x80008100 (0x9cda) x25 0x00000041
core   0: 0x80008102 (0x00008d2d) c.xor   a0, a1
core   0: 3 0x80008102 (0x8d2d) x10 0x0000028e
core   0: 0x80008104 (0x34002b73) csrr    s6, mscratch
core   0: 3 0x80008104 (0x34002b73) x22 0x00000001
core   0: 0x80008108 (0x00f75293) srli    t0, a4, 15
core   0: 3 0x80008108 (0x00f75293) x5  0x0001241e
core   0: 0x8000810c (0x01aa1b33) sll     s6, s4, s10
core   0: 3 0x8000810c (0x01aa1b33) x22 0x00000000
core   0: 0x80008110 (0x01fe0233) add     tp, t3, t6
core   0: 3 0x80008110 (0x01fe0233) x4  0x80021e65
core   0: 0x80008114 (0xa36f7b93) andi    s7, t5, -1482
core   0: 3 0x80008114 (0xa36f7b93) x23 0x00000000
core   0: 0x80008118 (0x01d8e263) bltu    a7, t4, pc + 4
core   0: 3 0x80008118 (0x01d8e263)
core   0: 0x8000811c (0x02d88bb3) mul     s7, a7, a3
core   0: 3 0x8000811c (0x02d88bb3) x23 0xa02d7000
core   0: 0x80008120 (0x000060f5) c.lui   ra, 0x1d
core   0: 3 0x80008120 (0x60f5) x1  0x0001d000
core   0: 0x80008122 (0x0394fcb3) remu    s9, s1, s9
core   0: 3 0x80008122 (0x0394fcb3) x25 0x00000000
core   0: 0x80008126 (0x0000100f) fence.i
core   0: 3 0x80008126 (0x0000100f)
core   0: 0x8000812a (0x00008d1e) c.mv    s10, t2
core   0: 3 0x8000812a (0x8d1e) x26 0x80021e64
core   0: 0x8000812c (0x0000100f) fence.i
core   0: 3 0x8000812c (0x0000100f)
core   0: 0x80008130 (0x03a49333) mulh    t1, s1, s10
core   0: 3 0x80008130 (0x03a49333) x6  0x00000000
core   0: 0x80008134 (0x98d52d93) slti    s11, a0, -1651
core   0: 3 0x80008134 (0x98d52d93) x27 0x00000000
core   0: 0x80008138 (0x000085d5) c.srai  a1, 21
core   0: 3 0x80008138 (0x85d5) x11 0x00000000
core   0: 0x8000813a (0x00000001) c.nop
core   0: 3 0x8000813a (0x0001)
core   0: 0x8000813c (0x023fa2b3) mulhsu  t0, t6, gp
core   0: 3 0x8000813c (0x023fa2b3) x5  0x00000000
core   0: 0x80008140 (0x007bb9b3) sltu    s3, s7, t2
core   0: 3 0x80008140 (0x007bb9b3) x19 0x00000000
core   0: 0x80008144 (0x039c65b3) rem     a1, s8, s9
core   0: 3 0x80008144 (0x039c65b3) x11 0xffffffff
core   0: 0x80008148 (0x000090ae) c.add   ra, a1
core   0: 3 0x80008148 (0x90ae) x1  0x0001cfff
core   0: 0x8000814a (0x01c5ef33) or      t5, a1, t3
core   0: 3 0x8000814a (0x01c5ef33) x30 0xffffffff
core   0: 0x8000814e (0x02314233) div     tp, sp, gp
core   0: 3 0x8000814e (0x02314233) x4  0x00000000
core   0: 0x80008152 (0x00008d1d) c.sub   a0, a5
core   0: 3 0x80008152 (0x8d1d) x10 0x0000028d
core   0: 0x80008154 (0x40028933) sub     s2, t0, zero
core   0: 3 0x80008154 (0x40028933) x18 0x00000000
core   0: 0x80008158 (0x03e2ef33) rem     t5, t0, t5
core   0: 3 0x80008158 (0x03e2ef33) x30 0x00000000
core   0: 0x8000815c (0x01c13133) sltu    sp, sp, t3
core   0: 3 0x8000815c (0x01c13133) x2  0x00000001
core   0: 0x80008160 (0x03e17ab3) remu    s5, sp, t5
core   0: 3 0x80008160 (0x03e17ab3) x21 0x00000001
core   0: 0x80008164 (0x00000a7d) c.addi  s4, 31
core   0: 3 0x80008164 (0x0a7d) x20 0x80021e83
core   0: 0x80008166 (0x000061f5) c.lui   gp, 0x1d
core   0: 3 0x80008166 (0x61f5) x3  0x0001d000
core   0: 0x80008168 (0x00008715) c.srai  a4, 5
core   0: 3 0x80008168 (0x8715) x14 0xfc90799c
core   0: 0x8000816a (0x0000717d) c.addi16sp sp, -16
core   0: 3 0x8000816a (0x717d) x2  0xfffffff1
core   0: 0x8000816c (0x00b728b3) slt     a7, a4, a1
core   0: 3 0x8000816c (0x00b728b3) x17 0x00000001
core   0: 0x80008170 (0xa750a113) slti    sp, ra, -1419
core   0: 3 0x80008170 (0xa750a113) x2  0x00000000
core   0: 0x80008174 (0x020aedb3) rem     s11, s5, zero
core   0: 3 0x80008174 (0x020aedb3) x27 0x00000001
core   0: 0x80008178 (0x0ff0000f) fence   iorw,iorw
core   0: 3 0x80008178 (0x0ff0000f)
core   0: 0x8000817c (0x035b0a63) beq     s6, s5, pc + 52
core   0: 3 0x8000817c (0x035b0a63)
core   0: 0x80008180 (0x000019fd) c.addi  s3, -1
core   0: 3 0x80008180 (0x19fd) x19 0xffffffff
core   0: 0x80008182 (0x02a3d2b3) divu    t0, t2, a0
core   0: 3 0x80008182 (0x02a3d2b3) x5  0x00322f17
core   0: 0x80008186 (0x01454663) blt     a0, s4, pc + 12
core   0: 3 0x80008186 (0x01454663)
core   0: 0x8000818a (0x34067cf3) csrrci  s9, mscratch, 12
core   0: 3 0x8000818a (0x34067cf3) x25 0x00000001 c832_mscratch 0x00000001
core   0: 0x8000818e (0x03fb7163) bgeu    s6, t6, pc + 34
core   0: 3 0x8000818e (0x03fb7163)
core   0: 0x80008192 (0x01b1d513) srli    a0, gp, 27
core   0: 3 0x80008192 (0x01b1d513) x10 0x00000000
core   0: 0x80008196 (0x00826a33) or      s4, tp, s0
core   0: 3 0x80008196 (0x00826a33) x20 0x80000000
core   0: 0x8000819a (0x010b1d63) bne     s6, a6, pc + 26
core   0: 3 0x8000819a (0x010b1d63)
core   0: 0x8000819e (0x0000717d) c.addi16sp sp, -16
core   0: 3 0x8000819e (0x717d) x2  0xfffffff0
core   0: 0x800081a0 (0x00000001) c.nop
core   0: 3 0x800081a0 (0x0001)
core   0: 0x800081a2 (0x0000597d) c.li    s2, -1
core   0: 3 0x800081a2 (0x597d) x18 0xffffffff
core   0: 0x800081a4 (0x340cf173) csrrci  sp, mscratch, 25
core   0: 3 0x800081a4 (0x340cf173) x2  0x00000001 c832_mscratch 0x00000000
core   0: 0x800081a8 (0x00008d19) c.sub   a0, a4
core   0: 3 0x800081a8 (0x8d19) x10 0x036f8664
core   0: 0x800081aa (0x400c06b3) sub     a3, s8, zero
core   0: 3 0x800081aa (0x400c06b3) x13 0xffffffff
core   0: 0x800081ae (0x00008c89) c.sub   s1, a0
core   0: 3 0x800081ae (0x8c89) x9  0xfc90799c
core   0: 0x800081b0 (0x03a25cb3) divu    s9, tp, s10
core   0: 3 0x800081b0 (0x03a25cb3) x25 0x00000000
core   0: 0x800081b4 (0x34007973) csrrci  s2, mscratch, 0
core   0: 3 0x800081b4 (0x34007973) x18 0x00000000
core   0: 0x800081b8 (0x02db1663) bne     s6, a3, pc + 44
core   0: 3 0x800081b8 (0x02db1663)
core   0: 0x800081e4 (0x0358d233) divu    tp, a7, s5
core   0: 3 0x800081e4 (0x0358d233) x4  0x00000001
core   0: 0x800081e8 (0xd8cfaa13) slti    s4, t6, -628
core   0: 3 0x800081e8 (0xd8cfaa13) x20 0x00000000
core   0: 0x800081ec (0x00688d63) beq     a7, t1, pc + 26
core   0: 3 0x800081ec (0x00688d63)
core   0: 0x800081f0 (0x007c24b3) slt     s1, s8, t2
core   0: 3 0x800081f0 (0x007c24b3) x9  0x00000000
core   0: 0x800081f4 (0x219d7293) andi    t0, s10, 537
core   0: 3 0x800081f4 (0x219d7293) x5  0x00000200
core   0: 0x800081f8 (0x038f4cb3) div     s9, t5, s8
core   0: 3 0x800081f8 (0x038f4cb3) x25 0x00000000
core   0: 0x800081fc (0x000080a9) c.srli  s1, 10
core   0: 3 0x800081fc (0x80a9) x9  0x00000000
core   0: 0x800081fe (0x027fe833) rem     a6, t6, t2
core   0: 3 0x800081fe (0x027fe833) x16 0x00000001
core   0: 0x80008202 (0x0304c763) blt     s1, a6, pc + 46
core   0: 3 0x80008202 (0x0304c763)
core   0: 0x80008230 (0x340c2173) csrrs   sp, mscratch, s8
core   0: 3 0x80008230 (0x340c2173) x2  0x00000000 c832_mscratch 0xffffffff
core   0: 0x80008234 (0x000ffbb3) and     s7, t6, zero
core   0: 3 0x80008234 (0x000ffbb3) x23 0x00000000
core   0: 0x80008238 (0x000083f5) c.srli  a5, 29
core   0: 3 0x80008238 (0x83f5) x15 0x00000000
core   0: 0x8000823a (0x00008abe) c.mv    s5, a5
core   0: 3 0x8000823a (0x8abe) x21 0x00000000
core   0: 0x8000823c (0x0261a8b3) mulhsu  a7, gp, t1
core   0: 3 0x8000823c (0x0261a8b3) x17 0x00000000
core   0: 0x80008240 (0x0000437d) c.li    t1, 31
core   0: 3 0x80008240 (0x437d) x6  0x0000001f
core   0: 0x80008242 (0x0060fdb3) and     s11, ra, t1
core   0: 3 0x80008242 (0x0060fdb3) x27 0x0000001f
core   0: 0x80008246 (0x34002a73) csrr    s4, mscratch
core   0: 3 0x80008246 (0x34002a73) x20 0xffffffff
core   0: 0x8000824a (0x00000001) c.nop
core   0: 3 0x8000824a (0x0001)
core   0: 0x8000824c (0x017f9c33) sll     s8, t6, s7
core   0: 3 0x8000824c (0x017f9c33) x24 0x00000001
core   0: 0x80008250 (0x01240133) add     sp, s0, s2
core   0: 3 0x80008250 (0x01240133) x2  0x80000000
core   0: 0x80008254 (0x0000e0a1) c.bnez  s1, pc + 64
core   0: 3 0x80008254 (0xe0a1)
core   0: 0x80008256 (0x03d8f033) remu    zero, a7, t4
core   0: 3 0x80008256 (0x03d8f033)
core   0: 0x8000825a (0x03566033) rem     zero, a2, s5
core   0: 3 0x8000825a (0x03566033)
core   0: 0x8000825e (0x00009abe) c.add   s5, a5
core   0: 3 0x8000825e (0x9abe) x21 0x00000000
core   0: 0x80008260 (0x340353f3) csrrwi  t2, mscratch, 6
core   0: 3 0x80008260 (0x340353f3) x7  0xffffffff c832_mscratch 0x00000006
core   0: 0x80008264 (0x0000081c) c.addi4spn a5, sp, 16
core   0: 3 0x80008264 (0x081c) x15 0x80000010
core   0: 0x80008266 (0x0ff0000f) fence   iorw,iorw
core   0: 3 0x80008266 (0x0ff0000f)
core   0: 0x8000826a (0x01ff7bb3) and     s7, t5, t6
core   0: 3 0x8000826a (0x01ff7bb3) x23 0x00000000
core   0: 0x8000826e (0x0000077e) c.slli  a4, 31
core   0: 3 0x8000826e (0x077e) x14 0x00000000
core   0: 0x80008270 (0x00008fd9) c.or    a5, a4
core   0: 3 0x80008270 (0x8fd9) x15 0x80000010
core   0: 0x80008272 (0x01cdbfb3) sltu    t6, s11, t3
core   0: 3 0x80008272 (0x01cdbfb3) x31 0x00000001
core   0: 0x80008276 (0x01981533) sll     a0, a6, s9
core   0: 3 0x80008276 (0x01981533) x10 0x00000001
core   0: 0x8000827a (0x4192d4b3) sra     s1, t0, s9
core   0: 3 0x8000827a (0x4192d4b3) x9  0x00000200
core   0: 0x8000827e (0x000004c5) c.addi  s1, 17
core   0: 3 0x8000827e (0x04c5) x9  0x00000211
core   0: 0x80008280 (0x2e136297) auipc   t0, 0x2e136
core   0: 3 0x80008280 (0x2e136297) x5  0xae13e280
core   0: 0x80008284 (0x00008881) c.andi  s1, 0
core   0: 3 0x80008284 (0x8881) x9  0x00000000
core   0: 0x80008286 (0x00025963) bgez    tp, pc + 18
core   0: 3 0x80008286 (0x00025963)
core   0: 0x80008298 (0x910a3ab7) lui     s5, 0x910a3
core   0: 3 0x80008298 (0x910a3ab7) x21 0x910a3000
core   0: 0x8000829c (0x01445333) srl     t1, s0, s4
core   0: 3 0x8000829c (0x01445333) x6  0x00000001
core   0: 0x800082a0 (0x00008d41) c.or    a0, s0
core   0: 3 0x800082a0 (0x8d41) x10 0x80000001
core   0: 0x800082a2 (0x00379133) sll     sp, a5, gp
core   0: 3 0x800082a2 (0x00379133) x2  0x80000010
core   0: 0x800082a6 (0x0000093e) c.slli  s2, 15
core   0: 3 0x800082a6 (0x093e) x18 0x00000000
core   0: 0x800082a8 (0x03eb12b3) mulh    t0, s6, t5
core   0: 3 0x800082a8 (0x03eb12b3) x5  0x00000000
core   0: 0x800082ac (0x340859f3) csrrwi  s3, mscratch, 16
core   0: 3 0x800082ac (0x340859f3) x19 0x00000006 c832_mscratch 0x00000010
core   0: 0x800082b0 (0x00e3f133) and     sp, t2, a4
core   0: 3 0x800082b0 (0x00e3f133) x2  0x00000000
core   0: 0x800082b4 (0x00009e9a) c.add   t4, t1
core   0: 3 0x800082b4 (0x9e9a) x29 0x00000001
core   0: 0x800082b6 (0x00008cc5) c.or    s1, s1
core   0: 3 0x800082b6 (0x8cc5) x9  0x00000000
core   0: 0x800082b8 (0x340ca973) csrrs   s2, mscratch, s9
core   0: 3 0x800082b8 (0x340ca973) x18 0x00000010 c832_mscratch 0x00000010
core   0: 0x800082bc (0x40e68db3) sub     s11, a3, a4
core   0: 3 0x800082bc (0x40e68db3) x27 0xffffffff
core   0: 0x800082c0 (0x000081a5) c.srli  a1, 9
core   0: 3 0x800082c0 (0x81a5) x11 0x007fffff
core   0: 0x800082c2 (0x0028b833) sltu    a6, a7, sp
core   0: 3 0x800082c2 (0x0028b833) x16 0x00000000
core   0: 0x800082c6 (0x34069273) csrrw   tp, mscratch, a3
core   0: 3 0x800082c6 (0x34069273) x4  0x00000010 c832_mscratch 0xffffffff
core   0: 0x800082ca (0x00006119) c.addi16sp sp, 384
core   0: 3 0x800082ca (0x6119) x2  0x00000180
core   0: 0x800082cc (0x41b15513) srai    a0, sp, 27
core   0: 3 0x800082cc (0x41b15513) x10 0x00000000
core   0: 0x800082d0 (0x00000001) c.nop
core   0: 3 0x800082d0 (0x0001)
core   0: 0x800082d2 (0x0000e991) c.bnez  a1, pc + 20
core   0: 3 0x800082d2 (0xe991)
core   0: 0x800082e6 (0x00008fb1) c.xor   a5, a2
core   0: 3 0x800082e6 (0x8fb1) x15 0x00025cf4
core   0: 0x800082e8 (0x0000812d) c.srli  a0, 11
core   0: 3 0x800082e8 (0x812d) x10 0x00000000
core   0: 0x800082ea (0x028f40b3) div     ra, t5, s0
core   0: 3 0x800082ea (0x028f40b3) x1  0x00000000
core   0: 0x800082ee (0x0311ee63) bltu    gp, a7, pc + 60
core   0: 3 0x800082ee (0x0311ee63)
core   0: 0x800082f2 (0x00008ec5) c.or    a3, s1
core   0: 3 0x800082f2 (0x8ec5) x13 0xffffffff
core   0: 0x800082f4 (0x03b17733) remu    a4, sp, s11
core   0: 3 0x800082f4 (0x03b17733) x14 0x00000180
core   0: 0x800082f8 (0x00b1de93) srli    t4, gp, 11
core   0: 3 0x800082f8 (0x00b1de93) x29 0x0000003a
core   0: 0x800082fc (0x4164c217) auipc   tp, 0x4164c
core   0: 3 0x800082fc (0x4164c217) x4  0xc16542fc
core   0: 0x80008300 (0x16608f93) addi    t6, ra, 358
core   0: 3 0x80008300 (0x16608f93) x31 0x00000166
core   0: 0x80008304 (0x3b63a993) slti    s3, t2, 950
core   0: 3 0x80008304 (0x3b63a993) x19 0x00000001
core   0: 0x80008308 (0x0149a8b3) slt     a7, s3, s4
core   0: 3 0x80008308 (0x0149a8b3) x17 0x00000000
core   0: 0x8000830c (0x01baf133) and     sp, s5, s11
core   0: 3 0x8000830c (0x01baf133) x2  0x910a3000
core   0: 0x80008310 (0x0004cb33) xor     s6, s1, zero
core   0: 3 0x80008310 (0x0004cb33) x22 0x00000000
core   0: 0x80008314 (0x03470db3) mul     s11, a4, s4
core   0: 3 0x80008314 (0x03470db3) x27 0xfffffe80
core   0: 0x80008318 (0x032ba9b3) mulhsu  s3, s7, s2
core   0: 3 0x80008318 (0x032ba9b3) x19 0x00000000
core   0: 0x8000831c (0x340023f3) csrr    t2, mscratch
core   0: 3 0x8000831c (0x340023f3) x7  0xffffffff
core   0: 0x80008320 (0x34025773) csrrwi  a4, mscratch, 4
core   0: 3 0x80008320 (0x34025773) x14 0xffffffff c832_mscratch 0x00000004
core   0: 0x80008324 (0x00004f09) c.li    t5, 2
core   0: 3 0x80008324 (0x4f09) x30 0x00000002
core   0: 0x80008326 (0x009a5593) srli    a1, s4, 9
core   0: 3 0x80008326 (0x009a5593) x11 0x007fffff
core   0: 0x8000832a (0x34006373) csrrsi  t1, mscratch, 0
core   0: 3 0x8000832a (0x34006373) x6  0x00000004
core   0: 0x8000832e (0x03405733) divu    a4, zero, s4
core   0: 3 0x8000832e (0x03405733) x14 0x00000000
core   0: 0x80008332 (0x0000100f) fence.i
core   0: 3 0x80008332 (0x0000100f)
core   0: 0x80008336 (0x00585ab3) srl     s5, a6, t0
core   0: 3 0x80008336 (0x00585ab3) x21 0x00000000
core   0: 0x8000833a (0x34019873) csrrw   a6, mscratch, gp
core   0: 3 0x8000833a (0x34019873) x16 0x00000004 c832_mscratch 0x0001d000
core   0: 0x8000833e (0x02fb25b3) mulhsu  a1, s6, a5
core   0: 3 0x8000833e (0x02fb25b3) x11 0x00000000
core   0: 0x80008342 (0x01c7da33) srl     s4, a5, t3
core   0: 3 0x80008342 (0x01c7da33) x20 0x000025cf
core   0: 0x80008346 (0x0085f533) and     a0, a1, s0
core   0: 3 0x80008346 (0x0085f533) x10 0x00000000
core   0: 0x8000834a (0x034cf163) bgeu    s9, s4, pc + 34
core   0: 3 0x8000834a (0x034cf163)
core   0: 0x8000834e (0x34002af3) csrr    s5, mscratch
core   0: 3 0x8000834e (0x34002af3) x21 0x0001d000
core   0: 0x80008352 (0xd0b38b93) addi    s7, t2, -757
core   0: 3 0x80008352 (0xd0b38b93) x23 0xfffffd0a
core   0: 0x80008356 (0x8ccef793) andi    a5, t4, -1844
core   0: 3 0x80008356 (0x8ccef793) x15 0x00000008
core   0: 0x8000835a (0x02a09e63) bne     ra, a0, pc + 60
core   0: 3 0x8000835a (0x02a09e63)
core   0: 0x8000835e (0x3401af73) csrrs   t5, mscratch, gp
core   0: 3 0x8000835e (0x3401af73) x30 0x0001d000 c832_mscratch 0x0001d000
core   0: 0x80008362 (0x000007c2) c.slli  a5, 16
core   0: 3 0x80008362 (0x07c2) x15 0x00080000
core   0: 0x80008364 (0x0344acb3) mulhsu  s9, s1, s4
core   0: 3 0x80008364 (0x0344acb3) x25 0x00000000
core   0: 0x80008368 (0x00b8ba33) sltu    s4, a7, a1
core   0: 3 0x80008368 (0x00b8ba33) x20 0x00000000
core   0: 0x8000836c (0x00008d91) c.sub   a1, a2
core   0: 3 0x8000836c (0x8d91) x11 0x7ffda31c
core   0: 0x8000836e (0x340a1ff3) csrrw   t6, mscratch, s4
core   0: 3 0x8000836e (0x340a1ff3) x31 0x0001d000 c832_mscratch 0x00000000
core   0: 0x80008372 (0x011681b3) add     gp, a3, a7
core   0: 3 0x80008372 (0x011681b3) x3  0xffffffff
core   0: 0x80008376 (0x01f7ffb3) and     t6, a5, t6
core   0: 3 0x80008376 (0x01f7ffb3) x31 0x00000000
core   0: 0x8000837a (0x0064c4b3) xor     s1, s1, t1
core   0: 3 0x8000837a (0x0064c4b3) x9  0x00000004
core   0: 0x8000837e (0x00d99e93) slli    t4, s3, 13
core   0: 3 0x8000837e (0x00d99e93) x29 0x00000000
core   0: 0x80008382 (0x0000100f) fence.i
core   0: 3 0x80008382 (0x0000100f)
core   0: 0x80008386 (0x00008e89) c.sub   a3, a0
core   0: 3 0x80008386 (0x8e89) x13 0xffffffff
core   0: 0x80008388 (0x00008f0d) c.sub   a4, a1
core   0: 3 0x80008388 (0x8f0d) x14 0x80025ce4
core   0: 0x8000838a (0x00008119) c.srli  a0, 6
core   0: 3 0x8000838a (0x8119) x10 0x00000000
core   0: 0x8000838c (0x41662b17) auipc   s6, 0x41662
core   0: 3 0x8000838c (0x41662b17) x22 0xc166a38c
core   0: 0x80008390 (0x02827963) bgeu    tp, s0, pc + 50
core   0: 3 0x80008390 (0x02827963)
core   0: 0x800083c2 (0x01a38cb3) add     s9, t2, s10
core   0: 3 0x800083c2 (0x01a38cb3) x25 0x80021e63
core   0: 0x800083c6 (0x02c31d33) mulh    s10, t1, a2
core   0: 3 0x800083c6 (0x02c31d33) x26 0xfffffffe
core   0: 0x800083ca (0x000014fd) c.addi  s1, -1
core   0: 3 0x800083ca (0x14fd) x9  0x00000003
core   0: 0x800083cc (0x00000001) c.nop
core   0: 3 0x800083cc (0x0001)
core   0: 0x800083ce (0x0000717d) c.addi16sp sp, -16
core   0: 3 0x800083ce (0x717d) x2  0x910a2ff0
core   0: 0x800083d0 (0x00cd60b3) or      ra, s10, a2
core   0: 3 0x800083d0 (0x00cd60b3) x1  0xfffffffe
core   0: 0x800083d4 (0x00008ff5) c.and   a5, a3
core   0: 3 0x800083d4 (0x8ff5) x15 0x00080000
core   0: 0x800083d6 (0x0177feb3) and     t4, a5, s7
core   0: 3 0x800083d6 (0x0177feb3) x29 0x00080000
core   0: 0x800083da (0xe23f8d13) addi    s10, t6, -477
core   0: 3 0x800083da (0xe23f8d13) x26 0xfffffe23
core   0: 0x800083de (0x0000100f) fence.i
core   0: 3 0x800083de (0x0000100f)
core   0: 0x800083e2 (0x02e51eb3) mulh    t4, a0, a4
core   0: 3 0x800083e2 (0x02e51eb3) x29 0x00000000
core   0: 0x800083e6 (0x01271463) bne     a4, s2, pc + 8
core   0: 3 0x800083e6 (0x01271463)
core   0: 0x800083ee (0x0037b933) sltu    s2, a5, gp
core   0: 3 0x800083ee (0x0037b933) x18 0x00000001
core   0: 0x800083f2 (0x0374ac33) mulhsu  s8, s1, s7
core   0: 3 0x800083f2 (0x0374ac33) x24 0x00000002
core   0: 0x800083f6 (0x0000c189) c.beqz  a1, pc + 2
core   0: 3 0x800083f6 (0xc189)
core   0: 0x800083f8 (0x340f18f3) csrrw   a7, mscratch, t5
core   0: 3 0x800083f8 (0x340f18f3) x17 0x00000000 c832_mscratch 0x0001d000
core   0: 0x800083fc (0x02245563) bge     s0, sp, pc + 42
core   0: 3 0x800083fc (0x02245563)
core   0: 0x80008400 (0x02e4beb3) mulhu   t4, s1, a4
core   0: 3 0x80008400 (0x02e4beb3) x29 0x00000001
core   0: 0x80008404 (0x01aa67b3) or      a5, s4, s10
core   0: 3 0x80008404 (0x01aa67b3) x15 0xfffffe23
core   0: 0x80008408 (0x00000001) c.nop
core   0: 3 0x80008408 (0x0001)
core   0: 0x8000840a (0x00c48fb3) add     t6, s1, a2
core   0: 3 0x8000840a (0x00c48fb3) x31 0x80025ce7
core   0: 0x8000840e (0x0294f733) remu    a4, s1, s1
core   0: 3 0x8000840e (0x0294f733) x14 0x00000000
core   0: 0x80008412 (0x0202e7b3) rem     a5, t0, zero
core   0: 3 0x80008412 (0x0202e7b3) x15 0x00000000
core   0: 0x80008416 (0x00000001) c.nop
core   0: 3 0x80008416 (0x0001)
core   0: 0x80008418 (0x00008b8d) c.andi  a5, 3
core   0: 3 0x80008418 (0x8b8d) x15 0x00000000
core   0: 0x8000841a (0x026ad9b3) divu    s3, s5, t1
core   0: 3 0x8000841a (0x026ad9b3) x19 0x00007400
core   0: 0x8000841e (0x01b8c563) blt     a7, s11, pc + 10
core   0: 3 0x8000841e (0x01b8c563)
core   0: 0x80008422 (0x03d18563) beq     gp, t4, pc + 42
core   0: 3 0x80008422 (0x03d18563)
core   0: 0x80008426 (0x0000717d) c.addi16sp sp, -16
core   0: 3 0x80008426 (0x717d) x2  0x910a2fe0
core   0: 0x80008428 (0x0086cb33) xor     s6, a3, s0
core   0: 3 0x80008428 (0x0086cb33) x22 0x7fffffff
core   0: 0x8000842c (0x0000613d) c.addi16sp sp, 480
core   0: 3 0x8000842c (0x613d) x2  0x910a31c0
core   0: 0x8000842e (0x02894833) div     a6, s2, s0
core   0: 3 0x8000842e (0x02894833) x16 0x00000000
core   0: 0x80008432 (0x00000252) c.slli  tp, 20
core   0: 3 0x80008432 (0x0252) x4  0x2fc00000
core   0: 0x80008434 (0x00000001) c.nop
core   0: 3 0x80008434 (0x0001)
core   0: 0x80008436 (0x83eba013) slti    zero, s7, -1986
core   0: 3 0x80008436 (0x83eba013)
core   0: 0x8000843a (0x00008fad) c.xor   a5, a1
core   0: 3 0x8000843a (0x8fad) x15 0x7ffda31c
core   0: 0x8000843c (0x31946913) ori     s2, s0, 793
core   0: 3 0x8000843c (0x31946913) x18 0x80000319
core   0: 0x80008440 (0x011fcc63) blt     t6, a7, pc + 24
core   0: 3 0x80008440 (0x011fcc63)
core   0: 0x80008458 (0x002f82b3) add     t0, t6, sp
core   0: 3 0x80008458 (0x002f82b3) x5  0x110c8ea7
core   0: 0x8000845c (0x0ff0000f) fence   iorw,iorw
core   0: 3 0x8000845c (0x0ff0000f)
core   0: 0x80008460 (0x00cc0333) add     t1, s8, a2
core   0: 3 0x80008460 (0x00cc0333) x6  0x80025ce6
core   0: 0x80008464 (0x01025fb3) srl     t6, tp, a6
core   0: 3 0x80008464 (0x01025fb3) x31 0x2fc00000
core   0: 0x80008468 (0x00831e93) slli    t4, t1, 8
core   0: 3 0x80008468 (0x00831e93) x29 0x025ce600
core   0: 0x8000846c (0x0000c089) c.beqz  s1, pc + 2
core   0: 3 0x8000846c (0xc089)
core   0: 0x8000846e (0x01cad893) srli    a7, s5, 28
core   0: 3 0x8000846e (0x01cad893) x17 0x00000000
core   0: 0x80008472 (0x02bed363) bge     t4, a1, pc + 38
core   0: 3 0x80008472 (0x02bed363)
core   0: 0x80008476 (0x05764463) blt     a2, s7, pc + 72
core   0: 3 0x80008476 (0x05764463)
core   0: 0x800084be (0x02227c33) remu    s8, tp, sp
core   0: 3 0x800084be (0x02227c33) x24 0x2fc00000
core   0: 0x800084c2 (0xcf8d6317) auipc   t1, 0xcf8d6
core   0: 3 0x800084c2 (0xcf8d6317) x6  0x4f8de4c2
core   0: 0x800084c6 (0x000061e1) c.lui   gp, 0x18
core   0: 3 0x800084c6 (0x61e1) x3  0x00018000
core   0: 0x800084c8 (0xb8874293) xori    t0, a4, -1144
core   0: 3 0x800084c8 (0xb8874293) x5  0xfffffb88
core   0: 0x800084cc (0x00000918) c.addi4spn a4, sp, 144
core   0: 3 0x800084cc (0x0918) x14 0x910a3250
core   0: 0x800084ce (0x0000615d) c.addi16sp sp, 432
core   0: 3 0x800084ce (0x615d) x2  0x910a3370
core   0: 0x800084d0 (0x0033d313) srli    t1, t2, 3
core   0: 3 0x800084d0 (0x0033d313) x6  0x1fffffff
core   0: 0x800084d4 (0x000058fd) c.li    a7, -1
core   0: 3 0x800084d4 (0x58fd) x17 0xffffffff
core   0: 0x800084d6 (0x00001ffd) c.addi  t6, -1
core   0: 3 0x800084d6 (0x1ffd) x31 0x2fbfffff
core   0: 0x800084d8 (0x3403d373) csrrwi  t1, mscratch, 7
core   0: 3 0x800084d8 (0x3403d373) x6  0x0001d000 c832_mscratch 0x00000007
core   0: 0x800084dc (0x0207cf63) bltz    a5, pc + 62
core   0: 3 0x800084dc (0x0207cf63)
core   0: 0x800084e0 (0x340026f3) csrr    a3, mscratch
core   0: 3 0x800084e0 (0x340026f3) x13 0x00000007
core   0: 0x800084e4 (0x00000001) c.nop
core   0: 3 0x800084e4 (0x0001)
core   0: 0x800084e6 (0x00008d59) c.or    a0, a4
core   0: 3 0x800084e6 (0x8d59) x10 0x910a3250
core   0: 0x800084e8 (0x00008591) c.srai  a1, 4
core   0: 3 0x800084e8 (0x8591) x11 0x07ffda31
core   0: 0x800084ea (0x00008f29) c.xor   a4, a0
core   0: 3 0x800084ea (0x8f29) x14 0x00000000
core   0: 0x800084ec (0x009a88b3) add     a7, s5, s1
core   0: 3 0x800084ec (0x009a88b3) x17 0x0001d003
core   0: 0x800084f0 (0x022523b3) mulhsu  t2, a0, sp
core   0: 3 0x800084f0 (0x022523b3) x7  0xc1225a99
core   0: 0x800084f4 (0x03574f63) blt     a4, s5, pc + 62
core   0: 3 0x800084f4 (0x03574f63)
core   0: 0x80008532 (0x0ff0000f) fence   iorw,iorw
core   0: 3 0x80008532 (0x0ff0000f)
core   0: 0x80008536 (0x34052a73) csrrs   s4, mscratch, a0
core   0: 3 0x80008536 (0x34052a73) x20 0x00000007 c832_mscratch 0x910a3257
core   0: 0x8000853a (0x00008d45) c.or    a0, s1
core   0: 3 0x8000853a (0x8d45) x10 0x910a3253
core   0: 0x8000853c (0x00c99793) slli    a5, s3, 12
core   0: 3 0x8000853c (0x00c99793) x15 0x07400000
core   0: 0x80008540 (0x7fbdec13) ori     s8, s11, 2043
core   0: 3 0x80008540 (0x7fbdec13) x24 0xfffffffb
core   0: 0x80008544 (0x340072f3) csrrci  t0, mscratch, 0
core   0: 3 0x80008544 (0x340072f3) x5  0x910a3257
core   0: 0x80008548 (0xaf02a693) slti    a3, t0, -1296
core   0: 3 0x80008548 (0xaf02a693) x13 0x00000001
core   0: 0x8000854c (0x0289bb33) mulhu   s6, s3, s0
core   0: 3 0x8000854c (0x0289bb33) x22 0x00003a00
core   0: 0x80008550 (0x3407f273) csrrci  tp, mscratch, 15
core   0: 3 0x80008550 (0x3407f273) x4  0x910a3257 c832_mscratch 0x910a3250
core   0: 0x80008554 (0x03658663) beq     a1, s6, pc + 44
core   0: 3 0x80008554 (0x03658663)
core   0: 0x80008558 (0x000082b5) c.srli  a3, 13
core   0: 3 0x80008558 (0x82b5) x13 0x00000000
core   0: 0x8000855a (0xcdb3e993) ori     s3, t2, -805
core   0: 3 0x8000855a (0xcdb3e993) x19 0xfffffedb
core   0: 0x8000855e (0x340026f3) csrr    a3, mscratch
core   0: 3 0x8000855e (0x340026f3) x13 0x910a3250
core   0: 0x80008562 (0x000018fd) c.addi  a7, -1
core   0: 3 0x80008562 (0x18fd) x17 0x0001d002
core   0: 0x80008564 (0xfd62ca13) xori    s4, t0, -42
core   0: 3 0x80008564 (0xfd62ca13) x20 0x6ef5cd81
core   0: 0x80008568 (0xf1afdd17) auipc   s10, 0xf1afd
core   0: 3 0x80008568 (0xf1afdd17) x26 0x71b05568
core   0: 0x8000856c (0x00c45533) srl     a0, s0, a2
core   0: 3 0x8000856c (0x00c45533) x10 0x08000000
core   0: 0x80008570 (0x00006391) c.lui   t2, 0x4
core   0: 3 0x80008570 (0x6391) x7  0x00004000
core   0: 0x80008572 (0x00b37c63) bgeu    t1, a1, pc + 24
core   0: 3 0x80008572 (0x00b37c63)
core   0: 0x80008576 (0x340c1cf3) csrrw   s9, mscratch, s8
core   0: 3 0x80008576 (0x340c1cf3) x25 0x910a3250 c832_mscratch 0xfffffffb
core   0: 0x8000857a (0x00001308) c.addi4spn a0, sp, 416
core   0: 3 0x8000857a (0x1308) x10 0x910a3510
core   0: 0x8000857c (0x008c7263) bgeu    s8, s0, pc + 4
core   0: 3 0x8000857c (0x008c7263)
core   0: 0x80008580 (0x01dbb933) sltu    s2, s7, t4
core   0: 3 0x80008580 (0x01dbb933) x18 0x00000000
core   0: 0x80008584 (0x027bff63) bgeu    s7, t2, pc + 62
core   0: 3 0x80008584 (0x027bff63)
core   0: 0x800085c2 (0x0000100f) fence.i
core   0: 3 0x800085c2 (0x0000100f)
core   0: 0x800085c6 (0x00000ca6) c.slli  s9, 9
core   0: 3 0x800085c6 (0x0ca6) x25 0x1464a000
core   0: 0x800085c8 (0x340db773) csrrc   a4, mscratch, s11
core   0: 3 0x800085c8 (0x340db773) x14 0xfffffffb c832_mscratch 0x0000017b
core   0: 0x800085cc (0x340921f3) csrrs   gp, mscratch, s2
core   0: 3 0x800085cc (0x340921f3) x3  0x0000017b c832_mscratch 0x0000017b
core   0: 0x800085d0 (0x00008f39) c.xor   a4, a4
core   0: 3 0x800085d0 (0x8f39) x14 0x00000000
core   0: 0x800085d2 (0x03404e63) blt     zero, s4, pc + 60
core   0: 3 0x800085d2 (0x03404e63)
core   0: 0x8000860e (0x00fb4eb3) xor     t4, s6, a5
core   0: 3 0x8000860e (0x00fb4eb3) x29 0x07403a00
core   0: 0x80008612 (0x00008cfa) c.mv    s9, t5
core   0: 3 0x80008612 (0x8cfa) x25 0x0001d000
core   0: 0x80008614 (0x0ff0000f) fence   iorw,iorw
core   0: 3 0x80008614 (0x0ff0000f)
core   0: 0x80008618 (0x01e6d993) srli    s3, a3, 30
core   0: 3 0x80008618 (0x01e6d993) x19 0x00000002
core   0: 0x8000861c (0x340ce6f3) csrrsi  a3, mscratch, 25
core   0: 3 0x8000861c (0x340ce6f3) x13 0x0000017b c832_mscratch 0x0000017b
core   0: 0x80008620 (0x00000ec6) c.slli  t4, 17
core   0: 3 0x80008620 (0x0ec6) x29 0x74000000
core   0: 0x80008622 (0xa3902593) slti    a1, zero, -1479
core   0: 3 0x80008622 (0xa3902593) x11 0x00000000
core   0: 0x80008626 (0x00008e89) c.sub   a3, a0
core   0: 3 0x80008626 (0x8e89) x13 0x6ef5cc6b
core   0: 0x80008628 (0x00008d09) c.sub   a0, a0
core   0: 3 0x80008628 (0x8d09) x10 0x00000000
core   0: 0x8000862a (0x0000830d) c.srli  a4, 3
core   0: 3 0x8000862a (0x830d) x14 0x00000000
core   0: 0x8000862c (0x00000ee5) c.addi  t4, 25
core   0: 3 0x8000862c (0x0ee5) x29 0x74000019
core   0: 0x8000862e (0x032663b3) rem     t2, a2, s2
core   0: 3 0x8000862e (0x032663b3) x7  0x80025ce4
core   0: 0x80008632 (0x002de833) or      a6, s11, sp
core   0: 3 0x80008632 (0x002de833) x16 0xfffffff0
core   0: 0x80008636 (0x0043a3b3) slt     t2, t2, tp
core   0: 3 0x80008636 (0x0043a3b3) x7  0x00000001
core   0: 0x8000863a (0x340b71f3) csrrci  gp, mscratch, 22
core   0: 3 0x8000863a (0x340b71f3) x3  0x0000017b c832_mscratch 0x00000169
core   0: 0x8000863e (0x34096873) csrrsi  a6, mscratch, 18
core   0: 3 0x8000863e (0x34096873) x16 0x00000169 c832_mscratch 0x0000017b
core   0: 0x80008642 (0x0000831d) c.srli  a4, 7
core   0: 3 0x80008642 (0x831d) x14 0x00000000
core   0: 0x80008644 (0x007b7563) bgeu    s6, t2, pc + 10
core   0: 3 0x80008644 (0x007b7563)
core   0: 0x8000864e (0x1beb4313) xori    t1, s6, 446
core   0: 3 0x8000864e (0x1beb4313) x6  0x00003bbe
core   0: 0x80008652 (0x00006cd9) c.lui   s9, 0x16
core   0: 3 0x80008652 (0x6cd9) x25 0x00016000
core   0: 0x80008654 (0x01e40b93) addi    s7, s0, 30
core   0: 3 0x80008654 (0x01e40b93) x23 0x8000001e
core   0: 0x80008658 (0x0ff0000f) fence   iorw,iorw
core   0: 3 0x80008658 (0x0ff0000f)
core   0: 0x8000865c (0x02709263) bne     ra, t2, pc + 36
core   0: 3 0x8000865c (0x02709263)
core   0: 0x80008680 (0x00000ef5) c.addi  t4, 29
core   0: 3 0x80008680 (0x0ef5) x29 0x74000036
core   0: 0x80008682 (0x000082ad) c.srli  a3, 11
core   0: 3 0x80008682 (0x82ad) x13 0x000ddeb9
core   0: 0x80008684 (0x015dd133) srl     sp, s11, s5
core   0: 3 0x80008684 (0x015dd133) x2  0xfffffe80
core   0: 0x80008688 (0x00008e89) c.sub   a3, a0
core   0: 3 0x80008688 (0x8e89) x13 0x000ddeb9
core   0: 0x8000868a (0x000088a1) c.andi  s1, 8
core   0: 3 0x8000868a (0x88a1) x9  0x00000000
core   0: 0x8000868c (0x023df333) remu    t1, s11, gp
core   0: 3 0x8000868c (0x023df333) x6  0x000000c6
core   0: 0x80008690 (0x34006af3) csrrsi  s5, mscratch, 0
core   0: 3 0x80008690 (0x34006af3) x21 0x0000017b
core   0: 0x80008694 (0x0004e833) or      a6, s1, zero
core   0: 3 0x80008694 (0x0004e833) x16 0x00000000
core   0: 0x80008698 (0x0000cd11) c.beqz  a0, pc + 28
core   0: 3 0x80008698 (0xcd11)
core   0: 0x800086b4 (0x000089f5) c.andi  a1, 29
core   0: 3 0x800086b4 (0x89f5) x11 0x00000000
core   0: 0x800086b6 (0x00f1bc33) sltu    s8, gp, a5
core   0: 3 0x800086b6 (0x00f1bc33) x24 0x00000001
core   0: 0x800086ba (0x006167b3) or      a5, sp, t1
core   0: 3 0x800086ba (0x006167b3) x15 0xfffffec6
core   0: 0x800086be (0x011b9463) bne     s7, a7, pc + 8
core   0: 3 0x800086be (0x011b9463)
core   0: 0x800086c6 (0x4016db93) srai    s7, a3, 1
core   0: 3 0x800086c6 (0x4016db93) x23 0x0006ef5c
core   0: 0x800086ca (0x00008d65) c.and   a0, s1
core   0: 3 0x800086ca (0x8d65) x10 0x00000000
core   0: 0x800086cc (0x00008f9d) c.sub   a5, a5
core   0: 3 0x800086cc (0x8f9d) x15 0x00000000
core   0: 0x800086ce (0x03d94c33) div     s8, s2, t4
core   0: 3 0x800086ce (0x03d94c33) x24 0x00000000
core   0: 0x800086d2 (0x00000001) c.nop
core   0: 3 0x800086d2 (0x0001)
core   0: 0x800086d4 (0x002df6b3) and     a3, s11, sp
core   0: 3 0x800086d4 (0x002df6b3) x13 0xfffffe80
core   0: 0x800086d8 (0x03a41463) bne     s0, s10, pc + 40
core   0: 3 0x800086d8 (0x03a41463)
core   0: 0x80008700 (0x11702093) slti    ra, zero, 279
core   0: 3 0x80008700 (0x11702093) x1  0x00000001
core   0: 0x80008704 (0x340860f3) csrrsi  ra, mscratch, 16
core   0: 3 0x80008704 (0x340860f3) x1  0x0000017b c832_mscratch 0x0000017b
core   0: 0x80008708 (0x40975f93) srai    t6, a4, 9
core   0: 3 0x80008708 (0x40975f93) x31 0x00000000
core   0: 0x8000870c (0x34079ef3) csrrw   t4, mscratch, a5
core   0: 3 0x8000870c (0x34079ef3) x29 0x0000017b c832_mscratch 0x00000000
core   0: 0x80008710 (0x0000eb0d) c.bnez  a4, pc + 50
core   0: 3 0x80008710 (0xeb0d)
core   0: 0x80008712 (0x8092fa93) andi    s5, t0, -2039
core   0: 3 0x80008712 (0x8092fa93) x21 0x910a3001
core   0: 0x80008716 (0x00009cee) c.add   s9, s11
core   0: 3 0x80008716 (0x9cee) x25 0x00015e80
core   0: 0x80008718 (0x024d74b3) remu    s1, s10, tp
core   0: 3 0x80008718 (0x024d74b3) x9  0x71b05568
core   0: 0x8000871c (0x03fc6663) bltu    s8, t6, pc + 44
core   0: 3 0x8000871c (0x03fc6663)
core   0: 0x80008720 (0x0054d193) srli    gp, s1, 5
core   0: 3 0x80008720 (0x0054d193) x3  0x038d82ab
core   0: 0x80008724 (0x00000001) c.nop
core   0: 3 0x80008724 (0x0001)
core   0: 0x80008726 (0x035abd33) mulhu   s10, s5, s5
core   0: 3 0x80008726 (0x035abd33) x26 0x522c8ac8
core   0: 0x8000872a (0x00140a63) beq     s0, ra, pc + 20
core   0: 3 0x8000872a (0x00140a63)
core   0: 0x8000872e (0x34003cf3) csrrc   s9, mscratch, zero
core   0: 3 0x8000872e (0x34003cf3) x25 0x00000000
core   0: 0x80008732 (0x000068f5) c.lui   a7, 0x1d
core   0: 3 0x80008732 (0x68f5) x17 0x0001d000
core   0: 0x80008734 (0x011482b3) add     t0, s1, a7
core   0: 3 0x80008734 (0x011482b3) x5  0x71b22568
core   0: 0x80008738 (0x00008fa9) c.xor   a5, a0
core   0: 3 0x80008738 (0x8fa9) x15 0x00000000
core   0: 0x8000873a (0x0066ecb3) or      s9, a3, t1
core   0: 3 0x8000873a (0x0066ecb3) x25 0xfffffec6
core   0: 0x8000873e (0x01cefbb3) and     s7, t4, t3
core   0: 3 0x8000873e (0x01cefbb3) x23 0x00000060
core   0: 0x80008742 (0x02039c33) mulh    s8, t2, zero
core   0: 3 0x80008742 (0x02039c33) x24 0x00000000
core   0: 0x80008746 (0x00008f4d) c.or    a4, a1
core   0: 3 0x80008746 (0x8f4d) x14 0x00000000
core   0: 0x80008748 (0x00000001) c.nop
core   0: 3 0x80008748 (0x0001)
core   0: 0x8000874a (0x34011b73) csrrw   s6, mscratch, sp
core   0: 3 0x8000874a (0x34011b73) x22 0x00000000 c832_mscratch 0xfffffe80
core   0: 0x8000874e (0x01e31f93) slli    t6, t1, 30
core   0: 3 0x8000874e (0x01e31f93) x31 0x80000000
core   0: 0x80008752 (0x05fcc563) blt     s9, t6, pc + 74
core   0: 3 0x80008752 (0x05fcc563)
core   0: 0x80008756 (0xeea8d5b7) lui     a1, 0xeea8d
core   0: 3 0x80008756 (0xeea8d5b7) x11 0xeea8d000
core   0: 0x8000875a (0x00eee463) bltu    t4, a4, pc + 8
core   0: 3 0x8000875a (0x00eee463)
core   0: 0x8000875e (0x0371bfb3) mulhu   t6, gp, s7
core   0: 3 0x8000875e (0x0371bfb3) x31 0x00000001
core   0: 0x80008762 (0x40d5d513) srai    a0, a1, 13
core   0: 3 0x80008762 (0x40d5d513) x10 0xffff7546
core   0: 0x80008766 (0x0000e705) c.bnez  a4, pc + 40
core   0: 3 0x80008766 (0xe705)
core   0: 0x80008768 (0xc916c013) xori    zero, a3, -879
core   0: 3 0x80008768 (0xc916c013)
core   0: 0x8000876c (0x00d26fb3) or      t6, tp, a3
core   0: 3 0x8000876c (0x00d26fb3) x31 0xfffffed7
core   0: 0x80008770 (0x01f65663) bge     a2, t6, pc + 12
core   0: 3 0x80008770 (0x01f65663)
core   0: 0x80008774 (0x02a20163) beq     tp, a0, pc + 34
core   0: 3 0x80008774 (0x02a20163)
core   0: 0x80008778 (0x00c0cd63) blt     ra, a2, pc + 26
core   0: 3 0x80008778 (0x00c0cd63)
core   0: 0x8000877c (0x02d26133) rem     sp, tp, a3
core   0: 3 0x8000877c (0x02d26133) x2  0xfffffed7
core   0: 0x80008780 (0x3408eef3) csrrsi  t4, mscratch, 17
core   0: 3 0x80008780 (0x3408eef3) x29 0xfffffe80 c832_mscratch 0xfffffe91
core   0: 0x80008784 (0xdb496213) ori     tp, s2, -588
core   0: 3 0x80008784 (0xdb496213) x4  0xfffffdb4
core   0: 0x80008788 (0x00008fc1) c.or    a5, s0
core   0: 3 0x80008788 (0x8fc1) x15 0x80000000
core   0: 0x8000878a (0x03f9a833) mulhsu  a6, s3, t6
core   0: 3 0x8000878a (0x03f9a833) x16 0x00000001
core   0: 0x8000878e (0x40e15d13) srai    s10, sp, 14
core   0: 3 0x8000878e (0x40e15d13) x26 0xffffffff
core   0: 0x80008792 (0x02717b33) remu    s6, sp, t2
core   0: 3 0x80008792 (0x02717b33) x22 0x00000000
core   0: 0x80008796 (0x02eebdb3) mulhu   s11, t4, a4
core   0: 3 0x80008796 (0x02eebdb3) x27 0x00000000
core   0: 0x8000879a (0x000017fd) c.addi  a5, -1
core   0: 3 0x8000879a (0x17fd) x15 0x7fffffff
core   0: 0x8000879c (0x02cb2fb3) mulhsu  t6, s6, a2
core   0: 3 0x8000879c (0x02cb2fb3) x31 0x00000000
core   0: 0x800087a0 (0x011c1fb3) sll     t6, s8, a7
core   0: 3 0x800087a0 (0x011c1fb3) x31 0x00000000
core   0: 0x800087a4 (0x0317e563) bltu    a5, a7, pc + 42
core   0: 3 0x800087a4 (0x0317e563)
core   0: 0x800087a8 (0x00008eb9) c.xor   a3, a4
core   0: 3 0x800087a8 (0x8eb9) x13 0xfffffe80
core   0: 0x800087aa (0x000010fd) c.addi  ra, -1
core   0: 3 0x800087aa (0x10fd) x1  0x0000017a
core   0: 0x800087ac (0x73045d97) auipc   s11, 0x73045
core   0: 3 0x800087ac (0x73045d97) x27 0xf304d7ac
core   0: 0x800087b0 (0x01844d33) xor     s10, s0, s8
core   0: 3 0x800087b0 (0x01844d33) x26 0x80000000
core   0: 0x800087b4 (0x340fdd73) csrrwi  s10, mscratch, 31
core   0: 3 0x800087b4 (0x340fdd73) x26 0xfffffe91 c832_mscratch 0x0000001f
core   0: 0x800087b8 (0x9431c893) xori    a7, gp, -1725
core   0: 3 0x800087b8 (0x9431c893) x17 0xfc727be8
core   0: 0x800087bc (0x0000e319) c.bnez  a4, pc + 6
core   0: 3 0x800087bc (0xe319)
core   0: 0x800087be (0x34006973) csrrsi  s2, mscratch, 0
core   0: 3 0x800087be (0x34006973) x18 0x0000001f
core   0: 0x800087c2 (0x0027c663) blt     a5, sp, pc + 12
core   0: 3 0x800087c2 (0x0027c663)
core   0: 0x800087c6 (0x01351c93) slli    s9, a0, 19
core   0: 3 0x800087c6 (0x01351c93) x25 0xaa300000
core   0: 0x800087ca (0x02103833) mulhu   a6, zero, ra
core   0: 3 0x800087ca (0x02103833) x16 0x00000000
core   0: 0x800087ce (0x0000e709) c.bnez  a4, pc + 10
core   0: 3 0x800087ce (0xe709)
core   0: 0x800087d0 (0x02dc87b3) mul     a5, s9, a3
core   0: 3 0x800087d0 (0x02dc87b3) x15 0xb8000000
core   0: 0x800087d4 (0x340639f3) csrrc   s3, mscratch, a2
core   0: 3 0x800087d4 (0x340639f3) x19 0x0000001f c832_mscratch 0x0000001b
core   0: 0x800087d8 (0x0306a533) mulhsu  a0, a3, a6
core   0: 3 0x800087d8 (0x0306a533) x10 0x00000000
core   0: 0x800087dc (0x036793b3) mulh    t2, a5, s6
core   0: 3 0x800087dc (0x036793b3) x7  0x00000000
core   0: 0x800087e0 (0x34015973) csrrwi  s2, mscratch, 2
core   0: 3 0x800087e0 (0x34015973) x18 0x0000001b c832_mscratch 0x00000002
core   0: 0x800087e4 (0x62d43b93) sltiu   s7, s0, 1581
core   0: 3 0x800087e4 (0x62d43b93) x23 0x00000000
core   0: 0x800087e8 (0x639ba293) slti    t0, s7, 1593
core   0: 3 0x800087e8 (0x639ba293) x5  0x00000001
core   0: 0x800087ec (0x029aedb3) rem     s11, s5, s1
core   0: 3 0x800087ec (0x029aedb3) x27 0x910a3001
core   0: 0x800087f0 (0x34061d73) csrrw   s10, mscratch, a2
core   0: 3 0x800087f0 (0x34061d73) x26 0x00000002 c832_mscratch 0x80025ce4
core   0: 0x800087f4 (0x038f1ab3) mulh    s5, t5, s8
core   0: 3 0x800087f4 (0x038f1ab3) x21 0x00000000
core   0: 0x800087f8 (0x00008d85) c.sub   a1, s1
core   0: 3 0x800087f8 (0x8d85) x11 0x7cf87a98
core   0: 0x800087fa (0xa62c6a13) ori     s4, s8, -1438
core   0: 3 0x800087fa (0xa62c6a13) x20 0xfffffa62
core   0: 0x800087fe (0x00008f95) c.sub   a5, a3
core   0: 3 0x800087fe (0x8f95) x15 0xb8000180
core   0: 0x80008800 (0x40415cb3) sra     s9, sp, tp
core   0: 3 0x80008800 (0x40415cb3) x25 0xffffffff
core   0: 0x80008804 (0x00008f7d) c.and   a4, a5
core   0: 3 0x80008804 (0x8f7d) x14 0x00000000
core   0: 0x80008806 (0x00008fb1) c.xor   a5, a2
core   0: 3 0x80008806 (0x8fb1) x15 0x38025d64
core   0: 0x80008808 (0x00368263) beq     a3, gp, pc + 4
core   0: 3 0x80008808 (0x00368263)
core   0: 0x8000880c (0x40f8dbb3) sra     s7, a7, a5
core   0: 3 0x8000880c (0x40f8dbb3) x23 0xffc727be
core   0: 0x80008810 (0x03336db3) rem     s11, t1, s3
core   0: 3 0x80008810 (0x03336db3) x27 0x0000000c
core   0: 0x80008814 (0x00000b75) c.addi  s6, 29
core   0: 3 0x80008814 (0x0b75) x22 0x0000001d
core   0: 0x80008816 (0x00c9f533) and     a0, s3, a2
core   0: 3 0x80008816 (0x00c9f533) x10 0x00000004
core   0: 0x8000881a (0x00008f51) c.or    a4, a2
core   0: 3 0x8000881a (0x8f51) x14 0x80025ce4
core   0: 0x8000881c (0x01f61c93) slli    s9, a2, 31
core   0: 3 0x8000881c (0x01f61c93) x25 0x00000000
core   0: 0x80008820 (0x34003c73) csrrc   s8, mscratch, zero
core   0: 3 0x80008820 (0x34003c73) x24 0x80025ce4
core   0: 0x80008824 (0x0000100f) fence.i
core   0: 3 0x80008824 (0x0000100f)
core   0: 0x80008828 (0x0009d4b3) srl     s1, s3, zero
core   0: 3 0x80008828 (0x0009d4b3) x9  0x0000001f
core   0: 0x8000882c (0x00cefcb3) and     s9, t4, a2
core   0: 3 0x8000882c (0x00cefcb3) x25 0x80025c80
core   0: 0x80008830 (0x000084fd) c.srai  s1, 31
core   0: 3 0x80008830 (0x84fd) x9  0x00000000
core   0: 0x80008832 (0x0000c319) c.beqz  a4, pc + 6
core   0: 3 0x80008832 (0xc319)
core   0: 0x80008834 (0x8e222713) slti    a4, tp, -1822
core   0: 3 0x80008834 (0x8e222713) x14 0x00000000
core   0: 0x80008838 (0x34287d13) andi    s10, a6, 834
core   0: 3 0x80008838 (0x34287d13) x26 0x00000000
core   0: 0x8000883c (0x34031b73) csrrw   s6, mscratch, t1
core   0: 3 0x8000883c (0x34031b73) x22 0x80025ce4 c832_mscratch 0x000000c6
core   0: 0x80008840 (0x4003da33) sra     s4, t2, zero
core   0: 3 0x80008840 (0x4003da33) x20 0x00000000
core   0: 0x80008844 (0x000048cd) c.li    a7, 19
core   0: 3 0x80008844 (0x48cd) x17 0x00000013
core   0: 0x80008846 (0x00001cfd) c.addi  s9, -1
core   0: 3 0x80008846 (0x1cfd) x25 0x80025c7f
core   0: 0x80008848 (0x0000823a) c.mv    tp, a4
core   0: 3 0x80008848 (0x823a) x4  0x00000000
core   0: 0x8000884a (0x0000cf05) c.beqz  a4, pc + 56
core   0: 3 0x8000884a (0xcf05)
core   0: 0x80008882 (0x01422a33) slt     s4, tp, s4
core   0: 3 0x80008882 (0x01422a33) x20 0x00000000
core   0: 0x80008886 (0x01227db3) and     s11, tp, s2
core   0: 3 0x80008886 (0x01227db3) x27 0x00000000
core   0: 0x8000888a (0x40608db3) sub     s11, ra, t1
core   0: 3 0x8000888a (0x40608db3) x27 0x000000b4
core   0: 0x8000888e (0x02008033) mul     zero, ra, zero
core   0: 3 0x8000888e (0x02008033)
core   0: 0x80008892 (0x340077f3) csrrci  a5, mscratch, 0
core   0: 3 0x80008892 (0x340077f3) x15 0x000000c6
core   0: 0x80008896 (0x0000cd01) c.beqz  a0, pc + 24
core   0: 3 0x80008896 (0xcd01)
core   0: 0x80008898 (0x000099f6) c.add   s3, t4
core   0: 3 0x80008898 (0x99f6) x19 0xfffffe9f
core   0: 0x8000889a (0x049d8563) beq     s11, s1, pc + 74
core   0: 3 0x8000889a (0x049d8563)
core   0: 0x8000889e (0x34007373) csrrci  t1, mscratch, 0
core   0: 3 0x8000889e (0x34007373) x6  0x000000c6
core   0: 0x800088a2 (0x02eaedb3) rem     s11, s5, a4
core   0: 3 0x800088a2 (0x02eaedb3) x27 0x00000000
core   0: 0x800088a6 (0x055dc163) blt     s11, s5, pc + 66
core   0: 3 0x800088a6 (0x055dc163)
core   0: 0x800088aa (0x014fd463) bge     t6, s4, pc + 8
core   0: 3 0x800088aa (0x014fd463)
core   0: 0x800088b2 (0x0000717d) c.addi16sp sp, -16
core   0: 3 0x800088b2 (0x717d) x2  0xfffffec7
core   0: 0x800088b4 (0x0a358c13) addi    s8, a1, 163
core   0: 3 0x800088b4 (0x0a358c13) x24 0x7cf87b3b
core   0: 0x800088b8 (0x006afb33) and     s6, s5, t1
core   0: 3 0x800088b8 (0x006afb33) x22 0x00000000
core   0: 0x800088bc (0x6ed48f17) auipc   t5, 0x6ed48
core   0: 3 0x800088bc (0x6ed48f17) x30 0xeed508bc
core   0: 0x800088c0 (0x0299c663) blt     s3, s1, pc + 44
core   0: 3 0x800088c0 (0x0299c663)
core   0: 0x800088ec (0x1ae2b513) sltiu   a0, t0, 430
core   0: 3 0x800088ec (0x1ae2b513) x10 0x00000001
core   0: 0x800088f0 (0x017abbb3) sltu    s7, s5, s7
core   0: 3 0x800088f0 (0x017abbb3) x23 0x00000001
core   0: 0x800088f4 (0x0000e981) c.bnez  a1, pc + 16
core   0: 3 0x800088f4 (0xe981)
core   0: 0x80008904 (0x0ff0000f) fence   iorw,iorw
core   0: 3 0x80008904 (0x0ff0000f)
core   0: 0x80008908 (0x00008ed9) c.or    a3, a4
core   0: 3 0x80008908 (0x8ed9) x13 0xfffffe80
core   0: 0x8000890a (0x00000001) c.nop
core   0: 3 0x8000890a (0x0001)
core   0: 0x8000890c (0x000088f5) c.andi  s1, 29
core   0: 3 0x8000890c (0x88f5) x9  0x00000000
core   0: 0x8000890e (0x9050f813) andi    a6, ra, -1787
core   0: 3 0x8000890e (0x9050f813) x16 0x00000100
core   0: 0x80008912 (0x01aaaf33) slt     t5, s5, s10
core   0: 3 0x80008912 (0x01aaaf33) x30 0x00000000
core   0: 0x80008916 (0x02cdd233) divu    tp, s11, a2
core   0: 3 0x80008916 (0x02cdd233) x4  0x00000000
core   0: 0x8000891a (0x00009d5a) c.add   s10, s6
core   0: 3 0x8000891a (0x9d5a) x26 0x00000000
core   0: 0x8000891c (0x002a1cb3) sll     s9, s4, sp
core   0: 3 0x8000891c (0x002a1cb3) x25 0x00000000
core   0: 0x80008920 (0x006813b3) sll     t2, a6, t1
core   0: 3 0x80008920 (0x006813b3) x7  0x00004000
core   0: 0x80008924 (0x03e89eb3) mulh    t4, a7, t5
core   0: 3 0x80008924 (0x03e89eb3) x29 0x00000000
core   0: 0x80008928 (0x0392bb33) mulhu   s6, t0, s9
core   0: 3 0x80008928 (0x0392bb33) x22 0x00000000
core   0: 0x8000892c (0x02c595b3) mulh    a1, a1, a2
core   0: 3 0x8000892c (0x02c595b3) x11 0xc184e9fd
core   0: 0x80008930 (0x0000e29d) c.bnez  a3, pc + 38
core   0: 3 0x80008930 (0xe29d)
core   0: 0x80008956 (0xb9739217) auipc   tp, 0xb9739
core   0: 3 0x80008956 (0xb9739217) x4  0x39741956
core   0: 0x8000895a (0x000095f2) c.add   a1, t3
core   0: 3 0x8000895a (0x95f2) x11 0x41870861
core   0: 0x8000895c (0x01116233) or      tp, sp, a7
core   0: 3 0x8000895c (0x01116233) x4  0xfffffed7
core   0: 0x80008960 (0x00008f79) c.and   a4, a4
core   0: 3 0x80008960 (0x8f79) x14 0x00000000
core   0: 0x80008962 (0x0000100f) fence.i
core   0: 3 0x80008962 (0x0000100f)
core   0: 0x80008966 (0x01cd1563) bne     s10, t3, pc + 10
core   0: 3 0x80008966 (0x01cd1563)
core   0: 0x80008970 (0x34003573) csrrc   a0, mscratch, zero
core   0: 3 0x80008970 (0x34003573) x10 0x000000c6
core   0: 0x80008974 (0x025c4863) blt     s8, t0, pc + 48
core   0: 3 0x80008974 (0x025c4863)
core   0: 0x80008978 (0x003cc363) blt     s9, gp, pc + 6
core   0: 3 0x80008978 (0x003cc363)
core   0: 0x8000897e (0x00000bc9) c.addi  s7, 18
core   0: 3 0x8000897e (0x0bc9) x23 0x00000013
core   0: 0x80008980 (0x00005dfd) c.li    s11, -1
core   0: 3 0x80008980 (0x5dfd) x27 0xffffffff
core   0: 0x80008982 (0x340c6973) csrrsi  s2, mscratch, 24
core   0: 3 0x80008982 (0x340c6973) x18 0x000000c6 c832_mscratch 0x000000de
core   0: 0x80008986 (0x9b690e93) addi    t4, s2, -1610
core   0: 3 0x80008986 (0x9b690e93) x29 0xfffffa7c
core   0: 0x8000898a (0x00000001) c.nop
core   0: 3 0x8000898a (0x0001)
core   0: 0x8000898c (0x000068f5) c.lui   a7, 0x1d
core   0: 3 0x8000898c (0x68f5) x17 0x0001d000
core   0: 0x8000898e (0x002ed4b3) srl     s1, t4, sp
core   0: 3 0x8000898e (0x002ed4b3) x9  0x01fffff4
core   0: 0x80008992 (0x00000001) c.nop
core   0: 3 0x80008992 (0x0001)
core   0: 0x80008994 (0x03ae8b33) mul     s6, t4, s10
core   0: 3 0x80008994 (0x03ae8b33) x22 0x00000000
core   0: 0x80008998 (0x340027f3) csrr    a5, mscratch
core   0: 3 0x80008998 (0x340027f3) x15 0x000000de
core   0: 0x8000899c (0x415c51b3) sra     gp, s8, s5
core   0: 3 0x8000899c (0x415c51b3) x3  0x7cf87b3b
core   0: 0x800089a0 (0x00008f61) c.and   a4, s0
core   0: 3 0x800089a0 (0x8f61) x14 0x00000000
core   0: 0x800089a2 (0x00000001) c.nop
core   0: 3 0x800089a2 (0x0001)
core   0: 0x800089a4 (0x030ae5b3) rem     a1, s5, a6
core   0: 3 0x800089a4 (0x030ae5b3) x11 0x00000000
core   0: 0x800089a8 (0x00004a09) c.li    s4, 2
core   0: 3 0x800089a8 (0x4a09) x20 0x00000002
core   0: 0x800089aa (0x34002af3) csrr    s5, mscratch
core   0: 3 0x800089aa (0x34002af3) x21 0x000000de
core   0: 0x800089ae (0x340022f3) csrr    t0, mscratch
core   0: 3 0x800089ae (0x340022f3) x5  0x000000de
core   0: 0x800089b2 (0xc4a67013) andi    zero, a2, -950
core   0: 3 0x800089b2 (0xc4a67013)
core   0: 0x800089b6 (0x00000001) c.nop
core   0: 3 0x800089b6 (0x0001)
core   0: 0x800089b8 (0x0032c563) blt     t0, gp, pc + 10
core   0: 3 0x800089b8 (0x0032c563)
core   0: 0x800089c2 (0x00ed5133) srl     sp, s10, a4
core   0: 3 0x800089c2 (0x00ed5133) x2  0x00000000
core   0: 0x800089c6 (0x0000100f) fence.i
core   0: 3 0x800089c6 (0x0000100f)
core   0: 0x800089ca (0x026c64b3) rem     s1, s8, t1
core   0: 3 0x800089ca (0x026c64b3) x9  0x00000023
core   0: 0x800089ce (0x0341adb3) mulhsu  s11, gp, s4
core   0: 3 0x800089ce (0x0341adb3) x27 0x00000000
core   0: 0x800089d2 (0x005d15b3) sll     a1, s10, t0
core   0: 3 0x800089d2 (0x005d15b3) x11 0x00000000
core   0: 0x800089d6 (0x00008f9e) c.mv    t6, t2
core   0: 3 0x800089d6 (0x8f9e) x31 0x00004000
core   0: 0x800089d8 (0x00008561) c.srai  a0, 24
core   0: 3 0x800089d8 (0x8561) x10 0x00000000
core   0: 0x800089da (0x0000100f) fence.i
core   0: 3 0x800089da (0x0000100f)
core   0: 0x800089de (0x00008236) c.mv    tp, a3
core   0: 3 0x800089de (0x8236) x4  0xfffffe80
core   0: 0x800089e0 (0x02e230b3) mulhu   ra, tp, a4
core   0: 3 0x800089e0 (0x02e230b3) x1  0x00000000
core   0: 0x800089e4 (0x41e7d193) srai    gp, a5, 30
core   0: 3 0x800089e4 (0x41e7d193) x3  0x00000000
core   0: 0x800089e8 (0x0181f9b3) and     s3, gp, s8
core   0: 3 0x800089e8 (0x0181f9b3) x19 0x00000000
core   0: 0x800089ec (0x01b187b3) add     a5, gp, s11
core   0: 3 0x800089ec (0x01b187b3) x15 0x00000000
core   0: 0x800089f0 (0x019cffb3) and     t6, s9, s9
core   0: 3 0x800089f0 (0x019cffb3) x31 0x00000000
core   0: 0x800089f4 (0x00000d75) c.addi  s10, 29
core   0: 3 0x800089f4 (0x0d75) x26 0x0000001d
core   0: 0x800089f6 (0x000087a5) c.srai  a5, 9
core   0: 3 0x800089f6 (0x87a5) x15 0x00000000
core   0: 0x800089f8 (0x000098fd) c.andi  s1, -1
core   0: 3 0x800089f8 (0x98fd) x9  0x00000023
core   0: 0x800089fa (0x417f5813) srai    a6, t5, 23
core   0: 3 0x800089fa (0x417f5813) x16 0x00000000
core   0: 0x800089fe (0x024d4663) blt     s10, tp, pc + 44
core   0: 3 0x800089fe (0x024d4663)
core   0: 0x80008a02 (0x026f45b3) div     a1, t5, t1
core   0: 3 0x80008a02 (0x026f45b3) x11 0x00000000
core   0: 0x80008a06 (0x0000c289) c.beqz  a3, pc + 2
core   0: 3 0x80008a06 (0xc289)
core   0: 0x80008a08 (0x340077f3) csrrci  a5, mscratch, 0
core   0: 3 0x80008a08 (0x340077f3) x15 0x000000de
core   0: 0x80008a0c (0x000096f2) c.add   a3, t3
core   0: 3 0x80008a0c (0x96f2) x13 0x80021ce4
core   0: 0x80008a0e (0x00000001) c.nop
core   0: 3 0x80008a0e (0x0001)
core   0: 0x80008a10 (0x01173a33) sltu    s4, a4, a7
core   0: 3 0x80008a10 (0x01173a33) x20 0x00000001
core   0: 0x80008a14 (0x417a0b33) sub     s6, s4, s7
core   0: 3 0x80008a14 (0x417a0b33) x22 0xffffffee
core   0: 0x80008a18 (0x01df1a63) bne     t5, t4, pc + 20
core   0: 3 0x80008a18 (0x01df1a63)
core   0: 0x80008a2c (0xcb1d6a37) lui     s4, 0xcb1d6
core   0: 3 0x80008a2c (0xcb1d6a37) x20 0xcb1d6000
core   0: 0x80008a30 (0x0294a033) mulhsu  zero, s1, s1
core   0: 3 0x80008a30 (0x0294a033)
core   0: 0x80008a34 (0x0000c0b1) c.beqz  s1, pc + 68
core   0: 3 0x80008a34 (0xc0b1)
core   0: 0x80008a36 (0x00009742) c.add   a4, a6
core   0: 3 0x80008a36 (0x9742) x14 0x00000000
core   0: 0x80008a38 (0x00b0edb3) or      s11, ra, a1
core   0: 3 0x80008a38 (0x00b0edb3) x27 0x00000000
core   0: 0x80008a3c (0x013dd1b3) srl     gp, s11, s3
core   0: 3 0x80008a3c (0x013dd1b3) x3  0x00000000
core   0: 0x80008a40 (0x0146ac33) slt     s8, a3, s4
core   0: 3 0x80008a40 (0x0146ac33) x24 0x00000001
core   0: 0x80008a44 (0x0000953e) c.add   a0, a5
core   0: 3 0x80008a44 (0x953e) x10 0x000000de
core   0: 0x80008a46 (0x000064a9) c.lui   s1, 0xa
core   0: 3 0x80008a46 (0x64a9) x9  0x0000a000
core   0: 0x80008a48 (0x000067a5) c.lui   a5, 0x9
core   0: 3 0x80008a48 (0x67a5) x15 0x00009000
core   0: 0x80008a4a (0x03bf4db3) div     s11, t5, s11
core   0: 3 0x80008a4a (0x03bf4db3) x27 0xffffffff
core   0: 0x80008a4e (0x4168d893) srai    a7, a7, 22
core   0: 3 0x80008a4e (0x4168d893) x17 0x00000000
core   0: 0x80008a52 (0x013db1b3) sltu    gp, s11, s3
core   0: 3 0x80008a52 (0x013db1b3) x3  0x00000000
core   0: 0x80008a56 (0x02a69ab3) mulh    s5, a3, a0
core   0: 3 0x80008a56 (0x02a69ab3) x21 0xffffff91
core   0: 0x80008a5a (0xdf840093) addi    ra, s0, -520
core   0: 3 0x80008a5a (0xdf840093) x1  0x7ffffdf8
core   0: 0x80008a5e (0x340d6873) csrrsi  a6, mscratch, 26
core   0: 3 0x80008a5e (0x340d6873) x16 0x000000de c832_mscratch 0x000000de
core   0: 0x80008a62 (0x3406d573) csrrwi  a0, mscratch, 13
core   0: 3 0x80008a62 (0x3406d573) x10 0x000000de c832_mscratch 0x0000000d
core   0: 0x80008a66 (0x00006151) c.addi16sp sp, 272
core   0: 3 0x80008a66 (0x6151) x2  0x00000110
core   0: 0x80008a68 (0x015326b3) slt     a3, t1, s5
core   0: 3 0x80008a68 (0x015326b3) x13 0x00000000
core   0: 0x80008a6c (0x00305133) srl     sp, zero, gp
core   0: 3 0x80008a6c (0x00305133) x2  0x00000000
core   0: 0x80008a70 (0x01661013) slli    zero, a2, 22
core   0: 3 0x80008a70 (0x01661013)
core   0: 0x80008a74 (0x77e66513) ori     a0, a2, 1918
core   0: 3 0x80008a74 (0x77e66513) x10 0x80025ffe
core   0: 0x80008a78 (0xaff8b593) sltiu   a1, a7, -1281
core   0: 3 0x80008a78 (0xaff8b593) x11 0x00000001
core   0: 0x80008a7c (0x02733d33) mulhu   s10, t1, t2
core   0: 3 0x80008a7c (0x02733d33) x26 0x00000000
core   0: 0x80008a80 (0x9e197f93) andi    t6, s2, -1567
core   0: 3 0x80008a80 (0x9e197f93) x31 0x000000c0
core   0: 0x80008a84 (0x4059d233) sra     tp, s3, t0
core   0: 3 0x80008a84 (0x4059d233) x4  0x00000000
core   0: 0x80008a88 (0x0011dd33) srl     s10, gp, ra
core   0: 3 0x80008a88 (0x0011dd33) x26 0x00000000
core   0: 0x80008a8c (0x34003173) csrrc   sp, mscratch, zero
core   0: 3 0x80008a8c (0x34003173) x2  0x0000000d
core   0: 0x80008a90 (0x038a50b3) divu    ra, s4, s8
core   0: 3 0x80008a90 (0x038a50b3) x1  0xcb1d6000
core   0: 0x80008a94 (0x00008d85) c.sub   a1, s1
core   0: 3 0x80008a94 (0x8d85) x11 0xffff6001
core   0: 0x80008a96 (0x0066b233) sltu    tp, a3, t1
core   0: 3 0x80008a96 (0x0066b233) x4  0x00000001
core   0: 0x80008a9a (0x41c28db3) sub     s11, t0, t3
core   0: 3 0x80008a9a (0x41c28db3) x27 0x7ffde27a
core   0: 0x80008a9e (0x0377b533) mulhu   a0, a5, s7
core   0: 3 0x80008a9e (0x0377b533) x10 0x00000000
core   0: 0x80008aa2 (0x000094a2) c.add   s1, s0
core   0: 3 0x80008aa2 (0x94a2) x9  0x8000a000
core   0: 0x80008aa4 (0x0ff0000f) fence   iorw,iorw
core   0: 3 0x80008aa4 (0x0ff0000f)
core   0: 0x80008aa8 (0x00006ac9) c.lui   s5, 0x12
core   0: 3 0x80008aa8 (0x6ac9) x21 0x00012000
core   0: 0x80008aaa (0x0134cb13) xori    s6, s1, 19
core   0: 3 0x80008aaa (0x0134cb13) x22 0x8000a013
core   0: 0x80008aae (0xb0aafc93) andi    s9, s5, -1270
core   0: 3 0x80008aae (0xb0aafc93) x25 0x00012000
core   0: 0x80008ab2 (0x0375e3b3) rem     t2, a1, s7
core   0: 3 0x80008ab2 (0x0375e3b3) x7  0xfffffff2
core   0: 0x80008ab6 (0x00d660b3) or      ra, a2, a3
core   0: 3 0x80008ab6 (0x00d660b3) x1  0x80025ce4
core   0: 0x80008aba (0x00ced913) srli    s2, t4, 12
core   0: 3 0x80008aba (0x00ced913) x18 0x000fffff
core   0: 0x80008abe (0x00000001) c.nop
core   0: 3 0x80008abe (0x0001)
core   0: 0x80008ac0 (0x02eafdb3) remu    s11, s5, a4
core   0: 3 0x80008ac0 (0x02eafdb3) x27 0x00012000
core   0: 0x80008ac4 (0x034bdfb3) divu    t6, s7, s4
core   0: 3 0x80008ac4 (0x034bdfb3) x31 0x00000000
core   0: 0x80008ac8 (0x401c0533) sub     a0, s8, ra
core   0: 3 0x80008ac8 (0x401c0533) x10 0x7ffda31d
core   0: 0x80008acc (0x0000100f) fence.i
core   0: 3 0x80008acc (0x0000100f)
core   0: 0x80008ad0 (0x0000cd09) c.beqz  a0, pc + 26
core   0: 3 0x80008ad0 (0xcd09)
core   0: 0x80008ad2 (0x03a8c263) blt     a7, s10, pc + 36
core   0: 3 0x80008ad2 (0x03a8c263)
core   0: 0x80008ad6 (0x03248263) beq     s1, s2, pc + 36
core   0: 3 0x80008ad6 (0x03248263)
core   0: 0x80008ada (0x00006865) c.lui   a6, 0x19
core   0: 3 0x80008ada (0x6865) x16 0x00019000
core   0: 0x80008adc (0x00000d95) c.addi  s11, 5
core   0: 3 0x80008adc (0x0d95) x27 0x00012005
core   0: 0x80008ade (0x03f3a3b3) mulhsu  t2, t2, t6
core   0: 3 0x80008ade (0x03f3a3b3) x7  0x00000000
core   0: 0x80008ae2 (0x340f5073) csrwi   mscratch, 30
core   0: 3 0x80008ae2 (0x340f5073) c832_mscratch 0x0000001e
core   0: 0x80008ae6 (0x00008cad) c.xor   s1, a1
core   0: 3 0x80008ae6 (0x8cad) x9  0x7fffc001
core   0: 0x80008ae8 (0x000002b5) c.addi  t0, 13
core   0: 3 0x80008ae8 (0x02b5) x5  0x000000eb
core   0: 0x80008aea (0x031d76b3) remu    a3, s10, a7
core   0: 3 0x80008aea (0x031d76b3) x13 0x00000000
core   0: 0x80008aee (0x01885a13) srli    s4, a6, 24
core   0: 3 0x80008aee (0x01885a13) x20 0x00000000
core   0: 0x80008af2 (0x03938233) mul     tp, t2, s9
core   0: 3 0x80008af2 (0x03938233) x4  0x00000000
core   0: 0x80008af6 (0x01f230b3) sltu    ra, tp, t6
core   0: 3 0x80008af6 (0x01f230b3) x1  0x00000000
core   0: 0x80008afa (0x00000001) c.nop
core   0: 3 0x80008afa (0x0001)
core   0: 0x80008afc (0x00004c39) c.li    s8, 14
core   0: 3 0x80008afc (0x4c39) x24 0x0000000e
core   0: 0x80008afe (0x00008f51) c.or    a4, a2
core   0: 3 0x80008afe (0x8f51) x14 0x80025ce4
core   0: 0x80008b00 (0x0ff0000f) fence   iorw,iorw
core   0: 3 0x80008b00 (0x0ff0000f)
core   0: 0x80008b04 (0xb19fcd13) xori    s10, t6, -1255
core   0: 3 0x80008b04 (0xb19fcd13) x26 0xfffffb19
core   0: 0x80008b08 (0x003cd2b3) srl     t0, s9, gp
core   0: 3 0x80008b08 (0x003cd2b3) x5  0x00012000
core   0: 0x80008b0c (0x000064d1) c.lui   s1, 0x14
core   0: 3 0x80008b0c (0x64d1) x9  0x00014000
core   0: 0x80008b0e (0x0019cdb3) xor     s11, s3, ra
core   0: 3 0x80008b0e (0x0019cdb3) x27 0x00000000
core   0: 0x80008b12 (0x033b1a33) mulh    s4, s6, s3
core   0: 3 0x80008b12 (0x033b1a33) x20 0x00000000
core   0: 0x80008b16 (0x41490fb3) sub     t6, s2, s4
core   0: 3 0x80008b16 (0x41490fb3) x31 0x000fffff
core   0: 0x80008b1a (0x03f54333) div     t1, a0, t6
core   0: 3 0x80008b1a (0x03f54333) x6  0x000007ff
core   0: 0x80008b1e (0x0ff0000f) fence   iorw,iorw
core   0: 3 0x80008b1e (0x0ff0000f)
core   0: 0x80008b22 (0x0000868d) c.srai  a3, 3
core   0: 3 0x80008b22 (0x868d) x13 0x00000000
core   0: 0x80008b24 (0x0000717d) c.addi16sp sp, -16
core   0: 3 0x80008b24 (0x717d) x2  0xfffffffd
core   0: 0x80008b26 (0x41425e93) srai    t4, tp, 20
core   0: 3 0x80008b26 (0x41425e93) x29 0x00000000
core   0: 0x80008b2a (0x000057fd) c.li    a5, -1
core   0: 3 0x80008b2a (0x57fd) x15 0xffffffff
core   0: 0x80008b2c (0x0ff0000f) fence   iorw,iorw
core   0: 3 0x80008b2c (0x0ff0000f)
core   0: 0x80008b30 (0x00008e9d) c.sub   a3, a5
core   0: 3 0x80008b30 (0x8e9d) x13 0x00000001
core   0: 0x80008b32 (0x00009bfd) c.andi  a5, -1
core   0: 3 0x80008b32 (0x9bfd) x15 0xffffffff
core   0: 0x80008b34 (0x0000717d) c.addi16sp sp, -16
core   0: 3 0x80008b34 (0x717d) x2  0xffffffed
core   0: 0x80008b36 (0x000019fd) c.addi  s3, -1
core   0: 3 0x80008b36 (0x19fd) x19 0xffffffff
core   0: 0x80008b38 (0x014afdb3) and     s11, s5, s4
core   0: 3 0x80008b38 (0x014afdb3) x27 0x00000000
core   0: 0x80008b3c (0x02783eb3) mulhu   t4, a6, t2
core   0: 3 0x80008b3c (0x02783eb3) x29 0x00000000
core   0: 0x80008b40 (0x6ad87b93) andi    s7, a6, 1709
core   0: 3 0x80008b40 (0x6ad87b93) x23 0x00000000
core   0: 0x80008b44 (0x34077173) csrrci  sp, mscratch, 14
core   0: 3 0x80008b44 (0x34077173) x2  0x0000001e c832_mscratch 0x00000010
core   0: 0x80008b48 (0x0359d363) bge     s3, s5, pc + 38
core   0: 3 0x80008b48 (0x0359d363)
core   0: 0x80008b4c (0x01d19963) bne     gp, t4, pc + 18
core   0: 3 0x80008b4c (0x01d19963)
core   0: 0x80008b50 (0x41fa5333) sra     t1, s4, t6
core   0: 3 0x80008b50 (0x41fa5333) x6  0x00000000
core   0: 0x80008b54 (0x34002f73) csrr    t5, mscratch
core   0: 3 0x80008b54 (0x34002f73) x30 0x00000010
core   0: 0x80008b58 (0x00006165) c.addi16sp sp, 112
core   0: 3 0x80008b58 (0x6165) x2  0x0000008e
core   0: 0x80008b5a (0x40a05913) srai    s2, zero, 10
core   0: 3 0x80008b5a (0x40a05913) x18 0x00000000
core   0: 0x80008b5e (0x33354393) xori    t2, a0, 819
core   0: 3 0x80008b5e (0x33354393) x7  0x7ffda02e
core   0: 0x80008b62 (0xa979c697) auipc   a3, 0xa979c
core   0: 3 0x80008b62 (0xa979c697) x13 0x297a4b62
core   0: 0x80008b66 (0x7af1edb7) lui     s11, 0x7af1e
core   0: 3 0x80008b66 (0x7af1edb7) x27 0x7af1e000
core   0: 0x80008b6a (0x00005efd) c.li    t4, -1
core   0: 3 0x80008b6a (0x5efd) x29 0xffffffff
core   0: 0x80008b6c (0x00008b76) c.mv    s6, t4
core   0: 3 0x80008b6c (0x8b76) x22 0xffffffff
core   0: 0x80008b6e (0x00325a33) srl     s4, tp, gp
core   0: 3 0x80008b6e (0x00325a33) x20 0x00000000
core   0: 0x80008b72 (0x340071f3) csrrci  gp, mscratch, 0
core   0: 3 0x80008b72 (0x340071f3) x3  0x00000010
core   0: 0x80008b76 (0x04e86263) bltu    a6, a4, pc + 68
core   0: 3 0x80008b76 (0x04e86263)
core   0: 0x80008bba (0x34062af3) csrrs   s5, mscratch, a2
core   0: 3 0x80008bba (0x34062af3) x21 0x00000010 c832_mscratch 0x80025cf4
core   0: 0x80008bbe (0x00300263) beq     zero, gp, pc + 4
core   0: 3 0x80008bbe (0x00300263)
core   0: 0x80008bc2 (0x00000b0d) c.addi  s6, 3
core   0: 3 0x80008bc2 (0x0b0d) x22 0x00000002
core   0: 0x80008bc4 (0x0051b133) sltu    sp, gp, t0
core   0: 3 0x80008bc4 (0x0051b133) x2  0x00000001
core   0: 0x80008bc8 (0x02b446b3) div     a3, s0, a1
core   0: 3 0x80008bc8 (0x02b446b3) x13 0x0000ccce
core   0: 0x80008bcc (0x36260713) addi    a4, a2, 866
core   0: 3 0x80008bcc (0x36260713) x14 0x80026046
core   0: 0x80008bd0 (0x02433d33) mulhu   s10, t1, tp
core   0: 3 0x80008bd0 (0x02433d33) x26 0x00000000
core   0: 0x80008bd4 (0x38714c13) xori    s8, sp, 903
core   0: 3 0x80008bd4 (0x38714c13) x24 0x00000386
core   0: 0x80008bd8 (0x00008d6e) c.mv    s10, s11
core   0: 3 0x80008bd8 (0x8d6e) x26 0x7af1e000
core   0: 0x80008bda (0x509d7837) lui     a6, 0x509d7
core   0: 3 0x80008bda (0x509d7837) x16 0x509d7000
core   0: 0x80008bde (0x0000168c) c.addi4spn a1, sp, 864
core   0: 3 0x80008bde (0x168c) x11 0x00000361
core   0: 0x80008be0 (0x34096373) csrrsi  t1, mscratch, 18
core   0: 3 0x80008be0 (0x34096373) x6  0x80025cf4 c832_mscratch 0x80025cf6
core   0: 0x80008be4 (0x0000c089) c.beqz  s1, pc + 2
core   0: 3 0x80008be4 (0xc089)
core   0: 0x80008be6 (0x00188233) add     tp, a7, ra
core   0: 3 0x80008be6 (0x00188233) x4  0x00000000
core   0: 0x80008bea (0x003638b3) sltu    a7, a2, gp
core   0: 3 0x80008bea (0x003638b3) x17 0x00000000
core   0: 0x80008bee (0x1a50c893) xori    a7, ra, 421
core   0: 3 0x80008bee (0x1a50c893) x17 0x000001a5
core   0: 0x80008bf2 (0x34061af3) csrrw   s5, mscratch, a2
core   0: 3 0x80008bf2 (0x34061af3) x21 0x80025cf6 c832_mscratch 0x80025ce4
core   0: 0x80008bf6 (0x7416ba13) sltiu   s4, a3, 1857
core   0: 3 0x80008bf6 (0x7416ba13) x20 0x00000000
core   0: 0x80008bfa (0x34069c73) csrrw   s8, mscratch, a3
core   0: 3 0x80008bfa (0x34069c73) x24 0x80025ce4 c832_mscratch 0x0000ccce
core   0: 0x80008bfe (0x03ccfbb3) remu    s7, s9, t3
core   0: 3 0x80008bfe (0x03ccfbb3) x23 0x00012000
core   0: 0x80008c02 (0x72fbdbb7) lui     s7, 0x72fbd
core   0: 3 0x80008c02 (0x72fbdbb7) x23 0x72fbd000
core   0: 0x80008c06 (0x000091fa) c.add   gp, t5
core   0: 3 0x80008c06 (0x91fa) x3  0x00000020
core   0: 0x80008c08 (0x02ffe133) rem     sp, t6, a5
core   0: 3 0x80008c08 (0x02ffe133) x2  0x00000000
core   0: 0x80008c0c (0x0000818e) c.mv    gp, gp
core   0: 3 0x80008c0c (0x818e) x3  0x00000020
core   0: 0x80008c0e (0x01bc28b3) slt     a7, s8, s11
core   0: 3 0x80008c0e (0x01bc28b3) x17 0x00000001
core   0: 0x80008c12 (0x00bb9d63) bne     s7, a1, pc + 26
core   0: 3 0x80008c12 (0x00bb9d63)
core   0: 0x80008c2c (0x02297cb3) remu    s9, s2, sp
core   0: 3 0x80008c2c (0x02297cb3) x25 0x00000000
core   0: 0x80008c30 (0x03971a63) bne     a4, s9, pc + 52
core   0: 3 0x80008c30 (0x03971a63)
core   0: 0x80008c64 (0xbe4fb313) sltiu   t1, t6, -1052
core   0: 3 0x80008c64 (0xbe4fb313) x6  0x00000001
core   0: 0x80008c68 (0x0241c7b3) div     a5, gp, tp
core   0: 3 0x80008c68 (0x0241c7b3) x15 0xffffffff
core   0: 0x80008c6c (0x00d76fb3) or      t6, a4, a3
core   0: 3 0x80008c6c (0x00d76fb3) x31 0x8002ecce
core   0: 0x80008c70 (0xa120e093) ori     ra, ra, -1518
core   0: 3 0x80008c70 (0xa120e093) x1  0xfffffa12
core   0: 0x80008c74 (0x02f57f33) remu    t5, a0, a5
core   0: 3 0x80008c74 (0x02f57f33) x30 0x7ffda31d
core   0: 0x80008c78 (0x00630eb3) add     t4, t1, t1
core   0: 3 0x80008c78 (0x00630eb3) x29 0x00000002
core   0: 0x80008c7c (0x00008fb1) c.xor   a5, a2
core   0: 3 0x80008c7c (0x8fb1) x15 0x7ffda31b
core   0: 0x80008c7e (0x340029f3) csrr    s3, mscratch
core   0: 3 0x80008c7e (0x340029f3) x19 0x0000ccce
core   0: 0x80008c82 (0x0000517d) c.li    sp, -1
core   0: 3 0x80008c82 (0x517d) x2  0xffffffff
core   0: 0x80008c84 (0x34003a73) csrrc   s4, mscratch, zero
core   0: 3 0x80008c84 (0x34003a73) x20 0x0000ccce
core   0: 0x80008c88 (0x03b1c9b3) div     s3, gp, s11
core   0: 3 0x80008c88 (0x03b1c9b3) x19 0x00000000
core   0: 0x80008c8c (0x40efdb33) sra     s6, t6, a4
core   0: 3 0x80008c8c (0x40efdb33) x22 0xfe000bb3
core   0: 0x80008c90 (0xb97f6a97) auipc   s5, 0xb97f6
core   0: 3 0x80008c90 (0xb97f6a97) x21 0x397fec90
core   0: 0x80008c94 (0x034f9f33) mulh    t5, t6, s4
core   0: 3 0x80008c94 (0x034f9f33) x30 0xffff999b
core   0: 0x80008c98 (0x00004ea9) c.li    t4, 10
core   0: 3 0x80008c98 (0x4ea9) x29 0x0000000a
core   0: 0x80008c9a (0x4098cd93) xori    s11, a7, 1033
core   0: 3 0x80008c9a (0x4098cd93) x27 0x00000408
core   0: 0x80008c9e (0x01d30b33) add     s6, t1, t4
core   0: 3 0x80008c9e (0x01d30b33) x22 0x0000000b
core   0: 0x80008ca2 (0x03ad5033) divu    zero, s10, s10
core   0: 3 0x80008ca2 (0x03ad5033)
core   0: 0x80008ca6 (0x0091c4b3) xor     s1, gp, s1
core   0: 3 0x80008ca6 (0x0091c4b3) x9  0x00014020
core   0: 0x80008caa (0x000007b6) c.slli  a5, 13
core   0: 3 0x80008caa (0x07b6) x15 0xb4636000
core   0: 0x80008cac (0x7cfc2397) auipc   t2, 0x7cfc2
core   0: 3 0x80008cac (0x7cfc2397) x7  0xfcfcacac
core   0: 0x80008cb0 (0x3f0e2d93) slti    s11, t3, 1008
core   0: 3 0x80008cb0 (0x3f0e2d93) x27 0x00000001
core   0: 0x80008cb4 (0x0000141c) c.addi4spn a5, sp, 544
core   0: 3 0x80008cb4 (0x141c) x15 0x0000021f
core   0: 0x80008cb6 (0x83c2f393) andi    t2, t0, -1988
core   0: 3 0x80008cb6 (0x83c2f393) x7  0x00012000
core   0: 0x80008cba (0x34006973) csrrsi  s2, mscratch, 0
core   0: 3 0x80008cba (0x34006973) x18 0x0000ccce
core   0: 0x80008cbe (0x00008a5a) c.mv    s4, s6
core   0: 3 0x80008cbe (0x8a5a) x20 0x0000000b
core   0: 0x80008cc0 (0x0106d033) srl     zero, a3, a6
core   0: 3 0x80008cc0 (0x0106d033)
core   0: 0x80008cc4 (0x02cf0cb3) mul     s9, t5, a2
core   0: 3 0x80008cc4 (0x02cf0cb3) x25 0x8e0e820c
core   0: 0x80008cc8 (0x00008ec9) c.or    a3, a0
core   0: 3 0x80008cc8 (0x8ec9) x13 0x7ffdefdf
core   0: 0x80008cca (0x0102d033) srl     zero, t0, a6
core   0: 3 0x80008cca (0x0102d033)
core   0: 0x80008cce (0x92f5c093) xori    ra, a1, -1745
core   0: 3 0x80008cce (0x92f5c093) x1  0xfffffa4e
core   0: 0x80008cd2 (0x00000001) c.nop
core   0: 3 0x80008cd2 (0x0001)
core   0: 0x80008cd4 (0x02354d63) blt     a0, gp, pc + 58
core   0: 3 0x80008cd4 (0x02354d63)
core   0: 0x80008cd8 (0x011077b3) and     a5, zero, a7
core   0: 3 0x80008cd8 (0x011077b3) x15 0x00000000
core   0: 0x80008cdc (0x02937533) remu    a0, t1, s1
core   0: 3 0x80008cdc (0x02937533) x10 0x00000001
core   0: 0x80008ce0 (0x34007ef3) csrrci  t4, mscratch, 0
core   0: 3 0x80008ce0 (0x34007ef3) x29 0x0000ccce
core   0: 0x80008ce4 (0x3406d073) csrwi   mscratch, 13
core   0: 3 0x80008ce4 (0x3406d073) c832_mscratch 0x0000000d
core   0: 0x80008ce8 (0x00e86eb3) or      t4, a6, a4
core   0: 3 0x80008ce8 (0x00e86eb3) x29 0xd09f7046
core   0: 0x80008cec (0x00168563) beq     a3, ra, pc + 10
core   0: 3 0x80008cec (0x00168563)
core   0: 0x80008cf0 (0x00014d63) bltz    sp, pc + 26
core   0: 3 0x80008cf0 (0x00014d63)
core   0: 0x80008d0a (0x0246ceb3) div     t4, a3, tp
core   0: 3 0x80008d0a (0x0246ceb3) x29 0xffffffff
core   0: 0x80008d0e (0x0ff0000f) fence   iorw,iorw
core   0: 3 0x80008d0e (0x0ff0000f)
core   0: 0x80008d12 (0x000055fd) c.li    a1, -1
core   0: 3 0x80008d12 (0x55fd) x11 0xffffffff
core   0: 0x80008d14 (0x042e4263) blt     t3, sp, pc + 68
core   0: 3 0x80008d14 (0x042e4263)
core   0: 0x80008d58 (0x00000001) c.nop
core   0: 3 0x80008d58 (0x0001)
core   0: 0x80008d5a (0x02bd5933) divu    s2, s10, a1
core   0: 3 0x80008d5a (0x02bd5933) x18 0x00000000
core   0: 0x80008d5e (0x0000537d) c.li    t1, -1
core   0: 3 0x80008d5e (0x537d) x6  0xffffffff
core   0: 0x80008d60 (0x00f7dd13) srli    s10, a5, 15
core   0: 3 0x80008d60 (0x00f7dd13) x26 0x00000000
core   0: 0x80008d64 (0x00008d61) c.and   a0, s0
core   0: 3 0x80008d64 (0x8d61) x10 0x00000000
core   0: 0x80008d66 (0x001704b3) add     s1, a4, ra
core   0: 3 0x80008d66 (0x001704b3) x9  0x80025a94
core   0: 0x80008d6a (0x0000e70d) c.bnez  a4, pc + 42
core   0: 3 0x80008d6a (0xe70d)
core   0: 0x80008d94 (0x798b6e93) ori     t4, s6, 1944
core   0: 3 0x80008d94 (0x798b6e93) x29 0x0000079b
core   0: 0x80008d98 (0x419f5a93) srai    s5, t5, 25
core   0: 3 0x80008d98 (0x419f5a93) x21 0xffffffff
core   0: 0x80008d9c (0x000085c5) c.srai  a1, 17
core   0: 3 0x80008d9c (0x85c5) x11 0xffffffff
core   0: 0x80008d9e (0xd4202d13) slti    s10, zero, -702
core   0: 3 0x80008d9e (0xd4202d13) x26 0x00000000
core   0: 0x80008da2 (0x01c6c033) xor     zero, a3, t3
core   0: 3 0x80008da2 (0x01c6c033)
core   0: 0x80008da6 (0x00000001) c.nop
core   0: 3 0x80008da6 (0x0001)
core   0: 0x80008da8 (0x00000001) c.nop
core   0: 3 0x80008da8 (0x0001)
core   0: 0x80008daa (0x000086e1) c.srai  a3, 24
core   0: 3 0x80008daa (0x86e1) x13 0x0000007f
core   0: 0x80008dac (0x00000486) c.slli  s1, 1
core   0: 3 0x80008dac (0x0486) x9  0x0004b528
core   0: 0x80008dae (0x03079a33) mulh    s4, a5, a6
core   0: 3 0x80008dae (0x03079a33) x20 0x00000000
core   0: 0x80008db2 (0x00008efd) c.and   a3, a5
core   0: 3 0x80008db2 (0x8efd) x13 0x00000000
core   0: 0x80008db4 (0x340311f3) csrrw   gp, mscratch, t1
core   0: 3 0x80008db4 (0x340311f3) x3  0x0000000d c832_mscratch 0xffffffff
core   0: 0x80008db8 (0x32613513) sltiu   a0, sp, 806
core   0: 3 0x80008db8 (0x32613513) x10 0x00000000
core   0: 0x80008dbc (0x1434a713) slti    a4, s1, 323
core   0: 3 0x80008dbc (0x1434a713) x14 0x00000000
core   0: 0x80008dc0 (0x00001384) c.addi4spn s1, sp, 480
core   0: 3 0x80008dc0 (0x1384) x9  0x000001df
core   0: 0x80008dc2 (0x407c80b3) sub     ra, s9, t2
core   0: 3 0x80008dc2 (0x407c80b3) x1  0x8e0d620c
core   0: 0x80008dc6 (0x01117033) and     zero, sp, a7
core   0: 3 0x80008dc6 (0x01117033)
core   0: 0x80008dca (0x00008315) c.srli  a4, 5
core   0: 3 0x80008dca (0x8315) x14 0x00000000
core   0: 0x80008dcc (0x0000e385) c.bnez  a5, pc + 32
core   0: 3 0x80008dcc (0xe385)
core   0: 0x80008dce (0x3407f073) csrci   mscratch, 15
core   0: 3 0x80008dce (0x3407f073) c832_mscratch 0xfffffff0
core   0: 0x80008dd2 (0x014c07b3) add     a5, s8, s4
core   0: 3 0x80008dd2 (0x014c07b3) x15 0x80025ce4
core   0: 0x80008dd6 (0x41a809b3) sub     s3, a6, s10
core   0: 3 0x80008dd6 (0x41a809b3) x19 0x509d7000
core   0: 0x80008dda (0x000059fd) c.li    s3, -1
core   0: 3 0x80008dda (0x59fd) x19 0xffffffff
core   0: 0x80008ddc (0x00e970b3) and     ra, s2, a4
core   0: 3 0x80008ddc (0x00e970b3) x1  0x00000000
core   0: 0x80008de0 (0x00005c7d) c.li    s8, -1
core   0: 3 0x80008de0 (0x5c7d) x24 0xffffffff
core   0: 0x80008de2 (0x00008f21) c.xor   a4, s0
core   0: 3 0x80008de2 (0x8f21) x14 0x80000000
core   0: 0x80008de4 (0x0000ea8d) c.bnez  a3, pc + 50
core   0: 3 0x80008de4 (0xea8d)
core   0: 0x80008de6 (0x02ea92b3) mulh    t0, s5, a4
core   0: 3 0x80008de6 (0x02ea92b3) x5  0x00000000
core   0: 0x80008dea (0x00008cb1) c.xor   s1, a2
core   0: 3 0x80008dea (0x8cb1) x9  0x80025d3b
core   0: 0x80008dec (0x038198b3) mulh    a7, gp, s8
core   0: 3 0x80008dec (0x038198b3) x17 0xffffffff
core   0: 0x80008df0 (0x000089cd) c.andi  a1, 19
core   0: 3 0x80008df0 (0x89cd) x11 0x00000013
core   0: 0x80008df2 (0x34045973) csrrwi  s2, mscratch, 8
core   0: 3 0x80008df2 (0x34045973) x18 0xfffffff0 c832_mscratch 0x00000008
core   0: 0x80008df6 (0xa3607217) auipc   tp, 0xa3607
core   0: 3 0x80008df6 (0xa3607217) x4  0x2360fdf6
core   0: 0x80008dfa (0xe9cc7393) andi    t2, s8, -356
core   0: 3 0x80008dfa (0xe9cc7393) x7  0xfffffe9c
core   0: 0x80008dfe (0x01921533) sll     a0, tp, s9
core   0: 3 0x80008dfe (0x01921533) x10 0x0fdf6000
core   0: 0x80008e02 (0x1d640293) addi    t0, s0, 470
core   0: 3 0x80008e02 (0x1d640293) x5  0x800001d6
core   0: 0x80008e06 (0x008ce9b3) or      s3, s9, s0
core   0: 3 0x80008e06 (0x008ce9b3) x19 0x8e0e820c
core   0: 0x80008e0a (0x00000f72) c.slli  t5, 28
core   0: 3 0x80008e0a (0x0f72) x30 0xb0000000
core   0: 0x80008e0c (0x0000879d) c.srai  a5, 7
core   0: 3 0x80008e0c (0x879d) x15 0xff0004b9
core   0: 0x80008e0e (0x0232e4b3) rem     s1, t0, gp
core   0: 3 0x80008e0e (0x0232e4b3) x9  0xfffffff7
core   0: 0x80008e12 (0x02bd9233) mulh    tp, s11, a1
core   0: 3 0x80008e12 (0x02bd9233) x4  0x00000000
core   0: 0x80008e16 (0x69f14793) xori    a5, sp, 1695
core   0: 3 0x80008e16 (0x69f14793) x15 0xfffff960
core   0: 0x80008e1a (0x00dd4a63) blt     s10, a3, pc + 20
core   0: 3 0x80008e1a (0x00dd4a63)
core   0: 0x80008e1e (0x014e5463) bge     t3, s4, pc + 8
core   0: 3 0x80008e1e (0x014e5463)
core   0: 0x80008e22 (0x000013fd) c.addi  t2, -1
core   0: 3 0x80008e22 (0x13fd) x7  0xfffffe9b
core   0: 0x80008e24 (0x00000001) c.nop
core   0: 3 0x80008e24 (0x0001)
core   0: 0x80008e26 (0x000060c9) c.lui   ra, 0x12
core   0: 3 0x80008e26 (0x60c9) x1  0x00012000
core   0: 0x80008e28 (0x000098fd) c.andi  s1, -1
core   0: 3 0x80008e28 (0x98fd) x9  0xfffffff7
core   0: 0x80008e2a (0x021b1cb3) mulh    s9, s6, ra
core   0: 3 0x80008e2a (0x021b1cb3) x25 0x00000000
core   0: 0x80008e2e (0x039a0833) mul     a6, s4, s9
core   0: 3 0x80008e2e (0x039a0833) x16 0x00000000
core   0: 0x80008e32 (0x34007973) csrrci  s2, mscratch, 0
core   0: 3 0x80008e32 (0x34007973) x18 0x00000008
core   0: 0x80008e36 (0x005463b3) or      t2, s0, t0
core   0: 3 0x80008e36 (0x005463b3) x7  0x800001d6
core   0: 0x80008e3a (0x004a9eb3) sll     t4, s5, tp
core   0: 3 0x80008e3a (0x004a9eb3) x29 0xffffffff
core   0: 0x80008e3e (0x023031b3) mulhu   gp, zero, gp
core   0: 3 0x80008e3e (0x023031b3) x3  0x00000000
core   0: 0x80008e42 (0x2cdaed17) auipc   s10, 0x2cdae
core   0: 3 0x80008e42 (0x2cdaed17) x26 0xacdb6e42
core   0: 0x80008e46 (0x0000e311) c.bnez  a4, pc + 4
core   0: 3 0x80008e46 (0xe311)
core   0: 0x80008e4a (0x02483b33) mulhu   s6, a6, tp
core   0: 3 0x80008e4a (0x02483b33) x22 0x00000000
core   0: 0x80008e4e (0x0000ed11) c.bnez  a0, pc + 28
core   0: 3 0x80008e4e (0xed11)
core   0: 0x80008e6a (0x8fe96693) ori     a3, s2, -1794
core   0: 3 0x80008e6a (0x8fe96693) x13 0xfffff8fe
core   0: 0x80008e6e (0x0000c29d) c.beqz  a3, pc + 38
core   0: 3 0x80008e6e (0xc29d)
core   0: 0x80008e70 (0x02b54463) blt     a0, a1, pc + 40
core   0: 3 0x80008e70 (0x02b54463)
core   0: 0x80008e74 (0x02c01db3) mulh    s11, zero, a2
core   0: 3 0x80008e74 (0x02c01db3) x27 0x00000000
core   0: 0x80008e78 (0x7363a0b7) lui     ra, 0x7363a
core   0: 3 0x80008e78 (0x7363a0b7) x1  0x7363a000
core   0: 0x80008e7c (0x00000001) c.nop
core   0: 3 0x80008e7c (0x0001)
core   0: 0x80008e7e (0x016798b3) sll     a7, a5, s6
core   0: 3 0x80008e7e (0x016798b3) x17 0xfffff960
core   0: 0x80008e82 (0x002bcfb3) xor     t6, s7, sp
core   0: 3 0x80008e82 (0x002bcfb3) x31 0x8d042fff
core   0: 0x80008e86 (0x34002373) csrr    t1, mscratch
core   0: 3 0x80008e86 (0x34002373) x6  0x00000008
core   0: 0x80008e8a (0x000081ca) c.mv    gp, s2
core   0: 3 0x80008e8a (0x81ca) x3  0x00000008
core   0: 0x80008e8c (0x013eea33) or      s4, t4, s3
core   0: 3 0x80008e8c (0x013eea33) x20 0xffffffff
core   0: 0x80008e90 (0x0000100f) fence.i
core   0: 3 0x80008e90 (0x0000100f)
core   0: 0x80008e94 (0x00004c71) c.li    s8, 28
core   0: 3 0x80008e94 (0x4c71) x24 0x0000001c
core   0: 0x80008e96 (0x00000001) c.nop
core   0: 3 0x80008e96 (0x0001)
core   0: 0x80008e98 (0x00008aad) c.andi  a3, 11
core   0: 3 0x80008e98 (0x8aad) x13 0x0000000a
core   0: 0x80008e9a (0x00c3ba33) sltu    s4, t2, a2
core   0: 3 0x80008e9a (0x00c3ba33) x20 0x00000001
core   0: 0x80008e9e (0x000d77b3) and     a5, s10, zero
core   0: 3 0x80008e9e (0x000d77b3) x15 0x00000000
core   0: 0x80008ea2 (0x41c70233) sub     tp, a4, t3
core   0: 3 0x80008ea2 (0x41c70233) x4  0xfffde19c
core   0: 0x80008ea6 (0xb25ea093) slti    ra, t4, -1243
core   0: 3 0x80008ea6 (0xb25ea093) x1  0x00000000
core   0: 0x80008eaa (0x000081d5) c.srli  a1, 21
core   0: 3 0x80008eaa (0x81d5) x11 0x00000000
core   0: 0x80008eac (0x02bc8363) beq     s9, a1, pc + 38
core   0: 3 0x80008eac (0x02bc8363)
core   0: 0x80008ed2 (0x00000001) c.nop
core   0: 3 0x80008ed2 (0x0001)
core   0: 0x80008ed4 (0x00006dbd) c.lui   s11, 0xf
core   0: 3 0x80008ed4 (0x6dbd) x27 0x0000f000
core   0: 0x80008ed6 (0x03b90eb3) mul     t4, s2, s11
core   0: 3 0x80008ed6 (0x03b90eb3) x29 0x00078000
core   0: 0x80008eda (0x000061fd) c.lui   gp, 0x1f
core   0: 3 0x80008eda (0x61fd) x3  0x0001f000
core   0: 0x80008edc (0x41bf0033) sub     zero, t5, s11
core   0: 3 0x80008edc (0x41bf0033)
core   0: 0x80008ee0 (0x0000851a) c.mv    a0, t1
core   0: 3 0x80008ee0 (0x851a) x10 0x00000008
core   0: 0x80008ee2 (0x0042ea63) bltu    t0, tp, pc + 20
core   0: 3 0x80008ee2 (0x0042ea63)
core   0: 0x80008ef6 (0x34007ff3) csrrci  t6, mscratch, 0
core   0: 3 0x80008ef6 (0x34007ff3) x31 0x00000008
core   0: 0x80008efa (0x00001b14) c.addi4spn a3, sp, 432
core   0: 3 0x80008efa (0x1b14) x13 0x000001af
core   0: 0x80008efc (0x00000001) c.nop
core   0: 3 0x80008efc (0x0001)
core   0: 0x80008efe (0x0000869d) c.srai  a3, 7
core   0: 3 0x80008efe (0x869d) x13 0x00000003
core   0: 0x80008f00 (0x03c52f33) mulhsu  t5, a0, t3
core   0: 3 0x80008f00 (0x03c52f33) x30 0x00000004
core   0: 0x80008f04 (0x4191df33) sra     t5, gp, s9
core   0: 3 0x80008f04 (0x4191df33) x30 0x0001f000
core   0: 0x80008f08 (0x00000001) c.nop
core   0: 3 0x80008f08 (0x0001)
core   0: 0x80008f0a (0x00008c9d) c.sub   s1, a5
core   0: 3 0x80008f0a (0x8c9d) x9  0xfffffff7
core   0: 0x80008f0c (0x03d8b0b3) mulhu   ra, a7, t4
core   0: 3 0x80008f0c (0x03d8b0b3) x1  0x00077fff
core   0: 0x80008f10 (0x02be9c33) mulh    s8, t4, a1
core   0: 3 0x80008f10 (0x02be9c33) x24 0x00000000
core   0: 0x80008f14 (0x340078f3) csrrci  a7, mscratch, 0
core   0: 3 0x80008f14 (0x340078f3) x17 0x00000008
core   0: 0x80008f18 (0x022593b3) mulh    t2, a1, sp
core   0: 3 0x80008f18 (0x022593b3) x7  0x00000000
core   0: 0x80008f1c (0x000060c9) c.lui   ra, 0x12
core   0: 3 0x80008f1c (0x60c9) x1  0x00012000
core   0: 0x80008f1e (0x1f98a393) slti    t2, a7, 505
core   0: 3 0x80008f1e (0x1f98a393) x7  0x00000001
core   0: 0x80008f22 (0x0223b833) mulhu   a6, t2, sp
core   0: 3 0x80008f22 (0x0223b833) x16 0x00000000
core   0: 0x80008f26 (0x03761db3) mulh    s11, a2, s7
core   0: 3 0x80008f26 (0x03761db3) x27 0xc68327b0
core   0: 0x80008f2a (0x6cf02c93) slti    s9, zero, 1743
core   0: 3 0x80008f2a (0x6cf02c93) x25 0x00000001
core   0: 0x80008f2e (0x00001e98) c.addi4spn a4, sp, 880
core   0: 3 0x80008f2e (0x1e98) x14 0x0000036f
core   0: 0x80008f30 (0x00701133) sll     sp, zero, t2
core   0: 3 0x80008f30 (0x00701133) x2  0x00000000
core   0: 0x80008f34 (0x0000c581) c.beqz  a1, pc + 8
core   0: 3 0x80008f34 (0xc581)
core   0: 0x80008f3c (0x2c7bb713) sltiu   a4, s7, 711
core   0: 3 0x80008f3c (0x2c7bb713) x14 0x00000000
core   0: 0x80008f40 (0x3407d973) csrrwi  s2, mscratch, 15
core   0: 3 0x80008f40 (0x3407d973) x18 0x00000008 c832_mscratch 0x0000000f
core   0: 0x80008f44 (0x00008e91) c.sub   a3, a2
core   0: 3 0x80008f44 (0x8e91) x13 0x7ffda31f
core   0: 0x80008f46 (0xb18f7793) andi    a5, t5, -1256
core   0: 3 0x80008f46 (0xb18f7793) x15 0x0001f000
core   0: 0x80008f4a (0x8b70af93) slti    t6, ra, -1865
core   0: 3 0x80008f4a (0x8b70af93) x31 0x00000000
core   0: 0x80008f4e (0x03807eb3) remu    t4, zero, s8
core   0: 3 0x80008f4e (0x03807eb3) x29 0x00000000
core   0: 0x80008f52 (0xcc96e113) ori     sp, a3, -823
core   0: 3 0x80008f52 (0xcc96e113) x2  0xffffffdf
core   0: 0x80008f56 (0x000080fd) c.srli  s1, 31
core   0: 3 0x80008f56 (0x80fd) x9  0x00000001
core   0: 0x80008f58 (0x02bb7333) remu    t1, s6, a1
core   0: 3 0x80008f58 (0x02bb7333) x6  0x00000000
core   0: 0x80008f5c (0x03120533) mul     a0, tp, a7
core   0: 3 0x80008f5c (0x03120533) x10 0xffef0ce0
core   0: 0x80008f60 (0xc5ad3713) sltiu   a4, s10, -934
core   0: 3 0x80008f60 (0xc5ad3713) x14 0x00000001
core   0: 0x80008f64 (0x01031f93) slli    t6, t1, 16
core   0: 3 0x80008f64 (0x01031f93) x31 0x00000000
core   0: 0x80008f68 (0x000089d5) c.andi  a1, 21
core   0: 3 0x80008f68 (0x89d5) x11 0x00000000
core   0: 0x80008f6a (0x024ca533) mulhsu  a0, s9, tp
core   0: 3 0x80008f6a (0x024ca533) x10 0x00000000
core   0: 0x80008f6e (0x0012bcb3) sltu    s9, t0, ra
core   0: 3 0x80008f6e (0x0012bcb3) x25 0x00000000
core   0: 0x80008f72 (0x00b3f733) and     a4, t2, a1
core   0: 3 0x80008f72 (0x00b3f733) x14 0x00000000
core   0: 0x80008f76 (0x02bc6eb3) rem     t4, s8, a1
core   0: 3 0x80008f76 (0x02bc6eb3) x29 0x00000000
core   0: 0x80008f7a (0x00000908) c.addi4spn a0, sp, 144
core   0: 3 0x80008f7a (0x0908) x10 0x0000006f
core   0: 0x80008f7c (0x00006f61) c.lui   t5, 0x18
core   0: 3 0x80008f7c (0x6f61) x30 0x00018000
core   0: 0x80008f7e (0x00001cfd) c.addi  s9, -1
core   0: 3 0x80008f7e (0x1cfd) x25 0xffffffff
core   0: 0x80008f80 (0x00000556) c.slli  a0, 21
core   0: 3 0x80008f80 (0x0556) x10 0x0de00000
core   0: 0x80008f82 (0x00006179) c.addi16sp sp, 464
core   0: 3 0x80008f82 (0x6179) x2  0x000001af
core   0: 0x80008f84 (0x00008d41) c.or    a0, s0
core   0: 3 0x80008f84 (0x8d41) x10 0x8de00000
core   0: 0x80008f86 (0x340cd5f3) csrrwi  a1, mscratch, 25
core   0: 3 0x80008f86 (0x340cd5f3) x11 0x0000000f c832_mscratch 0x00000019
core   0: 0x80008f8a (0x0192a1b3) slt     gp, t0, s9
core   0: 3 0x80008f8a (0x0192a1b3) x3  0x00000001
core   0: 0x80008f8e (0x0132d463) bge     t0, s3, pc + 8
core   0: 3 0x80008f8e (0x0132d463)
core   0: 0x80008f92 (0x00f50963) beq     a0, a5, pc + 18
core   0: 3 0x80008f92 (0x00f50963)
core   0: 0x80008f96 (0x02bb3ab3) mulhu   s5, s6, a1
core   0: 3 0x80008f96 (0x02bb3ab3) x21 0x00000000
core   0: 0x80008f9a (0x0000892a) c.mv    s2, a0
core   0: 3 0x80008f9a (0x892a) x18 0x8de00000
core   0: 0x80008f9c (0xddf10a93) addi    s5, sp, -545
core   0: 3 0x80008f9c (0xddf10a93) x21 0xffffff8e
core   0: 0x80008fa0 (0x34055573) csrrwi  a0, mscratch, 10
core   0: 3 0x80008fa0 (0x34055573) x10 0x00000019 c832_mscratch 0x0000000a
core   0: 0x80008fa4 (0x340035f3) csrrc   a1, mscratch, zero
core   0: 3 0x80008fa4 (0x340035f3) x11 0x0000000a
core   0: 0x80008fa8 (0x40745593) srai    a1, s0, 7
core   0: 3 0x80008fa8 (0x40745593) x11 0xff000000
core   0: 0x80008fac (0x00157733) and     a4, a0, ra
core   0: 3 0x80008fac (0x00157733) x14 0x00000000
core   0: 0x80008fb0 (0x34071af3) csrrw   s5, mscratch, a4
core   0: 3 0x80008fb0 (0x34071af3) x21 0x0000000a c832_mscratch 0x00000000
core   0: 0x80008fb4 (0x0000e59d) c.bnez  a1, pc + 46
core   0: 3 0x80008fb4 (0xe59d)
core   0: 0x80008fe2 (0x4fcb2f93) slti    t6, s6, 1276
core   0: 3 0x80008fe2 (0x4fcb2f93) x31 0x00000001
core   0: 0x80008fe6 (0xed067793) andi    a5, a2, -304
core   0: 3 0x80008fe6 (0xed067793) x15 0x80025cc0
core   0: 0x80008fea (0x0326efb3) rem     t6, a3, s2
core   0: 3 0x80008fea (0x0326efb3) x31 0x0ddda31f
core   0: 0x80008fee (0x00005bfd) c.li    s7, -1
core   0: 3 0x80008fee (0x5bfd) x23 0xffffffff
core   0: 0x80008ff0 (0xe43aaa13) slti    s4, s5, -445
core   0: 3 0x80008ff0 (0xe43aaa13) x20 0x00000000
core   0: 0x80008ff4 (0x34029573) csrrw   a0, mscratch, t0
core   0: 3 0x80008ff4 (0x34029573) x10 0x00000000 c832_mscratch 0x800001d6
core   0: 0x80008ff8 (0x4001ddb3) sra     s11, gp, zero
core   0: 3 0x80008ff8 (0x4001ddb3) x27 0x00000001
core   0: 0x80008ffc (0x00008d55) c.or    a0, a3
core   0: 3 0x80008ffc (0x8d55) x10 0x7ffda31f
core   0: 0x80008ffe (0x034c6f63) bltu    s8, s4, pc + 62
core   0: 3 0x80008ffe (0x034c6f63)
core   0: 0x80009002 (0xc7b03717) auipc   a4, 0xc7b03
core   0: 3 0x80009002 (0xc7b03717) x14 0x47b0c002
core   0: 0x80009006 (0x00d598b3) sll     a7, a1, a3
core   0: 3 0x80009006 (0x00d598b3) x17 0x00000000
core   0: 0x8000900a (0xb535ee93) ori     t4, a1, -1197
core   0: 3 0x8000900a (0xb535ee93) x29 0xfffffb53
core   0: 0x8000900e (0x00fe67b3) or      a5, t3, a5
core   0: 3 0x8000900e (0x00fe67b3) x15 0x80025ee4
core   0: 0x80009012 (0x00008d61) c.and   a0, s0
core   0: 3 0x80009012 (0x8d61) x10 0x00000000
core   0: 0x80009014 (0x024c6163) bltu    s8, tp, pc + 34
core   0: 3 0x80009014 (0x024c6163)
core   0: 0x80009036 (0x01dd30b3) sltu    ra, s10, t4
core   0: 3 0x80009036 (0x01dd30b3) x1  0x00000001
core   0: 0x8000903a (0x00000001) c.nop
core   0: 3 0x8000903a (0x0001)
core   0: 0x8000903c (0x00008fb5) c.xor   a5, a3
core   0: 3 0x8000903c (0x8fb5) x15 0xfffffdfb
core   0: 0x8000903e (0x01bc8f33) add     t5, s9, s11
core   0: 3 0x8000903e (0x01bc8f33) x30 0x00000000
core   0: 0x80009042 (0x340032f3) csrrc   t0, mscratch, zero
core   0: 3 0x80009042 (0x340032f3) x5  0x800001d6
core   0: 0x80009046 (0x000069f9) c.lui   s3, 0x1e
core   0: 3 0x80009046 (0x69f9) x19 0x0001e000
core   0: 0x80009048 (0x00001c8c) c.addi4spn a1, sp, 624
core   0: 3 0x80009048 (0x1c8c) x11 0x0000041f
core   0: 0x8000904a (0xafc0c693) xori    a3, ra, -1284
core   0: 3 0x8000904a (0xafc0c693) x13 0xfffffafd
core   0: 0x8000904e (0x00008715) c.srai  a4, 5
core   0: 3 0x8000904e (0x8715) x14 0x023d8600
core   0: 0x80009050 (0x02495933) divu    s2, s2, tp
core   0: 3 0x80009050 (0x02495933) x18 0x00000000
core   0: 0x80009054 (0x340016f3) csrrw   a3, mscratch, zero
core   0: 3 0x80009054 (0x340016f3) x13 0x800001d6 c832_mscratch 0x00000000
core   0: 0x80009058 (0x340c23f3) csrrs   t2, mscratch, s8
core   0: 3 0x80009058 (0x340c23f3) x7  0x00000000 c832_mscratch 0x00000000
core   0: 0x8000905c (0x01e72bb3) slt     s7, a4, t5
core   0: 3 0x8000905c (0x01e72bb3) x23 0x00000000
core   0: 0x80009060 (0x00008f4d) c.or    a4, a1
core   0: 3 0x80009060 (0x8f4d) x14 0x023d861f
core   0: 0x80009062 (0x00001604) c.addi4spn s1, sp, 800
core   0: 3 0x80009062 (0x1604) x9  0x000004cf
core   0: 0x80009064 (0x41ef04b3) sub     s1, t5, t5
core   0: 3 0x80009064 (0x41ef04b3) x9  0x00000000
core   0: 0x80009068 (0xe2f95497) auipc   s1, 0xe2f95
core   0: 3 0x80009068 (0xe2f95497) x9  0x62f9e068
core   0: 0x8000906c (0x0000ee85) c.bnez  a3, pc + 56
core   0: 3 0x8000906c (0xee85)
core   0: 0x800090a4 (0x01e364b3) or      s1, t1, t5
core   0: 3 0x800090a4 (0x01e364b3) x9  0x00000000
core   0: 0x800090a8 (0x340eba73) csrrc   s4, mscratch, t4
core   0: 3 0x800090a8 (0x340eba73) x20 0x00000000 c832_mscratch 0x00000000
core   0: 0x800090ac (0x20a57db7) lui     s11, 0x20a57
core   0: 3 0x800090ac (0x20a57db7) x27 0x20a57000
core   0: 0x800090b0 (0x34003bf3) csrrc   s7, mscratch, zero
core   0: 3 0x800090b0 (0x34003bf3) x23 0x00000000
core   0: 0x800090b4 (0x00001994) c.addi4spn a3, sp, 240
core   0: 3 0x800090b4 (0x1994) x13 0x0000029f
core   0: 0x800090b6 (0x00008cc5) c.or    s1, s1
core   0: 3 0x800090b6 (0x8cc5) x9  0x00000000
core   0: 0x800090b8 (0x014e9c63) bne     t4, s4, pc + 24
core   0: 3 0x800090b8 (0x014e9c63)
core   0: 0x800090d0 (0x340990f3) csrrw   ra, mscratch, s3
core   0: 3 0x800090d0 (0x340990f3) x1  0x00000000 c832_mscratch 0x0001e000
core   0: 0x800090d4 (0x340225f3) csrrs   a1, mscratch, tp
core   0: 3 0x800090d4 (0x340225f3) x11 0x0001e000 c832_mscratch 0xfffde19c
core   0: 0x800090d8 (0x00008bcd) c.andi  a5, 19
core   0: 3 0x800090d8 (0x8bcd) x15 0x00000013
core   0: 0x800090da (0x9054aa13) slti    s4, s1, -1787
core   0: 3 0x800090da (0x9054aa13) x20 0x00000000
core   0: 0x800090de (0x00008f49) c.or    a4, a0
core   0: 3 0x800090de (0x8f49) x14 0x023d861f
core   0: 0x800090e0 (0x00008cf9) c.and   s1, a4
core   0: 3 0x800090e0 (0x8cf9) x9  0x00000000
core   0: 0x800090e2 (0x000063b5) c.lui   t2, 0xd
core   0: 3 0x800090e2 (0x63b5) x7  0x0000d000
core   0: 0x800090e4 (0x000006ba) c.slli  a3, 14
core   0: 3 0x800090e4 (0x06ba) x13 0x00a7c000
core   0: 0x800090e6 (0x0000e501) c.bnez  a0, pc + 8
core   0: 3 0x800090e6 (0xe501)
core   0: 0x800090e8 (0x34043973) csrrc   s2, mscratch, s0
core   0: 3 0x800090e8 (0x34043973) x18 0xfffde19c c832_mscratch 0x7ffde19c
core   0: 0x800090ec (0x0000717d) c.addi16sp sp, -16
core   0: 3 0x800090ec (0x717d) x2  0x0000019f
core   0: 0x800090ee (0x340d35f3) csrrc   a1, mscratch, s10
core   0: 3 0x800090ee (0x340d35f3) x11 0x7ffde19c c832_mscratch 0x5324819c
core   0: 0x800090f2 (0x340064f3) csrrsi  s1, mscratch, 0
core   0: 3 0x800090f2 (0x340064f3) x9  0x5324819c
core   0: 0x800090f6 (0x01b19b13) slli    s6, gp, 27
core   0: 3 0x800090f6 (0x01b19b13) x22 0x08000000
core   0: 0x800090fa (0x01ecdc63) bge     s9, t5, pc + 24
core   0: 3 0x800090fa (0x01ecdc63)
core   0: 0x800090fe (0x40bfd4b3) sra     s1, t6, a1
core   0: 3 0x800090fe (0x40bfd4b3) x9  0x00000000
core   0: 0x80009102 (0x013f36b3) sltu    a3, t5, s3
core   0: 3 0x80009102 (0x013f36b3) x13 0x00000001
core   0: 0x80009106 (0x0000e39d) c.bnez  a5, pc + 38
core   0: 3 0x80009106 (0xe39d)
core   0: 0x8000912c (0x00008fb9) c.xor   a5, a4
core   0: 3 0x8000912c (0x8fb9) x15 0x023d860c
core   0: 0x8000912e (0x0000c39d) c.beqz  a5, pc + 38
core   0: 3 0x8000912e (0xc39d)
core   0: 0x80009130 (0x015da533) slt     a0, s11, s5
core   0: 3 0x80009130 (0x015da533) x10 0x00000000
core   0: 0x80009134 (0x00000726) c.slli  a4, 9
core   0: 3 0x80009134 (0x0726) x14 0x7b0c3e00
core   0: 0x80009136 (0xf17fe793) ori     a5, t6, -233
core   0: 3 0x80009136 (0xf17fe793) x15 0xffffff1f
core   0: 0x8000913a (0x00008d0d) c.sub   a0, a1
core   0: 3 0x8000913a (0x8d0d) x10 0x80021e64
core   0: 0x8000913c (0xe53aae93) slti    t4, s5, -429
core   0: 3 0x8000913c (0xe53aae93) x29 0x00000000
core   0: 0x80009140 (0xb324c393) xori    t2, s1, -1230
core   0: 3 0x80009140 (0xb324c393) x7  0xfffffb32
core   0: 0x80009144 (0x00e2dbb3) srl     s7, t0, a4
core   0: 3 0x80009144 (0x00e2dbb3) x23 0x800001d6
core   0: 0x80009148 (0x01f29813) slli    a6, t0, 31
core   0: 3 0x80009148 (0x01f29813) x16 0x00000000
core   0: 0x8000914c (0x002b4463) blt     s6, sp, pc + 8
core   0: 3 0x8000914c (0x002b4463)
core   0: 0x80009150 (0x0099edb3) or      s11, s3, s1
core   0: 3 0x80009150 (0x0099edb3) x27 0x0001e000
core   0: 0x80009154 (0x05e0f463) bgeu    ra, t5, pc + 72
core   0: 3 0x80009154 (0x05e0f463)
core   0: 0x8000919c (0x021bd0b3) divu    ra, s7, ra
core   0: 3 0x8000919c (0x021bd0b3) x1  0xffffffff
core   0: 0x800091a0 (0x055be363) bltu    s7, s5, pc + 70
core   0: 3 0x800091a0 (0x055be363)
core   0: 0x800091a4 (0xd2976393) ori     t2, a4, -727
core   0: 3 0x800091a4 (0xd2976393) x7  0xffffff29
core   0: 0x800091a8 (0x0080a333) slt     t1, ra, s0
core   0: 3 0x800091a8 (0x0080a333) x6  0x00000000
core   0: 0x800091ac (0x401d5593) srai    a1, s10, 1
core   0: 3 0x800091ac (0x401d5593) x11 0xd66db721
core   0: 0x800091b0 (0x664d3f13) sltiu   t5, s10, 1636
core   0: 3 0x800091b0 (0x664d3f13) x30 0x00000000
core   0: 0x800091b4 (0x34057df3) csrrci  s11, mscratch, 10
core   0: 3 0x800091b4 (0x34057df3) x27 0x5324819c c832_mscratch 0x53248194
core   0: 0x800091b8 (0x01263333) sltu    t1, a2, s2
core   0: 3 0x800091b8 (0x01263333) x6  0x00000001
core   0: 0x800091bc (0x4bc1c697) auipc   a3, 0x4bc1c
core   0: 3 0x800091bc (0x4bc1c697) x13 0xcbc251bc
core   0: 0x800091c0 (0x00000001) c.nop
core   0: 3 0x800091c0 (0x0001)
core   0: 0x800091c2 (0x00008edd) c.or    a3, a5
core   0: 3 0x800091c2 (0x8edd) x13 0xffffffbf
core   0: 0x800091c4 (0x0000e285) c.bnez  a3, pc + 32
core   0: 3 0x800091c4 (0xe285)
core   0: 0x800091e4 (0x000008e9) c.addi  a7, 26
core   0: 3 0x800091e4 (0x08e9) x17 0x0000001a
core   0: 0x800091e6 (0x00008179) c.srli  a0, 30
core   0: 3 0x800091e6 (0x8179) x10 0x00000002
core   0: 0x800091e8 (0x00e749b3) xor     s3, a4, a4
core   0: 3 0x800091e8 (0x00e749b3) x19 0x00000000
core   0: 0x800091ec (0x0293fb33) remu    s6, t2, s1
core   0: 3 0x800091ec (0x0293fb33) x22 0xffffff29
core   0: 0x800091f0 (0x00a975b3) and     a1, s2, a0
core   0: 3 0x800091f0 (0x00a975b3) x11 0x00000000
core   0: 0x800091f4 (0x0216c463) blt     a3, ra, pc + 40
core   0: 3 0x800091f4 (0x0216c463)
core   0: 0x8000921c (0x00c5d5b3) srl     a1, a1, a2
core   0: 3 0x8000921c (0x00c5d5b3) x11 0x00000000
core   0: 0x80009220 (0x000085b9) c.srai  a1, 14
core   0: 3 0x80009220 (0x85b9) x11 0x00000000
core   0: 0x80009222 (0x009d7b93) andi    s7, s10, 9
core   0: 3 0x80009222 (0x009d7b93) x23 0x00000000
core   0: 0x80009226 (0x028906b3) mul     a3, s2, s0
core   0: 3 0x80009226 (0x028906b3) x13 0x00000000
core   0: 0x8000922a (0x0289c833) div     a6, s3, s0
core   0: 3 0x8000922a (0x0289c833) x16 0x00000000
core   0: 0x8000922e (0x0000e785) c.bnez  a5, pc + 40
core   0: 3 0x8000922e (0xe785)
core   0: 0x80009256 (0x0000830d) c.srli  a4, 3
core   0: 3 0x80009256 (0x830d) x14 0x0f6187c0
core   0: 0x80009258 (0x023cf0b3) remu    ra, s9, gp
core   0: 3 0x80009258 (0x023cf0b3) x1  0x00000000
core   0: 0x8000925c (0x642ae213) ori     tp, s5, 1602
core   0: 3 0x8000925c (0x642ae213) x4  0x0000064a
core   0: 0x80009260 (0x03b29933) mulh    s2, t0, s11
core   0: 3 0x80009260 (0x03b29933) x18 0xd66dbfca
core   0: 0x80009264 (0x00cd4c63) blt     s10, a2, pc + 24
core   0: 3 0x80009264 (0x00cd4c63)
core   0: 0x80009268 (0x02110733) mul     a4, sp, ra
core   0: 3 0x80009268 (0x02110733) x14 0x00000000
core   0: 0x8000926c (0x00f68d63) beq     a3, a5, pc + 26
core   0: 3 0x8000926c (0x00f68d63)
core   0: 0x80009270 (0x4112d093) srai    ra, t0, 17
core   0: 3 0x80009270 (0x4112d093) x1  0xffffc000
core   0: 0x80009274 (0x0002ef33) or      t5, t0, zero
core   0: 3 0x80009274 (0x0002ef33) x30 0x800001d6
core   0: 0x80009278 (0x0173ec33) or      s8, t2, s7
core   0: 3 0x80009278 (0x0173ec33) x24 0xffffff29
core   0: 0x8000927c (0x0ff0000f) fence   iorw,iorw
core   0: 3 0x8000927c (0x0ff0000f)
core   0: 0x80009280 (0x00008cc1) c.or    s1, s0
core   0: 3 0x80009280 (0x8cc1) x9  0x80000000
core   0: 0x80009282 (0x037aeb63) bltu    s5, s7, pc + 54
core   0: 3 0x80009282 (0x037aeb63)
core   0: 0x80009286 (0x00008cb9) c.xor   s1, a4
core   0: 3 0x80009286 (0x8cb9) x9  0x80000000
core   0: 0x80009288 (0x40978333) sub     t1, a5, s1
core   0: 3 0x80009288 (0x40978333) x6  0x7fffff1f
core   0: 0x8000928c (0x01e0d233) srl     tp, ra, t5
core   0: 3 0x8000928c (0x01e0d233) x4  0x000003ff
core   0: 0x80009290 (0x008e7133) and     sp, t3, s0
core   0: 3 0x80009290 (0x008e7133) x2  0x80000000
core   0: 0x80009294 (0x403c5bb3) sra     s7, s8, gp
core   0: 3 0x80009294 (0x403c5bb3) x23 0xffffff94
core   0: 0x80009298 (0x01e57b33) and     s6, a0, t5
core   0: 3 0x80009298 (0x01e57b33) x22 0x00000002
core   0: 0x8000929c (0x7da63b13) sltiu   s6, a2, 2010
core   0: 3 0x8000929c (0x7da63b13) x22 0x00000000
core   0: 0x800092a0 (0x00000001) c.nop
core   0: 3 0x800092a0 (0x0001)
core   0: 0x800092a2 (0x00000001) c.nop
core   0: 3 0x800092a2 (0x0001)
core   0: 0x800092a4 (0x008f8533) add     a0, t6, s0
core   0: 3 0x800092a4 (0x008f8533) x10 0x8ddda31f
core   0: 0x800092a8 (0x038c5333) divu    t1, s8, s8
core   0: 3 0x800092a8 (0x038c5333) x6  0x00000001
core   0: 0x800092ac (0x00008f51) c.or    a4, a2
core   0: 3 0x800092ac (0x8f51) x14 0x80025ce4
core   0: 0x800092ae (0x00008749) c.srai  a4, 18
core   0: 3 0x800092ae (0x8749) x14 0xffffe000
core   0: 0x800092b0 (0xef144993) xori    s3, s0, -271
core   0: 3 0x800092b0 (0xef144993) x19 0x7ffffef1
core   0: 0x800092b4 (0x00305493) srli    s1, zero, 3
core   0: 3 0x800092b4 (0x00305493) x9  0x00000000
core   0: 0x800092b8 (0x00eb9b63) bne     s7, a4, pc + 22
core   0: 3 0x800092b8 (0x00eb9b63)
core   0: 0x800092ce (0x00008d39) c.xor   a0, a4
core   0: 3 0x800092ce (0x8d39) x10 0x7222431f
core   0: 0x800092d0 (0x00005c7d) c.li    s8, -1
core   0: 3 0x800092d0 (0x5c7d) x24 0xffffffff
core   0: 0x800092d2 (0x00000001) c.nop
core   0: 3 0x800092d2 (0x0001)
core   0: 0x800092d4 (0x000080e2) c.mv    ra, s8
core   0: 3 0x800092d4 (0x80e2) x1  0xffffffff
core   0: 0x800092d6 (0x036f13b3) mulh    t2, t5, s6
core   0: 3 0x800092d6 (0x036f13b3) x7  0x00000000
core   0: 0x800092da (0x003efb63) bgeu    t4, gp, pc + 22
core   0: 3 0x800092da (0x003efb63)
core   0: 0x800092de (0x340b24f3) csrrs   s1, mscratch, s6
core   0: 3 0x800092de (0x340b24f3) x9  0x53248194 c832_mscratch 0x53248194
core   0: 0x800092e2 (0xef8a7f13) andi    t5, s4, -264
core   0: 3 0x800092e2 (0xef8a7f13) x30 0x00000000
core   0: 0x800092e6 (0x340024f3) csrr    s1, mscratch
core   0: 3 0x800092e6 (0x340024f3) x9  0x53248194
core   0: 0x800092ea (0x00008779) c.srai  a4, 30
core   0: 3 0x800092ea (0x8779) x14 0xffffffff
core   0: 0x800092ec (0x00001d7d) c.addi  s10, -1
core   0: 3 0x800092ec (0x1d7d) x26 0xacdb6e41
core   0: 0x800092ee (0x00000514) c.addi4spn a3, sp, 640
core   0: 3 0x800092ee (0x0514) x13 0x80000280
core   0: 0x800092f0 (0x03219863) bne     gp, s2, pc + 48
core   0: 3 0x800092f0 (0x03219863)
core   0: 0x80009320 (0xd511c293) xori    t0, gp, -687
core   0: 3 0x80009320 (0xd511c293) x5  0xfffffd50
core   0: 0x80009324 (0x000055fd) c.li    a1, -1
core   0: 3 0x80009324 (0x55fd) x11 0xffffffff
core   0: 0x80009326 (0x01427133) and     sp, tp, s4
core   0: 3 0x80009326 (0x01427133) x2  0x00000000
core   0: 0x8000932a (0x00006171) c.addi16sp sp, 336
core   0: 3 0x8000932a (0x6171) x2  0x00000150
core   0: 0x8000932c (0x037c3933) mulhu   s2, s8, s7
core   0: 3 0x8000932c (0x037c3933) x18 0xffffff93
core   0: 0x80009330 (0x0345fe63) bgeu    a1, s4, pc + 60
core   0: 3 0x80009330 (0x0345fe63)
core   0: 0x8000936c (0x34006773) csrrsi  a4, mscratch, 0
core   0: 3 0x8000936c (0x34006773) x14 0x53248194
core   0: 0x80009370 (0x40538733) sub     a4, t2, t0
core   0: 3 0x80009370 (0x40538733) x14 0x000002b0
core   0: 0x80009374 (0x00008745) c.srai  a4, 17
core   0: 3 0x80009374 (0x8745) x14 0x00000000
core   0: 0x80009376 (0x0000e119) c.bnez  a0, pc + 6
core   0: 3 0x80009376 (0xe119)
core   0: 0x8000937c (0x00bf9cb3) sll     s9, t6, a1
core   0: 3 0x8000937c (0x00bf9cb3) x25 0x80000000
core   0: 0x80009380 (0x53e0f213) andi    tp, ra, 1342
core   0: 3 0x80009380 (0x53e0f213) x4  0x0000053e
core   0: 0x80009384 (0x00008d09) c.sub   a0, a0
core   0: 3 0x80009384 (0x8d09) x10 0x00000000
core   0: 0x80009386 (0x412b5593) srai    a1, s6, 18
core   0: 3 0x80009386 (0x412b5593) x11 0x00000000
core   0: 0x8000938a (0x02a9b733) mulhu   a4, s3, a0
core   0: 3 0x8000938a (0x02a9b733) x14 0x00000000
core   0: 0x8000938e (0x0172deb3) srl     t4, t0, s7
core   0: 3 0x8000938e (0x0172deb3) x29 0x00000fff
core   0: 0x80009392 (0x00008cb9) c.xor   s1, a4
core   0: 3 0x80009392 (0x8cb9) x9  0x53248194
core   0: 0x80009394 (0x03f05263) bge     zero, t6, pc + 36
core   0: 3 0x80009394 (0x03f05263)
core   0: 0x80009398 (0x00779a13) slli    s4, a5, 7
core   0: 3 0x80009398 (0x00779a13) x20 0xffff8f80
core   0: 0x8000939c (0x000089c5) c.andi  a1, 17
core   0: 3 0x8000939c (0x89c5) x11 0x00000000
core   0: 0x8000939e (0x0ff0000f) fence   iorw,iorw
core   0: 3 0x8000939e (0x0ff0000f)
core   0: 0x800093a2 (0x000004fe) c.slli  s1, 31
core   0: 3 0x800093a2 (0x04fe) x9  0x00000000
core   0: 0x800093a4 (0xed14bf13) sltiu   t5, s1, -303
core   0: 3 0x800093a4 (0xed14bf13) x30 0x00000001
core   0: 0x800093a8 (0x00000c5e) c.slli  s8, 23
core   0: 3 0x800093a8 (0x0c5e) x24 0xff800000
core   0: 0x800093aa (0x73131797) auipc   a5, 0x73131
core   0: 3 0x800093aa (0x73131797) x15 0xf313a3aa
core   0: 0x800093ae (0x64790093) addi    ra, s2, 1607
core   0: 3 0x800093ae (0x64790093) x1  0x000005da
core   0: 0x800093b2 (0x00008fed) c.and   a5, a1
core   0: 3 0x800093b2 (0x8fed) x15 0x00000000
core   0: 0x800093b4 (0x00001794) c.addi4spn a3, sp, 992
core   0: 3 0x800093b4 (0x1794) x13 0x00000530
core   0: 0x800093b6 (0x0000c589) c.beqz  a1, pc + 10
core   0: 3 0x800093b6 (0xc589)
core   0: 0x800093c0 (0x00008f1d) c.sub   a4, a5
core   0: 3 0x800093c0 (0x8f1d) x14 0x00000000
core   0: 0x800093c2 (0x038be6b3) rem     a3, s7, s8
core   0: 3 0x800093c2 (0x038be6b3) x13 0xffffff94
core   0: 0x800093c6 (0x02968f63) beq     a3, s1, pc + 62
core   0: 3 0x800093c6 (0x02968f63)
core   0: 0x800093ca (0x000086ed) c.srai  a3, 27
core   0: 3 0x800093ca (0x86ed) x13 0xffffffff
core   0: 0x800093cc (0x033a3d33) mulhu   s10, s4, s3
core   0: 3 0x800093cc (0x033a3d33) x26 0x7fffc6b1
core   0: 0x800093d0 (0x0000e309) c.bnez  a4, pc + 2
core   0: 3 0x800093d0 (0xe309)
core   0: 0x800093d2 (0xd343b093) sltiu   ra, t2, -716
core   0: 3 0x800093d2 (0xd343b093) x1  0x00000001
core   0: 0x800093d6 (0x000086cd) c.srai  a3, 19
core   0: 3 0x800093d6 (0x86cd) x13 0xffffffff
core   0: 0x800093d8 (0x00cc3933) sltu    s2, s8, a2
core   0: 3 0x800093d8 (0x00cc3933) x18 0x00000000
core   0: 0x800093dc (0x707afe97) auipc   t4, 0x707af
core   0: 3 0x800093dc (0x707afe97) x29 0xf07b83dc
core   0: 0x800093e0 (0x340965f3) csrrsi  a1, mscratch, 18
core   0: 3 0x800093e0 (0x340965f3) x11 0x53248194 c832_mscratch 0x53248196
core   0: 0x800093e4 (0x03c628b3) mulhsu  a7, a2, t3
core   0: 3 0x800093e4 (0x03c628b3) x17 0xc0001f45
core   0: 0x800093e8 (0x0146a533) slt     a0, a3, s4
core   0: 3 0x800093e8 (0x0146a533) x10 0x00000000
core   0: 0x800093ec (0x5d147fb7) lui     t6, 0x5d147
core   0: 3 0x800093ec (0x5d147fb7) x31 0x5d147000
core   0: 0x800093f0 (0x000083a5) c.srli  a5, 9
core   0: 3 0x800093f0 (0x83a5) x15 0x00000000
core   0: 0x800093f2 (0x008236b3) sltu    a3, tp, s0
core   0: 3 0x800093f2 (0x008236b3) x13 0x00000001
core   0: 0x800093f6 (0x008a6833) or      a6, s4, s0
core   0: 3 0x800093f6 (0x008a6833) x16 0xffff8f80
core   0: 0x800093fa (0x0000100f) fence.i
core   0: 3 0x800093fa (0x0000100f)
core   0: 0x800093fe (0x4052d8b3) sra     a7, t0, t0
core   0: 3 0x800093fe (0x4052d8b3) x17 0xffffffff
core   0: 0x80009402 (0x0000c501) c.beqz  a0, pc + 8
core   0: 3 0x80009402 (0xc501)
core   0: 0x8000940a (0x3aaefd93) andi    s11, t4, 938
core   0: 3 0x8000940a (0x3aaefd93) x27 0x00000388
core   0: 0x8000940e (0x00008d89) c.sub   a1, a0
core   0: 3 0x8000940e (0x8d89) x11 0x53248194
core   0: 0x80009410 (0x02af6bb3) rem     s7, t5, a0
core   0: 3 0x80009410 (0x02af6bb3) x23 0x00000001
core   0: 0x80009414 (0x01ec9363) bne     s9, t5, pc + 6
core   0: 3 0x80009414 (0x01ec9363)
core   0: 0x8000941a (0x00008489) c.srai  s1, 2
core   0: 3 0x8000941a (0x8489) x9  0x00000000
core   0: 0x8000941c (0x01a6b7b3) sltu    a5, a3, s10
core   0: 3 0x8000941c (0x01a6b7b3) x15 0x00000001
core   0: 0x80009420 (0x0000086e) c.slli  a6, 27
core   0: 3 0x80009420 (0x086e) x16 0x00000000
core   0: 0x80009422 (0x340677f3) csrrci  a5, mscratch, 12
core   0: 3 0x80009422 (0x340677f3) x15 0x53248196 c832_mscratch 0x53248192
core   0: 0x80009426 (0x2c083913) sltiu   s2, a6, 704
core   0: 3 0x80009426 (0x2c083913) x18 0x00000001
core   0: 0x8000942a (0x00000001) c.nop
core   0: 3 0x8000942a (0x0001)
core   0: 0x8000942c (0x34049873) csrrw   a6, mscratch, s1
core   0: 3 0x8000942c (0x34049873) x16 0x53248192 c832_mscratch 0x00000000
core   0: 0x80009430 (0x0158d333) srl     t1, a7, s5
core   0: 3 0x80009430 (0x0158d333) x6  0x003fffff
core   0: 0x80009434 (0x42a57a13) andi    s4, a0, 1066
core   0: 3 0x80009434 (0x42a57a13) x20 0x00000000
core   0: 0x80009438 (0x0000e78d) c.bnez  a5, pc + 42
core   0: 3 0x80009438 (0xe78d)
core   0: 0x80009462 (0x007b7d33) and     s10, s6, t2
core   0: 3 0x80009462 (0x007b7d33) x26 0x00000000
core   0: 0x80009466 (0x0000855d) c.srai  a0, 23
core   0: 3 0x80009466 (0x855d) x10 0x00000000
core   0: 0x80009468 (0x019c76b3) and     a3, s8, s9
core   0: 3 0x80009468 (0x019c76b3) x13 0x80000000
core   0: 0x8000946c (0x013e4db3) xor     s11, t3, s3
core   0: 3 0x8000946c (0x013e4db3) x27 0xfffde095
core   0: 0x80009470 (0x41df0fb3) sub     t6, t5, t4
core   0: 3 0x80009470 (0x41df0fb3) x31 0x0f847c25
core   0: 0x80009474 (0x00001d9c) c.addi4spn a5, sp, 752
core   0: 3 0x80009474 (0x1d9c) x15 0x00000440
core   0: 0x80009476 (0x34006373) csrrsi  t1, mscratch, 0
core   0: 3 0x80009476 (0x34006373) x6  0x00000000
core   0: 0x8000947a (0x00008c8d) c.sub   s1, a1
core   0: 3 0x8000947a (0x8c8d) x9  0xacdb7e6c
core   0: 0x8000947c (0x00237b33) and     s6, t1, sp
core   0: 3 0x8000947c (0x00237b33) x22 0x00000000
core   0: 0x80009480 (0x00000d7a) c.slli  s10, 30
core   0: 3 0x80009480 (0x0d7a) x26 0x00000000
core   0: 0x80009482 (0x000081cd) c.srli  a1, 19
core   0: 3 0x80009482 (0x81cd) x11 0x00000a64
core   0: 0x80009484 (0x0000485d) c.li    a6, 23
core   0: 3 0x80009484 (0x485d) x16 0x00000017
core   0: 0x80009486 (0x000098fd) c.andi  s1, -1
core   0: 3 0x80009486 (0x98fd) x9  0xacdb7e6c
core   0: 0x80009488 (0x0338a133) mulhsu  sp, a7, s3
core   0: 3 0x80009488 (0x0338a133) x2  0xffffffff
core   0: 0x8000948c (0x0000100f) fence.i
core   0: 3 0x8000948c (0x0000100f)
core   0: 0x80009490 (0xd3d93e93) sltiu   t4, s2, -707
core   0: 3 0x80009490 (0xd3d93e93) x29 0x00000001
core   0: 0x80009494 (0x015d21b3) slt     gp, s10, s5
core   0: 3 0x80009494 (0x015d21b3) x3  0x00000001
core   0: 0x80009498 (0x01f2de63) bge     t0, t6, pc + 28
core   0: 3 0x80009498 (0x01f2de63)
core   0: 0x8000949c (0x03909333) mulh    t1, ra, s9
core   0: 3 0x8000949c (0x03909333) x6  0xffffffff
core   0: 0x800094a0 (0x00009352) c.add   t1, s4
core   0: 3 0x800094a0 (0x9352) x6  0xffffffff
core   0: 0x800094a2 (0x00387363) bgeu    a6, gp, pc + 6
core   0: 3 0x800094a2 (0x00387363)
core   0: 0x800094a8 (0x062ab513) sltiu   a0, s5, 98
core   0: 3 0x800094a8 (0x062ab513) x10 0x00000001
core   0: 0x800094ac (0x00008f55) c.or    a4, a3
core   0: 3 0x800094ac (0x8f55) x14 0x80000000
core   0: 0x800094ae (0x00009fae) c.add   t6, a1
core   0: 3 0x800094ae (0x9fae) x31 0x0f848689
core   0: 0x800094b0 (0x03938f33) mul     t5, t2, s9
core   0: 3 0x800094b0 (0x03938f33) x30 0x00000000
core   0: 0x800094b4 (0x00008595) c.srai  a1, 5
core   0: 3 0x800094b4 (0x8595) x11 0x00000053
core   0: 0x800094b6 (0x31ea2a13) slti    s4, s4, 798
core   0: 3 0x800094b6 (0x31ea2a13) x20 0x00000001
core   0: 0x800094ba (0x000084e5) c.srai  s1, 25
core   0: 3 0x800094ba (0x84e5) x9  0xffffffd6
core   0: 0x800094bc (0x0003c533) xor     a0, t2, zero
core   0: 3 0x800094bc (0x0003c533) x10 0x00000000
core   0: 0x800094c0 (0x34079b73) csrrw   s6, mscratch, a5
core   0: 3 0x800094c0 (0x34079b73) x22 0x00000000 c832_mscratch 0x00000440
core   0: 0x800094c4 (0x011b9033) sll     zero, s7, a7
core   0: 3 0x800094c4 (0x011b9033)
core   0: 0x800094c8 (0x356f4493) xori    s1, t5, 854
core   0: 3 0x800094c8 (0x356f4493) x9  0x00000356
core   0: 0x800094cc (0x00008a85) c.andi  a3, 1
core   0: 3 0x800094cc (0x8a85) x13 0x00000000
core   0: 0x800094ce (0x0370d533) divu    a0, ra, s7
core   0: 3 0x800094ce (0x0370d533) x10 0x00000001
core   0: 0x800094d2 (0x029a5363) bge     s4, s1, pc + 38
core   0: 3 0x800094d2 (0x029a5363)
core   0: 0x800094d6 (0x00621263) bne     tp, t1, pc + 4
core   0: 3 0x800094d6 (0x00621263)
core   0: 0x800094da (0x01713333) sltu    t1, sp, s7
core   0: 3 0x800094da (0x01713333) x6  0x00000000
core   0: 0x800094de (0xfef32293) slti    t0, t1, -17
core   0: 3 0x800094de (0xfef32293) x5  0x00000000
core   0: 0x800094e2 (0xa371e913) ori     s2, gp, -1481
core   0: 3 0x800094e2 (0xa371e913) x18 0xfffffa37
core   0: 0x800094e6 (0x00000914) c.addi4spn a3, sp, 144
core   0: 3 0x800094e6 (0x0914) x13 0x0000008f
core   0: 0x800094e8 (0x0000837d) c.srli  a4, 31
core   0: 3 0x800094e8 (0x837d) x14 0x00000001
core   0: 0x800094ea (0x80c0e793) ori     a5, ra, -2036
core   0: 3 0x800094ea (0x80c0e793) x15 0xfffff80d
core   0: 0x800094ee (0x00008f09) c.sub   a4, a0
core   0: 3 0x800094ee (0x8f09) x14 0x00000000
core   0: 0x800094f0 (0x000086d5) c.srai  a3, 21
core   0: 3 0x800094f0 (0x86d5) x13 0x00000000
core   0: 0x800094f2 (0x00000001) c.nop
core   0: 3 0x800094f2 (0x0001)
core   0: 0x800094f4 (0x99b8bb93) sltiu   s7, a7, -1637
core   0: 3 0x800094f4 (0x99b8bb93) x23 0x00000000
core   0: 0x800094f8 (0x006898b3) sll     a7, a7, t1
core   0: 3 0x800094f8 (0x006898b3) x17 0xffffffff
core   0: 0x800094fc (0x00bd39b3) sltu    s3, s10, a1
core   0: 3 0x800094fc (0x00bd39b3) x19 0x00000001
core   0: 0x80009500 (0x00008131) c.srli  a0, 12
core   0: 3 0x80009500 (0x8131) x10 0x00000000
core   0: 0x80009502 (0x03de1563) bne     t3, t4, pc + 42
core   0: 3 0x80009502 (0x03de1563)
core   0: 0x8000952c (0x00008f39) c.xor   a4, a4
core   0: 3 0x8000952c (0x8f39) x14 0x00000000
core   0: 0x8000952e (0x016fd313) srli    t1, t6, 22
core   0: 3 0x8000952e (0x016fd313) x6  0x0000003e
core   0: 0x80009532 (0x02a33b33) mulhu   s6, t1, a0
core   0: 3 0x80009532 (0x02a33b33) x22 0x00000000
core   0: 0x80009536 (0x3404d873) csrrwi  a6, mscratch, 9
core   0: 3 0x80009536 (0x3404d873) x16 0x00000440 c832_mscratch 0x00000009
core   0: 0x8000953a (0x04c0c363) blt     ra, a2, pc + 70
core   0: 3 0x8000953a (0x04c0c363)
core   0: 0x8000953e (0x0204ba33) mulhu   s4, s1, zero
core   0: 3 0x8000953e (0x0204ba33) x20 0x00000000
core   0: 0x80009542 (0x0ff0000f) fence   iorw,iorw
core   0: 3 0x80009542 (0x0ff0000f)
core   0: 0x80009546 (0x033fe933) rem     s2, t6, s3
core   0: 3 0x80009546 (0x033fe933) x18 0x00000000
core   0: 0x8000954a (0x00008f45) c.or    a4, s1
core   0: 3 0x8000954a (0x8f45) x14 0x00000356
core   0: 0x8000954c (0x00009bfd) c.andi  a5, -1
core   0: 3 0x8000954c (0x9bfd) x15 0xfffff80d
core   0: 0x8000954e (0x56ac0913) addi    s2, s8, 1386
core   0: 3 0x8000954e (0x56ac0913) x18 0xff80056a
core   0: 0x80009552 (0x00f75113) srli    sp, a4, 15
core   0: 3 0x80009552 (0x00f75113) x2  0x00000000
core   0: 0x80009556 (0x002229b7) lui     s3, 0x222
core   0: 3 0x80009556 (0x002229b7) x19 0x00222000
core   0: 0x8000955a (0x340e7373) csrrci  t1, mscratch, 28
core   0: 3 0x8000955a (0x340e7373) x6  0x00000009 c832_mscratch 0x00000001
core   0: 0x8000955e (0x34031b73) csrrw   s6, mscratch, t1
core   0: 3 0x8000955e (0x34031b73) x22 0x00000001 c832_mscratch 0x00000009
core   0: 0x80009562 (0x0281b333) mulhu   t1, gp, s0
core   0: 3 0x80009562 (0x0281b333) x6  0x00000000
core   0: 0x80009566 (0x01ad8533) add     a0, s11, s10
core   0: 3 0x80009566 (0x01ad8533) x10 0xfffde095
core   0: 0x8000956a (0x01a38b63) beq     t2, s10, pc + 22
core   0: 3 0x8000956a (0x01a38b63)
core   0: 0x80009580 (0x01a0a8b3) slt     a7, ra, s10
core   0: 3 0x80009580 (0x01a0a8b3) x17 0x00000000
core   0: 0x80009584 (0x340dadf3) csrrs   s11, mscratch, s11
core   0: 3 0x80009584 (0x340dadf3) x27 0x00000009 c832_mscratch 0xfffde09d
core   0: 0x80009588 (0x0096eeb3) or      t4, a3, s1
core   0: 3 0x80009588 (0x0096eeb3) x29 0x00000356
core   0: 0x8000958c (0x0000100f) fence.i
core   0: 3 0x8000958c (0x0000100f)
core   0: 0x80009590 (0x00008dd1) c.or    a1, a2
core   0: 3 0x80009590 (0x8dd1) x11 0x80025cf7
core   0: 0x80009592 (0x00008d89) c.sub   a1, a0
core   0: 3 0x80009592 (0x8d89) x11 0x80047c62
core   0: 0x80009594 (0x00008ea1) c.xor   a3, s0
core   0: 3 0x80009594 (0x8ea1) x13 0x80000000
core   0: 0x80009596 (0x0000994a) c.add   s2, s2
core   0: 3 0x80009596 (0x994a) x18 0xff000ad4
core   0: 0x80009598 (0x00a91c93) slli    s9, s2, 10
core   0: 3 0x80009598 (0x00a91c93) x25 0x002b5000
core   0: 0x8000959c (0x00008f0d) c.sub   a4, a1
core   0: 3 0x8000959c (0x8f0d) x14 0x7ffb86f4
core   0: 0x8000959e (0x01d48133) add     sp, s1, t4
core   0: 3 0x8000959e (0x01d48133) x2  0x000006ac
core   0: 0x800095a2 (0x00008589) c.srai  a1, 2
core   0: 3 0x800095a2 (0x8589) x11 0xe0011f18
core   0: 0x800095a4 (0x00e36363) bltu    t1, a4, pc + 6
core   0: 3 0x800095a4 (0x00e36363)
core   0: 0x800095aa (0x000091d6) c.add   gp, s5
core   0: 3 0x800095aa (0x91d6) x3  0x0000000b
core   0: 0x800095ac (0x00008dad) c.xor   a1, a1
core   0: 3 0x800095ac (0x8dad) x11 0x00000000
core   0: 0x800095ae (0x007d37b3) sltu    a5, s10, t2
core   0: 3 0x800095ae (0x007d37b3) x15 0x00000000
core   0: 0x800095b2 (0x34006773) csrrsi  a4, mscratch, 0
core   0: 3 0x800095b2 (0x34006773) x14 0xfffde09d
core   0: 0x800095b6 (0x00005a7d) c.li    s4, -1
core   0: 3 0x800095b6 (0x5a7d) x20 0xffffffff
core   0: 0x800095b8 (0x412cd813) srai    a6, s9, 18
core   0: 3 0x800095b8 (0x412cd813) x16 0x0000000a
core   0: 0x800095bc (0xb1970f93) addi    t6, a4, -1255
core   0: 3 0x800095bc (0xb1970f93) x31 0xfffddbb6
core   0: 0x800095c0 (0x0000616d) c.addi16sp sp, 240
core   0: 3 0x800095c0 (0x616d) x2  0x0000079c
core   0: 0x800095c2 (0x00000001) c.nop
core   0: 3 0x800095c2 (0x0001)
core   0: 0x800095c4 (0x00d939b3) sltu    s3, s2, a3
core   0: 3 0x800095c4 (0x00d939b3) x19 0x00000000
core   0: 0x800095c8 (0x00000001) c.nop
core   0: 3 0x800095c8 (0x0001)
core   0: 0x800095ca (0x00008806) c.mv    a6, ra
core   0: 3 0x800095ca (0x8806) x16 0x00000001
core   0: 0x800095cc (0x413b02b3) sub     t0, s6, s3
core   0: 3 0x800095cc (0x413b02b3) x5  0x00000001
core   0: 0x800095d0 (0x340113f3) csrrw   t2, mscratch, sp
core   0: 3 0x800095d0 (0x340113f3) x7  0xfffde09d c832_mscratch 0x0000079c
core   0: 0x800095d4 (0x02cd3d33) mulhu   s10, s10, a2
core   0: 3 0x800095d4 (0x02cd3d33) x26 0x00000000
core   0: 0x800095d8 (0xbc4a0993) addi    s3, s4, -1084
core   0: 3 0x800095d8 (0xbc4a0993) x19 0xfffffbc3
core   0: 0x800095dc (0x00006251) c.lui   tp, 0x14
core   0: 3 0x800095dc (0x6251) x4  0x00014000
core   0: 0x800095de (0x34065a73) csrrwi  s4, mscratch, 12
core   0: 3 0x800095de (0x34065a73) x20 0x0000079c c832_mscratch 0x0000000c
core   0: 0x800095e2 (0x01050d63) beq     a0, a6, pc + 26
core   0: 3 0x800095e2 (0x01050d63)
core   0: 0x800095e6 (0x01cf3eb3) sltu    t4, t5, t3
core   0: 3 0x800095e6 (0x01cf3eb3) x29 0x00000001
core   0: 0x800095ea (0x0ff0000f) fence   iorw,iorw
core   0: 3 0x800095ea (0x0ff0000f)
core   0: 0x800095ee (0x00519693) slli    a3, gp, 5
core   0: 3 0x800095ee (0x00519693) x13 0x00000160
core   0: 0x800095f2 (0x00008f1d) c.sub   a4, a5
core   0: 3 0x800095f2 (0x8f1d) x14 0xfffde09d
core   0: 0x800095f4 (0x00bd8fb3) add     t6, s11, a1
core   0: 3 0x800095f4 (0x00bd8fb3) x31 0x00000009
core   0: 0x800095f8 (0x030342b3) div     t0, t1, a6
core   0: 3 0x800095f8 (0x030342b3) x5  0x00000000
core   0: 0x800095fc (0x00000001) c.nop
core   0: 3 0x800095fc (0x0001)
core   0: 0x800095fe (0x02b17933) remu    s2, sp, a1
core   0: 3 0x800095fe (0x02b17933) x18 0x0000079c
core   0: 0x80009602 (0x0085d493) srli    s1, a1, 8
core   0: 3 0x80009602 (0x0085d493) x9  0x00000000
core   0: 0x80009606 (0x34025273) csrrwi  tp, mscratch, 4
core   0: 3 0x80009606 (0x34025273) x4  0x0000000c c832_mscratch 0x00000004
core   0: 0x8000960a (0x00008fe9) c.and   a5, a0
core   0: 3 0x8000960a (0x8fe9) x15 0x00000000
core   0: 0x8000960c (0x000081b1) c.srli  a1, 12
core   0: 3 0x8000960c (0x81b1) x11 0x00000000
core   0: 0x8000960e (0x00000f8e) c.slli  t6, 3
core   0: 3 0x8000960e (0x0f8e) x31 0x00000048
core   0: 0x80009610 (0x02949533) mulh    a0, s1, s1
core   0: 3 0x80009610 (0x02949533) x10 0x00000000
core   0: 0x80009614 (0x00008189) c.srli  a1, 2
core   0: 3 0x80009614 (0x8189) x11 0x00000000
core   0: 0x80009616 (0x00008f4d) c.or    a4, a1
core   0: 3 0x80009616 (0x8f4d) x14 0xfffde09d
core   0: 0x80009618 (0x0000100f) fence.i
core   0: 3 0x80009618 (0x0000100f)
core   0: 0x8000961c (0x0304c7b3) div     a5, s1, a6
core   0: 3 0x8000961c (0x0304c7b3) x15 0x00000000
core   0: 0x80009620 (0x00008fd5) c.or    a5, a3
core   0: 3 0x80009620 (0x8fd5) x15 0x00000160
core   0: 0x80009622 (0x009e1363) bne     t3, s1, pc + 6
core   0: 3 0x80009622 (0x009e1363)
core   0: 0x80009628 (0x008d60b3) or      ra, s10, s0
core   0: 3 0x80009628 (0x008d60b3) x1  0x80000000
core   0: 0x8000962c (0x865daf13) slti    t5, s11, -1947
core   0: 3 0x8000962c (0x865daf13) x30 0x00000000
core   0: 0x80009630 (0x00004d4d) c.li    s10, 19
core   0: 3 0x80009630 (0x4d4d) x26 0x00000013
core   0: 0x80009632 (0x00000f08) c.addi4spn a0, sp, 912
core   0: 3 0x80009632 (0x0f08) x10 0x00000b2c
core   0: 0x80009634 (0x00000001) c.nop
core   0: 3 0x80009634 (0x0001)
core   0: 0x80009636 (0x4098d193) srai    gp, a7, 9
core   0: 3 0x80009636 (0x4098d193) x3  0x00000000
core   0: 0x8000963a (0x34006df3) csrrsi  s11, mscratch, 0
core   0: 3 0x8000963a (0x34006df3) x27 0x00000004
core   0: 0x8000963e (0x0308d163) bge     a7, a6, pc + 34
core   0: 3 0x8000963e (0x0308d163)
core   0: 0x80009642 (0x005be6b3) or      a3, s7, t0
core   0: 3 0x80009642 (0x005be6b3) x13 0x00000000
core   0: 0x80009646 (0x8cfb8eb7) lui     t4, 0x8cfb8
core   0: 3 0x80009646 (0x8cfb8eb7) x29 0x8cfb8000
core   0: 0x8000964a (0x029755b3) divu    a1, a4, s1
core   0: 3 0x8000964a (0x029755b3) x11 0xffffffff
core   0: 0x8000964e (0x03d33133) mulhu   sp, t1, t4
core   0: 3 0x8000964e (0x03d33133) x2  0x00000000
core   0: 0x80009652 (0x00008169) c.srli  a0, 26
core   0: 3 0x80009652 (0x8169) x10 0x00000000
core   0: 0x80009654 (0x3402d073) csrwi   mscratch, 5
core   0: 3 0x80009654 (0x3402d073) c832_mscratch 0x00000005
core   0: 0x80009658 (0x00d15b93) srli    s7, sp, 13
core   0: 3 0x80009658 (0x00d15b93) x23 0x00000000
core   0: 0x8000965c (0x3403a573) csrrs   a0, mscratch, t2
core   0: 3 0x8000965c (0x3403a573) x10 0x00000005 c832_mscratch 0xfffde09d
core   0: 0x80009660 (0x000003f9) c.addi  t2, 30
core   0: 3 0x80009660 (0x03f9) x7  0xfffde0bb
core   0: 0x80009662 (0x0007f663) bgeu    a5, zero, pc + 12
core   0: 3 0x80009662 (0x0007f663)
core   0: 0x8000966e (0x01a04233) xor     tp, zero, s10
core   0: 3 0x8000966e (0x01a04233) x4  0x00000013
core   0: 0x80009672 (0x00c86733) or      a4, a6, a2
core   0: 3 0x80009672 (0x00c86733) x14 0x80025ce5
core   0: 0x80009676 (0x03b33ab3) mulhu   s5, t1, s11
core   0: 3 0x80009676 (0x03b33ab3) x21 0x00000000
core   0: 0x8000967a (0x004d0033) add     zero, s10, tp
core   0: 3 0x8000967a (0x004d0033)
core   0: 0x8000967e (0x40d75013) srai    zero, a4, 13
core   0: 3 0x8000967e (0x40d75013)
core   0: 0x80009682 (0x77f7c113) xori    sp, a5, 1919
core   0: 3 0x80009682 (0x77f7c113) x2  0x0000061f
core   0: 0x80009686 (0xe22d0693) addi    a3, s10, -478
core   0: 3 0x80009686 (0xe22d0693) x13 0xfffffe35
core   0: 0x8000968a (0x00000001) c.nop
core   0: 3 0x8000968a (0x0001)
core   0: 0x8000968c (0x02f9bb13) sltiu   s6, s3, 47
core   0: 3 0x8000968c (0x02f9bb13) x22 0x00000000
core   0: 0x80009690 (0x00af1713) slli    a4, t5, 10
core   0: 3 0x80009690 (0x00af1713) x14 0x00000000
core   0: 0x80009694 (0x00000136) c.slli  sp, 13
core   0: 3 0x80009694 (0x0136) x2  0x00c3e000
core   0: 0x80009696 (0x00b65263) bge     a2, a1, pc + 4
core   0: 3 0x80009696 (0x00b65263)
core   0: 0x8000969a (0x340d1573) csrrw   a0, mscratch, s10
core   0: 3 0x8000969a (0x340d1573) x10 0xfffde09d c832_mscratch 0x00000013
core   0: 0x8000969e (0xffff7417) auipc   s0, 0xffff7
core   0: 3 0x8000969e (0xffff7417) x8  0x8000069e
core   0: 0x800096a2 (0xcc040413) addi    s0, s0, -832
core   0: 3 0x800096a2 (0xcc040413) x8  0x8000035e
core   0: 0x800096a6 (0x00040067) jr      s0
core   0: 3 0x800096a6 (0x00040067)
core   0: 0x8000035e (0x90000cb7) lui     s9, 0x90000
core   0: 3 0x8000035e (0x90000cb7) x25 0x90000000
core   0: 0x80000362 (0x00001ce1) c.addi  s9, -8
core   0: 3 0x80000362 (0x1ce1) x25 0x8ffffff8
core   0: 0x80000364 (0x00004381) c.li    t2, 0
core   0: 3 0x80000364 (0x4381) x7  0x00000000
core   0: 0x80000366 (0x000003a2) c.slli  t2, 8
core   0: 3 0x80000366 (0x03a2) x7  0x00000000
core   0: 0x80000368 (0x00000385) c.addi  t2, 1
core   0: 3 0x80000368 (0x0385) x7  0x00000001
core   0: 0x8000036a (0x007ca023) sw      t2, 0(s9)
core   0: 3 0x8000036a (0x007ca023) mem 0x8ffffff8 0x00000001
core   0: 0x8000036e (0x00000073) ecall
core   0: exception trap_machine_ecall, epc 0x8000036e
core   0: 0x80002700 (0x0800006f) j       pc + 0x80
core   0: 3 0x80002700 (0x0800006f)
core   0: 0x80002780 (0x00001671) c.addi  a2, -4
core   0: 3 0x80002780 (0x1671) x12 0x80025ce0
core   0: 0x80002782 (0x01c62023) sw      t3, 0(a2)
core   0: 3 0x80002782 (0x01c62023) mem 0x80025ce0 0x80021e64
core   0: 0x80002786 (0x00060e33) add     t3, a2, zero
core   0: 3 0x80002786 (0x00060e33) x28 0x80025ce0
core   0: 0x8000278a (0xf80e0e13) addi    t3, t3, -128
core   0: 3 0x8000278a (0xf80e0e13) x28 0x80025c60
core   0: 0x8000278e (0x001e2223) sw      ra, 4(t3)
core   0: 3 0x8000278e (0x001e2223) mem 0x80025c64 0x80000000
core   0: 0x80002792 (0x002e2423) sw      sp, 8(t3)
core   0: 3 0x80002792 (0x002e2423) mem 0x80025c68 0x00c3e000
core   0: 0x80002796 (0x003e2623) sw      gp, 12(t3)
core   0: 3 0x80002796 (0x003e2623) mem 0x80025c6c 0x00000000
core   0: 0x8000279a (0x004e2823) sw      tp, 16(t3)
core   0: 3 0x8000279a (0x004e2823) mem 0x80025c70 0x00000013
core   0: 0x8000279e (0x005e2a23) sw      t0, 20(t3)
core   0: 3 0x8000279e (0x005e2a23) mem 0x80025c74 0x00000000
core   0: 0x800027a2 (0x006e2c23) sw      t1, 24(t3)
core   0: 3 0x800027a2 (0x006e2c23) mem 0x80025c78 0x00000000
core   0: 0x800027a6 (0x007e2e23) sw      t2, 28(t3)
core   0: 3 0x800027a6 (0x007e2e23) mem 0x80025c7c 0x00000001
core   0: 0x800027aa (0x028e2023) sw      s0, 32(t3)
core   0: 3 0x800027aa (0x028e2023) mem 0x80025c80 0x8000035e
core   0: 0x800027ae (0x029e2223) sw      s1, 36(t3)
core   0: 3 0x800027ae (0x029e2223) mem 0x80025c84 0x00000000
core   0: 0x800027b2 (0x02ae2423) sw      a0, 40(t3)
core   0: 3 0x800027b2 (0x02ae2423) mem 0x80025c88 0xfffde09d
core   0: 0x800027b6 (0x02be2623) sw      a1, 44(t3)
core   0: 3 0x800027b6 (0x02be2623) mem 0x80025c8c 0xffffffff
core   0: 0x800027ba (0x02ce2823) sw      a2, 48(t3)
core   0: 3 0x800027ba (0x02ce2823) mem 0x80025c90 0x80025ce0
core   0: 0x800027be (0x02de2a23) sw      a3, 52(t3)
core   0: 3 0x800027be (0x02de2a23) mem 0x80025c94 0xfffffe35
core   0: 0x800027c2 (0x02ee2c23) sw      a4, 56(t3)
core   0: 3 0x800027c2 (0x02ee2c23) mem 0x80025c98 0x00000000
core   0: 0x800027c6 (0x02fe2e23) sw      a5, 60(t3)
core   0: 3 0x800027c6 (0x02fe2e23) mem 0x80025c9c 0x00000160
core   0: 0x800027ca (0x050e2023) sw      a6, 64(t3)
core   0: 3 0x800027ca (0x050e2023) mem 0x80025ca0 0x00000001
core   0: 0x800027ce (0x051e2223) sw      a7, 68(t3)
core   0: 3 0x800027ce (0x051e2223) mem 0x80025ca4 0x00000000
core   0: 0x800027d2 (0x052e2423) sw      s2, 72(t3)
core   0: 3 0x800027d2 (0x052e2423) mem 0x80025ca8 0x0000079c
core   0: 0x800027d6 (0x053e2623) sw      s3, 76(t3)
core   0: 3 0x800027d6 (0x053e2623) mem 0x80025cac 0xfffffbc3
core   0: 0x800027da (0x054e2823) sw      s4, 80(t3)
core   0: 3 0x800027da (0x054e2823) mem 0x80025cb0 0x0000079c
core   0: 0x800027de (0x055e2a23) sw      s5, 84(t3)
core   0: 3 0x800027de (0x055e2a23) mem 0x80025cb4 0x00000000
core   0: 0x800027e2 (0x056e2c23) sw      s6, 88(t3)
core   0: 3 0x800027e2 (0x056e2c23) mem 0x80025cb8 0x00000000
core   0: 0x800027e6 (0x057e2e23) sw      s7, 92(t3)
core   0: 3 0x800027e6 (0x057e2e23) mem 0x80025cbc 0x00000000
core   0: 0x800027ea (0x078e2023) sw      s8, 96(t3)
core   0: 3 0x800027ea (0x078e2023) mem 0x80025cc0 0xff800000
core   0: 0x800027ee (0x079e2223) sw      s9, 100(t3)
core   0: 3 0x800027ee (0x079e2223) mem 0x80025cc4 0x8ffffff8
core   0: 0x800027f2 (0x07ae2423) sw      s10, 104(t3)
core   0: 3 0x800027f2 (0x07ae2423) mem 0x80025cc8 0x00000013
core   0: 0x800027f6 (0x07be2623) sw      s11, 108(t3)
core   0: 3 0x800027f6 (0x07be2623) mem 0x80025ccc 0x00000004
core   0: 0x800027fa (0x07ce2823) sw      t3, 112(t3)
core   0: 3 0x800027fa (0x07ce2823) mem 0x80025cd0 0x80025c60
core   0: 0x800027fe (0x07de2a23) sw      t4, 116(t3)
core   0: 3 0x800027fe (0x07de2a23) mem 0x80025cd4 0x8cfb8000
core   0: 0x80002802 (0x07ee2c23) sw      t5, 120(t3)
core   0: 3 0x80002802 (0x07ee2c23) mem 0x80025cd8 0x00000000
core   0: 0x80002806 (0x07fe2e23) sw      t6, 124(t3)
core   0: 3 0x80002806 (0x07fe2e23) mem 0x80025cdc 0x00000048
core   0: 0x8000280a (0x000e0633) add     a2, t3, zero
core   0: 3 0x8000280a (0x000e0633) x12 0x80025c60
core   0: 0x8000280e (0x90000cb7) lui     s9, 0x90000
core   0: 3 0x8000280e (0x90000cb7) x25 0x90000000
core   0: 0x80002812 (0x00001cf1) c.addi  s9, -4
core   0: 3 0x80002812 (0x1cf1) x25 0x8ffffffc
core   0: 0x80002814 (0x000043a1) c.li    t2, 8
core   0: 3 0x80002814 (0x43a1) x7  0x00000008
core   0: 0x80002816 (0x000003a2) c.slli  t2, 8
core   0: 3 0x80002816 (0x03a2) x7  0x00000800
core   0: 0x80002818 (0x00038393) mv      t2, t2
core   0: 3 0x80002818 (0x00038393) x7  0x00000800
core   0: 0x8000281c (0x007ca023) sw      t2, 0(s9)
core   0: 3 0x8000281c (0x007ca023) mem 0x8ffffffc 0x00000800
core   0: 0x80002820 (0x341023f3) csrr    t2, mepc
core   0: 3 0x80002820 (0x341023f3) x7  0x8000036e
core   0: 0x80002824 (0x342023f3) csrr    t2, mcause
core   0: 3 0x80002824 (0x342023f3) x7  0x0000000b
core   0: 0x80002828 (0x00004c8d) c.li    s9, 3
core   0: 3 0x80002828 (0x4c8d) x25 0x00000003
core   0: 0x8000282a (0x01939463) bne     t2, s9, pc + 8
core   0: 3 0x8000282a (0x01939463)
core   0: 0x80002832 (0x00004ca1) c.li    s9, 8
core   0: 3 0x80002832 (0x4ca1) x25 0x00000008
core   0: 0x80002834 (0x05938d63) beq     t2, s9, pc + 90
core   0: 3 0x80002834 (0x05938d63)
core   0: 0x80002838 (0x00004ca5) c.li    s9, 9
core   0: 3 0x80002838 (0x4ca5) x25 0x00000009
core   0: 0x8000283a (0x05938a63) beq     t2, s9, pc + 84
core   0: 3 0x8000283a (0x05938a63)
core   0: 0x8000283e (0x00004cad) c.li    s9, 11
core   0: 3 0x8000283e (0x4cad) x25 0x0000000b
core   0: 0x80002840 (0x05938763) beq     t2, s9, pc + 78
core   0: 3 0x80002840 (0x05938763)
core   0: 0x8000288e (0x90000cb7) lui     s9, 0x90000
core   0: 3 0x8000288e (0x90000cb7) x25 0x90000000
core   0: 0x80002892 (0x00001cf1) c.addi  s9, -4
core   0: 3 0x80002892 (0x1cf1) x25 0x8ffffffc
core   0: 0x80002894 (0x00006385) c.lui   t2, 0x1
core   0: 3 0x80002894 (0x6385) x7  0x00001000
core   0: 0x80002896 (0xb0038393) addi    t2, t2, -1280
core   0: 3 0x80002896 (0xb0038393) x7  0x00000b00
core   0: 0x8000289a (0x000003a2) c.slli  t2, 8
core   0: 3 0x8000289a (0x03a2) x7  0x000b0000
core   0: 0x8000289c (0x0000038d) c.addi  t2, 3
core   0: 3 0x8000289c (0x038d) x7  0x000b0003
core   0: 0x8000289e (0x007ca023) sw      t2, 0(s9)
core   0: 3 0x8000289e (0x007ca023) mem 0x8ffffffc 0x000b0003
core   0: 0x800028a2 (0xb00023f3) csrr    t2, mcycle
core   0: 3 0x800028a2 (0xb00023f3) x7  0x00010603
core   0: 0x800028a6 (0x007ca023) sw      t2, 0(s9)
core   0: 3 0x800028a6 (0x007ca023) mem 0x8ffffffc 0x00010603
core   0: 0x800028aa (0x90000cb7) lui     s9, 0x90000
core   0: 3 0x800028aa (0x90000cb7) x25 0x90000000
core   0: 0x800028ae (0x00001cf1) c.addi  s9, -4
core   0: 3 0x800028ae (0x1cf1) x25 0x8ffffffc
core   0: 0x800028b0 (0x00006385) c.lui   t2, 0x1
core   0: 3 0x800028b0 (0x6385) x7  0x00001000
core   0: 0x800028b2 (0xb8038393) addi    t2, t2, -1152
core   0: 3 0x800028b2 (0xb8038393) x7  0x00000b80
core   0: 0x800028b6 (0x000003a2) c.slli  t2, 8
core   0: 3 0x800028b6 (0x03a2) x7  0x000b8000
core   0: 0x800028b8 (0x0000038d) c.addi  t2, 3
core   0: 3 0x800028b8 (0x038d) x7  0x000b8003
core   0: 0x800028ba (0x007ca023) sw      t2, 0(s9)
core   0: 3 0x800028ba (0x007ca023) mem 0x8ffffffc 0x000b8003
core   0: 0x800028be (0xb80023f3) csrr    t2, mcycleh
core   0: 3 0x800028be (0xb80023f3) x7  0x00000000
core   0: 0x800028c2 (0x007ca023) sw      t2, 0(s9)
core   0: 3 0x800028c2 (0x007ca023) mem 0x8ffffffc 0x00000000
core   0: 0x800028c6 (0x90000cb7) lui     s9, 0x90000
core   0: 3 0x800028c6 (0x90000cb7) x25 0x90000000
core   0: 0x800028ca (0x00001cf1) c.addi  s9, -4
core   0: 3 0x800028ca (0x1cf1) x25 0x8ffffffc
core   0: 0x800028cc (0x00006385) c.lui   t2, 0x1
core   0: 3 0x800028cc (0x6385) x7  0x00001000
core   0: 0x800028ce (0xb0338393) addi    t2, t2, -1277
core   0: 3 0x800028ce (0xb0338393) x7  0x00000b03
core   0: 0x800028d2 (0x000003a2) c.slli  t2, 8
core   0: 3 0x800028d2 (0x03a2) x7  0x000b0300
core   0: 0x800028d4 (0x0000038d) c.addi  t2, 3
core   0: 3 0x800028d4 (0x038d) x7  0x000b0303
core   0: 0x800028d6 (0x007ca023) sw      t2, 0(s9)
core   0: 3 0x800028d6 (0x007ca023) mem 0x8ffffffc 0x000b0303
core   0: 0x800028da (0xb03023f3) csrr    t2, mhpmcounter3
core   0: 3 0x800028da (0xb03023f3) x7  0x0000007e
core   0: 0x800028de (0x007ca023) sw      t2, 0(s9)
core   0: 3 0x800028de (0x007ca023) mem 0x8ffffffc 0x0000007e
core   0: 0x800028e2 (0x90000cb7) lui     s9, 0x90000
core   0: 3 0x800028e2 (0x90000cb7) x25 0x90000000
core   0: 0x800028e6 (0x00001cf1) c.addi  s9, -4
core   0: 3 0x800028e6 (0x1cf1) x25 0x8ffffffc
core   0: 0x800028e8 (0x00006385) c.lui   t2, 0x1
core   0: 3 0x800028e8 (0x6385) x7  0x00001000
core   0: 0x800028ea (0xb8338393) addi    t2, t2, -1149
core   0: 3 0x800028ea (0xb8338393) x7  0x00000b83
core   0: 0x800028ee (0x000003a2) c.slli  t2, 8
core   0: 3 0x800028ee (0x03a2) x7  0x000b8300
core   0: 0x800028f0 (0x0000038d) c.addi  t2, 3
core   0: 3 0x800028f0 (0x038d) x7  0x000b8303
core   0: 0x800028f2 (0x007ca023) sw      t2, 0(s9)
core   0: 3 0x800028f2 (0x007ca023) mem 0x8ffffffc 0x000b8303
core   0: 0x800028f6 (0xb83023f3) csrr    t2, mhpmcounter3h
core   0: 3 0x800028f6 (0xb83023f3) x7  0x00000000
core   0: 0x800028fa (0x007ca023) sw      t2, 0(s9)
core   0: 3 0x800028fa (0x007ca023) mem 0x8ffffffc 0x00000000
core   0: 0x800028fe (0x90000cb7) lui     s9, 0x90000
core   0: 3 0x800028fe (0x90000cb7) x25 0x90000000
core   0: 0x80002902 (0x00001cf1) c.addi  s9, -4
core   0: 3 0x80002902 (0x1cf1) x25 0x8ffffffc
core   0: 0x80002904 (0x00006385) c.lui   t2, 0x1
core   0: 3 0x80002904 (0x6385) x7  0x00001000
core   0: 0x80002906 (0xb0438393) addi    t2, t2, -1276
core   0: 3 0x80002906 (0xb0438393) x7  0x00000b04
core   0: 0x8000290a (0x000003a2) c.slli  t2, 8
core   0: 3 0x8000290a (0x03a2) x7  0x000b0400
core   0: 0x8000290c (0x0000038d) c.addi  t2, 3
core   0: 3 0x8000290c (0x038d) x7  0x000b0403
core   0: 0x8000290e (0x007ca023) sw      t2, 0(s9)
core   0: 3 0x8000290e (0x007ca023) mem 0x8ffffffc 0x000b0403
core   0: 0x80002912 (0xb04023f3) csrr    t2, mhpmcounter4
core   0: 3 0x80002912 (0xb04023f3) x7  0x00007bec
core   0: 0x80002916 (0x007ca023) sw      t2, 0(s9)
core   0: 3 0x80002916 (0x007ca023) mem 0x8ffffffc 0x00007bec
core   0: 0x8000291a (0x90000cb7) lui     s9, 0x90000
core   0: 3 0x8000291a (0x90000cb7) x25 0x90000000
core   0: 0x8000291e (0x00001cf1) c.addi  s9, -4
core   0: 3 0x8000291e (0x1cf1) x25 0x8ffffffc
core   0: 0x80002920 (0x00006385) c.lui   t2, 0x1
core   0: 3 0x80002920 (0x6385) x7  0x00001000
core   0: 0x80002922 (0xb8438393) addi    t2, t2, -1148
core   0: 3 0x80002922 (0xb8438393) x7  0x00000b84
core   0: 0x80002926 (0x000003a2) c.slli  t2, 8
core   0: 3 0x80002926 (0x03a2) x7  0x000b8400
core   0: 0x80002928 (0x0000038d) c.addi  t2, 3
core   0: 3 0x80002928 (0x038d) x7  0x000b8403
core   0: 0x8000292a (0x007ca023) sw      t2, 0(s9)
core   0: 3 0x8000292a (0x007ca023) mem 0x8ffffffc 0x000b8403
core   0: 0x8000292e (0xb84023f3) csrr    t2, mhpmcounter4h
core   0: 3 0x8000292e (0xb84023f3) x7  0x00000000
core   0: 0x80002932 (0x007ca023) sw      t2, 0(s9)
core   0: 3 0x80002932 (0x007ca023) mem 0x8ffffffc 0x00000000
core   0: 0x80002936 (0x90000cb7) lui     s9, 0x90000
core   0: 3 0x80002936 (0x90000cb7) x25 0x90000000
core   0: 0x8000293a (0x00001cf1) c.addi  s9, -4
core   0: 3 0x8000293a (0x1cf1) x25 0x8ffffffc
core   0: 0x8000293c (0x00006385) c.lui   t2, 0x1
core   0: 3 0x8000293c (0x6385) x7  0x00001000
core   0: 0x8000293e (0xb0538393) addi    t2, t2, -1275
core   0: 3 0x8000293e (0xb0538393) x7  0x00000b05
core   0: 0x80002942 (0x000003a2) c.slli  t2, 8
core   0: 3 0x80002942 (0x03a2) x7  0x000b0500
core   0: 0x80002944 (0x0000038d) c.addi  t2, 3
core   0: 3 0x80002944 (0x038d) x7  0x000b0503
core   0: 0x80002946 (0x007ca023) sw      t2, 0(s9)
core   0: 3 0x80002946 (0x007ca023) mem 0x8ffffffc 0x000b0503
core   0: 0x8000294a (0xb05023f3) csrr    t2, mhpmcounter5
core   0: 3 0x8000294a (0xb05023f3) x7  0x00000002
core   0: 0x8000294e (0x007ca023) sw      t2, 0(s9)
core   0: 3 0x8000294e (0x007ca023) mem 0x8ffffffc 0x00000002
core   0: 0x80002952 (0x90000cb7) lui     s9, 0x90000
core   0: 3 0x80002952 (0x90000cb7) x25 0x90000000
core   0: 0x80002956 (0x00001cf1) c.addi  s9, -4
core   0: 3 0x80002956 (0x1cf1) x25 0x8ffffffc
core   0: 0x80002958 (0x00006385) c.lui   t2, 0x1
core   0: 3 0x80002958 (0x6385) x7  0x00001000
core   0: 0x8000295a (0xb8538393) addi    t2, t2, -1147
core   0: 3 0x8000295a (0xb8538393) x7  0x00000b85
core   0: 0x8000295e (0x000003a2) c.slli  t2, 8
core   0: 3 0x8000295e (0x03a2) x7  0x000b8500
core   0: 0x80002960 (0x0000038d) c.addi  t2, 3
core   0: 3 0x80002960 (0x038d) x7  0x000b8503
core   0: 0x80002962 (0x007ca023) sw      t2, 0(s9)
core   0: 3 0x80002962 (0x007ca023) mem 0x8ffffffc 0x000b8503
core   0: 0x80002966 (0xb85023f3) csrr    t2, mhpmcounter5h
core   0: 3 0x80002966 (0xb85023f3) x7  0x00000000
