Time	Cycle	PC	Insn	Decoded instruction	Register and memory contents
        8342000	       315	80000080	40001cb7	lui	x25,0x40001	 x25=0x40001000
        8482000	       322	80000084	106c8c93	addi	x25,x25,262	 x25:0x40001000 x25=0x40001106
        8602000	       328	80000088	301c9073	csrrw	x0,misa,x25	 x25:0x40001106  x0=0x00000000
        8802000	       338	8000008c	0002d797	auipc	x15,0x2d	 x15=0x8002d08c
        8822000	       339	80000090	c5878793	addi	x15,x15,-936	 x15:0x8002d08c x15=0x8002cce4
        9242000	       360	80000094	00002c97	auipc	x25,0x2	 x25=0x80002094
        9262000	       361	80000098	16cc8c93	addi	x25,x25,364	 x25:0x80002094 x25=0x80002200
        9282000	       362	8000009c	001cec93	ori	x25,x25,1	 x25:0x80002200 x25=0x80002201
        9302000	       363	800000a0	305c9073	csrrw	x0,mtvec,x25	 x25:0x80002201  x0=0x00000000
        9482000	       372	800000a4	74725073	csrrwi	x0,0x747,4	  x0=0x00000000
        9542000	       375	800000a8	00003a97	auipc	x21,0x3	 x21=0x800030a8
        9562000	       376	800000ac	e44a8a93	addi	x21,x21,-444	 x21:0x800030a8 x21=0x80002eec
        9962000	       396	800000b0	4c81	c.li	x25,0	 x25=0x00000000
        9982000	       397	800000b2	9ae6	c.add	x21,x25	 x21:0x80002eec x25:0x00000000 x21=0x80002eec
       10142000	       405	800000b4	002ada93	srli	x21,x21,0x2	 x21:0x80002eec x21=0x20000bbb
       10262000	       411	800000b8	3b0a9073	csrrw	x0,pmpaddr0,x21	 x21:0x20000bbb  x0=0x00000000
       10322000	       414	800000bc	00003a97	auipc	x21,0x3	 x21=0x800030bc
       10342000	       415	800000c0	e30a8a93	addi	x21,x21,-464	 x21:0x800030bc x21=0x80002eec
       10722000	       434	800000c4	6c89	c.lui	x25,0x2	 x25=0x00002000
       10742000	       435	800000c6	666c8c93	addi	x25,x25,1638	 x25:0x00002000 x25=0x00002666
       10762000	       436	800000ca	9ae6	c.add	x21,x25	 x21:0x80002eec x25:0x00002666 x21=0x80005552
       10782000	       437	800000cc	002ada93	srli	x21,x21,0x2	 x21:0x80005552 x21=0x20001554
       10802000	       438	800000d0	3b1a9073	csrrw	x0,pmpaddr1,x21	 x21:0x20001554  x0=0x00000000
       11202000	       458	800000d4	00003a97	auipc	x21,0x3	 x21=0x800030d4
       11222000	       459	800000d8	e18a8a93	addi	x21,x21,-488	 x21:0x800030d4 x21=0x80002eec
       11242000	       460	800000dc	6c95	c.lui	x25,0x5	 x25=0x00005000
       11342000	       465	800000de	cccc8c93	addi	x25,x25,-820	 x25:0x00005000 x25=0x00004ccc
       11362000	       466	800000e2	9ae6	c.add	x21,x25	 x21:0x80002eec x25:0x00004ccc x21=0x80007bb8
       11382000	       467	800000e4	002ada93	srli	x21,x21,0x2	 x21:0x80007bb8 x21=0x20001eee
       11902000	       493	800000e8	3b2a9073	csrrw	x0,pmpaddr2,x21	 x21:0x20001eee  x0=0x00000000
       12322000	       514	800000ec	00003a97	auipc	x21,0x3	 x21=0x800030ec
       12342000	       515	800000f0	e00a8a93	addi	x21,x21,-512	 x21:0x800030ec x21=0x80002eec
       12362000	       516	800000f4	6c9d	c.lui	x25,0x7	 x25=0x00007000
       12382000	       517	800000f6	332c8c93	addi	x25,x25,818	 x25:0x00007000 x25=0x00007332
       12402000	       518	800000fa	9ae6	c.add	x21,x25	 x21:0x80002eec x25:0x00007332 x21=0x8000a21e
       12802000	       538	800000fc	002ada93	srli	x21,x21,0x2	 x21:0x8000a21e x21=0x20002887
       13202000	       558	80000100	3b3a9073	csrrw	x0,pmpaddr3,x21	 x21:0x20002887  x0=0x00000000
       13262000	       561	80000104	0f0f1ab7	lui	x21,0xf0f1	 x21=0x0f0f1000
       13282000	       562	80000108	f0fa8a93	addi	x21,x21,-241	 x21:0x0f0f1000 x21=0x0f0f0f0f
       13402000	       568	8000010c	3a0a9073	csrrw	x0,pmpcfg0,x21	 x21:0x0f0f0f0f  x0=0x00000000
       13462000	       571	80000110	00003a97	auipc	x21,0x3	 x21=0x80003110
       13482000	       572	80000114	ddca8a93	addi	x21,x21,-548	 x21:0x80003110 x21=0x80002eec
       13622000	       579	80000118	6ca9	c.lui	x25,0xa	 x25=0x0000a000
       13642000	       580	8000011a	998c8c93	addi	x25,x25,-1640	 x25:0x0000a000 x25=0x00009998
       13662000	       581	8000011e	9ae6	c.add	x21,x25	 x21:0x80002eec x25:0x00009998 x21=0x8000c884
       13862000	       591	80000120	002ada93	srli	x21,x21,0x2	 x21:0x8000c884 x21=0x20003221
       13882000	       592	80000124	3b4a9073	csrrw	x0,pmpaddr4,x21	 x21:0x20003221  x0=0x00000000
       13942000	       595	80000128	00003a97	auipc	x21,0x3	 x21=0x80003128
       13962000	       596	8000012c	dc4a8a93	addi	x21,x21,-572	 x21:0x80003128 x21=0x80002eec
       14382000	       617	80000130	6cb1	c.lui	x25,0xc	 x25=0x0000c000
       14402000	       618	80000132	1cf9	c.addi	x25,-2	 x25:0x0000c000 x25=0x0000bffe
       14422000	       619	80000134	9ae6	c.add	x21,x25	 x21:0x80002eec x25:0x0000bffe x21=0x8000eeea
       14442000	       620	80000136	002ada93	srli	x21,x21,0x2	 x21:0x8000eeea x21=0x20003bba
       14502000	       623	8000013a	3b5a9073	csrrw	x0,pmpaddr5,x21	 x21:0x20003bba  x0=0x00000000
       14562000	       626	8000013e	00003a97	auipc	x21,0x3	 x21=0x8000313e
       14582000	       627	80000142	daea8a93	addi	x21,x21,-594	 x21:0x8000313e x21=0x80002eec
       14602000	       628	80000146	6cb9	c.lui	x25,0xe	 x25=0x0000e000
       14742000	       635	80000148	664c8c93	addi	x25,x25,1636	 x25:0x0000e000 x25=0x0000e664
       15002000	       648	8000014c	9ae6	c.add	x21,x25	 x21:0x80002eec x25:0x0000e664 x21=0x80011550
       15022000	       649	8000014e	002ada93	srli	x21,x21,0x2	 x21:0x80011550 x21=0x20004554
       15242000	       660	80000152	3b6a9073	csrrw	x0,pmpaddr6,x21	 x21:0x20004554  x0=0x00000000
       15482000	       672	80000156	00003a97	auipc	x21,0x3	 x21=0x80003156
       15502000	       673	8000015a	d96a8a93	addi	x21,x21,-618	 x21:0x80003156 x21=0x80002eec
       15522000	       674	8000015e	6cc5	c.lui	x25,0x11	 x25=0x00011000
       15542000	       675	80000160	ccac8c93	addi	x25,x25,-822	 x25:0x00011000 x25=0x00010cca
       15562000	       676	80000164	9ae6	c.add	x21,x25	 x21:0x80002eec x25:0x00010cca x21=0x80013bb6
       15582000	       677	80000166	002ada93	srli	x21,x21,0x2	 x21:0x80013bb6 x21=0x20004eed
       15602000	       678	8000016a	3b7a9073	csrrw	x0,pmpaddr7,x21	 x21:0x20004eed  x0=0x00000000
       15702000	       683	8000016e	0f0f1ab7	lui	x21,0xf0f1	 x21=0x0f0f1000
       15722000	       684	80000172	f0fa8a93	addi	x21,x21,-241	 x21:0x0f0f1000 x21=0x0f0f0f0f
       15822000	       689	80000176	3a1a9073	csrrw	x0,pmpcfg1,x21	 x21:0x0f0f0f0f  x0=0x00000000
       15882000	       692	8000017a	00003a97	auipc	x21,0x3	 x21=0x8000317a
       15902000	       693	8000017e	d72a8a93	addi	x21,x21,-654	 x21:0x8000317a x21=0x80002eec
       15922000	       694	80000182	6ccd	c.lui	x25,0x13	 x25=0x00013000
       15942000	       695	80000184	330c8c93	addi	x25,x25,816	 x25:0x00013000 x25=0x00013330
       16062000	       701	80000188	9ae6	c.add	x21,x25	 x21:0x80002eec x25:0x00013330 x21=0x8001621c
       16202000	       708	8000018a	002ada93	srli	x21,x21,0x2	 x21:0x8001621c x21=0x20005887
       16222000	       709	8000018e	3b8a9073	csrrw	x0,pmpaddr8,x21	 x21:0x20005887  x0=0x00000000
       16282000	       712	80000192	00003a97	auipc	x21,0x3	 x21=0x80003192
       16302000	       713	80000196	d5aa8a93	addi	x21,x21,-678	 x21:0x80003192 x21=0x80002eec
       16322000	       714	8000019a	6cd9	c.lui	x25,0x16	 x25=0x00016000
       16722000	       734	8000019c	996c8c93	addi	x25,x25,-1642	 x25:0x00016000 x25=0x00015996
       16742000	       735	800001a0	9ae6	c.add	x21,x25	 x21:0x80002eec x25:0x00015996 x21=0x80018882
       17122000	       754	800001a2	002ada93	srli	x21,x21,0x2	 x21:0x80018882 x21=0x20006220
       17542000	       775	800001a6	3b9a9073	csrrw	x0,pmpaddr9,x21	 x21:0x20006220  x0=0x00000000
       17602000	       778	800001aa	00003a97	auipc	x21,0x3	 x21=0x800031aa
       17742000	       785	800001ae	d42a8a93	addi	x21,x21,-702	 x21:0x800031aa x21=0x80002eec
       17762000	       786	800001b2	6ce1	c.lui	x25,0x18	 x25=0x00018000
       17782000	       787	800001b4	1cf1	c.addi	x25,-4	 x25:0x00018000 x25=0x00017ffc
       17802000	       788	800001b6	9ae6	c.add	x21,x25	 x21:0x80002eec x25:0x00017ffc x21=0x8001aee8
       17942000	       795	800001b8	002ada93	srli	x21,x21,0x2	 x21:0x8001aee8 x21=0x20006bba
       18022000	       799	800001bc	3baa9073	csrrw	x0,pmpaddr10,x21	 x21:0x20006bba  x0=0x00000000
       18322000	       814	800001c0	00003a97	auipc	x21,0x3	 x21=0x800031c0
       18742000	       835	800001c4	d2ca8a93	addi	x21,x21,-724	 x21:0x800031c0 x21=0x80002eec
       18762000	       836	800001c8	6ce9	c.lui	x25,0x1a	 x25=0x0001a000
       18782000	       837	800001ca	662c8c93	addi	x25,x25,1634	 x25:0x0001a000 x25=0x0001a662
       18802000	       838	800001ce	9ae6	c.add	x21,x25	 x21:0x80002eec x25:0x0001a662 x21=0x8001d54e
       19102000	       853	800001d0	002ada93	srli	x21,x21,0x2	 x21:0x8001d54e x21=0x20007553
       19122000	       854	800001d4	3bba9073	csrrw	x0,pmpaddr11,x21	 x21:0x20007553  x0=0x00000000
       19542000	       875	800001d8	0f0f1ab7	lui	x21,0xf0f1	 x21=0x0f0f1000
       19562000	       876	800001dc	f0fa8a93	addi	x21,x21,-241	 x21:0x0f0f1000 x21=0x0f0f0f0f
       19582000	       877	800001e0	3a2a9073	csrrw	x0,pmpcfg2,x21	 x21:0x0f0f0f0f  x0=0x00000000
       19642000	       880	800001e4	00003a97	auipc	x21,0x3	 x21=0x800031e4
       19762000	       886	800001e8	d08a8a93	addi	x21,x21,-760	 x21:0x800031e4 x21=0x80002eec
       19922000	       894	800001ec	6cf5	c.lui	x25,0x1d	 x25=0x0001d000
       20322000	       914	800001ee	cc8c8c93	addi	x25,x25,-824	 x25:0x0001d000 x25=0x0001ccc8
       20342000	       915	800001f2	9ae6	c.add	x21,x25	 x21:0x80002eec x25:0x0001ccc8 x21=0x8001fbb4
       20462000	       921	800001f4	002ada93	srli	x21,x21,0x2	 x21:0x8001fbb4 x21=0x20007eed
       20582000	       927	800001f8	3bca9073	csrrw	x0,pmpaddr12,x21	 x21:0x20007eed  x0=0x00000000
       20762000	       936	800001fc	00003a97	auipc	x21,0x3	 x21=0x800031fc
       20782000	       937	80000200	cf0a8a93	addi	x21,x21,-784	 x21:0x800031fc x21=0x80002eec
       21062000	       951	80000204	6cfd	c.lui	x25,0x1f	 x25=0x0001f000
       21142000	       955	80000206	32ec8c93	addi	x25,x25,814	 x25:0x0001f000 x25=0x0001f32e
       21162000	       956	8000020a	9ae6	c.add	x21,x25	 x21:0x80002eec x25:0x0001f32e x21=0x8002221a
       21222000	       959	8000020c	002ada93	srli	x21,x21,0x2	 x21:0x8002221a x21=0x20008886
       21242000	       960	80000210	3bda9073	csrrw	x0,pmpaddr13,x21	 x21:0x20008886  x0=0x00000000
       21622000	       979	80000214	00003a97	auipc	x21,0x3	 x21=0x80003214
       21762000	       986	80000218	cd8a8a93	addi	x21,x21,-808	 x21:0x80003214 x21=0x80002eec
       21782000	       987	8000021c	00022cb7	lui	x25,0x22	 x25=0x00022000
       22102000	      1003	80000220	994c8c93	addi	x25,x25,-1644	 x25:0x00022000 x25=0x00021994
       22122000	      1004	80000224	9ae6	c.add	x21,x25	 x21:0x80002eec x25:0x00021994 x21=0x80024880
       22142000	      1005	80000226	002ada93	srli	x21,x21,0x2	 x21:0x80024880 x21=0x20009220
       22522000	      1024	8000022a	3bea9073	csrrw	x0,pmpaddr14,x21	 x21:0x20009220  x0=0x00000000
       22582000	      1027	8000022e	00003a97	auipc	x21,0x3	 x21=0x8000322e
       22602000	      1028	80000232	cbea8a93	addi	x21,x21,-834	 x21:0x8000322e x21=0x80002eec
       22622000	      1029	80000236	00024cb7	lui	x25,0x24	 x25=0x00024000
       22642000	      1030	8000023a	1ce9	c.addi	x25,-6	 x25:0x00024000 x25=0x00023ffa
       22982000	      1047	8000023c	9ae6	c.add	x21,x25	 x21:0x80002eec x25:0x00023ffa x21=0x80026ee6
       23002000	      1048	8000023e	002ada93	srli	x21,x21,0x2	 x21:0x80026ee6 x21=0x20009bb9
       23422000	      1069	80000242	3bfa9073	csrrw	x0,pmpaddr15,x21	 x21:0x20009bb9  x0=0x00000000
       23482000	      1072	80000246	0f0f1ab7	lui	x21,0xf0f1	 x21=0x0f0f1000
       23502000	      1073	8000024a	f0fa8a93	addi	x21,x21,-241	 x21:0x0f0f1000 x21=0x0f0f0f0f
       23882000	      1092	8000024e	3a3a9073	csrrw	x0,pmpcfg3,x21	 x21:0x0f0f0f0f  x0=0x00000000
       23942000	      1095	80000252	74705073	csrrwi	x0,0x747,0	  x0=0x00000000
       24102000	      1103	80000256	29852ab7	lui	x21,0x29852	 x21=0x29852000
       24122000	      1104	8000025a	e89a8a93	addi	x21,x21,-375	 x21:0x29852000 x21=0x29851e89
       24522000	      1124	8000025e	00003497	auipc	x9,0x3	  x9=0x8000325e
       24542000	      1125	80000262	c8e48493	addi	x9,x9,-882	  x9:0x8000325e  x9=0x80002eec
       24562000	      1126	80000266	9aa6	c.add	x21,x9	 x21:0x29851e89  x9:0x80002eec x21=0xa9854d75
       24582000	      1127	80000268	3b0a9af3	csrrw	x21,pmpaddr0,x21	 x21:0xa9854d75 x21=0x20000bbb
       24642000	      1130	8000026c	3b0a9af3	csrrw	x21,pmpaddr0,x21	 x21:0x20000bbb x21=0xa9854d75
       24942000	      1145	80000270	4b2c3ab7	lui	x21,0x4b2c3	 x21=0x4b2c3000
       24982000	      1147	80000274	40fa8a93	addi	x21,x21,1039	 x21:0x4b2c3000 x21=0x4b2c340f
       25002000	      1148	80000278	3a0a9af3	csrrw	x21,pmpcfg0,x21	 x21:0x4b2c340f x21=0x0f0f0f0f
       25082000	      1152	8000027c	3a0a9af3	csrrw	x21,pmpcfg0,x21	 x21:0x0f0f0f0f x21=0x0b0c140f
       25142000	      1155	80000280	26e5dab7	lui	x21,0x26e5d	 x21=0x26e5d000
       25522000	      1174	80000284	788a8a93	addi	x21,x21,1928	 x21:0x26e5d000 x21=0x26e5d788
       25542000	      1175	80000288	00003497	auipc	x9,0x3	  x9=0x80003288
       25602000	      1178	8000028c	c6448493	addi	x9,x9,-924	  x9:0x80003288  x9=0x80002eec
       25702000	      1183	80000290	9aa6	c.add	x21,x9	 x21:0x26e5d788  x9:0x80002eec x21=0xa6e60674
       26082000	      1202	80000292	3b1a9af3	csrrw	x21,pmpaddr1,x21	 x21:0xa6e60674 x21=0x20001554
       26142000	      1205	80000296	3b1a9af3	csrrw	x21,pmpaddr1,x21	 x21:0x20001554 x21=0xa6e60674
       26242000	      1210	8000029a	64113ab7	lui	x21,0x64113	 x21=0x64113000
       26622000	      1229	8000029e	40fa8a93	addi	x21,x21,1039	 x21:0x64113000 x21=0x6411340f
       26642000	      1230	800002a2	3a0a9af3	csrrw	x21,pmpcfg0,x21	 x21:0x6411340f x21=0x0f0f0f0f
       26702000	      1233	800002a6	3a0a9af3	csrrw	x21,pmpcfg0,x21	 x21:0x0f0f0f0f x21=0x0411140f
       26762000	      1236	800002aa	0c7a6ab7	lui	x21,0xc7a6	 x21=0x0c7a6000
       26902000	      1243	800002ae	912a8a93	addi	x21,x21,-1774	 x21:0x0c7a6000 x21=0x0c7a5912
       26922000	      1244	800002b2	00003497	auipc	x9,0x3	  x9=0x800032b2
       26942000	      1245	800002b6	c3a48493	addi	x9,x9,-966	  x9:0x800032b2  x9=0x80002eec
       26962000	      1246	800002ba	9aa6	c.add	x21,x9	 x21:0x0c7a5912  x9:0x80002eec x21=0x8c7a87fe
       26982000	      1247	800002bc	3b2a9af3	csrrw	x21,pmpaddr2,x21	 x21:0x8c7a87fe x21=0x20001eee
       27222000	      1259	800002c0	3b2a9af3	csrrw	x21,pmpaddr2,x21	 x21:0x20001eee x21=0x8c7a87fe
       27282000	      1262	800002c4	27203ab7	lui	x21,0x27203	 x21=0x27203000
       27302000	      1263	800002c8	40fa8a93	addi	x21,x21,1039	 x21:0x27203000 x21=0x2720340f
       27362000	      1266	800002cc	3a0a9af3	csrrw	x21,pmpcfg0,x21	 x21:0x2720340f x21=0x0f0f0f0f
       27782000	      1287	800002d0	3a0a9af3	csrrw	x21,pmpcfg0,x21	 x21:0x0f0f0f0f x21=0x0700140f
       27842000	      1290	800002d4	56e40ab7	lui	x21,0x56e40	 x21=0x56e40000
       28222000	      1309	800002d8	d43a8a93	addi	x21,x21,-701	 x21:0x56e40000 x21=0x56e3fd43
       28242000	      1310	800002dc	00003497	auipc	x9,0x3	  x9=0x800032dc
       28262000	      1311	800002e0	c1048493	addi	x9,x9,-1008	  x9:0x800032dc  x9=0x80002eec
       28362000	      1316	800002e4	9aa6	c.add	x21,x9	 x21:0x56e3fd43  x9:0x80002eec x21=0xd6e42c2f
       28382000	      1317	800002e6	3b3a9af3	csrrw	x21,pmpaddr3,x21	 x21:0xd6e42c2f x21=0x20002887
       28442000	      1320	800002ea	3b3a9af3	csrrw	x21,pmpaddr3,x21	 x21:0x20002887 x21=0xd6e42c2f
       28502000	      1323	800002ee	0f3b1ab7	lui	x21,0xf3b1	 x21=0x0f3b1000
       28522000	      1324	800002f2	c0fa8a93	addi	x21,x21,-1009	 x21:0x0f3b1000 x21=0x0f3b0c0f
       28542000	      1325	800002f6	3a0a9af3	csrrw	x21,pmpcfg0,x21	 x21:0x0f3b0c0f x21=0x0f0f0f0f
       28862000	      1341	800002fa	3a0a9af3	csrrw	x21,pmpcfg0,x21	 x21:0x0f0f0f0f x21=0x0f1b0c0f
       28922000	      1344	800002fe	22e40ab7	lui	x21,0x22e40	 x21=0x22e40000
       28942000	      1345	80000302	731a8a93	addi	x21,x21,1841	 x21:0x22e40000 x21=0x22e40731
       28962000	      1346	80000306	00003497	auipc	x9,0x3	  x9=0x80003306
       29342000	      1365	8000030a	be648493	addi	x9,x9,-1050	  x9:0x80003306  x9=0x80002eec
       29362000	      1366	8000030e	9aa6	c.add	x21,x9	 x21:0x22e40731  x9:0x80002eec x21=0xa2e4361d
       29442000	      1370	80000310	3b4a9af3	csrrw	x21,pmpaddr4,x21	 x21:0xa2e4361d x21=0x20003221
       29502000	      1373	80000314	3b4a9af3	csrrw	x21,pmpaddr4,x21	 x21:0x20003221 x21=0xa2e4361d
       29562000	      1376	80000318	63781ab7	lui	x21,0x63781	 x21=0x63781000
       29582000	      1377	8000031c	77fa8a93	addi	x21,x21,1919	 x21:0x63781000 x21=0x6378177f
       29742000	      1385	80000320	3a1a9af3	csrrw	x21,pmpcfg1,x21	 x21:0x6378177f x21=0x0f0f0f0f
       29802000	      1388	80000324	3a1a9af3	csrrw	x21,pmpcfg1,x21	 x21:0x0f0f0f0f x21=0x0318171f
       29862000	      1391	80000328	7a242ab7	lui	x21,0x7a242	 x21=0x7a242000
       30302000	      1413	8000032c	179a8a93	addi	x21,x21,377	 x21:0x7a242000 x21=0x7a242179
       30322000	      1414	80000330	00003497	auipc	x9,0x3	  x9=0x80003330
       30422000	      1419	80000334	bbc48493	addi	x9,x9,-1092	  x9:0x80003330  x9=0x80002eec
       30642000	      1430	80000338	9aa6	c.add	x21,x9	 x21:0x7a242179  x9:0x80002eec x21=0xfa245065
       30662000	      1431	8000033a	3b5a9af3	csrrw	x21,pmpaddr5,x21	 x21:0xfa245065 x21=0x20003bba
       30722000	      1434	8000033e	3b5a9af3	csrrw	x21,pmpaddr5,x21	 x21:0x20003bba x21=0xfa245065
       30782000	      1437	80000342	68418ab7	lui	x21,0x68418	 x21=0x68418000
       30802000	      1438	80000346	b7ba8a93	addi	x21,x21,-1157	 x21:0x68418000 x21=0x68417b7b
       30822000	      1439	8000034a	3a1a9af3	csrrw	x21,pmpcfg1,x21	 x21:0x68417b7b x21=0x0f0f0f0f
       30902000	      1443	8000034e	3a1a9af3	csrrw	x21,pmpcfg1,x21	 x21:0x0f0f0f0f x21=0x08011b1b
       31002000	      1448	80000352	01a7eab7	lui	x21,0x1a7e	 x21=0x01a7e000
       31422000	      1469	80000356	38ba8a93	addi	x21,x21,907	 x21:0x01a7e000 x21=0x01a7e38b
       31442000	      1470	8000035a	00003497	auipc	x9,0x3	  x9=0x8000335a
       31482000	      1472	8000035e	b9248493	addi	x9,x9,-1134	  x9:0x8000335a  x9=0x80002eec
       31502000	      1473	80000362	9aa6	c.add	x21,x9	 x21:0x01a7e38b  x9:0x80002eec x21=0x81a81277
       31522000	      1474	80000364	3b6a9af3	csrrw	x21,pmpaddr6,x21	 x21:0x81a81277 x21=0x20004554
       31582000	      1477	80000368	3b6a9af3	csrrw	x21,pmpaddr6,x21	 x21:0x20004554 x21=0x81a81277
       31642000	      1480	8000036c	17000ab7	lui	x21,0x17000	 x21=0x17000000
       31662000	      1481	80000370	747a8a93	addi	x21,x21,1863	 x21:0x17000000 x21=0x17000747
       31682000	      1482	80000374	3a1a9af3	csrrw	x21,pmpcfg1,x21	 x21:0x17000747 x21=0x0f0f0f0f
       31742000	      1485	80000378	3a1a9af3	csrrw	x21,pmpcfg1,x21	 x21:0x0f0f0f0f x21=0x17000707
       31982000	      1497	8000037c	060bbab7	lui	x21,0x60bb	 x21=0x060bb000
       32002000	      1498	80000380	9b7a8a93	addi	x21,x21,-1609	 x21:0x060bb000 x21=0x060ba9b7
       32022000	      1499	80000384	00003497	auipc	x9,0x3	  x9=0x80003384
       32442000	      1520	80000388	b6848493	addi	x9,x9,-1176	  x9:0x80003384  x9=0x80002eec
       32482000	      1522	8000038c	9aa6	c.add	x21,x9	 x21:0x060ba9b7  x9:0x80002eec x21=0x860bd8a3
       32902000	      1543	8000038e	3b7a9af3	csrrw	x21,pmpaddr7,x21	 x21:0x860bd8a3 x21=0x20004eed
       32962000	      1546	80000392	3b7a9af3	csrrw	x21,pmpaddr7,x21	 x21:0x20004eed x21=0x860bd8a3
       33062000	      1551	80000396	04244ab7	lui	x21,0x4244	 x21=0x04244000
       33082000	      1552	8000039a	0aa1	c.addi	x21,8	 x21:0x04244000 x21=0x04244008
       33102000	      1553	8000039c	3a1a9af3	csrrw	x21,pmpcfg1,x21	 x21:0x04244008 x21=0x0f0f0f0f
       33162000	      1556	800003a0	3a1a9af3	csrrw	x21,pmpcfg1,x21	 x21:0x0f0f0f0f x21=0x04040008
       33222000	      1559	800003a4	2184dab7	lui	x21,0x2184d	 x21=0x2184d000
       33242000	      1560	800003a8	bf5a8a93	addi	x21,x21,-1035	 x21:0x2184d000 x21=0x2184cbf5
       33262000	      1561	800003ac	00003497	auipc	x9,0x3	  x9=0x800033ac
       33282000	      1562	800003b0	b4048493	addi	x9,x9,-1216	  x9:0x800033ac  x9=0x80002eec
       33302000	      1563	800003b4	9aa6	c.add	x21,x9	 x21:0x2184cbf5  x9:0x80002eec x21=0xa184fae1
       33622000	      1579	800003b6	3b8a9af3	csrrw	x21,pmpaddr8,x21	 x21:0xa184fae1 x21=0x20005887
       33822000	      1589	800003ba	3b8a9af3	csrrw	x21,pmpaddr8,x21	 x21:0x20005887 x21=0xa184fae1
       34182000	      1607	800003be	31212ab7	lui	x21,0x31212	 x21=0x31212000
       34202000	      1608	800003c2	340a8a93	addi	x21,x21,832	 x21:0x31212000 x21=0x31212340
       34222000	      1609	800003c6	3a2a9af3	csrrw	x21,pmpcfg2,x21	 x21:0x31212340 x21=0x0f0f0f0f
       34322000	      1614	800003ca	3a2a9af3	csrrw	x21,pmpcfg2,x21	 x21:0x0f0f0f0f x21=0x11010300
       34542000	      1625	800003ce	77990ab7	lui	x21,0x77990	 x21=0x77990000
       34562000	      1626	800003d2	f76a8a93	addi	x21,x21,-138	 x21:0x77990000 x21=0x7798ff76
       34582000	      1627	800003d6	00003497	auipc	x9,0x3	  x9=0x800033d6
       35002000	      1648	800003da	b1648493	addi	x9,x9,-1258	  x9:0x800033d6  x9=0x80002eec
       35022000	      1649	800003de	9aa6	c.add	x21,x9	 x21:0x7798ff76  x9:0x80002eec x21=0xf7992e62
       35042000	      1650	800003e0	3b9a9af3	csrrw	x21,pmpaddr9,x21	 x21:0xf7992e62 x21=0x20006220
       35142000	      1655	800003e4	3b9a9af3	csrrw	x21,pmpaddr9,x21	 x21:0x20006220 x21=0xf7992e62
       35202000	      1658	800003e8	14044ab7	lui	x21,0x14044	 x21=0x14044000
       35342000	      1665	800003ec	c5ca8a93	addi	x21,x21,-932	 x21:0x14044000 x21=0x14043c5c
       35362000	      1666	800003f0	3a2a9af3	csrrw	x21,pmpcfg2,x21	 x21:0x14043c5c x21=0x0f0f0f0f
       46342000	      2215	800003f4	3a2a9af3	csrrw	x21,pmpcfg2,x21	 x21:0x0f0f0f0f x21=0x14041c1c
       46402000	      2218	800003f8	42987ab7	lui	x21,0x42987	 x21=0x42987000
       46422000	      2219	800003fc	eeea8a93	addi	x21,x21,-274	 x21:0x42987000 x21=0x42986eee
       46462000	      2221	80000400	00003497	auipc	x9,0x3	  x9=0x80003400
       46522000	      2224	80000404	aec48493	addi	x9,x9,-1300	  x9:0x80003400  x9=0x80002eec
       46542000	      2225	80000408	9aa6	c.add	x21,x9	 x21:0x42986eee  x9:0x80002eec x21=0xc2989dda
       46562000	      2226	8000040a	3baa9af3	csrrw	x21,pmpaddr10,x21	 x21:0xc2989dda x21=0x20006bba
       46622000	      2229	8000040e	3baa9af3	csrrw	x21,pmpaddr10,x21	 x21:0x20006bba x21=0xc2989dda
       46682000	      2232	80000412	5b640ab7	lui	x21,0x5b640	 x21=0x5b640000
       46802000	      2238	80000416	447a8a93	addi	x21,x21,1095	 x21:0x5b640000 x21=0x5b640447
       46822000	      2239	8000041a	3a2a9af3	csrrw	x21,pmpcfg2,x21	 x21:0x5b640447 x21=0x0f0f0f0f
       46882000	      2242	8000041e	3a2a9af3	csrrw	x21,pmpcfg2,x21	 x21:0x0f0f0f0f x21=0x1b040407
       47122000	      2254	80000422	2ee4dab7	lui	x21,0x2ee4d	 x21=0x2ee4d000
       47142000	      2255	80000426	59da8a93	addi	x21,x21,1437	 x21:0x2ee4d000 x21=0x2ee4d59d
       47162000	      2256	8000042a	00003497	auipc	x9,0x3	  x9=0x8000342a
       47182000	      2257	8000042e	ac248493	addi	x9,x9,-1342	  x9:0x8000342a  x9=0x80002eec
       47202000	      2258	80000432	9aa6	c.add	x21,x9	 x21:0x2ee4d59d  x9:0x80002eec x21=0xaee50489
       47602000	      2278	80000434	3bba9af3	csrrw	x21,pmpaddr11,x21	 x21:0xaee50489 x21=0x20007553
       47662000	      2281	80000438	3bba9af3	csrrw	x21,pmpaddr11,x21	 x21:0x20007553 x21=0xaee50489
       47722000	      2284	8000043c	61748ab7	lui	x21,0x61748	 x21=0x61748000
       47742000	      2285	80000440	86da8a93	addi	x21,x21,-1939	 x21:0x61748000 x21=0x6174786d
       48082000	      2302	80000444	3a2a9af3	csrrw	x21,pmpcfg2,x21	 x21:0x6174786d x21=0x0f0f0f0f
       48142000	      2305	80000448	3a2a9af3	csrrw	x21,pmpcfg2,x21	 x21:0x0f0f0f0f x21=0x0114180d
       48202000	      2308	8000044c	3fdcbab7	lui	x21,0x3fdcb	 x21=0x3fdcb000
       48222000	      2309	80000450	921a8a93	addi	x21,x21,-1759	 x21:0x3fdcb000 x21=0x3fdca921
       48342000	      2315	80000454	00003497	auipc	x9,0x3	  x9=0x80003454
       48702000	      2333	80000458	a9848493	addi	x9,x9,-1384	  x9:0x80003454  x9=0x80002eec
       48722000	      2334	8000045c	9aa6	c.add	x21,x9	 x21:0x3fdca921  x9:0x80002eec x21=0xbfdcd80d
       48762000	      2336	8000045e	3bca9af3	csrrw	x21,pmpaddr12,x21	 x21:0xbfdcd80d x21=0x20007eed
       48822000	      2339	80000462	3bca9af3	csrrw	x21,pmpaddr12,x21	 x21:0x20007eed x21=0xbfdcd80d
       49042000	      2350	80000466	69231ab7	lui	x21,0x69231	 x21=0x69231000
       49062000	      2351	8000046a	d51a8a93	addi	x21,x21,-687	 x21:0x69231000 x21=0x69230d51
       49082000	      2352	8000046e	3a3a9af3	csrrw	x21,pmpcfg3,x21	 x21:0x69230d51 x21=0x0f0f0f0f
       49142000	      2355	80000472	3a3a9af3	csrrw	x21,pmpcfg3,x21	 x21:0x0f0f0f0f x21=0x09030d11
       49422000	      2369	80000476	3aa72ab7	lui	x21,0x3aa72	 x21=0x3aa72000
       49442000	      2370	8000047a	dfca8a93	addi	x21,x21,-516	 x21:0x3aa72000 x21=0x3aa71dfc
       49602000	      2378	8000047e	00003497	auipc	x9,0x3	  x9=0x8000347e
       49622000	      2379	80000482	a6e48493	addi	x9,x9,-1426	  x9:0x8000347e  x9=0x80002eec
       49642000	      2380	80000486	9aa6	c.add	x21,x9	 x21:0x3aa71dfc  x9:0x80002eec x21=0xbaa74ce8
       49942000	      2395	80000488	3bda9af3	csrrw	x21,pmpaddr13,x21	 x21:0xbaa74ce8 x21=0x20008886
       50142000	      2405	8000048c	3bda9af3	csrrw	x21,pmpaddr13,x21	 x21:0x20008886 x21=0xbaa74ce8
       50302000	      2413	80000490	135f4ab7	lui	x21,0x135f4	 x21=0x135f4000
       50322000	      2414	80000494	574a8a93	addi	x21,x21,1396	 x21:0x135f4000 x21=0x135f4574
       50342000	      2415	80000498	3a3a9af3	csrrw	x21,pmpcfg3,x21	 x21:0x135f4574 x21=0x0f0f0f0f
       50402000	      2418	8000049c	3a3a9af3	csrrw	x21,pmpcfg3,x21	 x21:0x0f0f0f0f x21=0x131f0514
       50502000	      2423	800004a0	52a59ab7	lui	x21,0x52a59	 x21=0x52a59000
       50642000	      2430	800004a4	2e5a8a93	addi	x21,x21,741	 x21:0x52a59000 x21=0x52a592e5
       50742000	      2435	800004a8	00003497	auipc	x9,0x3	  x9=0x800034a8
       50782000	      2437	800004ac	a4448493	addi	x9,x9,-1468	  x9:0x800034a8  x9=0x80002eec
       50802000	      2438	800004b0	9aa6	c.add	x21,x9	 x21:0x52a592e5  x9:0x80002eec x21=0xd2a5c1d1
       50822000	      2439	800004b2	3bea9af3	csrrw	x21,pmpaddr14,x21	 x21:0xd2a5c1d1 x21=0x20009220
       51142000	      2455	800004b6	3bea9af3	csrrw	x21,pmpaddr14,x21	 x21:0x20009220 x21=0xd2a5c1d1
       51202000	      2458	800004ba	393b4ab7	lui	x21,0x393b4	 x21=0x393b4000
       51222000	      2459	800004be	051a8a93	addi	x21,x21,81	 x21:0x393b4000 x21=0x393b4051
       51322000	      2464	800004c2	3a3a9af3	csrrw	x21,pmpcfg3,x21	 x21:0x393b4051 x21=0x0f0f0f0f
       51382000	      2467	800004c6	3a3a9af3	csrrw	x21,pmpcfg3,x21	 x21:0x0f0f0f0f x21=0x191b0011
       51462000	      2471	800004ca	13b3bab7	lui	x21,0x13b3b	 x21=0x13b3b000
       51482000	      2472	800004ce	ed1a8a93	addi	x21,x21,-303	 x21:0x13b3b000 x21=0x13b3aed1
       51502000	      2473	800004d2	00003497	auipc	x9,0x3	  x9=0x800034d2
       51542000	      2475	800004d6	a1a48493	addi	x9,x9,-1510	  x9:0x800034d2  x9=0x80002eec
       51562000	      2476	800004da	9aa6	c.add	x21,x9	 x21:0x13b3aed1  x9:0x80002eec x21=0x93b3ddbd
       51962000	      2496	800004dc	3bfa9af3	csrrw	x21,pmpaddr15,x21	 x21:0x93b3ddbd x21=0x20009bb9
       52062000	      2501	800004e0	3bfa9af3	csrrw	x21,pmpaddr15,x21	 x21:0x20009bb9 x21=0x93b3ddbd
       52122000	      2504	800004e4	78515ab7	lui	x21,0x78515	 x21=0x78515000
       52142000	      2505	800004e8	3a3a9af3	csrrw	x21,pmpcfg3,x21	 x21:0x78515000 x21=0x0f0f0f0f
       52202000	      2508	800004ec	3a3a9af3	csrrw	x21,pmpcfg3,x21	 x21:0x0f0f0f0f x21=0x18111000
       52342000	      2515	800004f0	00000c97	auipc	x25,0x0	 x25=0x800004f0
       52362000	      2516	800004f4	062c8c93	addi	x25,x25,98	 x25:0x800004f0 x25=0x80000552
       52562000	      2526	800004f8	341c9073	csrrw	x0,mepc,x25	 x25:0x80000552  x0=0x00000000
       52582000	      2527	800004fc	7c00d073	csrrwi	x0,0x7c0,1	  x0=0x00000000
       52642000	      2530	80000500	00020cb7	lui	x25,0x20	 x25=0x00020000
       52662000	      2531	80000504	300c9073	csrrw	x0,mstatus,x25	 x25:0x00020000  x0=0x00000000
       52722000	      2534	80000508	4c81	c.li	x25,0	 x25=0x00000000
       52742000	      2535	8000050a	304c9073	csrrw	x0,mie,x25	 x25:0x00000000  x0=0x00000000
       52802000	      2538	8000050e	90000537	lui	x10,0x90000	 x10=0x90000000
       52822000	      2539	80000512	1571	c.addi	x10,-4	 x10:0x90000000 x10=0x8ffffffc
       52842000	      2540	80000514	90000537	lui	x10,0x90000	 x10=0x90000000
       52862000	      2541	80000518	1571	c.addi	x10,-4	 x10:0x90000000 x10=0x8ffffffc
       52922000	      2544	8000051a	90000537	lui	x10,0x90000	 x10=0x90000000
       52942000	      2545	8000051e	1571	c.addi	x10,-4	 x10:0x90000000 x10=0x8ffffffc
       53082000	      2552	80000520	30000c93	addi	x25,x0,768	  x0:0x00000000 x25=0x00000300
       53302000	      2563	80000524	0ca2	c.slli	x25,0x8	 x25:0x00000300 x25=0x00030000
       53322000	      2564	80000526	0c8d	c.addi	x25,3	 x25:0x00030000 x25=0x00030003
       53742000	      2585	80000528	01952023	sw	x25,0(x10)	 x10:0x8ffffffc x25:0x00030003 PA:0x8ffffffc store:0x00030003 load:0xxxxxxxxx
       55022000	      2649	80002200	0800006f	jal	x0,80002280	  x0=0x00000000
       56142000	      2705	80002280	17f1	c.addi	x15,-4	 x15:0x8002cce4 x15=0x8002cce0
       56362000	      2716	80002282	0027a023	sw	x2,0(x15)	 x15:0x8002cce0  x2:0x00000000 PA:0x8002cce0 store:0x00000000 load:0xffffffff
       56382000	      2717	80002286	00078133	add	x2,x15,x0	 x15:0x8002cce0  x0:0x00000000  x2=0x8002cce0
       56402000	      2718	8000228a	7119	c.addi16sp	x2,-128	  x2:0x8002cce0  x2=0x8002cc60
       56922000	      2744	8000228c	c206	c.swsp	x1,4(x2)	  x2:0x8002cc60  x1:0x00000000 PA:0x8002cc64 store:0x00000000 load:0xffffffff
       56982000	      2747	8000228e	c40a	c.swsp	x2,8(x2)	  x2:0x8002cc60  x2:0x8002cc60 PA:0x8002cc68 store:0x8002cc60 load:0xffffffff
       57122000	      2754	80002290	c60e	c.swsp	x3,12(x2)	  x2:0x8002cc60  x3:0x00000000 PA:0x8002cc6c store:0x00000000 load:0xffffffff
       57242000	      2760	80002292	c812	c.swsp	x4,16(x2)	  x2:0x8002cc60  x4:0x00000000 PA:0x8002cc70 store:0x00000000 load:0xffffffff
       57262000	      2761	80002294	ca16	c.swsp	x5,20(x2)	  x2:0x8002cc60  x5:0x00000000 PA:0x8002cc74 store:0x00000000 load:0xffffffff
       57402000	      2768	80002296	cc1a	c.swsp	x6,24(x2)	  x2:0x8002cc60  x6:0x00000000 PA:0x8002cc78 store:0x00000000 load:0xffffffff
       57462000	      2771	80002298	ce1e	c.swsp	x7,28(x2)	  x2:0x8002cc60  x7:0x00000000 PA:0x8002cc7c store:0x00000000 load:0xffffffff
       57562000	      2776	8000229a	d022	c.swsp	x8,32(x2)	  x2:0x8002cc60  x8:0x00000000 PA:0x8002cc80 store:0x00000000 load:0xffffffff
       57622000	      2779	8000229c	d226	c.swsp	x9,36(x2)	  x2:0x8002cc60  x9:0x80002eec PA:0x8002cc84 store:0x80002eec load:0xffffffff
       58002000	      2798	8000229e	d42a	c.swsp	x10,40(x2)	  x2:0x8002cc60 x10:0x8ffffffc PA:0x8002cc88 store:0x8ffffffc load:0xffffffff
       58062000	      2801	800022a0	d62e	c.swsp	x11,44(x2)	  x2:0x8002cc60 x11:0x00000000 PA:0x8002cc8c store:0x00000000 load:0xffffffff
       58082000	      2802	800022a2	d832	c.swsp	x12,48(x2)	  x2:0x8002cc60 x12:0x00000000 PA:0x8002cc90 store:0x00000000 load:0xffffffff
       58102000	      2803	800022a4	da36	c.swsp	x13,52(x2)	  x2:0x8002cc60 x13:0x00000000 PA:0x8002cc94 store:0x00000000 load:0xffffffff
       58522000	      2824	800022a6	dc3a	c.swsp	x14,56(x2)	  x2:0x8002cc60 x14:0x00000000 PA:0x8002cc98 store:0x00000000 load:0xffffffff
       58742000	      2835	800022a8	de3e	c.swsp	x15,60(x2)	  x2:0x8002cc60 x15:0x8002cce0 PA:0x8002cc9c store:0x8002cce0 load:0xffffffff
       58762000	      2836	800022aa	c0c2	c.swsp	x16,64(x2)	  x2:0x8002cc60 x16:0x00000000 PA:0x8002cca0 store:0x00000000 load:0xffffffff
       58902000	      2843	800022ac	c2c6	c.swsp	x17,68(x2)	  x2:0x8002cc60 x17:0x00000000 PA:0x8002cca4 store:0x00000000 load:0xffffffff
       58962000	      2846	800022ae	c4ca	c.swsp	x18,72(x2)	  x2:0x8002cc60 x18:0x00000000 PA:0x8002cca8 store:0x00000000 load:0xffffffff
       59142000	      2855	800022b0	c6ce	c.swsp	x19,76(x2)	  x2:0x8002cc60 x19:0x00000000 PA:0x8002ccac store:0x00000000 load:0xffffffff
       59342000	      2865	800022b2	c8d2	c.swsp	x20,80(x2)	  x2:0x8002cc60 x20:0x00000000 PA:0x8002ccb0 store:0x00000000 load:0xffffffff
       59402000	      2868	800022b4	cad6	c.swsp	x21,84(x2)	  x2:0x8002cc60 x21:0x18111000 PA:0x8002ccb4 store:0x18111000 load:0xffffffff
       59422000	      2869	800022b6	ccda	c.swsp	x22,88(x2)	  x2:0x8002cc60 x22:0x00000000 PA:0x8002ccb8 store:0x00000000 load:0xffffffff
       59442000	      2870	800022b8	cede	c.swsp	x23,92(x2)	  x2:0x8002cc60 x23:0x00000000 PA:0x8002ccbc store:0x00000000 load:0xffffffff
       59482000	      2872	800022ba	d0e2	c.swsp	x24,96(x2)	  x2:0x8002cc60 x24:0x00000000 PA:0x8002ccc0 store:0x00000000 load:0xffffffff
       59802000	      2888	800022bc	d2e6	c.swsp	x25,100(x2)	  x2:0x8002cc60 x25:0x00030003 PA:0x8002ccc4 store:0x00030003 load:0xffffffff
       60062000	      2901	800022be	d4ea	c.swsp	x26,104(x2)	  x2:0x8002cc60 x26:0x00000000 PA:0x8002ccc8 store:0x00000000 load:0xffffffff
       60422000	      2919	800022c0	d6ee	c.swsp	x27,108(x2)	  x2:0x8002cc60 x27:0x00000000 PA:0x8002cccc store:0x00000000 load:0xffffffff
       60882000	      2942	800022c2	d8f2	c.swsp	x28,112(x2)	  x2:0x8002cc60 x28:0x00000000 PA:0x8002ccd0 store:0x00000000 load:0xffffffff
       61102000	      2953	800022c4	daf6	c.swsp	x29,116(x2)	  x2:0x8002cc60 x29:0x00000000 PA:0x8002ccd4 store:0x00000000 load:0xffffffff
       61202000	      2958	800022c6	dcfa	c.swsp	x30,120(x2)	  x2:0x8002cc60 x30:0x00000000 PA:0x8002ccd8 store:0x00000000 load:0xffffffff
       61222000	      2959	800022c8	defe	c.swsp	x31,124(x2)	  x2:0x8002cc60 x31:0x00000000 PA:0x8002ccdc store:0x00000000 load:0xffffffff
       61242000	      2960	800022ca	000107b3	add	x15,x2,x0	  x2:0x8002cc60  x0:0x00000000 x15=0x8002cc60
       61262000	      2961	800022ce	90000537	lui	x10,0x90000	 x10=0x90000000
       61282000	      2962	800022d2	1571	c.addi	x10,-4	 x10:0x90000000 x10=0x8ffffffc
       61302000	      2963	800022d4	4ca1	c.li	x25,8	 x25=0x00000008
       61322000	      2964	800022d6	0ca2	c.slli	x25,0x8	 x25:0x00000008 x25=0x00000800
       61342000	      2965	800022d8	000c8c93	addi	x25,x25,0	 x25:0x00000800 x25=0x00000800
       61802000	      2988	800022dc	01952023	sw	x25,0(x10)	 x10:0x8ffffffc x25:0x00000800 PA:0x8ffffffc store:0x00000800 load:0xffffffff
       61822000	      2989	800022e0	34102cf3	csrrs	x25,mepc,x0	  x0:0x00000000 x25=0x80000528
       61842000	      2990	800022e4	34202cf3	csrrs	x25,mcause,x0	  x0:0x00000000 x25=0x00000007
       61862000	      2991	800022e8	450d	c.li	x10,3	 x10=0x00000003
       61882000	      2992	800022ea	00ac9463	bne	x25,x10,800022f2	 x25:0x00000007 x10:0x00000003
       62562000	      3026	800022f2	4521	c.li	x10,8	 x10=0x00000008
       62582000	      3027	800022f4	04ac8d63	beq	x25,x10,8000234e	 x25:0x00000007 x10:0x00000008
       62602000	      3028	800022f8	4525	c.li	x10,9	 x10=0x00000009
       63022000	      3049	800022fa	04ac8a63	beq	x25,x10,8000234e	 x25:0x00000007 x10:0x00000009
       63042000	      3050	800022fe	452d	c.li	x10,11	 x10=0x0000000b
       63062000	      3051	80002300	04ac8763	beq	x25,x10,8000234e	 x25:0x00000007 x10:0x0000000b
       63362000	      3066	80002304	4505	c.li	x10,1	 x10=0x00000001
       63382000	      3067	80002306	34ac8363	beq	x25,x10,8000264c	 x25:0x00000007 x10:0x00000001
       63402000	      3068	8000230a	4515	c.li	x10,5	 x10=0x00000005
       63522000	      3074	8000230c	60ac8263	beq	x25,x10,80002910	 x25:0x00000007 x10:0x00000005
       63542000	      3075	80002310	451d	c.li	x10,7	 x10=0x00000007
       63562000	      3076	80002312	0eac8ce3	beq	x25,x10,80002c0a	 x25:0x00000007 x10:0x00000007
       64162000	      3106	80002c0a	90000537	lui	x10,0x90000	 x10=0x90000000
       64182000	      3107	80002c0e	1571	c.addi	x10,-4	 x10:0x90000000 x10=0x8ffffffc
       64402000	      3118	80002c10	4cb1	c.li	x25,12	 x25=0x0000000c
       64422000	      3119	80002c12	0ca2	c.slli	x25,0x8	 x25:0x0000000c x25=0x00000c00
       64442000	      3120	80002c14	000c8c93	addi	x25,x25,0	 x25:0x00000c00 x25=0x00000c00
       65282000	      3162	80002c18	01952023	sw	x25,0(x10)	 x10:0x8ffffffc x25:0x00000c00 PA:0x8ffffffc store:0x00000c00 load:0xffffffff
       65302000	      3163	80002c1c	90000537	lui	x10,0x90000	 x10=0x90000000
       65322000	      3164	80002c20	1571	c.addi	x10,-4	 x10:0x90000000 x10=0x8ffffffc
       65342000	      3165	80002c22	34200c93	addi	x25,x0,834	  x0:0x00000000 x25=0x00000342
       65362000	      3166	80002c26	0ca2	c.slli	x25,0x8	 x25:0x00000342 x25=0x00034200
       65462000	      3171	80002c28	0c8d	c.addi	x25,3	 x25:0x00034200 x25=0x00034203
       65702000	      3183	80002c2a	01952023	sw	x25,0(x10)	 x10:0x8ffffffc x25:0x00034203 PA:0x8ffffffc store:0x00034203 load:0xffffffff
       65902000	      3193	80002c2e	34202cf3	csrrs	x25,mcause,x0	  x0:0x00000000 x25=0x00000007
       65962000	      3196	80002c32	01952023	sw	x25,0(x10)	 x10:0x8ffffffc x25:0x00000007 PA:0x8ffffffc store:0x00000007 load:0xffffffff
       65982000	      3197	80002c36	4c81	c.li	x25,0	 x25=0x00000000
       66002000	      3198	80002c38	8b66	c.mv	x22,x25	  x0:0x00000000 x25:0x00000000 x22=0x00000000
       66022000	      3199	80002c3a	4481	c.li	x9,0	  x9=0x00000000
       66042000	      3200	80002c3c	8cda	c.mv	x25,x22	  x0:0x00000000 x22:0x00000000 x25=0x00000000
       66062000	      3201	80002c3e	8ae6	c.mv	x21,x25	  x0:0x00000000 x25:0x00000000 x21=0x00000000
       66082000	      3202	80002c40	4a81	c.li	x21,0	 x21=0x00000000
       66162000	      3206	80002c42	055c8f63	beq	x25,x21,80002ca0	 x25:0x00000000 x21:0x00000000
       66782000	      3237	80002ca0	3b002573	csrrs	x10,pmpaddr0,x0	  x0:0x00000000 x10=0x20000bbb
       66882000	      3242	80002ca4	3a002a73	csrrs	x20,pmpcfg0,x0	  x0:0x00000000 x20=0x0f0f0f0f
       82782000	      4037	80002ca8	a861	c.j	80002d40	
       82982000	      4047	80002d40	4e11	c.li	x28,4	 x28=0x00000004
       83122000	      4054	80002d42	01eb1c93	slli	x25,x22,0x1e	 x22:0x00000000 x25=0x00000000
       83142000	      4055	80002d46	01ecdc93	srli	x25,x25,0x1e	 x25:0x00000000 x25=0x00000000
       83542000	      4075	80002d4a	419e0ab3	sub	x21,x28,x25	 x28:0x00000004 x25:0x00000000 x21=0x00000004
       83562000	      4076	80002d4e	1afd	c.addi	x21,-1	 x21:0x00000004 x21=0x00000003
       83582000	      4077	80002d50	0a8e	c.slli	x21,0x3	 x21:0x00000003 x21=0x00000018
       83602000	      4078	80002d52	015a1e33	sll	x28,x20,x21	 x20:0x0f0f0f0f x21:0x00000018 x28=0x0f000000
       83622000	      4079	80002d56	0c8e	c.slli	x25,0x3	 x25:0x00000000 x25=0x00000000
       83642000	      4080	80002d58	9ae6	c.add	x21,x25	 x21:0x00000018 x25:0x00000000 x21=0x00000018
       83662000	      4081	80002d5a	015e5e33	srl	x28,x28,x21	 x28:0x0f000000 x21:0x00000018 x28=0x0000000f
       83682000	      4082	80002d5e	01be1a93	slli	x21,x28,0x1b	 x28:0x0000000f x21=0x78000000
       83702000	      4083	80002d62	01eada93	srli	x21,x21,0x1e	 x21:0x78000000 x21=0x00000001
       83722000	      4084	80002d66	040a8563	beq	x21,x0,80002db0	 x21:0x00000001  x0:0x00000000
       83742000	      4085	80002d6a	4c85	c.li	x25,1	 x25=0x00000001
       83762000	      4086	80002d6c	059a8363	beq	x21,x25,80002db2	 x21:0x00000001 x25:0x00000001
       83942000	      4095	80002db2	8cda	c.mv	x25,x22	  x0:0x00000000 x22:0x00000000 x25=0x00000000
       83962000	      4096	80002db4	34302af3	csrrs	x21,mtval,x0	  x0:0x00000000 x21=0x8ffffffc
       83982000	      4097	80002db8	002ada93	srli	x21,x21,0x2	 x21:0x8ffffffc x21=0x23ffffff
       84102000	      4103	80002dbc	000c9563	bne	x25,x0,80002dc6	 x25:0x00000000  x0:0x00000000
       84242000	      4110	80002dc0	fc0ac4e3	blt	x21,x0,80002d88	 x21:0x23ffffff  x0:0x00000000
       84322000	      4114	80002dc4	a019	c.j	80002dca	
       85102000	      4153	80002dca	faaaffe3	bgeu	x21,x10,80002d88	 x21:0x23ffffff x10:0x20000bbb
       85342000	      4165	80002d88	8cda	c.mv	x25,x22	  x0:0x00000000 x22:0x00000000 x25=0x00000000
       85362000	      4166	80002d8a	84aa	c.mv	x9,x10	  x0:0x00000000 x10:0x20000bbb  x9=0x20000bbb
       85382000	      4167	80002d8c	0c85	c.addi	x25,1	 x25:0x00000000 x25=0x00000001
       85402000	      4168	80002d8e	8b66	c.mv	x22,x25	  x0:0x00000000 x25:0x00000001 x22=0x00000001
       85462000	      4171	80002d90	4541	c.li	x10,16	 x10=0x00000010
       85882000	      4192	80002d92	00acd363	bge	x25,x10,80002d98	 x25:0x00000001 x10:0x00000010
       85902000	      4193	80002d96	b55d	c.j	80002c3c	
       85942000	      4195	80002c3c	8cda	c.mv	x25,x22	  x0:0x00000000 x22:0x00000001 x25=0x00000001
       85962000	      4196	80002c3e	8ae6	c.mv	x21,x25	  x0:0x00000000 x25:0x00000001 x21=0x00000001
       85982000	      4197	80002c40	4a81	c.li	x21,0	 x21=0x00000000
       86002000	      4198	80002c42	055c8f63	beq	x25,x21,80002ca0	 x25:0x00000001 x21:0x00000000
       86022000	      4199	80002c46	4a85	c.li	x21,1	 x21=0x00000001
       86062000	      4201	80002c48	075c8163	beq	x25,x21,80002caa	 x25:0x00000001 x21:0x00000001
       86142000	      4205	80002caa	3b102573	csrrs	x10,pmpaddr1,x0	  x0:0x00000000 x10=0x20001554
       86202000	      4208	80002cae	3a002a73	csrrs	x20,pmpcfg0,x0	  x0:0x00000000 x20=0x0f0f0f0f
       86222000	      4209	80002cb2	a079	c.j	80002d40	
       86282000	      4212	80002d40	4e11	c.li	x28,4	 x28=0x00000004
       86302000	      4213	80002d42	01eb1c93	slli	x25,x22,0x1e	 x22:0x00000001 x25=0x40000000
       86362000	      4216	80002d46	01ecdc93	srli	x25,x25,0x1e	 x25:0x40000000 x25=0x00000001
       86382000	      4217	80002d4a	419e0ab3	sub	x21,x28,x25	 x28:0x00000004 x25:0x00000001 x21=0x00000003
       86402000	      4218	80002d4e	1afd	c.addi	x21,-1	 x21:0x00000003 x21=0x00000002
       86442000	      4220	80002d50	0a8e	c.slli	x21,0x3	 x21:0x00000002 x21=0x00000010
       86462000	      4221	80002d52	015a1e33	sll	x28,x20,x21	 x20:0x0f0f0f0f x21:0x00000010 x28=0x0f0f0000
       86482000	      4222	80002d56	0c8e	c.slli	x25,0x3	 x25:0x00000001 x25=0x00000008
       86522000	      4224	80002d58	9ae6	c.add	x21,x25	 x21:0x00000010 x25:0x00000008 x21=0x00000018
       86542000	      4225	80002d5a	015e5e33	srl	x28,x28,x21	 x28:0x0f0f0000 x21:0x00000018 x28=0x0000000f
       86582000	      4227	80002d5e	01be1a93	slli	x21,x28,0x1b	 x28:0x0000000f x21=0x78000000
       86602000	      4228	80002d62	01eada93	srli	x21,x21,0x1e	 x21:0x78000000 x21=0x00000001
       86622000	      4229	80002d66	040a8563	beq	x21,x0,80002db0	 x21:0x00000001  x0:0x00000000
       86642000	      4230	80002d6a	4c85	c.li	x25,1	 x25=0x00000001
       86662000	      4231	80002d6c	059a8363	beq	x21,x25,80002db2	 x21:0x00000001 x25:0x00000001
       86722000	      4234	80002db2	8cda	c.mv	x25,x22	  x0:0x00000000 x22:0x00000001 x25=0x00000001
       86742000	      4235	80002db4	34302af3	csrrs	x21,mtval,x0	  x0:0x00000000 x21=0x8ffffffc
       86762000	      4236	80002db8	002ada93	srli	x21,x21,0x2	 x21:0x8ffffffc x21=0x23ffffff
       86782000	      4237	80002dbc	000c9563	bne	x25,x0,80002dc6	 x25:0x00000001  x0:0x00000000
       86862000	      4241	80002dc6	fc9ae1e3	bltu	x21,x9,80002d88	 x21:0x23ffffff  x9:0x20000bbb
       86882000	      4242	80002dca	faaaffe3	bgeu	x21,x10,80002d88	 x21:0x23ffffff x10:0x20001554
       86922000	      4244	80002d88	8cda	c.mv	x25,x22	  x0:0x00000000 x22:0x00000001 x25=0x00000001
       86942000	      4245	80002d8a	84aa	c.mv	x9,x10	  x0:0x00000000 x10:0x20001554  x9=0x20001554
       86962000	      4246	80002d8c	0c85	c.addi	x25,1	 x25:0x00000001 x25=0x00000002
       86982000	      4247	80002d8e	8b66	c.mv	x22,x25	  x0:0x00000000 x25:0x00000002 x22=0x00000002
       87002000	      4248	80002d90	4541	c.li	x10,16	 x10=0x00000010
       87022000	      4249	80002d92	00acd363	bge	x25,x10,80002d98	 x25:0x00000002 x10:0x00000010
       87042000	      4250	80002d96	b55d	c.j	80002c3c	
       87082000	      4252	80002c3c	8cda	c.mv	x25,x22	  x0:0x00000000 x22:0x00000002 x25=0x00000002
       87102000	      4253	80002c3e	8ae6	c.mv	x21,x25	  x0:0x00000000 x25:0x00000002 x21=0x00000002
       87122000	      4254	80002c40	4a81	c.li	x21,0	 x21=0x00000000
       87142000	      4255	80002c42	055c8f63	beq	x25,x21,80002ca0	 x25:0x00000002 x21:0x00000000
       87162000	      4256	80002c46	4a85	c.li	x21,1	 x21=0x00000001
       87182000	      4257	80002c48	075c8163	beq	x25,x21,80002caa	 x25:0x00000002 x21:0x00000001
       87202000	      4258	80002c4c	4a89	c.li	x21,2	 x21=0x00000002
       87222000	      4259	80002c4e	075c8363	beq	x25,x21,80002cb4	 x25:0x00000002 x21:0x00000002
       87262000	      4261	80002cb4	3b202573	csrrs	x10,pmpaddr2,x0	  x0:0x00000000 x10=0x20001eee
       87282000	      4262	80002cb8	3a002a73	csrrs	x20,pmpcfg0,x0	  x0:0x00000000 x20=0x0f0f0f0f
       87302000	      4263	80002cbc	a051	c.j	80002d40	
       87342000	      4265	80002d40	4e11	c.li	x28,4	 x28=0x00000004
       87362000	      4266	80002d42	01eb1c93	slli	x25,x22,0x1e	 x22:0x00000002 x25=0x80000000
       87382000	      4267	80002d46	01ecdc93	srli	x25,x25,0x1e	 x25:0x80000000 x25=0x00000002
       87402000	      4268	80002d4a	419e0ab3	sub	x21,x28,x25	 x28:0x00000004 x25:0x00000002 x21=0x00000002
       87422000	      4269	80002d4e	1afd	c.addi	x21,-1	 x21:0x00000002 x21=0x00000001
       87442000	      4270	80002d50	0a8e	c.slli	x21,0x3	 x21:0x00000001 x21=0x00000008
       87462000	      4271	80002d52	015a1e33	sll	x28,x20,x21	 x20:0x0f0f0f0f x21:0x00000008 x28=0x0f0f0f00
       87482000	      4272	80002d56	0c8e	c.slli	x25,0x3	 x25:0x00000002 x25=0x00000010
       87502000	      4273	80002d58	9ae6	c.add	x21,x25	 x21:0x00000008 x25:0x00000010 x21=0x00000018
       87522000	      4274	80002d5a	015e5e33	srl	x28,x28,x21	 x28:0x0f0f0f00 x21:0x00000018 x28=0x0000000f
       87542000	      4275	80002d5e	01be1a93	slli	x21,x28,0x1b	 x28:0x0000000f x21=0x78000000
       87562000	      4276	80002d62	01eada93	srli	x21,x21,0x1e	 x21:0x78000000 x21=0x00000001
       87582000	      4277	80002d66	040a8563	beq	x21,x0,80002db0	 x21:0x00000001  x0:0x00000000
       87602000	      4278	80002d6a	4c85	c.li	x25,1	 x25=0x00000001
       87622000	      4279	80002d6c	059a8363	beq	x21,x25,80002db2	 x21:0x00000001 x25:0x00000001
       87682000	      4282	80002db2	8cda	c.mv	x25,x22	  x0:0x00000000 x22:0x00000002 x25=0x00000002
       87702000	      4283	80002db4	34302af3	csrrs	x21,mtval,x0	  x0:0x00000000 x21=0x8ffffffc
       87722000	      4284	80002db8	002ada93	srli	x21,x21,0x2	 x21:0x8ffffffc x21=0x23ffffff
       87742000	      4285	80002dbc	000c9563	bne	x25,x0,80002dc6	 x25:0x00000002  x0:0x00000000
       87822000	      4289	80002dc6	fc9ae1e3	bltu	x21,x9,80002d88	 x21:0x23ffffff  x9:0x20001554
       87842000	      4290	80002dca	faaaffe3	bgeu	x21,x10,80002d88	 x21:0x23ffffff x10:0x20001eee
       87882000	      4292	80002d88	8cda	c.mv	x25,x22	  x0:0x00000000 x22:0x00000002 x25=0x00000002
       87902000	      4293	80002d8a	84aa	c.mv	x9,x10	  x0:0x00000000 x10:0x20001eee  x9=0x20001eee
       87922000	      4294	80002d8c	0c85	c.addi	x25,1	 x25:0x00000002 x25=0x00000003
       87942000	      4295	80002d8e	8b66	c.mv	x22,x25	  x0:0x00000000 x25:0x00000003 x22=0x00000003
       87962000	      4296	80002d90	4541	c.li	x10,16	 x10=0x00000010
       87982000	      4297	80002d92	00acd363	bge	x25,x10,80002d98	 x25:0x00000003 x10:0x00000010
       88002000	      4298	80002d96	b55d	c.j	80002c3c	
       88042000	      4300	80002c3c	8cda	c.mv	x25,x22	  x0:0x00000000 x22:0x00000003 x25=0x00000003
       88062000	      4301	80002c3e	8ae6	c.mv	x21,x25	  x0:0x00000000 x25:0x00000003 x21=0x00000003
       88082000	      4302	80002c40	4a81	c.li	x21,0	 x21=0x00000000
       88102000	      4303	80002c42	055c8f63	beq	x25,x21,80002ca0	 x25:0x00000003 x21:0x00000000
       88122000	      4304	80002c46	4a85	c.li	x21,1	 x21=0x00000001
       88142000	      4305	80002c48	075c8163	beq	x25,x21,80002caa	 x25:0x00000003 x21:0x00000001
       88162000	      4306	80002c4c	4a89	c.li	x21,2	 x21=0x00000002
       88182000	      4307	80002c4e	075c8363	beq	x25,x21,80002cb4	 x25:0x00000003 x21:0x00000002
       88202000	      4308	80002c52	4a8d	c.li	x21,3	 x21=0x00000003
       88222000	      4309	80002c54	075c8563	beq	x25,x21,80002cbe	 x25:0x00000003 x21:0x00000003
       88342000	      4315	80002cbe	3b302573	csrrs	x10,pmpaddr3,x0	  x0:0x00000000 x10=0x20002887
       88362000	      4316	80002cc2	3a002a73	csrrs	x20,pmpcfg0,x0	  x0:0x00000000 x20=0x0f0f0f0f
       88382000	      4317	80002cc6	a8ad	c.j	80002d40	
       88422000	      4319	80002d40	4e11	c.li	x28,4	 x28=0x00000004
       88442000	      4320	80002d42	01eb1c93	slli	x25,x22,0x1e	 x22:0x00000003 x25=0xc0000000
       88482000	      4322	80002d46	01ecdc93	srli	x25,x25,0x1e	 x25:0xc0000000 x25=0x00000003
       88502000	      4323	80002d4a	419e0ab3	sub	x21,x28,x25	 x28:0x00000004 x25:0x00000003 x21=0x00000001
       88522000	      4324	80002d4e	1afd	c.addi	x21,-1	 x21:0x00000001 x21=0x00000000
       88542000	      4325	80002d50	0a8e	c.slli	x21,0x3	 x21:0x00000000 x21=0x00000000
       88562000	      4326	80002d52	015a1e33	sll	x28,x20,x21	 x20:0x0f0f0f0f x21:0x00000000 x28=0x0f0f0f0f
       88582000	      4327	80002d56	0c8e	c.slli	x25,0x3	 x25:0x00000003 x25=0x00000018
       88602000	      4328	80002d58	9ae6	c.add	x21,x25	 x21:0x00000000 x25:0x00000018 x21=0x00000018
       88622000	      4329	80002d5a	015e5e33	srl	x28,x28,x21	 x28:0x0f0f0f0f x21:0x00000018 x28=0x0000000f
       88642000	      4330	80002d5e	01be1a93	slli	x21,x28,0x1b	 x28:0x0000000f x21=0x78000000
       88662000	      4331	80002d62	01eada93	srli	x21,x21,0x1e	 x21:0x78000000 x21=0x00000001
       88682000	      4332	80002d66	040a8563	beq	x21,x0,80002db0	 x21:0x00000001  x0:0x00000000
       88702000	      4333	80002d6a	4c85	c.li	x25,1	 x25=0x00000001
       88722000	      4334	80002d6c	059a8363	beq	x21,x25,80002db2	 x21:0x00000001 x25:0x00000001
       88782000	      4337	80002db2	8cda	c.mv	x25,x22	  x0:0x00000000 x22:0x00000003 x25=0x00000003
       88802000	      4338	80002db4	34302af3	csrrs	x21,mtval,x0	  x0:0x00000000 x21=0x8ffffffc
       88822000	      4339	80002db8	002ada93	srli	x21,x21,0x2	 x21:0x8ffffffc x21=0x23ffffff
       88842000	      4340	80002dbc	000c9563	bne	x25,x0,80002dc6	 x25:0x00000003  x0:0x00000000
       88902000	      4343	80002dc6	fc9ae1e3	bltu	x21,x9,80002d88	 x21:0x23ffffff  x9:0x20001eee
       88922000	      4344	80002dca	faaaffe3	bgeu	x21,x10,80002d88	 x21:0x23ffffff x10:0x20002887
       88962000	      4346	80002d88	8cda	c.mv	x25,x22	  x0:0x00000000 x22:0x00000003 x25=0x00000003
       88982000	      4347	80002d8a	84aa	c.mv	x9,x10	  x0:0x00000000 x10:0x20002887  x9=0x20002887
       89002000	      4348	80002d8c	0c85	c.addi	x25,1	 x25:0x00000003 x25=0x00000004
       89022000	      4349	80002d8e	8b66	c.mv	x22,x25	  x0:0x00000000 x25:0x00000004 x22=0x00000004
       89042000	      4350	80002d90	4541	c.li	x10,16	 x10=0x00000010
       89062000	      4351	80002d92	00acd363	bge	x25,x10,80002d98	 x25:0x00000004 x10:0x00000010
       89082000	      4352	80002d96	b55d	c.j	80002c3c	
       89122000	      4354	80002c3c	8cda	c.mv	x25,x22	  x0:0x00000000 x22:0x00000004 x25=0x00000004
       89142000	      4355	80002c3e	8ae6	c.mv	x21,x25	  x0:0x00000000 x25:0x00000004 x21=0x00000004
       89162000	      4356	80002c40	4a81	c.li	x21,0	 x21=0x00000000
       89182000	      4357	80002c42	055c8f63	beq	x25,x21,80002ca0	 x25:0x00000004 x21:0x00000000
       89202000	      4358	80002c46	4a85	c.li	x21,1	 x21=0x00000001
       89222000	      4359	80002c48	075c8163	beq	x25,x21,80002caa	 x25:0x00000004 x21:0x00000001
       89242000	      4360	80002c4c	4a89	c.li	x21,2	 x21=0x00000002
       89262000	      4361	80002c4e	075c8363	beq	x25,x21,80002cb4	 x25:0x00000004 x21:0x00000002
       89282000	      4362	80002c52	4a8d	c.li	x21,3	 x21=0x00000003
       89302000	      4363	80002c54	075c8563	beq	x25,x21,80002cbe	 x25:0x00000004 x21:0x00000003
       89322000	      4364	80002c58	4a91	c.li	x21,4	 x21=0x00000004
       89342000	      4365	80002c5a	075c8763	beq	x25,x21,80002cc8	 x25:0x00000004 x21:0x00000004
       89382000	      4367	80002cc8	3b402573	csrrs	x10,pmpaddr4,x0	  x0:0x00000000 x10=0x20003221
       89402000	      4368	80002ccc	3a102a73	csrrs	x20,pmpcfg1,x0	  x0:0x00000000 x20=0x0f0f0f0f
       89422000	      4369	80002cd0	a885	c.j	80002d40	
       89462000	      4371	80002d40	4e11	c.li	x28,4	 x28=0x00000004
       89482000	      4372	80002d42	01eb1c93	slli	x25,x22,0x1e	 x22:0x00000004 x25=0x00000000
       89502000	      4373	80002d46	01ecdc93	srli	x25,x25,0x1e	 x25:0x00000000 x25=0x00000000
       89522000	      4374	80002d4a	419e0ab3	sub	x21,x28,x25	 x28:0x00000004 x25:0x00000000 x21=0x00000004
       89542000	      4375	80002d4e	1afd	c.addi	x21,-1	 x21:0x00000004 x21=0x00000003
       89562000	      4376	80002d50	0a8e	c.slli	x21,0x3	 x21:0x00000003 x21=0x00000018
       89582000	      4377	80002d52	015a1e33	sll	x28,x20,x21	 x20:0x0f0f0f0f x21:0x00000018 x28=0x0f000000
       89602000	      4378	80002d56	0c8e	c.slli	x25,0x3	 x25:0x00000000 x25=0x00000000
       89622000	      4379	80002d58	9ae6	c.add	x21,x25	 x21:0x00000018 x25:0x00000000 x21=0x00000018
       89642000	      4380	80002d5a	015e5e33	srl	x28,x28,x21	 x28:0x0f000000 x21:0x00000018 x28=0x0000000f
       89662000	      4381	80002d5e	01be1a93	slli	x21,x28,0x1b	 x28:0x0000000f x21=0x78000000
       89682000	      4382	80002d62	01eada93	srli	x21,x21,0x1e	 x21:0x78000000 x21=0x00000001
       89702000	      4383	80002d66	040a8563	beq	x21,x0,80002db0	 x21:0x00000001  x0:0x00000000
       89722000	      4384	80002d6a	4c85	c.li	x25,1	 x25=0x00000001
       89742000	      4385	80002d6c	059a8363	beq	x21,x25,80002db2	 x21:0x00000001 x25:0x00000001
       89782000	      4387	80002db2	8cda	c.mv	x25,x22	  x0:0x00000000 x22:0x00000004 x25=0x00000004
       89802000	      4388	80002db4	34302af3	csrrs	x21,mtval,x0	  x0:0x00000000 x21=0x8ffffffc
       89822000	      4389	80002db8	002ada93	srli	x21,x21,0x2	 x21:0x8ffffffc x21=0x23ffffff
       89842000	      4390	80002dbc	000c9563	bne	x25,x0,80002dc6	 x25:0x00000004  x0:0x00000000
       89902000	      4393	80002dc6	fc9ae1e3	bltu	x21,x9,80002d88	 x21:0x23ffffff  x9:0x20002887
       89922000	      4394	80002dca	faaaffe3	bgeu	x21,x10,80002d88	 x21:0x23ffffff x10:0x20003221
       89962000	      4396	80002d88	8cda	c.mv	x25,x22	  x0:0x00000000 x22:0x00000004 x25=0x00000004
       89982000	      4397	80002d8a	84aa	c.mv	x9,x10	  x0:0x00000000 x10:0x20003221  x9=0x20003221
       90002000	      4398	80002d8c	0c85	c.addi	x25,1	 x25:0x00000004 x25=0x00000005
       90022000	      4399	80002d8e	8b66	c.mv	x22,x25	  x0:0x00000000 x25:0x00000005 x22=0x00000005
       90042000	      4400	80002d90	4541	c.li	x10,16	 x10=0x00000010
       90062000	      4401	80002d92	00acd363	bge	x25,x10,80002d98	 x25:0x00000005 x10:0x00000010
       90082000	      4402	80002d96	b55d	c.j	80002c3c	
       90122000	      4404	80002c3c	8cda	c.mv	x25,x22	  x0:0x00000000 x22:0x00000005 x25=0x00000005
       90142000	      4405	80002c3e	8ae6	c.mv	x21,x25	  x0:0x00000000 x25:0x00000005 x21=0x00000005
       90162000	      4406	80002c40	4a81	c.li	x21,0	 x21=0x00000000
       90182000	      4407	80002c42	055c8f63	beq	x25,x21,80002ca0	 x25:0x00000005 x21:0x00000000
       90202000	      4408	80002c46	4a85	c.li	x21,1	 x21=0x00000001
       90222000	      4409	80002c48	075c8163	beq	x25,x21,80002caa	 x25:0x00000005 x21:0x00000001
       90242000	      4410	80002c4c	4a89	c.li	x21,2	 x21=0x00000002
       90262000	      4411	80002c4e	075c8363	beq	x25,x21,80002cb4	 x25:0x00000005 x21:0x00000002
       90282000	      4412	80002c52	4a8d	c.li	x21,3	 x21=0x00000003
       90302000	      4413	80002c54	075c8563	beq	x25,x21,80002cbe	 x25:0x00000005 x21:0x00000003
       90322000	      4414	80002c58	4a91	c.li	x21,4	 x21=0x00000004
       90342000	      4415	80002c5a	075c8763	beq	x25,x21,80002cc8	 x25:0x00000005 x21:0x00000004
       90362000	      4416	80002c5e	4a95	c.li	x21,5	 x21=0x00000005
       90382000	      4417	80002c60	075c8963	beq	x25,x21,80002cd2	 x25:0x00000005 x21:0x00000005
       90442000	      4420	80002cd2	3b502573	csrrs	x10,pmpaddr5,x0	  x0:0x00000000 x10=0x20003bba
       90462000	      4421	80002cd6	3a102a73	csrrs	x20,pmpcfg1,x0	  x0:0x00000000 x20=0x0f0f0f0f
       90482000	      4422	80002cda	a09d	c.j	80002d40	
       90522000	      4424	80002d40	4e11	c.li	x28,4	 x28=0x00000004
       90542000	      4425	80002d42	01eb1c93	slli	x25,x22,0x1e	 x22:0x00000005 x25=0x40000000
       90562000	      4426	80002d46	01ecdc93	srli	x25,x25,0x1e	 x25:0x40000000 x25=0x00000001
       90582000	      4427	80002d4a	419e0ab3	sub	x21,x28,x25	 x28:0x00000004 x25:0x00000001 x21=0x00000003
       90602000	      4428	80002d4e	1afd	c.addi	x21,-1	 x21:0x00000003 x21=0x00000002
       90622000	      4429	80002d50	0a8e	c.slli	x21,0x3	 x21:0x00000002 x21=0x00000010
       90642000	      4430	80002d52	015a1e33	sll	x28,x20,x21	 x20:0x0f0f0f0f x21:0x00000010 x28=0x0f0f0000
       90662000	      4431	80002d56	0c8e	c.slli	x25,0x3	 x25:0x00000001 x25=0x00000008
       90682000	      4432	80002d58	9ae6	c.add	x21,x25	 x21:0x00000010 x25:0x00000008 x21=0x00000018
       90702000	      4433	80002d5a	015e5e33	srl	x28,x28,x21	 x28:0x0f0f0000 x21:0x00000018 x28=0x0000000f
       90722000	      4434	80002d5e	01be1a93	slli	x21,x28,0x1b	 x28:0x0000000f x21=0x78000000
       90742000	      4435	80002d62	01eada93	srli	x21,x21,0x1e	 x21:0x78000000 x21=0x00000001
       90762000	      4436	80002d66	040a8563	beq	x21,x0,80002db0	 x21:0x00000001  x0:0x00000000
       90782000	      4437	80002d6a	4c85	c.li	x25,1	 x25=0x00000001
       90802000	      4438	80002d6c	059a8363	beq	x21,x25,80002db2	 x21:0x00000001 x25:0x00000001
       90862000	      4441	80002db2	8cda	c.mv	x25,x22	  x0:0x00000000 x22:0x00000005 x25=0x00000005
       90882000	      4442	80002db4	34302af3	csrrs	x21,mtval,x0	  x0:0x00000000 x21=0x8ffffffc
       90902000	      4443	80002db8	002ada93	srli	x21,x21,0x2	 x21:0x8ffffffc x21=0x23ffffff
       90922000	      4444	80002dbc	000c9563	bne	x25,x0,80002dc6	 x25:0x00000005  x0:0x00000000
       91002000	      4448	80002dc6	fc9ae1e3	bltu	x21,x9,80002d88	 x21:0x23ffffff  x9:0x20003221
       91022000	      4449	80002dca	faaaffe3	bgeu	x21,x10,80002d88	 x21:0x23ffffff x10:0x20003bba
       91062000	      4451	80002d88	8cda	c.mv	x25,x22	  x0:0x00000000 x22:0x00000005 x25=0x00000005
       91082000	      4452	80002d8a	84aa	c.mv	x9,x10	  x0:0x00000000 x10:0x20003bba  x9=0x20003bba
       91102000	      4453	80002d8c	0c85	c.addi	x25,1	 x25:0x00000005 x25=0x00000006
       91122000	      4454	80002d8e	8b66	c.mv	x22,x25	  x0:0x00000000 x25:0x00000006 x22=0x00000006
       91142000	      4455	80002d90	4541	c.li	x10,16	 x10=0x00000010
       91162000	      4456	80002d92	00acd363	bge	x25,x10,80002d98	 x25:0x00000006 x10:0x00000010
       91182000	      4457	80002d96	b55d	c.j	80002c3c	
       91222000	      4459	80002c3c	8cda	c.mv	x25,x22	  x0:0x00000000 x22:0x00000006 x25=0x00000006
       91242000	      4460	80002c3e	8ae6	c.mv	x21,x25	  x0:0x00000000 x25:0x00000006 x21=0x00000006
       91262000	      4461	80002c40	4a81	c.li	x21,0	 x21=0x00000000
       91282000	      4462	80002c42	055c8f63	beq	x25,x21,80002ca0	 x25:0x00000006 x21:0x00000000
       91302000	      4463	80002c46	4a85	c.li	x21,1	 x21=0x00000001
       91322000	      4464	80002c48	075c8163	beq	x25,x21,80002caa	 x25:0x00000006 x21:0x00000001
       91342000	      4465	80002c4c	4a89	c.li	x21,2	 x21=0x00000002
       91362000	      4466	80002c4e	075c8363	beq	x25,x21,80002cb4	 x25:0x00000006 x21:0x00000002
       91382000	      4467	80002c52	4a8d	c.li	x21,3	 x21=0x00000003
       91402000	      4468	80002c54	075c8563	beq	x25,x21,80002cbe	 x25:0x00000006 x21:0x00000003
       91422000	      4469	80002c58	4a91	c.li	x21,4	 x21=0x00000004
       91442000	      4470	80002c5a	075c8763	beq	x25,x21,80002cc8	 x25:0x00000006 x21:0x00000004
       91462000	      4471	80002c5e	4a95	c.li	x21,5	 x21=0x00000005
       91482000	      4472	80002c60	075c8963	beq	x25,x21,80002cd2	 x25:0x00000006 x21:0x00000005
       91502000	      4473	80002c64	4a99	c.li	x21,6	 x21=0x00000006
       91522000	      4474	80002c66	075c8b63	beq	x25,x21,80002cdc	 x25:0x00000006 x21:0x00000006
       91562000	      4476	80002cdc	3b602573	csrrs	x10,pmpaddr6,x0	  x0:0x00000000 x10=0x20004554
       91582000	      4477	80002ce0	3a102a73	csrrs	x20,pmpcfg1,x0	  x0:0x00000000 x20=0x0f0f0f0f
       91602000	      4478	80002ce4	a8b1	c.j	80002d40	
       91642000	      4480	80002d40	4e11	c.li	x28,4	 x28=0x00000004
       91662000	      4481	80002d42	01eb1c93	slli	x25,x22,0x1e	 x22:0x00000006 x25=0x80000000
       91682000	      4482	80002d46	01ecdc93	srli	x25,x25,0x1e	 x25:0x80000000 x25=0x00000002
       91702000	      4483	80002d4a	419e0ab3	sub	x21,x28,x25	 x28:0x00000004 x25:0x00000002 x21=0x00000002
       91722000	      4484	80002d4e	1afd	c.addi	x21,-1	 x21:0x00000002 x21=0x00000001
       91742000	      4485	80002d50	0a8e	c.slli	x21,0x3	 x21:0x00000001 x21=0x00000008
       91762000	      4486	80002d52	015a1e33	sll	x28,x20,x21	 x20:0x0f0f0f0f x21:0x00000008 x28=0x0f0f0f00
       91782000	      4487	80002d56	0c8e	c.slli	x25,0x3	 x25:0x00000002 x25=0x00000010
       91802000	      4488	80002d58	9ae6	c.add	x21,x25	 x21:0x00000008 x25:0x00000010 x21=0x00000018
       91822000	      4489	80002d5a	015e5e33	srl	x28,x28,x21	 x28:0x0f0f0f00 x21:0x00000018 x28=0x0000000f
       91842000	      4490	80002d5e	01be1a93	slli	x21,x28,0x1b	 x28:0x0000000f x21=0x78000000
       91862000	      4491	80002d62	01eada93	srli	x21,x21,0x1e	 x21:0x78000000 x21=0x00000001
       91882000	      4492	80002d66	040a8563	beq	x21,x0,80002db0	 x21:0x00000001  x0:0x00000000
       91902000	      4493	80002d6a	4c85	c.li	x25,1	 x25=0x00000001
       91922000	      4494	80002d6c	059a8363	beq	x21,x25,80002db2	 x21:0x00000001 x25:0x00000001
       91962000	      4496	80002db2	8cda	c.mv	x25,x22	  x0:0x00000000 x22:0x00000006 x25=0x00000006
       91982000	      4497	80002db4	34302af3	csrrs	x21,mtval,x0	  x0:0x00000000 x21=0x8ffffffc
       92002000	      4498	80002db8	002ada93	srli	x21,x21,0x2	 x21:0x8ffffffc x21=0x23ffffff
       92022000	      4499	80002dbc	000c9563	bne	x25,x0,80002dc6	 x25:0x00000006  x0:0x00000000
       92082000	      4502	80002dc6	fc9ae1e3	bltu	x21,x9,80002d88	 x21:0x23ffffff  x9:0x20003bba
       92102000	      4503	80002dca	faaaffe3	bgeu	x21,x10,80002d88	 x21:0x23ffffff x10:0x20004554
       92162000	      4506	80002d88	8cda	c.mv	x25,x22	  x0:0x00000000 x22:0x00000006 x25=0x00000006
       92182000	      4507	80002d8a	84aa	c.mv	x9,x10	  x0:0x00000000 x10:0x20004554  x9=0x20004554
       92202000	      4508	80002d8c	0c85	c.addi	x25,1	 x25:0x00000006 x25=0x00000007
       92222000	      4509	80002d8e	8b66	c.mv	x22,x25	  x0:0x00000000 x25:0x00000007 x22=0x00000007
       92242000	      4510	80002d90	4541	c.li	x10,16	 x10=0x00000010
       92262000	      4511	80002d92	00acd363	bge	x25,x10,80002d98	 x25:0x00000007 x10:0x00000010
       92282000	      4512	80002d96	b55d	c.j	80002c3c	
       92322000	      4514	80002c3c	8cda	c.mv	x25,x22	  x0:0x00000000 x22:0x00000007 x25=0x00000007
       92342000	      4515	80002c3e	8ae6	c.mv	x21,x25	  x0:0x00000000 x25:0x00000007 x21=0x00000007
       92362000	      4516	80002c40	4a81	c.li	x21,0	 x21=0x00000000
       92382000	      4517	80002c42	055c8f63	beq	x25,x21,80002ca0	 x25:0x00000007 x21:0x00000000
       92402000	      4518	80002c46	4a85	c.li	x21,1	 x21=0x00000001
       92422000	      4519	80002c48	075c8163	beq	x25,x21,80002caa	 x25:0x00000007 x21:0x00000001
       92442000	      4520	80002c4c	4a89	c.li	x21,2	 x21=0x00000002
       92462000	      4521	80002c4e	075c8363	beq	x25,x21,80002cb4	 x25:0x00000007 x21:0x00000002
       92482000	      4522	80002c52	4a8d	c.li	x21,3	 x21=0x00000003
       92502000	      4523	80002c54	075c8563	beq	x25,x21,80002cbe	 x25:0x00000007 x21:0x00000003
       92522000	      4524	80002c58	4a91	c.li	x21,4	 x21=0x00000004
       92542000	      4525	80002c5a	075c8763	beq	x25,x21,80002cc8	 x25:0x00000007 x21:0x00000004
       92562000	      4526	80002c5e	4a95	c.li	x21,5	 x21=0x00000005
       92582000	      4527	80002c60	075c8963	beq	x25,x21,80002cd2	 x25:0x00000007 x21:0x00000005
       92602000	      4528	80002c64	4a99	c.li	x21,6	 x21=0x00000006
       92622000	      4529	80002c66	075c8b63	beq	x25,x21,80002cdc	 x25:0x00000007 x21:0x00000006
       92642000	      4530	80002c6a	4a9d	c.li	x21,7	 x21=0x00000007
       92662000	      4531	80002c6c	075c8d63	beq	x25,x21,80002ce6	 x25:0x00000007 x21:0x00000007
       93042000	      4550	80002ce6	3b702573	csrrs	x10,pmpaddr7,x0	  x0:0x00000000 x10=0x20004eed
       93182000	      4557	80002cea	3a102a73	csrrs	x20,pmpcfg1,x0	  x0:0x00000000 x20=0x0f0f0f0f
       93202000	      4558	80002cee	a889	c.j	80002d40	
       93242000	      4560	80002d40	4e11	c.li	x28,4	 x28=0x00000004
       93262000	      4561	80002d42	01eb1c93	slli	x25,x22,0x1e	 x22:0x00000007 x25=0xc0000000
       93282000	      4562	80002d46	01ecdc93	srli	x25,x25,0x1e	 x25:0xc0000000 x25=0x00000003
       93302000	      4563	80002d4a	419e0ab3	sub	x21,x28,x25	 x28:0x00000004 x25:0x00000003 x21=0x00000001
       93322000	      4564	80002d4e	1afd	c.addi	x21,-1	 x21:0x00000001 x21=0x00000000
       93342000	      4565	80002d50	0a8e	c.slli	x21,0x3	 x21:0x00000000 x21=0x00000000
       93362000	      4566	80002d52	015a1e33	sll	x28,x20,x21	 x20:0x0f0f0f0f x21:0x00000000 x28=0x0f0f0f0f
       93382000	      4567	80002d56	0c8e	c.slli	x25,0x3	 x25:0x00000003 x25=0x00000018
       93402000	      4568	80002d58	9ae6	c.add	x21,x25	 x21:0x00000000 x25:0x00000018 x21=0x00000018
       93422000	      4569	80002d5a	015e5e33	srl	x28,x28,x21	 x28:0x0f0f0f0f x21:0x00000018 x28=0x0000000f
       93442000	      4570	80002d5e	01be1a93	slli	x21,x28,0x1b	 x28:0x0000000f x21=0x78000000
       93462000	      4571	80002d62	01eada93	srli	x21,x21,0x1e	 x21:0x78000000 x21=0x00000001
       93482000	      4572	80002d66	040a8563	beq	x21,x0,80002db0	 x21:0x00000001  x0:0x00000000
       93502000	      4573	80002d6a	4c85	c.li	x25,1	 x25=0x00000001
       93522000	      4574	80002d6c	059a8363	beq	x21,x25,80002db2	 x21:0x00000001 x25:0x00000001
       93582000	      4577	80002db2	8cda	c.mv	x25,x22	  x0:0x00000000 x22:0x00000007 x25=0x00000007
       93602000	      4578	80002db4	34302af3	csrrs	x21,mtval,x0	  x0:0x00000000 x21=0x8ffffffc
       93622000	      4579	80002db8	002ada93	srli	x21,x21,0x2	 x21:0x8ffffffc x21=0x23ffffff
       93642000	      4580	80002dbc	000c9563	bne	x25,x0,80002dc6	 x25:0x00000007  x0:0x00000000
       93722000	      4584	80002dc6	fc9ae1e3	bltu	x21,x9,80002d88	 x21:0x23ffffff  x9:0x20004554
       93742000	      4585	80002dca	faaaffe3	bgeu	x21,x10,80002d88	 x21:0x23ffffff x10:0x20004eed
       93802000	      4588	80002d88	8cda	c.mv	x25,x22	  x0:0x00000000 x22:0x00000007 x25=0x00000007
       93822000	      4589	80002d8a	84aa	c.mv	x9,x10	  x0:0x00000000 x10:0x20004eed  x9=0x20004eed
       93842000	      4590	80002d8c	0c85	c.addi	x25,1	 x25:0x00000007 x25=0x00000008
       93862000	      4591	80002d8e	8b66	c.mv	x22,x25	  x0:0x00000000 x25:0x00000008 x22=0x00000008
       93882000	      4592	80002d90	4541	c.li	x10,16	 x10=0x00000010
       93902000	      4593	80002d92	00acd363	bge	x25,x10,80002d98	 x25:0x00000008 x10:0x00000010
       93922000	      4594	80002d96	b55d	c.j	80002c3c	
       93962000	      4596	80002c3c	8cda	c.mv	x25,x22	  x0:0x00000000 x22:0x00000008 x25=0x00000008
       93982000	      4597	80002c3e	8ae6	c.mv	x21,x25	  x0:0x00000000 x25:0x00000008 x21=0x00000008
       94002000	      4598	80002c40	4a81	c.li	x21,0	 x21=0x00000000
       94022000	      4599	80002c42	055c8f63	beq	x25,x21,80002ca0	 x25:0x00000008 x21:0x00000000
       94042000	      4600	80002c46	4a85	c.li	x21,1	 x21=0x00000001
       94062000	      4601	80002c48	075c8163	beq	x25,x21,80002caa	 x25:0x00000008 x21:0x00000001
       94082000	      4602	80002c4c	4a89	c.li	x21,2	 x21=0x00000002
       94102000	      4603	80002c4e	075c8363	beq	x25,x21,80002cb4	 x25:0x00000008 x21:0x00000002
       94122000	      4604	80002c52	4a8d	c.li	x21,3	 x21=0x00000003
       94142000	      4605	80002c54	075c8563	beq	x25,x21,80002cbe	 x25:0x00000008 x21:0x00000003
       94162000	      4606	80002c58	4a91	c.li	x21,4	 x21=0x00000004
       94182000	      4607	80002c5a	075c8763	beq	x25,x21,80002cc8	 x25:0x00000008 x21:0x00000004
       94202000	      4608	80002c5e	4a95	c.li	x21,5	 x21=0x00000005
       94222000	      4609	80002c60	075c8963	beq	x25,x21,80002cd2	 x25:0x00000008 x21:0x00000005
       94242000	      4610	80002c64	4a99	c.li	x21,6	 x21=0x00000006
       94262000	      4611	80002c66	075c8b63	beq	x25,x21,80002cdc	 x25:0x00000008 x21:0x00000006
       94282000	      4612	80002c6a	4a9d	c.li	x21,7	 x21=0x00000007
       94302000	      4613	80002c6c	075c8d63	beq	x25,x21,80002ce6	 x25:0x00000008 x21:0x00000007
       94322000	      4614	80002c70	4aa1	c.li	x21,8	 x21=0x00000008
       94342000	      4615	80002c72	075c8f63	beq	x25,x21,80002cf0	 x25:0x00000008 x21:0x00000008
       94382000	      4617	80002cf0	3b802573	csrrs	x10,pmpaddr8,x0	  x0:0x00000000 x10=0x20005887
       94402000	      4618	80002cf4	3a202a73	csrrs	x20,pmpcfg2,x0	  x0:0x00000000 x20=0x0f0f0f0f
       94422000	      4619	80002cf8	a0a1	c.j	80002d40	
       94462000	      4621	80002d40	4e11	c.li	x28,4	 x28=0x00000004
       94482000	      4622	80002d42	01eb1c93	slli	x25,x22,0x1e	 x22:0x00000008 x25=0x00000000
       94502000	      4623	80002d46	01ecdc93	srli	x25,x25,0x1e	 x25:0x00000000 x25=0x00000000
       94522000	      4624	80002d4a	419e0ab3	sub	x21,x28,x25	 x28:0x00000004 x25:0x00000000 x21=0x00000004
       94542000	      4625	80002d4e	1afd	c.addi	x21,-1	 x21:0x00000004 x21=0x00000003
       94582000	      4627	80002d50	0a8e	c.slli	x21,0x3	 x21:0x00000003 x21=0x00000018
       94602000	      4628	80002d52	015a1e33	sll	x28,x20,x21	 x20:0x0f0f0f0f x21:0x00000018 x28=0x0f000000
       94622000	      4629	80002d56	0c8e	c.slli	x25,0x3	 x25:0x00000000 x25=0x00000000
       94642000	      4630	80002d58	9ae6	c.add	x21,x25	 x21:0x00000018 x25:0x00000000 x21=0x00000018
       94662000	      4631	80002d5a	015e5e33	srl	x28,x28,x21	 x28:0x0f000000 x21:0x00000018 x28=0x0000000f
       94682000	      4632	80002d5e	01be1a93	slli	x21,x28,0x1b	 x28:0x0000000f x21=0x78000000
       94702000	      4633	80002d62	01eada93	srli	x21,x21,0x1e	 x21:0x78000000 x21=0x00000001
       94722000	      4634	80002d66	040a8563	beq	x21,x0,80002db0	 x21:0x00000001  x0:0x00000000
       94742000	      4635	80002d6a	4c85	c.li	x25,1	 x25=0x00000001
       94762000	      4636	80002d6c	059a8363	beq	x21,x25,80002db2	 x21:0x00000001 x25:0x00000001
       94822000	      4639	80002db2	8cda	c.mv	x25,x22	  x0:0x00000000 x22:0x00000008 x25=0x00000008
       94842000	      4640	80002db4	34302af3	csrrs	x21,mtval,x0	  x0:0x00000000 x21=0x8ffffffc
       94862000	      4641	80002db8	002ada93	srli	x21,x21,0x2	 x21:0x8ffffffc x21=0x23ffffff
       94882000	      4642	80002dbc	000c9563	bne	x25,x0,80002dc6	 x25:0x00000008  x0:0x00000000
       94962000	      4646	80002dc6	fc9ae1e3	bltu	x21,x9,80002d88	 x21:0x23ffffff  x9:0x20004eed
       94982000	      4647	80002dca	faaaffe3	bgeu	x21,x10,80002d88	 x21:0x23ffffff x10:0x20005887
       95022000	      4649	80002d88	8cda	c.mv	x25,x22	  x0:0x00000000 x22:0x00000008 x25=0x00000008
       95042000	      4650	80002d8a	84aa	c.mv	x9,x10	  x0:0x00000000 x10:0x20005887  x9=0x20005887
       95062000	      4651	80002d8c	0c85	c.addi	x25,1	 x25:0x00000008 x25=0x00000009
       95082000	      4652	80002d8e	8b66	c.mv	x22,x25	  x0:0x00000000 x25:0x00000009 x22=0x00000009
       95102000	      4653	80002d90	4541	c.li	x10,16	 x10=0x00000010
       95122000	      4654	80002d92	00acd363	bge	x25,x10,80002d98	 x25:0x00000009 x10:0x00000010
       95142000	      4655	80002d96	b55d	c.j	80002c3c	
       95182000	      4657	80002c3c	8cda	c.mv	x25,x22	  x0:0x00000000 x22:0x00000009 x25=0x00000009
       95202000	      4658	80002c3e	8ae6	c.mv	x21,x25	  x0:0x00000000 x25:0x00000009 x21=0x00000009
       95222000	      4659	80002c40	4a81	c.li	x21,0	 x21=0x00000000
       95242000	      4660	80002c42	055c8f63	beq	x25,x21,80002ca0	 x25:0x00000009 x21:0x00000000
       95262000	      4661	80002c46	4a85	c.li	x21,1	 x21=0x00000001
       95282000	      4662	80002c48	075c8163	beq	x25,x21,80002caa	 x25:0x00000009 x21:0x00000001
       95302000	      4663	80002c4c	4a89	c.li	x21,2	 x21=0x00000002
       95322000	      4664	80002c4e	075c8363	beq	x25,x21,80002cb4	 x25:0x00000009 x21:0x00000002
       95342000	      4665	80002c52	4a8d	c.li	x21,3	 x21=0x00000003
       95362000	      4666	80002c54	075c8563	beq	x25,x21,80002cbe	 x25:0x00000009 x21:0x00000003
       95382000	      4667	80002c58	4a91	c.li	x21,4	 x21=0x00000004
       95402000	      4668	80002c5a	075c8763	beq	x25,x21,80002cc8	 x25:0x00000009 x21:0x00000004
       95422000	      4669	80002c5e	4a95	c.li	x21,5	 x21=0x00000005
       95442000	      4670	80002c60	075c8963	beq	x25,x21,80002cd2	 x25:0x00000009 x21:0x00000005
       95462000	      4671	80002c64	4a99	c.li	x21,6	 x21=0x00000006
       95482000	      4672	80002c66	075c8b63	beq	x25,x21,80002cdc	 x25:0x00000009 x21:0x00000006
       95502000	      4673	80002c6a	4a9d	c.li	x21,7	 x21=0x00000007
       95522000	      4674	80002c6c	075c8d63	beq	x25,x21,80002ce6	 x25:0x00000009 x21:0x00000007
       95542000	      4675	80002c70	4aa1	c.li	x21,8	 x21=0x00000008
       95562000	      4676	80002c72	075c8f63	beq	x25,x21,80002cf0	 x25:0x00000009 x21:0x00000008
       95582000	      4677	80002c76	4aa5	c.li	x21,9	 x21=0x00000009
       95602000	      4678	80002c78	095c8163	beq	x25,x21,80002cfa	 x25:0x00000009 x21:0x00000009
       95662000	      4681	80002cfa	3b902573	csrrs	x10,pmpaddr9,x0	  x0:0x00000000 x10=0x20006220
       96122000	      4704	80002cfe	3a202a73	csrrs	x20,pmpcfg2,x0	  x0:0x00000000 x20=0x0f0f0f0f
       96142000	      4705	80002d02	a83d	c.j	80002d40	
       96182000	      4707	80002d40	4e11	c.li	x28,4	 x28=0x00000004
       96202000	      4708	80002d42	01eb1c93	slli	x25,x22,0x1e	 x22:0x00000009 x25=0x40000000
       96262000	      4711	80002d46	01ecdc93	srli	x25,x25,0x1e	 x25:0x40000000 x25=0x00000001
       96282000	      4712	80002d4a	419e0ab3	sub	x21,x28,x25	 x28:0x00000004 x25:0x00000001 x21=0x00000003
       96302000	      4713	80002d4e	1afd	c.addi	x21,-1	 x21:0x00000003 x21=0x00000002
       96342000	      4715	80002d50	0a8e	c.slli	x21,0x3	 x21:0x00000002 x21=0x00000010
       96362000	      4716	80002d52	015a1e33	sll	x28,x20,x21	 x20:0x0f0f0f0f x21:0x00000010 x28=0x0f0f0000
       96382000	      4717	80002d56	0c8e	c.slli	x25,0x3	 x25:0x00000001 x25=0x00000008
       96422000	      4719	80002d58	9ae6	c.add	x21,x25	 x21:0x00000010 x25:0x00000008 x21=0x00000018
       96442000	      4720	80002d5a	015e5e33	srl	x28,x28,x21	 x28:0x0f0f0000 x21:0x00000018 x28=0x0000000f
       96502000	      4723	80002d5e	01be1a93	slli	x21,x28,0x1b	 x28:0x0000000f x21=0x78000000
       96522000	      4724	80002d62	01eada93	srli	x21,x21,0x1e	 x21:0x78000000 x21=0x00000001
       96582000	      4727	80002d66	040a8563	beq	x21,x0,80002db0	 x21:0x00000001  x0:0x00000000
       96602000	      4728	80002d6a	4c85	c.li	x25,1	 x25=0x00000001
       96622000	      4729	80002d6c	059a8363	beq	x21,x25,80002db2	 x21:0x00000001 x25:0x00000001
       96682000	      4732	80002db2	8cda	c.mv	x25,x22	  x0:0x00000000 x22:0x00000009 x25=0x00000009
       96702000	      4733	80002db4	34302af3	csrrs	x21,mtval,x0	  x0:0x00000000 x21=0x8ffffffc
       96722000	      4734	80002db8	002ada93	srli	x21,x21,0x2	 x21:0x8ffffffc x21=0x23ffffff
       96742000	      4735	80002dbc	000c9563	bne	x25,x0,80002dc6	 x25:0x00000009  x0:0x00000000
       96802000	      4738	80002dc6	fc9ae1e3	bltu	x21,x9,80002d88	 x21:0x23ffffff  x9:0x20005887
       96822000	      4739	80002dca	faaaffe3	bgeu	x21,x10,80002d88	 x21:0x23ffffff x10:0x20006220
       96882000	      4742	80002d88	8cda	c.mv	x25,x22	  x0:0x00000000 x22:0x00000009 x25=0x00000009
       96902000	      4743	80002d8a	84aa	c.mv	x9,x10	  x0:0x00000000 x10:0x20006220  x9=0x20006220
       96922000	      4744	80002d8c	0c85	c.addi	x25,1	 x25:0x00000009 x25=0x0000000a
       96942000	      4745	80002d8e	8b66	c.mv	x22,x25	  x0:0x00000000 x25:0x0000000a x22=0x0000000a
       96962000	      4746	80002d90	4541	c.li	x10,16	 x10=0x00000010
       96982000	      4747	80002d92	00acd363	bge	x25,x10,80002d98	 x25:0x0000000a x10:0x00000010
       97002000	      4748	80002d96	b55d	c.j	80002c3c	
       97042000	      4750	80002c3c	8cda	c.mv	x25,x22	  x0:0x00000000 x22:0x0000000a x25=0x0000000a
       97062000	      4751	80002c3e	8ae6	c.mv	x21,x25	  x0:0x00000000 x25:0x0000000a x21=0x0000000a
       97082000	      4752	80002c40	4a81	c.li	x21,0	 x21=0x00000000
       97102000	      4753	80002c42	055c8f63	beq	x25,x21,80002ca0	 x25:0x0000000a x21:0x00000000
       97122000	      4754	80002c46	4a85	c.li	x21,1	 x21=0x00000001
       97142000	      4755	80002c48	075c8163	beq	x25,x21,80002caa	 x25:0x0000000a x21:0x00000001
       97162000	      4756	80002c4c	4a89	c.li	x21,2	 x21=0x00000002
       97182000	      4757	80002c4e	075c8363	beq	x25,x21,80002cb4	 x25:0x0000000a x21:0x00000002
       97202000	      4758	80002c52	4a8d	c.li	x21,3	 x21=0x00000003
       97222000	      4759	80002c54	075c8563	beq	x25,x21,80002cbe	 x25:0x0000000a x21:0x00000003
       97242000	      4760	80002c58	4a91	c.li	x21,4	 x21=0x00000004
       97262000	      4761	80002c5a	075c8763	beq	x25,x21,80002cc8	 x25:0x0000000a x21:0x00000004
       97282000	      4762	80002c5e	4a95	c.li	x21,5	 x21=0x00000005
       97302000	      4763	80002c60	075c8963	beq	x25,x21,80002cd2	 x25:0x0000000a x21:0x00000005
       97322000	      4764	80002c64	4a99	c.li	x21,6	 x21=0x00000006
       97342000	      4765	80002c66	075c8b63	beq	x25,x21,80002cdc	 x25:0x0000000a x21:0x00000006
       97362000	      4766	80002c6a	4a9d	c.li	x21,7	 x21=0x00000007
       97382000	      4767	80002c6c	075c8d63	beq	x25,x21,80002ce6	 x25:0x0000000a x21:0x00000007
       97402000	      4768	80002c70	4aa1	c.li	x21,8	 x21=0x00000008
       97422000	      4769	80002c72	075c8f63	beq	x25,x21,80002cf0	 x25:0x0000000a x21:0x00000008
       97442000	      4770	80002c76	4aa5	c.li	x21,9	 x21=0x00000009
       97462000	      4771	80002c78	095c8163	beq	x25,x21,80002cfa	 x25:0x0000000a x21:0x00000009
       97482000	      4772	80002c7c	4aa9	c.li	x21,10	 x21=0x0000000a
       97502000	      4773	80002c7e	095c8363	beq	x25,x21,80002d04	 x25:0x0000000a x21:0x0000000a
       97542000	      4775	80002d04	3ba02573	csrrs	x10,pmpaddr10,x0	  x0:0x00000000 x10=0x20006bba
       97562000	      4776	80002d08	3a202a73	csrrs	x20,pmpcfg2,x0	  x0:0x00000000 x20=0x0f0f0f0f
       97582000	      4777	80002d0c	a815	c.j	80002d40	
       97622000	      4779	80002d40	4e11	c.li	x28,4	 x28=0x00000004
       97642000	      4780	80002d42	01eb1c93	slli	x25,x22,0x1e	 x22:0x0000000a x25=0x80000000
       97662000	      4781	80002d46	01ecdc93	srli	x25,x25,0x1e	 x25:0x80000000 x25=0x00000002
       97682000	      4782	80002d4a	419e0ab3	sub	x21,x28,x25	 x28:0x00000004 x25:0x00000002 x21=0x00000002
       97702000	      4783	80002d4e	1afd	c.addi	x21,-1	 x21:0x00000002 x21=0x00000001
       97722000	      4784	80002d50	0a8e	c.slli	x21,0x3	 x21:0x00000001 x21=0x00000008
       97742000	      4785	80002d52	015a1e33	sll	x28,x20,x21	 x20:0x0f0f0f0f x21:0x00000008 x28=0x0f0f0f00
       97762000	      4786	80002d56	0c8e	c.slli	x25,0x3	 x25:0x00000002 x25=0x00000010
       97782000	      4787	80002d58	9ae6	c.add	x21,x25	 x21:0x00000008 x25:0x00000010 x21=0x00000018
       97802000	      4788	80002d5a	015e5e33	srl	x28,x28,x21	 x28:0x0f0f0f00 x21:0x00000018 x28=0x0000000f
       97822000	      4789	80002d5e	01be1a93	slli	x21,x28,0x1b	 x28:0x0000000f x21=0x78000000
       97842000	      4790	80002d62	01eada93	srli	x21,x21,0x1e	 x21:0x78000000 x21=0x00000001
       97862000	      4791	80002d66	040a8563	beq	x21,x0,80002db0	 x21:0x00000001  x0:0x00000000
       97882000	      4792	80002d6a	4c85	c.li	x25,1	 x25=0x00000001
       97902000	      4793	80002d6c	059a8363	beq	x21,x25,80002db2	 x21:0x00000001 x25:0x00000001
       97942000	      4795	80002db2	8cda	c.mv	x25,x22	  x0:0x00000000 x22:0x0000000a x25=0x0000000a
       97962000	      4796	80002db4	34302af3	csrrs	x21,mtval,x0	  x0:0x00000000 x21=0x8ffffffc
       97982000	      4797	80002db8	002ada93	srli	x21,x21,0x2	 x21:0x8ffffffc x21=0x23ffffff
       98002000	      4798	80002dbc	000c9563	bne	x25,x0,80002dc6	 x25:0x0000000a  x0:0x00000000
       98062000	      4801	80002dc6	fc9ae1e3	bltu	x21,x9,80002d88	 x21:0x23ffffff  x9:0x20006220
       98082000	      4802	80002dca	faaaffe3	bgeu	x21,x10,80002d88	 x21:0x23ffffff x10:0x20006bba
       98142000	      4805	80002d88	8cda	c.mv	x25,x22	  x0:0x00000000 x22:0x0000000a x25=0x0000000a
       98162000	      4806	80002d8a	84aa	c.mv	x9,x10	  x0:0x00000000 x10:0x20006bba  x9=0x20006bba
       98182000	      4807	80002d8c	0c85	c.addi	x25,1	 x25:0x0000000a x25=0x0000000b
       98202000	      4808	80002d8e	8b66	c.mv	x22,x25	  x0:0x00000000 x25:0x0000000b x22=0x0000000b
       98222000	      4809	80002d90	4541	c.li	x10,16	 x10=0x00000010
       98242000	      4810	80002d92	00acd363	bge	x25,x10,80002d98	 x25:0x0000000b x10:0x00000010
       98262000	      4811	80002d96	b55d	c.j	80002c3c	
       98302000	      4813	80002c3c	8cda	c.mv	x25,x22	  x0:0x00000000 x22:0x0000000b x25=0x0000000b
       98322000	      4814	80002c3e	8ae6	c.mv	x21,x25	  x0:0x00000000 x25:0x0000000b x21=0x0000000b
       98342000	      4815	80002c40	4a81	c.li	x21,0	 x21=0x00000000
       98362000	      4816	80002c42	055c8f63	beq	x25,x21,80002ca0	 x25:0x0000000b x21:0x00000000
       98382000	      4817	80002c46	4a85	c.li	x21,1	 x21=0x00000001
       98402000	      4818	80002c48	075c8163	beq	x25,x21,80002caa	 x25:0x0000000b x21:0x00000001
       98422000	      4819	80002c4c	4a89	c.li	x21,2	 x21=0x00000002
       98442000	      4820	80002c4e	075c8363	beq	x25,x21,80002cb4	 x25:0x0000000b x21:0x00000002
       98462000	      4821	80002c52	4a8d	c.li	x21,3	 x21=0x00000003
       98482000	      4822	80002c54	075c8563	beq	x25,x21,80002cbe	 x25:0x0000000b x21:0x00000003
       98502000	      4823	80002c58	4a91	c.li	x21,4	 x21=0x00000004
       98522000	      4824	80002c5a	075c8763	beq	x25,x21,80002cc8	 x25:0x0000000b x21:0x00000004
       98542000	      4825	80002c5e	4a95	c.li	x21,5	 x21=0x00000005
       98562000	      4826	80002c60	075c8963	beq	x25,x21,80002cd2	 x25:0x0000000b x21:0x00000005
       98582000	      4827	80002c64	4a99	c.li	x21,6	 x21=0x00000006
       98602000	      4828	80002c66	075c8b63	beq	x25,x21,80002cdc	 x25:0x0000000b x21:0x00000006
       98622000	      4829	80002c6a	4a9d	c.li	x21,7	 x21=0x00000007
       98642000	      4830	80002c6c	075c8d63	beq	x25,x21,80002ce6	 x25:0x0000000b x21:0x00000007
       98662000	      4831	80002c70	4aa1	c.li	x21,8	 x21=0x00000008
       98682000	      4832	80002c72	075c8f63	beq	x25,x21,80002cf0	 x25:0x0000000b x21:0x00000008
       98702000	      4833	80002c76	4aa5	c.li	x21,9	 x21=0x00000009
       98722000	      4834	80002c78	095c8163	beq	x25,x21,80002cfa	 x25:0x0000000b x21:0x00000009
       98742000	      4835	80002c7c	4aa9	c.li	x21,10	 x21=0x0000000a
       98762000	      4836	80002c7e	095c8363	beq	x25,x21,80002d04	 x25:0x0000000b x21:0x0000000a
       98782000	      4837	80002c82	4aad	c.li	x21,11	 x21=0x0000000b
       98802000	      4838	80002c84	095c8563	beq	x25,x21,80002d0e	 x25:0x0000000b x21:0x0000000b
       98862000	      4841	80002d0e	3bb02573	csrrs	x10,pmpaddr11,x0	  x0:0x00000000 x10=0x20007553
       98882000	      4842	80002d12	3a202a73	csrrs	x20,pmpcfg2,x0	  x0:0x00000000 x20=0x0f0f0f0f
       98902000	      4843	80002d16	a02d	c.j	80002d40	
       98942000	      4845	80002d40	4e11	c.li	x28,4	 x28=0x00000004
       98962000	      4846	80002d42	01eb1c93	slli	x25,x22,0x1e	 x22:0x0000000b x25=0xc0000000
       99022000	      4849	80002d46	01ecdc93	srli	x25,x25,0x1e	 x25:0xc0000000 x25=0x00000003
       99042000	      4850	80002d4a	419e0ab3	sub	x21,x28,x25	 x28:0x00000004 x25:0x00000003 x21=0x00000001
       99062000	      4851	80002d4e	1afd	c.addi	x21,-1	 x21:0x00000001 x21=0x00000000
       99102000	      4853	80002d50	0a8e	c.slli	x21,0x3	 x21:0x00000000 x21=0x00000000
       99122000	      4854	80002d52	015a1e33	sll	x28,x20,x21	 x20:0x0f0f0f0f x21:0x00000000 x28=0x0f0f0f0f
       99142000	      4855	80002d56	0c8e	c.slli	x25,0x3	 x25:0x00000003 x25=0x00000018
       99182000	      4857	80002d58	9ae6	c.add	x21,x25	 x21:0x00000000 x25:0x00000018 x21=0x00000018
       99202000	      4858	80002d5a	015e5e33	srl	x28,x28,x21	 x28:0x0f0f0f0f x21:0x00000018 x28=0x0000000f
       99262000	      4861	80002d5e	01be1a93	slli	x21,x28,0x1b	 x28:0x0000000f x21=0x78000000
       99282000	      4862	80002d62	01eada93	srli	x21,x21,0x1e	 x21:0x78000000 x21=0x00000001
       99342000	      4865	80002d66	040a8563	beq	x21,x0,80002db0	 x21:0x00000001  x0:0x00000000
       99362000	      4866	80002d6a	4c85	c.li	x25,1	 x25=0x00000001
       99382000	      4867	80002d6c	059a8363	beq	x21,x25,80002db2	 x21:0x00000001 x25:0x00000001
       99442000	      4870	80002db2	8cda	c.mv	x25,x22	  x0:0x00000000 x22:0x0000000b x25=0x0000000b
       99462000	      4871	80002db4	34302af3	csrrs	x21,mtval,x0	  x0:0x00000000 x21=0x8ffffffc
       99502000	      4873	80002db8	002ada93	srli	x21,x21,0x2	 x21:0x8ffffffc x21=0x23ffffff
       99522000	      4874	80002dbc	000c9563	bne	x25,x0,80002dc6	 x25:0x0000000b  x0:0x00000000
       99602000	      4878	80002dc6	fc9ae1e3	bltu	x21,x9,80002d88	 x21:0x23ffffff  x9:0x20006bba
       99622000	      4879	80002dca	faaaffe3	bgeu	x21,x10,80002d88	 x21:0x23ffffff x10:0x20007553
       99662000	      4881	80002d88	8cda	c.mv	x25,x22	  x0:0x00000000 x22:0x0000000b x25=0x0000000b
       99682000	      4882	80002d8a	84aa	c.mv	x9,x10	  x0:0x00000000 x10:0x20007553  x9=0x20007553
       99702000	      4883	80002d8c	0c85	c.addi	x25,1	 x25:0x0000000b x25=0x0000000c
       99722000	      4884	80002d8e	8b66	c.mv	x22,x25	  x0:0x00000000 x25:0x0000000c x22=0x0000000c
       99742000	      4885	80002d90	4541	c.li	x10,16	 x10=0x00000010
       99762000	      4886	80002d92	00acd363	bge	x25,x10,80002d98	 x25:0x0000000c x10:0x00000010
       99782000	      4887	80002d96	b55d	c.j	80002c3c	
       99822000	      4889	80002c3c	8cda	c.mv	x25,x22	  x0:0x00000000 x22:0x0000000c x25=0x0000000c
       99842000	      4890	80002c3e	8ae6	c.mv	x21,x25	  x0:0x00000000 x25:0x0000000c x21=0x0000000c
       99862000	      4891	80002c40	4a81	c.li	x21,0	 x21=0x00000000
       99882000	      4892	80002c42	055c8f63	beq	x25,x21,80002ca0	 x25:0x0000000c x21:0x00000000
       99902000	      4893	80002c46	4a85	c.li	x21,1	 x21=0x00000001
       99922000	      4894	80002c48	075c8163	beq	x25,x21,80002caa	 x25:0x0000000c x21:0x00000001
       99942000	      4895	80002c4c	4a89	c.li	x21,2	 x21=0x00000002
       99962000	      4896	80002c4e	075c8363	beq	x25,x21,80002cb4	 x25:0x0000000c x21:0x00000002
       99982000	      4897	80002c52	4a8d	c.li	x21,3	 x21=0x00000003
      100002000	      4898	80002c54	075c8563	beq	x25,x21,80002cbe	 x25:0x0000000c x21:0x00000003
      100022000	      4899	80002c58	4a91	c.li	x21,4	 x21=0x00000004
      100042000	      4900	80002c5a	075c8763	beq	x25,x21,80002cc8	 x25:0x0000000c x21:0x00000004
      100062000	      4901	80002c5e	4a95	c.li	x21,5	 x21=0x00000005
      100082000	      4902	80002c60	075c8963	beq	x25,x21,80002cd2	 x25:0x0000000c x21:0x00000005
      100102000	      4903	80002c64	4a99	c.li	x21,6	 x21=0x00000006
      100122000	      4904	80002c66	075c8b63	beq	x25,x21,80002cdc	 x25:0x0000000c x21:0x00000006
      100142000	      4905	80002c6a	4a9d	c.li	x21,7	 x21=0x00000007
      100162000	      4906	80002c6c	075c8d63	beq	x25,x21,80002ce6	 x25:0x0000000c x21:0x00000007
      100182000	      4907	80002c70	4aa1	c.li	x21,8	 x21=0x00000008
      100202000	      4908	80002c72	075c8f63	beq	x25,x21,80002cf0	 x25:0x0000000c x21:0x00000008
      100222000	      4909	80002c76	4aa5	c.li	x21,9	 x21=0x00000009
      100242000	      4910	80002c78	095c8163	beq	x25,x21,80002cfa	 x25:0x0000000c x21:0x00000009
      100262000	      4911	80002c7c	4aa9	c.li	x21,10	 x21=0x0000000a
      100282000	      4912	80002c7e	095c8363	beq	x25,x21,80002d04	 x25:0x0000000c x21:0x0000000a
      100302000	      4913	80002c82	4aad	c.li	x21,11	 x21=0x0000000b
      100322000	      4914	80002c84	095c8563	beq	x25,x21,80002d0e	 x25:0x0000000c x21:0x0000000b
      100342000	      4915	80002c88	4ab1	c.li	x21,12	 x21=0x0000000c
      100362000	      4916	80002c8a	095c8763	beq	x25,x21,80002d18	 x25:0x0000000c x21:0x0000000c
      100402000	      4918	80002d18	3bc02573	csrrs	x10,pmpaddr12,x0	  x0:0x00000000 x10=0x20007eed
      100422000	      4919	80002d1c	3a302a73	csrrs	x20,pmpcfg3,x0	  x0:0x00000000 x20=0x0f0f0f0f
      100442000	      4920	80002d20	a005	c.j	80002d40	
      100482000	      4922	80002d40	4e11	c.li	x28,4	 x28=0x00000004
      100502000	      4923	80002d42	01eb1c93	slli	x25,x22,0x1e	 x22:0x0000000c x25=0x00000000
      100522000	      4924	80002d46	01ecdc93	srli	x25,x25,0x1e	 x25:0x00000000 x25=0x00000000
      100542000	      4925	80002d4a	419e0ab3	sub	x21,x28,x25	 x28:0x00000004 x25:0x00000000 x21=0x00000004
      100562000	      4926	80002d4e	1afd	c.addi	x21,-1	 x21:0x00000004 x21=0x00000003
      100582000	      4927	80002d50	0a8e	c.slli	x21,0x3	 x21:0x00000003 x21=0x00000018
      100602000	      4928	80002d52	015a1e33	sll	x28,x20,x21	 x20:0x0f0f0f0f x21:0x00000018 x28=0x0f000000
      100622000	      4929	80002d56	0c8e	c.slli	x25,0x3	 x25:0x00000000 x25=0x00000000
      100642000	      4930	80002d58	9ae6	c.add	x21,x25	 x21:0x00000018 x25:0x00000000 x21=0x00000018
      100662000	      4931	80002d5a	015e5e33	srl	x28,x28,x21	 x28:0x0f000000 x21:0x00000018 x28=0x0000000f
      100682000	      4932	80002d5e	01be1a93	slli	x21,x28,0x1b	 x28:0x0000000f x21=0x78000000
      100702000	      4933	80002d62	01eada93	srli	x21,x21,0x1e	 x21:0x78000000 x21=0x00000001
      100722000	      4934	80002d66	040a8563	beq	x21,x0,80002db0	 x21:0x00000001  x0:0x00000000
      100742000	      4935	80002d6a	4c85	c.li	x25,1	 x25=0x00000001
      100762000	      4936	80002d6c	059a8363	beq	x21,x25,80002db2	 x21:0x00000001 x25:0x00000001
      100822000	      4939	80002db2	8cda	c.mv	x25,x22	  x0:0x00000000 x22:0x0000000c x25=0x0000000c
      100842000	      4940	80002db4	34302af3	csrrs	x21,mtval,x0	  x0:0x00000000 x21=0x8ffffffc
      100862000	      4941	80002db8	002ada93	srli	x21,x21,0x2	 x21:0x8ffffffc x21=0x23ffffff
      100882000	      4942	80002dbc	000c9563	bne	x25,x0,80002dc6	 x25:0x0000000c  x0:0x00000000
      100942000	      4945	80002dc6	fc9ae1e3	bltu	x21,x9,80002d88	 x21:0x23ffffff  x9:0x20007553
      100962000	      4946	80002dca	faaaffe3	bgeu	x21,x10,80002d88	 x21:0x23ffffff x10:0x20007eed
      101002000	      4948	80002d88	8cda	c.mv	x25,x22	  x0:0x00000000 x22:0x0000000c x25=0x0000000c
      101022000	      4949	80002d8a	84aa	c.mv	x9,x10	  x0:0x00000000 x10:0x20007eed  x9=0x20007eed
      101042000	      4950	80002d8c	0c85	c.addi	x25,1	 x25:0x0000000c x25=0x0000000d
      101062000	      4951	80002d8e	8b66	c.mv	x22,x25	  x0:0x00000000 x25:0x0000000d x22=0x0000000d
      101082000	      4952	80002d90	4541	c.li	x10,16	 x10=0x00000010
      101102000	      4953	80002d92	00acd363	bge	x25,x10,80002d98	 x25:0x0000000d x10:0x00000010
      101122000	      4954	80002d96	b55d	c.j	80002c3c	
      101162000	      4956	80002c3c	8cda	c.mv	x25,x22	  x0:0x00000000 x22:0x0000000d x25=0x0000000d
      101182000	      4957	80002c3e	8ae6	c.mv	x21,x25	  x0:0x00000000 x25:0x0000000d x21=0x0000000d
      101202000	      4958	80002c40	4a81	c.li	x21,0	 x21=0x00000000
      101222000	      4959	80002c42	055c8f63	beq	x25,x21,80002ca0	 x25:0x0000000d x21:0x00000000
      101242000	      4960	80002c46	4a85	c.li	x21,1	 x21=0x00000001
      101262000	      4961	80002c48	075c8163	beq	x25,x21,80002caa	 x25:0x0000000d x21:0x00000001
      101282000	      4962	80002c4c	4a89	c.li	x21,2	 x21=0x00000002
      101302000	      4963	80002c4e	075c8363	beq	x25,x21,80002cb4	 x25:0x0000000d x21:0x00000002
      101322000	      4964	80002c52	4a8d	c.li	x21,3	 x21=0x00000003
      101342000	      4965	80002c54	075c8563	beq	x25,x21,80002cbe	 x25:0x0000000d x21:0x00000003
      101362000	      4966	80002c58	4a91	c.li	x21,4	 x21=0x00000004
      101382000	      4967	80002c5a	075c8763	beq	x25,x21,80002cc8	 x25:0x0000000d x21:0x00000004
      101402000	      4968	80002c5e	4a95	c.li	x21,5	 x21=0x00000005
      101422000	      4969	80002c60	075c8963	beq	x25,x21,80002cd2	 x25:0x0000000d x21:0x00000005
      101442000	      4970	80002c64	4a99	c.li	x21,6	 x21=0x00000006
      101462000	      4971	80002c66	075c8b63	beq	x25,x21,80002cdc	 x25:0x0000000d x21:0x00000006
      101482000	      4972	80002c6a	4a9d	c.li	x21,7	 x21=0x00000007
      101502000	      4973	80002c6c	075c8d63	beq	x25,x21,80002ce6	 x25:0x0000000d x21:0x00000007
      101522000	      4974	80002c70	4aa1	c.li	x21,8	 x21=0x00000008
      101542000	      4975	80002c72	075c8f63	beq	x25,x21,80002cf0	 x25:0x0000000d x21:0x00000008
      101562000	      4976	80002c76	4aa5	c.li	x21,9	 x21=0x00000009
      101582000	      4977	80002c78	095c8163	beq	x25,x21,80002cfa	 x25:0x0000000d x21:0x00000009
      101602000	      4978	80002c7c	4aa9	c.li	x21,10	 x21=0x0000000a
      101622000	      4979	80002c7e	095c8363	beq	x25,x21,80002d04	 x25:0x0000000d x21:0x0000000a
      101642000	      4980	80002c82	4aad	c.li	x21,11	 x21=0x0000000b
      101662000	      4981	80002c84	095c8563	beq	x25,x21,80002d0e	 x25:0x0000000d x21:0x0000000b
      101682000	      4982	80002c88	4ab1	c.li	x21,12	 x21=0x0000000c
      101702000	      4983	80002c8a	095c8763	beq	x25,x21,80002d18	 x25:0x0000000d x21:0x0000000c
      101722000	      4984	80002c8e	4ab5	c.li	x21,13	 x21=0x0000000d
      101742000	      4985	80002c90	095c8963	beq	x25,x21,80002d22	 x25:0x0000000d x21:0x0000000d
      101802000	      4988	80002d22	3bd02573	csrrs	x10,pmpaddr13,x0	  x0:0x00000000 x10=0x20008886
      101822000	      4989	80002d26	3a302a73	csrrs	x20,pmpcfg3,x0	  x0:0x00000000 x20=0x0f0f0f0f
      101842000	      4990	80002d2a	a819	c.j	80002d40	
      101882000	      4992	80002d40	4e11	c.li	x28,4	 x28=0x00000004
      101902000	      4993	80002d42	01eb1c93	slli	x25,x22,0x1e	 x22:0x0000000d x25=0x40000000
      101922000	      4994	80002d46	01ecdc93	srli	x25,x25,0x1e	 x25:0x40000000 x25=0x00000001
      101942000	      4995	80002d4a	419e0ab3	sub	x21,x28,x25	 x28:0x00000004 x25:0x00000001 x21=0x00000003
      101962000	      4996	80002d4e	1afd	c.addi	x21,-1	 x21:0x00000003 x21=0x00000002
      101982000	      4997	80002d50	0a8e	c.slli	x21,0x3	 x21:0x00000002 x21=0x00000010
      102002000	      4998	80002d52	015a1e33	sll	x28,x20,x21	 x20:0x0f0f0f0f x21:0x00000010 x28=0x0f0f0000
      102022000	      4999	80002d56	0c8e	c.slli	x25,0x3	 x25:0x00000001 x25=0x00000008
      102042000	      5000	80002d58	9ae6	c.add	x21,x25	 x21:0x00000010 x25:0x00000008 x21=0x00000018
      102062000	      5001	80002d5a	015e5e33	srl	x28,x28,x21	 x28:0x0f0f0000 x21:0x00000018 x28=0x0000000f
      102082000	      5002	80002d5e	01be1a93	slli	x21,x28,0x1b	 x28:0x0000000f x21=0x78000000
      102102000	      5003	80002d62	01eada93	srli	x21,x21,0x1e	 x21:0x78000000 x21=0x00000001
      102122000	      5004	80002d66	040a8563	beq	x21,x0,80002db0	 x21:0x00000001  x0:0x00000000
      102142000	      5005	80002d6a	4c85	c.li	x25,1	 x25=0x00000001
      102162000	      5006	80002d6c	059a8363	beq	x21,x25,80002db2	 x21:0x00000001 x25:0x00000001
      102222000	      5009	80002db2	8cda	c.mv	x25,x22	  x0:0x00000000 x22:0x0000000d x25=0x0000000d
      102242000	      5010	80002db4	34302af3	csrrs	x21,mtval,x0	  x0:0x00000000 x21=0x8ffffffc
      102262000	      5011	80002db8	002ada93	srli	x21,x21,0x2	 x21:0x8ffffffc x21=0x23ffffff
      102282000	      5012	80002dbc	000c9563	bne	x25,x0,80002dc6	 x25:0x0000000d  x0:0x00000000
      102362000	      5016	80002dc6	fc9ae1e3	bltu	x21,x9,80002d88	 x21:0x23ffffff  x9:0x20007eed
      102382000	      5017	80002dca	faaaffe3	bgeu	x21,x10,80002d88	 x21:0x23ffffff x10:0x20008886
      102442000	      5020	80002d88	8cda	c.mv	x25,x22	  x0:0x00000000 x22:0x0000000d x25=0x0000000d
      102462000	      5021	80002d8a	84aa	c.mv	x9,x10	  x0:0x00000000 x10:0x20008886  x9=0x20008886
      102482000	      5022	80002d8c	0c85	c.addi	x25,1	 x25:0x0000000d x25=0x0000000e
      102502000	      5023	80002d8e	8b66	c.mv	x22,x25	  x0:0x00000000 x25:0x0000000e x22=0x0000000e
      102522000	      5024	80002d90	4541	c.li	x10,16	 x10=0x00000010
      102542000	      5025	80002d92	00acd363	bge	x25,x10,80002d98	 x25:0x0000000e x10:0x00000010
      102562000	      5026	80002d96	b55d	c.j	80002c3c	
      102602000	      5028	80002c3c	8cda	c.mv	x25,x22	  x0:0x00000000 x22:0x0000000e x25=0x0000000e
      102622000	      5029	80002c3e	8ae6	c.mv	x21,x25	  x0:0x00000000 x25:0x0000000e x21=0x0000000e
      102642000	      5030	80002c40	4a81	c.li	x21,0	 x21=0x00000000
      102662000	      5031	80002c42	055c8f63	beq	x25,x21,80002ca0	 x25:0x0000000e x21:0x00000000
      102682000	      5032	80002c46	4a85	c.li	x21,1	 x21=0x00000001
      102702000	      5033	80002c48	075c8163	beq	x25,x21,80002caa	 x25:0x0000000e x21:0x00000001
      102722000	      5034	80002c4c	4a89	c.li	x21,2	 x21=0x00000002
      102742000	      5035	80002c4e	075c8363	beq	x25,x21,80002cb4	 x25:0x0000000e x21:0x00000002
      102762000	      5036	80002c52	4a8d	c.li	x21,3	 x21=0x00000003
      102782000	      5037	80002c54	075c8563	beq	x25,x21,80002cbe	 x25:0x0000000e x21:0x00000003
      102802000	      5038	80002c58	4a91	c.li	x21,4	 x21=0x00000004
      102822000	      5039	80002c5a	075c8763	beq	x25,x21,80002cc8	 x25:0x0000000e x21:0x00000004
      102842000	      5040	80002c5e	4a95	c.li	x21,5	 x21=0x00000005
      102862000	      5041	80002c60	075c8963	beq	x25,x21,80002cd2	 x25:0x0000000e x21:0x00000005
      102882000	      5042	80002c64	4a99	c.li	x21,6	 x21=0x00000006
      102902000	      5043	80002c66	075c8b63	beq	x25,x21,80002cdc	 x25:0x0000000e x21:0x00000006
      102922000	      5044	80002c6a	4a9d	c.li	x21,7	 x21=0x00000007
      102942000	      5045	80002c6c	075c8d63	beq	x25,x21,80002ce6	 x25:0x0000000e x21:0x00000007
      102962000	      5046	80002c70	4aa1	c.li	x21,8	 x21=0x00000008
      102982000	      5047	80002c72	075c8f63	beq	x25,x21,80002cf0	 x25:0x0000000e x21:0x00000008
      103002000	      5048	80002c76	4aa5	c.li	x21,9	 x21=0x00000009
      103022000	      5049	80002c78	095c8163	beq	x25,x21,80002cfa	 x25:0x0000000e x21:0x00000009
      103042000	      5050	80002c7c	4aa9	c.li	x21,10	 x21=0x0000000a
      103062000	      5051	80002c7e	095c8363	beq	x25,x21,80002d04	 x25:0x0000000e x21:0x0000000a
      103082000	      5052	80002c82	4aad	c.li	x21,11	 x21=0x0000000b
      103102000	      5053	80002c84	095c8563	beq	x25,x21,80002d0e	 x25:0x0000000e x21:0x0000000b
      103122000	      5054	80002c88	4ab1	c.li	x21,12	 x21=0x0000000c
      103142000	      5055	80002c8a	095c8763	beq	x25,x21,80002d18	 x25:0x0000000e x21:0x0000000c
      103162000	      5056	80002c8e	4ab5	c.li	x21,13	 x21=0x0000000d
      103182000	      5057	80002c90	095c8963	beq	x25,x21,80002d22	 x25:0x0000000e x21:0x0000000d
      103202000	      5058	80002c94	4ab9	c.li	x21,14	 x21=0x0000000e
      103222000	      5059	80002c96	095c8b63	beq	x25,x21,80002d2c	 x25:0x0000000e x21:0x0000000e
      103262000	      5061	80002d2c	3be02573	csrrs	x10,pmpaddr14,x0	  x0:0x00000000 x10=0x20009220
      103282000	      5062	80002d30	3a302a73	csrrs	x20,pmpcfg3,x0	  x0:0x00000000 x20=0x0f0f0f0f
      103302000	      5063	80002d34	a031	c.j	80002d40	
      103342000	      5065	80002d40	4e11	c.li	x28,4	 x28=0x00000004
      103362000	      5066	80002d42	01eb1c93	slli	x25,x22,0x1e	 x22:0x0000000e x25=0x80000000
      103382000	      5067	80002d46	01ecdc93	srli	x25,x25,0x1e	 x25:0x80000000 x25=0x00000002
      103402000	      5068	80002d4a	419e0ab3	sub	x21,x28,x25	 x28:0x00000004 x25:0x00000002 x21=0x00000002
      103422000	      5069	80002d4e	1afd	c.addi	x21,-1	 x21:0x00000002 x21=0x00000001
      103442000	      5070	80002d50	0a8e	c.slli	x21,0x3	 x21:0x00000001 x21=0x00000008
      103462000	      5071	80002d52	015a1e33	sll	x28,x20,x21	 x20:0x0f0f0f0f x21:0x00000008 x28=0x0f0f0f00
      103482000	      5072	80002d56	0c8e	c.slli	x25,0x3	 x25:0x00000002 x25=0x00000010
      103502000	      5073	80002d58	9ae6	c.add	x21,x25	 x21:0x00000008 x25:0x00000010 x21=0x00000018
      103522000	      5074	80002d5a	015e5e33	srl	x28,x28,x21	 x28:0x0f0f0f00 x21:0x00000018 x28=0x0000000f
      103542000	      5075	80002d5e	01be1a93	slli	x21,x28,0x1b	 x28:0x0000000f x21=0x78000000
      103562000	      5076	80002d62	01eada93	srli	x21,x21,0x1e	 x21:0x78000000 x21=0x00000001
      103582000	      5077	80002d66	040a8563	beq	x21,x0,80002db0	 x21:0x00000001  x0:0x00000000
      103602000	      5078	80002d6a	4c85	c.li	x25,1	 x25=0x00000001
      103622000	      5079	80002d6c	059a8363	beq	x21,x25,80002db2	 x21:0x00000001 x25:0x00000001
      103662000	      5081	80002db2	8cda	c.mv	x25,x22	  x0:0x00000000 x22:0x0000000e x25=0x0000000e
      103682000	      5082	80002db4	34302af3	csrrs	x21,mtval,x0	  x0:0x00000000 x21=0x8ffffffc
      103702000	      5083	80002db8	002ada93	srli	x21,x21,0x2	 x21:0x8ffffffc x21=0x23ffffff
      103722000	      5084	80002dbc	000c9563	bne	x25,x0,80002dc6	 x25:0x0000000e  x0:0x00000000
      103782000	      5087	80002dc6	fc9ae1e3	bltu	x21,x9,80002d88	 x21:0x23ffffff  x9:0x20008886
      103802000	      5088	80002dca	faaaffe3	bgeu	x21,x10,80002d88	 x21:0x23ffffff x10:0x20009220
      103842000	      5090	80002d88	8cda	c.mv	x25,x22	  x0:0x00000000 x22:0x0000000e x25=0x0000000e
      103862000	      5091	80002d8a	84aa	c.mv	x9,x10	  x0:0x00000000 x10:0x20009220  x9=0x20009220
      103882000	      5092	80002d8c	0c85	c.addi	x25,1	 x25:0x0000000e x25=0x0000000f
      103902000	      5093	80002d8e	8b66	c.mv	x22,x25	  x0:0x00000000 x25:0x0000000f x22=0x0000000f
      103922000	      5094	80002d90	4541	c.li	x10,16	 x10=0x00000010
      103942000	      5095	80002d92	00acd363	bge	x25,x10,80002d98	 x25:0x0000000f x10:0x00000010
      103962000	      5096	80002d96	b55d	c.j	80002c3c	
      104002000	      5098	80002c3c	8cda	c.mv	x25,x22	  x0:0x00000000 x22:0x0000000f x25=0x0000000f
      104022000	      5099	80002c3e	8ae6	c.mv	x21,x25	  x0:0x00000000 x25:0x0000000f x21=0x0000000f
      104042000	      5100	80002c40	4a81	c.li	x21,0	 x21=0x00000000
      104062000	      5101	80002c42	055c8f63	beq	x25,x21,80002ca0	 x25:0x0000000f x21:0x00000000
      104082000	      5102	80002c46	4a85	c.li	x21,1	 x21=0x00000001
      104102000	      5103	80002c48	075c8163	beq	x25,x21,80002caa	 x25:0x0000000f x21:0x00000001
      104122000	      5104	80002c4c	4a89	c.li	x21,2	 x21=0x00000002
      104142000	      5105	80002c4e	075c8363	beq	x25,x21,80002cb4	 x25:0x0000000f x21:0x00000002
      104162000	      5106	80002c52	4a8d	c.li	x21,3	 x21=0x00000003
      104182000	      5107	80002c54	075c8563	beq	x25,x21,80002cbe	 x25:0x0000000f x21:0x00000003
      104202000	      5108	80002c58	4a91	c.li	x21,4	 x21=0x00000004
      104222000	      5109	80002c5a	075c8763	beq	x25,x21,80002cc8	 x25:0x0000000f x21:0x00000004
      104242000	      5110	80002c5e	4a95	c.li	x21,5	 x21=0x00000005
      104262000	      5111	80002c60	075c8963	beq	x25,x21,80002cd2	 x25:0x0000000f x21:0x00000005
      104282000	      5112	80002c64	4a99	c.li	x21,6	 x21=0x00000006
      104302000	      5113	80002c66	075c8b63	beq	x25,x21,80002cdc	 x25:0x0000000f x21:0x00000006
      104322000	      5114	80002c6a	4a9d	c.li	x21,7	 x21=0x00000007
      104342000	      5115	80002c6c	075c8d63	beq	x25,x21,80002ce6	 x25:0x0000000f x21:0x00000007
      104362000	      5116	80002c70	4aa1	c.li	x21,8	 x21=0x00000008
      104382000	      5117	80002c72	075c8f63	beq	x25,x21,80002cf0	 x25:0x0000000f x21:0x00000008
      104402000	      5118	80002c76	4aa5	c.li	x21,9	 x21=0x00000009
      104422000	      5119	80002c78	095c8163	beq	x25,x21,80002cfa	 x25:0x0000000f x21:0x00000009
      104442000	      5120	80002c7c	4aa9	c.li	x21,10	 x21=0x0000000a
      104462000	      5121	80002c7e	095c8363	beq	x25,x21,80002d04	 x25:0x0000000f x21:0x0000000a
      104482000	      5122	80002c82	4aad	c.li	x21,11	 x21=0x0000000b
      104502000	      5123	80002c84	095c8563	beq	x25,x21,80002d0e	 x25:0x0000000f x21:0x0000000b
      104522000	      5124	80002c88	4ab1	c.li	x21,12	 x21=0x0000000c
      104542000	      5125	80002c8a	095c8763	beq	x25,x21,80002d18	 x25:0x0000000f x21:0x0000000c
      104562000	      5126	80002c8e	4ab5	c.li	x21,13	 x21=0x0000000d
      104582000	      5127	80002c90	095c8963	beq	x25,x21,80002d22	 x25:0x0000000f x21:0x0000000d
      104602000	      5128	80002c94	4ab9	c.li	x21,14	 x21=0x0000000e
      104622000	      5129	80002c96	095c8b63	beq	x25,x21,80002d2c	 x25:0x0000000f x21:0x0000000e
      104642000	      5130	80002c9a	4abd	c.li	x21,15	 x21=0x0000000f
      104662000	      5131	80002c9c	095c8d63	beq	x25,x21,80002d36	 x25:0x0000000f x21:0x0000000f
      104722000	      5134	80002d36	3bf02573	csrrs	x10,pmpaddr15,x0	  x0:0x00000000 x10=0x20009bb9
      104742000	      5135	80002d3a	3a302a73	csrrs	x20,pmpcfg3,x0	  x0:0x00000000 x20=0x0f0f0f0f
      104762000	      5136	80002d3e	a009	c.j	80002d40	
      104802000	      5138	80002d40	4e11	c.li	x28,4	 x28=0x00000004
      104822000	      5139	80002d42	01eb1c93	slli	x25,x22,0x1e	 x22:0x0000000f x25=0xc0000000
      104842000	      5140	80002d46	01ecdc93	srli	x25,x25,0x1e	 x25:0xc0000000 x25=0x00000003
      104862000	      5141	80002d4a	419e0ab3	sub	x21,x28,x25	 x28:0x00000004 x25:0x00000003 x21=0x00000001
      104882000	      5142	80002d4e	1afd	c.addi	x21,-1	 x21:0x00000001 x21=0x00000000
      104902000	      5143	80002d50	0a8e	c.slli	x21,0x3	 x21:0x00000000 x21=0x00000000
      104922000	      5144	80002d52	015a1e33	sll	x28,x20,x21	 x20:0x0f0f0f0f x21:0x00000000 x28=0x0f0f0f0f
      104942000	      5145	80002d56	0c8e	c.slli	x25,0x3	 x25:0x00000003 x25=0x00000018
      104962000	      5146	80002d58	9ae6	c.add	x21,x25	 x21:0x00000000 x25:0x00000018 x21=0x00000018
      104982000	      5147	80002d5a	015e5e33	srl	x28,x28,x21	 x28:0x0f0f0f0f x21:0x00000018 x28=0x0000000f
      105002000	      5148	80002d5e	01be1a93	slli	x21,x28,0x1b	 x28:0x0000000f x21=0x78000000
      105022000	      5149	80002d62	01eada93	srli	x21,x21,0x1e	 x21:0x78000000 x21=0x00000001
      105042000	      5150	80002d66	040a8563	beq	x21,x0,80002db0	 x21:0x00000001  x0:0x00000000
      105062000	      5151	80002d6a	4c85	c.li	x25,1	 x25=0x00000001
      105082000	      5152	80002d6c	059a8363	beq	x21,x25,80002db2	 x21:0x00000001 x25:0x00000001
      105122000	      5154	80002db2	8cda	c.mv	x25,x22	  x0:0x00000000 x22:0x0000000f x25=0x0000000f
      105142000	      5155	80002db4	34302af3	csrrs	x21,mtval,x0	  x0:0x00000000 x21=0x8ffffffc
      105162000	      5156	80002db8	002ada93	srli	x21,x21,0x2	 x21:0x8ffffffc x21=0x23ffffff
      105182000	      5157	80002dbc	000c9563	bne	x25,x0,80002dc6	 x25:0x0000000f  x0:0x00000000
      105262000	      5161	80002dc6	fc9ae1e3	bltu	x21,x9,80002d88	 x21:0x23ffffff  x9:0x20009220
      105282000	      5162	80002dca	faaaffe3	bgeu	x21,x10,80002d88	 x21:0x23ffffff x10:0x20009bb9
      105342000	      5165	80002d88	8cda	c.mv	x25,x22	  x0:0x00000000 x22:0x0000000f x25=0x0000000f
      105362000	      5166	80002d8a	84aa	c.mv	x9,x10	  x0:0x00000000 x10:0x20009bb9  x9=0x20009bb9
      105382000	      5167	80002d8c	0c85	c.addi	x25,1	 x25:0x0000000f x25=0x00000010
      105402000	      5168	80002d8e	8b66	c.mv	x22,x25	  x0:0x00000000 x25:0x00000010 x22=0x00000010
      105422000	      5169	80002d90	4541	c.li	x10,16	 x10=0x00000010
      105442000	      5170	80002d92	00acd363	bge	x25,x10,80002d98	 x25:0x00000010 x10:0x00000010
      105482000	      5172	80002d98	74702cf3	csrrs	x25,0x747,x0	  x0:0x00000000 x25=0x00000000
      105502000	      5173	80002d9c	002cfc93	andi	x25,x25,2	 x25:0x00000000 x25=0x00000000
      105522000	      5174	80002da0	080c9163	bne	x25,x0,80002e22	 x25:0x00000000  x0:0x00000000
      105542000	      5175	80002da4	ffffec97	auipc	x25,0xffffe	 x25=0x80000da4
      105942000	      5195	80002da8	850c8c93	addi	x25,x25,-1968	 x25:0x80000da4 x25=0x800005f4
      105962000	      5196	80002dac	000c8067	jalr	x0,0(x25)	 x25:0x800005f4  x0=0x00000000
      106282000	      5212	800005f4	90000537	lui	x10,0x90000	 x10=0x90000000
      106702000	      5233	800005f8	1561	c.addi	x10,-8	 x10:0x90000000 x10=0x8ffffff8
      106722000	      5234	800005fa	4c81	c.li	x25,0	 x25=0x00000000
      106782000	      5237	800005fc	0ca2	c.slli	x25,0x8	 x25:0x00000000 x25=0x00000000
      106802000	      5238	800005fe	0c85	c.addi	x25,1	 x25:0x00000000 x25=0x00000001
      107142000	      5255	80000600	01952023	sw	x25,0(x10)	 x10:0x8ffffff8 x25:0x00000001 PA:0x8ffffff8 store:0x00000001 load:0xffffffff
      107162000	      5256	80000604	00000073	ecall	
      107222000	      5259	80002200	0800006f	jal	x0,80002280	  x0=0x00000000
      107282000	      5262	80002280	17f1	c.addi	x15,-4	 x15:0x8002cc60 x15=0x8002cc5c
      107342000	      5265	80002282	0027a023	sw	x2,0(x15)	 x15:0x8002cc5c  x2:0x8002cc60 PA:0x8002cc5c store:0x8002cc60 load:0xffffffff
      107362000	      5266	80002286	00078133	add	x2,x15,x0	 x15:0x8002cc5c  x0:0x00000000  x2=0x8002cc5c
      107382000	      5267	8000228a	7119	c.addi16sp	x2,-128	  x2:0x8002cc5c  x2=0x8002cbdc
      121282000	      5962	8000228c	c206	c.swsp	x1,4(x2)	  x2:0x8002cbdc  x1:0x00000000 PA:0x8002cbe0 store:0x00000000 load:0xffffffff
      121522000	      5974	8000228e	c40a	c.swsp	x2,8(x2)	  x2:0x8002cbdc  x2:0x8002cbdc PA:0x8002cbe4 store:0x8002cbdc load:0xffffffff
      121542000	      5975	80002290	c60e	c.swsp	x3,12(x2)	  x2:0x8002cbdc  x3:0x00000000 PA:0x8002cbe8 store:0x00000000 load:0xffffffff
      121562000	      5976	80002292	c812	c.swsp	x4,16(x2)	  x2:0x8002cbdc  x4:0x00000000 PA:0x8002cbec store:0x00000000 load:0xffffffff
      121582000	      5977	80002294	ca16	c.swsp	x5,20(x2)	  x2:0x8002cbdc  x5:0x00000000 PA:0x8002cbf0 store:0x00000000 load:0xffffffff
      121782000	      5987	80002296	cc1a	c.swsp	x6,24(x2)	  x2:0x8002cbdc  x6:0x00000000 PA:0x8002cbf4 store:0x00000000 load:0xffffffff
      122242000	      6010	80002298	ce1e	c.swsp	x7,28(x2)	  x2:0x8002cbdc  x7:0x00000000 PA:0x8002cbf8 store:0x00000000 load:0xffffffff
      122502000	      6023	8000229a	d022	c.swsp	x8,32(x2)	  x2:0x8002cbdc  x8:0x00000000 PA:0x8002cbfc store:0x00000000 load:0xffffffff
      122522000	      6024	8000229c	d226	c.swsp	x9,36(x2)	  x2:0x8002cbdc  x9:0x20009bb9 PA:0x8002cc00 store:0x20009bb9 load:0xffffffff
      122742000	      6035	8000229e	d42a	c.swsp	x10,40(x2)	  x2:0x8002cbdc x10:0x8ffffff8 PA:0x8002cc04 store:0x8ffffff8 load:0xffffffff
      122782000	      6037	800022a0	d62e	c.swsp	x11,44(x2)	  x2:0x8002cbdc x11:0x00000000 PA:0x8002cc08 store:0x00000000 load:0xffffffff
      123142000	      6055	800022a2	d832	c.swsp	x12,48(x2)	  x2:0x8002cbdc x12:0x00000000 PA:0x8002cc0c store:0x00000000 load:0xffffffff
      123202000	      6058	800022a4	da36	c.swsp	x13,52(x2)	  x2:0x8002cbdc x13:0x00000000 PA:0x8002cc10 store:0x00000000 load:0xffffffff
      123222000	      6059	800022a6	dc3a	c.swsp	x14,56(x2)	  x2:0x8002cbdc x14:0x00000000 PA:0x8002cc14 store:0x00000000 load:0xffffffff
      123442000	      6070	800022a8	de3e	c.swsp	x15,60(x2)	  x2:0x8002cbdc x15:0x8002cc5c PA:0x8002cc18 store:0x8002cc5c load:0xffffffff
      123862000	      6091	800022aa	c0c2	c.swsp	x16,64(x2)	  x2:0x8002cbdc x16:0x00000000 PA:0x8002cc1c store:0x00000000 load:0xffffffff
      124182000	      6107	800022ac	c2c6	c.swsp	x17,68(x2)	  x2:0x8002cbdc x17:0x00000000 PA:0x8002cc20 store:0x00000000 load:0xffffffff
      124642000	      6130	800022ae	c4ca	c.swsp	x18,72(x2)	  x2:0x8002cbdc x18:0x00000000 PA:0x8002cc24 store:0x00000000 load:0xffffffff
      124702000	      6133	800022b0	c6ce	c.swsp	x19,76(x2)	  x2:0x8002cbdc x19:0x00000000 PA:0x8002cc28 store:0x00000000 load:0xffffffff
      124942000	      6145	800022b2	c8d2	c.swsp	x20,80(x2)	  x2:0x8002cbdc x20:0x0f0f0f0f PA:0x8002cc2c store:0x0f0f0f0f load:0xffffffff
      125082000	      6152	800022b4	cad6	c.swsp	x21,84(x2)	  x2:0x8002cbdc x21:0x23ffffff PA:0x8002cc30 store:0x23ffffff load:0xffffffff
      125622000	      6179	800022b6	ccda	c.swsp	x22,88(x2)	  x2:0x8002cbdc x22:0x00000010 PA:0x8002cc34 store:0x00000010 load:0xffffffff
      126002000	      6198	800022b8	cede	c.swsp	x23,92(x2)	  x2:0x8002cbdc x23:0x00000000 PA:0x8002cc38 store:0x00000000 load:0xffffffff
      126162000	      6206	800022ba	d0e2	c.swsp	x24,96(x2)	  x2:0x8002cbdc x24:0x00000000 PA:0x8002cc3c store:0x00000000 load:0xffffffff
      126302000	      6213	800022bc	d2e6	c.swsp	x25,100(x2)	  x2:0x8002cbdc x25:0x00000001 PA:0x8002cc40 store:0x00000001 load:0xffffffff
      126362000	      6216	800022be	d4ea	c.swsp	x26,104(x2)	  x2:0x8002cbdc x26:0x00000000 PA:0x8002cc44 store:0x00000000 load:0xffffffff
      126382000	      6217	800022c0	d6ee	c.swsp	x27,108(x2)	  x2:0x8002cbdc x27:0x00000000 PA:0x8002cc48 store:0x00000000 load:0xffffffff
      126642000	      6230	800022c2	d8f2	c.swsp	x28,112(x2)	  x2:0x8002cbdc x28:0x0000000f PA:0x8002cc4c store:0x0000000f load:0xffffffff
      126882000	      6242	800022c4	daf6	c.swsp	x29,116(x2)	  x2:0x8002cbdc x29:0x00000000 PA:0x8002cc50 store:0x00000000 load:0xffffffff
      126942000	      6245	800022c6	dcfa	c.swsp	x30,120(x2)	  x2:0x8002cbdc x30:0x00000000 PA:0x8002cc54 store:0x00000000 load:0xffffffff
      127102000	      6253	800022c8	defe	c.swsp	x31,124(x2)	  x2:0x8002cbdc x31:0x00000000 PA:0x8002cc58 store:0x00000000 load:0xffffffff
      127122000	      6254	800022ca	000107b3	add	x15,x2,x0	  x2:0x8002cbdc  x0:0x00000000 x15=0x8002cbdc
      127142000	      6255	800022ce	90000537	lui	x10,0x90000	 x10=0x90000000
      127162000	      6256	800022d2	1571	c.addi	x10,-4	 x10:0x90000000 x10=0x8ffffffc
      127182000	      6257	800022d4	4ca1	c.li	x25,8	 x25=0x00000008
      127202000	      6258	800022d6	0ca2	c.slli	x25,0x8	 x25:0x00000008 x25=0x00000800
      127222000	      6259	800022d8	000c8c93	addi	x25,x25,0	 x25:0x00000800 x25=0x00000800
      127442000	      6270	800022dc	01952023	sw	x25,0(x10)	 x10:0x8ffffffc x25:0x00000800 PA:0x8ffffffc store:0x00000800 load:0xffffffff
      127462000	      6271	800022e0	34102cf3	csrrs	x25,mepc,x0	  x0:0x00000000 x25=0x80000604
      127482000	      6272	800022e4	34202cf3	csrrs	x25,mcause,x0	  x0:0x00000000 x25=0x0000000b
      127502000	      6273	800022e8	450d	c.li	x10,3	 x10=0x00000003
      127522000	      6274	800022ea	00ac9463	bne	x25,x10,800022f2	 x25:0x0000000b x10:0x00000003
      127562000	      6276	800022f2	4521	c.li	x10,8	 x10=0x00000008
      127582000	      6277	800022f4	04ac8d63	beq	x25,x10,8000234e	 x25:0x0000000b x10:0x00000008
      127602000	      6278	800022f8	4525	c.li	x10,9	 x10=0x00000009
      127622000	      6279	800022fa	04ac8a63	beq	x25,x10,8000234e	 x25:0x0000000b x10:0x00000009
      127642000	      6280	800022fe	452d	c.li	x10,11	 x10=0x0000000b
      127662000	      6281	80002300	04ac8763	beq	x25,x10,8000234e	 x25:0x0000000b x10:0x0000000b
      128642000	      6330	8000234e	90000537	lui	x10,0x90000	 x10=0x90000000
      128662000	      6331	80002352	1571	c.addi	x10,-4	 x10:0x90000000 x10=0x8ffffffc
      128682000	      6332	80002354	6c85	c.lui	x25,0x1	 x25=0x00001000
      128702000	      6333	80002356	b00c8c93	addi	x25,x25,-1280	 x25:0x00001000 x25=0x00000b00
      128722000	      6334	8000235a	0ca2	c.slli	x25,0x8	 x25:0x00000b00 x25=0x000b0000
      128742000	      6335	8000235c	0c8d	c.addi	x25,3	 x25:0x000b0000 x25=0x000b0003
      129142000	      6355	8000235e	01952023	sw	x25,0(x10)	 x10:0x8ffffffc x25:0x000b0003 PA:0x8ffffffc store:0x000b0003 load:0xffffffff
      129162000	      6356	80002362	b0002cf3	csrrs	x25,mcycle,x0	  x0:0x00000000 x25=0x000018d1
      129582000	      6377	80002366	01952023	sw	x25,0(x10)	 x10:0x8ffffffc x25:0x000018d1 PA:0x8ffffffc store:0x000018d1 load:0xffffffff
      129602000	      6378	8000236a	90000537	lui	x10,0x90000	 x10=0x90000000
      129622000	      6379	8000236e	1571	c.addi	x10,-4	 x10:0x90000000 x10=0x8ffffffc
      129642000	      6380	80002370	6c85	c.lui	x25,0x1	 x25=0x00001000
      129662000	      6381	80002372	b80c8c93	addi	x25,x25,-1152	 x25:0x00001000 x25=0x00000b80
      129682000	      6382	80002376	0ca2	c.slli	x25,0x8	 x25:0x00000b80 x25=0x000b8000
      129702000	      6383	80002378	0c8d	c.addi	x25,3	 x25:0x000b8000 x25=0x000b8003
      129822000	      6389	8000237a	01952023	sw	x25,0(x10)	 x10:0x8ffffffc x25:0x000b8003 PA:0x8ffffffc store:0x000b8003 load:0xffffffff
      129842000	      6390	8000237e	b8002cf3	csrrs	x25,mcycleh,x0	  x0:0x00000000 x25=0x00000000
      129902000	      6393	80002382	01952023	sw	x25,0(x10)	 x10:0x8ffffffc x25:0x00000000 PA:0x8ffffffc store:0x00000000 load:0xffffffff
      129922000	      6394	80002386	90000537	lui	x10,0x90000	 x10=0x90000000
      129942000	      6395	8000238a	1571	c.addi	x10,-4	 x10:0x90000000 x10=0x8ffffffc
      129962000	      6396	8000238c	6c85	c.lui	x25,0x1	 x25=0x00001000
      130002000	      6398	8000238e	b03c8c93	addi	x25,x25,-1277	 x25:0x00001000 x25=0x00000b03
      130022000	      6399	80002392	0ca2	c.slli	x25,0x8	 x25:0x00000b03 x25=0x000b0300
      130042000	      6400	80002394	0c8d	c.addi	x25,3	 x25:0x000b0300 x25=0x000b0303
      130502000	      6423	80002396	01952023	sw	x25,0(x10)	 x10:0x8ffffffc x25:0x000b0303 PA:0x8ffffffc store:0x000b0303 load:0xffffffff
      130522000	      6424	8000239a	b0302cf3	csrrs	x25,mhpmcounter3,x0	  x0:0x00000000 x25=0x000001a8
      130682000	      6432	8000239e	01952023	sw	x25,0(x10)	 x10:0x8ffffffc x25:0x000001a8 PA:0x8ffffffc store:0x000001a8 load:0xffffffff
      130702000	      6433	800023a2	90000537	lui	x10,0x90000	 x10=0x90000000
      130722000	      6434	800023a6	1571	c.addi	x10,-4	 x10:0x90000000 x10=0x8ffffffc
      130742000	      6435	800023a8	6c85	c.lui	x25,0x1	 x25=0x00001000
      130762000	      6436	800023aa	b83c8c93	addi	x25,x25,-1149	 x25:0x00001000 x25=0x00000b83
      130782000	      6437	800023ae	0ca2	c.slli	x25,0x8	 x25:0x00000b83 x25=0x000b8300
      130802000	      6438	800023b0	0c8d	c.addi	x25,3	 x25:0x000b8300 x25=0x000b8303
      130862000	      6441	800023b2	01952023	sw	x25,0(x10)	 x10:0x8ffffffc x25:0x000b8303 PA:0x8ffffffc store:0x000b8303 load:0xffffffff
      131062000	      6451	800023b6	b8302cf3	csrrs	x25,mhpmcounter3h,x0	  x0:0x00000000 x25=0x00000000
      131402000	      6468	800023ba	01952023	sw	x25,0(x10)	 x10:0x8ffffffc x25:0x00000000 PA:0x8ffffffc store:0x00000000 load:0xffffffff
      131422000	      6469	800023be	90000537	lui	x10,0x90000	 x10=0x90000000
      131442000	      6470	800023c2	1571	c.addi	x10,-4	 x10:0x90000000 x10=0x8ffffffc
      131462000	      6471	800023c4	6c85	c.lui	x25,0x1	 x25=0x00001000
      131482000	      6472	800023c6	b04c8c93	addi	x25,x25,-1276	 x25:0x00001000 x25=0x00000b04
      131502000	      6473	800023ca	0ca2	c.slli	x25,0x8	 x25:0x00000b04 x25=0x000b0400
      131622000	      6479	800023cc	0c8d	c.addi	x25,3	 x25:0x000b0400 x25=0x000b0403
      132022000	      6499	800023ce	01952023	sw	x25,0(x10)	 x10:0x8ffffffc x25:0x000b0403 PA:0x8ffffffc store:0x000b0403 load:0xffffffff
      132042000	      6500	800023d2	b0402cf3	csrrs	x25,mhpmcounter4,x0	  x0:0x00000000 x25=0x00000858
      132222000	      6509	800023d6	01952023	sw	x25,0(x10)	 x10:0x8ffffffc x25:0x00000858 PA:0x8ffffffc store:0x00000858 load:0xffffffff
      132242000	      6510	800023da	90000537	lui	x10,0x90000	 x10=0x90000000
      132262000	      6511	800023de	1571	c.addi	x10,-4	 x10:0x90000000 x10=0x8ffffffc
      132282000	      6512	800023e0	6c85	c.lui	x25,0x1	 x25=0x00001000
      132302000	      6513	800023e2	b84c8c93	addi	x25,x25,-1148	 x25:0x00001000 x25=0x00000b84
      132322000	      6514	800023e6	0ca2	c.slli	x25,0x8	 x25:0x00000b84 x25=0x000b8400
      132342000	      6515	800023e8	0c8d	c.addi	x25,3	 x25:0x000b8400 x25=0x000b8403
      132402000	      6518	800023ea	01952023	sw	x25,0(x10)	 x10:0x8ffffffc x25:0x000b8403 PA:0x8ffffffc store:0x000b8403 load:0xffffffff
      132422000	      6519	800023ee	b8402cf3	csrrs	x25,mhpmcounter4h,x0	  x0:0x00000000 x25=0x00000000
      132642000	      6530	800023f2	01952023	sw	x25,0(x10)	 x10:0x8ffffffc x25:0x00000000 PA:0x8ffffffc store:0x00000000 load:0xffffffff
      132662000	      6531	800023f6	90000537	lui	x10,0x90000	 x10=0x90000000
      132682000	      6532	800023fa	1571	c.addi	x10,-4	 x10:0x90000000 x10=0x8ffffffc
      132702000	      6533	800023fc	6c85	c.lui	x25,0x1	 x25=0x00001000
      132722000	      6534	800023fe	b05c8c93	addi	x25,x25,-1275	 x25:0x00001000 x25=0x00000b05
      132742000	      6535	80002402	0ca2	c.slli	x25,0x8	 x25:0x00000b05 x25=0x000b0500
      132762000	      6536	80002404	0c8d	c.addi	x25,3	 x25:0x000b0500 x25=0x000b0503
      133522000	      6574	80002406	01952023	sw	x25,0(x10)	 x10:0x8ffffffc x25:0x000b0503 PA:0x8ffffffc store:0x000b0503 load:0xffffffff
      133542000	      6575	8000240a	b0502cf3	csrrs	x25,mhpmcounter5,x0	  x0:0x00000000 x25=0x00000000
      134002000	      6598	8000240e	01952023	sw	x25,0(x10)	 x10:0x8ffffffc x25:0x00000000 PA:0x8ffffffc store:0x00000000 load:0xffffffff
      134022000	      6599	80002412	90000537	lui	x10,0x90000	 x10=0x90000000
      134042000	      6600	80002416	1571	c.addi	x10,-4	 x10:0x90000000 x10=0x8ffffffc
      134062000	      6601	80002418	6c85	c.lui	x25,0x1	 x25=0x00001000
      134082000	      6602	8000241a	b85c8c93	addi	x25,x25,-1147	 x25:0x00001000 x25=0x00000b85
      134102000	      6603	8000241e	0ca2	c.slli	x25,0x8	 x25:0x00000b85 x25=0x000b8500
      134122000	      6604	80002420	0c8d	c.addi	x25,3	 x25:0x000b8500 x25=0x000b8503
      134442000	      6620	80002422	01952023	sw	x25,0(x10)	 x10:0x8ffffffc x25:0x000b8503 PA:0x8ffffffc store:0x000b8503 load:0xffffffff
      134462000	      6621	80002426	b8502cf3	csrrs	x25,mhpmcounter5h,x0	  x0:0x00000000 x25=0x00000000
      134542000	      6625	8000242a	01952023	sw	x25,0(x10)	 x10:0x8ffffffc x25:0x00000000 PA:0x8ffffffc store:0x00000000 load:0xffffffff
      134562000	      6626	8000242e	90000537	lui	x10,0x90000	 x10=0x90000000
      134582000	      6627	80002432	1571	c.addi	x10,-4	 x10:0x90000000 x10=0x8ffffffc
      134602000	      6628	80002434	6c85	c.lui	x25,0x1	 x25=0x00001000
      134622000	      6629	80002436	b06c8c93	addi	x25,x25,-1274	 x25:0x00001000 x25=0x00000b06
      134642000	      6630	8000243a	0ca2	c.slli	x25,0x8	 x25:0x00000b06 x25=0x000b0600
      134662000	      6631	8000243c	0c8d	c.addi	x25,3	 x25:0x000b0600 x25=0x000b0603
      134882000	      6642	8000243e	01952023	sw	x25,0(x10)	 x10:0x8ffffffc x25:0x000b0603 PA:0x8ffffffc store:0x000b0603 load:0xffffffff
      134902000	      6643	80002442	b0602cf3	csrrs	x25,mhpmcounter6,x0	  x0:0x00000000 x25=0x00000058
      135242000	      6660	80002446	01952023	sw	x25,0(x10)	 x10:0x8ffffffc x25:0x00000058 PA:0x8ffffffc store:0x00000058 load:0xffffffff
      135262000	      6661	8000244a	90000537	lui	x10,0x90000	 x10=0x90000000
      135282000	      6662	8000244e	1571	c.addi	x10,-4	 x10:0x90000000 x10=0x8ffffffc
      135302000	      6663	80002450	6c85	c.lui	x25,0x1	 x25=0x00001000
      135322000	      6664	80002452	b86c8c93	addi	x25,x25,-1146	 x25:0x00001000 x25=0x00000b86
      135342000	      6665	80002456	0ca2	c.slli	x25,0x8	 x25:0x00000b86 x25=0x000b8600
      135362000	      6666	80002458	0c8d	c.addi	x25,3	 x25:0x000b8600 x25=0x000b8603
      135482000	      6672	8000245a	01952023	sw	x25,0(x10)	 x10:0x8ffffffc x25:0x000b8603 PA:0x8ffffffc store:0x000b8603 load:0xffffffff
      135622000	      6679	8000245e	b8602cf3	csrrs	x25,mhpmcounter6h,x0	  x0:0x00000000 x25=0x00000000
      136282000	      6712	80002462	01952023	sw	x25,0(x10)	 x10:0x8ffffffc x25:0x00000000 PA:0x8ffffffc store:0x00000000 load:0xffffffff
      136302000	      6713	80002466	90000537	lui	x10,0x90000	 x10=0x90000000
      136322000	      6714	8000246a	1571	c.addi	x10,-4	 x10:0x90000000 x10=0x8ffffffc
      136342000	      6715	8000246c	6c85	c.lui	x25,0x1	 x25=0x00001000
      136362000	      6716	8000246e	b07c8c93	addi	x25,x25,-1273	 x25:0x00001000 x25=0x00000b07
      136382000	      6717	80002472	0ca2	c.slli	x25,0x8	 x25:0x00000b07 x25=0x000b0700
      136402000	      6718	80002474	0c8d	c.addi	x25,3	 x25:0x000b0700 x25=0x000b0703
      136662000	      6731	80002476	01952023	sw	x25,0(x10)	 x10:0x8ffffffc x25:0x000b0703 PA:0x8ffffffc store:0x000b0703 load:0xffffffff
      136682000	      6732	8000247a	b0702cf3	csrrs	x25,mhpmcounter7,x0	  x0:0x00000000 x25=0x00000023
      136802000	      6738	8000247e	01952023	sw	x25,0(x10)	 x10:0x8ffffffc x25:0x00000023 PA:0x8ffffffc store:0x00000023 load:0xffffffff
      136822000	      6739	80002482	90000537	lui	x10,0x90000	 x10=0x90000000
      136842000	      6740	80002486	1571	c.addi	x10,-4	 x10:0x90000000 x10=0x8ffffffc
      136862000	      6741	80002488	6c85	c.lui	x25,0x1	 x25=0x00001000
      136882000	      6742	8000248a	b87c8c93	addi	x25,x25,-1145	 x25:0x00001000 x25=0x00000b87
      136902000	      6743	8000248e	0ca2	c.slli	x25,0x8	 x25:0x00000b87 x25=0x000b8700
      136922000	      6744	80002490	0c8d	c.addi	x25,3	 x25:0x000b8700 x25=0x000b8703
      136982000	      6747	80002492	01952023	sw	x25,0(x10)	 x10:0x8ffffffc x25:0x000b8703 PA:0x8ffffffc store:0x000b8703 load:0xffffffff
      137002000	      6748	80002496	b8702cf3	csrrs	x25,mhpmcounter7h,x0	  x0:0x00000000 x25=0x00000000
      137042000	      6750	8000249a	01952023	sw	x25,0(x10)	 x10:0x8ffffffc x25:0x00000000 PA:0x8ffffffc store:0x00000000 load:0xffffffff
      137062000	      6751	8000249e	90000537	lui	x10,0x90000	 x10=0x90000000
      137082000	      6752	800024a2	1571	c.addi	x10,-4	 x10:0x90000000 x10=0x8ffffffc
      137302000	      6763	800024a4	6c85	c.lui	x25,0x1	 x25=0x00001000
      137322000	      6764	800024a6	b08c8c93	addi	x25,x25,-1272	 x25:0x00001000 x25=0x00000b08
      137342000	      6765	800024aa	0ca2	c.slli	x25,0x8	 x25:0x00000b08 x25=0x000b0800
      137362000	      6766	800024ac	0c8d	c.addi	x25,3	 x25:0x000b0800 x25=0x000b0803
      137422000	      6769	800024ae	01952023	sw	x25,0(x10)	 x10:0x8ffffffc x25:0x000b0803 PA:0x8ffffffc store:0x000b0803 load:0xffffffff
      137782000	      6787	800024b2	b0802cf3	csrrs	x25,mhpmcounter8,x0	  x0:0x00000000 x25=0x000000f4
      137982000	      6797	800024b6	01952023	sw	x25,0(x10)	 x10:0x8ffffffc x25:0x000000f4 PA:0x8ffffffc store:0x000000f4 load:0xffffffff
      138002000	      6798	800024ba	90000537	lui	x10,0x90000	 x10=0x90000000
      138022000	      6799	800024be	1571	c.addi	x10,-4	 x10:0x90000000 x10=0x8ffffffc
      138042000	      6800	800024c0	6c85	c.lui	x25,0x1	 x25=0x00001000
      138262000	      6811	800024c2	b88c8c93	addi	x25,x25,-1144	 x25:0x00001000 x25=0x00000b88
      138282000	      6812	800024c6	0ca2	c.slli	x25,0x8	 x25:0x00000b88 x25=0x000b8800
      138542000	      6825	800024c8	0c8d	c.addi	x25,3	 x25:0x000b8800 x25=0x000b8803
      138622000	      6829	800024ca	01952023	sw	x25,0(x10)	 x10:0x8ffffffc x25:0x000b8803 PA:0x8ffffffc store:0x000b8803 load:0xffffffff
      138662000	      6831	800024ce	b8802cf3	csrrs	x25,mhpmcounter8h,x0	  x0:0x00000000 x25=0x00000000
      139122000	      6854	800024d2	01952023	sw	x25,0(x10)	 x10:0x8ffffffc x25:0x00000000 PA:0x8ffffffc store:0x00000000 load:0xffffffff
      139142000	      6855	800024d6	90000537	lui	x10,0x90000	 x10=0x90000000
      139162000	      6856	800024da	1571	c.addi	x10,-4	 x10:0x90000000 x10=0x8ffffffc
      139182000	      6857	800024dc	6c85	c.lui	x25,0x1	 x25=0x00001000
      139202000	      6858	800024de	b09c8c93	addi	x25,x25,-1271	 x25:0x00001000 x25=0x00000b09
      139222000	      6859	800024e2	0ca2	c.slli	x25,0x8	 x25:0x00000b09 x25=0x000b0900
      139242000	      6860	800024e4	0c8d	c.addi	x25,3	 x25:0x000b0900 x25=0x000b0903
      139482000	      6872	800024e6	01952023	sw	x25,0(x10)	 x10:0x8ffffffc x25:0x000b0903 PA:0x8ffffffc store:0x000b0903 load:0xffffffff
      139502000	      6873	800024ea	b0902cf3	csrrs	x25,mhpmcounter9,x0	  x0:0x00000000 x25=0x00000044
      139782000	      6887	800024ee	01952023	sw	x25,0(x10)	 x10:0x8ffffffc x25:0x00000044 PA:0x8ffffffc store:0x00000044 load:0xffffffff
      139802000	      6888	800024f2	90000537	lui	x10,0x90000	 x10=0x90000000
      139822000	      6889	800024f6	1571	c.addi	x10,-4	 x10:0x90000000 x10=0x8ffffffc
      140022000	      6899	800024f8	6c85	c.lui	x25,0x1	 x25=0x00001000
      140202000	      6908	800024fa	b89c8c93	addi	x25,x25,-1143	 x25:0x00001000 x25=0x00000b89
      140222000	      6909	800024fe	0ca2	c.slli	x25,0x8	 x25:0x00000b89 x25=0x000b8900
      140442000	      6920	80002500	0c8d	c.addi	x25,3	 x25:0x000b8900 x25=0x000b8903
      140502000	      6923	80002502	01952023	sw	x25,0(x10)	 x10:0x8ffffffc x25:0x000b8903 PA:0x8ffffffc store:0x000b8903 load:0xffffffff
      140622000	      6929	80002506	b8902cf3	csrrs	x25,mhpmcounter9h,x0	  x0:0x00000000 x25=0x00000000
      140862000	      6941	8000250a	01952023	sw	x25,0(x10)	 x10:0x8ffffffc x25:0x00000000 PA:0x8ffffffc store:0x00000000 load:0xffffffff
      140882000	      6942	8000250e	90000537	lui	x10,0x90000	 x10=0x90000000
      140902000	      6943	80002512	1571	c.addi	x10,-4	 x10:0x90000000 x10=0x8ffffffc
      140922000	      6944	80002514	6c85	c.lui	x25,0x1	 x25=0x00001000
      140942000	      6945	80002516	b0ac8c93	addi	x25,x25,-1270	 x25:0x00001000 x25=0x00000b0a
      140962000	      6946	8000251a	0ca2	c.slli	x25,0x8	 x25:0x00000b0a x25=0x000b0a00
      140982000	      6947	8000251c	0c8d	c.addi	x25,3	 x25:0x000b0a00 x25=0x000b0a03
      141082000	      6952	8000251e	01952023	sw	x25,0(x10)	 x10:0x8ffffffc x25:0x000b0a03 PA:0x8ffffffc store:0x000b0a03 load:0xffffffff
      141102000	      6953	80002522	b0a02cf3	csrrs	x25,mhpmcounter10,x0	  x0:0x00000000 x25=0x00000264
      141122000	      6954	80002526	01952023	sw	x25,0(x10)	 x10:0x8ffffffc x25:0x00000264 PA:0x8ffffffc store:0x00000264 load:0xffffffff
      141142000	      6955	8000252a	90000537	lui	x10,0x90000	 x10=0x90000000
      141162000	      6956	8000252e	1571	c.addi	x10,-4	 x10:0x90000000 x10=0x8ffffffc
      141182000	      6957	80002530	6c85	c.lui	x25,0x1	 x25=0x00001000
      141262000	      6961	80002532	b8ac8c93	addi	x25,x25,-1142	 x25:0x00001000 x25=0x00000b8a
      141282000	      6962	80002536	0ca2	c.slli	x25,0x8	 x25:0x00000b8a x25=0x000b8a00
      141342000	      6965	80002538	0c8d	c.addi	x25,3	 x25:0x000b8a00 x25=0x000b8a03
      141482000	      6972	8000253a	01952023	sw	x25,0(x10)	 x10:0x8ffffffc x25:0x000b8a03 PA:0x8ffffffc store:0x000b8a03 load:0xffffffff
      141622000	      6979	8000253e	b8a02cf3	csrrs	x25,mhpmcounter10h,x0	  x0:0x00000000 x25=0x00000000
      141822000	      6989	80002542	01952023	sw	x25,0(x10)	 x10:0x8ffffffc x25:0x00000000 PA:0x8ffffffc store:0x00000000 load:0xffffffff
      141842000	      6990	80002546	90000537	lui	x10,0x90000	 x10=0x90000000
      141862000	      6991	8000254a	1571	c.addi	x10,-4	 x10:0x90000000 x10=0x8ffffffc
      142222000	      7009	8000254c	6c85	c.lui	x25,0x1	 x25=0x00001000
      142602000	      7028	8000254e	b0bc8c93	addi	x25,x25,-1269	 x25:0x00001000 x25=0x00000b0b
      142622000	      7029	80002552	0ca2	c.slli	x25,0x8	 x25:0x00000b0b x25=0x000b0b00
      142642000	      7030	80002554	0c8d	c.addi	x25,3	 x25:0x000b0b00 x25=0x000b0b03
      142862000	      7041	80002556	01952023	sw	x25,0(x10)	 x10:0x8ffffffc x25:0x000b0b03 PA:0x8ffffffc store:0x000b0b03 load:0xffffffff
      142882000	      7042	8000255a	b0b02cf3	csrrs	x25,mhpmcounter11,x0	  x0:0x00000000 x25=0x00000000
      142942000	      7045	8000255e	01952023	sw	x25,0(x10)	 x10:0x8ffffffc x25:0x00000000 PA:0x8ffffffc store:0x00000000 load:0xffffffff
      142962000	      7046	80002562	90000537	lui	x10,0x90000	 x10=0x90000000
      142982000	      7047	80002566	1571	c.addi	x10,-4	 x10:0x90000000 x10=0x8ffffffc
      143002000	      7048	80002568	6c85	c.lui	x25,0x1	 x25=0x00001000
      143022000	      7049	8000256a	b8bc8c93	addi	x25,x25,-1141	 x25:0x00001000 x25=0x00000b8b
      143042000	      7050	8000256e	0ca2	c.slli	x25,0x8	 x25:0x00000b8b x25=0x000b8b00
      143062000	      7051	80002570	0c8d	c.addi	x25,3	 x25:0x000b8b00 x25=0x000b8b03
      143462000	      7071	80002572	01952023	sw	x25,0(x10)	 x10:0x8ffffffc x25:0x000b8b03 PA:0x8ffffffc store:0x000b8b03 load:0xffffffff
      143482000	      7072	80002576	b8b02cf3	csrrs	x25,mhpmcounter11h,x0	  x0:0x00000000 x25=0x00000000
      143802000	      7088	8000257a	01952023	sw	x25,0(x10)	 x10:0x8ffffffc x25:0x00000000 PA:0x8ffffffc store:0x00000000 load:0xffffffff
      143822000	      7089	8000257e	90000537	lui	x10,0x90000	 x10=0x90000000
      143842000	      7090	80002582	1571	c.addi	x10,-4	 x10:0x90000000 x10=0x8ffffffc
      143862000	      7091	80002584	6c85	c.lui	x25,0x1	 x25=0x00001000
      143882000	      7092	80002586	b0cc8c93	addi	x25,x25,-1268	 x25:0x00001000 x25=0x00000b0c
      143902000	      7093	8000258a	0ca2	c.slli	x25,0x8	 x25:0x00000b0c x25=0x000b0c00
      144042000	      7100	8000258c	0c8d	c.addi	x25,3	 x25:0x000b0c00 x25=0x000b0c03
      144122000	      7104	8000258e	01952023	sw	x25,0(x10)	 x10:0x8ffffffc x25:0x000b0c03 PA:0x8ffffffc store:0x000b0c03 load:0xffffffff
      144482000	      7122	80002592	b0c02cf3	csrrs	x25,mhpmcounter12,x0	  x0:0x00000000 x25=0x00000000
      145082000	      7152	80002596	01952023	sw	x25,0(x10)	 x10:0x8ffffffc x25:0x00000000 PA:0x8ffffffc store:0x00000000 load:0xffffffff
      145102000	      7153	8000259a	90000537	lui	x10,0x90000	 x10=0x90000000
      145122000	      7154	8000259e	1571	c.addi	x10,-4	 x10:0x90000000 x10=0x8ffffffc
      145142000	      7155	800025a0	6c85	c.lui	x25,0x1	 x25=0x00001000
      145482000	      7172	800025a2	b8cc8c93	addi	x25,x25,-1140	 x25:0x00001000 x25=0x00000b8c
      145502000	      7173	800025a6	0ca2	c.slli	x25,0x8	 x25:0x00000b8c x25=0x000b8c00
      145582000	      7177	800025a8	0c8d	c.addi	x25,3	 x25:0x000b8c00 x25=0x000b8c03
      145642000	      7180	800025aa	01952023	sw	x25,0(x10)	 x10:0x8ffffffc x25:0x000b8c03 PA:0x8ffffffc store:0x000b8c03 load:0xffffffff
      145662000	      7181	800025ae	b8c02cf3	csrrs	x25,mhpmcounter12h,x0	  x0:0x00000000 x25=0x00000000
      145982000	      7197	800025b2	01952023	sw	x25,0(x10)	 x10:0x8ffffffc x25:0x00000000 PA:0x8ffffffc store:0x00000000 load:0xffffffff
      153182000	      7557	800025b6	ffffec97	auipc	x25,0xffffe	 x25=0x800005b6
      153202000	      7558	800025ba	acac8c93	addi	x25,x25,-1334	 x25:0x800005b6 x25=0x80000080
      153462000	      7571	800025be	000ca023	sw	x0,0(x25)	 x25:0x80000080  x0:0x00000000 PA:0x80000080 store:0x00000000 load:0xffffffff
      153762000	      7586	800025c2	001ca223	sw	x1,4(x25)	 x25:0x80000080  x1:0x00000000 PA:0x80000084 store:0x00000000 load:0xffffffff
      154122000	      7604	800025c6	002ca423	sw	x2,8(x25)	 x25:0x80000080  x2:0x8002cbdc PA:0x80000088 store:0x8002cbdc load:0xffffffff
      154502000	      7623	800025ca	003ca623	sw	x3,12(x25)	 x25:0x80000080  x3:0x00000000 PA:0x8000008c store:0x00000000 load:0xffffffff
      154702000	      7633	800025ce	004ca823	sw	x4,16(x25)	 x25:0x80000080  x4:0x00000000 PA:0x80000090 store:0x00000000 load:0xffffffff
      154762000	      7636	800025d2	005caa23	sw	x5,20(x25)	 x25:0x80000080  x5:0x00000000 PA:0x80000094 store:0x00000000 load:0xffffffff
      155002000	      7648	800025d6	006cac23	sw	x6,24(x25)	 x25:0x80000080  x6:0x00000000 PA:0x80000098 store:0x00000000 load:0xffffffff
      155082000	      7652	800025da	007cae23	sw	x7,28(x25)	 x25:0x80000080  x7:0x00000000 PA:0x8000009c store:0x00000000 load:0xffffffff
      155162000	      7656	800025de	028ca023	sw	x8,32(x25)	 x25:0x80000080  x8:0x00000000 PA:0x800000a0 store:0x00000000 load:0xffffffff
      155222000	      7659	800025e2	029ca223	sw	x9,36(x25)	 x25:0x80000080  x9:0x20009bb9 PA:0x800000a4 store:0x20009bb9 load:0xffffffff
      155262000	      7661	800025e6	02aca423	sw	x10,40(x25)	 x25:0x80000080 x10:0x8ffffffc PA:0x800000a8 store:0x8ffffffc load:0xffffffff
      155542000	      7675	800025ea	02bca623	sw	x11,44(x25)	 x25:0x80000080 x11:0x00000000 PA:0x800000ac store:0x00000000 load:0xffffffff
      155782000	      7687	800025ee	02cca823	sw	x12,48(x25)	 x25:0x80000080 x12:0x00000000 PA:0x800000b0 store:0x00000000 load:0xffffffff
      155982000	      7697	800025f2	02dcaa23	sw	x13,52(x25)	 x25:0x80000080 x13:0x00000000 PA:0x800000b4 store:0x00000000 load:0xffffffff
      156042000	      7700	800025f6	02ecac23	sw	x14,56(x25)	 x25:0x80000080 x14:0x00000000 PA:0x800000b8 store:0x00000000 load:0xffffffff
      156162000	      7706	800025fa	02fcae23	sw	x15,60(x25)	 x25:0x80000080 x15:0x8002cbdc PA:0x800000bc store:0x8002cbdc load:0xffffffff
      156222000	      7709	800025fe	050ca023	sw	x16,64(x25)	 x25:0x80000080 x16:0x00000000 PA:0x800000c0 store:0x00000000 load:0xffffffff
      156242000	      7710	80002602	051ca223	sw	x17,68(x25)	 x25:0x80000080 x17:0x00000000 PA:0x800000c4 store:0x00000000 load:0xffffffff
      156362000	      7716	80002606	052ca423	sw	x18,72(x25)	 x25:0x80000080 x18:0x00000000 PA:0x800000c8 store:0x00000000 load:0xffffffff
      156502000	      7723	8000260a	053ca623	sw	x19,76(x25)	 x25:0x80000080 x19:0x00000000 PA:0x800000cc store:0x00000000 load:0xffffffff
      157102000	      7753	8000260e	054ca823	sw	x20,80(x25)	 x25:0x80000080 x20:0x0f0f0f0f PA:0x800000d0 store:0x0f0f0f0f load:0xffffffff
      157382000	      7767	80002612	055caa23	sw	x21,84(x25)	 x25:0x80000080 x21:0x23ffffff PA:0x800000d4 store:0x23ffffff load:0xffffffff
      157842000	      7790	80002616	056cac23	sw	x22,88(x25)	 x25:0x80000080 x22:0x00000010 PA:0x800000d8 store:0x00000010 load:0xffffffff
      158302000	      7813	8000261a	057cae23	sw	x23,92(x25)	 x25:0x80000080 x23:0x00000000 PA:0x800000dc store:0x00000000 load:0xffffffff
      158762000	      7836	8000261e	078ca023	sw	x24,96(x25)	 x25:0x80000080 x24:0x00000000 PA:0x800000e0 store:0x00000000 load:0xffffffff
      158822000	      7839	80002622	079ca223	sw	x25,100(x25)	 x25:0x80000080 x25:0x80000080 PA:0x800000e4 store:0x80000080 load:0xffffffff
      158902000	      7843	80002626	07aca423	sw	x26,104(x25)	 x25:0x80000080 x26:0x00000000 PA:0x800000e8 store:0x00000000 load:0xffffffff
      159262000	      7861	8000262a	07bca623	sw	x27,108(x25)	 x25:0x80000080 x27:0x00000000 PA:0x800000ec store:0x00000000 load:0xffffffff
      159322000	      7864	8000262e	07cca823	sw	x28,112(x25)	 x25:0x80000080 x28:0x0000000f PA:0x800000f0 store:0x0000000f load:0xffffffff
      159342000	      7865	80002632	07dcaa23	sw	x29,116(x25)	 x25:0x80000080 x29:0x00000000 PA:0x800000f4 store:0x00000000 load:0xffffffff
      159882000	      7892	80002636	07ecac23	sw	x30,120(x25)	 x25:0x80000080 x30:0x00000000 PA:0x800000f8 store:0x00000000 load:0xffffffff
      160102000	      7903	8000263a	07fcae23	sw	x31,124(x25)	 x25:0x80000080 x31:0x00000000 PA:0x800000fc store:0x00000000 load:0xffffffff
      160122000	      7904	8000263e	34102cf3	csrrs	x25,mepc,x0	  x0:0x00000000 x25=0x80000604
      160142000	      7905	80002642	0c91	c.addi	x25,4	 x25:0x80000604 x25=0x80000608
      160162000	      7906	80002644	341c9073	csrrw	x0,mepc,x25	 x25:0x80000608  x0=0x00000000
      160182000	      7907	80002648	30200073	mret	
      160242000	      7910	80000608	90000537	lui	x10,0x90000	 x10=0x90000000
      160262000	      7911	8000060c	1561	c.addi	x10,-8	 x10:0x90000000 x10=0x8ffffff8
      160282000	      7912	8000060e	4c85	c.li	x25,1	 x25=0x00000001
      160302000	      7913	80000610	0ca2	c.slli	x25,0x8	 x25:0x00000001 x25=0x00000100
      160322000	      7914	80000612	0c85	c.addi	x25,1	 x25:0x00000100 x25=0x00000101
      160362000	      7916	80000614	01952023	sw	x25,0(x10)	 x10:0x8ffffff8 x25:0x00000101 PA:0x8ffffff8 store:0x00000101 load:0xxxxxxxxx
      160442000	      7920	80002200	0800006f	jal	x0,80002280	  x0=0x00000000
      160502000	      7923	80002280	17f1	c.addi	x15,-4	 x15:0x8002cbdc x15=0x8002cbd8
      160582000	      7927	80002282	0027a023	sw	x2,0(x15)	 x15:0x8002cbd8  x2:0x8002cbdc PA:0x8002cbd8 store:0x8002cbdc load:0xffffffff
      160602000	      7928	80002286	00078133	add	x2,x15,x0	 x15:0x8002cbd8  x0:0x00000000  x2=0x8002cbd8
      160622000	      7929	8000228a	7119	c.addi16sp	x2,-128	  x2:0x8002cbd8  x2=0x8002cb58
      161182000	      7957	8000228c	c206	c.swsp	x1,4(x2)	  x2:0x8002cb58  x1:0x00000000 PA:0x8002cb5c store:0x00000000 load:0xffffffff
      161362000	      7966	8000228e	c40a	c.swsp	x2,8(x2)	  x2:0x8002cb58  x2:0x8002cb58 PA:0x8002cb60 store:0x8002cb58 load:0xffffffff
      161742000	      7985	80002290	c60e	c.swsp	x3,12(x2)	  x2:0x8002cb58  x3:0x00000000 PA:0x8002cb64 store:0x00000000 load:0xffffffff
      162202000	      8008	80002292	c812	c.swsp	x4,16(x2)	  x2:0x8002cb58  x4:0x00000000 PA:0x8002cb68 store:0x00000000 load:0xffffffff
      162262000	      8011	80002294	ca16	c.swsp	x5,20(x2)	  x2:0x8002cb58  x5:0x00000000 PA:0x8002cb6c store:0x00000000 load:0xffffffff
      162482000	      8022	80002296	cc1a	c.swsp	x6,24(x2)	  x2:0x8002cb58  x6:0x00000000 PA:0x8002cb70 store:0x00000000 load:0xffffffff
      162522000	      8024	80002298	ce1e	c.swsp	x7,28(x2)	  x2:0x8002cb58  x7:0x00000000 PA:0x8002cb74 store:0x00000000 load:0xffffffff
      162942000	      8045	8000229a	d022	c.swsp	x8,32(x2)	  x2:0x8002cb58  x8:0x00000000 PA:0x8002cb78 store:0x00000000 load:0xffffffff
      163002000	      8048	8000229c	d226	c.swsp	x9,36(x2)	  x2:0x8002cb58  x9:0x20009bb9 PA:0x8002cb7c store:0x20009bb9 load:0xffffffff
      163022000	      8049	8000229e	d42a	c.swsp	x10,40(x2)	  x2:0x8002cb58 x10:0x8ffffff8 PA:0x8002cb80 store:0x8ffffff8 load:0xffffffff
      163342000	      8065	800022a0	d62e	c.swsp	x11,44(x2)	  x2:0x8002cb58 x11:0x00000000 PA:0x8002cb84 store:0x00000000 load:0xffffffff
      163402000	      8068	800022a2	d832	c.swsp	x12,48(x2)	  x2:0x8002cb58 x12:0x00000000 PA:0x8002cb88 store:0x00000000 load:0xffffffff
      163822000	      8089	800022a4	da36	c.swsp	x13,52(x2)	  x2:0x8002cb58 x13:0x00000000 PA:0x8002cb8c store:0x00000000 load:0xffffffff
      163902000	      8093	800022a6	dc3a	c.swsp	x14,56(x2)	  x2:0x8002cb58 x14:0x00000000 PA:0x8002cb90 store:0x00000000 load:0xffffffff
      163922000	      8094	800022a8	de3e	c.swsp	x15,60(x2)	  x2:0x8002cb58 x15:0x8002cbd8 PA:0x8002cb94 store:0x8002cbd8 load:0xffffffff
      164262000	      8111	800022aa	c0c2	c.swsp	x16,64(x2)	  x2:0x8002cb58 x16:0x00000000 PA:0x8002cb98 store:0x00000000 load:0xffffffff
      164582000	      8127	800022ac	c2c6	c.swsp	x17,68(x2)	  x2:0x8002cb58 x17:0x00000000 PA:0x8002cb9c store:0x00000000 load:0xffffffff
      164682000	      8132	800022ae	c4ca	c.swsp	x18,72(x2)	  x2:0x8002cb58 x18:0x00000000 PA:0x8002cba0 store:0x00000000 load:0xffffffff
      165122000	      8154	800022b0	c6ce	c.swsp	x19,76(x2)	  x2:0x8002cb58 x19:0x00000000 PA:0x8002cba4 store:0x00000000 load:0xffffffff
      165182000	      8157	800022b2	c8d2	c.swsp	x20,80(x2)	  x2:0x8002cb58 x20:0x0f0f0f0f PA:0x8002cba8 store:0x0f0f0f0f load:0xffffffff
      165322000	      8164	800022b4	cad6	c.swsp	x21,84(x2)	  x2:0x8002cb58 x21:0x23ffffff PA:0x8002cbac store:0x23ffffff load:0xffffffff
      165442000	      8170	800022b6	ccda	c.swsp	x22,88(x2)	  x2:0x8002cb58 x22:0x00000010 PA:0x8002cbb0 store:0x00000010 load:0xffffffff
      165502000	      8173	800022b8	cede	c.swsp	x23,92(x2)	  x2:0x8002cb58 x23:0x00000000 PA:0x8002cbb4 store:0x00000000 load:0xffffffff
      165922000	      8194	800022ba	d0e2	c.swsp	x24,96(x2)	  x2:0x8002cb58 x24:0x00000000 PA:0x8002cbb8 store:0x00000000 load:0xffffffff
      165982000	      8197	800022bc	d2e6	c.swsp	x25,100(x2)	  x2:0x8002cb58 x25:0x00000101 PA:0x8002cbbc store:0x00000101 load:0xffffffff
      166042000	      8200	800022be	d4ea	c.swsp	x26,104(x2)	  x2:0x8002cb58 x26:0x00000000 PA:0x8002cbc0 store:0x00000000 load:0xffffffff
      166142000	      8205	800022c0	d6ee	c.swsp	x27,108(x2)	  x2:0x8002cb58 x27:0x00000000 PA:0x8002cbc4 store:0x00000000 load:0xffffffff
      166482000	      8222	800022c2	d8f2	c.swsp	x28,112(x2)	  x2:0x8002cb58 x28:0x0000000f PA:0x8002cbc8 store:0x0000000f load:0xffffffff
      166542000	      8225	800022c4	daf6	c.swsp	x29,116(x2)	  x2:0x8002cb58 x29:0x00000000 PA:0x8002cbcc store:0x00000000 load:0xffffffff
      166562000	      8226	800022c6	dcfa	c.swsp	x30,120(x2)	  x2:0x8002cb58 x30:0x00000000 PA:0x8002cbd0 store:0x00000000 load:0xffffffff
      166582000	      8227	800022c8	defe	c.swsp	x31,124(x2)	  x2:0x8002cb58 x31:0x00000000 PA:0x8002cbd4 store:0x00000000 load:0xffffffff
      166602000	      8228	800022ca	000107b3	add	x15,x2,x0	  x2:0x8002cb58  x0:0x00000000 x15=0x8002cb58
      166622000	      8229	800022ce	90000537	lui	x10,0x90000	 x10=0x90000000
      166642000	      8230	800022d2	1571	c.addi	x10,-4	 x10:0x90000000 x10=0x8ffffffc
      166662000	      8231	800022d4	4ca1	c.li	x25,8	 x25=0x00000008
      166682000	      8232	800022d6	0ca2	c.slli	x25,0x8	 x25:0x00000008 x25=0x00000800
      166702000	      8233	800022d8	000c8c93	addi	x25,x25,0	 x25:0x00000800 x25=0x00000800
      166762000	      8236	800022dc	01952023	sw	x25,0(x10)	 x10:0x8ffffffc x25:0x00000800 PA:0x8ffffffc store:0x00000800 load:0xffffffff
      166782000	      8237	800022e0	34102cf3	csrrs	x25,mepc,x0	  x0:0x00000000 x25=0x80000614
      166802000	      8238	800022e4	34202cf3	csrrs	x25,mcause,x0	  x0:0x00000000 x25=0x00000007
      166822000	      8239	800022e8	450d	c.li	x10,3	 x10=0x00000003
      166842000	      8240	800022ea	00ac9463	bne	x25,x10,800022f2	 x25:0x00000007 x10:0x00000003
      166882000	      8242	800022f2	4521	c.li	x10,8	 x10=0x00000008
      166902000	      8243	800022f4	04ac8d63	beq	x25,x10,8000234e	 x25:0x00000007 x10:0x00000008
      166922000	      8244	800022f8	4525	c.li	x10,9	 x10=0x00000009
      166942000	      8245	800022fa	04ac8a63	beq	x25,x10,8000234e	 x25:0x00000007 x10:0x00000009
      166962000	      8246	800022fe	452d	c.li	x10,11	 x10=0x0000000b
      166982000	      8247	80002300	04ac8763	beq	x25,x10,8000234e	 x25:0x00000007 x10:0x0000000b
      167002000	      8248	80002304	4505	c.li	x10,1	 x10=0x00000001
      167022000	      8249	80002306	34ac8363	beq	x25,x10,8000264c	 x25:0x00000007 x10:0x00000001
      167042000	      8250	8000230a	4515	c.li	x10,5	 x10=0x00000005
      167062000	      8251	8000230c	60ac8263	beq	x25,x10,80002910	 x25:0x00000007 x10:0x00000005
      167082000	      8252	80002310	451d	c.li	x10,7	 x10=0x00000007
      167102000	      8253	80002312	0eac8ce3	beq	x25,x10,80002c0a	 x25:0x00000007 x10:0x00000007
      167162000	      8256	80002c0a	90000537	lui	x10,0x90000	 x10=0x90000000
      167182000	      8257	80002c0e	1571	c.addi	x10,-4	 x10:0x90000000 x10=0x8ffffffc
      167202000	      8258	80002c10	4cb1	c.li	x25,12	 x25=0x0000000c
      167222000	      8259	80002c12	0ca2	c.slli	x25,0x8	 x25:0x0000000c x25=0x00000c00
      167242000	      8260	80002c14	000c8c93	addi	x25,x25,0	 x25:0x00000c00 x25=0x00000c00
      167402000	      8268	80002c18	01952023	sw	x25,0(x10)	 x10:0x8ffffffc x25:0x00000c00 PA:0x8ffffffc store:0x00000c00 load:0xffffffff
      167422000	      8269	80002c1c	90000537	lui	x10,0x90000	 x10=0x90000000
      167442000	      8270	80002c20	1571	c.addi	x10,-4	 x10:0x90000000 x10=0x8ffffffc
      167462000	      8271	80002c22	34200c93	addi	x25,x0,834	  x0:0x00000000 x25=0x00000342
      167482000	      8272	80002c26	0ca2	c.slli	x25,0x8	 x25:0x00000342 x25=0x00034200
      167502000	      8273	80002c28	0c8d	c.addi	x25,3	 x25:0x00034200 x25=0x00034203
      167602000	      8278	80002c2a	01952023	sw	x25,0(x10)	 x10:0x8ffffffc x25:0x00034203 PA:0x8ffffffc store:0x00034203 load:0xffffffff
      167622000	      8279	80002c2e	34202cf3	csrrs	x25,mcause,x0	  x0:0x00000000 x25=0x00000007
      167682000	      8282	80002c32	01952023	sw	x25,0(x10)	 x10:0x8ffffffc x25:0x00000007 PA:0x8ffffffc store:0x00000007 load:0xffffffff
      167702000	      8283	80002c36	4c81	c.li	x25,0	 x25=0x00000000
      167722000	      8284	80002c38	8b66	c.mv	x22,x25	  x0:0x00000000 x25:0x00000000 x22=0x00000000
      167742000	      8285	80002c3a	4481	c.li	x9,0	  x9=0x00000000
      167762000	      8286	80002c3c	8cda	c.mv	x25,x22	  x0:0x00000000 x22:0x00000000 x25=0x00000000
      167782000	      8287	80002c3e	8ae6	c.mv	x21,x25	  x0:0x00000000 x25:0x00000000 x21=0x00000000
      167802000	      8288	80002c40	4a81	c.li	x21,0	 x21=0x00000000
      167822000	      8289	80002c42	055c8f63	beq	x25,x21,80002ca0	 x25:0x00000000 x21:0x00000000
      167862000	      8291	80002ca0	3b002573	csrrs	x10,pmpaddr0,x0	  x0:0x00000000 x10=0x20000bbb
      167882000	      8292	80002ca4	3a002a73	csrrs	x20,pmpcfg0,x0	  x0:0x00000000 x20=0x0f0f0f0f
      167902000	      8293	80002ca8	a861	c.j	80002d40	
      167942000	      8295	80002d40	4e11	c.li	x28,4	 x28=0x00000004
      167962000	      8296	80002d42	01eb1c93	slli	x25,x22,0x1e	 x22:0x00000000 x25=0x00000000
      167982000	      8297	80002d46	01ecdc93	srli	x25,x25,0x1e	 x25:0x00000000 x25=0x00000000
      168002000	      8298	80002d4a	419e0ab3	sub	x21,x28,x25	 x28:0x00000004 x25:0x00000000 x21=0x00000004
      168022000	      8299	80002d4e	1afd	c.addi	x21,-1	 x21:0x00000004 x21=0x00000003
      168042000	      8300	80002d50	0a8e	c.slli	x21,0x3	 x21:0x00000003 x21=0x00000018
      168062000	      8301	80002d52	015a1e33	sll	x28,x20,x21	 x20:0x0f0f0f0f x21:0x00000018 x28=0x0f000000
      168082000	      8302	80002d56	0c8e	c.slli	x25,0x3	 x25:0x00000000 x25=0x00000000
      168102000	      8303	80002d58	9ae6	c.add	x21,x25	 x21:0x00000018 x25:0x00000000 x21=0x00000018
      168122000	      8304	80002d5a	015e5e33	srl	x28,x28,x21	 x28:0x0f000000 x21:0x00000018 x28=0x0000000f
      168142000	      8305	80002d5e	01be1a93	slli	x21,x28,0x1b	 x28:0x0000000f x21=0x78000000
      168162000	      8306	80002d62	01eada93	srli	x21,x21,0x1e	 x21:0x78000000 x21=0x00000001
      168182000	      8307	80002d66	040a8563	beq	x21,x0,80002db0	 x21:0x00000001  x0:0x00000000
      168202000	      8308	80002d6a	4c85	c.li	x25,1	 x25=0x00000001
      168222000	      8309	80002d6c	059a8363	beq	x21,x25,80002db2	 x21:0x00000001 x25:0x00000001
      168262000	      8311	80002db2	8cda	c.mv	x25,x22	  x0:0x00000000 x22:0x00000000 x25=0x00000000
      168282000	      8312	80002db4	34302af3	csrrs	x21,mtval,x0	  x0:0x00000000 x21=0x8ffffff8
      168302000	      8313	80002db8	002ada93	srli	x21,x21,0x2	 x21:0x8ffffff8 x21=0x23fffffe
      168322000	      8314	80002dbc	000c9563	bne	x25,x0,80002dc6	 x25:0x00000000  x0:0x00000000
