Time	Cycle	PC	Insn	Decoded instruction	Register and memory contents
        1055000	         6	80000080	40001cb7	lui	x25,0x40001	 x25=0x40001000
        1065000	         7	80000084	106c8c93	addi	x25,x25,262	 x25:0x40001000 x25=0x40001106
        1075000	         8	80000088	301c9073	csrrw	x0,misa,x25	 x25:0x40001106  x0=0x00000000
        1105000	        11	8000008c	0002d797	auipc	x15,0x2d	 x15=0x8002d08c
        1115000	        12	80000090	c5878793	addi	x15,x15,-936	 x15:0x8002d08c x15=0x8002cce4
        1125000	        13	80000094	00002c97	auipc	x25,0x2	 x25=0x80002094
        1135000	        14	80000098	16cc8c93	addi	x25,x25,364	 x25:0x80002094 x25=0x80002200
        1145000	        15	8000009c	001cec93	ori	x25,x25,1	 x25:0x80002200 x25=0x80002201
        1155000	        16	800000a0	305c9073	csrrw	x0,mtvec,x25	 x25:0x80002201  x0=0x00000000
        1185000	        19	800000a4	74725073	csrrwi	x0,0x747,4	  x0=0x00000000
        1215000	        22	800000a8	00003a97	auipc	x21,0x3	 x21=0x800030a8
        1225000	        23	800000ac	e44a8a93	addi	x21,x21,-444	 x21:0x800030a8 x21=0x80002eec
        1235000	        24	800000b0	4c81	c.li	x25,0	 x25=0x00000000
        1245000	        25	800000b2	9ae6	c.add	x21,x25	 x21:0x80002eec x25:0x00000000 x21=0x80002eec
        1255000	        26	800000b4	002ada93	srli	x21,x21,0x2	 x21:0x80002eec x21=0x20000bbb
        1265000	        27	800000b8	3b0a9073	csrrw	x0,pmpaddr0,x21	 x21:0x20000bbb  x0=0x00000000
        1295000	        30	800000bc	00003a97	auipc	x21,0x3	 x21=0x800030bc
        1305000	        31	800000c0	e30a8a93	addi	x21,x21,-464	 x21:0x800030bc x21=0x80002eec
        1315000	        32	800000c4	6c89	c.lui	x25,0x2	 x25=0x00002000
        1325000	        33	800000c6	666c8c93	addi	x25,x25,1638	 x25:0x00002000 x25=0x00002666
        1335000	        34	800000ca	9ae6	c.add	x21,x25	 x21:0x80002eec x25:0x00002666 x21=0x80005552
        1345000	        35	800000cc	002ada93	srli	x21,x21,0x2	 x21:0x80005552 x21=0x20001554
        1355000	        36	800000d0	3b1a9073	csrrw	x0,pmpaddr1,x21	 x21:0x20001554  x0=0x00000000
        1385000	        39	800000d4	00003a97	auipc	x21,0x3	 x21=0x800030d4
        1395000	        40	800000d8	e18a8a93	addi	x21,x21,-488	 x21:0x800030d4 x21=0x80002eec
        1405000	        41	800000dc	6c95	c.lui	x25,0x5	 x25=0x00005000
        1415000	        42	800000de	cccc8c93	addi	x25,x25,-820	 x25:0x00005000 x25=0x00004ccc
        1425000	        43	800000e2	9ae6	c.add	x21,x25	 x21:0x80002eec x25:0x00004ccc x21=0x80007bb8
        1435000	        44	800000e4	002ada93	srli	x21,x21,0x2	 x21:0x80007bb8 x21=0x20001eee
        1445000	        45	800000e8	3b2a9073	csrrw	x0,pmpaddr2,x21	 x21:0x20001eee  x0=0x00000000
        1475000	        48	800000ec	00003a97	auipc	x21,0x3	 x21=0x800030ec
        1485000	        49	800000f0	e00a8a93	addi	x21,x21,-512	 x21:0x800030ec x21=0x80002eec
        1495000	        50	800000f4	6c9d	c.lui	x25,0x7	 x25=0x00007000
        1505000	        51	800000f6	332c8c93	addi	x25,x25,818	 x25:0x00007000 x25=0x00007332
        1515000	        52	800000fa	9ae6	c.add	x21,x25	 x21:0x80002eec x25:0x00007332 x21=0x8000a21e
        1525000	        53	800000fc	002ada93	srli	x21,x21,0x2	 x21:0x8000a21e x21=0x20002887
        1535000	        54	80000100	3b3a9073	csrrw	x0,pmpaddr3,x21	 x21:0x20002887  x0=0x00000000
        1565000	        57	80000104	0f0f1ab7	lui	x21,0xf0f1	 x21=0x0f0f1000
        1575000	        58	80000108	f0fa8a93	addi	x21,x21,-241	 x21:0x0f0f1000 x21=0x0f0f0f0f
        1585000	        59	8000010c	3a0a9073	csrrw	x0,pmpcfg0,x21	 x21:0x0f0f0f0f  x0=0x00000000
        1615000	        62	80000110	00003a97	auipc	x21,0x3	 x21=0x80003110
        1625000	        63	80000114	ddca8a93	addi	x21,x21,-548	 x21:0x80003110 x21=0x80002eec
        1635000	        64	80000118	6ca9	c.lui	x25,0xa	 x25=0x0000a000
        1645000	        65	8000011a	998c8c93	addi	x25,x25,-1640	 x25:0x0000a000 x25=0x00009998
        1655000	        66	8000011e	9ae6	c.add	x21,x25	 x21:0x80002eec x25:0x00009998 x21=0x8000c884
        1665000	        67	80000120	002ada93	srli	x21,x21,0x2	 x21:0x8000c884 x21=0x20003221
        1675000	        68	80000124	3b4a9073	csrrw	x0,pmpaddr4,x21	 x21:0x20003221  x0=0x00000000
        1705000	        71	80000128	00003a97	auipc	x21,0x3	 x21=0x80003128
        1715000	        72	8000012c	dc4a8a93	addi	x21,x21,-572	 x21:0x80003128 x21=0x80002eec
        1725000	        73	80000130	6cb1	c.lui	x25,0xc	 x25=0x0000c000
        1735000	        74	80000132	1cf9	c.addi	x25,-2	 x25:0x0000c000 x25=0x0000bffe
        1745000	        75	80000134	9ae6	c.add	x21,x25	 x21:0x80002eec x25:0x0000bffe x21=0x8000eeea
        1755000	        76	80000136	002ada93	srli	x21,x21,0x2	 x21:0x8000eeea x21=0x20003bba
        1765000	        77	8000013a	3b5a9073	csrrw	x0,pmpaddr5,x21	 x21:0x20003bba  x0=0x00000000
        1795000	        80	8000013e	00003a97	auipc	x21,0x3	 x21=0x8000313e
        1805000	        81	80000142	daea8a93	addi	x21,x21,-594	 x21:0x8000313e x21=0x80002eec
        1815000	        82	80000146	6cb9	c.lui	x25,0xe	 x25=0x0000e000
        1825000	        83	80000148	664c8c93	addi	x25,x25,1636	 x25:0x0000e000 x25=0x0000e664
        1835000	        84	8000014c	9ae6	c.add	x21,x25	 x21:0x80002eec x25:0x0000e664 x21=0x80011550
        1845000	        85	8000014e	002ada93	srli	x21,x21,0x2	 x21:0x80011550 x21=0x20004554
        1855000	        86	80000152	3b6a9073	csrrw	x0,pmpaddr6,x21	 x21:0x20004554  x0=0x00000000
        1885000	        89	80000156	00003a97	auipc	x21,0x3	 x21=0x80003156
        1895000	        90	8000015a	d96a8a93	addi	x21,x21,-618	 x21:0x80003156 x21=0x80002eec
        1905000	        91	8000015e	6cc5	c.lui	x25,0x11	 x25=0x00011000
        1915000	        92	80000160	ccac8c93	addi	x25,x25,-822	 x25:0x00011000 x25=0x00010cca
        1925000	        93	80000164	9ae6	c.add	x21,x25	 x21:0x80002eec x25:0x00010cca x21=0x80013bb6
        1935000	        94	80000166	002ada93	srli	x21,x21,0x2	 x21:0x80013bb6 x21=0x20004eed
        1945000	        95	8000016a	3b7a9073	csrrw	x0,pmpaddr7,x21	 x21:0x20004eed  x0=0x00000000
        1975000	        98	8000016e	0f0f1ab7	lui	x21,0xf0f1	 x21=0x0f0f1000
        1985000	        99	80000172	f0fa8a93	addi	x21,x21,-241	 x21:0x0f0f1000 x21=0x0f0f0f0f
        1995000	       100	80000176	3a1a9073	csrrw	x0,pmpcfg1,x21	 x21:0x0f0f0f0f  x0=0x00000000
        2025000	       103	8000017a	00003a97	auipc	x21,0x3	 x21=0x8000317a
        2035000	       104	8000017e	d72a8a93	addi	x21,x21,-654	 x21:0x8000317a x21=0x80002eec
        2045000	       105	80000182	6ccd	c.lui	x25,0x13	 x25=0x00013000
        2055000	       106	80000184	330c8c93	addi	x25,x25,816	 x25:0x00013000 x25=0x00013330
        2065000	       107	80000188	9ae6	c.add	x21,x25	 x21:0x80002eec x25:0x00013330 x21=0x8001621c
        2075000	       108	8000018a	002ada93	srli	x21,x21,0x2	 x21:0x8001621c x21=0x20005887
        2085000	       109	8000018e	3b8a9073	csrrw	x0,pmpaddr8,x21	 x21:0x20005887  x0=0x00000000
        2115000	       112	80000192	00003a97	auipc	x21,0x3	 x21=0x80003192
        2125000	       113	80000196	d5aa8a93	addi	x21,x21,-678	 x21:0x80003192 x21=0x80002eec
        2135000	       114	8000019a	6cd9	c.lui	x25,0x16	 x25=0x00016000
        2145000	       115	8000019c	996c8c93	addi	x25,x25,-1642	 x25:0x00016000 x25=0x00015996
        2155000	       116	800001a0	9ae6	c.add	x21,x25	 x21:0x80002eec x25:0x00015996 x21=0x80018882
        2165000	       117	800001a2	002ada93	srli	x21,x21,0x2	 x21:0x80018882 x21=0x20006220
        2175000	       118	800001a6	3b9a9073	csrrw	x0,pmpaddr9,x21	 x21:0x20006220  x0=0x00000000
        2205000	       121	800001aa	00003a97	auipc	x21,0x3	 x21=0x800031aa
        2215000	       122	800001ae	d42a8a93	addi	x21,x21,-702	 x21:0x800031aa x21=0x80002eec
        2225000	       123	800001b2	6ce1	c.lui	x25,0x18	 x25=0x00018000
        2235000	       124	800001b4	1cf1	c.addi	x25,-4	 x25:0x00018000 x25=0x00017ffc
        2245000	       125	800001b6	9ae6	c.add	x21,x25	 x21:0x80002eec x25:0x00017ffc x21=0x8001aee8
        2255000	       126	800001b8	002ada93	srli	x21,x21,0x2	 x21:0x8001aee8 x21=0x20006bba
        2265000	       127	800001bc	3baa9073	csrrw	x0,pmpaddr10,x21	 x21:0x20006bba  x0=0x00000000
        2295000	       130	800001c0	00003a97	auipc	x21,0x3	 x21=0x800031c0
        2305000	       131	800001c4	d2ca8a93	addi	x21,x21,-724	 x21:0x800031c0 x21=0x80002eec
        2315000	       132	800001c8	6ce9	c.lui	x25,0x1a	 x25=0x0001a000
        2325000	       133	800001ca	662c8c93	addi	x25,x25,1634	 x25:0x0001a000 x25=0x0001a662
        2335000	       134	800001ce	9ae6	c.add	x21,x25	 x21:0x80002eec x25:0x0001a662 x21=0x8001d54e
        2345000	       135	800001d0	002ada93	srli	x21,x21,0x2	 x21:0x8001d54e x21=0x20007553
        2355000	       136	800001d4	3bba9073	csrrw	x0,pmpaddr11,x21	 x21:0x20007553  x0=0x00000000
        2385000	       139	800001d8	0f0f1ab7	lui	x21,0xf0f1	 x21=0x0f0f1000
        2395000	       140	800001dc	f0fa8a93	addi	x21,x21,-241	 x21:0x0f0f1000 x21=0x0f0f0f0f
        2405000	       141	800001e0	3a2a9073	csrrw	x0,pmpcfg2,x21	 x21:0x0f0f0f0f  x0=0x00000000
        2435000	       144	800001e4	00003a97	auipc	x21,0x3	 x21=0x800031e4
        2445000	       145	800001e8	d08a8a93	addi	x21,x21,-760	 x21:0x800031e4 x21=0x80002eec
        2455000	       146	800001ec	6cf5	c.lui	x25,0x1d	 x25=0x0001d000
        2465000	       147	800001ee	cc8c8c93	addi	x25,x25,-824	 x25:0x0001d000 x25=0x0001ccc8
        2475000	       148	800001f2	9ae6	c.add	x21,x25	 x21:0x80002eec x25:0x0001ccc8 x21=0x8001fbb4
        2485000	       149	800001f4	002ada93	srli	x21,x21,0x2	 x21:0x8001fbb4 x21=0x20007eed
        2495000	       150	800001f8	3bca9073	csrrw	x0,pmpaddr12,x21	 x21:0x20007eed  x0=0x00000000
        2525000	       153	800001fc	00003a97	auipc	x21,0x3	 x21=0x800031fc
        2535000	       154	80000200	cf0a8a93	addi	x21,x21,-784	 x21:0x800031fc x21=0x80002eec
        2545000	       155	80000204	6cfd	c.lui	x25,0x1f	 x25=0x0001f000
        2555000	       156	80000206	32ec8c93	addi	x25,x25,814	 x25:0x0001f000 x25=0x0001f32e
        2565000	       157	8000020a	9ae6	c.add	x21,x25	 x21:0x80002eec x25:0x0001f32e x21=0x8002221a
        2575000	       158	8000020c	002ada93	srli	x21,x21,0x2	 x21:0x8002221a x21=0x20008886
        2585000	       159	80000210	3bda9073	csrrw	x0,pmpaddr13,x21	 x21:0x20008886  x0=0x00000000
        2615000	       162	80000214	00003a97	auipc	x21,0x3	 x21=0x80003214
        2625000	       163	80000218	cd8a8a93	addi	x21,x21,-808	 x21:0x80003214 x21=0x80002eec
        2635000	       164	8000021c	00022cb7	lui	x25,0x22	 x25=0x00022000
        2645000	       165	80000220	994c8c93	addi	x25,x25,-1644	 x25:0x00022000 x25=0x00021994
        2655000	       166	80000224	9ae6	c.add	x21,x25	 x21:0x80002eec x25:0x00021994 x21=0x80024880
        2665000	       167	80000226	002ada93	srli	x21,x21,0x2	 x21:0x80024880 x21=0x20009220
        2675000	       168	8000022a	3bea9073	csrrw	x0,pmpaddr14,x21	 x21:0x20009220  x0=0x00000000
        2705000	       171	8000022e	00003a97	auipc	x21,0x3	 x21=0x8000322e
        2715000	       172	80000232	cbea8a93	addi	x21,x21,-834	 x21:0x8000322e x21=0x80002eec
        2725000	       173	80000236	00024cb7	lui	x25,0x24	 x25=0x00024000
        2735000	       174	8000023a	1ce9	c.addi	x25,-6	 x25:0x00024000 x25=0x00023ffa
        2745000	       175	8000023c	9ae6	c.add	x21,x25	 x21:0x80002eec x25:0x00023ffa x21=0x80026ee6
        2755000	       176	8000023e	002ada93	srli	x21,x21,0x2	 x21:0x80026ee6 x21=0x20009bb9
        2765000	       177	80000242	3bfa9073	csrrw	x0,pmpaddr15,x21	 x21:0x20009bb9  x0=0x00000000
        2795000	       180	80000246	0f0f1ab7	lui	x21,0xf0f1	 x21=0x0f0f1000
        2805000	       181	8000024a	f0fa8a93	addi	x21,x21,-241	 x21:0x0f0f1000 x21=0x0f0f0f0f
        2815000	       182	8000024e	3a3a9073	csrrw	x0,pmpcfg3,x21	 x21:0x0f0f0f0f  x0=0x00000000
        2845000	       185	80000252	74705073	csrrwi	x0,0x747,0	  x0=0x00000000
        2875000	       188	80000256	29852ab7	lui	x21,0x29852	 x21=0x29852000
        2885000	       189	8000025a	e89a8a93	addi	x21,x21,-375	 x21:0x29852000 x21=0x29851e89
        2895000	       190	8000025e	00003497	auipc	x9,0x3	  x9=0x8000325e
        2905000	       191	80000262	c8e48493	addi	x9,x9,-882	  x9:0x8000325e  x9=0x80002eec
        2915000	       192	80000266	9aa6	c.add	x21,x9	 x21:0x29851e89  x9:0x80002eec x21=0xa9854d75
        2925000	       193	80000268	3b0a9af3	csrrw	x21,pmpaddr0,x21	 x21:0xa9854d75 x21=0x20000bbb
        2955000	       196	8000026c	3b0a9af3	csrrw	x21,pmpaddr0,x21	 x21:0x20000bbb x21=0xa9854d75
        2985000	       199	80000270	4b2c3ab7	lui	x21,0x4b2c3	 x21=0x4b2c3000
        2995000	       200	80000274	40fa8a93	addi	x21,x21,1039	 x21:0x4b2c3000 x21=0x4b2c340f
        3005000	       201	80000278	3a0a9af3	csrrw	x21,pmpcfg0,x21	 x21:0x4b2c340f x21=0x0f0f0f0f
        3035000	       204	8000027c	3a0a9af3	csrrw	x21,pmpcfg0,x21	 x21:0x0f0f0f0f x21=0x0b0c140f
        3065000	       207	80000280	26e5dab7	lui	x21,0x26e5d	 x21=0x26e5d000
        3075000	       208	80000284	788a8a93	addi	x21,x21,1928	 x21:0x26e5d000 x21=0x26e5d788
        3085000	       209	80000288	00003497	auipc	x9,0x3	  x9=0x80003288
        3095000	       210	8000028c	c6448493	addi	x9,x9,-924	  x9:0x80003288  x9=0x80002eec
        3105000	       211	80000290	9aa6	c.add	x21,x9	 x21:0x26e5d788  x9:0x80002eec x21=0xa6e60674
        3115000	       212	80000292	3b1a9af3	csrrw	x21,pmpaddr1,x21	 x21:0xa6e60674 x21=0x20001554
        3145000	       215	80000296	3b1a9af3	csrrw	x21,pmpaddr1,x21	 x21:0x20001554 x21=0xa6e60674
        3175000	       218	8000029a	64113ab7	lui	x21,0x64113	 x21=0x64113000
        3185000	       219	8000029e	40fa8a93	addi	x21,x21,1039	 x21:0x64113000 x21=0x6411340f
        3195000	       220	800002a2	3a0a9af3	csrrw	x21,pmpcfg0,x21	 x21:0x6411340f x21=0x0f0f0f0f
        3225000	       223	800002a6	3a0a9af3	csrrw	x21,pmpcfg0,x21	 x21:0x0f0f0f0f x21=0x0411140f
        3255000	       226	800002aa	0c7a6ab7	lui	x21,0xc7a6	 x21=0x0c7a6000
        3265000	       227	800002ae	912a8a93	addi	x21,x21,-1774	 x21:0x0c7a6000 x21=0x0c7a5912
        3275000	       228	800002b2	00003497	auipc	x9,0x3	  x9=0x800032b2
        3285000	       229	800002b6	c3a48493	addi	x9,x9,-966	  x9:0x800032b2  x9=0x80002eec
        3295000	       230	800002ba	9aa6	c.add	x21,x9	 x21:0x0c7a5912  x9:0x80002eec x21=0x8c7a87fe
        3305000	       231	800002bc	3b2a9af3	csrrw	x21,pmpaddr2,x21	 x21:0x8c7a87fe x21=0x20001eee
        3335000	       234	800002c0	3b2a9af3	csrrw	x21,pmpaddr2,x21	 x21:0x20001eee x21=0x8c7a87fe
        3365000	       237	800002c4	27203ab7	lui	x21,0x27203	 x21=0x27203000
        3375000	       238	800002c8	40fa8a93	addi	x21,x21,1039	 x21:0x27203000 x21=0x2720340f
        3385000	       239	800002cc	3a0a9af3	csrrw	x21,pmpcfg0,x21	 x21:0x2720340f x21=0x0f0f0f0f
        3415000	       242	800002d0	3a0a9af3	csrrw	x21,pmpcfg0,x21	 x21:0x0f0f0f0f x21=0x0700140f
        3445000	       245	800002d4	56e40ab7	lui	x21,0x56e40	 x21=0x56e40000
        3455000	       246	800002d8	d43a8a93	addi	x21,x21,-701	 x21:0x56e40000 x21=0x56e3fd43
        3465000	       247	800002dc	00003497	auipc	x9,0x3	  x9=0x800032dc
        3475000	       248	800002e0	c1048493	addi	x9,x9,-1008	  x9:0x800032dc  x9=0x80002eec
        3485000	       249	800002e4	9aa6	c.add	x21,x9	 x21:0x56e3fd43  x9:0x80002eec x21=0xd6e42c2f
        3495000	       250	800002e6	3b3a9af3	csrrw	x21,pmpaddr3,x21	 x21:0xd6e42c2f x21=0x20002887
        3525000	       253	800002ea	3b3a9af3	csrrw	x21,pmpaddr3,x21	 x21:0x20002887 x21=0xd6e42c2f
        3555000	       256	800002ee	0f3b1ab7	lui	x21,0xf3b1	 x21=0x0f3b1000
        3565000	       257	800002f2	c0fa8a93	addi	x21,x21,-1009	 x21:0x0f3b1000 x21=0x0f3b0c0f
        3575000	       258	800002f6	3a0a9af3	csrrw	x21,pmpcfg0,x21	 x21:0x0f3b0c0f x21=0x0f0f0f0f
        3605000	       261	800002fa	3a0a9af3	csrrw	x21,pmpcfg0,x21	 x21:0x0f0f0f0f x21=0x0f1b0c0f
        3635000	       264	800002fe	22e40ab7	lui	x21,0x22e40	 x21=0x22e40000
        3645000	       265	80000302	731a8a93	addi	x21,x21,1841	 x21:0x22e40000 x21=0x22e40731
        3655000	       266	80000306	00003497	auipc	x9,0x3	  x9=0x80003306
        3665000	       267	8000030a	be648493	addi	x9,x9,-1050	  x9:0x80003306  x9=0x80002eec
        3675000	       268	8000030e	9aa6	c.add	x21,x9	 x21:0x22e40731  x9:0x80002eec x21=0xa2e4361d
        3685000	       269	80000310	3b4a9af3	csrrw	x21,pmpaddr4,x21	 x21:0xa2e4361d x21=0x20003221
        3715000	       272	80000314	3b4a9af3	csrrw	x21,pmpaddr4,x21	 x21:0x20003221 x21=0xa2e4361d
        3745000	       275	80000318	63781ab7	lui	x21,0x63781	 x21=0x63781000
        3755000	       276	8000031c	77fa8a93	addi	x21,x21,1919	 x21:0x63781000 x21=0x6378177f
        3765000	       277	80000320	3a1a9af3	csrrw	x21,pmpcfg1,x21	 x21:0x6378177f x21=0x0f0f0f0f
        3795000	       280	80000324	3a1a9af3	csrrw	x21,pmpcfg1,x21	 x21:0x0f0f0f0f x21=0x0318171f
        3825000	       283	80000328	7a242ab7	lui	x21,0x7a242	 x21=0x7a242000
        3835000	       284	8000032c	179a8a93	addi	x21,x21,377	 x21:0x7a242000 x21=0x7a242179
        3845000	       285	80000330	00003497	auipc	x9,0x3	  x9=0x80003330
        3855000	       286	80000334	bbc48493	addi	x9,x9,-1092	  x9:0x80003330  x9=0x80002eec
        3865000	       287	80000338	9aa6	c.add	x21,x9	 x21:0x7a242179  x9:0x80002eec x21=0xfa245065
        3875000	       288	8000033a	3b5a9af3	csrrw	x21,pmpaddr5,x21	 x21:0xfa245065 x21=0x20003bba
        3905000	       291	8000033e	3b5a9af3	csrrw	x21,pmpaddr5,x21	 x21:0x20003bba x21=0xfa245065
        3935000	       294	80000342	68418ab7	lui	x21,0x68418	 x21=0x68418000
        3945000	       295	80000346	b7ba8a93	addi	x21,x21,-1157	 x21:0x68418000 x21=0x68417b7b
        3955000	       296	8000034a	3a1a9af3	csrrw	x21,pmpcfg1,x21	 x21:0x68417b7b x21=0x0f0f0f0f
        3985000	       299	8000034e	3a1a9af3	csrrw	x21,pmpcfg1,x21	 x21:0x0f0f0f0f x21=0x08011b1b
        4015000	       302	80000352	01a7eab7	lui	x21,0x1a7e	 x21=0x01a7e000
        4025000	       303	80000356	38ba8a93	addi	x21,x21,907	 x21:0x01a7e000 x21=0x01a7e38b
        4035000	       304	8000035a	00003497	auipc	x9,0x3	  x9=0x8000335a
        4045000	       305	8000035e	b9248493	addi	x9,x9,-1134	  x9:0x8000335a  x9=0x80002eec
        4055000	       306	80000362	9aa6	c.add	x21,x9	 x21:0x01a7e38b  x9:0x80002eec x21=0x81a81277
        4065000	       307	80000364	3b6a9af3	csrrw	x21,pmpaddr6,x21	 x21:0x81a81277 x21=0x20004554
        4095000	       310	80000368	3b6a9af3	csrrw	x21,pmpaddr6,x21	 x21:0x20004554 x21=0x81a81277
        4125000	       313	8000036c	17000ab7	lui	x21,0x17000	 x21=0x17000000
        4135000	       314	80000370	747a8a93	addi	x21,x21,1863	 x21:0x17000000 x21=0x17000747
        4145000	       315	80000374	3a1a9af3	csrrw	x21,pmpcfg1,x21	 x21:0x17000747 x21=0x0f0f0f0f
        4175000	       318	80000378	3a1a9af3	csrrw	x21,pmpcfg1,x21	 x21:0x0f0f0f0f x21=0x17000707
        4205000	       321	8000037c	060bbab7	lui	x21,0x60bb	 x21=0x060bb000
        4215000	       322	80000380	9b7a8a93	addi	x21,x21,-1609	 x21:0x060bb000 x21=0x060ba9b7
        4225000	       323	80000384	00003497	auipc	x9,0x3	  x9=0x80003384
        4235000	       324	80000388	b6848493	addi	x9,x9,-1176	  x9:0x80003384  x9=0x80002eec
        4245000	       325	8000038c	9aa6	c.add	x21,x9	 x21:0x060ba9b7  x9:0x80002eec x21=0x860bd8a3
        4255000	       326	8000038e	3b7a9af3	csrrw	x21,pmpaddr7,x21	 x21:0x860bd8a3 x21=0x20004eed
        4285000	       329	80000392	3b7a9af3	csrrw	x21,pmpaddr7,x21	 x21:0x20004eed x21=0x860bd8a3
        4315000	       332	80000396	04244ab7	lui	x21,0x4244	 x21=0x04244000
        4325000	       333	8000039a	0aa1	c.addi	x21,8	 x21:0x04244000 x21=0x04244008
        4335000	       334	8000039c	3a1a9af3	csrrw	x21,pmpcfg1,x21	 x21:0x04244008 x21=0x0f0f0f0f
        4365000	       337	800003a0	3a1a9af3	csrrw	x21,pmpcfg1,x21	 x21:0x0f0f0f0f x21=0x04040008
        4395000	       340	800003a4	2184dab7	lui	x21,0x2184d	 x21=0x2184d000
        4405000	       341	800003a8	bf5a8a93	addi	x21,x21,-1035	 x21:0x2184d000 x21=0x2184cbf5
        4415000	       342	800003ac	00003497	auipc	x9,0x3	  x9=0x800033ac
        4425000	       343	800003b0	b4048493	addi	x9,x9,-1216	  x9:0x800033ac  x9=0x80002eec
        4435000	       344	800003b4	9aa6	c.add	x21,x9	 x21:0x2184cbf5  x9:0x80002eec x21=0xa184fae1
        4445000	       345	800003b6	3b8a9af3	csrrw	x21,pmpaddr8,x21	 x21:0xa184fae1 x21=0x20005887
        4475000	       348	800003ba	3b8a9af3	csrrw	x21,pmpaddr8,x21	 x21:0x20005887 x21=0xa184fae1
        4505000	       351	800003be	31212ab7	lui	x21,0x31212	 x21=0x31212000
        4515000	       352	800003c2	340a8a93	addi	x21,x21,832	 x21:0x31212000 x21=0x31212340
        4525000	       353	800003c6	3a2a9af3	csrrw	x21,pmpcfg2,x21	 x21:0x31212340 x21=0x0f0f0f0f
        4555000	       356	800003ca	3a2a9af3	csrrw	x21,pmpcfg2,x21	 x21:0x0f0f0f0f x21=0x11010300
        4585000	       359	800003ce	77990ab7	lui	x21,0x77990	 x21=0x77990000
        4595000	       360	800003d2	f76a8a93	addi	x21,x21,-138	 x21:0x77990000 x21=0x7798ff76
        4605000	       361	800003d6	00003497	auipc	x9,0x3	  x9=0x800033d6
        4615000	       362	800003da	b1648493	addi	x9,x9,-1258	  x9:0x800033d6  x9=0x80002eec
        4625000	       363	800003de	9aa6	c.add	x21,x9	 x21:0x7798ff76  x9:0x80002eec x21=0xf7992e62
        4635000	       364	800003e0	3b9a9af3	csrrw	x21,pmpaddr9,x21	 x21:0xf7992e62 x21=0x20006220
        4665000	       367	800003e4	3b9a9af3	csrrw	x21,pmpaddr9,x21	 x21:0x20006220 x21=0xf7992e62
        4695000	       370	800003e8	14044ab7	lui	x21,0x14044	 x21=0x14044000
        4705000	       371	800003ec	c5ca8a93	addi	x21,x21,-932	 x21:0x14044000 x21=0x14043c5c
        4715000	       372	800003f0	3a2a9af3	csrrw	x21,pmpcfg2,x21	 x21:0x14043c5c x21=0x0f0f0f0f
        4745000	       375	800003f4	3a2a9af3	csrrw	x21,pmpcfg2,x21	 x21:0x0f0f0f0f x21=0x14041c1c
        4775000	       378	800003f8	42987ab7	lui	x21,0x42987	 x21=0x42987000
        4785000	       379	800003fc	eeea8a93	addi	x21,x21,-274	 x21:0x42987000 x21=0x42986eee
        4795000	       380	80000400	00003497	auipc	x9,0x3	  x9=0x80003400
        4805000	       381	80000404	aec48493	addi	x9,x9,-1300	  x9:0x80003400  x9=0x80002eec
        4815000	       382	80000408	9aa6	c.add	x21,x9	 x21:0x42986eee  x9:0x80002eec x21=0xc2989dda
        4825000	       383	8000040a	3baa9af3	csrrw	x21,pmpaddr10,x21	 x21:0xc2989dda x21=0x20006bba
        4855000	       386	8000040e	3baa9af3	csrrw	x21,pmpaddr10,x21	 x21:0x20006bba x21=0xc2989dda
        4885000	       389	80000412	5b640ab7	lui	x21,0x5b640	 x21=0x5b640000
        4895000	       390	80000416	447a8a93	addi	x21,x21,1095	 x21:0x5b640000 x21=0x5b640447
        4905000	       391	8000041a	3a2a9af3	csrrw	x21,pmpcfg2,x21	 x21:0x5b640447 x21=0x0f0f0f0f
        4935000	       394	8000041e	3a2a9af3	csrrw	x21,pmpcfg2,x21	 x21:0x0f0f0f0f x21=0x1b040407
        4965000	       397	80000422	2ee4dab7	lui	x21,0x2ee4d	 x21=0x2ee4d000
        4975000	       398	80000426	59da8a93	addi	x21,x21,1437	 x21:0x2ee4d000 x21=0x2ee4d59d
        4985000	       399	8000042a	00003497	auipc	x9,0x3	  x9=0x8000342a
        4995000	       400	8000042e	ac248493	addi	x9,x9,-1342	  x9:0x8000342a  x9=0x80002eec
        5005000	       401	80000432	9aa6	c.add	x21,x9	 x21:0x2ee4d59d  x9:0x80002eec x21=0xaee50489
        5015000	       402	80000434	3bba9af3	csrrw	x21,pmpaddr11,x21	 x21:0xaee50489 x21=0x20007553
        5045000	       405	80000438	3bba9af3	csrrw	x21,pmpaddr11,x21	 x21:0x20007553 x21=0xaee50489
        5075000	       408	8000043c	61748ab7	lui	x21,0x61748	 x21=0x61748000
        5085000	       409	80000440	86da8a93	addi	x21,x21,-1939	 x21:0x61748000 x21=0x6174786d
        5095000	       410	80000444	3a2a9af3	csrrw	x21,pmpcfg2,x21	 x21:0x6174786d x21=0x0f0f0f0f
        5125000	       413	80000448	3a2a9af3	csrrw	x21,pmpcfg2,x21	 x21:0x0f0f0f0f x21=0x0114180d
        5155000	       416	8000044c	3fdcbab7	lui	x21,0x3fdcb	 x21=0x3fdcb000
        5165000	       417	80000450	921a8a93	addi	x21,x21,-1759	 x21:0x3fdcb000 x21=0x3fdca921
        5175000	       418	80000454	00003497	auipc	x9,0x3	  x9=0x80003454
        5185000	       419	80000458	a9848493	addi	x9,x9,-1384	  x9:0x80003454  x9=0x80002eec
        5195000	       420	8000045c	9aa6	c.add	x21,x9	 x21:0x3fdca921  x9:0x80002eec x21=0xbfdcd80d
        5205000	       421	8000045e	3bca9af3	csrrw	x21,pmpaddr12,x21	 x21:0xbfdcd80d x21=0x20007eed
        5235000	       424	80000462	3bca9af3	csrrw	x21,pmpaddr12,x21	 x21:0x20007eed x21=0xbfdcd80d
        5265000	       427	80000466	69231ab7	lui	x21,0x69231	 x21=0x69231000
        5275000	       428	8000046a	d51a8a93	addi	x21,x21,-687	 x21:0x69231000 x21=0x69230d51
        5285000	       429	8000046e	3a3a9af3	csrrw	x21,pmpcfg3,x21	 x21:0x69230d51 x21=0x0f0f0f0f
        5315000	       432	80000472	3a3a9af3	csrrw	x21,pmpcfg3,x21	 x21:0x0f0f0f0f x21=0x09030d11
        5345000	       435	80000476	3aa72ab7	lui	x21,0x3aa72	 x21=0x3aa72000
        5355000	       436	8000047a	dfca8a93	addi	x21,x21,-516	 x21:0x3aa72000 x21=0x3aa71dfc
        5365000	       437	8000047e	00003497	auipc	x9,0x3	  x9=0x8000347e
        5375000	       438	80000482	a6e48493	addi	x9,x9,-1426	  x9:0x8000347e  x9=0x80002eec
        5385000	       439	80000486	9aa6	c.add	x21,x9	 x21:0x3aa71dfc  x9:0x80002eec x21=0xbaa74ce8
        5395000	       440	80000488	3bda9af3	csrrw	x21,pmpaddr13,x21	 x21:0xbaa74ce8 x21=0x20008886
        5425000	       443	8000048c	3bda9af3	csrrw	x21,pmpaddr13,x21	 x21:0x20008886 x21=0xbaa74ce8
        5455000	       446	80000490	135f4ab7	lui	x21,0x135f4	 x21=0x135f4000
        5465000	       447	80000494	574a8a93	addi	x21,x21,1396	 x21:0x135f4000 x21=0x135f4574
        5475000	       448	80000498	3a3a9af3	csrrw	x21,pmpcfg3,x21	 x21:0x135f4574 x21=0x0f0f0f0f
        5505000	       451	8000049c	3a3a9af3	csrrw	x21,pmpcfg3,x21	 x21:0x0f0f0f0f x21=0x131f0514
        5535000	       454	800004a0	52a59ab7	lui	x21,0x52a59	 x21=0x52a59000
        5545000	       455	800004a4	2e5a8a93	addi	x21,x21,741	 x21:0x52a59000 x21=0x52a592e5
        5555000	       456	800004a8	00003497	auipc	x9,0x3	  x9=0x800034a8
        5565000	       457	800004ac	a4448493	addi	x9,x9,-1468	  x9:0x800034a8  x9=0x80002eec
        5575000	       458	800004b0	9aa6	c.add	x21,x9	 x21:0x52a592e5  x9:0x80002eec x21=0xd2a5c1d1
        5585000	       459	800004b2	3bea9af3	csrrw	x21,pmpaddr14,x21	 x21:0xd2a5c1d1 x21=0x20009220
        5615000	       462	800004b6	3bea9af3	csrrw	x21,pmpaddr14,x21	 x21:0x20009220 x21=0xd2a5c1d1
        5645000	       465	800004ba	393b4ab7	lui	x21,0x393b4	 x21=0x393b4000
        5655000	       466	800004be	051a8a93	addi	x21,x21,81	 x21:0x393b4000 x21=0x393b4051
        5665000	       467	800004c2	3a3a9af3	csrrw	x21,pmpcfg3,x21	 x21:0x393b4051 x21=0x0f0f0f0f
        5695000	       470	800004c6	3a3a9af3	csrrw	x21,pmpcfg3,x21	 x21:0x0f0f0f0f x21=0x191b0011
        5725000	       473	800004ca	13b3bab7	lui	x21,0x13b3b	 x21=0x13b3b000
        5735000	       474	800004ce	ed1a8a93	addi	x21,x21,-303	 x21:0x13b3b000 x21=0x13b3aed1
        5745000	       475	800004d2	00003497	auipc	x9,0x3	  x9=0x800034d2
        5755000	       476	800004d6	a1a48493	addi	x9,x9,-1510	  x9:0x800034d2  x9=0x80002eec
        5765000	       477	800004da	9aa6	c.add	x21,x9	 x21:0x13b3aed1  x9:0x80002eec x21=0x93b3ddbd
        5775000	       478	800004dc	3bfa9af3	csrrw	x21,pmpaddr15,x21	 x21:0x93b3ddbd x21=0x20009bb9
        5805000	       481	800004e0	3bfa9af3	csrrw	x21,pmpaddr15,x21	 x21:0x20009bb9 x21=0x93b3ddbd
        5835000	       484	800004e4	78515ab7	lui	x21,0x78515	 x21=0x78515000
        5845000	       485	800004e8	3a3a9af3	csrrw	x21,pmpcfg3,x21	 x21:0x78515000 x21=0x0f0f0f0f
        5875000	       488	800004ec	3a3a9af3	csrrw	x21,pmpcfg3,x21	 x21:0x0f0f0f0f x21=0x18111000
        5905000	       491	800004f0	00000c97	auipc	x25,0x0	 x25=0x800004f0
        5915000	       492	800004f4	062c8c93	addi	x25,x25,98	 x25:0x800004f0 x25=0x80000552
        5925000	       493	800004f8	341c9073	csrrw	x0,mepc,x25	 x25:0x80000552  x0=0x00000000
        5935000	       494	800004fc	7c00d073	csrrwi	x0,0x7c0,1	  x0=0x00000000
        5965000	       497	80000500	00020cb7	lui	x25,0x20	 x25=0x00020000
        5975000	       498	80000504	300c9073	csrrw	x0,mstatus,x25	 x25:0x00020000  x0=0x00000000
        6005000	       501	80000508	4c81	c.li	x25,0	 x25=0x00000000
        6015000	       502	8000050a	304c9073	csrrw	x0,mie,x25	 x25:0x00000000  x0=0x00000000
        6045000	       505	8000050e	90000537	lui	x10,0x90000	 x10=0x90000000
        6055000	       506	80000512	1571	c.addi	x10,-4	 x10:0x90000000 x10=0x8ffffffc
        6065000	       507	80000514	90000537	lui	x10,0x90000	 x10=0x90000000
        6075000	       508	80000518	1571	c.addi	x10,-4	 x10:0x90000000 x10=0x8ffffffc
        6085000	       509	8000051a	90000537	lui	x10,0x90000	 x10=0x90000000
        6095000	       510	8000051e	1571	c.addi	x10,-4	 x10:0x90000000 x10=0x8ffffffc
        6105000	       511	80000520	30000c93	addi	x25,x0,768	  x0:0x00000000 x25=0x00000300
        6115000	       512	80000524	0ca2	c.slli	x25,0x8	 x25:0x00000300 x25=0x00030000
        6125000	       513	80000526	0c8d	c.addi	x25,3	 x25:0x00030000 x25=0x00030003
        6145000	       515	80000528	01952023	sw	x25,0(x10)	 x10:0x8ffffffc x25:0x00030003 PA:0x8ffffffc store:0x00030003 load:0x00000000
        6185000	       519	80002200	0800006f	jal	x0,80002280	  x0=0x00000000
        6205000	       521	80002280	17f1	c.addi	x15,-4	 x15:0x8002cce4 x15=0x8002cce0
        6215000	       522	80002282	0027a023	sw	x2,0(x15)	 x15:0x8002cce0  x2:0x00000000 PA:0x8002cce0 store:0x00000000 load:0x00000000
        6225000	       523	80002286	00078133	add	x2,x15,x0	 x15:0x8002cce0  x0:0x00000000  x2=0x8002cce0
        6235000	       524	8000228a	7119	c.addi16sp	x2,-128	  x2:0x8002cce0  x2=0x8002cc60
        6245000	       525	8000228c	c206	c.swsp	x1,4(x2)	  x2:0x8002cc60  x1:0x00000000 PA:0x8002cc64 store:0x00000000 load:0x00000000
        6255000	       526	8000228e	c40a	c.swsp	x2,8(x2)	  x2:0x8002cc60  x2:0x8002cc60 PA:0x8002cc68 store:0x8002cc60 load:0x00000000
        6265000	       527	80002290	c60e	c.swsp	x3,12(x2)	  x2:0x8002cc60  x3:0x00000000 PA:0x8002cc6c store:0x00000000 load:0x00000000
        6275000	       528	80002292	c812	c.swsp	x4,16(x2)	  x2:0x8002cc60  x4:0x00000000 PA:0x8002cc70 store:0x00000000 load:0x00000000
        6285000	       529	80002294	ca16	c.swsp	x5,20(x2)	  x2:0x8002cc60  x5:0x00000000 PA:0x8002cc74 store:0x00000000 load:0x00000000
        6295000	       530	80002296	cc1a	c.swsp	x6,24(x2)	  x2:0x8002cc60  x6:0x00000000 PA:0x8002cc78 store:0x00000000 load:0x00000000
        6305000	       531	80002298	ce1e	c.swsp	x7,28(x2)	  x2:0x8002cc60  x7:0x00000000 PA:0x8002cc7c store:0x00000000 load:0x00000000
        6315000	       532	8000229a	d022	c.swsp	x8,32(x2)	  x2:0x8002cc60  x8:0x00000000 PA:0x8002cc80 store:0x00000000 load:0x00000000
        6325000	       533	8000229c	d226	c.swsp	x9,36(x2)	  x2:0x8002cc60  x9:0x80002eec PA:0x8002cc84 store:0x80002eec load:0x00000000
        6335000	       534	8000229e	d42a	c.swsp	x10,40(x2)	  x2:0x8002cc60 x10:0x8ffffffc PA:0x8002cc88 store:0x8ffffffc load:0x00000000
        6345000	       535	800022a0	d62e	c.swsp	x11,44(x2)	  x2:0x8002cc60 x11:0x00000000 PA:0x8002cc8c store:0x00000000 load:0x00000000
        6355000	       536	800022a2	d832	c.swsp	x12,48(x2)	  x2:0x8002cc60 x12:0x00000000 PA:0x8002cc90 store:0x00000000 load:0x00000000
        6365000	       537	800022a4	da36	c.swsp	x13,52(x2)	  x2:0x8002cc60 x13:0x00000000 PA:0x8002cc94 store:0x00000000 load:0x00000000
        6375000	       538	800022a6	dc3a	c.swsp	x14,56(x2)	  x2:0x8002cc60 x14:0x00000000 PA:0x8002cc98 store:0x00000000 load:0x00000000
        6385000	       539	800022a8	de3e	c.swsp	x15,60(x2)	  x2:0x8002cc60 x15:0x8002cce0 PA:0x8002cc9c store:0x8002cce0 load:0x00000000
        6395000	       540	800022aa	c0c2	c.swsp	x16,64(x2)	  x2:0x8002cc60 x16:0x00000000 PA:0x8002cca0 store:0x00000000 load:0x00000000
        6405000	       541	800022ac	c2c6	c.swsp	x17,68(x2)	  x2:0x8002cc60 x17:0x00000000 PA:0x8002cca4 store:0x00000000 load:0x00000000
        6415000	       542	800022ae	c4ca	c.swsp	x18,72(x2)	  x2:0x8002cc60 x18:0x00000000 PA:0x8002cca8 store:0x00000000 load:0x00000000
        6425000	       543	800022b0	c6ce	c.swsp	x19,76(x2)	  x2:0x8002cc60 x19:0x00000000 PA:0x8002ccac store:0x00000000 load:0x00000000
        6435000	       544	800022b2	c8d2	c.swsp	x20,80(x2)	  x2:0x8002cc60 x20:0x00000000 PA:0x8002ccb0 store:0x00000000 load:0x00000000
        6445000	       545	800022b4	cad6	c.swsp	x21,84(x2)	  x2:0x8002cc60 x21:0x18111000 PA:0x8002ccb4 store:0x18111000 load:0x00000000
        6455000	       546	800022b6	ccda	c.swsp	x22,88(x2)	  x2:0x8002cc60 x22:0x00000000 PA:0x8002ccb8 store:0x00000000 load:0x00000000
        6465000	       547	800022b8	cede	c.swsp	x23,92(x2)	  x2:0x8002cc60 x23:0x00000000 PA:0x8002ccbc store:0x00000000 load:0x00000000
        6475000	       548	800022ba	d0e2	c.swsp	x24,96(x2)	  x2:0x8002cc60 x24:0x00000000 PA:0x8002ccc0 store:0x00000000 load:0x00000000
        6485000	       549	800022bc	d2e6	c.swsp	x25,100(x2)	  x2:0x8002cc60 x25:0x00030003 PA:0x8002ccc4 store:0x00030003 load:0x00000000
        6495000	       550	800022be	d4ea	c.swsp	x26,104(x2)	  x2:0x8002cc60 x26:0x00000000 PA:0x8002ccc8 store:0x00000000 load:0x00000000
        6505000	       551	800022c0	d6ee	c.swsp	x27,108(x2)	  x2:0x8002cc60 x27:0x00000000 PA:0x8002cccc store:0x00000000 load:0x00000000
        6515000	       552	800022c2	d8f2	c.swsp	x28,112(x2)	  x2:0x8002cc60 x28:0x00000000 PA:0x8002ccd0 store:0x00000000 load:0x00000000
        6525000	       553	800022c4	daf6	c.swsp	x29,116(x2)	  x2:0x8002cc60 x29:0x00000000 PA:0x8002ccd4 store:0x00000000 load:0x00000000
        6535000	       554	800022c6	dcfa	c.swsp	x30,120(x2)	  x2:0x8002cc60 x30:0x00000000 PA:0x8002ccd8 store:0x00000000 load:0x00000000
        6545000	       555	800022c8	defe	c.swsp	x31,124(x2)	  x2:0x8002cc60 x31:0x00000000 PA:0x8002ccdc store:0x00000000 load:0x00000000
        6555000	       556	800022ca	000107b3	add	x15,x2,x0	  x2:0x8002cc60  x0:0x00000000 x15=0x8002cc60
        6565000	       557	800022ce	90000537	lui	x10,0x90000	 x10=0x90000000
        6575000	       558	800022d2	1571	c.addi	x10,-4	 x10:0x90000000 x10=0x8ffffffc
        6585000	       559	800022d4	4ca1	c.li	x25,8	 x25=0x00000008
        6595000	       560	800022d6	0ca2	c.slli	x25,0x8	 x25:0x00000008 x25=0x00000800
        6605000	       561	800022d8	000c8c93	addi	x25,x25,0	 x25:0x00000800 x25=0x00000800
        6615000	       562	800022dc	01952023	sw	x25,0(x10)	 x10:0x8ffffffc x25:0x00000800 PA:0x8ffffffc store:0x00000800 load:0x00000000
        6625000	       563	800022e0	34102cf3	csrrs	x25,mepc,x0	  x0:0x00000000 x25=0x80000528
        6635000	       564	800022e4	34202cf3	csrrs	x25,mcause,x0	  x0:0x00000000 x25=0x00000007
        6645000	       565	800022e8	450d	c.li	x10,3	 x10=0x00000003
        6655000	       566	800022ea	00ac9463	bne	x25,x10,800022f2	 x25:0x00000007 x10:0x00000003
        6675000	       568	800022f2	4521	c.li	x10,8	 x10=0x00000008
        6685000	       569	800022f4	04ac8d63	beq	x25,x10,8000234e	 x25:0x00000007 x10:0x00000008
        6695000	       570	800022f8	4525	c.li	x10,9	 x10=0x00000009
        6705000	       571	800022fa	04ac8a63	beq	x25,x10,8000234e	 x25:0x00000007 x10:0x00000009
        6715000	       572	800022fe	452d	c.li	x10,11	 x10=0x0000000b
        6725000	       573	80002300	04ac8763	beq	x25,x10,8000234e	 x25:0x00000007 x10:0x0000000b
        6735000	       574	80002304	4505	c.li	x10,1	 x10=0x00000001
        6745000	       575	80002306	34ac8363	beq	x25,x10,8000264c	 x25:0x00000007 x10:0x00000001
        6755000	       576	8000230a	4515	c.li	x10,5	 x10=0x00000005
        6765000	       577	8000230c	60ac8263	beq	x25,x10,80002910	 x25:0x00000007 x10:0x00000005
        6775000	       578	80002310	451d	c.li	x10,7	 x10=0x00000007
        6785000	       579	80002312	0eac8ce3	beq	x25,x10,80002c0a	 x25:0x00000007 x10:0x00000007
        6815000	       582	80002c0a	90000537	lui	x10,0x90000	 x10=0x90000000
        6825000	       583	80002c0e	1571	c.addi	x10,-4	 x10:0x90000000 x10=0x8ffffffc
        6835000	       584	80002c10	4cb1	c.li	x25,12	 x25=0x0000000c
        6845000	       585	80002c12	0ca2	c.slli	x25,0x8	 x25:0x0000000c x25=0x00000c00
        6855000	       586	80002c14	000c8c93	addi	x25,x25,0	 x25:0x00000c00 x25=0x00000c00
        6865000	       587	80002c18	01952023	sw	x25,0(x10)	 x10:0x8ffffffc x25:0x00000c00 PA:0x8ffffffc store:0x00000c00 load:0x00000000
        6875000	       588	80002c1c	90000537	lui	x10,0x90000	 x10=0x90000000
        6885000	       589	80002c20	1571	c.addi	x10,-4	 x10:0x90000000 x10=0x8ffffffc
        6895000	       590	80002c22	34200c93	addi	x25,x0,834	  x0:0x00000000 x25=0x00000342
        6905000	       591	80002c26	0ca2	c.slli	x25,0x8	 x25:0x00000342 x25=0x00034200
        6915000	       592	80002c28	0c8d	c.addi	x25,3	 x25:0x00034200 x25=0x00034203
        6925000	       593	80002c2a	01952023	sw	x25,0(x10)	 x10:0x8ffffffc x25:0x00034203 PA:0x8ffffffc store:0x00034203 load:0x00000000
        6935000	       594	80002c2e	34202cf3	csrrs	x25,mcause,x0	  x0:0x00000000 x25=0x00000007
        6945000	       595	80002c32	01952023	sw	x25,0(x10)	 x10:0x8ffffffc x25:0x00000007 PA:0x8ffffffc store:0x00000007 load:0x00000000
        6955000	       596	80002c36	4c81	c.li	x25,0	 x25=0x00000000
        6965000	       597	80002c38	8b66	c.mv	x22,x25	  x0:0x00000000 x25:0x00000000 x22=0x00000000
        6975000	       598	80002c3a	4481	c.li	x9,0	  x9=0x00000000
        6985000	       599	80002c3c	8cda	c.mv	x25,x22	  x0:0x00000000 x22:0x00000000 x25=0x00000000
        6995000	       600	80002c3e	8ae6	c.mv	x21,x25	  x0:0x00000000 x25:0x00000000 x21=0x00000000
        7005000	       601	80002c40	4a81	c.li	x21,0	 x21=0x00000000
        7015000	       602	80002c42	055c8f63	beq	x25,x21,80002ca0	 x25:0x00000000 x21:0x00000000
        7035000	       604	80002ca0	3b002573	csrrs	x10,pmpaddr0,x0	  x0:0x00000000 x10=0x20000bbb
        7045000	       605	80002ca4	3a002a73	csrrs	x20,pmpcfg0,x0	  x0:0x00000000 x20=0x0f0f0f0f
        7055000	       606	80002ca8	a861	c.j	80002d40	
        7075000	       608	80002d40	4e11	c.li	x28,4	 x28=0x00000004
        7085000	       609	80002d42	01eb1c93	slli	x25,x22,0x1e	 x22:0x00000000 x25=0x00000000
        7095000	       610	80002d46	01ecdc93	srli	x25,x25,0x1e	 x25:0x00000000 x25=0x00000000
        7105000	       611	80002d4a	419e0ab3	sub	x21,x28,x25	 x28:0x00000004 x25:0x00000000 x21=0x00000004
        7115000	       612	80002d4e	1afd	c.addi	x21,-1	 x21:0x00000004 x21=0x00000003
        7125000	       613	80002d50	0a8e	c.slli	x21,0x3	 x21:0x00000003 x21=0x00000018
        7135000	       614	80002d52	015a1e33	sll	x28,x20,x21	 x20:0x0f0f0f0f x21:0x00000018 x28=0x0f000000
        7145000	       615	80002d56	0c8e	c.slli	x25,0x3	 x25:0x00000000 x25=0x00000000
        7155000	       616	80002d58	9ae6	c.add	x21,x25	 x21:0x00000018 x25:0x00000000 x21=0x00000018
        7165000	       617	80002d5a	015e5e33	srl	x28,x28,x21	 x28:0x0f000000 x21:0x00000018 x28=0x0000000f
        7175000	       618	80002d5e	01be1a93	slli	x21,x28,0x1b	 x28:0x0000000f x21=0x78000000
        7185000	       619	80002d62	01eada93	srli	x21,x21,0x1e	 x21:0x78000000 x21=0x00000001
        7195000	       620	80002d66	040a8563	beq	x21,x0,80002db0	 x21:0x00000001  x0:0x00000000
        7205000	       621	80002d6a	4c85	c.li	x25,1	 x25=0x00000001
        7215000	       622	80002d6c	059a8363	beq	x21,x25,80002db2	 x21:0x00000001 x25:0x00000001
        7235000	       624	80002db2	8cda	c.mv	x25,x22	  x0:0x00000000 x22:0x00000000 x25=0x00000000
        7245000	       625	80002db4	34302af3	csrrs	x21,mtval,x0	  x0:0x00000000 x21=0x8ffffffc
        7255000	       626	80002db8	002ada93	srli	x21,x21,0x2	 x21:0x8ffffffc x21=0x23ffffff
        7265000	       627	80002dbc	000c9563	bne	x25,x0,80002dc6	 x25:0x00000000  x0:0x00000000
        7275000	       628	80002dc0	fc0ac4e3	blt	x21,x0,80002d88	 x21:0x23ffffff  x0:0x00000000
        7285000	       629	80002dc4	a019	c.j	80002dca	
        7315000	       632	80002dca	faaaffe3	bgeu	x21,x10,80002d88	 x21:0x23ffffff x10:0x20000bbb
        7335000	       634	80002d88	8cda	c.mv	x25,x22	  x0:0x00000000 x22:0x00000000 x25=0x00000000
        7345000	       635	80002d8a	84aa	c.mv	x9,x10	  x0:0x00000000 x10:0x20000bbb  x9=0x20000bbb
        7355000	       636	80002d8c	0c85	c.addi	x25,1	 x25:0x00000000 x25=0x00000001
        7365000	       637	80002d8e	8b66	c.mv	x22,x25	  x0:0x00000000 x25:0x00000001 x22=0x00000001
        7375000	       638	80002d90	4541	c.li	x10,16	 x10=0x00000010
        7385000	       639	80002d92	00acd363	bge	x25,x10,80002d98	 x25:0x00000001 x10:0x00000010
        7395000	       640	80002d96	b55d	c.j	80002c3c	
        7415000	       642	80002c3c	8cda	c.mv	x25,x22	  x0:0x00000000 x22:0x00000001 x25=0x00000001
        7425000	       643	80002c3e	8ae6	c.mv	x21,x25	  x0:0x00000000 x25:0x00000001 x21=0x00000001
        7435000	       644	80002c40	4a81	c.li	x21,0	 x21=0x00000000
        7445000	       645	80002c42	055c8f63	beq	x25,x21,80002ca0	 x25:0x00000001 x21:0x00000000
        7455000	       646	80002c46	4a85	c.li	x21,1	 x21=0x00000001
        7465000	       647	80002c48	075c8163	beq	x25,x21,80002caa	 x25:0x00000001 x21:0x00000001
        7495000	       650	80002caa	3b102573	csrrs	x10,pmpaddr1,x0	  x0:0x00000000 x10=0x20001554
        7505000	       651	80002cae	3a002a73	csrrs	x20,pmpcfg0,x0	  x0:0x00000000 x20=0x0f0f0f0f
        7515000	       652	80002cb2	a079	c.j	80002d40	
        7535000	       654	80002d40	4e11	c.li	x28,4	 x28=0x00000004
        7545000	       655	80002d42	01eb1c93	slli	x25,x22,0x1e	 x22:0x00000001 x25=0x40000000
        7555000	       656	80002d46	01ecdc93	srli	x25,x25,0x1e	 x25:0x40000000 x25=0x00000001
        7565000	       657	80002d4a	419e0ab3	sub	x21,x28,x25	 x28:0x00000004 x25:0x00000001 x21=0x00000003
        7575000	       658	80002d4e	1afd	c.addi	x21,-1	 x21:0x00000003 x21=0x00000002
        7585000	       659	80002d50	0a8e	c.slli	x21,0x3	 x21:0x00000002 x21=0x00000010
        7595000	       660	80002d52	015a1e33	sll	x28,x20,x21	 x20:0x0f0f0f0f x21:0x00000010 x28=0x0f0f0000
        7605000	       661	80002d56	0c8e	c.slli	x25,0x3	 x25:0x00000001 x25=0x00000008
        7615000	       662	80002d58	9ae6	c.add	x21,x25	 x21:0x00000010 x25:0x00000008 x21=0x00000018
        7625000	       663	80002d5a	015e5e33	srl	x28,x28,x21	 x28:0x0f0f0000 x21:0x00000018 x28=0x0000000f
        7635000	       664	80002d5e	01be1a93	slli	x21,x28,0x1b	 x28:0x0000000f x21=0x78000000
        7645000	       665	80002d62	01eada93	srli	x21,x21,0x1e	 x21:0x78000000 x21=0x00000001
        7655000	       666	80002d66	040a8563	beq	x21,x0,80002db0	 x21:0x00000001  x0:0x00000000
        7665000	       667	80002d6a	4c85	c.li	x25,1	 x25=0x00000001
        7675000	       668	80002d6c	059a8363	beq	x21,x25,80002db2	 x21:0x00000001 x25:0x00000001
        7695000	       670	80002db2	8cda	c.mv	x25,x22	  x0:0x00000000 x22:0x00000001 x25=0x00000001
        7705000	       671	80002db4	34302af3	csrrs	x21,mtval,x0	  x0:0x00000000 x21=0x8ffffffc
        7715000	       672	80002db8	002ada93	srli	x21,x21,0x2	 x21:0x8ffffffc x21=0x23ffffff
        7725000	       673	80002dbc	000c9563	bne	x25,x0,80002dc6	 x25:0x00000001  x0:0x00000000
        7755000	       676	80002dc6	fc9ae1e3	bltu	x21,x9,80002d88	 x21:0x23ffffff  x9:0x20000bbb
        7765000	       677	80002dca	faaaffe3	bgeu	x21,x10,80002d88	 x21:0x23ffffff x10:0x20001554
        7785000	       679	80002d88	8cda	c.mv	x25,x22	  x0:0x00000000 x22:0x00000001 x25=0x00000001
        7795000	       680	80002d8a	84aa	c.mv	x9,x10	  x0:0x00000000 x10:0x20001554  x9=0x20001554
        7805000	       681	80002d8c	0c85	c.addi	x25,1	 x25:0x00000001 x25=0x00000002
        7815000	       682	80002d8e	8b66	c.mv	x22,x25	  x0:0x00000000 x25:0x00000002 x22=0x00000002
        7825000	       683	80002d90	4541	c.li	x10,16	 x10=0x00000010
        7835000	       684	80002d92	00acd363	bge	x25,x10,80002d98	 x25:0x00000002 x10:0x00000010
        7845000	       685	80002d96	b55d	c.j	80002c3c	
        7865000	       687	80002c3c	8cda	c.mv	x25,x22	  x0:0x00000000 x22:0x00000002 x25=0x00000002
        7875000	       688	80002c3e	8ae6	c.mv	x21,x25	  x0:0x00000000 x25:0x00000002 x21=0x00000002
        7885000	       689	80002c40	4a81	c.li	x21,0	 x21=0x00000000
        7895000	       690	80002c42	055c8f63	beq	x25,x21,80002ca0	 x25:0x00000002 x21:0x00000000
        7905000	       691	80002c46	4a85	c.li	x21,1	 x21=0x00000001
        7915000	       692	80002c48	075c8163	beq	x25,x21,80002caa	 x25:0x00000002 x21:0x00000001
        7925000	       693	80002c4c	4a89	c.li	x21,2	 x21=0x00000002
        7935000	       694	80002c4e	075c8363	beq	x25,x21,80002cb4	 x25:0x00000002 x21:0x00000002
        7955000	       696	80002cb4	3b202573	csrrs	x10,pmpaddr2,x0	  x0:0x00000000 x10=0x20001eee
        7965000	       697	80002cb8	3a002a73	csrrs	x20,pmpcfg0,x0	  x0:0x00000000 x20=0x0f0f0f0f
        7975000	       698	80002cbc	a051	c.j	80002d40	
        7995000	       700	80002d40	4e11	c.li	x28,4	 x28=0x00000004
        8005000	       701	80002d42	01eb1c93	slli	x25,x22,0x1e	 x22:0x00000002 x25=0x80000000
        8015000	       702	80002d46	01ecdc93	srli	x25,x25,0x1e	 x25:0x80000000 x25=0x00000002
        8025000	       703	80002d4a	419e0ab3	sub	x21,x28,x25	 x28:0x00000004 x25:0x00000002 x21=0x00000002
        8035000	       704	80002d4e	1afd	c.addi	x21,-1	 x21:0x00000002 x21=0x00000001
        8045000	       705	80002d50	0a8e	c.slli	x21,0x3	 x21:0x00000001 x21=0x00000008
        8055000	       706	80002d52	015a1e33	sll	x28,x20,x21	 x20:0x0f0f0f0f x21:0x00000008 x28=0x0f0f0f00
        8065000	       707	80002d56	0c8e	c.slli	x25,0x3	 x25:0x00000002 x25=0x00000010
        8075000	       708	80002d58	9ae6	c.add	x21,x25	 x21:0x00000008 x25:0x00000010 x21=0x00000018
        8085000	       709	80002d5a	015e5e33	srl	x28,x28,x21	 x28:0x0f0f0f00 x21:0x00000018 x28=0x0000000f
        8095000	       710	80002d5e	01be1a93	slli	x21,x28,0x1b	 x28:0x0000000f x21=0x78000000
        8105000	       711	80002d62	01eada93	srli	x21,x21,0x1e	 x21:0x78000000 x21=0x00000001
        8115000	       712	80002d66	040a8563	beq	x21,x0,80002db0	 x21:0x00000001  x0:0x00000000
        8125000	       713	80002d6a	4c85	c.li	x25,1	 x25=0x00000001
        8135000	       714	80002d6c	059a8363	beq	x21,x25,80002db2	 x21:0x00000001 x25:0x00000001
        8155000	       716	80002db2	8cda	c.mv	x25,x22	  x0:0x00000000 x22:0x00000002 x25=0x00000002
        8165000	       717	80002db4	34302af3	csrrs	x21,mtval,x0	  x0:0x00000000 x21=0x8ffffffc
        8175000	       718	80002db8	002ada93	srli	x21,x21,0x2	 x21:0x8ffffffc x21=0x23ffffff
        8185000	       719	80002dbc	000c9563	bne	x25,x0,80002dc6	 x25:0x00000002  x0:0x00000000
        8215000	       722	80002dc6	fc9ae1e3	bltu	x21,x9,80002d88	 x21:0x23ffffff  x9:0x20001554
        8225000	       723	80002dca	faaaffe3	bgeu	x21,x10,80002d88	 x21:0x23ffffff x10:0x20001eee
        8245000	       725	80002d88	8cda	c.mv	x25,x22	  x0:0x00000000 x22:0x00000002 x25=0x00000002
        8255000	       726	80002d8a	84aa	c.mv	x9,x10	  x0:0x00000000 x10:0x20001eee  x9=0x20001eee
        8265000	       727	80002d8c	0c85	c.addi	x25,1	 x25:0x00000002 x25=0x00000003
        8275000	       728	80002d8e	8b66	c.mv	x22,x25	  x0:0x00000000 x25:0x00000003 x22=0x00000003
        8285000	       729	80002d90	4541	c.li	x10,16	 x10=0x00000010
        8295000	       730	80002d92	00acd363	bge	x25,x10,80002d98	 x25:0x00000003 x10:0x00000010
        8305000	       731	80002d96	b55d	c.j	80002c3c	
        8325000	       733	80002c3c	8cda	c.mv	x25,x22	  x0:0x00000000 x22:0x00000003 x25=0x00000003
        8335000	       734	80002c3e	8ae6	c.mv	x21,x25	  x0:0x00000000 x25:0x00000003 x21=0x00000003
        8345000	       735	80002c40	4a81	c.li	x21,0	 x21=0x00000000
        8355000	       736	80002c42	055c8f63	beq	x25,x21,80002ca0	 x25:0x00000003 x21:0x00000000
        8365000	       737	80002c46	4a85	c.li	x21,1	 x21=0x00000001
        8375000	       738	80002c48	075c8163	beq	x25,x21,80002caa	 x25:0x00000003 x21:0x00000001
        8385000	       739	80002c4c	4a89	c.li	x21,2	 x21=0x00000002
        8395000	       740	80002c4e	075c8363	beq	x25,x21,80002cb4	 x25:0x00000003 x21:0x00000002
        8405000	       741	80002c52	4a8d	c.li	x21,3	 x21=0x00000003
        8415000	       742	80002c54	075c8563	beq	x25,x21,80002cbe	 x25:0x00000003 x21:0x00000003
        8445000	       745	80002cbe	3b302573	csrrs	x10,pmpaddr3,x0	  x0:0x00000000 x10=0x20002887
        8455000	       746	80002cc2	3a002a73	csrrs	x20,pmpcfg0,x0	  x0:0x00000000 x20=0x0f0f0f0f
        8465000	       747	80002cc6	a8ad	c.j	80002d40	
        8485000	       749	80002d40	4e11	c.li	x28,4	 x28=0x00000004
        8495000	       750	80002d42	01eb1c93	slli	x25,x22,0x1e	 x22:0x00000003 x25=0xc0000000
        8505000	       751	80002d46	01ecdc93	srli	x25,x25,0x1e	 x25:0xc0000000 x25=0x00000003
        8515000	       752	80002d4a	419e0ab3	sub	x21,x28,x25	 x28:0x00000004 x25:0x00000003 x21=0x00000001
        8525000	       753	80002d4e	1afd	c.addi	x21,-1	 x21:0x00000001 x21=0x00000000
        8535000	       754	80002d50	0a8e	c.slli	x21,0x3	 x21:0x00000000 x21=0x00000000
        8545000	       755	80002d52	015a1e33	sll	x28,x20,x21	 x20:0x0f0f0f0f x21:0x00000000 x28=0x0f0f0f0f
        8555000	       756	80002d56	0c8e	c.slli	x25,0x3	 x25:0x00000003 x25=0x00000018
        8565000	       757	80002d58	9ae6	c.add	x21,x25	 x21:0x00000000 x25:0x00000018 x21=0x00000018
        8575000	       758	80002d5a	015e5e33	srl	x28,x28,x21	 x28:0x0f0f0f0f x21:0x00000018 x28=0x0000000f
        8585000	       759	80002d5e	01be1a93	slli	x21,x28,0x1b	 x28:0x0000000f x21=0x78000000
        8595000	       760	80002d62	01eada93	srli	x21,x21,0x1e	 x21:0x78000000 x21=0x00000001
        8605000	       761	80002d66	040a8563	beq	x21,x0,80002db0	 x21:0x00000001  x0:0x00000000
        8615000	       762	80002d6a	4c85	c.li	x25,1	 x25=0x00000001
        8625000	       763	80002d6c	059a8363	beq	x21,x25,80002db2	 x21:0x00000001 x25:0x00000001
        8645000	       765	80002db2	8cda	c.mv	x25,x22	  x0:0x00000000 x22:0x00000003 x25=0x00000003
        8655000	       766	80002db4	34302af3	csrrs	x21,mtval,x0	  x0:0x00000000 x21=0x8ffffffc
        8665000	       767	80002db8	002ada93	srli	x21,x21,0x2	 x21:0x8ffffffc x21=0x23ffffff
        8675000	       768	80002dbc	000c9563	bne	x25,x0,80002dc6	 x25:0x00000003  x0:0x00000000
        8705000	       771	80002dc6	fc9ae1e3	bltu	x21,x9,80002d88	 x21:0x23ffffff  x9:0x20001eee
        8715000	       772	80002dca	faaaffe3	bgeu	x21,x10,80002d88	 x21:0x23ffffff x10:0x20002887
        8735000	       774	80002d88	8cda	c.mv	x25,x22	  x0:0x00000000 x22:0x00000003 x25=0x00000003
        8745000	       775	80002d8a	84aa	c.mv	x9,x10	  x0:0x00000000 x10:0x20002887  x9=0x20002887
        8755000	       776	80002d8c	0c85	c.addi	x25,1	 x25:0x00000003 x25=0x00000004
        8765000	       777	80002d8e	8b66	c.mv	x22,x25	  x0:0x00000000 x25:0x00000004 x22=0x00000004
        8775000	       778	80002d90	4541	c.li	x10,16	 x10=0x00000010
        8785000	       779	80002d92	00acd363	bge	x25,x10,80002d98	 x25:0x00000004 x10:0x00000010
        8795000	       780	80002d96	b55d	c.j	80002c3c	
        8815000	       782	80002c3c	8cda	c.mv	x25,x22	  x0:0x00000000 x22:0x00000004 x25=0x00000004
        8825000	       783	80002c3e	8ae6	c.mv	x21,x25	  x0:0x00000000 x25:0x00000004 x21=0x00000004
        8835000	       784	80002c40	4a81	c.li	x21,0	 x21=0x00000000
        8845000	       785	80002c42	055c8f63	beq	x25,x21,80002ca0	 x25:0x00000004 x21:0x00000000
        8855000	       786	80002c46	4a85	c.li	x21,1	 x21=0x00000001
        8865000	       787	80002c48	075c8163	beq	x25,x21,80002caa	 x25:0x00000004 x21:0x00000001
        8875000	       788	80002c4c	4a89	c.li	x21,2	 x21=0x00000002
        8885000	       789	80002c4e	075c8363	beq	x25,x21,80002cb4	 x25:0x00000004 x21:0x00000002
        8895000	       790	80002c52	4a8d	c.li	x21,3	 x21=0x00000003
        8905000	       791	80002c54	075c8563	beq	x25,x21,80002cbe	 x25:0x00000004 x21:0x00000003
        8915000	       792	80002c58	4a91	c.li	x21,4	 x21=0x00000004
        8925000	       793	80002c5a	075c8763	beq	x25,x21,80002cc8	 x25:0x00000004 x21:0x00000004
        8945000	       795	80002cc8	3b402573	csrrs	x10,pmpaddr4,x0	  x0:0x00000000 x10=0x20003221
        8955000	       796	80002ccc	3a102a73	csrrs	x20,pmpcfg1,x0	  x0:0x00000000 x20=0x0f0f0f0f
        8965000	       797	80002cd0	a885	c.j	80002d40	
        8985000	       799	80002d40	4e11	c.li	x28,4	 x28=0x00000004
        8995000	       800	80002d42	01eb1c93	slli	x25,x22,0x1e	 x22:0x00000004 x25=0x00000000
        9005000	       801	80002d46	01ecdc93	srli	x25,x25,0x1e	 x25:0x00000000 x25=0x00000000
        9015000	       802	80002d4a	419e0ab3	sub	x21,x28,x25	 x28:0x00000004 x25:0x00000000 x21=0x00000004
        9025000	       803	80002d4e	1afd	c.addi	x21,-1	 x21:0x00000004 x21=0x00000003
        9035000	       804	80002d50	0a8e	c.slli	x21,0x3	 x21:0x00000003 x21=0x00000018
        9045000	       805	80002d52	015a1e33	sll	x28,x20,x21	 x20:0x0f0f0f0f x21:0x00000018 x28=0x0f000000
        9055000	       806	80002d56	0c8e	c.slli	x25,0x3	 x25:0x00000000 x25=0x00000000
        9065000	       807	80002d58	9ae6	c.add	x21,x25	 x21:0x00000018 x25:0x00000000 x21=0x00000018
        9075000	       808	80002d5a	015e5e33	srl	x28,x28,x21	 x28:0x0f000000 x21:0x00000018 x28=0x0000000f
        9085000	       809	80002d5e	01be1a93	slli	x21,x28,0x1b	 x28:0x0000000f x21=0x78000000
        9095000	       810	80002d62	01eada93	srli	x21,x21,0x1e	 x21:0x78000000 x21=0x00000001
        9105000	       811	80002d66	040a8563	beq	x21,x0,80002db0	 x21:0x00000001  x0:0x00000000
        9115000	       812	80002d6a	4c85	c.li	x25,1	 x25=0x00000001
        9125000	       813	80002d6c	059a8363	beq	x21,x25,80002db2	 x21:0x00000001 x25:0x00000001
        9145000	       815	80002db2	8cda	c.mv	x25,x22	  x0:0x00000000 x22:0x00000004 x25=0x00000004
        9155000	       816	80002db4	34302af3	csrrs	x21,mtval,x0	  x0:0x00000000 x21=0x8ffffffc
        9165000	       817	80002db8	002ada93	srli	x21,x21,0x2	 x21:0x8ffffffc x21=0x23ffffff
        9175000	       818	80002dbc	000c9563	bne	x25,x0,80002dc6	 x25:0x00000004  x0:0x00000000
        9205000	       821	80002dc6	fc9ae1e3	bltu	x21,x9,80002d88	 x21:0x23ffffff  x9:0x20002887
        9215000	       822	80002dca	faaaffe3	bgeu	x21,x10,80002d88	 x21:0x23ffffff x10:0x20003221
        9235000	       824	80002d88	8cda	c.mv	x25,x22	  x0:0x00000000 x22:0x00000004 x25=0x00000004
        9245000	       825	80002d8a	84aa	c.mv	x9,x10	  x0:0x00000000 x10:0x20003221  x9=0x20003221
        9255000	       826	80002d8c	0c85	c.addi	x25,1	 x25:0x00000004 x25=0x00000005
        9265000	       827	80002d8e	8b66	c.mv	x22,x25	  x0:0x00000000 x25:0x00000005 x22=0x00000005
        9275000	       828	80002d90	4541	c.li	x10,16	 x10=0x00000010
        9285000	       829	80002d92	00acd363	bge	x25,x10,80002d98	 x25:0x00000005 x10:0x00000010
        9295000	       830	80002d96	b55d	c.j	80002c3c	
        9315000	       832	80002c3c	8cda	c.mv	x25,x22	  x0:0x00000000 x22:0x00000005 x25=0x00000005
        9325000	       833	80002c3e	8ae6	c.mv	x21,x25	  x0:0x00000000 x25:0x00000005 x21=0x00000005
        9335000	       834	80002c40	4a81	c.li	x21,0	 x21=0x00000000
        9345000	       835	80002c42	055c8f63	beq	x25,x21,80002ca0	 x25:0x00000005 x21:0x00000000
        9355000	       836	80002c46	4a85	c.li	x21,1	 x21=0x00000001
        9365000	       837	80002c48	075c8163	beq	x25,x21,80002caa	 x25:0x00000005 x21:0x00000001
        9375000	       838	80002c4c	4a89	c.li	x21,2	 x21=0x00000002
        9385000	       839	80002c4e	075c8363	beq	x25,x21,80002cb4	 x25:0x00000005 x21:0x00000002
        9395000	       840	80002c52	4a8d	c.li	x21,3	 x21=0x00000003
        9405000	       841	80002c54	075c8563	beq	x25,x21,80002cbe	 x25:0x00000005 x21:0x00000003
        9415000	       842	80002c58	4a91	c.li	x21,4	 x21=0x00000004
        9425000	       843	80002c5a	075c8763	beq	x25,x21,80002cc8	 x25:0x00000005 x21:0x00000004
        9435000	       844	80002c5e	4a95	c.li	x21,5	 x21=0x00000005
        9445000	       845	80002c60	075c8963	beq	x25,x21,80002cd2	 x25:0x00000005 x21:0x00000005
        9475000	       848	80002cd2	3b502573	csrrs	x10,pmpaddr5,x0	  x0:0x00000000 x10=0x20003bba
        9485000	       849	80002cd6	3a102a73	csrrs	x20,pmpcfg1,x0	  x0:0x00000000 x20=0x0f0f0f0f
        9495000	       850	80002cda	a09d	c.j	80002d40	
        9515000	       852	80002d40	4e11	c.li	x28,4	 x28=0x00000004
        9525000	       853	80002d42	01eb1c93	slli	x25,x22,0x1e	 x22:0x00000005 x25=0x40000000
        9535000	       854	80002d46	01ecdc93	srli	x25,x25,0x1e	 x25:0x40000000 x25=0x00000001
        9545000	       855	80002d4a	419e0ab3	sub	x21,x28,x25	 x28:0x00000004 x25:0x00000001 x21=0x00000003
        9555000	       856	80002d4e	1afd	c.addi	x21,-1	 x21:0x00000003 x21=0x00000002
        9565000	       857	80002d50	0a8e	c.slli	x21,0x3	 x21:0x00000002 x21=0x00000010
        9575000	       858	80002d52	015a1e33	sll	x28,x20,x21	 x20:0x0f0f0f0f x21:0x00000010 x28=0x0f0f0000
        9585000	       859	80002d56	0c8e	c.slli	x25,0x3	 x25:0x00000001 x25=0x00000008
        9595000	       860	80002d58	9ae6	c.add	x21,x25	 x21:0x00000010 x25:0x00000008 x21=0x00000018
        9605000	       861	80002d5a	015e5e33	srl	x28,x28,x21	 x28:0x0f0f0000 x21:0x00000018 x28=0x0000000f
        9615000	       862	80002d5e	01be1a93	slli	x21,x28,0x1b	 x28:0x0000000f x21=0x78000000
        9625000	       863	80002d62	01eada93	srli	x21,x21,0x1e	 x21:0x78000000 x21=0x00000001
        9635000	       864	80002d66	040a8563	beq	x21,x0,80002db0	 x21:0x00000001  x0:0x00000000
        9645000	       865	80002d6a	4c85	c.li	x25,1	 x25=0x00000001
        9655000	       866	80002d6c	059a8363	beq	x21,x25,80002db2	 x21:0x00000001 x25:0x00000001
        9675000	       868	80002db2	8cda	c.mv	x25,x22	  x0:0x00000000 x22:0x00000005 x25=0x00000005
        9685000	       869	80002db4	34302af3	csrrs	x21,mtval,x0	  x0:0x00000000 x21=0x8ffffffc
        9695000	       870	80002db8	002ada93	srli	x21,x21,0x2	 x21:0x8ffffffc x21=0x23ffffff
        9705000	       871	80002dbc	000c9563	bne	x25,x0,80002dc6	 x25:0x00000005  x0:0x00000000
        9735000	       874	80002dc6	fc9ae1e3	bltu	x21,x9,80002d88	 x21:0x23ffffff  x9:0x20003221
        9745000	       875	80002dca	faaaffe3	bgeu	x21,x10,80002d88	 x21:0x23ffffff x10:0x20003bba
        9765000	       877	80002d88	8cda	c.mv	x25,x22	  x0:0x00000000 x22:0x00000005 x25=0x00000005
        9775000	       878	80002d8a	84aa	c.mv	x9,x10	  x0:0x00000000 x10:0x20003bba  x9=0x20003bba
        9785000	       879	80002d8c	0c85	c.addi	x25,1	 x25:0x00000005 x25=0x00000006
        9795000	       880	80002d8e	8b66	c.mv	x22,x25	  x0:0x00000000 x25:0x00000006 x22=0x00000006
        9805000	       881	80002d90	4541	c.li	x10,16	 x10=0x00000010
        9815000	       882	80002d92	00acd363	bge	x25,x10,80002d98	 x25:0x00000006 x10:0x00000010
        9825000	       883	80002d96	b55d	c.j	80002c3c	
        9845000	       885	80002c3c	8cda	c.mv	x25,x22	  x0:0x00000000 x22:0x00000006 x25=0x00000006
        9855000	       886	80002c3e	8ae6	c.mv	x21,x25	  x0:0x00000000 x25:0x00000006 x21=0x00000006
        9865000	       887	80002c40	4a81	c.li	x21,0	 x21=0x00000000
        9875000	       888	80002c42	055c8f63	beq	x25,x21,80002ca0	 x25:0x00000006 x21:0x00000000
        9885000	       889	80002c46	4a85	c.li	x21,1	 x21=0x00000001
        9895000	       890	80002c48	075c8163	beq	x25,x21,80002caa	 x25:0x00000006 x21:0x00000001
        9905000	       891	80002c4c	4a89	c.li	x21,2	 x21=0x00000002
        9915000	       892	80002c4e	075c8363	beq	x25,x21,80002cb4	 x25:0x00000006 x21:0x00000002
        9925000	       893	80002c52	4a8d	c.li	x21,3	 x21=0x00000003
        9935000	       894	80002c54	075c8563	beq	x25,x21,80002cbe	 x25:0x00000006 x21:0x00000003
        9945000	       895	80002c58	4a91	c.li	x21,4	 x21=0x00000004
        9955000	       896	80002c5a	075c8763	beq	x25,x21,80002cc8	 x25:0x00000006 x21:0x00000004
        9965000	       897	80002c5e	4a95	c.li	x21,5	 x21=0x00000005
        9975000	       898	80002c60	075c8963	beq	x25,x21,80002cd2	 x25:0x00000006 x21:0x00000005
        9985000	       899	80002c64	4a99	c.li	x21,6	 x21=0x00000006
        9995000	       900	80002c66	075c8b63	beq	x25,x21,80002cdc	 x25:0x00000006 x21:0x00000006
       10015000	       902	80002cdc	3b602573	csrrs	x10,pmpaddr6,x0	  x0:0x00000000 x10=0x20004554
       10025000	       903	80002ce0	3a102a73	csrrs	x20,pmpcfg1,x0	  x0:0x00000000 x20=0x0f0f0f0f
       10035000	       904	80002ce4	a8b1	c.j	80002d40	
       10055000	       906	80002d40	4e11	c.li	x28,4	 x28=0x00000004
       10065000	       907	80002d42	01eb1c93	slli	x25,x22,0x1e	 x22:0x00000006 x25=0x80000000
       10075000	       908	80002d46	01ecdc93	srli	x25,x25,0x1e	 x25:0x80000000 x25=0x00000002
       10085000	       909	80002d4a	419e0ab3	sub	x21,x28,x25	 x28:0x00000004 x25:0x00000002 x21=0x00000002
       10095000	       910	80002d4e	1afd	c.addi	x21,-1	 x21:0x00000002 x21=0x00000001
       10105000	       911	80002d50	0a8e	c.slli	x21,0x3	 x21:0x00000001 x21=0x00000008
       10115000	       912	80002d52	015a1e33	sll	x28,x20,x21	 x20:0x0f0f0f0f x21:0x00000008 x28=0x0f0f0f00
       10125000	       913	80002d56	0c8e	c.slli	x25,0x3	 x25:0x00000002 x25=0x00000010
       10135000	       914	80002d58	9ae6	c.add	x21,x25	 x21:0x00000008 x25:0x00000010 x21=0x00000018
       10145000	       915	80002d5a	015e5e33	srl	x28,x28,x21	 x28:0x0f0f0f00 x21:0x00000018 x28=0x0000000f
       10155000	       916	80002d5e	01be1a93	slli	x21,x28,0x1b	 x28:0x0000000f x21=0x78000000
       10165000	       917	80002d62	01eada93	srli	x21,x21,0x1e	 x21:0x78000000 x21=0x00000001
       10175000	       918	80002d66	040a8563	beq	x21,x0,80002db0	 x21:0x00000001  x0:0x00000000
       10185000	       919	80002d6a	4c85	c.li	x25,1	 x25=0x00000001
       10195000	       920	80002d6c	059a8363	beq	x21,x25,80002db2	 x21:0x00000001 x25:0x00000001
       10215000	       922	80002db2	8cda	c.mv	x25,x22	  x0:0x00000000 x22:0x00000006 x25=0x00000006
       10225000	       923	80002db4	34302af3	csrrs	x21,mtval,x0	  x0:0x00000000 x21=0x8ffffffc
       10235000	       924	80002db8	002ada93	srli	x21,x21,0x2	 x21:0x8ffffffc x21=0x23ffffff
       10245000	       925	80002dbc	000c9563	bne	x25,x0,80002dc6	 x25:0x00000006  x0:0x00000000
       10275000	       928	80002dc6	fc9ae1e3	bltu	x21,x9,80002d88	 x21:0x23ffffff  x9:0x20003bba
       10285000	       929	80002dca	faaaffe3	bgeu	x21,x10,80002d88	 x21:0x23ffffff x10:0x20004554
       10305000	       931	80002d88	8cda	c.mv	x25,x22	  x0:0x00000000 x22:0x00000006 x25=0x00000006
       10315000	       932	80002d8a	84aa	c.mv	x9,x10	  x0:0x00000000 x10:0x20004554  x9=0x20004554
       10325000	       933	80002d8c	0c85	c.addi	x25,1	 x25:0x00000006 x25=0x00000007
       10335000	       934	80002d8e	8b66	c.mv	x22,x25	  x0:0x00000000 x25:0x00000007 x22=0x00000007
       10345000	       935	80002d90	4541	c.li	x10,16	 x10=0x00000010
       10355000	       936	80002d92	00acd363	bge	x25,x10,80002d98	 x25:0x00000007 x10:0x00000010
       10365000	       937	80002d96	b55d	c.j	80002c3c	
       10385000	       939	80002c3c	8cda	c.mv	x25,x22	  x0:0x00000000 x22:0x00000007 x25=0x00000007
       10395000	       940	80002c3e	8ae6	c.mv	x21,x25	  x0:0x00000000 x25:0x00000007 x21=0x00000007
       10405000	       941	80002c40	4a81	c.li	x21,0	 x21=0x00000000
       10415000	       942	80002c42	055c8f63	beq	x25,x21,80002ca0	 x25:0x00000007 x21:0x00000000
       10425000	       943	80002c46	4a85	c.li	x21,1	 x21=0x00000001
       10435000	       944	80002c48	075c8163	beq	x25,x21,80002caa	 x25:0x00000007 x21:0x00000001
       10445000	       945	80002c4c	4a89	c.li	x21,2	 x21=0x00000002
       10455000	       946	80002c4e	075c8363	beq	x25,x21,80002cb4	 x25:0x00000007 x21:0x00000002
       10465000	       947	80002c52	4a8d	c.li	x21,3	 x21=0x00000003
       10475000	       948	80002c54	075c8563	beq	x25,x21,80002cbe	 x25:0x00000007 x21:0x00000003
       10485000	       949	80002c58	4a91	c.li	x21,4	 x21=0x00000004
       10495000	       950	80002c5a	075c8763	beq	x25,x21,80002cc8	 x25:0x00000007 x21:0x00000004
       10505000	       951	80002c5e	4a95	c.li	x21,5	 x21=0x00000005
       10515000	       952	80002c60	075c8963	beq	x25,x21,80002cd2	 x25:0x00000007 x21:0x00000005
       10525000	       953	80002c64	4a99	c.li	x21,6	 x21=0x00000006
       10535000	       954	80002c66	075c8b63	beq	x25,x21,80002cdc	 x25:0x00000007 x21:0x00000006
       10545000	       955	80002c6a	4a9d	c.li	x21,7	 x21=0x00000007
       10555000	       956	80002c6c	075c8d63	beq	x25,x21,80002ce6	 x25:0x00000007 x21:0x00000007
       10585000	       959	80002ce6	3b702573	csrrs	x10,pmpaddr7,x0	  x0:0x00000000 x10=0x20004eed
       10595000	       960	80002cea	3a102a73	csrrs	x20,pmpcfg1,x0	  x0:0x00000000 x20=0x0f0f0f0f
       10605000	       961	80002cee	a889	c.j	80002d40	
       10625000	       963	80002d40	4e11	c.li	x28,4	 x28=0x00000004
       10635000	       964	80002d42	01eb1c93	slli	x25,x22,0x1e	 x22:0x00000007 x25=0xc0000000
       10645000	       965	80002d46	01ecdc93	srli	x25,x25,0x1e	 x25:0xc0000000 x25=0x00000003
       10655000	       966	80002d4a	419e0ab3	sub	x21,x28,x25	 x28:0x00000004 x25:0x00000003 x21=0x00000001
       10665000	       967	80002d4e	1afd	c.addi	x21,-1	 x21:0x00000001 x21=0x00000000
       10675000	       968	80002d50	0a8e	c.slli	x21,0x3	 x21:0x00000000 x21=0x00000000
       10685000	       969	80002d52	015a1e33	sll	x28,x20,x21	 x20:0x0f0f0f0f x21:0x00000000 x28=0x0f0f0f0f
       10695000	       970	80002d56	0c8e	c.slli	x25,0x3	 x25:0x00000003 x25=0x00000018
       10705000	       971	80002d58	9ae6	c.add	x21,x25	 x21:0x00000000 x25:0x00000018 x21=0x00000018
       10715000	       972	80002d5a	015e5e33	srl	x28,x28,x21	 x28:0x0f0f0f0f x21:0x00000018 x28=0x0000000f
       10725000	       973	80002d5e	01be1a93	slli	x21,x28,0x1b	 x28:0x0000000f x21=0x78000000
       10735000	       974	80002d62	01eada93	srli	x21,x21,0x1e	 x21:0x78000000 x21=0x00000001
       10745000	       975	80002d66	040a8563	beq	x21,x0,80002db0	 x21:0x00000001  x0:0x00000000
       10755000	       976	80002d6a	4c85	c.li	x25,1	 x25=0x00000001
       10765000	       977	80002d6c	059a8363	beq	x21,x25,80002db2	 x21:0x00000001 x25:0x00000001
       10785000	       979	80002db2	8cda	c.mv	x25,x22	  x0:0x00000000 x22:0x00000007 x25=0x00000007
       10795000	       980	80002db4	34302af3	csrrs	x21,mtval,x0	  x0:0x00000000 x21=0x8ffffffc
       10805000	       981	80002db8	002ada93	srli	x21,x21,0x2	 x21:0x8ffffffc x21=0x23ffffff
       10815000	       982	80002dbc	000c9563	bne	x25,x0,80002dc6	 x25:0x00000007  x0:0x00000000
       10845000	       985	80002dc6	fc9ae1e3	bltu	x21,x9,80002d88	 x21:0x23ffffff  x9:0x20004554
       10855000	       986	80002dca	faaaffe3	bgeu	x21,x10,80002d88	 x21:0x23ffffff x10:0x20004eed
       10875000	       988	80002d88	8cda	c.mv	x25,x22	  x0:0x00000000 x22:0x00000007 x25=0x00000007
       10885000	       989	80002d8a	84aa	c.mv	x9,x10	  x0:0x00000000 x10:0x20004eed  x9=0x20004eed
       10895000	       990	80002d8c	0c85	c.addi	x25,1	 x25:0x00000007 x25=0x00000008
       10905000	       991	80002d8e	8b66	c.mv	x22,x25	  x0:0x00000000 x25:0x00000008 x22=0x00000008
       10915000	       992	80002d90	4541	c.li	x10,16	 x10=0x00000010
       10925000	       993	80002d92	00acd363	bge	x25,x10,80002d98	 x25:0x00000008 x10:0x00000010
       10935000	       994	80002d96	b55d	c.j	80002c3c	
       10955000	       996	80002c3c	8cda	c.mv	x25,x22	  x0:0x00000000 x22:0x00000008 x25=0x00000008
       10965000	       997	80002c3e	8ae6	c.mv	x21,x25	  x0:0x00000000 x25:0x00000008 x21=0x00000008
       10975000	       998	80002c40	4a81	c.li	x21,0	 x21=0x00000000
       10985000	       999	80002c42	055c8f63	beq	x25,x21,80002ca0	 x25:0x00000008 x21:0x00000000
       10995000	      1000	80002c46	4a85	c.li	x21,1	 x21=0x00000001
       11005000	      1001	80002c48	075c8163	beq	x25,x21,80002caa	 x25:0x00000008 x21:0x00000001
       11015000	      1002	80002c4c	4a89	c.li	x21,2	 x21=0x00000002
       11025000	      1003	80002c4e	075c8363	beq	x25,x21,80002cb4	 x25:0x00000008 x21:0x00000002
       11035000	      1004	80002c52	4a8d	c.li	x21,3	 x21=0x00000003
       11045000	      1005	80002c54	075c8563	beq	x25,x21,80002cbe	 x25:0x00000008 x21:0x00000003
       11055000	      1006	80002c58	4a91	c.li	x21,4	 x21=0x00000004
       11065000	      1007	80002c5a	075c8763	beq	x25,x21,80002cc8	 x25:0x00000008 x21:0x00000004
       11075000	      1008	80002c5e	4a95	c.li	x21,5	 x21=0x00000005
       11085000	      1009	80002c60	075c8963	beq	x25,x21,80002cd2	 x25:0x00000008 x21:0x00000005
       11095000	      1010	80002c64	4a99	c.li	x21,6	 x21=0x00000006
       11105000	      1011	80002c66	075c8b63	beq	x25,x21,80002cdc	 x25:0x00000008 x21:0x00000006
       11115000	      1012	80002c6a	4a9d	c.li	x21,7	 x21=0x00000007
       11125000	      1013	80002c6c	075c8d63	beq	x25,x21,80002ce6	 x25:0x00000008 x21:0x00000007
       11135000	      1014	80002c70	4aa1	c.li	x21,8	 x21=0x00000008
       11145000	      1015	80002c72	075c8f63	beq	x25,x21,80002cf0	 x25:0x00000008 x21:0x00000008
       11165000	      1017	80002cf0	3b802573	csrrs	x10,pmpaddr8,x0	  x0:0x00000000 x10=0x20005887
       11175000	      1018	80002cf4	3a202a73	csrrs	x20,pmpcfg2,x0	  x0:0x00000000 x20=0x0f0f0f0f
       11185000	      1019	80002cf8	a0a1	c.j	80002d40	
       11205000	      1021	80002d40	4e11	c.li	x28,4	 x28=0x00000004
       11215000	      1022	80002d42	01eb1c93	slli	x25,x22,0x1e	 x22:0x00000008 x25=0x00000000
       11225000	      1023	80002d46	01ecdc93	srli	x25,x25,0x1e	 x25:0x00000000 x25=0x00000000
       11235000	      1024	80002d4a	419e0ab3	sub	x21,x28,x25	 x28:0x00000004 x25:0x00000000 x21=0x00000004
       11245000	      1025	80002d4e	1afd	c.addi	x21,-1	 x21:0x00000004 x21=0x00000003
       11255000	      1026	80002d50	0a8e	c.slli	x21,0x3	 x21:0x00000003 x21=0x00000018
       11265000	      1027	80002d52	015a1e33	sll	x28,x20,x21	 x20:0x0f0f0f0f x21:0x00000018 x28=0x0f000000
       11275000	      1028	80002d56	0c8e	c.slli	x25,0x3	 x25:0x00000000 x25=0x00000000
       11285000	      1029	80002d58	9ae6	c.add	x21,x25	 x21:0x00000018 x25:0x00000000 x21=0x00000018
       11295000	      1030	80002d5a	015e5e33	srl	x28,x28,x21	 x28:0x0f000000 x21:0x00000018 x28=0x0000000f
       11305000	      1031	80002d5e	01be1a93	slli	x21,x28,0x1b	 x28:0x0000000f x21=0x78000000
       11315000	      1032	80002d62	01eada93	srli	x21,x21,0x1e	 x21:0x78000000 x21=0x00000001
       11325000	      1033	80002d66	040a8563	beq	x21,x0,80002db0	 x21:0x00000001  x0:0x00000000
       11335000	      1034	80002d6a	4c85	c.li	x25,1	 x25=0x00000001
       11345000	      1035	80002d6c	059a8363	beq	x21,x25,80002db2	 x21:0x00000001 x25:0x00000001
       11365000	      1037	80002db2	8cda	c.mv	x25,x22	  x0:0x00000000 x22:0x00000008 x25=0x00000008
       11375000	      1038	80002db4	34302af3	csrrs	x21,mtval,x0	  x0:0x00000000 x21=0x8ffffffc
       11385000	      1039	80002db8	002ada93	srli	x21,x21,0x2	 x21:0x8ffffffc x21=0x23ffffff
       11395000	      1040	80002dbc	000c9563	bne	x25,x0,80002dc6	 x25:0x00000008  x0:0x00000000
       11425000	      1043	80002dc6	fc9ae1e3	bltu	x21,x9,80002d88	 x21:0x23ffffff  x9:0x20004eed
       11435000	      1044	80002dca	faaaffe3	bgeu	x21,x10,80002d88	 x21:0x23ffffff x10:0x20005887
       11455000	      1046	80002d88	8cda	c.mv	x25,x22	  x0:0x00000000 x22:0x00000008 x25=0x00000008
       11465000	      1047	80002d8a	84aa	c.mv	x9,x10	  x0:0x00000000 x10:0x20005887  x9=0x20005887
       11475000	      1048	80002d8c	0c85	c.addi	x25,1	 x25:0x00000008 x25=0x00000009
       11485000	      1049	80002d8e	8b66	c.mv	x22,x25	  x0:0x00000000 x25:0x00000009 x22=0x00000009
       11495000	      1050	80002d90	4541	c.li	x10,16	 x10=0x00000010
       11505000	      1051	80002d92	00acd363	bge	x25,x10,80002d98	 x25:0x00000009 x10:0x00000010
       11515000	      1052	80002d96	b55d	c.j	80002c3c	
       11535000	      1054	80002c3c	8cda	c.mv	x25,x22	  x0:0x00000000 x22:0x00000009 x25=0x00000009
       11545000	      1055	80002c3e	8ae6	c.mv	x21,x25	  x0:0x00000000 x25:0x00000009 x21=0x00000009
       11555000	      1056	80002c40	4a81	c.li	x21,0	 x21=0x00000000
       11565000	      1057	80002c42	055c8f63	beq	x25,x21,80002ca0	 x25:0x00000009 x21:0x00000000
       11575000	      1058	80002c46	4a85	c.li	x21,1	 x21=0x00000001
       11585000	      1059	80002c48	075c8163	beq	x25,x21,80002caa	 x25:0x00000009 x21:0x00000001
       11595000	      1060	80002c4c	4a89	c.li	x21,2	 x21=0x00000002
       11605000	      1061	80002c4e	075c8363	beq	x25,x21,80002cb4	 x25:0x00000009 x21:0x00000002
       11615000	      1062	80002c52	4a8d	c.li	x21,3	 x21=0x00000003
       11625000	      1063	80002c54	075c8563	beq	x25,x21,80002cbe	 x25:0x00000009 x21:0x00000003
       11635000	      1064	80002c58	4a91	c.li	x21,4	 x21=0x00000004
       11645000	      1065	80002c5a	075c8763	beq	x25,x21,80002cc8	 x25:0x00000009 x21:0x00000004
       11655000	      1066	80002c5e	4a95	c.li	x21,5	 x21=0x00000005
       11665000	      1067	80002c60	075c8963	beq	x25,x21,80002cd2	 x25:0x00000009 x21:0x00000005
       11675000	      1068	80002c64	4a99	c.li	x21,6	 x21=0x00000006
       11685000	      1069	80002c66	075c8b63	beq	x25,x21,80002cdc	 x25:0x00000009 x21:0x00000006
       11695000	      1070	80002c6a	4a9d	c.li	x21,7	 x21=0x00000007
       11705000	      1071	80002c6c	075c8d63	beq	x25,x21,80002ce6	 x25:0x00000009 x21:0x00000007
       11715000	      1072	80002c70	4aa1	c.li	x21,8	 x21=0x00000008
       11725000	      1073	80002c72	075c8f63	beq	x25,x21,80002cf0	 x25:0x00000009 x21:0x00000008
       11735000	      1074	80002c76	4aa5	c.li	x21,9	 x21=0x00000009
       11745000	      1075	80002c78	095c8163	beq	x25,x21,80002cfa	 x25:0x00000009 x21:0x00000009
       11775000	      1078	80002cfa	3b902573	csrrs	x10,pmpaddr9,x0	  x0:0x00000000 x10=0x20006220
       11785000	      1079	80002cfe	3a202a73	csrrs	x20,pmpcfg2,x0	  x0:0x00000000 x20=0x0f0f0f0f
       11795000	      1080	80002d02	a83d	c.j	80002d40	
       11815000	      1082	80002d40	4e11	c.li	x28,4	 x28=0x00000004
       11825000	      1083	80002d42	01eb1c93	slli	x25,x22,0x1e	 x22:0x00000009 x25=0x40000000
       11835000	      1084	80002d46	01ecdc93	srli	x25,x25,0x1e	 x25:0x40000000 x25=0x00000001
       11845000	      1085	80002d4a	419e0ab3	sub	x21,x28,x25	 x28:0x00000004 x25:0x00000001 x21=0x00000003
       11855000	      1086	80002d4e	1afd	c.addi	x21,-1	 x21:0x00000003 x21=0x00000002
       11865000	      1087	80002d50	0a8e	c.slli	x21,0x3	 x21:0x00000002 x21=0x00000010
       11875000	      1088	80002d52	015a1e33	sll	x28,x20,x21	 x20:0x0f0f0f0f x21:0x00000010 x28=0x0f0f0000
       11885000	      1089	80002d56	0c8e	c.slli	x25,0x3	 x25:0x00000001 x25=0x00000008
       11895000	      1090	80002d58	9ae6	c.add	x21,x25	 x21:0x00000010 x25:0x00000008 x21=0x00000018
       11905000	      1091	80002d5a	015e5e33	srl	x28,x28,x21	 x28:0x0f0f0000 x21:0x00000018 x28=0x0000000f
       11915000	      1092	80002d5e	01be1a93	slli	x21,x28,0x1b	 x28:0x0000000f x21=0x78000000
       11925000	      1093	80002d62	01eada93	srli	x21,x21,0x1e	 x21:0x78000000 x21=0x00000001
       11935000	      1094	80002d66	040a8563	beq	x21,x0,80002db0	 x21:0x00000001  x0:0x00000000
       11945000	      1095	80002d6a	4c85	c.li	x25,1	 x25=0x00000001
       11955000	      1096	80002d6c	059a8363	beq	x21,x25,80002db2	 x21:0x00000001 x25:0x00000001
       11975000	      1098	80002db2	8cda	c.mv	x25,x22	  x0:0x00000000 x22:0x00000009 x25=0x00000009
       11985000	      1099	80002db4	34302af3	csrrs	x21,mtval,x0	  x0:0x00000000 x21=0x8ffffffc
       11995000	      1100	80002db8	002ada93	srli	x21,x21,0x2	 x21:0x8ffffffc x21=0x23ffffff
       12005000	      1101	80002dbc	000c9563	bne	x25,x0,80002dc6	 x25:0x00000009  x0:0x00000000
       12035000	      1104	80002dc6	fc9ae1e3	bltu	x21,x9,80002d88	 x21:0x23ffffff  x9:0x20005887
       12045000	      1105	80002dca	faaaffe3	bgeu	x21,x10,80002d88	 x21:0x23ffffff x10:0x20006220
       12065000	      1107	80002d88	8cda	c.mv	x25,x22	  x0:0x00000000 x22:0x00000009 x25=0x00000009
       12075000	      1108	80002d8a	84aa	c.mv	x9,x10	  x0:0x00000000 x10:0x20006220  x9=0x20006220
       12085000	      1109	80002d8c	0c85	c.addi	x25,1	 x25:0x00000009 x25=0x0000000a
       12095000	      1110	80002d8e	8b66	c.mv	x22,x25	  x0:0x00000000 x25:0x0000000a x22=0x0000000a
       12105000	      1111	80002d90	4541	c.li	x10,16	 x10=0x00000010
       12115000	      1112	80002d92	00acd363	bge	x25,x10,80002d98	 x25:0x0000000a x10:0x00000010
       12125000	      1113	80002d96	b55d	c.j	80002c3c	
       12145000	      1115	80002c3c	8cda	c.mv	x25,x22	  x0:0x00000000 x22:0x0000000a x25=0x0000000a
       12155000	      1116	80002c3e	8ae6	c.mv	x21,x25	  x0:0x00000000 x25:0x0000000a x21=0x0000000a
       12165000	      1117	80002c40	4a81	c.li	x21,0	 x21=0x00000000
       12175000	      1118	80002c42	055c8f63	beq	x25,x21,80002ca0	 x25:0x0000000a x21:0x00000000
       12185000	      1119	80002c46	4a85	c.li	x21,1	 x21=0x00000001
       12195000	      1120	80002c48	075c8163	beq	x25,x21,80002caa	 x25:0x0000000a x21:0x00000001
       12205000	      1121	80002c4c	4a89	c.li	x21,2	 x21=0x00000002
       12215000	      1122	80002c4e	075c8363	beq	x25,x21,80002cb4	 x25:0x0000000a x21:0x00000002
       12225000	      1123	80002c52	4a8d	c.li	x21,3	 x21=0x00000003
       12235000	      1124	80002c54	075c8563	beq	x25,x21,80002cbe	 x25:0x0000000a x21:0x00000003
       12245000	      1125	80002c58	4a91	c.li	x21,4	 x21=0x00000004
       12255000	      1126	80002c5a	075c8763	beq	x25,x21,80002cc8	 x25:0x0000000a x21:0x00000004
       12265000	      1127	80002c5e	4a95	c.li	x21,5	 x21=0x00000005
       12275000	      1128	80002c60	075c8963	beq	x25,x21,80002cd2	 x25:0x0000000a x21:0x00000005
       12285000	      1129	80002c64	4a99	c.li	x21,6	 x21=0x00000006
       12295000	      1130	80002c66	075c8b63	beq	x25,x21,80002cdc	 x25:0x0000000a x21:0x00000006
       12305000	      1131	80002c6a	4a9d	c.li	x21,7	 x21=0x00000007
       12315000	      1132	80002c6c	075c8d63	beq	x25,x21,80002ce6	 x25:0x0000000a x21:0x00000007
       12325000	      1133	80002c70	4aa1	c.li	x21,8	 x21=0x00000008
       12335000	      1134	80002c72	075c8f63	beq	x25,x21,80002cf0	 x25:0x0000000a x21:0x00000008
       12345000	      1135	80002c76	4aa5	c.li	x21,9	 x21=0x00000009
       12355000	      1136	80002c78	095c8163	beq	x25,x21,80002cfa	 x25:0x0000000a x21:0x00000009
       12365000	      1137	80002c7c	4aa9	c.li	x21,10	 x21=0x0000000a
       12375000	      1138	80002c7e	095c8363	beq	x25,x21,80002d04	 x25:0x0000000a x21:0x0000000a
       12395000	      1140	80002d04	3ba02573	csrrs	x10,pmpaddr10,x0	  x0:0x00000000 x10=0x20006bba
       12405000	      1141	80002d08	3a202a73	csrrs	x20,pmpcfg2,x0	  x0:0x00000000 x20=0x0f0f0f0f
       12415000	      1142	80002d0c	a815	c.j	80002d40	
       12435000	      1144	80002d40	4e11	c.li	x28,4	 x28=0x00000004
       12445000	      1145	80002d42	01eb1c93	slli	x25,x22,0x1e	 x22:0x0000000a x25=0x80000000
       12455000	      1146	80002d46	01ecdc93	srli	x25,x25,0x1e	 x25:0x80000000 x25=0x00000002
       12465000	      1147	80002d4a	419e0ab3	sub	x21,x28,x25	 x28:0x00000004 x25:0x00000002 x21=0x00000002
       12475000	      1148	80002d4e	1afd	c.addi	x21,-1	 x21:0x00000002 x21=0x00000001
       12485000	      1149	80002d50	0a8e	c.slli	x21,0x3	 x21:0x00000001 x21=0x00000008
       12495000	      1150	80002d52	015a1e33	sll	x28,x20,x21	 x20:0x0f0f0f0f x21:0x00000008 x28=0x0f0f0f00
       12505000	      1151	80002d56	0c8e	c.slli	x25,0x3	 x25:0x00000002 x25=0x00000010
       12515000	      1152	80002d58	9ae6	c.add	x21,x25	 x21:0x00000008 x25:0x00000010 x21=0x00000018
       12525000	      1153	80002d5a	015e5e33	srl	x28,x28,x21	 x28:0x0f0f0f00 x21:0x00000018 x28=0x0000000f
       12535000	      1154	80002d5e	01be1a93	slli	x21,x28,0x1b	 x28:0x0000000f x21=0x78000000
       12545000	      1155	80002d62	01eada93	srli	x21,x21,0x1e	 x21:0x78000000 x21=0x00000001
       12555000	      1156	80002d66	040a8563	beq	x21,x0,80002db0	 x21:0x00000001  x0:0x00000000
       12565000	      1157	80002d6a	4c85	c.li	x25,1	 x25=0x00000001
       12575000	      1158	80002d6c	059a8363	beq	x21,x25,80002db2	 x21:0x00000001 x25:0x00000001
       12595000	      1160	80002db2	8cda	c.mv	x25,x22	  x0:0x00000000 x22:0x0000000a x25=0x0000000a
       12605000	      1161	80002db4	34302af3	csrrs	x21,mtval,x0	  x0:0x00000000 x21=0x8ffffffc
       12615000	      1162	80002db8	002ada93	srli	x21,x21,0x2	 x21:0x8ffffffc x21=0x23ffffff
       12625000	      1163	80002dbc	000c9563	bne	x25,x0,80002dc6	 x25:0x0000000a  x0:0x00000000
       12655000	      1166	80002dc6	fc9ae1e3	bltu	x21,x9,80002d88	 x21:0x23ffffff  x9:0x20006220
       12665000	      1167	80002dca	faaaffe3	bgeu	x21,x10,80002d88	 x21:0x23ffffff x10:0x20006bba
       12685000	      1169	80002d88	8cda	c.mv	x25,x22	  x0:0x00000000 x22:0x0000000a x25=0x0000000a
       12695000	      1170	80002d8a	84aa	c.mv	x9,x10	  x0:0x00000000 x10:0x20006bba  x9=0x20006bba
       12705000	      1171	80002d8c	0c85	c.addi	x25,1	 x25:0x0000000a x25=0x0000000b
       12715000	      1172	80002d8e	8b66	c.mv	x22,x25	  x0:0x00000000 x25:0x0000000b x22=0x0000000b
       12725000	      1173	80002d90	4541	c.li	x10,16	 x10=0x00000010
       12735000	      1174	80002d92	00acd363	bge	x25,x10,80002d98	 x25:0x0000000b x10:0x00000010
       12745000	      1175	80002d96	b55d	c.j	80002c3c	
       12765000	      1177	80002c3c	8cda	c.mv	x25,x22	  x0:0x00000000 x22:0x0000000b x25=0x0000000b
       12775000	      1178	80002c3e	8ae6	c.mv	x21,x25	  x0:0x00000000 x25:0x0000000b x21=0x0000000b
       12785000	      1179	80002c40	4a81	c.li	x21,0	 x21=0x00000000
       12795000	      1180	80002c42	055c8f63	beq	x25,x21,80002ca0	 x25:0x0000000b x21:0x00000000
       12805000	      1181	80002c46	4a85	c.li	x21,1	 x21=0x00000001
       12815000	      1182	80002c48	075c8163	beq	x25,x21,80002caa	 x25:0x0000000b x21:0x00000001
       12825000	      1183	80002c4c	4a89	c.li	x21,2	 x21=0x00000002
       12835000	      1184	80002c4e	075c8363	beq	x25,x21,80002cb4	 x25:0x0000000b x21:0x00000002
       12845000	      1185	80002c52	4a8d	c.li	x21,3	 x21=0x00000003
       12855000	      1186	80002c54	075c8563	beq	x25,x21,80002cbe	 x25:0x0000000b x21:0x00000003
       12865000	      1187	80002c58	4a91	c.li	x21,4	 x21=0x00000004
       12875000	      1188	80002c5a	075c8763	beq	x25,x21,80002cc8	 x25:0x0000000b x21:0x00000004
       12885000	      1189	80002c5e	4a95	c.li	x21,5	 x21=0x00000005
       12895000	      1190	80002c60	075c8963	beq	x25,x21,80002cd2	 x25:0x0000000b x21:0x00000005
       12905000	      1191	80002c64	4a99	c.li	x21,6	 x21=0x00000006
       12915000	      1192	80002c66	075c8b63	beq	x25,x21,80002cdc	 x25:0x0000000b x21:0x00000006
       12925000	      1193	80002c6a	4a9d	c.li	x21,7	 x21=0x00000007
       12935000	      1194	80002c6c	075c8d63	beq	x25,x21,80002ce6	 x25:0x0000000b x21:0x00000007
       12945000	      1195	80002c70	4aa1	c.li	x21,8	 x21=0x00000008
       12955000	      1196	80002c72	075c8f63	beq	x25,x21,80002cf0	 x25:0x0000000b x21:0x00000008
       12965000	      1197	80002c76	4aa5	c.li	x21,9	 x21=0x00000009
       12975000	      1198	80002c78	095c8163	beq	x25,x21,80002cfa	 x25:0x0000000b x21:0x00000009
       12985000	      1199	80002c7c	4aa9	c.li	x21,10	 x21=0x0000000a
       12995000	      1200	80002c7e	095c8363	beq	x25,x21,80002d04	 x25:0x0000000b x21:0x0000000a
       13005000	      1201	80002c82	4aad	c.li	x21,11	 x21=0x0000000b
       13015000	      1202	80002c84	095c8563	beq	x25,x21,80002d0e	 x25:0x0000000b x21:0x0000000b
       13045000	      1205	80002d0e	3bb02573	csrrs	x10,pmpaddr11,x0	  x0:0x00000000 x10=0x20007553
       13055000	      1206	80002d12	3a202a73	csrrs	x20,pmpcfg2,x0	  x0:0x00000000 x20=0x0f0f0f0f
       13065000	      1207	80002d16	a02d	c.j	80002d40	
       13085000	      1209	80002d40	4e11	c.li	x28,4	 x28=0x00000004
       13095000	      1210	80002d42	01eb1c93	slli	x25,x22,0x1e	 x22:0x0000000b x25=0xc0000000
       13105000	      1211	80002d46	01ecdc93	srli	x25,x25,0x1e	 x25:0xc0000000 x25=0x00000003
       13115000	      1212	80002d4a	419e0ab3	sub	x21,x28,x25	 x28:0x00000004 x25:0x00000003 x21=0x00000001
       13125000	      1213	80002d4e	1afd	c.addi	x21,-1	 x21:0x00000001 x21=0x00000000
       13135000	      1214	80002d50	0a8e	c.slli	x21,0x3	 x21:0x00000000 x21=0x00000000
       13145000	      1215	80002d52	015a1e33	sll	x28,x20,x21	 x20:0x0f0f0f0f x21:0x00000000 x28=0x0f0f0f0f
       13155000	      1216	80002d56	0c8e	c.slli	x25,0x3	 x25:0x00000003 x25=0x00000018
       13165000	      1217	80002d58	9ae6	c.add	x21,x25	 x21:0x00000000 x25:0x00000018 x21=0x00000018
       13175000	      1218	80002d5a	015e5e33	srl	x28,x28,x21	 x28:0x0f0f0f0f x21:0x00000018 x28=0x0000000f
       13185000	      1219	80002d5e	01be1a93	slli	x21,x28,0x1b	 x28:0x0000000f x21=0x78000000
       13195000	      1220	80002d62	01eada93	srli	x21,x21,0x1e	 x21:0x78000000 x21=0x00000001
       13205000	      1221	80002d66	040a8563	beq	x21,x0,80002db0	 x21:0x00000001  x0:0x00000000
       13215000	      1222	80002d6a	4c85	c.li	x25,1	 x25=0x00000001
       13225000	      1223	80002d6c	059a8363	beq	x21,x25,80002db2	 x21:0x00000001 x25:0x00000001
       13245000	      1225	80002db2	8cda	c.mv	x25,x22	  x0:0x00000000 x22:0x0000000b x25=0x0000000b
       13255000	      1226	80002db4	34302af3	csrrs	x21,mtval,x0	  x0:0x00000000 x21=0x8ffffffc
       13265000	      1227	80002db8	002ada93	srli	x21,x21,0x2	 x21:0x8ffffffc x21=0x23ffffff
       13275000	      1228	80002dbc	000c9563	bne	x25,x0,80002dc6	 x25:0x0000000b  x0:0x00000000
       13305000	      1231	80002dc6	fc9ae1e3	bltu	x21,x9,80002d88	 x21:0x23ffffff  x9:0x20006bba
       13315000	      1232	80002dca	faaaffe3	bgeu	x21,x10,80002d88	 x21:0x23ffffff x10:0x20007553
       13335000	      1234	80002d88	8cda	c.mv	x25,x22	  x0:0x00000000 x22:0x0000000b x25=0x0000000b
       13345000	      1235	80002d8a	84aa	c.mv	x9,x10	  x0:0x00000000 x10:0x20007553  x9=0x20007553
       13355000	      1236	80002d8c	0c85	c.addi	x25,1	 x25:0x0000000b x25=0x0000000c
       13365000	      1237	80002d8e	8b66	c.mv	x22,x25	  x0:0x00000000 x25:0x0000000c x22=0x0000000c
       13375000	      1238	80002d90	4541	c.li	x10,16	 x10=0x00000010
       13385000	      1239	80002d92	00acd363	bge	x25,x10,80002d98	 x25:0x0000000c x10:0x00000010
       13395000	      1240	80002d96	b55d	c.j	80002c3c	
       13415000	      1242	80002c3c	8cda	c.mv	x25,x22	  x0:0x00000000 x22:0x0000000c x25=0x0000000c
       13425000	      1243	80002c3e	8ae6	c.mv	x21,x25	  x0:0x00000000 x25:0x0000000c x21=0x0000000c
       13435000	      1244	80002c40	4a81	c.li	x21,0	 x21=0x00000000
       13445000	      1245	80002c42	055c8f63	beq	x25,x21,80002ca0	 x25:0x0000000c x21:0x00000000
       13455000	      1246	80002c46	4a85	c.li	x21,1	 x21=0x00000001
       13465000	      1247	80002c48	075c8163	beq	x25,x21,80002caa	 x25:0x0000000c x21:0x00000001
       13475000	      1248	80002c4c	4a89	c.li	x21,2	 x21=0x00000002
       13485000	      1249	80002c4e	075c8363	beq	x25,x21,80002cb4	 x25:0x0000000c x21:0x00000002
       13495000	      1250	80002c52	4a8d	c.li	x21,3	 x21=0x00000003
       13505000	      1251	80002c54	075c8563	beq	x25,x21,80002cbe	 x25:0x0000000c x21:0x00000003
       13515000	      1252	80002c58	4a91	c.li	x21,4	 x21=0x00000004
       13525000	      1253	80002c5a	075c8763	beq	x25,x21,80002cc8	 x25:0x0000000c x21:0x00000004
       13535000	      1254	80002c5e	4a95	c.li	x21,5	 x21=0x00000005
       13545000	      1255	80002c60	075c8963	beq	x25,x21,80002cd2	 x25:0x0000000c x21:0x00000005
       13555000	      1256	80002c64	4a99	c.li	x21,6	 x21=0x00000006
       13565000	      1257	80002c66	075c8b63	beq	x25,x21,80002cdc	 x25:0x0000000c x21:0x00000006
       13575000	      1258	80002c6a	4a9d	c.li	x21,7	 x21=0x00000007
       13585000	      1259	80002c6c	075c8d63	beq	x25,x21,80002ce6	 x25:0x0000000c x21:0x00000007
       13595000	      1260	80002c70	4aa1	c.li	x21,8	 x21=0x00000008
       13605000	      1261	80002c72	075c8f63	beq	x25,x21,80002cf0	 x25:0x0000000c x21:0x00000008
       13615000	      1262	80002c76	4aa5	c.li	x21,9	 x21=0x00000009
       13625000	      1263	80002c78	095c8163	beq	x25,x21,80002cfa	 x25:0x0000000c x21:0x00000009
       13635000	      1264	80002c7c	4aa9	c.li	x21,10	 x21=0x0000000a
       13645000	      1265	80002c7e	095c8363	beq	x25,x21,80002d04	 x25:0x0000000c x21:0x0000000a
       13655000	      1266	80002c82	4aad	c.li	x21,11	 x21=0x0000000b
       13665000	      1267	80002c84	095c8563	beq	x25,x21,80002d0e	 x25:0x0000000c x21:0x0000000b
       13675000	      1268	80002c88	4ab1	c.li	x21,12	 x21=0x0000000c
       13685000	      1269	80002c8a	095c8763	beq	x25,x21,80002d18	 x25:0x0000000c x21:0x0000000c
       13705000	      1271	80002d18	3bc02573	csrrs	x10,pmpaddr12,x0	  x0:0x00000000 x10=0x20007eed
       13715000	      1272	80002d1c	3a302a73	csrrs	x20,pmpcfg3,x0	  x0:0x00000000 x20=0x0f0f0f0f
       13725000	      1273	80002d20	a005	c.j	80002d40	
       13745000	      1275	80002d40	4e11	c.li	x28,4	 x28=0x00000004
       13755000	      1276	80002d42	01eb1c93	slli	x25,x22,0x1e	 x22:0x0000000c x25=0x00000000
       13765000	      1277	80002d46	01ecdc93	srli	x25,x25,0x1e	 x25:0x00000000 x25=0x00000000
       13775000	      1278	80002d4a	419e0ab3	sub	x21,x28,x25	 x28:0x00000004 x25:0x00000000 x21=0x00000004
       13785000	      1279	80002d4e	1afd	c.addi	x21,-1	 x21:0x00000004 x21=0x00000003
       13795000	      1280	80002d50	0a8e	c.slli	x21,0x3	 x21:0x00000003 x21=0x00000018
       13805000	      1281	80002d52	015a1e33	sll	x28,x20,x21	 x20:0x0f0f0f0f x21:0x00000018 x28=0x0f000000
       13815000	      1282	80002d56	0c8e	c.slli	x25,0x3	 x25:0x00000000 x25=0x00000000
       13825000	      1283	80002d58	9ae6	c.add	x21,x25	 x21:0x00000018 x25:0x00000000 x21=0x00000018
       13835000	      1284	80002d5a	015e5e33	srl	x28,x28,x21	 x28:0x0f000000 x21:0x00000018 x28=0x0000000f
       13845000	      1285	80002d5e	01be1a93	slli	x21,x28,0x1b	 x28:0x0000000f x21=0x78000000
       13855000	      1286	80002d62	01eada93	srli	x21,x21,0x1e	 x21:0x78000000 x21=0x00000001
       13865000	      1287	80002d66	040a8563	beq	x21,x0,80002db0	 x21:0x00000001  x0:0x00000000
       13875000	      1288	80002d6a	4c85	c.li	x25,1	 x25=0x00000001
       13885000	      1289	80002d6c	059a8363	beq	x21,x25,80002db2	 x21:0x00000001 x25:0x00000001
       13905000	      1291	80002db2	8cda	c.mv	x25,x22	  x0:0x00000000 x22:0x0000000c x25=0x0000000c
       13915000	      1292	80002db4	34302af3	csrrs	x21,mtval,x0	  x0:0x00000000 x21=0x8ffffffc
       13925000	      1293	80002db8	002ada93	srli	x21,x21,0x2	 x21:0x8ffffffc x21=0x23ffffff
       13935000	      1294	80002dbc	000c9563	bne	x25,x0,80002dc6	 x25:0x0000000c  x0:0x00000000
       13965000	      1297	80002dc6	fc9ae1e3	bltu	x21,x9,80002d88	 x21:0x23ffffff  x9:0x20007553
       13975000	      1298	80002dca	faaaffe3	bgeu	x21,x10,80002d88	 x21:0x23ffffff x10:0x20007eed
       13995000	      1300	80002d88	8cda	c.mv	x25,x22	  x0:0x00000000 x22:0x0000000c x25=0x0000000c
       14005000	      1301	80002d8a	84aa	c.mv	x9,x10	  x0:0x00000000 x10:0x20007eed  x9=0x20007eed
       14015000	      1302	80002d8c	0c85	c.addi	x25,1	 x25:0x0000000c x25=0x0000000d
       14025000	      1303	80002d8e	8b66	c.mv	x22,x25	  x0:0x00000000 x25:0x0000000d x22=0x0000000d
       14035000	      1304	80002d90	4541	c.li	x10,16	 x10=0x00000010
       14045000	      1305	80002d92	00acd363	bge	x25,x10,80002d98	 x25:0x0000000d x10:0x00000010
       14055000	      1306	80002d96	b55d	c.j	80002c3c	
       14075000	      1308	80002c3c	8cda	c.mv	x25,x22	  x0:0x00000000 x22:0x0000000d x25=0x0000000d
       14085000	      1309	80002c3e	8ae6	c.mv	x21,x25	  x0:0x00000000 x25:0x0000000d x21=0x0000000d
       14095000	      1310	80002c40	4a81	c.li	x21,0	 x21=0x00000000
       14105000	      1311	80002c42	055c8f63	beq	x25,x21,80002ca0	 x25:0x0000000d x21:0x00000000
       14115000	      1312	80002c46	4a85	c.li	x21,1	 x21=0x00000001
       14125000	      1313	80002c48	075c8163	beq	x25,x21,80002caa	 x25:0x0000000d x21:0x00000001
       14135000	      1314	80002c4c	4a89	c.li	x21,2	 x21=0x00000002
       14145000	      1315	80002c4e	075c8363	beq	x25,x21,80002cb4	 x25:0x0000000d x21:0x00000002
       14155000	      1316	80002c52	4a8d	c.li	x21,3	 x21=0x00000003
       14165000	      1317	80002c54	075c8563	beq	x25,x21,80002cbe	 x25:0x0000000d x21:0x00000003
       14175000	      1318	80002c58	4a91	c.li	x21,4	 x21=0x00000004
       14185000	      1319	80002c5a	075c8763	beq	x25,x21,80002cc8	 x25:0x0000000d x21:0x00000004
       14195000	      1320	80002c5e	4a95	c.li	x21,5	 x21=0x00000005
       14205000	      1321	80002c60	075c8963	beq	x25,x21,80002cd2	 x25:0x0000000d x21:0x00000005
       14215000	      1322	80002c64	4a99	c.li	x21,6	 x21=0x00000006
       14225000	      1323	80002c66	075c8b63	beq	x25,x21,80002cdc	 x25:0x0000000d x21:0x00000006
       14235000	      1324	80002c6a	4a9d	c.li	x21,7	 x21=0x00000007
       14245000	      1325	80002c6c	075c8d63	beq	x25,x21,80002ce6	 x25:0x0000000d x21:0x00000007
       14255000	      1326	80002c70	4aa1	c.li	x21,8	 x21=0x00000008
       14265000	      1327	80002c72	075c8f63	beq	x25,x21,80002cf0	 x25:0x0000000d x21:0x00000008
       14275000	      1328	80002c76	4aa5	c.li	x21,9	 x21=0x00000009
       14285000	      1329	80002c78	095c8163	beq	x25,x21,80002cfa	 x25:0x0000000d x21:0x00000009
       14295000	      1330	80002c7c	4aa9	c.li	x21,10	 x21=0x0000000a
       14305000	      1331	80002c7e	095c8363	beq	x25,x21,80002d04	 x25:0x0000000d x21:0x0000000a
       14315000	      1332	80002c82	4aad	c.li	x21,11	 x21=0x0000000b
       14325000	      1333	80002c84	095c8563	beq	x25,x21,80002d0e	 x25:0x0000000d x21:0x0000000b
       14335000	      1334	80002c88	4ab1	c.li	x21,12	 x21=0x0000000c
       14345000	      1335	80002c8a	095c8763	beq	x25,x21,80002d18	 x25:0x0000000d x21:0x0000000c
       14355000	      1336	80002c8e	4ab5	c.li	x21,13	 x21=0x0000000d
       14365000	      1337	80002c90	095c8963	beq	x25,x21,80002d22	 x25:0x0000000d x21:0x0000000d
       14395000	      1340	80002d22	3bd02573	csrrs	x10,pmpaddr13,x0	  x0:0x00000000 x10=0x20008886
       14405000	      1341	80002d26	3a302a73	csrrs	x20,pmpcfg3,x0	  x0:0x00000000 x20=0x0f0f0f0f
       14415000	      1342	80002d2a	a819	c.j	80002d40	
       14435000	      1344	80002d40	4e11	c.li	x28,4	 x28=0x00000004
       14445000	      1345	80002d42	01eb1c93	slli	x25,x22,0x1e	 x22:0x0000000d x25=0x40000000
       14455000	      1346	80002d46	01ecdc93	srli	x25,x25,0x1e	 x25:0x40000000 x25=0x00000001
       14465000	      1347	80002d4a	419e0ab3	sub	x21,x28,x25	 x28:0x00000004 x25:0x00000001 x21=0x00000003
       14475000	      1348	80002d4e	1afd	c.addi	x21,-1	 x21:0x00000003 x21=0x00000002
       14485000	      1349	80002d50	0a8e	c.slli	x21,0x3	 x21:0x00000002 x21=0x00000010
       14495000	      1350	80002d52	015a1e33	sll	x28,x20,x21	 x20:0x0f0f0f0f x21:0x00000010 x28=0x0f0f0000
       14505000	      1351	80002d56	0c8e	c.slli	x25,0x3	 x25:0x00000001 x25=0x00000008
       14515000	      1352	80002d58	9ae6	c.add	x21,x25	 x21:0x00000010 x25:0x00000008 x21=0x00000018
       14525000	      1353	80002d5a	015e5e33	srl	x28,x28,x21	 x28:0x0f0f0000 x21:0x00000018 x28=0x0000000f
       14535000	      1354	80002d5e	01be1a93	slli	x21,x28,0x1b	 x28:0x0000000f x21=0x78000000
       14545000	      1355	80002d62	01eada93	srli	x21,x21,0x1e	 x21:0x78000000 x21=0x00000001
       14555000	      1356	80002d66	040a8563	beq	x21,x0,80002db0	 x21:0x00000001  x0:0x00000000
       14565000	      1357	80002d6a	4c85	c.li	x25,1	 x25=0x00000001
       14575000	      1358	80002d6c	059a8363	beq	x21,x25,80002db2	 x21:0x00000001 x25:0x00000001
       14595000	      1360	80002db2	8cda	c.mv	x25,x22	  x0:0x00000000 x22:0x0000000d x25=0x0000000d
       14605000	      1361	80002db4	34302af3	csrrs	x21,mtval,x0	  x0:0x00000000 x21=0x8ffffffc
       14615000	      1362	80002db8	002ada93	srli	x21,x21,0x2	 x21:0x8ffffffc x21=0x23ffffff
       14625000	      1363	80002dbc	000c9563	bne	x25,x0,80002dc6	 x25:0x0000000d  x0:0x00000000
       14655000	      1366	80002dc6	fc9ae1e3	bltu	x21,x9,80002d88	 x21:0x23ffffff  x9:0x20007eed
       14665000	      1367	80002dca	faaaffe3	bgeu	x21,x10,80002d88	 x21:0x23ffffff x10:0x20008886
       14685000	      1369	80002d88	8cda	c.mv	x25,x22	  x0:0x00000000 x22:0x0000000d x25=0x0000000d
       14695000	      1370	80002d8a	84aa	c.mv	x9,x10	  x0:0x00000000 x10:0x20008886  x9=0x20008886
       14705000	      1371	80002d8c	0c85	c.addi	x25,1	 x25:0x0000000d x25=0x0000000e
       14715000	      1372	80002d8e	8b66	c.mv	x22,x25	  x0:0x00000000 x25:0x0000000e x22=0x0000000e
       14725000	      1373	80002d90	4541	c.li	x10,16	 x10=0x00000010
       14735000	      1374	80002d92	00acd363	bge	x25,x10,80002d98	 x25:0x0000000e x10:0x00000010
       14745000	      1375	80002d96	b55d	c.j	80002c3c	
       14765000	      1377	80002c3c	8cda	c.mv	x25,x22	  x0:0x00000000 x22:0x0000000e x25=0x0000000e
       14775000	      1378	80002c3e	8ae6	c.mv	x21,x25	  x0:0x00000000 x25:0x0000000e x21=0x0000000e
       14785000	      1379	80002c40	4a81	c.li	x21,0	 x21=0x00000000
       14795000	      1380	80002c42	055c8f63	beq	x25,x21,80002ca0	 x25:0x0000000e x21:0x00000000
       14805000	      1381	80002c46	4a85	c.li	x21,1	 x21=0x00000001
       14815000	      1382	80002c48	075c8163	beq	x25,x21,80002caa	 x25:0x0000000e x21:0x00000001
       14825000	      1383	80002c4c	4a89	c.li	x21,2	 x21=0x00000002
       14835000	      1384	80002c4e	075c8363	beq	x25,x21,80002cb4	 x25:0x0000000e x21:0x00000002
       14845000	      1385	80002c52	4a8d	c.li	x21,3	 x21=0x00000003
       14855000	      1386	80002c54	075c8563	beq	x25,x21,80002cbe	 x25:0x0000000e x21:0x00000003
       14865000	      1387	80002c58	4a91	c.li	x21,4	 x21=0x00000004
       14875000	      1388	80002c5a	075c8763	beq	x25,x21,80002cc8	 x25:0x0000000e x21:0x00000004
       14885000	      1389	80002c5e	4a95	c.li	x21,5	 x21=0x00000005
       14895000	      1390	80002c60	075c8963	beq	x25,x21,80002cd2	 x25:0x0000000e x21:0x00000005
       14905000	      1391	80002c64	4a99	c.li	x21,6	 x21=0x00000006
       14915000	      1392	80002c66	075c8b63	beq	x25,x21,80002cdc	 x25:0x0000000e x21:0x00000006
       14925000	      1393	80002c6a	4a9d	c.li	x21,7	 x21=0x00000007
       14935000	      1394	80002c6c	075c8d63	beq	x25,x21,80002ce6	 x25:0x0000000e x21:0x00000007
       14945000	      1395	80002c70	4aa1	c.li	x21,8	 x21=0x00000008
       14955000	      1396	80002c72	075c8f63	beq	x25,x21,80002cf0	 x25:0x0000000e x21:0x00000008
       14965000	      1397	80002c76	4aa5	c.li	x21,9	 x21=0x00000009
       14975000	      1398	80002c78	095c8163	beq	x25,x21,80002cfa	 x25:0x0000000e x21:0x00000009
       14985000	      1399	80002c7c	4aa9	c.li	x21,10	 x21=0x0000000a
       14995000	      1400	80002c7e	095c8363	beq	x25,x21,80002d04	 x25:0x0000000e x21:0x0000000a
       15005000	      1401	80002c82	4aad	c.li	x21,11	 x21=0x0000000b
       15015000	      1402	80002c84	095c8563	beq	x25,x21,80002d0e	 x25:0x0000000e x21:0x0000000b
       15025000	      1403	80002c88	4ab1	c.li	x21,12	 x21=0x0000000c
       15035000	      1404	80002c8a	095c8763	beq	x25,x21,80002d18	 x25:0x0000000e x21:0x0000000c
       15045000	      1405	80002c8e	4ab5	c.li	x21,13	 x21=0x0000000d
       15055000	      1406	80002c90	095c8963	beq	x25,x21,80002d22	 x25:0x0000000e x21:0x0000000d
       15065000	      1407	80002c94	4ab9	c.li	x21,14	 x21=0x0000000e
       15075000	      1408	80002c96	095c8b63	beq	x25,x21,80002d2c	 x25:0x0000000e x21:0x0000000e
       15095000	      1410	80002d2c	3be02573	csrrs	x10,pmpaddr14,x0	  x0:0x00000000 x10=0x20009220
       15105000	      1411	80002d30	3a302a73	csrrs	x20,pmpcfg3,x0	  x0:0x00000000 x20=0x0f0f0f0f
       15115000	      1412	80002d34	a031	c.j	80002d40	
       15135000	      1414	80002d40	4e11	c.li	x28,4	 x28=0x00000004
       15145000	      1415	80002d42	01eb1c93	slli	x25,x22,0x1e	 x22:0x0000000e x25=0x80000000
       15155000	      1416	80002d46	01ecdc93	srli	x25,x25,0x1e	 x25:0x80000000 x25=0x00000002
       15165000	      1417	80002d4a	419e0ab3	sub	x21,x28,x25	 x28:0x00000004 x25:0x00000002 x21=0x00000002
       15175000	      1418	80002d4e	1afd	c.addi	x21,-1	 x21:0x00000002 x21=0x00000001
       15185000	      1419	80002d50	0a8e	c.slli	x21,0x3	 x21:0x00000001 x21=0x00000008
       15195000	      1420	80002d52	015a1e33	sll	x28,x20,x21	 x20:0x0f0f0f0f x21:0x00000008 x28=0x0f0f0f00
       15205000	      1421	80002d56	0c8e	c.slli	x25,0x3	 x25:0x00000002 x25=0x00000010
       15215000	      1422	80002d58	9ae6	c.add	x21,x25	 x21:0x00000008 x25:0x00000010 x21=0x00000018
       15225000	      1423	80002d5a	015e5e33	srl	x28,x28,x21	 x28:0x0f0f0f00 x21:0x00000018 x28=0x0000000f
       15235000	      1424	80002d5e	01be1a93	slli	x21,x28,0x1b	 x28:0x0000000f x21=0x78000000
       15245000	      1425	80002d62	01eada93	srli	x21,x21,0x1e	 x21:0x78000000 x21=0x00000001
       15255000	      1426	80002d66	040a8563	beq	x21,x0,80002db0	 x21:0x00000001  x0:0x00000000
       15265000	      1427	80002d6a	4c85	c.li	x25,1	 x25=0x00000001
       15275000	      1428	80002d6c	059a8363	beq	x21,x25,80002db2	 x21:0x00000001 x25:0x00000001
       15295000	      1430	80002db2	8cda	c.mv	x25,x22	  x0:0x00000000 x22:0x0000000e x25=0x0000000e
       15305000	      1431	80002db4	34302af3	csrrs	x21,mtval,x0	  x0:0x00000000 x21=0x8ffffffc
       15315000	      1432	80002db8	002ada93	srli	x21,x21,0x2	 x21:0x8ffffffc x21=0x23ffffff
       15325000	      1433	80002dbc	000c9563	bne	x25,x0,80002dc6	 x25:0x0000000e  x0:0x00000000
       15355000	      1436	80002dc6	fc9ae1e3	bltu	x21,x9,80002d88	 x21:0x23ffffff  x9:0x20008886
       15365000	      1437	80002dca	faaaffe3	bgeu	x21,x10,80002d88	 x21:0x23ffffff x10:0x20009220
       15385000	      1439	80002d88	8cda	c.mv	x25,x22	  x0:0x00000000 x22:0x0000000e x25=0x0000000e
       15395000	      1440	80002d8a	84aa	c.mv	x9,x10	  x0:0x00000000 x10:0x20009220  x9=0x20009220
       15405000	      1441	80002d8c	0c85	c.addi	x25,1	 x25:0x0000000e x25=0x0000000f
       15415000	      1442	80002d8e	8b66	c.mv	x22,x25	  x0:0x00000000 x25:0x0000000f x22=0x0000000f
       15425000	      1443	80002d90	4541	c.li	x10,16	 x10=0x00000010
       15435000	      1444	80002d92	00acd363	bge	x25,x10,80002d98	 x25:0x0000000f x10:0x00000010
       15445000	      1445	80002d96	b55d	c.j	80002c3c	
       15465000	      1447	80002c3c	8cda	c.mv	x25,x22	  x0:0x00000000 x22:0x0000000f x25=0x0000000f
       15475000	      1448	80002c3e	8ae6	c.mv	x21,x25	  x0:0x00000000 x25:0x0000000f x21=0x0000000f
       15485000	      1449	80002c40	4a81	c.li	x21,0	 x21=0x00000000
       15495000	      1450	80002c42	055c8f63	beq	x25,x21,80002ca0	 x25:0x0000000f x21:0x00000000
       15505000	      1451	80002c46	4a85	c.li	x21,1	 x21=0x00000001
       15515000	      1452	80002c48	075c8163	beq	x25,x21,80002caa	 x25:0x0000000f x21:0x00000001
       15525000	      1453	80002c4c	4a89	c.li	x21,2	 x21=0x00000002
       15535000	      1454	80002c4e	075c8363	beq	x25,x21,80002cb4	 x25:0x0000000f x21:0x00000002
       15545000	      1455	80002c52	4a8d	c.li	x21,3	 x21=0x00000003
       15555000	      1456	80002c54	075c8563	beq	x25,x21,80002cbe	 x25:0x0000000f x21:0x00000003
       15565000	      1457	80002c58	4a91	c.li	x21,4	 x21=0x00000004
       15575000	      1458	80002c5a	075c8763	beq	x25,x21,80002cc8	 x25:0x0000000f x21:0x00000004
       15585000	      1459	80002c5e	4a95	c.li	x21,5	 x21=0x00000005
       15595000	      1460	80002c60	075c8963	beq	x25,x21,80002cd2	 x25:0x0000000f x21:0x00000005
       15605000	      1461	80002c64	4a99	c.li	x21,6	 x21=0x00000006
       15615000	      1462	80002c66	075c8b63	beq	x25,x21,80002cdc	 x25:0x0000000f x21:0x00000006
       15625000	      1463	80002c6a	4a9d	c.li	x21,7	 x21=0x00000007
       15635000	      1464	80002c6c	075c8d63	beq	x25,x21,80002ce6	 x25:0x0000000f x21:0x00000007
       15645000	      1465	80002c70	4aa1	c.li	x21,8	 x21=0x00000008
       15655000	      1466	80002c72	075c8f63	beq	x25,x21,80002cf0	 x25:0x0000000f x21:0x00000008
       15665000	      1467	80002c76	4aa5	c.li	x21,9	 x21=0x00000009
       15675000	      1468	80002c78	095c8163	beq	x25,x21,80002cfa	 x25:0x0000000f x21:0x00000009
       15685000	      1469	80002c7c	4aa9	c.li	x21,10	 x21=0x0000000a
       15695000	      1470	80002c7e	095c8363	beq	x25,x21,80002d04	 x25:0x0000000f x21:0x0000000a
       15705000	      1471	80002c82	4aad	c.li	x21,11	 x21=0x0000000b
       15715000	      1472	80002c84	095c8563	beq	x25,x21,80002d0e	 x25:0x0000000f x21:0x0000000b
       15725000	      1473	80002c88	4ab1	c.li	x21,12	 x21=0x0000000c
       15735000	      1474	80002c8a	095c8763	beq	x25,x21,80002d18	 x25:0x0000000f x21:0x0000000c
       15745000	      1475	80002c8e	4ab5	c.li	x21,13	 x21=0x0000000d
       15755000	      1476	80002c90	095c8963	beq	x25,x21,80002d22	 x25:0x0000000f x21:0x0000000d
       15765000	      1477	80002c94	4ab9	c.li	x21,14	 x21=0x0000000e
       15775000	      1478	80002c96	095c8b63	beq	x25,x21,80002d2c	 x25:0x0000000f x21:0x0000000e
       15785000	      1479	80002c9a	4abd	c.li	x21,15	 x21=0x0000000f
       15795000	      1480	80002c9c	095c8d63	beq	x25,x21,80002d36	 x25:0x0000000f x21:0x0000000f
       15825000	      1483	80002d36	3bf02573	csrrs	x10,pmpaddr15,x0	  x0:0x00000000 x10=0x20009bb9
       15835000	      1484	80002d3a	3a302a73	csrrs	x20,pmpcfg3,x0	  x0:0x00000000 x20=0x0f0f0f0f
       15845000	      1485	80002d3e	a009	c.j	80002d40	
       15865000	      1487	80002d40	4e11	c.li	x28,4	 x28=0x00000004
       15875000	      1488	80002d42	01eb1c93	slli	x25,x22,0x1e	 x22:0x0000000f x25=0xc0000000
       15885000	      1489	80002d46	01ecdc93	srli	x25,x25,0x1e	 x25:0xc0000000 x25=0x00000003
       15895000	      1490	80002d4a	419e0ab3	sub	x21,x28,x25	 x28:0x00000004 x25:0x00000003 x21=0x00000001
       15905000	      1491	80002d4e	1afd	c.addi	x21,-1	 x21:0x00000001 x21=0x00000000
       15915000	      1492	80002d50	0a8e	c.slli	x21,0x3	 x21:0x00000000 x21=0x00000000
       15925000	      1493	80002d52	015a1e33	sll	x28,x20,x21	 x20:0x0f0f0f0f x21:0x00000000 x28=0x0f0f0f0f
       15935000	      1494	80002d56	0c8e	c.slli	x25,0x3	 x25:0x00000003 x25=0x00000018
       15945000	      1495	80002d58	9ae6	c.add	x21,x25	 x21:0x00000000 x25:0x00000018 x21=0x00000018
       15955000	      1496	80002d5a	015e5e33	srl	x28,x28,x21	 x28:0x0f0f0f0f x21:0x00000018 x28=0x0000000f
       15965000	      1497	80002d5e	01be1a93	slli	x21,x28,0x1b	 x28:0x0000000f x21=0x78000000
       15975000	      1498	80002d62	01eada93	srli	x21,x21,0x1e	 x21:0x78000000 x21=0x00000001
       15985000	      1499	80002d66	040a8563	beq	x21,x0,80002db0	 x21:0x00000001  x0:0x00000000
       15995000	      1500	80002d6a	4c85	c.li	x25,1	 x25=0x00000001
       16005000	      1501	80002d6c	059a8363	beq	x21,x25,80002db2	 x21:0x00000001 x25:0x00000001
       16025000	      1503	80002db2	8cda	c.mv	x25,x22	  x0:0x00000000 x22:0x0000000f x25=0x0000000f
       16035000	      1504	80002db4	34302af3	csrrs	x21,mtval,x0	  x0:0x00000000 x21=0x8ffffffc
       16045000	      1505	80002db8	002ada93	srli	x21,x21,0x2	 x21:0x8ffffffc x21=0x23ffffff
       16055000	      1506	80002dbc	000c9563	bne	x25,x0,80002dc6	 x25:0x0000000f  x0:0x00000000
       16085000	      1509	80002dc6	fc9ae1e3	bltu	x21,x9,80002d88	 x21:0x23ffffff  x9:0x20009220
       16095000	      1510	80002dca	faaaffe3	bgeu	x21,x10,80002d88	 x21:0x23ffffff x10:0x20009bb9
       16115000	      1512	80002d88	8cda	c.mv	x25,x22	  x0:0x00000000 x22:0x0000000f x25=0x0000000f
       16125000	      1513	80002d8a	84aa	c.mv	x9,x10	  x0:0x00000000 x10:0x20009bb9  x9=0x20009bb9
       16135000	      1514	80002d8c	0c85	c.addi	x25,1	 x25:0x0000000f x25=0x00000010
       16145000	      1515	80002d8e	8b66	c.mv	x22,x25	  x0:0x00000000 x25:0x00000010 x22=0x00000010
       16155000	      1516	80002d90	4541	c.li	x10,16	 x10=0x00000010
       16165000	      1517	80002d92	00acd363	bge	x25,x10,80002d98	 x25:0x00000010 x10:0x00000010
       16185000	      1519	80002d98	74702cf3	csrrs	x25,0x747,x0	  x0:0x00000000 x25=0x00000000
       16195000	      1520	80002d9c	002cfc93	andi	x25,x25,2	 x25:0x00000000 x25=0x00000000
       16205000	      1521	80002da0	080c9163	bne	x25,x0,80002e22	 x25:0x00000000  x0:0x00000000
       16215000	      1522	80002da4	ffffec97	auipc	x25,0xffffe	 x25=0x80000da4
       16225000	      1523	80002da8	850c8c93	addi	x25,x25,-1968	 x25:0x80000da4 x25=0x800005f4
       16235000	      1524	80002dac	000c8067	jalr	x0,0(x25)	 x25:0x800005f4  x0=0x00000000
       16255000	      1526	800005f4	90000537	lui	x10,0x90000	 x10=0x90000000
       16265000	      1527	800005f8	1561	c.addi	x10,-8	 x10:0x90000000 x10=0x8ffffff8
       16275000	      1528	800005fa	4c81	c.li	x25,0	 x25=0x00000000
       16285000	      1529	800005fc	0ca2	c.slli	x25,0x8	 x25:0x00000000 x25=0x00000000
       16295000	      1530	800005fe	0c85	c.addi	x25,1	 x25:0x00000000 x25=0x00000001
       16305000	      1531	80000600	01952023	sw	x25,0(x10)	 x10:0x8ffffff8 x25:0x00000001 PA:0x8ffffff8 store:0x00000001 load:0x00000000
       16315000	      1532	80000604	00000073	ecall	
       16345000	      1535	80002200	0800006f	jal	x0,80002280	  x0=0x00000000
       16365000	      1537	80002280	17f1	c.addi	x15,-4	 x15:0x8002cc60 x15=0x8002cc5c
       16375000	      1538	80002282	0027a023	sw	x2,0(x15)	 x15:0x8002cc5c  x2:0x8002cc60 PA:0x8002cc5c store:0x8002cc60 load:0x00000000
