Time	Cycle	PC	Insn	Decoded instruction	Register and memory contents
        5169000	       156	80000080	40001337	lui	x6,0x40001	  x6=0x40001000
        5189000	       157	80000084	10630313	addi	x6,x6,262	  x6:0x40001000  x6=0x40001106
        5209000	       158	80000088	30131073	csrrw	x0,misa,x6	  x6:0x40001106  x0=0x00000000
        5269000	       161	8000008c	00026717	auipc	x14,0x26	 x14=0x8002608c
        5409000	       168	80000090	c5870713	addi	x14,x14,-936	 x14:0x8002608c x14=0x80025ce4
        5509000	       173	80000094	00002317	auipc	x6,0x2	  x6=0x80002094
        5529000	       174	80000098	46c30313	addi	x6,x6,1132	  x6:0x80002094  x6=0x80002500
        5549000	       175	8000009c	00136313	ori	x6,x6,1	  x6:0x80002500  x6=0x80002501
        5569000	       176	800000a0	30531073	csrrw	x0,mtvec,x6	  x6:0x80002501  x0=0x00000000
        5709000	       183	800000a4	74725073	csrrwi	x0,0x747,4	  x0=0x00000000
        5769000	       186	800000a8	00003117	auipc	x2,0x3	  x2=0x800030a8
        5789000	       187	800000ac	1fc10113	addi	x2,x2,508	  x2:0x800030a8  x2=0x800032a4
        5809000	       188	800000b0	4301	c.li	x6,0	  x6=0x00000000
        5829000	       189	800000b2	911a	c.add	x2,x6	  x2:0x800032a4  x6:0x00000000  x2=0x800032a4
        5849000	       190	800000b4	00215113	srli	x2,x2,0x2	  x2:0x800032a4  x2=0x20000ca9
        5889000	       192	800000b8	3b011073	csrrw	x0,pmpaddr0,x2	  x2:0x20000ca9  x0=0x00000000
        5949000	       195	800000bc	00003117	auipc	x2,0x3	  x2=0x800030bc
        6209000	       208	800000c0	1e810113	addi	x2,x2,488	  x2:0x800030bc  x2=0x800032a4
        6229000	       209	800000c4	11111337	lui	x6,0x11111	  x6=0x11111000
        6589000	       227	800000c8	11130313	addi	x6,x6,273	  x6:0x11111000  x6=0x11111111
        6609000	       228	800000cc	911a	c.add	x2,x6	  x2:0x800032a4  x6:0x11111111  x2=0x911143b5
        6629000	       229	800000ce	00215113	srli	x2,x2,0x2	  x2:0x911143b5  x2=0x244450ed
        6649000	       230	800000d2	3b111073	csrrw	x0,pmpaddr1,x2	  x2:0x244450ed  x0=0x00000000
        6709000	       233	800000d6	00003117	auipc	x2,0x3	  x2=0x800030d6
        7089000	       252	800000da	1ce10113	addi	x2,x2,462	  x2:0x800030d6  x2=0x800032a4
        7109000	       253	800000de	22222337	lui	x6,0x22222	  x6=0x22222000
        7129000	       254	800000e2	22230313	addi	x6,x6,546	  x6:0x22222000  x6=0x22222222
        7149000	       255	800000e6	911a	c.add	x2,x6	  x2:0x800032a4  x6:0x22222222  x2=0xa22254c6
        7169000	       256	800000e8	00215113	srli	x2,x2,0x2	  x2:0xa22254c6  x2=0x28889531
        7269000	       261	800000ec	3b211073	csrrw	x0,pmpaddr2,x2	  x2:0x28889531  x0=0x00000000
        7329000	       264	800000f0	00003117	auipc	x2,0x3	  x2=0x800030f0
        7409000	       268	800000f4	1b410113	addi	x2,x2,436	  x2:0x800030f0  x2=0x800032a4
        7429000	       269	800000f8	33333337	lui	x6,0x33333	  x6=0x33333000
        7449000	       270	800000fc	33330313	addi	x6,x6,819	  x6:0x33333000  x6=0x33333333
        7789000	       287	80000100	911a	c.add	x2,x6	  x2:0x800032a4  x6:0x33333333  x2=0xb33365d7
        7809000	       288	80000102	00215113	srli	x2,x2,0x2	  x2:0xb33365d7  x2=0x2cccd975
        7829000	       289	80000106	3b311073	csrrw	x0,pmpaddr3,x2	  x2:0x2cccd975  x0=0x00000000
        7889000	       292	8000010a	0f0f1137	lui	x2,0xf0f1	  x2=0x0f0f1000
        7909000	       293	8000010e	f0f10113	addi	x2,x2,-241	  x2:0x0f0f1000  x2=0x0f0f0f0f
        7969000	       296	80000112	3a011073	csrrw	x0,pmpcfg0,x2	  x2:0x0f0f0f0f  x0=0x00000000
        8029000	       299	80000116	00003117	auipc	x2,0x3	  x2=0x80003116
        8049000	       300	8000011a	18e10113	addi	x2,x2,398	  x2:0x80003116  x2=0x800032a4
        8369000	       316	8000011e	44444337	lui	x6,0x44444	  x6=0x44444000
        8649000	       330	80000122	44430313	addi	x6,x6,1092	  x6:0x44444000  x6=0x44444444
        8669000	       331	80000126	911a	c.add	x2,x6	  x2:0x800032a4  x6:0x44444444  x2=0xc44476e8
        8689000	       332	80000128	00215113	srli	x2,x2,0x2	  x2:0xc44476e8  x2=0x31111dba
        8709000	       333	8000012c	3b411073	csrrw	x0,pmpaddr4,x2	  x2:0x31111dba  x0=0x00000000
        8769000	       336	80000130	00003117	auipc	x2,0x3	  x2=0x80003130
        8789000	       337	80000134	17410113	addi	x2,x2,372	  x2:0x80003130  x2=0x800032a4
        9009000	       348	80000138	55555337	lui	x6,0x55555	  x6=0x55555000
        9329000	       364	8000013c	55530313	addi	x6,x6,1365	  x6:0x55555000  x6=0x55555555
        9349000	       365	80000140	911a	c.add	x2,x6	  x2:0x800032a4  x6:0x55555555  x2=0xd55587f9
        9369000	       366	80000142	00215113	srli	x2,x2,0x2	  x2:0xd55587f9  x2=0x355561fe
        9429000	       369	80000146	3b511073	csrrw	x0,pmpaddr5,x2	  x2:0x355561fe  x0=0x00000000
        9489000	       372	8000014a	00003117	auipc	x2,0x3	  x2=0x8000314a
        9509000	       373	8000014e	15a10113	addi	x2,x2,346	  x2:0x8000314a  x2=0x800032a4
        9629000	       379	80000152	66666337	lui	x6,0x66666	  x6=0x66666000
       10029000	       399	80000156	66630313	addi	x6,x6,1638	  x6:0x66666000  x6=0x66666666
       10049000	       400	8000015a	911a	c.add	x2,x6	  x2:0x800032a4  x6:0x66666666  x2=0xe666990a
       10069000	       401	8000015c	00215113	srli	x2,x2,0x2	  x2:0xe666990a  x2=0x3999a642
       10149000	       405	80000160	3b611073	csrrw	x0,pmpaddr6,x2	  x2:0x3999a642  x0=0x00000000
       10209000	       408	80000164	00003117	auipc	x2,0x3	  x2=0x80003164
       10229000	       409	80000168	14010113	addi	x2,x2,320	  x2:0x80003164  x2=0x800032a4
       10249000	       410	8000016c	77777337	lui	x6,0x77777	  x6=0x77777000
       10309000	       413	80000170	77730313	addi	x6,x6,1911	  x6:0x77777000  x6=0x77777777
       10429000	       419	80000174	911a	c.add	x2,x6	  x2:0x800032a4  x6:0x77777777  x2=0xf777aa1b
       10449000	       420	80000176	00215113	srli	x2,x2,0x2	  x2:0xf777aa1b  x2=0x3dddea86
       10529000	       424	8000017a	3b711073	csrrw	x0,pmpaddr7,x2	  x2:0x3dddea86  x0=0x00000000
       10589000	       427	8000017e	0f0f1137	lui	x2,0xf0f1	  x2=0x0f0f1000
       10609000	       428	80000182	f0f10113	addi	x2,x2,-241	  x2:0x0f0f1000  x2=0x0f0f0f0f
       10629000	       429	80000186	3a111073	csrrw	x0,pmpcfg1,x2	  x2:0x0f0f0f0f  x0=0x00000000
       10689000	       432	8000018a	00003117	auipc	x2,0x3	  x2=0x8000318a
       10909000	       443	8000018e	11a10113	addi	x2,x2,282	  x2:0x8000318a  x2=0x800032a4
       10929000	       444	80000192	88889337	lui	x6,0x88889	  x6=0x88889000
       11089000	       452	80000196	88830313	addi	x6,x6,-1912	  x6:0x88889000  x6=0x88888888
       11109000	       453	8000019a	911a	c.add	x2,x6	  x2:0x800032a4  x6:0x88888888  x2=0x0888bb2c
       11149000	       455	8000019c	00215113	srli	x2,x2,0x2	  x2:0x0888bb2c  x2=0x02222ecb
       11569000	       476	800001a0	3b811073	csrrw	x0,pmpaddr8,x2	  x2:0x02222ecb  x0=0x00000000
       11989000	       497	800001a4	00003117	auipc	x2,0x3	  x2=0x800031a4
       12009000	       498	800001a8	10010113	addi	x2,x2,256	  x2:0x800031a4  x2=0x800032a4
       12429000	       519	800001ac	9999a337	lui	x6,0x9999a	  x6=0x9999a000
       12449000	       520	800001b0	99930313	addi	x6,x6,-1639	  x6:0x9999a000  x6=0x99999999
       12469000	       521	800001b4	911a	c.add	x2,x6	  x2:0x800032a4  x6:0x99999999  x2=0x1999cc3d
       12889000	       542	800001b6	00215113	srli	x2,x2,0x2	  x2:0x1999cc3d  x2=0x0666730f
       12929000	       544	800001ba	3b911073	csrrw	x0,pmpaddr9,x2	  x2:0x0666730f  x0=0x00000000
       12989000	       547	800001be	00003117	auipc	x2,0x3	  x2=0x800031be
       13009000	       548	800001c2	0e610113	addi	x2,x2,230	  x2:0x800031be  x2=0x800032a4
       13029000	       549	800001c6	aaaab337	lui	x6,0xaaaab	  x6=0xaaaab000
       13169000	       556	800001ca	aaa30313	addi	x6,x6,-1366	  x6:0xaaaab000  x6=0xaaaaaaaa
       13189000	       557	800001ce	911a	c.add	x2,x6	  x2:0x800032a4  x6:0xaaaaaaaa  x2=0x2aaadd4e
       13589000	       577	800001d0	00215113	srli	x2,x2,0x2	  x2:0x2aaadd4e  x2=0x0aaab753
       13669000	       581	800001d4	3ba11073	csrrw	x0,pmpaddr10,x2	  x2:0x0aaab753  x0=0x00000000
       14069000	       601	800001d8	00003117	auipc	x2,0x3	  x2=0x800031d8
       14089000	       602	800001dc	0cc10113	addi	x2,x2,204	  x2:0x800031d8  x2=0x800032a4
       14109000	       603	800001e0	bbbbc337	lui	x6,0xbbbbc	  x6=0xbbbbc000
       14129000	       604	800001e4	bbb30313	addi	x6,x6,-1093	  x6:0xbbbbc000  x6=0xbbbbbbbb
       14549000	       625	800001e8	911a	c.add	x2,x6	  x2:0x800032a4  x6:0xbbbbbbbb  x2=0x3bbbee5f
       14569000	       626	800001ea	00215113	srli	x2,x2,0x2	  x2:0x3bbbee5f  x2=0x0eeefb97
       14989000	       647	800001ee	3bb11073	csrrw	x0,pmpaddr11,x2	  x2:0x0eeefb97  x0=0x00000000
       15049000	       650	800001f2	0f0f1137	lui	x2,0xf0f1	  x2=0x0f0f1000
       15069000	       651	800001f6	f0f10113	addi	x2,x2,-241	  x2:0x0f0f1000  x2=0x0f0f0f0f
       15089000	       652	800001fa	3a211073	csrrw	x0,pmpcfg2,x2	  x2:0x0f0f0f0f  x0=0x00000000
       15209000	       658	800001fe	00003117	auipc	x2,0x3	  x2=0x800031fe
       15229000	       659	80000202	0a610113	addi	x2,x2,166	  x2:0x800031fe  x2=0x800032a4
       15549000	       675	80000206	ccccd337	lui	x6,0xccccd	  x6=0xccccd000
       15569000	       676	8000020a	ccc30313	addi	x6,x6,-820	  x6:0xccccd000  x6=0xcccccccc
       15589000	       677	8000020e	911a	c.add	x2,x6	  x2:0x800032a4  x6:0xcccccccc  x2=0x4cccff70
       15689000	       682	80000210	00215113	srli	x2,x2,0x2	  x2:0x4cccff70  x2=0x13333fdc
       15949000	       695	80000214	3bc11073	csrrw	x0,pmpaddr12,x2	  x2:0x13333fdc  x0=0x00000000
       16009000	       698	80000218	00003117	auipc	x2,0x3	  x2=0x80003218
       16149000	       705	8000021c	08c10113	addi	x2,x2,140	  x2:0x80003218  x2=0x800032a4
       16569000	       726	80000220	dddde337	lui	x6,0xdddde	  x6=0xdddde000
       16669000	       731	80000224	ddd30313	addi	x6,x6,-547	  x6:0xdddde000  x6=0xdddddddd
       16689000	       732	80000228	911a	c.add	x2,x6	  x2:0x800032a4  x6:0xdddddddd  x2=0x5dde1081
       16709000	       733	8000022a	00215113	srli	x2,x2,0x2	  x2:0x5dde1081  x2=0x17778420
       16729000	       734	8000022e	3bd11073	csrrw	x0,pmpaddr13,x2	  x2:0x17778420  x0=0x00000000
       16889000	       742	80000232	00003117	auipc	x2,0x3	  x2=0x80003232
       16909000	       743	80000236	07210113	addi	x2,x2,114	  x2:0x80003232  x2=0x800032a4
       16969000	       746	8000023a	eeeef337	lui	x6,0xeeeef	  x6=0xeeeef000
       16989000	       747	8000023e	eee30313	addi	x6,x6,-274	  x6:0xeeeef000  x6=0xeeeeeeee
       17009000	       748	80000242	911a	c.add	x2,x6	  x2:0x800032a4  x6:0xeeeeeeee  x2=0x6eef2192
       17029000	       749	80000244	00215113	srli	x2,x2,0x2	  x2:0x6eef2192  x2=0x1bbbc864
       17049000	       750	80000248	3be11073	csrrw	x0,pmpaddr14,x2	  x2:0x1bbbc864  x0=0x00000000
       17269000	       761	8000024c	00003117	auipc	x2,0x3	  x2=0x8000324c
       17289000	       762	80000250	05810113	addi	x2,x2,88	  x2:0x8000324c  x2=0x800032a4
       17309000	       763	80000254	fff00313	addi	x6,x0,-1	  x0:0x00000000  x6=0xffffffff
       17329000	       764	80000258	911a	c.add	x2,x6	  x2:0x800032a4  x6:0xffffffff  x2=0x800032a3
       17349000	       765	8000025a	00215113	srli	x2,x2,0x2	  x2:0x800032a3  x2=0x20000ca8
       17389000	       767	8000025e	3bf11073	csrrw	x0,pmpaddr15,x2	  x2:0x20000ca8  x0=0x00000000
       17449000	       770	80000262	0f0f1137	lui	x2,0xf0f1	  x2=0x0f0f1000
       17689000	       782	80000266	f0f10113	addi	x2,x2,-241	  x2:0x0f0f1000  x2=0x0f0f0f0f
       18089000	       802	8000026a	3a311073	csrrw	x0,pmpcfg3,x2	  x2:0x0f0f0f0f  x0=0x00000000
       18149000	       805	8000026e	00000317	auipc	x6,0x0	  x6=0x8000026e
       18529000	       824	80000272	06030313	addi	x6,x6,96	  x6:0x8000026e  x6=0x800002ce
       18549000	       825	80000276	34131073	csrrw	x0,mepc,x6	  x6:0x800002ce  x0=0x00000000
       18589000	       827	8000027a	7c00d073	csrrwi	x0,0x7c0,1	  x0=0x00000000
       18649000	       830	8000027e	4301	c.li	x6,0	  x6=0x00000000
       18669000	       831	80000280	30031073	csrrw	x0,mstatus,x6	  x6:0x00000000  x0=0x00000000
       18969000	       846	80000284	4301	c.li	x6,0	  x6=0x00000000
       19089000	       852	80000286	30431073	csrrw	x0,mie,x6	  x6:0x00000000  x0=0x00000000
       19149000	       855	8000028a	90000a37	lui	x20,0x90000	 x20=0x90000000
       19169000	       856	8000028e	1a71	c.addi	x20,-4	 x20:0x90000000 x20=0x8ffffffc
       19189000	       857	80000290	90000a37	lui	x20,0x90000	 x20=0x90000000
       19209000	       858	80000294	1a71	c.addi	x20,-4	 x20:0x90000000 x20=0x8ffffffc
       19329000	       864	80000296	90000a37	lui	x20,0x90000	 x20=0x90000000
       19349000	       865	8000029a	1a71	c.addi	x20,-4	 x20:0x90000000 x20=0x8ffffffc
       19389000	       867	8000029c	30000313	addi	x6,x0,768	  x0:0x00000000  x6=0x00000300
       19489000	       872	800002a0	0322	c.slli	x6,0x8	  x6:0x00000300  x6=0x00030000
       19509000	       873	800002a2	030d	c.addi	x6,3	  x6:0x00030000  x6=0x00030003
       19569000	       876	800002a4	006a2023	sw	x6,0(x20)	 x20:0x8ffffffc  x6:0x00030003 PA:0x8ffffffc store:0x00030003 load:0xffffffff
       19589000	       877	800002a8	30002373	csrrs	x6,mstatus,x0	  x0:0x00000000  x6=0x00000000
       19709000	       883	800002ac	006a2023	sw	x6,0(x20)	 x20:0x8ffffffc  x6:0x00000000 PA:0x8ffffffc store:0x00000000 load:0xffffffff
       19729000	       884	800002b0	90000a37	lui	x20,0x90000	 x20=0x90000000
       19749000	       885	800002b4	1a71	c.addi	x20,-4	 x20:0x90000000 x20=0x8ffffffc
       20129000	       904	800002b6	30400313	addi	x6,x0,772	  x0:0x00000000  x6=0x00000304
       20149000	       905	800002ba	0322	c.slli	x6,0x8	  x6:0x00000304  x6=0x00030400
       20169000	       906	800002bc	030d	c.addi	x6,3	  x6:0x00030400  x6=0x00030403
       20229000	       909	800002be	006a2023	sw	x6,0(x20)	 x20:0x8ffffffc  x6:0x00030403 PA:0x8ffffffc store:0x00030403 load:0xffffffff
       20249000	       910	800002c2	30402373	csrrs	x6,mie,x0	  x0:0x00000000  x6=0x00000000
       20269000	       911	800002c6	006a2023	sw	x6,0(x20)	 x20:0x8ffffffc  x6:0x00000000 PA:0x8ffffffc store:0x00000000 load:0xffffffff
       20289000	       912	800002ca	30200073	mret	
       20569000	       926	800002ce	ff8b8037	lui	x0,0xff8b8	  x0=0x00000000
       20989000	       947	800002d2	10e00013	addi	x0,x0,270	  x0:0x00000000  x0=0x00000000
       21149000	       955	800002d6	7327d0b7	lui	x1,0x7327d	  x1=0x7327d000
       21229000	       959	800002da	ba008093	addi	x1,x1,-1120	  x1:0x7327d000  x1=0x7327cba0
       21249000	       960	800002de	f5e3a137	lui	x2,0xf5e3a	  x2=0xf5e3a000
       21669000	       981	800002e2	89510113	addi	x2,x2,-1899	  x2:0xf5e3a000  x2=0xf5e39895
       21689000	       982	800002e6	4181	c.li	x3,0	  x3=0x00000000
       21709000	       983	800002e8	6511b237	lui	x4,0x6511b	  x4=0x6511b000
       21729000	       984	800002ec	bba20213	addi	x4,x4,-1094	  x4:0x6511b000  x4=0x6511abba
       21749000	       985	800002f0	e2e872b7	lui	x5,0xe2e87	  x5=0xe2e87000
       21849000	       990	800002f4	5c428293	addi	x5,x5,1476	  x5:0xe2e87000  x5=0xe2e875c4
       21909000	       993	800002f8	4301	c.li	x6,0	  x6=0x00000000
       21929000	       994	800002fa	43a5	c.li	x7,9	  x7=0x00000009
       21949000	       995	800002fc	80000437	lui	x8,0x80000	  x8=0x80000000
       22229000	      1009	80000300	f944e4b7	lui	x9,0xf944e	  x9=0xf944e000
       22249000	      1010	80000304	20f48493	addi	x9,x9,527	  x9:0xf944e000  x9=0xf944e20f
       22669000	      1031	80000308	4501	c.li	x10,0	 x10=0x00000000
       22689000	      1032	8000030a	45a5	c.li	x11,9	 x11=0x00000009
       22849000	      1040	8000030c	f0c556b7	lui	x13,0xf0c55	 x13=0xf0c55000
       23029000	      1049	80000310	da468693	addi	x13,x13,-604	 x13:0xf0c55000 x13=0xf0c54da4
       23109000	      1053	80000314	fd8fc7b7	lui	x15,0xfd8fc	 x15=0xfd8fc000
       23129000	      1054	80000318	e7e78793	addi	x15,x15,-386	 x15:0xfd8fc000 x15=0xfd8fbe7e
       23149000	      1055	8000031c	4801	c.li	x16,0	 x16=0x00000000
       23169000	      1056	8000031e	651938b7	lui	x17,0x65193	 x17=0x65193000
       23189000	      1057	80000322	5eb88893	addi	x17,x17,1515	 x17:0x65193000 x17=0x651935eb
       23209000	      1058	80000326	4911	c.li	x18,4	 x18=0x00000004
       23289000	      1062	80000328	800009b7	lui	x19,0x80000	 x19=0x80000000
       23309000	      1063	8000032c	4a29	c.li	x20,10	 x20=0x0000000a
       23929000	      1094	8000032e	ff2dfab7	lui	x21,0xff2df	 x21=0xff2df000
       23949000	      1095	80000332	586a8a93	addi	x21,x21,1414	 x21:0xff2df000 x21=0xff2df586
       24049000	      1100	80000336	80000b37	lui	x22,0x80000	 x22=0x80000000
       24069000	      1101	8000033a	fa72bbb7	lui	x23,0xfa72b	 x23=0xfa72b000
       24089000	      1102	8000033e	098b8b93	addi	x23,x23,152	 x23:0xfa72b000 x23=0xfa72b098
       24109000	      1103	80000342	4c09	c.li	x24,2	 x24=0x00000002
       24129000	      1104	80000344	4cb9	c.li	x25,14	 x25=0x0000000e
       24149000	      1105	80000346	4d01	c.li	x26,0	 x26=0x00000000
       24189000	      1107	80000348	4d81	c.li	x27,0	 x27=0x00000000
       24209000	      1108	8000034a	4e35	c.li	x28,13	 x28=0x0000000d
       24269000	      1111	8000034c	82ec1eb7	lui	x29,0x82ec1	 x29=0x82ec1000
       24349000	      1115	80000350	cb0e8e93	addi	x29,x29,-848	 x29:0x82ec1000 x29=0x82ec0cb0
       24749000	      1135	80000354	cac09f37	lui	x30,0xcac09	 x30=0xcac09000
       24789000	      1137	80000358	9bdf0f13	addi	x30,x30,-1603	 x30:0xcac09000 x30=0xcac089bd
       24809000	      1138	8000035c	80000fb7	lui	x31,0x80000	 x31=0x80000000
       25229000	      1159	80000360	00022617	auipc	x12,0x22	 x12=0x80022360
       25309000	      1163	80000364	b0460613	addi	x12,x12,-1276	 x12:0x80022360 x12=0x80021e64
       25329000	      1164	80000368	90000a37	lui	x20,0x90000	 x20=0x90000000
       25349000	      1165	8000036c	1a71	c.addi	x20,-4	 x20:0x90000000 x20=0x8ffffffc
       25369000	      1166	8000036e	4301	c.li	x6,0	  x6=0x00000000
       25389000	      1167	80000370	0322	c.slli	x6,0x8	  x6:0x00000000  x6=0x00000000
       25789000	      1187	80000372	00030313	addi	x6,x6,0	  x6:0x00000000  x6=0x00000000
       26409000	      1218	80000376	006a2023	sw	x6,0(x20)	 x20:0x8ffffffc  x6:0x00000000 PA:0x8ffffffc store:0x00000000 load:0xffffffff
       26429000	      1219	8000037a	72b0206f	jal	x0,800032a4	  x0=0x00000000
       27229000	      1259	800032a4	02011b33	mulh	x22,x2,x0	  x2:0xf5e39895  x0:0x00000000 x22=0x00000000
       27269000	      1261	800032a8	04df5063	bge	x30,x13,800032e8	 x30:0xcac089bd x13:0xf0c54da4
       27469000	      1271	800032ac	8019	c.srli	x8,0x6	  x8:0x80000000  x8=0x02000000
       27489000	      1272	800032ae	8468a993	slti	x19,x17,-1978	 x17:0x651935eb x19=0x00000000
       27909000	      1293	800032b2	40865593	srai	x11,x12,0x8	 x12:0x80021e64 x11=0xff80021e
       28649000	      1330	800032b6	03edfb33	remu	x22,x27,x30	 x27:0x00000000 x30:0xcac089bd x22=0x00000000
       28669000	      1331	800032ba	814b0a13	addi	x20,x22,-2028	 x22:0x00000000 x20=0xfffff814
       28689000	      1332	800032be	04818163	beq	x3,x8,80003300	  x3:0x00000000  x8:0x02000000
       28709000	      1333	800032c2	6df5	c.lui	x27,0x1d	 x27=0x0001d000
       28729000	      1334	800032c4	0e1a	c.slli	x28,0x6	 x28:0x0000000d x28=0x00000340
       28769000	      1336	800032c6	02de23b3	mulhsu	x7,x28,x13	 x28:0x00000340 x13:0xf0c54da4  x7=0x0000030e
       28789000	      1337	800032ca	0001	c.addi	x0,0	  x0:0x00000000  x0=0x00000000
       28809000	      1338	800032cc	04a48163	beq	x9,x10,8000330e	  x9:0xf944e20f x10:0x00000000
       28829000	      1339	800032d0	0001	c.addi	x0,0	  x0:0x00000000  x0=0x00000000
       28969000	      1346	800032d2	02bb3c33	mulhu	x24,x22,x11	 x22:0x00000000 x11:0xff80021e x24=0x00000000
       28989000	      1347	800032d6	9ace6393	ori	x7,x28,-1620	 x28:0x00000340  x7=0xfffffbec
       29449000	      1370	800032da	00d8ea63	bltu	x17,x13,800032ee	 x17:0x651935eb x13:0xf0c54da4
       30089000	      1402	800032ee	002a66b3	or	x13,x20,x2	 x20:0xfffff814  x2:0xf5e39895 x13=0xfffff895
       30229000	      1409	800032f2	011f3ab3	sltu	x21,x30,x17	 x30:0xcac089bd x17:0x651935eb x21=0x00000000
       30249000	      1410	800032f6	8ed9	c.or	x13,x14	 x13:0xfffff895 x14:0x80025ce4 x13=0xfffffcf5
       30269000	      1411	800032f8	46af6e93	ori	x29,x30,1130	 x30:0xcac089bd x29=0xcac08dff
       30409000	      1418	800032fc	05b3c163	blt	x7,x27,8000333e	  x7:0xfffffbec x27:0x0001d000
       30729000	      1434	8000333e	8839	c.andi	x8,14	  x8:0x02000000  x8=0x00000000
       31169000	      1456	80003340	942a	c.add	x8,x10	  x8:0x00000000 x10:0x00000000  x8=0x00000000
       31189000	      1457	80003342	417e57b3	sra	x15,x28,x23	 x28:0x00000340 x23:0xfa72b098 x15=0x00000000
       31249000	      1460	80003346	02544563	blt	x8,x5,80003370	  x8:0x00000000  x5:0xe2e875c4
       31289000	      1462	8000334a	02313933	mulhu	x18,x2,x3	  x2:0xf5e39895  x3:0x00000000 x18=0x00000000
       31309000	      1463	8000334e	8d1d	c.sub	x10,x15	 x10:0x00000000 x15:0x00000000 x10=0x00000000
       31329000	      1464	80003350	9b728a13	addi	x20,x5,-1609	  x5:0xe2e875c4 x20=0xe2e86f7b
       31709000	      1483	80003354	057b1163	bne	x22,x23,80003396	 x22:0x00000000 x23:0xfa72b098
       32169000	      1506	80003396	8fc1	c.or	x15,x8	 x15:0x00000000  x8:0x00000000 x15=0x00000000
       32429000	      1519	80003398	80bd	c.srli	x9,0xf	  x9:0xf944e20f  x9=0x0001f289
       32649000	      1530	8000339a	03f58f63	beq	x11,x31,800033d8	 x11:0xff80021e x31:0x80000000
       32669000	      1531	8000339e	84d1	c.srai	x9,0x14	  x9:0x0001f289  x9=0x00000000
       32989000	      1547	800033a0	01eda5b3	slt	x11,x27,x30	 x27:0x0001d000 x30:0xcac089bd x11=0x00000000
       33409000	      1568	800033a4	00250263	beq	x10,x2,800033a8	 x10:0x00000000  x2:0xf5e39895
       33429000	      1569	800033a8	4181d693	srai	x13,x3,0x18	  x3:0x00000000 x13=0x00000000
       33489000	      1572	800033ac	03928463	beq	x5,x25,800033d4	  x5:0xe2e875c4 x25:0x0000000e
       33889000	      1592	800033b0	010a9493	slli	x9,x21,0x10	 x21:0x00000000  x9=0x00000000
       34069000	      1601	800033b4	6341	c.lui	x6,0x10	  x6=0x00010000
       34189000	      1607	800033b6	005509b3	add	x19,x10,x5	 x10:0x00000000  x5:0xe2e875c4 x19=0xe2e875c4
       34209000	      1608	800033ba	02898233	mul	x4,x19,x8	 x19:0xe2e875c4  x8:0x00000000  x4=0x00000000
       34229000	      1609	800033be	70e50b13	addi	x22,x10,1806	 x10:0x00000000 x22=0x0000070e
       34649000	      1630	800033c2	9e2157b7	lui	x15,0x9e215	 x15=0x9e215000
       34849000	      1640	800033c6	004eda13	srli	x20,x29,0x4	 x29:0xcac08dff x20=0x0cac08df
       35009000	      1648	800033ca	414bc493	xori	x9,x23,1044	 x23:0xfa72b098  x9=0xfa72b48c
       35029000	      1649	800033ce	8c11	c.sub	x8,x12	  x8:0x00000000 x12:0x80021e64  x8=0x7ffde19c
       35049000	      1650	800033d0	184b3993	sltiu	x19,x22,388	 x22:0x0000070e x19=0x00000000
       35069000	      1651	800033d4	01963eb3	sltu	x29,x12,x25	 x12:0x80021e64 x25:0x0000000e x29=0x00000000
       35209000	      1658	800033d8	5f642a13	slti	x20,x8,1526	  x8:0x7ffde19c x20=0x00000000
       35349000	      1665	800033dc	5c7d	c.li	x24,-1	 x24=0xffffffff
       35449000	      1670	800033de	b6f9ba13	sltiu	x20,x19,-1169	 x19:0x00000000 x20=0x00000001
       35609000	      1678	800033e2	00000c97	auipc	x25,0x0	 x25=0x800033e2
       35629000	      1679	800033e6	0cec8c93	addi	x25,x25,206	 x25:0x800033e2 x25=0x800034b0
       36369000	      1716	800033ea	0362f5b3	remu	x11,x5,x22	  x5:0xe2e875c4 x22:0x0000070e x11=0x0000067e
       36409000	      1718	800033ee	02cd9433	mulh	x8,x27,x12	 x27:0x0001d000 x12:0x80021e64  x8=0xffff1803
       36429000	      1719	800033f2	1ce1	c.addi	x25,-8	 x25:0x800034b0 x25=0x800034a8
       36469000	      1721	800033f4	0247d533	divu	x10,x15,x4	 x15:0x9e215000  x4:0x00000000 x10=0xffffffff
       36489000	      1722	800033f8	00c27c33	and	x24,x4,x12	  x4:0x00000000 x12:0x80021e64 x24=0x00000000
       36509000	      1723	800033fc	00531363	bne	x6,x5,80003402	  x6:0x00010000  x5:0xe2e875c4
       36569000	      1726	80003402	009c80e7	jalr	x1,9(x25)	 x25:0x800034a8  x1=0x80003406
       36989000	      1747	800034b0	e681	c.bnez	x13,800034b8	 x13:0x00000000
       37009000	      1748	800034b2	8fd5	c.or	x15,x13	 x15:0x9e215000 x13:0x00000000 x15=0x9e215000
       37049000	      1750	800034b4	03a93a33	mulhu	x20,x18,x26	 x18:0x00000000 x26:0x00000000 x20=0x00000000
       37069000	      1751	800034b8	fc060613	addi	x12,x12,-64	 x12:0x80021e64 x12=0x80021e24
       37129000	      1754	800034bc	00162223	sw	x1,4(x12)	 x12:0x80021e24  x1:0x80003406 PA:0x80021e28 store:0x80003406 load:0xffffffff
       37229000	      1759	800034c0	81cd	c.srli	x11,0x13	 x11:0x0000067e x11=0x00000000
       37429000	      1769	800034c2	00000697	auipc	x13,0x0	 x13=0x800034c2
       37449000	      1770	800034c6	44868693	addi	x13,x13,1096	 x13:0x800034c2 x13=0x8000390a
       37809000	      1788	800034ca	0ff0000f	fence	iorw,iorw	
       38229000	      1809	800034ce	004485b3	add	x11,x9,x4	  x9:0xfa72b48c  x4:0x00000000 x11=0xfa72b48c
       38569000	      1826	800034d2	031b00b3	mul	x1,x22,x17	 x22:0x0000070e x17:0x651935eb  x1=0x37da5fda
       38589000	      1827	800034d6	02b9	c.addi	x5,14	  x5:0xe2e875c4  x5=0xe2e875d2
       38609000	      1828	800034d8	7fab9997	auipc	x19,0x7fab9	 x19=0xffabc4d8
       38669000	      1831	800034dc	6ebbed93	ori	x27,x23,1771	 x23:0xfa72b098 x27=0xfa72b6fb
       38809000	      1838	800034e0	f7288793	addi	x15,x17,-142	 x17:0x651935eb x15=0x6519355d
       38889000	      1842	800034e4	02454fb3	div	x31,x10,x4	 x10:0xffffffff  x4:0x00000000 x31=0xffffffff
       38929000	      1844	800034e8	02c0b1b3	mulhu	x3,x1,x12	  x1:0x37da5fda x12:0x80021e24  x3=0x1beda635
       38949000	      1845	800034ec	3b168693	addi	x13,x13,945	 x13:0x8000390a x13=0x80003cbb
       38989000	      1847	800034f0	011372b3	and	x5,x6,x17	  x6:0x00010000 x17:0x651935eb  x5=0x00010000
       41809000	      1988	800034f4	c4f680e7	jalr	x1,-945(x13)	 x13:0x80003cbb  x1=0x800034f8
       42209000	      2008	8000390a	6cab0293	addi	x5,x22,1738	 x22:0x0000070e  x5=0x00000dd8
       42229000	      2009	8000390e	1601	c.addi	x12,-32	 x12:0x80021e24 x12=0x80021e04
       42309000	      2013	80003910	8df9	c.and	x11,x14	 x11:0xfa72b48c x14:0x80025ce4 x11=0x80021484
       42329000	      2014	80003912	0001	c.addi	x0,0	  x0:0x00000000  x0=0x00000000
       42369000	      2016	80003914	0001	c.addi	x0,0	  x0:0x00000000  x0=0x00000000
       42569000	      2026	80003916	00162223	sw	x1,4(x12)	 x12:0x80021e04  x1:0x800034f8 PA:0x80021e08 store:0x800034f8 load:0xffffffff
       42589000	      2027	8000391a	41fa8533	sub	x10,x21,x31	 x21:0x00000000 x31:0xffffffff x10=0x00000001
       42609000	      2028	8000391e	53fd	c.li	x7,-1	  x7=0xffffffff
       42629000	      2029	80003920	0001	c.addi	x0,0	  x0:0x00000000  x0=0x00000000
       42709000	      2033	80003922	00da4c63	blt	x20,x13,8000393a	 x20:0x00000000 x13:0x80003cbb
       42729000	      2034	80003926	0000100f	fence.i	
       43369000	      2066	8000392a	01c142b3	xor	x5,x2,x28	  x2:0xf5e39895 x28:0x00000340  x5=0xf5e39bd5
       43389000	      2067	8000392e	8dad	c.xor	x11,x11	 x11:0x80021484 x11:0x80021484 x11=0x00000000
       43409000	      2068	80003930	0001	c.addi	x0,0	  x0:0x00000000  x0=0x00000000
       43689000	      2082	80003932	00f7cb33	xor	x22,x15,x15	 x15:0x6519355d x15:0x6519355d x22=0x00000000
       43949000	      2095	80003936	418709b3	sub	x19,x14,x24	 x14:0x80025ce4 x24:0x00000000 x19=0x80025ce4
       43969000	      2096	8000393a	016fca33	xor	x20,x31,x22	 x31:0xffffffff x22:0x00000000 x20=0xffffffff
       43989000	      2097	8000393e	016620b3	slt	x1,x12,x22	 x12:0x80021e04 x22:0x00000000  x1=0x00000001
       44009000	      2098	80003942	978a	c.add	x15,x2	 x15:0x6519355d  x2:0xf5e39895 x15=0x5afccdf2
       44049000	      2100	80003944	4090da33	sra	x20,x1,x9	  x1:0x00000001  x9:0xfa72b48c x20=0x00000000
       44069000	      2101	80003948	0095dc63	bge	x11,x9,80003960	 x11:0x00000000  x9:0xfa72b48c
       44769000	      2136	80003960	8de1	c.and	x11,x8	 x11:0x00000000  x8:0xffff1803 x11=0x00000000
       44869000	      2141	80003962	002d8e63	beq	x27,x2,8000397e	 x27:0xfa72b6fb  x2:0xf5e39895
       44889000	      2142	80003966	63d9	c.lui	x7,0x16	  x7=0x00016000
       44909000	      2143	80003968	65d9	c.lui	x11,0x16	 x11=0x00016000
       44929000	      2144	8000396a	033181b3	mul	x3,x3,x19	  x3:0x1beda635 x19:0x80025ce4  x3=0x13cd1334
       44949000	      2145	8000396e	8d35	c.xor	x10,x13	 x10:0x00000001 x13:0x80003cbb x10=0x80003cba
       44969000	      2146	80003970	e96a3bb7	lui	x23,0xe96a3	 x23=0xe96a3000
       44989000	      2147	80003974	008d5433	srl	x8,x26,x8	 x26:0x00000000  x8:0xffff1803  x8=0x00000000
       45009000	      2148	80003978	03e20763	beq	x4,x30,800039a6	  x4:0x00000000 x30:0xcac089bd
       45029000	      2149	8000397c	68a5	c.lui	x17,0x9	 x17=0x00009000
       45049000	      2150	8000397e	9e47efb7	lui	x31,0x9e47e	 x31=0x9e47e000
       45069000	      2151	80003982	8185	c.srli	x11,0x1	 x11:0x00016000 x11=0x0000b000
       45089000	      2152	80003984	6b19	c.lui	x22,0x6	 x22=0x00006000
       45109000	      2153	80003986	6085	c.lui	x1,0x1	  x1=0x00001000
       45369000	      2166	80003988	8d49	c.or	x10,x10	 x10:0x80003cba x10:0x80003cba x10=0x80003cba
       45389000	      2167	8000398a	012694b3	sll	x9,x13,x18	 x13:0x80003cbb x18:0x00000000  x9=0x80003cbb
       45449000	      2170	8000398e	41f2d813	srai	x16,x5,0x1f	  x5:0xf5e39bd5 x16=0xffffffff
       45469000	      2171	80003992	90e1e693	ori	x13,x3,-1778	  x3:0x13cd1334 x13=0xfffffb3e
       45489000	      2172	80003996	007235b3	sltu	x11,x4,x7	  x4:0x00000000  x7:0x00016000 x11=0x00000001
       45569000	      2176	8000399a	016bed63	bltu	x23,x22,800039b4	 x23:0xe96a3000 x22:0x00006000
       45589000	      2177	8000399e	0ff0000f	fence	iorw,iorw	
       45909000	      2193	800039a2	2812a893	slti	x17,x5,641	  x5:0xf5e39bd5 x17=0x00000001
       45929000	      2194	800039a6	8ee1	c.and	x13,x8	 x13:0xfffffb3e  x8:0x00000000 x13=0x00000000
       45969000	      2196	800039a8	032838b3	mulhu	x17,x16,x18	 x16:0xffffffff x18:0x00000000 x17=0x00000000
       46349000	      2215	800039ac	c995	c.beqz	x11,800039e0	 x11:0x00000001
       46389000	      2217	800039ae	cae1ad13	slti	x26,x3,-850	  x3:0x13cd1334 x26=0x00000000
       46409000	      2218	800039b2	6ced	c.lui	x25,0x1b	 x25=0x0001b000
       46429000	      2219	800039b4	00eb48b3	xor	x17,x22,x14	 x22:0x00006000 x14:0x80025ce4 x17=0x80023ce4
       46829000	      2239	800039b8	8cc5	c.or	x9,x9	  x9:0x80003cbb  x9:0x80003cbb  x9=0x80003cbb
       47249000	      2260	800039ba	2ade8893	addi	x17,x29,685	 x29:0x00000000 x17=0x000002ad
       47289000	      2262	800039be	020f63b3	rem	x7,x30,x0	 x30:0xcac089bd  x0:0x00000000  x7=0xcac089bd
       47309000	      2263	800039c2	4131da33	sra	x20,x3,x19	  x3:0x13cd1334 x19:0x80025ce4 x20=0x013cd133
       47529000	      2274	800039c6	020edcb3	divu	x25,x29,x0	 x29:0x00000000  x0:0x00000000 x25=0xffffffff
       47889000	      2292	800039ca	cc3fca93	xori	x21,x31,-829	 x31:0x9e47e000 x21=0x61b81cc3
       47909000	      2293	800039ce	62cd	c.lui	x5,0x13	  x5=0x00013000
       47929000	      2294	800039d0	e089	c.bnez	x9,800039d2	  x9:0x80003cbb
       48109000	      2303	800039d2	7b45a513	slti	x10,x11,1972	 x11:0x00000001 x10=0x00000001
       48129000	      2304	800039d6	0be5	c.addi	x23,25	 x23:0xe96a3000 x23=0xe96a3019
       48389000	      2317	800039d8	2adcbf13	sltiu	x30,x25,685	 x25:0xffffffff x30=0x00000000
       48409000	      2318	800039dc	404c85b3	sub	x11,x25,x4	 x25:0xffffffff  x4:0x00000000 x11=0xffffffff
       48469000	      2321	800039e0	01fa6e63	bltu	x20,x31,800039fc	 x20:0x013cd133 x31:0x9e47e000
       48829000	      2339	800039fc	98d2	c.add	x17,x20	 x17:0x000002ad x20:0x013cd133 x17=0x013cd3e0
       48849000	      2340	800039fe	80a5	c.srli	x9,0x9	  x9:0x80003cbb  x9=0x0040001e
       48869000	      2341	80003a00	483daf93	slti	x31,x27,1155	 x27:0xfa72b6fb x31=0x00000001
       49069000	      2351	80003a04	9c46	c.add	x24,x17	 x24:0x00000000 x17:0x013cd3e0 x24=0x013cd3e0
       49249000	      2360	80003a06	d954fd13	andi	x26,x9,-619	  x9:0x0040001e x26=0x00400014
       49269000	      2361	80003a0a	9afd	c.andi	x13,-1	 x13:0x00000000 x13=0x00000000
       49289000	      2362	80003a0c	027e5263	bge	x28,x7,80003a30	 x28:0x00000340  x7:0xcac089bd
       49509000	      2373	80003a30	8ea1	c.xor	x13,x8	 x13:0x00000000  x8:0x00000000 x13=0x00000000
       49529000	      2374	80003a32	0146be33	sltu	x28,x13,x20	 x13:0x00000000 x20:0x013cd133 x28=0x00000001
       49549000	      2375	80003a36	6921	c.lui	x18,0x8	 x18=0x00008000
       49949000	      2395	80003a38	6c5c7517	auipc	x10,0x6c5c7	 x10=0xec5caa38
       49969000	      2396	80003a3c	fa151517	auipc	x10,0xfa151	 x10=0x7a154a3c
       49989000	      2397	80003a40	8d39	c.xor	x10,x14	 x10:0x7a154a3c x14:0x80025ce4 x10=0xfa1716d8
       50009000	      2398	80003a42	997d	c.andi	x10,-1	 x10:0xfa1716d8 x10=0xfa1716d8
       50749000	      2435	80003a44	027178b3	remu	x17,x2,x7	  x2:0xf5e39895  x7:0xcac089bd x17=0x2b230ed8
       50769000	      2436	80003a48	64b9	c.lui	x9,0xe	  x9=0x0000e000
       50789000	      2437	80003a4a	01ac20b3	slt	x1,x24,x26	 x24:0x013cd3e0 x26:0x00400014  x1=0x00000000
       50809000	      2438	80003a4e	01384f63	blt	x16,x19,80003a6c	 x16:0xffffffff x19:0x80025ce4
       50829000	      2439	80003a52	04554563	blt	x10,x5,80003a9c	 x10:0xfa1716d8  x5:0x00013000
       51249000	      2460	80003a9c	555e0e93	addi	x29,x28,1365	 x28:0x00000001 x29=0x00000556
       51589000	      2477	80003aa0	01f85893	srli	x17,x16,0x1f	 x16:0xffffffff x17=0x00000001
       51649000	      2480	80003aa4	0001	c.addi	x0,0	  x0:0x00000000  x0=0x00000000
       52449000	      2520	80003aa6	03c7f6b3	remu	x13,x15,x28	 x15:0x5afccdf2 x28:0x00000001 x13=0x00000000
       52469000	      2521	80003aaa	002c5413	srli	x8,x24,0x2	 x24:0x013cd3e0  x8=0x004f34f8
       52509000	      2523	80003aae	02b4beb3	mulhu	x29,x9,x11	  x9:0x0000e000 x11:0xffffffff x29=0x0000dfff
       52529000	      2524	80003ab2	01ec4fb3	xor	x31,x24,x30	 x24:0x013cd3e0 x30:0x00000000 x31=0x013cd3e0
       52549000	      2525	80003ab6	0f76	c.slli	x30,0x1d	 x30:0x00000000 x30=0x00000000
       52569000	      2526	80003ab8	0ff0000f	fence	iorw,iorw	
       52589000	      2527	80003abc	004f4f33	xor	x30,x30,x4	 x30:0x00000000  x4:0x00000000 x30=0x00000000
       52609000	      2528	80003ac0	3f2a3213	sltiu	x4,x20,1010	 x20:0x013cd133  x4=0x00000000
       52629000	      2529	80003ac4	03f60333	mul	x6,x12,x31	 x12:0x80021e04 x31:0x013cd3e0  x6=0xcd878f80
       53369000	      2566	80003ac8	03c6c233	div	x4,x13,x28	 x13:0x00000000 x28:0x00000001  x4=0x00000000
       53389000	      2567	80003acc	02177363	bgeu	x14,x1,80003af2	 x14:0x80025ce4  x1:0x00000000
       53489000	      2572	80003af2	000a7463	bgeu	x20,x0,80003afa	 x20:0x013cd133  x0:0x00000000
       54109000	      2603	80003afa	03d610b3	mulh	x1,x12,x29	 x12:0x80021e04 x29:0x0000dfff  x1=0xffff9002
       54129000	      2604	80003afe	003893b3	sll	x7,x17,x3	 x17:0x00000001  x3:0x13cd1334  x7=0x00100000
       54149000	      2605	80003b02	8d4d	c.or	x10,x11	 x10:0xfa1716d8 x11:0xffffffff x10=0xffffffff
       54269000	      2611	80003b04	016464b3	or	x9,x8,x22	  x8:0x004f34f8 x22:0x00006000  x9=0x004f74f8
       54689000	      2632	80003b08	a3028393	addi	x7,x5,-1488	  x5:0x00013000  x7=0x00012a30
       54709000	      2633	80003b0c	807d	c.srli	x8,0x1f	  x8:0x004f34f8  x8=0x00000000
       54769000	      2636	80003b0e	24a47013	andi	x0,x8,586	  x8:0x00000000  x0=0x00000000
       54949000	      2645	80003b12	411154b3	sra	x9,x2,x17	  x2:0xf5e39895 x17:0x00000001  x9=0xfaf1cc4a
       54969000	      2646	80003b16	86c9	c.srai	x13,0x12	 x13:0x00000000 x13=0x00000000
       54989000	      2647	80003b18	3fc23e93	sltiu	x29,x4,1020	  x4:0x00000000 x29=0x00000001
       55009000	      2648	80003b1c	01df5e33	srl	x28,x30,x29	 x30:0x00000000 x29:0x00000001 x28=0x00000000
       55029000	      2649	80003b20	8cad	c.xor	x9,x11	  x9:0xfaf1cc4a x11:0xffffffff  x9=0x050e33b5
       55409000	      2668	80003b22	4057d8b3	sra	x17,x15,x5	 x15:0x5afccdf2  x5:0x00013000 x17=0x5afccdf2
       55749000	      2685	80003b26	01b81393	slli	x7,x16,0x1b	 x16:0xffffffff  x7=0xf8000000
       55769000	      2686	80003b2a	8ce9	c.and	x9,x10	  x9:0x050e33b5 x10:0xffffffff  x9=0x050e33b5
       55789000	      2687	80003b2c	0001	c.addi	x0,0	  x0:0x00000000  x0=0x00000000
       55809000	      2688	80003b2e	0b59	c.addi	x22,22	 x22:0x00006000 x22=0x00006016
       55849000	      2690	80003b30	c1b9	c.beqz	x11,80003b76	 x11:0xffffffff
       56289000	      2712	80003b32	0317af33	mulhsu	x30,x15,x17	 x15:0x5afccdf2 x17:0x5afccdf2 x30=0x2056ba74
       57309000	      2763	80003b36	026e64b3	rem	x9,x28,x6	 x28:0x00000000  x6:0xcd878f80  x9=0x00000000
       57329000	      2764	80003b3a	084d	c.addi	x16,19	 x16:0xffffffff x16=0x00000012
       57349000	      2765	80003b3c	00394ab3	xor	x21,x18,x3	 x18:0x00008000  x3:0x13cd1334 x21=0x13cd9334
       57369000	      2766	80003b40	8d52	c.mv	x26,x20	  x0:0x00000000 x20:0x013cd133 x26=0x013cd133
       57389000	      2767	80003b42	9afbc913	xori	x18,x23,-1617	 x23:0xe96a3019 x18=0x1695c9b6
       57409000	      2768	80003b46	891d	c.andi	x10,7	 x10:0xffffffff x10=0x00000007
       57429000	      2769	80003b48	00436f63	bltu	x6,x4,80003b66	  x6:0xcd878f80  x4:0x00000000
       57449000	      2770	80003b4c	1f7d	c.addi	x30,-1	 x30:0x2056ba74 x30=0x2056ba73
       57469000	      2771	80003b4e	0152a2b3	slt	x5,x5,x21	  x5:0x00013000 x21:0x13cd9334  x5=0x00000001
       57489000	      2772	80003b52	3b2b0c13	addi	x24,x22,946	 x22:0x00006016 x24=0x000063c8
       57729000	      2784	80003b56	01bd83b3	add	x7,x27,x27	 x27:0xfa72b6fb x27:0xfa72b6fb  x7=0xf4e56df6
       57889000	      2792	80003b5a	01c31263	bne	x6,x28,80003b5e	  x6:0xcd878f80 x28:0x00000000
       59189000	      2857	80003b5e	030e40b3	div	x1,x28,x16	 x28:0x00000000 x16:0x00000012  x1=0x00000000
       59209000	      2858	80003b62	00330433	add	x8,x6,x3	  x6:0xcd878f80  x3:0x13cd1334  x8=0xe154a2b4
       59229000	      2859	80003b66	01eb5533	srl	x10,x22,x30	 x22:0x00006016 x30:0x2056ba73 x10=0x00000000
       59509000	      2873	80003b6a	01001c63	bne	x0,x16,80003b82	  x0:0x00000000 x16:0x00000012
       60169000	      2906	80003b82	c885	c.beqz	x9,80003bb2	  x9:0x00000000
       60909000	      2943	80003bb2	02d7a2b3	mulhsu	x5,x15,x13	 x15:0x5afccdf2 x13:0x00000000  x5=0x00000000
       60949000	      2945	80003bb6	03129fb3	mulh	x31,x5,x17	  x5:0x00000000 x17:0x5afccdf2 x31=0x00000000
       60969000	      2946	80003bba	01aede93	srli	x29,x29,0x1a	 x29:0x00000001 x29=0x00000000
       60989000	      2947	80003bbe	00e373b3	and	x7,x6,x14	  x6:0xcd878f80 x14:0x80025ce4  x7=0x80020c80
       61029000	      2949	80003bc2	032e2db3	mulhsu	x27,x28,x18	 x28:0x00000000 x18:0x1695c9b6 x27=0x00000000
       61189000	      2957	80003bc6	00fcfd63	bgeu	x25,x15,80003be0	 x25:0xffffffff x15:0x5afccdf2
       61869000	      2991	80003be0	03025763	bge	x4,x16,80003c0e	  x4:0x00000000 x16:0x00000012
       63009000	      3048	80003be4	0380d7b3	divu	x15,x1,x24	  x1:0x00000000 x24:0x000063c8 x15=0x00000000
       63029000	      3049	80003be8	ed19	c.bnez	x10,80003c06	 x10:0x00000000
       63049000	      3050	80003bea	0000100f	fence.i	
       63369000	      3066	80003bee	b823bf93	sltiu	x31,x7,-1150	  x7:0x80020c80 x31=0x00000001
       63669000	      3081	80003bf2	0000100f	fence.i	
       63849000	      3090	80003bf6	00ce1f63	bne	x28,x12,80003c14	 x28:0x00000000 x12:0x80021e04
       63889000	      3092	80003c14	12fd	c.addi	x5,-1	  x5:0x00000000  x5=0xffffffff
       63909000	      3093	80003c16	8d15	c.sub	x10,x13	 x10:0x00000000 x13:0x00000000 x10=0x00000000
       63949000	      3095	80003c18	019e9a33	sll	x20,x29,x25	 x29:0x00000000 x25:0xffffffff x20=0x00000000
       64149000	      3105	80003c1c	aae3b893	sltiu	x17,x7,-1362	  x7:0x80020c80 x17=0x00000001
       64169000	      3106	80003c20	00fddf13	srli	x30,x27,0xf	 x27:0x00000000 x30=0x00000000
       64489000	      3122	80003c24	02bd8c33	mul	x24,x27,x11	 x27:0x00000000 x11:0xffffffff x24=0x00000000
       64909000	      3143	80003c28	0ff0000f	fence	iorw,iorw	
       64929000	      3144	80003c2c	01b72017	auipc	x0,0x1b72	  x0=0x00000000
       64949000	      3145	80003c30	daad2013	slti	x0,x26,-598	 x26:0x013cd133  x0=0x00000000
       65069000	      3151	80003c34	4097dfb3	sra	x31,x15,x9	 x15:0x00000000  x9:0x00000000 x31=0x00000000
       65089000	      3152	80003c38	c805	c.beqz	x8,80003c68	  x8:0xe154a2b4
       65109000	      3153	80003c3a	003498b3	sll	x17,x9,x3	  x9:0x00000000  x3:0x13cd1334 x17=0x00000000
       65129000	      3154	80003c3e	557d	c.li	x10,-1	 x10=0xffffffff
       65289000	      3162	80003c40	8dc9	c.or	x11,x10	 x11:0xffffffff x10:0xffffffff x11=0xffffffff
       65449000	      3170	80003c42	00548fb3	add	x31,x9,x5	  x9:0x00000000  x5:0xffffffff x31=0xffffffff
       65469000	      3171	80003c46	e795	c.bnez	x15,80003c72	 x15:0x00000000
       65589000	      3177	80003c48	0001	c.addi	x0,0	  x0:0x00000000  x0=0x00000000
       65609000	      3178	80003c4a	0c4e	c.slli	x24,0x13	 x24:0x00000000 x24=0x00000000
       65629000	      3179	80003c4c	01de4263	blt	x28,x29,80003c50	 x28:0x00000000 x29:0x00000000
       65649000	      3180	80003c50	01145a93	srli	x21,x8,0x11	  x8:0xe154a2b4 x21=0x000070aa
       65729000	      3184	80003c54	a9786f93	ori	x31,x16,-1385	 x16:0x00000012 x31=0xfffffa97
       65749000	      3185	80003c58	01b89d63	bne	x17,x27,80003c72	 x17:0x00000000 x27:0x00000000
       65909000	      3193	80003c5c	dde04413	xori	x8,x0,-546	  x0:0x00000000  x8=0xfffffdde
       66029000	      3199	80003c60	02f52db3	mulhsu	x27,x10,x15	 x10:0xffffffff x15:0x00000000 x27=0x00000000
       66429000	      3219	80003c64	0ff0000f	fence	iorw,iorw	
       66449000	      3220	80003c68	40285a93	srai	x21,x16,0x2	 x16:0x00000012 x21=0x00000004
       66469000	      3221	80003c6c	82bd	c.srli	x13,0xf	 x13:0x00000000 x13=0x00000000
       66489000	      3222	80003c6e	016ddbb3	srl	x23,x27,x22	 x27:0x00000000 x22:0x00006016 x23=0x00000000
       66509000	      3223	80003c72	0126d7b3	srl	x15,x13,x18	 x13:0x00000000 x18:0x1695c9b6 x15=0x00000000
       66549000	      3225	80003c76	01828eb3	add	x29,x5,x24	  x5:0xffffffff x24:0x00000000 x29=0xffffffff
       66589000	      3227	80003c7a	021b3933	mulhu	x18,x22,x1	 x22:0x00006016  x1:0x00000000 x18=0x00000000
       66609000	      3228	80003c7e	0b65	c.addi	x22,25	 x22:0x00006016 x22=0x0000602f
       66649000	      3230	80003c80	8ff1	c.and	x15,x12	 x15:0x00000000 x12:0x80021e04 x15=0x00000000
       66669000	      3231	80003c82	fe656693	ori	x13,x10,-26	 x10:0xffffffff x13=0xffffffff
       67089000	      3252	80003c86	b0beac13	slti	x24,x29,-1269	 x29:0xffffffff x24=0x00000000
       67249000	      3260	80003c8a	05630363	beq	x6,x22,80003cd0	  x6:0xcd878f80 x22:0x0000602f
       67649000	      3280	80003c8e	00a15b63	bge	x2,x10,80003ca4	  x2:0xf5e39895 x10:0xffffffff
       67669000	      3281	80003c92	00072cb3	slt	x25,x14,x0	 x14:0x80025ce4  x0:0x00000000 x25=0x00000001
       67689000	      3282	80003c96	997d	c.andi	x10,-1	 x10:0xffffffff x10=0xffffffff
       67709000	      3283	80003c98	0ff0000f	fence	iorw,iorw	
       67749000	      3285	80003c9c	adc64f13	xori	x30,x12,-1316	 x12:0x80021e04 x30=0x7ffde4d8
       67769000	      3286	80003ca0	03d30833	mul	x16,x6,x29	  x6:0xcd878f80 x29:0xffffffff x16=0x32787080
       68189000	      3307	80003ca4	017f9863	bne	x31,x23,80003cb4	 x31:0xfffffa97 x23:0x00000000
       68369000	      3316	80003cb4	403c5f33	sra	x30,x24,x3	 x24:0x00000000  x3:0x13cd1334 x30=0x00000000
       69109000	      3353	80003cb8	039d6b33	rem	x22,x26,x25	 x26:0x013cd133 x25:0x00000001 x22=0x00000000
       69129000	      3354	80003cbc	007955b3	srl	x11,x18,x7	 x18:0x00000000  x7:0x80020c80 x11=0x00000000
       69149000	      3355	80003cc0	82c1	c.srli	x13,0x10	 x13:0xffffffff x13=0x0000ffff
       69189000	      3357	80003cc2	022f35b3	mulhu	x11,x30,x2	 x30:0x00000000  x2:0xf5e39895 x11=0x00000000
       69929000	      3394	80003cc6	02e17433	remu	x8,x2,x14	  x2:0xf5e39895 x14:0x80025ce4  x8=0x75e13bb1
       69949000	      3395	80003cca	8435	c.srai	x8,0xd	  x8:0x75e13bb1  x8=0x0003af09
       69969000	      3396	80003ccc	0479c163	blt	x19,x7,80003d0e	 x19:0x80025ce4  x7:0x80020c80
       69989000	      3397	80003cd0	949a	c.add	x9,x6	  x9:0x00000000  x6:0xcd878f80  x9=0xcd878f80
       70009000	      3398	80003cd2	0ff0000f	fence	iorw,iorw	
       70029000	      3399	80003cd6	03e10233	mul	x4,x2,x30	  x2:0xf5e39895 x30:0x00000000  x4=0x00000000
       70049000	      3400	80003cda	40bf54b3	sra	x9,x30,x11	 x30:0x00000000 x11:0x00000000  x9=0x00000000
       70089000	      3402	80003cde	02925063	bge	x4,x9,80003cfe	  x4:0x00000000  x9:0x00000000
       80849000	      3940	80003cfe	0000100f	fence.i	
       81329000	      3964	80003d02	41730eb3	sub	x29,x6,x23	  x6:0xcd878f80 x23:0x00000000 x29=0xcd878f80
       81349000	      3965	80003d06	8071	c.srli	x8,0x1c	  x8:0x0003af09  x8=0x00000000
       81369000	      3966	80003d08	ffa22513	slti	x10,x4,-6	  x4:0x00000000 x10=0x00000000
       81469000	      3971	80003d0c	9ada	c.add	x21,x22	 x21:0x00000004 x22:0x00000000 x21=0x00000004
       81489000	      3972	80003d0e	0158f9b3	and	x19,x17,x21	 x17:0x00000000 x21:0x00000004 x19=0x00000000
       81509000	      3973	80003d12	8cfd	c.and	x9,x15	  x9:0x00000000 x15:0x00000000  x9=0x00000000
       81569000	      3976	80003d14	41785b33	sra	x22,x16,x23	 x16:0x32787080 x23:0x00000000 x22=0x32787080
       81989000	      3997	80003d18	00eec0b3	xor	x1,x29,x14	 x29:0xcd878f80 x14:0x80025ce4  x1=0x4d85d364
       82009000	      3998	80003d1c	0001	c.addi	x0,0	  x0:0x00000000  x0=0x00000000
       82029000	      3999	80003d1e	0ef6	c.slli	x29,0x1d	 x29:0xcd878f80 x29=0x00000000
       82129000	      4004	80003d20	8c65	c.and	x8,x9	  x8:0x00000000  x9:0x00000000  x8=0x00000000
       82149000	      4005	80003d22	00b85533	srl	x10,x16,x11	 x16:0x32787080 x11:0x00000000 x10=0x32787080
       82169000	      4006	80003d26	4019d513	srai	x10,x19,0x1	 x19:0x00000000 x10=0x00000000
       82909000	      4043	80003d2a	02c671b3	remu	x3,x12,x12	 x12:0x80021e04 x12:0x80021e04  x3=0x00000000
       82929000	      4044	80003d2e	cb99	c.beqz	x15,80003d44	 x15:0x00000000
       83069000	      4051	80003d44	1c7d	c.addi	x24,-1	 x24:0x00000000 x24=0xffffffff
       83369000	      4066	80003d46	023c1563	bne	x24,x3,80003d70	 x24:0xffffffff  x3:0x00000000
       83829000	      4089	80003d70	83ad	c.srli	x15,0xb	 x15:0x00000000 x15=0x00000000
       83849000	      4090	80003d72	8206	c.mv	x4,x1	  x0:0x00000000  x1:0x4d85d364  x4=0x4d85d364
       83869000	      4091	80003d74	01292c33	slt	x24,x18,x18	 x18:0x00000000 x18:0x00000000 x24=0x00000000
       83889000	      4092	80003d78	93ae	c.add	x7,x11	  x7:0x80020c80 x11:0x00000000  x7=0x80020c80
       83909000	      4093	80003d7a	87b5	c.srai	x15,0xd	 x15:0x00000000 x15=0x00000000
       83929000	      4094	80003d7c	0000100f	fence.i	
       84529000	      4124	80003d80	52fd	c.li	x5,-1	  x5=0xffffffff
       84549000	      4125	80003d82	8bd1	c.andi	x15,20	 x15:0x00000000 x15=0x00000000
       84569000	      4126	80003d84	8079	c.srli	x8,0x1e	  x8:0x00000000  x8=0x00000000
       84589000	      4127	80003d86	0ff0000f	fence	iorw,iorw	
       84729000	      4134	80003d8a	02ff6663	bltu	x30,x15,80003db6	 x30:0x00000000 x15:0x00000000
       84829000	      4139	80003d8e	f6782393	slti	x7,x16,-153	 x16:0x32787080  x7=0x00000000
       84849000	      4140	80003d92	0ff0000f	fence	iorw,iorw	
       84869000	      4141	80003d96	032d8a33	mul	x20,x27,x18	 x27:0x00000000 x18:0x00000000 x20=0x00000000
       84889000	      4142	80003d9a	8dd5	c.or	x11,x13	 x11:0x00000000 x13:0x0000ffff x11=0x0000ffff
       85169000	      4156	80003d9c	4309	c.li	x6,2	  x6=0x00000002
       85189000	      4157	80003d9e	9286	c.add	x5,x1	  x5:0xffffffff  x1:0x4d85d364  x5=0x4d85d363
       85529000	      4174	80003da0	039ed463	bge	x29,x25,80003dc8	 x29:0x00000000 x25:0x00000001
       85689000	      4182	80003da4	8bb6	c.mv	x23,x13	  x0:0x00000000 x13:0x0000ffff x23=0x0000ffff
       85709000	      4183	80003da6	0862	c.slli	x16,0x18	 x16:0x32787080 x16=0x80000000
       85889000	      4192	80003da8	86d2	c.mv	x13,x20	  x0:0x00000000 x20:0x00000000 x13=0x00000000
       85909000	      4193	80003daa	0001	c.addi	x0,0	  x0:0x00000000  x0=0x00000000
       85969000	      4196	80003dac	46e5	c.li	x13,25	 x13=0x00000019
       86209000	      4208	80003dae	02bc9533	mulh	x10,x25,x11	 x25:0x00000001 x11:0x0000ffff x10=0x00000000
       86249000	      4210	80003db2	02753033	mulhu	x0,x10,x7	 x10:0x00000000  x7:0x00000000  x0=0x00000000
       86289000	      4212	80003db6	4164d393	srai	x7,x9,0x16	  x9:0x00000000  x7=0x00000000
       86309000	      4213	80003dba	0000100f	fence.i	
       86809000	      4238	80003dbe	e419	c.bnez	x8,80003dcc	  x8:0x00000000
       86829000	      4239	80003dc0	0001	c.addi	x0,0	  x0:0x00000000  x0=0x00000000
       86849000	      4240	80003dc2	803d	c.srli	x8,0xf	  x8:0x00000000  x8=0x00000000
       87049000	      4250	80003dc4	6225	c.lui	x4,0x9	  x4=0x00009000
       87069000	      4251	80003dc6	8c91	c.sub	x9,x12	  x9:0x00000000 x12:0x80021e04  x9=0x7ffde1fc
       87089000	      4252	80003dc8	0000100f	fence.i	
       87709000	      4283	80003dcc	01b1b6b3	sltu	x13,x3,x27	  x3:0x00000000 x27:0x00000000 x13=0x00000000
       87869000	      4291	80003dd0	0ff0000f	fence	iorw,iorw	
       87889000	      4292	80003dd4	016082b3	add	x5,x1,x22	  x1:0x4d85d364 x22:0x32787080  x5=0x7ffe43e4
       87909000	      4293	80003dd8	41f3d433	sra	x8,x7,x31	  x7:0x00000000 x31:0xfffffa97  x8=0x00000000
       87929000	      4294	80003ddc	0175d263	bge	x11,x23,80003de0	 x11:0x0000ffff x23:0x0000ffff
       88109000	      4303	80003de0	23634693	xori	x13,x6,566	  x6:0x00000002 x13=0x00000234
       88849000	      4340	80003de4	02bcea33	rem	x20,x25,x11	 x25:0x00000001 x11:0x0000ffff x20=0x00000001
       88869000	      4341	80003de8	9f9fe193	ori	x3,x31,-1543	 x31:0xfffffa97  x3=0xfffffbff
       88889000	      4342	80003dec	8c2d	c.xor	x8,x11	  x8:0x00000000 x11:0x0000ffff  x8=0x0000ffff
       88909000	      4343	80003dee	d48c0313	addi	x6,x24,-696	 x24:0x00000000  x6=0xfffffd48
       88929000	      4344	80003df2	81bd	c.srli	x11,0xf	 x11:0x0000ffff x11=0x00000001
       88949000	      4345	80003df4	00ff7d63	bgeu	x30,x15,80003e0e	 x30:0x00000000 x15:0x00000000
       89329000	      4364	80003e0e	62ad8797	auipc	x15,0x62ad8	 x15=0xe2adbe0e
       89389000	      4367	80003e12	001f9b13	slli	x22,x31,0x1	 x31:0xfffffa97 x22=0xfffff52e
       89709000	      4383	80003e16	0193a533	slt	x10,x7,x25	  x7:0x00000000 x25:0x00000001 x10=0x00000001
       89789000	      4387	80003e1a	0ff0000f	fence	iorw,iorw	
       89809000	      4388	80003e1e	0056fbb3	and	x23,x13,x5	 x13:0x00000234  x5:0x7ffe43e4 x23=0x00000224
       89829000	      4389	80003e22	040a	c.slli	x8,0x2	  x8:0x0000ffff  x8=0x0003fffc
       90109000	      4403	80003e24	31b7a913	slti	x18,x15,795	 x15:0xe2adbe0e x18=0x00000001
       90549000	      4425	80003e28	02492bb3	mulhsu	x23,x18,x4	 x18:0x00000001  x4:0x00009000 x23=0x00000000
       90769000	      4436	80003e2c	03e81a33	mulh	x20,x16,x30	 x16:0x80000000 x30:0x00000000 x20=0x00000000
       90789000	      4437	80003e30	d1977f93	andi	x31,x14,-743	 x14:0x80025ce4 x31=0x80025c00
       90809000	      4438	80003e34	8799	c.srai	x15,0x6	 x15:0xe2adbe0e x15=0xff8ab6f8
       90909000	      4443	80003e36	02f97463	bgeu	x18,x15,80003e5e	 x18:0x00000001 x15:0xff8ab6f8
       91089000	      4452	80003e3a	01789f63	bne	x17,x23,80003e58	 x17:0x00000000 x23:0x00000000
       91509000	      4473	80003e3e	4153da13	srai	x20,x7,0x15	  x7:0x00000000 x20=0x00000000
       91929000	      4494	80003e42	4248ff13	andi	x30,x17,1060	 x17:0x00000000 x30=0x00000000
       91949000	      4495	80003e46	e51d	c.bnez	x10,80003e74	 x10:0x00000001
       92889000	      4542	80003e74	e76b1f17	auipc	x30,0xe76b1	 x30=0x676b4e74
       92929000	      4544	80003e78	02434c63	blt	x6,x4,80003eb0	  x6:0xfffffd48  x4:0x00009000
       93889000	      4592	80003eb0	0ff0000f	fence	iorw,iorw	
       93989000	      4597	80003eb4	8cb5	c.xor	x9,x13	  x9:0x7ffde1fc x13:0x00000234  x9=0x7ffde3c8
       94129000	      4604	80003eb6	401fd793	srai	x15,x31,0x1	 x31:0x80025c00 x15=0xc0012e00
       94149000	      4605	80003eba	002b10b3	sll	x1,x22,x2	 x22:0xfffff52e  x2:0xf5e39895  x1=0xa5c00000
       94169000	      4606	80003ebe	057e6193	ori	x3,x28,87	 x28:0x00000000  x3=0x00000057
       94389000	      4617	80003ec2	03561863	bne	x12,x21,80003ef2	 x12:0x80021e04 x21:0x00000004
       94969000	      4646	80003ef2	01d641b3	xor	x3,x12,x29	 x12:0x80021e04 x29:0x00000000  x3=0x80021e04
       94989000	      4647	80003ef6	8005	c.srli	x8,0x1	  x8:0x0003fffc  x8=0x0001fffe
       95009000	      4648	80003ef8	8435	c.srai	x8,0xd	  x8:0x0001fffe  x8=0x0000000f
       95029000	      4649	80003efa	6275	c.lui	x4,0x1d	  x4=0x0001d000
       95109000	      4653	80003efc	6961	c.lui	x18,0x18	 x18=0x00018000
       95129000	      4654	80003efe	59fd	c.li	x19,-1	 x19=0xffffffff
       95169000	      4656	80003f00	03cc19b3	mulh	x19,x24,x28	 x24:0x00000000 x28:0x00000000 x19=0x00000000
       95189000	      4657	80003f04	001266b3	or	x13,x4,x1	  x4:0x0001d000  x1:0xa5c00000 x13=0xa5c1d000
       95289000	      4662	80003f08	e7c00313	addi	x6,x0,-388	  x0:0x00000000  x6=0xfffffe7c
       95309000	      4663	80003f0c	002e40b7	lui	x1,0x2e4	  x1=0x002e4000
       95329000	      4664	80003f10	85c9	c.srai	x11,0x12	 x11:0x00000001 x11=0x00000000
       95349000	      4665	80003f12	6299	c.lui	x5,0x6	  x5=0x00006000
       95549000	      4675	80003f14	01e0fe63	bgeu	x1,x30,80003f30	  x1:0x002e4000 x30:0x676b4e74
       95569000	      4676	80003f18	6325	c.lui	x6,0x9	  x6=0x00009000
       95589000	      4677	80003f1a	8ddd	c.or	x11,x15	 x11:0x00000000 x15:0xc0012e00 x11=0xc0012e00
       95609000	      4678	80003f1c	4519	c.li	x10,6	 x10=0x00000006
       95629000	      4679	80003f1e	9cc6	c.add	x25,x17	 x25:0x00000001 x17:0x00000000 x25=0x00000001
       95649000	      4680	80003f20	41a20f33	sub	x30,x4,x26	  x4:0x0001d000 x26:0x013cd133 x30=0xfec4fecd
       95909000	      4693	80003f24	0048d993	srli	x19,x17,0x4	 x17:0x00000000 x19=0x00000000
       95929000	      4694	80003f28	82c9	c.srli	x13,0x12	 x13:0xa5c1d000 x13=0x00002970
       95969000	      4696	80003f2a	03d4cd33	div	x26,x9,x29	  x9:0x7ffde3c8 x29:0x00000000 x26=0xffffffff
       95989000	      4697	80003f2e	e51d	c.bnez	x10,80003f5c	 x10:0x00000006
       96889000	      4742	80003f5c	8da1	c.xor	x11,x8	 x11:0xc0012e00  x8:0x0000000f x11=0xc0012e0f
       97329000	      4764	80003f5e	01ed1a93	slli	x21,x26,0x1e	 x26:0xffffffff x21=0xc0000000
       97489000	      4772	80003f62	0ff0000f	fence	iorw,iorw	
       97909000	      4793	80003f66	00b58933	add	x18,x11,x11	 x11:0xc0012e0f x11:0xc0012e0f x18=0x80025c1e
       97929000	      4794	80003f6a	8105	c.srli	x10,0x1	 x10:0x00000006 x10=0x00000003
       97949000	      4795	80003f6c	cb85	c.beqz	x15,80003f9c	 x15:0xc0012e00
       98289000	      4812	80003f6e	d0c63f37	lui	x30,0xd0c63	 x30=0xd0c63000
       98649000	      4830	80003f72	0000100f	fence.i	
       98989000	      4847	80003f76	014f3db3	sltu	x27,x30,x20	 x30:0xd0c63000 x20:0x00000000 x27=0x00000000
       99729000	      4884	80003f7a	0351d033	divu	x0,x3,x21	  x3:0x80021e04 x21:0xc0000000  x0=0x00000000
       99749000	      4885	80003f7e	8821	c.andi	x8,8	  x8:0x0000000f  x8=0x00000008
       99769000	      4886	80003f80	6839	c.lui	x16,0xe	 x16=0x0000e000
       99789000	      4887	80003f82	419287b3	sub	x15,x5,x25	  x5:0x00006000 x25:0x00000001 x15=0x00005fff
       99809000	      4888	80003f86	40e75993	srai	x19,x14,0xe	 x14:0x80025ce4 x19=0xfffe0009
      100549000	      4925	80003f8a	0331c4b3	div	x9,x3,x19	  x3:0x80021e04 x19:0xfffe0009  x9=0x00004000
      100569000	      4926	80003f8e	95a4e293	ori	x5,x9,-1702	  x9:0x00004000  x5=0xfffff95a
      100589000	      4927	80003f92	00ef1e63	bne	x30,x14,80003fae	 x30:0xd0c63000 x14:0x80025ce4
      100869000	      4941	80003fae	41bb5413	srai	x8,x22,0x1b	 x22:0xfffff52e  x8=0xffffffff
      100889000	      4942	80003fb2	01087363	bgeu	x16,x16,80003fb8	 x16:0x0000e000 x16:0x0000e000
      101229000	      4959	80003fb8	40970a33	sub	x20,x14,x9	 x14:0x80025ce4  x9:0x00004000 x20=0x80021ce4
      101529000	      4974	80003fbc	e911	c.bnez	x10,80003fd0	 x10:0x00000003
      102109000	      5003	80003fd0	01721263	bne	x4,x23,80003fd4	  x4:0x0001d000 x23:0x00000000
      103329000	      5064	80003fd4	03028b63	beq	x5,x16,8000400a	  x5:0xfffff95a x16:0x0000e000
      103349000	      5065	80003fd8	0166d3b3	srl	x7,x13,x22	 x13:0x00002970 x22:0xfffff52e  x7=0x00000000
      103369000	      5066	80003fdc	706ca193	slti	x3,x25,1798	 x25:0x00000001  x3=0x00000001
      103389000	      5067	80003fe0	03e85063	bge	x16,x30,80004000	 x16:0x0000e000 x30:0xd0c63000
      103689000	      5082	80004000	0000100f	fence.i	
      104149000	      5105	80004004	0144fdb3	and	x27,x9,x20	  x9:0x00004000 x20:0x80021ce4 x27=0x00000000
      104189000	      5107	80004008	0001	c.addi	x0,0	  x0:0x00000000  x0=0x00000000
      104209000	      5108	8000400a	8d65	c.and	x10,x9	 x10:0x00000003  x9:0x00004000 x10=0x00000000
      104609000	      5128	8000400c	004d2333	slt	x6,x26,x4	 x26:0xffffffff  x4:0x0001d000  x6=0x00000001
      104689000	      5132	80004010	d2b94e93	xori	x29,x18,-725	 x18:0x80025c1e x29=0x7ffda135
      104709000	      5133	80004014	e189	c.bnez	x11,80004016	 x11:0xc0012e0f
      105349000	      5165	80004016	66e1	c.lui	x13,0x18	 x13=0x00018000
      105369000	      5166	80004018	41e250b3	sra	x1,x4,x30	  x4:0x0001d000 x30:0xd0c63000  x1=0x0001d000
      105389000	      5167	8000401c	01615e13	srli	x28,x2,0x16	  x2:0xf5e39895 x28=0x000003d7
      105449000	      5170	80004020	02989233	mulh	x4,x17,x9	 x17:0x00000000  x9:0x00004000  x4=0x00000000
      105469000	      5171	80004024	c90d	c.beqz	x10,80004056	 x10:0x00000000
      105889000	      5192	80004056	0ff0000f	fence	iorw,iorw	
      105989000	      5197	8000405a	022e8363	beq	x29,x2,80004080	 x29:0x7ffda135  x2:0xf5e39895
      106409000	      5218	8000405e	00658d63	beq	x11,x6,80004078	 x11:0xc0012e0f  x6:0x00000001
      106429000	      5219	80004062	0ff0000f	fence	iorw,iorw	
      107509000	      5273	80004066	03004fb3	div	x31,x0,x16	  x0:0x00000000 x16:0x0000e000 x31=0x00000000
      107529000	      5274	8000406a	417cd5b3	sra	x11,x25,x23	 x25:0x00000001 x23:0x00000000 x11=0x00000001
      108649000	      5330	8000406e	00792833	slt	x16,x18,x7	 x18:0x80025c1e  x7:0x00000000 x16=0x00000001
      108669000	      5331	80004072	e0a1	c.bnez	x9,800040b2	  x9:0x00004000
      109329000	      5364	800040b2	023a07b3	mul	x15,x20,x3	 x20:0x80021ce4  x3:0x00000001 x15=0x80021ce4
      109349000	      5365	800040b6	4e43ec13	ori	x24,x7,1252	  x7:0x00000000 x24=0x000004e4
      109369000	      5366	800040ba	17fd	c.addi	x15,-1	 x15:0x80021ce4 x15=0x80021ce3
      109389000	      5367	800040bc	800d	c.srli	x8,0x3	  x8:0xffffffff  x8=0x1fffffff
      109549000	      5375	800040be	022b6263	bltu	x22,x2,800040e2	 x22:0xfffff52e  x2:0xf5e39895
      109569000	      5376	800040c2	9afd	c.andi	x13,-1	 x13:0x00018000 x13=0x00018000
      109969000	      5396	800040c4	40ed5eb3	sra	x29,x26,x14	 x26:0xffffffff x14:0x80025ce4 x29=0xffffffff
      110229000	      5409	800040c8	00975e93	srli	x29,x14,0x9	 x14:0x80025ce4 x29=0x0040012e
      110309000	      5413	800040cc	02f75863	bge	x14,x15,800040fc	 x14:0x80025ce4 x15:0x80021ce3
      111389000	      5467	800040fc	03c041b3	div	x3,x0,x28	  x0:0x00000000 x28:0x000003d7  x3=0x00000000
      111429000	      5469	80004100	0334a933	mulhsu	x18,x9,x19	  x9:0x00004000 x19:0xfffe0009 x18=0x00003fff
      111449000	      5470	80004104	0001	c.addi	x0,0	  x0:0x00000000  x0=0x00000000
      111469000	      5471	80004106	911b8793	addi	x15,x23,-1775	 x23:0x00000000 x15=0xfffff911
      111489000	      5472	8000410a	013d39b3	sltu	x19,x26,x19	 x26:0xffffffff x19:0xfffe0009 x19=0x00000000
      111509000	      5473	8000410e	1e7d	c.addi	x28,-1	 x28:0x000003d7 x28=0x000003d6
      111529000	      5474	80004110	fe132893	slti	x17,x6,-31	  x6:0x00000001 x17=0x00000000
      111549000	      5475	80004114	a0f60697	auipc	x13,0xa0f60	 x13=0x20f64114
      111569000	      5476	80004118	8cfe	c.mv	x25,x31	  x0:0x00000000 x31:0x00000000 x25=0x00000000
      111689000	      5482	8000411a	00beda93	srli	x21,x29,0xb	 x29:0x0040012e x21=0x00000800
      111709000	      5483	8000411e	00270263	beq	x14,x2,80004122	 x14:0x80025ce4  x2:0xf5e39895
      112129000	      5504	80004122	00cfd513	srli	x10,x31,0xc	 x31:0x00000000 x10=0x00000000
      112229000	      5509	80004126	0356a2b3	mulhsu	x5,x13,x21	 x13:0x20f64114 x21:0x00000800  x5=0x00000107
      112349000	      5515	8000412a	4a5d7093	andi	x1,x26,1189	 x26:0xffffffff  x1=0x000004a5
      112369000	      5516	8000412e	0001	c.addi	x0,0	  x0:0x00000000  x0=0x00000000
      112409000	      5518	80004130	03335b33	divu	x22,x6,x19	  x6:0x00000001 x19:0x00000000 x22=0xffffffff
      112549000	      5525	80004134	8eed	c.and	x13,x11	 x13:0x20f64114 x11:0x00000001 x13=0x00000000
      112569000	      5526	80004136	9d26	c.add	x26,x9	 x26:0xffffffff  x9:0x00004000 x26=0x00003fff
      112609000	      5528	80004138	033bd933	divu	x18,x23,x19	 x23:0x00000000 x19:0x00000000 x18=0xffffffff
      112629000	      5529	8000413c	e815	c.bnez	x8,80004170	  x8:0x1fffffff
      113029000	      5549	80004170	8d61	c.and	x10,x8	 x10:0x00000000  x8:0x1fffffff x10=0x00000000
      113049000	      5550	80004172	4ae1	c.li	x21,24	 x21=0x00000018
      113169000	      5556	80004174	022b6763	bltu	x22,x2,800041a2	 x22:0xffffffff  x2:0xf5e39895
      113589000	      5577	80004178	9bfd	c.andi	x15,-1	 x15:0xfffff911 x15=0xfffff911
      113609000	      5578	8000417a	0992	c.slli	x19,0x4	 x19:0x00000000 x19=0x00000000
      113789000	      5587	8000417c	00271033	sll	x0,x14,x2	 x14:0x80025ce4  x2:0xf5e39895  x0=0x00000000
      113809000	      5588	80004180	8fa5	c.xor	x15,x9	 x15:0xfffff911  x9:0x00004000 x15=0xffffb911
      113829000	      5589	80004182	41be8c33	sub	x24,x29,x27	 x29:0x0040012e x27:0x00000000 x24=0x0040012e
      113849000	      5590	80004186	00eed963	bge	x29,x14,80004198	 x29:0x0040012e x14:0x80025ce4
      114589000	      5627	80004198	01c385b3	add	x11,x7,x28	  x7:0x00000000 x28:0x000003d6 x11=0x000003d6
      114649000	      5630	8000419c	c0437513	andi	x10,x6,-1020	  x6:0x00000001 x10=0x00000000
      114769000	      5636	800041a0	0001	c.addi	x0,0	  x0:0x00000000  x0=0x00000000
      114789000	      5637	800041a2	81b5	c.srli	x11,0xd	 x11:0x000003d6 x11=0x00000000
      115169000	      5656	800041a4	01532333	slt	x6,x6,x21	  x6:0x00000001 x21:0x00000018  x6=0x00000001
      116169000	      5706	800041a8	03a1f6b3	remu	x13,x3,x26	  x3:0x00000000 x26:0x00003fff x13=0x00000000
      116189000	      5707	800041ac	8c55	c.or	x8,x13	  x8:0x1fffffff x13:0x00000000  x8=0x1fffffff
      116209000	      5708	800041ae	00718f33	add	x30,x3,x7	  x3:0x00000000  x7:0x00000000 x30=0x00000000
      116229000	      5709	800041b2	53fd	c.li	x7,-1	  x7=0xffffffff
      116249000	      5710	800041b4	849a	c.mv	x9,x6	  x0:0x00000000  x6:0x00000001  x9=0x00000001
      116269000	      5711	800041b6	a9d1be93	sltiu	x29,x3,-1379	  x3:0x00000000 x29=0x00000001
      116289000	      5712	800041ba	edb04493	xori	x9,x0,-293	  x0:0x00000000  x9=0xfffffedb
      116309000	      5713	800041be	8c15	c.sub	x8,x13	  x8:0x1fffffff x13:0x00000000  x8=0x1fffffff
      116489000	      5722	800041c0	70aeb513	sltiu	x10,x29,1802	 x29:0x00000001 x10=0x00000001
      116509000	      5723	800041c4	e785	c.bnez	x15,800041ec	 x15:0xffffb911
      117489000	      5772	800041ec	0001	c.addi	x0,0	  x0:0x00000000  x0=0x00000000
      117849000	      5790	800041ee	01df2433	slt	x8,x30,x29	 x30:0x00000000 x29:0x00000001  x8=0x00000001
      118009000	      5798	800041f2	03765363	bge	x12,x23,80004218	 x12:0x80021e04 x23:0x00000000
      118429000	      5819	800041f6	40fc02b3	sub	x5,x24,x15	 x24:0x0040012e x15:0xffffb911  x5=0x0040481d
      118529000	      5824	800041fa	005c6f63	bltu	x24,x5,80004218	 x24:0x0040012e  x5:0x0040481d
      119149000	      5855	80004218	01c03ab3	sltu	x21,x0,x28	  x0:0x00000000 x28:0x000003d6 x21=0x00000001
      119569000	      5876	8000421c	9dba	c.add	x27,x14	 x27:0x00000000 x14:0x80025ce4 x27=0x80025ce4
      119989000	      5897	8000421e	00d5b8b3	sltu	x17,x11,x13	 x11:0x00000000 x13:0x00000000 x17=0x00000000
      120729000	      5934	80004222	03d4ee33	rem	x28,x9,x29	  x9:0xfffffedb x29:0x00000001 x28=0x00000000
      120749000	      5935	80004226	0001	c.addi	x0,0	  x0:0x00000000  x0=0x00000000
      120769000	      5936	80004228	032e	c.slli	x6,0xb	  x6:0x00000001  x6=0x00000800
      120789000	      5937	8000422a	45582a13	slti	x20,x16,1109	 x16:0x00000001 x20=0x00000001
      120809000	      5938	8000422e	00a14bb3	xor	x23,x2,x10	  x2:0xf5e39895 x10:0x00000001 x23=0xf5e39894
      120829000	      5939	80004232	010b9d13	slli	x26,x23,0x10	 x23:0xf5e39894 x26=0x98940000
      120849000	      5940	80004236	0118b7b3	sltu	x15,x17,x17	 x17:0x00000000 x17:0x00000000 x15=0x00000000
      121589000	      5977	8000423a	02a47233	remu	x4,x8,x10	  x8:0x00000001 x10:0x00000001  x4=0x00000000
      121609000	      5978	8000423e	859d	c.srai	x11,0x7	 x11:0x00000000 x11=0x00000000
      121629000	      5979	80004240	406a8333	sub	x6,x21,x6	 x21:0x00000001  x6:0x00000800  x6=0xfffff801
      121649000	      5980	80004244	8c69	c.and	x8,x10	  x8:0x00000001 x10:0x00000001  x8=0x00000001
      121669000	      5981	80004246	85a5	c.srai	x11,0x9	 x11:0x00000000 x11=0x00000000
      121689000	      5982	80004248	00a4d693	srli	x13,x9,0xa	  x9:0xfffffedb x13=0x003fffff
      121709000	      5983	8000424c	58d03c13	sltiu	x24,x0,1421	  x0:0x00000000 x24=0x00000001
      121729000	      5984	80004250	01f11f33	sll	x30,x2,x31	  x2:0xf5e39895 x31:0x00000000 x30=0xf5e39895
      121749000	      5985	80004254	0ff0000f	fence	iorw,iorw	
      121769000	      5986	80004258	4c9f7013	andi	x0,x30,1225	 x30:0xf5e39895  x0=0x00000000
      121929000	      5994	8000425c	41945eb3	sra	x29,x8,x25	  x8:0x00000001 x25:0x00000000 x29=0x00000001
      121949000	      5995	80004260	017e2bb3	slt	x23,x28,x23	 x28:0x00000000 x23:0xf5e39894 x23=0x00000000
      121969000	      5996	80004264	ee81	c.bnez	x13,8000427c	 x13:0x003fffff
      122049000	      6000	8000427c	9afd	c.andi	x13,-1	 x13:0x003fffff x13=0x003fffff
      122269000	      6011	8000427e	02f29cb3	mulh	x25,x5,x15	  x5:0x0040481d x15:0x00000000 x25=0x00000000
      122289000	      6012	80004282	197d	c.addi	x18,-1	 x18:0xffffffff x18=0xfffffffe
      122309000	      6013	80004284	4f11	c.li	x30,4	 x30=0x00000004
      122409000	      6018	80004286	003a7263	bgeu	x20,x3,8000428a	 x20:0x00000001  x3:0x00000000
      123809000	      6088	8000428a	03466eb3	rem	x29,x12,x20	 x12:0x80021e04 x20:0x00000001 x29=0x00000000
      123829000	      6089	8000428e	86e1	c.srai	x13,0x18	 x13:0x003fffff x13=0x00000000
      123849000	      6090	80004290	8fa5	c.xor	x15,x9	 x15:0x00000000  x9:0xfffffedb x15=0xfffffedb
      123869000	      6091	80004292	03da	c.slli	x7,0x16	  x7:0xffffffff  x7=0xffc00000
      124609000	      6128	80004294	021b6b33	rem	x22,x22,x1	 x22:0xffffffff  x1:0x000004a5 x22=0xffffffff
      124629000	      6129	80004298	90da	c.add	x1,x22	  x1:0x000004a5 x22:0xffffffff  x1=0x000004a4
      124649000	      6130	8000429a	002fd993	srli	x19,x31,0x2	 x31:0x00000000 x19=0x00000000
      124669000	      6131	8000429e	8c31	c.xor	x8,x12	  x8:0x00000001 x12:0x80021e04  x8=0x80021e05
      124709000	      6133	800042a0	039cee33	rem	x28,x25,x25	 x25:0x00000000 x25:0x00000000 x28=0x00000000
      124729000	      6134	800042a4	847d	c.srai	x8,0x1f	  x8:0x80021e05  x8=0xffffffff
      124749000	      6135	800042a6	8fa5	c.xor	x15,x9	 x15:0xfffffedb  x9:0xfffffedb x15=0x00000000
      124769000	      6136	800042a8	8ea5	c.xor	x13,x9	 x13:0x00000000  x9:0xfffffedb x13=0xfffffedb
      124809000	      6138	800042aa	02087233	remu	x4,x16,x0	 x16:0x00000001  x0:0x00000000  x4=0x00000001
      125149000	      6155	800042ae	b7294e93	xori	x29,x18,-1166	 x18:0xfffffffe x29=0x0000048c
      125169000	      6156	800042b2	8c39	c.xor	x8,x14	  x8:0xffffffff x14:0x80025ce4  x8=0x7ffda31b
      125189000	      6157	800042b4	41155213	srai	x4,x10,0x11	 x10:0x00000001  x4=0x00000000
      125289000	      6162	800042b8	8e95	c.sub	x13,x13	 x13:0xfffffedb x13:0xfffffedb x13=0x00000000
      125309000	      6163	800042ba	ce81	c.beqz	x13,800042d2	 x13:0x00000000
      125589000	      6177	800042d2	03c1d263	bge	x3,x28,800042f6	  x3:0x00000000 x28:0x00000000
      125849000	      6190	800042f6	03e08763	beq	x1,x30,80004324	  x1:0x000004a4 x30:0x00000004
      125909000	      6193	800042fa	037fd963	bge	x31,x23,8000432c	 x31:0x00000000 x23:0x00000000
      126289000	      6212	8000432c	00221413	slli	x8,x4,0x2	  x4:0x00000000  x8=0x00000000
      126729000	      6234	80004330	f4db4193	xori	x3,x22,-179	 x22:0xffffffff  x3=0x000000b2
      127149000	      6255	80004334	40c355b3	sra	x11,x6,x12	  x6:0xfffff801 x12:0x80021e04 x11=0xffffff80
      127209000	      6258	80004338	44ed	c.li	x9,27	  x9=0x0000001b
      127289000	      6262	8000433a	0ff0000f	fence	iorw,iorw	
      127309000	      6263	8000433e	40065db3	sra	x27,x12,x0	 x12:0x80021e04  x0:0x00000000 x27=0x80021e04
      127729000	      6284	80004342	8ea93693	sltiu	x13,x18,-1814	 x18:0xfffffffe x13=0x00000000
      127749000	      6285	80004346	98fd	c.andi	x9,-1	  x9:0x0000001b  x9=0x0000001b
      127769000	      6286	80004348	03020933	mul	x18,x4,x16	  x4:0x00000000 x16:0x00000001 x18=0x00000000
      127889000	      6292	8000434c	0000100f	fence.i	
      128569000	      6326	80004350	03e9b4b3	mulhu	x9,x19,x30	 x19:0x00000000 x30:0x00000004  x9=0x00000000
      128649000	      6330	80004354	02be	c.slli	x5,0xf	  x5:0x0040481d  x5=0x240e8000
      128669000	      6331	80004356	11fd	c.addi	x3,-1	  x3:0x000000b2  x3=0x000000b1
      128689000	      6332	80004358	2290b213	sltiu	x4,x1,553	  x1:0x000004a4  x4=0x00000000
      128709000	      6333	8000435c	00755413	srli	x8,x10,0x7	 x10:0x00000001  x8=0x00000000
      128729000	      6334	80004360	00179b33	sll	x22,x15,x1	 x15:0x00000000  x1:0x000004a4 x22=0x00000000
      128769000	      6336	80004364	1c178f13	addi	x30,x15,449	 x15:0x00000000 x30=0x000001c1
      129509000	      6373	80004368	02c8dcb3	divu	x25,x17,x12	 x17:0x00000000 x12:0x80021e04 x25=0x00000000
      129529000	      6374	8000436c	35a62e13	slti	x28,x12,858	 x12:0x80021e04 x28=0x00000001
      129549000	      6375	80004370	01020c63	beq	x4,x16,80004388	  x4:0x00000000 x16:0x00000001
      129569000	      6376	80004374	01efc6b3	xor	x13,x31,x30	 x31:0x00000000 x30:0x000001c1 x13=0x000001c1
      129589000	      6377	80004378	8d91	c.sub	x11,x12	 x11:0xffffff80 x12:0x80021e04 x11=0x7ffde17c
      129609000	      6378	8000437a	ff38dd37	lui	x26,0xff38d	 x26=0xff38d000
      129789000	      6387	8000437e	addc4213	xori	x4,x24,-1315	 x24:0x00000001  x4=0xfffffadc
      130529000	      6424	80004382	03465433	divu	x8,x12,x20	 x12:0x80021e04 x20:0x00000001  x8=0x80021e04
      130549000	      6425	80004386	0fe5	c.addi	x31,25	 x31:0x00000000 x31=0x00000019
      130569000	      6426	80004388	5a7d	c.li	x20,-1	 x20=0xffffffff
      130589000	      6427	8000438a	0001	c.addi	x0,0	  x0:0x00000000  x0=0x00000000
      130609000	      6428	8000438c	02978c63	beq	x15,x9,800043c4	 x15:0x00000000  x9:0x00000000
      130689000	      6432	800043c4	8ca5	c.xor	x9,x9	  x9:0x00000000  x9:0x00000000  x9=0x00000000
      130709000	      6433	800043c6	858e	c.mv	x11,x3	  x0:0x00000000  x3:0x000000b1 x11=0x000000b1
      130749000	      6435	800043c8	021eb033	mulhu	x0,x29,x1	 x29:0x0000048c  x1:0x000004a4  x0=0x00000000
      130769000	      6436	800043cc	0113ce63	blt	x7,x17,800043e8	  x7:0xffc00000 x17:0x00000000
      131569000	      6476	800043e8	00871d93	slli	x27,x14,0x8	 x14:0x80025ce4 x27=0x025ce400
      131749000	      6485	800043ec	015d7d33	and	x26,x26,x21	 x26:0xff38d000 x21:0x00000001 x26=0x00000000
      132169000	      6506	800043f0	8b85	c.andi	x15,1	 x15:0x00000000 x15=0x00000000
      132189000	      6507	800043f2	8a81	c.andi	x13,0	 x13:0x000001c1 x13=0x00000000
      132209000	      6508	800043f4	496d	c.li	x18,27	 x18=0x0000001b
      132229000	      6509	800043f6	8d75	c.and	x10,x13	 x10:0x00000001 x13:0x00000000 x10=0x00000000
      132249000	      6510	800043f8	8ed1	c.or	x13,x12	 x13:0x00000000 x12:0x80021e04 x13=0x80021e04
      132269000	      6511	800043fa	86c61317	auipc	x6,0x86c61	  x6=0x06c653fa
      132289000	      6512	800043fe	40fa5c33	sra	x24,x20,x15	 x20:0xffffffff x15:0x00000000 x24=0xffffffff
      132309000	      6513	80004402	019d93b3	sll	x7,x27,x25	 x27:0x025ce400 x25:0x00000000  x7=0x025ce400
      132489000	      6522	80004406	03208263	beq	x1,x18,8000442a	  x1:0x000004a4 x18:0x0000001b
      132909000	      6543	8000440a	02e1e263	bltu	x3,x14,8000442e	  x3:0x000000b1 x14:0x80025ce4
      133189000	      6557	8000442e	8cc9	c.or	x9,x10	  x9:0x00000000 x10:0x00000000  x9=0x00000000
      133209000	      6558	80004430	99fd	c.andi	x11,-1	 x11:0x000000b1 x11=0x000000b1
      133229000	      6559	80004432	41578ab3	sub	x21,x15,x21	 x15:0x00000000 x21:0x00000001 x21=0xffffffff
      133329000	      6564	80004436	0267a2b3	mulhsu	x5,x15,x6	 x15:0x00000000  x6:0x06c653fa  x5=0x00000000
      133349000	      6565	8000443a	8c45	c.or	x8,x9	  x8:0x80021e04  x9:0x00000000  x8=0x80021e04
      133369000	      6566	8000443c	810d	c.srli	x10,0x3	 x10:0x00000000 x10=0x00000000
      133749000	      6585	8000443e	01228b63	beq	x5,x18,80004454	  x5:0x00000000 x18:0x0000001b
      134089000	      6602	80004442	7c294813	xori	x16,x18,1986	 x18:0x0000001b x16=0x000007d9
      134249000	      6610	80004446	0e7bcc13	xori	x24,x23,231	 x23:0x00000000 x24=0x000000e7
      134269000	      6611	8000444a	00e93d33	sltu	x26,x18,x14	 x18:0x0000001b x14:0x80025ce4 x26=0x00000001
      134289000	      6612	8000444e	0001	c.addi	x0,0	  x0:0x00000000  x0=0x00000000
      134329000	      6614	80004450	02f8e333	rem	x6,x17,x15	 x17:0x00000000 x15:0x00000000  x6=0x00000000
      134389000	      6617	80004454	03da	c.slli	x7,0x16	  x7:0x025ce400  x7=0x00000000
      134429000	      6619	80004456	0367ce33	div	x28,x15,x22	 x15:0x00000000 x22:0x00000000 x28=0xffffffff
      134829000	      6639	8000445a	00ddc233	xor	x4,x27,x13	 x27:0x025ce400 x13:0x80021e04  x4=0x825efa04
      134849000	      6640	8000445e	73956797	auipc	x15,0x73956	 x15=0xf395a45e
      134869000	      6641	80004462	79023893	sltiu	x17,x4,1936	  x4:0x825efa04 x17=0x00000000
      134969000	      6646	80004466	01e58b63	beq	x11,x30,8000447c	 x11:0x000000b1 x30:0x000001c1
      134989000	      6647	8000446a	00866d63	bltu	x12,x8,80004484	 x12:0x80021e04  x8:0x80021e04
      135009000	      6648	8000446e	0f52	c.slli	x30,0x14	 x30:0x000001c1 x30=0x1c100000
      135349000	      6665	80004470	042fc093	xori	x1,x31,66	 x31:0x00000019  x1=0x0000005b
      135369000	      6666	80004474	8035	c.srli	x8,0xd	  x8:0x80021e04  x8=0x00040010
      135389000	      6667	80004476	46c9	c.li	x13,18	 x13=0x00000012
      135509000	      6673	80004478	045cef93	ori	x31,x25,69	 x25:0x00000000 x31=0x00000045
      136249000	      6710	8000447c	02b1f833	remu	x16,x3,x11	  x3:0x000000b1 x11:0x000000b1 x16=0x00000000
      136269000	      6711	80004480	fc36b513	sltiu	x10,x13,-61	 x13:0x00000012 x10=0x00000001
      136289000	      6712	80004484	0000100f	fence.i	
      136389000	      6717	80004488	020732b3	mulhu	x5,x14,x0	 x14:0x80025ce4  x0:0x00000000  x5=0x00000000
      136549000	      6725	8000448c	00cf5c13	srli	x24,x30,0xc	 x30:0x1c100000 x24=0x0001c100
      136829000	      6739	80004490	400456b3	sra	x13,x8,x0	  x8:0x00040010  x0:0x00000000 x13=0x00040010
      137249000	      6760	80004494	f8254593	xori	x11,x10,-126	 x10:0x00000001 x11=0xffffff83
      137609000	      6778	80004498	01b8ce63	blt	x17,x27,800044b4	 x17:0x00000000 x27:0x025ce400
      143149000	      7055	800044b4	41c7dfb3	sra	x31,x15,x28	 x15:0xf395a45e x28:0xffffffff x31=0xffffffff
      143169000	      7056	800044b8	00a28463	beq	x5,x10,800044c0	  x5:0x00000000 x10:0x00000001
      143189000	      7057	800044bc	7dac7c93	andi	x25,x24,2010	 x24:0x0001c100 x25=0x00000100
      143229000	      7059	800044c0	0f6def93	ori	x31,x27,246	 x27:0x025ce400 x31=0x025ce4f6
      143449000	      7070	800044c4	002cf7b3	and	x15,x25,x2	 x25:0x00000100  x2:0xf5e39895 x15=0x00000000
      143829000	      7089	800044c8	01358263	beq	x11,x19,800044cc	 x11:0xffffff83 x19:0x00000000
      143849000	      7090	800044cc	8111	c.srli	x10,0x4	 x10:0x00000001 x10=0x00000000
      143869000	      7091	800044ce	f9fb4193	xori	x3,x22,-97	 x22:0x00000000  x3=0xffffff9f
      143889000	      7092	800044d2	6eb1	c.lui	x29,0xc	 x29=0x0000c000
      143909000	      7093	800044d4	0ff0000f	fence	iorw,iorw	
      143929000	      7094	800044d8	85e9	c.srai	x11,0x1a	 x11:0xffffff83 x11=0xffffffff
      143949000	      7095	800044da	00bd9413	slli	x8,x27,0xb	 x27:0x025ce400  x8=0xe7200000
      144289000	      7112	800044de	01221093	slli	x1,x4,0x12	  x4:0x825efa04  x1=0xe8100000
      144329000	      7114	800044e2	02786e33	rem	x28,x16,x7	 x16:0x00000000  x7:0x00000000 x28=0x00000000
      144369000	      7116	800044e6	01f249b3	xor	x19,x4,x31	  x4:0x825efa04 x31:0x025ce4f6 x19=0x80021ef2
      144389000	      7117	800044ea	00c49c93	slli	x25,x9,0xc	  x9:0x00000000 x25=0x00000000
      144409000	      7118	800044ee	41388b33	sub	x22,x17,x19	 x17:0x00000000 x19:0x80021ef2 x22=0x7ffde10e
      144429000	      7119	800044f2	8d8d	c.sub	x11,x11	 x11:0xffffffff x11:0xffffffff x11=0x00000000
      144449000	      7120	800044f4	0521e363	bltu	x3,x18,8000453a	  x3:0xffffff9f x18:0x0000001b
      144469000	      7121	800044f8	0001	c.addi	x0,0	  x0:0x00000000  x0=0x00000000
      144489000	      7122	800044fa	402ed933	sra	x18,x29,x2	 x29:0x0000c000  x2:0xf5e39895 x18=0x00000000
      144509000	      7123	800044fe	c0840513	addi	x10,x8,-1016	  x8:0xe7200000 x10=0xe71ffc08
      144529000	      7124	80004502	00341a63	bne	x8,x3,80004516	  x8:0xe7200000  x3:0xffffff9f
      146549000	      7225	80004516	022e4033	div	x0,x28,x2	 x28:0x00000000  x2:0xf5e39895  x0=0x00000000
      146569000	      7226	8000451a	01904f63	blt	x0,x25,80004538	  x0:0x00000000 x25:0x00000000
      146589000	      7227	8000451e	038cdc63	bge	x25,x24,80004556	 x25:0x00000000 x24:0x0001c100
      146609000	      7228	80004522	0072c2b3	xor	x5,x5,x7	  x5:0x00000000  x7:0x00000000  x5=0x00000000
      146629000	      7229	80004526	00df29b3	slt	x19,x30,x13	 x30:0x1c100000 x13:0x00040010 x19=0x00000000
      146649000	      7230	8000452a	271fe693	ori	x13,x31,625	 x31:0x025ce4f6 x13=0x025ce6f7
      146949000	      7245	8000452e	02b09fb3	mulh	x31,x1,x11	  x1:0xe8100000 x11:0x00000000 x31=0x00000000
      147349000	      7265	80004532	01c59cb3	sll	x25,x11,x28	 x11:0x00000000 x28:0x00000000 x25=0x00000000
      147369000	      7266	80004536	88b1	c.andi	x9,12	  x9:0x00000000  x9=0x00000000
      147389000	      7267	80004538	0222	c.slli	x4,0x8	  x4:0x825efa04  x4=0x5efa0400
      147449000	      7270	8000453a	d378ce93	xori	x29,x17,-713	 x17:0x00000000 x29=0xfffffd37
      147469000	      7271	8000453e	649d	c.lui	x9,0x7	  x9=0x00007000
      147489000	      7272	80004540	0000100f	fence.i	
      147549000	      7275	80004544	a88e4593	xori	x11,x28,-1400	 x28:0x00000000 x11=0xfffffa88
      147569000	      7276	80004548	36b86093	ori	x1,x16,875	 x16:0x00000000  x1=0x0000036b
      148009000	      7298	8000454c	0000100f	fence.i	
      148849000	      7340	80004550	138a7b93	andi	x23,x20,312	 x20:0xffffffff x23=0x00000138
      148869000	      7341	80004554	8179	c.srli	x10,0x1e	 x10:0xe71ffc08 x10=0x00000003
      149129000	      7354	80004556	026174b3	remu	x9,x2,x6	  x2:0xf5e39895  x6:0x00000000  x9=0xf5e39895
      149149000	      7355	8000455a	a0dcab13	slti	x22,x25,-1523	 x25:0x00000000 x22=0x00000000
      149189000	      7357	8000455e	02459533	mulh	x10,x11,x4	 x11:0xfffffa88  x4:0x5efa0400 x10=0xfffffdf8
      149309000	      7363	80004562	029c2833	mulhsu	x16,x24,x9	 x24:0x0001c100  x9:0xf5e39895 x16=0x0001af44
      149329000	      7364	80004566	00c3e8b3	or	x17,x7,x12	  x7:0x00000000 x12:0x80021e04 x17=0x80021e04
      149729000	      7384	8000456a	032e84b3	mul	x9,x29,x18	 x29:0xfffffd37 x18:0x00000000  x9=0x00000000
      149749000	      7385	8000456e	da6ceb13	ori	x22,x25,-602	 x25:0x00000000 x22=0xfffffda6
      149769000	      7386	80004572	e7928097	auipc	x1,0xe7928	  x1=0x6792c572
      149789000	      7387	80004576	987d	c.andi	x8,-1	  x8:0xe7200000  x8=0xe7200000
      150129000	      7404	80004578	00b48833	add	x16,x9,x11	  x9:0x00000000 x11:0xfffffa88 x16=0xfffffa88
      150549000	      7425	8000457c	9f7e	c.add	x30,x31	 x30:0x1c100000 x31:0x00000000 x30=0x1c100000
      150589000	      7427	8000457e	029532b3	mulhu	x5,x10,x9	 x10:0xfffffdf8  x9:0x00000000  x5=0x00000000
      150609000	      7428	80004582	025807b3	mul	x15,x16,x5	 x16:0xfffffa88  x5:0x00000000 x15=0x00000000
      150829000	      7439	80004586	01539033	sll	x0,x7,x21	  x7:0x00000000 x21:0xffffffff  x0=0x00000000
      150849000	      7440	8000458a	00da5e63	bge	x20,x13,800045a6	 x20:0xffffffff x13:0x025ce6f7
      150949000	      7445	8000458e	013697b3	sll	x15,x13,x19	 x13:0x025ce6f7 x19:0x00000000 x15=0x025ce6f7
      150969000	      7446	80004592	0001	c.addi	x0,0	  x0:0x00000000  x0=0x00000000
      150989000	      7447	80004594	40b45c33	sra	x24,x8,x11	  x8:0xe7200000 x11:0xfffffa88 x24=0xffe72000
      151029000	      7449	80004598	8fca	c.mv	x31,x18	  x0:0x00000000 x18:0x00000000 x31=0x00000000
      151049000	      7450	8000459a	81c9	c.srli	x11,0x12	 x11:0xfffffa88 x11=0x00003fff
      151409000	      7468	8000459c	8abe	c.mv	x21,x15	  x0:0x00000000 x15:0x025ce6f7 x21=0x025ce6f7
      151789000	      7487	8000459e	00399cb3	sll	x25,x19,x3	 x19:0x00000000  x3:0xffffff9f x25=0x00000000
      151809000	      7488	800045a2	8569	c.srai	x10,0x1a	 x10:0xfffffdf8 x10=0xffffffff
      151829000	      7489	800045a4	0001	c.addi	x0,0	  x0:0x00000000  x0=0x00000000
      151849000	      7490	800045a6	0001	c.addi	x0,0	  x0:0x00000000  x0=0x00000000
      151869000	      7491	800045a8	40e98533	sub	x10,x19,x14	 x19:0x00000000 x14:0x80025ce4 x10=0x7ffda31c
      152009000	      7498	800045ac	0001	c.addi	x0,0	  x0:0x00000000  x0=0x00000000
      152029000	      7499	800045ae	d0107e93	andi	x29,x0,-767	  x0:0x00000000 x29=0x00000000
      152049000	      7500	800045b2	ea95	c.bnez	x13,800045e6	 x13:0x025ce6f7
      152549000	      7525	800045e6	ad8a7693	andi	x13,x20,-1320	 x20:0xffffffff x13=0xfffffad8
      152569000	      7526	800045ea	01e74963	blt	x14,x30,800045fc	 x14:0x80025ce4 x30:0x1c100000
      153029000	      7549	800045fc	026f0e33	mul	x28,x30,x6	 x30:0x1c100000  x6:0x00000000 x28=0x00000000
      153049000	      7550	80004600	41d956b3	sra	x13,x18,x29	 x18:0x00000000 x29:0x00000000 x13=0x00000000
      153469000	      7571	80004604	19c93013	sltiu	x0,x18,412	 x18:0x00000000  x0=0x00000000
      154609000	      7628	80004608	0219e7b3	rem	x15,x19,x1	 x19:0x00000000  x1:0x6792c572 x15=0x00000000
      154629000	      7629	8000460c	8cbd	c.xor	x9,x15	  x9:0x00000000 x15:0x00000000  x9=0x00000000
      154649000	      7630	8000460e	720f6c93	ori	x25,x30,1824	 x30:0x1c100000 x25=0x1c100720
      154669000	      7631	80004612	8c79	c.and	x8,x14	  x8:0xe7200000 x14:0x80025ce4  x8=0x80000000
      154689000	      7632	80004614	0000100f	fence.i	
      155449000	      7670	80004618	c80d	c.beqz	x8,8000464a	  x8:0x80000000
      155489000	      7672	8000461a	027b36b3	mulhu	x13,x22,x7	 x22:0xfffffda6  x7:0x00000000 x13=0x00000000
      155509000	      7673	8000461e	01f867b3	or	x15,x16,x31	 x16:0xfffffa88 x31:0x00000000 x15=0xfffffa88
      155529000	      7674	80004622	027cc263	blt	x25,x7,80004646	 x25:0x1c100720  x7:0x00000000
      155569000	      7676	80004626	034d35b3	mulhu	x11,x26,x20	 x26:0x00000001 x20:0xffffffff x11=0x00000000
      155589000	      7677	8000462a	8c95	c.sub	x9,x13	  x9:0x00000000 x13:0x00000000  x9=0x00000000
      155609000	      7678	8000462c	ce2fba13	sltiu	x20,x31,-798	 x31:0x00000000 x20=0x00000001
      155629000	      7679	80004630	955e	c.add	x10,x23	 x10:0x7ffda31c x23:0x00000138 x10=0x7ffda454
      155669000	      7681	80004632	027561b3	rem	x3,x10,x7	 x10:0x7ffda454  x7:0x00000000  x3=0x7ffda454
      155849000	      7690	80004636	3a2beab7	lui	x21,0x3a2be	 x21=0x3a2be000
      155869000	      7691	8000463a	01ccfb63	bgeu	x25,x28,80004650	 x25:0x1c100720 x28:0x00000000
      156369000	      7716	80004650	078cce13	xori	x28,x25,120	 x25:0x1c100720 x28=0x1c100758
      156649000	      7730	80004654	8ec1	c.or	x13,x8	 x13:0x00000000  x8:0x80000000 x13=0x80000000
      156669000	      7731	80004656	8fa9	c.xor	x15,x10	 x15:0xfffffa88 x10:0x7ffda454 x15=0x80025edc
      157069000	      7751	80004658	9e16	c.add	x28,x5	 x28:0x1c100758  x5:0x00000000 x28=0x1c100758
      157089000	      7752	8000465a	8289	c.srli	x13,0x2	 x13:0x80000000 x13=0x20000000
      157109000	      7753	8000465c	02d68eb3	mul	x29,x13,x13	 x13:0x20000000 x13:0x20000000 x29=0x00000000
      157849000	      7790	80004660	034bf9b3	remu	x19,x23,x20	 x23:0x00000138 x20:0x00000001 x19=0x00000000
      157869000	      7791	80004664	0001	c.addi	x0,0	  x0:0x00000000  x0=0x00000000
      157889000	      7792	80004666	0001	c.addi	x0,0	  x0:0x00000000  x0=0x00000000
      158629000	      7829	80004668	0349f6b3	remu	x13,x19,x20	 x19:0x00000000 x20:0x00000001 x13=0x00000000
      158649000	      7830	8000466c	44b5	c.li	x9,13	  x9=0x0000000d
      158669000	      7831	8000466e	c295	c.beqz	x13,80004692	 x13:0x00000000
      159029000	      7849	80004692	0003d833	srl	x16,x7,x0	  x7:0x00000000  x0:0x00000000 x16=0x00000000
      159109000	      7853	80004696	01a8fc33	and	x24,x17,x26	 x17:0x80021e04 x26:0x00000001 x24=0x00000000
      159129000	      7854	8000469a	8f91	c.sub	x15,x12	 x15:0x80025edc x12:0x80021e04 x15=0x000040d8
      159869000	      7891	8000469c	03be5333	divu	x6,x28,x27	 x28:0x1c100758 x27:0x025ce400  x6=0x0000000b
      159889000	      7892	800046a0	0001	c.addi	x0,0	  x0:0x00000000  x0=0x00000000
      159929000	      7894	800046a2	02744c33	div	x24,x8,x7	  x8:0x80000000  x7:0x00000000 x24=0xffffffff
      159969000	      7896	800046a6	03453533	mulhu	x10,x10,x20	 x10:0x7ffda454 x20:0x00000001 x10=0x00000000
      159989000	      7897	800046aa	103ebe93	sltiu	x29,x29,259	 x29:0x00000000 x29=0x00000001
      160009000	      7898	800046ae	0284dd63	bge	x9,x8,800046e8	  x9:0x0000000d  x8:0x80000000
      160709000	      7933	800046e8	400a53b3	sra	x7,x20,x0	 x20:0x00000001  x0:0x00000000  x7=0x00000001
      160909000	      7943	800046ec	004f1c93	slli	x25,x30,0x4	 x30:0x1c100000 x25=0xc1000000
      160929000	      7944	800046f0	0046cc63	blt	x13,x4,80004708	 x13:0x00000000  x4:0x5efa0400
      161369000	      7966	80004708	01d50c63	beq	x10,x29,80004720	 x10:0x00000000 x29:0x00000001
      161389000	      7967	8000470c	997d	c.andi	x10,-1	 x10:0x00000000 x10=0x00000000
      161409000	      7968	8000470e	f85c6c13	ori	x24,x24,-123	 x24:0xffffffff x24=0xffffffff
      161429000	      7969	80004712	537d	c.li	x6,-1	  x6=0xffffffff
      161449000	      7970	80004714	02de5b63	bge	x28,x13,8000474a	 x28:0x1c100758 x13:0x00000000
      162149000	      8005	8000474a	456b8397	auipc	x7,0x456b8	  x7=0xc56bc74a
      162209000	      8008	8000474e	1eb53193	sltiu	x3,x10,491	 x10:0x00000000  x3=0x00000001
      162229000	      8009	80004752	8b1e	c.mv	x22,x7	  x0:0x00000000  x7:0xc56bc74a x22=0xc56bc74a
      162469000	      8021	80004754	06a2	c.slli	x13,0x8	 x13:0x00000000 x13=0x00000000
      162489000	      8022	80004756	40dd82b3	sub	x5,x27,x13	 x27:0x025ce400 x13:0x00000000  x5=0x025ce400
      162589000	      8027	8000475a	030356b3	divu	x13,x6,x16	  x6:0xffffffff x16:0x00000000 x13=0xffffffff
      162609000	      8028	8000475e	0ff0000f	fence	iorw,iorw	
      162629000	      8029	80004762	01245c63	bge	x8,x18,8000477a	  x8:0x80000000 x18:0x00000000
      162729000	      8034	80004766	0236a333	mulhsu	x6,x13,x3	 x13:0xffffffff  x3:0x00000001  x6=0xffffffff
      162749000	      8035	8000476a	00327eb3	and	x29,x4,x3	  x4:0x5efa0400  x3:0x00000001 x29=0x00000000
      162769000	      8036	8000476e	933e	c.add	x6,x15	  x6:0xffffffff x15:0x000040d8  x6=0x000040d7
      162789000	      8037	80004770	ec89	c.bnez	x9,8000478a	  x9:0x0000000d
      163549000	      8075	8000478a	0266b3b3	mulhu	x7,x13,x6	 x13:0xffffffff  x6:0x000040d7  x7=0x000040d6
      163569000	      8076	8000478e	c799	c.beqz	x15,8000479c	 x15:0x000040d8
      163589000	      8077	80004790	858d	c.srai	x11,0x3	 x11:0x00000000 x11=0x00000000
      163609000	      8078	80004792	404b0b33	sub	x22,x22,x4	 x22:0xc56bc74a  x4:0x5efa0400 x22=0x6671c34a
      163629000	      8079	80004796	8f85	c.sub	x15,x9	 x15:0x000040d8  x9:0x0000000d x15=0x000040cb
      163669000	      8081	80004798	026cb0b3	mulhu	x1,x25,x6	 x25:0xc1000000  x6:0x000040d7  x1=0x000030e2
      163869000	      8091	8000479c	410684b3	sub	x9,x13,x16	 x13:0xffffffff x16:0x00000000  x9=0xffffffff
      163909000	      8093	800047a0	0330da33	divu	x20,x1,x19	  x1:0x000030e2 x19:0x00000000 x20=0xffffffff
      163929000	      8094	800047a4	0ff0000f	fence	iorw,iorw	
      163949000	      8095	800047a8	006a41b3	xor	x3,x20,x6	 x20:0xffffffff  x6:0x000040d7  x3=0xffffbf28
      163969000	      8096	800047ac	00016d63	bltu	x2,x0,800047c6	  x2:0xf5e39895  x0:0x00000000
      165149000	      8155	800047b0	02d8ca33	div	x20,x17,x13	 x17:0x80021e04 x13:0xffffffff x20=0x7ffde1fc
      165169000	      8156	800047b4	00d6bfb3	sltu	x31,x13,x13	 x13:0xffffffff x13:0xffffffff x31=0x00000000
      165209000	      8158	800047b8	02b754b3	divu	x9,x14,x11	 x14:0x80025ce4 x11:0x00000000  x9=0xffffffff
      165229000	      8159	800047bc	0ff0000f	fence	iorw,iorw	
      165249000	      8160	800047c0	001b0863	beq	x22,x1,800047d0	 x22:0x6671c34a  x1:0x000030e2
      165269000	      8161	800047c4	0001	c.addi	x0,0	  x0:0x00000000  x0=0x00000000
      165289000	      8162	800047c6	00f2	c.slli	x1,0x1c	  x1:0x000030e2  x1=0x20000000
      165489000	      8172	800047c8	0178d8b3	srl	x17,x17,x23	 x17:0x80021e04 x23:0x00000138 x17=0x00000080
      165709000	      8183	800047cc	0001	c.addi	x0,0	  x0:0x00000000  x0=0x00000000
      165729000	      8184	800047ce	8c9d	c.sub	x9,x15	  x9:0xffffffff x15:0x000040cb  x9=0xffffbf34
      165909000	      8193	800047d0	004952b3	srl	x5,x18,x4	 x18:0x00000000  x4:0x5efa0400  x5=0x00000000
      165929000	      8194	800047d4	0145a833	slt	x16,x11,x20	 x11:0x00000000 x20:0x7ffde1fc x16=0x00000001
      165949000	      8195	800047d8	8ee5	c.and	x13,x9	 x13:0xffffffff  x9:0xffffbf34 x13=0xffffbf34
      166049000	      8200	800047da	414bde13	srai	x28,x23,0x14	 x23:0x00000138 x28=0x00000000
      166209000	      8208	800047de	03255a33	divu	x20,x10,x18	 x10:0x00000000 x18:0x00000000 x20=0xffffffff
      166229000	      8209	800047e2	11178293	addi	x5,x15,273	 x15:0x000040cb  x5=0x000041dc
      166989000	      8247	800047e6	03ef5333	divu	x6,x30,x30	 x30:0x1c100000 x30:0x1c100000  x6=0x00000001
      167009000	      8248	800047ea	55ca2993	slti	x19,x20,1372	 x20:0xffffffff x19=0x00000001
      167029000	      8249	800047ee	8d15	c.sub	x10,x13	 x10:0x00000000 x13:0xffffbf34 x10=0x000040cc
      167109000	      8253	800047f0	01d35b63	bge	x6,x29,80004806	  x6:0x00000001 x29:0x00000000
      168289000	      8312	80004806	03d6da63	bge	x13,x29,8000483a	 x13:0xffffbf34 x29:0x00000000
      168309000	      8313	8000480a	0001	c.addi	x0,0	  x0:0x00000000  x0=0x00000000
      168469000	      8321	8000480c	0145ad33	slt	x26,x11,x20	 x11:0x00000000 x20:0xffffffff x26=0x00000000
      168609000	      8328	80004810	41b456b3	sra	x13,x8,x27	  x8:0x80000000 x27:0x025ce400 x13=0x80000000
      168629000	      8329	80004814	28ba7593	andi	x11,x20,651	 x20:0xffffffff x11=0x0000028b
      169489000	      8372	80004818	03b37b33	remu	x22,x6,x27	  x6:0x00000001 x27:0x025ce400 x22=0x00000001
      169509000	      8373	8000481c	8e95	c.sub	x13,x13	 x13:0x80000000 x13:0x80000000 x13=0x00000000
      169529000	      8374	8000481e	e289	c.bnez	x13,80004820	 x13:0x00000000
      169549000	      8375	80004820	0000100f	fence.i	
      169809000	      8388	80004824	016b6e33	or	x28,x22,x22	 x22:0x00000001 x22:0x00000001 x28=0x00000001
      169849000	      8390	80004828	0328dab3	divu	x21,x17,x18	 x17:0x00000080 x18:0x00000000 x21=0xffffffff
      169949000	      8395	8000482c	039d1463	bne	x26,x25,80004854	 x26:0x00000000 x25:0xc1000000
      170409000	      8418	80004854	c48d	c.beqz	x9,8000487e	  x9:0xffffbf34
      170429000	      8419	80004856	f8796593	ori	x11,x18,-121	 x18:0x00000000 x11=0xffffff87
      170449000	      8420	8000485a	0ff0000f	fence	iorw,iorw	
      170469000	      8421	8000485e	848d	c.srai	x9,0x3	  x9:0xffffbf34  x9=0xfffff7e6
      170489000	      8422	80004860	056d2593	slti	x11,x26,86	 x26:0x00000000 x11=0x00000001
      170509000	      8423	80004864	41b7d833	sra	x16,x15,x27	 x15:0x000040cb x27:0x025ce400 x16=0x000040cb
      170729000	      8434	80004868	0001	c.addi	x0,0	  x0:0x00000000  x0=0x00000000
      170769000	      8436	8000486a	03f512b3	mulh	x5,x10,x31	 x10:0x000040cc x31:0x00000000  x5=0x00000000
      170789000	      8437	8000486e	8971	c.andi	x10,28	 x10:0x000040cc x10=0x0000000c
      170809000	      8438	80004870	8689	c.srai	x13,0x2	 x13:0x00000000 x13=0x00000000
      170909000	      8443	80004872	3f9b42b7	lui	x5,0x3f9b4	  x5=0x3f9b4000
      170929000	      8444	80004876	3411f693	andi	x13,x3,833	  x3:0xffffbf28 x13=0x00000300
      171349000	      8465	8000487a	40c5df33	sra	x30,x11,x12	 x11:0x00000001 x12:0x80021e04 x30=0x00000000
      171369000	      8466	8000487e	b7757337	lui	x6,0xb7757	  x6=0xb7757000
      184049000	      9100	80004882	023b3433	mulhu	x8,x22,x3	 x22:0x00000001  x3:0xffffbf28  x8=0x00000000
      184069000	      9101	80004886	024ff063	bgeu	x31,x4,800048a6	 x31:0x00000000  x4:0x5efa0400
      184089000	      9102	8000488a	007330b3	sltu	x1,x6,x7	  x6:0xb7757000  x7:0x000040d6  x1=0x00000000
      184109000	      9103	8000488e	9aaa	c.add	x21,x10	 x21:0xffffffff x10:0x0000000c x21=0x0000000b
      184129000	      9104	80004890	82b9	c.srli	x13,0xe	 x13:0x00000300 x13=0x00000000
      184169000	      9106	80004892	02813fb3	mulhu	x31,x2,x8	  x2:0xf5e39895  x8:0x00000000 x31=0x00000000
      184909000	      9143	80004896	030e69b3	rem	x19,x28,x16	 x28:0x00000001 x16:0x000040cb x19=0x00000001
      184929000	      9144	8000489a	006f9b33	sll	x22,x31,x6	 x31:0x00000000  x6:0xb7757000 x22=0x00000000
      184949000	      9145	8000489e	c40d	c.beqz	x8,800048c8	  x8:0x00000000
      185329000	      9164	800048c8	41f8d293	srai	x5,x17,0x1f	 x17:0x00000080  x5=0x00000000
      185349000	      9165	800048cc	8fb1	c.xor	x15,x12	 x15:0x000040cb x12:0x80021e04 x15=0x80025ecf
      185449000	      9170	800048ce	00641fb3	sll	x31,x8,x6	  x8:0x00000000  x6:0xb7757000 x31=0x00000000
      185509000	      9173	800048d2	017ed813	srli	x16,x29,0x17	 x29:0x00000000 x16=0x00000000
      185529000	      9174	800048d6	1b7d	c.addi	x22,-1	 x22:0x00000000 x22=0xffffffff
      185549000	      9175	800048d8	02259263	bne	x11,x2,800048fc	 x11:0x00000001  x2:0xf5e39895
      186009000	      9198	800048fc	8a7f7593	andi	x11,x30,-1881	 x30:0x00000000 x11=0x00000000
      186109000	      9203	80004900	021a1c33	mulh	x24,x20,x1	 x20:0xffffffff  x1:0x00000000 x24=0x00000000
      186149000	      9205	80004904	02b329b3	mulhsu	x19,x6,x11	  x6:0xb7757000 x11:0x00000000 x19=0x00000000
      186269000	      9211	80004908	013df863	bgeu	x27,x19,80004918	 x27:0x025ce400 x19:0x00000000
      187609000	      9278	80004918	00eb9c33	sll	x24,x23,x14	 x23:0x00000138 x14:0x80025ce4 x24=0x00001380
      188029000	      9299	8000491c	4aaf1017	auipc	x0,0x4aaf1	  x0=0x00000000
      188449000	      9320	80004920	00fb6d63	bltu	x22,x15,8000493a	 x22:0xffffffff x15:0x80025ecf
      188469000	      9321	80004924	fdcf2c13	slti	x24,x30,-36	 x30:0x00000000 x24=0x00000000
      188489000	      9322	80004928	00d21b93	slli	x23,x4,0xd	  x4:0x5efa0400 x23=0x40800000
      188509000	      9323	8000492c	99fd	c.andi	x11,-1	 x11:0x00000000 x11=0x00000000
      188549000	      9325	8000492e	03473533	mulhu	x10,x14,x20	 x14:0x80025ce4 x20:0xffffffff x10=0x80025ce3
      188589000	      9327	80004932	019a73b3	and	x7,x20,x25	 x20:0xffffffff x25:0xc1000000  x7=0xc1000000
      188609000	      9328	80004936	00981693	slli	x13,x16,0x9	 x16:0x00000000 x13=0x00000000
      188749000	      9335	8000493a	0198b433	sltu	x8,x17,x25	 x17:0x00000080 x25:0xc1000000  x8=0x00000001
      188769000	      9336	8000493e	41968bb3	sub	x23,x13,x25	 x13:0x00000000 x25:0xc1000000 x23=0x3f000000
      189609000	      9378	80004942	02907bb3	remu	x23,x0,x9	  x0:0x00000000  x9:0xfffff7e6 x23=0x00000000
      189629000	      9379	80004946	0a1a	c.slli	x20,0x6	 x20:0xffffffff x20=0xffffffc0
      189669000	      9381	80004948	02f03033	mulhu	x0,x0,x15	  x0:0x00000000 x15:0x80025ecf  x0=0x00000000
      189689000	      9382	8000494c	8da1	c.xor	x11,x8	 x11:0x00000000  x8:0x00000001 x11=0x00000001
      189709000	      9383	8000494e	98fd	c.andi	x9,-1	  x9:0xfffff7e6  x9=0xfffff7e6
      189729000	      9384	80004950	80f1	c.srli	x9,0x1c	  x9:0xfffff7e6  x9=0x0000000f
      189749000	      9385	80004952	8cca	c.mv	x25,x18	  x0:0x00000000 x18:0x00000000 x25=0x00000000
      189769000	      9386	80004954	012bcc63	blt	x23,x18,8000496c	 x23:0x00000000 x18:0x00000000
      189789000	      9387	80004958	e499	c.bnez	x9,80004966	  x9:0x0000000f
      190329000	      9414	80004966	0ac8bc13	sltiu	x24,x17,172	 x17:0x00000080 x24=0x00000001
      190349000	      9415	8000496a	8e7a	c.mv	x28,x30	  x0:0x00000000 x30:0x00000000 x28=0x00000000
      190369000	      9416	8000496c	8cf6	c.mv	x25,x29	  x0:0x00000000 x29:0x00000000 x25=0x00000000
      190509000	      9423	8000496e	0180da63	bge	x1,x24,80004982	  x1:0x00000000 x24:0x00000001
      190549000	      9425	80004972	0195d8b3	srl	x17,x11,x25	 x11:0x00000001 x25:0x00000000 x17=0x00000001
      190569000	      9426	80004976	5cfd	c.li	x25,-1	 x25=0xffffffff
      190689000	      9432	80004978	e889	c.bnez	x9,8000498a	  x9:0x0000000f
      191629000	      9479	8000498a	8d39	c.xor	x10,x14	 x10:0x80025ce3 x14:0x80025ce4 x10=0x00000007
      191709000	      9483	8000498c	54fd	c.li	x9,-1	  x9=0xffffffff
      192089000	      9502	8000498e	0023e3b3	or	x7,x7,x2	  x7:0xc1000000  x2:0xf5e39895  x7=0xf5e39895
      192109000	      9503	80004992	6aad	c.lui	x21,0xb	 x21=0x0000b000
      192849000	      9540	80004994	02a84eb3	div	x29,x16,x10	 x16:0x00000000 x10:0x00000007 x29=0x00000000
      192889000	      9542	80004998	0396a2b3	mulhsu	x5,x13,x25	 x13:0x00000000 x25:0xffffffff  x5=0x00000000
      192909000	      9543	8000499c	80c5	c.srli	x9,0x11	  x9:0xffffffff  x9=0x00007fff
      192929000	      9544	8000499e	1f7d	c.addi	x30,-1	 x30:0x00000000 x30=0xffffffff
      192949000	      9545	800049a0	3c346e13	ori	x28,x8,963	  x8:0x00000001 x28=0x000003c3
      193169000	      9556	800049a4	01c6ed63	bltu	x13,x28,800049be	 x13:0x00000000 x28:0x000003c3
      194029000	      9599	800049be	002a74b3	and	x9,x20,x2	 x20:0xffffffc0  x2:0xf5e39895  x9=0xf5e39880
      194049000	      9600	800049c2	8d85	c.sub	x11,x9	 x11:0x00000001  x9:0xf5e39880 x11=0x0a1c6781
      194069000	      9601	800049c4	537d	c.li	x6,-1	  x6=0xffffffff
      194209000	      9608	800049c6	03e3f963	bgeu	x7,x30,800049f8	  x7:0xf5e39895 x30:0xffffffff
      194229000	      9609	800049ca	6be9	c.lui	x23,0x1a	 x23=0x0001a000
      194249000	      9610	800049cc	897e	c.mv	x18,x31	  x0:0x00000000 x31:0x00000000 x18=0x00000000
      194269000	      9611	800049ce	d5878893	addi	x17,x15,-680	 x15:0x80025ecf x17=0x80025c27
      194289000	      9612	800049d2	8ffd	c.and	x15,x15	 x15:0x80025ecf x15:0x80025ecf x15=0x80025ecf
      194309000	      9613	800049d4	26cd3493	sltiu	x9,x26,620	 x26:0x00000000  x9=0x00000001
      194589000	      9627	800049d8	036f7063	bgeu	x30,x22,800049f8	 x30:0xffffffff x22:0xffffffff
      195049000	      9650	800049f8	009d2cb3	slt	x25,x26,x9	 x26:0x00000000  x9:0x00000001 x25=0x00000001
      195069000	      9651	800049fc	81e1	c.srli	x11,0x18	 x11:0x0a1c6781 x11=0x0000000a
      195209000	      9658	800049fe	97602817	auipc	x16,0x97602	 x16=0x176069fe
      195229000	      9659	80004a02	41b501b3	sub	x3,x10,x27	 x10:0x00000007 x27:0x025ce400  x3=0xfda31c07
      195249000	      9660	80004a06	8945	c.andi	x10,17	 x10:0x00000007 x10=0x00000001
      195649000	      9680	80004a08	00a037b3	sltu	x15,x0,x10	  x0:0x00000000 x10:0x00000001 x15=0x00000001
      195669000	      9681	80004a0c	382b7093	andi	x1,x22,898	 x22:0xffffffff  x1=0x00000382
      195689000	      9682	80004a10	01aa60b3	or	x1,x20,x26	 x20:0xffffffc0 x26:0x00000000  x1=0xffffffc0
      195709000	      9683	80004a14	68c53d13	sltiu	x26,x10,1676	 x10:0x00000001 x26=0x00000001
      195729000	      9684	80004a18	0000100f	fence.i	
      196249000	      9710	80004a1c	40c15193	srai	x3,x2,0xc	  x2:0xf5e39895  x3=0xffff5e39
      196269000	      9711	80004a20	6ccffa93	andi	x21,x31,1740	 x31:0x00000000 x21=0x00000000
      196289000	      9712	80004a24	0102ee33	or	x28,x5,x16	  x5:0x00000000 x16:0x176069fe x28=0x176069fe
      196489000	      9722	80004a28	7d1dc393	xori	x7,x27,2001	 x27:0x025ce400  x7=0x025ce3d1
      196909000	      9743	80004a2c	987d	c.andi	x8,-1	  x8:0x00000001  x8=0x00000001
      196989000	      9747	80004a2e	d60efa37	lui	x20,0xd60ef	 x20=0xd60ef000
      197409000	      9768	80004a32	01b362b3	or	x5,x6,x27	  x6:0xffffffff x27:0x025ce400  x5=0xffffffff
      197429000	      9769	80004a36	932c8493	addi	x9,x25,-1742	 x25:0x00000001  x9=0xfffff933
      197549000	      9775	80004a3a	8770de97	auipc	x29,0x8770d	 x29=0x07711a3a
      197569000	      9776	80004a3e	05706363	bltu	x0,x23,80004a84	  x0:0x00000000 x23:0x0001a000
      198309000	      9813	80004a84	9e6e6e93	ori	x29,x28,-1562	 x28:0x176069fe x29=0xfffff9fe
      198329000	      9814	80004a88	022688b3	mul	x17,x13,x2	 x13:0x00000000  x2:0xf5e39895 x17=0x00000000
      198749000	      9835	80004a8c	00a3cc63	blt	x7,x10,80004aa4	  x7:0x025ce3d1 x10:0x00000001
      198769000	      9836	80004a90	00eb9c33	sll	x24,x23,x14	 x23:0x0001a000 x14:0x80025ce4 x24=0x001a0000
      198789000	      9837	80004a94	01539993	slli	x19,x7,0x15	  x7:0x025ce3d1 x19=0x7a200000
      198969000	      9846	80004a98	00690cb3	add	x25,x18,x6	 x18:0x00000000  x6:0xffffffff x25=0xffffffff
      199389000	      9867	80004a9c	00a70db3	add	x27,x14,x10	 x14:0x80025ce4 x10:0x00000001 x27=0x80025ce5
      199669000	      9881	80004aa0	020f03b3	mul	x7,x30,x0	 x30:0xffffffff  x0:0x00000000  x7=0x00000000
      200089000	      9902	80004aa4	62d9	c.lui	x5,0x16	  x5=0x00016000
      200509000	      9923	80004aa6	001f1513	slli	x10,x30,0x1	 x30:0xffffffff x10=0xfffffffe
      200529000	      9924	80004aaa	4541	c.li	x10,16	 x10=0x00000010
      200609000	      9928	80004aac	0073da63	bge	x7,x7,80004ac0	  x7:0x00000000  x7:0x00000000
      200849000	      9940	80004ac0	ef81	c.bnez	x15,80004ad8	 x15:0x00000001
      201129000	      9954	80004ad8	02a435b3	mulhu	x11,x8,x10	  x8:0x00000001 x10:0x00000010 x11=0x00000000
      201149000	      9955	80004adc	4181db13	srai	x22,x3,0x18	  x3:0xffff5e39 x22=0xffffffff
      201169000	      9956	80004ae0	e98d	c.bnez	x11,80004b12	 x11:0x00000000
      201189000	      9957	80004ae2	0000100f	fence.i	
      201589000	      9977	80004ae6	8d91	c.sub	x11,x12	 x11:0x00000000 x12:0x80021e04 x11=0x7ffde1fc
      201789000	      9987	80004ae8	013ad813	srli	x16,x21,0x13	 x21:0x00000000 x16=0x00000000
      201809000	      9988	80004aec	01aa6d63	bltu	x20,x26,80004b06	 x20:0xd60ef000 x26:0x00000001
      202149000	     10005	80004af0	415f06b3	sub	x13,x30,x21	 x30:0xffffffff x21:0x00000000 x13=0xffffffff
      202169000	     10006	80004af4	0001	c.addi	x0,0	  x0:0x00000000  x0=0x00000000
      202189000	     10007	80004af6	033b8a33	mul	x20,x23,x19	 x23:0x0001a000 x19:0x7a200000 x20=0x00000000
      202289000	     10012	80004afa	00f31a33	sll	x20,x6,x15	  x6:0xffffffff x15:0x00000001 x20=0xfffffffe
      203149000	     10055	80004afe	037447b3	div	x15,x8,x23	  x8:0x00000001 x23:0x0001a000 x15=0x00000000
      203169000	     10056	80004b02	86096a13	ori	x20,x18,-1952	 x18:0x00000000 x20=0xfffff860
      203189000	     10057	80004b06	8cfd	c.and	x9,x15	  x9:0xfffff933 x15:0x00000000  x9=0x00000000
      203209000	     10058	80004b08	0001	c.addi	x0,0	  x0:0x00000000  x0=0x00000000
      203949000	     10095	80004b0a	036acbb3	div	x23,x21,x22	 x21:0x00000000 x22:0xffffffff x23=0x00000000
      203969000	     10096	80004b0e	0163d263	bge	x7,x22,80004b12	  x7:0x00000000 x22:0xffffffff
      204389000	     10117	80004b12	030dc8b3	div	x17,x27,x16	 x27:0x80025ce5 x16:0x00000000 x17=0xffffffff
      204409000	     10118	80004b16	0ff0000f	fence	iorw,iorw	
      205189000	     10157	80004b1a	039dec33	rem	x24,x27,x25	 x27:0x80025ce5 x25:0xffffffff x24=0x00000000
      205229000	     10159	80004b1e	0203edb3	rem	x27,x7,x0	  x7:0x00000000  x0:0x00000000 x27=0x00000000
      205249000	     10160	80004b22	6e99	c.lui	x29,0x6	 x29=0x00006000
      205269000	     10161	80004b24	40c80233	sub	x4,x16,x12	 x16:0x00000000 x12:0x80021e04  x4=0x7ffde1fc
      205289000	     10162	80004b28	009c80b3	add	x1,x25,x9	 x25:0xffffffff  x9:0x00000000  x1=0xffffffff
      205309000	     10163	80004b2c	87b1	c.srai	x15,0xc	 x15:0x00000000 x15=0x00000000
      205329000	     10164	80004b2e	60fd	c.lui	x1,0x1f	  x1=0x0001f000
      205349000	     10165	80004b30	01022fb3	slt	x31,x4,x16	  x4:0x7ffde1fc x16:0x00000000 x31=0x00000000
      205529000	     10174	80004b34	00fe84b3	add	x9,x29,x15	 x29:0x00006000 x15:0x00000000  x9=0x00006000
      205549000	     10175	80004b38	0001	c.addi	x0,0	  x0:0x00000000  x0=0x00000000
      205569000	     10176	80004b3a	8ced	c.and	x9,x11	  x9:0x00006000 x11:0x7ffde1fc  x9=0x00006000
      205589000	     10177	80004b3c	0001	c.addi	x0,0	  x0:0x00000000  x0=0x00000000
      205609000	     10178	80004b3e	8c12	c.mv	x24,x4	  x0:0x00000000  x4:0x7ffde1fc x24=0x7ffde1fc
      205629000	     10179	80004b40	8549	c.srai	x10,0x12	 x10:0x00000010 x10=0x00000000
      205649000	     10180	80004b42	ca81	c.beqz	x13,80004b52	 x13:0xffffffff
      205709000	     10183	80004b44	8131	c.srli	x10,0xc	 x10:0x00000000 x10=0x00000000
      205749000	     10185	80004b46	217c8937	lui	x18,0x217c8	 x18=0x217c8000
      206029000	     10199	80004b4a	7d32cd93	xori	x27,x5,2003	  x5:0x00016000 x27=0x000167d3
      206049000	     10200	80004b4e	0100cf63	blt	x1,x16,80004b6c	  x1:0x0001f000 x16:0x00000000
      206069000	     10201	80004b52	6a99	c.lui	x21,0x6	 x21=0x00006000
      206249000	     10210	80004b54	84cd	c.srai	x9,0x13	  x9:0x00006000  x9=0x00000000
      206549000	     10225	80004b56	0082dd93	srli	x27,x5,0x8	  x5:0x00016000 x27=0x00000160
      206569000	     10226	80004b5a	8405	c.srai	x8,0x1	  x8:0x00000001  x8=0x00000000
      206969000	     10246	80004b5c	024d0463	beq	x26,x4,80004b84	 x26:0x00000001  x4:0x7ffde1fc
      206989000	     10247	80004b60	7a3a2a93	slti	x21,x20,1955	 x20:0xfffff860 x21=0x00000001
      207009000	     10248	80004b64	2b24ca93	xori	x21,x9,690	  x9:0x00000000 x21=0x000002b2
      207029000	     10249	80004b68	01de5bb3	srl	x23,x28,x29	 x28:0x176069fe x29:0x00006000 x23=0x176069fe
      207049000	     10250	80004b6c	8d49	c.or	x10,x10	 x10:0x00000000 x10:0x00000000 x10=0x00000000
      207069000	     10251	80004b6e	8fe9	c.and	x15,x10	 x15:0x00000000 x10:0x00000000 x15=0x00000000
      207229000	     10259	80004b70	a2ab0237	lui	x4,0xa2ab0	  x4=0xa2ab0000
      207249000	     10260	80004b74	0001	c.addi	x0,0	  x0:0x00000000  x0=0x00000000
      207449000	     10270	80004b76	02ff02b3	mul	x5,x30,x15	 x30:0xffffffff x15:0x00000000  x5=0x00000000
      207469000	     10271	80004b7a	cf89	c.beqz	x15,80004b94	 x15:0x00000000
      207729000	     10284	80004b94	30b9ec93	ori	x25,x19,779	 x19:0x7a200000 x25=0x7a20030b
      208069000	     10301	80004b98	0001	c.addi	x0,0	  x0:0x00000000  x0=0x00000000
      208249000	     10310	80004b9a	00ecbcb3	sltu	x25,x25,x14	 x25:0x7a20030b x14:0x80025ce4 x25=0x00000001
      208469000	     10321	80004b9e	03002fb3	mulhsu	x31,x0,x16	  x0:0x00000000 x16:0x00000000 x31=0x00000000
      208569000	     10326	80004ba2	18f0f513	andi	x10,x1,399	  x1:0x0001f000 x10=0x00000000
      208669000	     10331	80004ba6	015bdeb3	srl	x29,x23,x21	 x23:0x176069fe x21:0x000002b2 x29=0x000005d8
      208689000	     10332	80004baa	04b1c263	blt	x3,x11,80004bee	  x3:0xffff5e39 x11:0x7ffde1fc
      210089000	     10402	80004bee	021c5eb3	divu	x29,x24,x1	 x24:0x7ffde1fc  x1:0x0001f000 x29=0x0000420f
      210109000	     10403	80004bf2	404804b3	sub	x9,x16,x4	 x16:0x00000000  x4:0xa2ab0000  x9=0x5d550000
      210129000	     10404	80004bf6	000e15b3	sll	x11,x28,x0	 x28:0x176069fe  x0:0x00000000 x11=0x176069fe
      210869000	     10441	80004bfa	03e3eeb3	rem	x29,x7,x30	  x7:0x00000000 x30:0xffffffff x29=0x00000000
      210889000	     10442	80004bfe	0001	c.addi	x0,0	  x0:0x00000000  x0=0x00000000
      210909000	     10443	80004c00	41060333	sub	x6,x12,x16	 x12:0x80021e04 x16:0x00000000  x6=0x80021e04
      210929000	     10444	80004c04	8d79	c.and	x10,x14	 x10:0x00000000 x14:0x80025ce4 x10=0x00000000
      210949000	     10445	80004c06	02880e33	mul	x28,x16,x8	 x16:0x00000000  x8:0x00000000 x28=0x00000000
      210969000	     10446	80004c0a	e985	c.bnez	x11,80004c3a	 x11:0x176069fe
      212649000	     10530	80004c3a	40d6dc13	srai	x24,x13,0xd	 x13:0xffffffff x24=0xffffffff
      212669000	     10531	80004c3e	4c69	c.li	x24,26	 x24=0x0000001a
      212689000	     10532	80004c40	f16bb393	sltiu	x7,x23,-234	 x23:0x176069fe  x7=0x00000001
      212709000	     10533	80004c44	00e41c63	bne	x8,x14,80004c5c	  x8:0x00000000 x14:0x80025ce4
      213729000	     10584	80004c5c	039647b3	div	x15,x12,x25	 x12:0x80021e04 x25:0x00000001 x15=0x80021e04
      213749000	     10585	80004c60	0001	c.addi	x0,0	  x0:0x00000000  x0=0x00000000
      214489000	     10622	80004c62	023d7533	remu	x10,x26,x3	 x26:0x00000001  x3:0xffff5e39 x10=0x00000001
      215229000	     10659	80004c66	021a48b3	div	x17,x20,x1	 x20:0xfffff860  x1:0x0001f000 x17=0x00000000
      215249000	     10660	80004c6a	054a	c.slli	x10,0x12	 x10:0x00000001 x10=0x00040000
      215269000	     10661	80004c6c	1a7d	c.addi	x20,-1	 x20:0xfffff860 x20=0xfffff85f
      216009000	     10698	80004c6e	024ddb33	divu	x22,x27,x4	 x27:0x00000160  x4:0xa2ab0000 x22=0x00000000
      216029000	     10699	80004c72	41dcd533	sra	x10,x25,x29	 x25:0x00000001 x29:0x00000000 x10=0x00000001
      216069000	     10701	80004c76	033811b3	mulh	x3,x16,x19	 x16:0x00000000 x19:0x7a200000  x3=0x00000000
      216089000	     10702	80004c7a	97be	c.add	x15,x15	 x15:0x80021e04 x15:0x80021e04 x15=0x00043c08
      216109000	     10703	80004c7c	40a053b3	sra	x7,x0,x10	  x0:0x00000000 x10:0x00000001  x7=0x00000000
      216129000	     10704	80004c80	01999d63	bne	x19,x25,80004c9a	 x19:0x7a200000 x25:0x00000001
      216669000	     10731	80004c9a	03ef1063	bne	x30,x30,80004cba	 x30:0xffffffff x30:0xffffffff
      216689000	     10732	80004c9e	c28d	c.beqz	x13,80004cc0	 x13:0xffffffff
      216809000	     10738	80004ca0	cf89	c.beqz	x15,80004cba	 x15:0x00043c08
      216829000	     10739	80004ca2	419c5ab3	sra	x21,x24,x25	 x24:0x0000001a x25:0x00000001 x21=0x0000000d
      216849000	     10740	80004ca6	d22cfb97	auipc	x23,0xd22cf	 x23=0x522d3ca6
      216869000	     10741	80004caa	8fa9	c.xor	x15,x10	 x15:0x00043c08 x10:0x00000001 x15=0x00043c09
      217269000	     10761	80004cac	2da5a213	slti	x4,x11,730	 x11:0x176069fe  x4=0x00000000
      217289000	     10762	80004cb0	03678c63	beq	x15,x22,80004ce8	 x15:0x00043c09 x22:0x00000000
      217709000	     10783	80004cb4	48264837	lui	x16,0x48264	 x16=0x48264000
      217729000	     10784	80004cb8	81b1	c.srli	x11,0xc	 x11:0x176069fe x11=0x00017606
      218109000	     10803	80004cba	029f5563	bge	x30,x9,80004ce4	 x30:0xffffffff  x9:0x5d550000
      218129000	     10804	80004cbe	052e	c.slli	x10,0xb	 x10:0x00000001 x10=0x00000800
      218289000	     10812	80004cc0	8405	c.srai	x8,0x1	  x8:0x00000000  x8=0x00000000
      218309000	     10813	80004cc2	8cad	c.xor	x9,x11	  x9:0x5d550000 x11:0x00017606  x9=0x5d547606
      218329000	     10814	80004cc4	823dbc93	sltiu	x25,x27,-2013	 x27:0x00000160 x25=0x00000001
      218349000	     10815	80004cc8	8459	c.srai	x8,0x16	  x8:0x00000000  x8=0x00000000
      218369000	     10816	80004cca	bbf72e17	auipc	x28,0xbbf72	 x28=0x3bf76cca
      218389000	     10817	80004cce	ed99	c.bnez	x11,80004cec	 x11:0x00017606
      218949000	     10845	80004cec	8f99	c.sub	x15,x14	 x15:0x00043c09 x14:0x80025ce4 x15=0x8001df25
      218989000	     10847	80004cee	414056b3	sra	x13,x0,x20	  x0:0x00000000 x20:0xfffff85f x13=0x00000000
      219009000	     10848	80004cf2	78cec993	xori	x19,x29,1932	 x29:0x00000000 x19=0x0000078c
      219029000	     10849	80004cf6	013233b3	sltu	x7,x4,x19	  x4:0x00000000 x19:0x0000078c  x7=0x00000001
      219269000	     10861	80004cfa	0ff0000f	fence	iorw,iorw	
      219689000	     10882	80004cfe	03a75063	bge	x14,x26,80004d1e	 x14:0x80025ce4 x26:0x00000001
      220729000	     10934	80004d02	03ebd533	divu	x10,x23,x30	 x23:0x522d3ca6 x30:0xffffffff x10=0x00000000
      221469000	     10971	80004d06	02bbc333	div	x6,x23,x11	 x23:0x522d3ca6 x11:0x00017606  x6=0x0000383e
      221489000	     10972	80004d0a	ec01	c.bnez	x8,80004d22	  x8:0x00000000
      221509000	     10973	80004d0c	09a6	c.slli	x19,0x9	 x19:0x0000078c x19=0x000f1800
      222249000	     11010	80004d0e	0392de33	divu	x28,x5,x25	  x5:0x00000000 x25:0x00000001 x28=0x00000000
      222269000	     11011	80004d12	e6212013	slti	x0,x2,-414	  x2:0xf5e39895  x0=0x00000000
      222309000	     11013	80004d16	03ca22b3	mulhsu	x5,x20,x28	 x20:0xfffff85f x28:0x00000000  x5=0x00000000
      222329000	     11014	80004d1a	00dcce63	blt	x25,x13,80004d36	 x25:0x00000001 x13:0x00000000
      222349000	     11015	80004d1e	0000100f	fence.i	
      222889000	     11042	80004d22	ed91f593	andi	x11,x3,-295	  x3:0x00000000 x11=0x00000000
      222909000	     11043	80004d26	00d17a33	and	x20,x2,x13	  x2:0xf5e39895 x13:0x00000000 x20=0x00000000
      222929000	     11044	80004d2a	0001	c.addi	x0,0	  x0:0x00000000  x0=0x00000000
      222969000	     11046	80004d2c	03196eb3	rem	x29,x18,x17	 x18:0x217c8000 x17:0x00000000 x29=0x217c8000
      223149000	     11055	80004d30	ef89	c.bnez	x15,80004d4a	 x15:0x8001df25
      224449000	     11120	80004d4a	0271f3b3	remu	x7,x3,x7	  x3:0x00000000  x7:0x00000001  x7=0x00000000
      224469000	     11121	80004d4e	01949f93	slli	x31,x9,0x19	  x9:0x5d547606 x31=0x0c000000
      224489000	     11122	80004d52	6efd	c.lui	x29,0x1f	 x29=0x0001f000
      224509000	     11123	80004d54	79108293	addi	x5,x1,1937	  x1:0x0001f000  x5=0x0001f791
      224529000	     11124	80004d58	841d	c.srai	x8,0x7	  x8:0x00000000  x8=0x00000000
      224549000	     11125	80004d5a	0001	c.addi	x0,0	  x0:0x00000000  x0=0x00000000
      224569000	     11126	80004d5c	87f6	c.mv	x15,x29	  x0:0x00000000 x29:0x0001f000 x15=0x0001f000
      224589000	     11127	80004d5e	03960f63	beq	x12,x25,80004d9c	 x12:0x80021e04 x25:0x00000001
      224629000	     11129	80004d62	02783bb3	mulhu	x23,x16,x7	 x16:0x48264000  x7:0x00000000 x23=0x00000000
      224649000	     11130	80004d66	41cd	c.li	x3,19	  x3=0x00000013
      224669000	     11131	80004d68	8eb1	c.xor	x13,x12	 x13:0x00000000 x12:0x80021e04 x13=0x80021e04
      224689000	     11132	80004d6a	8089	c.srli	x9,0x2	  x9:0x5d547606  x9=0x17551d81
      224769000	     11136	80004d6c	8d65	c.and	x10,x9	 x10:0x00000000  x9:0x17551d81 x10=0x00000000
      224949000	     11145	80004d6e	016554b3	srl	x9,x10,x22	 x10:0x00000000 x22:0x00000000  x9=0x00000000
      224969000	     11146	80004d72	0001	c.addi	x0,0	  x0:0x00000000  x0=0x00000000
      225049000	     11150	80004d74	0017d993	srli	x19,x15,0x1	 x15:0x0001f000 x19=0x0000f800
      225369000	     11166	80004d78	01b291b3	sll	x3,x5,x27	  x5:0x0001f791 x27:0x00000160  x3=0x0001f791
      225429000	     11169	80004d7c	014952b3	srl	x5,x18,x20	 x18:0x217c8000 x20:0x00000000  x5=0x217c8000
      225589000	     11177	80004d80	9342	c.add	x6,x16	  x6:0x0000383e x16:0x48264000  x6=0x4826783e
      225609000	     11178	80004d82	026e7263	bgeu	x28,x6,80004da6	 x28:0x00000000  x6:0x4826783e
      225629000	     11179	80004d86	89e9	c.andi	x11,26	 x11:0x00000000 x11=0x00000000
      225829000	     11189	80004d88	00600e63	beq	x0,x6,80004da4	  x0:0x00000000  x6:0x4826783e
      225849000	     11190	80004d8c	8e8d	c.sub	x13,x11	 x13:0x80021e04 x11:0x00000000 x13=0x80021e04
      225889000	     11192	80004d8e	024974b3	remu	x9,x18,x4	 x18:0x217c8000  x4:0x00000000  x9=0x217c8000
      225909000	     11193	80004d92	0fa4c893	xori	x17,x9,250	  x9:0x217c8000 x17=0x217c80fa
      225929000	     11194	80004d96	4017d0b3	sra	x1,x15,x1	 x15:0x0001f000  x1:0x0001f000  x1=0x0001f000
      225949000	     11195	80004d9a	0799	c.addi	x15,6	 x15:0x0001f000 x15=0x0001f006
      226209000	     11208	80004d9c	411ed533	sra	x10,x29,x17	 x29:0x0001f000 x17:0x217c80fa x10=0x00000000
      226229000	     11209	80004da0	03797163	bgeu	x18,x23,80004dc2	 x18:0x217c8000 x23:0x00000000
      227389000	     11267	80004dc2	090e7e13	andi	x28,x28,144	 x28:0x00000000 x28=0x00000000
      227409000	     11268	80004dc6	86b1	c.srai	x13,0xc	 x13:0x80021e04 x13=0xfff80021
      227569000	     11276	80004dc8	1bfd	c.addi	x23,-1	 x23:0x00000000 x23=0xffffffff
      227669000	     11281	80004dca	40d750b3	sra	x1,x14,x13	 x14:0x80025ce4 x13:0xfff80021  x1=0xc0012e72
      227749000	     11285	80004dce	00488463	beq	x17,x4,80004dd6	 x17:0x217c80fa  x4:0x00000000
      227769000	     11286	80004dd2	40de5593	srai	x11,x28,0xd	 x28:0x00000000 x11=0x00000000
      227789000	     11287	80004dd6	e81d	c.bnez	x8,80004e0c	  x8:0x00000000
      227929000	     11294	80004dd8	06c1	c.addi	x13,16	 x13:0xfff80021 x13=0xfff80031
      227949000	     11295	80004dda	011c9f93	slli	x31,x25,0x11	 x25:0x00000001 x31=0x00020000
      228149000	     11305	80004dde	02a19eb3	mulh	x29,x3,x10	  x3:0x0001f791 x10:0x00000000 x29=0x00000000
      228169000	     11306	80004de2	02a3ca63	blt	x7,x10,80004e16	  x7:0x00000000 x10:0x00000000
      228509000	     11323	80004de6	2cf48e93	addi	x29,x9,719	  x9:0x217c8000 x29=0x217c82cf
      228529000	     11324	80004dea	03125163	bge	x4,x17,80004e0c	  x4:0x00000000 x17:0x217c80fa
      228949000	     11345	80004dee	2d4eea13	ori	x20,x29,724	 x29:0x217c82cf x20=0x217c82df
      228969000	     11346	80004df2	002a9c33	sll	x24,x21,x2	 x21:0x0000000d  x2:0xf5e39895 x24=0x01a00000
      229169000	     11356	80004df6	02b830b3	mulhu	x1,x16,x11	 x16:0x48264000 x11:0x00000000  x1=0x00000000
      229189000	     11357	80004dfa	8d8a	c.mv	x27,x2	  x0:0x00000000  x2:0xf5e39895 x27=0xf5e39895
      229209000	     11358	80004dfc	921c2c93	slti	x25,x24,-1759	 x24:0x01a00000 x25=0x00000000
      229229000	     11359	80004e00	01fe84b3	add	x9,x29,x31	 x29:0x217c82cf x31:0x00020000  x9=0x217e82cf
      229269000	     11361	80004e04	01969533	sll	x10,x13,x25	 x13:0xfff80031 x25:0x00000000 x10=0xfff80031
      229289000	     11362	80004e08	038d7363	bgeu	x26,x24,80004e2e	 x26:0x00000001 x24:0x01a00000
      229689000	     11382	80004e0c	01746b33	or	x22,x8,x23	  x8:0x00000000 x23:0xffffffff x22=0xffffffff
      229889000	     11392	80004e10	c905	c.beqz	x10,80004e40	 x10:0xfff80031
      229909000	     11393	80004e12	ebd9a197	auipc	x3,0xebd9a	  x3=0x6bd9ee12
      230649000	     11430	80004e16	0269f533	remu	x10,x19,x6	 x19:0x0000f800  x6:0x4826783e x10=0x0000f800
      230669000	     11431	80004e1a	01d15593	srli	x11,x2,0x1d	  x2:0xf5e39895 x11=0x00000007
      231409000	     11468	80004e1e	037bf533	remu	x10,x23,x23	 x23:0xffffffff x23:0xffffffff x10=0x00000000
      231429000	     11469	80004e22	01505993	srli	x19,x0,0x15	  x0:0x00000000 x19=0x00000000
      231449000	     11470	80004e26	01889b63	bne	x17,x24,80004e3c	 x17:0x217c80fa x24:0x01a00000
      231929000	     11494	80004e3c	40f05a33	sra	x20,x0,x15	  x0:0x00000000 x15:0x0001f006 x20=0x00000000
      232089000	     11502	80004e40	01d74433	xor	x8,x14,x29	 x14:0x80025ce4 x29:0x217c82cf  x8=0xa17ede2b
      232409000	     11518	80004e44	8edd	c.or	x13,x15	 x13:0xfff80031 x15:0x0001f006 x13=0xfff9f037
      232609000	     11528	80004e46	00b090b3	sll	x1,x1,x11	  x1:0x00000000 x11:0x00000007  x1=0x00000000
      232629000	     11529	80004e4a	e29d	c.bnez	x13,80004e70	 x13:0xfff9f037
      233609000	     11578	80004e70	015d6933	or	x18,x26,x21	 x26:0x00000001 x21:0x0000000d x18=0x0000000d
      233629000	     11579	80004e74	e69b7893	andi	x17,x22,-407	 x22:0xffffffff x17=0xfffffe69
      234369000	     11616	80004e78	025342b3	div	x5,x6,x5	  x6:0x4826783e  x5:0x217c8000  x5=0x00000002
      234389000	     11617	80004e7c	010193b3	sll	x7,x3,x16	  x3:0x6bd9ee12 x16:0x48264000  x7=0x6bd9ee12
      234409000	     11618	80004e80	8dd9	c.or	x11,x14	 x11:0x00000007 x14:0x80025ce4 x11=0x80025ce7
      234429000	     11619	80004e82	006accb3	xor	x25,x21,x6	 x21:0x0000000d  x6:0x4826783e x25=0x48267833
      234469000	     11621	80004e86	03c1b233	mulhu	x4,x3,x28	  x3:0x6bd9ee12 x28:0x00000000  x4=0x00000000
      234589000	     11627	80004e8a	bacfaf97	auipc	x31,0xbacfa	 x31=0x3acfee8a
      234609000	     11628	80004e8e	c2a1	c.beqz	x13,80004ece	 x13:0xfff9f037
      234649000	     11630	80004e90	0000100f	fence.i	
      234909000	     11643	80004e94	4107deb3	sra	x29,x15,x16	 x15:0x0001f006 x16:0x48264000 x29=0x0001f006
      235029000	     11649	80004e98	0001	c.addi	x0,0	  x0:0x00000000  x0=0x00000000
      235869000	     11691	80004e9a	0392ddb3	divu	x27,x5,x25	  x5:0x00000002 x25:0x48267833 x27=0x00000000
      235889000	     11692	80004e9e	00381263	bne	x16,x3,80004ea2	 x16:0x48264000  x3:0x6bd9ee12
      236009000	     11698	80004ea2	8185	c.srli	x11,0x1	 x11:0x80025ce7 x11=0x40012e73
      236029000	     11699	80004ea4	0001	c.addi	x0,0	  x0:0x00000000  x0=0x00000000
      236149000	     11705	80004ea6	d697ce13	xori	x28,x15,-663	 x15:0x0001f006 x28=0xfffe0d6f
      236629000	     11729	80004eaa	00a2eb63	bltu	x5,x10,80004ec0	  x5:0x00000002 x10:0x00000000
      237049000	     11750	80004eae	00281fb3	sll	x31,x16,x2	 x16:0x48264000  x2:0xf5e39895 x31=0x00000000
      237069000	     11751	80004eb2	8cbd	c.xor	x9,x15	  x9:0x217e82cf x15:0x0001f006  x9=0x217f72c9
      237229000	     11759	80004eb4	8389	c.srli	x15,0x2	 x15:0x0001f006 x15=0x00007c01
      237249000	     11760	80004eb6	00c66cb3	or	x25,x12,x12	 x12:0x80021e04 x12:0x80021e04 x25=0x80021e04
      237269000	     11761	80004eba	17fd	c.addi	x15,-1	 x15:0x00007c01 x15=0x00007c00
      237569000	     11776	80004ebc	01e16b63	bltu	x2,x30,80004ed2	  x2:0xf5e39895 x30:0xffffffff
      246769000	     12236	80004ed2	4003d9b3	sra	x19,x7,x0	  x7:0x6bd9ee12  x0:0x00000000 x19=0x6bd9ee12
      246789000	     12237	80004ed6	0a9e	c.slli	x21,0x7	 x21:0x0000000d x21=0x00000680
      246809000	     12238	80004ed8	0065f1b3	and	x3,x11,x6	 x11:0x40012e73  x6:0x4826783e  x3=0x40002832
      246829000	     12239	80004edc	8fb1	c.xor	x15,x12	 x15:0x00007c00 x12:0x80021e04 x15=0x80026204
      246849000	     12240	80004ede	004c7033	and	x0,x24,x4	 x24:0x01a00000  x4:0x00000000  x0=0x00000000
      246869000	     12241	80004ee2	0144bc33	sltu	x24,x9,x20	  x9:0x217f72c9 x20:0x00000000 x24=0x00000000
      247089000	     12252	80004ee6	02d7dc63	bge	x15,x13,80004f1e	 x15:0x80026204 x13:0xfff9f037
      247329000	     12264	80004eea	02685b63	bge	x16,x6,80004f20	 x16:0x48264000  x6:0x4826783e
      247349000	     12265	80004eee	8c71	c.and	x8,x12	  x8:0xa17ede2b x12:0x80021e04  x8=0x80021e00
      248089000	     12302	80004ef0	022263b3	rem	x7,x4,x2	  x4:0x00000000  x2:0xf5e39895  x7=0x00000000
      248109000	     12303	80004ef4	cd89	c.beqz	x11,80004f0e	 x11:0x40012e73
      248849000	     12340	80004ef6	0283edb3	rem	x27,x7,x8	  x7:0x00000000  x8:0x80021e00 x27=0x00000000
      248869000	     12341	80004efa	951b0593	addi	x11,x22,-1711	 x22:0xffffffff x11=0xfffff950
      248889000	     12342	80004efe	02971c63	bne	x14,x9,80004f36	 x14:0x80025ce4  x9:0x217f72c9
      249149000	     12355	80004f36	018f48b3	xor	x17,x30,x24	 x30:0xffffffff x24:0x00000000 x17=0xffffffff
      249169000	     12356	80004f3a	c019	c.beqz	x8,80004f40	  x8:0x80021e00
      249189000	     12357	80004f3c	9b663a17	auipc	x20,0x9b663	 x20=0x1b667f3c
      249589000	     12377	80004f40	0126fd63	bgeu	x13,x18,80004f5a	 x13:0xfff9f037 x18:0x0000000d
      249849000	     12390	80004f5a	a4a6d097	auipc	x1,0xa4a6d	  x1=0x24a71f5a
      249869000	     12391	80004f5e	5a893a13	sltiu	x20,x18,1448	 x18:0x0000000d x20=0x00000001
      249889000	     12392	80004f62	02ea	c.slli	x5,0x1a	  x5:0x00000002  x5=0x08000000
      250289000	     12412	80004f64	0001	c.addi	x0,0	  x0:0x00000000  x0=0x00000000
      250309000	     12413	80004f66	187d	c.addi	x16,-1	 x16:0x48264000 x16=0x48263fff
      250409000	     12418	80004f68	409005b3	sub	x11,x0,x9	  x0:0x00000000  x9:0x217f72c9 x11=0xde808d37
      250449000	     12420	80004f6c	9bfd	c.andi	x15,-1	 x15:0x80026204 x15=0x80026204
      250469000	     12421	80004f6e	026989b3	mul	x19,x19,x6	 x19:0x6bd9ee12  x6:0x4826783e x19=0xad0c185c
      250649000	     12430	80004f72	033438b3	mulhu	x17,x8,x19	  x8:0x80021e00 x19:0xad0c185c x17=0x56877a8d
      251389000	     12467	80004f76	02ca5db3	divu	x27,x20,x12	 x20:0x00000001 x12:0x80021e04 x27=0x00000000
      251409000	     12468	80004f7a	0001	c.addi	x0,0	  x0:0x00000000  x0=0x00000000
      251429000	     12469	80004f7c	01dfec63	bltu	x31,x29,80004f94	 x31:0x00000000 x29:0x0001f006
      251609000	     12478	80004f94	0406	c.slli	x8,0x1	  x8:0x80021e00  x8=0x00043c00
      251709000	     12483	80004f96	a8c3ba93	sltiu	x21,x7,-1396	  x7:0x00000000 x21=0x00000001
      251729000	     12484	80004f9a	cb89	c.beqz	x15,80004fac	 x15:0x80026204
      251769000	     12486	80004f9c	c881	c.beqz	x9,80004fac	  x9:0x217f72c9
      251789000	     12487	80004f9e	8fdd	c.or	x15,x15	 x15:0x80026204 x15:0x80026204 x15=0x80026204
      251809000	     12488	80004fa0	3bae6597	auipc	x11,0x3bae6	 x11=0xbbaeafa0
      252029000	     12499	80004fa4	8dd5	c.or	x11,x13	 x11:0xbbaeafa0 x13:0xfff9f037 x11=0xffffffb7
      252049000	     12500	80004fa6	83bd	c.srli	x15,0xf	 x15:0x80026204 x15=0x00010004
      252069000	     12501	80004fa8	413cd013	srai	x0,x25,0x13	 x25:0x80021e04  x0=0x00000000
      252089000	     12502	80004fac	9eb18013	addi	x0,x3,-1557	  x3:0x40002832  x0=0x00000000
      252109000	     12503	80004fb0	0000100f	fence.i	
      252569000	     12526	80004fb4	cd91	c.beqz	x11,80004fd0	 x11:0xffffffb7
      252609000	     12528	80004fb6	02a4ddb3	divu	x27,x9,x10	  x9:0x217f72c9 x10:0x00000000 x27=0xffffffff
      252629000	     12529	80004fba	01fb6b63	bltu	x22,x31,80004fd0	 x22:0xffffffff x31:0x00000000
      252649000	     12530	80004fbe	40335413	srai	x8,x6,0x3	  x6:0x4826783e  x8=0x0904cf07
      252669000	     12531	80004fc2	0001	c.addi	x0,0	  x0:0x00000000  x0=0x00000000
      252689000	     12532	80004fc4	014617b3	sll	x15,x12,x20	 x12:0x80021e04 x20:0x00000001 x15=0x00043c08
      252729000	     12534	80004fc8	0293f263	bgeu	x7,x9,80004fec	  x7:0x00000000  x9:0x217f72c9
      253029000	     12549	80004fcc	01a4b933	sltu	x18,x9,x26	  x9:0x217f72c9 x26:0x00000001 x18=0x00000000
      253429000	     12569	80004fd0	9ea2f293	andi	x5,x5,-1558	  x5:0x08000000  x5=0x08000000
      253449000	     12570	80004fd4	014d1e63	bne	x26,x20,80004ff0	 x26:0x00000001 x20:0x00000001
      253469000	     12571	80004fd8	03e904b3	mul	x9,x18,x30	 x18:0x00000000 x30:0xffffffff  x9=0x00000000
      253489000	     12572	80004fdc	0785	c.addi	x15,1	 x15:0x00043c08 x15=0x00043c09
      253749000	     12585	80004fde	0000100f	fence.i	
      254049000	     12600	80004fe2	00af3e33	sltu	x28,x30,x10	 x30:0xffffffff x10:0x00000000 x28=0x00000000
      254389000	     12617	80004fe6	037f1a33	mulh	x20,x30,x23	 x30:0xffffffff x23:0xffffffff x20=0x00000000
      254409000	     12618	80004fea	0f26	c.slli	x30,0x9	 x30:0xffffffff x30=0xfffffe00
      254429000	     12619	80004fec	0000100f	fence.i	
      254989000	     12647	80004ff0	8c25	c.xor	x8,x9	  x8:0x0904cf07  x9:0x00000000  x8=0x0904cf07
      255009000	     12648	80004ff2	0ff0000f	fence	iorw,iorw	
      255029000	     12649	80004ff6	02f7e763	bltu	x15,x15,80005024	 x15:0x00043c09 x15:0x00043c09
      255049000	     12650	80004ffa	99fd	c.andi	x11,-1	 x11:0xffffffb7 x11=0xffffffb7
      255449000	     12670	80004ffc	8da5	c.xor	x11,x9	 x11:0xffffffb7  x9:0x00000000 x11=0xffffffb7
      255469000	     12671	80004ffe	6a3d	c.lui	x20,0xf	 x20=0x0000f000
      255489000	     12672	80005000	63c9ef13	ori	x30,x19,1596	 x19:0xad0c185c x30=0xad0c1e7c
      255629000	     12679	80005004	8a96	c.mv	x21,x5	  x0:0x00000000  x5:0x08000000 x21=0x08000000
      255649000	     12680	80005006	8799	c.srai	x15,0x6	 x15:0x00043c09 x15=0x000010f0
      255849000	     12690	80005008	00b8dcb3	srl	x25,x17,x11	 x17:0x56877a8d x11:0xffffffb7 x25=0x000000ad
      255869000	     12691	8000500c	031f0233	mul	x4,x30,x17	 x30:0xad0c1e7c x17:0x56877a8d  x4=0xd197e24c
      255909000	     12693	80005010	01005093	srli	x1,x0,0x10	  x0:0x00000000  x1=0x00000000
      255929000	     12694	80005014	85d6	c.mv	x11,x21	  x0:0x00000000 x21:0x08000000 x11=0x08000000
      255969000	     12696	80005016	03cb66b3	rem	x13,x22,x28	 x22:0xffffffff x28:0x00000000 x13=0xffffffff
      255989000	     12697	8000501a	00b41db3	sll	x27,x8,x11	  x8:0x0904cf07 x11:0x08000000 x27=0x0904cf07
      256009000	     12698	8000501e	4fd1	c.li	x31,20	 x31=0x00000014
      256269000	     12711	80005020	01fa63b3	or	x7,x20,x31	 x20:0x0000f000 x31:0x00000014  x7=0x0000f014
      256549000	     12725	80005024	597d	c.li	x18,-1	 x18=0xffffffff
      256909000	     12743	80005026	03f29cb3	mulh	x25,x5,x31	  x5:0x08000000 x31:0x00000014 x25=0x00000000
      256929000	     12744	8000502a	8b81	c.andi	x15,0	 x15:0x000010f0 x15=0x00000000
      256949000	     12745	8000502c	127d	c.addi	x4,-1	  x4:0xd197e24c  x4=0xd197e24b
      256969000	     12746	8000502e	8de1	c.and	x11,x8	 x11:0x08000000  x8:0x0904cf07 x11=0x08000000
      257069000	     12751	80005030	006214b3	sll	x9,x4,x6	  x4:0xd197e24b  x6:0x4826783e  x9=0xc0000000
      257109000	     12753	80005034	02b898b3	mulh	x17,x17,x11	 x17:0x56877a8d x11:0x08000000 x17=0x02b43bd4
      257449000	     12770	80005038	00025833	srl	x16,x4,x0	  x4:0xd197e24b  x0:0x00000000 x16=0xd197e24b
      258229000	     12809	8000503c	02b96cb3	rem	x25,x18,x11	 x18:0xffffffff x11:0x08000000 x25=0xffffffff
      258249000	     12810	80005040	41f5d833	sra	x16,x11,x31	 x11:0x08000000 x31:0x00000014 x16=0x00000080
      258269000	     12811	80005044	f453ce13	xori	x28,x7,-187	  x7:0x0000f014 x28=0xffff0f51
      258289000	     12812	80005048	84ed	c.srai	x9,0x1b	  x9:0xc0000000  x9=0xfffffff8
      258309000	     12813	8000504a	0001	c.addi	x0,0	  x0:0x00000000  x0=0x00000000
      258329000	     12814	8000504c	c495	c.beqz	x9,80005078	  x9:0xfffffff8
      258349000	     12815	8000504e	003a1d13	slli	x26,x20,0x3	 x20:0x0000f000 x26=0x00078000
      258369000	     12816	80005052	004bf433	and	x8,x23,x4	 x23:0xffffffff  x4:0xd197e24b  x8=0xd197e24b
      258389000	     12817	80005056	4c15	c.li	x24,5	 x24=0x00000005
      258429000	     12819	80005058	0331abb3	mulhsu	x23,x3,x19	  x3:0x40002832 x19:0xad0c185c x23=0x2b432142
      258569000	     12826	8000505c	005caab3	slt	x21,x25,x5	 x25:0xffffffff  x5:0x08000000 x21=0x00000001
      258989000	     12847	80005060	3ec1bd13	sltiu	x26,x3,1004	  x3:0x40002832 x26=0x00000000
      259009000	     12848	80005064	00faf1b3	and	x3,x21,x15	 x21:0x00000001 x15:0x00000000  x3=0x00000000
      259029000	     12849	80005068	878d	c.srai	x15,0x3	 x15:0x00000000 x15=0x00000000
      259049000	     12850	8000506a	cc99	c.beqz	x9,80005088	  x9:0xfffffff8
      259089000	     12852	8000506c	03471c33	mulh	x24,x14,x20	 x14:0x80025ce4 x20:0x0000f000 x24=0xffff8802
      259229000	     12859	80005070	0248f563	bgeu	x17,x4,8000509a	 x17:0x02b43bd4  x4:0xd197e24b
      259649000	     12880	80005074	00eb8e33	add	x28,x23,x14	 x23:0x2b432142 x14:0x80025ce4 x28=0xab457e26
      259849000	     12890	80005078	0200dd63	bge	x1,x0,800050b2	  x1:0x00000000  x0:0x00000000
      261389000	     12967	800050b2	8d8d	c.sub	x11,x11	 x11:0x08000000 x11:0x08000000 x11=0x00000000
      262229000	     13009	800050b4	0248cab3	div	x21,x17,x4	 x17:0x02b43bd4  x4:0xd197e24b x21=0x00000000
      262249000	     13010	800050b8	9bfd	c.andi	x15,-1	 x15:0x00000000 x15=0x00000000
      262269000	     13011	800050ba	ea85	c.bnez	x13,800050ea	 x13:0xffffffff
      262409000	     13018	800050ea	00307cb3	and	x25,x0,x3	  x0:0x00000000  x3:0x00000000 x25=0x00000000
      262429000	     13019	800050ee	8c29	c.xor	x8,x10	  x8:0xd197e24b x10:0x00000000  x8=0xd197e24b
      262629000	     13029	800050f0	8c69	c.and	x8,x10	  x8:0xd197e24b x10:0x00000000  x8=0x00000000
      262669000	     13031	800050f2	02ad1533	mulh	x10,x26,x10	 x26:0x00000000 x10:0x00000000 x10=0x00000000
      262709000	     13033	800050f6	02ac5cb3	divu	x25,x24,x10	 x24:0xffff8802 x10:0x00000000 x25=0xffffffff
      262729000	     13034	800050fa	8061	c.srli	x8,0x18	  x8:0x00000000  x8=0x00000000
      262749000	     13035	800050fc	4a1d	c.li	x20,7	 x20=0x00000007
      262769000	     13036	800050fe	f2f7c7b7	lui	x15,0xf2f7c	 x15=0xf2f7c000
      262809000	     13038	80005102	020bdd33	divu	x26,x23,x0	 x23:0x2b432142  x0:0x00000000 x26=0xffffffff
      262829000	     13039	80005106	004cce33	xor	x28,x25,x4	 x25:0xffffffff  x4:0xd197e24b x28=0x2e681db4
      262849000	     13040	8000510a	0ff0000f	fence	iorw,iorw	
      262869000	     13041	8000510e	81d9	c.srli	x11,0x16	 x11:0x00000000 x11=0x00000000
      262889000	     13042	80005110	8795	c.srai	x15,0x5	 x15:0xf2f7c000 x15=0xff97be00
      262969000	     13046	80005112	03774463	blt	x14,x23,8000513a	 x14:0x80025ce4 x23:0x2b432142
      263269000	     13061	8000513a	013312b3	sll	x5,x6,x19	  x6:0x4826783e x19:0xad0c185c  x5=0xe0000000
      263409000	     13068	8000513e	034c9233	mulh	x4,x25,x20	 x25:0xffffffff x20:0x00000007  x4=0xffffffff
      263609000	     13078	80005142	dbb14e97	auipc	x29,0xdbb14	 x29=0x5bb19142
      263629000	     13079	80005146	8ec5	c.or	x13,x9	 x13:0xffffffff  x9:0xfffffff8 x13=0xffffffff
      263649000	     13080	80005148	8dfd	c.and	x11,x15	 x11:0x00000000 x15:0xff97be00 x11=0x00000000
      263669000	     13081	8000514a	025fe863	bltu	x31,x5,8000517a	 x31:0x00000014  x5:0xe0000000
      264429000	     13119	8000517a	407cd6b3	sra	x13,x25,x7	 x25:0xffffffff  x7:0x0000f014 x13=0xffffffff
      264849000	     13140	8000517e	004c1c63	bne	x24,x4,80005196	 x24:0xffff8802  x4:0xffffffff
      266029000	     13199	80005196	0001	c.addi	x0,0	  x0:0x00000000  x0=0x00000000
      266089000	     13202	80005198	03772333	mulhsu	x6,x14,x23	 x14:0x80025ce4 x23:0x2b432142  x6=0xea5ed597
      266269000	     13211	8000519c	4060d233	sra	x4,x1,x6	  x1:0x00000000  x6:0xea5ed597  x4=0x00000000
      267009000	     13248	800051a0	036adeb3	divu	x29,x21,x22	 x21:0x00000000 x22:0xffffffff x29=0x00000000
      267049000	     13250	800051a4	03d9cbb3	div	x23,x19,x29	 x19:0xad0c185c x29:0x00000000 x23=0xffffffff
      267069000	     13251	800051a8	204b0213	addi	x4,x22,516	 x22:0xffffffff  x4=0x00000203
      267089000	     13252	800051ac	9a96	c.add	x21,x5	 x21:0x00000000  x5:0xe0000000 x21=0xe0000000
      267109000	     13253	800051ae	00c8d213	srli	x4,x17,0xc	 x17:0x02b43bd4  x4=0x00002b43
      267129000	     13254	800051b2	03a88cb3	mul	x25,x17,x26	 x17:0x02b43bd4 x26:0xffffffff x25=0xfd4bc42c
      267149000	     13255	800051b6	051d5463	bge	x26,x17,800051fe	 x26:0xffffffff x17:0x02b43bd4
      267269000	     13261	800051ba	c0d02893	slti	x17,x0,-1011	  x0:0x00000000 x17=0x00000000
      267409000	     13268	800051be	03c78463	beq	x15,x28,800051e6	 x15:0xff97be00 x28:0x2e681db4
      267429000	     13269	800051c2	a8844293	xori	x5,x8,-1400	  x8:0x00000000  x5=0xfffffa88
      267449000	     13270	800051c6	9bfd	c.andi	x15,-1	 x15:0xff97be00 x15=0xff97be00
      267509000	     13273	800051c8	5d2a5c37	lui	x24,0x5d2a5	 x24=0x5d2a5000
      267529000	     13274	800051cc	8fe1	c.and	x15,x8	 x15:0xff97be00  x8:0x00000000 x15=0x00000000
      267549000	     13275	800051ce	51ed7b13	andi	x22,x26,1310	 x26:0xffffffff x22=0x0000051e
      267569000	     13276	800051d2	cfb16a13	ori	x20,x2,-773	  x2:0xf5e39895 x20=0xfffffcff
      268709000	     13333	800051d6	03c1f4b3	remu	x9,x3,x28	  x3:0x00000000 x28:0x2e681db4  x9=0x00000000
      268729000	     13334	800051da	21ad2a93	slti	x21,x26,538	 x26:0xffffffff x21=0x00000001
      268749000	     13335	800051de	05bc7563	bgeu	x24,x27,80005228	 x24:0x5d2a5000 x27:0x0904cf07
      269049000	     13350	80005228	c389	c.beqz	x15,8000522a	 x15:0x00000000
      269509000	     13373	8000522a	01225c33	srl	x24,x4,x18	  x4:0x00002b43 x18:0xffffffff x24=0x00000000
      269529000	     13374	8000522e	96de	c.add	x13,x23	 x13:0xffffffff x23:0xffffffff x13=0xfffffffe
      269649000	     13380	80005230	00acc9b3	xor	x19,x25,x10	 x25:0xfd4bc42c x10:0x00000000 x19=0xfd4bc42c
      269669000	     13381	80005234	00edc9b3	xor	x19,x27,x14	 x27:0x0904cf07 x14:0x80025ce4 x19=0x890693e3
      269689000	     13382	80005238	8a81	c.andi	x13,0	 x13:0xfffffffe x13=0x00000000
      269709000	     13383	8000523a	ca85	c.beqz	x13,8000526a	 x13:0x00000000
      270349000	     13415	8000526a	035c8933	mul	x18,x25,x21	 x25:0xfd4bc42c x21:0x00000001 x18=0xfd4bc42c
      270369000	     13416	8000526e	0d96	c.slli	x27,0x5	 x27:0x0904cf07 x27=0x2099e0e0
      270529000	     13424	80005270	987d	c.andi	x8,-1	  x8:0x00000000  x8=0x00000000
      270549000	     13425	80005272	8bb5	c.andi	x15,13	 x15:0x00000000 x15=0x00000000
      270569000	     13426	80005274	8ead	c.xor	x13,x11	 x13:0x00000000 x11:0x00000000 x13=0x00000000
      270589000	     13427	80005276	e989	c.bnez	x11,80005288	 x11:0x00000000
      270609000	     13428	80005278	8299	c.srli	x13,0x6	 x13:0x00000000 x13=0x00000000
      270629000	     13429	8000527a	81c1	c.srli	x11,0x10	 x11:0x00000000 x11=0x00000000
      270849000	     13440	8000527c	41f60a33	sub	x20,x12,x31	 x12:0x80021e04 x31:0x00000014 x20=0x80021df0
      271049000	     13450	80005280	403485b3	sub	x11,x9,x3	  x9:0x00000000  x3:0x00000000 x11=0x00000000
      271069000	     13451	80005284	84ad	c.srai	x9,0xb	  x9:0x00000000  x9=0x00000000
      271089000	     13452	80005286	13fd	c.addi	x7,-1	  x7:0x0000f014  x7=0x0000f013
      271469000	     13471	80005288	03804a33	div	x20,x0,x24	  x0:0x00000000 x24:0x00000000 x20=0xffffffff
      271889000	     13492	8000528c	02865833	divu	x16,x12,x8	 x12:0x80021e04  x8:0x00000000 x16=0xffffffff
      272629000	     13529	80005290	03eec8b3	div	x17,x29,x30	 x29:0x00000000 x30:0xad0c1e7c x17=0x00000000
      272649000	     13530	80005294	030f4d63	blt	x30,x16,800052ce	 x30:0xad0c1e7c x16:0xffffffff
      276669000	     13731	800052ce	7d880193	addi	x3,x16,2008	 x16:0xffffffff  x3=0x000007d7
      276689000	     13732	800052d2	8cb5	c.xor	x9,x13	  x9:0x00000000 x13:0x00000000  x9=0x00000000
      276709000	     13733	800052d4	8db9	c.xor	x11,x14	 x11:0x00000000 x14:0x80025ce4 x11=0x80025ce4
      276729000	     13734	800052d6	818d	c.srli	x11,0x3	 x11:0x80025ce4 x11=0x10004b9c
      276749000	     13735	800052d8	006ef6b3	and	x13,x29,x6	 x29:0x00000000  x6:0xea5ed597 x13=0x00000000
      276769000	     13736	800052dc	004d0033	add	x0,x26,x4	 x26:0xffffffff  x4:0x00002b43  x0=0x00000000
      277509000	     13773	800052e0	03684233	div	x4,x16,x22	 x16:0xffffffff x22:0x0000051e  x4=0x00000000
      277529000	     13774	800052e4	40605933	sra	x18,x0,x6	  x0:0x00000000  x6:0xea5ed597 x18=0x00000000
      277569000	     13776	800052e8	0338b7b3	mulhu	x15,x17,x19	 x17:0x00000000 x19:0x890693e3 x15=0x00000000
      277589000	     13777	800052ec	935e	c.add	x6,x23	  x6:0xea5ed597 x23:0xffffffff  x6=0xea5ed596
      277609000	     13778	800052ee	05619563	bne	x3,x22,80005338	  x3:0x000007d7 x22:0x0000051e
      277929000	     13794	80005338	00689a13	slli	x20,x17,0x6	 x17:0x00000000 x20=0x00000000
      278129000	     13804	8000533c	8cbd	c.xor	x9,x15	  x9:0x00000000 x15:0x00000000  x9=0x00000000
      278149000	     13805	8000533e	84dd	c.srai	x9,0x17	  x9:0x00000000  x9=0x00000000
      278169000	     13806	80005340	1f318293	addi	x5,x3,499	  x3:0x000007d7  x5=0x000009ca
      278909000	     13843	80005344	025e75b3	remu	x11,x28,x5	 x28:0x2e681db4  x5:0x000009ca x11=0x0000049c
      278929000	     13844	80005348	00616eb3	or	x29,x2,x6	  x2:0xf5e39895  x6:0xea5ed596 x29=0xffffdd97
      278949000	     13845	8000534c	8fa9	c.xor	x15,x10	 x15:0x00000000 x10:0x00000000 x15=0x00000000
      278969000	     13846	8000534e	021cf063	bgeu	x25,x1,8000536e	 x25:0xfd4bc42c  x1:0x00000000
      279609000	     13878	8000536e	b4bf2b93	slti	x23,x30,-1205	 x30:0xad0c1e7c x23=0x00000001
      279629000	     13879	80005372	8015f093	andi	x1,x11,-2047	 x11:0x0000049c  x1=0x00000000
      279669000	     13881	80005376	8a858693	addi	x13,x11,-1880	 x11:0x0000049c x13=0xfffffd44
      279749000	     13885	8000537a	03e81f33	mulh	x30,x16,x30	 x16:0xffffffff x30:0xad0c1e7c x30=0x00000000
      279769000	     13886	8000537e	87f2	c.mv	x15,x28	  x0:0x00000000 x28:0x2e681db4 x15=0x2e681db4
      280509000	     13923	80005380	02ddebb3	rem	x23,x27,x13	 x27:0x2099e0e0 x13:0xfffffd44 x23=0x000002b0
      280529000	     13924	80005384	33f54593	xori	x11,x10,831	 x10:0x00000000 x11=0x0000033f
      280549000	     13925	80005388	0183edb3	or	x27,x7,x24	  x7:0x0000f013 x24:0x00000000 x27=0x0000f013
      280569000	     13926	8000538c	69e5	c.lui	x19,0x19	 x19=0x00019000
      280589000	     13927	8000538e	013bfb63	bgeu	x23,x19,800053a4	 x23:0x000002b0 x19:0x00019000
      280609000	     13928	80005392	14fd	c.addi	x9,-1	  x9:0x00000000  x9=0xffffffff
      280629000	     13929	80005394	01060d63	beq	x12,x16,800053ae	 x12:0x80021e04 x16:0xffffffff
      280649000	     13930	80005398	40a9da93	srai	x21,x19,0xa	 x19:0x00019000 x21=0x00000064
      280669000	     13931	8000539c	8551	c.srai	x10,0x14	 x10:0x00000000 x10=0x00000000
      281089000	     13952	8000539e	0000100f	fence.i	
      282129000	     14004	800053a2	8d19	c.sub	x10,x14	 x10:0x00000000 x14:0x80025ce4 x10=0x7ffda31c
      282149000	     14005	800053a4	54656093	ori	x1,x10,1350	 x10:0x7ffda31c  x1=0x7ffda75e
      282169000	     14006	800053a8	f19ccc37	lui	x24,0xf19cc	 x24=0xf19cc000
      282189000	     14007	800053ac	8ded	c.and	x11,x11	 x11:0x0000033f x11:0x0000033f x11=0x0000033f
      282209000	     14008	800053ae	997d	c.andi	x10,-1	 x10:0x7ffda31c x10=0x7ffda31c
      282369000	     14016	800053b0	038d93b3	mulh	x7,x27,x24	 x27:0x0000f013 x24:0xf19cc000  x7=0xfffff281
      282389000	     14017	800053b4	0001	c.addi	x0,0	  x0:0x00000000  x0=0x00000000
      283209000	     14058	800053b6	02bbc5b3	div	x11,x23,x11	 x23:0x000002b0 x11:0x0000033f x11=0x00000000
      283229000	     14059	800053ba	4090de93	srai	x29,x1,0x9	  x1:0x7ffda75e x29=0x003ffed3
      283249000	     14060	800053be	eab3ec93	ori	x25,x7,-341	  x7:0xfffff281 x25=0xfffffeab
      283269000	     14061	800053c2	411dd193	srai	x3,x27,0x11	 x27:0x0000f013  x3=0x00000000
      283289000	     14062	800053c6	00e60c33	add	x24,x12,x14	 x12:0x80021e04 x14:0x80025ce4 x24=0x00047ae8
      283309000	     14063	800053ca	cc99	c.beqz	x9,800053e8	  x9:0xffffffff
      283349000	     14065	800053cc	00074e33	xor	x28,x14,x0	 x14:0x80025ce4  x0:0x00000000 x28=0x80025ce4
      283429000	     14069	800053d0	e295	c.bnez	x13,800053f4	 x13:0xfffffd44
      283509000	     14073	800053f4	5b91cd37	lui	x26,0x5b91c	 x26=0x5b91c000
      283529000	     14074	800053f8	00cd47b3	xor	x15,x26,x12	 x26:0x5b91c000 x12:0x80021e04 x15=0xdb93de04
      283729000	     14084	800053fc	03023c33	mulhu	x24,x4,x16	  x4:0x00000000 x16:0xffffffff x24=0x00000000
      283749000	     14085	80005400	87a6	c.mv	x15,x9	  x0:0x00000000  x9:0xffffffff x15=0xffffffff
      283889000	     14092	80005402	0000100f	fence.i	
      285249000	     14160	80005406	02f8eeb3	rem	x29,x17,x15	 x17:0x00000000 x15:0xffffffff x29=0x00000000
      285269000	     14161	8000540a	1c73e413	ori	x8,x7,455	  x7:0xfffff281  x8=0xfffff3c7
      285289000	     14162	8000540e	0145ae33	slt	x28,x11,x20	 x11:0x00000000 x20:0x00000000 x28=0x00000000
      285329000	     14164	80005412	03e0f433	remu	x8,x1,x30	  x1:0x7ffda75e x30:0x00000000  x8=0x7ffda75e
      285349000	     14165	80005416	009e9933	sll	x18,x29,x9	 x29:0x00000000  x9:0xffffffff x18=0x00000000
      285369000	     14166	8000541a	01d0db33	srl	x22,x1,x29	  x1:0x7ffda75e x29:0x00000000 x22=0x7ffda75e
      285409000	     14168	8000541e	035eb933	mulhu	x18,x29,x21	 x29:0x00000000 x21:0x00000064 x18=0x00000000
      285569000	     14176	80005422	0ff0000f	fence	iorw,iorw	
      285989000	     14197	80005426	406b8433	sub	x8,x23,x6	 x23:0x000002b0  x6:0xea5ed596  x8=0x15a12d1a
      286009000	     14198	8000542a	01be4533	xor	x10,x28,x27	 x28:0x00000000 x27:0x0000f013 x10=0x0000f013
      286029000	     14199	8000542e	8da1	c.xor	x11,x8	 x11:0x00000000  x8:0x15a12d1a x11=0x15a12d1a
      286429000	     14219	80005430	01ec6b63	bltu	x24,x30,80005446	 x24:0x00000000 x30:0x00000000
      286449000	     14220	80005434	00556433	or	x8,x10,x5	 x10:0x0000f013  x5:0x000009ca  x8=0x0000f9db
      286509000	     14223	80005438	0001	c.addi	x0,0	  x0:0x00000000  x0=0x00000000
      286529000	     14224	8000543a	03ff4013	xori	x0,x30,63	 x30:0x00000000  x0=0x00000000
      287629000	     14279	8000543e	028462b3	rem	x5,x8,x8	  x8:0x0000f9db  x8:0x0000f9db  x5=0x00000000
      287649000	     14280	80005442	03c54663	blt	x10,x28,8000546e	 x10:0x0000f013 x28:0x00000000
      287669000	     14281	80005446	0031e4b3	or	x9,x3,x3	  x3:0x00000000  x3:0x00000000  x9=0x00000000
      287689000	     14282	8000544a	0016de13	srli	x28,x13,0x1	 x13:0xfffffd44 x28=0x7ffffea2
      288529000	     14324	8000544e	02fd5d33	divu	x26,x26,x15	 x26:0x5b91c000 x15:0xffffffff x26=0x00000000
      288549000	     14325	80005452	05d6d363	bge	x13,x29,80005498	 x13:0xfffffd44 x29:0x00000000
      288569000	     14326	80005456	41addb33	sra	x22,x27,x26	 x27:0x0000f013 x26:0x00000000 x22=0x0000f013
      288589000	     14327	8000545a	b0114213	xori	x4,x2,-1279	  x2:0xf5e39895  x4=0x0a1c6394
      288609000	     14328	8000545e	cdd36513	ori	x10,x6,-803	  x6:0xea5ed596 x10=0xfffffddf
      288629000	     14329	80005462	41d5da93	srai	x21,x11,0x1d	 x11:0x15a12d1a x21=0x00000000
      288669000	     14331	80005466	ccf50293	addi	x5,x10,-817	 x10:0xfffffddf  x5=0xfffffaae
      289089000	     14352	8000546a	405c81b3	sub	x3,x25,x5	 x25:0xfffffeab  x5:0xfffffaae  x3=0x000003fd
      289109000	     14353	8000546e	0ff0000f	fence	iorw,iorw	
      289129000	     14354	80005472	40d255b3	sra	x11,x4,x13	  x4:0x0a1c6394 x13:0xfffffd44 x11=0x00a1c639
      289149000	     14355	80005476	6d4d	c.lui	x26,0x13	 x26=0x00013000
      289169000	     14356	80005478	84c5	c.srai	x9,0x11	  x9:0x00000000  x9=0x00000000
      289189000	     14357	8000547a	8d91	c.sub	x11,x12	 x11:0x00a1c639 x12:0x80021e04 x11=0x809fa835
      289209000	     14358	8000547c	41c7d693	srai	x13,x15,0x1c	 x15:0xffffffff x13=0xffffffff
      289229000	     14359	80005480	0153fa63	bgeu	x7,x21,80005494	  x7:0xfffff281 x21:0x00000000
      289689000	     14382	80005494	0000100f	fence.i	
      290229000	     14409	80005498	0001	c.addi	x0,0	  x0:0x00000000  x0=0x00000000
      290249000	     14410	8000549a	83e5	c.srli	x15,0x19	 x15:0xffffffff x15=0x0000007f
      290349000	     14415	8000549c	0ff0000f	fence	iorw,iorw	
      290529000	     14424	800054a0	013e0a63	beq	x28,x19,800054b4	 x28:0x7ffffea2 x19:0x00019000
      290589000	     14427	800054a4	00532bb3	slt	x23,x6,x5	  x6:0xea5ed596  x5:0xfffffaae x23=0x00000001
      290609000	     14428	800054a8	02d18033	mul	x0,x3,x13	  x3:0x000003fd x13:0xffffffff  x0=0x00000000
      291029000	     14449	800054ac	84c5	c.srai	x9,0x11	  x9:0x00000000  x9=0x00000000
      291049000	     14450	800054ae	0001	c.addi	x0,0	  x0:0x00000000  x0=0x00000000
      291069000	     14451	800054b0	ae79a513	slti	x10,x19,-1305	 x19:0x00019000 x10=0x00000000
      291089000	     14452	800054b4	9112a913	slti	x18,x5,-1775	  x5:0xfffffaae x18=0x00000000
      291509000	     14473	800054b8	015513b3	sll	x7,x10,x21	 x10:0x00000000 x21:0x00000000  x7=0x00000000
      291529000	     14474	800054bc	6b88e793	ori	x15,x17,1720	 x17:0x00000000 x15=0x000006b8
      291549000	     14475	800054c0	8da9	c.xor	x11,x10	 x11:0x809fa835 x10:0x00000000 x11=0x809fa835
      291569000	     14476	800054c2	0001	c.addi	x0,0	  x0:0x00000000  x0=0x00000000
      292689000	     14532	800054c4	024bda33	divu	x20,x23,x4	 x23:0x00000001  x4:0x0a1c6394 x20=0x00000000
      292709000	     14533	800054c8	01901a13	slli	x20,x0,0x19	  x0:0x00000000 x20=0x00000000
      292729000	     14534	800054cc	8d9a	c.mv	x27,x6	  x0:0x00000000  x6:0xea5ed596 x27=0xea5ed596
      292749000	     14535	800054ce	80d5	c.srli	x9,0x15	  x9:0x00000000  x9=0x00000000
      292769000	     14536	800054d0	187cc213	xori	x4,x25,391	 x25:0xfffffeab  x4=0xffffff2c
      292789000	     14537	800054d4	8bd5	c.andi	x15,21	 x15:0x000006b8 x15=0x00000010
      292809000	     14538	800054d6	440a7693	andi	x13,x20,1088	 x20:0x00000000 x13=0x00000000
      292829000	     14539	800054da	00ab66b3	or	x13,x22,x10	 x22:0x0000f013 x10:0x00000000 x13=0x0000f013
      293009000	     14548	800054de	0190d093	srli	x1,x1,0x19	  x1:0x7ffda75e  x1=0x0000003f
      293069000	     14551	800054e2	00abe0b3	or	x1,x23,x10	 x23:0x00000001 x10:0x00000000  x1=0x00000001
      293089000	     14552	800054e6	ce89	c.beqz	x13,80005500	 x13:0x0000f013
      293109000	     14553	800054e8	0129a333	slt	x6,x19,x18	 x19:0x00019000 x18:0x00000000  x6=0x00000000
      293229000	     14559	800054ec	0ff0000f	fence	iorw,iorw	
      293269000	     14561	800054f0	03d0a533	mulhsu	x10,x1,x29	  x1:0x00000001 x29:0x00000000 x10=0x00000000
      293289000	     14562	800054f4	9a967f13	andi	x30,x12,-1623	 x12:0x80021e04 x30=0x80021800
      293349000	     14565	800054f8	40f15c13	srai	x24,x2,0xf	  x2:0xf5e39895 x24=0xffffebc7
      293449000	     14570	800054fc	03106063	bltu	x0,x17,8000551c	  x0:0x00000000 x17:0x00000000
      293489000	     14572	80005500	027ba8b3	mulhsu	x17,x23,x7	 x23:0x00000001  x7:0x00000000 x17=0x00000000
      293509000	     14573	80005504	009cd933	srl	x18,x25,x9	 x25:0xfffffeab  x9:0x00000000 x18=0xfffffeab
      293649000	     14580	80005508	01a936b3	sltu	x13,x18,x26	 x18:0xfffffeab x26:0x00013000 x13=0x00000000
      293669000	     14581	8000550c	02490533	mul	x10,x18,x4	 x18:0xfffffeab  x4:0xffffff2c x10=0x00011a64
      293729000	     14584	80005510	039f8163	beq	x31,x25,80005532	 x31:0x00000014 x25:0xfffffeab
      293929000	     14594	80005514	024d1263	bne	x26,x4,80005538	 x26:0x00013000  x4:0xffffff2c
      294329000	     14614	80005538	009d9b33	sll	x22,x27,x9	 x27:0xea5ed596  x9:0x00000000 x22=0xea5ed596
      294349000	     14615	8000553c	2164ad93	slti	x27,x9,534	  x9:0x00000000 x27=0x00000001
      294789000	     14637	80005540	02715c33	divu	x24,x2,x7	  x2:0xf5e39895  x7:0x00000000 x24=0xffffffff
      294809000	     14638	80005544	01d2db33	srl	x22,x5,x29	  x5:0xfffffaae x29:0x00000000 x22=0xfffffaae
      294829000	     14639	80005548	0001	c.addi	x0,0	  x0:0x00000000  x0=0x00000000
      294849000	     14640	8000554a	0001	c.addi	x0,0	  x0:0x00000000  x0=0x00000000
      295029000	     14649	8000554c	036b20b3	mulhsu	x1,x22,x22	 x22:0xfffffaae x22:0xfffffaae  x1=0xfffffaae
      295049000	     14650	80005550	01735c13	srli	x24,x6,0x17	  x6:0x00000000 x24=0x00000000
      295449000	     14670	80005554	00502033	slt	x0,x0,x5	  x0:0x00000000  x5:0xfffffaae  x0=0x00000000
      295689000	     14682	80005558	00370e63	beq	x14,x3,80005574	 x14:0x80025ce4  x3:0x000003fd
      295709000	     14683	8000555c	aa7df493	andi	x9,x27,-1369	 x27:0x00000001  x9=0x00000001
      295729000	     14684	80005560	0044d233	srl	x4,x9,x4	  x9:0x00000001  x4:0xffffff2c  x4=0x00000000
      295749000	     14685	80005564	01e20463	beq	x4,x30,8000556c	  x4:0x00000000 x30:0x80021800
      295789000	     14687	80005568	02ba3433	mulhu	x8,x20,x11	 x20:0x00000000 x11:0x809fa835  x8=0x00000000
      295829000	     14689	8000556c	02b93e33	mulhu	x28,x18,x11	 x18:0xfffffeab x11:0x809fa835 x28=0x809fa789
      295989000	     14697	80005570	0001	c.addi	x0,0	  x0:0x00000000  x0=0x00000000
      296009000	     14698	80005572	0e29	c.addi	x28,10	 x28:0x809fa789 x28=0x809fa793
      296369000	     14716	80005574	00c27b63	bgeu	x4,x12,8000558a	  x4:0x00000000 x12:0x80021e04
      296709000	     14733	80005578	00665d33	srl	x26,x12,x6	 x12:0x80021e04  x6:0x00000000 x26=0x80021e04
      297129000	     14754	8000557c	96c2	c.add	x13,x16	 x13:0x00000000 x16:0xffffffff x13=0xffffffff
      297149000	     14755	8000557e	031ad963	bge	x21,x17,800055b0	 x21:0x00000000 x17:0x00000000
      297869000	     14791	800055b0	8f9d	c.sub	x15,x15	 x15:0x00000010 x15:0x00000010 x15=0x00000000
      297889000	     14792	800055b2	80d1	c.srli	x9,0x14	  x9:0x00000001  x9=0x00000000
      297909000	     14793	800055b4	0ff0000f	fence	iorw,iorw	
      297929000	     14794	800055b8	40205a13	srai	x20,x0,0x2	  x0:0x00000000 x20=0x00000000
      297949000	     14795	800055bc	009a0933	add	x18,x20,x9	 x20:0x00000000  x9:0x00000000 x18=0x00000000
      298089000	     14802	800055c0	8df5	c.and	x11,x13	 x11:0x809fa835 x13:0xffffffff x11=0x809fa835
      298109000	     14803	800055c2	8d31	c.xor	x10,x12	 x10:0x00011a64 x12:0x80021e04 x10=0x80030460
      298229000	     14809	800055c4	01e07a63	bgeu	x0,x30,800055d8	  x0:0x00000000 x30:0x80021800
      298629000	     14829	800055c8	80d1	c.srli	x9,0x14	  x9:0x00000000  x9=0x00000000
      298649000	     14830	800055ca	c899	c.beqz	x9,800055e0	  x9:0x00000000
      299429000	     14869	800055e0	0ff0000f	fence	iorw,iorw	
      299449000	     14870	800055e4	4f443813	sltiu	x16,x8,1268	  x8:0x00000000 x16=0x00000001
      299469000	     14871	800055e8	008685b3	add	x11,x13,x8	 x13:0xffffffff  x8:0x00000000 x11=0xffffffff
      299649000	     14880	800055ec	0039fbb3	and	x23,x19,x3	 x19:0x00019000  x3:0x000003fd x23=0x00000000
      299949000	     14895	800055f0	9d16	c.add	x26,x5	 x26:0x80021e04  x5:0xfffffaae x26=0x800218b2
      299969000	     14896	800055f2	5362e313	ori	x6,x5,1334	  x5:0xfffffaae  x6=0xffffffbe
      300389000	     14917	800055f6	60f8ff13	andi	x30,x17,1551	 x17:0x00000000 x30=0x00000000
      301269000	     14961	800055fa	0304eeb3	rem	x29,x9,x16	  x9:0x00000000 x16:0x00000001 x29=0x00000000
      301289000	     14962	800055fe	01e407b3	add	x15,x8,x30	  x8:0x00000000 x30:0x00000000 x15=0x00000000
      301309000	     14963	80005602	01f68f63	beq	x13,x31,80005620	 x13:0xffffffff x31:0x00000014
      301329000	     14964	80005606	40df5a33	sra	x20,x30,x13	 x30:0x00000000 x13:0xffffffff x20=0x00000000
      301349000	     14965	8000560a	0000100f	fence.i	
      301689000	     14982	8000560e	04427463	bgeu	x4,x4,80005656	  x4:0x00000000  x4:0x00000000
      302109000	     15003	80005656	00dc50b3	srl	x1,x24,x13	 x24:0x00000000 x13:0xffffffff  x1=0x00000000
      302129000	     15004	8000565a	01939a33	sll	x20,x7,x25	  x7:0x00000000 x25:0xfffffeab x20=0x00000000
      302229000	     15009	8000565e	433a3697	auipc	x13,0x433a3	 x13=0xc33a865e
      302249000	     15010	80005662	ed2ae813	ori	x16,x21,-302	 x21:0x00000000 x16=0xfffffed2
      302269000	     15011	80005666	8cc5	c.or	x9,x9	  x9:0x00000000  x9:0x00000000  x9=0x00000000
      302849000	     15040	80005668	00fcd933	srl	x18,x25,x15	 x25:0xfffffeab x15:0x00000000 x18=0xfffffeab
      302889000	     15042	8000566c	038919b3	mulh	x19,x18,x24	 x18:0xfffffeab x24:0x00000000 x19=0x00000000
      303169000	     15056	80005670	8c8d	c.sub	x9,x11	  x9:0x00000000 x11:0xffffffff  x9=0x00000001
      303389000	     15067	80005672	03b03eb3	mulhu	x29,x0,x27	  x0:0x00000000 x27:0x00000001 x29=0x00000000
      303409000	     15068	80005676	bbbc6213	ori	x4,x24,-1093	 x24:0x00000000  x4=0xfffffbbb
      303429000	     15069	8000567a	9ec6eb93	ori	x23,x13,-1556	 x13:0xc33a865e x23=0xfffffffe
      303449000	     15070	8000567e	00a55a63	bge	x10,x10,80005692	 x10:0x80030460 x10:0x80030460
      303669000	     15081	80005692	003c05b3	add	x11,x24,x3	 x24:0x00000000  x3:0x000003fd x11=0x000003fd
      303709000	     15083	80005696	03b090b3	mulh	x1,x1,x27	  x1:0x00000000 x27:0x00000001  x1=0x00000000
      303729000	     15084	8000569a	e005	c.bnez	x8,800056ba	  x8:0x00000000
      304109000	     15103	8000569c	841d	c.srai	x8,0x7	  x8:0x00000000  x8=0x00000000
      304129000	     15104	8000569e	4a59	c.li	x20,22	 x20=0x00000016
      304149000	     15105	800056a0	9bfd	c.andi	x15,-1	 x15:0x00000000 x15=0x00000000
      304329000	     15114	800056a2	a933a693	slti	x13,x7,-1389	  x7:0x00000000 x13=0x00000000
      304389000	     15117	800056a6	417fdb93	srai	x23,x31,0x17	 x31:0x00000014 x23=0x00000000
      305129000	     15154	800056aa	032969b3	rem	x19,x18,x18	 x18:0xfffffeab x18:0xfffffeab x19=0x00000000
      305149000	     15155	800056ae	401f86b3	sub	x13,x31,x1	 x31:0x00000014  x1:0x00000000 x13=0x00000014
      305169000	     15156	800056b2	587d	c.li	x16,-1	 x16=0xffffffff
      305189000	     15157	800056b4	80d2	c.mv	x1,x20	  x0:0x00000000 x20:0x00000016  x1=0x00000016
      305209000	     15158	800056b6	e53c4d93	xori	x27,x24,-429	 x24:0x00000000 x27=0xfffffe53
      305229000	     15159	800056ba	02956963	bltu	x10,x9,800056ec	 x10:0x80030460  x9:0x00000001
      305249000	     15160	800056be	8ca1	c.xor	x9,x8	  x9:0x00000001  x8:0x00000000  x9=0x00000001
      305269000	     15161	800056c0	1e7d	c.addi	x28,-1	 x28:0x809fa793 x28=0x809fa792
      305309000	     15163	800056c2	024391b3	mulh	x3,x7,x4	  x7:0x00000000  x4:0xfffffbbb  x3=0x00000000
      305389000	     15167	800056c6	defd5897	auipc	x17,0xdefd5	 x17=0x5efda6c6
      305409000	     15168	800056ca	8fa9	c.xor	x15,x10	 x15:0x00000000 x10:0x80030460 x15=0x80030460
      305429000	     15169	800056cc	c495	c.beqz	x9,800056f8	  x9:0x00000001
      306169000	     15206	800056ce	02c777b3	remu	x15,x14,x12	 x14:0x80025ce4 x12:0x80021e04 x15=0x00003ee0
      306909000	     15243	800056d2	03a36ab3	rem	x21,x6,x26	  x6:0xffffffbe x26:0x800218b2 x21=0xffffffbe
      306929000	     15244	800056d6	9a16	c.add	x20,x5	 x20:0x00000016  x5:0xfffffaae x20=0xfffffac4
      306949000	     15245	800056d8	01a0cc63	blt	x1,x26,800056f0	  x1:0x00000016 x26:0x800218b2
      306969000	     15246	800056dc	40abd6b3	sra	x13,x23,x10	 x23:0x00000000 x10:0x80030460 x13=0x00000000
      306989000	     15247	800056e0	9796	c.add	x15,x5	 x15:0x00003ee0  x5:0xfffffaae x15=0x0000398e
      307009000	     15248	800056e2	83b6	c.mv	x7,x13	  x0:0x00000000 x13:0x00000000  x7=0x00000000
      307029000	     15249	800056e4	00005db3	srl	x27,x0,x0	  x0:0x00000000  x0:0x00000000 x27=0x00000000
      307049000	     15250	800056e8	01de4e63	blt	x28,x29,80005704	 x28:0x809fa792 x29:0x00000000
      307249000	     15260	80005704	ae752013	slti	x0,x10,-1305	 x10:0x80030460  x0=0x00000000
      307409000	     15268	80005708	a7893693	sltiu	x13,x18,-1416	 x18:0xfffffeab x13=0x00000000
      307429000	     15269	8000570c	00df1d93	slli	x27,x30,0xd	 x30:0x00000000 x27=0x00000000
      307829000	     15289	80005710	bd269c97	auipc	x25,0xbd269	 x25=0x3d26e710
      307849000	     15290	80005714	6f05	c.lui	x30,0x1	 x30=0x00001000
      307869000	     15291	80005716	822a	c.mv	x4,x10	  x0:0x00000000 x10:0x80030460  x4=0x80030460
      307889000	     15292	80005718	02c1c763	blt	x3,x12,80005746	  x3:0x00000000 x12:0x80021e04
      307989000	     15297	8000571c	8cc5	c.or	x9,x9	  x9:0x00000001  x9:0x00000001  x9=0x00000001
      308009000	     15298	8000571e	0000100f	fence.i	
      308189000	     15307	80005722	b959e597	auipc	x11,0xb959e	 x11=0x395a3722
      308209000	     15308	80005726	0001	c.addi	x0,0	  x0:0x00000000  x0=0x00000000
      308229000	     15309	80005728	02237e63	bgeu	x6,x2,80005764	  x6:0xffffffbe  x2:0xf5e39895
      308929000	     15344	80005764	8115	c.srli	x10,0x5	 x10:0x80030460 x10=0x04001823
      308949000	     15345	80005766	8d25	c.xor	x10,x9	 x10:0x04001823  x9:0x00000001 x10=0x04001822
      308969000	     15346	80005768	0001	c.addi	x0,0	  x0:0x00000000  x0=0x00000000
      309049000	     15350	8000576a	03d996b3	mulh	x13,x19,x29	 x19:0x00000000 x29:0x00000000 x13=0x00000000
      309069000	     15351	8000576e	00ce4a63	blt	x28,x12,80005782	 x28:0x809fa792 x12:0x80021e04
      309089000	     15352	80005772	412cd3b3	sra	x7,x25,x18	 x25:0x3d26e710 x18:0xfffffeab  x7=0x0007a4dc
      309289000	     15362	80005776	014aee63	bltu	x21,x20,80005792	 x21:0xffffffbe x20:0xfffffac4
      309309000	     15363	8000577a	017dca63	blt	x27,x23,8000578e	 x27:0x00000000 x23:0x00000000
      309329000	     15364	8000577e	02980863	beq	x16,x9,800057ae	 x16:0xffffffff  x9:0x00000001
      309349000	     15365	80005782	8b7e	c.mv	x22,x31	  x0:0x00000000 x31:0x00000014 x22=0x00000014
      309389000	     15367	80005784	8efd	c.and	x13,x15	 x13:0x00000000 x15:0x0000398e x13=0x00000000
      309409000	     15368	80005786	88cd	c.andi	x9,19	  x9:0x00000001  x9=0x00000001
      309809000	     15388	80005788	00df2033	slt	x0,x30,x13	 x30:0x00001000 x13:0x00000000  x0=0x00000000
      309829000	     15389	8000578c	4921	c.li	x18,8	 x18=0x00000008
      309849000	     15390	8000578e	e23c2913	slti	x18,x24,-477	 x24:0x00000000 x18=0x00000000
      309869000	     15391	80005792	00ad1793	slli	x15,x26,0xa	 x26:0x800218b2 x15=0x0862c800
      310209000	     15408	80005796	f2497a13	andi	x20,x18,-220	 x18:0x00000000 x20=0x00000000
      310229000	     15409	8000579a	32965317	auipc	x6,0x32965	  x6=0xb296a79a
      310249000	     15410	8000579e	0112fe63	bgeu	x5,x17,800057ba	  x5:0xfffffaae x17:0x5efda6c6
      311269000	     15461	800057ba	0000100f	fence.i	
      311689000	     15482	800057be	8c39	c.xor	x8,x14	  x8:0x00000000 x14:0x80025ce4  x8=0x80025ce4
      311729000	     15484	800057c0	03813fb3	mulhu	x31,x2,x24	  x2:0xf5e39895 x24:0x00000000 x31=0x00000000
      311789000	     15487	800057c4	01843eb3	sltu	x29,x8,x24	  x8:0x80025ce4 x24:0x00000000 x29=0x00000000
      312209000	     15508	800057c8	431d	c.li	x6,7	  x6=0x00000007
      312229000	     15509	800057ca	03225b63	bge	x4,x18,80005800	  x4:0x80030460 x18:0x00000000
      312249000	     15510	800057ce	017e3933	sltu	x18,x28,x23	 x28:0x809fa792 x23:0x00000000 x18=0x00000000
      312309000	     15513	800057d2	03939933	mulh	x18,x7,x25	  x7:0x0007a4dc x25:0x3d26e710 x18=0x0001d371
      312589000	     15527	800057d6	ba6a5ab7	lui	x21,0xba6a5	 x21=0xba6a5000
      312689000	     15532	800057da	019c5013	srli	x0,x24,0x19	 x24:0x00000000  x0=0x00000000
      312709000	     15533	800057de	199ded13	ori	x26,x27,409	 x27:0x00000000 x26=0x00000199
      312729000	     15534	800057e2	44e2fa93	andi	x21,x5,1102	  x5:0xfffffaae x21=0x0000000e
      312749000	     15535	800057e6	5f7d	c.li	x30,-1	 x30=0xffffffff
      312849000	     15540	800057e8	0000100f	fence.i	
      313269000	     15561	800057ec	6081c293	xori	x5,x3,1544	  x3:0x00000000  x5=0x00000608
      313489000	     15572	800057f0	91c6	c.add	x3,x17	  x3:0x00000000 x17:0x5efda6c6  x3=0x5efda6c6
      313509000	     15573	800057f2	8109	c.srli	x10,0x2	 x10:0x04001822 x10=0x01000608
      313529000	     15574	800057f4	01cd9463	bne	x27,x28,800057fc	 x27:0x00000000 x28:0x809fa792
      313969000	     15596	800057fc	0000100f	fence.i	
      314609000	     15628	80005800	82a5	c.srli	x13,0x9	 x13:0x00000000 x13=0x00000000
      314629000	     15629	80005802	00251333	sll	x6,x10,x2	 x10:0x01000608  x2:0xf5e39895  x6=0xc1000000
      314649000	     15630	80005806	8471	c.srai	x8,0x1c	  x8:0x80025ce4  x8=0xfffffff8
      314689000	     15632	80005808	02d575b3	remu	x11,x10,x13	 x10:0x01000608 x13:0x00000000 x11=0x01000608
      314709000	     15633	8000580c	1635cc93	xori	x25,x11,355	 x11:0x01000608 x25=0x0100076b
      314809000	     15638	80005810	02752e33	mulhsu	x28,x10,x7	 x10:0x01000608  x7:0x0007a4dc x28=0x000007a5
      314829000	     15639	80005814	0096d893	srli	x17,x13,0x9	 x13:0x00000000 x17=0x00000000
      314929000	     15644	80005818	0ff0000f	fence	iorw,iorw	
      315069000	     15651	8000581c	03d2e763	bltu	x5,x29,8000584a	  x5:0x00000608 x29:0x00000000
      315189000	     15657	80005820	43ca8e13	addi	x28,x21,1084	 x21:0x0000000e x28=0x0000044a
      315529000	     15674	80005824	e3ac8313	addi	x6,x25,-454	 x25:0x0100076b  x6=0x010005a5
      315549000	     15675	80005828	9e36	c.add	x28,x13	 x28:0x0000044a x13:0x00000000 x28=0x0000044a
      315789000	     15687	8000582a	2373e513	ori	x10,x7,567	  x7:0x0007a4dc x10=0x0007a6ff
      315989000	     15697	8000582e	0318d8b3	divu	x17,x17,x17	 x17:0x00000000 x17:0x00000000 x17=0xffffffff
      316009000	     15698	80005832	00745bb3	srl	x23,x8,x7	  x8:0xfffffff8  x7:0x0007a4dc x23=0x0000000f
      317129000	     15754	80005836	02fb47b3	div	x15,x22,x15	 x22:0x00000014 x15:0x0862c800 x15=0x00000000
      317149000	     15755	8000583a	0111b233	sltu	x4,x3,x17	  x3:0x5efda6c6 x17:0xffffffff  x4=0x00000001
      317169000	     15756	8000583e	0001	c.addi	x0,0	  x0:0x00000000  x0=0x00000000
      317189000	     15757	80005840	6cbc8093	addi	x1,x25,1739	 x25:0x0100076b  x1=0x01000e36
      317209000	     15758	80005844	00dcd3b3	srl	x7,x25,x13	 x25:0x0100076b x13:0x00000000  x7=0x0100076b
      317229000	     15759	80005848	8fc5	c.or	x15,x9	 x15:0x00000000  x9:0x00000001 x15=0x00000001
      317249000	     15760	8000584a	0001	c.addi	x0,0	  x0:0x00000000  x0=0x00000000
      317269000	     15761	8000584c	03e79f63	bne	x15,x30,8000588a	 x15:0x00000001 x30:0xffffffff
      318049000	     15800	8000588a	03017933	remu	x18,x2,x16	  x2:0xf5e39895 x16:0xffffffff x18=0xf5e39895
      318789000	     15837	8000588e	037cce33	div	x28,x25,x23	 x25:0x0100076b x23:0x0000000f x28=0x0011118f
      319529000	     15874	80005892	0293f1b3	remu	x3,x7,x9	  x7:0x0100076b  x9:0x00000001  x3=0x00000000
      319569000	     15876	80005896	03bc3333	mulhu	x6,x24,x27	 x24:0x00000000 x27:0x00000000  x6=0x00000000
      319589000	     15877	8000589a	836a	c.mv	x6,x26	  x0:0x00000000 x26:0x00000199  x6=0x00000199
      319629000	     15879	8000589c	034a4833	div	x16,x20,x20	 x20:0x00000000 x20:0x00000000 x16=0xffffffff
      320369000	     15916	800058a0	0309f1b3	remu	x3,x19,x16	 x19:0x00000000 x16:0xffffffff  x3=0x00000000
      320389000	     15917	800058a4	00f97b33	and	x22,x18,x15	 x18:0xf5e39895 x15:0x00000001 x22=0x00000001
      320409000	     15918	800058a8	8ead	c.xor	x13,x11	 x13:0x00000000 x11:0x01000608 x13=0x01000608
      320429000	     15919	800058aa	d3de7817	auipc	x16,0xd3de7	 x16=0x53dec8aa
      320449000	     15920	800058ae	00431c63	bne	x6,x4,800058c6	  x6:0x00000199  x4:0x00000001
      321309000	     15963	800058c6	01ee5a13	srli	x20,x28,0x1e	 x28:0x0011118f x20=0x00000000
      321469000	     15971	800058ca	573c4a13	xori	x20,x24,1395	 x24:0x00000000 x20=0x00000573
      321489000	     15972	800058ce	021ae363	bltu	x21,x1,800058f4	 x21:0x0000000e  x1:0x01000e36
      321989000	     15997	800058f4	1fc64c13	xori	x24,x12,508	 x12:0x80021e04 x24=0x80021ff8
      322429000	     16019	800058f8	03a6d363	bge	x13,x26,8000591e	 x13:0x01000608 x26:0x00000199
      323609000	     16078	8000591e	8cd6	c.mv	x25,x21	  x0:0x00000000 x21:0x0000000e x25=0x0000000e
      323649000	     16080	80005920	e795	c.bnez	x15,8000594c	 x15:0x00000001
      324389000	     16117	8000594c	ea91	c.bnez	x13,80005960	 x13:0x01000608
      324909000	     16143	80005960	01b71413	slli	x8,x14,0x1b	 x14:0x80025ce4  x8=0x20000000
      324929000	     16144	80005964	6ec1	c.lui	x29,0x10	 x29=0x00010000
      324949000	     16145	80005966	01c5c1b3	xor	x3,x11,x28	 x11:0x01000608 x28:0x0011118f  x3=0x01111787
      325329000	     16164	8000596a	03d10d33	mul	x26,x2,x29	  x2:0xf5e39895 x29:0x00010000 x26=0x98950000
      326169000	     16206	8000596e	02294eb3	div	x29,x18,x2	 x18:0xf5e39895  x2:0xf5e39895 x29=0x00000001
      326189000	     16207	80005972	1b76e293	ori	x5,x13,439	 x13:0x01000608  x5=0x010007bf
      326209000	     16208	80005976	038d4863	blt	x26,x24,800059a6	 x26:0x98950000 x24:0x80021ff8
      326229000	     16209	8000597a	8efd	c.and	x13,x15	 x13:0x01000608 x15:0x00000001 x13=0x00000000
      326249000	     16210	8000597c	9b36	c.add	x22,x13	 x22:0x00000001 x13:0x00000000 x22=0x00000001
      326269000	     16211	8000597e	005c8eb3	add	x29,x25,x5	 x25:0x0000000e  x5:0x010007bf x29=0x010007cd
      326289000	     16212	80005982	8d71	c.and	x10,x12	 x10:0x0007a6ff x12:0x80021e04 x10=0x00020604
      326309000	     16213	80005984	0f9ea193	slti	x3,x29,249	 x29:0x010007cd  x3=0x00000000
      326329000	     16214	80005988	41a7d4b3	sra	x9,x15,x26	 x15:0x00000001 x26:0x98950000  x9=0x00000001
      326349000	     16215	8000598c	8cb9	c.xor	x9,x14	  x9:0x00000001 x14:0x80025ce4  x9=0x80025ce5
      326369000	     16216	8000598e	18fd	c.addi	x17,-1	 x17:0xffffffff x17=0xfffffffe
      326389000	     16217	80005990	40ef08b3	sub	x17,x30,x14	 x30:0xffffffff x14:0x80025ce4 x17=0x7ffda31b
      326489000	     16222	80005994	02901fb3	mulh	x31,x0,x9	  x0:0x00000000  x9:0x80025ce5 x31=0x00000000
      326689000	     16232	80005998	ad40bf93	sltiu	x31,x1,-1324	  x1:0x01000e36 x31=0x00000001
      326709000	     16233	8000599c	01ba9cb3	sll	x25,x21,x27	 x21:0x0000000e x27:0x00000000 x25=0x0000000e
      326729000	     16234	800059a0	88dd	c.andi	x9,23	  x9:0x80025ce5  x9=0x00000005
      326749000	     16235	800059a2	02d18a33	mul	x20,x3,x13	  x3:0x00000000 x13:0x00000000 x20=0x00000000
      326769000	     16236	800059a6	02455263	bge	x10,x4,800059ca	 x10:0x00020604  x4:0x00000001
      328589000	     16327	800059ca	03a27a33	remu	x20,x4,x26	  x4:0x00000001 x26:0x98950000 x20=0x00000001
      328609000	     16328	800059ce	00fe1893	slli	x17,x28,0xf	 x28:0x0011118f x17=0x88c78000
      328629000	     16329	800059d2	0000100f	fence.i	
      328849000	     16340	800059d6	8c65	c.and	x8,x9	  x8:0x20000000  x9:0x00000005  x8=0x00000000
      329269000	     16361	800059d8	00e16433	or	x8,x2,x14	  x2:0xf5e39895 x14:0x80025ce4  x8=0xf5e3dcf5
      329389000	     16367	800059dc	016b9893	slli	x17,x23,0x16	 x23:0x0000000f x17=0x03c00000
      329709000	     16383	800059e0	01f32a33	slt	x20,x6,x31	  x6:0x00000199 x31:0x00000001 x20=0x00000000
      329729000	     16384	800059e4	6bad	c.lui	x23,0xb	 x23=0x0000b000
      329749000	     16385	800059e6	8eed	c.and	x13,x11	 x13:0x00000000 x11:0x01000608 x13=0x00000000
      330149000	     16405	800059e8	5bbc8e13	addi	x28,x25,1467	 x25:0x0000000e x28=0x000005c9
      330489000	     16422	800059ec	88ea	c.mv	x17,x26	  x0:0x00000000 x26:0x98950000 x17=0x98950000
      330509000	     16423	800059ee	01199b63	bne	x19,x17,80005a04	 x19:0x00000000 x17:0x98950000
      332909000	     16543	80005a04	07fa	c.slli	x15,0x1e	 x15:0x00000001 x15=0x40000000
      332929000	     16544	80005a06	8b86	c.mv	x23,x1	  x0:0x00000000  x1:0x01000e36 x23=0x01000e36
      332949000	     16545	80005a08	8fa9	c.xor	x15,x10	 x15:0x40000000 x10:0x00020604 x15=0x40020604
      332969000	     16546	80005a0a	01355263	bge	x10,x19,80005a0e	 x10:0x00020604 x19:0x00000000
      333509000	     16573	80005a0e	6795	c.lui	x15,0x5	 x15=0x00005000
      333649000	     16580	80005a10	01c966b3	or	x13,x18,x28	 x18:0xf5e39895 x28:0x000005c9 x13=0xf5e39ddd
      333709000	     16583	80005a14	00fe8e63	beq	x29,x15,80005a30	 x29:0x010007cd x15:0x00005000
      333809000	     16588	80005a18	6d1eec93	ori	x25,x29,1745	 x29:0x010007cd x25=0x010007dd
      334549000	     16625	80005a1c	02c76bb3	rem	x23,x14,x12	 x14:0x80025ce4 x12:0x80021e04 x23=0x80025ce4
      334569000	     16626	80005a20	8ecd	c.or	x13,x11	 x13:0xf5e39ddd x11:0x01000608 x13=0xf5e39fdd
      334589000	     16627	80005a22	05155363	bge	x10,x17,80005a68	 x10:0x00020604 x17:0x98950000
      334729000	     16634	80005a68	0124e9b3	or	x19,x9,x18	  x9:0x00000005 x18:0xf5e39895 x19=0xf5e39895
      334749000	     16635	80005a6c	0fca	c.slli	x31,0x12	 x31:0x00000001 x31=0x00040000
      334769000	     16636	80005a6e	0ff0000f	fence	iorw,iorw	
      334789000	     16637	80005a72	00076a63	bltu	x14,x0,80005a86	 x14:0x80025ce4  x0:0x00000000
      335169000	     16656	80005a76	011c94b3	sll	x9,x25,x17	 x25:0x010007dd x17:0x98950000  x9=0x010007dd
      335189000	     16657	80005a7a	44642493	slti	x9,x8,1094	  x8:0xf5e3dcf5  x9=0x00000001
      335309000	     16663	80005a7e	01bf5d93	srli	x27,x30,0x1b	 x30:0xffffffff x27=0x0000001f
      335329000	     16664	80005a82	52894e97	auipc	x29,0x52894	 x29=0xd2899a82
      335349000	     16665	80005a86	cd89	c.beqz	x11,80005aa0	 x11:0x01000608
      335369000	     16666	80005a88	0352cc63	blt	x5,x21,80005ac0	  x5:0x010007bf x21:0x0000000e
      335569000	     16676	80005a8c	020f1833	mulh	x16,x30,x0	 x30:0xffffffff  x0:0x00000000 x16=0x00000000
      335589000	     16677	80005a90	029c7e63	bgeu	x24,x9,80005acc	 x24:0x80021ff8  x9:0x00000001
      335769000	     16686	80005acc	40800d33	sub	x26,x0,x8	  x0:0x00000000  x8:0xf5e3dcf5 x26=0x0a1c230b
      335829000	     16689	80005ad0	024c27b3	mulhsu	x15,x24,x4	 x24:0x80021ff8  x4:0x00000001 x15=0xffffffff
      336569000	     16726	80005ad4	027877b3	remu	x15,x16,x7	 x16:0x00000000  x7:0x0100076b x15=0x00000000
      336589000	     16727	80005ad8	7be8e413	ori	x8,x17,1982	 x17:0x98950000  x8=0x989507be
      336609000	     16728	80005adc	011a80b3	add	x1,x21,x17	 x21:0x0000000e x17:0x98950000  x1=0x9895000e
      336629000	     16729	80005ae0	e991	c.bnez	x11,80005af4	 x11:0x01000608
      336709000	     16733	80005af4	4164db93	srai	x23,x9,0x16	  x9:0x00000001 x23=0x00000000
      337149000	     16755	80005af8	0f96	c.slli	x31,0x5	 x31:0x00040000 x31=0x00800000
      337349000	     16765	80005afa	3c48c997	auipc	x19,0x3c48c	 x19=0xbc491afa
      337369000	     16766	80005afe	00abd913	srli	x18,x23,0xa	 x23:0x00000000 x18=0x00000000
      337389000	     16767	80005b02	0000100f	fence.i	
      337709000	     16783	80005b06	b56dbe93	sltiu	x29,x27,-1194	 x27:0x0000001f x29=0x00000001
      337849000	     16790	80005b0a	009bdb63	bge	x23,x9,80005b20	 x23:0x00000000  x9:0x00000001
      337889000	     16792	80005b0e	03e1a433	mulhsu	x8,x3,x30	  x3:0x00000000 x30:0xffffffff  x8=0x00000000
      338089000	     16802	80005b12	02e837b3	mulhu	x15,x16,x14	 x16:0x00000000 x14:0x80025ce4 x15=0x00000000
      338109000	     16803	80005b16	0a22	c.slli	x20,0x8	 x20:0x00000000 x20=0x00000000
      338129000	     16804	80005b18	4915b893	sltiu	x17,x11,1169	 x11:0x01000608 x17=0x00000000
      338149000	     16805	80005b1c	015f7bb3	and	x23,x30,x21	 x30:0xffffffff x21:0x0000000e x23=0x0000000e
      338169000	     16806	80005b20	012482b3	add	x5,x9,x18	  x9:0x00000001 x18:0x00000000  x5=0x00000001
      338909000	     16843	80005b24	02b3de33	divu	x28,x7,x11	  x7:0x0100076b x11:0x01000608 x28=0x00000001
      338929000	     16844	80005b28	9532	c.add	x10,x12	 x10:0x00020604 x12:0x80021e04 x10=0x80042408
      338949000	     16845	80005b2a	581c0a13	addi	x20,x24,1409	 x24:0x80021ff8 x20=0x80022579
      338969000	     16846	80005b2e	4f7d	c.li	x30,31	 x30=0x0000001f
      338989000	     16847	80005b30	00d10fb3	add	x31,x2,x13	  x2:0xf5e39895 x13:0xf5e39fdd x31=0xebc73872
      339009000	     16848	80005b34	018d	c.addi	x3,3	  x3:0x00000000  x3=0x00000003
      339029000	     16849	80005b36	01ba9e33	sll	x28,x21,x27	 x21:0x0000000e x27:0x0000001f x28=0x00000000
      339049000	     16850	80005b3a	0001	c.addi	x0,0	  x0:0x00000000  x0=0x00000000
      339069000	     16851	80005b3c	8de1	c.and	x11,x8	 x11:0x01000608  x8:0x00000000 x11=0x00000000
      339249000	     16860	80005b3e	004d0463	beq	x26,x4,80005b46	 x26:0x0a1c230b  x4:0x00000001
      339269000	     16861	80005b42	40ec5213	srai	x4,x24,0xe	 x24:0x80021ff8  x4=0xfffe0008
      339369000	     16866	80005b46	41f8deb3	sra	x29,x17,x31	 x17:0x00000000 x31:0xebc73872 x29=0x00000000
      339389000	     16867	80005b4a	8ff5	c.and	x15,x13	 x15:0x00000000 x13:0xf5e39fdd x15=0x00000000
      339409000	     16868	80005b4c	8d81	c.sub	x11,x8	 x11:0x00000000  x8:0x00000000 x11=0x00000000
      339429000	     16869	80005b4e	01a10533	add	x10,x2,x26	  x2:0xf5e39895 x26:0x0a1c230b x10=0xffffbba0
      339469000	     16871	80005b52	026fb2b3	mulhu	x5,x31,x6	 x31:0xebc73872  x6:0x00000199  x5=0x00000178
      339509000	     16873	80005b56	018a6f63	bltu	x20,x24,80005b74	 x20:0x80022579 x24:0x80021ff8
      339529000	     16874	80005b5a	05aaf163	bgeu	x21,x26,80005b9c	 x21:0x0000000e x26:0x0a1c230b
      339549000	     16875	80005b5e	843d	c.srai	x8,0xf	  x8:0x00000000  x8=0x00000000
      340449000	     16920	80005b60	03b374b3	remu	x9,x6,x27	  x6:0x00000199 x27:0x0000001f  x9=0x00000006
      341189000	     16957	80005b64	037f78b3	remu	x17,x30,x23	 x30:0x0000001f x23:0x0000000e x17=0x00000003
      341209000	     16958	80005b68	96c6	c.add	x13,x17	 x13:0xf5e39fdd x17:0x00000003 x13=0xf5e39fe0
      341229000	     16959	80005b6a	8c81	c.sub	x9,x8	  x9:0x00000006  x8:0x00000000  x9=0x00000006
      341249000	     16960	80005b6c	030c84b3	mul	x9,x25,x16	 x25:0x010007dd x16:0x00000000  x9=0x00000000
      341269000	     16961	80005b70	3b507fb7	lui	x31,0x3b507	 x31=0x3b507000
      341289000	     16962	80005b74	001361b3	or	x3,x6,x1	  x6:0x00000199  x1:0x9895000e  x3=0x9895019f
      341309000	     16963	80005b78	8c01	c.sub	x8,x8	  x8:0x00000000  x8:0x00000000  x8=0x00000000
      341329000	     16964	80005b7a	51fd	c.li	x3,-1	  x3=0xffffffff
      341349000	     16965	80005b7c	2ee93193	sltiu	x3,x18,750	 x18:0x00000000  x3=0x00000001
      341489000	     16972	80005b80	00255a33	srl	x20,x10,x2	 x10:0xffffbba0  x2:0xf5e39895 x20=0x000007ff
      341509000	     16973	80005b84	00797f33	and	x30,x18,x7	 x18:0x00000000  x7:0x0100076b x30=0x00000000
      341929000	     16994	80005b88	020a9a63	bne	x21,x0,80005bbc	 x21:0x0000000e  x0:0x00000000
      342169000	     17006	80005bbc	0000100f	fence.i	
      342709000	     17033	80005bc0	8c31	c.xor	x8,x12	  x8:0x00000000 x12:0x80021e04  x8=0x80021e04
      342729000	     17034	80005bc2	0206	c.slli	x4,0x1	  x4:0xfffe0008  x4=0xfffc0010
      343049000	     17050	80005bc4	01d4beb3	sltu	x29,x9,x29	  x9:0x00000000 x29:0x00000000 x29=0x00000000
      343469000	     17071	80005bc8	0ff0000f	fence	iorw,iorw	
      343549000	     17075	80005bcc	006fb1b3	sltu	x3,x31,x6	 x31:0x3b507000  x6:0x00000199  x3=0x00000000
      343569000	     17076	80005bd0	029f4863	blt	x30,x9,80005c00	 x30:0x00000000  x9:0x00000000
      343589000	     17077	80005bd4	68da4213	xori	x4,x20,1677	 x20:0x000007ff  x4=0x00000172
      343609000	     17078	80005bd8	0000100f	fence.i	
      344789000	     17137	80005bdc	0395c333	div	x6,x11,x25	 x11:0x00000000 x25:0x010007dd  x6=0x00000000
      344809000	     17138	80005be0	80d9	c.srli	x9,0x16	  x9:0x00000000  x9=0x00000000
      344829000	     17139	80005be2	41f55013	srai	x0,x10,0x1f	 x10:0xffffbba0  x0=0x00000000
      344849000	     17140	80005be6	91ca	c.add	x3,x18	  x3:0x00000000 x18:0x00000000  x3=0x00000000
      344869000	     17141	80005be8	00c5d7b3	srl	x15,x11,x12	 x11:0x00000000 x12:0x80021e04 x15=0x00000000
      344889000	     17142	80005bec	019eb433	sltu	x8,x29,x25	 x29:0x00000000 x25:0x010007dd  x8=0x00000001
      344909000	     17143	80005bf0	00c0fb63	bgeu	x1,x12,80005c06	  x1:0x9895000e x12:0x80021e04
      345409000	     17168	80005c06	009f9d93	slli	x27,x31,0x9	 x31:0x3b507000 x27=0xa0e00000
      345429000	     17169	80005c0a	00f9ad33	slt	x26,x19,x15	 x19:0xbc491afa x15:0x00000000 x26=0x00000001
      345449000	     17170	80005c0e	0001	c.addi	x0,0	  x0:0x00000000  x0=0x00000000
      345469000	     17171	80005c10	01addb63	bge	x27,x26,80005c26	 x27:0xa0e00000 x26:0x00000001
      345489000	     17172	80005c14	5ea83997	auipc	x19,0x5ea83	 x19=0xdea88c14
      345509000	     17173	80005c18	ed19	c.bnez	x10,80005c36	 x10:0xffffbba0
      345609000	     17178	80005c36	052cf163	bgeu	x25,x18,80005c78	 x25:0x010007dd x18:0x00000000
      345689000	     17182	80005c78	03ac95b3	mulh	x11,x25,x26	 x25:0x010007dd x26:0x00000001 x11=0x00000000
      346429000	     17219	80005c7c	037c4433	div	x8,x24,x23	 x24:0x80021ff8 x23:0x0000000e  x8=0xf6db9492
      346449000	     17220	80005c80	00091b13	slli	x22,x18,0x0	 x18:0x00000000 x22=0x00000000
      347189000	     17257	80005c84	0399dc33	divu	x24,x19,x25	 x19:0xdea88c14 x25:0x010007dd x24=0x000000de
      347209000	     17258	80005c88	01d99863	bne	x19,x29,80005c98	 x19:0xdea88c14 x29:0x00000000
      347489000	     17272	80005c98	8cc9	c.or	x9,x10	  x9:0x00000000 x10:0xffffbba0  x9=0xffffbba0
      347729000	     17284	80005c9a	0000100f	fence.i	
      348109000	     17303	80005c9e	023cd233	divu	x4,x25,x3	 x25:0x010007dd  x3:0x00000000  x4=0xffffffff
      348129000	     17304	80005ca2	0001	c.addi	x0,0	  x0:0x00000000  x0=0x00000000
      348149000	     17305	80005ca4	024bc763	blt	x23,x4,80005cd2	 x23:0x0000000e  x4:0xffffffff
      348169000	     17306	80005ca8	9e36	c.add	x28,x13	 x28:0x00000000 x13:0xf5e39fe0 x28=0xf5e39fe0
      348249000	     17310	80005caa	01ca7433	and	x8,x20,x28	 x20:0x000007ff x28:0xf5e39fe0  x8=0x000007e0
      348549000	     17325	80005cae	026143b3	div	x7,x2,x6	  x2:0xf5e39895  x6:0x00000000  x7=0xffffffff
      349449000	     17370	80005cb2	027b6f33	rem	x30,x22,x7	 x22:0x00000000  x7:0xffffffff x30=0x00000000
      349469000	     17371	80005cb6	86e2	c.mv	x13,x24	  x0:0x00000000 x24:0x000000de x13=0x000000de
      349489000	     17372	80005cb8	0076a7b3	slt	x15,x13,x7	 x13:0x000000de  x7:0xffffffff x15=0x00000000
      349509000	     17373	80005cbc	6911	c.lui	x18,0x4	 x18=0x00004000
      349529000	     17374	80005cbe	003da2b3	slt	x5,x27,x3	 x27:0xa0e00000  x3:0x00000000  x5=0x00000001
      349549000	     17375	80005cc2	1829ce97	auipc	x29,0x1829c	 x29=0x982a1cc2
      349569000	     17376	80005cc6	007e5d63	bge	x28,x7,80005ce0	 x28:0xf5e39fe0  x7:0xffffffff
      349589000	     17377	80005cca	00fddd13	srli	x26,x27,0xf	 x27:0xa0e00000 x26=0x000141c0
      349829000	     17389	80005cce	0184c8b3	xor	x17,x9,x24	  x9:0xffffbba0 x24:0x000000de x17=0xffffbb7e
      349849000	     17390	80005cd2	849d	c.srai	x9,0x7	  x9:0xffffbba0  x9=0xffffff77
      349889000	     17392	80005cd4	02bf2c33	mulhsu	x24,x30,x11	 x30:0x00000000 x11:0x00000000 x24=0x00000000
      349909000	     17393	80005cd8	1e7d	c.addi	x28,-1	 x28:0xf5e39fe0 x28=0xf5e39fdf
      350309000	     17413	80005cda	0000100f	fence.i	
      350949000	     17445	80005cde	e999	c.bnez	x11,80005cf4	 x11:0x00000000
      350969000	     17446	80005ce0	003357b3	srl	x15,x6,x3	  x6:0x00000000  x3:0x00000000 x15=0x00000000
      350989000	     17447	80005ce4	00c11d13	slli	x26,x2,0xc	  x2:0xf5e39895 x26=0x39895000
      351729000	     17484	80005ce8	02e24cb3	div	x25,x4,x14	  x4:0xffffffff x14:0x80025ce4 x25=0x00000000
      351749000	     17485	80005cec	01047333	and	x6,x8,x16	  x8:0x000007e0 x16:0x00000000  x6=0x00000000
      351769000	     17486	80005cf0	021c8233	mul	x4,x25,x1	 x25:0x00000000  x1:0x9895000e  x4=0x00000000
      351789000	     17487	80005cf4	89e5	c.andi	x11,25	 x11:0x00000000 x11=0x00000000
      351809000	     17488	80005cf6	020ce663	bltu	x25,x0,80005d22	 x25:0x00000000  x0:0x00000000
      351829000	     17489	80005cfa	0831	c.addi	x16,12	 x16:0x00000000 x16=0x0000000c
      351889000	     17492	80005cfc	80e5	c.srli	x9,0x19	  x9:0xffffff77  x9=0x0000007f
      351929000	     17494	80005cfe	01117233	and	x4,x2,x17	  x2:0xf5e39895 x17:0xffffbb7e  x4=0xf5e39814
      351949000	     17495	80005d02	8f1a	c.mv	x30,x6	  x0:0x00000000  x6:0x00000000 x30=0x00000000
      351969000	     17496	80005d04	00686a33	or	x20,x16,x6	 x16:0x0000000c  x6:0x00000000 x20=0x0000000c
      352089000	     17502	80005d08	60ad	c.lui	x1,0xb	  x1=0x0000b000
      352109000	     17503	80005d0a	00cb17b3	sll	x15,x22,x12	 x22:0x00000000 x12:0x80021e04 x15=0x00000000
      352449000	     17520	80005d0e	023af533	remu	x10,x21,x3	 x21:0x0000000e  x3:0x00000000 x10=0x0000000e
      352469000	     17521	80005d12	00749893	slli	x17,x9,0x7	  x9:0x0000007f x17=0x00003f80
      352589000	     17527	80005d16	01eb8833	add	x16,x23,x30	 x23:0x0000000e x30:0x00000000 x16=0x0000000e
      353329000	     17564	80005d1a	0310c0b3	div	x1,x1,x17	  x1:0x0000b000 x17:0x00003f80  x1=0x00000002
      353369000	     17566	80005d1e	025dbd33	mulhu	x26,x27,x5	 x27:0xa0e00000  x5:0x00000001 x26=0x00000000
      353389000	     17567	80005d22	46f496b7	lui	x13,0x46f49	 x13=0x46f49000
      353409000	     17568	80005d26	0055cb33	xor	x22,x11,x5	 x11:0x00000000  x5:0x00000001 x22=0x00000001
      353429000	     17569	80005d2a	b9908d93	addi	x27,x1,-1127	  x1:0x00000002 x27=0xfffffb9b
      353449000	     17570	80005d2e	00075d63	bge	x14,x0,80005d48	 x14:0x80025ce4  x0:0x00000000
      353469000	     17571	80005d32	011e7833	and	x16,x28,x17	 x28:0xf5e39fdf x17:0x00003f80 x16=0x00001f80
      353489000	     17572	80005d36	8019	c.srli	x8,0x6	  x8:0x000007e0  x8=0x0000001f
      353529000	     17574	80005d38	5b7d	c.li	x22,-1	 x22=0xffffffff
      353689000	     17582	80005d3a	019f5f63	bge	x30,x25,80005d58	 x30:0x00000000 x25:0x00000000
      354209000	     17608	80005d58	0001	c.addi	x0,0	  x0:0x00000000  x0=0x00000000
      354229000	     17609	80005d5a	62b1	c.lui	x5,0xc	  x5=0x0000c000
      354249000	     17610	80005d5c	018dcf33	xor	x30,x27,x24	 x27:0xfffffb9b x24:0x00000000 x30=0xfffffb9b
      354289000	     17612	80005d60	02608a63	beq	x1,x6,80005d94	  x1:0x00000002  x6:0x00000000
      354309000	     17613	80005d64	033e0463	beq	x28,x19,80005d8c	 x28:0xf5e39fdf x19:0xdea88c14
      354689000	     17632	80005d68	a35dc997	auipc	x19,0xa35dc	 x19=0x235e1d68
      354709000	     17633	80005d6c	025f6e63	bltu	x30,x5,80005da8	 x30:0xfffffb9b  x5:0x0000c000
      354849000	     17640	80005d70	03b4b0b3	mulhu	x1,x9,x27	  x9:0x0000007f x27:0xfffffb9b  x1=0x0000007e
      354989000	     17647	80005d74	cbe1c293	xori	x5,x3,-834	  x3:0x00000000  x5=0xfffffcbe
      355009000	     17648	80005d78	405b5cb3	sra	x25,x22,x5	 x22:0xffffffff  x5:0xfffffcbe x25=0xffffffff
      355049000	     17650	80005d7c	037c3a33	mulhu	x20,x24,x23	 x24:0x00000000 x23:0x0000000e x20=0x00000000
      355329000	     17664	80005d80	8da1	c.xor	x11,x8	 x11:0x00000000  x8:0x0000001f x11=0x0000001f
      356069000	     17701	80005d82	03f7d2b3	divu	x5,x15,x31	 x15:0x00000000 x31:0x3b507000  x5=0x00000000
      356089000	     17702	80005d86	03fa	c.slli	x7,0x1e	  x7:0xffffffff  x7=0xc0000000
      356129000	     17704	80005d88	0382e8b3	rem	x17,x5,x24	  x5:0x00000000 x24:0x00000000 x17=0x00000000
      356149000	     17705	80005d8c	0259db63	bge	x19,x5,80005dc2	 x19:0x235e1d68  x5:0x00000000
      356509000	     17723	80005dc2	8d99	c.sub	x11,x14	 x11:0x0000001f x14:0x80025ce4 x11=0x7ffda33b
      356529000	     17724	80005dc4	01d599b3	sll	x19,x11,x29	 x11:0x7ffda33b x29:0x982a1cc2 x19=0xfff68cec
      356549000	     17725	80005dc8	0ff0000f	fence	iorw,iorw	
      356949000	     17745	80005dcc	0146feb3	and	x29,x13,x20	 x13:0x46f49000 x20:0x00000000 x29=0x00000000
      357369000	     17766	80005dd0	6d4a8793	addi	x15,x21,1748	 x21:0x0000000e x15=0x000006e2
      357389000	     17767	80005dd4	03f2	c.slli	x7,0x1c	  x7:0xc0000000  x7=0x00000000
      357609000	     17778	80005dd6	02e51233	mulh	x4,x10,x14	 x10:0x0000000e x14:0x80025ce4  x4=0xfffffff9
      357689000	     17782	80005dda	02b894b3	mulh	x9,x17,x11	 x17:0x00000000 x11:0x7ffda33b  x9=0x00000000
      357709000	     17783	80005dde	00b2d433	srl	x8,x5,x11	  x5:0x00000000 x11:0x7ffda33b  x8=0x00000000
      357729000	     17784	80005de2	8ddd	c.or	x11,x15	 x11:0x7ffda33b x15:0x000006e2 x11=0x7ffda7fb
      357789000	     17787	80005de4	035e9e63	bne	x29,x21,80005e20	 x29:0x00000000 x21:0x0000000e
      357949000	     17795	80005e20	0001	c.addi	x0,0	  x0:0x00000000  x0=0x00000000
      358049000	     17800	80005e22	9299a313	slti	x6,x19,-1751	 x19:0xfff68cec  x6=0x00000001
      358069000	     17801	80005e26	009f9b63	bne	x31,x9,80005e3c	 x31:0x3b507000  x9:0x00000000
      358589000	     17827	80005e3c	00d89593	slli	x11,x17,0xd	 x17:0x00000000 x11=0x00000000
      358629000	     17829	80005e40	f8946937	lui	x18,0xf8946	 x18=0xf8946000
      359049000	     17850	80005e44	0001	c.addi	x0,0	  x0:0x00000000  x0=0x00000000
      359089000	     17852	80005e46	031d0933	mul	x18,x26,x17	 x26:0x00000000 x17:0x00000000 x18=0x00000000
      359109000	     17853	80005e4a	920a	c.add	x4,x2	  x4:0xfffffff9  x2:0xf5e39895  x4=0xf5e3988e
      359329000	     17864	80005e4c	03842933	mulhsu	x18,x8,x24	  x8:0x00000000 x24:0x00000000 x18=0x00000000
      359729000	     17884	80005e50	86ad	c.srai	x13,0xb	 x13:0x46f49000 x13=0x0008de92
      359989000	     17897	80005e52	aac4cb93	xori	x23,x9,-1364	  x9:0x00000000 x23=0xfffffaac
      360389000	     17917	80005e56	01cdeb33	or	x22,x27,x28	 x27:0xfffffb9b x28:0xf5e39fdf x22=0xffffffdf
      360409000	     17918	80005e5a	05b2	c.slli	x11,0xc	 x11:0x00000000 x11=0x00000000
      360529000	     17924	80005e5c	87c1	c.srai	x15,0x10	 x15:0x000006e2 x15=0x00000000
      360549000	     17925	80005e5e	9b46	c.add	x22,x17	 x22:0xffffffdf x17:0x00000000 x22=0xffffffdf
      360589000	     17927	80005e60	40125c13	srai	x24,x4,0x1	  x4:0xf5e3988e x24=0xfaf1cc47
      360629000	     17929	80005e64	0ff0000f	fence	iorw,iorw	
      360649000	     17930	80005e68	13287d93	andi	x27,x16,306	 x16:0x00001f80 x27=0x00000100
      360749000	     17935	80005e6c	adb03a13	sltiu	x20,x0,-1317	  x0:0x00000000 x20=0x00000001
      360769000	     17936	80005e70	8fa1	c.xor	x15,x8	 x15:0x00000000  x8:0x00000000 x15=0x00000000
      360789000	     17937	80005e72	cc91	c.beqz	x9,80005e8e	  x9:0x00000000
      361329000	     17964	80005e8e	2797fd93	andi	x27,x15,633	 x15:0x00000000 x27=0x00000000
      362249000	     18010	80005e92	02c2fcb3	remu	x25,x5,x12	  x5:0x00000000 x12:0x80021e04 x25=0x00000000
      370429000	     18419	80005e96	03f7b533	mulhu	x10,x15,x31	 x15:0x00000000 x31:0x3b507000 x10=0x00000000
      370449000	     18420	80005e9a	1afd	c.addi	x21,-1	 x21:0x0000000e x21=0x0000000d
      370469000	     18421	80005e9c	11fd	c.addi	x3,-1	  x3:0x00000000  x3=0xffffffff
      370489000	     18422	80005e9e	0215cb63	blt	x11,x1,80005ed4	 x11:0x00000000  x1:0x0000007e
      370649000	     18430	80005ed4	0001	c.addi	x0,0	  x0:0x00000000  x0=0x00000000
      370669000	     18431	80005ed6	4cfd	c.li	x25,31	 x25=0x0000001f
      370809000	     18438	80005ed8	8d15	c.sub	x10,x13	 x10:0x00000000 x13:0x0008de92 x10=0xfff7216e
      370829000	     18439	80005eda	33c40e93	addi	x29,x8,828	  x8:0x00000000 x29=0x0000033c
      370849000	     18440	80005ede	09aa	c.slli	x19,0xa	 x19:0xfff68cec x19=0xda33b000
      371249000	     18460	80005ee0	6e91	c.lui	x29,0x4	 x29=0x00004000
      371429000	     18469	80005ee2	009469b3	or	x19,x8,x9	  x8:0x00000000  x9:0x00000000 x19=0x00000000
      371449000	     18470	80005ee6	012cfdb3	and	x27,x25,x18	 x25:0x0000001f x18:0x00000000 x27=0x00000000
      371549000	     18475	80005eea	01aed033	srl	x0,x29,x26	 x29:0x00004000 x26:0x00000000  x0=0x00000000
      371569000	     18476	80005eee	0e49	c.addi	x28,18	 x28:0xf5e39fdf x28=0xf5e39ff1
      372309000	     18513	80005ef0	03945033	divu	x0,x8,x25	  x8:0x00000000 x25:0x0000001f  x0=0x00000000
      372329000	     18514	80005ef4	414b8d33	sub	x26,x23,x20	 x23:0xfffffaac x20:0x00000001 x26=0xfffffaab
      372349000	     18515	80005ef8	ec583693	sltiu	x13,x16,-315	 x16:0x00001f80 x13=0x00000001
      372369000	     18516	80005efc	037d9163	bne	x27,x23,80005f1e	 x27:0x00000000 x23:0xfffffaac
      372949000	     18545	80005f1e	01b50263	beq	x10,x27,80005f22	 x10:0xfff7216e x27:0x00000000
      372969000	     18546	80005f22	0001	c.addi	x0,0	  x0:0x00000000  x0=0x00000000
      372989000	     18547	80005f24	0001	c.addi	x0,0	  x0:0x00000000  x0=0x00000000
      373389000	     18567	80005f26	03a0c163	blt	x1,x26,80005f48	  x1:0x0000007e x26:0xfffffaab
      373529000	     18574	80005f2a	0209edb3	rem	x27,x19,x0	 x19:0x00000000  x0:0x00000000 x27=0x00000000
      373549000	     18575	80005f2e	8fdd	c.or	x15,x15	 x15:0x00000000 x15:0x00000000 x15=0x00000000
      373569000	     18576	80005f30	00875513	srli	x10,x14,0x8	 x14:0x80025ce4 x10=0x0080025c
      373949000	     18595	80005f34	8ff9	c.and	x15,x14	 x15:0x00000000 x14:0x80025ce4 x15=0x00000000
      373969000	     18596	80005f36	0ff0000f	fence	iorw,iorw	
      373989000	     18597	80005f3a	82c16893	ori	x17,x2,-2004	  x2:0xf5e39895 x17=0xfffff8bd
      374409000	     18618	80005f3e	4038d0b3	sra	x1,x17,x3	 x17:0xfffff8bd  x3:0xffffffff  x1=0xffffffff
      374429000	     18619	80005f42	02017963	bgeu	x2,x0,80005f74	  x2:0xf5e39895  x0:0x00000000
      375049000	     18650	80005f74	004fd993	srli	x19,x31,0x4	 x31:0x3b507000 x19=0x03b50700
      375409000	     18668	80005f78	9906	c.add	x18,x1	 x18:0x00000000  x1:0xffffffff x18=0xffffffff
      375429000	     18669	80005f7a	4174d4b3	sra	x9,x9,x23	  x9:0x00000000 x23:0xfffffaac  x9=0x00000000
      375849000	     18690	80005f7e	20ba7c17	auipc	x24,0x20ba7	 x24=0xa0bacf7e
      376129000	     18704	80005f82	02912233	mulhsu	x4,x2,x9	  x2:0xf5e39895  x9:0x00000000  x4=0x00000000
      376149000	     18705	80005f86	00890d63	beq	x18,x8,80005fa0	 x18:0xffffffff  x8:0x00000000
      376549000	     18725	80005f8a	01965d93	srli	x27,x12,0x19	 x12:0x80021e04 x27=0x00000040
      376969000	     18746	80005f8e	e4bc3393	sltiu	x7,x24,-437	 x24:0xa0bacf7e  x7=0x00000001
      376989000	     18747	80005f92	ec09	c.bnez	x8,80005fac	  x8:0x00000000
      377009000	     18748	80005f94	4509a513	slti	x10,x19,1104	 x19:0x03b50700 x10=0x00000000
      377169000	     18756	80005f98	8c7e7593	andi	x11,x28,-1849	 x28:0xf5e39ff1 x11=0xf5e398c1
      377209000	     18758	80005f9c	659a47b7	lui	x15,0x659a4	 x15=0x659a4000
      377289000	     18762	80005fa0	9afd	c.andi	x13,-1	 x13:0x00000001 x13=0x00000001
      377429000	     18769	80005fa2	01771413	slli	x8,x14,0x17	 x14:0x80025ce4  x8=0x72000000
      377449000	     18770	80005fa6	417ed793	srai	x15,x29,0x17	 x29:0x00004000 x15=0x00000000
      377469000	     18771	80005faa	6331	c.lui	x6,0xc	  x6=0x0000c000
      377589000	     18777	80005fac	7f3b3d93	sltiu	x27,x22,2035	 x22:0xffffffdf x27=0x00000000
      377769000	     18786	80005fb0	40f288b3	sub	x17,x5,x15	  x5:0x00000000 x15:0x00000000 x17=0x00000000
      378169000	     18806	80005fb4	0dce	c.slli	x27,0x13	 x27:0x00000000 x27=0x00000000
      378589000	     18827	80005fb6	01517ab3	and	x21,x2,x21	  x2:0xf5e39895 x21:0x0000000d x21=0x00000005
      378609000	     18828	80005fba	997d	c.andi	x10,-1	 x10:0x00000000 x10=0x00000000
      378629000	     18829	80005fbc	01e47e33	and	x28,x8,x30	  x8:0x72000000 x30:0xfffffb9b x28=0x72000000
      379489000	     18872	80005fc0	039af533	remu	x10,x21,x25	 x21:0x00000005 x25:0x0000001f x10=0x00000005
      379509000	     18873	80005fc4	02167c63	bgeu	x12,x1,80005ffc	 x12:0x80021e04  x1:0xffffffff
      379529000	     18874	80005fc8	03ef0eb3	mul	x29,x30,x30	 x30:0xfffffb9b x30:0xfffffb9b x29=0x00134fd9
      379549000	     18875	80005fcc	68b5	c.lui	x17,0xd	 x17=0x0000d000
      379569000	     18876	80005fce	0000100f	fence.i	
      379649000	     18880	80005fd2	197d	c.addi	x18,-1	 x18:0xffffffff x18=0xfffffffe
      379769000	     18886	80005fd4	02fa4463	blt	x20,x15,80005ffc	 x20:0x00000001 x15:0x00000000
      380029000	     18899	80005fd8	0ff0000f	fence	iorw,iorw	
      380289000	     18912	80005fdc	fd52fb93	andi	x23,x5,-43	  x5:0x00000000 x23=0x00000000
      380309000	     18913	80005fe0	038b7763	bgeu	x22,x24,8000600e	 x22:0xffffffdf x24:0xa0bacf7e
      380789000	     18937	8000600e	0095ca63	blt	x11,x9,80006022	 x11:0xf5e398c1  x9:0x00000000
      381029000	     18949	80006022	6251	c.lui	x4,0x14	  x4=0x00014000
      381269000	     18961	80006024	027009b3	mul	x19,x0,x7	  x0:0x00000000  x7:0x00000001 x19=0x00000000
      381449000	     18970	80006028	8c39	c.xor	x8,x14	  x8:0x72000000 x14:0x80025ce4  x8=0xf2025ce4
      381469000	     18971	8000602a	82d5	c.srli	x13,0x15	 x13:0x00000001 x13=0x00000000
      381489000	     18972	8000602c	0164df33	srl	x30,x9,x22	  x9:0x00000000 x22:0xffffffdf x30=0x00000000
      381509000	     18973	80006030	40e1d333	sra	x6,x3,x14	  x3:0xffffffff x14:0x80025ce4  x6=0xffffffff
      381589000	     18977	80006034	01c75eb3	srl	x29,x14,x28	 x14:0x80025ce4 x28:0x72000000 x29=0x80025ce4
      381609000	     18978	80006038	81b6	c.mv	x3,x13	  x0:0x00000000 x13:0x00000000  x3=0x00000000
      381629000	     18979	8000603a	8fb1	c.xor	x15,x12	 x15:0x00000000 x12:0x80021e04 x15=0x80021e04
      381649000	     18980	8000603c	40ad5393	srai	x7,x26,0xa	 x26:0xfffffaab  x7=0xfffffffe
      381689000	     18982	80006040	023ccd33	div	x26,x25,x3	 x25:0x0000001f  x3:0x00000000 x26=0xffffffff
      381709000	     18983	80006044	01ed1013	slli	x0,x26,0x1e	 x26:0xffffffff  x0=0x00000000
      381849000	     18990	80006048	36a7f393	andi	x7,x15,874	 x15:0x80021e04  x7=0x00000200
      382249000	     19010	8000604c	012ce833	or	x16,x25,x18	 x25:0x0000001f x18:0xfffffffe x16=0xffffffff
      382329000	     19014	80006050	00230d33	add	x26,x6,x2	  x6:0xffffffff  x2:0xf5e39895 x26=0xf5e39894
      382349000	     19015	80006054	9bfd	c.andi	x15,-1	 x15:0x80021e04 x15=0x80021e04
      382489000	     19022	80006056	0ff0000f	fence	iorw,iorw	
      382509000	     19023	8000605a	0351f163	bgeu	x3,x21,8000607c	  x3:0x00000000 x21:0x00000005
      382529000	     19024	8000605e	4b6d	c.li	x22,27	 x22=0x0000001b
      382549000	     19025	80006060	012cee33	or	x28,x25,x18	 x25:0x0000001f x18:0xfffffffe x28=0xffffffff
      382949000	     19045	80006064	0001	c.addi	x0,0	  x0:0x00000000  x0=0x00000000
      382969000	     19046	80006066	8d15	c.sub	x10,x13	 x10:0x00000005 x13:0x00000000 x10=0x00000005
      383369000	     19066	80006068	6569	c.lui	x10,0x1a	 x10=0x0001a000
      383389000	     19067	8000606a	0001	c.addi	x0,0	  x0:0x00000000  x0=0x00000000
      383409000	     19068	8000606c	9141fd13	andi	x26,x3,-1772	  x3:0x00000000 x26=0x00000000
      383449000	     19070	80006070	0001	c.addi	x0,0	  x0:0x00000000  x0=0x00000000
      383869000	     19091	80006072	00923933	sltu	x18,x4,x9	  x4:0x00014000  x9:0x00000000 x18=0x00000000
      383889000	     19092	80006076	80ba	c.mv	x1,x14	  x0:0x00000000 x14:0x80025ce4  x1=0x80025ce4
      383909000	     19093	80006078	0001	c.addi	x0,0	  x0:0x00000000  x0=0x00000000
      383929000	     19094	8000607a	655d	c.lui	x10,0x17	 x10=0x00017000
      384009000	     19098	8000607c	0a06	c.slli	x20,0x1	 x20:0x00000001 x20=0x00000002
      384029000	     19099	8000607e	6ba5	c.lui	x23,0x9	 x23=0x00009000
      384169000	     19106	80006080	4148de33	sra	x28,x17,x20	 x17:0x0000d000 x20:0x00000002 x28=0x00003400
      385309000	     19163	80006084	02be6833	rem	x16,x28,x11	 x28:0x00003400 x11:0xf5e398c1 x16=0x00003400
      385329000	     19164	80006088	006b1263	bne	x22,x6,8000608c	 x22:0x0000001b  x6:0xffffffff
      385909000	     19193	8000608c	02761933	mulh	x18,x12,x7	 x12:0x80021e04  x7:0x00000200 x18=0xffffff00
      386069000	     19201	80006090	403657b3	sra	x15,x12,x3	 x12:0x80021e04  x3:0x00000000 x15=0x80021e04
      387209000	     19258	80006094	031774b3	remu	x9,x14,x17	 x14:0x80025ce4 x17:0x0000d000  x9=0x00009ce4
      387229000	     19259	80006098	8a5ca693	slti	x13,x25,-1883	 x25:0x0000001f x13=0x00000000
      387249000	     19260	8000609c	cb85	c.beqz	x15,800060cc	 x15:0x80021e04
      387269000	     19261	8000609e	00704b33	xor	x22,x0,x7	  x0:0x00000000  x7:0x00000200 x22=0x00000200
      387289000	     19262	800060a2	4f404b93	xori	x23,x0,1268	  x0:0x00000000 x23=0x000004f4
      387309000	     19263	800060a6	1b0daf93	slti	x31,x27,432	 x27:0x00000000 x31=0x00000001
      387329000	     19264	800060aa	a9971097	auipc	x1,0xa9971	  x1=0x299770aa
      387549000	     19275	800060ae	004f2f33	slt	x30,x30,x4	 x30:0x00000000  x4:0x00014000 x30=0x00000001
      387729000	     19284	800060b2	8aafb513	sltiu	x10,x31,-1878	 x31:0x00000001 x10=0x00000001
      387749000	     19285	800060b6	00204f63	blt	x0,x2,800060d4	  x0:0x00000000  x2:0xf5e39895
      387849000	     19290	800060ba	02a63eb3	mulhu	x29,x12,x10	 x12:0x80021e04 x10:0x00000001 x29=0x00000000
      388249000	     19310	800060be	022d8bb3	mul	x23,x27,x2	 x27:0x00000000  x2:0xf5e39895 x23=0x00000000
      388269000	     19311	800060c2	8cad	c.xor	x9,x11	  x9:0x00009ce4 x11:0xf5e398c1  x9=0xf5e30425
      388649000	     19330	800060c4	527d	c.li	x4,-1	  x4=0xffffffff
      388789000	     19337	800060c6	00181793	slli	x15,x16,0x1	 x16:0x00003400 x15=0x00006800
      388809000	     19338	800060ca	8c31	c.xor	x8,x12	  x8:0xf2025ce4 x12:0x80021e04  x8=0x720042e0
      388829000	     19339	800060cc	035e8263	beq	x29,x21,800060f0	 x29:0x00000000 x21:0x00000005
      389229000	     19359	800060d0	01dfc463	blt	x31,x29,800060d8	 x31:0x00000001 x29:0x00000000
      389289000	     19362	800060d4	03097863	bgeu	x18,x16,80006104	 x18:0xffffff00 x16:0x00003400
      389569000	     19376	80006104	00adb2b3	sltu	x5,x27,x10	 x27:0x00000000 x10:0x00000001  x5=0x00000001
      389709000	     19383	80006108	8885c593	xori	x11,x11,-1912	 x11:0xf5e398c1 x11=0x0a1c6049
      390449000	     19420	8000610c	035ccdb3	div	x27,x25,x21	 x25:0x0000001f x21:0x00000005 x27=0x00000006
      391189000	     19457	80006110	024af5b3	remu	x11,x21,x4	 x21:0x00000005  x4:0xffffffff x11=0x00000005
      391209000	     19458	80006114	03fa	c.slli	x7,0x1e	  x7:0x00000200  x7=0x00000000
      391229000	     19459	80006116	64b1	c.lui	x9,0xc	  x9=0x0000c000
      391249000	     19460	80006118	03b94463	blt	x18,x27,80006140	 x18:0xffffff00 x27:0x00000006
      391529000	     19474	80006140	05a2	c.slli	x11,0x8	 x11:0x00000005 x11=0x00000500
      391549000	     19475	80006142	0d9d	c.addi	x27,7	 x27:0x00000006 x27=0x0000000d
      391709000	     19483	80006144	41cdda33	sra	x20,x27,x28	 x27:0x0000000d x28:0x00003400 x20=0x0000000d
      391729000	     19484	80006148	6cd1	c.lui	x25,0x14	 x25=0x00014000
      391749000	     19485	8000614a	02a48233	mul	x4,x9,x10	  x9:0x0000c000 x10:0x00000001  x4=0x0000c000
      392169000	     19506	8000614e	40845813	srai	x16,x8,0x8	  x8:0x720042e0 x16=0x00720042
      392369000	     19516	80006152	014e0433	add	x8,x28,x20	 x28:0x00003400 x20:0x0000000d  x8=0x0000340d
      392509000	     19523	80006156	02d80233	mul	x4,x16,x13	 x16:0x00720042 x13:0x00000000  x4=0x00000000
      392529000	     19524	8000615a	e6bc2d93	slti	x27,x24,-405	 x24:0xa0bacf7e x27=0x00000001
      392889000	     19542	8000615e	0335d3b3	divu	x7,x11,x19	 x11:0x00000500 x19:0x00000000  x7=0xffffffff
      392909000	     19543	80006162	8565	c.srai	x10,0x19	 x10:0x00000001 x10=0x00000000
      392949000	     19545	80006164	0226a0b3	mulhsu	x1,x13,x2	 x13:0x00000000  x2:0xf5e39895  x1=0x00000000
      392969000	     19546	80006168	1c7d	c.addi	x24,-1	 x24:0xa0bacf7e x24=0xa0bacf7d
      392989000	     19547	8000616a	01b79c63	bne	x15,x27,80006182	 x15:0x00006800 x27:0x00000001
      393509000	     19573	80006182	3b278917	auipc	x18,0x3b278	 x18=0xbb27e182
      393529000	     19574	80006186	9cae	c.add	x25,x11	 x25:0x00014000 x11:0x00000500 x25=0x00014500
      393549000	     19575	80006188	e095	c.bnez	x9,800061ac	  x9:0x0000c000
      394249000	     19610	800061ac	59fd	c.li	x19,-1	 x19=0xffffffff
      394389000	     19617	800061ae	41d704b3	sub	x9,x14,x29	 x14:0x80025ce4 x29:0x00000000  x9=0x80025ce4
      394409000	     19618	800061b2	01df4bb3	xor	x23,x30,x29	 x30:0x00000001 x29:0x00000000 x23=0x00000001
      394429000	     19619	800061b6	00110e33	add	x28,x2,x1	  x2:0xf5e39895  x1:0x00000000 x28=0xf5e39895
      394449000	     19620	800061ba	ed9d	c.bnez	x11,800061f8	 x11:0x00000500
      394669000	     19631	800061f8	003a11b3	sll	x3,x20,x3	 x20:0x0000000d  x3:0x00000000  x3=0x0000000d
      394689000	     19632	800061fc	557d	c.li	x10,-1	 x10=0xffffffff
      394929000	     19644	800061fe	0198dc33	srl	x24,x17,x25	 x17:0x0000d000 x25:0x00014500 x24=0x0000d000
      394949000	     19645	80006202	c78d	c.beqz	x15,8000622c	 x15:0x00006800
      395089000	     19652	80006204	01c8d433	srl	x8,x17,x28	 x17:0x0000d000 x28:0xf5e39895  x8=0x00000000
      395269000	     19661	80006208	6e05	c.lui	x28,0x1	 x28=0x00001000
      395289000	     19662	8000620a	b7888413	addi	x8,x17,-1160	 x17:0x0000d000  x8=0x0000cb78
      395309000	     19663	8000620e	8c7e	c.mv	x24,x31	  x0:0x00000000 x31:0x00000001 x24=0x00000001
      395329000	     19664	80006210	ee024a93	xori	x21,x4,-288	  x4:0x00000000 x21=0xfffffee0
      395629000	     19679	80006214	03fca833	mulhsu	x16,x25,x31	 x25:0x00014500 x31:0x00000001 x16=0x00000000
      395669000	     19681	80006218	0167fa63	bgeu	x15,x22,8000622c	 x15:0x00006800 x22:0x00000200
      395849000	     19690	8000622c	6279	c.lui	x4,0x1e	  x4=0x0001e000
      396169000	     19706	8000622e	00675cb3	srl	x25,x14,x6	 x14:0x80025ce4  x6:0xffffffff x25=0x00000001
      396189000	     19707	80006232	8ef1	c.and	x13,x12	 x13:0x00000000 x12:0x80021e04 x13=0x00000000
      396209000	     19708	80006234	97b6	c.add	x15,x13	 x15:0x00006800 x13:0x00000000 x15=0x00006800
      396229000	     19709	80006236	c7564797	auipc	x15,0xc7564	 x15=0x4756a236
      396249000	     19710	8000623a	0167c9b3	xor	x19,x15,x22	 x15:0x4756a236 x22:0x00000200 x19=0x4756a036
      396269000	     19711	8000623e	cc91	c.beqz	x9,8000625a	  x9:0x80025ce4
      396309000	     19713	80006240	03819cb3	mulh	x25,x3,x24	  x3:0x0000000d x24:0x00000001 x25=0x00000000
      396329000	     19714	80006244	00a070b3	and	x1,x0,x10	  x0:0x00000000 x10:0xffffffff  x1=0x00000000
      396489000	     19722	80006248	11fd	c.addi	x3,-1	  x3:0x0000000d  x3=0x0000000c
      396509000	     19723	8000624a	974b2417	auipc	x8,0x974b2	  x8=0x174b824a
      396649000	     19730	8000624e	22047413	andi	x8,x8,544	  x8:0x174b824a  x8=0x00000200
      397069000	     19751	80006252	01a27d63	bgeu	x4,x26,8000626c	  x4:0x0001e000 x26:0x00000000
      398049000	     19800	8000626c	016d33b3	sltu	x7,x26,x22	 x26:0x00000000 x22:0x00000200  x7=0x00000001
      398489000	     19822	80006270	0047f333	and	x6,x15,x4	 x15:0x4756a236  x4:0x0001e000  x6=0x0000a000
      398509000	     19823	80006274	6fed	c.lui	x31,0x1b	 x31=0x0001b000
      398529000	     19824	80006276	019e4463	blt	x28,x25,8000627e	 x28:0x00001000 x25:0x00000000
      398549000	     19825	8000627a	00c389b3	add	x19,x7,x12	  x7:0x00000001 x12:0x80021e04 x19=0x80021e05
      398569000	     19826	8000627e	475d9897	auipc	x17,0x475d9	 x17=0xc75df27e
      398589000	     19827	80006282	c0a1	c.beqz	x9,800062c2	  x9:0x80025ce4
      398609000	     19828	80006284	40a6d493	srai	x9,x13,0xa	 x13:0x00000000  x9=0x00000000
      398649000	     19830	80006288	0ff0000f	fence	iorw,iorw	
      398669000	     19831	8000628c	01bc64b3	or	x9,x24,x27	 x24:0x00000001 x27:0x00000001  x9=0x00000001
      399089000	     19852	80006290	52fd	c.li	x5,-1	  x5=0xffffffff
      399829000	     19889	80006292	03fb41b3	div	x3,x22,x31	 x22:0x00000200 x31:0x0001b000  x3=0x00000000
      399849000	     19890	80006296	0133ecb3	or	x25,x7,x19	  x7:0x00000001 x19:0x80021e05 x25=0x80021e05
      400589000	     19927	8000629a	028e4333	div	x6,x28,x8	 x28:0x00001000  x8:0x00000200  x6=0x00000008
      400609000	     19928	8000629e	0000100f	fence.i	
      400689000	     19932	800062a2	8d4d	c.or	x10,x11	 x10:0xffffffff x11:0x00000500 x10=0xffffffff
      400709000	     19933	800062a4	8469	c.srai	x8,0x1a	  x8:0x00000200  x8=0x00000000
      400729000	     19934	800062a6	02ad8463	beq	x27,x10,800062ce	 x27:0x00000001 x10:0xffffffff
      400749000	     19935	800062aa	e685	c.bnez	x13,800062d2	 x13:0x00000000
      401149000	     19955	800062ac	4b95	c.li	x23,5	 x23=0x00000005
      401169000	     19956	800062ae	0856	c.slli	x16,0x15	 x16:0x00000000 x16=0x00000000
      401569000	     19976	800062b0	c919	c.beqz	x10,800062c6	 x10:0xffffffff
      401629000	     19979	800062b2	02824933	div	x18,x4,x8	  x4:0x0001e000  x8:0x00000000 x18=0xffffffff
      401709000	     19983	800062b6	a91bf513	andi	x10,x23,-1391	 x23:0x00000005 x10=0x00000001
      402129000	     20004	800062ba	016ab1b3	sltu	x3,x21,x22	 x21:0xfffffee0 x22:0x00000200  x3=0x00000000
      402349000	     20015	800062be	e8b04bb7	lui	x23,0xe8b04	 x23=0xe8b04000
      402369000	     20016	800062c2	c805	c.beqz	x8,800062f2	  x8:0x00000000
      403329000	     20064	800062f2	0234f863	bgeu	x9,x3,80006322	  x9:0x00000001  x3:0x00000000
      404949000	     20145	80006322	0314f833	remu	x16,x9,x17	  x9:0x00000001 x17:0xc75df27e x16=0x00000001
      404969000	     20146	80006326	00ee0033	add	x0,x28,x14	 x28:0x00001000 x14:0x80025ce4  x0=0x00000000
      404989000	     20147	8000632a	01069fb3	sll	x31,x13,x16	 x13:0x00000000 x16:0x00000001 x31=0x00000000
      405009000	     20148	8000632e	0001	c.addi	x0,0	  x0:0x00000000  x0=0x00000000
      405029000	     20149	80006330	41050a33	sub	x20,x10,x16	 x10:0x00000001 x16:0x00000001 x20=0x00000000
      409189000	     20357	80006334	b1a83b13	sltiu	x22,x16,-1254	 x16:0x00000001 x22=0x00000001
      409209000	     20358	80006338	0475	c.addi	x8,29	  x8:0x00000000  x8=0x0000001d
      409229000	     20359	8000633a	9e443c13	sltiu	x24,x8,-1564	  x8:0x0000001d x24=0x00000001
      409249000	     20360	8000633e	028002b3	mul	x5,x0,x8	  x0:0x00000000  x8:0x0000001d  x5=0x00000000
      409269000	     20361	80006342	8ab5ed93	ori	x27,x11,-1877	 x11:0x00000500 x27=0xfffffdab
      409509000	     20373	80006346	0167dd33	srl	x26,x15,x22	 x15:0x4756a236 x22:0x00000001 x26=0x23ab511b
      409529000	     20374	8000634a	e085	c.bnez	x9,8000636a	  x9:0x00000001
      410609000	     20428	8000636a	b7f9ce17	auipc	x28,0xb7f9c	 x28=0x37fa236a
      410629000	     20429	8000636e	18fd	c.addi	x17,-1	 x17:0xc75df27e x17=0xc75df27d
      410649000	     20430	80006370	8eed	c.and	x13,x11	 x13:0x00000000 x11:0x00000500 x13=0x00000000
      410669000	     20431	80006372	0cc6	c.slli	x25,0x11	 x25:0x80021e05 x25=0x3c0a0000
      410749000	     20435	80006374	86a2	c.mv	x13,x8	  x0:0x00000000  x8:0x0000001d x13=0x0000001d
      410829000	     20439	80006376	00651b33	sll	x22,x10,x6	 x10:0x00000001  x6:0x00000008 x22=0x00000100
      410849000	     20440	8000637a	601ec193	xori	x3,x29,1537	 x29:0x00000000  x3=0x00000601
      411109000	     20453	8000637e	41995913	srai	x18,x18,0x19	 x18:0xffffffff x18=0xffffffff
      411229000	     20459	80006382	d9b16993	ori	x19,x2,-613	  x2:0xf5e39895 x19=0xfffffd9f
      411369000	     20466	80006386	40025333	sra	x6,x4,x0	  x4:0x0001e000  x0:0x00000000  x6=0x0001e000
      411389000	     20467	8000638a	884d	c.andi	x8,19	  x8:0x0000001d  x8=0x00000011
      411409000	     20468	8000638c	0191fcb3	and	x25,x3,x25	  x3:0x00000601 x25:0x3c0a0000 x25=0x00000000
      411589000	     20477	80006390	c009	c.beqz	x8,80006392	  x8:0x00000011
      411629000	     20479	80006392	026b9833	mulh	x16,x23,x6	 x23:0xe8b04000  x6:0x0001e000 x16=0xffffd44a
      412029000	     20499	80006396	0349e4b3	rem	x9,x19,x20	 x19:0xfffffd9f x20:0x00000000  x9=0xfffffd9f
      412049000	     20500	8000639a	8cb9	c.xor	x9,x14	  x9:0xfffffd9f x14:0x80025ce4  x9=0x7ffda17b
      412209000	     20508	8000639c	8afd1597	auipc	x11,0x8afd1	 x11=0x0afd739c
      412229000	     20509	800063a0	0001	c.addi	x0,0	  x0:0x00000000  x0=0x00000000
      412289000	     20512	800063a2	6638ee13	ori	x28,x17,1635	 x17:0xc75df27d x28=0xc75df67f
      412309000	     20513	800063a6	00b817b3	sll	x15,x16,x11	 x16:0xffffd44a x11:0x0afd739c x15=0xa0000000
      413049000	     20550	800063aa	0356deb3	divu	x29,x13,x21	 x13:0x0000001d x21:0xfffffee0 x29=0x00000000
      413069000	     20551	800063ae	80f2	c.mv	x1,x28	  x0:0x00000000 x28:0xc75df67f  x1=0xc75df67f
      413089000	     20552	800063b0	0069e9b3	or	x19,x19,x6	 x19:0xfffffd9f  x6:0x0001e000 x19=0xfffffd9f
      413129000	     20554	800063b4	025ac2b3	div	x5,x21,x5	 x21:0xfffffee0  x5:0x00000000  x5=0xffffffff
      413149000	     20555	800063b8	00d79b63	bne	x15,x13,800063ce	 x15:0xa0000000 x13:0x0000001d
      413889000	     20592	800063ce	8469	c.srai	x8,0x1a	  x8:0x00000011  x8=0x00000000
      414329000	     20614	800063d0	038be563	bltu	x23,x24,800063fa	 x23:0xe8b04000 x24:0x00000001
      414349000	     20615	800063d4	ffe23193	sltiu	x3,x4,-2	  x4:0x0001e000  x3=0x00000001
      414369000	     20616	800063d8	039fc163	blt	x31,x25,800063fa	 x31:0x00000000 x25:0x00000000
      414389000	     20617	800063dc	0000100f	fence.i	
      414849000	     20640	800063e0	010ff897	auipc	x17,0x10ff	 x17=0x811053e0
      414889000	     20642	800063e4	afca6f13	ori	x30,x20,-1284	 x20:0x00000000 x30=0xfffffafc
      415109000	     20653	800063e8	eb2d6793	ori	x15,x26,-334	 x26:0x23ab511b x15=0xffffffbb
      415169000	     20656	800063ec	0333f063	bgeu	x7,x19,8000640c	  x7:0x00000001 x19:0xfffffd9f
      415509000	     20673	800063f0	e811	c.bnez	x8,80006404	  x8:0x00000000
      415529000	     20674	800063f2	4acf7513	andi	x10,x30,1196	 x30:0xfffffafc x10=0x000000ac
      415669000	     20681	800063f6	be226c17	auipc	x24,0xbe226	 x24=0x3e22c3f6
      415689000	     20682	800063fa	82b9	c.srli	x13,0xe	 x13:0x0000001d x13=0x00000000
      415729000	     20684	800063fc	2a218513	addi	x10,x3,674	  x3:0x00000001 x10=0x000002a3
      415749000	     20685	80006400	ea85	c.bnez	x13,80006430	 x13:0x00000000
      415769000	     20686	80006402	98da	c.add	x17,x22	 x17:0x811053e0 x22:0x00000100 x17=0x811054e0
      415869000	     20691	80006404	44260193	addi	x3,x12,1090	 x12:0x80021e04  x3=0x80022246
      415889000	     20692	80006408	69dd	c.lui	x19,0x17	 x19=0x00017000
      415909000	     20693	8000640a	0001	c.addi	x0,0	  x0:0x00000000  x0=0x00000000
      417009000	     20748	8000640c	03b3d2b3	divu	x5,x7,x27	  x7:0x00000001 x27:0xfffffdab  x5=0x00000000
      417749000	     20785	80006410	0308fbb3	remu	x23,x17,x16	 x17:0x811054e0 x16:0xffffd44a x23=0x811054e0
      417769000	     20786	80006414	40c706b3	sub	x13,x14,x12	 x14:0x80025ce4 x12:0x80021e04 x13=0x00003ee0
      417789000	     20787	80006418	8c31	c.xor	x8,x12	  x8:0x00000000 x12:0x80021e04  x8=0x80021e04
      417829000	     20789	8000641a	02013933	mulhu	x18,x2,x0	  x2:0xf5e39895  x0:0x00000000 x18=0x00000000
      417849000	     20790	8000641e	046a5363	bge	x20,x6,80006464	 x20:0x00000000  x6:0x0001e000
      417869000	     20791	80006422	03581c63	bne	x16,x21,8000645a	 x16:0xffffd44a x21:0xfffffee0
      417969000	     20796	8000645a	013adc63	bge	x21,x19,80006472	 x21:0xfffffee0 x19:0x00017000
      417989000	     20797	8000645e	0a32	c.slli	x20,0xc	 x20:0x00000000 x20=0x00000000
      418369000	     20816	80006460	005b5fb3	srl	x31,x22,x5	 x22:0x00000100  x5:0x00000000 x31=0x00000100
      418389000	     20817	80006464	8869	c.andi	x8,26	  x8:0x80021e04  x8=0x00000000
      418569000	     20826	80006466	00237263	bgeu	x6,x2,8000646a	  x6:0x0001e000  x2:0xf5e39895
      418589000	     20827	8000646a	0173cb33	xor	x22,x7,x23	  x7:0x00000001 x23:0x811054e0 x22=0x811054e1
      419009000	     20848	8000646e	01051537	lui	x10,0x1051	 x10=0x01051000
      419029000	     20849	80006472	01594eb3	xor	x29,x18,x21	 x18:0x00000000 x21:0xfffffee0 x29=0xfffffee0
      419449000	     20870	80006476	d93bb213	sltiu	x4,x23,-621	 x23:0x811054e0  x4=0x00000001
      419569000	     20876	8000647a	41eadbb3	sra	x23,x21,x30	 x21:0xfffffee0 x30:0xfffffafc x23=0xffffffff
      419649000	     20880	8000647e	028879b3	remu	x19,x16,x8	 x16:0xffffd44a  x8:0x00000000 x19=0xffffd44a
      419689000	     20882	80006482	4116d333	sra	x6,x13,x17	 x13:0x00003ee0 x17:0x811054e0  x6=0x00003ee0
      419709000	     20883	80006486	005bc0b3	xor	x1,x23,x5	 x23:0xffffffff  x5:0x00000000  x1=0xffffffff
      419729000	     20884	8000648a	0001	c.addi	x0,0	  x0:0x00000000  x0=0x00000000
      420469000	     20921	8000648c	031ccc33	div	x24,x25,x17	 x25:0x00000000 x17:0x811054e0 x24=0x00000000
      420489000	     20922	80006490	99ea	c.add	x19,x26	 x19:0xffffd44a x26:0x23ab511b x19=0x23ab2565
      420509000	     20923	80006492	c8e03093	sltiu	x1,x0,-882	  x0:0x00000000  x1=0x00000001
      420529000	     20924	80006496	d12f6917	auipc	x18,0xd12f6	 x18=0x512fc496
      420549000	     20925	8000649a	11c4e517	auipc	x10,0x11c4e	 x10=0x91c5449a
      420569000	     20926	8000649e	8fa9	c.xor	x15,x10	 x15:0xffffffbb x10:0x91c5449a x15=0x6e3abb21
      420589000	     20927	800064a0	38e52b93	slti	x23,x10,910	 x10:0x91c5449a x23=0x00000001
      420769000	     20936	800064a4	8fd9	c.or	x15,x14	 x15:0x6e3abb21 x14:0x80025ce4 x15=0xee3affe5
      420789000	     20937	800064a6	8cc1	c.or	x9,x8	  x9:0x7ffda17b  x8:0x00000000  x9=0x7ffda17b
      420809000	     20938	800064a8	039ce663	bltu	x25,x25,800064d4	 x25:0x00000000 x25:0x00000000
      420849000	     20940	800064ac	03247f63	bgeu	x8,x18,800064ea	  x8:0x00000000 x18:0x512fc496
      420889000	     20942	800064b0	03574963	blt	x14,x21,800064e2	 x14:0x80025ce4 x21:0xfffffee0
      421329000	     20964	800064e2	8409	c.srai	x8,0x2	  x8:0x00000000  x8=0x00000000
      421369000	     20966	800064e4	8c8d	c.sub	x9,x11	  x9:0x7ffda17b x11:0x0afd739c  x9=0x75002ddf
      421589000	     20977	800064e6	6886fe93	andi	x29,x13,1672	 x13:0x00003ee0 x29=0x00000680
      421629000	     20979	800064ea	02077eb3	remu	x29,x14,x0	 x14:0x80025ce4  x0:0x00000000 x29=0x80025ce4
      421649000	     20980	800064ee	99fd	c.andi	x11,-1	 x11:0x0afd739c x11=0x0afd739c
      422129000	     21004	800064f0	03cf8e33	mul	x28,x31,x28	 x31:0x00000100 x28:0xc75df67f x28=0x5df67f00
      422869000	     21041	800064f4	03287d33	remu	x26,x16,x18	 x16:0xffffd44a x18:0x512fc496 x26=0x0c708688
      422889000	     21042	800064f8	2135b593	sltiu	x11,x11,531	 x11:0x0afd739c x11=0x00000000
      422909000	     21043	800064fc	00edf0b3	and	x1,x27,x14	 x27:0xfffffdab x14:0x80025ce4  x1=0x80025ca0
      422929000	     21044	80006500	01012533	slt	x10,x2,x16	  x2:0xf5e39895 x16:0xffffd44a x10=0x00000001
      422949000	     21045	80006504	84ea	c.mv	x9,x26	  x0:0x00000000 x26:0x0c708688  x9=0x0c708688
      422969000	     21046	80006506	01ec25b3	slt	x11,x24,x30	 x24:0x00000000 x30:0xfffffafc x11=0x00000000
      422989000	     21047	8000650a	55fd	c.li	x11,-1	 x11=0xffffffff
      423009000	     21048	8000650c	01dadbb3	srl	x23,x21,x29	 x21:0xfffffee0 x29:0x80025ce4 x23=0x0fffffee
      423849000	     21090	80006510	02bbe233	rem	x4,x23,x11	 x23:0x0fffffee x11:0xffffffff  x4=0x00000000
      423869000	     21091	80006514	98ca	c.add	x17,x18	 x17:0x811054e0 x18:0x512fc496 x17=0xd2401976
      423889000	     21092	80006516	0001	c.addi	x0,0	  x0:0x00000000  x0=0x00000000
      423909000	     21093	80006518	40038433	sub	x8,x7,x0	  x7:0x00000001  x0:0x00000000  x8=0x00000001
      423929000	     21094	8000651c	9ff23f93	sltiu	x31,x4,-1537	  x4:0x00000000 x31=0x00000001
      424129000	     21104	80006520	026f1fb3	mulh	x31,x30,x6	 x30:0xfffffafc  x6:0x00003ee0 x31=0xffffffff
      424269000	     21111	80006524	83bd	c.srli	x15,0xf	 x15:0xee3affe5 x15=0x0001dc75
      424469000	     21121	80006526	41375cb3	sra	x25,x14,x19	 x14:0x80025ce4 x19:0x23ab2565 x25=0xfc0012e7
      425209000	     21158	8000652a	028b55b3	divu	x11,x22,x8	 x22:0x811054e1  x8:0x00000001 x11=0x811054e1
      425229000	     21159	8000652e	042ce363	bltu	x25,x2,80006574	 x25:0xfc0012e7  x2:0xf5e39895
      425969000	     21196	80006532	0232d933	divu	x18,x5,x3	  x5:0x00000000  x3:0x80022246 x18=0x00000000
      426009000	     21198	80006536	020b59b3	divu	x19,x22,x0	 x22:0x811054e1  x0:0x00000000 x19=0xffffffff
      426029000	     21199	8000653a	8109	c.srli	x10,0x2	 x10:0x00000001 x10=0x00000000
      426049000	     21200	8000653c	0000100f	fence.i	
      426409000	     21218	80006540	4f002593	slti	x11,x0,1264	  x0:0x00000000 x11=0x00000001
      426429000	     21219	80006544	41680db3	sub	x27,x16,x22	 x16:0xffffd44a x22:0x811054e1 x27=0x7eef7f69
      426449000	     21220	80006548	4036dc93	srai	x25,x13,0x3	 x13:0x00003ee0 x25=0x000007dc
      426469000	     21221	8000654c	0065ceb3	xor	x29,x11,x6	 x11:0x00000001  x6:0x00003ee0 x29=0x00003ee1
      426489000	     21222	80006550	002809b3	add	x19,x16,x2	 x16:0xffffd44a  x2:0xf5e39895 x19=0xf5e36cdf
      426909000	     21243	80006554	8c2d	c.xor	x8,x11	  x8:0x00000001 x11:0x00000001  x8=0x00000000
      426929000	     21244	80006556	0198dd63	bge	x17,x25,80006570	 x17:0xd2401976 x25:0x000007dc
      426949000	     21245	8000655a	0a61	c.addi	x20,24	 x20:0x00000000 x20=0x00000018
      427049000	     21250	8000655c	03aa18b3	mulh	x17,x20,x26	 x20:0x00000018 x26:0x0c708688 x17=0x00000001
      427109000	     21253	80006560	039f0533	mul	x10,x30,x25	 x30:0xfffffafc x25:0x000007dc x10=0xffd89490
      427529000	     21274	80006564	00b8f7b3	and	x15,x17,x11	 x17:0x00000001 x11:0x00000001 x15=0x00000001
      427629000	     21279	80006568	01769533	sll	x10,x13,x23	 x13:0x00003ee0 x23:0x0fffffee x10=0x0fb80000
      427649000	     21280	8000656c	00e6c4b3	xor	x9,x13,x14	 x13:0x00003ee0 x14:0x80025ce4  x9=0x80026204
      428069000	     21301	80006570	945a	c.add	x8,x22	  x8:0x00000000 x22:0x811054e1  x8=0x811054e1
      428089000	     21302	80006572	0001	c.addi	x0,0	  x0:0x00000000  x0=0x00000000
      428109000	     21303	80006574	40c30033	sub	x0,x6,x12	  x6:0x00003ee0 x12:0x80021e04  x0=0x00000000
      428509000	     21323	80006578	00e81b63	bne	x16,x14,8000658e	 x16:0xffffd44a x14:0x80025ce4
      428689000	     21332	8000658e	859a	c.mv	x11,x6	  x0:0x00000000  x6:0x00003ee0 x11=0x00003ee0
      428709000	     21333	80006590	02f805b3	mul	x11,x16,x15	 x16:0xffffd44a x15:0x00000001 x11=0xffffd44a
      428729000	     21334	80006594	019a9993	slli	x19,x21,0x19	 x21:0xfffffee0 x19=0xc0000000
      428749000	     21335	80006598	0ab52813	slti	x16,x10,171	 x10:0x0fb80000 x16=0x00000000
      428769000	     21336	8000659c	00159c93	slli	x25,x11,0x1	 x11:0xffffd44a x25=0xffffa894
      429289000	     21362	800065a0	8462	c.mv	x8,x24	  x0:0x00000000 x24:0x00000000  x8=0x00000000
      429309000	     21363	800065a2	e915	c.bnez	x10,800065d6	 x10:0x0fb80000
      430909000	     21443	800065d6	02f76033	rem	x0,x14,x15	 x14:0x80025ce4 x15:0x00000001  x0=0x00000000
      430929000	     21444	800065da	0001	c.addi	x0,0	  x0:0x00000000  x0=0x00000000
      430949000	     21445	800065dc	80e6	c.mv	x1,x25	  x0:0x00000000 x25:0xffffa894  x1=0xffffa894
      430969000	     21446	800065de	c2278b13	addi	x22,x15,-990	 x15:0x00000001 x22=0xfffffc23
      430989000	     21447	800065e2	01a51863	bne	x10,x26,800065f2	 x10:0x0fb80000 x26:0x0c708688
      431169000	     21456	800065f2	03378063	beq	x15,x19,80006612	 x15:0x00000001 x19:0xc0000000
      431189000	     21457	800065f6	0319c363	blt	x19,x17,8000661c	 x19:0xc0000000 x17:0x00000001
      431649000	     21480	8000661c	00727963	bgeu	x4,x7,8000662e	  x4:0x00000000  x7:0x00000001
      431669000	     21481	80006620	e599	c.bnez	x11,8000662e	 x11:0xffffd44a
      432449000	     21520	8000662e	06ac1d97	auipc	x27,0x6ac1	 x27=0x86ac762e
      432469000	     21521	80006632	8ef5	c.and	x13,x13	 x13:0x00003ee0 x13:0x00003ee0 x13=0x00003ee0
      432869000	     21541	80006634	09c9	c.addi	x19,18	 x19:0xc0000000 x19=0xc0000012
      433029000	     21549	80006636	093fe593	ori	x11,x31,147	 x31:0xffffffff x11=0xffffffff
      433309000	     21563	8000663a	017b1833	sll	x16,x22,x23	 x22:0xfffffc23 x23:0x0fffffee x16=0xff08c000
      433329000	     21564	8000663e	529f0393	addi	x7,x30,1321	 x30:0xfffffafc  x7=0x00000025
      433349000	     21565	80006642	14fd	c.addi	x9,-1	  x9:0x80026204  x9=0x80026203
      433369000	     21566	80006644	016b5cb3	srl	x25,x22,x22	 x22:0xfffffc23 x22:0xfffffc23 x25=0x1fffff84
      433769000	     21586	80006648	5ffd	c.li	x31,-1	 x31=0xffffffff
      434509000	     21623	8000664a	035175b3	remu	x11,x2,x21	  x2:0xf5e39895 x21:0xfffffee0 x11=0xf5e39895
      434529000	     21624	8000664e	00d94263	blt	x18,x13,80006652	 x18:0x00000000 x13:0x00003ee0
      435309000	     21663	80006652	02b5ceb3	div	x29,x11,x11	 x11:0xf5e39895 x11:0xf5e39895 x29=0x00000001
      435329000	     21664	80006656	8ccd	c.or	x9,x11	  x9:0x80026203 x11:0xf5e39895  x9=0xf5e3fa97
      435349000	     21665	80006658	0ff0000f	fence	iorw,iorw	
      435369000	     21666	8000665c	81fe3413	sltiu	x8,x28,-2017	 x28:0x5df67f00  x8=0x00000001
      435389000	     21667	80006660	8fe1	c.and	x15,x8	 x15:0x00000001  x8:0x00000001 x15=0x00000001
      435409000	     21668	80006662	aaf30513	addi	x10,x6,-1361	  x6:0x00003ee0 x10=0x0000398f
      435769000	     21686	80006666	c9b7ef97	auipc	x31,0xc9b7e	 x31=0x49b84666
      436809000	     21738	8000666a	039e6433	rem	x8,x28,x25	 x28:0x5df67f00 x25:0x1fffff84  x8=0x1df67ff8
      436829000	     21739	8000666e	02999a63	bne	x19,x9,800066a2	 x19:0xc0000012  x9:0xf5e3fa97
      436929000	     21744	800066a2	03db6763	bltu	x22,x29,800066d0	 x22:0xfffffc23 x29:0x00000001
      437209000	     21758	800066a6	9954bf93	sltiu	x31,x9,-1643	  x9:0xf5e3fa97 x31=0x00000001
      437229000	     21759	800066aa	9c64c413	xori	x8,x9,-1594	  x9:0xf5e3fa97  x8=0x0a1c0351
      437249000	     21760	800066ae	0001	c.addi	x0,0	  x0:0x00000000  x0=0x00000000
      437529000	     21774	800066b0	0000100f	fence.i	
      466289000	     23212	800066b4	83f5	c.srli	x15,0x1d	 x15:0x00000001 x15=0x00000000
      466309000	     23213	800066b6	8c3d	c.xor	x8,x15	  x8:0x0a1c0351 x15:0x00000000  x8=0x0a1c0351
      466329000	     23214	800066b8	8695	c.srai	x13,0x5	 x13:0x00003ee0 x13=0x000001f7
      466349000	     23215	800066ba	0132fd63	bgeu	x5,x19,800066d4	  x5:0x00000000 x19:0xc0000012
      466389000	     23217	800066be	0322aeb3	mulhsu	x29,x5,x18	  x5:0x00000000 x18:0x00000000 x29=0x00000000
      466409000	     23218	800066c2	64d5	c.lui	x9,0x15	  x9=0x00015000
      466429000	     23219	800066c4	01d8f2b3	and	x5,x17,x29	 x17:0x00000001 x29:0x00000000  x5=0x00000000
      466809000	     23238	800066c8	8fd1	c.or	x15,x12	 x15:0x00000000 x12:0x80021e04 x15=0x80021e04
      466829000	     23239	800066ca	0556	c.slli	x10,0x15	 x10:0x0000398f x10=0x31e00000
      466849000	     23240	800066cc	0000100f	fence.i	
      467029000	     23249	800066d0	00e1d013	srli	x0,x3,0xe	  x3:0x80022246  x0=0x00000000
      467129000	     23254	800066d4	f0ae7413	andi	x8,x28,-246	 x28:0x5df67f00  x8=0x5df67f00
      468289000	     23312	800066d8	02ac47b3	div	x15,x24,x10	 x24:0x00000000 x10:0x31e00000 x15=0x00000000
      468309000	     23313	800066dc	8e8d	c.sub	x13,x11	 x13:0x000001f7 x11:0xf5e39895 x13=0x0a1c6962
      468329000	     23314	800066de	8969	c.andi	x10,26	 x10:0x31e00000 x10=0x00000000
      468349000	     23315	800066e0	9afd	c.andi	x13,-1	 x13:0x0a1c6962 x13=0x0a1c6962
      468369000	     23316	800066e2	85ca	c.mv	x11,x18	  x0:0x00000000 x18:0x00000000 x11=0x00000000
      468489000	     23322	800066e4	8e85	c.sub	x13,x9	 x13:0x0a1c6962  x9:0x00015000 x13=0x0a1b1962
      468509000	     23323	800066e6	40b681b3	sub	x3,x13,x11	 x13:0x0a1b1962 x11:0x00000000  x3=0x0a1b1962
      468529000	     23324	800066ea	0001	c.addi	x0,0	  x0:0x00000000  x0=0x00000000
      468549000	     23325	800066ec	6e05	c.lui	x28,0x1	 x28=0x00001000
      468569000	     23326	800066ee	8c6d	c.and	x8,x11	  x8:0x5df67f00 x11:0x00000000  x8=0x00000000
      468689000	     23332	800066f0	157d	c.addi	x10,-1	 x10:0x00000000 x10=0xffffffff
      468709000	     23333	800066f2	8cd1	c.or	x9,x12	  x9:0x00015000 x12:0x80021e04  x9=0x80035e04
      469069000	     23351	800066f4	0261d163	bge	x3,x6,80006716	  x3:0x0a1b1962  x6:0x00003ee0
      469429000	     23369	80006716	2f280e93	addi	x29,x16,754	 x16:0xff08c000 x29=0xff08c2f2
      469789000	     23387	8000671a	41aa81b3	sub	x3,x21,x26	 x21:0xfffffee0 x26:0x0c708688  x3=0xf38f7858
      469809000	     23388	8000671e	de4aa317	auipc	x6,0xde4aa	  x6=0x5e4b071e
      470249000	     23410	80006722	03183db3	mulhu	x27,x16,x17	 x16:0xff08c000 x17:0x00000001 x27=0x00000000
      470269000	     23411	80006726	01e3a2b3	slt	x5,x7,x30	  x7:0x00000025 x30:0xfffffafc  x5=0x00000000
      470289000	     23412	8000672a	4ae9	c.li	x21,26	 x21=0x0000001a
      471329000	     23464	8000672c	03436db3	rem	x27,x6,x20	  x6:0x5e4b071e x20:0x00000018 x27=0x0000000e
      471349000	     23465	80006730	03514063	blt	x2,x21,80006750	  x2:0xf5e39895 x21:0x0000001a
      472009000	     23498	80006750	e0eeb593	sltiu	x11,x29,-498	 x29:0xff08c2f2 x11=0x00000001
      472029000	     23499	80006754	40d75793	srai	x15,x14,0xd	 x14:0x80025ce4 x15=0xfffc0012
      472049000	     23500	80006758	89f5	c.andi	x11,29	 x11:0x00000001 x11=0x00000001
      472069000	     23501	8000675a	8d0d	c.sub	x10,x11	 x10:0xffffffff x11:0x00000001 x10=0xfffffffe
      472129000	     23504	8000675c	8d054313	xori	x6,x10,-1840	 x10:0xfffffffe  x6=0x0000072e
      472549000	     23525	80006760	010b3eb3	sltu	x29,x22,x16	 x22:0xfffffc23 x16:0xff08c000 x29=0x00000000
      472569000	     23526	80006764	41df57b3	sra	x15,x30,x29	 x30:0xfffffafc x29:0x00000000 x15=0xfffffafc
      472589000	     23527	80006768	01b79393	slli	x7,x15,0x1b	 x15:0xfffffafc  x7=0xe0000000
      472609000	     23528	8000676c	a9ca6693	ori	x13,x20,-1380	 x20:0x00000018 x13=0xfffffa9c
      472629000	     23529	80006770	8049	c.srli	x8,0x12	  x8:0x00000000  x8=0x00000000
      472649000	     23530	80006772	8fa5	c.xor	x15,x9	 x15:0xfffffafc  x9:0x80035e04 x15=0x7ffca4f8
      473049000	     23550	80006774	bc1cdcb7	lui	x25,0xbc1cd	 x25=0xbc1cd000
      473249000	     23560	80006778	0089d493	srli	x9,x19,0x8	 x19:0xc0000012  x9=0x00c00000
      473649000	     23580	8000677c	0139f3b3	and	x7,x19,x19	 x19:0xc0000012 x19:0xc0000012  x7=0xc0000012
      473669000	     23581	80006780	01261c93	slli	x25,x12,0x12	 x12:0x80021e04 x25=0x78100000
      474089000	     23602	80006784	00cd1eb3	sll	x29,x26,x12	 x26:0x0c708688 x12:0x80021e04 x29=0xc7086880
      474109000	     23603	80006788	00784233	xor	x4,x16,x7	 x16:0xff08c000  x7:0xc0000012  x4=0x3f08c012
      474529000	     23624	8000678c	017a5c63	bge	x20,x23,800067a4	 x20:0x00000018 x23:0x0fffffee
      474549000	     23625	80006790	0000100f	fence.i	
      474929000	     23644	80006794	0ff0000f	fence	iorw,iorw	
      475109000	     23653	80006798	00ed	c.addi	x1,27	  x1:0xffffa894  x1=0xffffa8af
      475129000	     23654	8000679a	8e7e	c.mv	x28,x31	  x0:0x00000000 x31:0x00000001 x28=0x00000001
      475169000	     23656	8000679c	c18d	c.beqz	x11,800067be	 x11:0x00000001
      475189000	     23657	8000679e	8c45	c.or	x8,x9	  x8:0x00000000  x9:0x00c00000  x8=0x00c00000
      475269000	     23661	800067a0	8c541217	auipc	x4,0x8c541	  x4=0x0c5477a0
      475289000	     23662	800067a4	8d59	c.or	x10,x14	 x10:0xfffffffe x14:0x80025ce4 x10=0xfffffffe
      475369000	     23666	800067a6	001f2a33	slt	x20,x30,x1	 x30:0xfffffafc  x1:0xffffa8af x20=0x00000000
      475389000	     23667	800067aa	0107fe33	and	x28,x15,x16	 x15:0x7ffca4f8 x16:0xff08c000 x28=0x7f088000
      475409000	     23668	800067ae	8055	c.srli	x8,0x15	  x8:0x00c00000  x8=0x00000006
      475809000	     23688	800067b0	00fb8cb3	add	x25,x23,x15	 x23:0x0fffffee x15:0x7ffca4f8 x25=0x8ffca4e6
      475869000	     23691	800067b4	d8567217	auipc	x4,0xd8567	  x4=0x5856d7b4
      475889000	     23692	800067b8	0001	c.addi	x0,0	  x0:0x00000000  x0=0x00000000
      477029000	     23749	800067ba	02e7d7b3	divu	x15,x15,x14	 x15:0x7ffca4f8 x14:0x80025ce4 x15=0x00000000
      477049000	     23750	800067be	0f61	c.addi	x30,24	 x30:0xfffffafc x30=0xfffffb14
      477069000	     23751	800067c0	65a5	c.lui	x11,0x9	 x11=0x00009000
      477089000	     23752	800067c2	01060333	add	x6,x12,x16	 x12:0x80021e04 x16:0xff08c000  x6=0x7f0ade04
      477109000	     23753	800067c6	ec81	c.bnez	x9,800067de	  x9:0x00c00000
      477609000	     23778	800067de	00c035b3	sltu	x11,x0,x12	  x0:0x00000000 x12:0x80021e04 x11=0x00000001
      477649000	     23780	800067e2	03274933	div	x18,x14,x18	 x14:0x80025ce4 x18:0x00000000 x18=0xffffffff
      477869000	     23791	800067e6	0ff0000f	fence	iorw,iorw	
      477889000	     23792	800067ea	987d	c.andi	x8,-1	  x8:0x00000006  x8=0x00000006
      477909000	     23793	800067ec	e419	c.bnez	x8,800067fa	  x8:0x00000006
      478209000	     23808	800067fa	06ae6563	bltu	x28,x10,80006864	 x28:0x7f088000 x10:0xfffffffe
      479249000	     23860	80006864	8f81	c.sub	x15,x8	 x15:0x00000000  x8:0x00000006 x15=0xfffffffa
      479989000	     23897	80006866	028a78b3	remu	x17,x20,x8	 x20:0x00000000  x8:0x00000006 x17=0x00000000
      480009000	     23898	8000686a	03c3fc63	bgeu	x7,x28,800068a2	  x7:0xc0000012 x28:0x7f088000
      480089000	     23902	800068a2	8c5d	c.or	x8,x15	  x8:0x00000006 x15:0xfffffffa  x8=0xfffffffe
      480249000	     23910	800068a4	01685b93	srli	x23,x16,0x16	 x16:0xff08c000 x23=0x000003fc
      480569000	     23926	800068a8	0001	c.addi	x0,0	  x0:0x00000000  x0=0x00000000
      480589000	     23927	800068aa	4be10493	addi	x9,x2,1214	  x2:0xf5e39895  x9=0xf5e39d53
      481329000	     23964	800068ae	03df7f33	remu	x30,x30,x29	 x30:0xfffffb14 x29:0xc7086880 x30=0x38f79294
      481349000	     23965	800068b2	8916	c.mv	x18,x5	  x0:0x00000000  x5:0x00000000 x18=0x00000000
      481369000	     23966	800068b4	8ebe	c.mv	x29,x15	  x0:0x00000000 x15:0xfffffffa x29=0xfffffffa
      481389000	     23967	800068b6	03208763	beq	x1,x18,800068e4	  x1:0xffffa8af x18:0x00000000
      481429000	     23969	800068ba	0204cc33	div	x24,x9,x0	  x9:0xf5e39d53  x0:0x00000000 x24=0xffffffff
      481449000	     23970	800068be	9b6f3013	sltiu	x0,x30,-1610	 x30:0x38f79294  x0=0x00000000
      481489000	     23972	800068c2	03f01033	mulh	x0,x0,x31	  x0:0x00000000 x31:0x00000001  x0=0x00000000
      481509000	     23973	800068c6	8e89	c.sub	x13,x10	 x13:0xfffffa9c x10:0xfffffffe x13=0xfffffa9e
      481529000	     23974	800068c8	eaab4b13	xori	x22,x22,-342	 x22:0xfffffc23 x22=0x00000289
      481889000	     23992	800068cc	00b79db3	sll	x27,x15,x11	 x15:0xfffffffa x11:0x00000001 x27=0xfffffff4
      482249000	     24010	800068d0	03f96863	bltu	x18,x31,80006900	 x18:0x00000000 x31:0x00000001
      482769000	     24036	80006900	03d22e33	mulhsu	x28,x4,x29	  x4:0x5856d7b4 x29:0xfffffffa x28=0x5856d7b1
      482869000	     24041	80006904	03ec5563	bge	x24,x30,8000692e	 x24:0xffffffff x30:0x38f79294
      482889000	     24042	80006908	01401963	bne	x0,x20,8000691a	  x0:0x00000000 x20:0x00000000
      482909000	     24043	8000690c	0001	c.addi	x0,0	  x0:0x00000000  x0=0x00000000
      482929000	     24044	8000690e	022ec463	blt	x29,x2,80006936	 x29:0xfffffffa  x2:0xf5e39895
      482949000	     24045	80006912	8c2d	c.xor	x8,x11	  x8:0xfffffffe x11:0x00000001  x8=0xffffffff
      482969000	     24046	80006914	99fd	c.andi	x11,-1	 x11:0x00000001 x11=0x00000001
      483029000	     24049	80006916	034fc9b3	div	x19,x31,x20	 x31:0x00000001 x20:0x00000000 x19=0xffffffff
      483049000	     24050	8000691a	011215b3	sll	x11,x4,x17	  x4:0x5856d7b4 x17:0x00000000 x11=0x5856d7b4
      483069000	     24051	8000691e	99fd	c.andi	x11,-1	 x11:0x5856d7b4 x11=0x5856d7b4
      483249000	     24060	80006920	01707c63	bgeu	x0,x23,80006938	  x0:0x00000000 x23:0x000003fc
      483429000	     24069	80006924	51290313	addi	x6,x18,1298	 x18:0x00000000  x6=0x00000512
      483449000	     24070	80006928	0cae	c.slli	x25,0xb	 x25:0x8ffca4e6 x25=0xe5273000
      483469000	     24071	8000692a	01588763	beq	x17,x21,80006938	 x17:0x00000000 x21:0x0000001a
      483489000	     24072	8000692e	0001	c.addi	x0,0	  x0:0x00000000  x0=0x00000000
      483509000	     24073	80006930	c111	c.beqz	x10,80006934	 x10:0xfffffffe
      483529000	     24074	80006932	e1a1	c.bnez	x11,80006972	 x11:0x5856d7b4
      483689000	     24082	80006972	010885b3	add	x11,x17,x16	 x17:0x00000000 x16:0xff08c000 x11=0xff08c000
      484109000	     24103	80006976	013f8e63	beq	x31,x19,80006992	 x31:0x00000001 x19:0xffffffff
      484149000	     24105	8000697a	02272ab3	mulhsu	x21,x14,x2	 x14:0x80025ce4  x2:0xf5e39895 x21=0x851078b5
      484169000	     24106	8000697e	02678863	beq	x15,x6,800069ae	 x15:0xfffffffa  x6:0x00000512
      484189000	     24107	80006982	01705d33	srl	x26,x0,x23	  x0:0x00000000 x23:0x000003fc x26=0x00000000
      484209000	     24108	80006986	0ff0000f	fence	iorw,iorw	
      485329000	     24164	8000698a	02e4cab3	div	x21,x9,x14	  x9:0xf5e39d53 x14:0x80025ce4 x21=0x00000000
      485349000	     24165	8000698e	40eb5d93	srai	x27,x22,0xe	 x22:0x00000289 x27=0x00000000
      485369000	     24166	80006992	8d1d	c.sub	x10,x15	 x10:0xfffffffe x15:0xfffffffa x10=0x00000004
      485389000	     24167	80006994	6189	c.lui	x3,0x2	  x3=0x00002000
      485409000	     24168	80006996	0169aa33	slt	x20,x19,x22	 x19:0xffffffff x22:0x00000289 x20=0x00000001
      485429000	     24169	8000699a	99e6	c.add	x19,x25	 x19:0xffffffff x25:0xe5273000 x19=0xe5272fff
      485469000	     24171	8000699c	02f2bcb3	mulhu	x25,x5,x15	  x5:0x00000000 x15:0xfffffffa x25=0x00000000
      485489000	     24172	800069a0	57fd	c.li	x15,-1	 x15=0xffffffff
      485509000	     24173	800069a2	0034da13	srli	x20,x9,0x3	  x9:0xf5e39d53 x20=0x1ebc73aa
      485549000	     24175	800069a6	022e2e33	mulhsu	x28,x28,x2	 x28:0x5856d7b1  x2:0xf5e39895 x28=0x54d9a614
      485649000	     24180	800069aa	c0e3ca93	xori	x21,x7,-1010	  x7:0xc0000012 x21=0x3ffffc1c
      486069000	     24201	800069ae	0000100f	fence.i	
      486349000	     24215	800069b2	0aed	c.addi	x21,27	 x21:0x3ffffc1c x21=0x3ffffc37
      486469000	     24221	800069b4	4f31	c.li	x30,12	 x30=0x0000000c
      486489000	     24222	800069b6	0001	c.addi	x0,0	  x0:0x00000000  x0=0x00000000
      486649000	     24230	800069b8	01c29813	slli	x16,x5,0x1c	  x5:0x00000000 x16=0x00000000
      486689000	     24232	800069bc	1592fd93	andi	x27,x5,345	  x5:0x00000000 x27=0x00000000
      486709000	     24233	800069c0	e991	c.bnez	x11,800069d4	 x11:0xff08c000
      487869000	     24291	800069d4	8189	c.srli	x11,0x2	 x11:0xff08c000 x11=0x3fc23000
      487889000	     24292	800069d6	0899f493	andi	x9,x19,137	 x19:0xe5272fff  x9=0x00000089
      487909000	     24293	800069da	0000100f	fence.i	
      488209000	     24308	800069de	038c6163	bltu	x24,x24,80006a00	 x24:0xffffffff x24:0xffffffff
      488229000	     24309	800069e2	004cfcb3	and	x25,x25,x4	 x25:0x00000000  x4:0x5856d7b4 x25=0x00000000
      488249000	     24310	800069e6	01bc5033	srl	x0,x24,x27	 x24:0xffffffff x27:0x00000000  x0=0x00000000
      488269000	     24311	800069ea	02a75163	bge	x14,x10,80006a0c	 x14:0x80025ce4 x10:0x00000004
      488709000	     24333	800069ee	02f76c63	bltu	x14,x15,80006a26	 x14:0x80025ce4 x15:0xffffffff
      489349000	     24365	80006a26	0001	c.addi	x0,0	  x0:0x00000000  x0=0x00000000
      489369000	     24366	80006a28	0001	c.addi	x0,0	  x0:0x00000000  x0=0x00000000
      489409000	     24368	80006a2a	03bf6433	rem	x8,x30,x27	 x30:0x0000000c x27:0x00000000  x8=0x0000000c
      489429000	     24369	80006a2e	0001	c.addi	x0,0	  x0:0x00000000  x0=0x00000000
      489809000	     24388	80006a30	8ddd	c.or	x11,x15	 x11:0x3fc23000 x15:0xffffffff x11=0xffffffff
      489829000	     24389	80006a32	3d867993	andi	x19,x12,984	 x12:0x80021e04 x19=0x00000200
      489849000	     24390	80006a36	17fd	c.addi	x15,-1	 x15:0xffffffff x15=0xfffffffe
      489889000	     24392	80006a38	03d63d33	mulhu	x26,x12,x29	 x12:0x80021e04 x29:0xfffffffa x26=0x80021e00
      489949000	     24395	80006a3c	5d86f937	lui	x18,0x5d86f	 x18=0x5d86f000
      490029000	     24399	80006a40	00ee1813	slli	x16,x28,0xe	 x28:0x54d9a614 x16=0x69850000
      490049000	     24400	80006a44	d0c66b37	lui	x22,0xd0c66	 x22=0xd0c66000
      490229000	     24409	80006a48	022585b3	mul	x11,x11,x2	 x11:0xffffffff  x2:0xf5e39895 x11=0x0a1c676b
      490249000	     24410	80006a4c	81ca	c.mv	x3,x18	  x0:0x00000000 x18:0x5d86f000  x3=0x5d86f000
      490269000	     24411	80006a4e	0001	c.addi	x0,0	  x0:0x00000000  x0=0x00000000
      490289000	     24412	80006a50	0001	c.addi	x0,0	  x0:0x00000000  x0=0x00000000
      490349000	     24415	80006a52	00bfdd63	bge	x31,x11,80006a6c	 x31:0x00000001 x11:0x0a1c676b
      490369000	     24416	80006a56	8aa9	c.andi	x13,10	 x13:0xfffffa9e x13=0x0000000a
      490409000	     24418	80006a58	8d2e0093	addi	x1,x28,-1838	 x28:0x54d9a614  x1=0x54d99ee6
      490429000	     24419	80006a5c	bf1a8193	addi	x3,x21,-1039	 x21:0x3ffffc37  x3=0x3ffff828
      490629000	     24429	80006a60	d61a0e93	addi	x29,x20,-671	 x20:0x1ebc73aa x29=0x1ebc710b
      490689000	     24432	80006a64	4655b793	sltiu	x15,x11,1125	 x11:0x0a1c676b x15=0x00000000
      490789000	     24437	80006a68	014063b3	or	x7,x0,x20	  x0:0x00000000 x20:0x1ebc73aa  x7=0x1ebc73aa
      490809000	     24438	80006a6c	0153b4b3	sltu	x9,x7,x21	  x7:0x1ebc73aa x21:0x3ffffc37  x9=0x00000001
      490829000	     24439	80006a70	0ff0000f	fence	iorw,iorw	
      491249000	     24460	80006a74	981a	c.add	x16,x6	 x16:0x69850000  x6:0x00000512 x16=0x69850512
      491269000	     24461	80006a76	8a81	c.andi	x13,0	 x13:0x0000000a x13=0x00000000
      491509000	     24473	80006a78	00b7abb3	slt	x23,x15,x11	 x15:0x00000000 x11:0x0a1c676b x23=0x00000001
      491829000	     24489	80006a7c	06c6	c.slli	x13,0x11	 x13:0x00000000 x13=0x00000000
      491849000	     24490	80006a7e	ec284093	xori	x1,x16,-318	 x16:0x69850512  x1=0x967afbd0
      491869000	     24491	80006a82	01f88e63	beq	x17,x31,80006a9e	 x17:0x00000000 x31:0x00000001
      492049000	     24500	80006a86	00109c33	sll	x24,x1,x1	  x1:0x967afbd0  x1:0x967afbd0 x24=0xfbd00000
      492089000	     24502	80006a8a	03229fb3	mulh	x31,x5,x18	  x5:0x00000000 x18:0x5d86f000 x31=0x00000000
      492109000	     24503	80006a8e	84f2	c.mv	x9,x28	  x0:0x00000000 x28:0x54d9a614  x9=0x54d9a614
      492209000	     24508	80006a90	fc4dd337	lui	x6,0xfc4dd	  x6=0xfc4dd000
      492229000	     24509	80006a94	03885a63	bge	x16,x24,80006ac8	 x16:0x69850512 x24:0xfbd00000
      492629000	     24529	80006ac8	0000100f	fence.i	
      493429000	     24569	80006acc	03f10a63	beq	x2,x31,80006b00	  x2:0xf5e39895 x31:0x00000000
      493569000	     24576	80006ad0	00f266b3	or	x13,x4,x15	  x4:0x5856d7b4 x15:0x00000000 x13=0x5856d7b4
      493589000	     24577	80006ad4	13a86437	lui	x8,0x13a86	  x8=0x13a86000
      493789000	     24587	80006ad8	6e256793	ori	x15,x10,1762	 x10:0x00000004 x15=0x000006e6
      493809000	     24588	80006adc	86e1	c.srai	x13,0x18	 x13:0x5856d7b4 x13=0x00000058
      493869000	     24591	80006ade	013d5c33	srl	x24,x26,x19	 x26:0x80021e00 x19:0x00000200 x24=0x80021e00
      495009000	     24648	80006ae2	03db77b3	remu	x15,x22,x29	 x22:0xd0c66000 x29:0x1ebc710b x15=0x185bb9be
      495749000	     24685	80006ae6	028a7bb3	remu	x23,x20,x8	 x20:0x1ebc73aa  x8:0x13a86000 x23=0x0b1413aa
      495769000	     24686	80006aea	01895593	srli	x11,x18,0x18	 x18:0x5d86f000 x11=0x0000005d
      495789000	     24687	80006aee	8fed	c.and	x15,x11	 x15:0x185bb9be x11:0x0000005d x15=0x0000001c
      495809000	     24688	80006af0	00d2bab3	sltu	x21,x5,x13	  x5:0x00000000 x13:0x00000058 x21=0x00000001
      495829000	     24689	80006af4	00b69833	sll	x16,x13,x11	 x13:0x00000058 x11:0x0000005d x16=0x00000000
      495849000	     24690	80006af8	04de	c.slli	x9,0x17	  x9:0x54d9a614  x9=0x0a000000
      495869000	     24691	80006afa	0035cbb3	xor	x23,x11,x3	 x11:0x0000005d  x3:0x3ffff828 x23=0x3ffff875
      495889000	     24692	80006afe	8d29	c.xor	x10,x10	 x10:0x00000004 x10:0x00000004 x10=0x00000000
      495929000	     24694	80006b00	02271d33	mulh	x26,x14,x2	 x14:0x80025ce4  x2:0xf5e39895 x26=0x050e1bd1
      495949000	     24695	80006b04	41d85b33	sra	x22,x16,x29	 x16:0x00000000 x29:0x1ebc710b x22=0x00000000
      496129000	     24704	80006b08	06ca2793	slti	x15,x20,108	 x20:0x1ebc73aa x15=0x00000000
      496289000	     24712	80006b0c	018605b3	add	x11,x12,x24	 x12:0x80021e04 x24:0x80021e00 x11=0x00043c04
      497129000	     24754	80006b10	028e7033	remu	x0,x28,x8	 x28:0x54d9a614  x8:0x13a86000  x0=0x00000000
      497149000	     24755	80006b14	00461963	bne	x12,x4,80006b26	 x12:0x80021e04  x4:0x5856d7b4
      527629000	     26279	80006b26	01c07cb3	and	x25,x0,x28	  x0:0x00000000 x28:0x54d9a614 x25=0x00000000
      527649000	     26280	80006b2a	0255fe63	bgeu	x11,x5,80006b66	 x11:0x00043c04  x5:0x00000000
      528249000	     26310	80006b66	02aa0263	beq	x20,x10,80006b8a	 x20:0x1ebc73aa x10:0x00000000
      528329000	     26314	80006b6a	01fedb63	bge	x29,x31,80006b80	 x29:0x1ebc710b x31:0x00000000
      528869000	     26341	80006b80	c819	c.beqz	x8,80006b96	  x8:0x13a86000
      528889000	     26342	80006b82	01c9d8b3	srl	x17,x19,x28	 x19:0x00000200 x28:0x54d9a614 x17=0x00000000
      528909000	     26343	80006b86	011eb433	sltu	x8,x29,x17	 x29:0x1ebc710b x17:0x00000000  x8=0x00000000
      529109000	     26353	80006b8a	8d2ab413	sltiu	x8,x21,-1838	 x21:0x00000001  x8=0x00000001
      529249000	     26360	80006b8e	026a2a33	mulhsu	x20,x20,x6	 x20:0x1ebc73aa  x6:0xfc4dd000 x20=0x1e4ad983
      529269000	     26361	80006b92	8419	c.srai	x8,0x6	  x8:0x00000001  x8=0x00000000
      529309000	     26363	80006b94	54fd	c.li	x9,-1	  x9=0xffffffff
      529329000	     26364	80006b96	01e939b3	sltu	x19,x18,x30	 x18:0x5d86f000 x30:0x0000000c x19=0x00000000
      529549000	     26375	80006b9a	02424463	blt	x4,x4,80006bc2	  x4:0x5856d7b4  x4:0x5856d7b4
      529569000	     26376	80006b9e	015e6f63	bltu	x28,x21,80006bbc	 x28:0x54d9a614 x21:0x00000001
      529589000	     26377	80006ba2	00817fb3	and	x31,x2,x8	  x2:0xf5e39895  x8:0x00000000 x31=0x00000000
      529649000	     26380	80006ba6	00a1df33	srl	x30,x3,x10	  x3:0x3ffff828 x10:0x00000000 x30=0x3ffff828
      529709000	     26383	80006baa	0058fc33	and	x24,x17,x5	 x17:0x00000000  x5:0x00000000 x24=0x00000000
      529729000	     26384	80006bae	8c65	c.and	x8,x9	  x8:0x00000000  x9:0xffffffff  x8=0x00000000
      529889000	     26392	80006bb0	eb2834b7	lui	x9,0xeb283	  x9=0xeb283000
      530029000	     26399	80006bb4	031a6833	rem	x16,x20,x17	 x20:0x1e4ad983 x17:0x00000000 x16=0x1e4ad983
      530409000	     26418	80006bb8	009e2bb3	slt	x23,x28,x9	 x28:0x54d9a614  x9:0xeb283000 x23=0x00000000
      530749000	     26435	80006bbc	0294f663	bgeu	x9,x9,80006be8	  x9:0xeb283000  x9:0xeb283000
      530929000	     26444	80006be8	010a2933	slt	x18,x20,x16	 x20:0x1e4ad983 x16:0x1e4ad983 x18=0x00000000
      531089000	     26452	80006bec	40865cb3	sra	x25,x12,x8	 x12:0x80021e04  x8:0x00000000 x25=0x80021e04
      531109000	     26453	80006bf0	884d	c.andi	x8,19	  x8:0x00000000  x8=0x00000000
      531189000	     26457	80006bf2	7072a437	lui	x8,0x7072a	  x8=0x7072a000
      531549000	     26475	80006bf6	41f1db33	sra	x22,x3,x31	  x3:0x3ffff828 x31:0x00000000 x22=0x3ffff828
      531569000	     26476	80006bfa	8c19	c.sub	x8,x14	  x8:0x7072a000 x14:0x80025ce4  x8=0xf070431c
      531589000	     26477	80006bfc	0001	c.addi	x0,0	  x0:0x00000000  x0=0x00000000
      531929000	     26494	80006bfe	00769233	sll	x4,x13,x7	 x13:0x00000058  x7:0x1ebc73aa  x4=0x00016000
      532349000	     26515	80006c02	3917cbb7	lui	x23,0x3917c	 x23=0x3917c000
      532469000	     26521	80006c06	b2a1a293	slti	x5,x3,-1238	  x3:0x3ffff828  x5=0x00000000
      532629000	     26529	80006c0a	032a31b3	mulhu	x3,x20,x18	 x20:0x1e4ad983 x18:0x00000000  x3=0x00000000
      532649000	     26530	80006c0e	6a49	c.lui	x20,0x12	 x20=0x00012000
      533049000	     26550	80006c10	0323b7b3	mulhu	x15,x7,x18	  x7:0x1ebc73aa x18:0x00000000 x15=0x00000000
      533069000	     26551	80006c14	8831	c.andi	x8,12	  x8:0xf070431c  x8=0x0000000c
      533089000	     26552	80006c16	e405	c.bnez	x8,80006c3e	  x8:0x0000000c
      533889000	     26592	80006c3e	41c985b3	sub	x11,x19,x28	 x19:0x00000000 x28:0x54d9a614 x11=0xab2659ec
      533909000	     26593	80006c42	0001	c.addi	x0,0	  x0:0x00000000  x0=0x00000000
      533929000	     26594	80006c44	00c35463	bge	x6,x12,80006c4c	  x6:0xfc4dd000 x12:0x80021e04
      534469000	     26621	80006c4c	02f240b3	div	x1,x4,x15	  x4:0x00016000 x15:0x00000000  x1=0xffffffff
      534489000	     26622	80006c50	416bd013	srai	x0,x23,0x16	 x23:0x3917c000  x0=0x00000000
      534509000	     26623	80006c54	8dfd	c.and	x11,x15	 x11:0xab2659ec x15:0x00000000 x11=0x00000000
      534529000	     26624	80006c56	8c85	c.sub	x9,x9	  x9:0xeb283000  x9:0xeb283000  x9=0x00000000
      534589000	     26627	80006c58	cb89	c.beqz	x15,80006c6a	 x15:0x00000000
      535389000	     26667	80006c6a	023f95b3	mulh	x11,x31,x3	 x31:0x00000000  x3:0x00000000 x11=0x00000000
      535409000	     26668	80006c6e	8c8d	c.sub	x9,x11	  x9:0x00000000 x11:0x00000000  x9=0x00000000
      535429000	     26669	80006c70	0000100f	fence.i	
      536489000	     26722	80006c74	e495	c.bnez	x9,80006ca0	  x9:0x00000000
      536509000	     26723	80006c76	8d19	c.sub	x10,x14	 x10:0x00000000 x14:0x80025ce4 x10=0x7ffda31c
      536529000	     26724	80006c78	329d8a13	addi	x20,x27,809	 x27:0x00000000 x20=0x00000329
      536549000	     26725	80006c7c	6695	c.lui	x13,0x5	 x13=0x00005000
      536569000	     26726	80006c7e	87b9	c.srai	x15,0xe	 x15:0x00000000 x15=0x00000000
      537309000	     26763	80006c80	034de9b3	rem	x19,x27,x20	 x27:0x00000000 x20:0x00000329 x19=0x00000000
      537329000	     26764	80006c84	8ed1	c.or	x13,x12	 x13:0x00005000 x12:0x80021e04 x13=0x80025e04
      537349000	     26765	80006c86	fab42193	slti	x3,x8,-85	  x8:0x0000000c  x3=0x00000000
      537369000	     26766	80006c8a	0001	c.addi	x0,0	  x0:0x00000000  x0=0x00000000
      537409000	     26768	80006c8c	02511b33	mulh	x22,x2,x5	  x2:0xf5e39895  x5:0x00000000 x22=0x00000000
      537629000	     26779	80006c90	01bcdd33	srl	x26,x25,x27	 x25:0x80021e04 x27:0x00000000 x26=0x80021e04
      537709000	     26783	80006c94	02411863	bne	x2,x4,80006cc4	  x2:0xf5e39895  x4:0x00016000
      538069000	     26801	80006cc4	02f47033	remu	x0,x8,x15	  x8:0x0000000c x15:0x00000000  x0=0x00000000
      538409000	     26818	80006cc8	e809	c.bnez	x8,80006cda	  x8:0x0000000c
      538949000	     26845	80006cda	02e85863	bge	x16,x14,80006d0a	 x16:0x1e4ad983 x14:0x80025ce4
      539569000	     26876	80006d0a	41d80d33	sub	x26,x16,x29	 x16:0x1e4ad983 x29:0x1ebc710b x26=0xff8e6878
      540549000	     26925	80006d0e	03cedab3	divu	x21,x29,x28	 x29:0x1ebc710b x28:0x54d9a614 x21=0x00000000
      540589000	     26927	80006d12	02f53f33	mulhu	x30,x10,x15	 x10:0x7ffda31c x15:0x00000000 x30=0x00000000
      540609000	     26928	80006d16	0175bd33	sltu	x26,x11,x23	 x11:0x00000000 x23:0x3917c000 x26=0x00000001
      540629000	     26929	80006d1a	8d65	c.and	x10,x9	 x10:0x7ffda31c  x9:0x00000000 x10=0x00000000
      540649000	     26930	80006d1c	0139f033	and	x0,x19,x19	 x19:0x00000000 x19:0x00000000  x0=0x00000000
      540669000	     26931	80006d20	2ecaea93	ori	x21,x21,748	 x21:0x00000000 x21=0x000002ec
      540749000	     26935	80006d24	030d9933	mulh	x18,x27,x16	 x27:0x00000000 x16:0x1e4ad983 x18=0x00000000
      540769000	     26936	80006d28	00879b33	sll	x22,x15,x8	 x15:0x00000000  x8:0x0000000c x22=0x00000000
      540789000	     26937	80006d2c	41b4d813	srai	x16,x9,0x1b	  x9:0x00000000 x16=0x00000000
      540809000	     26938	80006d30	8ff1	c.and	x15,x12	 x15:0x00000000 x12:0x80021e04 x15=0x00000000
      540829000	     26939	80006d32	8c81	c.sub	x9,x8	  x9:0x00000000  x8:0x0000000c  x9=0xfffffff4
      541209000	     26958	80006d34	40a68ab3	sub	x21,x13,x10	 x13:0x80025e04 x10:0x00000000 x21=0x80025e04
      541309000	     26963	80006d38	030fa533	mulhsu	x10,x31,x16	 x31:0x00000000 x16:0x00000000 x10=0x00000000
      541329000	     26964	80006d3c	002cfa63	bgeu	x25,x2,80006d50	 x25:0x80021e04  x2:0xf5e39895
      541469000	     26971	80006d40	02e230b3	mulhu	x1,x4,x14	  x4:0x00016000 x14:0x80025ce4  x1=0x0000b003
      541489000	     26972	80006d44	8f9d	c.sub	x15,x15	 x15:0x00000000 x15:0x00000000 x15=0x00000000
      541509000	     26973	80006d46	e50d	c.bnez	x10,80006d70	 x10:0x00000000
      541909000	     26993	80006d48	99fd	c.andi	x11,-1	 x11:0x00000000 x11=0x00000000
      542329000	     27014	80006d4a	03d683b3	mul	x7,x13,x29	 x13:0x80025e04 x29:0x1ebc710b  x7=0x0e89ce2c
      542349000	     27015	80006d4e	8499	c.srai	x9,0x6	  x9:0xfffffff4  x9=0xffffffff
      542369000	     27016	80006d50	0047cd63	blt	x15,x4,80006d6a	 x15:0x00000000  x4:0x00016000
      542749000	     27035	80006d6a	baad7197	auipc	x3,0xbaad7	  x3=0x3aaddd6a
      542769000	     27036	80006d6e	84e5	c.srai	x9,0x19	  x9:0xffffffff  x9=0xffffffff
      542789000	     27037	80006d70	8d71	c.and	x10,x12	 x10:0x00000000 x12:0x80021e04 x10=0x00000000
      542809000	     27038	80006d72	8cd9	c.or	x9,x14	  x9:0xffffffff x14:0x80025ce4  x9=0xffffffff
      542889000	     27042	80006d74	c49d	c.beqz	x9,80006da2	  x9:0xffffffff
      542929000	     27044	80006d76	01130533	add	x10,x6,x17	  x6:0xfc4dd000 x17:0x00000000 x10=0xfc4dd000
      542949000	     27045	80006d7a	e039	c.bnez	x8,80006dc0	  x8:0x0000000c
      543729000	     27084	80006dc0	010afa63	bgeu	x21,x16,80006dd4	 x21:0x80025e04 x16:0x00000000
      544289000	     27112	80006dd4	00f7c263	blt	x15,x15,80006dd8	 x15:0x00000000 x15:0x00000000
      544349000	     27115	80006dd8	6688c093	xori	x1,x17,1640	 x17:0x00000000  x1=0x00000668
      544549000	     27125	80006ddc	001ac0b3	xor	x1,x21,x1	 x21:0x80025e04  x1:0x00000668  x1=0x8002586c
      544649000	     27130	80006de0	0ff0000f	fence	iorw,iorw	
      544749000	     27135	80006de4	003c5993	srli	x19,x24,0x3	 x24:0x00000000 x19=0x00000000
      544769000	     27136	80006de8	9f1e	c.add	x30,x7	 x30:0x00000000  x7:0x0e89ce2c x30=0x0e89ce2c
      544789000	     27137	80006dea	c11d	c.beqz	x10,80006e10	 x10:0xfc4dd000
      544809000	     27138	80006dec	000ac933	xor	x18,x21,x0	 x21:0x80025e04  x0:0x00000000 x18=0x80025e04
      545549000	     27175	80006df0	03c04b33	div	x22,x0,x28	  x0:0x00000000 x28:0x54d9a614 x22=0x00000000
      545569000	     27176	80006df4	01581cb3	sll	x25,x16,x21	 x16:0x00000000 x21:0x80025e04 x25=0x00000000
      545589000	     27177	80006df8	0001	c.addi	x0,0	  x0:0x00000000  x0=0x00000000
      545609000	     27178	80006dfa	01ea7263	bgeu	x20,x30,80006dfe	 x20:0x00000329 x30:0x0e89ce2c
      545629000	     27179	80006dfe	8d55	c.or	x10,x13	 x10:0xfc4dd000 x13:0x80025e04 x10=0xfc4fde04
      545649000	     27180	80006e00	0001	c.addi	x0,0	  x0:0x00000000  x0=0x00000000
      545669000	     27181	80006e02	a19d0313	addi	x6,x26,-1511	 x26:0x00000001  x6=0xfffffa1a
      545689000	     27182	80006e06	027a8063	beq	x21,x7,80006e26	 x21:0x80025e04  x7:0x0e89ce2c
      545709000	     27183	80006e0a	40c9	c.li	x1,18	  x1=0x00000012
      545729000	     27184	80006e0c	cd89	c.beqz	x11,80006e26	 x11:0x00000000
      546369000	     27216	80006e26	6ac5	c.lui	x21,0x11	 x21=0x00011000
      546809000	     27238	80006e28	cf81	c.beqz	x15,80006e40	 x15:0x00000000
      547109000	     27253	80006e40	02581e33	mulh	x28,x16,x5	 x16:0x00000000  x5:0x00000000 x28=0x00000000
      547129000	     27254	80006e44	027005b3	mul	x11,x0,x7	  x0:0x00000000  x7:0x0e89ce2c x11=0x00000000
      547149000	     27255	80006e48	40e601b3	sub	x3,x12,x14	 x12:0x80021e04 x14:0x80025ce4  x3=0xffffc120
      547309000	     27263	80006e4c	37903a13	sltiu	x20,x0,889	  x0:0x00000000 x20=0x00000001
      547729000	     27284	80006e50	417183b3	sub	x7,x3,x23	  x3:0xffffc120 x23:0x3917c000  x7=0xc6e80120
      547989000	     27297	80006e54	137d	c.addi	x6,-1	  x6:0xfffffa1a  x6=0xfffffa19
      548169000	     27306	80006e56	002766b3	or	x13,x14,x2	 x14:0x80025ce4  x2:0xf5e39895 x13=0xf5e3dcf5
      548269000	     27311	80006e5a	02731963	bne	x6,x7,80006e8c	  x6:0xfffffa19  x7:0xc6e80120
      548889000	     27342	80006e8c	0975	c.addi	x18,29	 x18:0x80025e04 x18=0x80025e21
      548909000	     27343	80006e8e	8d4d	c.or	x10,x11	 x10:0xfc4fde04 x11:0x00000000 x10=0xfc4fde04
      549169000	     27356	80006e90	8c85	c.sub	x9,x9	  x9:0xffffffff  x9:0xffffffff  x9=0x00000000
      549189000	     27357	80006e92	ce89	c.beqz	x13,80006eac	 x13:0xf5e3dcf5
      549329000	     27364	80006e94	0160bbb3	sltu	x23,x1,x22	  x1:0x00000012 x22:0x00000000 x23=0x00000000
      551329000	     27464	80006e98	8791	c.srai	x15,0x4	 x15:0x00000000 x15=0x00000000
      551369000	     27466	80006e9a	03639ab3	mulh	x21,x7,x22	  x7:0xc6e80120 x22:0x00000000 x21=0x00000000
      551389000	     27467	80006e9e	c18d	c.beqz	x11,80006ec0	 x11:0x00000000
      551509000	     27473	80006ec0	0d0d	c.addi	x26,3	 x26:0x00000001 x26=0x00000004
      552389000	     27517	80006ec2	02a6d8b3	divu	x17,x13,x10	 x13:0xf5e3dcf5 x10:0xfc4fde04 x17=0x00000000
      552409000	     27518	80006ec6	03887c63	bgeu	x16,x24,80006efe	 x16:0x00000000 x24:0x00000000
      552649000	     27530	80006efe	022a9363	bne	x21,x2,80006f24	 x21:0x00000000  x2:0xf5e39895
      552829000	     27539	80006f24	019cab13	slti	x22,x25,25	 x25:0x00000000 x22=0x00000001
      552989000	     27547	80006f28	033a17b3	mulh	x15,x20,x19	 x20:0x00000001 x19:0x00000000 x15=0x00000000
      553009000	     27548	80006f2c	008b0233	add	x4,x22,x8	 x22:0x00000001  x8:0x0000000c  x4=0x0000000d
      553029000	     27549	80006f30	32154c93	xori	x25,x10,801	 x10:0xfc4fde04 x25=0xfc4fdd25
      553049000	     27550	80006f34	01c89f93	slli	x31,x17,0x1c	 x17:0x00000000 x31=0x00000000
      553849000	     27590	80006f38	03a5d933	divu	x18,x11,x26	 x11:0x00000000 x26:0x00000004 x18=0x00000000
      553869000	     27591	80006f3c	40c682b3	sub	x5,x13,x12	 x13:0xf5e3dcf5 x12:0x80021e04  x5=0x75e1bef1
      553889000	     27592	80006f40	0001	c.addi	x0,0	  x0:0x00000000  x0=0x00000000
      553909000	     27593	80006f42	887a	c.mv	x16,x30	  x0:0x00000000 x30:0x0e89ce2c x16=0x0e89ce2c
      553929000	     27594	80006f44	0070e5b3	or	x11,x1,x7	  x1:0x00000012  x7:0xc6e80120 x11=0xc6e80132
      553949000	     27595	80006f48	1ebe0a93	addi	x21,x28,491	 x28:0x00000000 x21=0x000001eb
      553969000	     27596	80006f4c	024c04b3	mul	x9,x24,x4	 x24:0x00000000  x4:0x0000000d  x9=0x00000000
      554169000	     27606	80006f50	80712193	slti	x3,x2,-2041	  x2:0xf5e39895  x3=0x00000001
      554189000	     27607	80006f54	0001	c.addi	x0,0	  x0:0x00000000  x0=0x00000000
      554209000	     27608	80006f56	0d71	c.addi	x26,28	 x26:0x00000004 x26=0x00000020
      554229000	     27609	80006f58	40ab0f33	sub	x30,x22,x10	 x22:0x00000001 x10:0xfc4fde04 x30=0x03b021fd
      554569000	     27626	80006f5c	02913233	mulhu	x4,x2,x9	  x2:0xf5e39895  x9:0x00000000  x4=0x00000000
      554589000	     27627	80006f60	ffde2293	slti	x5,x28,-3	 x28:0x00000000  x5=0x00000000
      555029000	     27649	80006f64	025da6b3	mulhsu	x13,x27,x5	 x27:0x00000000  x5:0x00000000 x13=0x00000000
      555049000	     27650	80006f68	0001	c.addi	x0,0	  x0:0x00000000  x0=0x00000000
      555189000	     27657	80006f6a	0000100f	fence.i	
      555669000	     27681	80006f6e	6691	c.lui	x13,0x4	 x13=0x00004000
      555749000	     27685	80006f70	e0bc8093	addi	x1,x25,-501	 x25:0xfc4fdd25  x1=0xfc4fdb30
      555769000	     27686	80006f74	029a	c.slli	x5,0x6	  x5:0x00000000  x5=0x00000000
      555849000	     27690	80006f76	02902b33	mulhsu	x22,x0,x9	  x0:0x00000000  x9:0x00000000 x22=0x00000000
      555869000	     27691	80006f7a	137d	c.addi	x6,-1	  x6:0xfffffa19  x6=0xfffffa18
      555889000	     27692	80006f7c	ea85	c.bnez	x13,80006fac	 x13:0x00004000
      556469000	     27721	80006fac	00cddcb3	srl	x25,x27,x12	 x27:0x00000000 x12:0x80021e04 x25=0x00000000
      556489000	     27722	80006fb0	0022fc63	bgeu	x5,x2,80006fc8	  x5:0x00000000  x2:0xf5e39895
      556509000	     27723	80006fb4	01de7c63	bgeu	x28,x29,80006fcc	 x28:0x00000000 x29:0x1ebc710b
      556849000	     27740	80006fb8	01bc60b3	or	x1,x24,x27	 x24:0x00000000 x27:0x00000000  x1=0x00000000
      557109000	     27753	80006fbc	020d6233	rem	x4,x26,x0	 x26:0x00000020  x0:0x00000000  x4=0x00000020
      557329000	     27764	80006fc0	8db1	c.xor	x11,x12	 x11:0xc6e80132 x12:0x80021e04 x11=0x46ea1f36
      557349000	     27765	80006fc2	0000100f	fence.i	
      558329000	     27814	80006fc6	9186	c.add	x3,x1	  x3:0x00000001  x1:0x00000000  x3=0x00000001
      558489000	     27822	80006fc8	03632533	mulhsu	x10,x6,x22	  x6:0xfffffa18 x22:0x00000000 x10=0x00000000
      558509000	     27823	80006fcc	8cc9	c.or	x9,x10	  x9:0x00000000 x10:0x00000000  x9=0x00000000
      558549000	     27825	80006fce	025aed33	rem	x26,x21,x5	 x21:0x000001eb  x5:0x00000000 x26=0x000001eb
      558589000	     27827	80006fd2	038cce33	div	x28,x25,x24	 x25:0x00000000 x24:0x00000000 x28=0xffffffff
      558609000	     27828	80006fd6	557d	c.li	x10,-1	 x10=0xffffffff
      558709000	     27833	80006fd8	aaf9b993	sltiu	x19,x19,-1361	 x19:0x00000000 x19=0x00000001
      559149000	     27855	80006fdc	034f3333	mulhu	x6,x30,x20	 x30:0x03b021fd x20:0x00000001  x6=0x00000000
      559169000	     27856	80006fe0	08b1	c.addi	x17,12	 x17:0x00000000 x17=0x0000000c
      559189000	     27857	80006fe2	cc81	c.beqz	x9,80006ffa	  x9:0x00000000
      559869000	     27891	80006ffa	021c98b3	mulh	x17,x25,x1	 x25:0x00000000  x1:0x00000000 x17=0x00000000
      559909000	     27893	80006ffe	85b58b17	auipc	x22,0x85b58	 x22=0x05b5effe
      560649000	     27930	80007002	0235e033	rem	x0,x11,x3	 x11:0x46ea1f36  x3:0x00000001  x0=0x00000000
      560669000	     27931	80007006	0017acb3	slt	x25,x15,x1	 x15:0x00000000  x1:0x00000000 x25=0x00000000
      560689000	     27932	8000700a	002d0c63	beq	x26,x2,80007022	 x26:0x000001eb  x2:0xf5e39895
      560709000	     27933	8000700e	0115b4b3	sltu	x9,x11,x17	 x11:0x46ea1f36 x17:0x00000000  x9=0x00000000
      560729000	     27934	80007012	01dc3f33	sltu	x30,x24,x29	 x24:0x00000000 x29:0x1ebc710b x30=0x00000001
      560749000	     27935	80007016	00bb1a13	slli	x20,x22,0xb	 x22:0x05b5effe x20=0xaf7ff000
      560769000	     27936	8000701a	01c35e63	bge	x6,x28,80007036	  x6:0x00000000 x28:0xffffffff
      561269000	     27961	80007036	01646263	bltu	x8,x22,8000703a	  x8:0x0000000c x22:0x05b5effe
      562049000	     28000	8000703a	92175497	auipc	x9,0x92175	  x9=0x1217c03a
      562069000	     28001	8000703e	4e75	c.li	x28,29	 x28=0x0000001d
      562369000	     28016	80007040	01f09833	sll	x16,x1,x31	  x1:0x00000000 x31:0x00000000 x16=0x00000000
      562429000	     28019	80007044	8c65	c.and	x8,x9	  x8:0x0000000c  x9:0x1217c03a  x8=0x00000008
      562449000	     28020	80007046	8da1	c.xor	x11,x8	 x11:0x46ea1f36  x8:0x00000008 x11=0x46ea1f3e
      562469000	     28021	80007048	00cbfc63	bgeu	x23,x12,80007060	 x23:0x00000000 x12:0x80021e04
      562869000	     28041	8000704c	40b9d4b3	sra	x9,x19,x11	 x19:0x00000001 x11:0x46ea1f3e  x9=0x00000000
      562889000	     28042	80007050	8dc9	c.or	x11,x10	 x11:0x46ea1f3e x10:0xffffffff x11=0xffffffff
      562909000	     28043	80007052	587d	c.li	x16,-1	 x16=0xffffffff
      562929000	     28044	80007054	012ce333	or	x6,x25,x18	 x25:0x00000000 x18:0x00000000  x6=0x00000000
      563329000	     28064	80007058	01389f93	slli	x31,x17,0x13	 x17:0x00000000 x31=0x00000000
      563349000	     28065	8000705c	0000100f	fence.i	
      563849000	     28090	80007060	01d89d63	bne	x17,x29,8000707a	 x17:0x00000000 x29:0x1ebc710b
      564509000	     28123	8000707a	849d	c.srai	x9,0x7	  x9:0x00000000  x9=0x00000000
      564549000	     28125	8000707c	004f01b3	add	x3,x30,x4	 x30:0x00000001  x4:0x00000020  x3=0x00000021
      564969000	     28146	80007080	5ffd	c.li	x31,-1	 x31=0xffffffff
      564989000	     28147	80007082	66f5	c.lui	x13,0x1d	 x13=0x0001d000
      565049000	     28150	80007084	0ff0000f	fence	iorw,iorw	
      565089000	     28152	80007088	0332d363	bge	x5,x19,800070ae	  x5:0x00000000 x19:0x00000001
      565109000	     28153	8000708c	05412f93	slti	x31,x2,84	  x2:0xf5e39895 x31=0x00000001
      565149000	     28155	80007090	038f18b3	mulh	x17,x30,x24	 x30:0x00000001 x24:0x00000000 x17=0x00000000
      565469000	     28171	80007094	03c55a63	bge	x10,x28,800070c8	 x10:0xffffffff x28:0x0000001d
      565549000	     28175	80007098	0041aab3	slt	x21,x3,x4	  x3:0x00000021  x4:0x00000020 x21=0x00000000
      565589000	     28177	8000709c	4a812b13	slti	x22,x2,1192	  x2:0xf5e39895 x22=0x00000001
      565849000	     28190	800070a0	027994b3	mulh	x9,x19,x7	 x19:0x00000001  x7:0xc6e80120  x9=0xffffffff
      565969000	     28196	800070a4	00d57d33	and	x26,x10,x13	 x10:0xffffffff x13:0x0001d000 x26=0x0001d000
      566389000	     28217	800070a8	8ff1	c.and	x15,x12	 x15:0x00000000 x12:0x80021e04 x15=0x00000000
      566529000	     28224	800070aa	0ff0000f	fence	iorw,iorw	
      566689000	     28232	800070ae	cbbff413	andi	x8,x31,-837	 x31:0x00000001  x8=0x00000001
      566709000	     28233	800070b2	3461ec13	ori	x24,x3,838	  x3:0x00000021 x24=0x00000367
      566729000	     28234	800070b6	8d19	c.sub	x10,x14	 x10:0xffffffff x14:0x80025ce4 x10=0x7ffda31b
      566809000	     28238	800070b8	82fa	c.mv	x5,x30	  x0:0x00000000 x30:0x00000001  x5=0x00000001
      567169000	     28256	800070ba	424f3513	sltiu	x10,x30,1060	 x30:0x00000001 x10=0x00000001
      568289000	     28312	800070be	0235fe33	remu	x28,x11,x3	 x11:0xffffffff  x3:0x00000021 x28=0x00000003
      568309000	     28313	800070c2	e915	c.bnez	x10,800070f6	 x10:0x00000001
      568789000	     28337	800070f6	02b68363	beq	x13,x11,8000711c	 x13:0x0001d000 x11:0xffffffff
      569029000	     28349	800070fa	02159bb3	mulh	x23,x11,x1	 x11:0xffffffff  x1:0x00000000 x23=0x00000000
      569049000	     28350	800070fe	64fd	c.lui	x9,0x1f	  x9=0x0001f000
      569069000	     28351	80007100	8c91	c.sub	x9,x12	  x9:0x0001f000 x12:0x80021e04  x9=0x7fffd1fc
      569449000	     28370	80007102	03d1cb63	blt	x3,x29,80007138	  x3:0x00000021 x29:0x1ebc710b
      569569000	     28376	80007138	557d	c.li	x10,-1	 x10=0xffffffff
      569669000	     28381	8000713a	1adabfb7	lui	x31,0x1adab	 x31=0x1adab000
      569689000	     28382	8000713e	99fd	c.andi	x11,-1	 x11:0xffffffff x11=0xffffffff
      570089000	     28402	80007140	09fe	c.slli	x19,0x1f	 x19:0x00000001 x19=0x80000000
      570129000	     28404	80007142	0111b333	sltu	x6,x3,x17	  x3:0x00000021 x17:0x00000000  x6=0x00000000
      570149000	     28405	80007146	8571	c.srai	x10,0x1c	 x10:0xffffffff x10=0xffffffff
      570269000	     28411	80007148	c485	c.beqz	x9,80007170	  x9:0x7fffd1fc
      570289000	     28412	8000714a	6b7d	c.lui	x22,0x1f	 x22=0x0001f000
      570309000	     28413	8000714c	01ea9c63	bne	x21,x30,80007164	 x21:0x00000000 x30:0x00000001
      570889000	     28442	80007164	41288bb3	sub	x23,x17,x18	 x17:0x00000000 x18:0x00000000 x23=0x00000000
      571049000	     28450	80007168	013d9513	slli	x10,x27,0x13	 x27:0x00000000 x10=0x00000000
      571169000	     28456	8000716c	0ff0000f	fence	iorw,iorw	
      571189000	     28457	80007170	060a0a13	addi	x20,x20,96	 x20:0xaf7ff000 x20=0xaf7ff060
      571289000	     28462	80007174	5ba58493	addi	x9,x11,1466	 x11:0xffffffff  x9=0x000005b9
      571409000	     28468	80007178	025e9fb3	mulh	x31,x29,x5	 x29:0x1ebc710b  x5:0x00000001 x31=0x00000000
      571589000	     28477	8000717c	01061893	slli	x17,x12,0x10	 x12:0x80021e04 x17=0x1e040000
      572009000	     28498	80007180	00229f63	bne	x5,x2,8000719e	  x5:0x00000001  x2:0xf5e39895
      574049000	     28600	8000719e	4190d3b3	sra	x7,x1,x25	  x1:0x00000000 x25:0x00000000  x7=0x00000000
      574069000	     28601	800071a2	8961	c.andi	x10,24	 x10:0x00000000 x10=0x00000000
      574089000	     28602	800071a4	19fd	c.addi	x19,-1	 x19:0x80000000 x19=0x7fffffff
      574209000	     28608	800071a6	01f86ab3	or	x21,x16,x31	 x16:0xffffffff x31:0x00000000 x21=0xffffffff
      574449000	     28620	800071aa	01e75533	srl	x10,x14,x30	 x14:0x80025ce4 x30:0x00000001 x10=0x40012e72
      574869000	     28641	800071ae	019dc233	xor	x4,x27,x25	 x27:0x00000000 x25:0x00000000  x4=0x00000000
      575609000	     28678	800071b2	0256eb33	rem	x22,x13,x5	 x13:0x0001d000  x5:0x00000001 x22=0x00000000
      575629000	     28679	800071b6	00e25593	srli	x11,x4,0xe	  x4:0x00000000 x11=0x00000000
      575649000	     28680	800071ba	40ab0fb3	sub	x31,x22,x10	 x22:0x00000000 x10:0x40012e72 x31=0xbffed18e
      575669000	     28681	800071be	064e8bb7	lui	x23,0x64e8	 x23=0x064e8000
      575689000	     28682	800071c2	cd09	c.beqz	x10,800071dc	 x10:0x40012e72
      575709000	     28683	800071c4	8c29	c.xor	x8,x10	  x8:0x00000001 x10:0x40012e72  x8=0x40012e73
      575729000	     28684	800071c6	0ff0000f	fence	iorw,iorw	
      575749000	     28685	800071ca	8a8d	c.andi	x13,3	 x13:0x0001d000 x13=0x00000000
      575769000	     28686	800071cc	ddfa3c13	sltiu	x24,x20,-545	 x20:0xaf7ff060 x24=0x00000001
      575789000	     28687	800071d0	01e05e33	srl	x28,x0,x30	  x0:0x00000000 x30:0x00000001 x28=0x00000000
      575809000	     28688	800071d4	68252d93	slti	x27,x10,1666	 x10:0x40012e72 x27=0x00000000
      575889000	     28692	800071d8	0ff0000f	fence	iorw,iorw	
      576069000	     28701	800071dc	973f4d13	xori	x26,x30,-1677	 x30:0x00000001 x26=0xfffff972
      576089000	     28702	800071e0	8dfd	c.and	x11,x15	 x11:0x00000000 x15:0x00000000 x11=0x00000000
      576109000	     28703	800071e2	8839	c.andi	x8,14	  x8:0x40012e73  x8=0x00000002
      576269000	     28711	800071e4	01efbdb3	sltu	x27,x31,x30	 x31:0xbffed18e x30:0x00000001 x27=0x00000000
      576689000	     28732	800071e8	137d	c.addi	x6,-1	  x6:0x00000000  x6=0xffffffff
      576709000	     28733	800071ea	0015e5b3	or	x11,x11,x1	 x11:0x00000000  x1:0x00000000 x11=0x00000000
      576729000	     28734	800071ee	01933933	sltu	x18,x6,x25	  x6:0xffffffff x25:0x00000000 x18=0x00000000
      576929000	     28744	800071f2	40c25ab3	sra	x21,x4,x12	  x4:0x00000000 x12:0x80021e04 x21=0x00000000
      576949000	     28745	800071f6	63c1	c.lui	x7,0x10	  x7=0x00010000
      577689000	     28782	800071f8	03d06833	rem	x16,x0,x29	  x0:0x00000000 x29:0x1ebc710b x16=0x00000000
      577709000	     28783	800071fc	013a7e33	and	x28,x20,x19	 x20:0xaf7ff060 x19:0x7fffffff x28=0x2f7ff060
      577729000	     28784	80007200	85a1	c.srai	x11,0x8	 x11:0x00000000 x11=0x00000000
      577749000	     28785	80007202	81e9	c.srli	x11,0x1a	 x11:0x00000000 x11=0x00000000
      577769000	     28786	80007204	8fd5	c.or	x15,x13	 x15:0x00000000 x13:0x00000000 x15=0x00000000
      577789000	     28787	80007206	01579e13	slli	x28,x15,0x15	 x15:0x00000000 x28=0x00000000
      577809000	     28788	8000720a	933fff13	andi	x30,x31,-1741	 x31:0xbffed18e x30=0xbffed102
      578009000	     28798	8000720e	04e1c163	blt	x3,x14,80007250	  x3:0x00000021 x14:0x80025ce4
      578029000	     28799	80007212	024606b3	mul	x13,x12,x4	 x12:0x80021e04  x4:0x00000000 x13=0x00000000
      578449000	     28820	80007216	03021963	bne	x4,x16,80007248	  x4:0x00000000 x16:0x00000000
      578729000	     28834	8000721a	03944063	blt	x8,x25,8000723a	  x8:0x00000002 x25:0x00000000
      578749000	     28835	8000721e	010d5e63	bge	x26,x16,8000723a	 x26:0xfffff972 x16:0x00000000
      578769000	     28836	80007222	8d81	c.sub	x11,x8	 x11:0x00000000  x8:0x00000002 x11=0xfffffffe
      578869000	     28841	80007224	ba637d13	andi	x26,x6,-1114	  x6:0xffffffff x26=0xfffffba6
      578889000	     28842	80007228	40f90db3	sub	x27,x18,x15	 x18:0x00000000 x15:0x00000000 x27=0x00000000
      579209000	     28858	8000722c	8c19	c.sub	x8,x14	  x8:0x00000002 x14:0x80025ce4  x8=0x7ffda31e
      579349000	     28865	8000722e	4121da93	srai	x21,x3,0x12	  x3:0x00000021 x21=0x00000000
      579369000	     28866	80007232	77d7ae13	slti	x28,x15,1917	 x15:0x00000000 x28=0x00000001
      579389000	     28867	80007236	025e8b33	mul	x22,x29,x5	 x29:0x1ebc710b  x5:0x00000001 x22=0x1ebc710b
      579409000	     28868	8000723a	896d	c.andi	x10,27	 x10:0x40012e72 x10=0x00000012
      579589000	     28877	8000723c	8c29	c.xor	x8,x10	  x8:0x7ffda31e x10:0x00000012  x8=0x7ffda30c
      579609000	     28878	8000723e	82f5	c.srli	x13,0x1d	 x13:0x00000000 x13=0x00000000
      579629000	     28879	80007240	4ff1	c.li	x31,28	 x31=0x0000001c
      579669000	     28881	80007242	021923b3	mulhsu	x7,x18,x1	 x18:0x00000000  x1:0x00000000  x7=0x00000000
      579689000	     28882	80007246	127d	c.addi	x4,-1	  x4:0x00000000  x4=0xffffffff
      579729000	     28884	80007248	0276beb3	mulhu	x29,x13,x7	 x13:0x00000000  x7:0x00000000 x29=0x00000000
      579989000	     28897	8000724c	02f7ef33	rem	x30,x15,x15	 x15:0x00000000 x15:0x00000000 x30=0x00000000
      580089000	     28902	80007250	d5ac2ab7	lui	x21,0xd5ac2	 x21=0xd5ac2000
      580109000	     28903	80007254	4a440913	addi	x18,x8,1188	  x8:0x7ffda30c x18=0x7ffda7b0
      580129000	     28904	80007258	8c1d	c.sub	x8,x15	  x8:0x7ffda30c x15:0x00000000  x8=0x7ffda30c
      580149000	     28905	8000725a	8c15	c.sub	x8,x13	  x8:0x7ffda30c x13:0x00000000  x8=0x7ffda30c
      580169000	     28906	8000725c	8541	c.srai	x10,0x10	 x10:0x00000012 x10=0x00000000
      580189000	     28907	8000725e	0137b333	sltu	x6,x15,x19	 x15:0x00000000 x19:0x7fffffff  x6=0x00000001
      580229000	     28909	80007262	021e5263	bge	x28,x1,80007286	 x28:0x00000001  x1:0x00000000
      581569000	     28976	80007286	01e66933	or	x18,x12,x30	 x12:0x80021e04 x30:0x00000000 x18=0x80021e04
      581589000	     28977	8000728a	8d15	c.sub	x10,x13	 x10:0x00000000 x13:0x00000000 x10=0x00000000
      581769000	     28986	8000728c	0001	c.addi	x0,0	  x0:0x00000000  x0=0x00000000
      581789000	     28987	8000728e	44a5	c.li	x9,9	  x9=0x00000009
      582189000	     29007	80007290	006776b3	and	x13,x14,x6	 x14:0x80025ce4  x6:0x00000001 x13=0x00000000
      582209000	     29008	80007294	882d	c.andi	x8,11	  x8:0x7ffda30c  x8=0x00000008
      582229000	     29009	80007296	0a86	c.slli	x21,0x1	 x21:0xd5ac2000 x21=0xab584000
      582409000	     29018	80007298	70eb6d93	ori	x27,x22,1806	 x22:0x1ebc710b x27=0x1ebc770f
      582429000	     29019	8000729c	ff546813	ori	x16,x8,-11	  x8:0x00000008 x16=0xfffffffd
      582809000	     29038	800072a0	1d7d	c.addi	x26,-1	 x26:0xfffffba6 x26=0xfffffba5
      582829000	     29039	800072a2	0001	c.addi	x0,0	  x0:0x00000000  x0=0x00000000
      582929000	     29044	800072a4	039c7d33	remu	x26,x24,x25	 x24:0x00000001 x25:0x00000000 x26=0x00000001
      583109000	     29053	800072a8	0347b9b3	mulhu	x19,x15,x20	 x15:0x00000000 x20:0xaf7ff060 x19=0x00000000
      583269000	     29061	800072ac	01c75cb3	srl	x25,x14,x28	 x14:0x80025ce4 x28:0x00000001 x25=0x40012e72
      583429000	     29069	800072b0	87d9	c.srai	x15,0x16	 x15:0x00000000 x15=0x00000000
      583609000	     29078	800072b2	0127dcb3	srl	x25,x15,x18	 x15:0x00000000 x18:0x80021e04 x25=0x00000000
      583629000	     29079	800072b6	01d29a13	slli	x20,x5,0x1d	  x5:0x00000001 x20=0x20000000
      583909000	     29093	800072ba	00da7033	and	x0,x20,x13	 x20:0x20000000 x13:0x00000000  x0=0x00000000
      583929000	     29094	800072be	ee99	c.bnez	x13,800072dc	 x13:0x00000000
      583949000	     29095	800072c0	03651a63	bne	x10,x22,800072f4	 x10:0x00000000 x22:0x1ebc710b
      584129000	     29104	800072f4	404e5693	srai	x13,x28,0x4	 x28:0x00000001 x13=0x00000000
      584669000	     29131	800072f8	010fc963	blt	x31,x16,8000730a	 x31:0x0000001c x16:0xfffffffd
      585069000	     29151	800072fc	63b9	c.lui	x7,0xe	  x7=0x0000e000
      585349000	     29165	800072fe	016e1493	slli	x9,x28,0x16	 x28:0x00000001  x9=0x00400000
      585369000	     29166	80007302	940e	c.add	x8,x3	  x8:0x00000008  x3:0x00000021  x8=0x00000029
      585729000	     29184	80007304	5afd	c.li	x21,-1	 x21=0xffffffff
      585869000	     29191	80007306	021f2bb3	mulhsu	x23,x30,x1	 x30:0x00000000  x1:0x00000000 x23=0x00000000
      585909000	     29193	8000730a	038c18b3	mulh	x17,x24,x24	 x24:0x00000001 x24:0x00000001 x17=0x00000000
      585929000	     29194	8000730e	01c80963	beq	x16,x28,80007320	 x16:0xfffffffd x28:0x00000001
      585969000	     29196	80007312	03503fb3	mulhu	x31,x0,x21	  x0:0x00000000 x21:0xffffffff x31=0x00000000
      585989000	     29197	80007316	015d9493	slli	x9,x27,0x15	 x27:0x1ebc770f  x9=0xe1e00000
      586349000	     29215	8000731a	0185a933	slt	x18,x11,x24	 x11:0xfffffffe x24:0x00000001 x18=0x00000001
      586369000	     29216	8000731e	9bfd	c.andi	x15,-1	 x15:0x00000000 x15=0x00000000
      586469000	     29221	80007320	0509e763	bltu	x19,x16,8000736e	 x19:0x00000000 x16:0xfffffffd
      587089000	     29252	8000736e	c505	c.beqz	x10,80007396	 x10:0x00000000
      599689000	     29882	80007396	02b764b3	rem	x9,x14,x11	 x14:0x80025ce4 x11:0xfffffffe  x9=0x00000000
      599709000	     29883	8000739a	b7fba217	auipc	x4,0xb7fba	  x4=0x37fc139a
      599729000	     29884	8000739e	0555	c.addi	x10,21	 x10:0x00000000 x10=0x00000015
      599749000	     29885	800073a0	010ce533	or	x10,x25,x16	 x25:0x00000000 x16:0xfffffffd x10=0xfffffffd
      599769000	     29886	800073a4	408ed093	srai	x1,x29,0x8	 x29:0x00000000  x1=0x00000000
      599789000	     29887	800073a8	8d1d	c.sub	x10,x15	 x10:0xfffffffd x15:0x00000000 x10=0xfffffffd
      599809000	     29888	800073aa	0253e763	bltu	x7,x5,800073d8	  x7:0x0000e000  x5:0x00000001
      599829000	     29889	800073ae	00640b63	beq	x8,x6,800073c4	  x8:0x00000029  x6:0x00000001
      599849000	     29890	800073b2	8e89	c.sub	x13,x10	 x13:0x00000000 x10:0xfffffffd x13=0x00000003
      599869000	     29891	800073b4	01884a63	blt	x16,x24,800073c8	 x16:0xfffffffd x24:0x00000001
      600349000	     29915	800073c8	949e	c.add	x9,x7	  x9:0x00000000  x7:0x0000e000  x9=0x0000e000
      600369000	     29916	800073ca	00a0fa33	and	x20,x1,x10	  x1:0x00000000 x10:0xfffffffd x20=0x00000000
      600789000	     29937	800073ce	02d1ec63	bltu	x3,x13,80007406	  x3:0x00000021 x13:0x00000003
      600869000	     29941	800073d2	0ff0000f	fence	iorw,iorw	
      600889000	     29942	800073d6	44f5	c.li	x9,29	  x9=0x0000001d
      600909000	     29943	800073d8	30df0493	addi	x9,x30,781	 x30:0x00000000  x9=0x0000030d
      600929000	     29944	800073dc	0069cab3	xor	x21,x19,x6	 x19:0x00000000  x6:0x00000001 x21=0x00000001
      600969000	     29946	800073e0	01e55193	srli	x3,x10,0x1e	 x10:0xfffffffd  x3=0x00000003
      600989000	     29947	800073e4	6e781f17	auipc	x30,0x6e781	 x30=0xee7883e4
      601329000	     29964	800073e8	01929f33	sll	x30,x5,x25	  x5:0x00000001 x25:0x00000000 x30=0x00000001
      601489000	     29972	800073ec	03299db3	mulh	x27,x19,x18	 x19:0x00000000 x18:0x00000001 x27=0x00000000
      602449000	     30020	800073f0	0309d933	divu	x18,x19,x16	 x19:0x00000000 x16:0xfffffffd x18=0x00000000
      602489000	     30022	800073f4	0392ff33	remu	x30,x5,x25	  x5:0x00000001 x25:0x00000000 x30=0x00000001
      602509000	     30023	800073f8	8071	c.srli	x8,0x1c	  x8:0x00000029  x8=0x00000000
      602529000	     30024	800073fa	0132ae33	slt	x28,x5,x19	  x5:0x00000001 x19:0x00000000 x28=0x00000000
      602549000	     30025	800073fe	0000100f	fence.i	
      602769000	     30036	80007402	018a1e93	slli	x29,x20,0x18	 x20:0x00000000 x29=0x00000000
      602849000	     30040	80007406	9fb48237	lui	x4,0x9fb48	  x4=0x9fb48000
      602869000	     30041	8000740a	6efd	c.lui	x29,0x1f	 x29=0x0001f000
      602909000	     30043	8000740c	02b23ab3	mulhu	x21,x4,x11	  x4:0x9fb48000 x11:0xfffffffe x21=0x9fb47ffe
      602929000	     30044	80007410	1e72aa13	slti	x20,x5,487	  x5:0x00000001 x20=0x00000001
      602949000	     30045	80007414	003d67b3	or	x15,x26,x3	 x26:0x00000001  x3:0x00000003 x15=0x00000003
      603089000	     30052	80007418	c9dbf193	andi	x3,x23,-867	 x23:0x00000000  x3=0x00000000
      603109000	     30053	8000741c	007f01b3	add	x3,x30,x7	 x30:0x00000001  x7:0x0000e000  x3=0x0000e001
      603309000	     30063	80007420	8fe1	c.and	x15,x8	 x15:0x00000003  x8:0x00000000 x15=0x00000000
      603329000	     30064	80007422	134c3e93	sltiu	x29,x24,308	 x24:0x00000001 x29=0x00000001
      603469000	     30071	80007426	0b7c7a13	andi	x20,x24,183	 x24:0x00000001 x20=0x00000001
      603629000	     30079	8000742a	018c8bb3	add	x23,x25,x24	 x25:0x00000000 x24:0x00000001 x23=0x00000001
      603649000	     30080	8000742e	01154433	xor	x8,x10,x17	 x10:0xfffffffd x17:0x00000000  x8=0xfffffffd
      604629000	     30129	80007432	0384c5b3	div	x11,x9,x24	  x9:0x0000030d x24:0x00000001 x11=0x0000030d
      604649000	     30130	80007436	00ededb3	or	x27,x27,x14	 x27:0x00000000 x14:0x80025ce4 x27=0x80025ce4
      604669000	     30131	8000743a	023e9a63	bne	x29,x3,8000746e	 x29:0x00000001  x3:0x0000e001
      604769000	     30136	8000746e	8303cf93	xori	x31,x7,-2000	  x7:0x0000e000 x31=0xffff1830
      604789000	     30137	80007472	036e8463	beq	x29,x22,8000749a	 x29:0x00000001 x22:0x1ebc710b
      605209000	     30158	80007476	05eee993	ori	x19,x29,94	 x29:0x00000001 x19=0x0000005f
      605229000	     30159	8000747a	02588ab3	mul	x21,x17,x5	 x17:0x00000000  x5:0x00000001 x21=0x00000000
      605389000	     30167	8000747e	820e9c97	auipc	x25,0x820e9	 x25=0x020f047e
      605529000	     30174	80007482	03d8aab3	mulhsu	x21,x17,x29	 x17:0x00000000 x29:0x00000001 x21=0x00000000
      605549000	     30175	80007486	ac26f313	andi	x6,x13,-1342	 x13:0x00000003  x6=0x00000002
      605569000	     30176	8000748a	0000100f	fence.i	
      606109000	     30203	8000748e	0308ba33	mulhu	x20,x17,x16	 x17:0x00000000 x16:0xfffffffd x20=0x00000000
      606129000	     30204	80007492	8dd5	c.or	x11,x13	 x11:0x0000030d x13:0x00000003 x11=0x0000030f
      606149000	     30205	80007494	8fdd	c.or	x15,x15	 x15:0x00000000 x15:0x00000000 x15=0x00000000
      606309000	     30213	80007496	01a483b3	add	x7,x9,x26	  x9:0x0000030d x26:0x00000001  x7=0x0000030e
      606369000	     30216	8000749a	0000100f	fence.i	
      606669000	     30231	8000749e	5cfd	c.li	x25,-1	 x25=0xffffffff
      607409000	     30268	800074a0	02e053b3	divu	x7,x0,x14	  x0:0x00000000 x14:0x80025ce4  x7=0x00000000
      607429000	     30269	800074a4	00fa3f33	sltu	x30,x20,x15	 x20:0x00000000 x15:0x00000000 x30=0x00000000
      607449000	     30270	800074a8	8065	c.srli	x8,0x19	  x8:0xfffffffd  x8=0x0000007f
      607469000	     30271	800074aa	010971b3	and	x3,x18,x16	 x18:0x00000000 x16:0xfffffffd  x3=0x00000000
      607489000	     30272	800074ae	02138833	mul	x16,x7,x1	  x7:0x00000000  x1:0x00000000 x16=0x00000000
      607509000	     30273	800074b2	007e53b3	srl	x7,x28,x7	 x28:0x00000000  x7:0x00000000  x7=0x00000000
      607529000	     30274	800074b6	8ec9	c.or	x13,x10	 x13:0x00000003 x10:0xfffffffd x13=0xffffffff
      607549000	     30275	800074b8	8d8d	c.sub	x11,x11	 x11:0x0000030f x11:0x0000030f x11=0x00000000
      607629000	     30279	800074ba	01661293	slli	x5,x12,0x16	 x12:0x80021e04  x5=0x81000000
      607649000	     30280	800074be	e989	c.bnez	x11,800074d0	 x11:0x00000000
      607669000	     30281	800074c0	b3b38a93	addi	x21,x7,-1221	  x7:0x00000000 x21=0xfffffb3b
      607849000	     30290	800074c4	99fd	c.andi	x11,-1	 x11:0x00000000 x11=0x00000000
      608169000	     30306	800074c6	012cbfb3	sltu	x31,x25,x18	 x25:0xffffffff x18:0x00000000 x31=0x00000000
      608309000	     30313	800074ca	01df08b3	add	x17,x30,x29	 x30:0x00000000 x29:0x00000001 x17=0x00000001
      608329000	     30314	800074ce	997d	c.andi	x10,-1	 x10:0xfffffffd x10=0xfffffffd
      608509000	     30323	800074d0	00755893	srli	x17,x10,0x7	 x10:0xfffffffd x17=0x01ffffff
      608929000	     30344	800074d4	03755a63	bge	x10,x23,80007508	 x10:0xfffffffd x23:0x00000001
      609029000	     30349	800074d8	40b2d413	srai	x8,x5,0xb	  x5:0x81000000  x8=0xfff02000
      609049000	     30350	800074dc	0001	c.addi	x0,0	  x0:0x00000000  x0=0x00000000
      609469000	     30371	800074de	89f03893	sltiu	x17,x0,-1889	  x0:0x00000000 x17=0x00000001
      609489000	     30372	800074e2	91da	c.add	x3,x22	  x3:0x00000000 x22:0x1ebc710b  x3=0x1ebc710b
      609529000	     30374	800074e4	e8098db7	lui	x27,0xe8098	 x27=0xe8098000
      609809000	     30388	800074e8	75327393	andi	x7,x4,1875	  x4:0x9fb48000  x7=0x00000000
      610069000	     30401	800074ec	6d51	c.lui	x26,0x14	 x26=0x00014000
      610809000	     30438	800074ee	03d1d9b3	divu	x19,x3,x29	  x3:0x1ebc710b x29:0x00000001 x19=0x1ebc710b
      610849000	     30440	800074f2	027cc4b3	div	x9,x25,x7	 x25:0xffffffff  x7:0x00000000  x9=0xffffffff
      610869000	     30441	800074f6	59fd	c.li	x19,-1	 x19=0xffffffff
      610889000	     30442	800074f8	41c1da13	srai	x20,x3,0x1c	  x3:0x1ebc710b x20=0x00000001
      610949000	     30445	800074fc	01ef3233	sltu	x4,x30,x30	 x30:0x00000000 x30:0x00000000  x4=0x00000000
      610969000	     30446	80007500	0000100f	fence.i	
      611229000	     30459	80007504	a3bc3e97	auipc	x29,0xa3bc3	 x29=0x23bca504
      611329000	     30464	80007508	039922b3	mulhsu	x5,x18,x25	 x18:0x00000000 x25:0xffffffff  x5=0x00000000
      611729000	     30484	8000750c	02078cb3	mul	x25,x15,x0	 x15:0x00000000  x0:0x00000000 x25=0x00000000
      611749000	     30485	80007510	214e6c13	ori	x24,x28,532	 x28:0x00000000 x24=0x00000214
      611769000	     30486	80007514	8fb5	c.xor	x15,x13	 x15:0x00000000 x13:0xffffffff x15=0xffffffff
      611849000	     30490	80007516	015929b3	slt	x19,x18,x21	 x18:0x00000000 x21:0xfffffb3b x19=0x00000000
      611869000	     30491	8000751a	40f5dd93	srai	x27,x11,0xf	 x11:0x00000000 x27=0x00000000
      611889000	     30492	8000751e	0025e4b3	or	x9,x11,x2	 x11:0x00000000  x2:0xf5e39895  x9=0xf5e39895
      611909000	     30493	80007522	015942b3	xor	x5,x18,x21	 x18:0x00000000 x21:0xfffffb3b  x5=0xfffffb3b
      612329000	     30514	80007526	6165e593	ori	x11,x11,1558	 x11:0x00000000 x11=0x00000616
      612349000	     30515	8000752a	0002c263	blt	x5,x0,8000752e	  x5:0xfffffb3b  x0:0x00000000
      613009000	     30548	8000752e	0d89	c.addi	x27,2	 x27:0x00000000 x27=0x00000002
      613029000	     30549	80007530	02cb0b33	mul	x22,x22,x12	 x22:0x1ebc710b x12:0x80021e04 x22=0xf2470e2c
      613049000	     30550	80007534	8ca5	c.xor	x9,x9	  x9:0xf5e39895  x9:0xf5e39895  x9=0x00000000
      613209000	     30558	80007536	01a05f13	srli	x30,x0,0x1a	  x0:0x00000000 x30=0x00000000
      613229000	     30559	8000753a	0001	c.addi	x0,0	  x0:0x00000000  x0=0x00000000
      613389000	     30567	8000753c	03c940b3	div	x1,x18,x28	 x18:0x00000000 x28:0x00000000  x1=0xffffffff
      613409000	     30568	80007540	015477b3	and	x15,x8,x21	  x8:0xfff02000 x21:0xfffffb3b x15=0xfff02000
      613429000	     30569	80007544	0001	c.addi	x0,0	  x0:0x00000000  x0=0x00000000
      613449000	     30570	80007546	937b8793	addi	x15,x23,-1737	 x23:0x00000001 x15=0xfffff938
      613589000	     30577	8000754a	40428c33	sub	x24,x5,x4	  x5:0xfffffb3b  x4:0x00000000 x24=0xfffffb3b
      613609000	     30578	8000754e	c185	c.beqz	x11,8000756e	 x11:0x00000616
      613629000	     30579	80007550	c00d	c.beqz	x8,80007572	  x8:0xfff02000
      613909000	     30593	80007552	03336233	rem	x4,x6,x19	  x6:0x00000002 x19:0x00000000  x4=0x00000002
      614309000	     30613	80007556	e7b7e893	ori	x17,x15,-389	 x15:0xfffff938 x17=0xffffff7b
      615069000	     30651	8000755a	0353c1b3	div	x3,x7,x21	  x7:0x00000000 x21:0xfffffb3b  x3=0x00000000
      615089000	     30652	8000755e	f6b67693	andi	x13,x12,-149	 x12:0x80021e04 x13=0x80021e00
      615109000	     30653	80007562	23854c13	xori	x24,x10,568	 x10:0xfffffffd x24=0xfffffdc5
      615149000	     30655	80007566	03503bb3	mulhu	x23,x0,x21	  x0:0x00000000 x21:0xfffffb3b x23=0x00000000
      615169000	     30656	8000756a	01014a63	blt	x2,x16,8000757e	  x2:0xf5e39895 x16:0x00000000
      615749000	     30685	8000757e	02706863	bltu	x0,x7,800075ae	  x0:0x00000000  x7:0x00000000
      616489000	     30722	80007582	02fc5eb3	divu	x29,x24,x15	 x24:0xfffffdc5 x15:0xfffff938 x29=0x00000001
      616509000	     30723	80007586	c415	c.beqz	x8,800075b2	  x8:0xfff02000
      616529000	     30724	80007588	016d27b3	slt	x15,x26,x22	 x26:0x00014000 x22:0xf2470e2c x15=0x00000000
      616569000	     30726	8000758c	035e11b3	mulh	x3,x28,x21	 x28:0x00000000 x21:0xfffffb3b  x3=0x00000000
      616589000	     30727	80007590	93770ab7	lui	x21,0x93770	 x21=0x93770000
      616609000	     30728	80007594	8e327e97	auipc	x29,0x8e327	 x29=0x0e32e594
      616629000	     30729	80007598	016a0ab3	add	x21,x20,x22	 x20:0x00000001 x22:0xf2470e2c x21=0xf2470e2d
      616649000	     30730	8000759c	4131de13	srai	x28,x3,0x13	  x3:0x00000000 x28=0x00000000
      616809000	     30738	800075a0	e109	c.bnez	x10,800075a2	 x10:0xfffffffd
      617249000	     30760	800075a2	01c49d33	sll	x26,x9,x28	  x9:0x00000000 x28:0x00000000 x26=0x00000000
      617269000	     30761	800075a6	9086	c.add	x1,x1	  x1:0xffffffff  x1:0xffffffff  x1=0xfffffffe
      617449000	     30770	800075a8	0001	c.addi	x0,0	  x0:0x00000000  x0=0x00000000
      617489000	     30772	800075aa	02b71463	bne	x14,x11,800075d2	 x14:0x80025ce4 x11:0x00000616
      618109000	     30803	800075d2	99fd	c.andi	x11,-1	 x11:0x00000616 x11=0x00000616
      618409000	     30818	800075d4	01569193	slli	x3,x13,0x15	 x13:0x80021e00  x3=0xc0000000
      618469000	     30821	800075d8	0001	c.addi	x0,0	  x0:0x00000000  x0=0x00000000
      618889000	     30842	800075da	292a8893	addi	x17,x21,658	 x21:0xf2470e2d x17=0xf24710bf
      618909000	     30843	800075de	71698e13	addi	x28,x19,1814	 x19:0x00000000 x28=0x00000716
      618929000	     30844	800075e2	63ed9c17	auipc	x24,0x63ed9	 x24=0xe3ee05e2
      618949000	     30845	800075e6	01212333	slt	x6,x2,x18	  x2:0xf5e39895 x18:0x00000000  x6=0x00000001
      618969000	     30846	800075ea	64ad7f13	andi	x30,x26,1610	 x26:0x00000000 x30=0x00000000
      619429000	     30869	800075ee	02de8863	beq	x29,x13,8000761e	 x29:0x0e32e594 x13:0x80021e00
      619569000	     30876	800075f2	1a73fc93	andi	x25,x7,423	  x7:0x00000000 x25=0x00000000
      619589000	     30877	800075f6	ce89	c.beqz	x13,80007610	 x13:0x80021e00
      619989000	     30897	800075f8	8f85	c.sub	x15,x9	 x15:0x00000000  x9:0x00000000 x15=0x00000000
      620009000	     30898	800075fa	6fd5	c.lui	x31,0x15	 x31=0x00015000
      620249000	     30910	800075fc	02095c33	divu	x24,x18,x0	 x18:0x00000000  x0:0x00000000 x24=0xffffffff
      620649000	     30930	80007600	0150e433	or	x8,x1,x21	  x1:0xfffffffe x21:0xf2470e2d  x8=0xffffffff
      620829000	     30939	80007604	2c6fa313	slti	x6,x31,710	 x31:0x00015000  x6=0x00000000
      620849000	     30940	80007608	40e55cb3	sra	x25,x10,x14	 x10:0xfffffffd x14:0x80025ce4 x25=0xffffffff
      620869000	     30941	8000760c	025e0833	mul	x16,x28,x5	 x28:0x00000716  x5:0xfffffb3b x16=0xffde3412
      620889000	     30942	80007610	0001	c.addi	x0,0	  x0:0x00000000  x0=0x00000000
      621209000	     30958	80007612	70beb697	auipc	x13,0x70beb	 x13=0xf0bf2612
      621629000	     30979	80007616	02815b63	bge	x2,x8,8000764c	  x2:0xf5e39895  x8:0xffffffff
      621769000	     30986	8000761a	7ac2ba97	auipc	x21,0x7ac2b	 x21=0xfac3261a
      621789000	     30987	8000761e	8cdd	c.or	x9,x15	  x9:0x00000000 x15:0x00000000  x9=0x00000000
      621809000	     30988	80007620	0000100f	fence.i	
      622329000	     31014	80007624	01350963	beq	x10,x19,80007636	 x10:0xfffffffd x19:0x00000000
      623069000	     31051	80007628	030cf2b3	remu	x5,x25,x16	 x25:0xffffffff x16:0xffde3412  x5=0x0021cbed
      623089000	     31052	8000762c	0001	c.addi	x0,0	  x0:0x00000000  x0=0x00000000
      623129000	     31054	8000762e	02fa13b3	mulh	x7,x20,x15	 x20:0x00000001 x15:0x00000000  x7=0x00000000
      623149000	     31055	80007632	b985bb93	sltiu	x23,x11,-1128	 x11:0x00000616 x23=0x00000001
      623889000	     31092	80007636	02a46333	rem	x6,x8,x10	  x8:0xffffffff x10:0xfffffffd  x6=0xffffffff
      623909000	     31093	8000763a	00799a33	sll	x20,x19,x7	 x19:0x00000000  x7:0x00000000 x20=0x00000000
      623929000	     31094	8000763e	00dde5b3	or	x11,x27,x13	 x27:0x00000002 x13:0xf0bf2612 x11=0xf0bf2612
      624669000	     31131	80007642	022ef933	remu	x18,x29,x2	 x29:0x0e32e594  x2:0xf5e39895 x18=0x0e32e594
      624689000	     31132	80007646	8dad	c.xor	x11,x11	 x11:0xf0bf2612 x11:0xf0bf2612 x11=0x00000000
      624709000	     31133	80007648	00fc37b3	sltu	x15,x24,x15	 x24:0xffffffff x15:0x00000000 x15=0x00000000
      624729000	     31134	8000764c	02e508b3	mul	x17,x10,x14	 x10:0xfffffffd x14:0x80025ce4 x17=0x7ff8e954
      624749000	     31135	80007650	00751c33	sll	x24,x10,x7	 x10:0xfffffffd  x7:0x00000000 x24=0xfffffffd
      624769000	     31136	80007654	8b9a	c.mv	x23,x6	  x0:0x00000000  x6:0xffffffff x23=0xffffffff
      624809000	     31138	80007656	021719b3	mulh	x19,x14,x1	 x14:0x80025ce4  x1:0xfffffffe x19=0x00000000
      624829000	     31139	8000765a	03bf0063	beq	x30,x27,8000767a	 x30:0x00000000 x27:0x00000002
      624849000	     31140	8000765e	00b70a63	beq	x14,x11,80007672	 x14:0x80025ce4 x11:0x00000000
      624869000	     31141	80007662	83a1	c.srli	x15,0x8	 x15:0x00000000 x15=0x00000000
      625009000	     31148	80007664	01869ab3	sll	x21,x13,x24	 x13:0xf0bf2612 x24:0xfffffffd x21=0x40000000
      625149000	     31155	80007668	0156cdb3	xor	x27,x13,x21	 x13:0xf0bf2612 x21:0x40000000 x27=0xb0bf2612
      625569000	     31176	8000766c	9342	c.add	x6,x16	  x6:0xffffffff x16:0xffde3412  x6=0xffde3411
      625669000	     31181	8000766e	01308b63	beq	x1,x19,80007684	  x1:0xfffffffe x19:0x00000000
      625729000	     31184	80007672	007eba33	sltu	x20,x29,x7	 x29:0x0e32e594  x7:0x00000000 x20=0x00000000
      625749000	     31185	80007676	c111	c.beqz	x10,8000767a	 x10:0xfffffffd
      625769000	     31186	80007678	8c5d	c.or	x8,x15	  x8:0xffffffff x15:0x00000000  x8=0xffffffff
      625789000	     31187	8000767a	c49d	c.beqz	x9,800076a8	  x9:0x00000000
      626029000	     31199	800076a8	02d89bb3	mulh	x23,x17,x13	 x17:0x7ff8e954 x13:0xf0bf2612 x23=0xf85fff28
      626109000	     31203	800076ac	003ecf63	blt	x29,x3,800076ca	 x29:0x0e32e594  x3:0xc0000000
      626129000	     31204	800076b0	01a35c33	srl	x24,x6,x26	  x6:0xffde3411 x26:0x00000000 x24=0xffde3411
      626549000	     31225	800076b4	a3900837	lui	x16,0xa3900	 x16=0xa3900000
      626569000	     31226	800076b8	05ae	c.slli	x11,0xb	 x11:0x00000000 x11=0x00000000
      626589000	     31227	800076ba	0393f563	bgeu	x7,x25,800076e4	  x7:0x00000000 x25:0xffffffff
      626769000	     31236	800076be	0260bab3	mulhu	x21,x1,x6	  x1:0xfffffffe  x6:0xffde3411 x21=0xffde340f
      626909000	     31243	800076c2	41c7d4b3	sra	x9,x15,x28	 x15:0x00000000 x28:0x00000716  x9=0x00000000
      628049000	     31300	800076c6	02a9edb3	rem	x27,x19,x10	 x19:0x00000000 x10:0xfffffffd x27=0x00000000
      628069000	     31301	800076ca	fd10a393	slti	x7,x1,-47	  x1:0xfffffffe  x7=0x00000000
      628089000	     31302	800076ce	03094c63	blt	x18,x16,80007706	 x18:0x0e32e594 x16:0xa3900000
      637809000	     31788	800076d2	0001	c.addi	x0,0	  x0:0x00000000  x0=0x00000000
      637829000	     31789	800076d4	00a76433	or	x8,x14,x10	 x14:0x80025ce4 x10:0xfffffffd  x8=0xfffffffd
      637849000	     31790	800076d8	00dfad33	slt	x26,x31,x13	 x31:0x00015000 x13:0xf0bf2612 x26=0x00000000
      637869000	     31791	800076dc	05171563	bne	x14,x17,80007726	 x14:0x80025ce4 x17:0x7ff8e954
      638749000	     31835	80007726	9f3ceb93	ori	x23,x25,-1549	 x25:0xffffffff x23=0xffffffff
      639169000	     31856	8000772a	025b6863	bltu	x22,x5,8000775a	 x22:0xf2470e2c  x5:0x0021cbed
      639189000	     31857	8000772e	0d06	c.slli	x26,0x1	 x26:0x00000000 x26=0x00000000
      639349000	     31865	80007730	000f1f63	bne	x30,x0,8000774e	 x30:0x00000000  x0:0x00000000
      639769000	     31886	80007734	056e	c.slli	x10,0x1b	 x10:0xfffffffd x10=0xe8000000
      639789000	     31887	80007736	c109	c.beqz	x10,80007738	 x10:0xe8000000
      639909000	     31893	80007738	a9926c13	ori	x24,x4,-1383	  x4:0x00000002 x24=0xfffffa9b
      640229000	     31909	8000773c	02005433	divu	x8,x0,x0	  x0:0x00000000  x0:0x00000000  x8=0xffffffff
      640489000	     31922	80007740	9488b813	sltiu	x16,x17,-1720	 x17:0x7ff8e954 x16=0x00000001
      640609000	     31928	80007744	9926	c.add	x18,x9	 x18:0x0e32e594  x9:0x00000000 x18=0x0e32e594
      640669000	     31931	80007746	8aa24097	auipc	x1,0x8aa24	  x1=0x0aa2b746
      641109000	     31953	8000774a	02f075b3	remu	x11,x0,x15	  x0:0x00000000 x15:0x00000000 x11=0x00000000
      641269000	     31961	8000774e	00aa3ab3	sltu	x21,x20,x10	 x20:0x00000000 x10:0xe8000000 x21=0x00000001
      641289000	     31962	80007752	40795933	sra	x18,x18,x7	 x18:0x0e32e594  x7:0x00000000 x18=0x0e32e594
      641309000	     31963	80007756	9416	c.add	x8,x5	  x8:0xffffffff  x5:0x0021cbed  x8=0x0021cbec
      641409000	     31968	80007758	0001	c.addi	x0,0	  x0:0x00000000  x0=0x00000000
      641429000	     31969	8000775a	40dddb33	sra	x22,x27,x13	 x27:0x00000000 x13:0xf0bf2612 x22=0x00000000
      641449000	     31970	8000775e	0001	c.addi	x0,0	  x0:0x00000000  x0=0x00000000
      641469000	     31971	80007760	02ca7163	bgeu	x20,x12,80007782	 x20:0x00000000 x12:0x80021e04
      641489000	     31972	80007764	40515b33	sra	x22,x2,x5	  x2:0xf5e39895  x5:0x0021cbed x22=0xffffaf1c
      641509000	     31973	80007768	01b1a4b3	slt	x9,x3,x27	  x3:0xc0000000 x27:0x00000000  x9=0x00000001
      641649000	     31980	8000776c	00d25d33	srl	x26,x4,x13	  x4:0x00000002 x13:0xf0bf2612 x26=0x00000000
      641729000	     31984	80007770	02c90c33	mul	x24,x18,x12	 x18:0x0e32e594 x12:0x80021e04 x24=0xfadaee50
      641749000	     31985	80007774	8eed	c.and	x13,x11	 x13:0xf0bf2612 x11:0x00000000 x13=0x00000000
      641789000	     31987	80007776	00ca1913	slli	x18,x20,0xc	 x20:0x00000000 x18=0x00000000
      641829000	     31989	8000777a	034e1833	mulh	x16,x28,x20	 x28:0x00000716 x20:0x00000000 x16=0x00000000
      641849000	     31990	8000777e	0001	c.addi	x0,0	  x0:0x00000000  x0=0x00000000
      642009000	     31998	80007780	995a	c.add	x18,x22	 x18:0x00000000 x22:0xffffaf1c x18=0xffffaf1c
      642029000	     31999	80007782	025d7d63	bgeu	x26,x5,800077bc	 x26:0x00000000  x5:0x0021cbed
      642309000	     32013	80007786	0298ee63	bltu	x17,x9,800077c2	 x17:0x7ff8e954  x9:0x00000001
      643069000	     32051	8000778a	03fa4cb3	div	x25,x20,x31	 x20:0x00000000 x31:0x00015000 x25=0x00000000
      643089000	     32052	8000778e	01a00033	add	x0,x0,x26	  x0:0x00000000 x26:0x00000000  x0=0x00000000
      643109000	     32053	80007792	02f1ca63	blt	x3,x15,800077c6	  x3:0xc0000000 x15:0x00000000
      643369000	     32066	800077c6	4191deb3	sra	x29,x3,x25	  x3:0xc0000000 x25:0x00000000 x29=0xc0000000
      643389000	     32067	800077ca	51d06b93	ori	x23,x0,1309	  x0:0x00000000 x23=0x0000051d
      643409000	     32068	800077ce	00688f33	add	x30,x17,x6	 x17:0x7ff8e954  x6:0xffde3411 x30=0x7fd71d65
      643429000	     32069	800077d2	0f92	c.slli	x31,0x4	 x31:0x00015000 x31=0x00150000
      643449000	     32070	800077d4	0001	c.addi	x0,0	  x0:0x00000000  x0=0x00000000
      643469000	     32071	800077d6	ce81	c.beqz	x13,800077ee	 x13:0x00000000
      644409000	     32118	800077ee	4066ddb3	sra	x27,x13,x6	 x13:0x00000000  x6:0xffde3411 x27=0x00000000
      644449000	     32120	800077f2	0233bf33	mulhu	x30,x7,x3	  x7:0x00000000  x3:0xc0000000 x30=0x00000000
      644629000	     32129	800077f6	01121193	slli	x3,x4,0x11	  x4:0x00000002  x3=0x00040000
      644649000	     32130	800077fa	01cae5b3	or	x11,x21,x28	 x21:0x00000001 x28:0x00000716 x11=0x00000717
      645069000	     32151	800077fe	01d5d4b3	srl	x9,x11,x29	 x11:0x00000717 x29:0xc0000000  x9=0x00000717
      645129000	     32154	80007802	01763833	sltu	x16,x12,x23	 x12:0x80021e04 x23:0x0000051d x16=0x00000000
      645149000	     32155	80007806	0001	c.addi	x0,0	  x0:0x00000000  x0=0x00000000
      645229000	     32159	80007808	8425	c.srai	x8,0x9	  x8:0x0021cbec  x8=0x000010e5
      645249000	     32160	8000780a	0001	c.addi	x0,0	  x0:0x00000000  x0=0x00000000
      645329000	     32164	8000780c	8ad2	c.mv	x21,x20	  x0:0x00000000 x20:0x00000000 x21=0x00000000
      645669000	     32181	8000780e	02b28c33	mul	x24,x5,x11	  x5:0x0021cbed x11:0x00000717 x24=0xef9ccd4b
      645849000	     32190	80007812	02fdb6b3	mulhu	x13,x27,x15	 x27:0x00000000 x15:0x00000000 x13=0x00000000
      645929000	     32194	80007816	032ae963	bltu	x21,x18,80007848	 x21:0x00000000 x18:0xffffaf1c
      646049000	     32200	80007848	0001	c.addi	x0,0	  x0:0x00000000  x0=0x00000000
      646069000	     32201	8000784a	02c11463	bne	x2,x12,80007872	  x2:0xf5e39895 x12:0x80021e04
      646349000	     32215	80007872	088b2513	slti	x10,x22,136	 x22:0xffffaf1c x10=0x00000001
      646629000	     32229	80007876	01c44363	blt	x8,x28,8000787c	  x8:0x000010e5 x28:0x00000716
      646649000	     32230	8000787a	623d	c.lui	x4,0xf	  x4=0x0000f000
      646669000	     32231	8000787c	5db0e793	ori	x15,x1,1499	  x1:0x0aa2b746 x15=0x0aa2b7df
      647069000	     32251	80007880	87e5	c.srai	x15,0x19	 x15:0x0aa2b7df x15=0x00000005
      647489000	     32272	80007882	0190dc33	srl	x24,x1,x25	  x1:0x0aa2b746 x25:0x00000000 x24=0x0aa2b746
      647889000	     32292	80007886	03eceb33	rem	x22,x25,x30	 x25:0x00000000 x30:0x00000000 x22=0x00000000
      647909000	     32293	8000788a	8cad	c.xor	x9,x11	  x9:0x00000717 x11:0x00000717  x9=0x00000000
      648089000	     32302	8000788c	9d16	c.add	x26,x5	 x26:0x00000000  x5:0x0021cbed x26=0x0021cbed
      648109000	     32303	8000788e	00f61313	slli	x6,x12,0xf	 x12:0x80021e04  x6=0x0f020000
      648129000	     32304	80007892	22590593	addi	x11,x18,549	 x18:0xffffaf1c x11=0xffffb141
      648149000	     32305	80007896	0000100f	fence.i	
      649069000	     32351	8000789a	005a6933	or	x18,x20,x5	 x20:0x00000000  x5:0x0021cbed x18=0x0021cbed
      649349000	     32365	8000789e	06ef2f13	slti	x30,x30,110	 x30:0x00000000 x30=0x00000001
      649369000	     32366	800078a2	8395	c.srli	x15,0x5	 x15:0x00000005 x15=0x00000000
      649389000	     32367	800078a4	b6a6fb93	andi	x23,x13,-1174	 x13:0x00000000 x23=0x00000000
      649409000	     32368	800078a8	62d2c413	xori	x8,x5,1581	  x5:0x0021cbed  x8=0x0021cdc0
      649809000	     32388	800078ac	8fb5	c.xor	x15,x13	 x15:0x00000000 x13:0x00000000 x15=0x00000000
      649829000	     32389	800078ae	004074b3	and	x9,x0,x4	  x0:0x00000000  x4:0x0000f000  x9=0x00000000
      649849000	     32390	800078b2	8c45	c.or	x8,x9	  x8:0x0021cdc0  x9:0x00000000  x8=0x0021cdc0
      649869000	     32391	800078b4	019b8a33	add	x20,x23,x25	 x23:0x00000000 x25:0x00000000 x20=0x00000000
      649889000	     32392	800078b8	0000100f	fence.i	
      650689000	     32432	800078bc	8e95	c.sub	x13,x13	 x13:0x00000000 x13:0x00000000 x13=0x00000000
      650709000	     32433	800078be	0001	c.addi	x0,0	  x0:0x00000000  x0=0x00000000
      651569000	     32476	800078c0	03c373b3	remu	x7,x6,x28	  x6:0x0f020000 x28:0x00000716  x7=0x0000029e
      651589000	     32477	800078c4	0ff0000f	fence	iorw,iorw	
      651609000	     32478	800078c8	9f7e	c.add	x30,x31	 x30:0x00000001 x31:0x00150000 x30=0x00150001
      651629000	     32479	800078ca	9b12	c.add	x22,x4	 x22:0x00000000  x4:0x0000f000 x22=0x0000f000
      651649000	     32480	800078cc	8222	c.mv	x4,x8	  x0:0x00000000  x8:0x0021cdc0  x4=0x0021cdc0
      651669000	     32481	800078ce	8ba9	c.andi	x15,10	 x15:0x00000000 x15=0x00000000
      651689000	     32482	800078d0	0215da63	bge	x11,x1,80007904	 x11:0xffffb141  x1:0x0aa2b746
      651709000	     32483	800078d4	a2b60e13	addi	x28,x12,-1493	 x12:0x80021e04 x28=0x8002182f
      652129000	     32504	800078d8	01c1f2b3	and	x5,x3,x28	  x3:0x00040000 x28:0x8002182f  x5=0x00000000
      652549000	     32525	800078dc	41255d93	srai	x27,x10,0x12	 x10:0x00000001 x27=0x00000000
      652569000	     32526	800078e0	c809	c.beqz	x8,800078f2	  x8:0x0021cdc0
      652589000	     32527	800078e2	0056b033	sltu	x0,x13,x5	 x13:0x00000000  x5:0x00000000  x0=0x00000000
      653009000	     32548	800078e6	011a9193	slli	x3,x21,0x11	 x21:0x00000000  x3=0x00000000
      653149000	     32555	800078ea	b103e693	ori	x13,x7,-1264	  x7:0x0000029e x13=0xfffffb9e
      653169000	     32556	800078ee	53993813	sltiu	x16,x18,1337	 x18:0x0021cbed x16=0x00000000
      653549000	     32575	800078f2	00c18433	add	x8,x3,x12	  x3:0x00000000 x12:0x80021e04  x8=0x80021e04
      653569000	     32576	800078f6	04c91363	bne	x18,x12,8000793c	 x18:0x0021cbed x12:0x80021e04
      653749000	     32585	8000793c	013cc533	xor	x10,x25,x19	 x25:0x00000000 x19:0x00000000 x10=0x00000000
      653769000	     32586	80007940	a3803593	sltiu	x11,x0,-1480	  x0:0x00000000 x11=0x00000001
      653789000	     32587	80007944	0002e2b3	or	x5,x5,x0	  x5:0x00000000  x0:0x00000000  x5=0x00000000
      653869000	     32591	80007948	e36f1397	auipc	x7,0xe36f1	  x7=0x636f8948
      653909000	     32593	8000794c	03f99cb3	mulh	x25,x19,x31	 x19:0x00000000 x31:0x00150000 x25=0x00000000
      653969000	     32596	80007950	01e79d93	slli	x27,x15,0x1e	 x15:0x00000000 x27=0x00000000
      653989000	     32597	80007954	43b14813	xori	x16,x2,1083	  x2:0xf5e39895 x16=0xf5e39cae
      654009000	     32598	80007958	0001	c.addi	x0,0	  x0:0x00000000  x0=0x00000000
      654029000	     32599	8000795a	197d	c.addi	x18,-1	 x18:0x0021cbed x18=0x0021cbec
      655149000	     32655	8000795c	0224ddb3	divu	x27,x9,x2	  x9:0x00000000  x2:0xf5e39895 x27=0x00000000
      655169000	     32656	80007960	00959c63	bne	x11,x9,80007978	 x11:0x00000001  x9:0x00000000
      655309000	     32663	80007978	8ea9	c.xor	x13,x10	 x13:0xfffffb9e x10:0x00000000 x13=0xfffffb9e
      655589000	     32677	8000797a	033df563	bgeu	x27,x19,800079a4	 x27:0x00000000 x19:0x00000000
      656389000	     32717	800079a4	634d	c.lui	x6,0x13	  x6=0x00013000
      656409000	     32718	800079a6	997d	c.andi	x10,-1	 x10:0x00000000 x10=0x00000000
      656609000	     32728	800079a8	01f6aa33	slt	x20,x13,x31	 x13:0xfffffb9e x31:0x00150000 x20=0x00000001
      656729000	     32734	800079ac	4869	c.li	x16,26	 x16=0x0000001a
      657149000	     32755	800079ae	0041ce63	blt	x3,x4,800079ca	  x3:0x00000000  x4:0x0021cdc0
      657809000	     32788	800079ca	009eebb3	or	x23,x29,x9	 x29:0xc0000000  x9:0x00000000 x23=0xc0000000
      657829000	     32789	800079ce	cf81	c.beqz	x15,800079e6	 x15:0x00000000
      659049000	     32850	800079e6	60613bb7	lui	x23,0x60613	 x23=0x60613000
      659089000	     32852	800079ea	03b064b3	rem	x9,x0,x27	  x0:0x00000000 x27:0x00000000  x9=0x00000000
      659129000	     32854	800079ee	010ef433	and	x8,x29,x16	 x29:0xc0000000 x16:0x0000001a  x8=0x00000000
      659569000	     32876	800079f2	035f5ab3	divu	x21,x30,x21	 x30:0x00150001 x21:0x00000000 x21=0xffffffff
      659869000	     32891	800079f6	0000100f	fence.i	
      661609000	     32978	800079fa	0225f833	remu	x16,x11,x2	 x11:0x00000001  x2:0xf5e39895 x16=0x00000001
      661629000	     32979	800079fe	00315213	srli	x4,x2,0x3	  x2:0xf5e39895  x4=0x1ebc7312
      661649000	     32980	80007a02	01fdfe63	bgeu	x27,x31,80007a1e	 x27:0x00000000 x31:0x00150000
      661669000	     32981	80007a06	00a49c63	bne	x9,x10,80007a1e	  x9:0x00000000 x10:0x00000000
      661689000	     32982	80007a0a	cf9d	c.beqz	x15,80007a48	 x15:0x00000000
      661789000	     32987	80007a48	03faa0b3	mulhsu	x1,x21,x31	 x21:0xffffffff x31:0x00150000  x1=0xffffffff
      661809000	     32988	80007a4c	882a	c.mv	x16,x10	  x0:0x00000000 x10:0x00000000 x16=0x00000000
      661829000	     32989	80007a4e	8cb5	c.xor	x9,x13	  x9:0x00000000 x13:0xfffffb9e  x9=0xfffffb9e
      661849000	     32990	80007a50	4bc9	c.li	x23,18	 x23=0x00000012
      662109000	     33003	80007a52	01b51c93	slli	x25,x10,0x1b	 x10:0x00000000 x25=0x00000000
      662209000	     33008	80007a56	409cd213	srai	x4,x25,0x9	 x25:0x00000000  x4=0x00000000
      662429000	     33019	80007a5a	00cd7f63	bgeu	x26,x12,80007a78	 x26:0x0021cbed x12:0x80021e04
      662449000	     33020	80007a5e	6e75	c.lui	x28,0x1d	 x28=0x0001d000
      662469000	     33021	80007a60	858d	c.srai	x11,0x3	 x11:0x00000001 x11=0x00000000
      662569000	     33026	80007a62	02b3ea33	rem	x20,x7,x11	  x7:0x636f8948 x11:0x00000000 x20=0x636f8948
      662769000	     33036	80007a66	009205b3	add	x11,x4,x9	  x4:0x00000000  x9:0xfffffb9e x11=0xfffffb9e
      662789000	     33037	80007a6a	fa2f4e13	xori	x28,x30,-94	 x30:0x00150001 x28=0xffeaffa3
      662809000	     33038	80007a6e	1e7d	c.addi	x28,-1	 x28:0xffeaffa3 x28=0xffeaffa2
      662829000	     33039	80007a70	03ee7b63	bgeu	x28,x30,80007aa6	 x28:0xffeaffa2 x30:0x00150001
      663029000	     33049	80007aa6	61ed	c.lui	x3,0x1b	  x3=0x0001b000
      663369000	     33066	80007aa8	0000100f	fence.i	
      664109000	     33103	80007aac	ca91	c.beqz	x13,80007ac0	 x13:0xfffffb9e
      664149000	     33105	80007aae	03c438b3	mulhu	x17,x8,x28	  x8:0x00000000 x28:0xffeaffa2 x17=0x00000000
      664889000	     33142	80007ab2	03e9c833	div	x16,x19,x30	 x19:0x00000000 x30:0x00150001 x16=0x00000000
      664909000	     33143	80007ab6	45956813	ori	x16,x10,1113	 x10:0x00000000 x16=0x00000459
      664929000	     33144	80007aba	8c46	c.mv	x24,x17	  x0:0x00000000 x17:0x00000000 x24=0x00000000
      664949000	     33145	80007abc	013437b3	sltu	x15,x8,x19	  x8:0x00000000 x19:0x00000000 x15=0x00000000
      664969000	     33146	80007ac0	008f82b3	add	x5,x31,x8	 x31:0x00150000  x8:0x00000000  x5=0x00150000
      664989000	     33147	80007ac4	8951	c.andi	x10,20	 x10:0x00000000 x10=0x00000000
      665009000	     33148	80007ac6	8035	c.srli	x8,0xd	  x8:0x00000000  x8=0x00000000
      665029000	     33149	80007ac8	8352	c.mv	x6,x20	  x0:0x00000000 x20:0x636f8948  x6=0x636f8948
      665049000	     33150	80007aca	8d7d	c.and	x10,x15	 x10:0x00000000 x15:0x00000000 x10=0x00000000
      665089000	     33152	80007acc	020031b3	mulhu	x3,x0,x0	  x0:0x00000000  x0:0x00000000  x3=0x00000000
      665129000	     33154	80007ad0	03ca31b3	mulhu	x3,x20,x28	 x20:0x636f8948 x28:0xffeaffa2  x3=0x636760fd
      665149000	     33155	80007ad4	8c69	c.and	x8,x10	  x8:0x00000000 x10:0x00000000  x8=0x00000000
      665169000	     33156	80007ad6	00f345b3	xor	x11,x6,x15	  x6:0x636f8948 x15:0x00000000 x11=0x636f8948
      665189000	     33157	80007ada	4162d493	srai	x9,x5,0x16	  x5:0x00150000  x9=0x00000000
      665209000	     33158	80007ade	018966b3	or	x13,x18,x24	 x18:0x0021cbec x24:0x00000000 x13=0x0021cbec
      665229000	     33159	80007ae2	7e09eb93	ori	x23,x19,2016	 x19:0x00000000 x23=0x000007e0
      665249000	     33160	80007ae6	096a	c.slli	x18,0x1a	 x18:0x0021cbec x18=0xb0000000
      665269000	     33161	80007ae8	99fd	c.andi	x11,-1	 x11:0x636f8948 x11=0x636f8948
      665409000	     33168	80007aea	01dfebb3	or	x23,x31,x29	 x31:0x00150000 x29:0xc0000000 x23=0xc0150000
      665429000	     33169	80007aee	eb85	c.bnez	x15,80007b1e	 x15:0x00000000
      665449000	     33170	80007af0	0010d413	srli	x8,x1,0x1	  x1:0xffffffff  x8=0x7fffffff
      666189000	     33207	80007af4	03596333	rem	x6,x18,x21	 x18:0xb0000000 x21:0xffffffff  x6=0x00000000
      666929000	     33244	80007af8	0232d333	divu	x6,x5,x3	  x5:0x00150000  x3:0x636760fd  x6=0x00000000
      674089000	     33602	80007afc	8159	c.srli	x10,0x16	 x10:0x00000000 x10=0x00000000
      674109000	     33603	80007afe	8fd5	c.or	x15,x13	 x15:0x00000000 x13:0x0021cbec x15=0x0021cbec
      674129000	     33604	80007b00	c911	c.beqz	x10,80007b14	 x10:0x00000000
      674789000	     33637	80007b14	16fd	c.addi	x13,-1	 x13:0x0021cbec x13=0x0021cbeb
      675009000	     33648	80007b16	01579263	bne	x15,x21,80007b1a	 x15:0x0021cbec x21:0xffffffff
      676809000	     33738	80007b1a	dcc90c13	addi	x24,x18,-564	 x18:0xb0000000 x24=0xaffffdcc
      676829000	     33739	80007b1e	01515033	srl	x0,x2,x21	  x2:0xf5e39895 x21:0xffffffff  x0=0x00000000
      676849000	     33740	80007b22	00cd0f33	add	x30,x26,x12	 x26:0x0021cbed x12:0x80021e04 x30=0x8023e9f1
      677269000	     33761	80007b26	40218a13	addi	x20,x3,1026	  x3:0x636760fd x20=0x636764ff
      677289000	     33762	80007b2a	0001	c.addi	x0,0	  x0:0x00000000  x0=0x00000000
      678029000	     33799	80007b2c	02527eb3	remu	x29,x4,x5	  x4:0x00000000  x5:0x00150000 x29=0x00000000
      678049000	     33800	80007b30	36380093	addi	x1,x16,867	 x16:0x00000459  x1=0x000007bc
      678069000	     33801	80007b34	2c430193	addi	x3,x6,708	  x6:0x00000000  x3=0x000002c4
      678089000	     33802	80007b38	78ea4413	xori	x8,x20,1934	 x20:0x636764ff  x8=0x63676371
      678109000	     33803	80007b3c	8c19	c.sub	x8,x14	  x8:0x63676371 x14:0x80025ce4  x8=0xe365068d
      678149000	     33805	80007b3e	02851833	mulh	x16,x10,x8	 x10:0x00000000  x8:0xe365068d x16=0x00000000
      678189000	     33807	80007b42	039fdbb3	divu	x23,x31,x25	 x31:0x00150000 x25:0x00000000 x23=0xffffffff
      678209000	     33808	80007b46	8d0d	c.sub	x10,x11	 x10:0x00000000 x11:0x636f8948 x10=0x9c9076b8
      678229000	     33809	80007b48	006e1693	slli	x13,x28,0x6	 x28:0xffeaffa2 x13=0xfabfe880
      678249000	     33810	80007b4c	691d	c.lui	x18,0x7	 x18=0x00007000
      678269000	     33811	80007b4e	00de2533	slt	x10,x28,x13	 x28:0xffeaffa2 x13:0xfabfe880 x10=0x00000000
      678289000	     33812	80007b52	9aa2	c.add	x21,x8	 x21:0xffffffff  x8:0xe365068d x21=0xe365068c
      678589000	     33827	80007b54	8c55	c.or	x8,x13	  x8:0xe365068d x13:0xfabfe880  x8=0xfbffee8d
      678609000	     33828	80007b56	0023cb63	blt	x7,x2,80007b6c	  x7:0x636f8948  x2:0xf5e39895
      678629000	     33829	80007b5a	0000100f	fence.i	
      679089000	     33852	80007b5e	8ead	c.xor	x13,x11	 x13:0xfabfe880 x11:0x636f8948 x13=0x99d061c8
      679109000	     33853	80007b60	ca9d	c.beqz	x13,80007b96	 x13:0x99d061c8
      679529000	     33874	80007b62	0ff0000f	fence	iorw,iorw	
      679549000	     33875	80007b66	1e303917	auipc	x18,0x1e303	 x18=0x9e30ab66
      679569000	     33876	80007b6a	8e5e	c.mv	x28,x23	  x0:0x00000000 x23:0xffffffff x28=0xffffffff
      679989000	     33897	80007b6c	03a8ae33	mulhsu	x28,x17,x26	 x17:0x00000000 x26:0x0021cbed x28=0x00000000
      680009000	     33898	80007b70	8ccd	c.or	x9,x11	  x9:0x00000000 x11:0x636f8948  x9=0x636f8948
      680049000	     33900	80007b72	02509463	bne	x1,x5,80007b9a	  x1:0x000007bc  x5:0x00150000
      681549000	     33975	80007b9a	03aa70b3	remu	x1,x20,x26	 x20:0x636764ff x26:0x0021cbed  x1=0x00205ccf
      681569000	     33976	80007b9e	0ff0000f	fence	iorw,iorw	
      681589000	     33977	80007ba2	6ff1	c.lui	x31,0x1c	 x31=0x0001c000
      681609000	     33978	80007ba4	00615eb3	srl	x29,x2,x6	  x2:0xf5e39895  x6:0x00000000 x29=0xf5e39895
      682509000	     34023	80007ba8	02c64b33	div	x22,x12,x12	 x12:0x80021e04 x12:0x80021e04 x22=0x00000001
      682529000	     34024	80007bac	927a	c.add	x4,x30	  x4:0x00000000 x30:0x8023e9f1  x4=0x8023e9f1
      683269000	     34061	80007bae	02787f33	remu	x30,x16,x7	 x16:0x00000000  x7:0x636f8948 x30=0x00000000
      684009000	     34098	80007bb2	02ce7eb3	remu	x29,x28,x12	 x28:0x00000000 x12:0x80021e04 x29=0x00000000
      684029000	     34099	80007bb6	80d9	c.srli	x9,0x16	  x9:0x636f8948  x9=0x0000018d
      684049000	     34100	80007bb8	41d2de13	srai	x28,x5,0x1d	  x5:0x00150000 x28=0x00000000
      684069000	     34101	80007bbc	8bdd	c.andi	x15,23	 x15:0x0021cbec x15=0x00000004
      684089000	     34102	80007bbe	1efd	c.addi	x29,-1	 x29:0x00000000 x29=0xffffffff
      684109000	     34103	80007bc0	000c9993	slli	x19,x25,0x0	 x25:0x00000000 x19=0x00000000
      684129000	     34104	80007bc4	8d71	c.and	x10,x12	 x10:0x00000000 x12:0x80021e04 x10=0x00000000
      684149000	     34105	80007bc6	869d	c.srai	x13,0x7	 x13:0x99d061c8 x13=0xff33a0c3
      684189000	     34107	80007bc8	0397b333	mulhu	x6,x15,x25	 x15:0x00000004 x25:0x00000000  x6=0x00000000
      684929000	     34144	80007bcc	025cd5b3	divu	x11,x25,x5	 x25:0x00000000  x5:0x00150000 x11=0x00000000
      684949000	     34145	80007bd0	00cedd33	srl	x26,x29,x12	 x29:0xffffffff x12:0x80021e04 x26=0x0fffffff
      684969000	     34146	80007bd4	8535	c.srai	x10,0xd	 x10:0x00000000 x10=0x00000000
      685709000	     34183	80007bd6	02e641b3	div	x3,x12,x14	 x12:0x80021e04 x14:0x80025ce4  x3=0x00000001
      685729000	     34184	80007bda	1cfd	c.addi	x25,-1	 x25:0x00000000 x25=0xffffffff
      685749000	     34185	80007bdc	02728a63	beq	x5,x7,80007c10	  x5:0x00150000  x7:0x636f8948
      685789000	     34187	80007be0	02bc1fb3	mulh	x31,x24,x11	 x24:0xaffffdcc x11:0x00000000 x31=0x00000000
      685809000	     34188	80007be4	00029c13	slli	x24,x5,0x0	  x5:0x00150000 x24=0x00150000
      685829000	     34189	80007be8	812d	c.srli	x10,0xb	 x10:0x00000000 x10=0x00000000
      685849000	     34190	80007bea	622bf093	andi	x1,x23,1570	 x23:0xffffffff  x1=0x00000622
      686389000	     34217	80007bee	01e02333	slt	x6,x0,x30	  x0:0x00000000 x30:0x00000000  x6=0x00000000
      686809000	     34238	80007bf2	23a30b13	addi	x22,x6,570	  x6:0x00000000 x22=0x0000023a
      687149000	     34255	80007bf6	c3bdbd17	auipc	x26,0xc3bdb	 x26=0x43be2bf6
      687369000	     34266	80007bfa	020b32b3	mulhu	x5,x22,x0	 x22:0x0000023a  x0:0x00000000  x5=0x00000000
      687389000	     34267	80007bfe	8366	c.mv	x6,x25	  x0:0x00000000 x25:0xffffffff  x6=0xffffffff
      687549000	     34275	80007c00	03cd6063	bltu	x26,x28,80007c20	 x26:0x43be2bf6 x28:0x00000000
      687569000	     34276	80007c04	01bab7b3	sltu	x15,x21,x27	 x21:0xe365068c x27:0x00000000 x15=0x00000000
      687989000	     34297	80007c08	868a	c.mv	x13,x2	  x0:0x00000000  x2:0xf5e39895 x13=0xf5e39895
      688129000	     34304	80007c0a	6ba02293	slti	x5,x0,1722	  x0:0x00000000  x5=0x00000001
      688149000	     34305	80007c0e	8fdd	c.or	x15,x15	 x15:0x00000000 x15:0x00000000 x15=0x00000000
      688169000	     34306	80007c10	40c60833	sub	x16,x12,x12	 x12:0x80021e04 x12:0x80021e04 x16=0x00000000
      688189000	     34307	80007c14	aaa40c13	addi	x24,x8,-1366	  x8:0xfbffee8d x24=0xfbffe937
      688449000	     34320	80007c18	40f7dc33	sra	x24,x15,x15	 x15:0x00000000 x15:0x00000000 x24=0x00000000
      688509000	     34323	80007c1c	039f2cb3	mulhsu	x25,x30,x25	 x30:0x00000000 x25:0xffffffff x25=0x00000000
      688909000	     34343	80007c20	00c85e13	srli	x28,x16,0xc	 x16:0x00000000 x28=0x00000000
      688949000	     34345	80007c24	0343b533	mulhu	x10,x7,x20	  x7:0x636f8948 x20:0x636764ff x10=0x269c4b31
      689369000	     34366	80007c28	036e29b3	mulhsu	x19,x28,x22	 x28:0x00000000 x22:0x0000023a x19=0x00000000
      689769000	     34386	80007c2c	02330163	beq	x6,x3,80007c4e	  x6:0xffffffff  x3:0x00000001
      689789000	     34387	80007c30	0ff0000f	fence	iorw,iorw	
      689809000	     34388	80007c34	02659763	bne	x11,x6,80007c62	 x11:0x00000000  x6:0xffffffff
      689989000	     34397	80007c62	00e70833	add	x16,x14,x14	 x14:0x80025ce4 x14:0x80025ce4 x16=0x0004b9c8
      690129000	     34404	80007c66	01c551b3	srl	x3,x10,x28	 x10:0x269c4b31 x28:0x00000000  x3=0x269c4b31
      690149000	     34405	80007c6a	0ff0000f	fence	iorw,iorw	
      690169000	     34406	80007c6e	89c5	c.andi	x11,17	 x11:0x00000000 x11=0x00000000
      690569000	     34426	80007c70	4126d233	sra	x4,x13,x18	 x13:0xf5e39895 x18:0x9e30ab66  x4=0xffd78e62
      690589000	     34427	80007c74	40c27893	andi	x17,x4,1036	  x4:0xffd78e62 x17=0x00000400
      690609000	     34428	80007c78	00a24d63	blt	x4,x10,80007c92	  x4:0xffd78e62 x10:0x269c4b31
      690749000	     34435	80007c92	b2097e13	andi	x28,x18,-1248	 x18:0x9e30ab66 x28=0x9e30ab20
      690769000	     34436	80007c96	07c9f937	lui	x18,0x7c9f	 x18=0x07c9f000
      690949000	     34445	80007c9a	01f682b3	add	x5,x13,x31	 x13:0xf5e39895 x31:0x00000000  x5=0xf5e39895
      690969000	     34446	80007c9e	0001	c.addi	x0,0	  x0:0x00000000  x0=0x00000000
      691709000	     34483	80007ca0	02c2f833	remu	x16,x5,x12	  x5:0xf5e39895 x12:0x80021e04 x16=0x75e17a91
      691729000	     34484	80007ca4	987d	c.andi	x8,-1	  x8:0xfbffee8d  x8=0xfbffee8d
      691749000	     34485	80007ca6	829d	c.srli	x13,0x7	 x13:0xf5e39895 x13=0x01ebc731
      691769000	     34486	80007ca8	59896b93	ori	x23,x18,1432	 x18:0x07c9f000 x23=0x07c9f598
      691789000	     34487	80007cac	c019	c.beqz	x8,80007cb2	  x8:0xfbffee8d
      691829000	     34489	80007cae	02b0de33	divu	x28,x1,x11	  x1:0x00000622 x11:0x00000000 x28=0xffffffff
      691849000	     34490	80007cb2	01bf9e13	slli	x28,x31,0x1b	 x31:0x00000000 x28=0x00000000
      692589000	     34527	80007cb6	02e45bb3	divu	x23,x8,x14	  x8:0xfbffee8d x14:0x80025ce4 x23=0x00000001
      692609000	     34528	80007cba	3bdebf93	sltiu	x31,x29,957	 x29:0xffffffff x31=0x00000000
      692629000	     34529	80007cbe	3c52bd13	sltiu	x26,x5,965	  x5:0xf5e39895 x26=0x00000000
      692649000	     34530	80007cc2	8222	c.mv	x4,x8	  x0:0x00000000  x8:0xfbffee8d  x4=0xfbffee8d
      693389000	     34567	80007cc4	03dfdcb3	divu	x25,x31,x29	 x31:0x00000000 x29:0xffffffff x25=0x00000000
      693409000	     34568	80007cc8	517cc917	auipc	x18,0x517cc	 x18=0xd17d3cc8
      693429000	     34569	80007ccc	0084c963	blt	x9,x8,80007cde	  x9:0x0000018d  x8:0xfbffee8d
      693449000	     34570	80007cd0	00879913	slli	x18,x15,0x8	 x15:0x00000000 x18=0x00000000
      693469000	     34571	80007cd4	01a55a93	srli	x21,x10,0x1a	 x10:0x269c4b31 x21=0x00000009
      693489000	     34572	80007cd8	01c12333	slt	x6,x2,x28	  x2:0xf5e39895 x28:0x00000000  x6=0x00000001
      693509000	     34573	80007cdc	9e7a	c.add	x28,x30	 x28:0x00000000 x30:0x00000000 x28=0x00000000
      693529000	     34574	80007cde	8d4d	c.or	x10,x11	 x10:0x269c4b31 x11:0x00000000 x10=0x269c4b31
      693549000	     34575	80007ce0	987d	c.andi	x8,-1	  x8:0xfbffee8d  x8=0xfbffee8d
      693569000	     34576	80007ce2	0a4e	c.slli	x20,0x13	 x20:0x636764ff x20=0x27f80000
      693589000	     34577	80007ce4	51fd	c.li	x3,-1	  x3=0xffffffff
      693609000	     34578	80007ce6	02098fb3	mul	x31,x19,x0	 x19:0x00000000  x0:0x00000000 x31=0x00000000
      693629000	     34579	80007cea	e189	c.bnez	x11,80007cec	 x11:0x00000000
      693709000	     34583	80007cec	0ff0000f	fence	iorw,iorw	
      693829000	     34589	80007cf0	006154b3	srl	x9,x2,x6	  x2:0xf5e39895  x6:0x00000001  x9=0x7af1cc4a
      693969000	     34596	80007cf4	0218b933	mulhu	x18,x17,x1	 x17:0x00000400  x1:0x00000622 x18=0x00000000
      693989000	     34597	80007cf8	03ba7263	bgeu	x20,x27,80007d1c	 x20:0x27f80000 x27:0x00000000
      694509000	     34623	80007d1c	01522033	slt	x0,x4,x21	  x4:0xfbffee8d x21:0x00000009  x0=0x00000000
      694729000	     34634	80007d20	02e78a33	mul	x20,x15,x14	 x15:0x00000000 x14:0x80025ce4 x20=0x00000000
      694909000	     34643	80007d24	8d95	c.sub	x11,x13	 x11:0x00000000 x13:0x01ebc731 x11=0xfe1438cf
      695329000	     34664	80007d26	0000100f	fence.i	
      696449000	     34720	80007d2a	0000100f	fence.i	
      697209000	     34758	80007d2e	017293b3	sll	x7,x5,x23	  x5:0xf5e39895 x23:0x00000001  x7=0xebc7312a
      697229000	     34759	80007d32	00d38693	addi	x13,x7,13	  x7:0xebc7312a x13=0xebc73137
      697269000	     34761	80007d36	011cd3b3	srl	x7,x25,x17	 x25:0x00000000 x17:0x00000400  x7=0x00000000
      697689000	     34782	80007d3a	40285d33	sra	x26,x16,x2	 x16:0x75e17a91  x2:0xf5e39895 x26=0x000003af
      697709000	     34783	80007d3e	c6c2c893	xori	x17,x5,-916	  x5:0xf5e39895 x17=0x0a1c64f9
      697849000	     34790	80007d42	01f76b63	bltu	x14,x31,80007d58	 x14:0x80025ce4 x31:0x00000000
      697889000	     34792	80007d46	037f1fb3	mulh	x31,x30,x23	 x30:0x00000000 x23:0x00000001 x31=0x00000000
      698289000	     34812	80007d4a	0153d433	srl	x8,x7,x21	  x7:0x00000000 x21:0x00000009  x8=0x00000000
      698389000	     34817	80007d4e	75aa4593	xori	x11,x20,1882	 x20:0x00000000 x11=0x0000075a
      698409000	     34818	80007d52	0001	c.addi	x0,0	  x0:0x00000000  x0=0x00000000
      698429000	     34819	80007d54	00605cb3	srl	x25,x0,x6	  x0:0x00000000  x6:0x00000001 x25=0x00000000
      698829000	     34839	80007d58	8cd9	c.or	x9,x14	  x9:0x7af1cc4a x14:0x80025ce4  x9=0xfaf3dcee
      698849000	     34840	80007d5a	0113bb33	sltu	x22,x7,x17	  x7:0x00000000 x17:0x0a1c64f9 x22=0x00000001
      698929000	     34844	80007d5e	027d4a63	blt	x26,x7,80007d92	 x26:0x000003af  x7:0x00000000
      698969000	     34846	80007d62	02fdd033	divu	x0,x27,x15	 x27:0x00000000 x15:0x00000000  x0=0x00000000
      698989000	     34847	80007d66	8ed5	c.or	x13,x13	 x13:0xebc73137 x13:0xebc73137 x13=0xebc73137
      699009000	     34848	80007d68	8e91	c.sub	x13,x12	 x13:0xebc73137 x12:0x80021e04 x13=0x6bc51333
      699129000	     34854	80007d6a	00a78eb3	add	x29,x15,x10	 x15:0x00000000 x10:0x269c4b31 x29=0x269c4b31
      699869000	     34891	80007d6e	03117e33	remu	x28,x2,x17	  x2:0xf5e39895 x17:0x0a1c64f9 x28=0x033a213d
      699889000	     34892	80007d72	8c11	c.sub	x8,x12	  x8:0x00000000 x12:0x80021e04  x8=0x7ffde1fc
      699909000	     34893	80007d74	01c511b3	sll	x3,x10,x28	 x10:0x269c4b31 x28:0x033a213d  x3=0x20000000
      699929000	     34894	80007d78	002763b3	or	x7,x14,x2	 x14:0x80025ce4  x2:0xf5e39895  x7=0xf5e3dcf5
      699949000	     34895	80007d7c	00c22417	auipc	x8,0xc22	  x8=0x80c29d7c
      699969000	     34896	80007d80	21a8e817	auipc	x16,0x21a8e	 x16=0xa1a95d80
      699989000	     34897	80007d84	3dd46213	ori	x4,x8,989	  x8:0x80c29d7c  x4=0x80c29ffd
      700209000	     34908	80007d88	03200c63	beq	x0,x18,80007dc0	  x0:0x00000000 x18:0x00000000
      700349000	     34915	80007dc0	8d41	c.or	x10,x8	 x10:0x269c4b31  x8:0x80c29d7c x10=0xa6dedf7d
      700369000	     34916	80007dc2	017c9293	slli	x5,x25,0x17	 x25:0x00000000  x5=0x00000000
      700489000	     34922	80007dc6	0088c333	xor	x6,x17,x8	 x17:0x0a1c64f9  x8:0x80c29d7c  x6=0x8adef985
      700649000	     34930	80007dca	402fda93	srai	x21,x31,0x2	 x31:0x00000000 x21=0x00000000
      700669000	     34931	80007dce	0001	c.addi	x0,0	  x0:0x00000000  x0=0x00000000
      700969000	     34946	80007dd0	03bc7363	bgeu	x24,x27,80007df6	 x24:0x00000000 x27:0x00000000
      701449000	     34970	80007df6	ed8d	c.bnez	x11,80007e30	 x11:0x0000075a
      702489000	     35022	80007e30	0143bf33	sltu	x30,x7,x20	  x7:0xf5e3dcf5 x20:0x00000000 x30=0x00000000
      702529000	     35024	80007e34	01816f63	bltu	x2,x24,80007e52	  x2:0xf5e39895 x24:0x00000000
      702649000	     35030	80007e38	67b1	c.lui	x15,0xc	 x15=0x0000c000
      702809000	     35038	80007e3a	00abd263	bge	x23,x10,80007e3e	 x23:0x00000001 x10:0xa6dedf7d
      703969000	     35096	80007e3e	0097d933	srl	x18,x15,x9	 x15:0x0000c000  x9:0xfaf3dcee x18=0x00000003
      704029000	     35099	80007e42	2a6a0693	addi	x13,x20,678	 x20:0x00000000 x13=0x000002a6
      704049000	     35100	80007e46	01c9a033	slt	x0,x19,x28	 x19:0x00000000 x28:0x033a213d  x0=0x00000000
      704069000	     35101	80007e4a	00691d63	bne	x18,x6,80007e64	 x18:0x00000003  x6:0x8adef985
      705569000	     35176	80007e64	0214ebb3	rem	x23,x9,x1	  x9:0xfaf3dcee  x1:0x00000622 x23=0xfffffe70
      705589000	     35177	80007e68	01ffecb3	or	x25,x31,x31	 x31:0x00000000 x31:0x00000000 x25=0x00000000
      705989000	     35197	80007e6c	01046033	or	x0,x8,x16	  x8:0x80c29d7c x16:0xa1a95d80  x0=0x00000000
      706029000	     35199	80007e70	03d03533	mulhu	x10,x0,x29	  x0:0x00000000 x29:0x269c4b31 x10=0x00000000
      706049000	     35200	80007e74	0000100f	fence.i	
      706629000	     35229	80007e78	018154b3	srl	x9,x2,x24	  x2:0xf5e39895 x24:0x00000000  x9=0xf5e39895
      707369000	     35266	80007e7c	032547b3	div	x15,x10,x18	 x10:0x00000000 x18:0x00000003 x15=0x00000000
      707389000	     35267	80007e80	00e7ce63	blt	x15,x14,80007e9c	 x15:0x00000000 x14:0x80025ce4
      707489000	     35272	80007e84	127d	c.addi	x4,-1	  x4:0x80c29ffd  x4=0x80c29ffc
      707509000	     35273	80007e86	016ee333	or	x6,x29,x22	 x29:0x269c4b31 x22:0x00000001  x6=0x269c4b31
      707529000	     35274	80007e8a	836e	c.mv	x6,x27	  x0:0x00000000 x27:0x00000000  x6=0x00000000
      707869000	     35291	80007e8c	038c1a33	mulh	x20,x24,x24	 x24:0x00000000 x24:0x00000000 x20=0x00000000
      708069000	     35301	80007e90	02693cb3	mulhu	x25,x18,x6	 x18:0x00000003  x6:0x00000000 x25=0x00000000
      708469000	     35321	80007e94	014cf6b3	and	x13,x25,x20	 x25:0x00000000 x20:0x00000000 x13=0x00000000
      708889000	     35342	80007e98	000407b3	add	x15,x8,x0	  x8:0x80c29d7c  x0:0x00000000 x15=0x80c29d7c
      709689000	     35382	80007e9c	031279b3	remu	x19,x4,x17	  x4:0x80c29ffc x17:0x0a1c64f9 x19=0x076de450
      709709000	     35383	80007ea0	06b2	c.slli	x13,0xc	 x13:0x00000000 x13=0x00000000
      709729000	     35384	80007ea2	00c2cf63	blt	x5,x12,80007ec0	  x5:0x00000000 x12:0x80021e04
      709749000	     35385	80007ea6	10226a93	ori	x21,x4,258	  x4:0x80c29ffc x21=0x80c29ffe
      709829000	     35389	80007eaa	f3e20213	addi	x4,x4,-194	  x4:0x80c29ffc  x4=0x80c29f3a
      709949000	     35395	80007eae	05c51363	bne	x10,x28,80007ef4	 x10:0x00000000 x28:0x033a213d
      721229000	     35959	80007ef4	0115cf63	blt	x11,x17,80007f12	 x11:0x0000075a x17:0x0a1c64f9
      721709000	     35983	80007f12	03befcb3	remu	x25,x29,x27	 x29:0x269c4b31 x27:0x00000000 x25=0x269c4b31
      721729000	     35984	80007f16	84b9	c.srai	x9,0xe	  x9:0xf5e39895  x9=0xffffd78e
      721749000	     35985	80007f18	0278c163	blt	x17,x7,80007f3a	 x17:0x0a1c64f9  x7:0xf5e3dcf5
      722489000	     36022	80007f1c	035ad033	divu	x0,x21,x21	 x21:0x80c29ffe x21:0x80c29ffe  x0=0x00000000
      722509000	     36023	80007f20	8025	c.srli	x8,0x9	  x8:0x80c29d7c  x8=0x0040614e
      722529000	     36024	80007f22	12fd	c.addi	x5,-1	  x5:0x00000000  x5=0xffffffff
      723269000	     36061	80007f24	0275e2b3	rem	x5,x11,x7	 x11:0x0000075a  x7:0xf5e3dcf5  x5=0x0000075a
      723289000	     36062	80007f28	41e6dd13	srai	x26,x13,0x1e	 x13:0x00000000 x26=0x00000000
      724029000	     36099	80007f2c	0295d9b3	divu	x19,x11,x9	 x11:0x0000075a  x9:0xffffd78e x19=0x00000000
      724049000	     36100	80007f30	00c01a93	slli	x21,x0,0xc	  x0:0x00000000 x21=0x00000000
      724069000	     36101	80007f34	4ab5	c.li	x21,13	 x21=0x0000000d
      724089000	     36102	80007f36	01af2cb3	slt	x25,x30,x26	 x30:0x00000000 x26:0x00000000 x25=0x00000000
      724109000	     36103	80007f3a	00de7963	bgeu	x28,x13,80007f4c	 x28:0x033a213d x13:0x00000000
      724689000	     36132	80007f4c	0b0a	c.slli	x22,0x2	 x22:0x00000001 x22=0x00000004
      724829000	     36139	80007f4e	84234b13	xori	x22,x6,-1982	  x6:0x00000000 x22=0xfffff842
      724849000	     36140	80007f52	8e95	c.sub	x13,x13	 x13:0x00000000 x13:0x00000000 x13=0x00000000
      724949000	     36145	80007f54	01071d93	slli	x27,x14,0x10	 x14:0x80025ce4 x27=0x5ce40000
      725109000	     36153	80007f58	8f66	c.mv	x30,x25	  x0:0x00000000 x25:0x00000000 x30=0x00000000
      725129000	     36154	80007f5a	00729d33	sll	x26,x5,x7	  x5:0x0000075a  x7:0xf5e3dcf5 x26=0xeb400000
      725549000	     36175	80007f5e	00266263	bltu	x12,x2,80007f62	 x12:0x80021e04  x2:0xf5e39895
      725789000	     36187	80007f62	8c6d	c.and	x8,x11	  x8:0x0040614e x11:0x0000075a  x8=0x0000014a
      725809000	     36188	80007f64	8cc9	c.or	x9,x10	  x9:0xffffd78e x10:0x00000000  x9=0xffffd78e
      725869000	     36191	80007f66	01499463	bne	x19,x20,80007f6e	 x19:0x00000000 x20:0x00000000
      726189000	     36207	80007f6a	01280c63	beq	x16,x18,80007f82	 x16:0xa1a95d80 x18:0x00000003
      726329000	     36214	80007f6e	3ca3a793	slti	x15,x7,970	  x7:0xf5e3dcf5 x15=0x00000001
      726769000	     36236	80007f72	039a6033	rem	x0,x20,x25	 x20:0x00000000 x25:0x00000000  x0=0x00000000
      726789000	     36237	80007f76	74c7f513	andi	x10,x15,1868	 x15:0x00000001 x10=0x00000000
      726909000	     36243	80007f7a	03da1863	bne	x20,x29,80007faa	 x20:0x00000000 x29:0x269c4b31
      727949000	     36295	80007faa	0309d863	bge	x19,x16,80007fda	 x19:0x00000000 x16:0xa1a95d80
      728689000	     36332	80007fda	18fd	c.addi	x17,-1	 x17:0x0a1c64f9 x17=0x0a1c64f8
      729109000	     36353	80007fdc	01167e63	bgeu	x12,x17,80007ff8	 x12:0x80021e04 x17:0x0a1c64f8
      730069000	     36401	80007ff8	00c96433	or	x8,x18,x12	 x18:0x00000003 x12:0x80021e04  x8=0x80021e07
      730409000	     36418	80007ffc	af0864b7	lui	x9,0xaf086	  x9=0xaf086000
      730429000	     36419	80008000	5a746593	ori	x11,x8,1447	  x8:0x80021e07 x11=0x80021fa7
      730589000	     36427	80008004	014b6933	or	x18,x22,x20	 x22:0xfffff842 x20:0x00000000 x18=0xfffff842
      730609000	     36428	80008008	409c5213	srai	x4,x24,0x9	 x24:0x00000000  x4=0x00000000
      730629000	     36429	8000800c	012d06b3	add	x13,x26,x18	 x26:0xeb400000 x18:0xfffff842 x13=0xeb3ff842
      731609000	     36478	80008010	0236e833	rem	x16,x13,x3	 x13:0xeb3ff842  x3:0x20000000 x16=0xeb3ff842
      731629000	     36479	80008014	02530a33	mul	x20,x6,x5	  x6:0x00000000  x5:0x0000075a x20=0x00000000
      731649000	     36480	80008018	00812ab3	slt	x21,x2,x8	  x2:0xf5e39895  x8:0x80021e07 x21=0x00000000
      731669000	     36481	8000801c	009a0d63	beq	x20,x9,80008036	 x20:0x00000000  x9:0xaf086000
      731689000	     36482	80008020	0ff0000f	fence	iorw,iorw	
      731709000	     36483	80008024	79f5e293	ori	x5,x11,1951	 x11:0x80021fa7  x5=0x80021fbf
      731749000	     36485	80008028	e905	c.bnez	x10,80008058	 x10:0x00000000
      731769000	     36486	8000802a	01944333	xor	x6,x8,x25	  x8:0x80021e07 x25:0x00000000  x6=0x80021e07
      731789000	     36487	8000802e	839d1c17	auipc	x24,0x839d1	 x24=0x039d902e
      731809000	     36488	80008032	0016fb63	bgeu	x13,x1,80008048	 x13:0xeb3ff842  x1:0x00000622
      732589000	     36527	80008048	8d55	c.or	x10,x13	 x10:0x00000000 x13:0xeb3ff842 x10=0xeb3ff842
      732609000	     36528	8000804a	1cfd	c.addi	x25,-1	 x25:0x00000000 x25=0xffffffff
      732689000	     36532	8000804c	02461163	bne	x12,x4,8000806e	 x12:0x80021e04  x4:0x00000000
      733049000	     36550	8000806e	0cf6	c.slli	x25,0x1d	 x25:0xffffffff x25=0xe0000000
      734109000	     36603	80008070	03114433	div	x8,x2,x17	  x2:0xf5e39895 x17:0x0a1c64f8  x8=0xffffffff
      734129000	     36604	80008074	012bd933	srl	x18,x23,x18	 x23:0xfffffe70 x18:0xfffff842 x18=0x3fffff9c
      734149000	     36605	80008078	8dd5	c.or	x11,x13	 x11:0x80021fa7 x13:0xeb3ff842 x11=0xeb3fffe7
      734269000	     36611	8000807a	0035de33	srl	x28,x11,x3	 x11:0xeb3fffe7  x3:0x20000000 x28=0xeb3fffe7
      734289000	     36612	8000807e	00a85d63	bge	x16,x10,80008098	 x16:0xeb3ff842 x10:0xeb3ff842
      735809000	     36688	80008098	02466833	rem	x16,x12,x4	 x12:0x80021e04  x4:0x00000000 x16=0x80021e04
      735829000	     36689	8000809c	6885	c.lui	x17,0x1	 x17=0x00001000
      735909000	     36693	8000809e	0ff0000f	fence	iorw,iorw	
      735929000	     36694	800080a2	8845	c.andi	x8,17	  x8:0xffffffff  x8=0x00000011
      736049000	     36700	800080a4	005edf33	srl	x30,x29,x5	 x29:0x269c4b31  x5:0x80021fbf x30=0x00000000
      736089000	     36702	800080a8	007c53b3	srl	x7,x24,x7	 x24:0x039d902e  x7:0xf5e3dcf5  x7=0x0000001c
      736109000	     36703	800080ac	01dcebb3	or	x23,x25,x29	 x25:0xe0000000 x29:0x269c4b31 x23=0xe69c4b31
      736229000	     36709	800080b0	01896db3	or	x27,x18,x24	 x18:0x3fffff9c x24:0x039d902e x27=0x3fffffbe
      736249000	     36710	800080b4	01d65eb3	srl	x29,x12,x29	 x12:0x80021e04 x29:0x269c4b31 x29=0x00004001
      736289000	     36712	800080b8	82b1	c.srli	x13,0xc	 x13:0xeb3ff842 x13=0x000eb3ff
      737309000	     36763	800080ba	037760b3	rem	x1,x14,x23	 x14:0x80025ce4 x23:0xe69c4b31  x1=0xfef4e4ef
      737329000	     36764	800080be	02504413	xori	x8,x0,37	  x0:0x00000000  x8=0x00000025
      737349000	     36765	800080c2	03f4f263	bgeu	x9,x31,800080e6	  x9:0xaf086000 x31:0x00000000
      737469000	     36771	800080e6	0449	c.addi	x8,18	  x8:0x00000025  x8=0x00000037
      737509000	     36773	800080e8	841d	c.srai	x8,0x7	  x8:0x00000037  x8=0x00000000
      737529000	     36774	800080ea	00e8f263	bgeu	x17,x14,800080ee	 x17:0x00001000 x14:0x80025ce4
      737749000	     36785	800080ee	41850433	sub	x8,x10,x24	 x10:0xeb3ff842 x24:0x039d902e  x8=0xe7a26814
      737969000	     36796	800080f2	64006593	ori	x11,x0,1600	  x0:0x00000000 x11=0x00000640
      738089000	     36802	800080f6	05b9f163	bgeu	x19,x27,80008138	 x19:0x00000000 x27:0x3fffffbe
      738109000	     36803	800080fa	0260c663	blt	x1,x6,80008126	  x1:0xfef4e4ef  x6:0x80021e07
      738129000	     36804	800080fe	8edd	c.or	x13,x15	 x13:0x000eb3ff x15:0x00000001 x13=0x000eb3ff
      738189000	     36807	80008100	02fc9433	mulh	x8,x25,x15	 x25:0xe0000000 x15:0x00000001  x8=0xffffffff
      738349000	     36815	80008104	00fe3333	sltu	x6,x28,x15	 x28:0xeb3fffe7 x15:0x00000001  x6=0x00000000
      738449000	     36820	80008108	009c3eb3	sltu	x29,x24,x9	 x24:0x039d902e  x9:0xaf086000 x29=0x00000001
      738489000	     36822	8000810c	8151	c.srli	x10,0x14	 x10:0xeb3ff842 x10=0x00000eb3
      738509000	     36823	8000810e	8695	c.srai	x13,0x5	 x13:0x000eb3ff x13=0x0000759f
      738529000	     36824	80008110	000e6263	bltu	x28,x0,80008114	 x28:0xeb3fffe7  x0:0x00000000
      738689000	     36832	80008114	8c41	c.or	x8,x8	  x8:0xffffffff  x8:0xffffffff  x8=0xffffffff
      738709000	     36833	80008116	5c7d	c.li	x24,-1	 x24=0xffffffff
      738829000	     36839	80008118	02290e33	mul	x28,x18,x2	 x18:0x3fffff9c  x2:0xf5e39895 x28=0x331865cc
      739249000	     36860	8000811c	8ec5	c.or	x13,x9	 x13:0x0000759f  x9:0xaf086000 x13=0xaf08759f
      739509000	     36873	8000811e	02d00763	beq	x0,x13,8000814c	  x0:0x00000000 x13:0xaf08759f
      739549000	     36875	80008122	db683293	sltiu	x5,x16,-586	 x16:0x80021e04  x5=0x00000001
      739729000	     36884	80008126	02179bb3	mulh	x23,x15,x1	 x15:0x00000001  x1:0xfef4e4ef x23=0xffffffff
      739749000	     36885	8000812a	0001	c.addi	x0,0	  x0:0x00000000  x0=0x00000000
      740129000	     36904	8000812c	03814063	blt	x2,x24,8000814c	  x2:0xf5e39895 x24:0xffffffff
      741049000	     36950	8000814c	85b6	c.mv	x11,x13	  x0:0x00000000 x13:0xaf08759f x11=0xaf08759f
      741109000	     36953	8000814e	464c8213	addi	x4,x25,1124	 x25:0xe0000000  x4=0xe0000464
      741869000	     36991	80008152	02d9d8b3	divu	x17,x19,x13	 x19:0x00000000 x13:0xaf08759f x17=0x00000000
      741889000	     36992	80008156	01caf9b3	and	x19,x21,x28	 x21:0x00000000 x28:0x331865cc x19=0x00000000
      741909000	     36993	8000815a	c42bb213	sltiu	x4,x23,-958	 x23:0xffffffff  x4=0x00000000
      741929000	     36994	8000815e	0000100f	fence.i	
      742109000	     37003	80008162	05af4363	blt	x30,x26,800081a8	 x30:0x00000000 x26:0xeb400000
      742529000	     37024	80008166	00ee88b3	add	x17,x29,x14	 x29:0x00000001 x14:0x80025ce4 x17=0x80025ce5
      742549000	     37025	8000816a	0188dd33	srl	x26,x17,x24	 x17:0x80025ce5 x24:0xffffffff x26=0x00000001
      743289000	     37062	8000816e	03d1d8b3	divu	x17,x3,x29	  x3:0x20000000 x29:0x00000001 x17=0x20000000
      743309000	     37063	80008172	00bd9833	sll	x16,x27,x11	 x27:0x3fffffbe x11:0xaf08759f x16=0x00000000
      743329000	     37064	80008176	0001	c.addi	x0,0	  x0:0x00000000  x0=0x00000000
      743349000	     37065	80008178	018b60b3	or	x1,x22,x24	 x22:0xfffff842 x24:0xffffffff  x1=0xffffffff
      743489000	     37072	8000817c	0ff0000f	fence	iorw,iorw	
      743509000	     37073	80008180	01089c33	sll	x24,x17,x16	 x17:0x20000000 x16:0x00000000 x24=0x20000000
      743529000	     37074	80008184	55cdd8b7	lui	x17,0x55cdd	 x17=0x55cdd000
      743549000	     37075	80008188	003050b3	srl	x1,x0,x3	  x0:0x00000000  x3:0x20000000  x1=0x00000000
      743569000	     37076	8000818c	8e81	c.sub	x13,x8	 x13:0xaf08759f  x8:0xffffffff x13=0xaf0875a0
      743589000	     37077	8000818e	d5858c93	addi	x25,x11,-680	 x11:0xaf08759f x25=0xaf0872f7
      743669000	     37081	80008192	00705313	srli	x6,x0,0x7	  x0:0x00000000  x6=0x00000000
      743689000	     37082	80008196	01151533	sll	x10,x10,x17	 x10:0x00000eb3 x17:0x55cdd000 x10=0x00000eb3
      757989000	     37797	8000819a	00d16b63	bltu	x2,x13,800081b0	  x2:0xf5e39895 x13:0xaf0875a0
      758009000	     37798	8000819e	845a	c.mv	x8,x22	  x0:0x00000000 x22:0xfffff842  x8=0xfffff842
      758029000	     37799	800081a0	9bfd	c.andi	x15,-1	 x15:0x00000001 x15=0x00000001
      758049000	     37800	800081a2	8fed	c.and	x15,x11	 x15:0x00000001 x11:0xaf08759f x15=0x00000001
      758069000	     37801	800081a4	0ff0000f	fence	iorw,iorw	
      758089000	     37802	800081a8	01dbe433	or	x8,x23,x29	 x23:0xffffffff x29:0x00000001  x8=0xffffffff
      758109000	     37803	800081ac	51cf69b7	lui	x19,0x51cf6	 x19=0x51cf6000
      758509000	     37823	800081b0	003c5513	srli	x10,x24,0x3	 x24:0x20000000 x10=0x04000000
      758729000	     37834	800081b4	3cb0fa13	andi	x20,x1,971	  x1:0x00000000 x20=0x00000000
      758749000	     37835	800081b8	013c1533	sll	x10,x24,x19	 x24:0x20000000 x19:0x51cf6000 x10=0x20000000
      758789000	     37837	800081bc	7c754697	auipc	x13,0x7c754	 x13=0xfc75c1bc
      758929000	     37844	800081c0	00c235b3	sltu	x11,x4,x12	  x4:0x00000000 x12:0x80021e04 x11=0x00000001
      758949000	     37845	800081c4	859d	c.srai	x11,0x7	 x11:0x00000001 x11=0x00000000
      758969000	     37846	800081c6	02f10eb3	mul	x29,x2,x15	  x2:0xf5e39895 x15:0x00000001 x29=0xf5e39895
      759249000	     37860	800081ca	03d8bbb3	mulhu	x23,x17,x29	 x17:0x55cdd000 x29:0xf5e39895 x23=0x526a40b3
      760129000	     37904	800081ce	0380f833	remu	x16,x1,x24	  x1:0x00000000 x24:0x20000000 x16=0x00000000
      760149000	     37905	800081d2	012b2193	slti	x3,x22,18	 x22:0xfffff842  x3=0x00000001
      760169000	     37906	800081d6	01d04463	blt	x0,x29,800081de	  x0:0x00000000 x29:0xf5e39895
      760189000	     37907	800081da	41c88833	sub	x16,x17,x28	 x17:0x55cdd000 x28:0x331865cc x16=0x22b56a34
      760229000	     37909	800081de	03733c33	mulhu	x24,x6,x23	  x6:0x00000000 x23:0x526a40b3 x24=0x00000000
      760249000	     37910	800081e2	0108ea63	bltu	x17,x16,800081f6	 x17:0x55cdd000 x16:0x22b56a34
      760269000	     37911	800081e6	8de9	c.and	x11,x10	 x11:0x00000000 x10:0x20000000 x11=0x00000000
      760289000	     37912	800081e8	17950193	addi	x3,x10,377	 x10:0x20000000  x3=0x20000179
      760309000	     37913	800081ec	8da9	c.xor	x11,x10	 x11:0x00000000 x10:0x20000000 x11=0x20000000
      760329000	     37914	800081ee	41518f33	sub	x30,x3,x21	  x3:0x20000179 x21:0x00000000 x30=0x20000179
      761209000	     37958	800081f2	033c65b3	rem	x11,x24,x19	 x24:0x00000000 x19:0x51cf6000 x11=0x00000000
      761949000	     37995	800081f6	0396c433	div	x8,x13,x25	 x13:0xfc75c1bc x25:0xaf0872f7  x8=0x00000000
      761969000	     37996	800081fa	8925	c.andi	x10,9	 x10:0x20000000 x10=0x00000000
      762709000	     38033	800081fc	02c25533	divu	x10,x4,x12	  x4:0x00000000 x12:0x80021e04 x10=0x00000000
      762749000	     38035	80008200	02a97d33	remu	x26,x18,x10	 x18:0x3fffff9c x10:0x00000000 x26=0x3fffff9c
      762769000	     38036	80008204	013b5c93	srli	x25,x22,0x13	 x22:0xfffff842 x25=0x00001fff
      762789000	     38037	80008208	03ea88b3	mul	x17,x21,x30	 x21:0x00000000 x30:0x20000179 x17=0x00000000
      762809000	     38038	8000820c	0c4e9337	lui	x6,0xc4e9	  x6=0x0c4e9000
      762829000	     38039	80008210	0001	c.addi	x0,0	  x0:0x00000000  x0=0x00000000
      762849000	     38040	80008212	00776b63	bltu	x14,x7,80008228	 x14:0x80025ce4  x7:0x0000001c
      762889000	     38042	80008216	7799ee13	ori	x28,x19,1913	 x19:0x51cf6000 x28=0x51cf6779
      762929000	     38044	8000821a	01770863	beq	x14,x23,8000822a	 x14:0x80025ce4 x23:0x526a40b3
      763089000	     38052	8000821e	00794b33	xor	x22,x18,x7	 x18:0x3fffff9c  x7:0x0000001c x22=0x3fffff80
      763209000	     38058	80008222	c51af893	andi	x17,x21,-943	 x21:0x00000000 x17=0x00000000
      763229000	     38059	80008226	9ab6	c.add	x21,x13	 x21:0x00000000 x13:0xfc75c1bc x21=0xfc75c1bc
      763249000	     38060	80008228	8885	c.andi	x9,1	  x9:0xaf086000  x9=0x00000000
      763589000	     38077	8000822a	54ad7d93	andi	x27,x26,1354	 x26:0x3fffff9c x27=0x00000508
      763609000	     38078	8000822e	418ede33	sra	x28,x29,x24	 x29:0xf5e39895 x24:0x00000000 x28=0xf5e39895
      763629000	     38079	80008232	0153f2b3	and	x5,x7,x21	  x7:0x0000001c x21:0xfc75c1bc  x5=0x0000001c
      764069000	     38101	80008236	03e12233	mulhsu	x4,x2,x30	  x2:0xf5e39895 x30:0x20000179  x4=0xfebc7303
      764189000	     38107	8000823a	0ff0000f	fence	iorw,iorw	
      764209000	     38108	8000823e	0194fbb3	and	x23,x9,x25	  x9:0x00000000 x25:0x00001fff x23=0x00000000
      765329000	     38164	80008242	039d4bb3	div	x23,x26,x25	 x26:0x3fffff9c x25:0x00001fff x23=0x0002000f
      765349000	     38165	80008246	8c19	c.sub	x8,x14	  x8:0x00000000 x14:0x80025ce4  x8=0x7ffda31c
      765369000	     38166	80008248	01c76b63	bltu	x14,x28,8000825e	 x14:0x80025ce4 x28:0xf5e39895
      767129000	     38254	8000825e	02d4db33	divu	x22,x9,x13	  x9:0x00000000 x13:0xfc75c1bc x22=0x00000000
      767149000	     38255	80008262	01747b33	and	x22,x8,x23	  x8:0x7ffda31c x23:0x0002000f x22=0x0000000c
      767189000	     38257	80008266	038fa9b3	mulhsu	x19,x31,x24	 x31:0x00000000 x24:0x00000000 x19=0x00000000
      767209000	     38258	8000826a	41e5	c.li	x3,25	  x3=0x00000019
      767949000	     38295	8000826c	02c3c6b3	div	x13,x7,x12	  x7:0x0000001c x12:0x80021e04 x13=0x00000000
      767989000	     38297	80008270	02b83c33	mulhu	x24,x16,x11	 x16:0x22b56a34 x11:0x00000000 x24=0x00000000
      768009000	     38298	80008274	02d85c63	bge	x16,x13,800082ac	 x16:0x22b56a34 x13:0x00000000
      768089000	     38302	800082ac	6955	c.lui	x18,0x15	 x18=0x00015000
      768129000	     38304	800082ae	02c181b3	mul	x3,x3,x12	  x3:0x00000019 x12:0x80021e04  x3=0x8034ee64
      768349000	     38315	800082b2	004a6d63	bltu	x20,x4,800082cc	 x20:0x00000000  x4:0xfebc7303
      768909000	     38343	800082cc	e495	c.bnez	x9,800082f8	  x9:0x00000000
      769349000	     38365	800082ce	003b7b63	bgeu	x22,x3,800082e4	 x22:0x0000000c  x3:0x8034ee64
      769369000	     38366	800082d2	00274e33	xor	x28,x14,x2	 x14:0x80025ce4  x2:0xf5e39895 x28=0x75e1c471
      769389000	     38367	800082d6	0001	c.addi	x0,0	  x0:0x00000000  x0=0x00000000
      769409000	     38368	800082d8	00199693	slli	x13,x19,0x1	 x19:0x00000000 x13=0x00000000
      769809000	     38388	800082dc	53d53693	sltiu	x13,x10,1341	 x10:0x00000000 x13=0x00000001
      769829000	     38389	800082e0	8395	c.srli	x15,0x5	 x15:0x00000001 x15=0x00000000
      769849000	     38390	800082e2	8442	c.mv	x8,x16	  x0:0x00000000 x16:0x22b56a34  x8=0x22b56a34
      770249000	     38410	800082e4	69e9	c.lui	x19,0x1a	 x19=0x0001a000
      770269000	     38411	800082e6	6dad	c.lui	x27,0xb	 x27=0x0000b000
      770509000	     38423	800082e8	c59e2c37	lui	x24,0xc59e2	 x24=0xc59e2000
      770689000	     38432	800082ec	8c39	c.xor	x8,x14	  x8:0x22b56a34 x14:0x80025ce4  x8=0xa2b736d0
      770869000	     38441	800082ee	4e6d9ab7	lui	x21,0x4e6d9	 x21=0x4e6d9000
      770889000	     38442	800082f2	008498b3	sll	x17,x9,x8	  x9:0x00000000  x8:0xa2b736d0 x17=0x00000000
      770909000	     38443	800082f6	8d59	c.or	x10,x14	 x10:0x00000000 x14:0x80025ce4 x10=0x80025ce4
      770949000	     38445	800082f8	022f9bb3	mulh	x23,x31,x2	 x31:0x00000000  x2:0xf5e39895 x23=0x00000000
      771109000	     38453	800082fc	0001	c.addi	x0,0	  x0:0x00000000  x0=0x00000000
      771149000	     38455	800082fe	024013b3	mulh	x7,x0,x4	  x0:0x00000000  x4:0xfebc7303  x7=0x00000000
      771169000	     38456	80008302	1b7d	c.addi	x22,-1	 x22:0x0000000c x22=0x0000000b
      772049000	     38500	80008304	03a345b3	div	x11,x6,x26	  x6:0x0c4e9000 x26:0x3fffff9c x11=0x00000000
      772069000	     38501	80008308	002d5a63	bge	x26,x2,8000831c	 x26:0x3fffff9c  x2:0xf5e39895
      772109000	     38503	8000831c	014ef263	bgeu	x29,x20,80008320	 x29:0xf5e39895 x20:0x00000000
      772909000	     38543	80008320	8d8d	c.sub	x11,x11	 x11:0x00000000 x11:0x00000000 x11=0x00000000
      772929000	     38544	80008322	019cb933	sltu	x18,x25,x25	 x25:0x00001fff x25:0x00001fff x18=0x00000000
      773129000	     38554	80008326	00df6463	bltu	x30,x13,8000832e	 x30:0x20000179 x13:0x00000001
      773149000	     38555	8000832a	9b9e	c.add	x23,x7	 x23:0x00000000  x7:0x00000000 x23=0x00000000
      773169000	     38556	8000832c	c109	c.beqz	x10,8000832e	 x10:0x80025ce4
      773249000	     38560	8000832e	0102c833	xor	x16,x5,x16	  x5:0x0000001c x16:0x22b56a34 x16=0x22b56a28
      774069000	     38601	80008332	025a7f33	remu	x30,x20,x5	 x20:0x00000000  x5:0x0000001c x30=0x00000000
      774529000	     38624	80008336	00462083	lw	x1,4(x12)	 x12:0x80021e04  x1=0x800034f8 PA:0x80021e08 load:0x800034f8
      774549000	     38625	8000833a	6467b393	sltiu	x7,x15,1606	 x15:0x00000000  x7=0x00000001
      774569000	     38626	8000833e	413cdb93	srai	x23,x25,0x13	 x25:0x00001fff x23=0x00000000
      774589000	     38627	80008342	02060613	addi	x12,x12,32	 x12:0x80021e04 x12=0x80021e24
      774609000	     38628	80008346	0001	c.addi	x0,0	  x0:0x00000000  x0=0x00000000
      774629000	     38629	80008348	00108b93	addi	x23,x1,1	  x1:0x800034f8 x23=0x800034f9
      774649000	     38630	8000834c	000b8be7	jalr	x23,0(x23)	 x23:0x800034f9 x23=0x80008350
      774829000	     38639	800034f8	01671f13	slli	x30,x14,0x16	 x14:0x80025ce4 x30=0x39000000
      775189000	     38657	800034fc	845d	c.srai	x8,0x17	  x8:0xa2b736d0  x8=0xffffff45
      775209000	     38658	800034fe	0ff0000f	fence	iorw,iorw	
      775629000	     38679	80003502	403dd413	srai	x8,x27,0x3	 x27:0x0000b000  x8=0x00001600
      775649000	     38680	80003506	8911	c.andi	x10,4	 x10:0x80025ce4 x10=0x00000004
      776389000	     38717	80003508	02414033	div	x0,x2,x4	  x2:0xf5e39895  x4:0xfebc7303  x0=0x00000000
      776409000	     38718	8000350c	013d8463	beq	x27,x19,80003514	 x27:0x0000b000 x19:0x0001a000
      776429000	     38719	80003510	0233db63	bge	x7,x3,80003546	  x7:0x00000001  x3:0x8034ee64
      777149000	     38755	80003546	0086dfb3	srl	x31,x13,x8	 x13:0x00000001  x8:0x00001600 x31=0x00000001
      777169000	     38756	8000354a	8ddd	c.or	x11,x15	 x11:0x00000000 x15:0x00000000 x11=0x00000000
      777189000	     38757	8000354c	ea7d3213	sltiu	x4,x26,-345	 x26:0x3fffff9c  x4=0x00000001
      777509000	     38773	80003550	05b80263	beq	x16,x27,80003594	 x16:0x22b56a28 x27:0x0000b000
      777529000	     38774	80003554	015a6bb3	or	x23,x20,x21	 x20:0x00000000 x21:0x4e6d9000 x23=0x4e6d9000
      778269000	     38811	80003558	03f447b3	div	x15,x8,x31	  x8:0x00001600 x31:0x00000001 x15=0x00001600
      778289000	     38812	8000355c	005c8833	add	x16,x25,x5	 x25:0x00001fff  x5:0x0000001c x16=0x0000201b
      778309000	     38813	80003560	00c81f63	bne	x16,x12,8000357e	 x16:0x0000201b x12:0x80021e24
      778549000	     38825	8000357e	40900833	sub	x16,x0,x9	  x0:0x00000000  x9:0x00000000 x16=0x00000000
      778689000	     38832	80003582	41390a33	sub	x20,x18,x19	 x18:0x00000000 x19:0x0001a000 x20=0xfffe6000
      778709000	     38833	80003586	03f90963	beq	x18,x31,800035b8	 x18:0x00000000 x31:0x00000001
      778729000	     38834	8000358a	0001	c.addi	x0,0	  x0:0x00000000  x0=0x00000000
      778749000	     38835	8000358c	0ff0000f	fence	iorw,iorw	
      779029000	     38849	80003590	0001	c.addi	x0,0	  x0:0x00000000  x0=0x00000000
      779049000	     38850	80003592	8129	c.srli	x10,0xa	 x10:0x00000004 x10=0x00000000
      779089000	     38852	80003594	02c11033	mulh	x0,x2,x12	  x2:0xf5e39895 x12:0x80021e24  x0=0x00000000
      779469000	     38871	80003598	12fd	c.addi	x5,-1	  x5:0x0000001c  x5=0x0000001b
      779509000	     38873	8000359a	0207a433	mulhsu	x8,x15,x0	 x15:0x00001600  x0:0x00000000  x8=0x00000000
      779529000	     38874	8000359e	8c79	c.and	x8,x14	  x8:0x00000000 x14:0x80025ce4  x8=0x00000000
      779669000	     38881	800035a0	03725963	bge	x4,x23,800035d2	  x4:0x00000001 x23:0x4e6d9000
      788089000	     39302	800035a4	8cd9	c.or	x9,x14	  x9:0x00000000 x14:0x80025ce4  x9=0x80025ce4
      788109000	     39303	800035a6	0000100f	fence.i	
      788349000	     39315	800035aa	9c56	c.add	x24,x21	 x24:0xc59e2000 x21:0x4e6d9000 x24=0x140bb000
      788409000	     39318	800035ac	6a85	c.lui	x21,0x1	 x21=0x00001000
      788829000	     39339	800035ae	00e0dfb3	srl	x31,x1,x14	  x1:0x800034f8 x14:0x80025ce4 x31=0x0800034f
      788949000	     39345	800035b2	67b6ff13	andi	x30,x13,1659	 x13:0x00000001 x30=0x00000001
      788969000	     39346	800035b6	9aba	c.add	x21,x14	 x21:0x00001000 x14:0x80025ce4 x21=0x80026ce4
      789769000	     39386	800035b8	027ae6b3	rem	x13,x21,x7	 x21:0x80026ce4  x7:0x00000001 x13=0x00000000
      789789000	     39387	800035bc	8d31	c.xor	x10,x12	 x10:0x00000000 x12:0x80021e24 x10=0x80021e24
      789809000	     39388	800035be	9bfd	c.andi	x15,-1	 x15:0x00001600 x15=0x00001600
      789829000	     39389	800035c0	66563d13	sltiu	x26,x12,1637	 x12:0x80021e24 x26=0x00000000
      789849000	     39390	800035c4	00c99e33	sll	x28,x19,x12	 x19:0x0001a000 x12:0x80021e24 x28=0x001a0000
      789869000	     39391	800035c8	496c4a13	xori	x20,x24,1174	 x24:0x140bb000 x20=0x140bb496
      789889000	     39392	800035cc	03d2	c.slli	x7,0x14	  x7:0x00000001  x7=0x00100000
      790629000	     39429	800035ce	02107b33	remu	x22,x0,x1	  x0:0x00000000  x1:0x800034f8 x22=0x00000000
      790649000	     39430	800035d2	41735a13	srai	x20,x6,0x17	  x6:0x0c4e9000 x20=0x00000018
      790669000	     39431	800035d6	013e9c93	slli	x25,x29,0x13	 x29:0xf5e39895 x25=0xc4a80000
      790689000	     39432	800035da	0000100f	fence.i	
      791169000	     39456	800035de	c01d	c.beqz	x8,80003604	  x8:0x00000000
      792829000	     39539	80003604	0234fcb3	remu	x25,x9,x3	  x9:0x80025ce4  x3:0x8034ee64 x25=0x80025ce4
      792849000	     39540	80003608	80ee	c.mv	x1,x27	  x0:0x00000000 x27:0x0000b000  x1=0x0000b000
      792869000	     39541	8000360a	01518233	add	x4,x3,x21	  x3:0x8034ee64 x21:0x80026ce4  x4=0x00375b48
      792889000	     39542	8000360e	5af66b93	ori	x23,x12,1455	 x12:0x80021e24 x23=0x80021faf
      792929000	     39544	80003612	02d23ab3	mulhu	x21,x4,x13	  x4:0x00375b48 x13:0x00000000 x21=0x00000000
      792949000	     39545	80003616	280cf693	andi	x13,x25,640	 x25:0x80025ce4 x13=0x00000080
      792969000	     39546	8000361a	406858b3	sra	x17,x16,x6	 x16:0x00000000  x6:0x0c4e9000 x17=0x00000000
      793209000	     39558	8000361e	03b9af33	mulhsu	x30,x19,x27	 x19:0x0001a000 x27:0x0000b000 x30=0x00000001
      793669000	     39581	80003622	02b47833	remu	x16,x8,x11	  x8:0x00000000 x11:0x00000000 x16=0x00000000
      793829000	     39589	80003626	015562b3	or	x5,x10,x21	 x10:0x80021e24 x21:0x00000000  x5=0x80021e24
      794009000	     39598	8000362a	020de2b3	rem	x5,x27,x0	 x27:0x0000b000  x0:0x00000000  x5=0x0000b000
      794029000	     39599	8000362e	634d	c.lui	x6,0x13	  x6=0x00013000
      794049000	     39600	80003630	0ff0000f	fence	iorw,iorw	
      794069000	     39601	80003634	8ef1	c.and	x13,x12	 x13:0x00000080 x12:0x80021e24 x13=0x00000000
      794089000	     39602	80003636	85d653b7	lui	x7,0x85d65	  x7=0x85d65000
      794389000	     39617	8000363a	010e2d33	slt	x26,x28,x16	 x28:0x001a0000 x16:0x00000000 x26=0x00000000
      794409000	     39618	8000363e	c111	c.beqz	x10,80003642	 x10:0x80021e24
      794809000	     39638	80003640	8e81	c.sub	x13,x8	 x13:0x00000000  x8:0x00000000 x13=0x00000000
      794829000	     39639	80003642	03cfc663	blt	x31,x28,8000366e	 x31:0x0800034f x28:0x001a0000
      794849000	     39640	80003646	855d	c.srai	x10,0x17	 x10:0x80021e24 x10=0xffffff00
      795249000	     39660	80003648	4f857f93	andi	x31,x10,1272	 x10:0xffffff00 x31=0x00000400
      795269000	     39661	8000364c	8785	c.srai	x15,0x1	 x15:0x00001600 x15=0x00000b00
      795349000	     39665	8000364e	01c43533	sltu	x10,x8,x28	  x8:0x00000000 x28:0x001a0000 x10=0x00000001
      795409000	     39668	80003652	03eb4163	blt	x22,x30,80003674	 x22:0x00000000 x30:0x00000001
      796169000	     39706	80003674	03246163	bltu	x8,x18,80003696	  x8:0x00000000 x18:0x00000000
      796409000	     39718	80003678	00c542b3	xor	x5,x10,x12	 x10:0x00000001 x12:0x80021e24  x5=0x80021e25
      796429000	     39719	8000367c	f16471b7	lui	x3,0xf1647	  x3=0xf1647000
      796509000	     39723	80003680	0001	c.addi	x0,0	  x0:0x00000000  x0=0x00000000
      796529000	     39724	80003682	9322	c.add	x6,x8	  x6:0x00013000  x8:0x00000000  x6=0x00013000
      796549000	     39725	80003684	017e1a13	slli	x20,x28,0x17	 x28:0x001a0000 x20=0x00000000
      797289000	     39762	80003688	0292e0b3	rem	x1,x5,x9	  x5:0x80021e25  x9:0x80025ce4  x1=0xffffc141
      797309000	     39763	8000368c	8fb1	c.xor	x15,x12	 x15:0x00000b00 x12:0x80021e24 x15=0x80021524
      797329000	     39764	8000368e	afa4e417	auipc	x8,0xafa4e	  x8=0x2fa5168e
      797349000	     39765	80003692	81dd	c.srli	x11,0x17	 x11:0x00000000 x11=0x00000000
      797369000	     39766	80003694	11fd	c.addi	x3,-1	  x3:0xf1647000  x3=0xf1646fff
      797389000	     39767	80003696	03680e63	beq	x16,x22,800036d2	 x16:0x00000000 x22:0x00000000
      798109000	     39803	800036d2	0ff0000f	fence	iorw,iorw	
      798849000	     39840	800036d6	0254dbb3	divu	x23,x9,x5	  x9:0x80025ce4  x5:0x80021e25 x23=0x00000001
      798869000	     39841	800036da	83ed	c.srli	x15,0x1b	 x15:0x80021524 x15=0x00000010
      798889000	     39842	800036dc	407f83b3	sub	x7,x31,x7	 x31:0x00000400  x7:0x85d65000  x7=0x7a29b400
      798929000	     39844	800036e0	02a9a6b3	mulhsu	x13,x19,x10	 x19:0x0001a000 x10:0x00000001 x13=0x00000000
      798949000	     39845	800036e4	ed01	c.bnez	x10,800036fc	 x10:0x00000001
      799729000	     39884	800036fc	03916463	bltu	x2,x25,80003724	  x2:0xf5e39895 x25:0x80025ce4
      799969000	     39896	80003700	93433997	auipc	x19,0x93433	 x19=0x13436700
      800049000	     39900	80003704	00885f13	srli	x30,x16,0x8	 x16:0x00000000 x30=0x00000000
      800229000	     39909	80003708	80bd	c.srli	x9,0xf	  x9:0x80025ce4  x9=0x00010004
      800249000	     39910	8000370a	0521f163	bgeu	x3,x18,8000374c	  x3:0xf1646fff x18:0x00000000
      800629000	     39929	8000374c	02091b33	mulh	x22,x18,x0	 x18:0x00000000  x0:0x00000000 x22=0x00000000
      800729000	     39934	80003750	5a7d	c.li	x20,-1	 x20=0xffffffff
      800909000	     39943	80003752	015b7533	and	x10,x22,x21	 x22:0x00000000 x21:0x00000000 x10=0x00000000
      801069000	     39951	80003756	0355ad33	mulhsu	x26,x11,x21	 x11:0x00000000 x21:0x00000000 x26=0x00000000
      801089000	     39952	8000375a	038f8433	mul	x8,x31,x24	 x31:0x00000400 x24:0x140bb000  x8=0x2ec00000
      801129000	     39954	8000375e	03aa7fb3	remu	x31,x20,x26	 x20:0xffffffff x26:0x00000000 x31=0xffffffff
      801209000	     39958	80003762	004b7db3	and	x27,x22,x4	 x22:0x00000000  x4:0x00375b48 x27=0x00000000
      801229000	     39959	80003766	0091e5b3	or	x11,x3,x9	  x3:0xf1646fff  x9:0x00010004 x11=0xf1656fff
      801609000	     39978	8000376a	6580bb13	sltiu	x22,x1,1624	  x1:0xffffc141 x22=0x00000000
      801629000	     39979	8000376e	0177cf63	blt	x15,x23,8000378c	 x15:0x00000010 x23:0x00000001
      802049000	     40000	80003772	0131be33	sltu	x28,x3,x19	  x3:0xf1646fff x19:0x13436700 x28=0x00000000
      802069000	     40001	80003776	0689	c.addi	x13,2	 x13:0x00000000 x13=0x00000002
      802109000	     40003	80003778	00cc9393	slli	x7,x25,0xc	 x25:0x80025ce4  x7=0x25ce4000
      802129000	     40004	8000377c	0084e7b3	or	x15,x9,x8	  x9:0x00010004  x8:0x2ec00000 x15=0x2ec10004
      802149000	     40005	80003780	006e3b33	sltu	x22,x28,x6	 x28:0x00000000  x6:0x00013000 x22=0x00000001
      802209000	     40008	80003784	036c32b3	mulhu	x5,x24,x22	 x24:0x140bb000 x22:0x00000001  x5=0x00000000
      802609000	     40028	80003788	0001	c.addi	x0,0	  x0:0x00000000  x0=0x00000000
      802629000	     40029	8000378a	e915	c.bnez	x10,800037be	 x10:0x00000000
      803029000	     40049	8000378c	1cfd	c.addi	x25,-1	 x25:0x80025ce4 x25=0x80025ce3
      803049000	     40050	8000378e	15fd	c.addi	x11,-1	 x11:0xf1656fff x11=0xf1656ffe
      803389000	     40067	80003790	7fabce13	xori	x28,x23,2042	 x23:0x00000001 x28=0x000007fb
      803489000	     40072	80003794	d2e18193	addi	x3,x3,-722	  x3:0xf1646fff  x3=0xf1646d2d
      803569000	     40076	80003798	8a7a	c.mv	x20,x30	  x0:0x00000000 x30:0x00000000 x20=0x00000000
      803689000	     40082	8000379a	001a5e93	srli	x29,x20,0x1	 x20:0x00000000 x29=0x00000000
      803709000	     40083	8000379e	01f5fc33	and	x24,x11,x31	 x11:0xf1656ffe x31:0xffffffff x24=0xf1656ffe
      803849000	     40090	800037a2	0023f5b3	and	x11,x7,x2	  x7:0x25ce4000  x2:0xf5e39895 x11=0x25c20000
      803869000	     40091	800037a6	1bfd	c.addi	x23,-1	 x23:0x00000001 x23=0x00000000
      803889000	     40092	800037a8	9afd	c.andi	x13,-1	 x13:0x00000002 x13=0x00000002
      803909000	     40093	800037aa	8d2d	c.xor	x10,x11	 x10:0x00000000 x11:0x25c20000 x10=0x25c20000
      804189000	     40107	800037ac	0276aab3	mulhsu	x21,x13,x7	 x13:0x00000002  x7:0x25ce4000 x21=0x00000000
      804509000	     40123	800037b0	8f85	c.sub	x15,x9	 x15:0x2ec10004  x9:0x00010004 x15=0x2ec00000
      804529000	     40124	800037b2	933a	c.add	x6,x14	  x6:0x00013000 x14:0x80025ce4  x6=0x80038ce4
      804549000	     40125	800037b4	0008d393	srli	x7,x17,0x0	 x17:0x00000000  x7=0x00000000
      804569000	     40126	800037b8	00984933	xor	x18,x16,x9	 x16:0x00000000  x9:0x00010004 x18=0x00010004
      804589000	     40127	800037bc	8da9	c.xor	x11,x10	 x11:0x25c20000 x10:0x25c20000 x11=0x00000000
      804609000	     40128	800037be	0c1a	c.slli	x24,0x6	 x24:0xf1656ffe x24=0x595bff80
      804649000	     40130	800037c0	b59bcf93	xori	x31,x23,-1191	 x23:0x00000000 x31=0xfffffb59
      805109000	     40153	800037c4	03ba5db3	divu	x27,x20,x27	 x20:0x00000000 x27:0x00000000 x27=0xffffffff
      805129000	     40154	800037c8	0030d3b3	srl	x7,x1,x3	  x1:0xffffc141  x3:0xf1646d2d  x7=0x0007fffe
      805189000	     40157	800037cc	88f5	c.andi	x9,29	  x9:0x00010004  x9=0x00000004
      805209000	     40158	800037ce	8d89	c.sub	x11,x10	 x11:0x00000000 x10:0x25c20000 x11=0xda3e0000
      805389000	     40167	800037d0	0001	c.addi	x0,0	  x0:0x00000000  x0=0x00000000
      805409000	     40168	800037d2	00db96b3	sll	x13,x23,x13	 x23:0x00000000 x13:0x00000002 x13=0x00000000
      805429000	     40169	800037d6	8dfd	c.and	x11,x15	 x11:0xda3e0000 x15:0x2ec00000 x11=0x0a000000
      805669000	     40181	800037d8	0203f463	bgeu	x7,x0,80003800	  x7:0x0007fffe  x0:0x00000000
      806689000	     40232	80003800	00bf8963	beq	x31,x11,80003812	 x31:0xfffffb59 x11:0x0a000000
      806709000	     40233	80003804	e395	c.bnez	x15,80003828	 x15:0x2ec00000
      807789000	     40287	80003828	c801	c.beqz	x8,80003838	  x8:0x2ec00000
      807829000	     40289	8000382a	02ba1d33	mulh	x26,x20,x11	 x20:0x00000000 x11:0x0a000000 x26=0x00000000
      807849000	     40290	8000382e	00870f63	beq	x14,x8,8000384c	 x14:0x80025ce4  x8:0x2ec00000
      807869000	     40291	80003832	0034fb33	and	x22,x9,x3	  x9:0x00000004  x3:0xf1646d2d x22=0x00000004
      807889000	     40292	80003836	8baa	c.mv	x23,x10	  x0:0x00000000 x10:0x25c20000 x23=0x25c20000
      807929000	     40294	80003838	03af47b3	div	x15,x30,x26	 x30:0x00000000 x26:0x00000000 x15=0xffffffff
      807949000	     40295	8000383c	404285b3	sub	x11,x5,x4	  x5:0x00000000  x4:0x00375b48 x11=0xffc8a4b8
      808349000	     40315	80003840	ec85	c.bnez	x9,80003878	  x9:0x00000004
      808989000	     40347	80003878	5b427d93	andi	x27,x4,1460	  x4:0x00375b48 x27=0x00000100
      809209000	     40358	8000387c	00d95f13	srli	x30,x18,0xd	 x18:0x00010004 x30=0x00000008
      809949000	     40395	80003880	032261b3	rem	x3,x4,x18	  x4:0x00375b48 x18:0x00010004  x3=0x00005a6c
      809969000	     40396	80003884	006133b3	sltu	x7,x2,x6	  x2:0xf5e39895  x6:0x80038ce4  x7=0x00000000
      809989000	     40397	80003888	024d	c.addi	x4,19	  x4:0x00375b48  x4=0x00375b5b
      810009000	     40398	8000388a	0198e663	bltu	x17,x25,80003896	 x17:0x00000000 x25:0x80025ce3
      810369000	     40416	80003896	45cc7c93	andi	x25,x24,1116	 x24:0x595bff80 x25=0x00000400
      810409000	     40418	8000389a	011b9eb3	sll	x29,x23,x17	 x23:0x25c20000 x17:0x00000000 x29=0x25c20000
      811349000	     40465	8000389e	038ac4b3	div	x9,x21,x24	 x21:0x00000000 x24:0x595bff80  x9=0x00000000
      811369000	     40466	800038a2	005483b3	add	x7,x9,x5	  x9:0x00000000  x5:0x00000000  x7=0x00000000
      811389000	     40467	800038a6	404bd893	srai	x17,x23,0x4	 x23:0x25c20000 x17=0x025c2000
      811409000	     40468	800038aa	0015fa33	and	x20,x11,x1	 x11:0xffc8a4b8  x1:0xffffc141 x20=0xffc88000
      811429000	     40469	800038ae	ef99	c.bnez	x15,800038cc	 x15:0xffffffff
      812249000	     40510	800038cc	8d3d	c.xor	x10,x15	 x10:0x25c20000 x15:0xffffffff x10=0xda3dffff
      825289000	     41162	800038ce	155b4313	xori	x6,x22,341	 x22:0x00000004  x6=0x00000151
      825309000	     41163	800038d2	36d74293	xori	x5,x14,877	 x14:0x80025ce4  x5=0x80025f89
      825329000	     41164	800038d6	8386	c.mv	x7,x1	  x0:0x00000000  x1:0xffffc141  x7=0xffffc141
      825349000	     41165	800038d8	4105db13	srai	x22,x11,0x10	 x11:0xffc8a4b8 x22=0xffffffc8
      825369000	     41166	800038dc	003b1763	bne	x22,x3,800038ea	 x22:0xffffffc8  x3:0x00005a6c
      826089000	     41202	800038ea	0010ad33	slt	x26,x1,x1	  x1:0xffffc141  x1:0xffffc141 x26=0x00000000
      826709000	     41233	800038ee	00462083	lw	x1,4(x12)	 x12:0x80021e24  x1=0x80003406 PA:0x80021e28 load:0x80003406
      826729000	     41234	800038f2	41245a33	sra	x20,x8,x18	  x8:0x2ec00000 x18:0x00010004 x20=0x02ec0000
      826749000	     41235	800038f6	6195	c.lui	x3,0x5	  x3=0x00005000
      826769000	     41236	800038f8	04060613	addi	x12,x12,64	 x12:0x80021e24 x12=0x80021e64
      826809000	     41238	800038fc	03052ab3	mulhsu	x21,x10,x16	 x10:0xda3dffff x16:0x00000000 x21=0x00000000
      826829000	     41239	80003900	d76b35b7	lui	x11,0xd76b3	 x11=0xd76b3000
      827049000	     41250	80003904	00008e13	addi	x28,x1,0	  x1:0x80003406 x28=0x80003406
      827229000	     41259	80003908	9e02	c.jalr	x28	 x28:0x80003406  x1=0x8000390a
      828049000	     41300	80003406	8d51	c.or	x10,x12	 x10:0xda3dffff x12:0x80021e64 x10=0xda3fffff
      828209000	     41308	80003408	000a5893	srli	x17,x20,0x0	 x20:0x02ec0000 x17=0x02ec0000
      828229000	     41309	8000340c	00005497	auipc	x9,0x5	  x9=0x8000840c
      828309000	     41313	80003410	fb848493	addi	x9,x9,-72	  x9:0x8000840c  x9=0x800083c4
      828329000	     41314	80003414	0021c1b3	xor	x3,x3,x2	  x3:0x00005000  x2:0xf5e39895  x3=0xf5e3c895
      828349000	     41315	80003418	7c4b5597	auipc	x11,0x7c4b5	 x11=0xfc4b8418
      828429000	     41319	8000341c	41a055b3	sra	x11,x0,x26	  x0:0x00000000 x26:0x00000000 x11=0x00000000
      828609000	     41328	80003420	00ce8333	add	x6,x29,x12	 x29:0x25c20000 x12:0x80021e64  x6=0xa5c41e64
      828629000	     41329	80003424	017cd833	srl	x16,x25,x23	 x25:0x00000400 x23:0x25c20000 x16=0x00000400
      829049000	     41350	80003428	01a9f2b3	and	x5,x19,x26	 x19:0x13436700 x26:0x00000000  x5=0x00000000
      829789000	     41387	8000342c	0230dc33	divu	x24,x1,x3	  x1:0x8000390a  x3:0xf5e3c895 x24=0x00000000
      829809000	     41388	80003430	9832	c.add	x16,x12	 x16:0x00000400 x12:0x80021e64 x16=0x80022264
      829829000	     41389	80003432	8815	c.andi	x8,5	  x8:0x2ec00000  x8=0x00000000
      829849000	     41390	80003434	c0d48493	addi	x9,x9,-1011	  x9:0x800083c4  x9=0x80007fd1
      829869000	     41391	80003438	00551363	bne	x10,x5,8000343e	 x10:0xda3fffff  x5:0x00000000
      829929000	     41394	8000343e	3f3480e7	jalr	x1,1011(x9)	  x9:0x80007fd1  x1=0x80003442
      830509000	     41423	800083c4	8c4d	c.or	x8,x11	  x8:0x00000000 x11:0x00000000  x8=0x00000000
      830549000	     41425	800083c6	0131f5b3	and	x11,x3,x19	  x3:0xf5e3c895 x19:0x13436700 x11=0x11434000
      830809000	     41438	800083ca	0ff0000f	fence	iorw,iorw	
      830829000	     41439	800083ce	0172edb3	or	x27,x5,x23	  x5:0x00000000 x23:0x25c20000 x27=0x25c20000
      830849000	     41440	800083d2	87f5	c.srai	x15,0x1d	 x15:0xffffffff x15=0xffffffff
      830969000	     41446	800083d4	01848563	beq	x9,x24,800083de	  x9:0x80007fd1 x24:0x00000000
      830989000	     41447	800083d8	87a9	c.srai	x15,0xa	 x15:0xffffffff x15=0xffffffff
      831889000	     41492	800083da	036dd9b3	divu	x19,x27,x22	 x27:0x25c20000 x22:0xffffffc8 x19=0x00000000
      831909000	     41493	800083de	1651	c.addi	x12,-12	 x12:0x80021e64 x12=0x80021e58
      831929000	     41494	800083e0	01245d33	srl	x26,x8,x18	  x8:0x00000000 x18:0x00010004 x26=0x00000000
      831989000	     41497	800083e4	00162223	sw	x1,4(x12)	 x12:0x80021e58  x1:0x80003442 PA:0x80021e5c store:0x80003442 load:0xffffffff
      832009000	     41498	800083e8	915e9297	auipc	x5,0x915e9	  x5=0x115f13e8
      832029000	     41499	800083ec	67d1	c.lui	x15,0x14	 x15=0x00014000
      832189000	     41507	800083ee	01839513	slli	x10,x7,0x18	  x7:0xffffc141 x10=0x41000000
      832609000	     41528	800083f2	01804263	blt	x0,x24,800083f6	  x0:0x00000000 x24:0x00000000
      832629000	     41529	800083f6	008daeb3	slt	x29,x27,x8	 x27:0x25c20000  x8:0x00000000 x29=0x00000000
      832649000	     41530	800083fa	c401	c.beqz	x8,80008402	  x8:0x00000000
      833209000	     41558	80008402	0000100f	fence.i	
      833909000	     41593	80008406	02d4be33	mulhu	x28,x9,x13	  x9:0x80007fd1 x13:0x00000000 x28=0x00000000
      833949000	     41595	8000840a	00077363	bgeu	x14,x0,80008410	 x14:0x80025ce4  x0:0x00000000
      834189000	     41607	80008410	04eae363	bltu	x21,x14,80008456	 x21:0x00000000 x14:0x80025ce4
      834829000	     41639	80008456	3a360b13	addi	x22,x12,931	 x12:0x80021e58 x22=0x800221fb
      834849000	     41640	8000845a	93b6	c.add	x7,x13	  x7:0xffffc141 x13:0x00000000  x7=0xffffc141
      834969000	     41646	8000845c	020077b3	remu	x15,x0,x0	  x0:0x00000000  x0:0x00000000 x15=0x00000000
      835369000	     41666	80008460	8295	c.srli	x13,0x5	 x13:0x00000000 x13=0x00000000
      835409000	     41668	80008462	02472233	mulhsu	x4,x14,x4	 x14:0x80025ce4  x4:0x00375b5b  x4=0xffe452d5
      835429000	     41669	80008466	0128ff33	and	x30,x17,x18	 x17:0x02ec0000 x18:0x00010004 x30=0x00000000
      835829000	     41689	8000846a	4167d333	sra	x6,x15,x22	 x15:0x00000000 x22:0x800221fb  x6=0x00000000
      835849000	     41690	8000846e	82bd	c.srli	x13,0xf	 x13:0x00000000 x13=0x00000000
      835869000	     41691	80008470	e909	c.bnez	x10,80008482	 x10:0x41000000
      836869000	     41741	80008482	abf66d93	ori	x27,x12,-1345	 x12:0x80021e58 x27=0xfffffeff
      837289000	     41762	80008486	01ca1233	sll	x4,x20,x28	 x20:0x02ec0000 x28:0x00000000  x4=0x02ec0000
      837309000	     41763	8000848a	85a1	c.srai	x11,0x8	 x11:0x11434000 x11=0x00114340
      837409000	     41768	8000848c	01c2d263	bge	x5,x28,80008490	  x5:0x115f13e8 x28:0x00000000
      838509000	     41823	80008490	00328333	add	x6,x5,x3	  x5:0x115f13e8  x3:0xf5e3c895  x6=0x0742dc7d
      838949000	     41845	80008494	03ab44b3	div	x9,x22,x26	 x22:0x800221fb x26:0x00000000  x9=0xffffffff
      838969000	     41846	80008498	00446333	or	x6,x8,x4	  x8:0x00000000  x4:0x02ec0000  x6=0x02ec0000
      838989000	     41847	8000849c	008c5c33	srl	x24,x24,x8	 x24:0x00000000  x8:0x00000000 x24=0x00000000
      839749000	     41885	800084a0	03f95a33	divu	x20,x18,x31	 x18:0x00010004 x31:0xfffffb59 x20=0x00000000
      839769000	     41886	800084a4	0ff0000f	fence	iorw,iorw	
      839789000	     41887	800084a8	024a81b3	mul	x3,x21,x4	 x21:0x00000000  x4:0x02ec0000  x3=0x00000000
      839849000	     41890	800084ac	0001	c.addi	x0,0	  x0:0x00000000  x0=0x00000000
      840009000	     41898	800084ae	029ecd63	blt	x29,x9,800084e8	 x29:0x00000000  x9:0xffffffff
      840029000	     41899	800084b2	8d2a	c.mv	x26,x10	  x0:0x00000000 x10:0x41000000 x26=0x41000000
      840189000	     41907	800084b4	0001	c.addi	x0,0	  x0:0x00000000  x0=0x00000000
      840209000	     41908	800084b6	0b7e	c.slli	x22,0x1f	 x22:0x800221fb x22=0x80000000
      840249000	     41910	800084b8	02641333	mulh	x6,x8,x6	  x8:0x00000000  x6:0x02ec0000  x6=0x00000000
      840629000	     41929	800084bc	0001	c.addi	x0,0	  x0:0x00000000  x0=0x00000000
      840649000	     41930	800084be	91f6	c.add	x3,x29	  x3:0x00000000 x29:0x00000000  x3=0x00000000
      841389000	     41967	800084c0	031fcbb3	div	x23,x31,x17	 x31:0xfffffb59 x17:0x02ec0000 x23=0x00000000
      841409000	     41968	800084c4	841d	c.srai	x8,0x7	  x8:0x00000000  x8=0x00000000
      841429000	     41969	800084c6	a1f68993	addi	x19,x13,-1505	 x13:0x00000000 x19=0xfffffa1f
      841449000	     41970	800084ca	4afded93	ori	x27,x27,1199	 x27:0xfffffeff x27=0xfffffeff
      841469000	     41971	800084ce	40ba59b3	sra	x19,x20,x11	 x20:0x00000000 x11:0x00114340 x19=0x00000000
      841509000	     41973	800084d2	028c1433	mulh	x8,x24,x8	 x24:0x00000000  x8:0x00000000  x8=0x00000000
      841529000	     41974	800084d6	8ba1	c.andi	x15,8	 x15:0x00000000 x15=0x00000000
      841889000	     41992	800084d8	026f5563	bge	x30,x6,80008502	 x30:0x00000000  x6:0x00000000
      843149000	     42055	80008502	406ede33	sra	x28,x29,x6	 x29:0x00000000  x6:0x00000000 x28=0x00000000
      843169000	     42056	80008506	0000100f	fence.i	
      843709000	     42083	8000850a	5ec24e93	xori	x29,x4,1516	  x4:0x02ec0000 x29=0x02ec05ec
      844049000	     42100	8000850e	005bc033	xor	x0,x23,x5	 x23:0x00000000  x5:0x115f13e8  x0=0x00000000
      844069000	     42101	80008512	0001	c.addi	x0,0	  x0:0x00000000  x0=0x00000000
      844089000	     42102	80008514	cd57b913	sltiu	x18,x15,-811	 x15:0x00000000 x18=0x00000001
      844189000	     42107	80008518	41a1d013	srai	x0,x3,0x1a	  x3:0x00000000  x0=0x00000000
      844209000	     42108	8000851c	6e298c93	addi	x25,x19,1762	 x19:0x00000000 x25=0x000006e2
      844949000	     42145	80008520	02c7d833	divu	x16,x15,x12	 x15:0x00000000 x12:0x80021e58 x16=0x00000000
      844969000	     42146	80008524	8d59	c.or	x10,x14	 x10:0x41000000 x14:0x80025ce4 x10=0xc1025ce4
      844989000	     42147	80008526	019b5493	srli	x9,x22,0x19	 x22:0x80000000  x9=0x00000040
      845029000	     42149	8000852a	034bd2b3	divu	x5,x23,x20	 x23:0x00000000 x20:0x00000000  x5=0xffffffff
      845049000	     42150	8000852e	035bc763	blt	x23,x21,8000855c	 x23:0x00000000 x21:0x00000000
      845069000	     42151	80008532	0ff0000f	fence	iorw,iorw	
      845489000	     42172	80008536	0ff0000f	fence	iorw,iorw	
      845509000	     42173	8000853a	019970b3	and	x1,x18,x25	 x18:0x00000001 x25:0x000006e2  x1=0x00000000
      845609000	     42178	8000853e	0000100f	fence.i	
      846009000	     42198	80008542	6925	c.lui	x18,0x9	 x18=0x00009000
      846029000	     42199	80008544	6b79	c.lui	x22,0x1e	 x22=0x0001e000
      846389000	     42217	80008546	03679233	mulh	x4,x15,x22	 x15:0x00000000 x22:0x0001e000  x4=0x00000000
      846409000	     42218	8000854a	8d55	c.or	x10,x13	 x10:0xc1025ce4 x13:0x00000000 x10=0xc1025ce4
      846669000	     42231	8000854c	03465933	divu	x18,x12,x20	 x12:0x80021e58 x20:0x00000000 x18=0xffffffff
      847069000	     42251	80008550	4c01	c.li	x24,0	 x24=0x00000000
      847089000	     42252	80008552	147d	c.addi	x8,-1	  x8:0x00000000  x8=0xffffffff
      847109000	     42253	80008554	007391b3	sll	x3,x7,x7	  x7:0xffffc141  x7:0xffffc141  x3=0xffff8282
      848229000	     42309	80008558	02addfb3	divu	x31,x27,x10	 x27:0xfffffeff x10:0xc1025ce4 x31=0x00000001
      848249000	     42310	8000855c	0000100f	fence.i	
      849049000	     42350	80008560	03b24333	div	x6,x4,x27	  x4:0x00000000 x27:0xfffffeff  x6=0x00000000
      849069000	     42351	80008564	ff31a793	slti	x15,x3,-13	  x3:0xffff8282 x15=0x00000001
      849089000	     42352	80008568	6bd32337	lui	x6,0x6bd32	  x6=0x6bd32000
      849109000	     42353	8000856c	dc6d4c93	xori	x25,x26,-570	 x26:0x41000000 x25=0xbefffdc6
      849129000	     42354	80008570	00d9e763	bltu	x19,x13,8000857e	 x19:0x00000000 x13:0x00000000
      849149000	     42355	80008574	8fe5	c.and	x15,x9	 x15:0x00000001  x9:0x00000040 x15=0x00000000
      849169000	     42356	80008576	8695	c.srai	x13,0x5	 x13:0x00000000 x13=0x00000000
      849249000	     42360	80008578	e399	c.bnez	x15,8000857e	 x15:0x00000000
      849269000	     42361	8000857a	032dc663	blt	x27,x18,800085a6	 x27:0xfffffeff x18:0xffffffff
      849969000	     42396	800085a6	0009de13	srli	x28,x19,0x0	 x19:0x00000000 x28=0x00000000
      850109000	     42403	800085aa	4771c513	xori	x10,x3,1143	  x3:0xffff8282 x10=0xffff86f5
      850129000	     42404	800085ae	0001	c.addi	x0,0	  x0:0x00000000  x0=0x00000000
      850229000	     42409	800085b0	0179e263	bltu	x19,x23,800085b4	 x19:0x00000000 x23:0x00000000
      850289000	     42412	800085b4	3e208c93	addi	x25,x1,994	  x1:0x00000000 x25=0x000003e2
      850369000	     42416	800085b8	0001	c.addi	x0,0	  x0:0x00000000  x0=0x00000000
      850389000	     42417	800085ba	63ed	c.lui	x7,0x1b	  x7=0x0001b000
      850569000	     42426	800085bc	237e8693	addi	x13,x29,567	 x29:0x02ec05ec x13=0x02ec0823
      850589000	     42427	800085c0	402fd533	sra	x10,x31,x2	 x31:0x00000001  x2:0xf5e39895 x10=0x00000000
      850729000	     42434	800085c4	4092d2b3	sra	x5,x5,x9	  x5:0xffffffff  x9:0x00000040  x5=0xffffffff
      851149000	     42455	800085c8	5d66b513	sltiu	x10,x13,1494	 x13:0x02ec0823 x10=0x00000000
      851569000	     42476	800085cc	01face33	xor	x28,x21,x31	 x21:0x00000000 x31:0x00000001 x28=0x00000001
      851989000	     42497	800085d0	01c29f93	slli	x31,x5,0x1c	  x5:0xffffffff x31=0xf0000000
      852009000	     42498	800085d4	8d45	c.or	x10,x9	 x10:0x00000000  x9:0x00000040 x10=0x00000040
      852029000	     42499	800085d6	8c21	c.xor	x8,x8	  x8:0xffffffff  x8:0xffffffff  x8=0x00000000
      852369000	     42516	800085d8	034c6e33	rem	x28,x24,x20	 x24:0x00000000 x20:0x00000000 x28=0x00000000
      852389000	     42517	800085dc	c399	c.beqz	x15,800085e2	 x15:0x00000000
      853809000	     42588	800085e2	025e6f33	rem	x30,x28,x5	 x28:0x00000000  x5:0xffffffff x30=0x00000000
      853849000	     42590	800085e6	02f3f233	remu	x4,x7,x15	  x7:0x0001b000 x15:0x00000000  x4=0x0001b000
      853869000	     42591	800085ea	f18ae513	ori	x10,x21,-232	 x21:0x00000000 x10=0xffffff18
      853889000	     42592	800085ee	8ea1	c.xor	x13,x8	 x13:0x02ec0823  x8:0x00000000 x13=0x02ec0823
      853909000	     42593	800085f0	0972	c.slli	x18,0x1c	 x18:0xffffffff x18=0xf0000000
      853929000	     42594	800085f2	b3c56a13	ori	x20,x10,-1220	 x10:0xffffff18 x20=0xffffff3c
      853949000	     42595	800085f6	0001	c.addi	x0,0	  x0:0x00000000  x0=0x00000000
      853969000	     42596	800085f8	02a30ab3	mul	x21,x6,x10	  x6:0x6bd32000 x10:0xffffff18 x21=0x48ab0000
      853989000	     42597	800085fc	00cd7cb3	and	x25,x26,x12	 x26:0x41000000 x12:0x80021e58 x25=0x00000000
      854009000	     42598	80008600	bbb6c993	xori	x19,x13,-1093	 x13:0x02ec0823 x19=0xfd13f398
      854169000	     42606	80008604	2926f593	andi	x11,x13,658	 x13:0x02ec0823 x11=0x00000002
      854189000	     42607	80008608	140c2b93	slti	x23,x24,320	 x24:0x00000000 x23=0x00000001
      854409000	     42618	8000860c	03b991b3	mulh	x3,x19,x27	 x19:0xfd13f398 x27:0xfffffeff  x3=0x00000002
      854429000	     42619	80008610	00c9c5b3	xor	x11,x19,x12	 x19:0xfd13f398 x12:0x80021e58 x11=0x7d11edc0
      854509000	     42623	80008614	02026963	bltu	x4,x0,80008646	  x4:0x0001b000  x0:0x00000000
      854549000	     42625	80008618	dbe77997	auipc	x19,0xdbe77	 x19=0x5be7f618
      854569000	     42626	8000861c	008ccf63	blt	x25,x8,8000863a	 x25:0x00000000  x8:0x00000000
      855009000	     42648	80008620	028b2db3	mulhsu	x27,x22,x8	 x22:0x0001e000  x8:0x00000000 x27=0x00000000
      855029000	     42649	80008624	6f55	c.lui	x30,0x15	 x30=0x00015000
      855209000	     42658	80008626	00f66eb3	or	x29,x12,x15	 x12:0x80021e58 x15:0x00000000 x29=0x80021e58
      855229000	     42659	8000862a	63fd6293	ori	x5,x26,1599	 x26:0x41000000  x5=0x4100063f
      855249000	     42660	8000862e	0ff0000f	fence	iorw,iorw	
      855429000	     42669	80008632	0049d533	srl	x10,x19,x4	 x19:0x5be7f618  x4:0x0001b000 x10=0x5be7f618
      855649000	     42680	80008636	039af8b3	remu	x17,x21,x25	 x21:0x48ab0000 x25:0x00000000 x17=0x48ab0000
      855969000	     42696	8000863a	00ec7e63	bgeu	x24,x14,80008656	 x24:0x00000000 x14:0x80025ce4
      855989000	     42697	8000863e	01239013	slli	x0,x7,0x12	  x7:0x0001b000  x0=0x00000000
      856009000	     42698	80008642	0001	c.addi	x0,0	  x0:0x00000000  x0=0x00000000
      856169000	     42706	80008644	89a5	c.andi	x11,9	 x11:0x7d11edc0 x11=0x00000000
      856189000	     42707	80008646	417a0d33	sub	x26,x20,x23	 x20:0xffffff3c x23:0x00000001 x26=0xffffff3b
      856209000	     42708	8000864a	0001	c.addi	x0,0	  x0:0x00000000  x0=0x00000000
      856609000	     42728	8000864c	1e7d	c.addi	x28,-1	 x28:0x00000000 x28=0xffffffff
      857349000	     42765	8000864e	03fc5f33	divu	x30,x24,x31	 x24:0x00000000 x31:0xf0000000 x30=0x00000000
      857369000	     42766	80008652	01583a33	sltu	x20,x16,x21	 x16:0x00000000 x21:0x48ab0000 x20=0x00000001
      857389000	     42767	80008656	03728263	beq	x5,x23,8000867a	  x5:0x4100063f x23:0x00000001
      857409000	     42768	8000865a	fc38ed93	ori	x27,x17,-61	 x17:0x48ab0000 x27=0xffffffc3
      857449000	     42770	8000865e	020099b3	mulh	x19,x1,x0	  x1:0x00000000  x0:0x00000000 x19=0x00000000
      857469000	     42771	80008662	0353f263	bgeu	x7,x21,80008686	  x7:0x0001b000 x21:0x48ab0000
      857489000	     42772	80008666	c564dc37	lui	x24,0xc564d	 x24=0xc564d000
      857509000	     42773	8000866a	d122c913	xori	x18,x5,-750	  x5:0x4100063f x18=0xbefffb2d
      857529000	     42774	8000866e	41158f33	sub	x30,x11,x17	 x11:0x00000000 x17:0x48ab0000 x30=0xb7550000
      857549000	     42775	80008672	8c01	c.sub	x8,x8	  x8:0x00000000  x8:0x00000000  x8=0x00000000
      857569000	     42776	80008674	8d8d	c.sub	x11,x11	 x11:0x00000000 x11:0x00000000 x11=0x00000000
      857589000	     42777	80008676	02bc6763	bltu	x24,x11,800086a4	 x24:0xc564d000 x11:0x00000000
      857609000	     42778	8000867a	00cd7eb3	and	x29,x26,x12	 x26:0xffffff3b x12:0x80021e58 x29=0x80021e18
      857629000	     42779	8000867e	028dd563	bge	x27,x8,800086a8	 x27:0xffffffc3  x8:0x00000000
      858229000	     42809	80008682	a0f37097	auipc	x1,0xa0f37	  x1=0x20f3f682
      858389000	     42817	80008686	03311f33	mulh	x30,x2,x19	  x2:0xf5e39895 x19:0x00000000 x30=0x00000000
      858729000	     42834	8000868a	46173e13	sltiu	x28,x14,1121	 x14:0x80025ce4 x28=0x00000000
      858909000	     42843	8000868e	00614bb3	xor	x23,x2,x6	  x2:0xf5e39895  x6:0x6bd32000 x23=0x9e30b895
      858929000	     42844	80008692	8c55	c.or	x8,x13	  x8:0x00000000 x13:0x02ec0823  x8=0x02ec0823
      859229000	     42859	80008694	00a31463	bne	x6,x10,8000869c	  x6:0x6bd32000 x10:0x5be7f618
      860249000	     42910	8000869c	03fbdb33	divu	x22,x23,x31	 x23:0x9e30b895 x31:0xf0000000 x22=0x00000000
      860289000	     42912	800086a0	02076fb3	rem	x31,x14,x0	 x14:0x80025ce4  x0:0x00000000 x31=0x80025ce4
      860309000	     42913	800086a4	402f0233	sub	x4,x30,x2	 x30:0x00000000  x2:0xf5e39895  x4=0x0a1c676b
      860349000	     42915	800086a8	0203da33	divu	x20,x7,x0	  x7:0x0001b000  x0:0x00000000 x20=0xffffffff
      860369000	     42916	800086ac	8cd1	c.or	x9,x12	  x9:0x00000040 x12:0x80021e58  x9=0x80021e58
      860389000	     42917	800086ae	0028d1b3	srl	x3,x17,x2	 x17:0x48ab0000  x2:0xf5e39895  x3=0x00000245
      860409000	     42918	800086b2	8ead	c.xor	x13,x11	 x13:0x02ec0823 x11:0x00000000 x13=0x02ec0823
      860429000	     42919	800086b4	01b826b3	slt	x13,x16,x27	 x16:0x00000000 x27:0xffffffc3 x13=0x00000000
      860469000	     42921	800086b8	8fb1	c.xor	x15,x12	 x15:0x00000000 x12:0x80021e58 x15=0x80021e58
      860649000	     42930	800086ba	030f0db3	mul	x27,x30,x16	 x30:0x00000000 x16:0x00000000 x27=0x00000000
      860669000	     42931	800086be	ed0d	c.bnez	x10,800086f8	 x10:0x5be7f618
      862549000	     43025	800086f8	8dc9	c.or	x11,x10	 x11:0x00000000 x10:0x5be7f618 x11=0x5be7f618
      862569000	     43026	800086fa	8d41	c.or	x10,x8	 x10:0x5be7f618  x8:0x02ec0823 x10=0x5beffe3b
      862589000	     43027	800086fc	0001	c.addi	x0,0	  x0:0x00000000  x0=0x00000000
      862729000	     43034	800086fe	fcd9ab93	slti	x23,x19,-51	 x19:0x00000000 x23=0x00000000
      862849000	     43040	80008702	02d11ab3	mulh	x21,x2,x13	  x2:0xf5e39895 x13:0x00000000 x21=0x00000000
      862869000	     43041	80008706	033a8ab3	mul	x21,x21,x19	 x21:0x00000000 x19:0x00000000 x21=0x00000000
      862889000	     43042	8000870a	9a3a	c.add	x20,x14	 x20:0xffffffff x14:0x80025ce4 x20=0x80025ce3
      862929000	     43044	8000870c	035a6fb3	rem	x31,x20,x21	 x20:0x80025ce3 x21:0x00000000 x31=0x80025ce3
      863669000	     43081	80008710	032be5b3	rem	x11,x23,x18	 x23:0x00000000 x18:0xbefffb2d x11=0x00000000
      863689000	     43082	80008714	8db1	c.xor	x11,x12	 x11:0x00000000 x12:0x80021e58 x11=0x80021e58
      863709000	     43083	80008716	01449f63	bne	x9,x20,80008734	  x9:0x80021e58 x20:0x80025ce3
      864109000	     43103	80008734	01b2	c.slli	x3,0xc	  x3:0x00000245  x3=0x00245000
      864129000	     43104	80008736	8d65	c.and	x10,x9	 x10:0x5beffe3b  x9:0x80021e58 x10=0x00021e18
      864149000	     43105	80008738	0151b2b3	sltu	x5,x3,x21	  x3:0x00245000 x21:0x00000000  x5=0x00000000
      864429000	     43119	8000873c	929e	c.add	x5,x7	  x5:0x00000000  x7:0x0001b000  x5=0x0001b000
      864469000	     43121	8000873e	41d6d033	sra	x0,x13,x29	 x13:0x00000000 x29:0x80021e18  x0=0x00000000
      864489000	     43122	80008742	012b6263	bltu	x22,x18,80008746	 x22:0x00000000 x18:0xbefffb2d
      866129000	     43204	80008746	03cc3233	mulhu	x4,x24,x28	 x24:0xc564d000 x28:0x00000000  x4=0x00000000
      866529000	     43224	8000874a	0022f933	and	x18,x5,x2	  x5:0x0001b000  x2:0xf5e39895 x18=0x00019000
      866549000	     43225	8000874e	002df333	and	x6,x27,x2	 x27:0x00000000  x2:0xf5e39895  x6=0x00000000
      866569000	     43226	80008752	ce81	c.beqz	x13,8000876a	 x13:0x00000000
      867009000	     43248	8000876a	019a7933	and	x18,x20,x25	 x20:0x80025ce3 x25:0x00000000 x18=0x00000000
      867029000	     43249	8000876e	1e01ea13	ori	x20,x3,480	  x3:0x00245000 x20=0x002451e0
      867049000	     43250	80008772	1afd	c.addi	x21,-1	 x21:0x00000000 x21=0xffffffff
      867189000	     43257	80008774	41ccdfb3	sra	x31,x25,x28	 x25:0x00000000 x28:0x00000000 x31=0x00000000
      867409000	     43268	80008778	0000100f	fence.i	
      869049000	     43350	8000877c	03456f33	rem	x30,x10,x20	 x10:0x00021e18 x20:0x002451e0 x30=0x00021e18
      869089000	     43352	80008780	039f56b3	divu	x13,x30,x25	 x30:0x00021e18 x25:0x00000000 x13=0xffffffff
      869109000	     43353	80008784	0070d263	bge	x1,x7,80008788	  x1:0x20f3f682  x7:0x0001b000
      869189000	     43357	80008788	003a8cb3	add	x25,x21,x3	 x21:0xffffffff  x3:0x00245000 x25=0x00244fff
      869609000	     43378	8000878c	0ff0000f	fence	iorw,iorw	
      869629000	     43379	80008790	8c71	c.and	x8,x12	  x8:0x02ec0823 x12:0x80021e58  x8=0x00000800
      869729000	     43384	80008792	006da433	slt	x8,x27,x6	 x27:0x00000000  x6:0x00000000  x8=0x00000000
      869769000	     43386	80008796	007ef0b3	and	x1,x29,x7	 x29:0x80021e18  x7:0x0001b000  x1=0x00001000
      869789000	     43387	8000879a	06f9	c.addi	x13,30	 x13:0xffffffff x13=0x0000001d
      870209000	     43408	8000879c	031396b3	mulh	x13,x7,x17	  x7:0x0001b000 x17:0x48ab0000 x13=0x00007aa0
      870429000	     43419	800087a0	001c5eb3	srl	x29,x24,x1	 x24:0xc564d000  x1:0x00001000 x29=0xc564d000
      870449000	     43420	800087a4	000aefb3	or	x31,x21,x0	 x21:0xffffffff  x0:0x00000000 x31=0xffffffff
      870629000	     43429	800087a8	02d6ae33	mulhsu	x28,x13,x13	 x13:0x00007aa0 x13:0x00007aa0 x28=0x00000000
      870649000	     43430	800087ac	8d69	c.and	x10,x10	 x10:0x00021e18 x10:0x00021e18 x10=0x00021e18
      870829000	     43439	800087ae	02fa39b3	mulhu	x19,x20,x15	 x20:0x002451e0 x15:0x80021e58 x19=0x0012293c
      870849000	     43440	800087b2	84ca	c.mv	x9,x18	  x0:0x00000000 x18:0x00000000  x9=0x00000000
      870869000	     43441	800087b4	02b50bb3	mul	x23,x10,x11	 x10:0x00021e18 x11:0x80021e58 x23=0x7c712840
      870889000	     43442	800087b8	e795	c.bnez	x15,800087e4	 x15:0x80021e58
      871029000	     43449	800087e4	01cbe1b3	or	x3,x23,x28	 x23:0x7c712840 x28:0x00000000  x3=0x7c712840
      871209000	     43458	800087e8	016bd3b3	srl	x7,x23,x22	 x23:0x7c712840 x22:0x00000000  x7=0x7c712840
      871229000	     43459	800087ec	e119	c.bnez	x10,800087f2	 x10:0x00021e18
      872149000	     43505	800087f2	02a80263	beq	x16,x10,80008816	 x16:0x00000000 x10:0x00021e18
      872489000	     43522	800087f6	8bf28a13	addi	x20,x5,-1857	  x5:0x0001b000 x20=0x0001a8bf
      873229000	     43559	800087fa	03e15333	divu	x6,x2,x30	  x2:0xf5e39895 x30:0x00021e18  x6=0x0000741e
      873269000	     43561	800087fe	021b17b3	mulh	x15,x22,x1	 x22:0x00000000  x1:0x00001000 x15=0x00000000
      873289000	     43562	80008802	8189	c.srli	x11,0x2	 x11:0x80021e58 x11=0x20008796
      873309000	     43563	80008804	00f36363	bltu	x6,x15,8000880a	  x6:0x0000741e x15:0x00000000
      873329000	     43564	80008808	99fd	c.andi	x11,-1	 x11:0x20008796 x11=0x20008796
      873349000	     43565	8000880a	e919	c.bnez	x10,80008820	 x10:0x00021e18
      873669000	     43581	80008820	02544363	blt	x8,x5,80008846	  x8:0x00000000  x5:0x0001b000
      874589000	     43627	80008846	0017e033	or	x0,x15,x1	 x15:0x00000000  x1:0x00001000  x0=0x00000000
      874609000	     43628	8000884a	409a5c33	sra	x24,x20,x9	 x20:0x0001a8bf  x9:0x00000000 x24=0x0001a8bf
      874629000	     43629	8000884e	00513833	sltu	x16,x2,x5	  x2:0xf5e39895  x5:0x0001b000 x16=0x00000000
      874989000	     43647	80008852	00f47563	bgeu	x8,x15,8000885c	  x8:0x00000000 x15:0x00000000
      875489000	     43672	8000885c	7fd02b93	slti	x23,x0,2045	  x0:0x00000000 x23=0x00000001
      875529000	     43674	80008860	01cb7463	bgeu	x22,x28,80008868	 x22:0x00000000 x28:0x00000000
      876729000	     43734	80008868	f77c4493	xori	x9,x24,-137	 x24:0x0001a8bf  x9=0xfffe57c8
      876869000	     43741	8000886c	0070e4b3	or	x9,x1,x7	  x1:0x00001000  x7:0x7c712840  x9=0x7c713840
      876889000	     43742	80008870	015676b3	and	x13,x12,x21	 x12:0x80021e58 x21:0xffffffff x13=0x80021e58
      877189000	     43757	80008874	021803b3	mul	x7,x16,x1	 x16:0x00000000  x1:0x00001000  x7=0x00000000
      877629000	     43779	80008878	023e9fb3	mulh	x31,x29,x3	 x29:0xc564d000  x3:0x7c712840 x31=0xe382ed08
      877809000	     43788	8000887c	03a68eb3	mul	x29,x13,x26	 x13:0x80021e58 x26:0xffffff3b x29=0x7e5ea648
      877829000	     43789	80008880	9f62ca93	xori	x21,x5,-1546	  x5:0x0001b000 x21=0xfffe49f6
      877929000	     43794	80008884	0001	c.addi	x0,0	  x0:0x00000000  x0=0x00000000
      877949000	     43795	80008886	e419	c.bnez	x8,80008894	  x8:0x00000000
      878009000	     43798	80008888	e9584813	xori	x16,x16,-363	 x16:0x00000000 x16=0xfffffe95
      878029000	     43799	8000888c	8c65	c.and	x8,x9	  x8:0x00000000  x9:0x7c713840  x8=0x00000000
      878449000	     43820	8000888e	0086cfb3	xor	x31,x13,x8	 x13:0x80021e58  x8:0x00000000 x31=0x80021e58
      878469000	     43821	80008892	c29d	c.beqz	x13,800088b8	 x13:0x80021e58
      878529000	     43824	80008894	00edb2b3	sltu	x5,x27,x14	 x27:0x00000000 x14:0x80025ce4  x5=0x00000001
      878549000	     43825	80008898	8529	c.srai	x10,0xa	 x10:0x00021e18 x10=0x00000087
      878749000	     43835	8000889a	01ee21b3	slt	x3,x28,x30	 x28:0x00000000 x30:0x00021e18  x3=0x00000001
      879149000	     43855	8000889e	02a328b3	mulhsu	x17,x6,x10	  x6:0x0000741e x10:0x00000087 x17=0x00000000
      879169000	     43856	800088a2	8ead	c.xor	x13,x11	 x13:0x80021e58 x11:0x20008796 x13=0xa00299ce
      879209000	     43858	800088a4	03f41a33	mulh	x20,x8,x31	  x8:0x00000000 x31:0x80021e58 x20=0x00000000
      879309000	     43863	800088a8	01f11463	bne	x2,x31,800088b0	  x2:0xf5e39895 x31:0x80021e58
      879729000	     43884	800088b0	00b67263	bgeu	x12,x11,800088b4	 x12:0x80021e58 x11:0x20008796
      879789000	     43887	800088b4	c295	c.beqz	x13,800088d8	 x13:0xa00299ce
      879809000	     43888	800088b6	0001	c.addi	x0,0	  x0:0x00000000  x0=0x00000000
      879849000	     43890	800088b8	005c7333	and	x6,x24,x5	 x24:0x0001a8bf  x5:0x00000001  x6=0x00000001
      879869000	     43891	800088bc	00f34b33	xor	x22,x6,x15	  x6:0x00000001 x15:0x00000000 x22=0x00000001
      880689000	     43932	800088c0	b2aa1537	lui	x10,0xb2aa1	 x10=0xb2aa1000
      881449000	     43970	800088c4	03dc5233	divu	x4,x24,x29	 x24:0x0001a8bf x29:0x7e5ea648  x4=0x00000000
      881469000	     43971	800088c8	8d95	c.sub	x11,x13	 x11:0x20008796 x13:0xa00299ce x11=0x7ffdedc8
      881489000	     43972	800088ca	c67f7893	andi	x17,x30,-921	 x30:0x00021e18 x17=0x00021c00
      881509000	     43973	800088ce	9192	c.add	x3,x4	  x3:0x00000001  x4:0x00000000  x3=0x00000001
      881529000	     43974	800088d0	c095	c.beqz	x9,800088f4	  x9:0x7c713840
      881549000	     43975	800088d2	86e5	c.srai	x13,0x19	 x13:0xa00299ce x13=0xffffffd0
      881569000	     43976	800088d4	03150c33	mul	x24,x10,x17	 x10:0xb2aa1000 x17:0x00021c00 x24=0xb9c00000
      881589000	     43977	800088d8	8d01	c.sub	x10,x8	 x10:0xb2aa1000  x8:0x00000000 x10=0xb2aa1000
      881609000	     43978	800088da	03830f33	mul	x30,x6,x24	  x6:0x00000001 x24:0xb9c00000 x30=0xb9c00000
      881849000	     43990	800088de	03b36e63	bltu	x6,x27,8000891a	  x6:0x00000001 x27:0x00000000
      881889000	     43992	800088e2	021b3ab3	mulhu	x21,x22,x1	 x22:0x00000001  x1:0x00001000 x21=0x00000000
      881969000	     43996	800088e6	c10f7393	andi	x7,x30,-1008	 x30:0xb9c00000  x7=0xb9c00000
      881989000	     43997	800088ea	0001	c.addi	x0,0	  x0:0x00000000  x0=0x00000000
      882009000	     43998	800088ec	01273d33	sltu	x26,x14,x18	 x14:0x80025ce4 x18:0x00000000 x26=0x00000000
      882029000	     43999	800088f0	03408933	mul	x18,x1,x20	  x1:0x00001000 x20:0x00000000 x18=0x00000000
      882109000	     44003	800088f4	89ee	c.mv	x19,x27	  x0:0x00000000 x27:0x00000000 x19=0x00000000
      882129000	     44004	800088f6	8d69	c.and	x10,x10	 x10:0xb2aa1000 x10:0xb2aa1000 x10=0xb2aa1000
      882149000	     44005	800088f8	6dc5	c.lui	x27,0x11	 x27=0x00011000
      882169000	     44006	800088fa	031e	c.slli	x6,0x7	  x6:0x00000001  x6=0x00000080
      882189000	     44007	800088fc	0038ce33	xor	x28,x17,x3	 x17:0x00021c00  x3:0x00000001 x28=0x00021c01
      882209000	     44008	80008900	409b5e93	srai	x29,x22,0x9	 x22:0x00000001 x29=0x00000000
      882229000	     44009	80008904	023f4b63	blt	x30,x3,8000893a	 x30:0xb9c00000  x3:0x00000001
      883589000	     44077	8000893a	0ff0000f	fence	iorw,iorw	
      883689000	     44082	8000893e	003c52b3	srl	x5,x24,x3	 x24:0xb9c00000  x3:0x00000001  x5=0x5ce00000
      883749000	     44085	80008942	032cb4b3	mulhu	x9,x25,x18	 x25:0x00244fff x18:0x00000000  x9=0x00000000
      883769000	     44086	80008946	ef9d	c.bnez	x15,80008984	 x15:0x00000000
      884049000	     44100	80008948	cc99	c.beqz	x9,80008966	  x9:0x00000000
      885529000	     44174	80008966	032767b3	rem	x15,x14,x18	 x14:0x80025ce4 x18:0x00000000 x15=0x80025ce4
      885549000	     44175	8000896a	039e0433	mul	x8,x28,x25	 x28:0x00021c01 x25:0x00244fff  x8=0x98e233ff
      885569000	     44176	8000896e	8e81	c.sub	x13,x8	 x13:0xffffffd0  x8:0x98e233ff x13=0x671dcbd1
      885609000	     44178	80008970	028919b3	mulh	x19,x18,x8	 x18:0x00000000  x8:0x98e233ff x19=0x00000000
      885629000	     44179	80008974	e6612a93	slti	x21,x2,-410	  x2:0xf5e39895 x21=0x00000001
      885649000	     44180	80008978	83c9	c.srli	x15,0x12	 x15:0x80025ce4 x15=0x00002000
      886109000	     44203	8000897a	014ad3b3	srl	x7,x21,x20	 x21:0x00000001 x20:0x00000000  x7=0x00000001
      886129000	     44204	8000897e	8dd9	c.or	x11,x14	 x11:0x7ffdedc8 x14:0x80025ce4 x11=0xfffffdec
      886229000	     44209	80008980	ccaef913	andi	x18,x29,-822	 x29:0x00000000 x18=0x00000000
      886249000	     44210	80008984	6889	c.lui	x17,0x2	 x17=0x00002000
      886269000	     44211	80008986	63d9	c.lui	x7,0x16	  x7=0x00016000
      886549000	     44225	80008988	0364b7b3	mulhu	x15,x9,x22	  x9:0x00000000 x22:0x00000001 x15=0x00000000
      886569000	     44226	8000898c	0ff0000f	fence	iorw,iorw	
      886949000	     44245	80008990	8db1	c.xor	x11,x12	 x11:0xfffffdec x12:0x80021e58 x11=0x7ffde3b4
      888089000	     44302	80008992	03f245b3	div	x11,x4,x31	  x4:0x00000000 x31:0x80021e58 x11=0x00000000
      888109000	     44303	80008996	8ca5	c.xor	x9,x9	  x9:0x00000000  x9:0x00000000  x9=0x00000000
      888129000	     44304	80008998	40fbd913	srai	x18,x23,0xf	 x23:0x00000001 x18=0x00000000
      888149000	     44305	8000899c	3ac86c93	ori	x25,x16,940	 x16:0xfffffe95 x25=0xffffffbd
      888169000	     44306	800089a0	953c8e13	addi	x28,x25,-1709	 x25:0xffffffbd x28=0xfffff910
      888189000	     44307	800089a4	03ac1f63	bne	x24,x26,800089e2	 x24:0xb9c00000 x26:0x00000000
      888869000	     44341	800089e2	010ac363	blt	x21,x16,800089e8	 x21:0x00000001 x16:0xfffffe95
      888889000	     44342	800089e6	8996	c.mv	x19,x5	  x0:0x00000000  x5:0x5ce00000 x19=0x5ce00000
      889309000	     44363	800089e8	03d73e33	mulhu	x28,x14,x29	 x14:0x80025ce4 x29:0x00000000 x28=0x00000000
      889329000	     44364	800089ec	00c55263	bge	x10,x12,800089f0	 x10:0xb2aa1000 x12:0x80021e58
      889629000	     44379	800089f0	37c57593	andi	x11,x10,892	 x10:0xb2aa1000 x11=0x00000000
      889649000	     44380	800089f4	0001	c.addi	x0,0	  x0:0x00000000  x0=0x00000000
      889669000	     44381	800089f6	7ef8ca13	xori	x20,x17,2031	 x17:0x00002000 x20=0x000027ef
      889689000	     44382	800089fa	899a	c.mv	x19,x6	  x0:0x00000000  x6:0x00000080 x19=0x00000080
      889709000	     44383	800089fc	005696b3	sll	x13,x13,x5	 x13:0x671dcbd1  x5:0x5ce00000 x13=0x671dcbd1
      889909000	     44393	80008a00	039bf563	bgeu	x23,x25,80008a2a	 x23:0x00000001 x25:0xffffffbd
      890709000	     44433	80008a04	035344b3	div	x9,x6,x21	  x6:0x00000080 x21:0x00000001  x9=0x00000080
      891449000	     44470	80008a08	03fec333	div	x6,x29,x31	 x29:0x00000000 x31:0x80021e58  x6=0x00000000
      891469000	     44471	80008a0c	fbd0a093	slti	x1,x1,-67	  x1:0x00001000  x1=0x00000000
      891489000	     44472	80008a10	84da	c.mv	x9,x22	  x0:0x00000000 x22:0x00000001  x9=0x00000001
      891509000	     44473	80008a12	6e9d	c.lui	x29,0x7	 x29=0x00007000
      891529000	     44474	80008a14	0186acb3	slt	x25,x13,x24	 x13:0x671dcbd1 x24:0xb9c00000 x25=0x00000000
      892269000	     44511	80008a18	03e3cbb3	div	x23,x7,x30	  x7:0x00016000 x30:0xb9c00000 x23=0x00000000
      892289000	     44512	80008a1c	0001	c.addi	x0,0	  x0:0x00000000  x0=0x00000000
      892309000	     44513	80008a1e	4101d193	srai	x3,x3,0x10	  x3:0x00000001  x3=0x00000000
      892329000	     44514	80008a22	01cb1413	slli	x8,x22,0x1c	 x22:0x00000001  x8=0x10000000
      892349000	     44515	80008a26	41a05e13	srai	x28,x0,0x1a	  x0:0x00000000 x28=0x00000000
      892369000	     44516	80008a2a	537d	c.li	x6,-1	  x6=0xffffffff
      892389000	     44517	80008a2c	1ba6b537	lui	x10,0x1ba6b	 x10=0x1ba6b000
      892529000	     44524	80008a30	40b20933	sub	x18,x4,x11	  x4:0x00000000 x11:0x00000000 x18=0x00000000
      892949000	     44545	80008a34	0080f263	bgeu	x1,x8,80008a38	  x1:0x00000000  x8:0x10000000
      892969000	     44546	80008a38	8d39	c.xor	x10,x14	 x10:0x1ba6b000 x14:0x80025ce4 x10=0x9ba4ece4
      892989000	     44547	80008a3a	0001	c.addi	x0,0	  x0:0x00000000  x0=0x00000000
      893029000	     44549	80008a3c	03265f33	divu	x30,x12,x18	 x12:0x80021e58 x18:0x00000000 x30=0xffffffff
      893049000	     44550	80008a40	1dfd	c.addi	x27,-1	 x27:0x00011000 x27=0x00010fff
      893069000	     44551	80008a42	8051	c.srli	x8,0x14	  x8:0x10000000  x8=0x00000100
      893109000	     44553	80008a44	858e	c.mv	x11,x3	  x0:0x00000000  x3:0x00000000 x11=0x00000000
      893269000	     44561	80008a46	00a89a63	bne	x17,x10,80008a5a	 x17:0x00002000 x10:0x9ba4ece4
      894109000	     44603	80008a5a	40e10833	sub	x16,x2,x14	  x2:0xf5e39895 x14:0x80025ce4 x16=0x75e13bb1
      894129000	     44604	80008a5e	4f2d	c.li	x30,11	 x30=0x0000000b
      894189000	     44607	80008a60	780f0017	auipc	x0,0x780f0	  x0=0x00000000
      894209000	     44608	80008a64	01e76eb3	or	x29,x14,x30	 x14:0x80025ce4 x30:0x0000000b x29=0x80025cef
      894229000	     44609	80008a68	023bc163	blt	x23,x3,80008a8a	 x23:0x00000000  x3:0x00000000
      894249000	     44610	80008a6c	80c9	c.srli	x9,0x12	  x9:0x00000001  x9=0x00000000
      894989000	     44647	80008a6e	02546933	rem	x18,x8,x5	  x8:0x00000100  x5:0x5ce00000 x18=0x00000100
      895009000	     44648	80008a72	008365b3	or	x11,x6,x8	  x6:0xffffffff  x8:0x00000100 x11=0xffffffff
      895029000	     44649	80008a76	0087a5b3	slt	x11,x15,x8	 x15:0x00000000  x8:0x00000100 x11=0x00000001
      895049000	     44650	80008a7a	9b52	c.add	x22,x20	 x22:0x00000001 x20:0x000027ef x22=0x000027f0
      895789000	     44687	80008a7c	02c15db3	divu	x27,x2,x12	  x2:0xf5e39895 x12:0x80021e58 x27=0x00000001
      895809000	     44688	80008a80	9236	c.add	x4,x13	  x4:0x00000000 x13:0x671dcbd1  x4=0x671dcbd1
      895829000	     44689	80008a82	008997b3	sll	x15,x19,x8	 x19:0x00000080  x8:0x00000100 x15=0x00000080
      895849000	     44690	80008a86	0ff0000f	fence	iorw,iorw	
      895869000	     44691	80008a8a	e0750317	auipc	x6,0xe0750	  x6=0x60758a8a
      895889000	     44692	80008a8e	e38d	c.bnez	x15,80008ab0	 x15:0x00000080
      896549000	     44725	80008ab0	6da9	c.lui	x27,0xa	 x27=0x0000a000
      896569000	     44726	80008ab2	8cf1	c.and	x9,x12	  x9:0x00000000 x12:0x80021e58  x9=0x00000000
      896589000	     44727	80008ab4	004d8e33	add	x28,x27,x4	 x27:0x0000a000  x4:0x671dcbd1 x28=0x671e6bd1
      896609000	     44728	80008ab8	8c05	c.sub	x8,x9	  x8:0x00000100  x9:0x00000000  x8=0x00000100
      896629000	     44729	80008aba	187d	c.addi	x16,-1	 x16:0x75e13bb1 x16=0x75e13bb0
      896669000	     44731	80008abc	41e68ab3	sub	x21,x13,x30	 x13:0x671dcbd1 x30:0x0000000b x21=0x671dcbc6
      897429000	     44769	80008ac0	0367d533	divu	x10,x15,x22	 x15:0x00000080 x22:0x000027f0 x10=0x00000000
      897449000	     44770	80008ac4	41c508b3	sub	x17,x10,x28	 x10:0x00000000 x28:0x671e6bd1 x17=0x98e1942f
      897469000	     44771	80008ac8	41cf5493	srai	x9,x30,0x1c	 x30:0x0000000b  x9=0x00000000
      897569000	     44776	80008acc	8c81	c.sub	x9,x8	  x9:0x00000000  x8:0x00000100  x9=0xffffff00
      897829000	     44789	80008ace	02709263	bne	x1,x7,80008af2	  x1:0x00000000  x7:0x00016000
      898929000	     44844	80008af2	ca500f93	addi	x31,x0,-859	  x0:0x00000000 x31=0xfffffca5
      898949000	     44845	80008af6	998e	c.add	x19,x3	 x19:0x00000080  x3:0x00000000 x19=0x00000080
      898969000	     44846	80008af8	006dd533	srl	x10,x27,x6	 x27:0x0000a000  x6:0x60758a8a x10=0x00000028
      898989000	     44847	80008afc	8e2e7d13	andi	x26,x28,-1822	 x28:0x671e6bd1 x26=0x671e68c0
      899009000	     44848	80008b00	01f85193	srli	x3,x16,0x1f	 x16:0x75e13bb0  x3=0x00000000
      899029000	     44849	80008b04	8cd9	c.or	x9,x14	  x9:0xffffff00 x14:0x80025ce4  x9=0xffffffe4
      899789000	     44887	80008b06	036fca33	div	x20,x31,x22	 x31:0xfffffca5 x22:0x000027f0 x20=0x00000000
      899809000	     44888	80008b0a	018f3d33	sltu	x26,x30,x24	 x30:0x0000000b x24:0xb9c00000 x26=0x00000001
      899829000	     44889	80008b0e	00bc2fb3	slt	x31,x24,x11	 x24:0xb9c00000 x11:0x00000001 x31=0x00000001
      899849000	     44890	80008b12	547d	c.li	x8,-1	  x8=0xffffffff
      899869000	     44891	80008b14	0f09	c.addi	x30,2	 x30:0x0000000b x30=0x0000000d
      899889000	     44892	80008b16	00150263	beq	x10,x1,80008b1a	 x10:0x00000028  x1:0x00000000
      899909000	     44893	80008b1a	0183eb33	or	x22,x7,x24	  x7:0x00016000 x24:0xb9c00000 x22=0xb9c16000
      900869000	     44941	80008b1e	036de833	rem	x16,x27,x22	 x27:0x0000a000 x22:0xb9c16000 x16=0x0000a000
      900889000	     44942	80008b22	02300bb3	mul	x23,x0,x3	  x0:0x00000000  x3:0x00000000 x23=0x00000000
      900909000	     44943	80008b26	0001	c.addi	x0,0	  x0:0x00000000  x0=0x00000000
      900929000	     44944	80008b28	094e	c.slli	x18,0x13	 x18:0x00000100 x18=0x08000000
      900949000	     44945	80008b2a	41dd	c.li	x3,23	  x3=0x00000017
      900969000	     44946	80008b2c	0001	c.addi	x0,0	  x0:0x00000000  x0=0x00000000
      901129000	     44954	80008b2e	41a30333	sub	x6,x6,x26	  x6:0x60758a8a x26:0x00000001  x6=0x60758a89
      901149000	     44955	80008b32	ca89	c.beqz	x13,80008b44	 x13:0x671dcbd1
      901249000	     44960	80008b34	0daa	c.slli	x27,0xa	 x27:0x0000a000 x27=0x02800000
      901269000	     44961	80008b36	4104d013	srai	x0,x9,0x10	  x9:0xffffffe4  x0=0x00000000
      901289000	     44962	80008b3a	8fb9	c.xor	x15,x14	 x15:0x00000080 x14:0x80025ce4 x15=0x80025c64
      901309000	     44963	80008b3c	6899	c.lui	x17,0x6	 x17=0x00006000
      901389000	     44967	80008b3e	0e67bd93	sltiu	x27,x15,230	 x15:0x80025c64 x27=0x00000000
      901409000	     44968	80008b42	c785	c.beqz	x15,80008b6a	 x15:0x80025c64
      901429000	     44969	80008b44	89d72097	auipc	x1,0x89d72	  x1=0x09d7ab44
      901449000	     44970	80008b48	8d0d	c.sub	x10,x11	 x10:0x00000028 x11:0x00000001 x10=0x00000027
      901469000	     44971	80008b4a	e119	c.bnez	x10,80008b50	 x10:0x00000027
      902129000	     45004	80008b50	4096da13	srai	x20,x13,0x9	 x13:0x671dcbd1 x20=0x00338ee5
      902269000	     45011	80008b54	8699	c.srai	x13,0x6	 x13:0x671dcbd1 x13=0x019c772f
      902289000	     45012	80008b56	01b5e8b3	or	x17,x11,x27	 x11:0x00000001 x27:0x00000000 x17=0x00000001
      902309000	     45013	80008b5a	0001	c.addi	x0,0	  x0:0x00000000  x0=0x00000000
      902329000	     45014	80008b5c	01f9	c.addi	x3,30	  x3:0x00000017  x3=0x00000035
      902389000	     45017	80008b5e	03489e33	mulh	x28,x17,x20	 x17:0x00000001 x20:0x00338ee5 x28=0x00000000
      924209000	     46108	80008b62	01771a13	slli	x20,x14,0x17	 x14:0x80025ce4 x20=0x72000000
      924249000	     46110	80008b66	03e73033	mulhu	x0,x14,x30	 x14:0x80025ce4 x30:0x0000000d  x0=0x00000000
      924269000	     46111	80008b6a	06a5a517	auipc	x10,0x6a5a	 x10=0x86a62b6a
      924289000	     46112	80008b6e	038b89b3	mul	x19,x23,x24	 x23:0x00000000 x24:0xb9c00000 x19=0x00000000
      924309000	     46113	80008b72	01b3dbb3	srl	x23,x7,x27	  x7:0x00016000 x27:0x00000000 x23=0x00016000
      924329000	     46114	80008b76	90ca	c.add	x1,x18	  x1:0x09d7ab44 x18:0x08000000  x1=0x11d7ab44
      924529000	     46124	80008b78	0001	c.addi	x0,0	  x0:0x00000000  x0=0x00000000
      924569000	     46126	80008b7a	02d29db3	mulh	x27,x5,x13	  x5:0x5ce00000 x13:0x019c772f x27=0x0095a3bd
      924589000	     46127	80008b7e	aa8fb193	sltiu	x3,x31,-1368	 x31:0x00000001  x3=0x00000001
      924609000	     46128	80008b82	86d9	c.srai	x13,0x16	 x13:0x019c772f x13=0x00000006
      924629000	     46129	80008b84	00ca12b3	sll	x5,x20,x12	 x20:0x72000000 x12:0x80021e58  x5=0x00000000
      924769000	     46136	80008b88	8db5	c.xor	x11,x13	 x11:0x00000001 x13:0x00000006 x11=0x00000007
      924809000	     46138	80008b8a	00f2ef33	or	x30,x5,x15	  x5:0x00000000 x15:0x80025c64 x30=0x80025c64
      924829000	     46139	80008b8e	1d7d	c.addi	x26,-1	 x26:0x00000001 x26=0x00000000
      924849000	     46140	80008b90	c415	c.beqz	x8,80008bbc	  x8:0xffffffff
      924869000	     46141	80008b92	0ff0000f	fence	iorw,iorw	
      925229000	     46159	80008b96	4edf3f93	sltiu	x31,x30,1261	 x30:0x80025c64 x31=0x00000000
      925249000	     46160	80008b9a	0ff0000f	fence	iorw,iorw	
      925289000	     46162	80008b9e	02a59eb3	mulh	x29,x11,x10	 x11:0x00000007 x10:0x86a62b6a x29=0xfffffffc
      926129000	     46204	80008ba2	0218c8b3	div	x17,x17,x1	 x17:0x00000001  x1:0x11d7ab44 x17=0x00000000
      926149000	     46205	80008ba6	0001	c.addi	x0,0	  x0:0x00000000  x0=0x00000000
      926169000	     46206	80008ba8	a8ba0f97	auipc	x31,0xa8ba0	 x31=0x28ba8ba8
      926189000	     46207	80008bac	ec1d	c.bnez	x8,80008bea	  x8:0xffffffff
      927129000	     46254	80008bea	030de933	rem	x18,x27,x16	 x27:0x0095a3bd x16:0x0000a000 x18=0x000043bd
      927149000	     46255	80008bee	a7ea8313	addi	x6,x21,-1410	 x21:0x671dcbc6  x6=0x671dc644
      927169000	     46256	80008bf2	401cd7b3	sra	x15,x25,x1	 x25:0x00000000  x1:0x11d7ab44 x15=0x00000000
      927189000	     46257	80008bf6	def0b293	sltiu	x5,x1,-529	  x1:0x11d7ab44  x5=0x00000001
      927209000	     46258	80008bfa	01396333	or	x6,x18,x19	 x18:0x000043bd x19:0x00000000  x6=0x000043bd
      927229000	     46259	80008bfe	03aac263	blt	x21,x26,80008c22	 x21:0x671dcbc6 x26:0x00000000
      927249000	     46260	80008c02	0e91f093	andi	x1,x3,233	  x3:0x00000001  x1=0x00000001
      927289000	     46262	80008c06	00fc2bb3	slt	x23,x24,x15	 x24:0xb9c00000 x15:0x00000000 x23=0x00000001
      927309000	     46263	80008c0a	8fd1	c.or	x15,x12	 x15:0x00000000 x12:0x80021e58 x15=0x80021e58
      927329000	     46264	80008c0c	68b1	c.lui	x17,0xc	 x17=0x0000c000
      927529000	     46274	80008c0e	00748363	beq	x9,x7,80008c14	  x9:0xffffffe4  x7:0x00016000
      927549000	     46275	80008c12	0001	c.addi	x0,0	  x0:0x00000000  x0=0x00000000
      927569000	     46276	80008c14	8029	c.srli	x8,0xa	  x8:0xffffffff  x8=0x003fffff
      927689000	     46282	80008c16	b459a513	slti	x10,x19,-1211	 x19:0x00000000 x10=0x00000000
      927709000	     46283	80008c1a	8ca9	c.xor	x9,x10	  x9:0xffffffe4 x10:0x00000000  x9=0xffffffe4
      927909000	     46293	80008c1c	9bfd	c.andi	x15,-1	 x15:0x80021e58 x15=0x80021e58
      928269000	     46311	80008c1e	a2edf013	andi	x0,x27,-1490	 x27:0x0095a3bd  x0=0x00000000
      928289000	     46312	80008c22	034c5863	bge	x24,x20,80008c52	 x24:0xb9c00000 x20:0x72000000
      928349000	     46315	80008c26	03a20cb3	mul	x25,x4,x26	  x4:0x671dcbd1 x26:0x00000000 x25=0x00000000
      928429000	     46319	80008c2a	031983b3	mul	x7,x19,x17	 x19:0x00000000 x17:0x0000c000  x7=0x00000000
      928449000	     46320	80008c2e	03747863	bgeu	x8,x23,80008c5e	  x8:0x003fffff x23:0x00000001
      929289000	     46362	80008c5e	c51d	c.beqz	x10,80008c8c	 x10:0x00000000
      930009000	     46398	80008c8c	ae944e93	xori	x29,x8,-1303	  x8:0x003fffff x29=0xffc00516
      930049000	     46400	80008c90	a7b7c513	xori	x10,x15,-1413	 x15:0x80021e58 x10=0x7ffde423
      930409000	     46418	80008c94	0000100f	fence.i	
      931129000	     46454	80008c98	8472	c.mv	x8,x28	  x0:0x00000000 x28:0x00000000  x8=0x00000000
      931149000	     46455	80008c9a	025b1163	bne	x22,x5,80008cbc	 x22:0xb9c16000  x5:0x00000001
      931809000	     46488	80008cbc	02fb38b3	mulhu	x17,x22,x15	 x22:0xb9c16000 x15:0x80021e58 x17=0x5ce23987
      931849000	     46490	80008cc0	0001	c.addi	x0,0	  x0:0x00000000  x0=0x00000000
      932269000	     46511	80008cc2	037119b3	mulh	x19,x2,x23	  x2:0xf5e39895 x23:0x00000001 x19=0xffffffff
      932289000	     46512	80008cc6	98fd	c.andi	x9,-1	  x9:0xffffffe4  x9=0xffffffe4
      932309000	     46513	80008cc8	01d0bc33	sltu	x24,x1,x29	  x1:0x00000001 x29:0xffc00516 x24=0x00000001
      932329000	     46514	80008ccc	034b6f63	bltu	x22,x20,80008d0a	 x22:0xb9c16000 x20:0x72000000
      932489000	     46522	80008cd0	018f1f63	bne	x30,x24,80008cee	 x30:0x80025c64 x24:0x00000001
      933429000	     46569	80008cee	0256	c.slli	x4,0x15	  x4:0x671dcbd1  x4=0x7a200000
      933849000	     46590	80008cf0	9cca	c.add	x25,x18	 x25:0x00000000 x18:0x000043bd x25=0x000043bd
      933869000	     46591	80008cf2	98c6	c.add	x17,x17	 x17:0x5ce23987 x17:0x5ce23987 x17=0xb9c4730e
      933889000	     46592	80008cf4	8929	c.andi	x10,10	 x10:0x7ffde423 x10=0x00000002
      933909000	     46593	80008cf6	8ffd	c.and	x15,x15	 x15:0x80021e58 x15:0x80021e58 x15=0x80021e58
      933949000	     46595	80008cf8	028d1cb3	mulh	x25,x26,x8	 x26:0x00000000  x8:0x00000000 x25=0x00000000
      934309000	     46613	80008cfc	da10e213	ori	x4,x1,-607	  x1:0x00000001  x4=0xfffffda1
      934329000	     46614	80008d00	8c1d	c.sub	x8,x15	  x8:0x00000000 x15:0x80021e58  x8=0x7ffde1a8
      934649000	     46630	80008d02	4195d293	srai	x5,x11,0x19	 x11:0x00000007  x5=0x00000000
      934989000	     46647	80008d06	02044433	div	x8,x8,x0	  x8:0x7ffde1a8  x0:0x00000000  x8=0xffffffff
      935209000	     46658	80008d0a	b34a8013	addi	x0,x21,-1228	 x21:0x671dcbc6  x0=0x00000000
      935629000	     46679	80008d0e	b9ad4693	xori	x13,x26,-1126	 x26:0x00000000 x13=0xfffffb9a
      935649000	     46680	80008d12	9a1e	c.add	x20,x7	 x20:0x72000000  x7:0x00000000 x20=0x72000000
      935669000	     46681	80008d14	003742b3	xor	x5,x14,x3	 x14:0x80025ce4  x3:0x00000001  x5=0x80025ce5
      935889000	     46692	80008d18	01ac79b3	and	x19,x24,x26	 x24:0x00000001 x26:0x00000000 x19=0x00000000
      935909000	     46693	80008d1c	8c95	c.sub	x9,x13	  x9:0xffffffe4 x13:0xfffffb9a  x9=0x0000044a
      935949000	     46695	80008d1e	02f2a033	mulhsu	x0,x5,x15	  x5:0x80025ce5 x15:0x80021e58  x0=0x00000000
      935969000	     46696	80008d22	6e15	c.lui	x28,0x5	 x28=0x00005000
      935989000	     46697	80008d24	11fd	c.addi	x3,-1	  x3:0x00000001  x3=0x00000000
      936009000	     46698	80008d26	e485	c.bnez	x9,80008d4e	  x9:0x0000044a
      936249000	     46710	80008d4e	8e2a	c.mv	x28,x10	  x0:0x00000000 x10:0x00000002 x28=0x00000002
      936729000	     46734	80008d50	00b51363	bne	x10,x11,80008d56	 x10:0x00000002 x11:0x00000007
      937549000	     46775	80008d56	01525363	bge	x4,x21,80008d5c	  x4:0xfffffda1 x21:0x671dcbc6
      937569000	     46776	80008d5a	8ff9	c.and	x15,x14	 x15:0x80021e58 x14:0x80025ce4 x15=0x80021c40
      937589000	     46777	80008d5c	527d	c.li	x4,-1	  x4=0xffffffff
      938329000	     46814	80008d5e	03efdbb3	divu	x23,x31,x30	 x31:0x28ba8ba8 x30:0x80025c64 x23=0x00000000
      938349000	     46815	80008d62	410e5313	srai	x6,x28,0x10	 x28:0x00000002  x6=0x00000000
      938369000	     46816	80008d66	00a10963	beq	x2,x10,80008d78	  x2:0xf5e39895 x10:0x00000002
      938389000	     46817	80008d6a	0001	c.addi	x0,0	  x0:0x00000000  x0=0x00000000
      938409000	     46818	80008d6c	01415cb3	srl	x25,x2,x20	  x2:0xf5e39895 x20:0x72000000 x25=0xf5e39895
      938429000	     46819	80008d70	015f46b3	xor	x13,x30,x21	 x30:0x80025c64 x21:0x671dcbc6 x13=0xe71f97a2
      938449000	     46820	80008d74	018a82b3	add	x5,x21,x24	 x21:0x671dcbc6 x24:0x00000001  x5=0x671dcbc7
      938749000	     46835	80008d78	724e1d37	lui	x26,0x724e1	 x26=0x724e1000
      938769000	     46836	80008d7c	0001	c.addi	x0,0	  x0:0x00000000  x0=0x00000000
      939189000	     46857	80008d7e	80bac413	xori	x8,x21,-2037	 x21:0x671dcbc6  x8=0x98e233cd
      939609000	     46878	80008d82	4080d193	srai	x3,x1,0x8	  x1:0x00000001  x3=0x00000000
      939629000	     46879	80008d86	0001	c.addi	x0,0	  x0:0x00000000  x0=0x00000000
      939929000	     46894	80008d88	07ce	c.slli	x15,0x13	 x15:0x80021c40 x15=0xe2000000
      939969000	     46896	80008d8a	03f039b3	mulhu	x19,x0,x31	  x0:0x00000000 x31:0x28ba8ba8 x19=0x00000000
      939989000	     46897	80008d8e	0695	c.addi	x13,5	 x13:0xe71f97a2 x13=0xe71f97a7
      940009000	     46898	80008d90	0035fc33	and	x24,x11,x3	 x11:0x00000007  x3:0x00000000 x24=0x00000000
      940409000	     46918	80008d94	03679433	mulh	x8,x15,x22	 x15:0xe2000000 x22:0xb9c16000  x8=0x083b56c0
      940429000	     46919	80008d98	f4d97593	andi	x11,x18,-179	 x18:0x000043bd x11=0x0000430d
      940449000	     46920	80008d9c	0001	c.addi	x0,0	  x0:0x00000000  x0=0x00000000
      940469000	     46921	80008d9e	0112db13	srli	x22,x5,0x11	  x5:0x671dcbc7 x22=0x0000338e
      941509000	     46973	80008da2	03a97e33	remu	x28,x18,x26	 x18:0x000043bd x26:0x724e1000 x28=0x000043bd
      941529000	     46974	80008da6	ef1d9d37	lui	x26,0xef1d9	 x26=0xef1d9000
      941549000	     46975	80008daa	004c1bb3	sll	x23,x24,x4	 x24:0x00000000  x4:0xffffffff x23=0x00000000
      941569000	     46976	80008dae	4e7ff793	andi	x15,x31,1255	 x31:0x28ba8ba8 x15=0x000000a0
      941589000	     46977	80008db2	0008f463	bgeu	x17,x0,80008dba	 x17:0xb9c4730e  x0:0x00000000
      941629000	     46979	80008dba	527d	c.li	x4,-1	  x4=0xffffffff
      941649000	     46980	80008dbc	51068513	addi	x10,x13,1296	 x13:0xe71f97a7 x10=0xe71f9cb7
      941709000	     46983	80008dc0	57393813	sltiu	x16,x18,1395	 x18:0x000043bd x16=0x00000000
      941729000	     46984	80008dc4	00cd41b3	xor	x3,x26,x12	 x26:0xef1d9000 x12:0x80021e58  x3=0x6f1f8e58
      941749000	     46985	80008dc8	e19d	c.bnez	x11,80008dee	 x11:0x0000430d
      942429000	     47019	80008dee	62c5	c.lui	x5,0x11	  x5=0x00011000
      943729000	     47084	80008df0	021167b3	rem	x15,x2,x1	  x2:0xf5e39895  x1:0x00000001 x15=0x00000000
      943749000	     47085	80008df4	0124db63	bge	x9,x18,80008e0a	  x9:0x0000044a x18:0x000043bd
      943769000	     47086	80008df8	8c29	c.xor	x8,x10	  x8:0x083b56c0 x10:0xe71f9cb7  x8=0xef24ca77
      943789000	     47087	80008dfa	8c21	c.xor	x8,x8	  x8:0xef24ca77  x8:0xef24ca77  x8=0x00000000
      943809000	     47088	80008dfc	6a9c0293	addi	x5,x24,1705	 x24:0x00000000  x5=0x000006a9
      943829000	     47089	80008e00	e6428813	addi	x16,x5,-412	  x5:0x000006a9 x16=0x0000050d
      943849000	     47090	80008e04	0001	c.addi	x0,0	  x0:0x00000000  x0=0x00000000
      943989000	     47097	80008e06	ed239d17	auipc	x26,0xed239	 x26=0x6d241e06
      944369000	     47116	80008e0a	03e70663	beq	x14,x30,80008e36	 x14:0x80025ce4 x30:0x80025c64
      944729000	     47134	80008e0e	0074f2b3	and	x5,x9,x7	  x9:0x0000044a  x7:0x00000000  x5=0x00000000
      944749000	     47135	80008e12	00f89bb3	sll	x23,x17,x15	 x17:0xb9c4730e x15:0x00000000 x23=0xb9c4730e
      944769000	     47136	80008e16	0001	c.addi	x0,0	  x0:0x00000000  x0=0x00000000
      945049000	     47150	80008e18	e015	c.bnez	x8,80008e3c	  x8:0x00000000
      945069000	     47151	80008e1a	4db1c893	xori	x17,x3,1243	  x3:0x6f1f8e58 x17=0x6f1f8a83
      945089000	     47152	80008e1e	75f92093	slti	x1,x18,1887	 x18:0x000043bd  x1=0x00000000
      945229000	     47159	80008e22	03c28c33	mul	x24,x5,x28	  x5:0x00000000 x28:0x000043bd x24=0x00000000
      945249000	     47160	80008e26	002bcfb3	xor	x31,x23,x2	 x23:0xb9c4730e  x2:0xf5e39895 x31=0x4c27eb9b
      945269000	     47161	80008e2a	37f6d397	auipc	x7,0x37f6d	  x7=0xb7f75e2a
      945309000	     47163	80008e2e	027f9db3	mulh	x27,x31,x7	 x31:0x4c27eb9b  x7:0xb7f75e2a x27=0xea923458
      945329000	     47164	80008e32	00b85b13	srli	x22,x16,0xb	 x16:0x0000050d x22=0x00000000
      945569000	     47176	80008e36	0178adb3	slt	x27,x17,x23	 x17:0x6f1f8a83 x23:0xb9c4730e x27=0x00000000
      945589000	     47177	80008e3a	c009	c.beqz	x8,80008e3c	  x8:0x00000000
      946169000	     47206	80008e3c	6fa1	c.lui	x31,0x8	 x31=0x00008000
      946249000	     47210	80008e3e	0072e4b3	or	x9,x5,x7	  x5:0x00000000  x7:0xb7f75e2a  x9=0xb7f75e2a
      946269000	     47211	80008e42	41df03b3	sub	x7,x30,x29	 x30:0x80025c64 x29:0xffc00516  x7=0x8042574e
      946689000	     47232	80008e46	523e4893	xori	x17,x28,1315	 x28:0x000043bd x17=0x0000469e
      946929000	     47244	80008e4a	0030ab33	slt	x22,x1,x3	  x1:0x00000000  x3:0x6f1f8e58 x22=0x00000001
      947269000	     47261	80008e4e	009b8933	add	x18,x23,x9	 x23:0xb9c4730e  x9:0xb7f75e2a x18=0x71bbd138
      947289000	     47262	80008e52	8ff1	c.and	x15,x12	 x15:0x00000000 x12:0x80021e58 x15=0x00000000
      947309000	     47263	80008e54	02994763	blt	x18,x9,80008e82	 x18:0x71bbd138  x9:0xb7f75e2a
      947329000	     47264	80008e58	03e81663	bne	x16,x30,80008e84	 x16:0x0000050d x30:0x80025c64
      948149000	     47305	80008e84	02087e63	bgeu	x16,x0,80008ec0	 x16:0x0000050d  x0:0x00000000
      948849000	     47340	80008ec0	47117d13	andi	x26,x2,1137	  x2:0xf5e39895 x26=0x00000011
      948869000	     47341	80008ec4	4147de93	srai	x29,x15,0x14	 x15:0x00000000 x29=0x00000000
      948889000	     47342	80008ec8	02cc90b7	lui	x1,0x2cc9	  x1=0x02cc9000
      948989000	     47347	80008ecc	03b83fb3	mulhu	x31,x16,x27	 x16:0x0000050d x27:0x00000000 x31=0x00000000
      949089000	     47352	80008ed0	00441033	sll	x0,x8,x4	  x8:0x00000000  x4:0xffffffff  x0=0x00000000
      949109000	     47353	80008ed4	01c0dbb3	srl	x23,x1,x28	  x1:0x02cc9000 x28:0x000043bd x23=0x00000000
      949209000	     47358	80008ed8	014a9893	slli	x17,x21,0x14	 x21:0x671dcbc6 x17=0xbc600000
      949949000	     47395	80008edc	03acd6b3	divu	x13,x25,x26	 x25:0xf5e39895 x26:0x00000011 x13=0x0e76ccbd
      949969000	     47396	80008ee0	0165f963	bgeu	x11,x22,80008ef2	 x11:0x0000430d x22:0x00000001
      950409000	     47418	80008ef2	00d28e63	beq	x5,x13,80008f0e	  x5:0x00000000 x13:0x0e76ccbd
      950429000	     47419	80008ef6	bc03cb37	lui	x22,0xbc03c	 x22=0xbc03c000
      950849000	     47440	80008efa	00809f93	slli	x31,x1,0x8	  x1:0x02cc9000 x31=0xcc900000
      950869000	     47441	80008efe	0000100f	fence.i	
      951589000	     47477	80008f02	037168b3	rem	x17,x2,x23	  x2:0xf5e39895 x23:0x00000000 x17=0xf5e39895
      951809000	     47488	80008f06	05005463	bge	x0,x16,80008f4e	  x0:0x00000000 x16:0x0000050d
      951849000	     47490	80008f0a	d4a1c497	auipc	x9,0xd4a1c	  x9=0x54a24f0a
      952029000	     47499	80008f0e	27038213	addi	x4,x7,624	  x7:0x8042574e  x4=0x804259be
      952049000	     47500	80008f12	0001	c.addi	x0,0	  x0:0x00000000  x0=0x00000000
      952149000	     47505	80008f14	04b28263	beq	x5,x11,80008f58	  x5:0x00000000 x11:0x0000430d
      952169000	     47506	80008f18	011d2c33	slt	x24,x26,x17	 x26:0x00000011 x17:0xf5e39895 x24=0x00000000
      952189000	     47507	80008f1c	0ff0000f	fence	iorw,iorw	
      952209000	     47508	80008f20	030cd563	bge	x25,x16,80008f4a	 x25:0xf5e39895 x16:0x0000050d
      952229000	     47509	80008f24	a8622b13	slti	x22,x4,-1402	  x4:0x804259be x22=0x00000001
      952369000	     47516	80008f28	01e1e833	or	x16,x3,x30	  x3:0x6f1f8e58 x30:0x80025c64 x16=0xef1fde7c
      952469000	     47521	80008f2c	c2804793	xori	x15,x0,-984	  x0:0x00000000 x15=0xfffffc28
      952489000	     47522	80008f30	015de363	bltu	x27,x21,80008f36	 x27:0x00000000 x21:0x671dcbc6
      953069000	     47551	80008f36	01c05513	srli	x10,x0,0x1c	  x0:0x00000000 x10=0x00000000
      953089000	     47552	80008f3a	65f23513	sltiu	x10,x4,1631	  x4:0x804259be x10=0x00000000
      953109000	     47553	80008f3e	fd776c17	auipc	x24,0xfd776	 x24=0x7d77ef3e
      953129000	     47554	80008f42	007c1263	bne	x24,x7,80008f46	 x24:0x7d77ef3e  x7:0x8042574e
      953529000	     47574	80008f46	01f3d993	srli	x19,x7,0x1f	  x7:0x8042574e x19=0x00000001
      953549000	     47575	80008f4a	5b8db993	sltiu	x19,x27,1464	 x27:0x00000000 x19=0x00000001
      953629000	     47579	80008f4e	402fd533	sra	x10,x31,x2	 x31:0xcc900000  x2:0xf5e39895 x10=0xfffffe64
      953649000	     47580	80008f52	0001	c.addi	x0,0	  x0:0x00000000  x0=0x00000000
      953669000	     47581	80008f54	007146b3	xor	x13,x2,x7	  x2:0xf5e39895  x7:0x8042574e x13=0x75a1cfdb
      953709000	     47583	80008f58	03d75433	divu	x8,x14,x29	 x14:0x80025ce4 x29:0x00000000  x8=0xffffffff
      953749000	     47585	80008f5c	8cc5	c.or	x9,x9	  x9:0x54a24f0a  x9:0x54a24f0a  x9=0x54a24f0a
      953929000	     47594	80008f5e	0ba12693	slti	x13,x2,186	  x2:0xf5e39895 x13=0x00000001
      953949000	     47595	80008f62	8fad	c.xor	x15,x11	 x15:0xfffffc28 x11:0x0000430d x15=0xffffbf25
      954129000	     47604	80008f64	0001	c.addi	x0,0	  x0:0x00000000  x0=0x00000000
      954149000	     47605	80008f66	66c1	c.lui	x13,0x10	 x13=0x00010000
      954569000	     47626	80008f68	03053833	mulhu	x16,x10,x16	 x10:0xfffffe64 x16:0xef1fde7c x16=0xef1fdcfb
      954589000	     47627	80008f6c	c62abd97	auipc	x27,0xc62ab	 x27=0x462b3f6c
      954649000	     47630	80008f70	00429c33	sll	x24,x5,x4	  x5:0x00000000  x4:0x804259be x24=0x00000000
      954669000	     47631	80008f74	10fd	c.addi	x1,-1	  x1:0x02cc9000  x1=0x02cc8fff
      954689000	     47632	80008f76	0001	c.addi	x0,0	  x0:0x00000000  x0=0x00000000
      954749000	     47635	80008f78	00121cb3	sll	x25,x4,x1	  x4:0x804259be  x1:0x02cc8fff x25=0x00000000
      954829000	     47639	80008f7c	41e85a33	sra	x20,x16,x30	 x16:0xef1fdcfb x30:0x80025c64 x20=0xfef1fdcf
      954849000	     47640	80008f80	01e41e13	slli	x28,x8,0x1e	  x8:0xffffffff x28=0xc0000000
      954869000	     47641	80008f84	01c2e833	or	x16,x5,x28	  x5:0x00000000 x28:0xc0000000 x16=0xc0000000
      954969000	     47646	80008f88	6ee5	c.lui	x29,0x19	 x29=0x00019000
      954989000	     47647	80008f8a	027f0eb3	mul	x29,x30,x7	 x30:0x80025c64  x7:0x8042574e x29=0x9fe62278
      955009000	     47648	80008f8e	224c3fb7	lui	x31,0x224c3	 x31=0x224c3000
      955429000	     47669	80008f92	032781b3	mul	x3,x15,x18	 x15:0xffffbf25 x18:0x71bbd138  x3=0xc0060518
      955449000	     47670	80008f96	99176797	auipc	x15,0x99176	 x15=0x1917ef96
      955869000	     47691	80008f9a	4165dfb3	sra	x31,x11,x22	 x11:0x0000430d x22:0x00000001 x31=0x00002186
      956689000	     47732	80008f9e	02704433	div	x8,x0,x7	  x0:0x00000000  x7:0x8042574e  x8=0x00000000
      956709000	     47733	80008fa2	0013ecb3	or	x25,x7,x1	  x7:0x8042574e  x1:0x02cc8fff x25=0x82cedfff
      957449000	     47770	80008fa6	027c59b3	divu	x19,x24,x7	 x24:0x00000000  x7:0x8042574e x19=0x00000000
      957469000	     47771	80008faa	039e5763	bge	x28,x25,80008fd8	 x28:0xc0000000 x25:0x82cedfff
      957889000	     47792	80008fd8	996a	c.add	x18,x26	 x18:0x71bbd138 x26:0x00000011 x18=0x71bbd149
      958289000	     47812	80008fda	015648b3	xor	x17,x12,x21	 x12:0x80021e58 x21:0x671dcbc6 x17=0xe71fd59e
      958309000	     47813	80008fde	83ea	c.mv	x7,x26	  x0:0x00000000 x26:0x00000011  x7=0x00000011
      958369000	     47816	80008fe0	10286693	ori	x13,x16,258	 x16:0xc0000000 x13=0xc0000102
      958389000	     47817	80008fe4	13604093	xori	x1,x0,310	  x0:0x00000000  x1=0x00000136
      959129000	     47854	80008fe8	02b45833	divu	x16,x8,x11	  x8:0x00000000 x11:0x0000430d x16=0x00000000
      959149000	     47855	80008fec	8c29	c.xor	x8,x10	  x8:0x00000000 x10:0xfffffe64  x8=0xfffffe64
      959169000	     47856	80008fee	0001	c.addi	x0,0	  x0:0x00000000  x0=0x00000000
      959909000	     47893	80008ff0	02f1d4b3	divu	x9,x3,x15	  x3:0xc0060518 x15:0x1917ef96  x9=0x00000007
      959929000	     47894	80008ff4	01760463	beq	x12,x23,80008ffc	 x12:0x80021e58 x23:0x00000000
      959949000	     47895	80008ff8	0083bf33	sltu	x30,x7,x8	  x7:0x00000011  x8:0xfffffe64 x30=0x00000001
      959969000	     47896	80008ffc	00feaeb3	slt	x29,x29,x15	 x29:0x9fe62278 x15:0x1917ef96 x29=0x00000001
      959989000	     47897	80009000	02b20ab3	mul	x21,x4,x11	  x4:0x804259be x11:0x0000430d x21=0xe0db48a6
      960009000	     47898	80009004	02b06463	bltu	x0,x11,8000902c	  x0:0x00000000 x11:0x0000430d
      960829000	     47939	8000902c	8ec1	c.or	x13,x8	 x13:0xc0000102  x8:0xfffffe64 x13=0xffffff66
      961649000	     47980	8000902e	00b39263	bne	x7,x11,80009032	  x7:0x00000011 x11:0x0000430d
      962209000	     48008	80009032	85e1	c.srai	x11,0x18	 x11:0x0000430d x11=0x00000000
      962229000	     48009	80009034	85cd	c.srai	x11,0x13	 x11:0x00000000 x11=0x00000000
      962249000	     48010	80009036	007dedb3	or	x27,x27,x7	 x27:0x462b3f6c  x7:0x00000011 x27=0x462b3f7d
      962269000	     48011	8000903a	01629263	bne	x5,x22,8000903e	  x5:0x00000000 x22:0x00000001
      962309000	     48013	8000903e	0001	c.addi	x0,0	  x0:0x00000000  x0=0x00000000
      963049000	     48050	80009040	03a8ef33	rem	x30,x17,x26	 x17:0xe71fd59e x26:0x00000011 x30=0xfffffff2
      963069000	     48051	80009044	0000100f	fence.i	
      963689000	     48082	80009048	8c7d	c.and	x8,x15	  x8:0xfffffe64 x15:0x1917ef96  x8=0x1917ee04
      963749000	     48085	8000904a	40cf56b3	sra	x13,x30,x12	 x30:0xfffffff2 x12:0x80021e58 x13=0xffffffff
      963769000	     48086	8000904e	01d92533	slt	x10,x18,x29	 x18:0x71bbd149 x29:0x00000001 x10=0x00000000
      963789000	     48087	80009052	00079693	slli	x13,x15,0x0	 x15:0x1917ef96 x13=0x1917ef96
      963809000	     48088	80009056	19d94d13	xori	x26,x18,413	 x18:0x71bbd149 x26=0x71bbd0d4
      963949000	     48095	8000905a	405b0c33	sub	x24,x22,x5	 x22:0x00000001  x5:0x00000000 x24=0x00000001
      963969000	     48096	8000905e	0ff0000f	fence	iorw,iorw	
      964709000	     48133	80009062	03d24a33	div	x20,x4,x29	  x4:0x804259be x29:0x00000001 x20=0x804259be
      968349000	     48315	80009066	415055b3	sra	x11,x0,x21	  x0:0x00000000 x21:0xe0db48a6 x11=0x00000000
      968369000	     48316	8000906a	41ed	c.li	x3,27	  x3=0x0000001b
      968409000	     48318	8000906c	028b9cb3	mulh	x25,x23,x8	 x23:0x00000000  x8:0x1917ee04 x25=0x00000000
      968429000	     48319	80009070	f49cdb17	auipc	x22,0xf49cd	 x22=0x749d6070
      968449000	     48320	80009074	0001	c.addi	x0,0	  x0:0x00000000  x0=0x00000000
      968469000	     48321	80009076	44684c93	xori	x25,x16,1094	 x16:0x00000000 x25=0x00000446
      968489000	     48322	8000907a	e2269417	auipc	x8,0xe2269	  x8=0x6227207a
      968509000	     48323	8000907e	6261	c.lui	x4,0x18	  x4=0x00018000
      968529000	     48324	80009080	0157bd33	sltu	x26,x15,x21	 x15:0x1917ef96 x21:0xe0db48a6 x26=0x00000001
      968649000	     48330	80009084	e785	c.bnez	x15,800090ac	 x15:0x1917ef96
      969569000	     48376	800090ac	0252d333	divu	x6,x5,x5	  x5:0x00000000  x5:0x00000000  x6=0xffffffff
      970069000	     48401	800090b0	8855	c.andi	x8,21	  x8:0x6227207a  x8=0x00000010
      970089000	     48402	800090b2	059d	c.addi	x11,7	 x11:0x00000000 x11=0x00000007
      970409000	     48418	800090b4	0194feb3	and	x29,x9,x25	  x9:0x00000007 x25:0x00000446 x29=0x00000006
      970549000	     48425	800090b8	001b23b3	slt	x7,x22,x1	 x22:0x749d6070  x1:0x00000136  x7=0x00000000
      970809000	     48438	800090bc	99fd	c.andi	x11,-1	 x11:0x00000007 x11=0x00000007
      970829000	     48439	800090be	0d66	c.slli	x26,0x19	 x26:0x00000001 x26=0x02000000
      970869000	     48441	800090c0	3a92f013	andi	x0,x5,937	  x5:0x00000000  x0=0x00000000
      970889000	     48442	800090c4	010b9513	slli	x10,x23,0x10	 x23:0x00000000 x10=0x00000000
      970909000	     48443	800090c8	0001	c.addi	x0,0	  x0:0x00000000  x0=0x00000000
      971049000	     48450	800090ca	413bd033	sra	x0,x23,x19	 x23:0x00000000 x19:0x00000000  x0=0x00000000
      971369000	     48466	800090ce	033c1463	bne	x24,x19,800090f6	 x24:0x00000001 x19:0x00000000
      972709000	     48533	800090f6	003e1463	bne	x28,x3,800090fe	 x28:0xc0000000  x3:0x0000001b
      973269000	     48561	800090fe	0f5e	c.slli	x30,0x17	 x30:0xfffffff2 x30=0xf9000000
      973329000	     48564	80009100	026631b3	mulhu	x3,x12,x6	 x12:0x80021e58  x6:0xffffffff  x3=0x80021e57
      973349000	     48565	80009104	0a16	c.slli	x20,0x5	 x20:0x804259be x20=0x084b37c0
      973369000	     48566	80009106	9fa2	c.add	x31,x8	 x31:0x00002186  x8:0x00000010 x31=0x00002196
      974109000	     48603	80009108	0241f233	remu	x4,x3,x4	  x3:0x80021e57  x4:0x00018000  x4=0x00011e57
      974129000	     48604	8000910c	5bfd	c.li	x23,-1	 x23=0xffffffff
      974149000	     48605	8000910e	8d2d	c.xor	x10,x11	 x10:0x00000000 x11:0x00000007 x10=0x00000007
      974169000	     48606	80009110	187d	c.addi	x16,-1	 x16:0x00000000 x16=0xffffffff
      974189000	     48607	80009112	868d	c.srai	x13,0x3	 x13:0x1917ef96 x13=0x0322fdf2
      974209000	     48608	80009114	67f9	c.lui	x15,0x1e	 x15=0x0001e000
      974229000	     48609	80009116	a504f193	andi	x3,x9,-1456	  x9:0x00000007  x3=0x00000000
      974249000	     48610	8000911a	821a	c.mv	x4,x6	  x0:0x00000000  x6:0xffffffff  x4=0xffffffff
      974269000	     48611	8000911c	01931e93	slli	x29,x6,0x19	  x6:0xffffffff x29=0xfe000000
      974329000	     48614	80009120	00f855b3	srl	x11,x16,x15	 x16:0xffffffff x15:0x0001e000 x11=0xffffffff
      974349000	     48615	80009124	8ed9	c.or	x13,x14	 x13:0x0322fdf2 x14:0x80025ce4 x13=0x8322fdf6
      974369000	     48616	80009126	c39d	c.beqz	x15,8000914c	 x15:0x0001e000
      974389000	     48617	80009128	01a739b3	sltu	x19,x14,x26	 x14:0x80025ce4 x26:0x02000000 x19=0x00000000
      974409000	     48618	8000912c	5dfd	c.li	x27,-1	 x27=0xffffffff
      974489000	     48622	8000912e	b6673a93	sltiu	x21,x14,-1178	 x14:0x80025ce4 x21=0x00000001
      974509000	     48623	80009132	8ef5	c.and	x13,x13	 x13:0x8322fdf6 x13:0x8322fdf6 x13=0x8322fdf6
      974549000	     48625	80009134	c6af7037	lui	x0,0xc6af7	  x0=0x00000000
      974909000	     48643	80009138	dabfb993	sltiu	x19,x31,-597	 x31:0x00002196 x19=0x00000001
      974929000	     48644	8000913c	8d25	c.xor	x10,x9	 x10:0x00000007  x9:0x00000007 x10=0x00000000
      974949000	     48645	8000913e	011f4463	blt	x30,x17,80009146	 x30:0xf9000000 x17:0xe71fd59e
      974989000	     48647	80009142	00a11c33	sll	x24,x2,x10	  x2:0xf5e39895 x10:0x00000000 x24=0xf5e39895
      975009000	     48648	80009146	92e2	c.add	x5,x24	  x5:0x00000000 x24:0xf5e39895  x5=0xf5e39895
      975029000	     48649	80009148	8420e097	auipc	x1,0x8420e	  x1=0x04217148
      975049000	     48650	8000914c	66bdc5b7	lui	x11,0x66bdc	 x11=0x66bdc000
      975429000	     48669	80009150	001907b3	add	x15,x18,x1	 x18:0x71bbd149  x1:0x04217148 x15=0x75dd4291
      975529000	     48674	80009154	407f51b3	sra	x3,x30,x7	 x30:0xf9000000  x7:0x00000000  x3=0xf9000000
      975609000	     48678	80009158	8549	c.srai	x10,0x12	 x10:0x00000000 x10=0x00000000
      975669000	     48681	8000915a	021c34b3	mulhu	x9,x24,x1	 x24:0xf5e39895  x1:0x04217148  x9=0x03f7ad87
      975689000	     48682	8000915e	c095	c.beqz	x9,80009182	  x9:0x03f7ad87
      975829000	     48689	80009160	81c5	c.srli	x11,0x11	 x11:0x66bdc000 x11=0x0000335e
      975849000	     48690	80009162	3755b213	sltiu	x4,x11,885	 x11:0x0000335e  x4=0x00000000
      975869000	     48691	80009166	884d	c.andi	x8,19	  x8:0x00000010  x8=0x00000010
      976109000	     48703	80009168	0001	c.addi	x0,0	  x0:0x00000000  x0=0x00000000
      976249000	     48710	8000916a	014dfbb3	and	x23,x27,x20	 x27:0xffffffff x20:0x084b37c0 x23=0x084b37c0
      976269000	     48711	8000916e	006f5a63	bge	x30,x6,80009182	 x30:0xf9000000  x6:0xffffffff
      976289000	     48712	80009172	19fd	c.addi	x19,-1	 x19:0x00000001 x19=0x00000000
      976689000	     48732	80009174	8c8d	c.sub	x9,x11	  x9:0x03f7ad87 x11:0x0000335e  x9=0x03f77a29
      976709000	     48733	80009176	0000100f	fence.i	
      977369000	     48766	8000917a	b8081c37	lui	x24,0xb8081	 x24=0xb8081000
      977509000	     48773	8000917e	023b8463	beq	x23,x3,800091a6	 x23:0x084b37c0  x3:0xf9000000
      977529000	     48774	80009182	0001	c.addi	x0,0	  x0:0x00000000  x0=0x00000000
      977769000	     48786	80009184	0895	c.addi	x17,5	 x17:0xe71fd59e x17=0xe71fd5a3
      978149000	     48805	80009186	01ecdd33	srl	x26,x25,x30	 x25:0x00000446 x30:0xf9000000 x26=0x00000446
      978589000	     48827	8000918a	024372b3	remu	x5,x6,x4	  x6:0xffffffff  x4:0x00000000  x5=0xffffffff
      978829000	     48839	8000918e	011cef63	bltu	x25,x17,800091ac	 x25:0x00000446 x17:0xe71fd5a3
      980249000	     48910	800091ac	02de4433	div	x8,x28,x13	 x28:0xc0000000 x13:0x8322fdf6  x8=0x00000000
      980269000	     48911	800091b0	02c7c863	blt	x15,x12,800091e0	 x15:0x75dd4291 x12:0x80021e58
      980289000	     48912	800091b4	404685b3	sub	x11,x13,x4	 x13:0x8322fdf6  x4:0x00000000 x11=0x8322fdf6
      980309000	     48913	800091b8	00e81263	bne	x16,x14,800091bc	 x16:0xffffffff x14:0x80025ce4
      980669000	     48931	800091bc	09be5517	auipc	x10,0x9be5	 x10=0x89bee1bc
      980689000	     48932	800091c0	40a0d593	srai	x11,x1,0xa	  x1:0x04217148 x11=0x0001085c
      980709000	     48933	800091c4	04fd6363	bltu	x26,x15,8000920a	 x26:0x00000446 x15:0x75dd4291
      981089000	     48952	8000920a	4f9ffa17	auipc	x20,0x4f9ff	 x20=0xcfa0820a
      981109000	     48953	8000920e	8795	c.srai	x15,0x5	 x15:0x75dd4291 x15=0x03aeea14
      981129000	     48954	80009210	e485	c.bnez	x9,80009238	  x9:0x03f77a29
      982109000	     49003	80009238	87b3ac13	slti	x24,x7,-1925	  x7:0x00000000 x24=0x00000000
      982529000	     49024	8000923c	413b84b3	sub	x9,x23,x19	 x23:0x084b37c0 x19:0x00000000  x9=0x084b37c0
      983269000	     49061	80009240	029aec33	rem	x24,x21,x9	 x21:0x00000001  x9:0x084b37c0 x24=0x00000001
      983289000	     49062	80009244	2fc66d13	ori	x26,x12,764	 x12:0x80021e58 x26=0x80021efc
      983309000	     49063	80009248	01d6dc93	srli	x25,x13,0x1d	 x13:0x8322fdf6 x25=0x00000004
      983329000	     49064	8000924c	0154dbb3	srl	x23,x9,x21	  x9:0x084b37c0 x21:0x00000001 x23=0x04259be0
      983369000	     49066	80009250	027e2db3	mulhsu	x27,x28,x7	 x28:0xc0000000  x7:0x00000000 x27=0x00000000
      983409000	     49068	80009254	03dea033	mulhsu	x0,x29,x29	 x29:0xfe000000 x29:0xfe000000  x0=0x00000000
      983429000	     49069	80009258	5d4c6e13	ori	x28,x24,1492	 x24:0x00000001 x28=0x000005d5
      983469000	     49071	8000925c	021711b3	mulh	x3,x14,x1	 x14:0x80025ce4  x1:0x04217148  x3=0xfdef511e
      983489000	     49072	80009260	ef9baf13	slti	x30,x23,-263	 x23:0x04259be0 x30=0x00000000
      983669000	     49081	80009264	010e60b3	or	x1,x28,x16	 x28:0x000005d5 x16:0xffffffff  x1=0xffffffff
      983809000	     49088	80009268	6e343393	sltiu	x7,x8,1763	  x8:0x00000000  x7=0x00000001
      983869000	     49091	8000926c	0000100f	fence.i	
      984729000	     49134	80009270	013a1963	bne	x20,x19,80009282	 x20:0xcfa0820a x19:0x00000000
      985429000	     49169	80009282	009c1263	bne	x24,x9,80009286	 x24:0x00000001  x9:0x084b37c0
      986129000	     49204	80009286	8ed9	c.or	x13,x14	 x13:0x8322fdf6 x14:0x80025ce4 x13=0x8322fdf6
      986149000	     49205	80009288	012afb63	bgeu	x21,x18,8000929e	 x21:0x00000001 x18:0x71bbd149
      986189000	     49207	8000928c	93d2	c.add	x7,x20	  x7:0x00000001 x20:0xcfa0820a  x7=0xcfa0820b
      986209000	     49208	8000928e	0001	c.addi	x0,0	  x0:0x00000000  x0=0x00000000
      986369000	     49216	80009290	00d8e463	bltu	x17,x13,80009298	 x17:0xe71fd5a3 x13:0x8322fdf6
      986389000	     49217	80009294	4010d533	sra	x10,x1,x1	  x1:0xffffffff  x1:0xffffffff x10=0xffffffff
      986429000	     49219	80009298	09be	c.slli	x19,0xf	 x19:0x00000000 x19=0x00000000
      987169000	     49256	8000929a	02e5d5b3	divu	x11,x11,x14	 x11:0x0001085c x14:0x80025ce4 x11=0x00000000
      987189000	     49257	8000929e	410788b3	sub	x17,x15,x16	 x15:0x03aeea14 x16:0xffffffff x17=0x03aeea15
      987209000	     49258	800092a2	886d	c.andi	x8,27	  x8:0x00000000  x8=0x00000000
      987229000	     49259	800092a4	922f6e13	ori	x28,x30,-1758	 x30:0x00000000 x28=0xfffff922
      987249000	     49260	800092a8	8edd	c.or	x13,x15	 x13:0x8322fdf6 x15:0x03aeea14 x13=0x83aefff6
      987269000	     49261	800092aa	008114b3	sll	x9,x2,x8	  x2:0xf5e39895  x8:0x00000000  x9=0xf5e39895
      987289000	     49262	800092ae	82aa	c.mv	x5,x10	  x0:0x00000000 x10:0xffffffff  x5=0xffffffff
      987309000	     49263	800092b0	0cc5	c.addi	x25,17	 x25:0x00000004 x25=0x00000015
      987349000	     49265	800092b2	00f05f93	srli	x31,x0,0xf	  x0:0x00000000 x31=0x00000000
      987369000	     49266	800092b6	000d1f93	slli	x31,x26,0x0	 x26:0x80021efc x31=0x80021efc
      987669000	     49281	800092ba	028e5ab3	divu	x21,x28,x8	 x28:0xfffff922  x8:0x00000000 x21=0xffffffff
      988789000	     49337	800092be	03024fb3	div	x31,x4,x16	  x4:0x00000000 x16:0xffffffff x31=0x00000000
      988809000	     49338	800092c2	015b77b3	and	x15,x22,x21	 x22:0x749d6070 x21:0xffffffff x15=0x749d6070
      988829000	     49339	800092c6	03444663	blt	x8,x20,800092f2	  x8:0x00000000 x20:0xcfa0820a
      988849000	     49340	800092ca	8db1	c.xor	x11,x12	 x11:0x00000000 x12:0x80021e58 x11=0x80021e58
      988889000	     49342	800092cc	020cd4b3	divu	x9,x25,x0	 x25:0x00000015  x0:0x00000000  x9=0xffffffff
      988929000	     49344	800092d0	03393433	mulhu	x8,x18,x19	 x18:0x71bbd149 x19:0x00000000  x8=0x00000000
      989149000	     49355	800092d4	013c06b3	add	x13,x24,x19	 x24:0x00000001 x19:0x00000000 x13=0x00000001
      989169000	     49356	800092d8	02c06263	bltu	x0,x12,800092fc	  x0:0x00000000 x12:0x80021e58
     1010089000	     50402	800092fc	03759eb3	mulh	x29,x11,x23	 x11:0x80021e58 x23:0x04259be0 x29=0xfded3ad9
     1010109000	     50403	80009300	034002b3	mul	x5,x0,x20	  x0:0x00000000 x20:0xcfa0820a  x5=0x00000000
     1010129000	     50404	80009304	01c6a4b3	slt	x9,x13,x28	 x13:0x00000001 x28:0xfffff922  x9=0x00000000
     1010149000	     50405	80009308	01a98e63	beq	x19,x26,80009324	 x19:0x00000000 x26:0x80021efc
     1010169000	     50406	8000930c	8cb5	c.xor	x9,x13	  x9:0x00000000 x13:0x00000001  x9=0x00000001
     1010189000	     50407	8000930e	34048413	addi	x8,x9,832	  x9:0x00000001  x8=0x00000341
     1010209000	     50408	80009312	1cfd	c.addi	x25,-1	 x25:0x00000015 x25=0x00000014
     1010549000	     50425	80009314	0221aa33	mulhsu	x20,x3,x2	  x3:0xfdef511e  x2:0xf5e39895 x20=0xfe04329b
     1010949000	     50445	80009318	01207463	bgeu	x0,x18,80009320	  x0:0x00000000 x18:0x71bbd149
     1010969000	     50446	8000931c	a7133193	sltiu	x3,x6,-1423	  x6:0xffffffff  x3=0x00000000
     1011709000	     50483	80009320	0273f233	remu	x4,x7,x7	  x7:0xcfa0820b  x7:0xcfa0820b  x4=0x00000000
     1011729000	     50484	80009324	00b0d793	srli	x15,x1,0xb	  x1:0xffffffff x15=0x001fffff
     1011769000	     50486	80009328	02b63ab3	mulhu	x21,x12,x11	 x12:0x80021e58 x11:0x80021e58 x21=0x40021e5c
     1011789000	     50487	8000932c	0002ef63	bltu	x5,x0,8000934a	  x5:0x00000000  x0:0x00000000
     1011809000	     50488	80009330	597d	c.li	x18,-1	 x18=0xffffffff
     1011829000	     50489	80009332	41200a33	sub	x20,x0,x18	  x0:0x00000000 x18:0xffffffff x20=0x00000001
     1011849000	     50490	80009336	8d41	c.or	x10,x8	 x10:0xffffffff  x8:0x00000341 x10=0xffffffff
     1011889000	     50492	80009338	032923b3	mulhsu	x7,x18,x18	 x18:0xffffffff x18:0xffffffff  x7=0xffffffff
     1012009000	     50498	8000933c	03920663	beq	x4,x25,80009368	  x4:0x00000000 x25:0x00000014
     1012069000	     50501	80009340	8d15	c.sub	x10,x13	 x10:0xffffffff x13:0x00000001 x10=0xfffffffe
     1012109000	     50503	80009342	0346b6b3	mulhu	x13,x13,x20	 x13:0x00000001 x20:0x00000001 x13=0x00000000
     1012149000	     50505	80009346	41605793	srai	x15,x0,0x16	  x0:0x00000000 x15=0x00000000
     1012169000	     50506	8000934a	0441	c.addi	x8,16	  x8:0x00000341  x8=0x00000351
     1012209000	     50508	8000934c	03022933	mulhsu	x18,x4,x16	  x4:0x00000000 x16:0xffffffff x18=0x00000000
     1012589000	     50527	80009350	8e99	c.sub	x13,x14	 x13:0x00000000 x14:0x80025ce4 x13=0x7ffda31c
     1012989000	     50547	80009352	2a1daa93	slti	x21,x27,673	 x27:0x00000000 x21=0x00000001
     1013009000	     50548	80009356	c021	c.beqz	x8,80009396	  x8:0x00000351
     1013409000	     50568	80009358	e801	c.bnez	x8,80009368	  x8:0x00000351
     1014309000	     50613	80009368	01f4fdb3	and	x27,x9,x31	  x9:0x00000001 x31:0x00000000 x27=0x00000000
     1014469000	     50621	8000936c	8f85	c.sub	x15,x9	 x15:0x00000000  x9:0x00000001 x15=0xffffffff
     1014509000	     50623	8000936e	00fbe1b3	or	x3,x23,x15	 x23:0x04259be0 x15:0xffffffff  x3=0xffffffff
     1014529000	     50624	80009372	8506	c.mv	x10,x1	  x0:0x00000000  x1:0xffffffff x10=0xffffffff
     1014569000	     50626	80009374	035fbeb3	mulhu	x29,x31,x21	 x31:0x00000000 x21:0x00000001 x29=0x00000000
     1014729000	     50634	80009378	4499	c.li	x9,6	  x9=0x00000006
     1014749000	     50635	8000937a	e795	c.bnez	x15,800093a6	 x15:0xffffffff
     1015109000	     50653	800093a6	858d	c.srai	x11,0x3	 x11:0x80021e58 x11=0xf00043cb
     1015209000	     50658	800093a8	03a5b333	mulhu	x6,x11,x26	 x11:0xf00043cb x26:0x80021efc  x6=0x78021ef2
     1015229000	     50659	800093ac	8ef5	c.and	x13,x13	 x13:0x7ffda31c x13:0x7ffda31c x13=0x7ffda31c
     1015309000	     50663	800093ae	3ccaed13	ori	x26,x21,972	 x21:0x00000001 x26=0x000003cd
     1015489000	     50672	800093b2	77f97313	andi	x6,x18,1919	 x18:0x00000000  x6=0x00000000
     1015809000	     50688	800093b6	41b30ab3	sub	x21,x6,x27	  x6:0x00000000 x27:0x00000000 x21=0x00000000
     1015829000	     50689	800093ba	8fa5	c.xor	x15,x9	 x15:0xffffffff  x9:0x00000006 x15=0xfffffff9
     1016009000	     50698	800093bc	40ad8833	sub	x16,x27,x10	 x27:0x00000000 x10:0xffffffff x16=0x00000001
     1016209000	     50708	800093c0	03700463	beq	x0,x23,800093e8	  x0:0x00000000 x23:0x04259be0
     1016269000	     50711	800093c4	c109	c.beqz	x10,800093c6	 x10:0xffffffff
     1016289000	     50712	800093c6	01769093	slli	x1,x13,0x17	 x13:0x7ffda31c  x1=0x8e000000
     1016309000	     50713	800093ca	03a603b3	mul	x7,x12,x26	 x12:0x80021e58 x26:0x000003cd  x7=0x880d5478
     1016329000	     50714	800093ce	0000100f	fence.i	
     1017109000	     50753	800093d2	01a53233	sltu	x4,x10,x26	 x10:0xffffffff x26:0x000003cd  x4=0x00000000
     1017309000	     50763	800093d6	02077463	bgeu	x14,x0,800093fe	 x14:0x80025ce4  x0:0x00000000
     1018129000	     50804	800093fe	0000100f	fence.i	
     1018689000	     50832	80009402	00a5ca33	xor	x20,x11,x10	 x11:0xf00043cb x10:0xffffffff x20=0x0fffbc34
     1018809000	     50838	80009406	1f3e1e17	auipc	x28,0x1f3e1	 x28=0x9f3ea406
     1018829000	     50839	8000940a	00e69993	slli	x19,x13,0xe	 x13:0x7ffda31c x19=0x68c70000
     1018849000	     50840	8000940e	f5da2893	slti	x17,x20,-163	 x20:0x0fffbc34 x17=0x00000000
     1018929000	     50844	80009412	010e4363	blt	x28,x16,80009418	 x28:0x9f3ea406 x16:0x00000001
     1019129000	     50854	80009418	0144fbb3	and	x23,x9,x20	  x9:0x00000006 x20:0x0fffbc34 x23=0x00000004
     1019309000	     50863	8000941c	c811	c.beqz	x8,80009430	  x8:0x00000351
     1019329000	     50864	8000941e	00735fb3	srl	x31,x6,x7	  x6:0x00000000  x7:0x880d5478 x31=0x00000000
     1019349000	     50865	80009422	9e46	c.add	x28,x17	 x28:0x9f3ea406 x17:0x00000000 x28=0x9f3ea406
     1019449000	     50870	80009424	03d16f63	bltu	x2,x29,80009462	  x2:0xf5e39895 x29:0x00000000
     1019769000	     50886	80009428	033c2433	mulhsu	x8,x24,x19	 x24:0x00000001 x19:0x68c70000  x8=0x00000000
     1019789000	     50887	8000942c	008e1513	slli	x10,x28,0x8	 x28:0x9f3ea406 x10=0x3ea40600
     1019889000	     50892	80009430	639d	c.lui	x7,0x7	  x7=0x00007000
     1019909000	     50893	80009432	804f8e37	lui	x28,0x804f8	 x28=0x804f8000
     1019929000	     50894	80009436	cc61e993	ori	x19,x3,-826	  x3:0xffffffff x19=0xffffffff
     1019949000	     50895	8000943a	01cd9db3	sll	x27,x27,x28	 x27:0x00000000 x28:0x804f8000 x27=0x00000000
     1019969000	     50896	8000943e	010fee33	or	x28,x31,x16	 x31:0x00000000 x16:0x00000001 x28=0x00000001
     1020289000	     50912	80009442	100eb413	sltiu	x8,x29,256	 x29:0x00000000  x8=0x00000001
     1020309000	     50913	80009446	4b19	c.li	x22,6	 x22=0x00000006
     1020489000	     50922	80009448	0ba6	c.slli	x23,0x9	 x23:0x00000004 x23=0x00000800
     1020509000	     50923	8000944a	0001	c.addi	x0,0	  x0:0x00000000  x0=0x00000000
     1020529000	     50924	8000944c	55fd	c.li	x11,-1	 x11=0xffffffff
     1020609000	     50928	8000944e	03f96c33	rem	x24,x18,x31	 x18:0x00000000 x31:0x00000000 x24=0x00000000
     1020629000	     50929	80009452	023e	c.slli	x4,0xf	  x4:0x00000000  x4=0x00000000
     1021369000	     50966	80009454	023143b3	div	x7,x2,x3	  x2:0xf5e39895  x3:0xffffffff  x7=0x0a1c676b
     1021389000	     50967	80009458	01f0f4b3	and	x9,x1,x31	  x1:0x8e000000 x31:0x00000000  x9=0x00000000
     1021409000	     50968	8000945c	0001	c.addi	x0,0	  x0:0x00000000  x0=0x00000000
     1021429000	     50969	8000945e	76e8aa93	slti	x21,x17,1902	 x17:0x00000000 x21=0x00000001
     1021449000	     50970	80009462	00167933	and	x18,x12,x1	 x12:0x80021e58  x1:0x8e000000 x18=0x80000000
     1021469000	     50971	80009466	0329	c.addi	x6,10	  x6:0x00000000  x6=0x0000000a
     1021489000	     50972	80009468	015d1993	slli	x19,x26,0x15	 x26:0x000003cd x19=0x79a00000
     1021509000	     50973	8000946c	0350f763	bgeu	x1,x21,8000949a	  x1:0x8e000000 x21:0x00000001
     1022269000	     51011	8000949a	7d3d6e13	ori	x28,x26,2003	 x26:0x000003cd x28=0x000007df
     1022389000	     51017	8000949e	f2ef2293	slti	x5,x30,-210	 x30:0x00000000  x5=0x00000000
     1022469000	     51021	800094a2	01701e33	sll	x28,x0,x23	  x0:0x00000000 x23:0x00000800 x28=0x00000000
     1022489000	     51022	800094a6	6341	c.lui	x6,0x10	  x6=0x00010000
     1022509000	     51023	800094a8	02519263	bne	x3,x5,800094cc	  x3:0xffffffff  x5:0x00000000
     1023069000	     51051	800094cc	0216ad33	mulhsu	x26,x13,x1	 x13:0x7ffda31c  x1:0x8e000000 x26=0x46feb079
     1023209000	     51058	800094d0	8ea6	c.mv	x29,x9	  x0:0x00000000  x9:0x00000000 x29=0x00000000
     1023229000	     51059	800094d2	016c6bb3	or	x23,x24,x22	 x24:0x00000000 x22:0x00000006 x23=0x00000006
     1023269000	     51061	800094d6	0ff0000f	fence	iorw,iorw	
     1023409000	     51068	800094da	018fdd33	srl	x26,x31,x24	 x31:0x00000000 x24:0x00000000 x26=0x00000000
     1023429000	     51069	800094de	6f69	c.lui	x30,0x1a	 x30=0x0001a000
     1023449000	     51070	800094e0	8fe5	c.and	x15,x9	 x15:0xfffffff9  x9:0x00000000 x15=0x00000000
     1023469000	     51071	800094e2	8e9e	c.mv	x29,x7	  x0:0x00000000  x7:0x0a1c676b x29=0x0a1c676b
     1023849000	     51090	800094e4	1b7d	c.addi	x22,-1	 x22:0x00000006 x22=0x00000005
     1023969000	     51096	800094e6	017a1d33	sll	x26,x20,x23	 x20:0x0fffbc34 x23:0x00000006 x26=0xffef0d00
     1023989000	     51097	800094ea	e85ac093	xori	x1,x21,-379	 x21:0x00000001  x1=0xfffffe84
     1024009000	     51098	800094ee	01ef5193	srli	x3,x30,0x1e	 x30:0x0001a000  x3=0x00000000
     1024789000	     51137	800094f2	02b9f333	remu	x6,x19,x11	 x19:0x79a00000 x11:0xffffffff  x6=0x79a00000
     1024809000	     51138	800094f6	00022a13	slti	x20,x4,0	  x4:0x00000000 x20=0x00000000
     1024849000	     51140	800094fa	02c62fb3	mulhsu	x31,x12,x12	 x12:0x80021e58 x12:0x80021e58 x31=0xc0000004
     1024869000	     51141	800094fe	8dfd	c.and	x11,x15	 x11:0xffffffff x15:0x00000000 x11=0x00000000
     1024889000	     51142	80009500	8ea9	c.xor	x13,x10	 x13:0x7ffda31c x10:0x3ea40600 x13=0x4159a51c
     1024909000	     51143	80009502	0001	c.addi	x0,0	  x0:0x00000000  x0=0x00000000
     1024949000	     51145	80009504	038a38b3	mulhu	x17,x20,x24	 x20:0x00000000 x24:0x00000000 x17=0x00000000
     1024969000	     51146	80009508	0001	c.addi	x0,0	  x0:0x00000000  x0=0x00000000
     1024989000	     51147	8000950a	784fbb93	sltiu	x23,x31,1924	 x31:0xc0000004 x23=0x00000000
     1025009000	     51148	8000950e	0ff0000f	fence	iorw,iorw	
     1025029000	     51149	80009512	f31d2897	auipc	x17,0xf31d2	 x17=0x731db512
     1025049000	     51150	80009516	02ae5f63	bge	x28,x10,80009554	 x28:0x00000000 x10:0x3ea40600
     1025069000	     51151	8000951a	8189	c.srli	x11,0x2	 x11:0x00000000 x11=0x00000000
     1025469000	     51171	8000951c	024c6a33	rem	x20,x24,x4	 x24:0x00000000  x4:0x00000000 x20=0x00000000
     1025489000	     51172	80009520	0d52	c.slli	x26,0x14	 x26:0xffef0d00 x26=0xd0000000
     1025569000	     51176	80009522	67900f17	auipc	x30,0x67900	 x30=0xe7909522
     1025689000	     51182	80009526	00757d33	and	x26,x10,x7	 x10:0x3ea40600  x7:0x0a1c676b x26=0x0a040600
     1025829000	     51189	8000952a	01155493	srli	x9,x10,0x11	 x10:0x3ea40600  x9=0x00001f52
     1025849000	     51190	8000952e	6bf9	c.lui	x23,0x1e	 x23=0x0001e000
     1026249000	     51210	80009530	ed7cfe93	andi	x29,x25,-297	 x25:0x00000014 x29=0x00000014
     1026269000	     51211	80009534	034a	c.slli	x6,0x12	  x6:0x79a00000  x6=0x00000000
     1026369000	     51216	80009536	0153c463	blt	x7,x21,8000953e	  x7:0x0a1c676b x21:0x00000001
     1026569000	     51226	8000953a	000e4433	xor	x8,x28,x0	 x28:0x00000000  x0:0x00000000  x8=0x00000000
     1026589000	     51227	8000953e	8f5a4393	xori	x7,x20,-1803	 x20:0x00000000  x7=0xfffff8f5
     1026629000	     51229	80009542	00ef1563	bne	x30,x14,8000954c	 x30:0xe7909522 x14:0x80025ce4
     1027929000	     51294	8000954c	03579fb3	mulh	x31,x15,x21	 x15:0x00000000 x21:0x00000001 x31=0x00000000
     1028369000	     51316	80009550	03a022b3	mulhsu	x5,x0,x26	  x0:0x00000000 x26:0x0a040600  x5=0x00000000
     1028449000	     51320	80009554	00e0b533	sltu	x10,x1,x14	  x1:0xfffffe84 x14:0x80025ce4 x10=0x00000000
     1028529000	     51324	80009558	1d7d	c.addi	x26,-1	 x26:0x0a040600 x26=0x0a0405ff
     1028549000	     51325	8000955a	8f9d	c.sub	x15,x15	 x15:0x00000000 x15:0x00000000 x15=0x00000000
     1028569000	     51326	8000955c	0ff0000f	fence	iorw,iorw	
     1028869000	     51341	80009560	c291	c.beqz	x13,80009564	 x13:0x4159a51c
     1028889000	     51342	80009562	8c3d	c.xor	x8,x15	  x8:0x00000000 x15:0x00000000  x8=0x00000000
     1028909000	     51343	80009564	01e226b3	slt	x13,x4,x30	  x4:0x00000000 x30:0xe7909522 x13=0x00000000
     1028929000	     51344	80009568	fb40cc93	xori	x25,x1,-76	  x1:0xfffffe84 x25=0x00000130
     1029009000	     51348	8000956c	8d39	c.xor	x10,x14	 x10:0x00000000 x14:0x80025ce4 x10=0x80025ce4
     1029029000	     51349	8000956e	88d6	c.mv	x17,x21	  x0:0x00000000 x21:0x00000001 x17=0x00000001
     1029049000	     51350	80009570	00d435b3	sltu	x11,x8,x13	  x8:0x00000000 x13:0x00000000 x11=0x00000000
     1029209000	     51358	80009574	6f739eb7	lui	x29,0x6f739	 x29=0x6f739000
     1029629000	     51379	80009578	00d5a933	slt	x18,x11,x13	 x11:0x00000000 x13:0x00000000 x18=0x00000000
     1030049000	     51400	8000957c	80b9	c.srli	x9,0xe	  x9:0x00001f52  x9=0x00000000
     1030069000	     51401	8000957e	006a8e63	beq	x21,x6,8000959a	 x21:0x00000001  x6:0x00000000
     1030229000	     51409	80009582	4e8d6013	ori	x0,x26,1256	 x26:0x0a0405ff  x0=0x00000000
     1030249000	     51410	80009586	1b7d	c.addi	x22,-1	 x22:0x00000005 x22=0x00000004
     1030649000	     51430	80009588	0eb1	c.addi	x29,12	 x29:0x6f739000 x29=0x6f73900c
     1031069000	     51451	8000958a	01b45993	srli	x19,x8,0x1b	  x8:0x00000000 x19=0x00000000
     1031089000	     51452	8000958e	00ce4b63	blt	x28,x12,800095a4	 x28:0x00000000 x12:0x80021e58
     1031109000	     51453	80009592	8fd9	c.or	x15,x14	 x15:0x00000000 x14:0x80025ce4 x15=0x80025ce4
     1031509000	     51473	80009594	8cd1	c.or	x9,x12	  x9:0x00000000 x12:0x80021e58  x9=0x80021e58
     1038229000	     51809	80009596	02591463	bne	x18,x5,800095be	 x18:0x00000000  x5:0x00000000
     1038249000	     51810	8000959a	0001	c.addi	x0,0	  x0:0x00000000  x0=0x00000000
     1038269000	     51811	8000959c	40b75eb3	sra	x29,x14,x11	 x14:0x80025ce4 x11:0x00000000 x29=0x80025ce4
     1038289000	     51812	800095a0	01ba7263	bgeu	x20,x27,800095a4	 x20:0x00000000 x27:0x00000000
     1038329000	     51814	800095a4	01fb8d63	beq	x23,x31,800095be	 x23:0x0001e000 x31:0x00000000
     1038349000	     51815	800095a8	e3489f97	auipc	x31,0xe3489	 x31=0x634925a8
     1038389000	     51817	800095ac	026872b3	remu	x5,x16,x6	 x16:0x00000001  x6:0x00000000  x5=0x00000001
     1038669000	     51831	800095b0	0332c333	div	x6,x5,x19	  x5:0x00000001 x19:0x00000000  x6=0xffffffff
     1038689000	     51832	800095b4	8cd1	c.or	x9,x12	  x9:0x80021e58 x12:0x80021e58  x9=0x80021e58
     1038709000	     51833	800095b6	8c2d	c.xor	x8,x11	  x8:0x00000000 x11:0x00000000  x8=0x00000000
     1038969000	     51846	800095b8	004ee833	or	x16,x29,x4	 x29:0x80025ce4  x4:0x00000000 x16=0x80025ce4
     1038989000	     51847	800095bc	8816	c.mv	x16,x5	  x0:0x00000000  x5:0x00000001 x16=0x00000001
     1039009000	     51848	800095be	997d	c.andi	x10,-1	 x10:0x80025ce4 x10=0x80025ce4
     1039409000	     51868	800095c0	4174d513	srai	x10,x9,0x17	  x9:0x80021e58 x10=0xffffff00
     1039569000	     51876	800095c4	8d25	c.xor	x10,x9	 x10:0xffffff00  x9:0x80021e58 x10=0x7ffde158
     1039589000	     51877	800095c6	8c95	c.sub	x9,x13	  x9:0x80021e58 x13:0x00000000  x9=0x80021e58
     1039769000	     51886	800095c8	0ff0000f	fence	iorw,iorw	
     1040169000	     51906	800095cc	0fa84593	xori	x11,x16,250	 x16:0x00000001 x11=0x000000fb
     1040589000	     51927	800095d0	04e20363	beq	x4,x14,80009616	  x4:0x00000000 x14:0x80025ce4
     1040629000	     51929	800095d4	03c30963	beq	x6,x28,80009606	  x6:0xffffffff x28:0x00000000
     1041369000	     51966	800095d8	02a8c5b3	div	x11,x17,x10	 x17:0x00000001 x10:0x7ffde158 x11=0x00000000
     1041389000	     51967	800095dc	fdb30693	addi	x13,x6,-37	  x6:0xffffffff x13=0xffffffda
     1041409000	     51968	800095e0	9b116593	ori	x11,x2,-1615	  x2:0xf5e39895 x11=0xfffff9b5
     1041429000	     51969	800095e4	1afd	c.addi	x21,-1	 x21:0x00000001 x21=0x00000000
     1042169000	     52006	800095e6	02705033	divu	x0,x0,x7	  x0:0x00000000  x7:0xfffff8f5  x0=0x00000000
     1042189000	     52007	800095ea	03030463	beq	x6,x16,80009612	  x6:0xffffffff x16:0x00000001
     1042209000	     52008	800095ee	8e9d	c.sub	x13,x15	 x13:0xffffffda x15:0x80025ce4 x13=0x7ffda2f6
     1042229000	     52009	800095f0	f2366213	ori	x4,x12,-221	 x12:0x80021e58  x4=0xffffff7b
     1042249000	     52010	800095f4	d4765a37	lui	x20,0xd4765	 x20=0xd4765000
     1042269000	     52011	800095f8	7e5a5917	auipc	x18,0x7e5a5	 x18=0xfe5ae5f8
     1042289000	     52012	800095fc	01970233	add	x4,x14,x25	 x14:0x80025ce4 x25:0x00000130  x4=0x80025e14
     1042309000	     52013	80009600	4fa9	c.li	x31,10	 x31=0x0000000a
     1042529000	     52024	80009602	0000100f	fence.i	
     1042889000	     52042	80009606	004138b3	sltu	x17,x2,x4	  x2:0xf5e39895  x4:0x80025e14 x17=0x00000000
     1042909000	     52043	8000960a	8c59	c.or	x8,x14	  x8:0x00000000 x14:0x80025ce4  x8=0x80025ce4
     1042929000	     52044	8000960c	86e5	c.srai	x13,0x19	 x13:0x7ffda2f6 x13=0x0000003f
     1042949000	     52045	8000960e	0ff0000f	fence	iorw,iorw	
     1042969000	     52046	80009612	005b13b3	sll	x7,x22,x5	 x22:0x00000004  x5:0x00000001  x7=0x00000008
     1042989000	     52047	80009616	b6fa8913	addi	x18,x21,-1169	 x21:0x00000000 x18=0xfffffb6f
     1043169000	     52056	8000961a	aabd0a93	addi	x21,x26,-1365	 x26:0x0a0405ff x21=0x0a0400aa
     1043269000	     52061	8000961e	03ca2f33	mulhsu	x30,x20,x28	 x20:0xd4765000 x28:0x00000000 x30=0x00000000
     1043669000	     52081	80009622	50bcf893	andi	x17,x25,1291	 x25:0x00000130 x17=0x00000100
     1043789000	     52087	80009626	035f2333	mulhsu	x6,x30,x21	 x30:0x00000000 x21:0x0a0400aa  x6=0x00000000
     1043809000	     52088	8000962a	8aa2	c.mv	x21,x8	  x0:0x00000000  x8:0x80025ce4 x21=0x80025ce4
     1043829000	     52089	8000962c	01fc9c13	slli	x24,x25,0x1f	 x25:0x00000130 x24=0x00000000
     1043849000	     52090	80009630	012c4533	xor	x10,x24,x18	 x24:0x00000000 x18:0xfffffb6f x10=0xfffffb6f
     1043869000	     52091	80009634	40ec5d33	sra	x26,x24,x14	 x24:0x00000000 x14:0x80025ce4 x26=0x00000000
     1043909000	     52093	80009638	03b79e33	mulh	x28,x15,x27	 x15:0x80025ce4 x27:0x00000000 x28=0x00000000
     1044309000	     52113	8000963c	0234e363	bltu	x9,x3,80009662	  x9:0x80021e58  x3:0x00000000
     1044329000	     52114	80009640	03c40363	beq	x8,x28,80009666	  x8:0x80025ce4 x28:0x00000000
     1044749000	     52135	80009644	0001	c.addi	x0,0	  x0:0x00000000  x0=0x00000000
     1044789000	     52137	80009646	f01a5297	auipc	x5,0xf01a5	  x5=0x701ae646
     1044809000	     52138	8000964a	8ed5	c.or	x13,x13	 x13:0x0000003f x13:0x0000003f x13=0x0000003f
     1045589000	     52177	8000964c	034bdcb3	divu	x25,x23,x20	 x23:0x0001e000 x20:0xd4765000 x25=0x00000000
     1045609000	     52178	80009650	01e10863	beq	x2,x30,80009660	  x2:0xf5e39895 x30:0x00000000
     1045629000	     52179	80009654	00f2e363	bltu	x5,x15,8000965a	  x5:0x701ae646 x15:0x80025ce4
     1046029000	     52199	8000965a	54b0e813	ori	x16,x1,1355	  x1:0xfffffe84 x16=0xffffffcf
     1046049000	     52200	8000965e	0001	c.addi	x0,0	  x0:0x00000000  x0=0x00000000
     1046069000	     52201	80009660	14fd	c.addi	x9,-1	  x9:0x80021e58  x9=0x80021e57
     1046089000	     52202	80009662	00b42ab3	slt	x21,x8,x11	  x8:0x80025ce4 x11:0xfffff9b5 x21=0x00000001
     1046109000	     52203	80009666	416a5213	srai	x4,x20,0x16	 x20:0xd4765000  x4=0xffffff51
     1046129000	     52204	8000966a	01ba5263	bge	x20,x27,8000966e	 x20:0xd4765000 x27:0x00000000
     1046149000	     52205	8000966e	00509cb3	sll	x25,x1,x5	  x1:0xfffffe84  x5:0x701ae646 x25=0xffffa100
     1046169000	     52206	80009672	011f66b3	or	x13,x30,x17	 x30:0x00000000 x17:0x00000100 x13=0x00000100
     1046389000	     52217	80009676	04981063	bne	x16,x9,800096b6	 x16:0xffffffcf  x9:0x80021e57
     1046889000	     52242	800096b6	0ff0000f	fence	iorw,iorw	
     1047189000	     52257	800096ba	019f0e33	add	x28,x30,x25	 x30:0x00000000 x25:0xffffa100 x28=0xffffa100
     1047609000	     52278	800096be	cdd0b193	sltiu	x3,x1,-803	  x1:0xfffffe84  x3=0x00000000
     1047629000	     52279	800096c2	40e7ddb3	sra	x27,x15,x14	 x15:0x80025ce4 x14:0x80025ce4 x27=0xf80025ce
     1048049000	     52300	800096c6	d3e4f793	andi	x15,x9,-706	  x9:0x80021e57 x15=0x80021c16
     1048069000	     52301	800096ca	6f31	c.lui	x30,0xc	 x30=0x0000c000
     1048249000	     52310	800096cc	db1f8f17	auipc	x30,0xdb1f8	 x30=0x5b2016cc
     1048269000	     52311	800096d0	8546	c.mv	x10,x17	  x0:0x00000000 x17:0x00000100 x10=0x00000100
     1048289000	     52312	800096d2	b3e3c893	xori	x17,x7,-1218	  x7:0x00000008 x17=0xfffffb36
     1048309000	     52313	800096d6	8c52	c.mv	x24,x20	  x0:0x00000000 x20:0xd4765000 x24=0xd4765000
     1048469000	     52321	800096d8	023309b3	mul	x19,x6,x3	  x6:0x00000000  x3:0x00000000 x19=0x00000000
     1048629000	     52329	800096dc	0dfe	c.slli	x27,0x1f	 x27:0xf80025ce x27=0x00000000
     1048649000	     52330	800096de	0001	c.addi	x0,0	  x0:0x00000000  x0=0x00000000
     1048889000	     52342	800096e0	001a4463	blt	x20,x1,800096e8	 x20:0xd4765000  x1:0xfffffe84
     1049869000	     52391	800096e8	6c053e13	sltiu	x28,x10,1728	 x10:0x00000100 x28=0x00000001
     1049929000	     52394	800096ec	010bbf33	sltu	x30,x23,x16	 x23:0x0001e000 x16:0xffffffcf x30=0x00000001
     1050009000	     52398	800096f0	8d65	c.and	x10,x9	 x10:0x00000100  x9:0x80021e57 x10=0x00000000
     1050189000	     52407	800096f2	01295833	srl	x16,x18,x18	 x18:0xfffffb6f x18:0xfffffb6f x16=0x0001ffff
     1050209000	     52408	800096f6	8c05	c.sub	x8,x9	  x8:0x80025ce4  x9:0x80021e57  x8=0x00003e8d
     1050329000	     52414	800096f8	8fdd	c.or	x15,x15	 x15:0x80021c16 x15:0x80021c16 x15=0x80021c16
     1050349000	     52415	800096fa	00e66463	bltu	x12,x14,80009702	 x12:0x80021e58 x14:0x80025ce4
     1050989000	     52447	80009702	ed4d6c93	ori	x25,x26,-300	 x26:0x00000000 x25=0xfffffed4
     1051029000	     52449	80009706	01c546b3	xor	x13,x10,x28	 x10:0x00000000 x28:0x00000001 x13=0x00000001
     1051149000	     52455	8000970a	0ff0000f	fence	iorw,iorw	
     1051169000	     52456	8000970e	8b4f4413	xori	x8,x30,-1868	 x30:0x00000001  x8=0xfffff8b5
     1051189000	     52457	80009712	0000100f	fence.i	
     1051789000	     52487	80009716	03a7d163	bge	x15,x26,80009738	 x15:0x80021c16 x26:0x00000000
     1051809000	     52488	8000971a	01804263	blt	x0,x24,8000971e	  x0:0x00000000 x24:0xd4765000
     1051829000	     52489	8000971e	013b29b3	slt	x19,x22,x19	 x22:0x00000004 x19:0x00000000 x19=0x00000000
     1052249000	     52510	80009722	41e308b3	sub	x17,x6,x30	  x6:0x00000000 x30:0x00000001 x17=0xffffffff
     1052269000	     52511	80009726	8da1	c.xor	x11,x8	 x11:0xfffff9b5  x8:0xfffff8b5 x11=0x00000100
     1052289000	     52512	80009728	41ff8533	sub	x10,x31,x31	 x31:0x0000000a x31:0x0000000a x10=0x00000000
     1052309000	     52513	8000972c	01e0a3b3	slt	x7,x1,x30	  x1:0xfffffe84 x30:0x00000001  x7=0x00000001
     1052709000	     52533	80009730	0000100f	fence.i	
     1054309000	     52613	80009734	00c6d533	srl	x10,x13,x12	 x13:0x00000001 x12:0x80021e58 x10=0x00000000
     1054329000	     52614	80009738	41a6dab3	sra	x21,x13,x26	 x13:0x00000001 x26:0x00000000 x21=0x00000001
     1054529000	     52624	8000973c	40a2d193	srai	x3,x5,0xa	  x5:0x701ae646  x3=0x001c06b9
     1054549000	     52625	80009740	0e62	c.slli	x28,0x18	 x28:0x00000001 x28=0x01000000
     1055329000	     52664	80009742	028676b3	remu	x13,x12,x8	 x12:0x80021e58  x8:0xfffff8b5 x13=0x80021e58
     1055349000	     52665	80009746	8291	c.srli	x13,0x4	 x13:0x80021e58 x13=0x080021e5
     1055369000	     52666	80009748	e945ae93	slti	x29,x11,-364	 x11:0x00000100 x29=0x00000000
     1055389000	     52667	8000974c	00594563	blt	x18,x5,80009756	 x18:0xfffffb6f  x5:0x701ae646
     1055809000	     52688	80009756	033dc563	blt	x27,x19,80009780	 x27:0x00000000 x19:0x00000000
     1055829000	     52689	8000975a	03eae663	bltu	x21,x30,80009786	 x21:0x00000001 x30:0x00000001
     1056569000	     52726	8000975e	025a61b3	rem	x3,x20,x5	 x20:0xd4765000  x5:0x701ae646  x3=0xd4765000
     1056589000	     52727	80009762	17fd	c.addi	x15,-1	 x15:0x80021c16 x15=0x80021c15
     1056609000	     52728	80009764	05279263	bne	x15,x18,800097a8	 x15:0x80021c15 x18:0xfffffb6f
     1057089000	     52752	800097a8	03b23533	mulhu	x10,x4,x27	  x4:0xffffff51 x27:0x00000000 x10=0x00000000
     1057829000	     52789	800097ac	024ff9b3	remu	x19,x31,x4	 x31:0x0000000a  x4:0xffffff51 x19=0x0000000a
     1058569000	     52826	800097b0	03ebc233	div	x4,x23,x30	 x23:0x0001e000 x30:0x00000001  x4=0x0001e000
     1058589000	     52827	800097b4	042a	c.slli	x8,0xa	  x8:0xfffff8b5  x8=0xffe2d400
     1058609000	     52828	800097b6	01e41e93	slli	x29,x8,0x1e	  x8:0xffe2d400 x29=0x00000000
     1058629000	     52829	800097ba	cbe7aa13	slti	x20,x15,-834	 x15:0x80021c15 x20=0x00000001
     1058669000	     52831	800097be	029223b3	mulhsu	x7,x4,x9	  x4:0x0001e000  x9:0x80021e57  x7=0x0000f003
     1058689000	     52832	800097c2	ecc67c37	lui	x24,0xecc67	 x24=0xecc67000
     1058709000	     52833	800097c6	1a7d	c.addi	x20,-1	 x20:0x00000001 x20=0x00000000
     1058729000	     52834	800097c8	89d5	c.andi	x11,21	 x11:0x00000100 x11=0x00000000
     1058769000	     52836	800097ca	02113f33	mulhu	x30,x2,x1	  x2:0xf5e39895  x1:0xfffffe84 x30=0xf5e39728
     1058789000	     52837	800097ce	00c0d7b3	srl	x15,x1,x12	  x1:0xfffffe84 x12:0x80021e58 x15=0x000000ff
     1058809000	     52838	800097d2	ed99	c.bnez	x11,800097f0	 x11:0x00000000
     1058829000	     52839	800097d4	0000100f	fence.i	
     1059009000	     52848	800097d8	0309fd63	bgeu	x19,x16,80009812	 x19:0x0000000a x16:0x0001ffff
     1059049000	     52850	800097dc	7a08ca13	xori	x20,x17,1952	 x17:0xffffffff x20=0xfffff85f
     1059069000	     52851	800097e0	0ff0000f	fence	iorw,iorw	
     1059349000	     52865	800097e4	0c26	c.slli	x24,0x9	 x24:0xecc67000 x24=0x8ce00000
     1059749000	     52885	800097e6	00df02b3	add	x5,x30,x13	 x30:0xf5e39728 x13:0x080021e5  x5=0xfde3b90d
     1059769000	     52886	800097ea	8c59	c.or	x8,x14	  x8:0xffe2d400 x14:0x80025ce4  x8=0xffe2dce4
     1059949000	     52895	800097ec	695d	c.lui	x18,0x17	 x18=0x00017000
     1059969000	     52896	800097ee	4d21	c.li	x26,8	 x26=0x00000008
     1059989000	     52897	800097f0	4183d013	srai	x0,x7,0x18	  x7:0x0000f003  x0=0x00000000
     1060009000	     52898	800097f4	012296b3	sll	x13,x5,x18	  x5:0xfde3b90d x18:0x00017000 x13=0xfde3b90d
     1060409000	     52918	800097f8	012de933	or	x18,x27,x18	 x27:0x00000000 x18:0x00017000 x18=0x00017000
     1060429000	     52919	800097fc	e891	c.bnez	x9,80009810	  x9:0x80021e57
     1061069000	     52951	80009810	c011	c.beqz	x8,80009814	  x8:0xffe2dce4
     1061089000	     52952	80009812	157d	c.addi	x10,-1	 x10:0x00000000 x10=0xffffffff
     1061109000	     52953	80009814	1d57cd13	xori	x26,x15,469	 x15:0x000000ff x26=0x0000012a
     1061509000	     52973	80009818	01638e63	beq	x7,x22,80009834	  x7:0x0000f003 x22:0x00000004
     1061629000	     52979	8000981c	007f9093	slli	x1,x31,0x7	 x31:0x0000000a  x1=0x00000500
     1061649000	     52980	80009820	829d	c.srli	x13,0x7	 x13:0xfde3b90d x13=0x01fbc772
     1062069000	     53001	80009822	00e50263	beq	x10,x14,80009826	 x10:0xffffffff x14:0x80025ce4
     1062089000	     53002	80009826	6c51	c.lui	x24,0x14	 x24=0x00014000
     1062109000	     53003	80009828	2d907193	andi	x3,x0,729	  x0:0x00000000  x3=0x00000000
     1062129000	     53004	8000982c	afc46313	ori	x6,x8,-1284	  x8:0xffe2dce4  x6=0xfffffefc
     1062269000	     53011	80009830	4160d433	sra	x8,x1,x22	  x1:0x00000500 x22:0x00000004  x8=0x00000050
     1062429000	     53019	80009834	8091	c.srli	x9,0x4	  x9:0x80021e57  x9=0x080021e5
     1062449000	     53020	80009836	f6208913	addi	x18,x1,-158	  x1:0x00000500 x18=0x00000462
     1063329000	     53064	8000983a	034cd4b3	divu	x9,x25,x20	 x25:0xfffffed4 x20:0xfffff85f  x9=0x00000001
     1063349000	     53065	8000983e	02dd8163	beq	x27,x13,80009860	 x27:0x00000000 x13:0x01fbc772
     1063369000	     53066	80009842	63ad	c.lui	x7,0xb	  x7=0x0000b000
     1063389000	     53067	80009844	f481bd13	sltiu	x26,x3,-184	  x3:0x00000000 x26=0x00000001
     1063409000	     53068	80009848	0086	c.slli	x1,0x1	  x1:0x00000500  x1=0x00000a00
     1063429000	     53069	8000984a	ef91	c.bnez	x15,80009866	 x15:0x000000ff
     1063889000	     53092	80009866	8dba	c.mv	x27,x14	  x0:0x00000000 x14:0x80025ce4 x27=0x80025ce4
     1063909000	     53093	80009868	011cf263	bgeu	x25,x17,8000986c	 x25:0xfffffed4 x17:0xffffffff
     1064189000	     53107	8000986c	03c3d863	bge	x7,x28,8000989c	  x7:0x0000b000 x28:0x01000000
     1064229000	     53109	80009870	022c94b3	mulh	x9,x25,x2	 x25:0xfffffed4  x2:0xf5e39895  x9=0x0000000b
     1064629000	     53129	80009874	000f6c63	bltu	x30,x0,8000988c	 x30:0xf5e39728  x0:0x00000000
     1064649000	     53130	80009878	4083dbb3	sra	x23,x7,x8	  x7:0x0000b000  x8:0x00000050 x23=0x00000000
     1064669000	     53131	8000987c	01c61293	slli	x5,x12,0x1c	 x12:0x80021e58  x5=0x80000000
     1065409000	     53168	80009880	03985833	divu	x16,x16,x25	 x16:0x0001ffff x25:0xfffffed4 x16=0x00000000
     1065429000	     53169	80009884	03375563	bge	x14,x19,800098ae	 x14:0x80025ce4 x19:0x0000000a
     1065449000	     53170	80009888	0000100f	fence.i	
     1065729000	     53184	8000988c	0000100f	fence.i	
     1066169000	     53206	80009890	8c25	c.xor	x8,x9	  x8:0x00000050  x9:0x0000000b  x8=0x0000005b
     1066189000	     53207	80009892	00622a33	slt	x20,x4,x6	  x4:0x0001e000  x6:0xfffffefc x20=0x00000000
     1066469000	     53221	80009896	02d47563	bgeu	x8,x13,800098c0	  x8:0x0000005b x13:0x01fbc772
     1066489000	     53222	8000989a	0001	c.addi	x0,0	  x0:0x00000000  x0=0x00000000
     1066869000	     53241	8000989c	8d55	c.or	x10,x13	 x10:0xffffffff x13:0x01fbc772 x10=0xffffffff
     1066889000	     53242	8000989e	0092b933	sltu	x18,x5,x9	  x5:0x80000000  x9:0x0000000b x18=0x00000000
     1066909000	     53243	800098a2	1a61c213	xori	x4,x3,422	  x3:0x00000000  x4=0x000001a6
     1066929000	     53244	800098a6	40335a33	sra	x20,x6,x3	  x6:0xfffffefc  x3:0x00000000 x20=0xfffffefc
     1066969000	     53246	800098aa	01dc6d33	or	x26,x24,x29	 x24:0x00014000 x29:0x00000000 x26=0x00014000
     1066989000	     53247	800098ae	8f99	c.sub	x15,x14	 x15:0x000000ff x14:0x80025ce4 x15=0x7ffda41b
     1067149000	     53255	800098b0	0ff0000f	fence	iorw,iorw	
     1067469000	     53271	800098b4	77284813	xori	x16,x16,1906	 x16:0x00000000 x16=0x00000772
     1067509000	     53273	800098b8	020f5a33	divu	x20,x30,x0	 x30:0xf5e39728  x0:0x00000000 x20=0xffffffff
     1067649000	     53280	800098bc	27b0e393	ori	x7,x1,635	  x1:0x00000a00  x7=0x00000a7b
     1067669000	     53281	800098c0	fc9f4d93	xori	x27,x30,-55	 x30:0xf5e39728 x27=0x0a1c68e1
     1068089000	     53302	800098c4	40f3d793	srai	x15,x7,0xf	  x7:0x00000a7b x15=0x00000000
     1068309000	     53313	800098c8	00c66eb3	or	x29,x12,x12	 x12:0x80021e58 x12:0x80021e58 x29=0x80021e58
     1068329000	     53314	800098cc	56fd	c.li	x13,-1	 x13=0xffffffff
     1068349000	     53315	800098ce	8db5	c.xor	x11,x13	 x11:0x00000000 x13:0xffffffff x11=0xffffffff
     1068369000	     53316	800098d0	86bd	c.srai	x13,0xf	 x13:0xffffffff x13=0xffffffff
     1068389000	     53317	800098d2	0001	c.addi	x0,0	  x0:0x00000000  x0=0x00000000
     1068769000	     53336	800098d4	41935a93	srai	x21,x6,0x19	  x6:0xfffffefc x21=0xffffffff
     1068789000	     53337	800098d8	0137aa33	slt	x20,x15,x19	 x15:0x00000000 x19:0x0000000a x20=0x00000001
     1068809000	     53338	800098dc	0ff0000f	fence	iorw,iorw	
     1068829000	     53339	800098e0	c389	c.beqz	x15,800098e2	 x15:0x00000000
     1068909000	     53343	800098e2	0001	c.addi	x0,0	  x0:0x00000000  x0=0x00000000
     1068929000	     53344	800098e4	00c322b3	slt	x5,x6,x12	  x6:0xfffffefc x12:0x80021e58  x5=0x00000000
     1081849000	     53990	800098e8	82c5	c.srli	x13,0x11	 x13:0xffffffff x13=0x00007fff
     1081869000	     53991	800098ea	8fe5	c.and	x15,x9	 x15:0x00000000  x9:0x0000000b x15=0x00000000
     1081889000	     53992	800098ec	98fd	c.andi	x9,-1	  x9:0x0000000b  x9=0x0000000b
     1081909000	     53993	800098ee	010dca33	xor	x20,x27,x16	 x27:0x0a1c68e1 x16:0x00000772 x20=0x0a1c6f93
     1081929000	     53994	800098f2	012d2c33	slt	x24,x26,x18	 x26:0x00014000 x18:0x00000000 x24=0x00000000
     1082069000	     54001	800098f6	3b084e13	xori	x28,x16,944	 x16:0x00000772 x28=0x000004c2
     1082809000	     54038	800098fa	03fc46b3	div	x13,x24,x31	 x24:0x00000000 x31:0x0000000a x13=0x00000000
     1082829000	     54039	800098fe	6f5d	c.lui	x30,0x17	 x30=0x00017000
     1082869000	     54041	80009900	0380a4b3	mulhsu	x9,x1,x24	  x1:0x00000a00 x24:0x00000000  x9=0x00000000
     1082889000	     54042	80009904	4821	c.li	x16,8	 x16=0x00000008
     1083629000	     54079	80009906	027c66b3	rem	x13,x24,x7	 x24:0x00000000  x7:0x00000a7b x13=0x00000000
     1084369000	     54116	8000990a	026ac533	div	x10,x21,x6	 x21:0xffffffff  x6:0xfffffefc x10=0x00000000
     1084389000	     54117	8000990e	41e85a13	srai	x20,x16,0x1e	 x16:0x00000008 x20=0x00000000
     1085129000	     54154	80009912	033e6c33	rem	x24,x28,x19	 x28:0x000004c2 x19:0x0000000a x24=0x00000008
     1085149000	     54155	80009916	01821e33	sll	x28,x4,x24	  x4:0x000001a6 x24:0x00000008 x28=0x0001a600
     1085169000	     54156	8000991a	b2de7997	auipc	x19,0xb2de7	 x19=0x32df091a
     1085189000	     54157	8000991e	5cfd	c.li	x25,-1	 x25=0xffffffff
     1085209000	     54158	80009920	4a398e13	addi	x28,x19,1187	 x19:0x32df091a x28=0x32df0dbd
     1085229000	     54159	80009924	00e313b3	sll	x7,x6,x14	  x6:0xfffffefc x14:0x80025ce4  x7=0xffffefc0
     1085249000	     54160	80009928	0148deb3	srl	x29,x17,x20	 x17:0xffffffff x20:0x00000000 x29=0xffffffff
     1085349000	     54165	8000992c	806d	c.srli	x8,0x1b	  x8:0x0000005b  x8=0x00000000
     1085369000	     54166	8000992e	000535b3	sltu	x11,x10,x0	 x10:0x00000000  x0:0x00000000 x11=0x00000000
     1085789000	     54187	80009932	01bb7963	bgeu	x22,x27,80009944	 x22:0x00000004 x27:0x0a1c68e1
     1085809000	     54188	80009936	8575	c.srai	x10,0x1d	 x10:0x00000000 x10=0x00000000
     1085829000	     54189	80009938	00a15bb3	srl	x23,x2,x10	  x2:0xf5e39895 x10:0x00000000 x23=0xf5e39895
     1085849000	     54190	8000993c	0356f763	bgeu	x13,x21,8000996a	 x13:0x00000000 x21:0xffffffff
     1085869000	     54191	80009940	008f8f33	add	x30,x31,x8	 x31:0x0000000a  x8:0x00000000 x30=0x0000000a
     1085889000	     54192	80009944	9842	c.add	x16,x16	 x16:0x00000008 x16:0x00000008 x16=0x00000010
     1085909000	     54193	80009946	0001	c.addi	x0,0	  x0:0x00000000  x0=0x00000000
     1086289000	     54212	80009948	0001	c.addi	x0,0	  x0:0x00000000  x0=0x00000000
     1086649000	     54230	8000994a	008c24b3	slt	x9,x24,x8	 x24:0x00000008  x8:0x00000000  x9=0x00000000
     1087389000	     54267	8000994e	03e8cbb3	div	x23,x17,x30	 x17:0xffffffff x30:0x0000000a x23=0x00000000
     1087409000	     54268	80009952	0247f263	bgeu	x15,x4,80009976	 x15:0x00000000  x4:0x000001a6
     1087429000	     54269	80009956	8dd1	c.or	x11,x12	 x11:0x00000000 x12:0x80021e58 x11=0x80021e58
     1087449000	     54270	80009958	9fce	c.add	x31,x19	 x31:0x0000000a x19:0x32df091a x31=0x32df0924
     1087469000	     54271	8000995a	017b1ab3	sll	x21,x22,x23	 x22:0x00000004 x23:0x00000000 x21=0x00000004
     1087569000	     54276	8000995e	00831013	slli	x0,x6,0x8	  x6:0xfffffefc  x0=0x00000000
     1087749000	     54285	80009962	0ff0000f	fence	iorw,iorw	
     1087789000	     54287	80009966	0040a533	slt	x10,x1,x4	  x1:0x00000a00  x4:0x000001a6 x10=0x00000000
     1087809000	     54288	8000996a	0001	c.addi	x0,0	  x0:0x00000000  x0=0x00000000
     1088109000	     54303	8000996c	00ce5913	srli	x18,x28,0xc	 x28:0x32df0dbd x18=0x00032df0
     1088149000	     54305	80009970	e1b9	c.bnez	x11,800099b6	 x11:0x80021e58
     1089009000	     54348	800099b6	8e8d	c.sub	x13,x11	 x13:0x00000000 x11:0x80021e58 x13=0x7ffde1a8
     1089189000	     54357	800099b8	c405	c.beqz	x8,800099e0	  x8:0x00000000
     1089829000	     54389	800099e0	98fd	c.andi	x9,-1	  x9:0x00000000  x9=0x00000000
     1089909000	     54393	800099e2	00658693	addi	x13,x11,6	 x11:0x80021e58 x13=0x80021e5e
     1089929000	     54394	800099e6	26e42b13	slti	x22,x8,622	  x8:0x00000000 x22=0x00000001
     1089949000	     54395	800099ea	01401cb3	sll	x25,x0,x20	  x0:0x00000000 x20:0x00000000 x25=0x00000000
     1090249000	     54410	800099ee	9801c493	xori	x9,x3,-1664	  x3:0x00000000  x9=0xfffff980
     1090289000	     54412	800099f2	0006cf63	blt	x13,x0,80009a10	 x13:0x80021e5e  x0:0x00000000
     1091229000	     54459	80009a10	010371b3	and	x3,x6,x16	  x6:0xfffffefc x16:0x00000010  x3=0x00000010
     1091249000	     54460	80009a14	00126f33	or	x30,x4,x1	  x4:0x000001a6  x1:0x00000a00 x30=0x00000ba6
     1091269000	     54461	80009a18	8cc9	c.or	x9,x10	  x9:0xfffff980 x10:0x00000000  x9=0xfffff980
     1091289000	     54462	80009a1a	e681	c.bnez	x13,80009a22	 x13:0x80021e5e
     1091809000	     54488	80009a22	c399	c.beqz	x15,80009a28	 x15:0x00000000
     1092509000	     54523	80009a28	01cf4d63	blt	x30,x28,80009a42	 x30:0x00000ba6 x28:0x32df0dbd
     1093069000	     54551	80009a42	0001	c.addi	x0,0	  x0:0x00000000  x0=0x00000000
     1093089000	     54552	80009a44	80dbf897	auipc	x17,0x80dbf	 x17=0x00dc8a44
     1093829000	     54589	80009a48	027646b3	div	x13,x12,x7	 x12:0x80021e58  x7:0xffffefc0 x13=0x0007e05c
     1093849000	     54590	80009a4c	41385f33	sra	x30,x16,x19	 x16:0x00000010 x19:0x32df091a x30=0x00000000
     1093869000	     54591	80009a50	d0853913	sltiu	x18,x10,-760	 x10:0x00000000 x18=0x00000001
     1093889000	     54592	80009a54	8252	c.mv	x4,x20	  x0:0x00000000 x20:0x00000000  x4=0x00000000
     1093909000	     54593	80009a56	0001	c.addi	x0,0	  x0:0x00000000  x0=0x00000000
     1093949000	     54595	80009a58	0342cbb3	div	x23,x5,x20	  x5:0x00000000 x20:0x00000000 x23=0xffffffff
     1093969000	     54596	80009a5c	01cf9b93	slli	x23,x31,0x1c	 x31:0x32df0924 x23=0x40000000
     1094089000	     54602	80009a60	8459	c.srai	x8,0x16	  x8:0x00000000  x8=0x00000000
     1094109000	     54603	80009a62	8d1d	c.sub	x10,x15	 x10:0x00000000 x15:0x00000000 x10=0x00000000
     1094129000	     54604	80009a64	8b95	c.andi	x15,5	 x15:0x00000000 x15=0x00000000
     1094209000	     54608	80009a66	0239d563	bge	x19,x3,80009a90	 x19:0x32df091a  x3:0x00000010
     1095189000	     54657	80009a90	05e6	c.slli	x11,0x19	 x11:0x80021e58 x11=0xb0000000
     1095609000	     54678	80009a92	0ff0000f	fence	iorw,iorw	
     1095649000	     54680	80009a96	0293b9b3	mulhu	x19,x7,x9	  x7:0xffffefc0  x9:0xfffff980 x19=0xffffe940
     1095669000	     54681	80009a9a	052cc063	blt	x25,x18,80009ada	 x25:0x00000000 x18:0x00000001
     1096409000	     54718	80009ada	ef9d	c.bnez	x15,80009b18	 x15:0x00000000
     1097149000	     54755	80009adc	033fef33	rem	x30,x31,x19	 x31:0x32df0924 x19:0xffffe940 x30=0x00001524
     1097169000	     54756	80009ae0	0ff0000f	fence	iorw,iorw	
     1097189000	     54757	80009ae4	816d	c.srli	x10,0x1b	 x10:0x00000000 x10=0x00000000
     1097209000	     54758	80009ae6	02fe9e63	bne	x29,x15,80009b22	 x29:0xffffffff x15:0x00000000
     1097449000	     54770	80009b22	01133c33	sltu	x24,x6,x17	  x6:0xfffffefc x17:0x00dc8a44 x24=0x00000000
     1097469000	     54771	80009b26	011adab3	srl	x21,x21,x17	 x21:0x00000004 x17:0x00dc8a44 x21=0x00000000
     1097789000	     54787	80009b2a	03836933	rem	x18,x6,x24	  x6:0xfffffefc x24:0x00000000 x18=0xfffffefc
     1098169000	     54806	80009b2e	01e3dbb3	srl	x23,x7,x30	  x7:0xffffefc0 x30:0x00001524 x23=0x0ffffefc
     1098909000	     54843	80009b32	03384933	div	x18,x16,x19	 x16:0x00000010 x19:0xffffe940 x18=0x00000000
     1098929000	     54844	80009b36	8c91	c.sub	x9,x12	  x9:0xfffff980 x12:0x80021e58  x9=0x7ffddb28
     1098949000	     54845	80009b38	00d7ceb3	xor	x29,x15,x13	 x15:0x00000000 x13:0x0007e05c x29=0x0007e05c
     1098969000	     54846	80009b3c	8c15	c.sub	x8,x13	  x8:0x00000000 x13:0x0007e05c  x8=0xfff81fa4
     1098989000	     54847	80009b3e	006581b3	add	x3,x11,x6	 x11:0xb0000000  x6:0xfffffefc  x3=0xaffffefc
     1099009000	     54848	80009b42	039df863	bgeu	x27,x25,80009b72	 x27:0x0a1c68e1 x25:0x00000000
     1099649000	     54880	80009b72	0116ebb3	or	x23,x13,x17	 x13:0x0007e05c x17:0x00dc8a44 x23=0x00dfea5c
     1099769000	     54886	80009b76	02c504b3	mul	x9,x10,x12	 x10:0x00000000 x12:0x80021e58  x9=0x00000000
     1099789000	     54887	80009b7a	8fc1	c.or	x15,x8	 x15:0x00000000  x8:0xfff81fa4 x15=0xfff81fa4
     1099809000	     54888	80009b7c	4042dbb3	sra	x23,x5,x4	  x5:0x00000000  x4:0x00000000 x23=0x00000000
     1099829000	     54889	80009b80	407bd6b3	sra	x13,x23,x7	 x23:0x00000000  x7:0xffffefc0 x13=0x00000000
     1099889000	     54892	80009b84	0355ff33	remu	x30,x11,x21	 x11:0xb0000000 x21:0x00000000 x30=0xb0000000
     1099909000	     54893	80009b88	002bdc33	srl	x24,x23,x2	 x23:0x00000000  x2:0xf5e39895 x24=0x00000000
     1099929000	     54894	80009b8c	0ff0000f	fence	iorw,iorw	
     1100269000	     54911	80009b90	8b6e	c.mv	x22,x27	  x0:0x00000000 x27:0x0a1c68e1 x22=0x0a1c68e1
     1100309000	     54913	80009b92	026694b3	mulh	x9,x13,x6	 x13:0x00000000  x6:0xfffffefc  x9=0x00000000
     1100369000	     54916	80009b96	0123ad33	slt	x26,x7,x18	  x7:0xffffefc0 x18:0x00000000 x26=0x00000001
     1100709000	     54933	80009b9a	0000100f	fence.i	
     1101129000	     54954	80009b9e	8fbd	c.xor	x15,x15	 x15:0xfff81fa4 x15:0xfff81fa4 x15=0x00000000
     1101149000	     54955	80009ba0	41695a13	srai	x20,x18,0x16	 x18:0x00000000 x20=0x00000000
     1101569000	     54976	80009ba4	0009c2b3	xor	x5,x19,x0	 x19:0xffffe940  x0:0x00000000  x5=0xffffe940
     1101989000	     54997	80009ba8	0137b833	sltu	x16,x15,x19	 x15:0x00000000 x19:0xffffe940 x16=0x00000001
     1102049000	     55000	80009bac	87e5	c.srai	x15,0x19	 x15:0x00000000 x15=0x00000000
     1102469000	     55021	80009bae	0000100f	fence.i	
     1103369000	     55066	80009bb2	00b70bb3	add	x23,x14,x11	 x14:0x80025ce4 x11:0xb0000000 x23=0x30025ce4
     1104189000	     55107	80009bb6	02727d33	remu	x26,x4,x7	  x4:0x00000000  x7:0xffffefc0 x26=0x00000000
     1104209000	     55108	80009bba	4db818b7	lui	x17,0x4db81	 x17=0x4db81000
     1104949000	     55145	80009bbe	02c762b3	rem	x5,x14,x12	 x14:0x80025ce4 x12:0x80021e58  x5=0x80025ce4
     1104969000	     55146	80009bc2	01fd8363	beq	x27,x31,80009bc8	 x27:0x0a1c68e1 x31:0x32df0924
     1104989000	     55147	80009bc6	e095	c.bnez	x9,80009bea	  x9:0x00000000
     1105009000	     55148	80009bc8	0267c663	blt	x15,x6,80009bf4	 x15:0x00000000  x6:0xfffffefc
     1105029000	     55149	80009bcc	f291f793	andi	x15,x3,-215	  x3:0xaffffefc x15=0xaffffe28
     1105049000	     55150	80009bd0	005ed233	srl	x4,x29,x5	 x29:0x0007e05c  x5:0x80025ce4  x4=0x00007e05
     1105069000	     55151	80009bd4	038d7463	bgeu	x26,x24,80009bfc	 x26:0x00000000 x24:0x00000000
     1105129000	     55154	80009bfc	02091533	mulh	x10,x18,x0	 x18:0x00000000  x0:0x00000000 x10=0x00000000
     1105189000	     55157	80009c00	00d624b3	slt	x9,x12,x13	 x12:0x80021e58 x13:0x00000000  x9=0x00000001
     1105209000	     55158	80009c04	8d19	c.sub	x10,x14	 x10:0x00000000 x14:0x80025ce4 x10=0x7ffda31c
     1105229000	     55159	80009c06	00f7c463	blt	x15,x15,80009c0e	 x15:0xaffffe28 x15:0xaffffe28
     1105269000	     55161	80009c0a	031cba33	mulhu	x20,x25,x17	 x25:0x00000000 x17:0x4db81000 x20=0x00000000
     1105369000	     55166	80009c0e	0116dcb3	srl	x25,x13,x17	 x13:0x00000000 x17:0x4db81000 x25=0x00000000
     1105689000	     55182	80009c12	02f80463	beq	x16,x15,80009c3a	 x16:0x00000001 x15:0xaffffe28
     1105729000	     55184	80009c16	037e2f33	mulhsu	x30,x28,x23	 x28:0x32df0dbd x23:0x30025ce4 x30=0x098a4ac7
     1105969000	     55196	80009c1a	c1fb6b13	ori	x22,x22,-993	 x22:0x0a1c68e1 x22=0xfffffcff
     1106029000	     55199	80009c1e	d5f28b13	addi	x22,x5,-673	  x5:0x80025ce4 x22=0x80025a43
     1106049000	     55200	80009c22	86e1	c.srai	x13,0x18	 x13:0x00000000 x13=0x00000000
     1106069000	     55201	80009c24	00b69093	slli	x1,x13,0xb	 x13:0x00000000  x1=0x00000000
     1106089000	     55202	80009c28	41e809b3	sub	x19,x16,x30	 x16:0x00000001 x30:0x098a4ac7 x19=0xf675b53a
     1106109000	     55203	80009c2c	00645893	srli	x17,x8,0x6	  x8:0xfff81fa4 x17=0x03ffe07e
     1106329000	     55214	80009c30	5bfd	c.li	x23,-1	 x23=0xffffffff
     1106349000	     55215	80009c32	00fa1033	sll	x0,x20,x15	 x20:0x00000000 x15:0xaffffe28  x0=0x00000000
     1106369000	     55216	80009c36	11fd	c.addi	x3,-1	  x3:0xaffffefc  x3=0xaffffefb
     1106389000	     55217	80009c38	8109	c.srli	x10,0x2	 x10:0x7ffda31c x10=0x1fff68c7
     1106409000	     55218	80009c3a	0000100f	fence.i	
     1106729000	     55234	80009c3e	587d	c.li	x16,-1	 x16=0xffffffff
     1107069000	     55251	80009c40	9cce	c.add	x25,x19	 x25:0x00000000 x19:0xf675b53a x25=0xf675b53a
     1107489000	     55272	80009c42	0ff0000f	fence	iorw,iorw	
     1107509000	     55273	80009c46	8e99	c.sub	x13,x14	 x13:0x00000000 x14:0x80025ce4 x13=0x7ffda31c
     1108629000	     55329	80009c48	026b42b3	div	x5,x22,x6	 x22:0x80025a43  x6:0xfffffefc  x5=0x007e058f
     1108649000	     55330	80009c4c	02baf463	bgeu	x21,x11,80009c74	 x21:0x00000000 x11:0xb0000000
     1108669000	     55331	80009c50	01d73c33	sltu	x24,x14,x29	 x14:0x80025ce4 x29:0x0007e05c x24=0x00000000
     1108689000	     55332	80009c54	008dd263	bge	x27,x8,80009c58	 x27:0x0a1c68e1  x8:0xfff81fa4
     1109169000	     55356	80009c58	47b5	c.li	x15,13	 x15=0x0000000d
     1109209000	     55358	80009c5a	0d2f8a17	auipc	x20,0xd2f8	 x20=0x8d301c5a
     1109229000	     55359	80009c5e	0097b933	sltu	x18,x15,x9	 x15:0x0000000d  x9:0x00000001 x18=0x00000000
     1109249000	     55360	80009c62	805d	c.srli	x8,0x17	  x8:0xfff81fa4  x8=0x000001ff
     1109389000	     55367	80009c64	038c7d33	remu	x26,x24,x24	 x24:0x00000000 x24:0x00000000 x26=0x00000000
     1109489000	     55372	80009c68	03366663	bltu	x12,x19,80009c94	 x12:0x80021e58 x19:0xf675b53a
     1110549000	     55425	80009c94	8d1d	c.sub	x10,x15	 x10:0x1fff68c7 x15:0x0000000d x10=0x1fff68ba
     1110569000	     55426	80009c96	02e67463	bgeu	x12,x14,80009cbe	 x12:0x80021e58 x14:0x80025ce4
     1110589000	     55427	80009c9a	441d	c.li	x8,7	  x8=0x00000007
     1110629000	     55429	80009c9c	03e2beb3	mulhu	x29,x5,x30	  x5:0x007e058f x30:0x098a4ac7 x29=0x0004b245
     1110649000	     55430	80009ca0	8ca9	c.xor	x9,x10	  x9:0x00000001 x10:0x1fff68ba  x9=0x1fff68bb
     1110669000	     55431	80009ca2	00551663	bne	x10,x5,80009cae	 x10:0x1fff68ba  x5:0x007e058f
     1111169000	     55456	80009cae	03f63fb3	mulhu	x31,x12,x31	 x12:0x80021e58 x31:0x32df0924 x31=0x196ff057
     1111549000	     55475	80009cb2	0087d193	srli	x3,x15,0x8	 x15:0x0000000d  x3=0x00000000
     1111569000	     55476	80009cb6	68ad	c.lui	x17,0xb	 x17=0x0000b000
     1111589000	     55477	80009cb8	11fd	c.addi	x3,-1	  x3:0x00000000  x3=0xffffffff
     1111729000	     55484	80009cba	f3a56b13	ori	x22,x10,-198	 x10:0x1fff68ba x22=0xffffffba
     1111849000	     55490	80009cbe	4191d393	srai	x7,x3,0x19	  x3:0xffffffff  x7=0xffffffff
     1111989000	     55497	80009cc2	a2b7ca93	xori	x21,x15,-1493	 x15:0x0000000d x21=0xfffffa26
     1112149000	     55505	80009cc6	0294b7b3	mulhu	x15,x9,x9	  x9:0x1fff68bb  x9:0x1fff68bb x15=0x03ffda2f
     1112169000	     55506	80009cca	8de5	c.and	x11,x9	 x11:0xb0000000  x9:0x1fff68bb x11=0x10000000
     1112369000	     55516	80009ccc	00bf2db3	slt	x27,x30,x11	 x30:0x098a4ac7 x11:0x10000000 x27=0x00000001
     1112409000	     55518	80009cd0	40b9d413	srai	x8,x19,0xb	 x19:0xf675b53a  x8=0xfffeceb6
     1112429000	     55519	80009cd4	0332c163	blt	x5,x19,80009cf6	  x5:0x007e058f x19:0xf675b53a
     1112449000	     55520	80009cd8	011d5013	srli	x0,x26,0x11	 x26:0x00000000  x0=0x00000000
     1112469000	     55521	80009cdc	00bda033	slt	x0,x27,x11	 x27:0x00000001 x11:0x10000000  x0=0x00000000
     1112489000	     55522	80009ce0	00b670b3	and	x1,x12,x11	 x12:0x80021e58 x11:0x10000000  x1=0x00000000
     1113289000	     55562	80009ce4	02456b33	rem	x22,x10,x4	 x10:0x1fff68ba  x4:0x00007e05 x22=0x000023ba
     1113309000	     55563	80009ce8	8c29	c.xor	x8,x10	  x8:0xfffeceb6 x10:0x1fff68ba  x8=0xe001a60c
     1113329000	     55564	80009cea	29cb7f93	andi	x31,x22,668	 x22:0x000023ba x31=0x00000298
     1113349000	     55565	80009cee	01d81e93	slli	x29,x16,0x1d	 x16:0xffffffff x29=0xe0000000
     1113369000	     55566	80009cf2	00052fb3	slt	x31,x10,x0	 x10:0x1fff68ba  x0:0x00000000 x31=0x00000000
     1113389000	     55567	80009cf6	07de	c.slli	x15,0x17	 x15:0x03ffda2f x15=0x17800000
     1113429000	     55569	80009cf8	02bea433	mulhsu	x8,x29,x11	 x29:0xe0000000 x11:0x10000000  x8=0xfe000000
     1113449000	     55570	80009cfc	fd07e913	ori	x18,x15,-48	 x15:0x17800000 x18=0xffffffd0
     1113689000	     55582	80009d00	020477b3	remu	x15,x8,x0	  x8:0xfe000000  x0:0x00000000 x15=0xfe000000
     1113709000	     55583	80009d04	96a2	c.add	x13,x8	 x13:0x7ffda31c  x8:0xfe000000 x13=0x7dfda31c
     1114449000	     55620	80009d06	03bd7e33	remu	x28,x26,x27	 x26:0x00000000 x27:0x00000001 x28=0x00000000
     1114469000	     55621	80009d0a	0128df93	srli	x31,x17,0x12	 x17:0x0000b000 x31=0x00000000
     1114489000	     55622	80009d0e	8f91	c.sub	x15,x12	 x15:0xfe000000 x12:0x80021e58 x15=0x7dfde1a8
     1114529000	     55624	80009d10	02893033	mulhu	x0,x18,x8	 x18:0xffffffd0  x8:0xfe000000  x0=0x00000000
     1114549000	     55625	80009d14	41c901b3	sub	x3,x18,x28	 x18:0xffffffd0 x28:0x00000000  x3=0xffffffd0
     1114569000	     55626	80009d18	015ce263	bltu	x25,x21,80009d1c	 x25:0xf675b53a x21:0xfffffa26
     1114609000	     55628	80009d1c	2340c393	xori	x7,x1,564	  x1:0x00000000  x7=0x00000234
     1114749000	     55635	80009d20	01daf833	and	x16,x21,x29	 x21:0xfffffa26 x29:0xe0000000 x16=0xe0000000
     1114769000	     55636	80009d24	0043e1b3	or	x3,x7,x4	  x7:0x00000234  x4:0x00007e05  x3=0x00007e35
     1114789000	     55637	80009d28	8c85	c.sub	x9,x9	  x9:0x1fff68bb  x9:0x1fff68bb  x9=0x00000000
     1114809000	     55638	80009d2a	12fd	c.addi	x5,-1	  x5:0x007e058f  x5=0x007e058e
     1114969000	     55646	80009d2c	036fb233	mulhu	x4,x31,x22	 x31:0x00000000 x22:0x000023ba  x4=0x00000000
     1115149000	     55655	80009d30	8d81	c.sub	x11,x8	 x11:0x10000000  x8:0xfe000000 x11=0x12000000
     1115189000	     55657	80009d32	020077b3	remu	x15,x0,x0	  x0:0x00000000  x0:0x00000000 x15=0x00000000
     1115349000	     55665	80009d36	02581bb3	mulh	x23,x16,x5	 x16:0xe0000000  x5:0x007e058e x23=0xfff03f4e
     1115369000	     55666	80009d3a	8c11	c.sub	x8,x12	  x8:0xfe000000 x12:0x80021e58  x8=0x7dfde1a8
     1115389000	     55667	80009d3c	a2ca7937	lui	x18,0xa2ca7	 x18=0xa2ca7000
     1115489000	     55672	80009d40	002a76b3	and	x13,x20,x2	 x20:0x8d301c5a  x2:0xf5e39895 x13=0x85201810
     1115509000	     55673	80009d44	018aebb3	or	x23,x21,x24	 x21:0xfffffa26 x24:0x00000000 x23=0xfffffa26
     1115889000	     55692	80009d48	02f4f8b3	remu	x17,x9,x15	  x9:0x00000000 x15:0x00000000 x17=0x00000000
     1116289000	     55712	80009d4c	00beda63	bge	x29,x11,80009d60	 x29:0xe0000000 x11:0x12000000
     1116329000	     55714	80009d50	03aaacb3	mulhsu	x25,x21,x26	 x21:0xfffffa26 x26:0x00000000 x25=0x00000000
     1116349000	     55715	80009d54	00587263	bgeu	x16,x5,80009d58	 x16:0xe0000000  x5:0x007e058e
     1116869000	     55741	80009d58	6c35	c.lui	x24,0xd	 x24=0x0000d000
     1116889000	     55742	80009d5a	e78d	c.bnez	x15,80009d84	 x15:0x00000000
     1117289000	     55762	80009d5c	03bd9a63	bne	x27,x27,80009d90	 x27:0x00000001 x27:0x00000001
     1117489000	     55772	80009d60	0000100f	fence.i	
     1118589000	     55827	80009d64	019cd563	bge	x25,x25,80009d6e	 x25:0x00000000 x25:0x00000000
     1119109000	     55853	80009d6e	8cad	c.xor	x9,x11	  x9:0x00000000 x11:0x12000000  x9=0x12000000
     1119309000	     55863	80009d70	01723eb3	sltu	x29,x4,x23	  x4:0x00000000 x23:0xfffffa26 x29=0x00000001
     1119329000	     55864	80009d74	038d5763	bge	x26,x24,80009da2	 x26:0x00000000 x24:0x0000d000
     1119469000	     55871	80009d78	4065d3b3	sra	x7,x11,x6	 x11:0x12000000  x6:0xfffffefc  x7=0x00000001
     1119549000	     55875	80009d7c	a9ac3393	sltiu	x7,x24,-1382	 x24:0x0000d000  x7=0x00000001
     1119569000	     55876	80009d80	0048ec33	or	x24,x17,x4	 x17:0x00000000  x4:0x00000000 x24=0x00000000
     1119609000	     55878	80009d84	0125aa33	slt	x20,x11,x18	 x11:0x12000000 x18:0xa2ca7000 x20=0x00000000
     1119629000	     55879	80009d88	01715c93	srli	x25,x2,0x17	  x2:0xf5e39895 x25=0x000001eb
     1119649000	     55880	80009d8c	f5478c13	addi	x24,x15,-172	 x15:0x00000000 x24=0xffffff54
     1119909000	     55893	80009d90	01e64833	xor	x16,x12,x30	 x12:0x80021e58 x30:0x098a4ac7 x16=0x8988549f
     1119929000	     55894	80009d94	01133ab3	sltu	x21,x6,x17	  x6:0xfffffefc x17:0x00000000 x21=0x00000000
     1120209000	     55908	80009d98	00ee9db3	sll	x27,x29,x14	 x29:0x00000001 x14:0x80025ce4 x27=0x00000010
     1120229000	     55909	80009d9c	01c681b3	add	x3,x13,x28	 x13:0x85201810 x28:0x00000000  x3=0x85201810
     1120629000	     55929	80009da0	8d51	c.or	x10,x12	 x10:0x1fff68ba x12:0x80021e58 x10=0x9fff7efa
     1120649000	     55930	80009da2	011f9e13	slli	x28,x31,0x11	 x31:0x00000000 x28=0x00000000
     1120669000	     55931	80009da6	02896d63	bltu	x18,x8,80009de0	 x18:0xa2ca7000  x8:0x7dfde1a8
     1120689000	     55932	80009daa	ca8d	c.beqz	x13,80009ddc	 x13:0x85201810
     1122309000	     56013	80009dac	02e3d863	bge	x7,x14,80009ddc	  x7:0x00000001 x14:0x80025ce4
     1122589000	     56027	80009ddc	017af263	bgeu	x21,x23,80009de0	 x21:0x00000000 x23:0xfffffa26
     1122609000	     56028	80009de0	98fd	c.andi	x9,-1	  x9:0x12000000  x9=0x12000000
     1122869000	     56041	80009de2	fa370293	addi	x5,x14,-93	 x14:0x80025ce4  x5=0x80025c87
     1123289000	     56062	80009de6	e20af913	andi	x18,x21,-480	 x21:0x00000000 x18=0x00000000
     1123309000	     56063	80009dea	4014df33	sra	x30,x9,x1	  x9:0x12000000  x1:0x00000000 x30=0x12000000
     1123329000	     56064	80009dee	0139e8b3	or	x17,x19,x19	 x19:0xf675b53a x19:0xf675b53a x17=0xf675b53a
     1123349000	     56065	80009df2	0001	c.addi	x0,0	  x0:0x00000000  x0=0x00000000
     1123749000	     56085	80009df4	005b12b3	sll	x5,x22,x5	 x22:0x000023ba  x5:0x80025c87  x5=0x0011dd00
     1123789000	     56087	80009df8	44b23813	sltiu	x16,x4,1099	  x4:0x00000000 x16=0x00000001
     1123909000	     56093	80009dfc	b5eaa313	slti	x6,x21,-1186	 x21:0x00000000  x6=0x00000000
     1123929000	     56094	80009e00	52fd	c.li	x5,-1	  x5=0xffffffff
     1123949000	     56095	80009e02	008abdb3	sltu	x27,x21,x8	 x21:0x00000000  x8:0x7dfde1a8 x27=0x00000001
     1123969000	     56096	80009e06	058e5463	bge	x28,x24,80009e4e	 x28:0x00000000 x24:0xffffff54
     1125049000	     56150	80009e4e	0e5e	c.slli	x28,0x17	 x28:0x00000000 x28=0x00000000
     1125129000	     56154	80009e50	8fed	c.and	x15,x11	 x15:0x00000000 x11:0x12000000 x15=0x00000000
     1125549000	     56175	80009e52	010d9333	sll	x6,x27,x16	 x27:0x00000001 x16:0x00000001  x6=0x00000002
     1125929000	     56194	80009e56	02d105b3	mul	x11,x2,x13	  x2:0xf5e39895 x13:0x85201810 x11=0x30278150
     1125949000	     56195	80009e5a	02f08e33	mul	x28,x1,x15	  x1:0x00000000 x15:0x00000000 x28=0x00000000
     1126869000	     56241	80009e5e	036f5433	divu	x8,x30,x22	 x30:0x12000000 x22:0x000023ba  x8=0x000080fa
     1126889000	     56242	80009e62	f33c6e37	lui	x28,0xf33c6	 x28=0xf33c6000
     1126909000	     56243	80009e66	00858ab3	add	x21,x11,x8	 x11:0x30278150  x8:0x000080fa x21=0x3028024a
     1126929000	     56244	80009e6a	0d12	c.slli	x26,0x4	 x26:0x00000000 x26=0x00000000
     1126949000	     56245	80009e6c	019d	c.addi	x3,7	  x3:0x85201810  x3=0x85201817
     1126969000	     56246	80009e6e	013074b3	and	x9,x0,x19	  x0:0x00000000 x19:0xf675b53a  x9=0x00000000
     1126989000	     56247	80009e72	012dd9b3	srl	x19,x27,x18	 x27:0x00000001 x18:0x00000000 x19=0x00000001
     1127009000	     56248	80009e76	6b75	c.lui	x22,0x1d	 x22=0x0001d000
     1127029000	     56249	80009e78	9fb3b693	sltiu	x13,x7,-1541	  x7:0x00000001 x13=0x00000001
     1127309000	     56263	80009e7c	41a7d3b3	sra	x7,x15,x26	 x15:0x00000000 x26:0x00000000  x7=0x00000000
     1127329000	     56264	80009e80	8d32	c.mv	x26,x12	  x0:0x00000000 x12:0x80021e58 x26=0x80021e58
     1127349000	     56265	80009e82	044a	c.slli	x8,0x12	  x8:0x000080fa  x8=0x03e80000
     1127369000	     56266	80009e84	00f81913	slli	x18,x16,0xf	 x16:0x00000001 x18=0x00008000
     1127789000	     56287	80009e88	9028e593	ori	x11,x17,-1790	 x17:0xf675b53a x11=0xfffffd3a
     1128209000	     56308	80009e8c	63d9	c.lui	x7,0x16	  x7=0x00016000
     1128369000	     56316	80009e8e	031ec663	blt	x29,x17,80009eba	 x29:0x00000001 x17:0xf675b53a
     1128509000	     56323	80009e92	01fb34b3	sltu	x9,x22,x31	 x22:0x0001d000 x31:0x00000000  x9=0x00000000
     1128609000	     56328	80009e96	aa62a213	slti	x4,x5,-1370	  x5:0xffffffff  x4=0x00000000
     1128629000	     56329	80009e9a	8211fe93	andi	x29,x3,-2015	  x3:0x85201817 x29=0x85201801
     1128649000	     56330	80009e9e	00310cb3	add	x25,x2,x3	  x2:0xf5e39895  x3:0x85201817 x25=0x7b03b0ac
     1129069000	     56351	80009ea2	b2dead97	auipc	x27,0xb2dea	 x27=0x32df3ea2
     1130209000	     56408	80009ea6	02b64c33	div	x24,x12,x11	 x12:0x80021e58 x11:0xfffffd3a x24=0x002e262d
     1130229000	     56409	80009eaa	82e9	c.srli	x13,0x1a	 x13:0x00000001 x13=0x00000000
     1130249000	     56410	80009eac	e6356a93	ori	x21,x10,-413	 x10:0x9fff7efa x21=0xfffffefb
     1130269000	     56411	80009eb0	02874463	blt	x14,x8,80009ed8	 x14:0x80025ce4  x8:0x03e80000
     1131469000	     56471	80009ed8	0276fc33	remu	x24,x13,x7	 x13:0x00000000  x7:0x00016000 x24=0x00000000
     1131509000	     56473	80009edc	03c19233	mulh	x4,x3,x28	  x3:0x85201817 x28:0xf33c6000  x4=0x06206438
     1131529000	     56474	80009ee0	0001	c.addi	x0,0	  x0:0x00000000  x0=0x00000000
     1131569000	     56476	80009ee2	03aa9cb3	mulh	x25,x21,x26	 x21:0xfffffefb x26:0x80021e58 x25=0x00000082
     1131589000	     56477	80009ee6	006b7533	and	x10,x22,x6	 x22:0x0001d000  x6:0x00000002 x10=0x00000000
     1132329000	     56514	80009eea	03d85033	divu	x0,x16,x29	 x16:0x00000001 x29:0x85201801  x0=0x00000000
     1132349000	     56515	80009eee	00cf2f33	slt	x30,x30,x12	 x30:0x12000000 x12:0x80021e58 x30=0x00000000
     1132369000	     56516	80009ef2	00677d33	and	x26,x14,x6	 x14:0x80025ce4  x6:0x00000002 x26=0x00000000
     1132389000	     56517	80009ef6	0169f263	bgeu	x19,x22,80009efa	 x19:0x00000001 x22:0x0001d000
     1132409000	     56518	80009efa	028e6f17	auipc	x30,0x28e6	 x30=0x828efefa
     1132429000	     56519	80009efe	008e	c.slli	x1,0x3	  x1:0x00000000  x1=0x00000000
     1132449000	     56520	80009f00	01625b33	srl	x22,x4,x22	  x4:0x06206438 x22:0x0001d000 x22=0x06206438
     1132469000	     56521	80009f04	01a21413	slli	x8,x4,0x1a	  x4:0x06206438  x8=0xe0000000
     1132489000	     56522	80009f08	8139	c.srli	x10,0xe	 x10:0x00000000 x10=0x00000000
     1132509000	     56523	80009f0a	00def333	and	x6,x29,x13	 x29:0x85201801 x13:0x00000000  x6=0x00000000
     1132529000	     56524	80009f0e	1b7d	c.addi	x22,-1	 x22:0x06206438 x22=0x06206437
     1132929000	     56544	80009f10	41878933	sub	x18,x15,x24	 x15:0x00000000 x24:0x00000000 x18=0x00000000
     1133189000	     56557	80009f14	018707b3	add	x15,x14,x24	 x14:0x80025ce4 x24:0x00000000 x15=0x80025ce4
     1133609000	     56578	80009f18	8d7d	c.and	x10,x15	 x10:0x00000000 x15:0x80025ce4 x10=0x00000000
     1133969000	     56596	80009f1a	03fe5c33	divu	x24,x28,x31	 x28:0xf33c6000 x31:0x00000000 x24=0xffffffff
     1133989000	     56597	80009f1e	5cfd	c.li	x25,-1	 x25=0xffffffff
     1134009000	     56598	80009f20	bfa34337	lui	x6,0xbfa34	  x6=0xbfa34000
     1134029000	     56599	80009f24	000b4a63	blt	x22,x0,80009f38	 x22:0x06206437  x0:0x00000000
     1134409000	     56618	80009f28	dc03a193	slti	x3,x7,-576	  x7:0x00016000  x3=0x00000000
     1134589000	     56627	80009f2c	032529b3	mulhsu	x19,x10,x18	 x10:0x00000000 x18:0x00000000 x19=0x00000000
     1134769000	     56636	80009f30	0552b593	sltiu	x11,x5,85	  x5:0xffffffff x11=0x00000000
     1135109000	     56653	80009f34	65f42293	slti	x5,x8,1631	  x8:0xe0000000  x5=0x00000001
     1135129000	     56654	80009f38	03c21063	bne	x4,x28,80009f58	  x4:0x06206438 x28:0xf33c6000
     1135369000	     56666	80009f58	bc1b7513	andi	x10,x22,-1087	 x22:0x06206437 x10=0x06206001
     1135389000	     56667	80009f5c	057c0163	beq	x24,x23,80009f9e	 x24:0xffffffff x23:0xfffffa26
     1135409000	     56668	80009f60	412807b3	sub	x15,x16,x18	 x16:0x00000001 x18:0x00000000 x15=0x00000001
     1135829000	     56689	80009f64	0001	c.addi	x0,0	  x0:0x00000000  x0=0x00000000
     1135869000	     56691	80009f66	032dc533	div	x10,x27,x18	 x27:0x32df3ea2 x18:0x00000000 x10=0xffffffff
     1135889000	     56692	80009f6a	86e2	c.mv	x13,x24	  x0:0x00000000 x24:0xffffffff x13=0xffffffff
     1136129000	     56704	80009f6c	019d4db3	xor	x27,x26,x25	 x26:0x00000000 x25:0xffffffff x27=0xffffffff
     1136549000	     56725	80009f70	0ff0000f	fence	iorw,iorw	
     1136569000	     56726	80009f74	8175	c.srli	x10,0x1d	 x10:0xffffffff x10=0x00000007
     1136589000	     56727	80009f76	0000100f	fence.i	
     1136949000	     56745	80009f7a	029a51b3	divu	x3,x20,x9	 x20:0x00000000  x9:0x00000000  x3=0xffffffff
     1136969000	     56746	80009f7e	8cd5	c.or	x9,x13	  x9:0x00000000 x13:0xffffffff  x9=0xffffffff
     1137069000	     56751	80009f80	00ceeb63	bltu	x29,x12,80009f96	 x29:0x85201801 x12:0x80021e58
     1137089000	     56752	80009f84	01589433	sll	x8,x17,x21	 x17:0xf675b53a x21:0xfffffefb  x8=0xd0000000
     1137109000	     56753	80009f88	0165b033	sltu	x0,x11,x22	 x11:0x00000000 x22:0x06206437  x0=0x00000000
     1137129000	     56754	80009f8c	0000100f	fence.i	
     1137229000	     56759	80009f90	0ff0000f	fence	iorw,iorw	
     1137249000	     56760	80009f94	81c5	c.srli	x11,0x11	 x11:0x00000000 x11=0x00000000
     1137269000	     56761	80009f96	02b69163	bne	x13,x11,80009fb8	 x13:0xffffffff x11:0x00000000
     1137449000	     56770	80009fb8	4b0bfd13	andi	x26,x23,1200	 x23:0xfffffa26 x26=0x00000020
     1138589000	     56827	80009fbc	02d65533	divu	x10,x12,x13	 x12:0x80021e58 x13:0xffffffff x10=0x00000000
     1138609000	     56828	80009fc0	8d5d	c.or	x10,x15	 x10:0x00000000 x15:0x00000001 x10=0x00000001
     1138629000	     56829	80009fc2	001e0463	beq	x28,x1,80009fca	 x28:0xf33c6000  x1:0x00000000
     1139369000	     56866	80009fc6	025cdd33	divu	x26,x25,x5	 x25:0xffffffff  x5:0x00000001 x26=0xffffffff
     1139389000	     56867	80009fca	936e	c.add	x6,x27	  x6:0xbfa34000 x27:0xffffffff  x6=0xbfa33fff
     1139429000	     56869	80009fcc	025195b3	mulh	x11,x3,x5	  x3:0xffffffff  x5:0x00000001 x11=0xffffffff
     1139449000	     56870	80009fd0	01081463	bne	x16,x16,80009fd8	 x16:0x00000001 x16:0x00000001
     1139489000	     56872	80009fd4	03b527b3	mulhsu	x15,x10,x27	 x10:0x00000001 x27:0xffffffff x15=0x00000000
     1139509000	     56873	80009fd8	03201d63	bne	x0,x18,8000a012	  x0:0x00000000 x18:0x00000000
     1139529000	     56874	80009fdc	e389	c.bnez	x15,80009fde	 x15:0x00000000
     1139929000	     56894	80009fde	01eab8b3	sltu	x17,x21,x30	 x21:0xfffffefb x30:0x828efefa x17=0x00000000
     1139949000	     56895	80009fe2	6241	c.lui	x4,0x10	  x4=0x00010000
     1141069000	     56951	80009fe4	029ce833	rem	x16,x25,x9	 x25:0xffffffff  x9:0xffffffff x16=0x00000000
     1141089000	     56952	80009fe8	4dd1	c.li	x27,20	 x27=0x00000014
     1141109000	     56953	80009fea	81c9	c.srli	x11,0x12	 x11:0xffffffff x11=0x00003fff
     1141129000	     56954	80009fec	0000100f	fence.i	
     1141369000	     56966	80009ff0	619d	c.lui	x3,0x7	  x3=0x00007000
     1141389000	     56967	80009ff2	00dfdd63	bge	x31,x13,8000a00c	 x31:0x00000000 x13:0xffffffff
     1141889000	     56992	8000a00c	86e5	c.srai	x13,0x19	 x13:0xffffffff x13=0xffffffff
     1142289000	     57012	8000a00e	5d6bddb7	lui	x27,0x5d6bd	 x27=0x5d6bd000
     1142309000	     57013	8000a012	98b6	c.add	x17,x13	 x17:0x00000000 x13:0xffffffff x17=0xffffffff
     1142329000	     57014	8000a014	8cbd	c.xor	x9,x15	  x9:0xffffffff x15:0x00000000  x9=0xffffffff
     1142349000	     57015	8000a016	01f41d93	slli	x27,x8,0x1f	  x8:0xd0000000 x27=0x00000000
     1143089000	     57052	8000a01a	023662b3	rem	x5,x12,x3	 x12:0x80021e58  x3:0x00007000  x5=0xffffce58
     1143109000	     57053	8000a01e	010387b3	add	x15,x7,x16	  x7:0x00016000 x16:0x00000000 x15=0x00016000
     1143129000	     57054	8000a022	472dfc93	andi	x25,x27,1138	 x27:0x00000000 x25=0x00000000
     1143169000	     57056	8000a026	02124fb3	div	x31,x4,x1	  x4:0x00010000  x1:0x00000000 x31=0xffffffff
     1143189000	     57057	8000a02a	85fd0513	addi	x10,x26,-1953	 x26:0xffffffff x10=0xfffff85e
     1143209000	     57058	8000a02e	c521	c.beqz	x10,8000a076	 x10:0xfffff85e
     1143229000	     57059	8000a030	0ff0000f	fence	iorw,iorw	
     1143249000	     57060	8000a034	b0566017	auipc	x0,0xb0566	  x0=0x00000000
     1143289000	     57062	8000a038	5e392193	slti	x3,x18,1507	 x18:0x00000000  x3=0x00000001
     1143309000	     57063	8000a03c	05434363	blt	x6,x20,8000a082	  x6:0xbfa33fff x20:0x00000000
     1143589000	     57077	8000a082	02e1aeb3	mulhsu	x29,x3,x14	  x3:0x00000001 x14:0x80025ce4 x29=0x00000000
     1143609000	     57078	8000a086	893d	c.andi	x10,15	 x10:0xfffff85e x10=0x0000000e
     1143789000	     57087	8000a088	8cd3efb7	lui	x31,0x8cd3e	 x31=0x8cd3e000
     1143809000	     57088	8000a08c	e089	c.bnez	x9,8000a08e	  x9:0xffffffff
     1144069000	     57101	8000a08e	e58d	c.bnez	x11,8000a0b8	 x11:0x00003fff
     1144629000	     57129	8000a0b8	e005	c.bnez	x8,8000a0d8	  x8:0xd0000000
     1145629000	     57179	8000a0d8	0001	c.addi	x0,0	  x0:0x00000000  x0=0x00000000
     1145649000	     57180	8000a0da	00ea25b3	slt	x11,x20,x14	 x20:0x00000000 x14:0x80025ce4 x11=0x00000000
     1145669000	     57181	8000a0de	14fd	c.addi	x9,-1	  x9:0xffffffff  x9=0xfffffffe
     1145749000	     57185	8000a0e0	185c7c93	andi	x25,x24,389	 x24:0xffffffff x25=0x00000185
     1146669000	     57231	8000a0e4	03117fb3	remu	x31,x2,x17	  x2:0xf5e39895 x17:0xffffffff x31=0xf5e39895
     1146689000	     57232	8000a0e8	01d7d433	srl	x8,x15,x29	 x15:0x00016000 x29:0x00000000  x8=0x00016000
     1146709000	     57233	8000a0ec	01e49563	bne	x9,x30,8000a0f6	  x9:0xfffffffe x30:0x828efefa
     1146789000	     57237	8000a0f6	439d	c.li	x7,7	  x7=0x00000007
     1147189000	     57257	8000a0f8	a7372bb7	lui	x23,0xa7372	 x23=0xa7372000
     1147349000	     57265	8000a0fc	01841c33	sll	x24,x8,x24	  x8:0x00016000 x24:0xffffffff x24=0x00000000
     1147369000	     57266	8000a100	ce81	c.beqz	x13,8000a118	 x13:0xffffffff
     1147389000	     57267	8000a102	4085dc33	sra	x24,x11,x8	 x11:0x00000000  x8:0x00016000 x24=0x00000000
     1147429000	     57269	8000a106	0316bcb3	mulhu	x25,x13,x17	 x13:0xffffffff x17:0xffffffff x25=0xfffffffe
     1147449000	     57270	8000a10a	4299	c.li	x5,6	  x5=0x00000006
     1147509000	     57273	8000a10c	8d2a	c.mv	x26,x10	  x0:0x00000000 x10:0x0000000e x26=0x0000000e
     1147949000	     57295	8000a10e	03ddbc33	mulhu	x24,x27,x29	 x27:0x00000000 x29:0x00000000 x24=0x00000000
     1147969000	     57296	8000a112	40ad	c.li	x1,11	  x1=0x0000000b
     1148009000	     57298	8000a114	03179333	mulh	x6,x15,x17	 x15:0x00016000 x17:0xffffffff  x6=0xffffffff
     1148029000	     57299	8000a118	8fa9	c.xor	x15,x10	 x15:0x00016000 x10:0x0000000e x15=0x0001600e
     1148049000	     57300	8000a11a	0f71	c.addi	x30,28	 x30:0x828efefa x30=0x828eff16
     1148069000	     57301	8000a11c	00df4d33	xor	x26,x30,x13	 x30:0x828eff16 x13:0xffffffff x26=0x7d7100e9
     1148089000	     57302	8000a120	cf91	c.beqz	x15,8000a13c	 x15:0x0001600e
     1149069000	     57351	8000a122	023952b3	divu	x5,x18,x3	 x18:0x00000000  x3:0x00000001  x5=0x00000000
     1156169000	     57706	8000a126	8025	c.srli	x8,0x9	  x8:0x00016000  x8=0x000000b0
     1156189000	     57707	8000a128	e585	c.bnez	x11,8000a150	 x11:0x00000000
     1156209000	     57708	8000a12a	21dfcf93	xori	x31,x31,541	 x31:0xf5e39895 x31=0xf5e39a88
     1156229000	     57709	8000a12e	0001	c.addi	x0,0	  x0:0x00000000  x0=0x00000000
     1156249000	     57710	8000a130	007964b3	or	x9,x18,x7	 x18:0x00000000  x7:0x00000007  x9=0x00000007
     1156269000	     57711	8000a134	f98fb693	sltiu	x13,x31,-104	 x31:0xf5e39a88 x13=0x00000001
     1157009000	     57748	8000a138	02786b33	rem	x22,x16,x7	 x16:0x00000000  x7:0x00000007 x22=0x00000000
     1157029000	     57749	8000a13c	4f0d6a93	ori	x21,x26,1264	 x26:0x7d7100e9 x21=0x7d7104f9
     1157049000	     57750	8000a140	11ac8a13	addi	x20,x25,282	 x25:0xfffffffe x20=0x00000118
     1157069000	     57751	8000a144	8c35	c.xor	x8,x13	  x8:0x000000b0 x13:0x00000001  x8=0x000000b1
     1157089000	     57752	8000a146	8c41	c.or	x8,x8	  x8:0x000000b1  x8:0x000000b1  x8=0x000000b1
     1157109000	     57753	8000a148	022c8e33	mul	x28,x25,x2	 x25:0xfffffffe  x2:0xf5e39895 x28=0x1438ced6
     1157129000	     57754	8000a14c	3e06bf93	sltiu	x31,x13,992	 x13:0x00000001 x31=0x00000001
     1157309000	     57763	8000a150	82a1	c.srli	x13,0x8	 x13:0x00000001 x13=0x00000000
     1157329000	     57764	8000a152	0ff0000f	fence	iorw,iorw	
     1157749000	     57785	8000a156	01fb5593	srli	x11,x22,0x1f	 x22:0x00000000 x11=0x00000000
     1157769000	     57786	8000a15a	c199	c.beqz	x11,8000a160	 x11:0x00000000
     1158129000	     57804	8000a160	0249a233	mulhsu	x4,x19,x4	 x19:0x00000000  x4:0x00010000  x4=0x00000000
     1158149000	     57805	8000a164	02150963	beq	x10,x1,8000a196	 x10:0x0000000e  x1:0x0000000b
     1158169000	     57806	8000a168	008ad213	srli	x4,x21,0x8	 x21:0x7d7104f9  x4=0x007d7104
     1158189000	     57807	8000a16c	030d8c33	mul	x24,x27,x16	 x27:0x00000000 x16:0x00000000 x24=0x00000000
     1158329000	     57814	8000a170	8fd9	c.or	x15,x14	 x15:0x0001600e x14:0x80025ce4 x15=0x80037cee
     1158809000	     57838	8000a172	00476433	or	x8,x14,x4	 x14:0x80025ce4  x4:0x007d7104  x8=0x807f7de4
     1158829000	     57839	8000a176	0a29	c.addi	x20,10	 x20:0x00000118 x20=0x00000122
     1158849000	     57840	8000a178	019df333	and	x6,x27,x25	 x27:0x00000000 x25:0xfffffffe  x6=0x00000000
     1159269000	     57861	8000a17c	03dd51b3	divu	x3,x26,x29	 x26:0x7d7100e9 x29:0x00000000  x3=0xffffffff
     1159289000	     57862	8000a180	0108da33	srl	x20,x17,x16	 x17:0xffffffff x16:0x00000000 x20=0xffffffff
     1159709000	     57883	8000a184	038e8363	beq	x29,x24,8000a1aa	 x29:0x00000000 x24:0x00000000
     1160229000	     57909	8000a1aa	02c0d663	bge	x1,x12,8000a1d6	  x1:0x0000000b x12:0x80021e58
     1160709000	     57933	8000a1d6	0351af33	mulhsu	x30,x3,x21	  x3:0xffffffff x21:0x7d7104f9 x30=0xffffffff
     1160749000	     57935	8000a1da	025f20b3	mulhsu	x1,x30,x5	 x30:0xffffffff  x5:0x00000000  x1=0x00000000
     1160769000	     57936	8000a1de	01ab7533	and	x10,x22,x26	 x22:0x00000000 x26:0x7d7100e9 x10=0x00000000
     1160789000	     57937	8000a1e2	01d88233	add	x4,x17,x29	 x17:0xffffffff x29:0x00000000  x4=0xffffffff
     1160809000	     57938	8000a1e6	8185	c.srli	x11,0x1	 x11:0x00000000 x11=0x00000000
     1160829000	     57939	8000a1e8	02c40833	mul	x16,x8,x12	  x8:0x807f7de4 x12:0x80021e58 x16=0x185bfe60
     1160969000	     57946	8000a1ec	447e3593	sltiu	x11,x28,1095	 x28:0x1438ced6 x11=0x00000000
     1160989000	     57947	8000a1f0	41c4d393	srai	x7,x9,0x1c	  x9:0x00000007  x7=0x00000000
     1161409000	     57968	8000a1f4	00646e63	bltu	x8,x6,8000a210	  x8:0x807f7de4  x6:0x00000000
     1161849000	     57990	8000a1f8	0333fc33	remu	x24,x7,x19	  x7:0x00000000 x19:0x00000000 x24=0x00000000
     1161869000	     57991	8000a1fc	e005	c.bnez	x8,8000a21c	  x8:0x807f7de4
     1162529000	     58024	8000a21c	00e0c0b3	xor	x1,x1,x14	  x1:0x00000000 x14:0x80025ce4  x1=0x80025ce4
     1162689000	     58032	8000a220	85d1	c.srai	x11,0x14	 x11:0x00000000 x11=0x00000000
     1163429000	     58069	8000a222	02196333	rem	x6,x18,x1	 x18:0x00000000  x1:0x80025ce4  x6=0x00000000
     1163449000	     58070	8000a226	6c998893	addi	x17,x19,1737	 x19:0x00000000 x17=0x000006c9
     1163469000	     58071	8000a22a	0001	c.addi	x0,0	  x0:0x00000000  x0=0x00000000
     1163489000	     58072	8000a22c	6c51	c.lui	x24,0x14	 x24=0x00014000
     1163609000	     58078	8000a22e	02da7f63	bgeu	x20,x13,8000a26c	 x20:0xffffffff x13:0x00000000
     1164709000	     58133	8000a26c	e94fae37	lui	x28,0xe94fa	 x28=0xe94fa000
     1165169000	     58156	8000a270	01bbf033	and	x0,x23,x27	 x23:0xa7372000 x27:0x00000000  x0=0x00000000
     1165189000	     58157	8000a274	00614bb3	xor	x23,x2,x6	  x2:0xf5e39895  x6:0x00000000 x23=0xf5e39895
     1165329000	     58164	8000a278	0001	c.addi	x0,0	  x0:0x00000000  x0=0x00000000
     1165349000	     58165	8000a27a	03fff663	bgeu	x31,x31,8000a2a6	 x31:0x00000001 x31:0x00000001
     1166809000	     58238	8000a2a6	0ff0000f	fence	iorw,iorw	
     1167549000	     58275	8000a2aa	03a449b3	div	x19,x8,x26	  x8:0x807f7de4 x26:0x7d7100e9 x19=0xffffffff
     1167569000	     58276	8000a2ae	36d1a993	slti	x19,x3,877	  x3:0xffffffff x19=0x00000001
     1167589000	     58277	8000a2b2	695d	c.lui	x18,0x17	 x18=0x00017000
     1167609000	     58278	8000a2b4	018f9d13	slli	x26,x31,0x18	 x31:0x00000001 x26=0x01000000
     1168349000	     58315	8000a2b8	02c24ab3	div	x21,x4,x12	  x4:0xffffffff x12:0x80021e58 x21=0x00000000
     1168369000	     58316	8000a2bc	01290d33	add	x26,x18,x18	 x18:0x00017000 x18:0x00017000 x26=0x0002e000
     1169109000	     58353	8000a2c0	03f0f1b3	remu	x3,x1,x31	  x1:0x80025ce4 x31:0x00000001  x3=0x00000000
     1169129000	     58354	8000a2c4	00c55a63	bge	x10,x12,8000a2d8	 x10:0x00000000 x12:0x80021e58
     1169529000	     58374	8000a2d8	81be	c.mv	x3,x15	  x0:0x00000000 x15:0x80037cee  x3=0x80037cee
     1169549000	     58375	8000a2da	0689	c.addi	x13,2	 x13:0x00000000 x13=0x00000002
     1169569000	     58376	8000a2dc	00e992b3	sll	x5,x19,x14	 x19:0x00000001 x14:0x80025ce4  x5=0x00000010
     1169649000	     58380	8000a2e0	40e1dfb3	sra	x31,x3,x14	  x3:0x80037cee x14:0x80025ce4 x31=0xf80037ce
     1169789000	     58387	8000a2e4	018c1db3	sll	x27,x24,x24	 x24:0x00014000 x24:0x00014000 x27=0x00014000
     1169809000	     58388	8000a2e8	0134d313	srli	x6,x9,0x13	  x9:0x00000007  x6=0x00000000
     1169929000	     58394	8000a2ec	8ded	c.and	x11,x11	 x11:0x00000000 x11:0x00000000 x11=0x00000000
     1169949000	     58395	8000a2ee	0001	c.addi	x0,0	  x0:0x00000000  x0=0x00000000
     1169969000	     58396	8000a2f0	8c8d	c.sub	x9,x11	  x9:0x00000007 x11:0x00000000  x9=0x00000007
     1169989000	     58397	8000a2f2	40975b33	sra	x22,x14,x9	 x14:0x80025ce4  x9:0x00000007 x22=0xff0004b9
     1170009000	     58398	8000a2f6	0000100f	fence.i	
     1170089000	     58402	8000a2fa	8fc5	c.or	x15,x9	 x15:0x80037cee  x9:0x00000007 x15=0x80037cef
     1170129000	     58404	8000a2fc	02502c33	mulhsu	x24,x0,x5	  x0:0x00000000  x5:0x00000010 x24=0x00000000
     1170249000	     58410	8000a300	01541933	sll	x18,x8,x21	  x8:0x807f7de4 x21:0x00000000 x18=0x807f7de4
     1170289000	     58412	8000a304	024da7b3	mulhsu	x15,x27,x4	 x27:0x00014000  x4:0xffffffff x15=0x00013fff
     1170689000	     58432	8000a308	02c55463	bge	x10,x12,8000a330	 x10:0x00000000 x12:0x80021e58
     1171069000	     58451	8000a330	03cbabb3	mulhsu	x23,x23,x28	 x23:0xf5e39895 x28:0xe94fa000 x23=0xf6c900c9
     1171089000	     58452	8000a334	62f9	c.lui	x5,0x1e	  x5=0x0001e000
     1171109000	     58453	8000a336	ed15	c.bnez	x10,8000a372	 x10:0x00000000
     1171269000	     58461	8000a338	8f81	c.sub	x15,x8	 x15:0x00013fff  x8:0x807f7de4 x15=0x7f81c21b
     1171289000	     58462	8000a33a	002ace63	blt	x21,x2,8000a356	 x21:0x00000000  x2:0xf5e39895
     1171369000	     58466	8000a33e	83253793	sltiu	x15,x10,-1998	 x10:0x00000000 x15=0x00000001
     1171389000	     58467	8000a342	0258c463	blt	x17,x5,8000a36a	 x17:0x000006c9  x5:0x0001e000
     1172269000	     58511	8000a36a	038becb3	rem	x25,x23,x24	 x23:0xf6c900c9 x24:0x00000000 x25=0xf6c900c9
     1172669000	     58531	8000a36e	0079b9b3	sltu	x19,x19,x7	 x19:0x00000001  x7:0x00000000 x19=0x00000000
     1172689000	     58532	8000a372	8ee5	c.and	x13,x9	 x13:0x00000002  x9:0x00000007 x13=0x00000002
     1172749000	     58535	8000a374	0001	c.addi	x0,0	  x0:0x00000000  x0=0x00000000
     1173489000	     58572	8000a376	0235ceb3	div	x29,x11,x3	 x11:0x00000000  x3:0x80037cee x29=0x00000000
     1173509000	     58573	8000a37a	0ff0000f	fence	iorw,iorw	
     1173549000	     58575	8000a37e	02a31e33	mulh	x28,x6,x10	  x6:0x00000000 x10:0x00000000 x28=0x00000000
     1173569000	     58576	8000a382	4ce1	c.li	x25,24	 x25=0x00000018
     1173589000	     58577	8000a384	03940063	beq	x8,x25,8000a3a4	  x8:0x807f7de4 x25:0x00000018
     1173609000	     58578	8000a388	019745b3	xor	x11,x14,x25	 x14:0x80025ce4 x25:0x00000018 x11=0x80025cfc
     1173629000	     58579	8000a38c	41250db3	sub	x27,x10,x18	 x10:0x00000000 x18:0x807f7de4 x27=0x7f80821c
     1173749000	     58585	8000a390	414ad293	srai	x5,x21,0x14	 x21:0x00000000  x5=0x00000000
     1174169000	     58606	8000a394	4264e693	ori	x13,x9,1062	  x9:0x00000007 x13=0x00000427
     1174189000	     58607	8000a398	0112f263	bgeu	x5,x17,8000a39c	  x5:0x00000000 x17:0x000006c9
     1174209000	     58608	8000a39c	64b9	c.lui	x9,0xe	  x9=0x0000e000
     1174229000	     58609	8000a39e	b2bd0c93	addi	x25,x26,-1237	 x26:0x0002e000 x25=0x0002db2b
     1174249000	     58610	8000a3a2	8e8d	c.sub	x13,x11	 x13:0x00000427 x11:0x80025cfc x13=0x7ffda72b
     1174269000	     58611	8000a3a4	c919	c.beqz	x10,8000a3ba	 x10:0x00000000
     1174449000	     58620	8000a3ba	8045	c.srli	x8,0x11	  x8:0x807f7de4  x8=0x0000403f
     1174609000	     58628	8000a3bc	80dd	c.srli	x9,0x17	  x9:0x0000e000  x9=0x00000000
     1174629000	     58629	8000a3be	69ad	c.lui	x19,0xb	 x19=0x0000b000
     1174789000	     58637	8000a3c0	00e29b13	slli	x22,x5,0xe	  x5:0x00000000 x22=0x00000000
     1174809000	     58638	8000a3c4	00108eb3	add	x29,x1,x1	  x1:0x80025ce4  x1:0x80025ce4 x29=0x0004b9c8
     1174849000	     58640	8000a3c8	035a37b3	mulhu	x15,x20,x21	 x20:0xffffffff x21:0x00000000 x15=0x00000000
     1175189000	     58657	8000a3cc	02f5ae33	mulhsu	x28,x11,x15	 x11:0x80025cfc x15:0x00000000 x28=0x00000000
     1175329000	     58664	8000a3d0	002018b3	sll	x17,x0,x2	  x0:0x00000000  x2:0xf5e39895 x17=0x00000000
     1175349000	     58665	8000a3d4	971c2193	slti	x3,x24,-1679	 x24:0x00000000  x3=0x00000000
     1175769000	     58686	8000a3d8	8b1b7013	andi	x0,x22,-1871	 x22:0x00000000  x0=0x00000000
     1175949000	     58695	8000a3dc	12166393	ori	x7,x12,289	 x12:0x80021e58  x7=0x80021f79
     1175969000	     58696	8000a3e0	02046763	bltu	x8,x0,8000a40e	  x8:0x0000403f  x0:0x00000000
     1176129000	     58704	8000a3e4	011427b3	slt	x15,x8,x17	  x8:0x0000403f x17:0x00000000 x15=0x00000000
     1176149000	     58705	8000a3e8	1c7376b7	lui	x13,0x1c737	 x13=0x1c737000
     1176369000	     58716	8000a3ec	023b1fb3	mulh	x31,x22,x3	 x22:0x00000000  x3:0x00000000 x31=0x00000000
     1176769000	     58736	8000a3f0	2fdd4693	xori	x13,x26,765	 x26:0x0002e000 x13=0x0002e2fd
     1176929000	     58744	8000a3f4	89bd	c.andi	x11,15	 x11:0x80025cfc x11=0x0000000c
     1177129000	     58754	8000a3f6	02fb9fb3	mulh	x31,x23,x15	 x23:0xf6c900c9 x15:0x00000000 x31=0x00000000
     1177149000	     58755	8000a3fa	c964cd13	xori	x26,x9,-874	  x9:0x00000000 x26=0xfffffc96
     1177249000	     58760	8000a3fe	027f4463	blt	x30,x7,8000a426	 x30:0xffffffff  x7:0x80021f79
     1177289000	     58762	8000a402	00d67463	bgeu	x12,x13,8000a40a	 x12:0x80021e58 x13:0x0002e2fd
     1177509000	     58773	8000a40a	00db5963	bge	x22,x13,8000a41c	 x22:0x00000000 x13:0x0002e2fd
     1177929000	     58794	8000a40e	0170b533	sltu	x10,x1,x23	  x1:0x80025ce4 x23:0xf6c900c9 x10=0x00000001
     1177949000	     58795	8000a412	01824f33	xor	x30,x4,x24	  x4:0xffffffff x24:0x00000000 x30=0xffffffff
     1177969000	     58796	8000a416	8449	c.srai	x8,0x12	  x8:0x0000403f  x8=0x00000000
     1177989000	     58797	8000a418	0191ecb3	or	x25,x3,x25	  x3:0x00000000 x25:0x0002db2b x25=0x0002db2b
     1178029000	     58799	8000a41c	03923fb3	mulhu	x31,x4,x25	  x4:0xffffffff x25:0x0002db2b x31=0x0002db2a
     1178049000	     58800	8000a420	0e9a	c.slli	x29,0x6	 x29:0x0004b9c8 x29=0x012e7200
     1178069000	     58801	8000a422	0ff0000f	fence	iorw,iorw	
     1178089000	     58802	8000a426	87d5	c.srai	x15,0x15	 x15:0x00000000 x15=0x00000000
     1178689000	     58832	8000a428	38b23c13	sltiu	x24,x4,907	  x4:0xffffffff x24=0x00000000
     1178749000	     58835	8000a42c	00985413	srli	x8,x16,0x9	 x16:0x185bfe60  x8=0x000c2dff
     1179489000	     58872	8000a430	03a279b3	remu	x19,x4,x26	  x4:0xffffffff x26:0xfffffc96 x19=0x00000369
     1179509000	     58873	8000a434	41b90cb3	sub	x25,x18,x27	 x18:0x807f7de4 x27:0x7f80821c x25=0x00fefbc8
     1179529000	     58874	8000a438	83f6	c.mv	x7,x29	  x0:0x00000000 x29:0x012e7200  x7=0x012e7200
     1179549000	     58875	8000a43a	611a4c93	xori	x25,x20,1553	 x20:0xffffffff x25=0xfffff9ee
     1179569000	     58876	8000a43e	df418f93	addi	x31,x3,-524	  x3:0x00000000 x31=0xfffffdf4
     1179589000	     58877	8000a442	0e95	c.addi	x29,5	 x29:0x012e7200 x29=0x012e7205
     1179609000	     58878	8000a444	8c93bc37	lui	x24,0x8c93b	 x24=0x8c93b000
     1179809000	     58888	8000a448	03b88a17	auipc	x20,0x3b88	 x20=0x83b92448
     1179829000	     58889	8000a44c	cc698093	addi	x1,x19,-826	 x19:0x00000369  x1=0x0000002f
     1180249000	     58910	8000a450	0ff0000f	fence	iorw,iorw	
     1180269000	     58911	8000a454	01882833	slt	x16,x16,x24	 x16:0x185bfe60 x24:0x8c93b000 x16=0x00000000
     1180689000	     58932	8000a458	0463c163	blt	x7,x6,8000a49a	  x7:0x012e7200  x6:0x00000000
     1180709000	     58933	8000a45c	6edd	c.lui	x29,0x17	 x29=0x00017000
     1180929000	     58944	8000a45e	018507b3	add	x15,x10,x24	 x10:0x00000001 x24:0x8c93b000 x15=0x8c93b001
     1180949000	     58945	8000a462	01590833	add	x16,x18,x21	 x18:0x807f7de4 x21:0x00000000 x16=0x807f7de4
     1180969000	     58946	8000a466	6929	c.lui	x18,0xa	 x18=0x0000a000
     1180989000	     58947	8000a468	98fd	c.andi	x9,-1	  x9:0x00000000  x9=0x00000000
     1181009000	     58948	8000a46a	8dd9	c.or	x11,x14	 x11:0x0000000c x14:0x80025ce4 x11=0x80025cec
     1181389000	     58967	8000a46c	0001	c.addi	x0,0	  x0:0x00000000  x0=0x00000000
     1181629000	     58979	8000a46e	019edf93	srli	x31,x29,0x19	 x29:0x00017000 x31=0x00000000
     1181689000	     58982	8000a472	01172233	slt	x4,x14,x17	 x14:0x80025ce4 x17:0x00000000  x4=0x00000001
     1182109000	     59003	8000a476	01d3c463	blt	x7,x29,8000a47e	  x7:0x012e7200 x29:0x00017000
     1182129000	     59004	8000a47a	0127b033	sltu	x0,x15,x18	 x15:0x8c93b001 x18:0x0000a000  x0=0x00000000
     1182309000	     59013	8000a47e	0ff0000f	fence	iorw,iorw	
     1182329000	     59014	8000a482	18fd	c.addi	x17,-1	 x17:0x00000000 x17=0xffffffff
     1182509000	     59023	8000a484	4de1	c.li	x27,24	 x27=0x00000018
     1182949000	     59045	8000a486	039e27b3	mulhsu	x15,x28,x25	 x28:0x00000000 x25:0xfffff9ee x15=0x00000000
     1182969000	     59046	8000a48a	407c0333	sub	x6,x24,x7	 x24:0x8c93b000  x7:0x012e7200  x6=0x8b653e00
     1183009000	     59048	8000a48e	023779b3	remu	x19,x14,x3	 x14:0x80025ce4  x3:0x00000000 x19=0x80025ce4
     1183089000	     59052	8000a492	000eb4b3	sltu	x9,x29,x0	 x29:0x00017000  x0:0x00000000  x9=0x00000000
     1183129000	     59054	8000a496	02fa4a33	div	x20,x20,x15	 x20:0x83b92448 x15:0x00000000 x20=0xffffffff
     1183149000	     59055	8000a49a	0001	c.addi	x0,0	  x0:0x00000000  x0=0x00000000
     1183169000	     59056	8000a49c	41e08233	sub	x4,x1,x30	  x1:0x0000002f x30:0xffffffff  x4=0x00000030
     1183189000	     59057	8000a4a0	0e6fb317	auipc	x6,0xe6fb	  x6=0x8e7054a0
     1183229000	     59059	8000a4a4	02dc1533	mulh	x10,x24,x13	 x24:0x8c93b000 x13:0x0002e2fd x10=0xfffeb2cf
     1183349000	     59065	8000a4a8	01e0d4b3	srl	x9,x1,x30	  x1:0x0000002f x30:0xffffffff  x9=0x00000000
     1183369000	     59066	8000a4ac	e10d	c.bnez	x10,8000a4ce	 x10:0xfffeb2cf
     1184189000	     59107	8000a4ce	98fd	c.andi	x9,-1	  x9:0x00000000  x9=0x00000000
     1184329000	     59114	8000a4d0	032a7c63	bgeu	x20,x18,8000a508	 x20:0xffffffff x18:0x0000a000
     1184769000	     59136	8000a508	0000100f	fence.i	
     1185209000	     59158	8000a50c	8fc1	c.or	x15,x8	 x15:0x00000000  x8:0x000c2dff x15=0x000c2dff
     1185229000	     59159	8000a50e	03fe0263	beq	x28,x31,8000a532	 x28:0x00000000 x31:0x00000000
     1186549000	     59225	8000a532	005277b3	and	x15,x4,x5	  x4:0x00000030  x5:0x00000000 x15=0x00000000
     1186829000	     59239	8000a536	01846db3	or	x27,x8,x24	  x8:0x000c2dff x24:0x8c93b000 x27=0x8c9fbdff
     1186949000	     59245	8000a53a	ecd346b7	lui	x13,0xecd34	 x13=0xecd34000
     1187209000	     59258	8000a53e	0077d013	srli	x0,x15,0x7	 x15:0x00000000  x0=0x00000000
     1187229000	     59259	8000a542	97eb0793	addi	x15,x22,-1666	 x22:0x00000000 x15=0xfffff97e
     1187249000	     59260	8000a546	00f2fe33	and	x28,x5,x15	  x5:0x00000000 x15:0xfffff97e x28=0x00000000
     1187309000	     59263	8000a54a	7e8b6813	ori	x16,x22,2024	 x22:0x00000000 x16=0x000007e8
     1187329000	     59264	8000a54e	858d	c.srai	x11,0x3	 x11:0x80025cec x11=0xf0004b9d
     1187349000	     59265	8000a550	0e2e	c.slli	x28,0xb	 x28:0x00000000 x28=0x00000000
     1187369000	     59266	8000a552	02125563	bge	x4,x1,8000a57c	  x4:0x00000030  x1:0x0000002f
     1187609000	     59278	8000a57c	01c79363	bne	x15,x28,8000a582	 x15:0xfffff97e x28:0x00000000
     1188749000	     59335	8000a582	5f7d	c.li	x30,-1	 x30=0xffffffff
     1189169000	     59356	8000a584	987d	c.andi	x8,-1	  x8:0x000c2dff  x8=0x000c2dff
     1189189000	     59357	8000a586	80e9	c.srli	x9,0x1a	  x9:0x00000000  x9=0x00000000
     1189209000	     59358	8000a588	0dee	c.slli	x27,0x1b	 x27:0x8c9fbdff x27=0xf8000000
     1189229000	     59359	8000a58a	6f71	c.lui	x30,0x1c	 x30=0x0001c000
     1189609000	     59378	8000a58c	0ff0000f	fence	iorw,iorw	
     1189629000	     59379	8000a590	00787433	and	x8,x16,x7	 x16:0x000007e8  x7:0x012e7200  x8=0x00000200
     1190049000	     59400	8000a594	cec9c913	xori	x18,x19,-788	 x19:0x80025ce4 x18=0x7ffda008
     1190169000	     59406	8000a598	025ffeb3	remu	x29,x31,x5	 x31:0x00000000  x5:0x00000000 x29=0x00000000
     1190569000	     59426	8000a59c	00dc8533	add	x10,x25,x13	 x25:0xfffff9ee x13:0xecd34000 x10=0xecd339ee
     1190609000	     59428	8000a5a0	037b2a33	mulhsu	x20,x22,x23	 x22:0x00000000 x23:0xf6c900c9 x20=0x00000000
     1190629000	     59429	8000a5a4	c19d	c.beqz	x11,8000a5ca	 x11:0xf0004b9d
     1191029000	     59449	8000a5a6	013a7433	and	x8,x20,x19	 x20:0x00000000 x19:0x80025ce4  x8=0x00000000
     1191049000	     59450	8000a5aa	4209fc97	auipc	x25,0x4209f	 x25=0xc20a95aa
     1191069000	     59451	8000a5ae	0046d813	srli	x16,x13,0x4	 x13:0xecd34000 x16=0x0ecd3400
     1191229000	     59459	8000a5b2	6f395217	auipc	x4,0x6f395	  x4=0xef39f5b2
     1191249000	     59460	8000a5b6	c599	c.beqz	x11,8000a5c4	 x11:0xf0004b9d
     1191589000	     59477	8000a5b8	032e	c.slli	x6,0xb	  x6:0x8e7054a0  x6=0x82a50000
     1191609000	     59478	8000a5ba	0000100f	fence.i	
     1192909000	     59543	8000a5be	03bd37b3	mulhu	x15,x26,x27	 x26:0xfffffc96 x27:0xf8000000 x15=0xf7fffcb1
     1192929000	     59544	8000a5c2	82b2	c.mv	x5,x12	  x0:0x00000000 x12:0x80021e58  x5=0x80021e58
     1193689000	     59582	8000a5c4	0220ff33	remu	x30,x1,x2	  x1:0x0000002f  x2:0xf5e39895 x30=0x0000002f
     1204329000	     60114	8000a5c8	e011	c.bnez	x8,8000a5cc	  x8:0x00000000
     1204349000	     60115	8000a5ca	8fdd	c.or	x15,x15	 x15:0xf7fffcb1 x15:0xf7fffcb1 x15=0xf7fffcb1
     1204369000	     60116	8000a5cc	00a5b7b3	sltu	x15,x11,x10	 x11:0xf0004b9d x10:0xecd339ee x15=0x00000000
     1204389000	     60117	8000a5d0	0432	c.slli	x8,0xc	  x8:0x00000000  x8=0x00000000
     1204409000	     60118	8000a5d2	45a1cd13	xori	x26,x3,1114	  x3:0x00000000 x26=0x0000045a
     1204429000	     60119	8000a5d6	41bc08b3	sub	x17,x24,x27	 x24:0x8c93b000 x27:0xf8000000 x17=0x9493b000
     1204449000	     60120	8000a5da	13a5c513	xori	x10,x11,314	 x11:0xf0004b9d x10=0xf0004aa7
     1204489000	     60122	8000a5de	01f5d2b3	srl	x5,x11,x31	 x11:0xf0004b9d x31:0x00000000  x5=0xf0004b9d
     1204509000	     60123	8000a5e2	0164e6b3	or	x13,x9,x22	  x9:0x00000000 x22:0x00000000 x13=0x00000000
     1204529000	     60124	8000a5e6	8e89	c.sub	x13,x10	 x13:0x00000000 x10:0xf0004aa7 x13=0x0fffb559
     1204929000	     60144	8000a5e8	023ded63	bltu	x27,x3,8000a622	 x27:0xf8000000  x3:0x00000000
     1204949000	     60145	8000a5ec	49c9	c.li	x19,18	 x19=0x00000012
     1204969000	     60146	8000a5ee	8fd5	c.or	x15,x13	 x15:0x00000000 x13:0x0fffb559 x15=0x0fffb559
     1204989000	     60147	8000a5f0	4cd09917	auipc	x18,0x4cd09	 x18=0xccd135f0
     1205389000	     60167	8000a5f4	1b140b13	addi	x22,x8,433	  x8:0x00000000 x22=0x000001b1
     1205609000	     60178	8000a5f8	00ee4233	xor	x4,x28,x14	 x28:0x00000000 x14:0x80025ce4  x4=0x80025ce4
     1205709000	     60183	8000a5fc	02a00f33	mul	x30,x0,x10	  x0:0x00000000 x10:0xf0004aa7 x30=0x00000000
     1205869000	     60191	8000a600	405883b3	sub	x7,x17,x5	 x17:0x9493b000  x5:0xf0004b9d  x7=0xa4936463
     1205889000	     60192	8000a604	01f8fc33	and	x24,x17,x31	 x17:0x9493b000 x31:0x00000000 x24=0x00000000
     1205909000	     60193	8000a608	89c5	c.andi	x11,17	 x11:0xf0004b9d x11=0x00000011
     1205929000	     60194	8000a60a	7f2fc513	xori	x10,x31,2034	 x31:0x00000000 x10=0x000007f2
     1206769000	     60236	8000a60e	02c5e8b3	rem	x17,x11,x12	 x11:0x00000011 x12:0x80021e58 x17=0x00000011
     1206789000	     60237	8000a612	4148dab3	sra	x21,x17,x20	 x17:0x00000011 x20:0x00000000 x21=0x00000011
     1206809000	     60238	8000a616	a54fb193	sltiu	x3,x31,-1452	 x31:0x00000000  x3=0x00000001
     1206829000	     60239	8000a61a	01a7d5b3	srl	x11,x15,x26	 x15:0x0fffb559 x26:0x0000045a x11=0x00000003
     1207569000	     60276	8000a61e	0210c3b3	div	x7,x1,x1	  x1:0x0000002f  x1:0x0000002f  x7=0x00000001
     1207589000	     60277	8000a622	82d5	c.srli	x13,0x15	 x13:0x0fffb559 x13=0x0000007f
     1207609000	     60278	8000a624	007830b3	sltu	x1,x16,x7	 x16:0x0ecd3400  x7:0x00000001  x1=0x00000000
     1207629000	     60279	8000a628	6f198393	addi	x7,x19,1777	 x19:0x00000012  x7=0x00000703
     1207649000	     60280	8000a62c	01a81533	sll	x10,x16,x26	 x16:0x0ecd3400 x26:0x0000045a x10=0x00000000
     1207669000	     60281	8000a630	6fe1	c.lui	x31,0x18	 x31=0x00018000
     1207689000	     60282	8000a632	cb8d	c.beqz	x15,8000a664	 x15:0x0fffb559
     1207729000	     60284	8000a634	027f90b3	mulh	x1,x31,x7	 x31:0x00018000  x7:0x00000703  x1=0x00000000
     1208129000	     60304	8000a638	03ea6493	ori	x9,x20,62	 x20:0x00000000  x9=0x0000003e
     1208149000	     60305	8000a63c	d36ec313	xori	x6,x29,-714	 x29:0x00000000  x6=0xfffffd36
     1208889000	     60342	8000a640	0235e7b3	rem	x15,x11,x3	 x11:0x00000003  x3:0x00000001 x15=0x00000000
     1208909000	     60343	8000a644	8de9	c.and	x11,x10	 x11:0x00000003 x10:0x00000000 x11=0x00000000
     1208929000	     60344	8000a646	5a7d	c.li	x20,-1	 x20=0xffffffff
     1208949000	     60345	8000a648	03388f63	beq	x17,x19,8000a686	 x17:0x00000011 x19:0x00000012
     1208989000	     60347	8000a64c	039b2233	mulhsu	x4,x22,x25	 x22:0x000001b1 x25:0xc20a95aa  x4=0x00000148
     1209009000	     60348	8000a650	17f84213	xori	x4,x16,383	 x16:0x0ecd3400  x4=0x0ecd357f
     1209749000	     60385	8000a654	022df3b3	remu	x7,x27,x2	 x27:0xf8000000  x2:0xf5e39895  x7=0x021c676b
     1209769000	     60386	8000a658	41aad5b3	sra	x11,x21,x26	 x21:0x00000011 x26:0x0000045a x11=0x00000000
     1209789000	     60387	8000a65c	02896263	bltu	x18,x8,8000a680	 x18:0xccd135f0  x8:0x00000000
     1209809000	     60388	8000a660	02ca6363	bltu	x20,x12,8000a686	 x20:0xffffffff x12:0x80021e58
     1209829000	     60389	8000a664	99fd	c.andi	x11,-1	 x11:0x00000000 x11=0x00000000
     1209849000	     60390	8000a666	00c108b3	add	x17,x2,x12	  x2:0xf5e39895 x12:0x80021e58 x17=0x75e5b6ed
     1209869000	     60391	8000a66a	8a12	c.mv	x20,x4	  x0:0x00000000  x4:0x0ecd357f x20=0x0ecd357f
     1209889000	     60392	8000a66c	94c6	c.add	x9,x17	  x9:0x0000003e x17:0x75e5b6ed  x9=0x75e5b72b
     1210069000	     60401	8000a66e	0ff0000f	fence	iorw,iorw	
     1210089000	     60402	8000a672	81cd	c.srli	x11,0x13	 x11:0x00000000 x11=0x00000000
     1210109000	     60403	8000a674	6c11	c.lui	x24,0x4	 x24=0x00004000
     1210129000	     60404	8000a676	428d	c.li	x5,3	  x5=0x00000003
     1210269000	     60411	8000a678	00ebfeb3	and	x29,x23,x14	 x23:0xf6c900c9 x14:0x80025ce4 x29=0x800000c0
     1210289000	     60412	8000a67c	7794ba93	sltiu	x21,x9,1913	  x9:0x75e5b72b x21=0x00000000
     1210309000	     60413	8000a680	f50268b7	lui	x17,0xf5026	 x17=0xf5026000
     1210489000	     60422	8000a684	8466	c.mv	x8,x25	  x0:0x00000000 x25:0xc20a95aa  x8=0xc20a95aa
     1210509000	     60423	8000a686	885a	c.mv	x16,x22	  x0:0x00000000 x22:0x000001b1 x16=0x000001b1
     1210529000	     60424	8000a688	0028aa33	slt	x20,x17,x2	 x17:0xf5026000  x2:0xf5e39895 x20=0x00000001
     1210789000	     60437	8000a68c	0001	c.addi	x0,0	  x0:0x00000000  x0=0x00000000
     1210809000	     60438	8000a68e	86b5	c.srai	x13,0xd	 x13:0x0000007f x13=0x00000000
     1210829000	     60439	8000a690	85ed	c.srai	x11,0x1b	 x11:0x00000000 x11=0x00000000
     1210849000	     60440	8000a692	00ddb0b3	sltu	x1,x27,x13	 x27:0xf8000000 x13:0x00000000  x1=0x00000000
     1210869000	     60441	8000a696	038e05b3	mul	x11,x28,x24	 x28:0x00000000 x24:0x00004000 x11=0x00000000
     1210909000	     60443	8000a69a	03551fb3	mulh	x31,x10,x21	 x10:0x00000000 x21:0x00000000 x31=0x00000000
     1210929000	     60444	8000a69e	03c78263	beq	x15,x28,8000a6c2	 x15:0x00000000 x28:0x00000000
     1211989000	     60497	8000a6c2	8de5	c.and	x11,x9	 x11:0x00000000  x9:0x75e5b72b x11=0x00000000
     1212409000	     60518	8000a6c4	8cd2	c.mv	x25,x20	  x0:0x00000000 x20:0x00000001 x25=0x00000001
     1212429000	     60519	8000a6c6	8f36	c.mv	x30,x13	  x0:0x00000000 x13:0x00000000 x30=0x00000000
     1212449000	     60520	8000a6c8	02540d33	mul	x26,x8,x5	  x8:0xc20a95aa  x5:0x00000003 x26=0x461fc0fe
     1212589000	     60527	8000a6cc	80b9	c.srli	x9,0xe	  x9:0x75e5b72b  x9=0x0001d796
     1212609000	     60528	8000a6ce	84dd	c.srai	x9,0x17	  x9:0x0001d796  x9=0x00000000
     1212769000	     60536	8000a6d0	235fa293	slti	x5,x31,565	 x31:0x00000000  x5=0x00000001
     1212829000	     60539	8000a6d4	6835	c.lui	x16,0xd	 x16=0x0000d000
     1213149000	     60555	8000a6d6	01a3a933	slt	x18,x7,x26	  x7:0x021c676b x26:0x461fc0fe x18=0x00000001
     1213169000	     60556	8000a6da	8c49	c.or	x8,x10	  x8:0xc20a95aa x10:0x00000000  x8=0xc20a95aa
     1213189000	     60557	8000a6dc	40b2d333	sra	x6,x5,x11	  x5:0x00000001 x11:0x00000000  x6=0x00000001
     1213609000	     60578	8000a6e0	031db833	mulhu	x16,x27,x17	 x27:0xf8000000 x17:0xf5026000 x16=0xed5a4d00
     1213629000	     60579	8000a6e4	e115	c.bnez	x10,8000a708	 x10:0x00000000
     1213649000	     60580	8000a6e6	84e6	c.mv	x9,x25	  x0:0x00000000 x25:0x00000001  x9=0x00000001
     1213669000	     60581	8000a6e8	02254063	blt	x10,x2,8000a708	 x10:0x00000000  x2:0xf5e39895
     1214089000	     60602	8000a6ec	02281bb3	mulh	x23,x16,x2	 x16:0xed5a4d00  x2:0xf5e39895 x23=0x00bc8aa6
     1214409000	     60618	8000a6f0	00aa4263	blt	x20,x10,8000a6f4	 x20:0x00000001 x10:0x00000000
     1214429000	     60619	8000a6f4	8cad	c.xor	x9,x11	  x9:0x00000001 x11:0x00000000  x9=0x00000001
     1214449000	     60620	8000a6f6	ce89	c.beqz	x13,8000a710	 x13:0x00000000
     1215129000	     60654	8000a710	41e40e33	sub	x28,x8,x30	  x8:0xc20a95aa x30:0x00000000 x28=0xc20a95aa
     1215149000	     60655	8000a714	6e35	c.lui	x28,0xd	 x28=0x0000d000
     1215369000	     60666	8000a716	02bf37b3	mulhu	x15,x30,x11	 x30:0x00000000 x11:0x00000000 x15=0x00000000
     1215549000	     60675	8000a71a	0133bbb3	sltu	x23,x7,x19	  x7:0x021c676b x19:0x00000012 x23=0x00000000
     1215569000	     60676	8000a71e	01ea	c.slli	x3,0x1a	  x3:0x00000001  x3=0x04000000
     1215849000	     60690	8000a720	c595	c.beqz	x11,8000a74c	 x11:0x00000000
     1215989000	     60697	8000a74c	01b0db63	bge	x1,x27,8000a762	  x1:0x00000000 x27:0xf8000000
     1217109000	     60753	8000a762	40415e33	sra	x28,x2,x4	  x2:0xf5e39895  x4:0x0ecd357f x28=0xffffffff
     1217389000	     60767	8000a766	0358c0b3	div	x1,x17,x21	 x17:0xf5026000 x21:0x00000000  x1=0xffffffff
     1217449000	     60770	8000a76a	0000100f	fence.i	
     1218169000	     60806	8000a76e	84da	c.mv	x9,x22	  x0:0x00000000 x22:0x000001b1  x9=0x000001b1
     1218389000	     60817	8000a770	306ec993	xori	x19,x29,774	 x29:0x800000c0 x19=0x800003c6
     1218409000	     60818	8000a774	02585663	bge	x16,x5,8000a7a0	 x16:0xed5a4d00  x5:0x00000001
     1218429000	     60819	8000a778	0ff0000f	fence	iorw,iorw	
     1218549000	     60825	8000a77c	02839d33	mulh	x26,x7,x8	  x7:0x021c676b  x8:0xc20a95aa x26=0xff7d354c
     1218569000	     60826	8000a780	009515b3	sll	x11,x10,x9	 x10:0x00000000  x9:0x000001b1 x11=0x00000000
     1219689000	     60882	8000a784	027bda33	divu	x20,x23,x7	 x23:0x00000000  x7:0x021c676b x20=0x00000000
     1219709000	     60883	8000a788	08145917	auipc	x18,0x8145	 x18=0x8814f788
     1219729000	     60884	8000a78c	c950c293	xori	x5,x1,-875	  x1:0xffffffff  x5=0x0000036a
     1219749000	     60885	8000a790	46099197	auipc	x3,0x46099	  x3=0xc60a3790
     1219769000	     60886	8000a794	8061	c.srli	x8,0x18	  x8:0xc20a95aa  x8=0x000000c2
     1219789000	     60887	8000a796	684b8d93	addi	x27,x23,1668	 x23:0x00000000 x27=0x00000684
     1219809000	     60888	8000a79a	0ff0000f	fence	iorw,iorw	
     1219829000	     60889	8000a79e	8555	c.srai	x10,0x15	 x10:0x00000000 x10=0x00000000
     1219869000	     60891	8000a7a0	c2b7ea93	ori	x21,x15,-981	 x15:0x00000000 x21=0xfffffc2b
     1219889000	     60892	8000a7a4	00217263	bgeu	x2,x2,8000a7a8	  x2:0xf5e39895  x2:0xf5e39895
     1220449000	     60920	8000a7a8	03c6	c.slli	x7,0x11	  x7:0x021c676b  x7=0xced60000
     1220489000	     60922	8000a7aa	033dbe33	mulhu	x28,x27,x19	 x27:0x00000684 x19:0x800003c6 x28=0x00000342
     1220649000	     60930	8000a7ae	00815293	srli	x5,x2,0x8	  x2:0xf5e39895  x5=0x00f5e398
     1221069000	     60951	8000a7b2	0132d213	srli	x4,x5,0x13	  x5:0x00f5e398  x4=0x0000001e
     1221089000	     60952	8000a7b6	0b7e	c.slli	x22,0x1f	 x22:0x000001b1 x22=0x80000000
     1221109000	     60953	8000a7b8	0000100f	fence.i	
     1221389000	     60967	8000a7bc	97db6a13	ori	x20,x22,-1667	 x22:0x80000000 x20=0xfffff97d
     1221409000	     60968	8000a7c0	50642d13	slti	x26,x8,1286	  x8:0x000000c2 x26=0x00000001
     1221589000	     60977	8000a7c4	03a2f263	bgeu	x5,x26,8000a7e8	  x5:0x00f5e398 x26:0x00000001
     1222369000	     61016	8000a7e8	408756b3	sra	x13,x14,x8	 x14:0x80025ce4  x8:0x000000c2 x13=0xe0009739
     1222409000	     61018	8000a7ec	033b2eb3	mulhsu	x29,x22,x19	 x22:0x80000000 x19:0x800003c6 x29=0xbffffe1d
     1222429000	     61019	8000a7f0	0176d893	srli	x17,x13,0x17	 x13:0xe0009739 x17=0x000001c0
     1222449000	     61020	8000a7f4	007c86b3	add	x13,x25,x7	 x25:0x00000001  x7:0xced60000 x13=0xced60001
     1222469000	     61021	8000a7f8	81b5	c.srli	x11,0xd	 x11:0x00000000 x11=0x00000000
     1222509000	     61023	8000a7fa	024f1933	mulh	x18,x30,x4	 x30:0x00000000  x4:0x0000001e x18=0x00000000
     1222529000	     61024	8000a7fe	8d01	c.sub	x10,x8	 x10:0x00000000  x8:0x000000c2 x10=0xffffff3e
     1222629000	     61029	8000a800	1d7d	c.addi	x26,-1	 x26:0x00000001 x26=0x00000000
     1222649000	     61030	8000a802	99fd	c.andi	x11,-1	 x11:0x00000000 x11=0x00000000
     1223089000	     61052	8000a804	01e35d93	srli	x27,x6,0x1e	  x6:0x00000001 x27=0x00000000
     1223109000	     61053	8000a808	0055c463	blt	x11,x5,8000a810	 x11:0x00000000  x5:0x00f5e398
     1223369000	     61066	8000a810	03e14c33	div	x24,x2,x30	  x2:0xf5e39895 x30:0x00000000 x24=0xffffffff
     1223789000	     61087	8000a814	03ecc1b3	div	x3,x25,x30	 x25:0x00000001 x30:0x00000000  x3=0xffffffff
     1224189000	     61107	8000a818	9c76	c.add	x24,x29	 x24:0xffffffff x29:0xbffffe1d x24=0xbffffe1c
     1224209000	     61108	8000a81a	0046f5b3	and	x11,x13,x4	 x13:0xced60001  x4:0x0000001e x11=0x00000000
     1224629000	     61129	8000a81e	41eb0933	sub	x18,x22,x30	 x22:0x80000000 x30:0x00000000 x18=0x80000000
     1225049000	     61150	8000a822	fa57f813	andi	x16,x15,-91	 x15:0x00000000 x16=0x00000000
     1225069000	     61151	8000a826	9ae6	c.add	x21,x25	 x21:0xfffffc2b x25:0x00000001 x21=0xfffffc2c
     1225369000	     61166	8000a828	02791db3	mulh	x27,x18,x7	 x18:0x80000000  x7:0xced60000 x27=0x18950000
     1225529000	     61174	8000a82c	2e9f3917	auipc	x18,0x2e9f3	 x18=0xae9fd82c
     1225549000	     61175	8000a830	a0af1017	auipc	x0,0xa0af1	  x0=0x00000000
     1225709000	     61183	8000a834	01b80d33	add	x26,x16,x27	 x16:0x00000000 x27:0x18950000 x26=0x18950000
     1225729000	     61184	8000a838	8d61	c.and	x10,x8	 x10:0xffffff3e  x8:0x000000c2 x10=0x00000002
     1226549000	     61225	8000a83a	0276f1b3	remu	x3,x13,x7	 x13:0xced60001  x7:0xced60000  x3=0x00000001
     1226569000	     61226	8000a83e	047a	c.slli	x8,0x1e	  x8:0x000000c2  x8=0x80000000
     1226589000	     61227	8000a840	8cd2	c.mv	x25,x20	  x0:0x00000000 x20:0xfffff97d x25=0xfffff97d
     1226609000	     61228	8000a842	037604b3	mul	x9,x12,x23	 x12:0x80021e58 x23:0x00000000  x9=0x00000000
     1226629000	     61229	8000a846	00d55b93	srli	x23,x10,0xd	 x10:0x00000002 x23=0x00000000
     1226649000	     61230	8000a84a	00849933	sll	x18,x9,x8	  x9:0x00000000  x8:0x80000000 x18=0x00000000
     1226669000	     61231	8000a84e	00595563	bge	x18,x5,8000a858	 x18:0x00000000  x5:0x00f5e398
     1226689000	     61232	8000a852	8df9	c.and	x11,x14	 x11:0x00000000 x14:0x80025ce4 x11=0x00000000
     1226709000	     61233	8000a854	013147b3	xor	x15,x2,x19	  x2:0xf5e39895 x19:0x800003c6 x15=0x75e39b53
     1226729000	     61234	8000a858	01794f33	xor	x30,x18,x23	 x18:0x00000000 x23:0x00000000 x30=0x00000000
     1227469000	     61271	8000a85c	02a94d33	div	x26,x18,x10	 x18:0x00000000 x10:0x00000002 x26=0x00000000
     1228149000	     61305	8000a860	0379c5b3	div	x11,x19,x23	 x19:0x800003c6 x23:0x00000000 x11=0xffffffff
     1228169000	     61306	8000a864	e911	c.bnez	x10,8000a878	 x10:0x00000002
     1228969000	     61346	8000a878	004b1463	bne	x22,x4,8000a880	 x22:0x80000000  x4:0x0000001e
     1229549000	     61375	8000a880	c085	c.beqz	x9,8000a8a0	  x9:0x00000000
     1230249000	     61410	8000a8a0	c009	c.beqz	x8,8000a8a2	  x8:0x80000000
     1230529000	     61424	8000a8a2	764b4f93	xori	x31,x22,1892	 x22:0x80000000 x31=0x80000764
     1230549000	     61425	8000a8a6	8cfd	c.and	x9,x15	  x9:0x00000000 x15:0x75e39b53  x9=0x00000000
     1230629000	     61429	8000a8a8	01d01fb3	sll	x31,x0,x29	  x0:0x00000000 x29:0xbffffe1d x31=0x00000000
     1230769000	     61436	8000a8ac	026cd563	bge	x25,x6,8000a8d6	 x25:0xfffff97d  x6:0x00000001
     1231169000	     61456	8000a8b0	8025	c.srli	x8,0x9	  x8:0x80000000  x8=0x00400000
     1231189000	     61457	8000a8b2	69b1	c.lui	x19,0xc	 x19=0x0000c000
     1231929000	     61494	8000a8b4	02585233	divu	x4,x16,x5	 x16:0x00000000  x5:0x00f5e398  x4=0x00000000
     1231949000	     61495	8000a8b8	015f9533	sll	x10,x31,x21	 x31:0x00000000 x21:0xfffffc2c x10=0x00000000
     1232689000	     61532	8000a8bc	0344d9b3	divu	x19,x9,x20	  x9:0x00000000 x20:0xfffff97d x19=0x00000000
     1232709000	     61533	8000a8c0	e8932837	lui	x16,0xe8932	 x16=0xe8932000
     1232729000	     61534	8000a8c4	41ccdbb3	sra	x23,x25,x28	 x25:0xfffff97d x28:0x00000342 x23=0xfffffe5f
     1232749000	     61535	8000a8c8	0234e363	bltu	x9,x3,8000a8ee	  x9:0x00000000  x3:0x00000001
     1232889000	     61542	8000a8ee	00815263	bge	x2,x8,8000a8f2	  x2:0xf5e39895  x8:0x00400000
     1232929000	     61544	8000a8f2	03e2aeb3	mulhsu	x29,x5,x30	  x5:0x00f5e398 x30:0x00000000 x29=0x00000000
     1233229000	     61559	8000a8f6	021120b3	mulhsu	x1,x2,x1	  x2:0xf5e39895  x1:0xffffffff  x1=0xf5e39895
     1233649000	     61580	8000a8fa	02dfabb3	mulhsu	x23,x31,x13	 x31:0x00000000 x13:0xced60001 x23=0x00000000
     1233669000	     61581	8000a8fe	537d	c.li	x6,-1	  x6=0xffffffff
     1233689000	     61582	8000a900	006a14b3	sll	x9,x20,x6	 x20:0xfffff97d  x6:0xffffffff  x9=0x80000000
     1233709000	     61583	8000a904	4f102013	slti	x0,x0,1265	  x0:0x00000000  x0=0x00000000
     1233729000	     61584	8000a908	038982b3	mul	x5,x19,x24	 x19:0x00000000 x24:0xbffffe1c  x5=0x00000000
     1233749000	     61585	8000a90c	0159cf63	blt	x19,x21,8000a92a	 x19:0x00000000 x21:0xfffffc2c
     1234109000	     61603	8000a910	9d72	c.add	x26,x28	 x26:0x00000000 x28:0x00000342 x26=0x00000342
     1234149000	     61605	8000a912	027c96b3	mulh	x13,x25,x7	 x25:0xfffff97d  x7:0xced60000 x13=0x00000140
     1234229000	     61609	8000a916	016220b3	slt	x1,x4,x22	  x4:0x00000000 x22:0x80000000  x1=0x00000000
     1234249000	     61610	8000a91a	8df1	c.and	x11,x12	 x11:0xffffffff x12:0x80021e58 x11=0x80021e58
     1234269000	     61611	8000a91c	02ef7063	bgeu	x30,x14,8000a93c	 x30:0x00000000 x14:0x80025ce4
     1234289000	     61612	8000a920	01c139b3	sltu	x19,x2,x28	  x2:0xf5e39895 x28:0x00000342 x19=0x00000000
     1235409000	     61668	8000a924	02b1e4b3	rem	x9,x3,x11	  x3:0x00000001 x11:0x80021e58  x9=0x00000001
     1235429000	     61669	8000a928	80f1	c.srli	x9,0x1c	  x9:0x00000001  x9=0x00000000
     1235449000	     61670	8000a92a	46f07d93	andi	x27,x0,1135	  x0:0x00000000 x27=0x00000000
     1235469000	     61671	8000a92e	0000100f	fence.i	
     1235669000	     61681	8000a932	e495	c.bnez	x9,8000a95e	  x9:0x00000000
     1235709000	     61683	8000a934	00d3dfb3	srl	x31,x7,x13	  x7:0xced60000 x13:0x00000140 x31=0xced60000
     1235849000	     61690	8000a938	91bd4e93	xori	x29,x26,-1765	 x26:0x00000342 x29=0xfffffa59
     1235949000	     61695	8000a93c	8ac1	c.andi	x13,16	 x13:0x00000140 x13=0x00000000
     1236389000	     61717	8000a93e	026a9a33	mulh	x20,x21,x6	 x21:0xfffffc2c  x6:0xffffffff x20=0x00000000
     1236409000	     61718	8000a942	01775463	bge	x14,x23,8000a94a	 x14:0x80025ce4 x23:0x00000000
     1236549000	     61725	8000a946	019d0f63	beq	x26,x25,8000a964	 x26:0x00000342 x25:0xfffff97d
     1236569000	     61726	8000a94a	0aa2	c.slli	x21,0x8	 x21:0xfffffc2c x21=0xfffc2c00
     1236589000	     61727	8000a94c	00278433	add	x8,x15,x2	 x15:0x75e39b53  x2:0xf5e39895  x8=0x6bc733e8
     1236609000	     61728	8000a950	4ca1	c.li	x25,8	 x25=0x00000008
     1236629000	     61729	8000a952	01b5cc33	xor	x24,x11,x27	 x11:0x80021e58 x27:0x00000000 x24=0x80021e58
     1237369000	     61766	8000a956	02857933	remu	x18,x10,x8	 x10:0x00000000  x8:0x6bc733e8 x18=0x00000000
     1237389000	     61767	8000a95a	8389	c.srli	x15,0x2	 x15:0x75e39b53 x15=0x1d78e6d4
     1237409000	     61768	8000a95c	0001	c.addi	x0,0	  x0:0x00000000  x0=0x00000000
     1237429000	     61769	8000a95e	8815	c.andi	x8,5	  x8:0x6bc733e8  x8=0x00000000
     1237469000	     61771	8000a960	03e7a233	mulhsu	x4,x15,x30	 x15:0x1d78e6d4 x30:0x00000000  x4=0x00000000
     1237489000	     61772	8000a964	d8854b13	xori	x22,x10,-632	 x10:0x00000000 x22=0xfffffd88
     1237509000	     61773	8000a968	00487463	bgeu	x16,x4,8000a970	 x16:0xe8932000  x4:0x00000000
     1237949000	     61795	8000a970	00dd7ab3	and	x21,x26,x13	 x26:0x00000342 x13:0x00000000 x21=0x00000000
     1237969000	     61796	8000a974	01ca6bb3	or	x23,x20,x28	 x20:0x00000000 x28:0x00000342 x23=0x00000342
     1237989000	     61797	8000a978	8819	c.andi	x8,6	  x8:0x00000000  x8=0x00000000
     1238029000	     61799	8000a97a	028c31b3	mulhu	x3,x24,x8	 x24:0x80021e58  x8:0x00000000  x3=0x00000000
     1238049000	     61800	8000a97e	01990463	beq	x18,x25,8000a986	 x18:0x00000000 x25:0x00000008
     1238069000	     61801	8000a982	46e5	c.li	x13,25	 x13=0x00000019
     1238269000	     61811	8000a984	9afa	c.add	x21,x30	 x21:0x00000000 x30:0x00000000 x21=0x00000000
     1238289000	     61812	8000a986	587d	c.li	x16,-1	 x16=0xffffffff
     1239029000	     61849	8000a988	02cd4f33	div	x30,x26,x12	 x26:0x00000342 x12:0x80021e58 x30=0x00000000
     1239049000	     61850	8000a98c	02ca7363	bgeu	x20,x12,8000a9b2	 x20:0x00000000 x12:0x80021e58
     1239069000	     61851	8000a990	0001	c.addi	x0,0	  x0:0x00000000  x0=0x00000000
     1239089000	     61852	8000a992	82f5	c.srli	x13,0x1d	 x13:0x00000019 x13=0x00000000
     1239109000	     61853	8000a994	8eb5	c.xor	x13,x13	 x13:0x00000000 x13:0x00000000 x13=0x00000000
     1239129000	     61854	8000a996	8c31	c.xor	x8,x12	  x8:0x00000000 x12:0x80021e58  x8=0x80021e58
     1239149000	     61855	8000a998	030c7a63	bgeu	x24,x16,8000a9cc	 x24:0x80021e58 x16:0xffffffff
     1239169000	     61856	8000a99c	0ff0000f	fence	iorw,iorw	
     1239229000	     61859	8000a9a0	01a0b333	sltu	x6,x1,x26	  x1:0x00000000 x26:0x00000342  x6=0x00000001
     1239389000	     61867	8000a9a4	cc69ec13	ori	x24,x19,-826	 x19:0x00000000 x24=0xfffffcc6
     1239529000	     61874	8000a9a8	0001	c.addi	x0,0	  x0:0x00000000  x0=0x00000000
     1239549000	     61875	8000a9aa	40a85513	srai	x10,x16,0xa	 x16:0xffffffff x10=0xffffffff
     1239569000	     61876	8000a9ae	013bda93	srli	x21,x23,0x13	 x23:0x00000342 x21=0x00000000
     1239649000	     61880	8000a9b2	02a06763	bltu	x0,x10,8000a9e0	  x0:0x00000000 x10:0xffffffff
     1240109000	     61903	8000a9e0	9bfd	c.andi	x15,-1	 x15:0x1d78e6d4 x15=0x1d78e6d4
     1240549000	     61925	8000a9e2	02587033	remu	x0,x16,x5	 x16:0xffffffff  x5:0x00000000  x0=0x00000000
     1240569000	     61926	8000a9e6	4124df13	srai	x30,x9,0x12	  x9:0x00000000 x30=0x00000000
     1240849000	     61940	8000a9ea	412f52b3	sra	x5,x30,x18	 x30:0x00000000 x18:0x00000000  x5=0x00000000
     1240869000	     61941	8000a9ee	049d	c.addi	x9,7	  x9:0x00000000  x9=0x00000007
     1241149000	     61955	8000a9f0	27597f13	andi	x30,x18,629	 x18:0x00000000 x30=0x00000000
     1241169000	     61956	8000a9f4	8474c093	xori	x1,x9,-1977	  x9:0x00000007  x1=0xfffff840
     1241209000	     61958	8000a9f8	03294433	div	x8,x18,x18	 x18:0x00000000 x18:0x00000000  x8=0xffffffff
     1241229000	     61959	8000a9fc	00b31e93	slli	x29,x6,0xb	  x6:0x00000001 x29=0x00000800
     1241249000	     61960	8000aa00	020c6863	bltu	x24,x0,8000aa30	 x24:0xfffffcc6  x0:0x00000000
     1241269000	     61961	8000aa04	87f9	c.srai	x15,0x1e	 x15:0x1d78e6d4 x15=0x00000000
     1241289000	     61962	8000aa06	c3a9	c.beqz	x15,8000aa48	 x15:0x00000000
     1242449000	     62020	8000aa48	00e8ae33	slt	x28,x17,x14	 x17:0x000001c0 x14:0x80025ce4 x28=0x00000000
     1242469000	     62021	8000aa4c	8d1d	c.sub	x10,x15	 x10:0xffffffff x15:0x00000000 x10=0xffffffff
     1242489000	     62022	8000aa4e	e09d	c.bnez	x9,8000aa74	  x9:0x00000007
     1243029000	     62049	8000aa74	01eea0b3	slt	x1,x29,x30	 x29:0x00000800 x30:0x00000000  x1=0x00000000
     1243069000	     62051	8000aa78	b9dd8d13	addi	x26,x27,-1123	 x27:0x00000000 x26=0xfffffb9d
     1243369000	     62066	8000aa7c	02919363	bne	x3,x9,8000aaa2	  x3:0x00000000  x9:0x00000007
     1244369000	     62116	8000aaa2	99fd	c.andi	x11,-1	 x11:0x80021e58 x11=0x80021e58
     1244389000	     62117	8000aaa4	0000100f	fence.i	
     1244829000	     62139	8000aaa8	0001	c.addi	x0,0	  x0:0x00000000  x0=0x00000000
     1244869000	     62141	8000aaaa	03596833	rem	x16,x18,x21	 x18:0x00000000 x21:0x00000000 x16=0x00000000
     1244929000	     62144	8000aaae	4189db13	srai	x22,x19,0x18	 x19:0x00000000 x22=0x00000000
     1244949000	     62145	8000aab2	0ff0000f	fence	iorw,iorw	
     1244969000	     62146	8000aab6	007b0bb3	add	x23,x22,x7	 x22:0x00000000  x7:0xced60000 x23=0xced60000
     1245289000	     62162	8000aaba	021214b3	mulh	x9,x4,x1	  x4:0x00000000  x1:0x00000000  x9=0x00000000
     1245309000	     62163	8000aabe	0000100f	fence.i	
     1245909000	     62193	8000aac2	80f6	c.mv	x1,x29	  x0:0x00000000 x29:0x00000800  x1=0x00000800
     1245949000	     62195	8000aac4	03c11033	mulh	x0,x2,x28	  x2:0xf5e39895 x28:0x00000000  x0=0x00000000
     1246349000	     62215	8000aac8	0001	c.addi	x0,0	  x0:0x00000000  x0=0x00000000
     1246449000	     62220	8000aaca	01e69833	sll	x16,x13,x30	 x13:0x00000000 x30:0x00000000 x16=0x00000000
     1246469000	     62221	8000aace	0076d463	bge	x13,x7,8000aad6	 x13:0x00000000  x7:0xced60000
     1247229000	     62259	8000aad6	004017b3	sll	x15,x0,x4	  x0:0x00000000  x4:0x00000000 x15=0x00000000
     1247349000	     62265	8000aada	00461313	slli	x6,x12,0x4	 x12:0x80021e58  x6=0x0021e580
     1247369000	     62266	8000aade	9e8e	c.add	x29,x3	 x29:0x00000800  x3:0x00000000 x29=0x00000800
     1247389000	     62267	8000aae0	01ecd0b3	srl	x1,x25,x30	 x25:0x00000008 x30:0x00000000  x1=0x00000008
     1247549000	     62275	8000aae4	035cc6b3	div	x13,x25,x21	 x25:0x00000008 x21:0x00000000 x13=0xffffffff
     1247909000	     62293	8000aae8	02736263	bltu	x6,x7,8000ab0c	  x6:0x0021e580  x7:0xced60000
     1274749000	     63635	8000ab0c	02b33033	mulhu	x0,x6,x11	  x6:0x0021e580 x11:0x80021e58  x0=0x00000000
     1274789000	     63637	8000ab10	02f4ecb3	rem	x25,x9,x15	  x9:0x00000000 x15:0x00000000 x25=0x00000000
     1274809000	     63638	8000ab14	01759c13	slli	x24,x11,0x17	 x11:0x80021e58 x24=0x2c000000
     1274829000	     63639	8000ab18	015fa333	slt	x6,x31,x21	 x31:0xced60000 x21:0x00000000  x6=0x00000001
     1274849000	     63640	8000ab1c	0075f963	bgeu	x11,x7,8000ab2e	 x11:0x80021e58  x7:0xced60000
     1275009000	     63648	8000ab20	2aac4237	lui	x4,0x2aac4	  x4=0x2aac4000
     1275169000	     63656	8000ab24	0001	c.addi	x0,0	  x0:0x00000000  x0=0x00000000
     1276209000	     63708	8000ab26	02abd7b3	divu	x15,x23,x10	 x23:0xced60000 x10:0xffffffff x15=0x00000000
     1276229000	     63709	8000ab2a	008dc363	blt	x27,x8,8000ab30	 x27:0x00000000  x8:0xffffffff
     1276249000	     63710	8000ab2e	8ee9	c.and	x13,x10	 x13:0xffffffff x10:0xffffffff x13=0xffffffff
     1276269000	     63711	8000ab30	9c476693	ori	x13,x14,-1596	 x14:0x80025ce4 x13=0xfffffde4
     1277009000	     63748	8000ab34	03dcd333	divu	x6,x25,x29	 x25:0x00000000 x29:0x00000800  x6=0x00000000
     1277029000	     63749	8000ab38	03ff7463	bgeu	x30,x31,8000ab60	 x30:0x00000000 x31:0xced60000
     1277049000	     63750	8000ab3c	c5300793	addi	x15,x0,-941	  x0:0x00000000 x15=0xfffffc53
     1277069000	     63751	8000ab40	01b14033	xor	x0,x2,x27	  x2:0xf5e39895 x27:0x00000000  x0=0x00000000
     1277089000	     63752	8000ab44	0001	c.addi	x0,0	  x0:0x00000000  x0=0x00000000
     1277829000	     63789	8000ab46	03f066b3	rem	x13,x0,x31	  x0:0x00000000 x31:0xced60000 x13=0x00000000
     1277849000	     63790	8000ab4a	48eee213	ori	x4,x29,1166	 x29:0x00000800  x4=0x00000c8e
     1277869000	     63791	8000ab4e	87ad	c.srai	x15,0xb	 x15:0xfffffc53 x15=0xffffffff
     1277889000	     63792	8000ab50	8d65	c.and	x10,x9	 x10:0xffffffff  x9:0x00000000 x10=0x00000000
     1277909000	     63793	8000ab52	8fa9	c.xor	x15,x10	 x15:0xffffffff x10:0x00000000 x15=0xffffffff
     1277929000	     63794	8000ab54	412d80b3	sub	x1,x27,x18	 x27:0x00000000 x18:0x00000000  x1=0x00000000
     1277949000	     63795	8000ab58	e1714993	xori	x19,x2,-489	  x2:0xf5e39895 x19=0x0a1c6682
     1277969000	     63796	8000ab5c	0ff0000f	fence	iorw,iorw	
     1277989000	     63797	8000ab60	0001	c.addi	x0,0	  x0:0x00000000  x0=0x00000000
     1278909000	     63843	8000ab62	02f27d33	remu	x26,x4,x15	  x4:0x00000c8e x15:0xffffffff x26=0x00000c8e
     1278929000	     63844	8000ab66	8de9	c.and	x11,x10	 x11:0x80021e58 x10:0x00000000 x11=0x00000000
     1278949000	     63845	8000ab68	00b120b3	slt	x1,x2,x11	  x2:0xf5e39895 x11:0x00000000  x1=0x00000001
     1278969000	     63846	8000ab6c	0038d413	srli	x8,x17,0x3	 x17:0x000001c0  x8=0x00000038
     1278989000	     63847	8000ab70	69cd	c.lui	x19,0x13	 x19=0x00013000
     1279009000	     63848	8000ab72	197d	c.addi	x18,-1	 x18:0x00000000 x18=0xffffffff
     1279029000	     63849	8000ab74	0aea	c.slli	x21,0x1a	 x21:0x00000000 x21=0x00000000
     1279049000	     63850	8000ab76	0067d913	srli	x18,x15,0x6	 x15:0xffffffff x18=0x03ffffff
     1279069000	     63851	8000ab7a	01bb0fb3	add	x31,x22,x27	 x22:0x00000000 x27:0x00000000 x31=0x00000000
     1279169000	     63856	8000ab7e	02d1dc33	divu	x24,x3,x13	  x3:0x00000000 x13:0x00000000 x24=0xffffffff
     1279189000	     63857	8000ab82	8eb9	c.xor	x13,x14	 x13:0x00000000 x14:0x80025ce4 x13=0x80025ce4
     1279629000	     63879	8000ab84	03167463	bgeu	x12,x17,8000abac	 x12:0x80021e58 x17:0x000001c0
     1280429000	     63919	8000abac	91fc8593	addi	x11,x25,-1761	 x25:0x00000000 x11=0xfffff91f
     1280669000	     63931	8000abb0	8dd5	c.or	x11,x13	 x11:0xfffff91f x13:0x80025ce4 x11=0xfffffdff
     1280689000	     63932	8000abb2	4409	c.li	x8,2	  x8=0x00000002
     1280809000	     63938	8000abb4	019b4db3	xor	x27,x22,x25	 x22:0x00000000 x25:0x00000000 x27=0x00000000
     1281189000	     63957	8000abb8	02ed1b33	mulh	x22,x26,x14	 x26:0x00000c8e x14:0x80025ce4 x22=0xfffff9b9
     1282309000	     64013	8000abbc	02cf7233	remu	x4,x30,x12	 x30:0x00000000 x12:0x80021e58  x4=0x00000000
     1282329000	     64014	8000abc0	92ba	c.add	x5,x14	  x5:0x00000000 x14:0x80025ce4  x5=0x80025ce4
     1282349000	     64015	8000abc2	027d4263	blt	x26,x7,8000abe6	 x26:0x00000c8e  x7:0xced60000
     1282369000	     64016	8000abc6	3002bd97	auipc	x27,0x3002b	 x27=0xb0035bc6
     1282589000	     64027	8000abca	00457d33	and	x26,x10,x4	 x10:0x00000000  x4:0x00000000 x26=0x00000000
     1282609000	     64028	8000abce	0001	c.addi	x0,0	  x0:0x00000000  x0=0x00000000
     1282629000	     64029	8000abd0	0000100f	fence.i	
     1283089000	     64052	8000abd4	c019	c.beqz	x8,8000abda	  x8:0x00000002
     1283349000	     64065	8000abd6	3667cd93	xori	x27,x15,870	 x15:0xffffffff x27=0xfffffc99
     1283769000	     64086	8000abda	01530f63	beq	x6,x21,8000abf8	  x6:0x00000000 x21:0x00000000
     1284769000	     64136	8000abf8	803d	c.srli	x8,0xf	  x8:0x00000002  x8=0x00000000
     1284789000	     64137	8000abfa	03979463	bne	x15,x25,8000ac22	 x15:0xffffffff x25:0x00000000
     1285029000	     64149	8000ac22	afa82817	auipc	x16,0xafa82	 x16=0x2fa8cc22
     1285049000	     64150	8000ac26	9b5a	c.add	x22,x22	 x22:0xfffff9b9 x22:0xfffff9b9 x22=0xfffff372
     1285449000	     64170	8000ac28	08a5	c.addi	x17,9	 x17:0x000001c0 x17=0x000001c9
     1285489000	     64172	8000ac2a	0343b5b3	mulhu	x11,x7,x20	  x7:0xced60000 x20:0x00000000 x11=0x00000000
     1285509000	     64173	8000ac2e	81ed	c.srli	x11,0x1b	 x11:0x00000000 x11=0x00000000
     1286249000	     64210	8000ac30	032f4333	div	x6,x30,x18	 x30:0x00000000 x18:0x03ffffff  x6=0x00000000
     1286289000	     64212	8000ac34	03a4f933	remu	x18,x9,x26	  x9:0x00000000 x26:0x00000000 x18=0x00000000
     1286329000	     64214	8000ac38	03f7eb33	rem	x22,x15,x31	 x15:0xffffffff x31:0x00000000 x22=0xffffffff
     1287069000	     64251	8000ac3c	02fb60b3	rem	x1,x22,x15	 x22:0xffffffff x15:0xffffffff  x1=0x00000000
     1287089000	     64252	8000ac40	0000100f	fence.i	
     1287509000	     64273	8000ac44	850d	c.srai	x10,0x3	 x10:0x00000000 x10=0x00000000
     1287709000	     64283	8000ac46	01385893	srli	x17,x16,0x13	 x16:0x2fa8cc22 x17=0x000005f5
     1287729000	     64284	8000ac4a	45f1	c.li	x11,28	 x11=0x0000001c
     1288129000	     64304	8000ac4c	44caac13	slti	x24,x21,1100	 x21:0x00000000 x24=0x00000001
     1289269000	     64361	8000ac50	036d7333	remu	x6,x26,x22	 x26:0x00000000 x22:0xffffffff  x6=0x00000000
     1289289000	     64362	8000ac54	087d	c.addi	x16,31	 x16:0x2fa8cc22 x16=0x2fa8cc41
     1289329000	     64364	8000ac56	03fe50b3	divu	x1,x28,x31	 x28:0x00000000 x31:0x00000000  x1=0xffffffff
     1289349000	     64365	8000ac5a	a9543c93	sltiu	x25,x8,-1387	  x8:0x00000000 x25=0x00000001
     1289369000	     64366	8000ac5e	007a5b13	srli	x22,x20,0x7	 x20:0x00000000 x22=0x00000000
     1289389000	     64367	8000ac62	8415	c.srai	x8,0x5	  x8:0x00000000  x8=0x00000000
     1289409000	     64368	8000ac64	e7844913	xori	x18,x8,-392	  x8:0x00000000 x18=0xfffffe78
     1289809000	     64388	8000ac68	02fc1363	bne	x24,x15,8000ac8e	 x24:0x00000001 x15:0xffffffff
     1290969000	     64446	8000ac8e	0080dbb3	srl	x23,x1,x8	  x1:0xffffffff  x8:0x00000000 x23=0xffffffff
     1291129000	     64454	8000ac92	0ff0000f	fence	iorw,iorw	
     1291149000	     64455	8000ac96	01bacb63	blt	x21,x27,8000acac	 x21:0x00000000 x27:0xfffffc99
     1291169000	     64456	8000ac9a	85b9	c.srai	x11,0xe	 x11:0x0000001c x11=0x00000000
     1291189000	     64457	8000ac9c	7226ef93	ori	x31,x13,1826	 x13:0x80025ce4 x31=0x80025fe6
     1291249000	     64460	8000aca0	e991	c.bnez	x11,8000acb4	 x11:0x00000000
     1291269000	     64461	8000aca2	0001	c.addi	x0,0	  x0:0x00000000  x0=0x00000000
     1291629000	     64479	8000aca4	c59d	c.beqz	x11,8000acd2	 x11:0x00000000
     1291789000	     64487	8000acd2	31c0bd13	sltiu	x26,x1,796	  x1:0xffffffff x26=0x00000000
     1291809000	     64488	8000acd6	4078d1b3	sra	x3,x17,x7	 x17:0x000005f5  x7:0xced60000  x3=0x000005f5
     1292009000	     64498	8000acda	b4baad93	slti	x27,x21,-1205	 x21:0x00000000 x27=0x00000000
     1292169000	     64506	8000acde	41100533	sub	x10,x0,x17	  x0:0x00000000 x17:0x000005f5 x10=0xfffffa0b
     1292229000	     64509	8000ace2	7ea1e6b7	lui	x13,0x7ea1e	 x13=0x7ea1e000
     1292249000	     64510	8000ace6	00c79d13	slli	x26,x15,0xc	 x15:0xffffffff x26=0xfffff000
     1292269000	     64511	8000acea	00badc33	srl	x24,x21,x11	 x21:0x00000000 x11:0x00000000 x24=0x00000000
     1292309000	     64513	8000acee	029e3a33	mulhu	x20,x28,x9	 x28:0x00000000  x9:0x00000000 x20=0x00000000
     1292329000	     64514	8000acf2	00d48b63	beq	x9,x13,8000ad08	  x9:0x00000000 x13:0x7ea1e000
     1292529000	     64524	8000acf6	402a8fb3	sub	x31,x21,x2	 x21:0x00000000  x2:0xf5e39895 x31=0x0a1c676b
     1292589000	     64527	8000acfa	01ea1433	sll	x8,x20,x30	 x20:0x00000000 x30:0x00000000  x8=0x00000000
     1292609000	     64528	8000acfe	0ff0000f	fence	iorw,iorw	
     1292649000	     64530	8000ad02	020deeb3	rem	x29,x27,x0	 x27:0x00000000  x0:0x00000000 x29=0x00000000
     1292669000	     64531	8000ad06	83ad	c.srli	x15,0xb	 x15:0xffffffff x15=0x001fffff
     1292949000	     64545	8000ad08	03411433	mulh	x8,x2,x20	  x2:0xf5e39895 x20:0x00000000  x8=0x00000000
     1292969000	     64546	8000ad0c	017a64b3	or	x9,x20,x23	 x20:0x00000000 x23:0xffffffff  x9=0xffffffff
     1293309000	     64563	8000ad10	00fae5b3	or	x11,x21,x15	 x21:0x00000000 x15:0x001fffff x11=0x001fffff
     1293349000	     64565	8000ad14	008936b3	sltu	x13,x18,x8	 x18:0xfffffe78  x8:0x00000000 x13=0x00000000
     1293709000	     64583	8000ad18	8ef5	c.and	x13,x13	 x13:0x00000000 x13:0x00000000 x13=0x00000000
     1293729000	     64584	8000ad1a	0083bbb3	sltu	x23,x7,x8	  x7:0xced60000  x8:0x00000000 x23=0x00000000
     1293749000	     64585	8000ad1e	008584b3	add	x9,x11,x8	 x11:0x001fffff  x8:0x00000000  x9=0x001fffff
     1294169000	     64606	8000ad22	00af6eb3	or	x29,x30,x10	 x30:0x00000000 x10:0xfffffa0b x29=0xfffffa0b
     1294189000	     64607	8000ad26	8dd5	c.or	x11,x13	 x11:0x001fffff x13:0x00000000 x11=0x001fffff
     1294589000	     64627	8000ad28	0f8a	c.slli	x31,0x2	 x31:0x0a1c676b x31=0x28719dac
     1294609000	     64628	8000ad2a	00bf1263	bne	x30,x11,8000ad2e	 x30:0x00000000 x11:0x001fffff
     1294889000	     64642	8000ad2e	98fd	c.andi	x9,-1	  x9:0x001fffff  x9=0x001fffff
     1294909000	     64643	8000ad30	5f7d	c.li	x30,-1	 x30=0xffffffff
     1294929000	     64644	8000ad32	00e210b3	sll	x1,x4,x14	  x4:0x00000000 x14:0x80025ce4  x1=0x00000000
     1295189000	     64657	8000ad36	03b99333	mulh	x6,x19,x27	 x19:0x00013000 x27:0x00000000  x6=0x00000000
     1295209000	     64658	8000ad3a	0001	c.addi	x0,0	  x0:0x00000000  x0=0x00000000
     1295549000	     64675	8000ad3c	9972	c.add	x18,x28	 x18:0xfffffe78 x28:0x00000000 x18=0xfffffe78
     1295569000	     64676	8000ad3e	0000100f	fence.i	
     1295829000	     64689	8000ad42	026a89b3	mul	x19,x21,x6	 x21:0x00000000  x6:0x00000000 x19=0x00000000
     1295849000	     64690	8000ad46	01a694b3	sll	x9,x13,x26	 x13:0x00000000 x26:0xfffff000  x9=0x00000000
     1295889000	     64692	8000ad4a	41e289b3	sub	x19,x5,x30	  x5:0x80025ce4 x30:0xffffffff x19=0x80025ce5
     1295909000	     64693	8000ad4e	c00d	c.beqz	x8,8000ad70	  x8:0x00000000
     1296929000	     64744	8000ad70	0273fa63	bgeu	x7,x7,8000ada4	  x7:0xced60000  x7:0xced60000
     1298349000	     64815	8000ada4	025dcd63	blt	x27,x5,8000adde	 x27:0x00000000  x5:0x80025ce4
     1298789000	     64837	8000ada8	02b6bd33	mulhu	x26,x13,x11	 x13:0x00000000 x11:0x001fffff x26=0x00000000
     1314409000	     65618	8000adac	00f731b3	sltu	x3,x14,x15	 x14:0x80025ce4 x15:0x001fffff  x3=0x00000000
     1314429000	     65619	8000adb0	03ba88b3	mul	x17,x21,x27	 x21:0x00000000 x27:0x00000000 x17=0x00000000
     1314449000	     65620	8000adb4	00764663	blt	x12,x7,8000adc0	 x12:0x80021e58  x7:0xced60000
     1315369000	     65666	8000adc0	0b1e	c.slli	x22,0x7	 x22:0x00000000 x22=0x00000000
     1315489000	     65672	8000adc2	02da23b3	mulhsu	x7,x20,x13	 x20:0x00000000 x13:0x00000000  x7=0x00000000
     1315809000	     65688	8000adc6	027fba33	mulhu	x20,x31,x7	 x31:0x28719dac  x7:0x00000000 x20=0x00000000
     1315829000	     65689	8000adca	590dc437	lui	x8,0x590dc	  x8=0x590dc000
     1315849000	     65690	8000adce	f9416493	ori	x9,x2,-108	  x2:0xf5e39895  x9=0xffffff95
     1316709000	     65733	8000add2	025558b3	divu	x17,x10,x5	 x10:0xfffffa0b  x5:0x80025ce4 x17=0x00000001
     1316729000	     65734	8000add6	8fd1	c.or	x15,x12	 x15:0x001fffff x12:0x80021e58 x15=0x801fffff
     1316749000	     65735	8000add8	c189	c.beqz	x11,8000adda	 x11:0x001fffff
     1316769000	     65736	8000adda	00ee9293	slli	x5,x29,0xe	 x29:0xfffffa0b  x5=0xfe82c000
     1316789000	     65737	8000adde	8fc1	c.or	x15,x8	 x15:0x801fffff  x8:0x590dc000 x15=0xd91fffff
     1316809000	     65738	8000ade0	13fd	c.addi	x7,-1	  x7:0x00000000  x7=0xffffffff
     1316849000	     65740	8000ade2	023db0b3	mulhu	x1,x27,x3	 x27:0x00000000  x3:0x00000000  x1=0x00000000
     1316869000	     65741	8000ade6	0ff0000f	fence	iorw,iorw	
     1316889000	     65742	8000adea	0132a4b3	slt	x9,x5,x19	  x5:0xfe82c000 x19:0x80025ce5  x9=0x00000000
     1316909000	     65743	8000adee	41c708b3	sub	x17,x14,x28	 x14:0x80025ce4 x28:0x00000000 x17=0x80025ce4
     1317009000	     65748	8000adf2	011c6f63	bltu	x24,x17,8000ae10	 x24:0x00000000 x17:0x80025ce4
     1317249000	     65760	8000ae10	6bf9	c.lui	x23,0x1e	 x23=0x0001e000
     1317449000	     65770	8000ae12	012ceeb3	or	x29,x25,x18	 x25:0x00000001 x18:0xfffffe78 x29=0xfffffe79
     1317469000	     65771	8000ae16	13087e93	andi	x29,x16,304	 x16:0x2fa8cc41 x29=0x00000000
     1317489000	     65772	8000ae1a	81f1	c.srli	x11,0x1c	 x11:0x001fffff x11=0x00000000
     1317509000	     65773	8000ae1c	05778263	beq	x15,x23,8000ae60	 x15:0xd91fffff x23:0x0001e000
     1317649000	     65780	8000ae20	01d8a433	slt	x8,x17,x29	 x17:0x80025ce4 x29:0x00000000  x8=0x00000001
     1317669000	     65781	8000ae24	005ca533	slt	x10,x25,x5	 x25:0x00000001  x5:0xfe82c000 x10=0x00000000
     1317689000	     65782	8000ae28	0ff0000f	fence	iorw,iorw	
     1318009000	     65798	8000ae2c	012bd5b3	srl	x11,x23,x18	 x23:0x0001e000 x18:0xfffffe78 x11=0x00000000
     1318409000	     65818	8000ae30	8db5	c.xor	x11,x13	 x11:0x00000000 x13:0x00000000 x11=0x00000000
     1318429000	     65819	8000ae32	8d51	c.or	x10,x12	 x10:0x00000000 x12:0x80021e58 x10=0x80021e58
     1318449000	     65820	8000ae34	a42afbb7	lui	x23,0xa42af	 x23=0xa42af000
     1318469000	     65821	8000ae38	d42e2f93	slti	x31,x28,-702	 x28:0x00000000 x31=0x00000000
     1318869000	     65841	8000ae3c	00c3f0b3	and	x1,x7,x12	  x7:0xffffffff x12:0x80021e58  x1=0x80021e58
     1318909000	     65843	8000ae40	03fd26b3	mulhsu	x13,x26,x31	 x26:0x00000000 x31:0x00000000 x13=0x00000000
     1318929000	     65844	8000ae44	a1694e93	xori	x29,x18,-1514	 x18:0xfffffe78 x29=0x0000046e
     1319029000	     65849	8000ae48	03c39233	mulh	x4,x7,x28	  x7:0xffffffff x28:0x00000000  x4=0x00000000
     1319049000	     65850	8000ae4c	8eed	c.and	x13,x11	 x13:0x00000000 x11:0x00000000 x13=0x00000000
     1319069000	     65851	8000ae4e	8e85	c.sub	x13,x9	 x13:0x00000000  x9:0x00000000 x13=0x00000000
     1319109000	     65853	8000ae50	8ef9	c.and	x13,x14	 x13:0x00000000 x14:0x80025ce4 x13=0x00000000
     1319129000	     65854	8000ae52	40e905b3	sub	x11,x18,x14	 x18:0xfffffe78 x14:0x80025ce4 x11=0x7ffda194
     1319149000	     65855	8000ae56	8d79	c.and	x10,x14	 x10:0x80021e58 x14:0x80025ce4 x10=0x80021c40
     1319169000	     65856	8000ae58	00c438b3	sltu	x17,x8,x12	  x8:0x00000001 x12:0x80021e58 x17=0x00000001
     1319549000	     65875	8000ae5c	02270fb3	mul	x31,x14,x2	 x14:0x80025ce4  x2:0xf5e39895 x31=0x7ab370b4
     1319569000	     65876	8000ae60	8edd	c.or	x13,x15	 x13:0x00000000 x15:0xd91fffff x13=0xd91fffff
     1319589000	     65877	8000ae62	0063f2b3	and	x5,x7,x6	  x7:0xffffffff  x6:0x00000000  x5=0x00000000
     1320029000	     65899	8000ae66	03b01233	mulh	x4,x0,x27	  x0:0x00000000 x27:0x00000000  x4=0x00000000
     1320049000	     65900	8000ae6a	960c6813	ori	x16,x24,-1696	 x24:0x00000000 x16=0xfffff960
     1320069000	     65901	8000ae6e	0001	c.addi	x0,0	  x0:0x00000000  x0=0x00000000
     1320089000	     65902	8000ae70	01b353b3	srl	x7,x6,x27	  x6:0x00000000 x27:0x00000000  x7=0x00000000
     1320109000	     65903	8000ae74	1ef14c93	xori	x25,x2,495	  x2:0xf5e39895 x25=0xf5e3997a
     1320129000	     65904	8000ae78	8c0d	c.sub	x8,x11	  x8:0x00000001 x11:0x7ffda194  x8=0x80025e6d
     1320189000	     65907	8000ae7a	01a5f463	bgeu	x11,x26,8000ae82	 x11:0x7ffda194 x26:0x00000000
     1320889000	     65942	8000ae82	0000100f	fence.i	
     1321629000	     65979	8000ae86	e18d	c.bnez	x11,8000aea8	 x11:0x7ffda194
     1321989000	     65997	8000aea8	83540c13	addi	x24,x8,-1995	  x8:0x80025e6d x24=0x800256a2
     1322009000	     65998	8000aeac	0101c6b3	xor	x13,x3,x16	  x3:0x00000000 x16:0xfffff960 x13=0xfffff960
     1322029000	     65999	8000aeb0	019b65b3	or	x11,x22,x25	 x22:0x00000000 x25:0xf5e3997a x11=0xf5e3997a
     1322189000	     66007	8000aeb4	c11de793	ori	x15,x27,-1007	 x27:0x00000000 x15=0xfffffc11
     1322209000	     66008	8000aeb8	00ac9b63	bne	x25,x10,8000aece	 x25:0xf5e3997a x10:0x80021c40
     1322669000	     66031	8000aece	69e1	c.lui	x19,0x18	 x19=0x00018000
     1322689000	     66032	8000aed0	00199263	bne	x19,x1,8000aed4	 x19:0x00018000  x1:0x80021e58
     1323269000	     66061	8000aed4	01ec86b3	add	x13,x25,x30	 x25:0xf5e3997a x30:0xffffffff x13=0xf5e39979
     1323369000	     66066	8000aed8	004e6933	or	x18,x28,x4	 x28:0x00000000  x4:0x00000000 x18=0x00000000
     1323449000	     66070	8000aedc	10fd	c.addi	x1,-1	  x1:0x80021e58  x1=0x80021e57
     1323469000	     66071	8000aede	8c51	c.or	x8,x12	  x8:0x80025e6d x12:0x80021e58  x8=0x80025e7d
     1323489000	     66072	8000aee0	01018263	beq	x3,x16,8000aee4	  x3:0x00000000 x16:0xfffff960
     1323509000	     66073	8000aee4	008d11b3	sll	x3,x26,x8	 x26:0x00000000  x8:0x80025e7d  x3=0x00000000
     1323529000	     66074	8000aee8	68402413	slti	x8,x0,1668	  x0:0x00000000  x8=0x00000001
     1324409000	     66118	8000aeec	037d7eb3	remu	x29,x26,x23	 x26:0x00000000 x23:0xa42af000 x29=0x00000000
     1324429000	     66119	8000aef0	c115	c.beqz	x10,8000af14	 x10:0x80021c40
     1324449000	     66120	8000aef2	88f5	c.andi	x9,29	  x9:0x00000000  x9=0x00000000
     1324469000	     66121	8000aef4	955e	c.add	x10,x23	 x10:0x80021c40 x23:0xa42af000 x10=0x242d0c40
     1325209000	     66158	8000aef6	0289c1b3	div	x3,x19,x8	 x19:0x00018000  x8:0x00000001  x3=0x00018000
     1325249000	     66160	8000aefa	03fb20b3	mulhsu	x1,x22,x31	 x22:0x00000000 x31:0x7ab370b4  x1=0x00000000
     1325269000	     66161	8000aefe	ec09	c.bnez	x8,8000af18	  x8:0x00000001
     1325529000	     66174	8000af18	008378b3	and	x17,x6,x8	  x6:0x00000000  x8:0x00000001 x17=0x00000000
     1325709000	     66183	8000af1c	8ac5	c.andi	x13,17	 x13:0xf5e39979 x13=0x00000011
     1325729000	     66184	8000af1e	9bfd	c.andi	x15,-1	 x15:0xfffffc11 x15=0xfffffc11
     1325749000	     66185	8000af20	019f9db3	sll	x27,x31,x25	 x31:0x7ab370b4 x25:0xf5e3997a x27=0xd0000000
     1326609000	     66228	8000af24	039451b3	divu	x3,x8,x25	  x8:0x00000001 x25:0xf5e3997a  x3=0x00000000
     1326629000	     66229	8000af28	0e45	c.addi	x28,17	 x28:0x00000000 x28=0x00000011
     1326649000	     66230	8000af2a	8eb5	c.xor	x13,x13	 x13:0x00000011 x13:0x00000011 x13=0x00000000
     1326689000	     66232	8000af2c	0322f6b3	remu	x13,x5,x18	  x5:0x00000000 x18:0x00000000 x13=0x00000000
     1326709000	     66233	8000af30	5ffd	c.li	x31,-1	 x31=0xffffffff
     1326729000	     66234	8000af32	01ba4263	blt	x20,x27,8000af36	 x20:0x00000000 x27:0xd0000000
     1326749000	     66235	8000af36	0af7d937	lui	x18,0xaf7d	 x18=0x0af7d000
     1326769000	     66236	8000af3a	029d6063	bltu	x26,x9,8000af5a	 x26:0x00000000  x9:0x00000000
     1326789000	     66237	8000af3e	01f77cb3	and	x25,x14,x31	 x14:0x80025ce4 x31:0xffffffff x25=0x80025ce4
     1326829000	     66239	8000af42	0100edb3	or	x27,x1,x16	  x1:0x00000000 x16:0xfffff960 x27=0xfffff960
     1326849000	     66240	8000af46	01c16a33	or	x20,x2,x28	  x2:0xf5e39895 x28:0x00000011 x20=0xf5e39895
     1326869000	     66241	8000af4a	04fd3c13	sltiu	x24,x26,79	 x26:0x00000000 x24=0x00000001
     1326889000	     66242	8000af4e	8fc1	c.or	x15,x8	 x15:0xfffffc11  x8:0x00000001 x15=0xfffffc11
     1326909000	     66243	8000af50	8fdd	c.or	x15,x15	 x15:0xfffffc11 x15:0xfffffc11 x15=0xfffffc11
     1326929000	     66244	8000af52	014d4a33	xor	x20,x26,x20	 x26:0x00000000 x20:0xf5e39895 x20=0xf5e39895
     1327129000	     66254	8000af56	030a6363	bltu	x20,x16,8000af7c	 x20:0xf5e39895 x16:0xfffff960
     1328029000	     66299	8000af7c	0000100f	fence.i	
     1328349000	     66315	8000af80	8a792c13	slti	x24,x18,-1881	 x18:0x0af7d000 x24=0x00000000
     1328369000	     66316	8000af84	0094d593	srli	x11,x9,0x9	  x9:0x00000000 x11=0x00000000
     1328389000	     66317	8000af88	009cca33	xor	x20,x25,x9	 x25:0x80025ce4  x9:0x00000000 x20=0x80025ce4
     1329129000	     66354	8000af8c	028e74b3	remu	x9,x28,x8	 x28:0x00000011  x8:0x00000001  x9=0x00000000
     1329149000	     66355	8000af90	20bd3413	sltiu	x8,x26,523	 x26:0x00000000  x8=0x00000001
     1329169000	     66356	8000af94	6305ae13	slti	x28,x11,1584	 x11:0x00000000 x28=0x00000001
     1329189000	     66357	8000af98	00f7d363	bge	x15,x15,8000af9e	 x15:0xfffffc11 x15:0xfffffc11
     1329449000	     66370	8000af9e	e785	c.bnez	x15,8000afc6	 x15:0xfffffc11
     1330089000	     66402	8000afc6	034a1533	mulh	x10,x20,x20	 x20:0x80025ce4 x20:0x80025ce4 x10=0x3ffda321
     1331169000	     66456	8000afca	03797bb3	remu	x23,x18,x23	 x18:0x0af7d000 x23:0xa42af000 x23=0x0af7d000
     1331189000	     66457	8000afce	0ff2	c.slli	x31,0x1c	 x31:0xffffffff x31=0xf0000000
     1331209000	     66458	8000afd0	99fd	c.andi	x11,-1	 x11:0x00000000 x11=0x00000000
     1331229000	     66459	8000afd2	84c9	c.srai	x9,0x12	  x9:0x00000000  x9=0x00000000
     1331249000	     66460	8000afd4	00e091b3	sll	x3,x1,x14	  x1:0x00000000 x14:0x80025ce4  x3=0x00000000
     1331269000	     66461	8000afd8	ea0b8693	addi	x13,x23,-352	 x23:0x0af7d000 x13=0x0af7cea0
     1331289000	     66462	8000afdc	0000100f	fence.i	
     1331449000	     66470	8000afe0	0255c763	blt	x11,x5,8000b00e	 x11:0x00000000  x5:0x00000000
     1331469000	     66471	8000afe4	02650563	beq	x10,x6,8000b00e	 x10:0x3ffda321  x6:0x00000000
     1331489000	     66472	8000afe8	0001	c.addi	x0,0	  x0:0x00000000  x0=0x00000000
     1331509000	     66473	8000afea	05704063	blt	x0,x23,8000b02a	  x0:0x00000000 x23:0x0af7d000
     1331789000	     66487	8000b02a	025eb433	mulhu	x8,x29,x5	 x29:0x00000000  x5:0x00000000  x8=0x00000000
     1331809000	     66488	8000b02e	ca81	c.beqz	x13,8000b03e	 x13:0x0af7cea0
     1331829000	     66489	8000b030	0c3a	c.slli	x24,0xe	 x24:0x00000000 x24=0x00000000
     1331849000	     66490	8000b032	ebb34693	xori	x13,x6,-325	  x6:0x00000000 x13=0xfffffebb
     1331949000	     66495	8000b036	02275d63	bge	x14,x2,8000b070	 x14:0x80025ce4  x2:0xf5e39895
     1332309000	     66513	8000b03a	0337ad33	mulhsu	x26,x15,x19	 x15:0xfffffc11 x19:0x00018000 x26=0xffffffff
     1332589000	     66527	8000b03e	c2d38193	addi	x3,x7,-979	  x7:0x00000000  x3=0xfffffc2d
     1332609000	     66528	8000b042	00738ab3	add	x21,x7,x7	  x7:0x00000000  x7:0x00000000 x21=0x00000000
     1332749000	     66535	8000b046	0ff0000f	fence	iorw,iorw	
     1333109000	     66553	8000b04a	595ba393	slti	x7,x23,1429	 x23:0x0af7d000  x7=0x00000000
     1333149000	     66555	8000b04e	02433333	mulhu	x6,x6,x4	  x6:0x00000000  x4:0x00000000  x6=0x00000000
     1333309000	     66563	8000b052	8b6a9817	auipc	x16,0x8b6a9	 x16=0x0b6b4052
     1333549000	     66575	8000b056	db010693	addi	x13,x2,-592	  x2:0xf5e39895 x13=0xf5e39645
     1333569000	     66576	8000b05a	c39d	c.beqz	x15,8000b080	 x15:0xfffffc11
     1333749000	     66585	8000b05c	9790af93	slti	x31,x1,-1671	  x1:0x00000000 x31=0x00000000
     1333769000	     66586	8000b060	4089df93	srai	x31,x19,0x8	 x19:0x00018000 x31=0x00000180
     1333869000	     66591	8000b064	8d11	c.sub	x10,x12	 x10:0x3ffda321 x12:0x80021e58 x10=0xbffb84c9
     1333889000	     66592	8000b066	00661bb3	sll	x23,x12,x6	 x12:0x80021e58  x6:0x00000000 x23=0x80021e58
     1333989000	     66597	8000b06a	03781363	bne	x16,x23,8000b090	 x16:0x0b6b4052 x23:0x80021e58
     1334129000	     66604	8000b090	00e162b3	or	x5,x2,x14	  x2:0xf5e39895 x14:0x80025ce4  x5=0xf5e3dcf5
     1334229000	     66609	8000b094	c695	c.beqz	x13,8000b0c0	 x13:0xf5e39645
     1334249000	     66610	8000b096	8ff5	c.and	x15,x13	 x15:0xfffffc11 x13:0xf5e39645 x15=0xf5e39401
     1334269000	     66611	8000b098	01b2f033	and	x0,x5,x27	  x5:0xf5e3dcf5 x27:0xfffff960  x0=0x00000000
     1334309000	     66613	8000b09c	0001	c.addi	x0,0	  x0:0x00000000  x0=0x00000000
     1334509000	     66623	8000b09e	01108233	add	x4,x1,x17	  x1:0x00000000 x17:0x00000000  x4=0x00000000
     1334529000	     66624	8000b0a2	0001	c.addi	x0,0	  x0:0x00000000  x0=0x00000000
     1334549000	     66625	8000b0a4	6eb5	c.lui	x29,0xd	 x29=0x0000d000
     1334569000	     66626	8000b0a6	0ff0000f	fence	iorw,iorw	
     1334709000	     66633	8000b0aa	7a9b0b17	auipc	x22,0x7a9b0	 x22=0xfa9bb0aa
     1334749000	     66635	8000b0ae	407883b3	sub	x7,x17,x7	 x17:0x00000000  x7:0x00000000  x7=0x00000000
     1334849000	     66640	8000b0b2	04f78893	addi	x17,x15,79	 x15:0xf5e39401 x17=0xf5e39450
     1334969000	     66646	8000b0b6	798d2f17	auipc	x30,0x798d2	 x30=0xf98dd0b6
     1334989000	     66647	8000b0ba	91c6	c.add	x3,x17	  x3:0xfffffc2d x17:0xf5e39450  x3=0xf5e3907d
     1335009000	     66648	8000b0bc	00505033	srl	x0,x0,x5	  x0:0x00000000  x5:0xf5e3dcf5  x0=0x00000000
     1335029000	     66649	8000b0c0	df70c393	xori	x7,x1,-521	  x1:0x00000000  x7=0xfffffdf7
     1335049000	     66650	8000b0c4	cdaef493	andi	x9,x29,-806	 x29:0x0000d000  x9=0x0000d000
     1335149000	     66655	8000b0c8	0000100f	fence.i	
     1335229000	     66659	8000b0cc	8ac9	c.andi	x13,18	 x13:0xf5e39645 x13=0x00000000
     1335429000	     66669	8000b0ce	00e86e63	bltu	x16,x14,8000b0ea	 x16:0x0b6b4052 x14:0x80025ce4
     1335849000	     66690	8000b0ea	c38d	c.beqz	x15,8000b10c	 x15:0xf5e39401
     1335869000	     66691	8000b0ec	01de60b3	or	x1,x28,x29	 x28:0x00000001 x29:0x0000d000  x1=0x0000d001
     1335889000	     66692	8000b0f0	99fd	c.andi	x11,-1	 x11:0x00000000 x11=0x00000000
     1336089000	     66702	8000b0f2	b0da4b97	auipc	x23,0xb0da4	 x23=0x30daf0f2
     1336109000	     66703	8000b0f6	0c8e6d97	auipc	x27,0xc8e6	 x27=0x8c8f10f6
     1336129000	     66704	8000b0fa	015155b3	srl	x11,x2,x21	  x2:0xf5e39895 x21:0x00000000 x11=0xf5e39895
     1336569000	     66726	8000b0fe	03dfac33	mulhsu	x24,x31,x29	 x31:0x00000180 x29:0x0000d000 x24=0x00000000
     1336589000	     66727	8000b102	01cb56b3	srl	x13,x22,x28	 x22:0xfa9bb0aa x28:0x00000001 x13=0x7d4dd855
     1336609000	     66728	8000b106	0a1e	c.slli	x20,0x7	 x20:0x80025ce4 x20=0x012e7200
     1336629000	     66729	8000b108	a6c63893	sltiu	x17,x12,-1428	 x12:0x80021e58 x17=0x00000001
     1337049000	     66750	8000b10c	00253433	sltu	x8,x10,x2	 x10:0xbffb84c9  x2:0xf5e39895  x8=0x00000001
     1337249000	     66760	8000b110	012d1c63	bne	x26,x18,8000b128	 x26:0xffffffff x18:0x0af7d000
     1338249000	     66810	8000b128	546a2693	slti	x13,x20,1350	 x20:0x012e7200 x13=0x00000000
     1338409000	     66818	8000b12c	987d	c.andi	x8,-1	  x8:0x00000001  x8=0x00000001
     1338489000	     66822	8000b12e	01723833	sltu	x16,x4,x23	  x4:0x00000000 x23:0x30daf0f2 x16=0x00000001
     1338529000	     66824	8000b132	0000100f	fence.i	
     1339149000	     66855	8000b136	00931893	slli	x17,x6,0x9	  x6:0x00000000 x17=0x00000000
     1339169000	     66856	8000b13a	3588fc13	andi	x24,x17,856	 x17:0x00000000 x24=0x00000000
     1339249000	     66860	8000b13e	0248f163	bgeu	x17,x4,8000b160	 x17:0x00000000  x4:0x00000000
     1339589000	     66877	8000b160	030b0333	mul	x6,x22,x16	 x22:0xfa9bb0aa x16:0x00000001  x6=0xfa9bb0aa
     1339749000	     66885	8000b164	8fe9	c.and	x15,x10	 x15:0xf5e39401 x10:0xbffb84c9 x15=0xb5e38401
     1339769000	     66886	8000b166	298cb293	sltiu	x5,x25,664	 x25:0x80025ce4  x5=0x00000000
     1339789000	     66887	8000b16a	cb412693	slti	x13,x2,-844	  x2:0xf5e39895 x13=0x00000001
     1339809000	     66888	8000b16e	c28d	c.beqz	x13,8000b190	 x13:0x00000001
     1339829000	     66889	8000b170	9d4a	c.add	x26,x18	 x26:0xffffffff x18:0x0af7d000 x26=0x0af7cfff
     1339849000	     66890	8000b172	435d	c.li	x6,23	  x6=0x00000017
     1340589000	     66927	8000b174	03004533	div	x10,x0,x16	  x0:0x00000000 x16:0x00000001 x10=0x00000000
     1340609000	     66928	8000b178	8d8d	c.sub	x11,x11	 x11:0xf5e39895 x11:0xf5e39895 x11=0x00000000
     1340629000	     66929	8000b17a	009886b3	add	x13,x17,x9	 x17:0x00000000  x9:0x0000d000 x13=0x0000d000
     1340649000	     66930	8000b17e	036a	c.slli	x6,0x1a	  x6:0x00000017  x6=0x5c000000
     1340669000	     66931	8000b180	b466e293	ori	x5,x13,-1210	 x13:0x0000d000  x5=0xfffffb46
     1340689000	     66932	8000b184	8afe	c.mv	x21,x31	  x0:0x00000000 x31:0x00000180 x21=0x00000180
     1340709000	     66933	8000b186	8115	c.srli	x10,0x5	 x10:0x00000000 x10=0x00000000
     1340729000	     66934	8000b188	000ffdb3	and	x27,x31,x0	 x31:0x00000180  x0:0x00000000 x27=0x00000000
     1341029000	     66949	8000b18c	af443593	sltiu	x11,x8,-1292	  x8:0x00000001 x11=0x00000001
     1341049000	     66950	8000b190	8a4a	c.mv	x20,x18	  x0:0x00000000 x18:0x0af7d000 x20=0x0af7d000
     1341069000	     66951	8000b192	034901b3	mul	x3,x18,x20	 x18:0x0af7d000 x20:0x0af7d000  x3=0x09000000
     1341229000	     66959	8000b196	02958d33	mul	x26,x11,x9	 x11:0x00000001  x9:0x0000d000 x26=0x0000d000
     1341269000	     66961	8000b19a	033a17b3	mulh	x15,x20,x19	 x20:0x0af7d000 x19:0x00018000 x15=0x00001073
     1341289000	     66962	8000b19e	409ed513	srai	x10,x29,0x9	 x29:0x0000d000 x10=0x00000068
     1341309000	     66963	8000b1a2	00e221b3	slt	x3,x4,x14	  x4:0x00000000 x14:0x80025ce4  x3=0x00000000
     1341329000	     66964	8000b1a6	1e7d	c.addi	x28,-1	 x28:0x00000001 x28=0x00000000
     1341349000	     66965	8000b1a8	001d9b93	slli	x23,x27,0x1	 x27:0x00000000 x23=0x00000000
     1341369000	     66966	8000b1ac	00aff363	bgeu	x31,x10,8000b1b2	 x31:0x00000180 x10:0x00000068
     1343629000	     67079	8000b1b2	6599	c.lui	x11,0x6	 x11=0x00006000
     1343649000	     67080	8000b1b4	003e7fb3	and	x31,x28,x3	 x28:0x00000000  x3:0x00000000 x31=0x00000000
     1343669000	     67081	8000b1b8	e236a313	slti	x6,x13,-477	 x13:0x0000d000  x6=0x00000000
     1343689000	     67082	8000b1bc	15676593	ori	x11,x14,342	 x14:0x80025ce4 x11=0x80025df6
     1343709000	     67083	8000b1c0	e415	c.bnez	x8,8000b1ec	  x8:0x00000001
     1343989000	     67097	8000b1ec	00854c63	blt	x10,x8,8000b204	 x10:0x00000068  x8:0x00000001
     1344389000	     67117	8000b1f0	b68eab93	slti	x23,x29,-1176	 x29:0x0000d000 x23=0x00000000
     1344449000	     67120	8000b1f4	0001	c.addi	x0,0	  x0:0x00000000  x0=0x00000000
     1344469000	     67121	8000b1f6	8b26	c.mv	x22,x9	  x0:0x00000000  x9:0x0000d000 x22=0x0000d000
     1344609000	     67128	8000b1f8	8f3e	c.mv	x30,x15	  x0:0x00000000 x15:0x00001073 x30=0x00001073
     1344729000	     67134	8000b1fa	017a4833	xor	x16,x20,x23	 x20:0x0af7d000 x23:0x00000000 x16=0x0af7d000
     1345869000	     67191	8000b1fe	022d6333	rem	x6,x26,x2	 x26:0x0000d000  x2:0xf5e39895  x6=0x0000d000
     1345889000	     67192	8000b202	8d0d	c.sub	x10,x11	 x10:0x00000068 x11:0x80025df6 x10=0x7ffda272
     1345909000	     67193	8000b204	8d51	c.or	x10,x12	 x10:0x7ffda272 x12:0x80021e58 x10=0xffffbe7a
     1345929000	     67194	8000b206	026a9663	bne	x21,x6,8000b232	 x21:0x00000180  x6:0x0000d000
     1346389000	     67217	8000b232	035518b3	mulh	x17,x10,x21	 x10:0xffffbe7a x21:0x00000180 x17=0xffffffff
     1346409000	     67218	8000b236	01aec333	xor	x6,x29,x26	 x29:0x0000d000 x26:0x0000d000  x6=0x00000000
     1347149000	     67255	8000b23a	02b16db3	rem	x27,x2,x11	  x2:0xf5e39895 x11:0x80025df6 x27=0xf5e39895
     1347169000	     67256	8000b23e	01615263	bge	x2,x22,8000b242	  x2:0xf5e39895 x22:0x0000d000
     1347189000	     67257	8000b242	030e5f63	bge	x28,x16,8000b280	 x28:0x00000000 x16:0x0af7d000
     1347209000	     67258	8000b246	1bc846b7	lui	x13,0x1bc84	 x13=0x1bc84000
     1347289000	     67262	8000b24a	47e52013	slti	x0,x10,1150	 x10:0xffffbe7a  x0=0x00000000
     1347309000	     67263	8000b24e	4bb9	c.li	x23,14	 x23=0x0000000e
     1347329000	     67264	8000b250	8f5e	c.mv	x30,x23	  x0:0x00000000 x23:0x0000000e x30=0x0000000e
     1347349000	     67265	8000b252	03f27563	bgeu	x4,x31,8000b27c	  x4:0x00000000 x31:0x00000000
     1348129000	     67304	8000b27c	40ff8233	sub	x4,x31,x15	 x31:0x00000000 x15:0x00001073  x4=0xffffef8d
     1348189000	     67307	8000b280	038ee533	rem	x10,x29,x24	 x29:0x0000d000 x24:0x00000000 x10=0x0000d000
     1348209000	     67308	8000b284	99fd	c.andi	x11,-1	 x11:0x80025df6 x11=0x80025df6
     1348229000	     67309	8000b286	e189	c.bnez	x11,8000b288	 x11:0x80025df6
     1349669000	     67381	8000b288	40b1d693	srai	x13,x3,0xb	  x3:0x00000000 x13=0x00000000
     1349849000	     67390	8000b28c	00b4e233	or	x4,x9,x11	  x9:0x0000d000 x11:0x80025df6  x4=0x8002ddf6
     1350269000	     67411	8000b290	00278263	beq	x15,x2,8000b294	 x15:0x00001073  x2:0xf5e39895
     1350369000	     67416	8000b294	40830e33	sub	x28,x6,x8	  x6:0x00000000  x8:0x00000001 x28=0xffffffff
     1350529000	     67424	8000b298	a69eeb93	ori	x23,x29,-1431	 x29:0x0000d000 x23=0xfffffa69
     1350689000	     67432	8000b29c	02298833	mul	x16,x19,x2	 x19:0x00018000  x2:0xf5e39895 x16=0x64df8000
     1350709000	     67433	8000b2a0	21748a13	addi	x20,x9,535	  x9:0x0000d000 x20=0x0000d217
     1350729000	     67434	8000b2a4	1773e993	ori	x19,x7,375	  x7:0xfffffdf7 x19=0xfffffdf7
     1350789000	     67437	8000b2a8	00a8ea33	or	x20,x17,x10	 x17:0xffffffff x10:0x0000d000 x20=0xffffffff
     1350809000	     67438	8000b2ac	021185b3	mul	x11,x3,x1	  x3:0x00000000  x1:0x0000d001 x11=0x00000000
     1350829000	     67439	8000b2b0	8ce9	c.and	x9,x10	  x9:0x0000d000 x10:0x0000d000  x9=0x0000d000
     1350849000	     67440	8000b2b2	005a0d63	beq	x20,x5,8000b2cc	 x20:0xffffffff  x5:0xfffffb46
     1350869000	     67441	8000b2b6	d0f90693	addi	x13,x18,-753	 x18:0x0af7d000 x13=0x0af7cd0f
     1351809000	     67488	8000b2ba	02fa6ab3	rem	x21,x20,x15	 x20:0xffffffff x15:0x00001073 x21=0xffffffff
     1351829000	     67489	8000b2be	8c95	c.sub	x9,x13	  x9:0x0000d000 x13:0x0af7cd0f  x9=0xf50902f1
     1351849000	     67490	8000b2c0	405a5db3	sra	x27,x20,x5	 x20:0xffffffff  x5:0xfffffb46 x27=0xffffffff
     1351929000	     67494	8000b2c4	8ddd	c.or	x11,x15	 x11:0x00000000 x15:0x00001073 x11=0x00001073
     1351949000	     67495	8000b2c6	896d	c.andi	x10,27	 x10:0x0000d000 x10=0x00000000
     1352089000	     67502	8000b2c8	c095	c.beqz	x9,8000b2ec	  x9:0xf50902f1
     1352109000	     67503	8000b2ca	e115	c.bnez	x10,8000b2ee	 x10:0x00000000
     1352229000	     67509	8000b2cc	03fc8cb3	mul	x25,x25,x31	 x25:0x80025ce4 x31:0x00000000 x25=0x00000000
     1352649000	     67530	8000b2d0	010b1193	slli	x3,x22,0x10	 x22:0x0000d000  x3=0xd0000000
     1352669000	     67531	8000b2d4	8cf1	c.and	x9,x12	  x9:0xf50902f1 x12:0x80021e58  x9=0x80000250
     1352689000	     67532	8000b2d6	8de1	c.and	x11,x8	 x11:0x00001073  x8:0x00000001 x11=0x00000001
     1352709000	     67533	8000b2d8	8195	c.srli	x11,0x5	 x11:0x00000001 x11=0x00000000
     1352729000	     67534	8000b2da	415ad393	srai	x7,x21,0x15	 x21:0xffffffff  x7=0xffffffff
     1352809000	     67538	8000b2de	0ff0000f	fence	iorw,iorw	
     1353229000	     67559	8000b2e2	0000100f	fence.i	
     1354749000	     67635	8000b2e6	023ce6b3	rem	x13,x25,x3	 x25:0x00000000  x3:0xd0000000 x13=0x00000000
     1354769000	     67636	8000b2ea	99ce	c.add	x19,x19	 x19:0xfffffdf7 x19:0xfffffdf7 x19=0xfffffbee
     1354789000	     67637	8000b2ec	87d9	c.srai	x15,0x16	 x15:0x00001073 x15=0x00000000
     1354809000	     67638	8000b2ee	6f55	c.lui	x30,0x15	 x30=0x00015000
     1354849000	     67640	8000b2f0	03ce3933	mulhu	x18,x28,x28	 x28:0xffffffff x28:0xffffffff x18=0xfffffffe
     1354869000	     67641	8000b2f4	a5e90793	addi	x15,x18,-1442	 x18:0xfffffffe x15=0xfffffa5c
     1354889000	     67642	8000b2f8	408ac193	xori	x3,x21,1032	 x21:0xffffffff  x3=0xfffffbf7
     1354909000	     67643	8000b2fc	8021	c.srli	x8,0x8	  x8:0x00000001  x8=0x00000000
     1354929000	     67644	8000b2fe	8fd2	c.mv	x31,x20	  x0:0x00000000 x20:0xffffffff x31=0xffffffff
     1354949000	     67645	8000b300	8dc1	c.or	x11,x8	 x11:0x00000000  x8:0x00000000 x11=0x00000000
     1354969000	     67646	8000b302	858e	c.mv	x11,x3	  x0:0x00000000  x3:0xfffffbf7 x11=0xfffffbf7
     1355209000	     67658	8000b304	0001	c.addi	x0,0	  x0:0x00000000  x0=0x00000000
     1355229000	     67659	8000b306	8fc5	c.or	x15,x9	 x15:0xfffffa5c  x9:0x80000250 x15=0xfffffa5c
     1355249000	     67660	8000b308	49c44013	xori	x0,x8,1180	  x8:0x00000000  x0=0x00000000
     1355269000	     67661	8000b30c	00c13a33	sltu	x20,x2,x12	  x2:0xf5e39895 x12:0x80021e58 x20=0x00000000
     1356169000	     67706	8000b310	02bb4033	div	x0,x22,x11	 x22:0x0000d000 x11:0xfffffbf7  x0=0x00000000
     1356209000	     67708	8000b314	02076533	rem	x10,x14,x0	 x14:0x80025ce4  x0:0x00000000 x10=0x80025ce4
     1356229000	     67709	8000b318	015bbbb3	sltu	x23,x23,x21	 x23:0xfffffa69 x21:0xffffffff x23=0x00000001
     1356969000	     67746	8000b31c	029c6233	rem	x4,x24,x9	 x24:0x00000000  x9:0x80000250  x4=0x00000000
     1357009000	     67748	8000b320	0327be33	mulhu	x28,x15,x18	 x15:0xfffffa5c x18:0xfffffffe x28=0xfffffa5a
     1357029000	     67749	8000b324	82c9	c.srli	x13,0x12	 x13:0x00000000 x13=0x00000000
     1357049000	     67750	8000b326	4085db13	srai	x22,x11,0x8	 x11:0xfffffbf7 x22=0xfffffffb
     1357069000	     67751	8000b32a	01259f33	sll	x30,x11,x18	 x11:0xfffffbf7 x18:0xfffffffe x30=0xc0000000
     1357089000	     67752	8000b32e	0ff0000f	fence	iorw,iorw	
     1357109000	     67753	8000b332	01ba1813	slli	x16,x20,0x1b	 x20:0x00000000 x16=0x00000000
     1357309000	     67763	8000b336	5e48d2b7	lui	x5,0x5e48d	  x5=0x5e48d000
     1357729000	     67784	8000b33a	01532433	slt	x8,x6,x21	  x6:0x00000000 x21:0xffffffff  x8=0x00000000
     1357749000	     67785	8000b33e	40965213	srai	x4,x12,0x9	 x12:0x80021e58  x4=0xffc0010f
     1357769000	     67786	8000b342	6ac9	c.lui	x21,0x12	 x21=0x00012000
     1357809000	     67788	8000b344	0f75	c.addi	x30,29	 x30:0xc0000000 x30=0xc000001d
     1357829000	     67789	8000b346	0001	c.addi	x0,0	  x0:0x00000000  x0=0x00000000
     1357889000	     67792	8000b348	ca998793	addi	x15,x19,-855	 x19:0xfffffbee x15=0xfffff897
     1357909000	     67793	8000b34c	00d7a693	slti	x13,x15,13	 x15:0xfffff897 x13=0x00000001
     1358329000	     67814	8000b350	04717563	bgeu	x2,x7,8000b39a	  x2:0xf5e39895  x7:0xffffffff
     1358549000	     67825	8000b354	0001	c.addi	x0,0	  x0:0x00000000  x0=0x00000000
     1358569000	     67826	8000b356	01358463	beq	x11,x19,8000b35e	 x11:0xfffffbf7 x19:0xfffffbee
     1358589000	     67827	8000b35a	01ed5463	bge	x26,x30,8000b362	 x26:0x0000d000 x30:0xc000001d
     1359549000	     67875	8000b362	03f47863	bgeu	x8,x31,8000b392	  x8:0x00000000 x31:0xffffffff
     1360389000	     67917	8000b366	02ef5b33	divu	x22,x30,x14	 x30:0xc000001d x14:0x80025ce4 x22=0x00000001
     1360409000	     67918	8000b36a	8fd1	c.or	x15,x12	 x15:0xfffff897 x12:0x80021e58 x15=0xfffffedf
     1360429000	     67919	8000b36c	02ce0c63	beq	x28,x12,8000b3a4	 x28:0xfffffa5a x12:0x80021e58
     1360449000	     67920	8000b370	008f8db3	add	x27,x31,x8	 x31:0xffffffff  x8:0x00000000 x27=0xffffffff
     1360469000	     67921	8000b374	00f99593	slli	x11,x19,0xf	 x19:0xfffffbee x11=0xfdf70000
     1360489000	     67922	8000b378	00ce5fb3	srl	x31,x28,x12	 x28:0xfffffa5a x12:0x80021e58 x31=0x000000ff
     1361229000	     67959	8000b37c	02325533	divu	x10,x4,x3	  x4:0xffc0010f  x3:0xfffffbf7 x10=0x00000000
     1361249000	     67960	8000b380	8fcd	c.or	x15,x11	 x15:0xfffffedf x11:0xfdf70000 x15=0xfffffedf
     1361289000	     67962	8000b382	0302fe33	remu	x28,x5,x16	  x5:0x5e48d000 x16:0x00000000 x28=0x5e48d000
     1361309000	     67963	8000b386	007b94b3	sll	x9,x23,x7	 x23:0x00000001  x7:0xffffffff  x9=0x80000000
     1361329000	     67964	8000b38a	e835a093	slti	x1,x11,-381	 x11:0xfdf70000  x1=0x00000001
     1361349000	     67965	8000b38e	01b0d493	srli	x9,x1,0x1b	  x1:0x00000001  x9=0x00000000
     1361369000	     67966	8000b392	8686e313	ori	x6,x13,-1944	 x13:0x00000001  x6=0xfffff869
     1361809000	     67988	8000b396	038eeb33	rem	x22,x29,x24	 x29:0x0000d000 x24:0x00000000 x22=0x0000d000
     1361829000	     67989	8000b39a	9bea	c.add	x23,x26	 x23:0x00000001 x26:0x0000d000 x23=0x0000d001
     1361849000	     67990	8000b39c	6c41	c.lui	x24,0x10	 x24=0x00010000
     1361869000	     67991	8000b39e	0409	c.addi	x8,2	  x8:0x00000000  x8=0x00000002
     1361889000	     67992	8000b3a0	400986b3	sub	x13,x19,x0	 x19:0xfffffbee  x0:0x00000000 x13=0xfffffbee
     1361969000	     67996	8000b3a4	0001	c.addi	x0,0	  x0:0x00000000  x0=0x00000000
     1361989000	     67997	8000b3a6	8f89	c.sub	x15,x10	 x15:0xfffffedf x10:0x00000000 x15=0xfffffedf
     1362129000	     68004	8000b3a8	00bc3033	sltu	x0,x24,x11	 x24:0x00010000 x11:0xfdf70000  x0=0x00000000
     1362549000	     68025	8000b3ac	0001	c.addi	x0,0	  x0:0x00000000  x0=0x00000000
     1362789000	     68037	8000b3ae	3c26a337	lui	x6,0x3c26a	  x6=0x3c26a000
     1363209000	     68058	8000b3b2	2e497c13	andi	x24,x18,740	 x18:0xfffffffe x24=0x000002e4
     1363229000	     68059	8000b3b6	e809	c.bnez	x8,8000b3c8	  x8:0x00000002
     1363649000	     68080	8000b3c8	00e01413	slli	x8,x0,0xe	  x0:0x00000000  x8=0x00000000
     1363749000	     68085	8000b3cc	0286e563	bltu	x13,x8,8000b3f6	 x13:0xfffffbee  x8:0x00000000
     1363769000	     68086	8000b3d0	2ec50217	auipc	x4,0x2ec50	  x4=0xaec5b3d0
     1363929000	     68094	8000b3d4	0186d193	srli	x3,x13,0x18	 x13:0xfffffbee  x3=0x000000ff
     1363949000	     68095	8000b3d8	419c5833	sra	x16,x24,x25	 x24:0x000002e4 x25:0x00000000 x16=0x000002e4
     1364089000	     68102	8000b3dc	020e5033	divu	x0,x28,x0	 x28:0x5e48d000  x0:0x00000000  x0=0x00000000
     1364829000	     68139	8000b3e0	03f068b3	rem	x17,x0,x31	  x0:0x00000000 x31:0x000000ff x17=0x00000000
     1364849000	     68140	8000b3e4	41c30433	sub	x8,x6,x28	  x6:0x3c26a000 x28:0x5e48d000  x8=0xddddd000
     1364869000	     68141	8000b3e8	8df1	c.and	x11,x12	 x11:0xfdf70000 x12:0x80021e58 x11=0x80020000
     1364889000	     68142	8000b3ea	01259e13	slli	x28,x11,0x12	 x11:0x80020000 x28=0x00000000
     1364909000	     68143	8000b3ee	2cfe4313	xori	x6,x28,719	 x28:0x00000000  x6=0x000002cf
     1364929000	     68144	8000b3f2	014c33b3	sltu	x7,x24,x20	 x24:0x000002e4 x20:0x00000000  x7=0x00000000
     1364969000	     68146	8000b3f6	349707b7	lui	x15,0x34970	 x15=0x34970000
     1364989000	     68147	8000b3fa	8fad	c.xor	x15,x11	 x15:0x34970000 x11:0x80020000 x15=0xb4950000
     1365009000	     68148	8000b3fc	0001	c.addi	x0,0	  x0:0x00000000  x0=0x00000000
     1365029000	     68149	8000b3fe	014dc9b3	xor	x19,x27,x20	 x27:0xffffffff x20:0x00000000 x19=0xffffffff
     1365429000	     68169	8000b402	02ab72b3	remu	x5,x22,x10	 x22:0x0000d000 x10:0x00000000  x5=0x0000d000
     1365449000	     68170	8000b406	ca99	c.beqz	x13,8000b41c	 x13:0xfffffbee
     1365829000	     68189	8000b408	926a	c.add	x4,x26	  x4:0xaec5b3d0 x26:0x0000d000  x4=0xaec683d0
     1365849000	     68190	8000b40a	6cd9	c.lui	x25,0x16	 x25=0x00016000
     1365869000	     68191	8000b40c	8ca5	c.xor	x9,x9	  x9:0x00000000  x9:0x00000000  x9=0x00000000
     1365889000	     68192	8000b40e	85ad	c.srai	x11,0xb	 x11:0x80020000 x11=0xfff00040
     1365909000	     68193	8000b410	02955063	bge	x10,x9,8000b430	 x10:0x00000000  x9:0x00000000
     1367729000	     68284	8000b430	039f5463	bge	x30,x25,8000b458	 x30:0xc000001d x25:0x00016000
     1367849000	     68290	8000b434	03bf4563	blt	x30,x27,8000b45e	 x30:0xc000001d x27:0xffffffff
     1386649000	     69230	8000b45e	0209b233	mulhu	x4,x19,x0	 x19:0xffffffff  x0:0x00000000  x4=0x00000000
     1386669000	     69231	8000b462	ef80e493	ori	x9,x1,-264	  x1:0x00000001  x9=0xfffffef9
     1386689000	     69232	8000b466	34c9a693	slti	x13,x19,844	 x19:0xffffffff x13=0x00000001
     1386709000	     69233	8000b46a	00b216b3	sll	x13,x4,x11	  x4:0x00000000 x11:0xfff00040 x13=0x00000000
     1386729000	     69234	8000b46e	8f9d	c.sub	x15,x15	 x15:0xb4950000 x15:0xb4950000 x15=0x00000000
     1386749000	     69235	8000b470	1bfd	c.addi	x23,-1	 x23:0x0000d001 x23=0x0000d000
     1386809000	     69238	8000b472	40e801b3	sub	x3,x16,x14	 x16:0x000002e4 x14:0x80025ce4  x3=0x7ffda600
     1386829000	     69239	8000b476	6c99	c.lui	x25,0x6	 x25=0x00006000
     1386849000	     69240	8000b478	9b12	c.add	x22,x4	 x22:0x0000d000  x4:0x00000000 x22=0x0000d000
     1386869000	     69241	8000b47a	052fe363	bltu	x31,x18,8000b4c0	 x31:0x000000ff x18:0xfffffffe
     1387509000	     69273	8000b4c0	4a8ab237	lui	x4,0x4a8ab	  x4=0x4a8ab000
     1387729000	     69284	8000b4c4	41f10f33	sub	x30,x2,x31	  x2:0xf5e39895 x31:0x000000ff x30=0xf5e39796
     1387989000	     69297	8000b4c8	c585a513	slti	x10,x11,-936	 x11:0xfff00040 x10=0x00000001
     1388369000	     69316	8000b4cc	03190963	beq	x18,x17,8000b4fe	 x18:0xfffffffe x17:0x00000000
     1388549000	     69325	8000b4d0	0316afb3	mulhsu	x31,x13,x17	 x13:0x00000000 x17:0x00000000 x31=0x00000000
     1388569000	     69326	8000b4d4	00d05b93	srli	x23,x0,0xd	  x0:0x00000000 x23=0x00000000
     1388689000	     69332	8000b4d8	013fd463	bge	x31,x19,8000b4e0	 x31:0x00000000 x19:0xffffffff
     1389429000	     69369	8000b4e0	015c1193	slli	x3,x24,0x15	 x24:0x000002e4  x3=0x5c800000
     1389509000	     69373	8000b4e4	01015b13	srli	x22,x2,0x10	  x2:0xf5e39895 x22=0x0000f5e3
     1389589000	     69377	8000b4e8	0efd	c.addi	x29,31	 x29:0x0000d000 x29=0x0000d01f
     1390329000	     69414	8000b4ea	02337333	remu	x6,x6,x3	  x6:0x000002cf  x3:0x5c800000  x6=0x000002cf
     1390349000	     69415	8000b4ee	832e	c.mv	x6,x11	  x0:0x00000000 x11:0xfff00040  x6=0xfff00040
     1391089000	     69452	8000b4f0	033acb33	div	x22,x21,x19	 x21:0x00012000 x19:0xffffffff x22=0xfffee000
     1391109000	     69453	8000b4f4	0000100f	fence.i	
     1391209000	     69458	8000b4f8	0064cc33	xor	x24,x9,x6	  x9:0xfffffef9  x6:0xfff00040 x24=0x000ffeb9
     1391229000	     69459	8000b4fc	8c9d	c.sub	x9,x15	  x9:0xfffffef9 x15:0x00000000  x9=0xfffffef9
     1391249000	     69460	8000b4fe	0000100f	fence.i	
     1392169000	     69506	8000b502	8fe9	c.and	x15,x10	 x15:0x00000000 x10:0x00000001 x15=0x00000000
     1392209000	     69508	8000b504	02819bb3	mulh	x23,x3,x8	  x3:0x5c800000  x8:0xddddd000 x23=0xf3aaa5a8
     1392229000	     69509	8000b508	6be18193	addi	x3,x3,1726	  x3:0x5c800000  x3=0x5c8006be
     1392289000	     69512	8000b50c	408608b3	sub	x17,x12,x8	 x12:0x80021e58  x8:0xddddd000 x17=0xa2244e58
     1392329000	     69514	8000b510	03269433	mulh	x8,x13,x18	 x13:0x00000000 x18:0xfffffffe  x8=0x00000000
     1392349000	     69515	8000b514	9d42	c.add	x26,x16	 x26:0x0000d000 x16:0x000002e4 x26=0x0000d2e4
     1392369000	     69516	8000b516	86c5	c.srai	x13,0x11	 x13:0x00000000 x13=0x00000000
     1392389000	     69517	8000b518	008da3b3	slt	x7,x27,x8	 x27:0xffffffff  x8:0x00000000  x7=0x00000001
     1392509000	     69523	8000b51c	8c49	c.or	x8,x10	  x8:0x00000000 x10:0x00000001  x8=0x00000001
     1392649000	     69530	8000b51e	a010af93	slti	x31,x1,-1535	  x1:0x00000001 x31=0x00000000
     1392669000	     69531	8000b522	0352	c.slli	x6,0x14	  x6:0xfff00040  x6=0x04000000
     1392709000	     69533	8000b524	03a83db3	mulhu	x27,x16,x26	 x16:0x000002e4 x26:0x0000d2e4 x27=0x00000000
     1392749000	     69535	8000b528	02ae2f33	mulhsu	x30,x28,x10	 x28:0x00000000 x10:0x00000001 x30=0x00000000
     1392769000	     69536	8000b52c	009f9593	slli	x11,x31,0x9	 x31:0x00000000 x11=0x00000000
     1392789000	     69537	8000b530	01cf5a13	srli	x20,x30,0x1c	 x30:0x00000000 x20=0x00000000
     1392809000	     69538	8000b534	65c66093	ori	x1,x12,1628	 x12:0x80021e58  x1=0x80021e5c
     1392869000	     69541	8000b538	0001	c.addi	x0,0	  x0:0x00000000  x0=0x00000000
     1393109000	     69553	8000b53a	02134163	blt	x6,x1,8000b55c	  x6:0x04000000  x1:0x80021e5c
     1393129000	     69554	8000b53e	416b5333	sra	x6,x22,x22	 x22:0xfffee000 x22:0xfffee000  x6=0xfffee000
     1393149000	     69555	8000b542	8021	c.srli	x8,0x8	  x8:0x00000001  x8=0x00000000
     1393169000	     69556	8000b544	03680d33	mul	x26,x16,x22	 x16:0x000002e4 x22:0xfffee000 x26=0xfcbf8000
     1393349000	     69565	8000b548	028a0e33	mul	x28,x20,x8	 x20:0x00000000  x8:0x00000000 x28=0x00000000
     1393529000	     69574	8000b54c	8da2	c.mv	x27,x8	  x0:0x00000000  x8:0x00000000 x27=0x00000000
     1393549000	     69575	8000b54e	02e10e33	mul	x28,x2,x14	  x2:0xf5e39895 x14:0x80025ce4 x28=0x7ab370b4
     1393569000	     69576	8000b552	137d	c.addi	x6,-1	  x6:0xfffee000  x6=0xfffedfff
     1393589000	     69577	8000b554	838c2a93	slti	x21,x24,-1992	 x24:0x000ffeb9 x21=0x00000000
     1393609000	     69578	8000b558	02f21663	bne	x4,x15,8000b584	  x4:0x4a8ab000 x15:0x00000000
     1394029000	     69599	8000b584	0133a3b3	slt	x7,x7,x19	  x7:0x00000001 x19:0xffffffff  x7=0x00000000
     1394049000	     69600	8000b588	8fad	c.xor	x15,x11	 x15:0x00000000 x11:0x00000000 x15=0x00000000
     1394169000	     69606	8000b58a	41705813	srai	x16,x0,0x17	  x0:0x00000000 x16=0x00000000
     1394189000	     69607	8000b58e	1ffd	c.addi	x31,-1	 x31:0x00000000 x31=0xffffffff
     1394529000	     69624	8000b590	40e75b33	sra	x22,x14,x14	 x14:0x80025ce4 x14:0x80025ce4 x22=0xf80025ce
     1394749000	     69635	8000b594	6d224093	xori	x1,x4,1746	  x4:0x4a8ab000  x1=0x4a8ab6d2
     1395169000	     69656	8000b598	034b7563	bgeu	x22,x20,8000b5c2	 x22:0xf80025ce x20:0x00000000
     1396229000	     69709	8000b5c2	86d9	c.srai	x13,0x16	 x13:0x00000000 x13=0x00000000
     1396269000	     69711	8000b5c4	034b21b3	mulhsu	x3,x22,x20	 x22:0xf80025ce x20:0x00000000  x3=0x00000000
     1397009000	     69748	8000b5c8	03d55833	divu	x16,x10,x29	 x10:0x00000001 x29:0x0000d01f x16=0x00000000
     1397029000	     69749	8000b5cc	e395	c.bnez	x15,8000b5f0	 x15:0x00000000
     1397049000	     69750	8000b5ce	89f1	c.andi	x11,28	 x11:0x00000000 x11=0x00000000
     1397069000	     69751	8000b5d0	02bcdb63	bge	x25,x11,8000b606	 x25:0x00006000 x11:0x00000000
     1397249000	     69760	8000b606	e109	c.bnez	x10,8000b608	 x10:0x00000001
     1398069000	     69801	8000b608	003fc4b3	xor	x9,x31,x3	 x31:0xffffffff  x3:0x00000000  x9=0xffffffff
     1398149000	     69805	8000b60c	6cd33693	sltiu	x13,x6,1741	  x6:0xfffedfff x13=0x00000000
     1398169000	     69806	8000b610	08854397	auipc	x7,0x8854	  x7=0x8885f610
     1398369000	     69816	8000b614	dcb22337	lui	x6,0xdcb22	  x6=0xdcb22000
     1398389000	     69817	8000b618	c119	c.beqz	x10,8000b61e	 x10:0x00000001
     1398409000	     69818	8000b61a	0149a333	slt	x6,x19,x20	 x19:0xffffffff x20:0x00000000  x6=0x00000001
     1398429000	     69819	8000b61e	9afd	c.andi	x13,-1	 x13:0x00000000 x13=0x00000000
     1398449000	     69820	8000b620	01a5de33	srl	x28,x11,x26	 x11:0x00000000 x26:0xfcbf8000 x28=0x00000000
     1398629000	     69829	8000b624	6d4a4893	xori	x17,x20,1748	 x20:0x00000000 x17=0x000006d4
     1398649000	     69830	8000b628	00d9bcb3	sltu	x25,x19,x13	 x19:0xffffffff x13:0x00000000 x25=0x00000000
     1399069000	     69851	8000b62c	e501	c.bnez	x10,8000b634	 x10:0x00000001
     1399469000	     69871	8000b634	0001	c.addi	x0,0	  x0:0x00000000  x0=0x00000000
     1399829000	     69889	8000b636	01164e33	xor	x28,x12,x17	 x12:0x80021e58 x17:0x000006d4 x28=0x8002188c
     1399849000	     69890	8000b63a	82ad	c.srli	x13,0xb	 x13:0x00000000 x13=0x00000000
     1400029000	     69899	8000b63c	0131ca33	xor	x20,x3,x19	  x3:0x00000000 x19:0xffffffff x20=0xffffffff
     1400949000	     69945	8000b640	038ddbb3	divu	x23,x27,x24	 x27:0x00000000 x24:0x000ffeb9 x23=0x00000000
     1400969000	     69946	8000b644	02fd08b3	mul	x17,x26,x15	 x26:0xfcbf8000 x15:0x00000000 x17=0x00000000
     1400989000	     69947	8000b648	008ebf13	sltiu	x30,x29,8	 x29:0x0000d01f x30=0x00000000
     1401009000	     69948	8000b64c	326acd93	xori	x27,x21,806	 x21:0x00000000 x27=0x00000326
     1401029000	     69949	8000b650	009b94b3	sll	x9,x23,x9	 x23:0x00000000  x9:0xffffffff  x9=0x00000000
     1401049000	     69950	8000b654	975bb813	sltiu	x16,x23,-1675	 x23:0x00000000 x16=0x00000001
     1401089000	     69952	8000b658	4186d193	srai	x3,x13,0x18	 x13:0x00000000  x3=0x00000000
     1401169000	     69956	8000b65c	0000d893	srli	x17,x1,0x0	  x1:0x4a8ab6d2 x17=0x4a8ab6d2
     1401449000	     69970	8000b660	40325533	sra	x10,x4,x3	  x4:0x4a8ab000  x3:0x00000000 x10=0x4a8ab000
     1401469000	     69971	8000b664	03b40fb3	mul	x31,x8,x27	  x8:0x00000000 x27:0x00000326 x31=0x00000000
     1401489000	     69972	8000b668	0f86	c.slli	x31,0x1	 x31:0x00000000 x31=0x00000000
     1401909000	     69993	8000b66a	0350d063	bge	x1,x21,8000b68a	  x1:0x4a8ab6d2 x21:0x00000000
     1402409000	     70018	8000b68a	0449	c.addi	x8,18	  x8:0x00000000  x8=0x00000012
     1402429000	     70019	8000b68c	81ed	c.srli	x11,0x1b	 x11:0x00000000 x11=0x00000000
     1402449000	     70020	8000b68e	41980233	sub	x4,x16,x25	 x16:0x00000001 x25:0x00000000  x4=0x00000001
     1402469000	     70021	8000b692	8c8d	c.sub	x9,x11	  x9:0x00000000 x11:0x00000000  x9=0x00000000
     1402869000	     70041	8000b694	8d39	c.xor	x10,x14	 x10:0x4a8ab000 x14:0x80025ce4 x10=0xca88ece4
     1402889000	     70042	8000b696	02338c33	mul	x24,x7,x3	  x7:0x8885f610  x3:0x00000000 x24=0x00000000
     1402909000	     70043	8000b69a	0e71	c.addi	x28,28	 x28:0x8002188c x28=0x800218a8
     1402929000	     70044	8000b69c	00fa5e63	bge	x20,x15,8000b6b8	 x20:0xffffffff x15:0x00000000
     1403009000	     70048	8000b6a0	25d5ec13	ori	x24,x11,605	 x11:0x00000000 x24=0x0000025d
     1403069000	     70051	8000b6a4	056f5363	bge	x30,x22,8000b6ea	 x30:0x00000000 x22:0xf80025ce
     1403709000	     70083	8000b6ea	5199fa13	andi	x20,x19,1305	 x19:0xffffffff x20=0x00000519
     1403729000	     70084	8000b6ee	011a5833	srl	x16,x20,x17	 x20:0x00000519 x17:0x4a8ab6d2 x16=0x00000000
     1404149000	     70105	8000b6f2	00c49533	sll	x10,x9,x12	  x9:0x00000000 x12:0x80021e58 x10=0x00000000
     1404569000	     70126	8000b6f6	01231d33	sll	x26,x6,x18	  x6:0x00000001 x18:0xfffffffe x26=0x40000000
     1404589000	     70127	8000b6fa	7dba6a93	ori	x21,x20,2011	 x20:0x00000519 x21=0x000007db
     1404609000	     70128	8000b6fe	81a1	c.srli	x11,0x8	 x11:0x00000000 x11=0x00000000
     1404749000	     70135	8000b700	01957363	bgeu	x10,x25,8000b706	 x10:0x00000000 x25:0x00000000
     1405629000	     70179	8000b706	0001	c.addi	x0,0	  x0:0x00000000  x0=0x00000000
     1405849000	     70190	8000b708	da1c0313	addi	x6,x24,-607	 x24:0x0000025d  x6=0xfffffffe
     1405869000	     70191	8000b70c	00b34833	xor	x16,x6,x11	  x6:0xfffffffe x11:0x00000000 x16=0xfffffffe
     1406609000	     70228	8000b710	03bcce33	div	x28,x25,x27	 x25:0x00000000 x27:0x00000326 x28=0x00000000
     1406629000	     70229	8000b714	407e5e33	sra	x28,x28,x7	 x28:0x00000000  x7:0x8885f610 x28=0x00000000
     1406649000	     70230	8000b718	8d4d	c.or	x10,x11	 x10:0x00000000 x11:0x00000000 x10=0x00000000
     1406669000	     70231	8000b71a	66e5c793	xori	x15,x11,1646	 x11:0x00000000 x15=0x0000066e
     1406689000	     70232	8000b71e	e8386013	ori	x0,x16,-381	 x16:0xfffffffe  x0=0x00000000
     1406709000	     70233	8000b722	c019	c.beqz	x8,8000b728	  x8:0x00000012
     1406729000	     70234	8000b724	7bc22a13	slti	x20,x4,1980	  x4:0x00000001 x20=0x00000001
     1406929000	     70244	8000b728	411f5a93	srai	x21,x30,0x11	 x30:0x00000000 x21=0x00000000
     1406949000	     70245	8000b72c	40618233	sub	x4,x3,x6	  x3:0x00000000  x6:0xfffffffe  x4=0x00000002
     1407169000	     70256	8000b730	0000100f	fence.i	
     1407989000	     70297	8000b734	2fc44e13	xori	x28,x8,764	  x8:0x00000012 x28=0x000002ee
     1408369000	     70316	8000b738	003b6eb3	or	x29,x22,x3	 x22:0xf80025ce  x3:0x00000000 x29=0xf80025ce
     1408389000	     70317	8000b73c	585328b7	lui	x17,0x58532	 x17=0x58532000
     1408409000	     70318	8000b740	9f3301b7	lui	x3,0x9f330	  x3=0x9f330000
     1408449000	     70320	8000b744	03362bb3	mulhsu	x23,x12,x19	 x12:0x80021e58 x19:0xffffffff x23=0x80021e58
     1408929000	     70344	8000b748	00462083	lw	x1,4(x12)	 x12:0x80021e58  x1=0x80003442 PA:0x80021e5c load:0x80003442
     1408949000	     70345	8000b74c	0631	c.addi	x12,12	 x12:0x80021e58 x12=0x80021e64
     1409049000	     70350	8000b74e	0124f6b3	and	x13,x9,x18	  x9:0x00000000 x18:0xfffffffe x13=0x00000000
     1409249000	     70360	8000b752	01fe8233	add	x4,x29,x31	 x29:0xf80025ce x31:0x00000000  x4=0xf80025ce
     1409269000	     70361	8000b756	48f1	c.li	x17,28	 x17=0x0000001c
     1409289000	     70362	8000b758	00108293	addi	x5,x1,1	  x1:0x80003442  x5=0x80003443
     1409309000	     70363	8000b75c	9282	c.jalr	x5	  x5:0x80003443  x1=0x8000b75e
     1409529000	     70374	80003442	03f2bfb3	mulhu	x31,x5,x31	  x5:0x80003443 x31:0x00000000 x31=0x00000000
     1410369000	     70416	80003446	023b76b3	remu	x13,x22,x3	 x22:0xf80025ce  x3:0x9f330000 x13=0x58cd25ce
     1411109000	     70453	8000344a	03667ab3	remu	x21,x12,x22	 x12:0x80021e64 x22:0xf80025ce x21=0x80021e64
     1411129000	     70454	8000344e	04afc363	blt	x31,x10,80003494	 x31:0x00000000 x10:0x00000000
     1411149000	     70455	80003452	80118593	addi	x11,x3,-2047	  x3:0x9f330000 x11=0x9f32f801
     1411889000	     70492	80003456	0279d233	divu	x4,x19,x7	 x19:0xffffffff  x7:0x8885f610  x4=0x00000001
     1411909000	     70493	8000345a	01436463	bltu	x6,x20,80003462	  x6:0xfffffffe x20:0x00000001
     1412649000	     70530	8000345e	0351df33	divu	x30,x3,x21	  x3:0x9f330000 x21:0x80021e64 x30=0x00000001
     1412669000	     70531	80003462	02355063	bge	x10,x3,80003482	 x10:0x00000000  x3:0x9f330000
     1413409000	     70568	80003482	d157ee93	ori	x29,x15,-747	 x15:0x0000066e x29=0xffffff7f
     1413649000	     70580	80003486	f3d63013	sltiu	x0,x12,-195	 x12:0x80021e64  x0=0x00000000
     1413669000	     70581	8000348a	81a2	c.mv	x3,x8	  x0:0x00000000  x8:0x00000012  x3=0x00000012
     1413689000	     70582	8000348c	00b3e263	bltu	x7,x11,80003490	  x7:0x8885f610 x11:0x9f32f801
     1414089000	     70602	80003490	01bcc533	xor	x10,x25,x27	 x25:0x00000000 x27:0x00000326 x10=0x00000326
     1414129000	     70604	80003494	039c95b3	mulh	x11,x25,x25	 x25:0x00000000 x25:0x00000000 x11=0x00000000
     1414249000	     70610	80003498	02adadb3	mulhsu	x27,x27,x10	 x27:0x00000326 x10:0x00000326 x27=0x00000000
     1414269000	     70611	8000349c	76e04937	lui	x18,0x76e04	 x18=0x76e04000
     1414289000	     70612	800034a0	01089c33	sll	x24,x17,x16	 x17:0x0000001c x16:0xfffffffe x24=0x00000000
     1414309000	     70613	800034a4	ffffd117	auipc	x2,0xffffd	  x2=0x800004a4
     1414469000	     70621	800034a8	eda10113	addi	x2,x2,-294	  x2:0x800004a4  x2=0x8000037e
     1414529000	     70624	800034ac	00010067	jalr	x0,0(x2)	  x2:0x8000037e  x0=0x00000000
     1415229000	     70659	8000037e	90000a37	lui	x20,0x90000	 x20=0x90000000
     1415249000	     70660	80000382	1a61	c.addi	x20,-8	 x20:0x90000000 x20=0x8ffffff8
     1415649000	     70680	80000384	4301	c.li	x6,0	  x6=0x00000000
     1415669000	     70681	80000386	0322	c.slli	x6,0x8	  x6:0x00000000  x6=0x00000000
     1415689000	     70682	80000388	0305	c.addi	x6,1	  x6:0x00000000  x6=0x00000001
     1416129000	     70704	8000038a	006a2023	sw	x6,0(x20)	 x20:0x8ffffff8  x6:0x00000001 PA:0x8ffffff8 store:0x00000001 load:0xffffffff
     1416149000	     70705	8000038e	00000073	ecall	
     1432509000	     71523	80002500	0800006f	jal	x0,80002580	  x0=0x00000000
     1433069000	     71551	80002580	1771	c.addi	x14,-4	 x14:0x80025ce4 x14=0x80025ce0
     1433309000	     71563	80002582	c310	c.sw	x12,0(x14)	 x14:0x80025ce0 x12:0x80021e64 PA:0x80025ce0 store:0x80021e64 load:0xffffffff
     1433329000	     71564	80002584	00070633	add	x12,x14,x0	 x14:0x80025ce0  x0:0x00000000 x12=0x80025ce0
     1433349000	     71565	80002588	f8060613	addi	x12,x12,-128	 x12:0x80025ce0 x12=0x80025c60
     1433789000	     71587	8000258c	00162223	sw	x1,4(x12)	 x12:0x80025c60  x1:0x8000b75e PA:0x80025c64 store:0x8000b75e load:0xffffffff
     1434009000	     71598	80002590	00262423	sw	x2,8(x12)	 x12:0x80025c60  x2:0x8000037e PA:0x80025c68 store:0x8000037e load:0xffffffff
     1434129000	     71604	80002594	00362623	sw	x3,12(x12)	 x12:0x80025c60  x3:0x00000012 PA:0x80025c6c store:0x00000012 load:0xffffffff
     1434269000	     71611	80002598	00462823	sw	x4,16(x12)	 x12:0x80025c60  x4:0x00000001 PA:0x80025c70 store:0x00000001 load:0xffffffff
     1434349000	     71615	8000259c	00562a23	sw	x5,20(x12)	 x12:0x80025c60  x5:0x80003443 PA:0x80025c74 store:0x80003443 load:0xffffffff
     1434429000	     71619	800025a0	00662c23	sw	x6,24(x12)	 x12:0x80025c60  x6:0x00000001 PA:0x80025c78 store:0x00000001 load:0xffffffff
     1434449000	     71620	800025a4	00762e23	sw	x7,28(x12)	 x12:0x80025c60  x7:0x8885f610 PA:0x80025c7c store:0x8885f610 load:0xffffffff
     1434809000	     71638	800025a8	d200	c.sw	x8,32(x12)	 x12:0x80025c60  x8:0x00000012 PA:0x80025c80 store:0x00000012 load:0xffffffff
     1434869000	     71641	800025aa	d244	c.sw	x9,36(x12)	 x12:0x80025c60  x9:0x00000000 PA:0x80025c84 store:0x00000000 load:0xffffffff
     1434909000	     71643	800025ac	d608	c.sw	x10,40(x12)	 x12:0x80025c60 x10:0x00000326 PA:0x80025c88 store:0x00000326 load:0xffffffff
     1434929000	     71644	800025ae	d64c	c.sw	x11,44(x12)	 x12:0x80025c60 x11:0x00000000 PA:0x80025c8c store:0x00000000 load:0xffffffff
     1434969000	     71646	800025b0	da10	c.sw	x12,48(x12)	 x12:0x80025c60 x12:0x80025c60 PA:0x80025c90 store:0x80025c60 load:0xffffffff
     1434989000	     71647	800025b2	da54	c.sw	x13,52(x12)	 x12:0x80025c60 x13:0x58cd25ce PA:0x80025c94 store:0x58cd25ce load:0xffffffff
     1435089000	     71652	800025b4	de18	c.sw	x14,56(x12)	 x12:0x80025c60 x14:0x80025ce0 PA:0x80025c98 store:0x80025ce0 load:0xffffffff
     1435349000	     71665	800025b6	de5c	c.sw	x15,60(x12)	 x12:0x80025c60 x15:0x0000066e PA:0x80025c9c store:0x0000066e load:0xffffffff
     1435589000	     71677	800025b8	05062023	sw	x16,64(x12)	 x12:0x80025c60 x16:0xfffffffe PA:0x80025ca0 store:0xfffffffe load:0xffffffff
     1435969000	     71696	800025bc	05162223	sw	x17,68(x12)	 x12:0x80025c60 x17:0x0000001c PA:0x80025ca4 store:0x0000001c load:0xffffffff
     1436109000	     71703	800025c0	05262423	sw	x18,72(x12)	 x12:0x80025c60 x18:0x76e04000 PA:0x80025ca8 store:0x76e04000 load:0xffffffff
     1436369000	     71716	800025c4	05362623	sw	x19,76(x12)	 x12:0x80025c60 x19:0xffffffff PA:0x80025cac store:0xffffffff load:0xffffffff
     1436429000	     71719	800025c8	05462823	sw	x20,80(x12)	 x12:0x80025c60 x20:0x8ffffff8 PA:0x80025cb0 store:0x8ffffff8 load:0xffffffff
     1436849000	     71740	800025cc	05562a23	sw	x21,84(x12)	 x12:0x80025c60 x21:0x80021e64 PA:0x80025cb4 store:0x80021e64 load:0xffffffff
     1436909000	     71743	800025d0	05662c23	sw	x22,88(x12)	 x12:0x80025c60 x22:0xf80025ce PA:0x80025cb8 store:0xf80025ce load:0xffffffff
     1436969000	     71746	800025d4	05762e23	sw	x23,92(x12)	 x12:0x80025c60 x23:0x80021e58 PA:0x80025cbc store:0x80021e58 load:0xffffffff
     1437209000	     71758	800025d8	07862023	sw	x24,96(x12)	 x12:0x80025c60 x24:0x00000000 PA:0x80025cc0 store:0x00000000 load:0xffffffff
     1437269000	     71761	800025dc	07962223	sw	x25,100(x12)	 x12:0x80025c60 x25:0x00000000 PA:0x80025cc4 store:0x00000000 load:0xffffffff
     1437289000	     71762	800025e0	07a62423	sw	x26,104(x12)	 x12:0x80025c60 x26:0x40000000 PA:0x80025cc8 store:0x40000000 load:0xffffffff
     1437709000	     71783	800025e4	07b62623	sw	x27,108(x12)	 x12:0x80025c60 x27:0x00000000 PA:0x80025ccc store:0x00000000 load:0xffffffff
     1437769000	     71786	800025e8	07c62823	sw	x28,112(x12)	 x12:0x80025c60 x28:0x000002ee PA:0x80025cd0 store:0x000002ee load:0xffffffff
     1437789000	     71787	800025ec	07d62a23	sw	x29,116(x12)	 x12:0x80025c60 x29:0xffffff7f PA:0x80025cd4 store:0xffffff7f load:0xffffffff
     1437809000	     71788	800025f0	07e62c23	sw	x30,120(x12)	 x12:0x80025c60 x30:0x00000001 PA:0x80025cd8 store:0x00000001 load:0xffffffff
     1437829000	     71789	800025f4	07f62e23	sw	x31,124(x12)	 x12:0x80025c60 x31:0x00000000 PA:0x80025cdc store:0x00000000 load:0xffffffff
     1437889000	     71792	800025f8	00060733	add	x14,x12,x0	 x12:0x80025c60  x0:0x00000000 x14=0x80025c60
     1437909000	     71793	800025fc	90000a37	lui	x20,0x90000	 x20=0x90000000
     1437929000	     71794	80002600	1a71	c.addi	x20,-4	 x20:0x90000000 x20=0x8ffffffc
     1437949000	     71795	80002602	4321	c.li	x6,8	  x6=0x00000008
     1438349000	     71815	80002604	0322	c.slli	x6,0x8	  x6:0x00000008  x6=0x00000800
     1438409000	     71818	80002606	00030313	addi	x6,x6,0	  x6:0x00000800  x6=0x00000800
     1438469000	     71821	8000260a	006a2023	sw	x6,0(x20)	 x20:0x8ffffffc  x6:0x00000800 PA:0x8ffffffc store:0x00000800 load:0xffffffff
     1438729000	     71834	8000260e	34102373	csrrs	x6,mepc,x0	  x0:0x00000000  x6=0x8000038e
     1438749000	     71835	80002612	34202373	csrrs	x6,mcause,x0	  x0:0x00000000  x6=0x00000008
     1438769000	     71836	80002616	4a0d	c.li	x20,3	 x20=0x00000003
     1438849000	     71840	80002618	01431463	bne	x6,x20,80002620	  x6:0x00000008 x20:0x00000003
     1439449000	     71870	80002620	4a21	c.li	x20,8	 x20=0x00000008
     1439629000	     71879	80002622	05430d63	beq	x6,x20,8000267c	  x6:0x00000008 x20:0x00000008
     1440109000	     71903	8000267c	90000a37	lui	x20,0x90000	 x20=0x90000000
     1440169000	     71906	80002680	1a71	c.addi	x20,-4	 x20:0x90000000 x20=0x8ffffffc
     1440189000	     71907	80002682	6305	c.lui	x6,0x1	  x6=0x00001000
     1440209000	     71908	80002684	b0030313	addi	x6,x6,-1280	  x6:0x00001000  x6=0x00000b00
     1440369000	     71916	80002688	0322	c.slli	x6,0x8	  x6:0x00000b00  x6=0x000b0000
     1440389000	     71917	8000268a	030d	c.addi	x6,3	  x6:0x000b0000  x6=0x000b0003
     1440449000	     71920	8000268c	006a2023	sw	x6,0(x20)	 x20:0x8ffffffc  x6:0x000b0003 PA:0x8ffffffc store:0x000b0003 load:0xffffffff
     1440489000	     71922	80002690	b0002373	csrrs	x6,mcycle,x0	  x0:0x00000000  x6=0x000118ef
     1440809000	     71938	80002694	006a2023	sw	x6,0(x20)	 x20:0x8ffffffc  x6:0x000118ef PA:0x8ffffffc store:0x000118ef load:0xffffffff
     1440829000	     71939	80002698	90000a37	lui	x20,0x90000	 x20=0x90000000
     1440849000	     71940	8000269c	1a71	c.addi	x20,-4	 x20:0x90000000 x20=0x8ffffffc
     1440869000	     71941	8000269e	6305	c.lui	x6,0x1	  x6=0x00001000
     1440889000	     71942	800026a0	b8030313	addi	x6,x6,-1152	  x6:0x00001000  x6=0x00000b80
     1440909000	     71943	800026a4	0322	c.slli	x6,0x8	  x6:0x00000b80  x6=0x000b8000
     1440929000	     71944	800026a6	030d	c.addi	x6,3	  x6:0x000b8000  x6=0x000b8003
     1441269000	     71961	800026a8	006a2023	sw	x6,0(x20)	 x20:0x8ffffffc  x6:0x000b8003 PA:0x8ffffffc store:0x000b8003 load:0xffffffff
     1441289000	     71962	800026ac	b8002373	csrrs	x6,mcycleh,x0	  x0:0x00000000  x6=0x00000000
     1441549000	     71975	800026b0	006a2023	sw	x6,0(x20)	 x20:0x8ffffffc  x6:0x00000000 PA:0x8ffffffc store:0x00000000 load:0xffffffff
     1441569000	     71976	800026b4	90000a37	lui	x20,0x90000	 x20=0x90000000
     1441869000	     71991	800026b8	1a71	c.addi	x20,-4	 x20:0x90000000 x20=0x8ffffffc
     1441889000	     71992	800026ba	6305	c.lui	x6,0x1	  x6=0x00001000
     1442009000	     71998	800026bc	b0330313	addi	x6,x6,-1277	  x6:0x00001000  x6=0x00000b03
     1442409000	     72018	800026c0	0322	c.slli	x6,0x8	  x6:0x00000b03  x6=0x000b0300
     1442429000	     72019	800026c2	030d	c.addi	x6,3	  x6:0x000b0300  x6=0x000b0303
     1442949000	     72045	800026c4	006a2023	sw	x6,0(x20)	 x20:0x8ffffffc  x6:0x000b0303 PA:0x8ffffffc store:0x000b0303 load:0xffffffff
     1442969000	     72046	800026c8	b0302373	csrrs	x6,mhpmcounter3,x0	  x0:0x00000000  x6=0x000000ee
     1443189000	     72057	800026cc	006a2023	sw	x6,0(x20)	 x20:0x8ffffffc  x6:0x000000ee PA:0x8ffffffc store:0x000000ee load:0xffffffff
     1443209000	     72058	800026d0	90000a37	lui	x20,0x90000	 x20=0x90000000
     1443229000	     72059	800026d4	1a71	c.addi	x20,-4	 x20:0x90000000 x20=0x8ffffffc
     1443249000	     72060	800026d6	6305	c.lui	x6,0x1	  x6=0x00001000
     1443269000	     72061	800026d8	b8330313	addi	x6,x6,-1149	  x6:0x00001000  x6=0x00000b83
     1443349000	     72065	800026dc	0322	c.slli	x6,0x8	  x6:0x00000b83  x6=0x000b8300
     1443369000	     72066	800026de	030d	c.addi	x6,3	  x6:0x000b8300  x6=0x000b8303
     1443829000	     72089	800026e0	006a2023	sw	x6,0(x20)	 x20:0x8ffffffc  x6:0x000b8303 PA:0x8ffffffc store:0x000b8303 load:0xffffffff
     1443849000	     72090	800026e4	b8302373	csrrs	x6,mhpmcounter3h,x0	  x0:0x00000000  x6=0x00000000
     1443929000	     72094	800026e8	006a2023	sw	x6,0(x20)	 x20:0x8ffffffc  x6:0x00000000 PA:0x8ffffffc store:0x00000000 load:0xffffffff
     1443949000	     72095	800026ec	90000a37	lui	x20,0x90000	 x20=0x90000000
     1443969000	     72096	800026f0	1a71	c.addi	x20,-4	 x20:0x90000000 x20=0x8ffffffc
     1443989000	     72097	800026f2	6305	c.lui	x6,0x1	  x6=0x00001000
     1444089000	     72102	800026f4	b0430313	addi	x6,x6,-1276	  x6:0x00001000  x6=0x00000b04
     1444329000	     72114	800026f8	0322	c.slli	x6,0x8	  x6:0x00000b04  x6=0x000b0400
     1444349000	     72115	800026fa	030d	c.addi	x6,3	  x6:0x000b0400  x6=0x000b0403
     1444549000	     72125	800026fc	006a2023	sw	x6,0(x20)	 x20:0x8ffffffc  x6:0x000b0403 PA:0x8ffffffc store:0x000b0403 load:0xffffffff
     1444569000	     72126	80002700	b0402373	csrrs	x6,mhpmcounter4,x0	  x0:0x00000000  x6=0x0000892d
     1445149000	     72155	80002704	006a2023	sw	x6,0(x20)	 x20:0x8ffffffc  x6:0x0000892d PA:0x8ffffffc store:0x0000892d load:0xffffffff
     1445169000	     72156	80002708	90000a37	lui	x20,0x90000	 x20=0x90000000
     1445189000	     72157	8000270c	1a71	c.addi	x20,-4	 x20:0x90000000 x20=0x8ffffffc
     1445209000	     72158	8000270e	6305	c.lui	x6,0x1	  x6=0x00001000
     1445229000	     72159	80002710	b8430313	addi	x6,x6,-1148	  x6:0x00001000  x6=0x00000b84
     1445349000	     72165	80002714	0322	c.slli	x6,0x8	  x6:0x00000b84  x6=0x000b8400
     1445369000	     72166	80002716	030d	c.addi	x6,3	  x6:0x000b8400  x6=0x000b8403
     1445789000	     72187	80002718	006a2023	sw	x6,0(x20)	 x20:0x8ffffffc  x6:0x000b8403 PA:0x8ffffffc store:0x000b8403 load:0xffffffff
     1445809000	     72188	8000271c	b8402373	csrrs	x6,mhpmcounter4h,x0	  x0:0x00000000  x6=0x00000000
     1445869000	     72191	80002720	006a2023	sw	x6,0(x20)	 x20:0x8ffffffc  x6:0x00000000 PA:0x8ffffffc store:0x00000000 load:0xffffffff
     1445889000	     72192	80002724	90000a37	lui	x20,0x90000	 x20=0x90000000
     1445929000	     72194	80002728	1a71	c.addi	x20,-4	 x20:0x90000000 x20=0x8ffffffc
     1445949000	     72195	8000272a	6305	c.lui	x6,0x1	  x6=0x00001000
     1446009000	     72198	8000272c	b0530313	addi	x6,x6,-1275	  x6:0x00001000  x6=0x00000b05
     1446029000	     72199	80002730	0322	c.slli	x6,0x8	  x6:0x00000b05  x6=0x000b0500
     1446049000	     72200	80002732	030d	c.addi	x6,3	  x6:0x000b0500  x6=0x000b0503
     1446209000	     72208	80002734	006a2023	sw	x6,0(x20)	 x20:0x8ffffffc  x6:0x000b0503 PA:0x8ffffffc store:0x000b0503 load:0xffffffff
     1446229000	     72209	80002738	b0502373	csrrs	x6,mhpmcounter5,x0	  x0:0x00000000  x6=0x00000003
     1446289000	     72212	8000273c	006a2023	sw	x6,0(x20)	 x20:0x8ffffffc  x6:0x00000003 PA:0x8ffffffc store:0x00000003 load:0xffffffff
     1446509000	     72223	80002740	90000a37	lui	x20,0x90000	 x20=0x90000000
     1446529000	     72224	80002744	1a71	c.addi	x20,-4	 x20:0x90000000 x20=0x8ffffffc
     1446549000	     72225	80002746	6305	c.lui	x6,0x1	  x6=0x00001000
     1446569000	     72226	80002748	b8530313	addi	x6,x6,-1147	  x6:0x00001000  x6=0x00000b85
     1446969000	     72246	8000274c	0322	c.slli	x6,0x8	  x6:0x00000b85  x6=0x000b8500
     1446989000	     72247	8000274e	030d	c.addi	x6,3	  x6:0x000b8500  x6=0x000b8503
     1447249000	     72260	80002750	006a2023	sw	x6,0(x20)	 x20:0x8ffffffc  x6:0x000b8503 PA:0x8ffffffc store:0x000b8503 load:0xffffffff
     1447269000	     72261	80002754	b8502373	csrrs	x6,mhpmcounter5h,x0	  x0:0x00000000  x6=0x00000000
     1447429000	     72269	80002758	006a2023	sw	x6,0(x20)	 x20:0x8ffffffc  x6:0x00000000 PA:0x8ffffffc store:0x00000000 load:0xffffffff
     1447729000	     72284	8000275c	90000a37	lui	x20,0x90000	 x20=0x90000000
     1447749000	     72285	80002760	1a71	c.addi	x20,-4	 x20:0x90000000 x20=0x8ffffffc
     1447769000	     72286	80002762	6305	c.lui	x6,0x1	  x6=0x00001000
     1447789000	     72287	80002764	b0630313	addi	x6,x6,-1274	  x6:0x00001000  x6=0x00000b06
     1447809000	     72288	80002768	0322	c.slli	x6,0x8	  x6:0x00000b06  x6=0x000b0600
     1447829000	     72289	8000276a	030d	c.addi	x6,3	  x6:0x000b0600  x6=0x000b0603
     1447889000	     72292	8000276c	006a2023	sw	x6,0(x20)	 x20:0x8ffffffc  x6:0x000b0603 PA:0x8ffffffc store:0x000b0603 load:0xffffffff
     1448169000	     72306	80002770	b0602373	csrrs	x6,mhpmcounter6,x0	  x0:0x00000000  x6=0x0000003b
     1448669000	     72331	80002774	006a2023	sw	x6,0(x20)	 x20:0x8ffffffc  x6:0x0000003b PA:0x8ffffffc store:0x0000003b load:0xffffffff
     1448689000	     72332	80002778	90000a37	lui	x20,0x90000	 x20=0x90000000
     1448709000	     72333	8000277c	1a71	c.addi	x20,-4	 x20:0x90000000 x20=0x8ffffffc
     1448729000	     72334	8000277e	6305	c.lui	x6,0x1	  x6=0x00001000
     1448749000	     72335	80002780	b8630313	addi	x6,x6,-1146	  x6:0x00001000  x6=0x00000b86
     1448769000	     72336	80002784	0322	c.slli	x6,0x8	  x6:0x00000b86  x6=0x000b8600
     1448789000	     72337	80002786	030d	c.addi	x6,3	  x6:0x000b8600  x6=0x000b8603
     1448969000	     72346	80002788	006a2023	sw	x6,0(x20)	 x20:0x8ffffffc  x6:0x000b8603 PA:0x8ffffffc store:0x000b8603 load:0xffffffff
     1448989000	     72347	8000278c	b8602373	csrrs	x6,mhpmcounter6h,x0	  x0:0x00000000  x6=0x00000000
     1449049000	     72350	80002790	006a2023	sw	x6,0(x20)	 x20:0x8ffffffc  x6:0x00000000 PA:0x8ffffffc store:0x00000000 load:0xffffffff
     1449069000	     72351	80002794	90000a37	lui	x20,0x90000	 x20=0x90000000
     1449409000	     72368	80002798	1a71	c.addi	x20,-4	 x20:0x90000000 x20=0x8ffffffc
     1449429000	     72369	8000279a	6305	c.lui	x6,0x1	  x6=0x00001000
     1449829000	     72389	8000279c	b0730313	addi	x6,x6,-1273	  x6:0x00001000  x6=0x00000b07
     1450229000	     72409	800027a0	0322	c.slli	x6,0x8	  x6:0x00000b07  x6=0x000b0700
     1450249000	     72410	800027a2	030d	c.addi	x6,3	  x6:0x000b0700  x6=0x000b0703
     1450969000	     72446	800027a4	006a2023	sw	x6,0(x20)	 x20:0x8ffffffc  x6:0x000b0703 PA:0x8ffffffc store:0x000b0703 load:0xffffffff
     1450989000	     72447	800027a8	b0702373	csrrs	x6,mhpmcounter7,x0	  x0:0x00000000  x6=0x00000078
     1451049000	     72450	800027ac	006a2023	sw	x6,0(x20)	 x20:0x8ffffffc  x6:0x00000078 PA:0x8ffffffc store:0x00000078 load:0xffffffff
     1451129000	     72454	800027b0	90000a37	lui	x20,0x90000	 x20=0x90000000
     1451189000	     72457	800027b4	1a71	c.addi	x20,-4	 x20:0x90000000 x20=0x8ffffffc
     1451209000	     72458	800027b6	6305	c.lui	x6,0x1	  x6=0x00001000
     1451329000	     72464	800027b8	b8730313	addi	x6,x6,-1145	  x6:0x00001000  x6=0x00000b87
     1451349000	     72465	800027bc	0322	c.slli	x6,0x8	  x6:0x00000b87  x6=0x000b8700
     1451369000	     72466	800027be	030d	c.addi	x6,3	  x6:0x000b8700  x6=0x000b8703
     1451669000	     72481	800027c0	006a2023	sw	x6,0(x20)	 x20:0x8ffffffc  x6:0x000b8703 PA:0x8ffffffc store:0x000b8703 load:0xffffffff
     1451689000	     72482	800027c4	b8702373	csrrs	x6,mhpmcounter7h,x0	  x0:0x00000000  x6=0x00000000
     1452169000	     72506	800027c8	006a2023	sw	x6,0(x20)	 x20:0x8ffffffc  x6:0x00000000 PA:0x8ffffffc store:0x00000000 load:0xffffffff
     1452189000	     72507	800027cc	90000a37	lui	x20,0x90000	 x20=0x90000000
     1452209000	     72508	800027d0	1a71	c.addi	x20,-4	 x20:0x90000000 x20=0x8ffffffc
     1452229000	     72509	800027d2	6305	c.lui	x6,0x1	  x6=0x00001000
     1452249000	     72510	800027d4	b0830313	addi	x6,x6,-1272	  x6:0x00001000  x6=0x00000b08
     1452269000	     72511	800027d8	0322	c.slli	x6,0x8	  x6:0x00000b08  x6=0x000b0800
     1452289000	     72512	800027da	030d	c.addi	x6,3	  x6:0x000b0800  x6=0x000b0803
     1452349000	     72515	800027dc	006a2023	sw	x6,0(x20)	 x20:0x8ffffffc  x6:0x000b0803 PA:0x8ffffffc store:0x000b0803 load:0xffffffff
     1452369000	     72516	800027e0	b0802373	csrrs	x6,mhpmcounter8,x0	  x0:0x00000000  x6=0x000003c2
     1452549000	     72525	800027e4	006a2023	sw	x6,0(x20)	 x20:0x8ffffffc  x6:0x000003c2 PA:0x8ffffffc store:0x000003c2 load:0xffffffff
     1452569000	     72526	800027e8	90000a37	lui	x20,0x90000	 x20=0x90000000
     1452589000	     72527	800027ec	1a71	c.addi	x20,-4	 x20:0x90000000 x20=0x8ffffffc
     1452609000	     72528	800027ee	6305	c.lui	x6,0x1	  x6=0x00001000
     1452629000	     72529	800027f0	b8830313	addi	x6,x6,-1144	  x6:0x00001000  x6=0x00000b88
     1452649000	     72530	800027f4	0322	c.slli	x6,0x8	  x6:0x00000b88  x6=0x000b8800
     1452669000	     72531	800027f6	030d	c.addi	x6,3	  x6:0x000b8800  x6=0x000b8803
     1452729000	     72534	800027f8	006a2023	sw	x6,0(x20)	 x20:0x8ffffffc  x6:0x000b8803 PA:0x8ffffffc store:0x000b8803 load:0xffffffff
     1467489000	     73272	800027fc	b8802373	csrrs	x6,mhpmcounter8h,x0	  x0:0x00000000  x6=0x00000000
     1467549000	     73275	80002800	006a2023	sw	x6,0(x20)	 x20:0x8ffffffc  x6:0x00000000 PA:0x8ffffffc store:0x00000000 load:0xffffffff
     1467569000	     73276	80002804	90000a37	lui	x20,0x90000	 x20=0x90000000
     1467589000	     73277	80002808	1a71	c.addi	x20,-4	 x20:0x90000000 x20=0x8ffffffc
     1467609000	     73278	8000280a	6305	c.lui	x6,0x1	  x6=0x00001000
     1467629000	     73279	8000280c	b0930313	addi	x6,x6,-1271	  x6:0x00001000  x6=0x00000b09
     1467769000	     73286	80002810	0322	c.slli	x6,0x8	  x6:0x00000b09  x6=0x000b0900
     1467789000	     73287	80002812	030d	c.addi	x6,3	  x6:0x000b0900  x6=0x000b0903
     1467949000	     73295	80002814	006a2023	sw	x6,0(x20)	 x20:0x8ffffffc  x6:0x000b0903 PA:0x8ffffffc store:0x000b0903 load:0xffffffff
     1467969000	     73296	80002818	b0902373	csrrs	x6,mhpmcounter9,x0	  x0:0x00000000  x6=0x000001bb
     1468069000	     73301	8000281c	006a2023	sw	x6,0(x20)	 x20:0x8ffffffc  x6:0x000001bb PA:0x8ffffffc store:0x000001bb load:0xffffffff
     1468089000	     73302	80002820	90000a37	lui	x20,0x90000	 x20=0x90000000
     1468229000	     73309	80002824	1a71	c.addi	x20,-4	 x20:0x90000000 x20=0x8ffffffc
     1468249000	     73310	80002826	6305	c.lui	x6,0x1	  x6=0x00001000
     1468649000	     73330	80002828	b8930313	addi	x6,x6,-1143	  x6:0x00001000  x6=0x00000b89
     1469069000	     73351	8000282c	0322	c.slli	x6,0x8	  x6:0x00000b89  x6=0x000b8900
     1469089000	     73352	8000282e	030d	c.addi	x6,3	  x6:0x000b8900  x6=0x000b8903
     1469149000	     73355	80002830	006a2023	sw	x6,0(x20)	 x20:0x8ffffffc  x6:0x000b8903 PA:0x8ffffffc store:0x000b8903 load:0xffffffff
     1469169000	     73356	80002834	b8902373	csrrs	x6,mhpmcounter9h,x0	  x0:0x00000000  x6=0x00000000
     1469289000	     73362	80002838	006a2023	sw	x6,0(x20)	 x20:0x8ffffffc  x6:0x00000000 PA:0x8ffffffc store:0x00000000 load:0xffffffff
     1469309000	     73363	8000283c	90000a37	lui	x20,0x90000	 x20=0x90000000
     1469329000	     73364	80002840	1a71	c.addi	x20,-4	 x20:0x90000000 x20=0x8ffffffc
     1469349000	     73365	80002842	6305	c.lui	x6,0x1	  x6=0x00001000
     1469369000	     73366	80002844	b0a30313	addi	x6,x6,-1270	  x6:0x00001000  x6=0x00000b0a
     1469409000	     73368	80002848	0322	c.slli	x6,0x8	  x6:0x00000b0a  x6=0x000b0a00
     1469429000	     73369	8000284a	030d	c.addi	x6,3	  x6:0x000b0a00  x6=0x000b0a03
     1469509000	     73373	8000284c	006a2023	sw	x6,0(x20)	 x20:0x8ffffffc  x6:0x000b0a03 PA:0x8ffffffc store:0x000b0a03 load:0xffffffff
     1469529000	     73374	80002850	b0a02373	csrrs	x6,mhpmcounter10,x0	  x0:0x00000000  x6=0x00000859
     1469549000	     73375	80002854	006a2023	sw	x6,0(x20)	 x20:0x8ffffffc  x6:0x00000859 PA:0x8ffffffc store:0x00000859 load:0xffffffff
     1469589000	     73377	80002858	90000a37	lui	x20,0x90000	 x20=0x90000000
     1469609000	     73378	8000285c	1a71	c.addi	x20,-4	 x20:0x90000000 x20=0x8ffffffc
     1469629000	     73379	8000285e	6305	c.lui	x6,0x1	  x6=0x00001000
     1469969000	     73396	80002860	b8a30313	addi	x6,x6,-1142	  x6:0x00001000  x6=0x00000b8a
     1469989000	     73397	80002864	0322	c.slli	x6,0x8	  x6:0x00000b8a  x6=0x000b8a00
     1470009000	     73398	80002866	030d	c.addi	x6,3	  x6:0x000b8a00  x6=0x000b8a03
     1470169000	     73406	80002868	006a2023	sw	x6,0(x20)	 x20:0x8ffffffc  x6:0x000b8a03 PA:0x8ffffffc store:0x000b8a03 load:0xffffffff
     1470189000	     73407	8000286c	b8a02373	csrrs	x6,mhpmcounter10h,x0	  x0:0x00000000  x6=0x00000000
     1470249000	     73410	80002870	006a2023	sw	x6,0(x20)	 x20:0x8ffffffc  x6:0x00000000 PA:0x8ffffffc store:0x00000000 load:0xffffffff
     1470269000	     73411	80002874	90000a37	lui	x20,0x90000	 x20=0x90000000
     1470289000	     73412	80002878	1a71	c.addi	x20,-4	 x20:0x90000000 x20=0x8ffffffc
     1470309000	     73413	8000287a	6305	c.lui	x6,0x1	  x6=0x00001000
     1470329000	     73414	8000287c	b0b30313	addi	x6,x6,-1269	  x6:0x00001000  x6=0x00000b0b
     1470349000	     73415	80002880	0322	c.slli	x6,0x8	  x6:0x00000b0b  x6=0x000b0b00
     1470369000	     73416	80002882	030d	c.addi	x6,3	  x6:0x000b0b00  x6=0x000b0b03
     1470429000	     73419	80002884	006a2023	sw	x6,0(x20)	 x20:0x8ffffffc  x6:0x000b0b03 PA:0x8ffffffc store:0x000b0b03 load:0xffffffff
     1470449000	     73420	80002888	b0b02373	csrrs	x6,mhpmcounter11,x0	  x0:0x00000000  x6=0x00000164
     1470549000	     73425	8000288c	006a2023	sw	x6,0(x20)	 x20:0x8ffffffc  x6:0x00000164 PA:0x8ffffffc store:0x00000164 load:0xffffffff
     1470569000	     73426	80002890	90000a37	lui	x20,0x90000	 x20=0x90000000
     1470589000	     73427	80002894	1a71	c.addi	x20,-4	 x20:0x90000000 x20=0x8ffffffc
     1470609000	     73428	80002896	6305	c.lui	x6,0x1	  x6=0x00001000
     1470629000	     73429	80002898	b8b30313	addi	x6,x6,-1141	  x6:0x00001000  x6=0x00000b8b
     1470649000	     73430	8000289c	0322	c.slli	x6,0x8	  x6:0x00000b8b  x6=0x000b8b00
     1470669000	     73431	8000289e	030d	c.addi	x6,3	  x6:0x000b8b00  x6=0x000b8b03
     1471089000	     73452	800028a0	006a2023	sw	x6,0(x20)	 x20:0x8ffffffc  x6:0x000b8b03 PA:0x8ffffffc store:0x000b8b03 load:0xffffffff
     1471109000	     73453	800028a4	b8b02373	csrrs	x6,mhpmcounter11h,x0	  x0:0x00000000  x6=0x00000000
     1471369000	     73466	800028a8	006a2023	sw	x6,0(x20)	 x20:0x8ffffffc  x6:0x00000000 PA:0x8ffffffc store:0x00000000 load:0xffffffff
     1471389000	     73467	800028ac	90000a37	lui	x20,0x90000	 x20=0x90000000
     1471409000	     73468	800028b0	1a71	c.addi	x20,-4	 x20:0x90000000 x20=0x8ffffffc
     1471429000	     73469	800028b2	6305	c.lui	x6,0x1	  x6=0x00001000
     1471449000	     73470	800028b4	b0c30313	addi	x6,x6,-1268	  x6:0x00001000  x6=0x00000b0c
     1471469000	     73471	800028b8	0322	c.slli	x6,0x8	  x6:0x00000b0c  x6=0x000b0c00
     1471489000	     73472	800028ba	030d	c.addi	x6,3	  x6:0x000b0c00  x6=0x000b0c03
     1471729000	     73484	800028bc	006a2023	sw	x6,0(x20)	 x20:0x8ffffffc  x6:0x000b0c03 PA:0x8ffffffc store:0x000b0c03 load:0xffffffff
     1471749000	     73485	800028c0	b0c02373	csrrs	x6,mhpmcounter12,x0	  x0:0x00000000  x6=0x00002d27
     1471769000	     73486	800028c4	006a2023	sw	x6,0(x20)	 x20:0x8ffffffc  x6:0x00002d27 PA:0x8ffffffc store:0x00002d27 load:0xffffffff
     1471789000	     73487	800028c8	90000a37	lui	x20,0x90000	 x20=0x90000000
     1471809000	     73488	800028cc	1a71	c.addi	x20,-4	 x20:0x90000000 x20=0x8ffffffc
     1471829000	     73489	800028ce	6305	c.lui	x6,0x1	  x6=0x00001000
     1471849000	     73490	800028d0	b8c30313	addi	x6,x6,-1140	  x6:0x00001000  x6=0x00000b8c
     1472149000	     73505	800028d4	0322	c.slli	x6,0x8	  x6:0x00000b8c  x6=0x000b8c00
     1472169000	     73506	800028d6	030d	c.addi	x6,3	  x6:0x000b8c00  x6=0x000b8c03
     1472449000	     73520	800028d8	006a2023	sw	x6,0(x20)	 x20:0x8ffffffc  x6:0x000b8c03 PA:0x8ffffffc store:0x000b8c03 load:0xffffffff
     1472469000	     73521	800028dc	b8c02373	csrrs	x6,mhpmcounter12h,x0	  x0:0x00000000  x6=0x00000000
     1473049000	     73550	800028e0	006a2023	sw	x6,0(x20)	 x20:0x8ffffffc  x6:0x00000000 PA:0x8ffffffc store:0x00000000 load:0xffffffff
     1473069000	     73551	800028e4	ffffd317	auipc	x6,0xffffd	  x6=0x7ffff8e4
     1473089000	     73552	800028e8	79c30313	addi	x6,x6,1948	  x6:0x7ffff8e4  x6=0x80000080
     1473149000	     73555	800028ec	00032023	sw	x0,0(x6)	  x6:0x80000080  x0:0x00000000 PA:0x80000080 store:0x00000000 load:0xffffffff
     1473209000	     73558	800028f0	00132223	sw	x1,4(x6)	  x6:0x80000080  x1:0x8000b75e PA:0x80000084 store:0x8000b75e load:0xffffffff
     1473729000	     73584	800028f4	00232423	sw	x2,8(x6)	  x6:0x80000080  x2:0x8000037e PA:0x80000088 store:0x8000037e load:0xffffffff
     1473929000	     73594	800028f8	00332623	sw	x3,12(x6)	  x6:0x80000080  x3:0x00000012 PA:0x8000008c store:0x00000012 load:0xffffffff
     1473989000	     73597	800028fc	00432823	sw	x4,16(x6)	  x6:0x80000080  x4:0x00000001 PA:0x80000090 store:0x00000001 load:0xffffffff
     1474169000	     73606	80002900	00532a23	sw	x5,20(x6)	  x6:0x80000080  x5:0x80003443 PA:0x80000094 store:0x80003443 load:0xffffffff
     1474229000	     73609	80002904	00632c23	sw	x6,24(x6)	  x6:0x80000080  x6:0x80000080 PA:0x80000098 store:0x80000080 load:0xffffffff
     1474609000	     73628	80002908	00732e23	sw	x7,28(x6)	  x6:0x80000080  x7:0x8885f610 PA:0x8000009c store:0x8885f610 load:0xffffffff
     1474669000	     73631	8000290c	02832023	sw	x8,32(x6)	  x6:0x80000080  x8:0x00000012 PA:0x800000a0 store:0x00000012 load:0xffffffff
     1475089000	     73652	80002910	02932223	sw	x9,36(x6)	  x6:0x80000080  x9:0x00000000 PA:0x800000a4 store:0x00000000 load:0xffffffff
     1475349000	     73665	80002914	02a32423	sw	x10,40(x6)	  x6:0x80000080 x10:0x00000326 PA:0x800000a8 store:0x00000326 load:0xffffffff
     1475509000	     73673	80002918	02b32623	sw	x11,44(x6)	  x6:0x80000080 x11:0x00000000 PA:0x800000ac store:0x00000000 load:0xffffffff
     1475569000	     73676	8000291c	02c32823	sw	x12,48(x6)	  x6:0x80000080 x12:0x80025c60 PA:0x800000b0 store:0x80025c60 load:0xffffffff
     1475589000	     73677	80002920	02d32a23	sw	x13,52(x6)	  x6:0x80000080 x13:0x58cd25ce PA:0x800000b4 store:0x58cd25ce load:0xffffffff
     1475609000	     73678	80002924	02e32c23	sw	x14,56(x6)	  x6:0x80000080 x14:0x80025c60 PA:0x800000b8 store:0x80025c60 load:0xffffffff
     1475709000	     73683	80002928	02f32e23	sw	x15,60(x6)	  x6:0x80000080 x15:0x0000066e PA:0x800000bc store:0x0000066e load:0xffffffff
     1475769000	     73686	8000292c	05032023	sw	x16,64(x6)	  x6:0x80000080 x16:0xfffffffe PA:0x800000c0 store:0xfffffffe load:0xffffffff
     1475909000	     73693	80002930	05132223	sw	x17,68(x6)	  x6:0x80000080 x17:0x0000001c PA:0x800000c4 store:0x0000001c load:0xffffffff
     1476069000	     73701	80002934	05232423	sw	x18,72(x6)	  x6:0x80000080 x18:0x76e04000 PA:0x800000c8 store:0x76e04000 load:0xffffffff
     1476389000	     73717	80002938	05332623	sw	x19,76(x6)	  x6:0x80000080 x19:0xffffffff PA:0x800000cc store:0xffffffff load:0xffffffff
     1476449000	     73720	8000293c	05432823	sw	x20,80(x6)	  x6:0x80000080 x20:0x8ffffffc PA:0x800000d0 store:0x8ffffffc load:0xffffffff
     1476709000	     73733	80002940	05532a23	sw	x21,84(x6)	  x6:0x80000080 x21:0x80021e64 PA:0x800000d4 store:0x80021e64 load:0xffffffff
     1476769000	     73736	80002944	05632c23	sw	x22,88(x6)	  x6:0x80000080 x22:0xf80025ce PA:0x800000d8 store:0xf80025ce load:0xffffffff
     1476889000	     73742	80002948	05732e23	sw	x23,92(x6)	  x6:0x80000080 x23:0x80021e58 PA:0x800000dc store:0x80021e58 load:0xffffffff
     1476969000	     73746	8000294c	07832023	sw	x24,96(x6)	  x6:0x80000080 x24:0x00000000 PA:0x800000e0 store:0x00000000 load:0xffffffff
     1477009000	     73748	80002950	07932223	sw	x25,100(x6)	  x6:0x80000080 x25:0x00000000 PA:0x800000e4 store:0x00000000 load:0xffffffff
