core   0: 0x80000080 (0x40001637) lui     a2, 0x40001
core   0: 3 0x80000080 (0x40001637) x12 0x40001000
core   0: 0x80000084 (0x10660613) addi    a2, a2, 262
core   0: 3 0x80000084 (0x10660613) x12 0x40001106
core   0: 0x80000088 (0x30161073) csrw    misa, a2
core   0: 3 0x80000088 (0x30161073) c769_misa 0x40901104
core   0: 0x8000008c (0x00036c97) auipc   s9, 0x36
core   0: 3 0x8000008c (0x00036c97) x25 0x8003608c
core   0: 0x80000090 (0xc58c8c93) addi    s9, s9, -936
core   0: 3 0x80000090 (0xc58c8c93) x25 0x80035ce4
core   0: 0x80000094 (0x00002617) auipc   a2, 0x2
core   0: 3 0x80000094 (0x00002617) x12 0x80002094
core   0: 0x80000098 (0x66c60613) addi    a2, a2, 1644
core   0: 3 0x80000098 (0x66c60613) x12 0x80002700
core   0: 0x8000009c (0x00166613) ori     a2, a2, 1
core   0: 3 0x8000009c (0x00166613) x12 0x80002701
core   0: 0x800000a0 (0x30561073) csrw    mtvec, a2
core   0: 3 0x800000a0 (0x30561073) c773_mtvec 0x80002701
core   0: 0x800000a4 (0x74725073) csrwi   mseccfg, 4
core   0: 3 0x800000a4 (0x74725073) c1863_mseccfg 0x00000004
core   0: 0x800000a8 (0x00003417) auipc   s0, 0x3
core   0: 3 0x800000a8 (0x00003417) x8  0x800030a8
core   0: 0x800000ac (0x3cc40413) addi    s0, s0, 972
core   0: 3 0x800000ac (0x3cc40413) x8  0x80003474
core   0: 0x800000b0 (0x00004601) c.li    a2, 0
core   0: 3 0x800000b0 (0x4601) x12 0x00000000
core   0: 0x800000b2 (0x00009432) c.add   s0, a2
core   0: 3 0x800000b2 (0x9432) x8  0x80003474
core   0: 0x800000b4 (0x00008009) c.srli  s0, 2
core   0: 3 0x800000b4 (0x8009) x8  0x20000d1d
core   0: 0x800000b6 (0x3b041073) csrw    pmpaddr0, s0
core   0: 3 0x800000b6 (0x3b041073) c944_pmpaddr0 0x20000d1d
core   0: 0x800000ba (0x00003417) auipc   s0, 0x3
core   0: 3 0x800000ba (0x00003417) x8  0x800030ba
core   0: 0x800000be (0x3ba40413) addi    s0, s0, 954
core   0: 3 0x800000be (0x3ba40413) x8  0x80003474
core   0: 0x800000c2 (0x11111637) lui     a2, 0x11111
core   0: 3 0x800000c2 (0x11111637) x12 0x11111000
core   0: 0x800000c6 (0x11160613) addi    a2, a2, 273
core   0: 3 0x800000c6 (0x11160613) x12 0x11111111
core   0: 0x800000ca (0x00009432) c.add   s0, a2
core   0: 3 0x800000ca (0x9432) x8  0x91114585
core   0: 0x800000cc (0x00008009) c.srli  s0, 2
core   0: 3 0x800000cc (0x8009) x8  0x24445161
core   0: 0x800000ce (0x3b141073) csrw    pmpaddr1, s0
core   0: 3 0x800000ce (0x3b141073) c945_pmpaddr1 0x24445161
core   0: 0x800000d2 (0x00003417) auipc   s0, 0x3
core   0: 3 0x800000d2 (0x00003417) x8  0x800030d2
core   0: 0x800000d6 (0x3a240413) addi    s0, s0, 930
core   0: 3 0x800000d6 (0x3a240413) x8  0x80003474
core   0: 0x800000da (0x22222637) lui     a2, 0x22222
core   0: 3 0x800000da (0x22222637) x12 0x22222000
core   0: 0x800000de (0x22260613) addi    a2, a2, 546
core   0: 3 0x800000de (0x22260613) x12 0x22222222
core   0: 0x800000e2 (0x00009432) c.add   s0, a2
core   0: 3 0x800000e2 (0x9432) x8  0xa2225696
core   0: 0x800000e4 (0x00008009) c.srli  s0, 2
core   0: 3 0x800000e4 (0x8009) x8  0x288895a5
core   0: 0x800000e6 (0x3b241073) csrw    pmpaddr2, s0
core   0: 3 0x800000e6 (0x3b241073) c946_pmpaddr2 0x288895a5
core   0: 0x800000ea (0x00003417) auipc   s0, 0x3
core   0: 3 0x800000ea (0x00003417) x8  0x800030ea
core   0: 0x800000ee (0x38a40413) addi    s0, s0, 906
core   0: 3 0x800000ee (0x38a40413) x8  0x80003474
core   0: 0x800000f2 (0x33333637) lui     a2, 0x33333
core   0: 3 0x800000f2 (0x33333637) x12 0x33333000
core   0: 0x800000f6 (0x33360613) addi    a2, a2, 819
core   0: 3 0x800000f6 (0x33360613) x12 0x33333333
core   0: 0x800000fa (0x00009432) c.add   s0, a2
core   0: 3 0x800000fa (0x9432) x8  0xb33367a7
core   0: 0x800000fc (0x00008009) c.srli  s0, 2
core   0: 3 0x800000fc (0x8009) x8  0x2cccd9e9
core   0: 0x800000fe (0x3b341073) csrw    pmpaddr3, s0
core   0: 3 0x800000fe (0x3b341073) c947_pmpaddr3 0x2cccd9e9
core   0: 0x80000102 (0x0f0f1437) lui     s0, 0xf0f1
core   0: 3 0x80000102 (0x0f0f1437) x8  0x0f0f1000
core   0: 0x80000106 (0xf0f40413) addi    s0, s0, -241
core   0: 3 0x80000106 (0xf0f40413) x8  0x0f0f0f0f
core   0: 0x8000010a (0x3a041073) csrw    pmpcfg0, s0
core   0: 3 0x8000010a (0x3a041073) c928_pmpcfg0 0x0f0f0f0f
core   0: 0x8000010e (0x00003417) auipc   s0, 0x3
core   0: 3 0x8000010e (0x00003417) x8  0x8000310e
core   0: 0x80000112 (0x36640413) addi    s0, s0, 870
core   0: 3 0x80000112 (0x36640413) x8  0x80003474
core   0: 0x80000116 (0x44444637) lui     a2, 0x44444
core   0: 3 0x80000116 (0x44444637) x12 0x44444000
core   0: 0x8000011a (0x44460613) addi    a2, a2, 1092
core   0: 3 0x8000011a (0x44460613) x12 0x44444444
core   0: 0x8000011e (0x00009432) c.add   s0, a2
core   0: 3 0x8000011e (0x9432) x8  0xc44478b8
core   0: 0x80000120 (0x00008009) c.srli  s0, 2
core   0: 3 0x80000120 (0x8009) x8  0x31111e2e
core   0: 0x80000122 (0x3b441073) csrw    pmpaddr4, s0
core   0: 3 0x80000122 (0x3b441073) c948_pmpaddr4 0x31111e2e
core   0: 0x80000126 (0x00003417) auipc   s0, 0x3
core   0: 3 0x80000126 (0x00003417) x8  0x80003126
core   0: 0x8000012a (0x34e40413) addi    s0, s0, 846
core   0: 3 0x8000012a (0x34e40413) x8  0x80003474
core   0: 0x8000012e (0x55555637) lui     a2, 0x55555
core   0: 3 0x8000012e (0x55555637) x12 0x55555000
core   0: 0x80000132 (0x55560613) addi    a2, a2, 1365
core   0: 3 0x80000132 (0x55560613) x12 0x55555555
core   0: 0x80000136 (0x00009432) c.add   s0, a2
core   0: 3 0x80000136 (0x9432) x8  0xd55589c9
core   0: 0x80000138 (0x00008009) c.srli  s0, 2
core   0: 3 0x80000138 (0x8009) x8  0x35556272
core   0: 0x8000013a (0x3b541073) csrw    pmpaddr5, s0
core   0: 3 0x8000013a (0x3b541073) c949_pmpaddr5 0x35556272
core   0: 0x8000013e (0x00003417) auipc   s0, 0x3
core   0: 3 0x8000013e (0x00003417) x8  0x8000313e
core   0: 0x80000142 (0x33640413) addi    s0, s0, 822
core   0: 3 0x80000142 (0x33640413) x8  0x80003474
core   0: 0x80000146 (0x66666637) lui     a2, 0x66666
core   0: 3 0x80000146 (0x66666637) x12 0x66666000
core   0: 0x8000014a (0x66660613) addi    a2, a2, 1638
core   0: 3 0x8000014a (0x66660613) x12 0x66666666
core   0: 0x8000014e (0x00009432) c.add   s0, a2
core   0: 3 0x8000014e (0x9432) x8  0xe6669ada
core   0: 0x80000150 (0x00008009) c.srli  s0, 2
core   0: 3 0x80000150 (0x8009) x8  0x3999a6b6
core   0: 0x80000152 (0x3b641073) csrw    pmpaddr6, s0
core   0: 3 0x80000152 (0x3b641073) c950_pmpaddr6 0x3999a6b6
core   0: 0x80000156 (0x00003417) auipc   s0, 0x3
core   0: 3 0x80000156 (0x00003417) x8  0x80003156
core   0: 0x8000015a (0x31e40413) addi    s0, s0, 798
core   0: 3 0x8000015a (0x31e40413) x8  0x80003474
core   0: 0x8000015e (0x77777637) lui     a2, 0x77777
core   0: 3 0x8000015e (0x77777637) x12 0x77777000
core   0: 0x80000162 (0x77760613) addi    a2, a2, 1911
core   0: 3 0x80000162 (0x77760613) x12 0x77777777
core   0: 0x80000166 (0x00009432) c.add   s0, a2
core   0: 3 0x80000166 (0x9432) x8  0xf777abeb
core   0: 0x80000168 (0x00008009) c.srli  s0, 2
core   0: 3 0x80000168 (0x8009) x8  0x3dddeafa
core   0: 0x8000016a (0x3b741073) csrw    pmpaddr7, s0
core   0: 3 0x8000016a (0x3b741073) c951_pmpaddr7 0x3dddeafa
core   0: 0x8000016e (0x0f0f1437) lui     s0, 0xf0f1
core   0: 3 0x8000016e (0x0f0f1437) x8  0x0f0f1000
core   0: 0x80000172 (0xf0f40413) addi    s0, s0, -241
core   0: 3 0x80000172 (0xf0f40413) x8  0x0f0f0f0f
core   0: 0x80000176 (0x3a141073) csrw    pmpcfg1, s0
core   0: 3 0x80000176 (0x3a141073) c929_pmpcfg1 0x0f0f0f0f
core   0: 0x8000017a (0x00003417) auipc   s0, 0x3
core   0: 3 0x8000017a (0x00003417) x8  0x8000317a
core   0: 0x8000017e (0x2fa40413) addi    s0, s0, 762
core   0: 3 0x8000017e (0x2fa40413) x8  0x80003474
core   0: 0x80000182 (0x88889637) lui     a2, 0x88889
core   0: 3 0x80000182 (0x88889637) x12 0x88889000
core   0: 0x80000186 (0x88860613) addi    a2, a2, -1912
core   0: 3 0x80000186 (0x88860613) x12 0x88888888
core   0: 0x8000018a (0x00009432) c.add   s0, a2
core   0: 3 0x8000018a (0x9432) x8  0x0888bcfc
core   0: 0x8000018c (0x00008009) c.srli  s0, 2
core   0: 3 0x8000018c (0x8009) x8  0x02222f3f
core   0: 0x8000018e (0x3b841073) csrw    pmpaddr8, s0
core   0: 3 0x8000018e (0x3b841073) c952_pmpaddr8 0x02222f3f
core   0: 0x80000192 (0x00003417) auipc   s0, 0x3
core   0: 3 0x80000192 (0x00003417) x8  0x80003192
core   0: 0x80000196 (0x2e240413) addi    s0, s0, 738
core   0: 3 0x80000196 (0x2e240413) x8  0x80003474
core   0: 0x8000019a (0x9999a637) lui     a2, 0x9999a
core   0: 3 0x8000019a (0x9999a637) x12 0x9999a000
core   0: 0x8000019e (0x99960613) addi    a2, a2, -1639
core   0: 3 0x8000019e (0x99960613) x12 0x99999999
core   0: 0x800001a2 (0x00009432) c.add   s0, a2
core   0: 3 0x800001a2 (0x9432) x8  0x1999ce0d
core   0: 0x800001a4 (0x00008009) c.srli  s0, 2
core   0: 3 0x800001a4 (0x8009) x8  0x06667383
core   0: 0x800001a6 (0x3b941073) csrw    pmpaddr9, s0
core   0: 3 0x800001a6 (0x3b941073) c953_pmpaddr9 0x06667383
core   0: 0x800001aa (0x00003417) auipc   s0, 0x3
core   0: 3 0x800001aa (0x00003417) x8  0x800031aa
core   0: 0x800001ae (0x2ca40413) addi    s0, s0, 714
core   0: 3 0x800001ae (0x2ca40413) x8  0x80003474
core   0: 0x800001b2 (0xaaaab637) lui     a2, 0xaaaab
core   0: 3 0x800001b2 (0xaaaab637) x12 0xaaaab000
core   0: 0x800001b6 (0xaaa60613) addi    a2, a2, -1366
core   0: 3 0x800001b6 (0xaaa60613) x12 0xaaaaaaaa
core   0: 0x800001ba (0x00009432) c.add   s0, a2
core   0: 3 0x800001ba (0x9432) x8  0x2aaadf1e
core   0: 0x800001bc (0x00008009) c.srli  s0, 2
core   0: 3 0x800001bc (0x8009) x8  0x0aaab7c7
core   0: 0x800001be (0x3ba41073) csrw    pmpaddr10, s0
core   0: 3 0x800001be (0x3ba41073) c954_pmpaddr10 0x0aaab7c7
core   0: 0x800001c2 (0x00003417) auipc   s0, 0x3
core   0: 3 0x800001c2 (0x00003417) x8  0x800031c2
core   0: 0x800001c6 (0x2b240413) addi    s0, s0, 690
core   0: 3 0x800001c6 (0x2b240413) x8  0x80003474
core   0: 0x800001ca (0xbbbbc637) lui     a2, 0xbbbbc
core   0: 3 0x800001ca (0xbbbbc637) x12 0xbbbbc000
core   0: 0x800001ce (0xbbb60613) addi    a2, a2, -1093
core   0: 3 0x800001ce (0xbbb60613) x12 0xbbbbbbbb
core   0: 0x800001d2 (0x00009432) c.add   s0, a2
core   0: 3 0x800001d2 (0x9432) x8  0x3bbbf02f
core   0: 0x800001d4 (0x00008009) c.srli  s0, 2
core   0: 3 0x800001d4 (0x8009) x8  0x0eeefc0b
core   0: 0x800001d6 (0x3bb41073) csrw    pmpaddr11, s0
core   0: 3 0x800001d6 (0x3bb41073) c955_pmpaddr11 0x0eeefc0b
core   0: 0x800001da (0x0f0f1437) lui     s0, 0xf0f1
core   0: 3 0x800001da (0x0f0f1437) x8  0x0f0f1000
core   0: 0x800001de (0xf0f40413) addi    s0, s0, -241
core   0: 3 0x800001de (0xf0f40413) x8  0x0f0f0f0f
core   0: 0x800001e2 (0x3a241073) csrw    pmpcfg2, s0
core   0: 3 0x800001e2 (0x3a241073) c930_pmpcfg2 0x0f0f0f0f
core   0: 0x800001e6 (0x00003417) auipc   s0, 0x3
core   0: 3 0x800001e6 (0x00003417) x8  0x800031e6
core   0: 0x800001ea (0x28e40413) addi    s0, s0, 654
core   0: 3 0x800001ea (0x28e40413) x8  0x80003474
core   0: 0x800001ee (0xccccd637) lui     a2, 0xccccd
core   0: 3 0x800001ee (0xccccd637) x12 0xccccd000
core   0: 0x800001f2 (0xccc60613) addi    a2, a2, -820
core   0: 3 0x800001f2 (0xccc60613) x12 0xcccccccc
core   0: 0x800001f6 (0x00009432) c.add   s0, a2
core   0: 3 0x800001f6 (0x9432) x8  0x4ccd0140
core   0: 0x800001f8 (0x00008009) c.srli  s0, 2
core   0: 3 0x800001f8 (0x8009) x8  0x13334050
core   0: 0x800001fa (0x3bc41073) csrw    pmpaddr12, s0
core   0: 3 0x800001fa (0x3bc41073) c956_pmpaddr12 0x13334050
core   0: 0x800001fe (0x00003417) auipc   s0, 0x3
core   0: 3 0x800001fe (0x00003417) x8  0x800031fe
core   0: 0x80000202 (0x27640413) addi    s0, s0, 630
core   0: 3 0x80000202 (0x27640413) x8  0x80003474
core   0: 0x80000206 (0xdddde637) lui     a2, 0xdddde
core   0: 3 0x80000206 (0xdddde637) x12 0xdddde000
core   0: 0x8000020a (0xddd60613) addi    a2, a2, -547
core   0: 3 0x8000020a (0xddd60613) x12 0xdddddddd
core   0: 0x8000020e (0x00009432) c.add   s0, a2
core   0: 3 0x8000020e (0x9432) x8  0x5dde1251
core   0: 0x80000210 (0x00008009) c.srli  s0, 2
core   0: 3 0x80000210 (0x8009) x8  0x17778494
core   0: 0x80000212 (0x3bd41073) csrw    pmpaddr13, s0
core   0: 3 0x80000212 (0x3bd41073) c957_pmpaddr13 0x17778494
core   0: 0x80000216 (0x00003417) auipc   s0, 0x3
core   0: 3 0x80000216 (0x00003417) x8  0x80003216
core   0: 0x8000021a (0x25e40413) addi    s0, s0, 606
core   0: 3 0x8000021a (0x25e40413) x8  0x80003474
core   0: 0x8000021e (0xeeeef637) lui     a2, 0xeeeef
core   0: 3 0x8000021e (0xeeeef637) x12 0xeeeef000
core   0: 0x80000222 (0xeee60613) addi    a2, a2, -274
core   0: 3 0x80000222 (0xeee60613) x12 0xeeeeeeee
core   0: 0x80000226 (0x00009432) c.add   s0, a2
core   0: 3 0x80000226 (0x9432) x8  0x6eef2362
core   0: 0x80000228 (0x00008009) c.srli  s0, 2
core   0: 3 0x80000228 (0x8009) x8  0x1bbbc8d8
core   0: 0x8000022a (0x3be41073) csrw    pmpaddr14, s0
core   0: 3 0x8000022a (0x3be41073) c958_pmpaddr14 0x1bbbc8d8
core   0: 0x8000022e (0x00003417) auipc   s0, 0x3
core   0: 3 0x8000022e (0x00003417) x8  0x8000322e
core   0: 0x80000232 (0x24640413) addi    s0, s0, 582
core   0: 3 0x80000232 (0x24640413) x8  0x80003474
core   0: 0x80000236 (0xfff00613) li      a2, -1
core   0: 3 0x80000236 (0xfff00613) x12 0xffffffff
core   0: 0x8000023a (0x00009432) c.add   s0, a2
core   0: 3 0x8000023a (0x9432) x8  0x80003473
core   0: 0x8000023c (0x00008009) c.srli  s0, 2
core   0: 3 0x8000023c (0x8009) x8  0x20000d1c
core   0: 0x8000023e (0x3bf41073) csrw    pmpaddr15, s0
core   0: 3 0x8000023e (0x3bf41073) c959_pmpaddr15 0x20000d1c
core   0: 0x80000242 (0x0f0f1437) lui     s0, 0xf0f1
core   0: 3 0x80000242 (0x0f0f1437) x8  0x0f0f1000
core   0: 0x80000246 (0xf0f40413) addi    s0, s0, -241
core   0: 3 0x80000246 (0xf0f40413) x8  0x0f0f0f0f
core   0: 0x8000024a (0x3a341073) csrw    pmpcfg3, s0
core   0: 3 0x8000024a (0x3a341073) c931_pmpcfg3 0x0f0f0f0f
core   0: 0x8000024e (0x00000617) auipc   a2, 0x0
core   0: 3 0x8000024e (0x00000617) x12 0x8000024e
core   0: 0x80000252 (0x05860613) addi    a2, a2, 88
core   0: 3 0x80000252 (0x05860613) x12 0x800002a6
core   0: 0x80000256 (0x34161073) csrw    mepc, a2
core   0: 3 0x80000256 (0x34161073) c833_mepc 0x800002a6
core   0: 0x8000025a (0x7c00d073) csrwi   cpuctrlsts, 1
core   0: 3 0x8000025a (0x7c00d073) c1984_cpuctrlsts 0x00000101
core   0: 0x8000025e (0x00006609) c.lui   a2, 0x2
core   0: 3 0x8000025e (0x6609) x12 0x00002000
core   0: 0x80000260 (0x80060613) addi    a2, a2, -2048
core   0: 3 0x80000260 (0x80060613) x12 0x00001800
core   0: 0x80000264 (0x30061073) csrw    mstatus, a2
core   0: 3 0x80000264 (0x30061073) c768_mstatus 0x00001800
core   0: 0x80000268 (0x00004601) c.li    a2, 0
core   0: 3 0x80000268 (0x4601) x12 0x00000000
core   0: 0x8000026a (0x30461073) csrw    mie, a2
core   0: 3 0x8000026a (0x30461073) c772_mie 0x00000000
core   0: 0x8000026e (0x90000b37) lui     s6, 0x90000
core   0: 3 0x8000026e (0x90000b37) x22 0x90000000
core   0: 0x80000272 (0x00001b71) c.addi  s6, -4
core   0: 3 0x80000272 (0x1b71) x22 0x8ffffffc
core   0: 0x80000274 (0x30000613) li      a2, 768
core   0: 3 0x80000274 (0x30000613) x12 0x00000300
core   0: 0x80000278 (0x00000622) c.slli  a2, 8
core   0: 3 0x80000278 (0x0622) x12 0x00030000
core   0: 0x8000027a (0x0000060d) c.addi  a2, 3
core   0: 3 0x8000027a (0x060d) x12 0x00030003
core   0: 0x8000027c (0x00cb2023) sw      a2, 0(s6)
core   0: 3 0x8000027c (0x00cb2023) mem 0x8ffffffc 0x00030003
core   0: 0x80000280 (0x30002673) csrr    a2, mstatus
core   0: 3 0x80000280 (0x30002673) x12 0x00001800
core   0: 0x80000284 (0x00cb2023) sw      a2, 0(s6)
core   0: 3 0x80000284 (0x00cb2023) mem 0x8ffffffc 0x00001800
core   0: 0x80000288 (0x90000b37) lui     s6, 0x90000
core   0: 3 0x80000288 (0x90000b37) x22 0x90000000
core   0: 0x8000028c (0x00001b71) c.addi  s6, -4
core   0: 3 0x8000028c (0x1b71) x22 0x8ffffffc
core   0: 0x8000028e (0x30400613) li      a2, 772
core   0: 3 0x8000028e (0x30400613) x12 0x00000304
core   0: 0x80000292 (0x00000622) c.slli  a2, 8
core   0: 3 0x80000292 (0x0622) x12 0x00030400
core   0: 0x80000294 (0x0000060d) c.addi  a2, 3
core   0: 3 0x80000294 (0x060d) x12 0x00030403
core   0: 0x80000296 (0x00cb2023) sw      a2, 0(s6)
core   0: 3 0x80000296 (0x00cb2023) mem 0x8ffffffc 0x00030403
core   0: 0x8000029a (0x30402673) csrr    a2, mie
core   0: 3 0x8000029a (0x30402673) x12 0x00000000
core   0: 0x8000029e (0x00cb2023) sw      a2, 0(s6)
core   0: 3 0x8000029e (0x00cb2023) mem 0x8ffffffc 0x00000000
core   0: 0x800002a2 (0x30200073) mret
core   0: 3 0x800002a2 (0x30200073) c768_mstatus 0x00000080
core   0: 0x800002a6 (0xcdc0a037) lui     zero, 0xcdc0a
core   0: 3 0x800002a6 (0xcdc0a037)
core   0: 0x800002aa (0xec900013) li      zero, -311
core   0: 3 0x800002aa (0xec900013)
core   0: 0x800002ae (0x800000b7) lui     ra, 0x80000
core   0: 3 0x800002ae (0x800000b7) x1  0x80000000
core   0: 0x800002b2 (0x80000137) lui     sp, 0x80000
core   0: 3 0x800002b2 (0x80000137) x2  0x80000000
core   0: 0x800002b6 (0xfff6f1b7) lui     gp, 0xfff6f
core   0: 3 0x800002b6 (0xfff6f1b7) x3  0xfff6f000
core   0: 0x800002ba (0xbeb18193) addi    gp, gp, -1045
core   0: 3 0x800002ba (0xbeb18193) x3  0xfff6ebeb
core   0: 0x800002be (0x0000420d) c.li    tp, 3
core   0: 3 0x800002be (0x420d) x4  0x00000003
core   0: 0x800002c0 (0x00004281) c.li    t0, 0
core   0: 3 0x800002c0 (0x4281) x5  0x00000000
core   0: 0x800002c2 (0x80000337) lui     t1, 0x80000
core   0: 3 0x800002c2 (0x80000337) x6  0x80000000
core   0: 0x800002c6 (0xfaeba3b7) lui     t2, 0xfaeba
core   0: 3 0x800002c6 (0xfaeba3b7) x7  0xfaeba000
core   0: 0x800002ca (0xc0938393) addi    t2, t2, -1015
core   0: 3 0x800002ca (0xc0938393) x7  0xfaeb9c09
core   0: 0x800002ce (0x00004411) c.li    s0, 4
core   0: 3 0x800002ce (0x4411) x8  0x00000004
core   0: 0x800002d0 (0x00004499) c.li    s1, 6
core   0: 3 0x800002d0 (0x4499) x9  0x00000006
core   0: 0x800002d2 (0xff3c4537) lui     a0, 0xff3c4
core   0: 3 0x800002d2 (0xff3c4537) x10 0xff3c4000
core   0: 0x800002d6 (0x09b50513) addi    a0, a0, 155
core   0: 3 0x800002d6 (0x09b50513) x10 0xff3c409b
core   0: 0x800002da (0xf8f265b7) lui     a1, 0xf8f26
core   0: 3 0x800002da (0xf8f265b7) x11 0xf8f26000
core   0: 0x800002de (0x25c58593) addi    a1, a1, 604
core   0: 3 0x800002de (0x25c58593) x11 0xf8f2625c
core   0: 0x800002e2 (0x80000637) lui     a2, 0x80000
core   0: 3 0x800002e2 (0x80000637) x12 0x80000000
core   0: 0x800002e6 (0x000046ad) c.li    a3, 11
core   0: 3 0x800002e6 (0x46ad) x13 0x0000000b
core   0: 0x800002e8 (0x7f8da737) lui     a4, 0x7f8da
core   0: 3 0x800002e8 (0x7f8da737) x14 0x7f8da000
core   0: 0x800002ec (0x33470713) addi    a4, a4, 820
core   0: 3 0x800002ec (0x33470713) x14 0x7f8da334
core   0: 0x800002f0 (0xfd2187b7) lui     a5, 0xfd218
core   0: 3 0x800002f0 (0xfd2187b7) x15 0xfd218000
core   0: 0x800002f4 (0x87b78793) addi    a5, a5, -1925
core   0: 3 0x800002f4 (0x87b78793) x15 0xfd21787b
core   0: 0x800002f8 (0x00004801) c.li    a6, 0
core   0: 3 0x800002f8 (0x4801) x16 0x00000000
core   0: 0x800002fa (0x0000489d) c.li    a7, 7
core   0: 3 0x800002fa (0x489d) x17 0x00000007
core   0: 0x800002fc (0x00004911) c.li    s2, 4
core   0: 3 0x800002fc (0x4911) x18 0x00000004
core   0: 0x800002fe (0xf15b6a37) lui     s4, 0xf15b6
core   0: 3 0x800002fe (0xf15b6a37) x20 0xf15b6000
core   0: 0x80000302 (0xb64a0a13) addi    s4, s4, -1180
core   0: 3 0x80000302 (0xb64a0a13) x20 0xf15b5b64
core   0: 0x80000306 (0xf2d69ab7) lui     s5, 0xf2d69
core   0: 3 0x80000306 (0xf2d69ab7) x21 0xf2d69000
core   0: 0x8000030a (0x361a8a93) addi    s5, s5, 865
core   0: 3 0x8000030a (0x361a8a93) x21 0xf2d69361
core   0: 0x8000030e (0x00004b01) c.li    s6, 0
core   0: 3 0x8000030e (0x4b01) x22 0x00000000
core   0: 0x80000310 (0x8fde9bb7) lui     s7, 0x8fde9
core   0: 3 0x80000310 (0x8fde9bb7) x23 0x8fde9000
core   0: 0x80000314 (0xa6fb8b93) addi    s7, s7, -1425
core   0: 3 0x80000314 (0xa6fb8b93) x23 0x8fde8a6f
core   0: 0x80000318 (0x00004c09) c.li    s8, 2
core   0: 3 0x80000318 (0x4c09) x24 0x00000002
core   0: 0x8000031a (0x7576bd37) lui     s10, 0x7576b
core   0: 3 0x8000031a (0x7576bd37) x26 0x7576b000
core   0: 0x8000031e (0xd53d0d13) addi    s10, s10, -685
core   0: 3 0x8000031e (0xd53d0d13) x26 0x7576ad53
core   0: 0x80000322 (0x80000db7) lui     s11, 0x80000
core   0: 3 0x80000322 (0x80000db7) x27 0x80000000
core   0: 0x80000326 (0x00004e01) c.li    t3, 0
core   0: 3 0x80000326 (0x4e01) x28 0x00000000
core   0: 0x80000328 (0xd947feb7) lui     t4, 0xd947f
core   0: 3 0x80000328 (0xd947feb7) x29 0xd947f000
core   0: 0x8000032c (0x9b5e8e93) addi    t4, t4, -1611
core   0: 3 0x8000032c (0x9b5e8e93) x29 0xd947e9b5
core   0: 0x80000330 (0x00004f2d) c.li    t5, 11
core   0: 3 0x80000330 (0x4f2d) x30 0x0000000b
core   0: 0x80000332 (0x00004f8d) c.li    t6, 3
core   0: 3 0x80000332 (0x4f8d) x31 0x00000003
core   0: 0x80000334 (0x00032997) auipc   s3, 0x32
core   0: 3 0x80000334 (0x00032997) x19 0x80032334
core   0: 0x80000338 (0xb3098993) addi    s3, s3, -1232
core   0: 3 0x80000338 (0xb3098993) x19 0x80031e64
core   0: 0x8000033c (0x90000b37) lui     s6, 0x90000
core   0: 3 0x8000033c (0x90000b37) x22 0x90000000
core   0: 0x80000340 (0x00001b71) c.addi  s6, -4
core   0: 3 0x80000340 (0x1b71) x22 0x8ffffffc
core   0: 0x80000342 (0x00004601) c.li    a2, 0
core   0: 3 0x80000342 (0x4601) x12 0x00000000
core   0: 0x80000344 (0x00000622) c.slli  a2, 8
core   0: 3 0x80000344 (0x0622) x12 0x00000000
core   0: 0x80000346 (0x00060613) mv      a2, a2
core   0: 3 0x80000346 (0x00060613) x12 0x00000000
core   0: 0x8000034a (0x00cb2023) sw      a2, 0(s6)
core   0: 3 0x8000034a (0x00cb2023) mem 0x8ffffffc 0x00000000
core   0: 0x8000034e (0x1260306f) j       pc + 0x3126
core   0: 3 0x8000034e (0x1260306f)
core   0: 0x80003474 (0x00001b10) c.addi4spn a2, sp, 432
core   0: 3 0x80003474 (0x1b10) x12 0x800001b0
core   0: 0x80003476 (0x0ff0000f) fence   iorw,iorw
core   0: 3 0x80003476 (0x0ff0000f)
core   0: 0x8000347a (0x01fb5b93) srli    s7, s6, 31
core   0: 3 0x8000347a (0x01fb5b93) x23 0x00000001
core   0: 0x8000347e (0x00001317) auipc   t1, 0x1
core   0: 3 0x8000347e (0x00001317) x6  0x8000447e
core   0: 0x80003482 (0x3e030313) addi    t1, t1, 992
core   0: 3 0x80003482 (0x3e030313) x6  0x8000485e
core   0: 0x80003486 (0x2a53a1b7) lui     gp, 0x2a53a
core   0: 3 0x80003486 (0x2a53a1b7) x3  0x2a53a000
core   0: 0x8000348a (0x00001341) c.addi  t1, -16
core   0: 3 0x8000348a (0x1341) x6  0x8000484e
core   0: 0x8000348c (0x412bd533) sra     a0, s7, s2
core   0: 3 0x8000348c (0x412bd533) x10 0x00000000
core   0: 0x80003490 (0x011300e7) jalr    ra, t1, 17
core   0: 3 0x80003490 (0x011300e7) x1  0x80003494
core   0: 0x8000485e (0x00008c91) c.sub   s1, a2
core   0: 3 0x8000485e (0x8c91) x9  0x7ffffe56
core   0: 0x80004860 (0x0ff0000f) fence   iorw,iorw
core   0: 3 0x80004860 (0x0ff0000f)
core   0: 0x80004864 (0x006beeb3) or      t4, s7, t1
core   0: 3 0x80004864 (0x006beeb3) x29 0x8000484f
core   0: 0x80004868 (0x340072f3) csrrci  t0, mscratch, 0
core   0: 3 0x80004868 (0x340072f3) x5  0x00000000
core   0: 0x8000486c (0x340cd8f3) csrrwi  a7, mscratch, 25
core   0: 3 0x8000486c (0x340cd8f3) x17 0x00000000 c832_mscratch 0x00000019
core   0: 0x80004870 (0x0000e099) c.bnez  s1, pc + 6
core   0: 3 0x80004870 (0xe099)
core   0: 0x80004876 (0x000019c1) c.addi  s3, -16
core   0: 3 0x80004876 (0x19c1) x19 0x80031e54
core   0: 0x80004878 (0x0019a223) sw      ra, 4(s3)
core   0: 3 0x80004878 (0x0019a223) mem 0x80031e58 0x80003494
core   0: 0x8000487c (0x02254633) div     a2, a0, sp
core   0: 3 0x8000487c (0x02254633) x12 0x00000000
core   0: 0x80004880 (0x34045df3) csrrwi  s11, mscratch, 8
core   0: 3 0x80004880 (0x34045df3) x27 0x00000019 c832_mscratch 0x00000008
core   0: 0x80004884 (0x34043173) csrrc   sp, mscratch, s0
core   0: 3 0x80004884 (0x34043173) x2  0x00000008 c832_mscratch 0x00000008
core   0: 0x80004888 (0x00008eb9) c.xor   a3, a4
core   0: 3 0x80004888 (0x8eb9) x13 0x7f8da33f
core   0: 0x8000488a (0x77eaa913) slti    s2, s5, 1918
core   0: 3 0x8000488a (0x77eaa913) x18 0x00000001
core   0: 0x8000488e (0x00016a17) auipc   s4, 0x16
core   0: 3 0x8000488e (0x00016a17) x20 0x8001a88e
core   0: 0x80004892 (0x2c2a0a13) addi    s4, s4, 706
core   0: 3 0x80004892 (0x2c2a0a13) x20 0x8001ab50
core   0: 0x80004896 (0x340066f3) csrrsi  a3, mscratch, 0
core   0: 3 0x80004896 (0x340066f3) x13 0x00000008
core   0: 0x8000489a (0x00437333) and     t1, t1, tp
core   0: 3 0x8000489a (0x00437333) x6  0x00000002
core   0: 0x8000489e (0x334a0a13) addi    s4, s4, 820
core   0: 3 0x8000489e (0x334a0a13) x20 0x8001ae84
core   0: 0x800048a2 (0x0108e963) bltu    a7, a6, pc + 18
core   0: 3 0x800048a2 (0x0108e963)
core   0: 0x800048a6 (0x00009bfd) c.andi  a5, -1
core   0: 3 0x800048a6 (0x9bfd) x15 0xfd21787b
core   0: 0x800048a8 (0x0012e0b3) or      ra, t0, ra
core   0: 3 0x800048a8 (0x0012e0b3) x1  0x80003494
core   0: 0x800048ac (0x3403ab73) csrrs   s6, mscratch, t2
core   0: 3 0x800048ac (0x3403ab73) x22 0x00000008 c832_mscratch 0xfaeb9c09
core   0: 0x800048b0 (0x032f8db3) mul     s11, t6, s2
core   0: 3 0x800048b0 (0x032f8db3) x27 0x00000003
core   0: 0x800048b4 (0xccca00e7) jalr    ra, s4, -820
core   0: 3 0x800048b4 (0xccca00e7) x1  0x800048b8
core   0: 0x8001ab50 (0x00009736) c.add   a4, a3
core   0: 3 0x8001ab50 (0x9736) x14 0x7f8da33c
core   0: 0x8001ab52 (0x01831463) bne     t1, s8, pc + 8
core   0: 3 0x8001ab52 (0x01831463)
core   0: 0x8001ab56 (0x340494f3) csrrw   s1, mscratch, s1
core   0: 3 0x8001ab56 (0x340494f3) x9  0xfaeb9c09 c832_mscratch 0x7ffffe56
core   0: 0x8001ab5a (0xfcc98993) addi    s3, s3, -52
core   0: 3 0x8001ab5a (0xfcc98993) x19 0x80031e20
core   0: 0x8001ab5e (0x00004d51) c.li    s10, 20
core   0: 3 0x8001ab5e (0x4d51) x26 0x00000014
core   0: 0x8001ab60 (0x4ab6a793) slti    a5, a3, 1195
core   0: 3 0x8001ab60 (0x4ab6a793) x15 0x00000001
core   0: 0x8001ab64 (0x34081ff3) csrrw   t6, mscratch, a6
core   0: 3 0x8001ab64 (0x34081ff3) x31 0x7ffffe56 c832_mscratch 0x00000000
core   0: 0x8001ab68 (0x5b9ad017) auipc   zero, 0x5b9ad
core   0: 3 0x8001ab68 (0x5b9ad017)
core   0: 0x8001ab6c (0x0019a223) sw      ra, 4(s3)
core   0: 3 0x8001ab6c (0x0019a223) mem 0x80031e24 0x800048b8
core   0: 0x8001ab70 (0x01ea5fb3) srl     t6, s4, t5
core   0: 3 0x8001ab70 (0x01ea5fb3) x31 0x00100035
core   0: 0x8001ab74 (0x00001197) auipc   gp, 0x1
core   0: 3 0x8001ab74 (0x00001197) x3  0x8001bb74
core   0: 0x8001ab78 (0x59618193) addi    gp, gp, 1430
core   0: 3 0x8001ab78 (0x59618193) x3  0x8001c10a
core   0: 0x8001ab7c (0x0000682d) c.lui   a6, 0xb
core   0: 3 0x8001ab7c (0x682d) x16 0x0000b000
core   0: 0x8001ab7e (0xfbd18723) sb      t4, -82(gp)
core   0: 3 0x8001ab7e (0xfbd18723) mem 0x8001c0b8 0x4f
core   0: 0x8001ab82 (0xc8fcec13) ori     s8, s9, -881
core   0: 3 0x8001ab82 (0xc8fcec13) x24 0xfffffcef
core   0: 0x8001ab86 (0x3404af73) csrrs   t5, mscratch, s1
core   0: 3 0x8001ab86 (0x3404af73) x30 0x00000000 c832_mscratch 0xfaeb9c09
core   0: 0x8001ab8a (0x001d85b3) add     a1, s11, ra
core   0: 3 0x8001ab8a (0x001d85b3) x11 0x800048bb
core   0: 0x8001ab8e (0xff31d603) lhu     a2, -13(gp)
core   0: 3 0x8001ab8e (0xff31d603) x12 0x0000b5b6 mem 0x8001c0fd mem 0x8001c0fe
core   0: 0x8001ab92 (0x02218023) sb      sp, 32(gp)
core   0: 3 0x8001ab92 (0x02218023) mem 0x8001c12a 0x8
core   0: 0x8001ab96 (0xfee1af23) sw      a4, -2(gp)
core   0: 3 0x8001ab96 (0xfee1af23) mem 0x8001c108 0x7f8da33c
core   0: 0x8001ab9a (0x02f0c6b3) div     a3, ra, a5
core   0: 3 0x8001ab9a (0x02f0c6b3) x13 0x800048b8
core   0: 0x8001ab9e (0x00006ddd) c.lui   s11, 0x17
core   0: 3 0x8001ab9e (0x6ddd) x27 0x00017000
core   0: 0x8001aba0 (0x40c007b3) sub     a5, zero, a2
core   0: 3 0x8001aba0 (0x40c007b3) x15 0xffff4a4a
core   0: 0x8001aba4 (0x02f4c633) div     a2, s1, a5
core   0: 3 0x8001aba4 (0x02f4c633) x12 0x00000728
core   0: 0x8001aba8 (0x34007173) csrrci  sp, mscratch, 0
core   0: 3 0x8001aba8 (0x34007173) x2  0xfaeb9c09
core   0: 0x8001abac (0xf98199a3) sh      s8, -109(gp)
core   0: 3 0x8001abac (0xf98199a3) mem 0x8001c09d 0xef mem 0x8001c09e 0xfc
core   0: 0x8001abb0 (0x0e11d603) lhu     a2, 225(gp)
core   0: 3 0x8001abb0 (0x0e11d603) x12 0x0000a7a0 mem 0x8001c1eb mem 0x8001c1ec
core   0: 0x8001abb4 (0x00006111) c.addi16sp sp, 256
core   0: 3 0x8001abb4 (0x6111) x2  0xfaeb9d09
core   0: 0x8001abb6 (0x02e198a3) sh      a4, 49(gp)
core   0: 3 0x8001abb6 (0x02e198a3) mem 0x8001c13b 0x3c mem 0x8001c13c 0xa3
core   0: 0x8001abba (0x00362333) slt     t1, a2, gp
core   0: 3 0x8001abba (0x00362333) x6  0x00000000
core   0: 0x8001abbe (0x0312d3b3) divu    t2, t0, a7
core   0: 3 0x8001abbe (0x0312d3b3) x7  0xffffffff
core   0: 0x8001abc2 (0x013ae7b3) or      a5, s5, s3
core   0: 3 0x8001abc2 (0x013ae7b3) x15 0xf2d79f61
core   0: 0x8001abc6 (0x0a51a603) lw      a2, 165(gp)
core   0: 3 0x8001abc6 (0x0a51a603) x12 0x696a6b64 mem 0x8001c1af mem 0x8001c1b0 mem 0x8001c1b1 mem 0x8001c1b2
core   0: 0x8001abca (0xf4c19823) sh      a2, -176(gp)
core   0: 3 0x8001abca (0xf4c19823) mem 0x8001c05a 0x6b64
core   0: 0x8001abce (0x031c2db3) mulhsu  s11, s8, a7
core   0: 3 0x8001abce (0x031c2db3) x27 0x00000000
core   0: 0x8001abd2 (0x0b418b03) lb      s6, 180(gp)
core   0: 3 0x8001abd2 (0x0b418b03) x22 0x00000075 mem 0x8001c1be
core   0: 0x8001abd6 (0xfa318783) lb      a5, -93(gp)
core   0: 3 0x8001abd6 (0xfa318783) x15 0x00000066 mem 0x8001c0ad
core   0: 0x8001abda (0x029f08b3) mul     a7, t5, s1
core   0: 3 0x8001abda (0x029f08b3) x17 0x00000000
core   0: 0x8001abde (0x00bb9a13) slli    s4, s7, 11
core   0: 3 0x8001abde (0x00bb9a13) x20 0x00000800
core   0: 0x8001abe2 (0x0000083e) c.slli  a6, 15
core   0: 3 0x8001abe2 (0x083e) x16 0x58000000
core   0: 0x8001abe4 (0x02d37533) remu    a0, t1, a3
core   0: 3 0x8001abe4 (0x02d37533) x10 0x00000000
core   0: 0x8001abe8 (0xfd61cf03) lbu     t5, -42(gp)
core   0: 3 0x8001abe8 (0xfd61cf03) x30 0x0000009b mem 0x8001c0e0
core   0: 0x8001abec (0x00000001) c.nop
core   0: 3 0x8001abec (0x0001)
core   0: 0x8001abee (0x00918823) sb      s1, 16(gp)
core   0: 3 0x8001abee (0x00918823) mem 0x8001c11a 0x9
core   0: 0x8001abf2 (0xf8619923) sh      t1, -110(gp)
core   0: 3 0x8001abf2 (0xf8619923) mem 0x8001c09c 0x0000
core   0: 0x8001abf6 (0x0c91a083) lw      ra, 201(gp)
core   0: 3 0x8001abf6 (0x0c91a083) x1  0x8d8e8f88 mem 0x8001c1d3 mem 0x8001c1d4 mem 0x8001c1d5 mem 0x8001c1d6
core   0: 0x8001abfa (0xf881c683) lbu     a3, -120(gp)
core   0: 3 0x8001abfa (0xf881c683) x13 0x00000049 mem 0x8001c092
core   0: 0x8001abfe (0xea9f8b93) addi    s7, t6, -343
core   0: 3 0x8001abfe (0xea9f8b93) x23 0x000ffede
core   0: 0x8001ac02 (0x00008e05) c.sub   a2, s1
core   0: 3 0x8001ac02 (0x8e05) x12 0x6e7ecf5b
core   0: 0x8001ac04 (0x34006173) csrrsi  sp, mscratch, 0
core   0: 3 0x8001ac04 (0x34006173) x2  0xfaeb9c09
core   0: 0x8001ac08 (0x011cb333) sltu    t1, s9, a7
core   0: 3 0x8001ac08 (0x011cb333) x6  0x00000000
core   0: 0x8001ac0c (0xf740ca93) xori    s5, ra, -140
core   0: 3 0x8001ac0c (0xf740ca93) x21 0x727170fc
core   0: 0x8001ac10 (0xf7a19f83) lh      t6, -134(gp)
core   0: 3 0x8001ac10 (0xf7a19f83) x31 0x00003e3f mem 0x8001c084
core   0: 0x8001ac14 (0x0ff19423) sh      t6, 232(gp)
core   0: 3 0x8001ac14 (0x0ff19423) mem 0x8001c1f2 0x3e3f
core   0: 0x8001ac18 (0x06e1aea3) sw      a4, 125(gp)
core   0: 3 0x8001ac18 (0x06e1aea3) mem 0x8001c187 0x3c mem 0x8001c188 0xa3 mem 0x8001c189 0x8d mem 0x8001c18a 0x7f
core   0: 0x8001ac1c (0x03f667b3) rem     a5, a2, t6
core   0: 3 0x8001ac1c (0x03f667b3) x15 0x0000180a
core   0: 0x8001ac20 (0x0941d803) lhu     a6, 148(gp)
core   0: 3 0x8001ac20 (0x0941d803) x16 0x00005455 mem 0x8001c19e
core   0: 0x8001ac24 (0x00002397) auipc   t2, 0x2
core   0: 3 0x8001ac24 (0x00002397) x7  0x8001cc24
core   0: 0x8001ac28 (0xede38393) addi    t2, t2, -290
core   0: 3 0x8001ac28 (0xede38393) x7  0x8001cb02
core   0: 0x8001ac2c (0xdc938aa3) sb      s1, -555(t2)
core   0: 3 0x8001ac2c (0xdc938aa3) mem 0x8001c8d7 0x9
core   0: 0x8001ac30 (0xdd53c583) lbu     a1, -555(t2)
core   0: 3 0x8001ac30 (0xdd53c583) x11 0x00000009 mem 0x8001c8d7
core   0: 0x8001ac34 (0xc773a723) sw      s7, -914(t2)
core   0: 3 0x8001ac34 (0xc773a723) mem 0x8001c770 0x000ffede
core   0: 0x8001ac38 (0x2823a1a3) sw      sp, 643(t2)
core   0: 3 0x8001ac38 (0x2823a1a3) mem 0x8001cd85 0x9 mem 0x8001cd86 0x9c mem 0x8001cd87 0xeb mem 0x8001cd88 0xfa
core   0: 0x8001ac3c (0xbfa18213) addi    tp, gp, -1030
core   0: 3 0x8001ac3c (0xbfa18213) x4  0x8001bd04
core   0: 0x8001ac40 (0x8223c303) lbu     t1, -2014(t2)
core   0: 3 0x8001ac40 (0x8223c303) x6  0x000000df mem 0x8001c324
core   0: 0x8001ac44 (0x29b3cb03) lbu     s6, 667(t2)
core   0: 3 0x8001ac44 (0x29b3cb03) x22 0x00000056 mem 0x8001cd9d
core   0: 0x8001ac48 (0x33e39283) lh      t0, 830(t2)
core   0: 3 0x8001ac48 (0x33e39283) x5  0xfffffafb mem 0x8001ce40
core   0: 0x8001ac4c (0xe9839223) sh      s8, -380(t2)
core   0: 3 0x8001ac4c (0xe9839223) mem 0x8001c986 0xfcef
core   0: 0x8001ac50 (0x53e38183) lb      gp, 1342(t2)
core   0: 3 0x8001ac50 (0x53e38183) x3  0xfffffffb mem 0x8001d040
core   0: 0x8001ac54 (0x5553a1a3) sw      s5, 1347(t2)
core   0: 3 0x8001ac54 (0x5553a1a3) mem 0x8001d045 0xfc mem 0x8001d046 0x70 mem 0x8001d047 0x71 mem 0x8001d048 0x72
core   0: 0x8001ac58 (0x5fa6af93) slti    t6, a3, 1530
core   0: 3 0x8001ac58 (0x5fa6af93) x31 0x00000001
core   0: 0x8001ac5c (0x019c62b3) or      t0, s8, s9
core   0: 3 0x8001ac5c (0x019c62b3) x5  0xfffffcef
core   0: 0x8001ac60 (0xfbe38923) sb      t5, -78(t2)
core   0: 3 0x8001ac60 (0xfbe38923) mem 0x8001cab4 0x9b
core   0: 0x8001ac64 (0xfb23c883) lbu     a7, -78(t2)
core   0: 3 0x8001ac64 (0xfb23c883) x17 0x0000009b mem 0x8001cab4
core   0: 0x8001ac68 (0xfb23cd83) lbu     s11, -78(t2)
core   0: 3 0x8001ac68 (0xfb23cd83) x27 0x0000009b mem 0x8001cab4
core   0: 0x8001ac6c (0x6cf23a13) sltiu   s4, tp, 1743
core   0: 3 0x8001ac6c (0x6cf23a13) x20 0x00000000
core   0: 0x8001ac70 (0xfb23df83) lhu     t6, -78(t2)
core   0: 3 0x8001ac70 (0xfb23df83) x31 0x00006e9b mem 0x8001cab4
core   0: 0x8001ac74 (0xfa63a923) sw      t1, -78(t2)
core   0: 3 0x8001ac74 (0xfa63a923) mem 0x8001cab4 0x000000df
core   0: 0x8001ac78 (0x0000834d) c.srli  a4, 19
core   0: 3 0x8001ac78 (0x834d) x14 0x00000ff1
core   0: 0x8001ac7a (0xfb23aa83) lw      s5, -78(t2)
core   0: 3 0x8001ac7a (0xfb23aa83) x21 0x000000df mem 0x8001cab4
core   0: 0x8001ac7e (0xfb23d603) lhu     a2, -78(t2)
core   0: 3 0x8001ac7e (0xfb23d603) x12 0x000000df mem 0x8001cab4
core   0: 0x8001ac82 (0xfb63a923) sw      s6, -78(t2)
core   0: 3 0x8001ac82 (0xfb63a923) mem 0x8001cab4 0x00000056
core   0: 0x8001ac86 (0xfab38923) sb      a1, -78(t2)
core   0: 3 0x8001ac86 (0xfab38923) mem 0x8001cab4 0x9
core   0: 0x8001ac8a (0xafe39f03) lh      t5, -1282(t2)
core   0: 3 0x8001ac8a (0xafe39f03) x30 0xffffbabb mem 0x8001c600
core   0: 0x8001ac8e (0x0000b217) auipc   tp, 0xb
core   0: 3 0x8001ac8e (0x0000b217) x4  0x80025c8e
core   0: 0x8001ac92 (0x8a820213) addi    tp, tp, -1880
core   0: 3 0x8001ac92 (0x8a820213) x4  0x80025536
core   0: 0x8001ac96 (0x6ed22003) lw      zero, 1773(tp)
core   0: 3 0x8001ac96 (0x6ed22003) mem 0x80025c23 mem 0x80025c24 mem 0x80025c25 mem 0x80025c26
core   0: 0x8001ac9a (0x00002e97) auipc   t4, 0x2
core   0: 3 0x8001ac9a (0x00002e97) x29 0x8001cc9a
core   0: 0x8001ac9e (0xe47e8e93) addi    t4, t4, -441
core   0: 3 0x8001ac9e (0xe47e8e93) x29 0x8001cae1
core   0: 0x8001aca2 (0x00ee8b83) lb      s7, 14(t4)
core   0: 3 0x8001aca2 (0x00ee8b83) x23 0xffffffa4 mem 0x8001caef
core   0: 0x8001aca6 (0xaae21da3) sh      a4, -1349(tp)
core   0: 3 0x8001aca6 (0xaae21da3) mem 0x80024ff1 0xf1 mem 0x80024ff2 0xf
core   0: 0x8001acaa (0xff3ecd83) lbu     s11, -13(t4)
core   0: 3 0x8001acaa (0xff3ecd83) x27 0x0000008f mem 0x8001cad4
core   0: 0x8001acae (0xed622303) lw      t1, -298(tp)
core   0: 3 0x8001acae (0xed622303) x6  0xc4c5c6c7 mem 0x8002540c
core   0: 0x8001acb2 (0xfece9a23) sh      a2, -12(t4)
core   0: 3 0x8001acb2 (0xfece9a23) mem 0x8001cad5 0xdf mem 0x8001cad6 0x0
core   0: 0x8001acb6 (0x2fb22da3) sw      s11, 763(tp)
core   0: 3 0x8001acb6 (0x2fb22da3) mem 0x80025831 0x8f mem 0x80025832 0x0 mem 0x80025833 0x0 mem 0x80025834 0x0
core   0: 0x8001acba (0xfefe88a3) sb      a5, -15(t4)
core   0: 3 0x8001acba (0xfefe88a3) mem 0x8001cad2 0xa
core   0: 0x8001acbe (0xff3e99a3) sh      s3, -13(t4)
core   0: 3 0x8001acbe (0xff3e99a3) mem 0x8001cad4 0x1e20
core   0: 0x8001acc2 (0x02621523) sh      t1, 42(tp)
core   0: 3 0x8001acc2 (0x02621523) mem 0x80025560 0xc6c7
core   0: 0x8001acc6 (0x01eea7a3) sw      t5, 15(t4)
core   0: 3 0x8001acc6 (0x01eea7a3) mem 0x8001caf0 0xffffbabb
core   0: 0x8001acca (0x7be20f23) sb      t5, 1982(tp)
core   0: 3 0x8001acca (0x7be20f23) mem 0x80025cf4 0xbb
core   0: 0x8001acce (0xfe4ea823) sw      tp, -16(t4)
core   0: 3 0x8001acce (0xfe4ea823) mem 0x8001cad1 0x36 mem 0x8001cad2 0x55 mem 0x8001cad3 0x2 mem 0x8001cad4 0x80
core   0: 0x8001acd2 (0x00be9d03) lh      s10, 11(t4)
core   0: 3 0x8001acd2 (0x00be9d03) x26 0xffffa6a7 mem 0x8001caec
core   0: 0x8001acd6 (0x018e8423) sb      s8, 8(t4)
core   0: 3 0x8001acd6 (0x018e8423) mem 0x8001cae9 0xef
core   0: 0x8001acda (0xff0e8e23) sb      a6, -4(t4)
core   0: 3 0x8001acda (0xff0e8e23) mem 0x8001cadd 0x55
core   0: 0x8001acde (0xfcd224a3) sw      a3, -55(tp)
core   0: 3 0x8001acde (0xfcd224a3) mem 0x800254ff 0x49 mem 0x80025500 0x0 mem 0x80025501 0x0 mem 0x80025502 0x0
core   0: 0x8001ace2 (0x0000100f) fence.i
core   0: 3 0x8001ace2 (0x0000100f)
core   0: 0x8001ace6 (0x000005de) c.slli  a1, 23
core   0: 3 0x8001ace6 (0x05de) x11 0x04800000
core   0: 0x8001ace8 (0x340af8f3) csrrci  a7, mscratch, 21
core   0: 3 0x8001ace8 (0x340af8f3) x17 0xfaeb9c09 c832_mscratch 0xfaeb9c08
core   0: 0x8001acec (0x0000979a) c.add   a5, t1
core   0: 3 0x8001acec (0x979a) x15 0xc4c5ded1
core   0: 0x8001acee (0x026ad963) bge     s5, t1, pc + 50
core   0: 3 0x8001acee (0x026ad963)
core   0: 0x8001ad20 (0x0101fe33) and     t3, gp, a6
core   0: 3 0x8001ad20 (0x0101fe33) x28 0x00005451
core   0: 0x8001ad24 (0x00008639) c.srai  a2, 14
core   0: 3 0x8001ad24 (0x8639) x12 0x00000000
core   0: 0x8001ad26 (0x00755e13) srli    t3, a0, 7
core   0: 3 0x8001ad26 (0x00755e13) x28 0x00000000
core   0: 0x8001ad2a (0x00006709) c.lui   a4, 0x2
core   0: 3 0x8001ad2a (0x6709) x14 0x00002000
core   0: 0x8001ad2c (0x1c216e93) ori     t4, sp, 450
core   0: 3 0x8001ad2c (0x1c216e93) x29 0xfaeb9dcb
core   0: 0x8001ad30 (0x32a56793) ori     a5, a0, 810
core   0: 3 0x8001ad30 (0x32a56793) x15 0x0000032a
core   0: 0x8001ad34 (0x0000587d) c.li    a6, -1
core   0: 3 0x8001ad34 (0x587d) x16 0xffffffff
core   0: 0x8001ad36 (0x5cba8d13) addi    s10, s5, 1483
core   0: 3 0x8001ad36 (0x5cba8d13) x26 0x000006aa
core   0: 0x8001ad3a (0xd77d2113) slti    sp, s10, -649
core   0: 3 0x8001ad3a (0xd77d2113) x2  0x00000000
core   0: 0x8001ad3e (0x0357ff63) bgeu    a5, s5, pc + 62
core   0: 3 0x8001ad3e (0x0357ff63)
core   0: 0x8001ad7c (0x03a66233) rem     tp, a2, s10
core   0: 3 0x8001ad7c (0x03a66233) x4  0x00000000
core   0: 0x8001ad80 (0x03c56e63) bltu    a0, t3, pc + 60
core   0: 3 0x8001ad80 (0x03c56e63)
core   0: 0x8001ad84 (0x34069573) csrrw   a0, mscratch, a3
core   0: 3 0x8001ad84 (0x34069573) x10 0xfaeb9c08 c832_mscratch 0x00000049
core   0: 0x8001ad88 (0x02b81eb3) mulh    t4, a6, a1
core   0: 3 0x8001ad88 (0x02b81eb3) x29 0xffffffff
core   0: 0x8001ad8c (0x6a212b93) slti    s7, sp, 1698
core   0: 3 0x8001ad8c (0x6a212b93) x23 0x00000001
core   0: 0x8001ad90 (0x00b50763) beq     a0, a1, pc + 14
core   0: 3 0x8001ad90 (0x00b50763)
core   0: 0x8001ad94 (0x00000001) c.nop
core   0: 3 0x8001ad94 (0x0001)
core   0: 0x8001ad96 (0x40b9dab3) sra     s5, s3, a1
core   0: 3 0x8001ad96 (0x40b9dab3) x21 0x80031e20
core   0: 0x8001ad9a (0x034ae8b3) rem     a7, s5, s4
core   0: 3 0x8001ad9a (0x034ae8b3) x17 0x80031e20
core   0: 0x8001ad9e (0x018ce1b3) or      gp, s9, s8
core   0: 3 0x8001ad9e (0x018ce1b3) x3  0xfffffcef
core   0: 0x8001ada2 (0x340c74f3) csrrci  s1, mscratch, 24
core   0: 3 0x8001ada2 (0x340c74f3) x9  0x00000049 c832_mscratch 0x00000041
core   0: 0x8001ada6 (0x00006165) c.addi16sp sp, 112
core   0: 3 0x8001ada6 (0x6165) x2  0x00000070
core   0: 0x8001ada8 (0x00644c33) xor     s8, s0, t1
core   0: 3 0x8001ada8 (0x00644c33) x24 0xc4c5c6c3
core   0: 0x8001adac (0x406bd813) srai    a6, s7, 6
core   0: 3 0x8001adac (0x406bd813) x16 0x00000000
core   0: 0x8001adb0 (0x01fd3ab3) sltu    s5, s10, t6
core   0: 3 0x8001adb0 (0x01fd3ab3) x21 0x00000001
core   0: 0x8001adb4 (0x1f84a913) slti    s2, s1, 504
core   0: 3 0x8001adb4 (0x1f84a913) x18 0x00000001
core   0: 0x8001adb8 (0x037e2db3) mulhsu  s11, t3, s7
core   0: 3 0x8001adb8 (0x037e2db3) x27 0x00000000
core   0: 0x8001adbc (0x3402ac73) csrrs   s8, mscratch, t0
core   0: 3 0x8001adbc (0x3402ac73) x24 0x00000041 c832_mscratch 0xfffffcef
core   0: 0x8001adc0 (0x0049a083) lw      ra, 4(s3)
core   0: 3 0x8001adc0 (0x0049a083) x1  0x800048b8 mem 0x80031e24
core   0: 0x8001adc4 (0x02733533) mulhu   a0, t1, t2
core   0: 3 0x8001adc4 (0x02733533) x10 0x62644433
core   0: 0x8001adc8 (0x1c836b97) auipc   s7, 0x1c836
core   0: 3 0x8001adc8 (0x1c836b97) x23 0x9c850dc8
core   0: 0x8001adcc (0x3400b273) csrrc   tp, mscratch, ra
core   0: 3 0x8001adcc (0x3400b273) x4  0xfffffcef c832_mscratch 0x7fffb447
core   0: 0x8001add0 (0x03498993) addi    s3, s3, 52
core   0: 3 0x8001add0 (0x03498993) x19 0x80031e54
core   0: 0x8001add4 (0x01f55f13) srli    t5, a0, 31
core   0: 3 0x8001add4 (0x01f55f13) x30 0x00000000
core   0: 0x8001add8 (0x00008c13) mv      s8, ra
core   0: 3 0x8001add8 (0x00008c13) x24 0x800048b8
core   0: 0x8001addc (0x00009c02) c.jalr  s8
core   0: 3 0x8001addc (0x9c02) x1  0x8001adde
core   0: 0x800048b8 (0x0001e217) auipc   tp, 0x1e
core   0: 3 0x800048b8 (0x0001e217) x4  0x800228b8
core   0: 0x800048bc (0xc2c20213) addi    tp, tp, -980
core   0: 3 0x800048bc (0xc2c20213) x4  0x800224e4
core   0: 0x800048c0 (0xff622783) lw      a5, -10(tp)
core   0: 3 0x800048c0 (0xff622783) x15 0x96979091 mem 0x800224da mem 0x800224db mem 0x800224dc mem 0x800224dd
core   0: 0x800048c4 (0x00824b03) lbu     s6, 8(tp)
core   0: 3 0x800048c4 (0x00824b03) x22 0x000000a7 mem 0x800224ec
core   0: 0x800048c8 (0x00a21a03) lh      s4, 10(tp)
core   0: 3 0x800048c8 (0x00a21a03) x20 0xffffa4a5 mem 0x800224ee
core   0: 0x800048cc (0x01321823) sh      s3, 16(tp)
core   0: 3 0x800048cc (0x01321823) mem 0x800224f4 0x1e54
core   0: 0x800048d0 (0x00221823) sh      sp, 16(tp)
core   0: 3 0x800048d0 (0x00221823) mem 0x800224f4 0x0070
core   0: 0x800048d4 (0x013e94b3) sll     s1, t4, s3
core   0: 3 0x800048d4 (0x013e94b3) x9  0xfff00000
core   0: 0x800048d8 (0xffe22783) lw      a5, -2(tp)
core   0: 3 0x800048d8 (0xffe22783) x15 0x9e9f9899 mem 0x800224e2 mem 0x800224e3 mem 0x800224e4 mem 0x800224e5
core   0: 0x800048dc (0xfe622b23) sw      t1, -10(tp)
core   0: 3 0x800048dc (0xfe622b23) mem 0x800224da 0xc7 mem 0x800224db 0xc6 mem 0x800224dc 0xc5 mem 0x800224dd 0xc4
core   0: 0x800048e0 (0xff622583) lw      a1, -10(tp)
core   0: 3 0x800048e0 (0xff622583) x11 0xc4c5c6c7 mem 0x800224da mem 0x800224db mem 0x800224dc mem 0x800224dd
core   0: 0x800048e4 (0xfeb22b23) sw      a1, -10(tp)
core   0: 3 0x800048e4 (0xfeb22b23) mem 0x800224da 0xc7 mem 0x800224db 0xc6 mem 0x800224dc 0xc5 mem 0x800224dd 0xc4
core   0: 0x800048e8 (0xff622803) lw      a6, -10(tp)
core   0: 3 0x800048e8 (0xff622803) x16 0xc4c5c6c7 mem 0x800224da mem 0x800224db mem 0x800224dc mem 0x800224dd
core   0: 0x800048ec (0x00922803) lw      a6, 9(tp)
core   0: 3 0x800048ec (0x00922803) x16 0xaba4a5a6 mem 0x800224ed mem 0x800224ee mem 0x800224ef mem 0x800224f0
core   0: 0x800048f0 (0xfff22e23) sw      t6, -4(tp)
core   0: 3 0x800048f0 (0xfff22e23) mem 0x800224e0 0x00006e9b
core   0: 0x800048f4 (0xffc24b83) lbu     s7, -4(tp)
core   0: 3 0x800048f4 (0xffc24b83) x23 0x0000009b mem 0x800224e0
core   0: 0x800048f8 (0x009380b3) add     ra, t2, s1
core   0: 3 0x800048f8 (0x009380b3) x1  0x7ff1cb02
core   0: 0x800048fc (0x00222123) sw      sp, 2(tp)
core   0: 3 0x800048fc (0x00222123) mem 0x800224e6 0x70 mem 0x800224e7 0x0 mem 0x800224e8 0x0 mem 0x800224e9 0x0
core   0: 0x80004900 (0x00422823) sw      tp, 16(tp)
core   0: 3 0x80004900 (0x00422823) mem 0x800224f4 0x800224e4
core   0: 0x80004904 (0x0001a297) auipc   t0, 0x1a
core   0: 3 0x80004904 (0x0001a297) x5  0x8001e904
core   0: 0x80004908 (0xea128293) addi    t0, t0, -351
core   0: 3 0x80004908 (0xea128293) x5  0x8001e7a5
core   0: 0x8000490c (0x34006e73) csrrsi  t3, mscratch, 0
core   0: 3 0x8000490c (0x34006e73) x28 0x7fffb447
core   0: 0x80004910 (0x00d2a823) sw      a3, 16(t0)
core   0: 3 0x80004910 (0x00d2a823) mem 0x8001e7b5 0x49 mem 0x8001e7b6 0x0 mem 0x8001e7b7 0x0 mem 0x8001e7b8 0x0
core   0: 0x80004914 (0x0ff0000f) fence   iorw,iorw
core   0: 3 0x80004914 (0x0ff0000f)
core   0: 0x80004918 (0x03167133) remu    sp, a2, a7
core   0: 3 0x80004918 (0x03167133) x2  0x00000000
core   0: 0x8000491c (0x0102c383) lbu     t2, 16(t0)
core   0: 3 0x8000491c (0x0102c383) x7  0x00000049 mem 0x8001e7b5
core   0: 0x80004920 (0x00929823) sh      s1, 16(t0)
core   0: 3 0x80004920 (0x00929823) mem 0x8001e7b5 0x0 mem 0x8001e7b6 0x0
core   0: 0x80004924 (0x00429823) sh      tp, 16(t0)
core   0: 3 0x80004924 (0x00429823) mem 0x8001e7b5 0xe4 mem 0x8001e7b6 0x24
core   0: 0x80004928 (0x01028703) lb      a4, 16(t0)
core   0: 3 0x80004928 (0x01028703) x14 0xffffffe4 mem 0x8001e7b5
core   0: 0x8000492c (0x00008946) c.mv    s2, a7
core   0: 3 0x8000492c (0x8946) x18 0x80031e20
core   0: 0x8000492e (0x01c28823) sb      t3, 16(t0)
core   0: 3 0x8000492e (0x01c28823) mem 0x8001e7b5 0x47
core   0: 0x80004932 (0x01429823) sh      s4, 16(t0)
core   0: 3 0x80004932 (0x01429823) mem 0x8001e7b5 0xa5 mem 0x8001e7b6 0xa4
core   0: 0x80004936 (0x01028903) lb      s2, 16(t0)
core   0: 3 0x80004936 (0x01028903) x18 0xffffffa5 mem 0x8001e7b5
core   0: 0x8000493a (0x00b28823) sb      a1, 16(t0)
core   0: 3 0x8000493a (0x00b28823) mem 0x8001e7b5 0xc7
core   0: 0x8000493e (0x0092a823) sw      s1, 16(t0)
core   0: 3 0x8000493e (0x0092a823) mem 0x8001e7b5 0x0 mem 0x8001e7b6 0x0 mem 0x8001e7b7 0xf0 mem 0x8001e7b8 0xff
core   0: 0x80004942 (0x00929823) sh      s1, 16(t0)
core   0: 3 0x80004942 (0x00929823) mem 0x8001e7b5 0x0 mem 0x8001e7b6 0x0
core   0: 0x80004946 (0x00006159) c.addi16sp sp, 400
core   0: 3 0x80004946 (0x6159) x2  0x00000190
core   0: 0x80004948 (0x00628823) sb      t1, 16(t0)
core   0: 3 0x80004948 (0x00628823) mem 0x8001e7b5 0xc7
core   0: 0x8000494c (0x01029103) lh      sp, 16(t0)
core   0: 3 0x8000494c (0x01029103) x2  0x000000c7 mem 0x8001e7b5 mem 0x8001e7b6
core   0: 0x80004950 (0x01a25093) srli    ra, tp, 26
core   0: 3 0x80004950 (0x01a25093) x1  0x00000020
core   0: 0x80004954 (0x00008cfd) c.and   s1, a5
core   0: 3 0x80004954 (0x8cfd) x9  0x9e900000
core   0: 0x80004956 (0x01028d03) lb      s10, 16(t0)
core   0: 3 0x80004956 (0x01028d03) x26 0xffffffc7 mem 0x8001e7b5
core   0: 0x8000495a (0x0001f117) auipc   sp, 0x1f
core   0: 3 0x8000495a (0x0001f117) x2  0x8002395a
core   0: 0x8000495e (0x22a10113) addi    sp, sp, 554
core   0: 3 0x8000495e (0x22a10113) x2  0x80023b84
core   0: 0x80004962 (0xffa14b03) lbu     s6, -6(sp)
core   0: 3 0x80004962 (0xffa14b03) x22 0x00000035 mem 0x80023b7e
core   0: 0x80004966 (0xffa11603) lh      a2, -6(sp)
core   0: 3 0x80004966 (0xffa11603) x12 0x00003435 mem 0x80023b7e
core   0: 0x8000496a (0x411e5d33) sra     s10, t3, a7
core   0: 3 0x8000496a (0x411e5d33) x26 0x7fffb447
core   0: 0x8000496e (0xfc312803) lw      a6, -61(sp)
core   0: 3 0x8000496e (0xfc312803) x16 0x010203fc mem 0x80023b47 mem 0x80023b48 mem 0x80023b49 mem 0x80023b4a
core   0: 0x80004972 (0xfcf12aa3) sw      a5, -43(sp)
core   0: 3 0x80004972 (0xfcf12aa3) mem 0x80023b59 0x99 mem 0x80023b5a 0x98 mem 0x80023b5b 0x9f mem 0x80023b5c 0x9e
core   0: 0x80004976 (0x003128a3) sw      gp, 17(sp)
core   0: 3 0x80004976 (0x003128a3) mem 0x80023b95 0xef mem 0x80023b96 0xfc mem 0x80023b97 0xff mem 0x80023b98 0xff
core   0: 0x8000497a (0xfcd10b03) lb      s6, -51(sp)
core   0: 3 0x8000497a (0xfcd10b03) x22 0x0000000a mem 0x80023b51
core   0: 0x8000497e (0x013687b3) add     a5, a3, s3
core   0: 3 0x8000497e (0x013687b3) x15 0x80031e9d
core   0: 0x80004982 (0x00008e85) c.sub   a3, s1
core   0: 3 0x80004982 (0x8e85) x13 0x61700049
core   0: 0x80004984 (0x0000c80e) c.swsp  gp, 16(sp)
core   0: 3 0x80004984 (0xc80e) mem 0x80023b94 0xfffffcef
core   0: 0x80004986 (0x02b11b83) lh      s7, 43(sp)
core   0: 3 0x80004986 (0x02b11b83) x23 0x00006b64 mem 0x80023baf mem 0x80023bb0
core   0: 0x8000498a (0x02d10383) lb      t2, 45(sp)
core   0: 3 0x8000498a (0x02d10383) x7  0x0000006a mem 0x80023bb1
core   0: 0x8000498e (0xfc010283) lb      t0, -64(sp)
core   0: 3 0x8000498e (0xfc010283) x5  0xffffffff mem 0x80023b44
core   0: 0x80004992 (0x00023097) auipc   ra, 0x23
core   0: 3 0x80004992 (0x00023097) x1  0x80027992
core   0: 0x80004996 (0x79108093) addi    ra, ra, 1937
core   0: 3 0x80004996 (0x79108093) x1  0x80028123
core   0: 0x8000499a (0xfea099a3) sh      a0, -13(ra)
core   0: 3 0x8000499a (0xfea099a3) mem 0x80028116 0x4433
core   0: 0x8000499e (0x00018b97) auipc   s7, 0x18
core   0: 3 0x8000499e (0x00018b97) x23 0x8001c99e
core   0: 0x800049a2 (0x81db8b93) addi    s7, s7, -2019
core   0: 3 0x800049a2 (0x81db8b93) x23 0x8001c1bb
core   0: 0x800049a6 (0x00809123) sh      s0, 2(ra)
core   0: 3 0x800049a6 (0x00809123) mem 0x80028125 0x4 mem 0x80028126 0x0
core   0: 0x800049aa (0xf07b9f23) sh      t2, -226(s7)
core   0: 3 0x800049aa (0xf07b9f23) mem 0x8001c0d9 0x6a mem 0x8001c0da 0x0
core   0: 0x800049ae (0x0030aa83) lw      s5, 3(ra)
core   0: 3 0x800049ae (0x0030aa83) x21 0xe2e3dc00 mem 0x80028126 mem 0x80028127 mem 0x80028128 mem 0x80028129
core   0: 0x800049b2 (0x00a0a603) lw      a2, 10(ra)
core   0: 3 0x800049b2 (0x00a0a603) x12 0xebe4e5e6 mem 0x8002812d mem 0x8002812e mem 0x8002812f mem 0x80028130
core   0: 0x800049b6 (0x0f9b9423) sh      s9, 232(s7)
core   0: 3 0x800049b6 (0x0f9b9423) mem 0x8001c2a3 0xe4 mem 0x8001c2a4 0x5c
core   0: 0x800049ba (0x0080ca03) lbu     s4, 8(ra)
core   0: 3 0x800049ba (0x0080ca03) x20 0x000000e0 mem 0x8002812b
core   0: 0x800049be (0xfd1b9e23) sh      a7, -36(s7)
core   0: 3 0x800049be (0xfd1b9e23) mem 0x8001c197 0x20 mem 0x8001c198 0x1e
core   0: 0x800049c2 (0xf12b9123) sh      s2, -254(s7)
core   0: 3 0x800049c2 (0xf12b9123) mem 0x8001c0bd 0xa5 mem 0x8001c0be 0xff
core   0: 0x800049c6 (0xff50cd03) lbu     s10, -11(ra)
core   0: 3 0x800049c6 (0xff50cd03) x26 0x000000d3 mem 0x80028118
core   0: 0x800049ca (0xff90a803) lw      a6, -7(ra)
core   0: 3 0x800049ca (0xff90a803) x16 0xd4d5d6d7 mem 0x8002811c
core   0: 0x800049ce (0xf62ba103) lw      sp, -158(s7)
core   0: 3 0x800049ce (0xf62ba103) x2  0xdbd4d5d6 mem 0x8001c11d mem 0x8001c11e mem 0x8001c11f mem 0x8001c120
core   0: 0x800049d2 (0x00408c03) lb      s8, 4(ra)
core   0: 3 0x800049d2 (0x00408c03) x24 0xffffffdc mem 0x80028127
core   0: 0x800049d6 (0xfd0ba883) lw      a7, -48(s7)
core   0: 3 0x800049d6 (0xfd0ba883) x17 0x45464740 mem 0x8001c18b mem 0x8001c18c mem 0x8001c18d mem 0x8001c18e
core   0: 0x800049da (0x049b9903) lh      s2, 73(s7)
core   0: 3 0x800049da (0x049b9903) x18 0xffffbebf mem 0x8001c204
core   0: 0x800049de (0xffd0ca03) lbu     s4, -3(ra)
core   0: 3 0x800049de (0xffd0ca03) x20 0x000000db mem 0x80028120
core   0: 0x800049e2 (0x00025b97) auipc   s7, 0x25
core   0: 3 0x800049e2 (0x00025b97) x23 0x800299e2
core   0: 0x800049e6 (0x15fb8b93) addi    s7, s7, 351
core   0: 3 0x800049e6 (0x15fb8b93) x23 0x80029b41
core   0: 0x800049ea (0xfd8b9483) lh      s1, -40(s7)
core   0: 3 0x800049ea (0xfd8b9483) x9  0xffffd1d2 mem 0x80029b19 mem 0x80029b1a
core   0: 0x800049ee (0x1f4b8d23) sb      s4, 506(s7)
core   0: 3 0x800049ee (0x1f4b8d23) mem 0x80029d3b 0xdb
core   0: 0x800049f2 (0x00000b14) c.addi4spn a3, sp, 400
core   0: 3 0x800049f2 (0x0b14) x13 0xdbd4d766
core   0: 0x800049f4 (0x069ba303) lw      t1, 105(s7)
core   0: 3 0x800049f4 (0x069ba303) x6  0x66676061 mem 0x80029baa mem 0x80029bab mem 0x80029bac mem 0x80029bad
core   0: 0x800049f8 (0xf0dba183) lw      gp, -243(s7)
core   0: 3 0x800049f8 (0xf0dba183) x3  0x0a0b0405 mem 0x80029a4e mem 0x80029a4f mem 0x80029a50 mem 0x80029a51
core   0: 0x800049fc (0x00008cf5) c.and   s1, a3
core   0: 3 0x800049fc (0x8cf5) x9  0xdbd4d142
core   0: 0x800049fe (0xf5dbad83) lw      s11, -163(s7)
core   0: 3 0x800049fe (0xf5dbad83) x27 0x5a5b5455 mem 0x80029a9e mem 0x80029a9f mem 0x80029aa0 mem 0x80029aa1
core   0: 0x80004a02 (0x03a748b3) div     a7, a4, s10
core   0: 3 0x80004a02 (0x03a748b3) x17 0x00000000
core   0: 0x80004a06 (0x3ebba4a3) sw      a1, 1001(s7)
core   0: 3 0x80004a06 (0x3ebba4a3) mem 0x80029f2a 0xc7 mem 0x80029f2b 0xc6 mem 0x80029f2c 0xc5 mem 0x80029f2d 0xc4
core   0: 0x80004a0a (0x00004585) c.li    a1, 1
core   0: 3 0x80004a0a (0x4585) x11 0x00000001
core   0: 0x80004a0c (0xd00b89a3) sb      zero, -749(s7)
core   0: 3 0x80004a0c (0xd00b89a3) mem 0x80029854 0x0
core   0: 0x80004a10 (0x000085a9) c.srai  a1, 10
core   0: 3 0x80004a10 (0x85a9) x11 0x00000000
core   0: 0x80004a12 (0x00000f86) c.slli  t6, 1
core   0: 3 0x80004a12 (0x0f86) x31 0x0000dd36
core   0: 0x80004a14 (0x7f0b8523) sb      a6, 2026(s7)
core   0: 3 0x80004a14 (0x7f0b8523) mem 0x8002a32b 0xd7
core   0: 0x80004a18 (0x9d7ba9a3) sw      s7, -1581(s7)
core   0: 3 0x80004a18 (0x9d7ba9a3) mem 0x80029514 0x80029b41
core   0: 0x80004a1c (0x35abaf83) lw      t6, 858(s7)
core   0: 3 0x80004a1c (0x35abaf83) x31 0x55565750 mem 0x80029e9b mem 0x80029e9c mem 0x80029e9d mem 0x80029e9e
core   0: 0x80004a20 (0xbe2baa03) lw      s4, -1054(s7)
core   0: 3 0x80004a20 (0xbe2baa03) x20 0xdddedfd8 mem 0x80029723 mem 0x80029724 mem 0x80029725 mem 0x80029726
core   0: 0x80004a24 (0xe42b8183) lb      gp, -446(s7)
core   0: 3 0x80004a24 (0xe42b8183) x3  0x00000038 mem 0x80029983
core   0: 0x80004a28 (0x00008d1d) c.sub   a0, a5
core   0: 3 0x80004a28 (0x8d1d) x10 0xe2612596
core   0: 0x80004a2a (0x13db8703) lb      a4, 317(s7)
core   0: 3 0x80004a2a (0x13db8703) x14 0x00000035 mem 0x80029c7e
core   0: 0x80004a2e (0xeafb9423) sh      a5, -344(s7)
core   0: 3 0x80004a2e (0xeafb9423) mem 0x800299e9 0x9d mem 0x800299ea 0x1e
core   0: 0x80004a32 (0x09054393) xori    t2, a0, 144
core   0: 3 0x80004a32 (0x09054393) x7  0xe2612506
core   0: 0x80004a36 (0x7bbbc083) lbu     ra, 1979(s7)
core   0: 3 0x80004a36 (0x7bbbc083) x1  0x000000b7 mem 0x8002a2fc
core   0: 0x80004a3a (0x3ddb9803) lh      a6, 989(s7)
core   0: 3 0x80004a3a (0x3ddb9803) x16 0xffffd4d5 mem 0x80029f1e
core   0: 0x80004a3e (0x9dab8d23) sb      s10, -1574(s7)
core   0: 3 0x80004a3e (0x9dab8d23) mem 0x8002951b 0xd3
core   0: 0x80004a42 (0x374bcf83) lbu     t6, 884(s7)
core   0: 3 0x80004a42 (0x374bcf83) x31 0x0000006e mem 0x80029eb5
core   0: 0x80004a46 (0x4b0bdd83) lhu     s11, 1200(s7)
core   0: 3 0x80004a46 (0x4b0bdd83) x27 0x0000a9aa mem 0x80029ff1 mem 0x80029ff2
core   0: 0x80004a4a (0xa48bde03) lhu     t3, -1464(s7)
core   0: 3 0x80004a4a (0xa48bde03) x28 0x00004142 mem 0x80029589 mem 0x8002958a
core   0: 0x80004a4e (0x34fd0117) auipc   sp, 0x34fd0
core   0: 3 0x80004a4e (0x34fd0117) x2  0xb4fd4a4e
core   0: 0x80004a52 (0x03f9aab3) mulhsu  s5, s3, t6
core   0: 3 0x80004a52 (0x03f9aab3) x21 0xffffffc9
core   0: 0x80004a56 (0xb73bcf83) lbu     t6, -1165(s7)
core   0: 3 0x80004a56 (0xb73bcf83) x31 0x0000006f mem 0x800296b4
core   0: 0x80004a5a (0x70abcf03) lbu     t5, 1802(s7)
core   0: 3 0x80004a5a (0x70abcf03) x30 0x00000000 mem 0x8002a24b
core   0: 0x80004a5e (0x9cdb9d83) lh      s11, -1587(s7)
core   0: 3 0x80004a5e (0x9cdb9d83) x27 0xffffc4c5 mem 0x8002950e
core   0: 0x80004a62 (0xdf6b8123) sb      s6, -542(s7)
core   0: 3 0x80004a62 (0xdf6b8123) mem 0x80029923 0xa
core   0: 0x80004a66 (0x999b8583) lb      a1, -1639(s7)
core   0: 3 0x80004a66 (0x999b8583) x11 0xffffff91 mem 0x800294da
core   0: 0x80004a6a (0x340c17f3) csrrw   a5, mscratch, s8
core   0: 3 0x80004a6a (0x340c17f3) x15 0x7fffb447 c832_mscratch 0xffffffdc
core   0: 0x80004a6e (0x025c6a33) rem     s4, s8, t0
core   0: 3 0x80004a6e (0x025c6a33) x20 0x00000000
core   0: 0x80004a72 (0x2d9b85a3) sb      s9, 715(s7)
core   0: 3 0x80004a72 (0x2d9b85a3) mem 0x80029e0c 0xe4
core   0: 0x80004a76 (0x75bba023) sw      s11, 1856(s7)
core   0: 3 0x80004a76 (0x75bba023) mem 0x8002a281 0xc5 mem 0x8002a282 0xc4 mem 0x8002a283 0xff mem 0x8002a284 0xff
core   0: 0x80004a7a (0x02950933) mul     s2, a0, s1
core   0: 3 0x80004a7a (0x02950933) x18 0x1ef326ac
core   0: 0x80004a7e (0x643bd803) lhu     a6, 1603(s7)
core   0: 3 0x80004a7e (0x643bd803) x16 0x00003e3f mem 0x8002a184
core   0: 0x80004a82 (0x3ceb9023) sh      a4, 960(s7)
core   0: 3 0x80004a82 (0x3ceb9023) mem 0x80029f01 0x35 mem 0x80029f02 0x0
core   0: 0x80004a86 (0x00000001) c.nop
core   0: 3 0x80004a86 (0x0001)
core   0: 0x80004a88 (0xa92bc903) lbu     s2, -1390(s7)
core   0: 3 0x80004a88 (0xa92bc903) x18 0x00000088 mem 0x800295d3
core   0: 0x80004a8c (0x00023317) auipc   t1, 0x23
core   0: 3 0x80004a8c (0x00023317) x6  0x80027a8c
core   0: 0x80004a90 (0x7cc30313) addi    t1, t1, 1996
core   0: 3 0x80004a90 (0x7cc30313) x6  0x80028258
core   0: 0x80004a94 (0x00035103) lhu     sp, 0(t1)
core   0: 3 0x80004a94 (0x00035103) x2  0x00001213 mem 0x80028258
core   0: 0x80004a98 (0x00018817) auipc   a6, 0x18
core   0: 3 0x80004a98 (0x00018817) x16 0x8001ca98
core   0: 0x80004a9c (0x8b980813) addi    a6, a6, -1863
core   0: 3 0x80004a9c (0x8b980813) x16 0x8001c351
core   0: 0x80004aa0 (0xff930e03) lb      t3, -7(t1)
core   0: 3 0x80004aa0 (0xff930e03) x28 0x0000000a mem 0x80028251
core   0: 0x80004aa4 (0x01882423) sw      s8, 8(a6)
core   0: 3 0x80004aa4 (0x01882423) mem 0x8001c359 0xdc mem 0x8001c35a 0xff mem 0x8001c35b 0xff mem 0x8001c35c 0xff
core   0: 0x80004aa8 (0x00034603) lbu     a2, 0(t1)
core   0: 3 0x80004aa8 (0x00034603) x12 0x00000013 mem 0x80028258
core   0: 0x80004aac (0xfe380823) sb      gp, -16(a6)
core   0: 3 0x80004aac (0xfe380823) mem 0x8001c341 0x38
core   0: 0x80004ab0 (0xffd85783) lhu     a5, -3(a6)
core   0: 3 0x80004ab0 (0xffd85783) x15 0x00000405 mem 0x8001c34e
core   0: 0x80004ab4 (0x001322a3) sw      ra, 5(t1)
core   0: 3 0x80004ab4 (0x001322a3) mem 0x8002825d 0xb7 mem 0x8002825e 0x0 mem 0x8002825f 0x0 mem 0x80028260 0x0
core   0: 0x80004ab8 (0xffd30083) lb      ra, -3(t1)
core   0: 3 0x80004ab8 (0xffd30083) x1  0x0000000e mem 0x80028255
core   0: 0x80004abc (0x00d81e03) lh      t3, 13(a6)
core   0: 3 0x80004abc (0x00d81e03) x28 0x00001415 mem 0x8001c35e
core   0: 0x80004ac0 (0x00882703) lw      a4, 8(a6)
core   0: 3 0x80004ac0 (0x00882703) x14 0xffffffdc mem 0x8001c359 mem 0x8001c35a mem 0x8001c35b mem 0x8001c35c
core   0: 0x80004ac4 (0xffc34f83) lbu     t6, -4(t1)
core   0: 3 0x80004ac4 (0xffc34f83) x31 0x0000000f mem 0x80028254
core   0: 0x80004ac8 (0x00c80b03) lb      s6, 12(a6)
core   0: 3 0x80004ac8 (0x00c80b03) x22 0x00000016 mem 0x8001c35d
core   0: 0x80004acc (0x00e32c03) lw      s8, 14(t1)
core   0: 3 0x80004acc (0x00e32c03) x24 0x22231c1d mem 0x80028266 mem 0x80028267 mem 0x80028268 mem 0x80028269
core   0: 0x80004ad0 (0x00d31e83) lh      t4, 13(t1)
core   0: 3 0x80004ad0 (0x00d31e83) x29 0x00001d1e mem 0x80028265 mem 0x80028266
core   0: 0x80004ad4 (0x00084a03) lbu     s4, 0(a6)
core   0: 3 0x80004ad4 (0x00084a03) x20 0x0000000a mem 0x8001c351
core   0: 0x80004ad8 (0x00f322a3) sw      a5, 5(t1)
core   0: 3 0x80004ad8 (0x00f322a3) mem 0x8002825d 0x5 mem 0x8002825e 0x4 mem 0x8002825f 0x0 mem 0x80028260 0x0
core   0: 0x80004adc (0x01035103) lhu     sp, 16(t1)
core   0: 3 0x80004adc (0x01035103) x2  0x00002223 mem 0x80028268
core   0: 0x80004ae0 (0x00b80e83) lb      t4, 11(a6)
core   0: 3 0x80004ae0 (0x00b80e83) x29 0xffffffff mem 0x8001c35c
core   0: 0x80004ae4 (0xff680783) lb      a5, -10(a6)
core   0: 3 0x80004ae4 (0xff680783) x15 0xfffffffc mem 0x8001c347
core   0: 0x80004ae8 (0x00025097) auipc   ra, 0x25
core   0: 3 0x80004ae8 (0x00025097) x1  0x80029ae8
core   0: 0x80004aec (0x48f08093) addi    ra, ra, 1167
core   0: 3 0x80004aec (0x48f08093) x1  0x80029f77
core   0: 0x80004af0 (0xffb09ca3) sh      s11, -7(ra)
core   0: 3 0x80004af0 (0xffb09ca3) mem 0x80029f70 0xc4c5
core   0: 0x80004af4 (0x00409e03) lh      t3, 4(ra)
core   0: 3 0x80004af4 (0x00409e03) x28 0x00003730 mem 0x80029f7b mem 0x80029f7c
core   0: 0x80004af8 (0xff00a183) lw      gp, -16(ra)
core   0: 3 0x80004af8 (0xff00a183) x3  0x2122231c mem 0x80029f67 mem 0x80029f68 mem 0x80029f69 mem 0x80029f6a
core   0: 0x80004afc (0x00000596) c.slli  a1, 5
core   0: 3 0x80004afc (0x0596) x11 0xfffff220
core   0: 0x80004afe (0x011091a3) sh      a7, 3(ra)
core   0: 3 0x80004afe (0x011091a3) mem 0x80029f7a 0x0000
core   0: 0x80004b02 (0x0070c583) lbu     a1, 7(ra)
core   0: 3 0x80004b02 (0x0070c583) x11 0x00000035 mem 0x80029f7e
core   0: 0x80004b06 (0x00009603) lh      a2, 0(ra)
core   0: 3 0x80004b06 (0x00009603) x12 0x0000332c mem 0x80029f77 mem 0x80029f78
core   0: 0x80004b0a (0x008d8833) add     a6, s11, s0
core   0: 3 0x80004b0a (0x008d8833) x16 0xffffc4c9
core   0: 0x80004b0e (0x00008d61) c.and   a0, s0
core   0: 3 0x80004b0e (0x8d61) x10 0x00000004
core   0: 0x80004b10 (0x00000342) c.slli  t1, 16
core   0: 3 0x80004b10 (0x0342) x6  0x82580000
core   0: 0x80004b12 (0xff109a83) lh      s5, -15(ra)
core   0: 3 0x80004b12 (0xff109a83) x21 0x00002223 mem 0x80029f68
core   0: 0x80004b16 (0xffb0ae23) sw      s11, -4(ra)
core   0: 3 0x80004b16 (0xffb0ae23) mem 0x80029f73 0xc5 mem 0x80029f74 0xc4 mem 0x80029f75 0xff mem 0x80029f76 0xff
core   0: 0x80004b1a (0xfe709e23) sh      t2, -4(ra)
core   0: 3 0x80004b1a (0xfe709e23) mem 0x80029f73 0x6 mem 0x80029f74 0x25
core   0: 0x80004b1e (0x00007eb3) and     t4, zero, zero
core   0: 3 0x80004b1e (0x00007eb3) x29 0x00000000
core   0: 0x80004b22 (0x01e0a823) sw      t5, 16(ra)
core   0: 3 0x80004b22 (0x01e0a823) mem 0x80029f87 0x0 mem 0x80029f88 0x0 mem 0x80029f89 0x0 mem 0x80029f8a 0x0
core   0: 0x80004b26 (0xff909c23) sh      s9, -8(ra)
core   0: 3 0x80004b26 (0xff909c23) mem 0x80029f6f 0xe4 mem 0x80029f70 0x5c
core   0: 0x80004b2a (0xff508823) sb      s5, -16(ra)
core   0: 3 0x80004b2a (0xff508823) mem 0x80029f67 0x23
core   0: 0x80004b2e (0x01001b33) sll     s6, zero, a6
core   0: 3 0x80004b2e (0x01001b33) x22 0x00000000
core   0: 0x80004b32 (0x00a0a583) lw      a1, 10(ra)
core   0: 3 0x80004b32 (0x00a0a583) x11 0x3f38393a mem 0x80029f81 mem 0x80029f82 mem 0x80029f83 mem 0x80029f84
core   0: 0x80004b36 (0x0080a2a3) sw      s0, 5(ra)
core   0: 3 0x80004b36 (0x0080a2a3) mem 0x80029f7c 0x00000004
core   0: 0x80004b3a (0x00000001) c.nop
core   0: 3 0x80004b3a (0x0001)
core   0: 0x80004b3c (0xffa08603) lb      a2, -6(ra)
core   0: 3 0x80004b3c (0xffa08603) x12 0xffffffc4 mem 0x80029f71
core   0: 0x80004b40 (0x00000001) c.nop
core   0: 3 0x80004b40 (0x0001)
core   0: 0x80004b42 (0x00309383) lh      t2, 3(ra)
core   0: 3 0x80004b42 (0x00309383) x7  0x00000000 mem 0x80029f7a
core   0: 0x80004b46 (0x00008b2a) c.mv    s6, a0
core   0: 3 0x80004b46 (0x8b2a) x22 0x00000004
core   0: 0x80004b48 (0xff208a03) lb      s4, -14(ra)
core   0: 3 0x80004b48 (0xff208a03) x20 0x00000022 mem 0x80029f69
core   0: 0x80004b4c (0x0234bf33) mulhu   t5, s1, gp
core   0: 3 0x80004b4c (0x0234bf33) x30 0x1c73bf63
core   0: 0x80004b50 (0x0040d183) lhu     gp, 4(ra)
core   0: 3 0x80004b50 (0x0040d183) x3  0x00000400 mem 0x80029f7b mem 0x80029f7c
core   0: 0x80004b54 (0x009086a3) sb      s1, 13(ra)
core   0: 3 0x80004b54 (0x009086a3) mem 0x80029f84 0x42
core   0: 0x80004b58 (0xff509d83) lh      s11, -11(ra)
core   0: 3 0x80004b58 (0xff509d83) x27 0x00002627 mem 0x80029f6c
core   0: 0x80004b5c (0x00e08b03) lb      s6, 14(ra)
core   0: 3 0x80004b5c (0x00e08b03) x22 0x0000003e mem 0x80029f85
core   0: 0x80004b60 (0xff009f83) lh      t6, -16(ra)
core   0: 3 0x80004b60 (0xff009f83) x31 0x00002323 mem 0x80029f67 mem 0x80029f68
core   0: 0x80004b64 (0x0140a323) sw      s4, 6(ra)
core   0: 3 0x80004b64 (0x0140a323) mem 0x80029f7d 0x22 mem 0x80029f7e 0x0 mem 0x80029f7f 0x0 mem 0x80029f80 0x0
core   0: 0x80004b68 (0x0080c103) lbu     sp, 8(ra)
core   0: 3 0x80004b68 (0x0080c103) x2  0x00000000 mem 0x80029f7f
core   0: 0x80004b6c (0x00909f03) lh      t5, 9(ra)
core   0: 3 0x80004b6c (0x00909f03) x30 0x00003a00 mem 0x80029f80
core   0: 0x80004b70 (0x013080a3) sb      s3, 1(ra)
core   0: 3 0x80004b70 (0x013080a3) mem 0x80029f78 0x54
core   0: 0x80004b74 (0x00018117) auipc   sp, 0x18
core   0: 3 0x80004b74 (0x00018117) x2  0x8001cb74
core   0: 0x80004b78 (0xa9010113) addi    sp, sp, -1392
core   0: 3 0x80004b78 (0xa9010113) x2  0x8001c604
core   0: 0x80004b7c (0x02796033) rem     zero, s2, t2
core   0: 3 0x80004b7c (0x02796033)
core   0: 0x80004b80 (0x00008e09) c.sub   a2, a0
core   0: 3 0x80004b80 (0x8e09) x12 0xffffffc0
core   0: 0x80004b82 (0xff812c23) sw      s8, -8(sp)
core   0: 3 0x80004b82 (0xff812c23) mem 0x8001c5fc 0x22231c1d
core   0: 0x80004b86 (0x00c106a3) sb      a2, 13(sp)
core   0: 3 0x80004b86 (0x00c106a3) mem 0x8001c611 0xc0
core   0: 0x80004b8a (0x018122a3) sw      s8, 5(sp)
core   0: 3 0x80004b8a (0x018122a3) mem 0x8001c609 0x1d mem 0x8001c60a 0x1c mem 0x8001c60b 0x23 mem 0x8001c60c 0x22
core   0: 0x80004b8e (0xff814d03) lbu     s10, -8(sp)
core   0: 3 0x80004b8e (0xff814d03) x26 0x0000001d mem 0x8001c5fc
core   0: 0x80004b92 (0x7cfaa813) slti    a6, s5, 1999
core   0: 3 0x80004b92 (0x7cfaa813) x16 0x00000000
core   0: 0x80004b96 (0x00614b03) lbu     s6, 6(sp)
core   0: 3 0x80004b96 (0x00614b03) x22 0x0000001c mem 0x8001c60a
core   0: 0x80004b9a (0x0000c602) c.swsp  zero, 12(sp)
core   0: 3 0x80004b9a (0xc602) mem 0x8001c610 0x00000000
core   0: 0x80004b9c (0xfee11b23) sh      a4, -10(sp)
core   0: 3 0x80004b9c (0xfee11b23) mem 0x8001c5fa 0xffdc
core   0: 0x80004ba0 (0xff915203) lhu     tp, -7(sp)
core   0: 3 0x80004ba0 (0xff915203) x4  0x0000231c mem 0x8001c5fd mem 0x8001c5fe
core   0: 0x80004ba4 (0xff510b03) lb      s6, -11(sp)
core   0: 3 0x80004ba4 (0xff510b03) x22 0xffffffb2 mem 0x8001c5f9
core   0: 0x80004ba8 (0x00910283) lb      t0, 9(sp)
core   0: 3 0x80004ba8 (0x00910283) x5  0xffffffc6 mem 0x8001c60d
core   0: 0x80004bac (0x00a11903) lh      s2, 10(sp)
core   0: 3 0x80004bac (0x00a11903) x18 0xffffc4c5 mem 0x8001c60e
core   0: 0x80004bb0 (0x016117a3) sh      s6, 15(sp)
core   0: 3 0x80004bb0 (0x016117a3) mem 0x8001c613 0xb2 mem 0x8001c614 0xff
core   0: 0x80004bb4 (0xff114083) lbu     ra, -15(sp)
core   0: 3 0x80004bb4 (0xff114083) x1  0x000000ae mem 0x8001c5f5
core   0: 0x80004bb8 (0x00114d83) lbu     s11, 1(sp)
core   0: 3 0x80004bb8 (0x00114d83) x27 0x000000be mem 0x8001c605
core   0: 0x80004bbc (0xffc10d03) lb      s10, -4(sp)
core   0: 3 0x80004bbc (0xffc10d03) x26 0xffffffbb mem 0x8001c600
core   0: 0x80004bc0 (0x015103a3) sb      s5, 7(sp)
core   0: 3 0x80004bc0 (0x015103a3) mem 0x8001c60b 0x23
core   0: 0x80004bc4 (0x00712e03) lw      t3, 7(sp)
core   0: 3 0x80004bc4 (0x00712e03) x28 0xc5c62223 mem 0x8001c60b mem 0x8001c60c mem 0x8001c60d mem 0x8001c60e
core   0: 0x80004bc8 (0xff312c03) lw      s8, -13(sp)
core   0: 3 0x80004bc8 (0xff312c03) x24 0xdcb2b3ac mem 0x8001c5f7 mem 0x8001c5f8 mem 0x8001c5f9 mem 0x8001c5fa
core   0: 0x80004bcc (0x025017b3) mulh    a5, zero, t0
core   0: 3 0x80004bcc (0x025017b3) x15 0x00000000
core   0: 0x80004bd0 (0x00009eb2) c.add   t4, a2
core   0: 3 0x80004bd0 (0x9eb2) x29 0xffffffc0
core   0: 0x80004bd2 (0x01911323) sh      s9, 6(sp)
core   0: 3 0x80004bd2 (0x01911323) mem 0x8001c60a 0x5ce4
core   0: 0x80004bd6 (0x40b55233) sra     tp, a0, a1
core   0: 3 0x80004bd6 (0x40b55233) x4  0x00000000
core   0: 0x80004bda (0x0ff0000f) fence   iorw,iorw
core   0: 3 0x80004bda (0x0ff0000f)
core   0: 0x80004bde (0xff412b03) lw      s6, -12(sp)
core   0: 3 0x80004bde (0xff412b03) x22 0xffdcb2b3 mem 0x8001c5f8
core   0: 0x80004be2 (0xfe1108a3) sb      ra, -15(sp)
core   0: 3 0x80004be2 (0xfe1108a3) mem 0x8001c5f5 0xae
core   0: 0x80004be6 (0x00212b83) lw      s7, 2(sp)
core   0: 3 0x80004be6 (0x00212b83) x23 0x1dc3bcbd mem 0x8001c606 mem 0x8001c607 mem 0x8001c608 mem 0x8001c609
core   0: 0x80004bea (0xfe4118a3) sh      tp, -15(sp)
core   0: 3 0x80004bea (0xfe4118a3) mem 0x8001c5f5 0x0 mem 0x8001c5f6 0x0
core   0: 0x80004bee (0x004102a3) sb      tp, 5(sp)
core   0: 3 0x80004bee (0x004102a3) mem 0x8001c609 0x0
core   0: 0x80004bf2 (0x01ed77b3) and     a5, s10, t5
core   0: 3 0x80004bf2 (0x01ed77b3) x15 0x00003a00
core   0: 0x80004bf6 (0xfe412f23) sw      tp, -2(sp)
core   0: 3 0x80004bf6 (0xfe412f23) mem 0x8001c602 0x0 mem 0x8001c603 0x0 mem 0x8001c604 0x0 mem 0x8001c605 0x0
core   0: 0x80004bfa (0x340038f3) csrrc   a7, mscratch, zero
core   0: 3 0x80004bfa (0x340038f3) x17 0xffffffdc
core   0: 0x80004bfe (0x00d15883) lhu     a7, 13(sp)
core   0: 3 0x80004bfe (0x00d15883) x17 0x00000000 mem 0x8001c611 mem 0x8001c612
core   0: 0x80004c02 (0xff614283) lbu     t0, -10(sp)
core   0: 3 0x80004c02 (0xff614283) x5  0x000000dc mem 0x8001c5fa
core   0: 0x80004c06 (0xff312b83) lw      s7, -13(sp)
core   0: 3 0x80004c06 (0xff312b83) x23 0xdcb2b3ac mem 0x8001c5f7 mem 0x8001c5f8 mem 0x8001c5f9 mem 0x8001c5fa
core   0: 0x80004c0a (0xff9119a3) sh      s9, -13(sp)
core   0: 3 0x80004c0a (0xff9119a3) mem 0x8001c5f7 0xe4 mem 0x8001c5f8 0x5c
core   0: 0x80004c0e (0x116abd13) sltiu   s10, s5, 278
core   0: 3 0x80004c0e (0x116abd13) x26 0x00000000
core   0: 0x80004c12 (0x00001bfd) c.addi  s7, -1
core   0: 3 0x80004c12 (0x1bfd) x23 0xdcb2b3ab
core   0: 0x80004c14 (0x005122a3) sw      t0, 5(sp)
core   0: 3 0x80004c14 (0x005122a3) mem 0x8001c609 0xdc mem 0x8001c60a 0x0 mem 0x8001c60b 0x0 mem 0x8001c60c 0x0
core   0: 0x80004c18 (0x0001ab97) auipc   s7, 0x1a
core   0: 3 0x80004c18 (0x0001ab97) x23 0x8001ec18
core   0: 0x80004c1c (0x914b8b93) addi    s7, s7, -1772
core   0: 3 0x80004c1c (0x914b8b93) x23 0x8001e52c
core   0: 0x80004c20 (0x00000e88) c.addi4spn a0, sp, 848
core   0: 3 0x80004c20 (0x0e88) x10 0x8001c954
core   0: 0x80004c22 (0x40715393) srai    t2, sp, 7
core   0: 3 0x80004c22 (0x40715393) x7  0xff00038c
core   0: 0x80004c26 (0xfe1b9aa3) sh      ra, -11(s7)
core   0: 3 0x80004c26 (0xfe1b9aa3) mem 0x8001e521 0xae mem 0x8001e522 0x0
core   0: 0x80004c2a (0xe3034613) xori    a2, t1, -464
core   0: 3 0x80004c2a (0xe3034613) x12 0x7da7fe30
core   0: 0x80004c2e (0xff2b9b03) lh      s6, -14(s7)
core   0: 3 0x80004c2e (0xff2b9b03) x22 0xffffd4d5 mem 0x8001e51e
core   0: 0x80004c32 (0x0000100f) fence.i
core   0: 3 0x80004c32 (0x0000100f)
core   0: 0x80004c36 (0x02286ab3) rem     s5, a6, sp
core   0: 3 0x80004c36 (0x02286ab3) x21 0x00000000
core   0: 0x80004c3a (0x000bd603) lhu     a2, 0(s7)
core   0: 3 0x80004c3a (0x000bd603) x12 0x0000e6e7 mem 0x8001e52c
core   0: 0x80004c3e (0x000082f9) c.srli  a3, 30
core   0: 3 0x80004c3e (0x82f9) x13 0x00000003
core   0: 0x80004c40 (0xffeb8183) lb      gp, -2(s7)
core   0: 3 0x80004c40 (0xffeb8183) x3  0xffffffe1 mem 0x8001e52a
core   0: 0x80004c44 (0x00a17b33) and     s6, sp, a0
core   0: 3 0x80004c44 (0x00a17b33) x22 0x8001c004
core   0: 0x80004c48 (0xfffbae23) sw      t6, -4(s7)
core   0: 3 0x80004c48 (0xfffbae23) mem 0x8001e528 0x00002323
core   0: 0x80004c4c (0x006b80a3) sb      t1, 1(s7)
core   0: 3 0x80004c4c (0x006b80a3) mem 0x8001e52d 0x0
core   0: 0x80004c50 (0x001b80a3) sb      ra, 1(s7)
core   0: 3 0x80004c50 (0x001b80a3) mem 0x8001e52d 0xae
core   0: 0x80004c54 (0xff5b9903) lh      s2, -11(s7)
core   0: 3 0x80004c54 (0xff5b9903) x18 0x000000ae mem 0x8001e521 mem 0x8001e522
core   0: 0x80004c58 (0x00001d90) c.addi4spn a2, sp, 752
core   0: 3 0x80004c58 (0x1d90) x12 0x8001c8f4
core   0: 0x80004c5a (0x0000100f) fence.i
core   0: 3 0x80004c5a (0x0000100f)
core   0: 0x80004c5e (0x00dbd303) lhu     t1, 13(s7)
core   0: 3 0x80004c5e (0x00dbd303) x6  0x0000f1f2 mem 0x8001e539 mem 0x8001e53a
core   0: 0x80004c62 (0x0382edb3) rem     s11, t0, s8
core   0: 3 0x80004c62 (0x0382edb3) x27 0x000000dc
core   0: 0x80004c66 (0x0280f033) remu    zero, ra, s0
core   0: 3 0x80004c66 (0x0280f033)
core   0: 0x80004c6a (0x007bd083) lhu     ra, 7(s7)
core   0: 3 0x80004c6a (0x007bd083) x1  0x0000efe8 mem 0x8001e533 mem 0x8001e534
core   0: 0x80004c6e (0x03a51333) mulh    t1, a0, s10
core   0: 3 0x80004c6e (0x03a51333) x6  0x00000000
core   0: 0x80004c72 (0x10e32213) slti    tp, t1, 270
core   0: 3 0x80004c72 (0x10e32213) x4  0x00000001
core   0: 0x80004c76 (0x002b9a83) lh      s5, 2(s7)
core   0: 3 0x80004c76 (0x002b9a83) x21 0xffffe4e5 mem 0x8001e52e
core   0: 0x80004c7a (0x00008f75) c.and   a4, a3
core   0: 3 0x80004c7a (0x8f75) x14 0x00000000
core   0: 0x80004c7c (0x02033a33) mulhu   s4, t1, zero
core   0: 3 0x80004c7c (0x02033a33) x20 0x00000000
core   0: 0x80004c80 (0x003bc083) lbu     ra, 3(s7)
core   0: 3 0x80004c80 (0x003bc083) x1  0x000000e4 mem 0x8001e52f
core   0: 0x80004c84 (0x00009ee2) c.add   t4, s8
core   0: 3 0x80004c84 (0x9ee2) x29 0xdcb2b36c
core   0: 0x80004c86 (0x0ff0000f) fence   iorw,iorw
core   0: 3 0x80004c86 (0x0ff0000f)
core   0: 0x80004c8a (0x00fb9e83) lh      t4, 15(s7)
core   0: 3 0x80004c8a (0x00fb9e83) x29 0xfffff7f0 mem 0x8001e53b mem 0x8001e53c
core   0: 0x80004c8e (0xff4ba703) lw      a4, -12(s7)
core   0: 3 0x80004c8e (0xff4ba703) x14 0xd800aedb mem 0x8001e520
core   0: 0x80004c92 (0xff3bd283) lhu     t0, -13(s7)
core   0: 3 0x80004c92 (0xff3bd283) x5  0x0000dbd4 mem 0x8001e51f mem 0x8001e520
core   0: 0x80004c96 (0x00008291) c.srli  a3, 4
core   0: 3 0x80004c96 (0x8291) x13 0x00000000
core   0: 0x80004c98 (0x00008d1d) c.sub   a0, a5
core   0: 3 0x80004c98 (0x8d1d) x10 0x80018f54
core   0: 0x80004c9a (0x01e35293) srli    t0, t1, 30
core   0: 3 0x80004c9a (0x01e35293) x5  0x00000000
core   0: 0x80004c9e (0x000082f2) c.mv    t0, t3
core   0: 3 0x80004c9e (0x82f2) x5  0xc5c62223
core   0: 0x80004ca0 (0x00aba703) lw      a4, 10(s7)
core   0: 3 0x80004ca0 (0x00aba703) x14 0xf2f3eced mem 0x8001e536 mem 0x8001e537 mem 0x8001e538 mem 0x8001e539
core   0: 0x80004ca4 (0x00bb94a3) sh      a1, 9(s7)
core   0: 3 0x80004ca4 (0x00bb94a3) mem 0x8001e535 0x3a mem 0x8001e536 0x39
core   0: 0x80004ca8 (0x0000615d) c.addi16sp sp, 432
core   0: 3 0x80004ca8 (0x615d) x2  0x8001c7b4
core   0: 0x80004caa (0x004bd103) lhu     sp, 4(s7)
core   0: 3 0x80004caa (0x004bd103) x2  0x0000eaeb mem 0x8001e530
core   0: 0x80004cae (0x00000001) c.nop
core   0: 3 0x80004cae (0x0001)
core   0: 0x80004cb0 (0x6c612e93) slti    t4, sp, 1734
core   0: 3 0x80004cb0 (0x6c612e93) x29 0x00000000
core   0: 0x80004cb4 (0x003bd183) lhu     gp, 3(s7)
core   0: 3 0x80004cb4 (0x003bd183) x3  0x0000ebe4 mem 0x8001e52f mem 0x8001e530
core   0: 0x80004cb8 (0xff5ba803) lw      a6, -11(s7)
core   0: 3 0x80004cb8 (0xff5ba803) x16 0xdfd800ae mem 0x8001e521 mem 0x8001e522 mem 0x8001e523 mem 0x8001e524
core   0: 0x80004cbc (0x00017817) auipc   a6, 0x17
core   0: 3 0x80004cbc (0x00017817) x16 0x8001bcbc
core   0: 0x80004cc0 (0x3a380813) addi    a6, a6, 931
core   0: 3 0x80004cc0 (0x3a380813) x16 0x8001c05f
core   0: 0x80004cc4 (0x00880583) lb      a1, 8(a6)
core   0: 3 0x80004cc4 (0x00880583) x11 0x0000001c mem 0x8001c067
core   0: 0x80004cc8 (0x000006a9) c.addi  a3, 10
core   0: 3 0x80004cc8 (0x06a9) x13 0x0000000a
core   0: 0x80004cca (0x00006c35) c.lui   s8, 0xd
core   0: 3 0x80004cca (0x6c35) x24 0x0000d000
core   0: 0x80004ccc (0x2d581083) lh      ra, 725(a6)
core   0: 3 0x80004ccc (0x2d581083) x1  0xffffeeef mem 0x8001c334
core   0: 0x80004cd0 (0x0069d733) srl     a4, s3, t1
core   0: 3 0x80004cd0 (0x0069d733) x14 0x80031e54
core   0: 0x80004cd4 (0x19c84703) lbu     a4, 412(a6)
core   0: 3 0x80004cd4 (0x19c84703) x14 0x000000b0 mem 0x8001c1fb
core   0: 0x80004cd8 (0x00006165) c.addi16sp sp, 112
core   0: 3 0x80004cd8 (0x6165) x2  0x0000eb5b
core   0: 0x80004cda (0x9a980313) addi    t1, a6, -1623
core   0: 3 0x80004cda (0x9a980313) x6  0x8001ba08
core   0: 0x80004cde (0x56e80483) lb      s1, 1390(a6)
core   0: 3 0x80004cde (0x56e80483) x9  0xffffff86 mem 0x8001c5cd
core   0: 0x80004ce2 (0x00008d51) c.or    a0, a2
core   0: 3 0x80004ce2 (0x8d51) x10 0x8001cff4
core   0: 0x80004ce4 (0x5ec80783) lb      a5, 1516(a6)
core   0: 3 0x80004ce4 (0x5ec80783) x15 0x00000000 mem 0x8001c64b
core   0: 0x80004ce8 (0x02d2a3b3) mulhsu  t2, t0, a3
core   0: 3 0x80004ce8 (0x02d2a3b3) x7  0xfffffffd
core   0: 0x80004cec (0x37484603) lbu     a2, 884(a6)
core   0: 3 0x80004cec (0x37484603) x12 0x00000088 mem 0x8001c3d3
core   0: 0x80004cf0 (0x44382a03) lw      s4, 1091(a6)
core   0: 3 0x80004cf0 (0x44382a03) x20 0x5e5f5859 mem 0x8001c4a2 mem 0x8001c4a3 mem 0x8001c4a4 mem 0x8001c4a5
core   0: 0x80004cf4 (0x345809a3) sb      t0, 851(a6)
core   0: 3 0x80004cf4 (0x345809a3) mem 0x8001c3b2 0x23
core   0: 0x80004cf8 (0x00008fe5) c.and   a5, s1
core   0: 3 0x80004cf8 (0x8fe5) x15 0x00000000
core   0: 0x80004cfa (0x1671b013) sltiu   zero, gp, 359
core   0: 3 0x80004cfa (0x1671b013)
core   0: 0x80004cfe (0x7c085f83) lhu     t6, 1984(a6)
core   0: 3 0x80004cfe (0x7c085f83) x31 0x0000dbd4 mem 0x8001c81f mem 0x8001c820
core   0: 0x80004d02 (0x00000001) c.nop
core   0: 3 0x80004d02 (0x0001)
core   0: 0x80004d04 (0x03d27d33) remu    s10, tp, t4
core   0: 3 0x80004d04 (0x03d27d33) x26 0x00000001
core   0: 0x80004d08 (0x2c4821a3) sw      tp, 707(a6)
core   0: 3 0x80004d08 (0x2c4821a3) mem 0x8001c322 0x1 mem 0x8001c323 0x0 mem 0x8001c324 0x0 mem 0x8001c325 0x0
core   0: 0x80004d0c (0x340065f3) csrrsi  a1, mscratch, 0
core   0: 3 0x80004d0c (0x340065f3) x11 0xffffffdc
core   0: 0x80004d10 (0x5c281d23) sh      sp, 1498(a6)
core   0: 3 0x80004d10 (0x5c281d23) mem 0x8001c639 0x5b mem 0x8001c63a 0xeb
core   0: 0x80004d14 (0x40fd0bb3) sub     s7, s10, a5
core   0: 3 0x80004d14 (0x40fd0bb3) x23 0x00000001
core   0: 0x80004d18 (0x01980ba3) sb      s9, 23(a6)
core   0: 3 0x80004d18 (0x01980ba3) mem 0x8001c076 0xe4
core   0: 0x80004d1c (0x021d6633) rem     a2, s10, ra
core   0: 3 0x80004d1c (0x021d6633) x12 0x00000001
core   0: 0x80004d20 (0x03b11bb3) mulh    s7, sp, s11
core   0: 3 0x80004d20 (0x03b11bb3) x23 0x00000000
core   0: 0x80004d24 (0x000081b5) c.srli  a1, 13
core   0: 3 0x80004d24 (0x81b5) x11 0x0007ffff
core   0: 0x80004d26 (0x00008e49) c.or    a2, a0
core   0: 3 0x80004d26 (0x8e49) x12 0x8001cff5
core   0: 0x80004d28 (0x1e984083) lbu     ra, 489(a6)
core   0: 3 0x80004d28 (0x1e984083) x1  0x00000003 mem 0x8001c248
core   0: 0x80004d2c (0x3401d2f3) csrrwi  t0, mscratch, 3
core   0: 3 0x80004d2c (0x3401d2f3) x5  0xffffffdc c832_mscratch 0x00000003
core   0: 0x80004d30 (0x340b9df3) csrrw   s11, mscratch, s7
core   0: 3 0x80004d30 (0x340b9df3) x27 0x00000003 c832_mscratch 0x00000000
core   0: 0x80004d34 (0x316815a3) sh      s6, 779(a6)
core   0: 3 0x80004d34 (0x316815a3) mem 0x8001c36a 0xc004
core   0: 0x80004d38 (0x033adb33) divu    s6, s5, s3
core   0: 3 0x80004d38 (0x033adb33) x22 0x00000001
core   0: 0x80004d3c (0x340d9973) csrrw   s2, mscratch, s11
core   0: 3 0x80004d3c (0x340d9973) x18 0x00000000 c832_mscratch 0x00000003
core   0: 0x80004d40 (0xd7828113) addi    sp, t0, -648
core   0: 3 0x80004d40 (0xd7828113) x2  0xfffffd54
core   0: 0x80004d44 (0x00201f13) slli    t5, zero, 2
core   0: 3 0x80004d44 (0x00201f13) x30 0x00000000
core   0: 0x80004d48 (0x28f81d83) lh      s11, 655(a6)
core   0: 3 0x80004d48 (0x28f81d83) x27 0xffffa4a5 mem 0x8001c2ee
core   0: 0x80004d4c (0x340b7973) csrrci  s2, mscratch, 22
core   0: 3 0x80004d4c (0x340b7973) x18 0x00000003 c832_mscratch 0x00000001
core   0: 0x80004d50 (0x00000001) c.nop
core   0: 3 0x80004d50 (0x0001)
core   0: 0x80004d52 (0x5b981c23) sh      s9, 1464(a6)
core   0: 3 0x80004d52 (0x5b981c23) mem 0x8001c617 0xe4 mem 0x8001c618 0x5c
core   0: 0x80004d56 (0x02a46033) rem     zero, s0, a0
core   0: 3 0x80004d56 (0x02a46033)
core   0: 0x80004d5a (0x1ba81a83) lh      s5, 442(a6)
core   0: 3 0x80004d5a (0x1ba81a83) x21 0xffffd1d2 mem 0x8001c219 mem 0x8001c21a
core   0: 0x80004d5e (0x00022717) auipc   a4, 0x22
core   0: 3 0x80004d5e (0x00022717) x14 0x80026d5e
core   0: 0x80004d62 (0xf3b70713) addi    a4, a4, -197
core   0: 3 0x80004d62 (0xf3b70713) x14 0x80026c99
core   0: 0x80004d66 (0x00018b17) auipc   s6, 0x18
core   0: 3 0x80004d66 (0x00018b17) x22 0x8001cd66
core   0: 0x80004d6a (0x1bfb0b13) addi    s6, s6, 447
core   0: 3 0x80004d6a (0x1bfb0b13) x22 0x8001cf25
core   0: 0x80004d6e (0x9db706a3) sb      s11, -1587(a4)
core   0: 3 0x80004d6e (0x9db706a3) mem 0x80026666 0xa5
core   0: 0x80004d72 (0xff0b1fa3) sh      a6, -1(s6)
core   0: 3 0x80004d72 (0xff0b1fa3) mem 0x8001cf24 0xc05f
core   0: 0x80004d76 (0xfc7720a3) sw      t2, -63(a4)
core   0: 3 0x80004d76 (0xfc7720a3) mem 0x80026c5a 0xfd mem 0x80026c5b 0xff mem 0x80026c5c 0xff mem 0x80026c5d 0xff
core   0: 0x80004d7a (0x42b74283) lbu     t0, 1067(a4)
core   0: 3 0x80004d7a (0x42b74283) x5  0x0000007f mem 0x800270c4
core   0: 0x80004d7e (0x7fb70003) lb      zero, 2043(a4)
core   0: 3 0x80004d7e (0x7fb70003) mem 0x80027494
core   0: 0x80004d82 (0xfffb5003) lhu     zero, -1(s6)
core   0: 3 0x80004d82 (0xfffb5003) mem 0x8001cf24
core   0: 0x80004d86 (0xab172603) lw      a2, -1359(a4)
core   0: 3 0x80004d86 (0xab172603) x12 0x06070001 mem 0x8002674a mem 0x8002674b mem 0x8002674c mem 0x8002674d
core   0: 0x80004d8a (0x02675583) lhu     a1, 38(a4)
core   0: 3 0x80004d8a (0x02675583) x11 0x00007b74 mem 0x80026cbf mem 0x80026cc0
core   0: 0x80004d8e (0x000b4283) lbu     t0, 0(s6)
core   0: 3 0x80004d8e (0x000b4283) x5  0x000000c0 mem 0x8001cf25
core   0: 0x80004d92 (0x94d70923) sb      a3, -1710(a4)
core   0: 3 0x80004d92 (0x94d70923) mem 0x800265eb 0xa
core   0: 0x80004d96 (0xd9971603) lh      a2, -615(a4)
core   0: 3 0x80004d96 (0xd9971603) x12 0xffffe8e9 mem 0x80026a32
core   0: 0x80004d9a (0xff6b0f83) lb      t6, -10(s6)
core   0: 3 0x80004d9a (0xff6b0f83) x31 0xffffffd0 mem 0x8001cf1b
core   0: 0x80004d9e (0xbbe71f03) lh      t5, -1090(a4)
core   0: 3 0x80004d9e (0xbbe71f03) x30 0x0000130c mem 0x80026857 mem 0x80026858
core   0: 0x80004da2 (0x74c75883) lhu     a7, 1868(a4)
core   0: 3 0x80004da2 (0x74c75883) x17 0x00009d9e mem 0x800273e5 mem 0x800273e6
core   0: 0x80004da6 (0x002b5a03) lhu     s4, 2(s6)
core   0: 3 0x80004da6 (0x002b5a03) x20 0x0000e3dc mem 0x8001cf27 mem 0x8001cf28
core   0: 0x80004daa (0x0001f117) auipc   sp, 0x1f
core   0: 3 0x80004daa (0x0001f117) x2  0x80023daa
core   0: 0x80004dae (0x12b10113) addi    sp, sp, 299
core   0: 3 0x80004dae (0x12b10113) x2  0x80023ed5
core   0: 0x80004db2 (0xe6714c03) lbu     s8, -409(sp)
core   0: 3 0x80004db2 (0xe6714c03) x24 0x000000f7 mem 0x80023d3c
core   0: 0x80004db6 (0x9b414883) lbu     a7, -1612(sp)
core   0: 3 0x80004db6 (0x9b414883) x17 0x00000042 mem 0x80023889
core   0: 0x80004dba (0x9b414903) lbu     s2, -1612(sp)
core   0: 3 0x80004dba (0x9b414903) x18 0x00000042 mem 0x80023889
core   0: 0x80004dbe (0x00008d9d) c.sub   a1, a5
core   0: 3 0x80004dbe (0x8d9d) x11 0x00007b74
core   0: 0x80004dc0 (0x9b410803) lb      a6, -1612(sp)
core   0: 3 0x80004dc0 (0x9b410803) x16 0x00000042 mem 0x80023889
core   0: 0x80004dc4 (0x9b012a23) sw      a6, -1612(sp)
core   0: 3 0x80004dc4 (0x9b012a23) mem 0x80023889 0x42 mem 0x8002388a 0x0 mem 0x8002388b 0x0 mem 0x8002388c 0x0
core   0: 0x80004dc8 (0x9b410503) lb      a0, -1612(sp)
core   0: 3 0x80004dc8 (0x9b410503) x10 0x00000042 mem 0x80023889
core   0: 0x80004dcc (0x00008d39) c.xor   a0, a4
core   0: 3 0x80004dcc (0x8d39) x10 0x80026cdb
core   0: 0x80004dce (0x34006873) csrrsi  a6, mscratch, 0
core   0: 3 0x80004dce (0x34006873) x16 0x00000001
core   0: 0x80004dd2 (0x9a312a23) sw      gp, -1612(sp)
core   0: 3 0x80004dd2 (0x9a312a23) mem 0x80023889 0xe4 mem 0x8002388a 0xeb mem 0x8002388b 0x0 mem 0x8002388c 0x0
core   0: 0x80004dd6 (0x9b410003) lb      zero, -1612(sp)
core   0: 3 0x80004dd6 (0x9b410003) mem 0x80023889
core   0: 0x80004dda (0x9b412683) lw      a3, -1612(sp)
core   0: 3 0x80004dda (0x9b412683) x13 0x0000ebe4 mem 0x80023889 mem 0x8002388a mem 0x8002388b mem 0x8002388c
core   0: 0x80004dde (0x9aa12a23) sw      a0, -1612(sp)
core   0: 3 0x80004dde (0x9aa12a23) mem 0x80023889 0xdb mem 0x8002388a 0x6c mem 0x8002388b 0x2 mem 0x8002388c 0x80
core   0: 0x80004de2 (0x9bf12a23) sw      t6, -1612(sp)
core   0: 3 0x80004de2 (0x9bf12a23) mem 0x80023889 0xd0 mem 0x8002388a 0xff mem 0x8002388b 0xff mem 0x8002388c 0xff
core   0: 0x80004de6 (0x9b411283) lh      t0, -1612(sp)
core   0: 3 0x80004de6 (0x9b411283) x5  0xffffffd0 mem 0x80023889 mem 0x8002388a
core   0: 0x80004dea (0x33211823) sh      s2, 816(sp)
core   0: 3 0x80004dea (0x33211823) mem 0x80024205 0x42 mem 0x80024206 0x0
core   0: 0x80004dee (0x16c14603) lbu     a2, 364(sp)
core   0: 3 0x80004dee (0x16c14603) x12 0x000000fa mem 0x80024041
core   0: 0x80004df2 (0x0001c117) auipc   sp, 0x1c
core   0: 3 0x80004df2 (0x0001c117) x2  0x80020df2
core   0: 0x80004df6 (0x26910113) addi    sp, sp, 617
core   0: 3 0x80004df6 (0x26910113) x2  0x8002105b
core   0: 0x80004dfa (0x005a2b33) slt     s6, s4, t0
core   0: 3 0x80004dfa (0x005a2b33) x22 0x00000000
core   0: 0x80004dfe (0x64311ba3) sh      gp, 1623(sp)
core   0: 3 0x80004dfe (0x64311ba3) mem 0x800216b2 0xebe4
core   0: 0x80004e02 (0x2ed11503) lh      a0, 749(sp)
core   0: 3 0x80004e02 (0x2ed11503) x10 0x00000203 mem 0x80021348
core   0: 0x80004e06 (0xa40106a3) sb      zero, -1459(sp)
core   0: 3 0x80004e06 (0xa40106a3) mem 0x80020aa8 0x0
core   0: 0x80004e0a (0x7cc14813) xori    a6, sp, 1996
core   0: 3 0x80004e0a (0x7cc14813) x16 0x80021797
core   0: 0x80004e0e (0x3ab10183) lb      gp, 939(sp)
core   0: 3 0x80004e0e (0x3ab10183) x3  0xffffffbd mem 0x80021406
core   0: 0x80004e12 (0x15915a03) lhu     s4, 345(sp)
core   0: 3 0x80004e12 (0x15915a03) x20 0x00006e6f mem 0x800211b4
core   0: 0x80004e16 (0x00008e7d) c.and   a2, a5
core   0: 3 0x80004e16 (0x8e7d) x12 0x00000000
core   0: 0x80004e18 (0xe840e093) ori     ra, ra, -380
core   0: 3 0x80004e18 (0xe840e093) x1  0xfffffe87
core   0: 0x80004e1c (0xf8b11d23) sh      a1, -102(sp)
core   0: 3 0x80004e1c (0xf8b11d23) mem 0x80020ff5 0x74 mem 0x80020ff6 0x7b
core   0: 0x80004e20 (0x4de11283) lh      t0, 1246(sp)
core   0: 3 0x80004e20 (0x4de11283) x5  0xfffff1f2 mem 0x80021539 mem 0x8002153a
core   0: 0x80004e24 (0x29211ca3) sh      s2, 665(sp)
core   0: 3 0x80004e24 (0x29211ca3) mem 0x800212f4 0x0042
core   0: 0x80004e28 (0xf183ad13) slti    s10, t2, -232
core   0: 3 0x80004e28 (0xf183ad13) x26 0x00000000
core   0: 0x80004e2c (0x301fb213) sltiu   tp, t6, 769
core   0: 3 0x80004e2c (0x301fb213) x4  0x00000000
core   0: 0x80004e30 (0x81810003) lb      zero, -2024(sp)
core   0: 3 0x80004e30 (0x81810003) mem 0x80020873
core   0: 0x80004e34 (0x31f12923) sw      t6, 786(sp)
core   0: 3 0x80004e34 (0x31f12923) mem 0x8002136d 0xd0 mem 0x8002136e 0xff mem 0x8002136f 0xff mem 0x80021370 0xff
core   0: 0x80004e38 (0x1ed11a03) lh      s4, 493(sp)
core   0: 3 0x80004e38 (0x1ed11a03) x20 0x00000203 mem 0x80021248
core   0: 0x80004e3c (0x340022f3) csrr    t0, mscratch
core   0: 3 0x80004e3c (0x340022f3) x5  0x00000001
core   0: 0x80004e40 (0x00001bfd) c.addi  s7, -1
core   0: 3 0x80004e40 (0x1bfd) x23 0xffffffff
core   0: 0x80004e42 (0x75410503) lb      a0, 1876(sp)
core   0: 3 0x80004e42 (0x75410503) x10 0x00000064 mem 0x800217af
core   0: 0x80004e46 (0x02787233) remu    tp, a6, t2
core   0: 3 0x80004e46 (0x02787233) x4  0x80021797
core   0: 0x80004e4a (0x00000001) c.nop
core   0: 3 0x80004e4a (0x0001)
core   0: 0x80004e4c (0x0000859d) c.srai  a1, 7
core   0: 3 0x80004e4c (0x859d) x11 0x000000f6
core   0: 0x80004e4e (0x01b37b33) and     s6, t1, s11
core   0: 3 0x80004e4e (0x01b37b33) x22 0x8001a000
core   0: 0x80004e52 (0x00008f2d) c.xor   a4, a1
core   0: 3 0x80004e52 (0x8f2d) x14 0x80026c6f
core   0: 0x80004e54 (0x2e510203) lb      tp, 741(sp)
core   0: 3 0x80004e54 (0x2e510203) x4  0xfffffffb mem 0x80021340
core   0: 0x80004e58 (0x054103a3) sb      s4, 71(sp)
core   0: 3 0x80004e58 (0x054103a3) mem 0x800210a2 0x3
core   0: 0x80004e5c (0xb8d42393) slti    t2, s0, -1139
core   0: 3 0x80004e5c (0xb8d42393) x7  0x00000000
core   0: 0x80004e60 (0x7ba12b23) sw      s10, 1974(sp)
core   0: 3 0x80004e60 (0x7ba12b23) mem 0x80021811 0x0 mem 0x80021812 0x0 mem 0x80021813 0x0 mem 0x80021814 0x0
core   0: 0x80004e64 (0xad411a03) lh      s4, -1324(sp)
core   0: 3 0x80004e64 (0xad411a03) x20 0xffffebe4 mem 0x80020b2f mem 0x80020b30
core   0: 0x80004e68 (0x0ff0000f) fence   iorw,iorw
core   0: 3 0x80004e68 (0x0ff0000f)
core   0: 0x80004e6c (0x6e010a23) sb      zero, 1780(sp)
core   0: 3 0x80004e6c (0x6e010a23) mem 0x8002174f 0x0
core   0: 0x80004e70 (0x4bd11fa3) sh      t4, 1215(sp)
core   0: 3 0x80004e70 (0x4bd11fa3) mem 0x8002151a 0x0000
core   0: 0x80004e74 (0x1b911683) lh      a3, 441(sp)
core   0: 3 0x80004e74 (0x1b911683) x13 0xffffcecf mem 0x80021214
core   0: 0x80004e78 (0xc3a12523) sw      s10, -982(sp)
core   0: 3 0x80004e78 (0xc3a12523) mem 0x80020c85 0x0 mem 0x80020c86 0x0 mem 0x80020c87 0x0 mem 0x80020c88 0x0
core   0: 0x80004e7c (0x00008e75) c.and   a2, a3
core   0: 3 0x80004e7c (0x8e75) x12 0x00000000
core   0: 0x80004e7e (0x1b110083) lb      ra, 433(sp)
core   0: 3 0x80004e7e (0x1b110083) x1  0xffffffc7 mem 0x8002120c
core   0: 0x80004e82 (0x00004c7d) c.li    s8, 31
core   0: 3 0x80004e82 (0x4c7d) x24 0x0000001f
core   0: 0x80004e84 (0x34005d73) csrrwi  s10, mscratch, 0
core   0: 3 0x80004e84 (0x34005d73) x26 0x00000001 c832_mscratch 0x00000000
core   0: 0x80004e88 (0x1a128e13) addi    t3, t0, 417
core   0: 3 0x80004e88 (0x1a128e13) x28 0x000001a2
core   0: 0x80004e8c (0xaa412e23) sw      tp, -1348(sp)
core   0: 3 0x80004e8c (0xaa412e23) mem 0x80020b17 0xfb mem 0x80020b18 0xff mem 0x80020b19 0xff mem 0x80020b1a 0xff
core   0: 0x80004e90 (0x6a910283) lb      t0, 1705(sp)
core   0: 3 0x80004e90 (0x6a910283) x5  0xffffffbf mem 0x80021704
core   0: 0x80004e94 (0x1c612ba3) sw      t1, 471(sp)
core   0: 3 0x80004e94 (0x1c612ba3) mem 0x80021232 0x8 mem 0x80021233 0xba mem 0x80021234 0x1 mem 0x80021235 0x80
core   0: 0x80004e98 (0x32411123) sh      tp, 802(sp)
core   0: 3 0x80004e98 (0x32411123) mem 0x8002137d 0xfb mem 0x8002137e 0xff
core   0: 0x80004e9c (0x291109a3) sb      a7, 659(sp)
core   0: 3 0x80004e9c (0x291109a3) mem 0x800212ee 0x42
core   0: 0x80004ea0 (0x48210483) lb      s1, 1154(sp)
core   0: 3 0x80004ea0 (0x48210483) x9  0xffffff96 mem 0x800214dd
core   0: 0x80004ea4 (0x000094ba) c.add   s1, a4
core   0: 3 0x80004ea4 (0x94ba) x9  0x80026c05
core   0: 0x80004ea6 (0x00f89293) slli    t0, a7, 15
core   0: 3 0x80004ea6 (0x00f89293) x5  0x00210000
core   0: 0x80004eaa (0xf2311303) lh      t1, -221(sp)
core   0: 3 0x80004eaa (0xf2311303) x6  0x00003435 mem 0x80020f7e
core   0: 0x80004eae (0x2c512083) lw      ra, 709(sp)
core   0: 3 0x80004eae (0x2c512083) x1  0xd8d9dadb mem 0x80021320
core   0: 0x80004eb2 (0x00027197) auipc   gp, 0x27
core   0: 3 0x80004eb2 (0x00027197) x3  0x8002beb2
core   0: 0x80004eb6 (0x42e18193) addi    gp, gp, 1070
core   0: 3 0x80004eb6 (0x42e18193) x3  0x8002c2e0
core   0: 0x80004eba (0x00017a97) auipc   s5, 0x17
core   0: 3 0x80004eba (0x00017a97) x21 0x8001beba
core   0: 0x80004ebe (0x3c2a8a93) addi    s5, s5, 962
core   0: 3 0x80004ebe (0x3c2a8a93) x21 0x8001c27c
core   0: 0x80004ec2 (0xffa1a903) lw      s2, -6(gp)
core   0: 3 0x80004ec2 (0xffa1a903) x18 0x96979091 mem 0x8002c2da mem 0x8002c2db mem 0x8002c2dc mem 0x8002c2dd
core   0: 0x80004ec6 (0x005a8283) lb      t0, 5(s5)
core   0: 3 0x80004ec6 (0x005a8283) x5  0x0000003a mem 0x8001c281
core   0: 0x80004eca (0x00c1ab03) lw      s6, 12(gp)
core   0: 3 0x80004eca (0x00c1ab03) x22 0xa4a5a6a7 mem 0x8002c2ec
core   0: 0x80004ece (0xff9a8823) sb      s9, -16(s5)
core   0: 3 0x80004ece (0xff9a8823) mem 0x8001c26c 0xe4
core   0: 0x80004ed2 (0xff8aaf23) sw      s8, -2(s5)
core   0: 3 0x80004ed2 (0xff8aaf23) mem 0x8001c27a 0x1f mem 0x8001c27b 0x0 mem 0x8001c27c 0x0 mem 0x8001c27d 0x0
core   0: 0x80004ed6 (0xffd1cf83) lbu     t6, -3(gp)
core   0: 3 0x80004ed6 (0xffd1cf83) x31 0x00000096 mem 0x8002c2dd
core   0: 0x80004eda (0xffb18083) lb      ra, -5(gp)
core   0: 3 0x80004eda (0xffb18083) x1  0xffffff90 mem 0x8002c2db
core   0: 0x80004ede (0x00a1a7a3) sw      a0, 15(gp)
core   0: 3 0x80004ede (0x00a1a7a3) mem 0x8002c2ef 0x64 mem 0x8002c2f0 0x0 mem 0x8002c2f1 0x0 mem 0x8002c2f2 0x0
core   0: 0x80004ee2 (0x00baa203) lw      tp, 11(s5)
core   0: 3 0x80004ee2 (0x00baa203) x4  0x4142433c mem 0x8001c287 mem 0x8001c288 mem 0x8001c289 mem 0x8001c28a
core   0: 0x80004ee6 (0x0061a203) lw      tp, 6(gp)
core   0: 3 0x80004ee6 (0x0061a203) x4  0xa2a39c9d mem 0x8002c2e6 mem 0x8002c2e7 mem 0x8002c2e8 mem 0x8002c2e9
core   0: 0x80004eea (0xff6a8fa3) sb      s6, -1(s5)
core   0: 3 0x80004eea (0xff6a8fa3) mem 0x8001c27b 0xa7
core   0: 0x80004eee (0xfeeaaea3) sw      a4, -3(s5)
core   0: 3 0x80004eee (0xfeeaaea3) mem 0x8001c279 0x6f mem 0x8001c27a 0x6c mem 0x8001c27b 0x2 mem 0x8001c27c 0x80
core   0: 0x80004ef2 (0x001a93a3) sh      ra, 7(s5)
core   0: 3 0x80004ef2 (0x001a93a3) mem 0x8001c283 0x90 mem 0x8001c284 0xff
core   0: 0x80004ef6 (0xffcace83) lbu     t4, -4(s5)
core   0: 3 0x80004ef6 (0xffcace83) x29 0x00000033 mem 0x8001c278
core   0: 0x80004efa (0xff4aa783) lw      a5, -12(s5)
core   0: 3 0x80004efa (0xff4aa783) x15 0x28292a2b mem 0x8001c270
core   0: 0x80004efe (0x00017617) auipc   a2, 0x17
core   0: 3 0x80004efe (0x00017617) x12 0x8001befe
core   0: 0x80004f02 (0x78860613) addi    a2, a2, 1928
core   0: 3 0x80004f02 (0x78860613) x12 0x8001c686
core   0: 0x80004f06 (0x05262ba3) sw      s2, 87(a2)
core   0: 3 0x80004f06 (0x05262ba3) mem 0x8001c6dd 0x91 mem 0x8001c6de 0x90 mem 0x8001c6df 0x97 mem 0x8001c6e0 0x96
core   0: 0x80004f0a (0xf80616a3) sh      zero, -115(a2)
core   0: 3 0x80004f0a (0xf80616a3) mem 0x8001c613 0x0 mem 0x8001c614 0x0
core   0: 0x80004f0e (0x00021d17) auipc   s10, 0x21
core   0: 3 0x80004f0e (0x00021d17) x26 0x80025f0e
core   0: 0x80004f12 (0x8fdd0d13) addi    s10, s10, -1795
core   0: 3 0x80004f12 (0x8fdd0d13) x26 0x8002580b
core   0: 0x80004f16 (0xfc6d2583) lw      a1, -58(s10)
core   0: 3 0x80004f16 (0xfc6d2583) x11 0x8f88898a mem 0x800257d1 mem 0x800257d2 mem 0x800257d3 mem 0x800257d4
core   0: 0x80004f1a (0xfbbd13a3) sh      s11, -89(s10)
core   0: 3 0x80004f1a (0xfbbd13a3) mem 0x800257b2 0xa4a5
core   0: 0x80004f1e (0x024d2923) sw      tp, 50(s10)
core   0: 3 0x80004f1e (0x024d2923) mem 0x8002583d 0x9d mem 0x8002583e 0x9c mem 0x8002583f 0xa3 mem 0x80025840 0xa2
core   0: 0x80004f22 (0x0d0d2b83) lw      s7, 208(s10)
core   0: 3 0x80004f22 (0x0d0d2b83) x23 0x95969790 mem 0x800258db mem 0x800258dc mem 0x800258dd mem 0x800258de
core   0: 0x80004f26 (0x04b64683) lbu     a3, 75(a2)
core   0: 3 0x80004f26 (0x04b64683) x13 0x0000008a mem 0x8001c6d1
core   0: 0x80004f2a (0xfce64b83) lbu     s7, -50(a2)
core   0: 3 0x80004f2a (0xfce64b83) x23 0x0000000f mem 0x8001c654
core   0: 0x80004f2e (0xfdc64a03) lbu     s4, -36(a2)
core   0: 3 0x80004f2e (0xfdc64a03) x20 0x00000019 mem 0x8001c662
core   0: 0x80004f32 (0x077d1503) lh      a0, 119(s10)
core   0: 3 0x80004f32 (0x077d1503) x10 0x00003839 mem 0x80025882
core   0: 0x80004f36 (0x06f65f03) lhu     t5, 111(a2)
core   0: 3 0x80004f36 (0x06f65f03) x30 0x0000adae mem 0x8001c6f5 mem 0x8001c6f6
core   0: 0x80004f3a (0xf5a61183) lh      gp, -166(a2)
core   0: 3 0x80004f3a (0xf5a61183) x3  0xffff9a9b mem 0x8001c5e0
core   0: 0x80004f3e (0x081d0a03) lb      s4, 129(s10)
core   0: 3 0x80004f3e (0x081d0a03) x20 0x00000047 mem 0x8002588c
core   0: 0x80004f42 (0xf8ad1e03) lh      t3, -118(s10)
core   0: 3 0x80004f42 (0xf8ad1e03) x28 0x00004d4e mem 0x80025795 mem 0x80025796
core   0: 0x80004f46 (0xf7e61523) sh      t5, -150(a2)
core   0: 3 0x80004f46 (0xf7e61523) mem 0x8001c5f0 0xadae
core   0: 0x80004f4a (0xf0d60d23) sb      a3, -230(a2)
core   0: 3 0x80004f4a (0xf0d60d23) mem 0x8001c5a0 0x8a
core   0: 0x80004f4e (0x040d1aa3) sh      zero, 85(s10)
core   0: 3 0x80004f4e (0x040d1aa3) mem 0x80025860 0x0000
core   0: 0x80004f52 (0xf3261a83) lh      s5, -206(a2)
core   0: 3 0x80004f52 (0xf3261a83) x21 0x00007273 mem 0x8001c5b8
core   0: 0x80004f56 (0xfbbd2783) lw      a5, -69(s10)
core   0: 3 0x80004f56 (0xfbbd2783) x15 0x82837c7d mem 0x800257c6 mem 0x800257c7 mem 0x800257c8 mem 0x800257c9
core   0: 0x80004f5a (0x00017a17) auipc   s4, 0x17
core   0: 3 0x80004f5a (0x00017a17) x20 0x8001bf5a
core   0: 0x80004f5e (0x52ea0a13) addi    s4, s4, 1326
core   0: 3 0x80004f5e (0x52ea0a13) x20 0x8001c488
core   0: 0x80004f62 (0x00023217) auipc   tp, 0x23
core   0: 3 0x80004f62 (0x00023217) x4  0x80027f62
core   0: 0x80004f66 (0x93420213) addi    tp, tp, -1740
core   0: 3 0x80004f66 (0x93420213) x4  0x80027896
core   0: 0x80004f6a (0x039a17a3) sh      s9, 47(s4)
core   0: 3 0x80004f6a (0x039a17a3) mem 0x8001c4b7 0xe4 mem 0x8001c4b8 0x5c
core   0: 0x80004f6e (0x03aa1083) lh      ra, 58(s4)
core   0: 3 0x80004f6e (0x03aa1083) x1  0x00007879 mem 0x8001c4c2
core   0: 0x80004f72 (0x06ba29a3) sw      a1, 115(s4)
core   0: 3 0x80004f72 (0x06ba29a3) mem 0x8001c4fb 0x8a mem 0x8001c4fc 0x89 mem 0x8001c4fd 0x88 mem 0x8001c4fe 0x8f
core   0: 0x80004f76 (0x27f20103) lb      sp, 639(tp)
core   0: 3 0x80004f76 (0x27f20103) x2  0xffffffce mem 0x80027b15
core   0: 0x80004f7a (0x1fe21903) lh      s2, 510(tp)
core   0: 3 0x80004f7a (0x1fe21903) x18 0x00004e4f mem 0x80027a94
core   0: 0x80004f7e (0xf3aa0da3) sb      s10, -197(s4)
core   0: 3 0x80004f7e (0xf3aa0da3) mem 0x8001c3c3 0xb
core   0: 0x80004f82 (0xeff20583) lb      a1, -257(tp)
core   0: 3 0x80004f82 (0xeff20583) x11 0x0000004e mem 0x80027795
core   0: 0x80004f86 (0x018a0aa3) sb      s8, 21(s4)
core   0: 3 0x80004f86 (0x018a0aa3) mem 0x8001c49d 0x1f
core   0: 0x80004f8a (0xc50203a3) sb      a6, -953(tp)
core   0: 3 0x80004f8a (0xc50203a3) mem 0x800274dd 0x97
core   0: 0x80004f8e (0xf84a1903) lh      s2, -124(s4)
core   0: 3 0x80004f8e (0xf84a1903) x18 0xffffc6c7 mem 0x8001c40c
core   0: 0x80004f92 (0xf8ea1103) lh      sp, -114(s4)
core   0: 3 0x80004f92 (0xf8ea1103) x2  0xffffcccd mem 0x8001c416
core   0: 0x80004f96 (0xf2b21003) lh      zero, -213(tp)
core   0: 3 0x80004f96 (0xf2b21003) mem 0x800277c1 mem 0x800277c2
core   0: 0x80004f9a (0xfa2a4e83) lbu     t4, -94(s4)
core   0: 3 0x80004f9a (0xfa2a4e83) x29 0x000000e1 mem 0x8001c42a
core   0: 0x80004f9e (0x06aa1e23) sh      a0, 124(s4)
core   0: 3 0x80004f9e (0x06aa1e23) mem 0x8001c504 0x3839
core   0: 0x80004fa2 (0xf19a5c03) lhu     s8, -231(s4)
core   0: 3 0x80004fa2 (0xf19a5c03) x24 0x0000595a mem 0x8001c3a1 mem 0x8001c3a2
core   0: 0x80004fa6 (0x00028117) auipc   sp, 0x28
core   0: 3 0x80004fa6 (0x00028117) x2  0x8002cfa6
core   0: 0x80004faa (0xf5e10113) addi    sp, sp, -162
core   0: 3 0x80004faa (0xf5e10113) x2  0x8002cf04
core   0: 0x80004fae (0x63ec1b97) auipc   s7, 0x63ec1
core   0: 3 0x80004fae (0x63ec1b97) x23 0xe3ec5fae
core   0: 0x80004fb2 (0x3404fdf3) csrrci  s11, mscratch, 9
core   0: 3 0x80004fb2 (0x3404fdf3) x27 0x00000000 c832_mscratch 0x00000000
core   0: 0x80004fb6 (0x03314e83) lbu     t4, 51(sp)
core   0: 3 0x80004fb6 (0x03314e83) x29 0x000000ec mem 0x8002cf37
core   0: 0x80004fba (0x01e14503) lbu     a0, 30(sp)
core   0: 3 0x80004fba (0x01e14503) x10 0x000000d9 mem 0x8002cf22
core   0: 0x80004fbe (0x0000c806) c.swsp  ra, 16(sp)
core   0: 3 0x80004fbe (0xc806) mem 0x8002cf14 0x00007879
core   0: 0x80004fc0 (0xcc60a293) slti    t0, ra, -826
core   0: 3 0x80004fc0 (0xcc60a293) x5  0x00000000
core   0: 0x80004fc4 (0xfe910ea3) sb      s1, -3(sp)
core   0: 3 0x80004fc4 (0xfe910ea3) mem 0x8002cf01 0x5
core   0: 0x80004fc8 (0xffb14203) lbu     tp, -5(sp)
core   0: 3 0x80004fc8 (0xffb14203) x4  0x000000b4 mem 0x8002ceff
core   0: 0x80004fcc (0xfe815583) lhu     a1, -24(sp)
core   0: 3 0x80004fcc (0xfe815583) x11 0x0000a6a7 mem 0x8002ceec
core   0: 0x80004fd0 (0x588c6e13) ori     t3, s8, 1416
core   0: 3 0x80004fd0 (0x588c6e13) x28 0x00005dda
core   0: 0x80004fd4 (0x00008b9d) c.andi  a5, 7
core   0: 3 0x80004fd4 (0x8b9d) x15 0x00000005
core   0: 0x80004fd6 (0x00078933) add     s2, a5, zero
core   0: 3 0x80004fd6 (0x00078933) x18 0x00000005
core   0: 0x80004fda (0x34003f73) csrrc   t5, mscratch, zero
core   0: 3 0x80004fda (0x34003f73) x30 0x00000000
core   0: 0x80004fde (0x00008ca9) c.xor   s1, a0
core   0: 3 0x80004fde (0x8ca9) x9  0x80026cdc
core   0: 0x80004fe0 (0x00005372) c.lwsp  t1, 60(sp)
core   0: 3 0x80004fe0 (0x5372) x6  0xf8f9fafb mem 0x8002cf40
core   0: 0x80004fe2 (0xfca10703) lb      a4, -54(sp)
core   0: 3 0x80004fe2 (0xfca10703) x14 0xffffff85 mem 0x8002cece
core   0: 0x80004fe6 (0x00812ea3) sw      s0, 29(sp)
core   0: 3 0x80004fe6 (0x00812ea3) mem 0x8002cf21 0x4 mem 0x8002cf22 0x0 mem 0x8002cf23 0x0 mem 0x8002cf24 0x0
core   0: 0x80004fea (0xfd2119a3) sh      s2, -45(sp)
core   0: 3 0x80004fea (0xfd2119a3) mem 0x8002ced7 0x5 mem 0x8002ced8 0x0
core   0: 0x80004fee (0x41d10ab3) sub     s5, sp, t4
core   0: 3 0x80004fee (0x41d10ab3) x21 0x8002ce18
core   0: 0x80004ff2 (0xfc912c03) lw      s8, -55(sp)
core   0: 3 0x80004ff2 (0xfc912c03) x24 0x8b848586 mem 0x8002cecd mem 0x8002cece mem 0x8002cecf mem 0x8002ced0
core   0: 0x80004ff6 (0x0000c00e) c.swsp  gp, 0(sp)
core   0: 3 0x80004ff6 (0xc00e) mem 0x8002cf04 0xffff9a9b
core   0: 0x80004ff8 (0xff012683) lw      a3, -16(sp)
core   0: 3 0x80004ff8 (0xff012683) x13 0xacadaeaf mem 0x8002cef4
core   0: 0x80004ffc (0x00000001) c.nop
core   0: 3 0x80004ffc (0x0001)
core   0: 0x80004ffe (0x01b12683) lw      a3, 27(sp)
core   0: 3 0x80004ffe (0x01b12683) x13 0x0004dbd4 mem 0x8002cf1f mem 0x8002cf20 mem 0x8002cf21 mem 0x8002cf22
core   0: 0x80005002 (0xfff100a3) sb      t6, -31(sp)
core   0: 3 0x80005002 (0xfff100a3) mem 0x8002cee5 0x96
core   0: 0x80005006 (0xfec15503) lhu     a0, -20(sp)
core   0: 3 0x80005006 (0xfec15503) x10 0x0000aaab mem 0x8002cef0
core   0: 0x8000500a (0xfd215883) lhu     a7, -46(sp)
core   0: 3 0x8000500a (0xfd215883) x17 0x0000058d mem 0x8002ced6
core   0: 0x8000500e (0x00018697) auipc   a3, 0x18
core   0: 3 0x8000500e (0x00018697) x13 0x8001d00e
core   0: 0x80005012 (0xf5268693) addi    a3, a3, -174
core   0: 3 0x80005012 (0xf5268693) x13 0x8001cf60
core   0: 0x80005016 (0xc506d283) lhu     t0, -944(a3)
core   0: 3 0x80005016 (0xc506d283) x5  0x00006a6b mem 0x8001cbb0
core   0: 0x8000501a (0xc4268823) sb      sp, -944(a3)
core   0: 3 0x8000501a (0xc4268823) mem 0x8001cbb0 0x4
core   0: 0x8000501e (0xc5e6a823) sw      t5, -944(a3)
core   0: 3 0x8000501e (0xc5e6a823) mem 0x8001cbb0 0x00000000
core   0: 0x80005022 (0xc506c503) lbu     a0, -944(a3)
core   0: 3 0x80005022 (0xc506c503) x10 0x00000000 mem 0x8001cbb0
core   0: 0x80005026 (0xc576a823) sw      s7, -944(a3)
core   0: 3 0x80005026 (0xc576a823) mem 0x8001cbb0 0xe3ec5fae
core   0: 0x8000502a (0xc506a303) lw      t1, -944(a3)
core   0: 3 0x8000502a (0xc506a303) x6  0xe3ec5fae mem 0x8001cbb0
core   0: 0x8000502e (0xc506d383) lhu     t2, -944(a3)
core   0: 3 0x8000502e (0xc506d383) x7  0x00005fae mem 0x8001cbb0
core   0: 0x80005032 (0xc506cb03) lbu     s6, -944(a3)
core   0: 3 0x80005032 (0xc506cb03) x22 0x000000ae mem 0x8001cbb0
core   0: 0x80005036 (0x00005ffd) c.li    t6, -1
core   0: 3 0x80005036 (0x5ffd) x31 0xffffffff
core   0: 0x80005038 (0xc516a823) sw      a7, -944(a3)
core   0: 3 0x80005038 (0xc516a823) mem 0x8001cbb0 0x0000058d
core   0: 0x8000503c (0x0000717d) c.addi16sp sp, -16
core   0: 3 0x8000503c (0x717d) x2  0x8002cef4
core   0: 0x8000503e (0x00008f49) c.or    a4, a0
core   0: 3 0x8000503e (0x8f49) x14 0xffffff85
core   0: 0x80005040 (0xc5068b83) lb      s7, -944(a3)
core   0: 3 0x80005040 (0xc5068b83) x23 0xffffff8d mem 0x8001cbb0
core   0: 0x80005044 (0xc506d903) lhu     s2, -944(a3)
core   0: 3 0x80005044 (0xc506d903) x18 0x0000058d mem 0x8001cbb0
core   0: 0x80005048 (0x0d3a7e13) andi    t3, s4, 211
core   0: 3 0x80005048 (0x0d3a7e13) x28 0x00000080
core   0: 0x8000504c (0xc5068c03) lb      s8, -944(a3)
core   0: 3 0x8000504c (0xc5068c03) x24 0xffffff8d mem 0x8001cbb0
core   0: 0x80005050 (0x016b2933) slt     s2, s6, s6
core   0: 3 0x80005050 (0x016b2933) x18 0x00000000
core   0: 0x80005054 (0xc506cf83) lbu     t6, -944(a3)
core   0: 3 0x80005054 (0xc506cf83) x31 0x0000008d mem 0x8001cbb0
core   0: 0x80005058 (0xc506a183) lw      gp, -944(a3)
core   0: 3 0x80005058 (0xc506a183) x3  0x0000058d mem 0x8001cbb0
core   0: 0x8000505c (0xc5069d03) lh      s10, -944(a3)
core   0: 3 0x8000505c (0xc5069d03) x26 0x0000058d mem 0x8001cbb0
core   0: 0x80005060 (0x00026c17) auipc   s8, 0x26
core   0: 3 0x80005060 (0x00026c17) x24 0x8002b060
core   0: 0x80005064 (0x8eec0c13) addi    s8, s8, -1810
core   0: 3 0x80005064 (0x8eec0c13) x24 0x8002a94e
core   0: 0x80005068 (0x00000001) c.nop
core   0: 3 0x80005068 (0x0001)
core   0: 0x8000506a (0x48dc0683) lb      a3, 1165(s8)
core   0: 3 0x8000506a (0x48dc0683) x13 0xffffff90 mem 0x8002addb
core   0: 0x8000506e (0x48dc1b83) lh      s7, 1165(s8)
core   0: 3 0x8000506e (0x48dc1b83) x23 0xffff9790 mem 0x8002addb mem 0x8002addc
core   0: 0x80005072 (0x741c2103) lw      sp, 1857(s8)
core   0: 3 0x80005072 (0x741c2103) x2  0x494a4b44 mem 0x8002b08f mem 0x8002b090 mem 0x8002b091 mem 0x8002b092
core   0: 0x80005076 (0xbd6c2003) lw      zero, -1066(s8)
core   0: 3 0x80005076 (0xbd6c2003) mem 0x8002a524
core   0: 0x8000507a (0x8b0c2903) lw      s2, -1872(s8)
core   0: 3 0x8000507a (0x8b0c2903) x18 0xbabbb4b5 mem 0x8002a1fe mem 0x8002a1ff mem 0x8002a200 mem 0x8002a201
core   0: 0x8000507e (0x667c1723) sh      t2, 1646(s8)
core   0: 3 0x8000507e (0x667c1723) mem 0x8002afbc 0x5fae
core   0: 0x80005082 (0xf4ac0d83) lb      s11, -182(s8)
core   0: 3 0x80005082 (0xf4ac0d83) x27 0x00000053 mem 0x8002a898
core   0: 0x80005086 (0xca0c09a3) sb      zero, -845(s8)
core   0: 3 0x80005086 (0xca0c09a3) mem 0x8002a601 0x0
core   0: 0x8000508a (0xcbec19a3) sh      t5, -845(s8)
core   0: 3 0x8000508a (0xcbec19a3) mem 0x8002a601 0x0 mem 0x8002a602 0x0
core   0: 0x8000508e (0x725c1483) lh      s1, 1829(s8)
core   0: 3 0x8000508e (0x725c1483) x9  0x00002f28 mem 0x8002b073 mem 0x8002b074
core   0: 0x80005092 (0x725c1f03) lh      t5, 1829(s8)
core   0: 3 0x80005092 (0x725c1f03) x30 0x00002f28 mem 0x8002b073 mem 0x8002b074
core   0: 0x80005096 (0x340632f3) csrrc   t0, mscratch, a2
core   0: 3 0x80005096 (0x340632f3) x5  0x00000000 c832_mscratch 0x00000000
core   0: 0x8000509a (0x721c02a3) sb      ra, 1829(s8)
core   0: 3 0x8000509a (0x721c02a3) mem 0x8002b073 0x79
core   0: 0x8000509e (0xb3fc28a3) sw      t6, -1231(s8)
core   0: 3 0x8000509e (0xb3fc28a3) mem 0x8002a47f 0x8d mem 0x8002a480 0x0 mem 0x8002a481 0x0 mem 0x8002a482 0x0
core   0: 0x800050a2 (0xa34c4d83) lbu     s11, -1484(s8)
core   0: 3 0x800050a2 (0xa34c4d83) x27 0x00000039 mem 0x8002a382
core   0: 0x800050a6 (0xe7cc1e83) lh      t4, -388(s8)
core   0: 3 0x800050a6 (0xe7cc1e83) x29 0xffff8081 mem 0x8002a7ca
core   0: 0x800050aa (0xe7cc0203) lb      tp, -388(s8)
core   0: 3 0x800050aa (0xe7cc0203) x4  0xffffff81 mem 0x8002a7ca
core   0: 0x800050ae (0xe61c0e23) sb      ra, -388(s8)
core   0: 3 0x800050ae (0xe61c0e23) mem 0x8002a7ca 0x79
core   0: 0x800050b2 (0x4d2c1d83) lh      s11, 1234(s8)
core   0: 3 0x800050b2 (0x4d2c1d83) x27 0xffffdadb mem 0x8002ae20
core   0: 0x800050b6 (0x800c10a3) sh      zero, -2047(s8)
core   0: 3 0x800050b6 (0x800c10a3) mem 0x8002a14f 0x0 mem 0x8002a150 0x0
core   0: 0x800050ba (0x024c5283) lhu     t0, 36(s8)
core   0: 3 0x800050ba (0x024c5283) x5  0x00002829 mem 0x8002a972
core   0: 0x800050be (0x00018117) auipc   sp, 0x18
core   0: 3 0x800050be (0x00018117) x2  0x8001d0be
core   0: 0x800050c2 (0xec610113) addi    sp, sp, -314
core   0: 3 0x800050c2 (0xec610113) x2  0x8001cf84
core   0: 0x800050c6 (0x09110683) lb      a3, 145(sp)
core   0: 3 0x800050c6 (0x09110683) x13 0xffffffce mem 0x8001d015
core   0: 0x800050ca (0x098128a3) sw      s8, 145(sp)
core   0: 3 0x800050ca (0x098128a3) mem 0x8001d015 0x4e mem 0x8001d016 0xa9 mem 0x8001d017 0x2 mem 0x8001d018 0x80
core   0: 0x800050ce (0x081108a3) sb      ra, 145(sp)
core   0: 3 0x800050ce (0x081108a3) mem 0x8001d015 0x79
core   0: 0x800050d2 (0x09110e83) lb      t4, 145(sp)
core   0: 3 0x800050d2 (0x09110e83) x29 0x00000079 mem 0x8001d015
core   0: 0x800050d6 (0x01c6e4b3) or      s1, a3, t3
core   0: 3 0x800050d6 (0x01c6e4b3) x9  0xffffffce
core   0: 0x800050da (0x088108a3) sb      s0, 145(sp)
core   0: 3 0x800050da (0x088108a3) mem 0x8001d015 0x4
core   0: 0x800050de (0x09112c03) lw      s8, 145(sp)
core   0: 3 0x800050de (0x09112c03) x24 0x8002a904 mem 0x8001d015 mem 0x8001d016 mem 0x8001d017 mem 0x8001d018
core   0: 0x800050e2 (0x0000866d) c.srai  a2, 27
core   0: 3 0x800050e2 (0x866d) x12 0xfffffff0
core   0: 0x800050e4 (0xfee10ea3) sb      a4, -3(sp)
core   0: 3 0x800050e4 (0xfee10ea3) mem 0x8001cf81 0x85
core   0: 0x800050e8 (0xffd15083) lhu     ra, -3(sp)
core   0: 3 0x800050e8 (0xffd15083) x1  0x00003985 mem 0x8001cf81 mem 0x8001cf82
core   0: 0x800050ec (0xffd14b83) lbu     s7, -3(sp)
core   0: 3 0x800050ec (0xffd14b83) x23 0x00000085 mem 0x8001cf81
core   0: 0x800050f0 (0xffd11703) lh      a4, -3(sp)
core   0: 3 0x800050f0 (0xffd11703) x14 0x00003985 mem 0x8001cf81 mem 0x8001cf82
core   0: 0x800050f4 (0x00008ffd) c.and   a5, a5
core   0: 3 0x800050f4 (0x8ffd) x15 0x00000005
core   0: 0x800050f6 (0xf1710303) lb      t1, -233(sp)
core   0: 3 0x800050f6 (0xf1710303) x6  0x00000050 mem 0x8001ce9b
core   0: 0x800050fa (0xf1711083) lh      ra, -233(sp)
core   0: 3 0x800050fa (0xf1711083) x1  0x00005750 mem 0x8001ce9b mem 0x8001ce9c
core   0: 0x800050fe (0xf1b12ba3) sw      s11, -233(sp)
core   0: 3 0x800050fe (0xf1b12ba3) mem 0x8001ce9b 0xdb mem 0x8001ce9c 0xda mem 0x8001ce9d 0xff mem 0x8001ce9e 0xff
core   0: 0x80005102 (0x0000895a) c.mv    s2, s6
core   0: 3 0x80005102 (0x895a) x18 0x000000ae
core   0: 0x80005104 (0x340071f3) csrrci  gp, mscratch, 0
core   0: 3 0x80005104 (0x340071f3) x3  0x00000000
core   0: 0x80005108 (0xf1715803) lhu     a6, -233(sp)
core   0: 3 0x80005108 (0xf1715803) x16 0x0000dadb mem 0x8001ce9b mem 0x8001ce9c
core   0: 0x8000510c (0xf6e14b03) lbu     s6, -146(sp)
core   0: 3 0x8000510c (0xf6e14b03) x22 0x000000a9 mem 0x8001cef2
core   0: 0x80005110 (0xf6911723) sh      s1, -146(sp)
core   0: 3 0x80005110 (0xf6911723) mem 0x8001cef2 0xffce
core   0: 0x80005114 (0xf6e15503) lhu     a0, -146(sp)
core   0: 3 0x80005114 (0xf6e15503) x10 0x0000ffce mem 0x8001cef2
core   0: 0x80005118 (0x0001fc17) auipc   s8, 0x1f
core   0: 3 0x80005118 (0x0001fc17) x24 0x80024118
core   0: 0x8000511c (0x3ffc0c13) addi    s8, s8, 1023
core   0: 3 0x8000511c (0x3ffc0c13) x24 0x80024517
core   0: 0x80005120 (0x03bc1d83) lh      s11, 59(s8)
core   0: 3 0x80005120 (0x03bc1d83) x27 0x00000809 mem 0x80024552
core   0: 0x80005124 (0x00018897) auipc   a7, 0x18
core   0: 3 0x80005124 (0x00018897) x17 0x8001d124
core   0: 0x80005128 (0x99b88893) addi    a7, a7, -1637
core   0: 3 0x80005128 (0x99b88893) x17 0x8001cabf
core   0: 0x8000512c (0x03a8a283) lw      t0, 58(a7)
core   0: 3 0x8000512c (0x03a8a283) x5  0xb7b0b1b2 mem 0x8001caf9 mem 0x8001cafa mem 0x8001cafb mem 0x8001cafc
core   0: 0x80005130 (0x0e7c4003) lbu     zero, 231(s8)
core   0: 3 0x80005130 (0x0e7c4003) mem 0x800245fe
core   0: 0x80005134 (0x01f89b23) sh      t6, 22(a7)
core   0: 3 0x80005134 (0x01f89b23) mem 0x8001cad5 0x8d mem 0x8001cad6 0x0
core   0: 0x80005138 (0x024886a3) sb      tp, 45(a7)
core   0: 3 0x80005138 (0x024886a3) mem 0x8001caec 0x81
core   0: 0x8000513c (0x054c0ca3) sb      s4, 89(s8)
core   0: 3 0x8000513c (0x054c0ca3) mem 0x80024570 0x88
core   0: 0x80005140 (0x0c1c1003) lh      zero, 193(s8)
core   0: 3 0x80005140 (0x0c1c1003) mem 0x800245d8
core   0: 0x80005144 (0x0128a7a3) sw      s2, 15(a7)
core   0: 3 0x80005144 (0x0128a7a3) mem 0x8001cace 0xae mem 0x8001cacf 0x0 mem 0x8001cad0 0x0 mem 0x8001cad1 0x0
core   0: 0x80005148 (0xf6ec0303) lb      t1, -146(s8)
core   0: 3 0x80005148 (0xf6ec0303) x6  0x0000003e mem 0x80024485
core   0: 0x8000514c (0xfc889da3) sh      s0, -37(a7)
core   0: 3 0x8000514c (0xfc889da3) mem 0x8001ca9a 0x0004
core   0: 0x80005150 (0xfca89e23) sh      a0, -36(a7)
core   0: 3 0x80005150 (0xfca89e23) mem 0x8001ca9b 0xce mem 0x8001ca9c 0xff
core   0: 0x80005154 (0xff6c4683) lbu     a3, -10(s8)
core   0: 3 0x80005154 (0xff6c4683) x13 0x000000c6 mem 0x8002450d
core   0: 0x80005158 (0x026c2f23) sw      t1, 62(s8)
core   0: 3 0x80005158 (0x026c2f23) mem 0x80024555 0x3e mem 0x80024556 0x0 mem 0x80024557 0x0 mem 0x80024558 0x0
core   0: 0x8000515c (0x0a1c0283) lb      t0, 161(s8)
core   0: 3 0x8000515c (0x0a1c0283) x5  0x00000073 mem 0x800245b8
core   0: 0x80005160 (0x00017117) auipc   sp, 0x17
core   0: 3 0x80005160 (0x00017117) x2  0x8001c160
core   0: 0x80005164 (0x52010113) addi    sp, sp, 1312
core   0: 3 0x80005164 (0x52010113) x2  0x8001c680
core   0: 0x80005168 (0x00006739) c.lui   a4, 0xe
core   0: 3 0x80005168 (0x6739) x14 0x0000e000
core   0: 0x8000516a (0xeaafa793) slti    a5, t6, -342
core   0: 3 0x8000516a (0xeaafa793) x15 0x00000000
core   0: 0x8000516e (0x3a115683) lhu     a3, 929(sp)
core   0: 3 0x8000516e (0x3a115683) x13 0x0000d9da mem 0x8001ca21 mem 0x8001ca22
core   0: 0x80005172 (0x3a9100a3) sb      s1, 929(sp)
core   0: 3 0x80005172 (0x3a9100a3) mem 0x8001ca21 0xce
core   0: 0x80005176 (0x45e17d13) andi    s10, sp, 1118
core   0: 3 0x80005176 (0x45e17d13) x26 0x00000400
core   0: 0x8000517a (0x3bc100a3) sb      t3, 929(sp)
core   0: 3 0x8000517a (0x3bc100a3) mem 0x8001ca21 0x80
core   0: 0x8000517e (0x3a111303) lh      t1, 929(sp)
core   0: 3 0x8000517e (0x3a111303) x6  0xffffd980 mem 0x8001ca21 mem 0x8001ca22
core   0: 0x80005182 (0x3a115603) lhu     a2, 929(sp)
core   0: 3 0x80005182 (0x3a115603) x12 0x0000d980 mem 0x8001ca21 mem 0x8001ca22
core   0: 0x80005186 (0xcf8101a3) sb      s8, -797(sp)
core   0: 3 0x80005186 (0xcf8101a3) mem 0x8001c363 0x17
core   0: 0x8000518a (0xcec111a3) sh      a2, -797(sp)
core   0: 3 0x8000518a (0xcec111a3) mem 0x8001c363 0x80 mem 0x8001c364 0xd9
core   0: 0x8000518e (0xb7d121a3) sw      t4, -1181(sp)
core   0: 3 0x8000518e (0xb7d121a3) mem 0x8001c1e3 0x79 mem 0x8001c1e4 0x0 mem 0x8001c1e5 0x0 mem 0x8001c1e6 0x0
core   0: 0x80005192 (0xb6311503) lh      a0, -1181(sp)
core   0: 3 0x80005192 (0xb6311503) x10 0x00000079 mem 0x8001c1e3 mem 0x8001c1e4
core   0: 0x80005196 (0xfe803a93) sltiu   s5, zero, -24
core   0: 3 0x80005196 (0xfe803a93) x21 0x00000001
core   0: 0x8000519a (0xb6312e83) lw      t4, -1181(sp)
core   0: 3 0x8000519a (0xb6312e83) x29 0x00000079 mem 0x8001c1e3 mem 0x8001c1e4 mem 0x8001c1e5 mem 0x8001c1e6
core   0: 0x8000519e (0x00ca71b3) and     gp, s4, a2
core   0: 3 0x8000519e (0x00ca71b3) x3  0x0000c080
core   0: 0x800051a2 (0x013e4db3) xor     s11, t3, s3
core   0: 3 0x800051a2 (0x013e4db3) x27 0x80031ed4
core   0: 0x800051a6 (0xb6314a03) lbu     s4, -1181(sp)
core   0: 3 0x800051a6 (0xb6314a03) x20 0x00000079 mem 0x8001c1e3
core   0: 0x800051aa (0xb6310d83) lb      s11, -1181(sp)
core   0: 3 0x800051aa (0xb6310d83) x27 0x00000079 mem 0x8001c1e3
core   0: 0x800051ae (0xb78101a3) sb      s8, -1181(sp)
core   0: 3 0x800051ae (0xb78101a3) mem 0x8001c1e3 0x17
core   0: 0x800051b2 (0x00000c39) c.addi  s8, 14
core   0: 3 0x800051b2 (0x0c39) x24 0x80024525
core   0: 0x800051b4 (0xb6315f03) lhu     t5, -1181(sp)
core   0: 3 0x800051b4 (0xb6315f03) x30 0x00000017 mem 0x8001c1e3 mem 0x8001c1e4
core   0: 0x800051b8 (0xb6311603) lh      a2, -1181(sp)
core   0: 3 0x800051b8 (0xb6311603) x12 0x00000017 mem 0x8001c1e3 mem 0x8001c1e4
core   0: 0x800051bc (0x00018497) auipc   s1, 0x18
core   0: 3 0x800051bc (0x00018497) x9  0x8001d1bc
core   0: 0x800051c0 (0xb4048493) addi    s1, s1, -1216
core   0: 3 0x800051c0 (0xb4048493) x9  0x8001ccfc
core   0: 0x800051c4 (0xfe049a23) sh      zero, -12(s1)
core   0: 3 0x800051c4 (0xfe049a23) mem 0x8001ccf0 0x0000
core   0: 0x800051c8 (0x03a48583) lb      a1, 58(s1)
core   0: 3 0x800051c8 (0x03a48583) x11 0xffffffed mem 0x8001cd36
core   0: 0x800051cc (0x02f4ad23) sw      a5, 58(s1)
core   0: 3 0x800051cc (0x02f4ad23) mem 0x8001cd36 0x0 mem 0x8001cd37 0x0 mem 0x8001cd38 0x0 mem 0x8001cd39 0x0
core   0: 0x800051d0 (0xffdc8213) addi    tp, s9, -3
core   0: 3 0x800051d0 (0xffdc8213) x4  0x80035ce1
core   0: 0x800051d4 (0x34007673) csrrci  a2, mscratch, 0
core   0: 3 0x800051d4 (0x34007673) x12 0x00000000
core   0: 0x800051d8 (0x03a49a83) lh      s5, 58(s1)
core   0: 3 0x800051d8 (0x03a49a83) x21 0x00000000 mem 0x8001cd36
core   0: 0x800051dc (0x0224ad23) sw      sp, 58(s1)
core   0: 3 0x800051dc (0x0224ad23) mem 0x8001cd36 0x80 mem 0x8001cd37 0xc6 mem 0x8001cd38 0x1 mem 0x8001cd39 0x80
core   0: 0x800051e0 (0x9e5bf793) andi    a5, s7, -1563
core   0: 3 0x800051e0 (0x9e5bf793) x15 0x00000085
core   0: 0x800051e4 (0x03a4c303) lbu     t1, 58(s1)
core   0: 3 0x800051e4 (0x03a4c303) x6  0x00000080 mem 0x8001cd36
core   0: 0x800051e8 (0x00009df2) c.add   s11, t3
core   0: 3 0x800051e8 (0x9df2) x27 0x000000f9
core   0: 0x800051ea (0x03b49d23) sh      s11, 58(s1)
core   0: 3 0x800051ea (0x03b49d23) mem 0x8001cd36 0x00f9
core   0: 0x800051ee (0x017f06b3) add     a3, t5, s7
core   0: 3 0x800051ee (0x017f06b3) x13 0x0000009c
core   0: 0x800051f2 (0x043481a3) sb      gp, 67(s1)
core   0: 3 0x800051f2 (0x043481a3) mem 0x8001cd3f 0x80
core   0: 0x800051f6 (0x0434db83) lhu     s7, 67(s1)
core   0: 3 0x800051f6 (0x0434db83) x23 0x0000fb80 mem 0x8001cd3f mem 0x8001cd40
core   0: 0x800051fa (0xfdd48903) lb      s2, -35(s1)
core   0: 3 0x800051fa (0xfdd48903) x18 0xffffff92 mem 0x8001ccd9
core   0: 0x800051fe (0xf024cd83) lbu     s11, -254(s1)
core   0: 3 0x800051fe (0xf024cd83) x27 0x000000b5 mem 0x8001cbfe
core   0: 0x80005202 (0xf164a123) sw      s6, -254(s1)
core   0: 3 0x80005202 (0xf164a123) mem 0x8001cbfe 0xa9 mem 0x8001cbff 0x0 mem 0x8001cc00 0x0 mem 0x8001cc01 0x0
core   0: 0x80005206 (0x0001a217) auipc   tp, 0x1a
core   0: 3 0x80005206 (0x0001a217) x4  0x8001f206
core   0: 0x8000520a (0xcc720213) addi    tp, tp, -825
core   0: 3 0x8000520a (0xcc720213) x4  0x8001eecd
core   0: 0x8000520e (0x0000100f) fence.i
core   0: 3 0x8000520e (0x0000100f)
core   0: 0x80005212 (0x9f5cfe13) andi    t3, s9, -1547
core   0: 3 0x80005212 (0x9f5cfe13) x28 0x800358e4
core   0: 0x80005216 (0x02382933) mulhsu  s2, a6, gp
core   0: 3 0x80005216 (0x02382933) x18 0x00000000
core   0: 0x8000521a (0x0d321d83) lh      s11, 211(tp)
core   0: 3 0x8000521a (0x0d321d83) x27 0x00005a5b mem 0x8001efa0
core   0: 0x8000521e (0x02f22a03) lw      s4, 47(tp)
core   0: 3 0x8000521e (0x02f22a03) x20 0xb4b5b6b7 mem 0x8001eefc
core   0: 0x80005222 (0x013ee833) or      a6, t4, s3
core   0: 3 0x80005222 (0x013ee833) x16 0x80031e7d
core   0: 0x80005226 (0x01c55393) srli    t2, a0, 28
core   0: 3 0x80005226 (0x01c55393) x7  0x00000000
core   0: 0x8000522a (0x08a21b03) lh      s6, 138(tp)
core   0: 3 0x8000522a (0x08a21b03) x22 0x0000130c mem 0x8001ef57 mem 0x8001ef58
core   0: 0x8000522e (0x02a7b933) mulhu   s2, a5, a0
core   0: 3 0x8000522e (0x02a7b933) x18 0x00000000
core   0: 0x80005232 (0x0007cab3) xor     s5, a5, zero
core   0: 3 0x80005232 (0x0007cab3) x21 0x00000085
core   0: 0x80005236 (0x007aa2b3) slt     t0, s5, t2
core   0: 3 0x80005236 (0x007aa2b3) x5  0x00000000
core   0: 0x8000523a (0x018a5e33) srl     t3, s4, s8
core   0: 3 0x8000523a (0x018a5e33) x28 0x05a5adb5
core   0: 0x8000523e (0x00000001) c.nop
core   0: 3 0x8000523e (0x0001)
core   0: 0x80005240 (0x0092d113) srli    sp, t0, 9
core   0: 3 0x80005240 (0x0092d113) x2  0x00000000
core   0: 0x80005244 (0x0000100f) fence.i
core   0: 3 0x80005244 (0x0000100f)
core   0: 0x80005248 (0x0c121723) sh      ra, 206(tp)
core   0: 3 0x80005248 (0x0c121723) mem 0x8001ef9b 0x50 mem 0x8001ef9c 0x57
core   0: 0x8000524c (0x340335f3) csrrc   a1, mscratch, t1
core   0: 3 0x8000524c (0x340335f3) x11 0x00000000 c832_mscratch 0x00000000
core   0: 0x80005250 (0x00008e89) c.sub   a3, a0
core   0: 3 0x80005250 (0x8e89) x13 0x00000023
core   0: 0x80005252 (0x0000100f) fence.i
core   0: 3 0x80005252 (0x0000100f)
core   0: 0x80005256 (0xf0420f03) lb      t5, -252(tp)
core   0: 3 0x80005256 (0xf0420f03) x30 0xffffff8a mem 0x8001edd1
core   0: 0x8000525a (0xf3b211a3) sh      s11, -221(tp)
core   0: 3 0x8000525a (0xf3b211a3) mem 0x8001edf0 0x5a5b
core   0: 0x8000525e (0x01f229a3) sw      t6, 19(tp)
core   0: 3 0x8000525e (0x01f229a3) mem 0x8001eee0 0x0000008d
core   0: 0x80005262 (0x0153af33) slt     t5, t2, s5
core   0: 3 0x80005262 (0x0153af33) x30 0x00000001
core   0: 0x80005266 (0xf6e202a3) sb      a4, -155(tp)
core   0: 3 0x80005266 (0xf6e202a3) mem 0x8001ee32 0x0
core   0: 0x8000526a (0x5c2c7793) andi    a5, s8, 1474
core   0: 3 0x8000526a (0x5c2c7793) x15 0x00000500
core   0: 0x8000526e (0x00d204a3) sb      a3, 9(tp)
core   0: 3 0x8000526e (0x00d204a3) mem 0x8001eed6 0x23
core   0: 0x80005272 (0x0aa204a3) sb      a0, 169(tp)
core   0: 3 0x80005272 (0x0aa204a3) mem 0x8001ef76 0x79
core   0: 0x80005276 (0x00008d49) c.or    a0, a0
core   0: 3 0x80005276 (0x8d49) x10 0x00000079
core   0: 0x80005278 (0x34003773) csrrc   a4, mscratch, zero
core   0: 3 0x80005278 (0x34003773) x14 0x00000000
core   0: 0x8000527c (0x340ce8f3) csrrsi  a7, mscratch, 25
core   0: 3 0x8000527c (0x340ce8f3) x17 0x00000000 c832_mscratch 0x00000019
core   0: 0x80005280 (0x08e22723) sw      a4, 142(tp)
core   0: 3 0x80005280 (0x08e22723) mem 0x8001ef5b 0x0 mem 0x8001ef5c 0x0 mem 0x8001ef5d 0x0 mem 0x8001ef5e 0x0
core   0: 0x80005284 (0x00fa8bb3) add     s7, s5, a5
core   0: 3 0x80005284 (0x00fa8bb3) x23 0x00000585
core   0: 0x80005288 (0x3402df73) csrrwi  t5, mscratch, 5
core   0: 3 0x80005288 (0x3402df73) x30 0x00000019 c832_mscratch 0x00000005
core   0: 0x8000528c (0xf8520223) sb      t0, -124(tp)
core   0: 3 0x8000528c (0xf8520223) mem 0x8001ee51 0x0
core   0: 0x80005290 (0xf3b22c03) lw      s8, -197(tp)
core   0: 3 0x80005290 (0xf3b22c03) x24 0xc0c1c2c3 mem 0x8001ee08
core   0: 0x80005294 (0xff921ca3) sh      s9, -7(tp)
core   0: 3 0x80005294 (0xff921ca3) mem 0x8001eec6 0x5ce4
core   0: 0x80005298 (0x00000001) c.nop
core   0: 3 0x80005298 (0x0001)
core   0: 0x8000529a (0x00000e0e) c.slli  t3, 3
core   0: 3 0x8000529a (0x0e0e) x28 0x2d2d6da8
core   0: 0x8000529c (0xf1024803) lbu     a6, -240(tp)
core   0: 3 0x8000529c (0xf1024803) x16 0x00000096 mem 0x8001eddd
core   0: 0x800052a0 (0x0f022b83) lw      s7, 240(tp)
core   0: 3 0x800052a0 (0x0f022b83) x23 0x7b747576 mem 0x8001efbd mem 0x8001efbe mem 0x8001efbf mem 0x8001efc0
core   0: 0x800052a4 (0x913e2593) slti    a1, t3, -1773
core   0: 3 0x800052a4 (0x913e2593) x11 0x00000000
core   0: 0x800052a8 (0xf8020803) lb      a6, -128(tp)
core   0: 3 0x800052a8 (0xf8020803) x16 0x00000006 mem 0x8001ee4d
core   0: 0x800052ac (0x00022f97) auipc   t6, 0x22
core   0: 3 0x800052ac (0x00022f97) x31 0x800272ac
core   0: 0x800052b0 (0xd4ff8f93) addi    t6, t6, -689
core   0: 3 0x800052b0 (0xd4ff8f93) x31 0x80026ffb
core   0: 0x800052b4 (0xf7bf91a3) sh      s11, -157(t6)
core   0: 3 0x800052b4 (0xf7bf91a3) mem 0x80026f5e 0x5a5b
core   0: 0x800052b8 (0x00017c17) auipc   s8, 0x17
core   0: 3 0x800052b8 (0x00017c17) x24 0x8001c2b8
core   0: 0x800052bc (0x602c0c13) addi    s8, s8, 1538
core   0: 3 0x800052bc (0x602c0c13) x24 0x8001c8ba
core   0: 0x800052c0 (0x075fa723) sw      s5, 110(t6)
core   0: 3 0x800052c0 (0x075fa723) mem 0x80027069 0x85 mem 0x8002706a 0x0 mem 0x8002706b 0x0 mem 0x8002706c 0x0
core   0: 0x800052c4 (0xfeffd583) lhu     a1, -17(t6)
core   0: 3 0x800052c4 (0xfeffd583) x11 0x0000a0a1 mem 0x80026fea
core   0: 0x800052c8 (0x039c5103) lhu     sp, 57(s8)
core   0: 3 0x800052c8 (0x039c5103) x2  0x0000afa8 mem 0x8001c8f3 mem 0x8001c8f4
core   0: 0x800052cc (0xf57c2323) sw      s7, -186(s8)
core   0: 3 0x800052cc (0xf57c2323) mem 0x8001c800 0x7b747576
core   0: 0x800052d0 (0x094c5f03) lhu     t5, 148(s8)
core   0: 3 0x800052d0 (0x094c5f03) x30 0x00000405 mem 0x8001c94e
core   0: 0x800052d4 (0xf89fd083) lhu     ra, -119(t6)
core   0: 3 0x800052d4 (0xf89fd083) x1  0x00003e3f mem 0x80026f84
core   0: 0x800052d8 (0xf20fd203) lhu     tp, -224(t6)
core   0: 3 0x800052d8 (0xf20fd203) x4  0x0000d7d0 mem 0x80026f1b mem 0x80026f1c
core   0: 0x800052dc (0x0b6c1ca3) sh      s6, 185(s8)
core   0: 3 0x800052dc (0x0b6c1ca3) mem 0x8001c973 0xc mem 0x8001c974 0x13
core   0: 0x800052e0 (0x092f9003) lh      zero, 146(t6)
core   0: 3 0x800052e0 (0x092f9003) mem 0x8002708d mem 0x8002708e
core   0: 0x800052e4 (0xf1cc0923) sb      t3, -238(s8)
core   0: 3 0x800052e4 (0xf1cc0923) mem 0x8001c7cc 0xa8
core   0: 0x800052e8 (0x00026b17) auipc   s6, 0x26
core   0: 3 0x800052e8 (0x00026b17) x22 0x8002b2e8
core   0: 0x800052ec (0x62eb0b13) addi    s6, s6, 1582
core   0: 3 0x800052ec (0x62eb0b13) x22 0x8002b916
core   0: 0x800052f0 (0x00018797) auipc   a5, 0x18
core   0: 3 0x800052f0 (0x00018797) x15 0x8001d2f0
core   0: 0x800052f4 (0x94a78793) addi    a5, a5, -1718
core   0: 3 0x800052f4 (0x94a78793) x15 0x8001cc3a
core   0: 0x800052f8 (0x00a79803) lh      a6, 10(a5)
core   0: 3 0x800052f8 (0x00a79803) x16 0xfffffeff mem 0x8001cc44
core   0: 0x800052fc (0xc22b1203) lh      tp, -990(s6)
core   0: 3 0x800052fc (0xc22b1203) x4  0xfffff2f3 mem 0x8002b538
core   0: 0x80005300 (0x0097c183) lbu     gp, 9(a5)
core   0: 3 0x80005300 (0x0097c183) x3  0x000000f8 mem 0x8001cc43
core   0: 0x80005304 (0x14fb4f03) lbu     t5, 335(s6)
core   0: 3 0x80005304 (0x14fb4f03) x30 0x0000001e mem 0x8002ba65
core   0: 0x80005308 (0x96fb0ea3) sb      a5, -1667(s6)
core   0: 3 0x80005308 (0x96fb0ea3) mem 0x8002b293 0x3a
core   0: 0x8000530c (0xff978f23) sb      s9, -2(a5)
core   0: 3 0x8000530c (0xff978f23) mem 0x8001cc38 0xe4
core   0: 0x80005310 (0xd42b1603) lh      a2, -702(s6)
core   0: 3 0x80005310 (0xd42b1603) x12 0x00001213 mem 0x8002b658
core   0: 0x80005314 (0xff379103) lh      sp, -13(a5)
core   0: 3 0x80005314 (0xff379103) x2  0xffffe5e6 mem 0x8001cc2d mem 0x8001cc2e
core   0: 0x80005318 (0x2e9b5f83) lhu     t6, 745(s6)
core   0: 3 0x80005318 (0x2e9b5f83) x31 0x0000bbb4 mem 0x8002bbff mem 0x8002bc00
core   0: 0x8000531c (0x1c4b5d03) lhu     s10, 452(s6)
core   0: 3 0x8000531c (0x1c4b5d03) x26 0x00009091 mem 0x8002bada
core   0: 0x80005320 (0x1a5b0b23) sb      t0, 438(s6)
core   0: 3 0x80005320 (0x1a5b0b23) mem 0x8002bacc 0x0
core   0: 0x80005324 (0x00578d83) lb      s11, 5(a5)
core   0: 3 0x80005324 (0x00578d83) x27 0xfffffff4 mem 0x8001cc3f
core   0: 0x80005328 (0x627b2523) sw      t2, 1578(s6)
core   0: 3 0x80005328 (0x627b2523) mem 0x8002bf40 0x00000000
core   0: 0x8000532c (0x00c79d83) lh      s11, 12(a5)
core   0: 3 0x8000532c (0x00c79d83) x27 0xfffffcfd mem 0x8001cc46
core   0: 0x80005330 (0xa07b02a3) sb      t2, -1531(s6)
core   0: 3 0x80005330 (0xa07b02a3) mem 0x8002b31b 0x0
core   0: 0x80005334 (0x350b0423) sb      a6, 840(s6)
core   0: 3 0x80005334 (0x350b0423) mem 0x8002bc5e 0xff
core   0: 0x80005338 (0x0001e297) auipc   t0, 0x1e
core   0: 3 0x80005338 (0x0001e297) x5  0x80023338
core   0: 0x8000533c (0xb1f28293) addi    t0, t0, -1249
core   0: 3 0x8000533c (0xb1f28293) x5  0x80022e57
core   0: 0x80005340 (0x056294a3) sh      s6, 73(t0)
core   0: 3 0x80005340 (0x056294a3) mem 0x80022ea0 0xb916
core   0: 0x80005344 (0x03128c03) lb      s8, 49(t0)
core   0: 3 0x80005344 (0x03128c03) x24 0x00000043 mem 0x80022e88
core   0: 0x80005348 (0x000082ad) c.srli  a3, 11
core   0: 3 0x80005348 (0x82ad) x13 0x00000000
core   0: 0x8000534a (0x0000717d) c.addi16sp sp, -16
core   0: 3 0x8000534a (0x717d) x2  0xffffe5d6
core   0: 0x8000534c (0x0000838d) c.srli  a5, 3
core   0: 3 0x8000534c (0x838d) x15 0x10003987
core   0: 0x8000534e (0x0388d833) divu    a6, a7, s8
core   0: 3 0x8000534e (0x0388d833) x16 0x00000000
core   0: 0x80005352 (0x00001708) c.addi4spn a0, sp, 928
core   0: 3 0x80005352 (0x1708) x10 0xffffe976
core   0: 0x80005354 (0x0000100f) fence.i
core   0: 3 0x80005354 (0x0000100f)
core   0: 0x80005358 (0xf4a2df03) lhu     t5, -182(t0)
core   0: 3 0x80005358 (0xf4a2df03) x30 0x0000595a mem 0x80022da1 mem 0x80022da2
core   0: 0x8000535c (0x0000871d) c.srai  a4, 7
core   0: 3 0x8000535c (0x871d) x14 0x00000000
core   0: 0x8000535e (0x5729ca93) xori    s5, s3, 1394
core   0: 3 0x8000535e (0x5729ca93) x21 0x80031b26
core   0: 0x80005362 (0xf422d303) lhu     t1, -190(t0)
core   0: 3 0x80005362 (0xf422d303) x6  0x00005152 mem 0x80022d99 mem 0x80022d9a
core   0: 0x80005366 (0x34005ef3) csrrwi  t4, mscratch, 0
core   0: 3 0x80005366 (0x34005ef3) x29 0x00000005 c832_mscratch 0x00000000
core   0: 0x8000536a (0x08f28f83) lb      t6, 143(t0)
core   0: 3 0x8000536a (0x08f28f83) x31 0xffffff9d mem 0x80022ee6
core   0: 0x8000536e (0xff42a0a3) sw      s4, -31(t0)
core   0: 3 0x8000536e (0xff42a0a3) mem 0x80022e38 0xb4b5b6b7
core   0: 0x80005372 (0xfb75a113) slti    sp, a1, -73
core   0: 3 0x80005372 (0xfb75a113) x2  0x00000000
core   0: 0x80005376 (0x05d2ab03) lw      s6, 93(t0)
core   0: 3 0x80005376 (0x05d2ab03) x22 0x6c6d6e6f mem 0x80022eb4
core   0: 0x8000537a (0x02cde833) rem     a6, s11, a2
core   0: 3 0x8000537a (0x02cde833) x16 0xfffffcfd
core   0: 0x8000537e (0x00000001) c.nop
core   0: 3 0x8000537e (0x0001)
core   0: 0x80005380 (0x340c5df3) csrrwi  s11, mscratch, 24
core   0: 3 0x80005380 (0x340c5df3) x27 0x00000000 c832_mscratch 0x00000018
core   0: 0x80005384 (0x00000001) c.nop
core   0: 3 0x80005384 (0x0001)
core   0: 0x80005386 (0x40b30933) sub     s2, t1, a1
core   0: 3 0x80005386 (0x40b30933) x18 0xffffb0b1
core   0: 0x8000538a (0x00001714) c.addi4spn a3, sp, 928
core   0: 3 0x8000538a (0x1714) x13 0x000003a0
core   0: 0x8000538c (0x340557f3) csrrwi  a5, mscratch, 10
core   0: 3 0x8000538c (0x340557f3) x15 0x00000018 c832_mscratch 0x0000000a
core   0: 0x80005390 (0x0000717d) c.addi16sp sp, -16
core   0: 3 0x80005390 (0x717d) x2  0xfffffff0
core   0: 0x80005392 (0x0362d383) lhu     t2, 54(t0)
core   0: 3 0x80005392 (0x0362d383) x7  0x00004546 mem 0x80022e8d mem 0x80022e8e
core   0: 0x80005396 (0x02e67eb3) remu    t4, a2, a4
core   0: 3 0x80005396 (0x02e67eb3) x29 0x00001213
core   0: 0x8000539a (0x3034b213) sltiu   tp, s1, 771
core   0: 3 0x8000539a (0x3034b213) x4  0x00000000
core   0: 0x8000539e (0x0ff0000f) fence   iorw,iorw
core   0: 3 0x8000539e (0x0ff0000f)
core   0: 0x800053a2 (0x00001218) c.addi4spn a4, sp, 288
core   0: 3 0x800053a2 (0x1218) x14 0x00000110
core   0: 0x800053a4 (0x0bd2aa23) sw      t4, 180(t0)
core   0: 3 0x800053a4 (0x0bd2aa23) mem 0x80022f0b 0x13 mem 0x80022f0c 0x12 mem 0x80022f0d 0x0 mem 0x80022f0e 0x0
core   0: 0x800053a8 (0x01b2d603) lhu     a2, 27(t0)
core   0: 3 0x800053a8 (0x01b2d603) x12 0x00002829 mem 0x80022e72
core   0: 0x800053ac (0x00017e97) auipc   t4, 0x17
core   0: 3 0x800053ac (0x00017e97) x29 0x8001c3ac
core   0: 0x800053b0 (0x787e8e93) addi    t4, t4, 1927
core   0: 3 0x800053b0 (0x787e8e93) x29 0x8001cb33
core   0: 0x800053b4 (0xf8ce9c23) sh      a2, -104(t4)
core   0: 3 0x800053b4 (0xf8ce9c23) mem 0x8001cacb 0x29 mem 0x8001cacc 0x28
core   0: 0x800053b8 (0x00027297) auipc   t0, 0x27
core   0: 3 0x800053b8 (0x00027297) x5  0x8002c3b8
core   0: 0x800053bc (0x6b628293) addi    t0, t0, 1718
core   0: 3 0x800053bc (0x6b628293) x5  0x8002ca6e
core   0: 0x800053c0 (0xf6be9b83) lh      s7, -149(t4)
core   0: 3 0x800053c0 (0xf6be9b83) x23 0x00005455 mem 0x8001ca9e
core   0: 0x800053c4 (0x00dea603) lw      a2, 13(t4)
core   0: 3 0x800053c4 (0x00dea603) x12 0xf8f9fafb mem 0x8001cb40
core   0: 0x800053c8 (0x00629503) lh      a0, 6(t0)
core   0: 3 0x800053c8 (0x00629503) x10 0x00002e2f mem 0x8002ca74
core   0: 0x800053cc (0x001e8103) lb      sp, 1(t4)
core   0: 3 0x800053cc (0x001e8103) x2  0xffffffef mem 0x8001cb34
core   0: 0x800053d0 (0x0082c783) lbu     a5, 8(t0)
core   0: 3 0x800053d0 (0x0082c783) x15 0x0000002d mem 0x8002ca76
core   0: 0x800053d4 (0xf7de81a3) sb      t4, -157(t4)
core   0: 3 0x800053d4 (0xf7de81a3) mem 0x8001ca96 0x33
core   0: 0x800053d8 (0xff02c483) lbu     s1, -16(t0)
core   0: 3 0x800053d8 (0xff02c483) x9  0x00000015 mem 0x8002ca5e
core   0: 0x800053dc (0x0042c803) lbu     a6, 4(t0)
core   0: 3 0x800053dc (0x0042c803) x16 0x00000029 mem 0x8002ca72
core   0: 0x800053e0 (0xffa2a603) lw      a2, -6(t0)
core   0: 3 0x800053e0 (0xffa2a603) x12 0x20212223 mem 0x8002ca68
core   0: 0x800053e4 (0x00023f97) auipc   t6, 0x23
core   0: 3 0x800053e4 (0x00023f97) x31 0x800283e4
core   0: 0x800053e8 (0xf41f8f93) addi    t6, t6, -191
core   0: 3 0x800053e8 (0xf41f8f93) x31 0x80028325
core   0: 0x800053ec (0x40f4d013) srai    zero, s1, 15
core   0: 3 0x800053ec (0x40f4d013)
core   0: 0x800053f0 (0x011ccdb3) xor     s11, s9, a7
core   0: 3 0x800053f0 (0x011ccdb3) x27 0x80035ce4
core   0: 0x800053f4 (0x00001afd) c.addi  s5, -1
core   0: 3 0x800053f4 (0x1afd) x21 0x80031b25
core   0: 0x800053f6 (0xf57fa0a3) sw      s7, -191(t6)
core   0: 3 0x800053f6 (0xf57fa0a3) mem 0x80028266 0x55 mem 0x80028267 0x54 mem 0x80028268 0x0 mem 0x80028269 0x0
core   0: 0x800053fa (0xf15fc203) lbu     tp, -235(t6)
core   0: 3 0x800053fa (0xf15fc203) x4  0x000000f1 mem 0x8002823a
core   0: 0x800053fe (0xf86fd083) lhu     ra, -122(t6)
core   0: 3 0x800053fe (0xf86fd083) x1  0x00006760 mem 0x800282ab mem 0x800282ac
core   0: 0x80005402 (0x0c2fda03) lhu     s4, 194(t6)
core   0: 3 0x80005402 (0x0c2fda03) x20 0x0000a39c mem 0x800283e7 mem 0x800283e8
core   0: 0x80005406 (0x2ca38613) addi    a2, t2, 714
core   0: 3 0x80005406 (0x2ca38613) x12 0x00004810
core   0: 0x8000540a (0x0000100f) fence.i
core   0: 3 0x8000540a (0x0000100f)
core   0: 0x8000540e (0x0d7f8683) lb      a3, 215(t6)
core   0: 3 0x8000540e (0x0d7f8683) x13 0xffffffb7 mem 0x800283fc
core   0: 0x80005412 (0x00000398) c.addi4spn a4, sp, 448
core   0: 3 0x80005412 (0x0398) x14 0x000001af
core   0: 0x80005414 (0x03d848b3) div     a7, a6, t4
core   0: 3 0x80005414 (0x03d848b3) x17 0x00000000
core   0: 0x80005418 (0x01ec5293) srli    t0, s8, 30
core   0: 3 0x80005418 (0x01ec5293) x5  0x00000000
core   0: 0x8000541c (0x0000100f) fence.i
core   0: 3 0x8000541c (0x0000100f)
core   0: 0x80005420 (0xf89fad03) lw      s10, -119(t6)
core   0: 3 0x80005420 (0xf89fad03) x26 0x6a6b6465 mem 0x800282ae mem 0x800282af mem 0x800282b0 mem 0x800282b1
core   0: 0x80005424 (0x00a092b3) sll     t0, ra, a0
core   0: 3 0x80005424 (0x00a092b3) x5  0x33b00000
core   0: 0x80005428 (0x08af9b03) lh      s6, 138(t6)
core   0: 3 0x80005428 (0x08af9b03) x22 0x00006b64 mem 0x800283af mem 0x800283b0
core   0: 0x8000542c (0xab15ed13) ori     s10, a1, -1359
core   0: 3 0x8000542c (0xab15ed13) x26 0xfffffab1
core   0: 0x80005430 (0x075fd483) lhu     s1, 117(t6)
core   0: 3 0x80005430 (0x075fd483) x9  0x00005051 mem 0x8002839a
core   0: 0x80005434 (0x02d830b3) mulhu   ra, a6, a3
core   0: 3 0x80005434 (0x02d830b3) x1  0x00000028
core   0: 0x80005438 (0x490cb013) sltiu   zero, s9, 1168
core   0: 3 0x80005438 (0x490cb013)
core   0: 0x8000543c (0x05cf9c03) lh      s8, 92(t6)
core   0: 3 0x8000543c (0x05cf9c03) x24 0x0000393a mem 0x80028381 mem 0x80028382
core   0: 0x80005440 (0x3402bbf3) csrrc   s7, mscratch, t0
core   0: 3 0x80005440 (0x3402bbf3) x23 0x0000000a c832_mscratch 0x0000000a
core   0: 0x80005444 (0xf5ffaea3) sw      t6, -163(t6)
core   0: 3 0x80005444 (0xf5ffaea3) mem 0x80028282 0x25 mem 0x80028283 0x83 mem 0x80028284 0x2 mem 0x80028285 0x80
core   0: 0x80005448 (0x02c71a33) mulh    s4, a4, a2
core   0: 3 0x80005448 (0x02c71a33) x20 0x00000000
core   0: 0x8000544c (0xf49f85a3) sb      s1, -181(t6)
core   0: 3 0x8000544c (0xf49f85a3) mem 0x80028270 0x51
core   0: 0x80005450 (0xf7cf9723) sh      t3, -146(t6)
core   0: 3 0x80005450 (0xf7cf9723) mem 0x80028293 0xa8 mem 0x80028294 0x6d
core   0: 0x80005454 (0x00475013) srli    zero, a4, 4
core   0: 3 0x80005454 (0x00475013)
core   0: 0x80005458 (0xf66fae83) lw      t4, -154(t6)
core   0: 3 0x80005458 (0xf66fae83) x29 0x45464740 mem 0x8002828b mem 0x8002828c mem 0x8002828d mem 0x8002828e
core   0: 0x8000545c (0x33a03393) sltiu   t2, zero, 826
core   0: 3 0x8000545c (0x33a03393) x7  0x00000001
core   0: 0x80005460 (0x093faf23) sw      s3, 158(t6)
core   0: 3 0x80005460 (0x093faf23) mem 0x800283c3 0x54 mem 0x800283c4 0x1e mem 0x800283c5 0x3 mem 0x800283c6 0x80
core   0: 0x80005464 (0xf22f8b03) lb      s6, -222(t6)
core   0: 3 0x80005464 (0xf22f8b03) x22 0xfffffffc mem 0x80028247
core   0: 0x80005468 (0x00eb6c33) or      s8, s6, a4
core   0: 3 0x80005468 (0x00eb6c33) x24 0xffffffff
core   0: 0x8000546c (0x3409faf3) csrrci  s5, mscratch, 19
core   0: 3 0x8000546c (0x3409faf3) x21 0x0000000a c832_mscratch 0x00000008
core   0: 0x80005470 (0x095f9f23) sh      s5, 158(t6)
core   0: 3 0x80005470 (0x095f9f23) mem 0x800283c3 0xa mem 0x800283c4 0x0
core   0: 0x80005474 (0x00025117) auipc   sp, 0x25
core   0: 3 0x80005474 (0x00025117) x2  0x8002a474
core   0: 0x80005478 (0xd4710113) addi    sp, sp, -697
core   0: 3 0x80005478 (0xd4710113) x2  0x8002a1bb
core   0: 0x8000547c (0x03b76633) rem     a2, a4, s11
core   0: 3 0x8000547c (0x03b76633) x12 0x000001af
core   0: 0x80005480 (0xfdf11003) lh      zero, -33(sp)
core   0: 3 0x80005480 (0xfdf11003) mem 0x8002a19a
core   0: 0x80005484 (0x00000001) c.nop
core   0: 3 0x80005484 (0x0001)
core   0: 0x80005486 (0x00004e41) c.li    t3, 16
core   0: 3 0x80005486 (0x4e41) x28 0x00000010
core   0: 0x80005488 (0x00f107a3) sb      a5, 15(sp)
core   0: 3 0x80005488 (0x00f107a3) mem 0x8002a1ca 0x2d
core   0: 0x8000548c (0x01710503) lb      a0, 23(sp)
core   0: 3 0x8000548c (0x01710503) x10 0xffffff89 mem 0x8002a1d2
core   0: 0x80005490 (0xfc215b83) lhu     s7, -62(sp)
core   0: 3 0x80005490 (0xfc215b83) x23 0x00003536 mem 0x8002a17d mem 0x8002a17e
core   0: 0x80005494 (0xfe012603) lw      a2, -32(sp)
core   0: 3 0x80005494 (0xfe012603) x12 0x55565750 mem 0x8002a19b mem 0x8002a19c mem 0x8002a19d mem 0x8002a19e
core   0: 0x80005498 (0x40e2dd33) sra     s10, t0, a4
core   0: 3 0x80005498 (0x40e2dd33) x26 0x00006760
core   0: 0x8000549c (0x2d6d8c17) auipc   s8, 0x2d6d8
core   0: 3 0x8000549c (0x2d6d8c17) x24 0xad6dd49c
core   0: 0x800054a0 (0xfef12583) lw      a1, -17(sp)
core   0: 3 0x800054a0 (0xfef12583) x11 0x66676061 mem 0x8002a1aa mem 0x8002a1ab mem 0x8002a1ac mem 0x8002a1ad
core   0: 0x800054a4 (0x03d10883) lb      a7, 61(sp)
core   0: 3 0x800054a4 (0x03d10883) x17 0xffffffb3 mem 0x8002a1f8
core   0: 0x800054a8 (0x340cd6f3) csrrwi  a3, mscratch, 25
core   0: 3 0x800054a8 (0x340cd6f3) x13 0x00000008 c832_mscratch 0x00000019
core   0: 0x800054ac (0x02b4ebb3) rem     s7, s1, a1
core   0: 3 0x800054ac (0x02b4ebb3) x23 0x00005051
core   0: 0x800054b0 (0xfd310883) lb      a7, -45(sp)
core   0: 3 0x800054b0 (0xfd310883) x17 0x00000045 mem 0x8002a18e
core   0: 0x800054b4 (0x00a11d03) lh      s10, 10(sp)
core   0: 3 0x800054b4 (0x00a11d03) x26 0x00007d7e mem 0x8002a1c5 mem 0x8002a1c6
core   0: 0x800054b8 (0xfd010223) sb      a6, -60(sp)
core   0: 3 0x800054b8 (0xfd010223) mem 0x8002a17f 0x29
core   0: 0x800054bc (0xfd810d03) lb      s10, -40(sp)
core   0: 3 0x800054bc (0xfd810d03) x26 0x00000048 mem 0x8002a193
core   0: 0x800054c0 (0x34002273) csrr    tp, mscratch
core   0: 3 0x800054c0 (0x34002273) x4  0x00000019
core   0: 0x800054c4 (0x01a22e33) slt     t3, tp, s10
core   0: 3 0x800054c4 (0x01a22e33) x28 0x00000001
core   0: 0x800054c8 (0xfe311703) lh      a4, -29(sp)
core   0: 3 0x800054c8 (0xfe311703) x14 0x00005455 mem 0x8002a19e
core   0: 0x800054cc (0x03b32a33) mulhsu  s4, t1, s11
core   0: 3 0x800054cc (0x03b32a33) x20 0x000028aa
core   0: 0x800054d0 (0x03312083) lw      ra, 51(sp)
core   0: 3 0x800054d0 (0x03312083) x1  0xaaaba4a5 mem 0x8002a1ee mem 0x8002a1ef mem 0x8002a1f0 mem 0x8002a1f1
core   0: 0x800054d4 (0x00000001) c.nop
core   0: 3 0x800054d4 (0x0001)
core   0: 0x800054d6 (0xfed10d03) lb      s10, -19(sp)
core   0: 3 0x800054d6 (0xfed10d03) x26 0x00000063 mem 0x8002a1a8
core   0: 0x800054da (0xfe012ea3) sw      zero, -3(sp)
core   0: 3 0x800054da (0xfe012ea3) mem 0x8002a1b8 0x00000000
core   0: 0x800054de (0x01915283) lhu     t0, 25(sp)
core   0: 3 0x800054de (0x01915283) x5  0x00008e8f mem 0x8002a1d4
core   0: 0x800054e2 (0x000087c1) c.srai  a5, 16
core   0: 3 0x800054e2 (0x87c1) x15 0x00000000
core   0: 0x800054e4 (0xb50e71b7) lui     gp, 0xb50e7
core   0: 3 0x800054e4 (0xb50e71b7) x3  0xb50e7000
core   0: 0x800054e8 (0x00004642) c.lwsp  a2, 16(sp)
core   0: 3 0x800054e8 (0x4642) x12 0x85868780 mem 0x8002a1cb mem 0x8002a1cc mem 0x8002a1cd mem 0x8002a1ce
core   0: 0x800054ea (0x58504013) xori    zero, zero, 1413
core   0: 3 0x800054ea (0x58504013)
core   0: 0x800054ee (0xfd912423) sw      s9, -56(sp)
core   0: 3 0x800054ee (0xfd912423) mem 0x8002a183 0xe4 mem 0x8002a184 0x5c mem 0x8002a185 0x3 mem 0x8002a186 0x80
core   0: 0x800054f2 (0xfe712423) sw      t2, -24(sp)
core   0: 3 0x800054f2 (0xfe712423) mem 0x8002a1a3 0x1 mem 0x8002a1a4 0x0 mem 0x8002a1a5 0x0 mem 0x8002a1a6 0x0
core   0: 0x800054f6 (0x02515d83) lhu     s11, 37(sp)
core   0: 3 0x800054f6 (0x02515d83) x27 0x00009a9b mem 0x8002a1e0
core   0: 0x800054fa (0x34007bf3) csrrci  s7, mscratch, 0
core   0: 3 0x800054fa (0x34007bf3) x23 0x00000019
core   0: 0x800054fe (0x00000001) c.nop
core   0: 3 0x800054fe (0x0001)
core   0: 0x80005500 (0x007b2233) slt     tp, s6, t2
core   0: 3 0x80005500 (0x007b2233) x4  0x00000001
core   0: 0x80005504 (0x018176b3) and     a3, sp, s8
core   0: 3 0x80005504 (0x018176b3) x13 0x80008098
core   0: 0x80005508 (0x025a53b3) divu    t2, s4, t0
core   0: 3 0x80005508 (0x025a53b3) x7  0x00000000
core   0: 0x8000550c (0x0000c0c2) c.swsp  a6, 64(sp)
core   0: 3 0x8000550c (0xc0c2) mem 0x8002a1fb 0x29 mem 0x8002a1fc 0x0 mem 0x8002a1fd 0x0 mem 0x8002a1fe 0x0
core   0: 0x8000550e (0x03210e83) lb      t4, 50(sp)
core   0: 3 0x8000550e (0x03210e83) x29 0xffffffa6 mem 0x8002a1ed
core   0: 0x80005512 (0x03914a83) lbu     s5, 57(sp)
core   0: 3 0x80005512 (0x03914a83) x21 0x000000af mem 0x8002a1f4
core   0: 0x80005516 (0x3408aa73) csrrs   s4, mscratch, a7
core   0: 3 0x80005516 (0x3408aa73) x20 0x00000019 c832_mscratch 0x0000005d
core   0: 0x8000551a (0x01901033) sll     zero, zero, s9
core   0: 3 0x8000551a (0x01901033)
core   0: 0x8000551e (0x000065f1) c.lui   a1, 0x1c
core   0: 3 0x8000551e (0x65f1) x11 0x0001c000
core   0: 0x80005520 (0x6d96b493) sltiu   s1, a3, 1753
core   0: 3 0x80005520 (0x6d96b493) x9  0x00000000
core   0: 0x80005524 (0xfe712823) sw      t2, -16(sp)
core   0: 3 0x80005524 (0xfe712823) mem 0x8002a1ab 0x0 mem 0x8002a1ac 0x0 mem 0x8002a1ad 0x0 mem 0x8002a1ae 0x0
core   0: 0x80005528 (0xfcf15303) lhu     t1, -49(sp)
core   0: 3 0x80005528 (0xfcf15303) x6  0x00004041 mem 0x8002a18a
core   0: 0x8000552c (0x01512083) lw      ra, 21(sp)
core   0: 3 0x8000552c (0x01512083) x1  0x88898a8b mem 0x8002a1d0
core   0: 0x80005530 (0x00017497) auipc   s1, 0x17
core   0: 3 0x80005530 (0x00017497) x9  0x8001c530
core   0: 0x80005534 (0xb4148493) addi    s1, s1, -1215
core   0: 3 0x80005534 (0xb4148493) x9  0x8001c071
core   0: 0x80005538 (0x0001fa97) auipc   s5, 0x1f
core   0: 3 0x80005538 (0x0001fa97) x21 0x80024538
core   0: 0x8000553c (0x7daa8a93) addi    s5, s5, 2010
core   0: 3 0x8000553c (0x7daa8a93) x21 0x80024d12
core   0: 0x80005540 (0x9e1a9e83) lh      t4, -1567(s5)
core   0: 3 0x80005540 (0x9e1a9e83) x29 0xffffafa8 mem 0x800246f3 mem 0x800246f4
core   0: 0x80005544 (0xa4da9723) sh      a3, -1458(s5)
core   0: 3 0x80005544 (0xa4da9723) mem 0x80024760 0x8098
core   0: 0x80005548 (0xa29a9003) lh      zero, -1495(s5)
core   0: 3 0x80005548 (0xa29a9003) mem 0x8002473b mem 0x8002473c
core   0: 0x8000554c (0xffa4c883) lbu     a7, -6(s1)
core   0: 3 0x8000554c (0xffa4c883) x17 0x00000020 mem 0x8001c06b
core   0: 0x80005550 (0x1aeaa303) lw      t1, 430(s5)
core   0: 3 0x80005550 (0x1aeaa303) x6  0x78797a7b mem 0x80024ec0
core   0: 0x80005554 (0xfb7aaf03) lw      t5, -73(s5)
core   0: 3 0x80005554 (0xfb7aaf03) x30 0x87808182 mem 0x80024cc9 mem 0x80024cca mem 0x80024ccb mem 0x80024ccc
core   0: 0x80005558 (0xd19a8723) sb      s9, -754(s5)
core   0: 3 0x80005558 (0xd19a8723) mem 0x80024a20 0xe4
core   0: 0x8000555c (0x0034d603) lhu     a2, 3(s1)
core   0: 3 0x8000555c (0x0034d603) x12 0x00002e2f mem 0x8001c074
core   0: 0x80005560 (0xffa49f83) lh      t6, -6(s1)
core   0: 3 0x80005560 (0xffa49f83) x31 0x00002720 mem 0x8001c06b mem 0x8001c06c
core   0: 0x80005564 (0x9fbaa4a3) sw      s11, -1559(s5)
core   0: 3 0x80005564 (0x9fbaa4a3) mem 0x800246fb 0x9b mem 0x800246fc 0x9a mem 0x800246fd 0x0 mem 0x800246fe 0x0
core   0: 0x80005568 (0x00e496a3) sh      a4, 13(s1)
core   0: 3 0x80005568 (0x00e496a3) mem 0x8001c07e 0x5455
core   0: 0x8000556c (0x248a8803) lb      a6, 584(s5)
core   0: 3 0x8000556c (0x248a8803) x16 0x00000011 mem 0x80024f5a
core   0: 0x80005570 (0x0004ac03) lw      s8, 0(s1)
core   0: 3 0x80005570 (0x0004ac03) x24 0x2f28292a mem 0x8001c071 mem 0x8001c072 mem 0x8001c073 mem 0x8001c074
core   0: 0x80005574 (0x00017117) auipc   sp, 0x17
core   0: 3 0x80005574 (0x00017117) x2  0x8001c574
core   0: 0x80005578 (0x6d210113) addi    sp, sp, 1746
core   0: 3 0x80005578 (0x6d210113) x2  0x8001cc46
core   0: 0x8000557c (0x02615803) lhu     a6, 38(sp)
core   0: 3 0x8000557c (0x02615803) x16 0x00002627 mem 0x8001cc6c
core   0: 0x80005580 (0x02e8e3b3) rem     t2, a7, a4
core   0: 3 0x80005580 (0x02e8e3b3) x7  0x00000020
core   0: 0x80005584 (0xf9c11883) lh      a7, -100(sp)
core   0: 3 0x80005584 (0xf9c11883) x17 0xffff9899 mem 0x8001cbe2
core   0: 0x80005588 (0xf9c14d03) lbu     s10, -100(sp)
core   0: 3 0x80005588 (0xf9c14d03) x26 0x00000099 mem 0x8001cbe2
core   0: 0x8000558c (0x00008c89) c.sub   s1, a0
core   0: 3 0x8000558c (0x8c89) x9  0x8001c0e8
core   0: 0x8000558e (0xfb112ca3) sw      a7, -71(sp)
core   0: 3 0x8000558e (0xfb112ca3) mem 0x8001cbff 0x99 mem 0x8001cc00 0x98 mem 0x8001cc01 0xff mem 0x8001cc02 0xff
core   0: 0x80005592 (0xfa512ca3) sw      t0, -71(sp)
core   0: 3 0x80005592 (0xfa512ca3) mem 0x8001cbff 0x8f mem 0x8001cc00 0x8e mem 0x8001cc01 0x0 mem 0x8001cc02 0x0
core   0: 0x80005596 (0xfbf10f03) lb      t5, -65(sp)
core   0: 3 0x80005596 (0xfbf10f03) x30 0xffffffbe mem 0x8001cc05
core   0: 0x8000559a (0x019bfd33) and     s10, s7, s9
core   0: 3 0x8000559a (0x019bfd33) x26 0x00000000
core   0: 0x8000559e (0x00000d2a) c.slli  s10, 10
core   0: 3 0x8000559e (0x0d2a) x26 0x00000000
core   0: 0x800055a0 (0x07911183) lh      gp, 121(sp)
core   0: 3 0x800055a0 (0x07911183) x3  0x00007b74 mem 0x8001ccbf mem 0x8001ccc0
core   0: 0x800055a4 (0x07912f03) lw      t5, 121(sp)
core   0: 3 0x800055a4 (0x07912f03) x30 0x797a7b74 mem 0x8001ccbf mem 0x8001ccc0 mem 0x8001ccc1 mem 0x8001ccc2
core   0: 0x800055a8 (0x00004396) c.lwsp  t2, 68(sp)
core   0: 3 0x800055a8 (0x4396) x7  0x46474041 mem 0x8001cc8a mem 0x8001cc8b mem 0x8001cc8c mem 0x8001cc8d
core   0: 0x800055aa (0xfda15e03) lhu     t3, -38(sp)
core   0: 3 0x800055aa (0xfda15e03) x28 0x0000dadb mem 0x8001cc20
core   0: 0x800055ae (0xf0d12623) sw      a3, -244(sp)
core   0: 3 0x800055ae (0xf0d12623) mem 0x8001cb52 0x98 mem 0x8001cb53 0x80 mem 0x8001cb54 0x0 mem 0x8001cb55 0x80
core   0: 0x800055b2 (0x05510083) lb      ra, 85(sp)
core   0: 3 0x800055b2 (0x05510083) x1  0x00000050 mem 0x8001cc9b
core   0: 0x800055b6 (0xfaa12d23) sw      a0, -70(sp)
core   0: 3 0x800055b6 (0xfaa12d23) mem 0x8001cc00 0xffffff89
core   0: 0x800055ba (0xfa511d23) sh      t0, -70(sp)
core   0: 3 0x800055ba (0xfa511d23) mem 0x8001cc00 0x8e8f
core   0: 0x800055be (0x07612383) lw      t2, 118(sp)
core   0: 3 0x800055be (0x07612383) x7  0x74757677 mem 0x8001ccbc
core   0: 0x800055c2 (0x00027e97) auipc   t4, 0x27
core   0: 3 0x800055c2 (0x00027e97) x29 0x8002c5c2
core   0: 0x800055c6 (0xf7fe8e93) addi    t4, t4, -129
core   0: 3 0x800055c6 (0xf7fe8e93) x29 0x8002c541
core   0: 0x800055ca (0x0329a633) mulhsu  a2, s3, s2
core   0: 3 0x800055ca (0x0329a633) x12 0x800345fa
core   0: 0x800055ce (0xfece9e23) sh      a2, -4(t4)
core   0: 3 0x800055ce (0xfece9e23) mem 0x8002c53d 0xfa mem 0x8002c53e 0x45
core   0: 0x800055d2 (0x017e8223) sb      s7, 4(t4)
core   0: 3 0x800055d2 (0x017e8223) mem 0x8002c545 0x19
core   0: 0x800055d6 (0x01dea023) sw      t4, 0(t4)
core   0: 3 0x800055d6 (0x01dea023) mem 0x8002c541 0x41 mem 0x8002c542 0xc5 mem 0x8002c543 0x2 mem 0x8002c544 0x80
core   0: 0x800055da (0x00ee8283) lb      t0, 14(t4)
core   0: 3 0x800055da (0x00ee8283) x5  0x00000004 mem 0x8002c54f
core   0: 0x800055de (0x018ea723) sw      s8, 14(t4)
core   0: 3 0x800055de (0x018ea723) mem 0x8002c54f 0x2a mem 0x8002c550 0x29 mem 0x8002c551 0x28 mem 0x8002c552 0x2f
core   0: 0x800055e2 (0x00ce9083) lh      ra, 12(t4)
core   0: 3 0x800055e2 (0x00ce9083) x1  0x00000506 mem 0x8002c54d mem 0x8002c54e
core   0: 0x800055e6 (0xffde9aa3) sh      t4, -11(t4)
core   0: 3 0x800055e6 (0xffde9aa3) mem 0x8002c536 0xc541
core   0: 0x800055ea (0x0000717d) c.addi16sp sp, -16
core   0: 3 0x800055ea (0x717d) x2  0x8001cc36
core   0: 0x800055ec (0x019e96a3) sh      s9, 13(t4)
core   0: 3 0x800055ec (0x019e96a3) mem 0x8002c54e 0x5ce4
core   0: 0x800055f0 (0x79f6e813) ori     a6, a3, 1951
core   0: 3 0x800055f0 (0x79f6e813) x16 0x8000879f
core   0: 0x800055f4 (0xff1eaba3) sw      a7, -9(t4)
core   0: 3 0x800055f4 (0xff1eaba3) mem 0x8002c538 0xffff9899
core   0: 0x800055f8 (0xffcedd83) lhu     s11, -4(t4)
core   0: 3 0x800055f8 (0xffcedd83) x27 0x000045fa mem 0x8002c53d mem 0x8002c53e
core   0: 0x800055fc (0x0000717d) c.addi16sp sp, -16
core   0: 3 0x800055fc (0x717d) x2  0x8001cc26
core   0: 0x800055fe (0xff1e8d83) lb      s11, -15(t4)
core   0: 3 0x800055fe (0xff1e8d83) x27 0xffffffe9 mem 0x8002c532
core   0: 0x80005602 (0x03553ab3) mulhu   s5, a0, s5
core   0: 3 0x80005602 (0x03553ab3) x21 0x80024cd6
core   0: 0x80005606 (0x000099fd) c.andi  a1, -1
core   0: 3 0x80005606 (0x99fd) x11 0x0001c000
core   0: 0x80005608 (0x00008d41) c.or    a0, s0
core   0: 3 0x80005608 (0x8d41) x10 0xffffff8d
core   0: 0x8000560a (0x00008392) c.mv    t2, tp
core   0: 3 0x8000560a (0x8392) x7  0x00000001
core   0: 0x8000560c (0x0163c833) xor     a6, t2, s6
core   0: 3 0x8000560c (0x0163c833) x16 0xfffffffd
core   0: 0x80005610 (0x00fa5bb3) srl     s7, s4, a5
core   0: 3 0x80005610 (0x00fa5bb3) x23 0x00000019
core   0: 0x80005614 (0x4138dd33) sra     s10, a7, s3
core   0: 3 0x80005614 (0x4138dd33) x26 0xffffffff
core   0: 0x80005618 (0x0000c48d) c.beqz  s1, pc + 42
core   0: 3 0x80005618 (0xc48d)
core   0: 0x8000561a (0x038dddb3) divu    s11, s11, s8
core   0: 3 0x8000561a (0x038dddb3) x27 0x00000005
core   0: 0x8000561e (0x008d0533) add     a0, s10, s0
core   0: 3 0x8000561e (0x008d0533) x10 0x00000003
core   0: 0x80005622 (0x00000b69) c.addi  s6, 26
core   0: 3 0x80005622 (0x0b69) x22 0x00000016
core   0: 0x80005624 (0x003a1d63) bne     s4, gp, pc + 26
core   0: 3 0x80005624 (0x003a1d63)
core   0: 0x8000563e (0x032bef63) bltu    s7, s2, pc + 62
core   0: 3 0x8000563e (0x032bef63)
core   0: 0x8000567c (0x7a7d8e13) addi    t3, s11, 1959
core   0: 3 0x8000567c (0x7a7d8e13) x28 0x000007ac
core   0: 0x80005680 (0x0202aab3) mulhsu  s5, t0, zero
core   0: 3 0x80005680 (0x0202aab3) x21 0x00000000
core   0: 0x80005684 (0x00f67033) and     zero, a2, a5
core   0: 3 0x80005684 (0x00f67033)
core   0: 0x80005688 (0x00008bc9) c.andi  a5, 18
core   0: 3 0x80005688 (0x8bc9) x15 0x00000000
core   0: 0x8000568a (0x0ff0000f) fence   iorw,iorw
core   0: 3 0x8000568a (0x0ff0000f)
core   0: 0x8000568e (0x0000717d) c.addi16sp sp, -16
core   0: 3 0x8000568e (0x717d) x2  0x8001cc16
core   0: 0x80005690 (0x900ad317) auipc   t1, 0x900ad
core   0: 3 0x80005690 (0x900ad317) x6  0x100b2690
core   0: 0x80005694 (0x00008fc5) c.or    a5, s1
core   0: 3 0x80005694 (0x8fc5) x15 0x8001c0e8
core   0: 0x80005696 (0x0000e30d) c.bnez  a4, pc + 34
core   0: 3 0x80005696 (0xe30d)
core   0: 0x800056b8 (0x61443f13) sltiu   t5, s0, 1556
core   0: 3 0x800056b8 (0x61443f13) x30 0x00000001
core   0: 0x800056bc (0x000060fd) c.lui   ra, 0x1f
core   0: 3 0x800056bc (0x60fd) x1  0x0001f000
core   0: 0x800056be (0x00008f01) c.sub   a4, s0
core   0: 3 0x800056be (0x8f01) x14 0x00005451
core   0: 0x800056c0 (0x0140e563) bltu    ra, s4, pc + 10
core   0: 3 0x800056c0 (0x0140e563)
core   0: 0x800056c4 (0x00008ec5) c.or    a3, s1
core   0: 3 0x800056c4 (0x8ec5) x13 0x8001c0f8
core   0: 0x800056c6 (0x022376b3) remu    a3, t1, sp
core   0: 3 0x800056c6 (0x022376b3) x13 0x100b2690
core   0: 0x800056ca (0x00008d5d) c.or    a0, a5
core   0: 3 0x800056ca (0x8d5d) x10 0x8001c0eb
core   0: 0x800056cc (0x00008da6) c.mv    s11, s1
core   0: 3 0x800056cc (0x8da6) x27 0x8001c0e8
core   0: 0x800056ce (0x00009aee) c.add   s5, s11
core   0: 3 0x800056ce (0x9aee) x21 0x8001c0e8
core   0: 0x800056d0 (0x0ff0000f) fence   iorw,iorw
core   0: 3 0x800056d0 (0x0ff0000f)
core   0: 0x800056d4 (0x8ffe4e13) xori    t3, t3, -1793
core   0: 3 0x800056d4 (0x8ffe4e13) x28 0xffffff53
core   0: 0x800056d8 (0x00009b72) c.add   s6, t3
core   0: 3 0x800056d8 (0x9b72) x22 0xffffff69
core   0: 0x800056da (0x40d10fb3) sub     t6, sp, a3
core   0: 3 0x800056da (0x40d10fb3) x31 0x6ff6a586
core   0: 0x800056de (0x00008096) c.mv    ra, t0
core   0: 3 0x800056de (0x8096) x1  0x00000004
core   0: 0x800056e0 (0x00000de5) c.addi  s11, 25
core   0: 3 0x800056e0 (0x0de5) x27 0x8001c101
core   0: 0x800056e2 (0x0ff0000f) fence   iorw,iorw
core   0: 3 0x800056e2 (0x0ff0000f)
core   0: 0x800056e6 (0x030ef8b3) remu    a7, t4, a6
core   0: 3 0x800056e6 (0x030ef8b3) x17 0x8002c541
core   0: 0x800056ea (0x01f62b33) slt     s6, a2, t6
core   0: 3 0x800056ea (0x01f62b33) x22 0x00000001
core   0: 0x800056ee (0x030202b3) mul     t0, tp, a6
core   0: 3 0x800056ee (0x030202b3) x5  0xfffffffd
core   0: 0x800056f2 (0x417cd293) srai    t0, s9, 23
core   0: 3 0x800056f2 (0x417cd293) x5  0xffffff00
core   0: 0x800056f6 (0x032971b3) remu    gp, s2, s2
core   0: 3 0x800056f6 (0x032971b3) x3  0x00000000
core   0: 0x800056fa (0x34006d73) csrrsi  s10, mscratch, 0
core   0: 3 0x800056fa (0x34006d73) x26 0x0000005d
core   0: 0x800056fe (0x340aa273) csrrs   tp, mscratch, s5
core   0: 3 0x800056fe (0x340aa273) x4  0x0000005d c832_mscratch 0x8001c0fd
core   0: 0x80005702 (0x41e2dab3) sra     s5, t0, t5
core   0: 3 0x80005702 (0x41e2dab3) x21 0xffffff80
core   0: 0x80005706 (0x017ab4b3) sltu    s1, s5, s7
core   0: 3 0x80005706 (0x017ab4b3) x9  0x00000000
core   0: 0x8000570a (0x0000091e) c.slli  s2, 7
core   0: 3 0x8000570a (0x091e) x18 0xffd85880
core   0: 0x8000570c (0x00a29493) slli    s1, t0, 10
core   0: 3 0x8000570c (0x00a29493) x9  0xfffc0000
core   0: 0x80005710 (0x40ea5193) srai    gp, s4, 14
core   0: 3 0x80005710 (0x40ea5193) x3  0x00000000
core   0: 0x80005714 (0x0000c495) c.beqz  s1, pc + 44
core   0: 3 0x80005714 (0xc495)
core   0: 0x80005716 (0x00004ec9) c.li    t4, 18
core   0: 3 0x80005716 (0x4ec9) x29 0x00000012
core   0: 0x80005718 (0x015ccb33) xor     s6, s9, s5
core   0: 3 0x80005718 (0x015ccb33) x22 0x7ffca364
core   0: 0x8000571c (0x03ab03b3) mul     t2, s6, s10
core   0: 3 0x8000571c (0x03ab03b3) x7  0x7ec75b54
core   0: 0x80005720 (0x010ade33) srl     t3, s5, a6
core   0: 3 0x80005720 (0x010ade33) x28 0x00000007
core   0: 0x80005724 (0x02e91c33) mulh    s8, s2, a4
core   0: 3 0x80005724 (0x02e91c33) x24 0xfffffff2
core   0: 0x80005728 (0x0092d093) srli    ra, t0, 9
core   0: 3 0x80005728 (0x0092d093) x1  0x007fffff
core   0: 0x8000572c (0x3405de73) csrrwi  t3, mscratch, 11
core   0: 3 0x8000572c (0x3405de73) x28 0x8001c0fd c832_mscratch 0x0000000b
core   0: 0x80005730 (0x02da24b3) mulhsu  s1, s4, a3
core   0: 3 0x80005730 (0x02da24b3) x9  0x00000001
core   0: 0x80005734 (0xb6c7c013) xori    zero, a5, -1172
core   0: 3 0x80005734 (0xb6c7c013)
core   0: 0x80005738 (0x0324b733) mulhu   a4, s1, s2
core   0: 3 0x80005738 (0x0324b733) x14 0x00000000
core   0: 0x8000573c (0x0ff0000f) fence   iorw,iorw
core   0: 3 0x8000573c (0x0ff0000f)
core   0: 0x80005740 (0x2c934b13) xori    s6, t1, 713
core   0: 3 0x80005740 (0x2c934b13) x22 0x100b2459
core   0: 0x80005744 (0x003e73b3) and     t2, t3, gp
core   0: 3 0x80005744 (0x003e73b3) x7  0x00000000
core   0: 0x80005748 (0x033c8663) beq     s9, s3, pc + 44
core   0: 3 0x80005748 (0x033c8663)
core   0: 0x8000574c (0x0000cf99) c.beqz  a5, pc + 30
core   0: 3 0x8000574c (0xcf99)
core   0: 0x8000574e (0x0000117d) c.addi  sp, -1
core   0: 3 0x8000574e (0x117d) x2  0x8001cc15
core   0: 0x80005750 (0x01ca9293) slli    t0, s5, 28
core   0: 3 0x80005750 (0x01ca9293) x5  0x00000000
core   0: 0x80005754 (0xd66e0113) addi    sp, t3, -666
core   0: 3 0x80005754 (0xd66e0113) x2  0x8001be63
core   0: 0x80005758 (0x0000100f) fence.i
core   0: 3 0x80005758 (0x0000100f)
core   0: 0x8000575c (0x0163c263) blt     t2, s6, pc + 4
core   0: 3 0x8000575c (0x0163c263)
core   0: 0x80005760 (0x93ea6213) ori     tp, s4, -1730
core   0: 3 0x80005760 (0x93ea6213) x4  0xfffff93f
core   0: 0x80005764 (0x340066f3) csrrsi  a3, mscratch, 0
core   0: 3 0x80005764 (0x340066f3) x13 0x0000000b
core   0: 0x80005768 (0x000083f2) c.mv    t2, t3
core   0: 3 0x80005768 (0x83f2) x7  0x8001c0fd
core   0: 0x8000576a (0x005588b3) add     a7, a1, t0
core   0: 3 0x8000576a (0x005588b3) x17 0x0001c000
core   0: 0x8000576e (0x340b1973) csrrw   s2, mscratch, s6
core   0: 3 0x8000576e (0x340b1973) x18 0x0000000b c832_mscratch 0x100b2459
core   0: 0x80005772 (0x00005afd) c.li    s5, -1
core   0: 3 0x80005772 (0x5afd) x21 0xffffffff
core   0: 0x80005774 (0x00001dfd) c.addi  s11, -1
core   0: 3 0x80005774 (0x1dfd) x27 0x8001c100
core   0: 0x80005776 (0x00a0c263) blt     ra, a0, pc + 4
core   0: 3 0x80005776 (0x00a0c263)
core   0: 0x8000577a (0x4090d0b3) sra     ra, ra, s1
core   0: 3 0x8000577a (0x4090d0b3) x1  0x003fffff
core   0: 0x8000577e (0x34027f73) csrrci  t5, mscratch, 4
core   0: 3 0x8000577e (0x34027f73) x30 0x100b2459 c832_mscratch 0x100b2459
core   0: 0x80005782 (0x0ff0000f) fence   iorw,iorw
core   0: 3 0x80005782 (0x0ff0000f)
core   0: 0x80005786 (0x0279f733) remu    a4, s3, t2
core   0: 3 0x80005786 (0x0279f733) x14 0x00015d57
core   0: 0x8000578a (0x01d61213) slli    tp, a2, 29
core   0: 3 0x8000578a (0x01d61213) x4  0x40000000
core   0: 0x8000578e (0xa9ec6313) ori     t1, s8, -1378
core   0: 3 0x8000578e (0xa9ec6313) x6  0xfffffffe
core   0: 0x80005792 (0xd79dbb13) sltiu   s6, s11, -647
core   0: 3 0x80005792 (0xd79dbb13) x22 0x00000001
core   0: 0x80005796 (0x00008d25) c.xor   a0, s1
core   0: 3 0x80005796 (0x8d25) x10 0x8001c0ea
core   0: 0x80005798 (0x00008266) c.mv    tp, s9
core   0: 3 0x80005798 (0x8266) x4  0x80035ce4
core   0: 0x8000579a (0x02876ab3) rem     s5, a4, s0
core   0: 3 0x8000579a (0x02876ab3) x21 0x00000003
core   0: 0x8000579e (0x0095d0b3) srl     ra, a1, s1
core   0: 3 0x8000579e (0x0095d0b3) x1  0x0000e000
core   0: 0x800057a2 (0x00004c79) c.li    s8, 30
core   0: 3 0x800057a2 (0x4c79) x24 0x0000001e
core   0: 0x800057a4 (0xa0dee813) ori     a6, t4, -1523
core   0: 3 0x800057a4 (0xa0dee813) x16 0xfffffa1f
core   0: 0x800057a8 (0x005d2a33) slt     s4, s10, t0
core   0: 3 0x800057a8 (0x005d2a33) x20 0x00000000
core   0: 0x800057ac (0x01c73db3) sltu    s11, a4, t3
core   0: 3 0x800057ac (0x01c73db3) x27 0x00000001
core   0: 0x800057b0 (0x0000c889) c.beqz  s1, pc + 18
core   0: 3 0x800057b0 (0xc889)
core   0: 0x800057b2 (0x011340b3) xor     ra, t1, a7
core   0: 3 0x800057b2 (0x011340b3) x1  0xfffe3ffe
core   0: 0x800057b6 (0x038d9e63) bne     s11, s8, pc + 60
core   0: 3 0x800057b6 (0x038d9e63)
core   0: 0x800057f2 (0x01595193) srli    gp, s2, 21
core   0: 3 0x800057f2 (0x01595193) x3  0x00000000
core   0: 0x800057f6 (0x5d7df193) andi    gp, s11, 1495
core   0: 3 0x800057f6 (0x5d7df193) x3  0x00000001
core   0: 0x800057fa (0x035a0833) mul     a6, s4, s5
core   0: 3 0x800057fa (0x035a0833) x16 0x00000000
core   0: 0x800057fe (0x01791d13) slli    s10, s2, 23
core   0: 3 0x800057fe (0x01791d13) x26 0x05800000
core   0: 0x80005802 (0x00c1ee33) or      t3, gp, a2
core   0: 3 0x80005802 (0x00c1ee33) x28 0x800345fb
core   0: 0x80005806 (0x018f9663) bne     t6, s8, pc + 12
core   0: 3 0x80005806 (0x018f9663)
core   0: 0x80005812 (0x00000f90) c.addi4spn a2, sp, 976
core   0: 3 0x80005812 (0x0f90) x12 0x8001c233
core   0: 0x80005814 (0x034bbf33) mulhu   t5, s7, s4
core   0: 3 0x80005814 (0x034bbf33) x30 0x00000000
core   0: 0x80005818 (0x696fc913) xori    s2, t6, 1686
core   0: 3 0x80005818 (0x696fc913) x18 0x6ff6a310
core   0: 0x8000581c (0x0000100f) fence.i
core   0: 3 0x8000581c (0x0000100f)
core   0: 0x80005820 (0x3403e3f3) csrrsi  t2, mscratch, 7
core   0: 3 0x80005820 (0x3403e3f3) x7  0x100b2459 c832_mscratch 0x100b245f
core   0: 0x80005824 (0x009b8c63) beq     s7, s1, pc + 24
core   0: 3 0x80005824 (0x009b8c63)
core   0: 0x80005828 (0x40f401b3) sub     gp, s0, a5
core   0: 3 0x80005828 (0x40f401b3) x3  0x7ffe3f1c
core   0: 0x8000582c (0x002c2ab3) slt     s5, s8, sp
core   0: 3 0x8000582c (0x002c2ab3) x21 0x00000000
core   0: 0x80005830 (0x01e5db63) bge     a1, t5, pc + 22
core   0: 3 0x80005830 (0x01e5db63)
core   0: 0x80005846 (0x005eb533) sltu    a0, t4, t0
core   0: 3 0x80005846 (0x005eb533) x10 0x00000000
core   0: 0x8000584a (0x340b74f3) csrrci  s1, mscratch, 22
core   0: 3 0x8000584a (0x340b74f3) x9  0x100b245f c832_mscratch 0x100b2449
core   0: 0x8000584e (0x031c5db3) divu    s11, s8, a7
core   0: 3 0x8000584e (0x031c5db3) x27 0x00000000
core   0: 0x80005852 (0x34016ef3) csrrsi  t4, mscratch, 2
core   0: 3 0x80005852 (0x34016ef3) x29 0x100b2449 c832_mscratch 0x100b244b
core   0: 0x80005856 (0x0011bd33) sltu    s10, gp, ra
core   0: 3 0x80005856 (0x0011bd33) x26 0x00000001
core   0: 0x8000585a (0x3408d773) csrrwi  a4, mscratch, 17
core   0: 3 0x8000585a (0x3408d773) x14 0x100b244b c832_mscratch 0x00000011
core   0: 0x8000585e (0x00000595) c.addi  a1, 5
core   0: 3 0x8000585e (0x0595) x11 0x0001c005
core   0: 0x80005860 (0x00000001) c.nop
core   0: 3 0x80005860 (0x0001)
core   0: 0x80005862 (0x00000001) c.nop
core   0: 3 0x80005862 (0x0001)
core   0: 0x80005864 (0x00008ff1) c.and   a5, a2
core   0: 3 0x80005864 (0x8ff1) x15 0x8001c020
core   0: 0x80005866 (0x000061e5) c.lui   gp, 0x19
core   0: 3 0x80005866 (0x61e5) x3  0x00019000
core   0: 0x80005868 (0x34002b73) csrr    s6, mscratch
core   0: 3 0x80005868 (0x34002b73) x22 0x00000011
core   0: 0x8000586c (0x000090b6) c.add   ra, a3
core   0: 3 0x8000586c (0x90b6) x1  0xfffe4009
core   0: 0x8000586e (0x03d00633) mul     a2, zero, t4
core   0: 3 0x8000586e (0x03d00633) x12 0x00000000
core   0: 0x80005872 (0x0000995e) c.add   s2, s7
core   0: 3 0x80005872 (0x995e) x18 0x6ff6a329
core   0: 0x80005874 (0x0000418d) c.li    gp, 3
core   0: 3 0x80005874 (0x418d) x3  0x00000003
core   0: 0x80005876 (0x02fa6333) rem     t1, s4, a5
core   0: 3 0x80005876 (0x02fa6333) x6  0x00000000
core   0: 0x8000587a (0xd3babb93) sltiu   s7, s5, -709
core   0: 3 0x8000587a (0xd3babb93) x23 0x00000001
core   0: 0x8000587e (0xce7e0693) addi    a3, t3, -793
core   0: 3 0x8000587e (0xce7e0693) x13 0x800342e2
core   0: 0x80005882 (0x411adab3) sra     s5, s5, a7
core   0: 3 0x80005882 (0x411adab3) x21 0x00000000
core   0: 0x80005886 (0x00128663) beq     t0, ra, pc + 12
core   0: 3 0x80005886 (0x00128663)
core   0: 0x8000588a (0x002c8833) add     a6, s9, sp
core   0: 3 0x8000588a (0x002c8833) x16 0x00051b47
core   0: 0x8000588e (0x0ff0000f) fence   iorw,iorw
core   0: 3 0x8000588e (0x0ff0000f)
core   0: 0x80005892 (0x02e47bb3) remu    s7, s0, a4
core   0: 3 0x80005892 (0x02e47bb3) x23 0x00000004
core   0: 0x80005896 (0x00e31263) bne     t1, a4, pc + 4
core   0: 3 0x80005896 (0x00e31263)
core   0: 0x8000589a (0x00b89863) bne     a7, a1, pc + 16
core   0: 3 0x8000589a (0x00b89863)
core   0: 0x800058aa (0x00008315) c.srli  a4, 5
core   0: 3 0x800058aa (0x8315) x14 0x00805922
core   0: 0x800058ac (0x0000100f) fence.i
core   0: 3 0x800058ac (0x0000100f)
core   0: 0x800058b0 (0x00000176) c.slli  sp, 29
core   0: 3 0x800058b0 (0x0176) x2  0x60000000
core   0: 0x800058b2 (0x0000870d) c.srai  a4, 3
core   0: 3 0x800058b2 (0x870d) x14 0x00100b24
core   0: 0x800058b4 (0x00009676) c.add   a2, t4
core   0: 3 0x800058b4 (0x9676) x12 0x100b2449
core   0: 0x800058b6 (0x000099fd) c.andi  a1, -1
core   0: 3 0x800058b6 (0x99fd) x11 0x0001c005
core   0: 0x800058b8 (0x00006111) c.addi16sp sp, 256
core   0: 3 0x800058b8 (0x6111) x2  0x60000100
core   0: 0x800058ba (0x0302bd33) mulhu   s10, t0, a6
core   0: 3 0x800058ba (0x0302bd33) x26 0x00000000
core   0: 0x800058be (0x02e0f5b3) remu    a1, ra, a4
core   0: 3 0x800058be (0x02e0f5b3) x11 0x000c85b9
core   0: 0x800058c2 (0x51613a13) sltiu   s4, sp, 1302
core   0: 3 0x800058c2 (0x51613a13) x20 0x00000000
core   0: 0x800058c6 (0x00008906) c.mv    s2, ra
core   0: 3 0x800058c6 (0x8906) x18 0xfffe4009
core   0: 0x800058c8 (0x01fb1ab3) sll     s5, s6, t6
core   0: 3 0x800058c8 (0x01fb1ab3) x21 0x00000440
core   0: 0x800058cc (0x03473233) mulhu   tp, a4, s4
core   0: 3 0x800058cc (0x03473233) x4  0x00000000
core   0: 0x800058d0 (0x00461a33) sll     s4, a2, tp
core   0: 3 0x800058d0 (0x00461a33) x20 0x100b2449
core   0: 0x800058d4 (0x00a230b3) sltu    ra, tp, a0
core   0: 3 0x800058d4 (0x00a230b3) x1  0x00000000
core   0: 0x800058d8 (0x340021f3) csrr    gp, mscratch
core   0: 3 0x800058d8 (0x340021f3) x3  0x00000011
core   0: 0x800058dc (0x00004d7d) c.li    s10, 31
core   0: 3 0x800058dc (0x4d7d) x26 0x0000001f
core   0: 0x800058de (0x03c6c8b3) div     a7, a3, t3
core   0: 3 0x800058de (0x03c6c8b3) x17 0x00000001
core   0: 0x800058e2 (0x00008da1) c.xor   a1, s0
core   0: 3 0x800058e2 (0x8da1) x11 0x000c85bd
core   0: 0x800058e4 (0x01e13eb3) sltu    t4, sp, t5
core   0: 3 0x800058e4 (0x01e13eb3) x29 0x00000000
core   0: 0x800058e8 (0x026224b3) mulhsu  s1, tp, t1
core   0: 3 0x800058e8 (0x026224b3) x9  0x00000000
core   0: 0x800058ec (0x0000717d) c.addi16sp sp, -16
core   0: 3 0x800058ec (0x717d) x2  0x600000f0
core   0: 0x800058ee (0x01e1d933) srl     s2, gp, t5
core   0: 3 0x800058ee (0x01e1d933) x18 0x00000011
core   0: 0x800058f2 (0x0000e79d) c.bnez  a5, pc + 46
core   0: 3 0x800058f2 (0xe79d)
core   0: 0x80005920 (0x010d4133) xor     sp, s10, a6
core   0: 3 0x80005920 (0x010d4133) x2  0x00051b58
core   0: 0x80005924 (0x0000717d) c.addi16sp sp, -16
core   0: 3 0x80005924 (0x717d) x2  0x00051b48
core   0: 0x80005926 (0x868e3d93) sltiu   s11, t3, -1944
core   0: 3 0x80005926 (0x868e3d93) x27 0x00000001
core   0: 0x8000592a (0x01b39f33) sll     t5, t2, s11
core   0: 3 0x8000592a (0x01b39f33) x30 0x201648b2
core   0: 0x8000592e (0x0000852a) c.mv    a0, a0
core   0: 3 0x8000592e (0x852a) x10 0x00000000
core   0: 0x80005930 (0x00008d19) c.sub   a0, a4
core   0: 3 0x80005930 (0x8d19) x10 0xffeff4dc
core   0: 0x80005932 (0x02f0d663) bge     ra, a5, pc + 44
core   0: 3 0x80005932 (0x02f0d663)
core   0: 0x8000595e (0x001bc463) blt     s7, ra, pc + 8
core   0: 3 0x8000595e (0x001bc463)
core   0: 0x80005962 (0x0000ce99) c.beqz  a3, pc + 30
core   0: 3 0x80005962 (0xce99)
core   0: 0x80005964 (0x000058fd) c.li    a7, -1
core   0: 3 0x80005964 (0x58fd) x17 0xffffffff
core   0: 0x80005966 (0x03338f63) beq     t2, s3, pc + 62
core   0: 3 0x80005966 (0x03338f63)
core   0: 0x8000596a (0xde077593) andi    a1, a4, -544
core   0: 3 0x8000596a (0xde077593) x11 0x00100920
core   0: 0x8000596e (0x719d1937) lui     s2, 0x719d1
core   0: 3 0x8000596e (0x719d1937) x18 0x719d1000
core   0: 0x80005972 (0x00000001) c.nop
core   0: 3 0x80005972 (0x0001)
core   0: 0x80005974 (0x20ec8713) addi    a4, s9, 526
core   0: 3 0x80005974 (0x20ec8713) x14 0x80035ef2
core   0: 0x80005978 (0x312c1f97) auipc   t6, 0x312c1
core   0: 3 0x80005978 (0x312c1f97) x31 0xb12c6978
core   0: 0x8000597c (0x00a78a63) beq     a5, a0, pc + 20
core   0: 3 0x8000597c (0x00a78a63)
core   0: 0x80005980 (0xb83db693) sltiu   a3, s11, -1149
core   0: 3 0x80005980 (0xb83db693) x13 0x00000001
core   0: 0x80005984 (0x01c29a13) slli    s4, t0, 28
core   0: 3 0x80005984 (0x01c29a13) x20 0x00000000
core   0: 0x80005988 (0x00099493) slli    s1, s3, 0
core   0: 3 0x80005988 (0x00099493) x9  0x80031e54
core   0: 0x8000598c (0x340f7073) csrci   mscratch, 30
core   0: 3 0x8000598c (0x340f7073) c832_mscratch 0x00000001
core   0: 0x80005990 (0x00000001) c.nop
core   0: 3 0x80005990 (0x0001)
core   0: 0x80005992 (0x03a17f63) bgeu    sp, s10, pc + 62
core   0: 3 0x80005992 (0x03a17f63)
core   0: 0x800059d0 (0x0000169c) c.addi4spn a5, sp, 864
core   0: 3 0x800059d0 (0x169c) x15 0x00051ea8
core   0: 0x800059d2 (0x0000817a) c.mv    sp, t5
core   0: 3 0x800059d2 (0x817a) x2  0x201648b2
core   0: 0x800059d4 (0x000081bd) c.srli  a1, 15
core   0: 3 0x800059d4 (0x81bd) x11 0x00000020
core   0: 0x800059d6 (0x03a45db3) divu    s11, s0, s10
core   0: 3 0x800059d6 (0x03a45db3) x27 0x00000000
core   0: 0x800059da (0xbaa00c13) li      s8, -1110
core   0: 3 0x800059da (0xbaa00c13) x24 0xfffffbaa
core   0: 0x800059de (0x00001bfd) c.addi  s7, -1
core   0: 3 0x800059de (0x1bfd) x23 0x00000003
core   0: 0x800059e0 (0x03218763) beq     gp, s2, pc + 46
core   0: 3 0x800059e0 (0x03218763)
core   0: 0x800059e4 (0x00bd9a93) slli    s5, s11, 11
core   0: 3 0x800059e4 (0x00bd9a93) x21 0x00000000
core   0: 0x800059e8 (0x0048aa33) slt     s4, a7, tp
core   0: 3 0x800059e8 (0x0048aa33) x20 0x00000001
core   0: 0x800059ec (0x00001c10) c.addi4spn a2, sp, 560
core   0: 3 0x800059ec (0x1c10) x12 0x20164ae2
core   0: 0x800059ee (0x038d5933) divu    s2, s10, s8
core   0: 3 0x800059ee (0x038d5933) x18 0x00000000
core   0: 0x800059f2 (0x0000198c) c.addi4spn a1, sp, 240
core   0: 3 0x800059f2 (0x198c) x11 0x201649a2
core   0: 0x800059f4 (0x00008565) c.srai  a0, 25
core   0: 3 0x800059f4 (0x8565) x10 0xffffffff
core   0: 0x800059f6 (0x00008ce1) c.and   s1, s0
core   0: 3 0x800059f6 (0x8ce1) x9  0x00000004
core   0: 0x800059f8 (0x34003273) csrrc   tp, mscratch, zero
core   0: 3 0x800059f8 (0x34003273) x4  0x00000001
core   0: 0x800059fc (0x0143f5b3) and     a1, t2, s4
core   0: 3 0x800059fc (0x0143f5b3) x11 0x00000001
core   0: 0x80005a00 (0x00008e19) c.sub   a2, a4
core   0: 3 0x80005a00 (0x8e19) x12 0xa012ebf0
core   0: 0x80005a02 (0x02e8d7b3) divu    a5, a7, a4
core   0: 3 0x80005a02 (0x02e8d7b3) x15 0x00000001
core   0: 0x80005a06 (0x00c6e333) or      t1, a3, a2
core   0: 3 0x80005a06 (0x00c6e333) x6  0xa012ebf1
core   0: 0x80005a0a (0xf81d6293) ori     t0, s10, -127
core   0: 3 0x80005a0a (0xf81d6293) x5  0xffffff9f
core   0: 0x80005a0e (0x03e2df33) divu    t5, t0, t5
core   0: 3 0x80005a0e (0x03e2df33) x30 0x00000007
core   0: 0x80005a12 (0x058bf063) bgeu    s7, s8, pc + 64
core   0: 3 0x80005a12 (0x058bf063)
core   0: 0x80005a16 (0x01751213) slli    tp, a0, 23
core   0: 3 0x80005a16 (0x01751213) x4  0xff800000
core   0: 0x80005a1a (0x00000001) c.nop
core   0: 3 0x80005a1a (0x0001)
core   0: 0x80005a1c (0x02f8ce33) div     t3, a7, a5
core   0: 3 0x80005a1c (0x02f8ce33) x28 0xffffffff
core   0: 0x80005a20 (0x0000615d) c.addi16sp sp, 432
core   0: 3 0x80005a20 (0x615d) x2  0x20164a62
core   0: 0x80005a22 (0x000066f9) c.lui   a3, 0x1e
core   0: 3 0x80005a22 (0x66f9) x13 0x0001e000
core   0: 0x80005a24 (0x0ff0000f) fence   iorw,iorw
core   0: 3 0x80005a24 (0x0ff0000f)
core   0: 0x80005a28 (0x000055fd) c.li    a1, -1
core   0: 3 0x80005a28 (0x55fd) x11 0xffffffff
core   0: 0x80005a2a (0x6487b6b7) lui     a3, 0x6487b
core   0: 3 0x80005a2a (0x6487b6b7) x13 0x6487b000
core   0: 0x80005a2e (0x3407faf3) csrrci  s5, mscratch, 15
core   0: 3 0x80005a2e (0x3407faf3) x21 0x00000001 c832_mscratch 0x00000000
core   0: 0x80005a32 (0x413cdc33) sra     s8, s9, s3
core   0: 3 0x80005a32 (0x413cdc33) x24 0xfffff800
core   0: 0x80005a36 (0x41a55713) srai    a4, a0, 26
core   0: 3 0x80005a36 (0x41a55713) x14 0xffffffff
core   0: 0x80005a3a (0x415e5fb3) sra     t6, t3, s5
core   0: 3 0x80005a3a (0x415e5fb3) x31 0xffffffff
core   0: 0x80005a3e (0x00008fc9) c.or    a5, a0
core   0: 3 0x80005a3e (0x8fc9) x15 0xffffffff
core   0: 0x80005a40 (0x34002f73) csrr    t5, mscratch
core   0: 3 0x80005a40 (0x34002f73) x30 0x00000000
core   0: 0x80005a44 (0x3754e913) ori     s2, s1, 885
core   0: 3 0x80005a44 (0x3754e913) x18 0x00000375
core   0: 0x80005a48 (0x00001ffd) c.addi  t6, -1
core   0: 3 0x80005a48 (0x1ffd) x31 0xfffffffe
core   0: 0x80005a4a (0x000080ad) c.srli  s1, 11
core   0: 3 0x80005a4a (0x80ad) x9  0x00000000
core   0: 0x80005a4c (0x01736eb3) or      t4, t1, s7
core   0: 3 0x80005a4c (0x01736eb3) x29 0xa012ebf3
core   0: 0x80005a50 (0x0000969a) c.add   a3, t1
core   0: 3 0x80005a50 (0x969a) x13 0x049a9bf1
core   0: 0x80005a52 (0xf9047793) andi    a5, s0, -112
core   0: 3 0x80005a52 (0xf9047793) x15 0x00000000
core   0: 0x80005a56 (0x02b97533) remu    a0, s2, a1
core   0: 3 0x80005a56 (0x02b97533) x10 0x00000375
core   0: 0x80005a5a (0xe08fbf93) sltiu   t6, t6, -504
core   0: 3 0x80005a5a (0xe08fbf93) x31 0x00000000
core   0: 0x80005a5e (0x000001f1) c.addi  gp, 28
core   0: 3 0x80005a5e (0x01f1) x3  0x0000002d
core   0: 0x80005a60 (0x4cd6a293) slti    t0, a3, 1229
core   0: 3 0x80005a60 (0x4cd6a293) x5  0x00000000
core   0: 0x80005a64 (0x00005b7d) c.li    s6, -1
core   0: 3 0x80005a64 (0x5b7d) x22 0xffffffff
core   0: 0x80005a66 (0x01fcc763) blt     s9, t6, pc + 14
core   0: 3 0x80005a66 (0x01fcc763)
core   0: 0x80005a74 (0x00000c8c) c.addi4spn a1, sp, 592
core   0: 3 0x80005a74 (0x0c8c) x11 0x20164cb2
core   0: 0x80005a76 (0x00cae8b3) or      a7, s5, a2
core   0: 3 0x80005a76 (0x00cae8b3) x17 0xa012ebf1
core   0: 0x80005a7a (0x0000100f) fence.i
core   0: 3 0x80005a7a (0x0000100f)
core   0: 0x80005a7e (0x0205e0b3) rem     ra, a1, zero
core   0: 3 0x80005a7e (0x0205e0b3) x1  0x20164cb2
core   0: 0x80005a82 (0x3401a273) csrrs   tp, mscratch, gp
core   0: 3 0x80005a82 (0x3401a273) x4  0x00000000 c832_mscratch 0x0000002d
core   0: 0x80005a86 (0x34059273) csrrw   tp, mscratch, a1
core   0: 3 0x80005a86 (0x34059273) x4  0x0000002d c832_mscratch 0x20164cb2
core   0: 0x80005a8a (0x00000962) c.slli  s2, 24
core   0: 3 0x80005a8a (0x0962) x18 0x75000000
core   0: 0x80005a8c (0x0093dd63) bge     t2, s1, pc + 26
core   0: 3 0x80005a8c (0x0093dd63)
core   0: 0x80005aa6 (0x00000284) c.addi4spn s1, sp, 320
core   0: 3 0x80005aa6 (0x0284) x9  0x20164ba2
core   0: 0x80005aa8 (0x00008da9) c.xor   a1, a0
core   0: 3 0x80005aa8 (0x8da9) x11 0x20164fc7
core   0: 0x80005aaa (0x03eed663) bge     t4, t5, pc + 44
core   0: 3 0x80005aaa (0x03eed663)
core   0: 0x80005aae (0x0000cc89) c.beqz  s1, pc + 26
core   0: 3 0x80005aae (0xcc89)
core   0: 0x80005ab0 (0x6804f813) andi    a6, s1, 1664
core   0: 3 0x80005ab0 (0x6804f813) x16 0x00000280
core   0: 0x80005ab4 (0xd7bd4513) xori    a0, s10, -645
core   0: 3 0x80005ab4 (0xd7bd4513) x10 0xfffffd64
core   0: 0x80005ab8 (0x34003073) csrc    mscratch, zero
core   0: 3 0x80005ab8 (0x34003073)
core   0: 0x80005abc (0x00000001) c.nop
core   0: 3 0x80005abc (0x0001)
core   0: 0x80005abe (0x0000ce1d) c.beqz  a2, pc + 62
core   0: 3 0x80005abe (0xce1d)
core   0: 0x80005ac0 (0xb184fc13) andi    s8, s1, -1256
core   0: 3 0x80005ac0 (0xb184fc13) x24 0x20164b00
core   0: 0x80005ac4 (0x403f5b93) srai    s7, t5, 3
core   0: 3 0x80005ac4 (0x403f5b93) x23 0x00000000
core   0: 0x80005ac8 (0x01668ab3) add     s5, a3, s6
core   0: 3 0x80005ac8 (0x01668ab3) x21 0x049a9bf0
core   0: 0x80005acc (0x00008baa) c.mv    s7, a0
core   0: 3 0x80005acc (0x8baa) x23 0xfffffd64
core   0: 0x80005ace (0x40cc5233) sra     tp, s8, a2
core   0: 3 0x80005ace (0x40cc5233) x4  0x00002016
core   0: 0x80005ad2 (0x41828733) sub     a4, t0, s8
core   0: 3 0x80005ad2 (0x41828733) x14 0xdfe9b500
core   0: 0x80005ad6 (0x02831363) bne     t1, s0, pc + 38
core   0: 3 0x80005ad6 (0x02831363)
core   0: 0x80005afc (0x12bfee93) ori     t4, t6, 299
core   0: 3 0x80005afc (0x12bfee93) x29 0x0000012b
core   0: 0x80005b00 (0x027c9563) bne     s9, t2, pc + 42
core   0: 3 0x80005b00 (0x027c9563)
core   0: 0x80005b2a (0x58357693) andi    a3, a0, 1411
core   0: 3 0x80005b2a (0x58357693) x13 0x00000500
core   0: 0x80005b2e (0x340968f3) csrrsi  a7, mscratch, 18
core   0: 3 0x80005b2e (0x340968f3) x17 0x20164cb2 c832_mscratch 0x20164cb2
core   0: 0x80005b32 (0x00008d89) c.sub   a1, a0
core   0: 3 0x80005b32 (0x8d89) x11 0x20165263
core   0: 0x80005b34 (0x00008e59) c.or    a2, a4
core   0: 3 0x80005b34 (0x8e59) x12 0xfffbfff0
core   0: 0x80005b36 (0x037f8ab3) mul     s5, t6, s7
core   0: 3 0x80005b36 (0x037f8ab3) x21 0x00000000
core   0: 0x80005b3a (0x00e4dd93) srli    s11, s1, 14
core   0: 3 0x80005b3a (0x00e4dd93) x27 0x00008059
core   0: 0x80005b3e (0x00569733) sll     a4, a3, t0
core   0: 3 0x80005b3e (0x00569733) x14 0x00000500
core   0: 0x80005b42 (0x03050a63) beq     a0, a6, pc + 52
core   0: 3 0x80005b42 (0x03050a63)
core   0: 0x80005b46 (0x0058bfb3) sltu    t6, a7, t0
core   0: 3 0x80005b46 (0x0058bfb3) x31 0x00000000
core   0: 0x80005b4a (0x011370b3) and     ra, t1, a7
core   0: 3 0x80005b4a (0x011370b3) x1  0x201248b0
core   0: 0x80005b4e (0x0000100f) fence.i
core   0: 3 0x80005b4e (0x0000100f)
core   0: 0x80005b52 (0x01839663) bne     t2, s8, pc + 12
core   0: 3 0x80005b52 (0x01839663)
core   0: 0x80005b5e (0x0171cab3) xor     s5, gp, s7
core   0: 3 0x80005b5e (0x0171cab3) x21 0xfffffd49
core   0: 0x80005b62 (0x027832b3) mulhu   t0, a6, t2
core   0: 3 0x80005b62 (0x027832b3) x5  0x00000028
core   0: 0x80005b66 (0x03ce1f33) mulh    t5, t3, t3
core   0: 3 0x80005b66 (0x03ce1f33) x30 0x00000000
core   0: 0x80005b6a (0x5bcfa093) slti    ra, t6, 1468
core   0: 3 0x80005b6a (0x5bcfa093) x1  0x00000001
core   0: 0x80005b6e (0x0000100f) fence.i
core   0: 3 0x80005b6e (0x0000100f)
core   0: 0x80005b72 (0x009f22b3) slt     t0, t5, s1
core   0: 3 0x80005b72 (0x009f22b3) x5  0x00000001
core   0: 0x80005b76 (0x3402bff3) csrrc   t6, mscratch, t0
core   0: 3 0x80005b76 (0x3402bff3) x31 0x20164cb2 c832_mscratch 0x20164cb2
core   0: 0x80005b7a (0x00006c71) c.lui   s8, 0x1c
core   0: 3 0x80005b7a (0x6c71) x24 0x0001c000
core   0: 0x80005b7c (0x016d0633) add     a2, s10, s6
core   0: 3 0x80005b7c (0x016d0633) x12 0x0000001e
core   0: 0x80005b80 (0x340a1973) csrrw   s2, mscratch, s4
core   0: 3 0x80005b80 (0x340a1973) x18 0x20164cb2 c832_mscratch 0x00000001
core   0: 0x80005b84 (0xedc9e793) ori     a5, s3, -292
core   0: 3 0x80005b84 (0xedc9e793) x15 0xfffffedc
core   0: 0x80005b88 (0x0ff0000f) fence   iorw,iorw
core   0: 3 0x80005b88 (0x0ff0000f)
core   0: 0x80005b8c (0x0000ed99) c.bnez  a1, pc + 30
core   0: 3 0x80005b8c (0xed99)
core   0: 0x80005baa (0xfd809797) auipc   a5, 0xfd809
core   0: 3 0x80005baa (0xfd809797) x15 0x7d80ebaa
core   0: 0x80005bae (0xca9c9197) auipc   gp, 0xca9c9
core   0: 3 0x80005bae (0xca9c9197) x3  0x4a9cebae
core   0: 0x80005bb2 (0x0263b733) mulhu   a4, t2, t1
core   0: 3 0x80005bb2 (0x0263b733) x14 0x0a082649
core   0: 0x80005bb6 (0x00008f15) c.sub   a4, a3
core   0: 3 0x80005bb6 (0x8f15) x14 0x0a082149
core   0: 0x80005bb8 (0x5ba8b737) lui     a4, 0x5ba8b
core   0: 3 0x80005bb8 (0x5ba8b737) x14 0x5ba8b000
core   0: 0x80005bbc (0xf5b98193) addi    gp, s3, -165
core   0: 3 0x80005bbc (0xf5b98193) x3  0x80031daf
core   0: 0x80005bc0 (0x01c22133) slt     sp, tp, t3
core   0: 3 0x80005bc0 (0x01c22133) x2  0x00000000
core   0: 0x80005bc4 (0x01aa5263) bge     s4, s10, pc + 4
core   0: 3 0x80005bc4 (0x01aa5263)
core   0: 0x80005bc8 (0x00ce0033) add     zero, t3, a2
core   0: 3 0x80005bc8 (0x00ce0033)
core   0: 0x80005bcc (0x0000100f) fence.i
core   0: 3 0x80005bcc (0x0000100f)
core   0: 0x80005bd0 (0x0000950a) c.add   a0, sp
core   0: 3 0x80005bd0 (0x950a) x10 0xfffffd64
core   0: 0x80005bd2 (0x00008731) c.srai  a4, 12
core   0: 3 0x80005bd2 (0x8731) x14 0x0005ba8b
core   0: 0x80005bd4 (0x34017673) csrrci  a2, mscratch, 2
core   0: 3 0x80005bd4 (0x34017673) x12 0x00000001 c832_mscratch 0x00000001
core   0: 0x80005bd8 (0x34002ef3) csrr    t4, mscratch
core   0: 3 0x80005bd8 (0x34002ef3) x29 0x00000001
core   0: 0x80005bdc (0x41f05ab3) sra     s5, zero, t6
core   0: 3 0x80005bdc (0x41f05ab3) x21 0x00000000
core   0: 0x80005be0 (0x340697f3) csrrw   a5, mscratch, a3
core   0: 3 0x80005be0 (0x340697f3) x15 0x00000001 c832_mscratch 0x00000500
core   0: 0x80005be4 (0x0000ef8d) c.bnez  a5, pc + 58
core   0: 3 0x80005be4 (0xef8d)
core   0: 0x80005c1e (0x0158a833) slt     a6, a7, s5
core   0: 3 0x80005c1e (0x0158a833) x16 0x00000000
core   0: 0x80005c22 (0x03048063) beq     s1, a6, pc + 32
core   0: 3 0x80005c22 (0x03048063)
core   0: 0x80005c26 (0x0110f593) andi    a1, ra, 17
core   0: 3 0x80005c26 (0x0110f593) x11 0x00000001
core   0: 0x80005c2a (0x003b5693) srli    a3, s6, 3
core   0: 3 0x80005c2a (0x003b5693) x13 0x1fffffff
core   0: 0x80005c2e (0x0362d4b3) divu    s1, t0, s6
core   0: 3 0x80005c2e (0x0362d4b3) x9  0x00000000
core   0: 0x80005c32 (0x0344e863) bltu    s1, s4, pc + 48
core   0: 3 0x80005c32 (0x0344e863)
core   0: 0x80005c62 (0x0000ed81) c.bnez  a1, pc + 24
core   0: 3 0x80005c62 (0xed81)
core   0: 0x80005c7a (0x3406d073) csrwi   mscratch, 13
core   0: 3 0x80005c7a (0x3406d073) c832_mscratch 0x0000000d
core   0: 0x80005c7e (0x2dd5c513) xori    a0, a1, 733
core   0: 3 0x80005c7e (0x2dd5c513) x10 0x000002dc
core   0: 0x80005c82 (0x34002173) csrr    sp, mscratch
core   0: 3 0x80005c82 (0x34002173) x2  0x0000000d
core   0: 0x80005c86 (0x034b6563) bltu    s6, s4, pc + 42
core   0: 3 0x80005c86 (0x034b6563)
core   0: 0x80005c8a (0x03e22c33) mulhsu  s8, tp, t5
core   0: 3 0x80005c8a (0x03e22c33) x24 0x00000000
core   0: 0x80005c8e (0x01631933) sll     s2, t1, s6
core   0: 3 0x80005c8e (0x01631933) x18 0x80000000
core   0: 0x80005c92 (0x00008799) c.srai  a5, 6
core   0: 3 0x80005c92 (0x8799) x15 0x00000000
core   0: 0x80005c94 (0x0249c733) div     a4, s3, tp
core   0: 3 0x80005c94 (0x0249c733) x14 0xfffc02d7
core   0: 0x80005c98 (0x00008aad) c.andi  a3, 11
core   0: 3 0x80005c98 (0x8aad) x13 0x0000000b
core   0: 0x80005c9a (0x00008cc1) c.or    s1, s0
core   0: 3 0x80005c9a (0x8cc1) x9  0x00000004
core   0: 0x80005c9c (0x340fd973) csrrwi  s2, mscratch, 31
core   0: 3 0x80005c9c (0x340fd973) x18 0x0000000d c832_mscratch 0x0000001f
core   0: 0x80005ca0 (0x1beba113) slti    sp, s7, 446
core   0: 3 0x80005ca0 (0x1beba113) x2  0x00000001
core   0: 0x80005ca4 (0x00000001) c.nop
core   0: 3 0x80005ca4 (0x0001)
core   0: 0x80005ca6 (0x03316f63) bltu    sp, s3, pc + 62
core   0: 3 0x80005ca6 (0x03316f63)
core   0: 0x80005ce4 (0x14cee613) ori     a2, t4, 332
core   0: 3 0x80005ce4 (0x14cee613) x12 0x0000014d
core   0: 0x80005ce8 (0x8a7ead13) slti    s10, t4, -1881
core   0: 3 0x80005ce8 (0x8a7ead13) x26 0x00000000
core   0: 0x80005cec (0x000086d5) c.srai  a3, 21
core   0: 3 0x80005cec (0x86d5) x13 0x00000000
core   0: 0x80005cee (0x0000717d) c.addi16sp sp, -16
core   0: 3 0x80005cee (0x717d) x2  0xfffffff1
core   0: 0x80005cf0 (0x000015fd) c.addi  a1, -1
core   0: 3 0x80005cf0 (0x15fd) x11 0x00000000
core   0: 0x80005cf2 (0x0000e699) c.bnez  a3, pc + 14
core   0: 3 0x80005cf2 (0xe699)
core   0: 0x80005cf4 (0x00defdb3) and     s11, t4, a3
core   0: 3 0x80005cf4 (0x00defdb3) x27 0x00000000
core   0: 0x80005cf8 (0x340595f3) csrrw   a1, mscratch, a1
core   0: 3 0x80005cf8 (0x340595f3) x11 0x0000001f c832_mscratch 0x00000000
core   0: 0x80005cfc (0x41d50233) sub     tp, a0, t4
core   0: 3 0x80005cfc (0x41d50233) x4  0x000002db
core   0: 0x80005d00 (0x0000613d) c.addi16sp sp, 480
core   0: 3 0x80005d00 (0x613d) x2  0x000001d1
core   0: 0x80005d02 (0x012a1e13) slli    t3, s4, 18
core   0: 3 0x80005d02 (0x012a1e13) x28 0x00040000
core   0: 0x80005d06 (0xe0bebb97) auipc   s7, 0xe0beb
core   0: 3 0x80005d06 (0xe0bebb97) x23 0x60bf0d06
core   0: 0x80005d0a (0x9f132393) slti    t2, t1, -1551
core   0: 3 0x80005d0a (0x9f132393) x7  0x00000001
core   0: 0x80005d0e (0x407edd13) srai    s10, t4, 7
core   0: 3 0x80005d0e (0x407edd13) x26 0x00000000
core   0: 0x80005d12 (0x340bddf3) csrrwi  s11, mscratch, 23
core   0: 3 0x80005d12 (0x340bddf3) x27 0x00000000 c832_mscratch 0x00000017
core   0: 0x80005d16 (0x0000118c) c.addi4spn a1, sp, 224
core   0: 3 0x80005d16 (0x118c) x11 0x000002b1
core   0: 0x80005d18 (0x40c180b3) sub     ra, gp, a2
core   0: 3 0x80005d18 (0x40c180b3) x1  0x80031c62
core   0: 0x80005d1c (0x00001088) c.addi4spn a0, sp, 96
core   0: 3 0x80005d1c (0x1088) x10 0x00000231
core   0: 0x80005d1e (0x01251893) slli    a7, a0, 18
core   0: 3 0x80005d1e (0x01251893) x17 0x08c40000
core   0: 0x80005d22 (0x002bfa33) and     s4, s7, sp
core   0: 3 0x80005d22 (0x002bfa33) x20 0x00000100
core   0: 0x80005d26 (0x00001004) c.addi4spn s1, sp, 32
core   0: 3 0x80005d26 (0x1004) x9  0x000001f1
core   0: 0x80005d28 (0x01429133) sll     sp, t0, s4
core   0: 3 0x80005d28 (0x01429133) x2  0x00000001
core   0: 0x80005d2c (0x0000117d) c.addi  sp, -1
core   0: 3 0x80005d2c (0x117d) x2  0x00000000
core   0: 0x80005d2e (0x03c00b33) mul     s6, zero, t3
core   0: 3 0x80005d2e (0x03c00b33) x22 0x00000000
core   0: 0x80005d32 (0x011e6e33) or      t3, t3, a7
core   0: 3 0x80005d32 (0x011e6e33) x28 0x08c40000
core   0: 0x80005d36 (0x4160d313) srai    t1, ra, 22
core   0: 3 0x80005d36 (0x4160d313) x6  0xfffffe00
core   0: 0x80005d3a (0x02c70833) mul     a6, a4, a2
core   0: 3 0x80005d3a (0x02c70833) x16 0xfacfb1ab
core   0: 0x80005d3e (0x839f7893) andi    a7, t5, -1991
core   0: 3 0x80005d3e (0x839f7893) x17 0x00000000
core   0: 0x80005d42 (0x00008f25) c.xor   a4, s1
core   0: 3 0x80005d42 (0x8f25) x14 0xfffc0326
core   0: 0x80005d44 (0x011b5693) srli    a3, s6, 17
core   0: 3 0x80005d44 (0x011b5693) x13 0x00000000
core   0: 0x80005d48 (0x021cb233) mulhu   tp, s9, ra
core   0: 3 0x80005d48 (0x021cb233) x4  0x40033cad
core   0: 0x80005d4c (0x00008ecd) c.or    a3, a1
core   0: 3 0x80005d4c (0x8ecd) x13 0x000002b1
core   0: 0x80005d4e (0x00008309) c.srli  a4, 2
core   0: 3 0x80005d4e (0x8309) x14 0x3fff00c9
core   0: 0x80005d50 (0x0269a1b3) mulhsu  gp, s3, t1
core   0: 3 0x80005d50 (0x0269a1b3) x3  0x80031f53
core   0: 0x80005d54 (0x000098ea) c.add   a7, s10
core   0: 3 0x80005d54 (0x98ea) x17 0x00000000
core   0: 0x80005d56 (0x000084fd) c.srai  s1, 31
core   0: 3 0x80005d56 (0x84fd) x9  0x00000000
core   0: 0x80005d58 (0x000087e9) c.srai  a5, 26
core   0: 3 0x80005d58 (0x87e9) x15 0x00000000
core   0: 0x80005d5a (0x0049a083) lw      ra, 4(s3)
core   0: 3 0x80005d5a (0x0049a083) x1  0x80003494 mem 0x80031e58
core   0: 0x80005d5e (0x00009f92) c.add   t6, tp
core   0: 3 0x80005d5e (0x9f92) x31 0x6019895f
core   0: 0x80005d60 (0x000009c1) c.addi  s3, 16
core   0: 3 0x80005d60 (0x09c1) x19 0x80031e64
core   0: 0x80005d62 (0x0000100f) fence.i
core   0: 3 0x80005d62 (0x0000100f)
core   0: 0x80005d66 (0x00000001) c.nop
core   0: 3 0x80005d66 (0x0001)
core   0: 0x80005d68 (0x010c5733) srl     a4, s8, a6
core   0: 3 0x80005d68 (0x010c5733) x14 0x00000000
core   0: 0x80005d6c (0x00000951) c.addi  s2, 20
core   0: 3 0x80005d6c (0x0951) x18 0x00000021
core   0: 0x80005d6e (0x00000001) c.nop
core   0: 3 0x80005d6e (0x0001)
core   0: 0x80005d70 (0x0111db13) srli    s6, gp, 17
core   0: 3 0x80005d70 (0x0111db13) x22 0x00004001
core   0: 0x80005d74 (0x00b3c133) xor     sp, t2, a1
core   0: 3 0x80005d74 (0x00b3c133) x2  0x000002b0
core   0: 0x80005d78 (0x00108113) addi    sp, ra, 1
core   0: 3 0x80005d78 (0x00108113) x2  0x80003495
core   0: 0x80005d7c (0x00010167) jalr    sp, sp, 0
core   0: 3 0x80005d7c (0x00010167) x2  0x80005d80
core   0: 0x80003494 (0x0001aa97) auipc   s5, 0x1a
core   0: 3 0x80003494 (0x0001aa97) x21 0x8001d494
core   0: 0x80003498 (0xa1fa8a93) addi    s5, s5, -1505
core   0: 3 0x80003498 (0xa1fa8a93) x21 0x8001ceb3
core   0: 0x8000349c (0x08aa8aa3) sb      a0, 149(s5)
core   0: 3 0x8000349c (0x08aa8aa3) mem 0x8001cf48 0x31
core   0: 0x800034a0 (0x027e3fb3) mulhu   t6, t3, t2
core   0: 3 0x800034a0 (0x027e3fb3) x31 0x00000000
core   0: 0x800034a4 (0x095aa583) lw      a1, 149(s5)
core   0: 3 0x800034a4 (0x095aa583) x11 0x00010231 mem 0x8001cf48
core   0: 0x800034a8 (0x095a9303) lh      t1, 149(s5)
core   0: 3 0x800034a8 (0x095a9303) x6  0x00000231 mem 0x8001cf48
core   0: 0x800034ac (0x095ac283) lbu     t0, 149(s5)
core   0: 3 0x800034ac (0x095ac283) x5  0x00000031 mem 0x8001cf48
core   0: 0x800034b0 (0x08fa8aa3) sb      a5, 149(s5)
core   0: 3 0x800034b0 (0x08fa8aa3) mem 0x8001cf48 0x0
core   0: 0x800034b4 (0x097a9aa3) sh      s7, 149(s5)
core   0: 3 0x800034b4 (0x097a9aa3) mem 0x8001cf48 0x0d06
core   0: 0x800034b8 (0x081a8aa3) sb      ra, 149(s5)
core   0: 3 0x800034b8 (0x081a8aa3) mem 0x8001cf48 0x94
core   0: 0x800034bc (0x095ac703) lbu     a4, 149(s5)
core   0: 3 0x800034bc (0x095ac703) x14 0x00000094 mem 0x8001cf48
core   0: 0x800034c0 (0x095ade03) lhu     t3, 149(s5)
core   0: 3 0x800034c0 (0x095ade03) x28 0x00000d94 mem 0x8001cf48
core   0: 0x800034c4 (0x087aaaa3) sw      t2, 149(s5)
core   0: 3 0x800034c4 (0x087aaaa3) mem 0x8001cf48 0x00000001
core   0: 0x800034c8 (0x095a8b83) lb      s7, 149(s5)
core   0: 3 0x800034c8 (0x095a8b83) x23 0x00000001 mem 0x8001cf48
core   0: 0x800034cc (0x095a9503) lh      a0, 149(s5)
core   0: 3 0x800034cc (0x095a9503) x10 0x00000001 mem 0x8001cf48
core   0: 0x800034d0 (0x097a8aa3) sb      s7, 149(s5)
core   0: 3 0x800034d0 (0x097a8aa3) mem 0x8001cf48 0x1
core   0: 0x800034d4 (0x836ead13) slti    s10, t4, -1994
core   0: 3 0x800034d4 (0x836ead13) x26 0x00000000
core   0: 0x800034d8 (0x00006b85) c.lui   s7, 0x1
core   0: 3 0x800034d8 (0x6b85) x23 0x00001000
core   0: 0x800034da (0x00008255) c.srli  a2, 21
core   0: 3 0x800034da (0x8255) x12 0x00000000
core   0: 0x800034dc (0x095a9e83) lh      t4, 149(s5)
core   0: 3 0x800034dc (0x095a9e83) x29 0x00000001 mem 0x8001cf48
core   0: 0x800034e0 (0x095a9483) lh      s1, 149(s5)
core   0: 3 0x800034e0 (0x095a9483) x9  0x00000001 mem 0x8001cf48
core   0: 0x800034e4 (0x095a9883) lh      a7, 149(s5)
core   0: 3 0x800034e4 (0x095a9883) x17 0x00000001 mem 0x8001cf48
core   0: 0x800034e8 (0x095ad783) lhu     a5, 149(s5)
core   0: 3 0x800034e8 (0x095ad783) x15 0x00000001 mem 0x8001cf48
core   0: 0x800034ec (0x08fa9aa3) sh      a5, 149(s5)
core   0: 3 0x800034ec (0x08fa9aa3) mem 0x8001cf48 0x0001
core   0: 0x800034f0 (0x00020e17) auipc   t3, 0x20
core   0: 3 0x800034f0 (0x00020e17) x28 0x800234f0
core   0: 0x800034f4 (0x6fde0e13) addi    t3, t3, 1789
core   0: 3 0x800034f4 (0x6fde0e13) x28 0x80023bed
core   0: 0x800034f8 (0x1197e613) ori     a2, a5, 281
core   0: 3 0x800034f8 (0x1197e613) x12 0x00000119
core   0: 0x800034fc (0x0012da93) srli    s5, t0, 1
core   0: 3 0x800034fc (0x0012da93) x21 0x00000018
core   0: 0x80003500 (0x00004109) c.li    sp, 2
core   0: 3 0x80003500 (0x4109) x2  0x00000002
core   0: 0x80003502 (0x40398833) sub     a6, s3, gp
core   0: 3 0x80003502 (0x40398833) x16 0xffffff11
core   0: 0x80003506 (0xf27e5683) lhu     a3, -217(t3)
core   0: 3 0x80003506 (0xf27e5683) x13 0x0000cecf mem 0x80023b14
core   0: 0x8000350a (0x00008105) c.srli  a0, 1
core   0: 3 0x8000350a (0x8105) x10 0x00000000
core   0: 0x8000350c (0xcd147737) lui     a4, 0xcd147
core   0: 3 0x8000350c (0xcd147737) x14 0xcd147000
core   0: 0x80003510 (0xfa5e0da3) sb      t0, -69(t3)
core   0: 3 0x80003510 (0xfa5e0da3) mem 0x80023ba8 0x31
core   0: 0x80003514 (0x00008d01) c.sub   a0, s0
core   0: 3 0x80003514 (0x8d01) x10 0xfffffffc
core   0: 0x80003516 (0xf6de2b83) lw      s7, -147(t3)
core   0: 3 0x80003516 (0xf6de2b83) x23 0x169e9f98 mem 0x80023b5a mem 0x80023b5b mem 0x80023b5c mem 0x80023b5d
core   0: 0x8000351a (0x01c39213) slli    tp, t2, 28
core   0: 3 0x8000351a (0x01c39213) x4  0x10000000
core   0: 0x8000351e (0x340022f3) csrr    t0, mscratch
core   0: 3 0x8000351e (0x340022f3) x5  0x00000017
core   0: 0x80003522 (0x00008dfd) c.and   a1, a5
core   0: 3 0x80003522 (0x8dfd) x11 0x00000001
core   0: 0x80003524 (0x00006125) c.addi16sp sp, 96
core   0: 3 0x80003524 (0x6125) x2  0x00000062
core   0: 0x80003526 (0x048e5e83) lhu     t4, 72(t3)
core   0: 3 0x80003526 (0x048e5e83) x29 0x0000edee mem 0x80023c35 mem 0x80023c36
core   0: 0x8000352a (0xf44e1623) sh      tp, -180(t3)
core   0: 3 0x8000352a (0xf44e1623) mem 0x80023b39 0x0 mem 0x80023b3a 0x0
core   0: 0x8000352e (0x02cca033) mulhsu  zero, s9, a2
core   0: 3 0x8000352e (0x02cca033)
core   0: 0x80003532 (0x00e235b3) sltu    a1, tp, a4
core   0: 3 0x80003532 (0x00e235b3) x11 0x00000001
core   0: 0x80003536 (0x06ae0723) sb      a0, 110(t3)
core   0: 3 0x80003536 (0x06ae0723) mem 0x80023c5b 0xfc
core   0: 0x8000353a (0x404f5ab3) sra     s5, t5, tp
core   0: 3 0x8000353a (0x404f5ab3) x21 0x00000000
core   0: 0x8000353e (0xa6d055b7) lui     a1, 0xa6d05
core   0: 3 0x8000353e (0xa6d055b7) x11 0xa6d05000
core   0: 0x80003542 (0x03fcbeb3) mulhu   t4, s9, t6
core   0: 3 0x80003542 (0x03fcbeb3) x29 0x00000000
core   0: 0x80003546 (0x9485a693) slti    a3, a1, -1720
core   0: 3 0x80003546 (0x9485a693) x13 0x00000001
core   0: 0x8000354a (0x1cce3937) lui     s2, 0x1cce3
core   0: 3 0x8000354a (0x1cce3937) x18 0x1cce3000
core   0: 0x8000354e (0x025351b3) divu    gp, t1, t0
core   0: 3 0x8000354e (0x025351b3) x3  0x00000018
core   0: 0x80003552 (0xcee77113) andi    sp, a4, -786
core   0: 3 0x80003552 (0xcee77113) x2  0xcd147000
core   0: 0x80003556 (0x0abe2423) sw      a1, 168(t3)
core   0: 3 0x80003556 (0x0abe2423) mem 0x80023c95 0x0 mem 0x80023c96 0x50 mem 0x80023c97 0xd0 mem 0x80023c98 0xa6
core   0: 0x8000355a (0xff5e5583) lhu     a1, -11(t3)
core   0: 3 0x8000355a (0xff5e5583) x11 0x00009899 mem 0x80023be2
core   0: 0x8000355e (0x0173f8b3) and     a7, t2, s7
core   0: 3 0x8000355e (0x0173f8b3) x17 0x00000000
core   0: 0x80003562 (0x0f227097) auipc   ra, 0xf227
core   0: 3 0x80003562 (0x0f227097) x1  0x8f22a562
core   0: 0x80003566 (0xfc194613) xori    a2, s2, -63
core   0: 3 0x80003566 (0xfc194613) x12 0xe331cfc1
core   0: 0x8000356a (0xf16e1ca3) sh      s6, -231(t3)
core   0: 3 0x8000356a (0xf16e1ca3) mem 0x80023b06 0x4001
core   0: 0x8000356e (0x40485493) srai    s1, a6, 4
core   0: 3 0x8000356e (0x40485493) x9  0xfffffff1
core   0: 0x80003572 (0x00000001) c.nop
core   0: 3 0x80003572 (0x0001)
core   0: 0x80003574 (0x029a01b3) mul     gp, s4, s1
core   0: 3 0x80003574 (0x029a01b3) x3  0xfffff100
core   0: 0x80003578 (0x00055133) srl     sp, a0, zero
core   0: 3 0x80003578 (0x00055133) x2  0xfffffffc
core   0: 0x8000357c (0x00970333) add     t1, a4, s1
core   0: 3 0x8000357c (0x00970333) x6  0xcd146ff1
core   0: 0x80003580 (0x01c75393) srli    t2, a4, 28
core   0: 3 0x80003580 (0x01c75393) x7  0x0000000c
core   0: 0x80003584 (0xf98e2fa3) sw      s8, -97(t3)
core   0: 3 0x80003584 (0xf98e2fa3) mem 0x80023b8c 0x00000000
core   0: 0x80003588 (0x0e4e2683) lw      a3, 228(t3)
core   0: 3 0x80003588 (0x0e4e2683) x13 0x8f88898a mem 0x80023cd1 mem 0x80023cd2 mem 0x80023cd3 mem 0x80023cd4
core   0: 0x8000358c (0x00025c17) auipc   s8, 0x25
core   0: 3 0x8000358c (0x00025c17) x24 0x8002858c
core   0: 0x80003590 (0x3a8c0c13) addi    s8, s8, 936
core   0: 3 0x80003590 (0x3a8c0c13) x24 0x80028934
core   0: 0x80003594 (0xd7b83013) sltiu   zero, a6, -645
core   0: 3 0x80003594 (0xd7b83013)
core   0: 0x80003598 (0xfd9c1283) lh      t0, -39(s8)
core   0: 3 0x80003598 (0xfd9c1283) x5  0xffffc5c6 mem 0x8002890d mem 0x8002890e
core   0: 0x8000359c (0x4111d893) srai    a7, gp, 17
core   0: 3 0x8000359c (0x4111d893) x17 0xffffffff
core   0: 0x800035a0 (0x03c2a3b3) mulhsu  t2, t0, t3
core   0: 3 0x800035a0 (0x03c2a3b3) x7  0xffffe2e2
core   0: 0x800035a4 (0xf84c1803) lh      a6, -124(s8)
core   0: 3 0x800035a4 (0xf84c1803) x16 0x00007273 mem 0x800288b8
core   0: 0x800035a8 (0x051c1f83) lh      t6, 81(s8)
core   0: 3 0x800035a8 (0x051c1f83) x31 0x00003d3e mem 0x80028985 mem 0x80028986
core   0: 0x800035ac (0xf73c5a03) lhu     s4, -141(s8)
core   0: 3 0x800035ac (0xf73c5a03) x20 0x0000635c mem 0x800288a7 mem 0x800288a8
core   0: 0x800035b0 (0xf73c2283) lw      t0, -141(s8)
core   0: 3 0x800035b0 (0xf73c2283) x5  0x6162635c mem 0x800288a7 mem 0x800288a8 mem 0x800288a9 mem 0x800288aa
core   0: 0x800035b4 (0xf17c2383) lw      t2, -233(s8)
core   0: 3 0x800035b4 (0xf17c2383) x7  0x05060700 mem 0x8002884b mem 0x8002884c mem 0x8002884d mem 0x8002884e
core   0: 0x800035b8 (0x0c0c2fa3) sw      zero, 223(s8)
core   0: 3 0x800035b8 (0x0c0c2fa3) mem 0x80028a13 0x0 mem 0x80028a14 0x0 mem 0x80028a15 0x0 mem 0x80028a16 0x0
core   0: 0x800035bc (0x00779593) slli    a1, a5, 7
core   0: 3 0x800035bc (0x00779593) x11 0x00000080
core   0: 0x800035c0 (0xf35c2f03) lw      t5, -203(s8)
core   0: 3 0x800035c0 (0xf35c2f03) x30 0x27202122 mem 0x80028869 mem 0x8002886a mem 0x8002886b mem 0x8002886c
core   0: 0x800035c4 (0xf35c5803) lhu     a6, -203(s8)
core   0: 3 0x800035c4 (0xf35c5803) x16 0x00002122 mem 0x80028869 mem 0x8002886a
core   0: 0x800035c8 (0xf05c5183) lhu     gp, -251(s8)
core   0: 3 0x800035c8 (0xf05c5183) x3  0x0000f1f2 mem 0x80028839 mem 0x8002883a
core   0: 0x800035cc (0x05ac0783) lb      a5, 90(s8)
core   0: 3 0x800035cc (0x05ac0783) x15 0x00000045 mem 0x8002898e
core   0: 0x800035d0 (0x0e3c1f83) lh      t6, 227(s8)
core   0: 3 0x800035d0 (0x0e3c1f83) x31 0xffffd3cc mem 0x80028a17 mem 0x80028a18
core   0: 0x800035d4 (0x0001bc17) auipc   s8, 0x1b
core   0: 3 0x800035d4 (0x0001bc17) x24 0x8001e5d4
core   0: 0x800035d8 (0x13dc0c13) addi    s8, s8, 317
core   0: 3 0x800035d8 (0x13dc0c13) x24 0x8001e711
core   0: 0x800035dc (0x00ac0203) lb      tp, 10(s8)
core   0: 3 0x800035dc (0x00ac0203) x4  0xffffffd0 mem 0x8001e71b
core   0: 0x800035e0 (0x000c4d03) lbu     s10, 0(s8)
core   0: 3 0x800035e0 (0x000c4d03) x26 0x000000ca mem 0x8001e711
core   0: 0x800035e4 (0x00bc1023) sh      a1, 0(s8)
core   0: 3 0x800035e4 (0x00bc1023) mem 0x8001e711 0x80 mem 0x8001e712 0x0
core   0: 0x800035e8 (0xff1c5483) lhu     s1, -15(s8)
core   0: 3 0x800035e8 (0xff1c5483) x9  0x0000b8b9 mem 0x8001e702
core   0: 0x800035ec (0x007c5883) lhu     a7, 7(s8)
core   0: 3 0x800035ec (0x007c5883) x17 0x0000d2d3 mem 0x8001e718
core   0: 0x800035f0 (0x01d8d913) srli    s2, a7, 29
core   0: 3 0x800035f0 (0x01d8d913) x18 0x00000000
core   0: 0x800035f4 (0xffbc0283) lb      t0, -5(s8)
core   0: 3 0x800035f4 (0xffbc0283) x5  0xffffffc7 mem 0x8001e70c
core   0: 0x800035f8 (0xff2c5083) lhu     ra, -14(s8)
core   0: 3 0x800035f8 (0xff2c5083) x1  0x0000bfb8 mem 0x8001e703 mem 0x8001e704
core   0: 0x800035fc (0xfffc1d03) lh      s10, -1(s8)
core   0: 3 0x800035fc (0xfffc1d03) x26 0xffff80cb mem 0x8001e710
core   0: 0x80003600 (0xff6c1ea3) sh      s6, -3(s8)
core   0: 3 0x80003600 (0xff6c1ea3) mem 0x8001e70e 0x4001
core   0: 0x80003604 (0xfecc2ea3) sw      a2, -3(s8)
core   0: 3 0x80003604 (0xfecc2ea3) mem 0x8001e70e 0xc1 mem 0x8001e70f 0xcf mem 0x8001e710 0x31 mem 0x8001e711 0xe3
core   0: 0x80003608 (0xffdc4e03) lbu     t3, -3(s8)
core   0: 3 0x80003608 (0xffdc4e03) x28 0x000000c1 mem 0x8001e70e
core   0: 0x8000360c (0x013c2323) sw      s3, 6(s8)
core   0: 3 0x8000360c (0x013c2323) mem 0x8001e717 0x64 mem 0x8001e718 0x1e mem 0x8001e719 0x3 mem 0x8001e71a 0x80
core   0: 0x80003610 (0xff4c2d03) lw      s10, -12(s8)
core   0: 3 0x80003610 (0xff4c2d03) x26 0xc3bcbdbe mem 0x8001e705 mem 0x8001e706 mem 0x8001e707 mem 0x8001e708
core   0: 0x80003614 (0xff4c0003) lb      zero, -12(s8)
core   0: 3 0x80003614 (0xff4c0003) mem 0x8001e705
core   0: 0x80003618 (0xff9c0a23) sb      s9, -12(s8)
core   0: 3 0x80003618 (0xff9c0a23) mem 0x8001e705 0xe4
core   0: 0x8000361c (0x0001af97) auipc   t6, 0x1a
core   0: 3 0x8000361c (0x0001af97) x31 0x8001d61c
core   0: 0x80003620 (0x99cf8f93) addi    t6, t6, -1636
core   0: 3 0x80003620 (0x99cf8f93) x31 0x8001cfb8
core   0: 0x80003624 (0x00000001) c.nop
core   0: 3 0x80003624 (0x0001)
core   0: 0x80003626 (0xf72fa6a3) sw      s2, -147(t6)
core   0: 3 0x80003626 (0xf72fa6a3) mem 0x8001cf25 0x0 mem 0x8001cf26 0x0 mem 0x8001cf27 0x0 mem 0x8001cf28 0x0
core   0: 0x8000362a (0xf38fd803) lhu     a6, -200(t6)
core   0: 3 0x8000362a (0xf38fd803) x16 0x0000aaab mem 0x8001cef0
core   0: 0x8000362e (0xf2cfa9a3) sw      a2, -205(t6)
core   0: 3 0x8000362e (0xf2cfa9a3) mem 0x8001ceeb 0xc1 mem 0x8001ceec 0xcf mem 0x8001ceed 0x31 mem 0x8001ceee 0xe3
core   0: 0x80003632 (0x9f4c0e13) addi    t3, s8, -1548
core   0: 3 0x80003632 (0x9f4c0e13) x28 0x8001e105
core   0: 0x80003636 (0x40245b13) srai    s6, s0, 2
core   0: 3 0x80003636 (0x40245b13) x22 0x00000001
core   0: 0x8000363a (0xfd6fdd03) lhu     s10, -42(t6)
core   0: 3 0x8000363a (0xfd6fdd03) x26 0x00004445 mem 0x8001cf8e
core   0: 0x8000363e (0xf5cfd583) lhu     a1, -164(t6)
core   0: 3 0x8000363e (0xf5cfd583) x11 0x0000cecf mem 0x8001cf14
core   0: 0x80003642 (0x00008ea6) c.mv    t4, s1
core   0: 3 0x80003642 (0x8ea6) x29 0x0000b8b9
core   0: 0x80003644 (0xf25f8703) lb      a4, -219(t6)
core   0: 3 0x80003644 (0xf25f8703) x14 0xffffff96 mem 0x8001cedd
core   0: 0x80003648 (0x04df8da3) sb      a3, 91(t6)
core   0: 3 0x80003648 (0x04df8da3) mem 0x8001d013 0x8a
core   0: 0x8000364c (0x008d0a33) add     s4, s10, s0
core   0: 3 0x8000364c (0x008d0a33) x20 0x00004449
core   0: 0x80003650 (0x088f8883) lb      a7, 136(t6)
core   0: 3 0x80003650 (0x088f8883) x17 0xfffffffb mem 0x8001d040
core   0: 0x80003654 (0xb3a2ea13) ori     s4, t0, -1222
core   0: 3 0x80003654 (0xb3a2ea13) x20 0xffffffff
core   0: 0x80003658 (0xfe5f9d03) lh      s10, -27(t6)
core   0: 3 0x80003658 (0xfe5f9d03) x26 0x00005556 mem 0x8001cf9d mem 0x8001cf9e
core   0: 0x8000365c (0x03c43833) mulhu   a6, s0, t3
core   0: 3 0x8000365c (0x03c43833) x16 0x00000002
core   0: 0x80003660 (0x000083c9) c.srli  a5, 18
core   0: 3 0x80003660 (0x83c9) x15 0x00000000
core   0: 0x80003662 (0xf74fc903) lbu     s2, -140(t6)
core   0: 3 0x80003662 (0xf74fc903) x18 0x000000e7 mem 0x8001cf2c
core   0: 0x80003666 (0x000086a5) c.srai  a3, 9
core   0: 3 0x80003666 (0x86a5) x13 0xffc7c444
core   0: 0x80003668 (0x020afab3) remu    s5, s5, zero
core   0: 3 0x80003668 (0x020afab3) x21 0x00000000
core   0: 0x8000366c (0xf7efd503) lhu     a0, -130(t6)
core   0: 3 0x8000366c (0xf7efd503) x10 0x0000eced mem 0x8001cf36
core   0: 0x80003670 (0x0000035e) c.slli  t1, 23
core   0: 3 0x80003670 (0x035e) x6  0xf8800000
core   0: 0x80003672 (0xf1bf8d23) sb      s11, -230(t6)
core   0: 3 0x80003672 (0xf1bf8d23) mem 0x8001ced2 0x0
core   0: 0x80003676 (0xf64fa103) lw      sp, -156(t6)
core   0: 3 0x80003676 (0xf64fa103) x2  0xd4d5d6d7 mem 0x8001cf1c
core   0: 0x8000367a (0x014adbb3) srl     s7, s5, s4
core   0: 3 0x8000367a (0x014adbb3) x23 0x00000000
core   0: 0x8000367e (0x017fab23) sw      s7, 22(t6)
core   0: 3 0x8000367e (0x017fab23) mem 0x8001cfce 0x0 mem 0x8001cfcf 0x0 mem 0x8001cfd0 0x0 mem 0x8001cfd1 0x0
core   0: 0x80003682 (0x41d4dc33) sra     s8, s1, t4
core   0: 3 0x80003682 (0x41d4dc33) x24 0x00000000
core   0: 0x80003686 (0xfd7f8603) lb      a2, -41(t6)
core   0: 3 0x80003686 (0xfd7f8603) x12 0x00000044 mem 0x8001cf8f
core   0: 0x8000368a (0x04cfa7a3) sw      a2, 79(t6)
core   0: 3 0x8000368a (0x04cfa7a3) mem 0x8001d007 0x44 mem 0x8001d008 0x0 mem 0x8001d009 0x0 mem 0x8001d00a 0x0
core   0: 0x8000368e (0xff5f81a3) sb      s5, -29(t6)
core   0: 3 0x8000368e (0xff5f81a3) mem 0x8001cf9b 0x0
core   0: 0x80003692 (0x0336ebb3) rem     s7, a3, s3
core   0: 3 0x80003692 (0x0336ebb3) x23 0xffc7c444
core   0: 0x80003696 (0xf56f9603) lh      a2, -170(t6)
core   0: 3 0x80003696 (0xf56f9603) x12 0xffffc4c5 mem 0x8001cf0e
core   0: 0x8000369a (0xfdcf94a3) sh      t3, -55(t6)
core   0: 3 0x8000369a (0xfdcf94a3) mem 0x8001cf81 0x5 mem 0x8001cf82 0xe1
core   0: 0x8000369e (0xfdbf8ea3) sb      s11, -35(t6)
core   0: 3 0x8000369e (0xfdbf8ea3) mem 0x8001cf95 0x0
core   0: 0x800036a2 (0x00ff8323) sb      a5, 6(t6)
core   0: 3 0x800036a2 (0x00ff8323) mem 0x8001cfbe 0x0
core   0: 0x800036a6 (0x034aac33) mulhsu  s8, s5, s4
core   0: 3 0x800036a6 (0x034aac33) x24 0x00000000
core   0: 0x800036aa (0x025f3f33) mulhu   t5, t5, t0
core   0: 3 0x800036aa (0x025f3f33) x30 0x27202119
core   0: 0x800036ae (0x00008d25) c.xor   a0, s1
core   0: 3 0x800036ae (0x8d25) x10 0x00005454
core   0: 0x800036b0 (0xf2bfa6a3) sw      a1, -211(t6)
core   0: 3 0x800036b0 (0xf2bfa6a3) mem 0x8001cee5 0xcf mem 0x8001cee6 0xce mem 0x8001cee7 0x0 mem 0x8001cee8 0x0
core   0: 0x800036b4 (0x40f5d813) srai    a6, a1, 15
core   0: 3 0x800036b4 (0x40f5d813) x16 0x00000001
core   0: 0x800036b8 (0x8a784113) xori    sp, a6, -1881
core   0: 3 0x800036b8 (0x8a784113) x2  0xfffff8a6
core   0: 0x800036bc (0x05bfa423) sw      s11, 72(t6)
core   0: 3 0x800036bc (0x05bfa423) mem 0x8001d000 0x00000000
core   0: 0x800036c0 (0x00019197) auipc   gp, 0x19
core   0: 3 0x800036c0 (0x00019197) x3  0x8001c6c0
core   0: 0x800036c4 (0x53718193) addi    gp, gp, 1335
core   0: 3 0x800036c4 (0x53718193) x3  0x8001cbf7
core   0: 0x800036c8 (0x00026a97) auipc   s5, 0x26
core   0: 3 0x800036c8 (0x00026a97) x21 0x800296c8
core   0: 0x800036cc (0x25da8a93) addi    s5, s5, 605
core   0: 3 0x800036cc (0x25da8a93) x21 0x80029925
core   0: 0x800036d0 (0xff819203) lh      tp, -8(gp)
core   0: 3 0x800036d0 (0xff819203) x4  0xffffaba4 mem 0x8001cbef mem 0x8001cbf0
core   0: 0x800036d4 (0xff519c23) sh      s5, -8(gp)
core   0: 3 0x800036d4 (0xff519c23) mem 0x8001cbef 0x25 mem 0x8001cbf0 0x99
core   0: 0x800036d8 (0xfee18923) sb      a4, -14(gp)
core   0: 3 0x800036d8 (0xfee18923) mem 0x8001cbe9 0x96
core   0: 0x800036dc (0xf2caa903) lw      s2, -212(s5)
core   0: 3 0x800036dc (0xf2caa903) x18 0x0008090a mem 0x80029851 mem 0x80029852 mem 0x80029853 mem 0x80029854
core   0: 0x800036e0 (0x66fa9023) sh      a5, 1632(s5)
core   0: 3 0x800036e0 (0x66fa9023) mem 0x80029f85 0x0 mem 0x80029f86 0x0
core   0: 0x800036e4 (0x00e18323) sb      a4, 6(gp)
core   0: 3 0x800036e4 (0x00e18323) mem 0x8001cbfd 0x96
core   0: 0x800036e8 (0x5f6aa0a3) sw      s6, 1505(s5)
core   0: 3 0x800036e8 (0x5f6aa0a3) mem 0x80029f06 0x1 mem 0x80029f07 0x0 mem 0x80029f08 0x0 mem 0x80029f09 0x0
core   0: 0x800036ec (0x00b1a1a3) sw      a1, 3(gp)
core   0: 3 0x800036ec (0x00b1a1a3) mem 0x8001cbfa 0xcf mem 0x8001cbfb 0xce mem 0x8001cbfc 0x0 mem 0x8001cbfd 0x0
core   0: 0x800036f0 (0x0a5a9c23) sh      t0, 184(s5)
core   0: 3 0x800036f0 (0x0a5a9c23) mem 0x800299dd 0xc7 mem 0x800299de 0xff
core   0: 0x800036f4 (0xe0baa923) sw      a1, -494(s5)
core   0: 3 0x800036f4 (0xe0baa923) mem 0x80029737 0xcf mem 0x80029738 0xce mem 0x80029739 0x0 mem 0x8002973a 0x0
core   0: 0x800036f8 (0x2b7ac283) lbu     t0, 695(s5)
core   0: 3 0x800036f8 (0x2b7ac283) x5  0x00000097 mem 0x80029bdc
core   0: 0x800036fc (0x007191a3) sh      t2, 3(gp)
core   0: 3 0x800036fc (0x007191a3) mem 0x8001cbfa 0x0700
core   0: 0x80003700 (0x220a8103) lb      sp, 544(s5)
core   0: 3 0x80003700 (0x220a8103) x2  0xfffffffe mem 0x80029b45
core   0: 0x80003704 (0x00e1cd83) lbu     s11, 14(gp)
core   0: 3 0x80003704 (0x00e1cd83) x27 0x000000be mem 0x8001cc05
core   0: 0x80003708 (0x25aad103) lhu     sp, 602(s5)
core   0: 3 0x80003708 (0x25aad103) x2  0x00003b34 mem 0x80029b7f mem 0x80029b80
core   0: 0x8000370c (0x71aa9383) lh      t2, 1818(s5)
core   0: 3 0x8000370c (0x71aa9383) x7  0xfffffbf4 mem 0x8002a03f mem 0x8002a040
core   0: 0x80003710 (0xfeb18ba3) sb      a1, -9(gp)
core   0: 3 0x80003710 (0xfeb18ba3) mem 0x8001cbee 0xcf
core   0: 0x80003714 (0x01b19223) sh      s11, 4(gp)
core   0: 3 0x80003714 (0x01b19223) mem 0x8001cbfb 0xbe mem 0x8001cbfc 0x0
core   0: 0x80003718 (0x4f0aad23) sw      a6, 1274(s5)
core   0: 3 0x80003718 (0x4f0aad23) mem 0x80029e1f 0x1 mem 0x80029e20 0x0 mem 0x80029e21 0x0 mem 0x80029e22 0x0
core   0: 0x8000371c (0x00019d17) auipc   s10, 0x19
core   0: 3 0x8000371c (0x00019d17) x26 0x8001c71c
core   0: 0x80003720 (0xf7ad0d13) addi    s10, s10, -134
core   0: 3 0x80003720 (0xf7ad0d13) x26 0x8001c696
core   0: 0x80003724 (0xfdad1803) lh      a6, -38(s10)
core   0: 3 0x80003724 (0xfdad1803) x16 0x00002a2b mem 0x8001c670
core   0: 0x80003728 (0x00bd2ea3) sw      a1, 29(s10)
core   0: 3 0x80003728 (0x00bd2ea3) mem 0x8001c6b3 0xcf mem 0x8001c6b4 0xce mem 0x8001c6b5 0x0 mem 0x8001c6b6 0x0
core   0: 0x8000372c (0xfc5d0003) lb      zero, -59(s10)
core   0: 3 0x8000372c (0xfc5d0003) mem 0x8001c65b
core   0: 0x80003730 (0xfc5d4783) lbu     a5, -59(s10)
core   0: 3 0x80003730 (0xfc5d4783) x15 0x00000010 mem 0x8001c65b
core   0: 0x80003734 (0xff4d4a83) lbu     s5, -12(s10)
core   0: 3 0x80003734 (0xff4d4a83) x21 0x00000041 mem 0x8001c68a
core   0: 0x80003738 (0x00008f69) c.and   a4, a0
core   0: 3 0x80003738 (0x8f69) x14 0x00005414
core   0: 0x8000373a (0xfefd2a23) sw      a5, -12(s10)
core   0: 3 0x8000373a (0xfefd2a23) mem 0x8001c68a 0x10 mem 0x8001c68b 0x0 mem 0x8001c68c 0x0 mem 0x8001c68d 0x0
core   0: 0x8000373e (0x039d1703) lh      a4, 57(s10)
core   0: 3 0x8000373e (0x039d1703) x14 0xffff8b84 mem 0x8001c6cf mem 0x8001c6d0
core   0: 0x80003742 (0x0000876d) c.srai  a4, 27
core   0: 3 0x80003742 (0x876d) x14 0xffffffff
core   0: 0x80003744 (0x40920eb3) sub     t4, tp, s1
core   0: 3 0x80003744 (0x40920eb3) x29 0xfffef2eb
core   0: 0x80003748 (0xfc1d5e83) lhu     t4, -63(s10)
core   0: 3 0x80003748 (0xfc1d5e83) x29 0x0000130c mem 0x8001c657 mem 0x8001c658
core   0: 0x8000374c (0xfc1d0683) lb      a3, -63(s10)
core   0: 3 0x8000374c (0xfc1d0683) x13 0x0000000c mem 0x8001c657
core   0: 0x80003750 (0x01ad2aa3) sw      s10, 21(s10)
core   0: 3 0x80003750 (0x01ad2aa3) mem 0x8001c6ab 0x96 mem 0x8001c6ac 0xc6 mem 0x8001c6ad 0x1 mem 0x8001c6ae 0x80
core   0: 0x80003754 (0x00020497) auipc   s1, 0x20
core   0: 3 0x80003754 (0x00020497) x9  0x80023754
core   0: 0x80003758 (0x21e48493) addi    s1, s1, 542
core   0: 3 0x80003758 (0x21e48493) x9  0x80023972
core   0: 0x8000375c (0xff24c683) lbu     a3, -14(s1)
core   0: 3 0x8000375c (0xff24c683) x13 0x0000001f mem 0x80023964
core   0: 0x80003760 (0x0034c303) lbu     t1, 3(s1)
core   0: 3 0x80003760 (0x0034c303) x6  0x0000002e mem 0x80023975
core   0: 0x80003764 (0x00008dc5) c.or    a1, s1
core   0: 3 0x80003764 (0x8dc5) x11 0x8002ffff
core   0: 0x80003766 (0x00b4c003) lbu     zero, 11(s1)
core   0: 3 0x80003766 (0x00b4c003) mem 0x8002397d
core   0: 0x8000376a (0x340adf73) csrrwi  t5, mscratch, 21
core   0: 3 0x8000376a (0x340adf73) x30 0x00000017 c832_mscratch 0x00000015
core   0: 0x8000376e (0x95e70193) addi    gp, a4, -1698
core   0: 3 0x8000376e (0x95e70193) x3  0xfffff95d
core   0: 0x80003772 (0x00008f55) c.or    a4, a3
core   0: 3 0x80003772 (0x8f55) x14 0xffffffff
core   0: 0x80003774 (0x01748723) sb      s7, 14(s1)
core   0: 3 0x80003774 (0x01748723) mem 0x80023980 0x44
core   0: 0x80003778 (0x02319733) mulh    a4, gp, gp
core   0: 3 0x80003778 (0x02319733) x14 0x00000000
core   0: 0x8000377c (0x0018af33) slt     t5, a7, ra
core   0: 3 0x8000377c (0x0018af33) x30 0x00000001
core   0: 0x80003780 (0x01e4a123) sw      t5, 2(s1)
core   0: 3 0x80003780 (0x01e4a123) mem 0x80023974 0x00000001
core   0: 0x80003784 (0x0104c803) lbu     a6, 16(s1)
core   0: 3 0x80003784 (0x0104c803) x16 0x00000039 mem 0x80023982
core   0: 0x80003788 (0x00c48503) lb      a0, 12(s1)
core   0: 3 0x80003788 (0x00c48503) x10 0x00000035 mem 0x8002397e
core   0: 0x8000378c (0x00f4d383) lhu     t2, 15(s1)
core   0: 3 0x8000378c (0x00f4d383) x7  0x0000393a mem 0x80023981 mem 0x80023982
core   0: 0x80003790 (0x00000a1e) c.slli  s4, 7
core   0: 3 0x80003790 (0x0a1e) x20 0xffffff80
core   0: 0x80003792 (0x0ff0000f) fence   iorw,iorw
core   0: 3 0x80003792 (0x0ff0000f)
core   0: 0x80003796 (0xff84c603) lbu     a2, -8(s1)
core   0: 3 0x80003796 (0xff84c603) x12 0x00000021 mem 0x8002396a
core   0: 0x8000379a (0x00a48283) lb      t0, 10(s1)
core   0: 3 0x8000379a (0x00a48283) x5  0x00000037 mem 0x8002397c
core   0: 0x8000379e (0x0000717d) c.addi16sp sp, -16
core   0: 3 0x8000379e (0x717d) x2  0x00003b24
core   0: 0x800037a0 (0x340b2af3) csrrs   s5, mscratch, s6
core   0: 3 0x800037a0 (0x340b2af3) x21 0x00000015 c832_mscratch 0x00000015
core   0: 0x800037a4 (0x00e49e03) lh      t3, 14(s1)
core   0: 3 0x800037a4 (0x00e49e03) x28 0x00003a44 mem 0x80023980
core   0: 0x800037a8 (0x00249a03) lh      s4, 2(s1)
core   0: 3 0x800037a8 (0x00249a03) x20 0x00000001 mem 0x80023974
core   0: 0x800037ac (0xfec49d23) sh      a2, -6(s1)
core   0: 3 0x800037ac (0xfec49d23) mem 0x8002396c 0x0021
core   0: 0x800037b0 (0x02daa0b3) mulhsu  ra, s5, a3
core   0: 3 0x800037b0 (0x02daa0b3) x1  0x00000000
core   0: 0x800037b4 (0x0054c383) lbu     t2, 5(s1)
core   0: 3 0x800037b4 (0x0054c383) x7  0x00000000 mem 0x80023977
core   0: 0x800037b8 (0x00e891b3) sll     gp, a7, a4
core   0: 3 0x800037b8 (0x00e891b3) x3  0xfffffffb
core   0: 0x800037bc (0x0054ce83) lbu     t4, 5(s1)
core   0: 3 0x800037bc (0x0054ce83) x29 0x00000000 mem 0x80023977
core   0: 0x800037c0 (0x34003c73) csrrc   s8, mscratch, zero
core   0: 3 0x800037c0 (0x34003c73) x24 0x00000015
core   0: 0x800037c4 (0x0ff0000f) fence   iorw,iorw
core   0: 3 0x800037c4 (0x0ff0000f)
core   0: 0x800037c8 (0x0155b0b3) sltu    ra, a1, s5
core   0: 3 0x800037c8 (0x0155b0b3) x1  0x00000000
core   0: 0x800037cc (0x34041673) csrrw   a2, mscratch, s0
core   0: 3 0x800037cc (0x34041673) x12 0x00000015 c832_mscratch 0x00000004
core   0: 0x800037d0 (0xff54aca3) sw      s5, -7(s1)
core   0: 3 0x800037d0 (0xff54aca3) mem 0x8002396b 0x15 mem 0x8002396c 0x0 mem 0x8002396d 0x0 mem 0x8002396e 0x0
core   0: 0x800037d4 (0xffe4a603) lw      a2, -2(s1)
core   0: 3 0x800037d4 (0xffe4a603) x12 0x28292a2b mem 0x80023970
core   0: 0x800037d8 (0xfff4a103) lw      sp, -1(s1)
core   0: 3 0x800037d8 (0xfff4a103) x2  0x0128292a mem 0x80023971 mem 0x80023972 mem 0x80023973 mem 0x80023974
core   0: 0x800037dc (0x00008691) c.srai  a3, 4
core   0: 3 0x800037dc (0x8691) x13 0x00000001
core   0: 0x800037de (0x00248523) sb      sp, 10(s1)
core   0: 3 0x800037de (0x00248523) mem 0x8002397c 0x2a
core   0: 0x800037e2 (0x00248503) lb      a0, 2(s1)
core   0: 3 0x800037e2 (0x00248503) x10 0x00000001 mem 0x80023974
core   0: 0x800037e6 (0xff048203) lb      tp, -16(s1)
core   0: 3 0x800037e6 (0xff048203) x4  0x00000019 mem 0x80023962
core   0: 0x800037ea (0xffd4d103) lhu     sp, -3(s1)
core   0: 3 0x800037ea (0xffd4d103) x2  0x00002b24 mem 0x8002396f mem 0x80023970
core   0: 0x800037ee (0xff448683) lb      a3, -12(s1)
core   0: 3 0x800037ee (0xff448683) x13 0x0000001d mem 0x80023966
core   0: 0x800037f2 (0x00b48e83) lb      t4, 11(s1)
core   0: 3 0x800037f2 (0x00b48e83) x29 0x00000036 mem 0x8002397d
core   0: 0x800037f6 (0x00008fdd) c.or    a5, a5
core   0: 3 0x800037f6 (0x8fdd) x15 0x00000010
core   0: 0x800037f8 (0x00008fb5) c.xor   a5, a3
core   0: 3 0x800037f8 (0x8fb5) x15 0x0000000d
core   0: 0x800037fa (0x017f5eb3) srl     t4, t5, s7
core   0: 3 0x800037fa (0x017f5eb3) x29 0x00000000
core   0: 0x800037fe (0x0348b133) mulhu   sp, a7, s4
core   0: 3 0x800037fe (0x0348b133) x2  0x00000000
core   0: 0x80003802 (0x00548f83) lb      t6, 5(s1)
core   0: 3 0x80003802 (0x00548f83) x31 0x00000000 mem 0x80023977
core   0: 0x80003806 (0x0104d183) lhu     gp, 16(s1)
core   0: 3 0x80003806 (0x0104d183) x3  0x00003839 mem 0x80023982
core   0: 0x8000380a (0x000081e1) c.srli  a1, 24
core   0: 3 0x8000380a (0x81e1) x11 0x00000080
core   0: 0x8000380c (0x000066ed) c.lui   a3, 0x1b
core   0: 3 0x8000380c (0x66ed) x13 0x0001b000
core   0: 0x8000380e (0xffc4d703) lhu     a4, -4(s1)
core   0: 3 0x8000380e (0xffc4d703) x14 0x00002400 mem 0x8002396e
core   0: 0x80003812 (0x01431db3) sll     s11, t1, s4
core   0: 3 0x80003812 (0x01431db3) x27 0x0000005c
core   0: 0x80003816 (0xff848283) lb      t0, -8(s1)
core   0: 3 0x80003816 (0xff848283) x5  0x00000021 mem 0x8002396a
core   0: 0x8000381a (0x00004b15) c.li    s6, 5
core   0: 3 0x8000381a (0x4b15) x22 0x00000005
core   0: 0x8000381c (0x0144c833) xor     a6, s1, s4
core   0: 3 0x8000381c (0x0144c833) x16 0x80023973
core   0: 0x80003820 (0x036e9fb3) mulh    t6, t4, s6
core   0: 3 0x80003820 (0x036e9fb3) x31 0x00000000
core   0: 0x80003824 (0x00648b83) lb      s7, 6(s1)
core   0: 3 0x80003824 (0x00648b83) x23 0x00000033 mem 0x80023978
core   0: 0x80003828 (0x0001c797) auipc   a5, 0x1c
core   0: 3 0x80003828 (0x0001c797) x15 0x8001f828
core   0: 0x8000382c (0x51c78793) addi    a5, a5, 1308
core   0: 3 0x8000382c (0x51c78793) x15 0x8001fd44
core   0: 0x80003830 (0x000084fe) c.mv    s1, t6
core   0: 3 0x80003830 (0x84fe) x9  0x00000000
core   0: 0x80003832 (0xfd27de83) lhu     t4, -46(a5)
core   0: 3 0x80003832 (0xfd27de83) x29 0x0000cccd mem 0x8001fd16
core   0: 0x80003836 (0x8b4dc193) xori    gp, s11, -1868
core   0: 3 0x80003836 (0x8b4dc193) x3  0xfffff8e8
core   0: 0x8000383a (0x40de5813) srai    a6, t3, 13
core   0: 3 0x8000383a (0x40de5813) x16 0x00000001
core   0: 0x8000383e (0xff87aa03) lw      s4, -8(a5)
core   0: 3 0x8000383e (0xff87aa03) x20 0xf4f5f6f7 mem 0x8001fd3c
core   0: 0x80003842 (0xfec7d383) lhu     t2, -20(a5)
core   0: 3 0x80003842 (0xfec7d383) x7  0x0000eaeb mem 0x8001fd30
core   0: 0x80003846 (0x007c5533) srl     a0, s8, t2
core   0: 3 0x80003846 (0x007c5533) x10 0x00000000
core   0: 0x8000384a (0x00006115) c.addi16sp sp, 288
core   0: 3 0x8000384a (0x6115) x2  0x00000120
core   0: 0x8000384c (0x0167aa23) sw      s6, 20(a5)
core   0: 3 0x8000384c (0x0167aa23) mem 0x8001fd58 0x00000005
core   0: 0x80003850 (0x003fc033) xor     zero, t6, gp
core   0: 3 0x80003850 (0x003fc033)
core   0: 0x80003854 (0x01435013) srli    zero, t1, 20
core   0: 3 0x80003854 (0x01435013)
core   0: 0x80003858 (0x0043df33) srl     t5, t2, tp
core   0: 3 0x80003858 (0x0043df33) x30 0x00000000
core   0: 0x8000385c (0x02cb68b3) rem     a7, s6, a2
core   0: 3 0x8000385c (0x02cb68b3) x17 0x00000005
core   0: 0x80003860 (0x03d7aba3) sw      t4, 55(a5)
core   0: 3 0x80003860 (0x03d7aba3) mem 0x8001fd7b 0xcd mem 0x8001fd7c 0xcc mem 0x8001fd7d 0x0 mem 0x8001fd7e 0x0
core   0: 0x80003864 (0x406f5913) srai    s2, t5, 6
core   0: 3 0x80003864 (0x406f5913) x18 0x00000000
core   0: 0x80003868 (0x03442033) mulhsu  zero, s0, s4
core   0: 3 0x80003868 (0x03442033)
core   0: 0x8000386c (0x014d7333) and     t1, s10, s4
core   0: 3 0x8000386c (0x014d7333) x6  0x8001c696
core   0: 0x80003870 (0x03b7d203) lhu     tp, 59(a5)
core   0: 3 0x80003870 (0x03b7d203) x4  0x00003b34 mem 0x8001fd7f mem 0x8001fd80
core   0: 0x80003874 (0x0237ab03) lw      s6, 35(a5)
core   0: 3 0x80003874 (0x0237ab03) x22 0x2122231c mem 0x8001fd67 mem 0x8001fd68 mem 0x8001fd69 mem 0x8001fd6a
core   0: 0x80003878 (0x00009a7d) c.andi  a2, -1
core   0: 3 0x80003878 (0x9a7d) x12 0x28292a2b
core   0: 0x8000387a (0x00000001) c.nop
core   0: 3 0x8000387a (0x0001)
core   0: 0x8000387c (0x00a894b3) sll     s1, a7, a0
core   0: 3 0x8000387c (0x00a894b3) x9  0x00000005
core   0: 0x80003880 (0x00008365) c.srli  a4, 25
core   0: 3 0x80003880 (0x8365) x14 0x00000000
core   0: 0x80003882 (0x0087aea3) sw      s0, 29(a5)
core   0: 3 0x80003882 (0x0087aea3) mem 0x8001fd61 0x4 mem 0x8001fd62 0x0 mem 0x8001fd63 0x0 mem 0x8001fd64 0x0
core   0: 0x80003886 (0x863fa513) slti    a0, t6, -1949
core   0: 3 0x80003886 (0x863fa513) x10 0x00000000
core   0: 0x8000388a (0xfcc79a83) lh      s5, -52(a5)
core   0: 3 0x8000388a (0xfcc79a83) x21 0xffffcacb mem 0x8001fd10
core   0: 0x8000388e (0x00000001) c.nop
core   0: 3 0x8000388e (0x0001)
core   0: 0x80003890 (0x00953633) sltu    a2, a0, s1
core   0: 3 0x80003890 (0x00953633) x12 0x00000001
core   0: 0x80003894 (0x01f7c803) lbu     a6, 31(a5)
core   0: 3 0x80003894 (0x01f7c803) x16 0x00000000 mem 0x8001fd63
core   0: 0x80003898 (0xfd27a8a3) sw      s2, -47(a5)
core   0: 3 0x80003898 (0xfd27a8a3) mem 0x8001fd15 0x0 mem 0x8001fd16 0x0 mem 0x8001fd17 0x0 mem 0x8001fd18 0x0
core   0: 0x8000389c (0x0150a733) slt     a4, ra, s5
core   0: 3 0x8000389c (0x0150a733) x14 0x00000000
core   0: 0x800038a0 (0xff07cb03) lbu     s6, -16(a5)
core   0: 3 0x800038a0 (0xff07cb03) x22 0x000000ef mem 0x8001fd34
core   0: 0x800038a4 (0x03968ab3) mul     s5, a3, s9
core   0: 3 0x800038a4 (0x03968ab3) x21 0xacc0c000
core   0: 0x800038a8 (0x0123ffb3) and     t6, t2, s2
core   0: 3 0x800038a8 (0x0123ffb3) x31 0x00000000
core   0: 0x800038ac (0x031fb8b3) mulhu   a7, t6, a7
core   0: 3 0x800038ac (0x031fb8b3) x17 0x00000000
core   0: 0x800038b0 (0x0255e4b3) rem     s1, a1, t0
core   0: 3 0x800038b0 (0x0255e4b3) x9  0x0000001d
core   0: 0x800038b4 (0xfd578183) lb      gp, -43(a5)
core   0: 3 0x800038b4 (0xfd578183) x3  0xffffffd2 mem 0x8001fd19
core   0: 0x800038b8 (0x01478a83) lb      s5, 20(a5)
core   0: 3 0x800038b8 (0x01478a83) x21 0x00000005 mem 0x8001fd58
core   0: 0x800038bc (0x0017a683) lw      a3, 1(a5)
core   0: 3 0x800038bc (0x0017a683) x13 0x03fcfdfe mem 0x8001fd45 mem 0x8001fd46 mem 0x8001fd47 mem 0x8001fd48
core   0: 0x800038c0 (0xfd678503) lb      a0, -42(a5)
core   0: 3 0x800038c0 (0xfd678503) x10 0xffffffd1 mem 0x8001fd1a
core   0: 0x800038c4 (0x0267d703) lhu     a4, 38(a5)
core   0: 3 0x800038c4 (0x0267d703) x14 0x00002021 mem 0x8001fd6a
core   0: 0x800038c8 (0x22050393) addi    t2, a0, 544
core   0: 3 0x800038c8 (0x22050393) x7  0x000001f1
core   0: 0x800038cc (0x0000920e) c.add   tp, gp
core   0: 3 0x800038cc (0x920e) x4  0x00003b06
core   0: 0x800038ce (0x01ce5013) srli    zero, t3, 28
core   0: 3 0x800038ce (0x01ce5013)
core   0: 0x800038d2 (0x00008f69) c.and   a4, a0
core   0: 3 0x800038d2 (0x8f69) x14 0x00002001
core   0: 0x800038d4 (0x0ad771b7) lui     gp, 0xad77
core   0: 3 0x800038d4 (0x0ad771b7) x3  0x0ad77000
core   0: 0x800038d8 (0x01879083) lh      ra, 24(a5)
core   0: 3 0x800038d8 (0x01879083) x1  0x00001617 mem 0x8001fd5c
core   0: 0x800038dc (0xfec79f03) lh      t5, -20(a5)
core   0: 3 0x800038dc (0xfec79f03) x30 0xffffeaeb mem 0x8001fd30
core   0: 0x800038e0 (0xfc07a083) lw      ra, -64(a5)
core   0: 3 0x800038e0 (0xfc07a083) x1  0xbcbdbebf mem 0x8001fd04
core   0: 0x800038e4 (0x00009606) c.add   a2, ra
core   0: 3 0x800038e4 (0x9606) x12 0xbcbdbec0
core   0: 0x800038e6 (0x03979903) lh      s2, 57(a5)
core   0: 3 0x800038e6 (0x03979903) x18 0x00000000 mem 0x8001fd7d mem 0x8001fd7e
core   0: 0x800038ea (0x00019117) auipc   sp, 0x19
core   0: 3 0x800038ea (0x00019117) x2  0x8001c8ea
core   0: 0x800038ee (0x46810113) addi    sp, sp, 1128
core   0: 3 0x800038ee (0x46810113) x2  0x8001cd52
core   0: 0x800038f2 (0x07e11da3) sh      t5, 123(sp)
core   0: 3 0x800038f2 (0x07e11da3) mem 0x8001cdcd 0xeb mem 0x8001cdce 0xea
core   0: 0x800038f6 (0xf2d11a83) lh      s5, -211(sp)
core   0: 3 0x800038f6 (0xf2d11a83) x21 0x00003b34 mem 0x8001cc7f mem 0x8001cc80
core   0: 0x800038fa (0xf5c10f83) lb      t6, -164(sp)
core   0: 3 0x800038fa (0xf5c10f83) x31 0x00000065 mem 0x8001ccae
core   0: 0x800038fe (0x01796733) or      a4, s2, s7
core   0: 3 0x800038fe (0x01796733) x14 0x00000033
core   0: 0x80003902 (0x00008ccd) c.or    s1, a1
core   0: 3 0x80003902 (0x8ccd) x9  0x0000009d
core   0: 0x80003904 (0x00008f39) c.xor   a4, a4
core   0: 3 0x80003904 (0x8f39) x14 0x00000000
core   0: 0x80003906 (0x41be8393) addi    t2, t4, 1051
core   0: 3 0x80003906 (0x41be8393) x7  0x0000d0e8
core   0: 0x8000390a (0x11510023) sb      s5, 256(sp)
core   0: 3 0x8000390a (0x11510023) mem 0x8001ce52 0x34
core   0: 0x8000390e (0x09811923) sh      s8, 146(sp)
core   0: 3 0x8000390e (0x09811923) mem 0x8001cde4 0x0015
core   0: 0x80003912 (0x00d12ca3) sw      a3, 25(sp)
core   0: 3 0x80003912 (0x00d12ca3) mem 0x8001cd6b 0xfe mem 0x8001cd6c 0xfd mem 0x8001cd6d 0xfc mem 0x8001cd6e 0x3
core   0: 0x80003916 (0x00008fa2) c.mv    t6, s0
core   0: 3 0x80003916 (0x8fa2) x31 0x00000004
core   0: 0x80003918 (0xf39118a3) sh      s9, -207(sp)
core   0: 3 0x80003918 (0xf39118a3) mem 0x8001cc83 0xe4 mem 0x8001cc84 0x5c
core   0: 0x8000391c (0x34066073) csrsi   mscratch, 12
core   0: 3 0x8000391c (0x34066073) c832_mscratch 0x0000000c
core   0: 0x80003920 (0x34006d73) csrrsi  s10, mscratch, 0
core   0: 3 0x80003920 (0x34006d73) x26 0x0000000c
core   0: 0x80003924 (0xf1f14f03) lbu     t5, -225(sp)
core   0: 3 0x80003924 (0xf1f14f03) x30 0x0000002a mem 0x8001cc71
core   0: 0x80003928 (0x0c010a23) sb      zero, 212(sp)
core   0: 3 0x80003928 (0x0c010a23) mem 0x8001ce26 0x0
core   0: 0x8000392c (0x003422b3) slt     t0, s0, gp
core   0: 3 0x8000392c (0x003422b3) x5  0x00000001
core   0: 0x80003930 (0x038e6a33) rem     s4, t3, s8
core   0: 3 0x80003930 (0x038e6a33) x20 0x00000006
core   0: 0x80003934 (0x41895a33) sra     s4, s2, s8
core   0: 3 0x80003934 (0x41895a33) x20 0x00000000
core   0: 0x80003938 (0xfbef0f13) addi    t5, t5, -66
core   0: 3 0x80003938 (0xfbef0f13) x30 0xffffffe8
core   0: 0x8000393c (0x3403d373) csrrwi  t1, mscratch, 7
core   0: 3 0x8000393c (0x3403d373) x6  0x0000000c c832_mscratch 0x00000007
core   0: 0x80003940 (0x3404a373) csrrs   t1, mscratch, s1
core   0: 3 0x80003940 (0x3404a373) x6  0x00000007 c832_mscratch 0x0000009f
core   0: 0x80003944 (0x000052d6) c.lwsp  t0, 116(sp)
core   0: 3 0x80003944 (0x52d6) x5  0x82837c7d mem 0x8001cdc6 mem 0x8001cdc7 mem 0x8001cdc8 mem 0x8001cdc9
core   0: 0x80003946 (0xf0d10383) lb      t2, -243(sp)
core   0: 3 0x80003946 (0xf0d10383) x7  0x00000014 mem 0x8001cc5f
core   0: 0x8000394a (0x02773933) mulhu   s2, a4, t2
core   0: 3 0x8000394a (0x02773933) x18 0x00000000
core   0: 0x8000394e (0x0275c6b3) div     a3, a1, t2
core   0: 3 0x8000394e (0x0275c6b3) x13 0x00000006
core   0: 0x80003952 (0xf1411383) lh      t2, -236(sp)
core   0: 3 0x80003952 (0xf1411383) x7  0x00001c1d mem 0x8001cc66
core   0: 0x80003956 (0xf8810b03) lb      s6, -120(sp)
core   0: 3 0x80003956 (0xf8810b03) x22 0xffffff91 mem 0x8001ccda
core   0: 0x8000395a (0x00008379) c.srli  a4, 30
core   0: 3 0x8000395a (0x8379) x14 0x00000000
core   0: 0x8000395c (0xd0234d13) xori    s10, t1, -766
core   0: 3 0x8000395c (0xd0234d13) x26 0xfffffd05
core   0: 0x80003960 (0x00e15e83) lhu     t4, 14(sp)
core   0: 3 0x80003960 (0x00e15e83) x29 0x00001a1b mem 0x8001cd60
core   0: 0x80003964 (0xf9711ea3) sh      s7, -99(sp)
core   0: 3 0x80003964 (0xf9711ea3) mem 0x8001ccef 0x33 mem 0x8001ccf0 0x0
core   0: 0x80003968 (0x4aa58e93) addi    t4, a1, 1194
core   0: 3 0x80003968 (0x4aa58e93) x29 0x0000052a
core   0: 0x8000396c (0x78f6cc13) xori    s8, a3, 1935
core   0: 3 0x8000396c (0x78f6cc13) x24 0x00000789
core   0: 0x80003970 (0x00000001) c.nop
core   0: 3 0x80003970 (0x0001)
core   0: 0x80003972 (0xfcc15e83) lhu     t4, -52(sp)
core   0: 3 0x80003972 (0xfcc15e83) x29 0x0000d4d5 mem 0x8001cd1e
core   0: 0x80003976 (0x0fe107a3) sb      t5, 239(sp)
core   0: 3 0x80003976 (0x0fe107a3) mem 0x8001ce41 0xe8
core   0: 0x8000397a (0xfcc11b03) lh      s6, -52(sp)
core   0: 3 0x8000397a (0xfcc11b03) x22 0xffffd4d5 mem 0x8001cd1e
core   0: 0x8000397e (0x07f11ba3) sh      t6, 119(sp)
core   0: 3 0x8000397e (0x07f11ba3) mem 0x8001cdc9 0x4 mem 0x8001cdca 0x0
core   0: 0x80003982 (0x00008d8d) c.sub   a1, a1
core   0: 3 0x80003982 (0x8d8d) x11 0x00000000
core   0: 0x80003984 (0x0d712283) lw      t0, 215(sp)
core   0: 3 0x80003984 (0x0d712283) x5  0xe7e0e1e2 mem 0x8001ce29 mem 0x8001ce2a mem 0x8001ce2b mem 0x8001ce2c
core   0: 0x80003988 (0x0001a797) auipc   a5, 0x1a
core   0: 3 0x80003988 (0x0001a797) x15 0x8001d988
core   0: 0x8000398c (0x5bd78793) addi    a5, a5, 1469
core   0: 3 0x8000398c (0x5bd78793) x15 0x8001df45
core   0: 0x80003990 (0x00019717) auipc   a4, 0x19
core   0: 3 0x80003990 (0x00019717) x14 0x8001c990
core   0: 0x80003994 (0x03370713) addi    a4, a4, 51
core   0: 3 0x80003994 (0x03370713) x14 0x8001c9c3
core   0: 0x80003998 (0x02370d03) lb      s10, 35(a4)
core   0: 3 0x80003998 (0x02370d03) x26 0xffffff9d mem 0x8001c9e6
core   0: 0x8000399c (0x01b7a183) lw      gp, 27(a5)
core   0: 3 0x8000399c (0x01b7a183) x3  0x18191a1b mem 0x8001df60
core   0: 0x800039a0 (0x00975003) lhu     zero, 9(a4)
core   0: 3 0x800039a0 (0x00975003) mem 0x8001c9cc
core   0: 0x800039a4 (0x015793a3) sh      s5, 7(a5)
core   0: 3 0x800039a4 (0x015793a3) mem 0x8001df4c 0x3b34
core   0: 0x800039a8 (0xffb72383) lw      t2, -5(a4)
core   0: 3 0x800039a8 (0xffb72383) x7  0x7a7b7475 mem 0x8001c9be mem 0x8001c9bf mem 0x8001c9c0 mem 0x8001c9c1
core   0: 0x800039ac (0xfde72083) lw      ra, -34(a4)
core   0: 3 0x800039ac (0xfde72083) x1  0x5f58595a mem 0x8001c9a1 mem 0x8001c9a2 mem 0x8001c9a3 mem 0x8001c9a4
core   0: 0x800039b0 (0x0387c903) lbu     s2, 56(a5)
core   0: 3 0x800039b0 (0x0387c903) x18 0x00000036 mem 0x8001df7d
core   0: 0x800039b4 (0x009729a3) sw      s1, 19(a4)
core   0: 3 0x800039b4 (0x009729a3) mem 0x8001c9d6 0x9d mem 0x8001c9d7 0x0 mem 0x8001c9d8 0x0 mem 0x8001c9d9 0x0
core   0: 0x800039b8 (0xfd97c203) lbu     tp, -39(a5)
core   0: 3 0x800039b8 (0xfd97c203) x4  0x000000d5 mem 0x8001df1e
core   0: 0x800039bc (0x03b78823) sb      s11, 48(a5)
core   0: 3 0x800039bc (0x03b78823) mem 0x8001df75 0x5c
core   0: 0x800039c0 (0x0000d314) c.sw    a3, 32(a4)
core   0: 3 0x800039c0 (0xd314) mem 0x8001c9e3 0x6 mem 0x8001c9e4 0x0 mem 0x8001c9e5 0x0 mem 0x8001c9e6 0x0
core   0: 0x800039c2 (0x02878d03) lb      s10, 40(a5)
core   0: 3 0x800039c2 (0x02878d03) x26 0x00000026 mem 0x8001df6d
core   0: 0x800039c6 (0xfe87a883) lw      a7, -24(a5)
core   0: 3 0x800039c6 (0xfe87a883) x17 0xebe4e5e6 mem 0x8001df2d mem 0x8001df2e mem 0x8001df2f mem 0x8001df30
core   0: 0x800039ca (0xff47a883) lw      a7, -12(a5)
core   0: 3 0x800039ca (0xff47a883) x17 0xf7f0f1f2 mem 0x8001df39 mem 0x8001df3a mem 0x8001df3b mem 0x8001df3c
core   0: 0x800039ce (0xfdd7ce83) lbu     t4, -35(a5)
core   0: 3 0x800039ce (0xfdd7ce83) x29 0x000000d9 mem 0x8001df22
core   0: 0x800039d2 (0x02870b23) sb      s0, 54(a4)
core   0: 3 0x800039d2 (0x02870b23) mem 0x8001c9f9 0x4
core   0: 0x800039d6 (0x02775a83) lhu     s5, 39(a4)
core   0: 3 0x800039d6 (0x02775a83) x21 0x0000a0a1 mem 0x8001c9ea
core   0: 0x800039da (0xff97a0a3) sw      s9, -31(a5)
core   0: 3 0x800039da (0xff97a0a3) mem 0x8001df26 0xe4 mem 0x8001df27 0x5c mem 0x8001df28 0x3 mem 0x8001df29 0x80
core   0: 0x800039de (0x01a71203) lh      tp, 26(a4)
core   0: 3 0x800039de (0x01a71203) x4  0xffff9596 mem 0x8001c9dd mem 0x8001c9de
core   0: 0x800039e2 (0x00019317) auipc   t1, 0x19
core   0: 3 0x800039e2 (0x00019317) x6  0x8001c9e2
core   0: 0x800039e6 (0x42630313) addi    t1, t1, 1062
core   0: 3 0x800039e6 (0x42630313) x6  0x8001ce08
core   0: 0x800039ea (0x7b770e37) lui     t3, 0x7b770
core   0: 3 0x800039ea (0x7b770e37) x28 0x7b770000
core   0: 0x800039ee (0x92a34d03) lbu     s10, -1750(t1)
core   0: 3 0x800039ee (0x92a34d03) x26 0x000000e9 mem 0x8001c732
core   0: 0x800039f2 (0x92a30d03) lb      s10, -1750(t1)
core   0: 3 0x800039f2 (0x92a30d03) x26 0xffffffe9 mem 0x8001c732
core   0: 0x800039f6 (0x005adb33) srl     s6, s5, t0
core   0: 3 0x800039f6 (0x005adb33) x22 0x00002828
core   0: 0x800039fa (0x92a30a03) lb      s4, -1750(t1)
core   0: 3 0x800039fa (0x92a30a03) x20 0xffffffe9 mem 0x8001c732
core   0: 0x800039fe (0xbd832083) lw      ra, -1064(t1)
core   0: 3 0x800039fe (0xbd832083) x1  0x06999a9b mem 0x8001c9e0
core   0: 0x80003a02 (0x011cd713) srli    a4, s9, 17
core   0: 3 0x80003a02 (0x011cd713) x14 0x00004001
core   0: 0x80003a06 (0xbd830003) lb      zero, -1064(t1)
core   0: 3 0x80003a06 (0xbd830003) mem 0x8001c9e0
core   0: 0x80003a0a (0x84335d83) lhu     s11, -1981(t1)
core   0: 3 0x80003a0a (0x84335d83) x27 0x00000700 mem 0x8001c64b mem 0x8001c64c
core   0: 0x80003a0e (0xb223a893) slti    a7, t2, -1246
core   0: 3 0x80003a0e (0xb223a893) x17 0x00000000
core   0: 0x80003a12 (0x85c321a3) sw      t3, -1981(t1)
core   0: 3 0x80003a12 (0x85c321a3) mem 0x8001c64b 0x0 mem 0x8001c64c 0x0 mem 0x8001c64d 0x77 mem 0x8001c64e 0x7b
core   0: 0x80003a16 (0x84332083) lw      ra, -1981(t1)
core   0: 3 0x80003a16 (0x84332083) x1  0x7b770000 mem 0x8001c64b mem 0x8001c64c mem 0x8001c64d mem 0x8001c64e
core   0: 0x80003a1a (0x84335683) lhu     a3, -1981(t1)
core   0: 3 0x80003a1a (0x84335683) x13 0x00000000 mem 0x8001c64b mem 0x8001c64c
core   0: 0x80003a1e (0x841321a3) sw      ra, -1981(t1)
core   0: 3 0x80003a1e (0x841321a3) mem 0x8001c64b 0x0 mem 0x8001c64c 0x0 mem 0x8001c64d 0x77 mem 0x8001c64e 0x7b
core   0: 0x80003a22 (0x1c134083) lbu     ra, 449(t1)
core   0: 3 0x80003a22 (0x1c134083) x1  0x00000082 mem 0x8001cfc9
core   0: 0x80003a26 (0x1c130903) lb      s2, 449(t1)
core   0: 3 0x80003a26 (0x1c130903) x18 0xffffff82 mem 0x8001cfc9
core   0: 0x80003a2a (0x829328a3) sw      s1, -1999(t1)
core   0: 3 0x80003a2a (0x829328a3) mem 0x8001c639 0x9d mem 0x8001c63a 0x0 mem 0x8001c63b 0x0 mem 0x8001c63c 0x0
core   0: 0x80003a2e (0x83130483) lb      s1, -1999(t1)
core   0: 3 0x80003a2e (0x83130483) x9  0xffffff9d mem 0x8001c639
core   0: 0x80003a32 (0x0001b117) auipc   sp, 0x1b
core   0: 3 0x80003a32 (0x0001b117) x2  0x8001ea32
core   0: 0x80003a36 (0xeae10113) addi    sp, sp, -338
core   0: 3 0x80003a36 (0xeae10113) x2  0x8001e8e0
core   0: 0x80003a3a (0x411d5293) srai    t0, s10, 17
core   0: 3 0x80003a3a (0x411d5293) x5  0xffffffff
core   0: 0x80003a3e (0x89c88e93) addi    t4, a7, -1892
core   0: 3 0x80003a3e (0x89c88e93) x29 0xfffff89c
core   0: 0x80003a42 (0x3a212303) lw      t1, 930(sp)
core   0: 3 0x80003a42 (0x3a212303) x6  0x3e3f3839 mem 0x8001ec82 mem 0x8001ec83 mem 0x8001ec84 mem 0x8001ec85
core   0: 0x80003a46 (0x95a10a83) lb      s5, -1702(sp)
core   0: 3 0x80003a46 (0x95a10a83) x21 0xfffffff1 mem 0x8001e23a
core   0: 0x80003a4a (0xfdd14783) lbu     a5, -35(sp)
core   0: 3 0x80003a4a (0xfdd14783) x15 0x00000076 mem 0x8001e8bd
core   0: 0x80003a4e (0xec5db193) sltiu   gp, s11, -315
core   0: 3 0x80003a4e (0xec5db193) x3  0x00000001
core   0: 0x80003a52 (0x612fa293) slti    t0, t6, 1554
core   0: 3 0x80003a52 (0x612fa293) x5  0x00000001
core   0: 0x80003a56 (0x63515283) lhu     t0, 1589(sp)
core   0: 3 0x80003a56 (0x63515283) x5  0x0000cdce mem 0x8001ef15 mem 0x8001ef16
core   0: 0x80003a5a (0x24c15303) lhu     t1, 588(sp)
core   0: 3 0x80003a5a (0x24c15303) x6  0x0000e6e7 mem 0x8001eb2c
core   0: 0x80003a5e (0x6a810683) lb      a3, 1704(sp)
core   0: 3 0x80003a5e (0x6a810683) x13 0x00000043 mem 0x8001ef88
core   0: 0x80003a62 (0x00000001) c.nop
core   0: 3 0x80003a62 (0x0001)
core   0: 0x80003a64 (0x67e12aa3) sw      t5, 1653(sp)
core   0: 3 0x80003a64 (0x67e12aa3) mem 0x8001ef55 0xe8 mem 0x8001ef56 0xff mem 0x8001ef57 0xff mem 0x8001ef58 0xff
core   0: 0x80003a68 (0x00008cad) c.xor   s1, a1
core   0: 3 0x80003a68 (0x8cad) x9  0xffffff9d
core   0: 0x80003a6a (0x40acddb3) sra     s11, s9, a0
core   0: 3 0x80003a6a (0x40acddb3) x27 0xffffc001
core   0: 0x80003a6e (0x2ae15b03) lhu     s6, 686(sp)
core   0: 3 0x80003a6e (0x2ae15b03) x22 0x00004445 mem 0x8001eb8e
core   0: 0x80003a72 (0xc87110a3) sh      t2, -895(sp)
core   0: 3 0x80003a72 (0xc87110a3) mem 0x8001e561 0x75 mem 0x8001e562 0x74
core   0: 0x80003a76 (0x0ff0000f) fence   iorw,iorw
core   0: 3 0x80003a76 (0x0ff0000f)
core   0: 0x80003a7a (0x1acae813) ori     a6, s5, 428
core   0: 3 0x80003a7a (0x1acae813) x16 0xfffffffd
core   0: 0x80003a7e (0x01639693) slli    a3, t2, 22
core   0: 3 0x80003a7e (0x01639693) x13 0x1d400000
core   0: 0x80003a82 (0x725124a3) sw      t0, 1833(sp)
core   0: 3 0x80003a82 (0x725124a3) mem 0x8001f009 0xce mem 0x8001f00a 0xcd mem 0x8001f00b 0x0 mem 0x8001f00c 0x0
core   0: 0x80003a86 (0x91d120a3) sw      t4, -1791(sp)
core   0: 3 0x80003a86 (0x91d120a3) mem 0x8001e1e1 0x9c mem 0x8001e1e2 0xf8 mem 0x8001e1e3 0xff mem 0x8001e1e4 0xff
core   0: 0x80003a8a (0x4c615083) lhu     ra, 1222(sp)
core   0: 3 0x80003a8a (0x4c615083) x1  0x00005c5d mem 0x8001eda6
core   0: 0x80003a8e (0x00008f71) c.and   a4, a2
core   0: 3 0x80003a8e (0x8f71) x14 0x00000000
core   0: 0x80003a90 (0xb4810223) sb      s0, -1212(sp)
core   0: 3 0x80003a90 (0xb4810223) mem 0x8001e424 0x4
core   0: 0x80003a94 (0xb9338293) addi    t0, t2, -1133
core   0: 3 0x80003a94 (0xb9338293) x5  0x7a7b7008
core   0: 0x80003a98 (0x0353f1b3) remu    gp, t2, s5
core   0: 3 0x80003a98 (0x0353f1b3) x3  0x7a7b7475
core   0: 0x80003a9c (0x0000100f) fence.i
core   0: 3 0x80003a9c (0x0000100f)
core   0: 0x80003aa0 (0xebe12da3) sw      t5, -325(sp)
core   0: 3 0x80003aa0 (0xebe12da3) mem 0x8001e79b 0xe8 mem 0x8001e79c 0xff mem 0x8001e79d 0xff mem 0x8001e79e 0xff
core   0: 0x80003aa4 (0x95314d03) lbu     s10, -1709(sp)
core   0: 3 0x80003aa4 (0x95314d03) x26 0x000000e8 mem 0x8001e233
core   0: 0x80003aa8 (0x340de6f3) csrrsi  a3, mscratch, 27
core   0: 3 0x80003aa8 (0x340de6f3) x13 0x0000009f c832_mscratch 0x0000009f
core   0: 0x80003aac (0x024be633) rem     a2, s7, tp
core   0: 3 0x80003aac (0x024be633) x12 0x00000033
core   0: 0x80003ab0 (0x00008799) c.srai  a5, 6
core   0: 3 0x80003ab0 (0x8799) x15 0x00000001
core   0: 0x80003ab2 (0xb5b11d83) lh      s11, -1189(sp)
core   0: 3 0x80003ab2 (0xb5b11d83) x27 0xfffff7f0 mem 0x8001e43b mem 0x8001e43c
core   0: 0x80003ab6 (0x03957eb3) remu    t4, a0, s9
core   0: 3 0x80003ab6 (0x03957eb3) x29 0x7ffca2ed
core   0: 0x80003aba (0x002f2d33) slt     s10, t5, sp
core   0: 3 0x80003aba (0x002f2d33) x26 0x00000000
core   0: 0x80003abe (0x74610e23) sb      t1, 1884(sp)
core   0: 3 0x80003abe (0x74610e23) mem 0x8001f03c 0xe7
core   0: 0x80003ac2 (0x22345897) auipc   a7, 0x22345
core   0: 3 0x80003ac2 (0x22345897) x17 0xa2348ac2
core   0: 0x80003ac6 (0x36315803) lhu     a6, 867(sp)
core   0: 3 0x80003ac6 (0x36315803) x16 0x0000fff8 mem 0x8001ec43 mem 0x8001ec44
core   0: 0x80003aca (0x8f110723) sb      a7, -1810(sp)
core   0: 3 0x80003aca (0x8f110723) mem 0x8001e1ce 0xc2
core   0: 0x80003ace (0x00005efd) c.li    t4, -1
core   0: 3 0x80003ace (0x5efd) x29 0xffffffff
core   0: 0x80003ad0 (0xccb8af13) slti    t5, a7, -821
core   0: 3 0x80003ad0 (0xccb8af13) x30 0x00000001
core   0: 0x80003ad4 (0xbcc12783) lw      a5, -1076(sp)
core   0: 3 0x80003ad4 (0xbcc12783) x15 0x64656667 mem 0x8001e4ac
core   0: 0x80003ad8 (0x00022197) auipc   gp, 0x22
core   0: 3 0x80003ad8 (0x00022197) x3  0x80025ad8
core   0: 0x80003adc (0x78718193) addi    gp, gp, 1927
core   0: 3 0x80003adc (0x78718193) x3  0x8002625f
core   0: 0x80003ae0 (0xfdf19b83) lh      s7, -33(gp)
core   0: 3 0x80003ae0 (0xfdf19b83) x23 0xfffff4f5 mem 0x8002623e
core   0: 0x80003ae4 (0x0081a5a3) sw      s0, 11(gp)
core   0: 3 0x80003ae4 (0x0081a5a3) mem 0x8002626a 0x4 mem 0x8002626b 0x0 mem 0x8002626c 0x0 mem 0x8002626d 0x0
core   0: 0x80003ae8 (0x00000001) c.nop
core   0: 3 0x80003ae8 (0x0001)
core   0: 0x80003aea (0x01e5da13) srli    s4, a1, 30
core   0: 3 0x80003aea (0x01e5da13) x20 0x00000000
core   0: 0x80003aee (0x00b8efb3) or      t6, a7, a1
core   0: 3 0x80003aee (0x00b8efb3) x31 0xa2348ac2
core   0: 0x80003af2 (0x00008d5d) c.or    a0, a5
core   0: 3 0x80003af2 (0x8d5d) x10 0xfffffff7
core   0: 0x80003af4 (0xfd61c683) lbu     a3, -42(gp)
core   0: 3 0x80003af4 (0xfd61c683) x13 0x000000ee mem 0x80026235
core   0: 0x80003af8 (0x8f6b3693) sltiu   a3, s6, -1802
core   0: 3 0x80003af8 (0x8f6b3693) x13 0x00000001
core   0: 0x80003afc (0x01a1de83) lhu     t4, 26(gp)
core   0: 3 0x80003afc (0x01a1de83) x29 0x00003132 mem 0x80026279 mem 0x8002627a
core   0: 0x80003b00 (0x01018423) sb      a6, 8(gp)
core   0: 3 0x80003b00 (0x01018423) mem 0x80026267 0xf8
core   0: 0x80003b04 (0x015e44b3) xor     s1, t3, s5
core   0: 3 0x80003b04 (0x015e44b3) x9  0x8488fff1
core   0: 0x80003b08 (0xfc11ac23) sw      ra, -40(gp)
core   0: 3 0x80003b08 (0xfc11ac23) mem 0x80026237 0x5d mem 0x80026238 0x5c mem 0x80026239 0x0 mem 0x8002623a 0x0
core   0: 0x80003b0c (0x00cbd093) srli    ra, s7, 12
core   0: 3 0x80003b0c (0x00cbd093) x1  0x000fffff
core   0: 0x80003b10 (0x03e1cf03) lbu     t5, 62(gp)
core   0: 3 0x80003b10 (0x03e1cf03) x30 0x00000056 mem 0x8002629d
core   0: 0x80003b14 (0x340753f3) csrrwi  t2, mscratch, 14
core   0: 3 0x80003b14 (0x340753f3) x7  0x0000009f c832_mscratch 0x0000000e
core   0: 0x80003b18 (0x00009afe) c.add   s5, t6
core   0: 3 0x80003b18 (0x9afe) x21 0xa2348ab3
core   0: 0x80003b1a (0x4054dd33) sra     s10, s1, t0
core   0: 3 0x80003b1a (0x4054dd33) x26 0xff8488ff
core   0: 0x80003b1e (0x00006155) c.addi16sp sp, 304
core   0: 3 0x80003b1e (0x6155) x2  0x8001ea10
core   0: 0x80003b20 (0x031248b3) div     a7, tp, a7
core   0: 3 0x80003b20 (0x031248b3) x17 0x00000000
core   0: 0x80003b24 (0x000086ba) c.mv    a3, a4
core   0: 3 0x80003b24 (0x86ba) x13 0x00000000
core   0: 0x80003b26 (0x000080d5) c.srli  s1, 21
core   0: 3 0x80003b26 (0x80d5) x9  0x00000424
core   0: 0x80003b28 (0x0261c883) lbu     a7, 38(gp)
core   0: 3 0x80003b28 (0x0261c883) x17 0x0000003e mem 0x80026285
core   0: 0x80003b2c (0x840b1b17) auipc   s6, 0x840b1
core   0: 3 0x80003b2c (0x840b1b17) x22 0x040b4b2c
core   0: 0x80003b30 (0x00009df6) c.add   s11, t4
core   0: 3 0x80003b30 (0x9df6) x27 0x00002922
core   0: 0x80003b32 (0x340d2573) csrrs   a0, mscratch, s10
core   0: 3 0x80003b32 (0x340d2573) x10 0x0000000e c832_mscratch 0xff8488ff
core   0: 0x80003b36 (0x00000001) c.nop
core   0: 3 0x80003b36 (0x0001)
core   0: 0x80003b38 (0xff11ad03) lw      s10, -15(gp)
core   0: 3 0x80003b38 (0xff11ad03) x26 0x08090a0b mem 0x80026250
core   0: 0x80003b3c (0x00b18a83) lb      s5, 11(gp)
core   0: 3 0x80003b3c (0x00b18a83) x21 0x00000004 mem 0x8002626a
core   0: 0x80003b40 (0x0001d497) auipc   s1, 0x1d
core   0: 3 0x80003b40 (0x0001d497) x9  0x80020b40
core   0: 0x80003b44 (0x27548493) addi    s1, s1, 629
core   0: 3 0x80003b44 (0x27548493) x9  0x80020db5
core   0: 0x80003b48 (0xffc4c303) lbu     t1, -4(s1)
core   0: 3 0x80003b48 (0xffc4c303) x6  0x0000006a mem 0x80020db1
core   0: 0x80003b4c (0x00019b97) auipc   s7, 0x19
core   0: 3 0x80003b4c (0x00019b97) x23 0x8001cb4c
core   0: 0x80003b50 (0xd7fb8b93) addi    s7, s7, -641
core   0: 3 0x80003b50 (0xd7fb8b93) x23 0x8001c8cb
core   0: 0x80003b54 (0xfebba3a3) sw      a1, -25(s7)
core   0: 3 0x80003b54 (0xfebba3a3) mem 0x8001c8b2 0x0 mem 0x8001c8b3 0x0 mem 0x8001c8b4 0x0 mem 0x8001c8b5 0x0
core   0: 0x80003b58 (0x01cb9a83) lh      s5, 28(s7)
core   0: 3 0x80003b58 (0x01cb9a83) x21 0xffffa39c mem 0x8001c8e7 mem 0x8001c8e8
core   0: 0x80003b5c (0x00348d83) lb      s11, 3(s1)
core   0: 3 0x80003b5c (0x00348d83) x27 0x00000073 mem 0x80020db8
core   0: 0x80003b60 (0xfc8ba5a3) sw      s0, -53(s7)
core   0: 3 0x80003b60 (0xfc8ba5a3) mem 0x8001c896 0x4 mem 0x8001c897 0x0 mem 0x8001c898 0x0 mem 0x8001c899 0x0
core   0: 0x80003b64 (0x01c4a723) sw      t3, 14(s1)
core   0: 3 0x80003b64 (0x01c4a723) mem 0x80020dc3 0x0 mem 0x80020dc4 0x0 mem 0x80020dc5 0x77 mem 0x80020dc6 0x7b
core   0: 0x80003b68 (0x000b8f03) lb      t5, 0(s7)
core   0: 3 0x80003b68 (0x000b8f03) x30 0xffffff80 mem 0x8001c8cb
core   0: 0x80003b6c (0x029b8003) lb      zero, 41(s7)
core   0: 3 0x80003b6c (0x029b8003) mem 0x8001c8f4
core   0: 0x80003b70 (0xff24c103) lbu     sp, -14(s1)
core   0: 3 0x80003b70 (0xff24c103) x2  0x0000005c mem 0x80020da7
core   0: 0x80003b74 (0x00648323) sb      t1, 6(s1)
core   0: 3 0x80003b74 (0x00648323) mem 0x80020dbb 0x6a
core   0: 0x80003b78 (0x01ab8623) sb      s10, 12(s7)
core   0: 3 0x80003b78 (0x01ab8623) mem 0x8001c8d7 0xb
core   0: 0x80003b7c (0xfc9baa03) lw      s4, -55(s7)
core   0: 3 0x80003b7c (0xfc9baa03) x20 0x00044e4f mem 0x8001c894
core   0: 0x80003b80 (0xfff4ad23) sw      t6, -6(s1)
core   0: 3 0x80003b80 (0xfff4ad23) mem 0x80020daf 0xc2 mem 0x80020db0 0x8a mem 0x80020db1 0x34 mem 0x80020db2 0xa2
core   0: 0x80003b84 (0xfd3bab03) lw      s6, -45(s7)
core   0: 3 0x80003b84 (0xfd3bab03) x22 0x5a5b5455 mem 0x8001c89e mem 0x8001c89f mem 0x8001c8a0 mem 0x8001c8a1
core   0: 0x80003b88 (0xff948e83) lb      t4, -7(s1)
core   0: 3 0x80003b88 (0xff948e83) x29 0x00000065 mem 0x80020dae
core   0: 0x80003b8c (0xff548e03) lb      t3, -11(s1)
core   0: 3 0x80003b8c (0xff548e03) x28 0x00000061 mem 0x80020daa
core   0: 0x80003b90 (0xfecb9883) lh      a7, -20(s7)
core   0: 3 0x80003b90 (0xfecb9883) x17 0x0000736c mem 0x8001c8b7 mem 0x8001c8b8
core   0: 0x80003b94 (0x00019197) auipc   gp, 0x19
core   0: 3 0x80003b94 (0x00019197) x3  0x8001cb94
core   0: 0x80003b98 (0x38418193) addi    gp, gp, 900
core   0: 3 0x80003b98 (0x38418193) x3  0x8001cf18
core   0: 0x80003b9c (0x00024297) auipc   t0, 0x24
core   0: 3 0x80003b9c (0x00024297) x5  0x80027b9c
core   0: 0x80003ba0 (0x75c28293) addi    t0, t0, 1884
core   0: 3 0x80003ba0 (0x75c28293) x5  0x800282f8
core   0: 0x80003ba4 (0x94218a03) lb      s4, -1726(gp)
core   0: 3 0x80003ba4 (0x94218a03) x20 0x00000011 mem 0x8001c85a
core   0: 0x80003ba8 (0xbf228a83) lb      s5, -1038(t0)
core   0: 3 0x80003ba8 (0xbf228a83) x21 0xffffffa1 mem 0x80027eea
core   0: 0x80003bac (0x07628083) lb      ra, 118(t0)
core   0: 3 0x80003bac (0x07628083) x1  0x00000025 mem 0x8002836e
core   0: 0x80003bb0 (0xc602d083) lhu     ra, -928(t0)
core   0: 3 0x80003bb0 (0xc602d083) x1  0x00001213 mem 0x80027f58
core   0: 0x80003bb4 (0xf7d18ea3) sb      t4, -131(gp)
core   0: 3 0x80003bb4 (0xf7d18ea3) mem 0x8001ce95 0x65
core   0: 0x80003bb8 (0x81e2d603) lhu     a2, -2018(t0)
core   0: 3 0x80003bb8 (0x81e2d603) x12 0x0000cccd mem 0x80027b16
core   0: 0x80003bbc (0x115184a3) sb      s5, 265(gp)
core   0: 3 0x80003bbc (0x115184a3) mem 0x8001d021 0xa1
core   0: 0x80003bc0 (0x91028a03) lb      s4, -1776(t0)
core   0: 3 0x80003bc0 (0x91028a03) x20 0xffffffc3 mem 0x80027c08
core   0: 0x80003bc4 (0xfea18703) lb      a4, -22(gp)
core   0: 3 0x80003bc4 (0xfea18703) x14 0xffffffb9 mem 0x8001cf02
core   0: 0x80003bc8 (0xc6e1a903) lw      s2, -914(gp)
core   0: 3 0x80003bc8 (0xc6e1a903) x18 0x42433c3d mem 0x8001cb86 mem 0x8001cb87 mem 0x8001cb88 mem 0x8001cb89
core   0: 0x80003bcc (0xd2b1ac03) lw      s8, -725(gp)
core   0: 3 0x80003bcc (0xd2b1ac03) x24 0xfdfefff8 mem 0x8001cc43 mem 0x8001cc44 mem 0x8001cc45 mem 0x8001cc46
core   0: 0x80003bd0 (0x67c283a3) sb      t3, 1639(t0)
core   0: 3 0x80003bd0 (0x67c283a3) mem 0x8002895f 0x61
core   0: 0x80003bd4 (0xaf71db03) lhu     s6, -1289(gp)
core   0: 3 0x80003bd4 (0xaf71db03) x22 0x0000cbc4 mem 0x8001ca0f mem 0x8001ca10
core   0: 0x80003bd8 (0xffa18103) lb      sp, -6(gp)
core   0: 3 0x80003bd8 (0xffa18103) x2  0xffffffc9 mem 0x8001cf12
core   0: 0x80003bdc (0x6312cb03) lbu     s6, 1585(t0)
core   0: 3 0x80003bdc (0x6312cb03) x22 0x000000e2 mem 0x80028929
core   0: 0x80003be0 (0x05c2d903) lhu     s2, 92(t0)
core   0: 3 0x80003be0 (0x05c2d903) x18 0x00000e0f mem 0x80028354
core   0: 0x80003be4 (0x00023517) auipc   a0, 0x23
core   0: 3 0x80003be4 (0x00023517) x10 0x80026be4
core   0: 0x80003be8 (0x3ca50513) addi    a0, a0, 970
core   0: 3 0x80003be8 (0x3ca50513) x10 0x80026fae
core   0: 0x80003bec (0x00018a17) auipc   s4, 0x18
core   0: 3 0x80003bec (0x00018a17) x20 0x8001bbec
core   0: 0x80003bf0 (0x6b3a0a13) addi    s4, s4, 1715
core   0: 3 0x80003bf0 (0x6b3a0a13) x20 0x8001c29f
core   0: 0x80003bf4 (0xff8a2103) lw      sp, -8(s4)
core   0: 3 0x80003bf4 (0xff8a2103) x2  0x5152534c mem 0x8001c297 mem 0x8001c298 mem 0x8001c299 mem 0x8001c29a
core   0: 0x80003bf8 (0x011a13a3) sh      a7, 7(s4)
core   0: 3 0x80003bf8 (0x011a13a3) mem 0x8001c2a6 0x736c
core   0: 0x80003bfc (0x14f50483) lb      s1, 335(a0)
core   0: 3 0x80003bfc (0x14f50483) x9  0xffffffb6 mem 0x800270fd
core   0: 0x80003c00 (0xe8155603) lhu     a2, -383(a0)
core   0: 3 0x80003c00 (0xe8155603) x12 0x0000ebe4 mem 0x80026e2f mem 0x80026e30
core   0: 0x80003c04 (0xc1c54d83) lbu     s11, -996(a0)
core   0: 3 0x80003c04 (0xc1c54d83) x27 0x00000081 mem 0x80026bca
core   0: 0x80003c08 (0x3f252da3) sw      s2, 1019(a0)
core   0: 3 0x80003c08 (0x3f252da3) mem 0x800273a9 0xf mem 0x800273aa 0xe mem 0x800273ab 0x0 mem 0x800273ac 0x0
core   0: 0x80003c0c (0xff8a5f03) lhu     t5, -8(s4)
core   0: 3 0x80003c0c (0xff8a5f03) x30 0x0000534c mem 0x8001c297 mem 0x8001c298
core   0: 0x80003c10 (0x014a21a3) sw      s4, 3(s4)
core   0: 3 0x80003c10 (0x014a21a3) mem 0x8001c2a2 0x9f mem 0x8001c2a3 0xc2 mem 0x8001c2a4 0x1 mem 0x8001c2a5 0x80
core   0: 0x80003c14 (0xc4155203) lhu     tp, -959(a0)
core   0: 3 0x80003c14 (0xc4155203) x4  0x0000aba4 mem 0x80026bef mem 0x80026bf0
core   0: 0x80003c18 (0x6c152b23) sw      ra, 1750(a0)
core   0: 3 0x80003c18 (0x6c152b23) mem 0x80027684 0x00001213
core   0: 0x80003c1c (0x4cb55083) lhu     ra, 1227(a0)
core   0: 3 0x80003c1c (0x4cb55083) x1  0x00003132 mem 0x80027479 mem 0x8002747a
core   0: 0x80003c20 (0x001a2b83) lw      s7, 1(s4)
core   0: 3 0x80003c20 (0x001a2b83) x23 0xc29f5a5b mem 0x8001c2a0
core   0: 0x80003c24 (0xa7452803) lw      a6, -1420(a0)
core   0: 3 0x80003c24 (0xa7452803) x16 0xdedfd8d9 mem 0x80026a22 mem 0x80026a23 mem 0x80026a24 mem 0x80026a25
core   0: 0x80003c28 (0x009a1723) sh      s1, 14(s4)
core   0: 3 0x80003c28 (0x009a1723) mem 0x8001c2ad 0xb6 mem 0x8001c2ae 0xff
core   0: 0x80003c2c (0x173503a3) sb      s3, 359(a0)
core   0: 3 0x80003c2c (0x173503a3) mem 0x80027115 0x64
core   0: 0x80003c30 (0x00aa14a3) sh      a0, 9(s4)
core   0: 3 0x80003c30 (0x00aa14a3) mem 0x8001c2a8 0x6fae
core   0: 0x80003c34 (0x0001d697) auipc   a3, 0x1d
core   0: 3 0x80003c34 (0x0001d697) x13 0x80020c34
core   0: 0x80003c38 (0xc0468693) addi    a3, a3, -1020
core   0: 3 0x80003c38 (0xc0468693) x13 0x80020838
core   0: 0x80003c3c (0x0c26a003) lw      zero, 194(a3)
core   0: 3 0x80003c3c (0x0c26a003) mem 0x800208fa mem 0x800208fb mem 0x800208fc mem 0x800208fd
core   0: 0x80003c40 (0x04a687a3) sb      a0, 79(a3)
core   0: 3 0x80003c40 (0x04a687a3) mem 0x80020887 0xae
core   0: 0x80003c44 (0x0f668103) lb      sp, 246(a3)
core   0: 3 0x80003c44 (0x0f668103) x2  0xffffffe5 mem 0x8002092e
core   0: 0x80003c48 (0xf5468b03) lb      s6, -172(a3)
core   0: 3 0x80003c48 (0xf5468b03) x22 0x00000047 mem 0x8002078c
core   0: 0x80003c4c (0x00019597) auipc   a1, 0x19
core   0: 3 0x80003c4c (0x00019597) x11 0x8001cc4c
core   0: 0x80003c50 (0x1cd58593) addi    a1, a1, 461
core   0: 3 0x80003c50 (0x1cd58593) x11 0x8001ce19
core   0: 0x80003c54 (0x0000de80) c.sw    s0, 56(a3)
core   0: 3 0x80003c54 (0xde80) mem 0x80020870 0x00000004
core   0: 0x80003c56 (0xf885d183) lhu     gp, -120(a1)
core   0: 3 0x80003c56 (0xf885d183) x3  0x0000595a mem 0x8001cda1 mem 0x8001cda2
core   0: 0x80003c5a (0xf866a603) lw      a2, -122(a3)
core   0: 3 0x80003c5a (0xf866a603) x12 0x7a7b7475 mem 0x800207be mem 0x800207bf mem 0x800207c0 mem 0x800207c1
core   0: 0x80003c5e (0xc145db83) lhu     s7, -1004(a1)
core   0: 3 0x80003c5e (0xc145db83) x23 0x0000e5e6 mem 0x8001ca2d mem 0x8001ca2e
core   0: 0x80003c62 (0xaac5c903) lbu     s2, -1364(a1)
core   0: 3 0x80003c62 (0xaac5c903) x18 0x0000007e mem 0x8001c8c5
core   0: 0x80003c66 (0x00468523) sb      tp, 10(a3)
core   0: 3 0x80003c66 (0x00468523) mem 0x80020842 0xa4
core   0: 0x80003c6a (0xf1a68a23) sb      s10, -236(a3)
core   0: 3 0x80003c6a (0xf1a68a23) mem 0x8002074c 0xb
core   0: 0x80003c6e (0x9d759d23) sh      s7, -1574(a1)
core   0: 3 0x80003c6e (0x9d759d23) mem 0x8001c7f3 0xe6 mem 0x8001c7f4 0xe5
core   0: 0x80003c72 (0x09d6de03) lhu     t3, 157(a3)
core   0: 3 0x80003c72 (0x09d6de03) x28 0x00008d8e mem 0x800208d5 mem 0x800208d6
core   0: 0x80003c76 (0x9705ac23) sw      a6, -1672(a1)
core   0: 3 0x80003c76 (0x9705ac23) mem 0x8001c791 0xd9 mem 0x8001c792 0xd8 mem 0x8001c793 0xdf mem 0x8001c794 0xde
core   0: 0x80003c7a (0x0076c103) lbu     sp, 7(a3)
core   0: 3 0x80003c7a (0x0076c103) x2  0x000000f4 mem 0x8002083f
core   0: 0x80003c7e (0xb7a59ea3) sh      s10, -1155(a1)
core   0: 3 0x80003c7e (0xb7a59ea3) mem 0x8001c996 0x0a0b
core   0: 0x80003c82 (0xc1f58703) lb      a4, -993(a1)
core   0: 3 0x80003c82 (0xc1f58703) x14 0xfffffff3 mem 0x8001ca38
core   0: 0x80003c86 (0x00019897) auipc   a7, 0x19
core   0: 3 0x80003c86 (0x00019897) x17 0x8001cc86
core   0: 0x80003c8a (0x89a88893) addi    a7, a7, -1894
core   0: 3 0x80003c8a (0x89a88893) x17 0x8001c520
core   0: 0x80003c8e (0xf3588223) sb      s5, -220(a7)
core   0: 3 0x80003c8e (0xf3588223) mem 0x8001c444 0xa1
core   0: 0x80003c92 (0xf578a283) lw      t0, -169(a7)
core   0: 3 0x80003c92 (0xf578a283) x5  0x3132332c mem 0x8001c477 mem 0x8001c478 mem 0x8001c479 mem 0x8001c47a
core   0: 0x80003c96 (0xf5788e83) lb      t4, -169(a7)
core   0: 3 0x80003c96 (0xf5788e83) x29 0x0000002c mem 0x8001c477
core   0: 0x80003c9a (0xf878da83) lhu     s5, -121(a7)
core   0: 3 0x80003c9a (0xf878da83) x21 0x0000635c mem 0x8001c4a7 mem 0x8001c4a8
core   0: 0x80003c9e (0xf878d483) lhu     s1, -121(a7)
core   0: 3 0x80003c9e (0xf878d483) x9  0x0000635c mem 0x8001c4a7 mem 0x8001c4a8
core   0: 0x80003ca2 (0xf6e8c503) lbu     a0, -146(a7)
core   0: 3 0x80003ca2 (0xf6e8c503) x10 0x00000045 mem 0x8001c48e
core   0: 0x80003ca6 (0xf1d8ac03) lw      s8, -227(a7)
core   0: 3 0x80003ca6 (0xf1d8ac03) x24 0xfbf4f5f6 mem 0x8001c43d mem 0x8001c43e mem 0x8001c43f mem 0x8001c440
core   0: 0x80003caa (0xfc089503) lh      a0, -64(a7)
core   0: 3 0x80003caa (0xfc089503) x10 0xffff9a9b mem 0x8001c4e0
core   0: 0x80003cae (0x0598a083) lw      ra, 89(a7)
core   0: 3 0x80003cae (0x0598a083) x1  0x37303132 mem 0x8001c579 mem 0x8001c57a mem 0x8001c57b mem 0x8001c57c
core   0: 0x80003cb2 (0x0578c503) lbu     a0, 87(a7)
core   0: 3 0x80003cb2 (0x0578c503) x10 0x0000002c mem 0x8001c577
core   0: 0x80003cb6 (0x04e89ba3) sh      a4, 87(a7)
core   0: 3 0x80003cb6 (0x04e89ba3) mem 0x8001c577 0xf3 mem 0x8001c578 0xff
core   0: 0x80003cba (0x0578a503) lw      a0, 87(a7)
core   0: 3 0x80003cba (0x0578a503) x10 0x3132fff3 mem 0x8001c577 mem 0x8001c578 mem 0x8001c579 mem 0x8001c57a
core   0: 0x80003cbe (0x0508aba3) sw      a6, 87(a7)
core   0: 3 0x80003cbe (0x0508aba3) mem 0x8001c577 0xd9 mem 0x8001c578 0xd8 mem 0x8001c579 0xdf mem 0x8001c57a 0xde
core   0: 0x80003cc2 (0x0de883a3) sb      t5, 199(a7)
core   0: 3 0x80003cc2 (0x0de883a3) mem 0x8001c5e7 0x4c
core   0: 0x80003cc6 (0x0c789283) lh      t0, 199(a7)
core   0: 3 0x80003cc6 (0x0c789283) x5  0xffffa34c mem 0x8001c5e7 mem 0x8001c5e8
core   0: 0x80003cca (0x0c78c003) lbu     zero, 199(a7)
core   0: 3 0x80003cca (0x0c78c003) mem 0x8001c5e7
core   0: 0x80003cce (0x02b888a3) sb      a1, 49(a7)
core   0: 3 0x80003cce (0x02b888a3) mem 0x8001c551 0x19
core   0: 0x80003cd2 (0x0318a683) lw      a3, 49(a7)
core   0: 3 0x80003cd2 (0x0318a683) x13 0x0f080919 mem 0x8001c551 mem 0x8001c552 mem 0x8001c553 mem 0x8001c554
core   0: 0x80003cd6 (0x03a92bb3) mulhsu  s7, s2, s10
core   0: 3 0x80003cd6 (0x03a92bb3) x23 0x00000003
core   0: 0x80003cda (0x03189d03) lh      s10, 49(a7)
core   0: 3 0x80003cda (0x03189d03) x26 0x00000919 mem 0x8001c551 mem 0x8001c552
core   0: 0x80003cde (0x0001ad17) auipc   s10, 0x1a
core   0: 3 0x80003cde (0x0001ad17) x26 0x8001dcde
core   0: 0x80003ce2 (0xda3d0d13) addi    s10, s10, -605
core   0: 3 0x80003ce2 (0xda3d0d13) x26 0x8001da81
core   0: 0x80003ce6 (0xffcd4b83) lbu     s7, -4(s10)
core   0: 3 0x80003ce6 (0xffcd4b83) x23 0x00000036 mem 0x8001da7d
core   0: 0x80003cea (0x00000001) c.nop
core   0: 3 0x80003cea (0x0001)
core   0: 0x80003cec (0x00b615b3) sll     a1, a2, a1
core   0: 3 0x80003cec (0x00b615b3) x11 0xea000000
core   0: 0x80003cf0 (0xfdfd4783) lbu     a5, -33(s10)
core   0: 3 0x80003cf0 (0xfdfd4783) x15 0x0000001b mem 0x8001da60
core   0: 0x80003cf4 (0x000018fd) c.addi  a7, -1
core   0: 3 0x80003cf4 (0x18fd) x17 0x8001c51f
core   0: 0x80003cf6 (0x02bd5283) lhu     t0, 43(s10)
core   0: 3 0x80003cf6 (0x02bd5283) x5  0x00006667 mem 0x8001daac
core   0: 0x80003cfa (0xfd4d22a3) sw      s4, -59(s10)
core   0: 3 0x80003cfa (0xfd4d22a3) mem 0x8001da46 0x9f mem 0x8001da47 0xc2 mem 0x8001da48 0x1 mem 0x8001da49 0x80
core   0: 0x80003cfe (0x020d2e03) lw      t3, 32(s10)
core   0: 3 0x80003cfe (0x020d2e03) x28 0x5f58595a mem 0x8001daa1 mem 0x8001daa2 mem 0x8001daa3 mem 0x8001daa4
core   0: 0x80003d02 (0xff6d0803) lb      a6, -10(s10)
core   0: 3 0x80003d02 (0xff6d0803) x16 0x0000002c mem 0x8001da77
core   0: 0x80003d06 (0x02fd4f83) lbu     t6, 47(s10)
core   0: 3 0x80003d06 (0x02fd4f83) x31 0x0000006b mem 0x8001dab0
core   0: 0x80003d0a (0x00008592) c.mv    a1, tp
core   0: 3 0x80003d0a (0x8592) x11 0x0000aba4
core   0: 0x80003d0c (0x007be8b3) or      a7, s7, t2
core   0: 3 0x80003d0c (0x007be8b3) x17 0x000000bf
core   0: 0x80003d10 (0x01bd2423) sw      s11, 8(s10)
core   0: 3 0x80003d10 (0x01bd2423) mem 0x8001da89 0x81 mem 0x8001da8a 0x0 mem 0x8001da8b 0x0 mem 0x8001da8c 0x0
core   0: 0x80003d14 (0xfebd0623) sb      a1, -20(s10)
core   0: 3 0x80003d14 (0xfebd0623) mem 0x8001da6d 0xa4
core   0: 0x80003d18 (0x003d1ca3) sh      gp, 25(s10)
core   0: 3 0x80003d18 (0x003d1ca3) mem 0x8001da9a 0x595a
core   0: 0x80003d1c (0x02a933b3) mulhu   t2, s2, a0
core   0: 3 0x80003d1c (0x02a933b3) x7  0x00000018
core   0: 0x80003d20 (0x00c13e33) sltu    t3, sp, a2
core   0: 3 0x80003d20 (0x00c13e33) x28 0x00000001
core   0: 0x80003d24 (0x4d696693) ori     a3, s2, 1238
core   0: 3 0x80003d24 (0x4d696693) x13 0x000004fe
core   0: 0x80003d28 (0x020d1e83) lh      t4, 32(s10)
core   0: 3 0x80003d28 (0x020d1e83) x29 0x0000595a mem 0x8001daa1 mem 0x8001daa2
core   0: 0x80003d2c (0xfddd4683) lbu     a3, -35(s10)
core   0: 3 0x80003d2c (0xfddd4683) x13 0x00000015 mem 0x8001da5e
core   0: 0x80003d30 (0x006d2783) lw      a5, 6(s10)
core   0: 3 0x80003d30 (0x006d2783) x15 0x0081433c mem 0x8001da87 mem 0x8001da88 mem 0x8001da89 mem 0x8001da8a
core   0: 0x80003d34 (0x00006bd5) c.lui   s7, 0x15
core   0: 3 0x80003d34 (0x6bd5) x23 0x00015000
core   0: 0x80003d36 (0xdb98f093) andi    ra, a7, -583
core   0: 3 0x80003d36 (0xdb98f093) x1  0x000000b9
core   0: 0x80003d3a (0x00000001) c.nop
core   0: 3 0x80003d3a (0x0001)
core   0: 0x80003d3c (0x00008e79) c.and   a2, a4
core   0: 3 0x80003d3c (0x8e79) x12 0x7a7b7471
core   0: 0x80003d3e (0xfc3d1383) lh      t2, -61(s10)
core   0: 3 0x80003d3e (0xfc3d1383) x7  0xfffffeff mem 0x8001da44
core   0: 0x80003d42 (0x007b48b3) xor     a7, s6, t2
core   0: 3 0x80003d42 (0x007b48b3) x17 0xfffffeb8
core   0: 0x80003d46 (0x02c5a7b3) mulhsu  a5, a1, a2
core   0: 3 0x80003d46 (0x02c5a7b3) x15 0x0000521e
core   0: 0x80003d4a (0x01cd5a83) lhu     s5, 28(s10)
core   0: 3 0x80003d4a (0x01cd5a83) x21 0x00005556 mem 0x8001da9d mem 0x8001da9e
core   0: 0x80003d4e (0x025d4903) lbu     s2, 37(s10)
core   0: 3 0x80003d4e (0x025d4903) x18 0x0000005d mem 0x8001daa6
core   0: 0x80003d52 (0x0ff0000f) fence   iorw,iorw
core   0: 3 0x80003d52 (0x0ff0000f)
core   0: 0x80003d56 (0x019d5183) lhu     gp, 25(s10)
core   0: 3 0x80003d56 (0x019d5183) x3  0x0000595a mem 0x8001da9a
core   0: 0x80003d5a (0xfc5d0a23) sb      t0, -44(s10)
core   0: 3 0x80003d5a (0xfc5d0a23) mem 0x8001da55 0x67
core   0: 0x80003d5e (0x417284b3) sub     s1, t0, s7
core   0: 3 0x80003d5e (0x417284b3) x9  0xffff1667
core   0: 0x80003d62 (0xfd4d0903) lb      s2, -44(s10)
core   0: 3 0x80003d62 (0xfd4d0903) x18 0x00000067 mem 0x8001da55
core   0: 0x80003d66 (0x00543b33) sltu    s6, s0, t0
core   0: 3 0x80003d66 (0x00543b33) x22 0x00000001
core   0: 0x80003d6a (0x02ed5583) lhu     a1, 46(s10)
core   0: 3 0x80003d6a (0x02ed5583) x11 0x00006b64 mem 0x8001daaf mem 0x8001dab0
core   0: 0x80003d6e (0xfe8d1623) sh      s0, -20(s10)
core   0: 3 0x80003d6e (0xfe8d1623) mem 0x8001da6d 0x4 mem 0x8001da6e 0x0
core   0: 0x80003d72 (0xfd8d0783) lb      a5, -40(s10)
core   0: 3 0x80003d72 (0xfd8d0783) x15 0x00000012 mem 0x8001da59
core   0: 0x80003d76 (0x00bd2c23) sw      a1, 24(s10)
core   0: 3 0x80003d76 (0x00bd2c23) mem 0x8001da99 0x64 mem 0x8001da9a 0x6b mem 0x8001da9b 0x0 mem 0x8001da9c 0x0
core   0: 0x80003d7a (0x0232d533) divu    a0, t0, gp
core   0: 3 0x80003d7a (0x0232d533) x10 0x00000001
core   0: 0x80003d7e (0x01ad5c03) lhu     s8, 26(s10)
core   0: 3 0x80003d7e (0x01ad5c03) x24 0x00000000 mem 0x8001da9b mem 0x8001da9c
core   0: 0x80003d82 (0x01351b33) sll     s6, a0, s3
core   0: 3 0x80003d82 (0x01351b33) x22 0x00000010
core   0: 0x80003d86 (0x023d1703) lh      a4, 35(s10)
core   0: 3 0x80003d86 (0x023d1703) x14 0x00005e5f mem 0x8001daa4
core   0: 0x80003d8a (0x026d4103) lbu     sp, 38(s10)
core   0: 3 0x80003d8a (0x026d4103) x2  0x0000005c mem 0x8001daa7
core   0: 0x80003d8e (0x007d1a03) lh      s4, 7(s10)
core   0: 3 0x80003d8e (0x007d1a03) x20 0xffff8143 mem 0x8001da88
core   0: 0x80003d92 (0x022d0f03) lb      t5, 34(s10)
core   0: 3 0x80003d92 (0x022d0f03) x30 0x00000058 mem 0x8001daa3
core   0: 0x80003d96 (0x025d2103) lw      sp, 37(s10)
core   0: 3 0x80003d96 (0x025d2103) x2  0x62635c5d mem 0x8001daa6 mem 0x8001daa7 mem 0x8001daa8 mem 0x8001daa9
core   0: 0x80003d9a (0x03bd2a83) lw      s5, 59(s10)
core   0: 3 0x80003d9a (0x03bd2a83) x21 0x74757677 mem 0x8001dabc
core   0: 0x80003d9e (0x00024797) auipc   a5, 0x24
core   0: 3 0x80003d9e (0x00024797) x15 0x80027d9e
core   0: 0x80003da2 (0x2ae78793) addi    a5, a5, 686
core   0: 3 0x80003da2 (0x2ae78793) x15 0x8002804c
core   0: 0x80003da6 (0xc0470c17) auipc   s8, 0xc0470
core   0: 3 0x80003da6 (0xc0470c17) x24 0x40473da6
core   0: 0x80003daa (0x0047c183) lbu     gp, 4(a5)
core   0: 3 0x80003daa (0x0047c183) x3  0x0000000b mem 0x80028050
core   0: 0x80003dae (0x34002d73) csrr    s10, mscratch
core   0: 3 0x80003dae (0x34002d73) x26 0xff8488ff
core   0: 0x80003db2 (0x0087c283) lbu     t0, 8(a5)
core   0: 3 0x80003db2 (0x0087c283) x5  0x0000000f mem 0x80028054
core   0: 0x80003db6 (0x0017cd83) lbu     s11, 1(a5)
core   0: 3 0x80003db6 (0x0017cd83) x27 0x00000006 mem 0x8002804d
core   0: 0x80003dba (0x03035a33) divu    s4, t1, a6
core   0: 3 0x80003dba (0x03035a33) x20 0x00000002
core   0: 0x80003dbe (0x03b511b3) mulh    gp, a0, s11
core   0: 3 0x80003dbe (0x03b511b3) x3  0x00000000
core   0: 0x80003dc2 (0x001deeb3) or      t4, s11, ra
core   0: 3 0x80003dc2 (0x001deeb3) x29 0x000000bf
core   0: 0x80003dc6 (0xffe79103) lh      sp, -2(a5)
core   0: 3 0x80003dc6 (0xffe79103) x2  0x00000001 mem 0x8002804a
core   0: 0x80003dca (0xffb7d683) lhu     a3, -5(a5)
core   0: 3 0x80003dca (0xffb7d683) x13 0x000003fc mem 0x80028047 mem 0x80028048
core   0: 0x80003dce (0x0000717d) c.addi16sp sp, -16
core   0: 3 0x80003dce (0x717d) x2  0xfffffff1
core   0: 0x80003dd0 (0xffc7a903) lw      s2, -4(a5)
core   0: 3 0x80003dd0 (0xffc7a903) x18 0x00010203 mem 0x80028048
core   0: 0x80003dd4 (0x0ff0000f) fence   iorw,iorw
core   0: 3 0x80003dd4 (0x0ff0000f)
core   0: 0x80003dd8 (0x00e7d103) lhu     sp, 14(a5)
core   0: 3 0x80003dd8 (0x00e7d103) x2  0x00001011 mem 0x8002805a
core   0: 0x80003ddc (0x0000100f) fence.i
core   0: 3 0x80003ddc (0x0000100f)
core   0: 0x80003de0 (0x026e35b3) mulhu   a1, t3, t1
core   0: 3 0x80003de0 (0x026e35b3) x11 0x00000000
core   0: 0x80003de4 (0xff479e23) sh      s4, -4(a5)
core   0: 3 0x80003de4 (0xff479e23) mem 0x80028048 0x0002
core   0: 0x80003de8 (0x00009a16) c.add   s4, t0
core   0: 3 0x80003de8 (0x9a16) x20 0x00000011
core   0: 0x80003dea (0x00008679) c.srai  a2, 30
core   0: 3 0x80003dea (0x8679) x12 0x00000001
core   0: 0x80003dec (0x00179523) sh      ra, 10(a5)
core   0: 3 0x80003dec (0x00179523) mem 0x80028056 0x00b9
core   0: 0x80003df0 (0x0037a0a3) sw      gp, 1(a5)
core   0: 3 0x80003df0 (0x0037a0a3) mem 0x8002804d 0x0 mem 0x8002804e 0x0 mem 0x8002804f 0x0 mem 0x80028050 0x0
core   0: 0x80003df4 (0x00d78183) lb      gp, 13(a5)
core   0: 3 0x80003df4 (0x00d78183) x3  0x00000012 mem 0x80028059
core   0: 0x80003df8 (0x691d0813) addi    a6, s10, 1681
core   0: 3 0x80003df8 (0x691d0813) x16 0xff848f90
core   0: 0x80003dfc (0x0000c798) c.sw    a4, 8(a5)
core   0: 3 0x80003dfc (0xc798) mem 0x80028054 0x00005e5f
core   0: 0x80003dfe (0xfe778e23) sb      t2, -4(a5)
core   0: 3 0x80003dfe (0xfe778e23) mem 0x80028048 0xff
core   0: 0x80003e02 (0x00004b8c) c.lw    a1, 16(a5)
core   0: 3 0x80003e02 (0x4b8c) x11 0x14151617 mem 0x8002805c
core   0: 0x80003e04 (0x01d7a4a3) sw      t4, 9(a5)
core   0: 3 0x80003e04 (0x01d7a4a3) mem 0x80028055 0xbf mem 0x80028056 0x0 mem 0x80028057 0x0 mem 0x80028058 0x0
core   0: 0x80003e08 (0x0183b533) sltu    a0, t2, s8
core   0: 3 0x80003e08 (0x0183b533) x10 0x00000000
core   0: 0x80003e0c (0x0047a4a3) sw      tp, 9(a5)
core   0: 3 0x80003e0c (0x0047a4a3) mem 0x80028055 0xa4 mem 0x80028056 0xab mem 0x80028057 0x0 mem 0x80028058 0x0
core   0: 0x80003e10 (0x0087a2a3) sw      s0, 5(a5)
core   0: 3 0x80003e10 (0x0087a2a3) mem 0x80028051 0x4 mem 0x80028052 0x0 mem 0x80028053 0x0 mem 0x80028054 0x0
core   0: 0x80003e14 (0x00006165) c.addi16sp sp, 112
core   0: 3 0x80003e14 (0x6165) x2  0x00001081
core   0: 0x80003e16 (0xffb7aca3) sw      s11, -7(a5)
core   0: 3 0x80003e16 (0xffb7aca3) mem 0x80028045 0x6 mem 0x80028046 0x0 mem 0x80028047 0x0 mem 0x80028048 0x0
core   0: 0x80003e1a (0x03a8aeb3) mulhsu  t4, a7, s10
core   0: 3 0x80003e1a (0x03a8aeb3) x29 0xfffffeb8
core   0: 0x80003e1e (0x02f042b3) div     t0, zero, a5
core   0: 3 0x80003e1e (0x02f042b3) x5  0x00000000
core   0: 0x80003e22 (0x00009d5e) c.add   s10, s7
core   0: 3 0x80003e22 (0x9d5e) x26 0xff85d8ff
core   0: 0x80003e24 (0x037373b3) remu    t2, t1, s7
core   0: 3 0x80003e24 (0x037373b3) x7  0x0000006a
core   0: 0x80003e28 (0x00578c03) lb      s8, 5(a5)
core   0: 3 0x80003e28 (0x00578c03) x24 0x00000004 mem 0x80028051
core   0: 0x80003e2c (0x0007ad03) lw      s10, 0(a5)
core   0: 3 0x80003e2c (0x0007ad03) x26 0x00000007 mem 0x8002804c
core   0: 0x80003e30 (0xff878a83) lb      s5, -8(a5)
core   0: 3 0x80003e30 (0xff878a83) x21 0xffffffff mem 0x80028044
core   0: 0x80003e34 (0x0000887a) c.mv    a6, t5
core   0: 3 0x80003e34 (0x887a) x16 0x00000058
core   0: 0x80003e36 (0xff978d03) lb      s10, -7(a5)
core   0: 3 0x80003e36 (0xff978d03) x26 0x00000006 mem 0x80028045
core   0: 0x80003e3a (0x42686113) ori     sp, a6, 1062
core   0: 3 0x80003e3a (0x42686113) x2  0x0000047e
core   0: 0x80003e3e (0xffc79103) lh      sp, -4(a5)
core   0: 3 0x80003e3e (0xffc79103) x2  0x00000000 mem 0x80028048
core   0: 0x80003e42 (0x0017dc03) lhu     s8, 1(a5)
core   0: 3 0x80003e42 (0x0017dc03) x24 0x00000000 mem 0x8002804d mem 0x8002804e
core   0: 0x80003e46 (0xff778803) lb      a6, -9(a5)
core   0: 3 0x80003e46 (0xff778803) x16 0xfffffff8 mem 0x80028043
core   0: 0x80003e4a (0x0107ad83) lw      s11, 16(a5)
core   0: 3 0x80003e4a (0x0107ad83) x27 0x14151617 mem 0x8002805c
core   0: 0x80003e4e (0xfe07ad23) sw      zero, -6(a5)
core   0: 3 0x80003e4e (0xfe07ad23) mem 0x80028046 0x0 mem 0x80028047 0x0 mem 0x80028048 0x0 mem 0x80028049 0x0
core   0: 0x80003e52 (0x00025317) auipc   t1, 0x25
core   0: 3 0x80003e52 (0x00025317) x6  0x80028e52
core   0: 0x80003e56 (0xec030313) addi    t1, t1, -320
core   0: 3 0x80003e56 (0xec030313) x6  0x80028d12
core   0: 0x80003e5a (0x00018e97) auipc   t4, 0x18
core   0: 3 0x80003e5a (0x00018e97) x29 0x8001be5a
core   0: 0x80003e5e (0x685e8e93) addi    t4, t4, 1669
core   0: 3 0x80003e5e (0x685e8e93) x29 0x8001c4df
core   0: 0x80003e62 (0xfc5ea823) sw      t0, -48(t4)
core   0: 3 0x80003e62 (0xfc5ea823) mem 0x8001c4af 0x0 mem 0x8001c4b0 0x0 mem 0x8001c4b1 0x0 mem 0x8001c4b2 0x0
core   0: 0x80003e66 (0x00034883) lbu     a7, 0(t1)
core   0: 3 0x80003e66 (0x00034883) x17 0x000000c9 mem 0x80028d12
core   0: 0x80003e6a (0x00f32a83) lw      s5, 15(t1)
core   0: 3 0x80003e6a (0x00f32a83) x21 0xdfd8d9da mem 0x80028d21 mem 0x80028d22 mem 0x80028d23 mem 0x80028d24
core   0: 0x80003e6e (0xfe1ed103) lhu     sp, -31(t4)
core   0: 3 0x80003e6e (0xfe1ed103) x2  0x00007a7b mem 0x8001c4c0
core   0: 0x80003e72 (0x005ea483) lw      s1, 5(t4)
core   0: 3 0x80003e72 (0x005ea483) x9  0x9c9d9e9f mem 0x8001c4e4
core   0: 0x80003e76 (0xfe831aa3) sh      s0, -11(t1)
core   0: 3 0x80003e76 (0xfe831aa3) mem 0x80028d07 0x4 mem 0x80028d08 0x0
core   0: 0x80003e7a (0x00a31f03) lh      t5, 10(t1)
core   0: 3 0x80003e7a (0x00a31f03) x30 0xffffd6d7 mem 0x80028d1c
core   0: 0x80003e7e (0x024e9823) sh      tp, 48(t4)
core   0: 3 0x80003e7e (0x024e9823) mem 0x8001c50f 0xa4 mem 0x8001c510 0xab
core   0: 0x80003e82 (0xfc4ea003) lw      zero, -60(t4)
core   0: 3 0x80003e82 (0xfc4ea003) mem 0x8001c4a3 mem 0x8001c4a4 mem 0x8001c4a5 mem 0x8001c4a6
core   0: 0x80003e86 (0x00932703) lw      a4, 9(t1)
core   0: 3 0x80003e86 (0x00932703) x14 0xd5d6d7d0 mem 0x80028d1b mem 0x80028d1c mem 0x80028d1d mem 0x80028d1e
core   0: 0x80003e8a (0xfe1e8d23) sb      ra, -6(t4)
core   0: 3 0x80003e8a (0xfe1e8d23) mem 0x8001c4d9 0xb9
core   0: 0x80003e8e (0xffa35003) lhu     zero, -6(t1)
core   0: 3 0x80003e8e (0xffa35003) mem 0x80028d0c
core   0: 0x80003e92 (0x018edd03) lhu     s10, 24(t4)
core   0: 3 0x80003e92 (0x018edd03) x26 0x0000b3ac mem 0x8001c4f7 mem 0x8001c4f8
core   0: 0x80003e96 (0xff634783) lbu     a5, -10(t1)
core   0: 3 0x80003e96 (0xff634783) x15 0x00000000 mem 0x80028d08
core   0: 0x80003e9a (0x022e9f23) sh      sp, 62(t4)
core   0: 3 0x80003e9a (0x022e9f23) mem 0x8001c51d 0x7b mem 0x8001c51e 0x7a
core   0: 0x80003e9e (0xff235f83) lhu     t6, -14(t1)
core   0: 3 0x80003e9e (0xff235f83) x31 0x0000bebf mem 0x80028d04
core   0: 0x80003ea2 (0xffbe8ea3) sb      s11, -3(t4)
core   0: 3 0x80003ea2 (0xffbe8ea3) mem 0x8001c4dc 0x17
core   0: 0x80003ea6 (0x00018117) auipc   sp, 0x18
core   0: 3 0x80003ea6 (0x00018117) x2  0x8001bea6
core   0: 0x80003eaa (0x7a910113) addi    sp, sp, 1961
core   0: 3 0x80003eaa (0x7a910113) x2  0x8001c64f
core   0: 0x80003eae (0x3406dd73) csrrwi  s10, mscratch, 13
core   0: 3 0x80003eae (0x3406dd73) x26 0xff8488ff c832_mscratch 0x0000000d
core   0: 0x80003eb2 (0x00005b86) c.lwsp  s7, 96(sp)
core   0: 3 0x80003eb2 (0x5b86) x23 0x696a6b64 mem 0x8001c6af mem 0x8001c6b0 mem 0x8001c6b1 mem 0x8001c6b2
core   0: 0x80003eb4 (0x01224933) xor     s2, tp, s2
core   0: 3 0x80003eb4 (0x01224933) x18 0x0001a9a7
core   0: 0x80003eb8 (0x00006861) c.lui   a6, 0x18
core   0: 3 0x80003eb8 (0x6861) x16 0x00018000
core   0: 0x80003eba (0x00008b26) c.mv    s6, s1
core   0: 3 0x80003eba (0x8b26) x22 0x9c9d9e9f
core   0: 0x80003ebc (0x34006d73) csrrsi  s10, mscratch, 0
core   0: 3 0x80003ebc (0x34006d73) x26 0x0000000d
core   0: 0x80003ec0 (0x009ddfb3) srl     t6, s11, s1
core   0: 3 0x80003ec0 (0x009ddfb3) x31 0x00000000
core   0: 0x80003ec4 (0x00008c99) c.sub   s1, a4
core   0: 3 0x80003ec4 (0x8c99) x9  0xc6c6c6cf
core   0: 0x80003ec6 (0x03d11d23) sh      t4, 58(sp)
core   0: 3 0x80003ec6 (0x03d11d23) mem 0x8001c689 0xdf mem 0x8001c68a 0xc4
core   0: 0x80003eca (0x0203de33) divu    t3, t2, zero
core   0: 3 0x80003eca (0x0203de33) x28 0xffffffff
core   0: 0x80003ece (0x813c36b7) lui     a3, 0x813c3
core   0: 3 0x80003ece (0x813c36b7) x13 0x813c3000
core   0: 0x80003ed2 (0x00bf8eb3) add     t4, t6, a1
core   0: 3 0x80003ed2 (0x00bf8eb3) x29 0x14151617
core   0: 0x80003ed6 (0xfa010c23) sb      zero, -72(sp)
core   0: 3 0x80003ed6 (0xfa010c23) mem 0x8001c607 0x0
core   0: 0x80003eda (0x0ec108a3) sb      a2, 241(sp)
core   0: 3 0x80003eda (0x0ec108a3) mem 0x8001c740 0x1
core   0: 0x80003ede (0x00385f13) srli    t5, a6, 3
core   0: 3 0x80003ede (0x00385f13) x30 0x00003000
core   0: 0x80003ee2 (0x50224793) xori    a5, tp, 1282
core   0: 3 0x80003ee2 (0x50224793) x15 0x0000aea6
core   0: 0x80003ee6 (0xf8e12383) lw      t2, -114(sp)
core   0: 3 0x80003ee6 (0xf8e12383) x7  0x9b949596 mem 0x8001c5dd mem 0x8001c5de mem 0x8001c5df mem 0x8001c5e0
core   0: 0x80003eea (0x014d5e93) srli    t4, s10, 20
core   0: 3 0x80003eea (0x014d5e93) x29 0x00000000
core   0: 0x80003eee (0x0000100f) fence.i
core   0: 3 0x80003eee (0x0000100f)
core   0: 0x80003ef2 (0x0000100f) fence.i
core   0: 3 0x80003ef2 (0x0000100f)
core   0: 0x80003ef6 (0x3409b5f3) csrrc   a1, mscratch, s3
core   0: 3 0x80003ef6 (0x3409b5f3) x11 0x0000000d c832_mscratch 0x00000009
core   0: 0x80003efa (0x000085b2) c.mv    a1, a2
core   0: 3 0x80003efa (0x85b2) x11 0x00000001
core   0: 0x80003efc (0x036a85b3) mul     a1, s5, s6
core   0: 3 0x80003efc (0x036a85b3) x11 0x50d5da66
core   0: 0x80003f00 (0x00000001) c.nop
core   0: 3 0x80003f00 (0x0001)
core   0: 0x80003f02 (0x0e714a03) lbu     s4, 231(sp)
core   0: 3 0x80003f02 (0x0e714a03) x20 0x000000ed mem 0x8001c736
core   0: 0x80003f06 (0x020a8c33) mul     s8, s5, zero
core   0: 3 0x80003f06 (0x020a8c33) x24 0x00000000
core   0: 0x80003f0a (0x073112a3) sh      s3, 101(sp)
core   0: 3 0x80003f0a (0x073112a3) mem 0x8001c6b4 0x1e64
core   0: 0x80003f0e (0xfd812e83) lw      t4, -40(sp)
core   0: 3 0x80003f0e (0xfd812e83) x29 0xe1e2e3dc mem 0x8001c627 mem 0x8001c628 mem 0x8001c629 mem 0x8001c62a
core   0: 0x80003f12 (0x00006ff5) c.lui   t6, 0x1d
core   0: 3 0x80003f12 (0x6ff5) x31 0x0001d000
core   0: 0x80003f14 (0x00005702) c.lwsp  a4, 32(sp)
core   0: 3 0x80003f14 (0x5702) x14 0x292a2b24 mem 0x8001c66f mem 0x8001c670 mem 0x8001c671 mem 0x8001c672
core   0: 0x80003f16 (0x01211f13) slli    t5, sp, 18
core   0: 3 0x80003f16 (0x01211f13) x30 0x193c0000
core   0: 0x80003f1a (0x1ab9dc17) auipc   s8, 0x1ab9d
core   0: 3 0x80003f1a (0x1ab9dc17) x24 0x9aba0f1a
core   0: 0x80003f1e (0x00000001) c.nop
core   0: 3 0x80003f1e (0x0001)
core   0: 0x80003f20 (0x000087a5) c.srai  a5, 9
core   0: 3 0x80003f20 (0x87a5) x15 0x00000057
core   0: 0x80003f22 (0x0da15503) lhu     a0, 218(sp)
core   0: 3 0x80003f22 (0x0da15503) x10 0x0000e1e2 mem 0x8001c729 mem 0x8001c72a
core   0: 0x80003f26 (0xadb64b93) xori    s7, a2, -1317
core   0: 3 0x80003f26 (0xadb64b93) x23 0xfffffada
core   0: 0x80003f2a (0x340da8f3) csrrs   a7, mscratch, s11
core   0: 3 0x80003f2a (0x340da8f3) x17 0x00000009 c832_mscratch 0x1415161f
core   0: 0x80003f2e (0x4139d8b3) sra     a7, s3, s3
core   0: 3 0x80003f2e (0x4139d8b3) x17 0xf80031e6
core   0: 0x80003f32 (0xf2c10223) sb      a2, -220(sp)
core   0: 3 0x80003f32 (0xf2c10223) mem 0x8001c573 0x1
core   0: 0x80003f36 (0x00026b17) auipc   s6, 0x26
core   0: 3 0x80003f36 (0x00026b17) x22 0x80029f36
core   0: 0x80003f3a (0xae5b0b13) addi    s6, s6, -1307
core   0: 3 0x80003f3a (0xae5b0b13) x22 0x80029a1b
core   0: 0x80003f3e (0x00018c17) auipc   s8, 0x18
core   0: 3 0x80003f3e (0x00018c17) x24 0x8001bf3e
core   0: 0x80003f42 (0x5bec0c13) addi    s8, s8, 1470
core   0: 3 0x80003f42 (0x5bec0c13) x24 0x8001c4fc
core   0: 0x80003f46 (0x020c17a3) sh      zero, 47(s8)
core   0: 3 0x80003f46 (0x020c17a3) mem 0x8001c52b 0x0 mem 0x8001c52c 0x0
core   0: 0x80003f4a (0x0e3c0a23) sb      gp, 244(s8)
core   0: 3 0x80003f4a (0x0e3c0a23) mem 0x8001c5f0 0x12
core   0: 0x80003f4e (0x00ab2203) lw      tp, 10(s6)
core   0: 3 0x80003f4e (0x00ab2203) x4  0xe3dcddde mem 0x80029a25 mem 0x80029a26 mem 0x80029a27 mem 0x80029a28
core   0: 0x80003f52 (0x05dc4803) lbu     a6, 93(s8)
core   0: 3 0x80003f52 (0x05dc4803) x16 0x00000012 mem 0x8001c559
core   0: 0x80003f56 (0xff2b0883) lb      a7, -14(s6)
core   0: 3 0x80003f56 (0xff2b0883) x17 0xffffffc6 mem 0x80029a0d
core   0: 0x80003f5a (0xf9bc0a03) lb      s4, -101(s8)
core   0: 3 0x80003f5a (0xf9bc0a03) x20 0x0000004c mem 0x8001c497
core   0: 0x80003f5e (0xf75c4f83) lbu     t6, -139(s8)
core   0: 3 0x80003f5e (0xf75c4f83) x31 0x0000002a mem 0x8001c471
core   0: 0x80003f62 (0x002b4383) lbu     t2, 2(s6)
core   0: 3 0x80003f62 (0x002b4383) x7  0x000000d6 mem 0x80029a1d
core   0: 0x80003f66 (0x00bb5303) lhu     t1, 11(s6)
core   0: 3 0x80003f66 (0x00bb5303) x6  0x0000dcdd mem 0x80029a26
core   0: 0x80003f6a (0xfeab0fa3) sb      a0, -1(s6)
core   0: 3 0x80003f6a (0xfeab0fa3) mem 0x80029a1a 0xe2
core   0: 0x80003f6e (0xf6bc4f03) lbu     t5, -149(s8)
core   0: 3 0x80003f6e (0xf6bc4f03) x30 0x0000001c mem 0x8001c467
core   0: 0x80003f72 (0x008b0583) lb      a1, 8(s6)
core   0: 3 0x80003f72 (0x008b0583) x11 0xffffffd8 mem 0x80029a23
core   0: 0x80003f76 (0x00019597) auipc   a1, 0x19
core   0: 3 0x80003f76 (0x00019597) x11 0x8001cf76
core   0: 0x80003f7a (0x90158593) addi    a1, a1, -1791
core   0: 3 0x80003f7a (0x90158593) x11 0x8001c877
core   0: 0x80003f7e (0xff75af03) lw      t5, -9(a1)
core   0: 3 0x80003f7e (0xff75af03) x30 0x2a2b2425 mem 0x8001c86e mem 0x8001c86f mem 0x8001c870 mem 0x8001c871
core   0: 0x80003f82 (0x01d58323) sb      t4, 6(a1)
core   0: 3 0x80003f82 (0x01d58323) mem 0x8001c87d 0xdc
core   0: 0x80003f86 (0x01e59323) sh      t5, 6(a1)
core   0: 3 0x80003f86 (0x01e59323) mem 0x8001c87d 0x25 mem 0x8001c87e 0x24
core   0: 0x80003f8a (0x03b2c633) div     a2, t0, s11
core   0: 3 0x80003f8a (0x03b2c633) x12 0x00000000
core   0: 0x80003f8e (0x01b5a323) sw      s11, 6(a1)
core   0: 3 0x80003f8e (0x01b5a323) mem 0x8001c87d 0x17 mem 0x8001c87e 0x16 mem 0x8001c87f 0x15 mem 0x8001c880 0x14
core   0: 0x80003f92 (0x00659a83) lh      s5, 6(a1)
core   0: 3 0x80003f92 (0x00659a83) x21 0x00001617 mem 0x8001c87d mem 0x8001c87e
core   0: 0x80003f96 (0x00b58323) sb      a1, 6(a1)
core   0: 3 0x80003f96 (0x00b58323) mem 0x8001c87d 0x77
core   0: 0x80003f9a (0x00659683) lh      a3, 6(a1)
core   0: 3 0x80003f9a (0x00659683) x13 0x00001677 mem 0x8001c87d mem 0x8001c87e
core   0: 0x80003f9e (0xffe5d603) lhu     a2, -2(a1)
core   0: 3 0x80003f9e (0xffe5d603) x12 0x00002d2e mem 0x8001c875 mem 0x8001c876
core   0: 0x80003fa2 (0x340c9973) csrrw   s2, mscratch, s9
core   0: 3 0x80003fa2 (0x340c9973) x18 0x1415161f c832_mscratch 0x80035ce4
core   0: 0x80003fa6 (0x00f5a1a3) sw      a5, 3(a1)
core   0: 3 0x80003fa6 (0x00f5a1a3) mem 0x8001c87a 0x57 mem 0x8001c87b 0x0 mem 0x8001c87c 0x0 mem 0x8001c87d 0x0
core   0: 0x80003faa (0x00358a03) lb      s4, 3(a1)
core   0: 3 0x80003faa (0x00358a03) x20 0x00000057 mem 0x8001c87a
core   0: 0x80003fae (0x0035df83) lhu     t6, 3(a1)
core   0: 3 0x80003fae (0x0035df83) x31 0x00000057 mem 0x8001c87a
core   0: 0x80003fb2 (0x00019817) auipc   a6, 0x19
core   0: 3 0x80003fb2 (0x00019817) x16 0x8001cfb2
core   0: 0x80003fb6 (0x91780813) addi    a6, a6, -1769
core   0: 3 0x80003fb6 (0x91780813) x16 0x8001c8c9
core   0: 0x80003fba (0x0001db97) auipc   s7, 0x1d
core   0: 3 0x80003fba (0x0001db97) x23 0x80020fba
core   0: 0x80003fbe (0x6ecb8b93) addi    s7, s7, 1772
core   0: 3 0x80003fbe (0x6ecb8b93) x23 0x800216a6
core   0: 0x80003fc2 (0x00bba023) sw      a1, 0(s7)
core   0: 3 0x80003fc2 (0x00bba023) mem 0x800216a6 0x77 mem 0x800216a7 0xc8 mem 0x800216a8 0x1 mem 0x800216a9 0x80
core   0: 0x80003fc6 (0xfd282883) lw      a7, -46(a6)
core   0: 3 0x80003fc6 (0xfd282883) x17 0x55565750 mem 0x8001c89b mem 0x8001c89c mem 0x8001c89d mem 0x8001c89e
core   0: 0x80003fca (0xff8b9a83) lh      s5, -8(s7)
core   0: 3 0x80003fca (0xff8b9a83) x21 0x00005455 mem 0x8002169e
core   0: 0x80003fce (0xff585083) lhu     ra, -11(a6)
core   0: 3 0x80003fce (0xff585083) x1  0x00007475 mem 0x8001c8be
core   0: 0x80003fd2 (0xffbbc703) lbu     a4, -5(s7)
core   0: 3 0x80003fd2 (0xffbbc703) x14 0x0000005a mem 0x800216a1
core   0: 0x80003fd6 (0x00885883) lhu     a7, 8(a6)
core   0: 3 0x80003fd6 (0x00885883) x17 0x0000898a mem 0x8001c8d1 mem 0x8001c8d2
core   0: 0x80003fda (0x006b8583) lb      a1, 6(s7)
core   0: 3 0x80003fda (0x006b8583) x11 0x00000067 mem 0x800216ac
core   0: 0x80003fde (0xffcb9f23) sh      t3, -2(s7)
core   0: 3 0x80003fde (0xffcb9f23) mem 0x800216a4 0xffff
core   0: 0x80003fe2 (0xfe581003) lh      zero, -27(a6)
core   0: 3 0x80003fe2 (0xfe581003) mem 0x8001c8ae
core   0: 0x80003fe6 (0x014812a3) sh      s4, 5(a6)
core   0: 3 0x80003fe6 (0x014812a3) mem 0x8001c8ce 0x0057
core   0: 0x80003fea (0x00018b17) auipc   s6, 0x18
core   0: 3 0x80003fea (0x00018b17) x22 0x8001bfea
core   0: 0x80003fee (0x3c6b0b13) addi    s6, s6, 966
core   0: 3 0x80003fee (0x3c6b0b13) x22 0x8001c3b0
core   0: 0x80003ff2 (0x00027097) auipc   ra, 0x27
core   0: 3 0x80003ff2 (0x00027097) x1  0x8002aff2
core   0: 0x80003ff6 (0xc3d08093) addi    ra, ra, -963
core   0: 3 0x80003ff6 (0xc3d08093) x1  0x8002ac2f
core   0: 0x80003ffa (0x032b1e23) sh      s2, 60(s6)
core   0: 3 0x80003ffa (0x032b1e23) mem 0x8001c3ec 0x161f
core   0: 0x80003ffe (0x50308e83) lb      t4, 1283(ra)
core   0: 3 0x80003ffe (0x50308e83) x29 0xffffffe9 mem 0x8002b132
core   0: 0x80004002 (0xff5b1523) sh      s5, -22(s6)
core   0: 3 0x80004002 (0xff5b1523) mem 0x8001c39a 0x5455
core   0: 0x80004006 (0xfd5b2b83) lw      s7, -43(s6)
core   0: 3 0x80004006 (0xfd5b2b83) x23 0x433c3d3e mem 0x8001c385 mem 0x8001c386 mem 0x8001c387 mem 0x8001c388
core   0: 0x8000400a (0x4f609823) sh      s6, 1264(ra)
core   0: 3 0x8000400a (0x4f609823) mem 0x8002b11f 0xb0 mem 0x8002b120 0xc3
core   0: 0x8000400e (0xd740d303) lhu     t1, -652(ra)
core   0: 3 0x8000400e (0xd740d303) x6  0x00005f58 mem 0x8002a9a3 mem 0x8002a9a4
core   0: 0x80004012 (0x009b5b83) lhu     s7, 9(s6)
core   0: 3 0x80004012 (0x009b5b83) x23 0x00007172 mem 0x8001c3b9 mem 0x8001c3ba
core   0: 0x80004016 (0x032b0923) sb      s2, 50(s6)
core   0: 3 0x80004016 (0x032b0923) mem 0x8001c3e2 0x1f
core   0: 0x8000401a (0x7b90d483) lhu     s1, 1977(ra)
core   0: 3 0x8000401a (0x7b90d483) x9  0x0000a2a3 mem 0x8002b3e8
core   0: 0x8000401e (0xfcab1023) sh      a0, -64(s6)
core   0: 3 0x8000401e (0xfcab1023) mem 0x8001c370 0xe1e2
core   0: 0x80004022 (0xdd60a723) sw      s6, -562(ra)
core   0: 3 0x80004022 (0xdd60a723) mem 0x8002a9fd 0xb0 mem 0x8002a9fe 0xc3 mem 0x8002a9ff 0x1 mem 0x8002aa00 0x80
core   0: 0x80004026 (0xfebb2ca3) sw      a1, -7(s6)
core   0: 3 0x80004026 (0xfebb2ca3) mem 0x8001c3a9 0x67 mem 0x8001c3aa 0x0 mem 0x8001c3ab 0x0 mem 0x8001c3ac 0x0
core   0: 0x8000402a (0xb5d08423) sb      t4, -1208(ra)
core   0: 3 0x8000402a (0xb5d08423) mem 0x8002a777 0xe9
core   0: 0x8000402e (0x03db2023) sw      t4, 32(s6)
core   0: 3 0x8000402e (0x03db2023) mem 0x8001c3d0 0xffffffe9
core   0: 0x80004032 (0xc0809823) sh      s0, -1008(ra)
core   0: 3 0x80004032 (0xc0809823) mem 0x8002a83f 0x4 mem 0x8002a840 0x0
core   0: 0x80004036 (0x010b2d83) lw      s11, 16(s6)
core   0: 3 0x80004036 (0x010b2d83) x27 0x0b797a7b mem 0x8001c3c0
core   0: 0x8000403a (0x019b0aa3) sb      s9, 21(s6)
core   0: 3 0x8000403a (0x019b0aa3) mem 0x8001c3c5 0xe4
core   0: 0x8000403e (0x00019e97) auipc   t4, 0x19
core   0: 3 0x8000403e (0x00019e97) x29 0x8001d03e
core   0: 0x80004042 (0xbb0e8e93) addi    t4, t4, -1104
core   0: 3 0x80004042 (0xbb0e8e93) x29 0x8001cbee
core   0: 0x80004046 (0x0a4ea183) lw      gp, 164(t4)
core   0: 3 0x80004046 (0x0a4ea183) x3  0x4e4f4849 mem 0x8001cc92 mem 0x8001cc93 mem 0x8001cc94 mem 0x8001cc95
core   0: 0x8000404a (0x0a0ea223) sw      zero, 164(t4)
core   0: 3 0x8000404a (0x0a0ea223) mem 0x8001cc92 0x0 mem 0x8001cc93 0x0 mem 0x8001cc94 0x0 mem 0x8001cc95 0x0
core   0: 0x8000404e (0x0a4ea503) lw      a0, 164(t4)
core   0: 3 0x8000404e (0x0a4ea503) x10 0x00000000 mem 0x8001cc92 mem 0x8001cc93 mem 0x8001cc94 mem 0x8001cc95
core   0: 0x80004052 (0xe7cdea93) ori     s5, s11, -388
core   0: 3 0x80004052 (0xe7cdea93) x21 0xfffffe7f
core   0: 0x80004056 (0x0a2e9223) sh      sp, 164(t4)
core   0: 3 0x80004056 (0x0a2e9223) mem 0x8001cc92 0xc64f
core   0: 0x8000405a (0x0000717d) c.addi16sp sp, -16
core   0: 3 0x8000405a (0x717d) x2  0x8001c63f
core   0: 0x8000405c (0xf9de9ea3) sh      t4, -99(t4)
core   0: 3 0x8000405c (0xf9de9ea3) mem 0x8001cb8b 0xee mem 0x8001cb8c 0xcb
core   0: 0x80004060 (0x0f7ea9a3) sw      s7, 243(t4)
core   0: 3 0x80004060 (0x0f7ea9a3) mem 0x8001cce1 0x72 mem 0x8001cce2 0x71 mem 0x8001cce3 0x0 mem 0x8001cce4 0x0
core   0: 0x80004064 (0x0f3ed303) lhu     t1, 243(t4)
core   0: 3 0x80004064 (0x0f3ed303) x6  0x00007172 mem 0x8001cce1 mem 0x8001cce2
core   0: 0x80004068 (0x0efe9a23) sh      a5, 244(t4)
core   0: 3 0x80004068 (0x0efe9a23) mem 0x8001cce2 0x0057
core   0: 0x8000406c (0x0f4e9283) lh      t0, 244(t4)
core   0: 3 0x8000406c (0x0f4e9283) x5  0x00000057 mem 0x8001cce2
core   0: 0x80004070 (0x0f4e8a03) lb      s4, 244(t4)
core   0: 3 0x80004070 (0x0f4e8a03) x20 0x00000057 mem 0x8001cce2
core   0: 0x80004074 (0x0ede8a23) sb      a3, 244(t4)
core   0: 3 0x80004074 (0x0ede8a23) mem 0x8001cce2 0x77
core   0: 0x80004078 (0x0f4ed003) lhu     zero, 244(t4)
core   0: 3 0x80004078 (0x0f4ed003) mem 0x8001cce2
core   0: 0x8000407c (0xfe1ea023) sw      ra, -32(t4)
core   0: 3 0x8000407c (0xfe1ea023) mem 0x8001cbce 0x2f mem 0x8001cbcf 0xac mem 0x8001cbd0 0x2 mem 0x8001cbd1 0x80
core   0: 0x80004080 (0xf68edd03) lhu     s10, -152(t4)
core   0: 3 0x80004080 (0xf68edd03) x26 0x00000c0d mem 0x8001cb56
core   0: 0x80004084 (0xf6aea423) sw      a0, -152(t4)
core   0: 3 0x80004084 (0xf6aea423) mem 0x8001cb56 0x0 mem 0x8001cb57 0x0 mem 0x8001cb58 0x0 mem 0x8001cb59 0x0
core   0: 0x80004088 (0xf68ec303) lbu     t1, -152(t4)
core   0: 3 0x80004088 (0xf68ec303) x6  0x00000000 mem 0x8001cb56
core   0: 0x8000408c (0xf6ee8423) sb      a4, -152(t4)
core   0: 3 0x8000408c (0xf6ee8423) mem 0x8001cb56 0x5a
core   0: 0x80004090 (0x0001c517) auipc   a0, 0x1c
core   0: 3 0x80004090 (0x0001c517) x10 0x80020090
core   0: 0x80004094 (0x40350513) addi    a0, a0, 1027
core   0: 3 0x80004094 (0x40350513) x10 0x80020493
core   0: 0x80004098 (0xff050f03) lb      t5, -16(a0)
core   0: 3 0x80004098 (0xff050f03) x30 0x00000038 mem 0x80020483
core   0: 0x8000409c (0x0000617d) c.addi16sp sp, 496
core   0: 3 0x8000409c (0x617d) x2  0x8001c82f
core   0: 0x8000409e (0x00008ddd) c.or    a1, a5
core   0: 3 0x8000409e (0x8ddd) x11 0x00000077
core   0: 0x800040a0 (0xff054c03) lbu     s8, -16(a0)
core   0: 3 0x800040a0 (0xff054c03) x24 0x00000038 mem 0x80020483
core   0: 0x800040a4 (0x00e51e83) lh      t4, 14(a0)
core   0: 3 0x800040a4 (0x00e51e83) x29 0x0000595a mem 0x800204a1 mem 0x800204a2
core   0: 0x800040a8 (0x00050f23) sb      zero, 30(a0)
core   0: 3 0x800040a8 (0x00050f23) mem 0x800204b1 0x0
core   0: 0x800040ac (0xfe955683) lhu     a3, -23(a0)
core   0: 3 0x800040ac (0xfe955683) x13 0x00003637 mem 0x8002047c
core   0: 0x800040b0 (0x00554903) lbu     s2, 5(a0)
core   0: 3 0x800040b0 (0x00554903) x18 0x00000053 mem 0x80020498
core   0: 0x800040b4 (0x00555d03) lhu     s10, 5(a0)
core   0: 3 0x800040b4 (0x00555d03) x26 0x00005253 mem 0x80020498
core   0: 0x800040b8 (0x00551103) lh      sp, 5(a0)
core   0: 3 0x800040b8 (0x00551103) x2  0x00005253 mem 0x80020498
core   0: 0x800040bc (0xfc054103) lbu     sp, -64(a0)
core   0: 3 0x800040bc (0xfc054103) x2  0x00000008 mem 0x80020453
core   0: 0x800040c0 (0xfc450383) lb      t2, -60(a0)
core   0: 3 0x800040c0 (0xfc450383) x7  0x0000000c mem 0x80020457
core   0: 0x800040c4 (0xe8887713) andi    a4, a6, -376
core   0: 3 0x800040c4 (0xe8887713) x14 0x8001c888
core   0: 0x800040c8 (0x01a50b83) lb      s7, 26(a0)
core   0: 3 0x800040c8 (0x01a50b83) x23 0x00000066 mem 0x800204ad
core   0: 0x800040cc (0x000098fd) c.andi  s1, -1
core   0: 3 0x800040cc (0x98fd) x9  0x0000a2a3
core   0: 0x800040ce (0x027c6533) rem     a0, s8, t2
core   0: 3 0x800040ce (0x027c6533) x10 0x00000008
core   0: 0x800040d2 (0x020d2033) mulhsu  zero, s10, zero
core   0: 3 0x800040d2 (0x020d2033)
core   0: 0x800040d6 (0x0d8fa097) auipc   ra, 0xd8fa
core   0: 3 0x800040d6 (0x0d8fa097) x1  0x8d8fe0d6
core   0: 0x800040da (0x03943633) mulhu   a2, s0, s9
core   0: 3 0x800040da (0x03943633) x12 0x00000002
core   0: 0x800040de (0x340ff173) csrrci  sp, mscratch, 31
core   0: 3 0x800040de (0x340ff173) x2  0x80035ce4 c832_mscratch 0x80035ce0
core   0: 0x800040e2 (0x00006175) c.addi16sp sp, 368
core   0: 3 0x800040e2 (0x6175) x2  0x80035e54
core   0: 0x800040e4 (0x0000028c) c.addi4spn a1, sp, 320
core   0: 3 0x800040e4 (0x028c) x11 0x80035f94
core   0: 0x800040e6 (0x011fd293) srli    t0, t6, 17
core   0: 3 0x800040e6 (0x011fd293) x5  0x00000000
core   0: 0x800040ea (0x012a0863) beq     s4, s2, pc + 16
core   0: 3 0x800040ea (0x012a0863)
core   0: 0x800040ee (0x017ba4b3) slt     s1, s7, s7
core   0: 3 0x800040ee (0x017ba4b3) x9  0x00000000
core   0: 0x800040f2 (0x01c15f93) srli    t6, sp, 28
core   0: 3 0x800040f2 (0x01c15f93) x31 0x00000008
core   0: 0x800040f6 (0x41fb5813) srai    a6, s6, 31
core   0: 3 0x800040f6 (0x41fb5813) x16 0xffffffff
core   0: 0x800040fa (0x00008a4e) c.mv    s4, s3
core   0: 3 0x800040fa (0x8a4e) x20 0x80031e64
core   0: 0x800040fc (0x0000100f) fence.i
core   0: 3 0x800040fc (0x0000100f)
core   0: 0x80004100 (0x0000920e) c.add   tp, gp
core   0: 3 0x80004100 (0x920e) x4  0x322c2627
core   0: 0x80004102 (0x01e7c3b3) xor     t2, a5, t5
core   0: 3 0x80004102 (0x01e7c3b3) x7  0x0000006f
core   0: 0x80004106 (0x23d2a817) auipc   a6, 0x23d2a
core   0: 3 0x80004106 (0x23d2a817) x16 0xa3d2e106
core   0: 0x8000410a (0x000006ca) c.slli  a3, 18
core   0: 3 0x8000410a (0x06ca) x13 0xd8dc0000
core   0: 0x8000410c (0x00008da1) c.xor   a1, s0
core   0: 3 0x8000410c (0x8da1) x11 0x80035f90
core   0: 0x8000410e (0x03755933) divu    s2, a0, s7
core   0: 3 0x8000410e (0x03755933) x18 0x00000000
core   0: 0x80004112 (0x00004e71) c.li    t3, 28
core   0: 3 0x80004112 (0x4e71) x28 0x0000001c
core   0: 0x80004114 (0x34003f73) csrrc   t5, mscratch, zero
core   0: 3 0x80004114 (0x34003f73) x30 0x80035ce0
core   0: 0x80004118 (0xeac57893) andi    a7, a0, -340
core   0: 3 0x80004118 (0xeac57893) x17 0x00000008
core   0: 0x8000411c (0x0000717d) c.addi16sp sp, -16
core   0: 3 0x8000411c (0x717d) x2  0x80035e44
core   0: 0x8000411e (0x00008619) c.srai  a2, 6
core   0: 3 0x8000411e (0x8619) x12 0x00000000
core   0: 0x80004120 (0x00008e65) c.and   a2, s1
core   0: 3 0x80004120 (0x8e65) x12 0x00000000
core   0: 0x80004122 (0x000088d5) c.andi  s1, 21
core   0: 3 0x80004122 (0x88d5) x9  0x00000000
core   0: 0x80004124 (0x0000ec95) c.bnez  s1, pc + 60
core   0: 3 0x80004124 (0xec95)
core   0: 0x80004126 (0x019833b3) sltu    t2, a6, s9
core   0: 3 0x80004126 (0x019833b3) x7  0x00000000
core   0: 0x8000412a (0xfceff817) auipc   a6, 0xfceff
core   0: 3 0x8000412a (0xfceff817) x16 0x7cf0312a
core   0: 0x8000412e (0x340db073) csrc    mscratch, s11
core   0: 3 0x8000412e (0x340db073) c832_mscratch 0x80020480
core   0: 0x80004132 (0x00a65263) bge     a2, a0, pc + 4
core   0: 3 0x80004132 (0x00a65263)
core   0: 0x80004136 (0x039f3133) mulhu   sp, t5, s9
core   0: 3 0x80004136 (0x039f3133) x2  0x40035ced
core   0: 0x8000413a (0x0040a6b3) slt     a3, ra, tp
core   0: 3 0x8000413a (0x0040a6b3) x13 0x00000001
core   0: 0x8000413e (0x340371f3) csrrci  gp, mscratch, 6
core   0: 3 0x8000413e (0x340371f3) x3  0x80020480 c832_mscratch 0x80020480
core   0: 0x80004142 (0x1357a517) auipc   a0, 0x1357a
core   0: 3 0x80004142 (0x1357a517) x10 0x9357e142
core   0: 0x80004146 (0x000091fa) c.add   gp, t5
core   0: 3 0x80004146 (0x91fa) x3  0x00056160
core   0: 0x80004148 (0x0ff0000f) fence   iorw,iorw
core   0: 3 0x80004148 (0x0ff0000f)
core   0: 0x8000414c (0x01cbfb33) and     s6, s7, t3
core   0: 3 0x8000414c (0x01cbfb33) x22 0x00000004
core   0: 0x80004150 (0x02574d33) div     s10, a4, t0
core   0: 3 0x80004150 (0x02574d33) x26 0xffffffff
core   0: 0x80004154 (0x415e8b33) sub     s6, t4, s5
core   0: 3 0x80004154 (0x415e8b33) x22 0x00005adb
core   0: 0x80004158 (0x0000100f) fence.i
core   0: 3 0x80004158 (0x0000100f)
core   0: 0x8000415c (0x0000717d) c.addi16sp sp, -16
core   0: 3 0x8000415c (0x717d) x2  0x40035cdd
core   0: 0x8000415e (0x00000001) c.nop
core   0: 3 0x8000415e (0x0001)
core   0: 0x80004160 (0x34007173) csrrci  sp, mscratch, 0
core   0: 3 0x80004160 (0x34007173) x2  0x80020480
core   0: 0x80004164 (0x0000100f) fence.i
core   0: 3 0x80004164 (0x0000100f)
core   0: 0x80004168 (0x01df7b33) and     s6, t5, t4
core   0: 3 0x80004168 (0x01df7b33) x22 0x00005840
core   0: 0x8000416c (0x4022df13) srai    t5, t0, 2
core   0: 3 0x8000416c (0x4022df13) x30 0x00000000
core   0: 0x80004170 (0x01e2fdb3) and     s11, t0, t5
core   0: 3 0x80004170 (0x01e2fdb3) x27 0x00000000
core   0: 0x80004174 (0x00006a71) c.lui   s4, 0x1c
core   0: 3 0x80004174 (0x6a71) x20 0x0001c000
core   0: 0x80004176 (0x00000e9a) c.slli  t4, 6
core   0: 3 0x80004176 (0x0e9a) x29 0x00165680
core   0: 0x80004178 (0x0287b933) mulhu   s2, a5, s0
core   0: 3 0x80004178 (0x0287b933) x18 0x00000000
core   0: 0x8000417c (0x004423b3) slt     t2, s0, tp
core   0: 3 0x8000417c (0x004423b3) x7  0x00000001
core   0: 0x80004180 (0x0ff0000f) fence   iorw,iorw
core   0: 3 0x80004180 (0x0ff0000f)
core   0: 0x80004184 (0x00354333) xor     t1, a0, gp
core   0: 3 0x80004184 (0x00354333) x6  0x93528022
core   0: 0x80004188 (0x00006161) c.addi16sp sp, 80
core   0: 3 0x80004188 (0x6161) x2  0x800204d0
core   0: 0x8000418a (0x0ff0000f) fence   iorw,iorw
core   0: 3 0x8000418a (0x0ff0000f)
core   0: 0x8000418e (0x40ea5133) sra     sp, s4, a4
core   0: 3 0x8000418e (0x40ea5133) x2  0x000001c0
core   0: 0x80004192 (0x8443ab93) slti    s7, t2, -1980
core   0: 3 0x80004192 (0x8443ab93) x23 0x00000000
core   0: 0x80004196 (0x000083c2) c.mv    t2, a6
core   0: 3 0x80004196 (0x83c2) x7  0x7cf0312a
core   0: 0x80004198 (0x00008239) c.srli  a2, 14
core   0: 3 0x80004198 (0x8239) x12 0x00000000
core   0: 0x8000419a (0x00cd11b3) sll     gp, s10, a2
core   0: 3 0x8000419a (0x00cd11b3) x3  0xffffffff
core   0: 0x8000419e (0x85995937) lui     s2, 0x85995
core   0: 3 0x8000419e (0x85995937) x18 0x85995000
core   0: 0x800041a2 (0x027e8063) beq     t4, t2, pc + 32
core   0: 3 0x800041a2 (0x027e8063)
core   0: 0x800041a6 (0x02505133) divu    sp, zero, t0
core   0: 3 0x800041a6 (0x02505133) x2  0xffffffff
core   0: 0x800041aa (0xc1a418b7) lui     a7, 0xc1a41
core   0: 3 0x800041aa (0xc1a418b7) x17 0xc1a41000
core   0: 0x800041ae (0x000080f9) c.srli  s1, 30
core   0: 3 0x800041ae (0x80f9) x9  0x00000000
core   0: 0x800041b0 (0x03672bb3) mulhsu  s7, a4, s6
core   0: 3 0x800041b0 (0x03672bb3) x23 0xffffd3e0
core   0: 0x800041b4 (0x0ff0000f) fence   iorw,iorw
core   0: 3 0x800041b4 (0x0ff0000f)
core   0: 0x800041b8 (0x0000e48d) c.bnez  s1, pc + 42
core   0: 3 0x800041b8 (0xe48d)
core   0: 0x800041ba (0x00bc5113) srli    sp, s8, 11
core   0: 3 0x800041ba (0x00bc5113) x2  0x00000000
core   0: 0x800041be (0xaa05f293) andi    t0, a1, -1376
core   0: 3 0x800041be (0xaa05f293) x5  0x80035a80
core   0: 0x800041c2 (0x340b5b73) csrrwi  s6, mscratch, 22
core   0: 3 0x800041c2 (0x340b5b73) x22 0x80020480 c832_mscratch 0x00000016
core   0: 0x800041c6 (0x00d62a33) slt     s4, a2, a3
core   0: 3 0x800041c6 (0x00d62a33) x20 0x00000001
core   0: 0x800041ca (0x00980663) beq     a6, s1, pc + 12
core   0: 3 0x800041ca (0x00980663)
core   0: 0x800041ce (0x00006ee9) c.lui   t4, 0x1a
core   0: 3 0x800041ce (0x6ee9) x29 0x0001a000
core   0: 0x800041d0 (0x34003df3) csrrc   s11, mscratch, zero
core   0: 3 0x800041d0 (0x34003df3) x27 0x00000016
core   0: 0x800041d4 (0x0000e539) c.bnez  a0, pc + 78
core   0: 3 0x800041d4 (0xe539)
core   0: 0x80004222 (0x03f6d063) bge     a3, t6, pc + 32
core   0: 3 0x80004222 (0x03f6d063)
core   0: 0x80004226 (0x028c4333) div     t1, s8, s0
core   0: 3 0x80004226 (0x028c4333) x6  0x0000000e
core   0: 0x8000422a (0x340315f3) csrrw   a1, mscratch, t1
core   0: 3 0x8000422a (0x340315f3) x11 0x00000016 c832_mscratch 0x0000000e
core   0: 0x8000422e (0x02545b63) bge     s0, t0, pc + 54
core   0: 3 0x8000422e (0x02545b63)
core   0: 0x80004264 (0x00008d59) c.or    a0, a4
core   0: 3 0x80004264 (0x8d59) x10 0x9357e9ca
core   0: 0x80004266 (0x8061c193) xori    gp, gp, -2042
core   0: 3 0x80004266 (0x8061c193) x3  0x000007f9
core   0: 0x8000426a (0x0000717d) c.addi16sp sp, -16
core   0: 3 0x8000426a (0x717d) x2  0xfffffff0
core   0: 0x8000426c (0xbec4aa13) slti    s4, s1, -1044
core   0: 3 0x8000426c (0xbec4aa13) x20 0x00000000
core   0: 0x80004270 (0x340066f3) csrrsi  a3, mscratch, 0
core   0: 3 0x80004270 (0x340066f3) x13 0x0000000e
core   0: 0x80004274 (0x00eaa1b3) slt     gp, s5, a4
core   0: 3 0x80004274 (0x00eaa1b3) x3  0x00000000
core   0: 0x80004278 (0x008e9133) sll     sp, t4, s0
core   0: 3 0x80004278 (0x008e9133) x2  0x001a0000
core   0: 0x8000427c (0x00005bfd) c.li    s7, -1
core   0: 3 0x8000427c (0x5bfd) x23 0xffffffff
core   0: 0x8000427e (0x03c7c8b3) div     a7, a5, t3
core   0: 3 0x8000427e (0x03c7c8b3) x17 0x00000003
core   0: 0x80004282 (0x412a82b3) sub     t0, s5, s2
core   0: 3 0x80004282 (0x412a82b3) x5  0x7a66ae7f
core   0: 0x80004286 (0x03f45663) bge     s0, t6, pc + 44
core   0: 3 0x80004286 (0x03f45663)
core   0: 0x8000428a (0x005044b3) xor     s1, zero, t0
core   0: 3 0x8000428a (0x005044b3) x9  0x7a66ae7f
core   0: 0x8000428e (0x0ff0000f) fence   iorw,iorw
core   0: 3 0x8000428e (0x0ff0000f)
core   0: 0x80004292 (0x000099fd) c.andi  a1, -1
core   0: 3 0x80004292 (0x99fd) x11 0x00000016
core   0: 0x80004294 (0x03a1e533) rem     a0, gp, s10
core   0: 3 0x80004294 (0x03a1e533) x10 0x00000000
core   0: 0x80004298 (0x029ae133) rem     sp, s5, s1
core   0: 3 0x80004298 (0x029ae133) x2  0xfffffe7f
core   0: 0x8000429c (0x0000717d) c.addi16sp sp, -16
core   0: 3 0x8000429c (0x717d) x2  0xfffffe6f
core   0: 0x8000429e (0x0251fdb3) remu    s11, gp, t0
core   0: 3 0x8000429e (0x0251fdb3) x27 0x00000000
core   0: 0x800042a2 (0x0000ef11) c.bnez  a4, pc + 28
core   0: 3 0x800042a2 (0xef11)
core   0: 0x800042be (0x0159da93) srli    s5, s3, 21
core   0: 3 0x800042be (0x0159da93) x21 0x00000400
core   0: 0x800042c2 (0x00008d81) c.sub   a1, s0
core   0: 3 0x800042c2 (0x8d81) x11 0x00000012
core   0: 0x800042c4 (0x41e601b3) sub     gp, a2, t5
core   0: 3 0x800042c4 (0x41e601b3) x3  0x00000000
core   0: 0x800042c8 (0x017d1693) slli    a3, s10, 23
core   0: 3 0x800042c8 (0x017d1693) x13 0xff800000
core   0: 0x800042cc (0x05851e63) bne     a0, s8, pc + 92
core   0: 3 0x800042cc (0x05851e63)
core   0: 0x80004328 (0x01bd1293) slli    t0, s10, 27
core   0: 3 0x80004328 (0x01bd1293) x5  0xf8000000
core   0: 0x8000432c (0x41b4ddb3) sra     s11, s1, s11
core   0: 3 0x8000432c (0x41b4ddb3) x27 0x7a66ae7f
core   0: 0x80004330 (0x0000100f) fence.i
core   0: 3 0x80004330 (0x0000100f)
core   0: 0x80004334 (0x00a27b33) and     s6, tp, a0
core   0: 3 0x80004334 (0x00a27b33) x22 0x00000000
core   0: 0x80004338 (0x00000d22) c.slli  s10, 8
core   0: 3 0x80004338 (0x0d22) x26 0xffffff00
core   0: 0x8000433a (0x034d9163) bne     s11, s4, pc + 34
core   0: 3 0x8000433a (0x034d9163)
core   0: 0x8000435c (0x02031363) bnez    t1, pc + 38
core   0: 3 0x8000435c (0x02031363)
core   0: 0x80004382 (0x00008ca5) c.xor   s1, s1
core   0: 3 0x80004382 (0x8ca5) x9  0x00000000
core   0: 0x80004384 (0x9b939db7) lui     s11, 0x9b939
core   0: 3 0x80004384 (0x9b939db7) x27 0x9b939000
core   0: 0x80004388 (0x03637533) remu    a0, t1, s6
core   0: 3 0x80004388 (0x03637533) x10 0x0000000e
core   0: 0x8000438c (0x000085e5) c.srai  a1, 25
core   0: 3 0x8000438c (0x85e5) x11 0x00000000
core   0: 0x8000438e (0x08d71763) bne     a4, a3, pc + 142
core   0: 3 0x8000438e (0x08d71763)
core   0: 0x8000441c (0x028e22b3) mulhsu  t0, t3, s0
core   0: 3 0x8000441c (0x028e22b3) x5  0x00000000
core   0: 0x80004420 (0x0000717d) c.addi16sp sp, -16
core   0: 3 0x80004420 (0x717d) x2  0xfffffe5f
core   0: 0x80004422 (0x00001688) c.addi4spn a0, sp, 864
core   0: 3 0x80004422 (0x1688) x10 0x000001bf
core   0: 0x80004424 (0x340ef773) csrrci  a4, mscratch, 29
core   0: 3 0x80004424 (0x340ef773) x14 0x0000000e c832_mscratch 0x00000002
core   0: 0x80004428 (0x000086d1) c.srai  a3, 20
core   0: 3 0x80004428 (0x86d1) x13 0xfffffff8
core   0: 0x8000442a (0x00ecbc33) sltu    s8, s9, a4
core   0: 3 0x8000442a (0x00ecbc33) x24 0x00000000
core   0: 0x8000442e (0xbea76b93) ori     s7, a4, -1046
core   0: 3 0x8000442e (0xbea76b93) x23 0xfffffbee
core   0: 0x80004432 (0x0026d4b3) srl     s1, a3, sp
core   0: 3 0x80004432 (0x0026d4b3) x9  0x00000001
core   0: 0x80004436 (0x01d2b633) sltu    a2, t0, t4
core   0: 3 0x80004436 (0x01d2b633) x12 0x00000001
core   0: 0x8000443a (0x04415363) bge     sp, tp, pc + 70
core   0: 3 0x8000443a (0x04415363)
core   0: 0x8000443e (0x00008e0d) c.sub   a2, a1
core   0: 3 0x8000443e (0x8e0d) x12 0x00000001
core   0: 0x80004440 (0x00455fb3) srl     t6, a0, tp
core   0: 3 0x80004440 (0x00455fb3) x31 0x00000003
core   0: 0x80004444 (0xa52f7f13) andi    t5, t5, -1454
core   0: 3 0x80004444 (0xa52f7f13) x30 0x00000000
core   0: 0x80004448 (0x002e0f63) beq     t3, sp, pc + 30
core   0: 3 0x80004448 (0x002e0f63)
core   0: 0x8000444c (0x0ff0000f) fence   iorw,iorw
core   0: 3 0x8000444c (0x0ff0000f)
core   0: 0x80004450 (0xe31ce313) ori     t1, s9, -463
core   0: 3 0x80004450 (0xe31ce313) x6  0xfffffef5
core   0: 0x80004454 (0x003646b3) xor     a3, a2, gp
core   0: 3 0x80004454 (0x003646b3) x13 0x00000001
core   0: 0x80004458 (0x0000c48d) c.beqz  s1, pc + 42
core   0: 3 0x80004458 (0xc48d)
core   0: 0x8000445a (0x340331f3) csrrc   gp, mscratch, t1
core   0: 3 0x8000445a (0x340331f3) x3  0x00000002 c832_mscratch 0x00000002
core   0: 0x8000445e (0x00769133) sll     sp, a3, t2
core   0: 3 0x8000445e (0x00769133) x2  0x00000400
core   0: 0x80004462 (0x00008ed1) c.or    a3, a2
core   0: 3 0x80004462 (0x8ed1) x13 0x00000001
core   0: 0x80004464 (0x00008d45) c.or    a0, s1
core   0: 3 0x80004464 (0x8d45) x10 0x000001bf
core   0: 0x80004466 (0x5b3f7b13) andi    s6, t5, 1459
core   0: 3 0x80004466 (0x5b3f7b13) x22 0x00000000
core   0: 0x8000446a (0x5c33b113) sltiu   sp, t2, 1475
core   0: 3 0x8000446a (0x5c33b113) x2  0x00000000
core   0: 0x8000446e (0x6c6fe513) ori     a0, t6, 1734
core   0: 3 0x8000446e (0x6c6fe513) x10 0x000006c7
core   0: 0x80004472 (0x00c91c13) slli    s8, s2, 12
core   0: 3 0x80004472 (0x00c91c13) x24 0x95000000
core   0: 0x80004476 (0x01939593) slli    a1, t2, 25
core   0: 3 0x80004476 (0x01939593) x11 0x54000000
core   0: 0x8000447a (0x00000001) c.nop
core   0: 3 0x8000447a (0x0001)
core   0: 0x8000447c (0x027ac833) div     a6, s5, t2
core   0: 3 0x8000447c (0x027ac833) x16 0x00000000
core   0: 0x80004480 (0x000084ed) c.srai  s1, 27
core   0: 3 0x80004480 (0x84ed) x9  0x00000000
core   0: 0x80004482 (0x0000ec99) c.bnez  s1, pc + 30
core   0: 3 0x80004482 (0xec99)
core   0: 0x80004484 (0x037a88b3) mul     a7, s5, s7
core   0: 3 0x80004484 (0x037a88b3) x17 0xffefb800
core   0: 0x80004488 (0x02d55063) bge     a0, a3, pc + 32
core   0: 3 0x80004488 (0x02d55063)
core   0: 0x800044a8 (0x340b71f3) csrrci  gp, mscratch, 22
core   0: 3 0x800044a8 (0x340b71f3) x3  0x00000002 c832_mscratch 0x00000000
core   0: 0x800044ac (0x408dd193) srai    gp, s11, 8
core   0: 3 0x800044ac (0x408dd193) x3  0xff9b9390
core   0: 0x800044b0 (0x059a9063) bne     s5, s9, pc + 64
core   0: 3 0x800044b0 (0x059a9063)
core   0: 0x800044f0 (0x00008521) c.srai  a0, 8
core   0: 3 0x800044f0 (0x8521) x10 0x00000006
core   0: 0x800044f2 (0x039efc33) remu    s8, t4, s9
core   0: 3 0x800044f2 (0x039efc33) x24 0x0001a000
core   0: 0x800044f6 (0x34082973) csrrs   s2, mscratch, a6
core   0: 3 0x800044f6 (0x34082973) x18 0x00000000 c832_mscratch 0x00000000
core   0: 0x800044fa (0x340077f3) csrrci  a5, mscratch, 0
core   0: 3 0x800044fa (0x340077f3) x15 0x00000000
core   0: 0x800044fe (0x01f4b1b3) sltu    gp, s1, t6
core   0: 3 0x800044fe (0x01f4b1b3) x3  0x00000001
core   0: 0x80004502 (0x00989333) sll     t1, a7, s1
core   0: 3 0x80004502 (0x00989333) x6  0xffefb800
core   0: 0x80004506 (0x0000830d) c.srli  a4, 3
core   0: 3 0x80004506 (0x830d) x14 0x00000001
core   0: 0x80004508 (0x34002a73) csrr    s4, mscratch
core   0: 3 0x80004508 (0x34002a73) x20 0x00000000
core   0: 0x8000450c (0x34002af3) csrr    s5, mscratch
core   0: 3 0x8000450c (0x34002af3) x21 0x00000000
core   0: 0x80004510 (0x01d2fd33) and     s10, t0, t4
core   0: 3 0x80004510 (0x01d2fd33) x26 0x00000000
core   0: 0x80004514 (0x03419f33) mulh    t5, gp, s4
core   0: 3 0x80004514 (0x03419f33) x30 0x00000000
core   0: 0x80004518 (0x015b68b3) or      a7, s6, s5
core   0: 3 0x80004518 (0x015b68b3) x17 0x00000000
core   0: 0x8000451c (0x340062f3) csrrsi  t0, mscratch, 0
core   0: 3 0x8000451c (0x340062f3) x5  0x00000000
core   0: 0x80004520 (0x00008ff1) c.and   a5, a2
core   0: 3 0x80004520 (0x8ff1) x15 0x00000000
core   0: 0x80004522 (0x03a74663) blt     a4, s10, pc + 44
core   0: 3 0x80004522 (0x03a74663)
core   0: 0x80004526 (0x86b2e493) ori     s1, t0, -1941
core   0: 3 0x80004526 (0x86b2e493) x9  0xfffff86b
core   0: 0x8000452a (0x03f16263) bltu    sp, t6, pc + 36
core   0: 3 0x8000452a (0x03f16263)
core   0: 0x8000454e (0x015d5193) srli    gp, s10, 21
core   0: 3 0x8000454e (0x015d5193) x3  0x00000000
core   0: 0x80004552 (0x81f19bb7) lui     s7, 0x81f19
core   0: 3 0x80004552 (0x81f19bb7) x23 0x81f19000
core   0: 0x80004556 (0x3402def3) csrrwi  t4, mscratch, 5
core   0: 3 0x80004556 (0x3402def3) x29 0x00000000 c832_mscratch 0x00000005
core   0: 0x8000455a (0x03d89933) mulh    s2, a7, t4
core   0: 3 0x8000455a (0x03d89933) x18 0x00000000
core   0: 0x8000455e (0x77fb7a93) andi    s5, s6, 1919
core   0: 3 0x8000455e (0x77fb7a93) x21 0x00000000
core   0: 0x80004562 (0x028bd4b3) divu    s1, s7, s0
core   0: 3 0x80004562 (0x028bd4b3) x9  0x207c6400
core   0: 0x80004566 (0x0227a3b3) mulhsu  t2, a5, sp
core   0: 3 0x80004566 (0x0227a3b3) x7  0x00000000
core   0: 0x8000456a (0x0000e391) c.bnez  a5, pc + 4
core   0: 3 0x8000456a (0xe391)
core   0: 0x8000456c (0x0000cd9d) c.beqz  a1, pc + 62
core   0: 3 0x8000456c (0xcd9d)
core   0: 0x8000456e (0xc2c5c493) xori    s1, a1, -980
core   0: 3 0x8000456e (0xc2c5c493) x9  0xabfffc2c
core   0: 0x80004572 (0x029a80b3) mul     ra, s5, s1
core   0: 3 0x80004572 (0x029a80b3) x1  0x00000000
core   0: 0x80004576 (0x00008df1) c.and   a1, a2
core   0: 3 0x80004576 (0x8df1) x11 0x00000000
core   0: 0x80004578 (0x02a7d2b3) divu    t0, a5, a0
core   0: 3 0x80004578 (0x02a7d2b3) x5  0x00000000
core   0: 0x8000457c (0x02864333) div     t1, a2, s0
core   0: 3 0x8000457c (0x02864333) x6  0x00000000
core   0: 0x80004580 (0x0234bf33) mulhu   t5, s1, gp
core   0: 3 0x80004580 (0x0234bf33) x30 0x00000000
core   0: 0x80004584 (0xfbe83f93) sltiu   t6, a6, -66
core   0: 3 0x80004584 (0xfbe83f93) x31 0x00000001
core   0: 0x80004588 (0x02fcb3b3) mulhu   t2, s9, a5
core   0: 3 0x80004588 (0x02fcb3b3) x7  0x00000000
core   0: 0x8000458c (0x0ff0000f) fence   iorw,iorw
core   0: 3 0x8000458c (0x0ff0000f)
core   0: 0x80004590 (0x00eeaab3) slt     s5, t4, a4
core   0: 3 0x80004590 (0x00eeaab3) x21 0x00000001
core   0: 0x80004594 (0x00008dcd) c.or    a1, a1
core   0: 3 0x80004594 (0x8dcd) x11 0x00000000
core   0: 0x80004596 (0x00000508) c.addi4spn a0, sp, 640
core   0: 3 0x80004596 (0x0508) x10 0x00000280
core   0: 0x80004598 (0x0000836d) c.srli  a4, 27
core   0: 3 0x80004598 (0x836d) x14 0x00000000
core   0: 0x8000459a (0x009e4e63) blt     t3, s1, pc + 28
core   0: 3 0x8000459a (0x009e4e63)
core   0: 0x8000459e (0x0232bdb3) mulhu   s11, t0, gp
core   0: 3 0x8000459e (0x0232bdb3) x27 0x00000000
core   0: 0x800045a2 (0x000084d9) c.srai  s1, 22
core   0: 3 0x800045a2 (0x84d9) x9  0xfffffeaf
core   0: 0x800045a4 (0x0000cc8d) c.beqz  s1, pc + 58
core   0: 3 0x800045a4 (0xcc8d)
core   0: 0x800045a6 (0x00008e01) c.sub   a2, s0
core   0: 3 0x800045a6 (0x8e01) x12 0xfffffffd
core   0: 0x800045a8 (0x00000d10) c.addi4spn a2, sp, 656
core   0: 3 0x800045a8 (0x0d10) x12 0x00000290
core   0: 0x800045aa (0x4a670bb7) lui     s7, 0x4a670
core   0: 3 0x800045aa (0x4a670bb7) x23 0x4a670000
core   0: 0x800045ae (0x772d7813) andi    a6, s10, 1906
core   0: 3 0x800045ae (0x772d7813) x16 0x00000000
core   0: 0x800045b2 (0x400757b3) sra     a5, a4, zero
core   0: 3 0x800045b2 (0x400757b3) x15 0x00000000
core   0: 0x800045b6 (0x340ea073) csrs    mscratch, t4
core   0: 3 0x800045b6 (0x340ea073) c832_mscratch 0x00000005
core   0: 0x800045ba (0x00008321) c.srli  a4, 8
core   0: 3 0x800045ba (0x8321) x14 0x00000000
core   0: 0x800045bc (0x0000ef15) c.bnez  a4, pc + 60
core   0: 3 0x800045bc (0xef15)
core   0: 0x800045be (0x029d4b33) div     s6, s10, s1
core   0: 3 0x800045be (0x029d4b33) x22 0x00000000
core   0: 0x800045c2 (0xf5d1c013) xori    zero, gp, -163
core   0: 3 0x800045c2 (0xf5d1c013)
core   0: 0x800045c6 (0x000097ae) c.add   a5, a1
core   0: 3 0x800045c6 (0x97ae) x15 0x00000000
core   0: 0x800045c8 (0x00e59eb3) sll     t4, a1, a4
core   0: 3 0x800045c8 (0x00e59eb3) x29 0x00000000
core   0: 0x800045cc (0x0000c899) c.beqz  s1, pc + 22
core   0: 3 0x800045cc (0xc899)
core   0: 0x800045ce (0x0064b733) sltu    a4, s1, t1
core   0: 3 0x800045ce (0x0064b733) x14 0x00000000
core   0: 0x800045d2 (0x04484363) blt     a6, tp, pc + 70
core   0: 3 0x800045d2 (0x04484363)
core   0: 0x80004618 (0x2a254e13) xori    t3, a0, 674
core   0: 3 0x80004618 (0x2a254e13) x28 0x00000022
core   0: 0x8000461c (0x032322b3) mulhsu  t0, t1, s2
core   0: 3 0x8000461c (0x032322b3) x5  0x00000000
core   0: 0x80004620 (0x0335d633) divu    a2, a1, s3
core   0: 3 0x80004620 (0x0335d633) x12 0x00000000
core   0: 0x80004624 (0x00000001) c.nop
core   0: 3 0x80004624 (0x0001)
core   0: 0x80004626 (0x0000812d) c.srli  a0, 11
core   0: 3 0x80004626 (0x812d) x10 0x00000000
core   0: 0x80004628 (0xfcda3f93) sltiu   t6, s4, -51
core   0: 3 0x80004628 (0xfcda3f93) x31 0x00000001
core   0: 0x8000462c (0x0222dbb3) divu    s7, t0, sp
core   0: 3 0x8000462c (0x0222dbb3) x23 0xffffffff
core   0: 0x80004630 (0x0034c7b3) xor     a5, s1, gp
core   0: 3 0x80004630 (0x0034c7b3) x15 0xfffffeaf
core   0: 0x80004634 (0x0000e205) c.bnez  a2, pc + 32
core   0: 3 0x80004634 (0xe205)
core   0: 0x80004636 (0x34006273) csrrsi  tp, mscratch, 0
core   0: 3 0x80004636 (0x34006273) x4  0x00000005
core   0: 0x8000463a (0x00000001) c.nop
core   0: 3 0x8000463a (0x0001)
core   0: 0x8000463c (0x0096d233) srl     tp, a3, s1
core   0: 3 0x8000463c (0x0096d233) x4  0x00000000
core   0: 0x80004640 (0x340ea5f3) csrrs   a1, mscratch, t4
core   0: 3 0x80004640 (0x340ea5f3) x11 0x00000005 c832_mscratch 0x00000005
core   0: 0x80004644 (0x0120ef33) or      t5, ra, s2
core   0: 3 0x80004644 (0x0120ef33) x30 0x00000000
core   0: 0x80004648 (0x00000001) c.nop
core   0: 3 0x80004648 (0x0001)
core   0: 0x8000464a (0xa87a6593) ori     a1, s4, -1401
core   0: 3 0x8000464a (0xa87a6593) x11 0xfffffa87
core   0: 0x8000464e (0x00001b7d) c.addi  s6, -1
core   0: 3 0x8000464e (0x1b7d) x22 0xffffffff
core   0: 0x80004650 (0x034b26b3) mulhsu  a3, s6, s4
core   0: 3 0x80004650 (0x034b26b3) x13 0x00000000
core   0: 0x80004654 (0x34029373) csrrw   t1, mscratch, t0
core   0: 3 0x80004654 (0x34029373) x6  0x00000005 c832_mscratch 0x00000000
core   0: 0x80004658 (0x3409e6f3) csrrsi  a3, mscratch, 19
core   0: 3 0x80004658 (0x3409e6f3) x13 0x00000000 c832_mscratch 0x00000013
core   0: 0x8000465c (0x03ebca33) div     s4, s7, t5
core   0: 3 0x8000465c (0x03ebca33) x20 0xffffffff
core   0: 0x80004660 (0xe3cc3b97) auipc   s7, 0xe3cc3
core   0: 3 0x80004660 (0xe3cc3b97) x23 0x63cc7660
core   0: 0x80004664 (0x3400f0f3) csrrci  ra, mscratch, 1
core   0: 3 0x80004664 (0x3400f0f3) x1  0x00000013 c832_mscratch 0x00000012
core   0: 0x80004668 (0x0372cc63) blt     t0, s7, pc + 56
core   0: 3 0x80004668 (0x0372cc63)
core   0: 0x800046a0 (0x0ff0000f) fence   iorw,iorw
core   0: 3 0x800046a0 (0x0ff0000f)
core   0: 0x800046a4 (0x02ac6fb3) rem     t6, s8, a0
core   0: 3 0x800046a4 (0x02ac6fb3) x31 0x0001a000
core   0: 0x800046a8 (0x0000951e) c.add   a0, t2
core   0: 3 0x800046a8 (0x951e) x10 0x00000000
core   0: 0x800046aa (0x00004c29) c.li    s8, 10
core   0: 3 0x800046aa (0x4c29) x24 0x0000000a
core   0: 0x800046ac (0x34003c73) csrrc   s8, mscratch, zero
core   0: 3 0x800046ac (0x34003c73) x24 0x00000012
core   0: 0x800046b0 (0x0000717d) c.addi16sp sp, -16
core   0: 3 0x800046b0 (0x717d) x2  0xfffffff0
core   0: 0x800046b2 (0x00009b7d) c.andi  a4, -1
core   0: 3 0x800046b2 (0x9b7d) x14 0x00000000
core   0: 0x800046b4 (0x6de5de97) auipc   t4, 0x6de5d
core   0: 3 0x800046b4 (0x6de5de97) x29 0xede616b4
core   0: 0x800046b8 (0x000084a5) c.srai  s1, 9
core   0: 3 0x800046b8 (0x84a5) x9  0xffffffff
core   0: 0x800046ba (0x01801933) sll     s2, zero, s8
core   0: 3 0x800046ba (0x01801933) x18 0x00000000
core   0: 0x800046be (0xb2f65117) auipc   sp, 0xb2f65
core   0: 3 0x800046be (0xb2f65117) x2  0x32f696be
core   0: 0x800046c2 (0x0000717d) c.addi16sp sp, -16
core   0: 3 0x800046c2 (0x717d) x2  0x32f696ae
core   0: 0x800046c4 (0x01dd3733) sltu    a4, s10, t4
core   0: 3 0x800046c4 (0x01dd3733) x14 0x00000001
core   0: 0x800046c8 (0x00009b7d) c.andi  a4, -1
core   0: 3 0x800046c8 (0x9b7d) x14 0x00000001
core   0: 0x800046ca (0x03b4aab3) mulhsu  s5, s1, s11
core   0: 3 0x800046ca (0x03b4aab3) x21 0x00000000
core   0: 0x800046ce (0x40a7db93) srai    s7, a5, 10
core   0: 3 0x800046ce (0x40a7db93) x23 0xffffffff
core   0: 0x800046d2 (0x025c8eb3) mul     t4, s9, t0
core   0: 3 0x800046d2 (0x025c8eb3) x29 0x00000000
core   0: 0x800046d6 (0x00001c98) c.addi4spn a4, sp, 624
core   0: 3 0x800046d6 (0x1c98) x14 0x32f6991e
core   0: 0x800046d8 (0x00bb4263) blt     s6, a1, pc + 4
core   0: 3 0x800046d8 (0x00bb4263)
core   0: 0x800046dc (0x40f75c33) sra     s8, a4, a5
core   0: 3 0x800046dc (0x40f75c33) x24 0x000065ed
core   0: 0x800046e0 (0x00008b61) c.andi  a4, 24
core   0: 3 0x800046e0 (0x8b61) x14 0x00000018
core   0: 0x800046e2 (0x00f1eeb3) or      t4, gp, a5
core   0: 3 0x800046e2 (0x00f1eeb3) x29 0xfffffeaf
core   0: 0x800046e6 (0x00008df9) c.and   a1, a4
core   0: 3 0x800046e6 (0x8df9) x11 0x00000000
core   0: 0x800046e8 (0x0149ac33) slt     s8, s3, s4
core   0: 3 0x800046e8 (0x0149ac33) x24 0x00000001
core   0: 0x800046ec (0x013cb8b3) sltu    a7, s9, s3
core   0: 3 0x800046ec (0x013cb8b3) x17 0x00000000
core   0: 0x800046f0 (0x0000e6a1) c.bnez  a3, pc + 72
core   0: 3 0x800046f0 (0xe6a1)
core   0: 0x800046f2 (0x41945db3) sra     s11, s0, s9
core   0: 3 0x800046f2 (0x41945db3) x27 0x00000000
core   0: 0x800046f6 (0x01977663) bgeu    a4, s9, pc + 12
core   0: 3 0x800046f6 (0x01977663)
core   0: 0x800046fa (0x00001494) c.addi4spn a3, sp, 608
core   0: 3 0x800046fa (0x1494) x13 0x32f6990e
core   0: 0x800046fc (0x00000b3a) c.slli  s6, 14
core   0: 3 0x800046fc (0x0b3a) x22 0xffffc000
core   0: 0x800046fe (0x340312f3) csrrw   t0, mscratch, t1
core   0: 3 0x800046fe (0x340312f3) x5  0x00000012 c832_mscratch 0x00000005
core   0: 0x80004702 (0x00008df9) c.and   a1, a4
core   0: 3 0x80004702 (0x8df9) x11 0x00000000
core   0: 0x80004704 (0x02cf9263) bne     t6, a2, pc + 36
core   0: 3 0x80004704 (0x02cf9263)
core   0: 0x80004728 (0x340efe73) csrrci  t3, mscratch, 29
core   0: 3 0x80004728 (0x340efe73) x28 0x00000005 c832_mscratch 0x00000000
core   0: 0x8000472c (0x02045563) bgez    s0, pc + 42
core   0: 3 0x8000472c (0x02045563)
core   0: 0x80004756 (0x93502337) lui     t1, 0x93502
core   0: 3 0x80004756 (0x93502337) x6  0x93502000
core   0: 0x8000475a (0x00000001) c.nop
core   0: 3 0x8000475a (0x0001)
core   0: 0x8000475c (0x00000a3e) c.slli  s4, 15
core   0: 3 0x8000475c (0x0a3e) x20 0xffff8000
core   0: 0x8000475e (0x03e78db3) mul     s11, a5, t5
core   0: 3 0x8000475e (0x03e78db3) x27 0x00000000
core   0: 0x80004762 (0x01785e13) srli    t3, a6, 23
core   0: 3 0x80004762 (0x01785e13) x28 0x00000000
core   0: 0x80004766 (0x00ba90b3) sll     ra, s5, a1
core   0: 3 0x80004766 (0x00ba90b3) x1  0x00000000
core   0: 0x8000476a (0x0ff0000f) fence   iorw,iorw
core   0: 3 0x8000476a (0x0ff0000f)
core   0: 0x8000476e (0x9804c513) xori    a0, s1, -1664
core   0: 3 0x8000476e (0x9804c513) x10 0x0000067f
core   0: 0x80004772 (0x5a612293) slti    t0, sp, 1446
core   0: 3 0x80004772 (0x5a612293) x5  0x00000000
core   0: 0x80004776 (0x000007c9) c.addi  a5, 18
core   0: 3 0x80004776 (0x07c9) x15 0xfffffec1
core   0: 0x80004778 (0xa1c0e813) ori     a6, ra, -1508
core   0: 3 0x80004778 (0xa1c0e813) x16 0xfffffa1c
core   0: 0x8000477c (0x02efd163) bge     t6, a4, pc + 34
core   0: 3 0x8000477c (0x02efd163)
core   0: 0x8000479e (0x0164a6b3) slt     a3, s1, s6
core   0: 3 0x8000479e (0x0164a6b3) x13 0x00000000
core   0: 0x800047a2 (0x0000827e) c.mv    tp, t6
core   0: 3 0x800047a2 (0x827e) x4  0x0001a000
core   0: 0x800047a4 (0x00a25093) srli    ra, tp, 10
core   0: 3 0x800047a4 (0x00a25093) x1  0x00000068
core   0: 0x800047a8 (0x00000001) c.nop
core   0: 3 0x800047a8 (0x0001)
core   0: 0x800047aa (0x02daafb3) mulhsu  t6, s5, a3
core   0: 3 0x800047aa (0x02daafb3) x31 0x00000000
core   0: 0x800047ae (0x340c1973) csrrw   s2, mscratch, s8
core   0: 3 0x800047ae (0x340c1973) x18 0x00000000 c832_mscratch 0x00000001
core   0: 0x800047b2 (0x03a70033) mul     zero, a4, s10
core   0: 3 0x800047b2 (0x03a70033)
core   0: 0x800047b6 (0x02088063) beqz    a7, pc + 32
core   0: 3 0x800047b6 (0x02088063)
core   0: 0x800047d6 (0x00005d7d) c.li    s10, -1
core   0: 3 0x800047d6 (0x5d7d) x26 0xffffffff
core   0: 0x800047d8 (0x000e33b3) sltu    t2, t3, zero
core   0: 3 0x800047d8 (0x000e33b3) x7  0x00000000
core   0: 0x800047dc (0x672fe793) ori     a5, t6, 1650
core   0: 3 0x800047dc (0x672fe793) x15 0x00000672
core   0: 0x800047e0 (0x02d4d1b3) divu    gp, s1, a3
core   0: 3 0x800047e0 (0x02d4d1b3) x3  0xffffffff
core   0: 0x800047e4 (0x0000100f) fence.i
core   0: 3 0x800047e4 (0x0000100f)
core   0: 0x800047e8 (0x00d11863) bne     sp, a3, pc + 16
core   0: 3 0x800047e8 (0x00d11863)
core   0: 0x800047f8 (0x05a4f563) bgeu    s1, s10, pc + 74
core   0: 3 0x800047f8 (0x05a4f563)
core   0: 0x80004842 (0x00006605) c.lui   a2, 0x1
core   0: 3 0x80004842 (0x6605) x12 0x00001000
core   0: 0x80004844 (0x02dd88b3) mul     a7, s11, a3
core   0: 3 0x80004844 (0x02dd88b3) x17 0x00000000
core   0: 0x80004848 (0x409c5e13) srai    t3, s8, 9
core   0: 3 0x80004848 (0x409c5e13) x28 0x00000000
core   0: 0x8000484c (0x000083d1) c.srli  a5, 20
core   0: 3 0x8000484c (0x83d1) x15 0x00000000
core   0: 0x8000484e (0x0000e189) c.bnez  a1, pc + 2
core   0: 3 0x8000484e (0xe189)
core   0: 0x80004850 (0x0000587d) c.li    a6, -1
core   0: 3 0x80004850 (0x587d) x16 0xffffffff
core   0: 0x80004852 (0xffffc417) auipc   s0, 0xffffc
core   0: 3 0x80004852 (0xffffc417) x8  0x80000852
core   0: 0x80004856 (0xb0040413) addi    s0, s0, -1280
core   0: 3 0x80004856 (0xb0040413) x8  0x80000352
core   0: 0x8000485a (0x00040067) jr      s0
core   0: 3 0x8000485a (0x00040067)
core   0: 0x80000352 (0x90000b37) lui     s6, 0x90000
core   0: 3 0x80000352 (0x90000b37) x22 0x90000000
core   0: 0x80000356 (0x00001b61) c.addi  s6, -8
core   0: 3 0x80000356 (0x1b61) x22 0x8ffffff8
core   0: 0x80000358 (0x00004601) c.li    a2, 0
core   0: 3 0x80000358 (0x4601) x12 0x00000000
core   0: 0x8000035a (0x00000622) c.slli  a2, 8
core   0: 3 0x8000035a (0x0622) x12 0x00000000
core   0: 0x8000035c (0x00000605) c.addi  a2, 1
core   0: 3 0x8000035c (0x0605) x12 0x00000001
core   0: 0x8000035e (0x00cb2023) sw      a2, 0(s6)
core   0: 3 0x8000035e (0x00cb2023) mem 0x8ffffff8 0x00000001
core   0: 0x80000362 (0x00000073) ecall
core   0: exception trap_machine_ecall, epc 0x80000362
core   0: 0x80002700 (0x0800006f) j       pc + 0x80
core   0: 3 0x80002700 (0x0800006f)
core   0: 0x80002780 (0x00001cf1) c.addi  s9, -4
core   0: 3 0x80002780 (0x1cf1) x25 0x80035ce0
core   0: 0x80002782 (0x013ca023) sw      s3, 0(s9)
core   0: 3 0x80002782 (0x013ca023) mem 0x80035ce0 0x80031e64
core   0: 0x80002786 (0x000c89b3) add     s3, s9, zero
core   0: 3 0x80002786 (0x000c89b3) x19 0x80035ce0
core   0: 0x8000278a (0xf8098993) addi    s3, s3, -128
core   0: 3 0x8000278a (0xf8098993) x19 0x80035c60
core   0: 0x8000278e (0x0019a223) sw      ra, 4(s3)
core   0: 3 0x8000278e (0x0019a223) mem 0x80035c64 0x00000068
core   0: 0x80002792 (0x0029a423) sw      sp, 8(s3)
core   0: 3 0x80002792 (0x0029a423) mem 0x80035c68 0x32f696ae
core   0: 0x80002796 (0x0039a623) sw      gp, 12(s3)
core   0: 3 0x80002796 (0x0039a623) mem 0x80035c6c 0xffffffff
core   0: 0x8000279a (0x0049a823) sw      tp, 16(s3)
core   0: 3 0x8000279a (0x0049a823) mem 0x80035c70 0x0001a000
core   0: 0x8000279e (0x0059aa23) sw      t0, 20(s3)
core   0: 3 0x8000279e (0x0059aa23) mem 0x80035c74 0x00000000
core   0: 0x800027a2 (0x0069ac23) sw      t1, 24(s3)
core   0: 3 0x800027a2 (0x0069ac23) mem 0x80035c78 0x93502000
core   0: 0x800027a6 (0x0079ae23) sw      t2, 28(s3)
core   0: 3 0x800027a6 (0x0079ae23) mem 0x80035c7c 0x00000000
core   0: 0x800027aa (0x0289a023) sw      s0, 32(s3)
core   0: 3 0x800027aa (0x0289a023) mem 0x80035c80 0x80000352
core   0: 0x800027ae (0x0299a223) sw      s1, 36(s3)
core   0: 3 0x800027ae (0x0299a223) mem 0x80035c84 0xffffffff
core   0: 0x800027b2 (0x02a9a423) sw      a0, 40(s3)
core   0: 3 0x800027b2 (0x02a9a423) mem 0x80035c88 0x0000067f
core   0: 0x800027b6 (0x02b9a623) sw      a1, 44(s3)
core   0: 3 0x800027b6 (0x02b9a623) mem 0x80035c8c 0x00000000
core   0: 0x800027ba (0x02c9a823) sw      a2, 48(s3)
core   0: 3 0x800027ba (0x02c9a823) mem 0x80035c90 0x00000001
core   0: 0x800027be (0x02d9aa23) sw      a3, 52(s3)
core   0: 3 0x800027be (0x02d9aa23) mem 0x80035c94 0x00000000
core   0: 0x800027c2 (0x02e9ac23) sw      a4, 56(s3)
core   0: 3 0x800027c2 (0x02e9ac23) mem 0x80035c98 0x00000018
core   0: 0x800027c6 (0x02f9ae23) sw      a5, 60(s3)
core   0: 3 0x800027c6 (0x02f9ae23) mem 0x80035c9c 0x00000000
core   0: 0x800027ca (0x0509a023) sw      a6, 64(s3)
core   0: 3 0x800027ca (0x0509a023) mem 0x80035ca0 0xffffffff
core   0: 0x800027ce (0x0519a223) sw      a7, 68(s3)
core   0: 3 0x800027ce (0x0519a223) mem 0x80035ca4 0x00000000
core   0: 0x800027d2 (0x0529a423) sw      s2, 72(s3)
core   0: 3 0x800027d2 (0x0529a423) mem 0x80035ca8 0x00000000
core   0: 0x800027d6 (0x0539a623) sw      s3, 76(s3)
core   0: 3 0x800027d6 (0x0539a623) mem 0x80035cac 0x80035c60
core   0: 0x800027da (0x0549a823) sw      s4, 80(s3)
core   0: 3 0x800027da (0x0549a823) mem 0x80035cb0 0xffff8000
core   0: 0x800027de (0x0559aa23) sw      s5, 84(s3)
core   0: 3 0x800027de (0x0559aa23) mem 0x80035cb4 0x00000000
core   0: 0x800027e2 (0x0569ac23) sw      s6, 88(s3)
core   0: 3 0x800027e2 (0x0569ac23) mem 0x80035cb8 0x8ffffff8
core   0: 0x800027e6 (0x0579ae23) sw      s7, 92(s3)
core   0: 3 0x800027e6 (0x0579ae23) mem 0x80035cbc 0xffffffff
core   0: 0x800027ea (0x0789a023) sw      s8, 96(s3)
core   0: 3 0x800027ea (0x0789a023) mem 0x80035cc0 0x00000001
core   0: 0x800027ee (0x0799a223) sw      s9, 100(s3)
core   0: 3 0x800027ee (0x0799a223) mem 0x80035cc4 0x80035ce0
core   0: 0x800027f2 (0x07a9a423) sw      s10, 104(s3)
core   0: 3 0x800027f2 (0x07a9a423) mem 0x80035cc8 0xffffffff
core   0: 0x800027f6 (0x07b9a623) sw      s11, 108(s3)
core   0: 3 0x800027f6 (0x07b9a623) mem 0x80035ccc 0x00000000
core   0: 0x800027fa (0x07c9a823) sw      t3, 112(s3)
core   0: 3 0x800027fa (0x07c9a823) mem 0x80035cd0 0x00000000
core   0: 0x800027fe (0x07d9aa23) sw      t4, 116(s3)
core   0: 3 0x800027fe (0x07d9aa23) mem 0x80035cd4 0xfffffeaf
core   0: 0x80002802 (0x07e9ac23) sw      t5, 120(s3)
core   0: 3 0x80002802 (0x07e9ac23) mem 0x80035cd8 0x00000000
core   0: 0x80002806 (0x07f9ae23) sw      t6, 124(s3)
core   0: 3 0x80002806 (0x07f9ae23) mem 0x80035cdc 0x00000000
core   0: 0x8000280a (0x00098cb3) add     s9, s3, zero
core   0: 3 0x8000280a (0x00098cb3) x25 0x80035c60
core   0: 0x8000280e (0x90000b37) lui     s6, 0x90000
core   0: 3 0x8000280e (0x90000b37) x22 0x90000000
core   0: 0x80002812 (0x00001b71) c.addi  s6, -4
core   0: 3 0x80002812 (0x1b71) x22 0x8ffffffc
core   0: 0x80002814 (0x00004621) c.li    a2, 8
core   0: 3 0x80002814 (0x4621) x12 0x00000008
core   0: 0x80002816 (0x00000622) c.slli  a2, 8
core   0: 3 0x80002816 (0x0622) x12 0x00000800
core   0: 0x80002818 (0x00060613) mv      a2, a2
core   0: 3 0x80002818 (0x00060613) x12 0x00000800
core   0: 0x8000281c (0x00cb2023) sw      a2, 0(s6)
core   0: 3 0x8000281c (0x00cb2023) mem 0x8ffffffc 0x00000800
core   0: 0x80002820 (0x34102673) csrr    a2, mepc
core   0: 3 0x80002820 (0x34102673) x12 0x80000362
core   0: 0x80002824 (0x34202673) csrr    a2, mcause
core   0: 3 0x80002824 (0x34202673) x12 0x0000000b
core   0: 0x80002828 (0x00004b0d) c.li    s6, 3
core   0: 3 0x80002828 (0x4b0d) x22 0x00000003
core   0: 0x8000282a (0x01661463) bne     a2, s6, pc + 8
core   0: 3 0x8000282a (0x01661463)
core   0: 0x80002832 (0x00004b21) c.li    s6, 8
core   0: 3 0x80002832 (0x4b21) x22 0x00000008
core   0: 0x80002834 (0x05660d63) beq     a2, s6, pc + 90
core   0: 3 0x80002834 (0x05660d63)
core   0: 0x80002838 (0x00004b25) c.li    s6, 9
core   0: 3 0x80002838 (0x4b25) x22 0x00000009
core   0: 0x8000283a (0x05660a63) beq     a2, s6, pc + 84
core   0: 3 0x8000283a (0x05660a63)
core   0: 0x8000283e (0x00004b2d) c.li    s6, 11
core   0: 3 0x8000283e (0x4b2d) x22 0x0000000b
core   0: 0x80002840 (0x05660763) beq     a2, s6, pc + 78
core   0: 3 0x80002840 (0x05660763)
core   0: 0x8000288e (0x90000b37) lui     s6, 0x90000
core   0: 3 0x8000288e (0x90000b37) x22 0x90000000
core   0: 0x80002892 (0x00001b71) c.addi  s6, -4
core   0: 3 0x80002892 (0x1b71) x22 0x8ffffffc
core   0: 0x80002894 (0x00006605) c.lui   a2, 0x1
core   0: 3 0x80002894 (0x6605) x12 0x00001000
core   0: 0x80002896 (0xb0060613) addi    a2, a2, -1280
core   0: 3 0x80002896 (0xb0060613) x12 0x00000b00
core   0: 0x8000289a (0x00000622) c.slli  a2, 8
core   0: 3 0x8000289a (0x0622) x12 0x000b0000
core   0: 0x8000289c (0x0000060d) c.addi  a2, 3
core   0: 3 0x8000289c (0x060d) x12 0x000b0003
core   0: 0x8000289e (0x00cb2023) sw      a2, 0(s6)
core   0: 3 0x8000289e (0x00cb2023) mem 0x8ffffffc 0x000b0003
core   0: 0x800028a2 (0xb0002673) csrr    a2, mcycle
core   0: 3 0x800028a2 (0xb0002673) x12 0x00008118
core   0: 0x800028a6 (0x00cb2023) sw      a2, 0(s6)
core   0: 3 0x800028a6 (0x00cb2023) mem 0x8ffffffc 0x00008118
core   0: 0x800028aa (0x90000b37) lui     s6, 0x90000
core   0: 3 0x800028aa (0x90000b37) x22 0x90000000
core   0: 0x800028ae (0x00001b71) c.addi  s6, -4
core   0: 3 0x800028ae (0x1b71) x22 0x8ffffffc
core   0: 0x800028b0 (0x00006605) c.lui   a2, 0x1
core   0: 3 0x800028b0 (0x6605) x12 0x00001000
core   0: 0x800028b2 (0xb8060613) addi    a2, a2, -1152
core   0: 3 0x800028b2 (0xb8060613) x12 0x00000b80
core   0: 0x800028b6 (0x00000622) c.slli  a2, 8
core   0: 3 0x800028b6 (0x0622) x12 0x000b8000
core   0: 0x800028b8 (0x0000060d) c.addi  a2, 3
core   0: 3 0x800028b8 (0x060d) x12 0x000b8003
core   0: 0x800028ba (0x00cb2023) sw      a2, 0(s6)
core   0: 3 0x800028ba (0x00cb2023) mem 0x8ffffffc 0x000b8003
core   0: 0x800028be (0xb8002673) csrr    a2, mcycleh
core   0: 3 0x800028be (0xb8002673) x12 0x00000000
core   0: 0x800028c2 (0x00cb2023) sw      a2, 0(s6)
core   0: 3 0x800028c2 (0x00cb2023) mem 0x8ffffffc 0x00000000
core   0: 0x800028c6 (0x90000b37) lui     s6, 0x90000
core   0: 3 0x800028c6 (0x90000b37) x22 0x90000000
core   0: 0x800028ca (0x00001b71) c.addi  s6, -4
core   0: 3 0x800028ca (0x1b71) x22 0x8ffffffc
core   0: 0x800028cc (0x00006605) c.lui   a2, 0x1
core   0: 3 0x800028cc (0x6605) x12 0x00001000
core   0: 0x800028ce (0xb0360613) addi    a2, a2, -1277
core   0: 3 0x800028ce (0xb0360613) x12 0x00000b03
core   0: 0x800028d2 (0x00000622) c.slli  a2, 8
core   0: 3 0x800028d2 (0x0622) x12 0x000b0300
core   0: 0x800028d4 (0x0000060d) c.addi  a2, 3
core   0: 3 0x800028d4 (0x060d) x12 0x000b0303
core   0: 0x800028d6 (0x00cb2023) sw      a2, 0(s6)
core   0: 3 0x800028d6 (0x00cb2023) mem 0x8ffffffc 0x000b0303
core   0: 0x800028da (0xb0302673) csrr    a2, mhpmcounter3
core   0: 3 0x800028da (0xb0302673) x12 0x000014b8
core   0: 0x800028de (0x00cb2023) sw      a2, 0(s6)
core   0: 3 0x800028de (0x00cb2023) mem 0x8ffffffc 0x000014b8
core   0: 0x800028e2 (0x90000b37) lui     s6, 0x90000
core   0: 3 0x800028e2 (0x90000b37) x22 0x90000000
core   0: 0x800028e6 (0x00001b71) c.addi  s6, -4
core   0: 3 0x800028e6 (0x1b71) x22 0x8ffffffc
core   0: 0x800028e8 (0x00006605) c.lui   a2, 0x1
core   0: 3 0x800028e8 (0x6605) x12 0x00001000
core   0: 0x800028ea (0xb8360613) addi    a2, a2, -1149
core   0: 3 0x800028ea (0xb8360613) x12 0x00000b83
core   0: 0x800028ee (0x00000622) c.slli  a2, 8
core   0: 3 0x800028ee (0x0622) x12 0x000b8300
core   0: 0x800028f0 (0x0000060d) c.addi  a2, 3
core   0: 3 0x800028f0 (0x060d) x12 0x000b8303
core   0: 0x800028f2 (0x00cb2023) sw      a2, 0(s6)
core   0: 3 0x800028f2 (0x00cb2023) mem 0x8ffffffc 0x000b8303
core   0: 0x800028f6 (0xb8302673) csrr    a2, mhpmcounter3h
core   0: 3 0x800028f6 (0xb8302673) x12 0x00000000
core   0: 0x800028fa (0x00cb2023) sw      a2, 0(s6)
core   0: 3 0x800028fa (0x00cb2023) mem 0x8ffffffc 0x00000000
core   0: 0x800028fe (0x90000b37) lui     s6, 0x90000
core   0: 3 0x800028fe (0x90000b37) x22 0x90000000
core   0: 0x80002902 (0x00001b71) c.addi  s6, -4
core   0: 3 0x80002902 (0x1b71) x22 0x8ffffffc
core   0: 0x80002904 (0x00006605) c.lui   a2, 0x1
core   0: 3 0x80002904 (0x6605) x12 0x00001000
core   0: 0x80002906 (0xb0460613) addi    a2, a2, -1276
core   0: 3 0x80002906 (0xb0460613) x12 0x00000b04
core   0: 0x8000290a (0x00000622) c.slli  a2, 8
core   0: 3 0x8000290a (0x0622) x12 0x000b0400
core   0: 0x8000290c (0x0000060d) c.addi  a2, 3
core   0: 3 0x8000290c (0x060d) x12 0x000b0403
core   0: 0x8000290e (0x00cb2023) sw      a2, 0(s6)
core   0: 3 0x8000290e (0x00cb2023) mem 0x8ffffffc 0x000b0403
core   0: 0x80002912 (0xb0402673) csrr    a2, mhpmcounter4
core   0: 3 0x80002912 (0xb0402673) x12 0x00001bc0
core   0: 0x80002916 (0x00cb2023) sw      a2, 0(s6)
core   0: 3 0x80002916 (0x00cb2023) mem 0x8ffffffc 0x00001bc0
core   0: 0x8000291a (0x90000b37) lui     s6, 0x90000
core   0: 3 0x8000291a (0x90000b37) x22 0x90000000
core   0: 0x8000291e (0x00001b71) c.addi  s6, -4
core   0: 3 0x8000291e (0x1b71) x22 0x8ffffffc
core   0: 0x80002920 (0x00006605) c.lui   a2, 0x1
core   0: 3 0x80002920 (0x6605) x12 0x00001000
core   0: 0x80002922 (0xb8460613) addi    a2, a2, -1148
core   0: 3 0x80002922 (0xb8460613) x12 0x00000b84
core   0: 0x80002926 (0x00000622) c.slli  a2, 8
core   0: 3 0x80002926 (0x0622) x12 0x000b8400
core   0: 0x80002928 (0x0000060d) c.addi  a2, 3
core   0: 3 0x80002928 (0x060d) x12 0x000b8403
core   0: 0x8000292a (0x00cb2023) sw      a2, 0(s6)
core   0: 3 0x8000292a (0x00cb2023) mem 0x8ffffffc 0x000b8403
core   0: 0x8000292e (0xb8402673) csrr    a2, mhpmcounter4h
core   0: 3 0x8000292e (0xb8402673) x12 0x00000000
core   0: 0x80002932 (0x00cb2023) sw      a2, 0(s6)
core   0: 3 0x80002932 (0x00cb2023) mem 0x8ffffffc 0x00000000
core   0: 0x80002936 (0x90000b37) lui     s6, 0x90000
core   0: 3 0x80002936 (0x90000b37) x22 0x90000000
core   0: 0x8000293a (0x00001b71) c.addi  s6, -4
core   0: 3 0x8000293a (0x1b71) x22 0x8ffffffc
core   0: 0x8000293c (0x00006605) c.lui   a2, 0x1
core   0: 3 0x8000293c (0x6605) x12 0x00001000
core   0: 0x8000293e (0xb0560613) addi    a2, a2, -1275
core   0: 3 0x8000293e (0xb0560613) x12 0x00000b05
core   0: 0x80002942 (0x00000622) c.slli  a2, 8
core   0: 3 0x80002942 (0x0622) x12 0x000b0500
core   0: 0x80002944 (0x0000060d) c.addi  a2, 3
core   0: 3 0x80002944 (0x060d) x12 0x000b0503
core   0: 0x80002946 (0x00cb2023) sw      a2, 0(s6)
core   0: 3 0x80002946 (0x00cb2023) mem 0x8ffffffc 0x000b0503
core   0: 0x8000294a (0xb0502673) csrr    a2, mhpmcounter5
core   0: 3 0x8000294a (0xb0502673) x12 0x000002b2
core   0: 0x8000294e (0x00cb2023) sw      a2, 0(s6)
core   0: 3 0x8000294e (0x00cb2023) mem 0x8ffffffc 0x000002b2
core   0: 0x80002952 (0x90000b37) lui     s6, 0x90000
core   0: 3 0x80002952 (0x90000b37) x22 0x90000000
core   0: 0x80002956 (0x00001b71) c.addi  s6, -4
core   0: 3 0x80002956 (0x1b71) x22 0x8ffffffc
core   0: 0x80002958 (0x00006605) c.lui   a2, 0x1
core   0: 3 0x80002958 (0x6605) x12 0x00001000
core   0: 0x8000295a (0xb8560613) addi    a2, a2, -1147
core   0: 3 0x8000295a (0xb8560613) x12 0x00000b85
core   0: 0x8000295e (0x00000622) c.slli  a2, 8
core   0: 3 0x8000295e (0x0622) x12 0x000b8500
core   0: 0x80002960 (0x0000060d) c.addi  a2, 3
core   0: 3 0x80002960 (0x060d) x12 0x000b8503
core   0: 0x80002962 (0x00cb2023) sw      a2, 0(s6)
core   0: 3 0x80002962 (0x00cb2023) mem 0x8ffffffc 0x000b8503
core   0: 0x80002966 (0xb8502673) csrr    a2, mhpmcounter5h
core   0: 3 0x80002966 (0xb8502673) x12 0x00000000
core   0: 0x8000296a (0x00cb2023) sw      a2, 0(s6)
core   0: 3 0x8000296a (0x00cb2023) mem 0x8ffffffc 0x00000000
core   0: 0x8000296e (0x90000b37) lui     s6, 0x90000
core   0: 3 0x8000296e (0x90000b37) x22 0x90000000
core   0: 0x80002972 (0x00001b71) c.addi  s6, -4
core   0: 3 0x80002972 (0x1b71) x22 0x8ffffffc
core   0: 0x80002974 (0x00006605) c.lui   a2, 0x1
core   0: 3 0x80002974 (0x6605) x12 0x00001000
core   0: 0x80002976 (0xb0660613) addi    a2, a2, -1274
core   0: 3 0x80002976 (0xb0660613) x12 0x00000b06
core   0: 0x8000297a (0x00000622) c.slli  a2, 8
core   0: 3 0x8000297a (0x0622) x12 0x000b0600
core   0: 0x8000297c (0x0000060d) c.addi  a2, 3
core   0: 3 0x8000297c (0x060d) x12 0x000b0603
core   0: 0x8000297e (0x00cb2023) sw      a2, 0(s6)
core   0: 3 0x8000297e (0x00cb2023) mem 0x8ffffffc 0x000b0603
core   0: 0x80002982 (0xb0602673) csrr    a2, mhpmcounter6
core   0: 3 0x80002982 (0xb0602673) x12 0x000001db
core   0: 0x80002986 (0x00cb2023) sw      a2, 0(s6)
core   0: 3 0x80002986 (0x00cb2023) mem 0x8ffffffc 0x000001db
core   0: 0x8000298a (0x90000b37) lui     s6, 0x90000
core   0: 3 0x8000298a (0x90000b37) x22 0x90000000
core   0: 0x8000298e (0x00001b71) c.addi  s6, -4
core   0: 3 0x8000298e (0x1b71) x22 0x8ffffffc
core   0: 0x80002990 (0x00006605) c.lui   a2, 0x1
core   0: 3 0x80002990 (0x6605) x12 0x00001000
core   0: 0x80002992 (0xb8660613) addi    a2, a2, -1146
core   0: 3 0x80002992 (0xb8660613) x12 0x00000b86
core   0: 0x80002996 (0x00000622) c.slli  a2, 8
core   0: 3 0x80002996 (0x0622) x12 0x000b8600
core   0: 0x80002998 (0x0000060d) c.addi  a2, 3
core   0: 3 0x80002998 (0x060d) x12 0x000b8603
core   0: 0x8000299a (0x00cb2023) sw      a2, 0(s6)
core   0: 3 0x8000299a (0x00cb2023) mem 0x8ffffffc 0x000b8603
core   0: 0x8000299e (0xb8602673) csrr    a2, mhpmcounter6h
core   0: 3 0x8000299e (0xb8602673) x12 0x00000000
core   0: 0x800029a2 (0x00cb2023) sw      a2, 0(s6)
core   0: 3 0x800029a2 (0x00cb2023) mem 0x8ffffffc 0x00000000
core   0: 0x800029a6 (0x90000b37) lui     s6, 0x90000
core   0: 3 0x800029a6 (0x90000b37) x22 0x90000000
core   0: 0x800029aa (0x00001b71) c.addi  s6, -4
core   0: 3 0x800029aa (0x1b71) x22 0x8ffffffc
core   0: 0x800029ac (0x00006605) c.lui   a2, 0x1
core   0: 3 0x800029ac (0x6605) x12 0x00001000
core   0: 0x800029ae (0xb0760613) addi    a2, a2, -1273
core   0: 3 0x800029ae (0xb0760613) x12 0x00000b07
core   0: 0x800029b2 (0x00000622) c.slli  a2, 8
core   0: 3 0x800029b2 (0x0622) x12 0x000b0700
core   0: 0x800029b4 (0x0000060d) c.addi  a2, 3
core   0: 3 0x800029b4 (0x060d) x12 0x000b0703
core   0: 0x800029b6 (0x00cb2023) sw      a2, 0(s6)
core   0: 3 0x800029b6 (0x00cb2023) mem 0x8ffffffc 0x000b0703
core   0: 0x800029ba (0xb0702673) csrr    a2, mhpmcounter7
core   0: 3 0x800029ba (0xb0702673) x12 0x00000021
core   0: 0x800029be (0x00cb2023) sw      a2, 0(s6)
core   0: 3 0x800029be (0x00cb2023) mem 0x8ffffffc 0x00000021
core   0: 0x800029c2 (0x90000b37) lui     s6, 0x90000
core   0: 3 0x800029c2 (0x90000b37) x22 0x90000000
core   0: 0x800029c6 (0x00001b71) c.addi  s6, -4
core   0: 3 0x800029c6 (0x1b71) x22 0x8ffffffc
core   0: 0x800029c8 (0x00006605) c.lui   a2, 0x1
core   0: 3 0x800029c8 (0x6605) x12 0x00001000
core   0: 0x800029ca (0xb8760613) addi    a2, a2, -1145
core   0: 3 0x800029ca (0xb8760613) x12 0x00000b87
core   0: 0x800029ce (0x00000622) c.slli  a2, 8
core   0: 3 0x800029ce (0x0622) x12 0x000b8700
core   0: 0x800029d0 (0x0000060d) c.addi  a2, 3
core   0: 3 0x800029d0 (0x060d) x12 0x000b8703
core   0: 0x800029d2 (0x00cb2023) sw      a2, 0(s6)
core   0: 3 0x800029d2 (0x00cb2023) mem 0x8ffffffc 0x000b8703
core   0: 0x800029d6 (0xb8702673) csrr    a2, mhpmcounter7h
core   0: 3 0x800029d6 (0xb8702673) x12 0x00000000
core   0: 0x800029da (0x00cb2023) sw      a2, 0(s6)
core   0: 3 0x800029da (0x00cb2023) mem 0x8ffffffc 0x00000000
core   0: 0x800029de (0x90000b37) lui     s6, 0x90000
core   0: 3 0x800029de (0x90000b37) x22 0x90000000
core   0: 0x800029e2 (0x00001b71) c.addi  s6, -4
core   0: 3 0x800029e2 (0x1b71) x22 0x8ffffffc
core   0: 0x800029e4 (0x00006605) c.lui   a2, 0x1
core   0: 3 0x800029e4 (0x6605) x12 0x00001000
core   0: 0x800029e6 (0xb0860613) addi    a2, a2, -1272
core   0: 3 0x800029e6 (0xb0860613) x12 0x00000b08
core   0: 0x800029ea (0x00000622) c.slli  a2, 8
core   0: 3 0x800029ea (0x0622) x12 0x000b0800
core   0: 0x800029ec (0x0000060d) c.addi  a2, 3
core   0: 3 0x800029ec (0x060d) x12 0x000b0803
core   0: 0x800029ee (0x00cb2023) sw      a2, 0(s6)
core   0: 3 0x800029ee (0x00cb2023) mem 0x8ffffffc 0x000b0803
core   0: 0x800029f2 (0xb0802673) csrr    a2, mhpmcounter8
core   0: 3 0x800029f2 (0xb0802673) x12 0x00000062
core   0: 0x800029f6 (0x00cb2023) sw      a2, 0(s6)
core   0: 3 0x800029f6 (0x00cb2023) mem 0x8ffffffc 0x00000062
core   0: 0x800029fa (0x90000b37) lui     s6, 0x90000
core   0: 3 0x800029fa (0x90000b37) x22 0x90000000
core   0: 0x800029fe (0x00001b71) c.addi  s6, -4
core   0: 3 0x800029fe (0x1b71) x22 0x8ffffffc
core   0: 0x80002a00 (0x00006605) c.lui   a2, 0x1
core   0: 3 0x80002a00 (0x6605) x12 0x00001000
core   0: 0x80002a02 (0xb8860613) addi    a2, a2, -1144
core   0: 3 0x80002a02 (0xb8860613) x12 0x00000b88
core   0: 0x80002a06 (0x00000622) c.slli  a2, 8
core   0: 3 0x80002a06 (0x0622) x12 0x000b8800
core   0: 0x80002a08 (0x0000060d) c.addi  a2, 3
core   0: 3 0x80002a08 (0x060d) x12 0x000b8803
core   0: 0x80002a0a (0x00cb2023) sw      a2, 0(s6)
core   0: 3 0x80002a0a (0x00cb2023) mem 0x8ffffffc 0x000b8803
core   0: 0x80002a0e (0xb8802673) csrr    a2, mhpmcounter8h
core   0: 3 0x80002a0e (0xb8802673) x12 0x00000000
core   0: 0x80002a12 (0x00cb2023) sw      a2, 0(s6)
core   0: 3 0x80002a12 (0x00cb2023) mem 0x8ffffffc 0x00000000
core   0: 0x80002a16 (0x90000b37) lui     s6, 0x90000
core   0: 3 0x80002a16 (0x90000b37) x22 0x90000000
core   0: 0x80002a1a (0x00001b71) c.addi  s6, -4
core   0: 3 0x80002a1a (0x1b71) x22 0x8ffffffc
core   0: 0x80002a1c (0x00006605) c.lui   a2, 0x1
core   0: 3 0x80002a1c (0x6605) x12 0x00001000
core   0: 0x80002a1e (0xb0960613) addi    a2, a2, -1271
core   0: 3 0x80002a1e (0xb0960613) x12 0x00000b09
core   0: 0x80002a22 (0x00000622) c.slli  a2, 8
core   0: 3 0x80002a22 (0x0622) x12 0x000b0900
core   0: 0x80002a24 (0x0000060d) c.addi  a2, 3
core   0: 3 0x80002a24 (0x060d) x12 0x000b0903
core   0: 0x80002a26 (0x00cb2023) sw      a2, 0(s6)
core   0: 3 0x80002a26 (0x00cb2023) mem 0x8ffffffc 0x000b0903
core   0: 0x80002a2a (0xb0902673) csrr    a2, mhpmcounter9
core   0: 3 0x80002a2a (0xb0902673) x12 0x0000002d
core   0: 0x80002a2e (0x00cb2023) sw      a2, 0(s6)
core   0: 3 0x80002a2e (0x00cb2023) mem 0x8ffffffc 0x0000002d
core   0: 0x80002a32 (0x90000b37) lui     s6, 0x90000
core   0: 3 0x80002a32 (0x90000b37) x22 0x90000000
core   0: 0x80002a36 (0x00001b71) c.addi  s6, -4
core   0: 3 0x80002a36 (0x1b71) x22 0x8ffffffc
core   0: 0x80002a38 (0x00006605) c.lui   a2, 0x1
core   0: 3 0x80002a38 (0x6605) x12 0x00001000
core   0: 0x80002a3a (0xb8960613) addi    a2, a2, -1143
core   0: 3 0x80002a3a (0xb8960613) x12 0x00000b89
core   0: 0x80002a3e (0x00000622) c.slli  a2, 8
core   0: 3 0x80002a3e (0x0622) x12 0x000b8900
core   0: 0x80002a40 (0x0000060d) c.addi  a2, 3
core   0: 3 0x80002a40 (0x060d) x12 0x000b8903
core   0: 0x80002a42 (0x00cb2023) sw      a2, 0(s6)
core   0: 3 0x80002a42 (0x00cb2023) mem 0x8ffffffc 0x000b8903
core   0: 0x80002a46 (0xb8902673) csrr    a2, mhpmcounter9h
core   0: 3 0x80002a46 (0xb8902673) x12 0x00000000
core   0: 0x80002a4a (0x00cb2023) sw      a2, 0(s6)
core   0: 3 0x80002a4a (0x00cb2023) mem 0x8ffffffc 0x00000000
core   0: 0x80002a4e (0x90000b37) lui     s6, 0x90000
core   0: 3 0x80002a4e (0x90000b37) x22 0x90000000
core   0: 0x80002a52 (0x00001b71) c.addi  s6, -4
core   0: 3 0x80002a52 (0x1b71) x22 0x8ffffffc
core   0: 0x80002a54 (0x00006605) c.lui   a2, 0x1
core   0: 3 0x80002a54 (0x6605) x12 0x00001000
core   0: 0x80002a56 (0xb0a60613) addi    a2, a2, -1270
core   0: 3 0x80002a56 (0xb0a60613) x12 0x00000b0a
core   0: 0x80002a5a (0x00000622) c.slli  a2, 8
core   0: 3 0x80002a5a (0x0622) x12 0x000b0a00
core   0: 0x80002a5c (0x0000060d) c.addi  a2, 3
core   0: 3 0x80002a5c (0x060d) x12 0x000b0a03
core   0: 0x80002a5e (0x00cb2023) sw      a2, 0(s6)
core   0: 3 0x80002a5e (0x00cb2023) mem 0x8ffffffc 0x000b0a03
core   0: 0x80002a62 (0xb0a02673) csrr    a2, mhpmcounter10
core   0: 3 0x80002a62 (0xb0a02673) x12 0x00000227
core   0: 0x80002a66 (0x00cb2023) sw      a2, 0(s6)
core   0: 3 0x80002a66 (0x00cb2023) mem 0x8ffffffc 0x00000227
core   0: 0x80002a6a (0x90000b37) lui     s6, 0x90000
core   0: 3 0x80002a6a (0x90000b37) x22 0x90000000
core   0: 0x80002a6e (0x00001b71) c.addi  s6, -4
core   0: 3 0x80002a6e (0x1b71) x22 0x8ffffffc
core   0: 0x80002a70 (0x00006605) c.lui   a2, 0x1
core   0: 3 0x80002a70 (0x6605) x12 0x00001000
core   0: 0x80002a72 (0xb8a60613) addi    a2, a2, -1142
core   0: 3 0x80002a72 (0xb8a60613) x12 0x00000b8a
core   0: 0x80002a76 (0x00000622) c.slli  a2, 8
core   0: 3 0x80002a76 (0x0622) x12 0x000b8a00
core   0: 0x80002a78 (0x0000060d) c.addi  a2, 3
core   0: 3 0x80002a78 (0x060d) x12 0x000b8a03
core   0: 0x80002a7a (0x00cb2023) sw      a2, 0(s6)
core   0: 3 0x80002a7a (0x00cb2023) mem 0x8ffffffc 0x000b8a03
core   0: 0x80002a7e (0xb8a02673) csrr    a2, mhpmcounter10h
core   0: 3 0x80002a7e (0xb8a02673) x12 0x00000000
core   0: 0x80002a82 (0x00cb2023) sw      a2, 0(s6)
core   0: 3 0x80002a82 (0x00cb2023) mem 0x8ffffffc 0x00000000
core   0: 0x80002a86 (0x90000b37) lui     s6, 0x90000
core   0: 3 0x80002a86 (0x90000b37) x22 0x90000000
core   0: 0x80002a8a (0x00001b71) c.addi  s6, -4
core   0: 3 0x80002a8a (0x1b71) x22 0x8ffffffc
core   0: 0x80002a8c (0x00006605) c.lui   a2, 0x1
core   0: 3 0x80002a8c (0x6605) x12 0x00001000
core   0: 0x80002a8e (0xb0b60613) addi    a2, a2, -1269
core   0: 3 0x80002a8e (0xb0b60613) x12 0x00000b0b
core   0: 0x80002a92 (0x00000622) c.slli  a2, 8
core   0: 3 0x80002a92 (0x0622) x12 0x000b0b00
core   0: 0x80002a94 (0x0000060d) c.addi  a2, 3
core   0: 3 0x80002a94 (0x060d) x12 0x000b0b03
core   0: 0x80002a96 (0x00cb2023) sw      a2, 0(s6)
core   0: 3 0x80002a96 (0x00cb2023) mem 0x8ffffffc 0x000b0b03
core   0: 0x80002a9a (0xb0b02673) csrr    a2, mhpmcounter11
core   0: 3 0x80002a9a (0xb0b02673) x12 0x000000c4
core   0: 0x80002a9e (0x00cb2023) sw      a2, 0(s6)
core   0: 3 0x80002a9e (0x00cb2023) mem 0x8ffffffc 0x000000c4
core   0: 0x80002aa2 (0x90000b37) lui     s6, 0x90000
core   0: 3 0x80002aa2 (0x90000b37) x22 0x90000000
core   0: 0x80002aa6 (0x00001b71) c.addi  s6, -4
core   0: 3 0x80002aa6 (0x1b71) x22 0x8ffffffc
core   0: 0x80002aa8 (0x00006605) c.lui   a2, 0x1
core   0: 3 0x80002aa8 (0x6605) x12 0x00001000
core   0: 0x80002aaa (0xb8b60613) addi    a2, a2, -1141
core   0: 3 0x80002aaa (0xb8b60613) x12 0x00000b8b
core   0: 0x80002aae (0x00000622) c.slli  a2, 8
core   0: 3 0x80002aae (0x0622) x12 0x000b8b00
core   0: 0x80002ab0 (0x0000060d) c.addi  a2, 3
core   0: 3 0x80002ab0 (0x060d) x12 0x000b8b03
core   0: 0x80002ab2 (0x00cb2023) sw      a2, 0(s6)
core   0: 3 0x80002ab2 (0x00cb2023) mem 0x8ffffffc 0x000b8b03
core   0: 0x80002ab6 (0xb8b02673) csrr    a2, mhpmcounter11h
core   0: 3 0x80002ab6 (0xb8b02673) x12 0x00000000
core   0: 0x80002aba (0x00cb2023) sw      a2, 0(s6)
core   0: 3 0x80002aba (0x00cb2023) mem 0x8ffffffc 0x00000000
core   0: 0x80002abe (0x90000b37) lui     s6, 0x90000
core   0: 3 0x80002abe (0x90000b37) x22 0x90000000
core   0: 0x80002ac2 (0x00001b71) c.addi  s6, -4
core   0: 3 0x80002ac2 (0x1b71) x22 0x8ffffffc
core   0: 0x80002ac4 (0x00006605) c.lui   a2, 0x1
core   0: 3 0x80002ac4 (0x6605) x12 0x00001000
core   0: 0x80002ac6 (0xb0c60613) addi    a2, a2, -1268
core   0: 3 0x80002ac6 (0xb0c60613) x12 0x00000b0c
core   0: 0x80002aca (0x00000622) c.slli  a2, 8
core   0: 3 0x80002aca (0x0622) x12 0x000b0c00
core   0: 0x80002acc (0x0000060d) c.addi  a2, 3
core   0: 3 0x80002acc (0x060d) x12 0x000b0c03
core   0: 0x80002ace (0x00cb2023) sw      a2, 0(s6)
core   0: 3 0x80002ace (0x00cb2023) mem 0x8ffffffc 0x000b0c03
core   0: 0x80002ad2 (0xb0c02673) csrr    a2, mhpmcounter12
core   0: 3 0x80002ad2 (0xb0c02673) x12 0x00000a74
core   0: 0x80002ad6 (0x00cb2023) sw      a2, 0(s6)
core   0: 3 0x80002ad6 (0x00cb2023) mem 0x8ffffffc 0x00000a74
core   0: 0x80002ada (0x90000b37) lui     s6, 0x90000
core   0: 3 0x80002ada (0x90000b37) x22 0x90000000
core   0: 0x80002ade (0x00001b71) c.addi  s6, -4
core   0: 3 0x80002ade (0x1b71) x22 0x8ffffffc
core   0: 0x80002ae0 (0x00006605) c.lui   a2, 0x1
core   0: 3 0x80002ae0 (0x6605) x12 0x00001000
core   0: 0x80002ae2 (0xb8c60613) addi    a2, a2, -1140
core   0: 3 0x80002ae2 (0xb8c60613) x12 0x00000b8c
core   0: 0x80002ae6 (0x00000622) c.slli  a2, 8
core   0: 3 0x80002ae6 (0x0622) x12 0x000b8c00
core   0: 0x80002ae8 (0x0000060d) c.addi  a2, 3
core   0: 3 0x80002ae8 (0x060d) x12 0x000b8c03
core   0: 0x80002aea (0x00cb2023) sw      a2, 0(s6)
core   0: 3 0x80002aea (0x00cb2023) mem 0x8ffffffc 0x000b8c03
core   0: 0x80002aee (0xb8c02673) csrr    a2, mhpmcounter12h
core   0: 3 0x80002aee (0xb8c02673) x12 0x00000000
core   0: 0x80002af2 (0x00cb2023) sw      a2, 0(s6)
core   0: 3 0x80002af2 (0x00cb2023) mem 0x8ffffffc 0x00000000
core   0: 0x80002af6 (0xffffd617) auipc   a2, 0xffffd
core   0: 3 0x80002af6 (0xffffd617) x12 0x7ffffaf6
core   0: 0x80002afa (0x58a60613) addi    a2, a2, 1418
core   0: 3 0x80002afa (0x58a60613) x12 0x80000080
core   0: 0x80002afe (0x00062023) sw      zero, 0(a2)
core   0: 3 0x80002afe (0x00062023) mem 0x80000080 0x00000000
core   0: 0x80002b02 (0x00162223) sw      ra, 4(a2)
core   0: 3 0x80002b02 (0x00162223) mem 0x80000084 0x00000068
core   0: 0x80002b06 (0x00262423) sw      sp, 8(a2)
core   0: 3 0x80002b06 (0x00262423) mem 0x80000088 0x32f696ae
core   0: 0x80002b0a (0x00362623) sw      gp, 12(a2)
core   0: 3 0x80002b0a (0x00362623) mem 0x8000008c 0xffffffff
core   0: 0x80002b0e (0x00462823) sw      tp, 16(a2)
core   0: 3 0x80002b0e (0x00462823) mem 0x80000090 0x0001a000
core   0: 0x80002b12 (0x00562a23) sw      t0, 20(a2)
core   0: 3 0x80002b12 (0x00562a23) mem 0x80000094 0x00000000
core   0: 0x80002b16 (0x00662c23) sw      t1, 24(a2)
core   0: 3 0x80002b16 (0x00662c23) mem 0x80000098 0x93502000
core   0: 0x80002b1a (0x00762e23) sw      t2, 28(a2)
core   0: 3 0x80002b1a (0x00762e23) mem 0x8000009c 0x00000000
core   0: 0x80002b1e (0x0000d200) c.sw    s0, 32(a2)
core   0: 3 0x80002b1e (0xd200) mem 0x800000a0 0x80000352
core   0: 0x80002b20 (0x0000d244) c.sw    s1, 36(a2)
core   0: 3 0x80002b20 (0xd244) mem 0x800000a4 0xffffffff
core   0: 0x80002b22 (0x0000d608) c.sw    a0, 40(a2)
core   0: 3 0x80002b22 (0xd608) mem 0x800000a8 0x0000067f
core   0: 0x80002b24 (0x0000d64c) c.sw    a1, 44(a2)
core   0: 3 0x80002b24 (0xd64c) mem 0x800000ac 0x00000000
core   0: 0x80002b26 (0x0000da10) c.sw    a2, 48(a2)
core   0: 3 0x80002b26 (0xda10) mem 0x800000b0 0x80000080
core   0: 0x80002b28 (0x0000da54) c.sw    a3, 52(a2)
core   0: 3 0x80002b28 (0xda54) mem 0x800000b4 0x00000000
core   0: 0x80002b2a (0x0000de18) c.sw    a4, 56(a2)
core   0: 3 0x80002b2a (0xde18) mem 0x800000b8 0x00000018
core   0: 0x80002b2c (0x0000de5c) c.sw    a5, 60(a2)
core   0: 3 0x80002b2c (0xde5c) mem 0x800000bc 0x00000000
core   0: 0x80002b2e (0x05062023) sw      a6, 64(a2)
core   0: 3 0x80002b2e (0x05062023) mem 0x800000c0 0xffffffff
core   0: 0x80002b32 (0x05162223) sw      a7, 68(a2)
core   0: 3 0x80002b32 (0x05162223) mem 0x800000c4 0x00000000
core   0: 0x80002b36 (0x05262423) sw      s2, 72(a2)
core   0: 3 0x80002b36 (0x05262423) mem 0x800000c8 0x00000000
core   0: 0x80002b3a (0x05362623) sw      s3, 76(a2)
core   0: 3 0x80002b3a (0x05362623) mem 0x800000cc 0x80035c60
core   0: 0x80002b3e (0x05462823) sw      s4, 80(a2)
core   0: 3 0x80002b3e (0x05462823) mem 0x800000d0 0xffff8000
core   0: 0x80002b42 (0x05562a23) sw      s5, 84(a2)
core   0: 3 0x80002b42 (0x05562a23) mem 0x800000d4 0x00000000
core   0: 0x80002b46 (0x05662c23) sw      s6, 88(a2)
core   0: 3 0x80002b46 (0x05662c23) mem 0x800000d8 0x8ffffffc
core   0: 0x80002b4a (0x05762e23) sw      s7, 92(a2)
core   0: 3 0x80002b4a (0x05762e23) mem 0x800000dc 0xffffffff
core   0: 0x80002b4e (0x07862023) sw      s8, 96(a2)
core   0: 3 0x80002b4e (0x07862023) mem 0x800000e0 0x00000001
core   0: 0x80002b52 (0x07962223) sw      s9, 100(a2)
core   0: 3 0x80002b52 (0x07962223) mem 0x800000e4 0x80035c60
core   0: 0x80002b56 (0x07a62423) sw      s10, 104(a2)
core   0: 3 0x80002b56 (0x07a62423) mem 0x800000e8 0xffffffff
core   0: 0x80002b5a (0x07b62623) sw      s11, 108(a2)
core   0: 3 0x80002b5a (0x07b62623) mem 0x800000ec 0x00000000
core   0: 0x80002b5e (0x07c62823) sw      t3, 112(a2)
core   0: 3 0x80002b5e (0x07c62823) mem 0x800000f0 0x00000000
core   0: 0x80002b62 (0x07d62a23) sw      t4, 116(a2)
core   0: 3 0x80002b62 (0x07d62a23) mem 0x800000f4 0xfffffeaf
core   0: 0x80002b66 (0x07e62c23) sw      t5, 120(a2)
core   0: 3 0x80002b66 (0x07e62c23) mem 0x800000f8 0x00000000
core   0: 0x80002b6a (0x07f62e23) sw      t6, 124(a2)
core   0: 3 0x80002b6a (0x07f62e23) mem 0x800000fc 0x00000000
core   0: 0x80002b6e (0x34102673) csrr    a2, mepc
core   0: 3 0x80002b6e (0x34102673) x12 0x80000362
core   0: 0x80002b72 (0x00000611) c.addi  a2, 4
core   0: 3 0x80002b72 (0x0611) x12 0x80000366
core   0: 0x80002b74 (0x34161073) csrw    mepc, a2
core   0: 3 0x80002b74 (0x34161073) c833_mepc 0x80000366
core   0: 0x80002b78 (0x30200073) mret
core   0: 3 0x80002b78 (0x30200073) c768_mstatus 0x00000080
core   0: 0x80000366 (0x90000b37) lui     s6, 0x90000
core   0: 3 0x80000366 (0x90000b37) x22 0x90000000
core   0: 0x8000036a (0x00001b61) c.addi  s6, -8
core   0: 3 0x8000036a (0x1b61) x22 0x8ffffff8
core   0: 0x8000036c (0x00004605) c.li    a2, 1
core   0: 3 0x8000036c (0x4605) x12 0x00000001
core   0: 0x8000036e (0x00000622) c.slli  a2, 8
core   0: 3 0x8000036e (0x0622) x12 0x00000100
core   0: 0x80000370 (0x00000605) c.addi  a2, 1
core   0: 3 0x80000370 (0x0605) x12 0x00000101
core   0: 0x80000372 (0x00cb2023) sw      a2, 0(s6)
core   0: 3 0x80000372 (0x00cb2023) mem 0x8ffffff8 0x00000101
core   0: 0x80000376 (0x00000073) ecall
core   0: exception trap_machine_ecall, epc 0x80000376
core   0: 0x80002700 (0x0800006f) j       pc + 0x80
core   0: 3 0x80002700 (0x0800006f)
core   0: 0x80002780 (0x00001cf1) c.addi  s9, -4
core   0: 3 0x80002780 (0x1cf1) x25 0x80035c5c
core   0: 0x80002782 (0x013ca023) sw      s3, 0(s9)
core   0: 3 0x80002782 (0x013ca023) mem 0x80035c5c 0x80035c60
core   0: 0x80002786 (0x000c89b3) add     s3, s9, zero
core   0: 3 0x80002786 (0x000c89b3) x19 0x80035c5c
core   0: 0x8000278a (0xf8098993) addi    s3, s3, -128
core   0: 3 0x8000278a (0xf8098993) x19 0x80035bdc
core   0: 0x8000278e (0x0019a223) sw      ra, 4(s3)
core   0: 3 0x8000278e (0x0019a223) mem 0x80035be0 0x00000068
core   0: 0x80002792 (0x0029a423) sw      sp, 8(s3)
core   0: 3 0x80002792 (0x0029a423) mem 0x80035be4 0x32f696ae
core   0: 0x80002796 (0x0039a623) sw      gp, 12(s3)
core   0: 3 0x80002796 (0x0039a623) mem 0x80035be8 0xffffffff
core   0: 0x8000279a (0x0049a823) sw      tp, 16(s3)
core   0: 3 0x8000279a (0x0049a823) mem 0x80035bec 0x0001a000
core   0: 0x8000279e (0x0059aa23) sw      t0, 20(s3)
core   0: 3 0x8000279e (0x0059aa23) mem 0x80035bf0 0x00000000
core   0: 0x800027a2 (0x0069ac23) sw      t1, 24(s3)
core   0: 3 0x800027a2 (0x0069ac23) mem 0x80035bf4 0x93502000
core   0: 0x800027a6 (0x0079ae23) sw      t2, 28(s3)
core   0: 3 0x800027a6 (0x0079ae23) mem 0x80035bf8 0x00000000
core   0: 0x800027aa (0x0289a023) sw      s0, 32(s3)
core   0: 3 0x800027aa (0x0289a023) mem 0x80035bfc 0x80000352
core   0: 0x800027ae (0x0299a223) sw      s1, 36(s3)
core   0: 3 0x800027ae (0x0299a223) mem 0x80035c00 0xffffffff
core   0: 0x800027b2 (0x02a9a423) sw      a0, 40(s3)
core   0: 3 0x800027b2 (0x02a9a423) mem 0x80035c04 0x0000067f
core   0: 0x800027b6 (0x02b9a623) sw      a1, 44(s3)
core   0: 3 0x800027b6 (0x02b9a623) mem 0x80035c08 0x00000000
core   0: 0x800027ba (0x02c9a823) sw      a2, 48(s3)
core   0: 3 0x800027ba (0x02c9a823) mem 0x80035c0c 0x00000101
core   0: 0x800027be (0x02d9aa23) sw      a3, 52(s3)
core   0: 3 0x800027be (0x02d9aa23) mem 0x80035c10 0x00000000
core   0: 0x800027c2 (0x02e9ac23) sw      a4, 56(s3)
core   0: 3 0x800027c2 (0x02e9ac23) mem 0x80035c14 0x00000018
core   0: 0x800027c6 (0x02f9ae23) sw      a5, 60(s3)
core   0: 3 0x800027c6 (0x02f9ae23) mem 0x80035c18 0x00000000
core   0: 0x800027ca (0x0509a023) sw      a6, 64(s3)
core   0: 3 0x800027ca (0x0509a023) mem 0x80035c1c 0xffffffff
core   0: 0x800027ce (0x0519a223) sw      a7, 68(s3)
core   0: 3 0x800027ce (0x0519a223) mem 0x80035c20 0x00000000
