Time	Cycle	PC	Insn	Decoded instruction	Register and memory contents
       15315000	       664	80000080	40001637	lui	x12,0x40001	 x12=0x40001000
       15335000	       665	80000084	10660613	addi	x12,x12,262	 x12:0x40001000 x12=0x40001106
       15355000	       666	80000088	30161073	csrrw	x0,misa,x12	 x12:0x40001106  x0=0x00000000
       15475000	       672	8000008c	00036c97	auipc	x25,0x36	 x25=0x8003608c
       15495000	       673	80000090	c58c8c93	addi	x25,x25,-936	 x25:0x8003608c x25=0x80035ce4
       15595000	       678	80000094	00002617	auipc	x12,0x2	 x12=0x80002094
       15615000	       679	80000098	66c60613	addi	x12,x12,1644	 x12:0x80002094 x12=0x80002700
       15635000	       680	8000009c	00166613	ori	x12,x12,1	 x12:0x80002700 x12=0x80002701
       15655000	       681	800000a0	30561073	csrrw	x0,mtvec,x12	 x12:0x80002701  x0=0x00000000
       15715000	       684	800000a4	74725073	csrrwi	x0,0x747,4	  x0=0x00000000
       15775000	       687	800000a8	00003417	auipc	x8,0x3	  x8=0x800030a8
       15795000	       688	800000ac	3cc40413	addi	x8,x8,972	  x8:0x800030a8  x8=0x80003474
       15815000	       689	800000b0	4601	c.li	x12,0	 x12=0x00000000
       15835000	       690	800000b2	9432	c.add	x8,x12	  x8:0x80003474 x12:0x00000000  x8=0x80003474
       15955000	       696	800000b4	8009	c.srli	x8,0x2	  x8:0x80003474  x8=0x20000d1d
       16055000	       701	800000b6	3b041073	csrrw	x0,pmpaddr0,x8	  x8:0x20000d1d  x0=0x00000000
       16215000	       709	800000ba	00003417	auipc	x8,0x3	  x8=0x800030ba
       16235000	       710	800000be	3ba40413	addi	x8,x8,954	  x8:0x800030ba  x8=0x80003474
       16255000	       711	800000c2	11111637	lui	x12,0x11111	 x12=0x11111000
       16275000	       712	800000c6	11160613	addi	x12,x12,273	 x12:0x11111000 x12=0x11111111
       16295000	       713	800000ca	9432	c.add	x8,x12	  x8:0x80003474 x12:0x11111111  x8=0x91114585
       16375000	       717	800000cc	8009	c.srli	x8,0x2	  x8:0x91114585  x8=0x24445161
       16495000	       723	800000ce	3b141073	csrrw	x0,pmpaddr1,x8	  x8:0x24445161  x0=0x00000000
       16655000	       731	800000d2	00003417	auipc	x8,0x3	  x8=0x800030d2
       16955000	       746	800000d6	3a240413	addi	x8,x8,930	  x8:0x800030d2  x8=0x80003474
       17055000	       751	800000da	22222637	lui	x12,0x22222	 x12=0x22222000
       17075000	       752	800000de	22260613	addi	x12,x12,546	 x12:0x22222000 x12=0x22222222
       17095000	       753	800000e2	9432	c.add	x8,x12	  x8:0x80003474 x12:0x22222222  x8=0xa2225696
       17255000	       761	800000e4	8009	c.srli	x8,0x2	  x8:0xa2225696  x8=0x288895a5
       17655000	       781	800000e6	3b241073	csrrw	x0,pmpaddr2,x8	  x8:0x288895a5  x0=0x00000000
       17735000	       785	800000ea	00003417	auipc	x8,0x3	  x8=0x800030ea
       17995000	       798	800000ee	38a40413	addi	x8,x8,906	  x8:0x800030ea  x8=0x80003474
       18115000	       804	800000f2	33333637	lui	x12,0x33333	 x12=0x33333000
       18255000	       811	800000f6	33360613	addi	x12,x12,819	 x12:0x33333000 x12=0x33333333
       18275000	       812	800000fa	9432	c.add	x8,x12	  x8:0x80003474 x12:0x33333333  x8=0xb33367a7
       18295000	       813	800000fc	8009	c.srli	x8,0x2	  x8:0xb33367a7  x8=0x2cccd9e9
       18315000	       814	800000fe	3b341073	csrrw	x0,pmpaddr3,x8	  x8:0x2cccd9e9  x0=0x00000000
       18435000	       820	80000102	0f0f1437	lui	x8,0xf0f1	  x8=0x0f0f1000
       18575000	       827	80000106	f0f40413	addi	x8,x8,-241	  x8:0x0f0f1000  x8=0x0f0f0f0f
       18595000	       828	8000010a	3a041073	csrrw	x0,pmpcfg0,x8	  x8:0x0f0f0f0f  x0=0x00000000
       18775000	       837	8000010e	00003417	auipc	x8,0x3	  x8=0x8000310e
       19195000	       858	80000112	36640413	addi	x8,x8,870	  x8:0x8000310e  x8=0x80003474
       19215000	       859	80000116	44444637	lui	x12,0x44444	 x12=0x44444000
       19235000	       860	8000011a	44460613	addi	x12,x12,1092	 x12:0x44444000 x12=0x44444444
       19255000	       861	8000011e	9432	c.add	x8,x12	  x8:0x80003474 x12:0x44444444  x8=0xc44478b8
       19655000	       881	80000120	8009	c.srli	x8,0x2	  x8:0xc44478b8  x8=0x31111e2e
       19675000	       882	80000122	3b441073	csrrw	x0,pmpaddr4,x8	  x8:0x31111e2e  x0=0x00000000
       19735000	       885	80000126	00003417	auipc	x8,0x3	  x8=0x80003126
       19995000	       898	8000012a	34e40413	addi	x8,x8,846	  x8:0x80003126  x8=0x80003474
       20015000	       899	8000012e	55555637	lui	x12,0x55555	 x12=0x55555000
       20035000	       900	80000132	55560613	addi	x12,x12,1365	 x12:0x55555000 x12=0x55555555
       20055000	       901	80000136	9432	c.add	x8,x12	  x8:0x80003474 x12:0x55555555  x8=0xd55589c9
       20075000	       902	80000138	8009	c.srli	x8,0x2	  x8:0xd55589c9  x8=0x35556272
       20475000	       922	8000013a	3b541073	csrrw	x0,pmpaddr5,x8	  x8:0x35556272  x0=0x00000000
       20835000	       940	8000013e	00003417	auipc	x8,0x3	  x8=0x8000313e
       20855000	       941	80000142	33640413	addi	x8,x8,822	  x8:0x8000313e  x8=0x80003474
       20895000	       943	80000146	66666637	lui	x12,0x66666	 x12=0x66666000
       20915000	       944	8000014a	66660613	addi	x12,x12,1638	 x12:0x66666000 x12=0x66666666
       20935000	       945	8000014e	9432	c.add	x8,x12	  x8:0x80003474 x12:0x66666666  x8=0xe6669ada
       20955000	       946	80000150	8009	c.srli	x8,0x2	  x8:0xe6669ada  x8=0x3999a6b6
       21255000	       961	80000152	3b641073	csrrw	x0,pmpaddr6,x8	  x8:0x3999a6b6  x0=0x00000000
       21315000	       964	80000156	00003417	auipc	x8,0x3	  x8=0x80003156
       21615000	       979	8000015a	31e40413	addi	x8,x8,798	  x8:0x80003156  x8=0x80003474
       21635000	       980	8000015e	77777637	lui	x12,0x77777	 x12=0x77777000
       21655000	       981	80000162	77760613	addi	x12,x12,1911	 x12:0x77777000 x12=0x77777777
       21675000	       982	80000166	9432	c.add	x8,x12	  x8:0x80003474 x12:0x77777777  x8=0xf777abeb
       21695000	       983	80000168	8009	c.srli	x8,0x2	  x8:0xf777abeb  x8=0x3dddeafa
       21895000	       993	8000016a	3b741073	csrrw	x0,pmpaddr7,x8	  x8:0x3dddeafa  x0=0x00000000
       21955000	       996	8000016e	0f0f1437	lui	x8,0xf0f1	  x8=0x0f0f1000
       21975000	       997	80000172	f0f40413	addi	x8,x8,-241	  x8:0x0f0f1000  x8=0x0f0f0f0f
       21995000	       998	80000176	3a141073	csrrw	x0,pmpcfg1,x8	  x8:0x0f0f0f0f  x0=0x00000000
       22055000	      1001	8000017a	00003417	auipc	x8,0x3	  x8=0x8000317a
       22155000	      1006	8000017e	2fa40413	addi	x8,x8,762	  x8:0x8000317a  x8=0x80003474
       22175000	      1007	80000182	88889637	lui	x12,0x88889	 x12=0x88889000
       22195000	      1008	80000186	88860613	addi	x12,x12,-1912	 x12:0x88889000 x12=0x88888888
       22215000	      1009	8000018a	9432	c.add	x8,x12	  x8:0x80003474 x12:0x88888888  x8=0x0888bcfc
       22235000	      1010	8000018c	8009	c.srli	x8,0x2	  x8:0x0888bcfc  x8=0x02222f3f
       22255000	      1011	8000018e	3b841073	csrrw	x0,pmpaddr8,x8	  x8:0x02222f3f  x0=0x00000000
       22375000	      1017	80000192	00003417	auipc	x8,0x3	  x8=0x80003192
       22395000	      1018	80000196	2e240413	addi	x8,x8,738	  x8:0x80003192  x8=0x80003474
       22575000	      1027	8000019a	9999a637	lui	x12,0x9999a	 x12=0x9999a000
       22595000	      1028	8000019e	99960613	addi	x12,x12,-1639	 x12:0x9999a000 x12=0x99999999
       22615000	      1029	800001a2	9432	c.add	x8,x12	  x8:0x80003474 x12:0x99999999  x8=0x1999ce0d
       22695000	      1033	800001a4	8009	c.srli	x8,0x2	  x8:0x1999ce0d  x8=0x06667383
       22715000	      1034	800001a6	3b941073	csrrw	x0,pmpaddr9,x8	  x8:0x06667383  x0=0x00000000
       22855000	      1041	800001aa	00003417	auipc	x8,0x3	  x8=0x800031aa
       23255000	      1061	800001ae	2ca40413	addi	x8,x8,714	  x8:0x800031aa  x8=0x80003474
       23275000	      1062	800001b2	aaaab637	lui	x12,0xaaaab	 x12=0xaaaab000
       23475000	      1072	800001b6	aaa60613	addi	x12,x12,-1366	 x12:0xaaaab000 x12=0xaaaaaaaa
       23495000	      1073	800001ba	9432	c.add	x8,x12	  x8:0x80003474 x12:0xaaaaaaaa  x8=0x2aaadf1e
       23515000	      1074	800001bc	8009	c.srli	x8,0x2	  x8:0x2aaadf1e  x8=0x0aaab7c7
       23635000	      1080	800001be	3ba41073	csrrw	x0,pmpaddr10,x8	  x8:0x0aaab7c7  x0=0x00000000
       23695000	      1083	800001c2	00003417	auipc	x8,0x3	  x8=0x800031c2
       24075000	      1102	800001c6	2b240413	addi	x8,x8,690	  x8:0x800031c2  x8=0x80003474
       24215000	      1109	800001ca	bbbbc637	lui	x12,0xbbbbc	 x12=0xbbbbc000
       24555000	      1126	800001ce	bbb60613	addi	x12,x12,-1093	 x12:0xbbbbc000 x12=0xbbbbbbbb
       24575000	      1127	800001d2	9432	c.add	x8,x12	  x8:0x80003474 x12:0xbbbbbbbb  x8=0x3bbbf02f
       24595000	      1128	800001d4	8009	c.srli	x8,0x2	  x8:0x3bbbf02f  x8=0x0eeefc0b
       24775000	      1137	800001d6	3bb41073	csrrw	x0,pmpaddr11,x8	  x8:0x0eeefc0b  x0=0x00000000
       24955000	      1146	800001da	0f0f1437	lui	x8,0xf0f1	  x8=0x0f0f1000
       25075000	      1152	800001de	f0f40413	addi	x8,x8,-241	  x8:0x0f0f1000  x8=0x0f0f0f0f
       25495000	      1173	800001e2	3a241073	csrrw	x0,pmpcfg2,x8	  x8:0x0f0f0f0f  x0=0x00000000
       25595000	      1178	800001e6	00003417	auipc	x8,0x3	  x8=0x800031e6
       25695000	      1183	800001ea	28e40413	addi	x8,x8,654	  x8:0x800031e6  x8=0x80003474
       25715000	      1184	800001ee	ccccd637	lui	x12,0xccccd	 x12=0xccccd000
       26135000	      1205	800001f2	ccc60613	addi	x12,x12,-820	 x12:0xccccd000 x12=0xcccccccc
       26155000	      1206	800001f6	9432	c.add	x8,x12	  x8:0x80003474 x12:0xcccccccc  x8=0x4ccd0140
       26175000	      1207	800001f8	8009	c.srli	x8,0x2	  x8:0x4ccd0140  x8=0x13334050
       26195000	      1208	800001fa	3bc41073	csrrw	x0,pmpaddr12,x8	  x8:0x13334050  x0=0x00000000
       26255000	      1211	800001fe	00003417	auipc	x8,0x3	  x8=0x800031fe
       26275000	      1212	80000202	27640413	addi	x8,x8,630	  x8:0x800031fe  x8=0x80003474
       26595000	      1228	80000206	dddde637	lui	x12,0xdddde	 x12=0xdddde000
       26615000	      1229	8000020a	ddd60613	addi	x12,x12,-547	 x12:0xdddde000 x12=0xdddddddd
       26635000	      1230	8000020e	9432	c.add	x8,x12	  x8:0x80003474 x12:0xdddddddd  x8=0x5dde1251
       26655000	      1231	80000210	8009	c.srli	x8,0x2	  x8:0x5dde1251  x8=0x17778494
       26675000	      1232	80000212	3bd41073	csrrw	x0,pmpaddr13,x8	  x8:0x17778494  x0=0x00000000
       26755000	      1236	80000216	00003417	auipc	x8,0x3	  x8=0x80003216
       26995000	      1248	8000021a	25e40413	addi	x8,x8,606	  x8:0x80003216  x8=0x80003474
       27015000	      1249	8000021e	eeeef637	lui	x12,0xeeeef	 x12=0xeeeef000
       27175000	      1257	80000222	eee60613	addi	x12,x12,-274	 x12:0xeeeef000 x12=0xeeeeeeee
       27195000	      1258	80000226	9432	c.add	x8,x12	  x8:0x80003474 x12:0xeeeeeeee  x8=0x6eef2362
       27455000	      1271	80000228	8009	c.srli	x8,0x2	  x8:0x6eef2362  x8=0x1bbbc8d8
       27475000	      1272	8000022a	3be41073	csrrw	x0,pmpaddr14,x8	  x8:0x1bbbc8d8  x0=0x00000000
       27535000	      1275	8000022e	00003417	auipc	x8,0x3	  x8=0x8000322e
       27555000	      1276	80000232	24640413	addi	x8,x8,582	  x8:0x8000322e  x8=0x80003474
       27575000	      1277	80000236	fff00613	addi	x12,x0,-1	  x0:0x00000000 x12=0xffffffff
       27595000	      1278	8000023a	9432	c.add	x8,x12	  x8:0x80003474 x12:0xffffffff  x8=0x80003473
       27615000	      1279	8000023c	8009	c.srli	x8,0x2	  x8:0x80003473  x8=0x20000d1c
       27635000	      1280	8000023e	3bf41073	csrrw	x0,pmpaddr15,x8	  x8:0x20000d1c  x0=0x00000000
       27795000	      1288	80000242	0f0f1437	lui	x8,0xf0f1	  x8=0x0f0f1000
       27815000	      1289	80000246	f0f40413	addi	x8,x8,-241	  x8:0x0f0f1000  x8=0x0f0f0f0f
       27975000	      1297	8000024a	3a341073	csrrw	x0,pmpcfg3,x8	  x8:0x0f0f0f0f  x0=0x00000000
       28035000	      1300	8000024e	00000617	auipc	x12,0x0	 x12=0x8000024e
       28075000	      1302	80000252	05860613	addi	x12,x12,88	 x12:0x8000024e x12=0x800002a6
       28095000	      1303	80000256	34161073	csrrw	x0,mepc,x12	 x12:0x800002a6  x0=0x00000000
       28275000	      1312	8000025a	7c00d073	csrrwi	x0,0x7c0,1	  x0=0x00000000
       28335000	      1315	8000025e	6609	c.lui	x12,0x2	 x12=0x00002000
       28495000	      1323	80000260	80060613	addi	x12,x12,-2048	 x12:0x00002000 x12=0x00001800
       28775000	      1337	80000264	30061073	csrrw	x0,mstatus,x12	 x12:0x00001800  x0=0x00000000
       28855000	      1341	80000268	4601	c.li	x12,0	 x12=0x00000000
       28995000	      1348	8000026a	30461073	csrrw	x0,mie,x12	 x12:0x00000000  x0=0x00000000
       29335000	      1365	8000026e	90000b37	lui	x22,0x90000	 x22=0x90000000
       29355000	      1366	80000272	1b71	c.addi	x22,-4	 x22:0x90000000 x22=0x8ffffffc
       29495000	      1373	80000274	30000613	addi	x12,x0,768	  x0:0x00000000 x12=0x00000300
       29595000	      1378	80000278	0622	c.slli	x12,0x8	 x12:0x00000300 x12=0x00030000
       29615000	      1379	8000027a	060d	c.addi	x12,3	 x12:0x00030000 x12=0x00030003
       29735000	      1385	8000027c	00cb2023	sw	x12,0(x22)	 x22:0x8ffffffc x12:0x00030003 PA:0x8ffffffc store:0x00030003 load:0xffffffff
       30035000	      1400	80000280	30002673	csrrs	x12,mstatus,x0	  x0:0x00000000 x12=0x00001800
       30275000	      1412	80000284	00cb2023	sw	x12,0(x22)	 x22:0x8ffffffc x12:0x00001800 PA:0x8ffffffc store:0x00001800 load:0xffffffff
       30295000	      1413	80000288	90000b37	lui	x22,0x90000	 x22=0x90000000
       30495000	      1423	8000028c	1b71	c.addi	x22,-4	 x22:0x90000000 x22=0x8ffffffc
       30515000	      1424	8000028e	30400613	addi	x12,x0,772	  x0:0x00000000 x12=0x00000304
       30535000	      1425	80000292	0622	c.slli	x12,0x8	 x12:0x00000304 x12=0x00030400
       30555000	      1426	80000294	060d	c.addi	x12,3	 x12:0x00030400 x12=0x00030403
       30675000	      1432	80000296	00cb2023	sw	x12,0(x22)	 x22:0x8ffffffc x12:0x00030403 PA:0x8ffffffc store:0x00030403 load:0xffffffff
       30695000	      1433	8000029a	30402673	csrrs	x12,mie,x0	  x0:0x00000000 x12=0x00000000
       30715000	      1434	8000029e	00cb2023	sw	x12,0(x22)	 x22:0x8ffffffc x12:0x00000000 PA:0x8ffffffc store:0x00000000 load:0xffffffff
       30735000	      1435	800002a2	30200073	mret	
       30815000	      1439	800002a6	cdc0a037	lui	x0,0xcdc0a	  x0=0x00000000
       30835000	      1440	800002aa	ec900013	addi	x0,x0,-311	  x0:0x00000000  x0=0x00000000
       31695000	      1483	800002ae	800000b7	lui	x1,0x80000	  x1=0x80000000
       31715000	      1484	800002b2	80000137	lui	x2,0x80000	  x2=0x80000000
       31795000	      1488	800002b6	fff6f1b7	lui	x3,0xfff6f	  x3=0xfff6f000
       31815000	      1489	800002ba	beb18193	addi	x3,x3,-1045	  x3:0xfff6f000  x3=0xfff6ebeb
       31835000	      1490	800002be	420d	c.li	x4,3	  x4=0x00000003
       32015000	      1499	800002c0	4281	c.li	x5,0	  x5=0x00000000
       32035000	      1500	800002c2	80000337	lui	x6,0x80000	  x6=0x80000000
       32255000	      1511	800002c6	faeba3b7	lui	x7,0xfaeba	  x7=0xfaeba000
       32275000	      1512	800002ca	c0938393	addi	x7,x7,-1015	  x7:0xfaeba000  x7=0xfaeb9c09
       32295000	      1513	800002ce	4411	c.li	x8,4	  x8=0x00000004
       32315000	      1514	800002d0	4499	c.li	x9,6	  x9=0x00000006
       32395000	      1518	800002d2	ff3c4537	lui	x10,0xff3c4	 x10=0xff3c4000
       32555000	      1526	800002d6	09b50513	addi	x10,x10,155	 x10:0xff3c4000 x10=0xff3c409b
       32575000	      1527	800002da	f8f265b7	lui	x11,0xf8f26	 x11=0xf8f26000
       32595000	      1528	800002de	25c58593	addi	x11,x11,604	 x11:0xf8f26000 x11=0xf8f2625c
       32615000	      1529	800002e2	80000637	lui	x12,0x80000	 x12=0x80000000
       32635000	      1530	800002e6	46ad	c.li	x13,11	 x13=0x0000000b
       32715000	      1534	800002e8	7f8da737	lui	x14,0x7f8da	 x14=0x7f8da000
       32735000	      1535	800002ec	33470713	addi	x14,x14,820	 x14:0x7f8da000 x14=0x7f8da334
       32975000	      1547	800002f0	fd2187b7	lui	x15,0xfd218	 x15=0xfd218000
       32995000	      1548	800002f4	87b78793	addi	x15,x15,-1925	 x15:0xfd218000 x15=0xfd21787b
       33315000	      1564	800002f8	4801	c.li	x16,0	 x16=0x00000000
       33335000	      1565	800002fa	489d	c.li	x17,7	 x17=0x00000007
       33515000	      1574	800002fc	4911	c.li	x18,4	 x18=0x00000004
       33535000	      1575	800002fe	f15b6a37	lui	x20,0xf15b6	 x20=0xf15b6000
       33615000	      1579	80000302	b64a0a13	addi	x20,x20,-1180	 x20:0xf15b6000 x20=0xf15b5b64
       33635000	      1580	80000306	f2d69ab7	lui	x21,0xf2d69	 x21=0xf2d69000
       33655000	      1581	8000030a	361a8a93	addi	x21,x21,865	 x21:0xf2d69000 x21=0xf2d69361
       33675000	      1582	8000030e	4b01	c.li	x22,0	 x22=0x00000000
       33835000	      1590	80000310	8fde9bb7	lui	x23,0x8fde9	 x23=0x8fde9000
       34255000	      1611	80000314	a6fb8b93	addi	x23,x23,-1425	 x23:0x8fde9000 x23=0x8fde8a6f
       34315000	      1614	80000318	4c09	c.li	x24,2	 x24=0x00000002
       34335000	      1615	8000031a	7576bd37	lui	x26,0x7576b	 x26=0x7576b000
       34355000	      1616	8000031e	d53d0d13	addi	x26,x26,-685	 x26:0x7576b000 x26=0x7576ad53
       34775000	      1637	80000322	80000db7	lui	x27,0x80000	 x27=0x80000000
       34795000	      1638	80000326	4e01	c.li	x28,0	 x28=0x00000000
       34815000	      1639	80000328	d947feb7	lui	x29,0xd947f	 x29=0xd947f000
       35195000	      1658	8000032c	9b5e8e93	addi	x29,x29,-1611	 x29:0xd947f000 x29=0xd947e9b5
       35215000	      1659	80000330	4f2d	c.li	x30,11	 x30=0x0000000b
       35235000	      1660	80000332	4f8d	c.li	x31,3	 x31=0x00000003
       35255000	      1661	80000334	00032997	auipc	x19,0x32	 x19=0x80032334
       35275000	      1662	80000338	b3098993	addi	x19,x19,-1232	 x19:0x80032334 x19=0x80031e64
       35675000	      1682	8000033c	90000b37	lui	x22,0x90000	 x22=0x90000000
       35835000	      1690	80000340	1b71	c.addi	x22,-4	 x22:0x90000000 x22=0x8ffffffc
       35855000	      1691	80000342	4601	c.li	x12,0	 x12=0x00000000
       35915000	      1694	80000344	0622	c.slli	x12,0x8	 x12:0x00000000 x12=0x00000000
       36115000	      1704	80000346	00060613	addi	x12,x12,0	 x12:0x00000000 x12=0x00000000
       36575000	      1727	8000034a	00cb2023	sw	x12,0(x22)	 x22:0x8ffffffc x12:0x00000000 PA:0x8ffffffc store:0x00000000 load:0xffffffff
       36595000	      1728	8000034e	1260306f	jal	x0,80003474	  x0=0x00000000
       36915000	      1744	80003474	1b10	c.addi4spn	x12,x2,432	 x12=0x800001b0
       37035000	      1750	80003476	0ff0000f	fence	iorw,iorw	
       37055000	      1751	8000347a	01fb5b93	srli	x23,x22,0x1f	 x22:0x8ffffffc x23=0x00000001
       37075000	      1752	8000347e	00001317	auipc	x6,0x1	  x6=0x8000447e
       37095000	      1753	80003482	3e030313	addi	x6,x6,992	  x6:0x8000447e  x6=0x8000485e
       37115000	      1754	80003486	2a53a1b7	lui	x3,0x2a53a	  x3=0x2a53a000
       37135000	      1755	8000348a	1341	c.addi	x6,-16	  x6:0x8000485e  x6=0x8000484e
       37515000	      1774	8000348c	412bd533	sra	x10,x23,x18	 x23:0x00000001 x18:0x00000004 x10=0x00000000
       37695000	      1783	80003490	011300e7	jalr	x1,17(x6)	  x6:0x8000484e  x1=0x80003494
       38295000	      1813	8000485e	8c91	c.sub	x9,x12	  x9:0x00000006 x12:0x800001b0  x9=0x7ffffe56
       38415000	      1819	80004860	0ff0000f	fence	iorw,iorw	
       38575000	      1827	80004864	006beeb3	or	x29,x23,x6	 x23:0x00000001  x6:0x8000484e x29=0x8000484f
       38595000	      1828	80004868	340072f3	csrrci	x5,mscratch,0	  x5=0x00000000
       38695000	      1833	8000486c	340cd8f3	csrrwi	x17,mscratch,25	 x17=0x00000000
       38735000	      1835	80004870	e099	c.bnez	x9,80004876	  x9:0x7ffffe56
       39255000	      1861	80004876	19c1	c.addi	x19,-16	 x19:0x80031e64 x19=0x80031e54
       39335000	      1865	80004878	0019a223	sw	x1,4(x19)	 x19:0x80031e54  x1:0x80003494 PA:0x80031e58 store:0x80003494 load:0xffffffff
       40435000	      1920	8000487c	02254633	div	x12,x10,x2	 x10:0x00000000  x2:0x80000000 x12=0x00000000
       40455000	      1921	80004880	34045df3	csrrwi	x27,mscratch,8	 x27=0x00000019
       40475000	      1922	80004884	34043173	csrrc	x2,mscratch,x8	  x8:0x00000004  x2=0x00000008
       40495000	      1923	80004888	8eb9	c.xor	x13,x14	 x13:0x0000000b x14:0x7f8da334 x13=0x7f8da33f
       40515000	      1924	8000488a	77eaa913	slti	x18,x21,1918	 x21:0xf2d69361 x18=0x00000001
       40535000	      1925	8000488e	00016a17	auipc	x20,0x16	 x20=0x8001a88e
       40555000	      1926	80004892	2c2a0a13	addi	x20,x20,706	 x20:0x8001a88e x20=0x8001ab50
       40995000	      1948	80004896	340066f3	csrrsi	x13,mscratch,0	 x13=0x00000008
       41015000	      1949	8000489a	00437333	and	x6,x6,x4	  x6:0x8000484e  x4:0x00000003  x6=0x00000002
       41035000	      1950	8000489e	334a0a13	addi	x20,x20,820	 x20:0x8001ab50 x20=0x8001ae84
       41155000	      1956	800048a2	0108e963	bltu	x17,x16,800048b4	 x17:0x00000000 x16:0x00000000
       41175000	      1957	800048a6	9bfd	c.andi	x15,-1	 x15:0xfd21787b x15=0xfd21787b
       41235000	      1960	800048a8	0012e0b3	or	x1,x5,x1	  x5:0x00000000  x1:0x80003494  x1=0x80003494
       41295000	      1963	800048ac	3403ab73	csrrs	x22,mscratch,x7	  x7:0xfaeb9c09 x22=0x00000008
       41715000	      1984	800048b0	032f8db3	mul	x27,x31,x18	 x31:0x00000003 x18:0x00000001 x27=0x00000003
       41855000	      1991	800048b4	ccca00e7	jalr	x1,-820(x20)	 x20:0x8001ae84  x1=0x800048b8
       42175000	      2007	8001ab50	9736	c.add	x14,x13	 x14:0x7f8da334 x13:0x00000008 x14=0x7f8da33c
       42295000	      2013	8001ab52	01831463	bne	x6,x24,8001ab5a	  x6:0x00000002 x24:0x00000002
       42475000	      2022	8001ab56	340494f3	csrrw	x9,mscratch,x9	  x9:0x7ffffe56  x9=0xfaeb9c09
       42495000	      2023	8001ab5a	fcc98993	addi	x19,x19,-52	 x19:0x80031e54 x19=0x80031e20
       42515000	      2024	8001ab5e	4d51	c.li	x26,20	 x26=0x00000014
       42535000	      2025	8001ab60	4ab6a793	slti	x15,x13,1195	 x13:0x00000008 x15=0x00000001
       42675000	      2032	8001ab64	34081ff3	csrrw	x31,mscratch,x16	 x16:0x00000000 x31=0x7ffffe56
       42755000	      2036	8001ab68	5b9ad017	auipc	x0,0x5b9ad	  x0=0x00000000
       43215000	      2059	8001ab6c	0019a223	sw	x1,4(x19)	 x19:0x80031e20  x1:0x800048b8 PA:0x80031e24 store:0x800048b8 load:0xffffffff
       43235000	      2060	8001ab70	01ea5fb3	srl	x31,x20,x30	 x20:0x8001ae84 x30:0x0000000b x31=0x00100035
       43255000	      2061	8001ab74	00001197	auipc	x3,0x1	  x3=0x8001bb74
       43275000	      2062	8001ab78	59618193	addi	x3,x3,1430	  x3:0x8001bb74  x3=0x8001c10a
       43375000	      2067	8001ab7c	682d	c.lui	x16,0xb	 x16=0x0000b000
       43555000	      2076	8001ab7e	fbd18723	sb	x29,-82(x3)	  x3:0x8001c10a x29:0x8000484f PA:0x8001c0b8 store:0x8000484f load:0x000000ff
       43575000	      2077	8001ab82	c8fcec13	ori	x24,x25,-881	 x25:0x80035ce4 x24=0xfffffcef
       43595000	      2078	8001ab86	3404af73	csrrs	x30,mscratch,x9	  x9:0xfaeb9c09 x30=0x00000000
       43615000	      2079	8001ab8a	001d85b3	add	x11,x27,x1	 x27:0x00000003  x1:0x800048b8 x11=0x800048bb
       44075000	      2102	8001ab8e	ff31d603	lhu	x12,-13(x3)	  x3:0x8001c10a x12=0x0000b5b6 PA:0x8001c0fd load:0x0000b5b6
       44135000	      2105	8001ab92	02218023	sb	x2,32(x3)	  x3:0x8001c10a  x2:0x00000008 PA:0x8001c12a store:0x00000008 load:0x000000ff
       44155000	      2106	8001ab96	fee1af23	sw	x14,-2(x3)	  x3:0x8001c10a x14:0x7f8da33c PA:0x8001c108 store:0x7f8da33c load:0xffffffff
       44895000	      2143	8001ab9a	02f0c6b3	div	x13,x1,x15	  x1:0x800048b8 x15:0x00000001 x13=0x800048b8
       44915000	      2144	8001ab9e	6ddd	c.lui	x27,0x17	 x27=0x00017000
       44935000	      2145	8001aba0	40c007b3	sub	x15,x0,x12	  x0:0x00000000 x12:0x0000b5b6 x15=0xffff4a4a
       45675000	      2182	8001aba4	02f4c633	div	x12,x9,x15	  x9:0xfaeb9c09 x15:0xffff4a4a x12=0x00000728
       45695000	      2183	8001aba8	34007173	csrrci	x2,mscratch,0	  x2=0xfaeb9c09
       45755000	      2186	8001abac	f98199a3	sh	x24,-109(x3)	  x3:0x8001c10a x24:0xfffffcef PA:0x8001c09d store:0xfffffcef load:0x0000ffff
       45915000	      2194	8001abb0	0e11d603	lhu	x12,225(x3)	  x3:0x8001c10a x12=0x0000a7a0 PA:0x8001c1eb load:0x0000a7a0
       45935000	      2195	8001abb4	6111	c.addi16sp	x2,256	  x2:0xfaeb9c09  x2=0xfaeb9d09
       46175000	      2207	8001abb6	02e198a3	sh	x14,49(x3)	  x3:0x8001c10a x14:0x7f8da33c PA:0x8001c13b store:0x7f8da33c load:0x0000ffa0
       46195000	      2208	8001abba	00362333	slt	x6,x12,x3	 x12:0x0000a7a0  x3:0x8001c10a  x6=0x00000000
       46235000	      2210	8001abbe	0312d3b3	divu	x7,x5,x17	  x5:0x00000000 x17:0x00000000  x7=0xffffffff
       46255000	      2211	8001abc2	013ae7b3	or	x15,x21,x19	 x21:0xf2d69361 x19:0x80031e20 x15=0xf2d79f61
       47015000	      2249	8001abc6	0a51a603	lw	x12,165(x3)	  x3:0x8001c10a x12=0x696a6b64 PA:0x8001c1af load:0x696a6b64
       47495000	      2273	8001abca	f4c19823	sh	x12,-176(x3)	  x3:0x8001c10a x12:0x696a6b64 PA:0x8001c05a store:0x696a6b64 load:0x0000ffff
       47535000	      2275	8001abce	031c2db3	mulhsu	x27,x24,x17	 x24:0xfffffcef x17:0x00000000 x27=0x00000000
       47595000	      2278	8001abd2	0b418b03	lb	x22,180(x3)	  x3:0x8001c10a x22=0x00000075 PA:0x8001c1be load:0x00000075
       47615000	      2279	8001abd6	fa318783	lb	x15,-93(x3)	  x3:0x8001c10a x15=0x00000066 PA:0x8001c0ad load:0x00000066
       47635000	      2280	8001abda	029f08b3	mul	x17,x30,x9	 x30:0x00000000  x9:0xfaeb9c09 x17=0x00000000
       47655000	      2281	8001abde	00bb9a13	slli	x20,x23,0xb	 x23:0x00000001 x20=0x00000800
       47675000	      2282	8001abe2	083e	c.slli	x16,0xf	 x16:0x0000b000 x16=0x58000000
       48415000	      2319	8001abe4	02d37533	remu	x10,x6,x13	  x6:0x00000000 x13:0x800048b8 x10=0x00000000
       48655000	      2331	8001abe8	fd61cf03	lbu	x30,-42(x3)	  x3:0x8001c10a x30=0x0000009b PA:0x8001c0e0 load:0x0000009b
       48675000	      2332	8001abec	0001	c.addi	x0,0	  x0:0x00000000  x0=0x00000000
       48735000	      2335	8001abee	00918823	sb	x9,16(x3)	  x3:0x8001c10a  x9:0xfaeb9c09 PA:0x8001c11a store:0xfaeb9c09 load:0x000000ff
       48895000	      2343	8001abf2	f8619923	sh	x6,-110(x3)	  x3:0x8001c10a  x6:0x00000000 PA:0x8001c09c store:0x00000000 load:0x0000ffff
       48975000	      2347	8001abf6	0c91a083	lw	x1,201(x3)	  x3:0x8001c10a  x1=0x8d8e8f88 PA:0x8001c1d3 load:0x8d8e8f88
       49395000	      2368	8001abfa	f881c683	lbu	x13,-120(x3)	  x3:0x8001c10a x13=0x00000049 PA:0x8001c092 load:0x00000049
       49415000	      2369	8001abfe	ea9f8b93	addi	x23,x31,-343	 x31:0x00100035 x23=0x000ffede
       49435000	      2370	8001ac02	8e05	c.sub	x12,x9	 x12:0x696a6b64  x9:0xfaeb9c09 x12=0x6e7ecf5b
       49455000	      2371	8001ac04	34006173	csrrsi	x2,mscratch,0	  x2=0xfaeb9c09
       49475000	      2372	8001ac08	011cb333	sltu	x6,x25,x17	 x25:0x80035ce4 x17:0x00000000  x6=0x00000000
       49495000	      2373	8001ac0c	f740ca93	xori	x21,x1,-140	  x1:0x8d8e8f88 x21=0x727170fc
       49955000	      2396	8001ac10	f7a19f83	lh	x31,-134(x3)	  x3:0x8001c10a x31=0x00003e3f PA:0x8001c084 load:0x00003e3f
       50315000	      2414	8001ac14	0ff19423	sh	x31,232(x3)	  x3:0x8001c10a x31:0x00003e3f PA:0x8001c1f2 store:0x00003e3f load:0x0000ffff
       50975000	      2447	8001ac18	06e1aea3	sw	x14,125(x3)	  x3:0x8001c10a x14:0x7f8da33c PA:0x8001c187 store:0x7f8da33c load:0xffffff88
       51715000	      2484	8001ac1c	03f667b3	rem	x15,x12,x31	 x12:0x6e7ecf5b x31:0x00003e3f x15=0x0000180a
       65075000	      3152	8001ac20	0941d803	lhu	x16,148(x3)	  x3:0x8001c10a x16=0x00005455 PA:0x8001c19e load:0x00005455
       65095000	      3153	8001ac24	00002397	auipc	x7,0x2	  x7=0x8001cc24
       65115000	      3154	8001ac28	ede38393	addi	x7,x7,-290	  x7:0x8001cc24  x7=0x8001cb02
       65255000	      3161	8001ac2c	dc938aa3	sb	x9,-555(x7)	  x7:0x8001cb02  x9:0xfaeb9c09 PA:0x8001c8d7 store:0xfaeb9c09 load:0x000000ff
       65395000	      3168	8001ac30	dd53c583	lbu	x11,-555(x7)	  x7:0x8001cb02 x11=0x00000009 PA:0x8001c8d7 load:0x00000009
       65455000	      3171	8001ac34	c773a723	sw	x23,-914(x7)	  x7:0x8001cb02 x23:0x000ffede PA:0x8001c770 store:0x000ffede load:0xffffffff
       65635000	      3180	8001ac38	2823a1a3	sw	x2,643(x7)	  x7:0x8001cb02  x2:0xfaeb9c09 PA:0x8001cd85 store:0xfaeb9c09 load:0xff88898a
       65975000	      3197	8001ac3c	bfa18213	addi	x4,x3,-1030	  x3:0x8001c10a  x4=0x8001bd04
       66035000	      3200	8001ac40	8223c303	lbu	x6,-2014(x7)	  x7:0x8001cb02  x6=0x000000df PA:0x8001c324 load:0x000000df
       66655000	      3231	8001ac44	29b3cb03	lbu	x22,667(x7)	  x7:0x8001cb02 x22=0x00000056 PA:0x8001cd9d load:0x00000056
       66915000	      3244	8001ac48	33e39283	lh	x5,830(x7)	  x7:0x8001cb02  x5=0xfffffafb PA:0x8001ce40 load:0xfffffafb
       67035000	      3250	8001ac4c	e9839223	sh	x24,-380(x7)	  x7:0x8001cb02 x24:0xfffffcef PA:0x8001c986 store:0xfffffcef load:0x0000ffff
       67095000	      3253	8001ac50	53e38183	lb	x3,1342(x7)	  x7:0x8001cb02  x3=0xfffffffb PA:0x8001d040 load:0xfffffffb
       67135000	      3255	8001ac54	5553a1a3	sw	x21,1347(x7)	  x7:0x8001cb02 x21:0x727170fc PA:0x8001d045 store:0x727170fc load:0xff88898a
       67155000	      3256	8001ac58	5fa6af93	slti	x31,x13,1530	 x13:0x00000049 x31=0x00000001
       67175000	      3257	8001ac5c	019c62b3	or	x5,x24,x25	 x24:0xfffffcef x25:0x80035ce4  x5=0xfffffcef
       67295000	      3263	8001ac60	fbe38923	sb	x30,-78(x7)	  x7:0x8001cb02 x30:0x0000009b PA:0x8001cab4 store:0x0000009b load:0x000000ff
       67315000	      3264	8001ac64	fb23c883	lbu	x17,-78(x7)	  x7:0x8001cb02 x17=0x0000009b PA:0x8001cab4 load:0x0000009b
       67715000	      3284	8001ac68	fb23cd83	lbu	x27,-78(x7)	  x7:0x8001cb02 x27=0x0000009b PA:0x8001cab4 load:0x0000009b
       67735000	      3285	8001ac6c	6cf23a13	sltiu	x20,x4,1743	  x4:0x8001bd04 x20=0x00000000
       67795000	      3288	8001ac70	fb23df83	lhu	x31,-78(x7)	  x7:0x8001cb02 x31=0x00006e9b PA:0x8001cab4 load:0x00006e9b
       68535000	      3325	8001ac74	fa63a923	sw	x6,-78(x7)	  x7:0x8001cb02  x6:0x000000df PA:0x8001cab4 store:0x000000df load:0xffffffff
       68555000	      3326	8001ac78	834d	c.srli	x14,0x13	 x14:0x7f8da33c x14=0x00000ff1
       68735000	      3335	8001ac7a	fb23aa83	lw	x21,-78(x7)	  x7:0x8001cb02 x21=0x000000df PA:0x8001cab4 load:0x000000df
       68855000	      3341	8001ac7e	fb23d603	lhu	x12,-78(x7)	  x7:0x8001cb02 x12=0x000000df PA:0x8001cab4 load:0x000000df
       69075000	      3352	8001ac82	fb63a923	sw	x22,-78(x7)	  x7:0x8001cb02 x22:0x00000056 PA:0x8001cab4 store:0x00000056 load:0xffffffff
       69535000	      3375	8001ac86	fab38923	sb	x11,-78(x7)	  x7:0x8001cb02 x11:0x00000009 PA:0x8001cab4 store:0x00000009 load:0x000000ff
       69595000	      3378	8001ac8a	afe39f03	lh	x30,-1282(x7)	  x7:0x8001cb02 x30=0xffffbabb PA:0x8001c600 load:0xffffbabb
       69615000	      3379	8001ac8e	0000b217	auipc	x4,0xb	  x4=0x80025c8e
       69635000	      3380	8001ac92	8a820213	addi	x4,x4,-1880	  x4:0x80025c8e  x4=0x80025536
       70135000	      3405	8001ac96	6ed22003	lw	x0,1773(x4)	  x4:0x80025536  x0=0x00000000 PA:0x80025c23 load:0xdddedfd8
       70155000	      3406	8001ac9a	00002e97	auipc	x29,0x2	 x29=0x8001cc9a
       70175000	      3407	8001ac9e	e47e8e93	addi	x29,x29,-441	 x29:0x8001cc9a x29=0x8001cae1
       70815000	      3439	8001aca2	00ee8b83	lb	x23,14(x29)	 x29:0x8001cae1 x23=0xffffffa4 PA:0x8001caef load:0xffffffa4
       70875000	      3442	8001aca6	aae21da3	sh	x14,-1349(x4)	  x4:0x80025536 x14:0x00000ff1 PA:0x80024ff1 store:0x00000ff1 load:0x0000ffff
       70895000	      3443	8001acaa	ff3ecd83	lbu	x27,-13(x29)	 x29:0x8001cae1 x27=0x0000008f PA:0x8001cad4 load:0x0000008f
       70975000	      3447	8001acae	ed622303	lw	x6,-298(x4)	  x4:0x80025536  x6=0xc4c5c6c7 PA:0x8002540c load:0xc4c5c6c7
       71075000	      3452	8001acb2	fece9a23	sh	x12,-12(x29)	 x29:0x8001cae1 x12:0x000000df PA:0x8001cad5 store:0x000000df load:0x0000ffff
       71415000	      3469	8001acb6	2fb22da3	sw	x27,763(x4)	  x4:0x80025536 x27:0x0000008f PA:0x80025831 store:0x0000008f load:0xffd8d9da
       71795000	      3488	8001acba	fefe88a3	sb	x15,-15(x29)	 x29:0x8001cae1 x15:0x0000180a PA:0x8001cad2 store:0x0000180a load:0x000000ff
       71855000	      3491	8001acbe	ff3e99a3	sh	x19,-13(x29)	 x29:0x8001cae1 x19:0x80031e20 PA:0x8001cad4 store:0x80031e20 load:0x0000ffff
       71875000	      3492	8001acc2	02621523	sh	x6,42(x4)	  x4:0x80025536  x6:0xc4c5c6c7 PA:0x80025560 store:0xc4c5c6c7 load:0x0000ffff
       71895000	      3493	8001acc6	01eea7a3	sw	x30,15(x29)	 x29:0x8001cae1 x30:0xffffbabb PA:0x8001caf0 store:0xffffbabb load:0xffffffff
       72115000	      3504	8001acca	7be20f23	sb	x30,1982(x4)	  x4:0x80025536 x30:0xffffbabb PA:0x80025cf4 store:0xffffbabb load:0x000000ff
       72415000	      3519	8001acce	fe4ea823	sw	x4,-16(x29)	 x29:0x8001cae1  x4:0x80025536 PA:0x8001cad1 store:0x80025536 load:0xffd8d9da
       72955000	      3546	8001acd2	00be9d03	lh	x26,11(x29)	 x29:0x8001cae1 x26=0xffffa6a7 PA:0x8001caec load:0xffffa6a7
       73015000	      3549	8001acd6	018e8423	sb	x24,8(x29)	 x29:0x8001cae1 x24:0xfffffcef PA:0x8001cae9 store:0xfffffcef load:0x000000ff
       73035000	      3550	8001acda	ff0e8e23	sb	x16,-4(x29)	 x29:0x8001cae1 x16:0x00005455 PA:0x8001cadd store:0x00005455 load:0x000000ff
       73335000	      3565	8001acde	fcd224a3	sw	x13,-55(x4)	  x4:0x80025536 x13:0x00000049 PA:0x800254ff store:0x00000049 load:0xffffffd8
       73355000	      3566	8001ace2	0000100f	fence.i	
       73635000	      3580	8001ace6	05de	c.slli	x11,0x17	 x11:0x00000009 x11=0x04800000
       73655000	      3581	8001ace8	340af8f3	csrrci	x17,mscratch,21	 x17=0xfaeb9c09
       74075000	      3602	8001acec	979a	c.add	x15,x6	 x15:0x0000180a  x6:0xc4c5c6c7 x15=0xc4c5ded1
       74095000	      3603	8001acee	026ad963	bge	x21,x6,8001ad20	 x21:0x000000df  x6:0xc4c5c6c7
       74435000	      3620	8001ad20	0101fe33	and	x28,x3,x16	  x3:0xfffffffb x16:0x00005455 x28=0x00005451
       74455000	      3621	8001ad24	8639	c.srai	x12,0xe	 x12:0x000000df x12=0x00000000
       74695000	      3633	8001ad26	00755e13	srli	x28,x10,0x7	 x10:0x00000000 x28=0x00000000
       74715000	      3634	8001ad2a	6709	c.lui	x14,0x2	 x14=0x00002000
       75115000	      3654	8001ad2c	1c216e93	ori	x29,x2,450	  x2:0xfaeb9c09 x29=0xfaeb9dcb
       75235000	      3660	8001ad30	32a56793	ori	x15,x10,810	 x10:0x00000000 x15=0x0000032a
       75255000	      3661	8001ad34	587d	c.li	x16,-1	 x16=0xffffffff
       75675000	      3682	8001ad36	5cba8d13	addi	x26,x21,1483	 x21:0x000000df x26=0x000006aa
       76095000	      3703	8001ad3a	d77d2113	slti	x2,x26,-649	 x26:0x000006aa  x2=0x00000000
       76515000	      3724	8001ad3e	0357ff63	bgeu	x15,x21,8001ad7c	 x15:0x0000032a x21:0x000000df
       77735000	      3785	8001ad7c	03a66233	rem	x4,x12,x26	 x12:0x00000000 x26:0x000006aa  x4=0x00000000
       77755000	      3786	8001ad80	03c56e63	bltu	x10,x28,8001adbc	 x10:0x00000000 x28:0x00000000
       77775000	      3787	8001ad84	34069573	csrrw	x10,mscratch,x13	 x13:0x00000049 x10=0xfaeb9c08
       77815000	      3789	8001ad88	02b81eb3	mulh	x29,x16,x11	 x16:0xffffffff x11:0x04800000 x29=0xffffffff
       77835000	      3790	8001ad8c	6a212b93	slti	x23,x2,1698	  x2:0x00000000 x23=0x00000001
       77855000	      3791	8001ad90	00b50763	beq	x10,x11,8001ad9e	 x10:0xfaeb9c08 x11:0x04800000
       77875000	      3792	8001ad94	0001	c.addi	x0,0	  x0:0x00000000  x0=0x00000000
       77895000	      3793	8001ad96	40b9dab3	sra	x21,x19,x11	 x19:0x80031e20 x11:0x04800000 x21=0x80031e20
       78295000	      3813	8001ad9a	034ae8b3	rem	x17,x21,x20	 x21:0x80031e20 x20:0x00000000 x17=0x80031e20
       78315000	      3814	8001ad9e	018ce1b3	or	x3,x25,x24	 x25:0x80035ce4 x24:0xfffffcef  x3=0xfffffcef
       78475000	      3822	8001ada2	340c74f3	csrrci	x9,mscratch,24	  x9=0x00000049
       78495000	      3823	8001ada6	6165	c.addi16sp	x2,112	  x2:0x00000000  x2=0x00000070
       78535000	      3825	8001ada8	00644c33	xor	x24,x8,x6	  x8:0x00000004  x6:0xc4c5c6c7 x24=0xc4c5c6c3
       78715000	      3834	8001adac	406bd813	srai	x16,x23,0x6	 x23:0x00000001 x16=0x00000000
       78735000	      3835	8001adb0	01fd3ab3	sltu	x21,x26,x31	 x26:0x000006aa x31:0x00006e9b x21=0x00000001
       78915000	      3844	8001adb4	1f84a913	slti	x18,x9,504	  x9:0x00000049 x18=0x00000001
       79355000	      3866	8001adb8	037e2db3	mulhsu	x27,x28,x23	 x28:0x00000000 x23:0x00000001 x27=0x00000000
       79535000	      3875	8001adbc	3402ac73	csrrs	x24,mscratch,x5	  x5:0xfffffcef x24=0x00000041
       79935000	      3895	8001adc0	0049a083	lw	x1,4(x19)	 x19:0x80031e20  x1=0x800048b8 PA:0x80031e24 load:0x800048b8
       79975000	      3897	8001adc4	02733533	mulhu	x10,x6,x7	  x6:0xc4c5c6c7  x7:0x8001cb02 x10=0x62644433
       79995000	      3898	8001adc8	1c836b97	auipc	x23,0x1c836	 x23=0x9c850dc8
       80015000	      3899	8001adcc	3400b273	csrrc	x4,mscratch,x1	  x1:0x800048b8  x4=0xfffffcef
       80055000	      3901	8001add0	03498993	addi	x19,x19,52	 x19:0x80031e20 x19=0x80031e54
       80075000	      3902	8001add4	01f55f13	srli	x30,x10,0x1f	 x10:0x62644433 x30=0x00000000
       80495000	      3923	8001add8	00008c13	addi	x24,x1,0	  x1:0x800048b8 x24=0x800048b8
       80515000	      3924	8001addc	9c02	c.jalr	x24	 x24:0x800048b8  x1=0x8001adde
       80775000	      3937	800048b8	0001e217	auipc	x4,0x1e	  x4=0x800228b8
       80975000	      3947	800048bc	c2c20213	addi	x4,x4,-980	  x4:0x800228b8  x4=0x800224e4
       81595000	      3978	800048c0	ff622783	lw	x15,-10(x4)	  x4:0x800224e4 x15=0x96979091 PA:0x800224da load:0x96979091
       81975000	      3997	800048c4	00824b03	lbu	x22,8(x4)	  x4:0x800224e4 x22=0x000000a7 PA:0x800224ec load:0x000000a7
       82035000	      4000	800048c8	00a21a03	lh	x20,10(x4)	  x4:0x800224e4 x20=0xffffa4a5 PA:0x800224ee load:0xffffa4a5
       82195000	      4008	800048cc	01321823	sh	x19,16(x4)	  x4:0x800224e4 x19:0x80031e54 PA:0x800224f4 store:0x80031e54 load:0x0000ffff
       82415000	      4019	800048d0	00221823	sh	x2,16(x4)	  x4:0x800224e4  x2:0x00000070 PA:0x800224f4 store:0x00000070 load:0x0000ffff
       82435000	      4020	800048d4	013e94b3	sll	x9,x29,x19	 x29:0xffffffff x19:0x80031e54  x9=0xfff00000
       82715000	      4034	800048d8	ffe22783	lw	x15,-2(x4)	  x4:0x800224e4 x15=0x9e9f9899 PA:0x800224e2 load:0x9e9f9899
       83035000	      4050	800048dc	fe622b23	sw	x6,-10(x4)	  x4:0x800224e4  x6:0xc4c5c6c7 PA:0x800224da store:0xc4c5c6c7 load:0xffff9899
       83555000	      4076	800048e0	ff622583	lw	x11,-10(x4)	  x4:0x800224e4 x11=0xc4c5c6c7 PA:0x800224da load:0xc4c5c6c7
       84075000	      4102	800048e4	feb22b23	sw	x11,-10(x4)	  x4:0x800224e4 x11:0xc4c5c6c7 PA:0x800224da store:0xc4c5c6c7 load:0xffffc6c7
       84735000	      4135	800048e8	ff622803	lw	x16,-10(x4)	  x4:0x800224e4 x16=0xc4c5c6c7 PA:0x800224da load:0xc4c5c6c7
       85615000	      4179	800048ec	00922803	lw	x16,9(x4)	  x4:0x800224e4 x16=0xaba4a5a6 PA:0x800224ed load:0xaba4a5a6
       85875000	      4192	800048f0	fff22e23	sw	x31,-4(x4)	  x4:0x800224e4 x31:0x00006e9b PA:0x800224e0 store:0x00006e9b load:0xffffffff
       86295000	      4213	800048f4	ffc24b83	lbu	x23,-4(x4)	  x4:0x800224e4 x23=0x0000009b PA:0x800224e0 load:0x0000009b
       86315000	      4214	800048f8	009380b3	add	x1,x7,x9	  x7:0x8001cb02  x9:0xfff00000  x1=0x7ff1cb02
       87195000	      4258	800048fc	00222123	sw	x2,2(x4)	  x4:0x800224e4  x2:0x00000070 PA:0x800224e6 store:0x00000070 load:0xffffa4a5
       87255000	      4261	80004900	00422823	sw	x4,16(x4)	  x4:0x800224e4  x4:0x800224e4 PA:0x800224f4 store:0x800224e4 load:0xffffffff
       87275000	      4262	80004904	0001a297	auipc	x5,0x1a	  x5=0x8001e904
       87295000	      4263	80004908	ea128293	addi	x5,x5,-351	  x5:0x8001e904  x5=0x8001e7a5
       87315000	      4264	8000490c	34006e73	csrrsi	x28,mscratch,0	 x28=0x7fffb447
       87595000	      4278	80004910	00d2a823	sw	x13,16(x5)	  x5:0x8001e7a5 x13:0x00000049 PA:0x8001e7b5 store:0x00000049 load:0xffa4a5a6
       87615000	      4279	80004914	0ff0000f	fence	iorw,iorw	
       88395000	      4318	80004918	03167133	remu	x2,x12,x17	 x12:0x00000000 x17:0x80031e20  x2=0x00000000
       88555000	      4326	8000491c	0102c383	lbu	x7,16(x5)	  x5:0x8001e7a5  x7=0x00000049 PA:0x8001e7b5 load:0x00000049
       88875000	      4342	80004920	00929823	sh	x9,16(x5)	  x5:0x8001e7a5  x9:0xfff00000 PA:0x8001e7b5 store:0xfff00000 load:0x0000ffff
       88975000	      4347	80004924	00429823	sh	x4,16(x5)	  x5:0x8001e7a5  x4:0x800224e4 PA:0x8001e7b5 store:0x800224e4 load:0x0000ffff
       89415000	      4369	80004928	01028703	lb	x14,16(x5)	  x5:0x8001e7a5 x14=0xffffffe4 PA:0x8001e7b5 load:0xffffffe4
       89435000	      4370	8000492c	8946	c.mv	x18,x17	  x0:0x00000000 x17:0x80031e20 x18=0x80031e20
       89495000	      4373	8000492e	01c28823	sb	x28,16(x5)	  x5:0x8001e7a5 x28:0x7fffb447 PA:0x8001e7b5 store:0x7fffb447 load:0x000000ff
       89735000	      4385	80004932	01429823	sh	x20,16(x5)	  x5:0x8001e7a5 x20:0xffffa4a5 PA:0x8001e7b5 store:0xffffa4a5 load:0x0000ffff
       89915000	      4394	80004936	01028903	lb	x18,16(x5)	  x5:0x8001e7a5 x18=0xffffffa5 PA:0x8001e7b5 load:0xffffffa5
       90375000	      4417	8000493a	00b28823	sb	x11,16(x5)	  x5:0x8001e7a5 x11:0xc4c5c6c7 PA:0x8001e7b5 store:0xc4c5c6c7 load:0x000000ff
       90455000	      4421	8000493e	0092a823	sw	x9,16(x5)	  x5:0x8001e7a5  x9:0xfff00000 PA:0x8001e7b5 store:0xfff00000 load:0xffa4a5a6
       90655000	      4431	80004942	00929823	sh	x9,16(x5)	  x5:0x8001e7a5  x9:0xfff00000 PA:0x8001e7b5 store:0xfff00000 load:0x0000ffff
       90675000	      4432	80004946	6159	c.addi16sp	x2,400	  x2:0x00000000  x2=0x00000190
       90735000	      4435	80004948	00628823	sb	x6,16(x5)	  x5:0x8001e7a5  x6:0xc4c5c6c7 PA:0x8001e7b5 store:0xc4c5c6c7 load:0x000000ff
       90755000	      4436	8000494c	01029103	lh	x2,16(x5)	  x5:0x8001e7a5  x2=0x000000c7 PA:0x8001e7b5 load:0x000000c7
       90775000	      4437	80004950	01a25093	srli	x1,x4,0x1a	  x4:0x800224e4  x1=0x00000020
       90795000	      4438	80004954	8cfd	c.and	x9,x15	  x9:0xfff00000 x15:0x9e9f9899  x9=0x9e900000
       90855000	      4441	80004956	01028d03	lb	x26,16(x5)	  x5:0x8001e7a5 x26=0xffffffc7 PA:0x8001e7b5 load:0xffffffc7
       91255000	      4461	8000495a	0001f117	auipc	x2,0x1f	  x2=0x8002395a
       91275000	      4462	8000495e	22a10113	addi	x2,x2,554	  x2:0x8002395a  x2=0x80023b84
       91955000	      4496	80004962	ffa14b03	lbu	x22,-6(x2)	  x2:0x80023b84 x22=0x00000035 PA:0x80023b7e load:0x00000035
       92355000	      4516	80004966	ffa11603	lh	x12,-6(x2)	  x2:0x80023b84 x12=0x00003435 PA:0x80023b7e load:0x00003435
       92375000	      4517	8000496a	411e5d33	sra	x26,x28,x17	 x28:0x7fffb447 x17:0x80031e20 x26=0x7fffb447
       92855000	      4541	8000496e	fc312803	lw	x16,-61(x2)	  x2:0x80023b84 x16=0x010203fc PA:0x80023b47 load:0x010203fc
       93035000	      4550	80004972	fcf12aa3	sw	x15,-43(x2)	  x2:0x80023b84 x15:0x9e9f9899 PA:0x80023b59 store:0x9e9f9899 load:0xfffcfdfe
       93375000	      4567	80004976	003128a3	sw	x3,17(x2)	  x2:0x80023b84  x3:0xfffffcef PA:0x80023b95 store:0xfffffcef load:0xfffcfdfe
       93395000	      4568	8000497a	fcd10b03	lb	x22,-51(x2)	  x2:0x80023b84 x22=0x0000000a PA:0x80023b51 load:0x0000000a
       93415000	      4569	8000497e	013687b3	add	x15,x13,x19	 x13:0x00000049 x19:0x80031e54 x15=0x80031e9d
       93435000	      4570	80004982	8e85	c.sub	x13,x9	 x13:0x00000049  x9:0x9e900000 x13=0x61700049
       93595000	      4578	80004984	c80e	c.swsp	x3,16(x2)	  x2:0x80023b84  x3:0xfffffcef PA:0x80023b94 store:0xfffffcef load:0xffffffff
       93875000	      4592	80004986	02b11b83	lh	x23,43(x2)	  x2:0x80023b84 x23=0x00006b64 PA:0x80023baf load:0x00006b64
       94235000	      4610	8000498a	02d10383	lb	x7,45(x2)	  x2:0x80023b84  x7=0x0000006a PA:0x80023bb1 load:0x0000006a
       94295000	      4613	8000498e	fc010283	lb	x5,-64(x2)	  x2:0x80023b84  x5=0xffffffff PA:0x80023b44 load:0xffffffff
       94315000	      4614	80004992	00023097	auipc	x1,0x23	  x1=0x80027992
       94335000	      4615	80004996	79108093	addi	x1,x1,1937	  x1:0x80027992  x1=0x80028123
       94575000	      4627	8000499a	fea099a3	sh	x10,-13(x1)	  x1:0x80028123 x10:0x62644433 PA:0x80028116 store:0x62644433 load:0x0000ffff
       94595000	      4628	8000499e	00018b97	auipc	x23,0x18	 x23=0x8001c99e
       94615000	      4629	800049a2	81db8b93	addi	x23,x23,-2019	 x23:0x8001c99e x23=0x8001c1bb
       94675000	      4632	800049a6	00809123	sh	x8,2(x1)	  x1:0x80028123  x8:0x00000004 PA:0x80028125 store:0x00000004 load:0x0000ffff
       94695000	      4633	800049aa	f07b9f23	sh	x7,-226(x23)	 x23:0x8001c1bb  x7:0x0000006a PA:0x8001c0d9 store:0x0000006a load:0x0000ffff
       95175000	      4657	800049ae	0030aa83	lw	x21,3(x1)	  x1:0x80028123 x21=0xe2e3dc00 PA:0x80028126 load:0xe2e3dc00
       95315000	      4664	800049b2	00a0a603	lw	x12,10(x1)	  x1:0x80028123 x12=0xebe4e5e6 PA:0x8002812d load:0xebe4e5e6
       95795000	      4688	800049b6	0f9b9423	sh	x25,232(x23)	 x23:0x8001c1bb x25:0x80035ce4 PA:0x8001c2a3 store:0x80035ce4 load:0x0000ffe4
       95995000	      4698	800049ba	0080ca03	lbu	x20,8(x1)	  x1:0x80028123 x20=0x000000e0 PA:0x8002812b load:0x000000e0
       96075000	      4702	800049be	fd1b9e23	sh	x17,-36(x23)	 x23:0x8001c1bb x17:0x80031e20 PA:0x8001c197 store:0x80031e20 load:0x0000ffe4
       96095000	      4703	800049c2	f12b9123	sh	x18,-254(x23)	 x23:0x8001c1bb x18:0xffffffa5 PA:0x8001c0bd store:0xffffffa5 load:0x0000ffff
       96255000	      4711	800049c6	ff50cd03	lbu	x26,-11(x1)	  x1:0x80028123 x26=0x000000d3 PA:0x80028118 load:0x000000d3
       96455000	      4721	800049ca	ff90a803	lw	x16,-7(x1)	  x1:0x80028123 x16=0xd4d5d6d7 PA:0x8002811c load:0xd4d5d6d7
       96535000	      4725	800049ce	f62ba103	lw	x2,-158(x23)	 x23:0x8001c1bb  x2=0xdbd4d5d6 PA:0x8001c11d load:0xdbd4d5d6
       96595000	      4728	800049d2	00408c03	lb	x24,4(x1)	  x1:0x80028123 x24=0xffffffdc PA:0x80028127 load:0xffffffdc
       96875000	      4742	800049d6	fd0ba883	lw	x17,-48(x23)	 x23:0x8001c1bb x17=0x45464740 PA:0x8001c18b load:0x45464740
       96955000	      4746	800049da	049b9903	lh	x18,73(x23)	 x23:0x8001c1bb x18=0xffffbebf PA:0x8001c204 load:0xffffbebf
       97335000	      4765	800049de	ffd0ca03	lbu	x20,-3(x1)	  x1:0x80028123 x20=0x000000db PA:0x80028120 load:0x000000db
       97515000	      4774	800049e2	00025b97	auipc	x23,0x25	 x23=0x800299e2
       97535000	      4775	800049e6	15fb8b93	addi	x23,x23,351	 x23:0x800299e2 x23=0x80029b41
       97755000	      4786	800049ea	fd8b9483	lh	x9,-40(x23)	 x23:0x80029b41  x9=0xffffd1d2 PA:0x80029b19 load:0xffffd1d2
       97775000	      4787	800049ee	1f4b8d23	sb	x20,506(x23)	 x23:0x80029b41 x20:0x000000db PA:0x80029d3b store:0x000000db load:0x000000ff
       97795000	      4788	800049f2	0b14	c.addi4spn	x13,x2,400	 x13=0xdbd4d766
       98055000	      4801	800049f4	069ba303	lw	x6,105(x23)	 x23:0x80029b41  x6=0x66676061 PA:0x80029baa load:0x66676061
       98295000	      4813	800049f8	f0dba183	lw	x3,-243(x23)	 x23:0x80029b41  x3=0x0a0b0405 PA:0x80029a4e load:0x0a0b0405
       98315000	      4814	800049fc	8cf5	c.and	x9,x13	  x9:0xffffd1d2 x13:0xdbd4d766  x9=0xdbd4d142
       98515000	      4824	800049fe	f5dbad83	lw	x27,-163(x23)	 x23:0x80029b41 x27=0x5a5b5455 PA:0x80029a9e load:0x5a5b5455
       99255000	      4861	80004a02	03a748b3	div	x17,x14,x26	 x14:0xffffffe4 x26:0x000000d3 x17=0x00000000
       99515000	      4874	80004a06	3ebba4a3	sw	x11,1001(x23)	 x23:0x80029b41 x11:0xc4c5c6c7 PA:0x80029f2a store:0xc4c5c6c7 load:0xffff5455
       99535000	      4875	80004a0a	4585	c.li	x11,1	 x11=0x00000001
       99635000	      4880	80004a0c	d00b89a3	sb	x0,-749(x23)	 x23:0x80029b41  x0:0x00000000 PA:0x80029854 store:0x00000000 load:0x000000ff
       99655000	      4881	80004a10	85a9	c.srai	x11,0xa	 x11:0x00000001 x11=0x00000000
       99675000	      4882	80004a12	0f86	c.slli	x31,0x1	 x31:0x00006e9b x31=0x0000dd36
       99695000	      4883	80004a14	7f0b8523	sb	x16,2026(x23)	 x23:0x80029b41 x16:0xd4d5d6d7 PA:0x8002a32b store:0xd4d5d6d7 load:0x000000ff
       99735000	      4885	80004a18	9d7ba9a3	sw	x23,-1581(x23)	 x23:0x80029b41 x23:0x80029b41 PA:0x80029514 store:0x80029b41 load:0xffffffff
       99795000	      4888	80004a1c	35abaf83	lw	x31,858(x23)	 x23:0x80029b41 x31=0x55565750 PA:0x80029e9b load:0x55565750
      100355000	      4916	80004a20	be2baa03	lw	x20,-1054(x23)	 x23:0x80029b41 x20=0xdddedfd8 PA:0x80029723 load:0xdddedfd8
      100595000	      4928	80004a24	e42b8183	lb	x3,-446(x23)	 x23:0x80029b41  x3=0x00000038 PA:0x80029983 load:0x00000038
      100615000	      4929	80004a28	8d1d	c.sub	x10,x15	 x10:0x62644433 x15:0x80031e9d x10=0xe2612596
      100955000	      4946	80004a2a	13db8703	lb	x14,317(x23)	 x23:0x80029b41 x14=0x00000035 PA:0x80029c7e load:0x00000035
      101135000	      4955	80004a2e	eafb9423	sh	x15,-344(x23)	 x23:0x80029b41 x15:0x80031e9d PA:0x800299e9 store:0x80031e9d load:0x0000ffff
      101155000	      4956	80004a32	09054393	xori	x7,x10,144	 x10:0xe2612596  x7=0xe2612506
      101295000	      4963	80004a36	7bbbc083	lbu	x1,1979(x23)	 x23:0x80029b41  x1=0x000000b7 PA:0x8002a2fc load:0x000000b7
      101435000	      4970	80004a3a	3ddb9803	lh	x16,989(x23)	 x23:0x80029b41 x16=0xffffd4d5 PA:0x80029f1e load:0xffffd4d5
      101575000	      4977	80004a3e	9dab8d23	sb	x26,-1574(x23)	 x23:0x80029b41 x26:0x000000d3 PA:0x8002951b store:0x000000d3 load:0x000000ff
      101595000	      4978	80004a42	374bcf83	lbu	x31,884(x23)	 x23:0x80029b41 x31=0x0000006e PA:0x80029eb5 load:0x0000006e
      101615000	      4979	80004a46	4b0bdd83	lhu	x27,1200(x23)	 x23:0x80029b41 x27=0x0000a9aa PA:0x80029ff1 load:0x0000a9aa
      101755000	      4986	80004a4a	a48bde03	lhu	x28,-1464(x23)	 x23:0x80029b41 x28=0x00004142 PA:0x80029589 load:0x00004142
      101775000	      4987	80004a4e	34fd0117	auipc	x2,0x34fd0	  x2=0xb4fd4a4e
      101935000	      4995	80004a52	03f9aab3	mulhsu	x21,x19,x31	 x19:0x80031e54 x31:0x0000006e x21=0xffffffc9
      102815000	      5039	80004a56	b73bcf83	lbu	x31,-1165(x23)	 x23:0x80029b41 x31=0x0000006f PA:0x800296b4 load:0x0000006f
      102975000	      5047	80004a5a	70abcf03	lbu	x30,1802(x23)	 x23:0x80029b41 x30=0x00000000 PA:0x8002a24b load:0x00000000
      106855000	      5241	80004a5e	9cdb9d83	lh	x27,-1587(x23)	 x23:0x80029b41 x27=0xffffc4c5 PA:0x8002950e load:0xffffc4c5
      107215000	      5259	80004a62	df6b8123	sb	x22,-542(x23)	 x23:0x80029b41 x22:0x0000000a PA:0x80029923 store:0x0000000a load:0x000000ff
      107395000	      5268	80004a66	999b8583	lb	x11,-1639(x23)	 x23:0x80029b41 x11=0xffffff91 PA:0x800294da load:0xffffff91
      107415000	      5269	80004a6a	340c17f3	csrrw	x15,mscratch,x24	 x24:0xffffffdc x15=0x7fffb447
      108155000	      5306	80004a6e	025c6a33	rem	x20,x24,x5	 x24:0xffffffdc  x5:0xffffffff x20=0x00000000
      108235000	      5310	80004a72	2d9b85a3	sb	x25,715(x23)	 x23:0x80029b41 x25:0x80035ce4 PA:0x80029e0c store:0x80035ce4 load:0x000000ff
      108595000	      5328	80004a76	75bba023	sw	x27,1856(x23)	 x23:0x80029b41 x27:0xffffc4c5 PA:0x8002a281 store:0xffffc4c5 load:0xffd8d9da
      108615000	      5329	80004a7a	02950933	mul	x18,x10,x9	 x10:0xe2612596  x9:0xdbd4d142 x18=0x1ef326ac
      109075000	      5352	80004a7e	643bd803	lhu	x16,1603(x23)	 x23:0x80029b41 x16=0x00003e3f PA:0x8002a184 load:0x00003e3f
      109135000	      5355	80004a82	3ceb9023	sh	x14,960(x23)	 x23:0x80029b41 x14:0x00000035 PA:0x80029f01 store:0x00000035 load:0x0000ffff
      109155000	      5356	80004a86	0001	c.addi	x0,0	  x0:0x00000000  x0=0x00000000
      109175000	      5357	80004a88	a92bc903	lbu	x18,-1390(x23)	 x23:0x80029b41 x18=0x00000088 PA:0x800295d3 load:0x00000088
      109195000	      5358	80004a8c	00023317	auipc	x6,0x23	  x6=0x80027a8c
      109215000	      5359	80004a90	7cc30313	addi	x6,x6,1996	  x6:0x80027a8c  x6=0x80028258
      109375000	      5367	80004a94	00035103	lhu	x2,0(x6)	  x6:0x80028258  x2=0x00001213 PA:0x80028258 load:0x00001213
      109395000	      5368	80004a98	00018817	auipc	x16,0x18	 x16=0x8001ca98
      109415000	      5369	80004a9c	8b980813	addi	x16,x16,-1863	 x16:0x8001ca98 x16=0x8001c351
      109475000	      5372	80004aa0	ff930e03	lb	x28,-7(x6)	  x6:0x80028258 x28=0x0000000a PA:0x80028251 load:0x0000000a
      110095000	      5403	80004aa4	01882423	sw	x24,8(x16)	 x16:0x8001c351 x24:0xffffffdc PA:0x8001c359 store:0xffffffdc load:0xffd8d9da
      110155000	      5406	80004aa8	00034603	lbu	x12,0(x6)	  x6:0x80028258 x12=0x00000013 PA:0x80028258 load:0x00000013
      110175000	      5407	80004aac	fe380823	sb	x3,-16(x16)	 x16:0x8001c351  x3:0x00000038 PA:0x8001c341 store:0x00000038 load:0x000000ff
      110395000	      5418	80004ab0	ffd85783	lhu	x15,-3(x16)	 x16:0x8001c351 x15=0x00000405 PA:0x8001c34e load:0x00000405
      110835000	      5440	80004ab4	001322a3	sw	x1,5(x6)	  x6:0x80028258  x1:0x000000b7 PA:0x8002825d store:0x000000b7 load:0xffd8d9da
      111195000	      5458	80004ab8	ffd30083	lb	x1,-3(x6)	  x6:0x80028258  x1=0x0000000e PA:0x80028255 load:0x0000000e
      111475000	      5472	80004abc	00d81e03	lh	x28,13(x16)	 x16:0x8001c351 x28=0x00001415 PA:0x8001c35e load:0x00001415
      111735000	      5485	80004ac0	00882703	lw	x14,8(x16)	 x16:0x8001c351 x14=0xffffffdc PA:0x8001c359 load:0xffffffdc
      111775000	      5487	80004ac4	ffc34f83	lbu	x31,-4(x6)	  x6:0x80028258 x31=0x0000000f PA:0x80028254 load:0x0000000f
      111795000	      5488	80004ac8	00c80b03	lb	x22,12(x16)	 x16:0x8001c351 x22=0x00000016 PA:0x8001c35d load:0x00000016
      112375000	      5517	80004acc	00e32c03	lw	x24,14(x6)	  x6:0x80028258 x24=0x22231c1d PA:0x80028266 load:0x22231c1d
      112635000	      5530	80004ad0	00d31e83	lh	x29,13(x6)	  x6:0x80028258 x29=0x00001d1e PA:0x80028265 load:0x00001d1e
      112735000	      5535	80004ad4	00084a03	lbu	x20,0(x16)	 x16:0x8001c351 x20=0x0000000a PA:0x8001c351 load:0x0000000a
      113355000	      5566	80004ad8	00f322a3	sw	x15,5(x6)	  x6:0x80028258 x15:0x00000405 PA:0x8002825d store:0x00000405 load:0xff1c1d1e
      113415000	      5569	80004adc	01035103	lhu	x2,16(x6)	  x6:0x80028258  x2=0x00002223 PA:0x80028268 load:0x00002223
      113515000	      5574	80004ae0	00b80e83	lb	x29,11(x16)	 x16:0x8001c351 x29=0xffffffff PA:0x8001c35c load:0xffffffff
      113575000	      5577	80004ae4	ff680783	lb	x15,-10(x16)	 x16:0x8001c351 x15=0xfffffffc PA:0x8001c347 load:0xfffffffc
      113595000	      5578	80004ae8	00025097	auipc	x1,0x25	  x1=0x80029ae8
      113615000	      5579	80004aec	48f08093	addi	x1,x1,1167	  x1:0x80029ae8  x1=0x80029f77
      113675000	      5582	80004af0	ffb09ca3	sh	x27,-7(x1)	  x1:0x80029f77 x27:0xffffc4c5 PA:0x80029f70 store:0xffffc4c5 load:0x0000ffff
      113975000	      5597	80004af4	00409e03	lh	x28,4(x1)	  x1:0x80029f77 x28=0x00003730 PA:0x80029f7b load:0x00003730
      114275000	      5612	80004af8	ff00a183	lw	x3,-16(x1)	  x1:0x80029f77  x3=0x2122231c PA:0x80029f67 load:0x2122231c
      114295000	      5613	80004afc	0596	c.slli	x11,0x5	 x11:0xffffff91 x11=0xfffff220
      114555000	      5626	80004afe	011091a3	sh	x17,3(x1)	  x1:0x80029f77 x17:0x00000000 PA:0x80029f7a store:0x00000000 load:0x0000ffff
      114855000	      5641	80004b02	0070c583	lbu	x11,7(x1)	  x1:0x80029f77 x11=0x00000035 PA:0x80029f7e load:0x00000035
      115615000	      5679	80004b06	00009603	lh	x12,0(x1)	  x1:0x80029f77 x12=0x0000332c PA:0x80029f77 load:0x0000332c
      115635000	      5680	80004b0a	008d8833	add	x16,x27,x8	 x27:0xffffc4c5  x8:0x00000004 x16=0xffffc4c9
      115655000	      5681	80004b0e	8d61	c.and	x10,x8	 x10:0xe2612596  x8:0x00000004 x10=0x00000004
      115675000	      5682	80004b10	0342	c.slli	x6,0x10	  x6:0x80028258  x6=0x82580000
      115735000	      5685	80004b12	ff109a83	lh	x21,-15(x1)	  x1:0x80029f77 x21=0x00002223 PA:0x80029f68 load:0x00002223
      115975000	      5697	80004b16	ffb0ae23	sw	x27,-4(x1)	  x1:0x80029f77 x27:0xffffc4c5 PA:0x80029f73 store:0xffffc4c5 load:0xffffff2c
      116055000	      5701	80004b1a	fe709e23	sh	x7,-4(x1)	  x1:0x80029f77  x7:0xe2612506 PA:0x80029f73 store:0xe2612506 load:0x0000ff2c
      116075000	      5702	80004b1e	00007eb3	and	x29,x0,x0	  x0:0x00000000  x0:0x00000000 x29=0x00000000
      116255000	      5711	80004b22	01e0a823	sw	x30,16(x1)	  x1:0x80029f77 x30:0x00000000 PA:0x80029f87 store:0x00000000 load:0xffffff2c
      116295000	      5713	80004b26	ff909c23	sh	x25,-8(x1)	  x1:0x80029f77 x25:0x80035ce4 PA:0x80029f6f store:0x80035ce4 load:0x0000ff2c
      116455000	      5721	80004b2a	ff508823	sb	x21,-16(x1)	  x1:0x80029f77 x21:0x00002223 PA:0x80029f67 store:0x00002223 load:0x000000ff
      116475000	      5722	80004b2e	01001b33	sll	x22,x0,x16	  x0:0x00000000 x16:0xffffc4c9 x22=0x00000000
      116735000	      5735	80004b32	00a0a583	lw	x11,10(x1)	  x1:0x80029f77 x11=0x3f38393a PA:0x80029f81 load:0x3f38393a
      116855000	      5741	80004b36	0080a2a3	sw	x8,5(x1)	  x1:0x80029f77  x8:0x00000004 PA:0x80029f7c store:0x00000004 load:0xffffffff
      116875000	      5742	80004b3a	0001	c.addi	x0,0	  x0:0x00000000  x0=0x00000000
      116935000	      5745	80004b3c	ffa08603	lb	x12,-6(x1)	  x1:0x80029f77 x12=0xffffffc4 PA:0x80029f71 load:0xffffffc4
      116955000	      5746	80004b40	0001	c.addi	x0,0	  x0:0x00000000  x0=0x00000000
      117135000	      5755	80004b42	00309383	lh	x7,3(x1)	  x1:0x80029f77  x7=0x00000000 PA:0x80029f7a load:0x00000000
      117155000	      5756	80004b46	8b2a	c.mv	x22,x10	  x0:0x00000000 x10:0x00000004 x22=0x00000004
      117455000	      5771	80004b48	ff208a03	lb	x20,-14(x1)	  x1:0x80029f77 x20=0x00000022 PA:0x80029f69 load:0x00000022
      117635000	      5780	80004b4c	0234bf33	mulhu	x30,x9,x3	  x9:0xdbd4d142  x3:0x2122231c x30=0x1c73bf63
      117815000	      5789	80004b50	0040d183	lhu	x3,4(x1)	  x1:0x80029f77  x3=0x00000400 PA:0x80029f7b load:0x00000400
      117875000	      5792	80004b54	009086a3	sb	x9,13(x1)	  x1:0x80029f77  x9:0xdbd4d142 PA:0x80029f84 store:0xdbd4d142 load:0x000000ff
      118075000	      5802	80004b58	ff509d83	lh	x27,-11(x1)	  x1:0x80029f77 x27=0x00002627 PA:0x80029f6c load:0x00002627
      118255000	      5811	80004b5c	00e08b03	lb	x22,14(x1)	  x1:0x80029f77 x22=0x0000003e PA:0x80029f85 load:0x0000003e
      118415000	      5819	80004b60	ff009f83	lh	x31,-16(x1)	  x1:0x80029f77 x31=0x00002323 PA:0x80029f67 load:0x00002323
      118755000	      5836	80004b64	0140a323	sw	x20,6(x1)	  x1:0x80029f77 x20:0x00000022 PA:0x80029f7d store:0x00000022 load:0xff231d1e
      118815000	      5839	80004b68	0080c103	lbu	x2,8(x1)	  x1:0x80029f77  x2=0x00000000 PA:0x80029f7f load:0x00000000
      118835000	      5840	80004b6c	00909f03	lh	x30,9(x1)	  x1:0x80029f77 x30=0x00003a00 PA:0x80029f80 load:0x00003a00
      119015000	      5849	80004b70	013080a3	sb	x19,1(x1)	  x1:0x80029f77 x19:0x80031e54 PA:0x80029f78 store:0x80031e54 load:0x000000ff
      119035000	      5850	80004b74	00018117	auipc	x2,0x18	  x2=0x8001cb74
      119055000	      5851	80004b78	a9010113	addi	x2,x2,-1392	  x2:0x8001cb74  x2=0x8001c604
      119275000	      5862	80004b7c	02796033	rem	x0,x18,x7	 x18:0x00000088  x7:0x00000000  x0=0x00000000
      119295000	      5863	80004b80	8e09	c.sub	x12,x10	 x12:0xffffffc4 x10:0x00000004 x12=0xffffffc0
      119735000	      5885	80004b82	ff812c23	sw	x24,-8(x2)	  x2:0x8001c604 x24:0x22231c1d PA:0x8001c5fc store:0x22231c1d load:0xffffffff
      119795000	      5888	80004b86	00c106a3	sb	x12,13(x2)	  x2:0x8001c604 x12:0xffffffc0 PA:0x8001c611 store:0xffffffc0 load:0x000000ff
      120375000	      5917	80004b8a	018122a3	sw	x24,5(x2)	  x2:0x8001c604 x24:0x22231c1d PA:0x8001c609 store:0x22231c1d load:0xff231d1e
      120435000	      5920	80004b8e	ff814d03	lbu	x26,-8(x2)	  x2:0x8001c604 x26=0x0000001d PA:0x8001c5fc load:0x0000001d
      120455000	      5921	80004b92	7cfaa813	slti	x16,x21,1999	 x21:0x00002223 x16=0x00000000
      120575000	      5927	80004b96	00614b03	lbu	x22,6(x2)	  x2:0x8001c604 x22=0x0000001c PA:0x8001c60a load:0x0000001c
      120995000	      5948	80004b9a	c602	c.swsp	x0,12(x2)	  x2:0x8001c604  x0:0x00000000 PA:0x8001c610 store:0x00000000 load:0xffffffff
      121215000	      5959	80004b9c	fee11b23	sh	x14,-10(x2)	  x2:0x8001c604 x14:0xffffffdc PA:0x8001c5fa store:0xffffffdc load:0x0000ffff
      121275000	      5962	80004ba0	ff915203	lhu	x4,-7(x2)	  x2:0x8001c604  x4=0x0000231c PA:0x8001c5fd load:0x0000231c
      121455000	      5971	80004ba4	ff510b03	lb	x22,-11(x2)	  x2:0x8001c604 x22=0xffffffb2 PA:0x8001c5f9 load:0xffffffb2
      121875000	      5992	80004ba8	00910283	lb	x5,9(x2)	  x2:0x8001c604  x5=0xffffffc6 PA:0x8001c60d load:0xffffffc6
      121935000	      5995	80004bac	00a11903	lh	x18,10(x2)	  x2:0x8001c604 x18=0xffffc4c5 PA:0x8001c60e load:0xffffc4c5
      122395000	      6018	80004bb0	016117a3	sh	x22,15(x2)	  x2:0x8001c604 x22:0xffffffb2 PA:0x8001c613 store:0xffffffb2 load:0x0000ff23
      122455000	      6021	80004bb4	ff114083	lbu	x1,-15(x2)	  x2:0x8001c604  x1=0x000000ae PA:0x8001c5f5 load:0x000000ae
      123035000	      6050	80004bb8	00114d83	lbu	x27,1(x2)	  x2:0x8001c604 x27=0x000000be PA:0x8001c605 load:0x000000be
      123115000	      6054	80004bbc	ffc10d03	lb	x26,-4(x2)	  x2:0x8001c604 x26=0xffffffbb PA:0x8001c600 load:0xffffffbb
      123515000	      6074	80004bc0	015103a3	sb	x21,7(x2)	  x2:0x8001c604 x21:0x00002223 PA:0x8001c60b store:0x00002223 load:0x000000ff
      123595000	      6078	80004bc4	00712e03	lw	x28,7(x2)	  x2:0x8001c604 x28=0xc5c62223 PA:0x8001c60b load:0xc5c62223
      124055000	      6101	80004bc8	ff312c03	lw	x24,-13(x2)	  x2:0x8001c604 x24=0xdcb2b3ac PA:0x8001c5f7 load:0xdcb2b3ac
      124095000	      6103	80004bcc	025017b3	mulh	x15,x0,x5	  x0:0x00000000  x5:0xffffffc6 x15=0x00000000
      124115000	      6104	80004bd0	9eb2	c.add	x29,x12	 x29:0x00000000 x12:0xffffffc0 x29=0xffffffc0
      124175000	      6107	80004bd2	01911323	sh	x25,6(x2)	  x2:0x8001c604 x25:0x80035ce4 PA:0x8001c60a store:0x80035ce4 load:0x0000ffff
      124195000	      6108	80004bd6	40b55233	sra	x4,x10,x11	 x10:0x00000004 x11:0x3f38393a  x4=0x00000000
      124215000	      6109	80004bda	0ff0000f	fence	iorw,iorw	
      124675000	      6132	80004bde	ff412b03	lw	x22,-12(x2)	  x2:0x8001c604 x22=0xffdcb2b3 PA:0x8001c5f8 load:0xffdcb2b3
      125115000	      6154	80004be2	fe1108a3	sb	x1,-15(x2)	  x2:0x8001c604  x1:0x000000ae PA:0x8001c5f5 store:0x000000ae load:0x000000ff
      125675000	      6182	80004be6	00212b83	lw	x23,2(x2)	  x2:0x8001c604 x23=0x1dc3bcbd PA:0x8001c606 load:0x1dc3bcbd
      125955000	      6196	80004bea	fe4118a3	sh	x4,-15(x2)	  x2:0x8001c604  x4:0x00000000 PA:0x8001c5f5 store:0x00000000 load:0x0000ffff
      126015000	      6199	80004bee	004102a3	sb	x4,5(x2)	  x2:0x8001c604  x4:0x00000000 PA:0x8001c609 store:0x00000000 load:0x000000ff
      126035000	      6200	80004bf2	01ed77b3	and	x15,x26,x30	 x26:0xffffffbb x30:0x00003a00 x15=0x00003a00
      126095000	      6203	80004bf6	fe412f23	sw	x4,-2(x2)	  x2:0x8001c604  x4:0x00000000 PA:0x8001c602 store:0x00000000 load:0xffffbcbd
      126115000	      6204	80004bfa	340038f3	csrrc	x17,mscratch,x0	  x0:0x00000000 x17=0xffffffdc
      126315000	      6214	80004bfe	00d15883	lhu	x17,13(x2)	  x2:0x8001c604 x17=0x00000000 PA:0x8001c611 load:0x00000000
      126375000	      6217	80004c02	ff614283	lbu	x5,-10(x2)	  x2:0x8001c604  x5=0x000000dc PA:0x8001c5fa load:0x000000dc
      126415000	      6219	80004c06	ff312b83	lw	x23,-13(x2)	  x2:0x8001c604 x23=0xdcb2b3ac PA:0x8001c5f7 load:0xdcb2b3ac
      126455000	      6221	80004c0a	ff9119a3	sh	x25,-13(x2)	  x2:0x8001c604 x25:0x80035ce4 PA:0x8001c5f7 store:0x80035ce4 load:0x0000ffac
      126475000	      6222	80004c0e	116abd13	sltiu	x26,x21,278	 x21:0x00002223 x26=0x00000000
      126495000	      6223	80004c12	1bfd	c.addi	x23,-1	 x23:0xdcb2b3ac x23=0xdcb2b3ab
      126575000	      6227	80004c14	005122a3	sw	x5,5(x2)	  x2:0x8001c604  x5:0x000000dc PA:0x8001c609 store:0x000000dc load:0xffac0000
      126595000	      6228	80004c18	0001ab97	auipc	x23,0x1a	 x23=0x8001ec18
      126855000	      6241	80004c1c	914b8b93	addi	x23,x23,-1772	 x23:0x8001ec18 x23=0x8001e52c
      127075000	      6252	80004c20	0e88	c.addi4spn	x10,x2,848	 x10=0x8001c954
      127095000	      6253	80004c22	40715393	srai	x7,x2,0x7	  x2:0x8001c604  x7=0xff00038c
      127155000	      6256	80004c26	fe1b9aa3	sh	x1,-11(x23)	 x23:0x8001e52c  x1:0x000000ae PA:0x8001e521 store:0x000000ae load:0x0000ffff
      127175000	      6257	80004c2a	e3034613	xori	x12,x6,-464	  x6:0x82580000 x12=0x7da7fe30
      127195000	      6258	80004c2e	ff2b9b03	lh	x22,-14(x23)	 x23:0x8001e52c x22=0xffffd4d5 PA:0x8001e51e load:0xffffd4d5
      127215000	      6259	80004c32	0000100f	fence.i	
      128035000	      6300	80004c36	02286ab3	rem	x21,x16,x2	 x16:0x00000000  x2:0x8001c604 x21=0x00000000
      128275000	      6312	80004c3a	000bd603	lhu	x12,0(x23)	 x23:0x8001e52c x12=0x0000e6e7 PA:0x8001e52c load:0x0000e6e7
      128295000	      6313	80004c3e	82f9	c.srli	x13,0x1e	 x13:0xdbd4d766 x13=0x00000003
      128415000	      6319	80004c40	ffeb8183	lb	x3,-2(x23)	 x23:0x8001e52c  x3=0xffffffe1 PA:0x8001e52a load:0xffffffe1
      128435000	      6320	80004c44	00a17b33	and	x22,x2,x10	  x2:0x8001c604 x10:0x8001c954 x22=0x8001c004
      128495000	      6323	80004c48	fffbae23	sw	x31,-4(x23)	 x23:0x8001e52c x31:0x00002323 PA:0x8001e528 store:0x00002323 load:0xffffffff
      129075000	      6352	80004c4c	006b80a3	sb	x6,1(x23)	 x23:0x8001e52c  x6:0x82580000 PA:0x8001e52d store:0x82580000 load:0x000000ff
      129295000	      6363	80004c50	001b80a3	sb	x1,1(x23)	 x23:0x8001e52c  x1:0x000000ae PA:0x8001e52d store:0x000000ae load:0x000000ff
      129355000	      6366	80004c54	ff5b9903	lh	x18,-11(x23)	 x23:0x8001e52c x18=0x000000ae PA:0x8001e521 load:0x000000ae
      129375000	      6367	80004c58	1d90	c.addi4spn	x12,x2,752	 x12=0x8001c8f4
      129395000	      6368	80004c5a	0000100f	fence.i	
      129535000	      6375	80004c5e	00dbd303	lhu	x6,13(x23)	 x23:0x8001e52c  x6=0x0000f1f2 PA:0x8001e539 load:0x0000f1f2
      130275000	      6412	80004c62	0382edb3	rem	x27,x5,x24	  x5:0x000000dc x24:0xdcb2b3ac x27=0x000000dc
      131015000	      6449	80004c66	0280f033	remu	x0,x1,x8	  x1:0x000000ae  x8:0x00000004  x0=0x00000000
      131255000	      6461	80004c6a	007bd083	lhu	x1,7(x23)	 x23:0x8001e52c  x1=0x0000efe8 PA:0x8001e533 load:0x0000efe8
      131295000	      6463	80004c6e	03a51333	mulh	x6,x10,x26	 x10:0x8001c954 x26:0x00000000  x6=0x00000000
      131315000	      6464	80004c72	10e32213	slti	x4,x6,270	  x6:0x00000000  x4=0x00000001
      131855000	      6491	80004c76	002b9a83	lh	x21,2(x23)	 x23:0x8001e52c x21=0xffffe4e5 PA:0x8001e52e load:0xffffe4e5
      131875000	      6492	80004c7a	8f75	c.and	x14,x13	 x14:0xffffffdc x13:0x00000003 x14=0x00000000
      131915000	      6494	80004c7c	02033a33	mulhu	x20,x6,x0	  x6:0x00000000  x0:0x00000000 x20=0x00000000
      131975000	      6497	80004c80	003bc083	lbu	x1,3(x23)	 x23:0x8001e52c  x1=0x000000e4 PA:0x8001e52f load:0x000000e4
      131995000	      6498	80004c84	9ee2	c.add	x29,x24	 x29:0xffffffc0 x24:0xdcb2b3ac x29=0xdcb2b36c
      132015000	      6499	80004c86	0ff0000f	fence	iorw,iorw	
      132195000	      6508	80004c8a	00fb9e83	lh	x29,15(x23)	 x23:0x8001e52c x29=0xfffff7f0 PA:0x8001e53b load:0xfffff7f0
      132455000	      6521	80004c8e	ff4ba703	lw	x14,-12(x23)	 x23:0x8001e52c x14=0xd800aedb PA:0x8001e520 load:0xd800aedb
      132495000	      6523	80004c92	ff3bd283	lhu	x5,-13(x23)	 x23:0x8001e52c  x5=0x0000dbd4 PA:0x8001e51f load:0x0000dbd4
      132515000	      6524	80004c96	8291	c.srli	x13,0x4	 x13:0x00000003 x13=0x00000000
      132535000	      6525	80004c98	8d1d	c.sub	x10,x15	 x10:0x8001c954 x15:0x00003a00 x10=0x80018f54
      132575000	      6527	80004c9a	01e35293	srli	x5,x6,0x1e	  x6:0x00000000  x5=0x00000000
      132595000	      6528	80004c9e	82f2	c.mv	x5,x28	  x0:0x00000000 x28:0xc5c62223  x5=0xc5c62223
      132935000	      6545	80004ca0	00aba703	lw	x14,10(x23)	 x23:0x8001e52c x14=0xf2f3eced PA:0x8001e536 load:0xf2f3eced
      132995000	      6548	80004ca4	00bb94a3	sh	x11,9(x23)	 x23:0x8001e52c x11:0x3f38393a PA:0x8001e535 store:0x3f38393a load:0x0000ffff
      133015000	      6549	80004ca8	615d	c.addi16sp	x2,432	  x2:0x8001c604  x2=0x8001c7b4
      133435000	      6570	80004caa	004bd103	lhu	x2,4(x23)	 x23:0x8001e52c  x2=0x0000eaeb PA:0x8001e530 load:0x0000eaeb
      133455000	      6571	80004cae	0001	c.addi	x0,0	  x0:0x00000000  x0=0x00000000
      141135000	      6955	80004cb0	6c612e93	slti	x29,x2,1734	  x2:0x0000eaeb x29=0x00000000
      141595000	      6978	80004cb4	003bd183	lhu	x3,3(x23)	 x23:0x8001e52c  x3=0x0000ebe4 PA:0x8001e52f load:0x0000ebe4
      141875000	      6992	80004cb8	ff5ba803	lw	x16,-11(x23)	 x23:0x8001e52c x16=0xdfd800ae PA:0x8001e521 load:0xdfd800ae
      141895000	      6993	80004cbc	00017817	auipc	x16,0x17	 x16=0x8001bcbc
      141915000	      6994	80004cc0	3a380813	addi	x16,x16,931	 x16:0x8001bcbc x16=0x8001c05f
      142195000	      7008	80004cc4	00880583	lb	x11,8(x16)	 x16:0x8001c05f x11=0x0000001c PA:0x8001c067 load:0x0000001c
      142215000	      7009	80004cc8	06a9	c.addi	x13,10	 x13:0x00000000 x13=0x0000000a
      142235000	      7010	80004cca	6c35	c.lui	x24,0xd	 x24=0x0000d000
      142315000	      7014	80004ccc	2d581083	lh	x1,725(x16)	 x16:0x8001c05f  x1=0xffffeeef PA:0x8001c334 load:0xffffeeef
      142335000	      7015	80004cd0	0069d733	srl	x14,x19,x6	 x19:0x80031e54  x6:0x00000000 x14=0x80031e54
      142395000	      7018	80004cd4	19c84703	lbu	x14,412(x16)	 x16:0x8001c05f x14=0x000000b0 PA:0x8001c1fb load:0x000000b0
      142475000	      7022	80004cd8	6165	c.addi16sp	x2,112	  x2:0x0000eaeb  x2=0x0000eb5b
      142495000	      7023	80004cda	9a980313	addi	x6,x16,-1623	 x16:0x8001c05f  x6=0x8001ba08
      142735000	      7035	80004cde	56e80483	lb	x9,1390(x16)	 x16:0x8001c05f  x9=0xffffff86 PA:0x8001c5cd load:0xffffff86
      142755000	      7036	80004ce2	8d51	c.or	x10,x12	 x10:0x80018f54 x12:0x8001c8f4 x10=0x8001cff4
      142855000	      7041	80004ce4	5ec80783	lb	x15,1516(x16)	 x16:0x8001c05f x15=0x00000000 PA:0x8001c64b load:0x00000000
      142895000	      7043	80004ce8	02d2a3b3	mulhsu	x7,x5,x13	  x5:0xc5c62223 x13:0x0000000a  x7=0xfffffffd
      143055000	      7051	80004cec	37484603	lbu	x12,884(x16)	 x16:0x8001c05f x12=0x00000088 PA:0x8001c3d3 load:0x00000088
      143195000	      7058	80004cf0	44382a03	lw	x20,1091(x16)	 x16:0x8001c05f x20=0x5e5f5859 PA:0x8001c4a2 load:0x5e5f5859
      143595000	      7078	80004cf4	345809a3	sb	x5,851(x16)	 x16:0x8001c05f  x5:0xc5c62223 PA:0x8001c3b2 store:0xc5c62223 load:0x000000ff
      143615000	      7079	80004cf8	8fe5	c.and	x15,x9	 x15:0x00000000  x9:0xffffff86 x15=0x00000000
      143635000	      7080	80004cfa	1671b013	sltiu	x0,x3,359	  x3:0x0000ebe4  x0=0x00000000
      143915000	      7094	80004cfe	7c085f83	lhu	x31,1984(x16)	 x16:0x8001c05f x31=0x0000dbd4 PA:0x8001c81f load:0x0000dbd4
      143935000	      7095	80004d02	0001	c.addi	x0,0	  x0:0x00000000  x0=0x00000000
      143975000	      7097	80004d04	03d27d33	remu	x26,x4,x29	  x4:0x00000001 x29:0x00000000 x26=0x00000001
      144215000	      7109	80004d08	2c4821a3	sw	x4,707(x16)	 x16:0x8001c05f  x4:0x00000001 PA:0x8001c322 store:0x00000001 load:0xffffd4d5
      144235000	      7110	80004d0c	340065f3	csrrsi	x11,mscratch,0	 x11=0xffffffdc
      144295000	      7113	80004d10	5c281d23	sh	x2,1498(x16)	 x16:0x8001c05f  x2:0x0000eb5b PA:0x8001c639 store:0x0000eb5b load:0x0000ffff
      144375000	      7117	80004d14	40fd0bb3	sub	x23,x26,x15	 x26:0x00000001 x15:0x00000000 x23=0x00000001
      145015000	      7149	80004d18	01980ba3	sb	x25,23(x16)	 x16:0x8001c05f x25:0x80035ce4 PA:0x8001c076 store:0x80035ce4 load:0x000000ff
      145755000	      7186	80004d1c	021d6633	rem	x12,x26,x1	 x26:0x00000001  x1:0xffffeeef x12=0x00000001
      145795000	      7188	80004d20	03b11bb3	mulh	x23,x2,x27	  x2:0x0000eb5b x27:0x000000dc x23=0x00000000
      145815000	      7189	80004d24	81b5	c.srli	x11,0xd	 x11:0xffffffdc x11=0x0007ffff
      145835000	      7190	80004d26	8e49	c.or	x12,x10	 x12:0x00000001 x10:0x8001cff4 x12=0x8001cff5
      145895000	      7193	80004d28	1e984083	lbu	x1,489(x16)	 x16:0x8001c05f  x1=0x00000003 PA:0x8001c248 load:0x00000003
      145915000	      7194	80004d2c	3401d2f3	csrrwi	x5,mscratch,3	  x5=0xffffffdc
      145935000	      7195	80004d30	340b9df3	csrrw	x27,mscratch,x23	 x23:0x00000000 x27=0x00000003
      146335000	      7215	80004d34	316815a3	sh	x22,779(x16)	 x16:0x8001c05f x22:0x8001c004 PA:0x8001c36a store:0x8001c004 load:0x0000ffff
      147075000	      7252	80004d38	033adb33	divu	x22,x21,x19	 x21:0xffffe4e5 x19:0x80031e54 x22=0x00000001
      147095000	      7253	80004d3c	340d9973	csrrw	x18,mscratch,x27	 x27:0x00000003 x18=0x00000000
      147115000	      7254	80004d40	d7828113	addi	x2,x5,-648	  x5:0xffffffdc  x2=0xfffffd54
      147135000	      7255	80004d44	00201f13	slli	x30,x0,0x2	  x0:0x00000000 x30=0x00000000
      147235000	      7260	80004d48	28f81d83	lh	x27,655(x16)	 x16:0x8001c05f x27=0xffffa4a5 PA:0x8001c2ee load:0xffffa4a5
      147255000	      7261	80004d4c	340b7973	csrrci	x18,mscratch,22	 x18=0x00000003
      147335000	      7265	80004d50	0001	c.addi	x0,0	  x0:0x00000000  x0=0x00000000
      147815000	      7289	80004d52	5b981c23	sh	x25,1464(x16)	 x16:0x8001c05f x25:0x80035ce4 PA:0x8001c617 store:0x80035ce4 load:0x0000ffd4
      148555000	      7326	80004d56	02a46033	rem	x0,x8,x10	  x8:0x00000004 x10:0x8001cff4  x0=0x00000000
      148855000	      7341	80004d5a	1ba81a83	lh	x21,442(x16)	 x16:0x8001c05f x21=0xffffd1d2 PA:0x8001c219 load:0xffffd1d2
      148875000	      7342	80004d5e	00022717	auipc	x14,0x22	 x14=0x80026d5e
      148895000	      7343	80004d62	f3b70713	addi	x14,x14,-197	 x14:0x80026d5e x14=0x80026c99
      148915000	      7344	80004d66	00018b17	auipc	x22,0x18	 x22=0x8001cd66
      148935000	      7345	80004d6a	1bfb0b13	addi	x22,x22,447	 x22:0x8001cd66 x22=0x8001cf25
      148995000	      7348	80004d6e	9db706a3	sb	x27,-1587(x14)	 x14:0x80026c99 x27:0xffffa4a5 PA:0x80026666 store:0xffffa4a5 load:0x000000ff
      149015000	      7349	80004d72	ff0b1fa3	sh	x16,-1(x22)	 x22:0x8001cf25 x16:0x8001c05f PA:0x8001cf24 store:0x8001c05f load:0x0000ffff
      149795000	      7388	80004d76	fc7720a3	sw	x7,-63(x14)	 x14:0x80026c99  x7:0xfffffffd PA:0x80026c5a store:0xfffffffd load:0xffffd4d5
      150055000	      7401	80004d7a	42b74283	lbu	x5,1067(x14)	 x14:0x80026c99  x5=0x0000007f PA:0x800270c4 load:0x0000007f
      150095000	      7403	80004d7e	7fb70003	lb	x0,2043(x14)	 x14:0x80026c99  x0=0x00000000 PA:0x80027494 load:0x0000004f
      150115000	      7404	80004d82	fffb5003	lhu	x0,-1(x22)	 x22:0x8001cf25  x0=0x00000000 PA:0x8001cf24 load:0x0000c05f
      150515000	      7424	80004d86	ab172603	lw	x12,-1359(x14)	 x14:0x80026c99 x12=0x06070001 PA:0x8002674a load:0x06070001
      150755000	      7436	80004d8a	02675583	lhu	x11,38(x14)	 x14:0x80026c99 x11=0x00007b74 PA:0x80026cbf load:0x00007b74
      150815000	      7439	80004d8e	000b4283	lbu	x5,0(x22)	 x22:0x8001cf25  x5=0x000000c0 PA:0x8001cf25 load:0x000000c0
      150875000	      7442	80004d92	94d70923	sb	x13,-1710(x14)	 x14:0x80026c99 x13:0x0000000a PA:0x800265eb store:0x0000000a load:0x000000ff
      151115000	      7454	80004d96	d9971603	lh	x12,-615(x14)	 x14:0x80026c99 x12=0xffffe8e9 PA:0x80026a32 load:0xffffe8e9
      151175000	      7457	80004d9a	ff6b0f83	lb	x31,-10(x22)	 x22:0x8001cf25 x31=0xffffffd0 PA:0x8001cf1b load:0xffffffd0
      151375000	      7467	80004d9e	bbe71f03	lh	x30,-1090(x14)	 x14:0x80026c99 x30=0x0000130c PA:0x80026857 load:0x0000130c
      151835000	      7490	80004da2	74c75883	lhu	x17,1868(x14)	 x14:0x80026c99 x17=0x00009d9e PA:0x800273e5 load:0x00009d9e
      151915000	      7494	80004da6	002b5a03	lhu	x20,2(x22)	 x22:0x8001cf25 x20=0x0000e3dc PA:0x8001cf27 load:0x0000e3dc
      151935000	      7495	80004daa	0001f117	auipc	x2,0x1f	  x2=0x80023daa
      151955000	      7496	80004dae	12b10113	addi	x2,x2,299	  x2:0x80023daa  x2=0x80023ed5
      152155000	      7506	80004db2	e6714c03	lbu	x24,-409(x2)	  x2:0x80023ed5 x24=0x000000f7 PA:0x80023d3c load:0x000000f7
      152175000	      7507	80004db6	9b414883	lbu	x17,-1612(x2)	  x2:0x80023ed5 x17=0x00000042 PA:0x80023889 load:0x00000042
      152275000	      7512	80004dba	9b414903	lbu	x18,-1612(x2)	  x2:0x80023ed5 x18=0x00000042 PA:0x80023889 load:0x00000042
      152295000	      7513	80004dbe	8d9d	c.sub	x11,x15	 x11:0x00007b74 x15:0x00000000 x11=0x00007b74
      152795000	      7538	80004dc0	9b410803	lb	x16,-1612(x2)	  x2:0x80023ed5 x16=0x00000042 PA:0x80023889 load:0x00000042
      153095000	      7553	80004dc4	9b012a23	sw	x16,-1612(x2)	  x2:0x80023ed5 x16:0x00000042 PA:0x80023889 store:0x00000042 load:0xffdcddc0
      153155000	      7556	80004dc8	9b410503	lb	x10,-1612(x2)	  x2:0x80023ed5 x10=0x00000042 PA:0x80023889 load:0x00000042
      153195000	      7558	80004dcc	8d39	c.xor	x10,x14	 x10:0x00000042 x14:0x80026c99 x10=0x80026cdb
      153215000	      7559	80004dce	34006873	csrrsi	x16,mscratch,0	 x16=0x00000001
      153715000	      7584	80004dd2	9a312a23	sw	x3,-1612(x2)	  x2:0x80023ed5  x3:0x0000ebe4 PA:0x80023889 store:0x0000ebe4 load:0xffdcddc0
      153775000	      7587	80004dd6	9b410003	lb	x0,-1612(x2)	  x2:0x80023ed5  x0=0x00000000 PA:0x80023889 load:0xffffffe4
      153815000	      7589	80004dda	9b412683	lw	x13,-1612(x2)	  x2:0x80023ed5 x13=0x0000ebe4 PA:0x80023889 load:0x0000ebe4
      153995000	      7598	80004dde	9aa12a23	sw	x10,-1612(x2)	  x2:0x80023ed5 x10:0x80026cdb PA:0x80023889 store:0x80026cdb load:0xff00ebe4
      154295000	      7613	80004de2	9bf12a23	sw	x31,-1612(x2)	  x2:0x80023ed5 x31:0xffffffd0 PA:0x80023889 store:0xffffffd0 load:0xff00ebe4
      154555000	      7626	80004de6	9b411283	lh	x5,-1612(x2)	  x2:0x80023ed5  x5=0xffffffd0 PA:0x80023889 load:0xffffffd0
      154615000	      7629	80004dea	33211823	sh	x18,816(x2)	  x2:0x80023ed5 x18:0x00000042 PA:0x80024205 store:0x00000042 load:0x0000ffff
      154635000	      7630	80004dee	16c14603	lbu	x12,364(x2)	  x2:0x80023ed5 x12=0x000000fa PA:0x80024041 load:0x000000fa
      154655000	      7631	80004df2	0001c117	auipc	x2,0x1c	  x2=0x80020df2
      154675000	      7632	80004df6	26910113	addi	x2,x2,617	  x2:0x80020df2  x2=0x8002105b
      154695000	      7633	80004dfa	005a2b33	slt	x22,x20,x5	 x20:0x0000e3dc  x5:0xffffffd0 x22=0x00000000
      154755000	      7636	80004dfe	64311ba3	sh	x3,1623(x2)	  x2:0x8002105b  x3:0x0000ebe4 PA:0x800216b2 store:0x0000ebe4 load:0x0000ffff
      155175000	      7657	80004e02	2ed11503	lh	x10,749(x2)	  x2:0x8002105b x10=0x00000203 PA:0x80021348 load:0x00000203
      155255000	      7661	80004e06	a40106a3	sb	x0,-1459(x2)	  x2:0x8002105b  x0:0x00000000 PA:0x80020aa8 store:0x00000000 load:0x000000ff
      155275000	      7662	80004e0a	7cc14813	xori	x16,x2,1996	  x2:0x8002105b x16=0x80021797
      155335000	      7665	80004e0e	3ab10183	lb	x3,939(x2)	  x2:0x8002105b  x3=0xffffffbd PA:0x80021406 load:0xffffffbd
      155395000	      7668	80004e12	15915a03	lhu	x20,345(x2)	  x2:0x8002105b x20=0x00006e6f PA:0x800211b4 load:0x00006e6f
      155415000	      7669	80004e16	8e7d	c.and	x12,x15	 x12:0x000000fa x15:0x00000000 x12=0x00000000
      155435000	      7670	80004e18	e840e093	ori	x1,x1,-380	  x1:0x00000003  x1=0xfffffe87
      155535000	      7675	80004e1c	f8b11d23	sh	x11,-102(x2)	  x2:0x8002105b x11:0x00007b74 PA:0x80020ff5 store:0x00007b74 load:0x0000ffff
      155875000	      7692	80004e20	4de11283	lh	x5,1246(x2)	  x2:0x8002105b  x5=0xfffff1f2 PA:0x80021539 load:0xfffff1f2
      155975000	      7697	80004e24	29211ca3	sh	x18,665(x2)	  x2:0x8002105b x18:0x00000042 PA:0x800212f4 store:0x00000042 load:0x0000ffff
      156135000	      7705	80004e28	f183ad13	slti	x26,x7,-232	  x7:0xfffffffd x26=0x00000000
      156255000	      7711	80004e2c	301fb213	sltiu	x4,x31,769	 x31:0xffffffd0  x4=0x00000000
      156375000	      7717	80004e30	81810003	lb	x0,-2024(x2)	  x2:0x8002105b  x0=0x00000000 PA:0x80020873 load:0x00000028
      156615000	      7729	80004e34	31f12923	sw	x31,786(x2)	  x2:0x8002105b x31:0xffffffd0 PA:0x8002136d store:0xffffffd0 load:0xff00ebe4
      156675000	      7732	80004e38	1ed11a03	lh	x20,493(x2)	  x2:0x8002105b x20=0x00000203 PA:0x80021248 load:0x00000203
      156695000	      7733	80004e3c	340022f3	csrrs	x5,mscratch,x0	  x0:0x00000000  x5=0x00000001
      156715000	      7734	80004e40	1bfd	c.addi	x23,-1	 x23:0x00000000 x23=0xffffffff
      156915000	      7744	80004e42	75410503	lb	x10,1876(x2)	  x2:0x8002105b x10=0x00000064 PA:0x800217af load:0x00000064
      157655000	      7781	80004e46	02787233	remu	x4,x16,x7	 x16:0x80021797  x7:0xfffffffd  x4=0x80021797
      157675000	      7782	80004e4a	0001	c.addi	x0,0	  x0:0x00000000  x0=0x00000000
      157695000	      7783	80004e4c	859d	c.srai	x11,0x7	 x11:0x00007b74 x11=0x000000f6
      157715000	      7784	80004e4e	01b37b33	and	x22,x6,x27	  x6:0x8001ba08 x27:0xffffa4a5 x22=0x8001a000
      157735000	      7785	80004e52	8f2d	c.xor	x14,x11	 x14:0x80026c99 x11:0x000000f6 x14=0x80026c6f
      157855000	      7791	80004e54	2e510203	lb	x4,741(x2)	  x2:0x8002105b  x4=0xfffffffb PA:0x80021340 load:0xfffffffb
      157915000	      7794	80004e58	054103a3	sb	x20,71(x2)	  x2:0x8002105b x20:0x00000203 PA:0x800210a2 store:0x00000203 load:0x000000ff
      157935000	      7795	80004e5c	b8d42393	slti	x7,x8,-1139	  x8:0x00000004  x7=0x00000000
      158255000	      7811	80004e60	7ba12b23	sw	x26,1974(x2)	  x2:0x8002105b x26:0x00000000 PA:0x80021811 store:0x00000000 load:0xff00ebe4
      158475000	      7822	80004e64	ad411a03	lh	x20,-1324(x2)	  x2:0x8002105b x20=0xffffebe4 PA:0x80020b2f load:0xffffebe4
      158495000	      7823	80004e68	0ff0000f	fence	iorw,iorw	
      158595000	      7828	80004e6c	6e010a23	sb	x0,1780(x2)	  x2:0x8002105b  x0:0x00000000 PA:0x8002174f store:0x00000000 load:0x000000ff
      158615000	      7829	80004e70	4bd11fa3	sh	x29,1215(x2)	  x2:0x8002105b x29:0x00000000 PA:0x8002151a store:0x00000000 load:0x0000ffff
      158775000	      7837	80004e74	1b911683	lh	x13,441(x2)	  x2:0x8002105b x13=0xffffcecf PA:0x80021214 load:0xffffcecf
      159255000	      7861	80004e78	c3a12523	sw	x26,-982(x2)	  x2:0x8002105b x26:0x00000000 PA:0x80020c85 store:0x00000000 load:0xffe4e5e6
      159275000	      7862	80004e7c	8e75	c.and	x12,x13	 x12:0x00000000 x13:0xffffcecf x12=0x00000000
      159455000	      7871	80004e7e	1b110083	lb	x1,433(x2)	  x2:0x8002105b  x1=0xffffffc7 PA:0x8002120c load:0xffffffc7
      159475000	      7872	80004e82	4c7d	c.li	x24,31	 x24=0x0000001f
      159495000	      7873	80004e84	34005d73	csrrwi	x26,mscratch,0	 x26=0x00000001
      159515000	      7874	80004e88	1a128e13	addi	x28,x5,417	  x5:0x00000001 x28=0x000001a2
      159815000	      7889	80004e8c	aa412e23	sw	x4,-1348(x2)	  x2:0x8002105b  x4:0xfffffffb PA:0x80020b17 store:0xfffffffb load:0xffffffe4
      160475000	      7922	80004e90	6a910283	lb	x5,1705(x2)	  x2:0x8002105b  x5=0xffffffbf PA:0x80021704 load:0xffffffbf
      160555000	      7926	80004e94	1c612ba3	sw	x6,471(x2)	  x2:0x8002105b  x6:0x8001ba08 PA:0x80021232 store:0x8001ba08 load:0xffffe4e5
      160955000	      7946	80004e98	32411123	sh	x4,802(x2)	  x2:0x8002105b  x4:0xfffffffb PA:0x8002137d store:0xfffffffb load:0x0000ffff
      161215000	      7959	80004e9c	291109a3	sb	x17,659(x2)	  x2:0x8002105b x17:0x00000042 PA:0x800212ee store:0x00000042 load:0x000000ff
      161395000	      7968	80004ea0	48210483	lb	x9,1154(x2)	  x2:0x8002105b  x9=0xffffff96 PA:0x800214dd load:0xffffff96
      161435000	      7970	80004ea4	94ba	c.add	x9,x14	  x9:0xffffff96 x14:0x80026c6f  x9=0x80026c05
      161455000	      7971	80004ea6	00f89293	slli	x5,x17,0xf	 x17:0x00000042  x5=0x00210000
      161715000	      7984	80004eaa	f2311303	lh	x6,-221(x2)	  x2:0x8002105b  x6=0x00003435 PA:0x80020f7e load:0x00003435
      161775000	      7987	80004eae	2c512083	lw	x1,709(x2)	  x2:0x8002105b  x1=0xd8d9dadb PA:0x80021320 load:0xd8d9dadb
      161795000	      7988	80004eb2	00027197	auipc	x3,0x27	  x3=0x8002beb2
      161815000	      7989	80004eb6	42e18193	addi	x3,x3,1070	  x3:0x8002beb2  x3=0x8002c2e0
      162155000	      8006	80004eba	00017a97	auipc	x21,0x17	 x21=0x8001beba
      162295000	      8013	80004ebe	3c2a8a93	addi	x21,x21,962	 x21:0x8001beba x21=0x8001c27c
      162375000	      8017	80004ec2	ffa1a903	lw	x18,-6(x3)	  x3:0x8002c2e0 x18=0x96979091 PA:0x8002c2da load:0x96979091
      162635000	      8030	80004ec6	005a8283	lb	x5,5(x21)	 x21:0x8001c27c  x5=0x0000003a PA:0x8001c281 load:0x0000003a
      162655000	      8031	80004eca	00c1ab03	lw	x22,12(x3)	  x3:0x8002c2e0 x22=0xa4a5a6a7 PA:0x8002c2ec load:0xa4a5a6a7
      163075000	      8052	80004ece	ff9a8823	sb	x25,-16(x21)	 x21:0x8001c27c x25:0x80035ce4 PA:0x8001c26c store:0x80035ce4 load:0x000000ff
      163455000	      8071	80004ed2	ff8aaf23	sw	x24,-2(x21)	 x21:0x8001c27c x24:0x0000001f PA:0x8001c27a store:0x0000001f load:0xffff9091
      163575000	      8077	80004ed6	ffd1cf83	lbu	x31,-3(x3)	  x3:0x8002c2e0 x31=0x00000096 PA:0x8002c2dd load:0x00000096
      163635000	      8080	80004eda	ffb18083	lb	x1,-5(x3)	  x3:0x8002c2e0  x1=0xffffff90 PA:0x8002c2db load:0xffffff90
      164175000	      8107	80004ede	00a1a7a3	sw	x10,15(x3)	  x3:0x8002c2e0 x10:0x00000064 PA:0x8002c2ef store:0x00000064 load:0xffffff90
      164295000	      8113	80004ee2	00baa203	lw	x4,11(x21)	 x21:0x8001c27c  x4=0x4142433c PA:0x8001c287 load:0x4142433c
      164935000	      8145	80004ee6	0061a203	lw	x4,6(x3)	  x3:0x8002c2e0  x4=0xa2a39c9d PA:0x8002c2e6 load:0xa2a39c9d
      165035000	      8150	80004eea	ff6a8fa3	sb	x22,-1(x21)	 x21:0x8001c27c x22:0xa4a5a6a7 PA:0x8001c27b store:0xa4a5a6a7 load:0x000000ff
      165695000	      8183	80004eee	feeaaea3	sw	x14,-3(x21)	 x21:0x8001c27c x14:0x80026c6f PA:0x8001c279 store:0x80026c6f load:0xff9c9d9e
      165975000	      8197	80004ef2	001a93a3	sh	x1,7(x21)	 x21:0x8001c27c  x1:0xffffff90 PA:0x8001c283 store:0xffffff90 load:0x0000ff9c
      177655000	      8781	80004ef6	ffcace83	lbu	x29,-4(x21)	 x21:0x8001c27c x29=0x00000033 PA:0x8001c278 load:0x00000033
      177715000	      8784	80004efa	ff4aa783	lw	x15,-12(x21)	 x21:0x8001c27c x15=0x28292a2b PA:0x8001c270 load:0x28292a2b
      177735000	      8785	80004efe	00017617	auipc	x12,0x17	 x12=0x8001befe
      177755000	      8786	80004f02	78860613	addi	x12,x12,1928	 x12:0x8001befe x12=0x8001c686
      178035000	      8800	80004f06	05262ba3	sw	x18,87(x12)	 x12:0x8001c686 x18:0x96979091 PA:0x8001c6dd store:0x96979091 load:0xff9c9d9e
      178435000	      8820	80004f0a	f80616a3	sh	x0,-115(x12)	 x12:0x8001c686  x0:0x00000000 PA:0x8001c613 store:0x00000000 load:0x0000ff9c
      178455000	      8821	80004f0e	00021d17	auipc	x26,0x21	 x26=0x80025f0e
      178475000	      8822	80004f12	8fdd0d13	addi	x26,x26,-1795	 x26:0x80025f0e x26=0x8002580b
      178555000	      8826	80004f16	fc6d2583	lw	x11,-58(x26)	 x26:0x8002580b x11=0x8f88898a PA:0x800257d1 load:0x8f88898a
      178775000	      8837	80004f1a	fbbd13a3	sh	x27,-89(x26)	 x26:0x8002580b x27:0xffffa4a5 PA:0x800257b2 store:0xffffa4a5 load:0x0000ffff
      178815000	      8839	80004f1e	024d2923	sw	x4,50(x26)	 x26:0x8002580b  x4:0xa2a39c9d PA:0x8002583d store:0xa2a39c9d load:0xff88898a
      178955000	      8846	80004f22	0d0d2b83	lw	x23,208(x26)	 x26:0x8002580b x23=0x95969790 PA:0x800258db load:0x95969790
      179015000	      8849	80004f26	04b64683	lbu	x13,75(x12)	 x12:0x8001c686 x13=0x0000008a PA:0x8001c6d1 load:0x0000008a
      179075000	      8852	80004f2a	fce64b83	lbu	x23,-50(x12)	 x12:0x8001c686 x23=0x0000000f PA:0x8001c654 load:0x0000000f
      179815000	      8889	80004f2e	fdc64a03	lbu	x20,-36(x12)	 x12:0x8001c686 x20=0x00000019 PA:0x8001c662 load:0x00000019
      180275000	      8912	80004f32	077d1503	lh	x10,119(x26)	 x26:0x8002580b x10=0x00003839 PA:0x80025882 load:0x00003839
      180675000	      8932	80004f36	06f65f03	lhu	x30,111(x12)	 x12:0x8001c686 x30=0x0000adae PA:0x8001c6f5 load:0x0000adae
      181335000	      8965	80004f3a	f5a61183	lh	x3,-166(x12)	 x12:0x8001c686  x3=0xffff9a9b PA:0x8001c5e0 load:0xffff9a9b
      181395000	      8968	80004f3e	081d0a03	lb	x20,129(x26)	 x26:0x8002580b x20=0x00000047 PA:0x8002588c load:0x00000047
      181595000	      8978	80004f42	f8ad1e03	lh	x28,-118(x26)	 x26:0x8002580b x28=0x00004d4e PA:0x80025795 load:0x00004d4e
      181635000	      8980	80004f46	f7e61523	sh	x30,-150(x12)	 x12:0x8001c686 x30:0x0000adae PA:0x8001c5f0 store:0x0000adae load:0x0000ffff
      181655000	      8981	80004f4a	f0d60d23	sb	x13,-230(x12)	 x12:0x8001c686 x13:0x0000008a PA:0x8001c5a0 store:0x0000008a load:0x000000ff
      181915000	      8994	80004f4e	040d1aa3	sh	x0,85(x26)	 x26:0x8002580b  x0:0x00000000 PA:0x80025860 store:0x00000000 load:0x0000ffff
      181975000	      8997	80004f52	f3261a83	lh	x21,-206(x12)	 x12:0x8001c686 x21=0x00007273 PA:0x8001c5b8 load:0x00007273
      182375000	      9017	80004f56	fbbd2783	lw	x15,-69(x26)	 x26:0x8002580b x15=0x82837c7d PA:0x800257c6 load:0x82837c7d
      182395000	      9018	80004f5a	00017a17	auipc	x20,0x17	 x20=0x8001bf5a
      182415000	      9019	80004f5e	52ea0a13	addi	x20,x20,1326	 x20:0x8001bf5a x20=0x8001c488
      182435000	      9020	80004f62	00023217	auipc	x4,0x23	  x4=0x80027f62
      182455000	      9021	80004f66	93420213	addi	x4,x4,-1740	  x4:0x80027f62  x4=0x80027896
      182935000	      9045	80004f6a	039a17a3	sh	x25,47(x20)	 x20:0x8001c488 x25:0x80035ce4 PA:0x8001c4b7 store:0x80035ce4 load:0x0000ff7c
      183475000	      9072	80004f6e	03aa1083	lh	x1,58(x20)	 x20:0x8001c488  x1=0x00007879 PA:0x8001c4c2 load:0x00007879
      183835000	      9090	80004f72	06ba29a3	sw	x11,115(x20)	 x20:0x8001c488 x11:0x8f88898a PA:0x8001c4fb store:0x8f88898a load:0xffffff7c
      184035000	      9100	80004f76	27f20103	lb	x2,639(x4)	  x4:0x80027896  x2=0xffffffce PA:0x80027b15 load:0xffffffce
      184495000	      9123	80004f7a	1fe21903	lh	x18,510(x4)	  x4:0x80027896 x18=0x00004e4f PA:0x80027a94 load:0x00004e4f
      184555000	      9126	80004f7e	f3aa0da3	sb	x26,-197(x20)	 x20:0x8001c488 x26:0x8002580b PA:0x8001c3c3 store:0x8002580b load:0x000000ff
      184715000	      9134	80004f82	eff20583	lb	x11,-257(x4)	  x4:0x80027896 x11=0x0000004e PA:0x80027795 load:0x0000004e
      184775000	      9137	80004f86	018a0aa3	sb	x24,21(x20)	 x20:0x8001c488 x24:0x0000001f PA:0x8001c49d store:0x0000001f load:0x000000ff
      184795000	      9138	80004f8a	c50203a3	sb	x16,-953(x4)	  x4:0x80027896 x16:0x80021797 PA:0x800274dd store:0x80021797 load:0x000000ff
      184875000	      9142	80004f8e	f84a1903	lh	x18,-124(x20)	 x20:0x8001c488 x18=0xffffc6c7 PA:0x8001c40c load:0xffffc6c7
      184955000	      9146	80004f92	f8ea1103	lh	x2,-114(x20)	 x20:0x8001c488  x2=0xffffcccd PA:0x8001c416 load:0xffffcccd
      185175000	      9157	80004f96	f2b21003	lh	x0,-213(x4)	  x4:0x80027896  x0=0x00000000 PA:0x800277c1 load:0x0000797a
      185195000	      9158	80004f9a	fa2a4e83	lbu	x29,-94(x20)	 x20:0x8001c488 x29=0x000000e1 PA:0x8001c42a load:0x000000e1
      185215000	      9159	80004f9e	06aa1e23	sh	x10,124(x20)	 x20:0x8001c488 x10:0x00003839 PA:0x8001c504 store:0x00003839 load:0x0000ffff
      185235000	      9160	80004fa2	f19a5c03	lhu	x24,-231(x20)	 x20:0x8001c488 x24=0x0000595a PA:0x8001c3a1 load:0x0000595a
      185255000	      9161	80004fa6	00028117	auipc	x2,0x28	  x2=0x8002cfa6
      185275000	      9162	80004faa	f5e10113	addi	x2,x2,-162	  x2:0x8002cfa6  x2=0x8002cf04
      185315000	      9164	80004fae	63ec1b97	auipc	x23,0x63ec1	 x23=0xe3ec5fae
      185415000	      9169	80004fb2	3404fdf3	csrrci	x27,mscratch,9	 x27=0x00000000
      185735000	      9185	80004fb6	03314e83	lbu	x29,51(x2)	  x2:0x8002cf04 x29=0x000000ec PA:0x8002cf37 load:0x000000ec
      185955000	      9196	80004fba	01e14503	lbu	x10,30(x2)	  x2:0x8002cf04 x10=0x000000d9 PA:0x8002cf22 load:0x000000d9
      186175000	      9207	80004fbe	c806	c.swsp	x1,16(x2)	  x2:0x8002cf04  x1:0x00007879 PA:0x8002cf14 store:0x00007879 load:0xffffffff
      186195000	      9208	80004fc0	cc60a293	slti	x5,x1,-826	  x1:0x00007879  x5=0x00000000
      186295000	      9213	80004fc4	fe910ea3	sb	x9,-3(x2)	  x2:0x8002cf04  x9:0x80026c05 PA:0x8002cf01 store:0x80026c05 load:0x000000ff
      186355000	      9216	80004fc8	ffb14203	lbu	x4,-5(x2)	  x2:0x8002cf04  x4=0x000000b4 PA:0x8002ceff load:0x000000b4
      186715000	      9234	80004fcc	fe815583	lhu	x11,-24(x2)	  x2:0x8002cf04 x11=0x0000a6a7 PA:0x8002ceec load:0x0000a6a7
      186735000	      9235	80004fd0	588c6e13	ori	x28,x24,1416	 x24:0x0000595a x28=0x00005dda
      186755000	      9236	80004fd4	8b9d	c.andi	x15,7	 x15:0x82837c7d x15=0x00000005
      186775000	      9237	80004fd6	00078933	add	x18,x15,x0	 x15:0x00000005  x0:0x00000000 x18=0x00000005
      186795000	      9238	80004fda	34003f73	csrrc	x30,mscratch,x0	  x0:0x00000000 x30=0x00000000
      186815000	      9239	80004fde	8ca9	c.xor	x9,x10	  x9:0x80026c05 x10:0x000000d9  x9=0x80026cdc
      186875000	      9242	80004fe0	5372	c.lwsp	x6,60(x2)	  x2:0x8002cf04  x6=0xf8f9fafb PA:0x8002cf40 load:0xf8f9fafb
      186895000	      9243	80004fe2	fca10703	lb	x14,-54(x2)	  x2:0x8002cf04 x14=0xffffff85 PA:0x8002cece load:0xffffff85
      187395000	      9268	80004fe6	00812ea3	sw	x8,29(x2)	  x2:0x8002cf04  x8:0x00000004 PA:0x8002cf21 store:0x00000004 load:0xff7c7d7e
      187995000	      9298	80004fea	fd2119a3	sh	x18,-45(x2)	  x2:0x8002cf04 x18:0x00000005 PA:0x8002ced7 store:0x00000005 load:0x0000ff7c
      188015000	      9299	80004fee	41d10ab3	sub	x21,x2,x29	  x2:0x8002cf04 x29:0x000000ec x21=0x8002ce18
      188255000	      9311	80004ff2	fc912c03	lw	x24,-55(x2)	  x2:0x8002cf04 x24=0x8b848586 PA:0x8002cecd load:0x8b848586
      188415000	      9319	80004ff6	c00e	c.swsp	x3,0(x2)	  x2:0x8002cf04  x3:0xffff9a9b PA:0x8002cf04 store:0xffff9a9b load:0xffffffff
      188475000	      9322	80004ff8	ff012683	lw	x13,-16(x2)	  x2:0x8002cf04 x13=0xacadaeaf PA:0x8002cef4 load:0xacadaeaf
      188495000	      9323	80004ffc	0001	c.addi	x0,0	  x0:0x00000000  x0=0x00000000
      188555000	      9326	80004ffe	01b12683	lw	x13,27(x2)	  x2:0x8002cf04 x13=0x0004dbd4 PA:0x8002cf1f load:0x0004dbd4
      188635000	      9330	80005002	fff100a3	sb	x31,-31(x2)	  x2:0x8002cf04 x31:0x00000096 PA:0x8002cee5 store:0x00000096 load:0x000000ff
      188875000	      9342	80005006	fec15503	lhu	x10,-20(x2)	  x2:0x8002cf04 x10=0x0000aaab PA:0x8002cef0 load:0x0000aaab
      189155000	      9356	8000500a	fd215883	lhu	x17,-46(x2)	  x2:0x8002cf04 x17=0x0000058d PA:0x8002ced6 load:0x0000058d
      189175000	      9357	8000500e	00018697	auipc	x13,0x18	 x13=0x8001d00e
      189195000	      9358	80005012	f5268693	addi	x13,x13,-174	 x13:0x8001d00e x13=0x8001cf60
      189655000	      9381	80005016	c506d283	lhu	x5,-944(x13)	 x13:0x8001cf60  x5=0x00006a6b PA:0x8001cbb0 load:0x00006a6b
      189715000	      9384	8000501a	c4268823	sb	x2,-944(x13)	 x13:0x8001cf60  x2:0x8002cf04 PA:0x8001cbb0 store:0x8002cf04 load:0x000000ff
      189735000	      9385	8000501e	c5e6a823	sw	x30,-944(x13)	 x13:0x8001cf60 x30:0x00000000 PA:0x8001cbb0 store:0x00000000 load:0xffffffff
      190035000	      9400	80005022	c506c503	lbu	x10,-944(x13)	 x13:0x8001cf60 x10=0x00000000 PA:0x8001cbb0 load:0x00000000
      190135000	      9405	80005026	c576a823	sw	x23,-944(x13)	 x13:0x8001cf60 x23:0xe3ec5fae PA:0x8001cbb0 store:0xe3ec5fae load:0xffffffff
      190335000	      9415	8000502a	c506a303	lw	x6,-944(x13)	 x13:0x8001cf60  x6=0xe3ec5fae PA:0x8001cbb0 load:0xe3ec5fae
      190615000	      9429	8000502e	c506d383	lhu	x7,-944(x13)	 x13:0x8001cf60  x7=0x00005fae PA:0x8001cbb0 load:0x00005fae
      191075000	      9452	80005032	c506cb03	lbu	x22,-944(x13)	 x13:0x8001cf60 x22=0x000000ae PA:0x8001cbb0 load:0x000000ae
      191095000	      9453	80005036	5ffd	c.li	x31,-1	 x31=0xffffffff
      191355000	      9466	80005038	c516a823	sw	x17,-944(x13)	 x13:0x8001cf60 x17:0x0000058d PA:0x8001cbb0 store:0x0000058d load:0xffffffff
      191375000	      9467	8000503c	717d	c.addi16sp	x2,-16	  x2:0x8002cf04  x2=0x8002cef4
      191395000	      9468	8000503e	8f49	c.or	x14,x10	 x14:0xffffff85 x10:0x00000000 x14=0xffffff85
      191455000	      9471	80005040	c5068b83	lb	x23,-944(x13)	 x13:0x8001cf60 x23=0xffffff8d PA:0x8001cbb0 load:0xffffff8d
      191475000	      9472	80005044	c506d903	lhu	x18,-944(x13)	 x13:0x8001cf60 x18=0x0000058d PA:0x8001cbb0 load:0x0000058d
      191495000	      9473	80005048	0d3a7e13	andi	x28,x20,211	 x20:0x8001c488 x28=0x00000080
      191915000	      9494	8000504c	c5068c03	lb	x24,-944(x13)	 x13:0x8001cf60 x24=0xffffff8d PA:0x8001cbb0 load:0xffffff8d
      191935000	      9495	80005050	016b2933	slt	x18,x22,x22	 x22:0x000000ae x22:0x000000ae x18=0x00000000
      192355000	      9516	80005054	c506cf83	lbu	x31,-944(x13)	 x13:0x8001cf60 x31=0x0000008d PA:0x8001cbb0 load:0x0000008d
      192475000	      9522	80005058	c506a183	lw	x3,-944(x13)	 x13:0x8001cf60  x3=0x0000058d PA:0x8001cbb0 load:0x0000058d
      192535000	      9525	8000505c	c5069d03	lh	x26,-944(x13)	 x13:0x8001cf60 x26=0x0000058d PA:0x8001cbb0 load:0x0000058d
      192775000	      9537	80005060	00026c17	auipc	x24,0x26	 x24=0x8002b060
      192795000	      9538	80005064	8eec0c13	addi	x24,x24,-1810	 x24:0x8002b060 x24=0x8002a94e
      193215000	      9559	80005068	0001	c.addi	x0,0	  x0:0x00000000  x0=0x00000000
      193335000	      9565	8000506a	48dc0683	lb	x13,1165(x24)	 x24:0x8002a94e x13=0xffffff90 PA:0x8002addb load:0xffffff90
      193695000	      9583	8000506e	48dc1b83	lh	x23,1165(x24)	 x24:0x8002a94e x23=0xffff9790 PA:0x8002addb load:0xffff9790
      194235000	      9610	80005072	741c2103	lw	x2,1857(x24)	 x24:0x8002a94e  x2=0x494a4b44 PA:0x8002b08f load:0x494a4b44
      194295000	      9613	80005076	bd6c2003	lw	x0,-1066(x24)	 x24:0x8002a94e  x0=0x00000000 PA:0x8002a524 load:0xdcdddedf
      194375000	      9617	8000507a	8b0c2903	lw	x18,-1872(x24)	 x24:0x8002a94e x18=0xbabbb4b5 PA:0x8002a1fe load:0xbabbb4b5
      194395000	      9618	8000507e	667c1723	sh	x7,1646(x24)	 x24:0x8002a94e  x7:0x00005fae PA:0x8002afbc store:0x00005fae load:0x0000ffff
      194655000	      9631	80005082	f4ac0d83	lb	x27,-182(x24)	 x24:0x8002a94e x27=0x00000053 PA:0x8002a898 load:0x00000053
      194715000	      9634	80005086	ca0c09a3	sb	x0,-845(x24)	 x24:0x8002a94e  x0:0x00000000 PA:0x8002a601 store:0x00000000 load:0x000000ff
      194735000	      9635	8000508a	cbec19a3	sh	x30,-845(x24)	 x24:0x8002a94e x30:0x00000000 PA:0x8002a601 store:0x00000000 load:0x0000ffff
      194775000	      9637	8000508e	725c1483	lh	x9,1829(x24)	 x24:0x8002a94e  x9=0x00002f28 PA:0x8002b073 load:0x00002f28
      195175000	      9657	80005092	725c1f03	lh	x30,1829(x24)	 x24:0x8002a94e x30=0x00002f28 PA:0x8002b073 load:0x00002f28
      195195000	      9658	80005096	340632f3	csrrc	x5,mscratch,x12	 x12:0x8001c686  x5=0x00000000
      195235000	      9660	8000509a	721c02a3	sb	x1,1829(x24)	 x24:0x8002a94e  x1:0x00007879 PA:0x8002b073 store:0x00007879 load:0x000000ff
      195715000	      9684	8000509e	b3fc28a3	sw	x31,-1231(x24)	 x24:0x8002a94e x31:0x0000008d PA:0x8002a47f store:0x0000008d load:0xffffff28
      196295000	      9713	800050a2	a34c4d83	lbu	x27,-1484(x24)	 x24:0x8002a94e x27=0x00000039 PA:0x8002a382 load:0x00000039
      196755000	      9736	800050a6	e7cc1e83	lh	x29,-388(x24)	 x24:0x8002a94e x29=0xffff8081 PA:0x8002a7ca load:0xffff8081
      197015000	      9749	800050aa	e7cc0203	lb	x4,-388(x24)	 x24:0x8002a94e  x4=0xffffff81 PA:0x8002a7ca load:0xffffff81
      197055000	      9751	800050ae	e61c0e23	sb	x1,-388(x24)	 x24:0x8002a94e  x1:0x00007879 PA:0x8002a7ca store:0x00007879 load:0x000000ff
      197095000	      9753	800050b2	4d2c1d83	lh	x27,1234(x24)	 x24:0x8002a94e x27=0xffffdadb PA:0x8002ae20 load:0xffffdadb
      197535000	      9775	800050b6	800c10a3	sh	x0,-2047(x24)	 x24:0x8002a94e  x0:0x00000000 PA:0x8002a14f store:0x00000000 load:0x0000ff28
      197595000	      9778	800050ba	024c5283	lhu	x5,36(x24)	 x24:0x8002a94e  x5=0x00002829 PA:0x8002a972 load:0x00002829
      197615000	      9779	800050be	00018117	auipc	x2,0x18	  x2=0x8001d0be
      197635000	      9780	800050c2	ec610113	addi	x2,x2,-314	  x2:0x8001d0be  x2=0x8001cf84
      197755000	      9786	800050c6	09110683	lb	x13,145(x2)	  x2:0x8001cf84 x13=0xffffffce PA:0x8001d015 load:0xffffffce
      197995000	      9798	800050ca	098128a3	sw	x24,145(x2)	  x2:0x8001cf84 x24:0x8002a94e PA:0x8001d015 store:0x8002a94e load:0xff28292a
      198055000	      9801	800050ce	081108a3	sb	x1,145(x2)	  x2:0x8001cf84  x1:0x00007879 PA:0x8001d015 store:0x00007879 load:0x000000ff
      198075000	      9802	800050d2	09110e83	lb	x29,145(x2)	  x2:0x8001cf84 x29=0x00000079 PA:0x8001d015 load:0x00000079
      198095000	      9803	800050d6	01c6e4b3	or	x9,x13,x28	 x13:0xffffffce x28:0x00000080  x9=0xffffffce
      198135000	      9805	800050da	088108a3	sb	x8,145(x2)	  x2:0x8001cf84  x8:0x00000004 PA:0x8001d015 store:0x00000004 load:0x000000ff
      198195000	      9808	800050de	09112c03	lw	x24,145(x2)	  x2:0x8001cf84 x24=0x8002a904 PA:0x8001d015 load:0x8002a904
      198215000	      9809	800050e2	866d	c.srai	x12,0x1b	 x12:0x8001c686 x12=0xfffffff0
      198455000	      9821	800050e4	fee10ea3	sb	x14,-3(x2)	  x2:0x8001cf84 x14:0xffffff85 PA:0x8001cf81 store:0xffffff85 load:0x000000ff
      198675000	      9832	800050e8	ffd15083	lhu	x1,-3(x2)	  x2:0x8001cf84  x1=0x00003985 PA:0x8001cf81 load:0x00003985
      198695000	      9833	800050ec	ffd14b83	lbu	x23,-3(x2)	  x2:0x8001cf84 x23=0x00000085 PA:0x8001cf81 load:0x00000085
      198875000	      9842	800050f0	ffd11703	lh	x14,-3(x2)	  x2:0x8001cf84 x14=0x00003985 PA:0x8001cf81 load:0x00003985
      199015000	      9849	800050f4	8ffd	c.and	x15,x15	 x15:0x00000005 x15:0x00000005 x15=0x00000005
      199335000	      9865	800050f6	f1710303	lb	x6,-233(x2)	  x2:0x8001cf84  x6=0x00000050 PA:0x8001ce9b load:0x00000050
      199455000	      9871	800050fa	f1711083	lh	x1,-233(x2)	  x2:0x8001cf84  x1=0x00005750 PA:0x8001ce9b load:0x00005750
      199615000	      9879	800050fe	f1b12ba3	sw	x27,-233(x2)	  x2:0x8001cf84 x27:0xffffdadb PA:0x8001ce9b store:0xffffdadb load:0xffffff50
      199635000	      9880	80005102	895a	c.mv	x18,x22	  x0:0x00000000 x22:0x000000ae x18=0x000000ae
      199655000	      9881	80005104	340071f3	csrrci	x3,mscratch,0	  x3=0x00000000
      200135000	      9905	80005108	f1715803	lhu	x16,-233(x2)	  x2:0x8001cf84 x16=0x0000dadb PA:0x8001ce9b load:0x0000dadb
      200255000	      9911	8000510c	f6e14b03	lbu	x22,-146(x2)	  x2:0x8001cf84 x22=0x000000a9 PA:0x8001cef2 load:0x000000a9
      200335000	      9915	80005110	f6911723	sh	x9,-146(x2)	  x2:0x8001cf84  x9:0xffffffce PA:0x8001cef2 store:0xffffffce load:0x0000ffff
      200575000	      9927	80005114	f6e15503	lhu	x10,-146(x2)	  x2:0x8001cf84 x10=0x0000ffce PA:0x8001cef2 load:0x0000ffce
      200595000	      9928	80005118	0001fc17	auipc	x24,0x1f	 x24=0x80024118
      200615000	      9929	8000511c	3ffc0c13	addi	x24,x24,1023	 x24:0x80024118 x24=0x80024517
      201215000	      9959	80005120	03bc1d83	lh	x27,59(x24)	 x24:0x80024517 x27=0x00000809 PA:0x80024552 load:0x00000809
      201235000	      9960	80005124	00018897	auipc	x17,0x18	 x17=0x8001d124
      201255000	      9961	80005128	99b88893	addi	x17,x17,-1637	 x17:0x8001d124 x17=0x8001cabf
      201735000	      9985	8000512c	03a8a283	lw	x5,58(x17)	 x17:0x8001cabf  x5=0xb7b0b1b2 PA:0x8001caf9 load:0xb7b0b1b2
      201975000	      9997	80005130	0e7c4003	lbu	x0,231(x24)	 x24:0x80024517  x0=0x00000000 PA:0x800245fe load:0x000000b5
      202355000	     10016	80005134	01f89b23	sh	x31,22(x17)	 x17:0x8001cabf x31:0x0000008d PA:0x8001cad5 store:0x0000008d load:0x0000ffff
      202415000	     10019	80005138	024886a3	sb	x4,45(x17)	 x17:0x8001cabf  x4:0xffffff81 PA:0x8001caec store:0xffffff81 load:0x000000ff
      202435000	     10020	8000513c	054c0ca3	sb	x20,89(x24)	 x24:0x80024517 x20:0x8001c488 PA:0x80024570 store:0x8001c488 load:0x000000ff
      202455000	     10021	80005140	0c1c1003	lh	x0,193(x24)	 x24:0x80024517  x0=0x00000000 PA:0x800245d8 load:0xffff9293
      203275000	     10062	80005144	0128a7a3	sw	x18,15(x17)	 x17:0x8001cabf x18:0x000000ae PA:0x8001cace store:0x000000ae load:0xffffb0b1
      203515000	     10074	80005148	f6ec0303	lb	x6,-146(x24)	 x24:0x80024517  x6=0x0000003e PA:0x80024485 load:0x0000003e
      203755000	     10086	8000514c	fc889da3	sh	x8,-37(x17)	 x17:0x8001cabf  x8:0x00000004 PA:0x8001ca9a store:0x00000004 load:0x0000ffff
      204035000	     10100	80005150	fca89e23	sh	x10,-36(x17)	 x17:0x8001cabf x10:0x0000ffce PA:0x8001ca9b store:0x0000ffce load:0x0000ffb0
      204115000	     10104	80005154	ff6c4683	lbu	x13,-10(x24)	 x24:0x80024517 x13=0x000000c6 PA:0x8002450d load:0x000000c6
      204635000	     10130	80005158	026c2f23	sw	x6,62(x24)	 x24:0x80024517  x6:0x0000003e PA:0x80024555 store:0x0000003e load:0xffb0b1b2
      204695000	     10133	8000515c	0a1c0283	lb	x5,161(x24)	 x24:0x80024517  x5=0x00000073 PA:0x800245b8 load:0x00000073
      204715000	     10134	80005160	00017117	auipc	x2,0x17	  x2=0x8001c160
      204735000	     10135	80005164	52010113	addi	x2,x2,1312	  x2:0x8001c160  x2=0x8001c680
      204755000	     10136	80005168	6739	c.lui	x14,0xe	 x14=0x0000e000
      204775000	     10137	8000516a	eaafa793	slti	x15,x31,-342	 x31:0x0000008d x15=0x00000000
      204915000	     10144	8000516e	3a115683	lhu	x13,929(x2)	  x2:0x8001c680 x13=0x0000d9da PA:0x8001ca21 load:0x0000d9da
      205095000	     10153	80005172	3a9100a3	sb	x9,929(x2)	  x2:0x8001c680  x9:0xffffffce PA:0x8001ca21 store:0xffffffce load:0x000000ff
      205115000	     10154	80005176	45e17d13	andi	x26,x2,1118	  x2:0x8001c680 x26=0x00000400
      205355000	     10166	8000517a	3bc100a3	sb	x28,929(x2)	  x2:0x8001c680 x28:0x00000080 PA:0x8001ca21 store:0x00000080 load:0x000000ff
      205895000	     10193	8000517e	3a111303	lh	x6,929(x2)	  x2:0x8001c680  x6=0xffffd980 PA:0x8001ca21 load:0xffffd980
      206135000	     10205	80005182	3a115603	lhu	x12,929(x2)	  x2:0x8001c680 x12=0x0000d980 PA:0x8001ca21 load:0x0000d980
      206295000	     10213	80005186	cf8101a3	sb	x24,-797(x2)	  x2:0x8001c680 x24:0x80024517 PA:0x8001c363 store:0x80024517 load:0x000000ff
      206695000	     10233	8000518a	cec111a3	sh	x12,-797(x2)	  x2:0x8001c680 x12:0x0000d980 PA:0x8001c363 store:0x0000d980 load:0x0000ffb0
      207075000	     10252	8000518e	b7d121a3	sw	x29,-1181(x2)	  x2:0x8001c680 x29:0x00000079 PA:0x8001c1e3 store:0x00000079 load:0xffffffb0
      207695000	     10283	80005192	b6311503	lh	x10,-1181(x2)	  x2:0x8001c680 x10=0x00000079 PA:0x8001c1e3 load:0x00000079
      207715000	     10284	80005196	fe803a93	sltiu	x21,x0,-24	  x0:0x00000000 x21=0x00000001
      207795000	     10288	8000519a	b6312e83	lw	x29,-1181(x2)	  x2:0x8001c680 x29=0x00000079 PA:0x8001c1e3 load:0x00000079
      207815000	     10289	8000519e	00ca71b3	and	x3,x20,x12	 x20:0x8001c488 x12:0x0000d980  x3=0x0000c080
      207835000	     10290	800051a2	013e4db3	xor	x27,x28,x19	 x28:0x00000080 x19:0x80031e54 x27=0x80031ed4
      207895000	     10293	800051a6	b6314a03	lbu	x20,-1181(x2)	  x2:0x8001c680 x20=0x00000079 PA:0x8001c1e3 load:0x00000079
      208375000	     10317	800051aa	b6310d83	lb	x27,-1181(x2)	  x2:0x8001c680 x27=0x00000079 PA:0x8001c1e3 load:0x00000079
      208715000	     10334	800051ae	b78101a3	sb	x24,-1181(x2)	  x2:0x8001c680 x24:0x80024517 PA:0x8001c1e3 store:0x80024517 load:0x000000ff
      208735000	     10335	800051b2	0c39	c.addi	x24,14	 x24:0x80024517 x24=0x80024525
      209315000	     10364	800051b4	b6315f03	lhu	x30,-1181(x2)	  x2:0x8001c680 x30=0x00000017 PA:0x8001c1e3 load:0x00000017
      209555000	     10376	800051b8	b6311603	lh	x12,-1181(x2)	  x2:0x8001c680 x12=0x00000017 PA:0x8001c1e3 load:0x00000017
      209575000	     10377	800051bc	00018497	auipc	x9,0x18	  x9=0x8001d1bc
      209595000	     10378	800051c0	b4048493	addi	x9,x9,-1216	  x9:0x8001d1bc  x9=0x8001ccfc
      209655000	     10381	800051c4	fe049a23	sh	x0,-12(x9)	  x9:0x8001ccfc  x0:0x00000000 PA:0x8001ccf0 store:0x00000000 load:0x0000ffff
      209875000	     10392	800051c8	03a48583	lb	x11,58(x9)	  x9:0x8001ccfc x11=0xffffffed PA:0x8001cd36 load:0xffffffed
      210175000	     10407	800051cc	02f4ad23	sw	x15,58(x9)	  x9:0x8001ccfc x15:0x00000000 PA:0x8001cd36 store:0x00000000 load:0xffff1799
      210195000	     10408	800051d0	ffdc8213	addi	x4,x25,-3	 x25:0x80035ce4  x4=0x80035ce1
      210475000	     10422	800051d4	34007673	csrrci	x12,mscratch,0	 x12=0x00000000
      210535000	     10425	800051d8	03a49a83	lh	x21,58(x9)	  x9:0x8001ccfc x21=0x00000000 PA:0x8001cd36 load:0x00000000
      211295000	     10463	800051dc	0224ad23	sw	x2,58(x9)	  x9:0x8001ccfc  x2:0x8001c680 PA:0x8001cd36 store:0x8001c680 load:0xffff1799
      211315000	     10464	800051e0	9e5bf793	andi	x15,x23,-1563	 x23:0x00000085 x15=0x00000085
      211475000	     10472	800051e4	03a4c303	lbu	x6,58(x9)	  x9:0x8001ccfc  x6=0x00000080 PA:0x8001cd36 load:0x00000080
      211495000	     10473	800051e8	9df2	c.add	x27,x28	 x27:0x00000079 x28:0x00000080 x27=0x000000f9
      211555000	     10476	800051ea	03b49d23	sh	x27,58(x9)	  x9:0x8001ccfc x27:0x000000f9 PA:0x8001cd36 store:0x000000f9 load:0x0000ffff
      211575000	     10477	800051ee	017f06b3	add	x13,x30,x23	 x30:0x00000017 x23:0x00000085 x13=0x0000009c
      211855000	     10491	800051f2	043481a3	sb	x3,67(x9)	  x9:0x8001ccfc  x3:0x0000c080 PA:0x8001cd3f store:0x0000c080 load:0x000000ff
      212295000	     10513	800051f6	0434db83	lhu	x23,67(x9)	  x9:0x8001ccfc x23=0x0000fb80 PA:0x8001cd3f load:0x0000fb80
      212355000	     10516	800051fa	fdd48903	lb	x18,-35(x9)	  x9:0x8001ccfc x18=0xffffff92 PA:0x8001ccd9 load:0xffffff92
      212375000	     10517	800051fe	f024cd83	lbu	x27,-254(x9)	  x9:0x8001ccfc x27=0x000000b5 PA:0x8001cbfe load:0x000000b5
      212415000	     10519	80005202	f164a123	sw	x22,-254(x9)	  x9:0x8001ccfc x22:0x000000a9 PA:0x8001cbfe store:0x000000a9 load:0xffff80f5
      212455000	     10521	80005206	0001a217	auipc	x4,0x1a	  x4=0x8001f206
      212575000	     10527	8000520a	cc720213	addi	x4,x4,-825	  x4:0x8001f206  x4=0x8001eecd
      212595000	     10528	8000520e	0000100f	fence.i	
      212775000	     10537	80005212	9f5cfe13	andi	x28,x25,-1547	 x25:0x80035ce4 x28=0x800358e4
      212815000	     10539	80005216	02382933	mulhsu	x18,x16,x3	 x16:0x0000dadb  x3:0x0000c080 x18=0x00000000
      213395000	     10568	8000521a	0d321d83	lh	x27,211(x4)	  x4:0x8001eecd x27=0x00005a5b PA:0x8001efa0 load:0x00005a5b
      213875000	     10592	8000521e	02f22a03	lw	x20,47(x4)	  x4:0x8001eecd x20=0xb4b5b6b7 PA:0x8001eefc load:0xb4b5b6b7
      213895000	     10593	80005222	013ee833	or	x16,x29,x19	 x29:0x00000079 x19:0x80031e54 x16=0x80031e7d
      213915000	     10594	80005226	01c55393	srli	x7,x10,0x1c	 x10:0x00000079  x7=0x00000000
      214255000	     10611	8000522a	08a21b03	lh	x22,138(x4)	  x4:0x8001eecd x22=0x0000130c PA:0x8001ef57 load:0x0000130c
      214295000	     10613	8000522e	02a7b933	mulhu	x18,x15,x10	 x15:0x00000085 x10:0x00000079 x18=0x00000000
      214315000	     10614	80005232	0007cab3	xor	x21,x15,x0	 x15:0x00000085  x0:0x00000000 x21=0x00000085
      214335000	     10615	80005236	007aa2b3	slt	x5,x21,x7	 x21:0x00000085  x7:0x00000000  x5=0x00000000
      214355000	     10616	8000523a	018a5e33	srl	x28,x20,x24	 x20:0xb4b5b6b7 x24:0x80024525 x28=0x05a5adb5
      214375000	     10617	8000523e	0001	c.addi	x0,0	  x0:0x00000000  x0=0x00000000
      214395000	     10618	80005240	0092d113	srli	x2,x5,0x9	  x5:0x00000000  x2=0x00000000
      214415000	     10619	80005244	0000100f	fence.i	
      215515000	     10674	80005248	0c121723	sh	x1,206(x4)	  x4:0x8001eecd  x1:0x00005750 PA:0x8001ef9b store:0x00005750 load:0x0000ff0c
      215535000	     10675	8000524c	340335f3	csrrc	x11,mscratch,x6	  x6:0x00000080 x11=0x00000000
      215555000	     10676	80005250	8e89	c.sub	x13,x10	 x13:0x0000009c x10:0x00000079 x13=0x00000023
      215575000	     10677	80005252	0000100f	fence.i	
      216315000	     10714	80005256	f0420f03	lb	x30,-252(x4)	  x4:0x8001eecd x30=0xffffff8a PA:0x8001edd1 load:0xffffff8a
      216375000	     10717	8000525a	f3b211a3	sh	x27,-221(x4)	  x4:0x8001eecd x27:0x00005a5b PA:0x8001edf0 store:0x00005a5b load:0x0000ffff
      216555000	     10726	8000525e	01f229a3	sw	x31,19(x4)	  x4:0x8001eecd x31:0x0000008d PA:0x8001eee0 store:0x0000008d load:0xffffffff
      216575000	     10727	80005262	0153af33	slt	x30,x7,x21	  x7:0x00000000 x21:0x00000085 x30=0x00000001
      216595000	     10728	80005266	f6e202a3	sb	x14,-155(x4)	  x4:0x8001eecd x14:0x0000e000 PA:0x8001ee32 store:0x0000e000 load:0x000000ff
      216615000	     10729	8000526a	5c2c7793	andi	x15,x24,1474	 x24:0x80024525 x15=0x00000500
      216835000	     10740	8000526e	00d204a3	sb	x13,9(x4)	  x4:0x8001eecd x13:0x00000023 PA:0x8001eed6 store:0x00000023 load:0x000000ff
      217095000	     10753	80005272	0aa204a3	sb	x10,169(x4)	  x4:0x8001eecd x10:0x00000079 PA:0x8001ef76 store:0x00000079 load:0x000000ff
      217115000	     10754	80005276	8d49	c.or	x10,x10	 x10:0x00000079 x10:0x00000079 x10=0x00000079
      217135000	     10755	80005278	34003773	csrrc	x14,mscratch,x0	  x0:0x00000000 x14=0x00000000
      217155000	     10756	8000527c	340ce8f3	csrrsi	x17,mscratch,25	 x17=0x00000000
      218035000	     10800	80005280	08e22723	sw	x14,142(x4)	  x4:0x8001eecd x14:0x00000000 PA:0x8001ef5b store:0x00000000 load:0xffffff0c
      218055000	     10801	80005284	00fa8bb3	add	x23,x21,x15	 x21:0x00000085 x15:0x00000500 x23=0x00000585
      218075000	     10802	80005288	3402df73	csrrwi	x30,mscratch,5	 x30=0x00000019
      218215000	     10809	8000528c	f8520223	sb	x5,-124(x4)	  x4:0x8001eecd  x5:0x00000000 PA:0x8001ee51 store:0x00000000 load:0x000000ff
      218655000	     10831	80005290	f3b22c03	lw	x24,-197(x4)	  x4:0x8001eecd x24=0xc0c1c2c3 PA:0x8001ee08 load:0xc0c1c2c3
      218735000	     10835	80005294	ff921ca3	sh	x25,-7(x4)	  x4:0x8001eecd x25:0x80035ce4 PA:0x8001eec6 store:0x80035ce4 load:0x0000ffff
      218755000	     10836	80005298	0001	c.addi	x0,0	  x0:0x00000000  x0=0x00000000
      218775000	     10837	8000529a	0e0e	c.slli	x28,0x3	 x28:0x05a5adb5 x28=0x2d2d6da8
      219335000	     10865	8000529c	f1024803	lbu	x16,-240(x4)	  x4:0x8001eecd x16=0x00000096 PA:0x8001eddd load:0x00000096
      219815000	     10889	800052a0	0f022b83	lw	x23,240(x4)	  x4:0x8001eecd x23=0x7b747576 PA:0x8001efbd load:0x7b747576
      219835000	     10890	800052a4	913e2593	slti	x11,x28,-1773	 x28:0x2d2d6da8 x11=0x00000000
      219895000	     10893	800052a8	f8020803	lb	x16,-128(x4)	  x4:0x8001eecd x16=0x00000006 PA:0x8001ee4d load:0x00000006
      219915000	     10894	800052ac	00022f97	auipc	x31,0x22	 x31=0x800272ac
      219935000	     10895	800052b0	d4ff8f93	addi	x31,x31,-689	 x31:0x800272ac x31=0x80026ffb
      219995000	     10898	800052b4	f7bf91a3	sh	x27,-157(x31)	 x31:0x80026ffb x27:0x00005a5b PA:0x80026f5e store:0x00005a5b load:0x0000ffff
      220155000	     10906	800052b8	00017c17	auipc	x24,0x17	 x24=0x8001c2b8
      220175000	     10907	800052bc	602c0c13	addi	x24,x24,1538	 x24:0x8001c2b8 x24=0x8001c8ba
      220675000	     10932	800052c0	075fa723	sw	x21,110(x31)	 x31:0x80026ffb x21:0x00000085 PA:0x80027069 store:0x00000085 load:0xff747576
      220695000	     10933	800052c4	feffd583	lhu	x11,-17(x31)	 x31:0x80026ffb x11=0x0000a0a1 PA:0x80026fea load:0x0000a0a1
      221135000	     10955	800052c8	039c5103	lhu	x2,57(x24)	 x24:0x8001c8ba  x2=0x0000afa8 PA:0x8001c8f3 load:0x0000afa8
      221195000	     10958	800052cc	f57c2323	sw	x23,-186(x24)	 x24:0x8001c8ba x23:0x7b747576 PA:0x8001c800 store:0x7b747576 load:0xffffffff
      221375000	     10967	800052d0	094c5f03	lhu	x30,148(x24)	 x24:0x8001c8ba x30=0x00000405 PA:0x8001c94e load:0x00000405
      221435000	     10970	800052d4	f89fd083	lhu	x1,-119(x31)	 x31:0x80026ffb  x1=0x00003e3f PA:0x80026f84 load:0x00003e3f
      221535000	     10975	800052d8	f20fd203	lhu	x4,-224(x31)	 x31:0x80026ffb  x4=0x0000d7d0 PA:0x80026f1b load:0x0000d7d0
      221795000	     10988	800052dc	0b6c1ca3	sh	x22,185(x24)	 x24:0x8001c8ba x22:0x0000130c PA:0x8001c973 store:0x0000130c load:0x0000ffd0
      221855000	     10991	800052e0	092f9003	lh	x0,146(x31)	 x31:0x80026ffb  x0=0x00000000 PA:0x8002708d load:0x00004546
      221875000	     10992	800052e4	f1cc0923	sb	x28,-238(x24)	 x24:0x8001c8ba x28:0x2d2d6da8 PA:0x8001c7cc store:0x2d2d6da8 load:0x000000ff
      221895000	     10993	800052e8	00026b17	auipc	x22,0x26	 x22=0x8002b2e8
      221915000	     10994	800052ec	62eb0b13	addi	x22,x22,1582	 x22:0x8002b2e8 x22=0x8002b916
      221935000	     10995	800052f0	00018797	auipc	x15,0x18	 x15=0x8001d2f0
      221955000	     10996	800052f4	94a78793	addi	x15,x15,-1718	 x15:0x8001d2f0 x15=0x8001cc3a
      222635000	     11030	800052f8	00a79803	lh	x16,10(x15)	 x15:0x8001cc3a x16=0xfffffeff PA:0x8001cc44 load:0xfffffeff
      222955000	     11046	800052fc	c22b1203	lh	x4,-990(x22)	 x22:0x8002b916  x4=0xfffff2f3 PA:0x8002b538 load:0xfffff2f3
      223375000	     11067	80005300	0097c183	lbu	x3,9(x15)	 x15:0x8001cc3a  x3=0x000000f8 PA:0x8001cc43 load:0x000000f8
      223575000	     11077	80005304	14fb4f03	lbu	x30,335(x22)	 x22:0x8002b916 x30=0x0000001e PA:0x8002ba65 load:0x0000001e
      223635000	     11080	80005308	96fb0ea3	sb	x15,-1667(x22)	 x22:0x8002b916 x15:0x8001cc3a PA:0x8002b293 store:0x8001cc3a load:0x000000ff
      224015000	     11099	8000530c	ff978f23	sb	x25,-2(x15)	 x15:0x8001cc3a x25:0x80035ce4 PA:0x8001cc38 store:0x80035ce4 load:0x000000ff
      224095000	     11103	80005310	d42b1603	lh	x12,-702(x22)	 x22:0x8002b916 x12=0x00001213 PA:0x8002b658 load:0x00001213
      224135000	     11105	80005314	ff379103	lh	x2,-13(x15)	 x15:0x8001cc3a  x2=0xffffe5e6 PA:0x8001cc2d load:0xffffe5e6
      224735000	     11135	80005318	2e9b5f83	lhu	x31,745(x22)	 x22:0x8002b916 x31=0x0000bbb4 PA:0x8002bbff load:0x0000bbb4
      224795000	     11138	8000531c	1c4b5d03	lhu	x26,452(x22)	 x22:0x8002b916 x26=0x00009091 PA:0x8002bada load:0x00009091
      224835000	     11140	80005320	1a5b0b23	sb	x5,438(x22)	 x22:0x8002b916  x5:0x00000000 PA:0x8002bacc store:0x00000000 load:0x000000ff
      224955000	     11146	80005324	00578d83	lb	x27,5(x15)	 x15:0x8001cc3a x27=0xfffffff4 PA:0x8001cc3f load:0xfffffff4
      225015000	     11149	80005328	627b2523	sw	x7,1578(x22)	 x22:0x8002b916  x7:0x00000000 PA:0x8002bf40 store:0x00000000 load:0xffffffff
      225035000	     11150	8000532c	00c79d83	lh	x27,12(x15)	 x15:0x8001cc3a x27=0xfffffcfd PA:0x8001cc46 load:0xfffffcfd
      225215000	     11159	80005330	a07b02a3	sb	x7,-1531(x22)	 x22:0x8002b916  x7:0x00000000 PA:0x8002b31b store:0x00000000 load:0x000000ff
      225415000	     11169	80005334	350b0423	sb	x16,840(x22)	 x22:0x8002b916 x16:0xfffffeff PA:0x8002bc5e store:0xfffffeff load:0x000000ff
      225435000	     11170	80005338	0001e297	auipc	x5,0x1e	  x5=0x80023338
      225455000	     11171	8000533c	b1f28293	addi	x5,x5,-1249	  x5:0x80023338  x5=0x80022e57
      225515000	     11174	80005340	056294a3	sh	x22,73(x5)	  x5:0x80022e57 x22:0x8002b916 PA:0x80022ea0 store:0x8002b916 load:0x0000ffff
      225755000	     11186	80005344	03128c03	lb	x24,49(x5)	  x5:0x80022e57 x24=0x00000043 PA:0x80022e88 load:0x00000043
      225775000	     11187	80005348	82ad	c.srli	x13,0xb	 x13:0x00000023 x13=0x00000000
      225795000	     11188	8000534a	717d	c.addi16sp	x2,-16	  x2:0xffffe5e6  x2=0xffffe5d6
      225815000	     11189	8000534c	838d	c.srli	x15,0x3	 x15:0x8001cc3a x15=0x10003987
      226555000	     11226	8000534e	0388d833	divu	x16,x17,x24	 x17:0x00000000 x24:0x00000043 x16=0x00000000
      226575000	     11227	80005352	1708	c.addi4spn	x10,x2,928	 x10=0xffffe976
      226595000	     11228	80005354	0000100f	fence.i	
      227155000	     11256	80005358	f4a2df03	lhu	x30,-182(x5)	  x5:0x80022e57 x30=0x0000595a PA:0x80022da1 load:0x0000595a
      227175000	     11257	8000535c	871d	c.srai	x14,0x7	 x14:0x00000000 x14=0x00000000
      227235000	     11260	8000535e	5729ca93	xori	x21,x19,1394	 x19:0x80031e54 x21=0x80031b26
      227635000	     11280	80005362	f422d303	lhu	x6,-190(x5)	  x5:0x80022e57  x6=0x00005152 PA:0x80022d99 load:0x00005152
      227655000	     11281	80005366	34005ef3	csrrwi	x29,mscratch,0	 x29=0x00000005
      227715000	     11284	8000536a	08f28f83	lb	x31,143(x5)	  x5:0x80022e57 x31=0xffffff9d PA:0x80022ee6 load:0xffffff9d
      227935000	     11295	8000536e	ff42a0a3	sw	x20,-31(x5)	  x5:0x80022e57 x20:0xb4b5b6b7 PA:0x80022e38 store:0xb4b5b6b7 load:0xffffffff
      227955000	     11296	80005372	fb75a113	slti	x2,x11,-73	 x11:0x0000a0a1  x2=0x00000000
      227975000	     11297	80005376	05d2ab03	lw	x22,93(x5)	  x5:0x80022e57 x22=0x6c6d6e6f PA:0x80022eb4 load:0x6c6d6e6f
      228715000	     11334	8000537a	02cde833	rem	x16,x27,x12	 x27:0xfffffcfd x12:0x00001213 x16=0xfffffcfd
      228735000	     11335	8000537e	0001	c.addi	x0,0	  x0:0x00000000  x0=0x00000000
      228755000	     11336	80005380	340c5df3	csrrwi	x27,mscratch,24	 x27=0x00000000
      228775000	     11337	80005384	0001	c.addi	x0,0	  x0:0x00000000  x0=0x00000000
      228795000	     11338	80005386	40b30933	sub	x18,x6,x11	  x6:0x00005152 x11:0x0000a0a1 x18=0xffffb0b1
      228815000	     11339	8000538a	1714	c.addi4spn	x13,x2,928	 x13=0x000003a0
      228835000	     11340	8000538c	340557f3	csrrwi	x15,mscratch,10	 x15=0x00000018
      228855000	     11341	80005390	717d	c.addi16sp	x2,-16	  x2:0x00000000  x2=0xfffffff0
      229095000	     11353	80005392	0362d383	lhu	x7,54(x5)	  x5:0x80022e57  x7=0x00004546 PA:0x80022e8d load:0x00004546
      229135000	     11355	80005396	02e67eb3	remu	x29,x12,x14	 x12:0x00001213 x14:0x00000000 x29=0x00001213
      229155000	     11356	8000539a	3034b213	sltiu	x4,x9,771	  x9:0x8001ccfc  x4=0x00000000
      229175000	     11357	8000539e	0ff0000f	fence	iorw,iorw	
      229195000	     11358	800053a2	1218	c.addi4spn	x14,x2,288	 x14=0x00000110
      229495000	     11373	800053a4	0bd2aa23	sw	x29,180(x5)	  x5:0x80022e57 x29:0x00001213 PA:0x80022f0b store:0x00001213 load:0xffffffb4
      229555000	     11376	800053a8	01b2d603	lhu	x12,27(x5)	  x5:0x80022e57 x12=0x00002829 PA:0x80022e72 load:0x00002829
      229575000	     11377	800053ac	00017e97	auipc	x29,0x17	 x29=0x8001c3ac
      229595000	     11378	800053b0	787e8e93	addi	x29,x29,1927	 x29:0x8001c3ac x29=0x8001cb33
      229755000	     11386	800053b4	f8ce9c23	sh	x12,-104(x29)	 x29:0x8001cb33 x12:0x00002829 PA:0x8001cacb store:0x00002829 load:0x0000ffb4
      229855000	     11391	800053b8	00027297	auipc	x5,0x27	  x5=0x8002c3b8
      229895000	     11393	800053bc	6b628293	addi	x5,x5,1718	  x5:0x8002c3b8  x5=0x8002ca6e
      230355000	     11416	800053c0	f6be9b83	lh	x23,-149(x29)	 x29:0x8001cb33 x23=0x00005455 PA:0x8001ca9e load:0x00005455
      230375000	     11417	800053c4	00dea603	lw	x12,13(x29)	 x29:0x8001cb33 x12=0xf8f9fafb PA:0x8001cb40 load:0xf8f9fafb
      230775000	     11437	800053c8	00629503	lh	x10,6(x5)	  x5:0x8002ca6e x10=0x00002e2f PA:0x8002ca74 load:0x00002e2f
      230835000	     11440	800053cc	001e8103	lb	x2,1(x29)	 x29:0x8001cb33  x2=0xffffffef PA:0x8001cb34 load:0xffffffef
      230975000	     11447	800053d0	0082c783	lbu	x15,8(x5)	  x5:0x8002ca6e x15=0x0000002d PA:0x8002ca76 load:0x0000002d
      231375000	     11467	800053d4	f7de81a3	sb	x29,-157(x29)	 x29:0x8001cb33 x29:0x8001cb33 PA:0x8001ca96 store:0x8001cb33 load:0x000000ff
      231495000	     11473	800053d8	ff02c483	lbu	x9,-16(x5)	  x5:0x8002ca6e  x9=0x00000015 PA:0x8002ca5e load:0x00000015
      231555000	     11476	800053dc	0042c803	lbu	x16,4(x5)	  x5:0x8002ca6e x16=0x00000029 PA:0x8002ca72 load:0x00000029
      231575000	     11477	800053e0	ffa2a603	lw	x12,-6(x5)	  x5:0x8002ca6e x12=0x20212223 PA:0x8002ca68 load:0x20212223
      231595000	     11478	800053e4	00023f97	auipc	x31,0x23	 x31=0x800283e4
      231615000	     11479	800053e8	f41f8f93	addi	x31,x31,-191	 x31:0x800283e4 x31=0x80028325
      231635000	     11480	800053ec	40f4d013	srai	x0,x9,0xf	  x9:0x00000015  x0=0x00000000
      231975000	     11497	800053f0	011ccdb3	xor	x27,x25,x17	 x25:0x80035ce4 x17:0x00000000 x27=0x80035ce4
      231995000	     11498	800053f4	1afd	c.addi	x21,-1	 x21:0x80031b26 x21=0x80031b25
      232735000	     11535	800053f6	f57fa0a3	sw	x23,-191(x31)	 x31:0x80028325 x23:0x00005455 PA:0x80028266 store:0x00005455 load:0xffffb4b5
      232795000	     11538	800053fa	f15fc203	lbu	x4,-235(x31)	 x31:0x80028325  x4=0x000000f1 PA:0x8002823a load:0x000000f1
      232955000	     11546	800053fe	f86fd083	lhu	x1,-122(x31)	 x31:0x80028325  x1=0x00006760 PA:0x800282ab load:0x00006760
      233035000	     11550	80005402	0c2fda03	lhu	x20,194(x31)	 x31:0x80028325 x20=0x0000a39c PA:0x800283e7 load:0x0000a39c
      233055000	     11551	80005406	2ca38613	addi	x12,x7,714	  x7:0x00004546 x12=0x00004810
      233075000	     11552	8000540a	0000100f	fence.i	
      233955000	     11596	8000540e	0d7f8683	lb	x13,215(x31)	 x31:0x80028325 x13=0xffffffb7 PA:0x800283fc load:0xffffffb7
      233975000	     11597	80005412	0398	c.addi4spn	x14,x2,448	 x14=0x000001af
      234715000	     11634	80005414	03d848b3	div	x17,x16,x29	 x16:0x00000029 x29:0x8001cb33 x17=0x00000000
      234735000	     11635	80005418	01ec5293	srli	x5,x24,0x1e	 x24:0x00000043  x5=0x00000000
      234755000	     11636	8000541c	0000100f	fence.i	
      235475000	     11672	80005420	f89fad03	lw	x26,-119(x31)	 x31:0x80028325 x26=0x6a6b6465 PA:0x800282ae load:0x6a6b6465
      235495000	     11673	80005424	00a092b3	sll	x5,x1,x10	  x1:0x00006760 x10:0x00002e2f  x5=0x33b00000
      235575000	     11677	80005428	08af9b03	lh	x22,138(x31)	 x31:0x80028325 x22=0x00006b64 PA:0x800283af load:0x00006b64
      235595000	     11678	8000542c	ab15ed13	ori	x26,x11,-1359	 x11:0x0000a0a1 x26=0xfffffab1
      235615000	     11679	80005430	075fd483	lhu	x9,117(x31)	 x31:0x80028325  x9=0x00005051 PA:0x8002839a load:0x00005051
      235895000	     11693	80005434	02d830b3	mulhu	x1,x16,x13	 x16:0x00000029 x13:0xffffffb7  x1=0x00000028
      236295000	     11713	80005438	490cb013	sltiu	x0,x25,1168	 x25:0x80035ce4  x0=0x00000000
      236355000	     11716	8000543c	05cf9c03	lh	x24,92(x31)	 x31:0x80028325 x24=0x0000393a PA:0x80028381 load:0x0000393a
      236375000	     11717	80005440	3402bbf3	csrrc	x23,mscratch,x5	  x5:0x33b00000 x23=0x0000000a
      236435000	     11720	80005444	f5ffaea3	sw	x31,-163(x31)	 x31:0x80028325 x31:0x80028325 PA:0x80028282 store:0x80028325 load:0xffff6465
      236475000	     11722	80005448	02c71a33	mulh	x20,x14,x12	 x14:0x000001af x12:0x00004810 x20=0x00000000
      236535000	     11725	8000544c	f49f85a3	sb	x9,-181(x31)	 x31:0x80028325  x9:0x00005051 PA:0x80028270 store:0x00005051 load:0x000000ff
      237315000	     11764	80005450	f7cf9723	sh	x28,-146(x31)	 x31:0x80028325 x28:0x2d2d6da8 PA:0x80028293 store:0x2d2d6da8 load:0x0000ff64
      237335000	     11765	80005454	00475013	srli	x0,x14,0x4	 x14:0x000001af  x0=0x00000000
      237615000	     11779	80005458	f66fae83	lw	x29,-154(x31)	 x31:0x80028325 x29=0x45464740 PA:0x8002828b load:0x45464740
      237635000	     11780	8000545c	33a03393	sltiu	x7,x0,826	  x0:0x00000000  x7=0x00000001
      237835000	     11790	80005460	093faf23	sw	x19,158(x31)	 x31:0x80028325 x19:0x80031e54 PA:0x800283c3 store:0x80031e54 load:0xffffff40
      237855000	     11791	80005464	f22f8b03	lb	x22,-222(x31)	 x31:0x80028325 x22=0xfffffffc PA:0x80028247 load:0xfffffffc
      237895000	     11793	80005468	00eb6c33	or	x24,x22,x14	 x22:0xfffffffc x14:0x000001af x24=0xffffffff
      238075000	     11802	8000546c	3409faf3	csrrci	x21,mscratch,19	 x21=0x0000000a
      238575000	     11827	80005470	095f9f23	sh	x21,158(x31)	 x31:0x80028325 x21:0x0000000a PA:0x800283c3 store:0x0000000a load:0x0000ff40
      238595000	     11828	80005474	00025117	auipc	x2,0x25	  x2=0x8002a474
      238615000	     11829	80005478	d4710113	addi	x2,x2,-697	  x2:0x8002a474  x2=0x8002a1bb
      239355000	     11866	8000547c	03b76633	rem	x12,x14,x27	 x14:0x000001af x27:0x80035ce4 x12=0x000001af
      239495000	     11873	80005480	fdf11003	lh	x0,-33(x2)	  x2:0x8002a1bb  x0=0x00000000 PA:0x8002a19a load:0x00005051
      239515000	     11874	80005484	0001	c.addi	x0,0	  x0:0x00000000  x0=0x00000000
      239535000	     11875	80005486	4e41	c.li	x28,16	 x28=0x00000010
      239595000	     11878	80005488	00f107a3	sb	x15,15(x2)	  x2:0x8002a1bb x15:0x0000002d PA:0x8002a1ca store:0x0000002d load:0x000000ff
      239675000	     11882	8000548c	01710503	lb	x10,23(x2)	  x2:0x8002a1bb x10=0xffffff89 PA:0x8002a1d2 load:0xffffff89
      239815000	     11889	80005490	fc215b83	lhu	x23,-62(x2)	  x2:0x8002a1bb x23=0x00003536 PA:0x8002a17d load:0x00003536
      239935000	     11895	80005494	fe012603	lw	x12,-32(x2)	  x2:0x8002a1bb x12=0x55565750 PA:0x8002a19b load:0x55565750
      239955000	     11896	80005498	40e2dd33	sra	x26,x5,x14	  x5:0x33b00000 x14:0x000001af x26=0x00006760
      239975000	     11897	8000549c	2d6d8c17	auipc	x24,0x2d6d8	 x24=0xad6dd49c
      240655000	     11931	800054a0	fef12583	lw	x11,-17(x2)	  x2:0x8002a1bb x11=0x66676061 PA:0x8002a1aa load:0x66676061
      241115000	     11954	800054a4	03d10883	lb	x17,61(x2)	  x2:0x8002a1bb x17=0xffffffb3 PA:0x8002a1f8 load:0xffffffb3
      241135000	     11955	800054a8	340cd6f3	csrrwi	x13,mscratch,25	 x13=0x00000008
      241875000	     11992	800054ac	02b4ebb3	rem	x23,x9,x11	  x9:0x00005051 x11:0x66676061 x23=0x00005051
      242255000	     12011	800054b0	fd310883	lb	x17,-45(x2)	  x2:0x8002a1bb x17=0x00000045 PA:0x8002a18e load:0x00000045
      242615000	     12029	800054b4	00a11d03	lh	x26,10(x2)	  x2:0x8002a1bb x26=0x00007d7e PA:0x8002a1c5 load:0x00007d7e
      242675000	     12032	800054b8	fd010223	sb	x16,-60(x2)	  x2:0x8002a1bb x16:0x00000029 PA:0x8002a17f store:0x00000029 load:0x000000ff
      242695000	     12033	800054bc	fd810d03	lb	x26,-40(x2)	  x2:0x8002a1bb x26=0x00000048 PA:0x8002a193 load:0x00000048
      242715000	     12034	800054c0	34002273	csrrs	x4,mscratch,x0	  x0:0x00000000  x4=0x00000019
      242735000	     12035	800054c4	01a22e33	slt	x28,x4,x26	  x4:0x00000019 x26:0x00000048 x28=0x00000001
      243315000	     12064	800054c8	fe311703	lh	x14,-29(x2)	  x2:0x8002a1bb x14=0x00005455 PA:0x8002a19e load:0x00005455
      243355000	     12066	800054cc	03b32a33	mulhsu	x20,x6,x27	  x6:0x00005152 x27:0x80035ce4 x20=0x000028aa
      243555000	     12076	800054d0	03312083	lw	x1,51(x2)	  x2:0x8002a1bb  x1=0xaaaba4a5 PA:0x8002a1ee load:0xaaaba4a5
      243575000	     12077	800054d4	0001	c.addi	x0,0	  x0:0x00000000  x0=0x00000000
      243915000	     12094	800054d6	fed10d03	lb	x26,-19(x2)	  x2:0x8002a1bb x26=0x00000063 PA:0x8002a1a8 load:0x00000063
      243975000	     12097	800054da	fe012ea3	sw	x0,-3(x2)	  x2:0x8002a1bb  x0:0x00000000 PA:0x8002a1b8 store:0x00000000 load:0xffffffff
      253555000	     12576	800054de	01915283	lhu	x5,25(x2)	  x2:0x8002a1bb  x5=0x00008e8f PA:0x8002a1d4 load:0x00008e8f
      253575000	     12577	800054e2	87c1	c.srai	x15,0x10	 x15:0x0000002d x15=0x00000000
      253595000	     12578	800054e4	b50e71b7	lui	x3,0xb50e7	  x3=0xb50e7000
      253715000	     12584	800054e8	4642	c.lwsp	x12,16(x2)	  x2:0x8002a1bb x12=0x85868780 PA:0x8002a1cb load:0x85868780
      253735000	     12585	800054ea	58504013	xori	x0,x0,1413	  x0:0x00000000  x0=0x00000000
      254415000	     12619	800054ee	fd912423	sw	x25,-56(x2)	  x2:0x8002a1bb x25:0x80035ce4 PA:0x8002a183 store:0x80035ce4 load:0xffffff80
      254495000	     12623	800054f2	fe712423	sw	x7,-24(x2)	  x2:0x8002a1bb  x7:0x00000001 PA:0x8002a1a3 store:0x00000001 load:0xffffff80
      254715000	     12634	800054f6	02515d83	lhu	x27,37(x2)	  x2:0x8002a1bb x27=0x00009a9b PA:0x8002a1e0 load:0x00009a9b
      254735000	     12635	800054fa	34007bf3	csrrci	x23,mscratch,0	 x23=0x00000019
      254755000	     12636	800054fe	0001	c.addi	x0,0	  x0:0x00000000  x0=0x00000000
      254775000	     12637	80005500	007b2233	slt	x4,x22,x7	 x22:0xfffffffc  x7:0x00000001  x4=0x00000001
      254795000	     12638	80005504	018176b3	and	x13,x2,x24	  x2:0x8002a1bb x24:0xad6dd49c x13=0x80008098
      255535000	     12675	80005508	025a53b3	divu	x7,x20,x5	 x20:0x000028aa  x5:0x00008e8f  x7=0x00000000
      256095000	     12703	8000550c	c0c2	c.swsp	x16,64(x2)	  x2:0x8002a1bb x16:0x00000029 PA:0x8002a1fb store:0x00000029 load:0xffffff80
      256255000	     12711	8000550e	03210e83	lb	x29,50(x2)	  x2:0x8002a1bb x29=0xffffffa6 PA:0x8002a1ed load:0xffffffa6
      256275000	     12712	80005512	03914a83	lbu	x21,57(x2)	  x2:0x8002a1bb x21=0x000000af PA:0x8002a1f4 load:0x000000af
      256295000	     12713	80005516	3408aa73	csrrs	x20,mscratch,x17	 x17:0x00000045 x20=0x00000019
      256315000	     12714	8000551a	01901033	sll	x0,x0,x25	  x0:0x00000000 x25:0x80035ce4  x0=0x00000000
      256335000	     12715	8000551e	65f1	c.lui	x11,0x1c	 x11=0x0001c000
      256355000	     12716	80005520	6d96b493	sltiu	x9,x13,1753	 x13:0x80008098  x9=0x00000000
      256495000	     12723	80005524	fe712823	sw	x7,-16(x2)	  x2:0x8002a1bb  x7:0x00000000 PA:0x8002a1ab store:0x00000000 load:0xffffff80
      256695000	     12733	80005528	fcf15303	lhu	x6,-49(x2)	  x2:0x8002a1bb  x6=0x00004041 PA:0x8002a18a load:0x00004041
      256895000	     12743	8000552c	01512083	lw	x1,21(x2)	  x2:0x8002a1bb  x1=0x88898a8b PA:0x8002a1d0 load:0x88898a8b
      256915000	     12744	80005530	00017497	auipc	x9,0x17	  x9=0x8001c530
      256935000	     12745	80005534	b4148493	addi	x9,x9,-1215	  x9:0x8001c530  x9=0x8001c071
      256955000	     12746	80005538	0001fa97	auipc	x21,0x1f	 x21=0x80024538
      256975000	     12747	8000553c	7daa8a93	addi	x21,x21,2010	 x21:0x80024538 x21=0x80024d12
      257055000	     12751	80005540	9e1a9e83	lh	x29,-1567(x21)	 x21:0x80024d12 x29=0xffffafa8 PA:0x800246f3 load:0xffffafa8
      257075000	     12752	80005544	a4da9723	sh	x13,-1458(x21)	 x21:0x80024d12 x13:0x80008098 PA:0x80024760 store:0x80008098 load:0x0000ffff
      257935000	     12795	80005548	a29a9003	lh	x0,-1495(x21)	 x21:0x80024d12  x0=0x00000000 PA:0x8002473b load:0xfffff7f0
      257995000	     12798	8000554c	ffa4c883	lbu	x17,-6(x9)	  x9:0x8001c071 x17=0x00000020 PA:0x8001c06b load:0x00000020
      258135000	     12805	80005550	1aeaa303	lw	x6,430(x21)	 x21:0x80024d12  x6=0x78797a7b PA:0x80024ec0 load:0x78797a7b
      258315000	     12814	80005554	fb7aaf03	lw	x30,-73(x21)	 x21:0x80024d12 x30=0x87808182 PA:0x80024cc9 load:0x87808182
      258535000	     12825	80005558	d19a8723	sb	x25,-754(x21)	 x21:0x80024d12 x25:0x80035ce4 PA:0x80024a20 store:0x80035ce4 load:0x000000ff
      258755000	     12836	8000555c	0034d603	lhu	x12,3(x9)	  x9:0x8001c071 x12=0x00002e2f PA:0x8001c074 load:0x00002e2f
      259235000	     12860	80005560	ffa49f83	lh	x31,-6(x9)	  x9:0x8001c071 x31=0x00002720 PA:0x8001c06b load:0x00002720
      259855000	     12891	80005564	9fbaa4a3	sw	x27,-1559(x21)	 x21:0x80024d12 x27:0x00009a9b PA:0x800246fb store:0x00009a9b load:0xffffff20
      259915000	     12894	80005568	00e496a3	sh	x14,13(x9)	  x9:0x8001c071 x14:0x00005455 PA:0x8001c07e store:0x00005455 load:0x0000ffff
      260295000	     12913	8000556c	248a8803	lb	x16,584(x21)	 x21:0x80024d12 x16=0x00000011 PA:0x80024f5a load:0x00000011
      260735000	     12935	80005570	0004ac03	lw	x24,0(x9)	  x9:0x8001c071 x24=0x2f28292a PA:0x8001c071 load:0x2f28292a
      260755000	     12936	80005574	00017117	auipc	x2,0x17	  x2=0x8001c574
      260775000	     12937	80005578	6d210113	addi	x2,x2,1746	  x2:0x8001c574  x2=0x8001cc46
      260835000	     12940	8000557c	02615803	lhu	x16,38(x2)	  x2:0x8001cc46 x16=0x00002627 PA:0x8001cc6c load:0x00002627
      261575000	     12977	80005580	02e8e3b3	rem	x7,x17,x14	 x17:0x00000020 x14:0x00005455  x7=0x00000020
      261755000	     12986	80005584	f9c11883	lh	x17,-100(x2)	  x2:0x8001cc46 x17=0xffff9899 PA:0x8001cbe2 load:0xffff9899
      261775000	     12987	80005588	f9c14d03	lbu	x26,-100(x2)	  x2:0x8001cc46 x26=0x00000099 PA:0x8001cbe2 load:0x00000099
      261795000	     12988	8000558c	8c89	c.sub	x9,x10	  x9:0x8001c071 x10:0xffffff89  x9=0x8001c0e8
      262055000	     13001	8000558e	fb112ca3	sw	x17,-71(x2)	  x2:0x8001cc46 x17:0xffff9899 PA:0x8001cbff store:0xffff9899 load:0xffffff28
      262335000	     13015	80005592	fa512ca3	sw	x5,-71(x2)	  x2:0x8001cc46  x5:0x00008e8f PA:0x8001cbff store:0x00008e8f load:0xffffff28
      262555000	     13026	80005596	fbf10f03	lb	x30,-65(x2)	  x2:0x8001cc46 x30=0xffffffbe PA:0x8001cc05 load:0xffffffbe
      262575000	     13027	8000559a	019bfd33	and	x26,x23,x25	 x23:0x00000019 x25:0x80035ce4 x26=0x00000000
      262595000	     13028	8000559e	0d2a	c.slli	x26,0xa	 x26:0x00000000 x26=0x00000000
      263055000	     13051	800055a0	07911183	lh	x3,121(x2)	  x2:0x8001cc46  x3=0x00007b74 PA:0x8001ccbf load:0x00007b74
      263135000	     13055	800055a4	07912f03	lw	x30,121(x2)	  x2:0x8001cc46 x30=0x797a7b74 PA:0x8001ccbf load:0x797a7b74
      263495000	     13073	800055a8	4396	c.lwsp	x7,68(x2)	  x2:0x8001cc46  x7=0x46474041 PA:0x8001cc8a load:0x46474041
      263555000	     13076	800055aa	fda15e03	lhu	x28,-38(x2)	  x2:0x8001cc46 x28=0x0000dadb PA:0x8001cc20 load:0x0000dadb
      263595000	     13078	800055ae	f0d12623	sw	x13,-244(x2)	  x2:0x8001cc46 x13:0x80008098 PA:0x8001cb52 store:0x80008098 load:0xffff4041
      263855000	     13091	800055b2	05510083	lb	x1,85(x2)	  x2:0x8001cc46  x1=0x00000050 PA:0x8001cc9b load:0x00000050
      263915000	     13094	800055b6	faa12d23	sw	x10,-70(x2)	  x2:0x8001cc46 x10:0xffffff89 PA:0x8001cc00 store:0xffffff89 load:0xffffffff
      263935000	     13095	800055ba	fa511d23	sh	x5,-70(x2)	  x2:0x8001cc46  x5:0x00008e8f PA:0x8001cc00 store:0x00008e8f load:0x0000ffff
      264275000	     13112	800055be	07612383	lw	x7,118(x2)	  x2:0x8001cc46  x7=0x74757677 PA:0x8001ccbc load:0x74757677
      264295000	     13113	800055c2	00027e97	auipc	x29,0x27	 x29=0x8002c5c2
      264315000	     13114	800055c6	f7fe8e93	addi	x29,x29,-129	 x29:0x8002c5c2 x29=0x8002c541
      264355000	     13116	800055ca	0329a633	mulhsu	x12,x19,x18	 x19:0x80031e54 x18:0xffffb0b1 x12=0x800345fa
      264775000	     13137	800055ce	fece9e23	sh	x12,-4(x29)	 x29:0x8002c541 x12:0x800345fa PA:0x8002c53d store:0x800345fa load:0x0000ffff
      264835000	     13140	800055d2	017e8223	sb	x23,4(x29)	 x29:0x8002c541 x23:0x00000019 PA:0x8002c545 store:0x00000019 load:0x000000ff
      264975000	     13147	800055d6	01dea023	sw	x29,0(x29)	 x29:0x8002c541 x29:0x8002c541 PA:0x8002c541 store:0x8002c541 load:0xff404142
      265075000	     13152	800055da	00ee8283	lb	x5,14(x29)	 x29:0x8002c541  x5=0x00000004 PA:0x8002c54f load:0x00000004
      265495000	     13173	800055de	018ea723	sw	x24,14(x29)	 x29:0x8002c541 x24:0x2f28292a PA:0x8002c54f store:0x2f28292a load:0xffffff40
      265635000	     13180	800055e2	00ce9083	lh	x1,12(x29)	 x29:0x8002c541  x1=0x00000506 PA:0x8002c54d load:0x00000506
      265695000	     13183	800055e6	ffde9aa3	sh	x29,-11(x29)	 x29:0x8002c541 x29:0x8002c541 PA:0x8002c536 store:0x8002c541 load:0x0000ffff
      265715000	     13184	800055ea	717d	c.addi16sp	x2,-16	  x2:0x8001cc46  x2=0x8001cc36
      265735000	     13185	800055ec	019e96a3	sh	x25,13(x29)	 x29:0x8002c541 x25:0x80035ce4 PA:0x8002c54e store:0x80035ce4 load:0x0000ffff
      265755000	     13186	800055f0	79f6e813	ori	x16,x13,1951	 x13:0x80008098 x16=0x8000879f
      266175000	     13207	800055f4	ff1eaba3	sw	x17,-9(x29)	 x29:0x8002c541 x17:0xffff9899 PA:0x8002c538 store:0xffff9899 load:0xffffffff
      266235000	     13210	800055f8	ffcedd83	lhu	x27,-4(x29)	 x29:0x8002c541 x27=0x000045fa PA:0x8002c53d load:0x000045fa
      266255000	     13211	800055fc	717d	c.addi16sp	x2,-16	  x2:0x8001cc36  x2=0x8001cc26
      266315000	     13214	800055fe	ff1e8d83	lb	x27,-15(x29)	 x29:0x8002c541 x27=0xffffffe9 PA:0x8002c532 load:0xffffffe9
      266355000	     13216	80005602	03553ab3	mulhu	x21,x10,x21	 x10:0xffffff89 x21:0x80024d12 x21=0x80024cd6
      266375000	     13217	80005606	99fd	c.andi	x11,-1	 x11:0x0001c000 x11=0x0001c000
      266395000	     13218	80005608	8d41	c.or	x10,x8	 x10:0xffffff89  x8:0x00000004 x10=0xffffff8d
      266415000	     13219	8000560a	8392	c.mv	x7,x4	  x0:0x00000000  x4:0x00000001  x7=0x00000001
      266435000	     13220	8000560c	0163c833	xor	x16,x7,x22	  x7:0x00000001 x22:0xfffffffc x16=0xfffffffd
      266495000	     13223	80005610	00fa5bb3	srl	x23,x20,x15	 x20:0x00000019 x15:0x00000000 x23=0x00000019
      266795000	     13238	80005614	4138dd33	sra	x26,x17,x19	 x17:0xffff9899 x19:0x80031e54 x26=0xffffffff
      267215000	     13259	80005618	c48d	c.beqz	x9,80005642	  x9:0x8001c0e8
      267995000	     13298	8000561a	038dddb3	divu	x27,x27,x24	 x27:0xffffffe9 x24:0x2f28292a x27=0x00000005
      268015000	     13299	8000561e	008d0533	add	x10,x26,x8	 x26:0xffffffff  x8:0x00000004 x10=0x00000003
      268035000	     13300	80005622	0b69	c.addi	x22,26	 x22:0xfffffffc x22=0x00000016
      268055000	     13301	80005624	003a1d63	bne	x20,x3,8000563e	 x20:0x00000019  x3:0x00007b74
      269275000	     13362	8000563e	032bef63	bltu	x23,x18,8000567c	 x23:0x00000019 x18:0xffffb0b1
      270355000	     13416	8000567c	7a7d8e13	addi	x28,x27,1959	 x27:0x00000005 x28=0x000007ac
      270595000	     13428	80005680	0202aab3	mulhsu	x21,x5,x0	  x5:0x00000004  x0:0x00000000 x21=0x00000000
      270615000	     13429	80005684	00f67033	and	x0,x12,x15	 x12:0x800345fa x15:0x00000000  x0=0x00000000
      270635000	     13430	80005688	8bc9	c.andi	x15,18	 x15:0x00000000 x15=0x00000000
      270655000	     13431	8000568a	0ff0000f	fence	iorw,iorw	
      270675000	     13432	8000568e	717d	c.addi16sp	x2,-16	  x2:0x8001cc26  x2=0x8001cc16
      270795000	     13438	80005690	900ad317	auipc	x6,0x900ad	  x6=0x100b2690
      270895000	     13443	80005694	8fc5	c.or	x15,x9	 x15:0x00000000  x9:0x8001c0e8 x15=0x8001c0e8
      270915000	     13444	80005696	e30d	c.bnez	x14,800056b8	 x14:0x00005455
      270995000	     13448	800056b8	61443f13	sltiu	x30,x8,1556	  x8:0x00000004 x30=0x00000001
      271015000	     13449	800056bc	60fd	c.lui	x1,0x1f	  x1=0x0001f000
      271035000	     13450	800056be	8f01	c.sub	x14,x8	 x14:0x00005455  x8:0x00000004 x14=0x00005451
      271055000	     13451	800056c0	0140e563	bltu	x1,x20,800056ca	  x1:0x0001f000 x20:0x00000019
      271075000	     13452	800056c4	8ec5	c.or	x13,x9	 x13:0x80008098  x9:0x8001c0e8 x13=0x8001c0f8
      271835000	     13490	800056c6	022376b3	remu	x13,x6,x2	  x6:0x100b2690  x2:0x8001cc16 x13=0x100b2690
      271855000	     13491	800056ca	8d5d	c.or	x10,x15	 x10:0x00000003 x15:0x8001c0e8 x10=0x8001c0eb
      271875000	     13492	800056cc	8da6	c.mv	x27,x9	  x0:0x00000000  x9:0x8001c0e8 x27=0x8001c0e8
      271895000	     13493	800056ce	9aee	c.add	x21,x27	 x21:0x00000000 x27:0x8001c0e8 x21=0x8001c0e8
      271915000	     13494	800056d0	0ff0000f	fence	iorw,iorw	
      271935000	     13495	800056d4	8ffe4e13	xori	x28,x28,-1793	 x28:0x000007ac x28=0xffffff53
      271955000	     13496	800056d8	9b72	c.add	x22,x28	 x22:0x00000016 x28:0xffffff53 x22=0xffffff69
      271975000	     13497	800056da	40d10fb3	sub	x31,x2,x13	  x2:0x8001cc16 x13:0x100b2690 x31=0x6ff6a586
      271995000	     13498	800056de	8096	c.mv	x1,x5	  x0:0x00000000  x5:0x00000004  x1=0x00000004
      272015000	     13499	800056e0	0de5	c.addi	x27,25	 x27:0x8001c0e8 x27=0x8001c101
      272195000	     13508	800056e2	0ff0000f	fence	iorw,iorw	
      272935000	     13545	800056e6	030ef8b3	remu	x17,x29,x16	 x29:0x8002c541 x16:0xfffffffd x17=0x8002c541
      272955000	     13546	800056ea	01f62b33	slt	x22,x12,x31	 x12:0x800345fa x31:0x6ff6a586 x22=0x00000001
      272975000	     13547	800056ee	030202b3	mul	x5,x4,x16	  x4:0x00000001 x16:0xfffffffd  x5=0xfffffffd
      272995000	     13548	800056f2	417cd293	srai	x5,x25,0x17	 x25:0x80035ce4  x5=0xffffff00
      273735000	     13585	800056f6	032971b3	remu	x3,x18,x18	 x18:0xffffb0b1 x18:0xffffb0b1  x3=0x00000000
      273755000	     13586	800056fa	34006d73	csrrsi	x26,mscratch,0	 x26=0x0000005d
      273775000	     13587	800056fe	340aa273	csrrs	x4,mscratch,x21	 x21:0x8001c0e8  x4=0x0000005d
      273795000	     13588	80005702	41e2dab3	sra	x21,x5,x30	  x5:0xffffff00 x30:0x00000001 x21=0xffffff80
      273815000	     13589	80005706	017ab4b3	sltu	x9,x21,x23	 x21:0xffffff80 x23:0x00000019  x9=0x00000000
      273835000	     13590	8000570a	091e	c.slli	x18,0x7	 x18:0xffffb0b1 x18=0xffd85880
      273855000	     13591	8000570c	00a29493	slli	x9,x5,0xa	  x5:0xffffff00  x9=0xfffc0000
      273895000	     13593	80005710	40ea5193	srai	x3,x20,0xe	 x20:0x00000019  x3=0x00000000
      273915000	     13594	80005714	c495	c.beqz	x9,80005740	  x9:0xfffc0000
      273935000	     13595	80005716	4ec9	c.li	x29,18	 x29=0x00000012
      274195000	     13608	80005718	015ccb33	xor	x22,x25,x21	 x25:0x80035ce4 x21:0xffffff80 x22=0x7ffca364
      274215000	     13609	8000571c	03ab03b3	mul	x7,x22,x26	 x22:0x7ffca364 x26:0x0000005d  x7=0x7ec75b54
      274235000	     13610	80005720	010ade33	srl	x28,x21,x16	 x21:0xffffff80 x16:0xfffffffd x28=0x00000007
      274355000	     13616	80005724	02e91c33	mulh	x24,x18,x14	 x18:0xffd85880 x14:0x00005451 x24=0xfffffff2
      284155000	     14106	80005728	0092d093	srli	x1,x5,0x9	  x5:0xffffff00  x1=0x007fffff
      284175000	     14107	8000572c	3405de73	csrrwi	x28,mscratch,11	 x28=0x8001c0fd
      284215000	     14109	80005730	02da24b3	mulhsu	x9,x20,x13	 x20:0x00000019 x13:0x100b2690  x9=0x00000001
      284235000	     14110	80005734	b6c7c013	xori	x0,x15,-1172	 x15:0x8001c0e8  x0=0x00000000
      284275000	     14112	80005738	0324b733	mulhu	x14,x9,x18	  x9:0x00000001 x18:0xffd85880 x14=0x00000000
      284295000	     14113	8000573c	0ff0000f	fence	iorw,iorw	
      284475000	     14122	80005740	2c934b13	xori	x22,x6,713	  x6:0x100b2690 x22=0x100b2459
      284575000	     14127	80005744	003e73b3	and	x7,x28,x3	 x28:0x8001c0fd  x3:0x00000000  x7=0x00000000
      284595000	     14128	80005748	033c8663	beq	x25,x19,80005774	 x25:0x80035ce4 x19:0x80031e54
      284875000	     14142	8000574c	cf99	c.beqz	x15,8000576a	 x15:0x8001c0e8
      284895000	     14143	8000574e	117d	c.addi	x2,-1	  x2:0x8001cc16  x2=0x8001cc15
      284915000	     14144	80005750	01ca9293	slli	x5,x21,0x1c	 x21:0xffffff80  x5=0x00000000
      284935000	     14145	80005754	d66e0113	addi	x2,x28,-666	 x28:0x8001c0fd  x2=0x8001be63
      284955000	     14146	80005758	0000100f	fence.i	
      285135000	     14155	8000575c	0163c263	blt	x7,x22,80005760	  x7:0x00000000 x22:0x100b2459
      285455000	     14171	80005760	93ea6213	ori	x4,x20,-1730	 x20:0x00000019  x4=0xfffff93f
      285535000	     14175	80005764	340066f3	csrrsi	x13,mscratch,0	 x13=0x0000000b
      285555000	     14176	80005768	83f2	c.mv	x7,x28	  x0:0x00000000 x28:0x8001c0fd  x7=0x8001c0fd
      285575000	     14177	8000576a	005588b3	add	x17,x11,x5	 x11:0x0001c000  x5:0x00000000 x17=0x0001c000
      285595000	     14178	8000576e	340b1973	csrrw	x18,mscratch,x22	 x22:0x100b2459 x18=0x0000000b
      285615000	     14179	80005772	5afd	c.li	x21,-1	 x21=0xffffffff
      285635000	     14180	80005774	1dfd	c.addi	x27,-1	 x27:0x8001c101 x27=0x8001c100
      286235000	     14210	80005776	00a0c263	blt	x1,x10,8000577a	  x1:0x007fffff x10:0x8001c0eb
      286655000	     14231	8000577a	4090d0b3	sra	x1,x1,x9	  x1:0x007fffff  x9:0x00000001  x1=0x003fffff
      286895000	     14243	8000577e	34027f73	csrrci	x30,mscratch,4	 x30=0x100b2459
      286915000	     14244	80005782	0ff0000f	fence	iorw,iorw	
      287835000	     14290	80005786	0279f733	remu	x14,x19,x7	 x19:0x80031e54  x7:0x8001c0fd x14=0x00015d57
      287855000	     14291	8000578a	01d61213	slli	x4,x12,0x1d	 x12:0x800345fa  x4=0x40000000
      287875000	     14292	8000578e	a9ec6313	ori	x6,x24,-1378	 x24:0xfffffff2  x6=0xfffffffe
      287895000	     14293	80005792	d79dbb13	sltiu	x22,x27,-647	 x27:0x8001c100 x22=0x00000001
      287915000	     14294	80005796	8d25	c.xor	x10,x9	 x10:0x8001c0eb  x9:0x00000001 x10=0x8001c0ea
      287935000	     14295	80005798	8266	c.mv	x4,x25	  x0:0x00000000 x25:0x80035ce4  x4=0x80035ce4
      288675000	     14332	8000579a	02876ab3	rem	x21,x14,x8	 x14:0x00015d57  x8:0x00000004 x21=0x00000003
      288695000	     14333	8000579e	0095d0b3	srl	x1,x11,x9	 x11:0x0001c000  x9:0x00000001  x1=0x0000e000
      288715000	     14334	800057a2	4c79	c.li	x24,30	 x24=0x0000001e
      288735000	     14335	800057a4	a0dee813	ori	x16,x29,-1523	 x29:0x00000012 x16=0xfffffa1f
      288755000	     14336	800057a8	005d2a33	slt	x20,x26,x5	 x26:0x0000005d  x5:0x00000000 x20=0x00000000
      288775000	     14337	800057ac	01c73db3	sltu	x27,x14,x28	 x14:0x00015d57 x28:0x8001c0fd x27=0x00000001
      288855000	     14341	800057b0	c889	c.beqz	x9,800057c2	  x9:0x00000001
      288875000	     14342	800057b2	011340b3	xor	x1,x6,x17	  x6:0xfffffffe x17:0x0001c000  x1=0xfffe3ffe
      288955000	     14346	800057b6	038d9e63	bne	x27,x24,800057f2	 x27:0x00000001 x24:0x0000001e
      289215000	     14359	800057f2	01595193	srli	x3,x18,0x15	 x18:0x0000000b  x3=0x00000000
      289235000	     14360	800057f6	5d7df193	andi	x3,x27,1495	 x27:0x00000001  x3=0x00000001
      289375000	     14367	800057fa	035a0833	mul	x16,x20,x21	 x20:0x00000000 x21:0x00000003 x16=0x00000000
      289395000	     14368	800057fe	01791d13	slli	x26,x18,0x17	 x18:0x0000000b x26=0x05800000
      289415000	     14369	80005802	00c1ee33	or	x28,x3,x12	  x3:0x00000001 x12:0x800345fa x28=0x800345fb
      289615000	     14379	80005806	018f9663	bne	x31,x24,80005812	 x31:0x6ff6a586 x24:0x0000001e
      289955000	     14396	80005812	0f90	c.addi4spn	x12,x2,976	 x12=0x8001c233
      290255000	     14411	80005814	034bbf33	mulhu	x30,x23,x20	 x23:0x00000019 x20:0x00000000 x30=0x00000000
      290495000	     14423	80005818	696fc913	xori	x18,x31,1686	 x31:0x6ff6a586 x18=0x6ff6a310
      290515000	     14424	8000581c	0000100f	fence.i	
      291415000	     14469	80005820	3403e3f3	csrrsi	x7,mscratch,7	  x7=0x100b2459
      291435000	     14470	80005824	009b8c63	beq	x23,x9,8000583c	 x23:0x00000019  x9:0x00000001
      291455000	     14471	80005828	40f401b3	sub	x3,x8,x15	  x8:0x00000004 x15:0x8001c0e8  x3=0x7ffe3f1c
      291855000	     14491	8000582c	002c2ab3	slt	x21,x24,x2	 x24:0x0000001e  x2:0x8001be63 x21=0x00000000
      291875000	     14492	80005830	01e5db63	bge	x11,x30,80005846	 x11:0x0001c000 x30:0x00000000
      292555000	     14526	80005846	005eb533	sltu	x10,x29,x5	 x29:0x00000012  x5:0x00000000 x10=0x00000000
      292575000	     14527	8000584a	340b74f3	csrrci	x9,mscratch,22	  x9=0x100b245f
      293435000	     14570	8000584e	031c5db3	divu	x27,x24,x17	 x24:0x0000001e x17:0x0001c000 x27=0x00000000
      293455000	     14571	80005852	34016ef3	csrrsi	x29,mscratch,2	 x29=0x100b2449
      293475000	     14572	80005856	0011bd33	sltu	x26,x3,x1	  x3:0x7ffe3f1c  x1:0xfffe3ffe x26=0x00000001
      293495000	     14573	8000585a	3408d773	csrrwi	x14,mscratch,17	 x14=0x100b244b
      293515000	     14574	8000585e	0595	c.addi	x11,5	 x11:0x0001c000 x11=0x0001c005
      293535000	     14575	80005860	0001	c.addi	x0,0	  x0:0x00000000  x0=0x00000000
      293555000	     14576	80005862	0001	c.addi	x0,0	  x0:0x00000000  x0=0x00000000
      293895000	     14593	80005864	8ff1	c.and	x15,x12	 x15:0x8001c0e8 x12:0x8001c233 x15=0x8001c020
      293915000	     14594	80005866	61e5	c.lui	x3,0x19	  x3=0x00019000
      293935000	     14595	80005868	34002b73	csrrs	x22,mscratch,x0	  x0:0x00000000 x22=0x00000011
      293955000	     14596	8000586c	90b6	c.add	x1,x13	  x1:0xfffe3ffe x13:0x0000000b  x1=0xfffe4009
      293975000	     14597	8000586e	03d00633	mul	x12,x0,x29	  x0:0x00000000 x29:0x100b2449 x12=0x00000000
      293995000	     14598	80005872	995e	c.add	x18,x23	 x18:0x6ff6a310 x23:0x00000019 x18=0x6ff6a329
      294155000	     14606	80005874	418d	c.li	x3,3	  x3=0x00000003
      294895000	     14643	80005876	02fa6333	rem	x6,x20,x15	 x20:0x00000000 x15:0x8001c020  x6=0x00000000
      294915000	     14644	8000587a	d3babb93	sltiu	x23,x21,-709	 x21:0x00000000 x23=0x00000001
      294935000	     14645	8000587e	ce7e0693	addi	x13,x28,-793	 x28:0x800345fb x13=0x800342e2
      294955000	     14646	80005882	411adab3	sra	x21,x21,x17	 x21:0x00000000 x17:0x0001c000 x21=0x00000000
      294975000	     14647	80005886	00128663	beq	x5,x1,80005892	  x5:0x00000000  x1:0xfffe4009
      295195000	     14658	8000588a	002c8833	add	x16,x25,x2	 x25:0x80035ce4  x2:0x8001be63 x16=0x00051b47
      295275000	     14662	8000588e	0ff0000f	fence	iorw,iorw	
      296135000	     14705	80005892	02e47bb3	remu	x23,x8,x14	  x8:0x00000004 x14:0x100b244b x23=0x00000004
      296155000	     14706	80005896	00e31263	bne	x6,x14,8000589a	  x6:0x00000000 x14:0x100b244b
      296295000	     14713	8000589a	00b89863	bne	x17,x11,800058aa	 x17:0x0001c000 x11:0x0001c005
      297475000	     14772	800058aa	8315	c.srli	x14,0x5	 x14:0x100b244b x14=0x00805922
      297815000	     14789	800058ac	0000100f	fence.i	
      298595000	     14828	800058b0	0176	c.slli	x2,0x1d	  x2:0x8001be63  x2=0x60000000
      298615000	     14829	800058b2	870d	c.srai	x14,0x3	 x14:0x00805922 x14=0x00100b24
      298635000	     14830	800058b4	9676	c.add	x12,x29	 x12:0x00000000 x29:0x100b2449 x12=0x100b2449
      298655000	     14831	800058b6	99fd	c.andi	x11,-1	 x11:0x0001c005 x11=0x0001c005
      298675000	     14832	800058b8	6111	c.addi16sp	x2,256	  x2:0x60000000  x2=0x60000100
      298935000	     14845	800058ba	0302bd33	mulhu	x26,x5,x16	  x5:0x00000000 x16:0x00051b47 x26=0x00000000
      299935000	     14895	800058be	02e0f5b3	remu	x11,x1,x14	  x1:0xfffe4009 x14:0x00100b24 x11=0x000c85b9
      299955000	     14896	800058c2	51613a13	sltiu	x20,x2,1302	  x2:0x60000100 x20=0x00000000
      299975000	     14897	800058c6	8906	c.mv	x18,x1	  x0:0x00000000  x1:0xfffe4009 x18=0xfffe4009
      299995000	     14898	800058c8	01fb1ab3	sll	x21,x22,x31	 x22:0x00000011 x31:0x6ff6a586 x21=0x00000440
      300035000	     14900	800058cc	03473233	mulhu	x4,x14,x20	 x14:0x00100b24 x20:0x00000000  x4=0x00000000
      300055000	     14901	800058d0	00461a33	sll	x20,x12,x4	 x12:0x100b2449  x4:0x00000000 x20=0x100b2449
      300075000	     14902	800058d4	00a230b3	sltu	x1,x4,x10	  x4:0x00000000 x10:0x00000000  x1=0x00000000
      300455000	     14921	800058d8	340021f3	csrrs	x3,mscratch,x0	  x0:0x00000000  x3=0x00000011
      300555000	     14926	800058dc	4d7d	c.li	x26,31	 x26=0x0000001f
      301295000	     14963	800058de	03c6c8b3	div	x17,x13,x28	 x13:0x800342e2 x28:0x800345fb x17=0x00000001
      301315000	     14964	800058e2	8da1	c.xor	x11,x8	 x11:0x000c85b9  x8:0x00000004 x11=0x000c85bd
      301335000	     14965	800058e4	01e13eb3	sltu	x29,x2,x30	  x2:0x60000100 x30:0x00000000 x29=0x00000000
      301375000	     14967	800058e8	026224b3	mulhsu	x9,x4,x6	  x4:0x00000000  x6:0x00000000  x9=0x00000000
      301395000	     14968	800058ec	717d	c.addi16sp	x2,-16	  x2:0x60000100  x2=0x600000f0
      301415000	     14969	800058ee	01e1d933	srl	x18,x3,x30	  x3:0x00000011 x30:0x00000000 x18=0x00000011
      301435000	     14970	800058f2	e79d	c.bnez	x15,80005920	 x15:0x8001c020
      301475000	     14972	80005920	010d4133	xor	x2,x26,x16	 x26:0x0000001f x16:0x00051b47  x2=0x00051b58
      301495000	     14973	80005924	717d	c.addi16sp	x2,-16	  x2:0x00051b58  x2=0x00051b48
      301515000	     14974	80005926	868e3d93	sltiu	x27,x28,-1944	 x28:0x800345fb x27=0x00000001
      301535000	     14975	8000592a	01b39f33	sll	x30,x7,x27	  x7:0x100b2459 x27:0x00000001 x30=0x201648b2
      301555000	     14976	8000592e	852a	c.mv	x10,x10	  x0:0x00000000 x10:0x00000000 x10=0x00000000
      301715000	     14984	80005930	8d19	c.sub	x10,x14	 x10:0x00000000 x14:0x00100b24 x10=0xffeff4dc
      301735000	     14985	80005932	02f0d663	bge	x1,x15,8000595e	  x1:0x00000000 x15:0x8001c020
      302595000	     15028	8000595e	001bc463	blt	x23,x1,80005966	 x23:0x00000004  x1:0x00000000
      302615000	     15029	80005962	ce99	c.beqz	x13,80005980	 x13:0x800342e2
      302635000	     15030	80005964	58fd	c.li	x17,-1	 x17=0xffffffff
      302775000	     15037	80005966	03338f63	beq	x7,x19,800059a4	  x7:0x100b2459 x19:0x80031e54
      302795000	     15038	8000596a	de077593	andi	x11,x14,-544	 x14:0x00100b24 x11=0x00100920
      302815000	     15039	8000596e	719d1937	lui	x18,0x719d1	 x18=0x719d1000
      302835000	     15040	80005972	0001	c.addi	x0,0	  x0:0x00000000  x0=0x00000000
      302855000	     15041	80005974	20ec8713	addi	x14,x25,526	 x25:0x80035ce4 x14=0x80035ef2
      303275000	     15062	80005978	312c1f97	auipc	x31,0x312c1	 x31=0xb12c6978
      303355000	     15066	8000597c	00a78a63	beq	x15,x10,80005990	 x15:0x8001c020 x10:0xffeff4dc
      303495000	     15073	80005980	b83db693	sltiu	x13,x27,-1149	 x27:0x00000001 x13=0x00000001
      303595000	     15078	80005984	01c29a13	slli	x20,x5,0x1c	  x5:0x00000000 x20=0x00000000
      303775000	     15087	80005988	00099493	slli	x9,x19,0x0	 x19:0x80031e54  x9=0x80031e54
      303955000	     15096	8000598c	340f7073	csrrci	x0,mscratch,30	  x0=0x00000000
      303975000	     15097	80005990	0001	c.addi	x0,0	  x0:0x00000000  x0=0x00000000
      303995000	     15098	80005992	03a17f63	bgeu	x2,x26,800059d0	  x2:0x00051b48 x26:0x0000001f
      307615000	     15279	800059d0	169c	c.addi4spn	x15,x2,864	 x15=0x00051ea8
      307635000	     15280	800059d2	817a	c.mv	x2,x30	  x0:0x00000000 x30:0x201648b2  x2=0x201648b2
      307655000	     15281	800059d4	81bd	c.srli	x11,0xf	 x11:0x00100920 x11=0x00000020
      308395000	     15318	800059d6	03a45db3	divu	x27,x8,x26	  x8:0x00000004 x26:0x0000001f x27=0x00000000
      308415000	     15319	800059da	baa00c13	addi	x24,x0,-1110	  x0:0x00000000 x24=0xfffffbaa
      308435000	     15320	800059de	1bfd	c.addi	x23,-1	 x23:0x00000004 x23=0x00000003
      308455000	     15321	800059e0	03218763	beq	x3,x18,80005a0e	  x3:0x00000011 x18:0x719d1000
      308475000	     15322	800059e4	00bd9a93	slli	x21,x27,0xb	 x27:0x00000000 x21=0x00000000
      308495000	     15323	800059e8	0048aa33	slt	x20,x17,x4	 x17:0xffffffff  x4:0x00000000 x20=0x00000001
      308515000	     15324	800059ec	1c10	c.addi4spn	x12,x2,560	 x12=0x20164ae2
      309335000	     15365	800059ee	038d5933	divu	x18,x26,x24	 x26:0x0000001f x24:0xfffffbaa x18=0x00000000
      309355000	     15366	800059f2	198c	c.addi4spn	x11,x2,240	 x11=0x201649a2
      309375000	     15367	800059f4	8565	c.srai	x10,0x19	 x10:0xffeff4dc x10=0xffffffff
      309395000	     15368	800059f6	8ce1	c.and	x9,x8	  x9:0x80031e54  x8:0x00000004  x9=0x00000004
      309415000	     15369	800059f8	34003273	csrrc	x4,mscratch,x0	  x0:0x00000000  x4=0x00000001
      309435000	     15370	800059fc	0143f5b3	and	x11,x7,x20	  x7:0x100b2459 x20:0x00000001 x11=0x00000001
      309455000	     15371	80005a00	8e19	c.sub	x12,x14	 x12:0x20164ae2 x14:0x80035ef2 x12=0xa012ebf0
      310195000	     15408	80005a02	02e8d7b3	divu	x15,x17,x14	 x17:0xffffffff x14:0x80035ef2 x15=0x00000001
      310215000	     15409	80005a06	00c6e333	or	x6,x13,x12	 x13:0x00000001 x12:0xa012ebf0  x6=0xa012ebf1
      310235000	     15410	80005a0a	f81d6293	ori	x5,x26,-127	 x26:0x0000001f  x5=0xffffff9f
      310975000	     15447	80005a0e	03e2df33	divu	x30,x5,x30	  x5:0xffffff9f x30:0x201648b2 x30=0x00000007
      310995000	     15448	80005a12	058bf063	bgeu	x23,x24,80005a52	 x23:0x00000003 x24:0xfffffbaa
      311015000	     15449	80005a16	01751213	slli	x4,x10,0x17	 x10:0xffffffff  x4=0xff800000
      311035000	     15450	80005a1a	0001	c.addi	x0,0	  x0:0x00000000  x0=0x00000000
      311775000	     15487	80005a1c	02f8ce33	div	x28,x17,x15	 x17:0xffffffff x15:0x00000001 x28=0xffffffff
      311795000	     15488	80005a20	615d	c.addi16sp	x2,432	  x2:0x201648b2  x2=0x20164a62
      311815000	     15489	80005a22	66f9	c.lui	x13,0x1e	 x13=0x0001e000
      311835000	     15490	80005a24	0ff0000f	fence	iorw,iorw	
      311855000	     15491	80005a28	55fd	c.li	x11,-1	 x11=0xffffffff
      311875000	     15492	80005a2a	6487b6b7	lui	x13,0x6487b	 x13=0x6487b000
      311895000	     15493	80005a2e	3407faf3	csrrci	x21,mscratch,15	 x21=0x00000001
      311915000	     15494	80005a32	413cdc33	sra	x24,x25,x19	 x25:0x80035ce4 x19:0x80031e54 x24=0xfffff800
      311955000	     15496	80005a36	41a55713	srai	x14,x10,0x1a	 x10:0xffffffff x14=0xffffffff
      311975000	     15497	80005a3a	415e5fb3	sra	x31,x28,x21	 x28:0xffffffff x21:0x00000001 x31=0xffffffff
      311995000	     15498	80005a3e	8fc9	c.or	x15,x10	 x15:0x00000001 x10:0xffffffff x15=0xffffffff
      312115000	     15504	80005a40	34002f73	csrrs	x30,mscratch,x0	  x0:0x00000000 x30=0x00000000
      312135000	     15505	80005a44	3754e913	ori	x18,x9,885	  x9:0x00000004 x18=0x00000375
      312155000	     15506	80005a48	1ffd	c.addi	x31,-1	 x31:0xffffffff x31=0xfffffffe
      312175000	     15507	80005a4a	80ad	c.srli	x9,0xb	  x9:0x00000004  x9=0x00000000
      312575000	     15527	80005a4c	01736eb3	or	x29,x6,x23	  x6:0xa012ebf1 x23:0x00000003 x29=0xa012ebf3
      312595000	     15528	80005a50	969a	c.add	x13,x6	 x13:0x6487b000  x6:0xa012ebf1 x13=0x049a9bf1
      312855000	     15541	80005a52	f9047793	andi	x15,x8,-112	  x8:0x00000004 x15=0x00000000
      313995000	     15598	80005a56	02b97533	remu	x10,x18,x11	 x18:0x00000375 x11:0xffffffff x10=0x00000375
      314015000	     15599	80005a5a	e08fbf93	sltiu	x31,x31,-504	 x31:0xfffffffe x31=0x00000000
      314035000	     15600	80005a5e	01f1	c.addi	x3,28	  x3:0x00000011  x3=0x0000002d
      314055000	     15601	80005a60	4cd6a293	slti	x5,x13,1229	 x13:0x049a9bf1  x5=0x00000000
      314075000	     15602	80005a64	5b7d	c.li	x22,-1	 x22=0xffffffff
      314095000	     15603	80005a66	01fcc763	blt	x25,x31,80005a74	 x25:0x80035ce4 x31:0x00000000
      314355000	     15616	80005a74	0c8c	c.addi4spn	x11,x2,592	 x11=0x20164cb2
      314475000	     15622	80005a76	00cae8b3	or	x17,x21,x12	 x21:0x00000001 x12:0xa012ebf0 x17=0xa012ebf1
      314635000	     15630	80005a7a	0000100f	fence.i	
      315335000	     15665	80005a7e	0205e0b3	rem	x1,x11,x0	 x11:0x20164cb2  x0:0x00000000  x1=0x20164cb2
      315395000	     15668	80005a82	3401a273	csrrs	x4,mscratch,x3	  x3:0x0000002d  x4=0x00000000
      315515000	     15674	80005a86	34059273	csrrw	x4,mscratch,x11	 x11:0x20164cb2  x4=0x0000002d
      315535000	     15675	80005a8a	0962	c.slli	x18,0x18	 x18:0x00000375 x18=0x75000000
      315655000	     15681	80005a8c	0093dd63	bge	x7,x9,80005aa6	  x7:0x100b2459  x9:0x00000000
      316275000	     15712	80005aa6	0284	c.addi4spn	x9,x2,320	  x9=0x20164ba2
      316315000	     15714	80005aa8	8da9	c.xor	x11,x10	 x11:0x20164cb2 x10:0x00000375 x11=0x20164fc7
      316335000	     15715	80005aaa	03eed663	bge	x29,x30,80005ad6	 x29:0xa012ebf3 x30:0x00000000
      316355000	     15716	80005aae	cc89	c.beqz	x9,80005ac8	  x9:0x20164ba2
      316535000	     15725	80005ab0	6804f813	andi	x16,x9,1664	  x9:0x20164ba2 x16=0x00000280
      316555000	     15726	80005ab4	d7bd4513	xori	x10,x26,-645	 x26:0x0000001f x10=0xfffffd64
      316575000	     15727	80005ab8	34003073	csrrc	x0,mscratch,x0	  x0:0x00000000  x0=0x00000000
      317015000	     15749	80005abc	0001	c.addi	x0,0	  x0:0x00000000  x0=0x00000000
      317035000	     15750	80005abe	ce1d	c.beqz	x12,80005afc	 x12:0xa012ebf0
      317435000	     15770	80005ac0	b184fc13	andi	x24,x9,-1256	  x9:0x20164ba2 x24=0x20164b00
      317655000	     15781	80005ac4	403f5b93	srai	x23,x30,0x3	 x30:0x00000000 x23=0x00000000
      317675000	     15782	80005ac8	01668ab3	add	x21,x13,x22	 x13:0x049a9bf1 x22:0xffffffff x21=0x049a9bf0
      317695000	     15783	80005acc	8baa	c.mv	x23,x10	  x0:0x00000000 x10:0xfffffd64 x23=0xfffffd64
      317815000	     15789	80005ace	40cc5233	sra	x4,x24,x12	 x24:0x20164b00 x12:0xa012ebf0  x4=0x00002016
      317835000	     15790	80005ad2	41828733	sub	x14,x5,x24	  x5:0x00000000 x24:0x20164b00 x14=0xdfe9b500
      317855000	     15791	80005ad6	02831363	bne	x6,x8,80005afc	  x6:0xa012ebf1  x8:0x00000004
      318035000	     15800	80005afc	12bfee93	ori	x29,x31,299	 x31:0x00000000 x29=0x0000012b
      318055000	     15801	80005b00	027c9563	bne	x25,x7,80005b2a	 x25:0x80035ce4  x7:0x100b2459
      319095000	     15853	80005b2a	58357693	andi	x13,x10,1411	 x10:0xfffffd64 x13=0x00000500
      319115000	     15854	80005b2e	340968f3	csrrsi	x17,mscratch,18	 x17=0x20164cb2
      319135000	     15855	80005b32	8d89	c.sub	x11,x10	 x11:0x20164fc7 x10:0xfffffd64 x11=0x20165263
      319155000	     15856	80005b34	8e59	c.or	x12,x14	 x12:0xa012ebf0 x14:0xdfe9b500 x12=0xfffbfff0
      319175000	     15857	80005b36	037f8ab3	mul	x21,x31,x23	 x31:0x00000000 x23:0xfffffd64 x21=0x00000000
      319195000	     15858	80005b3a	00e4dd93	srli	x27,x9,0xe	  x9:0x20164ba2 x27=0x00008059
      319615000	     15879	80005b3e	00569733	sll	x14,x13,x5	 x13:0x00000500  x5:0x00000000 x14=0x00000500
      319635000	     15880	80005b42	03050a63	beq	x10,x16,80005b76	 x10:0xfffffd64 x16:0x00000280
      319655000	     15881	80005b46	0058bfb3	sltu	x31,x17,x5	 x17:0x20164cb2  x5:0x00000000 x31=0x00000000
      319675000	     15882	80005b4a	011370b3	and	x1,x6,x17	  x6:0xa012ebf1 x17:0x20164cb2  x1=0x201248b0
      319735000	     15885	80005b4e	0000100f	fence.i	
      320075000	     15902	80005b52	01839663	bne	x7,x24,80005b5e	  x7:0x100b2459 x24:0x20164b00
      320555000	     15926	80005b5e	0171cab3	xor	x21,x3,x23	  x3:0x0000002d x23:0xfffffd64 x21=0xfffffd49
      320595000	     15928	80005b62	027832b3	mulhu	x5,x16,x7	 x16:0x00000280  x7:0x100b2459  x5=0x00000028
      321015000	     15949	80005b66	03ce1f33	mulh	x30,x28,x28	 x28:0xffffffff x28:0xffffffff x30=0x00000000
      321135000	     15955	80005b6a	5bcfa093	slti	x1,x31,1468	 x31:0x00000000  x1=0x00000001
      321375000	     15967	80005b6e	0000100f	fence.i	
      322375000	     16017	80005b72	009f22b3	slt	x5,x30,x9	 x30:0x00000000  x9:0x20164ba2  x5=0x00000001
      322395000	     16018	80005b76	3402bff3	csrrc	x31,mscratch,x5	  x5:0x00000001 x31=0x20164cb2
      322415000	     16019	80005b7a	6c71	c.lui	x24,0x1c	 x24=0x0001c000
      322435000	     16020	80005b7c	016d0633	add	x12,x26,x22	 x26:0x0000001f x22:0xffffffff x12=0x0000001e
      322455000	     16021	80005b80	340a1973	csrrw	x18,mscratch,x20	 x20:0x00000001 x18=0x20164cb2
      322815000	     16039	80005b84	edc9e793	ori	x15,x19,-292	 x19:0x80031e54 x15=0xfffffedc
      322995000	     16048	80005b88	0ff0000f	fence	iorw,iorw	
      323375000	     16067	80005b8c	ed99	c.bnez	x11,80005baa	 x11:0x20165263
      323775000	     16087	80005baa	fd809797	auipc	x15,0xfd809	 x15=0x7d80ebaa
      323795000	     16088	80005bae	ca9c9197	auipc	x3,0xca9c9	  x3=0x4a9cebae
      323975000	     16097	80005bb2	0263b733	mulhu	x14,x7,x6	  x7:0x100b2459  x6:0xa012ebf1 x14=0x0a082649
      323995000	     16098	80005bb6	8f15	c.sub	x14,x13	 x14:0x0a082649 x13:0x00000500 x14=0x0a082149
      324295000	     16113	80005bb8	5ba8b737	lui	x14,0x5ba8b	 x14=0x5ba8b000
      324415000	     16119	80005bbc	f5b98193	addi	x3,x19,-165	 x19:0x80031e54  x3=0x80031daf
      324435000	     16120	80005bc0	01c22133	slt	x2,x4,x28	  x4:0x00002016 x28:0xffffffff  x2=0x00000000
      324455000	     16121	80005bc4	01aa5263	bge	x20,x26,80005bc8	 x20:0x00000001 x26:0x0000001f
      324475000	     16122	80005bc8	00ce0033	add	x0,x28,x12	 x28:0xffffffff x12:0x0000001e  x0=0x00000000
      324535000	     16125	80005bcc	0000100f	fence.i	
      324955000	     16146	80005bd0	950a	c.add	x10,x2	 x10:0xfffffd64  x2:0x00000000 x10=0xfffffd64
      324975000	     16147	80005bd2	8731	c.srai	x14,0xc	 x14:0x5ba8b000 x14=0x0005ba8b
      324995000	     16148	80005bd4	34017673	csrrci	x12,mscratch,2	 x12=0x00000001
      325255000	     16161	80005bd8	34002ef3	csrrs	x29,mscratch,x0	  x0:0x00000000 x29=0x00000001
      325495000	     16173	80005bdc	41f05ab3	sra	x21,x0,x31	  x0:0x00000000 x31:0x20164cb2 x21=0x00000000
      325575000	     16177	80005be0	340697f3	csrrw	x15,mscratch,x13	 x13:0x00000500 x15=0x00000001
      325635000	     16180	80005be4	ef8d	c.bnez	x15,80005c1e	 x15:0x00000001
      326075000	     16202	80005c1e	0158a833	slt	x16,x17,x21	 x17:0x20164cb2 x21:0x00000000 x16=0x00000000
      326095000	     16203	80005c22	03048063	beq	x9,x16,80005c42	  x9:0x20164ba2 x16:0x00000000
      326115000	     16204	80005c26	0110f593	andi	x11,x1,17	  x1:0x00000001 x11=0x00000001
      326435000	     16220	80005c2a	003b5693	srli	x13,x22,0x3	 x22:0xffffffff x13=0x1fffffff
      327375000	     16267	80005c2e	0362d4b3	divu	x9,x5,x22	  x5:0x00000001 x22:0xffffffff  x9=0x00000000
      327395000	     16268	80005c32	0344e863	bltu	x9,x20,80005c62	  x9:0x00000000 x20:0x00000001
      327475000	     16272	80005c62	ed81	c.bnez	x11,80005c7a	 x11:0x00000001
      327835000	     16290	80005c7a	3406d073	csrrwi	x0,mscratch,13	  x0=0x00000000
      327855000	     16291	80005c7e	2dd5c513	xori	x10,x11,733	 x11:0x00000001 x10=0x000002dc
      327915000	     16294	80005c82	34002173	csrrs	x2,mscratch,x0	  x0:0x00000000  x2=0x0000000d
      328075000	     16302	80005c86	034b6563	bltu	x22,x20,80005cb0	 x22:0xffffffff x20:0x00000001
      328115000	     16304	80005c8a	03e22c33	mulhsu	x24,x4,x30	  x4:0x00002016 x30:0x00000000 x24=0x00000000
      328155000	     16306	80005c8e	01631933	sll	x18,x6,x22	  x6:0xa012ebf1 x22:0xffffffff x18=0x80000000
      328175000	     16307	80005c92	8799	c.srai	x15,0x6	 x15:0x00000001 x15=0x00000000
      328995000	     16348	80005c94	0249c733	div	x14,x19,x4	 x19:0x80031e54  x4:0x00002016 x14=0xfffc02d7
      329015000	     16349	80005c98	8aad	c.andi	x13,11	 x13:0x1fffffff x13=0x0000000b
      329035000	     16350	80005c9a	8cc1	c.or	x9,x8	  x9:0x00000000  x8:0x00000004  x9=0x00000004
      329055000	     16351	80005c9c	340fd973	csrrwi	x18,mscratch,31	 x18=0x0000000d
      329075000	     16352	80005ca0	1beba113	slti	x2,x23,446	 x23:0xfffffd64  x2=0x00000001
      329095000	     16353	80005ca4	0001	c.addi	x0,0	  x0:0x00000000  x0=0x00000000
      329115000	     16354	80005ca6	03316f63	bltu	x2,x19,80005ce4	  x2:0x00000001 x19:0x80031e54
      329615000	     16379	80005ce4	14cee613	ori	x12,x29,332	 x29:0x00000001 x12=0x0000014d
      329635000	     16380	80005ce8	8a7ead13	slti	x26,x29,-1881	 x29:0x00000001 x26=0x00000000
      329655000	     16381	80005cec	86d5	c.srai	x13,0x15	 x13:0x0000000b x13=0x00000000
      329675000	     16382	80005cee	717d	c.addi16sp	x2,-16	  x2:0x00000001  x2=0xfffffff1
      329815000	     16389	80005cf0	15fd	c.addi	x11,-1	 x11:0x00000001 x11=0x00000000
      329835000	     16390	80005cf2	e699	c.bnez	x13,80005d00	 x13:0x00000000
      329875000	     16392	80005cf4	00defdb3	and	x27,x29,x13	 x29:0x00000001 x13:0x00000000 x27=0x00000000
      329955000	     16396	80005cf8	340595f3	csrrw	x11,mscratch,x11	 x11:0x00000000 x11=0x0000001f
      329975000	     16397	80005cfc	41d50233	sub	x4,x10,x29	 x10:0x000002dc x29:0x00000001  x4=0x000002db
      330015000	     16399	80005d00	613d	c.addi16sp	x2,480	  x2:0xfffffff1  x2=0x000001d1
      330175000	     16407	80005d02	012a1e13	slli	x28,x20,0x12	 x20:0x00000001 x28=0x00040000
      330215000	     16409	80005d06	e0bebb97	auipc	x23,0xe0beb	 x23=0x60bf0d06
      330235000	     16410	80005d0a	9f132393	slti	x7,x6,-1551	  x6:0xa012ebf1  x7=0x00000001
      330255000	     16411	80005d0e	407edd13	srai	x26,x29,0x7	 x29:0x00000001 x26=0x00000000
      330295000	     16413	80005d12	340bddf3	csrrwi	x27,mscratch,23	 x27=0x00000000
      330315000	     16414	80005d16	118c	c.addi4spn	x11,x2,224	 x11=0x000002b1
      330455000	     16421	80005d18	40c180b3	sub	x1,x3,x12	  x3:0x80031daf x12:0x0000014d  x1=0x80031c62
      330475000	     16422	80005d1c	1088	c.addi4spn	x10,x2,96	 x10=0x00000231
      330515000	     16424	80005d1e	01251893	slli	x17,x10,0x12	 x10:0x00000231 x17=0x08c40000
      330535000	     16425	80005d22	002bfa33	and	x20,x23,x2	 x23:0x60bf0d06  x2:0x000001d1 x20=0x00000100
      330555000	     16426	80005d26	1004	c.addi4spn	x9,x2,32	  x9=0x000001f1
      330575000	     16427	80005d28	01429133	sll	x2,x5,x20	  x5:0x00000001 x20:0x00000100  x2=0x00000001
      330595000	     16428	80005d2c	117d	c.addi	x2,-1	  x2:0x00000001  x2=0x00000000
      330835000	     16440	80005d2e	03c00b33	mul	x22,x0,x28	  x0:0x00000000 x28:0x00040000 x22=0x00000000
      331155000	     16456	80005d32	011e6e33	or	x28,x28,x17	 x28:0x00040000 x17:0x08c40000 x28=0x08c40000
      331175000	     16457	80005d36	4160d313	srai	x6,x1,0x16	  x1:0x80031c62  x6=0xfffffe00
      331215000	     16459	80005d3a	02c70833	mul	x16,x14,x12	 x14:0xfffc02d7 x12:0x0000014d x16=0xfacfb1ab
      331235000	     16460	80005d3e	839f7893	andi	x17,x30,-1991	 x30:0x00000000 x17=0x00000000
      331255000	     16461	80005d42	8f25	c.xor	x14,x9	 x14:0xfffc02d7  x9:0x000001f1 x14=0xfffc0326
      331275000	     16462	80005d44	011b5693	srli	x13,x22,0x11	 x22:0x00000000 x13=0x00000000
      331475000	     16472	80005d48	021cb233	mulhu	x4,x25,x1	 x25:0x80035ce4  x1:0x80031c62  x4=0x40033cad
      331515000	     16474	80005d4c	8ecd	c.or	x13,x11	 x13:0x00000000 x11:0x000002b1 x13=0x000002b1
      331535000	     16475	80005d4e	8309	c.srli	x14,0x2	 x14:0xfffc0326 x14=0x3fff00c9
      331955000	     16496	80005d50	0269a1b3	mulhsu	x3,x19,x6	 x19:0x80031e54  x6:0xfffffe00  x3=0x80031f53
      332055000	     16501	80005d54	98ea	c.add	x17,x26	 x17:0x00000000 x26:0x00000000 x17=0x00000000
      332075000	     16502	80005d56	84fd	c.srai	x9,0x1f	  x9:0x000001f1  x9=0x00000000
      332475000	     16522	80005d58	87e9	c.srai	x15,0x1a	 x15:0x00000000 x15=0x00000000
      332555000	     16526	80005d5a	0049a083	lw	x1,4(x19)	 x19:0x80031e54  x1=0x80003494 PA:0x80031e58 load:0x80003494
      332575000	     16527	80005d5e	9f92	c.add	x31,x4	 x31:0x20164cb2  x4:0x40033cad x31=0x6019895f
      332595000	     16528	80005d60	09c1	c.addi	x19,16	 x19:0x80031e54 x19=0x80031e64
      332615000	     16529	80005d62	0000100f	fence.i	
      333495000	     16573	80005d66	0001	c.addi	x0,0	  x0:0x00000000  x0=0x00000000
      333675000	     16582	80005d68	010c5733	srl	x14,x24,x16	 x24:0x00000000 x16:0xfacfb1ab x14=0x00000000
      333695000	     16583	80005d6c	0951	c.addi	x18,20	 x18:0x0000000d x18=0x00000021
      333715000	     16584	80005d6e	0001	c.addi	x0,0	  x0:0x00000000  x0=0x00000000
      333895000	     16593	80005d70	0111db13	srli	x22,x3,0x11	  x3:0x80031f53 x22=0x00004001
      333975000	     16597	80005d74	00b3c133	xor	x2,x7,x11	  x7:0x00000001 x11:0x000002b1  x2=0x000002b0
      333995000	     16598	80005d78	00108113	addi	x2,x1,1	  x1:0x80003494  x2=0x80003495
      334015000	     16599	80005d7c	00010167	jalr	x2,0(x2)	  x2:0x80003495  x2=0x80005d80
      334215000	     16609	80003494	0001aa97	auipc	x21,0x1a	 x21=0x8001d494
      334395000	     16618	80003498	a1fa8a93	addi	x21,x21,-1505	 x21:0x8001d494 x21=0x8001ceb3
      334675000	     16632	8000349c	08aa8aa3	sb	x10,149(x21)	 x21:0x8001ceb3 x10:0x00000231 PA:0x8001cf48 store:0x00000231 load:0x000000ff
      334715000	     16634	800034a0	027e3fb3	mulhu	x31,x28,x7	 x28:0x08c40000  x7:0x00000001 x31=0x00000000
      335095000	     16653	800034a4	095aa583	lw	x11,149(x21)	 x21:0x8001ceb3 x11=0x00010231 PA:0x8001cf48 load:0x00010231
      335535000	     16675	800034a8	095a9303	lh	x6,149(x21)	 x21:0x8001ceb3  x6=0x00000231 PA:0x8001cf48 load:0x00000231
      335635000	     16680	800034ac	095ac283	lbu	x5,149(x21)	 x21:0x8001ceb3  x5=0x00000031 PA:0x8001cf48 load:0x00000031
      336335000	     16715	800034b0	08fa8aa3	sb	x15,149(x21)	 x21:0x8001ceb3 x15:0x00000000 PA:0x8001cf48 store:0x00000000 load:0x000000ff
      336435000	     16720	800034b4	097a9aa3	sh	x23,149(x21)	 x21:0x8001ceb3 x23:0x60bf0d06 PA:0x8001cf48 store:0x60bf0d06 load:0x0000ffff
      336595000	     16728	800034b8	081a8aa3	sb	x1,149(x21)	 x21:0x8001ceb3  x1:0x80003494 PA:0x8001cf48 store:0x80003494 load:0x000000ff
      336715000	     16734	800034bc	095ac703	lbu	x14,149(x21)	 x21:0x8001ceb3 x14=0x00000094 PA:0x8001cf48 load:0x00000094
      336775000	     16737	800034c0	095ade03	lhu	x28,149(x21)	 x21:0x8001ceb3 x28=0x00000d94 PA:0x8001cf48 load:0x00000d94
      336875000	     16742	800034c4	087aaaa3	sw	x7,149(x21)	 x21:0x8001ceb3  x7:0x00000001 PA:0x8001cf48 store:0x00000001 load:0xffffffff
      336935000	     16745	800034c8	095a8b83	lb	x23,149(x21)	 x21:0x8001ceb3 x23=0x00000001 PA:0x8001cf48 load:0x00000001
      336955000	     16746	800034cc	095a9503	lh	x10,149(x21)	 x21:0x8001ceb3 x10=0x00000001 PA:0x8001cf48 load:0x00000001
      336975000	     16747	800034d0	097a8aa3	sb	x23,149(x21)	 x21:0x8001ceb3 x23:0x00000001 PA:0x8001cf48 store:0x00000001 load:0x000000ff
      336995000	     16748	800034d4	836ead13	slti	x26,x29,-1994	 x29:0x00000001 x26=0x00000000
      337015000	     16749	800034d8	6b85	c.lui	x23,0x1	 x23=0x00001000
      337035000	     16750	800034da	8255	c.srli	x12,0x15	 x12:0x0000014d x12=0x00000000
      337235000	     16760	800034dc	095a9e83	lh	x29,149(x21)	 x21:0x8001ceb3 x29=0x00000001 PA:0x8001cf48 load:0x00000001
      337835000	     16790	800034e0	095a9483	lh	x9,149(x21)	 x21:0x8001ceb3  x9=0x00000001 PA:0x8001cf48 load:0x00000001
      338115000	     16804	800034e4	095a9883	lh	x17,149(x21)	 x21:0x8001ceb3 x17=0x00000001 PA:0x8001cf48 load:0x00000001
      338175000	     16807	800034e8	095ad783	lhu	x15,149(x21)	 x21:0x8001ceb3 x15=0x00000001 PA:0x8001cf48 load:0x00000001
      338615000	     16829	800034ec	08fa9aa3	sh	x15,149(x21)	 x21:0x8001ceb3 x15:0x00000001 PA:0x8001cf48 store:0x00000001 load:0x0000ffff
      338635000	     16830	800034f0	00020e17	auipc	x28,0x20	 x28=0x800234f0
      338655000	     16831	800034f4	6fde0e13	addi	x28,x28,1789	 x28:0x800234f0 x28=0x80023bed
      338775000	     16837	800034f8	1197e613	ori	x12,x15,281	 x15:0x00000001 x12=0x00000119
      338975000	     16847	800034fc	0012da93	srli	x21,x5,0x1	  x5:0x00000031 x21=0x00000018
      338995000	     16848	80003500	4109	c.li	x2,2	  x2=0x00000002
      339315000	     16864	80003502	40398833	sub	x16,x19,x3	 x19:0x80031e64  x3:0x80031f53 x16=0xffffff11
      339735000	     16885	80003506	f27e5683	lhu	x13,-217(x28)	 x28:0x80023bed x13=0x0000cecf PA:0x80023b14 load:0x0000cecf
      339755000	     16886	8000350a	8105	c.srli	x10,0x1	 x10:0x00000001 x10=0x00000000
      339775000	     16887	8000350c	cd147737	lui	x14,0xcd147	 x14=0xcd147000
      340435000	     16920	80003510	fa5e0da3	sb	x5,-69(x28)	 x28:0x80023bed  x5:0x00000031 PA:0x80023ba8 store:0x00000031 load:0x000000ff
      340455000	     16921	80003514	8d01	c.sub	x10,x8	 x10:0x00000000  x8:0x00000004 x10=0xfffffffc
      340835000	     16940	80003516	f6de2b83	lw	x23,-147(x28)	 x28:0x80023bed x23=0x169e9f98 PA:0x80023b5a load:0x169e9f98
      340855000	     16941	8000351a	01c39213	slli	x4,x7,0x1c	  x7:0x00000001  x4=0x10000000
      340875000	     16942	8000351e	340022f3	csrrs	x5,mscratch,x0	  x0:0x00000000  x5=0x00000017
      340895000	     16943	80003522	8dfd	c.and	x11,x15	 x11:0x00010231 x15:0x00000001 x11=0x00000001
      340915000	     16944	80003524	6125	c.addi16sp	x2,96	  x2:0x00000002  x2=0x00000062
      341175000	     16957	80003526	048e5e83	lhu	x29,72(x28)	 x28:0x80023bed x29=0x0000edee PA:0x80023c35 load:0x0000edee
      341575000	     16977	8000352a	f44e1623	sh	x4,-180(x28)	 x28:0x80023bed  x4:0x10000000 PA:0x80023b39 store:0x10000000 load:0x0000ffff
      341615000	     16979	8000352e	02cca033	mulhsu	x0,x25,x12	 x25:0x80035ce4 x12:0x00000119  x0=0x00000000
      341635000	     16980	80003532	00e235b3	sltu	x11,x4,x14	  x4:0x10000000 x14:0xcd147000 x11=0x00000001
      341695000	     16983	80003536	06ae0723	sb	x10,110(x28)	 x28:0x80023bed x10:0xfffffffc PA:0x80023c5b store:0xfffffffc load:0x000000ff
      341715000	     16984	8000353a	404f5ab3	sra	x21,x30,x4	 x30:0x00000000  x4:0x10000000 x21=0x00000000
      341735000	     16985	8000353e	a6d055b7	lui	x11,0xa6d05	 x11=0xa6d05000
      341775000	     16987	80003542	03fcbeb3	mulhu	x29,x25,x31	 x25:0x80035ce4 x31:0x00000000 x29=0x00000000
      341955000	     16996	80003546	9485a693	slti	x13,x11,-1720	 x11:0xa6d05000 x13=0x00000001
      342235000	     17010	8000354a	1cce3937	lui	x18,0x1cce3	 x18=0x1cce3000
      342975000	     17047	8000354e	025351b3	divu	x3,x6,x5	  x6:0x00000231  x5:0x00000017  x3=0x00000018
      342995000	     17048	80003552	cee77113	andi	x2,x14,-786	 x14:0xcd147000  x2=0xcd147000
      343275000	     17062	80003556	0abe2423	sw	x11,168(x28)	 x28:0x80023bed x11:0xa6d05000 PA:0x80023c95 store:0xa6d05000 load:0xff9f9899
      343295000	     17063	8000355a	ff5e5583	lhu	x11,-11(x28)	 x28:0x80023bed x11=0x00009899 PA:0x80023be2 load:0x00009899
      343315000	     17064	8000355e	0173f8b3	and	x17,x7,x23	  x7:0x00000001 x23:0x169e9f98 x17=0x00000000
      343335000	     17065	80003562	0f227097	auipc	x1,0xf227	  x1=0x8f22a562
      343355000	     17066	80003566	fc194613	xori	x12,x18,-63	 x18:0x1cce3000 x12=0xe331cfc1
      343515000	     17074	8000356a	f16e1ca3	sh	x22,-231(x28)	 x28:0x80023bed x22:0x00004001 PA:0x80023b06 store:0x00004001 load:0x0000ffff
      343535000	     17075	8000356e	40485493	srai	x9,x16,0x4	 x16:0xffffff11  x9=0xfffffff1
      343555000	     17076	80003572	0001	c.addi	x0,0	  x0:0x00000000  x0=0x00000000
      343615000	     17079	80003574	029a01b3	mul	x3,x20,x9	 x20:0x00000100  x9:0xfffffff1  x3=0xfffff100
      343995000	     17098	80003578	00055133	srl	x2,x10,x0	 x10:0xfffffffc  x0:0x00000000  x2=0xfffffffc
      344015000	     17099	8000357c	00970333	add	x6,x14,x9	 x14:0xcd147000  x9:0xfffffff1  x6=0xcd146ff1
      344035000	     17100	80003580	01c75393	srli	x7,x14,0x1c	 x14:0xcd147000  x7=0x0000000c
      344155000	     17106	80003584	f98e2fa3	sw	x24,-97(x28)	 x28:0x80023bed x24:0x00000000 PA:0x80023b8c store:0x00000000 load:0xffffffff
      344195000	     17108	80003588	0e4e2683	lw	x13,228(x28)	 x28:0x80023bed x13=0x8f88898a PA:0x80023cd1 load:0x8f88898a
      344295000	     17113	8000358c	00025c17	auipc	x24,0x25	 x24=0x8002858c
      344315000	     17114	80003590	3a8c0c13	addi	x24,x24,936	 x24:0x8002858c x24=0x80028934
      344575000	     17127	80003594	d7b83013	sltiu	x0,x16,-645	 x16:0xffffff11  x0=0x00000000
      344675000	     17132	80003598	fd9c1283	lh	x5,-39(x24)	 x24:0x80028934  x5=0xffffc5c6 PA:0x8002890d load:0xffffc5c6
      344895000	     17143	8000359c	4111d893	srai	x17,x3,0x11	  x3:0xfffff100 x17=0xffffffff
      344935000	     17145	800035a0	03c2a3b3	mulhsu	x7,x5,x28	  x5:0xffffc5c6 x28:0x80023bed  x7=0xffffe2e2
      345135000	     17155	800035a4	f84c1803	lh	x16,-124(x24)	 x24:0x80028934 x16=0x00007273 PA:0x800288b8 load:0x00007273
      345155000	     17156	800035a8	051c1f83	lh	x31,81(x24)	 x24:0x80028934 x31=0x00003d3e PA:0x80028985 load:0x00003d3e
      345455000	     17171	800035ac	f73c5a03	lhu	x20,-141(x24)	 x24:0x80028934 x20=0x0000635c PA:0x800288a7 load:0x0000635c
      346035000	     17200	800035b0	f73c2283	lw	x5,-141(x24)	 x24:0x80028934  x5=0x6162635c PA:0x800288a7 load:0x6162635c
      346495000	     17223	800035b4	f17c2383	lw	x7,-233(x24)	 x24:0x80028934  x7=0x05060700 PA:0x8002884b load:0x05060700
      346975000	     17247	800035b8	0c0c2fa3	sw	x0,223(x24)	 x24:0x80028934  x0:0x00000000 PA:0x80028a13 store:0x00000000 load:0xffffff00
      361255000	     17961	800035bc	00779593	slli	x11,x15,0x7	 x15:0x00000001 x11=0x00000080
      361735000	     17985	800035c0	f35c2f03	lw	x30,-203(x24)	 x24:0x80028934 x30=0x27202122 PA:0x80028869 load:0x27202122
      362015000	     17999	800035c4	f35c5803	lhu	x16,-203(x24)	 x24:0x80028934 x16=0x00002122 PA:0x80028869 load:0x00002122
      362315000	     18014	800035c8	f05c5183	lhu	x3,-251(x24)	 x24:0x80028934  x3=0x0000f1f2 PA:0x80028839 load:0x0000f1f2
      362855000	     18041	800035cc	05ac0783	lb	x15,90(x24)	 x24:0x80028934 x15=0x00000045 PA:0x8002898e load:0x00000045
      363115000	     18054	800035d0	0e3c1f83	lh	x31,227(x24)	 x24:0x80028934 x31=0xffffd3cc PA:0x80028a17 load:0xffffd3cc
      363135000	     18055	800035d4	0001bc17	auipc	x24,0x1b	 x24=0x8001e5d4
      363155000	     18056	800035d8	13dc0c13	addi	x24,x24,317	 x24:0x8001e5d4 x24=0x8001e711
      363235000	     18060	800035dc	00ac0203	lb	x4,10(x24)	 x24:0x8001e711  x4=0xffffffd0 PA:0x8001e71b load:0xffffffd0
      363715000	     18084	800035e0	000c4d03	lbu	x26,0(x24)	 x24:0x8001e711 x26=0x000000ca PA:0x8001e711 load:0x000000ca
      363775000	     18087	800035e4	00bc1023	sh	x11,0(x24)	 x24:0x8001e711 x11:0x00000080 PA:0x8001e711 store:0x00000080 load:0x0000ffff
      363895000	     18093	800035e8	ff1c5483	lhu	x9,-15(x24)	 x24:0x8001e711  x9=0x0000b8b9 PA:0x8001e702 load:0x0000b8b9
      363955000	     18096	800035ec	007c5883	lhu	x17,7(x24)	 x24:0x8001e711 x17=0x0000d2d3 PA:0x8001e718 load:0x0000d2d3
      364335000	     18115	800035f0	01d8d913	srli	x18,x17,0x1d	 x17:0x0000d2d3 x18=0x00000000
      364495000	     18123	800035f4	ffbc0283	lb	x5,-5(x24)	 x24:0x8001e711  x5=0xffffffc7 PA:0x8001e70c load:0xffffffc7
      364775000	     18137	800035f8	ff2c5083	lhu	x1,-14(x24)	 x24:0x8001e711  x1=0x0000bfb8 PA:0x8001e703 load:0x0000bfb8
      364795000	     18138	800035fc	fffc1d03	lh	x26,-1(x24)	 x24:0x8001e711 x26=0xffff80cb PA:0x8001e710 load:0xffff80cb
      365215000	     18159	80003600	ff6c1ea3	sh	x22,-3(x24)	 x24:0x8001e711 x22:0x00004001 PA:0x8001e70e store:0x00004001 load:0x0000ffff
      365395000	     18168	80003604	fecc2ea3	sw	x12,-3(x24)	 x24:0x8001e711 x12:0xe331cfc1 PA:0x8001e70e store:0xe331cfc1 load:0xffffb8b9
      365815000	     18189	80003608	ffdc4e03	lbu	x28,-3(x24)	 x24:0x8001e711 x28=0x000000c1 PA:0x8001e70e load:0x000000c1
      366015000	     18199	8000360c	013c2323	sw	x19,6(x24)	 x24:0x8001e711 x19:0x80031e64 PA:0x8001e717 store:0x80031e64 load:0xffffffb8
      366335000	     18215	80003610	ff4c2d03	lw	x26,-12(x24)	 x24:0x8001e711 x26=0xc3bcbdbe PA:0x8001e705 load:0xc3bcbdbe
      366495000	     18223	80003614	ff4c0003	lb	x0,-12(x24)	 x24:0x8001e711  x0=0x00000000 PA:0x8001e705 load:0xffffffbe
      366515000	     18224	80003618	ff9c0a23	sb	x25,-12(x24)	 x24:0x8001e711 x25:0x80035ce4 PA:0x8001e705 store:0x80035ce4 load:0x000000ff
      366535000	     18225	8000361c	0001af97	auipc	x31,0x1a	 x31=0x8001d61c
      366555000	     18226	80003620	99cf8f93	addi	x31,x31,-1636	 x31:0x8001d61c x31=0x8001cfb8
      366575000	     18227	80003624	0001	c.addi	x0,0	  x0:0x00000000  x0=0x00000000
      366955000	     18246	80003626	f72fa6a3	sw	x18,-147(x31)	 x31:0x8001cfb8 x18:0x00000000 PA:0x8001cf25 store:0x00000000 load:0xffbcbdbe
      366975000	     18247	8000362a	f38fd803	lhu	x16,-200(x31)	 x31:0x8001cfb8 x16=0x0000aaab PA:0x8001cef0 load:0x0000aaab
      367215000	     18259	8000362e	f2cfa9a3	sw	x12,-205(x31)	 x31:0x8001cfb8 x12:0xe331cfc1 PA:0x8001ceeb store:0xe331cfc1 load:0xffffffbc
      367235000	     18260	80003632	9f4c0e13	addi	x28,x24,-1548	 x24:0x8001e711 x28=0x8001e105
      367255000	     18261	80003636	40245b13	srai	x22,x8,0x2	  x8:0x00000004 x22=0x00000001
      367315000	     18264	8000363a	fd6fdd03	lhu	x26,-42(x31)	 x31:0x8001cfb8 x26=0x00004445 PA:0x8001cf8e load:0x00004445
      367335000	     18265	8000363e	f5cfd583	lhu	x11,-164(x31)	 x31:0x8001cfb8 x11=0x0000cecf PA:0x8001cf14 load:0x0000cecf
      367355000	     18266	80003642	8ea6	c.mv	x29,x9	  x0:0x00000000  x9:0x0000b8b9 x29=0x0000b8b9
      367375000	     18267	80003644	f25f8703	lb	x14,-219(x31)	 x31:0x8001cfb8 x14=0xffffff96 PA:0x8001cedd load:0xffffff96
      367615000	     18279	80003648	04df8da3	sb	x13,91(x31)	 x31:0x8001cfb8 x13:0x8f88898a PA:0x8001d013 store:0x8f88898a load:0x000000ff
      367675000	     18282	8000364c	008d0a33	add	x20,x26,x8	 x26:0x00004445  x8:0x00000004 x20=0x00004449
      367735000	     18285	80003650	088f8883	lb	x17,136(x31)	 x31:0x8001cfb8 x17=0xfffffffb PA:0x8001d040 load:0xfffffffb
      367755000	     18286	80003654	b3a2ea13	ori	x20,x5,-1222	  x5:0xffffffc7 x20=0xffffffff
      368175000	     18307	80003658	fe5f9d03	lh	x26,-27(x31)	 x31:0x8001cfb8 x26=0x00005556 PA:0x8001cf9d load:0x00005556
      368215000	     18309	8000365c	03c43833	mulhu	x16,x8,x28	  x8:0x00000004 x28:0x8001e105 x16=0x00000002
      368235000	     18310	80003660	83c9	c.srli	x15,0x12	 x15:0x00000045 x15=0x00000000
      368295000	     18313	80003662	f74fc903	lbu	x18,-140(x31)	 x31:0x8001cfb8 x18=0x000000e7 PA:0x8001cf2c load:0x000000e7
      368315000	     18314	80003666	86a5	c.srai	x13,0x9	 x13:0x8f88898a x13=0xffc7c444
      368415000	     18319	80003668	020afab3	remu	x21,x21,x0	 x21:0x00000000  x0:0x00000000 x21=0x00000000
      369035000	     18350	8000366c	f7efd503	lhu	x10,-130(x31)	 x31:0x8001cfb8 x10=0x0000eced PA:0x8001cf36 load:0x0000eced
      369055000	     18351	80003670	035e	c.slli	x6,0x17	  x6:0xcd146ff1  x6=0xf8800000
      369315000	     18364	80003672	f1bf8d23	sb	x27,-230(x31)	 x31:0x8001cfb8 x27:0x00000000 PA:0x8001ced2 store:0x00000000 load:0x000000ff
      369375000	     18367	80003676	f64fa103	lw	x2,-156(x31)	 x31:0x8001cfb8  x2=0xd4d5d6d7 PA:0x8001cf1c load:0xd4d5d6d7
      369395000	     18368	8000367a	014adbb3	srl	x23,x21,x20	 x21:0x00000000 x20:0xffffffff x23=0x00000000
      369575000	     18377	8000367e	017fab23	sw	x23,22(x31)	 x31:0x8001cfb8 x23:0x00000000 PA:0x8001cfce store:0x00000000 load:0xffffbcbd
      369595000	     18378	80003682	41d4dc33	sra	x24,x9,x29	  x9:0x0000b8b9 x29:0x0000b8b9 x24=0x00000000
      369775000	     18387	80003686	fd7f8603	lb	x12,-41(x31)	 x31:0x8001cfb8 x12=0x00000044 PA:0x8001cf8f load:0x00000044
      370295000	     18413	8000368a	04cfa7a3	sw	x12,79(x31)	 x31:0x8001cfb8 x12:0x00000044 PA:0x8001d007 store:0x00000044 load:0xffffffbc
      370775000	     18437	8000368e	ff5f81a3	sb	x21,-29(x31)	 x31:0x8001cfb8 x21:0x00000000 PA:0x8001cf9b store:0x00000000 load:0x000000ff
      371515000	     18474	80003692	0336ebb3	rem	x23,x13,x19	 x13:0xffc7c444 x19:0x80031e64 x23=0xffc7c444
      371935000	     18495	80003696	f56f9603	lh	x12,-170(x31)	 x31:0x8001cfb8 x12=0xffffc4c5 PA:0x8001cf0e load:0xffffc4c5
      372175000	     18507	8000369a	fdcf94a3	sh	x28,-55(x31)	 x31:0x8001cfb8 x28:0x8001e105 PA:0x8001cf81 store:0x8001e105 load:0x0000ffff
      372435000	     18520	8000369e	fdbf8ea3	sb	x27,-35(x31)	 x31:0x8001cfb8 x27:0x00000000 PA:0x8001cf95 store:0x00000000 load:0x000000ff
      372575000	     18527	800036a2	00ff8323	sb	x15,6(x31)	 x31:0x8001cfb8 x15:0x00000000 PA:0x8001cfbe store:0x00000000 load:0x000000ff
      372615000	     18529	800036a6	034aac33	mulhsu	x24,x21,x20	 x21:0x00000000 x20:0xffffffff x24=0x00000000
      372655000	     18531	800036aa	025f3f33	mulhu	x30,x30,x5	 x30:0x27202122  x5:0xffffffc7 x30=0x27202119
      372675000	     18532	800036ae	8d25	c.xor	x10,x9	 x10:0x0000eced  x9:0x0000b8b9 x10=0x00005454
      373055000	     18551	800036b0	f2bfa6a3	sw	x11,-211(x31)	 x31:0x8001cfb8 x11:0x0000cecf PA:0x8001cee5 store:0x0000cecf load:0xffbcbdbe
      373075000	     18552	800036b4	40f5d813	srai	x16,x11,0xf	 x11:0x0000cecf x16=0x00000001
      373095000	     18553	800036b8	8a784113	xori	x2,x16,-1881	 x16:0x00000001  x2=0xfffff8a6
      373295000	     18563	800036bc	05bfa423	sw	x27,72(x31)	 x31:0x8001cfb8 x27:0x00000000 PA:0x8001d000 store:0x00000000 load:0xffffffff
      373315000	     18564	800036c0	00019197	auipc	x3,0x19	  x3=0x8001c6c0
      373335000	     18565	800036c4	53718193	addi	x3,x3,1335	  x3:0x8001c6c0  x3=0x8001cbf7
      373355000	     18566	800036c8	00026a97	auipc	x21,0x26	 x21=0x800296c8
      373375000	     18567	800036cc	25da8a93	addi	x21,x21,605	 x21:0x800296c8 x21=0x80029925
      373635000	     18580	800036d0	ff819203	lh	x4,-8(x3)	  x3:0x8001cbf7  x4=0xffffaba4 PA:0x8001cbef load:0xffffaba4
      374115000	     18604	800036d4	ff519c23	sh	x21,-8(x3)	  x3:0x8001cbf7 x21:0x80029925 PA:0x8001cbef store:0x80029925 load:0x0000ffa4
      374215000	     18609	800036d8	fee18923	sb	x14,-14(x3)	  x3:0x8001cbf7 x14:0xffffff96 PA:0x8001cbe9 store:0xffffff96 load:0x000000ff
      374475000	     18622	800036dc	f2caa903	lw	x18,-212(x21)	 x21:0x80029925 x18=0x0008090a PA:0x80029851 load:0x0008090a
      374535000	     18625	800036e0	66fa9023	sh	x15,1632(x21)	 x21:0x80029925 x15:0x00000000 PA:0x80029f85 store:0x00000000 load:0x0000ffff
      374875000	     18642	800036e4	00e18323	sb	x14,6(x3)	  x3:0x8001cbf7 x14:0xffffff96 PA:0x8001cbfd store:0xffffff96 load:0x000000ff
      375175000	     18657	800036e8	5f6aa0a3	sw	x22,1505(x21)	 x21:0x80029925 x22:0x00000001 PA:0x80029f06 store:0x00000001 load:0xffff0809
      375255000	     18661	800036ec	00b1a1a3	sw	x11,3(x3)	  x3:0x8001cbf7 x11:0x0000cecf PA:0x8001cbfa store:0x0000cecf load:0xffff0809
      375475000	     18672	800036f0	0a5a9c23	sh	x5,184(x21)	 x21:0x80029925  x5:0xffffffc7 PA:0x800299dd store:0xffffffc7 load:0x0000ffff
      375515000	     18674	800036f4	e0baa923	sw	x11,-494(x21)	 x21:0x80029925 x11:0x0000cecf PA:0x80029737 store:0x0000cecf load:0xffffff08
      375535000	     18675	800036f8	2b7ac283	lbu	x5,695(x21)	 x21:0x80029925  x5=0x00000097 PA:0x80029bdc load:0x00000097
      375555000	     18676	800036fc	007191a3	sh	x7,3(x3)	  x3:0x8001cbf7  x7:0x05060700 PA:0x8001cbfa store:0x05060700 load:0x0000ffff
      375575000	     18677	80003700	220a8103	lb	x2,544(x21)	 x21:0x80029925  x2=0xfffffffe PA:0x80029b45 load:0xfffffffe
      375755000	     18686	80003704	00e1cd83	lbu	x27,14(x3)	  x3:0x8001cbf7 x27=0x000000be PA:0x8001cc05 load:0x000000be
      375975000	     18697	80003708	25aad103	lhu	x2,602(x21)	 x21:0x80029925  x2=0x00003b34 PA:0x80029b7f load:0x00003b34
      376555000	     18726	8000370c	71aa9383	lh	x7,1818(x21)	 x21:0x80029925  x7=0xfffffbf4 PA:0x8002a03f load:0xfffffbf4
      376675000	     18732	80003710	feb18ba3	sb	x11,-9(x3)	  x3:0x8001cbf7 x11:0x0000cecf PA:0x8001cbee store:0x0000cecf load:0x000000ff
      377195000	     18758	80003714	01b19223	sh	x27,4(x3)	  x3:0x8001cbf7 x27:0x000000be PA:0x8001cbfb store:0x000000be load:0x0000fff4
      377495000	     18773	80003718	4f0aad23	sw	x16,1274(x21)	 x21:0x80029925 x16:0x00000001 PA:0x80029e1f store:0x00000001 load:0xfffffff4
      377515000	     18774	8000371c	00019d17	auipc	x26,0x19	 x26=0x8001c71c
      377535000	     18775	80003720	f7ad0d13	addi	x26,x26,-134	 x26:0x8001c71c x26=0x8001c696
      377595000	     18778	80003724	fdad1803	lh	x16,-38(x26)	 x26:0x8001c696 x16=0x00002a2b PA:0x8001c670 load:0x00002a2b
      377875000	     18792	80003728	00bd2ea3	sw	x11,29(x26)	 x26:0x8001c696 x11:0x0000cecf PA:0x8001c6b3 store:0x0000cecf load:0xfffffff4
      377935000	     18795	8000372c	fc5d0003	lb	x0,-59(x26)	 x26:0x8001c696  x0=0x00000000 PA:0x8001c65b load:0x00000010
      378335000	     18815	80003730	fc5d4783	lbu	x15,-59(x26)	 x26:0x8001c696 x15=0x00000010 PA:0x8001c65b load:0x00000010
      378655000	     18831	80003734	ff4d4a83	lbu	x21,-12(x26)	 x26:0x8001c696 x21=0x00000041 PA:0x8001c68a load:0x00000041
      378675000	     18832	80003738	8f69	c.and	x14,x10	 x14:0xffffff96 x10:0x00005454 x14=0x00005414
      378755000	     18836	8000373a	fefd2a23	sw	x15,-12(x26)	 x26:0x8001c696 x15:0x00000010 PA:0x8001c68a store:0x00000010 load:0xfffff4f5
      378895000	     18843	8000373e	039d1703	lh	x14,57(x26)	 x26:0x8001c696 x14=0xffff8b84 PA:0x8001c6cf load:0xffff8b84
      378935000	     18845	80003742	876d	c.srai	x14,0x1b	 x14:0xffff8b84 x14=0xffffffff
      378955000	     18846	80003744	40920eb3	sub	x29,x4,x9	  x4:0xffffaba4  x9:0x0000b8b9 x29=0xfffef2eb
      379535000	     18875	80003748	fc1d5e83	lhu	x29,-63(x26)	 x26:0x8001c696 x29=0x0000130c PA:0x8001c657 load:0x0000130c
      380015000	     18899	8000374c	fc1d0683	lb	x13,-63(x26)	 x26:0x8001c696 x13=0x0000000c PA:0x8001c657 load:0x0000000c
      380195000	     18908	80003750	01ad2aa3	sw	x26,21(x26)	 x26:0x8001c696 x26:0x8001c696 PA:0x8001c6ab store:0x8001c696 load:0xffffff0c
      380215000	     18909	80003754	00020497	auipc	x9,0x20	  x9=0x80023754
      380235000	     18910	80003758	21e48493	addi	x9,x9,542	  x9:0x80023754  x9=0x80023972
      380315000	     18914	8000375c	ff24c683	lbu	x13,-14(x9)	  x9:0x80023972 x13=0x0000001f PA:0x80023964 load:0x0000001f
      380475000	     18922	80003760	0034c303	lbu	x6,3(x9)	  x9:0x80023972  x6=0x0000002e PA:0x80023975 load:0x0000002e
      380495000	     18923	80003764	8dc5	c.or	x11,x9	 x11:0x0000cecf  x9:0x80023972 x11=0x8002ffff
      381135000	     18955	80003766	00b4c003	lbu	x0,11(x9)	  x9:0x80023972  x0=0x00000000 PA:0x8002397d load:0x00000036
      381155000	     18956	8000376a	340adf73	csrrwi	x30,mscratch,21	 x30=0x00000017
      381175000	     18957	8000376e	95e70193	addi	x3,x14,-1698	 x14:0xffffffff  x3=0xfffff95d
      381195000	     18958	80003772	8f55	c.or	x14,x13	 x14:0xffffffff x13:0x0000001f x14=0xffffffff
      381275000	     18962	80003774	01748723	sb	x23,14(x9)	  x9:0x80023972 x23:0xffc7c444 PA:0x80023980 store:0xffc7c444 load:0x000000ff
      381315000	     18964	80003778	02319733	mulh	x14,x3,x3	  x3:0xfffff95d  x3:0xfffff95d x14=0x00000000
      381495000	     18973	8000377c	0018af33	slt	x30,x17,x1	 x17:0xfffffffb  x1:0x0000bfb8 x30=0x00000001
      381955000	     18996	80003780	01e4a123	sw	x30,2(x9)	  x9:0x80023972 x30:0x00000001 PA:0x80023974 store:0x00000001 load:0xffffffff
      382755000	     19036	80003784	0104c803	lbu	x16,16(x9)	  x9:0x80023972 x16=0x00000039 PA:0x80023982 load:0x00000039
      382815000	     19039	80003788	00c48503	lb	x10,12(x9)	  x9:0x80023972 x10=0x00000035 PA:0x8002397e load:0x00000035
      383055000	     19051	8000378c	00f4d383	lhu	x7,15(x9)	  x9:0x80023972  x7=0x0000393a PA:0x80023981 load:0x0000393a
      383075000	     19052	80003790	0a1e	c.slli	x20,0x7	 x20:0xffffffff x20=0xffffff80
      383095000	     19053	80003792	0ff0000f	fence	iorw,iorw	
      383395000	     19068	80003796	ff84c603	lbu	x12,-8(x9)	  x9:0x80023972 x12=0x00000021 PA:0x8002396a load:0x00000021
      383615000	     19079	8000379a	00a48283	lb	x5,10(x9)	  x9:0x80023972  x5=0x00000037 PA:0x8002397c load:0x00000037
      383635000	     19080	8000379e	717d	c.addi16sp	x2,-16	  x2:0x00003b34  x2=0x00003b24
      383915000	     19094	800037a0	340b2af3	csrrs	x21,mscratch,x22	 x22:0x00000001 x21=0x00000015
      383975000	     19097	800037a4	00e49e03	lh	x28,14(x9)	  x9:0x80023972 x28=0x00003a44 PA:0x80023980 load:0x00003a44
      384375000	     19117	800037a8	00249a03	lh	x20,2(x9)	  x9:0x80023972 x20=0x00000001 PA:0x80023974 load:0x00000001
      384475000	     19122	800037ac	fec49d23	sh	x12,-6(x9)	  x9:0x80023972 x12:0x00000021 PA:0x8002396c store:0x00000021 load:0x0000ffff
      384515000	     19124	800037b0	02daa0b3	mulhsu	x1,x21,x13	 x21:0x00000015 x13:0x0000001f  x1=0x00000000
      384675000	     19132	800037b4	0054c383	lbu	x7,5(x9)	  x9:0x80023972  x7=0x00000000 PA:0x80023977 load:0x00000000
      384695000	     19133	800037b8	00e891b3	sll	x3,x17,x14	 x17:0xfffffffb x14:0x00000000  x3=0xfffffffb
      384715000	     19134	800037bc	0054ce83	lbu	x29,5(x9)	  x9:0x80023972 x29=0x00000000 PA:0x80023977 load:0x00000000
      384735000	     19135	800037c0	34003c73	csrrc	x24,mscratch,x0	  x0:0x00000000 x24=0x00000015
      384755000	     19136	800037c4	0ff0000f	fence	iorw,iorw	
      384775000	     19137	800037c8	0155b0b3	sltu	x1,x11,x21	 x11:0x8002ffff x21:0x00000015  x1=0x00000000
      384795000	     19138	800037cc	34041673	csrrw	x12,mscratch,x8	  x8:0x00000004 x12=0x00000015
      385375000	     19167	800037d0	ff54aca3	sw	x21,-7(x9)	  x9:0x80023972 x21:0x00000015 PA:0x8002396b store:0x00000015 load:0xffffff0c
      385795000	     19188	800037d4	ffe4a603	lw	x12,-2(x9)	  x9:0x80023972 x12=0x28292a2b PA:0x80023970 load:0x28292a2b
      386195000	     19208	800037d8	fff4a103	lw	x2,-1(x9)	  x9:0x80023972  x2=0x0128292a PA:0x80023971 load:0x0128292a
      386215000	     19209	800037dc	8691	c.srai	x13,0x4	 x13:0x0000001f x13=0x00000001
      386675000	     19232	800037de	00248523	sb	x2,10(x9)	  x9:0x80023972  x2:0x0128292a PA:0x8002397c store:0x0128292a load:0x000000ff
      386735000	     19235	800037e2	00248503	lb	x10,2(x9)	  x9:0x80023972 x10=0x00000001 PA:0x80023974 load:0x00000001
      386795000	     19238	800037e6	ff048203	lb	x4,-16(x9)	  x9:0x80023972  x4=0x00000019 PA:0x80023962 load:0x00000019
      387035000	     19250	800037ea	ffd4d103	lhu	x2,-3(x9)	  x9:0x80023972  x2=0x00002b24 PA:0x8002396f load:0x00002b24
      387055000	     19251	800037ee	ff448683	lb	x13,-12(x9)	  x9:0x80023972 x13=0x0000001d PA:0x80023966 load:0x0000001d
      387375000	     19267	800037f2	00b48e83	lb	x29,11(x9)	  x9:0x80023972 x29=0x00000036 PA:0x8002397d load:0x00000036
      387395000	     19268	800037f6	8fdd	c.or	x15,x15	 x15:0x00000010 x15:0x00000010 x15=0x00000010
      387415000	     19269	800037f8	8fb5	c.xor	x15,x13	 x15:0x00000010 x13:0x0000001d x15=0x0000000d
      387435000	     19270	800037fa	017f5eb3	srl	x29,x30,x23	 x30:0x00000001 x23:0xffc7c444 x29=0x00000000
      387475000	     19272	800037fe	0348b133	mulhu	x2,x17,x20	 x17:0xfffffffb x20:0x00000001  x2=0x00000000
      387535000	     19275	80003802	00548f83	lb	x31,5(x9)	  x9:0x80023972 x31=0x00000000 PA:0x80023977 load:0x00000000
      387555000	     19276	80003806	0104d183	lhu	x3,16(x9)	  x9:0x80023972  x3=0x00003839 PA:0x80023982 load:0x00003839
      387575000	     19277	8000380a	81e1	c.srli	x11,0x18	 x11:0x8002ffff x11=0x00000080
      387595000	     19278	8000380c	66ed	c.lui	x13,0x1b	 x13=0x0001b000
      388395000	     19318	8000380e	ffc4d703	lhu	x14,-4(x9)	  x9:0x80023972 x14=0x00002400 PA:0x8002396e load:0x00002400
      388415000	     19319	80003812	01431db3	sll	x27,x6,x20	  x6:0x0000002e x20:0x00000001 x27=0x0000005c
      388515000	     19324	80003816	ff848283	lb	x5,-8(x9)	  x9:0x80023972  x5=0x00000021 PA:0x8002396a load:0x00000021
      388535000	     19325	8000381a	4b15	c.li	x22,5	 x22=0x00000005
      388635000	     19330	8000381c	0144c833	xor	x16,x9,x20	  x9:0x80023972 x20:0x00000001 x16=0x80023973
      388675000	     19332	80003820	036e9fb3	mulh	x31,x29,x22	 x29:0x00000000 x22:0x00000005 x31=0x00000000
      388775000	     19337	80003824	00648b83	lb	x23,6(x9)	  x9:0x80023972 x23=0x00000033 PA:0x80023978 load:0x00000033
      388795000	     19338	80003828	0001c797	auipc	x15,0x1c	 x15=0x8001f828
      388815000	     19339	8000382c	51c78793	addi	x15,x15,1308	 x15:0x8001f828 x15=0x8001fd44
      389075000	     19352	80003830	84fe	c.mv	x9,x31	  x0:0x00000000 x31:0x00000000  x9=0x00000000
      389235000	     19360	80003832	fd27de83	lhu	x29,-46(x15)	 x15:0x8001fd44 x29=0x0000cccd PA:0x8001fd16 load:0x0000cccd
      389555000	     19376	80003836	8b4dc193	xori	x3,x27,-1868	 x27:0x0000005c  x3=0xfffff8e8
      389575000	     19377	8000383a	40de5813	srai	x16,x28,0xd	 x28:0x00003a44 x16=0x00000001
      389855000	     19391	8000383e	ff87aa03	lw	x20,-8(x15)	 x15:0x8001fd44 x20=0xf4f5f6f7 PA:0x8001fd3c load:0xf4f5f6f7
      389875000	     19392	80003842	fec7d383	lhu	x7,-20(x15)	 x15:0x8001fd44  x7=0x0000eaeb PA:0x8001fd30 load:0x0000eaeb
      390255000	     19411	80003846	007c5533	srl	x10,x24,x7	 x24:0x00000015  x7:0x0000eaeb x10=0x00000000
      390275000	     19412	8000384a	6115	c.addi16sp	x2,288	  x2:0x00000000  x2=0x00000120
      390335000	     19415	8000384c	0167aa23	sw	x22,20(x15)	 x15:0x8001fd44 x22:0x00000005 PA:0x8001fd58 store:0x00000005 load:0xffffffff
      390355000	     19416	80003850	003fc033	xor	x0,x31,x3	 x31:0x00000000  x3:0xfffff8e8  x0=0x00000000
      390675000	     19432	80003854	01435013	srli	x0,x6,0x14	  x6:0x0000002e  x0=0x00000000
      390695000	     19433	80003858	0043df33	srl	x30,x7,x4	  x7:0x0000eaeb  x4:0x00000019 x30=0x00000000
      391435000	     19470	8000385c	02cb68b3	rem	x17,x22,x12	 x22:0x00000005 x12:0x28292a2b x17=0x00000005
      391915000	     19494	80003860	03d7aba3	sw	x29,55(x15)	 x15:0x8001fd44 x29:0x0000cccd PA:0x8001fd7b store:0x0000cccd load:0xffffff24
      391935000	     19495	80003864	406f5913	srai	x18,x30,0x6	 x30:0x00000000 x18=0x00000000
      391975000	     19497	80003868	03442033	mulhsu	x0,x8,x20	  x8:0x00000004 x20:0xf4f5f6f7  x0=0x00000000
      391995000	     19498	8000386c	014d7333	and	x6,x26,x20	 x26:0x8001c696 x20:0xf4f5f6f7  x6=0x8001c696
      392715000	     19534	80003870	03b7d203	lhu	x4,59(x15)	 x15:0x8001fd44  x4=0x00003b34 PA:0x8001fd7f load:0x00003b34
      392835000	     19540	80003874	0237ab03	lw	x22,35(x15)	 x15:0x8001fd44 x22=0x2122231c PA:0x8001fd67 load:0x2122231c
      392855000	     19541	80003878	9a7d	c.andi	x12,-1	 x12:0x28292a2b x12=0x28292a2b
      392875000	     19542	8000387a	0001	c.addi	x0,0	  x0:0x00000000  x0=0x00000000
      392895000	     19543	8000387c	00a894b3	sll	x9,x17,x10	 x17:0x00000005 x10:0x00000000  x9=0x00000005
      392915000	     19544	80003880	8365	c.srli	x14,0x19	 x14:0x00002400 x14=0x00000000
      393115000	     19554	80003882	0087aea3	sw	x8,29(x15)	 x15:0x8001fd44  x8:0x00000004 PA:0x8001fd61 store:0x00000004 load:0xff1c1d1e
      393135000	     19555	80003886	863fa513	slti	x10,x31,-1949	 x31:0x00000000 x10=0x00000000
      393195000	     19558	8000388a	fcc79a83	lh	x21,-52(x15)	 x15:0x8001fd44 x21=0xffffcacb PA:0x8001fd10 load:0xffffcacb
      393215000	     19559	8000388e	0001	c.addi	x0,0	  x0:0x00000000  x0=0x00000000
      393235000	     19560	80003890	00953633	sltu	x12,x10,x9	 x10:0x00000000  x9:0x00000005 x12=0x00000001
      393755000	     19586	80003894	01f7c803	lbu	x16,31(x15)	 x15:0x8001fd44 x16=0x00000000 PA:0x8001fd63 load:0x00000000
      394515000	     19624	80003898	fd27a8a3	sw	x18,-47(x15)	 x15:0x8001fd44 x18:0x00000000 PA:0x8001fd15 store:0x00000000 load:0xff1c1d1e
      394535000	     19625	8000389c	0150a733	slt	x14,x1,x21	  x1:0x00000000 x21:0xffffcacb x14=0x00000000
      394595000	     19628	800038a0	ff07cb03	lbu	x22,-16(x15)	 x15:0x8001fd44 x22=0x000000ef PA:0x8001fd34 load:0x000000ef
      394615000	     19629	800038a4	03968ab3	mul	x21,x13,x25	 x13:0x0001b000 x25:0x80035ce4 x21=0xacc0c000
      394635000	     19630	800038a8	0123ffb3	and	x31,x7,x18	  x7:0x0000eaeb x18:0x00000000 x31=0x00000000
      394675000	     19632	800038ac	031fb8b3	mulhu	x17,x31,x17	 x31:0x00000000 x17:0x00000005 x17=0x00000000
      395415000	     19669	800038b0	0255e4b3	rem	x9,x11,x5	 x11:0x00000080  x5:0x00000021  x9=0x0000001d
      395655000	     19681	800038b4	fd578183	lb	x3,-43(x15)	 x15:0x8001fd44  x3=0xffffffd2 PA:0x8001fd19 load:0xffffffd2
      395715000	     19684	800038b8	01478a83	lb	x21,20(x15)	 x15:0x8001fd44 x21=0x00000005 PA:0x8001fd58 load:0x00000005
      396055000	     19701	800038bc	0017a683	lw	x13,1(x15)	 x15:0x8001fd44 x13=0x03fcfdfe PA:0x8001fd45 load:0x03fcfdfe
      396515000	     19724	800038c0	fd678503	lb	x10,-42(x15)	 x15:0x8001fd44 x10=0xffffffd1 PA:0x8001fd1a load:0xffffffd1
      396695000	     19733	800038c4	0267d703	lhu	x14,38(x15)	 x15:0x8001fd44 x14=0x00002021 PA:0x8001fd6a load:0x00002021
      396715000	     19734	800038c8	22050393	addi	x7,x10,544	 x10:0xffffffd1  x7=0x000001f1
      396735000	     19735	800038cc	920e	c.add	x4,x3	  x4:0x00003b34  x3:0xffffffd2  x4=0x00003b06
      396755000	     19736	800038ce	01ce5013	srli	x0,x28,0x1c	 x28:0x00003a44  x0=0x00000000
      396775000	     19737	800038d2	8f69	c.and	x14,x10	 x14:0x00002021 x10:0xffffffd1 x14=0x00002001
      396795000	     19738	800038d4	0ad771b7	lui	x3,0xad77	  x3=0x0ad77000
      396855000	     19741	800038d8	01879083	lh	x1,24(x15)	 x15:0x8001fd44  x1=0x00001617 PA:0x8001fd5c load:0x00001617
      397015000	     19749	800038dc	fec79f03	lh	x30,-20(x15)	 x15:0x8001fd44 x30=0xffffeaeb PA:0x8001fd30 load:0xffffeaeb
      397515000	     19774	800038e0	fc07a083	lw	x1,-64(x15)	 x15:0x8001fd44  x1=0xbcbdbebf PA:0x8001fd04 load:0xbcbdbebf
      397615000	     19779	800038e4	9606	c.add	x12,x1	 x12:0x00000001  x1:0xbcbdbebf x12=0xbcbdbec0
      397775000	     19787	800038e6	03979903	lh	x18,57(x15)	 x15:0x8001fd44 x18=0x00000000 PA:0x8001fd7d load:0x00000000
      397795000	     19788	800038ea	00019117	auipc	x2,0x19	  x2=0x8001c8ea
      397935000	     19795	800038ee	46810113	addi	x2,x2,1128	  x2:0x8001c8ea  x2=0x8001cd52
      398215000	     19809	800038f2	07e11da3	sh	x30,123(x2)	  x2:0x8001cd52 x30:0xffffeaeb PA:0x8001cdcd store:0xffffeaeb load:0x0000ffff
      398515000	     19824	800038f6	f2d11a83	lh	x21,-211(x2)	  x2:0x8001cd52 x21=0x00003b34 PA:0x8001cc7f load:0x00003b34
      398535000	     19825	800038fa	f5c10f83	lb	x31,-164(x2)	  x2:0x8001cd52 x31=0x00000065 PA:0x8001ccae load:0x00000065
      398555000	     19826	800038fe	01796733	or	x14,x18,x23	 x18:0x00000000 x23:0x00000033 x14=0x00000033
      398575000	     19827	80003902	8ccd	c.or	x9,x11	  x9:0x0000001d x11:0x00000080  x9=0x0000009d
      398595000	     19828	80003904	8f39	c.xor	x14,x14	 x14:0x00000033 x14:0x00000033 x14=0x00000000
      398615000	     19829	80003906	41be8393	addi	x7,x29,1051	 x29:0x0000cccd  x7=0x0000d0e8
      398675000	     19832	8000390a	11510023	sb	x21,256(x2)	  x2:0x8001cd52 x21:0x00003b34 PA:0x8001ce52 store:0x00003b34 load:0x000000ff
      399015000	     19849	8000390e	09811923	sh	x24,146(x2)	  x2:0x8001cd52 x24:0x00000015 PA:0x8001cde4 store:0x00000015 load:0x0000ffff
      399555000	     19876	80003912	00d12ca3	sw	x13,25(x2)	  x2:0x8001cd52 x13:0x03fcfdfe PA:0x8001cd6b store:0x03fcfdfe load:0xffffff34
      399575000	     19877	80003916	8fa2	c.mv	x31,x8	  x0:0x00000000  x8:0x00000004 x31=0x00000004
      399715000	     19884	80003918	f39118a3	sh	x25,-207(x2)	  x2:0x8001cd52 x25:0x80035ce4 PA:0x8001cc83 store:0x80035ce4 load:0x0000ff34
      399735000	     19885	8000391c	34066073	csrrsi	x0,mscratch,12	  x0=0x00000000
      399755000	     19886	80003920	34006d73	csrrsi	x26,mscratch,0	 x26=0x0000000c
      399815000	     19889	80003924	f1f14f03	lbu	x30,-225(x2)	  x2:0x8001cd52 x30=0x0000002a PA:0x8001cc71 load:0x0000002a
      399975000	     19897	80003928	0c010a23	sb	x0,212(x2)	  x2:0x8001cd52  x0:0x00000000 PA:0x8001ce26 store:0x00000000 load:0x000000ff
      399995000	     19898	8000392c	003422b3	slt	x5,x8,x3	  x8:0x00000004  x3:0x0ad77000  x5=0x00000001
      400735000	     19935	80003930	038e6a33	rem	x20,x28,x24	 x28:0x00003a44 x24:0x00000015 x20=0x00000006
      400755000	     19936	80003934	41895a33	sra	x20,x18,x24	 x18:0x00000000 x24:0x00000015 x20=0x00000000
      400775000	     19937	80003938	fbef0f13	addi	x30,x30,-66	 x30:0x0000002a x30=0xffffffe8
      400795000	     19938	8000393c	3403d373	csrrwi	x6,mscratch,7	  x6=0x0000000c
      400815000	     19939	80003940	3404a373	csrrs	x6,mscratch,x9	  x9:0x0000009d  x6=0x00000007
      400895000	     19943	80003944	52d6	c.lwsp	x5,116(x2)	  x2:0x8001cd52  x5=0x82837c7d PA:0x8001cdc6 load:0x82837c7d
      400915000	     19944	80003946	f0d10383	lb	x7,-243(x2)	  x2:0x8001cd52  x7=0x00000014 PA:0x8001cc5f load:0x00000014
      400975000	     19947	8000394a	02773933	mulhu	x18,x14,x7	 x14:0x00000000  x7:0x00000014 x18=0x00000000
      401715000	     19984	8000394e	0275c6b3	div	x13,x11,x7	 x11:0x00000080  x7:0x00000014 x13=0x00000006
      402255000	     20011	80003952	f1411383	lh	x7,-236(x2)	  x2:0x8001cd52  x7=0x00001c1d PA:0x8001cc66 load:0x00001c1d
      402315000	     20014	80003956	f8810b03	lb	x22,-120(x2)	  x2:0x8001cd52 x22=0xffffff91 PA:0x8001ccda load:0xffffff91
      402335000	     20015	8000395a	8379	c.srli	x14,0x1e	 x14:0x00000000 x14=0x00000000
      402355000	     20016	8000395c	d0234d13	xori	x26,x6,-766	  x6:0x00000007 x26=0xfffffd05
      402535000	     20025	80003960	00e15e83	lhu	x29,14(x2)	  x2:0x8001cd52 x29=0x00001a1b PA:0x8001cd60 load:0x00001a1b
      402755000	     20036	80003964	f9711ea3	sh	x23,-99(x2)	  x2:0x8001cd52 x23:0x00000033 PA:0x8001ccef store:0x00000033 load:0x0000ff7c
      402775000	     20037	80003968	4aa58e93	addi	x29,x11,1194	 x11:0x00000080 x29=0x0000052a
      402795000	     20038	8000396c	78f6cc13	xori	x24,x13,1935	 x13:0x00000006 x24=0x00000789
      402815000	     20039	80003970	0001	c.addi	x0,0	  x0:0x00000000  x0=0x00000000
      403135000	     20055	80003972	fcc15e83	lhu	x29,-52(x2)	  x2:0x8001cd52 x29=0x0000d4d5 PA:0x8001cd1e load:0x0000d4d5
      403275000	     20062	80003976	0fe107a3	sb	x30,239(x2)	  x2:0x8001cd52 x30:0xffffffe8 PA:0x8001ce41 store:0xffffffe8 load:0x000000ff
      403335000	     20065	8000397a	fcc11b03	lh	x22,-52(x2)	  x2:0x8001cd52 x22=0xffffd4d5 PA:0x8001cd1e load:0xffffd4d5
      403355000	     20066	8000397e	07f11ba3	sh	x31,119(x2)	  x2:0x8001cd52 x31:0x00000004 PA:0x8001cdc9 store:0x00000004 load:0x0000ffff
      403375000	     20067	80003982	8d8d	c.sub	x11,x11	 x11:0x00000080 x11:0x00000080 x11=0x00000000
      403555000	     20076	80003984	0d712283	lw	x5,215(x2)	  x2:0x8001cd52  x5=0xe7e0e1e2 PA:0x8001ce29 load:0xe7e0e1e2
      403575000	     20077	80003988	0001a797	auipc	x15,0x1a	 x15=0x8001d988
      403595000	     20078	8000398c	5bd78793	addi	x15,x15,1469	 x15:0x8001d988 x15=0x8001df45
      403615000	     20079	80003990	00019717	auipc	x14,0x19	 x14=0x8001c990
      403635000	     20080	80003994	03370713	addi	x14,x14,51	 x14:0x8001c990 x14=0x8001c9c3
      403675000	     20082	80003998	02370d03	lb	x26,35(x14)	 x14:0x8001c9c3 x26=0xffffff9d PA:0x8001c9e6 load:0xffffff9d
      403895000	     20093	8000399c	01b7a183	lw	x3,27(x15)	 x15:0x8001df45  x3=0x18191a1b PA:0x8001df60 load:0x18191a1b
      403955000	     20096	800039a0	00975003	lhu	x0,9(x14)	 x14:0x8001c9c3  x0=0x00000000 PA:0x8001c9cc load:0x00008687
      403975000	     20097	800039a4	015793a3	sh	x21,7(x15)	 x15:0x8001df45 x21:0x00003b34 PA:0x8001df4c store:0x00003b34 load:0x0000ffff
      404415000	     20119	800039a8	ffb72383	lw	x7,-5(x14)	 x14:0x8001c9c3  x7=0x7a7b7475 PA:0x8001c9be load:0x7a7b7475
      404635000	     20130	800039ac	fde72083	lw	x1,-34(x14)	 x14:0x8001c9c3  x1=0x5f58595a PA:0x8001c9a1 load:0x5f58595a
      404715000	     20134	800039b0	0387c903	lbu	x18,56(x15)	 x15:0x8001df45 x18=0x00000036 PA:0x8001df7d load:0x00000036
      404855000	     20141	800039b4	009729a3	sw	x9,19(x14)	 x14:0x8001c9c3  x9:0x0000009d PA:0x8001c9d6 store:0x0000009d load:0xffff5859
      405015000	     20149	800039b8	fd97c203	lbu	x4,-39(x15)	 x15:0x8001df45  x4=0x000000d5 PA:0x8001df1e load:0x000000d5
      405335000	     20165	800039bc	03b78823	sb	x27,48(x15)	 x15:0x8001df45 x27:0x0000005c PA:0x8001df75 store:0x0000005c load:0x000000ff
      405415000	     20169	800039c0	d314	c.sw	x13,32(x14)	 x14:0x8001c9c3 x13:0x00000006 PA:0x8001c9e3 store:0x00000006 load:0xffffff58
      405555000	     20176	800039c2	02878d03	lb	x26,40(x15)	 x15:0x8001df45 x26=0x00000026 PA:0x8001df6d load:0x00000026
      405635000	     20180	800039c6	fe87a883	lw	x17,-24(x15)	 x15:0x8001df45 x17=0xebe4e5e6 PA:0x8001df2d load:0xebe4e5e6
      405675000	     20182	800039ca	ff47a883	lw	x17,-12(x15)	 x15:0x8001df45 x17=0xf7f0f1f2 PA:0x8001df39 load:0xf7f0f1f2
      405775000	     20187	800039ce	fdd7ce83	lbu	x29,-35(x15)	 x15:0x8001df45 x29=0x000000d9 PA:0x8001df22 load:0x000000d9
      405935000	     20195	800039d2	02870b23	sb	x8,54(x14)	 x14:0x8001c9c3  x8:0x00000004 PA:0x8001c9f9 store:0x00000004 load:0x000000ff
      405955000	     20196	800039d6	02775a83	lhu	x21,39(x14)	 x14:0x8001c9c3 x21=0x0000a0a1 PA:0x8001c9ea load:0x0000a0a1
      406075000	     20202	800039da	ff97a0a3	sw	x25,-31(x15)	 x15:0x8001df45 x25:0x80035ce4 PA:0x8001df26 store:0x80035ce4 load:0xfffff0f1
      406295000	     20213	800039de	01a71203	lh	x4,26(x14)	 x14:0x8001c9c3  x4=0xffff9596 PA:0x8001c9dd load:0xffff9596
      406315000	     20214	800039e2	00019317	auipc	x6,0x19	  x6=0x8001c9e2
      406335000	     20215	800039e6	42630313	addi	x6,x6,1062	  x6:0x8001c9e2  x6=0x8001ce08
      406355000	     20216	800039ea	7b770e37	lui	x28,0x7b770	 x28=0x7b770000
      406635000	     20230	800039ee	92a34d03	lbu	x26,-1750(x6)	  x6:0x8001ce08 x26=0x000000e9 PA:0x8001c732 load:0x000000e9
      406675000	     20232	800039f2	92a30d03	lb	x26,-1750(x6)	  x6:0x8001ce08 x26=0xffffffe9 PA:0x8001c732 load:0xffffffe9
      406695000	     20233	800039f6	005adb33	srl	x22,x21,x5	 x21:0x0000a0a1  x5:0xe7e0e1e2 x22=0x00002828
      406895000	     20243	800039fa	92a30a03	lb	x20,-1750(x6)	  x6:0x8001ce08 x20=0xffffffe9 PA:0x8001c732 load:0xffffffe9
      406975000	     20247	800039fe	bd832083	lw	x1,-1064(x6)	  x6:0x8001ce08  x1=0x06999a9b PA:0x8001c9e0 load:0x06999a9b
      406995000	     20248	80003a02	011cd713	srli	x14,x25,0x11	 x25:0x80035ce4 x14=0x00004001
      407435000	     20270	80003a06	bd830003	lb	x0,-1064(x6)	  x6:0x8001ce08  x0=0x00000000 PA:0x8001c9e0 load:0xffffff9b
      407475000	     20272	80003a0a	84335d83	lhu	x27,-1981(x6)	  x6:0x8001ce08 x27=0x00000700 PA:0x8001c64b load:0x00000700
      430675000	     21432	80003a0e	b223a893	slti	x17,x7,-1246	  x7:0x7a7b7475 x17=0x00000000
      431275000	     21462	80003a12	85c321a3	sw	x28,-1981(x6)	  x6:0x8001ce08 x28:0x7b770000 PA:0x8001c64b store:0x7b770000 load:0xffffff00
      431615000	     21479	80003a16	84332083	lw	x1,-1981(x6)	  x6:0x8001ce08  x1=0x7b770000 PA:0x8001c64b load:0x7b770000
      432415000	     21519	80003a1a	84335683	lhu	x13,-1981(x6)	  x6:0x8001ce08 x13=0x00000000 PA:0x8001c64b load:0x00000000
      432495000	     21523	80003a1e	841321a3	sw	x1,-1981(x6)	  x6:0x8001ce08  x1:0x7b770000 PA:0x8001c64b store:0x7b770000 load:0xffffff00
      432595000	     21528	80003a22	1c134083	lbu	x1,449(x6)	  x6:0x8001ce08  x1=0x00000082 PA:0x8001cfc9 load:0x00000082
      432875000	     21542	80003a26	1c130903	lb	x18,449(x6)	  x6:0x8001ce08 x18=0xffffff82 PA:0x8001cfc9 load:0xffffff82
      433375000	     21567	80003a2a	829328a3	sw	x9,-1999(x6)	  x6:0x8001ce08  x9:0x0000009d PA:0x8001c639 store:0x0000009d load:0xff000102
      433435000	     21570	80003a2e	83130483	lb	x9,-1999(x6)	  x6:0x8001ce08  x9=0xffffff9d PA:0x8001c639 load:0xffffff9d
      433455000	     21571	80003a32	0001b117	auipc	x2,0x1b	  x2=0x8001ea32
      433475000	     21572	80003a36	eae10113	addi	x2,x2,-338	  x2:0x8001ea32  x2=0x8001e8e0
      433495000	     21573	80003a3a	411d5293	srai	x5,x26,0x11	 x26:0xffffffe9  x5=0xffffffff
      433515000	     21574	80003a3e	89c88e93	addi	x29,x17,-1892	 x17:0x00000000 x29=0xfffff89c
      433995000	     21598	80003a42	3a212303	lw	x6,930(x2)	  x2:0x8001e8e0  x6=0x3e3f3839 PA:0x8001ec82 load:0x3e3f3839
      434235000	     21610	80003a46	95a10a83	lb	x21,-1702(x2)	  x2:0x8001e8e0 x21=0xfffffff1 PA:0x8001e23a load:0xfffffff1
      434295000	     21613	80003a4a	fdd14783	lbu	x15,-35(x2)	  x2:0x8001e8e0 x15=0x00000076 PA:0x8001e8bd load:0x00000076
      434315000	     21614	80003a4e	ec5db193	sltiu	x3,x27,-315	 x27:0x00000700  x3=0x00000001
      434335000	     21615	80003a52	612fa293	slti	x5,x31,1554	 x31:0x00000004  x5=0x00000001
      434455000	     21621	80003a56	63515283	lhu	x5,1589(x2)	  x2:0x8001e8e0  x5=0x0000cdce PA:0x8001ef15 load:0x0000cdce
      434575000	     21627	80003a5a	24c15303	lhu	x6,588(x2)	  x2:0x8001e8e0  x6=0x0000e6e7 PA:0x8001eb2c load:0x0000e6e7
      434975000	     21647	80003a5e	6a810683	lb	x13,1704(x2)	  x2:0x8001e8e0 x13=0x00000043 PA:0x8001ef88 load:0x00000043
      434995000	     21648	80003a62	0001	c.addi	x0,0	  x0:0x00000000  x0=0x00000000
      435135000	     21655	80003a64	67e12aa3	sw	x30,1653(x2)	  x2:0x8001e8e0 x30:0xffffffe8 PA:0x8001ef55 store:0xffffffe8 load:0xff38393a
      435155000	     21656	80003a68	8cad	c.xor	x9,x11	  x9:0xffffff9d x11:0x00000000  x9=0xffffff9d
      435175000	     21657	80003a6a	40acddb3	sra	x27,x25,x10	 x25:0x80035ce4 x10:0xffffffd1 x27=0xffffc001
      435735000	     21685	80003a6e	2ae15b03	lhu	x22,686(x2)	  x2:0x8001e8e0 x22=0x00004445 PA:0x8001eb8e load:0x00004445
      435815000	     21689	80003a72	c87110a3	sh	x7,-895(x2)	  x2:0x8001e8e0  x7:0x7a7b7475 PA:0x8001e561 store:0x7a7b7475 load:0x0000ffff
      435835000	     21690	80003a76	0ff0000f	fence	iorw,iorw	
      435855000	     21691	80003a7a	1acae813	ori	x16,x21,428	 x21:0xfffffff1 x16=0xfffffffd
      435995000	     21698	80003a7e	01639693	slli	x13,x7,0x16	  x7:0x7a7b7475 x13=0x1d400000
      436235000	     21710	80003a82	725124a3	sw	x5,1833(x2)	  x2:0x8001e8e0  x5:0x0000cdce PA:0x8001f009 store:0x0000cdce load:0xff38393a
      436655000	     21731	80003a86	91d120a3	sw	x29,-1791(x2)	  x2:0x8001e8e0 x29:0xfffff89c PA:0x8001e1e1 store:0xfffff89c load:0xff38393a
      437115000	     21754	80003a8a	4c615083	lhu	x1,1222(x2)	  x2:0x8001e8e0  x1=0x00005c5d PA:0x8001eda6 load:0x00005c5d
      437135000	     21755	80003a8e	8f71	c.and	x14,x12	 x14:0x00004001 x12:0xbcbdbec0 x14=0x00000000
      437195000	     21758	80003a90	b4810223	sb	x8,-1212(x2)	  x2:0x8001e8e0  x8:0x00000004 PA:0x8001e424 store:0x00000004 load:0x000000ff
      437215000	     21759	80003a94	b9338293	addi	x5,x7,-1133	  x7:0x7a7b7475  x5=0x7a7b7008
      437955000	     21796	80003a98	0353f1b3	remu	x3,x7,x21	  x7:0x7a7b7475 x21:0xfffffff1  x3=0x7a7b7475
      437975000	     21797	80003a9c	0000100f	fence.i	
      438135000	     21805	80003aa0	ebe12da3	sw	x30,-325(x2)	  x2:0x8001e8e0 x30:0xffffffe8 PA:0x8001e79b store:0xffffffe8 load:0xffffff38
      438355000	     21816	80003aa4	95314d03	lbu	x26,-1709(x2)	  x2:0x8001e8e0 x26=0x000000e8 PA:0x8001e233 load:0x000000e8
      438435000	     21820	80003aa8	340de6f3	csrrsi	x13,mscratch,27	 x13=0x0000009f
      439255000	     21861	80003aac	024be633	rem	x12,x23,x4	 x23:0x00000033  x4:0xffff9596 x12=0x00000033
      439275000	     21862	80003ab0	8799	c.srai	x15,0x6	 x15:0x00000076 x15=0x00000001
      439775000	     21887	80003ab2	b5b11d83	lh	x27,-1189(x2)	  x2:0x8001e8e0 x27=0xfffff7f0 PA:0x8001e43b load:0xfffff7f0
      440515000	     21924	80003ab6	03957eb3	remu	x29,x10,x25	 x10:0xffffffd1 x25:0x80035ce4 x29=0x7ffca2ed
      440535000	     21925	80003aba	002f2d33	slt	x26,x30,x2	 x30:0xffffffe8  x2:0x8001e8e0 x26=0x00000000
      440595000	     21928	80003abe	74610e23	sb	x6,1884(x2)	  x2:0x8001e8e0  x6:0x0000e6e7 PA:0x8001f03c store:0x0000e6e7 load:0x000000ff
      440615000	     21929	80003ac2	22345897	auipc	x17,0x22345	 x17=0xa2348ac2
      440815000	     21939	80003ac6	36315803	lhu	x16,867(x2)	  x2:0x8001e8e0 x16=0x0000fff8 PA:0x8001ec43 load:0x0000fff8
      440955000	     21946	80003aca	8f110723	sb	x17,-1810(x2)	  x2:0x8001e8e0 x17:0xa2348ac2 PA:0x8001e1ce store:0xa2348ac2 load:0x000000ff
      440975000	     21947	80003ace	5efd	c.li	x29,-1	 x29=0xffffffff
      440995000	     21948	80003ad0	ccb8af13	slti	x30,x17,-821	 x17:0xa2348ac2 x30=0x00000001
      441055000	     21951	80003ad4	bcc12783	lw	x15,-1076(x2)	  x2:0x8001e8e0 x15=0x64656667 PA:0x8001e4ac load:0x64656667
      441075000	     21952	80003ad8	00022197	auipc	x3,0x22	  x3=0x80025ad8
      441095000	     21953	80003adc	78718193	addi	x3,x3,1927	  x3:0x80025ad8  x3=0x8002625f
      441335000	     21965	80003ae0	fdf19b83	lh	x23,-33(x3)	  x3:0x8002625f x23=0xfffff4f5 PA:0x8002623e load:0xfffff4f5
      441995000	     21998	80003ae4	0081a5a3	sw	x8,11(x3)	  x3:0x8002625f  x8:0x00000004 PA:0x8002626a store:0x00000004 load:0xfffff8f9
      442015000	     21999	80003ae8	0001	c.addi	x0,0	  x0:0x00000000  x0=0x00000000
      442035000	     22000	80003aea	01e5da13	srli	x20,x11,0x1e	 x11:0x00000000 x20=0x00000000
      442055000	     22001	80003aee	00b8efb3	or	x31,x17,x11	 x17:0xa2348ac2 x11:0x00000000 x31=0xa2348ac2
      442075000	     22002	80003af2	8d5d	c.or	x10,x15	 x10:0xffffffd1 x15:0x64656667 x10=0xfffffff7
      442255000	     22011	80003af4	fd61c683	lbu	x13,-42(x3)	  x3:0x8002625f x13=0x000000ee PA:0x80026235 load:0x000000ee
      442275000	     22012	80003af8	8f6b3693	sltiu	x13,x22,-1802	 x22:0x00004445 x13=0x00000001
      442735000	     22035	80003afc	01a1de83	lhu	x29,26(x3)	  x3:0x8002625f x29=0x00003132 PA:0x80026279 load:0x00003132
      443155000	     22056	80003b00	01018423	sb	x16,8(x3)	  x3:0x8002625f x16:0x0000fff8 PA:0x80026267 store:0x0000fff8 load:0x000000ff
      443175000	     22057	80003b04	015e44b3	xor	x9,x28,x21	 x28:0x7b770000 x21:0xfffffff1  x9=0x8488fff1
      443375000	     22067	80003b08	fc11ac23	sw	x1,-40(x3)	  x3:0x8002625f  x1:0x00005c5d PA:0x80026237 store:0x00005c5d load:0xfffffff8
      443395000	     22068	80003b0c	00cbd093	srli	x1,x23,0xc	 x23:0xfffff4f5  x1=0x000fffff
      443455000	     22071	80003b10	03e1cf03	lbu	x30,62(x3)	  x3:0x8002625f x30=0x00000056 PA:0x8002629d load:0x00000056
      443475000	     22072	80003b14	340753f3	csrrwi	x7,mscratch,14	  x7=0x0000009f
      443495000	     22073	80003b18	9afe	c.add	x21,x31	 x21:0xfffffff1 x31:0xa2348ac2 x21=0xa2348ab3
      443515000	     22074	80003b1a	4054dd33	sra	x26,x9,x5	  x9:0x8488fff1  x5:0x7a7b7008 x26=0xff8488ff
      443535000	     22075	80003b1e	6155	c.addi16sp	x2,304	  x2:0x8001e8e0  x2=0x8001ea10
      444275000	     22112	80003b20	031248b3	div	x17,x4,x17	  x4:0xffff9596 x17:0xa2348ac2 x17=0x00000000
      444295000	     22113	80003b24	86ba	c.mv	x13,x14	  x0:0x00000000 x14:0x00000000 x13=0x00000000
      444315000	     22114	80003b26	80d5	c.srli	x9,0x15	  x9:0x8488fff1  x9=0x00000424
      444375000	     22117	80003b28	0261c883	lbu	x17,38(x3)	  x3:0x8002625f x17=0x0000003e PA:0x80026285 load:0x0000003e
      444395000	     22118	80003b2c	840b1b17	auipc	x22,0x840b1	 x22=0x040b4b2c
      444415000	     22119	80003b30	9df6	c.add	x27,x29	 x27:0xfffff7f0 x29:0x00003132 x27=0x00002922
      444435000	     22120	80003b32	340d2573	csrrs	x10,mscratch,x26	 x26:0xff8488ff x10=0x0000000e
      444455000	     22121	80003b36	0001	c.addi	x0,0	  x0:0x00000000  x0=0x00000000
      444655000	     22131	80003b38	ff11ad03	lw	x26,-15(x3)	  x3:0x8002625f x26=0x08090a0b PA:0x80026250 load:0x08090a0b
      445295000	     22163	80003b3c	00b18a83	lb	x21,11(x3)	  x3:0x8002625f x21=0x00000004 PA:0x8002626a load:0x00000004
      445315000	     22164	80003b40	0001d497	auipc	x9,0x1d	  x9=0x80020b40
      445335000	     22165	80003b44	27548493	addi	x9,x9,629	  x9:0x80020b40  x9=0x80020db5
      445775000	     22187	80003b48	ffc4c303	lbu	x6,-4(x9)	  x9:0x80020db5  x6=0x0000006a PA:0x80020db1 load:0x0000006a
      445795000	     22188	80003b4c	00019b97	auipc	x23,0x19	 x23=0x8001cb4c
      445815000	     22189	80003b50	d7fb8b93	addi	x23,x23,-641	 x23:0x8001cb4c x23=0x8001c8cb
      446295000	     22213	80003b54	febba3a3	sw	x11,-25(x23)	 x23:0x8001c8cb x11:0x00000000 PA:0x8001c8b2 store:0x00000000 load:0xfffff8f9
      446535000	     22225	80003b58	01cb9a83	lh	x21,28(x23)	 x23:0x8001c8cb x21=0xffffa39c PA:0x8001c8e7 load:0xffffa39c
      446595000	     22228	80003b5c	00348d83	lb	x27,3(x9)	  x9:0x80020db5 x27=0x00000073 PA:0x80020db8 load:0x00000073
      446635000	     22230	80003b60	fc8ba5a3	sw	x8,-53(x23)	 x23:0x8001c8cb  x8:0x00000004 PA:0x8001c896 store:0x00000004 load:0xffff9c9d
      446675000	     22232	80003b64	01c4a723	sw	x28,14(x9)	  x9:0x80020db5 x28:0x7b770000 PA:0x80020dc3 store:0x7b770000 load:0xffffff9c
      446835000	     22240	80003b68	000b8f03	lb	x30,0(x23)	 x23:0x8001c8cb x30=0xffffff80 PA:0x8001c8cb load:0xffffff80
      446895000	     22243	80003b6c	029b8003	lb	x0,41(x23)	 x23:0x8001c8cb  x0=0x00000000 PA:0x8001c8f4 load:0xffffffaf
      447315000	     22264	80003b70	ff24c103	lbu	x2,-14(x9)	  x9:0x80020db5  x2=0x0000005c PA:0x80020da7 load:0x0000005c
      447375000	     22267	80003b74	00648323	sb	x6,6(x9)	  x9:0x80020db5  x6:0x0000006a PA:0x80020dbb store:0x0000006a load:0x000000ff
      448075000	     22302	80003b78	01ab8623	sb	x26,12(x23)	 x23:0x8001c8cb x26:0x08090a0b PA:0x8001c8d7 store:0x08090a0b load:0x000000ff
      448135000	     22305	80003b7c	fc9baa03	lw	x20,-55(x23)	 x23:0x8001c8cb x20=0x00044e4f PA:0x8001c894 load:0x00044e4f
      448175000	     22307	80003b80	fff4ad23	sw	x31,-6(x9)	  x9:0x80020db5 x31:0xa2348ac2 PA:0x80020daf store:0xa2348ac2 load:0xffffff9c
      448635000	     22330	80003b84	fd3bab03	lw	x22,-45(x23)	 x23:0x8001c8cb x22=0x5a5b5455 PA:0x8001c89e load:0x5a5b5455
      449095000	     22353	80003b88	ff948e83	lb	x29,-7(x9)	  x9:0x80020db5 x29=0x00000065 PA:0x80020dae load:0x00000065
      449155000	     22356	80003b8c	ff548e03	lb	x28,-11(x9)	  x9:0x80020db5 x28=0x00000061 PA:0x80020daa load:0x00000061
      449635000	     22380	80003b90	fecb9883	lh	x17,-20(x23)	 x23:0x8001c8cb x17=0x0000736c PA:0x8001c8b7 load:0x0000736c
      449655000	     22381	80003b94	00019197	auipc	x3,0x19	  x3=0x8001cb94
      449675000	     22382	80003b98	38418193	addi	x3,x3,900	  x3:0x8001cb94  x3=0x8001cf18
      449695000	     22383	80003b9c	00024297	auipc	x5,0x24	  x5=0x80027b9c
      449715000	     22384	80003ba0	75c28293	addi	x5,x5,1884	  x5:0x80027b9c  x5=0x800282f8
      449935000	     22395	80003ba4	94218a03	lb	x20,-1726(x3)	  x3:0x8001cf18 x20=0x00000011 PA:0x8001c85a load:0x00000011
      450235000	     22410	80003ba8	bf228a83	lb	x21,-1038(x5)	  x5:0x800282f8 x21=0xffffffa1 PA:0x80027eea load:0xffffffa1
      450695000	     22433	80003bac	07628083	lb	x1,118(x5)	  x5:0x800282f8  x1=0x00000025 PA:0x8002836e load:0x00000025
      450895000	     22443	80003bb0	c602d083	lhu	x1,-928(x5)	  x5:0x800282f8  x1=0x00001213 PA:0x80027f58 load:0x00001213
      450915000	     22444	80003bb4	f7d18ea3	sb	x29,-131(x3)	  x3:0x8001cf18 x29:0x00000065 PA:0x8001ce95 store:0x00000065 load:0x000000ff
      451035000	     22450	80003bb8	81e2d603	lhu	x12,-2018(x5)	  x5:0x800282f8 x12=0x0000cccd PA:0x80027b16 load:0x0000cccd
      451095000	     22453	80003bbc	115184a3	sb	x21,265(x3)	  x3:0x8001cf18 x21:0xffffffa1 PA:0x8001d021 store:0xffffffa1 load:0x000000ff
      451115000	     22454	80003bc0	91028a03	lb	x20,-1776(x5)	  x5:0x800282f8 x20=0xffffffc3 PA:0x80027c08 load:0xffffffc3
      451135000	     22455	80003bc4	fea18703	lb	x14,-22(x3)	  x3:0x8001cf18 x14=0xffffffb9 PA:0x8001cf02 load:0xffffffb9
      451655000	     22481	80003bc8	c6e1a903	lw	x18,-914(x3)	  x3:0x8001cf18 x18=0x42433c3d PA:0x8001cb86 load:0x42433c3d
      451915000	     22494	80003bcc	d2b1ac03	lw	x24,-725(x3)	  x3:0x8001cf18 x24=0xfdfefff8 PA:0x8001cc43 load:0xfdfefff8
      452095000	     22503	80003bd0	67c283a3	sb	x28,1639(x5)	  x5:0x800282f8 x28:0x00000061 PA:0x8002895f store:0x00000061 load:0x000000ff
      452195000	     22508	80003bd4	af71db03	lhu	x22,-1289(x3)	  x3:0x8001cf18 x22=0x0000cbc4 PA:0x8001ca0f load:0x0000cbc4
      452275000	     22512	80003bd8	ffa18103	lb	x2,-6(x3)	  x3:0x8001cf18  x2=0xffffffc9 PA:0x8001cf12 load:0xffffffc9
      452735000	     22535	80003bdc	6312cb03	lbu	x22,1585(x5)	  x5:0x800282f8 x22=0x000000e2 PA:0x80028929 load:0x000000e2
      453475000	     22572	80003be0	05c2d903	lhu	x18,92(x5)	  x5:0x800282f8 x18=0x00000e0f PA:0x80028354 load:0x00000e0f
      453495000	     22573	80003be4	00023517	auipc	x10,0x23	 x10=0x80026be4
      453515000	     22574	80003be8	3ca50513	addi	x10,x10,970	 x10:0x80026be4 x10=0x80026fae
      453535000	     22575	80003bec	00018a17	auipc	x20,0x18	 x20=0x8001bbec
      453555000	     22576	80003bf0	6b3a0a13	addi	x20,x20,1715	 x20:0x8001bbec x20=0x8001c29f
      453675000	     22582	80003bf4	ff8a2103	lw	x2,-8(x20)	 x20:0x8001c29f  x2=0x5152534c PA:0x8001c297 load:0x5152534c
      453735000	     22585	80003bf8	011a13a3	sh	x17,7(x20)	 x20:0x8001c29f x17:0x0000736c PA:0x8001c2a6 store:0x0000736c load:0x0000ffff
      453755000	     22586	80003bfc	14f50483	lb	x9,335(x10)	 x10:0x80026fae  x9=0xffffffb6 PA:0x800270fd load:0xffffffb6
      453795000	     22588	80003c00	e8155603	lhu	x12,-383(x10)	 x10:0x80026fae x12=0x0000ebe4 PA:0x80026e2f load:0x0000ebe4
      453815000	     22589	80003c04	c1c54d83	lbu	x27,-996(x10)	 x10:0x80026fae x27=0x00000081 PA:0x80026bca load:0x00000081
      454255000	     22611	80003c08	3f252da3	sw	x18,1019(x10)	 x10:0x80026fae x18:0x00000e0f PA:0x800273a9 store:0x00000e0f load:0xffe4e5e6
      454335000	     22615	80003c0c	ff8a5f03	lhu	x30,-8(x20)	 x20:0x8001c29f x30=0x0000534c PA:0x8001c297 load:0x0000534c
      454915000	     22644	80003c10	014a21a3	sw	x20,3(x20)	 x20:0x8001c29f x20:0x8001c29f PA:0x8001c2a2 store:0x8001c29f load:0xffff4c4d
      455195000	     22658	80003c14	c4155203	lhu	x4,-959(x10)	 x10:0x80026fae  x4=0x0000aba4 PA:0x80026bef load:0x0000aba4
      455215000	     22659	80003c18	6c152b23	sw	x1,1750(x10)	 x10:0x80026fae  x1:0x00001213 PA:0x80027684 store:0x00001213 load:0xffffffff
      455415000	     22669	80003c1c	4cb55083	lhu	x1,1227(x10)	 x10:0x80026fae  x1=0x00003132 PA:0x80027479 load:0x00003132
      455475000	     22672	80003c20	001a2b83	lw	x23,1(x20)	 x20:0x8001c29f x23=0xc29f5a5b PA:0x8001c2a0 load:0xc29f5a5b
      455635000	     22680	80003c24	a7452803	lw	x16,-1420(x10)	 x10:0x80026fae x16=0xdedfd8d9 PA:0x80026a22 load:0xdedfd8d9
      455795000	     22688	80003c28	009a1723	sh	x9,14(x20)	 x20:0x8001c29f  x9:0xffffffb6 PA:0x8001c2ad store:0xffffffb6 load:0x0000ffff
      455855000	     22691	80003c2c	173503a3	sb	x19,359(x10)	 x10:0x80026fae x19:0x80031e64 PA:0x80027115 store:0x80031e64 load:0x000000ff
      455875000	     22692	80003c30	00aa14a3	sh	x10,9(x20)	 x20:0x8001c29f x10:0x80026fae PA:0x8001c2a8 store:0x80026fae load:0x0000ffff
      455895000	     22693	80003c34	0001d697	auipc	x13,0x1d	 x13=0x80020c34
      456015000	     22699	80003c38	c0468693	addi	x13,x13,-1020	 x13:0x80020c34 x13=0x80020838
      456335000	     22715	80003c3c	0c26a003	lw	x0,194(x13)	 x13:0x80020838  x0=0x00000000 PA:0x800208fa load:0xb6b7b0b1
      456415000	     22719	80003c40	04a687a3	sb	x10,79(x13)	 x13:0x80020838 x10:0x80026fae PA:0x80020887 store:0x80026fae load:0x000000ff
      456435000	     22720	80003c44	0f668103	lb	x2,246(x13)	 x13:0x80020838  x2=0xffffffe5 PA:0x8002092e load:0xffffffe5
      456655000	     22731	80003c48	f5468b03	lb	x22,-172(x13)	 x13:0x80020838 x22=0x00000047 PA:0x8002078c load:0x00000047
      456675000	     22732	80003c4c	00019597	auipc	x11,0x19	 x11=0x8001cc4c
      456695000	     22733	80003c50	1cd58593	addi	x11,x11,461	 x11:0x8001cc4c x11=0x8001ce19
      457055000	     22751	80003c54	de80	c.sw	x8,56(x13)	 x13:0x80020838  x8:0x00000004 PA:0x80020870 store:0x00000004 load:0xffffffff
      457135000	     22755	80003c56	f885d183	lhu	x3,-120(x11)	 x11:0x8001ce19  x3=0x0000595a PA:0x8001cda1 load:0x0000595a
      457335000	     22765	80003c5a	f866a603	lw	x12,-122(x13)	 x13:0x80020838 x12=0x7a7b7475 PA:0x800207be load:0x7a7b7475
      457695000	     22783	80003c5e	c145db83	lhu	x23,-1004(x11)	 x11:0x8001ce19 x23=0x0000e5e6 PA:0x8001ca2d load:0x0000e5e6
      457755000	     22786	80003c62	aac5c903	lbu	x18,-1364(x11)	 x11:0x8001ce19 x18=0x0000007e PA:0x8001c8c5 load:0x0000007e
      457835000	     22790	80003c66	00468523	sb	x4,10(x13)	 x13:0x80020838  x4:0x0000aba4 PA:0x80020842 store:0x0000aba4 load:0x000000ff
      457975000	     22797	80003c6a	f1a68a23	sb	x26,-236(x13)	 x13:0x80020838 x26:0x08090a0b PA:0x8002074c store:0x08090a0b load:0x000000ff
      458695000	     22833	80003c6e	9d759d23	sh	x23,-1574(x11)	 x11:0x8001ce19 x23:0x0000e5e6 PA:0x8001c7f3 store:0x0000e5e6 load:0x0000ff74
      458755000	     22836	80003c72	09d6de03	lhu	x28,157(x13)	 x13:0x80020838 x28=0x00008d8e PA:0x800208d5 load:0x00008d8e
      459255000	     22861	80003c76	9705ac23	sw	x16,-1672(x11)	 x11:0x8001ce19 x16:0xdedfd8d9 PA:0x8001c791 store:0xdedfd8d9 load:0xff747576
      459395000	     22868	80003c7a	0076c103	lbu	x2,7(x13)	 x13:0x80020838  x2=0x000000f4 PA:0x8002083f load:0x000000f4
      459655000	     22881	80003c7e	b7a59ea3	sh	x26,-1155(x11)	 x11:0x8001ce19 x26:0x08090a0b PA:0x8001c996 store:0x08090a0b load:0x0000ffff
      459755000	     22886	80003c82	c1f58703	lb	x14,-993(x11)	 x11:0x8001ce19 x14=0xfffffff3 PA:0x8001ca38 load:0xfffffff3
      459775000	     22887	80003c86	00019897	auipc	x17,0x19	 x17=0x8001cc86
      459795000	     22888	80003c8a	89a88893	addi	x17,x17,-1894	 x17:0x8001cc86 x17=0x8001c520
      459855000	     22891	80003c8e	f3588223	sb	x21,-220(x17)	 x17:0x8001c520 x21:0xffffffa1 PA:0x8001c444 store:0xffffffa1 load:0x000000ff
      460495000	     22923	80003c92	f578a283	lw	x5,-169(x17)	 x17:0x8001c520  x5=0x3132332c PA:0x8001c477 load:0x3132332c
      460555000	     22926	80003c96	f5788e83	lb	x29,-169(x17)	 x17:0x8001c520 x29=0x0000002c PA:0x8001c477 load:0x0000002c
      461195000	     22958	80003c9a	f878da83	lhu	x21,-121(x17)	 x17:0x8001c520 x21=0x0000635c PA:0x8001c4a7 load:0x0000635c
      461795000	     22988	80003c9e	f878d483	lhu	x9,-121(x17)	 x17:0x8001c520  x9=0x0000635c PA:0x8001c4a7 load:0x0000635c
      461995000	     22998	80003ca2	f6e8c503	lbu	x10,-146(x17)	 x17:0x8001c520 x10=0x00000045 PA:0x8001c48e load:0x00000045
      462515000	     23024	80003ca6	f1d8ac03	lw	x24,-227(x17)	 x17:0x8001c520 x24=0xfbf4f5f6 PA:0x8001c43d load:0xfbf4f5f6
      462575000	     23027	80003caa	fc089503	lh	x10,-64(x17)	 x17:0x8001c520 x10=0xffff9a9b PA:0x8001c4e0 load:0xffff9a9b
      462955000	     23046	80003cae	0598a083	lw	x1,89(x17)	 x17:0x8001c520  x1=0x37303132 PA:0x8001c579 load:0x37303132
      463615000	     23079	80003cb2	0578c503	lbu	x10,87(x17)	 x17:0x8001c520 x10=0x0000002c PA:0x8001c577 load:0x0000002c
      464055000	     23101	80003cb6	04e89ba3	sh	x14,87(x17)	 x17:0x8001c520 x14:0xfffffff3 PA:0x8001c577 store:0xfffffff3 load:0x0000ff30
      464535000	     23125	80003cba	0578a503	lw	x10,87(x17)	 x17:0x8001c520 x10=0x3132fff3 PA:0x8001c577 load:0x3132fff3
      464895000	     23143	80003cbe	0508aba3	sw	x16,87(x17)	 x17:0x8001c520 x16:0xdedfd8d9 PA:0x8001c577 store:0xdedfd8d9 load:0xfffffff3
      465235000	     23160	80003cc2	0de883a3	sb	x30,199(x17)	 x17:0x8001c520 x30:0x0000534c PA:0x8001c5e7 store:0x0000534c load:0x000000ff
      465715000	     23184	80003cc6	0c789283	lh	x5,199(x17)	 x17:0x8001c520  x5=0xffffa34c PA:0x8001c5e7 load:0xffffa34c
      465735000	     23185	80003cca	0c78c003	lbu	x0,199(x17)	 x17:0x8001c520  x0=0x00000000 PA:0x8001c5e7 load:0x0000004c
      465755000	     23186	80003cce	02b888a3	sb	x11,49(x17)	 x17:0x8001c520 x11:0x8001ce19 PA:0x8001c551 store:0x8001ce19 load:0x000000ff
      465795000	     23188	80003cd2	0318a683	lw	x13,49(x17)	 x17:0x8001c520 x13=0x0f080919 PA:0x8001c551 load:0x0f080919
      465835000	     23190	80003cd6	03a92bb3	mulhsu	x23,x18,x26	 x18:0x0000007e x26:0x08090a0b x23=0x00000003
      466015000	     23199	80003cda	03189d03	lh	x26,49(x17)	 x17:0x8001c520 x26=0x00000919 PA:0x8001c551 load:0x00000919
      466035000	     23200	80003cde	0001ad17	auipc	x26,0x1a	 x26=0x8001dcde
      466055000	     23201	80003ce2	da3d0d13	addi	x26,x26,-605	 x26:0x8001dcde x26=0x8001da81
      466255000	     23211	80003ce6	ffcd4b83	lbu	x23,-4(x26)	 x26:0x8001da81 x23=0x00000036 PA:0x8001da7d load:0x00000036
      466275000	     23212	80003cea	0001	c.addi	x0,0	  x0:0x00000000  x0=0x00000000
      466295000	     23213	80003cec	00b615b3	sll	x11,x12,x11	 x12:0x7a7b7475 x11:0x8001ce19 x11=0xea000000
      466575000	     23227	80003cf0	fdfd4783	lbu	x15,-33(x26)	 x26:0x8001da81 x15=0x0000001b PA:0x8001da60 load:0x0000001b
      466595000	     23228	80003cf4	18fd	c.addi	x17,-1	 x17:0x8001c520 x17=0x8001c51f
      467255000	     23261	80003cf6	02bd5283	lhu	x5,43(x26)	 x26:0x8001da81  x5=0x00006667 PA:0x8001daac load:0x00006667
      467435000	     23270	80003cfa	fd4d22a3	sw	x20,-59(x26)	 x26:0x8001da81 x20:0x8001c29f PA:0x8001da46 store:0x8001c29f load:0xffff0809
      468095000	     23303	80003cfe	020d2e03	lw	x28,32(x26)	 x26:0x8001da81 x28=0x5f58595a PA:0x8001daa1 load:0x5f58595a
      481815000	     23989	80003d02	ff6d0803	lb	x16,-10(x26)	 x26:0x8001da81 x16=0x0000002c PA:0x8001da77 load:0x0000002c
      482275000	     24012	80003d06	02fd4f83	lbu	x31,47(x26)	 x26:0x8001da81 x31=0x0000006b PA:0x8001dab0 load:0x0000006b
      482295000	     24013	80003d0a	8592	c.mv	x11,x4	  x0:0x00000000  x4:0x0000aba4 x11=0x0000aba4
      482315000	     24014	80003d0c	007be8b3	or	x17,x23,x7	 x23:0x00000036  x7:0x0000009f x17=0x000000bf
      482655000	     24031	80003d10	01bd2423	sw	x27,8(x26)	 x26:0x8001da81 x27:0x00000081 PA:0x8001da89 store:0x00000081 load:0xff58595a
      482875000	     24042	80003d14	febd0623	sb	x11,-20(x26)	 x26:0x8001da81 x11:0x0000aba4 PA:0x8001da6d store:0x0000aba4 load:0x000000ff
      483215000	     24059	80003d18	003d1ca3	sh	x3,25(x26)	 x26:0x8001da81  x3:0x0000595a PA:0x8001da9a store:0x0000595a load:0x0000ffff
      483255000	     24061	80003d1c	02a933b3	mulhu	x7,x18,x10	 x18:0x0000007e x10:0x3132fff3  x7=0x00000018
      483275000	     24062	80003d20	00c13e33	sltu	x28,x2,x12	  x2:0x000000f4 x12:0x7a7b7475 x28=0x00000001
      483295000	     24063	80003d24	4d696693	ori	x13,x18,1238	 x18:0x0000007e x13=0x000004fe
      483355000	     24066	80003d28	020d1e83	lh	x29,32(x26)	 x26:0x8001da81 x29=0x0000595a PA:0x8001daa1 load:0x0000595a
      483375000	     24067	80003d2c	fddd4683	lbu	x13,-35(x26)	 x26:0x8001da81 x13=0x00000015 PA:0x8001da5e load:0x00000015
      483715000	     24084	80003d30	006d2783	lw	x15,6(x26)	 x26:0x8001da81 x15=0x0081433c PA:0x8001da87 load:0x0081433c
      483735000	     24085	80003d34	6bd5	c.lui	x23,0x15	 x23=0x00015000
      483755000	     24086	80003d36	db98f093	andi	x1,x17,-583	 x17:0x000000bf  x1=0x000000b9
      483775000	     24087	80003d3a	0001	c.addi	x0,0	  x0:0x00000000  x0=0x00000000
      483795000	     24088	80003d3c	8e79	c.and	x12,x14	 x12:0x7a7b7475 x14:0xfffffff3 x12=0x7a7b7471
      483935000	     24095	80003d3e	fc3d1383	lh	x7,-61(x26)	 x26:0x8001da81  x7=0xfffffeff PA:0x8001da44 load:0xfffffeff
      484075000	     24102	80003d42	007b48b3	xor	x17,x22,x7	 x22:0x00000047  x7:0xfffffeff x17=0xfffffeb8
      484135000	     24105	80003d46	02c5a7b3	mulhsu	x15,x11,x12	 x11:0x0000aba4 x12:0x7a7b7471 x15=0x0000521e
      484595000	     24128	80003d4a	01cd5a83	lhu	x21,28(x26)	 x26:0x8001da81 x21=0x00005556 PA:0x8001da9d load:0x00005556
      485055000	     24151	80003d4e	025d4903	lbu	x18,37(x26)	 x26:0x8001da81 x18=0x0000005d PA:0x8001daa6 load:0x0000005d
      485075000	     24152	80003d52	0ff0000f	fence	iorw,iorw	
      485295000	     24163	80003d56	019d5183	lhu	x3,25(x26)	 x26:0x8001da81  x3=0x0000595a PA:0x8001da9a load:0x0000595a
      485735000	     24185	80003d5a	fc5d0a23	sb	x5,-44(x26)	 x26:0x8001da81  x5:0x00006667 PA:0x8001da55 store:0x00006667 load:0x000000ff
      485755000	     24186	80003d5e	417284b3	sub	x9,x5,x23	  x5:0x00006667 x23:0x00015000  x9=0xffff1667
      486295000	     24213	80003d62	fd4d0903	lb	x18,-44(x26)	 x26:0x8001da81 x18=0x00000067 PA:0x8001da55 load:0x00000067
      486315000	     24214	80003d66	00543b33	sltu	x22,x8,x5	  x8:0x00000004  x5:0x00006667 x22=0x00000001
      486435000	     24220	80003d6a	02ed5583	lhu	x11,46(x26)	 x26:0x8001da81 x11=0x00006b64 PA:0x8001daaf load:0x00006b64
      486855000	     24241	80003d6e	fe8d1623	sh	x8,-20(x26)	 x26:0x8001da81  x8:0x00000004 PA:0x8001da6d store:0x00000004 load:0x0000ffff
      486915000	     24244	80003d72	fd8d0783	lb	x15,-40(x26)	 x26:0x8001da81 x15=0x00000012 PA:0x8001da59 load:0x00000012
      487155000	     24256	80003d76	00bd2c23	sw	x11,24(x26)	 x26:0x8001da81 x11:0x00006b64 PA:0x8001da99 store:0x00006b64 load:0xff646566
      487895000	     24293	80003d7a	0232d533	divu	x10,x5,x3	  x5:0x00006667  x3:0x0000595a x10=0x00000001
      488215000	     24309	80003d7e	01ad5c03	lhu	x24,26(x26)	 x26:0x8001da81 x24=0x00000000 PA:0x8001da9b load:0x00000000
      488235000	     24310	80003d82	01351b33	sll	x22,x10,x19	 x10:0x00000001 x19:0x80031e64 x22=0x00000010
      488615000	     24329	80003d86	023d1703	lh	x14,35(x26)	 x26:0x8001da81 x14=0x00005e5f PA:0x8001daa4 load:0x00005e5f
      488775000	     24337	80003d8a	026d4103	lbu	x2,38(x26)	 x26:0x8001da81  x2=0x0000005c PA:0x8001daa7 load:0x0000005c
      489035000	     24350	80003d8e	007d1a03	lh	x20,7(x26)	 x26:0x8001da81 x20=0xffff8143 PA:0x8001da88 load:0xffff8143
      489495000	     24373	80003d92	022d0f03	lb	x30,34(x26)	 x26:0x8001da81 x30=0x00000058 PA:0x8001daa3 load:0x00000058
      489775000	     24387	80003d96	025d2103	lw	x2,37(x26)	 x26:0x8001da81  x2=0x62635c5d PA:0x8001daa6 load:0x62635c5d
      489795000	     24388	80003d9a	03bd2a83	lw	x21,59(x26)	 x26:0x8001da81 x21=0x74757677 PA:0x8001dabc load:0x74757677
      489815000	     24389	80003d9e	00024797	auipc	x15,0x24	 x15=0x80027d9e
      489835000	     24390	80003da2	2ae78793	addi	x15,x15,686	 x15:0x80027d9e x15=0x8002804c
      489855000	     24391	80003da6	c0470c17	auipc	x24,0xc0470	 x24=0x40473da6
      490235000	     24410	80003daa	0047c183	lbu	x3,4(x15)	 x15:0x8002804c  x3=0x0000000b PA:0x80028050 load:0x0000000b
      490255000	     24411	80003dae	34002d73	csrrs	x26,mscratch,x0	  x0:0x00000000 x26=0xff8488ff
      490875000	     24442	80003db2	0087c283	lbu	x5,8(x15)	 x15:0x8002804c  x5=0x0000000f PA:0x80028054 load:0x0000000f
      490935000	     24445	80003db6	0017cd83	lbu	x27,1(x15)	 x15:0x8002804c x27=0x00000006 PA:0x8002804d load:0x00000006
      491675000	     24482	80003dba	03035a33	divu	x20,x6,x16	  x6:0x0000006a x16:0x0000002c x20=0x00000002
      491715000	     24484	80003dbe	03b511b3	mulh	x3,x10,x27	 x10:0x00000001 x27:0x00000006  x3=0x00000000
      491735000	     24485	80003dc2	001deeb3	or	x29,x27,x1	 x27:0x00000006  x1:0x000000b9 x29=0x000000bf
      491795000	     24488	80003dc6	ffe79103	lh	x2,-2(x15)	 x15:0x8002804c  x2=0x00000001 PA:0x8002804a load:0x00000001
      492055000	     24501	80003dca	ffb7d683	lhu	x13,-5(x15)	 x15:0x8002804c x13=0x000003fc PA:0x80028047 load:0x000003fc
      492075000	     24502	80003dce	717d	c.addi16sp	x2,-16	  x2:0x00000001  x2=0xfffffff1
      492195000	     24508	80003dd0	ffc7a903	lw	x18,-4(x15)	 x15:0x8002804c x18=0x00010203 PA:0x80028048 load:0x00010203
      492215000	     24509	80003dd4	0ff0000f	fence	iorw,iorw	
      492235000	     24510	80003dd8	00e7d103	lhu	x2,14(x15)	 x15:0x8002804c  x2=0x00001011 PA:0x8002805a load:0x00001011
      492255000	     24511	80003ddc	0000100f	fence.i	
      492775000	     24537	80003de0	026e35b3	mulhu	x11,x28,x6	 x28:0x00000001  x6:0x0000006a x11=0x00000000
      493215000	     24559	80003de4	ff479e23	sh	x20,-4(x15)	 x15:0x8002804c x20:0x00000002 PA:0x80028048 store:0x00000002 load:0x0000ffff
      493535000	     24575	80003de8	9a16	c.add	x20,x5	 x20:0x00000002  x5:0x0000000f x20=0x00000011
      493555000	     24576	80003dea	8679	c.srai	x12,0x1e	 x12:0x7a7b7471 x12=0x00000001
      493955000	     24596	80003dec	00179523	sh	x1,10(x15)	 x15:0x8002804c  x1:0x000000b9 PA:0x80028056 store:0x000000b9 load:0x0000ffff
      493995000	     24598	80003df0	0037a0a3	sw	x3,1(x15)	 x15:0x8002804c  x3:0x00000000 PA:0x8002804d store:0x00000000 load:0xfffcfdfe
      494015000	     24599	80003df4	00d78183	lb	x3,13(x15)	 x15:0x8002804c  x3=0x00000012 PA:0x80028059 load:0x00000012
      494275000	     24612	80003df8	691d0813	addi	x16,x26,1681	 x26:0xff8488ff x16=0xff848f90
      494555000	     24626	80003dfc	c798	c.sw	x14,8(x15)	 x15:0x8002804c x14:0x00005e5f PA:0x80028054 store:0x00005e5f load:0xffffffff
      494615000	     24629	80003dfe	fe778e23	sb	x7,-4(x15)	 x15:0x8002804c  x7:0xfffffeff PA:0x80028048 store:0xfffffeff load:0x000000ff
      494775000	     24637	80003e02	4b8c	c.lw	x11,16(x15)	 x15:0x8002804c x11=0x14151617 PA:0x8002805c load:0x14151617
      495015000	     24649	80003e04	01d7a4a3	sw	x29,9(x15)	 x15:0x8002804c x29:0x000000bf PA:0x80028055 store:0x000000bf load:0xfffcfdfe
      495035000	     24650	80003e08	0183b533	sltu	x10,x7,x24	  x7:0xfffffeff x24:0x40473da6 x10=0x00000000
      495235000	     24660	80003e0c	0047a4a3	sw	x4,9(x15)	 x15:0x8002804c  x4:0x0000aba4 PA:0x80028055 store:0x0000aba4 load:0xfffcfdfe
      495735000	     24685	80003e10	0087a2a3	sw	x8,5(x15)	 x15:0x8002804c  x8:0x00000004 PA:0x80028051 store:0x00000004 load:0xfffcfdfe
      495755000	     24686	80003e14	6165	c.addi16sp	x2,112	  x2:0x00001011  x2=0x00001081
      496195000	     24708	80003e16	ffb7aca3	sw	x27,-7(x15)	 x15:0x8002804c x27:0x00000006 PA:0x80028045 store:0x00000006 load:0xfffcfdfe
      496235000	     24710	80003e1a	03a8aeb3	mulhsu	x29,x17,x26	 x17:0xfffffeb8 x26:0xff8488ff x29=0xfffffeb8
      496975000	     24747	80003e1e	02f042b3	div	x5,x0,x15	  x0:0x00000000 x15:0x8002804c  x5=0x00000000
      496995000	     24748	80003e22	9d5e	c.add	x26,x23	 x26:0xff8488ff x23:0x00015000 x26=0xff85d8ff
      497735000	     24785	80003e24	037373b3	remu	x7,x6,x23	  x6:0x0000006a x23:0x00015000  x7=0x0000006a
      497995000	     24798	80003e28	00578c03	lb	x24,5(x15)	 x15:0x8002804c x24=0x00000004 PA:0x80028051 load:0x00000004
      498015000	     24799	80003e2c	0007ad03	lw	x26,0(x15)	 x15:0x8002804c x26=0x00000007 PA:0x8002804c load:0x00000007
      498035000	     24800	80003e30	ff878a83	lb	x21,-8(x15)	 x15:0x8002804c x21=0xffffffff PA:0x80028044 load:0xffffffff
      498055000	     24801	80003e34	887a	c.mv	x16,x30	  x0:0x00000000 x30:0x00000058 x16=0x00000058
      498075000	     24802	80003e36	ff978d03	lb	x26,-7(x15)	 x15:0x8002804c x26=0x00000006 PA:0x80028045 load:0x00000006
      498095000	     24803	80003e3a	42686113	ori	x2,x16,1062	 x16:0x00000058  x2=0x0000047e
      498875000	     24842	80003e3e	ffc79103	lh	x2,-4(x15)	 x15:0x8002804c  x2=0x00000000 PA:0x80028048 load:0x00000000
      499035000	     24850	80003e42	0017dc03	lhu	x24,1(x15)	 x15:0x8002804c x24=0x00000000 PA:0x8002804d load:0x00000000
      499055000	     24851	80003e46	ff778803	lb	x16,-9(x15)	 x15:0x8002804c x16=0xfffffff8 PA:0x80028043 load:0xfffffff8
      499275000	     24862	80003e4a	0107ad83	lw	x27,16(x15)	 x15:0x8002804c x27=0x14151617 PA:0x8002805c load:0x14151617
      499315000	     24864	80003e4e	fe07ad23	sw	x0,-6(x15)	 x15:0x8002804c  x0:0x00000000 PA:0x80028046 store:0x00000000 load:0xfffffcfd
      499335000	     24865	80003e52	00025317	auipc	x6,0x25	  x6=0x80028e52
      499355000	     24866	80003e56	ec030313	addi	x6,x6,-320	  x6:0x80028e52  x6=0x80028d12
      499375000	     24867	80003e5a	00018e97	auipc	x29,0x18	 x29=0x8001be5a
      499395000	     24868	80003e5e	685e8e93	addi	x29,x29,1669	 x29:0x8001be5a x29=0x8001c4df
      500215000	     24909	80003e62	fc5ea823	sw	x5,-48(x29)	 x29:0x8001c4df  x5:0x00000000 PA:0x8001c4af store:0x00000000 load:0xfffffffc
      500455000	     24921	80003e66	00034883	lbu	x17,0(x6)	  x6:0x80028d12 x17=0x000000c9 PA:0x80028d12 load:0x000000c9
      500955000	     24946	80003e6a	00f32a83	lw	x21,15(x6)	  x6:0x80028d12 x21=0xdfd8d9da PA:0x80028d21 load:0xdfd8d9da
      501015000	     24949	80003e6e	fe1ed103	lhu	x2,-31(x29)	 x29:0x8001c4df  x2=0x00007a7b PA:0x8001c4c0 load:0x00007a7b
      501035000	     24950	80003e72	005ea483	lw	x9,5(x29)	 x29:0x8001c4df  x9=0x9c9d9e9f PA:0x8001c4e4 load:0x9c9d9e9f
      501375000	     24967	80003e76	fe831aa3	sh	x8,-11(x6)	  x6:0x80028d12  x8:0x00000004 PA:0x80028d07 store:0x00000004 load:0x0000ffd8
      501495000	     24973	80003e7a	00a31f03	lh	x30,10(x6)	  x6:0x80028d12 x30=0xffffd6d7 PA:0x80028d1c load:0xffffd6d7
      501635000	     24980	80003e7e	024e9823	sh	x4,48(x29)	 x29:0x8001c4df  x4:0x0000aba4 PA:0x8001c50f store:0x0000aba4 load:0x0000ffd8
      502575000	     25027	80003e82	fc4ea003	lw	x0,-60(x29)	 x29:0x8001c4df  x0=0x00000000 PA:0x8001c4a3 load:0x5d5e5f58
      503055000	     25051	80003e86	00932703	lw	x14,9(x6)	  x6:0x80028d12 x14=0xd5d6d7d0 PA:0x80028d1b load:0xd5d6d7d0
      503195000	     25058	80003e8a	fe1e8d23	sb	x1,-6(x29)	 x29:0x8001c4df  x1:0x000000b9 PA:0x8001c4d9 store:0x000000b9 load:0x000000ff
      503475000	     25072	80003e8e	ffa35003	lhu	x0,-6(x6)	  x6:0x80028d12  x0=0x00000000 PA:0x80028d0c load:0x0000c6c7
      503855000	     25091	80003e92	018edd03	lhu	x26,24(x29)	 x29:0x8001c4df x26=0x0000b3ac PA:0x8001c4f7 load:0x0000b3ac
      503915000	     25094	80003e96	ff634783	lbu	x15,-10(x6)	  x6:0x80028d12 x15=0x00000000 PA:0x80028d08 load:0x00000000
      503935000	     25095	80003e9a	022e9f23	sh	x2,62(x29)	 x29:0x8001c4df  x2:0x00007a7b PA:0x8001c51d store:0x00007a7b load:0x0000ffff
      503975000	     25097	80003e9e	ff235f83	lhu	x31,-14(x6)	  x6:0x80028d12 x31=0x0000bebf PA:0x80028d04 load:0x0000bebf
      504055000	     25101	80003ea2	ffbe8ea3	sb	x27,-3(x29)	 x29:0x8001c4df x27:0x14151617 PA:0x8001c4dc store:0x14151617 load:0x000000ff
      504075000	     25102	80003ea6	00018117	auipc	x2,0x18	  x2=0x8001bea6
      504095000	     25103	80003eaa	7a910113	addi	x2,x2,1961	  x2:0x8001bea6  x2=0x8001c64f
      504115000	     25104	80003eae	3406dd73	csrrwi	x26,mscratch,13	 x26=0xff8488ff
      504255000	     25111	80003eb2	5b86	c.lwsp	x23,96(x2)	  x2:0x8001c64f x23=0x696a6b64 PA:0x8001c6af load:0x696a6b64
      504275000	     25112	80003eb4	01224933	xor	x18,x4,x18	  x4:0x0000aba4 x18:0x00010203 x18=0x0001a9a7
      504295000	     25113	80003eb8	6861	c.lui	x16,0x18	 x16=0x00018000
      504315000	     25114	80003eba	8b26	c.mv	x22,x9	  x0:0x00000000  x9:0x9c9d9e9f x22=0x9c9d9e9f
      504335000	     25115	80003ebc	34006d73	csrrsi	x26,mscratch,0	 x26=0x0000000d
      504615000	     25129	80003ec0	009ddfb3	srl	x31,x27,x9	 x27:0x14151617  x9:0x9c9d9e9f x31=0x00000000
      504935000	     25145	80003ec4	8c99	c.sub	x9,x14	  x9:0x9c9d9e9f x14:0xd5d6d7d0  x9=0xc6c6c6cf
      504995000	     25148	80003ec6	03d11d23	sh	x29,58(x2)	  x2:0x8001c64f x29:0x8001c4df PA:0x8001c689 store:0x8001c4df load:0x0000ffff
      505155000	     25156	80003eca	0203de33	divu	x28,x7,x0	  x7:0x0000006a  x0:0x00000000 x28=0xffffffff
      505175000	     25157	80003ece	813c36b7	lui	x13,0x813c3	 x13=0x813c3000
      505195000	     25158	80003ed2	00bf8eb3	add	x29,x31,x11	 x31:0x00000000 x11:0x14151617 x29=0x14151617
      505455000	     25171	80003ed6	fa010c23	sb	x0,-72(x2)	  x2:0x8001c64f  x0:0x00000000 PA:0x8001c607 store:0x00000000 load:0x000000ff
      505555000	     25176	80003eda	0ec108a3	sb	x12,241(x2)	  x2:0x8001c64f x12:0x00000001 PA:0x8001c740 store:0x00000001 load:0x000000ff
      505575000	     25177	80003ede	00385f13	srli	x30,x16,0x3	 x16:0x00018000 x30=0x00003000
      505595000	     25178	80003ee2	50224793	xori	x15,x4,1282	  x4:0x0000aba4 x15=0x0000aea6
      506075000	     25202	80003ee6	f8e12383	lw	x7,-114(x2)	  x2:0x8001c64f  x7=0x9b949596 PA:0x8001c5dd load:0x9b949596
      506095000	     25203	80003eea	014d5e93	srli	x29,x26,0x14	 x26:0x0000000d x29=0x00000000
      506115000	     25204	80003eee	0000100f	fence.i	
      506915000	     25244	80003ef2	0000100f	fence.i	
      507215000	     25259	80003ef6	3409b5f3	csrrc	x11,mscratch,x19	 x19:0x80031e64 x11=0x0000000d
      507235000	     25260	80003efa	85b2	c.mv	x11,x12	  x0:0x00000000 x12:0x00000001 x11=0x00000001
      507255000	     25261	80003efc	036a85b3	mul	x11,x21,x22	 x21:0xdfd8d9da x22:0x9c9d9e9f x11=0x50d5da66
      507275000	     25262	80003f00	0001	c.addi	x0,0	  x0:0x00000000  x0=0x00000000
      507555000	     25276	80003f02	0e714a03	lbu	x20,231(x2)	  x2:0x8001c64f x20=0x000000ed PA:0x8001c736 load:0x000000ed
      542875000	     27042	80003f06	020a8c33	mul	x24,x21,x0	 x21:0xdfd8d9da  x0:0x00000000 x24=0x00000000
      543095000	     27053	80003f0a	073112a3	sh	x19,101(x2)	  x2:0x8001c64f x19:0x80031e64 PA:0x8001c6b4 store:0x80031e64 load:0x0000ffff
      543575000	     27077	80003f0e	fd812e83	lw	x29,-40(x2)	  x2:0x8001c64f x29=0xe1e2e3dc PA:0x8001c627 load:0xe1e2e3dc
      543595000	     27078	80003f12	6ff5	c.lui	x31,0x1d	 x31=0x0001d000
      543875000	     27092	80003f14	5702	c.lwsp	x14,32(x2)	  x2:0x8001c64f x14=0x292a2b24 PA:0x8001c66f load:0x292a2b24
      543895000	     27093	80003f16	01211f13	slli	x30,x2,0x12	  x2:0x8001c64f x30=0x193c0000
      543915000	     27094	80003f1a	1ab9dc17	auipc	x24,0x1ab9d	 x24=0x9aba0f1a
      543935000	     27095	80003f1e	0001	c.addi	x0,0	  x0:0x00000000  x0=0x00000000
      543955000	     27096	80003f20	87a5	c.srai	x15,0x9	 x15:0x0000aea6 x15=0x00000057
      544055000	     27101	80003f22	0da15503	lhu	x10,218(x2)	  x2:0x8001c64f x10=0x0000e1e2 PA:0x8001c729 load:0x0000e1e2
      544075000	     27102	80003f26	adb64b93	xori	x23,x12,-1317	 x12:0x00000001 x23=0xfffffada
      544095000	     27103	80003f2a	340da8f3	csrrs	x17,mscratch,x27	 x27:0x14151617 x17=0x00000009
      544115000	     27104	80003f2e	4139d8b3	sra	x17,x19,x19	 x19:0x80031e64 x19:0x80031e64 x17=0xf80031e6
      544915000	     27144	80003f32	f2c10223	sb	x12,-220(x2)	  x2:0x8001c64f x12:0x00000001 PA:0x8001c573 store:0x00000001 load:0x000000ff
      544935000	     27145	80003f36	00026b17	auipc	x22,0x26	 x22=0x80029f36
      544955000	     27146	80003f3a	ae5b0b13	addi	x22,x22,-1307	 x22:0x80029f36 x22=0x80029a1b
      544975000	     27147	80003f3e	00018c17	auipc	x24,0x18	 x24=0x8001bf3e
      544995000	     27148	80003f42	5bec0c13	addi	x24,x24,1470	 x24:0x8001bf3e x24=0x8001c4fc
      545175000	     27157	80003f46	020c17a3	sh	x0,47(x24)	 x24:0x8001c4fc  x0:0x00000000 PA:0x8001c52b store:0x00000000 load:0x0000ff24
      545435000	     27170	80003f4a	0e3c0a23	sb	x3,244(x24)	 x24:0x8001c4fc  x3:0x00000012 PA:0x8001c5f0 store:0x00000012 load:0x000000ff
      545695000	     27183	80003f4e	00ab2203	lw	x4,10(x22)	 x22:0x80029a1b  x4=0xe3dcddde PA:0x80029a25 load:0xe3dcddde
      545815000	     27189	80003f52	05dc4803	lbu	x16,93(x24)	 x24:0x8001c4fc x16=0x00000012 PA:0x8001c559 load:0x00000012
      545895000	     27193	80003f56	ff2b0883	lb	x17,-14(x22)	 x22:0x80029a1b x17=0xffffffc6 PA:0x80029a0d load:0xffffffc6
      546355000	     27216	80003f5a	f9bc0a03	lb	x20,-101(x24)	 x24:0x8001c4fc x20=0x0000004c PA:0x8001c497 load:0x0000004c
      546755000	     27236	80003f5e	f75c4f83	lbu	x31,-139(x24)	 x24:0x8001c4fc x31=0x0000002a PA:0x8001c471 load:0x0000002a
      546815000	     27239	80003f62	002b4383	lbu	x7,2(x22)	 x22:0x80029a1b  x7=0x000000d6 PA:0x80029a1d load:0x000000d6
      547235000	     27260	80003f66	00bb5303	lhu	x6,11(x22)	 x22:0x80029a1b  x6=0x0000dcdd PA:0x80029a26 load:0x0000dcdd
      547355000	     27266	80003f6a	feab0fa3	sb	x10,-1(x22)	 x22:0x80029a1b x10:0x0000e1e2 PA:0x80029a1a store:0x0000e1e2 load:0x000000ff
      547675000	     27282	80003f6e	f6bc4f03	lbu	x30,-149(x24)	 x24:0x8001c4fc x30=0x0000001c PA:0x8001c467 load:0x0000001c
      547855000	     27291	80003f72	008b0583	lb	x11,8(x22)	 x22:0x80029a1b x11=0xffffffd8 PA:0x80029a23 load:0xffffffd8
      547875000	     27292	80003f76	00019597	auipc	x11,0x19	 x11=0x8001cf76
      547895000	     27293	80003f7a	90158593	addi	x11,x11,-1791	 x11:0x8001cf76 x11=0x8001c877
      548235000	     27310	80003f7e	ff75af03	lw	x30,-9(x11)	 x11:0x8001c877 x30=0x2a2b2425 PA:0x8001c86e load:0x2a2b2425
      548415000	     27319	80003f82	01d58323	sb	x29,6(x11)	 x11:0x8001c877 x29:0xe1e2e3dc PA:0x8001c87d store:0xe1e2e3dc load:0x000000ff
      548835000	     27340	80003f86	01e59323	sh	x30,6(x11)	 x11:0x8001c877 x30:0x2a2b2425 PA:0x8001c87d store:0x2a2b2425 load:0x0000ffff
      549575000	     27377	80003f8a	03b2c633	div	x12,x5,x27	  x5:0x00000000 x27:0x14151617 x12=0x00000000
      549695000	     27383	80003f8e	01b5a323	sw	x27,6(x11)	 x11:0x8001c877 x27:0x14151617 PA:0x8001c87d store:0x14151617 load:0xff242526
      549715000	     27384	80003f92	00659a83	lh	x21,6(x11)	 x11:0x8001c877 x21=0x00001617 PA:0x8001c87d load:0x00001617
      549735000	     27385	80003f96	00b58323	sb	x11,6(x11)	 x11:0x8001c877 x11:0x8001c877 PA:0x8001c87d store:0x8001c877 load:0x000000ff
      549755000	     27386	80003f9a	00659683	lh	x13,6(x11)	 x11:0x8001c877 x13=0x00001677 PA:0x8001c87d load:0x00001677
      549975000	     27397	80003f9e	ffe5d603	lhu	x12,-2(x11)	 x11:0x8001c877 x12=0x00002d2e PA:0x8001c875 load:0x00002d2e
      549995000	     27398	80003fa2	340c9973	csrrw	x18,mscratch,x25	 x25:0x80035ce4 x18=0x1415161f
      550215000	     27409	80003fa6	00f5a1a3	sw	x15,3(x11)	 x11:0x8001c877 x15:0x00000057 PA:0x8001c87a store:0x00000057 load:0xffff2425
      550235000	     27410	80003faa	00358a03	lb	x20,3(x11)	 x11:0x8001c877 x20=0x00000057 PA:0x8001c87a load:0x00000057
      550255000	     27411	80003fae	0035df83	lhu	x31,3(x11)	 x11:0x8001c877 x31=0x00000057 PA:0x8001c87a load:0x00000057
      550275000	     27412	80003fb2	00019817	auipc	x16,0x19	 x16=0x8001cfb2
      550495000	     27423	80003fb6	91780813	addi	x16,x16,-1769	 x16:0x8001cfb2 x16=0x8001c8c9
      550515000	     27424	80003fba	0001db97	auipc	x23,0x1d	 x23=0x80020fba
      550535000	     27425	80003fbe	6ecb8b93	addi	x23,x23,1772	 x23:0x80020fba x23=0x800216a6
      551035000	     27450	80003fc2	00bba023	sw	x11,0(x23)	 x23:0x800216a6 x11:0x8001c877 PA:0x800216a6 store:0x8001c877 load:0xffff2425
      551395000	     27468	80003fc6	fd282883	lw	x17,-46(x16)	 x16:0x8001c8c9 x17=0x55565750 PA:0x8001c89b load:0x55565750
      551455000	     27471	80003fca	ff8b9a83	lh	x21,-8(x23)	 x23:0x800216a6 x21=0x00005455 PA:0x8002169e load:0x00005455
      551475000	     27472	80003fce	ff585083	lhu	x1,-11(x16)	 x16:0x8001c8c9  x1=0x00007475 PA:0x8001c8be load:0x00007475
      552035000	     27500	80003fd2	ffbbc703	lbu	x14,-5(x23)	 x23:0x800216a6 x14=0x0000005a PA:0x800216a1 load:0x0000005a
      552095000	     27503	80003fd6	00885883	lhu	x17,8(x16)	 x16:0x8001c8c9 x17=0x0000898a PA:0x8001c8d1 load:0x0000898a
      552215000	     27509	80003fda	006b8583	lb	x11,6(x23)	 x23:0x800216a6 x11=0x00000067 PA:0x800216ac load:0x00000067
      552235000	     27510	80003fde	ffcb9f23	sh	x28,-2(x23)	 x23:0x800216a6 x28:0xffffffff PA:0x800216a4 store:0xffffffff load:0x0000ffff
      552255000	     27511	80003fe2	fe581003	lh	x0,-27(x16)	 x16:0x8001c8c9  x0=0x00000000 PA:0x8001c8ae load:0x00006465
      552275000	     27512	80003fe6	014812a3	sh	x20,5(x16)	 x16:0x8001c8c9 x20:0x00000057 PA:0x8001c8ce store:0x00000057 load:0x0000ffff
      552295000	     27513	80003fea	00018b17	auipc	x22,0x18	 x22=0x8001bfea
      552635000	     27530	80003fee	3c6b0b13	addi	x22,x22,966	 x22:0x8001bfea x22=0x8001c3b0
      553055000	     27551	80003ff2	00027097	auipc	x1,0x27	  x1=0x8002aff2
      553075000	     27552	80003ff6	c3d08093	addi	x1,x1,-963	  x1:0x8002aff2  x1=0x8002ac2f
      553135000	     27555	80003ffa	032b1e23	sh	x18,60(x22)	 x22:0x8001c3b0 x18:0x1415161f PA:0x8001c3ec store:0x1415161f load:0x0000ffff
      553215000	     27559	80003ffe	50308e83	lb	x29,1283(x1)	  x1:0x8002ac2f x29=0xffffffe9 PA:0x8002b132 load:0xffffffe9
      553415000	     27569	80004002	ff5b1523	sh	x21,-22(x22)	 x22:0x8001c3b0 x21:0x00005455 PA:0x8001c39a store:0x00005455 load:0x0000ffff
      553835000	     27590	80004006	fd5b2b83	lw	x23,-43(x22)	 x22:0x8001c3b0 x23=0x433c3d3e PA:0x8001c385 load:0x433c3d3e
      553915000	     27594	8000400a	4f609823	sh	x22,1264(x1)	  x1:0x8002ac2f x22:0x8001c3b0 PA:0x8002b11f store:0x8001c3b0 load:0x0000ff3c
      554695000	     27633	8000400e	d740d303	lhu	x6,-652(x1)	  x1:0x8002ac2f  x6=0x00005f58 PA:0x8002a9a3 load:0x00005f58
      554755000	     27636	80004012	009b5b83	lhu	x23,9(x22)	 x22:0x8001c3b0 x23=0x00007172 PA:0x8001c3b9 load:0x00007172
      554775000	     27637	80004016	032b0923	sb	x18,50(x22)	 x22:0x8001c3b0 x18:0x1415161f PA:0x8001c3e2 store:0x1415161f load:0x000000ff
      555015000	     27649	8000401a	7b90d483	lhu	x9,1977(x1)	  x1:0x8002ac2f  x9=0x0000a2a3 PA:0x8002b3e8 load:0x0000a2a3
      555075000	     27652	8000401e	fcab1023	sh	x10,-64(x22)	 x22:0x8001c3b0 x10:0x0000e1e2 PA:0x8001c370 store:0x0000e1e2 load:0x0000ffff
      555375000	     27667	80004022	dd60a723	sw	x22,-562(x1)	  x1:0x8002ac2f x22:0x8001c3b0 PA:0x8002a9fd store:0x8001c3b0 load:0xff58595a
      555855000	     27691	80004026	febb2ca3	sw	x11,-7(x22)	 x22:0x8001c3b0 x11:0x00000067 PA:0x8001c3a9 store:0x00000067 load:0xff58595a
      555915000	     27694	8000402a	b5d08423	sb	x29,-1208(x1)	  x1:0x8002ac2f x29:0xffffffe9 PA:0x8002a777 store:0xffffffe9 load:0x000000ff
      556075000	     27702	8000402e	03db2023	sw	x29,32(x22)	 x22:0x8001c3b0 x29:0xffffffe9 PA:0x8001c3d0 store:0xffffffe9 load:0xffffffff
      556355000	     27716	80004032	c0809823	sh	x8,-1008(x1)	  x1:0x8002ac2f  x8:0x00000004 PA:0x8002a83f store:0x00000004 load:0x0000ff58
      556475000	     27722	80004036	010b2d83	lw	x27,16(x22)	 x22:0x8001c3b0 x27=0x0b797a7b PA:0x8001c3c0 load:0x0b797a7b
      556535000	     27725	8000403a	019b0aa3	sb	x25,21(x22)	 x22:0x8001c3b0 x25:0x80035ce4 PA:0x8001c3c5 store:0x80035ce4 load:0x000000ff
      556555000	     27726	8000403e	00019e97	auipc	x29,0x19	 x29=0x8001d03e
      556575000	     27727	80004042	bb0e8e93	addi	x29,x29,-1104	 x29:0x8001d03e x29=0x8001cbee
      556935000	     27745	80004046	0a4ea183	lw	x3,164(x29)	 x29:0x8001cbee  x3=0x4e4f4849 PA:0x8001cc92 load:0x4e4f4849
      557035000	     27750	8000404a	0a0ea223	sw	x0,164(x29)	 x29:0x8001cbee  x0:0x00000000 PA:0x8001cc92 store:0x00000000 load:0xffff4849
      557115000	     27754	8000404e	0a4ea503	lw	x10,164(x29)	 x29:0x8001cbee x10=0x00000000 PA:0x8001cc92 load:0x00000000
      557135000	     27755	80004052	e7cdea93	ori	x21,x27,-388	 x27:0x0b797a7b x21=0xfffffe7f
      557615000	     27779	80004056	0a2e9223	sh	x2,164(x29)	 x29:0x8001cbee  x2:0x8001c64f PA:0x8001cc92 store:0x8001c64f load:0x0000ffff
      557635000	     27780	8000405a	717d	c.addi16sp	x2,-16	  x2:0x8001c64f  x2=0x8001c63f
      557715000	     27784	8000405c	f9de9ea3	sh	x29,-99(x29)	 x29:0x8001cbee x29:0x8001cbee PA:0x8001cb8b store:0x8001cbee load:0x0000ff00
      557755000	     27786	80004060	0f7ea9a3	sw	x23,243(x29)	 x29:0x8001cbee x23:0x00007172 PA:0x8001cce1 store:0x00007172 load:0xff00004a
      557775000	     27787	80004064	0f3ed303	lhu	x6,243(x29)	 x29:0x8001cbee  x6=0x00007172 PA:0x8001cce1 load:0x00007172
      557975000	     27797	80004068	0efe9a23	sh	x15,244(x29)	 x29:0x8001cbee x15:0x00000057 PA:0x8001cce2 store:0x00000057 load:0x0000ffff
      558055000	     27801	8000406c	0f4e9283	lh	x5,244(x29)	 x29:0x8001cbee  x5=0x00000057 PA:0x8001cce2 load:0x00000057
      558115000	     27804	80004070	0f4e8a03	lb	x20,244(x29)	 x29:0x8001cbee x20=0x00000057 PA:0x8001cce2 load:0x00000057
      558235000	     27810	80004074	0ede8a23	sb	x13,244(x29)	 x29:0x8001cbee x13:0x00001677 PA:0x8001cce2 store:0x00001677 load:0x000000ff
      558775000	     27837	80004078	0f4ed003	lhu	x0,244(x29)	 x29:0x8001cbee  x0=0x00000000 PA:0x8001cce2 load:0x00000077
      559095000	     27853	8000407c	fe1ea023	sw	x1,-32(x29)	 x29:0x8001cbee  x1:0x8002ac2f PA:0x8001cbce store:0x8002ac2f load:0xffff0000
      559195000	     27858	80004080	f68edd03	lhu	x26,-152(x29)	 x29:0x8001cbee x26=0x00000c0d PA:0x8001cb56 load:0x00000c0d
      559475000	     27872	80004084	f6aea423	sw	x10,-152(x29)	 x29:0x8001cbee x10:0x00000000 PA:0x8001cb56 store:0x00000000 load:0xffff0000
      559935000	     27895	80004088	f68ec303	lbu	x6,-152(x29)	 x29:0x8001cbee  x6=0x00000000 PA:0x8001cb56 load:0x00000000
      560135000	     27905	8000408c	f6ee8423	sb	x14,-152(x29)	 x29:0x8001cbee x14:0x0000005a PA:0x8001cb56 store:0x0000005a load:0x000000ff
      560155000	     27906	80004090	0001c517	auipc	x10,0x1c	 x10=0x80020090
      560175000	     27907	80004094	40350513	addi	x10,x10,1027	 x10:0x80020090 x10=0x80020493
      560235000	     27910	80004098	ff050f03	lb	x30,-16(x10)	 x10:0x80020493 x30=0x00000038 PA:0x80020483 load:0x00000038
      560255000	     27911	8000409c	617d	c.addi16sp	x2,496	  x2:0x8001c63f  x2=0x8001c82f
      560275000	     27912	8000409e	8ddd	c.or	x11,x15	 x11:0x00000067 x15:0x00000057 x11=0x00000077
      560335000	     27915	800040a0	ff054c03	lbu	x24,-16(x10)	 x10:0x80020493 x24=0x00000038 PA:0x80020483 load:0x00000038
      560715000	     27934	800040a4	00e51e83	lh	x29,14(x10)	 x10:0x80020493 x29=0x0000595a PA:0x800204a1 load:0x0000595a
      560775000	     27937	800040a8	00050f23	sb	x0,30(x10)	 x10:0x80020493  x0:0x00000000 PA:0x800204b1 store:0x00000000 load:0x000000ff
      561175000	     27957	800040ac	fe955683	lhu	x13,-23(x10)	 x10:0x80020493 x13=0x00003637 PA:0x8002047c load:0x00003637
      561255000	     27961	800040b0	00554903	lbu	x18,5(x10)	 x10:0x80020493 x18=0x00000053 PA:0x80020498 load:0x00000053
      561275000	     27962	800040b4	00555d03	lhu	x26,5(x10)	 x10:0x80020493 x26=0x00005253 PA:0x80020498 load:0x00005253
      561455000	     27971	800040b8	00551103	lh	x2,5(x10)	 x10:0x80020493  x2=0x00005253 PA:0x80020498 load:0x00005253
      561515000	     27974	800040bc	fc054103	lbu	x2,-64(x10)	 x10:0x80020493  x2=0x00000008 PA:0x80020453 load:0x00000008
      561535000	     27975	800040c0	fc450383	lb	x7,-60(x10)	 x10:0x80020493  x7=0x0000000c PA:0x80020457 load:0x0000000c
      561555000	     27976	800040c4	e8887713	andi	x14,x16,-376	 x16:0x8001c8c9 x14=0x8001c888
      561815000	     27989	800040c8	01a50b83	lb	x23,26(x10)	 x10:0x80020493 x23=0x00000066 PA:0x800204ad load:0x00000066
      562015000	     27999	800040cc	98fd	c.andi	x9,-1	  x9:0x0000a2a3  x9=0x0000a2a3
      562795000	     28038	800040ce	027c6533	rem	x10,x24,x7	 x24:0x00000038  x7:0x0000000c x10=0x00000008
      562835000	     28040	800040d2	020d2033	mulhsu	x0,x26,x0	 x26:0x00005253  x0:0x00000000  x0=0x00000000
      562855000	     28041	800040d6	0d8fa097	auipc	x1,0xd8fa	  x1=0x8d8fe0d6
      562895000	     28043	800040da	03943633	mulhu	x12,x8,x25	  x8:0x00000004 x25:0x80035ce4 x12=0x00000002
      562915000	     28044	800040de	340ff173	csrrci	x2,mscratch,31	  x2=0x80035ce4
      562935000	     28045	800040e2	6175	c.addi16sp	x2,368	  x2:0x80035ce4  x2=0x80035e54
      563035000	     28050	800040e4	028c	c.addi4spn	x11,x2,320	 x11=0x80035f94
      563055000	     28051	800040e6	011fd293	srli	x5,x31,0x11	 x31:0x00000057  x5=0x00000000
      563075000	     28052	800040ea	012a0863	beq	x20,x18,800040fa	 x20:0x00000057 x18:0x00000053
      563095000	     28053	800040ee	017ba4b3	slt	x9,x23,x23	 x23:0x00000066 x23:0x00000066  x9=0x00000000
      563255000	     28061	800040f2	01c15f93	srli	x31,x2,0x1c	  x2:0x80035e54 x31=0x00000008
      563275000	     28062	800040f6	41fb5813	srai	x16,x22,0x1f	 x22:0x8001c3b0 x16=0xffffffff
      563295000	     28063	800040fa	8a4e	c.mv	x20,x19	  x0:0x00000000 x19:0x80031e64 x20=0x80031e64
      563315000	     28064	800040fc	0000100f	fence.i	
      563875000	     28092	80004100	920e	c.add	x4,x3	  x4:0xe3dcddde  x3:0x4e4f4849  x4=0x322c2627
      563895000	     28093	80004102	01e7c3b3	xor	x7,x15,x30	 x15:0x00000057 x30:0x00000038  x7=0x0000006f
      564235000	     28110	80004106	23d2a817	auipc	x16,0x23d2a	 x16=0xa3d2e106
      564255000	     28111	8000410a	06ca	c.slli	x13,0x12	 x13:0x00003637 x13=0xd8dc0000
      564275000	     28112	8000410c	8da1	c.xor	x11,x8	 x11:0x80035f94  x8:0x00000004 x11=0x80035f90
      565095000	     28153	8000410e	03755933	divu	x18,x10,x23	 x10:0x00000008 x23:0x00000066 x18=0x00000000
      565115000	     28154	80004112	4e71	c.li	x28,28	 x28=0x0000001c
      565135000	     28155	80004114	34003f73	csrrc	x30,mscratch,x0	  x0:0x00000000 x30=0x80035ce0
      565155000	     28156	80004118	eac57893	andi	x17,x10,-340	 x10:0x00000008 x17=0x00000008
      565175000	     28157	8000411c	717d	c.addi16sp	x2,-16	  x2:0x80035e54  x2=0x80035e44
      565195000	     28158	8000411e	8619	c.srai	x12,0x6	 x12:0x00000002 x12=0x00000000
      565215000	     28159	80004120	8e65	c.and	x12,x9	 x12:0x00000000  x9:0x00000000 x12=0x00000000
      565235000	     28160	80004122	88d5	c.andi	x9,21	  x9:0x00000000  x9=0x00000000
      565255000	     28161	80004124	ec95	c.bnez	x9,80004160	  x9:0x00000000
      565655000	     28181	80004126	019833b3	sltu	x7,x16,x25	 x16:0xa3d2e106 x25:0x80035ce4  x7=0x00000000
      565915000	     28194	8000412a	fceff817	auipc	x16,0xfceff	 x16=0x7cf0312a
      565935000	     28195	8000412e	340db073	csrrc	x0,mscratch,x27	 x27:0x0b797a7b  x0=0x00000000
      565955000	     28196	80004132	00a65263	bge	x12,x10,80004136	 x12:0x00000000 x10:0x00000008
      565995000	     28198	80004136	039f3133	mulhu	x2,x30,x25	 x30:0x80035ce0 x25:0x80035ce4  x2=0x40035ced
      566215000	     28209	8000413a	0040a6b3	slt	x13,x1,x4	  x1:0x8d8fe0d6  x4:0x322c2627 x13=0x00000001
      566235000	     28210	8000413e	340371f3	csrrci	x3,mscratch,6	  x3=0x80020480
      566255000	     28211	80004142	1357a517	auipc	x10,0x1357a	 x10=0x9357e142
      566275000	     28212	80004146	91fa	c.add	x3,x30	  x3:0x80020480 x30:0x80035ce0  x3=0x00056160
      566295000	     28213	80004148	0ff0000f	fence	iorw,iorw	
      566515000	     28224	8000414c	01cbfb33	and	x22,x23,x28	 x23:0x00000066 x28:0x0000001c x22=0x00000004
      566655000	     28231	80004150	02574d33	div	x26,x14,x5	 x14:0x8001c888  x5:0x00000000 x26=0xffffffff
      566675000	     28232	80004154	415e8b33	sub	x22,x29,x21	 x29:0x0000595a x21:0xfffffe7f x22=0x00005adb
      567035000	     28250	80004158	0000100f	fence.i	
      567895000	     28293	8000415c	717d	c.addi16sp	x2,-16	  x2:0x40035ced  x2=0x40035cdd
      567915000	     28294	8000415e	0001	c.addi	x0,0	  x0:0x00000000  x0=0x00000000
      567935000	     28295	80004160	34007173	csrrci	x2,mscratch,0	  x2=0x80020480
      568315000	     28314	80004164	0000100f	fence.i	
      568935000	     28345	80004168	01df7b33	and	x22,x30,x29	 x30:0x80035ce0 x29:0x0000595a x22=0x00005840
      568995000	     28348	8000416c	4022df13	srai	x30,x5,0x2	  x5:0x00000000 x30=0x00000000
      569015000	     28349	80004170	01e2fdb3	and	x27,x5,x30	  x5:0x00000000 x30:0x00000000 x27=0x00000000
      569035000	     28350	80004174	6a71	c.lui	x20,0x1c	 x20=0x0001c000
      569055000	     28351	80004176	0e9a	c.slli	x29,0x6	 x29:0x0000595a x29=0x00165680
      569475000	     28372	80004178	0287b933	mulhu	x18,x15,x8	 x15:0x00000057  x8:0x00000004 x18=0x00000000
      569595000	     28378	8000417c	004423b3	slt	x7,x8,x4	  x8:0x00000004  x4:0x322c2627  x7=0x00000001
      569615000	     28379	80004180	0ff0000f	fence	iorw,iorw	
      569635000	     28380	80004184	00354333	xor	x6,x10,x3	 x10:0x9357e142  x3:0x00056160  x6=0x93528022
      569655000	     28381	80004188	6161	c.addi16sp	x2,80	  x2:0x80020480  x2=0x800204d0
      569935000	     28395	8000418a	0ff0000f	fence	iorw,iorw	
      569955000	     28396	8000418e	40ea5133	sra	x2,x20,x14	 x20:0x0001c000 x14:0x8001c888  x2=0x000001c0
      570155000	     28406	80004192	8443ab93	slti	x23,x7,-1980	  x7:0x00000001 x23=0x00000000
      570175000	     28407	80004196	83c2	c.mv	x7,x16	  x0:0x00000000 x16:0x7cf0312a  x7=0x7cf0312a
      570195000	     28408	80004198	8239	c.srli	x12,0xe	 x12:0x00000000 x12=0x00000000
      570215000	     28409	8000419a	00cd11b3	sll	x3,x26,x12	 x26:0xffffffff x12:0x00000000  x3=0xffffffff
      570235000	     28410	8000419e	85995937	lui	x18,0x85995	 x18=0x85995000
      570255000	     28411	800041a2	027e8063	beq	x29,x7,800041c2	 x29:0x00165680  x7:0x7cf0312a
      570455000	     28421	800041a6	02505133	divu	x2,x0,x5	  x0:0x00000000  x5:0x00000000  x2=0xffffffff
      570475000	     28422	800041aa	c1a418b7	lui	x17,0xc1a41	 x17=0xc1a41000
      570495000	     28423	800041ae	80f9	c.srli	x9,0x1e	  x9:0x00000000  x9=0x00000000
      570535000	     28425	800041b0	03672bb3	mulhsu	x23,x14,x22	 x14:0x8001c888 x22:0x00005840 x23=0xffffd3e0
      570595000	     28428	800041b4	0ff0000f	fence	iorw,iorw	
      570615000	     28429	800041b8	e48d	c.bnez	x9,800041e2	  x9:0x00000000
      571035000	     28450	800041ba	00bc5113	srli	x2,x24,0xb	 x24:0x00000038  x2=0x00000000
      571175000	     28457	800041be	aa05f293	andi	x5,x11,-1376	 x11:0x80035f90  x5=0x80035a80
      571195000	     28458	800041c2	340b5b73	csrrwi	x22,mscratch,22	 x22=0x80020480
      571215000	     28459	800041c6	00d62a33	slt	x20,x12,x13	 x12:0x00000000 x13:0x00000001 x20=0x00000001
      571415000	     28469	800041ca	00980663	beq	x16,x9,800041d6	 x16:0x7cf0312a  x9:0x00000000
      571435000	     28470	800041ce	6ee9	c.lui	x29,0x1a	 x29=0x0001a000
      571455000	     28471	800041d0	34003df3	csrrc	x27,mscratch,x0	  x0:0x00000000 x27=0x00000016
      571475000	     28472	800041d4	e539	c.bnez	x10,80004222	 x10:0x9357e142
      571735000	     28485	80004222	03f6d063	bge	x13,x31,80004242	 x13:0x00000001 x31:0x00000008
      572475000	     28522	80004226	028c4333	div	x6,x24,x8	 x24:0x00000038  x8:0x00000004  x6=0x0000000e
      581315000	     28964	8000422a	340315f3	csrrw	x11,mscratch,x6	  x6:0x0000000e x11=0x00000016
      581335000	     28965	8000422e	02545b63	bge	x8,x5,80004264	  x8:0x00000004  x5:0x80035a80
      581415000	     28969	80004264	8d59	c.or	x10,x14	 x10:0x9357e142 x14:0x8001c888 x10=0x9357e9ca
      581955000	     28996	80004266	8061c193	xori	x3,x3,-2042	  x3:0xffffffff  x3=0x000007f9
      581975000	     28997	8000426a	717d	c.addi16sp	x2,-16	  x2:0x00000000  x2=0xfffffff0
      582175000	     29007	8000426c	bec4aa13	slti	x20,x9,-1044	  x9:0x00000000 x20=0x00000000
      582195000	     29008	80004270	340066f3	csrrsi	x13,mscratch,0	 x13=0x0000000e
      582375000	     29017	80004274	00eaa1b3	slt	x3,x21,x14	 x21:0xfffffe7f x14:0x8001c888  x3=0x00000000
      582555000	     29026	80004278	008e9133	sll	x2,x29,x8	 x29:0x0001a000  x8:0x00000004  x2=0x001a0000
      582575000	     29027	8000427c	5bfd	c.li	x23,-1	 x23=0xffffffff
      583335000	     29065	8000427e	03c7c8b3	div	x17,x15,x28	 x15:0x00000057 x28:0x0000001c x17=0x00000003
      583355000	     29066	80004282	412a82b3	sub	x5,x21,x18	 x21:0xfffffe7f x18:0x85995000  x5=0x7a66ae7f
      583375000	     29067	80004286	03f45663	bge	x8,x31,800042b2	  x8:0x00000004 x31:0x00000008
      583395000	     29068	8000428a	005044b3	xor	x9,x0,x5	  x0:0x00000000  x5:0x7a66ae7f  x9=0x7a66ae7f
      583415000	     29069	8000428e	0ff0000f	fence	iorw,iorw	
      583435000	     29070	80004292	99fd	c.andi	x11,-1	 x11:0x00000016 x11=0x00000016
      584175000	     29107	80004294	03a1e533	rem	x10,x3,x26	  x3:0x00000000 x26:0xffffffff x10=0x00000000
      584915000	     29144	80004298	029ae133	rem	x2,x21,x9	 x21:0xfffffe7f  x9:0x7a66ae7f  x2=0xfffffe7f
      584935000	     29145	8000429c	717d	c.addi16sp	x2,-16	  x2:0xfffffe7f  x2=0xfffffe6f
      585675000	     29182	8000429e	0251fdb3	remu	x27,x3,x5	  x3:0x00000000  x5:0x7a66ae7f x27=0x00000000
      585695000	     29183	800042a2	ef11	c.bnez	x14,800042be	 x14:0x8001c888
      586655000	     29231	800042be	0159da93	srli	x21,x19,0x15	 x19:0x80031e64 x21=0x00000400
      586675000	     29232	800042c2	8d81	c.sub	x11,x8	 x11:0x00000016  x8:0x00000004 x11=0x00000012
      586695000	     29233	800042c4	41e601b3	sub	x3,x12,x30	 x12:0x00000000 x30:0x00000000  x3=0x00000000
      586835000	     29240	800042c8	017d1693	slli	x13,x26,0x17	 x26:0xffffffff x13=0xff800000
      586855000	     29241	800042cc	05851e63	bne	x10,x24,80004328	 x10:0x00000000 x24:0x00000038
      587395000	     29268	80004328	01bd1293	slli	x5,x26,0x1b	 x26:0xffffffff  x5=0xf8000000
      587815000	     29289	8000432c	41b4ddb3	sra	x27,x9,x27	  x9:0x7a66ae7f x27:0x00000000 x27=0x7a66ae7f
      587835000	     29290	80004330	0000100f	fence.i	
      588455000	     29321	80004334	00a27b33	and	x22,x4,x10	  x4:0x322c2627 x10:0x00000000 x22=0x00000000
      588535000	     29325	80004338	0d22	c.slli	x26,0x8	 x26:0xffffffff x26=0xffffff00
      588675000	     29332	8000433a	034d9163	bne	x27,x20,8000435c	 x27:0x7a66ae7f x20:0x00000000
      589395000	     29368	8000435c	02031363	bne	x6,x0,80004382	  x6:0x0000000e  x0:0x00000000
      589815000	     29389	80004382	8ca5	c.xor	x9,x9	  x9:0x7a66ae7f  x9:0x7a66ae7f  x9=0x00000000
      590235000	     29410	80004384	9b939db7	lui	x27,0x9b939	 x27=0x9b939000
      590415000	     29419	80004388	03637533	remu	x10,x6,x22	  x6:0x0000000e x22:0x00000000 x10=0x0000000e
      590495000	     29423	8000438c	85e5	c.srai	x11,0x19	 x11:0x00000012 x11=0x00000000
      590535000	     29425	8000438e	08d71763	bne	x14,x13,8000441c	 x14:0x8001c888 x13:0xff800000
      591195000	     29458	8000441c	028e22b3	mulhsu	x5,x28,x8	 x28:0x0000001c  x8:0x00000004  x5=0x00000000
      591235000	     29460	80004420	717d	c.addi16sp	x2,-16	  x2:0xfffffe6f  x2=0xfffffe5f
      591255000	     29461	80004422	1688	c.addi4spn	x10,x2,864	 x10=0x000001bf
      591275000	     29462	80004424	340ef773	csrrci	x14,mscratch,29	 x14=0x0000000e
      591395000	     29468	80004428	86d1	c.srai	x13,0x14	 x13:0xff800000 x13=0xfffffff8
      591415000	     29469	8000442a	00ecbc33	sltu	x24,x25,x14	 x25:0x80035ce4 x14:0x0000000e x24=0x00000000
      591575000	     29477	8000442e	bea76b93	ori	x23,x14,-1046	 x14:0x0000000e x23=0xfffffbee
      591595000	     29478	80004432	0026d4b3	srl	x9,x13,x2	 x13:0xfffffff8  x2:0xfffffe5f  x9=0x00000001
      591615000	     29479	80004436	01d2b633	sltu	x12,x5,x29	  x5:0x00000000 x29:0x0001a000 x12=0x00000001
      592035000	     29500	8000443a	04415363	bge	x2,x4,80004480	  x2:0xfffffe5f  x4:0x322c2627
      592055000	     29501	8000443e	8e0d	c.sub	x12,x11	 x12:0x00000001 x11:0x00000000 x12=0x00000001
      592075000	     29502	80004440	00455fb3	srl	x31,x10,x4	 x10:0x000001bf  x4:0x322c2627 x31=0x00000003
      592095000	     29503	80004444	a52f7f13	andi	x30,x30,-1454	 x30:0x00000000 x30=0x00000000
      592115000	     29504	80004448	002e0f63	beq	x28,x2,80004466	 x28:0x0000001c  x2:0xfffffe5f
      592135000	     29505	8000444c	0ff0000f	fence	iorw,iorw	
      592275000	     29512	80004450	e31ce313	ori	x6,x25,-463	 x25:0x80035ce4  x6=0xfffffef5
      592295000	     29513	80004454	003646b3	xor	x13,x12,x3	 x12:0x00000001  x3:0x00000000 x13=0x00000001
      592315000	     29514	80004458	c48d	c.beqz	x9,80004482	  x9:0x00000001
      592455000	     29521	8000445a	340331f3	csrrc	x3,mscratch,x6	  x6:0xfffffef5  x3=0x00000002
      592495000	     29523	8000445e	00769133	sll	x2,x13,x7	 x13:0x00000001  x7:0x7cf0312a  x2=0x00000400
      592515000	     29524	80004462	8ed1	c.or	x13,x12	 x13:0x00000001 x12:0x00000001 x13=0x00000001
      592535000	     29525	80004464	8d45	c.or	x10,x9	 x10:0x000001bf  x9:0x00000001 x10=0x000001bf
      592815000	     29539	80004466	5b3f7b13	andi	x22,x30,1459	 x30:0x00000000 x22=0x00000000
      592835000	     29540	8000446a	5c33b113	sltiu	x2,x7,1475	  x7:0x7cf0312a  x2=0x00000000
      592855000	     29541	8000446e	6c6fe513	ori	x10,x31,1734	 x31:0x00000003 x10=0x000006c7
      592875000	     29542	80004472	00c91c13	slli	x24,x18,0xc	 x18:0x85995000 x24=0x95000000
      593155000	     29556	80004476	01939593	slli	x11,x7,0x19	  x7:0x7cf0312a x11=0x54000000
      593175000	     29557	8000447a	0001	c.addi	x0,0	  x0:0x00000000  x0=0x00000000
      593915000	     29594	8000447c	027ac833	div	x16,x21,x7	 x21:0x00000400  x7:0x7cf0312a x16=0x00000000
      593935000	     29595	80004480	84ed	c.srai	x9,0x1b	  x9:0x00000001  x9=0x00000000
      593955000	     29596	80004482	ec99	c.bnez	x9,800044a0	  x9:0x00000000
      593975000	     29597	80004484	037a88b3	mul	x17,x21,x23	 x21:0x00000400 x23:0xfffffbee x17=0xffefb800
      594055000	     29601	80004488	02d55063	bge	x10,x13,800044a8	 x10:0x000006c7 x13:0x00000001
      595215000	     29659	800044a8	340b71f3	csrrci	x3,mscratch,22	  x3=0x00000002
      595235000	     29660	800044ac	408dd193	srai	x3,x27,0x8	 x27:0x9b939000  x3=0xff9b9390
      595255000	     29661	800044b0	059a9063	bne	x21,x25,800044f0	 x21:0x00000400 x25:0x80035ce4
      595715000	     29684	800044f0	8521	c.srai	x10,0x8	 x10:0x000006c7 x10=0x00000006
      596635000	     29730	800044f2	039efc33	remu	x24,x29,x25	 x29:0x0001a000 x25:0x80035ce4 x24=0x0001a000
      596655000	     29731	800044f6	34082973	csrrs	x18,mscratch,x16	 x16:0x00000000 x18=0x00000000
      596675000	     29732	800044fa	340077f3	csrrci	x15,mscratch,0	 x15=0x00000000
      596695000	     29733	800044fe	01f4b1b3	sltu	x3,x9,x31	  x9:0x00000000 x31:0x00000003  x3=0x00000001
      596715000	     29734	80004502	00989333	sll	x6,x17,x9	 x17:0xffefb800  x9:0x00000000  x6=0xffefb800
      596735000	     29735	80004506	830d	c.srli	x14,0x3	 x14:0x0000000e x14=0x00000001
      596755000	     29736	80004508	34002a73	csrrs	x20,mscratch,x0	  x0:0x00000000 x20=0x00000000
      596775000	     29737	8000450c	34002af3	csrrs	x21,mscratch,x0	  x0:0x00000000 x21=0x00000000
      596795000	     29738	80004510	01d2fd33	and	x26,x5,x29	  x5:0x00000000 x29:0x0001a000 x26=0x00000000
      596835000	     29740	80004514	03419f33	mulh	x30,x3,x20	  x3:0x00000001 x20:0x00000000 x30=0x00000000
      596855000	     29741	80004518	015b68b3	or	x17,x22,x21	 x22:0x00000000 x21:0x00000000 x17=0x00000000
      596895000	     29743	8000451c	340062f3	csrrsi	x5,mscratch,0	  x5=0x00000000
      596915000	     29744	80004520	8ff1	c.and	x15,x12	 x15:0x00000000 x12:0x00000001 x15=0x00000000
      597095000	     29753	80004522	03a74663	blt	x14,x26,8000454e	 x14:0x00000001 x26:0x00000000
      597255000	     29761	80004526	86b2e493	ori	x9,x5,-1941	  x5:0x00000000  x9=0xfffff86b
      597275000	     29762	8000452a	03f16263	bltu	x2,x31,8000454e	  x2:0x00000000 x31:0x00000003
      598675000	     29832	8000454e	015d5193	srli	x3,x26,0x15	 x26:0x00000000  x3=0x00000000
      599095000	     29853	80004552	81f19bb7	lui	x23,0x81f19	 x23=0x81f19000
      599135000	     29855	80004556	3402def3	csrrwi	x29,mscratch,5	 x29=0x00000000
      599575000	     29877	8000455a	03d89933	mulh	x18,x17,x29	 x17:0x00000000 x29:0x00000000 x18=0x00000000
      599595000	     29878	8000455e	77fb7a93	andi	x21,x22,1919	 x22:0x00000000 x21=0x00000000
      600335000	     29915	80004562	028bd4b3	divu	x9,x23,x8	 x23:0x81f19000  x8:0x00000004  x9=0x207c6400
      600375000	     29917	80004566	0227a3b3	mulhsu	x7,x15,x2	 x15:0x00000000  x2:0x00000000  x7=0x00000000
      600395000	     29918	8000456a	e391	c.bnez	x15,8000456e	 x15:0x00000000
      600415000	     29919	8000456c	cd9d	c.beqz	x11,800045aa	 x11:0x54000000
      600435000	     29920	8000456e	c2c5c493	xori	x9,x11,-980	 x11:0x54000000  x9=0xabfffc2c
      600455000	     29921	80004572	029a80b3	mul	x1,x21,x9	 x21:0x00000000  x9:0xabfffc2c  x1=0x00000000
      600475000	     29922	80004576	8df1	c.and	x11,x12	 x11:0x54000000 x12:0x00000001 x11=0x00000000
      601215000	     29959	80004578	02a7d2b3	divu	x5,x15,x10	 x15:0x00000000 x10:0x00000006  x5=0x00000000
      601955000	     29996	8000457c	02864333	div	x6,x12,x8	 x12:0x00000001  x8:0x00000004  x6=0x00000000
      601995000	     29998	80004580	0234bf33	mulhu	x30,x9,x3	  x9:0xabfffc2c  x3:0x00000000 x30=0x00000000
      602015000	     29999	80004584	fbe83f93	sltiu	x31,x16,-66	 x16:0x00000000 x31=0x00000001
      602055000	     30001	80004588	02fcb3b3	mulhu	x7,x25,x15	 x25:0x80035ce4 x15:0x00000000  x7=0x00000000
      602075000	     30002	8000458c	0ff0000f	fence	iorw,iorw	
      602095000	     30003	80004590	00eeaab3	slt	x21,x29,x14	 x29:0x00000000 x14:0x00000001 x21=0x00000001
      602115000	     30004	80004594	8dcd	c.or	x11,x11	 x11:0x00000000 x11:0x00000000 x11=0x00000000
      602135000	     30005	80004596	0508	c.addi4spn	x10,x2,640	 x10=0x00000280
      602335000	     30015	80004598	836d	c.srli	x14,0x1b	 x14:0x00000001 x14=0x00000000
      602355000	     30016	8000459a	009e4e63	blt	x28,x9,800045b6	 x28:0x0000001c  x9:0xabfffc2c
      602395000	     30018	8000459e	0232bdb3	mulhu	x27,x5,x3	  x5:0x00000000  x3:0x00000000 x27=0x00000000
      602415000	     30019	800045a2	84d9	c.srai	x9,0x16	  x9:0xabfffc2c  x9=0xfffffeaf
      602435000	     30020	800045a4	cc8d	c.beqz	x9,800045de	  x9:0xfffffeaf
      602455000	     30021	800045a6	8e01	c.sub	x12,x8	 x12:0x00000001  x8:0x00000004 x12=0xfffffffd
      602575000	     30027	800045a8	0d10	c.addi4spn	x12,x2,656	 x12=0x00000290
      602595000	     30028	800045aa	4a670bb7	lui	x23,0x4a670	 x23=0x4a670000
      602615000	     30029	800045ae	772d7813	andi	x16,x26,1906	 x26:0x00000000 x16=0x00000000
      602655000	     30031	800045b2	400757b3	sra	x15,x14,x0	 x14:0x00000000  x0:0x00000000 x15=0x00000000
      603115000	     30054	800045b6	340ea073	csrrs	x0,mscratch,x29	 x29:0x00000000  x0=0x00000000
      603135000	     30055	800045ba	8321	c.srli	x14,0x8	 x14:0x00000000 x14=0x00000000
      603155000	     30056	800045bc	ef15	c.bnez	x14,800045f8	 x14:0x00000000
      603895000	     30093	800045be	029d4b33	div	x22,x26,x9	 x26:0x00000000  x9:0xfffffeaf x22=0x00000000
      603915000	     30094	800045c2	f5d1c013	xori	x0,x3,-163	  x3:0x00000000  x0=0x00000000
      603935000	     30095	800045c6	97ae	c.add	x15,x11	 x15:0x00000000 x11:0x00000000 x15=0x00000000
      603955000	     30096	800045c8	00e59eb3	sll	x29,x11,x14	 x11:0x00000000 x14:0x00000000 x29=0x00000000
      603975000	     30097	800045cc	c899	c.beqz	x9,800045e2	  x9:0xfffffeaf
      603995000	     30098	800045ce	0064b733	sltu	x14,x9,x6	  x9:0xfffffeaf  x6:0x00000000 x14=0x00000000
      604015000	     30099	800045d2	04484363	blt	x16,x4,80004618	 x16:0x00000000  x4:0x322c2627
      604655000	     30131	80004618	2a254e13	xori	x28,x10,674	 x10:0x00000280 x28=0x00000022
      604695000	     30133	8000461c	032322b3	mulhsu	x5,x6,x18	  x6:0x00000000 x18:0x00000000  x5=0x00000000
      605815000	     30189	80004620	0335d633	divu	x12,x11,x19	 x11:0x00000000 x19:0x80031e64 x12=0x00000000
      605835000	     30190	80004624	0001	c.addi	x0,0	  x0:0x00000000  x0=0x00000000
      605855000	     30191	80004626	812d	c.srli	x10,0xb	 x10:0x00000280 x10=0x00000000
      605875000	     30192	80004628	fcda3f93	sltiu	x31,x20,-51	 x20:0x00000000 x31=0x00000001
      605915000	     30194	8000462c	0222dbb3	divu	x23,x5,x2	  x5:0x00000000  x2:0x00000000 x23=0xffffffff
      605935000	     30195	80004630	0034c7b3	xor	x15,x9,x3	  x9:0xfffffeaf  x3:0x00000000 x15=0xfffffeaf
      605955000	     30196	80004634	e205	c.bnez	x12,80004654	 x12:0x00000000
      605975000	     30197	80004636	34006273	csrrsi	x4,mscratch,0	  x4=0x00000005
      605995000	     30198	8000463a	0001	c.addi	x0,0	  x0:0x00000000  x0=0x00000000
      606135000	     30205	8000463c	0096d233	srl	x4,x13,x9	 x13:0x00000001  x9:0xfffffeaf  x4=0x00000000
      606155000	     30206	80004640	340ea5f3	csrrs	x11,mscratch,x29	 x29:0x00000000 x11=0x00000005
      606235000	     30210	80004644	0120ef33	or	x30,x1,x18	  x1:0x00000000 x18:0x00000000 x30=0x00000000
      606575000	     30227	80004648	0001	c.addi	x0,0	  x0:0x00000000  x0=0x00000000
      606595000	     30228	8000464a	a87a6593	ori	x11,x20,-1401	 x20:0x00000000 x11=0xfffffa87
      606615000	     30229	8000464e	1b7d	c.addi	x22,-1	 x22:0x00000000 x22=0xffffffff
      606695000	     30233	80004650	034b26b3	mulhsu	x13,x22,x20	 x22:0xffffffff x20:0x00000000 x13=0x00000000
      607095000	     30253	80004654	34029373	csrrw	x6,mscratch,x5	  x5:0x00000000  x6=0x00000005
      607235000	     30260	80004658	3409e6f3	csrrsi	x13,mscratch,19	 x13=0x00000000
      607675000	     30282	8000465c	03ebca33	div	x20,x23,x30	 x23:0xffffffff x30:0x00000000 x20=0xffffffff
      607775000	     30287	80004660	e3cc3b97	auipc	x23,0xe3cc3	 x23=0x63cc7660
      607795000	     30288	80004664	3400f0f3	csrrci	x1,mscratch,1	  x1=0x00000013
      608035000	     30300	80004668	0372cc63	blt	x5,x23,800046a0	  x5:0x00000000 x23:0x63cc7660
      608195000	     30308	800046a0	0ff0000f	fence	iorw,iorw	
      608615000	     30329	800046a4	02ac6fb3	rem	x31,x24,x10	 x24:0x0001a000 x10:0x00000000 x31=0x0001a000
      609015000	     30349	800046a8	951e	c.add	x10,x7	 x10:0x00000000  x7:0x00000000 x10=0x00000000
      609035000	     30350	800046aa	4c29	c.li	x24,10	 x24=0x0000000a
      609055000	     30351	800046ac	34003c73	csrrc	x24,mscratch,x0	  x0:0x00000000 x24=0x00000012
      609435000	     30370	800046b0	717d	c.addi16sp	x2,-16	  x2:0x00000000  x2=0xfffffff0
      609455000	     30371	800046b2	9b7d	c.andi	x14,-1	 x14:0x00000000 x14=0x00000000
      609475000	     30372	800046b4	6de5de97	auipc	x29,0x6de5d	 x29=0xede616b4
      609875000	     30392	800046b8	84a5	c.srai	x9,0x9	  x9:0xfffffeaf  x9=0xffffffff
      609915000	     30394	800046ba	01801933	sll	x18,x0,x24	  x0:0x00000000 x24:0x00000012 x18=0x00000000
      610335000	     30415	800046be	b2f65117	auipc	x2,0xb2f65	  x2=0x32f696be
      610355000	     30416	800046c2	717d	c.addi16sp	x2,-16	  x2:0x32f696be  x2=0x32f696ae
      610375000	     30417	800046c4	01dd3733	sltu	x14,x26,x29	 x26:0x00000000 x29:0xede616b4 x14=0x00000001
      610395000	     30418	800046c8	9b7d	c.andi	x14,-1	 x14:0x00000001 x14=0x00000001
      610555000	     30426	800046ca	03b4aab3	mulhsu	x21,x9,x27	  x9:0xffffffff x27:0x00000000 x21=0x00000000
      610575000	     30427	800046ce	40a7db93	srai	x23,x15,0xa	 x15:0xfffffeaf x23=0xffffffff
      610595000	     30428	800046d2	025c8eb3	mul	x29,x25,x5	 x25:0x80035ce4  x5:0x00000000 x29=0x00000000
      610615000	     30429	800046d6	1c98	c.addi4spn	x14,x2,624	 x14=0x32f6991e
      610635000	     30430	800046d8	00bb4263	blt	x22,x11,800046dc	 x22:0xffffffff x11:0xfffffa87
      610655000	     30431	800046dc	40f75c33	sra	x24,x14,x15	 x14:0x32f6991e x15:0xfffffeaf x24=0x000065ed
      610675000	     30432	800046e0	8b61	c.andi	x14,24	 x14:0x32f6991e x14=0x00000018
      610695000	     30433	800046e2	00f1eeb3	or	x29,x3,x15	  x3:0x00000000 x15:0xfffffeaf x29=0xfffffeaf
      610715000	     30434	800046e6	8df9	c.and	x11,x14	 x11:0xfffffa87 x14:0x00000018 x11=0x00000000
      610735000	     30435	800046e8	0149ac33	slt	x24,x19,x20	 x19:0x80031e64 x20:0xffffffff x24=0x00000001
      610755000	     30436	800046ec	013cb8b3	sltu	x17,x25,x19	 x25:0x80035ce4 x19:0x80031e64 x17=0x00000000
      610815000	     30439	800046f0	e6a1	c.bnez	x13,80004738	 x13:0x00000000
      610835000	     30440	800046f2	41945db3	sra	x27,x8,x25	  x8:0x00000004 x25:0x80035ce4 x27=0x00000000
      611035000	     30450	800046f6	01977663	bgeu	x14,x25,80004702	 x14:0x00000018 x25:0x80035ce4
      611055000	     30451	800046fa	1494	c.addi4spn	x13,x2,608	 x13=0x32f6990e
      611075000	     30452	800046fc	0b3a	c.slli	x22,0xe	 x22:0xffffffff x22=0xffffc000
      611155000	     30456	800046fe	340312f3	csrrw	x5,mscratch,x6	  x6:0x00000005  x5=0x00000012
      611175000	     30457	80004702	8df9	c.and	x11,x14	 x11:0x00000000 x14:0x00000018 x11=0x00000000
      611575000	     30477	80004704	02cf9263	bne	x31,x12,80004728	 x31:0x0001a000 x12:0x00000000
      612515000	     30524	80004728	340efe73	csrrci	x28,mscratch,29	 x28=0x00000005
      612715000	     30534	8000472c	02045563	bge	x8,x0,80004756	  x8:0x00000004  x0:0x00000000
      612895000	     30543	80004756	93502337	lui	x6,0x93502	  x6=0x93502000
      612915000	     30544	8000475a	0001	c.addi	x0,0	  x0:0x00000000  x0=0x00000000
      629795000	     31388	8000475c	0a3e	c.slli	x20,0xf	 x20:0xffffffff x20=0xffff8000
      629815000	     31389	8000475e	03e78db3	mul	x27,x15,x30	 x15:0xfffffeaf x30:0x00000000 x27=0x00000000
      629835000	     31390	80004762	01785e13	srli	x28,x16,0x17	 x16:0x00000000 x28=0x00000000
      629855000	     31391	80004766	00ba90b3	sll	x1,x21,x11	 x21:0x00000000 x11:0x00000000  x1=0x00000000
      629875000	     31392	8000476a	0ff0000f	fence	iorw,iorw	
      629915000	     31394	8000476e	9804c513	xori	x10,x9,-1664	  x9:0xffffffff x10=0x0000067f
      630095000	     31403	80004772	5a612293	slti	x5,x2,1446	  x2:0x32f696ae  x5=0x00000000
      630115000	     31404	80004776	07c9	c.addi	x15,18	 x15:0xfffffeaf x15=0xfffffec1
      630515000	     31424	80004778	a1c0e813	ori	x16,x1,-1508	  x1:0x00000000 x16=0xfffffa1c
      630695000	     31433	8000477c	02efd163	bge	x31,x14,8000479e	 x31:0x0001a000 x14:0x00000018
      631555000	     31476	8000479e	0164a6b3	slt	x13,x9,x22	  x9:0xffffffff x22:0xffffc000 x13=0x00000000
      631575000	     31477	800047a2	827e	c.mv	x4,x31	  x0:0x00000000 x31:0x0001a000  x4=0x0001a000
      631595000	     31478	800047a4	00a25093	srli	x1,x4,0xa	  x4:0x0001a000  x1=0x00000068
      631615000	     31479	800047a8	0001	c.addi	x0,0	  x0:0x00000000  x0=0x00000000
      631655000	     31481	800047aa	02daafb3	mulhsu	x31,x21,x13	 x21:0x00000000 x13:0x00000000 x31=0x00000000
      631675000	     31482	800047ae	340c1973	csrrw	x18,mscratch,x24	 x24:0x00000001 x18=0x00000000
      631815000	     31489	800047b2	03a70033	mul	x0,x14,x26	 x14:0x00000018 x26:0x00000000  x0=0x00000000
      631915000	     31494	800047b6	02088063	beq	x17,x0,800047d6	 x17:0x00000000  x0:0x00000000
      632475000	     31522	800047d6	5d7d	c.li	x26,-1	 x26=0xffffffff
      632515000	     31524	800047d8	000e33b3	sltu	x7,x28,x0	 x28:0x00000000  x0:0x00000000  x7=0x00000000
      632595000	     31528	800047dc	672fe793	ori	x15,x31,1650	 x31:0x00000000 x15=0x00000672
      632975000	     31547	800047e0	02d4d1b3	divu	x3,x9,x13	  x9:0xffffffff x13:0x00000000  x3=0xffffffff
      632995000	     31548	800047e4	0000100f	fence.i	
      633215000	     31559	800047e8	00d11863	bne	x2,x13,800047f8	  x2:0x32f696ae x13:0x00000000
      633455000	     31571	800047f8	05a4f563	bgeu	x9,x26,80004842	  x9:0xffffffff x26:0xffffffff
      634375000	     31617	80004842	6605	c.lui	x12,0x1	 x12=0x00001000
      634695000	     31633	80004844	02dd88b3	mul	x17,x27,x13	 x27:0x00000000 x13:0x00000000 x17=0x00000000
      634875000	     31642	80004848	409c5e13	srai	x28,x24,0x9	 x24:0x00000001 x28=0x00000000
      634895000	     31643	8000484c	83d1	c.srli	x15,0x14	 x15:0x00000672 x15=0x00000000
      634915000	     31644	8000484e	e189	c.bnez	x11,80004850	 x11:0x00000000
      635095000	     31653	80004850	587d	c.li	x16,-1	 x16=0xffffffff
      635115000	     31654	80004852	ffffc417	auipc	x8,0xffffc	  x8=0x80000852
      635135000	     31655	80004856	b0040413	addi	x8,x8,-1280	  x8:0x80000852  x8=0x80000352
      635155000	     31656	8000485a	00040067	jalr	x0,0(x8)	  x8:0x80000352  x0=0x00000000
      635675000	     31682	80000352	90000b37	lui	x22,0x90000	 x22=0x90000000
      635695000	     31683	80000356	1b61	c.addi	x22,-8	 x22:0x90000000 x22=0x8ffffff8
      636095000	     31703	80000358	4601	c.li	x12,0	 x12=0x00000000
      636115000	     31704	8000035a	0622	c.slli	x12,0x8	 x12:0x00000000 x12=0x00000000
      636515000	     31724	8000035c	0605	c.addi	x12,1	 x12:0x00000000 x12=0x00000001
      636675000	     31732	8000035e	00cb2023	sw	x12,0(x22)	 x22:0x8ffffff8 x12:0x00000001 PA:0x8ffffff8 store:0x00000001 load:0xffffffff
      636695000	     31733	80000362	00000073	ecall	
      653535000	     32575	80002700	0800006f	jal	x0,80002780	  x0=0x00000000
      653755000	     32586	80002780	1cf1	c.addi	x25,-4	 x25:0x80035ce4 x25=0x80035ce0
      653875000	     32592	80002782	013ca023	sw	x19,0(x25)	 x25:0x80035ce0 x19:0x80031e64 PA:0x80035ce0 store:0x80031e64 load:0xffffffff
      654055000	     32601	80002786	000c89b3	add	x19,x25,x0	 x25:0x80035ce0  x0:0x00000000 x19=0x80035ce0
      654275000	     32612	8000278a	f8098993	addi	x19,x19,-128	 x19:0x80035ce0 x19=0x80035c60
      654395000	     32618	8000278e	0019a223	sw	x1,4(x19)	 x19:0x80035c60  x1:0x00000068 PA:0x80035c64 store:0x00000068 load:0xffffffff
      654875000	     32642	80002792	0029a423	sw	x2,8(x19)	 x19:0x80035c60  x2:0x32f696ae PA:0x80035c68 store:0x32f696ae load:0xffffffff
      655175000	     32657	80002796	0039a623	sw	x3,12(x19)	 x19:0x80035c60  x3:0xffffffff PA:0x80035c6c store:0xffffffff load:0xffffffff
      655315000	     32664	8000279a	0049a823	sw	x4,16(x19)	 x19:0x80035c60  x4:0x0001a000 PA:0x80035c70 store:0x0001a000 load:0xffffffff
      655575000	     32677	8000279e	0059aa23	sw	x5,20(x19)	 x19:0x80035c60  x5:0x00000000 PA:0x80035c74 store:0x00000000 load:0xffffffff
      655995000	     32698	800027a2	0069ac23	sw	x6,24(x19)	 x19:0x80035c60  x6:0x93502000 PA:0x80035c78 store:0x93502000 load:0xffffffff
      656595000	     32728	800027a6	0079ae23	sw	x7,28(x19)	 x19:0x80035c60  x7:0x00000000 PA:0x80035c7c store:0x00000000 load:0xffffffff
      656655000	     32731	800027aa	0289a023	sw	x8,32(x19)	 x19:0x80035c60  x8:0x80000352 PA:0x80035c80 store:0x80000352 load:0xffffffff
      656875000	     32742	800027ae	0299a223	sw	x9,36(x19)	 x19:0x80035c60  x9:0xffffffff PA:0x80035c84 store:0xffffffff load:0xffffffff
      656895000	     32743	800027b2	02a9a423	sw	x10,40(x19)	 x19:0x80035c60 x10:0x0000067f PA:0x80035c88 store:0x0000067f load:0xffffffff
      657035000	     32750	800027b6	02b9a623	sw	x11,44(x19)	 x19:0x80035c60 x11:0x00000000 PA:0x80035c8c store:0x00000000 load:0xffffffff
      657095000	     32753	800027ba	02c9a823	sw	x12,48(x19)	 x19:0x80035c60 x12:0x00000001 PA:0x80035c90 store:0x00000001 load:0xffffffff
      657115000	     32754	800027be	02d9aa23	sw	x13,52(x19)	 x19:0x80035c60 x13:0x00000000 PA:0x80035c94 store:0x00000000 load:0xffffffff
      657135000	     32755	800027c2	02e9ac23	sw	x14,56(x19)	 x19:0x80035c60 x14:0x00000018 PA:0x80035c98 store:0x00000018 load:0xffffffff
      657215000	     32759	800027c6	02f9ae23	sw	x15,60(x19)	 x19:0x80035c60 x15:0x00000000 PA:0x80035c9c store:0x00000000 load:0xffffffff
      657275000	     32762	800027ca	0509a023	sw	x16,64(x19)	 x19:0x80035c60 x16:0xffffffff PA:0x80035ca0 store:0xffffffff load:0xffffffff
      657495000	     32773	800027ce	0519a223	sw	x17,68(x19)	 x19:0x80035c60 x17:0x00000000 PA:0x80035ca4 store:0x00000000 load:0xffffffff
      657755000	     32786	800027d2	0529a423	sw	x18,72(x19)	 x19:0x80035c60 x18:0x00000000 PA:0x80035ca8 store:0x00000000 load:0xffffffff
      658075000	     32802	800027d6	0539a623	sw	x19,76(x19)	 x19:0x80035c60 x19:0x80035c60 PA:0x80035cac store:0x80035c60 load:0xffffffff
      658535000	     32825	800027da	0549a823	sw	x20,80(x19)	 x19:0x80035c60 x20:0xffff8000 PA:0x80035cb0 store:0xffff8000 load:0xffffffff
      658595000	     32828	800027de	0559aa23	sw	x21,84(x19)	 x19:0x80035c60 x21:0x00000000 PA:0x80035cb4 store:0x00000000 load:0xffffffff
      658775000	     32837	800027e2	0569ac23	sw	x22,88(x19)	 x19:0x80035c60 x22:0x8ffffff8 PA:0x80035cb8 store:0x8ffffff8 load:0xffffffff
      658835000	     32840	800027e6	0579ae23	sw	x23,92(x19)	 x19:0x80035c60 x23:0xffffffff PA:0x80035cbc store:0xffffffff load:0xffffffff
      658855000	     32841	800027ea	0789a023	sw	x24,96(x19)	 x19:0x80035c60 x24:0x00000001 PA:0x80035cc0 store:0x00000001 load:0xffffffff
      658895000	     32843	800027ee	0799a223	sw	x25,100(x19)	 x19:0x80035c60 x25:0x80035ce0 PA:0x80035cc4 store:0x80035ce0 load:0xffffffff
      659315000	     32864	800027f2	07a9a423	sw	x26,104(x19)	 x19:0x80035c60 x26:0xffffffff PA:0x80035cc8 store:0xffffffff load:0xffffffff
      659575000	     32877	800027f6	07b9a623	sw	x27,108(x19)	 x19:0x80035c60 x27:0x00000000 PA:0x80035ccc store:0x00000000 load:0xffffffff
      659655000	     32881	800027fa	07c9a823	sw	x28,112(x19)	 x19:0x80035c60 x28:0x00000000 PA:0x80035cd0 store:0x00000000 load:0xffffffff
      659875000	     32892	800027fe	07d9aa23	sw	x29,116(x19)	 x19:0x80035c60 x29:0xfffffeaf PA:0x80035cd4 store:0xfffffeaf load:0xffffffff
      659895000	     32893	80002802	07e9ac23	sw	x30,120(x19)	 x19:0x80035c60 x30:0x00000000 PA:0x80035cd8 store:0x00000000 load:0xffffffff
      659915000	     32894	80002806	07f9ae23	sw	x31,124(x19)	 x19:0x80035c60 x31:0x00000000 PA:0x80035cdc store:0x00000000 load:0xffffffff
      659935000	     32895	8000280a	00098cb3	add	x25,x19,x0	 x19:0x80035c60  x0:0x00000000 x25=0x80035c60
      659955000	     32896	8000280e	90000b37	lui	x22,0x90000	 x22=0x90000000
      659975000	     32897	80002812	1b71	c.addi	x22,-4	 x22:0x90000000 x22=0x8ffffffc
      659995000	     32898	80002814	4621	c.li	x12,8	 x12=0x00000008
      660015000	     32899	80002816	0622	c.slli	x12,0x8	 x12:0x00000008 x12=0x00000800
      660095000	     32903	80002818	00060613	addi	x12,x12,0	 x12:0x00000800 x12=0x00000800
      660355000	     32916	8000281c	00cb2023	sw	x12,0(x22)	 x22:0x8ffffffc x12:0x00000800 PA:0x8ffffffc store:0x00000800 load:0xffffffff
      660635000	     32930	80002820	34102673	csrrs	x12,mepc,x0	  x0:0x00000000 x12=0x80000362
      660795000	     32938	80002824	34202673	csrrs	x12,mcause,x0	  x0:0x00000000 x12=0x0000000b
      660975000	     32947	80002828	4b0d	c.li	x22,3	 x22=0x00000003
      661135000	     32955	8000282a	01661463	bne	x12,x22,80002832	 x12:0x0000000b x22:0x00000003
      661375000	     32967	80002832	4b21	c.li	x22,8	 x22=0x00000008
      661595000	     32978	80002834	05660d63	beq	x12,x22,8000288e	 x12:0x0000000b x22:0x00000008
      661935000	     32995	80002838	4b25	c.li	x22,9	 x22=0x00000009
      661975000	     32997	8000283a	05660a63	beq	x12,x22,8000288e	 x12:0x0000000b x22:0x00000009
      661995000	     32998	8000283e	4b2d	c.li	x22,11	 x22=0x0000000b
      662075000	     33002	80002840	05660763	beq	x12,x22,8000288e	 x12:0x0000000b x22:0x0000000b
      662775000	     33037	8000288e	90000b37	lui	x22,0x90000	 x22=0x90000000
      662795000	     33038	80002892	1b71	c.addi	x22,-4	 x22:0x90000000 x22=0x8ffffffc
      662895000	     33043	80002894	6605	c.lui	x12,0x1	 x12=0x00001000
      662915000	     33044	80002896	b0060613	addi	x12,x12,-1280	 x12:0x00001000 x12=0x00000b00
      662935000	     33045	8000289a	0622	c.slli	x12,0x8	 x12:0x00000b00 x12=0x000b0000
      662955000	     33046	8000289c	060d	c.addi	x12,3	 x12:0x000b0000 x12=0x000b0003
      663015000	     33049	8000289e	00cb2023	sw	x12,0(x22)	 x22:0x8ffffffc x12:0x000b0003 PA:0x8ffffffc store:0x000b0003 load:0xffffffff
      663055000	     33051	800028a2	b0002673	csrrs	x12,mcycle,x0	  x0:0x00000000 x12=0x00008118
      663135000	     33055	800028a6	00cb2023	sw	x12,0(x22)	 x22:0x8ffffffc x12:0x00008118 PA:0x8ffffffc store:0x00008118 load:0xffffffff
      663155000	     33056	800028aa	90000b37	lui	x22,0x90000	 x22=0x90000000
      663175000	     33057	800028ae	1b71	c.addi	x22,-4	 x22:0x90000000 x22=0x8ffffffc
      663195000	     33058	800028b0	6605	c.lui	x12,0x1	 x12=0x00001000
      663555000	     33076	800028b2	b8060613	addi	x12,x12,-1152	 x12:0x00001000 x12=0x00000b80
      663575000	     33077	800028b6	0622	c.slli	x12,0x8	 x12:0x00000b80 x12=0x000b8000
      663775000	     33087	800028b8	060d	c.addi	x12,3	 x12:0x000b8000 x12=0x000b8003
      664095000	     33103	800028ba	00cb2023	sw	x12,0(x22)	 x22:0x8ffffffc x12:0x000b8003 PA:0x8ffffffc store:0x000b8003 load:0xffffffff
      664475000	     33122	800028be	b8002673	csrrs	x12,mcycleh,x0	  x0:0x00000000 x12=0x00000000
      664635000	     33130	800028c2	00cb2023	sw	x12,0(x22)	 x22:0x8ffffffc x12:0x00000000 PA:0x8ffffffc store:0x00000000 load:0xffffffff
      664655000	     33131	800028c6	90000b37	lui	x22,0x90000	 x22=0x90000000
      664675000	     33132	800028ca	1b71	c.addi	x22,-4	 x22:0x90000000 x22=0x8ffffffc
      664695000	     33133	800028cc	6605	c.lui	x12,0x1	 x12=0x00001000
      664715000	     33134	800028ce	b0360613	addi	x12,x12,-1277	 x12:0x00001000 x12=0x00000b03
      664735000	     33135	800028d2	0622	c.slli	x12,0x8	 x12:0x00000b03 x12=0x000b0300
      664755000	     33136	800028d4	060d	c.addi	x12,3	 x12:0x000b0300 x12=0x000b0303
      665115000	     33154	800028d6	00cb2023	sw	x12,0(x22)	 x22:0x8ffffffc x12:0x000b0303 PA:0x8ffffffc store:0x000b0303 load:0xffffffff
      665135000	     33155	800028da	b0302673	csrrs	x12,mhpmcounter3,x0	  x0:0x00000000 x12=0x000014b8
      665475000	     33172	800028de	00cb2023	sw	x12,0(x22)	 x22:0x8ffffffc x12:0x000014b8 PA:0x8ffffffc store:0x000014b8 load:0xffffffff
      665495000	     33173	800028e2	90000b37	lui	x22,0x90000	 x22=0x90000000
      665515000	     33174	800028e6	1b71	c.addi	x22,-4	 x22:0x90000000 x22=0x8ffffffc
      665535000	     33175	800028e8	6605	c.lui	x12,0x1	 x12=0x00001000
      665555000	     33176	800028ea	b8360613	addi	x12,x12,-1149	 x12:0x00001000 x12=0x00000b83
      665575000	     33177	800028ee	0622	c.slli	x12,0x8	 x12:0x00000b83 x12=0x000b8300
      665595000	     33178	800028f0	060d	c.addi	x12,3	 x12:0x000b8300 x12=0x000b8303
      665655000	     33181	800028f2	00cb2023	sw	x12,0(x22)	 x22:0x8ffffffc x12:0x000b8303 PA:0x8ffffffc store:0x000b8303 load:0xffffffff
      665675000	     33182	800028f6	b8302673	csrrs	x12,mhpmcounter3h,x0	  x0:0x00000000 x12=0x00000000
      665935000	     33195	800028fa	00cb2023	sw	x12,0(x22)	 x22:0x8ffffffc x12:0x00000000 PA:0x8ffffffc store:0x00000000 load:0xffffffff
      665955000	     33196	800028fe	90000b37	lui	x22,0x90000	 x22=0x90000000
      665975000	     33197	80002902	1b71	c.addi	x22,-4	 x22:0x90000000 x22=0x8ffffffc
      665995000	     33198	80002904	6605	c.lui	x12,0x1	 x12=0x00001000
      666075000	     33202	80002906	b0460613	addi	x12,x12,-1276	 x12:0x00001000 x12=0x00000b04
      666095000	     33203	8000290a	0622	c.slli	x12,0x8	 x12:0x00000b04 x12=0x000b0400
      666115000	     33204	8000290c	060d	c.addi	x12,3	 x12:0x000b0400 x12=0x000b0403
      666315000	     33214	8000290e	00cb2023	sw	x12,0(x22)	 x22:0x8ffffffc x12:0x000b0403 PA:0x8ffffffc store:0x000b0403 load:0xffffffff
      666335000	     33215	80002912	b0402673	csrrs	x12,mhpmcounter4,x0	  x0:0x00000000 x12=0x00001bc0
      666395000	     33218	80002916	00cb2023	sw	x12,0(x22)	 x22:0x8ffffffc x12:0x00001bc0 PA:0x8ffffffc store:0x00001bc0 load:0xffffffff
      666415000	     33219	8000291a	90000b37	lui	x22,0x90000	 x22=0x90000000
      666435000	     33220	8000291e	1b71	c.addi	x22,-4	 x22:0x90000000 x22=0x8ffffffc
      666455000	     33221	80002920	6605	c.lui	x12,0x1	 x12=0x00001000
      666475000	     33222	80002922	b8460613	addi	x12,x12,-1148	 x12:0x00001000 x12=0x00000b84
      666495000	     33223	80002926	0622	c.slli	x12,0x8	 x12:0x00000b84 x12=0x000b8400
      666515000	     33224	80002928	060d	c.addi	x12,3	 x12:0x000b8400 x12=0x000b8403
      666895000	     33243	8000292a	00cb2023	sw	x12,0(x22)	 x22:0x8ffffffc x12:0x000b8403 PA:0x8ffffffc store:0x000b8403 load:0xffffffff
      666915000	     33244	8000292e	b8402673	csrrs	x12,mhpmcounter4h,x0	  x0:0x00000000 x12=0x00000000
      666975000	     33247	80002932	00cb2023	sw	x12,0(x22)	 x22:0x8ffffffc x12:0x00000000 PA:0x8ffffffc store:0x00000000 load:0xffffffff
      666995000	     33248	80002936	90000b37	lui	x22,0x90000	 x22=0x90000000
      667015000	     33249	8000293a	1b71	c.addi	x22,-4	 x22:0x90000000 x22=0x8ffffffc
      667035000	     33250	8000293c	6605	c.lui	x12,0x1	 x12=0x00001000
      667095000	     33253	8000293e	b0560613	addi	x12,x12,-1275	 x12:0x00001000 x12=0x00000b05
      667115000	     33254	80002942	0622	c.slli	x12,0x8	 x12:0x00000b05 x12=0x000b0500
      667135000	     33255	80002944	060d	c.addi	x12,3	 x12:0x000b0500 x12=0x000b0503
      667515000	     33274	80002946	00cb2023	sw	x12,0(x22)	 x22:0x8ffffffc x12:0x000b0503 PA:0x8ffffffc store:0x000b0503 load:0xffffffff
      667535000	     33275	8000294a	b0502673	csrrs	x12,mhpmcounter5,x0	  x0:0x00000000 x12=0x000002b2
      667995000	     33298	8000294e	00cb2023	sw	x12,0(x22)	 x22:0x8ffffffc x12:0x000002b2 PA:0x8ffffffc store:0x000002b2 load:0xffffffff
      668255000	     33311	80002952	90000b37	lui	x22,0x90000	 x22=0x90000000
      668275000	     33312	80002956	1b71	c.addi	x22,-4	 x22:0x90000000 x22=0x8ffffffc
      668295000	     33313	80002958	6605	c.lui	x12,0x1	 x12=0x00001000
      668315000	     33314	8000295a	b8560613	addi	x12,x12,-1147	 x12:0x00001000 x12=0x00000b85
      668335000	     33315	8000295e	0622	c.slli	x12,0x8	 x12:0x00000b85 x12=0x000b8500
      668455000	     33321	80002960	060d	c.addi	x12,3	 x12:0x000b8500 x12=0x000b8503
      668895000	     33343	80002962	00cb2023	sw	x12,0(x22)	 x22:0x8ffffffc x12:0x000b8503 PA:0x8ffffffc store:0x000b8503 load:0xffffffff
      668975000	     33347	80002966	b8502673	csrrs	x12,mhpmcounter5h,x0	  x0:0x00000000 x12=0x00000000
      669115000	     33354	8000296a	00cb2023	sw	x12,0(x22)	 x22:0x8ffffffc x12:0x00000000 PA:0x8ffffffc store:0x00000000 load:0xffffffff
      669135000	     33355	8000296e	90000b37	lui	x22,0x90000	 x22=0x90000000
      669155000	     33356	80002972	1b71	c.addi	x22,-4	 x22:0x90000000 x22=0x8ffffffc
      669315000	     33364	80002974	6605	c.lui	x12,0x1	 x12=0x00001000
      669335000	     33365	80002976	b0660613	addi	x12,x12,-1274	 x12:0x00001000 x12=0x00000b06
      669355000	     33366	8000297a	0622	c.slli	x12,0x8	 x12:0x00000b06 x12=0x000b0600
      669375000	     33367	8000297c	060d	c.addi	x12,3	 x12:0x000b0600 x12=0x000b0603
      669675000	     33382	8000297e	00cb2023	sw	x12,0(x22)	 x22:0x8ffffffc x12:0x000b0603 PA:0x8ffffffc store:0x000b0603 load:0xffffffff
      669695000	     33383	80002982	b0602673	csrrs	x12,mhpmcounter6,x0	  x0:0x00000000 x12=0x000001db
      669795000	     33388	80002986	00cb2023	sw	x12,0(x22)	 x22:0x8ffffffc x12:0x000001db PA:0x8ffffffc store:0x000001db load:0xffffffff
      669835000	     33390	8000298a	90000b37	lui	x22,0x90000	 x22=0x90000000
      669855000	     33391	8000298e	1b71	c.addi	x22,-4	 x22:0x90000000 x22=0x8ffffffc
      669875000	     33392	80002990	6605	c.lui	x12,0x1	 x12=0x00001000
      669975000	     33397	80002992	b8660613	addi	x12,x12,-1146	 x12:0x00001000 x12=0x00000b86
      669995000	     33398	80002996	0622	c.slli	x12,0x8	 x12:0x00000b86 x12=0x000b8600
      670015000	     33399	80002998	060d	c.addi	x12,3	 x12:0x000b8600 x12=0x000b8603
      670455000	     33421	8000299a	00cb2023	sw	x12,0(x22)	 x22:0x8ffffffc x12:0x000b8603 PA:0x8ffffffc store:0x000b8603 load:0xffffffff
      670475000	     33422	8000299e	b8602673	csrrs	x12,mhpmcounter6h,x0	  x0:0x00000000 x12=0x00000000
      670875000	     33442	800029a2	00cb2023	sw	x12,0(x22)	 x22:0x8ffffffc x12:0x00000000 PA:0x8ffffffc store:0x00000000 load:0xffffffff
      670895000	     33443	800029a6	90000b37	lui	x22,0x90000	 x22=0x90000000
      670915000	     33444	800029aa	1b71	c.addi	x22,-4	 x22:0x90000000 x22=0x8ffffffc
      670935000	     33445	800029ac	6605	c.lui	x12,0x1	 x12=0x00001000
      670955000	     33446	800029ae	b0760613	addi	x12,x12,-1273	 x12:0x00001000 x12=0x00000b07
      670975000	     33447	800029b2	0622	c.slli	x12,0x8	 x12:0x00000b07 x12=0x000b0700
      670995000	     33448	800029b4	060d	c.addi	x12,3	 x12:0x000b0700 x12=0x000b0703
      671055000	     33451	800029b6	00cb2023	sw	x12,0(x22)	 x22:0x8ffffffc x12:0x000b0703 PA:0x8ffffffc store:0x000b0703 load:0xffffffff
      671075000	     33452	800029ba	b0702673	csrrs	x12,mhpmcounter7,x0	  x0:0x00000000 x12=0x00000021
      671175000	     33457	800029be	00cb2023	sw	x12,0(x22)	 x22:0x8ffffffc x12:0x00000021 PA:0x8ffffffc store:0x00000021 load:0xffffffff
      671195000	     33458	800029c2	90000b37	lui	x22,0x90000	 x22=0x90000000
      671215000	     33459	800029c6	1b71	c.addi	x22,-4	 x22:0x90000000 x22=0x8ffffffc
      671235000	     33460	800029c8	6605	c.lui	x12,0x1	 x12=0x00001000
      671255000	     33461	800029ca	b8760613	addi	x12,x12,-1145	 x12:0x00001000 x12=0x00000b87
      671275000	     33462	800029ce	0622	c.slli	x12,0x8	 x12:0x00000b87 x12=0x000b8700
      671295000	     33463	800029d0	060d	c.addi	x12,3	 x12:0x000b8700 x12=0x000b8703
      671555000	     33476	800029d2	00cb2023	sw	x12,0(x22)	 x22:0x8ffffffc x12:0x000b8703 PA:0x8ffffffc store:0x000b8703 load:0xffffffff
      671915000	     33494	800029d6	b8702673	csrrs	x12,mhpmcounter7h,x0	  x0:0x00000000 x12=0x00000000
      672155000	     33506	800029da	00cb2023	sw	x12,0(x22)	 x22:0x8ffffffc x12:0x00000000 PA:0x8ffffffc store:0x00000000 load:0xffffffff
      672175000	     33507	800029de	90000b37	lui	x22,0x90000	 x22=0x90000000
      672195000	     33508	800029e2	1b71	c.addi	x22,-4	 x22:0x90000000 x22=0x8ffffffc
      672215000	     33509	800029e4	6605	c.lui	x12,0x1	 x12=0x00001000
      672235000	     33510	800029e6	b0860613	addi	x12,x12,-1272	 x12:0x00001000 x12=0x00000b08
      672255000	     33511	800029ea	0622	c.slli	x12,0x8	 x12:0x00000b08 x12=0x000b0800
      672275000	     33512	800029ec	060d	c.addi	x12,3	 x12:0x000b0800 x12=0x000b0803
      672315000	     33514	800029ee	00cb2023	sw	x12,0(x22)	 x22:0x8ffffffc x12:0x000b0803 PA:0x8ffffffc store:0x000b0803 load:0xffffffff
      672335000	     33515	800029f2	b0802673	csrrs	x12,mhpmcounter8,x0	  x0:0x00000000 x12=0x00000062
      672655000	     33531	800029f6	00cb2023	sw	x12,0(x22)	 x22:0x8ffffffc x12:0x00000062 PA:0x8ffffffc store:0x00000062 load:0xffffffff
      672675000	     33532	800029fa	90000b37	lui	x22,0x90000	 x22=0x90000000
      672695000	     33533	800029fe	1b71	c.addi	x22,-4	 x22:0x90000000 x22=0x8ffffffc
      672715000	     33534	80002a00	6605	c.lui	x12,0x1	 x12=0x00001000
      672735000	     33535	80002a02	b8860613	addi	x12,x12,-1144	 x12:0x00001000 x12=0x00000b88
      672755000	     33536	80002a06	0622	c.slli	x12,0x8	 x12:0x00000b88 x12=0x000b8800
      672775000	     33537	80002a08	060d	c.addi	x12,3	 x12:0x000b8800 x12=0x000b8803
      673295000	     33563	80002a0a	00cb2023	sw	x12,0(x22)	 x22:0x8ffffffc x12:0x000b8803 PA:0x8ffffffc store:0x000b8803 load:0xffffffff
      673315000	     33564	80002a0e	b8802673	csrrs	x12,mhpmcounter8h,x0	  x0:0x00000000 x12=0x00000000
      673675000	     33582	80002a12	00cb2023	sw	x12,0(x22)	 x22:0x8ffffffc x12:0x00000000 PA:0x8ffffffc store:0x00000000 load:0xffffffff
      673695000	     33583	80002a16	90000b37	lui	x22,0x90000	 x22=0x90000000
      673715000	     33584	80002a1a	1b71	c.addi	x22,-4	 x22:0x90000000 x22=0x8ffffffc
      673735000	     33585	80002a1c	6605	c.lui	x12,0x1	 x12=0x00001000
      673755000	     33586	80002a1e	b0960613	addi	x12,x12,-1271	 x12:0x00001000 x12=0x00000b09
      673775000	     33587	80002a22	0622	c.slli	x12,0x8	 x12:0x00000b09 x12=0x000b0900
      673795000	     33588	80002a24	060d	c.addi	x12,3	 x12:0x000b0900 x12=0x000b0903
      673855000	     33591	80002a26	00cb2023	sw	x12,0(x22)	 x22:0x8ffffffc x12:0x000b0903 PA:0x8ffffffc store:0x000b0903 load:0xffffffff
      673875000	     33592	80002a2a	b0902673	csrrs	x12,mhpmcounter9,x0	  x0:0x00000000 x12=0x0000002d
      674035000	     33600	80002a2e	00cb2023	sw	x12,0(x22)	 x22:0x8ffffffc x12:0x0000002d PA:0x8ffffffc store:0x0000002d load:0xffffffff
      674055000	     33601	80002a32	90000b37	lui	x22,0x90000	 x22=0x90000000
      674075000	     33602	80002a36	1b71	c.addi	x22,-4	 x22:0x90000000 x22=0x8ffffffc
      674095000	     33603	80002a38	6605	c.lui	x12,0x1	 x12=0x00001000
      674115000	     33604	80002a3a	b8960613	addi	x12,x12,-1143	 x12:0x00001000 x12=0x00000b89
      674135000	     33605	80002a3e	0622	c.slli	x12,0x8	 x12:0x00000b89 x12=0x000b8900
      674155000	     33606	80002a40	060d	c.addi	x12,3	 x12:0x000b8900 x12=0x000b8903
      674615000	     33629	80002a42	00cb2023	sw	x12,0(x22)	 x22:0x8ffffffc x12:0x000b8903 PA:0x8ffffffc store:0x000b8903 load:0xffffffff
      674635000	     33630	80002a46	b8902673	csrrs	x12,mhpmcounter9h,x0	  x0:0x00000000 x12=0x00000000
      674695000	     33633	80002a4a	00cb2023	sw	x12,0(x22)	 x22:0x8ffffffc x12:0x00000000 PA:0x8ffffffc store:0x00000000 load:0xffffffff
      674715000	     33634	80002a4e	90000b37	lui	x22,0x90000	 x22=0x90000000
      674735000	     33635	80002a52	1b71	c.addi	x22,-4	 x22:0x90000000 x22=0x8ffffffc
      674755000	     33636	80002a54	6605	c.lui	x12,0x1	 x12=0x00001000
      674775000	     33637	80002a56	b0a60613	addi	x12,x12,-1270	 x12:0x00001000 x12=0x00000b0a
      674795000	     33638	80002a5a	0622	c.slli	x12,0x8	 x12:0x00000b0a x12=0x000b0a00
      674815000	     33639	80002a5c	060d	c.addi	x12,3	 x12:0x000b0a00 x12=0x000b0a03
      674915000	     33644	80002a5e	00cb2023	sw	x12,0(x22)	 x22:0x8ffffffc x12:0x000b0a03 PA:0x8ffffffc store:0x000b0a03 load:0xffffffff
      674955000	     33646	80002a62	b0a02673	csrrs	x12,mhpmcounter10,x0	  x0:0x00000000 x12=0x00000227
      675795000	     33688	80002a66	00cb2023	sw	x12,0(x22)	 x22:0x8ffffffc x12:0x00000227 PA:0x8ffffffc store:0x00000227 load:0xffffffff
      675815000	     33689	80002a6a	90000b37	lui	x22,0x90000	 x22=0x90000000
      675835000	     33690	80002a6e	1b71	c.addi	x22,-4	 x22:0x90000000 x22=0x8ffffffc
      675855000	     33691	80002a70	6605	c.lui	x12,0x1	 x12=0x00001000
      675875000	     33692	80002a72	b8a60613	addi	x12,x12,-1142	 x12:0x00001000 x12=0x00000b8a
      675895000	     33693	80002a76	0622	c.slli	x12,0x8	 x12:0x00000b8a x12=0x000b8a00
      675915000	     33694	80002a78	060d	c.addi	x12,3	 x12:0x000b8a00 x12=0x000b8a03
      675975000	     33697	80002a7a	00cb2023	sw	x12,0(x22)	 x22:0x8ffffffc x12:0x000b8a03 PA:0x8ffffffc store:0x000b8a03 load:0xffffffff
      675995000	     33698	80002a7e	b8a02673	csrrs	x12,mhpmcounter10h,x0	  x0:0x00000000 x12=0x00000000
      676115000	     33704	80002a82	00cb2023	sw	x12,0(x22)	 x22:0x8ffffffc x12:0x00000000 PA:0x8ffffffc store:0x00000000 load:0xffffffff
      676135000	     33705	80002a86	90000b37	lui	x22,0x90000	 x22=0x90000000
      676155000	     33706	80002a8a	1b71	c.addi	x22,-4	 x22:0x90000000 x22=0x8ffffffc
      676175000	     33707	80002a8c	6605	c.lui	x12,0x1	 x12=0x00001000
      676195000	     33708	80002a8e	b0b60613	addi	x12,x12,-1269	 x12:0x00001000 x12=0x00000b0b
      676215000	     33709	80002a92	0622	c.slli	x12,0x8	 x12:0x00000b0b x12=0x000b0b00
      676315000	     33714	80002a94	060d	c.addi	x12,3	 x12:0x000b0b00 x12=0x000b0b03
      676375000	     33717	80002a96	00cb2023	sw	x12,0(x22)	 x22:0x8ffffffc x12:0x000b0b03 PA:0x8ffffffc store:0x000b0b03 load:0xffffffff
      676475000	     33722	80002a9a	b0b02673	csrrs	x12,mhpmcounter11,x0	  x0:0x00000000 x12=0x000000c4
      676715000	     33734	80002a9e	00cb2023	sw	x12,0(x22)	 x22:0x8ffffffc x12:0x000000c4 PA:0x8ffffffc store:0x000000c4 load:0xffffffff
      676735000	     33735	80002aa2	90000b37	lui	x22,0x90000	 x22=0x90000000
      676755000	     33736	80002aa6	1b71	c.addi	x22,-4	 x22:0x90000000 x22=0x8ffffffc
      676775000	     33737	80002aa8	6605	c.lui	x12,0x1	 x12=0x00001000
      676795000	     33738	80002aaa	b8b60613	addi	x12,x12,-1141	 x12:0x00001000 x12=0x00000b8b
      676815000	     33739	80002aae	0622	c.slli	x12,0x8	 x12:0x00000b8b x12=0x000b8b00
      676895000	     33743	80002ab0	060d	c.addi	x12,3	 x12:0x000b8b00 x12=0x000b8b03
      677135000	     33755	80002ab2	00cb2023	sw	x12,0(x22)	 x22:0x8ffffffc x12:0x000b8b03 PA:0x8ffffffc store:0x000b8b03 load:0xffffffff
      677395000	     33768	80002ab6	b8b02673	csrrs	x12,mhpmcounter11h,x0	  x0:0x00000000 x12=0x00000000
      677535000	     33775	80002aba	00cb2023	sw	x12,0(x22)	 x22:0x8ffffffc x12:0x00000000 PA:0x8ffffffc store:0x00000000 load:0xffffffff
      684715000	     34134	80002abe	90000b37	lui	x22,0x90000	 x22=0x90000000
      684735000	     34135	80002ac2	1b71	c.addi	x22,-4	 x22:0x90000000 x22=0x8ffffffc
      684755000	     34136	80002ac4	6605	c.lui	x12,0x1	 x12=0x00001000
      684775000	     34137	80002ac6	b0c60613	addi	x12,x12,-1268	 x12:0x00001000 x12=0x00000b0c
      684795000	     34138	80002aca	0622	c.slli	x12,0x8	 x12:0x00000b0c x12=0x000b0c00
      684815000	     34139	80002acc	060d	c.addi	x12,3	 x12:0x000b0c00 x12=0x000b0c03
      684875000	     34142	80002ace	00cb2023	sw	x12,0(x22)	 x22:0x8ffffffc x12:0x000b0c03 PA:0x8ffffffc store:0x000b0c03 load:0xffffffff
      684895000	     34143	80002ad2	b0c02673	csrrs	x12,mhpmcounter12,x0	  x0:0x00000000 x12=0x00000a74
      685355000	     34166	80002ad6	00cb2023	sw	x12,0(x22)	 x22:0x8ffffffc x12:0x00000a74 PA:0x8ffffffc store:0x00000a74 load:0xffffffff
      685375000	     34167	80002ada	90000b37	lui	x22,0x90000	 x22=0x90000000
      685395000	     34168	80002ade	1b71	c.addi	x22,-4	 x22:0x90000000 x22=0x8ffffffc
      685415000	     34169	80002ae0	6605	c.lui	x12,0x1	 x12=0x00001000
      685435000	     34170	80002ae2	b8c60613	addi	x12,x12,-1140	 x12:0x00001000 x12=0x00000b8c
      685455000	     34171	80002ae6	0622	c.slli	x12,0x8	 x12:0x00000b8c x12=0x000b8c00
      685475000	     34172	80002ae8	060d	c.addi	x12,3	 x12:0x000b8c00 x12=0x000b8c03
      685535000	     34175	80002aea	00cb2023	sw	x12,0(x22)	 x22:0x8ffffffc x12:0x000b8c03 PA:0x8ffffffc store:0x000b8c03 load:0xffffffff
      685555000	     34176	80002aee	b8c02673	csrrs	x12,mhpmcounter12h,x0	  x0:0x00000000 x12=0x00000000
      685775000	     34187	80002af2	00cb2023	sw	x12,0(x22)	 x22:0x8ffffffc x12:0x00000000 PA:0x8ffffffc store:0x00000000 load:0xffffffff
      685795000	     34188	80002af6	ffffd617	auipc	x12,0xffffd	 x12=0x7ffffaf6
      685835000	     34190	80002afa	58a60613	addi	x12,x12,1418	 x12:0x7ffffaf6 x12=0x80000080
      685895000	     34193	80002afe	00062023	sw	x0,0(x12)	 x12:0x80000080  x0:0x00000000 PA:0x80000080 store:0x00000000 load:0xffffffff
      685915000	     34194	80002b02	00162223	sw	x1,4(x12)	 x12:0x80000080  x1:0x00000068 PA:0x80000084 store:0x00000068 load:0xffffffff
      686295000	     34213	80002b06	00262423	sw	x2,8(x12)	 x12:0x80000080  x2:0x32f696ae PA:0x80000088 store:0x32f696ae load:0xffffffff
      686355000	     34216	80002b0a	00362623	sw	x3,12(x12)	 x12:0x80000080  x3:0xffffffff PA:0x8000008c store:0xffffffff load:0xffffffff
      686795000	     34238	80002b0e	00462823	sw	x4,16(x12)	 x12:0x80000080  x4:0x0001a000 PA:0x80000090 store:0x0001a000 load:0xffffffff
      687255000	     34261	80002b12	00562a23	sw	x5,20(x12)	 x12:0x80000080  x5:0x00000000 PA:0x80000094 store:0x00000000 load:0xffffffff
      687315000	     34264	80002b16	00662c23	sw	x6,24(x12)	 x12:0x80000080  x6:0x93502000 PA:0x80000098 store:0x93502000 load:0xffffffff
      687335000	     34265	80002b1a	00762e23	sw	x7,28(x12)	 x12:0x80000080  x7:0x00000000 PA:0x8000009c store:0x00000000 load:0xffffffff
      687355000	     34266	80002b1e	d200	c.sw	x8,32(x12)	 x12:0x80000080  x8:0x80000352 PA:0x800000a0 store:0x80000352 load:0xffffffff
      687375000	     34267	80002b20	d244	c.sw	x9,36(x12)	 x12:0x80000080  x9:0xffffffff PA:0x800000a4 store:0xffffffff load:0xffffffff
      687395000	     34268	80002b22	d608	c.sw	x10,40(x12)	 x12:0x80000080 x10:0x0000067f PA:0x800000a8 store:0x0000067f load:0xffffffff
      687415000	     34269	80002b24	d64c	c.sw	x11,44(x12)	 x12:0x80000080 x11:0x00000000 PA:0x800000ac store:0x00000000 load:0xffffffff
      687455000	     34271	80002b26	da10	c.sw	x12,48(x12)	 x12:0x80000080 x12:0x80000080 PA:0x800000b0 store:0x80000080 load:0xffffffff
      687675000	     34282	80002b28	da54	c.sw	x13,52(x12)	 x12:0x80000080 x13:0x00000000 PA:0x800000b4 store:0x00000000 load:0xffffffff
      687695000	     34283	80002b2a	de18	c.sw	x14,56(x12)	 x12:0x80000080 x14:0x00000018 PA:0x800000b8 store:0x00000018 load:0xffffffff
      687835000	     34290	80002b2c	de5c	c.sw	x15,60(x12)	 x12:0x80000080 x15:0x00000000 PA:0x800000bc store:0x00000000 load:0xffffffff
      688295000	     34313	80002b2e	05062023	sw	x16,64(x12)	 x12:0x80000080 x16:0xffffffff PA:0x800000c0 store:0xffffffff load:0xffffffff
      688755000	     34336	80002b32	05162223	sw	x17,68(x12)	 x12:0x80000080 x17:0x00000000 PA:0x800000c4 store:0x00000000 load:0xffffffff
      689095000	     34353	80002b36	05262423	sw	x18,72(x12)	 x12:0x80000080 x18:0x00000000 PA:0x800000c8 store:0x00000000 load:0xffffffff
      689195000	     34358	80002b3a	05362623	sw	x19,76(x12)	 x12:0x80000080 x19:0x80035c60 PA:0x800000cc store:0x80035c60 load:0xffffffff
      689775000	     34387	80002b3e	05462823	sw	x20,80(x12)	 x12:0x80000080 x20:0xffff8000 PA:0x800000d0 store:0xffff8000 load:0xffffffff
      689835000	     34390	80002b42	05562a23	sw	x21,84(x12)	 x12:0x80000080 x21:0x00000000 PA:0x800000d4 store:0x00000000 load:0xffffffff
      690015000	     34399	80002b46	05662c23	sw	x22,88(x12)	 x12:0x80000080 x22:0x8ffffffc PA:0x800000d8 store:0x8ffffffc load:0xffffffff
      690435000	     34420	80002b4a	05762e23	sw	x23,92(x12)	 x12:0x80000080 x23:0xffffffff PA:0x800000dc store:0xffffffff load:0xffffffff
      690895000	     34443	80002b4e	07862023	sw	x24,96(x12)	 x12:0x80000080 x24:0x00000001 PA:0x800000e0 store:0x00000001 load:0xffffffff
      690955000	     34446	80002b52	07962223	sw	x25,100(x12)	 x12:0x80000080 x25:0x80035c60 PA:0x800000e4 store:0x80035c60 load:0xffffffff
      691295000	     34463	80002b56	07a62423	sw	x26,104(x12)	 x12:0x80000080 x26:0xffffffff PA:0x800000e8 store:0xffffffff load:0xffffffff
      691415000	     34469	80002b5a	07b62623	sw	x27,108(x12)	 x12:0x80000080 x27:0x00000000 PA:0x800000ec store:0x00000000 load:0xffffffff
      691615000	     34479	80002b5e	07c62823	sw	x28,112(x12)	 x12:0x80000080 x28:0x00000000 PA:0x800000f0 store:0x00000000 load:0xffffffff
      692075000	     34502	80002b62	07d62a23	sw	x29,116(x12)	 x12:0x80000080 x29:0xfffffeaf PA:0x800000f4 store:0xfffffeaf load:0xffffffff
      692135000	     34505	80002b66	07e62c23	sw	x30,120(x12)	 x12:0x80000080 x30:0x00000000 PA:0x800000f8 store:0x00000000 load:0xffffffff
      692295000	     34513	80002b6a	07f62e23	sw	x31,124(x12)	 x12:0x80000080 x31:0x00000000 PA:0x800000fc store:0x00000000 load:0xffffffff
      692315000	     34514	80002b6e	34102673	csrrs	x12,mepc,x0	  x0:0x00000000 x12=0x80000362
      692335000	     34515	80002b72	0611	c.addi	x12,4	 x12:0x80000362 x12=0x80000366
      692355000	     34516	80002b74	34161073	csrrw	x0,mepc,x12	 x12:0x80000366  x0=0x00000000
      692375000	     34517	80002b78	30200073	mret	
      693195000	     34558	80000366	90000b37	lui	x22,0x90000	 x22=0x90000000
      693215000	     34559	8000036a	1b61	c.addi	x22,-8	 x22:0x90000000 x22=0x8ffffff8
      693235000	     34560	8000036c	4605	c.li	x12,1	 x12=0x00000001
      693255000	     34561	8000036e	0622	c.slli	x12,0x8	 x12:0x00000001 x12=0x00000100
      693275000	     34562	80000370	0605	c.addi	x12,1	 x12:0x00000100 x12=0x00000101
      693335000	     34565	80000372	00cb2023	sw	x12,0(x22)	 x22:0x8ffffff8 x12:0x00000101 PA:0x8ffffff8 store:0x00000101 load:0xffffffff
      693355000	     34566	80000376	00000073	ecall	
      693655000	     34581	80002700	0800006f	jal	x0,80002780	  x0=0x00000000
      693695000	     34583	80002780	1cf1	c.addi	x25,-4	 x25:0x80035c60 x25=0x80035c5c
      694055000	     34601	80002782	013ca023	sw	x19,0(x25)	 x25:0x80035c5c x19:0x80035c60 PA:0x80035c5c store:0x80035c60 load:0xffffffff
      694075000	     34602	80002786	000c89b3	add	x19,x25,x0	 x25:0x80035c5c  x0:0x00000000 x19=0x80035c5c
      694095000	     34603	8000278a	f8098993	addi	x19,x19,-128	 x19:0x80035c5c x19=0x80035bdc
      694195000	     34608	8000278e	0019a223	sw	x1,4(x19)	 x19:0x80035bdc  x1:0x00000068 PA:0x80035be0 store:0x00000068 load:0xffffffff
      694575000	     34627	80002792	0029a423	sw	x2,8(x19)	 x19:0x80035bdc  x2:0x32f696ae PA:0x80035be4 store:0x32f696ae load:0xffffffff
      694635000	     34630	80002796	0039a623	sw	x3,12(x19)	 x19:0x80035bdc  x3:0xffffffff PA:0x80035be8 store:0xffffffff load:0xffffffff
      695035000	     34650	8000279a	0049a823	sw	x4,16(x19)	 x19:0x80035bdc  x4:0x0001a000 PA:0x80035bec store:0x0001a000 load:0xffffffff
      695155000	     34656	8000279e	0059aa23	sw	x5,20(x19)	 x19:0x80035bdc  x5:0x00000000 PA:0x80035bf0 store:0x00000000 load:0xffffffff
      695175000	     34657	800027a2	0069ac23	sw	x6,24(x19)	 x19:0x80035bdc  x6:0x93502000 PA:0x80035bf4 store:0x93502000 load:0xffffffff
      695195000	     34658	800027a6	0079ae23	sw	x7,28(x19)	 x19:0x80035bdc  x7:0x00000000 PA:0x80035bf8 store:0x00000000 load:0xffffffff
      695215000	     34659	800027aa	0289a023	sw	x8,32(x19)	 x19:0x80035bdc  x8:0x80000352 PA:0x80035bfc store:0x80000352 load:0xffffffff
      695235000	     34660	800027ae	0299a223	sw	x9,36(x19)	 x19:0x80035bdc  x9:0xffffffff PA:0x80035c00 store:0xffffffff load:0xffffffff
      695735000	     34685	800027b2	02a9a423	sw	x10,40(x19)	 x19:0x80035bdc x10:0x0000067f PA:0x80035c04 store:0x0000067f load:0xffffffff
      696195000	     34708	800027b6	02b9a623	sw	x11,44(x19)	 x19:0x80035bdc x11:0x00000000 PA:0x80035c08 store:0x00000000 load:0xffffffff
      696655000	     34731	800027ba	02c9a823	sw	x12,48(x19)	 x19:0x80035bdc x12:0x00000101 PA:0x80035c0c store:0x00000101 load:0xffffffff
      696815000	     34739	800027be	02d9aa23	sw	x13,52(x19)	 x19:0x80035bdc x13:0x00000000 PA:0x80035c10 store:0x00000000 load:0xffffffff
      697195000	     34758	800027c2	02e9ac23	sw	x14,56(x19)	 x19:0x80035bdc x14:0x00000018 PA:0x80035c14 store:0x00000018 load:0xffffffff
      697335000	     34765	800027c6	02f9ae23	sw	x15,60(x19)	 x19:0x80035bdc x15:0x00000000 PA:0x80035c18 store:0x00000000 load:0xffffffff
      697355000	     34766	800027ca	0509a023	sw	x16,64(x19)	 x19:0x80035bdc x16:0xffffffff PA:0x80035c1c store:0xffffffff load:0xffffffff
      697775000	     34787	800027ce	0519a223	sw	x17,68(x19)	 x19:0x80035bdc x17:0x00000000 PA:0x80035c20 store:0x00000000 load:0xffffffff
