Time	Cycle	PC	Insn	Decoded instruction	Register and memory contents
        1055000	         6	80000080	40001637	lui	x12,0x40001	 x12=0x40001000
        1065000	         7	80000084	10660613	addi	x12,x12,262	 x12:0x40001000 x12=0x40001106
        1075000	         8	80000088	30161073	csrrw	x0,misa,x12	 x12:0x40001106  x0=0x00000000
        1105000	        11	8000008c	00036c97	auipc	x25,0x36	 x25=0x8003608c
        1115000	        12	80000090	c58c8c93	addi	x25,x25,-936	 x25:0x8003608c x25=0x80035ce4
        1125000	        13	80000094	00002617	auipc	x12,0x2	 x12=0x80002094
        1135000	        14	80000098	66c60613	addi	x12,x12,1644	 x12:0x80002094 x12=0x80002700
        1145000	        15	8000009c	00166613	ori	x12,x12,1	 x12:0x80002700 x12=0x80002701
        1155000	        16	800000a0	30561073	csrrw	x0,mtvec,x12	 x12:0x80002701  x0=0x00000000
        1185000	        19	800000a4	74725073	csrrwi	x0,0x747,4	  x0=0x00000000
        1215000	        22	800000a8	00003417	auipc	x8,0x3	  x8=0x800030a8
        1225000	        23	800000ac	3cc40413	addi	x8,x8,972	  x8:0x800030a8  x8=0x80003474
        1235000	        24	800000b0	4601	c.li	x12,0	 x12=0x00000000
        1245000	        25	800000b2	9432	c.add	x8,x12	  x8:0x80003474 x12:0x00000000  x8=0x80003474
        1255000	        26	800000b4	8009	c.srli	x8,0x2	  x8:0x80003474  x8=0x20000d1d
        1265000	        27	800000b6	3b041073	csrrw	x0,pmpaddr0,x8	  x8:0x20000d1d  x0=0x00000000
        1295000	        30	800000ba	00003417	auipc	x8,0x3	  x8=0x800030ba
        1305000	        31	800000be	3ba40413	addi	x8,x8,954	  x8:0x800030ba  x8=0x80003474
        1315000	        32	800000c2	11111637	lui	x12,0x11111	 x12=0x11111000
        1325000	        33	800000c6	11160613	addi	x12,x12,273	 x12:0x11111000 x12=0x11111111
        1335000	        34	800000ca	9432	c.add	x8,x12	  x8:0x80003474 x12:0x11111111  x8=0x91114585
        1345000	        35	800000cc	8009	c.srli	x8,0x2	  x8:0x91114585  x8=0x24445161
        1355000	        36	800000ce	3b141073	csrrw	x0,pmpaddr1,x8	  x8:0x24445161  x0=0x00000000
        1385000	        39	800000d2	00003417	auipc	x8,0x3	  x8=0x800030d2
        1395000	        40	800000d6	3a240413	addi	x8,x8,930	  x8:0x800030d2  x8=0x80003474
        1405000	        41	800000da	22222637	lui	x12,0x22222	 x12=0x22222000
        1415000	        42	800000de	22260613	addi	x12,x12,546	 x12:0x22222000 x12=0x22222222
        1425000	        43	800000e2	9432	c.add	x8,x12	  x8:0x80003474 x12:0x22222222  x8=0xa2225696
        1435000	        44	800000e4	8009	c.srli	x8,0x2	  x8:0xa2225696  x8=0x288895a5
        1445000	        45	800000e6	3b241073	csrrw	x0,pmpaddr2,x8	  x8:0x288895a5  x0=0x00000000
        1475000	        48	800000ea	00003417	auipc	x8,0x3	  x8=0x800030ea
        1485000	        49	800000ee	38a40413	addi	x8,x8,906	  x8:0x800030ea  x8=0x80003474
        1495000	        50	800000f2	33333637	lui	x12,0x33333	 x12=0x33333000
        1505000	        51	800000f6	33360613	addi	x12,x12,819	 x12:0x33333000 x12=0x33333333
        1515000	        52	800000fa	9432	c.add	x8,x12	  x8:0x80003474 x12:0x33333333  x8=0xb33367a7
        1525000	        53	800000fc	8009	c.srli	x8,0x2	  x8:0xb33367a7  x8=0x2cccd9e9
        1535000	        54	800000fe	3b341073	csrrw	x0,pmpaddr3,x8	  x8:0x2cccd9e9  x0=0x00000000
        1565000	        57	80000102	0f0f1437	lui	x8,0xf0f1	  x8=0x0f0f1000
        1575000	        58	80000106	f0f40413	addi	x8,x8,-241	  x8:0x0f0f1000  x8=0x0f0f0f0f
        1585000	        59	8000010a	3a041073	csrrw	x0,pmpcfg0,x8	  x8:0x0f0f0f0f  x0=0x00000000
        1615000	        62	8000010e	00003417	auipc	x8,0x3	  x8=0x8000310e
        1625000	        63	80000112	36640413	addi	x8,x8,870	  x8:0x8000310e  x8=0x80003474
        1635000	        64	80000116	44444637	lui	x12,0x44444	 x12=0x44444000
        1645000	        65	8000011a	44460613	addi	x12,x12,1092	 x12:0x44444000 x12=0x44444444
        1655000	        66	8000011e	9432	c.add	x8,x12	  x8:0x80003474 x12:0x44444444  x8=0xc44478b8
        1665000	        67	80000120	8009	c.srli	x8,0x2	  x8:0xc44478b8  x8=0x31111e2e
        1675000	        68	80000122	3b441073	csrrw	x0,pmpaddr4,x8	  x8:0x31111e2e  x0=0x00000000
        1705000	        71	80000126	00003417	auipc	x8,0x3	  x8=0x80003126
        1715000	        72	8000012a	34e40413	addi	x8,x8,846	  x8:0x80003126  x8=0x80003474
        1725000	        73	8000012e	55555637	lui	x12,0x55555	 x12=0x55555000
        1735000	        74	80000132	55560613	addi	x12,x12,1365	 x12:0x55555000 x12=0x55555555
        1745000	        75	80000136	9432	c.add	x8,x12	  x8:0x80003474 x12:0x55555555  x8=0xd55589c9
        1755000	        76	80000138	8009	c.srli	x8,0x2	  x8:0xd55589c9  x8=0x35556272
        1765000	        77	8000013a	3b541073	csrrw	x0,pmpaddr5,x8	  x8:0x35556272  x0=0x00000000
        1795000	        80	8000013e	00003417	auipc	x8,0x3	  x8=0x8000313e
        1805000	        81	80000142	33640413	addi	x8,x8,822	  x8:0x8000313e  x8=0x80003474
        1815000	        82	80000146	66666637	lui	x12,0x66666	 x12=0x66666000
        1825000	        83	8000014a	66660613	addi	x12,x12,1638	 x12:0x66666000 x12=0x66666666
        1835000	        84	8000014e	9432	c.add	x8,x12	  x8:0x80003474 x12:0x66666666  x8=0xe6669ada
        1845000	        85	80000150	8009	c.srli	x8,0x2	  x8:0xe6669ada  x8=0x3999a6b6
        1855000	        86	80000152	3b641073	csrrw	x0,pmpaddr6,x8	  x8:0x3999a6b6  x0=0x00000000
        1885000	        89	80000156	00003417	auipc	x8,0x3	  x8=0x80003156
        1895000	        90	8000015a	31e40413	addi	x8,x8,798	  x8:0x80003156  x8=0x80003474
        1905000	        91	8000015e	77777637	lui	x12,0x77777	 x12=0x77777000
        1915000	        92	80000162	77760613	addi	x12,x12,1911	 x12:0x77777000 x12=0x77777777
        1925000	        93	80000166	9432	c.add	x8,x12	  x8:0x80003474 x12:0x77777777  x8=0xf777abeb
        1935000	        94	80000168	8009	c.srli	x8,0x2	  x8:0xf777abeb  x8=0x3dddeafa
        1945000	        95	8000016a	3b741073	csrrw	x0,pmpaddr7,x8	  x8:0x3dddeafa  x0=0x00000000
        1975000	        98	8000016e	0f0f1437	lui	x8,0xf0f1	  x8=0x0f0f1000
        1985000	        99	80000172	f0f40413	addi	x8,x8,-241	  x8:0x0f0f1000  x8=0x0f0f0f0f
        1995000	       100	80000176	3a141073	csrrw	x0,pmpcfg1,x8	  x8:0x0f0f0f0f  x0=0x00000000
        2025000	       103	8000017a	00003417	auipc	x8,0x3	  x8=0x8000317a
        2035000	       104	8000017e	2fa40413	addi	x8,x8,762	  x8:0x8000317a  x8=0x80003474
        2045000	       105	80000182	88889637	lui	x12,0x88889	 x12=0x88889000
        2055000	       106	80000186	88860613	addi	x12,x12,-1912	 x12:0x88889000 x12=0x88888888
        2065000	       107	8000018a	9432	c.add	x8,x12	  x8:0x80003474 x12:0x88888888  x8=0x0888bcfc
        2075000	       108	8000018c	8009	c.srli	x8,0x2	  x8:0x0888bcfc  x8=0x02222f3f
        2085000	       109	8000018e	3b841073	csrrw	x0,pmpaddr8,x8	  x8:0x02222f3f  x0=0x00000000
        2115000	       112	80000192	00003417	auipc	x8,0x3	  x8=0x80003192
        2125000	       113	80000196	2e240413	addi	x8,x8,738	  x8:0x80003192  x8=0x80003474
        2135000	       114	8000019a	9999a637	lui	x12,0x9999a	 x12=0x9999a000
        2145000	       115	8000019e	99960613	addi	x12,x12,-1639	 x12:0x9999a000 x12=0x99999999
        2155000	       116	800001a2	9432	c.add	x8,x12	  x8:0x80003474 x12:0x99999999  x8=0x1999ce0d
        2165000	       117	800001a4	8009	c.srli	x8,0x2	  x8:0x1999ce0d  x8=0x06667383
        2175000	       118	800001a6	3b941073	csrrw	x0,pmpaddr9,x8	  x8:0x06667383  x0=0x00000000
        2205000	       121	800001aa	00003417	auipc	x8,0x3	  x8=0x800031aa
        2215000	       122	800001ae	2ca40413	addi	x8,x8,714	  x8:0x800031aa  x8=0x80003474
        2225000	       123	800001b2	aaaab637	lui	x12,0xaaaab	 x12=0xaaaab000
        2235000	       124	800001b6	aaa60613	addi	x12,x12,-1366	 x12:0xaaaab000 x12=0xaaaaaaaa
        2245000	       125	800001ba	9432	c.add	x8,x12	  x8:0x80003474 x12:0xaaaaaaaa  x8=0x2aaadf1e
        2255000	       126	800001bc	8009	c.srli	x8,0x2	  x8:0x2aaadf1e  x8=0x0aaab7c7
        2265000	       127	800001be	3ba41073	csrrw	x0,pmpaddr10,x8	  x8:0x0aaab7c7  x0=0x00000000
        2295000	       130	800001c2	00003417	auipc	x8,0x3	  x8=0x800031c2
        2305000	       131	800001c6	2b240413	addi	x8,x8,690	  x8:0x800031c2  x8=0x80003474
        2315000	       132	800001ca	bbbbc637	lui	x12,0xbbbbc	 x12=0xbbbbc000
        2325000	       133	800001ce	bbb60613	addi	x12,x12,-1093	 x12:0xbbbbc000 x12=0xbbbbbbbb
        2335000	       134	800001d2	9432	c.add	x8,x12	  x8:0x80003474 x12:0xbbbbbbbb  x8=0x3bbbf02f
        2345000	       135	800001d4	8009	c.srli	x8,0x2	  x8:0x3bbbf02f  x8=0x0eeefc0b
        2355000	       136	800001d6	3bb41073	csrrw	x0,pmpaddr11,x8	  x8:0x0eeefc0b  x0=0x00000000
        2385000	       139	800001da	0f0f1437	lui	x8,0xf0f1	  x8=0x0f0f1000
        2395000	       140	800001de	f0f40413	addi	x8,x8,-241	  x8:0x0f0f1000  x8=0x0f0f0f0f
        2405000	       141	800001e2	3a241073	csrrw	x0,pmpcfg2,x8	  x8:0x0f0f0f0f  x0=0x00000000
        2435000	       144	800001e6	00003417	auipc	x8,0x3	  x8=0x800031e6
        2445000	       145	800001ea	28e40413	addi	x8,x8,654	  x8:0x800031e6  x8=0x80003474
        2455000	       146	800001ee	ccccd637	lui	x12,0xccccd	 x12=0xccccd000
        2465000	       147	800001f2	ccc60613	addi	x12,x12,-820	 x12:0xccccd000 x12=0xcccccccc
        2475000	       148	800001f6	9432	c.add	x8,x12	  x8:0x80003474 x12:0xcccccccc  x8=0x4ccd0140
        2485000	       149	800001f8	8009	c.srli	x8,0x2	  x8:0x4ccd0140  x8=0x13334050
        2495000	       150	800001fa	3bc41073	csrrw	x0,pmpaddr12,x8	  x8:0x13334050  x0=0x00000000
        2525000	       153	800001fe	00003417	auipc	x8,0x3	  x8=0x800031fe
        2535000	       154	80000202	27640413	addi	x8,x8,630	  x8:0x800031fe  x8=0x80003474
        2545000	       155	80000206	dddde637	lui	x12,0xdddde	 x12=0xdddde000
        2555000	       156	8000020a	ddd60613	addi	x12,x12,-547	 x12:0xdddde000 x12=0xdddddddd
        2565000	       157	8000020e	9432	c.add	x8,x12	  x8:0x80003474 x12:0xdddddddd  x8=0x5dde1251
        2575000	       158	80000210	8009	c.srli	x8,0x2	  x8:0x5dde1251  x8=0x17778494
        2585000	       159	80000212	3bd41073	csrrw	x0,pmpaddr13,x8	  x8:0x17778494  x0=0x00000000
        2615000	       162	80000216	00003417	auipc	x8,0x3	  x8=0x80003216
        2625000	       163	8000021a	25e40413	addi	x8,x8,606	  x8:0x80003216  x8=0x80003474
        2635000	       164	8000021e	eeeef637	lui	x12,0xeeeef	 x12=0xeeeef000
        2645000	       165	80000222	eee60613	addi	x12,x12,-274	 x12:0xeeeef000 x12=0xeeeeeeee
        2655000	       166	80000226	9432	c.add	x8,x12	  x8:0x80003474 x12:0xeeeeeeee  x8=0x6eef2362
        2665000	       167	80000228	8009	c.srli	x8,0x2	  x8:0x6eef2362  x8=0x1bbbc8d8
        2675000	       168	8000022a	3be41073	csrrw	x0,pmpaddr14,x8	  x8:0x1bbbc8d8  x0=0x00000000
        2705000	       171	8000022e	00003417	auipc	x8,0x3	  x8=0x8000322e
        2715000	       172	80000232	24640413	addi	x8,x8,582	  x8:0x8000322e  x8=0x80003474
        2725000	       173	80000236	fff00613	addi	x12,x0,-1	  x0:0x00000000 x12=0xffffffff
        2735000	       174	8000023a	9432	c.add	x8,x12	  x8:0x80003474 x12:0xffffffff  x8=0x80003473
        2745000	       175	8000023c	8009	c.srli	x8,0x2	  x8:0x80003473  x8=0x20000d1c
        2755000	       176	8000023e	3bf41073	csrrw	x0,pmpaddr15,x8	  x8:0x20000d1c  x0=0x00000000
        2785000	       179	80000242	0f0f1437	lui	x8,0xf0f1	  x8=0x0f0f1000
        2795000	       180	80000246	f0f40413	addi	x8,x8,-241	  x8:0x0f0f1000  x8=0x0f0f0f0f
        2805000	       181	8000024a	3a341073	csrrw	x0,pmpcfg3,x8	  x8:0x0f0f0f0f  x0=0x00000000
        2835000	       184	8000024e	00000617	auipc	x12,0x0	 x12=0x8000024e
        2845000	       185	80000252	05860613	addi	x12,x12,88	 x12:0x8000024e x12=0x800002a6
        2855000	       186	80000256	34161073	csrrw	x0,mepc,x12	 x12:0x800002a6  x0=0x00000000
        2865000	       187	8000025a	7c00d073	csrrwi	x0,0x7c0,1	  x0=0x00000000
        2895000	       190	8000025e	6609	c.lui	x12,0x2	 x12=0x00002000
        2905000	       191	80000260	80060613	addi	x12,x12,-2048	 x12:0x00002000 x12=0x00001800
        2915000	       192	80000264	30061073	csrrw	x0,mstatus,x12	 x12:0x00001800  x0=0x00000000
        2945000	       195	80000268	4601	c.li	x12,0	 x12=0x00000000
        2955000	       196	8000026a	30461073	csrrw	x0,mie,x12	 x12:0x00000000  x0=0x00000000
        2985000	       199	8000026e	90000b37	lui	x22,0x90000	 x22=0x90000000
        2995000	       200	80000272	1b71	c.addi	x22,-4	 x22:0x90000000 x22=0x8ffffffc
        3005000	       201	80000274	30000613	addi	x12,x0,768	  x0:0x00000000 x12=0x00000300
        3015000	       202	80000278	0622	c.slli	x12,0x8	 x12:0x00000300 x12=0x00030000
        3025000	       203	8000027a	060d	c.addi	x12,3	 x12:0x00030000 x12=0x00030003
        3035000	       204	8000027c	00cb2023	sw	x12,0(x22)	 x22:0x8ffffffc x12:0x00030003 PA:0x8ffffffc store:0x00030003 load:0x00000000
        3045000	       205	80000280	30002673	csrrs	x12,mstatus,x0	  x0:0x00000000 x12=0x00001800
        3055000	       206	80000284	00cb2023	sw	x12,0(x22)	 x22:0x8ffffffc x12:0x00001800 PA:0x8ffffffc store:0x00001800 load:0x00000000
        3065000	       207	80000288	90000b37	lui	x22,0x90000	 x22=0x90000000
        3075000	       208	8000028c	1b71	c.addi	x22,-4	 x22:0x90000000 x22=0x8ffffffc
        3085000	       209	8000028e	30400613	addi	x12,x0,772	  x0:0x00000000 x12=0x00000304
        3095000	       210	80000292	0622	c.slli	x12,0x8	 x12:0x00000304 x12=0x00030400
        3105000	       211	80000294	060d	c.addi	x12,3	 x12:0x00030400 x12=0x00030403
        3115000	       212	80000296	00cb2023	sw	x12,0(x22)	 x22:0x8ffffffc x12:0x00030403 PA:0x8ffffffc store:0x00030403 load:0x00000000
        3125000	       213	8000029a	30402673	csrrs	x12,mie,x0	  x0:0x00000000 x12=0x00000000
        3135000	       214	8000029e	00cb2023	sw	x12,0(x22)	 x22:0x8ffffffc x12:0x00000000 PA:0x8ffffffc store:0x00000000 load:0x00000000
        3145000	       215	800002a2	30200073	mret	
        3185000	       219	800002a6	cdc0a037	lui	x0,0xcdc0a	  x0=0x00000000
        3195000	       220	800002aa	ec900013	addi	x0,x0,-311	  x0:0x00000000  x0=0x00000000
        3205000	       221	800002ae	800000b7	lui	x1,0x80000	  x1=0x80000000
        3215000	       222	800002b2	80000137	lui	x2,0x80000	  x2=0x80000000
        3225000	       223	800002b6	fff6f1b7	lui	x3,0xfff6f	  x3=0xfff6f000
        3235000	       224	800002ba	beb18193	addi	x3,x3,-1045	  x3:0xfff6f000  x3=0xfff6ebeb
        3245000	       225	800002be	420d	c.li	x4,3	  x4=0x00000003
        3255000	       226	800002c0	4281	c.li	x5,0	  x5=0x00000000
        3265000	       227	800002c2	80000337	lui	x6,0x80000	  x6=0x80000000
        3275000	       228	800002c6	faeba3b7	lui	x7,0xfaeba	  x7=0xfaeba000
        3285000	       229	800002ca	c0938393	addi	x7,x7,-1015	  x7:0xfaeba000  x7=0xfaeb9c09
        3295000	       230	800002ce	4411	c.li	x8,4	  x8=0x00000004
        3305000	       231	800002d0	4499	c.li	x9,6	  x9=0x00000006
        3315000	       232	800002d2	ff3c4537	lui	x10,0xff3c4	 x10=0xff3c4000
        3325000	       233	800002d6	09b50513	addi	x10,x10,155	 x10:0xff3c4000 x10=0xff3c409b
        3335000	       234	800002da	f8f265b7	lui	x11,0xf8f26	 x11=0xf8f26000
        3345000	       235	800002de	25c58593	addi	x11,x11,604	 x11:0xf8f26000 x11=0xf8f2625c
        3355000	       236	800002e2	80000637	lui	x12,0x80000	 x12=0x80000000
        3365000	       237	800002e6	46ad	c.li	x13,11	 x13=0x0000000b
        3375000	       238	800002e8	7f8da737	lui	x14,0x7f8da	 x14=0x7f8da000
        3385000	       239	800002ec	33470713	addi	x14,x14,820	 x14:0x7f8da000 x14=0x7f8da334
        3395000	       240	800002f0	fd2187b7	lui	x15,0xfd218	 x15=0xfd218000
        3405000	       241	800002f4	87b78793	addi	x15,x15,-1925	 x15:0xfd218000 x15=0xfd21787b
        3415000	       242	800002f8	4801	c.li	x16,0	 x16=0x00000000
        3425000	       243	800002fa	489d	c.li	x17,7	 x17=0x00000007
        3435000	       244	800002fc	4911	c.li	x18,4	 x18=0x00000004
        3445000	       245	800002fe	f15b6a37	lui	x20,0xf15b6	 x20=0xf15b6000
        3455000	       246	80000302	b64a0a13	addi	x20,x20,-1180	 x20:0xf15b6000 x20=0xf15b5b64
        3465000	       247	80000306	f2d69ab7	lui	x21,0xf2d69	 x21=0xf2d69000
        3475000	       248	8000030a	361a8a93	addi	x21,x21,865	 x21:0xf2d69000 x21=0xf2d69361
        3485000	       249	8000030e	4b01	c.li	x22,0	 x22=0x00000000
        3495000	       250	80000310	8fde9bb7	lui	x23,0x8fde9	 x23=0x8fde9000
        3505000	       251	80000314	a6fb8b93	addi	x23,x23,-1425	 x23:0x8fde9000 x23=0x8fde8a6f
        3515000	       252	80000318	4c09	c.li	x24,2	 x24=0x00000002
        3525000	       253	8000031a	7576bd37	lui	x26,0x7576b	 x26=0x7576b000
        3535000	       254	8000031e	d53d0d13	addi	x26,x26,-685	 x26:0x7576b000 x26=0x7576ad53
        3545000	       255	80000322	80000db7	lui	x27,0x80000	 x27=0x80000000
        3555000	       256	80000326	4e01	c.li	x28,0	 x28=0x00000000
        3565000	       257	80000328	d947feb7	lui	x29,0xd947f	 x29=0xd947f000
        3575000	       258	8000032c	9b5e8e93	addi	x29,x29,-1611	 x29:0xd947f000 x29=0xd947e9b5
        3585000	       259	80000330	4f2d	c.li	x30,11	 x30=0x0000000b
        3595000	       260	80000332	4f8d	c.li	x31,3	 x31=0x00000003
        3605000	       261	80000334	00032997	auipc	x19,0x32	 x19=0x80032334
        3615000	       262	80000338	b3098993	addi	x19,x19,-1232	 x19:0x80032334 x19=0x80031e64
        3625000	       263	8000033c	90000b37	lui	x22,0x90000	 x22=0x90000000
        3635000	       264	80000340	1b71	c.addi	x22,-4	 x22:0x90000000 x22=0x8ffffffc
        3645000	       265	80000342	4601	c.li	x12,0	 x12=0x00000000
        3655000	       266	80000344	0622	c.slli	x12,0x8	 x12:0x00000000 x12=0x00000000
        3665000	       267	80000346	00060613	addi	x12,x12,0	 x12:0x00000000 x12=0x00000000
        3675000	       268	8000034a	00cb2023	sw	x12,0(x22)	 x22:0x8ffffffc x12:0x00000000 PA:0x8ffffffc store:0x00000000 load:0x00000000
        3685000	       269	8000034e	1260306f	jal	x0,80003474	  x0=0x00000000
        3705000	       271	80003474	1b10	c.addi4spn	x12,x2,432	 x12=0x800001b0
        3715000	       272	80003476	0ff0000f	fence	iorw,iorw	
        3725000	       273	8000347a	01fb5b93	srli	x23,x22,0x1f	 x22:0x8ffffffc x23=0x00000001
        3735000	       274	8000347e	00001317	auipc	x6,0x1	  x6=0x8000447e
        3745000	       275	80003482	3e030313	addi	x6,x6,992	  x6:0x8000447e  x6=0x8000485e
        3755000	       276	80003486	2a53a1b7	lui	x3,0x2a53a	  x3=0x2a53a000
        3765000	       277	8000348a	1341	c.addi	x6,-16	  x6:0x8000485e  x6=0x8000484e
        3775000	       278	8000348c	412bd533	sra	x10,x23,x18	 x23:0x00000001 x18:0x00000004 x10=0x00000000
        3785000	       279	80003490	011300e7	jalr	x1,17(x6)	  x6:0x8000484e  x1=0x80003494
        3805000	       281	8000485e	8c91	c.sub	x9,x12	  x9:0x00000006 x12:0x800001b0  x9=0x7ffffe56
        3815000	       282	80004860	0ff0000f	fence	iorw,iorw	
        3825000	       283	80004864	006beeb3	or	x29,x23,x6	 x23:0x00000001  x6:0x8000484e x29=0x8000484f
        3835000	       284	80004868	340072f3	csrrci	x5,mscratch,0	  x5=0x00000000
        3845000	       285	8000486c	340cd8f3	csrrwi	x17,mscratch,25	 x17=0x00000000
        3855000	       286	80004870	e099	c.bnez	x9,80004876	  x9:0x7ffffe56
        3875000	       288	80004876	19c1	c.addi	x19,-16	 x19:0x80031e64 x19=0x80031e54
        3885000	       289	80004878	0019a223	sw	x1,4(x19)	 x19:0x80031e54  x1:0x80003494 PA:0x80031e58 store:0x80003494 load:0x00000000
        4255000	       326	8000487c	02254633	div	x12,x10,x2	 x10:0x00000000  x2:0x80000000 x12=0x00000000
        4265000	       327	80004880	34045df3	csrrwi	x27,mscratch,8	 x27=0x00000019
        4275000	       328	80004884	34043173	csrrc	x2,mscratch,x8	  x8:0x00000004  x2=0x00000008
        4285000	       329	80004888	8eb9	c.xor	x13,x14	 x13:0x0000000b x14:0x7f8da334 x13=0x7f8da33f
        4295000	       330	8000488a	77eaa913	slti	x18,x21,1918	 x21:0xf2d69361 x18=0x00000001
        4305000	       331	8000488e	00016a17	auipc	x20,0x16	 x20=0x8001a88e
        4315000	       332	80004892	2c2a0a13	addi	x20,x20,706	 x20:0x8001a88e x20=0x8001ab50
        4325000	       333	80004896	340066f3	csrrsi	x13,mscratch,0	 x13=0x00000008
        4335000	       334	8000489a	00437333	and	x6,x6,x4	  x6:0x8000484e  x4:0x00000003  x6=0x00000002
        4345000	       335	8000489e	334a0a13	addi	x20,x20,820	 x20:0x8001ab50 x20=0x8001ae84
        4355000	       336	800048a2	0108e963	bltu	x17,x16,800048b4	 x17:0x00000000 x16:0x00000000
        4365000	       337	800048a6	9bfd	c.andi	x15,-1	 x15:0xfd21787b x15=0xfd21787b
        4375000	       338	800048a8	0012e0b3	or	x1,x5,x1	  x5:0x00000000  x1:0x80003494  x1=0x80003494
        4385000	       339	800048ac	3403ab73	csrrs	x22,mscratch,x7	  x7:0xfaeb9c09 x22=0x00000008
        4415000	       342	800048b0	032f8db3	mul	x27,x31,x18	 x31:0x00000003 x18:0x00000001 x27=0x00000003
        4425000	       343	800048b4	ccca00e7	jalr	x1,-820(x20)	 x20:0x8001ae84  x1=0x800048b8
        4445000	       345	8001ab50	9736	c.add	x14,x13	 x14:0x7f8da334 x13:0x00000008 x14=0x7f8da33c
        4455000	       346	8001ab52	01831463	bne	x6,x24,8001ab5a	  x6:0x00000002 x24:0x00000002
        4465000	       347	8001ab56	340494f3	csrrw	x9,mscratch,x9	  x9:0x7ffffe56  x9=0xfaeb9c09
        4475000	       348	8001ab5a	fcc98993	addi	x19,x19,-52	 x19:0x80031e54 x19=0x80031e20
        4485000	       349	8001ab5e	4d51	c.li	x26,20	 x26=0x00000014
        4495000	       350	8001ab60	4ab6a793	slti	x15,x13,1195	 x13:0x00000008 x15=0x00000001
        4505000	       351	8001ab64	34081ff3	csrrw	x31,mscratch,x16	 x16:0x00000000 x31=0x7ffffe56
        4515000	       352	8001ab68	5b9ad017	auipc	x0,0x5b9ad	  x0=0x00000000
        4525000	       353	8001ab6c	0019a223	sw	x1,4(x19)	 x19:0x80031e20  x1:0x800048b8 PA:0x80031e24 store:0x800048b8 load:0x00000000
        4535000	       354	8001ab70	01ea5fb3	srl	x31,x20,x30	 x20:0x8001ae84 x30:0x0000000b x31=0x00100035
        4545000	       355	8001ab74	00001197	auipc	x3,0x1	  x3=0x8001bb74
        4555000	       356	8001ab78	59618193	addi	x3,x3,1430	  x3:0x8001bb74  x3=0x8001c10a
        4565000	       357	8001ab7c	682d	c.lui	x16,0xb	 x16=0x0000b000
        4575000	       358	8001ab7e	fbd18723	sb	x29,-82(x3)	  x3:0x8001c10a x29:0x8000484f PA:0x8001c0b8 store:0x8000484f load:0x00000000
        4585000	       359	8001ab82	c8fcec13	ori	x24,x25,-881	 x25:0x80035ce4 x24=0xfffffcef
        4595000	       360	8001ab86	3404af73	csrrs	x30,mscratch,x9	  x9:0xfaeb9c09 x30=0x00000000
        4605000	       361	8001ab8a	001d85b3	add	x11,x27,x1	 x27:0x00000003  x1:0x800048b8 x11=0x800048bb
        4615000	       362	8001ab8e	ff31d603	lhu	x12,-13(x3)	  x3:0x8001c10a x12=0x0000b5b6 PA:0x8001c0fd load:0x0000b5b6
        4625000	       363	8001ab92	02218023	sb	x2,32(x3)	  x3:0x8001c10a  x2:0x00000008 PA:0x8001c12a store:0x00000008 load:0x00000000
        4635000	       364	8001ab96	fee1af23	sw	x14,-2(x3)	  x3:0x8001c10a x14:0x7f8da33c PA:0x8001c108 store:0x7f8da33c load:0x00000000
        5005000	       401	8001ab9a	02f0c6b3	div	x13,x1,x15	  x1:0x800048b8 x15:0x00000001 x13=0x800048b8
        5015000	       402	8001ab9e	6ddd	c.lui	x27,0x17	 x27=0x00017000
        5025000	       403	8001aba0	40c007b3	sub	x15,x0,x12	  x0:0x00000000 x12:0x0000b5b6 x15=0xffff4a4a
        5395000	       440	8001aba4	02f4c633	div	x12,x9,x15	  x9:0xfaeb9c09 x15:0xffff4a4a x12=0x00000728
        5405000	       441	8001aba8	34007173	csrrci	x2,mscratch,0	  x2=0xfaeb9c09
        5415000	       442	8001abac	f98199a3	sh	x24,-109(x3)	  x3:0x8001c10a x24:0xfffffcef PA:0x8001c09d store:0xfffffcef load:0x00000000
        5435000	       444	8001abb0	0e11d603	lhu	x12,225(x3)	  x3:0x8001c10a x12=0x0000a7a0 PA:0x8001c1eb load:0x0000a7a0
        5445000	       445	8001abb4	6111	c.addi16sp	x2,256	  x2:0xfaeb9c09  x2=0xfaeb9d09
        5465000	       447	8001abb6	02e198a3	sh	x14,49(x3)	  x3:0x8001c10a x14:0x7f8da33c PA:0x8001c13b store:0x7f8da33c load:0x000000a0
        5475000	       448	8001abba	00362333	slt	x6,x12,x3	 x12:0x0000a7a0  x3:0x8001c10a  x6=0x00000000
        5495000	       450	8001abbe	0312d3b3	divu	x7,x5,x17	  x5:0x00000000 x17:0x00000000  x7=0xffffffff
        5505000	       451	8001abc2	013ae7b3	or	x15,x21,x19	 x21:0xf2d69361 x19:0x80031e20 x15=0xf2d79f61
        5525000	       453	8001abc6	0a51a603	lw	x12,165(x3)	  x3:0x8001c10a x12=0x696a6b64 PA:0x8001c1af load:0x696a6b64
        5545000	       455	8001abca	f4c19823	sh	x12,-176(x3)	  x3:0x8001c10a x12:0x696a6b64 PA:0x8001c05a store:0x696a6b64 load:0x00000000
        5585000	       459	8001abce	031c2db3	mulhsu	x27,x24,x17	 x24:0xfffffcef x17:0x00000000 x27=0x00000000
        5595000	       460	8001abd2	0b418b03	lb	x22,180(x3)	  x3:0x8001c10a x22=0x00000075 PA:0x8001c1be load:0x00000075
        5605000	       461	8001abd6	fa318783	lb	x15,-93(x3)	  x3:0x8001c10a x15=0x00000066 PA:0x8001c0ad load:0x00000066
        5635000	       464	8001abda	029f08b3	mul	x17,x30,x9	 x30:0x00000000  x9:0xfaeb9c09 x17=0x00000000
        5645000	       465	8001abde	00bb9a13	slli	x20,x23,0xb	 x23:0x00000001 x20=0x00000800
        5655000	       466	8001abe2	083e	c.slli	x16,0xf	 x16:0x0000b000 x16=0x58000000
        6025000	       503	8001abe4	02d37533	remu	x10,x6,x13	  x6:0x00000000 x13:0x800048b8 x10=0x00000000
        6035000	       504	8001abe8	fd61cf03	lbu	x30,-42(x3)	  x3:0x8001c10a x30=0x0000009b PA:0x8001c0e0 load:0x0000009b
        6045000	       505	8001abec	0001	c.addi	x0,0	  x0:0x00000000  x0=0x00000000
        6055000	       506	8001abee	00918823	sb	x9,16(x3)	  x3:0x8001c10a  x9:0xfaeb9c09 PA:0x8001c11a store:0xfaeb9c09 load:0x00000000
        6065000	       507	8001abf2	f8619923	sh	x6,-110(x3)	  x3:0x8001c10a  x6:0x00000000 PA:0x8001c09c store:0x00000000 load:0x00000000
        6085000	       509	8001abf6	0c91a083	lw	x1,201(x3)	  x3:0x8001c10a  x1=0x8d8e8f88 PA:0x8001c1d3 load:0x8d8e8f88
        6095000	       510	8001abfa	f881c683	lbu	x13,-120(x3)	  x3:0x8001c10a x13=0x00000049 PA:0x8001c092 load:0x00000049
        6105000	       511	8001abfe	ea9f8b93	addi	x23,x31,-343	 x31:0x00100035 x23=0x000ffede
        6115000	       512	8001ac02	8e05	c.sub	x12,x9	 x12:0x696a6b64  x9:0xfaeb9c09 x12=0x6e7ecf5b
        6125000	       513	8001ac04	34006173	csrrsi	x2,mscratch,0	  x2=0xfaeb9c09
        6135000	       514	8001ac08	011cb333	sltu	x6,x25,x17	 x25:0x80035ce4 x17:0x00000000  x6=0x00000000
        6145000	       515	8001ac0c	f740ca93	xori	x21,x1,-140	  x1:0x8d8e8f88 x21=0x727170fc
        6155000	       516	8001ac10	f7a19f83	lh	x31,-134(x3)	  x3:0x8001c10a x31=0x00003e3f PA:0x8001c084 load:0x00003e3f
        6175000	       518	8001ac14	0ff19423	sh	x31,232(x3)	  x3:0x8001c10a x31:0x00003e3f PA:0x8001c1f2 store:0x00003e3f load:0x00000000
        6195000	       520	8001ac18	06e1aea3	sw	x14,125(x3)	  x3:0x8001c10a x14:0x7f8da33c PA:0x8001c187 store:0x7f8da33c load:0x00000088
        6565000	       557	8001ac1c	03f667b3	rem	x15,x12,x31	 x12:0x6e7ecf5b x31:0x00003e3f x15=0x0000180a
        6575000	       558	8001ac20	0941d803	lhu	x16,148(x3)	  x3:0x8001c10a x16=0x00005455 PA:0x8001c19e load:0x00005455
        6585000	       559	8001ac24	00002397	auipc	x7,0x2	  x7=0x8001cc24
        6595000	       560	8001ac28	ede38393	addi	x7,x7,-290	  x7:0x8001cc24  x7=0x8001cb02
        6605000	       561	8001ac2c	dc938aa3	sb	x9,-555(x7)	  x7:0x8001cb02  x9:0xfaeb9c09 PA:0x8001c8d7 store:0xfaeb9c09 load:0x00000000
        6615000	       562	8001ac30	dd53c583	lbu	x11,-555(x7)	  x7:0x8001cb02 x11=0x00000009 PA:0x8001c8d7 load:0x00000009
        6625000	       563	8001ac34	c773a723	sw	x23,-914(x7)	  x7:0x8001cb02 x23:0x000ffede PA:0x8001c770 store:0x000ffede load:0x00000000
        6645000	       565	8001ac38	2823a1a3	sw	x2,643(x7)	  x7:0x8001cb02  x2:0xfaeb9c09 PA:0x8001cd85 store:0xfaeb9c09 load:0x0088898a
        6655000	       566	8001ac3c	bfa18213	addi	x4,x3,-1030	  x3:0x8001c10a  x4=0x8001bd04
        6665000	       567	8001ac40	8223c303	lbu	x6,-2014(x7)	  x7:0x8001cb02  x6=0x000000df PA:0x8001c324 load:0x000000df
        6675000	       568	8001ac44	29b3cb03	lbu	x22,667(x7)	  x7:0x8001cb02 x22=0x00000056 PA:0x8001cd9d load:0x00000056
        6685000	       569	8001ac48	33e39283	lh	x5,830(x7)	  x7:0x8001cb02  x5=0xfffffafb PA:0x8001ce40 load:0xfffffafb
        6695000	       570	8001ac4c	e9839223	sh	x24,-380(x7)	  x7:0x8001cb02 x24:0xfffffcef PA:0x8001c986 store:0xfffffcef load:0x00000000
        6705000	       571	8001ac50	53e38183	lb	x3,1342(x7)	  x7:0x8001cb02  x3=0xfffffffb PA:0x8001d040 load:0xfffffffb
        6725000	       573	8001ac54	5553a1a3	sw	x21,1347(x7)	  x7:0x8001cb02 x21:0x727170fc PA:0x8001d045 store:0x727170fc load:0x0088898a
        6735000	       574	8001ac58	5fa6af93	slti	x31,x13,1530	 x13:0x00000049 x31=0x00000001
        6745000	       575	8001ac5c	019c62b3	or	x5,x24,x25	 x24:0xfffffcef x25:0x80035ce4  x5=0xfffffcef
        6755000	       576	8001ac60	fbe38923	sb	x30,-78(x7)	  x7:0x8001cb02 x30:0x0000009b PA:0x8001cab4 store:0x0000009b load:0x00000000
        6765000	       577	8001ac64	fb23c883	lbu	x17,-78(x7)	  x7:0x8001cb02 x17=0x0000009b PA:0x8001cab4 load:0x0000009b
        6775000	       578	8001ac68	fb23cd83	lbu	x27,-78(x7)	  x7:0x8001cb02 x27=0x0000009b PA:0x8001cab4 load:0x0000009b
        6785000	       579	8001ac6c	6cf23a13	sltiu	x20,x4,1743	  x4:0x8001bd04 x20=0x00000000
        6795000	       580	8001ac70	fb23df83	lhu	x31,-78(x7)	  x7:0x8001cb02 x31=0x00006e9b PA:0x8001cab4 load:0x00006e9b
        6805000	       581	8001ac74	fa63a923	sw	x6,-78(x7)	  x7:0x8001cb02  x6:0x000000df PA:0x8001cab4 store:0x000000df load:0x00000000
        6815000	       582	8001ac78	834d	c.srli	x14,0x13	 x14:0x7f8da33c x14=0x00000ff1
        6825000	       583	8001ac7a	fb23aa83	lw	x21,-78(x7)	  x7:0x8001cb02 x21=0x000000df PA:0x8001cab4 load:0x000000df
        6835000	       584	8001ac7e	fb23d603	lhu	x12,-78(x7)	  x7:0x8001cb02 x12=0x000000df PA:0x8001cab4 load:0x000000df
        6845000	       585	8001ac82	fb63a923	sw	x22,-78(x7)	  x7:0x8001cb02 x22:0x00000056 PA:0x8001cab4 store:0x00000056 load:0x00000000
        6855000	       586	8001ac86	fab38923	sb	x11,-78(x7)	  x7:0x8001cb02 x11:0x00000009 PA:0x8001cab4 store:0x00000009 load:0x00000000
        6865000	       587	8001ac8a	afe39f03	lh	x30,-1282(x7)	  x7:0x8001cb02 x30=0xffffbabb PA:0x8001c600 load:0xffffbabb
        6875000	       588	8001ac8e	0000b217	auipc	x4,0xb	  x4=0x80025c8e
        6885000	       589	8001ac92	8a820213	addi	x4,x4,-1880	  x4:0x80025c8e  x4=0x80025536
        6905000	       591	8001ac96	6ed22003	lw	x0,1773(x4)	  x4:0x80025536  x0=0x00000000 PA:0x80025c23 load:0xdddedfd8
        6915000	       592	8001ac9a	00002e97	auipc	x29,0x2	 x29=0x8001cc9a
        6925000	       593	8001ac9e	e47e8e93	addi	x29,x29,-441	 x29:0x8001cc9a x29=0x8001cae1
        6935000	       594	8001aca2	00ee8b83	lb	x23,14(x29)	 x29:0x8001cae1 x23=0xffffffa4 PA:0x8001caef load:0xffffffa4
        6945000	       595	8001aca6	aae21da3	sh	x14,-1349(x4)	  x4:0x80025536 x14:0x00000ff1 PA:0x80024ff1 store:0x00000ff1 load:0x00000000
        6955000	       596	8001acaa	ff3ecd83	lbu	x27,-13(x29)	 x29:0x8001cae1 x27=0x0000008f PA:0x8001cad4 load:0x0000008f
        6965000	       597	8001acae	ed622303	lw	x6,-298(x4)	  x4:0x80025536  x6=0xc4c5c6c7 PA:0x8002540c load:0xc4c5c6c7
        6975000	       598	8001acb2	fece9a23	sh	x12,-12(x29)	 x29:0x8001cae1 x12:0x000000df PA:0x8001cad5 store:0x000000df load:0x00000000
        6995000	       600	8001acb6	2fb22da3	sw	x27,763(x4)	  x4:0x80025536 x27:0x0000008f PA:0x80025831 store:0x0000008f load:0x00d8d9da
        7005000	       601	8001acba	fefe88a3	sb	x15,-15(x29)	 x29:0x8001cae1 x15:0x0000180a PA:0x8001cad2 store:0x0000180a load:0x00000000
        7015000	       602	8001acbe	ff3e99a3	sh	x19,-13(x29)	 x29:0x8001cae1 x19:0x80031e20 PA:0x8001cad4 store:0x80031e20 load:0x00000000
        7025000	       603	8001acc2	02621523	sh	x6,42(x4)	  x4:0x80025536  x6:0xc4c5c6c7 PA:0x80025560 store:0xc4c5c6c7 load:0x00000000
        7035000	       604	8001acc6	01eea7a3	sw	x30,15(x29)	 x29:0x8001cae1 x30:0xffffbabb PA:0x8001caf0 store:0xffffbabb load:0x00000000
        7045000	       605	8001acca	7be20f23	sb	x30,1982(x4)	  x4:0x80025536 x30:0xffffbabb PA:0x80025cf4 store:0xffffbabb load:0x00000000
        7065000	       607	8001acce	fe4ea823	sw	x4,-16(x29)	 x29:0x8001cae1  x4:0x80025536 PA:0x8001cad1 store:0x80025536 load:0x00d8d9da
        7075000	       608	8001acd2	00be9d03	lh	x26,11(x29)	 x29:0x8001cae1 x26=0xffffa6a7 PA:0x8001caec load:0xffffa6a7
        7085000	       609	8001acd6	018e8423	sb	x24,8(x29)	 x29:0x8001cae1 x24:0xfffffcef PA:0x8001cae9 store:0xfffffcef load:0x00000000
        7095000	       610	8001acda	ff0e8e23	sb	x16,-4(x29)	 x29:0x8001cae1 x16:0x00005455 PA:0x8001cadd store:0x00005455 load:0x00000000
        7115000	       612	8001acde	fcd224a3	sw	x13,-55(x4)	  x4:0x80025536 x13:0x00000049 PA:0x800254ff store:0x00000049 load:0x000000d8
        7125000	       613	8001ace2	0000100f	fence.i	
        7145000	       615	8001ace6	05de	c.slli	x11,0x17	 x11:0x00000009 x11=0x04800000
        7155000	       616	8001ace8	340af8f3	csrrci	x17,mscratch,21	 x17=0xfaeb9c09
        7165000	       617	8001acec	979a	c.add	x15,x6	 x15:0x0000180a  x6:0xc4c5c6c7 x15=0xc4c5ded1
        7175000	       618	8001acee	026ad963	bge	x21,x6,8001ad20	 x21:0x000000df  x6:0xc4c5c6c7
        7195000	       620	8001ad20	0101fe33	and	x28,x3,x16	  x3:0xfffffffb x16:0x00005455 x28=0x00005451
        7205000	       621	8001ad24	8639	c.srai	x12,0xe	 x12:0x000000df x12=0x00000000
        7215000	       622	8001ad26	00755e13	srli	x28,x10,0x7	 x10:0x00000000 x28=0x00000000
        7225000	       623	8001ad2a	6709	c.lui	x14,0x2	 x14=0x00002000
        7235000	       624	8001ad2c	1c216e93	ori	x29,x2,450	  x2:0xfaeb9c09 x29=0xfaeb9dcb
        7245000	       625	8001ad30	32a56793	ori	x15,x10,810	 x10:0x00000000 x15=0x0000032a
        7255000	       626	8001ad34	587d	c.li	x16,-1	 x16=0xffffffff
        7265000	       627	8001ad36	5cba8d13	addi	x26,x21,1483	 x21:0x000000df x26=0x000006aa
        7275000	       628	8001ad3a	d77d2113	slti	x2,x26,-649	 x26:0x000006aa  x2=0x00000000
        7285000	       629	8001ad3e	0357ff63	bgeu	x15,x21,8001ad7c	 x15:0x0000032a x21:0x000000df
        7665000	       667	8001ad7c	03a66233	rem	x4,x12,x26	 x12:0x00000000 x26:0x000006aa  x4=0x00000000
        7675000	       668	8001ad80	03c56e63	bltu	x10,x28,8001adbc	 x10:0x00000000 x28:0x00000000
        7685000	       669	8001ad84	34069573	csrrw	x10,mscratch,x13	 x13:0x00000049 x10=0xfaeb9c08
        7725000	       673	8001ad88	02b81eb3	mulh	x29,x16,x11	 x16:0xffffffff x11:0x04800000 x29=0xffffffff
        7735000	       674	8001ad8c	6a212b93	slti	x23,x2,1698	  x2:0x00000000 x23=0x00000001
        7745000	       675	8001ad90	00b50763	beq	x10,x11,8001ad9e	 x10:0xfaeb9c08 x11:0x04800000
        7755000	       676	8001ad94	0001	c.addi	x0,0	  x0:0x00000000  x0=0x00000000
        7765000	       677	8001ad96	40b9dab3	sra	x21,x19,x11	 x19:0x80031e20 x11:0x04800000 x21=0x80031e20
        7785000	       679	8001ad9a	034ae8b3	rem	x17,x21,x20	 x21:0x80031e20 x20:0x00000000 x17=0x80031e20
        7795000	       680	8001ad9e	018ce1b3	or	x3,x25,x24	 x25:0x80035ce4 x24:0xfffffcef  x3=0xfffffcef
        7805000	       681	8001ada2	340c74f3	csrrci	x9,mscratch,24	  x9=0x00000049
        7815000	       682	8001ada6	6165	c.addi16sp	x2,112	  x2:0x00000000  x2=0x00000070
        7825000	       683	8001ada8	00644c33	xor	x24,x8,x6	  x8:0x00000004  x6:0xc4c5c6c7 x24=0xc4c5c6c3
        7835000	       684	8001adac	406bd813	srai	x16,x23,0x6	 x23:0x00000001 x16=0x00000000
        7845000	       685	8001adb0	01fd3ab3	sltu	x21,x26,x31	 x26:0x000006aa x31:0x00006e9b x21=0x00000001
        7855000	       686	8001adb4	1f84a913	slti	x18,x9,504	  x9:0x00000049 x18=0x00000001
        7895000	       690	8001adb8	037e2db3	mulhsu	x27,x28,x23	 x28:0x00000000 x23:0x00000001 x27=0x00000000
        7905000	       691	8001adbc	3402ac73	csrrs	x24,mscratch,x5	  x5:0xfffffcef x24=0x00000041
        7915000	       692	8001adc0	0049a083	lw	x1,4(x19)	 x19:0x80031e20  x1=0x800048b8 PA:0x80031e24 load:0x800048b8
        7955000	       696	8001adc4	02733533	mulhu	x10,x6,x7	  x6:0xc4c5c6c7  x7:0x8001cb02 x10=0x62644433
        7965000	       697	8001adc8	1c836b97	auipc	x23,0x1c836	 x23=0x9c850dc8
        7975000	       698	8001adcc	3400b273	csrrc	x4,mscratch,x1	  x1:0x800048b8  x4=0xfffffcef
        7985000	       699	8001add0	03498993	addi	x19,x19,52	 x19:0x80031e20 x19=0x80031e54
        7995000	       700	8001add4	01f55f13	srli	x30,x10,0x1f	 x10:0x62644433 x30=0x00000000
        8005000	       701	8001add8	00008c13	addi	x24,x1,0	  x1:0x800048b8 x24=0x800048b8
        8015000	       702	8001addc	9c02	c.jalr	x24	 x24:0x800048b8  x1=0x8001adde
        8035000	       704	800048b8	0001e217	auipc	x4,0x1e	  x4=0x800228b8
        8045000	       705	800048bc	c2c20213	addi	x4,x4,-980	  x4:0x800228b8  x4=0x800224e4
        8065000	       707	800048c0	ff622783	lw	x15,-10(x4)	  x4:0x800224e4 x15=0x96979091 PA:0x800224da load:0x96979091
        8075000	       708	800048c4	00824b03	lbu	x22,8(x4)	  x4:0x800224e4 x22=0x000000a7 PA:0x800224ec load:0x000000a7
        8085000	       709	800048c8	00a21a03	lh	x20,10(x4)	  x4:0x800224e4 x20=0xffffa4a5 PA:0x800224ee load:0xffffa4a5
        8095000	       710	800048cc	01321823	sh	x19,16(x4)	  x4:0x800224e4 x19:0x80031e54 PA:0x800224f4 store:0x80031e54 load:0x00000000
        8105000	       711	800048d0	00221823	sh	x2,16(x4)	  x4:0x800224e4  x2:0x00000070 PA:0x800224f4 store:0x00000070 load:0x00000000
        8115000	       712	800048d4	013e94b3	sll	x9,x29,x19	 x29:0xffffffff x19:0x80031e54  x9=0xfff00000
        8135000	       714	800048d8	ffe22783	lw	x15,-2(x4)	  x4:0x800224e4 x15=0x9e9f9899 PA:0x800224e2 load:0x9e9f9899
        8155000	       716	800048dc	fe622b23	sw	x6,-10(x4)	  x4:0x800224e4  x6:0xc4c5c6c7 PA:0x800224da store:0xc4c5c6c7 load:0x00009899
        8175000	       718	800048e0	ff622583	lw	x11,-10(x4)	  x4:0x800224e4 x11=0xc4c5c6c7 PA:0x800224da load:0xc4c5c6c7
        8205000	       721	800048e4	feb22b23	sw	x11,-10(x4)	  x4:0x800224e4 x11:0xc4c5c6c7 PA:0x800224da store:0xc4c5c6c7 load:0x0000c6c7
        8225000	       723	800048e8	ff622803	lw	x16,-10(x4)	  x4:0x800224e4 x16=0xc4c5c6c7 PA:0x800224da load:0xc4c5c6c7
        8245000	       725	800048ec	00922803	lw	x16,9(x4)	  x4:0x800224e4 x16=0xaba4a5a6 PA:0x800224ed load:0xaba4a5a6
        8255000	       726	800048f0	fff22e23	sw	x31,-4(x4)	  x4:0x800224e4 x31:0x00006e9b PA:0x800224e0 store:0x00006e9b load:0x00000000
        8265000	       727	800048f4	ffc24b83	lbu	x23,-4(x4)	  x4:0x800224e4 x23=0x0000009b PA:0x800224e0 load:0x0000009b
        8275000	       728	800048f8	009380b3	add	x1,x7,x9	  x7:0x8001cb02  x9:0xfff00000  x1=0x7ff1cb02
        8295000	       730	800048fc	00222123	sw	x2,2(x4)	  x4:0x800224e4  x2:0x00000070 PA:0x800224e6 store:0x00000070 load:0x0000a4a5
        8305000	       731	80004900	00422823	sw	x4,16(x4)	  x4:0x800224e4  x4:0x800224e4 PA:0x800224f4 store:0x800224e4 load:0x00000000
        8315000	       732	80004904	0001a297	auipc	x5,0x1a	  x5=0x8001e904
        8325000	       733	80004908	ea128293	addi	x5,x5,-351	  x5:0x8001e904  x5=0x8001e7a5
        8335000	       734	8000490c	34006e73	csrrsi	x28,mscratch,0	 x28=0x7fffb447
        8355000	       736	80004910	00d2a823	sw	x13,16(x5)	  x5:0x8001e7a5 x13:0x00000049 PA:0x8001e7b5 store:0x00000049 load:0x00a4a5a6
        8365000	       737	80004914	0ff0000f	fence	iorw,iorw	
        8735000	       774	80004918	03167133	remu	x2,x12,x17	 x12:0x00000000 x17:0x80031e20  x2=0x00000000
        8745000	       775	8000491c	0102c383	lbu	x7,16(x5)	  x5:0x8001e7a5  x7=0x00000049 PA:0x8001e7b5 load:0x00000049
        8755000	       776	80004920	00929823	sh	x9,16(x5)	  x5:0x8001e7a5  x9:0xfff00000 PA:0x8001e7b5 store:0xfff00000 load:0x00000000
        8765000	       777	80004924	00429823	sh	x4,16(x5)	  x5:0x8001e7a5  x4:0x800224e4 PA:0x8001e7b5 store:0x800224e4 load:0x00000000
        8775000	       778	80004928	01028703	lb	x14,16(x5)	  x5:0x8001e7a5 x14=0xffffffe4 PA:0x8001e7b5 load:0xffffffe4
        8785000	       779	8000492c	8946	c.mv	x18,x17	  x0:0x00000000 x17:0x80031e20 x18=0x80031e20
        8795000	       780	8000492e	01c28823	sb	x28,16(x5)	  x5:0x8001e7a5 x28:0x7fffb447 PA:0x8001e7b5 store:0x7fffb447 load:0x00000000
        8805000	       781	80004932	01429823	sh	x20,16(x5)	  x5:0x8001e7a5 x20:0xffffa4a5 PA:0x8001e7b5 store:0xffffa4a5 load:0x00000000
        8815000	       782	80004936	01028903	lb	x18,16(x5)	  x5:0x8001e7a5 x18=0xffffffa5 PA:0x8001e7b5 load:0xffffffa5
        8825000	       783	8000493a	00b28823	sb	x11,16(x5)	  x5:0x8001e7a5 x11:0xc4c5c6c7 PA:0x8001e7b5 store:0xc4c5c6c7 load:0x00000000
        8845000	       785	8000493e	0092a823	sw	x9,16(x5)	  x5:0x8001e7a5  x9:0xfff00000 PA:0x8001e7b5 store:0xfff00000 load:0x00a4a5a6
        8855000	       786	80004942	00929823	sh	x9,16(x5)	  x5:0x8001e7a5  x9:0xfff00000 PA:0x8001e7b5 store:0xfff00000 load:0x00000000
        8865000	       787	80004946	6159	c.addi16sp	x2,400	  x2:0x00000000  x2=0x00000190
        8875000	       788	80004948	00628823	sb	x6,16(x5)	  x5:0x8001e7a5  x6:0xc4c5c6c7 PA:0x8001e7b5 store:0xc4c5c6c7 load:0x00000000
        8885000	       789	8000494c	01029103	lh	x2,16(x5)	  x5:0x8001e7a5  x2=0x000000c7 PA:0x8001e7b5 load:0x000000c7
        8895000	       790	80004950	01a25093	srli	x1,x4,0x1a	  x4:0x800224e4  x1=0x00000020
        8905000	       791	80004954	8cfd	c.and	x9,x15	  x9:0xfff00000 x15:0x9e9f9899  x9=0x9e900000
        8915000	       792	80004956	01028d03	lb	x26,16(x5)	  x5:0x8001e7a5 x26=0xffffffc7 PA:0x8001e7b5 load:0xffffffc7
        8925000	       793	8000495a	0001f117	auipc	x2,0x1f	  x2=0x8002395a
        8935000	       794	8000495e	22a10113	addi	x2,x2,554	  x2:0x8002395a  x2=0x80023b84
        8945000	       795	80004962	ffa14b03	lbu	x22,-6(x2)	  x2:0x80023b84 x22=0x00000035 PA:0x80023b7e load:0x00000035
        8955000	       796	80004966	ffa11603	lh	x12,-6(x2)	  x2:0x80023b84 x12=0x00003435 PA:0x80023b7e load:0x00003435
        8965000	       797	8000496a	411e5d33	sra	x26,x28,x17	 x28:0x7fffb447 x17:0x80031e20 x26=0x7fffb447
        8985000	       799	8000496e	fc312803	lw	x16,-61(x2)	  x2:0x80023b84 x16=0x010203fc PA:0x80023b47 load:0x010203fc
        9005000	       801	80004972	fcf12aa3	sw	x15,-43(x2)	  x2:0x80023b84 x15:0x9e9f9899 PA:0x80023b59 store:0x9e9f9899 load:0x00fcfdfe
        9025000	       803	80004976	003128a3	sw	x3,17(x2)	  x2:0x80023b84  x3:0xfffffcef PA:0x80023b95 store:0xfffffcef load:0x00fcfdfe
        9035000	       804	8000497a	fcd10b03	lb	x22,-51(x2)	  x2:0x80023b84 x22=0x0000000a PA:0x80023b51 load:0x0000000a
        9045000	       805	8000497e	013687b3	add	x15,x13,x19	 x13:0x00000049 x19:0x80031e54 x15=0x80031e9d
        9055000	       806	80004982	8e85	c.sub	x13,x9	 x13:0x00000049  x9:0x9e900000 x13=0x61700049
        9065000	       807	80004984	c80e	c.swsp	x3,16(x2)	  x2:0x80023b84  x3:0xfffffcef PA:0x80023b94 store:0xfffffcef load:0x00000000
        9085000	       809	80004986	02b11b83	lh	x23,43(x2)	  x2:0x80023b84 x23=0x00006b64 PA:0x80023baf load:0x00006b64
        9095000	       810	8000498a	02d10383	lb	x7,45(x2)	  x2:0x80023b84  x7=0x0000006a PA:0x80023bb1 load:0x0000006a
        9105000	       811	8000498e	fc010283	lb	x5,-64(x2)	  x2:0x80023b84  x5=0xffffffff PA:0x80023b44 load:0xffffffff
        9115000	       812	80004992	00023097	auipc	x1,0x23	  x1=0x80027992
        9125000	       813	80004996	79108093	addi	x1,x1,1937	  x1:0x80027992  x1=0x80028123
        9135000	       814	8000499a	fea099a3	sh	x10,-13(x1)	  x1:0x80028123 x10:0x62644433 PA:0x80028116 store:0x62644433 load:0x00000000
        9145000	       815	8000499e	00018b97	auipc	x23,0x18	 x23=0x8001c99e
        9155000	       816	800049a2	81db8b93	addi	x23,x23,-2019	 x23:0x8001c99e x23=0x8001c1bb
        9165000	       817	800049a6	00809123	sh	x8,2(x1)	  x1:0x80028123  x8:0x00000004 PA:0x80028125 store:0x00000004 load:0x00000000
        9175000	       818	800049aa	f07b9f23	sh	x7,-226(x23)	 x23:0x8001c1bb  x7:0x0000006a PA:0x8001c0d9 store:0x0000006a load:0x00000000
        9195000	       820	800049ae	0030aa83	lw	x21,3(x1)	  x1:0x80028123 x21=0xe2e3dc00 PA:0x80028126 load:0xe2e3dc00
        9215000	       822	800049b2	00a0a603	lw	x12,10(x1)	  x1:0x80028123 x12=0xebe4e5e6 PA:0x8002812d load:0xebe4e5e6
        9235000	       824	800049b6	0f9b9423	sh	x25,232(x23)	 x23:0x8001c1bb x25:0x80035ce4 PA:0x8001c2a3 store:0x80035ce4 load:0x000000e4
        9245000	       825	800049ba	0080ca03	lbu	x20,8(x1)	  x1:0x80028123 x20=0x000000e0 PA:0x8002812b load:0x000000e0
        9265000	       827	800049be	fd1b9e23	sh	x17,-36(x23)	 x23:0x8001c1bb x17:0x80031e20 PA:0x8001c197 store:0x80031e20 load:0x000000e4
        9275000	       828	800049c2	f12b9123	sh	x18,-254(x23)	 x23:0x8001c1bb x18:0xffffffa5 PA:0x8001c0bd store:0xffffffa5 load:0x00000000
        9285000	       829	800049c6	ff50cd03	lbu	x26,-11(x1)	  x1:0x80028123 x26=0x000000d3 PA:0x80028118 load:0x000000d3
        9295000	       830	800049ca	ff90a803	lw	x16,-7(x1)	  x1:0x80028123 x16=0xd4d5d6d7 PA:0x8002811c load:0xd4d5d6d7
        9315000	       832	800049ce	f62ba103	lw	x2,-158(x23)	 x23:0x8001c1bb  x2=0xdbd4d5d6 PA:0x8001c11d load:0xdbd4d5d6
        9325000	       833	800049d2	00408c03	lb	x24,4(x1)	  x1:0x80028123 x24=0xffffffdc PA:0x80028127 load:0xffffffdc
        9345000	       835	800049d6	fd0ba883	lw	x17,-48(x23)	 x23:0x8001c1bb x17=0x45464740 PA:0x8001c18b load:0x45464740
        9355000	       836	800049da	049b9903	lh	x18,73(x23)	 x23:0x8001c1bb x18=0xffffbebf PA:0x8001c204 load:0xffffbebf
        9365000	       837	800049de	ffd0ca03	lbu	x20,-3(x1)	  x1:0x80028123 x20=0x000000db PA:0x80028120 load:0x000000db
        9375000	       838	800049e2	00025b97	auipc	x23,0x25	 x23=0x800299e2
        9385000	       839	800049e6	15fb8b93	addi	x23,x23,351	 x23:0x800299e2 x23=0x80029b41
        9395000	       840	800049ea	fd8b9483	lh	x9,-40(x23)	 x23:0x80029b41  x9=0xffffd1d2 PA:0x80029b19 load:0xffffd1d2
        9405000	       841	800049ee	1f4b8d23	sb	x20,506(x23)	 x23:0x80029b41 x20:0x000000db PA:0x80029d3b store:0x000000db load:0x00000000
        9415000	       842	800049f2	0b14	c.addi4spn	x13,x2,400	 x13=0xdbd4d766
        9435000	       844	800049f4	069ba303	lw	x6,105(x23)	 x23:0x80029b41  x6=0x66676061 PA:0x80029baa load:0x66676061
        9455000	       846	800049f8	f0dba183	lw	x3,-243(x23)	 x23:0x80029b41  x3=0x0a0b0405 PA:0x80029a4e load:0x0a0b0405
        9465000	       847	800049fc	8cf5	c.and	x9,x13	  x9:0xffffd1d2 x13:0xdbd4d766  x9=0xdbd4d142
        9485000	       849	800049fe	f5dbad83	lw	x27,-163(x23)	 x23:0x80029b41 x27=0x5a5b5455 PA:0x80029a9e load:0x5a5b5455
        9855000	       886	80004a02	03a748b3	div	x17,x14,x26	 x14:0xffffffe4 x26:0x000000d3 x17=0x00000000
        9875000	       888	80004a06	3ebba4a3	sw	x11,1001(x23)	 x23:0x80029b41 x11:0xc4c5c6c7 PA:0x80029f2a store:0xc4c5c6c7 load:0x00005455
        9885000	       889	80004a0a	4585	c.li	x11,1	 x11=0x00000001
        9895000	       890	80004a0c	d00b89a3	sb	x0,-749(x23)	 x23:0x80029b41  x0:0x00000000 PA:0x80029854 store:0x00000000 load:0x00000000
        9905000	       891	80004a10	85a9	c.srai	x11,0xa	 x11:0x00000001 x11=0x00000000
        9915000	       892	80004a12	0f86	c.slli	x31,0x1	 x31:0x00006e9b x31=0x0000dd36
        9925000	       893	80004a14	7f0b8523	sb	x16,2026(x23)	 x23:0x80029b41 x16:0xd4d5d6d7 PA:0x8002a32b store:0xd4d5d6d7 load:0x00000000
        9935000	       894	80004a18	9d7ba9a3	sw	x23,-1581(x23)	 x23:0x80029b41 x23:0x80029b41 PA:0x80029514 store:0x80029b41 load:0x00000000
        9955000	       896	80004a1c	35abaf83	lw	x31,858(x23)	 x23:0x80029b41 x31=0x55565750 PA:0x80029e9b load:0x55565750
        9975000	       898	80004a20	be2baa03	lw	x20,-1054(x23)	 x23:0x80029b41 x20=0xdddedfd8 PA:0x80029723 load:0xdddedfd8
        9985000	       899	80004a24	e42b8183	lb	x3,-446(x23)	 x23:0x80029b41  x3=0x00000038 PA:0x80029983 load:0x00000038
        9995000	       900	80004a28	8d1d	c.sub	x10,x15	 x10:0x62644433 x15:0x80031e9d x10=0xe2612596
       10005000	       901	80004a2a	13db8703	lb	x14,317(x23)	 x23:0x80029b41 x14=0x00000035 PA:0x80029c7e load:0x00000035
       10015000	       902	80004a2e	eafb9423	sh	x15,-344(x23)	 x23:0x80029b41 x15:0x80031e9d PA:0x800299e9 store:0x80031e9d load:0x00000000
       10025000	       903	80004a32	09054393	xori	x7,x10,144	 x10:0xe2612596  x7=0xe2612506
       10035000	       904	80004a36	7bbbc083	lbu	x1,1979(x23)	 x23:0x80029b41  x1=0x000000b7 PA:0x8002a2fc load:0x000000b7
       10045000	       905	80004a3a	3ddb9803	lh	x16,989(x23)	 x23:0x80029b41 x16=0xffffd4d5 PA:0x80029f1e load:0xffffd4d5
       10055000	       906	80004a3e	9dab8d23	sb	x26,-1574(x23)	 x23:0x80029b41 x26:0x000000d3 PA:0x8002951b store:0x000000d3 load:0x00000000
       10065000	       907	80004a42	374bcf83	lbu	x31,884(x23)	 x23:0x80029b41 x31=0x0000006e PA:0x80029eb5 load:0x0000006e
       10075000	       908	80004a46	4b0bdd83	lhu	x27,1200(x23)	 x23:0x80029b41 x27=0x0000a9aa PA:0x80029ff1 load:0x0000a9aa
       10085000	       909	80004a4a	a48bde03	lhu	x28,-1464(x23)	 x23:0x80029b41 x28=0x00004142 PA:0x80029589 load:0x00004142
       10095000	       910	80004a4e	34fd0117	auipc	x2,0x34fd0	  x2=0xb4fd4a4e
       10135000	       914	80004a52	03f9aab3	mulhsu	x21,x19,x31	 x19:0x80031e54 x31:0x0000006e x21=0xffffffc9
       10145000	       915	80004a56	b73bcf83	lbu	x31,-1165(x23)	 x23:0x80029b41 x31=0x0000006f PA:0x800296b4 load:0x0000006f
       10155000	       916	80004a5a	70abcf03	lbu	x30,1802(x23)	 x23:0x80029b41 x30=0x00000000 PA:0x8002a24b load:0x00000000
       10165000	       917	80004a5e	9cdb9d83	lh	x27,-1587(x23)	 x23:0x80029b41 x27=0xffffc4c5 PA:0x8002950e load:0xffffc4c5
       10175000	       918	80004a62	df6b8123	sb	x22,-542(x23)	 x23:0x80029b41 x22:0x0000000a PA:0x80029923 store:0x0000000a load:0x00000000
       10185000	       919	80004a66	999b8583	lb	x11,-1639(x23)	 x23:0x80029b41 x11=0xffffff91 PA:0x800294da load:0xffffff91
       10195000	       920	80004a6a	340c17f3	csrrw	x15,mscratch,x24	 x24:0xffffffdc x15=0x7fffb447
       10565000	       957	80004a6e	025c6a33	rem	x20,x24,x5	 x24:0xffffffdc  x5:0xffffffff x20=0x00000000
       10575000	       958	80004a72	2d9b85a3	sb	x25,715(x23)	 x23:0x80029b41 x25:0x80035ce4 PA:0x80029e0c store:0x80035ce4 load:0x00000000
       10595000	       960	80004a76	75bba023	sw	x27,1856(x23)	 x23:0x80029b41 x27:0xffffc4c5 PA:0x8002a281 store:0xffffc4c5 load:0x00d8d9da
       10625000	       963	80004a7a	02950933	mul	x18,x10,x9	 x10:0xe2612596  x9:0xdbd4d142 x18=0x1ef326ac
       10635000	       964	80004a7e	643bd803	lhu	x16,1603(x23)	 x23:0x80029b41 x16=0x00003e3f PA:0x8002a184 load:0x00003e3f
       10645000	       965	80004a82	3ceb9023	sh	x14,960(x23)	 x23:0x80029b41 x14:0x00000035 PA:0x80029f01 store:0x00000035 load:0x00000000
       10655000	       966	80004a86	0001	c.addi	x0,0	  x0:0x00000000  x0=0x00000000
       10665000	       967	80004a88	a92bc903	lbu	x18,-1390(x23)	 x23:0x80029b41 x18=0x00000088 PA:0x800295d3 load:0x00000088
       10675000	       968	80004a8c	00023317	auipc	x6,0x23	  x6=0x80027a8c
       10685000	       969	80004a90	7cc30313	addi	x6,x6,1996	  x6:0x80027a8c  x6=0x80028258
       10695000	       970	80004a94	00035103	lhu	x2,0(x6)	  x6:0x80028258  x2=0x00001213 PA:0x80028258 load:0x00001213
       10705000	       971	80004a98	00018817	auipc	x16,0x18	 x16=0x8001ca98
       10715000	       972	80004a9c	8b980813	addi	x16,x16,-1863	 x16:0x8001ca98 x16=0x8001c351
       10725000	       973	80004aa0	ff930e03	lb	x28,-7(x6)	  x6:0x80028258 x28=0x0000000a PA:0x80028251 load:0x0000000a
       10745000	       975	80004aa4	01882423	sw	x24,8(x16)	 x16:0x8001c351 x24:0xffffffdc PA:0x8001c359 store:0xffffffdc load:0x00d8d9da
       10755000	       976	80004aa8	00034603	lbu	x12,0(x6)	  x6:0x80028258 x12=0x00000013 PA:0x80028258 load:0x00000013
       10765000	       977	80004aac	fe380823	sb	x3,-16(x16)	 x16:0x8001c351  x3:0x00000038 PA:0x8001c341 store:0x00000038 load:0x00000000
       10775000	       978	80004ab0	ffd85783	lhu	x15,-3(x16)	 x16:0x8001c351 x15=0x00000405 PA:0x8001c34e load:0x00000405
       10795000	       980	80004ab4	001322a3	sw	x1,5(x6)	  x6:0x80028258  x1:0x000000b7 PA:0x8002825d store:0x000000b7 load:0x00d8d9da
       10805000	       981	80004ab8	ffd30083	lb	x1,-3(x6)	  x6:0x80028258  x1=0x0000000e PA:0x80028255 load:0x0000000e
       10815000	       982	80004abc	00d81e03	lh	x28,13(x16)	 x16:0x8001c351 x28=0x00001415 PA:0x8001c35e load:0x00001415
       10835000	       984	80004ac0	00882703	lw	x14,8(x16)	 x16:0x8001c351 x14=0xffffffdc PA:0x8001c359 load:0xffffffdc
       10845000	       985	80004ac4	ffc34f83	lbu	x31,-4(x6)	  x6:0x80028258 x31=0x0000000f PA:0x80028254 load:0x0000000f
       10855000	       986	80004ac8	00c80b03	lb	x22,12(x16)	 x16:0x8001c351 x22=0x00000016 PA:0x8001c35d load:0x00000016
       10875000	       988	80004acc	00e32c03	lw	x24,14(x6)	  x6:0x80028258 x24=0x22231c1d PA:0x80028266 load:0x22231c1d
       10885000	       989	80004ad0	00d31e83	lh	x29,13(x6)	  x6:0x80028258 x29=0x00001d1e PA:0x80028265 load:0x00001d1e
       10895000	       990	80004ad4	00084a03	lbu	x20,0(x16)	 x16:0x8001c351 x20=0x0000000a PA:0x8001c351 load:0x0000000a
       10915000	       992	80004ad8	00f322a3	sw	x15,5(x6)	  x6:0x80028258 x15:0x00000405 PA:0x8002825d store:0x00000405 load:0x001c1d1e
       10925000	       993	80004adc	01035103	lhu	x2,16(x6)	  x6:0x80028258  x2=0x00002223 PA:0x80028268 load:0x00002223
       10935000	       994	80004ae0	00b80e83	lb	x29,11(x16)	 x16:0x8001c351 x29=0xffffffff PA:0x8001c35c load:0xffffffff
       10945000	       995	80004ae4	ff680783	lb	x15,-10(x16)	 x16:0x8001c351 x15=0xfffffffc PA:0x8001c347 load:0xfffffffc
       10955000	       996	80004ae8	00025097	auipc	x1,0x25	  x1=0x80029ae8
       10965000	       997	80004aec	48f08093	addi	x1,x1,1167	  x1:0x80029ae8  x1=0x80029f77
       10975000	       998	80004af0	ffb09ca3	sh	x27,-7(x1)	  x1:0x80029f77 x27:0xffffc4c5 PA:0x80029f70 store:0xffffc4c5 load:0x00000000
       10995000	      1000	80004af4	00409e03	lh	x28,4(x1)	  x1:0x80029f77 x28=0x00003730 PA:0x80029f7b load:0x00003730
       11015000	      1002	80004af8	ff00a183	lw	x3,-16(x1)	  x1:0x80029f77  x3=0x2122231c PA:0x80029f67 load:0x2122231c
       11025000	      1003	80004afc	0596	c.slli	x11,0x5	 x11:0xffffff91 x11=0xfffff220
       11035000	      1004	80004afe	011091a3	sh	x17,3(x1)	  x1:0x80029f77 x17:0x00000000 PA:0x80029f7a store:0x00000000 load:0x00000000
       11045000	      1005	80004b02	0070c583	lbu	x11,7(x1)	  x1:0x80029f77 x11=0x00000035 PA:0x80029f7e load:0x00000035
       11065000	      1007	80004b06	00009603	lh	x12,0(x1)	  x1:0x80029f77 x12=0x0000332c PA:0x80029f77 load:0x0000332c
       11075000	      1008	80004b0a	008d8833	add	x16,x27,x8	 x27:0xffffc4c5  x8:0x00000004 x16=0xffffc4c9
       11085000	      1009	80004b0e	8d61	c.and	x10,x8	 x10:0xe2612596  x8:0x00000004 x10=0x00000004
       11095000	      1010	80004b10	0342	c.slli	x6,0x10	  x6:0x80028258  x6=0x82580000
       11105000	      1011	80004b12	ff109a83	lh	x21,-15(x1)	  x1:0x80029f77 x21=0x00002223 PA:0x80029f68 load:0x00002223
       11125000	      1013	80004b16	ffb0ae23	sw	x27,-4(x1)	  x1:0x80029f77 x27:0xffffc4c5 PA:0x80029f73 store:0xffffc4c5 load:0x0000002c
       11145000	      1015	80004b1a	fe709e23	sh	x7,-4(x1)	  x1:0x80029f77  x7:0xe2612506 PA:0x80029f73 store:0xe2612506 load:0x0000002c
       11155000	      1016	80004b1e	00007eb3	and	x29,x0,x0	  x0:0x00000000  x0:0x00000000 x29=0x00000000
       11175000	      1018	80004b22	01e0a823	sw	x30,16(x1)	  x1:0x80029f77 x30:0x00000000 PA:0x80029f87 store:0x00000000 load:0x0000002c
       11195000	      1020	80004b26	ff909c23	sh	x25,-8(x1)	  x1:0x80029f77 x25:0x80035ce4 PA:0x80029f6f store:0x80035ce4 load:0x0000002c
       11205000	      1021	80004b2a	ff508823	sb	x21,-16(x1)	  x1:0x80029f77 x21:0x00002223 PA:0x80029f67 store:0x00002223 load:0x00000000
       11215000	      1022	80004b2e	01001b33	sll	x22,x0,x16	  x0:0x00000000 x16:0xffffc4c9 x22=0x00000000
       11235000	      1024	80004b32	00a0a583	lw	x11,10(x1)	  x1:0x80029f77 x11=0x3f38393a PA:0x80029f81 load:0x3f38393a
       11245000	      1025	80004b36	0080a2a3	sw	x8,5(x1)	  x1:0x80029f77  x8:0x00000004 PA:0x80029f7c store:0x00000004 load:0x00000000
       11255000	      1026	80004b3a	0001	c.addi	x0,0	  x0:0x00000000  x0=0x00000000
       11265000	      1027	80004b3c	ffa08603	lb	x12,-6(x1)	  x1:0x80029f77 x12=0xffffffc4 PA:0x80029f71 load:0xffffffc4
       11275000	      1028	80004b40	0001	c.addi	x0,0	  x0:0x00000000  x0=0x00000000
       11285000	      1029	80004b42	00309383	lh	x7,3(x1)	  x1:0x80029f77  x7=0x00000000 PA:0x80029f7a load:0x00000000
       11295000	      1030	80004b46	8b2a	c.mv	x22,x10	  x0:0x00000000 x10:0x00000004 x22=0x00000004
       11305000	      1031	80004b48	ff208a03	lb	x20,-14(x1)	  x1:0x80029f77 x20=0x00000022 PA:0x80029f69 load:0x00000022
       11345000	      1035	80004b4c	0234bf33	mulhu	x30,x9,x3	  x9:0xdbd4d142  x3:0x2122231c x30=0x1c73bf63
       11365000	      1037	80004b50	0040d183	lhu	x3,4(x1)	  x1:0x80029f77  x3=0x00000400 PA:0x80029f7b load:0x00000400
       11375000	      1038	80004b54	009086a3	sb	x9,13(x1)	  x1:0x80029f77  x9:0xdbd4d142 PA:0x80029f84 store:0xdbd4d142 load:0x00000000
       11385000	      1039	80004b58	ff509d83	lh	x27,-11(x1)	  x1:0x80029f77 x27=0x00002627 PA:0x80029f6c load:0x00002627
       11395000	      1040	80004b5c	00e08b03	lb	x22,14(x1)	  x1:0x80029f77 x22=0x0000003e PA:0x80029f85 load:0x0000003e
       11415000	      1042	80004b60	ff009f83	lh	x31,-16(x1)	  x1:0x80029f77 x31=0x00002323 PA:0x80029f67 load:0x00002323
       11435000	      1044	80004b64	0140a323	sw	x20,6(x1)	  x1:0x80029f77 x20:0x00000022 PA:0x80029f7d store:0x00000022 load:0x00231d1e
       11445000	      1045	80004b68	0080c103	lbu	x2,8(x1)	  x1:0x80029f77  x2=0x00000000 PA:0x80029f7f load:0x00000000
       11455000	      1046	80004b6c	00909f03	lh	x30,9(x1)	  x1:0x80029f77 x30=0x00003a00 PA:0x80029f80 load:0x00003a00
       11465000	      1047	80004b70	013080a3	sb	x19,1(x1)	  x1:0x80029f77 x19:0x80031e54 PA:0x80029f78 store:0x80031e54 load:0x00000000
       11475000	      1048	80004b74	00018117	auipc	x2,0x18	  x2=0x8001cb74
       11485000	      1049	80004b78	a9010113	addi	x2,x2,-1392	  x2:0x8001cb74  x2=0x8001c604
       11505000	      1051	80004b7c	02796033	rem	x0,x18,x7	 x18:0x00000088  x7:0x00000000  x0=0x00000000
       11515000	      1052	80004b80	8e09	c.sub	x12,x10	 x12:0xffffffc4 x10:0x00000004 x12=0xffffffc0
       11525000	      1053	80004b82	ff812c23	sw	x24,-8(x2)	  x2:0x8001c604 x24:0x22231c1d PA:0x8001c5fc store:0x22231c1d load:0x00000000
       11535000	      1054	80004b86	00c106a3	sb	x12,13(x2)	  x2:0x8001c604 x12:0xffffffc0 PA:0x8001c611 store:0xffffffc0 load:0x00000000
       11555000	      1056	80004b8a	018122a3	sw	x24,5(x2)	  x2:0x8001c604 x24:0x22231c1d PA:0x8001c609 store:0x22231c1d load:0x00231d1e
       11565000	      1057	80004b8e	ff814d03	lbu	x26,-8(x2)	  x2:0x8001c604 x26=0x0000001d PA:0x8001c5fc load:0x0000001d
       11575000	      1058	80004b92	7cfaa813	slti	x16,x21,1999	 x21:0x00002223 x16=0x00000000
       11585000	      1059	80004b96	00614b03	lbu	x22,6(x2)	  x2:0x8001c604 x22=0x0000001c PA:0x8001c60a load:0x0000001c
       11595000	      1060	80004b9a	c602	c.swsp	x0,12(x2)	  x2:0x8001c604  x0:0x00000000 PA:0x8001c610 store:0x00000000 load:0x00000000
       11605000	      1061	80004b9c	fee11b23	sh	x14,-10(x2)	  x2:0x8001c604 x14:0xffffffdc PA:0x8001c5fa store:0xffffffdc load:0x00000000
       11615000	      1062	80004ba0	ff915203	lhu	x4,-7(x2)	  x2:0x8001c604  x4=0x0000231c PA:0x8001c5fd load:0x0000231c
       11625000	      1063	80004ba4	ff510b03	lb	x22,-11(x2)	  x2:0x8001c604 x22=0xffffffb2 PA:0x8001c5f9 load:0xffffffb2
       11635000	      1064	80004ba8	00910283	lb	x5,9(x2)	  x2:0x8001c604  x5=0xffffffc6 PA:0x8001c60d load:0xffffffc6
       11645000	      1065	80004bac	00a11903	lh	x18,10(x2)	  x2:0x8001c604 x18=0xffffc4c5 PA:0x8001c60e load:0xffffc4c5
       11665000	      1067	80004bb0	016117a3	sh	x22,15(x2)	  x2:0x8001c604 x22:0xffffffb2 PA:0x8001c613 store:0xffffffb2 load:0x00000023
       11675000	      1068	80004bb4	ff114083	lbu	x1,-15(x2)	  x2:0x8001c604  x1=0x000000ae PA:0x8001c5f5 load:0x000000ae
       11685000	      1069	80004bb8	00114d83	lbu	x27,1(x2)	  x2:0x8001c604 x27=0x000000be PA:0x8001c605 load:0x000000be
       11695000	      1070	80004bbc	ffc10d03	lb	x26,-4(x2)	  x2:0x8001c604 x26=0xffffffbb PA:0x8001c600 load:0xffffffbb
       11705000	      1071	80004bc0	015103a3	sb	x21,7(x2)	  x2:0x8001c604 x21:0x00002223 PA:0x8001c60b store:0x00002223 load:0x00000000
       11725000	      1073	80004bc4	00712e03	lw	x28,7(x2)	  x2:0x8001c604 x28=0xc5c62223 PA:0x8001c60b load:0xc5c62223
       11745000	      1075	80004bc8	ff312c03	lw	x24,-13(x2)	  x2:0x8001c604 x24=0xdcb2b3ac PA:0x8001c5f7 load:0xdcb2b3ac
       11785000	      1079	80004bcc	025017b3	mulh	x15,x0,x5	  x0:0x00000000  x5:0xffffffc6 x15=0x00000000
       11795000	      1080	80004bd0	9eb2	c.add	x29,x12	 x29:0x00000000 x12:0xffffffc0 x29=0xffffffc0
       11805000	      1081	80004bd2	01911323	sh	x25,6(x2)	  x2:0x8001c604 x25:0x80035ce4 PA:0x8001c60a store:0x80035ce4 load:0x00000000
       11815000	      1082	80004bd6	40b55233	sra	x4,x10,x11	 x10:0x00000004 x11:0x3f38393a  x4=0x00000000
       11825000	      1083	80004bda	0ff0000f	fence	iorw,iorw	
       11835000	      1084	80004bde	ff412b03	lw	x22,-12(x2)	  x2:0x8001c604 x22=0xffdcb2b3 PA:0x8001c5f8 load:0xffdcb2b3
       11845000	      1085	80004be2	fe1108a3	sb	x1,-15(x2)	  x2:0x8001c604  x1:0x000000ae PA:0x8001c5f5 store:0x000000ae load:0x00000000
       11865000	      1087	80004be6	00212b83	lw	x23,2(x2)	  x2:0x8001c604 x23=0x1dc3bcbd PA:0x8001c606 load:0x1dc3bcbd
       11875000	      1088	80004bea	fe4118a3	sh	x4,-15(x2)	  x2:0x8001c604  x4:0x00000000 PA:0x8001c5f5 store:0x00000000 load:0x00000000
       11885000	      1089	80004bee	004102a3	sb	x4,5(x2)	  x2:0x8001c604  x4:0x00000000 PA:0x8001c609 store:0x00000000 load:0x00000000
       11895000	      1090	80004bf2	01ed77b3	and	x15,x26,x30	 x26:0xffffffbb x30:0x00003a00 x15=0x00003a00
       11915000	      1092	80004bf6	fe412f23	sw	x4,-2(x2)	  x2:0x8001c604  x4:0x00000000 PA:0x8001c602 store:0x00000000 load:0x0000bcbd
       11925000	      1093	80004bfa	340038f3	csrrc	x17,mscratch,x0	  x0:0x00000000 x17=0xffffffdc
       11935000	      1094	80004bfe	00d15883	lhu	x17,13(x2)	  x2:0x8001c604 x17=0x00000000 PA:0x8001c611 load:0x00000000
       11945000	      1095	80004c02	ff614283	lbu	x5,-10(x2)	  x2:0x8001c604  x5=0x000000dc PA:0x8001c5fa load:0x000000dc
       11965000	      1097	80004c06	ff312b83	lw	x23,-13(x2)	  x2:0x8001c604 x23=0xdcb2b3ac PA:0x8001c5f7 load:0xdcb2b3ac
       11985000	      1099	80004c0a	ff9119a3	sh	x25,-13(x2)	  x2:0x8001c604 x25:0x80035ce4 PA:0x8001c5f7 store:0x80035ce4 load:0x000000ac
       11995000	      1100	80004c0e	116abd13	sltiu	x26,x21,278	 x21:0x00002223 x26=0x00000000
       12005000	      1101	80004c12	1bfd	c.addi	x23,-1	 x23:0xdcb2b3ac x23=0xdcb2b3ab
       12025000	      1103	80004c14	005122a3	sw	x5,5(x2)	  x2:0x8001c604  x5:0x000000dc PA:0x8001c609 store:0x000000dc load:0x00ac0000
       12035000	      1104	80004c18	0001ab97	auipc	x23,0x1a	 x23=0x8001ec18
       12045000	      1105	80004c1c	914b8b93	addi	x23,x23,-1772	 x23:0x8001ec18 x23=0x8001e52c
       12055000	      1106	80004c20	0e88	c.addi4spn	x10,x2,848	 x10=0x8001c954
       12065000	      1107	80004c22	40715393	srai	x7,x2,0x7	  x2:0x8001c604  x7=0xff00038c
       12075000	      1108	80004c26	fe1b9aa3	sh	x1,-11(x23)	 x23:0x8001e52c  x1:0x000000ae PA:0x8001e521 store:0x000000ae load:0x00000000
       12085000	      1109	80004c2a	e3034613	xori	x12,x6,-464	  x6:0x82580000 x12=0x7da7fe30
       12095000	      1110	80004c2e	ff2b9b03	lh	x22,-14(x23)	 x23:0x8001e52c x22=0xffffd4d5 PA:0x8001e51e load:0xffffd4d5
       12105000	      1111	80004c32	0000100f	fence.i	
       12495000	      1150	80004c36	02286ab3	rem	x21,x16,x2	 x16:0x00000000  x2:0x8001c604 x21=0x00000000
       12505000	      1151	80004c3a	000bd603	lhu	x12,0(x23)	 x23:0x8001e52c x12=0x0000e6e7 PA:0x8001e52c load:0x0000e6e7
       12515000	      1152	80004c3e	82f9	c.srli	x13,0x1e	 x13:0xdbd4d766 x13=0x00000003
       12525000	      1153	80004c40	ffeb8183	lb	x3,-2(x23)	 x23:0x8001e52c  x3=0xffffffe1 PA:0x8001e52a load:0xffffffe1
       12535000	      1154	80004c44	00a17b33	and	x22,x2,x10	  x2:0x8001c604 x10:0x8001c954 x22=0x8001c004
       12545000	      1155	80004c48	fffbae23	sw	x31,-4(x23)	 x23:0x8001e52c x31:0x00002323 PA:0x8001e528 store:0x00002323 load:0x00000000
       12555000	      1156	80004c4c	006b80a3	sb	x6,1(x23)	 x23:0x8001e52c  x6:0x82580000 PA:0x8001e52d store:0x82580000 load:0x00000000
       12565000	      1157	80004c50	001b80a3	sb	x1,1(x23)	 x23:0x8001e52c  x1:0x000000ae PA:0x8001e52d store:0x000000ae load:0x00000000
       12575000	      1158	80004c54	ff5b9903	lh	x18,-11(x23)	 x23:0x8001e52c x18=0x000000ae PA:0x8001e521 load:0x000000ae
       12585000	      1159	80004c58	1d90	c.addi4spn	x12,x2,752	 x12=0x8001c8f4
       12595000	      1160	80004c5a	0000100f	fence.i	
       12625000	      1163	80004c5e	00dbd303	lhu	x6,13(x23)	 x23:0x8001e52c  x6=0x0000f1f2 PA:0x8001e539 load:0x0000f1f2
       12995000	      1200	80004c62	0382edb3	rem	x27,x5,x24	  x5:0x000000dc x24:0xdcb2b3ac x27=0x000000dc
       13365000	      1237	80004c66	0280f033	remu	x0,x1,x8	  x1:0x000000ae  x8:0x00000004  x0=0x00000000
       13385000	      1239	80004c6a	007bd083	lhu	x1,7(x23)	 x23:0x8001e52c  x1=0x0000efe8 PA:0x8001e533 load:0x0000efe8
       13425000	      1243	80004c6e	03a51333	mulh	x6,x10,x26	 x10:0x8001c954 x26:0x00000000  x6=0x00000000
       13435000	      1244	80004c72	10e32213	slti	x4,x6,270	  x6:0x00000000  x4=0x00000001
       13445000	      1245	80004c76	002b9a83	lh	x21,2(x23)	 x23:0x8001e52c x21=0xffffe4e5 PA:0x8001e52e load:0xffffe4e5
       13455000	      1246	80004c7a	8f75	c.and	x14,x13	 x14:0xffffffdc x13:0x00000003 x14=0x00000000
       13495000	      1250	80004c7c	02033a33	mulhu	x20,x6,x0	  x6:0x00000000  x0:0x00000000 x20=0x00000000
       13505000	      1251	80004c80	003bc083	lbu	x1,3(x23)	 x23:0x8001e52c  x1=0x000000e4 PA:0x8001e52f load:0x000000e4
       13515000	      1252	80004c84	9ee2	c.add	x29,x24	 x29:0xffffffc0 x24:0xdcb2b3ac x29=0xdcb2b36c
       13525000	      1253	80004c86	0ff0000f	fence	iorw,iorw	
       13545000	      1255	80004c8a	00fb9e83	lh	x29,15(x23)	 x23:0x8001e52c x29=0xfffff7f0 PA:0x8001e53b load:0xfffff7f0
       13555000	      1256	80004c8e	ff4ba703	lw	x14,-12(x23)	 x23:0x8001e52c x14=0xd800aedb PA:0x8001e520 load:0xd800aedb
       13575000	      1258	80004c92	ff3bd283	lhu	x5,-13(x23)	 x23:0x8001e52c  x5=0x0000dbd4 PA:0x8001e51f load:0x0000dbd4
       13585000	      1259	80004c96	8291	c.srli	x13,0x4	 x13:0x00000003 x13=0x00000000
       13595000	      1260	80004c98	8d1d	c.sub	x10,x15	 x10:0x8001c954 x15:0x00003a00 x10=0x80018f54
       13605000	      1261	80004c9a	01e35293	srli	x5,x6,0x1e	  x6:0x00000000  x5=0x00000000
       13615000	      1262	80004c9e	82f2	c.mv	x5,x28	  x0:0x00000000 x28:0xc5c62223  x5=0xc5c62223
       13635000	      1264	80004ca0	00aba703	lw	x14,10(x23)	 x23:0x8001e52c x14=0xf2f3eced PA:0x8001e536 load:0xf2f3eced
       13645000	      1265	80004ca4	00bb94a3	sh	x11,9(x23)	 x23:0x8001e52c x11:0x3f38393a PA:0x8001e535 store:0x3f38393a load:0x00000000
       13655000	      1266	80004ca8	615d	c.addi16sp	x2,432	  x2:0x8001c604  x2=0x8001c7b4
       13665000	      1267	80004caa	004bd103	lhu	x2,4(x23)	 x23:0x8001e52c  x2=0x0000eaeb PA:0x8001e530 load:0x0000eaeb
       13675000	      1268	80004cae	0001	c.addi	x0,0	  x0:0x00000000  x0=0x00000000
       13685000	      1269	80004cb0	6c612e93	slti	x29,x2,1734	  x2:0x0000eaeb x29=0x00000000
       13705000	      1271	80004cb4	003bd183	lhu	x3,3(x23)	 x23:0x8001e52c  x3=0x0000ebe4 PA:0x8001e52f load:0x0000ebe4
       13725000	      1273	80004cb8	ff5ba803	lw	x16,-11(x23)	 x23:0x8001e52c x16=0xdfd800ae PA:0x8001e521 load:0xdfd800ae
       13735000	      1274	80004cbc	00017817	auipc	x16,0x17	 x16=0x8001bcbc
       13745000	      1275	80004cc0	3a380813	addi	x16,x16,931	 x16:0x8001bcbc x16=0x8001c05f
       13755000	      1276	80004cc4	00880583	lb	x11,8(x16)	 x16:0x8001c05f x11=0x0000001c PA:0x8001c067 load:0x0000001c
       13765000	      1277	80004cc8	06a9	c.addi	x13,10	 x13:0x00000000 x13=0x0000000a
       13775000	      1278	80004cca	6c35	c.lui	x24,0xd	 x24=0x0000d000
       13785000	      1279	80004ccc	2d581083	lh	x1,725(x16)	 x16:0x8001c05f  x1=0xffffeeef PA:0x8001c334 load:0xffffeeef
       13795000	      1280	80004cd0	0069d733	srl	x14,x19,x6	 x19:0x80031e54  x6:0x00000000 x14=0x80031e54
       13805000	      1281	80004cd4	19c84703	lbu	x14,412(x16)	 x16:0x8001c05f x14=0x000000b0 PA:0x8001c1fb load:0x000000b0
       13815000	      1282	80004cd8	6165	c.addi16sp	x2,112	  x2:0x0000eaeb  x2=0x0000eb5b
       13825000	      1283	80004cda	9a980313	addi	x6,x16,-1623	 x16:0x8001c05f  x6=0x8001ba08
       13835000	      1284	80004cde	56e80483	lb	x9,1390(x16)	 x16:0x8001c05f  x9=0xffffff86 PA:0x8001c5cd load:0xffffff86
       13845000	      1285	80004ce2	8d51	c.or	x10,x12	 x10:0x80018f54 x12:0x8001c8f4 x10=0x8001cff4
       13855000	      1286	80004ce4	5ec80783	lb	x15,1516(x16)	 x16:0x8001c05f x15=0x00000000 PA:0x8001c64b load:0x00000000
       13895000	      1290	80004ce8	02d2a3b3	mulhsu	x7,x5,x13	  x5:0xc5c62223 x13:0x0000000a  x7=0xfffffffd
       13905000	      1291	80004cec	37484603	lbu	x12,884(x16)	 x16:0x8001c05f x12=0x00000088 PA:0x8001c3d3 load:0x00000088
       13925000	      1293	80004cf0	44382a03	lw	x20,1091(x16)	 x16:0x8001c05f x20=0x5e5f5859 PA:0x8001c4a2 load:0x5e5f5859
       13935000	      1294	80004cf4	345809a3	sb	x5,851(x16)	 x16:0x8001c05f  x5:0xc5c62223 PA:0x8001c3b2 store:0xc5c62223 load:0x00000000
       13945000	      1295	80004cf8	8fe5	c.and	x15,x9	 x15:0x00000000  x9:0xffffff86 x15=0x00000000
       13955000	      1296	80004cfa	1671b013	sltiu	x0,x3,359	  x3:0x0000ebe4  x0=0x00000000
       13975000	      1298	80004cfe	7c085f83	lhu	x31,1984(x16)	 x16:0x8001c05f x31=0x0000dbd4 PA:0x8001c81f load:0x0000dbd4
       13985000	      1299	80004d02	0001	c.addi	x0,0	  x0:0x00000000  x0=0x00000000
       14005000	      1301	80004d04	03d27d33	remu	x26,x4,x29	  x4:0x00000001 x29:0x00000000 x26=0x00000001
       14025000	      1303	80004d08	2c4821a3	sw	x4,707(x16)	 x16:0x8001c05f  x4:0x00000001 PA:0x8001c322 store:0x00000001 load:0x0000d4d5
       14035000	      1304	80004d0c	340065f3	csrrsi	x11,mscratch,0	 x11=0xffffffdc
       14045000	      1305	80004d10	5c281d23	sh	x2,1498(x16)	 x16:0x8001c05f  x2:0x0000eb5b PA:0x8001c639 store:0x0000eb5b load:0x00000000
       14055000	      1306	80004d14	40fd0bb3	sub	x23,x26,x15	 x26:0x00000001 x15:0x00000000 x23=0x00000001
       14065000	      1307	80004d18	01980ba3	sb	x25,23(x16)	 x16:0x8001c05f x25:0x80035ce4 PA:0x8001c076 store:0x80035ce4 load:0x00000000
       14435000	      1344	80004d1c	021d6633	rem	x12,x26,x1	 x26:0x00000001  x1:0xffffeeef x12=0x00000001
       14475000	      1348	80004d20	03b11bb3	mulh	x23,x2,x27	  x2:0x0000eb5b x27:0x000000dc x23=0x00000000
       14485000	      1349	80004d24	81b5	c.srli	x11,0xd	 x11:0xffffffdc x11=0x0007ffff
       14495000	      1350	80004d26	8e49	c.or	x12,x10	 x12:0x00000001 x10:0x8001cff4 x12=0x8001cff5
       14505000	      1351	80004d28	1e984083	lbu	x1,489(x16)	 x16:0x8001c05f  x1=0x00000003 PA:0x8001c248 load:0x00000003
       14515000	      1352	80004d2c	3401d2f3	csrrwi	x5,mscratch,3	  x5=0xffffffdc
       14525000	      1353	80004d30	340b9df3	csrrw	x27,mscratch,x23	 x23:0x00000000 x27=0x00000003
       14535000	      1354	80004d34	316815a3	sh	x22,779(x16)	 x16:0x8001c05f x22:0x8001c004 PA:0x8001c36a store:0x8001c004 load:0x00000000
       14905000	      1391	80004d38	033adb33	divu	x22,x21,x19	 x21:0xffffe4e5 x19:0x80031e54 x22=0x00000001
       14915000	      1392	80004d3c	340d9973	csrrw	x18,mscratch,x27	 x27:0x00000003 x18=0x00000000
       14925000	      1393	80004d40	d7828113	addi	x2,x5,-648	  x5:0xffffffdc  x2=0xfffffd54
       14935000	      1394	80004d44	00201f13	slli	x30,x0,0x2	  x0:0x00000000 x30=0x00000000
       14945000	      1395	80004d48	28f81d83	lh	x27,655(x16)	 x16:0x8001c05f x27=0xffffa4a5 PA:0x8001c2ee load:0xffffa4a5
       14955000	      1396	80004d4c	340b7973	csrrci	x18,mscratch,22	 x18=0x00000003
       14965000	      1397	80004d50	0001	c.addi	x0,0	  x0:0x00000000  x0=0x00000000
       14985000	      1399	80004d52	5b981c23	sh	x25,1464(x16)	 x16:0x8001c05f x25:0x80035ce4 PA:0x8001c617 store:0x80035ce4 load:0x000000d4
       15355000	      1436	80004d56	02a46033	rem	x0,x8,x10	  x8:0x00000004 x10:0x8001cff4  x0=0x00000000
       15365000	      1437	80004d5a	1ba81a83	lh	x21,442(x16)	 x16:0x8001c05f x21=0xffffd1d2 PA:0x8001c219 load:0xffffd1d2
       15375000	      1438	80004d5e	00022717	auipc	x14,0x22	 x14=0x80026d5e
       15385000	      1439	80004d62	f3b70713	addi	x14,x14,-197	 x14:0x80026d5e x14=0x80026c99
       15395000	      1440	80004d66	00018b17	auipc	x22,0x18	 x22=0x8001cd66
       15405000	      1441	80004d6a	1bfb0b13	addi	x22,x22,447	 x22:0x8001cd66 x22=0x8001cf25
       15415000	      1442	80004d6e	9db706a3	sb	x27,-1587(x14)	 x14:0x80026c99 x27:0xffffa4a5 PA:0x80026666 store:0xffffa4a5 load:0x00000000
       15425000	      1443	80004d72	ff0b1fa3	sh	x16,-1(x22)	 x22:0x8001cf25 x16:0x8001c05f PA:0x8001cf24 store:0x8001c05f load:0x00000000
       15445000	      1445	80004d76	fc7720a3	sw	x7,-63(x14)	 x14:0x80026c99  x7:0xfffffffd PA:0x80026c5a store:0xfffffffd load:0x0000d4d5
       15455000	      1446	80004d7a	42b74283	lbu	x5,1067(x14)	 x14:0x80026c99  x5=0x0000007f PA:0x800270c4 load:0x0000007f
       15465000	      1447	80004d7e	7fb70003	lb	x0,2043(x14)	 x14:0x80026c99  x0=0x00000000 PA:0x80027494 load:0x0000004f
       15475000	      1448	80004d82	fffb5003	lhu	x0,-1(x22)	 x22:0x8001cf25  x0=0x00000000 PA:0x8001cf24 load:0x0000c05f
       15495000	      1450	80004d86	ab172603	lw	x12,-1359(x14)	 x14:0x80026c99 x12=0x06070001 PA:0x8002674a load:0x06070001
       15515000	      1452	80004d8a	02675583	lhu	x11,38(x14)	 x14:0x80026c99 x11=0x00007b74 PA:0x80026cbf load:0x00007b74
       15525000	      1453	80004d8e	000b4283	lbu	x5,0(x22)	 x22:0x8001cf25  x5=0x000000c0 PA:0x8001cf25 load:0x000000c0
       15535000	      1454	80004d92	94d70923	sb	x13,-1710(x14)	 x14:0x80026c99 x13:0x0000000a PA:0x800265eb store:0x0000000a load:0x00000000
       15545000	      1455	80004d96	d9971603	lh	x12,-615(x14)	 x14:0x80026c99 x12=0xffffe8e9 PA:0x80026a32 load:0xffffe8e9
       15555000	      1456	80004d9a	ff6b0f83	lb	x31,-10(x22)	 x22:0x8001cf25 x31=0xffffffd0 PA:0x8001cf1b load:0xffffffd0
       15575000	      1458	80004d9e	bbe71f03	lh	x30,-1090(x14)	 x14:0x80026c99 x30=0x0000130c PA:0x80026857 load:0x0000130c
       15585000	      1459	80004da2	74c75883	lhu	x17,1868(x14)	 x14:0x80026c99 x17=0x00009d9e PA:0x800273e5 load:0x00009d9e
       15605000	      1461	80004da6	002b5a03	lhu	x20,2(x22)	 x22:0x8001cf25 x20=0x0000e3dc PA:0x8001cf27 load:0x0000e3dc
       15615000	      1462	80004daa	0001f117	auipc	x2,0x1f	  x2=0x80023daa
       15625000	      1463	80004dae	12b10113	addi	x2,x2,299	  x2:0x80023daa  x2=0x80023ed5
       15635000	      1464	80004db2	e6714c03	lbu	x24,-409(x2)	  x2:0x80023ed5 x24=0x000000f7 PA:0x80023d3c load:0x000000f7
       15645000	      1465	80004db6	9b414883	lbu	x17,-1612(x2)	  x2:0x80023ed5 x17=0x00000042 PA:0x80023889 load:0x00000042
       15655000	      1466	80004dba	9b414903	lbu	x18,-1612(x2)	  x2:0x80023ed5 x18=0x00000042 PA:0x80023889 load:0x00000042
       15665000	      1467	80004dbe	8d9d	c.sub	x11,x15	 x11:0x00007b74 x15:0x00000000 x11=0x00007b74
       15675000	      1468	80004dc0	9b410803	lb	x16,-1612(x2)	  x2:0x80023ed5 x16=0x00000042 PA:0x80023889 load:0x00000042
       15705000	      1471	80004dc4	9b012a23	sw	x16,-1612(x2)	  x2:0x80023ed5 x16:0x00000042 PA:0x80023889 store:0x00000042 load:0x00dcddc0
       15715000	      1472	80004dc8	9b410503	lb	x10,-1612(x2)	  x2:0x80023ed5 x10=0x00000042 PA:0x80023889 load:0x00000042
       15735000	      1474	80004dcc	8d39	c.xor	x10,x14	 x10:0x00000042 x14:0x80026c99 x10=0x80026cdb
       15745000	      1475	80004dce	34006873	csrrsi	x16,mscratch,0	 x16=0x00000001
       15765000	      1477	80004dd2	9a312a23	sw	x3,-1612(x2)	  x2:0x80023ed5  x3:0x0000ebe4 PA:0x80023889 store:0x0000ebe4 load:0x00dcddc0
       15775000	      1478	80004dd6	9b410003	lb	x0,-1612(x2)	  x2:0x80023ed5  x0=0x00000000 PA:0x80023889 load:0xffffffe4
       15795000	      1480	80004dda	9b412683	lw	x13,-1612(x2)	  x2:0x80023ed5 x13=0x0000ebe4 PA:0x80023889 load:0x0000ebe4
       15815000	      1482	80004dde	9aa12a23	sw	x10,-1612(x2)	  x2:0x80023ed5 x10:0x80026cdb PA:0x80023889 store:0x80026cdb load:0x0000ebe4
       15835000	      1484	80004de2	9bf12a23	sw	x31,-1612(x2)	  x2:0x80023ed5 x31:0xffffffd0 PA:0x80023889 store:0xffffffd0 load:0x0000ebe4
       15845000	      1485	80004de6	9b411283	lh	x5,-1612(x2)	  x2:0x80023ed5  x5=0xffffffd0 PA:0x80023889 load:0xffffffd0
       15855000	      1486	80004dea	33211823	sh	x18,816(x2)	  x2:0x80023ed5 x18:0x00000042 PA:0x80024205 store:0x00000042 load:0x00000000
       15865000	      1487	80004dee	16c14603	lbu	x12,364(x2)	  x2:0x80023ed5 x12=0x000000fa PA:0x80024041 load:0x000000fa
       15875000	      1488	80004df2	0001c117	auipc	x2,0x1c	  x2=0x80020df2
       15885000	      1489	80004df6	26910113	addi	x2,x2,617	  x2:0x80020df2  x2=0x8002105b
       15895000	      1490	80004dfa	005a2b33	slt	x22,x20,x5	 x20:0x0000e3dc  x5:0xffffffd0 x22=0x00000000
       15905000	      1491	80004dfe	64311ba3	sh	x3,1623(x2)	  x2:0x8002105b  x3:0x0000ebe4 PA:0x800216b2 store:0x0000ebe4 load:0x00000000
       15915000	      1492	80004e02	2ed11503	lh	x10,749(x2)	  x2:0x8002105b x10=0x00000203 PA:0x80021348 load:0x00000203
       15925000	      1493	80004e06	a40106a3	sb	x0,-1459(x2)	  x2:0x8002105b  x0:0x00000000 PA:0x80020aa8 store:0x00000000 load:0x00000000
       15935000	      1494	80004e0a	7cc14813	xori	x16,x2,1996	  x2:0x8002105b x16=0x80021797
       15945000	      1495	80004e0e	3ab10183	lb	x3,939(x2)	  x2:0x8002105b  x3=0xffffffbd PA:0x80021406 load:0xffffffbd
       15955000	      1496	80004e12	15915a03	lhu	x20,345(x2)	  x2:0x8002105b x20=0x00006e6f PA:0x800211b4 load:0x00006e6f
       15965000	      1497	80004e16	8e7d	c.and	x12,x15	 x12:0x000000fa x15:0x00000000 x12=0x00000000
       15975000	      1498	80004e18	e840e093	ori	x1,x1,-380	  x1:0x00000003  x1=0xfffffe87
       15985000	      1499	80004e1c	f8b11d23	sh	x11,-102(x2)	  x2:0x8002105b x11:0x00007b74 PA:0x80020ff5 store:0x00007b74 load:0x00000000
       15995000	      1500	80004e20	4de11283	lh	x5,1246(x2)	  x2:0x8002105b  x5=0xfffff1f2 PA:0x80021539 load:0xfffff1f2
       16005000	      1501	80004e24	29211ca3	sh	x18,665(x2)	  x2:0x8002105b x18:0x00000042 PA:0x800212f4 store:0x00000042 load:0x00000000
       16015000	      1502	80004e28	f183ad13	slti	x26,x7,-232	  x7:0xfffffffd x26=0x00000000
       16025000	      1503	80004e2c	301fb213	sltiu	x4,x31,769	 x31:0xffffffd0  x4=0x00000000
       16035000	      1504	80004e30	81810003	lb	x0,-2024(x2)	  x2:0x8002105b  x0=0x00000000 PA:0x80020873 load:0x00000028
       16055000	      1506	80004e34	31f12923	sw	x31,786(x2)	  x2:0x8002105b x31:0xffffffd0 PA:0x8002136d store:0xffffffd0 load:0x0000ebe4
       16065000	      1507	80004e38	1ed11a03	lh	x20,493(x2)	  x2:0x8002105b x20=0x00000203 PA:0x80021248 load:0x00000203
       16075000	      1508	80004e3c	340022f3	csrrs	x5,mscratch,x0	  x0:0x00000000  x5=0x00000001
       16085000	      1509	80004e40	1bfd	c.addi	x23,-1	 x23:0x00000000 x23=0xffffffff
       16095000	      1510	80004e42	75410503	lb	x10,1876(x2)	  x2:0x8002105b x10=0x00000064 PA:0x800217af load:0x00000064
       16465000	      1547	80004e46	02787233	remu	x4,x16,x7	 x16:0x80021797  x7:0xfffffffd  x4=0x80021797
       16475000	      1548	80004e4a	0001	c.addi	x0,0	  x0:0x00000000  x0=0x00000000
       16485000	      1549	80004e4c	859d	c.srai	x11,0x7	 x11:0x00007b74 x11=0x000000f6
       16495000	      1550	80004e4e	01b37b33	and	x22,x6,x27	  x6:0x8001ba08 x27:0xffffa4a5 x22=0x8001a000
       16505000	      1551	80004e52	8f2d	c.xor	x14,x11	 x14:0x80026c99 x11:0x000000f6 x14=0x80026c6f
       16515000	      1552	80004e54	2e510203	lb	x4,741(x2)	  x2:0x8002105b  x4=0xfffffffb PA:0x80021340 load:0xfffffffb
       16525000	      1553	80004e58	054103a3	sb	x20,71(x2)	  x2:0x8002105b x20:0x00000203 PA:0x800210a2 store:0x00000203 load:0x00000000
       16535000	      1554	80004e5c	b8d42393	slti	x7,x8,-1139	  x8:0x00000004  x7=0x00000000
       16555000	      1556	80004e60	7ba12b23	sw	x26,1974(x2)	  x2:0x8002105b x26:0x00000000 PA:0x80021811 store:0x00000000 load:0x0000ebe4
       16575000	      1558	80004e64	ad411a03	lh	x20,-1324(x2)	  x2:0x8002105b x20=0xffffebe4 PA:0x80020b2f load:0xffffebe4
       16585000	      1559	80004e68	0ff0000f	fence	iorw,iorw	
       16595000	      1560	80004e6c	6e010a23	sb	x0,1780(x2)	  x2:0x8002105b  x0:0x00000000 PA:0x8002174f store:0x00000000 load:0x00000000
       16605000	      1561	80004e70	4bd11fa3	sh	x29,1215(x2)	  x2:0x8002105b x29:0x00000000 PA:0x8002151a store:0x00000000 load:0x00000000
       16615000	      1562	80004e74	1b911683	lh	x13,441(x2)	  x2:0x8002105b x13=0xffffcecf PA:0x80021214 load:0xffffcecf
       16635000	      1564	80004e78	c3a12523	sw	x26,-982(x2)	  x2:0x8002105b x26:0x00000000 PA:0x80020c85 store:0x00000000 load:0x00e4e5e6
       16645000	      1565	80004e7c	8e75	c.and	x12,x13	 x12:0x00000000 x13:0xffffcecf x12=0x00000000
       16655000	      1566	80004e7e	1b110083	lb	x1,433(x2)	  x2:0x8002105b  x1=0xffffffc7 PA:0x8002120c load:0xffffffc7
       16665000	      1567	80004e82	4c7d	c.li	x24,31	 x24=0x0000001f
       16675000	      1568	80004e84	34005d73	csrrwi	x26,mscratch,0	 x26=0x00000001
       16685000	      1569	80004e88	1a128e13	addi	x28,x5,417	  x5:0x00000001 x28=0x000001a2
       16705000	      1571	80004e8c	aa412e23	sw	x4,-1348(x2)	  x2:0x8002105b  x4:0xfffffffb PA:0x80020b17 store:0xfffffffb load:0x000000e4
       16715000	      1572	80004e90	6a910283	lb	x5,1705(x2)	  x2:0x8002105b  x5=0xffffffbf PA:0x80021704 load:0xffffffbf
       16735000	      1574	80004e94	1c612ba3	sw	x6,471(x2)	  x2:0x8002105b  x6:0x8001ba08 PA:0x80021232 store:0x8001ba08 load:0x0000e4e5
       16745000	      1575	80004e98	32411123	sh	x4,802(x2)	  x2:0x8002105b  x4:0xfffffffb PA:0x8002137d store:0xfffffffb load:0x00000000
       16755000	      1576	80004e9c	291109a3	sb	x17,659(x2)	  x2:0x8002105b x17:0x00000042 PA:0x800212ee store:0x00000042 load:0x00000000
       16765000	      1577	80004ea0	48210483	lb	x9,1154(x2)	  x2:0x8002105b  x9=0xffffff96 PA:0x800214dd load:0xffffff96
       16785000	      1579	80004ea4	94ba	c.add	x9,x14	  x9:0xffffff96 x14:0x80026c6f  x9=0x80026c05
       16795000	      1580	80004ea6	00f89293	slli	x5,x17,0xf	 x17:0x00000042  x5=0x00210000
       16805000	      1581	80004eaa	f2311303	lh	x6,-221(x2)	  x2:0x8002105b  x6=0x00003435 PA:0x80020f7e load:0x00003435
       16815000	      1582	80004eae	2c512083	lw	x1,709(x2)	  x2:0x8002105b  x1=0xd8d9dadb PA:0x80021320 load:0xd8d9dadb
       16825000	      1583	80004eb2	00027197	auipc	x3,0x27	  x3=0x8002beb2
       16835000	      1584	80004eb6	42e18193	addi	x3,x3,1070	  x3:0x8002beb2  x3=0x8002c2e0
       16845000	      1585	80004eba	00017a97	auipc	x21,0x17	 x21=0x8001beba
       16855000	      1586	80004ebe	3c2a8a93	addi	x21,x21,962	 x21:0x8001beba x21=0x8001c27c
       16875000	      1588	80004ec2	ffa1a903	lw	x18,-6(x3)	  x3:0x8002c2e0 x18=0x96979091 PA:0x8002c2da load:0x96979091
       16885000	      1589	80004ec6	005a8283	lb	x5,5(x21)	 x21:0x8001c27c  x5=0x0000003a PA:0x8001c281 load:0x0000003a
       16895000	      1590	80004eca	00c1ab03	lw	x22,12(x3)	  x3:0x8002c2e0 x22=0xa4a5a6a7 PA:0x8002c2ec load:0xa4a5a6a7
       16905000	      1591	80004ece	ff9a8823	sb	x25,-16(x21)	 x21:0x8001c27c x25:0x80035ce4 PA:0x8001c26c store:0x80035ce4 load:0x00000000
       16925000	      1593	80004ed2	ff8aaf23	sw	x24,-2(x21)	 x21:0x8001c27c x24:0x0000001f PA:0x8001c27a store:0x0000001f load:0x00009091
       16935000	      1594	80004ed6	ffd1cf83	lbu	x31,-3(x3)	  x3:0x8002c2e0 x31=0x00000096 PA:0x8002c2dd load:0x00000096
       16945000	      1595	80004eda	ffb18083	lb	x1,-5(x3)	  x3:0x8002c2e0  x1=0xffffff90 PA:0x8002c2db load:0xffffff90
       16965000	      1597	80004ede	00a1a7a3	sw	x10,15(x3)	  x3:0x8002c2e0 x10:0x00000064 PA:0x8002c2ef store:0x00000064 load:0x00000090
       16985000	      1599	80004ee2	00baa203	lw	x4,11(x21)	 x21:0x8001c27c  x4=0x4142433c PA:0x8001c287 load:0x4142433c
       17005000	      1601	80004ee6	0061a203	lw	x4,6(x3)	  x3:0x8002c2e0  x4=0xa2a39c9d PA:0x8002c2e6 load:0xa2a39c9d
       17015000	      1602	80004eea	ff6a8fa3	sb	x22,-1(x21)	 x21:0x8001c27c x22:0xa4a5a6a7 PA:0x8001c27b store:0xa4a5a6a7 load:0x00000000
       17035000	      1604	80004eee	feeaaea3	sw	x14,-3(x21)	 x21:0x8001c27c x14:0x80026c6f PA:0x8001c279 store:0x80026c6f load:0x009c9d9e
       17055000	      1606	80004ef2	001a93a3	sh	x1,7(x21)	 x21:0x8001c27c  x1:0xffffff90 PA:0x8001c283 store:0xffffff90 load:0x0000009c
       17065000	      1607	80004ef6	ffcace83	lbu	x29,-4(x21)	 x21:0x8001c27c x29=0x00000033 PA:0x8001c278 load:0x00000033
       17075000	      1608	80004efa	ff4aa783	lw	x15,-12(x21)	 x21:0x8001c27c x15=0x28292a2b PA:0x8001c270 load:0x28292a2b
       17085000	      1609	80004efe	00017617	auipc	x12,0x17	 x12=0x8001befe
       17095000	      1610	80004f02	78860613	addi	x12,x12,1928	 x12:0x8001befe x12=0x8001c686
       17115000	      1612	80004f06	05262ba3	sw	x18,87(x12)	 x12:0x8001c686 x18:0x96979091 PA:0x8001c6dd store:0x96979091 load:0x009c9d9e
       17135000	      1614	80004f0a	f80616a3	sh	x0,-115(x12)	 x12:0x8001c686  x0:0x00000000 PA:0x8001c613 store:0x00000000 load:0x0000009c
       17145000	      1615	80004f0e	00021d17	auipc	x26,0x21	 x26=0x80025f0e
       17155000	      1616	80004f12	8fdd0d13	addi	x26,x26,-1795	 x26:0x80025f0e x26=0x8002580b
       17175000	      1618	80004f16	fc6d2583	lw	x11,-58(x26)	 x26:0x8002580b x11=0x8f88898a PA:0x800257d1 load:0x8f88898a
       17185000	      1619	80004f1a	fbbd13a3	sh	x27,-89(x26)	 x26:0x8002580b x27:0xffffa4a5 PA:0x800257b2 store:0xffffa4a5 load:0x00000000
       17205000	      1621	80004f1e	024d2923	sw	x4,50(x26)	 x26:0x8002580b  x4:0xa2a39c9d PA:0x8002583d store:0xa2a39c9d load:0x0088898a
       17225000	      1623	80004f22	0d0d2b83	lw	x23,208(x26)	 x26:0x8002580b x23=0x95969790 PA:0x800258db load:0x95969790
       17235000	      1624	80004f26	04b64683	lbu	x13,75(x12)	 x12:0x8001c686 x13=0x0000008a PA:0x8001c6d1 load:0x0000008a
       17245000	      1625	80004f2a	fce64b83	lbu	x23,-50(x12)	 x12:0x8001c686 x23=0x0000000f PA:0x8001c654 load:0x0000000f
       17255000	      1626	80004f2e	fdc64a03	lbu	x20,-36(x12)	 x12:0x8001c686 x20=0x00000019 PA:0x8001c662 load:0x00000019
       17265000	      1627	80004f32	077d1503	lh	x10,119(x26)	 x26:0x8002580b x10=0x00003839 PA:0x80025882 load:0x00003839
       17275000	      1628	80004f36	06f65f03	lhu	x30,111(x12)	 x12:0x8001c686 x30=0x0000adae PA:0x8001c6f5 load:0x0000adae
       17285000	      1629	80004f3a	f5a61183	lh	x3,-166(x12)	 x12:0x8001c686  x3=0xffff9a9b PA:0x8001c5e0 load:0xffff9a9b
       17295000	      1630	80004f3e	081d0a03	lb	x20,129(x26)	 x26:0x8002580b x20=0x00000047 PA:0x8002588c load:0x00000047
       17305000	      1631	80004f42	f8ad1e03	lh	x28,-118(x26)	 x26:0x8002580b x28=0x00004d4e PA:0x80025795 load:0x00004d4e
       17315000	      1632	80004f46	f7e61523	sh	x30,-150(x12)	 x12:0x8001c686 x30:0x0000adae PA:0x8001c5f0 store:0x0000adae load:0x00000000
       17325000	      1633	80004f4a	f0d60d23	sb	x13,-230(x12)	 x12:0x8001c686 x13:0x0000008a PA:0x8001c5a0 store:0x0000008a load:0x00000000
       17335000	      1634	80004f4e	040d1aa3	sh	x0,85(x26)	 x26:0x8002580b  x0:0x00000000 PA:0x80025860 store:0x00000000 load:0x00000000
       17345000	      1635	80004f52	f3261a83	lh	x21,-206(x12)	 x12:0x8001c686 x21=0x00007273 PA:0x8001c5b8 load:0x00007273
       17365000	      1637	80004f56	fbbd2783	lw	x15,-69(x26)	 x26:0x8002580b x15=0x82837c7d PA:0x800257c6 load:0x82837c7d
       17375000	      1638	80004f5a	00017a17	auipc	x20,0x17	 x20=0x8001bf5a
       17385000	      1639	80004f5e	52ea0a13	addi	x20,x20,1326	 x20:0x8001bf5a x20=0x8001c488
       17395000	      1640	80004f62	00023217	auipc	x4,0x23	  x4=0x80027f62
       17405000	      1641	80004f66	93420213	addi	x4,x4,-1740	  x4:0x80027f62  x4=0x80027896
       17425000	      1643	80004f6a	039a17a3	sh	x25,47(x20)	 x20:0x8001c488 x25:0x80035ce4 PA:0x8001c4b7 store:0x80035ce4 load:0x0000007c
       17435000	      1644	80004f6e	03aa1083	lh	x1,58(x20)	 x20:0x8001c488  x1=0x00007879 PA:0x8001c4c2 load:0x00007879
       17455000	      1646	80004f72	06ba29a3	sw	x11,115(x20)	 x20:0x8001c488 x11:0x8f88898a PA:0x8001c4fb store:0x8f88898a load:0x0000007c
       17465000	      1647	80004f76	27f20103	lb	x2,639(x4)	  x4:0x80027896  x2=0xffffffce PA:0x80027b15 load:0xffffffce
       17475000	      1648	80004f7a	1fe21903	lh	x18,510(x4)	  x4:0x80027896 x18=0x00004e4f PA:0x80027a94 load:0x00004e4f
       17485000	      1649	80004f7e	f3aa0da3	sb	x26,-197(x20)	 x20:0x8001c488 x26:0x8002580b PA:0x8001c3c3 store:0x8002580b load:0x00000000
       17495000	      1650	80004f82	eff20583	lb	x11,-257(x4)	  x4:0x80027896 x11=0x0000004e PA:0x80027795 load:0x0000004e
       17505000	      1651	80004f86	018a0aa3	sb	x24,21(x20)	 x20:0x8001c488 x24:0x0000001f PA:0x8001c49d store:0x0000001f load:0x00000000
       17515000	      1652	80004f8a	c50203a3	sb	x16,-953(x4)	  x4:0x80027896 x16:0x80021797 PA:0x800274dd store:0x80021797 load:0x00000000
       17525000	      1653	80004f8e	f84a1903	lh	x18,-124(x20)	 x20:0x8001c488 x18=0xffffc6c7 PA:0x8001c40c load:0xffffc6c7
       17535000	      1654	80004f92	f8ea1103	lh	x2,-114(x20)	 x20:0x8001c488  x2=0xffffcccd PA:0x8001c416 load:0xffffcccd
       17545000	      1655	80004f96	f2b21003	lh	x0,-213(x4)	  x4:0x80027896  x0=0x00000000 PA:0x800277c1 load:0x0000797a
       17555000	      1656	80004f9a	fa2a4e83	lbu	x29,-94(x20)	 x20:0x8001c488 x29=0x000000e1 PA:0x8001c42a load:0x000000e1
       17565000	      1657	80004f9e	06aa1e23	sh	x10,124(x20)	 x20:0x8001c488 x10:0x00003839 PA:0x8001c504 store:0x00003839 load:0x00000000
       17575000	      1658	80004fa2	f19a5c03	lhu	x24,-231(x20)	 x20:0x8001c488 x24=0x0000595a PA:0x8001c3a1 load:0x0000595a
       17585000	      1659	80004fa6	00028117	auipc	x2,0x28	  x2=0x8002cfa6
       17595000	      1660	80004faa	f5e10113	addi	x2,x2,-162	  x2:0x8002cfa6  x2=0x8002cf04
       17605000	      1661	80004fae	63ec1b97	auipc	x23,0x63ec1	 x23=0xe3ec5fae
       17615000	      1662	80004fb2	3404fdf3	csrrci	x27,mscratch,9	 x27=0x00000000
       17625000	      1663	80004fb6	03314e83	lbu	x29,51(x2)	  x2:0x8002cf04 x29=0x000000ec PA:0x8002cf37 load:0x000000ec
       17635000	      1664	80004fba	01e14503	lbu	x10,30(x2)	  x2:0x8002cf04 x10=0x000000d9 PA:0x8002cf22 load:0x000000d9
       17645000	      1665	80004fbe	c806	c.swsp	x1,16(x2)	  x2:0x8002cf04  x1:0x00007879 PA:0x8002cf14 store:0x00007879 load:0x00000000
       17655000	      1666	80004fc0	cc60a293	slti	x5,x1,-826	  x1:0x00007879  x5=0x00000000
       17665000	      1667	80004fc4	fe910ea3	sb	x9,-3(x2)	  x2:0x8002cf04  x9:0x80026c05 PA:0x8002cf01 store:0x80026c05 load:0x00000000
       17675000	      1668	80004fc8	ffb14203	lbu	x4,-5(x2)	  x2:0x8002cf04  x4=0x000000b4 PA:0x8002ceff load:0x000000b4
       17685000	      1669	80004fcc	fe815583	lhu	x11,-24(x2)	  x2:0x8002cf04 x11=0x0000a6a7 PA:0x8002ceec load:0x0000a6a7
       17695000	      1670	80004fd0	588c6e13	ori	x28,x24,1416	 x24:0x0000595a x28=0x00005dda
       17705000	      1671	80004fd4	8b9d	c.andi	x15,7	 x15:0x82837c7d x15=0x00000005
       17715000	      1672	80004fd6	00078933	add	x18,x15,x0	 x15:0x00000005  x0:0x00000000 x18=0x00000005
       17725000	      1673	80004fda	34003f73	csrrc	x30,mscratch,x0	  x0:0x00000000 x30=0x00000000
       17735000	      1674	80004fde	8ca9	c.xor	x9,x10	  x9:0x80026c05 x10:0x000000d9  x9=0x80026cdc
       17745000	      1675	80004fe0	5372	c.lwsp	x6,60(x2)	  x2:0x8002cf04  x6=0xf8f9fafb PA:0x8002cf40 load:0xf8f9fafb
       17755000	      1676	80004fe2	fca10703	lb	x14,-54(x2)	  x2:0x8002cf04 x14=0xffffff85 PA:0x8002cece load:0xffffff85
       17775000	      1678	80004fe6	00812ea3	sw	x8,29(x2)	  x2:0x8002cf04  x8:0x00000004 PA:0x8002cf21 store:0x00000004 load:0x007c7d7e
       17795000	      1680	80004fea	fd2119a3	sh	x18,-45(x2)	  x2:0x8002cf04 x18:0x00000005 PA:0x8002ced7 store:0x00000005 load:0x0000007c
       17805000	      1681	80004fee	41d10ab3	sub	x21,x2,x29	  x2:0x8002cf04 x29:0x000000ec x21=0x8002ce18
       17825000	      1683	80004ff2	fc912c03	lw	x24,-55(x2)	  x2:0x8002cf04 x24=0x8b848586 PA:0x8002cecd load:0x8b848586
       17835000	      1684	80004ff6	c00e	c.swsp	x3,0(x2)	  x2:0x8002cf04  x3:0xffff9a9b PA:0x8002cf04 store:0xffff9a9b load:0x00000000
       17845000	      1685	80004ff8	ff012683	lw	x13,-16(x2)	  x2:0x8002cf04 x13=0xacadaeaf PA:0x8002cef4 load:0xacadaeaf
       17855000	      1686	80004ffc	0001	c.addi	x0,0	  x0:0x00000000  x0=0x00000000
       17875000	      1688	80004ffe	01b12683	lw	x13,27(x2)	  x2:0x8002cf04 x13=0x0004dbd4 PA:0x8002cf1f load:0x0004dbd4
       17885000	      1689	80005002	fff100a3	sb	x31,-31(x2)	  x2:0x8002cf04 x31:0x00000096 PA:0x8002cee5 store:0x00000096 load:0x00000000
       17895000	      1690	80005006	fec15503	lhu	x10,-20(x2)	  x2:0x8002cf04 x10=0x0000aaab PA:0x8002cef0 load:0x0000aaab
       17905000	      1691	8000500a	fd215883	lhu	x17,-46(x2)	  x2:0x8002cf04 x17=0x0000058d PA:0x8002ced6 load:0x0000058d
       17915000	      1692	8000500e	00018697	auipc	x13,0x18	 x13=0x8001d00e
       17925000	      1693	80005012	f5268693	addi	x13,x13,-174	 x13:0x8001d00e x13=0x8001cf60
       17935000	      1694	80005016	c506d283	lhu	x5,-944(x13)	 x13:0x8001cf60  x5=0x00006a6b PA:0x8001cbb0 load:0x00006a6b
       17945000	      1695	8000501a	c4268823	sb	x2,-944(x13)	 x13:0x8001cf60  x2:0x8002cf04 PA:0x8001cbb0 store:0x8002cf04 load:0x00000000
       17955000	      1696	8000501e	c5e6a823	sw	x30,-944(x13)	 x13:0x8001cf60 x30:0x00000000 PA:0x8001cbb0 store:0x00000000 load:0x00000000
       17965000	      1697	80005022	c506c503	lbu	x10,-944(x13)	 x13:0x8001cf60 x10=0x00000000 PA:0x8001cbb0 load:0x00000000
       17975000	      1698	80005026	c576a823	sw	x23,-944(x13)	 x13:0x8001cf60 x23:0xe3ec5fae PA:0x8001cbb0 store:0xe3ec5fae load:0x00000000
       17985000	      1699	8000502a	c506a303	lw	x6,-944(x13)	 x13:0x8001cf60  x6=0xe3ec5fae PA:0x8001cbb0 load:0xe3ec5fae
       17995000	      1700	8000502e	c506d383	lhu	x7,-944(x13)	 x13:0x8001cf60  x7=0x00005fae PA:0x8001cbb0 load:0x00005fae
       18005000	      1701	80005032	c506cb03	lbu	x22,-944(x13)	 x13:0x8001cf60 x22=0x000000ae PA:0x8001cbb0 load:0x000000ae
       18015000	      1702	80005036	5ffd	c.li	x31,-1	 x31=0xffffffff
       18025000	      1703	80005038	c516a823	sw	x17,-944(x13)	 x13:0x8001cf60 x17:0x0000058d PA:0x8001cbb0 store:0x0000058d load:0x00000000
       18035000	      1704	8000503c	717d	c.addi16sp	x2,-16	  x2:0x8002cf04  x2=0x8002cef4
       18045000	      1705	8000503e	8f49	c.or	x14,x10	 x14:0xffffff85 x10:0x00000000 x14=0xffffff85
       18055000	      1706	80005040	c5068b83	lb	x23,-944(x13)	 x13:0x8001cf60 x23=0xffffff8d PA:0x8001cbb0 load:0xffffff8d
       18065000	      1707	80005044	c506d903	lhu	x18,-944(x13)	 x13:0x8001cf60 x18=0x0000058d PA:0x8001cbb0 load:0x0000058d
       18075000	      1708	80005048	0d3a7e13	andi	x28,x20,211	 x20:0x8001c488 x28=0x00000080
       18085000	      1709	8000504c	c5068c03	lb	x24,-944(x13)	 x13:0x8001cf60 x24=0xffffff8d PA:0x8001cbb0 load:0xffffff8d
       18095000	      1710	80005050	016b2933	slt	x18,x22,x22	 x22:0x000000ae x22:0x000000ae x18=0x00000000
       18105000	      1711	80005054	c506cf83	lbu	x31,-944(x13)	 x13:0x8001cf60 x31=0x0000008d PA:0x8001cbb0 load:0x0000008d
       18115000	      1712	80005058	c506a183	lw	x3,-944(x13)	 x13:0x8001cf60  x3=0x0000058d PA:0x8001cbb0 load:0x0000058d
       18125000	      1713	8000505c	c5069d03	lh	x26,-944(x13)	 x13:0x8001cf60 x26=0x0000058d PA:0x8001cbb0 load:0x0000058d
       18135000	      1714	80005060	00026c17	auipc	x24,0x26	 x24=0x8002b060
       18145000	      1715	80005064	8eec0c13	addi	x24,x24,-1810	 x24:0x8002b060 x24=0x8002a94e
       18155000	      1716	80005068	0001	c.addi	x0,0	  x0:0x00000000  x0=0x00000000
       18165000	      1717	8000506a	48dc0683	lb	x13,1165(x24)	 x24:0x8002a94e x13=0xffffff90 PA:0x8002addb load:0xffffff90
       18185000	      1719	8000506e	48dc1b83	lh	x23,1165(x24)	 x24:0x8002a94e x23=0xffff9790 PA:0x8002addb load:0xffff9790
       18205000	      1721	80005072	741c2103	lw	x2,1857(x24)	 x24:0x8002a94e  x2=0x494a4b44 PA:0x8002b08f load:0x494a4b44
       18215000	      1722	80005076	bd6c2003	lw	x0,-1066(x24)	 x24:0x8002a94e  x0=0x00000000 PA:0x8002a524 load:0xdcdddedf
       18235000	      1724	8000507a	8b0c2903	lw	x18,-1872(x24)	 x24:0x8002a94e x18=0xbabbb4b5 PA:0x8002a1fe load:0xbabbb4b5
       18245000	      1725	8000507e	667c1723	sh	x7,1646(x24)	 x24:0x8002a94e  x7:0x00005fae PA:0x8002afbc store:0x00005fae load:0x00000000
       18255000	      1726	80005082	f4ac0d83	lb	x27,-182(x24)	 x24:0x8002a94e x27=0x00000053 PA:0x8002a898 load:0x00000053
       18265000	      1727	80005086	ca0c09a3	sb	x0,-845(x24)	 x24:0x8002a94e  x0:0x00000000 PA:0x8002a601 store:0x00000000 load:0x00000000
       18275000	      1728	8000508a	cbec19a3	sh	x30,-845(x24)	 x24:0x8002a94e x30:0x00000000 PA:0x8002a601 store:0x00000000 load:0x00000000
       18295000	      1730	8000508e	725c1483	lh	x9,1829(x24)	 x24:0x8002a94e  x9=0x00002f28 PA:0x8002b073 load:0x00002f28
       18315000	      1732	80005092	725c1f03	lh	x30,1829(x24)	 x24:0x8002a94e x30=0x00002f28 PA:0x8002b073 load:0x00002f28
       18325000	      1733	80005096	340632f3	csrrc	x5,mscratch,x12	 x12:0x8001c686  x5=0x00000000
       18335000	      1734	8000509a	721c02a3	sb	x1,1829(x24)	 x24:0x8002a94e  x1:0x00007879 PA:0x8002b073 store:0x00007879 load:0x00000000
       18355000	      1736	8000509e	b3fc28a3	sw	x31,-1231(x24)	 x24:0x8002a94e x31:0x0000008d PA:0x8002a47f store:0x0000008d load:0x00000028
       18365000	      1737	800050a2	a34c4d83	lbu	x27,-1484(x24)	 x24:0x8002a94e x27=0x00000039 PA:0x8002a382 load:0x00000039
       18375000	      1738	800050a6	e7cc1e83	lh	x29,-388(x24)	 x24:0x8002a94e x29=0xffff8081 PA:0x8002a7ca load:0xffff8081
       18385000	      1739	800050aa	e7cc0203	lb	x4,-388(x24)	 x24:0x8002a94e  x4=0xffffff81 PA:0x8002a7ca load:0xffffff81
       18395000	      1740	800050ae	e61c0e23	sb	x1,-388(x24)	 x24:0x8002a94e  x1:0x00007879 PA:0x8002a7ca store:0x00007879 load:0x00000000
       18405000	      1741	800050b2	4d2c1d83	lh	x27,1234(x24)	 x24:0x8002a94e x27=0xffffdadb PA:0x8002ae20 load:0xffffdadb
       18425000	      1743	800050b6	800c10a3	sh	x0,-2047(x24)	 x24:0x8002a94e  x0:0x00000000 PA:0x8002a14f store:0x00000000 load:0x00000028
       18435000	      1744	800050ba	024c5283	lhu	x5,36(x24)	 x24:0x8002a94e  x5=0x00002829 PA:0x8002a972 load:0x00002829
       18445000	      1745	800050be	00018117	auipc	x2,0x18	  x2=0x8001d0be
       18455000	      1746	800050c2	ec610113	addi	x2,x2,-314	  x2:0x8001d0be  x2=0x8001cf84
       18465000	      1747	800050c6	09110683	lb	x13,145(x2)	  x2:0x8001cf84 x13=0xffffffce PA:0x8001d015 load:0xffffffce
       18485000	      1749	800050ca	098128a3	sw	x24,145(x2)	  x2:0x8001cf84 x24:0x8002a94e PA:0x8001d015 store:0x8002a94e load:0x0028292a
       18495000	      1750	800050ce	081108a3	sb	x1,145(x2)	  x2:0x8001cf84  x1:0x00007879 PA:0x8001d015 store:0x00007879 load:0x00000000
       18505000	      1751	800050d2	09110e83	lb	x29,145(x2)	  x2:0x8001cf84 x29=0x00000079 PA:0x8001d015 load:0x00000079
       18515000	      1752	800050d6	01c6e4b3	or	x9,x13,x28	 x13:0xffffffce x28:0x00000080  x9=0xffffffce
       18525000	      1753	800050da	088108a3	sb	x8,145(x2)	  x2:0x8001cf84  x8:0x00000004 PA:0x8001d015 store:0x00000004 load:0x00000000
       18545000	      1755	800050de	09112c03	lw	x24,145(x2)	  x2:0x8001cf84 x24=0x8002a904 PA:0x8001d015 load:0x8002a904
       18555000	      1756	800050e2	866d	c.srai	x12,0x1b	 x12:0x8001c686 x12=0xfffffff0
       18565000	      1757	800050e4	fee10ea3	sb	x14,-3(x2)	  x2:0x8001cf84 x14:0xffffff85 PA:0x8001cf81 store:0xffffff85 load:0x00000000
       18575000	      1758	800050e8	ffd15083	lhu	x1,-3(x2)	  x2:0x8001cf84  x1=0x00003985 PA:0x8001cf81 load:0x00003985
       18585000	      1759	800050ec	ffd14b83	lbu	x23,-3(x2)	  x2:0x8001cf84 x23=0x00000085 PA:0x8001cf81 load:0x00000085
       18595000	      1760	800050f0	ffd11703	lh	x14,-3(x2)	  x2:0x8001cf84 x14=0x00003985 PA:0x8001cf81 load:0x00003985
       18605000	      1761	800050f4	8ffd	c.and	x15,x15	 x15:0x00000005 x15:0x00000005 x15=0x00000005
       18615000	      1762	800050f6	f1710303	lb	x6,-233(x2)	  x2:0x8001cf84  x6=0x00000050 PA:0x8001ce9b load:0x00000050
       18635000	      1764	800050fa	f1711083	lh	x1,-233(x2)	  x2:0x8001cf84  x1=0x00005750 PA:0x8001ce9b load:0x00005750
       18655000	      1766	800050fe	f1b12ba3	sw	x27,-233(x2)	  x2:0x8001cf84 x27:0xffffdadb PA:0x8001ce9b store:0xffffdadb load:0x00000050
       18665000	      1767	80005102	895a	c.mv	x18,x22	  x0:0x00000000 x22:0x000000ae x18=0x000000ae
       18675000	      1768	80005104	340071f3	csrrci	x3,mscratch,0	  x3=0x00000000
       18695000	      1770	80005108	f1715803	lhu	x16,-233(x2)	  x2:0x8001cf84 x16=0x0000dadb PA:0x8001ce9b load:0x0000dadb
       18705000	      1771	8000510c	f6e14b03	lbu	x22,-146(x2)	  x2:0x8001cf84 x22=0x000000a9 PA:0x8001cef2 load:0x000000a9
       18715000	      1772	80005110	f6911723	sh	x9,-146(x2)	  x2:0x8001cf84  x9:0xffffffce PA:0x8001cef2 store:0xffffffce load:0x00000000
       18725000	      1773	80005114	f6e15503	lhu	x10,-146(x2)	  x2:0x8001cf84 x10=0x0000ffce PA:0x8001cef2 load:0x0000ffce
       18735000	      1774	80005118	0001fc17	auipc	x24,0x1f	 x24=0x80024118
       18745000	      1775	8000511c	3ffc0c13	addi	x24,x24,1023	 x24:0x80024118 x24=0x80024517
       18755000	      1776	80005120	03bc1d83	lh	x27,59(x24)	 x24:0x80024517 x27=0x00000809 PA:0x80024552 load:0x00000809
       18765000	      1777	80005124	00018897	auipc	x17,0x18	 x17=0x8001d124
       18775000	      1778	80005128	99b88893	addi	x17,x17,-1637	 x17:0x8001d124 x17=0x8001cabf
       18795000	      1780	8000512c	03a8a283	lw	x5,58(x17)	 x17:0x8001cabf  x5=0xb7b0b1b2 PA:0x8001caf9 load:0xb7b0b1b2
       18805000	      1781	80005130	0e7c4003	lbu	x0,231(x24)	 x24:0x80024517  x0=0x00000000 PA:0x800245fe load:0x000000b5
       18815000	      1782	80005134	01f89b23	sh	x31,22(x17)	 x17:0x8001cabf x31:0x0000008d PA:0x8001cad5 store:0x0000008d load:0x00000000
       18825000	      1783	80005138	024886a3	sb	x4,45(x17)	 x17:0x8001cabf  x4:0xffffff81 PA:0x8001caec store:0xffffff81 load:0x00000000
       18835000	      1784	8000513c	054c0ca3	sb	x20,89(x24)	 x24:0x80024517 x20:0x8001c488 PA:0x80024570 store:0x8001c488 load:0x00000000
       18845000	      1785	80005140	0c1c1003	lh	x0,193(x24)	 x24:0x80024517  x0=0x00000000 PA:0x800245d8 load:0xffff9293
       18865000	      1787	80005144	0128a7a3	sw	x18,15(x17)	 x17:0x8001cabf x18:0x000000ae PA:0x8001cace store:0x000000ae load:0x0000b0b1
       18875000	      1788	80005148	f6ec0303	lb	x6,-146(x24)	 x24:0x80024517  x6=0x0000003e PA:0x80024485 load:0x0000003e
       18885000	      1789	8000514c	fc889da3	sh	x8,-37(x17)	 x17:0x8001cabf  x8:0x00000004 PA:0x8001ca9a store:0x00000004 load:0x00000000
       18905000	      1791	80005150	fca89e23	sh	x10,-36(x17)	 x17:0x8001cabf x10:0x0000ffce PA:0x8001ca9b store:0x0000ffce load:0x000000b0
       18915000	      1792	80005154	ff6c4683	lbu	x13,-10(x24)	 x24:0x80024517 x13=0x000000c6 PA:0x8002450d load:0x000000c6
       18935000	      1794	80005158	026c2f23	sw	x6,62(x24)	 x24:0x80024517  x6:0x0000003e PA:0x80024555 store:0x0000003e load:0x00b0b1b2
       18945000	      1795	8000515c	0a1c0283	lb	x5,161(x24)	 x24:0x80024517  x5=0x00000073 PA:0x800245b8 load:0x00000073
       18955000	      1796	80005160	00017117	auipc	x2,0x17	  x2=0x8001c160
       18965000	      1797	80005164	52010113	addi	x2,x2,1312	  x2:0x8001c160  x2=0x8001c680
       18975000	      1798	80005168	6739	c.lui	x14,0xe	 x14=0x0000e000
       18985000	      1799	8000516a	eaafa793	slti	x15,x31,-342	 x31:0x0000008d x15=0x00000000
       18995000	      1800	8000516e	3a115683	lhu	x13,929(x2)	  x2:0x8001c680 x13=0x0000d9da PA:0x8001ca21 load:0x0000d9da
       19005000	      1801	80005172	3a9100a3	sb	x9,929(x2)	  x2:0x8001c680  x9:0xffffffce PA:0x8001ca21 store:0xffffffce load:0x00000000
       19015000	      1802	80005176	45e17d13	andi	x26,x2,1118	  x2:0x8001c680 x26=0x00000400
       19025000	      1803	8000517a	3bc100a3	sb	x28,929(x2)	  x2:0x8001c680 x28:0x00000080 PA:0x8001ca21 store:0x00000080 load:0x00000000
       19035000	      1804	8000517e	3a111303	lh	x6,929(x2)	  x2:0x8001c680  x6=0xffffd980 PA:0x8001ca21 load:0xffffd980
       19045000	      1805	80005182	3a115603	lhu	x12,929(x2)	  x2:0x8001c680 x12=0x0000d980 PA:0x8001ca21 load:0x0000d980
       19055000	      1806	80005186	cf8101a3	sb	x24,-797(x2)	  x2:0x8001c680 x24:0x80024517 PA:0x8001c363 store:0x80024517 load:0x00000000
       19075000	      1808	8000518a	cec111a3	sh	x12,-797(x2)	  x2:0x8001c680 x12:0x0000d980 PA:0x8001c363 store:0x0000d980 load:0x000000b0
       19095000	      1810	8000518e	b7d121a3	sw	x29,-1181(x2)	  x2:0x8001c680 x29:0x00000079 PA:0x8001c1e3 store:0x00000079 load:0x000000b0
       19115000	      1812	80005192	b6311503	lh	x10,-1181(x2)	  x2:0x8001c680 x10=0x00000079 PA:0x8001c1e3 load:0x00000079
       19125000	      1813	80005196	fe803a93	sltiu	x21,x0,-24	  x0:0x00000000 x21=0x00000001
       19145000	      1815	8000519a	b6312e83	lw	x29,-1181(x2)	  x2:0x8001c680 x29=0x00000079 PA:0x8001c1e3 load:0x00000079
       19155000	      1816	8000519e	00ca71b3	and	x3,x20,x12	 x20:0x8001c488 x12:0x0000d980  x3=0x0000c080
       19165000	      1817	800051a2	013e4db3	xor	x27,x28,x19	 x28:0x00000080 x19:0x80031e54 x27=0x80031ed4
       19175000	      1818	800051a6	b6314a03	lbu	x20,-1181(x2)	  x2:0x8001c680 x20=0x00000079 PA:0x8001c1e3 load:0x00000079
       19185000	      1819	800051aa	b6310d83	lb	x27,-1181(x2)	  x2:0x8001c680 x27=0x00000079 PA:0x8001c1e3 load:0x00000079
       19195000	      1820	800051ae	b78101a3	sb	x24,-1181(x2)	  x2:0x8001c680 x24:0x80024517 PA:0x8001c1e3 store:0x80024517 load:0x00000000
       19205000	      1821	800051b2	0c39	c.addi	x24,14	 x24:0x80024517 x24=0x80024525
       19225000	      1823	800051b4	b6315f03	lhu	x30,-1181(x2)	  x2:0x8001c680 x30=0x00000017 PA:0x8001c1e3 load:0x00000017
       19245000	      1825	800051b8	b6311603	lh	x12,-1181(x2)	  x2:0x8001c680 x12=0x00000017 PA:0x8001c1e3 load:0x00000017
       19255000	      1826	800051bc	00018497	auipc	x9,0x18	  x9=0x8001d1bc
       19265000	      1827	800051c0	b4048493	addi	x9,x9,-1216	  x9:0x8001d1bc  x9=0x8001ccfc
       19275000	      1828	800051c4	fe049a23	sh	x0,-12(x9)	  x9:0x8001ccfc  x0:0x00000000 PA:0x8001ccf0 store:0x00000000 load:0x00000000
       19285000	      1829	800051c8	03a48583	lb	x11,58(x9)	  x9:0x8001ccfc x11=0xffffffed PA:0x8001cd36 load:0xffffffed
       19305000	      1831	800051cc	02f4ad23	sw	x15,58(x9)	  x9:0x8001ccfc x15:0x00000000 PA:0x8001cd36 store:0x00000000 load:0x00001799
       19315000	      1832	800051d0	ffdc8213	addi	x4,x25,-3	 x25:0x80035ce4  x4=0x80035ce1
       19325000	      1833	800051d4	34007673	csrrci	x12,mscratch,0	 x12=0x00000000
       19335000	      1834	800051d8	03a49a83	lh	x21,58(x9)	  x9:0x8001ccfc x21=0x00000000 PA:0x8001cd36 load:0x00000000
       19355000	      1836	800051dc	0224ad23	sw	x2,58(x9)	  x9:0x8001ccfc  x2:0x8001c680 PA:0x8001cd36 store:0x8001c680 load:0x00001799
       19365000	      1837	800051e0	9e5bf793	andi	x15,x23,-1563	 x23:0x00000085 x15=0x00000085
       19375000	      1838	800051e4	03a4c303	lbu	x6,58(x9)	  x9:0x8001ccfc  x6=0x00000080 PA:0x8001cd36 load:0x00000080
       19385000	      1839	800051e8	9df2	c.add	x27,x28	 x27:0x00000079 x28:0x00000080 x27=0x000000f9
       19395000	      1840	800051ea	03b49d23	sh	x27,58(x9)	  x9:0x8001ccfc x27:0x000000f9 PA:0x8001cd36 store:0x000000f9 load:0x00000000
       19405000	      1841	800051ee	017f06b3	add	x13,x30,x23	 x30:0x00000017 x23:0x00000085 x13=0x0000009c
       19415000	      1842	800051f2	043481a3	sb	x3,67(x9)	  x9:0x8001ccfc  x3:0x0000c080 PA:0x8001cd3f store:0x0000c080 load:0x00000000
       19435000	      1844	800051f6	0434db83	lhu	x23,67(x9)	  x9:0x8001ccfc x23=0x0000fb80 PA:0x8001cd3f load:0x0000fb80
       19445000	      1845	800051fa	fdd48903	lb	x18,-35(x9)	  x9:0x8001ccfc x18=0xffffff92 PA:0x8001ccd9 load:0xffffff92
       19455000	      1846	800051fe	f024cd83	lbu	x27,-254(x9)	  x9:0x8001ccfc x27=0x000000b5 PA:0x8001cbfe load:0x000000b5
       19475000	      1848	80005202	f164a123	sw	x22,-254(x9)	  x9:0x8001ccfc x22:0x000000a9 PA:0x8001cbfe store:0x000000a9 load:0x000080f5
       19485000	      1849	80005206	0001a217	auipc	x4,0x1a	  x4=0x8001f206
       19495000	      1850	8000520a	cc720213	addi	x4,x4,-825	  x4:0x8001f206  x4=0x8001eecd
       19505000	      1851	8000520e	0000100f	fence.i	
       19535000	      1854	80005212	9f5cfe13	andi	x28,x25,-1547	 x25:0x80035ce4 x28=0x800358e4
       19575000	      1858	80005216	02382933	mulhsu	x18,x16,x3	 x16:0x0000dadb  x3:0x0000c080 x18=0x00000000
       19585000	      1859	8000521a	0d321d83	lh	x27,211(x4)	  x4:0x8001eecd x27=0x00005a5b PA:0x8001efa0 load:0x00005a5b
       19595000	      1860	8000521e	02f22a03	lw	x20,47(x4)	  x4:0x8001eecd x20=0xb4b5b6b7 PA:0x8001eefc load:0xb4b5b6b7
       19605000	      1861	80005222	013ee833	or	x16,x29,x19	 x29:0x00000079 x19:0x80031e54 x16=0x80031e7d
       19615000	      1862	80005226	01c55393	srli	x7,x10,0x1c	 x10:0x00000079  x7=0x00000000
       19635000	      1864	8000522a	08a21b03	lh	x22,138(x4)	  x4:0x8001eecd x22=0x0000130c PA:0x8001ef57 load:0x0000130c
       19675000	      1868	8000522e	02a7b933	mulhu	x18,x15,x10	 x15:0x00000085 x10:0x00000079 x18=0x00000000
       19685000	      1869	80005232	0007cab3	xor	x21,x15,x0	 x15:0x00000085  x0:0x00000000 x21=0x00000085
       19695000	      1870	80005236	007aa2b3	slt	x5,x21,x7	 x21:0x00000085  x7:0x00000000  x5=0x00000000
       19705000	      1871	8000523a	018a5e33	srl	x28,x20,x24	 x20:0xb4b5b6b7 x24:0x80024525 x28=0x05a5adb5
       19715000	      1872	8000523e	0001	c.addi	x0,0	  x0:0x00000000  x0=0x00000000
       19725000	      1873	80005240	0092d113	srli	x2,x5,0x9	  x5:0x00000000  x2=0x00000000
       19735000	      1874	80005244	0000100f	fence.i	
       19765000	      1877	80005248	0c121723	sh	x1,206(x4)	  x4:0x8001eecd  x1:0x00005750 PA:0x8001ef9b store:0x00005750 load:0x0000000c
       19775000	      1878	8000524c	340335f3	csrrc	x11,mscratch,x6	  x6:0x00000080 x11=0x00000000
       19785000	      1879	80005250	8e89	c.sub	x13,x10	 x13:0x0000009c x10:0x00000079 x13=0x00000023
       19795000	      1880	80005252	0000100f	fence.i	
       19825000	      1883	80005256	f0420f03	lb	x30,-252(x4)	  x4:0x8001eecd x30=0xffffff8a PA:0x8001edd1 load:0xffffff8a
       19835000	      1884	8000525a	f3b211a3	sh	x27,-221(x4)	  x4:0x8001eecd x27:0x00005a5b PA:0x8001edf0 store:0x00005a5b load:0x00000000
       19845000	      1885	8000525e	01f229a3	sw	x31,19(x4)	  x4:0x8001eecd x31:0x0000008d PA:0x8001eee0 store:0x0000008d load:0x00000000
       19855000	      1886	80005262	0153af33	slt	x30,x7,x21	  x7:0x00000000 x21:0x00000085 x30=0x00000001
       19865000	      1887	80005266	f6e202a3	sb	x14,-155(x4)	  x4:0x8001eecd x14:0x0000e000 PA:0x8001ee32 store:0x0000e000 load:0x00000000
       19875000	      1888	8000526a	5c2c7793	andi	x15,x24,1474	 x24:0x80024525 x15=0x00000500
       19885000	      1889	8000526e	00d204a3	sb	x13,9(x4)	  x4:0x8001eecd x13:0x00000023 PA:0x8001eed6 store:0x00000023 load:0x00000000
       19895000	      1890	80005272	0aa204a3	sb	x10,169(x4)	  x4:0x8001eecd x10:0x00000079 PA:0x8001ef76 store:0x00000079 load:0x00000000
       19905000	      1891	80005276	8d49	c.or	x10,x10	 x10:0x00000079 x10:0x00000079 x10=0x00000079
       19915000	      1892	80005278	34003773	csrrc	x14,mscratch,x0	  x0:0x00000000 x14=0x00000000
       19925000	      1893	8000527c	340ce8f3	csrrsi	x17,mscratch,25	 x17=0x00000000
       19945000	      1895	80005280	08e22723	sw	x14,142(x4)	  x4:0x8001eecd x14:0x00000000 PA:0x8001ef5b store:0x00000000 load:0x0000000c
       19955000	      1896	80005284	00fa8bb3	add	x23,x21,x15	 x21:0x00000085 x15:0x00000500 x23=0x00000585
       19965000	      1897	80005288	3402df73	csrrwi	x30,mscratch,5	 x30=0x00000019
       19975000	      1898	8000528c	f8520223	sb	x5,-124(x4)	  x4:0x8001eecd  x5:0x00000000 PA:0x8001ee51 store:0x00000000 load:0x00000000
       19985000	      1899	80005290	f3b22c03	lw	x24,-197(x4)	  x4:0x8001eecd x24=0xc0c1c2c3 PA:0x8001ee08 load:0xc0c1c2c3
       19995000	      1900	80005294	ff921ca3	sh	x25,-7(x4)	  x4:0x8001eecd x25:0x80035ce4 PA:0x8001eec6 store:0x80035ce4 load:0x00000000
       20005000	      1901	80005298	0001	c.addi	x0,0	  x0:0x00000000  x0=0x00000000
       20015000	      1902	8000529a	0e0e	c.slli	x28,0x3	 x28:0x05a5adb5 x28=0x2d2d6da8
       20025000	      1903	8000529c	f1024803	lbu	x16,-240(x4)	  x4:0x8001eecd x16=0x00000096 PA:0x8001eddd load:0x00000096
       20045000	      1905	800052a0	0f022b83	lw	x23,240(x4)	  x4:0x8001eecd x23=0x7b747576 PA:0x8001efbd load:0x7b747576
       20055000	      1906	800052a4	913e2593	slti	x11,x28,-1773	 x28:0x2d2d6da8 x11=0x00000000
       20065000	      1907	800052a8	f8020803	lb	x16,-128(x4)	  x4:0x8001eecd x16=0x00000006 PA:0x8001ee4d load:0x00000006
       20075000	      1908	800052ac	00022f97	auipc	x31,0x22	 x31=0x800272ac
       20085000	      1909	800052b0	d4ff8f93	addi	x31,x31,-689	 x31:0x800272ac x31=0x80026ffb
       20095000	      1910	800052b4	f7bf91a3	sh	x27,-157(x31)	 x31:0x80026ffb x27:0x00005a5b PA:0x80026f5e store:0x00005a5b load:0x00000000
       20105000	      1911	800052b8	00017c17	auipc	x24,0x17	 x24=0x8001c2b8
       20115000	      1912	800052bc	602c0c13	addi	x24,x24,1538	 x24:0x8001c2b8 x24=0x8001c8ba
       20135000	      1914	800052c0	075fa723	sw	x21,110(x31)	 x31:0x80026ffb x21:0x00000085 PA:0x80027069 store:0x00000085 load:0x00747576
       20145000	      1915	800052c4	feffd583	lhu	x11,-17(x31)	 x31:0x80026ffb x11=0x0000a0a1 PA:0x80026fea load:0x0000a0a1
       20165000	      1917	800052c8	039c5103	lhu	x2,57(x24)	 x24:0x8001c8ba  x2=0x0000afa8 PA:0x8001c8f3 load:0x0000afa8
       20175000	      1918	800052cc	f57c2323	sw	x23,-186(x24)	 x24:0x8001c8ba x23:0x7b747576 PA:0x8001c800 store:0x7b747576 load:0x00000000
       20185000	      1919	800052d0	094c5f03	lhu	x30,148(x24)	 x24:0x8001c8ba x30=0x00000405 PA:0x8001c94e load:0x00000405
       20195000	      1920	800052d4	f89fd083	lhu	x1,-119(x31)	 x31:0x80026ffb  x1=0x00003e3f PA:0x80026f84 load:0x00003e3f
       20215000	      1922	800052d8	f20fd203	lhu	x4,-224(x31)	 x31:0x80026ffb  x4=0x0000d7d0 PA:0x80026f1b load:0x0000d7d0
       20235000	      1924	800052dc	0b6c1ca3	sh	x22,185(x24)	 x24:0x8001c8ba x22:0x0000130c PA:0x8001c973 store:0x0000130c load:0x000000d0
       20245000	      1925	800052e0	092f9003	lh	x0,146(x31)	 x31:0x80026ffb  x0=0x00000000 PA:0x8002708d load:0x00004546
       20255000	      1926	800052e4	f1cc0923	sb	x28,-238(x24)	 x24:0x8001c8ba x28:0x2d2d6da8 PA:0x8001c7cc store:0x2d2d6da8 load:0x00000000
       20265000	      1927	800052e8	00026b17	auipc	x22,0x26	 x22=0x8002b2e8
       20275000	      1928	800052ec	62eb0b13	addi	x22,x22,1582	 x22:0x8002b2e8 x22=0x8002b916
       20285000	      1929	800052f0	00018797	auipc	x15,0x18	 x15=0x8001d2f0
       20295000	      1930	800052f4	94a78793	addi	x15,x15,-1718	 x15:0x8001d2f0 x15=0x8001cc3a
       20305000	      1931	800052f8	00a79803	lh	x16,10(x15)	 x15:0x8001cc3a x16=0xfffffeff PA:0x8001cc44 load:0xfffffeff
       20315000	      1932	800052fc	c22b1203	lh	x4,-990(x22)	 x22:0x8002b916  x4=0xfffff2f3 PA:0x8002b538 load:0xfffff2f3
       20325000	      1933	80005300	0097c183	lbu	x3,9(x15)	 x15:0x8001cc3a  x3=0x000000f8 PA:0x8001cc43 load:0x000000f8
       20335000	      1934	80005304	14fb4f03	lbu	x30,335(x22)	 x22:0x8002b916 x30=0x0000001e PA:0x8002ba65 load:0x0000001e
       20345000	      1935	80005308	96fb0ea3	sb	x15,-1667(x22)	 x22:0x8002b916 x15:0x8001cc3a PA:0x8002b293 store:0x8001cc3a load:0x00000000
       20355000	      1936	8000530c	ff978f23	sb	x25,-2(x15)	 x15:0x8001cc3a x25:0x80035ce4 PA:0x8001cc38 store:0x80035ce4 load:0x00000000
       20365000	      1937	80005310	d42b1603	lh	x12,-702(x22)	 x22:0x8002b916 x12=0x00001213 PA:0x8002b658 load:0x00001213
       20375000	      1938	80005314	ff379103	lh	x2,-13(x15)	 x15:0x8001cc3a  x2=0xffffe5e6 PA:0x8001cc2d load:0xffffe5e6
       20395000	      1940	80005318	2e9b5f83	lhu	x31,745(x22)	 x22:0x8002b916 x31=0x0000bbb4 PA:0x8002bbff load:0x0000bbb4
       20405000	      1941	8000531c	1c4b5d03	lhu	x26,452(x22)	 x22:0x8002b916 x26=0x00009091 PA:0x8002bada load:0x00009091
       20415000	      1942	80005320	1a5b0b23	sb	x5,438(x22)	 x22:0x8002b916  x5:0x00000000 PA:0x8002bacc store:0x00000000 load:0x00000000
       20425000	      1943	80005324	00578d83	lb	x27,5(x15)	 x15:0x8001cc3a x27=0xfffffff4 PA:0x8001cc3f load:0xfffffff4
       20435000	      1944	80005328	627b2523	sw	x7,1578(x22)	 x22:0x8002b916  x7:0x00000000 PA:0x8002bf40 store:0x00000000 load:0x00000000
       20445000	      1945	8000532c	00c79d83	lh	x27,12(x15)	 x15:0x8001cc3a x27=0xfffffcfd PA:0x8001cc46 load:0xfffffcfd
       20455000	      1946	80005330	a07b02a3	sb	x7,-1531(x22)	 x22:0x8002b916  x7:0x00000000 PA:0x8002b31b store:0x00000000 load:0x00000000
       20465000	      1947	80005334	350b0423	sb	x16,840(x22)	 x22:0x8002b916 x16:0xfffffeff PA:0x8002bc5e store:0xfffffeff load:0x00000000
       20475000	      1948	80005338	0001e297	auipc	x5,0x1e	  x5=0x80023338
       20485000	      1949	8000533c	b1f28293	addi	x5,x5,-1249	  x5:0x80023338  x5=0x80022e57
       20495000	      1950	80005340	056294a3	sh	x22,73(x5)	  x5:0x80022e57 x22:0x8002b916 PA:0x80022ea0 store:0x8002b916 load:0x00000000
       20505000	      1951	80005344	03128c03	lb	x24,49(x5)	  x5:0x80022e57 x24=0x00000043 PA:0x80022e88 load:0x00000043
       20515000	      1952	80005348	82ad	c.srli	x13,0xb	 x13:0x00000023 x13=0x00000000
       20525000	      1953	8000534a	717d	c.addi16sp	x2,-16	  x2:0xffffe5e6  x2=0xffffe5d6
       20535000	      1954	8000534c	838d	c.srli	x15,0x3	 x15:0x8001cc3a x15=0x10003987
       20905000	      1991	8000534e	0388d833	divu	x16,x17,x24	 x17:0x00000000 x24:0x00000043 x16=0x00000000
       20915000	      1992	80005352	1708	c.addi4spn	x10,x2,928	 x10=0xffffe976
       20925000	      1993	80005354	0000100f	fence.i	
       20945000	      1995	80005358	f4a2df03	lhu	x30,-182(x5)	  x5:0x80022e57 x30=0x0000595a PA:0x80022da1 load:0x0000595a
       20955000	      1996	8000535c	871d	c.srai	x14,0x7	 x14:0x00000000 x14=0x00000000
       20965000	      1997	8000535e	5729ca93	xori	x21,x19,1394	 x19:0x80031e54 x21=0x80031b26
       20975000	      1998	80005362	f422d303	lhu	x6,-190(x5)	  x5:0x80022e57  x6=0x00005152 PA:0x80022d99 load:0x00005152
       20985000	      1999	80005366	34005ef3	csrrwi	x29,mscratch,0	 x29=0x00000005
       20995000	      2000	8000536a	08f28f83	lb	x31,143(x5)	  x5:0x80022e57 x31=0xffffff9d PA:0x80022ee6 load:0xffffff9d
       21005000	      2001	8000536e	ff42a0a3	sw	x20,-31(x5)	  x5:0x80022e57 x20:0xb4b5b6b7 PA:0x80022e38 store:0xb4b5b6b7 load:0x00000000
       21015000	      2002	80005372	fb75a113	slti	x2,x11,-73	 x11:0x0000a0a1  x2=0x00000000
       21025000	      2003	80005376	05d2ab03	lw	x22,93(x5)	  x5:0x80022e57 x22=0x6c6d6e6f PA:0x80022eb4 load:0x6c6d6e6f
       21395000	      2040	8000537a	02cde833	rem	x16,x27,x12	 x27:0xfffffcfd x12:0x00001213 x16=0xfffffcfd
       21405000	      2041	8000537e	0001	c.addi	x0,0	  x0:0x00000000  x0=0x00000000
       21415000	      2042	80005380	340c5df3	csrrwi	x27,mscratch,24	 x27=0x00000000
       21425000	      2043	80005384	0001	c.addi	x0,0	  x0:0x00000000  x0=0x00000000
       21435000	      2044	80005386	40b30933	sub	x18,x6,x11	  x6:0x00005152 x11:0x0000a0a1 x18=0xffffb0b1
       21445000	      2045	8000538a	1714	c.addi4spn	x13,x2,928	 x13=0x000003a0
       21455000	      2046	8000538c	340557f3	csrrwi	x15,mscratch,10	 x15=0x00000018
       21465000	      2047	80005390	717d	c.addi16sp	x2,-16	  x2:0x00000000  x2=0xfffffff0
       21475000	      2048	80005392	0362d383	lhu	x7,54(x5)	  x5:0x80022e57  x7=0x00004546 PA:0x80022e8d load:0x00004546
       21495000	      2050	80005396	02e67eb3	remu	x29,x12,x14	 x12:0x00001213 x14:0x00000000 x29=0x00001213
       21505000	      2051	8000539a	3034b213	sltiu	x4,x9,771	  x9:0x8001ccfc  x4=0x00000000
       21515000	      2052	8000539e	0ff0000f	fence	iorw,iorw	
       21525000	      2053	800053a2	1218	c.addi4spn	x14,x2,288	 x14=0x00000110
       21545000	      2055	800053a4	0bd2aa23	sw	x29,180(x5)	  x5:0x80022e57 x29:0x00001213 PA:0x80022f0b store:0x00001213 load:0x000000b4
       21555000	      2056	800053a8	01b2d603	lhu	x12,27(x5)	  x5:0x80022e57 x12=0x00002829 PA:0x80022e72 load:0x00002829
       21565000	      2057	800053ac	00017e97	auipc	x29,0x17	 x29=0x8001c3ac
       21575000	      2058	800053b0	787e8e93	addi	x29,x29,1927	 x29:0x8001c3ac x29=0x8001cb33
       21595000	      2060	800053b4	f8ce9c23	sh	x12,-104(x29)	 x29:0x8001cb33 x12:0x00002829 PA:0x8001cacb store:0x00002829 load:0x000000b4
       21605000	      2061	800053b8	00027297	auipc	x5,0x27	  x5=0x8002c3b8
       21615000	      2062	800053bc	6b628293	addi	x5,x5,1718	  x5:0x8002c3b8  x5=0x8002ca6e
       21625000	      2063	800053c0	f6be9b83	lh	x23,-149(x29)	 x29:0x8001cb33 x23=0x00005455 PA:0x8001ca9e load:0x00005455
       21635000	      2064	800053c4	00dea603	lw	x12,13(x29)	 x29:0x8001cb33 x12=0xf8f9fafb PA:0x8001cb40 load:0xf8f9fafb
       21645000	      2065	800053c8	00629503	lh	x10,6(x5)	  x5:0x8002ca6e x10=0x00002e2f PA:0x8002ca74 load:0x00002e2f
       21655000	      2066	800053cc	001e8103	lb	x2,1(x29)	 x29:0x8001cb33  x2=0xffffffef PA:0x8001cb34 load:0xffffffef
       21665000	      2067	800053d0	0082c783	lbu	x15,8(x5)	  x5:0x8002ca6e x15=0x0000002d PA:0x8002ca76 load:0x0000002d
       21675000	      2068	800053d4	f7de81a3	sb	x29,-157(x29)	 x29:0x8001cb33 x29:0x8001cb33 PA:0x8001ca96 store:0x8001cb33 load:0x00000000
       21685000	      2069	800053d8	ff02c483	lbu	x9,-16(x5)	  x5:0x8002ca6e  x9=0x00000015 PA:0x8002ca5e load:0x00000015
       21695000	      2070	800053dc	0042c803	lbu	x16,4(x5)	  x5:0x8002ca6e x16=0x00000029 PA:0x8002ca72 load:0x00000029
       21705000	      2071	800053e0	ffa2a603	lw	x12,-6(x5)	  x5:0x8002ca6e x12=0x20212223 PA:0x8002ca68 load:0x20212223
       21715000	      2072	800053e4	00023f97	auipc	x31,0x23	 x31=0x800283e4
       21725000	      2073	800053e8	f41f8f93	addi	x31,x31,-191	 x31:0x800283e4 x31=0x80028325
       21735000	      2074	800053ec	40f4d013	srai	x0,x9,0xf	  x9:0x00000015  x0=0x00000000
       21745000	      2075	800053f0	011ccdb3	xor	x27,x25,x17	 x25:0x80035ce4 x17:0x00000000 x27=0x80035ce4
       21755000	      2076	800053f4	1afd	c.addi	x21,-1	 x21:0x80031b26 x21=0x80031b25
       21775000	      2078	800053f6	f57fa0a3	sw	x23,-191(x31)	 x31:0x80028325 x23:0x00005455 PA:0x80028266 store:0x00005455 load:0x0000b4b5
       21785000	      2079	800053fa	f15fc203	lbu	x4,-235(x31)	 x31:0x80028325  x4=0x000000f1 PA:0x8002823a load:0x000000f1
       21805000	      2081	800053fe	f86fd083	lhu	x1,-122(x31)	 x31:0x80028325  x1=0x00006760 PA:0x800282ab load:0x00006760
       21825000	      2083	80005402	0c2fda03	lhu	x20,194(x31)	 x31:0x80028325 x20=0x0000a39c PA:0x800283e7 load:0x0000a39c
       21835000	      2084	80005406	2ca38613	addi	x12,x7,714	  x7:0x00004546 x12=0x00004810
       21845000	      2085	8000540a	0000100f	fence.i	
       21875000	      2088	8000540e	0d7f8683	lb	x13,215(x31)	 x31:0x80028325 x13=0xffffffb7 PA:0x800283fc load:0xffffffb7
       21885000	      2089	80005412	0398	c.addi4spn	x14,x2,448	 x14=0x000001af
       22255000	      2126	80005414	03d848b3	div	x17,x16,x29	 x16:0x00000029 x29:0x8001cb33 x17=0x00000000
       22265000	      2127	80005418	01ec5293	srli	x5,x24,0x1e	 x24:0x00000043  x5=0x00000000
       22275000	      2128	8000541c	0000100f	fence.i	
       22305000	      2131	80005420	f89fad03	lw	x26,-119(x31)	 x31:0x80028325 x26=0x6a6b6465 PA:0x800282ae load:0x6a6b6465
       22315000	      2132	80005424	00a092b3	sll	x5,x1,x10	  x1:0x00006760 x10:0x00002e2f  x5=0x33b00000
       22335000	      2134	80005428	08af9b03	lh	x22,138(x31)	 x31:0x80028325 x22=0x00006b64 PA:0x800283af load:0x00006b64
       22345000	      2135	8000542c	ab15ed13	ori	x26,x11,-1359	 x11:0x0000a0a1 x26=0xfffffab1
       22355000	      2136	80005430	075fd483	lhu	x9,117(x31)	 x31:0x80028325  x9=0x00005051 PA:0x8002839a load:0x00005051
       22395000	      2140	80005434	02d830b3	mulhu	x1,x16,x13	 x16:0x00000029 x13:0xffffffb7  x1=0x00000028
       22405000	      2141	80005438	490cb013	sltiu	x0,x25,1168	 x25:0x80035ce4  x0=0x00000000
       22415000	      2142	8000543c	05cf9c03	lh	x24,92(x31)	 x31:0x80028325 x24=0x0000393a PA:0x80028381 load:0x0000393a
       22425000	      2143	80005440	3402bbf3	csrrc	x23,mscratch,x5	  x5:0x33b00000 x23=0x0000000a
       22445000	      2145	80005444	f5ffaea3	sw	x31,-163(x31)	 x31:0x80028325 x31:0x80028325 PA:0x80028282 store:0x80028325 load:0x00006465
       22485000	      2149	80005448	02c71a33	mulh	x20,x14,x12	 x14:0x000001af x12:0x00004810 x20=0x00000000
       22495000	      2150	8000544c	f49f85a3	sb	x9,-181(x31)	 x31:0x80028325  x9:0x00005051 PA:0x80028270 store:0x00005051 load:0x00000000
       22515000	      2152	80005450	f7cf9723	sh	x28,-146(x31)	 x31:0x80028325 x28:0x2d2d6da8 PA:0x80028293 store:0x2d2d6da8 load:0x00000064
       22525000	      2153	80005454	00475013	srli	x0,x14,0x4	 x14:0x000001af  x0=0x00000000
       22545000	      2155	80005458	f66fae83	lw	x29,-154(x31)	 x31:0x80028325 x29=0x45464740 PA:0x8002828b load:0x45464740
       22555000	      2156	8000545c	33a03393	sltiu	x7,x0,826	  x0:0x00000000  x7=0x00000001
       22575000	      2158	80005460	093faf23	sw	x19,158(x31)	 x31:0x80028325 x19:0x80031e54 PA:0x800283c3 store:0x80031e54 load:0x00000040
       22585000	      2159	80005464	f22f8b03	lb	x22,-222(x31)	 x31:0x80028325 x22=0xfffffffc PA:0x80028247 load:0xfffffffc
       22605000	      2161	80005468	00eb6c33	or	x24,x22,x14	 x22:0xfffffffc x14:0x000001af x24=0xffffffff
       22615000	      2162	8000546c	3409faf3	csrrci	x21,mscratch,19	 x21=0x0000000a
       22635000	      2164	80005470	095f9f23	sh	x21,158(x31)	 x31:0x80028325 x21:0x0000000a PA:0x800283c3 store:0x0000000a load:0x00000040
       22645000	      2165	80005474	00025117	auipc	x2,0x25	  x2=0x8002a474
       22655000	      2166	80005478	d4710113	addi	x2,x2,-697	  x2:0x8002a474  x2=0x8002a1bb
       23025000	      2203	8000547c	03b76633	rem	x12,x14,x27	 x14:0x000001af x27:0x80035ce4 x12=0x000001af
       23035000	      2204	80005480	fdf11003	lh	x0,-33(x2)	  x2:0x8002a1bb  x0=0x00000000 PA:0x8002a19a load:0x00005051
       23045000	      2205	80005484	0001	c.addi	x0,0	  x0:0x00000000  x0=0x00000000
       23055000	      2206	80005486	4e41	c.li	x28,16	 x28=0x00000010
       23065000	      2207	80005488	00f107a3	sb	x15,15(x2)	  x2:0x8002a1bb x15:0x0000002d PA:0x8002a1ca store:0x0000002d load:0x00000000
       23075000	      2208	8000548c	01710503	lb	x10,23(x2)	  x2:0x8002a1bb x10=0xffffff89 PA:0x8002a1d2 load:0xffffff89
       23085000	      2209	80005490	fc215b83	lhu	x23,-62(x2)	  x2:0x8002a1bb x23=0x00003536 PA:0x8002a17d load:0x00003536
       23105000	      2211	80005494	fe012603	lw	x12,-32(x2)	  x2:0x8002a1bb x12=0x55565750 PA:0x8002a19b load:0x55565750
       23115000	      2212	80005498	40e2dd33	sra	x26,x5,x14	  x5:0x33b00000 x14:0x000001af x26=0x00006760
       23125000	      2213	8000549c	2d6d8c17	auipc	x24,0x2d6d8	 x24=0xad6dd49c
       23145000	      2215	800054a0	fef12583	lw	x11,-17(x2)	  x2:0x8002a1bb x11=0x66676061 PA:0x8002a1aa load:0x66676061
       23155000	      2216	800054a4	03d10883	lb	x17,61(x2)	  x2:0x8002a1bb x17=0xffffffb3 PA:0x8002a1f8 load:0xffffffb3
       23165000	      2217	800054a8	340cd6f3	csrrwi	x13,mscratch,25	 x13=0x00000008
       23535000	      2254	800054ac	02b4ebb3	rem	x23,x9,x11	  x9:0x00005051 x11:0x66676061 x23=0x00005051
       23545000	      2255	800054b0	fd310883	lb	x17,-45(x2)	  x2:0x8002a1bb x17=0x00000045 PA:0x8002a18e load:0x00000045
       23555000	      2256	800054b4	00a11d03	lh	x26,10(x2)	  x2:0x8002a1bb x26=0x00007d7e PA:0x8002a1c5 load:0x00007d7e
       23565000	      2257	800054b8	fd010223	sb	x16,-60(x2)	  x2:0x8002a1bb x16:0x00000029 PA:0x8002a17f store:0x00000029 load:0x00000000
       23575000	      2258	800054bc	fd810d03	lb	x26,-40(x2)	  x2:0x8002a1bb x26=0x00000048 PA:0x8002a193 load:0x00000048
       23585000	      2259	800054c0	34002273	csrrs	x4,mscratch,x0	  x0:0x00000000  x4=0x00000019
       23595000	      2260	800054c4	01a22e33	slt	x28,x4,x26	  x4:0x00000019 x26:0x00000048 x28=0x00000001
       23605000	      2261	800054c8	fe311703	lh	x14,-29(x2)	  x2:0x8002a1bb x14=0x00005455 PA:0x8002a19e load:0x00005455
       23645000	      2265	800054cc	03b32a33	mulhsu	x20,x6,x27	  x6:0x00005152 x27:0x80035ce4 x20=0x000028aa
       23665000	      2267	800054d0	03312083	lw	x1,51(x2)	  x2:0x8002a1bb  x1=0xaaaba4a5 PA:0x8002a1ee load:0xaaaba4a5
       23675000	      2268	800054d4	0001	c.addi	x0,0	  x0:0x00000000  x0=0x00000000
       23685000	      2269	800054d6	fed10d03	lb	x26,-19(x2)	  x2:0x8002a1bb x26=0x00000063 PA:0x8002a1a8 load:0x00000063
       23695000	      2270	800054da	fe012ea3	sw	x0,-3(x2)	  x2:0x8002a1bb  x0:0x00000000 PA:0x8002a1b8 store:0x00000000 load:0x00000000
       23705000	      2271	800054de	01915283	lhu	x5,25(x2)	  x2:0x8002a1bb  x5=0x00008e8f PA:0x8002a1d4 load:0x00008e8f
       23715000	      2272	800054e2	87c1	c.srai	x15,0x10	 x15:0x0000002d x15=0x00000000
       23725000	      2273	800054e4	b50e71b7	lui	x3,0xb50e7	  x3=0xb50e7000
       23745000	      2275	800054e8	4642	c.lwsp	x12,16(x2)	  x2:0x8002a1bb x12=0x85868780 PA:0x8002a1cb load:0x85868780
       23755000	      2276	800054ea	58504013	xori	x0,x0,1413	  x0:0x00000000  x0=0x00000000
       23775000	      2278	800054ee	fd912423	sw	x25,-56(x2)	  x2:0x8002a1bb x25:0x80035ce4 PA:0x8002a183 store:0x80035ce4 load:0x00000080
       23795000	      2280	800054f2	fe712423	sw	x7,-24(x2)	  x2:0x8002a1bb  x7:0x00000001 PA:0x8002a1a3 store:0x00000001 load:0x00000080
       23805000	      2281	800054f6	02515d83	lhu	x27,37(x2)	  x2:0x8002a1bb x27=0x00009a9b PA:0x8002a1e0 load:0x00009a9b
       23815000	      2282	800054fa	34007bf3	csrrci	x23,mscratch,0	 x23=0x00000019
       23825000	      2283	800054fe	0001	c.addi	x0,0	  x0:0x00000000  x0=0x00000000
       23835000	      2284	80005500	007b2233	slt	x4,x22,x7	 x22:0xfffffffc  x7:0x00000001  x4=0x00000001
       23845000	      2285	80005504	018176b3	and	x13,x2,x24	  x2:0x8002a1bb x24:0xad6dd49c x13=0x80008098
       24215000	      2322	80005508	025a53b3	divu	x7,x20,x5	 x20:0x000028aa  x5:0x00008e8f  x7=0x00000000
       24235000	      2324	8000550c	c0c2	c.swsp	x16,64(x2)	  x2:0x8002a1bb x16:0x00000029 PA:0x8002a1fb store:0x00000029 load:0x00000080
       24245000	      2325	8000550e	03210e83	lb	x29,50(x2)	  x2:0x8002a1bb x29=0xffffffa6 PA:0x8002a1ed load:0xffffffa6
       24255000	      2326	80005512	03914a83	lbu	x21,57(x2)	  x2:0x8002a1bb x21=0x000000af PA:0x8002a1f4 load:0x000000af
       24265000	      2327	80005516	3408aa73	csrrs	x20,mscratch,x17	 x17:0x00000045 x20=0x00000019
       24275000	      2328	8000551a	01901033	sll	x0,x0,x25	  x0:0x00000000 x25:0x80035ce4  x0=0x00000000
       24285000	      2329	8000551e	65f1	c.lui	x11,0x1c	 x11=0x0001c000
       24295000	      2330	80005520	6d96b493	sltiu	x9,x13,1753	 x13:0x80008098  x9=0x00000000
       24315000	      2332	80005524	fe712823	sw	x7,-16(x2)	  x2:0x8002a1bb  x7:0x00000000 PA:0x8002a1ab store:0x00000000 load:0x00000080
       24325000	      2333	80005528	fcf15303	lhu	x6,-49(x2)	  x2:0x8002a1bb  x6=0x00004041 PA:0x8002a18a load:0x00004041
       24335000	      2334	8000552c	01512083	lw	x1,21(x2)	  x2:0x8002a1bb  x1=0x88898a8b PA:0x8002a1d0 load:0x88898a8b
       24345000	      2335	80005530	00017497	auipc	x9,0x17	  x9=0x8001c530
       24355000	      2336	80005534	b4148493	addi	x9,x9,-1215	  x9:0x8001c530  x9=0x8001c071
       24365000	      2337	80005538	0001fa97	auipc	x21,0x1f	 x21=0x80024538
       24375000	      2338	8000553c	7daa8a93	addi	x21,x21,2010	 x21:0x80024538 x21=0x80024d12
       24395000	      2340	80005540	9e1a9e83	lh	x29,-1567(x21)	 x21:0x80024d12 x29=0xffffafa8 PA:0x800246f3 load:0xffffafa8
       24405000	      2341	80005544	a4da9723	sh	x13,-1458(x21)	 x21:0x80024d12 x13:0x80008098 PA:0x80024760 store:0x80008098 load:0x00000000
       24425000	      2343	80005548	a29a9003	lh	x0,-1495(x21)	 x21:0x80024d12  x0=0x00000000 PA:0x8002473b load:0xfffff7f0
       24435000	      2344	8000554c	ffa4c883	lbu	x17,-6(x9)	  x9:0x8001c071 x17=0x00000020 PA:0x8001c06b load:0x00000020
       24445000	      2345	80005550	1aeaa303	lw	x6,430(x21)	 x21:0x80024d12  x6=0x78797a7b PA:0x80024ec0 load:0x78797a7b
       24465000	      2347	80005554	fb7aaf03	lw	x30,-73(x21)	 x21:0x80024d12 x30=0x87808182 PA:0x80024cc9 load:0x87808182
       24475000	      2348	80005558	d19a8723	sb	x25,-754(x21)	 x21:0x80024d12 x25:0x80035ce4 PA:0x80024a20 store:0x80035ce4 load:0x00000000
       24485000	      2349	8000555c	0034d603	lhu	x12,3(x9)	  x9:0x8001c071 x12=0x00002e2f PA:0x8001c074 load:0x00002e2f
       24505000	      2351	80005560	ffa49f83	lh	x31,-6(x9)	  x9:0x8001c071 x31=0x00002720 PA:0x8001c06b load:0x00002720
       24525000	      2353	80005564	9fbaa4a3	sw	x27,-1559(x21)	 x21:0x80024d12 x27:0x00009a9b PA:0x800246fb store:0x00009a9b load:0x00000020
       24535000	      2354	80005568	00e496a3	sh	x14,13(x9)	  x9:0x8001c071 x14:0x00005455 PA:0x8001c07e store:0x00005455 load:0x00000000
       24545000	      2355	8000556c	248a8803	lb	x16,584(x21)	 x21:0x80024d12 x16=0x00000011 PA:0x80024f5a load:0x00000011
       24565000	      2357	80005570	0004ac03	lw	x24,0(x9)	  x9:0x8001c071 x24=0x2f28292a PA:0x8001c071 load:0x2f28292a
       24575000	      2358	80005574	00017117	auipc	x2,0x17	  x2=0x8001c574
       24585000	      2359	80005578	6d210113	addi	x2,x2,1746	  x2:0x8001c574  x2=0x8001cc46
       24595000	      2360	8000557c	02615803	lhu	x16,38(x2)	  x2:0x8001cc46 x16=0x00002627 PA:0x8001cc6c load:0x00002627
       24965000	      2397	80005580	02e8e3b3	rem	x7,x17,x14	 x17:0x00000020 x14:0x00005455  x7=0x00000020
       24975000	      2398	80005584	f9c11883	lh	x17,-100(x2)	  x2:0x8001cc46 x17=0xffff9899 PA:0x8001cbe2 load:0xffff9899
       24985000	      2399	80005588	f9c14d03	lbu	x26,-100(x2)	  x2:0x8001cc46 x26=0x00000099 PA:0x8001cbe2 load:0x00000099
       24995000	      2400	8000558c	8c89	c.sub	x9,x10	  x9:0x8001c071 x10:0xffffff89  x9=0x8001c0e8
       25015000	      2402	8000558e	fb112ca3	sw	x17,-71(x2)	  x2:0x8001cc46 x17:0xffff9899 PA:0x8001cbff store:0xffff9899 load:0x00000028
       25035000	      2404	80005592	fa512ca3	sw	x5,-71(x2)	  x2:0x8001cc46  x5:0x00008e8f PA:0x8001cbff store:0x00008e8f load:0x00000028
       25045000	      2405	80005596	fbf10f03	lb	x30,-65(x2)	  x2:0x8001cc46 x30=0xffffffbe PA:0x8001cc05 load:0xffffffbe
       25055000	      2406	8000559a	019bfd33	and	x26,x23,x25	 x23:0x00000019 x25:0x80035ce4 x26=0x00000000
       25065000	      2407	8000559e	0d2a	c.slli	x26,0xa	 x26:0x00000000 x26=0x00000000
       25085000	      2409	800055a0	07911183	lh	x3,121(x2)	  x2:0x8001cc46  x3=0x00007b74 PA:0x8001ccbf load:0x00007b74
       25105000	      2411	800055a4	07912f03	lw	x30,121(x2)	  x2:0x8001cc46 x30=0x797a7b74 PA:0x8001ccbf load:0x797a7b74
       25125000	      2413	800055a8	4396	c.lwsp	x7,68(x2)	  x2:0x8001cc46  x7=0x46474041 PA:0x8001cc8a load:0x46474041
       25135000	      2414	800055aa	fda15e03	lhu	x28,-38(x2)	  x2:0x8001cc46 x28=0x0000dadb PA:0x8001cc20 load:0x0000dadb
       25155000	      2416	800055ae	f0d12623	sw	x13,-244(x2)	  x2:0x8001cc46 x13:0x80008098 PA:0x8001cb52 store:0x80008098 load:0x00004041
       25165000	      2417	800055b2	05510083	lb	x1,85(x2)	  x2:0x8001cc46  x1=0x00000050 PA:0x8001cc9b load:0x00000050
       25175000	      2418	800055b6	faa12d23	sw	x10,-70(x2)	  x2:0x8001cc46 x10:0xffffff89 PA:0x8001cc00 store:0xffffff89 load:0x00000000
       25185000	      2419	800055ba	fa511d23	sh	x5,-70(x2)	  x2:0x8001cc46  x5:0x00008e8f PA:0x8001cc00 store:0x00008e8f load:0x00000000
       25195000	      2420	800055be	07612383	lw	x7,118(x2)	  x2:0x8001cc46  x7=0x74757677 PA:0x8001ccbc load:0x74757677
       25205000	      2421	800055c2	00027e97	auipc	x29,0x27	 x29=0x8002c5c2
       25215000	      2422	800055c6	f7fe8e93	addi	x29,x29,-129	 x29:0x8002c5c2 x29=0x8002c541
       25255000	      2426	800055ca	0329a633	mulhsu	x12,x19,x18	 x19:0x80031e54 x18:0xffffb0b1 x12=0x800345fa
       25265000	      2427	800055ce	fece9e23	sh	x12,-4(x29)	 x29:0x8002c541 x12:0x800345fa PA:0x8002c53d store:0x800345fa load:0x00000000
       25275000	      2428	800055d2	017e8223	sb	x23,4(x29)	 x29:0x8002c541 x23:0x00000019 PA:0x8002c545 store:0x00000019 load:0x00000000
       25295000	      2430	800055d6	01dea023	sw	x29,0(x29)	 x29:0x8002c541 x29:0x8002c541 PA:0x8002c541 store:0x8002c541 load:0x00404142
       25305000	      2431	800055da	00ee8283	lb	x5,14(x29)	 x29:0x8002c541  x5=0x00000004 PA:0x8002c54f load:0x00000004
       25325000	      2433	800055de	018ea723	sw	x24,14(x29)	 x29:0x8002c541 x24:0x2f28292a PA:0x8002c54f store:0x2f28292a load:0x00000040
       25335000	      2434	800055e2	00ce9083	lh	x1,12(x29)	 x29:0x8002c541  x1=0x00000506 PA:0x8002c54d load:0x00000506
       25345000	      2435	800055e6	ffde9aa3	sh	x29,-11(x29)	 x29:0x8002c541 x29:0x8002c541 PA:0x8002c536 store:0x8002c541 load:0x00000000
       25355000	      2436	800055ea	717d	c.addi16sp	x2,-16	  x2:0x8001cc46  x2=0x8001cc36
       25365000	      2437	800055ec	019e96a3	sh	x25,13(x29)	 x29:0x8002c541 x25:0x80035ce4 PA:0x8002c54e store:0x80035ce4 load:0x00000000
       25375000	      2438	800055f0	79f6e813	ori	x16,x13,1951	 x13:0x80008098 x16=0x8000879f
       25385000	      2439	800055f4	ff1eaba3	sw	x17,-9(x29)	 x29:0x8002c541 x17:0xffff9899 PA:0x8002c538 store:0xffff9899 load:0x00000000
       25395000	      2440	800055f8	ffcedd83	lhu	x27,-4(x29)	 x29:0x8002c541 x27=0x000045fa PA:0x8002c53d load:0x000045fa
       25405000	      2441	800055fc	717d	c.addi16sp	x2,-16	  x2:0x8001cc36  x2=0x8001cc26
       25415000	      2442	800055fe	ff1e8d83	lb	x27,-15(x29)	 x29:0x8002c541 x27=0xffffffe9 PA:0x8002c532 load:0xffffffe9
       25455000	      2446	80005602	03553ab3	mulhu	x21,x10,x21	 x10:0xffffff89 x21:0x80024d12 x21=0x80024cd6
       25465000	      2447	80005606	99fd	c.andi	x11,-1	 x11:0x0001c000 x11=0x0001c000
       25475000	      2448	80005608	8d41	c.or	x10,x8	 x10:0xffffff89  x8:0x00000004 x10=0xffffff8d
       25485000	      2449	8000560a	8392	c.mv	x7,x4	  x0:0x00000000  x4:0x00000001  x7=0x00000001
       25495000	      2450	8000560c	0163c833	xor	x16,x7,x22	  x7:0x00000001 x22:0xfffffffc x16=0xfffffffd
       25505000	      2451	80005610	00fa5bb3	srl	x23,x20,x15	 x20:0x00000019 x15:0x00000000 x23=0x00000019
       25515000	      2452	80005614	4138dd33	sra	x26,x17,x19	 x17:0xffff9899 x19:0x80031e54 x26=0xffffffff
       25525000	      2453	80005618	c48d	c.beqz	x9,80005642	  x9:0x8001c0e8
       25895000	      2490	8000561a	038dddb3	divu	x27,x27,x24	 x27:0xffffffe9 x24:0x2f28292a x27=0x00000005
       25905000	      2491	8000561e	008d0533	add	x10,x26,x8	 x26:0xffffffff  x8:0x00000004 x10=0x00000003
       25915000	      2492	80005622	0b69	c.addi	x22,26	 x22:0xfffffffc x22=0x00000016
       25925000	      2493	80005624	003a1d63	bne	x20,x3,8000563e	 x20:0x00000019  x3:0x00007b74
       25955000	      2496	8000563e	032bef63	bltu	x23,x18,8000567c	 x23:0x00000019 x18:0xffffb0b1
       25975000	      2498	8000567c	7a7d8e13	addi	x28,x27,1959	 x27:0x00000005 x28=0x000007ac
       26015000	      2502	80005680	0202aab3	mulhsu	x21,x5,x0	  x5:0x00000004  x0:0x00000000 x21=0x00000000
       26025000	      2503	80005684	00f67033	and	x0,x12,x15	 x12:0x800345fa x15:0x00000000  x0=0x00000000
       26035000	      2504	80005688	8bc9	c.andi	x15,18	 x15:0x00000000 x15=0x00000000
       26045000	      2505	8000568a	0ff0000f	fence	iorw,iorw	
       26055000	      2506	8000568e	717d	c.addi16sp	x2,-16	  x2:0x8001cc26  x2=0x8001cc16
       26065000	      2507	80005690	900ad317	auipc	x6,0x900ad	  x6=0x100b2690
       26075000	      2508	80005694	8fc5	c.or	x15,x9	 x15:0x00000000  x9:0x8001c0e8 x15=0x8001c0e8
       26085000	      2509	80005696	e30d	c.bnez	x14,800056b8	 x14:0x00005455
       26105000	      2511	800056b8	61443f13	sltiu	x30,x8,1556	  x8:0x00000004 x30=0x00000001
       26115000	      2512	800056bc	60fd	c.lui	x1,0x1f	  x1=0x0001f000
       26125000	      2513	800056be	8f01	c.sub	x14,x8	 x14:0x00005455  x8:0x00000004 x14=0x00005451
       26135000	      2514	800056c0	0140e563	bltu	x1,x20,800056ca	  x1:0x0001f000 x20:0x00000019
       26145000	      2515	800056c4	8ec5	c.or	x13,x9	 x13:0x80008098  x9:0x8001c0e8 x13=0x8001c0f8
       26515000	      2552	800056c6	022376b3	remu	x13,x6,x2	  x6:0x100b2690  x2:0x8001cc16 x13=0x100b2690
       26525000	      2553	800056ca	8d5d	c.or	x10,x15	 x10:0x00000003 x15:0x8001c0e8 x10=0x8001c0eb
       26535000	      2554	800056cc	8da6	c.mv	x27,x9	  x0:0x00000000  x9:0x8001c0e8 x27=0x8001c0e8
       26545000	      2555	800056ce	9aee	c.add	x21,x27	 x21:0x00000000 x27:0x8001c0e8 x21=0x8001c0e8
       26555000	      2556	800056d0	0ff0000f	fence	iorw,iorw	
       26565000	      2557	800056d4	8ffe4e13	xori	x28,x28,-1793	 x28:0x000007ac x28=0xffffff53
       26575000	      2558	800056d8	9b72	c.add	x22,x28	 x22:0x00000016 x28:0xffffff53 x22=0xffffff69
       26585000	      2559	800056da	40d10fb3	sub	x31,x2,x13	  x2:0x8001cc16 x13:0x100b2690 x31=0x6ff6a586
       26595000	      2560	800056de	8096	c.mv	x1,x5	  x0:0x00000000  x5:0x00000004  x1=0x00000004
       26605000	      2561	800056e0	0de5	c.addi	x27,25	 x27:0x8001c0e8 x27=0x8001c101
       26615000	      2562	800056e2	0ff0000f	fence	iorw,iorw	
       26985000	      2599	800056e6	030ef8b3	remu	x17,x29,x16	 x29:0x8002c541 x16:0xfffffffd x17=0x8002c541
       26995000	      2600	800056ea	01f62b33	slt	x22,x12,x31	 x12:0x800345fa x31:0x6ff6a586 x22=0x00000001
       27025000	      2603	800056ee	030202b3	mul	x5,x4,x16	  x4:0x00000001 x16:0xfffffffd  x5=0xfffffffd
       27035000	      2604	800056f2	417cd293	srai	x5,x25,0x17	 x25:0x80035ce4  x5=0xffffff00
       27405000	      2641	800056f6	032971b3	remu	x3,x18,x18	 x18:0xffffb0b1 x18:0xffffb0b1  x3=0x00000000
       27415000	      2642	800056fa	34006d73	csrrsi	x26,mscratch,0	 x26=0x0000005d
       27425000	      2643	800056fe	340aa273	csrrs	x4,mscratch,x21	 x21:0x8001c0e8  x4=0x0000005d
       27435000	      2644	80005702	41e2dab3	sra	x21,x5,x30	  x5:0xffffff00 x30:0x00000001 x21=0xffffff80
       27445000	      2645	80005706	017ab4b3	sltu	x9,x21,x23	 x21:0xffffff80 x23:0x00000019  x9=0x00000000
       27455000	      2646	8000570a	091e	c.slli	x18,0x7	 x18:0xffffb0b1 x18=0xffd85880
       27465000	      2647	8000570c	00a29493	slli	x9,x5,0xa	  x5:0xffffff00  x9=0xfffc0000
       27475000	      2648	80005710	40ea5193	srai	x3,x20,0xe	 x20:0x00000019  x3=0x00000000
       27485000	      2649	80005714	c495	c.beqz	x9,80005740	  x9:0xfffc0000
       27495000	      2650	80005716	4ec9	c.li	x29,18	 x29=0x00000012
       27505000	      2651	80005718	015ccb33	xor	x22,x25,x21	 x25:0x80035ce4 x21:0xffffff80 x22=0x7ffca364
       27535000	      2654	8000571c	03ab03b3	mul	x7,x22,x26	 x22:0x7ffca364 x26:0x0000005d  x7=0x7ec75b54
       27545000	      2655	80005720	010ade33	srl	x28,x21,x16	 x21:0xffffff80 x16:0xfffffffd x28=0x00000007
       27585000	      2659	80005724	02e91c33	mulh	x24,x18,x14	 x18:0xffd85880 x14:0x00005451 x24=0xfffffff2
       27595000	      2660	80005728	0092d093	srli	x1,x5,0x9	  x5:0xffffff00  x1=0x007fffff
       27605000	      2661	8000572c	3405de73	csrrwi	x28,mscratch,11	 x28=0x8001c0fd
       27645000	      2665	80005730	02da24b3	mulhsu	x9,x20,x13	 x20:0x00000019 x13:0x100b2690  x9=0x00000001
       27655000	      2666	80005734	b6c7c013	xori	x0,x15,-1172	 x15:0x8001c0e8  x0=0x00000000
       27695000	      2670	80005738	0324b733	mulhu	x14,x9,x18	  x9:0x00000001 x18:0xffd85880 x14=0x00000000
       27705000	      2671	8000573c	0ff0000f	fence	iorw,iorw	
       27715000	      2672	80005740	2c934b13	xori	x22,x6,713	  x6:0x100b2690 x22=0x100b2459
       27725000	      2673	80005744	003e73b3	and	x7,x28,x3	 x28:0x8001c0fd  x3:0x00000000  x7=0x00000000
       27735000	      2674	80005748	033c8663	beq	x25,x19,80005774	 x25:0x80035ce4 x19:0x80031e54
       27745000	      2675	8000574c	cf99	c.beqz	x15,8000576a	 x15:0x8001c0e8
       27755000	      2676	8000574e	117d	c.addi	x2,-1	  x2:0x8001cc16  x2=0x8001cc15
       27765000	      2677	80005750	01ca9293	slli	x5,x21,0x1c	 x21:0xffffff80  x5=0x00000000
       27775000	      2678	80005754	d66e0113	addi	x2,x28,-666	 x28:0x8001c0fd  x2=0x8001be63
       27785000	      2679	80005758	0000100f	fence.i	
       27805000	      2681	8000575c	0163c263	blt	x7,x22,80005760	  x7:0x00000000 x22:0x100b2459
       27825000	      2683	80005760	93ea6213	ori	x4,x20,-1730	 x20:0x00000019  x4=0xfffff93f
       27835000	      2684	80005764	340066f3	csrrsi	x13,mscratch,0	 x13=0x0000000b
       27845000	      2685	80005768	83f2	c.mv	x7,x28	  x0:0x00000000 x28:0x8001c0fd  x7=0x8001c0fd
       27855000	      2686	8000576a	005588b3	add	x17,x11,x5	 x11:0x0001c000  x5:0x00000000 x17=0x0001c000
       27865000	      2687	8000576e	340b1973	csrrw	x18,mscratch,x22	 x22:0x100b2459 x18=0x0000000b
       27875000	      2688	80005772	5afd	c.li	x21,-1	 x21=0xffffffff
       27885000	      2689	80005774	1dfd	c.addi	x27,-1	 x27:0x8001c101 x27=0x8001c100
       27895000	      2690	80005776	00a0c263	blt	x1,x10,8000577a	  x1:0x007fffff x10:0x8001c0eb
       27905000	      2691	8000577a	4090d0b3	sra	x1,x1,x9	  x1:0x007fffff  x9:0x00000001  x1=0x003fffff
       27915000	      2692	8000577e	34027f73	csrrci	x30,mscratch,4	 x30=0x100b2459
       27925000	      2693	80005782	0ff0000f	fence	iorw,iorw	
       28295000	      2730	80005786	0279f733	remu	x14,x19,x7	 x19:0x80031e54  x7:0x8001c0fd x14=0x00015d57
       28305000	      2731	8000578a	01d61213	slli	x4,x12,0x1d	 x12:0x800345fa  x4=0x40000000
       28315000	      2732	8000578e	a9ec6313	ori	x6,x24,-1378	 x24:0xfffffff2  x6=0xfffffffe
       28325000	      2733	80005792	d79dbb13	sltiu	x22,x27,-647	 x27:0x8001c100 x22=0x00000001
       28335000	      2734	80005796	8d25	c.xor	x10,x9	 x10:0x8001c0eb  x9:0x00000001 x10=0x8001c0ea
       28345000	      2735	80005798	8266	c.mv	x4,x25	  x0:0x00000000 x25:0x80035ce4  x4=0x80035ce4
       28715000	      2772	8000579a	02876ab3	rem	x21,x14,x8	 x14:0x00015d57  x8:0x00000004 x21=0x00000003
       28725000	      2773	8000579e	0095d0b3	srl	x1,x11,x9	 x11:0x0001c000  x9:0x00000001  x1=0x0000e000
       28735000	      2774	800057a2	4c79	c.li	x24,30	 x24=0x0000001e
       28745000	      2775	800057a4	a0dee813	ori	x16,x29,-1523	 x29:0x00000012 x16=0xfffffa1f
       28755000	      2776	800057a8	005d2a33	slt	x20,x26,x5	 x26:0x0000005d  x5:0x00000000 x20=0x00000000
       28765000	      2777	800057ac	01c73db3	sltu	x27,x14,x28	 x14:0x00015d57 x28:0x8001c0fd x27=0x00000001
       28775000	      2778	800057b0	c889	c.beqz	x9,800057c2	  x9:0x00000001
       28785000	      2779	800057b2	011340b3	xor	x1,x6,x17	  x6:0xfffffffe x17:0x0001c000  x1=0xfffe3ffe
       28795000	      2780	800057b6	038d9e63	bne	x27,x24,800057f2	 x27:0x00000001 x24:0x0000001e
       28825000	      2783	800057f2	01595193	srli	x3,x18,0x15	 x18:0x0000000b  x3=0x00000000
       28835000	      2784	800057f6	5d7df193	andi	x3,x27,1495	 x27:0x00000001  x3=0x00000001
       28865000	      2787	800057fa	035a0833	mul	x16,x20,x21	 x20:0x00000000 x21:0x00000003 x16=0x00000000
       28875000	      2788	800057fe	01791d13	slli	x26,x18,0x17	 x18:0x0000000b x26=0x05800000
       28885000	      2789	80005802	00c1ee33	or	x28,x3,x12	  x3:0x00000001 x12:0x800345fa x28=0x800345fb
       28895000	      2790	80005806	018f9663	bne	x31,x24,80005812	 x31:0x6ff6a586 x24:0x0000001e
       28915000	      2792	80005812	0f90	c.addi4spn	x12,x2,976	 x12=0x8001c233
       28955000	      2796	80005814	034bbf33	mulhu	x30,x23,x20	 x23:0x00000019 x20:0x00000000 x30=0x00000000
       28965000	      2797	80005818	696fc913	xori	x18,x31,1686	 x31:0x6ff6a586 x18=0x6ff6a310
       28975000	      2798	8000581c	0000100f	fence.i	
       28995000	      2800	80005820	3403e3f3	csrrsi	x7,mscratch,7	  x7=0x100b2459
       29005000	      2801	80005824	009b8c63	beq	x23,x9,8000583c	 x23:0x00000019  x9:0x00000001
       29015000	      2802	80005828	40f401b3	sub	x3,x8,x15	  x8:0x00000004 x15:0x8001c0e8  x3=0x7ffe3f1c
       29025000	      2803	8000582c	002c2ab3	slt	x21,x24,x2	 x24:0x0000001e  x2:0x8001be63 x21=0x00000000
       29035000	      2804	80005830	01e5db63	bge	x11,x30,80005846	 x11:0x0001c000 x30:0x00000000
       29065000	      2807	80005846	005eb533	sltu	x10,x29,x5	 x29:0x00000012  x5:0x00000000 x10=0x00000000
       29075000	      2808	8000584a	340b74f3	csrrci	x9,mscratch,22	  x9=0x100b245f
       29445000	      2845	8000584e	031c5db3	divu	x27,x24,x17	 x24:0x0000001e x17:0x0001c000 x27=0x00000000
       29455000	      2846	80005852	34016ef3	csrrsi	x29,mscratch,2	 x29=0x100b2449
       29465000	      2847	80005856	0011bd33	sltu	x26,x3,x1	  x3:0x7ffe3f1c  x1:0xfffe3ffe x26=0x00000001
       29475000	      2848	8000585a	3408d773	csrrwi	x14,mscratch,17	 x14=0x100b244b
       29485000	      2849	8000585e	0595	c.addi	x11,5	 x11:0x0001c000 x11=0x0001c005
       29495000	      2850	80005860	0001	c.addi	x0,0	  x0:0x00000000  x0=0x00000000
       29505000	      2851	80005862	0001	c.addi	x0,0	  x0:0x00000000  x0=0x00000000
       29515000	      2852	80005864	8ff1	c.and	x15,x12	 x15:0x8001c0e8 x12:0x8001c233 x15=0x8001c020
       29525000	      2853	80005866	61e5	c.lui	x3,0x19	  x3=0x00019000
       29535000	      2854	80005868	34002b73	csrrs	x22,mscratch,x0	  x0:0x00000000 x22=0x00000011
       29545000	      2855	8000586c	90b6	c.add	x1,x13	  x1:0xfffe3ffe x13:0x0000000b  x1=0xfffe4009
       29575000	      2858	8000586e	03d00633	mul	x12,x0,x29	  x0:0x00000000 x29:0x100b2449 x12=0x00000000
       29585000	      2859	80005872	995e	c.add	x18,x23	 x18:0x6ff6a310 x23:0x00000019 x18=0x6ff6a329
       29595000	      2860	80005874	418d	c.li	x3,3	  x3=0x00000003
       29965000	      2897	80005876	02fa6333	rem	x6,x20,x15	 x20:0x00000000 x15:0x8001c020  x6=0x00000000
       29975000	      2898	8000587a	d3babb93	sltiu	x23,x21,-709	 x21:0x00000000 x23=0x00000001
       29985000	      2899	8000587e	ce7e0693	addi	x13,x28,-793	 x28:0x800345fb x13=0x800342e2
       29995000	      2900	80005882	411adab3	sra	x21,x21,x17	 x21:0x00000000 x17:0x0001c000 x21=0x00000000
       30005000	      2901	80005886	00128663	beq	x5,x1,80005892	  x5:0x00000000  x1:0xfffe4009
       30015000	      2902	8000588a	002c8833	add	x16,x25,x2	 x25:0x80035ce4  x2:0x8001be63 x16=0x00051b47
       30025000	      2903	8000588e	0ff0000f	fence	iorw,iorw	
       30395000	      2940	80005892	02e47bb3	remu	x23,x8,x14	  x8:0x00000004 x14:0x100b244b x23=0x00000004
       30405000	      2941	80005896	00e31263	bne	x6,x14,8000589a	  x6:0x00000000 x14:0x100b244b
       30435000	      2944	8000589a	00b89863	bne	x17,x11,800058aa	 x17:0x0001c000 x11:0x0001c005
       30455000	      2946	800058aa	8315	c.srli	x14,0x5	 x14:0x100b244b x14=0x00805922
       30465000	      2947	800058ac	0000100f	fence.i	
       30485000	      2949	800058b0	0176	c.slli	x2,0x1d	  x2:0x8001be63  x2=0x60000000
       30495000	      2950	800058b2	870d	c.srai	x14,0x3	 x14:0x00805922 x14=0x00100b24
       30505000	      2951	800058b4	9676	c.add	x12,x29	 x12:0x00000000 x29:0x100b2449 x12=0x100b2449
       30515000	      2952	800058b6	99fd	c.andi	x11,-1	 x11:0x0001c005 x11=0x0001c005
       30525000	      2953	800058b8	6111	c.addi16sp	x2,256	  x2:0x60000000  x2=0x60000100
       30565000	      2957	800058ba	0302bd33	mulhu	x26,x5,x16	  x5:0x00000000 x16:0x00051b47 x26=0x00000000
       30935000	      2994	800058be	02e0f5b3	remu	x11,x1,x14	  x1:0xfffe4009 x14:0x00100b24 x11=0x000c85b9
       30945000	      2995	800058c2	51613a13	sltiu	x20,x2,1302	  x2:0x60000100 x20=0x00000000
       30955000	      2996	800058c6	8906	c.mv	x18,x1	  x0:0x00000000  x1:0xfffe4009 x18=0xfffe4009
       30965000	      2997	800058c8	01fb1ab3	sll	x21,x22,x31	 x22:0x00000011 x31:0x6ff6a586 x21=0x00000440
       31005000	      3001	800058cc	03473233	mulhu	x4,x14,x20	 x14:0x00100b24 x20:0x00000000  x4=0x00000000
       31015000	      3002	800058d0	00461a33	sll	x20,x12,x4	 x12:0x100b2449  x4:0x00000000 x20=0x100b2449
       31025000	      3003	800058d4	00a230b3	sltu	x1,x4,x10	  x4:0x00000000 x10:0x00000000  x1=0x00000000
       31035000	      3004	800058d8	340021f3	csrrs	x3,mscratch,x0	  x0:0x00000000  x3=0x00000011
       31045000	      3005	800058dc	4d7d	c.li	x26,31	 x26=0x0000001f
       31415000	      3042	800058de	03c6c8b3	div	x17,x13,x28	 x13:0x800342e2 x28:0x800345fb x17=0x00000001
       31425000	      3043	800058e2	8da1	c.xor	x11,x8	 x11:0x000c85b9  x8:0x00000004 x11=0x000c85bd
       31435000	      3044	800058e4	01e13eb3	sltu	x29,x2,x30	  x2:0x60000100 x30:0x00000000 x29=0x00000000
       31475000	      3048	800058e8	026224b3	mulhsu	x9,x4,x6	  x4:0x00000000  x6:0x00000000  x9=0x00000000
       31485000	      3049	800058ec	717d	c.addi16sp	x2,-16	  x2:0x60000100  x2=0x600000f0
       31495000	      3050	800058ee	01e1d933	srl	x18,x3,x30	  x3:0x00000011 x30:0x00000000 x18=0x00000011
       31505000	      3051	800058f2	e79d	c.bnez	x15,80005920	 x15:0x8001c020
       31525000	      3053	80005920	010d4133	xor	x2,x26,x16	 x26:0x0000001f x16:0x00051b47  x2=0x00051b58
       31535000	      3054	80005924	717d	c.addi16sp	x2,-16	  x2:0x00051b58  x2=0x00051b48
       31545000	      3055	80005926	868e3d93	sltiu	x27,x28,-1944	 x28:0x800345fb x27=0x00000001
       31555000	      3056	8000592a	01b39f33	sll	x30,x7,x27	  x7:0x100b2459 x27:0x00000001 x30=0x201648b2
       31565000	      3057	8000592e	852a	c.mv	x10,x10	  x0:0x00000000 x10:0x00000000 x10=0x00000000
       31575000	      3058	80005930	8d19	c.sub	x10,x14	 x10:0x00000000 x14:0x00100b24 x10=0xffeff4dc
       31585000	      3059	80005932	02f0d663	bge	x1,x15,8000595e	  x1:0x00000000 x15:0x8001c020
       31615000	      3062	8000595e	001bc463	blt	x23,x1,80005966	 x23:0x00000004  x1:0x00000000
       31625000	      3063	80005962	ce99	c.beqz	x13,80005980	 x13:0x800342e2
       31635000	      3064	80005964	58fd	c.li	x17,-1	 x17=0xffffffff
       31645000	      3065	80005966	03338f63	beq	x7,x19,800059a4	  x7:0x100b2459 x19:0x80031e54
       31655000	      3066	8000596a	de077593	andi	x11,x14,-544	 x14:0x00100b24 x11=0x00100920
       31665000	      3067	8000596e	719d1937	lui	x18,0x719d1	 x18=0x719d1000
       31675000	      3068	80005972	0001	c.addi	x0,0	  x0:0x00000000  x0=0x00000000
       31685000	      3069	80005974	20ec8713	addi	x14,x25,526	 x25:0x80035ce4 x14=0x80035ef2
       31695000	      3070	80005978	312c1f97	auipc	x31,0x312c1	 x31=0xb12c6978
       31705000	      3071	8000597c	00a78a63	beq	x15,x10,80005990	 x15:0x8001c020 x10:0xffeff4dc
       31715000	      3072	80005980	b83db693	sltiu	x13,x27,-1149	 x27:0x00000001 x13=0x00000001
       31725000	      3073	80005984	01c29a13	slli	x20,x5,0x1c	  x5:0x00000000 x20=0x00000000
       31735000	      3074	80005988	00099493	slli	x9,x19,0x0	 x19:0x80031e54  x9=0x80031e54
       31745000	      3075	8000598c	340f7073	csrrci	x0,mscratch,30	  x0=0x00000000
       31755000	      3076	80005990	0001	c.addi	x0,0	  x0:0x00000000  x0=0x00000000
       31765000	      3077	80005992	03a17f63	bgeu	x2,x26,800059d0	  x2:0x00051b48 x26:0x0000001f
       31785000	      3079	800059d0	169c	c.addi4spn	x15,x2,864	 x15=0x00051ea8
       31795000	      3080	800059d2	817a	c.mv	x2,x30	  x0:0x00000000 x30:0x201648b2  x2=0x201648b2
       31805000	      3081	800059d4	81bd	c.srli	x11,0xf	 x11:0x00100920 x11=0x00000020
       32175000	      3118	800059d6	03a45db3	divu	x27,x8,x26	  x8:0x00000004 x26:0x0000001f x27=0x00000000
       32185000	      3119	800059da	baa00c13	addi	x24,x0,-1110	  x0:0x00000000 x24=0xfffffbaa
       32195000	      3120	800059de	1bfd	c.addi	x23,-1	 x23:0x00000004 x23=0x00000003
       32205000	      3121	800059e0	03218763	beq	x3,x18,80005a0e	  x3:0x00000011 x18:0x719d1000
       32215000	      3122	800059e4	00bd9a93	slli	x21,x27,0xb	 x27:0x00000000 x21=0x00000000
       32225000	      3123	800059e8	0048aa33	slt	x20,x17,x4	 x17:0xffffffff  x4:0x00000000 x20=0x00000001
       32235000	      3124	800059ec	1c10	c.addi4spn	x12,x2,560	 x12=0x20164ae2
       32605000	      3161	800059ee	038d5933	divu	x18,x26,x24	 x26:0x0000001f x24:0xfffffbaa x18=0x00000000
       32615000	      3162	800059f2	198c	c.addi4spn	x11,x2,240	 x11=0x201649a2
       32625000	      3163	800059f4	8565	c.srai	x10,0x19	 x10:0xffeff4dc x10=0xffffffff
       32635000	      3164	800059f6	8ce1	c.and	x9,x8	  x9:0x80031e54  x8:0x00000004  x9=0x00000004
       32645000	      3165	800059f8	34003273	csrrc	x4,mscratch,x0	  x0:0x00000000  x4=0x00000001
       32655000	      3166	800059fc	0143f5b3	and	x11,x7,x20	  x7:0x100b2459 x20:0x00000001 x11=0x00000001
       32665000	      3167	80005a00	8e19	c.sub	x12,x14	 x12:0x20164ae2 x14:0x80035ef2 x12=0xa012ebf0
       33035000	      3204	80005a02	02e8d7b3	divu	x15,x17,x14	 x17:0xffffffff x14:0x80035ef2 x15=0x00000001
       33045000	      3205	80005a06	00c6e333	or	x6,x13,x12	 x13:0x00000001 x12:0xa012ebf0  x6=0xa012ebf1
       33055000	      3206	80005a0a	f81d6293	ori	x5,x26,-127	 x26:0x0000001f  x5=0xffffff9f
       33425000	      3243	80005a0e	03e2df33	divu	x30,x5,x30	  x5:0xffffff9f x30:0x201648b2 x30=0x00000007
       33435000	      3244	80005a12	058bf063	bgeu	x23,x24,80005a52	 x23:0x00000003 x24:0xfffffbaa
       33445000	      3245	80005a16	01751213	slli	x4,x10,0x17	 x10:0xffffffff  x4=0xff800000
       33455000	      3246	80005a1a	0001	c.addi	x0,0	  x0:0x00000000  x0=0x00000000
       33825000	      3283	80005a1c	02f8ce33	div	x28,x17,x15	 x17:0xffffffff x15:0x00000001 x28=0xffffffff
       33835000	      3284	80005a20	615d	c.addi16sp	x2,432	  x2:0x201648b2  x2=0x20164a62
       33845000	      3285	80005a22	66f9	c.lui	x13,0x1e	 x13=0x0001e000
       33855000	      3286	80005a24	0ff0000f	fence	iorw,iorw	
       33865000	      3287	80005a28	55fd	c.li	x11,-1	 x11=0xffffffff
       33875000	      3288	80005a2a	6487b6b7	lui	x13,0x6487b	 x13=0x6487b000
       33885000	      3289	80005a2e	3407faf3	csrrci	x21,mscratch,15	 x21=0x00000001
       33895000	      3290	80005a32	413cdc33	sra	x24,x25,x19	 x25:0x80035ce4 x19:0x80031e54 x24=0xfffff800
       33905000	      3291	80005a36	41a55713	srai	x14,x10,0x1a	 x10:0xffffffff x14=0xffffffff
       33915000	      3292	80005a3a	415e5fb3	sra	x31,x28,x21	 x28:0xffffffff x21:0x00000001 x31=0xffffffff
       33925000	      3293	80005a3e	8fc9	c.or	x15,x10	 x15:0x00000001 x10:0xffffffff x15=0xffffffff
       33935000	      3294	80005a40	34002f73	csrrs	x30,mscratch,x0	  x0:0x00000000 x30=0x00000000
       33945000	      3295	80005a44	3754e913	ori	x18,x9,885	  x9:0x00000004 x18=0x00000375
       33955000	      3296	80005a48	1ffd	c.addi	x31,-1	 x31:0xffffffff x31=0xfffffffe
       33965000	      3297	80005a4a	80ad	c.srli	x9,0xb	  x9:0x00000004  x9=0x00000000
       33975000	      3298	80005a4c	01736eb3	or	x29,x6,x23	  x6:0xa012ebf1 x23:0x00000003 x29=0xa012ebf3
       33985000	      3299	80005a50	969a	c.add	x13,x6	 x13:0x6487b000  x6:0xa012ebf1 x13=0x049a9bf1
       33995000	      3300	80005a52	f9047793	andi	x15,x8,-112	  x8:0x00000004 x15=0x00000000
       34365000	      3337	80005a56	02b97533	remu	x10,x18,x11	 x18:0x00000375 x11:0xffffffff x10=0x00000375
       34375000	      3338	80005a5a	e08fbf93	sltiu	x31,x31,-504	 x31:0xfffffffe x31=0x00000000
       34385000	      3339	80005a5e	01f1	c.addi	x3,28	  x3:0x00000011  x3=0x0000002d
       34395000	      3340	80005a60	4cd6a293	slti	x5,x13,1229	 x13:0x049a9bf1  x5=0x00000000
       34405000	      3341	80005a64	5b7d	c.li	x22,-1	 x22=0xffffffff
       34415000	      3342	80005a66	01fcc763	blt	x25,x31,80005a74	 x25:0x80035ce4 x31:0x00000000
       34435000	      3344	80005a74	0c8c	c.addi4spn	x11,x2,592	 x11=0x20164cb2
       34445000	      3345	80005a76	00cae8b3	or	x17,x21,x12	 x21:0x00000001 x12:0xa012ebf0 x17=0xa012ebf1
       34455000	      3346	80005a7a	0000100f	fence.i	
       34495000	      3350	80005a7e	0205e0b3	rem	x1,x11,x0	 x11:0x20164cb2  x0:0x00000000  x1=0x20164cb2
       34505000	      3351	80005a82	3401a273	csrrs	x4,mscratch,x3	  x3:0x0000002d  x4=0x00000000
       34515000	      3352	80005a86	34059273	csrrw	x4,mscratch,x11	 x11:0x20164cb2  x4=0x0000002d
       34525000	      3353	80005a8a	0962	c.slli	x18,0x18	 x18:0x00000375 x18=0x75000000
       34535000	      3354	80005a8c	0093dd63	bge	x7,x9,80005aa6	  x7:0x100b2459  x9:0x00000000
       34555000	      3356	80005aa6	0284	c.addi4spn	x9,x2,320	  x9=0x20164ba2
       34565000	      3357	80005aa8	8da9	c.xor	x11,x10	 x11:0x20164cb2 x10:0x00000375 x11=0x20164fc7
       34575000	      3358	80005aaa	03eed663	bge	x29,x30,80005ad6	 x29:0xa012ebf3 x30:0x00000000
       34585000	      3359	80005aae	cc89	c.beqz	x9,80005ac8	  x9:0x20164ba2
       34595000	      3360	80005ab0	6804f813	andi	x16,x9,1664	  x9:0x20164ba2 x16=0x00000280
       34605000	      3361	80005ab4	d7bd4513	xori	x10,x26,-645	 x26:0x0000001f x10=0xfffffd64
       34615000	      3362	80005ab8	34003073	csrrc	x0,mscratch,x0	  x0:0x00000000  x0=0x00000000
       34625000	      3363	80005abc	0001	c.addi	x0,0	  x0:0x00000000  x0=0x00000000
       34635000	      3364	80005abe	ce1d	c.beqz	x12,80005afc	 x12:0xa012ebf0
       34645000	      3365	80005ac0	b184fc13	andi	x24,x9,-1256	  x9:0x20164ba2 x24=0x20164b00
       34655000	      3366	80005ac4	403f5b93	srai	x23,x30,0x3	 x30:0x00000000 x23=0x00000000
       34665000	      3367	80005ac8	01668ab3	add	x21,x13,x22	 x13:0x049a9bf1 x22:0xffffffff x21=0x049a9bf0
       34675000	      3368	80005acc	8baa	c.mv	x23,x10	  x0:0x00000000 x10:0xfffffd64 x23=0xfffffd64
       34685000	      3369	80005ace	40cc5233	sra	x4,x24,x12	 x24:0x20164b00 x12:0xa012ebf0  x4=0x00002016
       34695000	      3370	80005ad2	41828733	sub	x14,x5,x24	  x5:0x00000000 x24:0x20164b00 x14=0xdfe9b500
       34705000	      3371	80005ad6	02831363	bne	x6,x8,80005afc	  x6:0xa012ebf1  x8:0x00000004
       34725000	      3373	80005afc	12bfee93	ori	x29,x31,299	 x31:0x00000000 x29=0x0000012b
       34735000	      3374	80005b00	027c9563	bne	x25,x7,80005b2a	 x25:0x80035ce4  x7:0x100b2459
       34765000	      3377	80005b2a	58357693	andi	x13,x10,1411	 x10:0xfffffd64 x13=0x00000500
       34775000	      3378	80005b2e	340968f3	csrrsi	x17,mscratch,18	 x17=0x20164cb2
       34785000	      3379	80005b32	8d89	c.sub	x11,x10	 x11:0x20164fc7 x10:0xfffffd64 x11=0x20165263
       34795000	      3380	80005b34	8e59	c.or	x12,x14	 x12:0xa012ebf0 x14:0xdfe9b500 x12=0xfffbfff0
       34825000	      3383	80005b36	037f8ab3	mul	x21,x31,x23	 x31:0x00000000 x23:0xfffffd64 x21=0x00000000
       34835000	      3384	80005b3a	00e4dd93	srli	x27,x9,0xe	  x9:0x20164ba2 x27=0x00008059
       34845000	      3385	80005b3e	00569733	sll	x14,x13,x5	 x13:0x00000500  x5:0x00000000 x14=0x00000500
       34855000	      3386	80005b42	03050a63	beq	x10,x16,80005b76	 x10:0xfffffd64 x16:0x00000280
       34865000	      3387	80005b46	0058bfb3	sltu	x31,x17,x5	 x17:0x20164cb2  x5:0x00000000 x31=0x00000000
       34875000	      3388	80005b4a	011370b3	and	x1,x6,x17	  x6:0xa012ebf1 x17:0x20164cb2  x1=0x201248b0
       34885000	      3389	80005b4e	0000100f	fence.i	
       34915000	      3392	80005b52	01839663	bne	x7,x24,80005b5e	  x7:0x100b2459 x24:0x20164b00
       34945000	      3395	80005b5e	0171cab3	xor	x21,x3,x23	  x3:0x0000002d x23:0xfffffd64 x21=0xfffffd49
       34985000	      3399	80005b62	027832b3	mulhu	x5,x16,x7	 x16:0x00000280  x7:0x100b2459  x5=0x00000028
       35025000	      3403	80005b66	03ce1f33	mulh	x30,x28,x28	 x28:0xffffffff x28:0xffffffff x30=0x00000000
       35035000	      3404	80005b6a	5bcfa093	slti	x1,x31,1468	 x31:0x00000000  x1=0x00000001
       35045000	      3405	80005b6e	0000100f	fence.i	
       35075000	      3408	80005b72	009f22b3	slt	x5,x30,x9	 x30:0x00000000  x9:0x20164ba2  x5=0x00000001
       35085000	      3409	80005b76	3402bff3	csrrc	x31,mscratch,x5	  x5:0x00000001 x31=0x20164cb2
       35095000	      3410	80005b7a	6c71	c.lui	x24,0x1c	 x24=0x0001c000
       35105000	      3411	80005b7c	016d0633	add	x12,x26,x22	 x26:0x0000001f x22:0xffffffff x12=0x0000001e
       35115000	      3412	80005b80	340a1973	csrrw	x18,mscratch,x20	 x20:0x00000001 x18=0x20164cb2
       35125000	      3413	80005b84	edc9e793	ori	x15,x19,-292	 x19:0x80031e54 x15=0xfffffedc
       35135000	      3414	80005b88	0ff0000f	fence	iorw,iorw	
       35145000	      3415	80005b8c	ed99	c.bnez	x11,80005baa	 x11:0x20165263
       35175000	      3418	80005baa	fd809797	auipc	x15,0xfd809	 x15=0x7d80ebaa
       35185000	      3419	80005bae	ca9c9197	auipc	x3,0xca9c9	  x3=0x4a9cebae
       35225000	      3423	80005bb2	0263b733	mulhu	x14,x7,x6	  x7:0x100b2459  x6:0xa012ebf1 x14=0x0a082649
       35235000	      3424	80005bb6	8f15	c.sub	x14,x13	 x14:0x0a082649 x13:0x00000500 x14=0x0a082149
       35245000	      3425	80005bb8	5ba8b737	lui	x14,0x5ba8b	 x14=0x5ba8b000
       35255000	      3426	80005bbc	f5b98193	addi	x3,x19,-165	 x19:0x80031e54  x3=0x80031daf
       35265000	      3427	80005bc0	01c22133	slt	x2,x4,x28	  x4:0x00002016 x28:0xffffffff  x2=0x00000000
       35275000	      3428	80005bc4	01aa5263	bge	x20,x26,80005bc8	 x20:0x00000001 x26:0x0000001f
       35285000	      3429	80005bc8	00ce0033	add	x0,x28,x12	 x28:0xffffffff x12:0x0000001e  x0=0x00000000
       35295000	      3430	80005bcc	0000100f	fence.i	
       35315000	      3432	80005bd0	950a	c.add	x10,x2	 x10:0xfffffd64  x2:0x00000000 x10=0xfffffd64
       35325000	      3433	80005bd2	8731	c.srai	x14,0xc	 x14:0x5ba8b000 x14=0x0005ba8b
       35335000	      3434	80005bd4	34017673	csrrci	x12,mscratch,2	 x12=0x00000001
       35345000	      3435	80005bd8	34002ef3	csrrs	x29,mscratch,x0	  x0:0x00000000 x29=0x00000001
       35355000	      3436	80005bdc	41f05ab3	sra	x21,x0,x31	  x0:0x00000000 x31:0x20164cb2 x21=0x00000000
       35365000	      3437	80005be0	340697f3	csrrw	x15,mscratch,x13	 x13:0x00000500 x15=0x00000001
       35375000	      3438	80005be4	ef8d	c.bnez	x15,80005c1e	 x15:0x00000001
       35405000	      3441	80005c1e	0158a833	slt	x16,x17,x21	 x17:0x20164cb2 x21:0x00000000 x16=0x00000000
       35415000	      3442	80005c22	03048063	beq	x9,x16,80005c42	  x9:0x20164ba2 x16:0x00000000
       35425000	      3443	80005c26	0110f593	andi	x11,x1,17	  x1:0x00000001 x11=0x00000001
       35435000	      3444	80005c2a	003b5693	srli	x13,x22,0x3	 x22:0xffffffff x13=0x1fffffff
       35805000	      3481	80005c2e	0362d4b3	divu	x9,x5,x22	  x5:0x00000001 x22:0xffffffff  x9=0x00000000
       35815000	      3482	80005c32	0344e863	bltu	x9,x20,80005c62	  x9:0x00000000 x20:0x00000001
       35835000	      3484	80005c62	ed81	c.bnez	x11,80005c7a	 x11:0x00000001
       35865000	      3487	80005c7a	3406d073	csrrwi	x0,mscratch,13	  x0=0x00000000
       35875000	      3488	80005c7e	2dd5c513	xori	x10,x11,733	 x11:0x00000001 x10=0x000002dc
       35885000	      3489	80005c82	34002173	csrrs	x2,mscratch,x0	  x0:0x00000000  x2=0x0000000d
       35895000	      3490	80005c86	034b6563	bltu	x22,x20,80005cb0	 x22:0xffffffff x20:0x00000001
       35935000	      3494	80005c8a	03e22c33	mulhsu	x24,x4,x30	  x4:0x00002016 x30:0x00000000 x24=0x00000000
       35945000	      3495	80005c8e	01631933	sll	x18,x6,x22	  x6:0xa012ebf1 x22:0xffffffff x18=0x80000000
       35955000	      3496	80005c92	8799	c.srai	x15,0x6	 x15:0x00000001 x15=0x00000000
       36325000	      3533	80005c94	0249c733	div	x14,x19,x4	 x19:0x80031e54  x4:0x00002016 x14=0xfffc02d7
       36335000	      3534	80005c98	8aad	c.andi	x13,11	 x13:0x1fffffff x13=0x0000000b
       36345000	      3535	80005c9a	8cc1	c.or	x9,x8	  x9:0x00000000  x8:0x00000004  x9=0x00000004
       36355000	      3536	80005c9c	340fd973	csrrwi	x18,mscratch,31	 x18=0x0000000d
       36365000	      3537	80005ca0	1beba113	slti	x2,x23,446	 x23:0xfffffd64  x2=0x00000001
       36375000	      3538	80005ca4	0001	c.addi	x0,0	  x0:0x00000000  x0=0x00000000
       36385000	      3539	80005ca6	03316f63	bltu	x2,x19,80005ce4	  x2:0x00000001 x19:0x80031e54
       36405000	      3541	80005ce4	14cee613	ori	x12,x29,332	 x29:0x00000001 x12=0x0000014d
       36415000	      3542	80005ce8	8a7ead13	slti	x26,x29,-1881	 x29:0x00000001 x26=0x00000000
       36425000	      3543	80005cec	86d5	c.srai	x13,0x15	 x13:0x0000000b x13=0x00000000
       36435000	      3544	80005cee	717d	c.addi16sp	x2,-16	  x2:0x00000001  x2=0xfffffff1
       36445000	      3545	80005cf0	15fd	c.addi	x11,-1	 x11:0x00000001 x11=0x00000000
       36455000	      3546	80005cf2	e699	c.bnez	x13,80005d00	 x13:0x00000000
       36465000	      3547	80005cf4	00defdb3	and	x27,x29,x13	 x29:0x00000001 x13:0x00000000 x27=0x00000000
       36475000	      3548	80005cf8	340595f3	csrrw	x11,mscratch,x11	 x11:0x00000000 x11=0x0000001f
       36485000	      3549	80005cfc	41d50233	sub	x4,x10,x29	 x10:0x000002dc x29:0x00000001  x4=0x000002db
       36495000	      3550	80005d00	613d	c.addi16sp	x2,480	  x2:0xfffffff1  x2=0x000001d1
       36505000	      3551	80005d02	012a1e13	slli	x28,x20,0x12	 x20:0x00000001 x28=0x00040000
       36515000	      3552	80005d06	e0bebb97	auipc	x23,0xe0beb	 x23=0x60bf0d06
       36525000	      3553	80005d0a	9f132393	slti	x7,x6,-1551	  x6:0xa012ebf1  x7=0x00000001
       36535000	      3554	80005d0e	407edd13	srai	x26,x29,0x7	 x29:0x00000001 x26=0x00000000
       36545000	      3555	80005d12	340bddf3	csrrwi	x27,mscratch,23	 x27=0x00000000
       36555000	      3556	80005d16	118c	c.addi4spn	x11,x2,224	 x11=0x000002b1
       36565000	      3557	80005d18	40c180b3	sub	x1,x3,x12	  x3:0x80031daf x12:0x0000014d  x1=0x80031c62
       36575000	      3558	80005d1c	1088	c.addi4spn	x10,x2,96	 x10=0x00000231
       36585000	      3559	80005d1e	01251893	slli	x17,x10,0x12	 x10:0x00000231 x17=0x08c40000
       36595000	      3560	80005d22	002bfa33	and	x20,x23,x2	 x23:0x60bf0d06  x2:0x000001d1 x20=0x00000100
       36605000	      3561	80005d26	1004	c.addi4spn	x9,x2,32	  x9=0x000001f1
       36615000	      3562	80005d28	01429133	sll	x2,x5,x20	  x5:0x00000001 x20:0x00000100  x2=0x00000001
       36625000	      3563	80005d2c	117d	c.addi	x2,-1	  x2:0x00000001  x2=0x00000000
       36655000	      3566	80005d2e	03c00b33	mul	x22,x0,x28	  x0:0x00000000 x28:0x00040000 x22=0x00000000
       36665000	      3567	80005d32	011e6e33	or	x28,x28,x17	 x28:0x00040000 x17:0x08c40000 x28=0x08c40000
       36675000	      3568	80005d36	4160d313	srai	x6,x1,0x16	  x1:0x80031c62  x6=0xfffffe00
       36705000	      3571	80005d3a	02c70833	mul	x16,x14,x12	 x14:0xfffc02d7 x12:0x0000014d x16=0xfacfb1ab
       36715000	      3572	80005d3e	839f7893	andi	x17,x30,-1991	 x30:0x00000000 x17=0x00000000
       36725000	      3573	80005d42	8f25	c.xor	x14,x9	 x14:0xfffc02d7  x9:0x000001f1 x14=0xfffc0326
       36735000	      3574	80005d44	011b5693	srli	x13,x22,0x11	 x22:0x00000000 x13=0x00000000
       36775000	      3578	80005d48	021cb233	mulhu	x4,x25,x1	 x25:0x80035ce4  x1:0x80031c62  x4=0x40033cad
       36785000	      3579	80005d4c	8ecd	c.or	x13,x11	 x13:0x00000000 x11:0x000002b1 x13=0x000002b1
       36795000	      3580	80005d4e	8309	c.srli	x14,0x2	 x14:0xfffc0326 x14=0x3fff00c9
       36835000	      3584	80005d50	0269a1b3	mulhsu	x3,x19,x6	 x19:0x80031e54  x6:0xfffffe00  x3=0x80031f53
       36845000	      3585	80005d54	98ea	c.add	x17,x26	 x17:0x00000000 x26:0x00000000 x17=0x00000000
       36855000	      3586	80005d56	84fd	c.srai	x9,0x1f	  x9:0x000001f1  x9=0x00000000
       36865000	      3587	80005d58	87e9	c.srai	x15,0x1a	 x15:0x00000000 x15=0x00000000
       36875000	      3588	80005d5a	0049a083	lw	x1,4(x19)	 x19:0x80031e54  x1=0x80003494 PA:0x80031e58 load:0x80003494
       36885000	      3589	80005d5e	9f92	c.add	x31,x4	 x31:0x20164cb2  x4:0x40033cad x31=0x6019895f
       36895000	      3590	80005d60	09c1	c.addi	x19,16	 x19:0x80031e54 x19=0x80031e64
       36905000	      3591	80005d62	0000100f	fence.i	
       36925000	      3593	80005d66	0001	c.addi	x0,0	  x0:0x00000000  x0=0x00000000
       36935000	      3594	80005d68	010c5733	srl	x14,x24,x16	 x24:0x00000000 x16:0xfacfb1ab x14=0x00000000
       36945000	      3595	80005d6c	0951	c.addi	x18,20	 x18:0x0000000d x18=0x00000021
       36955000	      3596	80005d6e	0001	c.addi	x0,0	  x0:0x00000000  x0=0x00000000
       36965000	      3597	80005d70	0111db13	srli	x22,x3,0x11	  x3:0x80031f53 x22=0x00004001
       36975000	      3598	80005d74	00b3c133	xor	x2,x7,x11	  x7:0x00000001 x11:0x000002b1  x2=0x000002b0
       36985000	      3599	80005d78	00108113	addi	x2,x1,1	  x1:0x80003494  x2=0x80003495
       36995000	      3600	80005d7c	00010167	jalr	x2,0(x2)	  x2:0x80003495  x2=0x80005d80
       37015000	      3602	80003494	0001aa97	auipc	x21,0x1a	 x21=0x8001d494
       37025000	      3603	80003498	a1fa8a93	addi	x21,x21,-1505	 x21:0x8001d494 x21=0x8001ceb3
       37035000	      3604	8000349c	08aa8aa3	sb	x10,149(x21)	 x21:0x8001ceb3 x10:0x00000231 PA:0x8001cf48 store:0x00000231 load:0x00000000
       37075000	      3608	800034a0	027e3fb3	mulhu	x31,x28,x7	 x28:0x08c40000  x7:0x00000001 x31=0x00000000
       37085000	      3609	800034a4	095aa583	lw	x11,149(x21)	 x21:0x8001ceb3 x11=0x00010231 PA:0x8001cf48 load:0x00010231
       37095000	      3610	800034a8	095a9303	lh	x6,149(x21)	 x21:0x8001ceb3  x6=0x00000231 PA:0x8001cf48 load:0x00000231
       37105000	      3611	800034ac	095ac283	lbu	x5,149(x21)	 x21:0x8001ceb3  x5=0x00000031 PA:0x8001cf48 load:0x00000031
       37115000	      3612	800034b0	08fa8aa3	sb	x15,149(x21)	 x21:0x8001ceb3 x15:0x00000000 PA:0x8001cf48 store:0x00000000 load:0x00000000
       37125000	      3613	800034b4	097a9aa3	sh	x23,149(x21)	 x21:0x8001ceb3 x23:0x60bf0d06 PA:0x8001cf48 store:0x60bf0d06 load:0x00000000
       37135000	      3614	800034b8	081a8aa3	sb	x1,149(x21)	 x21:0x8001ceb3  x1:0x80003494 PA:0x8001cf48 store:0x80003494 load:0x00000000
       37145000	      3615	800034bc	095ac703	lbu	x14,149(x21)	 x21:0x8001ceb3 x14=0x00000094 PA:0x8001cf48 load:0x00000094
       37155000	      3616	800034c0	095ade03	lhu	x28,149(x21)	 x21:0x8001ceb3 x28=0x00000d94 PA:0x8001cf48 load:0x00000d94
       37165000	      3617	800034c4	087aaaa3	sw	x7,149(x21)	 x21:0x8001ceb3  x7:0x00000001 PA:0x8001cf48 store:0x00000001 load:0x00000000
       37175000	      3618	800034c8	095a8b83	lb	x23,149(x21)	 x21:0x8001ceb3 x23=0x00000001 PA:0x8001cf48 load:0x00000001
       37185000	      3619	800034cc	095a9503	lh	x10,149(x21)	 x21:0x8001ceb3 x10=0x00000001 PA:0x8001cf48 load:0x00000001
       37195000	      3620	800034d0	097a8aa3	sb	x23,149(x21)	 x21:0x8001ceb3 x23:0x00000001 PA:0x8001cf48 store:0x00000001 load:0x00000000
       37205000	      3621	800034d4	836ead13	slti	x26,x29,-1994	 x29:0x00000001 x26=0x00000000
       37215000	      3622	800034d8	6b85	c.lui	x23,0x1	 x23=0x00001000
       37225000	      3623	800034da	8255	c.srli	x12,0x15	 x12:0x0000014d x12=0x00000000
       37235000	      3624	800034dc	095a9e83	lh	x29,149(x21)	 x21:0x8001ceb3 x29=0x00000001 PA:0x8001cf48 load:0x00000001
       37245000	      3625	800034e0	095a9483	lh	x9,149(x21)	 x21:0x8001ceb3  x9=0x00000001 PA:0x8001cf48 load:0x00000001
       37255000	      3626	800034e4	095a9883	lh	x17,149(x21)	 x21:0x8001ceb3 x17=0x00000001 PA:0x8001cf48 load:0x00000001
       37265000	      3627	800034e8	095ad783	lhu	x15,149(x21)	 x21:0x8001ceb3 x15=0x00000001 PA:0x8001cf48 load:0x00000001
       37285000	      3629	800034ec	08fa9aa3	sh	x15,149(x21)	 x21:0x8001ceb3 x15:0x00000001 PA:0x8001cf48 store:0x00000001 load:0x00000000
       37295000	      3630	800034f0	00020e17	auipc	x28,0x20	 x28=0x800234f0
       37305000	      3631	800034f4	6fde0e13	addi	x28,x28,1789	 x28:0x800234f0 x28=0x80023bed
       37315000	      3632	800034f8	1197e613	ori	x12,x15,281	 x15:0x00000001 x12=0x00000119
       37325000	      3633	800034fc	0012da93	srli	x21,x5,0x1	  x5:0x00000031 x21=0x00000018
       37335000	      3634	80003500	4109	c.li	x2,2	  x2=0x00000002
       37345000	      3635	80003502	40398833	sub	x16,x19,x3	 x19:0x80031e64  x3:0x80031f53 x16=0xffffff11
       37355000	      3636	80003506	f27e5683	lhu	x13,-217(x28)	 x28:0x80023bed x13=0x0000cecf PA:0x80023b14 load:0x0000cecf
       37365000	      3637	8000350a	8105	c.srli	x10,0x1	 x10:0x00000001 x10=0x00000000
       37375000	      3638	8000350c	cd147737	lui	x14,0xcd147	 x14=0xcd147000
       37385000	      3639	80003510	fa5e0da3	sb	x5,-69(x28)	 x28:0x80023bed  x5:0x00000031 PA:0x80023ba8 store:0x00000031 load:0x00000000
       37395000	      3640	80003514	8d01	c.sub	x10,x8	 x10:0x00000000  x8:0x00000004 x10=0xfffffffc
       37415000	      3642	80003516	f6de2b83	lw	x23,-147(x28)	 x28:0x80023bed x23=0x169e9f98 PA:0x80023b5a load:0x169e9f98
       37425000	      3643	8000351a	01c39213	slli	x4,x7,0x1c	  x7:0x00000001  x4=0x10000000
       37435000	      3644	8000351e	340022f3	csrrs	x5,mscratch,x0	  x0:0x00000000  x5=0x00000017
       37445000	      3645	80003522	8dfd	c.and	x11,x15	 x11:0x00010231 x15:0x00000001 x11=0x00000001
       37455000	      3646	80003524	6125	c.addi16sp	x2,96	  x2:0x00000002  x2=0x00000062
       37465000	      3647	80003526	048e5e83	lhu	x29,72(x28)	 x28:0x80023bed x29=0x0000edee PA:0x80023c35 load:0x0000edee
       37475000	      3648	8000352a	f44e1623	sh	x4,-180(x28)	 x28:0x80023bed  x4:0x10000000 PA:0x80023b39 store:0x10000000 load:0x00000000
       37515000	      3652	8000352e	02cca033	mulhsu	x0,x25,x12	 x25:0x80035ce4 x12:0x00000119  x0=0x00000000
       37525000	      3653	80003532	00e235b3	sltu	x11,x4,x14	  x4:0x10000000 x14:0xcd147000 x11=0x00000001
       37535000	      3654	80003536	06ae0723	sb	x10,110(x28)	 x28:0x80023bed x10:0xfffffffc PA:0x80023c5b store:0xfffffffc load:0x00000000
       37545000	      3655	8000353a	404f5ab3	sra	x21,x30,x4	 x30:0x00000000  x4:0x10000000 x21=0x00000000
       37555000	      3656	8000353e	a6d055b7	lui	x11,0xa6d05	 x11=0xa6d05000
       37595000	      3660	80003542	03fcbeb3	mulhu	x29,x25,x31	 x25:0x80035ce4 x31:0x00000000 x29=0x00000000
       37605000	      3661	80003546	9485a693	slti	x13,x11,-1720	 x11:0xa6d05000 x13=0x00000001
       37615000	      3662	8000354a	1cce3937	lui	x18,0x1cce3	 x18=0x1cce3000
       37985000	      3699	8000354e	025351b3	divu	x3,x6,x5	  x6:0x00000231  x5:0x00000017  x3=0x00000018
       37995000	      3700	80003552	cee77113	andi	x2,x14,-786	 x14:0xcd147000  x2=0xcd147000
       38015000	      3702	80003556	0abe2423	sw	x11,168(x28)	 x28:0x80023bed x11:0xa6d05000 PA:0x80023c95 store:0xa6d05000 load:0x009f9899
       38025000	      3703	8000355a	ff5e5583	lhu	x11,-11(x28)	 x28:0x80023bed x11=0x00009899 PA:0x80023be2 load:0x00009899
       38035000	      3704	8000355e	0173f8b3	and	x17,x7,x23	  x7:0x00000001 x23:0x169e9f98 x17=0x00000000
       38045000	      3705	80003562	0f227097	auipc	x1,0xf227	  x1=0x8f22a562
       38055000	      3706	80003566	fc194613	xori	x12,x18,-63	 x18:0x1cce3000 x12=0xe331cfc1
       38065000	      3707	8000356a	f16e1ca3	sh	x22,-231(x28)	 x28:0x80023bed x22:0x00004001 PA:0x80023b06 store:0x00004001 load:0x00000000
       38075000	      3708	8000356e	40485493	srai	x9,x16,0x4	 x16:0xffffff11  x9=0xfffffff1
       38085000	      3709	80003572	0001	c.addi	x0,0	  x0:0x00000000  x0=0x00000000
       38115000	      3712	80003574	029a01b3	mul	x3,x20,x9	 x20:0x00000100  x9:0xfffffff1  x3=0xfffff100
       38125000	      3713	80003578	00055133	srl	x2,x10,x0	 x10:0xfffffffc  x0:0x00000000  x2=0xfffffffc
       38135000	      3714	8000357c	00970333	add	x6,x14,x9	 x14:0xcd147000  x9:0xfffffff1  x6=0xcd146ff1
       38145000	      3715	80003580	01c75393	srli	x7,x14,0x1c	 x14:0xcd147000  x7=0x0000000c
       38155000	      3716	80003584	f98e2fa3	sw	x24,-97(x28)	 x28:0x80023bed x24:0x00000000 PA:0x80023b8c store:0x00000000 load:0x00000000
       38175000	      3718	80003588	0e4e2683	lw	x13,228(x28)	 x28:0x80023bed x13=0x8f88898a PA:0x80023cd1 load:0x8f88898a
       38185000	      3719	8000358c	00025c17	auipc	x24,0x25	 x24=0x8002858c
       38195000	      3720	80003590	3a8c0c13	addi	x24,x24,936	 x24:0x8002858c x24=0x80028934
       38205000	      3721	80003594	d7b83013	sltiu	x0,x16,-645	 x16:0xffffff11  x0=0x00000000
       38215000	      3722	80003598	fd9c1283	lh	x5,-39(x24)	 x24:0x80028934  x5=0xffffc5c6 PA:0x8002890d load:0xffffc5c6
       38225000	      3723	8000359c	4111d893	srai	x17,x3,0x11	  x3:0xfffff100 x17=0xffffffff
       38265000	      3727	800035a0	03c2a3b3	mulhsu	x7,x5,x28	  x5:0xffffc5c6 x28:0x80023bed  x7=0xffffe2e2
       38275000	      3728	800035a4	f84c1803	lh	x16,-124(x24)	 x24:0x80028934 x16=0x00007273 PA:0x800288b8 load:0x00007273
       38285000	      3729	800035a8	051c1f83	lh	x31,81(x24)	 x24:0x80028934 x31=0x00003d3e PA:0x80028985 load:0x00003d3e
       38305000	      3731	800035ac	f73c5a03	lhu	x20,-141(x24)	 x24:0x80028934 x20=0x0000635c PA:0x800288a7 load:0x0000635c
       38325000	      3733	800035b0	f73c2283	lw	x5,-141(x24)	 x24:0x80028934  x5=0x6162635c PA:0x800288a7 load:0x6162635c
       38345000	      3735	800035b4	f17c2383	lw	x7,-233(x24)	 x24:0x80028934  x7=0x05060700 PA:0x8002884b load:0x05060700
       38365000	      3737	800035b8	0c0c2fa3	sw	x0,223(x24)	 x24:0x80028934  x0:0x00000000 PA:0x80028a13 store:0x00000000 load:0x00000000
       38375000	      3738	800035bc	00779593	slli	x11,x15,0x7	 x15:0x00000001 x11=0x00000080
       38395000	      3740	800035c0	f35c2f03	lw	x30,-203(x24)	 x24:0x80028934 x30=0x27202122 PA:0x80028869 load:0x27202122
       38405000	      3741	800035c4	f35c5803	lhu	x16,-203(x24)	 x24:0x80028934 x16=0x00002122 PA:0x80028869 load:0x00002122
       38415000	      3742	800035c8	f05c5183	lhu	x3,-251(x24)	 x24:0x80028934  x3=0x0000f1f2 PA:0x80028839 load:0x0000f1f2
       38425000	      3743	800035cc	05ac0783	lb	x15,90(x24)	 x24:0x80028934 x15=0x00000045 PA:0x8002898e load:0x00000045
       38445000	      3745	800035d0	0e3c1f83	lh	x31,227(x24)	 x24:0x80028934 x31=0xffffd3cc PA:0x80028a17 load:0xffffd3cc
       38455000	      3746	800035d4	0001bc17	auipc	x24,0x1b	 x24=0x8001e5d4
       38465000	      3747	800035d8	13dc0c13	addi	x24,x24,317	 x24:0x8001e5d4 x24=0x8001e711
       38475000	      3748	800035dc	00ac0203	lb	x4,10(x24)	 x24:0x8001e711  x4=0xffffffd0 PA:0x8001e71b load:0xffffffd0
       38485000	      3749	800035e0	000c4d03	lbu	x26,0(x24)	 x24:0x8001e711 x26=0x000000ca PA:0x8001e711 load:0x000000ca
       38495000	      3750	800035e4	00bc1023	sh	x11,0(x24)	 x24:0x8001e711 x11:0x00000080 PA:0x8001e711 store:0x00000080 load:0x00000000
       38505000	      3751	800035e8	ff1c5483	lhu	x9,-15(x24)	 x24:0x8001e711  x9=0x0000b8b9 PA:0x8001e702 load:0x0000b8b9
       38515000	      3752	800035ec	007c5883	lhu	x17,7(x24)	 x24:0x8001e711 x17=0x0000d2d3 PA:0x8001e718 load:0x0000d2d3
       38535000	      3754	800035f0	01d8d913	srli	x18,x17,0x1d	 x17:0x0000d2d3 x18=0x00000000
       38545000	      3755	800035f4	ffbc0283	lb	x5,-5(x24)	 x24:0x8001e711  x5=0xffffffc7 PA:0x8001e70c load:0xffffffc7
       38565000	      3757	800035f8	ff2c5083	lhu	x1,-14(x24)	 x24:0x8001e711  x1=0x0000bfb8 PA:0x8001e703 load:0x0000bfb8
       38575000	      3758	800035fc	fffc1d03	lh	x26,-1(x24)	 x24:0x8001e711 x26=0xffff80cb PA:0x8001e710 load:0xffff80cb
       38585000	      3759	80003600	ff6c1ea3	sh	x22,-3(x24)	 x24:0x8001e711 x22:0x00004001 PA:0x8001e70e store:0x00004001 load:0x00000000
       38605000	      3761	80003604	fecc2ea3	sw	x12,-3(x24)	 x24:0x8001e711 x12:0xe331cfc1 PA:0x8001e70e store:0xe331cfc1 load:0x0000b8b9
       38615000	      3762	80003608	ffdc4e03	lbu	x28,-3(x24)	 x24:0x8001e711 x28=0x000000c1 PA:0x8001e70e load:0x000000c1
       38635000	      3764	8000360c	013c2323	sw	x19,6(x24)	 x24:0x8001e711 x19:0x80031e64 PA:0x8001e717 store:0x80031e64 load:0x000000b8
       38655000	      3766	80003610	ff4c2d03	lw	x26,-12(x24)	 x24:0x8001e711 x26=0xc3bcbdbe PA:0x8001e705 load:0xc3bcbdbe
       38665000	      3767	80003614	ff4c0003	lb	x0,-12(x24)	 x24:0x8001e711  x0=0x00000000 PA:0x8001e705 load:0xffffffbe
       38675000	      3768	80003618	ff9c0a23	sb	x25,-12(x24)	 x24:0x8001e711 x25:0x80035ce4 PA:0x8001e705 store:0x80035ce4 load:0x00000000
       38685000	      3769	8000361c	0001af97	auipc	x31,0x1a	 x31=0x8001d61c
       38695000	      3770	80003620	99cf8f93	addi	x31,x31,-1636	 x31:0x8001d61c x31=0x8001cfb8
       38705000	      3771	80003624	0001	c.addi	x0,0	  x0:0x00000000  x0=0x00000000
       38725000	      3773	80003626	f72fa6a3	sw	x18,-147(x31)	 x31:0x8001cfb8 x18:0x00000000 PA:0x8001cf25 store:0x00000000 load:0x00bcbdbe
       38735000	      3774	8000362a	f38fd803	lhu	x16,-200(x31)	 x31:0x8001cfb8 x16=0x0000aaab PA:0x8001cef0 load:0x0000aaab
       38755000	      3776	8000362e	f2cfa9a3	sw	x12,-205(x31)	 x31:0x8001cfb8 x12:0xe331cfc1 PA:0x8001ceeb store:0xe331cfc1 load:0x000000bc
       38765000	      3777	80003632	9f4c0e13	addi	x28,x24,-1548	 x24:0x8001e711 x28=0x8001e105
       38775000	      3778	80003636	40245b13	srai	x22,x8,0x2	  x8:0x00000004 x22=0x00000001
       38785000	      3779	8000363a	fd6fdd03	lhu	x26,-42(x31)	 x31:0x8001cfb8 x26=0x00004445 PA:0x8001cf8e load:0x00004445
       38795000	      3780	8000363e	f5cfd583	lhu	x11,-164(x31)	 x31:0x8001cfb8 x11=0x0000cecf PA:0x8001cf14 load:0x0000cecf
       38805000	      3781	80003642	8ea6	c.mv	x29,x9	  x0:0x00000000  x9:0x0000b8b9 x29=0x0000b8b9
       38815000	      3782	80003644	f25f8703	lb	x14,-219(x31)	 x31:0x8001cfb8 x14=0xffffff96 PA:0x8001cedd load:0xffffff96
       38825000	      3783	80003648	04df8da3	sb	x13,91(x31)	 x31:0x8001cfb8 x13:0x8f88898a PA:0x8001d013 store:0x8f88898a load:0x00000000
       38835000	      3784	8000364c	008d0a33	add	x20,x26,x8	 x26:0x00004445  x8:0x00000004 x20=0x00004449
       38845000	      3785	80003650	088f8883	lb	x17,136(x31)	 x31:0x8001cfb8 x17=0xfffffffb PA:0x8001d040 load:0xfffffffb
       38855000	      3786	80003654	b3a2ea13	ori	x20,x5,-1222	  x5:0xffffffc7 x20=0xffffffff
       38865000	      3787	80003658	fe5f9d03	lh	x26,-27(x31)	 x31:0x8001cfb8 x26=0x00005556 PA:0x8001cf9d load:0x00005556
       38905000	      3791	8000365c	03c43833	mulhu	x16,x8,x28	  x8:0x00000004 x28:0x8001e105 x16=0x00000002
       38915000	      3792	80003660	83c9	c.srli	x15,0x12	 x15:0x00000045 x15=0x00000000
       38925000	      3793	80003662	f74fc903	lbu	x18,-140(x31)	 x31:0x8001cfb8 x18=0x000000e7 PA:0x8001cf2c load:0x000000e7
       38935000	      3794	80003666	86a5	c.srai	x13,0x9	 x13:0x8f88898a x13=0xffc7c444
       38955000	      3796	80003668	020afab3	remu	x21,x21,x0	 x21:0x00000000  x0:0x00000000 x21=0x00000000
       38965000	      3797	8000366c	f7efd503	lhu	x10,-130(x31)	 x31:0x8001cfb8 x10=0x0000eced PA:0x8001cf36 load:0x0000eced
       38975000	      3798	80003670	035e	c.slli	x6,0x17	  x6:0xcd146ff1  x6=0xf8800000
       38985000	      3799	80003672	f1bf8d23	sb	x27,-230(x31)	 x31:0x8001cfb8 x27:0x00000000 PA:0x8001ced2 store:0x00000000 load:0x00000000
       38995000	      3800	80003676	f64fa103	lw	x2,-156(x31)	 x31:0x8001cfb8  x2=0xd4d5d6d7 PA:0x8001cf1c load:0xd4d5d6d7
       39005000	      3801	8000367a	014adbb3	srl	x23,x21,x20	 x21:0x00000000 x20:0xffffffff x23=0x00000000
       39025000	      3803	8000367e	017fab23	sw	x23,22(x31)	 x31:0x8001cfb8 x23:0x00000000 PA:0x8001cfce store:0x00000000 load:0x0000bcbd
       39035000	      3804	80003682	41d4dc33	sra	x24,x9,x29	  x9:0x0000b8b9 x29:0x0000b8b9 x24=0x00000000
       39045000	      3805	80003686	fd7f8603	lb	x12,-41(x31)	 x31:0x8001cfb8 x12=0x00000044 PA:0x8001cf8f load:0x00000044
       39075000	      3808	8000368a	04cfa7a3	sw	x12,79(x31)	 x31:0x8001cfb8 x12:0x00000044 PA:0x8001d007 store:0x00000044 load:0x000000bc
       39085000	      3809	8000368e	ff5f81a3	sb	x21,-29(x31)	 x31:0x8001cfb8 x21:0x00000000 PA:0x8001cf9b store:0x00000000 load:0x00000000
       39455000	      3846	80003692	0336ebb3	rem	x23,x13,x19	 x13:0xffc7c444 x19:0x80031e64 x23=0xffc7c444
       39465000	      3847	80003696	f56f9603	lh	x12,-170(x31)	 x31:0x8001cfb8 x12=0xffffc4c5 PA:0x8001cf0e load:0xffffc4c5
       39475000	      3848	8000369a	fdcf94a3	sh	x28,-55(x31)	 x31:0x8001cfb8 x28:0x8001e105 PA:0x8001cf81 store:0x8001e105 load:0x00000000
       39485000	      3849	8000369e	fdbf8ea3	sb	x27,-35(x31)	 x31:0x8001cfb8 x27:0x00000000 PA:0x8001cf95 store:0x00000000 load:0x00000000
       39495000	      3850	800036a2	00ff8323	sb	x15,6(x31)	 x31:0x8001cfb8 x15:0x00000000 PA:0x8001cfbe store:0x00000000 load:0x00000000
       39535000	      3854	800036a6	034aac33	mulhsu	x24,x21,x20	 x21:0x00000000 x20:0xffffffff x24=0x00000000
       39575000	      3858	800036aa	025f3f33	mulhu	x30,x30,x5	 x30:0x27202122  x5:0xffffffc7 x30=0x27202119
       39585000	      3859	800036ae	8d25	c.xor	x10,x9	 x10:0x0000eced  x9:0x0000b8b9 x10=0x00005454
       39605000	      3861	800036b0	f2bfa6a3	sw	x11,-211(x31)	 x31:0x8001cfb8 x11:0x0000cecf PA:0x8001cee5 store:0x0000cecf load:0x00bcbdbe
       39615000	      3862	800036b4	40f5d813	srai	x16,x11,0xf	 x11:0x0000cecf x16=0x00000001
       39625000	      3863	800036b8	8a784113	xori	x2,x16,-1881	 x16:0x00000001  x2=0xfffff8a6
       39635000	      3864	800036bc	05bfa423	sw	x27,72(x31)	 x31:0x8001cfb8 x27:0x00000000 PA:0x8001d000 store:0x00000000 load:0x00000000
       39645000	      3865	800036c0	00019197	auipc	x3,0x19	  x3=0x8001c6c0
       39655000	      3866	800036c4	53718193	addi	x3,x3,1335	  x3:0x8001c6c0  x3=0x8001cbf7
       39665000	      3867	800036c8	00026a97	auipc	x21,0x26	 x21=0x800296c8
       39675000	      3868	800036cc	25da8a93	addi	x21,x21,605	 x21:0x800296c8 x21=0x80029925
       39695000	      3870	800036d0	ff819203	lh	x4,-8(x3)	  x3:0x8001cbf7  x4=0xffffaba4 PA:0x8001cbef load:0xffffaba4
       39715000	      3872	800036d4	ff519c23	sh	x21,-8(x3)	  x3:0x8001cbf7 x21:0x80029925 PA:0x8001cbef store:0x80029925 load:0x000000a4
       39725000	      3873	800036d8	fee18923	sb	x14,-14(x3)	  x3:0x8001cbf7 x14:0xffffff96 PA:0x8001cbe9 store:0xffffff96 load:0x00000000
       39745000	      3875	800036dc	f2caa903	lw	x18,-212(x21)	 x21:0x80029925 x18=0x0008090a PA:0x80029851 load:0x0008090a
       39755000	      3876	800036e0	66fa9023	sh	x15,1632(x21)	 x21:0x80029925 x15:0x00000000 PA:0x80029f85 store:0x00000000 load:0x00000000
       39765000	      3877	800036e4	00e18323	sb	x14,6(x3)	  x3:0x8001cbf7 x14:0xffffff96 PA:0x8001cbfd store:0xffffff96 load:0x00000000
       39785000	      3879	800036e8	5f6aa0a3	sw	x22,1505(x21)	 x21:0x80029925 x22:0x00000001 PA:0x80029f06 store:0x00000001 load:0x00000809
       39805000	      3881	800036ec	00b1a1a3	sw	x11,3(x3)	  x3:0x8001cbf7 x11:0x0000cecf PA:0x8001cbfa store:0x0000cecf load:0x00000809
       39815000	      3882	800036f0	0a5a9c23	sh	x5,184(x21)	 x21:0x80029925  x5:0xffffffc7 PA:0x800299dd store:0xffffffc7 load:0x00000000
       39835000	      3884	800036f4	e0baa923	sw	x11,-494(x21)	 x21:0x80029925 x11:0x0000cecf PA:0x80029737 store:0x0000cecf load:0x00000008
       39845000	      3885	800036f8	2b7ac283	lbu	x5,695(x21)	 x21:0x80029925  x5=0x00000097 PA:0x80029bdc load:0x00000097
       39855000	      3886	800036fc	007191a3	sh	x7,3(x3)	  x3:0x8001cbf7  x7:0x05060700 PA:0x8001cbfa store:0x05060700 load:0x00000000
       39865000	      3887	80003700	220a8103	lb	x2,544(x21)	 x21:0x80029925  x2=0xfffffffe PA:0x80029b45 load:0xfffffffe
       39875000	      3888	80003704	00e1cd83	lbu	x27,14(x3)	  x3:0x8001cbf7 x27=0x000000be PA:0x8001cc05 load:0x000000be
       39895000	      3890	80003708	25aad103	lhu	x2,602(x21)	 x21:0x80029925  x2=0x00003b34 PA:0x80029b7f load:0x00003b34
       39915000	      3892	8000370c	71aa9383	lh	x7,1818(x21)	 x21:0x80029925  x7=0xfffffbf4 PA:0x8002a03f load:0xfffffbf4
       39925000	      3893	80003710	feb18ba3	sb	x11,-9(x3)	  x3:0x8001cbf7 x11:0x0000cecf PA:0x8001cbee store:0x0000cecf load:0x00000000
       39945000	      3895	80003714	01b19223	sh	x27,4(x3)	  x3:0x8001cbf7 x27:0x000000be PA:0x8001cbfb store:0x000000be load:0x000000f4
       39965000	      3897	80003718	4f0aad23	sw	x16,1274(x21)	 x21:0x80029925 x16:0x00000001 PA:0x80029e1f store:0x00000001 load:0x000000f4
       39975000	      3898	8000371c	00019d17	auipc	x26,0x19	 x26=0x8001c71c
       39985000	      3899	80003720	f7ad0d13	addi	x26,x26,-134	 x26:0x8001c71c x26=0x8001c696
       39995000	      3900	80003724	fdad1803	lh	x16,-38(x26)	 x26:0x8001c696 x16=0x00002a2b PA:0x8001c670 load:0x00002a2b
       40015000	      3902	80003728	00bd2ea3	sw	x11,29(x26)	 x26:0x8001c696 x11:0x0000cecf PA:0x8001c6b3 store:0x0000cecf load:0x000000f4
       40025000	      3903	8000372c	fc5d0003	lb	x0,-59(x26)	 x26:0x8001c696  x0=0x00000000 PA:0x8001c65b load:0x00000010
       40035000	      3904	80003730	fc5d4783	lbu	x15,-59(x26)	 x26:0x8001c696 x15=0x00000010 PA:0x8001c65b load:0x00000010
       40045000	      3905	80003734	ff4d4a83	lbu	x21,-12(x26)	 x26:0x8001c696 x21=0x00000041 PA:0x8001c68a load:0x00000041
       40055000	      3906	80003738	8f69	c.and	x14,x10	 x14:0xffffff96 x10:0x00005454 x14=0x00005414
       40075000	      3908	8000373a	fefd2a23	sw	x15,-12(x26)	 x26:0x8001c696 x15:0x00000010 PA:0x8001c68a store:0x00000010 load:0x0000f4f5
       40095000	      3910	8000373e	039d1703	lh	x14,57(x26)	 x26:0x8001c696 x14=0xffff8b84 PA:0x8001c6cf load:0xffff8b84
       40115000	      3912	80003742	876d	c.srai	x14,0x1b	 x14:0xffff8b84 x14=0xffffffff
       40125000	      3913	80003744	40920eb3	sub	x29,x4,x9	  x4:0xffffaba4  x9:0x0000b8b9 x29=0xfffef2eb
       40145000	      3915	80003748	fc1d5e83	lhu	x29,-63(x26)	 x26:0x8001c696 x29=0x0000130c PA:0x8001c657 load:0x0000130c
       40155000	      3916	8000374c	fc1d0683	lb	x13,-63(x26)	 x26:0x8001c696 x13=0x0000000c PA:0x8001c657 load:0x0000000c
       40175000	      3918	80003750	01ad2aa3	sw	x26,21(x26)	 x26:0x8001c696 x26:0x8001c696 PA:0x8001c6ab store:0x8001c696 load:0x0000000c
       40185000	      3919	80003754	00020497	auipc	x9,0x20	  x9=0x80023754
       40195000	      3920	80003758	21e48493	addi	x9,x9,542	  x9:0x80023754  x9=0x80023972
       40205000	      3921	8000375c	ff24c683	lbu	x13,-14(x9)	  x9:0x80023972 x13=0x0000001f PA:0x80023964 load:0x0000001f
       40215000	      3922	80003760	0034c303	lbu	x6,3(x9)	  x9:0x80023972  x6=0x0000002e PA:0x80023975 load:0x0000002e
       40225000	      3923	80003764	8dc5	c.or	x11,x9	 x11:0x0000cecf  x9:0x80023972 x11=0x8002ffff
       40235000	      3924	80003766	00b4c003	lbu	x0,11(x9)	  x9:0x80023972  x0=0x00000000 PA:0x8002397d load:0x00000036
       40245000	      3925	8000376a	340adf73	csrrwi	x30,mscratch,21	 x30=0x00000017
       40255000	      3926	8000376e	95e70193	addi	x3,x14,-1698	 x14:0xffffffff  x3=0xfffff95d
       40265000	      3927	80003772	8f55	c.or	x14,x13	 x14:0xffffffff x13:0x0000001f x14=0xffffffff
       40275000	      3928	80003774	01748723	sb	x23,14(x9)	  x9:0x80023972 x23:0xffc7c444 PA:0x80023980 store:0xffc7c444 load:0x00000000
       40315000	      3932	80003778	02319733	mulh	x14,x3,x3	  x3:0xfffff95d  x3:0xfffff95d x14=0x00000000
       40325000	      3933	8000377c	0018af33	slt	x30,x17,x1	 x17:0xfffffffb  x1:0x0000bfb8 x30=0x00000001
       40335000	      3934	80003780	01e4a123	sw	x30,2(x9)	  x9:0x80023972 x30:0x00000001 PA:0x80023974 store:0x00000001 load:0x00000000
       40345000	      3935	80003784	0104c803	lbu	x16,16(x9)	  x9:0x80023972 x16=0x00000039 PA:0x80023982 load:0x00000039
       40355000	      3936	80003788	00c48503	lb	x10,12(x9)	  x9:0x80023972 x10=0x00000035 PA:0x8002397e load:0x00000035
       40365000	      3937	8000378c	00f4d383	lhu	x7,15(x9)	  x9:0x80023972  x7=0x0000393a PA:0x80023981 load:0x0000393a
       40375000	      3938	80003790	0a1e	c.slli	x20,0x7	 x20:0xffffffff x20=0xffffff80
       40385000	      3939	80003792	0ff0000f	fence	iorw,iorw	
       40395000	      3940	80003796	ff84c603	lbu	x12,-8(x9)	  x9:0x80023972 x12=0x00000021 PA:0x8002396a load:0x00000021
       40405000	      3941	8000379a	00a48283	lb	x5,10(x9)	  x9:0x80023972  x5=0x00000037 PA:0x8002397c load:0x00000037
       40415000	      3942	8000379e	717d	c.addi16sp	x2,-16	  x2:0x00003b34  x2=0x00003b24
       40425000	      3943	800037a0	340b2af3	csrrs	x21,mscratch,x22	 x22:0x00000001 x21=0x00000015
       40435000	      3944	800037a4	00e49e03	lh	x28,14(x9)	  x9:0x80023972 x28=0x00003a44 PA:0x80023980 load:0x00003a44
       40445000	      3945	800037a8	00249a03	lh	x20,2(x9)	  x9:0x80023972 x20=0x00000001 PA:0x80023974 load:0x00000001
       40455000	      3946	800037ac	fec49d23	sh	x12,-6(x9)	  x9:0x80023972 x12:0x00000021 PA:0x8002396c store:0x00000021 load:0x00000000
       40495000	      3950	800037b0	02daa0b3	mulhsu	x1,x21,x13	 x21:0x00000015 x13:0x0000001f  x1=0x00000000
       40505000	      3951	800037b4	0054c383	lbu	x7,5(x9)	  x9:0x80023972  x7=0x00000000 PA:0x80023977 load:0x00000000
       40515000	      3952	800037b8	00e891b3	sll	x3,x17,x14	 x17:0xfffffffb x14:0x00000000  x3=0xfffffffb
       40525000	      3953	800037bc	0054ce83	lbu	x29,5(x9)	  x9:0x80023972 x29=0x00000000 PA:0x80023977 load:0x00000000
       40535000	      3954	800037c0	34003c73	csrrc	x24,mscratch,x0	  x0:0x00000000 x24=0x00000015
       40545000	      3955	800037c4	0ff0000f	fence	iorw,iorw	
       40555000	      3956	800037c8	0155b0b3	sltu	x1,x11,x21	 x11:0x8002ffff x21:0x00000015  x1=0x00000000
       40565000	      3957	800037cc	34041673	csrrw	x12,mscratch,x8	  x8:0x00000004 x12=0x00000015
       40585000	      3959	800037d0	ff54aca3	sw	x21,-7(x9)	  x9:0x80023972 x21:0x00000015 PA:0x8002396b store:0x00000015 load:0x0000000c
       40595000	      3960	800037d4	ffe4a603	lw	x12,-2(x9)	  x9:0x80023972 x12=0x28292a2b PA:0x80023970 load:0x28292a2b
       40615000	      3962	800037d8	fff4a103	lw	x2,-1(x9)	  x9:0x80023972  x2=0x0128292a PA:0x80023971 load:0x0128292a
       40625000	      3963	800037dc	8691	c.srai	x13,0x4	 x13:0x0000001f x13=0x00000001
       40635000	      3964	800037de	00248523	sb	x2,10(x9)	  x9:0x80023972  x2:0x0128292a PA:0x8002397c store:0x0128292a load:0x00000000
       40645000	      3965	800037e2	00248503	lb	x10,2(x9)	  x9:0x80023972 x10=0x00000001 PA:0x80023974 load:0x00000001
       40655000	      3966	800037e6	ff048203	lb	x4,-16(x9)	  x9:0x80023972  x4=0x00000019 PA:0x80023962 load:0x00000019
       40675000	      3968	800037ea	ffd4d103	lhu	x2,-3(x9)	  x9:0x80023972  x2=0x00002b24 PA:0x8002396f load:0x00002b24
       40685000	      3969	800037ee	ff448683	lb	x13,-12(x9)	  x9:0x80023972 x13=0x0000001d PA:0x80023966 load:0x0000001d
       40695000	      3970	800037f2	00b48e83	lb	x29,11(x9)	  x9:0x80023972 x29=0x00000036 PA:0x8002397d load:0x00000036
       40705000	      3971	800037f6	8fdd	c.or	x15,x15	 x15:0x00000010 x15:0x00000010 x15=0x00000010
       40715000	      3972	800037f8	8fb5	c.xor	x15,x13	 x15:0x00000010 x13:0x0000001d x15=0x0000000d
       40725000	      3973	800037fa	017f5eb3	srl	x29,x30,x23	 x30:0x00000001 x23:0xffc7c444 x29=0x00000000
       40765000	      3977	800037fe	0348b133	mulhu	x2,x17,x20	 x17:0xfffffffb x20:0x00000001  x2=0x00000000
       40775000	      3978	80003802	00548f83	lb	x31,5(x9)	  x9:0x80023972 x31=0x00000000 PA:0x80023977 load:0x00000000
       40785000	      3979	80003806	0104d183	lhu	x3,16(x9)	  x9:0x80023972  x3=0x00003839 PA:0x80023982 load:0x00003839
       40795000	      3980	8000380a	81e1	c.srli	x11,0x18	 x11:0x8002ffff x11=0x00000080
       40805000	      3981	8000380c	66ed	c.lui	x13,0x1b	 x13=0x0001b000
       40815000	      3982	8000380e	ffc4d703	lhu	x14,-4(x9)	  x9:0x80023972 x14=0x00002400 PA:0x8002396e load:0x00002400
       40825000	      3983	80003812	01431db3	sll	x27,x6,x20	  x6:0x0000002e x20:0x00000001 x27=0x0000005c
       40835000	      3984	80003816	ff848283	lb	x5,-8(x9)	  x9:0x80023972  x5=0x00000021 PA:0x8002396a load:0x00000021
       40845000	      3985	8000381a	4b15	c.li	x22,5	 x22=0x00000005
       40855000	      3986	8000381c	0144c833	xor	x16,x9,x20	  x9:0x80023972 x20:0x00000001 x16=0x80023973
       40895000	      3990	80003820	036e9fb3	mulh	x31,x29,x22	 x29:0x00000000 x22:0x00000005 x31=0x00000000
       40905000	      3991	80003824	00648b83	lb	x23,6(x9)	  x9:0x80023972 x23=0x00000033 PA:0x80023978 load:0x00000033
       40915000	      3992	80003828	0001c797	auipc	x15,0x1c	 x15=0x8001f828
       40925000	      3993	8000382c	51c78793	addi	x15,x15,1308	 x15:0x8001f828 x15=0x8001fd44
       40935000	      3994	80003830	84fe	c.mv	x9,x31	  x0:0x00000000 x31:0x00000000  x9=0x00000000
       40945000	      3995	80003832	fd27de83	lhu	x29,-46(x15)	 x15:0x8001fd44 x29=0x0000cccd PA:0x8001fd16 load:0x0000cccd
       40955000	      3996	80003836	8b4dc193	xori	x3,x27,-1868	 x27:0x0000005c  x3=0xfffff8e8
       40965000	      3997	8000383a	40de5813	srai	x16,x28,0xd	 x28:0x00003a44 x16=0x00000001
       40975000	      3998	8000383e	ff87aa03	lw	x20,-8(x15)	 x15:0x8001fd44 x20=0xf4f5f6f7 PA:0x8001fd3c load:0xf4f5f6f7
       40985000	      3999	80003842	fec7d383	lhu	x7,-20(x15)	 x15:0x8001fd44  x7=0x0000eaeb PA:0x8001fd30 load:0x0000eaeb
       41005000	      4001	80003846	007c5533	srl	x10,x24,x7	 x24:0x00000015  x7:0x0000eaeb x10=0x00000000
       41015000	      4002	8000384a	6115	c.addi16sp	x2,288	  x2:0x00000000  x2=0x00000120
       41025000	      4003	8000384c	0167aa23	sw	x22,20(x15)	 x15:0x8001fd44 x22:0x00000005 PA:0x8001fd58 store:0x00000005 load:0x00000000
       41035000	      4004	80003850	003fc033	xor	x0,x31,x3	 x31:0x00000000  x3:0xfffff8e8  x0=0x00000000
       41045000	      4005	80003854	01435013	srli	x0,x6,0x14	  x6:0x0000002e  x0=0x00000000
       41055000	      4006	80003858	0043df33	srl	x30,x7,x4	  x7:0x0000eaeb  x4:0x00000019 x30=0x00000000
       41425000	      4043	8000385c	02cb68b3	rem	x17,x22,x12	 x22:0x00000005 x12:0x28292a2b x17=0x00000005
       41445000	      4045	80003860	03d7aba3	sw	x29,55(x15)	 x15:0x8001fd44 x29:0x0000cccd PA:0x8001fd7b store:0x0000cccd load:0x00000024
       41455000	      4046	80003864	406f5913	srai	x18,x30,0x6	 x30:0x00000000 x18=0x00000000
       41495000	      4050	80003868	03442033	mulhsu	x0,x8,x20	  x8:0x00000004 x20:0xf4f5f6f7  x0=0x00000000
       41505000	      4051	8000386c	014d7333	and	x6,x26,x20	 x26:0x8001c696 x20:0xf4f5f6f7  x6=0x8001c696
       41525000	      4053	80003870	03b7d203	lhu	x4,59(x15)	 x15:0x8001fd44  x4=0x00003b34 PA:0x8001fd7f load:0x00003b34
       41545000	      4055	80003874	0237ab03	lw	x22,35(x15)	 x15:0x8001fd44 x22=0x2122231c PA:0x8001fd67 load:0x2122231c
       41555000	      4056	80003878	9a7d	c.andi	x12,-1	 x12:0x28292a2b x12=0x28292a2b
       41565000	      4057	8000387a	0001	c.addi	x0,0	  x0:0x00000000  x0=0x00000000
       41575000	      4058	8000387c	00a894b3	sll	x9,x17,x10	 x17:0x00000005 x10:0x00000000  x9=0x00000005
       41585000	      4059	80003880	8365	c.srli	x14,0x19	 x14:0x00002400 x14=0x00000000
       41605000	      4061	80003882	0087aea3	sw	x8,29(x15)	 x15:0x8001fd44  x8:0x00000004 PA:0x8001fd61 store:0x00000004 load:0x001c1d1e
       41615000	      4062	80003886	863fa513	slti	x10,x31,-1949	 x31:0x00000000 x10=0x00000000
       41625000	      4063	8000388a	fcc79a83	lh	x21,-52(x15)	 x15:0x8001fd44 x21=0xffffcacb PA:0x8001fd10 load:0xffffcacb
       41635000	      4064	8000388e	0001	c.addi	x0,0	  x0:0x00000000  x0=0x00000000
       41645000	      4065	80003890	00953633	sltu	x12,x10,x9	 x10:0x00000000  x9:0x00000005 x12=0x00000001
       41655000	      4066	80003894	01f7c803	lbu	x16,31(x15)	 x15:0x8001fd44 x16=0x00000000 PA:0x8001fd63 load:0x00000000
       41675000	      4068	80003898	fd27a8a3	sw	x18,-47(x15)	 x15:0x8001fd44 x18:0x00000000 PA:0x8001fd15 store:0x00000000 load:0x001c1d1e
       41685000	      4069	8000389c	0150a733	slt	x14,x1,x21	  x1:0x00000000 x21:0xffffcacb x14=0x00000000
       41695000	      4070	800038a0	ff07cb03	lbu	x22,-16(x15)	 x15:0x8001fd44 x22=0x000000ef PA:0x8001fd34 load:0x000000ef
       41725000	      4073	800038a4	03968ab3	mul	x21,x13,x25	 x13:0x0001b000 x25:0x80035ce4 x21=0xacc0c000
       41735000	      4074	800038a8	0123ffb3	and	x31,x7,x18	  x7:0x0000eaeb x18:0x00000000 x31=0x00000000
       41775000	      4078	800038ac	031fb8b3	mulhu	x17,x31,x17	 x31:0x00000000 x17:0x00000005 x17=0x00000000
       42145000	      4115	800038b0	0255e4b3	rem	x9,x11,x5	 x11:0x00000080  x5:0x00000021  x9=0x0000001d
       42155000	      4116	800038b4	fd578183	lb	x3,-43(x15)	 x15:0x8001fd44  x3=0xffffffd2 PA:0x8001fd19 load:0xffffffd2
       42165000	      4117	800038b8	01478a83	lb	x21,20(x15)	 x15:0x8001fd44 x21=0x00000005 PA:0x8001fd58 load:0x00000005
       42185000	      4119	800038bc	0017a683	lw	x13,1(x15)	 x15:0x8001fd44 x13=0x03fcfdfe PA:0x8001fd45 load:0x03fcfdfe
       42195000	      4120	800038c0	fd678503	lb	x10,-42(x15)	 x15:0x8001fd44 x10=0xffffffd1 PA:0x8001fd1a load:0xffffffd1
       42205000	      4121	800038c4	0267d703	lhu	x14,38(x15)	 x15:0x8001fd44 x14=0x00002021 PA:0x8001fd6a load:0x00002021
       42215000	      4122	800038c8	22050393	addi	x7,x10,544	 x10:0xffffffd1  x7=0x000001f1
       42225000	      4123	800038cc	920e	c.add	x4,x3	  x4:0x00003b34  x3:0xffffffd2  x4=0x00003b06
       42235000	      4124	800038ce	01ce5013	srli	x0,x28,0x1c	 x28:0x00003a44  x0=0x00000000
       42245000	      4125	800038d2	8f69	c.and	x14,x10	 x14:0x00002021 x10:0xffffffd1 x14=0x00002001
       42255000	      4126	800038d4	0ad771b7	lui	x3,0xad77	  x3=0x0ad77000
       42265000	      4127	800038d8	01879083	lh	x1,24(x15)	 x15:0x8001fd44  x1=0x00001617 PA:0x8001fd5c load:0x00001617
       42275000	      4128	800038dc	fec79f03	lh	x30,-20(x15)	 x15:0x8001fd44 x30=0xffffeaeb PA:0x8001fd30 load:0xffffeaeb
       42285000	      4129	800038e0	fc07a083	lw	x1,-64(x15)	 x15:0x8001fd44  x1=0xbcbdbebf PA:0x8001fd04 load:0xbcbdbebf
       42305000	      4131	800038e4	9606	c.add	x12,x1	 x12:0x00000001  x1:0xbcbdbebf x12=0xbcbdbec0
       42315000	      4132	800038e6	03979903	lh	x18,57(x15)	 x15:0x8001fd44 x18=0x00000000 PA:0x8001fd7d load:0x00000000
       42325000	      4133	800038ea	00019117	auipc	x2,0x19	  x2=0x8001c8ea
       42335000	      4134	800038ee	46810113	addi	x2,x2,1128	  x2:0x8001c8ea  x2=0x8001cd52
       42345000	      4135	800038f2	07e11da3	sh	x30,123(x2)	  x2:0x8001cd52 x30:0xffffeaeb PA:0x8001cdcd store:0xffffeaeb load:0x00000000
       42365000	      4137	800038f6	f2d11a83	lh	x21,-211(x2)	  x2:0x8001cd52 x21=0x00003b34 PA:0x8001cc7f load:0x00003b34
       42375000	      4138	800038fa	f5c10f83	lb	x31,-164(x2)	  x2:0x8001cd52 x31=0x00000065 PA:0x8001ccae load:0x00000065
       42385000	      4139	800038fe	01796733	or	x14,x18,x23	 x18:0x00000000 x23:0x00000033 x14=0x00000033
       42395000	      4140	80003902	8ccd	c.or	x9,x11	  x9:0x0000001d x11:0x00000080  x9=0x0000009d
       42405000	      4141	80003904	8f39	c.xor	x14,x14	 x14:0x00000033 x14:0x00000033 x14=0x00000000
       42415000	      4142	80003906	41be8393	addi	x7,x29,1051	 x29:0x0000cccd  x7=0x0000d0e8
       42425000	      4143	8000390a	11510023	sb	x21,256(x2)	  x2:0x8001cd52 x21:0x00003b34 PA:0x8001ce52 store:0x00003b34 load:0x00000000
       42435000	      4144	8000390e	09811923	sh	x24,146(x2)	  x2:0x8001cd52 x24:0x00000015 PA:0x8001cde4 store:0x00000015 load:0x00000000
       42455000	      4146	80003912	00d12ca3	sw	x13,25(x2)	  x2:0x8001cd52 x13:0x03fcfdfe PA:0x8001cd6b store:0x03fcfdfe load:0x00000034
       42465000	      4147	80003916	8fa2	c.mv	x31,x8	  x0:0x00000000  x8:0x00000004 x31=0x00000004
       42485000	      4149	80003918	f39118a3	sh	x25,-207(x2)	  x2:0x8001cd52 x25:0x80035ce4 PA:0x8001cc83 store:0x80035ce4 load:0x00000034
       42495000	      4150	8000391c	34066073	csrrsi	x0,mscratch,12	  x0=0x00000000
       42505000	      4151	80003920	34006d73	csrrsi	x26,mscratch,0	 x26=0x0000000c
       42515000	      4152	80003924	f1f14f03	lbu	x30,-225(x2)	  x2:0x8001cd52 x30=0x0000002a PA:0x8001cc71 load:0x0000002a
       42525000	      4153	80003928	0c010a23	sb	x0,212(x2)	  x2:0x8001cd52  x0:0x00000000 PA:0x8001ce26 store:0x00000000 load:0x00000000
       42535000	      4154	8000392c	003422b3	slt	x5,x8,x3	  x8:0x00000004  x3:0x0ad77000  x5=0x00000001
       42905000	      4191	80003930	038e6a33	rem	x20,x28,x24	 x28:0x00003a44 x24:0x00000015 x20=0x00000006
       42915000	      4192	80003934	41895a33	sra	x20,x18,x24	 x18:0x00000000 x24:0x00000015 x20=0x00000000
       42925000	      4193	80003938	fbef0f13	addi	x30,x30,-66	 x30:0x0000002a x30=0xffffffe8
       42935000	      4194	8000393c	3403d373	csrrwi	x6,mscratch,7	  x6=0x0000000c
       42945000	      4195	80003940	3404a373	csrrs	x6,mscratch,x9	  x9:0x0000009d  x6=0x00000007
       42965000	      4197	80003944	52d6	c.lwsp	x5,116(x2)	  x2:0x8001cd52  x5=0x82837c7d PA:0x8001cdc6 load:0x82837c7d
       42975000	      4198	80003946	f0d10383	lb	x7,-243(x2)	  x2:0x8001cd52  x7=0x00000014 PA:0x8001cc5f load:0x00000014
       43025000	      4203	8000394a	02773933	mulhu	x18,x14,x7	 x14:0x00000000  x7:0x00000014 x18=0x00000000
       43395000	      4240	8000394e	0275c6b3	div	x13,x11,x7	 x11:0x00000080  x7:0x00000014 x13=0x00000006
       43405000	      4241	80003952	f1411383	lh	x7,-236(x2)	  x2:0x8001cd52  x7=0x00001c1d PA:0x8001cc66 load:0x00001c1d
       43415000	      4242	80003956	f8810b03	lb	x22,-120(x2)	  x2:0x8001cd52 x22=0xffffff91 PA:0x8001ccda load:0xffffff91
       43425000	      4243	8000395a	8379	c.srli	x14,0x1e	 x14:0x00000000 x14=0x00000000
       43435000	      4244	8000395c	d0234d13	xori	x26,x6,-766	  x6:0x00000007 x26=0xfffffd05
       43445000	      4245	80003960	00e15e83	lhu	x29,14(x2)	  x2:0x8001cd52 x29=0x00001a1b PA:0x8001cd60 load:0x00001a1b
       43465000	      4247	80003964	f9711ea3	sh	x23,-99(x2)	  x2:0x8001cd52 x23:0x00000033 PA:0x8001ccef store:0x00000033 load:0x0000007c
       43475000	      4248	80003968	4aa58e93	addi	x29,x11,1194	 x11:0x00000080 x29=0x0000052a
       43485000	      4249	8000396c	78f6cc13	xori	x24,x13,1935	 x13:0x00000006 x24=0x00000789
       43495000	      4250	80003970	0001	c.addi	x0,0	  x0:0x00000000  x0=0x00000000
       43505000	      4251	80003972	fcc15e83	lhu	x29,-52(x2)	  x2:0x8001cd52 x29=0x0000d4d5 PA:0x8001cd1e load:0x0000d4d5
       43515000	      4252	80003976	0fe107a3	sb	x30,239(x2)	  x2:0x8001cd52 x30:0xffffffe8 PA:0x8001ce41 store:0xffffffe8 load:0x00000000
       43525000	      4253	8000397a	fcc11b03	lh	x22,-52(x2)	  x2:0x8001cd52 x22=0xffffd4d5 PA:0x8001cd1e load:0xffffd4d5
       43535000	      4254	8000397e	07f11ba3	sh	x31,119(x2)	  x2:0x8001cd52 x31:0x00000004 PA:0x8001cdc9 store:0x00000004 load:0x00000000
       43545000	      4255	80003982	8d8d	c.sub	x11,x11	 x11:0x00000080 x11:0x00000080 x11=0x00000000
       43565000	      4257	80003984	0d712283	lw	x5,215(x2)	  x2:0x8001cd52  x5=0xe7e0e1e2 PA:0x8001ce29 load:0xe7e0e1e2
       43575000	      4258	80003988	0001a797	auipc	x15,0x1a	 x15=0x8001d988
       43585000	      4259	8000398c	5bd78793	addi	x15,x15,1469	 x15:0x8001d988 x15=0x8001df45
       43595000	      4260	80003990	00019717	auipc	x14,0x19	 x14=0x8001c990
       43605000	      4261	80003994	03370713	addi	x14,x14,51	 x14:0x8001c990 x14=0x8001c9c3
       43615000	      4262	80003998	02370d03	lb	x26,35(x14)	 x14:0x8001c9c3 x26=0xffffff9d PA:0x8001c9e6 load:0xffffff9d
       43625000	      4263	8000399c	01b7a183	lw	x3,27(x15)	 x15:0x8001df45  x3=0x18191a1b PA:0x8001df60 load:0x18191a1b
       43635000	      4264	800039a0	00975003	lhu	x0,9(x14)	 x14:0x8001c9c3  x0=0x00000000 PA:0x8001c9cc load:0x00008687
       43645000	      4265	800039a4	015793a3	sh	x21,7(x15)	 x15:0x8001df45 x21:0x00003b34 PA:0x8001df4c store:0x00003b34 load:0x00000000
       43665000	      4267	800039a8	ffb72383	lw	x7,-5(x14)	 x14:0x8001c9c3  x7=0x7a7b7475 PA:0x8001c9be load:0x7a7b7475
       43685000	      4269	800039ac	fde72083	lw	x1,-34(x14)	 x14:0x8001c9c3  x1=0x5f58595a PA:0x8001c9a1 load:0x5f58595a
       43695000	      4270	800039b0	0387c903	lbu	x18,56(x15)	 x15:0x8001df45 x18=0x00000036 PA:0x8001df7d load:0x00000036
       43715000	      4272	800039b4	009729a3	sw	x9,19(x14)	 x14:0x8001c9c3  x9:0x0000009d PA:0x8001c9d6 store:0x0000009d load:0x00005859
       43725000	      4273	800039b8	fd97c203	lbu	x4,-39(x15)	 x15:0x8001df45  x4=0x000000d5 PA:0x8001df1e load:0x000000d5
       43735000	      4274	800039bc	03b78823	sb	x27,48(x15)	 x15:0x8001df45 x27:0x0000005c PA:0x8001df75 store:0x0000005c load:0x00000000
       43755000	      4276	800039c0	d314	c.sw	x13,32(x14)	 x14:0x8001c9c3 x13:0x00000006 PA:0x8001c9e3 store:0x00000006 load:0x00000058
       43765000	      4277	800039c2	02878d03	lb	x26,40(x15)	 x15:0x8001df45 x26=0x00000026 PA:0x8001df6d load:0x00000026
       43785000	      4279	800039c6	fe87a883	lw	x17,-24(x15)	 x15:0x8001df45 x17=0xebe4e5e6 PA:0x8001df2d load:0xebe4e5e6
       43805000	      4281	800039ca	ff47a883	lw	x17,-12(x15)	 x15:0x8001df45 x17=0xf7f0f1f2 PA:0x8001df39 load:0xf7f0f1f2
       43815000	      4282	800039ce	fdd7ce83	lbu	x29,-35(x15)	 x15:0x8001df45 x29=0x000000d9 PA:0x8001df22 load:0x000000d9
       43825000	      4283	800039d2	02870b23	sb	x8,54(x14)	 x14:0x8001c9c3  x8:0x00000004 PA:0x8001c9f9 store:0x00000004 load:0x00000000
       43835000	      4284	800039d6	02775a83	lhu	x21,39(x14)	 x14:0x8001c9c3 x21=0x0000a0a1 PA:0x8001c9ea load:0x0000a0a1
       43855000	      4286	800039da	ff97a0a3	sw	x25,-31(x15)	 x15:0x8001df45 x25:0x80035ce4 PA:0x8001df26 store:0x80035ce4 load:0x0000f0f1
       43865000	      4287	800039de	01a71203	lh	x4,26(x14)	 x14:0x8001c9c3  x4=0xffff9596 PA:0x8001c9dd load:0xffff9596
       43875000	      4288	800039e2	00019317	auipc	x6,0x19	  x6=0x8001c9e2
       43885000	      4289	800039e6	42630313	addi	x6,x6,1062	  x6:0x8001c9e2  x6=0x8001ce08
       43895000	      4290	800039ea	7b770e37	lui	x28,0x7b770	 x28=0x7b770000
       43905000	      4291	800039ee	92a34d03	lbu	x26,-1750(x6)	  x6:0x8001ce08 x26=0x000000e9 PA:0x8001c732 load:0x000000e9
       43915000	      4292	800039f2	92a30d03	lb	x26,-1750(x6)	  x6:0x8001ce08 x26=0xffffffe9 PA:0x8001c732 load:0xffffffe9
       43925000	      4293	800039f6	005adb33	srl	x22,x21,x5	 x21:0x0000a0a1  x5:0xe7e0e1e2 x22=0x00002828
       43935000	      4294	800039fa	92a30a03	lb	x20,-1750(x6)	  x6:0x8001ce08 x20=0xffffffe9 PA:0x8001c732 load:0xffffffe9
       43945000	      4295	800039fe	bd832083	lw	x1,-1064(x6)	  x6:0x8001ce08  x1=0x06999a9b PA:0x8001c9e0 load:0x06999a9b
       43955000	      4296	80003a02	011cd713	srli	x14,x25,0x11	 x25:0x80035ce4 x14=0x00004001
       43965000	      4297	80003a06	bd830003	lb	x0,-1064(x6)	  x6:0x8001ce08  x0=0x00000000 PA:0x8001c9e0 load:0xffffff9b
       43985000	      4299	80003a0a	84335d83	lhu	x27,-1981(x6)	  x6:0x8001ce08 x27=0x00000700 PA:0x8001c64b load:0x00000700
       43995000	      4300	80003a0e	b223a893	slti	x17,x7,-1246	  x7:0x7a7b7475 x17=0x00000000
       44015000	      4302	80003a12	85c321a3	sw	x28,-1981(x6)	  x6:0x8001ce08 x28:0x7b770000 PA:0x8001c64b store:0x7b770000 load:0x00000000
       44035000	      4304	80003a16	84332083	lw	x1,-1981(x6)	  x6:0x8001ce08  x1=0x7b770000 PA:0x8001c64b load:0x7b770000
       44055000	      4306	80003a1a	84335683	lhu	x13,-1981(x6)	  x6:0x8001ce08 x13=0x00000000 PA:0x8001c64b load:0x00000000
       44075000	      4308	80003a1e	841321a3	sw	x1,-1981(x6)	  x6:0x8001ce08  x1:0x7b770000 PA:0x8001c64b store:0x7b770000 load:0x00000000
       44085000	      4309	80003a22	1c134083	lbu	x1,449(x6)	  x6:0x8001ce08  x1=0x00000082 PA:0x8001cfc9 load:0x00000082
       44095000	      4310	80003a26	1c130903	lb	x18,449(x6)	  x6:0x8001ce08 x18=0xffffff82 PA:0x8001cfc9 load:0xffffff82
       44115000	      4312	80003a2a	829328a3	sw	x9,-1999(x6)	  x6:0x8001ce08  x9:0x0000009d PA:0x8001c639 store:0x0000009d load:0x00000102
       44125000	      4313	80003a2e	83130483	lb	x9,-1999(x6)	  x6:0x8001ce08  x9=0xffffff9d PA:0x8001c639 load:0xffffff9d
       44135000	      4314	80003a32	0001b117	auipc	x2,0x1b	  x2=0x8001ea32
       44145000	      4315	80003a36	eae10113	addi	x2,x2,-338	  x2:0x8001ea32  x2=0x8001e8e0
       44155000	      4316	80003a3a	411d5293	srai	x5,x26,0x11	 x26:0xffffffe9  x5=0xffffffff
       44165000	      4317	80003a3e	89c88e93	addi	x29,x17,-1892	 x17:0x00000000 x29=0xfffff89c
       44185000	      4319	80003a42	3a212303	lw	x6,930(x2)	  x2:0x8001e8e0  x6=0x3e3f3839 PA:0x8001ec82 load:0x3e3f3839
       44195000	      4320	80003a46	95a10a83	lb	x21,-1702(x2)	  x2:0x8001e8e0 x21=0xfffffff1 PA:0x8001e23a load:0xfffffff1
       44205000	      4321	80003a4a	fdd14783	lbu	x15,-35(x2)	  x2:0x8001e8e0 x15=0x00000076 PA:0x8001e8bd load:0x00000076
       44215000	      4322	80003a4e	ec5db193	sltiu	x3,x27,-315	 x27:0x00000700  x3=0x00000001
       44225000	      4323	80003a52	612fa293	slti	x5,x31,1554	 x31:0x00000004  x5=0x00000001
       44235000	      4324	80003a56	63515283	lhu	x5,1589(x2)	  x2:0x8001e8e0  x5=0x0000cdce PA:0x8001ef15 load:0x0000cdce
       44245000	      4325	80003a5a	24c15303	lhu	x6,588(x2)	  x2:0x8001e8e0  x6=0x0000e6e7 PA:0x8001eb2c load:0x0000e6e7
       44255000	      4326	80003a5e	6a810683	lb	x13,1704(x2)	  x2:0x8001e8e0 x13=0x00000043 PA:0x8001ef88 load:0x00000043
       44265000	      4327	80003a62	0001	c.addi	x0,0	  x0:0x00000000  x0=0x00000000
       44285000	      4329	80003a64	67e12aa3	sw	x30,1653(x2)	  x2:0x8001e8e0 x30:0xffffffe8 PA:0x8001ef55 store:0xffffffe8 load:0x0038393a
       44295000	      4330	80003a68	8cad	c.xor	x9,x11	  x9:0xffffff9d x11:0x00000000  x9=0xffffff9d
       44305000	      4331	80003a6a	40acddb3	sra	x27,x25,x10	 x25:0x80035ce4 x10:0xffffffd1 x27=0xffffc001
       44315000	      4332	80003a6e	2ae15b03	lhu	x22,686(x2)	  x2:0x8001e8e0 x22=0x00004445 PA:0x8001eb8e load:0x00004445
       44325000	      4333	80003a72	c87110a3	sh	x7,-895(x2)	  x2:0x8001e8e0  x7:0x7a7b7475 PA:0x8001e561 store:0x7a7b7475 load:0x00000000
       44335000	      4334	80003a76	0ff0000f	fence	iorw,iorw	
       44345000	      4335	80003a7a	1acae813	ori	x16,x21,428	 x21:0xfffffff1 x16=0xfffffffd
       44355000	      4336	80003a7e	01639693	slli	x13,x7,0x16	  x7:0x7a7b7475 x13=0x1d400000
       44375000	      4338	80003a82	725124a3	sw	x5,1833(x2)	  x2:0x8001e8e0  x5:0x0000cdce PA:0x8001f009 store:0x0000cdce load:0x0038393a
       44395000	      4340	80003a86	91d120a3	sw	x29,-1791(x2)	  x2:0x8001e8e0 x29:0xfffff89c PA:0x8001e1e1 store:0xfffff89c load:0x0038393a
       44405000	      4341	80003a8a	4c615083	lhu	x1,1222(x2)	  x2:0x8001e8e0  x1=0x00005c5d PA:0x8001eda6 load:0x00005c5d
       44415000	      4342	80003a8e	8f71	c.and	x14,x12	 x14:0x00004001 x12:0xbcbdbec0 x14=0x00000000
       44425000	      4343	80003a90	b4810223	sb	x8,-1212(x2)	  x2:0x8001e8e0  x8:0x00000004 PA:0x8001e424 store:0x00000004 load:0x00000000
       44435000	      4344	80003a94	b9338293	addi	x5,x7,-1133	  x7:0x7a7b7475  x5=0x7a7b7008
       44805000	      4381	80003a98	0353f1b3	remu	x3,x7,x21	  x7:0x7a7b7475 x21:0xfffffff1  x3=0x7a7b7475
       44815000	      4382	80003a9c	0000100f	fence.i	
       44845000	      4385	80003aa0	ebe12da3	sw	x30,-325(x2)	  x2:0x8001e8e0 x30:0xffffffe8 PA:0x8001e79b store:0xffffffe8 load:0x00000038
       44855000	      4386	80003aa4	95314d03	lbu	x26,-1709(x2)	  x2:0x8001e8e0 x26=0x000000e8 PA:0x8001e233 load:0x000000e8
       44865000	      4387	80003aa8	340de6f3	csrrsi	x13,mscratch,27	 x13=0x0000009f
       45235000	      4424	80003aac	024be633	rem	x12,x23,x4	 x23:0x00000033  x4:0xffff9596 x12=0x00000033
       45245000	      4425	80003ab0	8799	c.srai	x15,0x6	 x15:0x00000076 x15=0x00000001
       45265000	      4427	80003ab2	b5b11d83	lh	x27,-1189(x2)	  x2:0x8001e8e0 x27=0xfffff7f0 PA:0x8001e43b load:0xfffff7f0
       45635000	      4464	80003ab6	03957eb3	remu	x29,x10,x25	 x10:0xffffffd1 x25:0x80035ce4 x29=0x7ffca2ed
       45645000	      4465	80003aba	002f2d33	slt	x26,x30,x2	 x30:0xffffffe8  x2:0x8001e8e0 x26=0x00000000
       45655000	      4466	80003abe	74610e23	sb	x6,1884(x2)	  x2:0x8001e8e0  x6:0x0000e6e7 PA:0x8001f03c store:0x0000e6e7 load:0x00000000
       45665000	      4467	80003ac2	22345897	auipc	x17,0x22345	 x17=0xa2348ac2
       45685000	      4469	80003ac6	36315803	lhu	x16,867(x2)	  x2:0x8001e8e0 x16=0x0000fff8 PA:0x8001ec43 load:0x0000fff8
       45695000	      4470	80003aca	8f110723	sb	x17,-1810(x2)	  x2:0x8001e8e0 x17:0xa2348ac2 PA:0x8001e1ce store:0xa2348ac2 load:0x00000000
       45705000	      4471	80003ace	5efd	c.li	x29,-1	 x29=0xffffffff
       45715000	      4472	80003ad0	ccb8af13	slti	x30,x17,-821	 x17:0xa2348ac2 x30=0x00000001
       45725000	      4473	80003ad4	bcc12783	lw	x15,-1076(x2)	  x2:0x8001e8e0 x15=0x64656667 PA:0x8001e4ac load:0x64656667
       45735000	      4474	80003ad8	00022197	auipc	x3,0x22	  x3=0x80025ad8
       45745000	      4475	80003adc	78718193	addi	x3,x3,1927	  x3:0x80025ad8  x3=0x8002625f
       45755000	      4476	80003ae0	fdf19b83	lh	x23,-33(x3)	  x3:0x8002625f x23=0xfffff4f5 PA:0x8002623e load:0xfffff4f5
       45775000	      4478	80003ae4	0081a5a3	sw	x8,11(x3)	  x3:0x8002625f  x8:0x00000004 PA:0x8002626a store:0x00000004 load:0x0000f8f9
       45785000	      4479	80003ae8	0001	c.addi	x0,0	  x0:0x00000000  x0=0x00000000
       45795000	      4480	80003aea	01e5da13	srli	x20,x11,0x1e	 x11:0x00000000 x20=0x00000000
       45805000	      4481	80003aee	00b8efb3	or	x31,x17,x11	 x17:0xa2348ac2 x11:0x00000000 x31=0xa2348ac2
       45815000	      4482	80003af2	8d5d	c.or	x10,x15	 x10:0xffffffd1 x15:0x64656667 x10=0xfffffff7
       45825000	      4483	80003af4	fd61c683	lbu	x13,-42(x3)	  x3:0x8002625f x13=0x000000ee PA:0x80026235 load:0x000000ee
       45835000	      4484	80003af8	8f6b3693	sltiu	x13,x22,-1802	 x22:0x00004445 x13=0x00000001
       45845000	      4485	80003afc	01a1de83	lhu	x29,26(x3)	  x3:0x8002625f x29=0x00003132 PA:0x80026279 load:0x00003132
       45855000	      4486	80003b00	01018423	sb	x16,8(x3)	  x3:0x8002625f x16:0x0000fff8 PA:0x80026267 store:0x0000fff8 load:0x00000000
       45865000	      4487	80003b04	015e44b3	xor	x9,x28,x21	 x28:0x7b770000 x21:0xfffffff1  x9=0x8488fff1
       45885000	      4489	80003b08	fc11ac23	sw	x1,-40(x3)	  x3:0x8002625f  x1:0x00005c5d PA:0x80026237 store:0x00005c5d load:0x000000f8
       45895000	      4490	80003b0c	00cbd093	srli	x1,x23,0xc	 x23:0xfffff4f5  x1=0x000fffff
       45905000	      4491	80003b10	03e1cf03	lbu	x30,62(x3)	  x3:0x8002625f x30=0x00000056 PA:0x8002629d load:0x00000056
       45915000	      4492	80003b14	340753f3	csrrwi	x7,mscratch,14	  x7=0x0000009f
       45925000	      4493	80003b18	9afe	c.add	x21,x31	 x21:0xfffffff1 x31:0xa2348ac2 x21=0xa2348ab3
       45935000	      4494	80003b1a	4054dd33	sra	x26,x9,x5	  x9:0x8488fff1  x5:0x7a7b7008 x26=0xff8488ff
       45945000	      4495	80003b1e	6155	c.addi16sp	x2,304	  x2:0x8001e8e0  x2=0x8001ea10
       46315000	      4532	80003b20	031248b3	div	x17,x4,x17	  x4:0xffff9596 x17:0xa2348ac2 x17=0x00000000
       46325000	      4533	80003b24	86ba	c.mv	x13,x14	  x0:0x00000000 x14:0x00000000 x13=0x00000000
       46335000	      4534	80003b26	80d5	c.srli	x9,0x15	  x9:0x8488fff1  x9=0x00000424
       46345000	      4535	80003b28	0261c883	lbu	x17,38(x3)	  x3:0x8002625f x17=0x0000003e PA:0x80026285 load:0x0000003e
       46355000	      4536	80003b2c	840b1b17	auipc	x22,0x840b1	 x22=0x040b4b2c
       46365000	      4537	80003b30	9df6	c.add	x27,x29	 x27:0xfffff7f0 x29:0x00003132 x27=0x00002922
       46375000	      4538	80003b32	340d2573	csrrs	x10,mscratch,x26	 x26:0xff8488ff x10=0x0000000e
       46385000	      4539	80003b36	0001	c.addi	x0,0	  x0:0x00000000  x0=0x00000000
       46395000	      4540	80003b38	ff11ad03	lw	x26,-15(x3)	  x3:0x8002625f x26=0x08090a0b PA:0x80026250 load:0x08090a0b
       46405000	      4541	80003b3c	00b18a83	lb	x21,11(x3)	  x3:0x8002625f x21=0x00000004 PA:0x8002626a load:0x00000004
       46415000	      4542	80003b40	0001d497	auipc	x9,0x1d	  x9=0x80020b40
       46425000	      4543	80003b44	27548493	addi	x9,x9,629	  x9:0x80020b40  x9=0x80020db5
       46435000	      4544	80003b48	ffc4c303	lbu	x6,-4(x9)	  x9:0x80020db5  x6=0x0000006a PA:0x80020db1 load:0x0000006a
       46445000	      4545	80003b4c	00019b97	auipc	x23,0x19	 x23=0x8001cb4c
       46455000	      4546	80003b50	d7fb8b93	addi	x23,x23,-641	 x23:0x8001cb4c x23=0x8001c8cb
       46475000	      4548	80003b54	febba3a3	sw	x11,-25(x23)	 x23:0x8001c8cb x11:0x00000000 PA:0x8001c8b2 store:0x00000000 load:0x0000f8f9
       46495000	      4550	80003b58	01cb9a83	lh	x21,28(x23)	 x23:0x8001c8cb x21=0xffffa39c PA:0x8001c8e7 load:0xffffa39c
       46505000	      4551	80003b5c	00348d83	lb	x27,3(x9)	  x9:0x80020db5 x27=0x00000073 PA:0x80020db8 load:0x00000073
       46525000	      4553	80003b60	fc8ba5a3	sw	x8,-53(x23)	 x23:0x8001c8cb  x8:0x00000004 PA:0x8001c896 store:0x00000004 load:0x00009c9d
       46545000	      4555	80003b64	01c4a723	sw	x28,14(x9)	  x9:0x80020db5 x28:0x7b770000 PA:0x80020dc3 store:0x7b770000 load:0x0000009c
       46555000	      4556	80003b68	000b8f03	lb	x30,0(x23)	 x23:0x8001c8cb x30=0xffffff80 PA:0x8001c8cb load:0xffffff80
       46565000	      4557	80003b6c	029b8003	lb	x0,41(x23)	 x23:0x8001c8cb  x0=0x00000000 PA:0x8001c8f4 load:0xffffffaf
       46575000	      4558	80003b70	ff24c103	lbu	x2,-14(x9)	  x9:0x80020db5  x2=0x0000005c PA:0x80020da7 load:0x0000005c
       46585000	      4559	80003b74	00648323	sb	x6,6(x9)	  x9:0x80020db5  x6:0x0000006a PA:0x80020dbb store:0x0000006a load:0x00000000
       46595000	      4560	80003b78	01ab8623	sb	x26,12(x23)	 x23:0x8001c8cb x26:0x08090a0b PA:0x8001c8d7 store:0x08090a0b load:0x00000000
       46605000	      4561	80003b7c	fc9baa03	lw	x20,-55(x23)	 x23:0x8001c8cb x20=0x00044e4f PA:0x8001c894 load:0x00044e4f
       46625000	      4563	80003b80	fff4ad23	sw	x31,-6(x9)	  x9:0x80020db5 x31:0xa2348ac2 PA:0x80020daf store:0xa2348ac2 load:0x0000009c
       46645000	      4565	80003b84	fd3bab03	lw	x22,-45(x23)	 x23:0x8001c8cb x22=0x5a5b5455 PA:0x8001c89e load:0x5a5b5455
       46655000	      4566	80003b88	ff948e83	lb	x29,-7(x9)	  x9:0x80020db5 x29=0x00000065 PA:0x80020dae load:0x00000065
       46665000	      4567	80003b8c	ff548e03	lb	x28,-11(x9)	  x9:0x80020db5 x28=0x00000061 PA:0x80020daa load:0x00000061
       46685000	      4569	80003b90	fecb9883	lh	x17,-20(x23)	 x23:0x8001c8cb x17=0x0000736c PA:0x8001c8b7 load:0x0000736c
       46695000	      4570	80003b94	00019197	auipc	x3,0x19	  x3=0x8001cb94
       46705000	      4571	80003b98	38418193	addi	x3,x3,900	  x3:0x8001cb94  x3=0x8001cf18
       46715000	      4572	80003b9c	00024297	auipc	x5,0x24	  x5=0x80027b9c
       46725000	      4573	80003ba0	75c28293	addi	x5,x5,1884	  x5:0x80027b9c  x5=0x800282f8
       46735000	      4574	80003ba4	94218a03	lb	x20,-1726(x3)	  x3:0x8001cf18 x20=0x00000011 PA:0x8001c85a load:0x00000011
       46745000	      4575	80003ba8	bf228a83	lb	x21,-1038(x5)	  x5:0x800282f8 x21=0xffffffa1 PA:0x80027eea load:0xffffffa1
       46755000	      4576	80003bac	07628083	lb	x1,118(x5)	  x5:0x800282f8  x1=0x00000025 PA:0x8002836e load:0x00000025
       46765000	      4577	80003bb0	c602d083	lhu	x1,-928(x5)	  x5:0x800282f8  x1=0x00001213 PA:0x80027f58 load:0x00001213
       46775000	      4578	80003bb4	f7d18ea3	sb	x29,-131(x3)	  x3:0x8001cf18 x29:0x00000065 PA:0x8001ce95 store:0x00000065 load:0x00000000
       46785000	      4579	80003bb8	81e2d603	lhu	x12,-2018(x5)	  x5:0x800282f8 x12=0x0000cccd PA:0x80027b16 load:0x0000cccd
       46795000	      4580	80003bbc	115184a3	sb	x21,265(x3)	  x3:0x8001cf18 x21:0xffffffa1 PA:0x8001d021 store:0xffffffa1 load:0x00000000
       46805000	      4581	80003bc0	91028a03	lb	x20,-1776(x5)	  x5:0x800282f8 x20=0xffffffc3 PA:0x80027c08 load:0xffffffc3
       46815000	      4582	80003bc4	fea18703	lb	x14,-22(x3)	  x3:0x8001cf18 x14=0xffffffb9 PA:0x8001cf02 load:0xffffffb9
       46835000	      4584	80003bc8	c6e1a903	lw	x18,-914(x3)	  x3:0x8001cf18 x18=0x42433c3d PA:0x8001cb86 load:0x42433c3d
       46855000	      4586	80003bcc	d2b1ac03	lw	x24,-725(x3)	  x3:0x8001cf18 x24=0xfdfefff8 PA:0x8001cc43 load:0xfdfefff8
       46865000	      4587	80003bd0	67c283a3	sb	x28,1639(x5)	  x5:0x800282f8 x28:0x00000061 PA:0x8002895f store:0x00000061 load:0x00000000
       46885000	      4589	80003bd4	af71db03	lhu	x22,-1289(x3)	  x3:0x8001cf18 x22=0x0000cbc4 PA:0x8001ca0f load:0x0000cbc4
       46895000	      4590	80003bd8	ffa18103	lb	x2,-6(x3)	  x3:0x8001cf18  x2=0xffffffc9 PA:0x8001cf12 load:0xffffffc9
       46905000	      4591	80003bdc	6312cb03	lbu	x22,1585(x5)	  x5:0x800282f8 x22=0x000000e2 PA:0x80028929 load:0x000000e2
       46915000	      4592	80003be0	05c2d903	lhu	x18,92(x5)	  x5:0x800282f8 x18=0x00000e0f PA:0x80028354 load:0x00000e0f
       46925000	      4593	80003be4	00023517	auipc	x10,0x23	 x10=0x80026be4
       46935000	      4594	80003be8	3ca50513	addi	x10,x10,970	 x10:0x80026be4 x10=0x80026fae
       46945000	      4595	80003bec	00018a17	auipc	x20,0x18	 x20=0x8001bbec
       46955000	      4596	80003bf0	6b3a0a13	addi	x20,x20,1715	 x20:0x8001bbec x20=0x8001c29f
       46975000	      4598	80003bf4	ff8a2103	lw	x2,-8(x20)	 x20:0x8001c29f  x2=0x5152534c PA:0x8001c297 load:0x5152534c
       46985000	      4599	80003bf8	011a13a3	sh	x17,7(x20)	 x20:0x8001c29f x17:0x0000736c PA:0x8001c2a6 store:0x0000736c load:0x00000000
       46995000	      4600	80003bfc	14f50483	lb	x9,335(x10)	 x10:0x80026fae  x9=0xffffffb6 PA:0x800270fd load:0xffffffb6
       47015000	      4602	80003c00	e8155603	lhu	x12,-383(x10)	 x10:0x80026fae x12=0x0000ebe4 PA:0x80026e2f load:0x0000ebe4
       47025000	      4603	80003c04	c1c54d83	lbu	x27,-996(x10)	 x10:0x80026fae x27=0x00000081 PA:0x80026bca load:0x00000081
       47045000	      4605	80003c08	3f252da3	sw	x18,1019(x10)	 x10:0x80026fae x18:0x00000e0f PA:0x800273a9 store:0x00000e0f load:0x00e4e5e6
       47065000	      4607	80003c0c	ff8a5f03	lhu	x30,-8(x20)	 x20:0x8001c29f x30=0x0000534c PA:0x8001c297 load:0x0000534c
       47085000	      4609	80003c10	014a21a3	sw	x20,3(x20)	 x20:0x8001c29f x20:0x8001c29f PA:0x8001c2a2 store:0x8001c29f load:0x00004c4d
       47105000	      4611	80003c14	c4155203	lhu	x4,-959(x10)	 x10:0x80026fae  x4=0x0000aba4 PA:0x80026bef load:0x0000aba4
       47115000	      4612	80003c18	6c152b23	sw	x1,1750(x10)	 x10:0x80026fae  x1:0x00001213 PA:0x80027684 store:0x00001213 load:0x00000000
       47125000	      4613	80003c1c	4cb55083	lhu	x1,1227(x10)	 x10:0x80026fae  x1=0x00003132 PA:0x80027479 load:0x00003132
       47135000	      4614	80003c20	001a2b83	lw	x23,1(x20)	 x20:0x8001c29f x23=0xc29f5a5b PA:0x8001c2a0 load:0xc29f5a5b
       47155000	      4616	80003c24	a7452803	lw	x16,-1420(x10)	 x10:0x80026fae x16=0xdedfd8d9 PA:0x80026a22 load:0xdedfd8d9
       47165000	      4617	80003c28	009a1723	sh	x9,14(x20)	 x20:0x8001c29f  x9:0xffffffb6 PA:0x8001c2ad store:0xffffffb6 load:0x00000000
       47175000	      4618	80003c2c	173503a3	sb	x19,359(x10)	 x10:0x80026fae x19:0x80031e64 PA:0x80027115 store:0x80031e64 load:0x00000000
       47185000	      4619	80003c30	00aa14a3	sh	x10,9(x20)	 x20:0x8001c29f x10:0x80026fae PA:0x8001c2a8 store:0x80026fae load:0x00000000
       47195000	      4620	80003c34	0001d697	auipc	x13,0x1d	 x13=0x80020c34
       47205000	      4621	80003c38	c0468693	addi	x13,x13,-1020	 x13:0x80020c34 x13=0x80020838
       47225000	      4623	80003c3c	0c26a003	lw	x0,194(x13)	 x13:0x80020838  x0=0x00000000 PA:0x800208fa load:0xb6b7b0b1
       47235000	      4624	80003c40	04a687a3	sb	x10,79(x13)	 x13:0x80020838 x10:0x80026fae PA:0x80020887 store:0x80026fae load:0x00000000
       47245000	      4625	80003c44	0f668103	lb	x2,246(x13)	 x13:0x80020838  x2=0xffffffe5 PA:0x8002092e load:0xffffffe5
       47255000	      4626	80003c48	f5468b03	lb	x22,-172(x13)	 x13:0x80020838 x22=0x00000047 PA:0x8002078c load:0x00000047
       47265000	      4627	80003c4c	00019597	auipc	x11,0x19	 x11=0x8001cc4c
       47275000	      4628	80003c50	1cd58593	addi	x11,x11,461	 x11:0x8001cc4c x11=0x8001ce19
       47285000	      4629	80003c54	de80	c.sw	x8,56(x13)	 x13:0x80020838  x8:0x00000004 PA:0x80020870 store:0x00000004 load:0x00000000
       47295000	      4630	80003c56	f885d183	lhu	x3,-120(x11)	 x11:0x8001ce19  x3=0x0000595a PA:0x8001cda1 load:0x0000595a
       47315000	      4632	80003c5a	f866a603	lw	x12,-122(x13)	 x13:0x80020838 x12=0x7a7b7475 PA:0x800207be load:0x7a7b7475
       47325000	      4633	80003c5e	c145db83	lhu	x23,-1004(x11)	 x11:0x8001ce19 x23=0x0000e5e6 PA:0x8001ca2d load:0x0000e5e6
       47335000	      4634	80003c62	aac5c903	lbu	x18,-1364(x11)	 x11:0x8001ce19 x18=0x0000007e PA:0x8001c8c5 load:0x0000007e
       47345000	      4635	80003c66	00468523	sb	x4,10(x13)	 x13:0x80020838  x4:0x0000aba4 PA:0x80020842 store:0x0000aba4 load:0x00000000
       47355000	      4636	80003c6a	f1a68a23	sb	x26,-236(x13)	 x13:0x80020838 x26:0x08090a0b PA:0x8002074c store:0x08090a0b load:0x00000000
       47375000	      4638	80003c6e	9d759d23	sh	x23,-1574(x11)	 x11:0x8001ce19 x23:0x0000e5e6 PA:0x8001c7f3 store:0x0000e5e6 load:0x00000074
       47385000	      4639	80003c72	09d6de03	lhu	x28,157(x13)	 x13:0x80020838 x28=0x00008d8e PA:0x800208d5 load:0x00008d8e
       47405000	      4641	80003c76	9705ac23	sw	x16,-1672(x11)	 x11:0x8001ce19 x16:0xdedfd8d9 PA:0x8001c791 store:0xdedfd8d9 load:0x00747576
       47415000	      4642	80003c7a	0076c103	lbu	x2,7(x13)	 x13:0x80020838  x2=0x000000f4 PA:0x8002083f load:0x000000f4
       47425000	      4643	80003c7e	b7a59ea3	sh	x26,-1155(x11)	 x11:0x8001ce19 x26:0x08090a0b PA:0x8001c996 store:0x08090a0b load:0x00000000
       47435000	      4644	80003c82	c1f58703	lb	x14,-993(x11)	 x11:0x8001ce19 x14=0xfffffff3 PA:0x8001ca38 load:0xfffffff3
       47445000	      4645	80003c86	00019897	auipc	x17,0x19	 x17=0x8001cc86
       47455000	      4646	80003c8a	89a88893	addi	x17,x17,-1894	 x17:0x8001cc86 x17=0x8001c520
       47465000	      4647	80003c8e	f3588223	sb	x21,-220(x17)	 x17:0x8001c520 x21:0xffffffa1 PA:0x8001c444 store:0xffffffa1 load:0x00000000
       47485000	      4649	80003c92	f578a283	lw	x5,-169(x17)	 x17:0x8001c520  x5=0x3132332c PA:0x8001c477 load:0x3132332c
       47495000	      4650	80003c96	f5788e83	lb	x29,-169(x17)	 x17:0x8001c520 x29=0x0000002c PA:0x8001c477 load:0x0000002c
       47515000	      4652	80003c9a	f878da83	lhu	x21,-121(x17)	 x17:0x8001c520 x21=0x0000635c PA:0x8001c4a7 load:0x0000635c
       47535000	      4654	80003c9e	f878d483	lhu	x9,-121(x17)	 x17:0x8001c520  x9=0x0000635c PA:0x8001c4a7 load:0x0000635c
       47545000	      4655	80003ca2	f6e8c503	lbu	x10,-146(x17)	 x17:0x8001c520 x10=0x00000045 PA:0x8001c48e load:0x00000045
       47565000	      4657	80003ca6	f1d8ac03	lw	x24,-227(x17)	 x17:0x8001c520 x24=0xfbf4f5f6 PA:0x8001c43d load:0xfbf4f5f6
       47575000	      4658	80003caa	fc089503	lh	x10,-64(x17)	 x17:0x8001c520 x10=0xffff9a9b PA:0x8001c4e0 load:0xffff9a9b
       47595000	      4660	80003cae	0598a083	lw	x1,89(x17)	 x17:0x8001c520  x1=0x37303132 PA:0x8001c579 load:0x37303132
       47605000	      4661	80003cb2	0578c503	lbu	x10,87(x17)	 x17:0x8001c520 x10=0x0000002c PA:0x8001c577 load:0x0000002c
       47625000	      4663	80003cb6	04e89ba3	sh	x14,87(x17)	 x17:0x8001c520 x14:0xfffffff3 PA:0x8001c577 store:0xfffffff3 load:0x00000030
       47645000	      4665	80003cba	0578a503	lw	x10,87(x17)	 x17:0x8001c520 x10=0x3132fff3 PA:0x8001c577 load:0x3132fff3
       47665000	      4667	80003cbe	0508aba3	sw	x16,87(x17)	 x17:0x8001c520 x16:0xdedfd8d9 PA:0x8001c577 store:0xdedfd8d9 load:0x000000f3
       47675000	      4668	80003cc2	0de883a3	sb	x30,199(x17)	 x17:0x8001c520 x30:0x0000534c PA:0x8001c5e7 store:0x0000534c load:0x00000000
       47695000	      4670	80003cc6	0c789283	lh	x5,199(x17)	 x17:0x8001c520  x5=0xffffa34c PA:0x8001c5e7 load:0xffffa34c
       47705000	      4671	80003cca	0c78c003	lbu	x0,199(x17)	 x17:0x8001c520  x0=0x00000000 PA:0x8001c5e7 load:0x0000004c
       47715000	      4672	80003cce	02b888a3	sb	x11,49(x17)	 x17:0x8001c520 x11:0x8001ce19 PA:0x8001c551 store:0x8001ce19 load:0x00000000
       47735000	      4674	80003cd2	0318a683	lw	x13,49(x17)	 x17:0x8001c520 x13=0x0f080919 PA:0x8001c551 load:0x0f080919
       47775000	      4678	80003cd6	03a92bb3	mulhsu	x23,x18,x26	 x18:0x0000007e x26:0x08090a0b x23=0x00000003
       47785000	      4679	80003cda	03189d03	lh	x26,49(x17)	 x17:0x8001c520 x26=0x00000919 PA:0x8001c551 load:0x00000919
       47795000	      4680	80003cde	0001ad17	auipc	x26,0x1a	 x26=0x8001dcde
       47805000	      4681	80003ce2	da3d0d13	addi	x26,x26,-605	 x26:0x8001dcde x26=0x8001da81
       47815000	      4682	80003ce6	ffcd4b83	lbu	x23,-4(x26)	 x26:0x8001da81 x23=0x00000036 PA:0x8001da7d load:0x00000036
       47825000	      4683	80003cea	0001	c.addi	x0,0	  x0:0x00000000  x0=0x00000000
       47835000	      4684	80003cec	00b615b3	sll	x11,x12,x11	 x12:0x7a7b7475 x11:0x8001ce19 x11=0xea000000
       47845000	      4685	80003cf0	fdfd4783	lbu	x15,-33(x26)	 x26:0x8001da81 x15=0x0000001b PA:0x8001da60 load:0x0000001b
       47855000	      4686	80003cf4	18fd	c.addi	x17,-1	 x17:0x8001c520 x17=0x8001c51f
       47865000	      4687	80003cf6	02bd5283	lhu	x5,43(x26)	 x26:0x8001da81  x5=0x00006667 PA:0x8001daac load:0x00006667
       47885000	      4689	80003cfa	fd4d22a3	sw	x20,-59(x26)	 x26:0x8001da81 x20:0x8001c29f PA:0x8001da46 store:0x8001c29f load:0x00000809
       47905000	      4691	80003cfe	020d2e03	lw	x28,32(x26)	 x26:0x8001da81 x28=0x5f58595a PA:0x8001daa1 load:0x5f58595a
       47915000	      4692	80003d02	ff6d0803	lb	x16,-10(x26)	 x26:0x8001da81 x16=0x0000002c PA:0x8001da77 load:0x0000002c
       47925000	      4693	80003d06	02fd4f83	lbu	x31,47(x26)	 x26:0x8001da81 x31=0x0000006b PA:0x8001dab0 load:0x0000006b
       47935000	      4694	80003d0a	8592	c.mv	x11,x4	  x0:0x00000000  x4:0x0000aba4 x11=0x0000aba4
       47945000	      4695	80003d0c	007be8b3	or	x17,x23,x7	 x23:0x00000036  x7:0x0000009f x17=0x000000bf
       47965000	      4697	80003d10	01bd2423	sw	x27,8(x26)	 x26:0x8001da81 x27:0x00000081 PA:0x8001da89 store:0x00000081 load:0x0058595a
       47975000	      4698	80003d14	febd0623	sb	x11,-20(x26)	 x26:0x8001da81 x11:0x0000aba4 PA:0x8001da6d store:0x0000aba4 load:0x00000000
       47985000	      4699	80003d18	003d1ca3	sh	x3,25(x26)	 x26:0x8001da81  x3:0x0000595a PA:0x8001da9a store:0x0000595a load:0x00000000
       48025000	      4703	80003d1c	02a933b3	mulhu	x7,x18,x10	 x18:0x0000007e x10:0x3132fff3  x7=0x00000018
       48035000	      4704	80003d20	00c13e33	sltu	x28,x2,x12	  x2:0x000000f4 x12:0x7a7b7475 x28=0x00000001
       48045000	      4705	80003d24	4d696693	ori	x13,x18,1238	 x18:0x0000007e x13=0x000004fe
       48055000	      4706	80003d28	020d1e83	lh	x29,32(x26)	 x26:0x8001da81 x29=0x0000595a PA:0x8001daa1 load:0x0000595a
       48065000	      4707	80003d2c	fddd4683	lbu	x13,-35(x26)	 x26:0x8001da81 x13=0x00000015 PA:0x8001da5e load:0x00000015
       48085000	      4709	80003d30	006d2783	lw	x15,6(x26)	 x26:0x8001da81 x15=0x0081433c PA:0x8001da87 load:0x0081433c
       48095000	      4710	80003d34	6bd5	c.lui	x23,0x15	 x23=0x00015000
       48105000	      4711	80003d36	db98f093	andi	x1,x17,-583	 x17:0x000000bf  x1=0x000000b9
       48115000	      4712	80003d3a	0001	c.addi	x0,0	  x0:0x00000000  x0=0x00000000
       48125000	      4713	80003d3c	8e79	c.and	x12,x14	 x12:0x7a7b7475 x14:0xfffffff3 x12=0x7a7b7471
       48135000	      4714	80003d3e	fc3d1383	lh	x7,-61(x26)	 x26:0x8001da81  x7=0xfffffeff PA:0x8001da44 load:0xfffffeff
       48155000	      4716	80003d42	007b48b3	xor	x17,x22,x7	 x22:0x00000047  x7:0xfffffeff x17=0xfffffeb8
       48195000	      4720	80003d46	02c5a7b3	mulhsu	x15,x11,x12	 x11:0x0000aba4 x12:0x7a7b7471 x15=0x0000521e
       48205000	      4721	80003d4a	01cd5a83	lhu	x21,28(x26)	 x26:0x8001da81 x21=0x00005556 PA:0x8001da9d load:0x00005556
       48215000	      4722	80003d4e	025d4903	lbu	x18,37(x26)	 x26:0x8001da81 x18=0x0000005d PA:0x8001daa6 load:0x0000005d
       48225000	      4723	80003d52	0ff0000f	fence	iorw,iorw	
       48235000	      4724	80003d56	019d5183	lhu	x3,25(x26)	 x26:0x8001da81  x3=0x0000595a PA:0x8001da9a load:0x0000595a
       48245000	      4725	80003d5a	fc5d0a23	sb	x5,-44(x26)	 x26:0x8001da81  x5:0x00006667 PA:0x8001da55 store:0x00006667 load:0x00000000
       48255000	      4726	80003d5e	417284b3	sub	x9,x5,x23	  x5:0x00006667 x23:0x00015000  x9=0xffff1667
       48265000	      4727	80003d62	fd4d0903	lb	x18,-44(x26)	 x26:0x8001da81 x18=0x00000067 PA:0x8001da55 load:0x00000067
       48275000	      4728	80003d66	00543b33	sltu	x22,x8,x5	  x8:0x00000004  x5:0x00006667 x22=0x00000001
       48295000	      4730	80003d6a	02ed5583	lhu	x11,46(x26)	 x26:0x8001da81 x11=0x00006b64 PA:0x8001daaf load:0x00006b64
       48305000	      4731	80003d6e	fe8d1623	sh	x8,-20(x26)	 x26:0x8001da81  x8:0x00000004 PA:0x8001da6d store:0x00000004 load:0x00000000
       48315000	      4732	80003d72	fd8d0783	lb	x15,-40(x26)	 x26:0x8001da81 x15=0x00000012 PA:0x8001da59 load:0x00000012
       48335000	      4734	80003d76	00bd2c23	sw	x11,24(x26)	 x26:0x8001da81 x11:0x00006b64 PA:0x8001da99 store:0x00006b64 load:0x00646566
       48705000	      4771	80003d7a	0232d533	divu	x10,x5,x3	  x5:0x00006667  x3:0x0000595a x10=0x00000001
       48725000	      4773	80003d7e	01ad5c03	lhu	x24,26(x26)	 x26:0x8001da81 x24=0x00000000 PA:0x8001da9b load:0x00000000
       48735000	      4774	80003d82	01351b33	sll	x22,x10,x19	 x10:0x00000001 x19:0x80031e64 x22=0x00000010
       48745000	      4775	80003d86	023d1703	lh	x14,35(x26)	 x26:0x8001da81 x14=0x00005e5f PA:0x8001daa4 load:0x00005e5f
       48755000	      4776	80003d8a	026d4103	lbu	x2,38(x26)	 x26:0x8001da81  x2=0x0000005c PA:0x8001daa7 load:0x0000005c
       48765000	      4777	80003d8e	007d1a03	lh	x20,7(x26)	 x26:0x8001da81 x20=0xffff8143 PA:0x8001da88 load:0xffff8143
       48775000	      4778	80003d92	022d0f03	lb	x30,34(x26)	 x26:0x8001da81 x30=0x00000058 PA:0x8001daa3 load:0x00000058
       48795000	      4780	80003d96	025d2103	lw	x2,37(x26)	 x26:0x8001da81  x2=0x62635c5d PA:0x8001daa6 load:0x62635c5d
       48805000	      4781	80003d9a	03bd2a83	lw	x21,59(x26)	 x26:0x8001da81 x21=0x74757677 PA:0x8001dabc load:0x74757677
       48815000	      4782	80003d9e	00024797	auipc	x15,0x24	 x15=0x80027d9e
       48825000	      4783	80003da2	2ae78793	addi	x15,x15,686	 x15:0x80027d9e x15=0x8002804c
       48835000	      4784	80003da6	c0470c17	auipc	x24,0xc0470	 x24=0x40473da6
       48845000	      4785	80003daa	0047c183	lbu	x3,4(x15)	 x15:0x8002804c  x3=0x0000000b PA:0x80028050 load:0x0000000b
       48855000	      4786	80003dae	34002d73	csrrs	x26,mscratch,x0	  x0:0x00000000 x26=0xff8488ff
       48865000	      4787	80003db2	0087c283	lbu	x5,8(x15)	 x15:0x8002804c  x5=0x0000000f PA:0x80028054 load:0x0000000f
       48875000	      4788	80003db6	0017cd83	lbu	x27,1(x15)	 x15:0x8002804c x27=0x00000006 PA:0x8002804d load:0x00000006
       49245000	      4825	80003dba	03035a33	divu	x20,x6,x16	  x6:0x0000006a x16:0x0000002c x20=0x00000002
       49285000	      4829	80003dbe	03b511b3	mulh	x3,x10,x27	 x10:0x00000001 x27:0x00000006  x3=0x00000000
       49295000	      4830	80003dc2	001deeb3	or	x29,x27,x1	 x27:0x00000006  x1:0x000000b9 x29=0x000000bf
       49305000	      4831	80003dc6	ffe79103	lh	x2,-2(x15)	 x15:0x8002804c  x2=0x00000001 PA:0x8002804a load:0x00000001
       49325000	      4833	80003dca	ffb7d683	lhu	x13,-5(x15)	 x15:0x8002804c x13=0x000003fc PA:0x80028047 load:0x000003fc
       49335000	      4834	80003dce	717d	c.addi16sp	x2,-16	  x2:0x00000001  x2=0xfffffff1
       49345000	      4835	80003dd0	ffc7a903	lw	x18,-4(x15)	 x15:0x8002804c x18=0x00010203 PA:0x80028048 load:0x00010203
       49355000	      4836	80003dd4	0ff0000f	fence	iorw,iorw	
       49365000	      4837	80003dd8	00e7d103	lhu	x2,14(x15)	 x15:0x8002804c  x2=0x00001011 PA:0x8002805a load:0x00001011
       49375000	      4838	80003ddc	0000100f	fence.i	
       49425000	      4843	80003de0	026e35b3	mulhu	x11,x28,x6	 x28:0x00000001  x6:0x0000006a x11=0x00000000
       49435000	      4844	80003de4	ff479e23	sh	x20,-4(x15)	 x15:0x8002804c x20:0x00000002 PA:0x80028048 store:0x00000002 load:0x00000000
       49445000	      4845	80003de8	9a16	c.add	x20,x5	 x20:0x00000002  x5:0x0000000f x20=0x00000011
       49455000	      4846	80003dea	8679	c.srai	x12,0x1e	 x12:0x7a7b7471 x12=0x00000001
       49465000	      4847	80003dec	00179523	sh	x1,10(x15)	 x15:0x8002804c  x1:0x000000b9 PA:0x80028056 store:0x000000b9 load:0x00000000
       49485000	      4849	80003df0	0037a0a3	sw	x3,1(x15)	 x15:0x8002804c  x3:0x00000000 PA:0x8002804d store:0x00000000 load:0x00fcfdfe
       49495000	      4850	80003df4	00d78183	lb	x3,13(x15)	 x15:0x8002804c  x3=0x00000012 PA:0x80028059 load:0x00000012
       49505000	      4851	80003df8	691d0813	addi	x16,x26,1681	 x26:0xff8488ff x16=0xff848f90
       49515000	      4852	80003dfc	c798	c.sw	x14,8(x15)	 x15:0x8002804c x14:0x00005e5f PA:0x80028054 store:0x00005e5f load:0x00000000
       49525000	      4853	80003dfe	fe778e23	sb	x7,-4(x15)	 x15:0x8002804c  x7:0xfffffeff PA:0x80028048 store:0xfffffeff load:0x00000000
       49535000	      4854	80003e02	4b8c	c.lw	x11,16(x15)	 x15:0x8002804c x11=0x14151617 PA:0x8002805c load:0x14151617
       49555000	      4856	80003e04	01d7a4a3	sw	x29,9(x15)	 x15:0x8002804c x29:0x000000bf PA:0x80028055 store:0x000000bf load:0x00fcfdfe
       49565000	      4857	80003e08	0183b533	sltu	x10,x7,x24	  x7:0xfffffeff x24:0x40473da6 x10=0x00000000
       49585000	      4859	80003e0c	0047a4a3	sw	x4,9(x15)	 x15:0x8002804c  x4:0x0000aba4 PA:0x80028055 store:0x0000aba4 load:0x00fcfdfe
       49605000	      4861	80003e10	0087a2a3	sw	x8,5(x15)	 x15:0x8002804c  x8:0x00000004 PA:0x80028051 store:0x00000004 load:0x00fcfdfe
       49615000	      4862	80003e14	6165	c.addi16sp	x2,112	  x2:0x00001011  x2=0x00001081
       49635000	      4864	80003e16	ffb7aca3	sw	x27,-7(x15)	 x15:0x8002804c x27:0x00000006 PA:0x80028045 store:0x00000006 load:0x00fcfdfe
       49675000	      4868	80003e1a	03a8aeb3	mulhsu	x29,x17,x26	 x17:0xfffffeb8 x26:0xff8488ff x29=0xfffffeb8
       50045000	      4905	80003e1e	02f042b3	div	x5,x0,x15	  x0:0x00000000 x15:0x8002804c  x5=0x00000000
       50055000	      4906	80003e22	9d5e	c.add	x26,x23	 x26:0xff8488ff x23:0x00015000 x26=0xff85d8ff
       50425000	      4943	80003e24	037373b3	remu	x7,x6,x23	  x6:0x0000006a x23:0x00015000  x7=0x0000006a
       50435000	      4944	80003e28	00578c03	lb	x24,5(x15)	 x15:0x8002804c x24=0x00000004 PA:0x80028051 load:0x00000004
       50445000	      4945	80003e2c	0007ad03	lw	x26,0(x15)	 x15:0x8002804c x26=0x00000007 PA:0x8002804c load:0x00000007
       50455000	      4946	80003e30	ff878a83	lb	x21,-8(x15)	 x15:0x8002804c x21=0xffffffff PA:0x80028044 load:0xffffffff
       50465000	      4947	80003e34	887a	c.mv	x16,x30	  x0:0x00000000 x30:0x00000058 x16=0x00000058
       50475000	      4948	80003e36	ff978d03	lb	x26,-7(x15)	 x15:0x8002804c x26=0x00000006 PA:0x80028045 load:0x00000006
       50485000	      4949	80003e3a	42686113	ori	x2,x16,1062	 x16:0x00000058  x2=0x0000047e
       50495000	      4950	80003e3e	ffc79103	lh	x2,-4(x15)	 x15:0x8002804c  x2=0x00000000 PA:0x80028048 load:0x00000000
       50505000	      4951	80003e42	0017dc03	lhu	x24,1(x15)	 x15:0x8002804c x24=0x00000000 PA:0x8002804d load:0x00000000
       50515000	      4952	80003e46	ff778803	lb	x16,-9(x15)	 x15:0x8002804c x16=0xfffffff8 PA:0x80028043 load:0xfffffff8
       50525000	      4953	80003e4a	0107ad83	lw	x27,16(x15)	 x15:0x8002804c x27=0x14151617 PA:0x8002805c load:0x14151617
       50545000	      4955	80003e4e	fe07ad23	sw	x0,-6(x15)	 x15:0x8002804c  x0:0x00000000 PA:0x80028046 store:0x00000000 load:0x0000fcfd
       50555000	      4956	80003e52	00025317	auipc	x6,0x25	  x6=0x80028e52
       50565000	      4957	80003e56	ec030313	addi	x6,x6,-320	  x6:0x80028e52  x6=0x80028d12
       50575000	      4958	80003e5a	00018e97	auipc	x29,0x18	 x29=0x8001be5a
       50585000	      4959	80003e5e	685e8e93	addi	x29,x29,1669	 x29:0x8001be5a x29=0x8001c4df
       50605000	      4961	80003e62	fc5ea823	sw	x5,-48(x29)	 x29:0x8001c4df  x5:0x00000000 PA:0x8001c4af store:0x00000000 load:0x000000fc
       50615000	      4962	80003e66	00034883	lbu	x17,0(x6)	  x6:0x80028d12 x17=0x000000c9 PA:0x80028d12 load:0x000000c9
       50635000	      4964	80003e6a	00f32a83	lw	x21,15(x6)	  x6:0x80028d12 x21=0xdfd8d9da PA:0x80028d21 load:0xdfd8d9da
       50645000	      4965	80003e6e	fe1ed103	lhu	x2,-31(x29)	 x29:0x8001c4df  x2=0x00007a7b PA:0x8001c4c0 load:0x00007a7b
       50655000	      4966	80003e72	005ea483	lw	x9,5(x29)	 x29:0x8001c4df  x9=0x9c9d9e9f PA:0x8001c4e4 load:0x9c9d9e9f
       50675000	      4968	80003e76	fe831aa3	sh	x8,-11(x6)	  x6:0x80028d12  x8:0x00000004 PA:0x80028d07 store:0x00000004 load:0x000000d8
       50685000	      4969	80003e7a	00a31f03	lh	x30,10(x6)	  x6:0x80028d12 x30=0xffffd6d7 PA:0x80028d1c load:0xffffd6d7
       50705000	      4971	80003e7e	024e9823	sh	x4,48(x29)	 x29:0x8001c4df  x4:0x0000aba4 PA:0x8001c50f store:0x0000aba4 load:0x000000d8
       50725000	      4973	80003e82	fc4ea003	lw	x0,-60(x29)	 x29:0x8001c4df  x0=0x00000000 PA:0x8001c4a3 load:0x5d5e5f58
       50745000	      4975	80003e86	00932703	lw	x14,9(x6)	  x6:0x80028d12 x14=0xd5d6d7d0 PA:0x80028d1b load:0xd5d6d7d0
       50755000	      4976	80003e8a	fe1e8d23	sb	x1,-6(x29)	 x29:0x8001c4df  x1:0x000000b9 PA:0x8001c4d9 store:0x000000b9 load:0x00000000
       50765000	      4977	80003e8e	ffa35003	lhu	x0,-6(x6)	  x6:0x80028d12  x0=0x00000000 PA:0x80028d0c load:0x0000c6c7
       50785000	      4979	80003e92	018edd03	lhu	x26,24(x29)	 x29:0x8001c4df x26=0x0000b3ac PA:0x8001c4f7 load:0x0000b3ac
       50795000	      4980	80003e96	ff634783	lbu	x15,-10(x6)	  x6:0x80028d12 x15=0x00000000 PA:0x80028d08 load:0x00000000
       50805000	      4981	80003e9a	022e9f23	sh	x2,62(x29)	 x29:0x8001c4df  x2:0x00007a7b PA:0x8001c51d store:0x00007a7b load:0x00000000
       50815000	      4982	80003e9e	ff235f83	lhu	x31,-14(x6)	  x6:0x80028d12 x31=0x0000bebf PA:0x80028d04 load:0x0000bebf
       50825000	      4983	80003ea2	ffbe8ea3	sb	x27,-3(x29)	 x29:0x8001c4df x27:0x14151617 PA:0x8001c4dc store:0x14151617 load:0x00000000
       50835000	      4984	80003ea6	00018117	auipc	x2,0x18	  x2=0x8001bea6
       50845000	      4985	80003eaa	7a910113	addi	x2,x2,1961	  x2:0x8001bea6  x2=0x8001c64f
       50855000	      4986	80003eae	3406dd73	csrrwi	x26,mscratch,13	 x26=0xff8488ff
       50875000	      4988	80003eb2	5b86	c.lwsp	x23,96(x2)	  x2:0x8001c64f x23=0x696a6b64 PA:0x8001c6af load:0x696a6b64
       50885000	      4989	80003eb4	01224933	xor	x18,x4,x18	  x4:0x0000aba4 x18:0x00010203 x18=0x0001a9a7
       50895000	      4990	80003eb8	6861	c.lui	x16,0x18	 x16=0x00018000
       50905000	      4991	80003eba	8b26	c.mv	x22,x9	  x0:0x00000000  x9:0x9c9d9e9f x22=0x9c9d9e9f
       50915000	      4992	80003ebc	34006d73	csrrsi	x26,mscratch,0	 x26=0x0000000d
       50925000	      4993	80003ec0	009ddfb3	srl	x31,x27,x9	 x27:0x14151617  x9:0x9c9d9e9f x31=0x00000000
       50935000	      4994	80003ec4	8c99	c.sub	x9,x14	  x9:0x9c9d9e9f x14:0xd5d6d7d0  x9=0xc6c6c6cf
       50945000	      4995	80003ec6	03d11d23	sh	x29,58(x2)	  x2:0x8001c64f x29:0x8001c4df PA:0x8001c689 store:0x8001c4df load:0x00000000
       50965000	      4997	80003eca	0203de33	divu	x28,x7,x0	  x7:0x0000006a  x0:0x00000000 x28=0xffffffff
       50975000	      4998	80003ece	813c36b7	lui	x13,0x813c3	 x13=0x813c3000
       50985000	      4999	80003ed2	00bf8eb3	add	x29,x31,x11	 x31:0x00000000 x11:0x14151617 x29=0x14151617
       50995000	      5000	80003ed6	fa010c23	sb	x0,-72(x2)	  x2:0x8001c64f  x0:0x00000000 PA:0x8001c607 store:0x00000000 load:0x00000000
       51005000	      5001	80003eda	0ec108a3	sb	x12,241(x2)	  x2:0x8001c64f x12:0x00000001 PA:0x8001c740 store:0x00000001 load:0x00000000
       51015000	      5002	80003ede	00385f13	srli	x30,x16,0x3	 x16:0x00018000 x30=0x00003000
       51025000	      5003	80003ee2	50224793	xori	x15,x4,1282	  x4:0x0000aba4 x15=0x0000aea6
       51045000	      5005	80003ee6	f8e12383	lw	x7,-114(x2)	  x2:0x8001c64f  x7=0x9b949596 PA:0x8001c5dd load:0x9b949596
       51055000	      5006	80003eea	014d5e93	srli	x29,x26,0x14	 x26:0x0000000d x29=0x00000000
       51065000	      5007	80003eee	0000100f	fence.i	
       51095000	      5010	80003ef2	0000100f	fence.i	
       51125000	      5013	80003ef6	3409b5f3	csrrc	x11,mscratch,x19	 x19:0x80031e64 x11=0x0000000d
       51135000	      5014	80003efa	85b2	c.mv	x11,x12	  x0:0x00000000 x12:0x00000001 x11=0x00000001
       51165000	      5017	80003efc	036a85b3	mul	x11,x21,x22	 x21:0xdfd8d9da x22:0x9c9d9e9f x11=0x50d5da66
       51175000	      5018	80003f00	0001	c.addi	x0,0	  x0:0x00000000  x0=0x00000000
       51185000	      5019	80003f02	0e714a03	lbu	x20,231(x2)	  x2:0x8001c64f x20=0x000000ed PA:0x8001c736 load:0x000000ed
       51215000	      5022	80003f06	020a8c33	mul	x24,x21,x0	 x21:0xdfd8d9da  x0:0x00000000 x24=0x00000000
       51225000	      5023	80003f0a	073112a3	sh	x19,101(x2)	  x2:0x8001c64f x19:0x80031e64 PA:0x8001c6b4 store:0x80031e64 load:0x00000000
       51245000	      5025	80003f0e	fd812e83	lw	x29,-40(x2)	  x2:0x8001c64f x29=0xe1e2e3dc PA:0x8001c627 load:0xe1e2e3dc
       51255000	      5026	80003f12	6ff5	c.lui	x31,0x1d	 x31=0x0001d000
       51275000	      5028	80003f14	5702	c.lwsp	x14,32(x2)	  x2:0x8001c64f x14=0x292a2b24 PA:0x8001c66f load:0x292a2b24
       51285000	      5029	80003f16	01211f13	slli	x30,x2,0x12	  x2:0x8001c64f x30=0x193c0000
       51295000	      5030	80003f1a	1ab9dc17	auipc	x24,0x1ab9d	 x24=0x9aba0f1a
       51305000	      5031	80003f1e	0001	c.addi	x0,0	  x0:0x00000000  x0=0x00000000
       51315000	      5032	80003f20	87a5	c.srai	x15,0x9	 x15:0x0000aea6 x15=0x00000057
       51325000	      5033	80003f22	0da15503	lhu	x10,218(x2)	  x2:0x8001c64f x10=0x0000e1e2 PA:0x8001c729 load:0x0000e1e2
       51335000	      5034	80003f26	adb64b93	xori	x23,x12,-1317	 x12:0x00000001 x23=0xfffffada
       51345000	      5035	80003f2a	340da8f3	csrrs	x17,mscratch,x27	 x27:0x14151617 x17=0x00000009
       51355000	      5036	80003f2e	4139d8b3	sra	x17,x19,x19	 x19:0x80031e64 x19:0x80031e64 x17=0xf80031e6
       51365000	      5037	80003f32	f2c10223	sb	x12,-220(x2)	  x2:0x8001c64f x12:0x00000001 PA:0x8001c573 store:0x00000001 load:0x00000000
       51375000	      5038	80003f36	00026b17	auipc	x22,0x26	 x22=0x80029f36
       51385000	      5039	80003f3a	ae5b0b13	addi	x22,x22,-1307	 x22:0x80029f36 x22=0x80029a1b
       51395000	      5040	80003f3e	00018c17	auipc	x24,0x18	 x24=0x8001bf3e
       51405000	      5041	80003f42	5bec0c13	addi	x24,x24,1470	 x24:0x8001bf3e x24=0x8001c4fc
       51425000	      5043	80003f46	020c17a3	sh	x0,47(x24)	 x24:0x8001c4fc  x0:0x00000000 PA:0x8001c52b store:0x00000000 load:0x00000024
       51435000	      5044	80003f4a	0e3c0a23	sb	x3,244(x24)	 x24:0x8001c4fc  x3:0x00000012 PA:0x8001c5f0 store:0x00000012 load:0x00000000
       51455000	      5046	80003f4e	00ab2203	lw	x4,10(x22)	 x22:0x80029a1b  x4=0xe3dcddde PA:0x80029a25 load:0xe3dcddde
       51465000	      5047	80003f52	05dc4803	lbu	x16,93(x24)	 x24:0x8001c4fc x16=0x00000012 PA:0x8001c559 load:0x00000012
       51475000	      5048	80003f56	ff2b0883	lb	x17,-14(x22)	 x22:0x80029a1b x17=0xffffffc6 PA:0x80029a0d load:0xffffffc6
       51485000	      5049	80003f5a	f9bc0a03	lb	x20,-101(x24)	 x24:0x8001c4fc x20=0x0000004c PA:0x8001c497 load:0x0000004c
       51495000	      5050	80003f5e	f75c4f83	lbu	x31,-139(x24)	 x24:0x8001c4fc x31=0x0000002a PA:0x8001c471 load:0x0000002a
       51505000	      5051	80003f62	002b4383	lbu	x7,2(x22)	 x22:0x80029a1b  x7=0x000000d6 PA:0x80029a1d load:0x000000d6
       51515000	      5052	80003f66	00bb5303	lhu	x6,11(x22)	 x22:0x80029a1b  x6=0x0000dcdd PA:0x80029a26 load:0x0000dcdd
       51525000	      5053	80003f6a	feab0fa3	sb	x10,-1(x22)	 x22:0x80029a1b x10:0x0000e1e2 PA:0x80029a1a store:0x0000e1e2 load:0x00000000
       51535000	      5054	80003f6e	f6bc4f03	lbu	x30,-149(x24)	 x24:0x8001c4fc x30=0x0000001c PA:0x8001c467 load:0x0000001c
       51545000	      5055	80003f72	008b0583	lb	x11,8(x22)	 x22:0x80029a1b x11=0xffffffd8 PA:0x80029a23 load:0xffffffd8
       51555000	      5056	80003f76	00019597	auipc	x11,0x19	 x11=0x8001cf76
       51565000	      5057	80003f7a	90158593	addi	x11,x11,-1791	 x11:0x8001cf76 x11=0x8001c877
       51585000	      5059	80003f7e	ff75af03	lw	x30,-9(x11)	 x11:0x8001c877 x30=0x2a2b2425 PA:0x8001c86e load:0x2a2b2425
       51595000	      5060	80003f82	01d58323	sb	x29,6(x11)	 x11:0x8001c877 x29:0xe1e2e3dc PA:0x8001c87d store:0xe1e2e3dc load:0x00000000
       51605000	      5061	80003f86	01e59323	sh	x30,6(x11)	 x11:0x8001c877 x30:0x2a2b2425 PA:0x8001c87d store:0x2a2b2425 load:0x00000000
       51975000	      5098	80003f8a	03b2c633	div	x12,x5,x27	  x5:0x00000000 x27:0x14151617 x12=0x00000000
       51995000	      5100	80003f8e	01b5a323	sw	x27,6(x11)	 x11:0x8001c877 x27:0x14151617 PA:0x8001c87d store:0x14151617 load:0x00242526
       52005000	      5101	80003f92	00659a83	lh	x21,6(x11)	 x11:0x8001c877 x21=0x00001617 PA:0x8001c87d load:0x00001617
       52015000	      5102	80003f96	00b58323	sb	x11,6(x11)	 x11:0x8001c877 x11:0x8001c877 PA:0x8001c87d store:0x8001c877 load:0x00000000
       52025000	      5103	80003f9a	00659683	lh	x13,6(x11)	 x11:0x8001c877 x13=0x00001677 PA:0x8001c87d load:0x00001677
       52035000	      5104	80003f9e	ffe5d603	lhu	x12,-2(x11)	 x11:0x8001c877 x12=0x00002d2e PA:0x8001c875 load:0x00002d2e
       52045000	      5105	80003fa2	340c9973	csrrw	x18,mscratch,x25	 x25:0x80035ce4 x18=0x1415161f
       52065000	      5107	80003fa6	00f5a1a3	sw	x15,3(x11)	 x11:0x8001c877 x15:0x00000057 PA:0x8001c87a store:0x00000057 load:0x00002425
       52075000	      5108	80003faa	00358a03	lb	x20,3(x11)	 x11:0x8001c877 x20=0x00000057 PA:0x8001c87a load:0x00000057
       52085000	      5109	80003fae	0035df83	lhu	x31,3(x11)	 x11:0x8001c877 x31=0x00000057 PA:0x8001c87a load:0x00000057
       52095000	      5110	80003fb2	00019817	auipc	x16,0x19	 x16=0x8001cfb2
       52105000	      5111	80003fb6	91780813	addi	x16,x16,-1769	 x16:0x8001cfb2 x16=0x8001c8c9
       52115000	      5112	80003fba	0001db97	auipc	x23,0x1d	 x23=0x80020fba
       52125000	      5113	80003fbe	6ecb8b93	addi	x23,x23,1772	 x23:0x80020fba x23=0x800216a6
       52145000	      5115	80003fc2	00bba023	sw	x11,0(x23)	 x23:0x800216a6 x11:0x8001c877 PA:0x800216a6 store:0x8001c877 load:0x00002425
       52165000	      5117	80003fc6	fd282883	lw	x17,-46(x16)	 x16:0x8001c8c9 x17=0x55565750 PA:0x8001c89b load:0x55565750
       52175000	      5118	80003fca	ff8b9a83	lh	x21,-8(x23)	 x23:0x800216a6 x21=0x00005455 PA:0x8002169e load:0x00005455
       52185000	      5119	80003fce	ff585083	lhu	x1,-11(x16)	 x16:0x8001c8c9  x1=0x00007475 PA:0x8001c8be load:0x00007475
       52195000	      5120	80003fd2	ffbbc703	lbu	x14,-5(x23)	 x23:0x800216a6 x14=0x0000005a PA:0x800216a1 load:0x0000005a
       52205000	      5121	80003fd6	00885883	lhu	x17,8(x16)	 x16:0x8001c8c9 x17=0x0000898a PA:0x8001c8d1 load:0x0000898a
       52215000	      5122	80003fda	006b8583	lb	x11,6(x23)	 x23:0x800216a6 x11=0x00000067 PA:0x800216ac load:0x00000067
       52225000	      5123	80003fde	ffcb9f23	sh	x28,-2(x23)	 x23:0x800216a6 x28:0xffffffff PA:0x800216a4 store:0xffffffff load:0x00000000
       52235000	      5124	80003fe2	fe581003	lh	x0,-27(x16)	 x16:0x8001c8c9  x0=0x00000000 PA:0x8001c8ae load:0x00006465
       52245000	      5125	80003fe6	014812a3	sh	x20,5(x16)	 x16:0x8001c8c9 x20:0x00000057 PA:0x8001c8ce store:0x00000057 load:0x00000000
       52255000	      5126	80003fea	00018b17	auipc	x22,0x18	 x22=0x8001bfea
       52265000	      5127	80003fee	3c6b0b13	addi	x22,x22,966	 x22:0x8001bfea x22=0x8001c3b0
       52275000	      5128	80003ff2	00027097	auipc	x1,0x27	  x1=0x8002aff2
       52285000	      5129	80003ff6	c3d08093	addi	x1,x1,-963	  x1:0x8002aff2  x1=0x8002ac2f
       52295000	      5130	80003ffa	032b1e23	sh	x18,60(x22)	 x22:0x8001c3b0 x18:0x1415161f PA:0x8001c3ec store:0x1415161f load:0x00000000
       52305000	      5131	80003ffe	50308e83	lb	x29,1283(x1)	  x1:0x8002ac2f x29=0xffffffe9 PA:0x8002b132 load:0xffffffe9
       52315000	      5132	80004002	ff5b1523	sh	x21,-22(x22)	 x22:0x8001c3b0 x21:0x00005455 PA:0x8001c39a store:0x00005455 load:0x00000000
       52335000	      5134	80004006	fd5b2b83	lw	x23,-43(x22)	 x22:0x8001c3b0 x23=0x433c3d3e PA:0x8001c385 load:0x433c3d3e
       52355000	      5136	8000400a	4f609823	sh	x22,1264(x1)	  x1:0x8002ac2f x22:0x8001c3b0 PA:0x8002b11f store:0x8001c3b0 load:0x0000003c
       52375000	      5138	8000400e	d740d303	lhu	x6,-652(x1)	  x1:0x8002ac2f  x6=0x00005f58 PA:0x8002a9a3 load:0x00005f58
       52385000	      5139	80004012	009b5b83	lhu	x23,9(x22)	 x22:0x8001c3b0 x23=0x00007172 PA:0x8001c3b9 load:0x00007172
       52395000	      5140	80004016	032b0923	sb	x18,50(x22)	 x22:0x8001c3b0 x18:0x1415161f PA:0x8001c3e2 store:0x1415161f load:0x00000000
       52405000	      5141	8000401a	7b90d483	lhu	x9,1977(x1)	  x1:0x8002ac2f  x9=0x0000a2a3 PA:0x8002b3e8 load:0x0000a2a3
       52415000	      5142	8000401e	fcab1023	sh	x10,-64(x22)	 x22:0x8001c3b0 x10:0x0000e1e2 PA:0x8001c370 store:0x0000e1e2 load:0x00000000
       52435000	      5144	80004022	dd60a723	sw	x22,-562(x1)	  x1:0x8002ac2f x22:0x8001c3b0 PA:0x8002a9fd store:0x8001c3b0 load:0x0058595a
       52455000	      5146	80004026	febb2ca3	sw	x11,-7(x22)	 x22:0x8001c3b0 x11:0x00000067 PA:0x8001c3a9 store:0x00000067 load:0x0058595a
       52465000	      5147	8000402a	b5d08423	sb	x29,-1208(x1)	  x1:0x8002ac2f x29:0xffffffe9 PA:0x8002a777 store:0xffffffe9 load:0x00000000
       52475000	      5148	8000402e	03db2023	sw	x29,32(x22)	 x22:0x8001c3b0 x29:0xffffffe9 PA:0x8001c3d0 store:0xffffffe9 load:0x00000000
       52495000	      5150	80004032	c0809823	sh	x8,-1008(x1)	  x1:0x8002ac2f  x8:0x00000004 PA:0x8002a83f store:0x00000004 load:0x00000058
       52505000	      5151	80004036	010b2d83	lw	x27,16(x22)	 x22:0x8001c3b0 x27=0x0b797a7b PA:0x8001c3c0 load:0x0b797a7b
       52515000	      5152	8000403a	019b0aa3	sb	x25,21(x22)	 x22:0x8001c3b0 x25:0x80035ce4 PA:0x8001c3c5 store:0x80035ce4 load:0x00000000
       52525000	      5153	8000403e	00019e97	auipc	x29,0x19	 x29=0x8001d03e
       52535000	      5154	80004042	bb0e8e93	addi	x29,x29,-1104	 x29:0x8001d03e x29=0x8001cbee
       52555000	      5156	80004046	0a4ea183	lw	x3,164(x29)	 x29:0x8001cbee  x3=0x4e4f4849 PA:0x8001cc92 load:0x4e4f4849
       52575000	      5158	8000404a	0a0ea223	sw	x0,164(x29)	 x29:0x8001cbee  x0:0x00000000 PA:0x8001cc92 store:0x00000000 load:0x00004849
       52595000	      5160	8000404e	0a4ea503	lw	x10,164(x29)	 x29:0x8001cbee x10=0x00000000 PA:0x8001cc92 load:0x00000000
       52605000	      5161	80004052	e7cdea93	ori	x21,x27,-388	 x27:0x0b797a7b x21=0xfffffe7f
       52615000	      5162	80004056	0a2e9223	sh	x2,164(x29)	 x29:0x8001cbee  x2:0x8001c64f PA:0x8001cc92 store:0x8001c64f load:0x00000000
       52625000	      5163	8000405a	717d	c.addi16sp	x2,-16	  x2:0x8001c64f  x2=0x8001c63f
       52645000	      5165	8000405c	f9de9ea3	sh	x29,-99(x29)	 x29:0x8001cbee x29:0x8001cbee PA:0x8001cb8b store:0x8001cbee load:0x00000000
       52665000	      5167	80004060	0f7ea9a3	sw	x23,243(x29)	 x29:0x8001cbee x23:0x00007172 PA:0x8001cce1 store:0x00007172 load:0x0000004a
       52675000	      5168	80004064	0f3ed303	lhu	x6,243(x29)	 x29:0x8001cbee  x6=0x00007172 PA:0x8001cce1 load:0x00007172
       52685000	      5169	80004068	0efe9a23	sh	x15,244(x29)	 x29:0x8001cbee x15:0x00000057 PA:0x8001cce2 store:0x00000057 load:0x00000000
       52695000	      5170	8000406c	0f4e9283	lh	x5,244(x29)	 x29:0x8001cbee  x5=0x00000057 PA:0x8001cce2 load:0x00000057
       52705000	      5171	80004070	0f4e8a03	lb	x20,244(x29)	 x29:0x8001cbee x20=0x00000057 PA:0x8001cce2 load:0x00000057
       52715000	      5172	80004074	0ede8a23	sb	x13,244(x29)	 x29:0x8001cbee x13:0x00001677 PA:0x8001cce2 store:0x00001677 load:0x00000000
       52725000	      5173	80004078	0f4ed003	lhu	x0,244(x29)	 x29:0x8001cbee  x0=0x00000000 PA:0x8001cce2 load:0x00000077
       52745000	      5175	8000407c	fe1ea023	sw	x1,-32(x29)	 x29:0x8001cbee  x1:0x8002ac2f PA:0x8001cbce store:0x8002ac2f load:0x00000000
       52755000	      5176	80004080	f68edd03	lhu	x26,-152(x29)	 x29:0x8001cbee x26=0x00000c0d PA:0x8001cb56 load:0x00000c0d
       52775000	      5178	80004084	f6aea423	sw	x10,-152(x29)	 x29:0x8001cbee x10:0x00000000 PA:0x8001cb56 store:0x00000000 load:0x00000000
       52785000	      5179	80004088	f68ec303	lbu	x6,-152(x29)	 x29:0x8001cbee  x6=0x00000000 PA:0x8001cb56 load:0x00000000
       52795000	      5180	8000408c	f6ee8423	sb	x14,-152(x29)	 x29:0x8001cbee x14:0x0000005a PA:0x8001cb56 store:0x0000005a load:0x00000000
       52805000	      5181	80004090	0001c517	auipc	x10,0x1c	 x10=0x80020090
       52815000	      5182	80004094	40350513	addi	x10,x10,1027	 x10:0x80020090 x10=0x80020493
       52825000	      5183	80004098	ff050f03	lb	x30,-16(x10)	 x10:0x80020493 x30=0x00000038 PA:0x80020483 load:0x00000038
       52835000	      5184	8000409c	617d	c.addi16sp	x2,496	  x2:0x8001c63f  x2=0x8001c82f
       52845000	      5185	8000409e	8ddd	c.or	x11,x15	 x11:0x00000067 x15:0x00000057 x11=0x00000077
       52855000	      5186	800040a0	ff054c03	lbu	x24,-16(x10)	 x10:0x80020493 x24=0x00000038 PA:0x80020483 load:0x00000038
       52865000	      5187	800040a4	00e51e83	lh	x29,14(x10)	 x10:0x80020493 x29=0x0000595a PA:0x800204a1 load:0x0000595a
       52875000	      5188	800040a8	00050f23	sb	x0,30(x10)	 x10:0x80020493  x0:0x00000000 PA:0x800204b1 store:0x00000000 load:0x00000000
       52885000	      5189	800040ac	fe955683	lhu	x13,-23(x10)	 x10:0x80020493 x13=0x00003637 PA:0x8002047c load:0x00003637
       52895000	      5190	800040b0	00554903	lbu	x18,5(x10)	 x10:0x80020493 x18=0x00000053 PA:0x80020498 load:0x00000053
       52905000	      5191	800040b4	00555d03	lhu	x26,5(x10)	 x10:0x80020493 x26=0x00005253 PA:0x80020498 load:0x00005253
       52915000	      5192	800040b8	00551103	lh	x2,5(x10)	 x10:0x80020493  x2=0x00005253 PA:0x80020498 load:0x00005253
       52925000	      5193	800040bc	fc054103	lbu	x2,-64(x10)	 x10:0x80020493  x2=0x00000008 PA:0x80020453 load:0x00000008
       52935000	      5194	800040c0	fc450383	lb	x7,-60(x10)	 x10:0x80020493  x7=0x0000000c PA:0x80020457 load:0x0000000c
       52945000	      5195	800040c4	e8887713	andi	x14,x16,-376	 x16:0x8001c8c9 x14=0x8001c888
       52955000	      5196	800040c8	01a50b83	lb	x23,26(x10)	 x10:0x80020493 x23=0x00000066 PA:0x800204ad load:0x00000066
       52965000	      5197	800040cc	98fd	c.andi	x9,-1	  x9:0x0000a2a3  x9=0x0000a2a3
       53335000	      5234	800040ce	027c6533	rem	x10,x24,x7	 x24:0x00000038  x7:0x0000000c x10=0x00000008
       53375000	      5238	800040d2	020d2033	mulhsu	x0,x26,x0	 x26:0x00005253  x0:0x00000000  x0=0x00000000
       53385000	      5239	800040d6	0d8fa097	auipc	x1,0xd8fa	  x1=0x8d8fe0d6
       53425000	      5243	800040da	03943633	mulhu	x12,x8,x25	  x8:0x00000004 x25:0x80035ce4 x12=0x00000002
       53435000	      5244	800040de	340ff173	csrrci	x2,mscratch,31	  x2=0x80035ce4
       53445000	      5245	800040e2	6175	c.addi16sp	x2,368	  x2:0x80035ce4  x2=0x80035e54
       53455000	      5246	800040e4	028c	c.addi4spn	x11,x2,320	 x11=0x80035f94
       53465000	      5247	800040e6	011fd293	srli	x5,x31,0x11	 x31:0x00000057  x5=0x00000000
       53475000	      5248	800040ea	012a0863	beq	x20,x18,800040fa	 x20:0x00000057 x18:0x00000053
       53485000	      5249	800040ee	017ba4b3	slt	x9,x23,x23	 x23:0x00000066 x23:0x00000066  x9=0x00000000
       53495000	      5250	800040f2	01c15f93	srli	x31,x2,0x1c	  x2:0x80035e54 x31=0x00000008
       53505000	      5251	800040f6	41fb5813	srai	x16,x22,0x1f	 x22:0x8001c3b0 x16=0xffffffff
       53515000	      5252	800040fa	8a4e	c.mv	x20,x19	  x0:0x00000000 x19:0x80031e64 x20=0x80031e64
       53525000	      5253	800040fc	0000100f	fence.i	
       53545000	      5255	80004100	920e	c.add	x4,x3	  x4:0xe3dcddde  x3:0x4e4f4849  x4=0x322c2627
       53555000	      5256	80004102	01e7c3b3	xor	x7,x15,x30	 x15:0x00000057 x30:0x00000038  x7=0x0000006f
       53565000	      5257	80004106	23d2a817	auipc	x16,0x23d2a	 x16=0xa3d2e106
       53575000	      5258	8000410a	06ca	c.slli	x13,0x12	 x13:0x00003637 x13=0xd8dc0000
       53585000	      5259	8000410c	8da1	c.xor	x11,x8	 x11:0x80035f94  x8:0x00000004 x11=0x80035f90
       53955000	      5296	8000410e	03755933	divu	x18,x10,x23	 x10:0x00000008 x23:0x00000066 x18=0x00000000
       53965000	      5297	80004112	4e71	c.li	x28,28	 x28=0x0000001c
       53975000	      5298	80004114	34003f73	csrrc	x30,mscratch,x0	  x0:0x00000000 x30=0x80035ce0
       53985000	      5299	80004118	eac57893	andi	x17,x10,-340	 x10:0x00000008 x17=0x00000008
       53995000	      5300	8000411c	717d	c.addi16sp	x2,-16	  x2:0x80035e54  x2=0x80035e44
       54005000	      5301	8000411e	8619	c.srai	x12,0x6	 x12:0x00000002 x12=0x00000000
       54015000	      5302	80004120	8e65	c.and	x12,x9	 x12:0x00000000  x9:0x00000000 x12=0x00000000
       54025000	      5303	80004122	88d5	c.andi	x9,21	  x9:0x00000000  x9=0x00000000
       54035000	      5304	80004124	ec95	c.bnez	x9,80004160	  x9:0x00000000
       54045000	      5305	80004126	019833b3	sltu	x7,x16,x25	 x16:0xa3d2e106 x25:0x80035ce4  x7=0x00000000
       54055000	      5306	8000412a	fceff817	auipc	x16,0xfceff	 x16=0x7cf0312a
       54065000	      5307	8000412e	340db073	csrrc	x0,mscratch,x27	 x27:0x0b797a7b  x0=0x00000000
       54075000	      5308	80004132	00a65263	bge	x12,x10,80004136	 x12:0x00000000 x10:0x00000008
       54115000	      5312	80004136	039f3133	mulhu	x2,x30,x25	 x30:0x80035ce0 x25:0x80035ce4  x2=0x40035ced
       54125000	      5313	8000413a	0040a6b3	slt	x13,x1,x4	  x1:0x8d8fe0d6  x4:0x322c2627 x13=0x00000001
       54135000	      5314	8000413e	340371f3	csrrci	x3,mscratch,6	  x3=0x80020480
       54145000	      5315	80004142	1357a517	auipc	x10,0x1357a	 x10=0x9357e142
       54155000	      5316	80004146	91fa	c.add	x3,x30	  x3:0x80020480 x30:0x80035ce0  x3=0x00056160
       54165000	      5317	80004148	0ff0000f	fence	iorw,iorw	
       54175000	      5318	8000414c	01cbfb33	and	x22,x23,x28	 x23:0x00000066 x28:0x0000001c x22=0x00000004
       54195000	      5320	80004150	02574d33	div	x26,x14,x5	 x14:0x8001c888  x5:0x00000000 x26=0xffffffff
       54205000	      5321	80004154	415e8b33	sub	x22,x29,x21	 x29:0x0000595a x21:0xfffffe7f x22=0x00005adb
       54215000	      5322	80004158	0000100f	fence.i	
       54235000	      5324	8000415c	717d	c.addi16sp	x2,-16	  x2:0x40035ced  x2=0x40035cdd
       54245000	      5325	8000415e	0001	c.addi	x0,0	  x0:0x00000000  x0=0x00000000
       54255000	      5326	80004160	34007173	csrrci	x2,mscratch,0	  x2=0x80020480
       54265000	      5327	80004164	0000100f	fence.i	
       54285000	      5329	80004168	01df7b33	and	x22,x30,x29	 x30:0x80035ce0 x29:0x0000595a x22=0x00005840
       54295000	      5330	8000416c	4022df13	srai	x30,x5,0x2	  x5:0x00000000 x30=0x00000000
       54305000	      5331	80004170	01e2fdb3	and	x27,x5,x30	  x5:0x00000000 x30:0x00000000 x27=0x00000000
       54315000	      5332	80004174	6a71	c.lui	x20,0x1c	 x20=0x0001c000
       54325000	      5333	80004176	0e9a	c.slli	x29,0x6	 x29:0x0000595a x29=0x00165680
       54365000	      5337	80004178	0287b933	mulhu	x18,x15,x8	 x15:0x00000057  x8:0x00000004 x18=0x00000000
       54375000	      5338	8000417c	004423b3	slt	x7,x8,x4	  x8:0x00000004  x4:0x322c2627  x7=0x00000001
       54385000	      5339	80004180	0ff0000f	fence	iorw,iorw	
       54395000	      5340	80004184	00354333	xor	x6,x10,x3	 x10:0x9357e142  x3:0x00056160  x6=0x93528022
       54405000	      5341	80004188	6161	c.addi16sp	x2,80	  x2:0x80020480  x2=0x800204d0
       54415000	      5342	8000418a	0ff0000f	fence	iorw,iorw	
       54425000	      5343	8000418e	40ea5133	sra	x2,x20,x14	 x20:0x0001c000 x14:0x8001c888  x2=0x000001c0
       54435000	      5344	80004192	8443ab93	slti	x23,x7,-1980	  x7:0x00000001 x23=0x00000000
       54445000	      5345	80004196	83c2	c.mv	x7,x16	  x0:0x00000000 x16:0x7cf0312a  x7=0x7cf0312a
       54455000	      5346	80004198	8239	c.srli	x12,0xe	 x12:0x00000000 x12=0x00000000
       54465000	      5347	8000419a	00cd11b3	sll	x3,x26,x12	 x26:0xffffffff x12:0x00000000  x3=0xffffffff
       54475000	      5348	8000419e	85995937	lui	x18,0x85995	 x18=0x85995000
       54485000	      5349	800041a2	027e8063	beq	x29,x7,800041c2	 x29:0x00165680  x7:0x7cf0312a
       54505000	      5351	800041a6	02505133	divu	x2,x0,x5	  x0:0x00000000  x5:0x00000000  x2=0xffffffff
       54515000	      5352	800041aa	c1a418b7	lui	x17,0xc1a41	 x17=0xc1a41000
       54525000	      5353	800041ae	80f9	c.srli	x9,0x1e	  x9:0x00000000  x9=0x00000000
       54565000	      5357	800041b0	03672bb3	mulhsu	x23,x14,x22	 x14:0x8001c888 x22:0x00005840 x23=0xffffd3e0
       54575000	      5358	800041b4	0ff0000f	fence	iorw,iorw	
       54585000	      5359	800041b8	e48d	c.bnez	x9,800041e2	  x9:0x00000000
       54595000	      5360	800041ba	00bc5113	srli	x2,x24,0xb	 x24:0x00000038  x2=0x00000000
       54605000	      5361	800041be	aa05f293	andi	x5,x11,-1376	 x11:0x80035f90  x5=0x80035a80
       54615000	      5362	800041c2	340b5b73	csrrwi	x22,mscratch,22	 x22=0x80020480
       54625000	      5363	800041c6	00d62a33	slt	x20,x12,x13	 x12:0x00000000 x13:0x00000001 x20=0x00000001
       54635000	      5364	800041ca	00980663	beq	x16,x9,800041d6	 x16:0x7cf0312a  x9:0x00000000
       54645000	      5365	800041ce	6ee9	c.lui	x29,0x1a	 x29=0x0001a000
       54655000	      5366	800041d0	34003df3	csrrc	x27,mscratch,x0	  x0:0x00000000 x27=0x00000016
       54665000	      5367	800041d4	e539	c.bnez	x10,80004222	 x10:0x9357e142
       54695000	      5370	80004222	03f6d063	bge	x13,x31,80004242	 x13:0x00000001 x31:0x00000008
       55065000	      5407	80004226	028c4333	div	x6,x24,x8	 x24:0x00000038  x8:0x00000004  x6=0x0000000e
       55075000	      5408	8000422a	340315f3	csrrw	x11,mscratch,x6	  x6:0x0000000e x11=0x00000016
       55085000	      5409	8000422e	02545b63	bge	x8,x5,80004264	  x8:0x00000004  x5:0x80035a80
       55105000	      5411	80004264	8d59	c.or	x10,x14	 x10:0x9357e142 x14:0x8001c888 x10=0x9357e9ca
       55115000	      5412	80004266	8061c193	xori	x3,x3,-2042	  x3:0xffffffff  x3=0x000007f9
       55125000	      5413	8000426a	717d	c.addi16sp	x2,-16	  x2:0x00000000  x2=0xfffffff0
       55135000	      5414	8000426c	bec4aa13	slti	x20,x9,-1044	  x9:0x00000000 x20=0x00000000
       55145000	      5415	80004270	340066f3	csrrsi	x13,mscratch,0	 x13=0x0000000e
       55155000	      5416	80004274	00eaa1b3	slt	x3,x21,x14	 x21:0xfffffe7f x14:0x8001c888  x3=0x00000000
       55165000	      5417	80004278	008e9133	sll	x2,x29,x8	 x29:0x0001a000  x8:0x00000004  x2=0x001a0000
       55175000	      5418	8000427c	5bfd	c.li	x23,-1	 x23=0xffffffff
       55545000	      5455	8000427e	03c7c8b3	div	x17,x15,x28	 x15:0x00000057 x28:0x0000001c x17=0x00000003
       55555000	      5456	80004282	412a82b3	sub	x5,x21,x18	 x21:0xfffffe7f x18:0x85995000  x5=0x7a66ae7f
       55565000	      5457	80004286	03f45663	bge	x8,x31,800042b2	  x8:0x00000004 x31:0x00000008
       55575000	      5458	8000428a	005044b3	xor	x9,x0,x5	  x0:0x00000000  x5:0x7a66ae7f  x9=0x7a66ae7f
       55585000	      5459	8000428e	0ff0000f	fence	iorw,iorw	
       55595000	      5460	80004292	99fd	c.andi	x11,-1	 x11:0x00000016 x11=0x00000016
       55965000	      5497	80004294	03a1e533	rem	x10,x3,x26	  x3:0x00000000 x26:0xffffffff x10=0x00000000
       56335000	      5534	80004298	029ae133	rem	x2,x21,x9	 x21:0xfffffe7f  x9:0x7a66ae7f  x2=0xfffffe7f
       56345000	      5535	8000429c	717d	c.addi16sp	x2,-16	  x2:0xfffffe7f  x2=0xfffffe6f
       56715000	      5572	8000429e	0251fdb3	remu	x27,x3,x5	  x3:0x00000000  x5:0x7a66ae7f x27=0x00000000
       56725000	      5573	800042a2	ef11	c.bnez	x14,800042be	 x14:0x8001c888
       56755000	      5576	800042be	0159da93	srli	x21,x19,0x15	 x19:0x80031e64 x21=0x00000400
       56765000	      5577	800042c2	8d81	c.sub	x11,x8	 x11:0x00000016  x8:0x00000004 x11=0x00000012
       56775000	      5578	800042c4	41e601b3	sub	x3,x12,x30	 x12:0x00000000 x30:0x00000000  x3=0x00000000
       56785000	      5579	800042c8	017d1693	slli	x13,x26,0x17	 x26:0xffffffff x13=0xff800000
       56795000	      5580	800042cc	05851e63	bne	x10,x24,80004328	 x10:0x00000000 x24:0x00000038
       56815000	      5582	80004328	01bd1293	slli	x5,x26,0x1b	 x26:0xffffffff  x5=0xf8000000
       56825000	      5583	8000432c	41b4ddb3	sra	x27,x9,x27	  x9:0x7a66ae7f x27:0x00000000 x27=0x7a66ae7f
       56835000	      5584	80004330	0000100f	fence.i	
       56855000	      5586	80004334	00a27b33	and	x22,x4,x10	  x4:0x322c2627 x10:0x00000000 x22=0x00000000
       56865000	      5587	80004338	0d22	c.slli	x26,0x8	 x26:0xffffffff x26=0xffffff00
       56875000	      5588	8000433a	034d9163	bne	x27,x20,8000435c	 x27:0x7a66ae7f x20:0x00000000
       56895000	      5590	8000435c	02031363	bne	x6,x0,80004382	  x6:0x0000000e  x0:0x00000000
       56915000	      5592	80004382	8ca5	c.xor	x9,x9	  x9:0x7a66ae7f  x9:0x7a66ae7f  x9=0x00000000
       56925000	      5593	80004384	9b939db7	lui	x27,0x9b939	 x27=0x9b939000
       56945000	      5595	80004388	03637533	remu	x10,x6,x22	  x6:0x0000000e x22:0x00000000 x10=0x0000000e
       56955000	      5596	8000438c	85e5	c.srai	x11,0x19	 x11:0x00000012 x11=0x00000000
       56965000	      5597	8000438e	08d71763	bne	x14,x13,8000441c	 x14:0x8001c888 x13:0xff800000
       57015000	      5602	8000441c	028e22b3	mulhsu	x5,x28,x8	 x28:0x0000001c  x8:0x00000004  x5=0x00000000
       57025000	      5603	80004420	717d	c.addi16sp	x2,-16	  x2:0xfffffe6f  x2=0xfffffe5f
       57035000	      5604	80004422	1688	c.addi4spn	x10,x2,864	 x10=0x000001bf
       57045000	      5605	80004424	340ef773	csrrci	x14,mscratch,29	 x14=0x0000000e
       57055000	      5606	80004428	86d1	c.srai	x13,0x14	 x13:0xff800000 x13=0xfffffff8
       57065000	      5607	8000442a	00ecbc33	sltu	x24,x25,x14	 x25:0x80035ce4 x14:0x0000000e x24=0x00000000
       57075000	      5608	8000442e	bea76b93	ori	x23,x14,-1046	 x14:0x0000000e x23=0xfffffbee
       57085000	      5609	80004432	0026d4b3	srl	x9,x13,x2	 x13:0xfffffff8  x2:0xfffffe5f  x9=0x00000001
       57095000	      5610	80004436	01d2b633	sltu	x12,x5,x29	  x5:0x00000000 x29:0x0001a000 x12=0x00000001
       57105000	      5611	8000443a	04415363	bge	x2,x4,80004480	  x2:0xfffffe5f  x4:0x322c2627
       57115000	      5612	8000443e	8e0d	c.sub	x12,x11	 x12:0x00000001 x11:0x00000000 x12=0x00000001
       57125000	      5613	80004440	00455fb3	srl	x31,x10,x4	 x10:0x000001bf  x4:0x322c2627 x31=0x00000003
       57135000	      5614	80004444	a52f7f13	andi	x30,x30,-1454	 x30:0x00000000 x30=0x00000000
       57145000	      5615	80004448	002e0f63	beq	x28,x2,80004466	 x28:0x0000001c  x2:0xfffffe5f
       57155000	      5616	8000444c	0ff0000f	fence	iorw,iorw	
       57165000	      5617	80004450	e31ce313	ori	x6,x25,-463	 x25:0x80035ce4  x6=0xfffffef5
       57175000	      5618	80004454	003646b3	xor	x13,x12,x3	 x12:0x00000001  x3:0x00000000 x13=0x00000001
       57185000	      5619	80004458	c48d	c.beqz	x9,80004482	  x9:0x00000001
       57195000	      5620	8000445a	340331f3	csrrc	x3,mscratch,x6	  x6:0xfffffef5  x3=0x00000002
       57205000	      5621	8000445e	00769133	sll	x2,x13,x7	 x13:0x00000001  x7:0x7cf0312a  x2=0x00000400
       57215000	      5622	80004462	8ed1	c.or	x13,x12	 x13:0x00000001 x12:0x00000001 x13=0x00000001
       57225000	      5623	80004464	8d45	c.or	x10,x9	 x10:0x000001bf  x9:0x00000001 x10=0x000001bf
       57235000	      5624	80004466	5b3f7b13	andi	x22,x30,1459	 x30:0x00000000 x22=0x00000000
       57245000	      5625	8000446a	5c33b113	sltiu	x2,x7,1475	  x7:0x7cf0312a  x2=0x00000000
       57255000	      5626	8000446e	6c6fe513	ori	x10,x31,1734	 x31:0x00000003 x10=0x000006c7
       57265000	      5627	80004472	00c91c13	slli	x24,x18,0xc	 x18:0x85995000 x24=0x95000000
       57275000	      5628	80004476	01939593	slli	x11,x7,0x19	  x7:0x7cf0312a x11=0x54000000
       57285000	      5629	8000447a	0001	c.addi	x0,0	  x0:0x00000000  x0=0x00000000
       57655000	      5666	8000447c	027ac833	div	x16,x21,x7	 x21:0x00000400  x7:0x7cf0312a x16=0x00000000
       57665000	      5667	80004480	84ed	c.srai	x9,0x1b	  x9:0x00000001  x9=0x00000000
       57675000	      5668	80004482	ec99	c.bnez	x9,800044a0	  x9:0x00000000
       57705000	      5671	80004484	037a88b3	mul	x17,x21,x23	 x21:0x00000400 x23:0xfffffbee x17=0xffefb800
       57715000	      5672	80004488	02d55063	bge	x10,x13,800044a8	 x10:0x000006c7 x13:0x00000001
       57735000	      5674	800044a8	340b71f3	csrrci	x3,mscratch,22	  x3=0x00000002
       57745000	      5675	800044ac	408dd193	srai	x3,x27,0x8	 x27:0x9b939000  x3=0xff9b9390
       57755000	      5676	800044b0	059a9063	bne	x21,x25,800044f0	 x21:0x00000400 x25:0x80035ce4
       57775000	      5678	800044f0	8521	c.srai	x10,0x8	 x10:0x000006c7 x10=0x00000006
       58145000	      5715	800044f2	039efc33	remu	x24,x29,x25	 x29:0x0001a000 x25:0x80035ce4 x24=0x0001a000
       58155000	      5716	800044f6	34082973	csrrs	x18,mscratch,x16	 x16:0x00000000 x18=0x00000000
       58165000	      5717	800044fa	340077f3	csrrci	x15,mscratch,0	 x15=0x00000000
       58175000	      5718	800044fe	01f4b1b3	sltu	x3,x9,x31	  x9:0x00000000 x31:0x00000003  x3=0x00000001
       58185000	      5719	80004502	00989333	sll	x6,x17,x9	 x17:0xffefb800  x9:0x00000000  x6=0xffefb800
       58195000	      5720	80004506	830d	c.srli	x14,0x3	 x14:0x0000000e x14=0x00000001
       58205000	      5721	80004508	34002a73	csrrs	x20,mscratch,x0	  x0:0x00000000 x20=0x00000000
       58215000	      5722	8000450c	34002af3	csrrs	x21,mscratch,x0	  x0:0x00000000 x21=0x00000000
       58225000	      5723	80004510	01d2fd33	and	x26,x5,x29	  x5:0x00000000 x29:0x0001a000 x26=0x00000000
       58265000	      5727	80004514	03419f33	mulh	x30,x3,x20	  x3:0x00000001 x20:0x00000000 x30=0x00000000
       58275000	      5728	80004518	015b68b3	or	x17,x22,x21	 x22:0x00000000 x21:0x00000000 x17=0x00000000
       58285000	      5729	8000451c	340062f3	csrrsi	x5,mscratch,0	  x5=0x00000000
       58295000	      5730	80004520	8ff1	c.and	x15,x12	 x15:0x00000000 x12:0x00000001 x15=0x00000000
       58305000	      5731	80004522	03a74663	blt	x14,x26,8000454e	 x14:0x00000001 x26:0x00000000
       58315000	      5732	80004526	86b2e493	ori	x9,x5,-1941	  x5:0x00000000  x9=0xfffff86b
       58325000	      5733	8000452a	03f16263	bltu	x2,x31,8000454e	  x2:0x00000000 x31:0x00000003
       58355000	      5736	8000454e	015d5193	srli	x3,x26,0x15	 x26:0x00000000  x3=0x00000000
       58365000	      5737	80004552	81f19bb7	lui	x23,0x81f19	 x23=0x81f19000
       58375000	      5738	80004556	3402def3	csrrwi	x29,mscratch,5	 x29=0x00000000
       58415000	      5742	8000455a	03d89933	mulh	x18,x17,x29	 x17:0x00000000 x29:0x00000000 x18=0x00000000
       58425000	      5743	8000455e	77fb7a93	andi	x21,x22,1919	 x22:0x00000000 x21=0x00000000
       58795000	      5780	80004562	028bd4b3	divu	x9,x23,x8	 x23:0x81f19000  x8:0x00000004  x9=0x207c6400
       58835000	      5784	80004566	0227a3b3	mulhsu	x7,x15,x2	 x15:0x00000000  x2:0x00000000  x7=0x00000000
       58845000	      5785	8000456a	e391	c.bnez	x15,8000456e	 x15:0x00000000
       58855000	      5786	8000456c	cd9d	c.beqz	x11,800045aa	 x11:0x54000000
       58865000	      5787	8000456e	c2c5c493	xori	x9,x11,-980	 x11:0x54000000  x9=0xabfffc2c
       58895000	      5790	80004572	029a80b3	mul	x1,x21,x9	 x21:0x00000000  x9:0xabfffc2c  x1=0x00000000
       58905000	      5791	80004576	8df1	c.and	x11,x12	 x11:0x54000000 x12:0x00000001 x11=0x00000000
       59275000	      5828	80004578	02a7d2b3	divu	x5,x15,x10	 x15:0x00000000 x10:0x00000006  x5=0x00000000
       59645000	      5865	8000457c	02864333	div	x6,x12,x8	 x12:0x00000001  x8:0x00000004  x6=0x00000000
       59685000	      5869	80004580	0234bf33	mulhu	x30,x9,x3	  x9:0xabfffc2c  x3:0x00000000 x30=0x00000000
       59695000	      5870	80004584	fbe83f93	sltiu	x31,x16,-66	 x16:0x00000000 x31=0x00000001
       59735000	      5874	80004588	02fcb3b3	mulhu	x7,x25,x15	 x25:0x80035ce4 x15:0x00000000  x7=0x00000000
       59745000	      5875	8000458c	0ff0000f	fence	iorw,iorw	
       59755000	      5876	80004590	00eeaab3	slt	x21,x29,x14	 x29:0x00000000 x14:0x00000001 x21=0x00000001
       59765000	      5877	80004594	8dcd	c.or	x11,x11	 x11:0x00000000 x11:0x00000000 x11=0x00000000
       59775000	      5878	80004596	0508	c.addi4spn	x10,x2,640	 x10=0x00000280
       59785000	      5879	80004598	836d	c.srli	x14,0x1b	 x14:0x00000001 x14=0x00000000
       59795000	      5880	8000459a	009e4e63	blt	x28,x9,800045b6	 x28:0x0000001c  x9:0xabfffc2c
       59835000	      5884	8000459e	0232bdb3	mulhu	x27,x5,x3	  x5:0x00000000  x3:0x00000000 x27=0x00000000
       59845000	      5885	800045a2	84d9	c.srai	x9,0x16	  x9:0xabfffc2c  x9=0xfffffeaf
       59855000	      5886	800045a4	cc8d	c.beqz	x9,800045de	  x9:0xfffffeaf
       59865000	      5887	800045a6	8e01	c.sub	x12,x8	 x12:0x00000001  x8:0x00000004 x12=0xfffffffd
       59875000	      5888	800045a8	0d10	c.addi4spn	x12,x2,656	 x12=0x00000290
       59885000	      5889	800045aa	4a670bb7	lui	x23,0x4a670	 x23=0x4a670000
       59895000	      5890	800045ae	772d7813	andi	x16,x26,1906	 x26:0x00000000 x16=0x00000000
       59905000	      5891	800045b2	400757b3	sra	x15,x14,x0	 x14:0x00000000  x0:0x00000000 x15=0x00000000
       59915000	      5892	800045b6	340ea073	csrrs	x0,mscratch,x29	 x29:0x00000000  x0=0x00000000
       59925000	      5893	800045ba	8321	c.srli	x14,0x8	 x14:0x00000000 x14=0x00000000
       59935000	      5894	800045bc	ef15	c.bnez	x14,800045f8	 x14:0x00000000
       60305000	      5931	800045be	029d4b33	div	x22,x26,x9	 x26:0x00000000  x9:0xfffffeaf x22=0x00000000
       60315000	      5932	800045c2	f5d1c013	xori	x0,x3,-163	  x3:0x00000000  x0=0x00000000
       60325000	      5933	800045c6	97ae	c.add	x15,x11	 x15:0x00000000 x11:0x00000000 x15=0x00000000
       60335000	      5934	800045c8	00e59eb3	sll	x29,x11,x14	 x11:0x00000000 x14:0x00000000 x29=0x00000000
       60345000	      5935	800045cc	c899	c.beqz	x9,800045e2	  x9:0xfffffeaf
       60355000	      5936	800045ce	0064b733	sltu	x14,x9,x6	  x9:0xfffffeaf  x6:0x00000000 x14=0x00000000
       60365000	      5937	800045d2	04484363	blt	x16,x4,80004618	 x16:0x00000000  x4:0x322c2627
       60385000	      5939	80004618	2a254e13	xori	x28,x10,674	 x10:0x00000280 x28=0x00000022
       60425000	      5943	8000461c	032322b3	mulhsu	x5,x6,x18	  x6:0x00000000 x18:0x00000000  x5=0x00000000
       60795000	      5980	80004620	0335d633	divu	x12,x11,x19	 x11:0x00000000 x19:0x80031e64 x12=0x00000000
       60805000	      5981	80004624	0001	c.addi	x0,0	  x0:0x00000000  x0=0x00000000
       60815000	      5982	80004626	812d	c.srli	x10,0xb	 x10:0x00000280 x10=0x00000000
       60825000	      5983	80004628	fcda3f93	sltiu	x31,x20,-51	 x20:0x00000000 x31=0x00000001
       60845000	      5985	8000462c	0222dbb3	divu	x23,x5,x2	  x5:0x00000000  x2:0x00000000 x23=0xffffffff
       60855000	      5986	80004630	0034c7b3	xor	x15,x9,x3	  x9:0xfffffeaf  x3:0x00000000 x15=0xfffffeaf
       60865000	      5987	80004634	e205	c.bnez	x12,80004654	 x12:0x00000000
       60875000	      5988	80004636	34006273	csrrsi	x4,mscratch,0	  x4=0x00000005
       60885000	      5989	8000463a	0001	c.addi	x0,0	  x0:0x00000000  x0=0x00000000
       60895000	      5990	8000463c	0096d233	srl	x4,x13,x9	 x13:0x00000001  x9:0xfffffeaf  x4=0x00000000
       60905000	      5991	80004640	340ea5f3	csrrs	x11,mscratch,x29	 x29:0x00000000 x11=0x00000005
       60915000	      5992	80004644	0120ef33	or	x30,x1,x18	  x1:0x00000000 x18:0x00000000 x30=0x00000000
       60925000	      5993	80004648	0001	c.addi	x0,0	  x0:0x00000000  x0=0x00000000
       60935000	      5994	8000464a	a87a6593	ori	x11,x20,-1401	 x20:0x00000000 x11=0xfffffa87
       60945000	      5995	8000464e	1b7d	c.addi	x22,-1	 x22:0x00000000 x22=0xffffffff
       60985000	      5999	80004650	034b26b3	mulhsu	x13,x22,x20	 x22:0xffffffff x20:0x00000000 x13=0x00000000
       60995000	      6000	80004654	34029373	csrrw	x6,mscratch,x5	  x5:0x00000000  x6=0x00000005
       61005000	      6001	80004658	3409e6f3	csrrsi	x13,mscratch,19	 x13=0x00000000
       61025000	      6003	8000465c	03ebca33	div	x20,x23,x30	 x23:0xffffffff x30:0x00000000 x20=0xffffffff
       61035000	      6004	80004660	e3cc3b97	auipc	x23,0xe3cc3	 x23=0x63cc7660
       61045000	      6005	80004664	3400f0f3	csrrci	x1,mscratch,1	  x1=0x00000013
       61055000	      6006	80004668	0372cc63	blt	x5,x23,800046a0	  x5:0x00000000 x23:0x63cc7660
       61075000	      6008	800046a0	0ff0000f	fence	iorw,iorw	
       61095000	      6010	800046a4	02ac6fb3	rem	x31,x24,x10	 x24:0x0001a000 x10:0x00000000 x31=0x0001a000
       61105000	      6011	800046a8	951e	c.add	x10,x7	 x10:0x00000000  x7:0x00000000 x10=0x00000000
       61115000	      6012	800046aa	4c29	c.li	x24,10	 x24=0x0000000a
       61125000	      6013	800046ac	34003c73	csrrc	x24,mscratch,x0	  x0:0x00000000 x24=0x00000012
       61135000	      6014	800046b0	717d	c.addi16sp	x2,-16	  x2:0x00000000  x2=0xfffffff0
       61145000	      6015	800046b2	9b7d	c.andi	x14,-1	 x14:0x00000000 x14=0x00000000
       61155000	      6016	800046b4	6de5de97	auipc	x29,0x6de5d	 x29=0xede616b4
       61165000	      6017	800046b8	84a5	c.srai	x9,0x9	  x9:0xfffffeaf  x9=0xffffffff
       61175000	      6018	800046ba	01801933	sll	x18,x0,x24	  x0:0x00000000 x24:0x00000012 x18=0x00000000
       61185000	      6019	800046be	b2f65117	auipc	x2,0xb2f65	  x2=0x32f696be
       61195000	      6020	800046c2	717d	c.addi16sp	x2,-16	  x2:0x32f696be  x2=0x32f696ae
       61205000	      6021	800046c4	01dd3733	sltu	x14,x26,x29	 x26:0x00000000 x29:0xede616b4 x14=0x00000001
       61215000	      6022	800046c8	9b7d	c.andi	x14,-1	 x14:0x00000001 x14=0x00000001
       61255000	      6026	800046ca	03b4aab3	mulhsu	x21,x9,x27	  x9:0xffffffff x27:0x00000000 x21=0x00000000
       61265000	      6027	800046ce	40a7db93	srai	x23,x15,0xa	 x15:0xfffffeaf x23=0xffffffff
       61295000	      6030	800046d2	025c8eb3	mul	x29,x25,x5	 x25:0x80035ce4  x5:0x00000000 x29=0x00000000
       61305000	      6031	800046d6	1c98	c.addi4spn	x14,x2,624	 x14=0x32f6991e
       61315000	      6032	800046d8	00bb4263	blt	x22,x11,800046dc	 x22:0xffffffff x11:0xfffffa87
       61325000	      6033	800046dc	40f75c33	sra	x24,x14,x15	 x14:0x32f6991e x15:0xfffffeaf x24=0x000065ed
       61335000	      6034	800046e0	8b61	c.andi	x14,24	 x14:0x32f6991e x14=0x00000018
       61345000	      6035	800046e2	00f1eeb3	or	x29,x3,x15	  x3:0x00000000 x15:0xfffffeaf x29=0xfffffeaf
       61355000	      6036	800046e6	8df9	c.and	x11,x14	 x11:0xfffffa87 x14:0x00000018 x11=0x00000000
       61365000	      6037	800046e8	0149ac33	slt	x24,x19,x20	 x19:0x80031e64 x20:0xffffffff x24=0x00000001
       61375000	      6038	800046ec	013cb8b3	sltu	x17,x25,x19	 x25:0x80035ce4 x19:0x80031e64 x17=0x00000000
       61385000	      6039	800046f0	e6a1	c.bnez	x13,80004738	 x13:0x00000000
       61395000	      6040	800046f2	41945db3	sra	x27,x8,x25	  x8:0x00000004 x25:0x80035ce4 x27=0x00000000
       61405000	      6041	800046f6	01977663	bgeu	x14,x25,80004702	 x14:0x00000018 x25:0x80035ce4
       61415000	      6042	800046fa	1494	c.addi4spn	x13,x2,608	 x13=0x32f6990e
       61425000	      6043	800046fc	0b3a	c.slli	x22,0xe	 x22:0xffffffff x22=0xffffc000
       61435000	      6044	800046fe	340312f3	csrrw	x5,mscratch,x6	  x6:0x00000005  x5=0x00000012
       61445000	      6045	80004702	8df9	c.and	x11,x14	 x11:0x00000000 x14:0x00000018 x11=0x00000000
       61455000	      6046	80004704	02cf9263	bne	x31,x12,80004728	 x31:0x0001a000 x12:0x00000000
       61475000	      6048	80004728	340efe73	csrrci	x28,mscratch,29	 x28=0x00000005
       61485000	      6049	8000472c	02045563	bge	x8,x0,80004756	  x8:0x00000004  x0:0x00000000
       61515000	      6052	80004756	93502337	lui	x6,0x93502	  x6=0x93502000
       61525000	      6053	8000475a	0001	c.addi	x0,0	  x0:0x00000000  x0=0x00000000
       61535000	      6054	8000475c	0a3e	c.slli	x20,0xf	 x20:0xffffffff x20=0xffff8000
       61565000	      6057	8000475e	03e78db3	mul	x27,x15,x30	 x15:0xfffffeaf x30:0x00000000 x27=0x00000000
       61575000	      6058	80004762	01785e13	srli	x28,x16,0x17	 x16:0x00000000 x28=0x00000000
       61585000	      6059	80004766	00ba90b3	sll	x1,x21,x11	 x21:0x00000000 x11:0x00000000  x1=0x00000000
       61595000	      6060	8000476a	0ff0000f	fence	iorw,iorw	
       61605000	      6061	8000476e	9804c513	xori	x10,x9,-1664	  x9:0xffffffff x10=0x0000067f
       61615000	      6062	80004772	5a612293	slti	x5,x2,1446	  x2:0x32f696ae  x5=0x00000000
       61625000	      6063	80004776	07c9	c.addi	x15,18	 x15:0xfffffeaf x15=0xfffffec1
       61635000	      6064	80004778	a1c0e813	ori	x16,x1,-1508	  x1:0x00000000 x16=0xfffffa1c
       61645000	      6065	8000477c	02efd163	bge	x31,x14,8000479e	 x31:0x0001a000 x14:0x00000018
       61675000	      6068	8000479e	0164a6b3	slt	x13,x9,x22	  x9:0xffffffff x22:0xffffc000 x13=0x00000000
       61685000	      6069	800047a2	827e	c.mv	x4,x31	  x0:0x00000000 x31:0x0001a000  x4=0x0001a000
       61695000	      6070	800047a4	00a25093	srli	x1,x4,0xa	  x4:0x0001a000  x1=0x00000068
       61705000	      6071	800047a8	0001	c.addi	x0,0	  x0:0x00000000  x0=0x00000000
       61745000	      6075	800047aa	02daafb3	mulhsu	x31,x21,x13	 x21:0x00000000 x13:0x00000000 x31=0x00000000
       61755000	      6076	800047ae	340c1973	csrrw	x18,mscratch,x24	 x24:0x00000001 x18=0x00000000
       61785000	      6079	800047b2	03a70033	mul	x0,x14,x26	 x14:0x00000018 x26:0x00000000  x0=0x00000000
       61795000	      6080	800047b6	02088063	beq	x17,x0,800047d6	 x17:0x00000000  x0:0x00000000
       61815000	      6082	800047d6	5d7d	c.li	x26,-1	 x26=0xffffffff
       61825000	      6083	800047d8	000e33b3	sltu	x7,x28,x0	 x28:0x00000000  x0:0x00000000  x7=0x00000000
       61835000	      6084	800047dc	672fe793	ori	x15,x31,1650	 x31:0x00000000 x15=0x00000672
       61855000	      6086	800047e0	02d4d1b3	divu	x3,x9,x13	  x9:0xffffffff x13:0x00000000  x3=0xffffffff
       61865000	      6087	800047e4	0000100f	fence.i	
       61885000	      6089	800047e8	00d11863	bne	x2,x13,800047f8	  x2:0x32f696ae x13:0x00000000
       61905000	      6091	800047f8	05a4f563	bgeu	x9,x26,80004842	  x9:0xffffffff x26:0xffffffff
       61925000	      6093	80004842	6605	c.lui	x12,0x1	 x12=0x00001000
       61955000	      6096	80004844	02dd88b3	mul	x17,x27,x13	 x27:0x00000000 x13:0x00000000 x17=0x00000000
       61965000	      6097	80004848	409c5e13	srai	x28,x24,0x9	 x24:0x00000001 x28=0x00000000
       61975000	      6098	8000484c	83d1	c.srli	x15,0x14	 x15:0x00000672 x15=0x00000000
       61985000	      6099	8000484e	e189	c.bnez	x11,80004850	 x11:0x00000000
       61995000	      6100	80004850	587d	c.li	x16,-1	 x16=0xffffffff
       62005000	      6101	80004852	ffffc417	auipc	x8,0xffffc	  x8=0x80000852
       62015000	      6102	80004856	b0040413	addi	x8,x8,-1280	  x8:0x80000852  x8=0x80000352
       62025000	      6103	8000485a	00040067	jalr	x0,0(x8)	  x8:0x80000352  x0=0x00000000
       62055000	      6106	80000352	90000b37	lui	x22,0x90000	 x22=0x90000000
       62065000	      6107	80000356	1b61	c.addi	x22,-8	 x22:0x90000000 x22=0x8ffffff8
       62075000	      6108	80000358	4601	c.li	x12,0	 x12=0x00000000
       62085000	      6109	8000035a	0622	c.slli	x12,0x8	 x12:0x00000000 x12=0x00000000
       62095000	      6110	8000035c	0605	c.addi	x12,1	 x12:0x00000000 x12=0x00000001
       62105000	      6111	8000035e	00cb2023	sw	x12,0(x22)	 x22:0x8ffffff8 x12:0x00000001 PA:0x8ffffff8 store:0x00000001 load:0x00000000
       62115000	      6112	80000362	00000073	ecall	
       62145000	      6115	80002700	0800006f	jal	x0,80002780	  x0=0x00000000
       62165000	      6117	80002780	1cf1	c.addi	x25,-4	 x25:0x80035ce4 x25=0x80035ce0
       62175000	      6118	80002782	013ca023	sw	x19,0(x25)	 x25:0x80035ce0 x19:0x80031e64 PA:0x80035ce0 store:0x80031e64 load:0x00000000
