core   0: 0x80000080 (0x400013b7) lui     t2, 0x40001
core   0: 3 0x80000080 (0x400013b7) x7  0x40001000
core   0: 0x80000084 (0x10638393) addi    t2, t2, 262
core   0: 3 0x80000084 (0x10638393) x7  0x40001106
core   0: 0x80000088 (0x30139073) csrw    misa, t2
core   0: 3 0x80000088 (0x30139073) c769_misa 0x40901104
core   0: 0x8000008c (0x00026617) auipc   a2, 0x26
core   0: 3 0x8000008c (0x00026617) x12 0x8002608c
core   0: 0x80000090 (0xc5860613) addi    a2, a2, -936
core   0: 3 0x80000090 (0xc5860613) x12 0x80025ce4
core   0: 0x80000094 (0x00002397) auipc   t2, 0x2
core   0: 3 0x80000094 (0x00002397) x7  0x80002094
core   0: 0x80000098 (0x66c38393) addi    t2, t2, 1644
core   0: 3 0x80000098 (0x66c38393) x7  0x80002700
core   0: 0x8000009c (0x0013e393) ori     t2, t2, 1
core   0: 3 0x8000009c (0x0013e393) x7  0x80002701
core   0: 0x800000a0 (0x30539073) csrw    mtvec, t2
core   0: 3 0x800000a0 (0x30539073) c773_mtvec 0x80002701
core   0: 0x800000a4 (0x74725073) csrwi   mseccfg, 4
core   0: 3 0x800000a4 (0x74725073) c1863_mseccfg 0x00000004
core   0: 0x800000a8 (0x00003417) auipc   s0, 0x3
core   0: 3 0x800000a8 (0x00003417) x8  0x800030a8
core   0: 0x800000ac (0x41440413) addi    s0, s0, 1044
core   0: 3 0x800000ac (0x41440413) x8  0x800034bc
core   0: 0x800000b0 (0x00004381) c.li    t2, 0
core   0: 3 0x800000b0 (0x4381) x7  0x00000000
core   0: 0x800000b2 (0x0000941e) c.add   s0, t2
core   0: 3 0x800000b2 (0x941e) x8  0x800034bc
core   0: 0x800000b4 (0x00008009) c.srli  s0, 2
core   0: 3 0x800000b4 (0x8009) x8  0x20000d2f
core   0: 0x800000b6 (0x3b041073) csrw    pmpaddr0, s0
core   0: 3 0x800000b6 (0x3b041073) c944_pmpaddr0 0x20000d2f
core   0: 0x800000ba (0x00003417) auipc   s0, 0x3
core   0: 3 0x800000ba (0x00003417) x8  0x800030ba
core   0: 0x800000be (0x40240413) addi    s0, s0, 1026
core   0: 3 0x800000be (0x40240413) x8  0x800034bc
core   0: 0x800000c2 (0x111113b7) lui     t2, 0x11111
core   0: 3 0x800000c2 (0x111113b7) x7  0x11111000
core   0: 0x800000c6 (0x11138393) addi    t2, t2, 273
core   0: 3 0x800000c6 (0x11138393) x7  0x11111111
core   0: 0x800000ca (0x0000941e) c.add   s0, t2
core   0: 3 0x800000ca (0x941e) x8  0x911145cd
core   0: 0x800000cc (0x00008009) c.srli  s0, 2
core   0: 3 0x800000cc (0x8009) x8  0x24445173
core   0: 0x800000ce (0x3b141073) csrw    pmpaddr1, s0
core   0: 3 0x800000ce (0x3b141073) c945_pmpaddr1 0x24445173
core   0: 0x800000d2 (0x00003417) auipc   s0, 0x3
core   0: 3 0x800000d2 (0x00003417) x8  0x800030d2
core   0: 0x800000d6 (0x3ea40413) addi    s0, s0, 1002
core   0: 3 0x800000d6 (0x3ea40413) x8  0x800034bc
core   0: 0x800000da (0x222223b7) lui     t2, 0x22222
core   0: 3 0x800000da (0x222223b7) x7  0x22222000
core   0: 0x800000de (0x22238393) addi    t2, t2, 546
core   0: 3 0x800000de (0x22238393) x7  0x22222222
core   0: 0x800000e2 (0x0000941e) c.add   s0, t2
core   0: 3 0x800000e2 (0x941e) x8  0xa22256de
core   0: 0x800000e4 (0x00008009) c.srli  s0, 2
core   0: 3 0x800000e4 (0x8009) x8  0x288895b7
core   0: 0x800000e6 (0x3b241073) csrw    pmpaddr2, s0
core   0: 3 0x800000e6 (0x3b241073) c946_pmpaddr2 0x288895b7
core   0: 0x800000ea (0x00003417) auipc   s0, 0x3
core   0: 3 0x800000ea (0x00003417) x8  0x800030ea
core   0: 0x800000ee (0x3d240413) addi    s0, s0, 978
core   0: 3 0x800000ee (0x3d240413) x8  0x800034bc
core   0: 0x800000f2 (0x333333b7) lui     t2, 0x33333
core   0: 3 0x800000f2 (0x333333b7) x7  0x33333000
core   0: 0x800000f6 (0x33338393) addi    t2, t2, 819
core   0: 3 0x800000f6 (0x33338393) x7  0x33333333
core   0: 0x800000fa (0x0000941e) c.add   s0, t2
core   0: 3 0x800000fa (0x941e) x8  0xb33367ef
core   0: 0x800000fc (0x00008009) c.srli  s0, 2
core   0: 3 0x800000fc (0x8009) x8  0x2cccd9fb
core   0: 0x800000fe (0x3b341073) csrw    pmpaddr3, s0
core   0: 3 0x800000fe (0x3b341073) c947_pmpaddr3 0x2cccd9fb
core   0: 0x80000102 (0x0f0f1437) lui     s0, 0xf0f1
core   0: 3 0x80000102 (0x0f0f1437) x8  0x0f0f1000
core   0: 0x80000106 (0xf0f40413) addi    s0, s0, -241
core   0: 3 0x80000106 (0xf0f40413) x8  0x0f0f0f0f
core   0: 0x8000010a (0x3a041073) csrw    pmpcfg0, s0
core   0: 3 0x8000010a (0x3a041073) c928_pmpcfg0 0x0f0f0f0f
core   0: 0x8000010e (0x00003417) auipc   s0, 0x3
core   0: 3 0x8000010e (0x00003417) x8  0x8000310e
core   0: 0x80000112 (0x3ae40413) addi    s0, s0, 942
core   0: 3 0x80000112 (0x3ae40413) x8  0x800034bc
core   0: 0x80000116 (0x444443b7) lui     t2, 0x44444
core   0: 3 0x80000116 (0x444443b7) x7  0x44444000
core   0: 0x8000011a (0x44438393) addi    t2, t2, 1092
core   0: 3 0x8000011a (0x44438393) x7  0x44444444
core   0: 0x8000011e (0x0000941e) c.add   s0, t2
core   0: 3 0x8000011e (0x941e) x8  0xc4447900
core   0: 0x80000120 (0x00008009) c.srli  s0, 2
core   0: 3 0x80000120 (0x8009) x8  0x31111e40
core   0: 0x80000122 (0x3b441073) csrw    pmpaddr4, s0
core   0: 3 0x80000122 (0x3b441073) c948_pmpaddr4 0x31111e40
core   0: 0x80000126 (0x00003417) auipc   s0, 0x3
core   0: 3 0x80000126 (0x00003417) x8  0x80003126
core   0: 0x8000012a (0x39640413) addi    s0, s0, 918
core   0: 3 0x8000012a (0x39640413) x8  0x800034bc
core   0: 0x8000012e (0x555553b7) lui     t2, 0x55555
core   0: 3 0x8000012e (0x555553b7) x7  0x55555000
core   0: 0x80000132 (0x55538393) addi    t2, t2, 1365
core   0: 3 0x80000132 (0x55538393) x7  0x55555555
core   0: 0x80000136 (0x0000941e) c.add   s0, t2
core   0: 3 0x80000136 (0x941e) x8  0xd5558a11
core   0: 0x80000138 (0x00008009) c.srli  s0, 2
core   0: 3 0x80000138 (0x8009) x8  0x35556284
core   0: 0x8000013a (0x3b541073) csrw    pmpaddr5, s0
core   0: 3 0x8000013a (0x3b541073) c949_pmpaddr5 0x35556284
core   0: 0x8000013e (0x00003417) auipc   s0, 0x3
core   0: 3 0x8000013e (0x00003417) x8  0x8000313e
core   0: 0x80000142 (0x37e40413) addi    s0, s0, 894
core   0: 3 0x80000142 (0x37e40413) x8  0x800034bc
core   0: 0x80000146 (0x666663b7) lui     t2, 0x66666
core   0: 3 0x80000146 (0x666663b7) x7  0x66666000
core   0: 0x8000014a (0x66638393) addi    t2, t2, 1638
core   0: 3 0x8000014a (0x66638393) x7  0x66666666
core   0: 0x8000014e (0x0000941e) c.add   s0, t2
core   0: 3 0x8000014e (0x941e) x8  0xe6669b22
core   0: 0x80000150 (0x00008009) c.srli  s0, 2
core   0: 3 0x80000150 (0x8009) x8  0x3999a6c8
core   0: 0x80000152 (0x3b641073) csrw    pmpaddr6, s0
core   0: 3 0x80000152 (0x3b641073) c950_pmpaddr6 0x3999a6c8
core   0: 0x80000156 (0x00003417) auipc   s0, 0x3
core   0: 3 0x80000156 (0x00003417) x8  0x80003156
core   0: 0x8000015a (0x36640413) addi    s0, s0, 870
core   0: 3 0x8000015a (0x36640413) x8  0x800034bc
core   0: 0x8000015e (0x777773b7) lui     t2, 0x77777
core   0: 3 0x8000015e (0x777773b7) x7  0x77777000
core   0: 0x80000162 (0x77738393) addi    t2, t2, 1911
core   0: 3 0x80000162 (0x77738393) x7  0x77777777
core   0: 0x80000166 (0x0000941e) c.add   s0, t2
core   0: 3 0x80000166 (0x941e) x8  0xf777ac33
core   0: 0x80000168 (0x00008009) c.srli  s0, 2
core   0: 3 0x80000168 (0x8009) x8  0x3dddeb0c
core   0: 0x8000016a (0x3b741073) csrw    pmpaddr7, s0
core   0: 3 0x8000016a (0x3b741073) c951_pmpaddr7 0x3dddeb0c
core   0: 0x8000016e (0x0f0f1437) lui     s0, 0xf0f1
core   0: 3 0x8000016e (0x0f0f1437) x8  0x0f0f1000
core   0: 0x80000172 (0xf0f40413) addi    s0, s0, -241
core   0: 3 0x80000172 (0xf0f40413) x8  0x0f0f0f0f
core   0: 0x80000176 (0x3a141073) csrw    pmpcfg1, s0
core   0: 3 0x80000176 (0x3a141073) c929_pmpcfg1 0x0f0f0f0f
core   0: 0x8000017a (0x00003417) auipc   s0, 0x3
core   0: 3 0x8000017a (0x00003417) x8  0x8000317a
core   0: 0x8000017e (0x34240413) addi    s0, s0, 834
core   0: 3 0x8000017e (0x34240413) x8  0x800034bc
core   0: 0x80000182 (0x888893b7) lui     t2, 0x88889
core   0: 3 0x80000182 (0x888893b7) x7  0x88889000
core   0: 0x80000186 (0x88838393) addi    t2, t2, -1912
core   0: 3 0x80000186 (0x88838393) x7  0x88888888
core   0: 0x8000018a (0x0000941e) c.add   s0, t2
core   0: 3 0x8000018a (0x941e) x8  0x0888bd44
core   0: 0x8000018c (0x00008009) c.srli  s0, 2
core   0: 3 0x8000018c (0x8009) x8  0x02222f51
core   0: 0x8000018e (0x3b841073) csrw    pmpaddr8, s0
core   0: 3 0x8000018e (0x3b841073) c952_pmpaddr8 0x02222f51
core   0: 0x80000192 (0x00003417) auipc   s0, 0x3
core   0: 3 0x80000192 (0x00003417) x8  0x80003192
core   0: 0x80000196 (0x32a40413) addi    s0, s0, 810
core   0: 3 0x80000196 (0x32a40413) x8  0x800034bc
core   0: 0x8000019a (0x9999a3b7) lui     t2, 0x9999a
core   0: 3 0x8000019a (0x9999a3b7) x7  0x9999a000
core   0: 0x8000019e (0x99938393) addi    t2, t2, -1639
core   0: 3 0x8000019e (0x99938393) x7  0x99999999
core   0: 0x800001a2 (0x0000941e) c.add   s0, t2
core   0: 3 0x800001a2 (0x941e) x8  0x1999ce55
core   0: 0x800001a4 (0x00008009) c.srli  s0, 2
core   0: 3 0x800001a4 (0x8009) x8  0x06667395
core   0: 0x800001a6 (0x3b941073) csrw    pmpaddr9, s0
core   0: 3 0x800001a6 (0x3b941073) c953_pmpaddr9 0x06667395
core   0: 0x800001aa (0x00003417) auipc   s0, 0x3
core   0: 3 0x800001aa (0x00003417) x8  0x800031aa
core   0: 0x800001ae (0x31240413) addi    s0, s0, 786
core   0: 3 0x800001ae (0x31240413) x8  0x800034bc
core   0: 0x800001b2 (0xaaaab3b7) lui     t2, 0xaaaab
core   0: 3 0x800001b2 (0xaaaab3b7) x7  0xaaaab000
core   0: 0x800001b6 (0xaaa38393) addi    t2, t2, -1366
core   0: 3 0x800001b6 (0xaaa38393) x7  0xaaaaaaaa
core   0: 0x800001ba (0x0000941e) c.add   s0, t2
core   0: 3 0x800001ba (0x941e) x8  0x2aaadf66
core   0: 0x800001bc (0x00008009) c.srli  s0, 2
core   0: 3 0x800001bc (0x8009) x8  0x0aaab7d9
core   0: 0x800001be (0x3ba41073) csrw    pmpaddr10, s0
core   0: 3 0x800001be (0x3ba41073) c954_pmpaddr10 0x0aaab7d9
core   0: 0x800001c2 (0x00003417) auipc   s0, 0x3
core   0: 3 0x800001c2 (0x00003417) x8  0x800031c2
core   0: 0x800001c6 (0x2fa40413) addi    s0, s0, 762
core   0: 3 0x800001c6 (0x2fa40413) x8  0x800034bc
core   0: 0x800001ca (0xbbbbc3b7) lui     t2, 0xbbbbc
core   0: 3 0x800001ca (0xbbbbc3b7) x7  0xbbbbc000
core   0: 0x800001ce (0xbbb38393) addi    t2, t2, -1093
core   0: 3 0x800001ce (0xbbb38393) x7  0xbbbbbbbb
core   0: 0x800001d2 (0x0000941e) c.add   s0, t2
core   0: 3 0x800001d2 (0x941e) x8  0x3bbbf077
core   0: 0x800001d4 (0x00008009) c.srli  s0, 2
core   0: 3 0x800001d4 (0x8009) x8  0x0eeefc1d
core   0: 0x800001d6 (0x3bb41073) csrw    pmpaddr11, s0
core   0: 3 0x800001d6 (0x3bb41073) c955_pmpaddr11 0x0eeefc1d
core   0: 0x800001da (0x0f0f1437) lui     s0, 0xf0f1
core   0: 3 0x800001da (0x0f0f1437) x8  0x0f0f1000
core   0: 0x800001de (0xf0f40413) addi    s0, s0, -241
core   0: 3 0x800001de (0xf0f40413) x8  0x0f0f0f0f
core   0: 0x800001e2 (0x3a241073) csrw    pmpcfg2, s0
core   0: 3 0x800001e2 (0x3a241073) c930_pmpcfg2 0x0f0f0f0f
core   0: 0x800001e6 (0x00003417) auipc   s0, 0x3
core   0: 3 0x800001e6 (0x00003417) x8  0x800031e6
core   0: 0x800001ea (0x2d640413) addi    s0, s0, 726
core   0: 3 0x800001ea (0x2d640413) x8  0x800034bc
core   0: 0x800001ee (0xccccd3b7) lui     t2, 0xccccd
core   0: 3 0x800001ee (0xccccd3b7) x7  0xccccd000
core   0: 0x800001f2 (0xccc38393) addi    t2, t2, -820
core   0: 3 0x800001f2 (0xccc38393) x7  0xcccccccc
core   0: 0x800001f6 (0x0000941e) c.add   s0, t2
core   0: 3 0x800001f6 (0x941e) x8  0x4ccd0188
core   0: 0x800001f8 (0x00008009) c.srli  s0, 2
core   0: 3 0x800001f8 (0x8009) x8  0x13334062
core   0: 0x800001fa (0x3bc41073) csrw    pmpaddr12, s0
core   0: 3 0x800001fa (0x3bc41073) c956_pmpaddr12 0x13334062
core   0: 0x800001fe (0x00003417) auipc   s0, 0x3
core   0: 3 0x800001fe (0x00003417) x8  0x800031fe
core   0: 0x80000202 (0x2be40413) addi    s0, s0, 702
core   0: 3 0x80000202 (0x2be40413) x8  0x800034bc
core   0: 0x80000206 (0xdddde3b7) lui     t2, 0xdddde
core   0: 3 0x80000206 (0xdddde3b7) x7  0xdddde000
core   0: 0x8000020a (0xddd38393) addi    t2, t2, -547
core   0: 3 0x8000020a (0xddd38393) x7  0xdddddddd
core   0: 0x8000020e (0x0000941e) c.add   s0, t2
core   0: 3 0x8000020e (0x941e) x8  0x5dde1299
core   0: 0x80000210 (0x00008009) c.srli  s0, 2
core   0: 3 0x80000210 (0x8009) x8  0x177784a6
core   0: 0x80000212 (0x3bd41073) csrw    pmpaddr13, s0
core   0: 3 0x80000212 (0x3bd41073) c957_pmpaddr13 0x177784a6
core   0: 0x80000216 (0x00003417) auipc   s0, 0x3
core   0: 3 0x80000216 (0x00003417) x8  0x80003216
core   0: 0x8000021a (0x2a640413) addi    s0, s0, 678
core   0: 3 0x8000021a (0x2a640413) x8  0x800034bc
core   0: 0x8000021e (0xeeeef3b7) lui     t2, 0xeeeef
core   0: 3 0x8000021e (0xeeeef3b7) x7  0xeeeef000
core   0: 0x80000222 (0xeee38393) addi    t2, t2, -274
core   0: 3 0x80000222 (0xeee38393) x7  0xeeeeeeee
core   0: 0x80000226 (0x0000941e) c.add   s0, t2
core   0: 3 0x80000226 (0x941e) x8  0x6eef23aa
core   0: 0x80000228 (0x00008009) c.srli  s0, 2
core   0: 3 0x80000228 (0x8009) x8  0x1bbbc8ea
core   0: 0x8000022a (0x3be41073) csrw    pmpaddr14, s0
core   0: 3 0x8000022a (0x3be41073) c958_pmpaddr14 0x1bbbc8ea
core   0: 0x8000022e (0x00003417) auipc   s0, 0x3
core   0: 3 0x8000022e (0x00003417) x8  0x8000322e
core   0: 0x80000232 (0x28e40413) addi    s0, s0, 654
core   0: 3 0x80000232 (0x28e40413) x8  0x800034bc
core   0: 0x80000236 (0xfff00393) li      t2, -1
core   0: 3 0x80000236 (0xfff00393) x7  0xffffffff
core   0: 0x8000023a (0x0000941e) c.add   s0, t2
core   0: 3 0x8000023a (0x941e) x8  0x800034bb
core   0: 0x8000023c (0x00008009) c.srli  s0, 2
core   0: 3 0x8000023c (0x8009) x8  0x20000d2e
core   0: 0x8000023e (0x3bf41073) csrw    pmpaddr15, s0
core   0: 3 0x8000023e (0x3bf41073) c959_pmpaddr15 0x20000d2e
core   0: 0x80000242 (0x0f0f1437) lui     s0, 0xf0f1
core   0: 3 0x80000242 (0x0f0f1437) x8  0x0f0f1000
core   0: 0x80000246 (0xf0f40413) addi    s0, s0, -241
core   0: 3 0x80000246 (0xf0f40413) x8  0x0f0f0f0f
core   0: 0x8000024a (0x3a341073) csrw    pmpcfg3, s0
core   0: 3 0x8000024a (0x3a341073) c931_pmpcfg3 0x0f0f0f0f
core   0: 0x8000024e (0x00000397) auipc   t2, 0x0
core   0: 3 0x8000024e (0x00000397) x7  0x8000024e
core   0: 0x80000252 (0x06038393) addi    t2, t2, 96
core   0: 3 0x80000252 (0x06038393) x7  0x800002ae
core   0: 0x80000256 (0x34139073) csrw    mepc, t2
core   0: 3 0x80000256 (0x34139073) c833_mepc 0x800002ae
core   0: 0x8000025a (0x7c00d073) csrwi   cpuctrlsts, 1
core   0: 3 0x8000025a (0x7c00d073) c1984_cpuctrlsts 0x00000101
core   0: 0x8000025e (0x00004381) c.li    t2, 0
core   0: 3 0x8000025e (0x4381) x7  0x00000000
core   0: 0x80000260 (0x30039073) csrw    mstatus, t2
core   0: 3 0x80000260 (0x30039073) c768_mstatus 0x00000000
core   0: 0x80000264 (0x00004381) c.li    t2, 0
core   0: 3 0x80000264 (0x4381) x7  0x00000000
core   0: 0x80000266 (0x30439073) csrw    mie, t2
core   0: 3 0x80000266 (0x30439073) c772_mie 0x00000000
core   0: 0x8000026a (0x90000cb7) lui     s9, 0x90000
core   0: 3 0x8000026a (0x90000cb7) x25 0x90000000
core   0: 0x8000026e (0x00001cf1) c.addi  s9, -4
core   0: 3 0x8000026e (0x1cf1) x25 0x8ffffffc
core   0: 0x80000270 (0x90000cb7) lui     s9, 0x90000
core   0: 3 0x80000270 (0x90000cb7) x25 0x90000000
core   0: 0x80000274 (0x00001cf1) c.addi  s9, -4
core   0: 3 0x80000274 (0x1cf1) x25 0x8ffffffc
core   0: 0x80000276 (0x90000cb7) lui     s9, 0x90000
core   0: 3 0x80000276 (0x90000cb7) x25 0x90000000
core   0: 0x8000027a (0x00001cf1) c.addi  s9, -4
core   0: 3 0x8000027a (0x1cf1) x25 0x8ffffffc
core   0: 0x8000027c (0x30000393) li      t2, 768
core   0: 3 0x8000027c (0x30000393) x7  0x00000300
core   0: 0x80000280 (0x000003a2) c.slli  t2, 8
core   0: 3 0x80000280 (0x03a2) x7  0x00030000
core   0: 0x80000282 (0x0000038d) c.addi  t2, 3
core   0: 3 0x80000282 (0x038d) x7  0x00030003
core   0: 0x80000284 (0x007ca023) sw      t2, 0(s9)
core   0: 3 0x80000284 (0x007ca023) mem 0x8ffffffc 0x00030003
core   0: 0x80000288 (0x300023f3) csrr    t2, mstatus
core   0: 3 0x80000288 (0x300023f3) x7  0x00000000
core   0: 0x8000028c (0x007ca023) sw      t2, 0(s9)
core   0: 3 0x8000028c (0x007ca023) mem 0x8ffffffc 0x00000000
core   0: 0x80000290 (0x90000cb7) lui     s9, 0x90000
core   0: 3 0x80000290 (0x90000cb7) x25 0x90000000
core   0: 0x80000294 (0x00001cf1) c.addi  s9, -4
core   0: 3 0x80000294 (0x1cf1) x25 0x8ffffffc
core   0: 0x80000296 (0x30400393) li      t2, 772
core   0: 3 0x80000296 (0x30400393) x7  0x00000304
core   0: 0x8000029a (0x000003a2) c.slli  t2, 8
core   0: 3 0x8000029a (0x03a2) x7  0x00030400
core   0: 0x8000029c (0x0000038d) c.addi  t2, 3
core   0: 3 0x8000029c (0x038d) x7  0x00030403
core   0: 0x8000029e (0x007ca023) sw      t2, 0(s9)
core   0: 3 0x8000029e (0x007ca023) mem 0x8ffffffc 0x00030403
core   0: 0x800002a2 (0x304023f3) csrr    t2, mie
core   0: 3 0x800002a2 (0x304023f3) x7  0x00000000
core   0: 0x800002a6 (0x007ca023) sw      t2, 0(s9)
core   0: 3 0x800002a6 (0x007ca023) mem 0x8ffffffc 0x00000000
core   0: 0x800002aa (0x30200073) mret
core   0: 3 0x800002aa (0x30200073) c768_mstatus 0x00000080
core   0: 0x800002ae (0x80000037) lui     zero, 0x80000
core   0: 0 0x800002ae (0x80000037)
core   0: 0x800002b2 (0x00000001) c.nop
core   0: 0 0x800002b2 (0x0001)
core   0: 0x800002b4 (0x800000b7) lui     ra, 0x80000
core   0: 0 0x800002b4 (0x800000b7) x1  0x80000000
core   0: 0x800002b8 (0xf63cf137) lui     sp, 0xf63cf
core   0: 0 0x800002b8 (0xf63cf137) x2  0xf63cf000
core   0: 0x800002bc (0x95a10113) addi    sp, sp, -1702
core   0: 0 0x800002bc (0x95a10113) x2  0xf63ce95a
core   0: 0x800002c0 (0xf6f701b7) lui     gp, 0xf6f70
core   0: 0 0x800002c0 (0xf6f701b7) x3  0xf6f70000
core   0: 0x800002c4 (0xb9218193) addi    gp, gp, -1134
core   0: 0 0x800002c4 (0xb9218193) x3  0xf6f6fb92
core   0: 0x800002c8 (0xfcbe8237) lui     tp, 0xfcbe8
core   0: 0 0x800002c8 (0xfcbe8237) x4  0xfcbe8000
core   0: 0x800002cc (0x87520213) addi    tp, tp, -1931
core   0: 0 0x800002cc (0x87520213) x4  0xfcbe7875
core   0: 0x800002d0 (0xf13802b7) lui     t0, 0xf1380
core   0: 0 0x800002d0 (0xf13802b7) x5  0xf1380000
core   0: 0x800002d4 (0x92928293) addi    t0, t0, -1751
core   0: 0 0x800002d4 (0x92928293) x5  0xf137f929
core   0: 0x800002d8 (0x00004311) c.li    t1, 4
core   0: 0 0x800002d8 (0x4311) x6  0x00000004
core   0: 0x800002da (0x00004399) c.li    t2, 6
core   0: 0 0x800002da (0x4399) x7  0x00000006
core   0: 0x800002dc (0x80000437) lui     s0, 0x80000
core   0: 0 0x800002dc (0x80000437) x8  0x80000000
core   0: 0x800002e0 (0x00004481) c.li    s1, 0
core   0: 0 0x800002e0 (0x4481) x9  0x00000000
core   0: 0x800002e2 (0x80000537) lui     a0, 0x80000
core   0: 0 0x800002e2 (0x80000537) x10 0x80000000
core   0: 0x800002e6 (0x800005b7) lui     a1, 0x80000
core   0: 0 0x800002e6 (0x800005b7) x11 0x80000000
core   0: 0x800002ea (0x00004681) c.li    a3, 0
core   0: 0 0x800002ea (0x4681) x13 0x00000000
core   0: 0x800002ec (0xc5d10737) lui     a4, 0xc5d10
core   0: 0 0x800002ec (0xc5d10737) x14 0xc5d10000
core   0: 0x800002f0 (0xb9670713) addi    a4, a4, -1130
core   0: 0 0x800002f0 (0xb9670713) x14 0xc5d0fb96
core   0: 0x800002f4 (0x08f4b7b7) lui     a5, 0x8f4b
core   0: 0 0x800002f4 (0x08f4b7b7) x15 0x08f4b000
core   0: 0x800002f8 (0x000017a9) c.addi  a5, -22
core   0: 0 0x800002f8 (0x17a9) x15 0x08f4afea
core   0: 0x800002fa (0x00004801) c.li    a6, 0
core   0: 0 0x800002fa (0x4801) x16 0x00000000
core   0: 0x800002fc (0xf2d268b7) lui     a7, 0xf2d26
core   0: 0 0x800002fc (0xf2d268b7) x17 0xf2d26000
core   0: 0x80000300 (0x99a88893) addi    a7, a7, -1638
core   0: 0 0x80000300 (0x99a88893) x17 0xf2d2599a
core   0: 0x80000304 (0xf04f5937) lui     s2, 0xf04f5
core   0: 0 0x80000304 (0xf04f5937) x18 0xf04f5000
core   0: 0x80000308 (0x51590913) addi    s2, s2, 1301
core   0: 0 0x80000308 (0x51590913) x18 0xf04f5515
core   0: 0x8000030c (0x00004991) c.li    s3, 4
core   0: 0 0x8000030c (0x4991) x19 0x00000004
core   0: 0x8000030e (0x80000a37) lui     s4, 0x80000
core   0: 0 0x8000030e (0x80000a37) x20 0x80000000
core   0: 0x80000312 (0x00004a81) c.li    s5, 0
core   0: 0 0x80000312 (0x4a81) x21 0x00000000
core   0: 0x80000314 (0xf9d9fb37) lui     s6, 0xf9d9f
core   0: 0 0x80000314 (0xf9d9fb37) x22 0xf9d9f000
core   0: 0x80000318 (0x3d9b0b13) addi    s6, s6, 985
core   0: 0 0x80000318 (0x3d9b0b13) x22 0xf9d9f3d9
core   0: 0x8000031c (0x80000bb7) lui     s7, 0x80000
core   0: 0 0x8000031c (0x80000bb7) x23 0x80000000
core   0: 0x80000320 (0xf0a97c37) lui     s8, 0xf0a97
core   0: 0 0x80000320 (0xf0a97c37) x24 0xf0a97000
core   0: 0x80000324 (0xddfc0c13) addi    s8, s8, -545
core   0: 0 0x80000324 (0xddfc0c13) x24 0xf0a96ddf
core   0: 0x80000328 (0xf4cc3cb7) lui     s9, 0xf4cc3
core   0: 0 0x80000328 (0xf4cc3cb7) x25 0xf4cc3000
core   0: 0x8000032c (0xbcfc8c93) addi    s9, s9, -1073
core   0: 0 0x8000032c (0xbcfc8c93) x25 0xf4cc2bcf
core   0: 0x80000330 (0x00004d01) c.li    s10, 0
core   0: 0 0x80000330 (0x4d01) x26 0x00000000
core   0: 0x80000332 (0xf8832db7) lui     s11, 0xf8832
core   0: 0 0x80000332 (0xf8832db7) x27 0xf8832000
core   0: 0x80000336 (0xce3d8d93) addi    s11, s11, -797
core   0: 0 0x80000336 (0xce3d8d93) x27 0xf8831ce3
core   0: 0x8000033a (0x00004e81) c.li    t4, 0
core   0: 0 0x8000033a (0x4e81) x29 0x00000000
core   0: 0x8000033c (0xfc6dbf37) lui     t5, 0xfc6db
core   0: 0 0x8000033c (0xfc6dbf37) x30 0xfc6db000
core   0: 0x80000340 (0x9b3f0f13) addi    t5, t5, -1613
core   0: 0 0x80000340 (0x9b3f0f13) x30 0xfc6da9b3
core   0: 0x80000344 (0x80000fb7) lui     t6, 0x80000
core   0: 0 0x80000344 (0x80000fb7) x31 0x80000000
core   0: 0x80000348 (0x00022e17) auipc   t3, 0x22
core   0: 0 0x80000348 (0x00022e17) x28 0x80022348
core   0: 0x8000034c (0xb1ce0e13) addi    t3, t3, -1252
core   0: 0 0x8000034c (0xb1ce0e13) x28 0x80021e64
core   0: 0x80000350 (0x90000cb7) lui     s9, 0x90000
core   0: 0 0x80000350 (0x90000cb7) x25 0x90000000
core   0: 0x80000354 (0x00001cf1) c.addi  s9, -4
core   0: 0 0x80000354 (0x1cf1) x25 0x8ffffffc
core   0: 0x80000356 (0x00004381) c.li    t2, 0
core   0: 0 0x80000356 (0x4381) x7  0x00000000
core   0: 0x80000358 (0x000003a2) c.slli  t2, 8
core   0: 0 0x80000358 (0x03a2) x7  0x00000000
core   0: 0x8000035a (0x00038393) mv      t2, t2
core   0: 0 0x8000035a (0x00038393) x7  0x00000000
core   0: 0x8000035e (0x007ca023) sw      t2, 0(s9)
core   0: 0 0x8000035e (0x007ca023) mem 0x8ffffffc 0x00000000
core   0: 0x80000362 (0x15a0306f) j       pc + 0x315a
core   0: 0 0x80000362 (0x15a0306f)
core   0: 0x800034bc (0x01add2b3) srl     t0, s11, s10
core   0: 0 0x800034bc (0x01add2b3) x5  0xf8831ce3
core   0: 0x800034c0 (0x0ff0000f) fence   iorw,iorw
core   0: 0 0x800034c0 (0x0ff0000f)
core   0: 0x800034c4 (0x039c6763) bltu    s8, s9, pc + 46
core   0: 0 0x800034c4 (0x039c6763)
core   0: 0x800034c8 (0xfc08a997) auipc   s3, 0xfc08a
core   0: 0 0x800034c8 (0xfc08a997) x19 0x7c08d4c8
core   0: 0x800034cc (0x044a8063) beq     s5, tp, pc + 64
core   0: 0 0x800034cc (0x044a8063)
core   0: 0x800034d0 (0x00025b93) srli    s7, tp, 0
core   0: 0 0x800034d0 (0x00025b93) x23 0xfcbe7875
core   0: 0x800034d4 (0x9635a593) slti    a1, a1, -1693
core   0: 0 0x800034d4 (0x9635a593) x11 0x00000001
core   0: 0x800034d8 (0x0271dc63) bge     gp, t2, pc + 56
core   0: 0 0x800034d8 (0x0271dc63)
core   0: 0x800034dc (0x055ee463) bltu    t4, s5, pc + 72
core   0: 0 0x800034dc (0x055ee463)
core   0: 0x800034e0 (0x00008c8d) c.sub   s1, a1
core   0: 0 0x800034e0 (0x8c8d) x9  0xffffffff
core   0: 0x800034e2 (0x03ed0b33) mul     s6, s10, t5
core   0: 0 0x800034e2 (0x03ed0b33) x22 0x00000000
core   0: 0x800034e6 (0x01f227b3) slt     a5, tp, t6
core   0: 0 0x800034e6 (0x01f227b3) x15 0x00000000
core   0: 0x800034ea (0x41580eb3) sub     t4, a6, s5
core   0: 0 0x800034ea (0x41580eb3) x29 0x00000000
core   0: 0x800034ee (0x00620bb3) add     s7, tp, t1
core   0: 0 0x800034ee (0x00620bb3) x23 0xfcbe7879
core   0: 0x800034f2 (0xdd102193) slti    gp, zero, -559
core   0: 0 0x800034f2 (0xdd102193) x3  0x00000000
core   0: 0x800034f6 (0x00008d6d) c.and   a0, a1
core   0: 0 0x800034f6 (0x8d6d) x10 0x00000000
core   0: 0x800034f8 (0x0b3c7697) auipc   a3, 0xb3c7
core   0: 0 0x800034f8 (0x0b3c7697) x13 0x8b3ca4f8
core   0: 0x800034fc (0x018b9713) slli    a4, s7, 24
core   0: 0 0x800034fc (0x018b9713) x14 0x79000000
core   0: 0x80003500 (0x9218c093) xori    ra, a7, -1759
core   0: 0 0x80003500 (0x9218c093) x1  0x0d2da0bb
core   0: 0x80003504 (0x417f0233) sub     tp, t5, s7
core   0: 0 0x80003504 (0x417f0233) x4  0xffaf313a
core   0: 0x80003508 (0x87afe293) ori     t0, t6, -1926
core   0: 0 0x80003508 (0x87afe293) x5  0xfffff87a
core   0: 0x8000350c (0xc885f193) andi    gp, a1, -888
core   0: 0 0x8000350c (0xc885f193) x3  0x00000000
core   0: 0x80003510 (0x00006f65) c.lui   t5, 0x19
core   0: 0 0x80003510 (0x6f65) x30 0x00019000
core   0: 0x80003512 (0x00009eb6) c.add   t4, a3
core   0: 0 0x80003512 (0x9eb6) x29 0x8b3ca4f8
core   0: 0x80003514 (0x00897fb3) and     t6, s2, s0
core   0: 0 0x80003514 (0x00897fb3) x31 0x80000000
core   0: 0x80003518 (0x031bafb3) mulhsu  t6, s7, a7
core   0: 0 0x80003518 (0x031bafb3) x31 0xfce960fd
core   0: 0x8000351c (0x004e5b93) srli    s7, t3, 4
core   0: 0 0x8000351c (0x004e5b93) x23 0x080021e6
core   0: 0x80003520 (0x03337313) andi    t1, t1, 51
core   0: 0 0x80003520 (0x03337313) x6  0x00000000
core   0: 0x80003524 (0x1ef4ef13) ori     t5, s1, 495
core   0: 0 0x80003524 (0x1ef4ef13) x30 0xffffffff
core   0: 0x80003528 (0x00008abd) c.andi  a3, 15
core   0: 0 0x80003528 (0x8abd) x13 0x00000008
core   0: 0x8000352a (0x03b53533) mulhu   a0, a0, s11
core   0: 0 0x8000352a (0x03b53533) x10 0x00000000
core   0: 0x8000352e (0x0000876d) c.srai  a4, 27
core   0: 0 0x8000352e (0x876d) x14 0x0000000f
core   0: 0x80003530 (0x000096ca) c.add   a3, s2
core   0: 0 0x80003530 (0x96ca) x13 0xf04f551d
core   0: 0x80003532 (0x0000997d) c.andi  a0, -1
core   0: 0 0x80003532 (0x997d) x10 0x00000000
core   0: 0x80003534 (0x00006941) c.lui   s2, 0x10
core   0: 0 0x80003534 (0x6941) x18 0x00010000
core   0: 0x80003536 (0x1cb92a93) slti    s5, s2, 459
core   0: 0 0x80003536 (0x1cb92a93) x21 0x00000000
core   0: 0x8000353a (0x00474363) blt     a4, tp, pc + 6
core   0: 0 0x8000353a (0x00474363)
core   0: 0x8000353e (0x0000717d) c.addi16sp sp, -16
core   0: 0 0x8000353e (0x717d) x2  0xf63ce94a
core   0: 0x80003540 (0x03ba7cb3) remu    s9, s4, s11
core   0: 0 0x80003540 (0x03ba7cb3) x25 0x80000000
core   0: 0x80003544 (0x00000001) c.nop
core   0: 0 0x80003544 (0x0001)
core   0: 0x80003546 (0x00fae5b3) or      a1, s5, a5
core   0: 0 0x80003546 (0x00fae5b3) x11 0x00000000
core   0: 0x8000354a (0x419d86b3) sub     a3, s11, s9
core   0: 0 0x8000354a (0x419d86b3) x13 0x78831ce3
core   0: 0x8000354e (0x03ff45b3) div     a1, t5, t6
core   0: 0 0x8000354e (0x03ff45b3) x11 0x00000000
core   0: 0x80003552 (0x04467263) bgeu    a2, tp, pc + 68
core   0: 0 0x80003552 (0x04467263)
core   0: 0x80003556 (0x034fa0b3) mulhsu  ra, t6, s4
core   0: 0 0x80003556 (0x034fa0b3) x1  0xfe74b07e
core   0: 0x8000355a (0x006a9133) sll     sp, s5, t1
core   0: 0 0x8000355a (0x006a9133) x2  0x00000000
core   0: 0x8000355e (0x0000100f) fence.i
core   0: 0 0x8000355e (0x0000100f)
core   0: 0x80003562 (0x5f8c6c13) ori     s8, s8, 1528
core   0: 0 0x80003562 (0x5f8c6c13) x24 0xf0a96dff
core   0: 0x80003566 (0x01611db3) sll     s11, sp, s6
core   0: 0 0x80003566 (0x01611db3) x27 0x00000000
core   0: 0x8000356a (0x00008edd) c.or    a3, a5
core   0: 0 0x8000356a (0x8edd) x13 0x78831ce3
core   0: 0x8000356c (0x010a5c63) bge     s4, a6, pc + 24
core   0: 0 0x8000356c (0x010a5c63)
core   0: 0x80003570 (0x00008121) c.srli  a0, 8
core   0: 0 0x80003570 (0x8121) x10 0x00000000
core   0: 0x80003572 (0x03d7c513) xori    a0, a5, 61
core   0: 0 0x80003572 (0x03d7c513) x10 0x0000003d
core   0: 0x80003576 (0x00004801) c.li    a6, 0
core   0: 0 0x80003576 (0x4801) x16 0x00000000
core   0: 0x80003578 (0x02321333) mulh    t1, tp, gp
core   0: 0 0x80003578 (0x02321333) x6  0x00000000
core   0: 0x8000357c (0x010e1a93) slli    s5, t3, 16
core   0: 0 0x8000357c (0x010e1a93) x21 0x1e640000
core   0: 0x80003580 (0x039a1ab3) mulh    s5, s4, s9
core   0: 0 0x80003580 (0x039a1ab3) x21 0x40000000
core   0: 0x80003584 (0xf4d70213) addi    tp, a4, -179
core   0: 0 0x80003584 (0xf4d70213) x4  0xffffff5c
core   0: 0x80003588 (0x158f8493) addi    s1, t6, 344
core   0: 0 0x80003588 (0x158f8493) x9  0xfce96255
core   0: 0x8000358c (0x000041a5) c.li    gp, 9
core   0: 0 0x8000358c (0x41a5) x3  0x00000009
core   0: 0x8000358e (0x00008dee) c.mv    s11, s11
core   0: 0 0x8000358e (0x8dee) x27 0x00000000
core   0: 0x80003590 (0x009d6a63) bltu    s10, s1, pc + 20
core   0: 0 0x80003590 (0x009d6a63)
core   0: 0x800035a4 (0x368fec13) ori     s8, t6, 872
core   0: 0 0x800035a4 (0x368fec13) x24 0xfce963fd
core   0: 0x800035a8 (0x006f4563) blt     t5, t1, pc + 10
core   0: 0 0x800035a8 (0x006f4563)
core   0: 0x800035b2 (0x00006be5) c.lui   s7, 0x19
core   0: 0 0x800035b2 (0x6be5) x23 0x00019000
core   0: 0x800035b4 (0x0218fc33) remu    s8, a7, ra
core   0: 0 0x800035b4 (0x0218fc33) x24 0xf2d2599a
core   0: 0x800035b8 (0x40430233) sub     tp, t1, tp
core   0: 0 0x800035b8 (0x40430233) x4  0x000000a4
core   0: 0x800035bc (0x004b18b3) sll     a7, s6, tp
core   0: 0 0x800035bc (0x004b18b3) x17 0x00000000
core   0: 0x800035c0 (0x00006511) c.lui   a0, 0x4
core   0: 0 0x800035c0 (0x6511) x10 0x00004000
core   0: 0x800035c2 (0x00009bfd) c.andi  a5, -1
core   0: 0 0x800035c2 (0x9bfd) x15 0x00000000
core   0: 0x800035c4 (0x41bdd6b3) sra     a3, s11, s11
core   0: 0 0x800035c4 (0x41bdd6b3) x13 0x00000000
core   0: 0x800035c8 (0x016f9bb3) sll     s7, t6, s6
core   0: 0 0x800035c8 (0x016f9bb3) x23 0xfce960fd
core   0: 0x800035cc (0x62eaf013) andi    zero, s5, 1582
core   0: 0 0x800035cc (0x62eaf013)
core   0: 0x800035d0 (0x00008cba) c.mv    s9, a4
core   0: 0 0x800035d0 (0x8cba) x25 0x0000000f
core   0: 0x800035d2 (0x000086cd) c.srai  a3, 19
core   0: 0 0x800035d2 (0x86cd) x13 0x00000000
core   0: 0x800035d4 (0x21ef0793) addi    a5, t5, 542
core   0: 0 0x800035d4 (0x21ef0793) x15 0x0000021d
core   0: 0x800035d8 (0x037d9a33) mulh    s4, s11, s7
core   0: 0 0x800035d8 (0x037d9a33) x20 0x00000000
core   0: 0x800035dc (0x00c69bb3) sll     s7, a3, a2
core   0: 0 0x800035dc (0x00c69bb3) x23 0x00000000
core   0: 0x800035e0 (0x01fd1c33) sll     s8, s10, t6
core   0: 0 0x800035e0 (0x01fd1c33) x24 0x00000000
core   0: 0x800035e4 (0x02229033) mulh    zero, t0, sp
core   0: 0 0x800035e4 (0x02229033)
core   0: 0x800035e8 (0x00008f9d) c.sub   a5, a5
core   0: 0 0x800035e8 (0x8f9d) x15 0x00000000
core   0: 0x800035ea (0x41636293) ori     t0, t1, 1046
core   0: 0 0x800035ea (0x41636293) x5  0x00000416
core   0: 0x800035ee (0x683ead93) slti    s11, t4, 1667
core   0: 0 0x800035ee (0x683ead93) x27 0x00000001
core   0: 0x800035f2 (0x000063bd) c.lui   t2, 0xf
core   0: 0 0x800035f2 (0x63bd) x7  0x0000f000
core   0: 0x800035f4 (0x7f0a8c97) auipc   s9, 0x7f0a8
core   0: 0 0x800035f4 (0x7f0a8c97) x25 0xff0ab5f4
core   0: 0x800035f8 (0x00000808) c.addi4spn a0, sp, 16
core   0: 0 0x800035f8 (0x0808) x10 0x00000010
core   0: 0x800035fa (0x016ed863) bge     t4, s6, pc + 16
core   0: 0 0x800035fa (0x016ed863)
core   0: 0x800035fe (0x00000aa9) c.addi  s5, 10
core   0: 0 0x800035fe (0x0aa9) x21 0x4000000a
core   0: 0x80003600 (0x0263b213) sltiu   tp, t2, 38
core   0: 0 0x80003600 (0x0263b213) x4  0x00000000
core   0: 0x80003604 (0x00c99263) bne     s3, a2, pc + 4
core   0: 0 0x80003604 (0x00c99263)
core   0: 0x80003608 (0x0000717d) c.addi16sp sp, -16
core   0: 0 0x80003608 (0x717d) x2  0xfffffff0
core   0: 0x8000360a (0x41c3d713) srai    a4, t2, 28
core   0: 0 0x8000360a (0x41c3d713) x14 0x00000000
core   0: 0x8000360e (0x00184fb3) xor     t6, a6, ra
core   0: 0 0x8000360e (0x00184fb3) x31 0xfe74b07e
core   0: 0x80003612 (0x0000177d) c.addi  a4, -1
core   0: 0 0x80003612 (0x177d) x14 0xffffffff
core   0: 0x80003614 (0x0015d393) srli    t2, a1, 1
core   0: 0 0x80003614 (0x0015d393) x7  0x00000000
core   0: 0x80003618 (0x0149fb63) bgeu    s3, s4, pc + 22
core   0: 0 0x80003618 (0x0149fb63)
core   0: 0x8000362e (0x00704cb3) xor     s9, zero, t2
core   0: 0 0x8000362e (0x00704cb3) x25 0x00000000
core   0: 0x80003632 (0x02d8cc33) div     s8, a7, a3
core   0: 0 0x80003632 (0x02d8cc33) x24 0xffffffff
core   0: 0x80003636 (0x00008f39) c.xor   a4, a4
core   0: 0 0x80003636 (0x8f39) x14 0x00000000
core   0: 0x80003638 (0x000082f5) c.srli  a3, 29
core   0: 0 0x80003638 (0x82f5) x13 0x00000000
core   0: 0x8000363a (0x00006b71) c.lui   s6, 0x1c
core   0: 0 0x8000363a (0x6b71) x22 0x0001c000
core   0: 0x8000363c (0x000087d9) c.srai  a5, 22
core   0: 0 0x8000363c (0x87d9) x15 0x00000000
core   0: 0x8000363e (0x00f619b3) sll     s3, a2, a5
core   0: 0 0x8000363e (0x00f619b3) x19 0x80025ce4
core   0: 0x80003642 (0x00000784) c.addi4spn s1, sp, 960
core   0: 0 0x80003642 (0x0784) x9  0x000003b0
core   0: 0x80003644 (0x02885763) bge     a6, s0, pc + 46
core   0: 0 0x80003644 (0x02885763)
core   0: 0x80003672 (0x00e71d13) slli    s10, a4, 14
core   0: 0 0x80003672 (0x00e71d13) x26 0x00000000
core   0: 0x80003676 (0x0346bab3) mulhu   s5, a3, s4
core   0: 0 0x80003676 (0x0346bab3) x21 0x00000000
core   0: 0x8000367a (0x027b09b3) mul     s3, s6, t2
core   0: 0 0x8000367a (0x027b09b3) x19 0x00000000
core   0: 0x8000367e (0x00008cd5) c.or    s1, a3
core   0: 0 0x8000367e (0x8cd5) x9  0x000003b0
core   0: 0x80003680 (0x008fa733) slt     a4, t6, s0
core   0: 0 0x80003680 (0x008fa733) x14 0x00000000
core   0: 0x80003684 (0x00be1e63) bne     t3, a1, pc + 28
core   0: 0 0x80003684 (0x00be1e63)
core   0: 0x800036a0 (0x0ff0000f) fence   iorw,iorw
core   0: 0 0x800036a0 (0x0ff0000f)
core   0: 0x800036a4 (0x00009a2a) c.add   s4, a0
core   0: 0 0x800036a4 (0x9a2a) x20 0x00000010
core   0: 0x800036a6 (0x00f0eeb3) or      t4, ra, a5
core   0: 0 0x800036a6 (0x00f0eeb3) x29 0xfe74b07e
core   0: 0x800036aa (0x016bdf93) srli    t6, s7, 22
core   0: 0 0x800036aa (0x016bdf93) x31 0x00000000
core   0: 0x800036ae (0x00147333) and     t1, s0, ra
core   0: 0 0x800036ae (0x00147333) x6  0x80000000
core   0: 0x800036b2 (0x000064d9) c.lui   s1, 0x16
core   0: 0 0x800036b2 (0x64d9) x9  0x00016000
core   0: 0x800036b4 (0x0ff0000f) fence   iorw,iorw
core   0: 0 0x800036b4 (0x0ff0000f)
core   0: 0x800036b8 (0x01c53c33) sltu    s8, a0, t3
core   0: 0 0x800036b8 (0x01c53c33) x24 0x00000001
core   0: 0x800036bc (0x002c3233) sltu    tp, s8, sp
core   0: 0 0x800036bc (0x002c3233) x4  0x00000001
core   0: 0x800036c0 (0x0000717d) c.addi16sp sp, -16
core   0: 0 0x800036c0 (0x717d) x2  0xffffffe0
core   0: 0x800036c2 (0x01d38663) beq     t2, t4, pc + 12
core   0: 0 0x800036c2 (0x01d38663)
core   0: 0x800036c6 (0x0045c263) blt     a1, tp, pc + 4
core   0: 0 0x800036c6 (0x0045c263)
core   0: 0x800036ca (0x965d9497) auipc   s1, 0x965d9
core   0: 0 0x800036ca (0x965d9497) x9  0x165dc6ca
core   0: 0x800036ce (0x00e52fb3) slt     t6, a0, a4
core   0: 0 0x800036ce (0x00e52fb3) x31 0x00000000
core   0: 0x800036d2 (0x0000157d) c.addi  a0, -1
core   0: 0 0x800036d2 (0x157d) x10 0x0000000f
core   0: 0x800036d4 (0x0277b333) mulhu   t1, a5, t2
core   0: 0 0x800036d4 (0x0277b333) x6  0x00000000
core   0: 0x800036d8 (0x2d47ec93) ori     s9, a5, 724
core   0: 0 0x800036d8 (0x2d47ec93) x25 0x000002d4
core   0: 0x800036dc (0x00fbccb3) xor     s9, s7, a5
core   0: 0 0x800036dc (0x00fbccb3) x25 0x00000000
core   0: 0x800036e0 (0x00008f05) c.sub   a4, s1
core   0: 0 0x800036e0 (0x8f05) x14 0xe9a23936
core   0: 0x800036e2 (0x9a7eeb93) ori     s7, t4, -1625
core   0: 0 0x800036e2 (0x9a7eeb93) x23 0xfffff9ff
core   0: 0x800036e6 (0x0164c0b3) xor     ra, s1, s6
core   0: 0 0x800036e6 (0x0164c0b3) x1  0x165c06ca
core   0: 0x800036ea (0x00000001) c.nop
core   0: 0 0x800036ea (0x0001)
core   0: 0x800036ec (0x0320f0b3) remu    ra, ra, s2
core   0: 0 0x800036ec (0x0320f0b3) x1  0x000006ca
core   0: 0x800036f0 (0x8d336293) ori     t0, t1, -1837
core   0: 0 0x800036f0 (0x8d336293) x5  0xfffff8d3
core   0: 0x800036f4 (0x013bc5b3) xor     a1, s7, s3
core   0: 0 0x800036f4 (0x013bc5b3) x11 0xfffff9ff
core   0: 0x800036f8 (0x015b4b63) blt     s6, s5, pc + 22
core   0: 0 0x800036f8 (0x015b4b63)
core   0: 0x800036fc (0x00cd9663) bne     s11, a2, pc + 12
core   0: 0 0x800036fc (0x00cd9663)
core   0: 0x80003708 (0x4134d213) srai    tp, s1, 19
core   0: 0 0x80003708 (0x4134d213) x4  0x000002cb
core   0: 0x8000370c (0x000080fd) c.srli  s1, 31
core   0: 0 0x8000370c (0x80fd) x9  0x00000000
core   0: 0x8000370e (0x0330e233) rem     tp, ra, s3
core   0: 0 0x8000370e (0x0330e233) x4  0x000006ca
core   0: 0x80003712 (0x03eea4b3) mulhsu  s1, t4, t5
core   0: 0 0x80003712 (0x03eea4b3) x9  0xfe74b07e
core   0: 0x80003716 (0x0332d863) bge     t0, s3, pc + 48
core   0: 0 0x80003716 (0x0332d863)
core   0: 0x8000371a (0x010f9033) sll     zero, t6, a6
core   0: 0 0x8000371a (0x010f9033)
core   0: 0x8000371e (0x0000e08d) c.bnez  s1, pc + 34
core   0: 0 0x8000371e (0xe08d)
core   0: 0x80003740 (0x00008cf5) c.and   s1, a3
core   0: 0 0x80003740 (0x8cf5) x9  0x00000000
core   0: 0x80003742 (0x41ac54b3) sra     s1, s8, s10
core   0: 0 0x80003742 (0x41ac54b3) x9  0x00000001
core   0: 0x80003746 (0x000058fd) c.li    a7, -1
core   0: 0 0x80003746 (0x58fd) x17 0xffffffff
core   0: 0x80003748 (0xf7b1ec37) lui     s8, 0xf7b1e
core   0: 0 0x80003748 (0xf7b1ec37) x24 0xf7b1e000
core   0: 0x8000374c (0x01d9bab3) sltu    s5, s3, t4
core   0: 0 0x8000374c (0x01d9bab3) x21 0x00000001
core   0: 0x80003750 (0x4f406493) ori     s1, zero, 1268
core   0: 0 0x80003750 (0x4f406493) x9  0x000004f4
core   0: 0x80003754 (0x40b784b3) sub     s1, a5, a1
core   0: 0 0x80003754 (0x40b784b3) x9  0x00000601
core   0: 0x80003758 (0x0000ef15) c.bnez  a4, pc + 60
core   0: 0 0x80003758 (0xef15)
core   0: 0x80003794 (0x03dce8b3) rem     a7, s9, t4
core   0: 0 0x80003794 (0x03dce8b3) x17 0x00000000
core   0: 0x80003798 (0x0000e285) c.bnez  a3, pc + 32
core   0: 0 0x80003798 (0xe285)
core   0: 0x8000379a (0x89d83893) sltiu   a7, a6, -1891
core   0: 0 0x8000379a (0x89d83893) x17 0x00000001
core   0: 0x8000379e (0x0006dd63) bgez    a3, pc + 26
core   0: 0 0x8000379e (0x0006dd63)
core   0: 0x800037b8 (0x00000001) c.nop
core   0: 0 0x800037b8 (0x0001)
core   0: 0x800037ba (0x69346b13) ori     s6, s0, 1683
core   0: 0 0x800037ba (0x69346b13) x22 0x80000693
core   0: 0x800037be (0x00008d39) c.xor   a0, a4
core   0: 0 0x800037be (0x8d39) x10 0xe9a23939
core   0: 0x800037c0 (0x00008772) c.mv    a4, t3
core   0: 0 0x800037c0 (0x8772) x14 0x80021e64
core   0: 0x800037c2 (0x0068c463) blt     a7, t1, pc + 8
core   0: 0 0x800037c2 (0x0068c463)
core   0: 0x800037c6 (0x03ff7463) bgeu    t5, t6, pc + 40
core   0: 0 0x800037c6 (0x03ff7463)
core   0: 0x800037ee (0x00000ec2) c.slli  t4, 16
core   0: 0 0x800037ee (0x0ec2) x29 0xb07e0000
core   0: 0x800037f0 (0x00b31513) slli    a0, t1, 11
core   0: 0 0x800037f0 (0x00b31513) x10 0x00000000
core   0: 0x800037f4 (0xa214a9b7) lui     s3, 0xa214a
core   0: 0 0x800037f4 (0xa214a9b7) x19 0xa214a000
core   0: 0x800037f8 (0x0599c263) blt     s3, s9, pc + 68
core   0: 0 0x800037f8 (0x0599c263)
core   0: 0x8000383c (0xc2346493) ori     s1, s0, -989
core   0: 0 0x8000383c (0xc2346493) x9  0xfffffc23
core   0: 0x80003840 (0x9a906c13) ori     s8, zero, -1623
core   0: 0 0x80003840 (0x9a906c13) x24 0xfffff9a9
core   0: 0x80003844 (0x0000cb1d) c.beqz  a4, pc + 54
core   0: 0 0x80003844 (0xcb1d)
core   0: 0x80003846 (0x0ff0000f) fence   iorw,iorw
core   0: 0 0x80003846 (0x0ff0000f)
core   0: 0x8000384a (0x0000c319) c.beqz  a4, pc + 6
core   0: 0 0x8000384a (0xc319)
core   0: 0x8000384c (0x032b8933) mul     s2, s7, s2
core   0: 0 0x8000384c (0x032b8933) x18 0xf9ff0000
core   0: 0x80003850 (0x00000001) c.nop
core   0: 0 0x80003850 (0x0001)
core   0: 0x80003852 (0x00980263) beq     a6, s1, pc + 4
core   0: 0 0x80003852 (0x00980263)
core   0: 0x80003856 (0xeb754093) xori    ra, a0, -329
core   0: 0 0x80003856 (0xeb754093) x1  0xfffffeb7
core   0: 0x8000385a (0xcea3cc93) xori    s9, t2, -790
core   0: 0 0x8000385a (0xcea3cc93) x25 0xfffffcea
core   0: 0x8000385e (0x83724d93) xori    s11, tp, -1993
core   0: 0 0x8000385e (0x83724d93) x27 0xfffffefd
core   0: 0x80003862 (0x031f3833) mulhu   a6, t5, a7
core   0: 0 0x80003862 (0x031f3833) x16 0x00000000
core   0: 0x80003866 (0x97fe2093) slti    ra, t3, -1665
core   0: 0 0x80003866 (0x97fe2093) x1  0x00000001
core   0: 0x8000386a (0x00008dc9) c.or    a1, a0
core   0: 0 0x8000386a (0x8dc9) x11 0xfffff9ff
core   0: 0x8000386c (0x021725b3) mulhsu  a1, a4, ra
core   0: 0 0x8000386c (0x021725b3) x11 0xffffffff
core   0: 0x80003870 (0x01741463) bne     s0, s7, pc + 8
core   0: 0 0x80003870 (0x01741463)
core   0: 0x80003878 (0x000087d5) c.srai  a5, 21
core   0: 0 0x80003878 (0x87d5) x15 0x00000000
core   0: 0x8000387a (0x0213e2b3) rem     t0, t2, ra
core   0: 0 0x8000387a (0x0213e2b3) x5  0x00000000
core   0: 0x8000387e (0x0000100f) fence.i
core   0: 0 0x8000387e (0x0000100f)
core   0: 0x80003882 (0xbd8084b7) lui     s1, 0xbd808
core   0: 0 0x80003882 (0xbd8084b7) x9  0xbd808000
core   0: 0x80003886 (0x010d9f33) sll     t5, s11, a6
core   0: 0 0x80003886 (0x010d9f33) x30 0xfffffefd
core   0: 0x8000388a (0x04168563) beq     a3, ra, pc + 74
core   0: 0 0x8000388a (0x04168563)
core   0: 0x8000388e (0x015c5333) srl     t1, s8, s5
core   0: 0 0x8000388e (0x015c5333) x6  0x7ffffcd4
core   0: 0x80003892 (0x0000100f) fence.i
core   0: 0 0x80003892 (0x0000100f)
core   0: 0x80003896 (0x004f9c63) bne     t6, tp, pc + 24
core   0: 0 0x80003896 (0x004f9c63)
core   0: 0x800038ae (0xc45b7f93) andi    t6, s6, -955
core   0: 0 0x800038ae (0xc45b7f93) x31 0x80000401
core   0: 0x800038b2 (0x03a1ac33) mulhsu  s8, gp, s10
core   0: 0 0x800038b2 (0x03a1ac33) x24 0x00000000
core   0: 0x800038b6 (0x92d45fb7) lui     t6, 0x92d45
core   0: 0 0x800038b6 (0x92d45fb7) x31 0x92d45000
core   0: 0x800038ba (0xf2c98a93) addi    s5, s3, -212
core   0: 0 0x800038ba (0xf2c98a93) x21 0xa2149f2c
core   0: 0x800038be (0x37368a93) addi    s5, a3, 883
core   0: 0 0x800038be (0x37368a93) x21 0x00000373
core   0: 0x800038c2 (0x028219b3) mulh    s3, tp, s0
core   0: 0 0x800038c2 (0x028219b3) x19 0xfffffc9b
core   0: 0x800038c6 (0x00000001) c.nop
core   0: 0 0x800038c6 (0x0001)
core   0: 0x800038c8 (0x01474663) blt     a4, s4, pc + 12
core   0: 0 0x800038c8 (0x01474663)
core   0: 0x800038d4 (0x02b87f33) remu    t5, a6, a1
core   0: 0 0x800038d4 (0x02b87f33) x30 0x00000000
core   0: 0x800038d8 (0x0000e681) c.bnez  a3, pc + 8
core   0: 0 0x800038d8 (0xe681)
core   0: 0x800038da (0x00008f75) c.and   a4, a3
core   0: 0 0x800038da (0x8f75) x14 0x00000000
core   0: 0x800038dc (0x00484b33) xor     s6, a6, tp
core   0: 0 0x800038dc (0x00484b33) x22 0x000006ca
core   0: 0x800038e0 (0x0000c329) c.beqz  a4, pc + 66
core   0: 0 0x800038e0 (0xc329)
core   0: 0x80003922 (0x0000695d) c.lui   s2, 0x17
core   0: 0 0x80003922 (0x695d) x18 0x00017000
core   0: 0x80003924 (0x00901513) slli    a0, zero, 9
core   0: 0 0x80003924 (0x00901513) x10 0x00000000
core   0: 0x80003928 (0x0147feb3) and     t4, a5, s4
core   0: 0 0x80003928 (0x0147feb3) x29 0x00000000
core   0: 0x8000392c (0x00000001) c.nop
core   0: 0 0x8000392c (0x0001)
core   0: 0x8000392e (0x00001498) c.addi4spn a4, sp, 608
core   0: 0 0x8000392e (0x1498) x14 0x00000240
core   0: 0x80003930 (0x01aad733) srl     a4, s5, s10
core   0: 0 0x80003930 (0x01aad733) x14 0x00000373
core   0: 0x80003934 (0x03d9d1b3) divu    gp, s3, t4
core   0: 0 0x80003934 (0x03d9d1b3) x3  0xffffffff
core   0: 0x80003938 (0x01c6f6b3) and     a3, a3, t3
core   0: 0 0x80003938 (0x01c6f6b3) x13 0x00000000
core   0: 0x8000393c (0x0397b933) mulhu   s2, a5, s9
core   0: 0 0x8000393c (0x0397b933) x18 0x00000000
core   0: 0x80003940 (0x0241a8b3) mulhsu  a7, gp, tp
core   0: 0 0x80003940 (0x0241a8b3) x17 0xffffffff
core   0: 0x80003944 (0x0a433c13) sltiu   s8, t1, 164
core   0: 0 0x80003944 (0x0a433c13) x24 0x00000000
core   0: 0x80003948 (0x032e8363) beq     t4, s2, pc + 38
core   0: 0 0x80003948 (0x032e8363)
core   0: 0x8000396e (0x8c8500b7) lui     ra, 0x8c850
core   0: 0 0x8000396e (0x8c8500b7) x1  0x8c850000
core   0: 0x80003972 (0x00008eb9) c.xor   a3, a4
core   0: 0 0x80003972 (0x8eb9) x13 0x00000373
core   0: 0x80003974 (0x02a1e863) bltu    gp, a0, pc + 48
core   0: 0 0x80003974 (0x02a1e863)
core   0: 0x80003978 (0x01cf5213) srli    tp, t5, 28
core   0: 0 0x80003978 (0x01cf5213) x4  0x00000000
core   0: 0x8000397c (0x05470363) beq     a4, s4, pc + 70
core   0: 0 0x8000397c (0x05470363)
core   0: 0x80003980 (0x012e5b33) srl     s6, t3, s2
core   0: 0 0x80003980 (0x012e5b33) x22 0x80021e64
core   0: 0x80003984 (0x010c9933) sll     s2, s9, a6
core   0: 0 0x80003984 (0x010c9933) x18 0xfffffcea
core   0: 0x80003988 (0x01f85993) srli    s3, a6, 31
core   0: 0 0x80003988 (0x01f85993) x19 0x00000000
core   0: 0x8000398c (0x01646a33) or      s4, s0, s6
core   0: 0 0x8000398c (0x01646a33) x20 0x80021e64
core   0: 0x80003990 (0x01752f33) slt     t5, a0, s7
core   0: 0 0x80003990 (0x01752f33) x30 0x00000000
core   0: 0x80003994 (0x01d0e6b3) or      a3, ra, t4
core   0: 0 0x80003994 (0x01d0e6b3) x13 0x8c850000
core   0: 0x80003998 (0x0265e933) rem     s2, a1, t1
core   0: 0 0x80003998 (0x0265e933) x18 0xffffffff
core   0: 0x8000399c (0x030802b3) mul     t0, a6, a6
core   0: 0 0x8000399c (0x030802b3) x5  0x00000000
core   0: 0x800039a0 (0x00006f95) c.lui   t6, 0x5
core   0: 0 0x800039a0 (0x6f95) x31 0x00005000
core   0: 0x800039a2 (0x00004de9) c.li    s11, 26
core   0: 0 0x800039a2 (0x4de9) x27 0x0000001a
core   0: 0x800039a4 (0x02948f33) mul     t5, s1, s1
core   0: 0 0x800039a4 (0x02948f33) x30 0x40000000
core   0: 0x800039a8 (0x24083c93) sltiu   s9, a6, 576
core   0: 0 0x800039a8 (0x24083c93) x25 0x00000001
core   0: 0x800039ac (0x00009b7d) c.andi  a4, -1
core   0: 0 0x800039ac (0x9b7d) x14 0x00000373
core   0: 0x800039ae (0x03a818b3) mulh    a7, a6, s10
core   0: 0 0x800039ae (0x03a818b3) x17 0x00000000
core   0: 0x800039b2 (0x028f21b3) mulhsu  gp, t5, s0
core   0: 0 0x800039b2 (0x028f21b3) x3  0x20000000
core   0: 0x800039b6 (0x00008f45) c.or    a4, s1
core   0: 0 0x800039b6 (0x8f45) x14 0xbd808373
core   0: 0x800039b8 (0x09694813) xori    a6, s2, 150
core   0: 0 0x800039b8 (0x09694813) x16 0xffffff69
core   0: 0x800039bc (0x00008122) c.mv    sp, s0
core   0: 0 0x800039bc (0x8122) x2  0x80000000
core   0: 0x800039be (0x02ef9363) bne     t6, a4, pc + 38
core   0: 0 0x800039be (0x02ef9363)
core   0: 0x800039e4 (0x01689233) sll     tp, a7, s6
core   0: 0 0x800039e4 (0x01689233) x4  0x00000000
core   0: 0x800039e8 (0x03f07d33) remu    s10, zero, t6
core   0: 0 0x800039e8 (0x03f07d33) x26 0x00000000
core   0: 0x800039ec (0x0000e58d) c.bnez  a1, pc + 42
core   0: 0 0x800039ec (0xe58d)
core   0: 0x80003a16 (0x00009a7e) c.add   s4, t6
core   0: 0 0x80003a16 (0x9a7e) x20 0x80026e64
core   0: 0x80003a18 (0x038f3233) mulhu   tp, t5, s8
core   0: 0 0x80003a18 (0x038f3233) x4  0x00000000
core   0: 0x80003a1c (0xbe107093) andi    ra, zero, -1055
core   0: 0 0x80003a1c (0xbe107093) x1  0x00000000
core   0: 0x80003a20 (0x029276b3) remu    a3, tp, s1
core   0: 0 0x80003a20 (0x029276b3) x13 0x00000000
core   0: 0x80003a24 (0x03f03133) mulhu   sp, zero, t6
core   0: 0 0x80003a24 (0x03f03133) x2  0x00000000
core   0: 0x80003a28 (0x406c5e93) srai    t4, s8, 6
core   0: 0 0x80003a28 (0x406c5e93) x29 0x00000000
core   0: 0x80003a2c (0x0136dc13) srli    s8, a3, 19
core   0: 0 0x80003a2c (0x0136dc13) x24 0x00000000
core   0: 0x80003a30 (0x00758b63) beq     a1, t2, pc + 22
core   0: 0 0x80003a30 (0x00758b63)
core   0: 0x80003a34 (0x00449693) slli    a3, s1, 4
core   0: 0 0x80003a34 (0x00449693) x13 0xd8080000
core   0: 0x80003a38 (0x40bad813) srai    a6, s5, 11
core   0: 0 0x80003a38 (0x40bad813) x16 0x00000000
core   0: 0x80003a3c (0x0000e299) c.bnez  a3, pc + 6
core   0: 0 0x80003a3c (0xe299)
core   0: 0x80003a42 (0x02090db3) mul     s11, s2, zero
core   0: 0 0x80003a42 (0x02090db3) x27 0x00000000
core   0: 0x80003a46 (0x0113cf63) blt     t2, a7, pc + 30
core   0: 0 0x80003a46 (0x0113cf63)
core   0: 0x80003a4a (0x03340fb3) mul     t6, s0, s3
core   0: 0 0x80003a4a (0x03340fb3) x31 0x00000000
core   0: 0x80003a4e (0x00008d3d) c.xor   a0, a5
core   0: 0 0x80003a4e (0x8d3d) x10 0x00000000
core   0: 0x80003a50 (0x0000100f) fence.i
core   0: 0 0x80003a50 (0x0000100f)
core   0: 0x80003a54 (0x2fd67c13) andi    s8, a2, 765
core   0: 0 0x80003a54 (0x2fd67c13) x24 0x000000e4
core   0: 0x80003a58 (0x01c2cd33) xor     s10, t0, t3
core   0: 0 0x80003a58 (0x01c2cd33) x26 0x80021e64
core   0: 0x80003a5c (0x00008d49) c.or    a0, a0
core   0: 0 0x80003a5c (0x8d49) x10 0x00000000
core   0: 0x80003a5e (0x000081ed) c.srli  a1, 27
core   0: 0 0x80003a5e (0x81ed) x11 0x0000001f
core   0: 0x80003a60 (0x41075893) srai    a7, a4, 16
core   0: 0 0x80003a60 (0x41075893) x17 0xffffbd80
core   0: 0x80003a64 (0x41a00733) sub     a4, zero, s10
core   0: 0 0x80003a64 (0x41a00733) x14 0x7ffde19c
core   0: 0x80003a68 (0x65982bb7) lui     s7, 0x65982
core   0: 0 0x80003a68 (0x65982bb7) x23 0x65982000
core   0: 0x80003a6c (0x9ebc2397) auipc   t2, 0x9ebc2
core   0: 0 0x80003a6c (0x9ebc2397) x7  0x1ebc5a6c
core   0: 0x80003a70 (0x03a38eb3) mul     t4, t2, s10
core   0: 0 0x80003a70 (0x03a38eb3) x29 0xc903fa30
core   0: 0x80003a74 (0x0000100f) fence.i
core   0: 0 0x80003a74 (0x0000100f)
core   0: 0x80003a78 (0x12863797) auipc   a5, 0x12863
core   0: 0 0x80003a78 (0x12863797) x15 0x92866a78
core   0: 0x80003a7c (0x311eb893) sltiu   a7, t4, 785
core   0: 0 0x80003a7c (0x311eb893) x17 0x00000000
core   0: 0x80003a80 (0x0356d9b3) divu    s3, a3, s5
core   0: 0 0x80003a80 (0x0356d9b3) x19 0x003ea1c6
core   0: 0x80003a84 (0x000eaeb3) slt     t4, t4, zero
core   0: 0 0x80003a84 (0x000eaeb3) x29 0x00000001
core   0: 0x80003a88 (0x00000001) c.nop
core   0: 0 0x80003a88 (0x0001)
core   0: 0x80003a8a (0x02da9eb3) mulh    t4, s5, a3
core   0: 0 0x80003a8a (0x02da9eb3) x29 0xffffff76
core   0: 0x80003a8e (0x011d7a33) and     s4, s10, a7
core   0: 0 0x80003a8e (0x011d7a33) x20 0x00000000
core   0: 0x80003a92 (0x0aa4c593) xori    a1, s1, 170
core   0: 0 0x80003a92 (0x0aa4c593) x11 0xbd8080aa
core   0: 0x80003a96 (0x00008ec5) c.or    a3, s1
core   0: 0 0x80003a96 (0x8ec5) x13 0xfd888000
core   0: 0x80003a98 (0x4303ec13) ori     s8, t2, 1072
core   0: 0 0x80003a98 (0x4303ec13) x24 0x1ebc5e7c
core   0: 0x80003a9c (0x0088f663) bgeu    a7, s0, pc + 12
core   0: 0 0x80003a9c (0x0088f663)
core   0: 0x80003aa0 (0x2e427293) andi    t0, tp, 740
core   0: 0 0x80003aa0 (0x2e427293) x5  0x00000000
core   0: 0x80003aa4 (0x028b8163) beq     s7, s0, pc + 34
core   0: 0 0x80003aa4 (0x028b8163)
core   0: 0x80003aa8 (0x00d91b13) slli    s6, s2, 13
core   0: 0 0x80003aa8 (0x00d91b13) x22 0xffffe000
core   0: 0x80003aac (0x00000d9e) c.slli  s11, 7
core   0: 0 0x80003aac (0x0d9e) x27 0x00000000
core   0: 0x80003aae (0x00008bd9) c.andi  a5, 22
core   0: 0 0x80003aae (0x8bd9) x15 0x00000010
core   0: 0x80003ab0 (0x02d150b3) divu    ra, sp, a3
core   0: 0 0x80003ab0 (0x02d150b3) x1  0x00000000
core   0: 0x80003ab4 (0x2d5db737) lui     a4, 0x2d5db
core   0: 0 0x80003ab4 (0x2d5db737) x14 0x2d5db000
core   0: 0x80003ab8 (0x0383c133) div     sp, t2, s8
core   0: 0 0x80003ab8 (0x0383c133) x2  0x00000000
core   0: 0x80003abc (0x01029b63) bne     t0, a6, pc + 22
core   0: 0 0x80003abc (0x01029b63)
core   0: 0x80003ac0 (0x00008fe1) c.and   a5, s0
core   0: 0 0x80003ac0 (0x8fe1) x15 0x00000000
core   0: 0x80003ac2 (0x0000158c) c.addi4spn a1, sp, 736
core   0: 0 0x80003ac2 (0x158c) x11 0x000002e0
core   0: 0x80003ac4 (0x00008ed9) c.or    a3, a4
core   0: 0 0x80003ac4 (0x8ed9) x13 0xfdddb000
core   0: 0x80003ac6 (0x70a44313) xori    t1, s0, 1802
core   0: 0 0x80003ac6 (0x70a44313) x6  0x8000070a
core   0: 0x80003aca (0x0265fa63) bgeu    a1, t1, pc + 52
core   0: 0 0x80003aca (0x0265fa63)
core   0: 0x80003ace (0x017f9563) bne     t6, s7, pc + 10
core   0: 0 0x80003ace (0x017f9563)
core   0: 0x80003ad8 (0x00008cdd) c.or    s1, a5
core   0: 0 0x80003ad8 (0x8cdd) x9  0xbd808000
core   0: 0x80003ada (0x0ff0000f) fence   iorw,iorw
core   0: 0 0x80003ada (0x0ff0000f)
core   0: 0x80003ade (0x3976df37) lui     t5, 0x3976d
core   0: 0 0x80003ade (0x3976df37) x30 0x3976d000
core   0: 0x80003ae2 (0x01123333) sltu    t1, tp, a7
core   0: 0 0x80003ae2 (0x01123333) x6  0x00000000
core   0: 0x80003ae6 (0x00006151) c.addi16sp sp, 272
core   0: 0 0x80003ae6 (0x6151) x2  0x00000110
core   0: 0x80003ae8 (0x0000cd85) c.beqz  a1, pc + 56
core   0: 0 0x80003ae8 (0xcd85)
core   0: 0x80003aea (0x03b6ebb3) rem     s7, a3, s11
core   0: 0 0x80003aea (0x03b6ebb3) x23 0xfdddb000
core   0: 0x80003aee (0x00214c63) blt     sp, sp, pc + 24
core   0: 0 0x80003aee (0x00214c63)
core   0: 0x80003af2 (0x00c35463) bge     t1, a2, pc + 8
core   0: 0 0x80003af2 (0x00c35463)
core   0: 0x80003afa (0xae531317) auipc   t1, 0xae531
core   0: 0 0x80003afa (0xae531317) x6  0x2e534afa
core   0: 0x80003afe (0x02f01bb3) mulh    s7, zero, a5
core   0: 0 0x80003afe (0x02f01bb3) x23 0x00000000
core   0: 0x80003b02 (0x00008ff1) c.and   a5, a2
core   0: 0 0x80003b02 (0x8ff1) x15 0x00000000
core   0: 0x80003b04 (0x00006985) c.lui   s3, 0x1
core   0: 0 0x80003b04 (0x6985) x19 0x00001000
core   0: 0x80003b06 (0x00000822) c.slli  a6, 8
core   0: 0 0x80003b06 (0x0822) x16 0x00000000
core   0: 0x80003b08 (0x00008d1d) c.sub   a0, a5
core   0: 0 0x80003b08 (0x8d1d) x10 0x00000000
core   0: 0x80003b0a (0x03a28b63) beq     t0, s10, pc + 54
core   0: 0 0x80003b0a (0x03a28b63)
core   0: 0x80003b0e (0x000081ad) c.srli  a1, 11
core   0: 0 0x80003b0e (0x81ad) x11 0x00000000
core   0: 0x80003b10 (0x004e71b3) and     gp, t3, tp
core   0: 0 0x80003b10 (0x004e71b3) x3  0x00000000
core   0: 0x80003b14 (0x026037b3) mulhu   a5, zero, t1
core   0: 0 0x80003b14 (0x026037b3) x15 0x00000000
core   0: 0x80003b18 (0x00000842) c.slli  a6, 16
core   0: 0 0x80003b18 (0x0842) x16 0x00000000
core   0: 0x80003b1a (0xa08eb293) sltiu   t0, t4, -1528
core   0: 0 0x80003b1a (0xa08eb293) x5  0x00000000
core   0: 0x80003b1e (0x0000cc95) c.beqz  s1, pc + 60
core   0: 0 0x80003b1e (0xcc95)
core   0: 0x80003b20 (0x00000784) c.addi4spn s1, sp, 960
core   0: 0 0x80003b20 (0x0784) x9  0x000004d0
core   0: 0x80003b22 (0xfd4f0017) auipc   zero, 0xfd4f0
core   0: 0 0x80003b22 (0xfd4f0017)
core   0: 0x80003b26 (0x0e1b8693) addi    a3, s7, 225
core   0: 0 0x80003b26 (0x0e1b8693) x13 0x000000e1
core   0: 0x80003b2a (0x03a51d33) mulh    s10, a0, s10
core   0: 0 0x80003b2a (0x03a51d33) x26 0x00000000
core   0: 0x80003b2e (0x41cd0cb3) sub     s9, s10, t3
core   0: 0 0x80003b2e (0x41cd0cb3) x25 0x7ffde19c
core   0: 0x80003b32 (0x00008dc9) c.or    a1, a0
core   0: 0 0x80003b32 (0x8dc9) x11 0x00000000
core   0: 0x80003b34 (0x16a3efb7) lui     t6, 0x16a3e
core   0: 0 0x80003b34 (0x16a3efb7) x31 0x16a3e000
core   0: 0x80003b38 (0x41745f93) srai    t6, s0, 23
core   0: 0 0x80003b38 (0x41745f93) x31 0xffffff00
core   0: 0x80003b3c (0x24320593) addi    a1, tp, 579
core   0: 0 0x80003b3c (0x24320593) x11 0x00000243
core   0: 0x80003b40 (0x012c5db3) srl     s11, s8, s2
core   0: 0 0x80003b40 (0x012c5db3) x27 0x00000000
core   0: 0x80003b44 (0x0131cfb3) xor     t6, gp, s3
core   0: 0 0x80003b44 (0x0131cfb3) x31 0x00001000
core   0: 0x80003b48 (0x074ac513) xori    a0, s5, 116
core   0: 0 0x80003b48 (0x074ac513) x10 0x00000307
core   0: 0x80003b4c (0x41a25533) sra     a0, tp, s10
core   0: 0 0x80003b4c (0x41a25533) x10 0x00000000
core   0: 0x80003b50 (0x00109f13) slli    t5, ra, 1
core   0: 0 0x80003b50 (0x00109f13) x30 0x00000000
core   0: 0x80003b54 (0x0177beb3) sltu    t4, a5, s7
core   0: 0 0x80003b54 (0x0177beb3) x29 0x00000000
core   0: 0x80003b58 (0x00008cd1) c.or    s1, a2
core   0: 0 0x80003b58 (0x8cd1) x9  0x80025cf4
core   0: 0x80003b5a (0x000081da) c.mv    gp, s6
core   0: 0 0x80003b5a (0x81da) x3  0xffffe000
core   0: 0x80003b5c (0x11e4f7b7) lui     a5, 0x11e4f
core   0: 0 0x80003b5c (0x11e4f7b7) x15 0x11e4f000
core   0: 0x80003b60 (0x00026263) bltu    tp, zero, pc + 4
core   0: 0 0x80003b60 (0x00026263)
core   0: 0x80003b64 (0xbdce9a37) lui     s4, 0xbdce9
core   0: 0 0x80003b64 (0xbdce9a37) x20 0xbdce9000
core   0: 0x80003b68 (0x00000001) c.nop
core   0: 0 0x80003b68 (0x0001)
core   0: 0x80003b6a (0x0000e11d) c.bnez  a0, pc + 38
core   0: 0 0x80003b6a (0xe11d)
core   0: 0x80003b6c (0x03692033) mulhsu  zero, s2, s6
core   0: 0 0x80003b6c (0x03692033)
core   0: 0x80003b70 (0x00008d69) c.and   a0, a0
core   0: 0 0x80003b70 (0x8d69) x10 0x00000000
core   0: 0x80003b72 (0x0261afb3) mulhsu  t6, gp, t1
core   0: 0 0x80003b72 (0x0261afb3) x31 0xfffffa35
core   0: 0x80003b76 (0xd704f713) andi    a4, s1, -656
core   0: 0 0x80003b76 (0xd704f713) x14 0x80025c70
core   0: 0x80003b7a (0x40b2d113) srai    sp, t0, 11
core   0: 0 0x80003b7a (0x40b2d113) x2  0x00000000
core   0: 0x80003b7e (0x00ba6e63) bltu    s4, a1, pc + 28
core   0: 0 0x80003b7e (0x00ba6e63)
core   0: 0x80003b82 (0x0364c1b3) div     gp, s1, s6
core   0: 0 0x80003b82 (0x0364c1b3) x3  0x0003ffed
core   0: 0x80003b86 (0x0bbfc493) xori    s1, t6, 187
core   0: 0 0x80003b86 (0x0bbfc493) x9  0xfffffa8e
core   0: 0x80003b8a (0x006c5463) bge     s8, t1, pc + 8
core   0: 0 0x80003b8a (0x006c5463)
core   0: 0x80003b8e (0x0000717d) c.addi16sp sp, -16
core   0: 0 0x80003b8e (0x717d) x2  0xfffffff0
core   0: 0x80003b90 (0x00008ea5) c.xor   a3, s1
core   0: 0 0x80003b90 (0x8ea5) x13 0xfffffa6f
core   0: 0x80003b92 (0x00008e95) c.sub   a3, a3
core   0: 0 0x80003b92 (0x8e95) x13 0x00000000
core   0: 0x80003b94 (0x0000012a) c.slli  sp, 10
core   0: 0 0x80003b94 (0x012a) x2  0xffffc000
core   0: 0x80003b96 (0x021845b3) div     a1, a6, ra
core   0: 0 0x80003b96 (0x021845b3) x11 0xffffffff
core   0: 0x80003b9a (0x05f5c263) blt     a1, t6, pc + 68
core   0: 0 0x80003b9a (0x05f5c263)
core   0: 0x80003b9e (0x000064c5) c.lui   s1, 0x11
core   0: 0 0x80003b9e (0x64c5) x9  0x00011000
core   0: 0x80003ba0 (0x609dc993) xori    s3, s11, 1545
core   0: 0 0x80003ba0 (0x609dc993) x19 0x00000609
core   0: 0x80003ba4 (0x021660b3) rem     ra, a2, ra
core   0: 0 0x80003ba4 (0x021660b3) x1  0x80025ce4
core   0: 0x80003ba8 (0x41d45713) srai    a4, s0, 29
core   0: 0 0x80003ba8 (0x41d45713) x14 0xfffffffc
core   0: 0x80003bac (0x034d42b3) div     t0, s10, s4
core   0: 0 0x80003bac (0x034d42b3) x5  0x00000000
core   0: 0x80003bb0 (0x0000100f) fence.i
core   0: 0 0x80003bb0 (0x0000100f)
core   0: 0x80003bb4 (0x025501b3) mul     gp, a0, t0
core   0: 0 0x80003bb4 (0x025501b3) x3  0x00000000
core   0: 0x80003bb8 (0x0ff0000f) fence   iorw,iorw
core   0: 0 0x80003bb8 (0x0ff0000f)
core   0: 0x80003bbc (0x47e8b993) sltiu   s3, a7, 1150
core   0: 0 0x80003bbc (0x47e8b993) x19 0x00000001
core   0: 0x80003bc0 (0x003ee363) bltu    t4, gp, pc + 6
core   0: 0 0x80003bc0 (0x003ee363)
core   0: 0x80003bc4 (0x00008971) c.andi  a0, 28
core   0: 0 0x80003bc4 (0x8971) x10 0x00000000
core   0: 0x80003bc6 (0xcb376793) ori     a5, a4, -845
core   0: 0 0x80003bc6 (0xcb376793) x15 0xffffffff
core   0: 0x80003bca (0x03915563) bge     sp, s9, pc + 42
core   0: 0 0x80003bca (0x03915563)
core   0: 0x80003bce (0x012563b3) or      t2, a0, s2
core   0: 0 0x80003bce (0x012563b3) x7  0xffffffff
core   0: 0x80003bd2 (0x00008c91) c.sub   s1, a2
core   0: 0 0x80003bd2 (0x8c91) x9  0x7ffeb31c
core   0: 0x80003bd4 (0x0000983a) c.add   a6, a4
core   0: 0 0x80003bd4 (0x983a) x16 0xfffffffc
core   0: 0x80003bd6 (0x00001c08) c.addi4spn a0, sp, 560
core   0: 0 0x80003bd6 (0x1c08) x10 0xffffc230
core   0: 0x80003bd8 (0x00000232) c.slli  tp, 12
core   0: 0 0x80003bd8 (0x0232) x4  0x00000000
core   0: 0x80003bda (0x005f36b3) sltu    a3, t5, t0
core   0: 0 0x80003bda (0x005f36b3) x13 0x00000000
core   0: 0x80003bde (0x01be1913) slli    s2, t3, 27
core   0: 0 0x80003bde (0x01be1913) x18 0x20000000
core   0: 0x80003be2 (0x013cb2b3) sltu    t0, s9, s3
core   0: 0 0x80003be2 (0x013cb2b3) x5  0x00000000
core   0: 0x80003be6 (0x8cc03eb7) lui     t4, 0x8cc03
core   0: 0 0x80003be6 (0x8cc03eb7) x29 0x8cc03000
core   0: 0x80003bea (0x0000100f) fence.i
core   0: 0 0x80003bea (0x0000100f)
core   0: 0x80003bee (0x0000e089) c.bnez  s1, pc + 2
core   0: 0 0x80003bee (0xe089)
core   0: 0x80003bf0 (0xdb8ec537) lui     a0, 0xdb8ec
core   0: 0 0x80003bf0 (0xdb8ec537) x10 0xdb8ec000
core   0: 0x80003bf4 (0x01a5a733) slt     a4, a1, s10
core   0: 0 0x80003bf4 (0x01a5a733) x14 0x00000001
core   0: 0x80003bf8 (0x0ff0000f) fence   iorw,iorw
core   0: 0 0x80003bf8 (0x0ff0000f)
core   0: 0x80003bfc (0x41d05cb3) sra     s9, zero, t4
core   0: 0 0x80003bfc (0x41d05cb3) x25 0x00000000
core   0: 0x80003c00 (0x02dc1033) mulh    zero, s8, a3
core   0: 0 0x80003c00 (0x02dc1033)
core   0: 0x80003c04 (0x016a57b3) srl     a5, s4, s6
core   0: 0 0x80003c04 (0x016a57b3) x15 0xbdce9000
core   0: 0x80003c08 (0x0000022e) c.slli  tp, 11
core   0: 0 0x80003c08 (0x022e) x4  0x00000000
core   0: 0x80003c0a (0x0000976e) c.add   a4, s11
core   0: 0 0x80003c0a (0x976e) x14 0x00000001
core   0: 0x80003c0c (0x02cc4c33) div     s8, s8, a2
core   0: 0 0x80003c0c (0x02cc4c33) x24 0x00000000
core   0: 0x80003c10 (0x00d05563) bge     zero, a3, pc + 10
core   0: 0 0x80003c10 (0x00d05563)
core   0: 0x80003c1a (0x4058d313) srai    t1, a7, 5
core   0: 0 0x80003c1a (0x4058d313) x6  0x00000000
core   0: 0x80003c1e (0x0052e133) or      sp, t0, t0
core   0: 0 0x80003c1e (0x0052e133) x2  0x00000000
core   0: 0x80003c22 (0x0097e5b3) or      a1, a5, s1
core   0: 0 0x80003c22 (0x0097e5b3) x11 0xfffeb31c
core   0: 0x80003c26 (0x00d56233) or      tp, a0, a3
core   0: 0 0x80003c26 (0x00d56233) x4  0xdb8ec000
core   0: 0x80003c2a (0x00009dae) c.add   s11, a1
core   0: 0 0x80003c2a (0x9dae) x27 0xfffeb31c
core   0: 0x80003c2c (0x0000e481) c.bnez  s1, pc + 8
core   0: 0 0x80003c2c (0xe481)
core   0: 0x80003c34 (0x003ef133) and     sp, t4, gp
core   0: 0 0x80003c34 (0x003ef133) x2  0x00000000
core   0: 0x80003c38 (0x00565f33) srl     t5, a2, t0
core   0: 0 0x80003c38 (0x00565f33) x30 0x80025ce4
core   0: 0x80003c3c (0x02701eb3) mulh    t4, zero, t2
core   0: 0 0x80003c3c (0x02701eb3) x29 0x00000000
core   0: 0x80003c40 (0x00000001) c.nop
core   0: 0 0x80003c40 (0x0001)
core   0: 0x80003c42 (0x0ff0000f) fence   iorw,iorw
core   0: 0 0x80003c42 (0x0ff0000f)
core   0: 0x80003c46 (0x000063d5) c.lui   t2, 0x15
core   0: 0 0x80003c46 (0x63d5) x7  0x00015000
core   0: 0x80003c48 (0x00ea8333) add     t1, s5, a4
core   0: 0 0x80003c48 (0x00ea8333) x6  0x00000374
core   0: 0x80003c4c (0x401d5d13) srai    s10, s10, 1
core   0: 0 0x80003c4c (0x401d5d13) x26 0x00000000
core   0: 0x80003c50 (0x00ebf863) bgeu    s7, a4, pc + 16
core   0: 0 0x80003c50 (0x00ebf863)
core   0: 0x80003c54 (0x9239c513) xori    a0, s3, -1757
core   0: 0 0x80003c54 (0x9239c513) x10 0xfffff922
core   0: 0x80003c58 (0x00008f26) c.mv    t5, s1
core   0: 0 0x80003c58 (0x8f26) x30 0x7ffeb31c
core   0: 0x80003c5a (0x01d9df93) srli    t6, s3, 29
core   0: 0 0x80003c5a (0x01d9df93) x31 0x00000000
core   0: 0x80003c5e (0x0000537d) c.li    t1, -1
core   0: 0 0x80003c5e (0x537d) x6  0xffffffff
core   0: 0x80003c60 (0x00006241) c.lui   tp, 0x10
core   0: 0 0x80003c60 (0x6241) x4  0x00010000
core   0: 0x80003c62 (0x01725833) srl     a6, tp, s7
core   0: 0 0x80003c62 (0x01725833) x16 0x00010000
core   0: 0x80003c66 (0x023d9fb3) mulh    t6, s11, gp
core   0: 0 0x80003c66 (0x023d9fb3) x31 0x00000000
core   0: 0x80003c6a (0x03120ab3) mul     s5, tp, a7
core   0: 0 0x80003c6a (0x03120ab3) x21 0x00000000
core   0: 0x80003c6e (0x7abaf213) andi    tp, s5, 1963
core   0: 0 0x80003c6e (0x7abaf213) x4  0x00000000
core   0: 0x80003c72 (0x40badeb3) sra     t4, s5, a1
core   0: 0 0x80003c72 (0x40badeb3) x29 0x00000000
core   0: 0x80003c76 (0x01f00363) beq     zero, t6, pc + 6
core   0: 0 0x80003c76 (0x01f00363)
core   0: 0x80003c7c (0x00004c25) c.li    s8, 9
core   0: 0 0x80003c7c (0x4c25) x24 0x00000009
core   0: 0x80003c7e (0x00008c95) c.sub   s1, a3
core   0: 0 0x80003c7e (0x8c95) x9  0x7ffeb31c
core   0: 0x80003c80 (0xd1c7e213) ori     tp, a5, -740
core   0: 0 0x80003c80 (0xd1c7e213) x4  0xfffffd1c
core   0: 0x80003c84 (0x000085e1) c.srai  a1, 24
core   0: 0 0x80003c84 (0x85e1) x11 0xffffffff
core   0: 0x80003c86 (0x00000001) c.nop
core   0: 0 0x80003c86 (0x0001)
core   0: 0x80003c88 (0x72ab0213) addi    tp, s6, 1834
core   0: 0 0x80003c88 (0x72ab0213) x4  0xffffe72a
core   0: 0x80003c8c (0x0000499d) c.li    s3, 7
core   0: 0 0x80003c8c (0x499d) x19 0x00000007
core   0: 0x80003c8e (0x0ff0000f) fence   iorw,iorw
core   0: 0 0x80003c8e (0x0ff0000f)
core   0: 0x80003c92 (0x00687db3) and     s11, a6, t1
core   0: 0 0x80003c92 (0x00687db3) x27 0x00010000
core   0: 0x80003c96 (0x0086d463) bge     a3, s0, pc + 8
core   0: 0 0x80003c96 (0x0086d463)
core   0: 0x80003c9e (0x020fd163) bgez    t6, pc + 34
core   0: 0 0x80003c9e (0x020fd163)
core   0: 0x80003cc0 (0x018102b3) add     t0, sp, s8
core   0: 0 0x80003cc0 (0x018102b3) x5  0x00000009
core   0: 0x80003cc4 (0x000008f5) c.addi  a7, 29
core   0: 0 0x80003cc4 (0x08f5) x17 0x0000001d
core   0: 0x80003cc6 (0x00876033) or      zero, a4, s0
core   0: 0 0x80003cc6 (0x00876033)
core   0: 0x80003cca (0x0199d093) srli    ra, s3, 25
core   0: 0 0x80003cca (0x0199d093) x1  0x00000000
core   0: 0x80003cce (0xd3ab0193) addi    gp, s6, -710
core   0: 0 0x80003cce (0xd3ab0193) x3  0xffffdd3a
core   0: 0x80003cd2 (0x40e20133) sub     sp, tp, a4
core   0: 0 0x80003cd2 (0x40e20133) x2  0xffffe729
core   0: 0x80003cd6 (0x0ff0000f) fence   iorw,iorw
core   0: 0 0x80003cd6 (0x0ff0000f)
core   0: 0x80003cda (0x00000001) c.nop
core   0: 0 0x80003cda (0x0001)
core   0: 0x80003cdc (0x024fcfb3) div     t6, t6, tp
core   0: 0 0x80003cdc (0x024fcfb3) x31 0x00000000
core   0: 0x80003ce0 (0x0000117d) c.addi  sp, -1
core   0: 0 0x80003ce0 (0x117d) x2  0xffffe728
core   0: 0x80003ce2 (0x039fcc33) div     s8, t6, s9
core   0: 0 0x80003ce2 (0x039fcc33) x24 0xffffffff
core   0: 0x80003ce6 (0x017ae933) or      s2, s5, s7
core   0: 0 0x80003ce6 (0x017ae933) x18 0x00000000
core   0: 0x80003cea (0xce12b313) sltiu   t1, t0, -799
core   0: 0 0x80003cea (0xce12b313) x6  0x00000001
core   0: 0x80003cee (0xe3757013) andi    zero, a0, -457
core   0: 0 0x80003cee (0xe3757013)
core   0: 0x80003cf2 (0x0344c933) div     s2, s1, s4
core   0: 0 0x80003cf2 (0x0344c933) x18 0xffffffff
core   0: 0x80003cf6 (0x02998833) mul     a6, s3, s1
core   0: 0 0x80003cf6 (0x02998833) x16 0x7ff6e5c4
core   0: 0x80003cfa (0x0000100f) fence.i
core   0: 0 0x80003cfa (0x0000100f)
core   0: 0x80003cfe (0x00000001) c.nop
core   0: 0 0x80003cfe (0x0001)
core   0: 0x80003d00 (0x03b678b3) remu    a7, a2, s11
core   0: 0 0x80003d00 (0x03b678b3) x17 0x00005ce4
core   0: 0x80003d04 (0x41cad933) sra     s2, s5, t3
core   0: 0 0x80003d04 (0x41cad933) x18 0x00000000
core   0: 0x80003d08 (0x0256fd63) bgeu    a3, t0, pc + 58
core   0: 0 0x80003d08 (0x0256fd63)
core   0: 0x80003d0c (0x02bf4f33) div     t5, t5, a1
core   0: 0 0x80003d0c (0x02bf4f33) x30 0x80014ce4
core   0: 0x80003d10 (0x00faf2b3) and     t0, s5, a5
core   0: 0 0x80003d10 (0x00faf2b3) x5  0x00000000
core   0: 0x80003d14 (0x03dfedb3) rem     s11, t6, t4
core   0: 0 0x80003d14 (0x03dfedb3) x27 0x00000000
core   0: 0x80003d18 (0x05596063) bltu    s2, s5, pc + 64
core   0: 0 0x80003d18 (0x05596063)
core   0: 0x80003d1c (0x03adbfb3) mulhu   t6, s11, s10
core   0: 0 0x80003d1c (0x03adbfb3) x31 0x00000000
core   0: 0x80003d20 (0x00595f93) srli    t6, s2, 5
core   0: 0 0x80003d20 (0x00595f93) x31 0x00000000
core   0: 0x80003d24 (0xcb50aa93) slti    s5, ra, -843
core   0: 0 0x80003d24 (0xcb50aa93) x21 0x00000000
core   0: 0x80003d28 (0x004c8eb3) add     t4, s9, tp
core   0: 0 0x80003d28 (0x004c8eb3) x29 0xffffe72a
core   0: 0x80003d2c (0x037f7f33) remu    t5, t5, s7
core   0: 0 0x80003d2c (0x037f7f33) x30 0x80014ce4
core   0: 0x80003d30 (0x01404b63) blt     zero, s4, pc + 22
core   0: 0 0x80003d30 (0x01404b63)
core   0: 0x80003d34 (0x00008949) c.andi  a0, 18
core   0: 0 0x80003d34 (0x8949) x10 0x00000002
core   0: 0x80003d36 (0x00006161) c.addi16sp sp, 80
core   0: 0 0x80003d36 (0x6161) x2  0xffffe778
core   0: 0x80003d38 (0x04190063) beq     s2, ra, pc + 64
core   0: 0 0x80003d38 (0x04190063)
core   0: 0x80003d78 (0x02565eb3) divu    t4, a2, t0
core   0: 0 0x80003d78 (0x02565eb3) x29 0xffffffff
core   0: 0x80003d7c (0x02c95c33) divu    s8, s2, a2
core   0: 0 0x80003d7c (0x02c95c33) x24 0x00000000
core   0: 0x80003d80 (0x01995a13) srli    s4, s2, 25
core   0: 0 0x80003d80 (0x01995a13) x20 0x00000000
core   0: 0x80003d84 (0x01928663) beq     t0, s9, pc + 12
core   0: 0 0x80003d84 (0x01928663)
core   0: 0x80003d90 (0x00008759) c.srai  a4, 22
core   0: 0 0x80003d90 (0x8759) x14 0x00000000
core   0: 0x80003d92 (0x03f7c5b3) div     a1, a5, t6
core   0: 0 0x80003d92 (0x03f7c5b3) x11 0xffffffff
core   0: 0x80003d96 (0x2ae3f193) andi    gp, t2, 686
core   0: 0 0x80003d96 (0x2ae3f193) x3  0x00000000
core   0: 0x80003d9a (0x01498d63) beq     s3, s4, pc + 26
core   0: 0 0x80003d9a (0x01498d63)
core   0: 0x80003d9e (0x0221d333) divu    t1, gp, sp
core   0: 0 0x80003d9e (0x0221d333) x6  0x00000000
core   0: 0x80003da2 (0x40085993) srai    s3, a6, 0
core   0: 0 0x80003da2 (0x40085993) x19 0x7ff6e5c4
core   0: 0x80003da6 (0x0133fc63) bgeu    t2, s3, pc + 24
core   0: 0 0x80003da6 (0x0133fc63)
core   0: 0x80003daa (0x00c31913) slli    s2, t1, 12
core   0: 0 0x80003daa (0x00c31913) x18 0x00000000
core   0: 0x80003dae (0x00008d8d) c.sub   a1, a1
core   0: 0 0x80003dae (0x8d8d) x11 0x00000000
core   0: 0x80003db0 (0x03e3f7b3) remu    a5, t2, t5
core   0: 0 0x80003db0 (0x03e3f7b3) x15 0x00015000
core   0: 0x80003db4 (0x94497017) auipc   zero, 0x94497
core   0: 0 0x80003db4 (0x94497017)
core   0: 0x80003db8 (0x00008d85) c.sub   a1, s1
core   0: 0 0x80003db8 (0x8d85) x11 0x80014ce4
core   0: 0x80003dba (0x0000100f) fence.i
core   0: 0 0x80003dba (0x0000100f)
core   0: 0x80003dbe (0x0141feb3) and     t4, gp, s4
core   0: 0 0x80003dbe (0x0141feb3) x29 0x00000000
core   0: 0x80003dc2 (0x00ceb233) sltu    tp, t4, a2
core   0: 0 0x80003dc2 (0x00ceb233) x4  0x00000001
core   0: 0x80003dc6 (0x02767663) bgeu    a2, t2, pc + 44
core   0: 0 0x80003dc6 (0x02767663)
core   0: 0x80003df2 (0x02778063) beq     a5, t2, pc + 32
core   0: 0 0x80003df2 (0x02778063)
core   0: 0x80003e12 (0x0283e833) rem     a6, t2, s0
core   0: 0 0x80003e12 (0x0283e833) x16 0x00015000
core   0: 0x80003e16 (0x0ff0000f) fence   iorw,iorw
core   0: 0 0x80003e16 (0x0ff0000f)
core   0: 0x80003e1a (0x00000001) c.nop
core   0: 0 0x80003e1a (0x0001)
core   0: 0x80003e1c (0x027c4163) blt     s8, t2, pc + 34
core   0: 0 0x80003e1c (0x027c4163)
core   0: 0x80003e3e (0x0000151c) c.addi4spn a5, sp, 672
core   0: 0 0x80003e3e (0x151c) x15 0xffffea18
core   0: 0x80003e40 (0x023574b3) remu    s1, a0, gp
core   0: 0 0x80003e40 (0x023574b3) x9  0x00000002
core   0: 0x80003e44 (0x017f4d33) xor     s10, t5, s7
core   0: 0 0x80003e44 (0x017f4d33) x26 0x80014ce4
core   0: 0x80003e48 (0x400080b3) sub     ra, ra, zero
core   0: 0 0x80003e48 (0x400080b3) x1  0x00000000
core   0: 0x80003e4c (0x05ffc263) blt     t6, t6, pc + 68
core   0: 0 0x80003e4c (0x05ffc263)
core   0: 0x80003e50 (0xfd040193) addi    gp, s0, -48
core   0: 0 0x80003e50 (0xfd040193) x3  0x7fffffd0
core   0: 0x80003e54 (0x002dbc33) sltu    s8, s11, sp
core   0: 0 0x80003e54 (0x002dbc33) x24 0x00000001
core   0: 0x80003e58 (0x03736ab3) rem     s5, t1, s7
core   0: 0 0x80003e58 (0x03736ab3) x21 0x00000000
core   0: 0x80003e5c (0x0000051a) c.slli  a0, 6
core   0: 0 0x80003e5c (0x051a) x10 0x00000080
core   0: 0x80003e5e (0x03b60f33) mul     t5, a2, s11
core   0: 0 0x80003e5e (0x03b60f33) x30 0x00000000
core   0: 0x80003e62 (0x00008385) c.srli  a5, 1
core   0: 0 0x80003e62 (0x8385) x15 0x7ffff50c
core   0: 0x80003e64 (0x04237263) bgeu    t1, sp, pc + 68
core   0: 0 0x80003e64 (0x04237263)
core   0: 0x80003e68 (0x03b840b3) div     ra, a6, s11
core   0: 0 0x80003e68 (0x03b840b3) x1  0xffffffff
core   0: 0x80003e6c (0x0146a3b3) slt     t2, a3, s4
core   0: 0 0x80003e6c (0x0146a3b3) x7  0x00000000
core   0: 0x80003e70 (0x031026b3) mulhsu  a3, zero, a7
core   0: 0 0x80003e70 (0x031026b3) x13 0x00000000
core   0: 0x80003e74 (0x1529c793) xori    a5, s3, 338
core   0: 0 0x80003e74 (0x1529c793) x15 0x7ff6e496
core   0: 0x80003e78 (0x00006f65) c.lui   t5, 0x19
core   0: 0 0x80003e78 (0x6f65) x30 0x00019000
core   0: 0x80003e7a (0x0000cd99) c.beqz  a1, pc + 30
core   0: 0 0x80003e7a (0xcd99)
core   0: 0x80003e7c (0x0000137d) c.addi  t1, -1
core   0: 0 0x80003e7c (0x137d) x6  0xffffffff
core   0: 0x80003e7e (0x03192533) mulhsu  a0, s2, a7
core   0: 0 0x80003e7e (0x03192533) x10 0x00000000
core   0: 0x80003e82 (0x02d52fb3) mulhsu  t6, a0, a3
core   0: 0 0x80003e82 (0x02d52fb3) x31 0x00000000
core   0: 0x80003e86 (0x41768db3) sub     s11, a3, s7
core   0: 0 0x80003e86 (0x41768db3) x27 0x00000000
core   0: 0x80003e8a (0x463ee017) auipc   zero, 0x463ee
core   0: 0 0x80003e8a (0x463ee017)
core   0: 0x80003e8e (0x000099da) c.add   s3, s6
core   0: 0 0x80003e8e (0x99da) x19 0x7ff6c5c4
core   0: 0x80003e90 (0x014e9263) bne     t4, s4, pc + 4
core   0: 0 0x80003e90 (0x014e9263)
core   0: 0x80003e94 (0x03db58b3) divu    a7, s6, t4
core   0: 0 0x80003e94 (0x03db58b3) x17 0xffffffff
core   0: 0x80003e98 (0x0ff0000f) fence   iorw,iorw
core   0: 0 0x80003e98 (0x0ff0000f)
core   0: 0x80003e9c (0x0171c263) blt     gp, s7, pc + 4
core   0: 0 0x80003e9c (0x0171c263)
core   0: 0x80003ea0 (0x000050fd) c.li    ra, -1
core   0: 0 0x80003ea0 (0x50fd) x1  0xffffffff
core   0: 0x80003ea2 (0x00008b45) c.andi  a4, 17
core   0: 0 0x80003ea2 (0x8b45) x14 0x00000000
core   0: 0x80003ea4 (0x021ce7b3) rem     a5, s9, ra
core   0: 0 0x80003ea4 (0x021ce7b3) x15 0x00000000
core   0: 0x80003ea8 (0x01b2ff33) and     t5, t0, s11
core   0: 0 0x80003ea8 (0x01b2ff33) x30 0x00000000
core   0: 0x80003eac (0x0183f4b3) and     s1, t2, s8
core   0: 0 0x80003eac (0x0183f4b3) x9  0x00000000
core   0: 0x80003eb0 (0x00008e8d) c.sub   a3, a1
core   0: 0 0x80003eb0 (0x8e8d) x13 0x7ffeb31c
core   0: 0x80003eb2 (0x03489333) mulh    t1, a7, s4
core   0: 0 0x80003eb2 (0x03489333) x6  0x00000000
core   0: 0x80003eb6 (0x00008e91) c.sub   a3, a2
core   0: 0 0x80003eb6 (0x8e91) x13 0xfffc5638
core   0: 0x80003eb8 (0x00000284) c.addi4spn s1, sp, 320
core   0: 0 0x80003eb8 (0x0284) x9  0xffffe8b8
core   0: 0x80003eba (0x00000b8c) c.addi4spn a1, sp, 464
core   0: 0 0x80003eba (0x0b8c) x11 0xffffe948
core   0: 0x80003ebc (0x0000ef19) c.bnez  a4, pc + 30
core   0: 0 0x80003ebc (0xef19)
core   0: 0x80003ebe (0x000041e5) c.li    gp, 25
core   0: 0 0x80003ebe (0x41e5) x3  0x00000019
core   0: 0x80003ec0 (0x00009916) c.add   s2, t0
core   0: 0 0x80003ec0 (0x9916) x18 0x00000000
core   0: 0x80003ec2 (0x013e1593) slli    a1, t3, 19
core   0: 0 0x80003ec2 (0x013e1593) x11 0xf3200000
core   0: 0x80003ec6 (0x00008ea5) c.xor   a3, s1
core   0: 0 0x80003ec6 (0x8ea5) x13 0x0003be80
core   0: 0x80003ec8 (0x00008ced) c.and   s1, a1
core   0: 0 0x80003ec8 (0x8ced) x9  0xf3200000
core   0: 0x80003eca (0x48ed8793) addi    a5, s11, 1166
core   0: 0 0x80003eca (0x48ed8793) x15 0x0000048e
core   0: 0x80003ece (0x0000e121) c.bnez  a0, pc + 64
core   0: 0 0x80003ece (0xe121)
core   0: 0x80003ed0 (0x0002ab33) slt     s6, t0, zero
core   0: 0 0x80003ed0 (0x0002ab33) x22 0x00000000
core   0: 0x80003ed4 (0x00008341) c.srli  a4, 16
core   0: 0 0x80003ed4 (0x8341) x14 0x00000000
core   0: 0x80003ed6 (0x8379bf93) sltiu   t6, s3, -1993
core   0: 0 0x80003ed6 (0x8379bf93) x31 0x00000001
core   0: 0x80003eda (0x00008f95) c.sub   a5, a3
core   0: 0 0x80003eda (0x8f95) x15 0xfffc460e
core   0: 0x80003edc (0x00008f81) c.sub   a5, s0
core   0: 0 0x80003edc (0x8f81) x15 0x7ffc460e
core   0: 0x80003ede (0x01941033) sll     zero, s0, s9
core   0: 0 0x80003ede (0x01941033)
core   0: 0x80003ee2 (0x00008f21) c.xor   a4, s0
core   0: 0 0x80003ee2 (0x8f21) x14 0x80000000
core   0: 0x80003ee4 (0x01fc8b63) beq     s9, t6, pc + 22
core   0: 0 0x80003ee4 (0x01fc8b63)
core   0: 0x80003ee8 (0x000088ca) c.mv    a7, s2
core   0: 0 0x80003ee8 (0x88ca) x17 0x00000000
core   0: 0x80003eea (0x00009bca) c.add   s7, s2
core   0: 0 0x80003eea (0x9bca) x23 0x00000000
core   0: 0x80003eec (0x5732a497) auipc   s1, 0x5732a
core   0: 0 0x80003eec (0x5732a497) x9  0xd732deec
core   0: 0x80003ef0 (0x387d0d93) addi    s11, s10, 903
core   0: 0 0x80003ef0 (0x387d0d93) x27 0x8001506b
core   0: 0x80003ef4 (0x03455133) divu    sp, a0, s4
core   0: 0 0x80003ef4 (0x03455133) x2  0xffffffff
core   0: 0x80003ef8 (0x00006125) c.addi16sp sp, 96
core   0: 0 0x80003ef8 (0x6125) x2  0x0000005f
core   0: 0x80003efa (0x024ae6b3) rem     a3, s5, tp
core   0: 0 0x80003efa (0x024ae6b3) x13 0x00000000
core   0: 0x80003efe (0x01839eb3) sll     t4, t2, s8
core   0: 0 0x80003efe (0x01839eb3) x29 0x00000000
core   0: 0x80003f02 (0xa1274993) xori    s3, a4, -1518
core   0: 0 0x80003f02 (0xa1274993) x19 0x7ffffa12
core   0: 0x80003f06 (0x9d342f93) slti    t6, s0, -1581
core   0: 0 0x80003f06 (0x9d342f93) x31 0x00000001
core   0: 0x80003f0a (0x028fbeb3) mulhu   t4, t6, s0
core   0: 0 0x80003f0a (0x028fbeb3) x29 0x00000000
core   0: 0x80003f0e (0x0008c0b3) xor     ra, a7, zero
core   0: 0 0x80003f0e (0x0008c0b3) x1  0x00000000
core   0: 0x80003f12 (0x8a854e93) xori    t4, a0, -1880
core   0: 0 0x80003f12 (0x8a854e93) x29 0xfffff8a8
core   0: 0x80003f16 (0x0000ee95) c.bnez  a3, pc + 60
core   0: 0 0x80003f16 (0xee95)
core   0: 0x80003f18 (0x0000100f) fence.i
core   0: 0 0x80003f18 (0x0000100f)
core   0: 0x80003f1c (0x029f9033) mulh    zero, t6, s1
core   0: 0 0x80003f1c (0x029f9033)
core   0: 0x80003f20 (0x01bcd1b3) srl     gp, s9, s11
core   0: 0 0x80003f20 (0x01bcd1b3) x3  0x00000000
core   0: 0x80003f24 (0x02458963) beq     a1, tp, pc + 50
core   0: 0 0x80003f24 (0x02458963)
core   0: 0x80003f28 (0x00d2c463) blt     t0, a3, pc + 8
core   0: 0 0x80003f28 (0x00d2c463)
core   0: 0x80003f2c (0x05417463) bgeu    sp, s4, pc + 72
core   0: 0 0x80003f2c (0x05417463)
core   0: 0x80003f74 (0x00006d5d) c.lui   s10, 0x17
core   0: 0 0x80003f74 (0x6d5d) x26 0x00017000
core   0: 0x80003f76 (0x01da8263) beq     s5, t4, pc + 4
core   0: 0 0x80003f76 (0x01da8263)
core   0: 0x80003f7a (0x0000483d) c.li    a6, 15
core   0: 0 0x80003f7a (0x483d) x16 0x0000000f
core   0: 0x80003f7c (0x00000275) c.addi  tp, 29
core   0: 0 0x80003f7c (0x0275) x4  0x0000001e
core   0: 0x80003f7e (0x49d37293) andi    t0, t1, 1181
core   0: 0 0x80003f7e (0x49d37293) x5  0x00000000
core   0: 0x80003f82 (0x049ff013) andi    zero, t6, 73
core   0: 0 0x80003f82 (0x049ff013)
core   0: 0x80003f86 (0x025e90b3) mulh    ra, t4, t0
core   0: 0 0x80003f86 (0x025e90b3) x1  0x00000000
core   0: 0x80003f8a (0x0269c063) blt     s3, t1, pc + 32
core   0: 0 0x80003f8a (0x0269c063)
core   0: 0x80003f8e (0x00c66b33) or      s6, a2, a2
core   0: 0 0x80003f8e (0x00c66b33) x22 0x80025ce4
core   0: 0x80003f92 (0xce42f313) andi    t1, t0, -796
core   0: 0 0x80003f92 (0xce42f313) x6  0x00000000
core   0: 0x80003f96 (0x000081c9) c.srli  a1, 18
core   0: 0 0x80003f96 (0x81c9) x11 0x00003cc8
core   0: 0x80003f98 (0x02d02733) mulhsu  a4, zero, a3
core   0: 0 0x80003f98 (0x02d02733) x14 0x00000000
core   0: 0x80003f9c (0x0097eab3) or      s5, a5, s1
core   0: 0 0x80003f9c (0x0097eab3) x21 0xfffedeee
core   0: 0x80003fa0 (0x00006139) c.addi16sp sp, 448
core   0: 0 0x80003fa0 (0x6139) x2  0x0000021f
core   0: 0x80003fa2 (0x015d4133) xor     sp, s10, s5
core   0: 0 0x80003fa2 (0x015d4133) x2  0xffffaeee
core   0: 0x80003fa6 (0x00dfccb3) xor     s9, t6, a3
core   0: 0 0x80003fa6 (0x00dfccb3) x25 0x00000001
core   0: 0x80003faa (0x00ba4fb3) xor     t6, s4, a1
core   0: 0 0x80003faa (0x00ba4fb3) x31 0x00003cc8
core   0: 0x80003fae (0x02e1da63) bge     gp, a4, pc + 52
core   0: 0 0x80003fae (0x02e1da63)
core   0: 0x80003fe2 (0x01cb1813) slli    a6, s6, 28
core   0: 0 0x80003fe2 (0x01cb1813) x16 0x40000000
core   0: 0x80003fe6 (0x00000001) c.nop
core   0: 0 0x80003fe6 (0x0001)
core   0: 0x80003fe8 (0x018ca733) slt     a4, s9, s8
core   0: 0 0x80003fe8 (0x018ca733) x14 0x00000000
core   0: 0x80003fec (0x03da8b33) mul     s6, s5, t4
core   0: 0 0x80003fec (0x03da8b33) x22 0x084adc30
core   0: 0x80003ff0 (0x01ec5c93) srli    s9, s8, 30
core   0: 0 0x80003ff0 (0x01ec5c93) x25 0x00000000
core   0: 0x80003ff4 (0x01754563) blt     a0, s7, pc + 10
core   0: 0 0x80003ff4 (0x01754563)
core   0: 0x80003ff8 (0x41df5593) srai    a1, t5, 29
core   0: 0 0x80003ff8 (0x41df5593) x11 0x00000000
core   0: 0x80003ffc (0x00008ef9) c.and   a3, a4
core   0: 0 0x80003ffc (0x8ef9) x13 0x00000000
core   0: 0x80003ffe (0x033f1363) bne     t5, s3, pc + 38
core   0: 0 0x80003ffe (0x033f1363)
core   0: 0x80004024 (0x00d10363) beq     sp, a3, pc + 6
core   0: 0 0x80004024 (0x00d10363)
core   0: 0x80004028 (0x00006531) c.lui   a0, 0xc
core   0: 0 0x80004028 (0x6531) x10 0x0000c000
core   0: 0x8000402a (0x0000091a) c.slli  s2, 6
core   0: 0 0x8000402a (0x091a) x18 0x00000000
core   0: 0x8000402c (0x0460c363) blt     ra, t1, pc + 70
core   0: 0 0x8000402c (0x0460c363)
core   0: 0x80004030 (0x00008561) c.srai  a0, 24
core   0: 0 0x80004030 (0x8561) x10 0x00000000
core   0: 0x80004032 (0xe5a9f193) andi    gp, s3, -422
core   0: 0 0x80004032 (0xe5a9f193) x3  0x7ffffa12
core   0: 0x80004036 (0x03f489b3) mul     s3, s1, t6
core   0: 0 0x80004036 (0x03f489b3) x19 0x0bfd7860
core   0: 0x8000403a (0x4180d493) srai    s1, ra, 24
core   0: 0 0x8000403a (0x4180d493) x9  0x00000000
core   0: 0x8000403e (0x0000100f) fence.i
core   0: 0 0x8000403e (0x0000100f)
core   0: 0x80004042 (0x00008f6d) c.and   a4, a1
core   0: 0 0x80004042 (0x8f6d) x14 0x00000000
core   0: 0x80004044 (0x00000b36) c.slli  s6, 13
core   0: 0 0x80004044 (0x0b36) x22 0x5b860000
core   0: 0x80004046 (0x021f55b3) divu    a1, t5, ra
core   0: 0 0x80004046 (0x021f55b3) x11 0xffffffff
core   0: 0x8000404a (0x005ef533) and     a0, t4, t0
core   0: 0 0x8000404a (0x005ef533) x10 0x00000000
core   0: 0x8000404e (0x41abdf33) sra     t5, s7, s10
core   0: 0 0x8000404e (0x41abdf33) x30 0x00000000
core   0: 0x80004052 (0x03a64563) blt     a2, s10, pc + 42
core   0: 0 0x80004052 (0x03a64563)
core   0: 0x8000407c (0x00008489) c.srai  s1, 2
core   0: 0 0x8000407c (0x8489) x9  0x00000000
core   0: 0x8000407e (0x41da8d33) sub     s10, s5, t4
core   0: 0 0x8000407e (0x41da8d33) x26 0xfffee646
core   0: 0x80004082 (0x00008fa1) c.xor   a5, s0
core   0: 0 0x80004082 (0x8fa1) x15 0xfffc460e
core   0: 0x80004084 (0x29454b13) xori    s6, a0, 660
core   0: 0 0x80004084 (0x29454b13) x22 0x00000294
core   0: 0x80004088 (0xd13d2f13) slti    t5, s10, -749
core   0: 0 0x80004088 (0xd13d2f13) x30 0x00000001
core   0: 0x8000408c (0x000080c9) c.srli  s1, 18
core   0: 0 0x8000408c (0x80c9) x9  0x00000000
core   0: 0x8000408e (0x40ae5533) sra     a0, t3, a0
core   0: 0 0x8000408e (0x40ae5533) x10 0x80021e64
core   0: 0x80004092 (0x02b06363) bltu    zero, a1, pc + 38
core   0: 0 0x80004092 (0x02b06363)
core   0: 0x800040b8 (0x00000001) c.nop
core   0: 0 0x800040b8 (0x0001)
core   0: 0x800040ba (0x01257a33) and     s4, a0, s2
core   0: 0 0x800040ba (0x01257a33) x20 0x00000000
core   0: 0x800040be (0x03f50b33) mul     s6, a0, t6
core   0: 0 0x800040be (0x03f50b33) x22 0x80c72e20
core   0: 0x800040c2 (0x03f6fd33) remu    s10, a3, t6
core   0: 0 0x800040c2 (0x03f6fd33) x26 0x00000000
core   0: 0x800040c6 (0x003fc263) blt     t6, gp, pc + 4
core   0: 0 0x800040c6 (0x003fc263)
core   0: 0x800040ca (0x00d45593) srli    a1, s0, 13
core   0: 0 0x800040ca (0x00d45593) x11 0x00040000
core   0: 0x800040ce (0x0000ed81) c.bnez  a1, pc + 24
core   0: 0 0x800040ce (0xed81)
core   0: 0x800040e6 (0x0000100f) fence.i
core   0: 0 0x800040e6 (0x0000100f)
core   0: 0x800040ea (0x694ea197) auipc   gp, 0x694ea
core   0: 0 0x800040ea (0x694ea197) x3  0xe94ee0ea
core   0: 0x800040ee (0x0000e199) c.bnez  a1, pc + 6
core   0: 0 0x800040ee (0xe199)
core   0: 0x800040f4 (0x00f4c933) xor     s2, s1, a5
core   0: 0 0x800040f4 (0x00f4c933) x18 0xfffc460e
core   0: 0x800040f8 (0x00eb1693) slli    a3, s6, 14
core   0: 0 0x800040f8 (0x00eb1693) x13 0xcb880000
core   0: 0x800040fc (0xe00e7093) andi    ra, t3, -512
core   0: 0 0x800040fc (0xe00e7093) x1  0x80021e00
core   0: 0x80004100 (0x00008fed) c.and   a5, a1
core   0: 0 0x80004100 (0x8fed) x15 0x00040000
core   0: 0x80004102 (0x028c2533) mulhsu  a0, s8, s0
core   0: 0 0x80004102 (0x028c2533) x10 0x00000000
core   0: 0x80004106 (0x0000100f) fence.i
core   0: 0 0x80004106 (0x0000100f)
core   0: 0x8000410a (0x036bf0b3) remu    ra, s7, s6
core   0: 0 0x8000410a (0x036bf0b3) x1  0x00000000
core   0: 0x8000410e (0x016d9963) bne     s11, s6, pc + 18
core   0: 0 0x8000410e (0x016d9963)
core   0: 0x80004120 (0x023d0b33) mul     s6, s10, gp
core   0: 0 0x80004120 (0x023d0b33) x22 0x00000000
core   0: 0x80004124 (0x02bf6bb3) rem     s7, t5, a1
core   0: 0 0x80004124 (0x02bf6bb3) x23 0x00000001
core   0: 0x80004128 (0x03b61563) bne     a2, s11, pc + 42
core   0: 0 0x80004128 (0x03b61563)
core   0: 0x80004152 (0x00000d0c) c.addi4spn a1, sp, 656
core   0: 0 0x80004152 (0x0d0c) x11 0xffffb17e
core   0: 0x80004154 (0x00008ec9) c.or    a3, a0
core   0: 0 0x80004154 (0x8ec9) x13 0xcb880000
core   0: 0x80004156 (0x02a9f863) bgeu    s3, a0, pc + 48
core   0: 0 0x80004156 (0x02a9f863)
core   0: 0x80004186 (0x02529363) bne     t0, t0, pc + 38
core   0: 0 0x80004186 (0x02529363)
core   0: 0x8000418a (0x027fb3b3) mulhu   t2, t6, t2
core   0: 0 0x8000418a (0x027fb3b3) x7  0x00000000
core   0: 0x8000418e (0x02491833) mulh    a6, s2, tp
core   0: 0 0x8000418e (0x02491833) x16 0xffffffff
core   0: 0x80004192 (0x02cd9a33) mulh    s4, s11, a2
core   0: 0 0x80004192 (0x02cd9a33) x20 0x3ffe295b
core   0: 0x80004196 (0x75f08793) addi    a5, ra, 1887
core   0: 0 0x80004196 (0x75f08793) x15 0x0000075f
core   0: 0x8000419a (0x0000e98d) c.bnez  a1, pc + 50
core   0: 0 0x8000419a (0xe98d)
core   0: 0x800041cc (0x0000717d) c.addi16sp sp, -16
core   0: 0 0x800041cc (0x717d) x2  0xffffaede
core   0: 0x800041ce (0x43482113) slti    sp, a6, 1076
core   0: 0 0x800041ce (0x43482113) x2  0x00000001
core   0: 0x800041d2 (0x00008216) c.mv    tp, t0
core   0: 0 0x800041d2 (0x8216) x4  0x00000000
core   0: 0x800041d4 (0x00008515) c.srai  a0, 5
core   0: 0 0x800041d4 (0x8515) x10 0x00000000
core   0: 0x800041d6 (0x00008cd1) c.or    s1, a2
core   0: 0 0x800041d6 (0x8cd1) x9  0x80025ce4
core   0: 0x800041d8 (0x00513f33) sltu    t5, sp, t0
core   0: 0 0x800041d8 (0x00513f33) x30 0x00000000
core   0: 0x800041dc (0xc58ada97) auipc   s5, 0xc58ad
core   0: 0 0x800041dc (0xc58ada97) x21 0x458b11dc
core   0: 0x800041e0 (0x00008cdd) c.or    s1, a5
core   0: 0 0x800041e0 (0x8cdd) x9  0x80025fff
core   0: 0x800041e2 (0x017a6533) or      a0, s4, s7
core   0: 0 0x800041e2 (0x017a6533) x10 0x3ffe295b
core   0: 0x800041e6 (0x000e4f33) xor     t5, t3, zero
core   0: 0 0x800041e6 (0x000e4f33) x30 0x80021e64
core   0: 0x800041ea (0x40988eb3) sub     t4, a7, s1
core   0: 0 0x800041ea (0x40988eb3) x29 0x7ffda001
core   0: 0x800041ee (0xe90fab93) slti    s7, t6, -368
core   0: 0 0x800041ee (0xe90fab93) x23 0x00000000
core   0: 0x800041f2 (0xf3e48eb7) lui     t4, 0xf3e48
core   0: 0 0x800041f2 (0xf3e48eb7) x29 0xf3e48000
core   0: 0x800041f6 (0x000b7263) bgeu    s6, zero, pc + 4
core   0: 0 0x800041f6 (0x000b7263)
core   0: 0x800041fa (0xeb5cfb93) andi    s7, s9, -331
core   0: 0 0x800041fa (0xeb5cfb93) x23 0x00000000
core   0: 0x800041fe (0x01bd9363) bne     s11, s11, pc + 6
core   0: 0 0x800041fe (0x01bd9363)
core   0: 0x80004202 (0x00008d41) c.or    a0, s0
core   0: 0 0x80004202 (0x8d41) x10 0xbffe295b
core   0: 0x80004204 (0x8e707313) andi    t1, zero, -1817
core   0: 0 0x80004204 (0x8e707313) x6  0x00000000
core   0: 0x80004208 (0x37c97193) andi    gp, s2, 892
core   0: 0 0x80004208 (0x37c97193) x3  0x0000020c
core   0: 0x8000420c (0x00000001) c.nop
core   0: 0 0x8000420c (0x0001)
core   0: 0x8000420e (0x40b00933) sub     s2, zero, a1
core   0: 0 0x8000420e (0x40b00933) x18 0x00004e82
core   0: 0x80004212 (0xdcb5bd93) sltiu   s11, a1, -565
core   0: 0 0x80004212 (0xdcb5bd93) x27 0x00000001
core   0: 0x80004216 (0x008452b3) srl     t0, s0, s0
core   0: 0 0x80004216 (0x008452b3) x5  0x80000000
core   0: 0x8000421a (0x025e48b3) div     a7, t3, t0
core   0: 0 0x8000421a (0x025e48b3) x17 0x00000000
core   0: 0x8000421e (0x41338cb3) sub     s9, t2, s3
core   0: 0 0x8000421e (0x41338cb3) x25 0xf40287a0
core   0: 0x80004222 (0x0000c185) c.beqz  a1, pc + 32
core   0: 0 0x80004222 (0xc185)
core   0: 0x80004224 (0x0000ed89) c.bnez  a1, pc + 26
core   0: 0 0x80004224 (0xed89)
core   0: 0x8000423e (0x0386e2b3) rem     t0, a3, s8
core   0: 0 0x8000423e (0x0386e2b3) x5  0x00000000
core   0: 0x80004242 (0x05448063) beq     s1, s4, pc + 64
core   0: 0 0x80004242 (0x05448063)
core   0: 0x80004246 (0x00009bfd) c.andi  a5, -1
core   0: 0 0x80004246 (0x9bfd) x15 0x0000075f
core   0: 0x80004248 (0x03457c33) remu    s8, a0, s4
core   0: 0 0x80004248 (0x03457c33) x24 0x0003ad4a
core   0: 0x8000424c (0x00004809) c.li    a6, 2
core   0: 0 0x8000424c (0x4809) x16 0x00000002
core   0: 0x8000424e (0x00000001) c.nop
core   0: 0 0x8000424e (0x0001)
core   0: 0x80004250 (0x41a75333) sra     t1, a4, s10
core   0: 0 0x80004250 (0x41a75333) x6  0x00000000
core   0: 0x80004254 (0x00761e93) slli    t4, a2, 7
core   0: 0 0x80004254 (0x00761e93) x29 0x012e7200
core   0: 0x80004258 (0x401758b3) sra     a7, a4, ra
core   0: 0 0x80004258 (0x401758b3) x17 0x00000000
core   0: 0x8000425c (0x00008f79) c.and   a4, a4
core   0: 0 0x8000425c (0x8f79) x14 0x00000000
core   0: 0x8000425e (0x0074a033) slt     zero, s1, t2
core   0: 0 0x8000425e (0x0074a033)
core   0: 0x80004262 (0x00244bb3) xor     s7, s0, sp
core   0: 0 0x80004262 (0x00244bb3) x23 0x80000001
core   0: 0x80004266 (0x00008d75) c.and   a0, a3
core   0: 0 0x80004266 (0x8d75) x10 0x8b880000
core   0: 0x80004268 (0x00000001) c.nop
core   0: 0 0x80004268 (0x0001)
core   0: 0x8000426a (0x03f727b3) mulhsu  a5, a4, t6
core   0: 0 0x8000426a (0x03f727b3) x15 0x00000000
core   0: 0x8000426e (0x0155a033) slt     zero, a1, s5
core   0: 0 0x8000426e (0x0155a033)
core   0: 0x80004272 (0x01354a63) blt     a0, s3, pc + 20
core   0: 0 0x80004272 (0x01354a63)
core   0: 0x80004286 (0x40bc0ab3) sub     s5, s8, a1
core   0: 0 0x80004286 (0x40bc0ab3) x21 0x0003fbcc
core   0: 0x8000428a (0x0062da33) srl     s4, t0, t1
core   0: 0 0x8000428a (0x0062da33) x20 0x00000000
core   0: 0x8000428e (0x6ccc22b7) lui     t0, 0x6ccc2
core   0: 0 0x8000428e (0x6ccc22b7) x5  0x6ccc2000
core   0: 0x80004292 (0x00008f01) c.sub   a4, s0
core   0: 0 0x80004292 (0x8f01) x14 0x80000000
core   0: 0x80004294 (0x00000001) c.nop
core   0: 0 0x80004294 (0x0001)
core   0: 0x80004296 (0x02b77463) bgeu    a4, a1, pc + 40
core   0: 0 0x80004296 (0x02b77463)
core   0: 0x8000429a (0x0000813d) c.srli  a0, 15
core   0: 0 0x8000429a (0x813d) x10 0x00011710
core   0: 0x8000429c (0x0000e299) c.bnez  a3, pc + 6
core   0: 0 0x8000429c (0xe299)
core   0: 0x800042a2 (0x0266dcb3) divu    s9, a3, t1
core   0: 0 0x800042a2 (0x0266dcb3) x25 0xffffffff
core   0: 0x800042a6 (0x00000b2a) c.slli  s6, 10
core   0: 0 0x800042a6 (0x0b2a) x22 0x00000000
core   0: 0x800042a8 (0x0ff0000f) fence   iorw,iorw
core   0: 0 0x800042a8 (0x0ff0000f)
core   0: 0x800042ac (0x0000839d) c.srli  a5, 7
core   0: 0 0x800042ac (0x839d) x15 0x00000000
core   0: 0x800042ae (0x6ae0e093) ori     ra, ra, 1710
core   0: 0 0x800042ae (0x6ae0e093) x1  0x000006ae
core   0: 0x800042b2 (0x02ea2ab3) mulhsu  s5, s4, a4
core   0: 0 0x800042b2 (0x02ea2ab3) x21 0x00000000
core   0: 0x800042b6 (0x01c96233) or      tp, s2, t3
core   0: 0 0x800042b6 (0x01c96233) x4  0x80025ee6
core   0: 0x800042ba (0x417b5d13) srai    s10, s6, 23
core   0: 0 0x800042ba (0x417b5d13) x26 0x00000000
core   0: 0x800042be (0x00000001) c.nop
core   0: 0 0x800042be (0x0001)
core   0: 0x800042c0 (0x03cf4233) div     tp, t5, t3
core   0: 0 0x800042c0 (0x03cf4233) x4  0x00000001
core   0: 0x800042c4 (0x00006ec5) c.lui   t4, 0x11
core   0: 0 0x800042c4 (0x6ec5) x29 0x00011000
core   0: 0x800042c6 (0x00008db1) c.xor   a1, a2
core   0: 0 0x800042c6 (0x8db1) x11 0x7ffded9a
core   0: 0x800042c8 (0x01bf29b3) slt     s3, t5, s11
core   0: 0 0x800042c8 (0x01bf29b3) x19 0x00000001
core   0: 0x800042cc (0x4d445e97) auipc   t4, 0x4d445
core   0: 0 0x800042cc (0x4d445e97) x29 0xcd4492cc
core   0: 0x800042d0 (0x03339b63) bne     t2, s3, pc + 54
core   0: 0 0x800042d0 (0x03339b63)
core   0: 0x80004306 (0x00489a93) slli    s5, a7, 4
core   0: 0 0x80004306 (0x00489a93) x21 0x00000000
core   0: 0x8000430a (0x00001204) c.addi4spn s1, sp, 288
core   0: 0 0x8000430a (0x1204) x9  0x00000121
core   0: 0x8000430c (0x03d0d7b3) divu    a5, ra, t4
core   0: 0 0x8000430c (0x03d0d7b3) x15 0x00000000
core   0: 0x80004310 (0x035ca1b3) mulhsu  gp, s9, s5
core   0: 0 0x80004310 (0x035ca1b3) x3  0x00000000
core   0: 0x80004314 (0x00008885) c.andi  s1, 1
core   0: 0 0x80004314 (0x8885) x9  0x00000001
core   0: 0x80004316 (0x99343f13) sltiu   t5, s0, -1645
core   0: 0 0x80004316 (0x99343f13) x30 0x00000001
core   0: 0x8000431a (0xcd7ef593) andi    a1, t4, -809
core   0: 0 0x8000431a (0xcd7ef593) x11 0xcd4490c4
core   0: 0x8000431e (0x02c61d33) mulh    s10, a2, a2
core   0: 0 0x8000431e (0x02c61d33) x26 0x3ffda321
core   0: 0x80004322 (0x00008e85) c.sub   a3, s1
core   0: 0 0x80004322 (0x8e85) x13 0xcb87ffff
core   0: 0x80004324 (0x015069b3) or      s3, zero, s5
core   0: 0 0x80004324 (0x015069b3) x19 0x00000000
core   0: 0x80004328 (0x0000cb81) c.beqz  a5, pc + 16
core   0: 0 0x80004328 (0xcb81)
core   0: 0x80004338 (0x033ce033) rem     zero, s9, s3
core   0: 0 0x80004338 (0x033ce033)
core   0: 0x8000433c (0x00008d35) c.xor   a0, a3
core   0: 0 0x8000433c (0x8d35) x10 0xcb86e8ef
core   0: 0x8000433e (0x03419fb3) mulh    t6, gp, s4
core   0: 0 0x8000433e (0x03419fb3) x31 0x00000000
core   0: 0x80004342 (0x0159d663) bge     s3, s5, pc + 12
core   0: 0 0x80004342 (0x0159d663)
core   0: 0x8000434e (0x02cfe063) bltu    t6, a2, pc + 32
core   0: 0 0x8000434e (0x02cfe063)
core   0: 0x8000436e (0x63db0d17) auipc   s10, 0x63db0
core   0: 0 0x8000436e (0x63db0d17) x26 0xe3db436e
core   0: 0x80004372 (0x4d8a35b7) lui     a1, 0x4d8a3
core   0: 0 0x80004372 (0x4d8a35b7) x11 0x4d8a3000
core   0: 0x80004376 (0x02f97a33) remu    s4, s2, a5
core   0: 0 0x80004376 (0x02f97a33) x20 0x00004e82
core   0: 0x8000437a (0x4153deb3) sra     t4, t2, s5
core   0: 0 0x8000437a (0x4153deb3) x29 0x00000000
core   0: 0x8000437e (0x02264863) blt     a2, sp, pc + 48
core   0: 0 0x8000437e (0x02264863)
core   0: 0x800043ae (0x00000496) c.slli  s1, 5
core   0: 0 0x800043ae (0x0496) x9  0x00000020
core   0: 0x800043b0 (0x4131d113) srai    sp, gp, 19
core   0: 0 0x800043b0 (0x4131d113) x2  0x00000000
core   0: 0x800043b4 (0x00000001) c.nop
core   0: 0 0x800043b4 (0x0001)
core   0: 0x800043b6 (0x04997463) bgeu    s2, s1, pc + 72
core   0: 0 0x800043b6 (0x04997463)
core   0: 0x800043fe (0x013330b3) sltu    ra, t1, s3
core   0: 0 0x800043fe (0x013330b3) x1  0x00000000
core   0: 0x80004402 (0x0000e50d) c.bnez  a0, pc + 42
core   0: 0 0x80004402 (0xe50d)
core   0: 0x8000442c (0x00fc9363) bne     s9, a5, pc + 6
core   0: 0 0x8000442c (0x00fc9363)
core   0: 0x80004432 (0x00a98a63) beq     s3, a0, pc + 20
core   0: 0 0x80004432 (0x00a98a63)
core   0: 0x80004436 (0x0000e309) c.bnez  a4, pc + 2
core   0: 0 0x80004436 (0xe309)
core   0: 0x80004438 (0x003a4733) xor     a4, s4, gp
core   0: 0 0x80004438 (0x003a4733) x14 0x00004e82
core   0: 0x8000443c (0x0000875e) c.mv    a4, s7
core   0: 0 0x8000443c (0x875e) x14 0x80000001
core   0: 0x8000443e (0x038c4063) blt     s8, s8, pc + 32
core   0: 0 0x8000443e (0x038c4063)
core   0: 0x80004442 (0x00008ced) c.and   s1, a1
core   0: 0 0x80004442 (0x8ced) x9  0x00000000
core   0: 0x80004444 (0x0000c89d) c.beqz  s1, pc + 54
core   0: 0 0x80004444 (0xc89d)
core   0: 0x8000447a (0x5a94fa93) andi    s5, s1, 1449
core   0: 0 0x8000447a (0x5a94fa93) x21 0x00000000
core   0: 0x8000447e (0x0000836a) c.mv    t1, s10
core   0: 0 0x8000447e (0x836a) x6  0xe3db436e
core   0: 0x80004480 (0x00008cc5) c.or    s1, s1
core   0: 0 0x80004480 (0x8cc5) x9  0x00000000
core   0: 0x80004482 (0x4157db33) sra     s6, a5, s5
core   0: 0 0x80004482 (0x4157db33) x22 0x00000000
core   0: 0x80004486 (0x0000615d) c.addi16sp sp, 432
core   0: 0 0x80004486 (0x615d) x2  0x000001b0
core   0: 0x80004488 (0x00001688) c.addi4spn a0, sp, 864
core   0: 0 0x80004488 (0x1688) x10 0x00000510
core   0: 0x8000448a (0xa0688913) addi    s2, a7, -1530
core   0: 0 0x8000448a (0xa0688913) x18 0xfffffa06
core   0: 0x8000448e (0x00008519) c.srai  a0, 6
core   0: 0 0x8000448e (0x8519) x10 0x00000014
core   0: 0x80004490 (0x015f7233) and     tp, t5, s5
core   0: 0 0x80004490 (0x015f7233) x4  0x00000000
core   0: 0x80004494 (0x01845333) srl     t1, s0, s8
core   0: 0 0x80004494 (0x01845333) x6  0x00200000
core   0: 0x80004498 (0x0000c505) c.beqz  a0, pc + 40
core   0: 0 0x80004498 (0xc505)
core   0: 0x8000449a (0x00524e63) blt     tp, t0, pc + 28
core   0: 0 0x8000449a (0x00524e63)
core   0: 0x800044b6 (0xceed4c13) xori    s8, s10, -786
core   0: 0 0x800044b6 (0xceed4c13) x24 0x1c24bf80
core   0: 0x800044ba (0x0000015e) c.slli  sp, 23
core   0: 0 0x800044ba (0x015e) x2  0xd8000000
core   0: 0x800044bc (0x027e02b3) mul     t0, t3, t2
core   0: 0 0x800044bc (0x027e02b3) x5  0x00000000
core   0: 0x800044c0 (0x00006b09) c.lui   s6, 0x2
core   0: 0 0x800044c0 (0x6b09) x22 0x00002000
core   0: 0x800044c2 (0x0356c263) blt     a3, s5, pc + 36
core   0: 0 0x800044c2 (0x0356c263)
core   0: 0x800044e6 (0x018992b3) sll     t0, s3, s8
core   0: 0 0x800044e6 (0x018992b3) x5  0x00000000
core   0: 0x800044ea (0x00a64fb3) xor     t6, a2, a0
core   0: 0 0x800044ea (0x00a64fb3) x31 0x80025cf0
core   0: 0x800044ee (0x7e3c2693) slti    a3, s8, 2019
core   0: 0 0x800044ee (0x7e3c2693) x13 0x00000000
core   0: 0x800044f2 (0x00008319) c.srli  a4, 6
core   0: 0 0x800044f2 (0x8319) x14 0x02000000
core   0: 0x800044f4 (0x01eeac33) slt     s8, t4, t5
core   0: 0 0x800044f4 (0x01eeac33) x24 0x00000001
core   0: 0x800044f8 (0x03df6eb3) rem     t4, t5, t4
core   0: 0 0x800044f8 (0x03df6eb3) x29 0x00000001
core   0: 0x800044fc (0x0066dc33) srl     s8, a3, t1
core   0: 0 0x800044fc (0x0066dc33) x24 0x00000000
core   0: 0x80004500 (0x06336193) ori     gp, t1, 99
core   0: 0 0x80004500 (0x06336193) x3  0x00200063
core   0: 0x80004504 (0x00000001) c.nop
core   0: 0 0x80004504 (0x0001)
core   0: 0x80004506 (0x05b0e063) bltu    ra, s11, pc + 64
core   0: 0 0x80004506 (0x05b0e063)
core   0: 0x80004546 (0x0000717d) c.addi16sp sp, -16
core   0: 0 0x80004546 (0x717d) x2  0xd7fffff0
core   0: 0x80004548 (0x00306c33) or      s8, zero, gp
core   0: 0 0x80004548 (0x00306c33) x24 0x00200063
core   0: 0x8000454c (0x02e720b3) mulhsu  ra, a4, a4
core   0: 0 0x8000454c (0x02e720b3) x1  0x00040000
core   0: 0x80004550 (0x01096d63) bltu    s2, a6, pc + 26
core   0: 0 0x80004550 (0x01096d63)
core   0: 0x80004554 (0x0316fa63) bgeu    a3, a7, pc + 52
core   0: 0 0x80004554 (0x0316fa63)
core   0: 0x80004588 (0x02f1e7b3) rem     a5, gp, a5
core   0: 0 0x80004588 (0x02f1e7b3) x15 0x00200063
core   0: 0x8000458c (0x406addb3) sra     s11, s5, t1
core   0: 0 0x8000458c (0x406addb3) x27 0x00000000
core   0: 0x80004590 (0x01c0fdb3) and     s11, ra, t3
core   0: 0 0x80004590 (0x01c0fdb3) x27 0x00000000
core   0: 0x80004594 (0x00008ded) c.and   a1, a1
core   0: 0 0x80004594 (0x8ded) x11 0x4d8a3000
core   0: 0x80004596 (0xbfd73593) sltiu   a1, a4, -1027
core   0: 0 0x80004596 (0xbfd73593) x11 0x00000001
core   0: 0x8000459a (0x03979f33) mulh    t5, a5, s9
core   0: 0 0x8000459a (0x03979f33) x30 0xffffffff
core   0: 0x8000459e (0x413ad113) srai    sp, s5, 19
core   0: 0 0x8000459e (0x413ad113) x2  0x00000000
core   0: 0x800045a2 (0x0000076e) c.slli  a4, 27
core   0: 0 0x800045a2 (0x076e) x14 0x00000000
core   0: 0x800045a4 (0x038ef363) bgeu    t4, s8, pc + 38
core   0: 0 0x800045a4 (0x038ef363)
core   0: 0x800045a8 (0x0158d513) srli    a0, a7, 21
core   0: 0 0x800045a8 (0x0158d513) x10 0x00000000
core   0: 0x800045ac (0x02b708b3) mul     a7, a4, a1
core   0: 0 0x800045ac (0x02b708b3) x17 0x00000000
core   0: 0x800045b0 (0x0000e299) c.bnez  a3, pc + 6
core   0: 0 0x800045b0 (0xe299)
core   0: 0x800045b2 (0x000099fd) c.andi  a1, -1
core   0: 0 0x800045b2 (0x99fd) x11 0x00000001
core   0: 0x800045b4 (0x00008931) c.andi  a0, 12
core   0: 0 0x800045b4 (0x8931) x10 0x00000000
core   0: 0x800045b6 (0x000080d9) c.srli  s1, 22
core   0: 0 0x800045b6 (0x80d9) x9  0x00000000
core   0: 0x800045b8 (0x00006399) c.lui   t2, 0x6
core   0: 0 0x800045b8 (0x6399) x7  0x00006000
core   0: 0x800045ba (0x0254ff33) remu    t5, s1, t0
core   0: 0 0x800045ba (0x0254ff33) x30 0x00000000
core   0: 0x800045be (0x017a1363) bne     s4, s7, pc + 6
core   0: 0 0x800045be (0x017a1363)
core   0: 0x800045c4 (0x028740b3) div     ra, a4, s0
core   0: 0 0x800045c4 (0x028740b3) x1  0x00000000
core   0: 0x800045c8 (0x00004349) c.li    t1, 18
core   0: 0 0x800045c8 (0x4349) x6  0x00000012
core   0: 0x800045ca (0x41105893) srai    a7, zero, 17
core   0: 0 0x800045ca (0x41105893) x17 0x00000000
core   0: 0x800045ce (0x9f108a97) auipc   s5, 0x9f108
core   0: 0 0x800045ce (0x9f108a97) x21 0x1f10c5ce
core   0: 0x800045d2 (0xc6b81eb7) lui     t4, 0xc6b81
core   0: 0 0x800045d2 (0xc6b81eb7) x29 0xc6b81000
core   0: 0x800045d6 (0x0028fab3) and     s5, a7, sp
core   0: 0 0x800045d6 (0x0028fab3) x21 0x00000000
core   0: 0x800045da (0x03ea1563) bne     s4, t5, pc + 42
core   0: 0 0x800045da (0x03ea1563)
core   0: 0x80004604 (0x00000b75) c.addi  s6, 29
core   0: 0 0x80004604 (0x0b75) x22 0x0000201d
core   0: 0x80004606 (0x41f45693) srai    a3, s0, 31
core   0: 0 0x80004606 (0x41f45693) x13 0xffffffff
core   0: 0x8000460a (0x0000187d) c.addi  a6, -1
core   0: 0 0x8000460a (0x187d) x16 0x00000001
core   0: 0x8000460c (0x400cd813) srai    a6, s9, 0
core   0: 0 0x8000460c (0x400cd813) x16 0xffffffff
core   0: 0x80004610 (0x00001c04) c.addi4spn s1, sp, 560
core   0: 0 0x80004610 (0x1c04) x9  0x00000230
core   0: 0x80004612 (0x0000100f) fence.i
core   0: 0 0x80004612 (0x0000100f)
core   0: 0x80004616 (0xb85af793) andi    a5, s5, -1147
core   0: 0 0x80004616 (0xb85af793) x15 0x00000000
core   0: 0x8000461a (0x01649113) slli    sp, s1, 22
core   0: 0 0x8000461a (0x01649113) x2  0x8c000000
core   0: 0x8000461e (0x03ecd963) bge     s9, t5, pc + 50
core   0: 0 0x8000461e (0x03ecd963)
core   0: 0x80004622 (0x00110263) beq     sp, ra, pc + 4
core   0: 0 0x80004622 (0x00110263)
core   0: 0x80004626 (0x00264463) blt     a2, sp, pc + 8
core   0: 0 0x80004626 (0x00264463)
core   0: 0x8000462e (0x03ad46b3) div     a3, s10, s10
core   0: 0 0x8000462e (0x03ad46b3) x13 0x00000001
core   0: 0x80004632 (0x41ed5593) srai    a1, s10, 30
core   0: 0 0x80004632 (0x41ed5593) x11 0xffffffff
core   0: 0x80004636 (0x00008f41) c.or    a4, s0
core   0: 0 0x80004636 (0x8f41) x14 0x80000000
core   0: 0x80004638 (0x26c49d37) lui     s10, 0x26c49
core   0: 0 0x80004638 (0x26c49d37) x26 0x26c49000
core   0: 0x8000463c (0x0000614d) c.addi16sp sp, 176
core   0: 0 0x8000463c (0x614d) x2  0x8c0000b0
core   0: 0x8000463e (0x00006545) c.lui   a0, 0x11
core   0: 0 0x8000463e (0x6545) x10 0x00011000
core   0: 0x80004640 (0x000043b9) c.li    t2, 14
core   0: 0 0x80004640 (0x43b9) x7  0x0000000e
core   0: 0x80004642 (0x0000056a) c.slli  a0, 26
core   0: 0 0x80004642 (0x056a) x10 0x00000000
core   0: 0x80004644 (0x0212fb33) remu    s6, t0, ra
core   0: 0 0x80004644 (0x0212fb33) x22 0x00000000
core   0: 0x80004648 (0x0085d963) bge     a1, s0, pc + 18
core   0: 0 0x80004648 (0x0085d963)
core   0: 0x8000465a (0x000084b5) c.srai  s1, 13
core   0: 0 0x8000465a (0x84b5) x9  0x00000000
core   0: 0x8000465c (0x00008fed) c.and   a5, a1
core   0: 0 0x8000465c (0x8fed) x15 0x00000000
core   0: 0x8000465e (0x0000038c) c.addi4spn a1, sp, 448
core   0: 0 0x8000465e (0x038c) x11 0x8c000270
core   0: 0x80004660 (0x0000e681) c.bnez  a3, pc + 8
core   0: 0 0x80004660 (0xe681)
core   0: 0x80004668 (0x01c0deb3) srl     t4, ra, t3
core   0: 0 0x80004668 (0x01c0deb3) x29 0x00000000
core   0: 0x8000466c (0x01a22097) auipc   ra, 0x1a22
core   0: 0 0x8000466c (0x01a22097) x1  0x81a2666c
core   0: 0x80004670 (0x01ffa833) slt     a6, t6, t6
core   0: 0 0x80004670 (0x01ffa833) x16 0x00000000
core   0: 0x80004674 (0x00008ce1) c.and   s1, s0
core   0: 0 0x80004674 (0x8ce1) x9  0x00000000
core   0: 0x80004676 (0x000095ea) c.add   a1, s10
core   0: 0 0x80004676 (0x95ea) x11 0xb2c49270
core   0: 0x80004678 (0x0204f933) remu    s2, s1, zero
core   0: 0 0x80004678 (0x0204f933) x18 0x00000000
core   0: 0x8000467c (0x2d68e593) ori     a1, a7, 726
core   0: 0 0x8000467c (0x2d68e593) x11 0x000002d6
core   0: 0x80004680 (0x73088093) addi    ra, a7, 1840
core   0: 0 0x80004680 (0x73088093) x1  0x00000730
core   0: 0x80004684 (0x000005ce) c.slli  a1, 19
core   0: 0 0x80004684 (0x05ce) x11 0x16b00000
core   0: 0x80004686 (0x0000cb11) c.beqz  a4, pc + 20
core   0: 0 0x80004686 (0xcb11)
core   0: 0x80004688 (0x00008812) c.mv    a6, tp
core   0: 0 0x80004688 (0x8812) x16 0x00000000
core   0: 0x8000468a (0x015d61b3) or      gp, s10, s5
core   0: 0 0x8000468a (0x015d61b3) x3  0x26c49000
core   0: 0x8000468e (0x00000001) c.nop
core   0: 0 0x8000468e (0x0001)
core   0: 0x80004690 (0x000099be) c.add   s3, a5
core   0: 0 0x80004690 (0x99be) x19 0x00000000
core   0: 0x80004692 (0x0000100f) fence.i
core   0: 0 0x80004692 (0x0000100f)
core   0: 0x80004696 (0x00db5f33) srl     t5, s6, a3
core   0: 0 0x80004696 (0x00db5f33) x30 0x00000000
core   0: 0x8000469a (0x00008dc9) c.or    a1, a0
core   0: 0 0x8000469a (0x8dc9) x11 0x16b00000
core   0: 0x8000469c (0x40ecdd33) sra     s10, s9, a4
core   0: 0 0x8000469c (0x40ecdd33) x26 0xffffffff
core   0: 0x800046a0 (0x41315f13) srai    t5, sp, 19
core   0: 0 0x800046a0 (0x41315f13) x30 0xfffff180
core   0: 0x800046a4 (0x03a1ec33) rem     s8, gp, s10
core   0: 0 0x800046a4 (0x03a1ec33) x24 0x00000000
core   0: 0x800046a8 (0x00008f55) c.or    a4, a3
core   0: 0 0x800046a8 (0x8f55) x14 0x80000001
core   0: 0x800046aa (0x00004249) c.li    tp, 18
core   0: 0 0x800046aa (0x4249) x4  0x00000012
core   0: 0x800046ac (0x000082cd) c.srli  a3, 19
core   0: 0 0x800046ac (0x82cd) x13 0x00000000
core   0: 0x800046ae (0x037f4f33) div     t5, t5, s7
core   0: 0 0x800046ae (0x037f4f33) x30 0x00000000
core   0: 0x800046b2 (0x00dd5663) bge     s10, a3, pc + 12
core   0: 0 0x800046b2 (0x00dd5663)
core   0: 0x800046b6 (0x03cbf6b3) remu    a3, s7, t3
core   0: 0 0x800046b6 (0x03cbf6b3) x13 0x80000001
core   0: 0x800046ba (0x0ff0000f) fence   iorw,iorw
core   0: 0 0x800046ba (0x0ff0000f)
core   0: 0x800046be (0x02ba44b3) div     s1, s4, a1
core   0: 0 0x800046be (0x02ba44b3) x9  0x00000000
core   0: 0x800046c2 (0x00000d51) c.addi  s10, 20
core   0: 0 0x800046c2 (0x0d51) x26 0x00000013
core   0: 0x800046c4 (0x3b988513) addi    a0, a7, 953
core   0: 0 0x800046c4 (0x3b988513) x10 0x000003b9
core   0: 0x800046c8 (0x004e8d33) add     s10, t4, tp
core   0: 0 0x800046c8 (0x004e8d33) x26 0x00000012
core   0: 0x800046cc (0xfa2bc813) xori    a6, s7, -94
core   0: 0 0x800046cc (0xfa2bc813) x16 0x7fffffa3
core   0: 0x800046d0 (0x407985b3) sub     a1, s3, t2
core   0: 0 0x800046d0 (0x407985b3) x11 0xfffffff2
core   0: 0x800046d4 (0x0000e285) c.bnez  a3, pc + 32
core   0: 0 0x800046d4 (0xe285)
core   0: 0x800046f4 (0x0000100f) fence.i
core   0: 0 0x800046f4 (0x0000100f)
core   0: 0x800046f8 (0x0000875d) c.srai  a4, 23
core   0: 0 0x800046f8 (0x875d) x14 0xffffff00
core   0: 0x800046fa (0x00008e9d) c.sub   a3, a5
core   0: 0 0x800046fa (0x8e9d) x13 0x80000001
core   0: 0x800046fc (0x00000001) c.nop
core   0: 0 0x800046fc (0x0001)
core   0: 0x800046fe (0x00000001) c.nop
core   0: 0 0x800046fe (0x0001)
core   0: 0x80004700 (0x0329adb3) mulhsu  s11, s3, s2
core   0: 0 0x80004700 (0x0329adb3) x27 0x00000000
core   0: 0x80004704 (0xc4953197) auipc   gp, 0xc4953
core   0: 0 0x80004704 (0xc4953197) x3  0x44957704
core   0: 0x80004708 (0x03744763) blt     s0, s7, pc + 46
core   0: 0 0x80004708 (0x03744763)
core   0: 0x80004736 (0x02394363) blt     s2, gp, pc + 38
core   0: 0 0x80004736 (0x02394363)
core   0: 0x8000475c (0xa44c7c93) andi    s9, s8, -1468
core   0: 0 0x8000475c (0xa44c7c93) x25 0x00000000
core   0: 0x80004760 (0x00008dba) c.mv    s11, a4
core   0: 0 0x80004760 (0x8dba) x27 0xffffff00
core   0: 0x80004762 (0x02c55fb3) divu    t6, a0, a2
core   0: 0 0x80004762 (0x02c55fb3) x31 0x00000000
core   0: 0x80004766 (0x69cb3737) lui     a4, 0x69cb3
core   0: 0 0x80004766 (0x69cb3737) x14 0x69cb3000
core   0: 0x8000476a (0x03660cb3) mul     s9, a2, s6
core   0: 0 0x8000476a (0x03660cb3) x25 0x00000000
core   0: 0x8000476e (0x0052e4b3) or      s1, t0, t0
core   0: 0 0x8000476e (0x0052e4b3) x9  0x00000000
core   0: 0x80004772 (0x406f5b13) srai    s6, t5, 6
core   0: 0 0x80004772 (0x406f5b13) x22 0x00000000
core   0: 0x80004776 (0x000cf263) bgeu    s9, zero, pc + 4
core   0: 0 0x80004776 (0x000cf263)
core   0: 0x8000477a (0x0000cc99) c.beqz  s1, pc + 30
core   0: 0 0x8000477a (0xcc99)
core   0: 0x80004798 (0x01ce5f33) srl     t5, t3, t3
core   0: 0 0x80004798 (0x01ce5f33) x30 0x080021e6
core   0: 0x8000479c (0x037579b3) remu    s3, a0, s7
core   0: 0 0x8000479c (0x037579b3) x19 0x000003b9
core   0: 0x800047a0 (0x00008d5d) c.or    a0, a5
core   0: 0 0x800047a0 (0x8d5d) x10 0x000003b9
core   0: 0x800047a2 (0x0000874d) c.srai  a4, 19
core   0: 0 0x800047a2 (0x874d) x14 0x00000d39
core   0: 0x800047a4 (0x73013c93) sltiu   s9, sp, 1840
core   0: 0 0x800047a4 (0x73013c93) x25 0x00000000
core   0: 0x800047a8 (0x00000894) c.addi4spn a3, sp, 80
core   0: 0 0x800047a8 (0x0894) x13 0x8c000100
core   0: 0x800047aa (0x000081fd) c.srli  a1, 31
core   0: 0 0x800047aa (0x81fd) x11 0x00000001
core   0: 0x800047ac (0x000011fd) c.addi  gp, -1
core   0: 0 0x800047ac (0x11fd) x3  0x44957703
core   0: 0x800047ae (0x0057fc33) and     s8, a5, t0
core   0: 0 0x800047ae (0x0057fc33) x24 0x00000000
core   0: 0x800047b2 (0x03c80163) beq     a6, t3, pc + 34
core   0: 0 0x800047b2 (0x03c80163)
core   0: 0x800047b6 (0x0000c599) c.beqz  a1, pc + 14
core   0: 0 0x800047b6 (0xc599)
core   0: 0x800047b8 (0x029217b3) mulh    a5, tp, s1
core   0: 0 0x800047b8 (0x029217b3) x15 0x00000000
core   0: 0x800047bc (0x00008289) c.srli  a3, 2
core   0: 0 0x800047bc (0x8289) x13 0x23000040
core   0: 0x800047be (0x00000001) c.nop
core   0: 0 0x800047be (0x0001)
core   0: 0x800047c0 (0x020dc5b3) div     a1, s11, zero
core   0: 0 0x800047c0 (0x020dc5b3) x11 0xffffffff
core   0: 0x800047c4 (0x0000138c) c.addi4spn a1, sp, 480
core   0: 0 0x800047c4 (0x138c) x11 0x8c000290
core   0: 0x800047c6 (0xc705ff17) auipc   t5, 0xc705f
core   0: 0 0x800047c6 (0xc705ff17) x30 0x470637c6
core   0: 0x800047ca (0x0000c709) c.beqz  a4, pc + 10
core   0: 0 0x800047ca (0xc709)
core   0: 0x800047cc (0x01312cb3) slt     s9, sp, s3
core   0: 0 0x800047cc (0x01312cb3) x25 0x00000001
core   0: 0x800047d0 (0x034c9ab3) mulh    s5, s9, s4
core   0: 0 0x800047d0 (0x034c9ab3) x21 0x00000000
core   0: 0x800047d4 (0x02a9fc33) remu    s8, s3, a0
core   0: 0 0x800047d4 (0x02a9fc33) x24 0x00000000
core   0: 0x800047d8 (0x000013fd) c.addi  t2, -1
core   0: 0 0x800047d8 (0x13fd) x7  0x0000000d
core   0: 0x800047da (0x00000084) c.addi4spn s1, sp, 64
core   0: 0 0x800047da (0x0084) x9  0x8c0000f0
core   0: 0x800047dc (0x01592db3) slt     s11, s2, s5
core   0: 0 0x800047dc (0x01592db3) x27 0x00000000
core   0: 0x800047e0 (0x000009d2) c.slli  s3, 20
core   0: 0 0x800047e0 (0x09d2) x19 0x3b900000
core   0: 0x800047e2 (0x407306b3) sub     a3, t1, t2
core   0: 0 0x800047e2 (0x407306b3) x13 0x00000005
core   0: 0x800047e6 (0x00008332) c.mv    t1, a2
core   0: 0 0x800047e6 (0x8332) x6  0x80025ce4
core   0: 0x800047e8 (0x00008fc1) c.or    a5, s0
core   0: 0 0x800047e8 (0x8fc1) x15 0x80000000
core   0: 0x800047ea (0x027fc1b3) div     gp, t6, t2
core   0: 0 0x800047ea (0x027fc1b3) x3  0x00000000
core   0: 0x800047ee (0xe60278b7) lui     a7, 0xe6027
core   0: 0 0x800047ee (0xe60278b7) x17 0xe6027000
core   0: 0x800047f2 (0x02e4df63) bge     s1, a4, pc + 62
core   0: 0 0x800047f2 (0x02e4df63)
core   0: 0x800047f6 (0x05b0c263) blt     ra, s11, pc + 68
core   0: 0 0x800047f6 (0x05b0c263)
core   0: 0x800047fa (0x024c4563) blt     s8, tp, pc + 42
core   0: 0 0x800047fa (0x024c4563)
core   0: 0x80004824 (0x027b3133) mulhu   sp, s6, t2
core   0: 0 0x80004824 (0x027b3133) x2  0x00000000
core   0: 0x80004828 (0x00ecda33) srl     s4, s9, a4
core   0: 0 0x80004828 (0x00ecda33) x20 0x00000000
core   0: 0x8000482c (0x4157d933) sra     s2, a5, s5
core   0: 0 0x8000482c (0x4157d933) x18 0x80000000
core   0: 0x80004830 (0x00000d4d) c.addi  s10, 19
core   0: 0 0x80004830 (0x0d4d) x26 0x00000025
core   0: 0x80004832 (0x435c8393) addi    t2, s9, 1077
core   0: 0 0x80004832 (0x435c8393) x7  0x00000436
core   0: 0x80004836 (0x03369063) bne     a3, s3, pc + 32
core   0: 0 0x80004836 (0x03369063)
core   0: 0x80004856 (0x02a011b3) mulh    gp, zero, a0
core   0: 0 0x80004856 (0x02a011b3) x3  0x00000000
core   0: 0x8000485a (0x01bb67b3) or      a5, s6, s11
core   0: 0 0x8000485a (0x01bb67b3) x15 0x00000000
core   0: 0x8000485e (0x00008d01) c.sub   a0, s0
core   0: 0 0x8000485e (0x8d01) x10 0x800003b9
core   0: 0x80004860 (0x00000001) c.nop
core   0: 0 0x80004860 (0x0001)
core   0: 0x80004862 (0x00008cc9) c.or    s1, a0
core   0: 0 0x80004862 (0x8cc9) x9  0x8c0003f9
core   0: 0x80004864 (0x402a52b3) sra     t0, s4, sp
core   0: 0 0x80004864 (0x402a52b3) x5  0x00000000
core   0: 0x80004868 (0x00008f35) c.xor   a4, a3
core   0: 0 0x80004868 (0x8f35) x14 0x00000d3c
core   0: 0x8000486a (0x00008df9) c.and   a1, a4
core   0: 0 0x8000486a (0x8df9) x11 0x00000010
core   0: 0x8000486c (0x00009a2e) c.add   s4, a1
core   0: 0 0x8000486c (0x9a2e) x20 0x00000010
core   0: 0x8000486e (0x000098fd) c.andi  s1, -1
core   0: 0 0x8000486e (0x98fd) x9  0x8c0003f9
core   0: 0x80004870 (0x0392d2b3) divu    t0, t0, s9
core   0: 0 0x80004870 (0x0392d2b3) x5  0x00000000
core   0: 0x80004874 (0x00dfa6b3) slt     a3, t6, a3
core   0: 0 0x80004874 (0x00dfa6b3) x13 0x00000001
core   0: 0x80004878 (0x034ad663) bge     s5, s4, pc + 44
core   0: 0 0x80004878 (0x034ad663)
core   0: 0x8000487c (0x000007fa) c.slli  a5, 30
core   0: 0 0x8000487c (0x07fa) x15 0x00000000
core   0: 0x8000487e (0x412adb93) srai    s7, s5, 18
core   0: 0 0x8000487e (0x412adb93) x23 0x00000000
core   0: 0x80004882 (0x0000100f) fence.i
core   0: 0 0x80004882 (0x0000100f)
core   0: 0x80004886 (0x00215833) srl     a6, sp, sp
core   0: 0 0x80004886 (0x00215833) x16 0x00000000
core   0: 0x8000488a (0x41efd313) srai    t1, t6, 30
core   0: 0 0x8000488a (0x41efd313) x6  0x00000000
core   0: 0x8000488e (0x01715b93) srli    s7, sp, 23
core   0: 0 0x8000488e (0x01715b93) x23 0x00000000
core   0: 0x80004892 (0x15116293) ori     t0, sp, 337
core   0: 0 0x80004892 (0x15116293) x5  0x00000151
core   0: 0x80004896 (0x013be733) or      a4, s7, s3
core   0: 0 0x80004896 (0x013be733) x14 0x3b900000
core   0: 0x8000489a (0x00006ced) c.lui   s9, 0x1b
core   0: 0 0x8000489a (0x6ced) x25 0x0001b000
core   0: 0x8000489c (0x69a7e993) ori     s3, a5, 1690
core   0: 0 0x8000489c (0x69a7e993) x19 0x0000069a
core   0: 0x800048a0 (0x2da86a13) ori     s4, a6, 730
core   0: 0 0x800048a0 (0x2da86a13) x20 0x000002da
core   0: 0x800048a4 (0x2e43f793) andi    a5, t2, 740
core   0: 0 0x800048a4 (0x2e43f793) x15 0x00000024
core   0: 0x800048a8 (0x016298b3) sll     a7, t0, s6
core   0: 0 0x800048a8 (0x016298b3) x17 0x00000151
core   0: 0x800048ac (0x0000717d) c.addi16sp sp, -16
core   0: 0 0x800048ac (0x717d) x2  0xfffffff0
core   0: 0x800048ae (0xa7158113) addi    sp, a1, -1423
core   0: 0 0x800048ae (0xa7158113) x2  0xfffffa81
core   0: 0x800048b2 (0x003b3033) sltu    zero, s6, gp
core   0: 0 0x800048b2 (0x003b3033)
core   0: 0x800048b6 (0x000012fd) c.addi  t0, -1
core   0: 0 0x800048b6 (0x12fd) x5  0x00000150
core   0: 0x800048b8 (0x0000c49d) c.beqz  s1, pc + 46
core   0: 0 0x800048b8 (0xc49d)
core   0: 0x800048ba (0x417c86b3) sub     a3, s9, s7
core   0: 0 0x800048ba (0x417c86b3) x13 0x0001b000
core   0: 0x800048be (0x00008bb5) c.andi  a5, 13
core   0: 0 0x800048be (0x8bb5) x15 0x00000004
core   0: 0x800048c0 (0xa0fc8393) addi    t2, s9, -1521
core   0: 0 0x800048c0 (0xa0fc8393) x7  0x0001aa0f
core   0: 0x800048c4 (0x00008cc1) c.or    s1, s0
core   0: 0 0x800048c4 (0x8cc1) x9  0x8c0003f9
core   0: 0x800048c6 (0x00008f01) c.sub   a4, s0
core   0: 0 0x800048c6 (0x8f01) x14 0xbb900000
core   0: 0x800048c8 (0x0141e463) bltu    gp, s4, pc + 8
core   0: 0 0x800048c8 (0x0141e463)
core   0: 0x800048d0 (0x00004ca5) c.li    s9, 9
core   0: 0 0x800048d0 (0x4ca5) x25 0x00000009
core   0: 0x800048d2 (0x00009f22) c.add   t5, s0
core   0: 0 0x800048d2 (0x9f22) x30 0xc70637c6
core   0: 0x800048d4 (0x0165eb63) bltu    a1, s6, pc + 22
core   0: 0 0x800048d4 (0x0165eb63)
core   0: 0x800048d8 (0x00005dfd) c.li    s11, -1
core   0: 0 0x800048d8 (0x5dfd) x27 0xffffffff
core   0: 0x800048da (0x00008719) c.srai  a4, 6
core   0: 0 0x800048da (0x8719) x14 0xfeee4000
core   0: 0x800048dc (0x40c5d133) sra     sp, a1, a2
core   0: 0 0x800048dc (0x40c5d133) x2  0x00000001
core   0: 0x800048e0 (0x001471b3) and     gp, s0, ra
core   0: 0 0x800048e0 (0x001471b3) x3  0x00000000
core   0: 0x800048e4 (0x00000001) c.nop
core   0: 0 0x800048e4 (0x0001)
core   0: 0x800048e6 (0x008f5b93) srli    s7, t5, 8
core   0: 0 0x800048e6 (0x008f5b93) x23 0x00c70637
core   0: 0x800048ea (0xbfbd4193) xori    gp, s10, -1029
core   0: 0 0x800048ea (0xbfbd4193) x3  0xfffffbde
core   0: 0x800048ee (0x00008125) c.srli  a0, 9
core   0: 0 0x800048ee (0x8125) x10 0x00400001
core   0: 0x800048f0 (0x00006139) c.addi16sp sp, 448
core   0: 0 0x800048f0 (0x6139) x2  0x000001c1
core   0: 0x800048f2 (0x02794c33) div     s8, s2, t2
core   0: 0 0x800048f2 (0x02794c33) x24 0xffffb318
core   0: 0x800048f6 (0x01f499b3) sll     s3, s1, t6
core   0: 0 0x800048f6 (0x01f499b3) x19 0x8c0003f9
core   0: 0x800048fa (0x02d06533) rem     a0, zero, a3
core   0: 0 0x800048fa (0x02d06533) x10 0x00000000
core   0: 0x800048fe (0x0000717d) c.addi16sp sp, -16
core   0: 0 0x800048fe (0x717d) x2  0x000001b1
core   0: 0x80004900 (0x00006269) c.lui   tp, 0x1a
core   0: 0 0x80004900 (0x6269) x4  0x0001a000
core   0: 0x80004902 (0x03e29d33) mulh    s10, t0, t5
core   0: 0 0x80004902 (0x03e29d33) x26 0xffffffb5
core   0: 0x80004906 (0x03d5d363) bge     a1, t4, pc + 38
core   0: 0 0x80004906 (0x03d5d363)
core   0: 0x8000492c (0x016d7f33) and     t5, s10, s6
core   0: 0 0x8000492c (0x016d7f33) x30 0x00000000
core   0: 0x80004930 (0x03c16963) bltu    sp, t3, pc + 50
core   0: 0 0x80004930 (0x03c16963)
core   0: 0x80004962 (0x0000e39d) c.bnez  a5, pc + 38
core   0: 0 0x80004962 (0xe39d)
core   0: 0x80004988 (0x604ebd93) sltiu   s11, t4, 1540
core   0: 0 0x80004988 (0x604ebd93) x27 0x00000001
core   0: 0x8000498c (0x02baf4b3) remu    s1, s5, a1
core   0: 0 0x8000498c (0x02baf4b3) x9  0x00000000
core   0: 0x80004990 (0x03ad1833) mulh    a6, s10, s10
core   0: 0 0x80004990 (0x03ad1833) x16 0x00000000
core   0: 0x80004994 (0x03d8b933) mulhu   s2, a7, t4
core   0: 0 0x80004994 (0x03d8b933) x18 0x00000000
core   0: 0x80004998 (0x645ee213) ori     tp, t4, 1605
core   0: 0 0x80004998 (0x645ee213) x4  0x00000645
core   0: 0x8000499c (0x00251bb3) sll     s7, a0, sp
core   0: 0 0x8000499c (0x00251bb3) x23 0x00000000
core   0: 0x800049a0 (0x00f25963) bge     tp, a5, pc + 18
core   0: 0 0x800049a0 (0x00f25963)
core   0: 0x800049b2 (0x00008dad) c.xor   a1, a1
core   0: 0 0x800049b2 (0x8dad) x11 0x00000000
core   0: 0x800049b4 (0x000d26b3) slt     a3, s10, zero
core   0: 0 0x800049b4 (0x000d26b3) x13 0x00000001
core   0: 0x800049b8 (0x0396e363) bltu    a3, s9, pc + 38
core   0: 0 0x800049b8 (0x0396e363)
core   0: 0x800049de (0x00008889) c.andi  s1, 2
core   0: 0 0x800049de (0x8889) x9  0x00000000
core   0: 0x800049e0 (0x014a9793) slli    a5, s5, 20
core   0: 0 0x800049e0 (0x014a9793) x15 0x00000000
core   0: 0x800049e4 (0x01e6a733) slt     a4, a3, t5
core   0: 0 0x800049e4 (0x01e6a733) x14 0x00000000
core   0: 0x800049e8 (0x03995033) divu    zero, s2, s9
core   0: 0 0x800049e8 (0x03995033)
core   0: 0x800049ec (0x00008ec5) c.or    a3, s1
core   0: 0 0x800049ec (0x8ec5) x13 0x00000001
core   0: 0x800049ee (0x001f6463) bltu    t5, ra, pc + 8
core   0: 0 0x800049ee (0x001f6463)
core   0: 0x800049f6 (0x009fa4b3) slt     s1, t6, s1
core   0: 0 0x800049f6 (0x009fa4b3) x9  0x00000000
core   0: 0x800049fa (0x00008b06) c.mv    s6, ra
core   0: 0 0x800049fa (0x8b06) x22 0x00000730
core   0: 0x800049fc (0x02a9f233) remu    tp, s3, a0
core   0: 0 0x800049fc (0x02a9f233) x4  0x8c0003f9
core   0: 0x80004a00 (0x42dd4813) xori    a6, s10, 1069
core   0: 0 0x80004a00 (0x42dd4813) x16 0xfffffb98
core   0: 0x80004a04 (0x00008c52) c.mv    s8, s4
core   0: 0 0x80004a04 (0x8c52) x24 0x000002da
core   0: 0x80004a06 (0x02128a33) mul     s4, t0, ra
core   0: 0 0x80004a06 (0x02128a33) x20 0x00096f00
core   0: 0x80004a0a (0x0000e09d) c.bnez  s1, pc + 38
core   0: 0 0x80004a0a (0xe09d)
core   0: 0x80004a0c (0x017c7c63) bgeu    s8, s7, pc + 24
core   0: 0 0x80004a0c (0x017c7c63)
core   0: 0x80004a24 (0x00000001) c.nop
core   0: 0 0x80004a24 (0x0001)
core   0: 0x80004a26 (0xe3dc8013) addi    zero, s9, -451
core   0: 0 0x80004a26 (0xe3dc8013)
core   0: 0x80004a2a (0x00004a3d) c.li    s4, 15
core   0: 0 0x80004a2a (0x4a3d) x20 0x0000000f
core   0: 0x80004a2c (0x0000e981) c.bnez  a1, pc + 16
core   0: 0 0x80004a2c (0xe981)
core   0: 0x80004a2e (0x000082d2) c.mv    t0, s4
core   0: 0 0x80004a2e (0x82d2) x5  0x0000000f
core   0: 0x80004a30 (0x00008965) c.andi  a0, 25
core   0: 0 0x80004a30 (0x8965) x10 0x00000000
core   0: 0x80004a32 (0x000091c2) c.add   gp, a6
core   0: 0 0x80004a32 (0x91c2) x3  0xfffff776
core   0: 0x80004a34 (0x0000ef89) c.bnez  a5, pc + 26
core   0: 0 0x80004a34 (0xef89)
core   0: 0x80004a36 (0x00000001) c.nop
core   0: 0 0x80004a36 (0x0001)
core   0: 0x80004a38 (0x0ff0000f) fence   iorw,iorw
core   0: 0 0x80004a38 (0x0ff0000f)
core   0: 0x80004a3c (0x00008ca9) c.xor   s1, a0
core   0: 0 0x80004a3c (0x8ca9) x9  0x00000000
core   0: 0x80004a3e (0x000087fa) c.mv    a5, t5
core   0: 0 0x80004a3e (0x87fa) x15 0x00000000
core   0: 0x80004a40 (0x00006575) c.lui   a0, 0x1d
core   0: 0 0x80004a40 (0x6575) x10 0x0001d000
core   0: 0x80004a42 (0x000f9a63) bnez    t6, pc + 20
core   0: 0 0x80004a42 (0x000f9a63)
core   0: 0x80004a46 (0x01f7b2b3) sltu    t0, a5, t6
core   0: 0 0x80004a46 (0x01f7b2b3) x5  0x00000000
core   0: 0x80004a4a (0x0ff0000f) fence   iorw,iorw
core   0: 0 0x80004a4a (0x0ff0000f)
core   0: 0x80004a4e (0x00d18663) beq     gp, a3, pc + 12
core   0: 0 0x80004a4e (0x00d18663)
core   0: 0x80004a52 (0xbeb8b893) sltiu   a7, a7, -1045
core   0: 0 0x80004a52 (0xbeb8b893) x17 0x00000001
core   0: 0x80004a56 (0x63fd8813) addi    a6, s11, 1599
core   0: 0 0x80004a56 (0x63fd8813) x16 0x00000640
core   0: 0x80004a5a (0x000093da) c.add   t2, s6
core   0: 0 0x80004a5a (0x93da) x7  0x0001b13f
core   0: 0x80004a5c (0x0000100f) fence.i
core   0: 0 0x80004a5c (0x0000100f)
core   0: 0x80004a60 (0x00008ee5) c.and   a3, s1
core   0: 0 0x80004a60 (0x8ee5) x13 0x00000000
core   0: 0x80004a62 (0x0202d8b3) divu    a7, t0, zero
core   0: 0 0x80004a62 (0x0202d8b3) x17 0xffffffff
core   0: 0x80004a66 (0xf766b293) sltiu   t0, a3, -138
core   0: 0 0x80004a66 (0xf766b293) x5  0x00000001
core   0: 0x80004a6a (0x00000001) c.nop
core   0: 0 0x80004a6a (0x0001)
core   0: 0x80004a6c (0x020ef5b3) remu    a1, t4, zero
core   0: 0 0x80004a6c (0x020ef5b3) x11 0x00000000
core   0: 0x80004a70 (0x41e55c33) sra     s8, a0, t5
core   0: 0 0x80004a70 (0x41e55c33) x24 0x0001d000
core   0: 0x80004a74 (0x00449c63) bne     s1, tp, pc + 24
core   0: 0 0x80004a74 (0x00449c63)
core   0: 0x80004a8c (0x01d2eab3) or      s5, t0, t4
core   0: 0 0x80004a8c (0x01d2eab3) x21 0x00000001
core   0: 0x80004a90 (0x00016833) or      a6, sp, zero
core   0: 0 0x80004a90 (0x00016833) x16 0x000001b1
core   0: 0x80004a94 (0x6efd0797) auipc   a5, 0x6efd0
core   0: 0 0x80004a94 (0x6efd0797) x15 0xeefd4a94
core   0: 0x80004a98 (0x007de833) or      a6, s11, t2
core   0: 0 0x80004a98 (0x007de833) x16 0x0001b13f
core   0: 0x80004a9c (0xfea0f513) andi    a0, ra, -22
core   0: 0 0x80004a9c (0xfea0f513) x10 0x00000720
core   0: 0x80004aa0 (0x02fd0063) beq     s10, a5, pc + 32
core   0: 0 0x80004aa0 (0x02fd0063)
core   0: 0x80004aa4 (0x00008f55) c.or    a4, a3
core   0: 0 0x80004aa4 (0x8f55) x14 0x00000000
core   0: 0x80004aa6 (0x000058fd) c.li    a7, -1
core   0: 0 0x80004aa6 (0x58fd) x17 0xffffffff
core   0: 0x80004aa8 (0x04a4e463) bltu    s1, a0, pc + 72
core   0: 0 0x80004aa8 (0x04a4e463)
core   0: 0x80004af0 (0x018217b3) sll     a5, tp, s8
core   0: 0 0x80004af0 (0x018217b3) x15 0x8c0003f9
core   0: 0x80004af4 (0x0278f033) remu    zero, a7, t2
core   0: 0 0x80004af4 (0x0278f033)
core   0: 0x80004af8 (0x417403b3) sub     t2, s0, s7
core   0: 0 0x80004af8 (0x417403b3) x7  0x80000000
core   0: 0x80004afc (0x41245ab3) sra     s5, s0, s2
core   0: 0 0x80004afc (0x41245ab3) x21 0x80000000
core   0: 0x80004b00 (0x014d9213) slli    tp, s11, 20
core   0: 0 0x80004b00 (0x014d9213) x4  0x00100000
core   0: 0x80004b04 (0x01068e63) beq     a3, a6, pc + 28
core   0: 0 0x80004b04 (0x01068e63)
core   0: 0x80004b08 (0x02c481b3) mul     gp, s1, a2
core   0: 0 0x80004b08 (0x02c481b3) x3  0x00000000
core   0: 0x80004b0c (0x00000001) c.nop
core   0: 0 0x80004b0c (0x0001)
core   0: 0x80004b0e (0x01215093) srli    ra, sp, 18
core   0: 0 0x80004b0e (0x01215093) x1  0x00000000
core   0: 0x80004b12 (0x03f6abb3) mulhsu  s7, a3, t6
core   0: 0 0x80004b12 (0x03f6abb3) x23 0x00000000
core   0: 0x80004b16 (0x00000001) c.nop
core   0: 0 0x80004b16 (0x0001)
core   0: 0x80004b18 (0x00000001) c.nop
core   0: 0 0x80004b18 (0x0001)
core   0: 0x80004b1a (0x0206ff33) remu    t5, a3, zero
core   0: 0 0x80004b1a (0x0206ff33) x30 0x00000000
core   0: 0x80004b1e (0x00006959) c.lui   s2, 0x16
core   0: 0 0x80004b1e (0x6959) x18 0x00016000
core   0: 0x80004b20 (0x02b8a7b3) mulhsu  a5, a7, a1
core   0: 0 0x80004b20 (0x02b8a7b3) x15 0x00000000
core   0: 0x80004b24 (0x00008cc1) c.or    s1, s0
core   0: 0 0x80004b24 (0x8cc1) x9  0x80000000
core   0: 0x80004b26 (0x0000100f) fence.i
core   0: 0 0x80004b26 (0x0000100f)
core   0: 0x80004b2a (0x38f40593) addi    a1, s0, 911
core   0: 0 0x80004b2a (0x38f40593) x11 0x8000038f
core   0: 0x80004b2e (0xccd74293) xori    t0, a4, -819
core   0: 0 0x80004b2e (0xccd74293) x5  0xfffffccd
core   0: 0x80004b32 (0x0000597d) c.li    s2, -1
core   0: 0 0x80004b32 (0x597d) x18 0xffffffff
core   0: 0x80004b34 (0x015bad33) slt     s10, s7, s5
core   0: 0 0x80004b34 (0x015bad33) x26 0x00000000
core   0: 0x80004b38 (0x01311263) bne     sp, s3, pc + 4
core   0: 0 0x80004b38 (0x01311263)
core   0: 0x80004b3c (0x00c21c13) slli    s8, tp, 12
core   0: 0 0x80004b3c (0x00c21c13) x24 0x00000000
core   0: 0x80004b40 (0x053fd263) bge     t6, s3, pc + 68
core   0: 0 0x80004b40 (0x053fd263)
core   0: 0x80004b84 (0x1cc2e113) ori     sp, t0, 460
core   0: 0 0x80004b84 (0x1cc2e113) x2  0xfffffdcd
core   0: 0x80004b88 (0x0000e985) c.bnez  a1, pc + 48
core   0: 0 0x80004b88 (0xe985)
core   0: 0x80004bb8 (0x02dd1f63) bne     s10, a3, pc + 62
core   0: 0 0x80004bb8 (0x02dd1f63)
core   0: 0x80004bbc (0x9546fc13) andi    s8, a3, -1708
core   0: 0 0x80004bbc (0x9546fc13) x24 0x00000000
core   0: 0x80004bc0 (0x373b3093) sltiu   ra, s6, 883
core   0: 0 0x80004bc0 (0x373b3093) x1  0x00000000
core   0: 0x80004bc4 (0x02933f33) mulhu   t5, t1, s1
core   0: 0 0x80004bc4 (0x02933f33) x30 0x00000000
core   0: 0x80004bc8 (0x03fccbb3) div     s7, s9, t6
core   0: 0 0x80004bc8 (0x03fccbb3) x23 0xffffffff
core   0: 0x80004bcc (0x008f7263) bgeu    t5, s0, pc + 4
core   0: 0 0x80004bcc (0x008f7263)
core   0: 0x80004bd0 (0x01b235b3) sltu    a1, tp, s11
core   0: 0 0x80004bd0 (0x01b235b3) x11 0x00000000
core   0: 0x80004bd4 (0xd7cc3e93) sltiu   t4, s8, -644
core   0: 0 0x80004bd4 (0xd7cc3e93) x29 0x00000001
core   0: 0x80004bd8 (0x03a4e0b3) rem     ra, s1, s10
core   0: 0 0x80004bd8 (0x03a4e0b3) x1  0x80000000
core   0: 0x80004bdc (0x02c5b233) mulhu   tp, a1, a2
core   0: 0 0x80004bdc (0x02c5b233) x4  0x00000000
core   0: 0x80004be0 (0x02e48a33) mul     s4, s1, a4
core   0: 0 0x80004be0 (0x02e48a33) x20 0x00000000
core   0: 0x80004be4 (0x03430163) beq     t1, s4, pc + 34
core   0: 0 0x80004be4 (0x03430163)
core   0: 0x80004c06 (0x03119b33) mulh    s6, gp, a7
core   0: 0 0x80004c06 (0x03119b33) x22 0x00000000
core   0: 0x80004c0a (0x4162d993) srai    s3, t0, 22
core   0: 0 0x80004c0a (0x4162d993) x19 0xffffffff
core   0: 0x80004c0e (0x0000ee81) c.bnez  a3, pc + 24
core   0: 0 0x80004c0e (0xee81)
core   0: 0x80004c10 (0x033a75b3) remu    a1, s4, s3
core   0: 0 0x80004c10 (0x033a75b3) x11 0x00000000
core   0: 0x80004c14 (0x000007f6) c.slli  a5, 29
core   0: 0 0x80004c14 (0x07f6) x15 0x00000000
core   0: 0x80004c16 (0x000ed713) srli    a4, t4, 0
core   0: 0 0x80004c16 (0x000ed713) x14 0x00000001
core   0: 0x80004c1a (0x035d5b33) divu    s6, s10, s5
core   0: 0 0x80004c1a (0x035d5b33) x22 0x00000000
core   0: 0x80004c1e (0xa3de2913) slti    s2, t3, -1475
core   0: 0 0x80004c1e (0xa3de2913) x18 0x00000001
core   0: 0x80004c22 (0x1e996913) ori     s2, s2, 489
core   0: 0 0x80004c22 (0x1e996913) x18 0x000001e9
core   0: 0x80004c26 (0x0000eb11) c.bnez  a4, pc + 20
core   0: 0 0x80004c26 (0xeb11)
core   0: 0x80004c3a (0x02e992b3) mulh    t0, s3, a4
core   0: 0 0x80004c3a (0x02e992b3) x5  0xffffffff
core   0: 0x80004c3e (0x3ece3713) sltiu   a4, t3, 1004
core   0: 0 0x80004c3e (0x3ece3713) x14 0x00000000
core   0: 0x80004c42 (0x00cc4c63) blt     s8, a2, pc + 24
core   0: 0 0x80004c42 (0x00cc4c63)
core   0: 0x80004c46 (0x20b02b13) slti    s6, zero, 523
core   0: 0 0x80004c46 (0x20b02b13) x22 0x00000001
core   0: 0x80004c4a (0x0bccc813) xori    a6, s9, 188
core   0: 0 0x80004c4a (0x0bccc813) x16 0x000000b5
core   0: 0x80004c4e (0x00006ff5) c.lui   t6, 0x1d
core   0: 0 0x80004c4e (0x6ff5) x31 0x0001d000
core   0: 0x80004c50 (0x41555f33) sra     t5, a0, s5
core   0: 0 0x80004c50 (0x41555f33) x30 0x00000720
core   0: 0x80004c54 (0x00000cb6) c.slli  s9, 13
core   0: 0 0x80004c54 (0x0cb6) x25 0x00012000
core   0: 0x80004c56 (0x0336e2b3) rem     t0, a3, s3
core   0: 0 0x80004c56 (0x0336e2b3) x5  0x00000000
core   0: 0x80004c5a (0x03c291b3) mulh    gp, t0, t3
core   0: 0 0x80004c5a (0x03c291b3) x3  0x00000000
core   0: 0x80004c5e (0x418cdd13) srai    s10, s9, 24
core   0: 0 0x80004c5e (0x418cdd13) x26 0x00000000
core   0: 0x80004c62 (0x004b7833) and     a6, s6, tp
core   0: 0 0x80004c62 (0x004b7833) x16 0x00000000
core   0: 0x80004c66 (0x0000e0b1) c.bnez  s1, pc + 68
core   0: 0 0x80004c66 (0xe0b1)
core   0: 0x80004caa (0x0000ef85) c.bnez  a5, pc + 56
core   0: 0 0x80004caa (0xef85)
core   0: 0x80004cac (0xfee67f13) andi    t5, a2, -18
core   0: 0 0x80004cac (0xfee67f13) x30 0x80025ce4
core   0: 0x80004cb0 (0x00006239) c.lui   tp, 0xe
core   0: 0 0x80004cb0 (0x6239) x4  0x0000e000
core   0: 0x80004cb2 (0x03534233) div     tp, t1, s5
core   0: 0 0x80004cb2 (0x03534233) x4  0x00000000
core   0: 0x80004cb6 (0x00009b7d) c.andi  a4, -1
core   0: 0 0x80004cb6 (0x9b7d) x14 0x00000000
core   0: 0x80004cb8 (0x0000891a) c.mv    s2, t1
core   0: 0 0x80004cb8 (0x891a) x18 0x00000000
core   0: 0x80004cba (0x0000100f) fence.i
core   0: 0 0x80004cba (0x0000100f)
core   0: 0x80004cbe (0x000099fd) c.andi  a1, -1
core   0: 0 0x80004cbe (0x99fd) x11 0x00000000
core   0: 0x80004cc0 (0x025ebc33) mulhu   s8, t4, t0
core   0: 0 0x80004cc0 (0x025ebc33) x24 0x00000000
core   0: 0x80004cc4 (0x9c41fb13) andi    s6, gp, -1596
core   0: 0 0x80004cc4 (0x9c41fb13) x22 0x00000000
core   0: 0x80004cc8 (0xe8322f13) slti    t5, tp, -381
core   0: 0 0x80004cc8 (0xe8322f13) x30 0x00000000
core   0: 0x80004ccc (0x0000051e) c.slli  a0, 7
core   0: 0 0x80004ccc (0x051e) x10 0x00039000
core   0: 0x80004cce (0x00561f13) slli    t5, a2, 5
core   0: 0 0x80004cce (0x00561f13) x30 0x004b9c80
core   0: 0x80004cd2 (0x10363917) auipc   s2, 0x10363
core   0: 0 0x80004cd2 (0x10363917) x18 0x90367cd2
core   0: 0x80004cd6 (0x0130f463) bgeu    ra, s3, pc + 8
core   0: 0 0x80004cd6 (0x0130f463)
core   0: 0x80004cda (0xe5562713) slti    a4, a2, -427
core   0: 0 0x80004cda (0xe5562713) x14 0x00000001
core   0: 0x80004cde (0xdfb9fd93) andi    s11, s3, -517
core   0: 0 0x80004cde (0xdfb9fd93) x27 0xfffffdfb
core   0: 0x80004ce2 (0x00f01693) slli    a3, zero, 15
core   0: 0 0x80004ce2 (0x00f01693) x13 0x00000000
core   0: 0x80004ce6 (0x00008d7d) c.and   a0, a5
core   0: 0 0x80004ce6 (0x8d7d) x10 0x00000000
core   0: 0x80004ce8 (0x004a78b3) and     a7, s4, tp
core   0: 0 0x80004ce8 (0x004a78b3) x17 0x00000000
core   0: 0x80004cec (0x01af69b3) or      s3, t5, s10
core   0: 0 0x80004cec (0x01af69b3) x19 0x004b9c80
core   0: 0x80004cf0 (0x00606863) bltu    zero, t1, pc + 16
core   0: 0 0x80004cf0 (0x00606863)
core   0: 0x80004cf4 (0x00008ea1) c.xor   a3, s0
core   0: 0 0x80004cf4 (0x8ea1) x13 0x80000000
core   0: 0x80004cf6 (0x2ebc4037) lui     zero, 0x2ebc4
core   0: 0 0x80004cf6 (0x2ebc4037)
core   0: 0x80004cfa (0x0000717d) c.addi16sp sp, -16
core   0: 0 0x80004cfa (0x717d) x2  0xfffffdbd
core   0: 0x80004cfc (0x71e62a97) auipc   s5, 0x71e62
core   0: 0 0x80004cfc (0x71e62a97) x21 0xf1e66cfc
core   0: 0x80004d00 (0x001dbcb3) sltu    s9, s11, ra
core   0: 0 0x80004d00 (0x001dbcb3) x25 0x00000000
core   0: 0x80004d04 (0x03eec563) blt     t4, t5, pc + 42
core   0: 0 0x80004d04 (0x03eec563)
core   0: 0x80004d2e (0x0000e70d) c.bnez  a4, pc + 42
core   0: 0 0x80004d2e (0xe70d)
core   0: 0x80004d58 (0x00008cc5) c.or    s1, s1
core   0: 0 0x80004d58 (0x8cc5) x9  0x80000000
core   0: 0x80004d5a (0x0000100f) fence.i
core   0: 0 0x80004d5a (0x0000100f)
core   0: 0x80004d5e (0x00008c89) c.sub   s1, a0
core   0: 0 0x80004d5e (0x8c89) x9  0x80000000
core   0: 0x80004d60 (0x01f9d013) srli    zero, s3, 31
core   0: 0 0x80004d60 (0x01f9d013)
core   0: 0x80004d64 (0xc590a897) auipc   a7, 0xc590a
core   0: 0 0x80004d64 (0xc590a897) x17 0x4590ed64
core   0: 0x80004d68 (0x00a21d13) slli    s10, tp, 10
core   0: 0 0x80004d68 (0x00a21d13) x26 0x00000000
core   0: 0x80004d6c (0x00008cfd) c.and   s1, a5
core   0: 0 0x80004d6c (0x8cfd) x9  0x00000000
core   0: 0x80004d6e (0x036a10b3) mulh    ra, s4, s6
core   0: 0 0x80004d6e (0x036a10b3) x1  0x00000000
core   0: 0x80004d72 (0x000004b1) c.addi  s1, 12
core   0: 0 0x80004d72 (0x04b1) x9  0x0000000c
core   0: 0x80004d74 (0x01769b13) slli    s6, a3, 23
core   0: 0 0x80004d74 (0x01769b13) x22 0x00000000
core   0: 0x80004d78 (0x0000100f) fence.i
core   0: 0 0x80004d78 (0x0000100f)
core   0: 0x80004d7c (0x00000f94) c.addi4spn a3, sp, 976
core   0: 0 0x80004d7c (0x0f94) x13 0x0000018d
core   0: 0x80004d7e (0x000083b5) c.srli  a5, 13
core   0: 0 0x80004d7e (0x83b5) x15 0x00000000
core   0: 0x80004d80 (0x08058793) addi    a5, a1, 128
core   0: 0 0x80004d80 (0x08058793) x15 0x00000080
core   0: 0x80004d84 (0x000081aa) c.mv    gp, a0
core   0: 0 0x80004d84 (0x81aa) x3  0x00000000
core   0: 0x80004d86 (0x03576463) bltu    a4, s5, pc + 40
core   0: 0 0x80004d86 (0x03576463)
core   0: 0x80004dae (0x4065d113) srai    sp, a1, 6
core   0: 0 0x80004dae (0x4065d113) x2  0x00000000
core   0: 0x80004db2 (0x9eab7d37) lui     s10, 0x9eab7
core   0: 0 0x80004db2 (0x9eab7d37) x26 0x9eab7000
core   0: 0x80004db6 (0x41bb5bb3) sra     s7, s6, s11
core   0: 0 0x80004db6 (0x41bb5bb3) x23 0x00000000
core   0: 0x80004dba (0x011f1463) bne     t5, a7, pc + 8
core   0: 0 0x80004dba (0x011f1463)
core   0: 0x80004dc2 (0x03c90cb3) mul     s9, s2, t3
core   0: 0 0x80004dc2 (0x03c90cb3) x25 0xb18d5e08
core   0: 0x80004dc6 (0x022d4a33) div     s4, s10, sp
core   0: 0 0x80004dc6 (0x022d4a33) x20 0xffffffff
core   0: 0x80004dca (0x028da4b3) mulhsu  s1, s11, s0
core   0: 0 0x80004dca (0x028da4b3) x9  0xfffffefd
core   0: 0x80004dce (0x0153eeb3) or      t4, t2, s5
core   0: 0 0x80004dce (0x0153eeb3) x29 0xf1e66cfc
core   0: 0x80004dd2 (0x0115cf33) xor     t5, a1, a7
core   0: 0 0x80004dd2 (0x0115cf33) x30 0x4590ed64
core   0: 0x80004dd6 (0x021e7933) remu    s2, t3, ra
core   0: 0 0x80004dd6 (0x021e7933) x18 0x80021e64
core   0: 0x80004dda (0x40ddd2b3) sra     t0, s11, a3
core   0: 0 0x80004dda (0x40ddd2b3) x5  0xffffffff
core   0: 0x80004dde (0x000086dd) c.srai  a3, 23
core   0: 0 0x80004dde (0x86dd) x13 0x00000000
core   0: 0x80004de0 (0x6d287893) andi    a7, a6, 1746
core   0: 0 0x80004de0 (0x6d287893) x17 0x00000000
core   0: 0x80004de4 (0x032d3133) mulhu   sp, s10, s2
core   0: 0 0x80004de4 (0x032d3133) x2  0x4f57082c
core   0: 0x80004de8 (0x0172fab3) and     s5, t0, s7
core   0: 0 0x80004de8 (0x0172fab3) x21 0x00000000
core   0: 0x80004dec (0x02d219b3) mulh    s3, tp, a3
core   0: 0 0x80004dec (0x02d219b3) x19 0x00000000
core   0: 0x80004df0 (0x0000100f) fence.i
core   0: 0 0x80004df0 (0x0000100f)
core   0: 0x80004df4 (0x00008fc5) c.or    a5, s1
core   0: 0 0x80004df4 (0x8fc5) x15 0xfffffefd
core   0: 0x80004df6 (0x0260ed33) rem     s10, ra, t1
core   0: 0 0x80004df6 (0x0260ed33) x26 0x00000000
core   0: 0x80004dfa (0x00df6f63) bltu    t5, a3, pc + 30
core   0: 0 0x80004dfa (0x00df6f63)
core   0: 0x80004dfe (0x000084a9) c.srai  s1, 10
core   0: 0 0x80004dfe (0x84a9) x9  0xffffffff
core   0: 0x80004e00 (0x0000ce81) c.beqz  a3, pc + 24
core   0: 0 0x80004e00 (0xce81)
core   0: 0x80004e18 (0x00006165) c.addi16sp sp, 112
core   0: 0 0x80004e18 (0x6165) x2  0x4f57089c
core   0: 0x80004e1a (0x0259d5b3) divu    a1, s3, t0
core   0: 0 0x80004e1a (0x0259d5b3) x11 0x00000000
core   0: 0x80004e1e (0x00008d8d) c.sub   a1, a1
core   0: 0 0x80004e1e (0x8d8d) x11 0x00000000
core   0: 0x80004e20 (0x00001098) c.addi4spn a4, sp, 96
core   0: 0 0x80004e20 (0x1098) x14 0x4f5708fc
core   0: 0x80004e22 (0x0000cf11) c.beqz  a4, pc + 28
core   0: 0 0x80004e22 (0xcf11)
core   0: 0x80004e24 (0x0000e89d) c.bnez  s1, pc + 54
core   0: 0 0x80004e24 (0xe89d)
core   0: 0x80004e5a (0x00000316) c.slli  t1, 5
core   0: 0 0x80004e5a (0x0316) x6  0x00000000
core   0: 0x80004e5c (0x00009afd) c.andi  a3, -1
core   0: 0 0x80004e5c (0x9afd) x13 0x00000000
core   0: 0x80004e5e (0x40dfd933) sra     s2, t6, a3
core   0: 0 0x80004e5e (0x40dfd933) x18 0x0001d000
core   0: 0x80004e62 (0x0000036a) c.slli  t1, 26
core   0: 0 0x80004e62 (0x036a) x6  0x00000000
core   0: 0x80004e64 (0x01620f33) add     t5, tp, s6
core   0: 0 0x80004e64 (0x01620f33) x30 0x00000000
core   0: 0x80004e68 (0x000064b5) c.lui   s1, 0xd
core   0: 0 0x80004e68 (0x64b5) x9  0x0000d000
core   0: 0x80004e6a (0x0ff0000f) fence   iorw,iorw
core   0: 0 0x80004e6a (0x0ff0000f)
core   0: 0x80004e6e (0x0ff0000f) fence   iorw,iorw
core   0: 0 0x80004e6e (0x0ff0000f)
core   0: 0x80004e72 (0x02e523b3) mulhsu  t2, a0, a4
core   0: 0 0x80004e72 (0x02e523b3) x7  0x00000000
core   0: 0x80004e76 (0x00008f15) c.sub   a4, a3
core   0: 0 0x80004e76 (0x8f15) x14 0x4f5708fc
core   0: 0x80004e78 (0x0000e299) c.bnez  a3, pc + 6
core   0: 0 0x80004e78 (0xe299)
core   0: 0x80004e7a (0x028673b3) remu    t2, a2, s0
core   0: 0 0x80004e7a (0x028673b3) x7  0x00025ce4
core   0: 0x80004e7e (0x0044c3b3) xor     t2, s1, tp
core   0: 0 0x80004e7e (0x0044c3b3) x7  0x0000d000
core   0: 0x80004e82 (0x0041db63) bge     gp, tp, pc + 22
core   0: 0 0x80004e82 (0x0041db63)
core   0: 0x80004e98 (0x20bb4013) xori    zero, s6, 523
core   0: 0 0x80004e98 (0x20bb4013)
core   0: 0x80004e9c (0x032aaa33) mulhsu  s4, s5, s2
core   0: 0 0x80004e9c (0x032aaa33) x20 0x00000000
core   0: 0x80004ea0 (0x0332ea33) rem     s4, t0, s3
core   0: 0 0x80004ea0 (0x0332ea33) x20 0xffffffff
core   0: 0x80004ea4 (0x01289263) bne     a7, s2, pc + 4
core   0: 0 0x80004ea4 (0x01289263)
core   0: 0x80004ea8 (0x01625513) srli    a0, tp, 22
core   0: 0 0x80004ea8 (0x01625513) x10 0x00000000
core   0: 0x80004eac (0x009fbeb3) sltu    t4, t6, s1
core   0: 0 0x80004eac (0x009fbeb3) x29 0x00000000
core   0: 0x80004eb0 (0x000040c1) c.li    ra, 16
core   0: 0 0x80004eb0 (0x40c1) x1  0x00000010
core   0: 0x80004eb2 (0x0172ca33) xor     s4, t0, s7
core   0: 0 0x80004eb2 (0x0172ca33) x20 0xffffffff
core   0: 0x80004eb6 (0x00000a18) c.addi4spn a4, sp, 272
core   0: 0 0x80004eb6 (0x0a18) x14 0x4f5709ac
core   0: 0x80004eb8 (0x000099ee) c.add   s3, s11
core   0: 0 0x80004eb8 (0x99ee) x19 0xfffffdfb
core   0: 0x80004eba (0x0000e701) c.bnez  a4, pc + 8
core   0: 0 0x80004eba (0xe701)
core   0: 0x80004ec2 (0x00000001) c.nop
core   0: 0 0x80004ec2 (0x0001)
core   0: 0x80004ec4 (0x008ba033) slt     zero, s7, s0
core   0: 0 0x80004ec4 (0x008ba033)
core   0: 0x80004ec8 (0x3e3a0193) addi    gp, s4, 995
core   0: 0 0x80004ec8 (0x3e3a0193) x3  0x000003e2
core   0: 0x80004ecc (0x00000db6) c.slli  s11, 13
core   0: 0 0x80004ecc (0x0db6) x27 0xffbf6000
core   0: 0x80004ece (0x4182fd13) andi    s10, t0, 1048
core   0: 0 0x80004ece (0x4182fd13) x26 0x00000418
core   0: 0x80004ed2 (0x00b42a33) slt     s4, s0, a1
core   0: 0 0x80004ed2 (0x00b42a33) x20 0x00000001
core   0: 0x80004ed6 (0x00008f8d) c.sub   a5, a1
core   0: 0 0x80004ed6 (0x8f8d) x15 0xfffffefd
core   0: 0x80004ed8 (0x00008351) c.srli  a4, 20
core   0: 0 0x80004ed8 (0x8351) x14 0x000004f5
core   0: 0x80004eda (0x01a4fcb3) and     s9, s1, s10
core   0: 0 0x80004eda (0x01a4fcb3) x25 0x00000000
core   0: 0x80004ede (0x0000717d) c.addi16sp sp, -16
core   0: 0 0x80004ede (0x717d) x2  0x4f57088c
core   0: 0x80004ee0 (0x4d19d897) auipc   a7, 0x4d19d
core   0: 0 0x80004ee0 (0x4d19d897) x17 0xcd1a1ee0
core   0: 0x80004ee4 (0x00008f71) c.and   a4, a2
core   0: 0 0x80004ee4 (0x8f71) x14 0x000004e4
core   0: 0x80004ee6 (0x00008fe5) c.and   a5, s1
core   0: 0 0x80004ee6 (0x8fe5) x15 0x0000d000
core   0: 0x80004ee8 (0x00008f41) c.or    a4, s0
core   0: 0 0x80004ee8 (0x8f41) x14 0x800004e4
core   0: 0x80004eea (0x000085a9) c.srai  a1, 10
core   0: 0 0x80004eea (0x85a9) x11 0x00000000
core   0: 0x80004eec (0x00008091) c.srli  s1, 4
core   0: 0 0x80004eec (0x8091) x9  0x00000d00
core   0: 0x80004eee (0x00d5fab3) and     s5, a1, a3
core   0: 0 0x80004eee (0x00d5fab3) x21 0x00000000
core   0: 0x80004ef2 (0x00008f01) c.sub   a4, s0
core   0: 0 0x80004ef2 (0x8f01) x14 0x000004e4
core   0: 0x80004ef4 (0x0ff0000f) fence   iorw,iorw
core   0: 0 0x80004ef4 (0x0ff0000f)
core   0: 0x80004ef8 (0x02938133) mul     sp, t2, s1
core   0: 0 0x80004ef8 (0x02938133) x2  0x0a900000
core   0: 0x80004efc (0x0309fcb3) remu    s9, s3, a6
core   0: 0 0x80004efc (0x0309fcb3) x25 0xfffffdfb
core   0: 0x80004f00 (0x00f78533) add     a0, a5, a5
core   0: 0 0x80004f00 (0x00f78533) x10 0x0001a000
core   0: 0x80004f04 (0x000081aa) c.mv    gp, a0
core   0: 0 0x80004f04 (0x81aa) x3  0x0001a000
core   0: 0x80004f06 (0x4108df33) sra     t5, a7, a6
core   0: 0 0x80004f06 (0x4108df33) x30 0xcd1a1ee0
core   0: 0x80004f0a (0x0113bc33) sltu    s8, t2, a7
core   0: 0 0x80004f0a (0x0113bc33) x24 0x00000001
core   0: 0x80004f0e (0x0000100f) fence.i
core   0: 0 0x80004f0e (0x0000100f)
core   0: 0x80004f12 (0x41288bb3) sub     s7, a7, s2
core   0: 0 0x80004f12 (0x41288bb3) x23 0xcd184ee0
core   0: 0x80004f16 (0x028a8463) beq     s5, s0, pc + 40
core   0: 0 0x80004f16 (0x028a8463)
core   0: 0x80004f1a (0x00a5a1b3) slt     gp, a1, a0
core   0: 0 0x80004f1a (0x00a5a1b3) x3  0x00000001
core   0: 0x80004f1e (0x0000100f) fence.i
core   0: 0 0x80004f1e (0x0000100f)
core   0: 0x80004f22 (0x0000e1a9) c.bnez  a1, pc + 66
core   0: 0 0x80004f22 (0xe1a9)
core   0: 0x80004f24 (0x9c44f893) andi    a7, s1, -1596
core   0: 0 0x80004f24 (0x9c44f893) x17 0x00000900
core   0: 0x80004f28 (0x0056cbb3) xor     s7, a3, t0
core   0: 0 0x80004f28 (0x0056cbb3) x23 0xffffffff
core   0: 0x80004f2c (0x0000100f) fence.i
core   0: 0 0x80004f2c (0x0000100f)
core   0: 0x80004f30 (0xa89e2b13) slti    s6, t3, -1399
core   0: 0 0x80004f30 (0xa89e2b13) x22 0x00000001
core   0: 0x80004f34 (0x00008ded) c.and   a1, a1
core   0: 0 0x80004f34 (0x8ded) x11 0x00000000
core   0: 0x80004f36 (0x0000100f) fence.i
core   0: 0 0x80004f36 (0x0000100f)
core   0: 0x80004f3a (0x03962f33) mulhsu  t5, a2, s9
core   0: 0 0x80004f3a (0x03962f33) x30 0x80025de6
core   0: 0x80004f3e (0x0000e31d) c.bnez  a4, pc + 38
core   0: 0 0x80004f3e (0xe31d)
core   0: 0x80004f64 (0x0109f9b3) and     s3, s3, a6
core   0: 0 0x80004f64 (0x0109f9b3) x19 0x00000000
core   0: 0x80004f68 (0x01685bb3) srl     s7, a6, s6
core   0: 0 0x80004f68 (0x01685bb3) x23 0x00000000
core   0: 0x80004f6c (0x00bd16b3) sll     a3, s10, a1
core   0: 0 0x80004f6c (0x00bd16b3) x13 0x00000418
core   0: 0x80004f70 (0x0155d693) srli    a3, a1, 21
core   0: 0 0x80004f70 (0x0155d693) x13 0x00000000
core   0: 0x80004f74 (0x017074b3) and     s1, zero, s7
core   0: 0 0x80004f74 (0x017074b3) x9  0x00000000
core   0: 0x80004f78 (0x0110f2b3) and     t0, ra, a7
core   0: 0 0x80004f78 (0x0110f2b3) x5  0x00000000
core   0: 0x80004f7c (0x03e3f033) remu    zero, t2, t5
core   0: 0 0x80004f7c (0x03e3f033)
core   0: 0x80004f80 (0x000014fd) c.addi  s1, -1
core   0: 0 0x80004f80 (0x14fd) x9  0xffffffff
core   0: 0x80004f82 (0x01429193) slli    gp, t0, 20
core   0: 0 0x80004f82 (0x01429193) x3  0x00000000
core   0: 0x80004f86 (0x02dad863) bge     s5, a3, pc + 48
core   0: 0 0x80004f86 (0x02dad863)
core   0: 0x80004fb6 (0x02704563) blt     zero, t2, pc + 42
core   0: 0 0x80004fb6 (0x02704563)
core   0: 0x80004fe0 (0xee92d537) lui     a0, 0xee92d
core   0: 0 0x80004fe0 (0xee92d537) x10 0xee92d000
core   0: 0x80004fe4 (0x03ea8bb3) mul     s7, s5, t5
core   0: 0 0x80004fe4 (0x03ea8bb3) x23 0x00000000
core   0: 0x80004fe8 (0x0000c099) c.beqz  s1, pc + 6
core   0: 0 0x80004fe8 (0xc099)
core   0: 0x80004fea (0x000098fd) c.andi  s1, -1
core   0: 0 0x80004fea (0x98fd) x9  0xffffffff
core   0: 0x80004fec (0x00000001) c.nop
core   0: 0 0x80004fec (0x0001)
core   0: 0x80004fee (0x0000157d) c.addi  a0, -1
core   0: 0 0x80004fee (0x157d) x10 0xee92cfff
core   0: 0x80004ff0 (0x00000001) c.nop
core   0: 0 0x80004ff0 (0x0001)
core   0: 0x80004ff2 (0x00001a14) c.addi4spn a3, sp, 304
core   0: 0 0x80004ff2 (0x1a14) x13 0x0a900130
core   0: 0x80004ff4 (0x64153a93) sltiu   s5, a0, 1601
core   0: 0 0x80004ff4 (0x64153a93) x21 0x00000000
core   0: 0x80004ff8 (0x00008f01) c.sub   a4, s0
core   0: 0 0x80004ff8 (0x8f01) x14 0x800004e4
core   0: 0x80004ffa (0x038656b3) divu    a3, a2, s8
core   0: 0 0x80004ffa (0x038656b3) x13 0x80025ce4
core   0: 0x80004ffe (0x0000198c) c.addi4spn a1, sp, 240
core   0: 0 0x80004ffe (0x198c) x11 0x0a9000f0
core   0: 0x80005000 (0x1f007317) auipc   t1, 0x1f007
core   0: 0 0x80005000 (0x1f007317) x6  0x9f00c000
core   0: 0x80005004 (0x00000001) c.nop
core   0: 0 0x80005004 (0x0001)
core   0: 0x80005006 (0x018b5933) srl     s2, s6, s8
core   0: 0 0x80005006 (0x018b5933) x18 0x00000000
core   0: 0x8000500a (0x0137d293) srli    t0, a5, 19
core   0: 0 0x8000500a (0x0137d293) x5  0x00000000
core   0: 0x8000500e (0x001bc0b3) xor     ra, s7, ra
core   0: 0 0x8000500e (0x001bc0b3) x1  0x00000010
core   0: 0x80005012 (0x389f3913) sltiu   s2, t5, 905
core   0: 0 0x80005012 (0x389f3913) x18 0x00000000
core   0: 0x80005016 (0x000045cd) c.li    a1, 19
core   0: 0 0x80005016 (0x45cd) x11 0x00000013
core   0: 0x80005018 (0x042a8163) beq     s5, sp, pc + 66
core   0: 0 0x80005018 (0x042a8163)
core   0: 0x8000501c (0x02f67f33) remu    t5, a2, a5
core   0: 0 0x8000501c (0x02f67f33) x30 0x00009ce4
core   0: 0x80005020 (0x0000c999) c.beqz  a1, pc + 22
core   0: 0 0x80005020 (0xc999)
core   0: 0x80005022 (0x41d2dd93) srai    s11, t0, 29
core   0: 0 0x80005022 (0x41d2dd93) x27 0x00000000
core   0: 0x80005026 (0xaed9cd13) xori    s10, s3, -1299
core   0: 0 0x80005026 (0xaed9cd13) x26 0xfffffaed
core   0: 0x8000502a (0x00727b63) bgeu    tp, t2, pc + 22
core   0: 0 0x8000502a (0x00727b63)
core   0: 0x8000502e (0x00000001) c.nop
core   0: 0 0x8000502e (0x0001)
core   0: 0x80005030 (0x019abc33) sltu    s8, s5, s9
core   0: 0 0x80005030 (0x019abc33) x24 0x00000001
core   0: 0x80005034 (0x00006105) c.addi16sp sp, 32
core   0: 0 0x80005034 (0x6105) x2  0x0a900020
core   0: 0x80005036 (0x03f68033) mul     zero, a3, t6
core   0: 0 0x80005036 (0x03f68033)
core   0: 0x8000503a (0xf3604c17) auipc   s8, 0xf3604
core   0: 0 0x8000503a (0xf3604c17) x24 0x7360903a
core   0: 0x8000503e (0x00000725) c.addi  a4, 9
core   0: 0 0x8000503e (0x0725) x14 0x800004ed
core   0: 0x80005040 (0x00006105) c.addi16sp sp, 32
core   0: 0 0x80005040 (0x6105) x2  0x0a900040
core   0: 0x80005042 (0x00008d95) c.sub   a1, a3
core   0: 0 0x80005042 (0x8d95) x11 0x7ffda32f
core   0: 0x80005044 (0x03098363) beq     s3, a6, pc + 38
core   0: 0 0x80005044 (0x03098363)
core   0: 0x8000506a (0x005d5193) srli    gp, s10, 5
core   0: 0 0x8000506a (0x005d5193) x3  0x07ffffd7
core   0: 0x8000506e (0x0385ff63) bgeu    a1, s8, pc + 62
core   0: 0 0x8000506e (0x0385ff63)
core   0: 0x800050ac (0x00008db9) c.xor   a1, a4
core   0: 0 0x800050ac (0x8db9) x11 0xfffda7c2
core   0: 0x800050ae (0x000012fd) c.addi  t0, -1
core   0: 0 0x800050ae (0x12fd) x5  0xffffffff
core   0: 0x800050b0 (0x01e71bb3) sll     s7, a4, t5
core   0: 0 0x800050b0 (0x01e71bb3) x23 0x00004ed0
core   0: 0x800050b4 (0x00000001) c.nop
core   0: 0 0x800050b4 (0x0001)
core   0: 0x800050b6 (0x006bdd93) srli    s11, s7, 6
core   0: 0 0x800050b6 (0x006bdd93) x27 0x0000013b
core   0: 0x800050ba (0x00d83fb3) sltu    t6, a6, a3
core   0: 0 0x800050ba (0x00d83fb3) x31 0x00000001
core   0: 0x800050be (0x0000670d) c.lui   a4, 0x3
core   0: 0 0x800050be (0x670d) x14 0x00003000
core   0: 0x800050c0 (0x00751563) bne     a0, t2, pc + 10
core   0: 0 0x800050c0 (0x00751563)
core   0: 0x800050ca (0x02ccfa33) remu    s4, s9, a2
core   0: 0 0x800050ca (0x02ccfa33) x20 0x7ffda117
core   0: 0x800050ce (0x006f93b3) sll     t2, t6, t1
core   0: 0 0x800050ce (0x006f93b3) x7  0x00000001
core   0: 0x800050d2 (0x0145e0b3) or      ra, a1, s4
core   0: 0 0x800050d2 (0x0145e0b3) x1  0xfffda7d7
core   0: 0x800050d6 (0x011ae033) or      zero, s5, a7
core   0: 0 0x800050d6 (0x011ae033)
core   0: 0x800050da (0xd8268037) lui     zero, 0xd8268
core   0: 0 0x800050da (0xd8268037)
core   0: 0x800050de (0x00177463) bgeu    a4, ra, pc + 8
core   0: 0 0x800050de (0x00177463)
core   0: 0x800050e2 (0x00a50db3) add     s11, a0, a0
core   0: 0 0x800050e2 (0x00a50db3) x27 0xdd259ffe
core   0: 0x800050e6 (0x00000001) c.nop
core   0: 0 0x800050e6 (0x0001)
core   0: 0x800050e8 (0xf5478f93) addi    t6, a5, -172
core   0: 0 0x800050e8 (0xf5478f93) x31 0x0000cf54
core   0: 0x800050ec (0x0262d9b3) divu    s3, t0, t1
core   0: 0 0x800050ec (0x0262d9b3) x19 0x00000001
core   0: 0x800050f0 (0x01b09463) bne     ra, s11, pc + 8
core   0: 0 0x800050f0 (0x01b09463)
core   0: 0x800050f8 (0x0060e963) bltu    ra, t1, pc + 18
core   0: 0 0x800050f8 (0x0060e963)
core   0: 0x800050fc (0x0000c121) c.beqz  a0, pc + 64
core   0: 0 0x800050fc (0xc121)
core   0: 0x800050fe (0x0000c09d) c.beqz  s1, pc + 38
core   0: 0 0x800050fe (0xc09d)
core   0: 0x80005100 (0x0000c0b1) c.beqz  s1, pc + 68
core   0: 0 0x80005100 (0xc0b1)
core   0: 0x80005102 (0x0262f5b3) remu    a1, t0, t1
core   0: 0 0x80005102 (0x0262f5b3) x11 0x60ff3fff
core   0: 0x80005106 (0x00000001) c.nop
core   0: 0 0x80005106 (0x0001)
core   0: 0x80005108 (0x00000001) c.nop
core   0: 0 0x80005108 (0x0001)
core   0: 0x8000510a (0x0169e463) bltu    s3, s6, pc + 8
core   0: 0 0x8000510a (0x0169e463)
core   0: 0x8000510e (0x008a3333) sltu    t1, s4, s0
core   0: 0 0x8000510e (0x008a3333) x6  0x00000001
core   0: 0x80005112 (0x14505a17) auipc   s4, 0x14505
core   0: 0 0x80005112 (0x14505a17) x20 0x9450a112
core   0: 0x80005116 (0x3eb5b493) sltiu   s1, a1, 1003
core   0: 0 0x80005116 (0x3eb5b493) x9  0x00000000
core   0: 0x8000511a (0x023cad33) mulhsu  s10, s9, gp
core   0: 0 0x8000511a (0x023cad33) x26 0xffffffef
core   0: 0x8000511e (0x00000001) c.nop
core   0: 0 0x8000511e (0x0001)
core   0: 0x80005120 (0x038ff9b3) remu    s3, t6, s8
core   0: 0 0x80005120 (0x038ff9b3) x19 0x0000cf54
core   0: 0x80005124 (0xd00a7397) auipc   t2, 0xd00a7
core   0: 0 0x80005124 (0xd00a7397) x7  0x500ac124
core   0: 0x80005128 (0x011a61b3) or      gp, s4, a7
core   0: 0 0x80005128 (0x011a61b3) x3  0x9450a912
core   0: 0x8000512c (0x015e31b3) sltu    gp, t3, s5
core   0: 0 0x8000512c (0x015e31b3) x3  0x00000000
core   0: 0x80005130 (0x431cfe97) auipc   t4, 0x431cf
core   0: 0 0x80005130 (0x431cfe97) x29 0xc31d4130
core   0: 0x80005134 (0x000087d9) c.srai  a5, 22
core   0: 0 0x80005134 (0x87d9) x15 0x00000000
core   0: 0x80005136 (0x019075b3) and     a1, zero, s9
core   0: 0 0x80005136 (0x019075b3) x11 0x00000000
core   0: 0x8000513a (0x00001d9c) c.addi4spn a5, sp, 752
core   0: 0 0x8000513a (0x1d9c) x15 0x0a900330
core   0: 0x8000513c (0x01ca9013) slli    zero, s5, 28
core   0: 0 0x8000513c (0x01ca9013)
core   0: 0x80005140 (0x01cb80b3) add     ra, s7, t3
core   0: 0 0x80005140 (0x01cb80b3) x1  0x80026d34
core   0: 0x80005144 (0x02605cb3) divu    s9, zero, t1
core   0: 0 0x80005144 (0x02605cb3) x25 0x00000000
core   0: 0x80005148 (0x037dad33) mulhsu  s10, s11, s7
core   0: 0 0x80005148 (0x037dad33) x26 0xfffff545
core   0: 0x8000514c (0xd6a23313) sltiu   t1, tp, -662
core   0: 0 0x8000514c (0xd6a23313) x6  0x00000001
core   0: 0x80005150 (0x005e45b3) xor     a1, t3, t0
core   0: 0 0x80005150 (0x005e45b3) x11 0x7ffde19b
core   0: 0x80005154 (0x0000881a) c.mv    a6, t1
core   0: 0 0x80005154 (0x881a) x16 0x00000001
core   0: 0x80005156 (0x03c931b3) mulhu   gp, s2, t3
core   0: 0 0x80005156 (0x03c931b3) x3  0x00000000
core   0: 0x8000515a (0x0fc6fb13) andi    s6, a3, 252
core   0: 0 0x8000515a (0x0fc6fb13) x22 0x000000e4
core   0: 0x8000515e (0x0000955a) c.add   a0, s6
core   0: 0 0x8000515e (0x955a) x10 0xee92d0e3
core   0: 0x80005160 (0x03df2eb3) mulhsu  t4, t5, t4
core   0: 0 0x80005160 (0x03df2eb3) x29 0x00007793
core   0: 0x80005164 (0x855d4d13) xori    s10, s10, -1963
core   0: 0 0x80005164 (0x855d4d13) x26 0x00000d10
core   0: 0x80005168 (0x000002c6) c.slli  t0, 17
core   0: 0 0x80005168 (0x02c6) x5  0xfffe0000
core   0: 0x8000516a (0xc1186793) ori     a5, a6, -1007
core   0: 0 0x8000516a (0xc1186793) x15 0xfffffc11
core   0: 0x8000516e (0x01555013) srli    zero, a0, 21
core   0: 0 0x8000516e (0x01555013)
core   0: 0x80005172 (0x00000001) c.nop
core   0: 0 0x80005172 (0x0001)
core   0: 0x80005174 (0x82570e97) auipc   t4, 0x82570
core   0: 0 0x80005174 (0x82570e97) x29 0x02575174
core   0: 0x80005178 (0x0000c689) c.beqz  a3, pc + 10
core   0: 0 0x80005178 (0xc689)
core   0: 0x8000517a (0x03602eb3) mulhsu  t4, zero, s6
core   0: 0 0x8000517a (0x03602eb3) x29 0x00000000
core   0: 0x8000517e (0xe73d7993) andi    s3, s10, -397
core   0: 0 0x8000517e (0xe73d7993) x19 0x00000c10
core   0: 0x80005182 (0xae388493) addi    s1, a7, -1309
core   0: 0 0x80005182 (0xae388493) x9  0x000003e3
core   0: 0x80005186 (0x02d958b3) divu    a7, s2, a3
core   0: 0 0x80005186 (0x02d958b3) x17 0x00000000
core   0: 0x8000518a (0x00008d55) c.or    a0, a3
core   0: 0 0x8000518a (0x8d55) x10 0xee92dce7
core   0: 0x8000518c (0x7b14f793) andi    a5, s1, 1969
core   0: 0 0x8000518c (0x7b14f793) x15 0x000003a1
core   0: 0x80005190 (0x9f20c393) xori    t2, ra, -1550
core   0: 0 0x80005190 (0x9f20c393) x7  0x7ffd94c6
core   0: 0x80005194 (0x00001a88) c.addi4spn a0, sp, 368
core   0: 0 0x80005194 (0x1a88) x10 0x0a9001b0
core   0: 0x80005196 (0x40e15cb3) sra     s9, sp, a4
core   0: 0 0x80005196 (0x40e15cb3) x25 0x0a900040
core   0: 0x8000519a (0x036b12b3) mulh    t0, s6, s6
core   0: 0 0x8000519a (0x036b12b3) x5  0x00000000
core   0: 0x8000519e (0x87c0f093) andi    ra, ra, -1924
core   0: 0 0x8000519e (0x87c0f093) x1  0x80026834
core   0: 0x800051a2 (0x04bfc517) auipc   a0, 0x4bfc
core   0: 0 0x800051a2 (0x04bfc517) x10 0x84c011a2
core   0: 0x800051a6 (0x41e688b3) sub     a7, a3, t5
core   0: 0 0x800051a6 (0x41e688b3) x17 0x8001c000
core   0: 0x800051aa (0x004881b3) add     gp, a7, tp
core   0: 0 0x800051aa (0x004881b3) x3  0x8001c000
core   0: 0x800051ae (0x3c896f93) ori     t6, s2, 968
core   0: 0 0x800051ae (0x3c896f93) x31 0x000003c8
core   0: 0x800051b2 (0x00927a63) bgeu    tp, s1, pc + 20
core   0: 0 0x800051b2 (0x00927a63)
core   0: 0x800051b6 (0x000c2a33) slt     s4, s8, zero
core   0: 0 0x800051b6 (0x000c2a33) x20 0x00000000
core   0: 0x800051ba (0x015d52b3) srl     t0, s10, s5
core   0: 0 0x800051ba (0x015d52b3) x5  0x00000d10
core   0: 0x800051be (0xf5774d13) xori    s10, a4, -169
core   0: 0 0x800051be (0xf5774d13) x26 0xffffcf57
core   0: 0x800051c2 (0x036cd9b3) divu    s3, s9, s6
core   0: 0 0x800051c2 (0x036cd9b3) x19 0x000bdc12
core   0: 0x800051c6 (0x409487b3) sub     a5, s1, s1
core   0: 0 0x800051c6 (0x409487b3) x15 0x00000000
core   0: 0x800051ca (0x01115f63) bge     sp, a7, pc + 30
core   0: 0 0x800051ca (0x01115f63)
core   0: 0x800051e8 (0x00085933) srl     s2, a6, zero
core   0: 0 0x800051e8 (0x00085933) x18 0x00000001
core   0: 0x800051ec (0x0000931e) c.add   t1, t2
core   0: 0 0x800051ec (0x931e) x6  0x7ffd94c7
core   0: 0x800051ee (0x0000100f) fence.i
core   0: 0 0x800051ee (0x0000100f)
core   0: 0x800051f2 (0x00008369) c.srli  a4, 26
core   0: 0 0x800051f2 (0x8369) x14 0x00000000
core   0: 0x800051f4 (0x0046d093) srli    ra, a3, 4
core   0: 0 0x800051f4 (0x0046d093) x1  0x080025ce
core   0: 0x800051f8 (0x00539993) slli    s3, t2, 5
core   0: 0 0x800051f8 (0x00539993) x19 0xffb298c0
core   0: 0x800051fc (0x01d41933) sll     s2, s0, t4
core   0: 0 0x800051fc (0x01d41933) x18 0x80000000
core   0: 0x80005200 (0x00006ad5) c.lui   s5, 0x15
core   0: 0 0x80005200 (0x6ad5) x21 0x00015000
core   0: 0x80005202 (0x8fd19097) auipc   ra, 0x8fd19
core   0: 0 0x80005202 (0x8fd19097) x1  0x0fd1e202
core   0: 0x80005206 (0x0000100f) fence.i
core   0: 0 0x80005206 (0x0000100f)
core   0: 0x8000520a (0x56ca5897) auipc   a7, 0x56ca5
core   0: 0 0x8000520a (0x56ca5897) x17 0xd6caa20a
core   0: 0x8000520e (0x00001c7d) c.addi  s8, -1
core   0: 0 0x8000520e (0x1c7d) x24 0x73609039
core   0: 0x80005210 (0x0000cf99) c.beqz  a5, pc + 30
core   0: 0 0x80005210 (0xcf99)
core   0: 0x8000522e (0x00008cb9) c.xor   s1, a4
core   0: 0 0x8000522e (0x8cb9) x9  0x000003e3
core   0: 0x80005230 (0x00195eb3) srl     t4, s2, ra
core   0: 0 0x80005230 (0x00195eb3) x29 0x20000000
core   0: 0x80005234 (0x0ff0000f) fence   iorw,iorw
core   0: 0 0x80005234 (0x0ff0000f)
core   0: 0x80005238 (0x007158b3) srl     a7, sp, t2
core   0: 0 0x80005238 (0x007158b3) x17 0x002a4001
core   0: 0x8000523c (0x0002adb3) slt     s11, t0, zero
core   0: 0 0x8000523c (0x0002adb3) x27 0x00000000
core   0: 0x80005240 (0x00000c06) c.slli  s8, 1
core   0: 0 0x80005240 (0x0c06) x24 0xe6c12072
core   0: 0x80005242 (0x0236efb3) rem     t6, a3, gp
core   0: 0 0x80005242 (0x0236efb3) x31 0x80025ce4
core   0: 0x80005246 (0x00008fd9) c.or    a5, a4
core   0: 0 0x80005246 (0x8fd9) x15 0x00000000
core   0: 0x80005248 (0x01381a33) sll     s4, a6, s3
core   0: 0 0x80005248 (0x01381a33) x20 0x00000001
core   0: 0x8000524c (0x0000100f) fence.i
core   0: 0 0x8000524c (0x0000100f)
core   0: 0x80005250 (0x40460933) sub     s2, a2, tp
core   0: 0 0x80005250 (0x40460933) x18 0x80025ce4
core   0: 0x80005254 (0x02e355b3) divu    a1, t1, a4
core   0: 0 0x80005254 (0x02e355b3) x11 0xffffffff
core   0: 0x80005258 (0x0000c109) c.beqz  a0, pc + 2
core   0: 0 0x80005258 (0xc109)
core   0: 0x8000525a (0x01f8d1b3) srl     gp, a7, t6
core   0: 0 0x8000525a (0x01f8d1b3) x3  0x0002a400
core   0: 0x8000525e (0x03f44563) blt     s0, t6, pc + 42
core   0: 0 0x8000525e (0x03f44563)
core   0: 0x80005288 (0x00e05c93) srli    s9, zero, 14
core   0: 0 0x80005288 (0x00e05c93) x25 0x00000000
core   0: 0x8000528c (0x000086f1) c.srai  a3, 28
core   0: 0 0x8000528c (0x86f1) x13 0xfffffff8
core   0: 0x8000528e (0x00d39663) bne     t2, a3, pc + 12
core   0: 0 0x8000528e (0x00d39663)
core   0: 0x8000529a (0x0097dd13) srli    s10, a5, 9
core   0: 0 0x8000529a (0x0097dd13) x26 0x00000000
core   0: 0x8000529e (0x03928d63) beq     t0, s9, pc + 58
core   0: 0 0x8000529e (0x03928d63)
core   0: 0x800052a2 (0x02bed233) divu    tp, t4, a1
core   0: 0 0x800052a2 (0x02bed233) x4  0x00000000
core   0: 0x800052a6 (0x00437eb3) and     t4, t1, tp
core   0: 0 0x800052a6 (0x00437eb3) x29 0x00000000
core   0: 0x800052aa (0x7cc92a93) slti    s5, s2, 1996
core   0: 0 0x800052aa (0x7cc92a93) x21 0x00000001
core   0: 0x800052ae (0xfefa2c93) slti    s9, s4, -17
core   0: 0 0x800052ae (0xfefa2c93) x25 0x00000000
core   0: 0x800052b2 (0x0000cf05) c.beqz  a4, pc + 56
core   0: 0 0x800052b2 (0xcf05)
core   0: 0x800052ea (0x0000100f) fence.i
core   0: 0 0x800052ea (0x0000100f)
core   0: 0x800052ee (0x0000e389) c.bnez  a5, pc + 2
core   0: 0 0x800052ee (0xe389)
core   0: 0x800052f0 (0x02d7bbb3) mulhu   s7, a5, a3
core   0: 0 0x800052f0 (0x02d7bbb3) x23 0x00000000
core   0: 0x800052f4 (0x00b1d5b3) srl     a1, gp, a1
core   0: 0 0x800052f4 (0x00b1d5b3) x11 0x00000000
core   0: 0x800052f8 (0x0234b8b3) mulhu   a7, s1, gp
core   0: 0 0x800052f8 (0x0234b8b3) x17 0x00000000
core   0: 0x800052fc (0x02de0563) beq     t3, a3, pc + 42
core   0: 0 0x800052fc (0x02de0563)
core   0: 0x80005300 (0x01041c13) slli    s8, s0, 16
core   0: 0 0x80005300 (0x01041c13) x24 0x00000000
core   0: 0x80005304 (0x00d2d7b3) srl     a5, t0, a3
core   0: 0 0x80005304 (0x00d2d7b3) x15 0x00000000
core   0: 0x80005308 (0x02067263) bgeu    a2, zero, pc + 36
core   0: 0 0x80005308 (0x02067263)
core   0: 0x8000532c (0x03e15163) bge     sp, t5, pc + 34
core   0: 0 0x8000532c (0x03e15163)
core   0: 0x8000534e (0x0024bcb3) sltu    s9, s1, sp
core   0: 0 0x8000534e (0x0024bcb3) x25 0x00000001
core   0: 0x80005352 (0x0000083a) c.slli  a6, 14
core   0: 0 0x80005352 (0x083a) x16 0x00004000
core   0: 0x80005354 (0x413d5d33) sra     s10, s10, s3
core   0: 0 0x80005354 (0x413d5d33) x26 0x00000000
core   0: 0x80005358 (0x017acdb3) xor     s11, s5, s7
core   0: 0 0x80005358 (0x017acdb3) x27 0x00000001
core   0: 0x8000535c (0x03efccb3) div     s9, t6, t5
core   0: 0 0x8000535c (0x03efccb3) x25 0xffff2f28
core   0: 0x80005360 (0x00cb8033) add     zero, s7, a2
core   0: 0 0x80005360 (0x00cb8033)
core   0: 0x80005364 (0x00000aea) c.slli  s5, 26
core   0: 0 0x80005364 (0x0aea) x21 0x04000000
core   0: 0x80005366 (0x00000001) c.nop
core   0: 0 0x80005366 (0x0001)
core   0: 0x80005368 (0x000085e1) c.srai  a1, 24
core   0: 0 0x80005368 (0x85e1) x11 0x00000000
core   0: 0x8000536a (0x03567eb3) remu    t4, a2, s5
core   0: 0 0x8000536a (0x03567eb3) x29 0x00025ce4
core   0: 0x8000536e (0x00008f65) c.and   a4, s1
core   0: 0 0x8000536e (0x8f65) x14 0x00000000
core   0: 0x80005370 (0xd860db17) auipc   s6, 0xd860d
core   0: 0 0x80005370 (0xd860db17) x22 0x58612370
core   0: 0x80005374 (0x40f08db3) sub     s11, ra, a5
core   0: 0 0x80005374 (0x40f08db3) x27 0x0fd1e202
core   0: 0x80005378 (0x038107b3) mul     a5, sp, s8
core   0: 0 0x80005378 (0x038107b3) x15 0x00000000
core   0: 0x8000537c (0x012c2533) slt     a0, s8, s2
core   0: 0 0x8000537c (0x012c2533) x10 0x00000000
core   0: 0x80005380 (0x009c3d33) sltu    s10, s8, s1
core   0: 0 0x80005380 (0x009c3d33) x26 0x00000001
core   0: 0x80005384 (0x95dffd13) andi    s10, t6, -1699
core   0: 0 0x80005384 (0x95dffd13) x26 0x80025844
core   0: 0x80005388 (0x03beaf33) mulhsu  t5, t4, s11
core   0: 0 0x80005388 (0x03beaf33) x30 0x00002561
core   0: 0x8000538c (0x02209eb3) mulh    t4, ra, sp
core   0: 0 0x8000538c (0x02209eb3) x29 0x00a718e7
core   0: 0x80005390 (0x00004e8d) c.li    t4, 3
core   0: 0 0x80005390 (0x4e8d) x29 0x00000003
core   0: 0x80005392 (0x0000876d) c.srai  a4, 27
core   0: 0 0x80005392 (0x876d) x14 0x00000000
core   0: 0x80005394 (0x000083e1) c.srli  a5, 24
core   0: 0 0x80005394 (0x83e1) x15 0x00000000
core   0: 0x80005396 (0x0000c299) c.beqz  a3, pc + 6
core   0: 0 0x80005396 (0xc299)
core   0: 0x80005398 (0x409b3d13) sltiu   s10, s6, 1033
core   0: 0 0x80005398 (0x409b3d13) x26 0x00000000
core   0: 0x8000539c (0x01829993) slli    s3, t0, 24
core   0: 0 0x8000539c (0x01829993) x19 0x10000000
core   0: 0x800053a0 (0x00008d71) c.and   a0, a2
core   0: 0 0x800053a0 (0x8d71) x10 0x00000000
core   0: 0x800053a2 (0x037c44b3) div     s1, s8, s7
core   0: 0 0x800053a2 (0x037c44b3) x9  0xffffffff
core   0: 0x800053a6 (0x000014fd) c.addi  s1, -1
core   0: 0 0x800053a6 (0x14fd) x9  0xfffffffe
core   0: 0x800053a8 (0x000088ed) c.andi  s1, 27
core   0: 0 0x800053a8 (0x88ed) x9  0x0000001a
core   0: 0x800053aa (0x0000cf9d) c.beqz  a5, pc + 62
core   0: 0 0x800053aa (0xcf9d)
core   0: 0x800053e8 (0x01685eb3) srl     t4, a6, s6
core   0: 0 0x800053e8 (0x01685eb3) x29 0x00000000
core   0: 0x800053ec (0x00c846b3) xor     a3, a6, a2
core   0: 0 0x800053ec (0x00c846b3) x13 0x80021ce4
core   0: 0x800053f0 (0x01417d33) and     s10, sp, s4
core   0: 0 0x800053f0 (0x01417d33) x26 0x00000000
core   0: 0x800053f4 (0x00b58563) beq     a1, a1, pc + 10
core   0: 0 0x800053f4 (0x00b58563)
core   0: 0x800053fe (0x03168563) beq     a3, a7, pc + 42
core   0: 0 0x800053fe (0x03168563)
core   0: 0x80005402 (0xaf2affb7) lui     t6, 0xaf2af
core   0: 0 0x80005402 (0xaf2affb7) x31 0xaf2af000
core   0: 0x80005406 (0x4025d513) srai    a0, a1, 2
core   0: 0 0x80005406 (0x4025d513) x10 0x00000000
core   0: 0x8000540a (0x02cf70b3) remu    ra, t5, a2
core   0: 0 0x8000540a (0x02cf70b3) x1  0x00002561
core   0: 0x8000540e (0x03e8de63) bge     a7, t5, pc + 60
core   0: 0 0x8000540e (0x03e8de63)
core   0: 0x80005412 (0x00006129) c.addi16sp sp, 192
core   0: 0 0x80005412 (0x6129) x2  0x0a900100
core   0: 0x80005414 (0x00006ae5) c.lui   s5, 0x19
core   0: 0 0x80005414 (0x6ae5) x21 0x00019000
core   0: 0x80005416 (0x00000dfe) c.slli  s11, 31
core   0: 0 0x80005416 (0x0dfe) x27 0x00000000
core   0: 0x80005418 (0x00006121) c.addi16sp sp, 64
core   0: 0 0x80005418 (0x6121) x2  0x0a900140
core   0: 0x8000541a (0xce0a0513) addi    a0, s4, -800
core   0: 0 0x8000541a (0xce0a0513) x10 0xfffffce1
core   0: 0x8000541e (0x02887d33) remu    s10, a6, s0
core   0: 0 0x8000541e (0x02887d33) x26 0x00004000
core   0: 0x80005422 (0x025a4f33) div     t5, s4, t0
core   0: 0 0x80005422 (0x025a4f33) x30 0x00000000
core   0: 0x80005426 (0x000099da) c.add   s3, s6
core   0: 0 0x80005426 (0x99da) x19 0x68612370
core   0: 0x80005428 (0x000085ad) c.srai  a1, 11
core   0: 0 0x80005428 (0x85ad) x11 0x00000000
core   0: 0x8000542a (0x0218adb3) mulhsu  s11, a7, ra
core   0: 0 0x8000542a (0x0218adb3) x27 0x00000000
core   0: 0x8000542e (0x00008222) c.mv    tp, s0
core   0: 0 0x8000542e (0x8222) x4  0x80000000
core   0: 0x80005430 (0x0064afb3) slt     t6, s1, t1
core   0: 0 0x80005430 (0x0064afb3) x31 0x00000001
core   0: 0x80005434 (0x00000f9c) c.addi4spn a5, sp, 976
core   0: 0 0x80005434 (0x0f9c) x15 0x0a900510
core   0: 0x80005436 (0x0000c319) c.beqz  a4, pc + 6
core   0: 0 0x80005436 (0xc319)
core   0: 0x8000543c (0x00f13933) sltu    s2, sp, a5
core   0: 0 0x8000543c (0x00f13933) x18 0x00000001
core   0: 0x80005440 (0x00000001) c.nop
core   0: 0 0x80005440 (0x0001)
core   0: 0x80005442 (0xda6f8bb7) lui     s7, 0xda6f8
core   0: 0 0x80005442 (0xda6f8bb7) x23 0xda6f8000
core   0: 0x80005446 (0x41db86b3) sub     a3, s7, t4
core   0: 0 0x80005446 (0x41db86b3) x13 0xda6f8000
core   0: 0x8000544a (0x00f14263) blt     sp, a5, pc + 4
core   0: 0 0x8000544a (0x00f14263)
core   0: 0x8000544e (0x02d46ab3) rem     s5, s0, a3
core   0: 0 0x8000544e (0x02d46ab3) x21 0xf0b18000
core   0: 0x80005452 (0x0106eeb3) or      t4, a3, a6
core   0: 0 0x80005452 (0x0106eeb3) x29 0xda6fc000
core   0: 0x80005456 (0x016ea833) slt     a6, t4, s6
core   0: 0 0x80005456 (0x016ea833) x16 0x00000001
core   0: 0x8000545a (0x000098fd) c.andi  s1, -1
core   0: 0 0x8000545a (0x98fd) x9  0x0000001a
core   0: 0x8000545c (0x00006155) c.addi16sp sp, 304
core   0: 0 0x8000545c (0x6155) x2  0x0a900270
core   0: 0x8000545e (0x01528f33) add     t5, t0, s5
core   0: 0 0x8000545e (0x01528f33) x30 0xf0b18d10
core   0: 0x80005462 (0xe09c0093) addi    ra, s8, -503
core   0: 0 0x80005462 (0xe09c0093) x1  0xfffffe09
core   0: 0x80005466 (0x00006fb1) c.lui   t6, 0xc
core   0: 0 0x80005466 (0x6fb1) x31 0x0000c000
core   0: 0x80005468 (0x0003e2b3) or      t0, t2, zero
core   0: 0 0x80005468 (0x0003e2b3) x5  0x7ffd94c6
core   0: 0x8000546c (0x0de2ef13) ori     t5, t0, 222
core   0: 0 0x8000546c (0x0de2ef13) x30 0x7ffd94de
core   0: 0x80005470 (0x00000eb9) c.addi  t4, 14
core   0: 0 0x80005470 (0x0eb9) x29 0xda6fc00e
core   0: 0x80005472 (0x000080b9) c.srli  s1, 14
core   0: 0 0x80005472 (0x80b9) x9  0x00000000
core   0: 0x80005474 (0x000088b9) c.andi  s1, 14
core   0: 0 0x80005474 (0x88b9) x9  0x00000000
core   0: 0x80005476 (0x00008cad) c.xor   s1, a1
core   0: 0 0x80005476 (0x8cad) x9  0x00000000
core   0: 0x80005478 (0x02d042b3) div     t0, zero, a3
core   0: 0 0x80005478 (0x02d042b3) x5  0x00000000
core   0: 0x8000547c (0x0000e2a1) c.bnez  a3, pc + 64
core   0: 0 0x8000547c (0xe2a1)
core   0: 0x800054bc (0x04c11f97) auipc   t6, 0x4c11
core   0: 0 0x800054bc (0x04c11f97) x31 0x84c164bc
core   0: 0x800054c0 (0x177ffc13) andi    s8, t6, 375
core   0: 0 0x800054c0 (0x177ffc13) x24 0x00000034
core   0: 0x800054c4 (0x03de16b3) mulh    a3, t3, t4
core   0: 0 0x800054c4 (0x03de16b3) x13 0x12c7d062
core   0: 0x800054c8 (0x00515463) bge     sp, t0, pc + 8
core   0: 0 0x800054c8 (0x00515463)
core   0: 0x800054d0 (0x00009b1e) c.add   s6, t2
core   0: 0 0x800054d0 (0x9b1e) x22 0xd85eb836
core   0: 0x800054d2 (0x00004ed1) c.li    t4, 20
core   0: 0 0x800054d2 (0x4ed1) x29 0x00000014
core   0: 0x800054d4 (0x41b65db3) sra     s11, a2, s11
core   0: 0 0x800054d4 (0x41b65db3) x27 0x80025ce4
core   0: 0x800054d8 (0x1ef4a8b7) lui     a7, 0x1ef4a
core   0: 0 0x800054d8 (0x1ef4a8b7) x17 0x1ef4a000
core   0: 0x800054dc (0x03309ab3) mulh    s5, ra, s3
core   0: 0 0x800054dc (0x03309ab3) x21 0xffffff32
core   0: 0x800054e0 (0x00008f79) c.and   a4, a4
core   0: 0 0x800054e0 (0x8f79) x14 0x00000000
core   0: 0x800054e2 (0x00009b7d) c.andi  a4, -1
core   0: 0 0x800054e2 (0x9b7d) x14 0x00000000
core   0: 0x800054e4 (0x03ee44b3) div     s1, t3, t5
core   0: 0 0x800054e4 (0x03ee44b3) x9  0xffffffff
core   0: 0x800054e8 (0x0000c581) c.beqz  a1, pc + 8
core   0: 0 0x800054e8 (0xc581)
core   0: 0x800054f0 (0x00008f65) c.and   a4, s1
core   0: 0 0x800054f0 (0x8f65) x14 0x00000000
core   0: 0x800054f2 (0x03f666b3) rem     a3, a2, t6
core   0: 0 0x800054f2 (0x03f666b3) x13 0xfb40f828
core   0: 0x800054f6 (0x00008312) c.mv    t1, tp
core   0: 0 0x800054f6 (0x8312) x6  0x80000000
core   0: 0x800054f8 (0x00001f84) c.addi4spn s1, sp, 1008
core   0: 0 0x800054f8 (0x1f84) x9  0x0a900660
core   0: 0x800054fa (0x000001dd) c.addi  gp, 23
core   0: 0 0x800054fa (0x01dd) x3  0x0002a417
core   0: 0x800054fc (0x0000e31d) c.bnez  a4, pc + 38
core   0: 0 0x800054fc (0xe31d)
core   0: 0x800054fe (0x0000e095) c.bnez  s1, pc + 36
core   0: 0 0x800054fe (0xe095)
core   0: 0x80005522 (0x00000d98) c.addi4spn a4, sp, 720
core   0: 0 0x80005522 (0x0d98) x14 0x0a900540
core   0: 0x80005524 (0x0259e1b3) rem     gp, s3, t0
core   0: 0 0x80005524 (0x0259e1b3) x3  0x68612370
core   0: 0x80005528 (0x007d9b63) bne     s11, t2, pc + 22
core   0: 0 0x80005528 (0x007d9b63)
core   0: 0x8000553e (0x0ff0000f) fence   iorw,iorw
core   0: 0 0x8000553e (0x0ff0000f)
core   0: 0x80005542 (0x0148e563) bltu    a7, s4, pc + 10
core   0: 0 0x80005542 (0x0148e563)
core   0: 0x80005546 (0x03fac933) div     s2, s5, t6
core   0: 0 0x80005546 (0x03fac933) x18 0x00000000
core   0: 0x8000554a (0x00008f85) c.sub   a5, s1
core   0: 0 0x8000554a (0x8f85) x15 0xfffffeb0
core   0: 0x8000554c (0x00958363) beq     a1, s1, pc + 6
core   0: 0 0x8000554c (0x00958363)
core   0: 0x80005550 (0x00000001) c.nop
core   0: 0 0x80005550 (0x0001)
core   0: 0x80005552 (0x00a51913) slli    s2, a0, 10
core   0: 0 0x80005552 (0x00a51913) x18 0xfff38400
core   0: 0x80005556 (0x00aa1933) sll     s2, s4, a0
core   0: 0 0x80005556 (0x00aa1933) x18 0x00000002
core   0: 0x8000555a (0x0000527d) c.li    tp, -1
core   0: 0 0x8000555a (0x527d) x4  0xffffffff
core   0: 0x8000555c (0x00fbf6b3) and     a3, s7, a5
core   0: 0 0x8000555c (0x00fbf6b3) x13 0xda6f8000
core   0: 0x80005560 (0x6fbeb893) sltiu   a7, t4, 1787
core   0: 0 0x80005560 (0x6fbeb893) x17 0x00000001
core   0: 0x80005564 (0x000086b5) c.srai  a3, 13
core   0: 0 0x80005564 (0x86b5) x13 0xfffed37c
core   0: 0x80005566 (0x0000e289) c.bnez  a3, pc + 2
core   0: 0 0x80005566 (0xe289)
core   0: 0x80005568 (0x03e2b4b3) mulhu   s1, t0, t5
core   0: 0 0x80005568 (0x03e2b4b3) x9  0x00000000
core   0: 0x8000556c (0x0000537d) c.li    t1, -1
core   0: 0 0x8000556c (0x537d) x6  0xffffffff
core   0: 0x8000556e (0x0000eea9) c.bnez  a3, pc + 90
core   0: 0 0x8000556e (0xeea9)
core   0: 0x800055c8 (0x02ee50b3) divu    ra, t3, a4
core   0: 0 0x800055c8 (0x02ee50b3) x1  0x0000000c
core   0: 0x800055cc (0x211ca997) auipc   s3, 0x211ca
core   0: 0 0x800055cc (0x211ca997) x19 0xa11cf5cc
core   0: 0x800055d0 (0x31170d93) addi    s11, a4, 785
core   0: 0 0x800055d0 (0x31170d93) x27 0x0a900851
core   0: 0x800055d4 (0x8c584b13) xori    s6, a6, -1851
core   0: 0 0x800055d4 (0x8c584b13) x22 0xfffff8c4
core   0: 0x800055d8 (0x0193c5b3) xor     a1, t2, s9
core   0: 0 0x800055d8 (0x0193c5b3) x11 0x8002bbee
core   0: 0x800055dc (0x0084edb3) or      s11, s1, s0
core   0: 0 0x800055dc (0x0084edb3) x27 0x80000000
core   0: 0x800055e0 (0x000085bd) c.srai  a1, 15
core   0: 0 0x800055e0 (0x85bd) x11 0xffff0005
core   0: 0x800055e2 (0x00009afd) c.andi  a3, -1
core   0: 0 0x800055e2 (0x9afd) x13 0xfffed37c
core   0: 0x800055e4 (0x021e8cb3) mul     s9, t4, ra
core   0: 0 0x800055e4 (0x021e8cb3) x25 0x000000f0
core   0: 0x800055e8 (0x03dabfb3) mulhu   t6, s5, t4
core   0: 0 0x800055e8 (0x03dabfb3) x31 0x00000013
core   0: 0x800055ec (0x00000c92) c.slli  s9, 4
core   0: 0 0x800055ec (0x0c92) x25 0x00000f00
core   0: 0x800055ee (0x01ff2733) slt     a4, t5, t6
core   0: 0 0x800055ee (0x01ff2733) x14 0x00000000
core   0: 0x800055f2 (0x00000ded) c.addi  s11, 27
core   0: 0 0x800055f2 (0x0ded) x27 0x8000001b
core   0: 0x800055f4 (0x004ef833) and     a6, t4, tp
core   0: 0 0x800055f4 (0x004ef833) x16 0x00000014
core   0: 0x800055f8 (0x02520263) beq     tp, t0, pc + 36
core   0: 0 0x800055f8 (0x02520263)
core   0: 0x800055fc (0x00008519) c.srai  a0, 6
core   0: 0 0x800055fc (0x8519) x10 0xfffffff3
core   0: 0x800055fe (0x00008291) c.srli  a3, 4
core   0: 0 0x800055fe (0x8291) x13 0x0fffed37
core   0: 0x80005600 (0x021b1733) mulh    a4, s6, ra
core   0: 0 0x80005600 (0x021b1733) x14 0xffffffff
core   0: 0x80005604 (0x00008f11) c.sub   a4, a2
core   0: 0 0x80005604 (0x8f11) x14 0x7ffda31b
core   0: 0x80005606 (0x0000026e) c.slli  tp, 27
core   0: 0 0x80005606 (0x026e) x4  0xf8000000
core   0: 0x80005608 (0x024fc663) blt     t6, tp, pc + 44
core   0: 0 0x80005608 (0x024fc663)
core   0: 0x8000560c (0x035902b3) mul     t0, s2, s5
core   0: 0 0x8000560c (0x035902b3) x5  0xfffffe64
core   0: 0x80005610 (0x4a163b93) sltiu   s7, a2, 1185
core   0: 0 0x80005610 (0x4a163b93) x23 0x00000000
core   0: 0x80005614 (0x037a9fb3) mulh    t6, s5, s7
core   0: 0 0x80005614 (0x037a9fb3) x31 0x00000000
core   0: 0x80005618 (0x00edf3b3) and     t2, s11, a4
core   0: 0 0x80005618 (0x00edf3b3) x7  0x0000001b
core   0: 0x8000561c (0x40ef81b3) sub     gp, t6, a4
core   0: 0 0x8000561c (0x40ef81b3) x3  0x80025ce5
core   0: 0x80005620 (0x02640c33) mul     s8, s0, t1
core   0: 0 0x80005620 (0x02640c33) x24 0x80000000
core   0: 0x80005624 (0x0263c0b3) div     ra, t2, t1
core   0: 0 0x80005624 (0x0263c0b3) x1  0xffffffe5
core   0: 0x80005628 (0x0060cf33) xor     t5, ra, t1
core   0: 0 0x80005628 (0x0060cf33) x30 0x0000001a
core   0: 0x8000562c (0x00c80b33) add     s6, a6, a2
core   0: 0 0x8000562c (0x00c80b33) x22 0x80025cf8
core   0: 0x80005630 (0xf74f3e93) sltiu   t4, t5, -140
core   0: 0 0x80005630 (0xf74f3e93) x29 0x00000001
core   0: 0x80005634 (0x00000001) c.nop
core   0: 0 0x80005634 (0x0001)
core   0: 0x80005636 (0x031c5cb3) divu    s9, s8, a7
core   0: 0 0x80005636 (0x031c5cb3) x25 0x80000000
core   0: 0x8000563a (0x01d16e63) bltu    sp, t4, pc + 28
core   0: 0 0x8000563a (0x01d16e63)
core   0: 0x8000563e (0x02490163) beq     s2, tp, pc + 34
core   0: 0 0x8000563e (0x02490163)
core   0: 0x80005642 (0x00000001) c.nop
core   0: 0 0x80005642 (0x0001)
core   0: 0x80005644 (0x03ef7fb3) remu    t6, t5, t5
core   0: 0 0x80005644 (0x03ef7fb3) x31 0x00000000
core   0: 0x80005648 (0x0000717d) c.addi16sp sp, -16
core   0: 0 0x80005648 (0x717d) x2  0x0a900260
core   0: 0x8000564a (0x0000653d) c.lui   a0, 0xf
core   0: 0 0x8000564a (0x653d) x10 0x0000f000
core   0: 0x8000564c (0x0048fc63) bgeu    a7, tp, pc + 24
core   0: 0 0x8000564c (0x0048fc63)
core   0: 0x80005650 (0x00f76133) or      sp, a4, a5
core   0: 0 0x80005650 (0x00f76133) x2  0xffffffbb
core   0: 0x80005654 (0x00008d25) c.xor   a0, s1
core   0: 0 0x80005654 (0x8d25) x10 0x0000f000
core   0: 0x80005656 (0x01909eb3) sll     t4, ra, s9
core   0: 0 0x80005656 (0x01909eb3) x29 0xffffffe5
core   0: 0x8000565a (0x000086c6) c.mv    a3, a7
core   0: 0 0x8000565a (0x86c6) x13 0x00000001
core   0: 0x8000565c (0x04af7163) bgeu    t5, a0, pc + 66
core   0: 0 0x8000565c (0x04af7163)
core   0: 0x80005660 (0x410b0db3) sub     s11, s6, a6
core   0: 0 0x80005660 (0x410b0db3) x27 0x80025ce4
core   0: 0x80005664 (0x02026c33) rem     s8, tp, zero
core   0: 0 0x80005664 (0x02026c33) x24 0xf8000000
core   0: 0x80005668 (0x03c25fb3) divu    t6, tp, t3
core   0: 0 0x80005668 (0x03c25fb3) x31 0x00000001
core   0: 0x8000566c (0x01b19463) bne     gp, s11, pc + 8
core   0: 0 0x8000566c (0x01b19463)
core   0: 0x80005674 (0x0224c163) blt     s1, sp, pc + 34
core   0: 0 0x80005674 (0x0224c163)
core   0: 0x80005678 (0x00008fa9) c.xor   a5, a0
core   0: 0 0x80005678 (0x8fa9) x15 0xffff0eb0
core   0: 0x8000567a (0x02a57c33) remu    s8, a0, a0
core   0: 0 0x8000567a (0x02a57c33) x24 0x00000000
core   0: 0x8000567e (0x00008eb9) c.xor   a3, a4
core   0: 0 0x8000567e (0x8eb9) x13 0x7ffda31a
core   0: 0x80005680 (0x031ad463) bge     s5, a7, pc + 40
core   0: 0 0x80005680 (0x031ad463)
core   0: 0x80005684 (0x00008f9a) c.mv    t6, t1
core   0: 0 0x80005684 (0x8f9a) x31 0xffffffff
core   0: 0x80005686 (0x02eba9b3) mulhsu  s3, s7, a4
core   0: 0 0x80005686 (0x02eba9b3) x19 0x00000000
core   0: 0x8000568a (0x00001e9c) c.addi4spn a5, sp, 880
core   0: 0 0x8000568a (0x1e9c) x15 0x0000032b
core   0: 0x8000568c (0x00008cde) c.mv    s9, s7
core   0: 0 0x8000568c (0x8cde) x25 0x00000000
core   0: 0x8000568e (0x40e85f93) srai    t6, a6, 14
core   0: 0 0x8000568e (0x40e85f93) x31 0x00000000
core   0: 0x80005692 (0x00008ead) c.xor   a3, a1
core   0: 0 0x80005692 (0x8ead) x13 0x8002a31f
core   0: 0x80005694 (0x00008b06) c.mv    s6, ra
core   0: 0 0x80005694 (0x8b06) x22 0xffffffe5
core   0: 0x80005696 (0x6b208f17) auipc   t5, 0x6b208
core   0: 0 0x80005696 (0x6b208f17) x30 0xeb20d696
core   0: 0x8000569a (0x021b66b3) rem     a3, s6, ra
core   0: 0 0x8000569a (0x021b66b3) x13 0x00000000
core   0: 0x8000569e (0x404f8bb3) sub     s7, t6, tp
core   0: 0 0x8000569e (0x404f8bb3) x23 0x08000000
core   0: 0x800056a2 (0x000082a5) c.srli  a3, 9
core   0: 0 0x800056a2 (0x82a5) x13 0x00000000
core   0: 0x800056a4 (0x03fd99b3) mulh    s3, s11, t6
core   0: 0 0x800056a4 (0x03fd99b3) x19 0x00000000
core   0: 0x800056a8 (0x00008512) c.mv    a0, tp
core   0: 0 0x800056a8 (0x8512) x10 0xf8000000
core   0: 0x800056aa (0x017c9e63) bne     s9, s7, pc + 28
core   0: 0 0x800056aa (0x017c9e63)
core   0: 0x800056c6 (0x0000100f) fence.i
core   0: 0 0x800056c6 (0x0000100f)
core   0: 0x800056ca (0x00004759) c.li    a4, 22
core   0: 0 0x800056ca (0x4759) x14 0x00000016
core   0: 0x800056cc (0xc2602c93) slti    s9, zero, -986
core   0: 0 0x800056cc (0xc2602c93) x25 0x00000000
core   0: 0x800056d0 (0x038623b3) mulhsu  t2, a2, s8
core   0: 0 0x800056d0 (0x038623b3) x7  0x00000000
core   0: 0x800056d4 (0xb3a6f297) auipc   t0, 0xb3a6f
core   0: 0 0x800056d4 (0xb3a6f297) x5  0x33a746d4
core   0: 0x800056d8 (0x02bc5ab3) divu    s5, s8, a1
core   0: 0 0x800056d8 (0x02bc5ab3) x21 0x00000000
core   0: 0x800056dc (0x00009bde) c.add   s7, s7
core   0: 0 0x800056dc (0x9bde) x23 0x10000000
core   0: 0x800056de (0x0076c1b3) xor     gp, a3, t2
core   0: 0 0x800056de (0x0076c1b3) x3  0x00000000
core   0: 0x800056e2 (0x03e78fb3) mul     t6, a5, t5
core   0: 0 0x800056e2 (0x03e78fb3) x31 0xe107cd32
core   0: 0x800056e6 (0x00588463) beq     a7, t0, pc + 8
core   0: 0 0x800056e6 (0x00588463)
core   0: 0x800056ea (0x02ba7d33) remu    s10, s4, a1
core   0: 0 0x800056ea (0x02ba7d33) x26 0x00000001
core   0: 0x800056ee (0x3394cb97) auipc   s7, 0x3394c
core   0: 0 0x800056ee (0x3394cb97) x23 0xb39516ee
core   0: 0x800056f2 (0x0078df33) srl     t5, a7, t2
core   0: 0 0x800056f2 (0x0078df33) x30 0x00000001
core   0: 0x800056f6 (0x05de0063) beq     t3, t4, pc + 64
core   0: 0 0x800056f6 (0x05de0063)
core   0: 0x800056fa (0x0275b133) mulhu   sp, a1, t2
core   0: 0 0x800056fa (0x0275b133) x2  0x00000000
core   0: 0x800056fe (0x41255f33) sra     t5, a0, s2
core   0: 0 0x800056fe (0x41255f33) x30 0xfe000000
core   0: 0x80005702 (0x00008fdd) c.or    a5, a5
core   0: 0 0x80005702 (0x8fdd) x15 0x0000032b
core   0: 0x80005704 (0x39b55897) auipc   a7, 0x39b55
core   0: 0 0x80005704 (0x39b55897) x17 0xb9b5a704
core   0: 0x80005708 (0x0224f7b3) remu    a5, s1, sp
core   0: 0 0x80005708 (0x0224f7b3) x15 0x00000000
core   0: 0x8000570c (0x03e2dc33) divu    s8, t0, t5
core   0: 0 0x8000570c (0x03e2dc33) x24 0x00000000
core   0: 0x80005710 (0x00008d6d) c.and   a0, a1
core   0: 0 0x80005710 (0x8d6d) x10 0xf8000000
core   0: 0x80005712 (0x00008df1) c.and   a1, a2
core   0: 0 0x80005712 (0x8df1) x11 0x80020004
core   0: 0x80005714 (0x00008d01) c.sub   a0, s0
core   0: 0 0x80005714 (0x8d01) x10 0x78000000
core   0: 0x80005716 (0x00000708) c.addi4spn a0, sp, 896
core   0: 0 0x80005716 (0x0708) x10 0x00000380
core   0: 0x80005718 (0x0000969e) c.add   a3, t2
core   0: 0 0x80005718 (0x969e) x13 0x00000000
core   0: 0x8000571a (0x02528db3) mul     s11, t0, t0
core   0: 0 0x8000571a (0x02528db3) x27 0xf4309f90
core   0: 0x8000571e (0xe2b40317) auipc   t1, 0xe2b40
core   0: 0 0x8000571e (0xe2b40317) x6  0x62b4571e
core   0: 0x80005722 (0x8c9ffa93) andi    s5, t6, -1847
core   0: 0 0x80005722 (0x8c9ffa93) x21 0xe107c800
core   0: 0x80005726 (0x2f0c6c13) ori     s8, s8, 752
core   0: 0 0x80005726 (0x2f0c6c13) x24 0x000002f0
core   0: 0x8000572a (0x2f9be013) ori     zero, s7, 761
core   0: 0 0x8000572a (0x2f9be013)
core   0: 0x8000572e (0x00006169) c.addi16sp sp, 208
core   0: 0 0x8000572e (0x6169) x2  0x000000d0
core   0: 0x80005730 (0x0000cc81) c.beqz  s1, pc + 24
core   0: 0 0x80005730 (0xcc81)
core   0: 0x80005748 (0x00008ee1) c.and   a3, s0
core   0: 0 0x80005748 (0x8ee1) x13 0x00000000
core   0: 0x8000574a (0x00008f65) c.and   a4, s1
core   0: 0 0x8000574a (0x8f65) x14 0x00000000
core   0: 0x8000574c (0x03b41663) bne     s0, s11, pc + 44
core   0: 0 0x8000574c (0x03b41663)
core   0: 0x80005778 (0x40275193) srai    gp, a4, 2
core   0: 0 0x80005778 (0x40275193) x3  0x00000000
core   0: 0x8000577c (0x0080d493) srli    s1, ra, 8
core   0: 0 0x8000577c (0x0080d493) x9  0x00ffffff
core   0: 0x80005780 (0x0039fc63) bgeu    s3, gp, pc + 24
core   0: 0 0x80005780 (0x0039fc63)
core   0: 0x80005798 (0x016e87b3) add     a5, t4, s6
core   0: 0 0x80005798 (0x016e87b3) x15 0xffffffca
core   0: 0x8000579c (0x00000001) c.nop
core   0: 0 0x8000579c (0x0001)
core   0: 0x8000579e (0x0314c533) div     a0, s1, a7
core   0: 0 0x8000579e (0x0314c533) x10 0x00000000
core   0: 0x800057a2 (0x000082e1) c.srli  a3, 24
core   0: 0 0x800057a2 (0x82e1) x13 0x00000000
core   0: 0x800057a4 (0x223ee013) prefetch.w 544(t4)
core   0: 0 0x800057a4 (0x223ee013)
core   0: 0x800057a8 (0x03ba67b3) rem     a5, s4, s11
core   0: 0 0x800057a8 (0x03ba67b3) x15 0x00000001
core   0: 0x800057ac (0x01bbc563) blt     s7, s11, pc + 10
core   0: 0 0x800057ac (0x01bbc563)
core   0: 0x800057b6 (0xab277d13) andi    s10, a4, -1358
core   0: 0 0x800057b6 (0xab277d13) x26 0x00000000
core   0: 0x800057ba (0x0000028c) c.addi4spn a1, sp, 320
core   0: 0 0x800057ba (0x028c) x11 0x00000210
core   0: 0x800057bc (0x0024fdb3) and     s11, s1, sp
core   0: 0 0x800057bc (0x0024fdb3) x27 0x000000d0
core   0: 0x800057c0 (0x03f50c63) beq     a0, t6, pc + 56
core   0: 0 0x800057c0 (0x03f50c63)
core   0: 0x800057c4 (0x00008f1d) c.sub   a4, a5
core   0: 0 0x800057c4 (0x8f1d) x14 0xffffffff
core   0: 0x800057c6 (0x41ec5a33) sra     s4, s8, t5
core   0: 0 0x800057c6 (0x41ec5a33) x20 0x000002f0
core   0: 0x800057ca (0x02c0a233) mulhsu  tp, ra, a2
core   0: 0 0x800057ca (0x02c0a233) x4  0xfffffff2
core   0: 0x800057ce (0x40cbd013) srai    zero, s7, 12
core   0: 0 0x800057ce (0x40cbd013)
core   0: 0x800057d2 (0x005d38b3) sltu    a7, s10, t0
core   0: 0 0x800057d2 (0x005d38b3) x17 0x00000001
core   0: 0x800057d6 (0x00548333) add     t1, s1, t0
core   0: 0 0x800057d6 (0x00548333) x6  0x34a746d3
core   0: 0x800057da (0x0224d763) bge     s1, sp, pc + 46
core   0: 0 0x800057da (0x0224d763)
core   0: 0x80005808 (0x01a0b933) sltu    s2, ra, s10
core   0: 0 0x80005808 (0x01a0b933) x18 0x00000000
core   0: 0x8000580c (0x00009176) c.add   sp, t4
core   0: 0 0x8000580c (0x9176) x2  0x000000b5
core   0: 0x8000580e (0x00008f59) c.or    a4, a4
core   0: 0 0x8000580e (0x8f59) x14 0xffffffff
core   0: 0x80005810 (0x02a95eb3) divu    t4, s2, a0
core   0: 0 0x80005810 (0x02a95eb3) x29 0xffffffff
core   0: 0x80005814 (0x02f5a0b3) mulhsu  ra, a1, a5
core   0: 0 0x80005814 (0x02f5a0b3) x1  0x00000000
core   0: 0x80005818 (0x00a81c33) sll     s8, a6, a0
core   0: 0 0x80005818 (0x00a81c33) x24 0x00000014
core   0: 0x8000581c (0x00008d91) c.sub   a1, a2
core   0: 0 0x8000581c (0x8d91) x11 0x7ffda52c
core   0: 0x8000581e (0x000054fd) c.li    s1, -1
core   0: 0 0x8000581e (0x54fd) x9  0xffffffff
core   0: 0x80005820 (0x7734e493) ori     s1, s1, 1907
core   0: 0 0x80005820 (0x7734e493) x9  0xffffffff
core   0: 0x80005824 (0x000081bd) c.srli  a1, 15
core   0: 0 0x80005824 (0x81bd) x11 0x0000fffb
core   0: 0x80005826 (0x0000100f) fence.i
core   0: 0 0x80005826 (0x0000100f)
core   0: 0x8000582a (0x0000972a) c.add   a4, a0
core   0: 0 0x8000582a (0x972a) x14 0xffffffff
core   0: 0x8000582c (0x0000717d) c.addi16sp sp, -16
core   0: 0 0x8000582c (0x717d) x2  0x000000a5
core   0: 0x8000582e (0x004c8b33) add     s6, s9, tp
core   0: 0 0x8000582e (0x004c8b33) x22 0xfffffff2
core   0: 0x80005832 (0x03d7e263) bltu    a5, t4, pc + 36
core   0: 0 0x80005832 (0x03d7e263)
core   0: 0x80005856 (0x0153b133) sltu    sp, t2, s5
core   0: 0 0x80005856 (0x0153b133) x2  0x00000001
core   0: 0x8000585a (0x0000100f) fence.i
core   0: 0 0x8000585a (0x0000100f)
core   0: 0x8000585e (0x000089e1) c.andi  a1, 24
core   0: 0 0x8000585e (0x89e1) x11 0x00000018
core   0: 0x80005860 (0x025a5bb3) divu    s7, s4, t0
core   0: 0 0x80005860 (0x025a5bb3) x23 0x00000000
core   0: 0x80005864 (0x00000001) c.nop
core   0: 0 0x80005864 (0x0001)
core   0: 0x80005866 (0x010efdb3) and     s11, t4, a6
core   0: 0 0x80005866 (0x010efdb3) x27 0x00000014
core   0: 0x8000586a (0x02ac8233) mul     tp, s9, a0
core   0: 0 0x8000586a (0x02ac8233) x4  0x00000000
core   0: 0x8000586e (0x415d54b3) sra     s1, s10, s5
core   0: 0 0x8000586e (0x415d54b3) x9  0x00000000
core   0: 0x80005872 (0x0ff0000f) fence   iorw,iorw
core   0: 0 0x80005872 (0x0ff0000f)
core   0: 0x80005876 (0x740bc917) auipc   s2, 0x740bc
core   0: 0 0x80005876 (0x740bc917) x18 0xf40c1876
core   0: 0x8000587a (0x00747f63) bgeu    s0, t2, pc + 30
core   0: 0 0x8000587a (0x00747f63)
core   0: 0x80005898 (0x000090ee) c.add   ra, s11
core   0: 0 0x80005898 (0x90ee) x1  0x00000014
core   0: 0x8000589a (0x00001d84) c.addi4spn s1, sp, 752
core   0: 0 0x8000589a (0x1d84) x9  0x000002f1
core   0: 0x8000589c (0x00dd1993) slli    s3, s10, 13
core   0: 0 0x8000589c (0x00dd1993) x19 0x00000000
core   0: 0x800058a0 (0x00000001) c.nop
core   0: 0 0x800058a0 (0x0001)
core   0: 0x800058a2 (0xd4de0113) addi    sp, t3, -691
core   0: 0 0x800058a2 (0xd4de0113) x2  0x80021bb1
core   0: 0x800058a6 (0x00000001) c.nop
core   0: 0 0x800058a6 (0x0001)
core   0: 0x800058a8 (0x00000001) c.nop
core   0: 0 0x800058a8 (0x0001)
core   0: 0x800058aa (0x00000f79) c.addi  t5, 30
core   0: 0 0x800058aa (0x0f79) x30 0xfe00001e
core   0: 0x800058ac (0x02db8ab3) mul     s5, s7, a3
core   0: 0 0x800058ac (0x02db8ab3) x21 0x00000000
core   0: 0x800058b0 (0x2bcca213) slti    tp, s9, 700
core   0: 0 0x800058b0 (0x2bcca213) x4  0x00000001
core   0: 0x800058b4 (0x01949333) sll     t1, s1, s9
core   0: 0 0x800058b4 (0x01949333) x6  0x000002f1
core   0: 0x800058b8 (0x412fdf13) srai    t5, t6, 18
core   0: 0 0x800058b8 (0x412fdf13) x30 0xfffff841
core   0: 0x800058bc (0x02673bb3) mulhu   s7, a4, t1
core   0: 0 0x800058bc (0x02673bb3) x23 0x000002f0
core   0: 0x800058c0 (0x0113f263) bgeu    t2, a7, pc + 4
core   0: 0 0x800058c0 (0x0113f263)
core   0: 0x800058c4 (0x02d155b3) divu    a1, sp, a3
core   0: 0 0x800058c4 (0x02d155b3) x11 0xffffffff
core   0: 0x800058c8 (0x000003c6) c.slli  t2, 17
core   0: 0 0x800058c8 (0x03c6) x7  0x00000000
core   0: 0x800058ca (0x00515e93) srli    t4, sp, 5
core   0: 0 0x800058ca (0x00515e93) x29 0x040010dd
core   0: 0x800058ce (0x00008cf5) c.and   s1, a3
core   0: 0 0x800058ce (0x8cf5) x9  0x00000000
core   0: 0x800058d0 (0xa8f23f13) sltiu   t5, tp, -1393
core   0: 0 0x800058d0 (0xa8f23f13) x30 0x00000001
core   0: 0x800058d4 (0x40de8133) sub     sp, t4, a3
core   0: 0 0x800058d4 (0x40de8133) x2  0x040010dd
core   0: 0x800058d8 (0x0ff0000f) fence   iorw,iorw
core   0: 0 0x800058d8 (0x0ff0000f)
core   0: 0x800058dc (0xd959fa93) andi    s5, s3, -619
core   0: 0 0x800058dc (0xd959fa93) x21 0x00000000
core   0: 0x800058e0 (0xfa6be913) ori     s2, s7, -90
core   0: 0 0x800058e0 (0xfa6be913) x18 0xfffffff6
core   0: 0x800058e4 (0x41f9d4b3) sra     s1, s3, t6
core   0: 0 0x800058e4 (0x41f9d4b3) x9  0x00000000
core   0: 0x800058e8 (0x029b4bb3) div     s7, s6, s1
core   0: 0 0x800058e8 (0x029b4bb3) x23 0xffffffff
core   0: 0x800058ec (0x034bebb3) rem     s7, s7, s4
core   0: 0 0x800058ec (0x034bebb3) x23 0xffffffff
core   0: 0x800058f0 (0x020bc863) bltz    s7, pc + 48
core   0: 0 0x800058f0 (0x020bc863)
core   0: 0x80005920 (0x0000c131) c.beqz  a0, pc + 68
core   0: 0 0x80005920 (0xc131)
core   0: 0x80005964 (0x03277933) remu    s2, a4, s2
core   0: 0 0x80005964 (0x03277933) x18 0x00000009
core   0: 0x80005968 (0x00009d3e) c.add   s10, a5
core   0: 0 0x80005968 (0x9d3e) x26 0x00000001
core   0: 0x8000596a (0x01f41033) sll     zero, s0, t6
core   0: 0 0x8000596a (0x01f41033)
core   0: 0x8000596e (0x0000096a) c.slli  s2, 26
core   0: 0 0x8000596e (0x096a) x18 0x24000000
core   0: 0x80005970 (0x032b88b3) mul     a7, s7, s2
core   0: 0 0x80005970 (0x032b88b3) x17 0xdc000000
core   0: 0x80005974 (0x039a4c33) div     s8, s4, s9
core   0: 0 0x80005974 (0x039a4c33) x24 0xffffffff
core   0: 0x80005978 (0x03bba533) mulhsu  a0, s7, s11
core   0: 0 0x80005978 (0x03bba533) x10 0xffffffff
core   0: 0x8000597c (0x01649233) sll     tp, s1, s6
core   0: 0 0x8000597c (0x01649233) x4  0x00000000
core   0: 0x80005980 (0x00000f66) c.slli  t5, 25
core   0: 0 0x80005980 (0x0f66) x30 0x02000000
core   0: 0x80005982 (0x0026b8b3) sltu    a7, a3, sp
core   0: 0 0x80005982 (0x0026b8b3) x17 0x00000001
core   0: 0x80005986 (0x920ac893) xori    a7, s5, -1760
core   0: 0 0x80005986 (0x920ac893) x17 0xfffff920
core   0: 0x8000598a (0x01adca63) blt     s11, s10, pc + 20
core   0: 0 0x8000598a (0x01adca63)
core   0: 0x8000598e (0x41e0d513) srai    a0, ra, 30
core   0: 0 0x8000598e (0x41e0d513) x10 0x00000000
core   0: 0x80005992 (0x0000997d) c.andi  a0, -1
core   0: 0 0x80005992 (0x997d) x10 0x00000000
core   0: 0x80005994 (0x00000001) c.nop
core   0: 0 0x80005994 (0x0001)
core   0: 0x80005996 (0x00000001) c.nop
core   0: 0 0x80005996 (0x0001)
core   0: 0x80005998 (0x0000c11d) c.beqz  a0, pc + 38
core   0: 0 0x80005998 (0xc11d)
core   0: 0x800059be (0x00008131) c.srli  a0, 12
core   0: 0 0x800059be (0x8131) x10 0x00000000
core   0: 0x800059c0 (0x01b419b3) sll     s3, s0, s11
core   0: 0 0x800059c0 (0x01b419b3) x19 0x00000000
core   0: 0x800059c4 (0x03ba9c33) mulh    s8, s5, s11
core   0: 0 0x800059c4 (0x03ba9c33) x24 0x00000000
core   0: 0x800059c8 (0x4102da33) sra     s4, t0, a6
core   0: 0 0x800059c8 (0x4102da33) x20 0x0000033a
core   0: 0x800059cc (0x00008f71) c.and   a4, a2
core   0: 0 0x800059cc (0x8f71) x14 0x80025ce4
core   0: 0x800059ce (0x00665a13) srli    s4, a2, 6
core   0: 0 0x800059ce (0x00665a13) x20 0x02000973
core   0: 0x800059d2 (0xe1f52113) slti    sp, a0, -481
core   0: 0 0x800059d2 (0xe1f52113) x2  0x00000000
core   0: 0x800059d6 (0x00000506) c.slli  a0, 1
core   0: 0 0x800059d6 (0x0506) x10 0x00000000
core   0: 0x800059d8 (0x00eeb0b3) sltu    ra, t4, a4
core   0: 0 0x800059d8 (0x00eeb0b3) x1  0x00000001
core   0: 0x800059dc (0x000069e1) c.lui   s3, 0x18
core   0: 0 0x800059dc (0x69e1) x19 0x00018000
core   0: 0x800059de (0x00000001) c.nop
core   0: 0 0x800059de (0x0001)
core   0: 0x800059e0 (0x00008541) c.srai  a0, 16
core   0: 0 0x800059e0 (0x8541) x10 0x00000000
core   0: 0x800059e2 (0x60f588b7) lui     a7, 0x60f58
core   0: 0 0x800059e2 (0x60f588b7) x17 0x60f58000
core   0: 0x800059e6 (0x00062533) slt     a0, a2, zero
core   0: 0 0x800059e6 (0x00062533) x10 0x00000001
core   0: 0x800059ea (0x41698933) sub     s2, s3, s6
core   0: 0 0x800059ea (0x41698933) x18 0x0001800e
core   0: 0x800059ee (0x00001284) c.addi4spn s1, sp, 352
core   0: 0 0x800059ee (0x1284) x9  0x00000160
core   0: 0x800059f0 (0x00000001) c.nop
core   0: 0 0x800059f0 (0x0001)
core   0: 0x800059f2 (0x00008f09) c.sub   a4, a0
core   0: 0 0x800059f2 (0x8f09) x14 0x80025ce3
core   0: 0x800059f4 (0x02454c33) div     s8, a0, tp
core   0: 0 0x800059f4 (0x02454c33) x24 0xffffffff
core   0: 0x800059f8 (0x03b33cb3) mulhu   s9, t1, s11
core   0: 0 0x800059f8 (0x03b33cb3) x25 0x00000000
core   0: 0x800059fc (0x17d0aa97) auipc   s5, 0x17d0a
core   0: 0 0x800059fc (0x17d0aa97) x21 0x97d0f9fc
core   0: 0x80005a00 (0x052f1163) bne     t5, s2, pc + 66
core   0: 0 0x80005a00 (0x052f1163)
core   0: 0x80005a42 (0x01490e63) beq     s2, s4, pc + 28
core   0: 0 0x80005a42 (0x01490e63)
core   0: 0x80005a46 (0x00008f5d) c.or    a4, a5
core   0: 0 0x80005a46 (0x8f5d) x14 0x80025ce3
core   0: 0x80005a48 (0xa5090a93) addi    s5, s2, -1456
core   0: 0 0x80005a48 (0xa5090a93) x21 0x00017a5e
core   0: 0x80005a4c (0x040bc163) bltz    s7, pc + 66
core   0: 0 0x80005a4c (0x040bc163)
core   0: 0x80005a8e (0x4061df13) srai    t5, gp, 6
core   0: 0 0x80005a8e (0x4061df13) x30 0x00000000
core   0: 0x80005a92 (0x0000171c) c.addi4spn a5, sp, 928
core   0: 0 0x80005a92 (0x171c) x15 0x000003a0
core   0: 0x80005a94 (0x000dd913) srli    s2, s11, 0
core   0: 0 0x80005a94 (0x000dd913) x18 0x00000014
core   0: 0x80005a98 (0x019262b3) or      t0, tp, s9
core   0: 0 0x80005a98 (0x019262b3) x5  0x00000000
core   0: 0x80005a9c (0x02006833) rem     a6, zero, zero
core   0: 0 0x80005a9c (0x02006833) x16 0x00000000
core   0: 0x80005aa0 (0x02762eb3) mulhsu  t4, a2, t2
core   0: 0 0x80005aa0 (0x02762eb3) x29 0x00000000
core   0: 0x80005aa4 (0x00000189) c.addi  gp, 2
core   0: 0 0x80005aa4 (0x0189) x3  0x00000002
core   0: 0x80005aa6 (0x01d762b3) or      t0, a4, t4
core   0: 0 0x80005aa6 (0x01d762b3) x5  0x80025ce3
core   0: 0x80005aaa (0x0000617d) c.addi16sp sp, 496
core   0: 0 0x80005aaa (0x617d) x2  0x000001f0
core   0: 0x80005aac (0x02366563) bltu    a2, gp, pc + 42
core   0: 0 0x80005aac (0x02366563)
core   0: 0x80005ab0 (0x0256ec33) rem     s8, a3, t0
core   0: 0 0x80005ab0 (0x0256ec33) x24 0x00000000
core   0: 0x80005ab4 (0x3d5a2713) slti    a4, s4, 981
core   0: 0 0x80005ab4 (0x3d5a2713) x14 0x00000000
core   0: 0x80005ab8 (0x00008f55) c.or    a4, a3
core   0: 0 0x80005ab8 (0x8f55) x14 0x00000000
core   0: 0x80005aba (0x00008cf1) c.and   s1, a2
core   0: 0 0x80005aba (0x8cf1) x9  0x00000060
core   0: 0x80005abc (0x194b4b97) auipc   s7, 0x194b4
core   0: 0 0x80005abc (0x194b4b97) x23 0x994b9abc
core   0: 0x80005ac0 (0x03bc5eb3) divu    t4, s8, s11
core   0: 0 0x80005ac0 (0x03bc5eb3) x29 0x00000000
core   0: 0x80005ac4 (0xf0dc8797) auipc   a5, 0xf0dc8
core   0: 0 0x80005ac4 (0xf0dc8797) x15 0x70dcdac4
core   0: 0x80005ac8 (0x007c7263) bgeu    s8, t2, pc + 4
core   0: 0 0x80005ac8 (0x007c7263)
core   0: 0x80005acc (0x00006171) c.addi16sp sp, 336
core   0: 0 0x80005acc (0x6171) x2  0x00000340
core   0: 0x80005ace (0x03449033) mulh    zero, s1, s4
core   0: 0 0x80005ace (0x03449033)
core   0: 0x80005ad2 (0x00c2d513) srli    a0, t0, 12
core   0: 0 0x80005ad2 (0x00c2d513) x10 0x00080025
core   0: 0x80005ad6 (0x036efb63) bgeu    t4, s6, pc + 54
core   0: 0 0x80005ad6 (0x036efb63)
core   0: 0x80005ada (0x003d1b93) slli    s7, s10, 3
core   0: 0 0x80005ada (0x003d1b93) x23 0x00000008
core   0: 0x80005ade (0x030160b3) rem     ra, sp, a6
core   0: 0 0x80005ade (0x030160b3) x1  0x00000340
core   0: 0x80005ae2 (0x04ebd363) bge     s7, a4, pc + 70
core   0: 0 0x80005ae2 (0x04ebd363)
core   0: 0x80005b28 (0x011ec0b3) xor     ra, t4, a7
core   0: 0 0x80005b28 (0x011ec0b3) x1  0x60f58000
core   0: 0x80005b2c (0x0248e233) rem     tp, a7, tp
core   0: 0 0x80005b2c (0x0248e233) x4  0x60f58000
core   0: 0x80005b30 (0x039a52b3) divu    t0, s4, s9
core   0: 0 0x80005b30 (0x039a52b3) x5  0xffffffff
core   0: 0x80005b34 (0x02161063) bne     a2, ra, pc + 32
core   0: 0 0x80005b34 (0x02161063)
core   0: 0x80005b54 (0x00008f6d) c.and   a4, a1
core   0: 0 0x80005b54 (0x8f6d) x14 0x00000000
core   0: 0x80005b56 (0x000088c9) c.andi  s1, 18
core   0: 0 0x80005b56 (0x88c9) x9  0x00000000
core   0: 0x80005b58 (0x6736ac13) slti    s8, a3, 1651
core   0: 0 0x80005b58 (0x6736ac13) x24 0x00000001
core   0: 0x80005b5c (0x4fcd3e93) sltiu   t4, s10, 1276
core   0: 0 0x80005b5c (0x4fcd3e93) x29 0x00000001
core   0: 0x80005b60 (0x0000100f) fence.i
core   0: 0 0x80005b60 (0x0000100f)
core   0: 0x80005b64 (0x03c26f33) rem     t5, tp, t3
core   0: 0 0x80005b64 (0x03c26f33) x30 0x60f58000
core   0: 0x80005b68 (0x00f3d233) srl     tp, t2, a5
core   0: 0 0x80005b68 (0x00f3d233) x4  0x00000000
core   0: 0x80005b6c (0x0ff0000f) fence   iorw,iorw
core   0: 0 0x80005b6c (0x0ff0000f)
core   0: 0x80005b70 (0x01bafb33) and     s6, s5, s11
core   0: 0 0x80005b70 (0x01bafb33) x22 0x00000014
core   0: 0x80005b74 (0x0273e133) rem     sp, t2, t2
core   0: 0 0x80005b74 (0x0273e133) x2  0x00000000
core   0: 0x80005b78 (0x000003a2) c.slli  t2, 8
core   0: 0 0x80005b78 (0x03a2) x7  0x00000000
core   0: 0x80005b7a (0x0000e50d) c.bnez  a0, pc + 42
core   0: 0 0x80005b7a (0xe50d)
core   0: 0x80005ba4 (0x000065e5) c.lui   a1, 0x19
core   0: 0 0x80005ba4 (0x65e5) x11 0x00019000
core   0: 0x80005ba6 (0x0ff0000f) fence   iorw,iorw
core   0: 0 0x80005ba6 (0x0ff0000f)
core   0: 0x80005baa (0x591ac917) auipc   s2, 0x591ac
core   0: 0 0x80005baa (0x591ac917) x18 0xd91b1baa
core   0: 0x80005bae (0x00001004) c.addi4spn s1, sp, 32
core   0: 0 0x80005bae (0x1004) x9  0x00000020
core   0: 0x80005bb0 (0x03d8e3b3) rem     t2, a7, t4
core   0: 0 0x80005bb0 (0x03d8e3b3) x7  0x00000000
core   0: 0x80005bb4 (0xa3190593) addi    a1, s2, -1487
core   0: 0 0x80005bb4 (0xa3190593) x11 0xd91b15db
core   0: 0x80005bb8 (0x01ba1793) slli    a5, s4, 27
core   0: 0 0x80005bb8 (0x01ba1793) x15 0x98000000
core   0: 0x80005bbc (0x011646b3) xor     a3, a2, a7
core   0: 0 0x80005bbc (0x011646b3) x13 0xe0f7dce4
core   0: 0x80005bc0 (0x03e385b3) mul     a1, t2, t5
core   0: 0 0x80005bc0 (0x03e385b3) x11 0x00000000
core   0: 0x80005bc4 (0x00008359) c.srli  a4, 22
core   0: 0 0x80005bc4 (0x8359) x14 0x00000000
core   0: 0x80005bc6 (0x0000100f) fence.i
core   0: 0 0x80005bc6 (0x0000100f)
core   0: 0x80005bca (0x027fd6b3) divu    a3, t6, t2
core   0: 0 0x80005bca (0x027fd6b3) x13 0xffffffff
core   0: 0x80005bce (0x014f7f33) and     t5, t5, s4
core   0: 0 0x80005bce (0x014f7f33) x30 0x00000000
core   0: 0x80005bd2 (0x006b80b3) add     ra, s7, t1
core   0: 0 0x80005bd2 (0x006b80b3) x1  0x000002f9
core   0: 0x80005bd6 (0x00db7363) bgeu    s6, a3, pc + 6
core   0: 0 0x80005bd6 (0x00db7363)
core   0: 0x80005bda (0x0000c319) c.beqz  a4, pc + 6
core   0: 0 0x80005bda (0xc319)
core   0: 0x80005be0 (0x05094163) blt     s2, a6, pc + 66
core   0: 0 0x80005be0 (0x05094163)
core   0: 0x80005c22 (0x0335ab33) mulhsu  s6, a1, s3
core   0: 0 0x80005c22 (0x0335ab33) x22 0x00000000
core   0: 0x80005c26 (0x00008ef1) c.and   a3, a2
core   0: 0 0x80005c26 (0x8ef1) x13 0x80025ce4
core   0: 0x80005c28 (0x0032c233) xor     tp, t0, gp
core   0: 0 0x80005c28 (0x0032c233) x4  0xfffffffd
core   0: 0x80005c2c (0x03c844b3) div     s1, a6, t3
core   0: 0 0x80005c2c (0x03c844b3) x9  0x00000000
core   0: 0x80005c30 (0x00000808) c.addi4spn a0, sp, 16
core   0: 0 0x80005c30 (0x0808) x10 0x00000010
core   0: 0x80005c32 (0x03f38563) beq     t2, t6, pc + 42
core   0: 0 0x80005c32 (0x03f38563)
core   0: 0x80005c36 (0x00ab0fb3) add     t6, s6, a0
core   0: 0 0x80005c36 (0x00ab0fb3) x31 0x00000010
core   0: 0x80005c3a (0x00006df9) c.lui   s11, 0x1e
core   0: 0 0x80005c3a (0x6df9) x27 0x0001e000
core   0: 0x80005c3c (0x000080d9) c.srli  s1, 22
core   0: 0 0x80005c3c (0x80d9) x9  0x00000000
core   0: 0x80005c3e (0x03dd83b3) mul     t2, s11, t4
core   0: 0 0x80005c3e (0x03dd83b3) x7  0x0001e000
core   0: 0x80005c42 (0x0076f663) bgeu    a3, t2, pc + 12
core   0: 0 0x80005c42 (0x0076f663)
core   0: 0x80005c4e (0x0dfb7a93) andi    s5, s6, 223
core   0: 0 0x80005c4e (0x0dfb7a93) x21 0x00000000
core   0: 0x80005c52 (0x00008bad) c.andi  a5, 11
core   0: 0 0x80005c52 (0x8bad) x15 0x00000000
core   0: 0x80005c54 (0x008e9933) sll     s2, t4, s0
core   0: 0 0x80005c54 (0x008e9933) x18 0x00000001
core   0: 0x80005c58 (0x0000100f) fence.i
core   0: 0 0x80005c58 (0x0000100f)
core   0: 0x80005c5c (0x003561b3) or      gp, a0, gp
core   0: 0 0x80005c5c (0x003561b3) x3  0x00000012
core   0: 0x80005c60 (0x00001588) c.addi4spn a0, sp, 736
core   0: 0 0x80005c60 (0x1588) x10 0x000002e0
core   0: 0x80005c62 (0x4161d1b3) sra     gp, gp, s6
core   0: 0 0x80005c62 (0x4161d1b3) x3  0x00000012
core   0: 0x80005c66 (0x01f845b3) xor     a1, a6, t6
core   0: 0 0x80005c66 (0x01f845b3) x11 0x00000010
core   0: 0x80005c6a (0x00008ce1) c.and   s1, s0
core   0: 0 0x80005c6a (0x8ce1) x9  0x00000000
core   0: 0x80005c6c (0x00000001) c.nop
core   0: 0 0x80005c6c (0x0001)
core   0: 0x80005c6e (0x01e5cbb3) xor     s7, a1, t5
core   0: 0 0x80005c6e (0x01e5cbb3) x23 0x00000010
core   0: 0x80005c72 (0x59ef2393) slti    t2, t5, 1438
core   0: 0 0x80005c72 (0x59ef2393) x7  0x00000001
core   0: 0x80005c76 (0x03dab9b3) mulhu   s3, s5, t4
core   0: 0 0x80005c76 (0x03dab9b3) x19 0x00000000
core   0: 0x80005c7a (0x40785213) srai    tp, a6, 7
core   0: 0 0x80005c7a (0x40785213) x4  0x00000000
core   0: 0x80005c7e (0x6bd10b37) lui     s6, 0x6bd10
core   0: 0 0x80005c7e (0x6bd10b37) x22 0x6bd10000
core   0: 0x80005c82 (0x00008fed) c.and   a5, a1
core   0: 0 0x80005c82 (0x8fed) x15 0x00000000
core   0: 0x80005c84 (0xb4728f93) addi    t6, t0, -1209
core   0: 0 0x80005c84 (0xb4728f93) x31 0xfffffb46
core   0: 0x80005c88 (0x00b959b3) srl     s3, s2, a1
core   0: 0 0x80005c88 (0x00b959b3) x19 0x00000000
core   0: 0x80005c8c (0x0000100f) fence.i
core   0: 0 0x80005c8c (0x0000100f)
core   0: 0x80005c90 (0x29338cb7) lui     s9, 0x29338
core   0: 0 0x80005c90 (0x29338cb7) x25 0x29338000
core   0: 0x80005c94 (0x0000890d) c.andi  a0, 3
core   0: 0 0x80005c94 (0x890d) x10 0x00000000
core   0: 0x80005c96 (0x0000eb95) c.bnez  a5, pc + 52
core   0: 0 0x80005c96 (0xeb95)
core   0: 0x80005c98 (0x0000871d) c.srai  a4, 7
core   0: 0 0x80005c98 (0x871d) x14 0x00000000
core   0: 0x80005c9a (0x000084b1) c.srai  s1, 12
core   0: 0 0x80005c9a (0x84b1) x9  0x00000000
core   0: 0x80005c9c (0x41dbdb33) sra     s6, s7, t4
core   0: 0 0x80005c9c (0x41dbdb33) x22 0x00000008
core   0: 0x80005ca0 (0x00000001) c.nop
core   0: 0 0x80005ca0 (0x0001)
core   0: 0x80005ca2 (0x70ca3a37) lui     s4, 0x70ca3
core   0: 0 0x80005ca2 (0x70ca3a37) x20 0x70ca3000
core   0: 0x80005ca6 (0x0000717d) c.addi16sp sp, -16
core   0: 0 0x80005ca6 (0x717d) x2  0xfffffff0
core   0: 0x80005ca8 (0x00008dad) c.xor   a1, a1
core   0: 0 0x80005ca8 (0x8dad) x11 0x00000000
core   0: 0x80005caa (0x00f41113) slli    sp, s0, 15
core   0: 0 0x80005caa (0x00f41113) x2  0x00000000
core   0: 0x80005cae (0x000045c5) c.li    a1, 17
core   0: 0 0x80005cae (0x45c5) x11 0x00000011
core   0: 0x80005cb0 (0x503a4513) xori    a0, s4, 1283
core   0: 0 0x80005cb0 (0x503a4513) x10 0x70ca3503
core   0: 0x80005cb4 (0x039f2db3) mulhsu  s11, t5, s9
core   0: 0 0x80005cb4 (0x039f2db3) x27 0x00000000
core   0: 0x80005cb8 (0x0319e1b3) rem     gp, s3, a7
core   0: 0 0x80005cb8 (0x0319e1b3) x3  0x00000000
core   0: 0x80005cbc (0x00000001) c.nop
core   0: 0 0x80005cbc (0x0001)
core   0: 0x80005cbe (0x40cdda33) sra     s4, s11, a2
core   0: 0 0x80005cbe (0x40cdda33) x20 0x00000000
core   0: 0x80005cc2 (0x02f7aeb3) mulhsu  t4, a5, a5
core   0: 0 0x80005cc2 (0x02f7aeb3) x29 0x00000000
core   0: 0x80005cc6 (0x000003f2) c.slli  t2, 28
core   0: 0 0x80005cc6 (0x03f2) x7  0x10000000
core   0: 0x80005cc8 (0x000000d2) c.slli  ra, 20
core   0: 0 0x80005cc8 (0x00d2) x1  0x2f900000
core   0: 0x80005cca (0xe721e297) auipc   t0, 0xe721e
core   0: 0 0x80005cca (0xe721e297) x5  0x67223cca
core   0: 0x80005cce (0x00008f59) c.or    a4, a4
core   0: 0 0x80005cce (0x8f59) x14 0x00000000
core   0: 0x80005cd0 (0x0000537d) c.li    t1, -1
core   0: 0 0x80005cd0 (0x537d) x6  0xffffffff
core   0: 0x80005cd2 (0x02211f33) mulh    t5, sp, sp
core   0: 0 0x80005cd2 (0x02211f33) x30 0x00000000
core   0: 0x80005cd6 (0x011b5863) bge     s6, a7, pc + 16
core   0: 0 0x80005cd6 (0x011b5863)
core   0: 0x80005cda (0x02788fb3) mul     t6, a7, t2
core   0: 0 0x80005cda (0x02788fb3) x31 0x00000000
core   0: 0x80005cde (0x0000eb19) c.bnez  a4, pc + 22
core   0: 0 0x80005cde (0xeb19)
core   0: 0x80005ce0 (0x187cce93) xori    t4, s9, 391
core   0: 0 0x80005ce0 (0x187cce93) x29 0x29338187
core   0: 0x80005ce4 (0x00008fc1) c.or    a5, s0
core   0: 0 0x80005ce4 (0x8fc1) x15 0x80000000
core   0: 0x80005ce6 (0x000082e1) c.srli  a3, 24
core   0: 0 0x80005ce6 (0x82e1) x13 0x00000080
core   0: 0x80005ce8 (0x006b0933) add     s2, s6, t1
core   0: 0 0x80005ce8 (0x006b0933) x18 0x00000007
core   0: 0x80005cec (0x01c07533) and     a0, zero, t3
core   0: 0 0x80005cec (0x01c07533) x10 0x00000000
core   0: 0x80005cf0 (0x03d6c6b3) div     a3, a3, t4
core   0: 0 0x80005cf0 (0x03d6c6b3) x13 0x00000000
core   0: 0x80005cf4 (0x512bf993) andi    s3, s7, 1298
core   0: 0 0x80005cf4 (0x512bf993) x19 0x00000010
core   0: 0x80005cf8 (0x0153b233) sltu    tp, t2, s5
core   0: 0 0x80005cf8 (0x0153b233) x4  0x00000000
core   0: 0x80005cfc (0x04698163) beq     s3, t1, pc + 66
core   0: 0 0x80005cfc (0x04698163)
core   0: 0x80005d00 (0x01474733) xor     a4, a4, s4
core   0: 0 0x80005d00 (0x01474733) x14 0x00000000
core   0: 0x80005d04 (0x036322b3) mulhsu  t0, t1, s6
core   0: 0 0x80005d04 (0x036322b3) x5  0xffffffff
core   0: 0x80005d08 (0x40525f13) srai    t5, tp, 5
core   0: 0 0x80005d08 (0x40525f13) x30 0x00000000
core   0: 0x80005d0c (0x000d52b3) srl     t0, s10, zero
core   0: 0 0x80005d0c (0x000d52b3) x5  0x00000001
core   0: 0x80005d10 (0x005a2cb3) slt     s9, s4, t0
core   0: 0 0x80005d10 (0x005a2cb3) x25 0x00000001
core   0: 0x80005d14 (0x0148f2b3) and     t0, a7, s4
core   0: 0 0x80005d14 (0x0148f2b3) x5  0x00000000
core   0: 0x80005d18 (0x000065b5) c.lui   a1, 0xd
core   0: 0 0x80005d18 (0x65b5) x11 0x0000d000
core   0: 0x80005d1a (0x00000001) c.nop
core   0: 0 0x80005d1a (0x0001)
core   0: 0x80005d1c (0x000083e9) c.srli  a5, 26
core   0: 0 0x80005d1c (0x83e9) x15 0x00000020
core   0: 0x80005d1e (0x00006bc1) c.lui   s7, 0x10
core   0: 0 0x80005d1e (0x6bc1) x23 0x00010000
core   0: 0x80005d20 (0x00006139) c.addi16sp sp, 448
core   0: 0 0x80005d20 (0x6139) x2  0x000001c0
core   0: 0x80005d22 (0x00325663) bge     tp, gp, pc + 12
core   0: 0 0x80005d22 (0x00325663)
core   0: 0x80005d2e (0x0000c119) c.beqz  a0, pc + 6
core   0: 0 0x80005d2e (0xc119)
core   0: 0x80005d34 (0x000057fd) c.li    a5, -1
core   0: 0 0x80005d34 (0x57fd) x15 0xffffffff
core   0: 0x80005d36 (0x00065933) srl     s2, a2, zero
core   0: 0 0x80005d36 (0x00065933) x18 0x80025ce4
core   0: 0x80005d3a (0xfe5da513) slti    a0, s11, -27
core   0: 0 0x80005d3a (0xfe5da513) x10 0x00000000
core   0: 0x80005d3e (0x40cbd333) sra     t1, s7, a2
core   0: 0 0x80005d3e (0x40cbd333) x6  0x00001000
core   0: 0x80005d42 (0x0000100f) fence.i
core   0: 0 0x80005d42 (0x0000100f)
core   0: 0x80005d46 (0x011e5333) srl     t1, t3, a7
core   0: 0 0x80005d46 (0x011e5333) x6  0x80021e64
core   0: 0x80005d4a (0x0000e481) c.bnez  s1, pc + 8
core   0: 0 0x80005d4a (0xe481)
core   0: 0x80005d4c (0x00006919) c.lui   s2, 0x6
core   0: 0 0x80005d4c (0x6919) x18 0x00006000
core   0: 0x80005d4e (0x0224a1b3) mulhsu  gp, s1, sp
core   0: 0 0x80005d4e (0x0224a1b3) x3  0x00000000
core   0: 0x80005d52 (0x00008d95) c.sub   a1, a3
core   0: 0 0x80005d52 (0x8d95) x11 0x0000d000
core   0: 0x80005d54 (0x0000048c) c.addi4spn a1, sp, 576
core   0: 0 0x80005d54 (0x048c) x11 0x00000400
core   0: 0x80005d56 (0x2b81d837) lui     a6, 0x2b81d
core   0: 0 0x80005d56 (0x2b81d837) x16 0x2b81d000
core   0: 0x80005d5a (0x00008cdd) c.or    s1, a5
core   0: 0 0x80005d5a (0x8cdd) x9  0xffffffff
core   0: 0x80005d5c (0x0ff0000f) fence   iorw,iorw
core   0: 0 0x80005d5c (0x0ff0000f)
core   0: 0x80005d60 (0x02f02c33) mulhsu  s8, zero, a5
core   0: 0 0x80005d60 (0x02f02c33) x24 0x00000000
core   0: 0x80005d64 (0x9014ce93) xori    t4, s1, -1791
core   0: 0 0x80005d64 (0x9014ce93) x29 0x000006fe
core   0: 0x80005d68 (0xc91ff893) andi    a7, t6, -879
core   0: 0 0x80005d68 (0xc91ff893) x17 0x00000000
core   0: 0x80005d6c (0x00059e93) slli    t4, a1, 0
core   0: 0 0x80005d6c (0x00059e93) x29 0x00000400
core   0: 0x80005d70 (0x01feed33) or      s10, t4, t6
core   0: 0 0x80005d70 (0x01feed33) x26 0x00000400
core   0: 0x80005d74 (0x00000001) c.nop
core   0: 0 0x80005d74 (0x0001)
core   0: 0x80005d76 (0xf0390f13) addi    t5, s2, -253
core   0: 0 0x80005d76 (0xf0390f13) x30 0x00005f03
core   0: 0x80005d7a (0x00000125) c.addi  sp, 9
core   0: 0 0x80005d7a (0x0125) x2  0x000001c9
core   0: 0x80005d7c (0x00547463) bgeu    s0, t0, pc + 8
core   0: 0 0x80005d7c (0x00547463)
core   0: 0x80005d84 (0x00641c63) bne     s0, t1, pc + 24
core   0: 0 0x80005d84 (0x00641c63)
core   0: 0x80005d9c (0x0000849d) c.srai  s1, 7
core   0: 0 0x80005d9c (0x849d) x9  0xffffffff
core   0: 0x80005d9e (0x00001c14) c.addi4spn a3, sp, 560
core   0: 0 0x80005d9e (0x1c14) x13 0x000003f9
core   0: 0x80005da0 (0x0000100f) fence.i
core   0: 0 0x80005da0 (0x0000100f)
core   0: 0x80005da4 (0x031a6563) bltu    s4, a7, pc + 42
core   0: 0 0x80005da4 (0x031a6563)
core   0: 0x80005da8 (0x7aca4893) xori    a7, s4, 1964
core   0: 0 0x80005da8 (0x7aca4893) x17 0x000007ac
core   0: 0x80005dac (0x0000100f) fence.i
core   0: 0 0x80005dac (0x0000100f)
core   0: 0x80005db0 (0x00008dfa) c.mv    s11, t5
core   0: 0 0x80005db0 (0x8dfa) x27 0x00005f03
core   0: 0x80005db2 (0x00008ca5) c.xor   s1, s1
core   0: 0 0x80005db2 (0x8ca5) x9  0x00000000
core   0: 0x80005db4 (0x00008691) c.srai  a3, 4
core   0: 0 0x80005db4 (0x8691) x13 0x0000003f
core   0: 0x80005db6 (0x7e4158b7) lui     a7, 0x7e415
core   0: 0 0x80005db6 (0x7e4158b7) x17 0x7e415000
core   0: 0x80005dba (0x003744b3) xor     s1, a4, gp
core   0: 0 0x80005dba (0x003744b3) x9  0x00000000
core   0: 0x80005dbe (0x00009686) c.add   a3, ra
core   0: 0 0x80005dbe (0x9686) x13 0x2f90003f
core   0: 0x80005dc0 (0x00c27f33) and     t5, tp, a2
core   0: 0 0x80005dc0 (0x00c27f33) x30 0x00000000
core   0: 0x80005dc4 (0x00009bfd) c.andi  a5, -1
core   0: 0 0x80005dc4 (0x9bfd) x15 0xffffffff
core   0: 0x80005dc6 (0x0198c233) xor     tp, a7, s9
core   0: 0 0x80005dc6 (0x0198c233) x4  0x7e415001
core   0: 0x80005dca (0x036110b3) mulh    ra, sp, s6
core   0: 0 0x80005dca (0x036110b3) x1  0x00000000
core   0: 0x80005dce (0x0000100f) fence.i
core   0: 0 0x80005dce (0x0000100f)
core   0: 0x80005dd2 (0xa5e30913) addi    s2, t1, -1442
core   0: 0 0x80005dd2 (0xa5e30913) x18 0x800218c2
core   0: 0x80005dd6 (0x00006a69) c.lui   s4, 0x1a
core   0: 0 0x80005dd6 (0x6a69) x20 0x0001a000
core   0: 0x80005dd8 (0x00008f71) c.and   a4, a2
core   0: 0 0x80005dd8 (0x8f71) x14 0x00000000
core   0: 0x80005dda (0x27dab793) sltiu   a5, s5, 637
core   0: 0 0x80005dda (0x27dab793) x15 0x00000001
core   0: 0x80005dde (0x414089b3) sub     s3, ra, s4
core   0: 0 0x80005dde (0x414089b3) x19 0xfffe6000
core   0: 0x80005de2 (0x00000001) c.nop
core   0: 0 0x80005de2 (0x0001)
core   0: 0x80005de4 (0x00009ab2) c.add   s5, a2
core   0: 0 0x80005de4 (0x9ab2) x21 0x80025ce4
core   0: 0x80005de6 (0x00000349) c.addi  t1, 18
core   0: 0 0x80005de6 (0x0349) x6  0x80021e76
core   0: 0x80005de8 (0x01e2ecb3) or      s9, t0, t5
core   0: 0 0x80005de8 (0x01e2ecb3) x25 0x00000000
core   0: 0x80005dec (0xbc2e4b37) lui     s6, 0xbc2e4
core   0: 0 0x80005dec (0xbc2e4b37) x22 0xbc2e4000
core   0: 0x80005df0 (0x0000e115) c.bnez  a0, pc + 36
core   0: 0 0x80005df0 (0xe115)
core   0: 0x80005df2 (0xd8c2b737) lui     a4, 0xd8c2b
core   0: 0 0x80005df2 (0xd8c2b737) x14 0xd8c2b000
core   0: 0x80005df6 (0x00008ced) c.and   s1, a1
core   0: 0 0x80005df6 (0x8ced) x9  0x00000000
core   0: 0x80005df8 (0x01e95263) bge     s2, t5, pc + 4
core   0: 0 0x80005df8 (0x01e95263)
core   0: 0x80005dfc (0x0343b833) mulhu   a6, t2, s4
core   0: 0 0x80005dfc (0x0343b833) x16 0x00001a00
core   0: 0x80005e00 (0x00006b35) c.lui   s6, 0xd
core   0: 0 0x80005e00 (0x6b35) x22 0x0000d000
core   0: 0x80005e02 (0x00000001) c.nop
core   0: 0 0x80005e02 (0x0001)
core   0: 0x80005e04 (0x033ccc63) blt     s9, s3, pc + 56
core   0: 0 0x80005e04 (0x033ccc63)
core   0: 0x80005e08 (0x000033b3) snez    t2, zero
core   0: 0 0x80005e08 (0x000033b3) x7  0x00000000
core   0: 0x80005e0c (0x000059fd) c.li    s3, -1
core   0: 0 0x80005e0c (0x59fd) x19 0xffffffff
core   0: 0x80005e0e (0x0000e70d) c.bnez  a4, pc + 42
core   0: 0 0x80005e0e (0xe70d)
core   0: 0x80005e38 (0x03bb73b3) remu    t2, s6, s11
core   0: 0 0x80005e38 (0x03bb73b3) x7  0x000011fa
core   0: 0x80005e3c (0x03a8c1b3) div     gp, a7, s10
core   0: 0 0x80005e3c (0x03a8c1b3) x3  0x001f9054
core   0: 0x80005e40 (0x00a65d33) srl     s10, a2, a0
core   0: 0 0x80005e40 (0x00a65d33) x26 0x80025ce4
core   0: 0x80005e44 (0x031275b3) remu    a1, tp, a7
core   0: 0 0x80005e44 (0x031275b3) x11 0x00000001
core   0: 0x80005e48 (0x00bf9813) slli    a6, t6, 11
core   0: 0 0x80005e48 (0x00bf9813) x16 0x00000000
core   0: 0x80005e4c (0x02b7f6b3) remu    a3, a5, a1
core   0: 0 0x80005e4c (0x02b7f6b3) x13 0x00000000
core   0: 0x80005e50 (0x00008ff1) c.and   a5, a2
core   0: 0 0x80005e50 (0x8ff1) x15 0x00000000
core   0: 0x80005e52 (0x13602517) auipc   a0, 0x13602
core   0: 0 0x80005e52 (0x13602517) x10 0x93607e52
core   0: 0x80005e56 (0x41915d33) sra     s10, sp, s9
core   0: 0 0x80005e56 (0x41915d33) x26 0x000001c9
core   0: 0x80005e5a (0x03cf75b3) remu    a1, t5, t3
core   0: 0 0x80005e5a (0x03cf75b3) x11 0x00000000
core   0: 0x80005e5e (0x00001d88) c.addi4spn a0, sp, 752
core   0: 0 0x80005e5e (0x1d88) x10 0x000004b9
core   0: 0x80005e60 (0x00008d3d) c.xor   a0, a5
core   0: 0 0x80005e60 (0x8d3d) x10 0x000004b9
core   0: 0x80005e62 (0x000045c1) c.li    a1, 16
core   0: 0 0x80005e62 (0x45c1) x11 0x00000010
core   0: 0x80005e64 (0x02afea33) rem     s4, t6, a0
core   0: 0 0x80005e64 (0x02afea33) x20 0x00000000
core   0: 0x80005e68 (0x02401ab3) mulh    s5, zero, tp
core   0: 0 0x80005e68 (0x02401ab3) x21 0x00000000
core   0: 0x80005e6c (0x01fa1c33) sll     s8, s4, t6
core   0: 0 0x80005e6c (0x01fa1c33) x24 0x00000000
core   0: 0x80005e70 (0x038d8263) beq     s11, s8, pc + 36
core   0: 0 0x80005e70 (0x038d8263)
core   0: 0x80005e74 (0x01790db3) add     s11, s2, s7
core   0: 0 0x80005e74 (0x01790db3) x27 0x800318c2
core   0: 0x80005e78 (0x03fdc0b3) div     ra, s11, t6
core   0: 0 0x80005e78 (0x03fdc0b3) x1  0xffffffff
core   0: 0x80005e7c (0x40d485b3) sub     a1, s1, a3
core   0: 0 0x80005e7c (0x40d485b3) x11 0x00000000
core   0: 0x80005e80 (0x01f24f33) xor     t5, tp, t6
core   0: 0 0x80005e80 (0x01f24f33) x30 0x7e415001
core   0: 0x80005e84 (0x0ff0000f) fence   iorw,iorw
core   0: 0 0x80005e84 (0x0ff0000f)
core   0: 0x80005e88 (0x0000100f) fence.i
core   0: 0 0x80005e88 (0x0000100f)
core   0: 0x80005e8c (0x0137dd13) srli    s10, a5, 19
core   0: 0 0x80005e8c (0x0137dd13) x26 0x00000000
core   0: 0x80005e90 (0x0109cab3) xor     s5, s3, a6
core   0: 0 0x80005e90 (0x0109cab3) x21 0xffffffff
core   0: 0x80005e94 (0x027ce2b3) rem     t0, s9, t2
core   0: 0 0x80005e94 (0x027ce2b3) x5  0x00000000
core   0: 0x80005e98 (0x00005f7d) c.li    t5, -1
core   0: 0 0x80005e98 (0x5f7d) x30 0xffffffff
core   0: 0x80005e9a (0x0140e833) or      a6, ra, s4
core   0: 0 0x80005e9a (0x0140e833) x16 0xffffffff
core   0: 0x80005e9e (0x00000b88) c.addi4spn a0, sp, 464
core   0: 0 0x80005e9e (0x0b88) x10 0x00000399
core   0: 0x80005ea0 (0x027b5833) divu    a6, s6, t2
core   0: 0 0x80005ea0 (0x027b5833) x16 0x0000000b
core   0: 0x80005ea4 (0x000668b3) or      a7, a2, zero
core   0: 0 0x80005ea4 (0x000668b3) x17 0x80025ce4
core   0: 0x80005ea8 (0x00004c29) c.li    s8, 10
core   0: 0 0x80005ea8 (0x4c29) x24 0x0000000a
core   0: 0x80005eaa (0x008ed3b3) srl     t2, t4, s0
core   0: 0 0x80005eaa (0x008ed3b3) x7  0x00000400
core   0: 0x80005eae (0x0376d063) bge     a3, s7, pc + 32
core   0: 0 0x80005eae (0x0376d063)
core   0: 0x80005eb2 (0x0000c319) c.beqz  a4, pc + 6
core   0: 0 0x80005eb2 (0xc319)
core   0: 0x80005eb4 (0x41d651b3) sra     gp, a2, t4
core   0: 0 0x80005eb4 (0x41d651b3) x3  0x80025ce4
core   0: 0x80005eb8 (0xfb6e4113) xori    sp, t3, -74
core   0: 0 0x80005eb8 (0xfb6e4113) x2  0x7ffde1d2
core   0: 0x80005ebc (0x0000894d) c.andi  a0, 19
core   0: 0 0x80005ebc (0x894d) x10 0x00000011
core   0: 0x80005ebe (0x0000096a) c.slli  s2, 26
core   0: 0 0x80005ebe (0x096a) x18 0x08000000
core   0: 0x80005ec0 (0x00f44363) blt     s0, a5, pc + 6
core   0: 0 0x80005ec0 (0x00f44363)
core   0: 0x80005ec6 (0x405c5d33) sra     s10, s8, t0
core   0: 0 0x80005ec6 (0x405c5d33) x26 0x0000000a
core   0: 0x80005eca (0x000056fd) c.li    a3, -1
core   0: 0 0x80005eca (0x56fd) x13 0xffffffff
core   0: 0x80005ecc (0x00008915) c.andi  a0, 5
core   0: 0 0x80005ecc (0x8915) x10 0x00000001
core   0: 0x80005ece (0x00006165) c.addi16sp sp, 112
core   0: 0 0x80005ece (0x6165) x2  0x7ffde242
core   0: 0x80005ed0 (0x035ec233) div     tp, t4, s5
core   0: 0 0x80005ed0 (0x035ec233) x4  0xfffffc00
core   0: 0x80005ed4 (0x01be02b3) add     t0, t3, s11
core   0: 0 0x80005ed4 (0x01be02b3) x5  0x00053726
core   0: 0x80005ed8 (0x020fc163) bltz    t6, pc + 34
core   0: 0 0x80005ed8 (0x020fc163)
core   0: 0x80005edc (0x40548133) sub     sp, s1, t0
core   0: 0 0x80005edc (0x40548133) x2  0xfffac8da
core   0: 0x80005ee0 (0x00000d3a) c.slli  s10, 14
core   0: 0 0x80005ee0 (0x0d3a) x26 0x00028000
core   0: 0x80005ee2 (0x00008d51) c.or    a0, a2
core   0: 0 0x80005ee2 (0x8d51) x10 0x80025ce5
core   0: 0x80005ee4 (0x0ff0000f) fence   iorw,iorw
core   0: 0 0x80005ee4 (0x0ff0000f)
core   0: 0x80005ee8 (0xd7a2ae93) slti    t4, t0, -646
core   0: 0 0x80005ee8 (0xd7a2ae93) x29 0x00000000
core   0: 0x80005eec (0x0000717d) c.addi16sp sp, -16
core   0: 0 0x80005eec (0x717d) x2  0xfffac8ca
core   0: 0x80005eee (0x000087a9) c.srai  a5, 10
core   0: 0 0x80005eee (0x87a9) x15 0x00000000
core   0: 0x80005ef0 (0x00001d1c) c.addi4spn a5, sp, 688
core   0: 0 0x80005ef0 (0x1d1c) x15 0xfffacb7a
core   0: 0x80005ef2 (0x0000e891) c.bnez  s1, pc + 20
core   0: 0 0x80005ef2 (0xe891)
core   0: 0x80005ef4 (0x03ca89b3) mul     s3, s5, t3
core   0: 0 0x80005ef4 (0x03ca89b3) x19 0x7ffde19c
core   0: 0x80005ef8 (0x0000839d) c.srli  a5, 7
core   0: 0 0x80005ef8 (0x839d) x15 0x01fff596
core   0: 0x80005efa (0x00000001) c.nop
core   0: 0 0x80005efa (0x0001)
core   0: 0x80005efc (0x6e6f7f17) auipc   t5, 0x6e6f7
core   0: 0 0x80005efc (0x6e6f7f17) x30 0xee6fcefc
core   0: 0x80005f00 (0x00006d95) c.lui   s11, 0x5
core   0: 0 0x80005f00 (0x6d95) x27 0x00005000
core   0: 0x80005f02 (0xbcdd3a13) sltiu   s4, s10, -1075
core   0: 0 0x80005f02 (0xbcdd3a13) x20 0x00000001
core   0: 0x80005f06 (0x048d8463) beq     s11, s0, pc + 72
core   0: 0 0x80005f06 (0x048d8463)
core   0: 0x80005f0a (0x41b5da93) srai    s5, a1, 27
core   0: 0 0x80005f0a (0x41b5da93) x21 0x00000000
core   0: 0x80005f0e (0x00006d25) c.lui   s10, 0x9
core   0: 0 0x80005f0e (0x6d25) x26 0x00009000
core   0: 0x80005f10 (0x04eac463) blt     s5, a4, pc + 72
core   0: 0 0x80005f10 (0x04eac463)
core   0: 0x80005f14 (0x01dcddb3) srl     s11, s9, t4
core   0: 0 0x80005f14 (0x01dcddb3) x27 0x00000000
core   0: 0x80005f18 (0x0000557d) c.li    a0, -1
core   0: 0 0x80005f18 (0x557d) x10 0xffffffff
core   0: 0x80005f1a (0x00299013) slli    zero, s3, 2
core   0: 0 0x80005f1a (0x00299013)
core   0: 0x80005f1e (0x0384d063) bge     s1, s8, pc + 32
core   0: 0 0x80005f1e (0x0384d063)
core   0: 0x80005f22 (0x00f32f33) slt     t5, t1, a5
core   0: 0 0x80005f22 (0x00f32f33) x30 0x00000001
core   0: 0x80005f26 (0x22939837) lui     a6, 0x22939
core   0: 0 0x80005f26 (0x22939837) x16 0x22939000
core   0: 0x80005f2a (0x00000001) c.nop
core   0: 0 0x80005f2a (0x0001)
core   0: 0x80005f2c (0x00c1da93) srli    s5, gp, 12
core   0: 0 0x80005f2c (0x00c1da93) x21 0x00080025
core   0: 0x80005f30 (0x00721263) bne     tp, t2, pc + 4
core   0: 0 0x80005f30 (0x00721263)
core   0: 0x80005f34 (0x0389a3b3) mulhsu  t2, s3, s8
core   0: 0 0x80005f34 (0x0389a3b3) x7  0x00000004
core   0: 0x80005f38 (0x0353a3b3) mulhsu  t2, t2, s5
core   0: 0 0x80005f38 (0x0353a3b3) x7  0x00000000
core   0: 0x80005f3c (0x0000c19d) c.beqz  a1, pc + 38
core   0: 0 0x80005f3c (0xc19d)
core   0: 0x80005f62 (0x015429b3) slt     s3, s0, s5
core   0: 0 0x80005f62 (0x015429b3) x19 0x00000001
core   0: 0x80005f66 (0x00008c95) c.sub   s1, a3
core   0: 0 0x80005f66 (0x8c95) x9  0x00000001
core   0: 0x80005f68 (0x03d47ab3) remu    s5, s0, t4
core   0: 0 0x80005f68 (0x03d47ab3) x21 0x80000000
core   0: 0x80005f6c (0x00000cb6) c.slli  s9, 13
core   0: 0 0x80005f6c (0x0cb6) x25 0x00000000
core   0: 0x80005f6e (0x00008ddd) c.or    a1, a5
core   0: 0 0x80005f6e (0x8ddd) x11 0x01fff596
core   0: 0x80005f70 (0x0000eb95) c.bnez  a5, pc + 52
core   0: 0 0x80005f70 (0xeb95)
core   0: 0x80005fa4 (0x00b48d63) beq     s1, a1, pc + 26
core   0: 0 0x80005fa4 (0x00b48d63)
core   0: 0x80005fa8 (0x63737293) andi    t0, t1, 1591
core   0: 0 0x80005fa8 (0x63737293) x5  0x00000636
core   0: 0x80005fac (0x02621d63) bne     tp, t1, pc + 58
core   0: 0 0x80005fac (0x02621d63)
core   0: 0x80005fe6 (0x00006c1d) c.lui   s8, 0x7
core   0: 0 0x80005fe6 (0x6c1d) x24 0x00007000
core   0: 0x80005fe8 (0x00008f65) c.and   a4, s1
core   0: 0 0x80005fe8 (0x8f65) x14 0x00000000
core   0: 0x80005fea (0x41525893) srai    a7, tp, 21
core   0: 0 0x80005fea (0x41525893) x17 0xffffffff
core   0: 0x80005fee (0x02b0afb3) mulhsu  t6, ra, a1
core   0: 0 0x80005fee (0x02b0afb3) x31 0xffffffff
core   0: 0x80005ff2 (0x00000001) c.nop
core   0: 0 0x80005ff2 (0x0001)
core   0: 0x80005ff4 (0x03427733) remu    a4, tp, s4
core   0: 0 0x80005ff4 (0x03427733) x14 0x00000000
core   0: 0x80005ff8 (0x0038b9b3) sltu    s3, a7, gp
core   0: 0 0x80005ff8 (0x0038b9b3) x19 0x00000000
core   0: 0x80005ffc (0x002e3db3) sltu    s11, t3, sp
core   0: 0 0x80005ffc (0x002e3db3) x27 0x00000001
core   0: 0x80006000 (0x0000100f) fence.i
core   0: 0 0x80006000 (0x0000100f)
core   0: 0x80006004 (0x026ffd33) remu    s10, t6, t1
core   0: 0 0x80006004 (0x026ffd33) x26 0x7ffde189
core   0: 0x80006008 (0x01a6c663) blt     a3, s10, pc + 12
core   0: 0 0x80006008 (0x01a6c663)
core   0: 0x80006014 (0x00a17b63) bgeu    sp, a0, pc + 22
core   0: 0 0x80006014 (0x00a17b63)
core   0: 0x80006018 (0x00000a09) c.addi  s4, 2
core   0: 0 0x80006018 (0x0a09) x20 0x00000003
core   0: 0x8000601a (0x01ff8263) beq     t6, t6, pc + 4
core   0: 0 0x8000601a (0x01ff8263)
core   0: 0x8000601e (0x00e1f533) and     a0, gp, a4
core   0: 0 0x8000601e (0x00e1f533) x10 0x00000000
core   0: 0x80006022 (0x03751f33) mulh    t5, a0, s7
core   0: 0 0x80006022 (0x03751f33) x30 0x00000000
core   0: 0x80006026 (0x01f838b3) sltu    a7, a6, t6
core   0: 0 0x80006026 (0x01f838b3) x17 0x00000001
core   0: 0x8000602a (0x02548463) beq     s1, t0, pc + 40
core   0: 0 0x8000602a (0x02548463)
core   0: 0x8000602e (0x03526fb3) rem     t6, tp, s5
core   0: 0 0x8000602e (0x03526fb3) x31 0xfffffc00
core   0: 0x80006032 (0x02ff4d33) div     s10, t5, a5
core   0: 0 0x80006032 (0x02ff4d33) x26 0x00000000
core   0: 0x80006036 (0x020381b3) mul     gp, t2, zero
core   0: 0 0x80006036 (0x020381b3) x3  0x00000000
core   0: 0x8000603a (0x036ecbb3) div     s7, t4, s6
core   0: 0 0x8000603a (0x036ecbb3) x23 0x00000000
core   0: 0x8000603e (0x0000ed15) c.bnez  a0, pc + 60
core   0: 0 0x8000603e (0xed15)
core   0: 0x80006040 (0x03fd6ab3) rem     s5, s10, t6
core   0: 0 0x80006040 (0x03fd6ab3) x21 0x00000000
core   0: 0x80006044 (0x00a3c8b3) xor     a7, t2, a0
core   0: 0 0x80006044 (0x00a3c8b3) x17 0x00000000
core   0: 0x80006048 (0x68e57117) auipc   sp, 0x68e57
core   0: 0 0x80006048 (0x68e57117) x2  0xe8e5d048
core   0: 0x8000604c (0x0a5e7a97) auipc   s5, 0xa5e7
core   0: 0 0x8000604c (0x0a5e7a97) x21 0x8a5ed04c
core   0: 0x80006050 (0x00008ea5) c.xor   a3, s1
core   0: 0 0x80006050 (0x8ea5) x13 0xfffffffe
core   0: 0x80006052 (0x00006a35) c.lui   s4, 0xd
core   0: 0 0x80006052 (0x6a35) x20 0x0000d000
core   0: 0x80006054 (0x000001fa) c.slli  gp, 30
core   0: 0 0x80006054 (0x01fa) x3  0x00000000
core   0: 0x80006056 (0x000063a5) c.lui   t2, 0x9
core   0: 0 0x80006056 (0x63a5) x7  0x00009000
core   0: 0x80006058 (0x000013fd) c.addi  t2, -1
core   0: 0 0x80006058 (0x13fd) x7  0x00008fff
core   0: 0x8000605a (0x00001a8c) c.addi4spn a1, sp, 368
core   0: 0 0x8000605a (0x1a8c) x11 0xe8e5d1b8
core   0: 0x8000605c (0x03fd4b63) blt     s10, t6, pc + 54
core   0: 0 0x8000605c (0x03fd4b63)
core   0: 0x80006060 (0x033e9d63) bne     t4, s3, pc + 58
core   0: 0 0x80006060 (0x033e9d63)
core   0: 0x80006064 (0x00b89b63) bne     a7, a1, pc + 22
core   0: 0 0x80006064 (0x00b89b63)
core   0: 0x8000607a (0x0000c695) c.beqz  a3, pc + 44
core   0: 0 0x8000607a (0xc695)
core   0: 0x8000607c (0x011c86b3) add     a3, s9, a7
core   0: 0 0x8000607c (0x011c86b3) x13 0x00000000
core   0: 0x80006080 (0x01378663) beq     a5, s3, pc + 12
core   0: 0 0x80006080 (0x01378663)
core   0: 0x80006084 (0x3493f113) andi    sp, t2, 841
core   0: 0 0x80006084 (0x3493f113) x2  0x00000349
core   0: 0x80006088 (0x405d07b3) sub     a5, s10, t0
core   0: 0 0x80006088 (0x405d07b3) x15 0xfffff9ca
core   0: 0x8000608c (0x00b34363) blt     t1, a1, pc + 6
core   0: 0 0x8000608c (0x00b34363)
core   0: 0x80006092 (0x33f146b7) lui     a3, 0x33f14
core   0: 0 0x80006092 (0x33f146b7) x13 0x33f14000
core   0: 0x80006096 (0x035450b3) divu    ra, s0, s5
core   0: 0 0x80006096 (0x035450b3) x1  0x00000000
core   0: 0x8000609a (0x00000001) c.nop
core   0: 0 0x8000609a (0x0001)
core   0: 0x8000609c (0x024d69b3) rem     s3, s10, tp
core   0: 0 0x8000609c (0x024d69b3) x19 0x00000000
core   0: 0x800060a0 (0x41ef5933) sra     s2, t5, t5
core   0: 0 0x800060a0 (0x41ef5933) x18 0x00000000
core   0: 0x800060a4 (0x00006bf5) c.lui   s7, 0x1d
core   0: 0 0x800060a4 (0x6bf5) x23 0x0001d000
core   0: 0x800060a6 (0x00539d63) bne     t2, t0, pc + 26
core   0: 0 0x800060a6 (0x00539d63)
core   0: 0x800060c0 (0x00008769) c.srai  a4, 26
core   0: 0 0x800060c0 (0x8769) x14 0x00000000
core   0: 0x800060c2 (0x0296d733) divu    a4, a3, s1
core   0: 0 0x800060c2 (0x0296d733) x14 0x33f14000
core   0: 0x800060c6 (0x003f96b3) sll     a3, t6, gp
core   0: 0 0x800060c6 (0x003f96b3) x13 0xfffffc00
core   0: 0x800060ca (0x01771263) bne     a4, s7, pc + 4
core   0: 0 0x800060ca (0x01771263)
core   0: 0x800060ce (0x03d4cd33) div     s10, s1, t4
core   0: 0 0x800060ce (0x03d4cd33) x26 0xffffffff
core   0: 0x800060d2 (0x03db6bb3) rem     s7, s6, t4
core   0: 0 0x800060d2 (0x03db6bb3) x23 0x0000d000
core   0: 0x800060d6 (0x00008fa5) c.xor   a5, s1
core   0: 0 0x800060d6 (0x8fa5) x15 0xfffff9cb
core   0: 0x800060d8 (0x00e74b63) blt     a4, a4, pc + 22
core   0: 0 0x800060d8 (0x00e74b63)
core   0: 0x800060dc (0x029a5c33) divu    s8, s4, s1
core   0: 0 0x800060dc (0x029a5c33) x24 0x0000d000
core   0: 0x800060e0 (0x02314bb3) div     s7, sp, gp
core   0: 0 0x800060e0 (0x02314bb3) x23 0xffffffff
core   0: 0x800060e4 (0x00009bf2) c.add   s7, t3
core   0: 0 0x800060e4 (0x9bf2) x23 0x80021e63
core   0: 0x800060e6 (0x0000717d) c.addi16sp sp, -16
core   0: 0 0x800060e6 (0x717d) x2  0x00000339
core   0: 0x800060e8 (0x00008cf1) c.and   s1, a2
core   0: 0 0x800060e8 (0x8cf1) x9  0x00000000
core   0: 0x800060ea (0x02d44563) blt     s0, a3, pc + 42
core   0: 0 0x800060ea (0x02d44563)
core   0: 0x80006114 (0x03d593b3) mulh    t2, a1, t4
core   0: 0 0x80006114 (0x03d593b3) x7  0x00000000
core   0: 0x80006118 (0xa8982393) slti    t2, a6, -1399
core   0: 0 0x80006118 (0xa8982393) x7  0x00000000
core   0: 0x8000611c (0x0277a333) mulhsu  t1, a5, t2
core   0: 0 0x8000611c (0x0277a333) x6  0x00000000
core   0: 0x80006120 (0x0ff0000f) fence   iorw,iorw
core   0: 0 0x80006120 (0x0ff0000f)
core   0: 0x80006124 (0x00008f75) c.and   a4, a3
core   0: 0 0x80006124 (0x8f75) x14 0x33f14000
core   0: 0x80006126 (0x024f24b3) mulhsu  s1, t5, tp
core   0: 0 0x80006126 (0x024f24b3) x9  0x00000000
core   0: 0x8000612a (0x40995c93) srai    s9, s2, 9
core   0: 0 0x8000612a (0x40995c93) x25 0x00000000
core   0: 0x8000612e (0x0000884a) c.mv    a6, s2
core   0: 0 0x8000612e (0x884a) x16 0x00000000
core   0: 0x80006130 (0x0349d363) bge     s3, s4, pc + 38
core   0: 0 0x80006130 (0x0349d363)
core   0: 0x80006134 (0x01765213) srli    tp, a2, 23
core   0: 0 0x80006134 (0x01765213) x4  0x00000100
core   0: 0x80006138 (0x00008f56) c.mv    t5, s5
core   0: 0 0x80006138 (0x8f56) x30 0x8a5ed04c
core   0: 0x8000613a (0x0392c0b3) div     ra, t0, s9
core   0: 0 0x8000613a (0x0392c0b3) x1  0xffffffff
core   0: 0x8000613e (0x00e0f9b3) and     s3, ra, a4
core   0: 0 0x8000613e (0x00e0f9b3) x19 0x33f14000
core   0: 0x80006142 (0x00005b7d) c.li    s6, -1
core   0: 0 0x80006142 (0x5b7d) x22 0xffffffff
core   0: 0x80006144 (0x00785293) srli    t0, a6, 7
core   0: 0 0x80006144 (0x00785293) x5  0x00000000
core   0: 0x80006148 (0xfa2587b7) lui     a5, 0xfa258
core   0: 0 0x80006148 (0xfa2587b7) x15 0xfa258000
core   0: 0x8000614c (0x0000ed15) c.bnez  a0, pc + 60
core   0: 0 0x8000614c (0xed15)
core   0: 0x8000614e (0x409e5bb3) sra     s7, t3, s1
core   0: 0 0x8000614e (0x409e5bb3) x23 0x80021e64
core   0: 0x80006152 (0x4038dd93) srai    s11, a7, 3
core   0: 0 0x80006152 (0x4038dd93) x27 0x00000000
core   0: 0x80006156 (0x01ca5813) srli    a6, s4, 28
core   0: 0 0x80006156 (0x01ca5813) x16 0x00000000
core   0: 0x8000615a (0x00000001) c.nop
core   0: 0 0x8000615a (0x0001)
core   0: 0x8000615c (0x0181dc13) srli    s8, gp, 24
core   0: 0 0x8000615c (0x0181dc13) x24 0x00000000
core   0: 0x80006160 (0x00008f71) c.and   a4, a2
core   0: 0 0x80006160 (0x8f71) x14 0x00004000
core   0: 0x80006162 (0x02c81833) mulh    a6, a6, a2
core   0: 0 0x80006162 (0x02c81833) x16 0x00000000
core   0: 0x80006166 (0x00009afd) c.andi  a3, -1
core   0: 0 0x80006166 (0x9afd) x13 0xfffffc00
core   0: 0x80006168 (0xc7bea893) slti    a7, t4, -901
core   0: 0 0x80006168 (0xc7bea893) x17 0x00000000
core   0: 0x8000616c (0x000099ea) c.add   s3, s10
core   0: 0 0x8000616c (0x99ea) x19 0x33f13fff
core   0: 0x8000616e (0x00008d31) c.xor   a0, a2
core   0: 0 0x8000616e (0x8d31) x10 0x80025ce4
core   0: 0x80006170 (0x0028c933) xor     s2, a7, sp
core   0: 0 0x80006170 (0x0028c933) x18 0x00000339
core   0: 0x80006174 (0x00000001) c.nop
core   0: 0 0x80006174 (0x0001)
core   0: 0x80006176 (0x00000836) c.slli  a6, 13
core   0: 0 0x80006176 (0x0836) x16 0x00000000
core   0: 0x80006178 (0x01bf9363) bne     t6, s11, pc + 6
core   0: 0 0x80006178 (0x01bf9363)
core   0: 0x8000617e (0x0000995e) c.add   s2, s7
core   0: 0 0x8000617e (0x995e) x18 0x8002219d
core   0: 0x80006180 (0x014f1db3) sll     s11, t5, s4
core   0: 0 0x80006180 (0x014f1db3) x27 0x8a5ed04c
core   0: 0x80006184 (0x0ff0000f) fence   iorw,iorw
core   0: 0 0x80006184 (0x0ff0000f)
core   0: 0x80006188 (0x00008891) c.andi  s1, 4
core   0: 0 0x80006188 (0x8891) x9  0x00000000
core   0: 0x8000618a (0x00008f8d) c.sub   a5, a1
core   0: 0 0x8000618a (0x8f8d) x15 0x113fae48
core   0: 0x8000618c (0x00000001) c.nop
core   0: 0 0x8000618c (0x0001)
core   0: 0x8000618e (0x01b1d463) bge     gp, s11, pc + 8
core   0: 0 0x8000618e (0x01b1d463)
core   0: 0x80006196 (0x4163d213) srai    tp, t2, 22
core   0: 0 0x80006196 (0x4163d213) x4  0x00000000
core   0: 0x8000619a (0x40b58b33) sub     s6, a1, a1
core   0: 0 0x8000619a (0x40b58b33) x22 0x00000000
core   0: 0x8000619e (0x0000eb81) c.bnez  a5, pc + 16
core   0: 0 0x8000619e (0xeb81)
core   0: 0x800061ae (0x0000100f) fence.i
core   0: 0 0x800061ae (0x0000100f)
core   0: 0x800061b2 (0x77506193) ori     gp, zero, 1909
core   0: 0 0x800061b2 (0x77506193) x3  0x00000775
core   0: 0x800061b6 (0x00009b7d) c.andi  a4, -1
core   0: 0 0x800061b6 (0x9b7d) x14 0x00004000
core   0: 0x800061b8 (0xc21a2113) slti    sp, s4, -991
core   0: 0 0x800061b8 (0xc21a2113) x2  0x00000000
core   0: 0x800061bc (0x00009b3a) c.add   s6, a4
core   0: 0 0x800061bc (0x9b3a) x22 0x00004000
core   0: 0x800061be (0x00008af2) c.mv    s5, t3
core   0: 0 0x800061be (0x8af2) x21 0x80021e64
core   0: 0x800061c0 (0x5bd7c313) xori    t1, a5, 1469
core   0: 0 0x800061c0 (0x5bd7c313) x6  0x113fabf5
core   0: 0x800061c4 (0x00008fa9) c.xor   a5, a0
core   0: 0 0x800061c4 (0x8fa9) x15 0x913df2ac
core   0: 0x800061c6 (0x00c8da63) bge     a7, a2, pc + 20
core   0: 0 0x800061c6 (0x00c8da63)
core   0: 0x800061da (0x00628fb3) add     t6, t0, t1
core   0: 0 0x800061da (0x00628fb3) x31 0x113fabf5
core   0: 0x800061de (0x00a2b533) sltu    a0, t0, a0
core   0: 0 0x800061de (0x00a2b533) x10 0x00000001
core   0: 0x800061e2 (0x00000001) c.nop
core   0: 0 0x800061e2 (0x0001)
core   0: 0x800061e4 (0x411059b3) sra     s3, zero, a7
core   0: 0 0x800061e4 (0x411059b3) x19 0x00000000
core   0: 0x800061e8 (0x00009bfd) c.andi  a5, -1
core   0: 0 0x800061e8 (0x9bfd) x15 0x913df2ac
core   0: 0x800061ea (0x5a248397) auipc   t2, 0x5a248
core   0: 0 0x800061ea (0x5a248397) x7  0xda24e1ea
core   0: 0x800061ee (0x000097a2) c.add   a5, s0
core   0: 0 0x800061ee (0x97a2) x15 0x113df2ac
core   0: 0x800061f0 (0x00008d8d) c.sub   a1, a1
core   0: 0 0x800061f0 (0x8d8d) x11 0x00000000
core   0: 0x800061f2 (0x03246e63) bltu    s0, s2, pc + 60
core   0: 0 0x800061f2 (0x03246e63)
core   0: 0x8000622e (0x01bc04b3) add     s1, s8, s11
core   0: 0 0x8000622e (0x01bc04b3) x9  0x8a5ed04c
core   0: 0x80006232 (0x01739233) sll     tp, t2, s7
core   0: 0 0x80006232 (0x01739233) x4  0xa24e1ea0
core   0: 0x80006236 (0xf5892193) slti    gp, s2, -168
core   0: 0 0x80006236 (0xf5892193) x3  0x00000001
core   0: 0x8000623a (0x000092c6) c.add   t0, a7
core   0: 0 0x8000623a (0x92c6) x5  0x00000000
core   0: 0x8000623c (0x03a08db3) mul     s11, ra, s10
core   0: 0 0x8000623c (0x03a08db3) x27 0x00000001
core   0: 0x80006240 (0x026a06b3) mul     a3, s4, t1
core   0: 0 0x80006240 (0x026a06b3) x13 0xbbb71000
core   0: 0x80006244 (0x00001afd) c.addi  s5, -1
core   0: 0 0x80006244 (0x1afd) x21 0x80021e63
core   0: 0x80006246 (0x0000872a) c.mv    a4, a0
core   0: 0 0x80006246 (0x872a) x14 0x00000001
core   0: 0x80006248 (0x000087b9) c.srai  a5, 14
core   0: 0 0x80006248 (0x87b9) x15 0x000044f7
core   0: 0x8000624a (0x00aa1493) slli    s1, s4, 10
core   0: 0 0x8000624a (0x00aa1493) x9  0x03400000
core   0: 0x8000624e (0x0375e463) bltu    a1, s7, pc + 40
core   0: 0 0x8000624e (0x0375e463)
core   0: 0x80006276 (0x037a21b3) mulhsu  gp, s4, s7
core   0: 0 0x80006276 (0x037a21b3) x3  0x00006801
core   0: 0x8000627a (0x006cf663) bgeu    s9, t1, pc + 12
core   0: 0 0x8000627a (0x006cf663)
core   0: 0x8000627e (0x01a00d63) beq     zero, s10, pc + 26
core   0: 0 0x8000627e (0x01a00d63)
core   0: 0x80006282 (0x7109b893) sltiu   a7, s3, 1808
core   0: 0 0x80006282 (0x7109b893) x17 0x00000001
core   0: 0x80006286 (0x01457933) and     s2, a0, s4
core   0: 0 0x80006286 (0x01457933) x18 0x00000000
core   0: 0x8000628a (0x014ed3b3) srl     t2, t4, s4
core   0: 0 0x8000628a (0x014ed3b3) x7  0x00000000
core   0: 0x8000628e (0x0000e395) c.bnez  a5, pc + 36
core   0: 0 0x8000628e (0xe395)
core   0: 0x800062b2 (0x987c7113) andi    sp, s8, -1657
core   0: 0 0x800062b2 (0x987c7113) x2  0x00000000
core   0: 0x800062b6 (0x01ef1913) slli    s2, t5, 30
core   0: 0 0x800062b6 (0x01ef1913) x18 0x00000000
core   0: 0x800062ba (0x00008d0d) c.sub   a0, a1
core   0: 0 0x800062ba (0x8d0d) x10 0x00000001
core   0: 0x800062bc (0x00008d89) c.sub   a1, a0
core   0: 0 0x800062bc (0x8d89) x11 0xffffffff
core   0: 0x800062be (0x0000818d) c.srli  a1, 3
core   0: 0 0x800062be (0x818d) x11 0x1fffffff
core   0: 0x800062c0 (0x1620fc93) andi    s9, ra, 354
core   0: 0 0x800062c0 (0x1620fc93) x25 0x00000162
core   0: 0x800062c4 (0x00001efd) c.addi  t4, -1
core   0: 0 0x800062c4 (0x1efd) x29 0xffffffff
core   0: 0x800062c6 (0x0000c91d) c.beqz  a0, pc + 54
core   0: 0 0x800062c6 (0xc91d)
core   0: 0x800062c8 (0x00075d93) srli    s11, a4, 0
core   0: 0 0x800062c8 (0x00075d93) x27 0x00000001
core   0: 0x800062cc (0x00008da5) c.xor   a1, s1
core   0: 0 0x800062cc (0x8da5) x11 0x1cbfffff
core   0: 0x800062ce (0x000098fd) c.andi  s1, -1
core   0: 0 0x800062ce (0x98fd) x9  0x03400000
core   0: 0x800062d0 (0x000098fd) c.andi  s1, -1
core   0: 0 0x800062d0 (0x98fd) x9  0x03400000
core   0: 0x800062d2 (0x0000e18d) c.bnez  a1, pc + 34
core   0: 0 0x800062d2 (0xe18d)
core   0: 0x800062f4 (0x031e5133) divu    sp, t3, a7
core   0: 0 0x800062f4 (0x031e5133) x2  0x80021e64
core   0: 0x800062f8 (0x005bbf33) sltu    t5, s7, t0
core   0: 0 0x800062f8 (0x005bbf33) x30 0x00000000
core   0: 0x800062fc (0x00d96b33) or      s6, s2, a3
core   0: 0 0x800062fc (0x00d96b33) x22 0xbbb71000
core   0: 0x80006300 (0x412156b3) sra     a3, sp, s2
core   0: 0 0x80006300 (0x412156b3) x13 0x80021e64
core   0: 0x80006304 (0x037fcfb3) div     t6, t6, s7
core   0: 0 0x80006304 (0x037fcfb3) x31 0x00000000
core   0: 0x80006308 (0x00000384) c.addi4spn s1, sp, 448
core   0: 0 0x80006308 (0x0384) x9  0x80022024
core   0: 0x8000630a (0x0086ccb3) xor     s9, a3, s0
core   0: 0 0x8000630a (0x0086ccb3) x25 0x00021e64
core   0: 0x8000630e (0x00008365) c.srli  a4, 25
core   0: 0 0x8000630e (0x8365) x14 0x00000000
core   0: 0x80006310 (0x010f77b3) and     a5, t5, a6
core   0: 0 0x80006310 (0x010f77b3) x15 0x00000000
core   0: 0x80006314 (0x408c03b3) sub     t2, s8, s0
core   0: 0 0x80006314 (0x408c03b3) x7  0x80000000
core   0: 0x80006318 (0x00000001) c.nop
core   0: 0 0x80006318 (0x0001)
core   0: 0x8000631a (0xd93ba693) slti    a3, s7, -621
core   0: 0 0x8000631a (0xd93ba693) x13 0x00000001
core   0: 0x8000631e (0x00000745) c.addi  a4, 17
core   0: 0 0x8000631e (0x0745) x14 0x00000011
core   0: 0x80006320 (0x0269d7b3) divu    a5, s3, t1
core   0: 0 0x80006320 (0x0269d7b3) x15 0x00000000
core   0: 0x80006324 (0x843b2b13) slti    s6, s6, -1981
core   0: 0 0x80006324 (0x843b2b13) x22 0x00000001
core   0: 0x80006328 (0x003c0fb3) add     t6, s8, gp
core   0: 0 0x80006328 (0x003c0fb3) x31 0x00006801
core   0: 0x8000632c (0x00008d99) c.sub   a1, a4
core   0: 0 0x8000632c (0x8d99) x11 0x1cbfffee
core   0: 0x8000632e (0x03f31233) mulh    tp, t1, t6
core   0: 0 0x8000632e (0x03f31233) x4  0x00000701
core   0: 0x80006332 (0x02ddb533) mulhu   a0, s11, a3
core   0: 0 0x80006332 (0x02ddb533) x10 0x00000000
core   0: 0x80006336 (0x03c78533) mul     a0, a5, t3
core   0: 0 0x80006336 (0x03c78533) x10 0x00000000
core   0: 0x8000633a (0x000069b9) c.lui   s3, 0xe
core   0: 0 0x8000633a (0x69b9) x19 0x0000e000
core   0: 0x8000633c (0x01438d63) beq     t2, s4, pc + 26
core   0: 0 0x8000633c (0x01438d63)
core   0: 0x80006340 (0x038fe9b3) rem     s3, t6, s8
core   0: 0 0x80006340 (0x038fe9b3) x19 0x00006801
core   0: 0x80006344 (0xc0bbf713) andi    a4, s7, -1013
core   0: 0 0x80006344 (0xc0bbf713) x14 0x80021c00
core   0: 0x80006348 (0x017bf033) and     zero, s7, s7
core   0: 0 0x80006348 (0x017bf033)
core   0: 0x8000634c (0x03800033) mul     zero, zero, s8
core   0: 0 0x8000634c (0x03800033)
core   0: 0x80006350 (0x00008399) c.srli  a5, 6
core   0: 0 0x80006350 (0x8399) x15 0x00000000
core   0: 0x80006352 (0x003f9c33) sll     s8, t6, gp
core   0: 0 0x80006352 (0x003f9c33) x24 0x0000d002
core   0: 0x80006356 (0x00008772) c.mv    a4, t3
core   0: 0 0x80006356 (0x8772) x14 0x80021e64
core   0: 0x80006358 (0x0285e5b3) rem     a1, a1, s0
core   0: 0 0x80006358 (0x0285e5b3) x11 0x1cbfffee
core   0: 0x8000635c (0x95e5e013) ori     zero, a1, -1698
core   0: 0 0x8000635c (0x95e5e013)
core   0: 0x80006360 (0x035ab233) mulhu   tp, s5, s5
core   0: 0 0x80006360 (0x035ab233) x4  0x40021e67
core   0: 0x80006364 (0x0ff0000f) fence   iorw,iorw
core   0: 0 0x80006364 (0x0ff0000f)
core   0: 0x80006368 (0x00008485) c.srai  s1, 1
core   0: 0 0x80006368 (0x8485) x9  0xc0011012
core   0: 0x8000636a (0x00008149) c.srli  a0, 18
core   0: 0 0x8000636a (0x8149) x10 0x00000000
core   0: 0x8000636c (0x01dada63) bge     s5, t4, pc + 20
core   0: 0 0x8000636c (0x01dada63)
core   0: 0x80006370 (0x00008df1) c.and   a1, a2
core   0: 0 0x80006370 (0x8df1) x11 0x00025ce4
core   0: 0x80006372 (0x01c375b3) and     a1, t1, t3
core   0: 0 0x80006372 (0x01c375b3) x11 0x00020a64
core   0: 0x80006376 (0x00006145) c.addi16sp sp, 48
core   0: 0 0x80006376 (0x6145) x2  0x80021e94
core   0: 0x80006378 (0x00004165) c.li    sp, 25
core   0: 0 0x80006378 (0x4165) x2  0x00000019
core   0: 0x8000637a (0x000098fd) c.andi  s1, -1
core   0: 0 0x8000637a (0x98fd) x9  0xc0011012
core   0: 0x8000637c (0x40318533) sub     a0, gp, gp
core   0: 0 0x8000637c (0x40318533) x10 0x00000000
core   0: 0x80006380 (0x31d5ed13) ori     s10, a1, 797
core   0: 0 0x80006380 (0x31d5ed13) x26 0x00020b7d
core   0: 0x80006384 (0x419f5093) srai    ra, t5, 25
core   0: 0 0x80006384 (0x419f5093) x1  0x00000000
core   0: 0x80006388 (0x000086d5) c.srai  a3, 21
core   0: 0 0x80006388 (0x86d5) x13 0x00000000
core   0: 0x8000638a (0x41218c33) sub     s8, gp, s2
core   0: 0 0x8000638a (0x41218c33) x24 0x00006801
core   0: 0x8000638e (0x03071db3) mulh    s11, a4, a6
core   0: 0 0x8000638e (0x03071db3) x27 0x00000000
core   0: 0x80006392 (0x00008f45) c.or    a4, s1
core   0: 0 0x80006392 (0x8f45) x14 0xc0031e76
core   0: 0x80006394 (0x000006da) c.slli  a3, 22
core   0: 0 0x80006394 (0x06da) x13 0x00000000
core   0: 0x80006396 (0x035e6763) bltu    t3, s5, pc + 46
core   0: 0 0x80006396 (0x035e6763)
core   0: 0x8000639a (0x000003ca) c.slli  t2, 18
core   0: 0 0x8000639a (0x03ca) x7  0x00000000
core   0: 0x8000639c (0x042d0463) beq     s10, sp, pc + 72
core   0: 0 0x8000639c (0x042d0463)
core   0: 0x800063a0 (0x013b2eb3) slt     t4, s6, s3
core   0: 0 0x800063a0 (0x013b2eb3) x29 0x00000001
core   0: 0x800063a4 (0x000085ca) c.mv    a1, s2
core   0: 0 0x800063a4 (0x85ca) x11 0x00000000
core   0: 0x800063a6 (0xd4477193) andi    gp, a4, -700
core   0: 0 0x800063a6 (0xd4477193) x3  0xc0031c44
core   0: 0x800063aa (0x0116e9b3) or      s3, a3, a7
core   0: 0 0x800063aa (0x0116e9b3) x19 0x00000001
core   0: 0x800063ae (0x04946463) bltu    s0, s1, pc + 72
core   0: 0 0x800063ae (0x04946463)
core   0: 0x800063f6 (0x0ff0000f) fence   iorw,iorw
core   0: 0 0x800063f6 (0x0ff0000f)
core   0: 0x800063fa (0x00008df5) c.and   a1, a3
core   0: 0 0x800063fa (0x8df5) x11 0x00000000
core   0: 0x800063fc (0x41eadc33) sra     s8, s5, t5
core   0: 0 0x800063fc (0x41eadc33) x24 0x80021e63
core   0: 0x80006400 (0x00008222) c.mv    tp, s0
core   0: 0 0x80006400 (0x8222) x4  0x80000000
core   0: 0x80006402 (0xffa6ab93) slti    s7, a3, -6
core   0: 0 0x80006402 (0xffa6ab93) x23 0x00000000
core   0: 0x80006406 (0x0000057e) c.slli  a0, 31
core   0: 0 0x80006406 (0x057e) x10 0x00000000
core   0: 0x80006408 (0x000001ce) c.slli  gp, 19
core   0: 0 0x80006408 (0x01ce) x3  0xe2200000
core   0: 0x8000640a (0x00008335) c.srli  a4, 13
core   0: 0 0x8000640a (0x8335) x14 0x00060018
core   0: 0x8000640c (0x026b8d33) mul     s10, s7, t1
core   0: 0 0x8000640c (0x026b8d33) x26 0x00000000
core   0: 0x80006410 (0x0000100f) fence.i
core   0: 0 0x80006410 (0x0000100f)
core   0: 0x80006414 (0x00c2a833) slt     a6, t0, a2
core   0: 0 0x80006414 (0x00c2a833) x16 0x00000000
core   0: 0x80006418 (0x000004b2) c.slli  s1, 12
core   0: 0 0x80006418 (0x04b2) x9  0x11012000
core   0: 0x8000641a (0x03c31c33) mulh    s8, t1, t3
core   0: 0 0x8000641a (0x03c31c33) x24 0xf7604e91
core   0: 0x8000641e (0x000001c6) c.slli  gp, 17
core   0: 0 0x8000641e (0x01c6) x3  0x00000000
core   0: 0x80006420 (0x000089a9) c.andi  a1, 10
core   0: 0 0x80006420 (0x89a9) x11 0x00000000
core   0: 0x80006422 (0x0134a033) slt     zero, s1, s3
core   0: 0 0x80006422 (0x0134a033)
core   0: 0x80006426 (0x3c93b313) sltiu   t1, t2, 969
core   0: 0 0x80006426 (0x3c93b313) x6  0x00000001
core   0: 0x8000642a (0x00008b61) c.andi  a4, 24
core   0: 0 0x8000642a (0x8b61) x14 0x00000018
core   0: 0x8000642c (0x00285363) bge     a6, sp, pc + 6
core   0: 0 0x8000642c (0x00285363)
core   0: 0x80006430 (0x00008fd9) c.or    a5, a4
core   0: 0 0x80006430 (0x8fd9) x15 0x00000018
core   0: 0x80006432 (0x10020313) addi    t1, tp, 256
core   0: 0 0x80006432 (0x10020313) x6  0x80000100
core   0: 0x80006436 (0x00008d1d) c.sub   a0, a5
core   0: 0 0x80006436 (0x8d1d) x10 0xffffffe8
core   0: 0x80006438 (0x02021fb3) mulh    t6, tp, zero
core   0: 0 0x80006438 (0x02021fb3) x31 0x00000000
core   0: 0x8000643c (0x033cf963) bgeu    s9, s3, pc + 50
core   0: 0 0x8000643c (0x033cf963)
core   0: 0x8000646e (0x00597eb3) and     t4, s2, t0
core   0: 0 0x8000646e (0x00597eb3) x29 0x00000000
core   0: 0x80006472 (0x00c72333) slt     t1, a4, a2
core   0: 0 0x80006472 (0x00c72333) x6  0x00000000
core   0: 0x80006476 (0x000080f1) c.srli  s1, 28
core   0: 0 0x80006476 (0x80f1) x9  0x00000001
core   0: 0x80006478 (0x02b3b833) mulhu   a6, t2, a1
core   0: 0 0x80006478 (0x02b3b833) x16 0x00000000
core   0: 0x8000647c (0x01010263) beq     sp, a6, pc + 4
core   0: 0 0x8000647c (0x01010263)
core   0: 0x80006480 (0x03be9933) mulh    s2, t4, s11
core   0: 0 0x80006480 (0x03be9933) x18 0x00000000
core   0: 0x80006484 (0x0ff0000f) fence   iorw,iorw
core   0: 0 0x80006484 (0x0ff0000f)
core   0: 0x80006488 (0x00000001) c.nop
core   0: 0 0x80006488 (0x0001)
core   0: 0x8000648a (0x002adf63) bge     s5, sp, pc + 30
core   0: 0 0x8000648a (0x002adf63)
core   0: 0x8000648e (0x000069cd) c.lui   s3, 0x13
core   0: 0 0x8000648e (0x69cd) x19 0x00013000
core   0: 0x80006490 (0xc2eee213) ori     tp, t4, -978
core   0: 0 0x80006490 (0xc2eee213) x4  0xfffffc2e
core   0: 0x80006494 (0x00008d61) c.and   a0, s0
core   0: 0 0x80006494 (0x8d61) x10 0x80000000
core   0: 0x80006496 (0x0ff0000f) fence   iorw,iorw
core   0: 0 0x80006496 (0x0ff0000f)
core   0: 0x8000649a (0x846dfd17) auipc   s10, 0x846df
core   0: 0 0x8000649a (0x846dfd17) x26 0x046e549a
core   0: 0x8000649e (0x00ca67b3) or      a5, s4, a2
core   0: 0 0x8000649e (0x00ca67b3) x15 0x8002dce4
core   0: 0x800064a2 (0x00000b18) c.addi4spn a4, sp, 400
core   0: 0 0x800064a2 (0x0b18) x14 0x000001a9
core   0: 0x800064a4 (0x02b84033) div     zero, a6, a1
core   0: 0 0x800064a4 (0x02b84033)
core   0: 0x800064a8 (0x0140c563) blt     ra, s4, pc + 10
core   0: 0 0x800064a8 (0x0140c563)
core   0: 0x800064b2 (0x01972233) slt     tp, a4, s9
core   0: 0 0x800064b2 (0x01972233) x4  0x00000001
core   0: 0x800064b6 (0x02997d63) bgeu    s2, s1, pc + 58
core   0: 0 0x800064b6 (0x02997d63)
core   0: 0x800064ba (0x02e747b3) div     a5, a4, a4
core   0: 0 0x800064ba (0x02e747b3) x15 0x00000001
core   0: 0x800064be (0x02a763b3) rem     t2, a4, a0
core   0: 0 0x800064be (0x02a763b3) x7  0x000001a9
core   0: 0x800064c2 (0x00000001) c.nop
core   0: 0 0x800064c2 (0x0001)
core   0: 0x800064c4 (0xc6d93913) sltiu   s2, s2, -915
core   0: 0 0x800064c4 (0xc6d93913) x18 0x00000001
core   0: 0x800064c8 (0xd322fb13) andi    s6, t0, -718
core   0: 0 0x800064c8 (0xd322fb13) x22 0x00000000
core   0: 0x800064cc (0x0ff0000f) fence   iorw,iorw
core   0: 0 0x800064cc (0x0ff0000f)
core   0: 0x800064d0 (0x7c288f13) addi    t5, a7, 1986
core   0: 0 0x800064d0 (0x7c288f13) x30 0x000007c3
core   0: 0x800064d4 (0x03277733) remu    a4, a4, s2
core   0: 0 0x800064d4 (0x03277733) x14 0x00000000
core   0: 0x800064d8 (0x0080ad33) slt     s10, ra, s0
core   0: 0 0x800064d8 (0x0080ad33) x26 0x00000000
core   0: 0x800064dc (0x00008e81) c.sub   a3, s0
core   0: 0 0x800064dc (0x8e81) x13 0x80000000
core   0: 0x800064de (0x0000973e) c.add   a4, a5
core   0: 0 0x800064de (0x973e) x14 0x00000001
core   0: 0x800064e0 (0x00894133) xor     sp, s2, s0
core   0: 0 0x800064e0 (0x00894133) x2  0x80000001
core   0: 0x800064e4 (0x02a58eb3) mul     t4, a1, a0
core   0: 0 0x800064e4 (0x02a58eb3) x29 0x00000000
core   0: 0x800064e8 (0x02e2e463) bltu    t0, a4, pc + 40
core   0: 0 0x800064e8 (0x02e2e463)
core   0: 0x80006510 (0x01283133) sltu    sp, a6, s2
core   0: 0 0x80006510 (0x01283133) x2  0x00000001
core   0: 0x80006514 (0x0020ab33) slt     s6, ra, sp
core   0: 0 0x80006514 (0x0020ab33) x22 0x00000001
core   0: 0x80006518 (0x00008d7d) c.and   a0, a5
core   0: 0 0x80006518 (0x8d7d) x10 0x00000000
core   0: 0x8000651a (0x036c2cb3) mulhsu  s9, s8, s6
core   0: 0 0x8000651a (0x036c2cb3) x25 0xffffffff
core   0: 0x8000651e (0x0000717d) c.addi16sp sp, -16
core   0: 0 0x8000651e (0x717d) x2  0xfffffff1
core   0: 0x80006520 (0x0000159c) c.addi4spn a5, sp, 736
core   0: 0 0x80006520 (0x159c) x15 0x000002d1
core   0: 0x80006522 (0x000b9263) bnez    s7, pc + 4
core   0: 0 0x80006522 (0x000b9263)
core   0: 0x80006526 (0x0000100f) fence.i
core   0: 0 0x80006526 (0x0000100f)
core   0: 0x8000652a (0x0000100f) fence.i
core   0: 0 0x8000652a (0x0000100f)
core   0: 0x8000652e (0x00000001) c.nop
core   0: 0 0x8000652e (0x0001)
core   0: 0x80006530 (0x00009c4a) c.add   s8, s2
core   0: 0 0x80006530 (0x9c4a) x24 0xf7604e92
core   0: 0x80006532 (0x00006919) c.lui   s2, 0x6
core   0: 0 0x80006532 (0x6919) x18 0x00006000
core   0: 0x80006534 (0xb39b6537) lui     a0, 0xb39b6
core   0: 0 0x80006534 (0xb39b6537) x10 0xb39b6000
core   0: 0x80006538 (0x41408cb3) sub     s9, ra, s4
core   0: 0 0x80006538 (0x41408cb3) x25 0xffff3000
core   0: 0x8000653c (0xf605f213) andi    tp, a1, -160
core   0: 0 0x8000653c (0xf605f213) x4  0x00000000
core   0: 0x80006540 (0x0000c39d) c.beqz  a5, pc + 38
core   0: 0 0x80006540 (0xc39d)
core   0: 0x80006542 (0x000015fd) c.addi  a1, -1
core   0: 0 0x80006542 (0x15fd) x11 0xffffffff
core   0: 0x80006544 (0x01155733) srl     a4, a0, a7
core   0: 0 0x80006544 (0x01155733) x14 0x59cdb000
core   0: 0x80006548 (0x0b8bf813) andi    a6, s7, 184
core   0: 0 0x80006548 (0x0b8bf813) x16 0x00000000
core   0: 0x8000654c (0x01abaf33) slt     t5, s7, s10
core   0: 0 0x8000654c (0x01abaf33) x30 0x00000000
core   0: 0x80006550 (0x01290bb3) add     s7, s2, s2
core   0: 0 0x80006550 (0x01290bb3) x23 0x0000c000
core   0: 0x80006554 (0x00e41593) slli    a1, s0, 14
core   0: 0 0x80006554 (0x00e41593) x11 0x00000000
core   0: 0x80006558 (0x00001b18) c.addi4spn a4, sp, 432
core   0: 0 0x80006558 (0x1b18) x14 0x000001a1
core   0: 0x8000655a (0x03abe833) rem     a6, s7, s10
core   0: 0 0x8000655a (0x03abe833) x16 0x0000c000
core   0: 0x8000655e (0x02034cb3) div     s9, t1, zero
core   0: 0 0x8000655e (0x02034cb3) x25 0xffffffff
core   0: 0x80006562 (0x402b5b13) srai    s6, s6, 2
core   0: 0 0x80006562 (0x402b5b13) x22 0x00000000
core   0: 0x80006566 (0x00008d81) c.sub   a1, s0
core   0: 0 0x80006566 (0x8d81) x11 0x80000000
core   0: 0x80006568 (0x01815293) srli    t0, sp, 24
core   0: 0 0x80006568 (0x01815293) x5  0x000000ff
core   0: 0x8000656c (0x013868b3) or      a7, a6, s3
core   0: 0 0x8000656c (0x013868b3) x17 0x0001f000
core   0: 0x80006570 (0x000060d9) c.lui   ra, 0x16
core   0: 0 0x80006570 (0x60d9) x1  0x00016000
core   0: 0x80006572 (0x00000001) c.nop
core   0: 0 0x80006572 (0x0001)
core   0: 0x80006574 (0x03edc363) blt     s11, t5, pc + 38
core   0: 0 0x80006574 (0x03edc363)
core   0: 0x80006578 (0x018e9593) slli    a1, t4, 24
core   0: 0 0x80006578 (0x018e9593) x11 0x00000000
core   0: 0x8000657c (0x00008f41) c.or    a4, s0
core   0: 0 0x8000657c (0x8f41) x14 0x800001a1
core   0: 0x8000657e (0x000043a1) c.li    t2, 8
core   0: 0 0x8000657e (0x43a1) x7  0x00000008
core   0: 0x80006580 (0x00000d2a) c.slli  s10, 10
core   0: 0 0x80006580 (0x0d2a) x26 0x00000000
core   0: 0x80006582 (0x00004f91) c.li    t6, 4
core   0: 0 0x80006582 (0x4f91) x31 0x00000004
core   0: 0x80006584 (0x000081f5) c.srli  a1, 29
core   0: 0 0x80006584 (0x81f5) x11 0x00000000
core   0: 0x80006586 (0x14827913) andi    s2, tp, 328
core   0: 0 0x80006586 (0x14827913) x18 0x00000000
core   0: 0x8000658a (0x027e71b3) remu    gp, t3, t2
core   0: 0 0x8000658a (0x027e71b3) x3  0x00000004
core   0: 0x8000658e (0x023e7363) bgeu    t3, gp, pc + 38
core   0: 0 0x8000658e (0x023e7363)
core   0: 0x800065b4 (0x01695033) srl     zero, s2, s6
core   0: 0 0x800065b4 (0x01695033)
core   0: 0x800065b8 (0x00000001) c.nop
core   0: 0 0x800065b8 (0x0001)
core   0: 0x800065ba (0x02f859b3) divu    s3, a6, a5
core   0: 0 0x800065ba (0x02f859b3) x19 0x00000044
core   0: 0x800065be (0x02be4ab3) div     s5, t3, a1
core   0: 0 0x800065be (0x02be4ab3) x21 0xffffffff
core   0: 0x800065c2 (0x417085b3) sub     a1, ra, s7
core   0: 0 0x800065c2 (0x417085b3) x11 0x0000a000
core   0: 0x800065c6 (0x0000eb01) c.bnez  a4, pc + 16
core   0: 0 0x800065c6 (0xeb01)
core   0: 0x800065d6 (0x03cd4a33) div     s4, s10, t3
core   0: 0 0x800065d6 (0x03cd4a33) x20 0x00000000
core   0: 0x800065da (0x0119afb3) slt     t6, s3, a7
core   0: 0 0x800065da (0x0119afb3) x31 0x00000001
core   0: 0x800065de (0x008cdb33) srl     s6, s9, s0
core   0: 0 0x800065de (0x008cdb33) x22 0xffffffff
core   0: 0x800065e2 (0x00008af5) c.andi  a3, 29
core   0: 0 0x800065e2 (0x8af5) x13 0x00000000
core   0: 0x800065e4 (0x00006ea1) c.lui   t4, 0x8
core   0: 0 0x800065e4 (0x6ea1) x29 0x00008000
core   0: 0x800065e6 (0x000003c6) c.slli  t2, 17
core   0: 0 0x800065e6 (0x03c6) x7  0x00100000
core   0: 0x800065e8 (0x00008a12) c.mv    s4, tp
core   0: 0 0x800065e8 (0x8a12) x20 0x00000000
core   0: 0x800065ea (0x00008f25) c.xor   a4, s1
core   0: 0 0x800065ea (0x8f25) x14 0x800001a0
core   0: 0x800065ec (0x00008085) c.srli  s1, 1
core   0: 0 0x800065ec (0x8085) x9  0x00000000
core   0: 0x800065ee (0x03883c33) mulhu   s8, a6, s8
core   0: 0 0x800065ee (0x03883c33) x24 0x0000b988
core   0: 0x800065f2 (0x004f80b3) add     ra, t6, tp
core   0: 0 0x800065f2 (0x004f80b3) x1  0x00000001
core   0: 0x800065f6 (0x01a2f1b3) and     gp, t0, s10
core   0: 0 0x800065f6 (0x01a2f1b3) x3  0x00000000
core   0: 0x800065fa (0x015ba333) slt     t1, s7, s5
core   0: 0 0x800065fa (0x015ba333) x6  0x00000000
core   0: 0x800065fe (0x0ff0000f) fence   iorw,iorw
core   0: 0 0x800065fe (0x0ff0000f)
core   0: 0x80006602 (0x036c8bb3) mul     s7, s9, s6
core   0: 0 0x80006602 (0x036c8bb3) x23 0x00000001
core   0: 0x80006606 (0x0000e38d) c.bnez  a5, pc + 34
core   0: 0 0x80006606 (0xe38d)
core   0: 0x80006628 (0x000081b1) c.srli  a1, 12
core   0: 0 0x80006628 (0x81b1) x11 0x0000000a
core   0: 0x8000662a (0x000098fd) c.andi  s1, -1
core   0: 0 0x8000662a (0x98fd) x9  0x00000000
core   0: 0x8000662c (0x00291f93) slli    t6, s2, 2
core   0: 0 0x8000662c (0x00291f93) x31 0x00000000
core   0: 0x80006630 (0x00f4a6b3) slt     a3, s1, a5
core   0: 0 0x80006630 (0x00f4a6b3) x13 0x00000001
core   0: 0x80006634 (0x0000e90d) c.bnez  a0, pc + 50
core   0: 0 0x80006634 (0xe90d)
core   0: 0x80006666 (0x43edc393) xori    t2, s11, 1086
core   0: 0 0x80006666 (0x43edc393) x7  0x0000043e
core   0: 0x8000666a (0x408b5c33) sra     s8, s6, s0
core   0: 0 0x8000666a (0x408b5c33) x24 0xffffffff
core   0: 0x8000666e (0x68258c17) auipc   s8, 0x68258
core   0: 0 0x8000666e (0x68258c17) x24 0xe825e66e
core   0: 0x80006672 (0x1be69d97) auipc   s11, 0x1be69
core   0: 0 0x80006672 (0x1be69d97) x27 0x9be6f672
core   0: 0x80006676 (0x039a6063) bltu    s4, s9, pc + 32
core   0: 0 0x80006676 (0x039a6063)
core   0: 0x80006696 (0x015e6533) or      a0, t3, s5
core   0: 0 0x80006696 (0x015e6533) x10 0xffffffff
core   0: 0x8000669a (0x00008fd9) c.or    a5, a4
core   0: 0 0x8000669a (0x8fd9) x15 0x800003f1
core   0: 0x8000669c (0x00000001) c.nop
core   0: 0 0x8000669c (0x0001)
core   0: 0x8000669e (0x031fa033) mulhsu  zero, t6, a7
core   0: 0 0x8000669e (0x031fa033)
core   0: 0x800066a2 (0x7cee2b93) slti    s7, t3, 1998
core   0: 0 0x800066a2 (0x7cee2b93) x23 0x00000001
core   0: 0x800066a6 (0x403808b3) sub     a7, a6, gp
core   0: 0 0x800066a6 (0x403808b3) x17 0x0000c000
core   0: 0x800066aa (0x000003ca) c.slli  t2, 18
core   0: 0 0x800066aa (0x03ca) x7  0x10f80000
core   0: 0x800066ac (0x02fe84b3) mul     s1, t4, a5
core   0: 0 0x800066ac (0x02fe84b3) x9  0x01f88000
core   0: 0x800066b0 (0x00008d19) c.sub   a0, a4
core   0: 0 0x800066b0 (0x8d19) x10 0x7ffffe5f
core   0: 0x800066b2 (0x02f494b3) mulh    s1, s1, a5
core   0: 0 0x800066b2 (0x02f494b3) x9  0xff03c007
core   0: 0x800066b6 (0x0307e733) rem     a4, a5, a6
core   0: 0 0x800066b6 (0x0307e733) x14 0xffff83f1
core   0: 0x800066ba (0x4180d213) srai    tp, ra, 24
core   0: 0 0x800066ba (0x4180d213) x4  0x00000000
core   0: 0x800066be (0x028ed663) bge     t4, s0, pc + 44
core   0: 0 0x800066be (0x028ed663)
core   0: 0x800066ea (0x005c17b3) sll     a5, s8, t0
core   0: 0 0x800066ea (0x005c17b3) x15 0x00000000
core   0: 0x800066ee (0x00a5e9b3) or      s3, a1, a0
core   0: 0 0x800066ee (0x00a5e9b3) x19 0x7ffffe5f
core   0: 0x800066f2 (0x00759e63) bne     a1, t2, pc + 28
core   0: 0 0x800066f2 (0x00759e63)
core   0: 0x8000670e (0x00d05793) srli    a5, zero, 13
core   0: 0 0x8000670e (0x00d05793) x15 0x00000000
core   0: 0x80006712 (0x00000504) c.addi4spn s1, sp, 640
core   0: 0 0x80006712 (0x0504) x9  0x00000271
core   0: 0x80006714 (0x0000809d) c.srli  s1, 7
core   0: 0 0x80006714 (0x809d) x9  0x00000004
core   0: 0x80006716 (0x00d085b3) add     a1, ra, a3
core   0: 0 0x80006716 (0x00d085b3) x11 0x00000002
core   0: 0x8000671a (0x0000821a) c.mv    tp, t1
core   0: 0 0x8000671a (0x821a) x4  0x00000000
core   0: 0x8000671c (0x3740a093) slti    ra, ra, 884
core   0: 0 0x8000671c (0x3740a093) x1  0x00000001
core   0: 0x80006720 (0x02a64133) div     sp, a2, a0
core   0: 0 0x80006720 (0x02a64133) x2  0x00000000
core   0: 0x80006724 (0x0000100f) fence.i
core   0: 0 0x80006724 (0x0000100f)
core   0: 0x80006728 (0x011436b3) sltu    a3, s0, a7
core   0: 0 0x80006728 (0x011436b3) x13 0x00000000
core   0: 0x8000672c (0x00c97363) bgeu    s2, a2, pc + 6
core   0: 0 0x8000672c (0x00c97363)
core   0: 0x80006730 (0x000080e6) c.mv    ra, s9
core   0: 0 0x80006730 (0x80e6) x1  0xffffffff
core   0: 0x80006732 (0x4cde0917) auipc   s2, 0x4cde0
core   0: 0 0x80006732 (0x4cde0917) x18 0xccde6732
core   0: 0x80006736 (0x001bdbb3) srl     s7, s7, ra
core   0: 0 0x80006736 (0x001bdbb3) x23 0x00000000
core   0: 0x8000673a (0x26e02193) slti    gp, zero, 622
core   0: 0 0x8000673a (0x26e02193) x3  0x00000001
core   0: 0x8000673e (0x0009c8b3) xor     a7, s3, zero
core   0: 0 0x8000673e (0x0009c8b3) x17 0x7ffffe5f
core   0: 0x80006742 (0x00b12f33) slt     t5, sp, a1
core   0: 0 0x80006742 (0x00b12f33) x30 0x00000001
core   0: 0x80006746 (0x00008cf1) c.and   s1, a2
core   0: 0 0x80006746 (0x8cf1) x9  0x00000004
core   0: 0x80006748 (0x033c56b3) divu    a3, s8, s3
core   0: 0 0x80006748 (0x033c56b3) x13 0x00000001
core   0: 0x8000674c (0x000011fd) c.addi  gp, -1
core   0: 0 0x8000674c (0x11fd) x3  0x00000000
core   0: 0x8000674e (0x419d0133) sub     sp, s10, s9
core   0: 0 0x8000674e (0x419d0133) x2  0x00000001
core   0: 0x80006752 (0x022066b3) rem     a3, zero, sp
core   0: 0 0x80006752 (0x022066b3) x13 0x00000000
core   0: 0x80006756 (0x3f7cad17) auipc   s10, 0x3f7ca
core   0: 0 0x80006756 (0x3f7cad17) x26 0xbf7d0756
core   0: 0x8000675a (0x038dda33) divu    s4, s11, s8
core   0: 0 0x8000675a (0x038dda33) x20 0x00000000
core   0: 0x8000675e (0x0377b7b3) mulhu   a5, a5, s7
core   0: 0 0x8000675e (0x0377b7b3) x15 0x00000000
core   0: 0x80006762 (0x1fb42ab7) lui     s5, 0x1fb42
core   0: 0 0x80006762 (0x1fb42ab7) x21 0x1fb42000
core   0: 0x80006766 (0x00e71263) bne     a4, a4, pc + 4
core   0: 0 0x80006766 (0x00e71263)
core   0: 0x8000676a (0x00008f89) c.sub   a5, a0
core   0: 0 0x8000676a (0x8f89) x15 0x800001a1
core   0: 0x8000676c (0x0000198c) c.addi4spn a1, sp, 240
core   0: 0 0x8000676c (0x198c) x11 0x000000f1
core   0: 0x8000676e (0x02af5263) bge     t5, a0, pc + 36
core   0: 0 0x8000676e (0x02af5263)
core   0: 0x80006772 (0x0000100f) fence.i
core   0: 0 0x80006772 (0x0000100f)
core   0: 0x80006776 (0x00000da9) c.addi  s11, 10
core   0: 0 0x80006776 (0x0da9) x27 0x9be6f67c
core   0: 0x80006778 (0x0313ab33) mulhsu  s6, t2, a7
core   0: 0 0x80006778 (0x0313ab33) x22 0x087bffe4
core   0: 0x8000677c (0x01fc59b3) srl     s3, s8, t6
core   0: 0 0x8000677c (0x01fc59b3) x19 0xe825e66e
core   0: 0x80006780 (0x009adf63) bge     s5, s1, pc + 30
core   0: 0 0x80006780 (0x009adf63)
core   0: 0x8000679e (0x01691993) slli    s3, s2, 22
core   0: 0 0x8000679e (0x01691993) x19 0xcc800000
core   0: 0x800067a2 (0x0000877d) c.srai  a4, 31
core   0: 0 0x800067a2 (0x877d) x14 0xffffffff
core   0: 0x800067a4 (0x00da3733) sltu    a4, s4, a3
core   0: 0 0x800067a4 (0x00da3733) x14 0x00000000
core   0: 0x800067a8 (0x011b2ab3) slt     s5, s6, a7
core   0: 0 0x800067a8 (0x011b2ab3) x21 0x00000001
core   0: 0x800067ac (0x0000577d) c.li    a4, -1
core   0: 0 0x800067ac (0x577d) x14 0xffffffff
core   0: 0x800067ae (0x53a19c17) auipc   s8, 0x53a19
core   0: 0 0x800067ae (0x53a19c17) x24 0xd3a1f7ae
core   0: 0x800067b2 (0x0127ec63) bltu    a5, s2, pc + 24
core   0: 0 0x800067b2 (0x0127ec63)
core   0: 0x800067ca (0x00008d49) c.or    a0, a0
core   0: 0 0x800067ca (0x8d49) x10 0x7ffffe5f
core   0: 0x800067cc (0x015f8d63) beq     t6, s5, pc + 26
core   0: 0 0x800067cc (0x015f8d63)
core   0: 0x800067d0 (0x00b8db13) srli    s6, a7, 11
core   0: 0 0x800067d0 (0x00b8db13) x22 0x000fffff
core   0: 0x800067d4 (0x41930fb3) sub     t6, t1, s9
core   0: 0 0x800067d4 (0x41930fb3) x31 0x00000001
core   0: 0x800067d8 (0x009a1f13) slli    t5, s4, 9
core   0: 0 0x800067d8 (0x009a1f13) x30 0x00000000
core   0: 0x800067dc (0xdafb7713) andi    a4, s6, -593
core   0: 0 0x800067dc (0xdafb7713) x14 0x000ffdaf
core   0: 0x800067e0 (0x027cceb3) div     t4, s9, t2
core   0: 0 0x800067e0 (0x027cceb3) x29 0x00000000
core   0: 0x800067e4 (0x00008535) c.srai  a0, 13
core   0: 0 0x800067e4 (0x8535) x10 0x0003ffff
core   0: 0x800067e6 (0x0000839d) c.srli  a5, 7
core   0: 0 0x800067e6 (0x839d) x15 0x01000003
core   0: 0x800067e8 (0x00000759) c.addi  a4, 22
core   0: 0 0x800067e8 (0x0759) x14 0x000ffdc5
core   0: 0x800067ea (0x6afcc513) xori    a0, s9, 1711
core   0: 0 0x800067ea (0x6afcc513) x10 0xfffff950
core   0: 0x800067ee (0x000001b2) c.slli  gp, 12
core   0: 0 0x800067ee (0x01b2) x3  0x00000000
core   0: 0x800067f0 (0x00009afd) c.andi  a3, -1
core   0: 0 0x800067f0 (0x9afd) x13 0x00000000
core   0: 0x800067f2 (0x0000100f) fence.i
core   0: 0 0x800067f2 (0x0000100f)
core   0: 0x800067f6 (0x01a4d713) srli    a4, s1, 26
core   0: 0 0x800067f6 (0x01a4d713) x14 0x00000000
core   0: 0x800067fa (0x30d0e993) ori     s3, ra, 781
core   0: 0 0x800067fa (0x30d0e993) x19 0xffffffff
core   0: 0x800067fe (0x030adeb3) divu    t4, s5, a6
core   0: 0 0x800067fe (0x030adeb3) x29 0x00000000
core   0: 0x80006802 (0x000083ad) c.srli  a5, 11
core   0: 0 0x80006802 (0x83ad) x15 0x00002000
core   0: 0x80006804 (0x003b5693) srli    a3, s6, 3
core   0: 0 0x80006804 (0x003b5693) x13 0x0001ffff
core   0: 0x80006808 (0x01e2cf33) xor     t5, t0, t5
core   0: 0 0x80006808 (0x01e2cf33) x30 0x000000ff
core   0: 0x8000680c (0xf7f76b13) ori     s6, a4, -129
core   0: 0 0x8000680c (0xf7f76b13) x22 0xffffff7f
core   0: 0x80006810 (0x03e9aab3) mulhsu  s5, s3, t5
core   0: 0 0x80006810 (0x03e9aab3) x21 0xffffffff
core   0: 0x80006814 (0x00006165) c.addi16sp sp, 112
core   0: 0 0x80006814 (0x6165) x2  0x00000071
core   0: 0x80006816 (0x00008e85) c.sub   a3, s1
core   0: 0 0x80006816 (0x8e85) x13 0x0001fffb
core   0: 0x80006818 (0x00008a92) c.mv    s5, tp
core   0: 0 0x80006818 (0x8a92) x21 0x00000000
core   0: 0x8000681a (0x00008a81) c.andi  a3, 0
core   0: 0 0x8000681a (0x8a81) x13 0x00000000
core   0: 0x8000681c (0x03bcf563) bgeu    s9, s11, pc + 42
core   0: 0 0x8000681c (0x03bcf563)
core   0: 0x80006846 (0x0000c2a9) c.beqz  a3, pc + 66
core   0: 0 0x80006846 (0xc2a9)
core   0: 0x80006888 (0x00006f2d) c.lui   t5, 0xb
core   0: 0 0x80006888 (0x6f2d) x30 0x0000b000
core   0: 0x8000688a (0x1505f837) lui     a6, 0x1505f
core   0: 0 0x8000688a (0x1505f837) x16 0x1505f000
core   0: 0x8000688e (0x00ff9263) bne     t6, a5, pc + 4
core   0: 0 0x8000688e (0x00ff9263)
core   0: 0x80006892 (0x00000001) c.nop
core   0: 0 0x80006892 (0x0001)
core   0: 0x80006894 (0x00006141) c.addi16sp sp, 16
core   0: 0 0x80006894 (0x6141) x2  0x00000081
core   0: 0x80006896 (0x00009f86) c.add   t6, ra
core   0: 0 0x80006896 (0x9f86) x31 0x00000000
core   0: 0x80006898 (0x0264c5b3) div     a1, s1, t1
core   0: 0 0x80006898 (0x0264c5b3) x11 0xffffffff
core   0: 0x8000689c (0x044e6063) bltu    t3, tp, pc + 64
core   0: 0 0x8000689c (0x044e6063)
core   0: 0x800068a0 (0x00008fd5) c.or    a5, a3
core   0: 0 0x800068a0 (0x8fd5) x15 0x00002000
core   0: 0x800068a2 (0x0011d193) srli    gp, gp, 1
core   0: 0 0x800068a2 (0x0011d193) x3  0x00000000
core   0: 0x800068a6 (0x7b886393) ori     t2, a6, 1976
core   0: 0 0x800068a6 (0x7b886393) x7  0x1505f7b8
core   0: 0x800068aa (0x8f8ae1b7) lui     gp, 0x8f8ae
core   0: 0 0x800068aa (0x8f8ae1b7) x3  0x8f8ae000
core   0: 0x800068ae (0x00006499) c.lui   s1, 0x6
core   0: 0 0x800068ae (0x6499) x9  0x00006000
core   0: 0x800068b0 (0x00008495) c.srai  s1, 5
core   0: 0 0x800068b0 (0x8495) x9  0x00000300
core   0: 0x800068b2 (0x00009afd) c.andi  a3, -1
core   0: 0 0x800068b2 (0x9afd) x13 0x00000000
core   0: 0x800068b4 (0x00008e91) c.sub   a3, a2
core   0: 0 0x800068b4 (0x8e91) x13 0x7ffda31c
core   0: 0x800068b6 (0x41c257b3) sra     a5, tp, t3
core   0: 0 0x800068b6 (0x41c257b3) x15 0x00000000
core   0: 0x800068ba (0x00182f33) slt     t5, a6, ra
core   0: 0 0x800068ba (0x00182f33) x30 0x00000000
core   0: 0x800068be (0x21783c93) sltiu   s9, a6, 535
core   0: 0 0x800068be (0x21783c93) x25 0x00000000
core   0: 0x800068c2 (0x00008f59) c.or    a4, a4
core   0: 0 0x800068c2 (0x8f59) x14 0x00000000
core   0: 0x800068c4 (0x00000d99) c.addi  s11, 6
core   0: 0 0x800068c4 (0x0d99) x27 0x9be6f682
core   0: 0x800068c6 (0x00008d4d) c.or    a0, a1
core   0: 0 0x800068c6 (0x8d4d) x10 0xffffffff
core   0: 0x800068c8 (0x17849997) auipc   s3, 0x17849
core   0: 0 0x800068c8 (0x17849997) x19 0x9784f8c8
core   0: 0x800068cc (0xdfb46897) auipc   a7, 0xdfb46
core   0: 0 0x800068cc (0xdfb46897) x17 0x5fb4c8cc
core   0: 0x800068d0 (0x27cbc993) xori    s3, s7, 636
core   0: 0 0x800068d0 (0x27cbc993) x19 0x0000027c
core   0: 0x800068d4 (0x416388b3) sub     a7, t2, s6
core   0: 0 0x800068d4 (0x416388b3) x17 0x1505f839
core   0: 0x800068d8 (0x007452b3) srl     t0, s0, t2
core   0: 0 0x800068d8 (0x007452b3) x5  0x00000080
core   0: 0x800068dc (0x0000100f) fence.i
core   0: 0 0x800068dc (0x0000100f)
core   0: 0x800068e0 (0x00008d15) c.sub   a0, a3
core   0: 0 0x800068e0 (0x8d15) x10 0x80025ce3
core   0: 0x800068e2 (0x588f0e93) addi    t4, t5, 1416
core   0: 0 0x800068e2 (0x588f0e93) x29 0x00000588
core   0: 0x800068e6 (0x000087b6) c.mv    a5, a3
core   0: 0 0x800068e6 (0x87b6) x15 0x7ffda31c
core   0: 0x800068e8 (0x024d8833) mul     a6, s11, tp
core   0: 0 0x800068e8 (0x024d8833) x16 0x00000000
core   0: 0x800068ec (0x000083d9) c.srli  a5, 22
core   0: 0 0x800068ec (0x83d9) x15 0x000001ff
core   0: 0x800068ee (0x50bef293) andi    t0, t4, 1291
core   0: 0 0x800068ee (0x50bef293) x5  0x00000508
core   0: 0x800068f2 (0x03ac4fb3) div     t6, s8, s10
core   0: 0 0x800068f2 (0x03ac4fb3) x31 0x00000000
core   0: 0x800068f6 (0x000098fd) c.andi  s1, -1
core   0: 0 0x800068f6 (0x98fd) x9  0x00000300
core   0: 0x800068f8 (0x022b5f33) divu    t5, s6, sp
core   0: 0 0x800068f8 (0x022b5f33) x30 0x01fc07ef
core   0: 0x800068fc (0x0004ba33) sltu    s4, s1, zero
core   0: 0 0x800068fc (0x0004ba33) x20 0x00000000
core   0: 0x80006900 (0x04ce9263) bne     t4, a2, pc + 68
core   0: 0 0x80006900 (0x04ce9263)
core   0: 0x80006944 (0x02b95ab3) divu    s5, s2, a1
core   0: 0 0x80006944 (0x02b95ab3) x21 0x00000000
core   0: 0x80006948 (0x0003d263) bgez    t2, pc + 4
core   0: 0 0x80006948 (0x0003d263)
core   0: 0x8000694c (0x0085f933) and     s2, a1, s0
core   0: 0 0x8000694c (0x0085f933) x18 0x80000000
core   0: 0x80006950 (0x000083bd) c.srli  a5, 15
core   0: 0 0x80006950 (0x83bd) x15 0x00000000
core   0: 0x80006952 (0x7d903917) auipc   s2, 0x7d903
core   0: 0 0x80006952 (0x7d903917) x18 0xfd909952
core   0: 0x80006956 (0x0000717d) c.addi16sp sp, -16
core   0: 0 0x80006956 (0x717d) x2  0x00000071
core   0: 0x80006958 (0x15cbbb93) sltiu   s7, s7, 348
core   0: 0 0x80006958 (0x15cbbb93) x23 0x00000001
core   0: 0x8000695c (0xa904c493) xori    s1, s1, -1392
core   0: 0 0x8000695c (0xa904c493) x9  0xfffff990
core   0: 0x80006960 (0x00000ae5) c.addi  s5, 25
core   0: 0 0x80006960 (0x0ae5) x21 0x00000019
core   0: 0x80006962 (0x0361e333) rem     t1, gp, s6
core   0: 0 0x80006962 (0x0361e333) x6  0xffffffe8
core   0: 0x80006966 (0x757b7313) andi    t1, s6, 1879
core   0: 0 0x80006966 (0x757b7313) x6  0x00000757
core   0: 0x8000696a (0x00001b7d) c.addi  s6, -1
core   0: 0 0x8000696a (0x1b7d) x22 0xffffff7e
core   0: 0x8000696c (0x00000001) c.nop
core   0: 0 0x8000696c (0x0001)
core   0: 0x8000696e (0x000b2033) slt     zero, s6, zero
core   0: 0 0x8000696e (0x000b2033)
core   0: 0x80006972 (0x0000c29d) c.beqz  a3, pc + 38
core   0: 0 0x80006972 (0xc29d)
core   0: 0x80006974 (0x00008ba6) c.mv    s7, s1
core   0: 0 0x80006974 (0x8ba6) x23 0xfffff990
core   0: 0x80006976 (0x02749e63) bne     s1, t2, pc + 60
core   0: 0 0x80006976 (0x02749e63)
core   0: 0x800069b2 (0x01522c33) slt     s8, tp, s5
core   0: 0 0x800069b2 (0x01522c33) x24 0x00000001
core   0: 0x800069b6 (0x418e5933) sra     s2, t3, s8
core   0: 0 0x800069b6 (0x418e5933) x18 0xc0010f32
core   0: 0x800069ba (0x01776bb3) or      s7, a4, s7
core   0: 0 0x800069ba (0x01776bb3) x23 0xfffff990
core   0: 0x800069be (0x00008db1) c.xor   a1, a2
core   0: 0 0x800069be (0x8db1) x11 0x7ffda31b
core   0: 0x800069c0 (0x47bf64b7) lui     s1, 0x47bf6
core   0: 0 0x800069c0 (0x47bf64b7) x9  0x47bf6000
core   0: 0x800069c4 (0x4037d713) srai    a4, a5, 3
core   0: 0 0x800069c4 (0x4037d713) x14 0x00000000
core   0: 0x800069c8 (0x00009d46) c.add   s10, a7
core   0: 0 0x800069c8 (0x9d46) x26 0xd482ff8f
core   0: 0x800069ca (0x009d89b3) add     s3, s11, s1
core   0: 0 0x800069ca (0x009d89b3) x19 0xe3a65682
core   0: 0x800069ce (0x02cc7d63) bgeu    s8, a2, pc + 58
core   0: 0 0x800069ce (0x02cc7d63)
core   0: 0x800069d2 (0x01bbdb63) bge     s7, s11, pc + 22
core   0: 0 0x800069d2 (0x01bbdb63)
core   0: 0x800069e8 (0x9a90bb13) sltiu   s6, ra, -1623
core   0: 0 0x800069e8 (0x9a90bb13) x22 0x00000000
core   0: 0x800069ec (0x018f1b63) bne     t5, s8, pc + 22
core   0: 0 0x800069ec (0x018f1b63)
core   0: 0x80006a02 (0x00009cfa) c.add   s9, t5
core   0: 0 0x80006a02 (0x9cfa) x25 0x01fc07ef
core   0: 0x80006a04 (0x014da533) slt     a0, s11, s4
core   0: 0 0x80006a04 (0x014da533) x10 0x00000001
core   0: 0x80006a08 (0x037940b3) div     ra, s2, s7
core   0: 0 0x80006a08 (0x037940b3) x1  0x0009f0ec
core   0: 0x80006a0c (0x0048dc13) srli    s8, a7, 4
core   0: 0 0x80006a0c (0x0048dc13) x24 0x01505f83
core   0: 0x80006a10 (0x00008715) c.srai  a4, 5
core   0: 0 0x80006a10 (0x8715) x14 0x00000000
core   0: 0x80006a12 (0x0ff0000f) fence   iorw,iorw
core   0: 0 0x80006a12 (0x0ff0000f)
core   0: 0x80006a16 (0x0000ed01) c.bnez  a0, pc + 24
core   0: 0 0x80006a16 (0xed01)
core   0: 0x80006a2e (0x000086d1) c.srai  a3, 20
core   0: 0 0x80006a2e (0x86d1) x13 0x000007ff
core   0: 0x80006a30 (0x01aafa33) and     s4, s5, s10
core   0: 0 0x80006a30 (0x01aafa33) x20 0x00000009
core   0: 0x80006a34 (0x021702b3) mul     t0, a4, ra
core   0: 0 0x80006a34 (0x021702b3) x5  0x00000000
core   0: 0x80006a38 (0x0000100f) fence.i
core   0: 0 0x80006a38 (0x0000100f)
core   0: 0x80006a3c (0x4148d293) srai    t0, a7, 20
core   0: 0 0x80006a3c (0x4148d293) x5  0x00000150
core   0: 0x80006a40 (0x3e782493) slti    s1, a6, 999
core   0: 0 0x80006a40 (0x3e782493) x9  0x00000001
core   0: 0x80006a44 (0x004534b3) sltu    s1, a0, tp
core   0: 0 0x80006a44 (0x004534b3) x9  0x00000000
core   0: 0x80006a48 (0x01f16563) bltu    sp, t6, pc + 10
core   0: 0 0x80006a48 (0x01f16563)
core   0: 0x80006a4c (0x03bdfc63) bgeu    s11, s11, pc + 56
core   0: 0 0x80006a4c (0x03bdfc63)
core   0: 0x80006a84 (0x41760d33) sub     s10, a2, s7
core   0: 0 0x80006a84 (0x41760d33) x26 0x80026354
core   0: 0x80006a88 (0x01e09bb3) sll     s7, ra, t5
core   0: 0 0x80006a88 (0x01e09bb3) x23 0xf8760000
core   0: 0x80006a8c (0x0ff0000f) fence   iorw,iorw
core   0: 0 0x80006a8c (0x0ff0000f)
core   0: 0x80006a90 (0x0000197d) c.addi  s2, -1
core   0: 0 0x80006a90 (0x197d) x18 0xc0010f31
core   0: 0x80006a92 (0x00008ff6) c.mv    t6, t4
core   0: 0 0x80006a92 (0x8ff6) x31 0x00000588
core   0: 0x80006a94 (0x02b50233) mul     tp, a0, a1
core   0: 0 0x80006a94 (0x02b50233) x4  0x7ffda31b
core   0: 0x80006a98 (0x00001384) c.addi4spn s1, sp, 480
core   0: 0 0x80006a98 (0x1384) x9  0x00000251
core   0: 0x80006a9a (0x00008dd1) c.or    a1, a2
core   0: 0 0x80006a9a (0x8dd1) x11 0xffffffff
core   0: 0x80006a9c (0x00008de1) c.and   a1, s0
core   0: 0 0x80006a9c (0x8de1) x11 0x80000000
core   0: 0x80006a9e (0x1f2caa13) slti    s4, s9, 498
core   0: 0 0x80006a9e (0x1f2caa13) x20 0x00000000
core   0: 0x80006aa2 (0x000a9bb3) sll     s7, s5, zero
core   0: 0 0x80006aa2 (0x000a9bb3) x23 0x00000019
core   0: 0x80006aa6 (0x00008f6d) c.and   a4, a1
core   0: 0 0x80006aa6 (0x8f6d) x14 0x00000000
core   0: 0x80006aa8 (0x001c5563) bge     s8, ra, pc + 10
core   0: 0 0x80006aa8 (0x001c5563)
core   0: 0x80006ab2 (0x041af163) bgeu    s5, ra, pc + 66
core   0: 0 0x80006ab2 (0x041af163)
core   0: 0x80006ab6 (0x00005cfd) c.li    s9, -1
core   0: 0 0x80006ab6 (0x5cfd) x25 0xffffffff
core   0: 0x80006ab8 (0x00ba7ab3) and     s5, s4, a1
core   0: 0 0x80006ab8 (0x00ba7ab3) x21 0x00000000
core   0: 0x80006abc (0xae466193) ori     gp, a2, -1308
core   0: 0 0x80006abc (0xae466193) x3  0xfffffee4
core   0: 0x80006ac0 (0x032337b3) mulhu   a5, t1, s2
core   0: 0 0x80006ac0 (0x032337b3) x15 0x00000581
core   0: 0x80006ac4 (0x8abe8d13) addi    s10, t4, -1877
core   0: 0 0x80006ac4 (0x8abe8d13) x26 0xfffffe33
core   0: 0x80006ac8 (0x0254c3b3) div     t2, s1, t0
core   0: 0 0x80006ac8 (0x0254c3b3) x7  0x00000001
core   0: 0x80006acc (0x003ec493) xori    s1, t4, 3
core   0: 0 0x80006acc (0x003ec493) x9  0x0000058b
core   0: 0x80006ad0 (0x00008d0d) c.sub   a0, a1
core   0: 0 0x80006ad0 (0x8d0d) x10 0x80000001
core   0: 0x80006ad2 (0x01c9b933) sltu    s2, s3, t3
core   0: 0 0x80006ad2 (0x01c9b933) x18 0x00000000
core   0: 0x80006ad6 (0x164fc493) xori    s1, t6, 356
core   0: 0 0x80006ad6 (0x164fc493) x9  0x000004ec
core   0: 0x80006ada (0x02b00a33) mul     s4, zero, a1
core   0: 0 0x80006ada (0x02b00a33) x20 0x00000000
core   0: 0x80006ade (0x00008f49) c.or    a4, a0
core   0: 0 0x80006ade (0x8f49) x14 0x80000001
core   0: 0x80006ae0 (0x0025c9b3) xor     s3, a1, sp
core   0: 0 0x80006ae0 (0x0025c9b3) x19 0x80000071
core   0: 0x80006ae4 (0x0000717d) c.addi16sp sp, -16
core   0: 0 0x80006ae4 (0x717d) x2  0x00000061
core   0: 0x80006ae6 (0x000007d1) c.addi  a5, 20
core   0: 0 0x80006ae6 (0x07d1) x15 0x00000595
core   0: 0x80006ae8 (0x00008ac2) c.mv    s5, a6
core   0: 0 0x80006ae8 (0x8ac2) x21 0x00000000
core   0: 0x80006aea (0x00000001) c.nop
core   0: 0 0x80006aea (0x0001)
core   0: 0x80006aec (0x022f4563) blt     t5, sp, pc + 42
core   0: 0 0x80006aec (0x022f4563)
core   0: 0x80006af0 (0x02b1ec33) rem     s8, gp, a1
core   0: 0 0x80006af0 (0x02b1ec33) x24 0xfffffee4
core   0: 0x80006af4 (0x04e0f263) bgeu    ra, a4, pc + 68
core   0: 0 0x80006af4 (0x04e0f263)
core   0: 0x80006af8 (0x6c968793) addi    a5, a3, 1737
core   0: 0 0x80006af8 (0x6c968793) x15 0x00000ec8
core   0: 0x80006afc (0x0ff0000f) fence   iorw,iorw
core   0: 0 0x80006afc (0x0ff0000f)
core   0: 0x80006b00 (0x406302b3) sub     t0, t1, t1
core   0: 0 0x80006b00 (0x406302b3) x5  0x00000000
core   0: 0x80006b04 (0x02300333) mul     t1, zero, gp
core   0: 0 0x80006b04 (0x02300333) x6  0x00000000
core   0: 0x80006b08 (0x01c40563) beq     s0, t3, pc + 10
core   0: 0 0x80006b08 (0x01c40563)
core   0: 0x80006b0c (0x404f5393) srai    t2, t5, 4
core   0: 0 0x80006b0c (0x404f5393) x7  0x001fc07e
core   0: 0x80006b10 (0x00000001) c.nop
core   0: 0 0x80006b10 (0x0001)
core   0: 0x80006b12 (0x02969763) bne     a3, s1, pc + 46
core   0: 0 0x80006b12 (0x02969763)
core   0: 0x80006b40 (0x01bb94b3) sll     s1, s7, s11
core   0: 0 0x80006b40 (0x01bb94b3) x9  0x00000064
core   0: 0x80006b44 (0x00006119) c.addi16sp sp, 384
core   0: 0 0x80006b44 (0x6119) x2  0x000001e1
core   0: 0x80006b46 (0x015eef33) or      t5, t4, s5
core   0: 0 0x80006b46 (0x015eef33) x30 0x00000588
core   0: 0x80006b4a (0x41dc05b3) sub     a1, s8, t4
core   0: 0 0x80006b4a (0x41dc05b3) x11 0xfffff95c
core   0: 0x80006b4e (0x00392933) slt     s2, s2, gp
core   0: 0 0x80006b4e (0x00392933) x18 0x00000000
core   0: 0x80006b52 (0x0000100f) fence.i
core   0: 0 0x80006b52 (0x0000100f)
core   0: 0x80006b56 (0x0318c833) div     a6, a7, a7
core   0: 0 0x80006b56 (0x0318c833) x16 0x00000001
core   0: 0x80006b5a (0x0252e663) bltu    t0, t0, pc + 44
core   0: 0 0x80006b5a (0x0252e663)
core   0: 0x80006b5e (0x00008f4d) c.or    a4, a1
core   0: 0 0x80006b5e (0x8f4d) x14 0xfffff95d
core   0: 0x80006b60 (0x02221db3) mulh    s11, tp, sp
core   0: 0 0x80006b60 (0x02221db3) x27 0x000000f0
core   0: 0x80006b64 (0x00239813) slli    a6, t2, 2
core   0: 0 0x80006b64 (0x00239813) x16 0x007f01f8
core   0: 0x80006b68 (0x00000001) c.nop
core   0: 0 0x80006b68 (0x0001)
core   0: 0x80006b6a (0x02904863) blt     zero, s1, pc + 48
core   0: 0 0x80006b6a (0x02904863)
core   0: 0x80006b9a (0xf94d0213) addi    tp, s10, -108
core   0: 0 0x80006b9a (0xf94d0213) x4  0xfffffdc7
core   0: 0x80006b9e (0x41880f33) sub     t5, a6, s8
core   0: 0 0x80006b9e (0x41880f33) x30 0x007f0314
core   0: 0x80006ba2 (0x0381da33) divu    s4, gp, s8
core   0: 0 0x80006ba2 (0x0381da33) x20 0x00000001
core   0: 0x80006ba6 (0x00119393) slli    t2, gp, 1
core   0: 0 0x80006ba6 (0x00119393) x7  0xfffffdc8
core   0: 0x80006baa (0x00008ccd) c.or    s1, a1
core   0: 0 0x80006baa (0x8ccd) x9  0xfffff97c
core   0: 0x80006bac (0x00008171) c.srli  a0, 28
core   0: 0 0x80006bac (0x8171) x10 0x00000008
core   0: 0x80006bae (0x0000e305) c.bnez  a4, pc + 32
core   0: 0 0x80006bae (0xe305)
core   0: 0x80006bce (0x02662ab3) mulhsu  s5, a2, t1
core   0: 0 0x80006bce (0x02662ab3) x21 0x00000000
core   0: 0x80006bd2 (0x0000e199) c.bnez  a1, pc + 6
core   0: 0 0x80006bd2 (0xe199)
core   0: 0x80006bd8 (0x037b9963) bne     s7, s7, pc + 50
core   0: 0 0x80006bd8 (0x037b9963)
core   0: 0x80006bdc (0x0000137d) c.addi  t1, -1
core   0: 0 0x80006bdc (0x137d) x6  0xffffffff
core   0: 0x80006bde (0x032567b3) rem     a5, a0, s2
core   0: 0 0x80006bde (0x032567b3) x15 0x00000008
core   0: 0x80006be2 (0x00001a7d) c.addi  s4, -1
core   0: 0 0x80006be2 (0x1a7d) x20 0x00000000
core   0: 0x80006be4 (0x0069a333) slt     t1, s3, t1
core   0: 0 0x80006be4 (0x0069a333) x6  0x00000001
core   0: 0x80006be8 (0x00008c9d) c.sub   s1, a5
core   0: 0 0x80006be8 (0x8c9d) x9  0xfffff974
core   0: 0x80006bea (0x0102bab3) sltu    s5, t0, a6
core   0: 0 0x80006bea (0x0102bab3) x21 0x00000001
core   0: 0x80006bee (0x02510bb3) mul     s7, sp, t0
core   0: 0 0x80006bee (0x02510bb3) x23 0x00000000
core   0: 0x80006bf2 (0x00001f8c) c.addi4spn a1, sp, 1008
core   0: 0 0x80006bf2 (0x1f8c) x11 0x000005d1
core   0: 0x80006bf4 (0xe8608093) addi    ra, ra, -378
core   0: 0 0x80006bf4 (0xe8608093) x1  0x0009ef72
core   0: 0x80006bf8 (0x00006b15) c.lui   s6, 0x5
core   0: 0 0x80006bf8 (0x6b15) x22 0x00005000
core   0: 0x80006bfa (0x00b39333) sll     t1, t2, a1
core   0: 0 0x80006bfa (0x00b39333) x6  0xfb900000
core   0: 0x80006bfe (0x01129c93) slli    s9, t0, 17
core   0: 0 0x80006bfe (0x01129c93) x25 0x00000000
core   0: 0x80006c02 (0x0166f9b3) and     s3, a3, s6
core   0: 0 0x80006c02 (0x0166f9b3) x19 0x00000000
core   0: 0x80006c06 (0x00008091) c.srli  s1, 4
core   0: 0 0x80006c06 (0x8091) x9  0x0fffff97
core   0: 0x80006c08 (0x00008d49) c.or    a0, a0
core   0: 0 0x80006c08 (0x8d49) x10 0x00000008
core   0: 0x80006c0a (0x010cbeb3) sltu    t4, s9, a6
core   0: 0 0x80006c0a (0x010cbeb3) x29 0x00000001
core   0: 0x80006c0e (0x0235c1b3) div     gp, a1, gp
core   0: 0 0x80006c0e (0x0235c1b3) x3  0xfffffffb
core   0: 0x80006c12 (0x00008f29) c.xor   a4, a0
core   0: 0 0x80006c12 (0x8f29) x14 0xfffff955
core   0: 0x80006c14 (0x00004091) c.li    ra, 4
core   0: 0 0x80006c14 (0x4091) x1  0x00000004
core   0: 0x80006c16 (0x03b2c133) div     sp, t0, s11
core   0: 0 0x80006c16 (0x03b2c133) x2  0x00000000
core   0: 0x80006c1a (0x40b85a33) sra     s4, a6, a1
core   0: 0 0x80006c1a (0x40b85a33) x20 0x0000003f
core   0: 0x80006c1e (0x00000001) c.nop
core   0: 0 0x80006c1e (0x0001)
core   0: 0x80006c20 (0x0114cdb3) xor     s11, s1, a7
core   0: 0 0x80006c20 (0x0114cdb3) x27 0x1afa07ae
core   0: 0x80006c24 (0x01a19493) slli    s1, gp, 26
core   0: 0 0x80006c24 (0x01a19493) x9  0xec000000
core   0: 0x80006c28 (0x02bf4363) blt     t5, a1, pc + 38
core   0: 0 0x80006c28 (0x02bf4363)
core   0: 0x80006c2c (0x00bc4f63) blt     s8, a1, pc + 30
core   0: 0 0x80006c2c (0x00bc4f63)
core   0: 0x80006c4a (0x7a65b293) sltiu   t0, a1, 1958
core   0: 0 0x80006c4a (0x7a65b293) x5  0x00000001
core   0: 0x80006c4e (0x012e5793) srli    a5, t3, 18
core   0: 0 0x80006c4e (0x012e5793) x15 0x00002000
core   0: 0x80006c52 (0x00008ed5) c.or    a3, a3
core   0: 0 0x80006c52 (0x8ed5) x13 0x000007ff
core   0: 0x80006c54 (0x41f352b3) sra     t0, t1, t6
core   0: 0 0x80006c54 (0x41f352b3) x5  0xfffb9000
core   0: 0x80006c58 (0x0121beb3) sltu    t4, gp, s2
core   0: 0 0x80006c58 (0x0121beb3) x29 0x00000000
core   0: 0x80006c5c (0xb22b58b7) lui     a7, 0xb22b5
core   0: 0 0x80006c5c (0xb22b58b7) x17 0xb22b5000
core   0: 0x80006c60 (0x039e99b3) mulh    s3, t4, s9
core   0: 0 0x80006c60 (0x039e99b3) x19 0x00000000
core   0: 0x80006c64 (0x03e14663) blt     sp, t5, pc + 44
core   0: 0 0x80006c64 (0x03e14663)
core   0: 0x80006c90 (0x0ff0000f) fence   iorw,iorw
core   0: 0 0x80006c90 (0x0ff0000f)
core   0: 0x80006c94 (0x00000a1c) c.addi4spn a5, sp, 272
core   0: 0 0x80006c94 (0x0a1c) x15 0x00000110
core   0: 0x80006c96 (0x00008a56) c.mv    s4, s5
core   0: 0 0x80006c96 (0x8a56) x20 0x00000001
core   0: 0x80006c98 (0x000086a1) c.srai  a3, 8
core   0: 0 0x80006c98 (0x86a1) x13 0x00000007
core   0: 0x80006c9a (0x02133533) mulhu   a0, t1, ra
core   0: 0 0x80006c9a (0x02133533) x10 0x00000003
core   0: 0x80006c9e (0x0000100f) fence.i
core   0: 0 0x80006c9e (0x0000100f)
core   0: 0x80006ca2 (0x005788b3) add     a7, a5, t0
core   0: 0 0x80006ca2 (0x005788b3) x17 0xfffb9110
core   0: 0x80006ca6 (0x000051fd) c.li    gp, -1
core   0: 0 0x80006ca6 (0x51fd) x3  0xffffffff
core   0: 0x80006ca8 (0x034e7233) remu    tp, t3, s4
core   0: 0 0x80006ca8 (0x034e7233) x4  0x00000000
core   0: 0x80006cac (0x02246333) rem     t1, s0, sp
core   0: 0 0x80006cac (0x02246333) x6  0x80000000
core   0: 0x80006cb0 (0x0000587d) c.li    a6, -1
core   0: 0 0x80006cb0 (0x587d) x16 0xffffffff
core   0: 0x80006cb2 (0x000055fd) c.li    a1, -1
core   0: 0 0x80006cb2 (0x55fd) x11 0xffffffff
core   0: 0x80006cb4 (0x00009dd2) c.add   s11, s4
core   0: 0 0x80006cb4 (0x9dd2) x27 0x1afa07af
core   0: 0x80006cb6 (0x00d20d63) beq     tp, a3, pc + 26
core   0: 0 0x80006cb6 (0x00d20d63)
core   0: 0x80006cba (0x0068af33) slt     t5, a7, t1
core   0: 0 0x80006cba (0x0068af33) x30 0x00000000
core   0: 0x80006cbe (0x00851833) sll     a6, a0, s0
core   0: 0 0x80006cbe (0x00851833) x16 0x00000003
core   0: 0x80006cc2 (0x00008725) c.srai  a4, 9
core   0: 0 0x80006cc2 (0x8725) x14 0xfffffffc
core   0: 0x80006cc4 (0x00eb5db3) srl     s11, s6, a4
core   0: 0 0x80006cc4 (0x00eb5db3) x27 0x00000000
core   0: 0x80006cc8 (0x73292713) slti    a4, s2, 1842
core   0: 0 0x80006cc8 (0x73292713) x14 0x00000001
core   0: 0x80006ccc (0x0ff0000f) fence   iorw,iorw
core   0: 0 0x80006ccc (0x0ff0000f)
core   0: 0x80006cd0 (0x0000e28d) c.bnez  a3, pc + 34
core   0: 0 0x80006cd0 (0xe28d)
core   0: 0x80006cf2 (0x000085b1) c.srai  a1, 12
core   0: 0 0x80006cf2 (0x85b1) x11 0xffffffff
core   0: 0x80006cf4 (0x00000bfe) c.slli  s7, 31
core   0: 0 0x80006cf4 (0x0bfe) x23 0x00000000
core   0: 0x80006cf6 (0x0000e319) c.bnez  a4, pc + 6
core   0: 0 0x80006cf6 (0xe319)
core   0: 0x80006cfc (0x0ff0000f) fence   iorw,iorw
core   0: 0 0x80006cfc (0x0ff0000f)
core   0: 0x80006d00 (0xb8c06013) ori     zero, zero, -1140
core   0: 0 0x80006d00 (0xb8c06013)
core   0: 0x80006d04 (0x0000100f) fence.i
core   0: 0 0x80006d04 (0x0000100f)
core   0: 0x80006d08 (0x0000100f) fence.i
core   0: 0 0x80006d08 (0x0000100f)
core   0: 0x80006d0c (0x0000049c) c.addi4spn a5, sp, 576
core   0: 0 0x80006d0c (0x049c) x15 0x00000240
core   0: 0x80006d0e (0x00000a41) c.addi  s4, 16
core   0: 0 0x80006d0e (0x0a41) x20 0x00000011
core   0: 0x80006d10 (0x00b75e63) bge     a4, a1, pc + 28
core   0: 0 0x80006d10 (0x00b75e63)
core   0: 0x80006d2c (0xf789fa13) andi    s4, s3, -136
core   0: 0 0x80006d2c (0xf789fa13) x20 0x00000000
core   0: 0x80006d30 (0x401ed0b3) sra     ra, t4, ra
core   0: 0 0x80006d30 (0x401ed0b3) x1  0x00000000
core   0: 0x80006d34 (0x03e685b3) mul     a1, a3, t5
core   0: 0 0x80006d34 (0x03e685b3) x11 0x00000000
core   0: 0x80006d38 (0x0000717d) c.addi16sp sp, -16
core   0: 0 0x80006d38 (0x717d) x2  0xfffffff0
core   0: 0x80006d3a (0xe4ff8493) addi    s1, t6, -433
core   0: 0 0x80006d3a (0xe4ff8493) x9  0x000003d7
core   0: 0x80006d3e (0x00001414) c.addi4spn a3, sp, 544
core   0: 0 0x80006d3e (0x1414) x13 0x00000210
core   0: 0x80006d40 (0x0000100f) fence.i
core   0: 0 0x80006d40 (0x0000100f)
core   0: 0x80006d44 (0x4103d033) sra     zero, t2, a6
core   0: 0 0x80006d44 (0x4103d033)
core   0: 0x80006d48 (0x0000619d) c.lui   gp, 0x7
core   0: 0 0x80006d48 (0x619d) x3  0x00007000
core   0: 0x80006d4a (0x00004f49) c.li    t5, 18
core   0: 0 0x80006d4a (0x4f49) x30 0x00000012
core   0: 0x80006d4c (0x00000001) c.nop
core   0: 0 0x80006d4c (0x0001)
core   0: 0x80006d4e (0x03e97333) remu    t1, s2, t5
core   0: 0 0x80006d4e (0x03e97333) x6  0x00000000
core   0: 0x80006d52 (0x019945b3) xor     a1, s2, s9
core   0: 0 0x80006d52 (0x019945b3) x11 0x00000000
core   0: 0x80006d56 (0x0000100f) fence.i
core   0: 0 0x80006d56 (0x0000100f)
core   0: 0x80006d5a (0x0ff0000f) fence   iorw,iorw
core   0: 0 0x80006d5a (0x0ff0000f)
core   0: 0x80006d5e (0x00f6f033) and     zero, a3, a5
core   0: 0 0x80006d5e (0x00f6f033)
core   0: 0x80006d62 (0x03d15fb3) divu    t6, sp, t4
core   0: 0 0x80006d62 (0x03d15fb3) x31 0xffffffff
core   0: 0x80006d66 (0x0000930e) c.add   t1, gp
core   0: 0 0x80006d66 (0x930e) x6  0x00007000
core   0: 0x80006d68 (0x00008fd1) c.or    a5, a2
core   0: 0 0x80006d68 (0x8fd1) x15 0x80025ee4
core   0: 0x80006d6a (0x00909393) slli    t2, ra, 9
core   0: 0 0x80006d6a (0x00909393) x7  0x00000000
core   0: 0x80006d6e (0x03742133) mulhsu  sp, s0, s7
core   0: 0 0x80006d6e (0x03742133) x2  0x00000000
core   0: 0x80006d72 (0x000098fd) c.andi  s1, -1
core   0: 0 0x80006d72 (0x98fd) x9  0x000003d7
core   0: 0x80006d74 (0x00008be1) c.andi  a5, 24
core   0: 0 0x80006d74 (0x8be1) x15 0x00000000
core   0: 0x80006d76 (0x0068c263) blt     a7, t1, pc + 4
core   0: 0 0x80006d76 (0x0068c263)
core   0: 0x80006d7a (0x0000ef0d) c.bnez  a4, pc + 58
core   0: 0 0x80006d7a (0xef0d)
core   0: 0x80006db4 (0x03f27533) remu    a0, tp, t6
core   0: 0 0x80006db4 (0x03f27533) x10 0x00000000
core   0: 0x80006db8 (0x00004a61) c.li    s4, 24
core   0: 0 0x80006db8 (0x4a61) x20 0x00000018
core   0: 0x80006dba (0x01825363) bge     tp, s8, pc + 6
core   0: 0 0x80006dba (0x01825363)
core   0: 0x80006dc0 (0x031fc733) div     a4, t6, a7
core   0: 0 0x80006dc0 (0x031fc733) x14 0x00000000
core   0: 0x80006dc4 (0x00008bf9) c.andi  a5, 30
core   0: 0 0x80006dc4 (0x8bf9) x15 0x00000000
core   0: 0x80006dc6 (0x0000100f) fence.i
core   0: 0 0x80006dc6 (0x0000100f)
core   0: 0x80006dca (0x00000001) c.nop
core   0: 0 0x80006dca (0x0001)
core   0: 0x80006dcc (0x03aaff63) bgeu    s5, s10, pc + 62
core   0: 0 0x80006dcc (0x03aaff63)
core   0: 0x80006dd0 (0x00d0ff33) and     t5, ra, a3
core   0: 0 0x80006dd0 (0x00d0ff33) x30 0x00000000
core   0: 0x80006dd4 (0x025544b3) div     s1, a0, t0
core   0: 0 0x80006dd4 (0x025544b3) x9  0x00000000
core   0: 0x80006dd8 (0x02396eb3) rem     t4, s2, gp
core   0: 0 0x80006dd8 (0x02396eb3) x29 0x00000000
core   0: 0x80006ddc (0x037f3233) mulhu   tp, t5, s7
core   0: 0 0x80006ddc (0x037f3233) x4  0x00000000
core   0: 0x80006de0 (0x00006149) c.addi16sp sp, 144
core   0: 0 0x80006de0 (0x6149) x2  0x00000090
core   0: 0x80006de2 (0x03f26f63) bltu    tp, t6, pc + 62
core   0: 0 0x80006de2 (0x03f26f63)
core   0: 0x80006e20 (0x80faa917) auipc   s2, 0x80faa
core   0: 0 0x80006e20 (0x80faa917) x18 0x00fb0e20
core   0: 0x80006e24 (0x039c1b33) mulh    s6, s8, s9
core   0: 0 0x80006e24 (0x039c1b33) x22 0x00000000
core   0: 0x80006e28 (0x01417c33) and     s8, sp, s4
core   0: 0 0x80006e28 (0x01417c33) x24 0x00000010
core   0: 0x80006e2c (0x0000955a) c.add   a0, s6
core   0: 0 0x80006e2c (0x955a) x10 0x00000000
core   0: 0x80006e2e (0x0000e595) c.bnez  a1, pc + 44
core   0: 0 0x80006e2e (0xe595)
core   0: 0x80006e30 (0x4d954a93) xori    s5, a0, 1241
core   0: 0 0x80006e30 (0x4d954a93) x21 0x000004d9
core   0: 0x80006e34 (0x000061e1) c.lui   gp, 0x18
core   0: 0 0x80006e34 (0x61e1) x3  0x00018000
core   0: 0x80006e36 (0x02fc0cb3) mul     s9, s8, a5
core   0: 0 0x80006e36 (0x02fc0cb3) x25 0x00000000
core   0: 0x80006e3a (0x02d6e463) bltu    a3, a3, pc + 40
core   0: 0 0x80006e3a (0x02d6e463)
core   0: 0x80006e3e (0x5a37bc13) sltiu   s8, a5, 1443
core   0: 0 0x80006e3e (0x5a37bc13) x24 0x00000001
core   0: 0x80006e42 (0x01ab8cb3) add     s9, s7, s10
core   0: 0 0x80006e42 (0x01ab8cb3) x25 0xfffffe33
core   0: 0x80006e46 (0x000085f9) c.srai  a1, 30
core   0: 0 0x80006e46 (0x85f9) x11 0x00000000
core   0: 0x80006e48 (0x002531b3) sltu    gp, a0, sp
core   0: 0 0x80006e48 (0x002531b3) x3  0x00000001
core   0: 0x80006e4c (0x416950b3) sra     ra, s2, s6
core   0: 0 0x80006e4c (0x416950b3) x1  0x00fb0e20
core   0: 0x80006e50 (0x01d951b3) srl     gp, s2, t4
core   0: 0 0x80006e50 (0x01d951b3) x3  0x00fb0e20
core   0: 0x80006e54 (0x00008d95) c.sub   a1, a3
core   0: 0 0x80006e54 (0x8d95) x11 0xfffffdf0
core   0: 0x80006e56 (0x40705193) srai    gp, zero, 7
core   0: 0 0x80006e56 (0x40705193) x3  0x00000000
core   0: 0x80006e5a (0x05bc1263) bne     s8, s11, pc + 68
core   0: 0 0x80006e5a (0x05bc1263)
core   0: 0x80006e9e (0x00008111) c.srli  a0, 4
core   0: 0 0x80006e9e (0x8111) x10 0x00000000
core   0: 0x80006ea0 (0x41ee8d33) sub     s10, t4, t5
core   0: 0 0x80006ea0 (0x41ee8d33) x26 0x00000000
core   0: 0x80006ea4 (0x00008bfa) c.mv    s7, t5
core   0: 0 0x80006ea4 (0x8bfa) x23 0x00000000
core   0: 0x80006ea6 (0x00008f75) c.and   a4, a3
core   0: 0 0x80006ea6 (0x8f75) x14 0x00000000
core   0: 0x80006ea8 (0x00006489) c.lui   s1, 0x2
core   0: 0 0x80006ea8 (0x6489) x9  0x00002000
core   0: 0x80006eaa (0x01a01c63) bne     zero, s10, pc + 24
core   0: 0 0x80006eaa (0x01a01c63)
core   0: 0x80006eae (0x40a95113) srai    sp, s2, 10
core   0: 0 0x80006eae (0x40a95113) x2  0x00003ec3
core   0: 0x80006eb2 (0x00000b2e) c.slli  s6, 11
core   0: 0 0x80006eb2 (0x0b2e) x22 0x00000000
core   0: 0x80006eb4 (0x01484fb3) xor     t6, a6, s4
core   0: 0 0x80006eb4 (0x01484fb3) x31 0x0000001b
core   0: 0x80006eb8 (0x000001c5) c.addi  gp, 17
core   0: 0 0x80006eb8 (0x01c5) x3  0x00000011
core   0: 0x80006eba (0x01435cb3) srl     s9, t1, s4
core   0: 0 0x80006eba (0x01435cb3) x25 0x00000000
core   0: 0x80006ebe (0x0089cf63) blt     s3, s0, pc + 30
core   0: 0 0x80006ebe (0x0089cf63)
core   0: 0x80006ec2 (0x00000001) c.nop
core   0: 0 0x80006ec2 (0x0001)
core   0: 0x80006ec4 (0x0ff0000f) fence   iorw,iorw
core   0: 0 0x80006ec4 (0x0ff0000f)
core   0: 0x80006ec8 (0x036d33b3) mulhu   t2, s10, s6
core   0: 0 0x80006ec8 (0x036d33b3) x7  0x00000000
core   0: 0x80006ecc (0xabf40493) addi    s1, s0, -1345
core   0: 0 0x80006ecc (0xabf40493) x9  0x7ffffabf
core   0: 0x80006ed0 (0x0000053a) c.slli  a0, 14
core   0: 0 0x80006ed0 (0x053a) x10 0x00000000
core   0: 0x80006ed2 (0x0141f263) bgeu    gp, s4, pc + 4
core   0: 0 0x80006ed2 (0x0141f263)
core   0: 0x80006ed6 (0x01da8863) beq     s5, t4, pc + 16
core   0: 0 0x80006ed6 (0x01da8863)
core   0: 0x80006eda (0x000063b1) c.lui   t2, 0xc
core   0: 0 0x80006eda (0x63b1) x7  0x0000c000
core   0: 0x80006edc (0x000099fd) c.andi  a1, -1
core   0: 0 0x80006edc (0x99fd) x11 0xfffffdf0
core   0: 0x80006ede (0x03b86b33) rem     s6, a6, s11
core   0: 0 0x80006ede (0x03b86b33) x22 0x00000003
core   0: 0x80006ee2 (0x416583b3) sub     t2, a1, s6
core   0: 0 0x80006ee2 (0x416583b3) x7  0xfffffded
core   0: 0x80006ee6 (0x000088c5) c.andi  s1, 17
core   0: 0 0x80006ee6 (0x88c5) x9  0x00000011
core   0: 0x80006ee8 (0x00008981) c.andi  a1, 0
core   0: 0 0x80006ee8 (0x8981) x11 0x00000000
core   0: 0x80006eea (0x0029eb33) or      s6, s3, sp
core   0: 0 0x80006eea (0x0029eb33) x22 0x00003ec3
core   0: 0x80006eee (0x00000001) c.nop
core   0: 0 0x80006eee (0x0001)
core   0: 0x80006ef0 (0x009633b3) sltu    t2, a2, s1
core   0: 0 0x80006ef0 (0x009633b3) x7  0x00000000
core   0: 0x80006ef4 (0x00008bc9) c.andi  a5, 18
core   0: 0 0x80006ef4 (0x8bc9) x15 0x00000000
core   0: 0x80006ef6 (0xf51efa17) auipc   s4, 0xf51ef
core   0: 0 0x80006ef6 (0xf51efa17) x20 0x751f5ef6
core   0: 0x80006efa (0x38333897) auipc   a7, 0x38333
core   0: 0 0x80006efa (0x38333897) x17 0xb8339efa
core   0: 0x80006efe (0x0289bab3) mulhu   s5, s3, s0
core   0: 0 0x80006efe (0x0289bab3) x21 0x00000000
core   0: 0x80006f02 (0x0000615d) c.addi16sp sp, 432
core   0: 0 0x80006f02 (0x615d) x2  0x00004073
core   0: 0x80006f04 (0x0194d793) srli    a5, s1, 25
core   0: 0 0x80006f04 (0x0194d793) x15 0x00000000
core   0: 0x80006f08 (0x0000127d) c.addi  tp, -1
core   0: 0 0x80006f08 (0x127d) x4  0xffffffff
core   0: 0x80006f0a (0x000003f2) c.slli  t2, 28
core   0: 0 0x80006f0a (0x03f2) x7  0x00000000
core   0: 0x80006f0c (0x41105133) sra     sp, zero, a7
core   0: 0 0x80006f0c (0x41105133) x2  0x00000000
core   0: 0x80006f10 (0x011d6263) bltu    s10, a7, pc + 4
core   0: 0 0x80006f10 (0x011d6263)
core   0: 0x80006f14 (0x00008ca5) c.xor   s1, s1
core   0: 0 0x80006f14 (0x8ca5) x9  0x00000000
core   0: 0x80006f16 (0x001fceb3) xor     t4, t6, ra
core   0: 0 0x80006f16 (0x001fceb3) x29 0x00fb0e3b
core   0: 0x80006f1a (0x010eebb3) or      s7, t4, a6
core   0: 0 0x80006f1a (0x010eebb3) x23 0x00fb0e3b
core   0: 0x80006f1e (0x00009cde) c.add   s9, s7
core   0: 0 0x80006f1e (0x9cde) x25 0x00fb0e3b
core   0: 0x80006f20 (0x03e82833) mulhsu  a6, a6, t5
core   0: 0 0x80006f20 (0x03e82833) x16 0x00000000
core   0: 0x80006f24 (0x0a2b2813) slti    a6, s6, 162
core   0: 0 0x80006f24 (0x0a2b2813) x16 0x00000000
core   0: 0x80006f28 (0x28ab9fb7) lui     t6, 0x28ab9
core   0: 0 0x80006f28 (0x28ab9fb7) x31 0x28ab9000
core   0: 0x80006f2c (0x015b1d33) sll     s10, s6, s5
core   0: 0 0x80006f2c (0x015b1d33) x26 0x00003ec3
core   0: 0x80006f30 (0x40d4d013) srai    zero, s1, 13
core   0: 0 0x80006f30 (0x40d4d013)
core   0: 0x80006f34 (0x0176d563) bge     a3, s7, pc + 10
core   0: 0 0x80006f34 (0x0176d563)
core   0: 0x80006f38 (0x000063d1) c.lui   t2, 0x14
core   0: 0 0x80006f38 (0x63d1) x7  0x00014000
core   0: 0x80006f3a (0x006d7733) and     a4, s10, t1
core   0: 0 0x80006f3a (0x006d7733) x14 0x00003000
core   0: 0x80006f3e (0x00ae0033) add     zero, t3, a0
core   0: 0 0x80006f3e (0x00ae0033)
core   0: 0x80006f42 (0x01fd8933) add     s2, s11, t6
core   0: 0 0x80006f42 (0x01fd8933) x18 0x28ab9000
core   0: 0x80006f46 (0x017fce63) blt     t6, s7, pc + 28
core   0: 0 0x80006f46 (0x017fce63)
core   0: 0x80006f4a (0x0000079c) c.addi4spn a5, sp, 960
core   0: 0 0x80006f4a (0x079c) x15 0x000003c0
core   0: 0x80006f4c (0x00008fa9) c.xor   a5, a0
core   0: 0 0x80006f4c (0x8fa9) x15 0x000003c0
core   0: 0x80006f4e (0x0000048c) c.addi4spn a1, sp, 576
core   0: 0 0x80006f4e (0x048c) x11 0x00000240
core   0: 0x80006f50 (0x0000717d) c.addi16sp sp, -16
core   0: 0 0x80006f50 (0x717d) x2  0xfffffff0
core   0: 0x80006f52 (0x01a649b3) xor     s3, a2, s10
core   0: 0 0x80006f52 (0x01a649b3) x19 0x80026227
core   0: 0x80006f56 (0x00008abd) c.andi  a3, 15
core   0: 0 0x80006f56 (0x8abd) x13 0x00000000
core   0: 0x80006f58 (0x0000e2b1) c.bnez  a3, pc + 68
core   0: 0 0x80006f58 (0xe2b1)
core   0: 0x80006f5a (0x41bb5233) sra     tp, s6, s11
core   0: 0 0x80006f5a (0x41bb5233) x4  0x00003ec3
core   0: 0x80006f5e (0x00001218) c.addi4spn a4, sp, 288
core   0: 0 0x80006f5e (0x1218) x14 0x00000110
core   0: 0x80006f60 (0x00000001) c.nop
core   0: 0 0x80006f60 (0x0001)
core   0: 0x80006f62 (0x00006dfd) c.lui   s11, 0x1f
core   0: 0 0x80006f62 (0x6dfd) x27 0x0001f000
core   0: 0x80006f64 (0x416256b3) sra     a3, tp, s6
core   0: 0 0x80006f64 (0x416256b3) x13 0x000007d8
core   0: 0x80006f68 (0xe8caf013) andi    zero, s5, -372
core   0: 0 0x80006f68 (0xe8caf013)
core   0: 0x80006f6c (0x01b710b3) sll     ra, a4, s11
core   0: 0 0x80006f6c (0x01b710b3) x1  0x00000110
core   0: 0x80006f70 (0x02f8d863) bge     a7, a5, pc + 48
core   0: 0 0x80006f70 (0x02f8d863)
core   0: 0x80006f74 (0x00009afe) c.add   s5, t6
core   0: 0 0x80006f74 (0x9afe) x21 0x28ab9000
core   0: 0x80006f76 (0x07ea4837) lui     a6, 0x7ea4
core   0: 0 0x80006f76 (0x07ea4837) x16 0x07ea4000
core   0: 0x80006f7a (0x32ab8193) addi    gp, s7, 810
core   0: 0 0x80006f7a (0x32ab8193) x3  0x00fb1165
core   0: 0x80006f7e (0x0006d463) bgez    a3, pc + 8
core   0: 0 0x80006f7e (0x0006d463)
core   0: 0x80006f86 (0x44f0f913) andi    s2, ra, 1103
core   0: 0 0x80006f86 (0x44f0f913) x18 0x00000000
core   0: 0x80006f8a (0x15f1d817) auipc   a6, 0x15f1d
core   0: 0 0x80006f8a (0x15f1d817) x16 0x95f23f8a
core   0: 0x80006f8e (0x03dcf363) bgeu    s9, t4, pc + 38
core   0: 0 0x80006f8e (0x03dcf363)
core   0: 0x80006fb4 (0x0000869d) c.srai  a3, 7
core   0: 0 0x80006fb4 (0x869d) x13 0x0000000f
core   0: 0x80006fb6 (0x00000c88) c.addi4spn a0, sp, 592
core   0: 0 0x80006fb6 (0x0c88) x10 0x00000240
core   0: 0x80006fb8 (0x0000c18d) c.beqz  a1, pc + 34
core   0: 0 0x80006fb8 (0xc18d)
core   0: 0x80006fba (0x0000ed11) c.bnez  a0, pc + 28
core   0: 0 0x80006fba (0xed11)
core   0: 0x80006fd6 (0x41d2d593) srai    a1, t0, 29
core   0: 0 0x80006fd6 (0x41d2d593) x11 0xffffffff
core   0: 0x80006fda (0x0000717d) c.addi16sp sp, -16
core   0: 0 0x80006fda (0x717d) x2  0xffffffe0
core   0: 0x80006fdc (0x473aca93) xori    s5, s5, 1139
core   0: 0 0x80006fdc (0x473aca93) x21 0x28ab9473
core   0: 0x80006fe0 (0x0000140c) c.addi4spn a1, sp, 544
core   0: 0 0x80006fe0 (0x140c) x11 0x00000200
core   0: 0x80006fe2 (0x03314833) div     a6, sp, s3
core   0: 0 0x80006fe2 (0x03314833) x16 0x00000000
core   0: 0x80006fe6 (0x00008f91) c.sub   a5, a2
core   0: 0 0x80006fe6 (0x8f91) x15 0x7ffda6dc
core   0: 0x80006fe8 (0x0000081d) c.addi  a6, 7
core   0: 0 0x80006fe8 (0x081d) x16 0x00000007
core   0: 0x80006fea (0x02942133) mulhsu  sp, s0, s1
core   0: 0 0x80006fea (0x02942133) x2  0x00000000
core   0: 0x80006fee (0x0000c501) c.beqz  a0, pc + 8
core   0: 0 0x80006fee (0xc501)
core   0: 0x80006ff0 (0x00009afd) c.andi  a3, -1
core   0: 0 0x80006ff0 (0x9afd) x13 0x0000000f
core   0: 0x80006ff2 (0xa027abb7) lui     s7, 0xa027a
core   0: 0 0x80006ff2 (0xa027abb7) x23 0xa027a000
core   0: 0x80006ff6 (0x00000d98) c.addi4spn a4, sp, 720
core   0: 0 0x80006ff6 (0x0d98) x14 0x000002d0
core   0: 0x80006ff8 (0x038be5b3) rem     a1, s7, s8
core   0: 0 0x80006ff8 (0x038be5b3) x11 0x00000000
core   0: 0x80006ffc (0x020aeeb3) rem     t4, s5, zero
core   0: 0 0x80006ffc (0x020aeeb3) x29 0x28ab9473
core   0: 0x80007000 (0x000089ad) c.andi  a1, 11
core   0: 0 0x80007000 (0x89ad) x11 0x00000000
core   0: 0x80007002 (0xd5869737) lui     a4, 0xd5869
core   0: 0 0x80007002 (0xd5869737) x14 0xd5869000
core   0: 0x80007006 (0x000088e6) c.mv    a7, s9
core   0: 0 0x80007006 (0x88e6) x17 0x00fb0e3b
core   0: 0x80007008 (0x022ea8b3) mulhsu  a7, t4, sp
core   0: 0 0x80007008 (0x022ea8b3) x17 0x00000000
core   0: 0x8000700c (0x038043b3) div     t2, zero, s8
core   0: 0 0x8000700c (0x038043b3) x7  0x00000000
core   0: 0x80007010 (0x0000c319) c.beqz  a4, pc + 6
core   0: 0 0x80007010 (0xc319)
core   0: 0x80007012 (0x03b2cd63) blt     t0, s11, pc + 58
core   0: 0 0x80007012 (0x03b2cd63)
core   0: 0x8000704c (0x0117aab3) slt     s5, a5, a7
core   0: 0 0x8000704c (0x0117aab3) x21 0x00000000
core   0: 0x80007050 (0x02323133) mulhu   sp, tp, gp
core   0: 0 0x80007050 (0x02323133) x2  0x0000003d
core   0: 0x80007054 (0x5a6e7d13) andi    s10, t3, 1446
core   0: 0 0x80007054 (0x5a6e7d13) x26 0x00000424
core   0: 0x80007058 (0x000080a1) c.srli  s1, 8
core   0: 0 0x80007058 (0x80a1) x9  0x00000000
core   0: 0x8000705a (0x00006b19) c.lui   s6, 0x6
core   0: 0 0x8000705a (0x6b19) x22 0x00006000
core   0: 0x8000705c (0x00000001) c.nop
core   0: 0 0x8000705c (0x0001)
core   0: 0x8000705e (0x00743133) sltu    sp, s0, t2
core   0: 0 0x8000705e (0x00743133) x2  0x00000000
core   0: 0x80007062 (0x00004c75) c.li    s8, 29
core   0: 0 0x80007062 (0x4c75) x24 0x0000001d
core   0: 0x80007064 (0x020e8c63) beqz    t4, pc + 56
core   0: 0 0x80007064 (0x020e8c63)
core   0: 0x80007068 (0x01b12d33) slt     s10, sp, s11
core   0: 0 0x80007068 (0x01b12d33) x26 0x00000001
core   0: 0x8000706c (0x00000001) c.nop
core   0: 0 0x8000706c (0x0001)
core   0: 0x8000706e (0x000054fd) c.li    s1, -1
core   0: 0 0x8000706e (0x54fd) x9  0xffffffff
core   0: 0x80007070 (0x00006151) c.addi16sp sp, 272
core   0: 0 0x80007070 (0x6151) x2  0x00000110
core   0: 0x80007072 (0x97b62793) slti    a5, a2, -1669
core   0: 0 0x80007072 (0x97b62793) x15 0x00000001
core   0: 0x80007076 (0x03677733) remu    a4, a4, s6
core   0: 0 0x80007076 (0x03677733) x14 0x00005000
core   0: 0x8000707a (0xd2c12c93) slti    s9, sp, -724
core   0: 0 0x8000707a (0xd2c12c93) x25 0x00000000
core   0: 0x8000707e (0x019ba233) slt     tp, s7, s9
core   0: 0 0x8000707e (0x019ba233) x4  0x00000001
core   0: 0x80007082 (0x02490b63) beq     s2, tp, pc + 54
core   0: 0 0x80007082 (0x02490b63)
core   0: 0x80007086 (0x41875a33) sra     s4, a4, s8
core   0: 0 0x80007086 (0x41875a33) x20 0x00000000
core   0: 0x8000708a (0x0237e5b3) rem     a1, a5, gp
core   0: 0 0x8000708a (0x0237e5b3) x11 0x00000001
core   0: 0x8000708e (0x01a5c9b3) xor     s3, a1, s10
core   0: 0 0x8000708e (0x01a5c9b3) x19 0x00000000
core   0: 0x80007092 (0xfe110893) addi    a7, sp, -31
core   0: 0 0x80007092 (0xfe110893) x17 0x000000f1
core   0: 0x80007096 (0x00008e91) c.sub   a3, a2
core   0: 0 0x80007096 (0x8e91) x13 0x7ffda32b
core   0: 0x80007098 (0x00bed893) srli    a7, t4, 11
core   0: 0 0x80007098 (0x00bed893) x17 0x00051572
core   0: 0x8000709c (0x000086e1) c.srai  a3, 24
core   0: 0 0x8000709c (0x86e1) x13 0x0000007f
core   0: 0x8000709e (0x00001c8c) c.addi4spn a1, sp, 624
core   0: 0 0x8000709e (0x1c8c) x11 0x00000380
core   0: 0x800070a0 (0x00000001) c.nop
core   0: 0 0x800070a0 (0x0001)
core   0: 0x800070a2 (0x000088da) c.mv    a7, s6
core   0: 0 0x800070a2 (0x88da) x17 0x00006000
core   0: 0x800070a4 (0x00755593) srli    a1, a0, 7
core   0: 0 0x800070a4 (0x00755593) x11 0x00000004
core   0: 0x800070a8 (0x017edf13) srli    t5, t4, 23
core   0: 0 0x800070a8 (0x017edf13) x30 0x00000051
core   0: 0x800070ac (0x00000cde) c.slli  s9, 23
core   0: 0 0x800070ac (0x0cde) x25 0x00000000
core   0: 0x800070ae (0xb2d18013) addi    zero, gp, -1235
core   0: 0 0x800070ae (0xb2d18013)
core   0: 0x800070b2 (0x3367cf13) xori    t5, a5, 822
core   0: 0 0x800070b2 (0x3367cf13) x30 0x00000337
core   0: 0x800070b6 (0x00008b59) c.andi  a4, 22
core   0: 0 0x800070b6 (0x8b59) x14 0x00000000
core   0: 0x800070b8 (0xb9e4b393) sltiu   t2, s1, -1122
core   0: 0 0x800070b8 (0xb9e4b393) x7  0x00000000
core   0: 0x800070bc (0x9ff9d697) auipc   a3, 0x9ff9d
core   0: 0 0x800070bc (0x9ff9d697) x13 0x1ffa40bc
core   0: 0x800070c0 (0x01789a13) slli    s4, a7, 23
core   0: 0 0x800070c0 (0x01789a13) x20 0x00000000
core   0: 0x800070c4 (0x00000001) c.nop
core   0: 0 0x800070c4 (0x0001)
core   0: 0x800070c6 (0x0182db93) srli    s7, t0, 24
core   0: 0 0x800070c6 (0x0182db93) x23 0x000000ff
core   0: 0x800070ca (0x000054fd) c.li    s1, -1
core   0: 0 0x800070ca (0x54fd) x9  0xffffffff
core   0: 0x800070cc (0x0293cf33) div     t5, t2, s1
core   0: 0 0x800070cc (0x0293cf33) x30 0x00000000
core   0: 0x800070d0 (0x000086c9) c.srai  a3, 18
core   0: 0 0x800070d0 (0x86c9) x13 0x000007fe
core   0: 0x800070d2 (0x0000717d) c.addi16sp sp, -16
core   0: 0 0x800070d2 (0x717d) x2  0x00000100
core   0: 0x800070d4 (0x01013db3) sltu    s11, sp, a6
core   0: 0 0x800070d4 (0x01013db3) x27 0x00000000
core   0: 0x800070d8 (0x0039e7b3) or      a5, s3, gp
core   0: 0 0x800070d8 (0x0039e7b3) x15 0x00fb1165
core   0: 0x800070dc (0x03255c33) divu    s8, a0, s2
core   0: 0 0x800070dc (0x03255c33) x24 0xffffffff
core   0: 0x800070e0 (0x02988b33) mul     s6, a7, s1
core   0: 0 0x800070e0 (0x02988b33) x22 0xffffa000
core   0: 0x800070e4 (0x00000001) c.nop
core   0: 0 0x800070e4 (0x0001)
core   0: 0x800070e6 (0x00000232) c.slli  tp, 12
core   0: 0 0x800070e6 (0x0232) x4  0x00001000
core   0: 0x800070e8 (0x00008bf1) c.andi  a5, 28
core   0: 0 0x800070e8 (0x8bf1) x15 0x00000004
core   0: 0x800070ea (0x407952b3) sra     t0, s2, t2
core   0: 0 0x800070ea (0x407952b3) x5  0x00000000
core   0: 0x800070ee (0x011ca6b3) slt     a3, s9, a7
core   0: 0 0x800070ee (0x011ca6b3) x13 0x00000001
core   0: 0x800070f2 (0x008f5c33) srl     s8, t5, s0
core   0: 0 0x800070f2 (0x008f5c33) x24 0x00000000
core   0: 0x800070f6 (0x0000527d) c.li    tp, -1
core   0: 0 0x800070f6 (0x527d) x4  0xffffffff
core   0: 0x800070f8 (0x0000c1b1) c.beqz  a1, pc + 68
core   0: 0 0x800070f8 (0xc1b1)
core   0: 0x800070fa (0x00cf1a13) slli    s4, t5, 12
core   0: 0 0x800070fa (0x00cf1a13) x20 0x00000000
core   0: 0x800070fe (0x02eee533) rem     a0, t4, a4
core   0: 0 0x800070fe (0x02eee533) x10 0x28ab9473
core   0: 0x80007102 (0x2f193ab7) lui     s5, 0x2f193
core   0: 0 0x80007102 (0x2f193ab7) x21 0x2f193000
core   0: 0x80007106 (0x8683e893) ori     a7, t2, -1944
core   0: 0 0x80007106 (0x8683e893) x17 0xfffff868
core   0: 0x8000710a (0x1a1a2293) slti    t0, s4, 417
core   0: 0 0x8000710a (0x1a1a2293) x5  0x00000001
core   0: 0x8000710e (0x02ca0f33) mul     t5, s4, a2
core   0: 0 0x8000710e (0x02ca0f33) x30 0x00000000
core   0: 0x80007112 (0x00000001) c.nop
core   0: 0 0x80007112 (0x0001)
core   0: 0x80007114 (0x0000e88d) c.bnez  s1, pc + 50
core   0: 0 0x80007114 (0xe88d)
core   0: 0x80007146 (0x00000f14) c.addi4spn a3, sp, 912
core   0: 0 0x80007146 (0x0f14) x13 0x00000490
core   0: 0x80007148 (0x016da3b3) slt     t2, s11, s6
core   0: 0 0x80007148 (0x016da3b3) x7  0x00000000
core   0: 0x8000714c (0xe7cee513) ori     a0, t4, -388
core   0: 0 0x8000714c (0xe7cee513) x10 0xfffffe7f
core   0: 0x80007150 (0x01dad313) srli    t1, s5, 29
core   0: 0 0x80007150 (0x01dad313) x6  0x00000001
core   0: 0x80007154 (0x00008f79) c.and   a4, a4
core   0: 0 0x80007154 (0x8f79) x14 0x00000000
core   0: 0x80007156 (0x0000611d) c.addi16sp sp, 416
core   0: 0 0x80007156 (0x611d) x2  0x000002a0
core   0: 0x80007158 (0x01b41293) slli    t0, s0, 27
core   0: 0 0x80007158 (0x01b41293) x5  0x00000000
core   0: 0x8000715c (0x40362313) slti    t1, a2, 1027
core   0: 0 0x8000715c (0x40362313) x6  0x00000001
core   0: 0x80007160 (0x41955c93) srai    s9, a0, 25
core   0: 0 0x80007160 (0x41955c93) x25 0xffffffff
core   0: 0x80007164 (0xfa3aa593) slti    a1, s5, -93
core   0: 0 0x80007164 (0xfa3aa593) x11 0x00000000
core   0: 0x80007168 (0x23a07f93) andi    t6, zero, 570
core   0: 0 0x80007168 (0x23a07f93) x31 0x00000000
core   0: 0x8000716c (0x41d4d033) sra     zero, s1, t4
core   0: 0 0x8000716c (0x41d4d033)
core   0: 0x80007170 (0x000081c1) c.srli  a1, 16
core   0: 0 0x80007170 (0x81c1) x11 0x00000000
core   0: 0x80007172 (0x0313d933) divu    s2, t2, a7
core   0: 0 0x80007172 (0x0313d933) x18 0x00000000
core   0: 0x80007176 (0x03354763) blt     a0, s3, pc + 46
core   0: 0 0x80007176 (0x03354763)
core   0: 0x800071a4 (0x027c7db3) remu    s11, s8, t2
core   0: 0 0x800071a4 (0x027c7db3) x27 0x00000000
core   0: 0x800071a8 (0x01da42b3) xor     t0, s4, t4
core   0: 0 0x800071a8 (0x01da42b3) x5  0x28ab9473
core   0: 0x800071ac (0x00008f7d) c.and   a4, a5
core   0: 0 0x800071ac (0x8f7d) x14 0x00000000
core   0: 0x800071ae (0xa4f64313) xori    t1, a2, -1457
core   0: 0 0x800071ae (0xa4f64313) x6  0x7ffda6ab
core   0: 0x800071b2 (0x000086ad) c.srai  a3, 11
core   0: 0 0x800071b2 (0x86ad) x13 0x00000000
core   0: 0x800071b4 (0x00c39fb3) sll     t6, t2, a2
core   0: 0 0x800071b4 (0x00c39fb3) x31 0x00000000
core   0: 0x800071b8 (0x00009bfd) c.andi  a5, -1
core   0: 0 0x800071b8 (0x9bfd) x15 0x00000004
core   0: 0x800071ba (0x00008ec5) c.or    a3, s1
core   0: 0 0x800071ba (0x8ec5) x13 0xffffffff
core   0: 0x800071bc (0x0000c505) c.beqz  a0, pc + 40
core   0: 0 0x800071bc (0xc505)
core   0: 0x800071be (0x00000f94) c.addi4spn a3, sp, 976
core   0: 0 0x800071be (0x0f94) x13 0x00000670
core   0: 0x800071c0 (0x00004885) c.li    a7, 1
core   0: 0 0x800071c0 (0x4885) x17 0x00000001
core   0: 0x800071c2 (0x6a2e7693) andi    a3, t3, 1698
core   0: 0 0x800071c2 (0x6a2e7693) x13 0x00000620
core   0: 0x800071c6 (0x01839c13) slli    s8, t2, 24
core   0: 0 0x800071c6 (0x01839c13) x24 0x00000000
core   0: 0x800071ca (0x01c73f33) sltu    t5, a4, t3
core   0: 0 0x800071ca (0x01c73f33) x30 0x00000001
core   0: 0x800071ce (0x40d70193) addi    gp, a4, 1037
core   0: 0 0x800071ce (0x40d70193) x3  0x0000040d
core   0: 0x800071d2 (0x0000851e) c.mv    a0, t2
core   0: 0 0x800071d2 (0x851e) x10 0x00000000
core   0: 0x800071d4 (0x03aa4263) blt     s4, s10, pc + 36
core   0: 0 0x800071d4 (0x03aa4263)
core   0: 0x800071f8 (0x01d31a13) slli    s4, t1, 29
core   0: 0 0x800071f8 (0x01d31a13) x20 0x60000000
core   0: 0x800071fc (0x01339e93) slli    t4, t2, 19
core   0: 0 0x800071fc (0x01339e93) x29 0x00000000
core   0: 0x80007200 (0x023d9933) mulh    s2, s11, gp
core   0: 0 0x80007200 (0x023d9933) x18 0x00000000
core   0: 0x80007204 (0x60f24513) xori    a0, tp, 1551
core   0: 0 0x80007204 (0x60f24513) x10 0xfffff9f0
core   0: 0x80007208 (0x0ff0000f) fence   iorw,iorw
core   0: 0 0x80007208 (0x0ff0000f)
core   0: 0x8000720c (0x02333bb3) mulhu   s7, t1, gp
core   0: 0 0x8000720c (0x02333bb3) x23 0x00000206
core   0: 0x80007210 (0x014c1213) slli    tp, s8, 20
core   0: 0 0x80007210 (0x014c1213) x4  0x00000000
core   0: 0x80007214 (0x0000879d) c.srai  a5, 7
core   0: 0 0x80007214 (0x879d) x15 0x00000000
core   0: 0x80007216 (0x00953bb3) sltu    s7, a0, s1
core   0: 0 0x80007216 (0x00953bb3) x23 0x00000001
core   0: 0x8000721a (0x00008fb5) c.xor   a5, a3
core   0: 0 0x8000721a (0x8fb5) x15 0x00000620
core   0: 0x8000721c (0x0363e563) bltu    t2, s6, pc + 42
core   0: 0 0x8000721c (0x0363e563)
core   0: 0x80007246 (0x01885833) srl     a6, a6, s8
core   0: 0 0x80007246 (0x01885833) x16 0x00000007
core   0: 0x8000724a (0x000096b6) c.add   a3, a3
core   0: 0 0x8000724a (0x96b6) x13 0x00000c40
core   0: 0x8000724c (0x00001e14) c.addi4spn a3, sp, 816
core   0: 0 0x8000724c (0x1e14) x13 0x000005d0
core   0: 0x8000724e (0x00008171) c.srli  a0, 28
core   0: 0 0x8000724e (0x8171) x10 0x0000000f
core   0: 0x80007250 (0x017d43b3) xor     t2, s10, s7
core   0: 0 0x80007250 (0x017d43b3) x7  0x00000000
core   0: 0x80007254 (0x4e1c4b13) xori    s6, s8, 1249
core   0: 0 0x80007254 (0x4e1c4b13) x22 0x000004e1
core   0: 0x80007258 (0x01858733) add     a4, a1, s8
core   0: 0 0x80007258 (0x01858733) x14 0x00000000
core   0: 0x8000725c (0x40685b13) srai    s6, a6, 6
core   0: 0 0x8000725c (0x40685b13) x22 0x00000000
core   0: 0x80007260 (0x03f5f533) remu    a0, a1, t6
core   0: 0 0x80007260 (0x03f5f533) x10 0x00000000
core   0: 0x80007264 (0x00e7f133) and     sp, a5, a4
core   0: 0 0x80007264 (0x00e7f133) x2  0x00000000
core   0: 0x80007268 (0x03474533) div     a0, a4, s4
core   0: 0 0x80007268 (0x03474533) x10 0x00000000
core   0: 0x8000726c (0x00000001) c.nop
core   0: 0 0x8000726c (0x0001)
core   0: 0x8000726e (0x05ac6163) bltu    s8, s10, pc + 66
core   0: 0 0x8000726e (0x05ac6163)
core   0: 0x800072b0 (0x0000eb01) c.bnez  a4, pc + 16
core   0: 0 0x800072b0 (0xeb01)
core   0: 0x800072b2 (0x027b07b3) mul     a5, s6, t2
core   0: 0 0x800072b2 (0x027b07b3) x15 0x00000000
core   0: 0x800072b6 (0x024b7033) remu    zero, s6, tp
core   0: 0 0x800072b6 (0x024b7033)
core   0: 0x800072ba (0x27fdef93) ori     t6, s11, 639
core   0: 0 0x800072ba (0x27fdef93) x31 0x0000027f
core   0: 0x800072be (0x000081b1) c.srli  a1, 12
core   0: 0 0x800072be (0x81b1) x11 0x00000000
core   0: 0x800072c0 (0x0383da33) divu    s4, t2, s8
core   0: 0 0x800072c0 (0x0383da33) x20 0xffffffff
core   0: 0x800072c4 (0x000083ad) c.srli  a5, 11
core   0: 0 0x800072c4 (0x83ad) x15 0x00000000
core   0: 0x800072c6 (0x40cfd493) srai    s1, t6, 12
core   0: 0 0x800072c6 (0x40cfd493) x9  0x00000000
core   0: 0x800072ca (0x000086b2) c.mv    a3, a2
core   0: 0 0x800072ca (0x86b2) x13 0x80025ce4
core   0: 0x800072cc (0x04a79163) bne     a5, a0, pc + 66
core   0: 0 0x800072cc (0x04a79163)
core   0: 0x800072d0 (0x00f89093) slli    ra, a7, 15
core   0: 0 0x800072d0 (0x00f89093) x1  0x00008000
core   0: 0x800072d4 (0x000e9d13) slli    s10, t4, 0
core   0: 0 0x800072d4 (0x000e9d13) x26 0x00000000
core   0: 0x800072d8 (0x0000096e) c.slli  s2, 27
core   0: 0 0x800072d8 (0x096e) x18 0x00000000
core   0: 0x800072da (0x00701493) slli    s1, zero, 7
core   0: 0 0x800072da (0x00701493) x9  0x00000000
core   0: 0x800072de (0x000063c9) c.lui   t2, 0x12
core   0: 0 0x800072de (0x63c9) x7  0x00012000
core   0: 0x800072e0 (0x01cedb93) srli    s7, t4, 28
core   0: 0 0x800072e0 (0x01cedb93) x23 0x00000000
core   0: 0x800072e4 (0x2c80c713) xori    a4, ra, 712
core   0: 0 0x800072e4 (0x2c80c713) x14 0x000082c8
core   0: 0x800072e8 (0x0000eb09) c.bnez  a4, pc + 18
core   0: 0 0x800072e8 (0xeb09)
core   0: 0x800072fa (0x01a36b33) or      s6, t1, s10
core   0: 0 0x800072fa (0x01a36b33) x22 0x7ffda6ab
core   0: 0x800072fe (0x00000001) c.nop
core   0: 0 0x800072fe (0x0001)
core   0: 0x80007300 (0x00095193) srli    gp, s2, 0
core   0: 0 0x80007300 (0x00095193) x3  0x00000000
core   0: 0x80007304 (0x00000001) c.nop
core   0: 0 0x80007304 (0x0001)
core   0: 0x80007306 (0x015b6533) or      a0, s6, s5
core   0: 0 0x80007306 (0x015b6533) x10 0x7ffdb6ab
core   0: 0x8000730a (0x00bdc663) blt     s11, a1, pc + 12
core   0: 0 0x8000730a (0x00bdc663)
core   0: 0x8000730e (0x023121b3) mulhsu  gp, sp, gp
core   0: 0 0x8000730e (0x023121b3) x3  0x00000000
core   0: 0x80007312 (0x00de8033) add     zero, t4, a3
core   0: 0 0x80007312 (0x00de8033)
core   0: 0x80007316 (0x00006cb5) c.lui   s9, 0xd
core   0: 0 0x80007316 (0x6cb5) x25 0x0000d000
core   0: 0x80007318 (0x00000d9e) c.slli  s11, 7
core   0: 0 0x80007318 (0x0d9e) x27 0x00000000
core   0: 0x8000731a (0x0000717d) c.addi16sp sp, -16
core   0: 0 0x8000731a (0x717d) x2  0xfffffff0
core   0: 0x8000731c (0x40d45a33) sra     s4, s0, a3
core   0: 0 0x8000731c (0x40d45a33) x20 0xf8000000
core   0: 0x80007320 (0x00009bc6) c.add   s7, a7
core   0: 0 0x80007320 (0x9bc6) x23 0x00000001
core   0: 0x80007322 (0x00000001) c.nop
core   0: 0 0x80007322 (0x0001)
core   0: 0x80007324 (0x00000001) c.nop
core   0: 0 0x80007324 (0x0001)
core   0: 0x80007326 (0x03f16f63) bltu    sp, t6, pc + 62
core   0: 0 0x80007326 (0x03f16f63)
core   0: 0x8000732a (0x00009d1e) c.add   s10, t2
core   0: 0 0x8000732a (0x9d1e) x26 0x00012000
core   0: 0x8000732c (0x00008c9a) c.mv    s9, t1
core   0: 0 0x8000732c (0x8c9a) x25 0x7ffda6ab
core   0: 0x8000732e (0x03619933) mulh    s2, gp, s6
core   0: 0 0x8000732e (0x03619933) x18 0x00000000
core   0: 0x80007332 (0x0000ef11) c.bnez  a4, pc + 28
core   0: 0 0x80007332 (0xef11)
core   0: 0x8000734e (0x728fac93) slti    s9, t6, 1832
core   0: 0 0x8000734e (0x728fac93) x25 0x00000001
core   0: 0x80007352 (0x0000c315) c.beqz  a4, pc + 36
core   0: 0 0x80007352 (0xc315)
core   0: 0x80007354 (0x685265b7) lui     a1, 0x68526
core   0: 0 0x80007354 (0x685265b7) x11 0x68526000
core   0: 0x80007358 (0x00008dd9) c.or    a1, a4
core   0: 0 0x80007358 (0x8dd9) x11 0x6852e2c8
core   0: 0x8000735a (0x407407b3) sub     a5, s0, t2
core   0: 0 0x8000735a (0x407407b3) x15 0x7ffee000
core   0: 0x8000735e (0x008774b3) and     s1, a4, s0
core   0: 0 0x8000735e (0x008774b3) x9  0x00000000
core   0: 0x80007362 (0x00008ee9) c.and   a3, a0
core   0: 0 0x80007362 (0x8ee9) x13 0x000014a0
core   0: 0x80007364 (0x0109d463) bge     s3, a6, pc + 8
core   0: 0 0x80007364 (0x0109d463)
core   0: 0x80007368 (0x00d21233) sll     tp, tp, a3
core   0: 0 0x80007368 (0x00d21233) x4  0x00000000
core   0: 0x8000736c (0x01b5ec33) or      s8, a1, s11
core   0: 0 0x8000736c (0x01b5ec33) x24 0x6852e2c8
core   0: 0x80007370 (0x016e87b3) add     a5, t4, s6
core   0: 0 0x80007370 (0x016e87b3) x15 0x7ffda6ab
core   0: 0x80007374 (0x00000932) c.slli  s2, 12
core   0: 0 0x80007374 (0x0932) x18 0x00000000
core   0: 0x80007376 (0x00006179) c.addi16sp sp, 464
core   0: 0 0x80007376 (0x6179) x2  0x000001c0
core   0: 0x80007378 (0x0250b233) mulhu   tp, ra, t0
core   0: 0 0x80007378 (0x0250b233) x4  0x00001455
core   0: 0x8000737c (0x00109bb3) sll     s7, ra, ra
core   0: 0 0x8000737c (0x00109bb3) x23 0x00008000
core   0: 0x80007380 (0x00008895) c.andi  s1, 5
core   0: 0 0x80007380 (0x8895) x9  0x00000000
core   0: 0x80007382 (0x002f9213) slli    tp, t6, 2
core   0: 0 0x80007382 (0x002f9213) x4  0x000009fc
core   0: 0x80007386 (0x0000717d) c.addi16sp sp, -16
core   0: 0 0x80007386 (0x717d) x2  0x000001b0
core   0: 0x80007388 (0x03e70733) mul     a4, a4, t5
core   0: 0 0x80007388 (0x03e70733) x14 0x000082c8
core   0: 0x8000738c (0xb5624d93) xori    s11, tp, -1194
core   0: 0 0x8000738c (0xb5624d93) x27 0xfffff2aa
core   0: 0x80007390 (0x006f7333) and     t1, t5, t1
core   0: 0 0x80007390 (0x006f7333) x6  0x00000001
core   0: 0x80007394 (0x0315c063) blt     a1, a7, pc + 32
core   0: 0 0x80007394 (0x0315c063)
core   0: 0x80007398 (0x34276c97) auipc   s9, 0x34276
core   0: 0 0x80007398 (0x34276c97) x25 0xb427d398
core   0: 0x8000739c (0x00c61b33) sll     s6, a2, a2
core   0: 0 0x8000739c (0x00c61b33) x22 0x0025ce40
core   0: 0x800073a0 (0x0000912e) c.add   sp, a1
core   0: 0 0x800073a0 (0x912e) x2  0x6852e478
core   0: 0x800073a2 (0x0223f533) remu    a0, t2, sp
core   0: 0 0x800073a2 (0x0223f533) x10 0x00012000
core   0: 0x800073a6 (0x00009b5a) c.add   s6, s6
core   0: 0 0x800073a6 (0x9b5a) x22 0x004b9c80
core   0: 0x800073a8 (0x017c9e63) bne     s9, s7, pc + 28
core   0: 0 0x800073a8 (0x017c9e63)
core   0: 0x800073c4 (0x00008cd9) c.or    s1, a4
core   0: 0 0x800073c4 (0x8cd9) x9  0x000082c8
core   0: 0x800073c6 (0x04504263) blt     zero, t0, pc + 68
core   0: 0 0x800073c6 (0x04504263)
core   0: 0x8000740a (0x0000c509) c.beqz  a0, pc + 10
core   0: 0 0x8000740a (0xc509)
core   0: 0x8000740c (0x03293bb3) mulhu   s7, s2, s2
core   0: 0 0x8000740c (0x03293bb3) x23 0x00000000
core   0: 0x80007410 (0x001f2933) slt     s2, t5, ra
core   0: 0 0x80007410 (0x001f2933) x18 0x00000001
core   0: 0x80007414 (0x00008495) c.srai  s1, 5
core   0: 0 0x80007414 (0x8495) x9  0x00000416
core   0: 0x80007416 (0x08bf14b7) lui     s1, 0x8bf1
core   0: 0 0x80007416 (0x08bf14b7) x9  0x08bf1000
core   0: 0x8000741a (0x020f0233) mul     tp, t5, zero
core   0: 0 0x8000741a (0x020f0233) x4  0x00000000
core   0: 0x8000741e (0x41095893) srai    a7, s2, 16
core   0: 0 0x8000741e (0x41095893) x17 0x00000000
core   0: 0x80007422 (0x00000b96) c.slli  s7, 5
core   0: 0 0x80007422 (0x0b96) x23 0x00000000
core   0: 0x80007424 (0x01c8df33) srl     t5, a7, t3
core   0: 0 0x80007424 (0x01c8df33) x30 0x00000000
core   0: 0x80007428 (0x009f9a93) slli    s5, t6, 9
core   0: 0 0x80007428 (0x009f9a93) x21 0x0004fe00
core   0: 0x8000742c (0x035ee463) bltu    t4, s5, pc + 40
core   0: 0 0x8000742c (0x035ee463)
core   0: 0x80007454 (0x400955b3) sra     a1, s2, zero
core   0: 0 0x80007454 (0x400955b3) x11 0x00000001
core   0: 0x80007458 (0x40af0033) sub     zero, t5, a0
core   0: 0 0x80007458 (0x40af0033)
core   0: 0x8000745c (0x00000315) c.addi  t1, 5
core   0: 0 0x8000745c (0x0315) x6  0x00000006
core   0: 0x8000745e (0x00008f39) c.xor   a4, a4
core   0: 0 0x8000745e (0x8f39) x14 0x00000000
core   0: 0x80007460 (0x0000854a) c.mv    a0, s2
core   0: 0 0x80007460 (0x854a) x10 0x00000001
core   0: 0x80007462 (0x000084b5) c.srai  s1, 13
core   0: 0 0x80007462 (0x84b5) x9  0x000045f8
core   0: 0x80007464 (0x40955893) srai    a7, a0, 9
core   0: 0 0x80007464 (0x40955893) x17 0x00000000
core   0: 0x80007468 (0x00000b45) c.addi  s6, 17
core   0: 0 0x80007468 (0x0b45) x22 0x004b9c91
core   0: 0x8000746a (0x000052fd) c.li    t0, -1
core   0: 0 0x8000746a (0x52fd) x5  0xffffffff
core   0: 0x8000746c (0x00008e9d) c.sub   a3, a5
core   0: 0 0x8000746c (0x8e9d) x13 0x80026df5
core   0: 0x8000746e (0x029e3333) mulhu   t1, t3, s1
core   0: 0 0x8000746e (0x029e3333) x6  0x000022fc
core   0: 0x80007472 (0x01ee7f63) bgeu    t3, t5, pc + 30
core   0: 0 0x80007472 (0x01ee7f63)
core   0: 0x80007490 (0x0344f863) bgeu    s1, s4, pc + 48
core   0: 0 0x80007490 (0x0344f863)
core   0: 0x80007494 (0x00000001) c.nop
core   0: 0 0x80007494 (0x0001)
core   0: 0x80007496 (0x03b78563) beq     a5, s11, pc + 42
core   0: 0 0x80007496 (0x03b78563)
core   0: 0x8000749a (0x00009bfd) c.andi  a5, -1
core   0: 0 0x8000749a (0x9bfd) x15 0x7ffda6ab
core   0: 0x8000749c (0x23950b93) addi    s7, a0, 569
core   0: 0 0x8000749c (0x23950b93) x23 0x0000023a
core   0: 0x800074a0 (0x6e904093) xori    ra, zero, 1769
core   0: 0 0x800074a0 (0x6e904093) x1  0x000006e9
core   0: 0x800074a4 (0x019731b3) sltu    gp, a4, s9
core   0: 0 0x800074a4 (0x019731b3) x3  0x00000001
core   0: 0x800074a8 (0x22b33093) sltiu   ra, t1, 555
core   0: 0 0x800074a8 (0x22b33093) x1  0x00000000
core   0: 0x800074ac (0xe19d3913) sltiu   s2, s10, -487
core   0: 0 0x800074ac (0xe19d3913) x18 0x00000001
core   0: 0x800074b0 (0x008de533) or      a0, s11, s0
core   0: 0 0x800074b0 (0x008de533) x10 0xfffff2aa
core   0: 0x800074b4 (0x0197c663) blt     a5, s9, pc + 12
core   0: 0 0x800074b4 (0x0197c663)
core   0: 0x800074b8 (0x013344b3) xor     s1, t1, s3
core   0: 0 0x800074b8 (0x013344b3) x9  0x000022fc
core   0: 0x800074bc (0x5c482737) lui     a4, 0x5c482
core   0: 0 0x800074bc (0x5c482737) x14 0x5c482000
core   0: 0x800074c0 (0x09d27737) lui     a4, 0x9d27
core   0: 0 0x800074c0 (0x09d27737) x14 0x09d27000
core   0: 0x800074c4 (0x007c5c63) bge     s8, t2, pc + 24
core   0: 0 0x800074c4 (0x007c5c63)
core   0: 0x800074dc (0x00008351) c.srli  a4, 20
core   0: 0 0x800074dc (0x8351) x14 0x0000009d
core   0: 0x800074de (0x007c9a13) slli    s4, s9, 7
core   0: 0 0x800074de (0x007c9a13) x20 0x13e9cc00
core   0: 0x800074e2 (0x01670cb3) add     s9, a4, s6
core   0: 0 0x800074e2 (0x01670cb3) x25 0x004b9d2e
core   0: 0x800074e6 (0x00008fed) c.and   a5, a1
core   0: 0 0x800074e6 (0x8fed) x15 0x00000001
core   0: 0x800074e8 (0x00000c88) c.addi4spn a0, sp, 592
core   0: 0 0x800074e8 (0x0c88) x10 0x6852e6c8
core   0: 0x800074ea (0x00008d19) c.sub   a0, a4
core   0: 0 0x800074ea (0x8d19) x10 0x6852e62b
core   0: 0x800074ec (0x0014bb33) sltu    s6, s1, ra
core   0: 0 0x800074ec (0x0014bb33) x22 0x00000000
core   0: 0x800074f0 (0x00000001) c.nop
core   0: 0 0x800074f0 (0x0001)
core   0: 0x800074f2 (0x03425733) divu    a4, tp, s4
core   0: 0 0x800074f2 (0x03425733) x14 0x00000000
core   0: 0x800074f6 (0x0000997d) c.andi  a0, -1
core   0: 0 0x800074f6 (0x997d) x10 0x6852e62b
core   0: 0x800074f8 (0x0000100f) fence.i
core   0: 0 0x800074f8 (0x0000100f)
core   0: 0x800074fc (0x00008dd5) c.or    a1, a3
core   0: 0 0x800074fc (0x8dd5) x11 0x80026df5
core   0: 0x800074fe (0x011bcc33) xor     s8, s7, a7
core   0: 0 0x800074fe (0x011bcc33) x24 0x0000023a
core   0: 0x80007502 (0x03570163) beq     a4, s5, pc + 34
core   0: 0 0x80007502 (0x03570163)
core   0: 0x80007506 (0x00000001) c.nop
core   0: 0 0x80007506 (0x0001)
core   0: 0x80007508 (0x01339463) bne     t2, s3, pc + 8
core   0: 0 0x80007508 (0x01339463)
core   0: 0x80007510 (0x0293f333) remu    t1, t2, s1
core   0: 0 0x80007510 (0x0293f333) x6  0x00000820
core   0: 0x80007514 (0x02991733) mulh    a4, s2, s1
core   0: 0 0x80007514 (0x02991733) x14 0x00000000
core   0: 0x80007518 (0x0000cd1d) c.beqz  a0, pc + 62
core   0: 0 0x80007518 (0xcd1d)
core   0: 0x8000751a (0x0000817d) c.srli  a0, 31
core   0: 0 0x8000751a (0x817d) x10 0x00000000
core   0: 0x8000751c (0x009c3d33) sltu    s10, s8, s1
core   0: 0 0x8000751c (0x009c3d33) x26 0x00000001
core   0: 0x80007520 (0x5eccb897) auipc   a7, 0x5eccb
core   0: 0 0x80007520 (0x5eccb897) x17 0xdecd2520
core   0: 0x80007524 (0x00894863) blt     s2, s0, pc + 16
core   0: 0 0x80007524 (0x00894863)
core   0: 0x80007528 (0x02fb82b3) mul     t0, s7, a5
core   0: 0 0x80007528 (0x02fb82b3) x5  0x0000023a
core   0: 0x8000752c (0x00008d26) c.mv    s10, s1
core   0: 0 0x8000752c (0x8d26) x26 0x000022fc
core   0: 0x8000752e (0x000043fd) c.li    t2, 31
core   0: 0 0x8000752e (0x43fd) x7  0x0000001f
core   0: 0x80007530 (0x6bc2b213) sltiu   tp, t0, 1724
core   0: 0 0x80007530 (0x6bc2b213) x4  0x00000001
core   0: 0x80007534 (0xa0ab21b7) lui     gp, 0xa0ab2
core   0: 0 0x80007534 (0xa0ab21b7) x3  0xa0ab2000
core   0: 0x80007538 (0x00008111) c.srli  a0, 4
core   0: 0 0x80007538 (0x8111) x10 0x00000000
core   0: 0x8000753a (0x415701b3) sub     gp, a4, s5
core   0: 0 0x8000753a (0x415701b3) x3  0xfffb0200
core   0: 0x8000753e (0x00006db9) c.lui   s11, 0xe
core   0: 0 0x8000753e (0x6db9) x27 0x0000e000
core   0: 0x80007540 (0x000084ad) c.srai  s1, 11
core   0: 0 0x80007540 (0x84ad) x9  0x00000004
core   0: 0x80007542 (0x00008ed1) c.or    a3, a2
core   0: 0 0x80007542 (0x8ed1) x13 0x80027df5
core   0: 0x80007544 (0x0000717d) c.addi16sp sp, -16
core   0: 0 0x80007544 (0x717d) x2  0x6852e468
core   0: 0x80007546 (0x03acd033) divu    zero, s9, s10
core   0: 0 0x80007546 (0x03acd033)
core   0: 0x8000754a (0xa5102d93) slti    s11, zero, -1455
core   0: 0 0x8000754a (0xa5102d93) x27 0x00000000
core   0: 0x8000754e (0x004631b3) sltu    gp, a2, tp
core   0: 0 0x8000754e (0x004631b3) x3  0x00000000
core   0: 0x80007552 (0x03aef3b3) remu    t2, t4, s10
core   0: 0 0x80007552 (0x03aef3b3) x7  0x00000000
core   0: 0x80007556 (0x02fcb0b3) mulhu   ra, s9, a5
core   0: 0 0x80007556 (0x02fcb0b3) x1  0x00000000
core   0: 0x8000755a (0x00008152) c.mv    sp, s4
core   0: 0 0x8000755a (0x8152) x2  0x13e9cc00
core   0: 0x8000755c (0x870aec13) ori     s8, s5, -1936
core   0: 0 0x8000755c (0x870aec13) x24 0xfffffe70
core   0: 0x80007560 (0x004d8733) add     a4, s11, tp
core   0: 0 0x80007560 (0x004d8733) x14 0x00000001
core   0: 0x80007564 (0x0135e3b3) or      t2, a1, s3
core   0: 0 0x80007564 (0x0135e3b3) x7  0x80026df5
core   0: 0x80007568 (0x02b35733) divu    a4, t1, a1
core   0: 0 0x80007568 (0x02b35733) x14 0x00000000
core   0: 0x8000756c (0x00a11833) sll     a6, sp, a0
core   0: 0 0x8000756c (0x00a11833) x16 0x13e9cc00
core   0: 0x80007570 (0x035ae5b3) rem     a1, s5, s5
core   0: 0 0x80007570 (0x035ae5b3) x11 0x00000000
core   0: 0x80007574 (0x01c3cbb3) xor     s7, t2, t3
core   0: 0 0x80007574 (0x01c3cbb3) x23 0x00007391
core   0: 0x80007578 (0x06ad7913) andi    s2, s10, 106
core   0: 0 0x80007578 (0x06ad7913) x18 0x00000068
core   0: 0x8000757c (0xbcb80317) auipc   t1, 0xbcb80
core   0: 0 0x8000757c (0xbcb80317) x6  0x3cb8757c
core   0: 0x80007580 (0x0127f5b3) and     a1, a5, s2
core   0: 0 0x80007580 (0x0127f5b3) x11 0x00000000
core   0: 0x80007584 (0x023c2733) mulhsu  a4, s8, gp
core   0: 0 0x80007584 (0x023c2733) x14 0x00000000
core   0: 0x80007588 (0x033ba933) mulhsu  s2, s7, s3
core   0: 0 0x80007588 (0x033ba933) x18 0x00000000
core   0: 0x8000758c (0x0000869d) c.srai  a3, 7
core   0: 0 0x8000758c (0x869d) x13 0xff0004fb
core   0: 0x8000758e (0x4799a993) slti    s3, s3, 1145
core   0: 0 0x8000758e (0x4799a993) x19 0x00000001
core   0: 0x80007592 (0xaf0e1a17) auipc   s4, 0xaf0e1
core   0: 0 0x80007592 (0xaf0e1a17) x20 0x2f0e8592
core   0: 0x80007596 (0x01cb7863) bgeu    s6, t3, pc + 16
core   0: 0 0x80007596 (0x01cb7863)
core   0: 0x8000759a (0x00008d59) c.or    a0, a4
core   0: 0 0x8000759a (0x8d59) x10 0x00000000
core   0: 0x8000759c (0x00008dad) c.xor   a1, a1
core   0: 0 0x8000759c (0x8dad) x11 0x00000000
core   0: 0x8000759e (0x0000c399) c.beqz  a5, pc + 6
core   0: 0 0x8000759e (0xc399)
core   0: 0x800075a0 (0x0000100f) fence.i
core   0: 0 0x800075a0 (0x0000100f)
core   0: 0x800075a4 (0x00008fe5) c.and   a5, s1
core   0: 0 0x800075a4 (0x8fe5) x15 0x00000000
core   0: 0x800075a6 (0x80ee0493) addi    s1, t3, -2034
core   0: 0 0x800075a6 (0x80ee0493) x9  0x80021672
core   0: 0x800075aa (0x027644b3) div     s1, a2, t2
core   0: 0 0x800075aa (0x027644b3) x9  0x00000001
core   0: 0x800075ae (0x00815a93) srli    s5, sp, 8
core   0: 0 0x800075ae (0x00815a93) x21 0x0013e9cc
core   0: 0x800075b2 (0x00008cde) c.mv    s9, s7
core   0: 0 0x800075b2 (0x8cde) x25 0x00007391
core   0: 0x800075b4 (0x00006a41) c.lui   s4, 0x10
core   0: 0 0x800075b4 (0x6a41) x20 0x00010000
core   0: 0x800075b6 (0x0000c085) c.beqz  s1, pc + 32
core   0: 0 0x800075b6 (0xc085)
core   0: 0x800075b8 (0x0000076e) c.slli  a4, 27
core   0: 0 0x800075b8 (0x076e) x14 0x00000000
core   0: 0x800075ba (0x00008c99) c.sub   s1, a4
core   0: 0 0x800075ba (0x8c99) x9  0x00000001
core   0: 0x800075bc (0x0221d533) divu    a0, gp, sp
core   0: 0 0x800075bc (0x0221d533) x10 0x00000000
core   0: 0x800075c0 (0x00000994) c.addi4spn a3, sp, 208
core   0: 0 0x800075c0 (0x0994) x13 0x13e9ccd0
core   0: 0x800075c2 (0x03d24533) div     a0, tp, t4
core   0: 0 0x800075c2 (0x03d24533) x10 0xffffffff
core   0: 0x800075c6 (0x000088a1) c.andi  s1, 8
core   0: 0 0x800075c6 (0x88a1) x9  0x00000000
core   0: 0x800075c8 (0x0a8123b7) lui     t2, 0xa812
core   0: 0 0x800075c8 (0x0a8123b7) x7  0x0a812000
core   0: 0x800075cc (0xfe2b8cb7) lui     s9, 0xfe2b8
core   0: 0 0x800075cc (0xfe2b8cb7) x25 0xfe2b8000
core   0: 0x800075d0 (0x032b6c63) bltu    s6, s2, pc + 56
core   0: 0 0x800075d0 (0x032b6c63)
core   0: 0x800075d4 (0x0000649d) c.lui   s1, 0x7
core   0: 0 0x800075d4 (0x649d) x9  0x00007000
core   0: 0x800075d6 (0x0000dab3) srl     s5, ra, zero
core   0: 0 0x800075d6 (0x0000dab3) x21 0x00000000
core   0: 0x800075da (0x401e57b3) sra     a5, t3, ra
core   0: 0 0x800075da (0x401e57b3) x15 0x80021e64
core   0: 0x800075de (0x00ceef63) bltu    t4, a2, pc + 30
core   0: 0 0x800075de (0x00ceef63)
core   0: 0x800075fc (0x41cb58b3) sra     a7, s6, t3
core   0: 0 0x800075fc (0x41cb58b3) x17 0x00000000
core   0: 0x80007600 (0xd5208c93) addi    s9, ra, -686
core   0: 0 0x80007600 (0xd5208c93) x25 0xfffffd52
core   0: 0x80007604 (0x02320a63) beq     tp, gp, pc + 52
core   0: 0 0x80007604 (0x02320a63)
core   0: 0x80007608 (0x0000100f) fence.i
core   0: 0 0x80007608 (0x0000100f)
core   0: 0x8000760c (0x03ab2833) mulhsu  a6, s6, s10
core   0: 0 0x8000760c (0x03ab2833) x16 0x00000000
core   0: 0x80007610 (0xc4e6a297) auipc   t0, 0xc4e6a
core   0: 0 0x80007610 (0xc4e6a297) x5  0x44e71610
core   0: 0x80007614 (0x03ef8eb3) mul     t4, t6, t5
core   0: 0 0x80007614 (0x03ef8eb3) x29 0x00000000
core   0: 0x80007618 (0xb4ccfb37) lui     s6, 0xb4ccf
core   0: 0 0x80007618 (0xb4ccfb37) x22 0xb4ccf000
core   0: 0x8000761c (0x00008b76) c.mv    s6, t4
core   0: 0 0x8000761c (0x8b76) x22 0x00000000
core   0: 0x8000761e (0x30c2e117) auipc   sp, 0x30c2e
core   0: 0 0x8000761e (0x30c2e117) x2  0xb0c3561e
core   0: 0x80007622 (0xd0f87f93) andi    t6, a6, -753
core   0: 0 0x80007622 (0xd0f87f93) x31 0x00000000
core   0: 0x80007626 (0x0000597d) c.li    s2, -1
core   0: 0 0x80007626 (0x597d) x18 0xffffffff
core   0: 0x80007628 (0xb2227c97) auipc   s9, 0xb2227
core   0: 0 0x80007628 (0xb2227c97) x25 0x3222e628
core   0: 0x8000762c (0x009e9a33) sll     s4, t4, s1
core   0: 0 0x8000762c (0x009e9a33) x20 0x00000000
core   0: 0x80007630 (0x7753cd13) xori    s10, t2, 1909
core   0: 0 0x80007630 (0x7753cd13) x26 0x0a812775
core   0: 0x80007634 (0x00008ee1) c.and   a3, s0
core   0: 0 0x80007634 (0x8ee1) x13 0x00000000
core   0: 0x80007636 (0x00000a8c) c.addi4spn a1, sp, 336
core   0: 0 0x80007636 (0x0a8c) x11 0xb0c3576e
core   0: 0x80007638 (0x0378d7b3) divu    a5, a7, s7
core   0: 0 0x80007638 (0x0378d7b3) x15 0x00000000
core   0: 0x8000763c (0x01c0d233) srl     tp, ra, t3
core   0: 0 0x8000763c (0x01c0d233) x4  0x00000000
core   0: 0x80007640 (0x017da333) slt     t1, s11, s7
core   0: 0 0x80007640 (0x017da333) x6  0x00000001
core   0: 0x80007644 (0xc0862c93) slti    s9, a2, -1016
core   0: 0 0x80007644 (0xc0862c93) x25 0x00000001
core   0: 0x80007648 (0x00000188) c.addi4spn a0, sp, 192
core   0: 0 0x80007648 (0x0188) x10 0xb0c356de
core   0: 0x8000764a (0x00000cb2) c.slli  s9, 12
core   0: 0 0x8000764a (0x0cb2) x25 0x00001000
core   0: 0x8000764c (0x01071313) slli    t1, a4, 16
core   0: 0 0x8000764c (0x01071313) x6  0x00000000
core   0: 0x80007650 (0x01259c63) bne     a1, s2, pc + 24
core   0: 0 0x80007650 (0x01259c63)
core   0: 0x80007668 (0x00e7f933) and     s2, a5, a4
core   0: 0 0x80007668 (0x00e7f933) x18 0x00000000
core   0: 0x8000766c (0x005611b3) sll     gp, a2, t0
core   0: 0 0x8000766c (0x005611b3) x3  0x5ce40000
core   0: 0x80007670 (0x01b19a33) sll     s4, gp, s11
core   0: 0 0x80007670 (0x01b19a33) x20 0x5ce40000
core   0: 0x80007674 (0x019b1793) slli    a5, s6, 25
core   0: 0 0x80007674 (0x019b1793) x15 0x00000000
core   0: 0x80007678 (0x0248fb63) bgeu    a7, tp, pc + 54
core   0: 0 0x80007678 (0x0248fb63)
core   0: 0x800076ae (0x00000fca) c.slli  t6, 18
core   0: 0 0x800076ae (0x0fca) x31 0x00000000
core   0: 0x800076b0 (0x0320c233) div     tp, ra, s2
core   0: 0 0x800076b0 (0x0320c233) x4  0xffffffff
core   0: 0x800076b4 (0x03e79563) bne     a5, t5, pc + 42
core   0: 0 0x800076b4 (0x03e79563)
core   0: 0x800076b8 (0x01fcdc93) srli    s9, s9, 31
core   0: 0 0x800076b8 (0x01fcdc93) x25 0x00000000
core   0: 0x800076bc (0x66c60a13) addi    s4, a2, 1644
core   0: 0 0x800076bc (0x66c60a13) x20 0x80026350
core   0: 0x800076c0 (0x2776ed13) ori     s10, a3, 631
core   0: 0 0x800076c0 (0x2776ed13) x26 0x00000277
core   0: 0x800076c4 (0x00000001) c.nop
core   0: 0 0x800076c4 (0x0001)
core   0: 0x800076c6 (0x01ac5293) srli    t0, s8, 26
core   0: 0 0x800076c6 (0x01ac5293) x5  0x0000003f
core   0: 0x800076ca (0x02005333) divu    t1, zero, zero
core   0: 0 0x800076ca (0x02005333) x6  0xffffffff
core   0: 0x800076ce (0x0326c533) div     a0, a3, s2
core   0: 0 0x800076ce (0x0326c533) x10 0xffffffff
core   0: 0x800076d2 (0x40e9db93) srai    s7, s3, 14
core   0: 0 0x800076d2 (0x40e9db93) x23 0x00000000
core   0: 0x800076d6 (0xf580ac93) slti    s9, ra, -168
core   0: 0 0x800076d6 (0xf580ac93) x25 0x00000000
core   0: 0x800076da (0x0000e701) c.bnez  a4, pc + 8
core   0: 0 0x800076da (0xe701)
core   0: 0x800076dc (0x00009a42) c.add   s4, a6
core   0: 0 0x800076dc (0x9a42) x20 0x80026350
core   0: 0x800076de (0x02300f33) mul     t5, zero, gp
core   0: 0 0x800076de (0x02300f33) x30 0x00000000
core   0: 0x800076e2 (0x021f2733) mulhsu  a4, t5, ra
core   0: 0 0x800076e2 (0x021f2733) x14 0x00000000
core   0: 0x800076e6 (0x033231b3) mulhu   gp, tp, s3
core   0: 0 0x800076e6 (0x033231b3) x3  0x00000000
core   0: 0x800076ea (0x00835c13) srli    s8, t1, 8
core   0: 0 0x800076ea (0x00835c13) x24 0x00ffffff
core   0: 0x800076ee (0x0000e11d) c.bnez  a0, pc + 38
core   0: 0 0x800076ee (0xe11d)
core   0: 0x80007714 (0xdcce7a17) auipc   s4, 0xdcce7
core   0: 0 0x80007714 (0xdcce7a17) x20 0x5ccee714
core   0: 0x80007718 (0x0018f5b3) and     a1, a7, ra
core   0: 0 0x80007718 (0x0018f5b3) x11 0x00000000
core   0: 0x8000771c (0x1684efb7) lui     t6, 0x1684e
core   0: 0 0x8000771c (0x1684efb7) x31 0x1684e000
core   0: 0x80007720 (0x0210a833) mulhsu  a6, ra, ra
core   0: 0 0x80007720 (0x0210a833) x16 0x00000000
core   0: 0x80007724 (0x0000069d) c.addi  a3, 7
core   0: 0 0x80007724 (0x069d) x13 0x00000007
core   0: 0x80007726 (0x09657537) lui     a0, 0x9657
core   0: 0 0x80007726 (0x09657537) x10 0x09657000
core   0: 0x8000772a (0x000093ae) c.add   t2, a1
core   0: 0 0x8000772a (0x93ae) x7  0x0a812000
core   0: 0x8000772c (0x00008f71) c.and   a4, a2
core   0: 0 0x8000772c (0x8f71) x14 0x00000000
core   0: 0x8000772e (0x00006705) c.lui   a4, 0x1
core   0: 0 0x8000772e (0x6705) x14 0x00001000
core   0: 0x80007730 (0x00b97cb3) and     s9, s2, a1
core   0: 0 0x80007730 (0x00b97cb3) x25 0x00000000
core   0: 0x80007734 (0x4130d833) sra     a6, ra, s3
core   0: 0 0x80007734 (0x4130d833) x16 0x00000000
core   0: 0x80007738 (0x40a6d1b3) sra     gp, a3, a0
core   0: 0 0x80007738 (0x40a6d1b3) x3  0x00000007
core   0: 0x8000773c (0x00008cc5) c.or    s1, s1
core   0: 0 0x8000773c (0x8cc5) x9  0x00007000
core   0: 0x8000773e (0x75723593) sltiu   a1, tp, 1879
core   0: 0 0x8000773e (0x75723593) x11 0x00000000
core   0: 0x80007742 (0x01be2533) slt     a0, t3, s11
core   0: 0 0x80007742 (0x01be2533) x10 0x00000001
core   0: 0x80007746 (0x12b27e93) andi    t4, tp, 299
core   0: 0 0x80007746 (0x12b27e93) x29 0x0000012b
core   0: 0x8000774a (0x00000112) c.slli  sp, 4
core   0: 0 0x8000774a (0x0112) x2  0x0c3561e0
core   0: 0x8000774c (0x4093d013) srai    zero, t2, 9
core   0: 0 0x8000774c (0x4093d013)
core   0: 0x80007750 (0x0489c163) blt     s3, s0, pc + 66
core   0: 0 0x80007750 (0x0489c163)
core   0: 0x80007754 (0x03d2c663) blt     t0, t4, pc + 44
core   0: 0 0x80007754 (0x03d2c663)
core   0: 0x80007780 (0x0000932a) c.add   t1, a0
core   0: 0 0x80007780 (0x932a) x6  0x00000000
core   0: 0x80007782 (0x00009bfd) c.andi  a5, -1
core   0: 0 0x80007782 (0x9bfd) x15 0x00000000
core   0: 0x80007784 (0x02cc8933) mul     s2, s9, a2
core   0: 0 0x80007784 (0x02cc8933) x18 0x00000000
core   0: 0x80007788 (0x0000577d) c.li    a4, -1
core   0: 0 0x80007788 (0x577d) x14 0xffffffff
core   0: 0x8000778a (0x004820b3) slt     ra, a6, tp
core   0: 0 0x8000778a (0x004820b3) x1  0x00000000
core   0: 0x8000778e (0x4053d4b3) sra     s1, t2, t0
core   0: 0 0x8000778e (0x4053d4b3) x9  0x00000000
core   0: 0x80007792 (0x00008eb5) c.xor   a3, a3
core   0: 0 0x80007792 (0x8eb5) x13 0x00000000
core   0: 0x80007794 (0x0000929e) c.add   t0, t2
core   0: 0 0x80007794 (0x929e) x5  0x0a81203f
core   0: 0x80007796 (0x00d1df93) srli    t6, gp, 13
core   0: 0 0x80007796 (0x00d1df93) x31 0x00000000
core   0: 0x8000779a (0x04920063) beq     tp, s1, pc + 64
core   0: 0 0x8000779a (0x04920063)
core   0: 0x8000779e (0xf524ec93) ori     s9, s1, -174
core   0: 0 0x8000779e (0xf524ec93) x25 0xffffff52
core   0: 0x800077a2 (0x0000ed81) c.bnez  a1, pc + 24
core   0: 0 0x800077a2 (0xed81)
core   0: 0x800077a4 (0x059ce463) bltu    s9, s9, pc + 72
core   0: 0 0x800077a4 (0x059ce463)
core   0: 0x800077a8 (0x0000008a) c.slli  ra, 2
core   0: 0 0x800077a8 (0x008a) x1  0x00000000
core   0: 0x800077aa (0x00541133) sll     sp, s0, t0
core   0: 0 0x800077aa (0x00541133) x2  0x00000000
core   0: 0x800077ae (0x2011ca97) auipc   s5, 0x2011c
core   0: 0 0x800077ae (0x2011ca97) x21 0xa01237ae
core   0: 0x800077b2 (0x01e25193) srli    gp, tp, 30
core   0: 0 0x800077b2 (0x01e25193) x3  0x00000003
core   0: 0x800077b6 (0xb7566c13) ori     s8, a2, -1163
core   0: 0 0x800077b6 (0xb7566c13) x24 0xfffffff5
core   0: 0x800077ba (0x0320b933) mulhu   s2, ra, s2
core   0: 0 0x800077ba (0x0320b933) x18 0x00000000
core   0: 0x800077be (0x03fa35b3) mulhu   a1, s4, t6
core   0: 0 0x800077be (0x03fa35b3) x11 0x00000000
core   0: 0x800077c2 (0x00008d39) c.xor   a0, a4
core   0: 0 0x800077c2 (0x8d39) x10 0xfffffffe
core   0: 0x800077c4 (0xb794ca13) xori    s4, s1, -1159
core   0: 0 0x800077c4 (0xb794ca13) x20 0xfffffb79
core   0: 0x800077c8 (0x0151bdb3) sltu    s11, gp, s5
core   0: 0 0x800077c8 (0x0151bdb3) x27 0x00000001
core   0: 0x800077cc (0x01a7f133) and     sp, a5, s10
core   0: 0 0x800077cc (0x01a7f133) x2  0x00000000
core   0: 0x800077d0 (0x00008ea1) c.xor   a3, s0
core   0: 0 0x800077d0 (0x8ea1) x13 0x80000000
core   0: 0x800077d2 (0x7cd28093) addi    ra, t0, 1997
core   0: 0 0x800077d2 (0x7cd28093) x1  0x0a81280c
core   0: 0x800077d6 (0x02c87d63) bgeu    a6, a2, pc + 58
core   0: 0 0x800077d6 (0x02c87d63)
core   0: 0x800077da (0x00000b7e) c.slli  s6, 31
core   0: 0 0x800077da (0x0b7e) x22 0x00000000
core   0: 0x800077dc (0x00330a63) beq     t1, gp, pc + 20
core   0: 0 0x800077dc (0x00330a63)
core   0: 0x800077e0 (0x015806b3) add     a3, a6, s5
core   0: 0 0x800077e0 (0x015806b3) x13 0xa01237ae
core   0: 0x800077e4 (0x015f5993) srli    s3, t5, 21
core   0: 0 0x800077e4 (0x015f5993) x19 0x00000000
core   0: 0x800077e8 (0x0394a133) mulhsu  sp, s1, s9
core   0: 0 0x800077e8 (0x0394a133) x2  0x00000000
core   0: 0x800077ec (0x02ba6933) rem     s2, s4, a1
core   0: 0 0x800077ec (0x02ba6933) x18 0xfffffb79
core   0: 0x800077f0 (0x0ff0000f) fence   iorw,iorw
core   0: 0 0x800077f0 (0x0ff0000f)
core   0: 0x800077f4 (0x03397cb3) remu    s9, s2, s3
core   0: 0 0x800077f4 (0x03397cb3) x25 0xfffffb79
core   0: 0x800077f8 (0x000059fd) c.li    s3, -1
core   0: 0 0x800077f8 (0x59fd) x19 0xffffffff
core   0: 0x800077fa (0x362cf013) andi    zero, s9, 866
core   0: 0 0x800077fa (0x362cf013)
core   0: 0x800077fe (0x0117d0b3) srl     ra, a5, a7
core   0: 0 0x800077fe (0x0117d0b3) x1  0x00000000
core   0: 0x80007802 (0x028499b3) mulh    s3, s1, s0
core   0: 0 0x80007802 (0x028499b3) x19 0x00000000
core   0: 0x80007806 (0x000097fe) c.add   a5, t6
core   0: 0 0x80007806 (0x97fe) x15 0x00000000
core   0: 0x80007808 (0x00008df5) c.and   a1, a3
core   0: 0 0x80007808 (0x8df5) x11 0x00000000
core   0: 0x8000780a (0x89419317) auipc   t1, 0x89419
core   0: 0 0x8000780a (0x89419317) x6  0x0942080a
core   0: 0x8000780e (0x00008c8d) c.sub   s1, a1
core   0: 0 0x8000780e (0x8c8d) x9  0x00000000
core   0: 0x80007810 (0x0000717d) c.addi16sp sp, -16
core   0: 0 0x80007810 (0x717d) x2  0xfffffff0
core   0: 0x80007812 (0x94df2ab7) lui     s5, 0x94df2
core   0: 0 0x80007812 (0x94df2ab7) x21 0x94df2000
core   0: 0x80007816 (0x011f4ab3) xor     s5, t5, a7
core   0: 0 0x80007816 (0x011f4ab3) x21 0x00000000
core   0: 0x8000781a (0x006b0663) beq     s6, t1, pc + 12
core   0: 0 0x8000781a (0x006b0663)
core   0: 0x8000781e (0x0386f363) bgeu    a3, s8, pc + 38
core   0: 0 0x8000781e (0x0386f363)
core   0: 0x80007822 (0x003839b3) sltu    s3, a6, gp
core   0: 0 0x80007822 (0x003839b3) x19 0x00000001
core   0: 0x80007826 (0x000013fd) c.addi  t2, -1
core   0: 0 0x80007826 (0x13fd) x7  0x0a811fff
core   0: 0x80007828 (0x03d87c63) bgeu    a6, t4, pc + 56
core   0: 0 0x80007828 (0x03d87c63)
core   0: 0x8000782c (0x403f5393) srai    t2, t5, 3
core   0: 0 0x8000782c (0x403f5393) x7  0x00000000
core   0: 0x80007830 (0x03217363) bgeu    sp, s2, pc + 38
core   0: 0 0x80007830 (0x03217363)
core   0: 0x80007856 (0x00009afd) c.andi  a3, -1
core   0: 0 0x80007856 (0x9afd) x13 0xa01237ae
core   0: 0x80007858 (0x023a5733) divu    a4, s4, gp
core   0: 0 0x80007858 (0x023a5733) x14 0x555553d3
core   0: 0x8000785c (0x00d12233) slt     tp, sp, a3
core   0: 0 0x8000785c (0x00d12233) x4  0x00000000
core   0: 0x80007860 (0x0000813d) c.srli  a0, 15
core   0: 0 0x80007860 (0x813d) x10 0x0001ffff
core   0: 0x80007862 (0x00008cd9) c.or    s1, a4
core   0: 0 0x80007862 (0x8cd9) x9  0x555553d3
core   0: 0x80007864 (0x00000d5a) c.slli  s10, 22
core   0: 0 0x80007864 (0x0d5a) x26 0x9dc00000
core   0: 0x80007866 (0x0000100f) fence.i
core   0: 0 0x80007866 (0x0000100f)
core   0: 0x8000786a (0x02c84163) blt     a6, a2, pc + 34
core   0: 0 0x8000786a (0x02c84163)
core   0: 0x8000786e (0x0000e389) c.bnez  a5, pc + 2
core   0: 0 0x8000786e (0xe389)
core   0: 0x80007870 (0x0194cd33) xor     s10, s1, s9
core   0: 0 0x80007870 (0x0194cd33) x26 0xaaaaa8aa
core   0: 0x80007874 (0x03e631b3) mulhu   gp, a2, t5
core   0: 0 0x80007874 (0x03e631b3) x3  0x00000000
core   0: 0x80007878 (0x98cec817) auipc   a6, 0x98cec
core   0: 0 0x80007878 (0x98cec817) x16 0x18cf3878
core   0: 0x8000787c (0x00000488) c.addi4spn a0, sp, 576
core   0: 0 0x8000787c (0x0488) x10 0x00000230
core   0: 0x8000787e (0x1098ca93) xori    s5, a7, 265
core   0: 0 0x8000787e (0x1098ca93) x21 0x00000109
core   0: 0x80007882 (0x00008bfe) c.mv    s7, t6
core   0: 0 0x80007882 (0x8bfe) x23 0x00000000
core   0: 0x80007884 (0x00000a2a) c.slli  s4, 10
core   0: 0 0x80007884 (0x0a2a) x20 0xffede400
core   0: 0x80007886 (0x000089d1) c.andi  a1, 20
core   0: 0 0x80007886 (0x89d1) x11 0x00000000
core   0: 0x80007888 (0x8713a713) slti    a4, t2, -1935
core   0: 0 0x80007888 (0x8713a713) x14 0x00000000
core   0: 0x8000788c (0x03b31c63) bne     t1, s11, pc + 56
core   0: 0 0x8000788c (0x03b31c63)
core   0: 0x800078c4 (0x00808a33) add     s4, ra, s0
core   0: 0 0x800078c4 (0x00808a33) x20 0x80000000
core   0: 0x800078c8 (0x3040ac13) slti    s8, ra, 772
core   0: 0 0x800078c8 (0x3040ac13) x24 0x00000001
core   0: 0x800078cc (0x00001788) c.addi4spn a0, sp, 992
core   0: 0 0x800078cc (0x1788) x10 0x000003d0
core   0: 0x800078ce (0x0000100f) fence.i
core   0: 0 0x800078ce (0x0000100f)
core   0: 0x800078d2 (0x00008fbd) c.xor   a5, a5
core   0: 0 0x800078d2 (0x8fbd) x15 0x00000000
core   0: 0x800078d4 (0x00000001) c.nop
core   0: 0 0x800078d4 (0x0001)
core   0: 0x800078d6 (0x01c66fb3) or      t6, a2, t3
core   0: 0 0x800078d6 (0x01c66fb3) x31 0x80025ee4
core   0: 0x800078da (0x029fc133) div     sp, t6, s1
core   0: 0 0x800078da (0x029fc133) x2  0xffffffff
core   0: 0x800078de (0x00009f62) c.add   t5, s8
core   0: 0 0x800078de (0x9f62) x30 0x00000001
core   0: 0x800078e0 (0x00004389) c.li    t2, 2
core   0: 0 0x800078e0 (0x4389) x7  0x00000002
core   0: 0x800078e2 (0xbc098893) addi    a7, s3, -1088
core   0: 0 0x800078e2 (0xbc098893) x17 0xfffffbc1
core   0: 0x800078e6 (0x00000f59) c.addi  t5, 22
core   0: 0 0x800078e6 (0x0f59) x30 0x00000017
core   0: 0x800078e8 (0x032c34b3) mulhu   s1, s8, s2
core   0: 0 0x800078e8 (0x032c34b3) x9  0x00000000
core   0: 0x800078ec (0x0000c891) c.beqz  s1, pc + 20
core   0: 0 0x800078ec (0xc891)
core   0: 0x80007900 (0x00009bfd) c.andi  a5, -1
core   0: 0 0x80007900 (0x9bfd) x15 0x00000000
core   0: 0x80007902 (0x02d2db33) divu    s6, t0, a3
core   0: 0 0x80007902 (0x02d2db33) x22 0x00000000
core   0: 0x80007906 (0x0000e129) c.bnez  a0, pc + 66
core   0: 0 0x80007906 (0xe129)
core   0: 0x80007948 (0x8eec2713) slti    a4, s8, -1810
core   0: 0 0x80007948 (0x8eec2713) x14 0x00000000
core   0: 0x8000794c (0x00000001) c.nop
core   0: 0 0x8000794c (0x0001)
core   0: 0x8000794e (0x02ebf833) remu    a6, s7, a4
core   0: 0 0x8000794e (0x02ebf833) x16 0x00000000
core   0: 0x80007952 (0x00dd5463) bge     s10, a3, pc + 8
core   0: 0 0x80007952 (0x00dd5463)
core   0: 0x8000795a (0x02dd7b33) remu    s6, s10, a3
core   0: 0 0x8000795a (0x02dd7b33) x22 0x0a9870fc
core   0: 0x8000795e (0x00008e99) c.sub   a3, a4
core   0: 0 0x8000795e (0x8e99) x13 0xa01237ae
core   0: 0x80007960 (0x02873c33) mulhu   s8, a4, s0
core   0: 0 0x80007960 (0x02873c33) x24 0x00000000
core   0: 0x80007964 (0x00008fad) c.xor   a5, a1
core   0: 0 0x80007964 (0x8fad) x15 0x00000000
core   0: 0x80007966 (0x00000d16) c.slli  s10, 5
core   0: 0 0x80007966 (0x0d16) x26 0x55551540
core   0: 0x80007968 (0x01a8fe63) bgeu    a7, s10, pc + 28
core   0: 0 0x80007968 (0x01a8fe63)
core   0: 0x80007984 (0x024d99b3) mulh    s3, s11, tp
core   0: 0 0x80007984 (0x024d99b3) x19 0x00000000
core   0: 0x80007988 (0x0000100f) fence.i
core   0: 0 0x80007988 (0x0000100f)
core   0: 0x8000798c (0x00bf5893) srli    a7, t5, 11
core   0: 0 0x8000798c (0x00bf5893) x17 0x00000000
core   0: 0x80007990 (0x00008d39) c.xor   a0, a4
core   0: 0 0x80007990 (0x8d39) x10 0x000003d0
core   0: 0x80007992 (0x9c823293) sltiu   t0, tp, -1592
core   0: 0 0x80007992 (0x9c823293) x5  0x00000001
core   0: 0x80007996 (0x0000717d) c.addi16sp sp, -16
core   0: 0 0x80007996 (0x717d) x2  0xffffffef
core   0: 0x80007998 (0x00008fe2) c.mv    t6, s8
core   0: 0 0x80007998 (0x8fe2) x31 0x00000000
core   0: 0x8000799a (0x010e9733) sll     a4, t4, a6
core   0: 0 0x8000799a (0x010e9733) x14 0x0000012b
core   0: 0x8000799e (0x023d6563) bltu    s10, gp, pc + 42
core   0: 0 0x8000799e (0x023d6563)
core   0: 0x800079a2 (0x007a5193) srli    gp, s4, 7
core   0: 0 0x800079a2 (0x007a5193) x3  0x01000000
core   0: 0x800079a6 (0x014fd513) srli    a0, t6, 20
core   0: 0 0x800079a6 (0x014fd513) x10 0x00000000
core   0: 0x800079aa (0x00509363) bne     ra, t0, pc + 6
core   0: 0 0x800079aa (0x00509363)
core   0: 0x800079b0 (0x0000935a) c.add   t1, s6
core   0: 0 0x800079b0 (0x935a) x6  0x13da7906
core   0: 0x800079b2 (0x017e9813) slli    a6, t4, 23
core   0: 0 0x800079b2 (0x017e9813) x16 0x95800000
core   0: 0x800079b6 (0x01169893) slli    a7, a3, 17
core   0: 0 0x800079b6 (0x01169893) x17 0x6f5c0000
core   0: 0x800079ba (0x00008ebd) c.xor   a3, a5
core   0: 0 0x800079ba (0x8ebd) x13 0xa01237ae
core   0: 0x800079bc (0x00c6ceb3) xor     t4, a3, a2
core   0: 0 0x800079bc (0x00c6ceb3) x29 0x20106b4a
core   0: 0x800079c0 (0x03ce5d33) divu    s10, t3, t3
core   0: 0 0x800079c0 (0x03ce5d33) x26 0x00000001
core   0: 0x800079c4 (0x00420563) beq     tp, tp, pc + 10
core   0: 0 0x800079c4 (0x00420563)
core   0: 0x800079ce (0x0000026d) c.addi  tp, 27
core   0: 0 0x800079ce (0x026d) x4  0x0000001b
core   0: 0x800079d0 (0x3c448393) addi    t2, s1, 964
core   0: 0 0x800079d0 (0x3c448393) x7  0x000003c4
core   0: 0x800079d4 (0x0000616d) c.addi16sp sp, 240
core   0: 0 0x800079d4 (0x616d) x2  0x000000df
core   0: 0x800079d6 (0x745c7797) auipc   a5, 0x745c7
core   0: 0 0x800079d6 (0x745c7797) x15 0xf45ce9d6
core   0: 0x800079da (0x017cdcb3) srl     s9, s9, s7
core   0: 0 0x800079da (0x017cdcb3) x25 0xfffffb79
core   0: 0x800079de (0x0000e481) c.bnez  s1, pc + 8
core   0: 0 0x800079de (0xe481)
core   0: 0x800079e0 (0x00000001) c.nop
core   0: 0 0x800079e0 (0x0001)
core   0: 0x800079e2 (0x413785b3) sub     a1, a5, s3
core   0: 0 0x800079e2 (0x413785b3) x11 0xf45ce9d6
core   0: 0x800079e6 (0x03922db3) mulhsu  s11, tp, s9
core   0: 0 0x800079e6 (0x03922db3) x27 0x0000001a
core   0: 0x800079ea (0xd4f82793) slti    a5, a6, -689
core   0: 0 0x800079ea (0xd4f82793) x15 0x00000001
core   0: 0x800079ee (0x411a5113) srai    sp, s4, 17
core   0: 0 0x800079ee (0x411a5113) x2  0xffffc000
core   0: 0x800079f2 (0x01a46bb3) or      s7, s0, s10
core   0: 0 0x800079f2 (0x01a46bb3) x23 0x80000001
core   0: 0x800079f6 (0x00c9c263) blt     s3, a2, pc + 4
core   0: 0 0x800079f6 (0x00c9c263)
core   0: 0x800079fa (0x008d67b3) or      a5, s10, s0
core   0: 0 0x800079fa (0x008d67b3) x15 0x80000001
core   0: 0x800079fe (0x00001b7d) c.addi  s6, -1
core   0: 0 0x800079fe (0x1b7d) x22 0x0a9870fb
core   0: 0x80007a00 (0x00008fe9) c.and   a5, a0
core   0: 0 0x80007a00 (0x8fe9) x15 0x00000000
core   0: 0x80007a02 (0xf8c37b93) andi    s7, t1, -116
core   0: 0 0x80007a02 (0xf8c37b93) x23 0x13da7904
core   0: 0x80007a06 (0x01781463) bne     a6, s7, pc + 8
core   0: 0 0x80007a06 (0x01781463)
core   0: 0x80007a0e (0x0161e333) or      t1, gp, s6
core   0: 0 0x80007a0e (0x0161e333) x6  0x0b9870fb
core   0: 0x80007a12 (0x01e75e93) srli    t4, a4, 30
core   0: 0 0x80007a12 (0x01e75e93) x29 0x00000000
core   0: 0x80007a16 (0x00008d15) c.sub   a0, a3
core   0: 0 0x80007a16 (0x8d15) x10 0x5fedc852
core   0: 0x80007a18 (0x01b6b6b3) sltu    a3, a3, s11
core   0: 0 0x80007a18 (0x01b6b6b3) x13 0x00000000
core   0: 0x80007a1c (0x0000cf0d) c.beqz  a4, pc + 58
core   0: 0 0x80007a1c (0xcf0d)
core   0: 0x80007a1e (0x01c9d293) srli    t0, s3, 28
core   0: 0 0x80007a1e (0x01c9d293) x5  0x00000000
core   0: 0x80007a22 (0x0000616d) c.addi16sp sp, 240
core   0: 0 0x80007a22 (0x616d) x2  0xffffc0f0
core   0: 0x80007a24 (0x039a3ab3) mulhu   s5, s4, s9
core   0: 0 0x80007a24 (0x039a3ab3) x21 0x7ffffdbc
core   0: 0x80007a28 (0x4107da33) sra     s4, a5, a6
core   0: 0 0x80007a28 (0x4107da33) x20 0x00000000
core   0: 0x80007a2c (0x033b1eb3) mulh    t4, s6, s3
core   0: 0 0x80007a2c (0x033b1eb3) x29 0x00000000
core   0: 0x80007a30 (0x02534eb3) div     t4, t1, t0
core   0: 0 0x80007a30 (0x02534eb3) x29 0xffffffff
core   0: 0x80007a34 (0x000084c9) c.srai  s1, 18
core   0: 0 0x80007a34 (0x84c9) x9  0x00000000
core   0: 0x80007a36 (0x000047a5) c.li    a5, 9
core   0: 0 0x80007a36 (0x47a5) x15 0x00000009
core   0: 0x80007a38 (0x40705533) sra     a0, zero, t2
core   0: 0 0x80007a38 (0x40705533) x10 0x00000000
core   0: 0x80007a3c (0x035f7133) remu    sp, t5, s5
core   0: 0 0x80007a3c (0x035f7133) x2  0x00000017
core   0: 0x80007a40 (0x00ea1ab3) sll     s5, s4, a4
core   0: 0 0x80007a40 (0x00ea1ab3) x21 0x00000000
core   0: 0x80007a44 (0xdc0b4013) xori    zero, s6, -576
core   0: 0 0x80007a44 (0xdc0b4013)
core   0: 0x80007a48 (0x032a1363) bne     s4, s2, pc + 38
core   0: 0 0x80007a48 (0x032a1363)
core   0: 0x80007a6e (0x1365aa93) slti    s5, a1, 310
core   0: 0 0x80007a6e (0x1365aa93) x21 0x00000001
core   0: 0x80007a72 (0x02d3fb63) bgeu    t2, a3, pc + 54
core   0: 0 0x80007a72 (0x02d3fb63)
core   0: 0x80007aa8 (0x00008d65) c.and   a0, s1
core   0: 0 0x80007aa8 (0x8d65) x10 0x00000000
core   0: 0x80007aaa (0xa1efaf13) slti    t5, t6, -1506
core   0: 0 0x80007aaa (0xa1efaf13) x30 0x00000000
core   0: 0x80007aae (0x00eb35b3) sltu    a1, s6, a4
core   0: 0 0x80007aae (0x00eb35b3) x11 0x00000000
core   0: 0x80007ab2 (0x02adf0b3) remu    ra, s11, a0
core   0: 0 0x80007ab2 (0x02adf0b3) x1  0x0000001a
core   0: 0x80007ab6 (0x0000e199) c.bnez  a1, pc + 6
core   0: 0 0x80007ab6 (0xe199)
core   0: 0x80007ab8 (0x02721463) bne     tp, t2, pc + 40
core   0: 0 0x80007ab8 (0x02721463)
core   0: 0x80007ae0 (0x000099fd) c.andi  a1, -1
core   0: 0 0x80007ae0 (0x99fd) x11 0x00000000
core   0: 0x80007ae2 (0x0027ac33) slt     s8, a5, sp
core   0: 0 0x80007ae2 (0x0027ac33) x24 0x00000001
core   0: 0x80007ae6 (0x412e0d33) sub     s10, t3, s2
core   0: 0 0x80007ae6 (0x412e0d33) x26 0x800222eb
core   0: 0x80007aea (0x01209693) slli    a3, ra, 18
core   0: 0 0x80007aea (0x01209693) x13 0x00680000
core   0: 0x80007aee (0x00008d05) c.sub   a0, s1
core   0: 0 0x80007aee (0x8d05) x10 0x00000000
core   0: 0x80007af0 (0x000083a5) c.srli  a5, 9
core   0: 0 0x80007af0 (0x83a5) x15 0x00000000
core   0: 0x80007af2 (0x00008715) c.srai  a4, 5
core   0: 0 0x80007af2 (0x8715) x14 0x00000009
core   0: 0x80007af4 (0x007151b3) srl     gp, sp, t2
core   0: 0 0x80007af4 (0x007151b3) x3  0x00000001
core   0: 0x80007af8 (0x4d1dec13) ori     s8, s11, 1233
core   0: 0 0x80007af8 (0x4d1dec13) x24 0x000004db
core   0: 0x80007afc (0x93980593) addi    a1, a6, -1735
core   0: 0 0x80007afc (0x93980593) x11 0x957ff939
core   0: 0x80007b00 (0x00b17d33) and     s10, sp, a1
core   0: 0 0x80007b00 (0x00b17d33) x26 0x00000011
core   0: 0x80007b04 (0x0000657d) c.lui   a0, 0x1f
core   0: 0 0x80007b04 (0x657d) x10 0x0001f000
core   0: 0x80007b06 (0x02f8c933) div     s2, a7, a5
core   0: 0 0x80007b06 (0x02f8c933) x18 0xffffffff
core   0: 0x80007b0a (0x031f7d33) remu    s10, t5, a7
core   0: 0 0x80007b0a (0x031f7d33) x26 0x00000000
core   0: 0x80007b0e (0x0235bb33) mulhu   s6, a1, gp
core   0: 0 0x80007b0e (0x0235bb33) x22 0x00000000
core   0: 0x80007b12 (0x00008fbd) c.xor   a5, a5
core   0: 0 0x80007b12 (0x8fbd) x15 0x00000000
core   0: 0x80007b14 (0x40680ab3) sub     s5, a6, t1
core   0: 0 0x80007b14 (0x40680ab3) x21 0x89e78f05
core   0: 0x80007b18 (0x036784b3) mul     s1, a5, s6
core   0: 0 0x80007b18 (0x036784b3) x9  0x00000000
core   0: 0x80007b1c (0x01355493) srli    s1, a0, 19
core   0: 0 0x80007b1c (0x01355493) x9  0x00000000
core   0: 0x80007b20 (0x0000c989) c.beqz  a1, pc + 18
core   0: 0 0x80007b20 (0xc989)
core   0: 0x80007b22 (0x00fb9233) sll     tp, s7, a5
core   0: 0 0x80007b22 (0x00fb9233) x4  0x13da7904
core   0: 0x80007b26 (0x01b0dd63) bge     ra, s11, pc + 26
core   0: 0 0x80007b26 (0x01b0dd63)
core   0: 0x80007b40 (0x027a5363) bge     s4, t2, pc + 38
core   0: 0 0x80007b40 (0x027a5363)
core   0: 0x80007b44 (0x00dd0933) add     s2, s10, a3
core   0: 0 0x80007b44 (0x00dd0933) x18 0x00680000
core   0: 0x80007b48 (0x000005de) c.slli  a1, 23
core   0: 0 0x80007b48 (0x05de) x11 0x9c800000
core   0: 0x80007b4a (0x03fbc333) div     t1, s7, t6
core   0: 0 0x80007b4a (0x03fbc333) x6  0xffffffff
core   0: 0x80007b4e (0x0000c199) c.beqz  a1, pc + 6
core   0: 0 0x80007b4e (0xc199)
core   0: 0x80007b50 (0x00008e91) c.sub   a3, a2
core   0: 0 0x80007b50 (0x8e91) x13 0x8065a31c
core   0: 0x80007b52 (0x0000ca8d) c.beqz  a3, pc + 50
core   0: 0 0x80007b52 (0xca8d)
core   0: 0x80007b54 (0x00006f61) c.lui   t5, 0x18
core   0: 0 0x80007b54 (0x6f61) x30 0x00018000
core   0: 0x80007b56 (0x00008e89) c.sub   a3, a0
core   0: 0 0x80007b56 (0x8e89) x13 0x8063b31c
core   0: 0x80007b58 (0x00495463) bge     s2, tp, pc + 8
core   0: 0 0x80007b58 (0x00495463)
core   0: 0x80007b5c (0x00a93233) sltu    tp, s2, a0
core   0: 0 0x80007b5c (0x00a93233) x4  0x00000000
core   0: 0x80007b60 (0x003a3933) sltu    s2, s4, gp
core   0: 0 0x80007b60 (0x003a3933) x18 0x00000001
core   0: 0x80007b64 (0x00000001) c.nop
core   0: 0 0x80007b64 (0x0001)
core   0: 0x80007b66 (0x00e022b3) slt     t0, zero, a4
core   0: 0 0x80007b66 (0x00e022b3) x5  0x00000001
core   0: 0x80007b6a (0x000080dd) c.srli  s1, 23
core   0: 0 0x80007b6a (0x80dd) x9  0x00000000
core   0: 0x80007b6c (0x02020033) mul     zero, tp, zero
core   0: 0 0x80007b6c (0x02020033)
core   0: 0x80007b70 (0x00000001) c.nop
core   0: 0 0x80007b70 (0x0001)
core   0: 0x80007b72 (0x9a310f13) addi    t5, sp, -1629
core   0: 0 0x80007b72 (0x9a310f13) x30 0xfffff9ba
core   0: 0x80007b76 (0x008e0233) add     tp, t3, s0
core   0: 0 0x80007b76 (0x008e0233) x4  0x00021e64
core   0: 0x80007b7a (0x01057d33) and     s10, a0, a6
core   0: 0 0x80007b7a (0x01057d33) x26 0x00000000
core   0: 0x80007b7e (0x0155a933) slt     s2, a1, s5
core   0: 0 0x80007b7e (0x0155a933) x18 0x00000000
core   0: 0x80007b82 (0x00000001) c.nop
core   0: 0 0x80007b82 (0x0001)
core   0: 0x80007b84 (0x017c5f33) srl     t5, s8, s7
core   0: 0 0x80007b84 (0x017c5f33) x30 0x0000004d
core   0: 0x80007b88 (0x00000966) c.slli  s2, 25
core   0: 0 0x80007b88 (0x0966) x18 0x00000000
core   0: 0x80007b8a (0x0000e489) c.bnez  s1, pc + 10
core   0: 0 0x80007b8a (0xe489)
core   0: 0x80007b8c (0x416bd1b3) sra     gp, s7, s6
core   0: 0 0x80007b8c (0x416bd1b3) x3  0x13da7904
core   0: 0x80007b90 (0x40330a33) sub     s4, t1, gp
core   0: 0 0x80007b90 (0x40330a33) x20 0xec2586fb
core   0: 0x80007b94 (0x000061f1) c.lui   gp, 0x1c
core   0: 0 0x80007b94 (0x61f1) x3  0x0001c000
core   0: 0x80007b96 (0x41ee0133) sub     sp, t3, t5
core   0: 0 0x80007b96 (0x41ee0133) x2  0x80021e17
core   0: 0x80007b9a (0x00000001) c.nop
core   0: 0 0x80007b9a (0x0001)
core   0: 0x80007b9c (0x00009d8a) c.add   s11, sp
core   0: 0 0x80007b9c (0x9d8a) x27 0x80021e31
core   0: 0x80007b9e (0x0000088a) c.slli  a7, 2
core   0: 0 0x80007b9e (0x088a) x17 0xbd700000
core   0: 0x80007ba0 (0x010d5ab3) srl     s5, s10, a6
core   0: 0 0x80007ba0 (0x010d5ab3) x21 0x00000000
core   0: 0x80007ba4 (0x01cf61b3) or      gp, t5, t3
core   0: 0 0x80007ba4 (0x01cf61b3) x3  0x80021e6d
core   0: 0x80007ba8 (0x00008bb1) c.andi  a5, 12
core   0: 0 0x80007ba8 (0x8bb1) x15 0x00000000
core   0: 0x80007baa (0x000002da) c.slli  t0, 22
core   0: 0 0x80007baa (0x02da) x5  0x00400000
core   0: 0x80007bac (0x40c35b93) srai    s7, t1, 12
core   0: 0 0x80007bac (0x40c35b93) x23 0xffffffff
core   0: 0x80007bb0 (0x41adb213) sltiu   tp, s11, 1050
core   0: 0 0x80007bb0 (0x41adb213) x4  0x00000000
core   0: 0x80007bb4 (0x03160f33) mul     t5, a2, a7
core   0: 0 0x80007bb4 (0x03160f33) x30 0xf7c00000
core   0: 0x80007bb8 (0x00deb6b3) sltu    a3, t4, a3
core   0: 0 0x80007bb8 (0x00deb6b3) x13 0x00000000
core   0: 0x80007bbc (0x000062e9) c.lui   t0, 0x1a
core   0: 0 0x80007bbc (0x62e9) x5  0x0001a000
core   0: 0x80007bbe (0x0085ca33) xor     s4, a1, s0
core   0: 0 0x80007bbe (0x0085ca33) x20 0x1c800000
core   0: 0x80007bc2 (0x00008d6d) c.and   a0, a1
core   0: 0 0x80007bc2 (0x8d6d) x10 0x00000000
core   0: 0x80007bc4 (0x020d5563) bgez    s10, pc + 42
core   0: 0 0x80007bc4 (0x020d5563)
core   0: 0x80007bee (0x00767263) bgeu    a2, t2, pc + 4
core   0: 0 0x80007bee (0x00767263)
core   0: 0x80007bf2 (0x40c08713) addi    a4, ra, 1036
core   0: 0 0x80007bf2 (0x40c08713) x14 0x00000426
core   0: 0x80007bf6 (0x30b1ae93) slti    t4, gp, 779
core   0: 0 0x80007bf6 (0x30b1ae93) x29 0x00000001
core   0: 0x80007bfa (0x000097e2) c.add   a5, s8
core   0: 0 0x80007bfa (0x97e2) x15 0x000004db
core   0: 0x80007bfc (0x000062f1) c.lui   t0, 0x1c
core   0: 0 0x80007bfc (0x62f1) x5  0x0001c000
core   0: 0x80007bfe (0x000081c5) c.srli  a1, 17
core   0: 0 0x80007bfe (0x81c5) x11 0x00004e40
core   0: 0x80007c00 (0x00e71b33) sll     s6, a4, a4
core   0: 0 0x80007c00 (0x00e71b33) x22 0x00010980
core   0: 0x80007c04 (0x00000001) c.nop
core   0: 0 0x80007c04 (0x0001)
core   0: 0x80007c06 (0xde54a113) slti    sp, s1, -539
core   0: 0 0x80007c06 (0xde54a113) x2  0x00000000
core   0: 0x80007c0a (0x01fd8d33) add     s10, s11, t6
core   0: 0 0x80007c0a (0x01fd8d33) x26 0x80021e31
core   0: 0x80007c0e (0x41f55a13) srai    s4, a0, 31
core   0: 0 0x80007c0e (0x41f55a13) x20 0x00000000
core   0: 0x80007c12 (0x00c14a63) blt     sp, a2, pc + 20
core   0: 0 0x80007c12 (0x00c14a63)
core   0: 0x80007c16 (0x0031db33) srl     s6, gp, gp
core   0: 0 0x80007c16 (0x0031db33) x22 0x00040010
core   0: 0x80007c1a (0x01b63cb3) sltu    s9, a2, s11
core   0: 0 0x80007c1a (0x01b63cb3) x25 0x00000000
core   0: 0x80007c1e (0xb97d8313) addi    t1, s11, -1129
core   0: 0 0x80007c1e (0xb97d8313) x6  0x800219c8
core   0: 0x80007c22 (0x0000cf1d) c.beqz  a4, pc + 62
core   0: 0 0x80007c22 (0xcf1d)
core   0: 0x80007c24 (0x00008311) c.srli  a4, 4
core   0: 0 0x80007c24 (0x8311) x14 0x00000042
core   0: 0x80007c26 (0x00999a13) slli    s4, s3, 9
core   0: 0 0x80007c26 (0x00999a13) x20 0x00000000
core   0: 0x80007c2a (0x00008f25) c.xor   a4, s1
core   0: 0 0x80007c2a (0x8f25) x14 0x00000042
core   0: 0x80007c2c (0x00c5ef33) or      t5, a1, a2
core   0: 0 0x80007c2c (0x00c5ef33) x30 0x80025ee4
core   0: 0x80007c30 (0x00008d6e) c.mv    s10, s11
core   0: 0 0x80007c30 (0x8d6e) x26 0x80021e31
core   0: 0x80007c32 (0x409e59b3) sra     s3, t3, s1
core   0: 0 0x80007c32 (0x409e59b3) x19 0x80021e64
core   0: 0x80007c36 (0x0000837d) c.srli  a4, 31
core   0: 0 0x80007c36 (0x837d) x14 0x00000000
core   0: 0x80007c38 (0x5be36b93) ori     s7, t1, 1470
core   0: 0 0x80007c38 (0x5be36b93) x23 0x80021dfe
core   0: 0x80007c3c (0x00008ff1) c.and   a5, a2
core   0: 0 0x80007c3c (0x8ff1) x15 0x000004c0
core   0: 0x80007c3e (0x02a3d7b3) divu    a5, t2, a0
core   0: 0 0x80007c3e (0x02a3d7b3) x15 0xffffffff
core   0: 0x80007c42 (0x0ff0000f) fence   iorw,iorw
core   0: 0 0x80007c42 (0x0ff0000f)
core   0: 0x80007c46 (0x0000869e) c.mv    a3, t2
core   0: 0 0x80007c46 (0x869e) x13 0x000003c4
core   0: 0x80007c48 (0x0106c7b3) xor     a5, a3, a6
core   0: 0 0x80007c48 (0x0106c7b3) x15 0x958003c4
core   0: 0x80007c4c (0x000085b6) c.mv    a1, a3
core   0: 0 0x80007c4c (0x85b6) x11 0x000003c4
core   0: 0x80007c4e (0x03a53a33) mulhu   s4, a0, s10
core   0: 0 0x80007c4e (0x03a53a33) x20 0x00000000
core   0: 0x80007c52 (0x034ec2b3) div     t0, t4, s4
core   0: 0 0x80007c52 (0x034ec2b3) x5  0xffffffff
core   0: 0x80007c56 (0x00468733) add     a4, a3, tp
core   0: 0 0x80007c56 (0x00468733) x14 0x000003c4
core   0: 0x80007c5a (0x0000c7a9) c.beqz  a5, pc + 74
core   0: 0 0x80007c5a (0xc7a9)
core   0: 0x80007c5c (0x1f843693) sltiu   a3, s0, 504
core   0: 0 0x80007c5c (0x1f843693) x13 0x00000000
core   0: 0x80007c60 (0x01ef82b3) add     t0, t6, t5
core   0: 0 0x80007c60 (0x01ef82b3) x5  0x80025ee4
core   0: 0x80007c64 (0x0178ba33) sltu    s4, a7, s7
core   0: 0 0x80007c64 (0x0178ba33) x20 0x00000000
core   0: 0x80007c68 (0x0047ac33) slt     s8, a5, tp
core   0: 0 0x80007c68 (0x0047ac33) x24 0x00000001
core   0: 0x80007c6c (0x02d772b3) remu    t0, a4, a3
core   0: 0 0x80007c6c (0x02d772b3) x5  0x000003c4
core   0: 0x80007c70 (0x01fd7b33) and     s6, s10, t6
core   0: 0 0x80007c70 (0x01fd7b33) x22 0x00000000
core   0: 0x80007c74 (0x0329d063) bge     s3, s2, pc + 32
core   0: 0 0x80007c74 (0x0329d063)
core   0: 0x80007c78 (0x414159b3) sra     s3, sp, s4
core   0: 0 0x80007c78 (0x414159b3) x19 0x00000000
core   0: 0x80007c7c (0x000087c6) c.mv    a5, a7
core   0: 0 0x80007c7c (0x87c6) x15 0xbd700000
core   0: 0x80007c7e (0x018799b3) sll     s3, a5, s8
core   0: 0 0x80007c7e (0x018799b3) x19 0x7ae00000
core   0: 0x80007c82 (0x01ebca33) xor     s4, s7, t5
core   0: 0 0x80007c82 (0x01ebca33) x20 0x0000431a
core   0: 0x80007c86 (0x5fe02c13) slti    s8, zero, 1534
core   0: 0 0x80007c86 (0x5fe02c13) x24 0x00000001
core   0: 0x80007c8a (0x0054b833) sltu    a6, s1, t0
core   0: 0 0x80007c8a (0x0054b833) x16 0x00000001
core   0: 0x80007c8e (0x40b300b3) sub     ra, t1, a1
core   0: 0 0x80007c8e (0x40b300b3) x1  0x80021604
core   0: 0x80007c92 (0x00008749) c.srai  a4, 18
core   0: 0 0x80007c92 (0x8749) x14 0x00000000
core   0: 0x80007c94 (0x038a7363) bgeu    s4, s8, pc + 38
core   0: 0 0x80007c94 (0x038a7363)
core   0: 0x80007cba (0x02544137) lui     sp, 0x2544
core   0: 0 0x80007cba (0x02544137) x2  0x02544000
core   0: 0x80007cbe (0x00000001) c.nop
core   0: 0 0x80007cbe (0x0001)
core   0: 0x80007cc0 (0x0000587d) c.li    a6, -1
core   0: 0 0x80007cc0 (0x587d) x16 0xffffffff
core   0: 0x80007cc2 (0x00008f65) c.and   a4, s1
core   0: 0 0x80007cc2 (0x8f65) x14 0x00000000
core   0: 0x80007cc4 (0x41bd86b3) sub     a3, s11, s11
core   0: 0 0x80007cc4 (0x41bd86b3) x13 0x00000000
core   0: 0x80007cc8 (0x04444163) blt     s0, tp, pc + 66
core   0: 0 0x80007cc8 (0x04444163)
core   0: 0x80007d0a (0x0000131c) c.addi4spn a5, sp, 416
core   0: 0 0x80007d0a (0x131c) x15 0x025441a0
core   0: 0x80007d0c (0x00006175) c.addi16sp sp, 368
core   0: 0 0x80007d0c (0x6175) x2  0x02544170
core   0: 0x80007d0e (0x00000a08) c.addi4spn a0, sp, 272
core   0: 0 0x80007d0e (0x0a08) x10 0x02544280
core   0: 0x80007d10 (0x71d08693) addi    a3, ra, 1821
core   0: 0 0x80007d10 (0x71d08693) x13 0x80021d21
core   0: 0x80007d14 (0x16dcc137) lui     sp, 0x16dcc
core   0: 0 0x80007d14 (0x16dcc137) x2  0x16dcc000
core   0: 0x80007d18 (0x00000001) c.nop
core   0: 0 0x80007d18 (0x0001)
core   0: 0x80007d1a (0x01178a33) add     s4, a5, a7
core   0: 0 0x80007d1a (0x01178a33) x20 0xbfc441a0
core   0: 0x80007d1e (0xc862d4b7) lui     s1, 0xc862d
core   0: 0 0x80007d1e (0xc862d4b7) x9  0xc862d000
core   0: 0x80007d22 (0x00008ee5) c.and   a3, s1
core   0: 0 0x80007d22 (0x8ee5) x13 0x80021000
core   0: 0x80007d24 (0x00f01313) slli    t1, zero, 15
core   0: 0 0x80007d24 (0x00f01313) x6  0x00000000
core   0: 0x80007d28 (0x036943b3) div     t2, s2, s6
core   0: 0 0x80007d28 (0x036943b3) x7  0xffffffff
core   0: 0x80007d2c (0x021e37b3) mulhu   a5, t3, ra
core   0: 0 0x80007d2c (0x021e37b3) x15 0x40021a38
core   0: 0x80007d30 (0x00008a7a) c.mv    s4, t5
core   0: 0 0x80007d30 (0x8a7a) x20 0x80025ee4
core   0: 0x80007d32 (0x00005ffd) c.li    t6, -1
core   0: 0 0x80007d32 (0x5ffd) x31 0xffffffff
core   0: 0x80007d34 (0x01c41693) slli    a3, s0, 28
core   0: 0 0x80007d34 (0x01c41693) x13 0x00000000
core   0: 0x80007d38 (0x00006931) c.lui   s2, 0xc
core   0: 0 0x80007d38 (0x6931) x18 0x0000c000
core   0: 0x80007d3a (0xe1c03537) lui     a0, 0xe1c03
core   0: 0 0x80007d3a (0xe1c03537) x10 0xe1c03000
core   0: 0x80007d3e (0x02b7e4b3) rem     s1, a5, a1
core   0: 0 0x80007d3e (0x02b7e4b3) x9  0x000003c0
core   0: 0x80007d42 (0x011263b3) or      t2, tp, a7
core   0: 0 0x80007d42 (0x011263b3) x7  0xbd700000
core   0: 0x80007d46 (0x031f4233) div     tp, t5, a7
core   0: 0 0x80007d46 (0x031f4233) x4  0x00000001
core   0: 0x80007d4a (0x026aa1b3) mulhsu  gp, s5, t1
core   0: 0 0x80007d4a (0x026aa1b3) x3  0x00000000
core   0: 0x80007d4e (0x03e26533) rem     a0, tp, t5
core   0: 0 0x80007d4e (0x03e26533) x10 0x00000001
core   0: 0x80007d52 (0x00008341) c.srli  a4, 16
core   0: 0 0x80007d52 (0x8341) x14 0x00000000
core   0: 0x80007d54 (0x00008f75) c.and   a4, a3
core   0: 0 0x80007d54 (0x8f75) x14 0x00000000
core   0: 0x80007d56 (0x0095c1b3) xor     gp, a1, s1
core   0: 0 0x80007d56 (0x0095c1b3) x3  0x00000004
core   0: 0x80007d5a (0x000089ad) c.andi  a1, 11
core   0: 0 0x80007d5a (0x89ad) x11 0x00000000
core   0: 0x80007d5c (0x0000996e) c.add   s2, s11
core   0: 0 0x80007d5c (0x996e) x18 0x8002de31
core   0: 0x80007d5e (0x00001d84) c.addi4spn s1, sp, 752
core   0: 0 0x80007d5e (0x1d84) x9  0x16dcc2f0
core   0: 0x80007d60 (0x03d34533) div     a0, t1, t4
core   0: 0 0x80007d60 (0x03d34533) x10 0x00000000
core   0: 0x80007d64 (0x02710033) mul     zero, sp, t2
core   0: 0 0x80007d64 (0x02710033)
core   0: 0x80007d68 (0x00000f21) c.addi  t5, 8
core   0: 0 0x80007d68 (0x0f21) x30 0x80025eec
core   0: 0x80007d6a (0x0171ba33) sltu    s4, gp, s7
core   0: 0 0x80007d6a (0x0171ba33) x20 0x00000001
core   0: 0x80007d6e (0x40fa06b3) sub     a3, s4, a5
core   0: 0 0x80007d6e (0x40fa06b3) x13 0xbffde5c9
core   0: 0x80007d72 (0x00009b6a) c.add   s6, s10
core   0: 0 0x80007d72 (0x9b6a) x22 0x80021e31
core   0: 0x80007d74 (0x00008535) c.srai  a0, 13
core   0: 0 0x80007d74 (0x8535) x10 0x00000000
core   0: 0x80007d76 (0x000099fd) c.andi  a1, -1
core   0: 0 0x80007d76 (0x99fd) x11 0x00000000
core   0: 0x80007d78 (0x03a73a33) mulhu   s4, a4, s10
core   0: 0 0x80007d78 (0x03a73a33) x20 0x00000000
core   0: 0x80007d7c (0x011dfd63) bgeu    s11, a7, pc + 26
core   0: 0 0x80007d7c (0x011dfd63)
core   0: 0x80007d80 (0x41c7d2b3) sra     t0, a5, t3
core   0: 0 0x80007d80 (0x41c7d2b3) x5  0x040021a3
core   0: 0x80007d84 (0x00d99d33) sll     s10, s3, a3
core   0: 0 0x80007d84 (0x00d99d33) x26 0xc0000000
core   0: 0x80007d88 (0x0000c2a1) c.beqz  a3, pc + 64
core   0: 0 0x80007d88 (0xc2a1)
core   0: 0x80007d8a (0xcde6f693) andi    a3, a3, -802
core   0: 0 0x80007d8a (0xcde6f693) x13 0xbffde4c8
core   0: 0x80007d8e (0x01cd7333) and     t1, s10, t3
core   0: 0 0x80007d8e (0x01cd7333) x6  0x80000000
core   0: 0x80007d92 (0x00c227b3) slt     a5, tp, a2
core   0: 0 0x80007d92 (0x00c227b3) x15 0x00000000
core   0: 0x80007d96 (0x0040df13) srli    t5, ra, 4
core   0: 0 0x80007d96 (0x0040df13) x30 0x08002160
core   0: 0x80007d9a (0x000081ea) c.mv    gp, s10
core   0: 0 0x80007d9a (0x81ea) x3  0xc0000000
core   0: 0x80007d9c (0x01235c13) srli    s8, t1, 18
core   0: 0 0x80007d9c (0x01235c13) x24 0x00002000
core   0: 0x80007da0 (0x4028d893) srai    a7, a7, 2
core   0: 0 0x80007da0 (0x4028d893) x17 0xef5c0000
core   0: 0x80007da4 (0x002f9933) sll     s2, t6, sp
core   0: 0 0x80007da4 (0x002f9933) x18 0xffffffff
core   0: 0x80007da8 (0x03aa10b3) mulh    ra, s4, s10
core   0: 0 0x80007da8 (0x03aa10b3) x1  0x00000000
core   0: 0x80007dac (0x031acbb3) div     s7, s5, a7
core   0: 0 0x80007dac (0x031acbb3) x23 0x00000000
core   0: 0x80007db0 (0x032618b3) mulh    a7, a2, s2
core   0: 0 0x80007db0 (0x032618b3) x17 0x00000000
core   0: 0x80007db4 (0x0ff0000f) fence   iorw,iorw
core   0: 0 0x80007db4 (0x0ff0000f)
core   0: 0x80007db8 (0x00008b36) c.mv    s6, a3
core   0: 0 0x80007db8 (0x8b36) x22 0xbffde4c8
core   0: 0x80007dba (0x01ccfb33) and     s6, s9, t3
core   0: 0 0x80007dba (0x01ccfb33) x22 0x00000000
core   0: 0x80007dbe (0x0011bc33) sltu    s8, gp, ra
core   0: 0 0x80007dbe (0x0011bc33) x24 0x00000000
core   0: 0x80007dc2 (0x4c9fa393) slti    t2, t6, 1225
core   0: 0 0x80007dc2 (0x4c9fa393) x7  0x00000001
core   0: 0x80007dc6 (0x00008f7d) c.and   a4, a5
core   0: 0 0x80007dc6 (0x8f7d) x14 0x00000000
core   0: 0x80007dc8 (0x00008f3d) c.xor   a4, a5
core   0: 0 0x80007dc8 (0x8f3d) x14 0x00000000
core   0: 0x80007dca (0x00000001) c.nop
core   0: 0 0x80007dca (0x0001)
core   0: 0x80007dcc (0x037306b3) mul     a3, t1, s7
core   0: 0 0x80007dcc (0x037306b3) x13 0x00000000
core   0: 0x80007dd0 (0x00008cf1) c.and   s1, a2
core   0: 0 0x80007dd0 (0x8cf1) x9  0x000040e0
core   0: 0x80007dd2 (0x00008d59) c.or    a0, a4
core   0: 0 0x80007dd2 (0x8d59) x10 0x00000000
core   0: 0x80007dd4 (0x010dd833) srl     a6, s11, a6
core   0: 0 0x80007dd4 (0x010dd833) x16 0x00000001
core   0: 0x80007dd8 (0x013f9a93) slli    s5, t6, 19
core   0: 0 0x80007dd8 (0x013f9a93) x21 0xfff80000
core   0: 0x80007ddc (0x41830f33) sub     t5, t1, s8
core   0: 0 0x80007ddc (0x41830f33) x30 0x80000000
core   0: 0x80007de0 (0x0000eb95) c.bnez  a5, pc + 52
core   0: 0 0x80007de0 (0xeb95)
core   0: 0x80007de2 (0x00ec9463) bne     s9, a4, pc + 8
core   0: 0 0x80007de2 (0x00ec9463)
core   0: 0x80007de6 (0xf16c8f93) addi    t6, s9, -234
core   0: 0 0x80007de6 (0xf16c8f93) x31 0xffffff16
core   0: 0x80007dea (0xd3737d93) andi    s11, t1, -713
core   0: 0 0x80007dea (0xd3737d93) x27 0x80000000
core   0: 0x80007dee (0x029c7333) remu    t1, s8, s1
core   0: 0 0x80007dee (0x029c7333) x6  0x00000000
core   0: 0x80007df2 (0x000003b6) c.slli  t2, 13
core   0: 0 0x80007df2 (0x03b6) x7  0x00002000
core   0: 0x80007df4 (0x000080d9) c.srli  s1, 22
core   0: 0 0x80007df4 (0x80d9) x9  0x00000000
core   0: 0x80007df6 (0x002ffc63) bgeu    t6, sp, pc + 24
core   0: 0 0x80007df6 (0x002ffc63)
core   0: 0x80007e0e (0x01a986b3) add     a3, s3, s10
core   0: 0 0x80007e0e (0x01a986b3) x13 0x3ae00000
core   0: 0x80007e12 (0x0000997d) c.andi  a0, -1
core   0: 0 0x80007e12 (0x997d) x10 0x00000000
core   0: 0x80007e14 (0x00008f41) c.or    a4, s0
core   0: 0 0x80007e14 (0x8f41) x14 0x80000000
core   0: 0x80007e16 (0x00008b89) c.andi  a5, 2
core   0: 0 0x80007e16 (0x8b89) x15 0x00000000
core   0: 0x80007e18 (0x0000cd9d) c.beqz  a1, pc + 62
core   0: 0 0x80007e18 (0xcd9d)
core   0: 0x80007e56 (0x00000994) c.addi4spn a3, sp, 208
core   0: 0 0x80007e56 (0x0994) x13 0x16dcc0d0
core   0: 0x80007e58 (0x408cdeb3) sra     t4, s9, s0
core   0: 0 0x80007e58 (0x408cdeb3) x29 0x00000000
core   0: 0x80007e5c (0xa57bfb37) lui     s6, 0xa57bf
core   0: 0 0x80007e5c (0xa57bfb37) x22 0xa57bf000
core   0: 0x80007e60 (0xca8da213) slti    tp, s11, -856
core   0: 0 0x80007e60 (0xca8da213) x4  0x00000001
core   0: 0x80007e64 (0x0000100f) fence.i
core   0: 0 0x80007e64 (0x0000100f)
core   0: 0x80007e68 (0x015a45b3) xor     a1, s4, s5
core   0: 0 0x80007e68 (0x015a45b3) x11 0xfff80000
core   0: 0x80007e6c (0x00000001) c.nop
core   0: 0 0x80007e6c (0x0001)
core   0: 0x80007e6e (0x00004099) c.li    ra, 6
core   0: 0 0x80007e6e (0x4099) x1  0x00000006
core   0: 0x80007e70 (0x00f3c6b3) xor     a3, t2, a5
core   0: 0 0x80007e70 (0x00f3c6b3) x13 0x00002000
core   0: 0x80007e74 (0x00000cc6) c.slli  s9, 17
core   0: 0 0x80007e74 (0x0cc6) x25 0x00000000
core   0: 0x80007e76 (0x407d5c33) sra     s8, s10, t2
core   0: 0 0x80007e76 (0x407d5c33) x24 0xc0000000
core   0: 0x80007e7a (0x00008546) c.mv    a0, a7
core   0: 0 0x80007e7a (0x8546) x10 0x00000000
core   0: 0x80007e7c (0x012e3fb3) sltu    t6, t3, s2
core   0: 0 0x80007e7c (0x012e3fb3) x31 0x00000001
core   0: 0x80007e80 (0x00e323b3) slt     t2, t1, a4
core   0: 0 0x80007e80 (0x00e323b3) x7  0x00000000
core   0: 0x80007e84 (0xbe693a13) sltiu   s4, s2, -1050
core   0: 0 0x80007e84 (0xbe693a13) x20 0x00000000
core   0: 0x80007e88 (0x00000c8e) c.slli  s9, 3
core   0: 0 0x80007e88 (0x0c8e) x25 0x00000000
core   0: 0x80007e8a (0x000097ca) c.add   a5, s2
core   0: 0 0x80007e8a (0x97ca) x15 0xffffffff
core   0: 0x80007e8c (0x0204c833) div     a6, s1, zero
core   0: 0 0x80007e8c (0x0204c833) x16 0xffffffff
core   0: 0x80007e90 (0x005f7663) bgeu    t5, t0, pc + 12
core   0: 0 0x80007e90 (0x005f7663)
core   0: 0x80007e9c (0x0000100f) fence.i
core   0: 0 0x80007e9c (0x0000100f)
core   0: 0x80007ea0 (0x0000ed15) c.bnez  a0, pc + 60
core   0: 0 0x80007ea0 (0xed15)
core   0: 0x80007ea2 (0x02ff6133) rem     sp, t5, a5
core   0: 0 0x80007ea2 (0x02ff6133) x2  0x00000000
core   0: 0x80007ea6 (0x00008a22) c.mv    s4, s0
core   0: 0 0x80007ea6 (0x8a22) x20 0x80000000
core   0: 0x80007ea8 (0x0ff0000f) fence   iorw,iorw
core   0: 0 0x80007ea8 (0x0ff0000f)
core   0: 0x80007eac (0xa2823113) sltiu   sp, tp, -1496
core   0: 0 0x80007eac (0xa2823113) x2  0x00000001
core   0: 0x80007eb0 (0x0000717d) c.addi16sp sp, -16
core   0: 0 0x80007eb0 (0x717d) x2  0xfffffff1
core   0: 0x80007eb2 (0x00bda8b3) slt     a7, s11, a1
core   0: 0 0x80007eb2 (0x00bda8b3) x17 0x00000001
core   0: 0x80007eb6 (0x0ff0000f) fence   iorw,iorw
core   0: 0 0x80007eb6 (0x0ff0000f)
core   0: 0x80007eba (0x00006171) c.addi16sp sp, 336
core   0: 0 0x80007eba (0x6171) x2  0x00000141
core   0: 0x80007ebc (0x00008d31) c.xor   a0, a2
core   0: 0 0x80007ebc (0x8d31) x10 0x80025ce4
core   0: 0x80007ebe (0x00000001) c.nop
core   0: 0 0x80007ebe (0x0001)
core   0: 0x80007ec0 (0x0000c1b9) c.beqz  a1, pc + 70
core   0: 0 0x80007ec0 (0xc1b9)
core   0: 0x80007ec2 (0x0264eb33) rem     s6, s1, t1
core   0: 0 0x80007ec2 (0x0264eb33) x22 0x00000000
core   0: 0x80007ec6 (0x0278fdb3) remu    s11, a7, t2
core   0: 0 0x80007ec6 (0x0278fdb3) x27 0x00000001
core   0: 0x80007eca (0x000098fd) c.andi  s1, -1
core   0: 0 0x80007eca (0x98fd) x9  0x00000000
core   0: 0x80007ecc (0x035a9563) bne     s5, s5, pc + 42
core   0: 0 0x80007ecc (0x035a9563)
core   0: 0x80007ed0 (0xfba2f2b7) lui     t0, 0xfba2f
core   0: 0 0x80007ed0 (0xfba2f2b7) x5  0xfba2f000
core   0: 0x80007ed4 (0x00000a9a) c.slli  s5, 6
core   0: 0 0x80007ed4 (0x0a9a) x21 0xfe000000
core   0: 0x80007ed6 (0x0000997d) c.andi  a0, -1
core   0: 0 0x80007ed6 (0x997d) x10 0x80025ce4
core   0: 0x80007ed8 (0x02f9d963) bge     s3, a5, pc + 50
core   0: 0 0x80007ed8 (0x02f9d963)
core   0: 0x80007f0a (0x00008efd) c.and   a3, a5
core   0: 0 0x80007f0a (0x8efd) x13 0x00002000
core   0: 0x80007f0c (0x03a88063) beq     a7, s10, pc + 32
core   0: 0 0x80007f0c (0x03a88063)
core   0: 0x80007f10 (0x0000e79d) c.bnez  a5, pc + 46
core   0: 0 0x80007f10 (0xe79d)
core   0: 0x80007f3e (0x0312f4b3) remu    s1, t0, a7
core   0: 0 0x80007f3e (0x0312f4b3) x9  0x00000000
core   0: 0x80007f42 (0x00001efd) c.addi  t4, -1
core   0: 0 0x80007f42 (0x1efd) x29 0xffffffff
core   0: 0x80007f44 (0x03c438b3) mulhu   a7, s0, t3
core   0: 0 0x80007f44 (0x03c438b3) x17 0x40010f32
core   0: 0x80007f48 (0x00000001) c.nop
core   0: 0 0x80007f48 (0x0001)
core   0: 0x80007f4a (0x000012fd) c.addi  t0, -1
core   0: 0 0x80007f4a (0x12fd) x5  0xfba2efff
core   0: 0x80007f4c (0x020f8bb3) mul     s7, t6, zero
core   0: 0 0x80007f4c (0x020f8bb3) x23 0x00000000
core   0: 0x80007f50 (0x015306b3) add     a3, t1, s5
core   0: 0 0x80007f50 (0x015306b3) x13 0xfe000000
core   0: 0x80007f54 (0x00000a5e) c.slli  s4, 23
core   0: 0 0x80007f54 (0x0a5e) x20 0x00000000
core   0: 0x80007f56 (0x012c4733) xor     a4, s8, s2
core   0: 0 0x80007f56 (0x012c4733) x14 0x3fffffff
core   0: 0x80007f5a (0x02ffcab3) div     s5, t6, a5
core   0: 0 0x80007f5a (0x02ffcab3) x21 0xffffffff
core   0: 0x80007f5e (0xccf90513) addi    a0, s2, -817
core   0: 0 0x80007f5e (0xccf90513) x10 0xfffffcce
core   0: 0x80007f62 (0x1d202c93) slti    s9, zero, 466
core   0: 0 0x80007f62 (0x1d202c93) x25 0x00000001
core   0: 0x80007f66 (0x00004c71) c.li    s8, 28
core   0: 0 0x80007f66 (0x4c71) x24 0x0000001c
core   0: 0x80007f68 (0x000088ed) c.andi  s1, 27
core   0: 0 0x80007f68 (0x88ed) x9  0x00000000
core   0: 0x80007f6a (0x0393a6b3) mulhsu  a3, t2, s9
core   0: 0 0x80007f6a (0x0393a6b3) x13 0x00000000
core   0: 0x80007f6e (0x00008f49) c.or    a4, a0
core   0: 0 0x80007f6e (0x8f49) x14 0xffffffff
core   0: 0x80007f70 (0x01aa0363) beq     s4, s10, pc + 6
core   0: 0 0x80007f70 (0x01aa0363)
core   0: 0x80007f74 (0x00008109) c.srli  a0, 2
core   0: 0 0x80007f74 (0x8109) x10 0x3fffff33
core   0: 0x80007f76 (0x000009b1) c.addi  s3, 12
core   0: 0 0x80007f76 (0x09b1) x19 0x7ae0000c
core   0: 0x80007f78 (0x000083e9) c.srli  a5, 26
core   0: 0 0x80007f78 (0x83e9) x15 0x0000003f
core   0: 0x80007f7a (0x005ac0b3) xor     ra, s5, t0
core   0: 0 0x80007f7a (0x005ac0b3) x1  0x045d1000
core   0: 0x80007f7e (0xd52b4517) auipc   a0, 0xd52b4
core   0: 0 0x80007f7e (0xd52b4517) x10 0x552bbf7e
core   0: 0x80007f82 (0x01f04eb3) xor     t4, zero, t6
core   0: 0 0x80007f82 (0x01f04eb3) x29 0x00000001
core   0: 0x80007f86 (0x02b93533) mulhu   a0, s2, a1
core   0: 0 0x80007f86 (0x02b93533) x10 0xfff7ffff
core   0: 0x80007f8a (0x029e5063) bge     t3, s1, pc + 32
core   0: 0 0x80007f8a (0x029e5063)
core   0: 0x80007f8e (0x00f663b3) or      t2, a2, a5
core   0: 0 0x80007f8e (0x00f663b3) x7  0x80025cff
core   0: 0x80007f92 (0x9dd98b93) addi    s7, s3, -1571
core   0: 0 0x80007f92 (0x9dd98b93) x23 0x7adff9e9
core   0: 0x80007f96 (0x00008fd5) c.or    a5, a3
core   0: 0 0x80007f96 (0x8fd5) x15 0x0000003f
core   0: 0x80007f98 (0x028f7ab3) remu    s5, t5, s0
core   0: 0 0x80007f98 (0x028f7ab3) x21 0x00000000
core   0: 0x80007f9c (0x03b8e463) bltu    a7, s11, pc + 40
core   0: 0 0x80007f9c (0x03b8e463)
core   0: 0x80007fa0 (0x00000df6) c.slli  s11, 29
core   0: 0 0x80007fa0 (0x0df6) x27 0x20000000
core   0: 0x80007fa2 (0x00566ab3) or      s5, a2, t0
core   0: 0 0x80007fa2 (0x00566ab3) x21 0xfba2ffff
core   0: 0x80007fa6 (0x01d7b033) sltu    zero, a5, t4
core   0: 0 0x80007fa6 (0x01d7b033)
core   0: 0x80007faa (0x01557eb3) and     t4, a0, s5
core   0: 0 0x80007faa (0x01557eb3) x29 0xfba2ffff
core   0: 0x80007fae (0x40ecd313) srai    t1, s9, 14
core   0: 0 0x80007fae (0x40ecd313) x6  0x00000000
core   0: 0x80007fb2 (0x038dd363) bge     s11, s8, pc + 38
core   0: 0 0x80007fb2 (0x038dd363)
core   0: 0x80007fd8 (0x01d8d9b3) srl     s3, a7, t4
core   0: 0 0x80007fd8 (0x01d8d9b3) x19 0x00000000
core   0: 0x80007fdc (0x000086b1) c.srai  a3, 12
core   0: 0 0x80007fdc (0x86b1) x13 0x00000000
core   0: 0x80007fde (0x40055c33) sra     s8, a0, zero
core   0: 0 0x80007fde (0x40055c33) x24 0xfff7ffff
core   0: 0x80007fe2 (0x0194acb3) slt     s9, s1, s9
core   0: 0 0x80007fe2 (0x0194acb3) x25 0x00000001
core   0: 0x80007fe6 (0x00c09f33) sll     t5, ra, a2
core   0: 0 0x80007fe6 (0x00c09f33) x30 0x45d10000
core   0: 0x80007fea (0xd3433993) sltiu   s3, t1, -716
core   0: 0 0x80007fea (0xd3433993) x19 0x00000001
core   0: 0x80007fee (0x01a4f263) bgeu    s1, s10, pc + 4
core   0: 0 0x80007fee (0x01a4f263)
core   0: 0x80007ff2 (0x006d1493) slli    s1, s10, 6
core   0: 0 0x80007ff2 (0x006d1493) x9  0x00000000
core   0: 0x80007ff6 (0x000005f1) c.addi  a1, 28
core   0: 0 0x80007ff6 (0x05f1) x11 0xfff8001c
core   0: 0x80007ff8 (0x023143b3) div     t2, sp, gp
core   0: 0 0x80007ff8 (0x023143b3) x7  0x00000000
core   0: 0x80007ffc (0x409f8c33) sub     s8, t6, s1
core   0: 0 0x80007ffc (0x409f8c33) x24 0x00000001
core   0: 0x80008000 (0xd197f1b7) lui     gp, 0xd197f
core   0: 0 0x80008000 (0xd197f1b7) x3  0xd197f000
core   0: 0x80008004 (0x407b89b3) sub     s3, s7, t2
core   0: 0 0x80008004 (0x407b89b3) x19 0x7adff9e9
core   0: 0x80008008 (0x039c1363) bne     s8, s9, pc + 38
core   0: 0 0x80008008 (0x039c1363)
core   0: 0x8000800c (0x00008f55) c.or    a4, a3
core   0: 0 0x8000800c (0x8f55) x14 0xffffffff
core   0: 0x8000800e (0x00009afd) c.andi  a3, -1
core   0: 0 0x8000800e (0x9afd) x13 0x00000000
core   0: 0x80008010 (0xbf3021b7) lui     gp, 0xbf302
core   0: 0 0x80008010 (0xbf3021b7) x3  0xbf302000
core   0: 0x80008014 (0x03011533) mulh    a0, sp, a6
core   0: 0 0x80008014 (0x03011533) x10 0xffffffff
core   0: 0x80008018 (0x0202a933) mulhsu  s2, t0, zero
core   0: 0 0x80008018 (0x0202a933) x18 0x00000000
core   0: 0x8000801c (0x01e2cf33) xor     t5, t0, t5
core   0: 0 0x8000801c (0x01e2cf33) x30 0xbe73efff
core   0: 0x80008020 (0x03c12133) mulhsu  sp, sp, t3
core   0: 0 0x80008020 (0x03c12133) x2  0x000000a0
core   0: 0x80008024 (0x03e13ab3) mulhu   s5, sp, t5
core   0: 0 0x80008024 (0x03e13ab3) x21 0x00000077
core   0: 0x80008028 (0x033f7cb3) remu    s9, t5, s3
core   0: 0 0x80008028 (0x033f7cb3) x25 0x4393f616
core   0: 0x8000802c (0x00008f79) c.and   a4, a4
core   0: 0 0x8000802c (0x8f79) x14 0xffffffff
core   0: 0x8000802e (0x00006739) c.lui   a4, 0xe
core   0: 0 0x8000802e (0x6739) x14 0x0000e000
core   0: 0x80008030 (0x0ff0000f) fence   iorw,iorw
core   0: 0 0x80008030 (0x0ff0000f)
core   0: 0x80008034 (0x000081a5) c.srli  a1, 9
core   0: 0 0x80008034 (0x81a5) x11 0x007ffc00
core   0: 0x80008036 (0x00008d99) c.sub   a1, a4
core   0: 0 0x80008036 (0x8d99) x11 0x007f1c00
core   0: 0x80008038 (0x020acdb3) div     s11, s5, zero
core   0: 0 0x80008038 (0x020acdb3) x27 0xffffffff
core   0: 0x8000803c (0x0000c999) c.beqz  a1, pc + 22
core   0: 0 0x8000803c (0xc999)
core   0: 0x8000803e (0xaf3afb13) andi    s6, s5, -1293
core   0: 0 0x8000803e (0xaf3afb13) x22 0x00000073
core   0: 0x80008042 (0x032e5ab3) divu    s5, t3, s2
core   0: 0 0x80008042 (0x032e5ab3) x21 0xffffffff
core   0: 0x80008046 (0x0000811d) c.srli  a0, 7
core   0: 0 0x80008046 (0x811d) x10 0x01ffffff
core   0: 0x80008048 (0x03455133) divu    sp, a0, s4
core   0: 0 0x80008048 (0x03455133) x2  0xffffffff
core   0: 0x8000804c (0x448b3513) sltiu   a0, s6, 1096
core   0: 0 0x8000804c (0x448b3513) x10 0x00000001
core   0: 0x80008050 (0x00008f61) c.and   a4, s0
core   0: 0 0x80008050 (0x8f61) x14 0x00000000
core   0: 0x80008052 (0xe3b18513) addi    a0, gp, -453
core   0: 0 0x80008052 (0xe3b18513) x10 0xbf301e3b
core   0: 0x80008056 (0x0ff0000f) fence   iorw,iorw
core   0: 0 0x80008056 (0x0ff0000f)
core   0: 0x8000805a (0x00008f3d) c.xor   a4, a5
core   0: 0 0x8000805a (0x8f3d) x14 0x0000003f
core   0: 0x8000805c (0x02490363) beq     s2, tp, pc + 38
core   0: 0 0x8000805c (0x02490363)
core   0: 0x80008060 (0x0000954e) c.add   a0, s3
core   0: 0 0x80008060 (0x954e) x10 0x3a101824
core   0: 0x80008062 (0x000085f1) c.srai  a1, 28
core   0: 0 0x80008062 (0x85f1) x11 0x00000000
core   0: 0x80008064 (0x03d1e8b3) rem     a7, gp, t4
core   0: 0 0x80008064 (0x03d1e8b3) x17 0xfc46200e
core   0: 0x80008068 (0xd3b4a913) slti    s2, s1, -709
core   0: 0 0x80008068 (0xd3b4a913) x18 0x00000000
core   0: 0x8000806c (0x00008549) c.srai  a0, 18
core   0: 0 0x8000806c (0x8549) x10 0x00000e84
core   0: 0x8000806e (0x0000612d) c.addi16sp sp, 224
core   0: 0 0x8000806e (0x612d) x2  0x000000df
core   0: 0x80008070 (0x00008ed5) c.or    a3, a3
core   0: 0 0x80008070 (0x8ed5) x13 0x00000000
core   0: 0x80008072 (0x404459b3) sra     s3, s0, tp
core   0: 0 0x80008072 (0x404459b3) x19 0xc0000000
core   0: 0x80008076 (0x00db1f33) sll     t5, s6, a3
core   0: 0 0x80008076 (0x00db1f33) x30 0x00000073
core   0: 0x8000807a (0x0203bd33) mulhu   s10, t2, zero
core   0: 0 0x8000807a (0x0203bd33) x26 0x00000000
core   0: 0x8000807e (0x025f2db3) mulhsu  s11, t5, t0
core   0: 0 0x8000807e (0x025f2db3) x27 0x00000071
core   0: 0x80008082 (0x017c79b3) and     s3, s8, s7
core   0: 0 0x80008082 (0x017c79b3) x19 0x00000001
core   0: 0x80008086 (0x4471e117) auipc   sp, 0x4471e
core   0: 0 0x80008086 (0x4471e117) x2  0xc4726086
core   0: 0x8000808a (0x00008521) c.srai  a0, 8
core   0: 0 0x8000808a (0x8521) x10 0x0000000e
core   0: 0x8000808c (0x0061d1b3) srl     gp, gp, t1
core   0: 0 0x8000808c (0x0061d1b3) x3  0xbf302000
core   0: 0x80008090 (0x03f77a33) remu    s4, a4, t6
core   0: 0 0x80008090 (0x03f77a33) x20 0x00000000
core   0: 0x80008094 (0x0000854d) c.srai  a0, 19
core   0: 0 0x80008094 (0x854d) x10 0x00000000
core   0: 0x80008096 (0x41d5d913) srai    s2, a1, 29
core   0: 0 0x80008096 (0x41d5d913) x18 0x00000000
core   0: 0x8000809a (0x01abd0b3) srl     ra, s7, s10
core   0: 0 0x8000809a (0x01abd0b3) x1  0x7adff9e9
core   0: 0x8000809e (0x03aacd33) div     s10, s5, s10
core   0: 0 0x8000809e (0x03aacd33) x26 0xffffffff
core   0: 0x800080a2 (0x0000100f) fence.i
core   0: 0 0x800080a2 (0x0000100f)
core   0: 0x800080a6 (0x00008cc9) c.or    s1, a0
core   0: 0 0x800080a6 (0x8cc9) x9  0x00000000
core   0: 0x800080a8 (0xd8cffa13) andi    s4, t6, -628
core   0: 0 0x800080a8 (0xd8cffa13) x20 0x00000000
core   0: 0x800080ac (0x00000001) c.nop
core   0: 0 0x800080ac (0x0001)
core   0: 0x800080ae (0x00000529) c.addi  a0, 10
core   0: 0 0x800080ae (0x0529) x10 0x0000000a
core   0: 0x800080b0 (0x03a2e663) bltu    t0, s10, pc + 44
core   0: 0 0x800080b0 (0x03a2e663)
core   0: 0x800080dc (0x00115f13) srli    t5, sp, 1
core   0: 0 0x800080dc (0x00115f13) x30 0x62393043
core   0: 0x800080e0 (0x000fd963) bgez    t6, pc + 18
core   0: 0 0x800080e0 (0x000fd963)
core   0: 0x800080f2 (0x8fb30093) addi    ra, t1, -1797
core   0: 0 0x800080f2 (0x8fb30093) x1  0xfffff8fb
core   0: 0x800080f6 (0x41278c33) sub     s8, a5, s2
core   0: 0 0x800080f6 (0x41278c33) x24 0x0000003f
core   0: 0x800080fa (0x00001d0c) c.addi4spn a1, sp, 688
core   0: 0 0x800080fa (0x1d0c) x11 0xc4726336
core   0: 0x800080fc (0x00008d21) c.xor   a0, s0
core   0: 0 0x800080fc (0x8d21) x10 0x8000000a
core   0: 0x800080fe (0x0000090a) c.slli  s2, 2
core   0: 0 0x800080fe (0x090a) x18 0x00000000
core   0: 0x80008100 (0x41030033) sub     zero, t1, a6
core   0: 0 0x80008100 (0x41030033)
core   0: 0x80008104 (0x01d8e563) bltu    a7, t4, pc + 10
core   0: 0 0x80008104 (0x01d8e563)
core   0: 0x80008108 (0x00000001) c.nop
core   0: 0 0x80008108 (0x0001)
core   0: 0x8000810a (0x02ea1533) mulh    a0, s4, a4
core   0: 0 0x8000810a (0x02ea1533) x10 0x00000000
core   0: 0x8000810e (0x41700333) sub     t1, zero, s7
core   0: 0 0x8000810e (0x41700333) x6  0x85200617
core   0: 0x80008112 (0x03f7e7b3) rem     a5, a5, t6
core   0: 0 0x80008112 (0x03f7e7b3) x15 0x00000000
core   0: 0x80008116 (0xe927e297) auipc   t0, 0xe927e
core   0: 0 0x80008116 (0xe927e297) x5  0x69286116
core   0: 0x8000811a (0x01ff7bb3) and     s7, t5, t6
core   0: 0 0x8000811a (0x01ff7bb3) x23 0x00000001
core   0: 0x8000811e (0x00000751) c.addi  a4, 20
core   0: 0 0x8000811e (0x0751) x14 0x00000053
core   0: 0x80008120 (0x4078d513) srai    a0, a7, 7
core   0: 0 0x80008120 (0x4078d513) x10 0xfff88c40
core   0: 0x80008124 (0x03cdcfb3) div     t6, s11, t3
core   0: 0 0x80008124 (0x03cdcfb3) x31 0x00000000
core   0: 0x80008128 (0x000084d1) c.srai  s1, 20
core   0: 0 0x80008128 (0x84d1) x9  0x00000000
core   0: 0x8000812a (0x039284b3) mul     s1, t0, s9
core   0: 0 0x8000812a (0x039284b3) x9  0x58657be4
core   0: 0x8000812e (0x028836b3) mulhu   a3, a6, s0
core   0: 0 0x8000812e (0x028836b3) x13 0x7fffffff
core   0: 0x80008132 (0x005b6cb3) or      s9, s6, t0
core   0: 0 0x80008132 (0x005b6cb3) x25 0x69286177
core   0: 0x80008136 (0x00ca0933) add     s2, s4, a2
core   0: 0 0x80008136 (0x00ca0933) x18 0x80025ce4
core   0: 0x8000813a (0x00008cfd) c.and   s1, a5
core   0: 0 0x8000813a (0x8cfd) x9  0x00000000
core   0: 0x8000813c (0x9498cd93) xori    s11, a7, -1719
core   0: 0 0x8000813c (0x9498cd93) x27 0x03b9d947
core   0: 0x80008140 (0xc17ec013) xori    zero, t4, -1001
core   0: 0 0x80008140 (0xc17ec013)
core   0: 0x80008144 (0x01faff93) andi    t6, s5, 31
core   0: 0 0x80008144 (0x01faff93) x31 0x0000001f
core   0: 0x80008148 (0x032cfc33) remu    s8, s9, s2
core   0: 0 0x80008148 (0x032cfc33) x24 0x69286177
core   0: 0x8000814c (0x00008fa1) c.xor   a5, s0
core   0: 0 0x8000814c (0x8fa1) x15 0x80000000
core   0: 0x8000814e (0x869a2693) slti    a3, s4, -1943
core   0: 0 0x8000814e (0x869a2693) x13 0x00000000
core   0: 0x80008152 (0x00f68033) add     zero, a3, a5
core   0: 0 0x80008152 (0x00f68033)
core   0: 0x80008156 (0x02378133) mul     sp, a5, gp
core   0: 0 0x80008156 (0x02378133) x2  0x00000000
core   0: 0x8000815a (0x012927b3) slt     a5, s2, s2
core   0: 0 0x8000815a (0x012927b3) x15 0x00000000
core   0: 0x8000815e (0x01eb6a63) bltu    s6, t5, pc + 20
core   0: 0 0x8000815e (0x01eb6a63)
core   0: 0x80008172 (0x01675c13) srli    s8, a4, 22
core   0: 0 0x80008172 (0x01675c13) x24 0x00000000
core   0: 0x80008176 (0x00001efd) c.addi  t4, -1
core   0: 0 0x80008176 (0x1efd) x29 0xfba2fffe
core   0: 0x80008178 (0x0228e1b3) rem     gp, a7, sp
core   0: 0 0x80008178 (0x0228e1b3) x3  0xfc46200e
core   0: 0x8000817c (0x00750d63) beq     a0, t2, pc + 26
core   0: 0 0x8000817c (0x00750d63)
core   0: 0x80008180 (0x017cecb3) or      s9, s9, s7
core   0: 0 0x80008180 (0x017cecb3) x25 0x69286177
core   0: 0x80008184 (0x00008121) c.srli  a0, 8
core   0: 0 0x80008184 (0x8121) x10 0x00fff88c
core   0: 0x80008186 (0x0000c30d) c.beqz  a4, pc + 34
core   0: 0 0x80008186 (0xc30d)
core   0: 0x80008188 (0x0000ed8d) c.bnez  a1, pc + 58
core   0: 0 0x80008188 (0xed8d)
core   0: 0x800081c2 (0x0004dc63) bgez    s1, pc + 24
core   0: 0 0x800081c2 (0x0004dc63)
core   0: 0x800081da (0x0000c721) c.beqz  a4, pc + 72
core   0: 0 0x800081da (0xc721)
core   0: 0x800081dc (0x00001afd) c.addi  s5, -1
core   0: 0 0x800081dc (0x1afd) x21 0xfffffffe
core   0: 0x800081de (0x03fb03b3) mul     t2, s6, t6
core   0: 0 0x800081de (0x03fb03b3) x7  0x00000ded
core   0: 0x800081e2 (0x02585ab3) divu    s5, a6, t0
core   0: 0 0x800081e2 (0x02585ab3) x21 0x00000002
core   0: 0x800081e6 (0x00000001) c.nop
core   0: 0 0x800081e6 (0x0001)
core   0: 0x800081e8 (0x40fb55b3) sra     a1, s6, a5
core   0: 0 0x800081e8 (0x40fb55b3) x11 0x00000073
core   0: 0x800081ec (0x01c7aa33) slt     s4, a5, t3
core   0: 0 0x800081ec (0x01c7aa33) x20 0x00000000
core   0: 0x800081f0 (0x4085d533) sra     a0, a1, s0
core   0: 0 0x800081f0 (0x4085d533) x10 0x00000073
core   0: 0x800081f4 (0xad2a0c93) addi    s9, s4, -1326
core   0: 0 0x800081f4 (0xad2a0c93) x25 0xfffffad2
core   0: 0x800081f8 (0xbd45bf93) sltiu   t6, a1, -1068
core   0: 0 0x800081f8 (0xbd45bf93) x31 0x00000001
core   0: 0x800081fc (0x407b85b3) sub     a1, s7, t2
core   0: 0 0x800081fc (0x407b85b3) x11 0xfffff214
core   0: 0x80008200 (0x03d7d4b3) divu    s1, a5, t4
core   0: 0 0x80008200 (0x03d7d4b3) x9  0x00000000
core   0: 0x80008204 (0x02a083b3) mul     t2, ra, a0
core   0: 0 0x80008204 (0x02a083b3) x7  0xfffcd8c1
core   0: 0x80008208 (0x02749563) bne     s1, t2, pc + 42
core   0: 0 0x80008208 (0x02749563)
core   0: 0x80008232 (0xf090de97) auipc   t4, 0xf090d
core   0: 0 0x80008232 (0xf090de97) x29 0x70915232
core   0: 0x80008236 (0x0000818d) c.srli  a1, 3
core   0: 0 0x80008236 (0x818d) x11 0x1ffffe42
core   0: 0x80008238 (0x03ac7f33) remu    t5, s8, s10
core   0: 0 0x80008238 (0x03ac7f33) x30 0x00000000
core   0: 0x8000823c (0x00008d45) c.or    a0, s1
core   0: 0 0x8000823c (0x8d45) x10 0x00000073
core   0: 0x8000823e (0x408204b3) sub     s1, tp, s0
core   0: 0 0x8000823e (0x408204b3) x9  0x80000001
core   0: 0x80008242 (0x33e22a93) slti    s5, tp, 830
core   0: 0 0x80008242 (0x33e22a93) x21 0x00000001
core   0: 0x80008246 (0x01cc7f33) and     t5, s8, t3
core   0: 0 0x80008246 (0x01cc7f33) x30 0x00000000
core   0: 0x8000824a (0x4a2ce293) ori     t0, s9, 1186
core   0: 0 0x8000824a (0x4a2ce293) x5  0xfffffef2
core   0: 0x8000824e (0x0000100f) fence.i
core   0: 0 0x8000824e (0x0000100f)
core   0: 0x80008252 (0x00008f91) c.sub   a5, a2
core   0: 0 0x80008252 (0x8f91) x15 0x7ffda31c
core   0: 0x80008254 (0xe001f113) andi    sp, gp, -512
core   0: 0 0x80008254 (0xe001f113) x2  0xfc462000
core   0: 0x80008258 (0x00000001) c.nop
core   0: 0 0x80008258 (0x0001)
core   0: 0x8000825a (0x00008d09) c.sub   a0, a0
core   0: 0 0x8000825a (0x8d09) x10 0x00000000
core   0: 0x8000825c (0x000081ed) c.srli  a1, 27
core   0: 0 0x8000825c (0x81ed) x11 0x00000003
core   0: 0x8000825e (0x037724b3) mulhsu  s1, a4, s7
core   0: 0 0x8000825e (0x037724b3) x9  0x00000000
core   0: 0x80008262 (0x02c07db3) remu    s11, zero, a2
core   0: 0 0x80008262 (0x02c07db3) x27 0x00000000
core   0: 0x80008266 (0x01c81d33) sll     s10, a6, t3
core   0: 0 0x80008266 (0x01c81d33) x26 0xfffffff0
core   0: 0x8000826a (0x092db517) auipc   a0, 0x92db
core   0: 0 0x8000826a (0x092db517) x10 0x892e326a
core   0: 0x8000826e (0x00001793) slli    a5, zero, 0
core   0: 0 0x8000826e (0x00001793) x15 0x00000000
core   0: 0x80008272 (0x03a3bcb3) mulhu   s9, t2, s10
core   0: 0 0x80008272 (0x03a3bcb3) x25 0xfffcd8b1
core   0: 0x80008276 (0x000093b6) c.add   t2, a3
core   0: 0 0x80008276 (0x93b6) x7  0xfffcd8c1
core   0: 0x80008278 (0x00008e9d) c.sub   a3, a5
core   0: 0 0x80008278 (0x8e9d) x13 0x00000000
core   0: 0x8000827a (0x02161263) bne     a2, ra, pc + 36
core   0: 0 0x8000827a (0x02161263)
core   0: 0x8000829e (0x00000001) c.nop
core   0: 0 0x8000829e (0x0001)
core   0: 0x800082a0 (0x00000001) c.nop
core   0: 0 0x800082a0 (0x0001)
core   0: 0x800082a2 (0x00001f7d) c.addi  t5, -1
core   0: 0 0x800082a2 (0x1f7d) x30 0xffffffff
core   0: 0x800082a4 (0x00241033) sll     zero, s0, sp
core   0: 0 0x800082a4 (0x00241033)
core   0: 0x800082a8 (0x00e4ddb3) srl     s11, s1, a4
core   0: 0 0x800082a8 (0x00e4ddb3) x27 0x00000000
core   0: 0x800082ac (0x00fd1a13) slli    s4, s10, 15
core   0: 0 0x800082ac (0x00fd1a13) x20 0xfff80000
core   0: 0x800082b0 (0x0067bdb3) sltu    s11, a5, t1
core   0: 0 0x800082b0 (0x0067bdb3) x27 0x00000001
core   0: 0x800082b4 (0x00c4efb3) or      t6, s1, a2
core   0: 0 0x800082b4 (0x00c4efb3) x31 0x80025ce4
core   0: 0x800082b8 (0xd5c4f493) andi    s1, s1, -676
core   0: 0 0x800082b8 (0xd5c4f493) x9  0x00000000
core   0: 0x800082bc (0x00000001) c.nop
core   0: 0 0x800082bc (0x0001)
core   0: 0x800082be (0x0000c391) c.beqz  a5, pc + 4
core   0: 0 0x800082be (0xc391)
core   0: 0x800082c2 (0x046a8263) beq     s5, t1, pc + 68
core   0: 0 0x800082c2 (0x046a8263)
core   0: 0x800082c6 (0x0000075d) c.addi  a4, 23
core   0: 0 0x800082c6 (0x075d) x14 0x0000006a
core   0: 0x800082c8 (0x01d1c463) blt     gp, t4, pc + 8
core   0: 0 0x800082c8 (0x01d1c463)
core   0: 0x800082d0 (0x0000e715) c.bnez  a4, pc + 44
core   0: 0 0x800082d0 (0xe715)
core   0: 0x800082fc (0x01bb97b3) sll     a5, s7, s11
core   0: 0 0x800082fc (0x01bb97b3) x15 0x00000002
core   0: 0x80008300 (0x00008ef5) c.and   a3, a3
core   0: 0 0x80008300 (0x8ef5) x13 0x00000000
core   0: 0x80008302 (0x022fb2b3) mulhu   t0, t6, sp
core   0: 0 0x80008302 (0x022fb2b3) x5  0x7e256416
core   0: 0x80008306 (0x00009f32) c.add   t5, a2
core   0: 0 0x80008306 (0x9f32) x30 0x80025ce3
core   0: 0x80008308 (0x00008159) c.srli  a0, 22
core   0: 0 0x80008308 (0x8159) x10 0x00000224
core   0: 0x8000830a (0x0ff0000f) fence   iorw,iorw
core   0: 0 0x8000830a (0x0ff0000f)
core   0: 0x8000830e (0x00000001) c.nop
core   0: 0 0x8000830e (0x0001)
core   0: 0x80008310 (0x00000001) c.nop
core   0: 0 0x80008310 (0x0001)
core   0: 0x80008312 (0x00008d29) c.xor   a0, a0
core   0: 0 0x80008312 (0x8d29) x10 0x00000000
core   0: 0x80008314 (0x07c58e93) addi    t4, a1, 124
core   0: 0 0x80008314 (0x07c58e93) x29 0x0000007f
core   0: 0x80008318 (0x017628b3) slt     a7, a2, s7
core   0: 0 0x80008318 (0x017628b3) x17 0x00000001
core   0: 0x8000831c (0x40920833) sub     a6, tp, s1
core   0: 0 0x8000831c (0x40920833) x16 0x00000001
core   0: 0x80008320 (0x021cf263) bgeu    s9, ra, pc + 36
core   0: 0 0x80008320 (0x021cf263)
core   0: 0x80008324 (0x1f9d6713) ori     a4, s10, 505
core   0: 0 0x80008324 (0x1f9d6713) x14 0xfffffff9
core   0: 0x80008328 (0x00008f59) c.or    a4, a4
core   0: 0 0x80008328 (0x8f59) x14 0xfffffff9
core   0: 0x8000832a (0x000082ba) c.mv    t0, a4
core   0: 0 0x8000832a (0x82ba) x5  0xfffffff9
core   0: 0x8000832c (0x017e5f93) srli    t6, t3, 23
core   0: 0 0x8000832c (0x017e5f93) x31 0x00000100
core   0: 0x80008330 (0x026f1663) bne     t5, t1, pc + 44
core   0: 0 0x80008330 (0x026f1663)
core   0: 0x8000835c (0x00222c33) slt     s8, tp, sp
core   0: 0 0x8000835c (0x00222c33) x24 0x00000000
core   0: 0x80008360 (0x0000cf01) c.beqz  a4, pc + 24
core   0: 0 0x80008360 (0xcf01)
core   0: 0x80008362 (0x000084e1) c.srai  s1, 24
core   0: 0 0x80008362 (0x84e1) x9  0x00000000
core   0: 0x80008364 (0x02eecd63) blt     t4, a4, pc + 58
core   0: 0 0x80008364 (0x02eecd63)
core   0: 0x80008368 (0x0066cf33) xor     t5, a3, t1
core   0: 0 0x80008368 (0x0066cf33) x30 0x85200617
core   0: 0x8000836c (0x0ff0000f) fence   iorw,iorw
core   0: 0 0x8000836c (0x0ff0000f)
core   0: 0x80008370 (0x00737c63) bgeu    t1, t2, pc + 24
core   0: 0 0x80008370 (0x00737c63)
core   0: 0x80008374 (0x410d58b3) sra     a7, s10, a6
core   0: 0 0x80008374 (0x410d58b3) x17 0xfffffff8
core   0: 0x80008378 (0x41cf5493) srai    s1, t5, 28
core   0: 0 0x80008378 (0x41cf5493) x9  0xfffffff8
core   0: 0x8000837c (0x000047a1) c.li    a5, 8
core   0: 0 0x8000837c (0x47a1) x15 0x00000008
core   0: 0x8000837e (0x00009806) c.add   a6, ra
core   0: 0 0x8000837e (0x9806) x16 0xfffff8fc
core   0: 0x80008380 (0x4034d933) sra     s2, s1, gp
core   0: 0 0x80008380 (0x4034d933) x18 0xffffffff
core   0: 0x80008384 (0x00395833) srl     a6, s2, gp
core   0: 0 0x80008384 (0x00395833) x16 0x0003ffff
core   0: 0x80008388 (0x0316f033) remu    zero, a3, a7
core   0: 0 0x80008388 (0x0316f033)
core   0: 0x8000838c (0x00000001) c.nop
core   0: 0 0x8000838c (0x0001)
core   0: 0x8000838e (0x015370b3) and     ra, t1, s5
core   0: 0 0x8000838e (0x015370b3) x1  0x00000001
core   0: 0x80008392 (0x5714fa93) andi    s5, s1, 1393
core   0: 0 0x80008392 (0x5714fa93) x21 0x00000570
core   0: 0x80008396 (0xaa08a137) lui     sp, 0xaa08a
core   0: 0 0x80008396 (0xaa08a137) x2  0xaa08a000
core   0: 0x8000839a (0x019a9713) slli    a4, s5, 25
core   0: 0 0x8000839a (0x019a9713) x14 0xe0000000
core   0: 0x8000839e (0x01251033) sll     zero, a0, s2
core   0: 0 0x8000839e (0x01251033)
core   0: 0x800083a2 (0x00008af9) c.andi  a3, 30
core   0: 0 0x800083a2 (0x8af9) x13 0x00000000
core   0: 0x800083a4 (0x00b16133) or      sp, sp, a1
core   0: 0 0x800083a4 (0x00b16133) x2  0xaa08a003
core   0: 0x800083a8 (0x03cd0033) mul     zero, s10, t3
core   0: 0 0x800083a8 (0x03cd0033)
core   0: 0x800083ac (0x0000100f) fence.i
core   0: 0 0x800083ac (0x0000100f)
core   0: 0x800083b0 (0xdc122e93) slti    t4, tp, -575
core   0: 0 0x800083b0 (0xdc122e93) x29 0x00000000
core   0: 0x800083b4 (0x012afd63) bgeu    s5, s2, pc + 26
core   0: 0 0x800083b4 (0x012afd63)
core   0: 0x800083b8 (0x026e7a63) bgeu    t3, t1, pc + 52
core   0: 0 0x800083b8 (0x026e7a63)
core   0: 0x800083bc (0x00008fc9) c.or    a5, a0
core   0: 0 0x800083bc (0x8fc9) x15 0x00000008
core   0: 0x800083be (0x01cdfcb3) and     s9, s11, t3
core   0: 0 0x800083be (0x01cdfcb3) x25 0x00000000
core   0: 0x800083c2 (0x11bd2017) auipc   zero, 0x11bd2
core   0: 0 0x800083c2 (0x11bd2017)
core   0: 0x800083c6 (0x02389eb3) mulh    t4, a7, gp
core   0: 0 0x800083c6 (0x02389eb3) x29 0x00000000
core   0: 0x800083ca (0x6b6eb693) sltiu   a3, t4, 1718
core   0: 0 0x800083ca (0x6b6eb693) x13 0x00000001
core   0: 0x800083ce (0x000087d5) c.srai  a5, 21
core   0: 0 0x800083ce (0x87d5) x15 0x00000000
core   0: 0x800083d0 (0x41df5693) srai    a3, t5, 29
core   0: 0 0x800083d0 (0x41df5693) x13 0xfffffffc
core   0: 0x800083d4 (0x00008ca5) c.xor   s1, s1
core   0: 0 0x800083d4 (0x8ca5) x9  0x00000000
core   0: 0x800083d6 (0x034d0e63) beq     s10, s4, pc + 60
core   0: 0 0x800083d6 (0x034d0e63)
core   0: 0x800083da (0x0346e0b3) rem     ra, a3, s4
core   0: 0 0x800083da (0x0346e0b3) x1  0xfffffffc
core   0: 0x800083de (0x4e84a013) slti    zero, s1, 1256
core   0: 0 0x800083de (0x4e84a013)
core   0: 0x800083e2 (0x0000ca85) c.beqz  a3, pc + 48
core   0: 0 0x800083e2 (0xca85)
core   0: 0x800083e4 (0x02d723b3) mulhsu  t2, a4, a3
core   0: 0 0x800083e4 (0x02d723b3) x7  0xe0000000
core   0: 0x800083e8 (0x01eec463) blt     t4, t5, pc + 8
core   0: 0 0x800083e8 (0x01eec463)
core   0: 0x800083ec (0x00000cf6) c.slli  s9, 29
core   0: 0 0x800083ec (0x0cf6) x25 0x00000000
core   0: 0x800083ee (0x00008ff1) c.and   a5, a2
core   0: 0 0x800083ee (0x8ff1) x15 0x00000000
core   0: 0x800083f0 (0x00008cbd) c.xor   s1, a5
core   0: 0 0x800083f0 (0x8cbd) x9  0x00000000
core   0: 0x800083f2 (0x0000971a) c.add   a4, t1
core   0: 0 0x800083f2 (0x971a) x14 0x65200617
core   0: 0x800083f4 (0x0289db33) divu    s6, s3, s0
core   0: 0 0x800083f4 (0x0289db33) x22 0x00000000
core   0: 0x800083f8 (0x0000e28d) c.bnez  a3, pc + 34
core   0: 0 0x800083f8 (0xe28d)
core   0: 0x8000841a (0x04d13a13) sltiu   s4, sp, 77
core   0: 0 0x8000841a (0x04d13a13) x20 0x00000000
core   0: 0x8000841e (0x008c3b33) sltu    s6, s8, s0
core   0: 0 0x8000841e (0x008c3b33) x22 0x00000001
core   0: 0x80008422 (0x011ed293) srli    t0, t4, 17
core   0: 0 0x80008422 (0x011ed293) x5  0x00000000
core   0: 0x80008426 (0x007bfd33) and     s10, s7, t2
core   0: 0 0x80008426 (0x007bfd33) x26 0x00000000
core   0: 0x8000842a (0x008bf8b3) and     a7, s7, s0
core   0: 0 0x8000842a (0x008bf8b3) x17 0x00000000
core   0: 0x8000842e (0x00009f8a) c.add   t6, sp
core   0: 0 0x8000842e (0x9f8a) x31 0xaa08a103
core   0: 0x80008430 (0x00566593) ori     a1, a2, 5
core   0: 0 0x80008430 (0x00566593) x11 0x80025ce5
core   0: 0x80008434 (0x00008d59) c.or    a0, a4
core   0: 0 0x80008434 (0x8d59) x10 0x65200617
core   0: 0x80008436 (0x00000001) c.nop
core   0: 0 0x80008436 (0x0001)
core   0: 0x80008438 (0x00009c86) c.add   s9, ra
core   0: 0 0x80008438 (0x9c86) x25 0xfffffffc
core   0: 0x8000843a (0x031c2733) mulhsu  a4, s8, a7
core   0: 0 0x8000843a (0x031c2733) x14 0x00000000
core   0: 0x8000843e (0x00008eb1) c.xor   a3, a2
core   0: 0 0x8000843e (0x8eb1) x13 0x7ffda318
core   0: 0x80008440 (0x8fa33e93) sltiu   t4, t1, -1798
core   0: 0 0x80008440 (0x8fa33e93) x29 0x00000001
core   0: 0x80008444 (0x41375c13) srai    s8, a4, 19
core   0: 0 0x80008444 (0x41375c13) x24 0x00000000
core   0: 0x80008448 (0x2cd1f593) andi    a1, gp, 717
core   0: 0 0x80008448 (0x2cd1f593) x11 0x0000000c
core   0: 0x8000844c (0x00006155) c.addi16sp sp, 304
core   0: 0 0x8000844c (0x6155) x2  0xaa08a133
core   0: 0x8000844e (0x00008d59) c.or    a0, a4
core   0: 0 0x8000844e (0x8d59) x10 0x65200617
core   0: 0x80008450 (0x00471693) slli    a3, a4, 4
core   0: 0 0x80008450 (0x00471693) x13 0x00000000
core   0: 0x80008454 (0x403056b3) sra     a3, zero, gp
core   0: 0 0x80008454 (0x403056b3) x13 0x00000000
core   0: 0x80008458 (0x0182e033) or      zero, t0, s8
core   0: 0 0x80008458 (0x0182e033)
core   0: 0x8000845c (0x98186013) prefetch.r -1664(a6)
core   0: 0 0x8000845c (0x98186013)
core   0: 0x80008460 (0x00123fb3) sltu    t6, tp, ra
core   0: 0 0x80008460 (0x00123fb3) x31 0x00000001
core   0: 0x80008464 (0x7efc2513) slti    a0, s8, 2031
core   0: 0 0x80008464 (0x7efc2513) x10 0x00000001
core   0: 0x80008468 (0x0000992a) c.add   s2, a0
core   0: 0 0x80008468 (0x992a) x18 0x00000000
core   0: 0x8000846a (0x00006b69) c.lui   s6, 0x1a
core   0: 0 0x8000846a (0x6b69) x22 0x0001a000
core   0: 0x8000846c (0x011a1663) bne     s4, a7, pc + 12
core   0: 0 0x8000846c (0x011a1663)
core   0: 0x80008470 (0x01400463) beq     zero, s4, pc + 8
core   0: 0 0x80008470 (0x01400463)
core   0: 0x80008478 (0x00008d51) c.or    a0, a2
core   0: 0 0x80008478 (0x8d51) x10 0x80025ce5
core   0: 0x8000847a (0x0000c0a9) c.beqz  s1, pc + 66
core   0: 0 0x8000847a (0xc0a9)
core   0: 0x800084bc (0x0ff0000f) fence   iorw,iorw
core   0: 0 0x800084bc (0x0ff0000f)
core   0: 0x800084c0 (0x01b06133) or      sp, zero, s11
core   0: 0 0x800084c0 (0x01b06133) x2  0x00000001
core   0: 0x800084c4 (0x00000001) c.nop
core   0: 0 0x800084c4 (0x0001)
core   0: 0x800084c6 (0x00008e89) c.sub   a3, a0
core   0: 0 0x800084c6 (0x8e89) x13 0x7ffda31b
core   0: 0x800084c8 (0x2592ad13) slti    s10, t0, 601
core   0: 0 0x800084c8 (0x2592ad13) x26 0x00000001
core   0: 0x800084cc (0x0000830d) c.srli  a4, 3
core   0: 0 0x800084cc (0x830d) x14 0x00000000
core   0: 0x800084ce (0x00000ee5) c.addi  t4, 25
core   0: 0 0x800084ce (0x0ee5) x29 0x0000001a
core   0: 0x800084d0 (0x01261363) bne     a2, s2, pc + 6
core   0: 0 0x800084d0 (0x01261363)
core   0: 0x800084d6 (0x00008fcd) c.or    a5, a1
core   0: 0 0x800084d6 (0x8fcd) x15 0x0000000c
core   0: 0x800084d8 (0x03fc7463) bgeu    s8, t6, pc + 40
core   0: 0 0x800084d8 (0x03fc7463)
core   0: 0x800084dc (0x00008965) c.andi  a0, 25
core   0: 0 0x800084dc (0x8965) x10 0x00000001
core   0: 0x800084de (0x02ebb6b3) mulhu   a3, s7, a4
core   0: 0 0x800084de (0x02ebb6b3) x13 0x00000000
core   0: 0x800084e2 (0x00000001) c.nop
core   0: 0 0x800084e2 (0x0001)
core   0: 0x800084e4 (0x00008ee5) c.and   a3, s1
core   0: 0 0x800084e4 (0x8ee5) x13 0x00000000
core   0: 0x800084e6 (0x02cf05b3) mul     a1, t5, a2
core   0: 0 0x800084e6 (0x02cf05b3) x11 0x9ee3b07c
core   0: 0x800084ea (0x9c9b7013) andi    zero, s6, -1591
core   0: 0 0x800084ea (0x9c9b7013)
core   0: 0x800084ee (0xe4574bb7) lui     s7, 0xe4574
core   0: 0 0x800084ee (0xe4574bb7) x23 0xe4574000
core   0: 0x800084f2 (0x0000129c) c.addi4spn a5, sp, 352
core   0: 0 0x800084f2 (0x129c) x15 0x00000161
core   0: 0x800084f4 (0x02a735b3) mulhu   a1, a4, a0
core   0: 0 0x800084f4 (0x02a735b3) x11 0x00000000
core   0: 0x800084f8 (0xf4e38093) addi    ra, t2, -178
core   0: 0 0x800084f8 (0xf4e38093) x1  0xdfffff4e
core   0: 0x800084fc (0x00000001) c.nop
core   0: 0 0x800084fc (0x0001)
core   0: 0x800084fe (0x000080a9) c.srli  s1, 10
core   0: 0 0x800084fe (0x80a9) x9  0x00000000
core   0: 0x80008500 (0x02b1eeb3) rem     t4, gp, a1
core   0: 0 0x80008500 (0x02b1eeb3) x29 0xfc46200e
core   0: 0x80008504 (0x401c8833) sub     a6, s9, ra
core   0: 0 0x80008504 (0x401c8833) x16 0x200000ae
core   0: 0x80008508 (0x00005f7d) c.li    t5, -1
core   0: 0 0x80008508 (0x5f7d) x30 0xffffffff
core   0: 0x8000850a (0x02d15533) divu    a0, sp, a3
core   0: 0 0x8000850a (0x02d15533) x10 0xffffffff
core   0: 0x8000850e (0x00000001) c.nop
core   0: 0 0x8000850e (0x0001)
core   0: 0x80008510 (0x000098fd) c.andi  s1, -1
core   0: 0 0x80008510 (0x98fd) x9  0x00000000
core   0: 0x80008512 (0x489c7a93) andi    s5, s8, 1161
core   0: 0 0x80008512 (0x489c7a93) x21 0x00000000
core   0: 0x80008516 (0x4058d833) sra     a6, a7, t0
core   0: 0 0x80008516 (0x4058d833) x16 0x00000000
core   0: 0x8000851a (0x03ce5cb3) divu    s9, t3, t3
core   0: 0 0x8000851a (0x03ce5cb3) x25 0x00000001
core   0: 0x8000851e (0x00009afd) c.andi  a3, -1
core   0: 0 0x8000851e (0x9afd) x13 0x00000000
core   0: 0x80008520 (0x000091da) c.add   gp, s6
core   0: 0 0x80008520 (0x91da) x3  0xfc47c00e
core   0: 0x80008522 (0x000082f9) c.srli  a3, 30
core   0: 0 0x80008522 (0x82f9) x13 0x00000000
core   0: 0x80008524 (0x03736363) bltu    t1, s7, pc + 38
core   0: 0 0x80008524 (0x03736363)
core   0: 0x8000854a (0x03627063) bgeu    tp, s6, pc + 32
core   0: 0 0x8000854a (0x03627063)
core   0: 0x8000854e (0x9d648e93) addi    t4, s1, -1578
core   0: 0 0x8000854e (0x9d648e93) x29 0xfffff9d6
core   0: 0x80008552 (0x56067313) andi    t1, a2, 1376
core   0: 0 0x80008552 (0x56067313) x6  0x00000460
core   0: 0x80008556 (0x00000001) c.nop
core   0: 0 0x80008556 (0x0001)
core   0: 0x80008558 (0x40f35113) srai    sp, t1, 15
core   0: 0 0x80008558 (0x40f35113) x2  0x00000000
core   0: 0x8000855c (0x011bc333) xor     t1, s7, a7
core   0: 0 0x8000855c (0x011bc333) x6  0xe4574000
core   0: 0x80008560 (0x9e8f7913) andi    s2, t5, -1560
core   0: 0 0x80008560 (0x9e8f7913) x18 0xfffff9e8
core   0: 0x80008564 (0x00000001) c.nop
core   0: 0 0x80008564 (0x0001)
core   0: 0x80008566 (0xe5e70913) addi    s2, a4, -418
core   0: 0 0x80008566 (0xe5e70913) x18 0xfffffe5e
core   0: 0x8000856a (0x00006149) c.addi16sp sp, 144
core   0: 0 0x8000856a (0x6149) x2  0x00000090
core   0: 0x8000856c (0x41d95c33) sra     s8, s2, t4
core   0: 0 0x8000856c (0x41d95c33) x24 0xffffffff
core   0: 0x80008570 (0x03a673b3) remu    t2, a2, s10
core   0: 0 0x80008570 (0x03a673b3) x7  0x00000000
core   0: 0x80008574 (0x402d86b3) sub     a3, s11, sp
core   0: 0 0x80008574 (0x402d86b3) x13 0xffffff71
core   0: 0x80008578 (0x41a408b3) sub     a7, s0, s10
core   0: 0 0x80008578 (0x41a408b3) x17 0x7fffffff
core   0: 0x8000857c (0x02d67c33) remu    s8, a2, a3
core   0: 0 0x8000857c (0x02d67c33) x24 0x80025ce4
core   0: 0x80008580 (0x7a76f793) andi    a5, a3, 1959
core   0: 0 0x80008580 (0x7a76f793) x15 0x00000721
core   0: 0x80008584 (0x4f110313) addi    t1, sp, 1265
core   0: 0 0x80008584 (0x4f110313) x6  0x00000581
core   0: 0x80008588 (0x02a36933) rem     s2, t1, a0
core   0: 0 0x80008588 (0x02a36933) x18 0x00000000
core   0: 0x8000858c (0x001b01b3) add     gp, s6, ra
core   0: 0 0x8000858c (0x001b01b3) x3  0xe0019f4e
core   0: 0x80008590 (0xce15c193) xori    gp, a1, -799
core   0: 0 0x80008590 (0xce15c193) x3  0xfffffce1
core   0: 0x80008594 (0x00000001) c.nop
core   0: 0 0x80008594 (0x0001)
core   0: 0x80008596 (0x01da1463) bne     s4, t4, pc + 8
core   0: 0 0x80008596 (0x01da1463)
core   0: 0x8000859e (0xd953b113) sltiu   sp, t2, -619
core   0: 0 0x8000859e (0xd953b113) x2  0x00000001
core   0: 0x800085a2 (0x000010fd) c.addi  ra, -1
core   0: 0 0x800085a2 (0x10fd) x1  0xdfffff4d
core   0: 0x800085a4 (0x0000076a) c.slli  a4, 26
core   0: 0 0x800085a4 (0x076a) x14 0x00000000
core   0: 0x800085a6 (0xe4377013) andi    zero, a4, -445
core   0: 0 0x800085a6 (0xe4377013)
core   0: 0x800085aa (0x02af57b3) divu    a5, t5, a0
core   0: 0 0x800085aa (0x02af57b3) x15 0x00000001
core   0: 0x800085ae (0x00008759) c.srai  a4, 22
core   0: 0 0x800085ae (0x8759) x14 0x00000000
core   0: 0x800085b0 (0x00000001) c.nop
core   0: 0 0x800085b0 (0x0001)
core   0: 0x800085b2 (0x03ac78b3) remu    a7, s8, s10
core   0: 0 0x800085b2 (0x03ac78b3) x17 0x00000000
core   0: 0x800085b6 (0x004d5fb3) srl     t6, s10, tp
core   0: 0 0x800085b6 (0x004d5fb3) x31 0x00000000
core   0: 0x800085ba (0x03fc6563) bltu    s8, t6, pc + 42
core   0: 0 0x800085ba (0x03fc6563)
core   0: 0x800085be (0x4091d2b3) sra     t0, gp, s1
core   0: 0 0x800085be (0x4091d2b3) x5  0xfffffce1
core   0: 0x800085c2 (0x00000796) c.slli  a5, 5
core   0: 0 0x800085c2 (0x0796) x15 0x00000020
core   0: 0x800085c4 (0x035afd33) remu    s10, s5, s5
core   0: 0 0x800085c4 (0x035afd33) x26 0x00000000
core   0: 0x800085c8 (0x00146263) bltu    s0, ra, pc + 4
core   0: 0 0x800085c8 (0x00146263)
core   0: 0x800085cc (0x00008d4d) c.or    a0, a1
core   0: 0 0x800085cc (0x8d4d) x10 0xffffffff
core   0: 0x800085ce (0x03a6f363) bgeu    a3, s10, pc + 38
core   0: 0 0x800085ce (0x03a6f363)
core   0: 0x800085f4 (0x01f846b3) xor     a3, a6, t6
core   0: 0 0x800085f4 (0x01f846b3) x13 0x00000000
core   0: 0x800085f8 (0x00008e85) c.sub   a3, s1
core   0: 0 0x800085f8 (0x8e85) x13 0x00000000
core   0: 0x800085fa (0x7bfba193) slti    gp, s7, 1983
core   0: 0 0x800085fa (0x7bfba193) x3  0x00000001
core   0: 0x800085fe (0x0000717d) c.addi16sp sp, -16
core   0: 0 0x800085fe (0x717d) x2  0xfffffff1
core   0: 0x80008600 (0x00008ea5) c.xor   a3, s1
core   0: 0 0x80008600 (0x8ea5) x13 0x00000000
core   0: 0x80008602 (0x01369e93) slli    t4, a3, 19
core   0: 0 0x80008602 (0x01369e93) x29 0x00000000
core   0: 0x80008606 (0x00d20fb3) add     t6, tp, a3
core   0: 0 0x80008606 (0x00d20fb3) x31 0x00000001
core   0: 0x8000860a (0x03f608b3) mul     a7, a2, t6
core   0: 0 0x8000860a (0x03f608b3) x17 0x80025ce4
core   0: 0x8000860e (0x02a257b3) divu    a5, tp, a0
core   0: 0 0x8000860e (0x02a257b3) x15 0x00000000
core   0: 0x80008612 (0x8ff62093) slti    ra, a2, -1793
core   0: 0 0x80008612 (0x8ff62093) x1  0x00000001
core   0: 0x80008616 (0x9626e213) ori     tp, a3, -1694
core   0: 0 0x80008616 (0x9626e213) x4  0xfffff962
core   0: 0x8000861a (0x00008f95) c.sub   a5, a3
core   0: 0 0x8000861a (0x8f95) x15 0x00000000
core   0: 0x8000861c (0x00008cb5) c.xor   s1, a3
core   0: 0 0x8000861c (0x8cb5) x9  0x00000000
core   0: 0x8000861e (0x05fb4263) blt     s6, t6, pc + 68
core   0: 0 0x8000861e (0x05fb4263)
core   0: 0x80008622 (0x01f9f833) and     a6, s3, t6
core   0: 0 0x80008622 (0x01f9f833) x16 0x00000001
core   0: 0x80008626 (0x00240d63) beq     s0, sp, pc + 26
core   0: 0 0x80008626 (0x00240d63)
core   0: 0x8000862a (0x02710b63) beq     sp, t2, pc + 54
core   0: 0 0x8000862a (0x02710b63)
core   0: 0x8000862e (0x00eeedb3) or      s11, t4, a4
core   0: 0 0x8000862e (0x00eeedb3) x27 0x00000000
core   0: 0x80008632 (0xe235ad93) slti    s11, a1, -477
core   0: 0 0x80008632 (0xe235ad93) x27 0x00000000
core   0: 0x80008636 (0x0000100f) fence.i
core   0: 0 0x80008636 (0x0000100f)
core   0: 0x8000863a (0x00006985) c.lui   s3, 0x1
core   0: 0 0x8000863a (0x6985) x19 0x00001000
core   0: 0x8000863c (0x0117c463) blt     a5, a7, pc + 8
core   0: 0 0x8000863c (0x0117c463)
core   0: 0x80008640 (0x2230b113) sltiu   sp, ra, 547
core   0: 0 0x80008640 (0x2230b113) x2  0x00000001
core   0: 0x80008644 (0x00000cf6) c.slli  s9, 29
core   0: 0 0x80008644 (0x0cf6) x25 0x20000000
core   0: 0x80008646 (0x00009372) c.add   t1, t3
core   0: 0 0x80008646 (0x9372) x6  0x800223e5
core   0: 0x80008648 (0x00008dfd) c.and   a1, a5
core   0: 0 0x80008648 (0x8dfd) x11 0x00000000
core   0: 0x8000864a (0x97fce813) ori     a6, s9, -1665
core   0: 0 0x8000864a (0x97fce813) x16 0xfffff97f
core   0: 0x8000864e (0x00000001) c.nop
core   0: 0 0x8000864e (0x0001)
core   0: 0x80008650 (0x03e36ab3) rem     s5, t1, t5
core   0: 0 0x80008650 (0x03e36ab3) x21 0x00000000
core   0: 0x80008654 (0x7fefc513) xori    a0, t6, 2046
core   0: 0 0x80008654 (0x7fefc513) x10 0x000007ff
core   0: 0x80008658 (0x01411793) slli    a5, sp, 20
core   0: 0 0x80008658 (0x01411793) x15 0x00100000
core   0: 0x8000865c (0x00ac89b3) add     s3, s9, a0
core   0: 0 0x8000865c (0x00ac89b3) x19 0x200007ff
core   0: 0x80008660 (0x0000c889) c.beqz  s1, pc + 18
core   0: 0 0x80008660 (0xc889)
core   0: 0x80008672 (0xd3743293) sltiu   t0, s0, -713
core   0: 0 0x80008672 (0xd3743293) x5  0x00000001
core   0: 0x80008676 (0x0172e663) bltu    t0, s7, pc + 12
core   0: 0 0x80008676 (0x0172e663)
core   0: 0x80008682 (0x038f0863) beq     t5, s8, pc + 48
core   0: 0 0x80008682 (0x038f0863)
core   0: 0x80008686 (0x0065e3b3) or      t2, a1, t1
core   0: 0 0x80008686 (0x0065e3b3) x7  0x800223e5
core   0: 0x8000868a (0xa62c0a13) addi    s4, s8, -1438
core   0: 0 0x8000868a (0xa62c0a13) x20 0x80025746
core   0: 0x8000868e (0x00008f95) c.sub   a5, a3
core   0: 0 0x8000868e (0x8f95) x15 0x00100000
core   0: 0x80008690 (0x02412cb3) mulhsu  s9, sp, tp
core   0: 0 0x80008690 (0x02412cb3) x25 0x00000000
core   0: 0x80008694 (0x000343b3) xor     t2, t1, zero
core   0: 0 0x80008694 (0x000343b3) x7  0x800223e5
core   0: 0x80008698 (0x403b8fb3) sub     t6, s7, gp
core   0: 0 0x80008698 (0x403b8fb3) x31 0xe4573fff
core   0: 0x8000869c (0x04368563) beq     a3, gp, pc + 74
core   0: 0 0x8000869c (0x04368563)
core   0: 0x800086a0 (0x00008fa1) c.xor   a5, s0
core   0: 0 0x800086a0 (0x8fa1) x15 0x80100000
core   0: 0x800086a2 (0x03336233) rem     tp, t1, s3
core   0: 0 0x800086a2 (0x03336233) x4  0xe0023be2
core   0: 0x800086a6 (0x001a9513) slli    a0, s5, 1
core   0: 0 0x800086a6 (0x001a9513) x10 0x00000000
core   0: 0x800086aa (0x00c9d263) bge     s3, a2, pc + 4
core   0: 0 0x800086aa (0x00c9d263)
core   0: 0x800086ae (0x0533e263) bltu    t2, s3, pc + 68
core   0: 0 0x800086ae (0x0533e263)
core   0: 0x800086b2 (0x00008f8d) c.sub   a5, a1
core   0: 0 0x800086b2 (0x8f8d) x15 0x80100000
core   0: 0x800086b4 (0x62a8f813) andi    a6, a7, 1578
core   0: 0 0x800086b4 (0x62a8f813) x16 0x00000420
core   0: 0x800086b8 (0x02edaa33) mulhsu  s4, s11, a4
core   0: 0 0x800086b8 (0x02edaa33) x20 0x00000000
core   0: 0x800086bc (0x00098a63) beqz    s3, pc + 20
core   0: 0 0x800086bc (0x00098a63)
core   0: 0x800086c0 (0x0000100f) fence.i
core   0: 0 0x800086c0 (0x0000100f)
core   0: 0x800086c4 (0x1baceb93) ori     s7, s9, 442
core   0: 0 0x800086c4 (0x1baceb93) x23 0x000001ba
core   0: 0x800086c8 (0x0204f533) remu    a0, s1, zero
core   0: 0 0x800086c8 (0x0204f533) x10 0x00000000
core   0: 0x800086cc (0x8e224713) xori    a4, tp, -1822
core   0: 0 0x800086cc (0x8e224713) x14 0x1ffdc300
core   0: 0x800086d0 (0x34282d13) slti    s10, a6, 834
core   0: 0 0x800086d0 (0x34282d13) x26 0x00000000
core   0: 0x800086d4 (0x00816333) or      t1, sp, s0
core   0: 0 0x800086d4 (0x00816333) x6  0x80000001
core   0: 0x800086d8 (0x01405713) srli    a4, zero, 20
core   0: 0 0x800086d8 (0x01405713) x14 0x00000000
core   0: 0x800086dc (0x00008dbd) c.xor   a1, a5
core   0: 0 0x800086dc (0x8dbd) x11 0x80100000
core   0: 0x800086de (0x018407b3) add     a5, s0, s8
core   0: 0 0x800086de (0x018407b3) x15 0x00025ce4
core   0: 0x800086e2 (0x0000100f) fence.i
core   0: 0 0x800086e2 (0x0000100f)
core   0: 0x800086e6 (0x056d8563) beq     s11, s6, pc + 74
core   0: 0 0x800086e6 (0x056d8563)
core   0: 0x800086ea (0x02120463) beq     tp, ra, pc + 40
core   0: 0 0x800086ea (0x02120463)
core   0: 0x800086ee (0x01c99013) slli    zero, s3, 28
core   0: 0 0x800086ee (0x01c99013)
core   0: 0x800086f2 (0x0000100f) fence.i
core   0: 0 0x800086f2 (0x0000100f)
core   0: 0x800086f6 (0x00006155) c.addi16sp sp, 304
core   0: 0 0x800086f6 (0x6155) x2  0x00000131
core   0: 0x800086f8 (0x000086e1) c.srai  a3, 24
core   0: 0 0x800086f8 (0x86e1) x13 0x00000000
core   0: 0x800086fa (0x4e306213) ori     tp, zero, 1251
core   0: 0 0x800086fa (0x4e306213) x4  0x000004e3
core   0: 0x800086fe (0x031c8563) beq     s9, a7, pc + 42
core   0: 0 0x800086fe (0x031c8563)
core   0: 0x80008702 (0x029a6763) bltu    s4, s1, pc + 46
core   0: 0 0x80008702 (0x029a6763)
core   0: 0x80008706 (0x01808c63) beq     ra, s8, pc + 24
core   0: 0 0x80008706 (0x01808c63)
core   0: 0x8000870a (0x02000cb3) mul     s9, zero, zero
core   0: 0 0x8000870a (0x02000cb3) x25 0x00000000
core   0: 0x8000870e (0x0247e863) bltu    a5, tp, pc + 48
core   0: 0 0x8000870e (0x0247e863)
core   0: 0x80008712 (0x02100463) beq     zero, ra, pc + 40
core   0: 0 0x80008712 (0x02100463)
core   0: 0x80008716 (0x03fe9ab3) mulh    s5, t4, t6
core   0: 0 0x80008716 (0x03fe9ab3) x21 0x00000000
core   0: 0x8000871a (0x013d9d13) slli    s10, s11, 19
core   0: 0 0x8000871a (0x013d9d13) x26 0x00000000
core   0: 0x8000871e (0x01742b33) slt     s6, s0, s7
core   0: 0 0x8000871e (0x01742b33) x22 0x00000001
core   0: 0x80008722 (0x000002ee) c.slli  t0, 27
core   0: 0 0x80008722 (0x02ee) x5  0x08000000
core   0: 0x80008724 (0x01422a33) slt     s4, tp, s4
core   0: 0 0x80008724 (0x01422a33) x20 0x00000000
core   0: 0x80008728 (0x2ad93f93) sltiu   t6, s2, 685
core   0: 0 0x80008728 (0x2ad93f93) x31 0x00000001
core   0: 0x8000872c (0x0000100f) fence.i
core   0: 0 0x8000872c (0x0000100f)
core   0: 0x80008730 (0x00009033) sll     zero, ra, zero
core   0: 0 0x80008730 (0x00009033)
core   0: 0x80008734 (0x000086b5) c.srai  a3, 13
core   0: 0 0x80008734 (0x86b5) x13 0x00000000
core   0: 0x80008736 (0x00460733) add     a4, a2, tp
core   0: 0 0x80008736 (0x00460733) x14 0x800261c7
core   0: 0x8000873a (0xb0215717) auipc   a4, 0xb0215
core   0: 0 0x8000873a (0xb0215717) x14 0x3021d73a
core   0: 0x8000873e (0x029dd1b3) divu    gp, s11, s1
core   0: 0 0x8000873e (0x029dd1b3) x3  0xffffffff
core   0: 0x80008742 (0x00541b33) sll     s6, s0, t0
core   0: 0 0x80008742 (0x00541b33) x22 0x80000000
core   0: 0x80008746 (0x00008711) c.srai  a4, 4
core   0: 0 0x80008746 (0x8711) x14 0x03021d73
core   0: 0x80008748 (0x015dc463) blt     s11, s5, pc + 8
core   0: 0 0x80008748 (0x015dc463)
core   0: 0x8000874c (0x0000111c) c.addi4spn a5, sp, 160
core   0: 0 0x8000874c (0x111c) x15 0x000001d1
core   0: 0x8000874e (0x0000c295) c.beqz  a3, pc + 36
core   0: 0 0x8000874e (0xc295)
core   0: 0x80008772 (0x72a64e97) auipc   t4, 0x72a64
core   0: 0 0x80008772 (0x72a64e97) x29 0xf2a6c772
core   0: 0x80008776 (0x0385e033) rem     zero, a1, s8
core   0: 0 0x80008776 (0x0385e033)
core   0: 0x8000877a (0x02af43b3) div     t2, t5, a0
core   0: 0 0x8000877a (0x02af43b3) x7  0xffffffff
core   0: 0x8000877e (0x0319e6b3) rem     a3, s3, a7
core   0: 0 0x8000877e (0x0319e6b3) x13 0x200007ff
core   0: 0x80008782 (0x000084a1) c.srai  s1, 8
core   0: 0 0x80008782 (0x84a1) x9  0x00000000
core   0: 0x80008784 (0x41d200b3) sub     ra, tp, t4
core   0: 0 0x80008784 (0x41d200b3) x1  0x0d593d71
core   0: 0x80008788 (0x40555733) sra     a4, a0, t0
core   0: 0 0x80008788 (0x40555733) x14 0x00000000
core   0: 0x8000878c (0x00008f62) c.mv    t5, s8
core   0: 0 0x8000878c (0x8f62) x30 0x80025ce4
core   0: 0x8000878e (0x023ed763) bge     t4, gp, pc + 46
core   0: 0 0x8000878e (0x023ed763)
core   0: 0x80008792 (0xa691bb13) sltiu   s6, gp, -1431
core   0: 0 0x80008792 (0xa691bb13) x22 0x00000000
core   0: 0x80008796 (0x00008d85) c.sub   a1, s1
core   0: 0 0x80008796 (0x8d85) x11 0x80100000
core   0: 0x80008798 (0x414350b3) sra     ra, t1, s4
core   0: 0 0x80008798 (0x414350b3) x1  0x80000001
core   0: 0x8000879c (0x014b2333) slt     t1, s6, s4
core   0: 0 0x8000879c (0x014b2333) x6  0x00000000
core   0: 0x800087a0 (0x02431cb3) mulh    s9, t1, tp
core   0: 0 0x800087a0 (0x02431cb3) x25 0x00000000
core   0: 0x800087a4 (0x0117d333) srl     t1, a5, a7
core   0: 0 0x800087a4 (0x0117d333) x6  0x0000001d
core   0: 0x800087a8 (0x0133e133) or      sp, t2, s3
core   0: 0 0x800087a8 (0x0133e133) x2  0xffffffff
core   0: 0x800087ac (0x028018b3) mulh    a7, zero, s0
core   0: 0 0x800087ac (0x028018b3) x17 0x00000000
core   0: 0x800087b0 (0x021812b3) mulh    t0, a6, ra
core   0: 0 0x800087b0 (0x021812b3) x5  0xfffffdf0
core   0: 0x800087b4 (0x65ed7a93) andi    s5, s10, 1630
core   0: 0 0x800087b4 (0x65ed7a93) x21 0x00000000
core   0: 0x800087b8 (0x02cdd233) divu    tp, s11, a2
core   0: 0 0x800087b8 (0x02cdd233) x4  0x00000000
core   0: 0x800087bc (0x035cfc33) remu    s8, s9, s5
core   0: 0 0x800087bc (0x035cfc33) x24 0x00000000
core   0: 0x800087c0 (0x002a3ab3) sltu    s5, s4, sp
core   0: 0 0x800087c0 (0x002a3ab3) x21 0x00000001
core   0: 0x800087c4 (0x00683eb3) sltu    t4, a6, t1
core   0: 0 0x800087c4 (0x00683eb3) x29 0x00000000
core   0: 0x800087c8 (0x01e88eb3) add     t4, a7, t5
core   0: 0 0x800087c8 (0x01e88eb3) x29 0x80025ce4
core   0: 0x800087cc (0x0192eb33) or      s6, t0, s9
core   0: 0 0x800087cc (0x0192eb33) x22 0xfffffdf0
core   0: 0x800087d0 (0x40c65593) srai    a1, a2, 12
core   0: 0 0x800087d0 (0x40c65593) x11 0xfff80025
core   0: 0x800087d4 (0x0000100f) fence.i
core   0: 0 0x800087d4 (0x0000100f)
core   0: 0x800087d8 (0x014b8f33) add     t5, s7, s4
core   0: 0 0x800087d8 (0x014b8f33) x30 0x000001ba
core   0: 0x800087dc (0x01b14c63) blt     sp, s11, pc + 24
core   0: 0 0x800087dc (0x01b14c63)
core   0: 0x800087f4 (0x00006175) c.addi16sp sp, 368
core   0: 0 0x800087f4 (0x6175) x2  0x0000016f
core   0: 0x800087f6 (0x0000916e) c.add   sp, s11
core   0: 0 0x800087f6 (0x916e) x2  0x0000016f
core   0: 0x800087f8 (0x004ce5b3) or      a1, s9, tp
core   0: 0 0x800087f8 (0x004ce5b3) x11 0x00000000
core   0: 0x800087fc (0x03b51733) mulh    a4, a0, s11
core   0: 0 0x800087fc (0x03b51733) x14 0x00000000
core   0: 0x80008800 (0x01116263) bltu    sp, a7, pc + 4
core   0: 0 0x80008800 (0x01116263)
core   0: 0x80008804 (0x5ec844b7) lui     s1, 0x5ec84
core   0: 0 0x80008804 (0x5ec844b7) x9  0x5ec84000
core   0: 0x80008808 (0x018f9263) bne     t6, s8, pc + 4
core   0: 0 0x80008808 (0x018f9263)
core   0: 0x8000880c (0x03cd2c33) mulhsu  s8, s10, t3
core   0: 0 0x8000880c (0x03cd2c33) x24 0x00000000
core   0: 0x80008810 (0x669f7893) andi    a7, t5, 1641
core   0: 0 0x80008810 (0x669f7893) x17 0x00000028
core   0: 0x80008814 (0x00fb28b3) slt     a7, s6, a5
core   0: 0 0x80008814 (0x00fb28b3) x17 0x00000001
core   0: 0x80008818 (0xa4c7a213) slti    tp, a5, -1460
core   0: 0 0x80008818 (0xa4c7a213) x4  0x00000000
core   0: 0x8000881c (0x00008d09) c.sub   a0, a0
core   0: 0 0x8000881c (0x8d09) x10 0x00000000
core   0: 0x8000881e (0x0401ac93) slti    s9, gp, 64
core   0: 0 0x8000881e (0x0401ac93) x25 0x00000001
core   0: 0x80008822 (0x0335b933) mulhu   s2, a1, s3
core   0: 0 0x80008822 (0x0335b933) x18 0x00000000
core   0: 0x80008826 (0x0000995e) c.add   s2, s7
core   0: 0 0x80008826 (0x995e) x18 0x000001ba
core   0: 0x80008828 (0x00001c1c) c.addi4spn a5, sp, 560
core   0: 0 0x80008828 (0x1c1c) x15 0x0000039f
core   0: 0x8000882a (0x00008891) c.andi  s1, 4
core   0: 0 0x8000882a (0x8891) x9  0x00000000
core   0: 0x8000882c (0x012633b3) sltu    t2, a2, s2
core   0: 0 0x8000882c (0x012633b3) x7  0x00000000
core   0: 0x80008830 (0x0050afb3) slt     t6, ra, t0
core   0: 0 0x80008830 (0x0050afb3) x31 0x00000001
core   0: 0x80008834 (0x00fdfd33) and     s10, s11, a5
core   0: 0 0x80008834 (0x00fdfd33) x26 0x00000000
core   0: 0x80008838 (0x022ec463) blt     t4, sp, pc + 40
core   0: 0 0x80008838 (0x022ec463)
core   0: 0x80008860 (0x0b3a5397) auipc   t2, 0xb3a5
core   0: 0 0x80008860 (0x0b3a5397) x7  0x8b3ad860
core   0: 0x80008864 (0x00008ed5) c.or    a3, a3
core   0: 0 0x80008864 (0x8ed5) x13 0x200007ff
core   0: 0x80008866 (0xfce1c293) xori    t0, gp, -50
core   0: 0 0x80008866 (0xfce1c293) x5  0x00000031
core   0: 0x8000886a (0x641d2f37) lui     t5, 0x641d2
core   0: 0 0x8000886a (0x641d2f37) x30 0x641d2000
core   0: 0x8000886e (0x000085f5) c.srai  a1, 29
core   0: 0 0x8000886e (0x85f5) x11 0x00000000
core   0: 0x80008870 (0x6c274d13) xori    s10, a4, 1730
core   0: 0 0x80008870 (0x6c274d13) x26 0x000006c2
core   0: 0x80008874 (0x015ac0b3) xor     ra, s5, s5
core   0: 0 0x80008874 (0x015ac0b3) x1  0x00000000
core   0: 0x80008878 (0x00008f65) c.and   a4, s1
core   0: 0 0x80008878 (0x8f65) x14 0x00000000
core   0: 0x8000887a (0x0000e789) c.bnez  a5, pc + 10
core   0: 0 0x8000887a (0xe789)
core   0: 0x80008884 (0x402fd833) sra     a6, t6, sp
core   0: 0 0x80008884 (0x402fd833) x16 0x00000000
core   0: 0x80008888 (0x02f8f263) bgeu    a7, a5, pc + 36
core   0: 0 0x80008888 (0x02f8f263)
core   0: 0x8000888c (0x02c1a033) mulhsu  zero, gp, a2
core   0: 0 0x8000888c (0x02c1a033)
core   0: 0x80008890 (0xde177213) andi    tp, a4, -543
core   0: 0 0x80008890 (0xde177213) x4  0x00000000
core   0: 0x80008894 (0x001d0797) auipc   a5, 0x1d0
core   0: 0 0x80008894 (0x001d0797) x15 0x801d8894
core   0: 0x80008898 (0x03819163) bne     gp, s8, pc + 34
core   0: 0 0x80008898 (0x03819163)
core   0: 0x800088ba (0x01b658b3) srl     a7, a2, s11
core   0: 0 0x800088ba (0x01b658b3) x17 0x80025ce4
core   0: 0x800088be (0x0000100f) fence.i
core   0: 0 0x800088be (0x0000100f)
core   0: 0x800088c2 (0x8f488713) addi    a4, a7, -1804
core   0: 0 0x800088c2 (0x8f488713) x14 0x800255d8
core   0: 0x800088c6 (0x49cb8a13) addi    s4, s7, 1180
core   0: 0 0x800088c6 (0x49cb8a13) x20 0x00000656
core   0: 0x800088ca (0x01ced693) srli    a3, t4, 28
core   0: 0 0x800088ca (0x01ced693) x13 0x00000008
core   0: 0x800088ce (0x037b56b3) divu    a3, s6, s7
core   0: 0 0x800088ce (0x037b56b3) x13 0x0094457f
core   0: 0x800088d2 (0x00008df5) c.and   a1, a3
core   0: 0 0x800088d2 (0x8df5) x11 0x00000000
core   0: 0x800088d4 (0x4141d893) srai    a7, gp, 20
core   0: 0 0x800088d4 (0x4141d893) x17 0xffffffff
core   0: 0x800088d8 (0x0147b2b3) sltu    t0, a5, s4
core   0: 0 0x800088d8 (0x0147b2b3) x5  0x00000000
core   0: 0x800088dc (0x00008dad) c.xor   a1, a1
core   0: 0 0x800088dc (0x8dad) x11 0x00000000
core   0: 0x800088de (0xcb1d6a37) lui     s4, 0xcb1d6
core   0: 0 0x800088de (0xcb1d6a37) x20 0xcb1d6000
core   0: 0x800088e2 (0x000065f5) c.lui   a1, 0x1d
core   0: 0 0x800088e2 (0x65f5) x11 0x0001d000
core   0: 0x800088e4 (0x000090c6) c.add   ra, a7
core   0: 0 0x800088e4 (0x90c6) x1  0xffffffff
core   0: 0x800088e6 (0x5dc7a693) slti    a3, a5, 1500
core   0: 0 0x800088e6 (0x5dc7a693) x13 0x00000001
core   0: 0x800088ea (0x02b0ddb3) divu    s11, ra, a1
core   0: 0 0x800088ea (0x02b0ddb3) x27 0x00008d3d
core   0: 0x800088ee (0xe2cfb997) auipc   s3, 0xe2cfb
core   0: 0 0x800088ee (0xe2cfb997) x19 0x62d038ee
core   0: 0x800088f2 (0x418a5693) srai    a3, s4, 24
core   0: 0 0x800088f2 (0x418a5693) x13 0xffffffcb
core   0: 0x800088f6 (0x40175493) srai    s1, a4, 1
core   0: 0 0x800088f6 (0x40175493) x9  0xc0012aec
core   0: 0x800088fa (0x007b9b33) sll     s6, s7, t2
core   0: 0 0x800088fa (0x007b9b33) x22 0x000001ba
core   0: 0x800088fe (0xc6d0b6b7) lui     a3, 0xc6d0b
core   0: 0 0x800088fe (0xc6d0b6b7) x13 0xc6d0b000
core   0: 0x80008902 (0x01bf7463) bgeu    t5, s11, pc + 8
core   0: 0 0x80008902 (0x01bf7463)
core   0: 0x8000890a (0x413dd1b3) sra     gp, s11, s3
core   0: 0 0x8000890a (0x413dd1b3) x3  0x00000002
core   0: 0x8000890e (0xe208d517) auipc   a0, 0xe208d
core   0: 0 0x8000890e (0xe208d517) x10 0x6209590e
core   0: 0x80008912 (0x00865b63) bge     a2, s0, pc + 22
core   0: 0 0x80008912 (0x00865b63)
core   0: 0x80008928 (0x00c06f63) bltu    zero, a2, pc + 30
core   0: 0 0x80008928 (0x00c06f63)
core   0: 0x80008946 (0x02e99133) mulh    sp, s3, a4
core   0: 0 0x80008946 (0x02e99133) x2  0xce98ca4b
core   0: 0x8000894a (0x00669263) bne     a3, t1, pc + 4
core   0: 0 0x8000894a (0x00669263)
core   0: 0x8000894e (0x01c2fdb3) and     s11, t0, t3
core   0: 0 0x8000894e (0x01c2fdb3) x27 0x00000000
core   0: 0x80008952 (0x40abd793) srai    a5, s7, 10
core   0: 0 0x80008952 (0x40abd793) x15 0x00000000
core   0: 0x80008956 (0x00008d01) c.sub   a0, s0
core   0: 0 0x80008956 (0x8d01) x10 0xe209590e
core   0: 0x80008958 (0x0ff0000f) fence   iorw,iorw
core   0: 0 0x80008958 (0x0ff0000f)
core   0: 0x8000895c (0x03335363) bge     t1, s3, pc + 38
core   0: 0 0x8000895c (0x03335363)
core   0: 0x80008960 (0x00008d59) c.or    a0, a4
core   0: 0 0x80008960 (0x8d59) x10 0xe20b5dde
core   0: 0x80008962 (0x015cdbb3) srl     s7, s9, s5
core   0: 0 0x80008962 (0x015cdbb3) x23 0x00000000
core   0: 0x80008966 (0x887b8593) addi    a1, s7, -1913
core   0: 0 0x80008966 (0x887b8593) x11 0xfffff887
core   0: 0x8000896a (0x00d660b3) or      ra, a2, a3
core   0: 0 0x8000896a (0x00d660b3) x1  0xc6d2fce4
core   0: 0x8000896e (0x41d956b3) sra     a3, s2, t4
core   0: 0 0x8000896e (0x41d956b3) x13 0x0000001b
core   0: 0x80008972 (0x0055bf33) sltu    t5, a1, t0
core   0: 0 0x80008972 (0x0055bf33) x30 0x00000000
core   0: 0x80008976 (0x00009b7d) c.andi  a4, -1
core   0: 0 0x80008976 (0x9b7d) x14 0x800255d8
core   0: 0x80008978 (0x000083d9) c.srli  a5, 22
core   0: 0 0x80008978 (0x83d9) x15 0x00000000
core   0: 0x8000897a (0x00000a84) c.addi4spn s1, sp, 336
core   0: 0 0x8000897a (0x0a84) x9  0xce98cb9b
core   0: 0x8000897c (0x00008eed) c.and   a3, a1
core   0: 0 0x8000897c (0x8eed) x13 0x00000003
core   0: 0x8000897e (0x022e1cb3) mulh    s9, t3, sp
core   0: 0 0x8000897e (0x022e1cb3) x25 0x18b3322e
core   0: 0x80008982 (0x03a89233) mulh    tp, a7, s10
core   0: 0 0x80008982 (0x03a89233) x4  0xffffffff
core   0: 0x80008986 (0x0124e563) bltu    s1, s2, pc + 10
core   0: 0 0x80008986 (0x0124e563)
core   0: 0x8000898a (0x40e3d4b3) sra     s1, t2, a4
core   0: 0 0x8000898a (0x40e3d4b3) x9  0xffffff8b
core   0: 0x8000898e (0x0000615d) c.addi16sp sp, 432
core   0: 0 0x8000898e (0x615d) x2  0xce98cbfb
core   0: 0x80008990 (0x00000001) c.nop
core   0: 0 0x80008990 (0x0001)
core   0: 0x80008992 (0x01e7bcb3) sltu    s9, a5, t5
core   0: 0 0x80008992 (0x01e7bcb3) x25 0x00000000
core   0: 0x80008996 (0x034c2c33) mulhsu  s8, s8, s4
core   0: 0 0x80008996 (0x034c2c33) x24 0x00000000
core   0: 0x8000899a (0x02465c33) divu    s8, a2, tp
core   0: 0 0x8000899a (0x02465c33) x24 0x00000000
core   0: 0x8000899e (0x000080c5) c.srli  s1, 17
core   0: 0 0x8000899e (0x80c5) x9  0x00007fff
core   0: 0x800089a0 (0x030a6db3) rem     s11, s4, a6
core   0: 0 0x800089a0 (0x030a6db3) x27 0xcb1d6000
core   0: 0x800089a4 (0x0000149c) c.addi4spn a5, sp, 608
core   0: 0 0x800089a4 (0x149c) x15 0xce98ce5b
core   0: 0x800089a6 (0x161f8213) addi    tp, t6, 353
core   0: 0 0x800089a6 (0x161f8213) x4  0x00000162
core   0: 0x800089aa (0x403a5db3) sra     s11, s4, gp
core   0: 0 0x800089aa (0x403a5db3) x27 0xf2c75800
core   0: 0x800089ae (0x037726b3) mulhsu  a3, a4, s7
core   0: 0 0x800089ae (0x037726b3) x13 0x00000000
core   0: 0x800089b2 (0x003a06b3) add     a3, s4, gp
core   0: 0 0x800089b2 (0x003a06b3) x13 0xcb1d6002
core   0: 0x800089b6 (0xccc94593) xori    a1, s2, -820
core   0: 0 0x800089b6 (0xccc94593) x11 0xfffffd76
core   0: 0x800089ba (0xe80e3f97) auipc   t6, 0xe80e3
core   0: 0 0x800089ba (0xe80e3f97) x31 0x680eb9ba
core   0: 0x800089be (0x023cb2b3) mulhu   t0, s9, gp
core   0: 0 0x800089be (0x023cb2b3) x5  0x00000000
core   0: 0x800089c2 (0x41f3d733) sra     a4, t2, t6
core   0: 0 0x800089c2 (0x41f3d733) x14 0xffffffe2
core   0: 0x800089c6 (0xfacf30b7) lui     ra, 0xfacf3
core   0: 0 0x800089c6 (0xfacf30b7) x1  0xfacf3000
core   0: 0x800089ca (0x9ac16997) auipc   s3, 0x9ac16
core   0: 0 0x800089ca (0x9ac16997) x19 0x1ac1e9ca
core   0: 0x800089ce (0x0000100f) fence.i
core   0: 0 0x800089ce (0x0000100f)
core   0: 0x800089d2 (0x01f54333) xor     t1, a0, t6
core   0: 0 0x800089d2 (0x01f54333) x6  0x8a05e464
core   0: 0x800089d6 (0x5d3c2213) slti    tp, s8, 1491
core   0: 0 0x800089d6 (0x5d3c2213) x4  0x00000001
core   0: 0x800089da (0x40c48033) sub     zero, s1, a2
core   0: 0 0x800089da (0x40c48033)
core   0: 0x800089de (0x000095ba) c.add   a1, a4
core   0: 0 0x800089de (0x95ba) x11 0xfffffd58
core   0: 0x800089e0 (0x02407033) remu    zero, zero, tp
core   0: 0 0x800089e0 (0x02407033)
core   0: 0x800089e4 (0x00000001) c.nop
core   0: 0 0x800089e4 (0x0001)
core   0: 0x800089e6 (0x1c9e2593) slti    a1, t3, 457
core   0: 0 0x800089e6 (0x1c9e2593) x11 0x00000001
core   0: 0x800089ea (0x018ee033) or      zero, t4, s8
core   0: 0 0x800089ea (0x018ee033)
core   0: 0x800089ee (0x5b4fc193) xori    gp, t6, 1460
core   0: 0 0x800089ee (0x5b4fc193) x3  0x680ebc0e
core   0: 0x800089f2 (0x03bddfb3) divu    t6, s11, s11
core   0: 0 0x800089f2 (0x03bddfb3) x31 0x00000001
core   0: 0x800089f6 (0x000002d2) c.slli  t0, 20
core   0: 0 0x800089f6 (0x02d2) x5  0x00000000
core   0: 0x800089f8 (0x00001014) c.addi4spn a3, sp, 32
core   0: 0 0x800089f8 (0x1014) x13 0xce98cc1b
core   0: 0x800089fa (0x00000eae) c.slli  t4, 11
core   0: 0 0x800089fa (0x0eae) x29 0x12e72000
core   0: 0x800089fc (0x00008b79) c.andi  a4, 30
core   0: 0 0x800089fc (0x8b79) x14 0x00000002
core   0: 0x800089fe (0x00008fb9) c.xor   a5, a4
core   0: 0 0x800089fe (0x8fb9) x15 0xce98ce59
core   0: 0x80008a00 (0x0359d563) bge     s3, s5, pc + 42
core   0: 0 0x80008a00 (0x0359d563)
core   0: 0x80008a2a (0x01e2fd33) and     s10, t0, t5
core   0: 0 0x80008a2a (0x01e2fd33) x26 0x00000000
core   0: 0x80008a2e (0x000007c5) c.addi  a5, 17
core   0: 0 0x80008a2e (0x07c5) x15 0xce98ce6a
core   0: 0x80008a30 (0x00008f8d) c.sub   a5, a1
core   0: 0 0x80008a30 (0x8f8d) x15 0xce98ce69
core   0: 0x80008a32 (0x03a2a833) mulhsu  a6, t0, s10
core   0: 0 0x80008a32 (0x03a2a833) x16 0x00000000
core   0: 0x80008a36 (0x0000e519) c.bnez  a0, pc + 14
core   0: 0 0x80008a36 (0xe519)
core   0: 0x80008a44 (0x03c29933) mulh    s2, t0, t3
core   0: 0 0x80008a44 (0x03c29933) x18 0x00000000
core   0: 0x80008a48 (0x013d9663) bne     s11, s3, pc + 12
core   0: 0 0x80008a48 (0x013d9663)
core   0: 0x80008a54 (0x00008fe1) c.and   a5, s0
core   0: 0 0x80008a54 (0x8fe1) x15 0x80000000
core   0: 0x80008a56 (0x00008d8d) c.sub   a1, a1
core   0: 0 0x80008a56 (0x8d8d) x11 0x00000000
core   0: 0x80008a58 (0x00008f09) c.sub   a4, a0
core   0: 0 0x80008a58 (0x8f09) x14 0x1df4a224
core   0: 0x80008a5a (0x0042f9b3) and     s3, t0, tp
core   0: 0 0x80008a5a (0x0042f9b3) x19 0x00000000
core   0: 0x80008a5e (0x0045d333) srl     t1, a1, tp
core   0: 0 0x80008a5e (0x0045d333) x6  0x00000000
core   0: 0x80008a62 (0x00005d7d) c.li    s10, -1
core   0: 0 0x80008a62 (0x5d7d) x26 0xffffffff
core   0: 0x80008a64 (0xfdb70b13) addi    s6, a4, -37
core   0: 0 0x80008a64 (0xfdb70b13) x22 0x1df4a1ff
core   0: 0x80008a68 (0x41d60eb3) sub     t4, a2, t4
core   0: 0 0x80008a68 (0x41d60eb3) x29 0x6d1b3ce4
core   0: 0x80008a6c (0x665e8813) addi    a6, t4, 1637
core   0: 0 0x80008a6c (0x665e8813) x16 0x6d1b4349
core   0: 0x80008a70 (0x00305833) srl     a6, zero, gp
core   0: 0 0x80008a70 (0x00305833) x16 0x00000000
core   0: 0x80008a74 (0x000091da) c.add   gp, s6
core   0: 0 0x80008a74 (0x91da) x3  0x86035e0d
core   0: 0x80008a76 (0x0251c133) div     sp, gp, t0
core   0: 0 0x80008a76 (0x0251c133) x2  0xffffffff
core   0: 0x80008a7a (0x0000100f) fence.i
core   0: 0 0x80008a7a (0x0000100f)
core   0: 0x80008a7e (0x40c70133) sub     sp, a4, a2
core   0: 0 0x80008a7e (0x40c70133) x2  0x9df24540
core   0: 0x80008a82 (0x00430d33) add     s10, t1, tp
core   0: 0 0x80008a82 (0x00430d33) x26 0x00000001
core   0: 0x80008a86 (0x00000185) c.addi  gp, 1
core   0: 0 0x80008a86 (0x0185) x3  0x86035e0e
core   0: 0x80008a88 (0x41acd5b3) sra     a1, s9, s10
core   0: 0 0x80008a88 (0x41acd5b3) x11 0x00000000
core   0: 0x80008a8c (0x00751d63) bne     a0, t2, pc + 26
core   0: 0 0x80008a8c (0x00751d63)
core   0: 0x80008aa6 (0x032f8763) beq     t6, s2, pc + 46
core   0: 0 0x80008aa6 (0x032f8763)
core   0: 0x80008aaa (0x74168a13) addi    s4, a3, 1857
core   0: 0 0x80008aaa (0x74168a13) x20 0xce98d35c
core   0: 0x80008aae (0x0000839d) c.srli  a5, 7
core   0: 0 0x80008aae (0x839d) x15 0x01000000
core   0: 0x80008ab0 (0x00ce1c93) slli    s9, t3, 12
core   0: 0 0x80008ab0 (0x00ce1c93) x25 0x21e64000
core   0: 0x80008ab4 (0x00e09eb3) sll     t4, ra, a4
core   0: 0 0x80008ab4 (0x00e09eb3) x29 0xacf30000
core   0: 0x80008ab8 (0x01d14c63) blt     sp, t4, pc + 24
core   0: 0 0x80008ab8 (0x01d14c63)
core   0: 0x80008ad0 (0x01cd6cb3) or      s9, s10, t3
core   0: 0 0x80008ad0 (0x01cd6cb3) x25 0x80021e65
core   0: 0x80008ad4 (0x009f1463) bne     t5, s1, pc + 8
core   0: 0 0x80008ad4 (0x009f1463)
core   0: 0x80008adc (0xc08dca13) xori    s4, s11, -1016
core   0: 0 0x80008adc (0xc08dca13) x20 0x0d38a408
core   0: 0x80008ae0 (0x00296463) bltu    s2, sp, pc + 8
core   0: 0 0x80008ae0 (0x00296463)
core   0: 0x80008ae8 (0x01667533) and     a0, a2, s6
core   0: 0 0x80008ae8 (0x01667533) x10 0x000000e4
core   0: 0x80008aec (0x00b296b3) sll     a3, t0, a1
core   0: 0 0x80008aec (0x00b296b3) x13 0x00000000
core   0: 0x80008af0 (0x02de1f63) bne     t3, a3, pc + 62
core   0: 0 0x80008af0 (0x02de1f63)
core   0: 0x80008b2e (0x05617463) bgeu    sp, s6, pc + 72
core   0: 0 0x80008b2e (0x05617463)
core   0: 0x80008b76 (0x02cf5363) bge     t5, a2, pc + 38
core   0: 0 0x80008b76 (0x02cf5363)
core   0: 0x80008b9c (0x00016b63) bltu    sp, zero, pc + 22
core   0: 0 0x80008b9c (0x00016b63)
core   0: 0x80008ba0 (0x000061b5) c.lui   gp, 0xd
core   0: 0 0x80008ba0 (0x61b5) x3  0x0000d000
core   0: 0x80008ba2 (0x00008d85) c.sub   a1, s1
core   0: 0 0x80008ba2 (0x8d85) x11 0xffff8001
core   0: 0x80008ba4 (0x035d98b3) mulh    a7, s11, s5
core   0: 0 0x80008ba4 (0x035d98b3) x17 0xffffffff
core   0: 0x80008ba8 (0x0159e563) bltu    s3, s5, pc + 10
core   0: 0 0x80008ba8 (0x0159e563)
core   0: 0x80008bb2 (0x00000f6a) c.slli  t5, 26
core   0: 0 0x80008bb2 (0x0f6a) x30 0x00000000
core   0: 0x80008bb4 (0x0000818d) c.srli  a1, 3
core   0: 0 0x80008bb4 (0x818d) x11 0x1ffff000
core   0: 0x80008bb6 (0x02468eb3) mul     t4, a3, tp
core   0: 0 0x80008bb6 (0x02468eb3) x29 0x00000000
core   0: 0x80008bba (0x010c1f93) slli    t6, s8, 16
core   0: 0 0x80008bba (0x010c1f93) x31 0x00000000
core   0: 0x80008bbe (0x6ed50913) addi    s2, a0, 1773
core   0: 0 0x80008bbe (0x6ed50913) x18 0x000007d1
core   0: 0x80008bc2 (0x6a712893) slti    a7, sp, 1703
core   0: 0 0x80008bc2 (0x6a712893) x17 0x00000001
core   0: 0x80008bc6 (0x99f2c693) xori    a3, t0, -1633
core   0: 0 0x80008bc6 (0x99f2c693) x13 0xfffff99f
core   0: 0x80008bca (0x008ead33) slt     s10, t4, s0
core   0: 0 0x80008bca (0x008ead33) x26 0x00000000
core   0: 0x80008bce (0x02279cb3) mulh    s9, a5, sp
core   0: 0 0x80008bce (0x02279cb3) x25 0xff9df245
core   0: 0x80008bd2 (0x4059d313) srai    t1, s3, 5
core   0: 0 0x80008bd2 (0x4059d313) x6  0x00000000
core   0: 0x80008bd6 (0x00000001) c.nop
core   0: 0 0x80008bd6 (0x0001)
core   0: 0x80008bd8 (0x7d8dc013) xori    zero, s11, 2008
core   0: 0 0x80008bd8 (0x7d8dc013)
core   0: 0x80008bdc (0x0000187d) c.addi  a6, -1
core   0: 0 0x80008bdc (0x187d) x16 0xffffffff
core   0: 0x80008bde (0x00008ea9) c.xor   a3, a0
core   0: 0 0x80008bde (0x8ea9) x13 0xfffff97b
core   0: 0x80008be0 (0x009a1c93) slli    s9, s4, 9
core   0: 0 0x80008be0 (0x009a1c93) x25 0x71481000
core   0: 0x80008be4 (0x00008f1d) c.sub   a4, a5
core   0: 0 0x80008be4 (0x8f1d) x14 0x1cf4a224
core   0: 0x80008be6 (0x7975a337) lui     t1, 0x7975a
core   0: 0 0x80008be6 (0x7975a337) x6  0x7975a000
core   0: 0x80008bea (0x00008eed) c.and   a3, a1
core   0: 0 0x80008bea (0x8eed) x13 0x1ffff000
core   0: 0x80008bec (0x03ff6333) rem     t1, t5, t6
core   0: 0 0x80008bec (0x03ff6333) x6  0x00000000
core   0: 0x80008bf0 (0x150fc693) xori    a3, t6, 336
core   0: 0 0x80008bf0 (0x150fc693) x13 0x00000150
core   0: 0x80008bf4 (0x5224a813) slti    a6, s1, 1314
core   0: 0 0x80008bf4 (0x5224a813) x16 0x00000000
core   0: 0x80008bf8 (0x081b3993) sltiu   s3, s6, 129
core   0: 0 0x80008bf8 (0x081b3993) x19 0x00000000
core   0: 0x80008bfc (0x410255b3) sra     a1, tp, a6
core   0: 0 0x80008bfc (0x410255b3) x11 0x00000001
core   0: 0x80008c00 (0x00008e89) c.sub   a3, a0
core   0: 0 0x80008c00 (0x8e89) x13 0x0000006c
core   0: 0x80008c02 (0x03341f33) mulh    t5, s0, s3
core   0: 0 0x80008c02 (0x03341f33) x30 0x00000000
core   0: 0x80008c06 (0x0000615d) c.addi16sp sp, 432
core   0: 0 0x80008c06 (0x615d) x2  0x9df246f0
core   0: 0x80008c08 (0x4125dd13) srai    s10, a1, 18
core   0: 0 0x80008c08 (0x4125dd13) x26 0x00000000
core   0: 0x80008c0c (0xc842b813) sltiu   a6, t0, -892
core   0: 0 0x80008c0c (0xc842b813) x16 0x00000001
core   0: 0x80008c10 (0x000068f9) c.lui   a7, 0x1e
core   0: 0 0x80008c10 (0x68f9) x17 0x0001e000
core   0: 0x80008c12 (0x00008ca2) c.mv    s9, s0
core   0: 0 0x80008c12 (0x8ca2) x25 0x80000000
core   0: 0x80008c14 (0x021754b3) divu    s1, a4, ra
core   0: 0 0x80008c14 (0x021754b3) x9  0x00000000
core   0: 0x80008c18 (0x41c4da33) sra     s4, s1, t3
core   0: 0 0x80008c18 (0x41c4da33) x20 0x00000000
core   0: 0x80008c1c (0x033ea833) mulhsu  a6, t4, s3
core   0: 0 0x80008c1c (0x033ea833) x16 0x00000000
core   0: 0x80008c20 (0x01ffdfb3) srl     t6, t6, t6
core   0: 0 0x80008c20 (0x01ffdfb3) x31 0x00000000
core   0: 0x80008c24 (0x00008de9) c.and   a1, a0
core   0: 0 0x80008c24 (0x8de9) x11 0x00000000
core   0: 0x80008c26 (0x000089f2) c.mv    s3, t3
core   0: 0 0x80008c26 (0x89f2) x19 0x80021e64
core   0: 0x80008c28 (0x00e037b3) snez    a5, a4
core   0: 0 0x80008c28 (0x00e037b3) x15 0x00000001
core   0: 0x80008c2c (0x0ff0000f) fence   iorw,iorw
core   0: 0 0x80008c2c (0x0ff0000f)
core   0: 0x80008c30 (0x0000cb09) c.beqz  a4, pc + 18
core   0: 0 0x80008c30 (0xcb09)
core   0: 0x80008c32 (0xcae9b293) sltiu   t0, s3, -850
core   0: 0 0x80008c32 (0xcae9b293) x5  0x00000001
core   0: 0x80008c36 (0x0104f333) and     t1, s1, a6
core   0: 0 0x80008c36 (0x0104f333) x6  0x00000000
core   0: 0x80008c3a (0x02a16d63) bltu    sp, a0, pc + 58
core   0: 0 0x80008c3a (0x02a16d63)
core   0: 0x80008c3e (0x02115363) bge     sp, ra, pc + 38
core   0: 0 0x80008c3e (0x02115363)
core   0: 0x80008c42 (0x0000100f) fence.i
core   0: 0 0x80008c42 (0x0000100f)
core   0: 0x80008c46 (0xe26b3793) sltiu   a5, s6, -474
core   0: 0 0x80008c46 (0xe26b3793) x15 0x00000001
core   0: 0x80008c4a (0x92df2a93) slti    s5, t5, -1747
core   0: 0 0x80008c4a (0x92df2a93) x21 0x00000000
core   0: 0x80008c4e (0x004f3833) sltu    a6, t5, tp
core   0: 0 0x80008c4e (0x004f3833) x16 0x00000001
core   0: 0x80008c52 (0x00000001) c.nop
core   0: 0 0x80008c52 (0x0001)
core   0: 0x80008c54 (0x03c6e033) rem     zero, a3, t3
core   0: 0 0x80008c54 (0x03c6e033)
core   0: 0x80008c58 (0x01bb66b3) or      a3, s6, s11
core   0: 0 0x80008c58 (0x01bb66b3) x13 0xfff7f9ff
core   0: 0x80008c5c (0x0392b0b3) mulhu   ra, t0, s9
core   0: 0 0x80008c5c (0x0392b0b3) x1  0x00000000
core   0: 0x80008c60 (0x000086e1) c.srai  a3, 24
core   0: 0 0x80008c60 (0x86e1) x13 0xffffffff
core   0: 0x80008c62 (0x00008fdd) c.or    a5, a5
core   0: 0 0x80008c62 (0x8fdd) x15 0x00000001
core   0: 0x80008c64 (0x03079a33) mulh    s4, a5, a6
core   0: 0 0x80008c64 (0x03079a33) x20 0x00000000
core   0: 0x80008c68 (0x00008bc6) c.mv    s7, a7
core   0: 0 0x80008c68 (0x8bc6) x23 0x0001e000
core   0: 0x80008c6a (0x03b78363) beq     a5, s11, pc + 38
core   0: 0 0x80008c6a (0x03b78363)
core   0: 0x80008c6e (0x02251c63) bne     a0, sp, pc + 56
core   0: 0 0x80008c6e (0x02251c63)
core   0: 0x80008ca6 (0x01bc1133) sll     sp, s8, s11
core   0: 0 0x80008ca6 (0x01bc1133) x2  0x00000000
core   0: 0x80008caa (0x0181e8b3) or      a7, gp, s8
core   0: 0 0x80008caa (0x0181e8b3) x17 0x0000d000
core   0: 0x80008cae (0x037379b3) remu    s3, t1, s7
core   0: 0 0x80008cae (0x037379b3) x19 0x00000000
core   0: 0x80008cb2 (0x0122fcb3) and     s9, t0, s2
core   0: 0 0x80008cb2 (0x0122fcb3) x25 0x00000001
core   0: 0x80008cb6 (0x0243ed63) bltu    t2, tp, pc + 58
core   0: 0 0x80008cb6 (0x0243ed63)
core   0: 0x80008cba (0x00008fdd) c.or    a5, a5
core   0: 0 0x80008cba (0x8fdd) x15 0x00000001
core   0: 0x80008cbc (0x00000001) c.nop
core   0: 0 0x80008cbc (0x0001)
core   0: 0x80008cbe (0x1d646293) ori     t0, s0, 470
core   0: 0 0x80008cbe (0x1d646293) x5  0x800001d6
core   0: 0x80008cc2 (0x0000c115) c.beqz  a0, pc + 36
core   0: 0 0x80008cc2 (0xc115)
core   0: 0x80008cc4 (0x0ff0000f) fence   iorw,iorw
core   0: 0 0x80008cc4 (0x0ff0000f)
core   0: 0x80008cc8 (0x00004f45) c.li    t5, 17
core   0: 0 0x80008cc8 (0x4f45) x30 0x00000011
core   0: 0x80008cca (0xa091e293) ori     t0, gp, -1527
core   0: 0 0x80008cca (0xa091e293) x5  0xfffffa09
core   0: 0x80008cce (0x02bdc263) blt     s11, a1, pc + 36
core   0: 0 0x80008cce (0x02bdc263)
core   0: 0x80008cf2 (0x00304d63) blt     zero, gp, pc + 26
core   0: 0 0x80008cf2 (0x00304d63)
core   0: 0x80008d0c (0x00351493) slli    s1, a0, 3
core   0: 0 0x80008d0c (0x00351493) x9  0x00000720
core   0: 0x80008d10 (0x00008d7d) c.and   a0, a5
core   0: 0 0x80008d10 (0x8d7d) x10 0x00000000
core   0: 0x80008d12 (0x6ac16093) ori     ra, sp, 1708
core   0: 0 0x80008d12 (0x6ac16093) x1  0x000006ac
core   0: 0x80008d16 (0x00008175) c.srli  a0, 29
core   0: 0 0x80008d16 (0x8175) x10 0x00000000
core   0: 0x80008d18 (0x0ff0000f) fence   iorw,iorw
core   0: 0 0x80008d18 (0x0ff0000f)
core   0: 0x80008d1c (0x01428663) beq     t0, s4, pc + 12
core   0: 0 0x80008d1c (0x01428663)
core   0: 0x80008d20 (0xd5c6cc13) xori    s8, a3, -676
core   0: 0 0x80008d20 (0xd5c6cc13) x24 0x000002a3
core   0: 0x80008d24 (0x032443b3) div     t2, s0, s2
core   0: 0 0x80008d24 (0x032443b3) x7  0xffef9fcb
core   0: 0x80008d28 (0x0ff0000f) fence   iorw,iorw
core   0: 0 0x80008d28 (0x0ff0000f)
core   0: 0x80008d2c (0x00b521b3) slt     gp, a0, a1
core   0: 0 0x80008d2c (0x00b521b3) x3  0x00000000
core   0: 0x80008d30 (0x01b61013) slli    zero, a2, 27
core   0: 0 0x80008d30 (0x01b61013)
core   0: 0x80008d34 (0x0000108c) c.addi4spn a1, sp, 96
core   0: 0 0x80008d34 (0x108c) x11 0x00000060
core   0: 0x80008d36 (0x030f5263) bge     t5, a6, pc + 36
core   0: 0 0x80008d36 (0x030f5263)
core   0: 0x80008d5a (0x000d3033) sltu    zero, s10, zero
core   0: 0 0x80008d5a (0x000d3033)
core   0: 0x80008d5e (0x00005efd) c.li    t4, -1
core   0: 0 0x80008d5e (0x5efd) x29 0xffffffff
core   0: 0x80008d60 (0x45661e97) auipc   t4, 0x45661
core   0: 0 0x80008d60 (0x45661e97) x29 0xc5669d60
core   0: 0x80008d64 (0x01e19093) slli    ra, gp, 30
core   0: 0 0x80008d64 (0x01e19093) x1  0x00000000
core   0: 0x80008d68 (0x02bcd4b3) divu    s1, s9, a1
core   0: 0 0x80008d68 (0x02bcd4b3) x9  0x00000000
core   0: 0x80008d6c (0x03c962b3) rem     t0, s2, t3
core   0: 0 0x80008d6c (0x03c962b3) x5  0x000007d1
core   0: 0x80008d70 (0x00000001) c.nop
core   0: 0 0x80008d70 (0x0001)
core   0: 0x80008d72 (0x01b86463) bltu    a6, s11, pc + 8
core   0: 0 0x80008d72 (0x01b86463)
core   0: 0x80008d7a (0x410108b3) sub     a7, sp, a6
core   0: 0 0x80008d7a (0x410108b3) x17 0xffffffff
core   0: 0x80008d7e (0x0000808e) c.mv    ra, gp
core   0: 0 0x80008d7e (0x808e) x1  0x00000000
core   0: 0x80008d80 (0x00dcc263) blt     s9, a3, pc + 4
core   0: 0 0x80008d80 (0x00dcc263)
core   0: 0x80008d84 (0x41015313) srai    t1, sp, 16
core   0: 0 0x80008d84 (0x41015313) x6  0x00000000
core   0: 0x80008d88 (0x00008d51) c.or    a0, a2
core   0: 0 0x80008d88 (0x8d51) x10 0x80025ce4
core   0: 0x80008d8a (0x0257af33) mulhsu  t5, a5, t0
core   0: 0 0x80008d8a (0x0257af33) x30 0x00000000
core   0: 0x80008d8e (0x058b7063) bgeu    s6, s8, pc + 64
core   0: 0 0x80008d8e (0x058b7063)
core   0: 0x80008dce (0x00001cfd) c.addi  s9, -1
core   0: 0 0x80008dce (0x1cfd) x25 0x00000000
core   0: 0x80008dd0 (0x00001f7d) c.addi  t5, -1
core   0: 0 0x80008dd0 (0x1f7d) x30 0xffffffff
core   0: 0x80008dd2 (0x02befc33) remu    s8, t4, a1
core   0: 0 0x80008dd2 (0x02befc33) x24 0x00000000
core   0: 0x80008dd6 (0x00008cbd) c.xor   s1, a5
core   0: 0 0x80008dd6 (0x8cbd) x9  0x00000001
core   0: 0x80008dd8 (0x0225c263) blt     a1, sp, pc + 36
core   0: 0 0x80008dd8 (0x0225c263)
core   0: 0x80008ddc (0x02058b33) mul     s6, a1, zero
core   0: 0 0x80008ddc (0x02058b33) x22 0x00000000
core   0: 0x80008de0 (0x0113deb3) srl     t4, t2, a7
core   0: 0 0x80008de0 (0x0113deb3) x29 0x00000001
core   0: 0x80008de4 (0x0223f833) remu    a6, t2, sp
core   0: 0 0x80008de4 (0x0223f833) x16 0xffef9fcb
core   0: 0x80008de8 (0xec6ba913) slti    s2, s7, -314
core   0: 0 0x80008de8 (0xec6ba913) x18 0x00000000
core   0: 0x80008dec (0x6cf07c93) andi    s9, zero, 1743
core   0: 0 0x80008dec (0x6cf07c93) x25 0x00000000
core   0: 0x80008df0 (0x02eea6b3) mulhsu  a3, t4, a4
core   0: 0 0x80008df0 (0x02eea6b3) x13 0x00000000
core   0: 0x80008df4 (0x027065b3) rem     a1, zero, t2
core   0: 0 0x80008df4 (0x027065b3) x11 0x00000000
core   0: 0x80008df8 (0x013f8e63) beq     t6, s3, pc + 28
core   0: 0 0x80008df8 (0x013f8e63)
core   0: 0x80008e14 (0x02d17e63) bgeu    sp, a3, pc + 60
core   0: 0 0x80008e14 (0x02d17e63)
core   0: 0x80008e50 (0x00008ed9) c.or    a3, a4
core   0: 0 0x80008e50 (0x8ed9) x13 0x1cf4a224
core   0: 0x80008e52 (0x000085d9) c.srai  a1, 22
core   0: 0 0x80008e52 (0x85d9) x11 0x00000000
core   0: 0x80008e54 (0x00000122) c.slli  sp, 8
core   0: 0 0x80008e54 (0x0122) x2  0x00000000
core   0: 0x80008e56 (0x0ff0000f) fence   iorw,iorw
core   0: 0 0x80008e56 (0x0ff0000f)
core   0: 0x80008e5a (0x0000100f) fence.i
core   0: 0 0x80008e5a (0x0000100f)
core   0: 0x80008e5e (0x022aafb3) mulhsu  t6, s5, sp
core   0: 0 0x80008e5e (0x022aafb3) x31 0x00000000
core   0: 0x80008e62 (0x00f99463) bne     s3, a5, pc + 8
core   0: 0 0x80008e62 (0x00f99463)
core   0: 0x80008e6a (0x0000e899) c.bnez  s1, pc + 22
core   0: 0 0x80008e6a (0xe899)
core   0: 0x80008e80 (0x00000001) c.nop
core   0: 0 0x80008e80 (0x0001)
core   0: 0x80008e82 (0x00008bcd) c.andi  a5, 19
core   0: 0 0x80008e82 (0x8bcd) x15 0x00000001
core   0: 0x80008e84 (0x025d2b33) mulhsu  s6, s10, t0
core   0: 0 0x80008e84 (0x025d2b33) x22 0x00000000
core   0: 0x80008e88 (0x03ac77b3) remu    a5, s8, s10
core   0: 0 0x80008e88 (0x03ac77b3) x15 0x00000000
core   0: 0x80008e8c (0x416f0533) sub     a0, t5, s6
core   0: 0 0x80008e8c (0x416f0533) x10 0xffffffff
core   0: 0x80008e90 (0x00008f39) c.xor   a4, a4
core   0: 0 0x80008e90 (0x8f39) x14 0x00000000
core   0: 0x80008e92 (0x00008d71) c.and   a0, a2
core   0: 0 0x80008e92 (0x8d71) x10 0x80025ce4
core   0: 0x80008e94 (0x036cdd33) divu    s10, s9, s6
core   0: 0 0x80008e94 (0x036cdd33) x26 0xffffffff
core   0: 0x80008e98 (0xc3fc4c93) xori    s9, s8, -961
core   0: 0 0x80008e98 (0xc3fc4c93) x25 0xfffffc3f
core   0: 0x80008e9c (0x000086ed) c.srai  a3, 27
core   0: 0 0x80008e9c (0x86ed) x13 0x00000003
core   0: 0x80008e9e (0x4fcb4f93) xori    t6, s6, 1276
core   0: 0 0x80008e9e (0x4fcb4f93) x31 0x000004fc
core   0: 0x80008ea2 (0x000082b9) c.srli  a3, 14
core   0: 0 0x80008ea2 (0x82b9) x13 0x00000000
core   0: 0x80008ea4 (0x03269363) bne     a3, s2, pc + 38
core   0: 0 0x80008ea4 (0x03269363)
core   0: 0x80008ea8 (0x01694c33) xor     s8, s2, s6
core   0: 0 0x80008ea8 (0x01694c33) x24 0x00000000
core   0: 0x80008eac (0x003a9a13) slli    s4, s5, 3
core   0: 0 0x80008eac (0x003a9a13) x20 0x00000000
core   0: 0x80008eb0 (0x000010fd) c.addi  ra, -1
core   0: 0 0x80008eb0 (0x10fd) x1  0xffffffff
core   0: 0x80008eb2 (0x00008dfd) c.and   a1, a5
core   0: 0 0x80008eb2 (0x8dfd) x11 0x00000000
core   0: 0x80008eb4 (0x022f5233) divu    tp, t5, sp
core   0: 0 0x80008eb4 (0x022f5233) x4  0xffffffff
core   0: 0x80008eb8 (0x014c4963) blt     s8, s4, pc + 18
core   0: 0 0x80008eb8 (0x014c4963)
core   0: 0x80008ebc (0x02e1d7b3) divu    a5, gp, a4
core   0: 0 0x80008ebc (0x02e1d7b3) x15 0xffffffff
core   0: 0x80008ec0 (0x00000001) c.nop
core   0: 0 0x80008ec0 (0x0001)
core   0: 0x80008ec2 (0x00bec9b3) xor     s3, t4, a1
core   0: 0 0x80008ec2 (0x00bec9b3) x19 0x00000001
core   0: 0x80008ec6 (0x0e57a193) slti    gp, a5, 229
core   0: 0 0x80008ec6 (0x0e57a193) x3  0x00000001
core   0: 0x80008eca (0x0000100f) fence.i
core   0: 0 0x80008eca (0x0000100f)
core   0: 0x80008ece (0x024c39b3) mulhu   s3, s8, tp
core   0: 0 0x80008ece (0x024c39b3) x19 0x00000000
core   0: 0x80008ed2 (0x009ef563) bgeu    t4, s1, pc + 10
core   0: 0 0x80008ed2 (0x009ef563)
core   0: 0x80008edc (0xd86ac693) xori    a3, s5, -634
core   0: 0 0x80008edc (0xd86ac693) x13 0xfffffd86
core   0: 0x80008ee0 (0x00008fe5) c.and   a5, s1
core   0: 0 0x80008ee0 (0x8fe5) x15 0x00000001
core   0: 0x80008ee2 (0x41825eb3) sra     t4, tp, s8
core   0: 0 0x80008ee2 (0x41825eb3) x29 0xffffffff
core   0: 0x80008ee6 (0x018294b3) sll     s1, t0, s8
core   0: 0 0x80008ee6 (0x018294b3) x9  0x000007d1
core   0: 0x80008eea (0x00000001) c.nop
core   0: 0 0x80008eea (0x0001)
core   0: 0x80008eec (0xaa09aeb7) lui     t4, 0xaa09a
core   0: 0 0x80008eec (0xaa09aeb7) x29 0xaa09a000
core   0: 0x80008ef0 (0x03c7b0b3) mulhu   ra, a5, t3
core   0: 0 0x80008ef0 (0x03c7b0b3) x1  0x00000000
core   0: 0x80008ef4 (0x00008db5) c.xor   a1, a3
core   0: 0 0x80008ef4 (0x8db5) x11 0xfffffd86
core   0: 0x80008ef6 (0x00009d72) c.add   s10, t3
core   0: 0 0x80008ef6 (0x9d72) x26 0x80021e63
core   0: 0x80008ef8 (0x03fe7db3) remu    s11, t3, t6
core   0: 0 0x80008ef8 (0x03fe7db3) x27 0x000003a8
core   0: 0x80008efc (0x000045bd) c.li    a1, 15
core   0: 0 0x80008efc (0x45bd) x11 0x0000000f
core   0: 0x80008efe (0x05b85163) bge     a6, s11, pc + 66
core   0: 0 0x80008efe (0x05b85163)
core   0: 0x80008f02 (0x00000b8a) c.slli  s7, 2
core   0: 0 0x80008f02 (0x0b8a) x23 0x00078000
core   0: 0x80008f04 (0x0000101c) c.addi4spn a5, sp, 32
core   0: 0 0x80008f04 (0x101c) x15 0x00000020
core   0: 0x80008f06 (0x40c25913) srai    s2, tp, 12
core   0: 0 0x80008f06 (0x40c25913) x18 0xffffffff
core   0: 0x80008f0a (0x02a15033) divu    zero, sp, a0
core   0: 0 0x80008f0a (0x02a15033)
core   0: 0x80008f0e (0xa4f13393) sltiu   t2, sp, -1457
core   0: 0 0x80008f0e (0xa4f13393) x7  0x00000001
core   0: 0x80008f12 (0x03e74563) blt     a4, t5, pc + 42
core   0: 0 0x80008f12 (0x03e74563)
core   0: 0x80008f16 (0x4c9a2a93) slti    s5, s4, 1225
core   0: 0 0x80008f16 (0x4c9a2a93) x21 0x00000001
core   0: 0x80008f1a (0x419f8333) sub     t1, t6, s9
core   0: 0 0x80008f1a (0x419f8333) x6  0x000008bd
core   0: 0x80008f1e (0x00008739) c.srai  a4, 14
core   0: 0 0x80008f1e (0x8739) x14 0x00000000
core   0: 0x80008f20 (0xe2f95497) auipc   s1, 0xe2f95
core   0: 0 0x80008f20 (0xe2f95497) x9  0x62f9df20
core   0: 0x80008f24 (0x00008f29) c.xor   a4, a0
core   0: 0 0x80008f24 (0x8f29) x14 0x80025ce4
core   0: 0x80008f26 (0x403d86b3) sub     a3, s11, gp
core   0: 0 0x80008f26 (0x403d86b3) x13 0x000003a7
core   0: 0x80008f2a (0x00001c7d) c.addi  s8, -1
core   0: 0 0x80008f2a (0x1c7d) x24 0xffffffff
core   0: 0x80008f2c (0x024f21b3) mulhsu  gp, t5, tp
core   0: 0 0x80008f2c (0x024f21b3) x3  0xffffffff
core   0: 0x80008f30 (0x00b17463) bgeu    sp, a1, pc + 8
core   0: 0 0x80008f30 (0x00b17463)
core   0: 0x80008f34 (0x03df6f33) rem     t5, t5, t4
core   0: 0 0x80008f34 (0x03df6f33) x30 0xffffffff
core   0: 0x80008f38 (0x00009106) c.add   sp, ra
core   0: 0 0x80008f38 (0x9106) x2  0x00000000
core   0: 0x80008f3a (0x00001d9c) c.addi4spn a5, sp, 752
core   0: 0 0x80008f3a (0x1d9c) x15 0x000002f0
core   0: 0x80008f3c (0x5117e593) ori     a1, a5, 1297
core   0: 0 0x80008f3c (0x5117e593) x11 0x000007f1
core   0: 0x80008f40 (0x00021d93) slli    s11, tp, 0
core   0: 0 0x80008f40 (0x00021d93) x27 0xffffffff
core   0: 0x80008f44 (0x021c0333) mul     t1, s8, ra
core   0: 0 0x80008f44 (0x021c0333) x6  0x00000000
core   0: 0x80008f48 (0xa7f0c317) auipc   t1, 0xa7f0c
core   0: 0 0x80008f48 (0xa7f0c317) x6  0x27f14f48
core   0: 0x80008f4c (0x0036d033) srl     zero, a3, gp
core   0: 0 0x80008f4c (0x0036d033)
core   0: 0x80008f50 (0x40db59b3) sra     s3, s6, a3
core   0: 0 0x80008f50 (0x40db59b3) x19 0x00000000
core   0: 0x80008f54 (0x0000613d) c.addi16sp sp, 480
core   0: 0 0x80008f54 (0x613d) x2  0x000001e0
core   0: 0x80008f56 (0x0000187d) c.addi  a6, -1
core   0: 0 0x80008f56 (0x187d) x16 0xffef9fca
core   0: 0x80008f58 (0x000089a9) c.andi  a1, 10
core   0: 0 0x80008f58 (0x89a9) x11 0x00000000
core   0: 0x80008f5a (0x930ecb93) xori    s7, t4, -1744
core   0: 0 0x80008f5a (0x930ecb93) x23 0x55f65930
core   0: 0x80008f5e (0x00009b7d) c.andi  a4, -1
core   0: 0 0x80008f5e (0x9b7d) x14 0x80025ce4
core   0: 0x80008f60 (0x011168b3) or      a7, sp, a7
core   0: 0 0x80008f60 (0x011168b3) x17 0xffffffff
core   0: 0x80008f64 (0x0000100f) fence.i
core   0: 0 0x80008f64 (0x0000100f)
core   0: 0x80008f68 (0x0000c099) c.beqz  s1, pc + 6
core   0: 0 0x80008f68 (0xc099)
core   0: 0x80008f6a (0x000067b1) c.lui   a5, 0xc
core   0: 0 0x80008f6a (0x67b1) x15 0x0000c000
core   0: 0x80008f6c (0x000004a6) c.slli  s1, 9
core   0: 0 0x80008f6c (0x04a6) x9  0xf3be4000
core   0: 0x80008f6e (0x0000871d) c.srai  a4, 7
core   0: 0 0x80008f6e (0x871d) x14 0xff0004b9
core   0: 0x80008f70 (0x00d7d893) srli    a7, a5, 13
core   0: 0 0x80008f70 (0x00d7d893) x17 0x00000006
core   0: 0x80008f74 (0x05dde063) bltu    s11, t4, pc + 64
core   0: 0 0x80008f74 (0x05dde063)
core   0: 0x80008f78 (0x00008dbd) c.xor   a1, a5
core   0: 0 0x80008f78 (0x8dbd) x11 0x0000c000
core   0: 0x80008f7a (0x0ef7f393) andi    t2, a5, 239
core   0: 0 0x80008f7a (0x0ef7f393) x7  0x00000000
core   0: 0x80008f7e (0x00008ee9) c.and   a3, a0
core   0: 0 0x80008f7e (0x8ee9) x13 0x000000a4
core   0: 0x80008f80 (0x00004145) c.li    sp, 17
core   0: 0 0x80008f80 (0x4145) x2  0x00000011
core   0: 0x80008f82 (0x15314b93) xori    s7, sp, 339
core   0: 0 0x80008f82 (0x15314b93) x23 0x00000142
core   0: 0x80008f86 (0x0000eb0d) c.bnez  a4, pc + 50
core   0: 0 0x80008f86 (0xeb0d)
core   0: 0x80008fb8 (0xd493e9b7) lui     s3, 0xd493e
core   0: 0 0x80008fb8 (0xd493e9b7) x19 0xd493e000
core   0: 0x80008fbc (0x00000001) c.nop
core   0: 0 0x80008fbc (0x0001)
core   0: 0x80008fbe (0x0000939e) c.add   t2, t2
core   0: 0 0x80008fbe (0x939e) x7  0x00000000
core   0: 0x80008fc0 (0x40890fb3) sub     t6, s2, s0
core   0: 0 0x80008fc0 (0x40890fb3) x31 0x7fffffff
core   0: 0x80008fc4 (0x0000cb9d) c.beqz  a5, pc + 54
core   0: 0 0x80008fc4 (0xcb9d)
core   0: 0x80008fc6 (0x000099fd) c.andi  a1, -1
core   0: 0 0x80008fc6 (0x99fd) x11 0x0000c000
core   0: 0x80008fc8 (0x00000194) c.addi4spn a3, sp, 192
core   0: 0 0x80008fc8 (0x0194) x13 0x000000d1
core   0: 0x80008fca (0x00000001) c.nop
core   0: 0 0x80008fca (0x0001)
core   0: 0x80008fcc (0x0000951e) c.add   a0, t2
core   0: 0 0x80008fcc (0x951e) x10 0x80025ce4
core   0: 0x80008fce (0x95878a13) addi    s4, a5, -1704
core   0: 0 0x80008fce (0x95878a13) x20 0x0000b958
core   0: 0x80008fd2 (0xe7a66a13) ori     s4, a2, -390
core   0: 0 0x80008fd2 (0xe7a66a13) x20 0xfffffefe
core   0: 0x80008fd6 (0x00000001) c.nop
core   0: 0 0x80008fd6 (0x0001)
core   0: 0x80008fd8 (0x000084f5) c.srai  s1, 29
core   0: 0 0x80008fd8 (0x84f5) x9  0xffffffff
core   0: 0x80008fda (0x02ce7933) remu    s2, t3, a2
core   0: 0 0x80008fda (0x02ce7933) x18 0x80021e64
core   0: 0x80008fde (0x00008ff9) c.and   a5, a4
core   0: 0 0x80008fde (0x8ff9) x15 0x00000000
core   0: 0x80008fe0 (0x017c0cb3) add     s9, s8, s7
core   0: 0 0x80008fe0 (0x017c0cb3) x25 0x00000141
core   0: 0x80008fe4 (0x035dd533) divu    a0, s11, s5
core   0: 0 0x80008fe4 (0x035dd533) x10 0xffffffff
core   0: 0x80008fe8 (0x00009afd) c.andi  a3, -1
core   0: 0 0x80008fe8 (0x9afd) x13 0x000000d1
core   0: 0x80008fea (0x03f78bb3) mul     s7, a5, t6
core   0: 0 0x80008fea (0x03f78bb3) x23 0x00000000
core   0: 0x80008fee (0x00c156b3) srl     a3, sp, a2
core   0: 0 0x80008fee (0x00c156b3) x13 0x00000001
core   0: 0x80008ff2 (0xe143da97) auipc   s5, 0xe143d
core   0: 0 0x80008ff2 (0xe143da97) x21 0x61445ff2
core   0: 0x80008ff6 (0x029f9ab3) mulh    s5, t6, s1
core   0: 0 0x80008ff6 (0x029f9ab3) x21 0xffffffff
core   0: 0x80008ffa (0x00008b01) c.andi  a4, 0
core   0: 0 0x80008ffa (0x8b01) x14 0x00000000
core   0: 0x80008ffc (0x00000716) c.slli  a4, 5
core   0: 0 0x80008ffc (0x0716) x14 0x00000000
core   0: 0x80008ffe (0x000011fd) c.addi  gp, -1
core   0: 0 0x80008ffe (0x11fd) x3  0xfffffffe
core   0: 0x80009000 (0x0099edb3) or      s11, s3, s1
core   0: 0 0x80009000 (0x0099edb3) x27 0xffffffff
core   0: 0x80009004 (0x01e0b7b3) sltu    a5, ra, t5
core   0: 0 0x80009004 (0x01e0b7b3) x15 0x00000001
core   0: 0x80009008 (0x030d5a33) divu    s4, s10, a6
core   0: 0 0x80009008 (0x030d5a33) x20 0x00000000
core   0: 0x8000900c (0x03c72933) mulhsu  s2, a4, t3
core   0: 0 0x8000900c (0x03c72933) x18 0x00000000
core   0: 0x80009010 (0x00009cb6) c.add   s9, a3
core   0: 0 0x80009010 (0x9cb6) x25 0x00000142
core   0: 0x80009012 (0x00006ddd) c.lui   s11, 0x17
core   0: 0 0x80009012 (0x6ddd) x27 0x00017000
core   0: 0x80009014 (0x009d70b3) and     ra, s10, s1
core   0: 0 0x80009014 (0x009d70b3) x1  0x80021e63
core   0: 0x80009018 (0x00008aee) c.mv    s5, s11
core   0: 0 0x80009018 (0x8aee) x21 0x00017000
core   0: 0x8000901a (0x01d9b8b3) sltu    a7, s3, t4
core   0: 0 0x8000901a (0x01d9b8b3) x17 0x00000000
core   0: 0x8000901e (0xfdd5b493) sltiu   s1, a1, -35
core   0: 0 0x8000901e (0xfdd5b493) x9  0x00000001
core   0: 0x80009022 (0x00330133) add     sp, t1, gp
core   0: 0 0x80009022 (0x00330133) x2  0x27f14f46
core   0: 0x80009026 (0x00008d49) c.or    a0, a0
core   0: 0 0x80009026 (0x8d49) x10 0xffffffff
core   0: 0x80009028 (0x40a202b3) sub     t0, tp, a0
core   0: 0 0x80009028 (0x40a202b3) x5  0x00000000
core   0: 0x8000902c (0x00d99693) slli    a3, s3, 13
core   0: 0 0x8000902c (0x00d99693) x13 0x7c000000
core   0: 0x80009030 (0x03e70333) mul     t1, a4, t5
core   0: 0 0x80009030 (0x03e70333) x6  0x00000000
core   0: 0x80009034 (0x01b9e8b3) or      a7, s3, s11
core   0: 0 0x80009034 (0x01b9e8b3) x17 0xd493f000
core   0: 0x80009038 (0x4103d033) sra     zero, t2, a6
core   0: 0 0x80009038 (0x4103d033)
core   0: 0x8000903c (0x0aefc113) xori    sp, t6, 174
core   0: 0 0x8000903c (0x0aefc113) x2  0x7fffff51
core   0: 0x80009040 (0x00008692) c.mv    a3, tp
core   0: 0 0x80009040 (0x8692) x13 0xffffffff
core   0: 0x80009042 (0xce251137) lui     sp, 0xce251
core   0: 0 0x80009042 (0xce251137) x2  0xce251000
core   0: 0x80009046 (0x00004d7d) c.li    s10, 31
core   0: 0 0x80009046 (0x4d7d) x26 0x0000001f
core   0: 0x80009048 (0x000090de) c.add   ra, s7
core   0: 0 0x80009048 (0x90de) x1  0x80021e63
core   0: 0x8000904a (0x00008fc9) c.or    a5, a0
core   0: 0 0x8000904a (0x8fc9) x15 0xffffffff
core   0: 0x8000904c (0x00e394b3) sll     s1, t2, a4
core   0: 0 0x8000904c (0x00e394b3) x9  0x00000000
core   0: 0x80009050 (0x40645093) srai    ra, s0, 6
core   0: 0 0x80009050 (0x40645093) x1  0xfe000000
core   0: 0x80009054 (0x01ab6833) or      a6, s6, s10
core   0: 0 0x80009054 (0x01ab6833) x16 0x0000001f
core   0: 0x80009058 (0x00008d35) c.xor   a0, a3
core   0: 0 0x80009058 (0x8d35) x10 0x00000000
core   0: 0x8000905a (0x69edbf13) sltiu   t5, s11, 1694
core   0: 0 0x8000905a (0x69edbf13) x30 0x00000000
core   0: 0x8000905e (0x000084ce) c.mv    s1, s3
core   0: 0 0x8000905e (0x84ce) x9  0xd493e000
core   0: 0x80009060 (0x00000775) c.addi  a4, 29
core   0: 0 0x80009060 (0x0775) x14 0x0000001d
core   0: 0x80009062 (0x00f5e793) ori     a5, a1, 15
core   0: 0 0x80009062 (0x00f5e793) x15 0x0000c00f
core   0: 0x80009066 (0x000000a1) c.addi  ra, 8
core   0: 0 0x80009066 (0x00a1) x1  0xfe000008
core   0: 0x80009068 (0x4141d1b3) sra     gp, gp, s4
core   0: 0 0x80009068 (0x4141d1b3) x3  0xfffffffe
core   0: 0x8000906c (0x000090a6) c.add   ra, s1
core   0: 0 0x8000906c (0x90a6) x1  0xd293e008
core   0: 0x8000906e (0x0021d393) srli    t2, gp, 2
core   0: 0 0x8000906e (0x0021d393) x7  0x3fffffff
core   0: 0x80009072 (0x00008d3d) c.xor   a0, a5
core   0: 0 0x80009072 (0x8d3d) x10 0x0000c00f
core   0: 0x80009074 (0xe06bd597) auipc   a1, 0xe06bd
core   0: 0 0x80009074 (0xe06bd597) x11 0x606c6074
core   0: 0x80009078 (0x00a95f63) bge     s2, a0, pc + 30
core   0: 0 0x80009078 (0x00a95f63)
core   0: 0x8000907c (0x000088e6) c.mv    a7, s9
core   0: 0 0x8000907c (0x88e6) x17 0x00000142
core   0: 0x8000907e (0x03da6b33) rem     s6, s4, t4
core   0: 0 0x8000907e (0x03da6b33) x22 0x00000000
core   0: 0x80009082 (0x05308263) beq     ra, s3, pc + 68
core   0: 0 0x80009082 (0x05308263)
core   0: 0x80009086 (0x030c8363) beq     s9, a6, pc + 38
core   0: 0 0x80009086 (0x030c8363)
core   0: 0x8000908a (0x00008911) c.andi  a0, 4
core   0: 0 0x8000908a (0x8911) x10 0x00000004
core   0: 0x8000908c (0x00000001) c.nop
core   0: 0 0x8000908c (0x0001)
core   0: 0x8000908e (0x0293e663) bltu    t2, s1, pc + 44
core   0: 0 0x8000908e (0x0293e663)
core   0: 0x800090ba (0x00b61593) slli    a1, a2, 11
core   0: 0 0x800090ba (0x00b61593) x11 0x12e72000
core   0: 0x800090be (0x02b57663) bgeu    a0, a1, pc + 44
core   0: 0 0x800090be (0x02b57663)
core   0: 0x800090c2 (0x01ab84b3) add     s1, s7, s10
core   0: 0 0x800090c2 (0x01ab84b3) x9  0x0000001f
core   0: 0x800090c6 (0x408906b3) sub     a3, s2, s0
core   0: 0 0x800090c6 (0x408906b3) x13 0x80000000
core   0: 0x800090ca (0x00899c63) bne     s3, s0, pc + 24
core   0: 0 0x800090ca (0x00899c63)
core   0: 0x800090e2 (0x02231db3) mulh    s11, t1, sp
core   0: 0 0x800090e2 (0x02231db3) x27 0x00000000
core   0: 0x800090e6 (0x8dc0e013) ori     zero, ra, -1828
core   0: 0 0x800090e6 (0x8dc0e013)
core   0: 0x800090ea (0x0ff0000f) fence   iorw,iorw
core   0: 0 0x800090ea (0x0ff0000f)
core   0: 0x800090ee (0xa66f2313) slti    t1, t5, -1434
core   0: 0 0x800090ee (0xa66f2313) x6  0x00000000
core   0: 0x800090f2 (0x98868ab7) lui     s5, 0x98868
core   0: 0 0x800090f2 (0x98868ab7) x21 0x98868000
core   0: 0x800090f6 (0x023c5db3) divu    s11, s8, gp
core   0: 0 0x800090f6 (0x023c5db3) x27 0x00000001
core   0: 0x800090fa (0x03256733) rem     a4, a0, s2
core   0: 0 0x800090fa (0x03256733) x14 0x00000004
core   0: 0x800090fe (0x00005bfd) c.li    s7, -1
core   0: 0 0x800090fe (0x5bfd) x23 0xffffffff
core   0: 0x80009100 (0x00001ffd) c.addi  t6, -1
core   0: 0 0x80009100 (0x1ffd) x31 0x7ffffffe
core   0: 0x80009102 (0xbc81fc93) andi    s9, gp, -1080
core   0: 0 0x80009102 (0xbc81fc93) x25 0xfffffbc8
core   0: 0x80009106 (0x01523db3) sltu    s11, tp, s5
core   0: 0 0x80009106 (0x01523db3) x27 0x00000000
core   0: 0x8000910a (0x00008e91) c.sub   a3, a2
core   0: 0 0x8000910a (0x8e91) x13 0xfffda31c
core   0: 0x8000910c (0x8e862d13) slti    s10, a2, -1816
core   0: 0 0x8000910c (0x8e862d13) x26 0x00000001
core   0: 0x80009110 (0x0000e09d) c.bnez  s1, pc + 38
core   0: 0 0x80009110 (0xe09d)
core   0: 0x80009136 (0x023c64b3) rem     s1, s8, gp
core   0: 0 0x80009136 (0x023c64b3) x9  0xffffffff
core   0: 0x8000913a (0x0000100f) fence.i
core   0: 0 0x8000913a (0x0000100f)
core   0: 0x8000913e (0x02cb2d33) mulhsu  s10, s6, a2
core   0: 0 0x8000913e (0x02cb2d33) x26 0x00000000
core   0: 0x80009142 (0x0000023a) c.slli  tp, 14
core   0: 0 0x80009142 (0x023a) x4  0xffffc000
core   0: 0x80009144 (0x00008fce) c.mv    t6, s3
core   0: 0 0x80009144 (0x8fce) x31 0xd493e000
core   0: 0x80009146 (0x000014fd) c.addi  s1, -1
core   0: 0 0x80009146 (0x14fd) x9  0xfffffffe
core   0: 0x80009148 (0x0ff0000f) fence   iorw,iorw
core   0: 0 0x80009148 (0x0ff0000f)
core   0: 0x8000914c (0x0ff0000f) fence   iorw,iorw
core   0: 0 0x8000914c (0x0ff0000f)
core   0: 0x80009150 (0x02e12533) mulhsu  a0, sp, a4
core   0: 0 0x80009150 (0x02e12533) x10 0xffffffff
core   0: 0x80009154 (0x40745793) srai    a5, s0, 7
core   0: 0 0x80009154 (0x40745793) x15 0xff000000
core   0: 0x80009158 (0x00000498) c.addi4spn a4, sp, 576
core   0: 0 0x80009158 (0x0498) x14 0xce251240
core   0: 0x8000915a (0x02ebccb3) div     s9, s7, a4
core   0: 0 0x8000915a (0x02ebccb3) x25 0x00000000
core   0: 0x8000915e (0x00008cd1) c.or    s1, a2
core   0: 0 0x8000915e (0x8cd1) x9  0xfffffffe
core   0: 0x80009160 (0x00006159) c.addi16sp sp, 400
core   0: 0 0x80009160 (0x6159) x2  0xce251190
core   0: 0x80009162 (0x00008ea1) c.xor   a3, s0
core   0: 0 0x80009162 (0x8ea1) x13 0x7ffda31c
core   0: 0x80009164 (0x000080a1) c.srli  s1, 8
core   0: 0 0x80009164 (0x80a1) x9  0x00ffffff
core   0: 0x80009166 (0x01c0e463) bltu    ra, t3, pc + 8
core   0: 0 0x80009166 (0x01c0e463)
core   0: 0x8000916a (0x726dc093) xori    ra, s11, 1830
core   0: 0 0x8000916a (0x726dc093) x1  0x00000726
core   0: 0x8000916e (0x021d7463) bgeu    s10, ra, pc + 40
core   0: 0 0x8000916e (0x021d7463)
core   0: 0x80009172 (0x01b790b3) sll     ra, a5, s11
core   0: 0 0x80009172 (0x01b790b3) x1  0xff000000
core   0: 0x80009176 (0x012f7eb3) and     t4, t5, s2
core   0: 0 0x80009176 (0x012f7eb3) x29 0x00000000
core   0: 0x8000917a (0x00008fe1) c.and   a5, s0
core   0: 0 0x8000917a (0x8fe1) x15 0x80000000
core   0: 0x8000917c (0x007b1f13) slli    t5, s6, 7
core   0: 0 0x8000917c (0x007b1f13) x30 0x00000000
core   0: 0x80009180 (0xfec1b013) sltiu   zero, gp, -20
core   0: 0 0x80009180 (0xfec1b013)
core   0: 0x80009184 (0x020b81b3) mul     gp, s7, zero
core   0: 0 0x80009184 (0x020b81b3) x3  0x00000000
core   0: 0x80009188 (0x00009fd6) c.add   t6, s5
core   0: 0 0x80009188 (0x9fd6) x31 0x6d1a6000
core   0: 0x8000918a (0x00004975) c.li    s2, 29
core   0: 0 0x8000918a (0x4975) x18 0x0000001d
core   0: 0x8000918c (0x0260e033) rem     zero, ra, t1
core   0: 0 0x8000918c (0x0260e033)
core   0: 0x80009190 (0x0ff0000f) fence   iorw,iorw
core   0: 0 0x80009190 (0x0ff0000f)
core   0: 0x80009194 (0x00006bc1) c.lui   s7, 0x10
core   0: 0 0x80009194 (0x6bc1) x23 0x00010000
core   0: 0x80009196 (0x00001894) c.addi4spn a3, sp, 112
core   0: 0 0x80009196 (0x1894) x13 0xce251200
core   0: 0x80009198 (0x472b3717) auipc   a4, 0x472b3
core   0: 0 0x80009198 (0x472b3717) x14 0xc72bc198
core   0: 0x8000919c (0x00000001) c.nop
core   0: 0 0x8000919c (0x0001)
core   0: 0x8000919e (0x04388363) beq     a7, gp, pc + 70
core   0: 0 0x8000919e (0x04388363)
core   0: 0x800091a2 (0x037ab133) mulhu   sp, s5, s7
core   0: 0 0x800091a2 (0x037ab133) x2  0x00009886
core   0: 0x800091a6 (0x8fab7093) andi    ra, s6, -1798
core   0: 0 0x800091a6 (0x8fab7093) x1  0x00000000
core   0: 0x800091aa (0x00000e98) c.addi4spn a4, sp, 848
core   0: 0 0x800091aa (0x0e98) x14 0x00009bd6
core   0: 0x800091ac (0x0369f2b3) remu    t0, s3, s6
core   0: 0 0x800091ac (0x0369f2b3) x5  0xd493e000
core   0: 0x800091b0 (0x5723b013) sltiu   zero, t2, 1394
core   0: 0 0x800091b0 (0x5723b013)
core   0: 0x800091b4 (0x0134c033) xor     zero, s1, s3
core   0: 0 0x800091b4 (0x0134c033)
core   0: 0x800091b8 (0x0000e715) c.bnez  a4, pc + 44
core   0: 0 0x800091b8 (0xe715)
core   0: 0x800091e4 (0x02e20033) mul     zero, tp, a4
core   0: 0 0x800091e4 (0x02e20033)
core   0: 0x800091e8 (0x99a6f113) andi    sp, a3, -1638
core   0: 0 0x800091e8 (0x99a6f113) x2  0xce251000
core   0: 0x800091ec (0x000082d1) c.srli  a3, 20
core   0: 0 0x800091ec (0x82d1) x13 0x00000ce2
core   0: 0x800091ee (0x0000717d) c.addi16sp sp, -16
core   0: 0 0x800091ee (0x717d) x2  0xce250ff0
core   0: 0x800091f0 (0xfec10693) addi    a3, sp, -20
core   0: 0 0x800091f0 (0xfec10693) x13 0xce250fdc
core   0: 0x800091f4 (0x00008b15) c.andi  a4, 5
core   0: 0 0x800091f4 (0x8b15) x14 0x00000004
core   0: 0x800091f6 (0x00000001) c.nop
core   0: 0 0x800091f6 (0x0001)
core   0: 0x800091f8 (0x000095d2) c.add   a1, s4
core   0: 0 0x800091f8 (0x95d2) x11 0x12e72000
core   0: 0x800091fa (0x00000a8c) c.addi4spn a1, sp, 336
core   0: 0 0x800091fa (0x0a8c) x11 0xce251140
core   0: 0x800091fc (0x0ff0000f) fence   iorw,iorw
core   0: 0 0x800091fc (0x0ff0000f)
core   0: 0x80009200 (0x026ebc33) mulhu   s8, t4, t1
core   0: 0 0x80009200 (0x026ebc33) x24 0x00000000
core   0: 0x80009204 (0x0423e163) bltu    t2, sp, pc + 66
core   0: 0 0x80009204 (0x0423e163)
core   0: 0x80009246 (0x008f28b3) slt     a7, t5, s0
core   0: 0 0x80009246 (0x008f28b3) x17 0x00000000
core   0: 0x8000924a (0x0000100f) fence.i
core   0: 0 0x8000924a (0x0000100f)
core   0: 0x8000924e (0x8c0fab93) slti    s7, t6, -1856
core   0: 0 0x8000924e (0x8c0fab93) x23 0x00000000
core   0: 0x80009252 (0x02f89733) mulh    a4, a7, a5
core   0: 0 0x80009252 (0x02f89733) x14 0x00000000
core   0: 0x80009256 (0x0120f3b3) and     t2, ra, s2
core   0: 0 0x80009256 (0x0120f3b3) x7  0x00000000
core   0: 0x8000925a (0x00000314) c.addi4spn a3, sp, 384
core   0: 0 0x8000925a (0x0314) x13 0xce251170
core   0: 0x8000925c (0x0000100f) fence.i
core   0: 0 0x8000925c (0x0000100f)
core   0: 0x80009260 (0x0135a933) slt     s2, a1, s3
core   0: 0 0x80009260 (0x0135a933) x18 0x00000001
core   0: 0x80009264 (0x00000001) c.nop
core   0: 0 0x80009264 (0x0001)
core   0: 0x80009266 (0x015d3bb3) sltu    s7, s10, s5
core   0: 0 0x80009266 (0x015d3bb3) x23 0x00000001
core   0: 0x8000926a (0x00000001) c.nop
core   0: 0 0x8000926a (0x0001)
core   0: 0x8000926c (0x038b9863) bne     s7, s8, pc + 48
core   0: 0 0x8000926c (0x038b9863)
core   0: 0x8000929c (0x00cff263) bgeu    t6, a2, pc + 4
core   0: 0 0x8000929c (0x00cff263)
core   0: 0x800092a0 (0x0000ee85) c.bnez  a3, pc + 56
core   0: 0 0x800092a0 (0xee85)
core   0: 0x800092d8 (0x989df213) andi    tp, s11, -1655
core   0: 0 0x800092d8 (0x989df213) x4  0x00000000
core   0: 0x800092dc (0x00009afd) c.andi  a3, -1
core   0: 0 0x800092dc (0x9afd) x13 0xce251170
core   0: 0x800092de (0x02aa1533) mulh    a0, s4, a0
core   0: 0 0x800092de (0x02aa1533) x10 0x00000000
core   0: 0x800092e2 (0x0000100f) fence.i
core   0: 0 0x800092e2 (0x0000100f)
core   0: 0x800092e6 (0x419f0c33) sub     s8, t5, s9
core   0: 0 0x800092e6 (0x419f0c33) x24 0x00000000
core   0: 0x800092ea (0x0098d9b3) srl     s3, a7, s1
core   0: 0 0x800092ea (0x0098d9b3) x19 0x00000000
core   0: 0x800092ee (0x000081d1) c.srli  a1, 20
core   0: 0 0x800092ee (0x81d1) x11 0x00000ce2
core   0: 0x800092f0 (0xf7887393) andi    t2, a6, -136
core   0: 0 0x800092f0 (0xf7887393) x7  0x00000018
core   0: 0x800092f4 (0x039afc33) remu    s8, s5, s9
core   0: 0 0x800092f4 (0x039afc33) x24 0x98868000
core   0: 0x800092f8 (0xb412ac93) slti    s9, t0, -1215
core   0: 0 0x800092f8 (0xb412ac93) x25 0x00000001
core   0: 0x800092fc (0xc059b113) sltiu   sp, s3, -1019
core   0: 0 0x800092fc (0xc059b113) x2  0x00000001
core   0: 0x80009300 (0xa3312c93) slti    s9, sp, -1485
core   0: 0 0x80009300 (0xa3312c93) x25 0x00000000
core   0: 0x80009304 (0x404d5493) srai    s1, s10, 4
core   0: 0 0x80009304 (0x404d5493) x9  0x00000000
core   0: 0x80009308 (0x0000614d) c.addi16sp sp, 176
core   0: 0 0x80009308 (0x614d) x2  0x000000b1
core   0: 0x8000930a (0x00000001) c.nop
core   0: 0 0x8000930a (0x0001)
core   0: 0x8000930c (0x000004b9) c.addi  s1, 14
core   0: 0 0x8000930c (0x04b9) x9  0x0000000e
core   0: 0x8000930e (0x007b7d33) and     s10, s6, t2
core   0: 0 0x8000930e (0x007b7d33) x26 0x00000000
core   0: 0x80009312 (0x41245f33) sra     t5, s0, s2
core   0: 0 0x80009312 (0x41245f33) x30 0xc0000000
core   0: 0x80009316 (0xd35cba93) sltiu   s5, s9, -715
core   0: 0 0x80009316 (0xd35cba93) x21 0x00000001
core   0: 0x8000931a (0x00008fb1) c.xor   a5, a2
core   0: 0 0x8000931a (0x8fb1) x15 0x00025ce4
core   0: 0x8000931c (0x006edc13) srli    s8, t4, 6
core   0: 0 0x8000931c (0x006edc13) x24 0x00000000
core   0: 0x80009320 (0x0000886e) c.mv    a6, s11
core   0: 0 0x80009320 (0x886e) x16 0x00000000
core   0: 0x80009322 (0x00009afd) c.andi  a3, -1
core   0: 0 0x80009322 (0x9afd) x13 0xce251170
core   0: 0x80009324 (0x00460c33) add     s8, a2, tp
core   0: 0 0x80009324 (0x00460c33) x24 0x80025ce4
core   0: 0x80009328 (0xc80a6137) lui     sp, 0xc80a6
core   0: 0 0x80009328 (0xc80a6137) x2  0xc80a6000
core   0: 0x8000932c (0x8d4ca013) slti    zero, s9, -1836
core   0: 0 0x8000932c (0x8d4ca013)
core   0: 0x80009330 (0x000081cd) c.srli  a1, 19
core   0: 0 0x80009330 (0x81cd) x11 0x00000000
core   0: 0x80009332 (0x00008fe1) c.and   a5, s0
core   0: 0 0x80009332 (0x8fe1) x15 0x00000000
core   0: 0x80009334 (0x02fa19b3) mulh    s3, s4, a5
core   0: 0 0x80009334 (0x02fa19b3) x19 0x00000000
core   0: 0x80009338 (0x0138f133) and     sp, a7, s3
core   0: 0 0x80009338 (0x0138f133) x2  0x00000000
core   0: 0x8000933c (0x000080de) c.mv    ra, s7
core   0: 0 0x8000933c (0x80de) x1  0x00000001
core   0: 0x8000933e (0x29093d13) sltiu   s10, s2, 656
core   0: 0 0x8000933e (0x29093d13) x26 0x00000001
core   0: 0x80009342 (0x00009afd) c.andi  a3, -1
core   0: 0 0x80009342 (0x9afd) x13 0xce251170
core   0: 0x80009344 (0x40df8293) addi    t0, t6, 1037
core   0: 0 0x80009344 (0x40df8293) x5  0x6d1a640d
core   0: 0x80009348 (0x346cc093) xori    ra, s9, 838
core   0: 0 0x80009348 (0x346cc093) x1  0x00000346
core   0: 0x8000934c (0x00f9c293) xori    t0, s3, 15
core   0: 0 0x8000934c (0x00f9c293) x5  0x0000000f
core   0: 0x80009350 (0x000062e9) c.lui   t0, 0x1a
core   0: 0 0x80009350 (0x62e9) x5  0x0001a000
core   0: 0x80009352 (0x0ff0000f) fence   iorw,iorw
core   0: 0 0x80009352 (0x0ff0000f)
core   0: 0x80009356 (0x03557563) bgeu    a0, s5, pc + 42
core   0: 0 0x80009356 (0x03557563)
core   0: 0x8000935a (0x0527e163) bltu    a5, s2, pc + 66
core   0: 0 0x8000935a (0x0527e163)
core   0: 0x8000939c (0x00616133) or      sp, sp, t1
core   0: 0 0x8000939c (0x00616133) x2  0x00000000
core   0: 0x800093a0 (0x00001b9c) c.addi4spn a5, sp, 496
core   0: 0 0x800093a0 (0x1b9c) x15 0x000001f0
core   0: 0x800093a2 (0x0ff0000f) fence   iorw,iorw
core   0: 0 0x800093a2 (0x0ff0000f)
core   0: 0x800093a6 (0x00005f7d) c.li    t5, -1
core   0: 0 0x800093a6 (0x5f7d) x30 0xffffffff
core   0: 0x800093a8 (0x00008de5) c.and   a1, s1
core   0: 0 0x800093a8 (0x8de5) x11 0x00000000
core   0: 0x800093aa (0x000084ad) c.srai  s1, 11
core   0: 0 0x800093aa (0x84ad) x9  0x00000000
core   0: 0x800093ac (0x4068d8b3) sra     a7, a7, t1
core   0: 0 0x800093ac (0x4068d8b3) x17 0x00000000
core   0: 0x800093b0 (0x40bd09b3) sub     s3, s10, a1
core   0: 0 0x800093b0 (0x40bd09b3) x19 0x00000001
core   0: 0x800093b4 (0x00000001) c.nop
core   0: 0 0x800093b4 (0x0001)
core   0: 0x800093b6 (0x01de1cb3) sll     s9, t3, t4
core   0: 0 0x800093b6 (0x01de1cb3) x25 0x80021e64
core   0: 0x800093ba (0x016361b3) or      gp, t1, s6
core   0: 0 0x800093ba (0x016361b3) x3  0x00000000
core   0: 0x800093be (0x92376b37) lui     s6, 0x92376
core   0: 0 0x800093be (0x92376b37) x22 0x92376000
core   0: 0x800093c2 (0x00008125) c.srli  a0, 9
core   0: 0 0x800093c2 (0x8125) x10 0x00000000
core   0: 0x800093c4 (0x0000ce99) c.beqz  a3, pc + 30
core   0: 0 0x800093c4 (0xce99)
core   0: 0x800093c6 (0x026dd363) bge     s11, t1, pc + 38
core   0: 0 0x800093c6 (0x026dd363)
core   0: 0x800093ec (0xb969f9b7) lui     s3, 0xb969f
core   0: 0 0x800093ec (0xb969f9b7) x19 0xb969f000
core   0: 0x800093f0 (0x03e56b63) bltu    a0, t5, pc + 54
core   0: 0 0x800093f0 (0x03e56b63)
core   0: 0x80009426 (0x02c21363) bne     tp, a2, pc + 38
core   0: 0 0x80009426 (0x02c21363)
core   0: 0x8000944c (0x000093be) c.add   t2, a5
core   0: 0 0x8000944c (0x93be) x7  0x00000208
core   0: 0x8000944e (0x00001e18) c.addi4spn a4, sp, 816
core   0: 0 0x8000944e (0x1e18) x14 0x00000330
core   0: 0x80009450 (0x01410b33) add     s6, sp, s4
core   0: 0 0x80009450 (0x01410b33) x22 0x00000000
core   0: 0x80009454 (0x02c9a533) mulhsu  a0, s3, a2
core   0: 0 0x80009454 (0x02c9a533) x10 0xdcb45137
core   0: 0x80009458 (0x000064c9) c.lui   s1, 0x12
core   0: 0 0x80009458 (0x64c9) x9  0x00012000
core   0: 0x8000945a (0x402e5493) srai    s1, t3, 2
core   0: 0 0x8000945a (0x402e5493) x9  0xe0008799
core   0: 0x8000945e (0x41315f33) sra     t5, sp, s3
core   0: 0 0x8000945e (0x41315f33) x30 0x00000000
core   0: 0x80009462 (0xc72cc013) xori    zero, s9, -910
core   0: 0 0x80009462 (0xc72cc013)
core   0: 0x80009466 (0x00000001) c.nop
core   0: 0 0x80009466 (0x0001)
core   0: 0x80009468 (0x02e7fcb3) remu    s9, a5, a4
core   0: 0 0x80009468 (0x02e7fcb3) x25 0x000001f0
core   0: 0x8000946c (0x022cf463) bgeu    s9, sp, pc + 40
core   0: 0 0x8000946c (0x022cf463)
core   0: 0x80009494 (0x01cf7eb3) and     t4, t5, t3
core   0: 0 0x80009494 (0x01cf7eb3) x29 0x00000000
core   0: 0x80009498 (0x35c9cc93) xori    s9, s3, 860
core   0: 0 0x80009498 (0x35c9cc93) x25 0xb969f35c
core   0: 0x8000949c (0x00000001) c.nop
core   0: 0 0x8000949c (0x0001)
core   0: 0x8000949e (0x339b8c17) auipc   s8, 0x339b8
core   0: 0 0x8000949e (0x339b8c17) x24 0xb39c149e
core   0: 0x800094a2 (0x00008dd1) c.or    a1, a2
core   0: 0 0x800094a2 (0x8dd1) x11 0x80025ce4
core   0: 0x800094a4 (0x00285813) srli    a6, a6, 2
core   0: 0 0x800094a4 (0x00285813) x16 0x00000000
core   0: 0x800094a8 (0x025d23b3) mulhsu  t2, s10, t0
core   0: 0 0x800094a8 (0x025d23b3) x7  0x00000000
core   0: 0x800094ac (0x02b13933) mulhu   s2, sp, a1
core   0: 0 0x800094ac (0x02b13933) x18 0x00000000
core   0: 0x800094b0 (0x000085c5) c.srai  a1, 17
core   0: 0 0x800094b0 (0x85c5) x11 0xffffc001
core   0: 0x800094b2 (0x40f0d233) sra     tp, ra, a5
core   0: 0 0x800094b2 (0x40f0d233) x4  0x00000000
core   0: 0x800094b6 (0x0000100f) fence.i
core   0: 0 0x800094b6 (0x0000100f)
core   0: 0x800094ba (0x003eabb3) slt     s7, t4, gp
core   0: 0 0x800094ba (0x003eabb3) x23 0x00000000
core   0: 0x800094be (0x0000830d) c.srli  a4, 3
core   0: 0 0x800094be (0x830d) x14 0x00000066
core   0: 0x800094c0 (0x0294f533) remu    a0, s1, s1
core   0: 0 0x800094c0 (0x0294f533) x10 0x00000000
core   0: 0x800094c4 (0xa401c093) xori    ra, gp, -1472
core   0: 0 0x800094c4 (0xa401c093) x1  0xfffffa40
core   0: 0x800094c8 (0x034e3cb3) mulhu   s9, t3, s4
core   0: 0 0x800094c8 (0x034e3cb3) x25 0x00000000
core   0: 0x800094cc (0x024e8b33) mul     s6, t4, tp
core   0: 0 0x800094cc (0x024e8b33) x22 0x00000000
core   0: 0x800094d0 (0x00000001) c.nop
core   0: 0 0x800094d0 (0x0001)
core   0: 0x800094d2 (0x00008125) c.srli  a0, 9
core   0: 0 0x800094d2 (0x8125) x10 0x00000000
core   0: 0x800094d4 (0x75d48713) addi    a4, s1, 1885
core   0: 0 0x800094d4 (0x75d48713) x14 0xe0008ef6
core   0: 0x800094d8 (0x0ff0000f) fence   iorw,iorw
core   0: 0 0x800094d8 (0x0ff0000f)
core   0: 0x800094dc (0x008d20b3) slt     ra, s10, s0
core   0: 0 0x800094dc (0x008d20b3) x1  0x00000000
core   0: 0x800094e0 (0x4fb9ed97) auipc   s11, 0x4fb9e
core   0: 0 0x800094e0 (0x4fb9ed97) x27 0xcfba74e0
core   0: 0x800094e4 (0x00006de9) c.lui   s11, 0x1a
core   0: 0 0x800094e4 (0x6de9) x27 0x0001a000
core   0: 0x800094e6 (0x9da50e93) addi    t4, a0, -1574
core   0: 0 0x800094e6 (0x9da50e93) x29 0xfffff9da
core   0: 0x800094ea (0x00fa9db3) sll     s11, s5, a5
core   0: 0 0x800094ea (0x00fa9db3) x27 0x00010000
core   0: 0x800094ee (0x000098fd) c.andi  s1, -1
core   0: 0 0x800094ee (0x98fd) x9  0xe0008799
core   0: 0x800094f0 (0x00000335) c.addi  t1, 13
core   0: 0 0x800094f0 (0x0335) x6  0x0000000d
core   0: 0x800094f2 (0x00000f94) c.addi4spn a3, sp, 976
core   0: 0 0x800094f2 (0x0f94) x13 0x000003d0
core   0: 0x800094f4 (0x005b86b3) add     a3, s7, t0
core   0: 0 0x800094f4 (0x005b86b3) x13 0x0001a000
core   0: 0x800094f8 (0x023e6333) rem     t1, t3, gp
core   0: 0 0x800094f8 (0x023e6333) x6  0x80021e64
core   0: 0x800094fc (0x029735b3) mulhu   a1, a4, s1
core   0: 0 0x800094fc (0x029735b3) x11 0xc400f3bd
core   0: 0x80009500 (0x002ef313) andi    t1, t4, 2
core   0: 0 0x80009500 (0x002ef313) x6  0x00000002
core   0: 0x80009504 (0x00008169) c.srli  a0, 26
core   0: 0 0x80009504 (0x8169) x10 0x00000000
core   0: 0x80009506 (0x031a82b3) mul     t0, s5, a7
core   0: 0 0x80009506 (0x031a82b3) x5  0x00000000
core   0: 0x8000950a (0x002bfc63) bgeu    s7, sp, pc + 24
core   0: 0 0x8000950a (0x002bfc63)
core   0: 0x80009522 (0x3ee62813) slti    a6, a2, 1006
core   0: 0 0x80009522 (0x3ee62813) x16 0x00000001
core   0: 0x80009526 (0x01b36363) bltu    t1, s11, pc + 6
core   0: 0 0x80009526 (0x01b36363)
core   0: 0x8000952c (0x00e85bb3) srl     s7, a6, a4
core   0: 0 0x8000952c (0x00e85bb3) x23 0x00000000
core   0: 0x80009530 (0x280fd797) auipc   a5, 0x280fd
core   0: 0 0x80009530 (0x280fd797) x15 0xa8106530
core   0: 0x80009534 (0x0000e111) c.bnez  a0, pc + 4
core   0: 0 0x80009534 (0xe111)
core   0: 0x80009536 (0x00008f65) c.and   a4, s1
core   0: 0 0x80009536 (0x8f65) x14 0xe0008690
core   0: 0x80009538 (0x000085cd) c.srai  a1, 19
core   0: 0 0x80009538 (0x85cd) x11 0xfffff880
core   0: 0x8000953a (0x03e73533) mulhu   a0, a4, t5
core   0: 0 0x8000953a (0x03e73533) x10 0x00000000
core   0: 0x8000953e (0x0000c191) c.beqz  a1, pc + 4
core   0: 0 0x8000953e (0xc191)
core   0: 0x80009540 (0x00008db1) c.xor   a1, a2
core   0: 0 0x80009540 (0x8db1) x11 0x7ffda464
core   0: 0x80009542 (0x00006139) c.addi16sp sp, 448
core   0: 0 0x80009542 (0x6139) x2  0x000001c0
core   0: 0x80009544 (0xffff7417) auipc   s0, 0xffff7
core   0: 0 0x80009544 (0xffff7417) x8  0x80000544
core   0: 0x80009548 (0xe2240413) addi    s0, s0, -478
core   0: 0 0x80009548 (0xe2240413) x8  0x80000366
core   0: 0x8000954c (0x00040067) jr      s0
core   0: 0 0x8000954c (0x00040067)
core   0: 0x80000366 (0x90000cb7) lui     s9, 0x90000
core   0: 0 0x80000366 (0x90000cb7) x25 0x90000000
core   0: 0x8000036a (0x00001ce1) c.addi  s9, -8
core   0: 0 0x8000036a (0x1ce1) x25 0x8ffffff8
core   0: 0x8000036c (0x00004381) c.li    t2, 0
core   0: 0 0x8000036c (0x4381) x7  0x00000000
core   0: 0x8000036e (0x000003a2) c.slli  t2, 8
core   0: 0 0x8000036e (0x03a2) x7  0x00000000
core   0: 0x80000370 (0x00000385) c.addi  t2, 1
core   0: 0 0x80000370 (0x0385) x7  0x00000001
core   0: 0x80000372 (0x007ca023) sw      t2, 0(s9)
core   0: 0 0x80000372 (0x007ca023) mem 0x8ffffff8 0x00000001
core   0: 0x80000376 (0x00000073) ecall
core   0: exception trap_user_ecall, epc 0x80000376
core   0: 0x80002700 (0x0800006f) j       pc + 0x80
core   0: 3 0x80002700 (0x0800006f)
core   0: 0x80002780 (0x00001671) c.addi  a2, -4
core   0: 3 0x80002780 (0x1671) x12 0x80025ce0
core   0: 0x80002782 (0x01c62023) sw      t3, 0(a2)
core   0: 3 0x80002782 (0x01c62023) mem 0x80025ce0 0x80021e64
core   0: 0x80002786 (0x00060e33) add     t3, a2, zero
core   0: 3 0x80002786 (0x00060e33) x28 0x80025ce0
core   0: 0x8000278a (0xf80e0e13) addi    t3, t3, -128
core   0: 3 0x8000278a (0xf80e0e13) x28 0x80025c60
core   0: 0x8000278e (0x001e2223) sw      ra, 4(t3)
core   0: 3 0x8000278e (0x001e2223) mem 0x80025c64 0x00000000
core   0: 0x80002792 (0x002e2423) sw      sp, 8(t3)
core   0: 3 0x80002792 (0x002e2423) mem 0x80025c68 0x000001c0
core   0: 0x80002796 (0x003e2623) sw      gp, 12(t3)
core   0: 3 0x80002796 (0x003e2623) mem 0x80025c6c 0x00000000
core   0: 0x8000279a (0x004e2823) sw      tp, 16(t3)
core   0: 3 0x8000279a (0x004e2823) mem 0x80025c70 0x00000000
core   0: 0x8000279e (0x005e2a23) sw      t0, 20(t3)
core   0: 3 0x8000279e (0x005e2a23) mem 0x80025c74 0x00000000
core   0: 0x800027a2 (0x006e2c23) sw      t1, 24(t3)
core   0: 3 0x800027a2 (0x006e2c23) mem 0x80025c78 0x00000002
core   0: 0x800027a6 (0x007e2e23) sw      t2, 28(t3)
core   0: 3 0x800027a6 (0x007e2e23) mem 0x80025c7c 0x00000001
core   0: 0x800027aa (0x028e2023) sw      s0, 32(t3)
core   0: 3 0x800027aa (0x028e2023) mem 0x80025c80 0x80000366
core   0: 0x800027ae (0x029e2223) sw      s1, 36(t3)
core   0: 3 0x800027ae (0x029e2223) mem 0x80025c84 0xe0008799
core   0: 0x800027b2 (0x02ae2423) sw      a0, 40(t3)
core   0: 3 0x800027b2 (0x02ae2423) mem 0x80025c88 0x00000000
core   0: 0x800027b6 (0x02be2623) sw      a1, 44(t3)
core   0: 3 0x800027b6 (0x02be2623) mem 0x80025c8c 0x7ffda464
core   0: 0x800027ba (0x02ce2823) sw      a2, 48(t3)
core   0: 3 0x800027ba (0x02ce2823) mem 0x80025c90 0x80025ce0
core   0: 0x800027be (0x02de2a23) sw      a3, 52(t3)
core   0: 3 0x800027be (0x02de2a23) mem 0x80025c94 0x0001a000
core   0: 0x800027c2 (0x02ee2c23) sw      a4, 56(t3)
core   0: 3 0x800027c2 (0x02ee2c23) mem 0x80025c98 0xe0008690
core   0: 0x800027c6 (0x02fe2e23) sw      a5, 60(t3)
core   0: 3 0x800027c6 (0x02fe2e23) mem 0x80025c9c 0xa8106530
core   0: 0x800027ca (0x050e2023) sw      a6, 64(t3)
core   0: 3 0x800027ca (0x050e2023) mem 0x80025ca0 0x00000001
core   0: 0x800027ce (0x051e2223) sw      a7, 68(t3)
core   0: 3 0x800027ce (0x051e2223) mem 0x80025ca4 0x00000000
core   0: 0x800027d2 (0x052e2423) sw      s2, 72(t3)
core   0: 3 0x800027d2 (0x052e2423) mem 0x80025ca8 0x00000000
core   0: 0x800027d6 (0x053e2623) sw      s3, 76(t3)
core   0: 3 0x800027d6 (0x053e2623) mem 0x80025cac 0xb969f000
core   0: 0x800027da (0x054e2823) sw      s4, 80(t3)
core   0: 3 0x800027da (0x054e2823) mem 0x80025cb0 0x00000000
core   0: 0x800027de (0x055e2a23) sw      s5, 84(t3)
core   0: 3 0x800027de (0x055e2a23) mem 0x80025cb4 0x00000001
core   0: 0x800027e2 (0x056e2c23) sw      s6, 88(t3)
core   0: 3 0x800027e2 (0x056e2c23) mem 0x80025cb8 0x00000000
core   0: 0x800027e6 (0x057e2e23) sw      s7, 92(t3)
core   0: 3 0x800027e6 (0x057e2e23) mem 0x80025cbc 0x00000000
core   0: 0x800027ea (0x078e2023) sw      s8, 96(t3)
core   0: 3 0x800027ea (0x078e2023) mem 0x80025cc0 0xb39c149e
core   0: 0x800027ee (0x079e2223) sw      s9, 100(t3)
core   0: 3 0x800027ee (0x079e2223) mem 0x80025cc4 0x8ffffff8
core   0: 0x800027f2 (0x07ae2423) sw      s10, 104(t3)
core   0: 3 0x800027f2 (0x07ae2423) mem 0x80025cc8 0x00000001
core   0: 0x800027f6 (0x07be2623) sw      s11, 108(t3)
core   0: 3 0x800027f6 (0x07be2623) mem 0x80025ccc 0x00010000
core   0: 0x800027fa (0x07ce2823) sw      t3, 112(t3)
core   0: 3 0x800027fa (0x07ce2823) mem 0x80025cd0 0x80025c60
core   0: 0x800027fe (0x07de2a23) sw      t4, 116(t3)
core   0: 3 0x800027fe (0x07de2a23) mem 0x80025cd4 0xfffff9da
core   0: 0x80002802 (0x07ee2c23) sw      t5, 120(t3)
core   0: 3 0x80002802 (0x07ee2c23) mem 0x80025cd8 0x00000000
core   0: 0x80002806 (0x07fe2e23) sw      t6, 124(t3)
core   0: 3 0x80002806 (0x07fe2e23) mem 0x80025cdc 0x6d1a6000
core   0: 0x8000280a (0x000e0633) add     a2, t3, zero
core   0: 3 0x8000280a (0x000e0633) x12 0x80025c60
core   0: 0x8000280e (0x90000cb7) lui     s9, 0x90000
core   0: 3 0x8000280e (0x90000cb7) x25 0x90000000
core   0: 0x80002812 (0x00001cf1) c.addi  s9, -4
core   0: 3 0x80002812 (0x1cf1) x25 0x8ffffffc
core   0: 0x80002814 (0x000043a1) c.li    t2, 8
core   0: 3 0x80002814 (0x43a1) x7  0x00000008
core   0: 0x80002816 (0x000003a2) c.slli  t2, 8
core   0: 3 0x80002816 (0x03a2) x7  0x00000800
core   0: 0x80002818 (0x00038393) mv      t2, t2
core   0: 3 0x80002818 (0x00038393) x7  0x00000800
core   0: 0x8000281c (0x007ca023) sw      t2, 0(s9)
core   0: 3 0x8000281c (0x007ca023) mem 0x8ffffffc 0x00000800
core   0: 0x80002820 (0x341023f3) csrr    t2, mepc
core   0: 3 0x80002820 (0x341023f3) x7  0x80000376
core   0: 0x80002824 (0x342023f3) csrr    t2, mcause
core   0: 3 0x80002824 (0x342023f3) x7  0x00000008
core   0: 0x80002828 (0x00004c8d) c.li    s9, 3
core   0: 3 0x80002828 (0x4c8d) x25 0x00000003
core   0: 0x8000282a (0x01939463) bne     t2, s9, pc + 8
core   0: 3 0x8000282a (0x01939463)
core   0: 0x80002832 (0x00004ca1) c.li    s9, 8
core   0: 3 0x80002832 (0x4ca1) x25 0x00000008
core   0: 0x80002834 (0x05938d63) beq     t2, s9, pc + 90
core   0: 3 0x80002834 (0x05938d63)
core   0: 0x8000288e (0x90000cb7) lui     s9, 0x90000
core   0: 3 0x8000288e (0x90000cb7) x25 0x90000000
core   0: 0x80002892 (0x00001cf1) c.addi  s9, -4
core   0: 3 0x80002892 (0x1cf1) x25 0x8ffffffc
core   0: 0x80002894 (0x00006385) c.lui   t2, 0x1
core   0: 3 0x80002894 (0x6385) x7  0x00001000
core   0: 0x80002896 (0xb0038393) addi    t2, t2, -1280
core   0: 3 0x80002896 (0xb0038393) x7  0x00000b00
core   0: 0x8000289a (0x000003a2) c.slli  t2, 8
core   0: 3 0x8000289a (0x03a2) x7  0x000b0000
core   0: 0x8000289c (0x0000038d) c.addi  t2, 3
core   0: 3 0x8000289c (0x038d) x7  0x000b0003
core   0: 0x8000289e (0x007ca023) sw      t2, 0(s9)
core   0: 3 0x8000289e (0x007ca023) mem 0x8ffffffc 0x000b0003
core   0: 0x800028a2 (0xb00023f3) csrr    t2, mcycle
core   0: 3 0x800028a2 (0xb00023f3) x7  0x0000d728
core   0: 0x800028a6 (0x007ca023) sw      t2, 0(s9)
core   0: 3 0x800028a6 (0x007ca023) mem 0x8ffffffc 0x0000d728
core   0: 0x800028aa (0x90000cb7) lui     s9, 0x90000
core   0: 3 0x800028aa (0x90000cb7) x25 0x90000000
core   0: 0x800028ae (0x00001cf1) c.addi  s9, -4
core   0: 3 0x800028ae (0x1cf1) x25 0x8ffffffc
core   0: 0x800028b0 (0x00006385) c.lui   t2, 0x1
core   0: 3 0x800028b0 (0x6385) x7  0x00001000
core   0: 0x800028b2 (0xb8038393) addi    t2, t2, -1152
core   0: 3 0x800028b2 (0xb8038393) x7  0x00000b80
core   0: 0x800028b6 (0x000003a2) c.slli  t2, 8
core   0: 3 0x800028b6 (0x03a2) x7  0x000b8000
core   0: 0x800028b8 (0x0000038d) c.addi  t2, 3
core   0: 3 0x800028b8 (0x038d) x7  0x000b8003
core   0: 0x800028ba (0x007ca023) sw      t2, 0(s9)
core   0: 3 0x800028ba (0x007ca023) mem 0x8ffffffc 0x000b8003
core   0: 0x800028be (0xb80023f3) csrr    t2, mcycleh
core   0: 3 0x800028be (0xb80023f3) x7  0x00000000
core   0: 0x800028c2 (0x007ca023) sw      t2, 0(s9)
core   0: 3 0x800028c2 (0x007ca023) mem 0x8ffffffc 0x00000000
core   0: 0x800028c6 (0x90000cb7) lui     s9, 0x90000
core   0: 3 0x800028c6 (0x90000cb7) x25 0x90000000
core   0: 0x800028ca (0x00001cf1) c.addi  s9, -4
core   0: 3 0x800028ca (0x1cf1) x25 0x8ffffffc
core   0: 0x800028cc (0x00006385) c.lui   t2, 0x1
core   0: 3 0x800028cc (0x6385) x7  0x00001000
core   0: 0x800028ce (0xb0338393) addi    t2, t2, -1277
core   0: 3 0x800028ce (0xb0338393) x7  0x00000b03
core   0: 0x800028d2 (0x000003a2) c.slli  t2, 8
core   0: 3 0x800028d2 (0x03a2) x7  0x000b0300
core   0: 0x800028d4 (0x0000038d) c.addi  t2, 3
core   0: 3 0x800028d4 (0x038d) x7  0x000b0303
core   0: 0x800028d6 (0x007ca023) sw      t2, 0(s9)
core   0: 3 0x800028d6 (0x007ca023) mem 0x8ffffffc 0x000b0303
core   0: 0x800028da (0xb03023f3) csrr    t2, mhpmcounter3
core   0: 3 0x800028da (0xb03023f3) x7  0x0000008a
core   0: 0x800028de (0x007ca023) sw      t2, 0(s9)
core   0: 3 0x800028de (0x007ca023) mem 0x8ffffffc 0x0000008a
core   0: 0x800028e2 (0x90000cb7) lui     s9, 0x90000
core   0: 3 0x800028e2 (0x90000cb7) x25 0x90000000
core   0: 0x800028e6 (0x00001cf1) c.addi  s9, -4
core   0: 3 0x800028e6 (0x1cf1) x25 0x8ffffffc
core   0: 0x800028e8 (0x00006385) c.lui   t2, 0x1
core   0: 3 0x800028e8 (0x6385) x7  0x00001000
core   0: 0x800028ea (0xb8338393) addi    t2, t2, -1149
core   0: 3 0x800028ea (0xb8338393) x7  0x00000b83
core   0: 0x800028ee (0x000003a2) c.slli  t2, 8
core   0: 3 0x800028ee (0x03a2) x7  0x000b8300
core   0: 0x800028f0 (0x0000038d) c.addi  t2, 3
core   0: 3 0x800028f0 (0x038d) x7  0x000b8303
core   0: 0x800028f2 (0x007ca023) sw      t2, 0(s9)
core   0: 3 0x800028f2 (0x007ca023) mem 0x8ffffffc 0x000b8303
core   0: 0x800028f6 (0xb83023f3) csrr    t2, mhpmcounter3h
core   0: 3 0x800028f6 (0xb83023f3) x7  0x00000000
core   0: 0x800028fa (0x007ca023) sw      t2, 0(s9)
core   0: 3 0x800028fa (0x007ca023) mem 0x8ffffffc 0x00000000
core   0: 0x800028fe (0x90000cb7) lui     s9, 0x90000
core   0: 3 0x800028fe (0x90000cb7) x25 0x90000000
core   0: 0x80002902 (0x00001cf1) c.addi  s9, -4
core   0: 3 0x80002902 (0x1cf1) x25 0x8ffffffc
core   0: 0x80002904 (0x00006385) c.lui   t2, 0x1
core   0: 3 0x80002904 (0x6385) x7  0x00001000
core   0: 0x80002906 (0xb0438393) addi    t2, t2, -1276
core   0: 3 0x80002906 (0xb0438393) x7  0x00000b04
core   0: 0x8000290a (0x000003a2) c.slli  t2, 8
core   0: 3 0x8000290a (0x03a2) x7  0x000b0400
core   0: 0x8000290c (0x0000038d) c.addi  t2, 3
core   0: 3 0x8000290c (0x038d) x7  0x000b0403
core   0: 0x8000290e (0x007ca023) sw      t2, 0(s9)
core   0: 3 0x8000290e (0x007ca023) mem 0x8ffffffc 0x000b0403
core   0: 0x80002912 (0xb04023f3) csrr    t2, mhpmcounter4
core   0: 3 0x80002912 (0xb04023f3) x7  0x000067c7
core   0: 0x80002916 (0x007ca023) sw      t2, 0(s9)
core   0: 3 0x80002916 (0x007ca023) mem 0x8ffffffc 0x000067c7
core   0: 0x8000291a (0x90000cb7) lui     s9, 0x90000
core   0: 3 0x8000291a (0x90000cb7) x25 0x90000000
core   0: 0x8000291e (0x00001cf1) c.addi  s9, -4
core   0: 3 0x8000291e (0x1cf1) x25 0x8ffffffc
core   0: 0x80002920 (0x00006385) c.lui   t2, 0x1
core   0: 3 0x80002920 (0x6385) x7  0x00001000
core   0: 0x80002922 (0xb8438393) addi    t2, t2, -1148
core   0: 3 0x80002922 (0xb8438393) x7  0x00000b84
core   0: 0x80002926 (0x000003a2) c.slli  t2, 8
core   0: 3 0x80002926 (0x03a2) x7  0x000b8400
core   0: 0x80002928 (0x0000038d) c.addi  t2, 3
core   0: 3 0x80002928 (0x038d) x7  0x000b8403
core   0: 0x8000292a (0x007ca023) sw      t2, 0(s9)
core   0: 3 0x8000292a (0x007ca023) mem 0x8ffffffc 0x000b8403
core   0: 0x8000292e (0xb84023f3) csrr    t2, mhpmcounter4h
core   0: 3 0x8000292e (0xb84023f3) x7  0x00000000
core   0: 0x80002932 (0x007ca023) sw      t2, 0(s9)
core   0: 3 0x80002932 (0x007ca023) mem 0x8ffffffc 0x00000000
core   0: 0x80002936 (0x90000cb7) lui     s9, 0x90000
core   0: 3 0x80002936 (0x90000cb7) x25 0x90000000
core   0: 0x8000293a (0x00001cf1) c.addi  s9, -4
core   0: 3 0x8000293a (0x1cf1) x25 0x8ffffffc
core   0: 0x8000293c (0x00006385) c.lui   t2, 0x1
core   0: 3 0x8000293c (0x6385) x7  0x00001000
core   0: 0x8000293e (0xb0538393) addi    t2, t2, -1275
core   0: 3 0x8000293e (0xb0538393) x7  0x00000b05
core   0: 0x80002942 (0x000003a2) c.slli  t2, 8
core   0: 3 0x80002942 (0x03a2) x7  0x000b0500
core   0: 0x80002944 (0x0000038d) c.addi  t2, 3
core   0: 3 0x80002944 (0x038d) x7  0x000b0503
core   0: 0x80002946 (0x007ca023) sw      t2, 0(s9)
core   0: 3 0x80002946 (0x007ca023) mem 0x8ffffffc 0x000b0503
core   0: 0x8000294a (0xb05023f3) csrr    t2, mhpmcounter5
core   0: 3 0x8000294a (0xb05023f3) x7  0x00000000
core   0: 0x8000294e (0x007ca023) sw      t2, 0(s9)
core   0: 3 0x8000294e (0x007ca023) mem 0x8ffffffc 0x00000000
core   0: 0x80002952 (0x90000cb7) lui     s9, 0x90000
core   0: 3 0x80002952 (0x90000cb7) x25 0x90000000
core   0: 0x80002956 (0x00001cf1) c.addi  s9, -4
core   0: 3 0x80002956 (0x1cf1) x25 0x8ffffffc
core   0: 0x80002958 (0x00006385) c.lui   t2, 0x1
core   0: 3 0x80002958 (0x6385) x7  0x00001000
core   0: 0x8000295a (0xb8538393) addi    t2, t2, -1147
core   0: 3 0x8000295a (0xb8538393) x7  0x00000b85
core   0: 0x8000295e (0x000003a2) c.slli  t2, 8
core   0: 3 0x8000295e (0x03a2) x7  0x000b8500
core   0: 0x80002960 (0x0000038d) c.addi  t2, 3
core   0: 3 0x80002960 (0x038d) x7  0x000b8503
core   0: 0x80002962 (0x007ca023) sw      t2, 0(s9)
core   0: 3 0x80002962 (0x007ca023) mem 0x8ffffffc 0x000b8503
core   0: 0x80002966 (0xb85023f3) csrr    t2, mhpmcounter5h
core   0: 3 0x80002966 (0xb85023f3) x7  0x00000000
core   0: 0x8000296a (0x007ca023) sw      t2, 0(s9)
core   0: 3 0x8000296a (0x007ca023) mem 0x8ffffffc 0x00000000
core   0: 0x8000296e (0x90000cb7) lui     s9, 0x90000
core   0: 3 0x8000296e (0x90000cb7) x25 0x90000000
core   0: 0x80002972 (0x00001cf1) c.addi  s9, -4
core   0: 3 0x80002972 (0x1cf1) x25 0x8ffffffc
core   0: 0x80002974 (0x00006385) c.lui   t2, 0x1
core   0: 3 0x80002974 (0x6385) x7  0x00001000
core   0: 0x80002976 (0xb0638393) addi    t2, t2, -1274
core   0: 3 0x80002976 (0xb0638393) x7  0x00000b06
core   0: 0x8000297a (0x000003a2) c.slli  t2, 8
core   0: 3 0x8000297a (0x03a2) x7  0x000b0600
core   0: 0x8000297c (0x0000038d) c.addi  t2, 3
core   0: 3 0x8000297c (0x038d) x7  0x000b0603
core   0: 0x8000297e (0x007ca023) sw      t2, 0(s9)
core   0: 3 0x8000297e (0x007ca023) mem 0x8ffffffc 0x000b0603
core   0: 0x80002982 (0xb06023f3) csrr    t2, mhpmcounter6
core   0: 3 0x80002982 (0xb06023f3) x7  0x00000038
core   0: 0x80002986 (0x007ca023) sw      t2, 0(s9)
core   0: 3 0x80002986 (0x007ca023) mem 0x8ffffffc 0x00000038
core   0: 0x8000298a (0x90000cb7) lui     s9, 0x90000
core   0: 3 0x8000298a (0x90000cb7) x25 0x90000000
core   0: 0x8000298e (0x00001cf1) c.addi  s9, -4
core   0: 3 0x8000298e (0x1cf1) x25 0x8ffffffc
core   0: 0x80002990 (0x00006385) c.lui   t2, 0x1
core   0: 3 0x80002990 (0x6385) x7  0x00001000
core   0: 0x80002992 (0xb8638393) addi    t2, t2, -1146
core   0: 3 0x80002992 (0xb8638393) x7  0x00000b86
core   0: 0x80002996 (0x000003a2) c.slli  t2, 8
core   0: 3 0x80002996 (0x03a2) x7  0x000b8600
core   0: 0x80002998 (0x0000038d) c.addi  t2, 3
core   0: 3 0x80002998 (0x038d) x7  0x000b8603
core   0: 0x8000299a (0x007ca023) sw      t2, 0(s9)
core   0: 3 0x8000299a (0x007ca023) mem 0x8ffffffc 0x000b8603
core   0: 0x8000299e (0xb86023f3) csrr    t2, mhpmcounter6h
core   0: 3 0x8000299e (0xb86023f3) x7  0x00000000
core   0: 0x800029a2 (0x007ca023) sw      t2, 0(s9)
core   0: 3 0x800029a2 (0x007ca023) mem 0x8ffffffc 0x00000000
core   0: 0x800029a6 (0x90000cb7) lui     s9, 0x90000
core   0: 3 0x800029a6 (0x90000cb7) x25 0x90000000
core   0: 0x800029aa (0x00001cf1) c.addi  s9, -4
core   0: 3 0x800029aa (0x1cf1) x25 0x8ffffffc
core   0: 0x800029ac (0x00006385) c.lui   t2, 0x1
core   0: 3 0x800029ac (0x6385) x7  0x00001000
core   0: 0x800029ae (0xb0738393) addi    t2, t2, -1273
core   0: 3 0x800029ae (0xb0738393) x7  0x00000b07
core   0: 0x800029b2 (0x000003a2) c.slli  t2, 8
core   0: 3 0x800029b2 (0x03a2) x7  0x000b0700
core   0: 0x800029b4 (0x0000038d) c.addi  t2, 3
core   0: 3 0x800029b4 (0x038d) x7  0x000b0703
core   0: 0x800029b6 (0x007ca023) sw      t2, 0(s9)
core   0: 3 0x800029b6 (0x007ca023) mem 0x8ffffffc 0x000b0703
core   0: 0x800029ba (0xb07023f3) csrr    t2, mhpmcounter7
core   0: 3 0x800029ba (0xb07023f3) x7  0x0000005c
core   0: 0x800029be (0x007ca023) sw      t2, 0(s9)
core   0: 3 0x800029be (0x007ca023) mem 0x8ffffffc 0x0000005c
core   0: 0x800029c2 (0x90000cb7) lui     s9, 0x90000
core   0: 3 0x800029c2 (0x90000cb7) x25 0x90000000
core   0: 0x800029c6 (0x00001cf1) c.addi  s9, -4
core   0: 3 0x800029c6 (0x1cf1) x25 0x8ffffffc
core   0: 0x800029c8 (0x00006385) c.lui   t2, 0x1
core   0: 3 0x800029c8 (0x6385) x7  0x00001000
core   0: 0x800029ca (0xb8738393) addi    t2, t2, -1145
core   0: 3 0x800029ca (0xb8738393) x7  0x00000b87
core   0: 0x800029ce (0x000003a2) c.slli  t2, 8
core   0: 3 0x800029ce (0x03a2) x7  0x000b8700
core   0: 0x800029d0 (0x0000038d) c.addi  t2, 3
core   0: 3 0x800029d0 (0x038d) x7  0x000b8703
core   0: 0x800029d2 (0x007ca023) sw      t2, 0(s9)
core   0: 3 0x800029d2 (0x007ca023) mem 0x8ffffffc 0x000b8703
core   0: 0x800029d6 (0xb87023f3) csrr    t2, mhpmcounter7h
core   0: 3 0x800029d6 (0xb87023f3) x7  0x00000000
core   0: 0x800029da (0x007ca023) sw      t2, 0(s9)
core   0: 3 0x800029da (0x007ca023) mem 0x8ffffffc 0x00000000
core   0: 0x800029de (0x90000cb7) lui     s9, 0x90000
core   0: 3 0x800029de (0x90000cb7) x25 0x90000000
core   0: 0x800029e2 (0x00001cf1) c.addi  s9, -4
core   0: 3 0x800029e2 (0x1cf1) x25 0x8ffffffc
core   0: 0x800029e4 (0x00006385) c.lui   t2, 0x1
core   0: 3 0x800029e4 (0x6385) x7  0x00001000
core   0: 0x800029e6 (0xb0838393) addi    t2, t2, -1272
core   0: 3 0x800029e6 (0xb0838393) x7  0x00000b08
core   0: 0x800029ea (0x000003a2) c.slli  t2, 8
core   0: 3 0x800029ea (0x03a2) x7  0x000b0800
core   0: 0x800029ec (0x0000038d) c.addi  t2, 3
core   0: 3 0x800029ec (0x038d) x7  0x000b0803
core   0: 0x800029ee (0x007ca023) sw      t2, 0(s9)
core   0: 3 0x800029ee (0x007ca023) mem 0x8ffffffc 0x000b0803
core   0: 0x800029f2 (0xb08023f3) csrr    t2, mhpmcounter8
core   0: 3 0x800029f2 (0xb08023f3) x7  0x000002a4
core   0: 0x800029f6 (0x007ca023) sw      t2, 0(s9)
core   0: 3 0x800029f6 (0x007ca023) mem 0x8ffffffc 0x000002a4
core   0: 0x800029fa (0x90000cb7) lui     s9, 0x90000
core   0: 3 0x800029fa (0x90000cb7) x25 0x90000000
core   0: 0x800029fe (0x00001cf1) c.addi  s9, -4
core   0: 3 0x800029fe (0x1cf1) x25 0x8ffffffc
core   0: 0x80002a00 (0x00006385) c.lui   t2, 0x1
core   0: 3 0x80002a00 (0x6385) x7  0x00001000
core   0: 0x80002a02 (0xb8838393) addi    t2, t2, -1144
core   0: 3 0x80002a02 (0xb8838393) x7  0x00000b88
core   0: 0x80002a06 (0x000003a2) c.slli  t2, 8
core   0: 3 0x80002a06 (0x03a2) x7  0x000b8800
core   0: 0x80002a08 (0x0000038d) c.addi  t2, 3
core   0: 3 0x80002a08 (0x038d) x7  0x000b8803
core   0: 0x80002a0a (0x007ca023) sw      t2, 0(s9)
core   0: 3 0x80002a0a (0x007ca023) mem 0x8ffffffc 0x000b8803
core   0: 0x80002a0e (0xb88023f3) csrr    t2, mhpmcounter8h
core   0: 3 0x80002a0e (0xb88023f3) x7  0x00000000
core   0: 0x80002a12 (0x007ca023) sw      t2, 0(s9)
core   0: 3 0x80002a12 (0x007ca023) mem 0x8ffffffc 0x00000000
core   0: 0x80002a16 (0x90000cb7) lui     s9, 0x90000
core   0: 3 0x80002a16 (0x90000cb7) x25 0x90000000
core   0: 0x80002a1a (0x00001cf1) c.addi  s9, -4
core   0: 3 0x80002a1a (0x1cf1) x25 0x8ffffffc
core   0: 0x80002a1c (0x00006385) c.lui   t2, 0x1
core   0: 3 0x80002a1c (0x6385) x7  0x00001000
core   0: 0x80002a1e (0xb0938393) addi    t2, t2, -1271
core   0: 3 0x80002a1e (0xb0938393) x7  0x00000b09
core   0: 0x80002a22 (0x000003a2) c.slli  t2, 8
core   0: 3 0x80002a22 (0x03a2) x7  0x000b0900
core   0: 0x80002a24 (0x0000038d) c.addi  t2, 3
core   0: 3 0x80002a24 (0x038d) x7  0x000b0903
core   0: 0x80002a26 (0x007ca023) sw      t2, 0(s9)
core   0: 3 0x80002a26 (0x007ca023) mem 0x8ffffffc 0x000b0903
core   0: 0x80002a2a (0xb09023f3) csrr    t2, mhpmcounter9
core   0: 3 0x80002a2a (0xb09023f3) x7  0x00000147
core   0: 0x80002a2e (0x007ca023) sw      t2, 0(s9)
core   0: 3 0x80002a2e (0x007ca023) mem 0x8ffffffc 0x00000147
core   0: 0x80002a32 (0x90000cb7) lui     s9, 0x90000
core   0: 3 0x80002a32 (0x90000cb7) x25 0x90000000
core   0: 0x80002a36 (0x00001cf1) c.addi  s9, -4
core   0: 3 0x80002a36 (0x1cf1) x25 0x8ffffffc
core   0: 0x80002a38 (0x00006385) c.lui   t2, 0x1
core   0: 3 0x80002a38 (0x6385) x7  0x00001000
core   0: 0x80002a3a (0xb8938393) addi    t2, t2, -1143
core   0: 3 0x80002a3a (0xb8938393) x7  0x00000b89
core   0: 0x80002a3e (0x000003a2) c.slli  t2, 8
core   0: 3 0x80002a3e (0x03a2) x7  0x000b8900
core   0: 0x80002a40 (0x0000038d) c.addi  t2, 3
core   0: 3 0x80002a40 (0x038d) x7  0x000b8903
core   0: 0x80002a42 (0x007ca023) sw      t2, 0(s9)
core   0: 3 0x80002a42 (0x007ca023) mem 0x8ffffffc 0x000b8903
core   0: 0x80002a46 (0xb89023f3) csrr    t2, mhpmcounter9h
core   0: 3 0x80002a46 (0xb89023f3) x7  0x00000000
core   0: 0x80002a4a (0x007ca023) sw      t2, 0(s9)
core   0: 3 0x80002a4a (0x007ca023) mem 0x8ffffffc 0x00000000
core   0: 0x80002a4e (0x90000cb7) lui     s9, 0x90000
core   0: 3 0x80002a4e (0x90000cb7) x25 0x90000000
core   0: 0x80002a52 (0x00001cf1) c.addi  s9, -4
core   0: 3 0x80002a52 (0x1cf1) x25 0x8ffffffc
core   0: 0x80002a54 (0x00006385) c.lui   t2, 0x1
core   0: 3 0x80002a54 (0x6385) x7  0x00001000
core   0: 0x80002a56 (0xb0a38393) addi    t2, t2, -1270
core   0: 3 0x80002a56 (0xb0a38393) x7  0x00000b0a
core   0: 0x80002a5a (0x000003a2) c.slli  t2, 8
core   0: 3 0x80002a5a (0x03a2) x7  0x000b0a00
core   0: 0x80002a5c (0x0000038d) c.addi  t2, 3
core   0: 3 0x80002a5c (0x038d) x7  0x000b0a03
core   0: 0x80002a5e (0x007ca023) sw      t2, 0(s9)
core   0: 3 0x80002a5e (0x007ca023) mem 0x8ffffffc 0x000b0a03
core   0: 0x80002a62 (0xb0a023f3) csrr    t2, mhpmcounter10
core   0: 3 0x80002a62 (0xb0a023f3) x7  0x000006cc
core   0: 0x80002a66 (0x007ca023) sw      t2, 0(s9)
core   0: 3 0x80002a66 (0x007ca023) mem 0x8ffffffc 0x000006cc
core   0: 0x80002a6a (0x90000cb7) lui     s9, 0x90000
core   0: 3 0x80002a6a (0x90000cb7) x25 0x90000000
core   0: 0x80002a6e (0x00001cf1) c.addi  s9, -4
core   0: 3 0x80002a6e (0x1cf1) x25 0x8ffffffc
core   0: 0x80002a70 (0x00006385) c.lui   t2, 0x1
core   0: 3 0x80002a70 (0x6385) x7  0x00001000
core   0: 0x80002a72 (0xb8a38393) addi    t2, t2, -1142
core   0: 3 0x80002a72 (0xb8a38393) x7  0x00000b8a
core   0: 0x80002a76 (0x000003a2) c.slli  t2, 8
core   0: 3 0x80002a76 (0x03a2) x7  0x000b8a00
core   0: 0x80002a78 (0x0000038d) c.addi  t2, 3
core   0: 3 0x80002a78 (0x038d) x7  0x000b8a03
core   0: 0x80002a7a (0x007ca023) sw      t2, 0(s9)
core   0: 3 0x80002a7a (0x007ca023) mem 0x8ffffffc 0x000b8a03
core   0: 0x80002a7e (0xb8a023f3) csrr    t2, mhpmcounter10h
core   0: 3 0x80002a7e (0xb8a023f3) x7  0x00000000
core   0: 0x80002a82 (0x007ca023) sw      t2, 0(s9)
core   0: 3 0x80002a82 (0x007ca023) mem 0x8ffffffc 0x00000000
core   0: 0x80002a86 (0x90000cb7) lui     s9, 0x90000
core   0: 3 0x80002a86 (0x90000cb7) x25 0x90000000
core   0: 0x80002a8a (0x00001cf1) c.addi  s9, -4
core   0: 3 0x80002a8a (0x1cf1) x25 0x8ffffffc
core   0: 0x80002a8c (0x00006385) c.lui   t2, 0x1
core   0: 3 0x80002a8c (0x6385) x7  0x00001000
core   0: 0x80002a8e (0xb0b38393) addi    t2, t2, -1269
core   0: 3 0x80002a8e (0xb0b38393) x7  0x00000b0b
core   0: 0x80002a92 (0x000003a2) c.slli  t2, 8
core   0: 3 0x80002a92 (0x03a2) x7  0x000b0b00
core   0: 0x80002a94 (0x0000038d) c.addi  t2, 3
core   0: 3 0x80002a94 (0x038d) x7  0x000b0b03
core   0: 0x80002a96 (0x007ca023) sw      t2, 0(s9)
core   0: 3 0x80002a96 (0x007ca023) mem 0x8ffffffc 0x000b0b03
core   0: 0x80002a9a (0xb0b023f3) csrr    t2, mhpmcounter11
core   0: 3 0x80002a9a (0xb0b023f3) x7  0x000000f9
core   0: 0x80002a9e (0x007ca023) sw      t2, 0(s9)
core   0: 3 0x80002a9e (0x007ca023) mem 0x8ffffffc 0x000000f9
core   0: 0x80002aa2 (0x90000cb7) lui     s9, 0x90000
core   0: 3 0x80002aa2 (0x90000cb7) x25 0x90000000
core   0: 0x80002aa6 (0x00001cf1) c.addi  s9, -4
core   0: 3 0x80002aa6 (0x1cf1) x25 0x8ffffffc
core   0: 0x80002aa8 (0x00006385) c.lui   t2, 0x1
core   0: 3 0x80002aa8 (0x6385) x7  0x00001000
core   0: 0x80002aaa (0xb8b38393) addi    t2, t2, -1141
core   0: 3 0x80002aaa (0xb8b38393) x7  0x00000b8b
core   0: 0x80002aae (0x000003a2) c.slli  t2, 8
core   0: 3 0x80002aae (0x03a2) x7  0x000b8b00
core   0: 0x80002ab0 (0x0000038d) c.addi  t2, 3
core   0: 3 0x80002ab0 (0x038d) x7  0x000b8b03
core   0: 0x80002ab2 (0x007ca023) sw      t2, 0(s9)
core   0: 3 0x80002ab2 (0x007ca023) mem 0x8ffffffc 0x000b8b03
core   0: 0x80002ab6 (0xb8b023f3) csrr    t2, mhpmcounter11h
core   0: 3 0x80002ab6 (0xb8b023f3) x7  0x00000000
core   0: 0x80002aba (0x007ca023) sw      t2, 0(s9)
core   0: 3 0x80002aba (0x007ca023) mem 0x8ffffffc 0x00000000
core   0: 0x80002abe (0x90000cb7) lui     s9, 0x90000
core   0: 3 0x80002abe (0x90000cb7) x25 0x90000000
core   0: 0x80002ac2 (0x00001cf1) c.addi  s9, -4
core   0: 3 0x80002ac2 (0x1cf1) x25 0x8ffffffc
core   0: 0x80002ac4 (0x00006385) c.lui   t2, 0x1
core   0: 3 0x80002ac4 (0x6385) x7  0x00001000
core   0: 0x80002ac6 (0xb0c38393) addi    t2, t2, -1268
core   0: 3 0x80002ac6 (0xb0c38393) x7  0x00000b0c
core   0: 0x80002aca (0x000003a2) c.slli  t2, 8
core   0: 3 0x80002aca (0x03a2) x7  0x000b0c00
core   0: 0x80002acc (0x0000038d) c.addi  t2, 3
core   0: 3 0x80002acc (0x038d) x7  0x000b0c03
core   0: 0x80002ace (0x007ca023) sw      t2, 0(s9)
core   0: 3 0x80002ace (0x007ca023) mem 0x8ffffffc 0x000b0c03
core   0: 0x80002ad2 (0xb0c023f3) csrr    t2, mhpmcounter12
core   0: 3 0x80002ad2 (0xb0c023f3) x7  0x00002213
core   0: 0x80002ad6 (0x007ca023) sw      t2, 0(s9)
core   0: 3 0x80002ad6 (0x007ca023) mem 0x8ffffffc 0x00002213
core   0: 0x80002ada (0x90000cb7) lui     s9, 0x90000
core   0: 3 0x80002ada (0x90000cb7) x25 0x90000000
core   0: 0x80002ade (0x00001cf1) c.addi  s9, -4
core   0: 3 0x80002ade (0x1cf1) x25 0x8ffffffc
core   0: 0x80002ae0 (0x00006385) c.lui   t2, 0x1
core   0: 3 0x80002ae0 (0x6385) x7  0x00001000
core   0: 0x80002ae2 (0xb8c38393) addi    t2, t2, -1140
core   0: 3 0x80002ae2 (0xb8c38393) x7  0x00000b8c
core   0: 0x80002ae6 (0x000003a2) c.slli  t2, 8
core   0: 3 0x80002ae6 (0x03a2) x7  0x000b8c00
core   0: 0x80002ae8 (0x0000038d) c.addi  t2, 3
core   0: 3 0x80002ae8 (0x038d) x7  0x000b8c03
core   0: 0x80002aea (0x007ca023) sw      t2, 0(s9)
core   0: 3 0x80002aea (0x007ca023) mem 0x8ffffffc 0x000b8c03
core   0: 0x80002aee (0xb8c023f3) csrr    t2, mhpmcounter12h
core   0: 3 0x80002aee (0xb8c023f3) x7  0x00000000
core   0: 0x80002af2 (0x007ca023) sw      t2, 0(s9)
core   0: 3 0x80002af2 (0x007ca023) mem 0x8ffffffc 0x00000000
core   0: 0x80002af6 (0xffffd397) auipc   t2, 0xffffd
core   0: 3 0x80002af6 (0xffffd397) x7  0x7ffffaf6
core   0: 0x80002afa (0x58a38393) addi    t2, t2, 1418
core   0: 3 0x80002afa (0x58a38393) x7  0x80000080
core   0: 0x80002afe (0x0003a023) sw      zero, 0(t2)
core   0: 3 0x80002afe (0x0003a023) mem 0x80000080 0x00000000
core   0: 0x80002b02 (0x0013a223) sw      ra, 4(t2)
core   0: 3 0x80002b02 (0x0013a223) mem 0x80000084 0x00000000
core   0: 0x80002b06 (0x0023a423) sw      sp, 8(t2)
core   0: 3 0x80002b06 (0x0023a423) mem 0x80000088 0x000001c0
core   0: 0x80002b0a (0x0033a623) sw      gp, 12(t2)
core   0: 3 0x80002b0a (0x0033a623) mem 0x8000008c 0x00000000
core   0: 0x80002b0e (0x0043a823) sw      tp, 16(t2)
core   0: 3 0x80002b0e (0x0043a823) mem 0x80000090 0x00000000
