Time	Cycle	PC	Insn	Decoded instruction	Register and memory contents
        2299000	        13	80000080	400013b7	lui	x7,0x40001	  x7=0x40001000
        2379000	        17	80000084	10638393	addi	x7,x7,262	  x7:0x40001000  x7=0x40001106
        2459000	        21	80000088	30139073	csrrw	x0,misa,x7	  x7:0x40001106  x0=0x00000000
        2519000	        24	8000008c	00026617	auipc	x12,0x26	 x12=0x8002608c
        2899000	        43	80000090	c5860613	addi	x12,x12,-936	 x12:0x8002608c x12=0x80025ce4
        2919000	        44	80000094	00002397	auipc	x7,0x2	  x7=0x80002094
        2939000	        45	80000098	66c38393	addi	x7,x7,1644	  x7:0x80002094  x7=0x80002700
        3059000	        51	8000009c	0013e393	ori	x7,x7,1	  x7:0x80002700  x7=0x80002701
        3219000	        59	800000a0	30539073	csrrw	x0,mtvec,x7	  x7:0x80002701  x0=0x00000000
        3299000	        63	800000a4	74725073	csrrwi	x0,0x747,4	  x0=0x00000000
        3539000	        75	800000a8	00003417	auipc	x8,0x3	  x8=0x800030a8
        3559000	        76	800000ac	41440413	addi	x8,x8,1044	  x8:0x800030a8  x8=0x800034bc
        3579000	        77	800000b0	4381	c.li	x7,0	  x7=0x00000000
        3599000	        78	800000b2	941e	c.add	x8,x7	  x8:0x800034bc  x7:0x00000000  x8=0x800034bc
        3739000	        85	800000b4	8009	c.srli	x8,0x2	  x8:0x800034bc  x8=0x20000d2f
        4159000	       106	800000b6	3b041073	csrrw	x0,pmpaddr0,x8	  x8:0x20000d2f  x0=0x00000000
        4379000	       117	800000ba	00003417	auipc	x8,0x3	  x8=0x800030ba
        4799000	       138	800000be	40240413	addi	x8,x8,1026	  x8:0x800030ba  x8=0x800034bc
        5099000	       153	800000c2	111113b7	lui	x7,0x11111	  x7=0x11111000
        5159000	       156	800000c6	11138393	addi	x7,x7,273	  x7:0x11111000  x7=0x11111111
        5179000	       157	800000ca	941e	c.add	x8,x7	  x8:0x800034bc  x7:0x11111111  x8=0x911145cd
        5479000	       172	800000cc	8009	c.srli	x8,0x2	  x8:0x911145cd  x8=0x24445173
        5619000	       179	800000ce	3b141073	csrrw	x0,pmpaddr1,x8	  x8:0x24445173  x0=0x00000000
        5899000	       193	800000d2	00003417	auipc	x8,0x3	  x8=0x800030d2
        5979000	       197	800000d6	3ea40413	addi	x8,x8,1002	  x8:0x800030d2  x8=0x800034bc
        5999000	       198	800000da	222223b7	lui	x7,0x22222	  x7=0x22222000
        6299000	       213	800000de	22238393	addi	x7,x7,546	  x7:0x22222000  x7=0x22222222
        6319000	       214	800000e2	941e	c.add	x8,x7	  x8:0x800034bc  x7:0x22222222  x8=0xa22256de
        6339000	       215	800000e4	8009	c.srli	x8,0x2	  x8:0xa22256de  x8=0x288895b7
        6359000	       216	800000e6	3b241073	csrrw	x0,pmpaddr2,x8	  x8:0x288895b7  x0=0x00000000
        6759000	       236	800000ea	00003417	auipc	x8,0x3	  x8=0x800030ea
        6919000	       244	800000ee	3d240413	addi	x8,x8,978	  x8:0x800030ea  x8=0x800034bc
        6979000	       247	800000f2	333333b7	lui	x7,0x33333	  x7=0x33333000
        7259000	       261	800000f6	33338393	addi	x7,x7,819	  x7:0x33333000  x7=0x33333333
        7279000	       262	800000fa	941e	c.add	x8,x7	  x8:0x800034bc  x7:0x33333333  x8=0xb33367ef
        7399000	       268	800000fc	8009	c.srli	x8,0x2	  x8:0xb33367ef  x8=0x2cccd9fb
        7419000	       269	800000fe	3b341073	csrrw	x0,pmpaddr3,x8	  x8:0x2cccd9fb  x0=0x00000000
        7479000	       272	80000102	0f0f1437	lui	x8,0xf0f1	  x8=0x0f0f1000
        7499000	       273	80000106	f0f40413	addi	x8,x8,-241	  x8:0x0f0f1000  x8=0x0f0f0f0f
        7519000	       274	8000010a	3a041073	csrrw	x0,pmpcfg0,x8	  x8:0x0f0f0f0f  x0=0x00000000
        7699000	       283	8000010e	00003417	auipc	x8,0x3	  x8=0x8000310e
        7719000	       284	80000112	3ae40413	addi	x8,x8,942	  x8:0x8000310e  x8=0x800034bc
        7739000	       285	80000116	444443b7	lui	x7,0x44444	  x7=0x44444000
        7759000	       286	8000011a	44438393	addi	x7,x7,1092	  x7:0x44444000  x7=0x44444444
        7779000	       287	8000011e	941e	c.add	x8,x7	  x8:0x800034bc  x7:0x44444444  x8=0xc4447900
        7819000	       289	80000120	8009	c.srli	x8,0x2	  x8:0xc4447900  x8=0x31111e40
        7899000	       293	80000122	3b441073	csrrw	x0,pmpaddr4,x8	  x8:0x31111e40  x0=0x00000000
        8019000	       299	80000126	00003417	auipc	x8,0x3	  x8=0x80003126
        8139000	       305	8000012a	39640413	addi	x8,x8,918	  x8:0x80003126  x8=0x800034bc
        8159000	       306	8000012e	555553b7	lui	x7,0x55555	  x7=0x55555000
        8179000	       307	80000132	55538393	addi	x7,x7,1365	  x7:0x55555000  x7=0x55555555
        8199000	       308	80000136	941e	c.add	x8,x7	  x8:0x800034bc  x7:0x55555555  x8=0xd5558a11
        8359000	       316	80000138	8009	c.srli	x8,0x2	  x8:0xd5558a11  x8=0x35556284
        8519000	       324	8000013a	3b541073	csrrw	x0,pmpaddr5,x8	  x8:0x35556284  x0=0x00000000
        8579000	       327	8000013e	00003417	auipc	x8,0x3	  x8=0x8000313e
        8819000	       339	80000142	37e40413	addi	x8,x8,894	  x8:0x8000313e  x8=0x800034bc
        9059000	       351	80000146	666663b7	lui	x7,0x66666	  x7=0x66666000
        9159000	       356	8000014a	66638393	addi	x7,x7,1638	  x7:0x66666000  x7=0x66666666
        9179000	       357	8000014e	941e	c.add	x8,x7	  x8:0x800034bc  x7:0x66666666  x8=0xe6669b22
        9199000	       358	80000150	8009	c.srli	x8,0x2	  x8:0xe6669b22  x8=0x3999a6c8
        9499000	       373	80000152	3b641073	csrrw	x0,pmpaddr6,x8	  x8:0x3999a6c8  x0=0x00000000
        9559000	       376	80000156	00003417	auipc	x8,0x3	  x8=0x80003156
        9579000	       377	8000015a	36640413	addi	x8,x8,870	  x8:0x80003156  x8=0x800034bc
        9599000	       378	8000015e	777773b7	lui	x7,0x77777	  x7=0x77777000
        9619000	       379	80000162	77738393	addi	x7,x7,1911	  x7:0x77777000  x7=0x77777777
        9639000	       380	80000166	941e	c.add	x8,x7	  x8:0x800034bc  x7:0x77777777  x8=0xf777ac33
        9679000	       382	80000168	8009	c.srli	x8,0x2	  x8:0xf777ac33  x8=0x3dddeb0c
        9939000	       395	8000016a	3b741073	csrrw	x0,pmpaddr7,x8	  x8:0x3dddeb0c  x0=0x00000000
        9999000	       398	8000016e	0f0f1437	lui	x8,0xf0f1	  x8=0x0f0f1000
       10019000	       399	80000172	f0f40413	addi	x8,x8,-241	  x8:0x0f0f1000  x8=0x0f0f0f0f
       10139000	       405	80000176	3a141073	csrrw	x0,pmpcfg1,x8	  x8:0x0f0f0f0f  x0=0x00000000
       10299000	       413	8000017a	00003417	auipc	x8,0x3	  x8=0x8000317a
       10319000	       414	8000017e	34240413	addi	x8,x8,834	  x8:0x8000317a  x8=0x800034bc
       10359000	       416	80000182	888893b7	lui	x7,0x88889	  x7=0x88889000
       10379000	       417	80000186	88838393	addi	x7,x7,-1912	  x7:0x88889000  x7=0x88888888
       10399000	       418	8000018a	941e	c.add	x8,x7	  x8:0x800034bc  x7:0x88888888  x8=0x0888bd44
       10539000	       425	8000018c	8009	c.srli	x8,0x2	  x8:0x0888bd44  x8=0x02222f51
       10759000	       436	8000018e	3b841073	csrrw	x0,pmpaddr8,x8	  x8:0x02222f51  x0=0x00000000
       10819000	       439	80000192	00003417	auipc	x8,0x3	  x8=0x80003192
       11019000	       449	80000196	32a40413	addi	x8,x8,810	  x8:0x80003192  x8=0x800034bc
       11039000	       450	8000019a	9999a3b7	lui	x7,0x9999a	  x7=0x9999a000
       11059000	       451	8000019e	99938393	addi	x7,x7,-1639	  x7:0x9999a000  x7=0x99999999
       11079000	       452	800001a2	941e	c.add	x8,x7	  x8:0x800034bc  x7:0x99999999  x8=0x1999ce55
       11199000	       458	800001a4	8009	c.srli	x8,0x2	  x8:0x1999ce55  x8=0x06667395
       11239000	       460	800001a6	3b941073	csrrw	x0,pmpaddr9,x8	  x8:0x06667395  x0=0x00000000
       11299000	       463	800001aa	00003417	auipc	x8,0x3	  x8=0x800031aa
       11659000	       481	800001ae	31240413	addi	x8,x8,786	  x8:0x800031aa  x8=0x800034bc
       11759000	       486	800001b2	aaaab3b7	lui	x7,0xaaaab	  x7=0xaaaab000
       11779000	       487	800001b6	aaa38393	addi	x7,x7,-1366	  x7:0xaaaab000  x7=0xaaaaaaaa
       11799000	       488	800001ba	941e	c.add	x8,x7	  x8:0x800034bc  x7:0xaaaaaaaa  x8=0x2aaadf66
       11819000	       489	800001bc	8009	c.srli	x8,0x2	  x8:0x2aaadf66  x8=0x0aaab7d9
       11839000	       490	800001be	3ba41073	csrrw	x0,pmpaddr10,x8	  x8:0x0aaab7d9  x0=0x00000000
       12239000	       510	800001c2	00003417	auipc	x8,0x3	  x8=0x800031c2
       12319000	       514	800001c6	2fa40413	addi	x8,x8,762	  x8:0x800031c2  x8=0x800034bc
       12479000	       522	800001ca	bbbbc3b7	lui	x7,0xbbbbc	  x7=0xbbbbc000
       12499000	       523	800001ce	bbb38393	addi	x7,x7,-1093	  x7:0xbbbbc000  x7=0xbbbbbbbb
       12519000	       524	800001d2	941e	c.add	x8,x7	  x8:0x800034bc  x7:0xbbbbbbbb  x8=0x3bbbf077
       12919000	       544	800001d4	8009	c.srli	x8,0x2	  x8:0x3bbbf077  x8=0x0eeefc1d
       12939000	       545	800001d6	3bb41073	csrrw	x0,pmpaddr11,x8	  x8:0x0eeefc1d  x0=0x00000000
       13039000	       550	800001da	0f0f1437	lui	x8,0xf0f1	  x8=0x0f0f1000
       13159000	       556	800001de	f0f40413	addi	x8,x8,-241	  x8:0x0f0f1000  x8=0x0f0f0f0f
       13179000	       557	800001e2	3a241073	csrrw	x0,pmpcfg2,x8	  x8:0x0f0f0f0f  x0=0x00000000
       13599000	       578	800001e6	00003417	auipc	x8,0x3	  x8=0x800031e6
       13659000	       581	800001ea	2d640413	addi	x8,x8,726	  x8:0x800031e6  x8=0x800034bc
       13819000	       589	800001ee	ccccd3b7	lui	x7,0xccccd	  x7=0xccccd000
       13839000	       590	800001f2	ccc38393	addi	x7,x7,-820	  x7:0xccccd000  x7=0xcccccccc
       13859000	       591	800001f6	941e	c.add	x8,x7	  x8:0x800034bc  x7:0xcccccccc  x8=0x4ccd0188
       14159000	       606	800001f8	8009	c.srli	x8,0x2	  x8:0x4ccd0188  x8=0x13334062
       14179000	       607	800001fa	3bc41073	csrrw	x0,pmpaddr12,x8	  x8:0x13334062  x0=0x00000000
       14239000	       610	800001fe	00003417	auipc	x8,0x3	  x8=0x800031fe
       14379000	       617	80000202	2be40413	addi	x8,x8,702	  x8:0x800031fe  x8=0x800034bc
       14399000	       618	80000206	dddde3b7	lui	x7,0xdddde	  x7=0xdddde000
       14419000	       619	8000020a	ddd38393	addi	x7,x7,-547	  x7:0xdddde000  x7=0xdddddddd
       14439000	       620	8000020e	941e	c.add	x8,x7	  x8:0x800034bc  x7:0xdddddddd  x8=0x5dde1299
       14559000	       626	80000210	8009	c.srli	x8,0x2	  x8:0x5dde1299  x8=0x177784a6
       14759000	       636	80000212	3bd41073	csrrw	x0,pmpaddr13,x8	  x8:0x177784a6  x0=0x00000000
       14899000	       643	80000216	00003417	auipc	x8,0x3	  x8=0x80003216
       14959000	       646	8000021a	2a640413	addi	x8,x8,678	  x8:0x80003216  x8=0x800034bc
       14979000	       647	8000021e	eeeef3b7	lui	x7,0xeeeef	  x7=0xeeeef000
       15159000	       656	80000222	eee38393	addi	x7,x7,-274	  x7:0xeeeef000  x7=0xeeeeeeee
       15179000	       657	80000226	941e	c.add	x8,x7	  x8:0x800034bc  x7:0xeeeeeeee  x8=0x6eef23aa
       15279000	       662	80000228	8009	c.srli	x8,0x2	  x8:0x6eef23aa  x8=0x1bbbc8ea
       15299000	       663	8000022a	3be41073	csrrw	x0,pmpaddr14,x8	  x8:0x1bbbc8ea  x0=0x00000000
       15359000	       666	8000022e	00003417	auipc	x8,0x3	  x8=0x8000322e
       15379000	       667	80000232	28e40413	addi	x8,x8,654	  x8:0x8000322e  x8=0x800034bc
       15559000	       676	80000236	fff00393	addi	x7,x0,-1	  x0:0x00000000  x7=0xffffffff
       15579000	       677	8000023a	941e	c.add	x8,x7	  x8:0x800034bc  x7:0xffffffff  x8=0x800034bb
       15599000	       678	8000023c	8009	c.srli	x8,0x2	  x8:0x800034bb  x8=0x20000d2e
       15999000	       698	8000023e	3bf41073	csrrw	x0,pmpaddr15,x8	  x8:0x20000d2e  x0=0x00000000
       16419000	       719	80000242	0f0f1437	lui	x8,0xf0f1	  x8=0x0f0f1000
       16439000	       720	80000246	f0f40413	addi	x8,x8,-241	  x8:0x0f0f1000  x8=0x0f0f0f0f
       16579000	       727	8000024a	3a341073	csrrw	x0,pmpcfg3,x8	  x8:0x0f0f0f0f  x0=0x00000000
       16639000	       730	8000024e	00000397	auipc	x7,0x0	  x7=0x8000024e
       17019000	       749	80000252	06038393	addi	x7,x7,96	  x7:0x8000024e  x7=0x800002ae
       17219000	       759	80000256	34139073	csrrw	x0,mepc,x7	  x7:0x800002ae  x0=0x00000000
       17319000	       764	8000025a	7c00d073	csrrwi	x0,0x7c0,1	  x0=0x00000000
       17379000	       767	8000025e	4381	c.li	x7,0	  x7=0x00000000
       17399000	       768	80000260	30039073	csrrw	x0,mstatus,x7	  x7:0x00000000  x0=0x00000000
       17459000	       771	80000264	4381	c.li	x7,0	  x7=0x00000000
       17479000	       772	80000266	30439073	csrrw	x0,mie,x7	  x7:0x00000000  x0=0x00000000
       17559000	       776	8000026a	90000cb7	lui	x25,0x90000	 x25=0x90000000
       17579000	       777	8000026e	1cf1	c.addi	x25,-4	 x25:0x90000000 x25=0x8ffffffc
       17839000	       790	80000270	90000cb7	lui	x25,0x90000	 x25=0x90000000
       17979000	       797	80000274	1cf1	c.addi	x25,-4	 x25:0x90000000 x25=0x8ffffffc
       17999000	       798	80000276	90000cb7	lui	x25,0x90000	 x25=0x90000000
       18019000	       799	8000027a	1cf1	c.addi	x25,-4	 x25:0x90000000 x25=0x8ffffffc
       18059000	       801	8000027c	30000393	addi	x7,x0,768	  x0:0x00000000  x7=0x00000300
       18079000	       802	80000280	03a2	c.slli	x7,0x8	  x7:0x00000300  x7=0x00030000
       18099000	       803	80000282	038d	c.addi	x7,3	  x7:0x00030000  x7=0x00030003
       18599000	       828	80000284	007ca023	sw	x7,0(x25)	 x25:0x8ffffffc  x7:0x00030003 PA:0x8ffffffc store:0x00030003 load:0xffffffff
       18619000	       829	80000288	300023f3	csrrs	x7,mstatus,x0	  x0:0x00000000  x7=0x00000000
       18679000	       832	8000028c	007ca023	sw	x7,0(x25)	 x25:0x8ffffffc  x7:0x00000000 PA:0x8ffffffc store:0x00000000 load:0xffffffff
       18699000	       833	80000290	90000cb7	lui	x25,0x90000	 x25=0x90000000
       18719000	       834	80000294	1cf1	c.addi	x25,-4	 x25:0x90000000 x25=0x8ffffffc
       18739000	       835	80000296	30400393	addi	x7,x0,772	  x0:0x00000000  x7=0x00000304
       18759000	       836	8000029a	03a2	c.slli	x7,0x8	  x7:0x00000304  x7=0x00030400
       18799000	       838	8000029c	038d	c.addi	x7,3	  x7:0x00030400  x7=0x00030403
       19259000	       861	8000029e	007ca023	sw	x7,0(x25)	 x25:0x8ffffffc  x7:0x00030403 PA:0x8ffffffc store:0x00030403 load:0xffffffff
       19279000	       862	800002a2	304023f3	csrrs	x7,mie,x0	  x0:0x00000000  x7=0x00000000
       19339000	       865	800002a6	007ca023	sw	x7,0(x25)	 x25:0x8ffffffc  x7:0x00000000 PA:0x8ffffffc store:0x00000000 load:0xffffffff
       19359000	       866	800002aa	30200073	mret	
       20159000	       906	800002ae	80000037	lui	x0,0x80000	  x0=0x00000000
       20179000	       907	800002b2	0001	c.addi	x0,0	  x0:0x00000000  x0=0x00000000
       20199000	       908	800002b4	800000b7	lui	x1,0x80000	  x1=0x80000000
       20219000	       909	800002b8	f63cf137	lui	x2,0xf63cf	  x2=0xf63cf000
       20299000	       913	800002bc	95a10113	addi	x2,x2,-1702	  x2:0xf63cf000  x2=0xf63ce95a
       20319000	       914	800002c0	f6f701b7	lui	x3,0xf6f70	  x3=0xf6f70000
       20339000	       915	800002c4	b9218193	addi	x3,x3,-1134	  x3:0xf6f70000  x3=0xf6f6fb92
       20359000	       916	800002c8	fcbe8237	lui	x4,0xfcbe8	  x4=0xfcbe8000
       20379000	       917	800002cc	87520213	addi	x4,x4,-1931	  x4:0xfcbe8000  x4=0xfcbe7875
       20439000	       920	800002d0	f13802b7	lui	x5,0xf1380	  x5=0xf1380000
       20779000	       937	800002d4	92928293	addi	x5,x5,-1751	  x5:0xf1380000  x5=0xf137f929
       20799000	       938	800002d8	4311	c.li	x6,4	  x6=0x00000004
       20819000	       939	800002da	4399	c.li	x7,6	  x7=0x00000006
       20879000	       942	800002dc	80000437	lui	x8,0x80000	  x8=0x80000000
       20899000	       943	800002e0	4481	c.li	x9,0	  x9=0x00000000
       20919000	       944	800002e2	80000537	lui	x10,0x80000	 x10=0x80000000
       21159000	       956	800002e6	800005b7	lui	x11,0x80000	 x11=0x80000000
       21179000	       957	800002ea	4681	c.li	x13,0	 x13=0x00000000
       21199000	       958	800002ec	c5d10737	lui	x14,0xc5d10	 x14=0xc5d10000
       21359000	       966	800002f0	b9670713	addi	x14,x14,-1130	 x14:0xc5d10000 x14=0xc5d0fb96
       21779000	       987	800002f4	08f4b7b7	lui	x15,0x8f4b	 x15=0x08f4b000
       21979000	       997	800002f8	17a9	c.addi	x15,-22	 x15:0x08f4b000 x15=0x08f4afea
       21999000	       998	800002fa	4801	c.li	x16,0	 x16=0x00000000
       22079000	      1002	800002fc	f2d268b7	lui	x17,0xf2d26	 x17=0xf2d26000
       22259000	      1011	80000300	99a88893	addi	x17,x17,-1638	 x17:0xf2d26000 x17=0xf2d2599a
       22299000	      1013	80000304	f04f5937	lui	x18,0xf04f5	 x18=0xf04f5000
       22319000	      1014	80000308	51590913	addi	x18,x18,1301	 x18:0xf04f5000 x18=0xf04f5515
       22379000	      1017	8000030c	4991	c.li	x19,4	 x19=0x00000004
       22399000	      1018	8000030e	80000a37	lui	x20,0x80000	 x20=0x80000000
       22419000	      1019	80000312	4a81	c.li	x21,0	 x21=0x00000000
       22439000	      1020	80000314	f9d9fb37	lui	x22,0xf9d9f	 x22=0xf9d9f000
       22839000	      1040	80000318	3d9b0b13	addi	x22,x22,985	 x22:0xf9d9f000 x22=0xf9d9f3d9
       23179000	      1057	8000031c	80000bb7	lui	x23,0x80000	 x23=0x80000000
       23199000	      1058	80000320	f0a97c37	lui	x24,0xf0a97	 x24=0xf0a97000
       23239000	      1060	80000324	ddfc0c13	addi	x24,x24,-545	 x24:0xf0a97000 x24=0xf0a96ddf
       23419000	      1069	80000328	f4cc3cb7	lui	x25,0xf4cc3	 x25=0xf4cc3000
       23839000	      1090	8000032c	bcfc8c93	addi	x25,x25,-1073	 x25:0xf4cc3000 x25=0xf4cc2bcf
       24039000	      1100	80000330	4d01	c.li	x26,0	 x26=0x00000000
       24059000	      1101	80000332	f8832db7	lui	x27,0xf8832	 x27=0xf8832000
       24259000	      1111	80000336	ce3d8d93	addi	x27,x27,-797	 x27:0xf8832000 x27=0xf8831ce3
       24279000	      1112	8000033a	4e81	c.li	x29,0	 x29=0x00000000
       24459000	      1121	8000033c	fc6dbf37	lui	x30,0xfc6db	 x30=0xfc6db000
       24879000	      1142	80000340	9b3f0f13	addi	x30,x30,-1613	 x30:0xfc6db000 x30=0xfc6da9b3
       24979000	      1147	80000344	80000fb7	lui	x31,0x80000	 x31=0x80000000
       25159000	      1156	80000348	00022e17	auipc	x28,0x22	 x28=0x80022348
       25299000	      1163	8000034c	b1ce0e13	addi	x28,x28,-1252	 x28:0x80022348 x28=0x80021e64
       25719000	      1184	80000350	90000cb7	lui	x25,0x90000	 x25=0x90000000
       26139000	      1205	80000354	1cf1	c.addi	x25,-4	 x25:0x90000000 x25=0x8ffffffc
       26159000	      1206	80000356	4381	c.li	x7,0	  x7=0x00000000
       26179000	      1207	80000358	03a2	c.slli	x7,0x8	  x7:0x00000000  x7=0x00000000
       26199000	      1208	8000035a	00038393	addi	x7,x7,0	  x7:0x00000000  x7=0x00000000
       26839000	      1240	8000035e	007ca023	sw	x7,0(x25)	 x25:0x8ffffffc  x7:0x00000000 PA:0x8ffffffc store:0x00000000 load:0xffffffff
       26859000	      1241	80000362	15a0306f	jal	x0,800034bc	  x0=0x00000000
       27139000	      1255	800034bc	01add2b3	srl	x5,x27,x26	 x27:0xf8831ce3 x26:0x00000000  x5=0xf8831ce3
       27179000	      1257	800034c0	0ff0000f	fence	iorw,iorw	
       27419000	      1269	800034c4	039c6763	bltu	x24,x25,800034f2	 x24:0xf0a96ddf x25:0x8ffffffc
       27839000	      1290	800034c8	fc08a997	auipc	x19,0xfc08a	 x19=0x7c08d4c8
       27859000	      1291	800034cc	044a8063	beq	x21,x4,8000350c	 x21:0x00000000  x4:0xfcbe7875
       28279000	      1312	800034d0	00025b93	srli	x23,x4,0x0	  x4:0xfcbe7875 x23=0xfcbe7875
       28459000	      1321	800034d4	9635a593	slti	x11,x11,-1693	 x11:0x80000000 x11=0x00000001
       28839000	      1340	800034d8	0271dc63	bge	x3,x7,80003510	  x3:0xf6f6fb92  x7:0x00000000
       28919000	      1344	800034dc	055ee463	bltu	x29,x21,80003524	 x29:0x00000000 x21:0x00000000
       28939000	      1345	800034e0	8c8d	c.sub	x9,x11	  x9:0x00000000 x11:0x00000001  x9=0xffffffff
       28959000	      1346	800034e2	03ed0b33	mul	x22,x26,x30	 x26:0x00000000 x30:0xfc6da9b3 x22=0x00000000
       29239000	      1360	800034e6	01f227b3	slt	x15,x4,x31	  x4:0xfcbe7875 x31:0x80000000 x15=0x00000000
       29399000	      1368	800034ea	41580eb3	sub	x29,x16,x21	 x16:0x00000000 x21:0x00000000 x29=0x00000000
       29559000	      1376	800034ee	00620bb3	add	x23,x4,x6	  x4:0xfcbe7875  x6:0x00000004 x23=0xfcbe7879
       29579000	      1377	800034f2	dd102193	slti	x3,x0,-559	  x0:0x00000000  x3=0x00000000
       29599000	      1378	800034f6	8d6d	c.and	x10,x11	 x10:0x80000000 x11:0x00000001 x10=0x00000000
       29779000	      1387	800034f8	0b3c7697	auipc	x13,0xb3c7	 x13=0x8b3ca4f8
       29799000	      1388	800034fc	018b9713	slli	x14,x23,0x18	 x23:0xfcbe7879 x14=0x79000000
       29819000	      1389	80003500	9218c093	xori	x1,x17,-1759	 x17:0xf2d2599a  x1=0x0d2da0bb
       29839000	      1390	80003504	417f0233	sub	x4,x30,x23	 x30:0xfc6da9b3 x23:0xfcbe7879  x4=0xffaf313a
       29859000	      1391	80003508	87afe293	ori	x5,x31,-1926	 x31:0x80000000  x5=0xfffff87a
       29959000	      1396	8000350c	c885f193	andi	x3,x11,-888	 x11:0x00000001  x3=0x00000000
       29979000	      1397	80003510	6f65	c.lui	x30,0x19	 x30=0x00019000
       29999000	      1398	80003512	9eb6	c.add	x29,x13	 x29:0x00000000 x13:0x8b3ca4f8 x29=0x8b3ca4f8
       30019000	      1399	80003514	00897fb3	and	x31,x18,x8	 x18:0xf04f5515  x8:0x80000000 x31=0x80000000
       30179000	      1407	80003518	031bafb3	mulhsu	x31,x23,x17	 x23:0xfcbe7879 x17:0xf2d2599a x31=0xfce960fd
       30199000	      1408	8000351c	004e5b93	srli	x23,x28,0x4	 x28:0x80021e64 x23=0x080021e6
       30219000	      1409	80003520	03337313	andi	x6,x6,51	  x6:0x00000004  x6=0x00000000
       30379000	      1417	80003524	1ef4ef13	ori	x30,x9,495	  x9:0xffffffff x30=0xffffffff
       30799000	      1438	80003528	8abd	c.andi	x13,15	 x13:0x8b3ca4f8 x13=0x00000008
       31239000	      1460	8000352a	03b53533	mulhu	x10,x10,x27	 x10:0x00000000 x27:0xf8831ce3 x10=0x00000000
       31259000	      1461	8000352e	876d	c.srai	x14,0x1b	 x14:0x79000000 x14=0x0000000f
       31279000	      1462	80003530	96ca	c.add	x13,x18	 x13:0x00000008 x18:0xf04f5515 x13=0xf04f551d
       31299000	      1463	80003532	997d	c.andi	x10,-1	 x10:0x00000000 x10=0x00000000
       31479000	      1472	80003534	6941	c.lui	x18,0x10	 x18=0x00010000
       31499000	      1473	80003536	1cb92a93	slti	x21,x18,459	 x18:0x00010000 x21=0x00000000
       31599000	      1478	8000353a	00474363	blt	x14,x4,80003540	 x14:0x0000000f  x4:0xffaf313a
       31619000	      1479	8000353e	717d	c.addi16sp	x2,-16	  x2:0xf63ce95a  x2=0xf63ce94a
       32359000	      1516	80003540	03ba7cb3	remu	x25,x20,x27	 x20:0x80000000 x27:0xf8831ce3 x25=0x80000000
       32379000	      1517	80003544	0001	c.addi	x0,0	  x0:0x00000000  x0=0x00000000
       32399000	      1518	80003546	00fae5b3	or	x11,x21,x15	 x21:0x00000000 x15:0x00000000 x11=0x00000000
       32419000	      1519	8000354a	419d86b3	sub	x13,x27,x25	 x27:0xf8831ce3 x25:0x80000000 x13=0x78831ce3
       33159000	      1556	8000354e	03ff45b3	div	x11,x30,x31	 x30:0xffffffff x31:0xfce960fd x11=0x00000000
       33179000	      1557	80003552	04467263	bgeu	x12,x4,80003596	 x12:0x80025ce4  x4:0xffaf313a
       33219000	      1559	80003556	034fa0b3	mulhsu	x1,x31,x20	 x31:0xfce960fd x20:0x80000000  x1=0xfe74b07e
       33239000	      1560	8000355a	006a9133	sll	x2,x21,x6	 x21:0x00000000  x6:0x00000000  x2=0x00000000
       33259000	      1561	8000355e	0000100f	fence.i	
       33619000	      1579	80003562	5f8c6c13	ori	x24,x24,1528	 x24:0xf0a96ddf x24=0xf0a96dff
       34039000	      1600	80003566	01611db3	sll	x27,x2,x22	  x2:0x00000000 x22:0x00000000 x27=0x00000000
       34059000	      1601	8000356a	8edd	c.or	x13,x15	 x13:0x78831ce3 x15:0x00000000 x13=0x78831ce3
       34079000	      1602	8000356c	010a5c63	bge	x20,x16,80003584	 x20:0x80000000 x16:0x00000000
       34339000	      1615	80003570	8121	c.srli	x10,0x8	 x10:0x00000000 x10=0x00000000
       34759000	      1636	80003572	03d7c513	xori	x10,x15,61	 x15:0x00000000 x10=0x0000003d
       34779000	      1637	80003576	4801	c.li	x16,0	 x16=0x00000000
       34819000	      1639	80003578	02321333	mulh	x6,x4,x3	  x4:0xffaf313a  x3:0x00000000  x6=0x00000000
       34839000	      1640	8000357c	010e1a93	slli	x21,x28,0x10	 x28:0x80021e64 x21=0x1e640000
       35239000	      1660	80003580	039a1ab3	mulh	x21,x20,x25	 x20:0x80000000 x25:0x80000000 x21=0x40000000
       35259000	      1661	80003584	f4d70213	addi	x4,x14,-179	 x14:0x0000000f  x4=0xffffff5c
       35379000	      1667	80003588	158f8493	addi	x9,x31,344	 x31:0xfce960fd  x9=0xfce96255
       35579000	      1677	8000358c	41a5	c.li	x3,9	  x3=0x00000009
       35599000	      1678	8000358e	8dee	c.mv	x27,x27	  x0:0x00000000 x27:0x00000000 x27=0x00000000
       35619000	      1679	80003590	009d6a63	bltu	x26,x9,800035a4	 x26:0x00000000  x9:0xfce96255
       36259000	      1711	800035a4	368fec13	ori	x24,x31,872	 x31:0xfce960fd x24=0xfce963fd
       36279000	      1712	800035a8	006f4563	blt	x30,x6,800035b2	 x30:0xffffffff  x6:0x00000000
       36759000	      1736	800035b2	6be5	c.lui	x23,0x19	 x23=0x00019000
       37579000	      1777	800035b4	0218fc33	remu	x24,x17,x1	 x17:0xf2d2599a  x1:0xfe74b07e x24=0xf2d2599a
       37599000	      1778	800035b8	40430233	sub	x4,x6,x4	  x6:0x00000000  x4:0xffffff5c  x4=0x000000a4
       37619000	      1779	800035bc	004b18b3	sll	x17,x22,x4	 x22:0x00000000  x4:0x000000a4 x17=0x00000000
       37639000	      1780	800035c0	6511	c.lui	x10,0x4	 x10=0x00004000
       37659000	      1781	800035c2	9bfd	c.andi	x15,-1	 x15:0x00000000 x15=0x00000000
       37679000	      1782	800035c4	41bdd6b3	sra	x13,x27,x27	 x27:0x00000000 x27:0x00000000 x13=0x00000000
       37699000	      1783	800035c8	016f9bb3	sll	x23,x31,x22	 x31:0xfce960fd x22:0x00000000 x23=0xfce960fd
       37719000	      1784	800035cc	62eaf013	andi	x0,x21,1582	 x21:0x40000000  x0=0x00000000
       37899000	      1793	800035d0	8cba	c.mv	x25,x14	  x0:0x00000000 x14:0x0000000f x25=0x0000000f
       37919000	      1794	800035d2	86cd	c.srai	x13,0x13	 x13:0x00000000 x13=0x00000000
       37959000	      1796	800035d4	21ef0793	addi	x15,x30,542	 x30:0xffffffff x15=0x0000021d
       37999000	      1798	800035d8	037d9a33	mulh	x20,x27,x23	 x27:0x00000000 x23:0xfce960fd x20=0x00000000
       69099000	      3353	800035dc	00c69bb3	sll	x23,x13,x12	 x13:0x00000000 x12:0x80025ce4 x23=0x00000000
       69119000	      3354	800035e0	01fd1c33	sll	x24,x26,x31	 x26:0x00000000 x31:0xfce960fd x24=0x00000000
       69159000	      3356	800035e4	02229033	mulh	x0,x5,x2	  x5:0xfffff87a  x2:0x00000000  x0=0x00000000
       69179000	      3357	800035e8	8f9d	c.sub	x15,x15	 x15:0x0000021d x15:0x0000021d x15=0x00000000
       69199000	      3358	800035ea	41636293	ori	x5,x6,1046	  x6:0x00000000  x5=0x00000416
       69219000	      3359	800035ee	683ead93	slti	x27,x29,1667	 x29:0x8b3ca4f8 x27=0x00000001
       69239000	      3360	800035f2	63bd	c.lui	x7,0xf	  x7=0x0000f000
       69439000	      3370	800035f4	7f0a8c97	auipc	x25,0x7f0a8	 x25=0xff0ab5f4
       69579000	      3377	800035f8	0808	c.addi4spn	x10,x2,16	 x10=0x00000010
       69599000	      3378	800035fa	016ed863	bge	x29,x22,8000360a	 x29:0x8b3ca4f8 x22:0x00000000
       69619000	      3379	800035fe	0aa9	c.addi	x21,10	 x21:0x40000000 x21=0x4000000a
       69799000	      3388	80003600	0263b213	sltiu	x4,x7,38	  x7:0x0000f000  x4=0x00000000
       69839000	      3390	80003604	00c99263	bne	x19,x12,80003608	 x19:0x7c08d4c8 x12:0x80025ce4
       70419000	      3419	80003608	717d	c.addi16sp	x2,-16	  x2:0x00000000  x2=0xfffffff0
       70439000	      3420	8000360a	41c3d713	srai	x14,x7,0x1c	  x7:0x0000f000 x14=0x00000000
       70859000	      3441	8000360e	00184fb3	xor	x31,x16,x1	 x16:0x00000000  x1:0xfe74b07e x31=0xfe74b07e
       70879000	      3442	80003612	177d	c.addi	x14,-1	 x14:0x00000000 x14=0xffffffff
       70899000	      3443	80003614	0015d393	srli	x7,x11,0x1	 x11:0x00000000  x7=0x00000000
       70999000	      3448	80003618	0149fb63	bgeu	x19,x20,8000362e	 x19:0x7c08d4c8 x20:0x00000000
       71679000	      3482	8000362e	00704cb3	xor	x25,x0,x7	  x0:0x00000000  x7:0x00000000 x25=0x00000000
       71779000	      3487	80003632	02d8cc33	div	x24,x17,x13	 x17:0x00000000 x13:0x00000000 x24=0xffffffff
       71799000	      3488	80003636	8f39	c.xor	x14,x14	 x14:0xffffffff x14:0xffffffff x14=0x00000000
       71819000	      3489	80003638	82f5	c.srli	x13,0x1d	 x13:0x00000000 x13=0x00000000
       71839000	      3490	8000363a	6b71	c.lui	x22,0x1c	 x22=0x0001c000
       71859000	      3491	8000363c	87d9	c.srai	x15,0x16	 x15:0x00000000 x15=0x00000000
       72219000	      3509	8000363e	00f619b3	sll	x19,x12,x15	 x12:0x80025ce4 x15:0x00000000 x19=0x80025ce4
       72239000	      3510	80003642	0784	c.addi4spn	x9,x2,960	  x9=0x000003b0
       72639000	      3530	80003644	02885763	bge	x16,x8,80003672	 x16:0x00000000  x8:0x80000000
       72939000	      3545	80003672	00e71d13	slli	x26,x14,0xe	 x14:0x00000000 x26=0x00000000
       73379000	      3567	80003676	0346bab3	mulhu	x21,x13,x20	 x13:0x00000000 x20:0x00000000 x21=0x00000000
       73559000	      3576	8000367a	027b09b3	mul	x19,x22,x7	 x22:0x0001c000  x7:0x00000000 x19=0x00000000
       73579000	      3577	8000367e	8cd5	c.or	x9,x13	  x9:0x000003b0 x13:0x00000000  x9=0x000003b0
       73599000	      3578	80003680	008fa733	slt	x14,x31,x8	 x31:0xfe74b07e  x8:0x80000000 x14=0x00000000
       73759000	      3586	80003684	00be1e63	bne	x28,x11,800036a0	 x28:0x80021e64 x11:0x00000000
       74339000	      3615	800036a0	0ff0000f	fence	iorw,iorw	
       74359000	      3616	800036a4	9a2a	c.add	x20,x10	 x20:0x00000000 x10:0x00000010 x20=0x00000010
       74479000	      3622	800036a6	00f0eeb3	or	x29,x1,x15	  x1:0xfe74b07e x15:0x00000000 x29=0xfe74b07e
       74499000	      3623	800036aa	016bdf93	srli	x31,x23,0x16	 x23:0x00000000 x31=0x00000000
       74519000	      3624	800036ae	00147333	and	x6,x8,x1	  x8:0x80000000  x1:0xfe74b07e  x6=0x80000000
       74539000	      3625	800036b2	64d9	c.lui	x9,0x16	  x9=0x00016000
       74559000	      3626	800036b4	0ff0000f	fence	iorw,iorw	
       74579000	      3627	800036b8	01c53c33	sltu	x24,x10,x28	 x10:0x00000010 x28:0x80021e64 x24=0x00000001
       74819000	      3639	800036bc	002c3233	sltu	x4,x24,x2	 x24:0x00000001  x2:0xfffffff0  x4=0x00000001
       74899000	      3643	800036c0	717d	c.addi16sp	x2,-16	  x2:0xfffffff0  x2=0xffffffe0
       74999000	      3648	800036c2	01d38663	beq	x7,x29,800036ce	  x7:0x00000000 x29:0xfe74b07e
       75019000	      3649	800036c6	0045c263	blt	x11,x4,800036ca	 x11:0x00000000  x4:0x00000001
       75419000	      3669	800036ca	965d9497	auipc	x9,0x965d9	  x9=0x165dc6ca
       75859000	      3691	800036ce	00e52fb3	slt	x31,x10,x14	 x10:0x00000010 x14:0x00000000 x31=0x00000000
       75879000	      3692	800036d2	157d	c.addi	x10,-1	 x10:0x00000010 x10=0x0000000f
       76139000	      3705	800036d4	0277b333	mulhu	x6,x15,x7	 x15:0x00000000  x7:0x00000000  x6=0x00000000
       76159000	      3706	800036d8	2d47ec93	ori	x25,x15,724	 x15:0x00000000 x25=0x000002d4
       76179000	      3707	800036dc	00fbccb3	xor	x25,x23,x15	 x23:0x00000000 x15:0x00000000 x25=0x00000000
       76199000	      3708	800036e0	8f05	c.sub	x14,x9	 x14:0x00000000  x9:0x165dc6ca x14=0xe9a23936
       76219000	      3709	800036e2	9a7eeb93	ori	x23,x29,-1625	 x29:0xfe74b07e x23=0xfffff9ff
       76399000	      3718	800036e6	0164c0b3	xor	x1,x9,x22	  x9:0x165dc6ca x22:0x0001c000  x1=0x165c06ca
       76419000	      3719	800036ea	0001	c.addi	x0,0	  x0:0x00000000  x0=0x00000000
       77199000	      3758	800036ec	0320f0b3	remu	x1,x1,x18	  x1:0x165c06ca x18:0x00010000  x1=0x000006ca
       77219000	      3759	800036f0	8d336293	ori	x5,x6,-1837	  x6:0x00000000  x5=0xfffff8d3
       77239000	      3760	800036f4	013bc5b3	xor	x11,x23,x19	 x23:0xfffff9ff x19:0x00000000 x11=0xfffff9ff
       77279000	      3762	800036f8	015b4b63	blt	x22,x21,8000370e	 x22:0x0001c000 x21:0x00000000
       77699000	      3783	800036fc	00cd9663	bne	x27,x12,80003708	 x27:0x00000001 x12:0x80025ce4
       78239000	      3810	80003708	4134d213	srai	x4,x9,0x13	  x9:0x165dc6ca  x4=0x000002cb
       78659000	      3831	8000370c	80fd	c.srli	x9,0x1f	  x9:0x165dc6ca  x9=0x00000000
       78959000	      3846	8000370e	0330e233	rem	x4,x1,x19	  x1:0x000006ca x19:0x00000000  x4=0x000006ca
       78999000	      3848	80003712	03eea4b3	mulhsu	x9,x29,x30	 x29:0xfe74b07e x30:0xffffffff  x9=0xfe74b07e
       79379000	      3867	80003716	0332d863	bge	x5,x19,80003746	  x5:0xfffff8d3 x19:0x00000000
       79399000	      3868	8000371a	010f9033	sll	x0,x31,x16	 x31:0x00000000 x16:0x00000000  x0=0x00000000
       79419000	      3869	8000371e	e08d	c.bnez	x9,80003740	  x9:0xfe74b07e
       80399000	      3918	80003740	8cf5	c.and	x9,x13	  x9:0xfe74b07e x13:0x00000000  x9=0x00000000
       80459000	      3921	80003742	41ac54b3	sra	x9,x24,x26	 x24:0x00000001 x26:0x00000000  x9=0x00000001
       80479000	      3922	80003746	58fd	c.li	x17,-1	 x17=0xffffffff
       80559000	      3926	80003748	f7b1ec37	lui	x24,0xf7b1e	 x24=0xf7b1e000
       80619000	      3929	8000374c	01d9bab3	sltu	x21,x19,x29	 x19:0x00000000 x29:0xfe74b07e x21=0x00000001
       80639000	      3930	80003750	4f406493	ori	x9,x0,1268	  x0:0x00000000  x9=0x000004f4
       80659000	      3931	80003754	40b784b3	sub	x9,x15,x11	 x15:0x00000000 x11:0xfffff9ff  x9=0x00000601
       80679000	      3932	80003758	ef15	c.bnez	x14,80003794	 x14:0xe9a23936
       81859000	      3991	80003794	03dce8b3	rem	x17,x25,x29	 x25:0x00000000 x29:0xfe74b07e x17=0x00000000
       81879000	      3992	80003798	e285	c.bnez	x13,800037b8	 x13:0x00000000
       81899000	      3993	8000379a	89d83893	sltiu	x17,x16,-1891	 x16:0x00000000 x17=0x00000001
       81919000	      3994	8000379e	0006dd63	bge	x13,x0,800037b8	 x13:0x00000000  x0:0x00000000
       81999000	      3998	800037b8	0001	c.addi	x0,0	  x0:0x00000000  x0=0x00000000
       82099000	      4003	800037ba	69346b13	ori	x22,x8,1683	  x8:0x80000000 x22=0x80000693
       82119000	      4004	800037be	8d39	c.xor	x10,x14	 x10:0x0000000f x14:0xe9a23936 x10=0xe9a23939
       82479000	      4022	800037c0	8772	c.mv	x14,x28	  x0:0x00000000 x28:0x80021e64 x14=0x80021e64
       82499000	      4023	800037c2	0068c463	blt	x17,x6,800037ca	 x17:0x00000001  x6:0x00000000
       82919000	      4044	800037c6	03ff7463	bgeu	x30,x31,800037ee	 x30:0xffffffff x31:0x00000000
       83599000	      4078	800037ee	0ec2	c.slli	x29,0x10	 x29:0xfe74b07e x29=0xb07e0000
       83799000	      4088	800037f0	00b31513	slli	x10,x6,0xb	  x6:0x00000000 x10=0x00000000
       83879000	      4092	800037f4	a214a9b7	lui	x19,0xa214a	 x19=0xa214a000
       83959000	      4096	800037f8	0599c263	blt	x19,x25,8000383c	 x19:0xa214a000 x25:0x00000000
       84499000	      4123	8000383c	c2346493	ori	x9,x8,-989	  x8:0x80000000  x9=0xfffffc23
       84739000	      4135	80003840	9a906c13	ori	x24,x0,-1623	  x0:0x00000000 x24=0xfffff9a9
       84759000	      4136	80003844	cb1d	c.beqz	x14,8000387a	 x14:0x80021e64
       84939000	      4145	80003846	0ff0000f	fence	iorw,iorw	
       84959000	      4146	8000384a	c319	c.beqz	x14,80003850	 x14:0x80021e64
       85099000	      4153	8000384c	032b8933	mul	x18,x23,x18	 x23:0xfffff9ff x18:0x00010000 x18=0xf9ff0000
       85119000	      4154	80003850	0001	c.addi	x0,0	  x0:0x00000000  x0=0x00000000
       85239000	      4160	80003852	00980263	beq	x16,x9,80003856	 x16:0x00000000  x9:0xfffffc23
       85659000	      4181	80003856	eb754093	xori	x1,x10,-329	 x10:0x00000000  x1=0xfffffeb7
       85779000	      4187	8000385a	cea3cc93	xori	x25,x7,-790	  x7:0x00000000 x25=0xfffffcea
       85919000	      4194	8000385e	83724d93	xori	x27,x4,-1993	  x4:0x000006ca x27=0xfffffefd
       85959000	      4196	80003862	031f3833	mulhu	x16,x30,x17	 x30:0xffffffff x17:0x00000001 x16=0x00000000
       85979000	      4197	80003866	97fe2093	slti	x1,x28,-1665	 x28:0x80021e64  x1=0x00000001
       85999000	      4198	8000386a	8dc9	c.or	x11,x10	 x11:0xfffff9ff x10:0x00000000 x11=0xfffff9ff
       86039000	      4200	8000386c	021725b3	mulhsu	x11,x14,x1	 x14:0x80021e64  x1:0x00000001 x11=0xffffffff
       86379000	      4217	80003870	01741463	bne	x8,x23,80003878	  x8:0x80000000 x23:0xfffff9ff
       86959000	      4246	80003878	87d5	c.srai	x15,0x15	 x15:0x00000000 x15=0x00000000
       87699000	      4283	8000387a	0213e2b3	rem	x5,x7,x1	  x7:0x00000000  x1:0x00000001  x5=0x00000000
       87719000	      4284	8000387e	0000100f	fence.i	
       88299000	      4313	80003882	bd8084b7	lui	x9,0xbd808	  x9=0xbd808000
       88319000	      4314	80003886	010d9f33	sll	x30,x27,x16	 x27:0xfffffefd x16:0x00000000 x30=0xfffffefd
       88559000	      4326	8000388a	04168563	beq	x13,x1,800038d4	 x13:0x00000000  x1:0x00000001
       88659000	      4331	8000388e	015c5333	srl	x6,x24,x21	 x24:0xfffff9a9 x21:0x00000001  x6=0x7ffffcd4
       88679000	      4332	80003892	0000100f	fence.i	
       88999000	      4348	80003896	004f9c63	bne	x31,x4,800038ae	 x31:0x00000000  x4:0x000006ca
       89139000	      4355	800038ae	c45b7f93	andi	x31,x22,-955	 x22:0x80000693 x31=0x80000401
       89279000	      4362	800038b2	03a1ac33	mulhsu	x24,x3,x26	  x3:0x00000009 x26:0x00000000 x24=0x00000000
       89439000	      4370	800038b6	92d45fb7	lui	x31,0x92d45	 x31=0x92d45000
       89459000	      4371	800038ba	f2c98a93	addi	x21,x19,-212	 x19:0xa214a000 x21=0xa2149f2c
       89759000	      4386	800038be	37368a93	addi	x21,x13,883	 x13:0x00000000 x21=0x00000373
       90199000	      4408	800038c2	028219b3	mulh	x19,x4,x8	  x4:0x000006ca  x8:0x80000000 x19=0xfffffc9b
       90219000	      4409	800038c6	0001	c.addi	x0,0	  x0:0x00000000  x0=0x00000000
       90239000	      4410	800038c8	01474663	blt	x14,x20,800038d4	 x14:0x80021e64 x20:0x00000010
       91959000	      4496	800038d4	02b87f33	remu	x30,x16,x11	 x16:0x00000000 x11:0xffffffff x30=0x00000000
       91979000	      4497	800038d8	e681	c.bnez	x13,800038e0	 x13:0x00000000
       91999000	      4498	800038da	8f75	c.and	x14,x13	 x14:0x80021e64 x13:0x00000000 x14=0x00000000
       92059000	      4501	800038dc	00484b33	xor	x22,x16,x4	 x16:0x00000000  x4:0x000006ca x22=0x000006ca
       92079000	      4502	800038e0	c329	c.beqz	x14,80003922	 x14:0x00000000
       92579000	      4527	80003922	695d	c.lui	x18,0x17	 x18=0x00017000
       92599000	      4528	80003924	00901513	slli	x10,x0,0x9	  x0:0x00000000 x10=0x00000000
       92719000	      4534	80003928	0147feb3	and	x29,x15,x20	 x15:0x00000000 x20:0x00000010 x29=0x00000000
       92739000	      4535	8000392c	0001	c.addi	x0,0	  x0:0x00000000  x0=0x00000000
       92759000	      4536	8000392e	1498	c.addi4spn	x14,x2,608	 x14=0x00000240
       92779000	      4537	80003930	01aad733	srl	x14,x21,x26	 x21:0x00000373 x26:0x00000000 x14=0x00000373
       93079000	      4552	80003934	03d9d1b3	divu	x3,x19,x29	 x19:0xfffffc9b x29:0x00000000  x3=0xffffffff
       93099000	      4553	80003938	01c6f6b3	and	x13,x13,x28	 x13:0x00000000 x28:0x80021e64 x13=0x00000000
       93139000	      4555	8000393c	0397b933	mulhu	x18,x15,x25	 x15:0x00000000 x25:0xfffffcea x18=0x00000000
       93179000	      4557	80003940	0241a8b3	mulhsu	x17,x3,x4	  x3:0xffffffff  x4:0x000006ca x17=0xffffffff
       93539000	      4575	80003944	0a433c13	sltiu	x24,x6,164	  x6:0x7ffffcd4 x24=0x00000000
       93679000	      4582	80003948	032e8363	beq	x29,x18,8000396e	 x29:0x00000000 x18:0x00000000
       94599000	      4628	8000396e	8c8500b7	lui	x1,0x8c850	  x1=0x8c850000
       94619000	      4629	80003972	8eb9	c.xor	x13,x14	 x13:0x00000000 x14:0x00000373 x13=0x00000373
       94639000	      4630	80003974	02a1e863	bltu	x3,x10,800039a4	  x3:0xffffffff x10:0x00000000
       94659000	      4631	80003978	01cf5213	srli	x4,x30,0x1c	 x30:0x00000000  x4=0x00000000
       94779000	      4637	8000397c	05470363	beq	x14,x20,800039c2	 x14:0x00000373 x20:0x00000010
      104559000	      5126	80003980	012e5b33	srl	x22,x28,x18	 x28:0x80021e64 x18:0x00000000 x22=0x80021e64
      104579000	      5127	80003984	010c9933	sll	x18,x25,x16	 x25:0xfffffcea x16:0x00000000 x18=0xfffffcea
      104599000	      5128	80003988	01f85993	srli	x19,x16,0x1f	 x16:0x00000000 x19=0x00000000
      104619000	      5129	8000398c	01646a33	or	x20,x8,x22	  x8:0x80000000 x22:0x80021e64 x20=0x80021e64
      104639000	      5130	80003990	01752f33	slt	x30,x10,x23	 x10:0x00000000 x23:0xfffff9ff x30=0x00000000
      104659000	      5131	80003994	01d0e6b3	or	x13,x1,x29	  x1:0x8c850000 x29:0x00000000 x13=0x8c850000
      105819000	      5189	80003998	0265e933	rem	x18,x11,x6	 x11:0xffffffff  x6:0x7ffffcd4 x18=0xffffffff
      105839000	      5190	8000399c	030802b3	mul	x5,x16,x16	 x16:0x00000000 x16:0x00000000  x5=0x00000000
      105859000	      5191	800039a0	6f95	c.lui	x31,0x5	 x31=0x00005000
      105879000	      5192	800039a2	4de9	c.li	x27,26	 x27=0x0000001a
      105899000	      5193	800039a4	02948f33	mul	x30,x9,x9	  x9:0xbd808000  x9:0xbd808000 x30=0x40000000
      105919000	      5194	800039a8	24083c93	sltiu	x25,x16,576	 x16:0x00000000 x25=0x00000001
      105939000	      5195	800039ac	9b7d	c.andi	x14,-1	 x14:0x00000373 x14=0x00000373
      106019000	      5199	800039ae	03a818b3	mulh	x17,x16,x26	 x16:0x00000000 x26:0x00000000 x17=0x00000000
      106059000	      5201	800039b2	028f21b3	mulhsu	x3,x30,x8	 x30:0x40000000  x8:0x80000000  x3=0x20000000
      106079000	      5202	800039b6	8f45	c.or	x14,x9	 x14:0x00000373  x9:0xbd808000 x14=0xbd808373
      106439000	      5220	800039b8	09694813	xori	x16,x18,150	 x18:0xffffffff x16=0xffffff69
      106599000	      5228	800039bc	8122	c.mv	x2,x8	  x0:0x00000000  x8:0x80000000  x2=0x80000000
      106679000	      5232	800039be	02ef9363	bne	x31,x14,800039e4	 x31:0x00005000 x14:0xbd808373
      107839000	      5290	800039e4	01689233	sll	x4,x17,x22	 x17:0x00000000 x22:0x80021e64  x4=0x00000000
      108699000	      5333	800039e8	03f07d33	remu	x26,x0,x31	  x0:0x00000000 x31:0x00005000 x26=0x00000000
      108719000	      5334	800039ec	e58d	c.bnez	x11,80003a16	 x11:0xffffffff
      108799000	      5338	80003a16	9a7e	c.add	x20,x31	 x20:0x80021e64 x31:0x00005000 x20=0x80026e64
      109359000	      5366	80003a18	038f3233	mulhu	x4,x30,x24	 x30:0x40000000 x24:0x00000000  x4=0x00000000
      109379000	      5367	80003a1c	be107093	andi	x1,x0,-1055	  x0:0x00000000  x1=0x00000000
      110179000	      5407	80003a20	029276b3	remu	x13,x4,x9	  x4:0x00000000  x9:0xbd808000 x13=0x00000000
      110219000	      5409	80003a24	03f03133	mulhu	x2,x0,x31	  x0:0x00000000 x31:0x00005000  x2=0x00000000
      110239000	      5410	80003a28	406c5e93	srai	x29,x24,0x6	 x24:0x00000000 x29=0x00000000
      110259000	      5411	80003a2c	0136dc13	srli	x24,x13,0x13	 x13:0x00000000 x24=0x00000000
      110279000	      5412	80003a30	00758b63	beq	x11,x7,80003a46	 x11:0xffffffff  x7:0x00000000
      110299000	      5413	80003a34	00449693	slli	x13,x9,0x4	  x9:0xbd808000 x13=0xd8080000
      110319000	      5414	80003a38	40bad813	srai	x16,x21,0xb	 x21:0x00000373 x16=0x00000000
      110339000	      5415	80003a3c	e299	c.bnez	x13,80003a42	 x13:0xd8080000
      111079000	      5452	80003a42	02090db3	mul	x27,x18,x0	 x18:0xffffffff  x0:0x00000000 x27=0x00000000
      111099000	      5453	80003a46	0113cf63	blt	x7,x17,80003a64	  x7:0x00000000 x17:0x00000000
      111139000	      5455	80003a4a	03340fb3	mul	x31,x8,x19	  x8:0x80000000 x19:0x00000000 x31=0x00000000
      111159000	      5456	80003a4e	8d3d	c.xor	x10,x15	 x10:0x00000000 x15:0x00000000 x10=0x00000000
      111199000	      5458	80003a50	0000100f	fence.i	
      111999000	      5498	80003a54	2fd67c13	andi	x24,x12,765	 x12:0x80025ce4 x24=0x000000e4
      112419000	      5519	80003a58	01c2cd33	xor	x26,x5,x28	  x5:0x00000000 x28:0x80021e64 x26=0x80021e64
      112599000	      5528	80003a5c	8d49	c.or	x10,x10	 x10:0x00000000 x10:0x00000000 x10=0x00000000
      112619000	      5529	80003a5e	81ed	c.srli	x11,0x1b	 x11:0xffffffff x11=0x0000001f
      112639000	      5530	80003a60	41075893	srai	x17,x14,0x10	 x14:0xbd808373 x17=0xffffbd80
      112659000	      5531	80003a64	41a00733	sub	x14,x0,x26	  x0:0x00000000 x26:0x80021e64 x14=0x7ffde19c
      112699000	      5533	80003a68	65982bb7	lui	x23,0x65982	 x23=0x65982000
      112719000	      5534	80003a6c	9ebc2397	auipc	x7,0x9ebc2	  x7=0x1ebc5a6c
      112739000	      5535	80003a70	03a38eb3	mul	x29,x7,x26	  x7:0x1ebc5a6c x26:0x80021e64 x29=0xc903fa30
      112759000	      5536	80003a74	0000100f	fence.i	
      112899000	      5543	80003a78	12863797	auipc	x15,0x12863	 x15=0x92866a78
      112919000	      5544	80003a7c	311eb893	sltiu	x17,x29,785	 x29:0xc903fa30 x17=0x00000000
      113659000	      5581	80003a80	0356d9b3	divu	x19,x13,x21	 x13:0xd8080000 x21:0x00000373 x19=0x003ea1c6
      113679000	      5582	80003a84	000eaeb3	slt	x29,x29,x0	 x29:0xc903fa30  x0:0x00000000 x29=0x00000001
      113699000	      5583	80003a88	0001	c.addi	x0,0	  x0:0x00000000  x0=0x00000000
      113739000	      5585	80003a8a	02da9eb3	mulh	x29,x21,x13	 x21:0x00000373 x13:0xd8080000 x29=0xffffff76
      113759000	      5586	80003a8e	011d7a33	and	x20,x26,x17	 x26:0x80021e64 x17:0x00000000 x20=0x00000000
      113779000	      5587	80003a92	0aa4c593	xori	x11,x9,170	  x9:0xbd808000 x11=0xbd8080aa
      113799000	      5588	80003a96	8ec5	c.or	x13,x9	 x13:0xd8080000  x9:0xbd808000 x13=0xfd888000
      113839000	      5590	80003a98	4303ec13	ori	x24,x7,1072	  x7:0x1ebc5a6c x24=0x1ebc5e7c
      113899000	      5593	80003a9c	0088f663	bgeu	x17,x8,80003aa8	 x17:0x00000000  x8:0x80000000
      113919000	      5594	80003aa0	2e427293	andi	x5,x4,740	  x4:0x00000000  x5=0x00000000
      114099000	      5603	80003aa4	028b8163	beq	x23,x8,80003ac6	 x23:0x65982000  x8:0x80000000
      114519000	      5624	80003aa8	00d91b13	slli	x22,x18,0xd	 x18:0xffffffff x22=0xffffe000
      114919000	      5644	80003aac	0d9e	c.slli	x27,0x7	 x27:0x00000000 x27=0x00000000
      114939000	      5645	80003aae	8bd9	c.andi	x15,22	 x15:0x92866a78 x15=0x00000010
      115679000	      5682	80003ab0	02d150b3	divu	x1,x2,x13	  x2:0x00000000 x13:0xfd888000  x1=0x00000000
      115699000	      5683	80003ab4	2d5db737	lui	x14,0x2d5db	 x14=0x2d5db000
      116439000	      5720	80003ab8	0383c133	div	x2,x7,x24	  x7:0x1ebc5a6c x24:0x1ebc5e7c  x2=0x00000000
      116459000	      5721	80003abc	01029b63	bne	x5,x16,80003ad2	  x5:0x00000000 x16:0x00000000
      116479000	      5722	80003ac0	8fe1	c.and	x15,x8	 x15:0x00000010  x8:0x80000000 x15=0x00000000
      116499000	      5723	80003ac2	158c	c.addi4spn	x11,x2,736	 x11=0x000002e0
      116519000	      5724	80003ac4	8ed9	c.or	x13,x14	 x13:0xfd888000 x14:0x2d5db000 x13=0xfdddb000
      116539000	      5725	80003ac6	70a44313	xori	x6,x8,1802	  x8:0x80000000  x6=0x8000070a
      116559000	      5726	80003aca	0265fa63	bgeu	x11,x6,80003afe	 x11:0x000002e0  x6:0x8000070a
      116979000	      5747	80003ace	017f9563	bne	x31,x23,80003ad8	 x31:0x00000000 x23:0x65982000
      117279000	      5762	80003ad8	8cdd	c.or	x9,x15	  x9:0xbd808000 x15:0x00000000  x9=0xbd808000
      117299000	      5763	80003ada	0ff0000f	fence	iorw,iorw	
      117339000	      5765	80003ade	3976df37	lui	x30,0x3976d	 x30=0x3976d000
      117759000	      5786	80003ae2	01123333	sltu	x6,x4,x17	  x4:0x00000000 x17:0x00000000  x6=0x00000000
      117779000	      5787	80003ae6	6151	c.addi16sp	x2,272	  x2:0x00000000  x2=0x00000110
      117839000	      5790	80003ae8	cd85	c.beqz	x11,80003b20	 x11:0x000002e0
      117879000	      5792	80003aea	03b6ebb3	rem	x23,x13,x27	 x13:0xfdddb000 x27:0x00000000 x23=0xfdddb000
      117979000	      5797	80003aee	00214c63	blt	x2,x2,80003b06	  x2:0x00000110  x2:0x00000110
      117999000	      5798	80003af2	00c35463	bge	x6,x12,80003afa	  x6:0x00000000 x12:0x80025ce4
      118199000	      5808	80003afa	ae531317	auipc	x6,0xae531	  x6=0x2e534afa
      118259000	      5811	80003afe	02f01bb3	mulh	x23,x0,x15	  x0:0x00000000 x15:0x00000000 x23=0x00000000
      118279000	      5812	80003b02	8ff1	c.and	x15,x12	 x15:0x00000000 x12:0x80025ce4 x15=0x00000000
      118719000	      5834	80003b04	6985	c.lui	x19,0x1	 x19=0x00001000
      118739000	      5835	80003b06	0822	c.slli	x16,0x8	 x16:0x00000000 x16=0x00000000
      118759000	      5836	80003b08	8d1d	c.sub	x10,x15	 x10:0x00000000 x15:0x00000000 x10=0x00000000
      118819000	      5839	80003b0a	03a28b63	beq	x5,x26,80003b40	  x5:0x00000000 x26:0x80021e64
      118839000	      5840	80003b0e	81ad	c.srli	x11,0xb	 x11:0x000002e0 x11=0x00000000
      118859000	      5841	80003b10	004e71b3	and	x3,x28,x4	 x28:0x80021e64  x4:0x00000000  x3=0x00000000
      118899000	      5843	80003b14	026037b3	mulhu	x15,x0,x6	  x0:0x00000000  x6:0x2e534afa x15=0x00000000
      118919000	      5844	80003b18	0842	c.slli	x16,0x10	 x16:0x00000000 x16=0x00000000
      118979000	      5847	80003b1a	a08eb293	sltiu	x5,x29,-1528	 x29:0xffffff76  x5=0x00000000
      118999000	      5848	80003b1e	cc95	c.beqz	x9,80003b5a	  x9:0xbd808000
      119019000	      5849	80003b20	0784	c.addi4spn	x9,x2,960	  x9=0x000004d0
      119279000	      5862	80003b22	fd4f0017	auipc	x0,0xfd4f0	  x0=0x00000000
      119299000	      5863	80003b26	0e1b8693	addi	x13,x23,225	 x23:0x00000000 x13=0x000000e1
      119459000	      5871	80003b2a	03a51d33	mulh	x26,x10,x26	 x10:0x00000000 x26:0x80021e64 x26=0x00000000
      119479000	      5872	80003b2e	41cd0cb3	sub	x25,x26,x28	 x26:0x00000000 x28:0x80021e64 x25=0x7ffde19c
      119499000	      5873	80003b32	8dc9	c.or	x11,x10	 x11:0x00000000 x10:0x00000000 x11=0x00000000
      119519000	      5874	80003b34	16a3efb7	lui	x31,0x16a3e	 x31=0x16a3e000
      119539000	      5875	80003b38	41745f93	srai	x31,x8,0x17	  x8:0x80000000 x31=0xffffff00
      119639000	      5880	80003b3c	24320593	addi	x11,x4,579	  x4:0x00000000 x11=0x00000243
      119819000	      5889	80003b40	012c5db3	srl	x27,x24,x18	 x24:0x1ebc5e7c x18:0xffffffff x27=0x00000000
      119839000	      5890	80003b44	0131cfb3	xor	x31,x3,x19	  x3:0x00000000 x19:0x00001000 x31=0x00001000
      120259000	      5911	80003b48	074ac513	xori	x10,x21,116	 x21:0x00000373 x10=0x00000307
      120279000	      5912	80003b4c	41a25533	sra	x10,x4,x26	  x4:0x00000000 x26:0x00000000 x10=0x00000000
      120299000	      5913	80003b50	00109f13	slli	x30,x1,0x1	  x1:0x00000000 x30=0x00000000
      120319000	      5914	80003b54	0177beb3	sltu	x29,x15,x23	 x15:0x00000000 x23:0x00000000 x29=0x00000000
      120339000	      5915	80003b58	8cd1	c.or	x9,x12	  x9:0x000004d0 x12:0x80025ce4  x9=0x80025cf4
      120359000	      5916	80003b5a	81da	c.mv	x3,x22	  x0:0x00000000 x22:0xffffe000  x3=0xffffe000
      120419000	      5919	80003b5c	11e4f7b7	lui	x15,0x11e4f	 x15=0x11e4f000
      120439000	      5920	80003b60	00026263	bltu	x4,x0,80003b64	  x4:0x00000000  x0:0x00000000
      120459000	      5921	80003b64	bdce9a37	lui	x20,0xbdce9	 x20=0xbdce9000
      120499000	      5923	80003b68	0001	c.addi	x0,0	  x0:0x00000000  x0=0x00000000
      120519000	      5924	80003b6a	e11d	c.bnez	x10,80003b90	 x10:0x00000000
      120559000	      5926	80003b6c	03692033	mulhsu	x0,x18,x22	 x18:0xffffffff x22:0xffffe000  x0=0x00000000
      120579000	      5927	80003b70	8d69	c.and	x10,x10	 x10:0x00000000 x10:0x00000000 x10=0x00000000
      120619000	      5929	80003b72	0261afb3	mulhsu	x31,x3,x6	  x3:0xffffe000  x6:0x2e534afa x31=0xfffffa35
      120639000	      5930	80003b76	d704f713	andi	x14,x9,-656	  x9:0x80025cf4 x14=0x80025c70
      120799000	      5938	80003b7a	40b2d113	srai	x2,x5,0xb	  x5:0x00000000  x2=0x00000000
      120819000	      5939	80003b7e	00ba6e63	bltu	x20,x11,80003b9a	 x20:0xbdce9000 x11:0x00000243
      121739000	      5985	80003b82	0364c1b3	div	x3,x9,x22	  x9:0x80025cf4 x22:0xffffe000  x3=0x0003ffed
      121759000	      5986	80003b86	0bbfc493	xori	x9,x31,187	 x31:0xfffffa35  x9=0xfffffa8e
      121779000	      5987	80003b8a	006c5463	bge	x24,x6,80003b92	 x24:0x1ebc5e7c  x6:0x2e534afa
      121799000	      5988	80003b8e	717d	c.addi16sp	x2,-16	  x2:0x00000000  x2=0xfffffff0
      121819000	      5989	80003b90	8ea5	c.xor	x13,x9	 x13:0x000000e1  x9:0xfffffa8e x13=0xfffffa6f
      121839000	      5990	80003b92	8e95	c.sub	x13,x13	 x13:0xfffffa6f x13:0xfffffa6f x13=0x00000000
      121859000	      5991	80003b94	012a	c.slli	x2,0xa	  x2:0xfffffff0  x2=0xffffc000
      121899000	      5993	80003b96	021845b3	div	x11,x16,x1	 x16:0x00000000  x1:0x00000000 x11=0xffffffff
      121919000	      5994	80003b9a	05f5c263	blt	x11,x31,80003bde	 x11:0xffffffff x31:0xfffffa35
      121939000	      5995	80003b9e	64c5	c.lui	x9,0x11	  x9=0x00011000
      121959000	      5996	80003ba0	609dc993	xori	x19,x27,1545	 x27:0x00000000 x19=0x00000609
      122079000	      6002	80003ba4	021660b3	rem	x1,x12,x1	 x12:0x80025ce4  x1:0x00000000  x1=0x80025ce4
      122179000	      6007	80003ba8	41d45713	srai	x14,x8,0x1d	  x8:0x80000000 x14=0xfffffffc
      122919000	      6044	80003bac	034d42b3	div	x5,x26,x20	 x26:0x00000000 x20:0xbdce9000  x5=0x00000000
      122939000	      6045	80003bb0	0000100f	fence.i	
      123299000	      6063	80003bb4	025501b3	mul	x3,x10,x5	 x10:0x00000000  x5:0x00000000  x3=0x00000000
      123499000	      6073	80003bb8	0ff0000f	fence	iorw,iorw	
      123919000	      6094	80003bbc	47e8b993	sltiu	x19,x17,1150	 x17:0x00000000 x19=0x00000001
      123939000	      6095	80003bc0	003ee363	bltu	x29,x3,80003bc6	 x29:0x00000000  x3:0x00000000
      124359000	      6116	80003bc4	8971	c.andi	x10,28	 x10:0x00000000 x10=0x00000000
      124399000	      6118	80003bc6	cb376793	ori	x15,x14,-845	 x14:0xfffffffc x15=0xffffffff
      124699000	      6133	80003bca	03915563	bge	x2,x25,80003bf4	  x2:0xffffc000 x25:0x7ffde19c
      124719000	      6134	80003bce	012563b3	or	x7,x10,x18	 x10:0x00000000 x18:0xffffffff  x7=0xffffffff
      124739000	      6135	80003bd2	8c91	c.sub	x9,x12	  x9:0x00011000 x12:0x80025ce4  x9=0x7ffeb31c
      124759000	      6136	80003bd4	983a	c.add	x16,x14	 x16:0x00000000 x14:0xfffffffc x16=0xfffffffc
      124779000	      6137	80003bd6	1c08	c.addi4spn	x10,x2,560	 x10=0xffffc230
      125139000	      6155	80003bd8	0232	c.slli	x4,0xc	  x4:0x00000000  x4=0x00000000
      125159000	      6156	80003bda	005f36b3	sltu	x13,x30,x5	 x30:0x00000000  x5:0x00000000 x13=0x00000000
      125279000	      6162	80003bde	01be1913	slli	x18,x28,0x1b	 x28:0x80021e64 x18=0x20000000
      125299000	      6163	80003be2	013cb2b3	sltu	x5,x25,x19	 x25:0x7ffde19c x19:0x00000001  x5=0x00000000
      125319000	      6164	80003be6	8cc03eb7	lui	x29,0x8cc03	 x29=0x8cc03000
      125339000	      6165	80003bea	0000100f	fence.i	
      125859000	      6191	80003bee	e089	c.bnez	x9,80003bf0	  x9:0x7ffeb31c
      125959000	      6196	80003bf0	db8ec537	lui	x10,0xdb8ec	 x10=0xdb8ec000
      126379000	      6217	80003bf4	01a5a733	slt	x14,x11,x26	 x11:0xffffffff x26:0x00000000 x14=0x00000001
      126499000	      6223	80003bf8	0ff0000f	fence	iorw,iorw	
      126519000	      6224	80003bfc	41d05cb3	sra	x25,x0,x29	  x0:0x00000000 x29:0x8cc03000 x25=0x00000000
      126559000	      6226	80003c00	02dc1033	mulh	x0,x24,x13	 x24:0x1ebc5e7c x13:0x00000000  x0=0x00000000
      126679000	      6232	80003c04	016a57b3	srl	x15,x20,x22	 x20:0xbdce9000 x22:0xffffe000 x15=0xbdce9000
      126779000	      6237	80003c08	022e	c.slli	x4,0xb	  x4:0x00000000  x4=0x00000000
      126799000	      6238	80003c0a	976e	c.add	x14,x27	 x14:0x00000001 x27:0x00000000 x14=0x00000001
      127539000	      6275	80003c0c	02cc4c33	div	x24,x24,x12	 x24:0x1ebc5e7c x12:0x80025ce4 x24=0x00000000
      127559000	      6276	80003c10	00d05563	bge	x0,x13,80003c1a	  x0:0x00000000 x13:0x00000000
      127959000	      6296	80003c1a	4058d313	srai	x6,x17,0x5	 x17:0x00000000  x6=0x00000000
      127979000	      6297	80003c1e	0052e133	or	x2,x5,x5	  x5:0x00000000  x5:0x00000000  x2=0x00000000
      128099000	      6303	80003c22	0097e5b3	or	x11,x15,x9	 x15:0xbdce9000  x9:0x7ffeb31c x11=0xfffeb31c
      128119000	      6304	80003c26	00d56233	or	x4,x10,x13	 x10:0xdb8ec000 x13:0x00000000  x4=0xdb8ec000
      128139000	      6305	80003c2a	9dae	c.add	x27,x11	 x27:0x00000000 x11:0xfffeb31c x27=0xfffeb31c
      128159000	      6306	80003c2c	e481	c.bnez	x9,80003c34	  x9:0x7ffeb31c
      128399000	      6318	80003c34	003ef133	and	x2,x29,x3	 x29:0x8cc03000  x3:0x00000000  x2=0x00000000
      128539000	      6325	80003c38	00565f33	srl	x30,x12,x5	 x12:0x80025ce4  x5:0x00000000 x30=0x80025ce4
      128759000	      6336	80003c3c	02701eb3	mulh	x29,x0,x7	  x0:0x00000000  x7:0xffffffff x29=0x00000000
      128859000	      6341	80003c40	0001	c.addi	x0,0	  x0:0x00000000  x0=0x00000000
      128879000	      6342	80003c42	0ff0000f	fence	iorw,iorw	
      128899000	      6343	80003c46	63d5	c.lui	x7,0x15	  x7=0x00015000
      128919000	      6344	80003c48	00ea8333	add	x6,x21,x14	 x21:0x00000373 x14:0x00000001  x6=0x00000374
      129319000	      6364	80003c4c	401d5d13	srai	x26,x26,0x1	 x26:0x00000000 x26=0x00000000
      129439000	      6370	80003c50	00ebf863	bgeu	x23,x14,80003c60	 x23:0x00000000 x14:0x00000001
      129859000	      6391	80003c54	9239c513	xori	x10,x19,-1757	 x19:0x00000001 x10=0xfffff922
      130159000	      6406	80003c58	8f26	c.mv	x30,x9	  x0:0x00000000  x9:0x7ffeb31c x30=0x7ffeb31c
      130179000	      6407	80003c5a	01d9df93	srli	x31,x19,0x1d	 x19:0x00000001 x31=0x00000000
      130199000	      6408	80003c5e	537d	c.li	x6,-1	  x6=0xffffffff
      130299000	      6413	80003c60	6241	c.lui	x4,0x10	  x4=0x00010000
      130319000	      6414	80003c62	01725833	srl	x16,x4,x23	  x4:0x00010000 x23:0x00000000 x16=0x00010000
      130359000	      6416	80003c66	023d9fb3	mulh	x31,x27,x3	 x27:0xfffeb31c  x3:0x00000000 x31=0x00000000
      130379000	      6417	80003c6a	03120ab3	mul	x21,x4,x17	  x4:0x00010000 x17:0x00000000 x21=0x00000000
      130399000	      6418	80003c6e	7abaf213	andi	x4,x21,1963	 x21:0x00000000  x4=0x00000000
      130539000	      6425	80003c72	40badeb3	sra	x29,x21,x11	 x21:0x00000000 x11:0xfffeb31c x29=0x00000000
      130559000	      6426	80003c76	01f00363	beq	x0,x31,80003c7c	  x0:0x00000000 x31:0x00000000
      130679000	      6432	80003c7c	4c25	c.li	x24,9	 x24=0x00000009
      130699000	      6433	80003c7e	8c95	c.sub	x9,x13	  x9:0x7ffeb31c x13:0x00000000  x9=0x7ffeb31c
      130779000	      6437	80003c80	d1c7e213	ori	x4,x15,-740	 x15:0xbdce9000  x4=0xfffffd1c
      130799000	      6438	80003c84	85e1	c.srai	x11,0x18	 x11:0xfffeb31c x11=0xffffffff
      130819000	      6439	80003c86	0001	c.addi	x0,0	  x0:0x00000000  x0=0x00000000
      130839000	      6440	80003c88	72ab0213	addi	x4,x22,1834	 x22:0xffffe000  x4=0xffffe72a
      131239000	      6460	80003c8c	499d	c.li	x19,7	 x19=0x00000007
      131259000	      6461	80003c8e	0ff0000f	fence	iorw,iorw	
      131279000	      6462	80003c92	00687db3	and	x27,x16,x6	 x16:0x00010000  x6:0xffffffff x27=0x00010000
      131299000	      6463	80003c96	0086d463	bge	x13,x8,80003c9e	 x13:0x00000000  x8:0x80000000
      132239000	      6510	80003c9e	020fd163	bge	x31,x0,80003cc0	 x31:0x00000000  x0:0x00000000
      136399000	      6718	80003cc0	018102b3	add	x5,x2,x24	  x2:0x00000000 x24:0x00000009  x5=0x00000009
      136419000	      6719	80003cc4	08f5	c.addi	x17,29	 x17:0x00000000 x17=0x0000001d
      136439000	      6720	80003cc6	00876033	or	x0,x14,x8	 x14:0x00000001  x8:0x80000000  x0=0x00000000
      136459000	      6721	80003cca	0199d093	srli	x1,x19,0x19	 x19:0x00000007  x1=0x00000000
      136479000	      6722	80003cce	d3ab0193	addi	x3,x22,-710	 x22:0xffffe000  x3=0xffffdd3a
      136499000	      6723	80003cd2	40e20133	sub	x2,x4,x14	  x4:0xffffe72a x14:0x00000001  x2=0xffffe729
      136679000	      6732	80003cd6	0ff0000f	fence	iorw,iorw	
      136699000	      6733	80003cda	0001	c.addi	x0,0	  x0:0x00000000  x0=0x00000000
      137819000	      6789	80003cdc	024fcfb3	div	x31,x31,x4	 x31:0x00000000  x4:0xffffe72a x31=0x00000000
      137839000	      6790	80003ce0	117d	c.addi	x2,-1	  x2:0xffffe729  x2=0xffffe728
      137879000	      6792	80003ce2	039fcc33	div	x24,x31,x25	 x31:0x00000000 x25:0x00000000 x24=0xffffffff
      137899000	      6793	80003ce6	017ae933	or	x18,x21,x23	 x21:0x00000000 x23:0x00000000 x18=0x00000000
      137919000	      6794	80003cea	ce12b313	sltiu	x6,x5,-799	  x5:0x00000009  x6=0x00000001
      137939000	      6795	80003cee	e3757013	andi	x0,x10,-457	 x10:0xfffff922  x0=0x00000000
      138679000	      6832	80003cf2	0344c933	div	x18,x9,x20	  x9:0x7ffeb31c x20:0xbdce9000 x18=0xffffffff
      138699000	      6833	80003cf6	02998833	mul	x16,x19,x9	 x19:0x00000007  x9:0x7ffeb31c x16=0x7ff6e5c4
      138719000	      6834	80003cfa	0000100f	fence.i	
      138879000	      6842	80003cfe	0001	c.addi	x0,0	  x0:0x00000000  x0=0x00000000
      139619000	      6879	80003d00	03b678b3	remu	x17,x12,x27	 x12:0x80025ce4 x27:0x00010000 x17=0x00005ce4
      139639000	      6880	80003d04	41cad933	sra	x18,x21,x28	 x21:0x00000000 x28:0x80021e64 x18=0x00000000
      139659000	      6881	80003d08	0256fd63	bgeu	x13,x5,80003d42	 x13:0x00000000  x5:0x00000009
      140399000	      6918	80003d0c	02bf4f33	div	x30,x30,x11	 x30:0x7ffeb31c x11:0xffffffff x30=0x80014ce4
      140419000	      6919	80003d10	00faf2b3	and	x5,x21,x15	 x21:0x00000000 x15:0xbdce9000  x5=0x00000000
      140459000	      6921	80003d14	03dfedb3	rem	x27,x31,x29	 x31:0x00000000 x29:0x00000000 x27=0x00000000
      140479000	      6922	80003d18	05596063	bltu	x18,x21,80003d58	 x18:0x00000000 x21:0x00000000
      140519000	      6924	80003d1c	03adbfb3	mulhu	x31,x27,x26	 x27:0x00000000 x26:0x00000000 x31=0x00000000
      140539000	      6925	80003d20	00595f93	srli	x31,x18,0x5	 x18:0x00000000 x31=0x00000000
      140559000	      6926	80003d24	cb50aa93	slti	x21,x1,-843	  x1:0x00000000 x21=0x00000000
      140959000	      6946	80003d28	004c8eb3	add	x29,x25,x4	 x25:0x00000000  x4:0xffffe72a x29=0xffffe72a
      140999000	      6948	80003d2c	037f7f33	remu	x30,x30,x23	 x30:0x80014ce4 x23:0x00000000 x30=0x80014ce4
      141019000	      6949	80003d30	01404b63	blt	x0,x20,80003d46	  x0:0x00000000 x20:0xbdce9000
      141219000	      6959	80003d34	8949	c.andi	x10,18	 x10:0xfffff922 x10=0x00000002
      141239000	      6960	80003d36	6161	c.addi16sp	x2,80	  x2:0xffffe728  x2=0xffffe778
      141259000	      6961	80003d38	04190063	beq	x18,x1,80003d78	 x18:0x00000000  x1:0x00000000
      141839000	      6990	80003d78	02565eb3	divu	x29,x12,x5	 x12:0x80025ce4  x5:0x00000000 x29=0xffffffff
      142599000	      7028	80003d7c	02c95c33	divu	x24,x18,x12	 x18:0x00000000 x12:0x80025ce4 x24=0x00000000
      142619000	      7029	80003d80	01995a13	srli	x20,x18,0x19	 x18:0x00000000 x20=0x00000000
      142639000	      7030	80003d84	01928663	beq	x5,x25,80003d90	  x5:0x00000000 x25:0x00000000
      142719000	      7034	80003d90	8759	c.srai	x14,0x16	 x14:0x00000001 x14=0x00000000
      142779000	      7037	80003d92	03f7c5b3	div	x11,x15,x31	 x15:0xbdce9000 x31:0x00000000 x11=0xffffffff
      142879000	      7042	80003d96	2ae3f193	andi	x3,x7,686	  x7:0x00015000  x3=0x00000000
      143119000	      7054	80003d9a	01498d63	beq	x19,x20,80003db4	 x19:0x00000007 x20:0x00000000
      143859000	      7091	80003d9e	0221d333	divu	x6,x3,x2	  x3:0x00000000  x2:0xffffe778  x6=0x00000000
      143879000	      7092	80003da2	40085993	srai	x19,x16,0x0	 x16:0x7ff6e5c4 x19=0x7ff6e5c4
      143899000	      7093	80003da6	0133fc63	bgeu	x7,x19,80003dbe	  x7:0x00015000 x19:0x7ff6e5c4
      143999000	      7098	80003daa	00c31913	slli	x18,x6,0xc	  x6:0x00000000 x18=0x00000000
      144019000	      7099	80003dae	8d8d	c.sub	x11,x11	 x11:0xffffffff x11:0xffffffff x11=0x00000000
      144759000	      7136	80003db0	03e3f7b3	remu	x15,x7,x30	  x7:0x00015000 x30:0x80014ce4 x15=0x00015000
      144779000	      7137	80003db4	94497017	auipc	x0,0x94497	  x0=0x00000000
      144799000	      7138	80003db8	8d85	c.sub	x11,x9	 x11:0x00000000  x9:0x7ffeb31c x11=0x80014ce4
      144819000	      7139	80003dba	0000100f	fence.i	
      145279000	      7162	80003dbe	0141feb3	and	x29,x3,x20	  x3:0x00000000 x20:0x00000000 x29=0x00000000
      145379000	      7167	80003dc2	00ceb233	sltu	x4,x29,x12	 x29:0x00000000 x12:0x80025ce4  x4=0x00000001
      145399000	      7168	80003dc6	02767663	bgeu	x12,x7,80003df2	 x12:0x80025ce4  x7:0x00015000
      146659000	      7231	80003df2	02778063	beq	x15,x7,80003e12	 x15:0x00015000  x7:0x00015000
      148059000	      7301	80003e12	0283e833	rem	x16,x7,x8	  x7:0x00015000  x8:0x80000000 x16=0x00015000
      148079000	      7302	80003e16	0ff0000f	fence	iorw,iorw	
      148099000	      7303	80003e1a	0001	c.addi	x0,0	  x0:0x00000000  x0=0x00000000
      148119000	      7304	80003e1c	027c4163	blt	x24,x7,80003e3e	 x24:0x00000000  x7:0x00015000
      148299000	      7313	80003e3e	151c	c.addi4spn	x15,x2,672	 x15=0xffffea18
      148399000	      7318	80003e40	023574b3	remu	x9,x10,x3	 x10:0x00000002  x3:0x00000000  x9=0x00000002
      148419000	      7319	80003e44	017f4d33	xor	x26,x30,x23	 x30:0x80014ce4 x23:0x00000000 x26=0x80014ce4
      148539000	      7325	80003e48	400080b3	sub	x1,x1,x0	  x1:0x00000000  x0:0x00000000  x1=0x00000000
      148559000	      7326	80003e4c	05ffc263	blt	x31,x31,80003e90	 x31:0x00000000 x31:0x00000000
      148599000	      7328	80003e50	fd040193	addi	x3,x8,-48	  x8:0x80000000  x3=0x7fffffd0
      148619000	      7329	80003e54	002dbc33	sltu	x24,x27,x2	 x27:0x00000000  x2:0xffffe778 x24=0x00000001
      148659000	      7331	80003e58	03736ab3	rem	x21,x6,x23	  x6:0x00000000 x23:0x00000000 x21=0x00000000
      149059000	      7351	80003e5c	051a	c.slli	x10,0x6	 x10:0x00000002 x10=0x00000080
      149079000	      7352	80003e5e	03b60f33	mul	x30,x12,x27	 x12:0x80025ce4 x27:0x00000000 x30=0x00000000
      149099000	      7353	80003e62	8385	c.srli	x15,0x1	 x15:0xffffea18 x15=0x7ffff50c
      149279000	      7362	80003e64	04237263	bgeu	x6,x2,80003ea8	  x6:0x00000000  x2:0xffffe778
      149319000	      7364	80003e68	03b840b3	div	x1,x16,x27	 x16:0x00015000 x27:0x00000000  x1=0xffffffff
      149419000	      7369	80003e6c	0146a3b3	slt	x7,x13,x20	 x13:0x00000000 x20:0x00000000  x7=0x00000000
      149459000	      7371	80003e70	031026b3	mulhsu	x13,x0,x17	  x0:0x00000000 x17:0x00005ce4 x13=0x00000000
      149479000	      7372	80003e74	1529c793	xori	x15,x19,338	 x19:0x7ff6e5c4 x15=0x7ff6e496
      149499000	      7373	80003e78	6f65	c.lui	x30,0x19	 x30=0x00019000
      149519000	      7374	80003e7a	cd99	c.beqz	x11,80003e98	 x11:0x80014ce4
      149539000	      7375	80003e7c	137d	c.addi	x6,-1	  x6:0x00000000  x6=0xffffffff
      149739000	      7385	80003e7e	03192533	mulhsu	x10,x18,x17	 x18:0x00000000 x17:0x00005ce4 x10=0x00000000
      149919000	      7394	80003e82	02d52fb3	mulhsu	x31,x10,x13	 x10:0x00000000 x13:0x00000000 x31=0x00000000
      150159000	      7406	80003e86	41768db3	sub	x27,x13,x23	 x13:0x00000000 x23:0x00000000 x27=0x00000000
      150179000	      7407	80003e8a	463ee017	auipc	x0,0x463ee	  x0=0x00000000
      150199000	      7408	80003e8e	99da	c.add	x19,x22	 x19:0x7ff6e5c4 x22:0xffffe000 x19=0x7ff6c5c4
      150559000	      7426	80003e90	014e9263	bne	x29,x20,80003e94	 x29:0x00000000 x20:0x00000000
      150719000	      7434	80003e94	03db58b3	divu	x17,x22,x29	 x22:0xffffe000 x29:0x00000000 x17=0xffffffff
      150739000	      7435	80003e98	0ff0000f	fence	iorw,iorw	
      151139000	      7455	80003e9c	0171c263	blt	x3,x23,80003ea0	  x3:0x7fffffd0 x23:0x00000000
      151559000	      7476	80003ea0	50fd	c.li	x1,-1	  x1=0xffffffff
      151579000	      7477	80003ea2	8b45	c.andi	x14,17	 x14:0x00000000 x14=0x00000000
      152319000	      7514	80003ea4	021ce7b3	rem	x15,x25,x1	 x25:0x00000000  x1:0xffffffff x15=0x00000000
      152339000	      7515	80003ea8	01b2ff33	and	x30,x5,x27	  x5:0x00000000 x27:0x00000000 x30=0x00000000
      152359000	      7516	80003eac	0183f4b3	and	x9,x7,x24	  x7:0x00000000 x24:0x00000001  x9=0x00000000
      152379000	      7517	80003eb0	8e8d	c.sub	x13,x11	 x13:0x00000000 x11:0x80014ce4 x13=0x7ffeb31c
      152419000	      7519	80003eb2	03489333	mulh	x6,x17,x20	 x17:0xffffffff x20:0x00000000  x6=0x00000000
      152439000	      7520	80003eb6	8e91	c.sub	x13,x12	 x13:0x7ffeb31c x12:0x80025ce4 x13=0xfffc5638
      152459000	      7521	80003eb8	0284	c.addi4spn	x9,x2,320	  x9=0xffffe8b8
      152479000	      7522	80003eba	0b8c	c.addi4spn	x11,x2,464	 x11=0xffffe948
      152499000	      7523	80003ebc	ef19	c.bnez	x14,80003eda	 x14:0x00000000
      152519000	      7524	80003ebe	41e5	c.li	x3,25	  x3=0x00000019
      152859000	      7541	80003ec0	9916	c.add	x18,x5	 x18:0x00000000  x5:0x00000000 x18=0x00000000
      152939000	      7545	80003ec2	013e1593	slli	x11,x28,0x13	 x28:0x80021e64 x11=0xf3200000
      152959000	      7546	80003ec6	8ea5	c.xor	x13,x9	 x13:0xfffc5638  x9:0xffffe8b8 x13=0x0003be80
      152979000	      7547	80003ec8	8ced	c.and	x9,x11	  x9:0xffffe8b8 x11:0xf3200000  x9=0xf3200000
      152999000	      7548	80003eca	48ed8793	addi	x15,x27,1166	 x27:0x00000000 x15=0x0000048e
      153019000	      7549	80003ece	e121	c.bnez	x10,80003f0e	 x10:0x00000000
      153379000	      7567	80003ed0	0002ab33	slt	x22,x5,x0	  x5:0x00000000  x0:0x00000000 x22=0x00000000
      153399000	      7568	80003ed4	8341	c.srli	x14,0x10	 x14:0x00000000 x14=0x00000000
      153479000	      7572	80003ed6	8379bf93	sltiu	x31,x19,-1993	 x19:0x7ff6c5c4 x31=0x00000001
      153499000	      7573	80003eda	8f95	c.sub	x15,x13	 x15:0x0000048e x13:0x0003be80 x15=0xfffc460e
      153519000	      7574	80003edc	8f81	c.sub	x15,x8	 x15:0xfffc460e  x8:0x80000000 x15=0x7ffc460e
      153879000	      7592	80003ede	01941033	sll	x0,x8,x25	  x8:0x80000000 x25:0x00000000  x0=0x00000000
      153899000	      7593	80003ee2	8f21	c.xor	x14,x8	 x14:0x00000000  x8:0x80000000 x14=0x80000000
      153999000	      7598	80003ee4	01fc8b63	beq	x25,x31,80003efa	 x25:0x00000000 x31:0x00000001
      154419000	      7619	80003ee8	88ca	c.mv	x17,x18	  x0:0x00000000 x18:0x00000000 x17=0x00000000
      154439000	      7620	80003eea	9bca	c.add	x23,x18	 x23:0x00000000 x18:0x00000000 x23=0x00000000
      154459000	      7621	80003eec	5732a497	auipc	x9,0x5732a	  x9=0xd732deec
      154479000	      7622	80003ef0	387d0d93	addi	x27,x26,903	 x26:0x80014ce4 x27=0x8001506b
      154519000	      7624	80003ef4	03455133	divu	x2,x10,x20	 x10:0x00000000 x20:0x00000000  x2=0xffffffff
      154539000	      7625	80003ef8	6125	c.addi16sp	x2,96	  x2:0xffffffff  x2=0x0000005f
      155659000	      7681	80003efa	024ae6b3	rem	x13,x21,x4	 x21:0x00000000  x4:0x00000001 x13=0x00000000
      155679000	      7682	80003efe	01839eb3	sll	x29,x7,x24	  x7:0x00000000 x24:0x00000001 x29=0x00000000
      155699000	      7683	80003f02	a1274993	xori	x19,x14,-1518	 x14:0x80000000 x19=0x7ffffa12
      155719000	      7684	80003f06	9d342f93	slti	x31,x8,-1581	  x8:0x80000000 x31=0x00000001
      155759000	      7686	80003f0a	028fbeb3	mulhu	x29,x31,x8	 x31:0x00000001  x8:0x80000000 x29=0x00000000
      155779000	      7687	80003f0e	0008c0b3	xor	x1,x17,x0	 x17:0x00000000  x0:0x00000000  x1=0x00000000
      155799000	      7688	80003f12	8a854e93	xori	x29,x10,-1880	 x10:0x00000000 x29=0xfffff8a8
      155819000	      7689	80003f16	ee95	c.bnez	x13,80003f52	 x13:0x00000000
      156019000	      7699	80003f18	0000100f	fence.i	
      156299000	      7713	80003f1c	029f9033	mulh	x0,x31,x9	 x31:0x00000001  x9:0xd732deec  x0=0x00000000
      156319000	      7714	80003f20	01bcd1b3	srl	x3,x25,x27	 x25:0x00000000 x27:0x8001506b  x3=0x00000000
      156439000	      7720	80003f24	02458963	beq	x11,x4,80003f56	 x11:0xf3200000  x4:0x00000001
      156459000	      7721	80003f28	00d2c463	blt	x5,x13,80003f30	  x5:0x00000000 x13:0x00000000
      156719000	      7734	80003f2c	05417463	bgeu	x2,x20,80003f74	  x2:0x0000005f x20:0x00000000
      157239000	      7760	80003f74	6d5d	c.lui	x26,0x17	 x26=0x00017000
      157579000	      7777	80003f76	01da8263	beq	x21,x29,80003f7a	 x21:0x00000000 x29:0xfffff8a8
      157599000	      7778	80003f7a	483d	c.li	x16,15	 x16=0x0000000f
      157699000	      7783	80003f7c	0275	c.addi	x4,29	  x4:0x00000001  x4=0x0000001e
      157719000	      7784	80003f7e	49d37293	andi	x5,x6,1181	  x6:0x00000000  x5=0x00000000
      158139000	      7805	80003f82	049ff013	andi	x0,x31,73	 x31:0x00000001  x0=0x00000000
      158479000	      7822	80003f86	025e90b3	mulh	x1,x29,x5	 x29:0xfffff8a8  x5:0x00000000  x1=0x00000000
      158619000	      7829	80003f8a	0269c063	blt	x19,x6,80003faa	 x19:0x7ffffa12  x6:0x00000000
      158639000	      7830	80003f8e	00c66b33	or	x22,x12,x12	 x12:0x80025ce4 x12:0x80025ce4 x22=0x80025ce4
      158659000	      7831	80003f92	ce42f313	andi	x6,x5,-796	  x5:0x00000000  x6=0x00000000
      158679000	      7832	80003f96	81c9	c.srli	x11,0x12	 x11:0xf3200000 x11=0x00003cc8
      158719000	      7834	80003f98	02d02733	mulhsu	x14,x0,x13	  x0:0x00000000 x13:0x00000000 x14=0x00000000
      159059000	      7851	80003f9c	0097eab3	or	x21,x15,x9	 x15:0x7ffc460e  x9:0xd732deec x21=0xfffedeee
      159139000	      7855	80003fa0	6139	c.addi16sp	x2,448	  x2:0x0000005f  x2=0x0000021f
      159219000	      7859	80003fa2	015d4133	xor	x2,x26,x21	 x26:0x00017000 x21:0xfffedeee  x2=0xffffaeee
      159319000	      7864	80003fa6	00dfccb3	xor	x25,x31,x13	 x31:0x00000001 x13:0x00000000 x25=0x00000001
      159439000	      7870	80003faa	00ba4fb3	xor	x31,x20,x11	 x20:0x00000000 x11:0x00003cc8 x31=0x00003cc8
      159459000	      7871	80003fae	02e1da63	bge	x3,x14,80003fe2	  x3:0x00000000 x14:0x00000000
      160259000	      7911	80003fe2	01cb1813	slli	x16,x22,0x1c	 x22:0x80025ce4 x16=0x40000000
      160279000	      7912	80003fe6	0001	c.addi	x0,0	  x0:0x00000000  x0=0x00000000
      160679000	      7932	80003fe8	018ca733	slt	x14,x25,x24	 x25:0x00000001 x24:0x00000001 x14=0x00000000
      160699000	      7933	80003fec	03da8b33	mul	x22,x21,x29	 x21:0xfffedeee x29:0xfffff8a8 x22=0x084adc30
      161119000	      7954	80003ff0	01ec5c93	srli	x25,x24,0x1e	 x24:0x00000001 x25=0x00000000
      161139000	      7955	80003ff4	01754563	blt	x10,x23,80003ffe	 x10:0x00000000 x23:0x00000000
      161159000	      7956	80003ff8	41df5593	srai	x11,x30,0x1d	 x30:0x00000000 x11=0x00000000
      161279000	      7962	80003ffc	8ef9	c.and	x13,x14	 x13:0x00000000 x14:0x00000000 x13=0x00000000
      161419000	      7969	80003ffe	033f1363	bne	x30,x19,80004024	 x30:0x00000000 x19:0x7ffffa12
      162179000	      8007	80004024	00d10363	beq	x2,x13,8000402a	  x2:0xffffaeee x13:0x00000000
      162319000	      8014	80004028	6531	c.lui	x10,0xc	 x10=0x0000c000
      162339000	      8015	8000402a	091a	c.slli	x18,0x6	 x18:0x00000000 x18=0x00000000
      162359000	      8016	8000402c	0460c363	blt	x1,x6,80004072	  x1:0x00000000  x6:0x00000000
      162379000	      8017	80004030	8561	c.srai	x10,0x18	 x10:0x0000c000 x10=0x00000000
      162559000	      8026	80004032	e5a9f193	andi	x3,x19,-422	 x19:0x7ffffa12  x3=0x7ffffa12
      162599000	      8028	80004036	03f489b3	mul	x19,x9,x31	  x9:0xd732deec x31:0x00003cc8 x19=0x0bfd7860
      162619000	      8029	8000403a	4180d493	srai	x9,x1,0x18	  x1:0x00000000  x9=0x00000000
      162639000	      8030	8000403e	0000100f	fence.i	
      162919000	      8044	80004042	8f6d	c.and	x14,x11	 x14:0x00000000 x11:0x00000000 x14=0x00000000
      162939000	      8045	80004044	0b36	c.slli	x22,0xd	 x22:0x084adc30 x22=0x5b860000
      162979000	      8047	80004046	021f55b3	divu	x11,x30,x1	 x30:0x00000000  x1:0x00000000 x11=0xffffffff
      163139000	      8055	8000404a	005ef533	and	x10,x29,x5	 x29:0xfffff8a8  x5:0x00000000 x10=0x00000000
      163259000	      8061	8000404e	41abdf33	sra	x30,x23,x26	 x23:0x00000000 x26:0x00017000 x30=0x00000000
      163279000	      8062	80004052	03a64563	blt	x12,x26,8000407c	 x12:0x80025ce4 x26:0x00017000
      163999000	      8098	8000407c	8489	c.srai	x9,0x2	  x9:0x00000000  x9=0x00000000
      164019000	      8099	8000407e	41da8d33	sub	x26,x21,x29	 x21:0xfffedeee x29:0xfffff8a8 x26=0xfffee646
      164039000	      8100	80004082	8fa1	c.xor	x15,x8	 x15:0x7ffc460e  x8:0x80000000 x15=0xfffc460e
      164439000	      8120	80004084	29454b13	xori	x22,x10,660	 x10:0x00000000 x22=0x00000294
      164459000	      8121	80004088	d13d2f13	slti	x30,x26,-749	 x26:0xfffee646 x30=0x00000001
      164479000	      8122	8000408c	80c9	c.srli	x9,0x12	  x9:0x00000000  x9=0x00000000
      164499000	      8123	8000408e	40ae5533	sra	x10,x28,x10	 x28:0x80021e64 x10:0x00000000 x10=0x80021e64
      164519000	      8124	80004092	02b06363	bltu	x0,x11,800040b8	  x0:0x00000000 x11:0xffffffff
      164639000	      8130	800040b8	0001	c.addi	x0,0	  x0:0x00000000  x0=0x00000000
      164659000	      8131	800040ba	01257a33	and	x20,x10,x18	 x10:0x80021e64 x18:0x00000000 x20=0x00000000
      164679000	      8132	800040be	03f50b33	mul	x22,x10,x31	 x10:0x80021e64 x31:0x00003cc8 x22=0x80c72e20
      165419000	      8169	800040c2	03f6fd33	remu	x26,x13,x31	 x13:0x00000000 x31:0x00003cc8 x26=0x00000000
      165439000	      8170	800040c6	003fc263	blt	x31,x3,800040ca	 x31:0x00003cc8  x3:0x7ffffa12
      165699000	      8183	800040ca	00d45593	srli	x11,x8,0xd	  x8:0x80000000 x11=0x00040000
      165719000	      8184	800040ce	ed81	c.bnez	x11,800040e6	 x11:0x00040000
      165919000	      8194	800040e6	0000100f	fence.i	
      166619000	      8229	800040ea	694ea197	auipc	x3,0x694ea	  x3=0xe94ee0ea
      166639000	      8230	800040ee	e199	c.bnez	x11,800040f4	 x11:0x00040000
      166779000	      8237	800040f4	00f4c933	xor	x18,x9,x15	  x9:0x00000000 x15:0xfffc460e x18=0xfffc460e
      166799000	      8238	800040f8	00eb1693	slli	x13,x22,0xe	 x22:0x80c72e20 x13=0xcb880000
      166859000	      8241	800040fc	e00e7093	andi	x1,x28,-512	 x28:0x80021e64  x1=0x80021e00
      166879000	      8242	80004100	8fed	c.and	x15,x11	 x15:0xfffc460e x11:0x00040000 x15=0x00040000
      166919000	      8244	80004102	028c2533	mulhsu	x10,x24,x8	 x24:0x00000001  x8:0x80000000 x10=0x00000000
      166939000	      8245	80004106	0000100f	fence.i	
      167899000	      8293	8000410a	036bf0b3	remu	x1,x23,x22	 x23:0x00000000 x22:0x80c72e20  x1=0x00000000
      167919000	      8294	8000410e	016d9963	bne	x27,x22,80004120	 x27:0x8001506b x22:0x80c72e20
      168319000	      8314	80004120	023d0b33	mul	x22,x26,x3	 x26:0x00000000  x3:0xe94ee0ea x22=0x00000000
      169219000	      8359	80004124	02bf6bb3	rem	x23,x30,x11	 x30:0x00000001 x11:0x00040000 x23=0x00000001
      192459000	      9521	80004128	03b61563	bne	x12,x27,80004152	 x12:0x80025ce4 x27:0x8001506b
      192539000	      9525	80004152	0d0c	c.addi4spn	x11,x2,656	 x11=0xffffb17e
      192959000	      9546	80004154	8ec9	c.or	x13,x10	 x13:0xcb880000 x10:0x00000000 x13=0xcb880000
      192979000	      9547	80004156	02a9f863	bgeu	x19,x10,80004186	 x19:0x0bfd7860 x10:0x00000000
      194419000	      9619	80004186	02529363	bne	x5,x5,800041ac	  x5:0x00000000  x5:0x00000000
      194459000	      9621	8000418a	027fb3b3	mulhu	x7,x31,x7	 x31:0x00003cc8  x7:0x00000000  x7=0x00000000
      194579000	      9627	8000418e	02491833	mulh	x16,x18,x4	 x18:0xfffc460e  x4:0x0000001e x16=0xffffffff
      194999000	      9648	80004192	02cd9a33	mulh	x20,x27,x12	 x27:0x8001506b x12:0x80025ce4 x20=0x3ffe295b
      195159000	      9656	80004196	75f08793	addi	x15,x1,1887	  x1:0x00000000 x15=0x0000075f
      195179000	      9657	8000419a	e98d	c.bnez	x11,800041cc	 x11:0xffffb17e
      196179000	      9707	800041cc	717d	c.addi16sp	x2,-16	  x2:0xffffaeee  x2=0xffffaede
      196619000	      9729	800041ce	43482113	slti	x2,x16,1076	 x16:0xffffffff  x2=0x00000001
      196639000	      9730	800041d2	8216	c.mv	x4,x5	  x0:0x00000000  x5:0x00000000  x4=0x00000000
      196659000	      9731	800041d4	8515	c.srai	x10,0x5	 x10:0x00000000 x10=0x00000000
      196679000	      9732	800041d6	8cd1	c.or	x9,x12	  x9:0x00000000 x12:0x80025ce4  x9=0x80025ce4
      196699000	      9733	800041d8	00513f33	sltu	x30,x2,x5	  x2:0x00000001  x5:0x00000000 x30=0x00000000
      196779000	      9737	800041dc	c58ada97	auipc	x21,0xc58ad	 x21=0x458b11dc
      196799000	      9738	800041e0	8cdd	c.or	x9,x15	  x9:0x80025ce4 x15:0x0000075f  x9=0x80025fff
      196819000	      9739	800041e2	017a6533	or	x10,x20,x23	 x20:0x3ffe295b x23:0x00000001 x10=0x3ffe295b
      196839000	      9740	800041e6	000e4f33	xor	x30,x28,x0	 x28:0x80021e64  x0:0x00000000 x30=0x80021e64
      197039000	      9750	800041ea	40988eb3	sub	x29,x17,x9	 x17:0x00000000  x9:0x80025fff x29=0x7ffda001
      197119000	      9754	800041ee	e90fab93	slti	x23,x31,-368	 x31:0x00003cc8 x23=0x00000000
      197139000	      9755	800041f2	f3e48eb7	lui	x29,0xf3e48	 x29=0xf3e48000
      197459000	      9771	800041f6	000b7263	bgeu	x22,x0,800041fa	 x22:0x00000000  x0:0x00000000
      198939000	      9845	800041fa	eb5cfb93	andi	x23,x25,-331	 x25:0x00000000 x23=0x00000000
      198959000	      9846	800041fe	01bd9363	bne	x27,x27,80004204	 x27:0x8001506b x27:0x8001506b
      198979000	      9847	80004202	8d41	c.or	x10,x8	 x10:0x3ffe295b  x8:0x80000000 x10=0xbffe295b
      199299000	      9863	80004204	8e707313	andi	x6,x0,-1817	  x0:0x00000000  x6=0x00000000
      199379000	      9867	80004208	37c97193	andi	x3,x18,892	 x18:0xfffc460e  x3=0x0000020c
      199399000	      9868	8000420c	0001	c.addi	x0,0	  x0:0x00000000  x0=0x00000000
      199679000	      9882	8000420e	40b00933	sub	x18,x0,x11	  x0:0x00000000 x11:0xffffb17e x18=0x00004e82
      199739000	      9885	80004212	dcb5bd93	sltiu	x27,x11,-565	 x11:0xffffb17e x27=0x00000001
      199899000	      9893	80004216	008452b3	srl	x5,x8,x8	  x8:0x80000000  x8:0x80000000  x5=0x80000000
      200759000	      9936	8000421a	025e48b3	div	x17,x28,x5	 x28:0x80021e64  x5:0x80000000 x17=0x00000000
      200779000	      9937	8000421e	41338cb3	sub	x25,x7,x19	  x7:0x00000000 x19:0x0bfd7860 x25=0xf40287a0
      200799000	      9938	80004222	c185	c.beqz	x11,80004242	 x11:0xffffb17e
      200819000	      9939	80004224	ed89	c.bnez	x11,8000423e	 x11:0xffffb17e
      202139000	     10005	8000423e	0386e2b3	rem	x5,x13,x24	 x13:0xcb880000 x24:0x00000001  x5=0x00000000
      202159000	     10006	80004242	05448063	beq	x9,x20,80004282	  x9:0x80025fff x20:0x3ffe295b
      202179000	     10007	80004246	9bfd	c.andi	x15,-1	 x15:0x0000075f x15=0x0000075f
      202919000	     10044	80004248	03457c33	remu	x24,x10,x20	 x10:0xbffe295b x20:0x3ffe295b x24=0x0003ad4a
      202939000	     10045	8000424c	4809	c.li	x16,2	 x16=0x00000002
      202959000	     10046	8000424e	0001	c.addi	x0,0	  x0:0x00000000  x0=0x00000000
      202979000	     10047	80004250	41a75333	sra	x6,x14,x26	 x14:0x00000000 x26:0x00000000  x6=0x00000000
      202999000	     10048	80004254	00761e93	slli	x29,x12,0x7	 x12:0x80025ce4 x29=0x012e7200
      203019000	     10049	80004258	401758b3	sra	x17,x14,x1	 x14:0x00000000  x1:0x00000000 x17=0x00000000
      203039000	     10050	8000425c	8f79	c.and	x14,x14	 x14:0x00000000 x14:0x00000000 x14=0x00000000
      203119000	     10054	8000425e	0074a033	slt	x0,x9,x7	  x9:0x80025fff  x7:0x00000000  x0=0x00000000
      203679000	     10082	80004262	00244bb3	xor	x23,x8,x2	  x8:0x80000000  x2:0x00000001 x23=0x80000001
      203699000	     10083	80004266	8d75	c.and	x10,x13	 x10:0xbffe295b x13:0xcb880000 x10=0x8b880000
      203719000	     10084	80004268	0001	c.addi	x0,0	  x0:0x00000000  x0=0x00000000
      203759000	     10086	8000426a	03f727b3	mulhsu	x15,x14,x31	 x14:0x00000000 x31:0x00003cc8 x15=0x00000000
      203779000	     10087	8000426e	0155a033	slt	x0,x11,x21	 x11:0xffffb17e x21:0x458b11dc  x0=0x00000000
      203799000	     10088	80004272	01354a63	blt	x10,x19,80004286	 x10:0x8b880000 x19:0x0bfd7860
      204399000	     10118	80004286	40bc0ab3	sub	x21,x24,x11	 x24:0x0003ad4a x11:0xffffb17e x21=0x0003fbcc
      204819000	     10139	8000428a	0062da33	srl	x20,x5,x6	  x5:0x00000000  x6:0x00000000 x20=0x00000000
      204839000	     10140	8000428e	6ccc22b7	lui	x5,0x6ccc2	  x5=0x6ccc2000
      204859000	     10141	80004292	8f01	c.sub	x14,x8	 x14:0x00000000  x8:0x80000000 x14=0x80000000
      204899000	     10143	80004294	0001	c.addi	x0,0	  x0:0x00000000  x0=0x00000000
      204919000	     10144	80004296	02b77463	bgeu	x14,x11,800042be	 x14:0x80000000 x11:0xffffb17e
      204939000	     10145	8000429a	813d	c.srli	x10,0xf	 x10:0x8b880000 x10=0x00011710
      204959000	     10146	8000429c	e299	c.bnez	x13,800042a2	 x13:0xcb880000
      205279000	     10162	800042a2	0266dcb3	divu	x25,x13,x6	 x13:0xcb880000  x6:0x00000000 x25=0xffffffff
      205299000	     10163	800042a6	0b2a	c.slli	x22,0xa	 x22:0x00000000 x22=0x00000000
      205319000	     10164	800042a8	0ff0000f	fence	iorw,iorw	
      205459000	     10171	800042ac	839d	c.srli	x15,0x7	 x15:0x00000000 x15=0x00000000
      205679000	     10182	800042ae	6ae0e093	ori	x1,x1,1710	  x1:0x00000000  x1=0x000006ae
      205759000	     10186	800042b2	02ea2ab3	mulhsu	x21,x20,x14	 x20:0x00000000 x14:0x80000000 x21=0x00000000
      205779000	     10187	800042b6	01c96233	or	x4,x18,x28	 x18:0x00004e82 x28:0x80021e64  x4=0x80025ee6
      205799000	     10188	800042ba	417b5d13	srai	x26,x22,0x17	 x22:0x00000000 x26=0x00000000
      205819000	     10189	800042be	0001	c.addi	x0,0	  x0:0x00000000  x0=0x00000000
      206559000	     10226	800042c0	03cf4233	div	x4,x30,x28	 x30:0x80021e64 x28:0x80021e64  x4=0x00000001
      206579000	     10227	800042c4	6ec5	c.lui	x29,0x11	 x29=0x00011000
      206599000	     10228	800042c6	8db1	c.xor	x11,x12	 x11:0xffffb17e x12:0x80025ce4 x11=0x7ffded9a
      206619000	     10229	800042c8	01bf29b3	slt	x19,x30,x27	 x30:0x80021e64 x27:0x00000001 x19=0x00000001
      206639000	     10230	800042cc	4d445e97	auipc	x29,0x4d445	 x29=0xcd4492cc
      206659000	     10231	800042d0	03339b63	bne	x7,x19,80004306	  x7:0x00000000 x19:0x00000001
      207199000	     10258	80004306	00489a93	slli	x21,x17,0x4	 x17:0x00000000 x21=0x00000000
      207219000	     10259	8000430a	1204	c.addi4spn	x9,x2,288	  x9=0x00000121
      207959000	     10296	8000430c	03d0d7b3	divu	x15,x1,x29	  x1:0x000006ae x29:0xcd4492cc x15=0x00000000
      207999000	     10298	80004310	035ca1b3	mulhsu	x3,x25,x21	 x25:0xffffffff x21:0x00000000  x3=0x00000000
      208019000	     10299	80004314	8885	c.andi	x9,1	  x9:0x00000121  x9=0x00000001
      208039000	     10300	80004316	99343f13	sltiu	x30,x8,-1645	  x8:0x80000000 x30=0x00000001
      208059000	     10301	8000431a	cd7ef593	andi	x11,x29,-809	 x29:0xcd4492cc x11=0xcd4490c4
      208099000	     10303	8000431e	02c61d33	mulh	x26,x12,x12	 x12:0x80025ce4 x12:0x80025ce4 x26=0x3ffda321
      208119000	     10304	80004322	8e85	c.sub	x13,x9	 x13:0xcb880000  x9:0x00000001 x13=0xcb87ffff
      208139000	     10305	80004324	015069b3	or	x19,x0,x21	  x0:0x00000000 x21:0x00000000 x19=0x00000000
      208159000	     10306	80004328	cb81	c.beqz	x15,80004338	 x15:0x00000000
      208679000	     10332	80004338	033ce033	rem	x0,x25,x19	 x25:0xffffffff x19:0x00000000  x0=0x00000000
      208699000	     10333	8000433c	8d35	c.xor	x10,x13	 x10:0x00011710 x13:0xcb87ffff x10=0xcb86e8ef
      208759000	     10336	8000433e	03419fb3	mulh	x31,x3,x20	  x3:0x00000000 x20:0x00000000 x31=0x00000000
      208879000	     10342	80004342	0159d663	bge	x19,x21,8000434e	 x19:0x00000000 x21:0x00000000
      209679000	     10382	8000434e	02cfe063	bltu	x31,x12,8000436e	 x31:0x00000000 x12:0x80025ce4
      210299000	     10413	8000436e	63db0d17	auipc	x26,0x63db0	 x26=0xe3db436e
      210319000	     10414	80004372	4d8a35b7	lui	x11,0x4d8a3	 x11=0x4d8a3000
      210359000	     10416	80004376	02f97a33	remu	x20,x18,x15	 x18:0x00004e82 x15:0x00000000 x20=0x00004e82
      210379000	     10417	8000437a	4153deb3	sra	x29,x7,x21	  x7:0x00000000 x21:0x00000000 x29=0x00000000
      210439000	     10420	8000437e	02264863	blt	x12,x2,800043ae	 x12:0x80025ce4  x2:0x00000001
      211839000	     10490	800043ae	0496	c.slli	x9,0x5	  x9:0x00000001  x9=0x00000020
      211879000	     10492	800043b0	4131d113	srai	x2,x3,0x13	  x3:0x00000000  x2=0x00000000
      212299000	     10513	800043b4	0001	c.addi	x0,0	  x0:0x00000000  x0=0x00000000
      212319000	     10514	800043b6	04997463	bgeu	x18,x9,800043fe	 x18:0x00004e82  x9:0x00000020
      212459000	     10521	800043fe	013330b3	sltu	x1,x6,x19	  x6:0x00000000 x19:0x00000000  x1=0x00000000
      212479000	     10522	80004402	e50d	c.bnez	x10,8000442c	 x10:0xcb86e8ef
      212919000	     10544	8000442c	00fc9363	bne	x25,x15,80004432	 x25:0xffffffff x15:0x00000000
      213739000	     10585	80004432	00a98a63	beq	x19,x10,80004446	 x19:0x00000000 x10:0xcb86e8ef
      213759000	     10586	80004436	e309	c.bnez	x14,80004438	 x14:0x80000000
      213799000	     10588	80004438	003a4733	xor	x14,x20,x3	 x20:0x00004e82  x3:0x00000000 x14=0x00004e82
      213819000	     10589	8000443c	875e	c.mv	x14,x23	  x0:0x00000000 x23:0x80000001 x14=0x80000001
      214419000	     10619	8000443e	038c4063	blt	x24,x24,8000445e	 x24:0x0003ad4a x24:0x0003ad4a
      214439000	     10620	80004442	8ced	c.and	x9,x11	  x9:0x00000020 x11:0x4d8a3000  x9=0x00000000
      214459000	     10621	80004444	c89d	c.beqz	x9,8000447a	  x9:0x00000000
      214799000	     10638	8000447a	5a94fa93	andi	x21,x9,1449	  x9:0x00000000 x21=0x00000000
      214819000	     10639	8000447e	836a	c.mv	x6,x26	  x0:0x00000000 x26:0xe3db436e  x6=0xe3db436e
      214839000	     10640	80004480	8cc5	c.or	x9,x9	  x9:0x00000000  x9:0x00000000  x9=0x00000000
      215039000	     10650	80004482	4157db33	sra	x22,x15,x21	 x15:0x00000000 x21:0x00000000 x22=0x00000000
      215059000	     10651	80004486	615d	c.addi16sp	x2,432	  x2:0x00000000  x2=0x000001b0
      215079000	     10652	80004488	1688	c.addi4spn	x10,x2,864	 x10=0x00000510
      215099000	     10653	8000448a	a0688913	addi	x18,x17,-1530	 x17:0x00000000 x18=0xfffffa06
      215119000	     10654	8000448e	8519	c.srai	x10,0x6	 x10:0x00000510 x10=0x00000014
      215199000	     10658	80004490	015f7233	and	x4,x30,x21	 x30:0x00000001 x21:0x00000000  x4=0x00000000
      215619000	     10679	80004494	01845333	srl	x6,x8,x24	  x8:0x80000000 x24:0x0003ad4a  x6=0x00200000
      215639000	     10680	80004498	c505	c.beqz	x10,800044c0	 x10:0x00000014
      215699000	     10683	8000449a	00524e63	blt	x4,x5,800044b6	  x4:0x00000000  x5:0x6ccc2000
      216939000	     10745	800044b6	ceed4c13	xori	x24,x26,-786	 x26:0xe3db436e x24=0x1c24bf80
      216959000	     10746	800044ba	015e	c.slli	x2,0x17	  x2:0x000001b0  x2=0xd8000000
      217059000	     10751	800044bc	027e02b3	mul	x5,x28,x7	 x28:0x80021e64  x7:0x00000000  x5=0x00000000
      217479000	     10772	800044c0	6b09	c.lui	x22,0x2	 x22=0x00002000
      217499000	     10773	800044c2	0356c263	blt	x13,x21,800044e6	 x13:0xcb87ffff x21:0x00000000
      218979000	     10847	800044e6	018992b3	sll	x5,x19,x24	 x19:0x00000000 x24:0x1c24bf80  x5=0x00000000
      218999000	     10848	800044ea	00a64fb3	xor	x31,x12,x10	 x12:0x80025ce4 x10:0x00000014 x31=0x80025cf0
      219039000	     10850	800044ee	7e3c2693	slti	x13,x24,2019	 x24:0x1c24bf80 x13=0x00000000
      219059000	     10851	800044f2	8319	c.srli	x14,0x6	 x14:0x80000001 x14=0x02000000
      219079000	     10852	800044f4	01eeac33	slt	x24,x29,x30	 x29:0x00000000 x30:0x00000001 x24=0x00000001
      219119000	     10854	800044f8	03df6eb3	rem	x29,x30,x29	 x30:0x00000001 x29:0x00000000 x29=0x00000001
      219139000	     10855	800044fc	0066dc33	srl	x24,x13,x6	 x13:0x00000000  x6:0x00200000 x24=0x00000000
      219259000	     10861	80004500	06336193	ori	x3,x6,99	  x6:0x00200000  x3=0x00200063
      219599000	     10878	80004504	0001	c.addi	x0,0	  x0:0x00000000  x0=0x00000000
      219619000	     10879	80004506	05b0e063	bltu	x1,x27,80004546	  x1:0x00000000 x27:0x00000001
      219999000	     10898	80004546	717d	c.addi16sp	x2,-16	  x2:0xd8000000  x2=0xd7fffff0
      220259000	     10911	80004548	00306c33	or	x24,x0,x3	  x0:0x00000000  x3:0x00200063 x24=0x00200063
      220299000	     10913	8000454c	02e720b3	mulhsu	x1,x14,x14	 x14:0x02000000 x14:0x02000000  x1=0x00040000
      220319000	     10914	80004550	01096d63	bltu	x18,x16,8000456a	 x18:0xfffffa06 x16:0x00000002
      220339000	     10915	80004554	0316fa63	bgeu	x13,x17,80004588	 x13:0x00000000 x17:0x00000000
      221459000	     10971	80004588	02f1e7b3	rem	x15,x3,x15	  x3:0x00200063 x15:0x00000000 x15=0x00200063
      221699000	     10983	8000458c	406addb3	sra	x27,x21,x6	 x21:0x00000000  x6:0x00200000 x27=0x00000000
      222119000	     11004	80004590	01c0fdb3	and	x27,x1,x28	  x1:0x00040000 x28:0x80021e64 x27=0x00000000
      222139000	     11005	80004594	8ded	c.and	x11,x11	 x11:0x4d8a3000 x11:0x4d8a3000 x11=0x4d8a3000
      222159000	     11006	80004596	bfd73593	sltiu	x11,x14,-1027	 x14:0x02000000 x11=0x00000001
      222199000	     11008	8000459a	03979f33	mulh	x30,x15,x25	 x15:0x00200063 x25:0xffffffff x30=0xffffffff
      222219000	     11009	8000459e	413ad113	srai	x2,x21,0x13	 x21:0x00000000  x2=0x00000000
      222239000	     11010	800045a2	076e	c.slli	x14,0x1b	 x14:0x02000000 x14=0x00000000
      222279000	     11012	800045a4	038ef363	bgeu	x29,x24,800045ca	 x29:0x00000001 x24:0x00200063
      222339000	     11015	800045a8	0158d513	srli	x10,x17,0x15	 x17:0x00000000 x10=0x00000000
      222359000	     11016	800045ac	02b708b3	mul	x17,x14,x11	 x14:0x00000000 x11:0x00000001 x17=0x00000000
      222379000	     11017	800045b0	e299	c.bnez	x13,800045b6	 x13:0x00000000
      222399000	     11018	800045b2	99fd	c.andi	x11,-1	 x11:0x00000001 x11=0x00000001
      222799000	     11038	800045b4	8931	c.andi	x10,12	 x10:0x00000000 x10=0x00000000
      222819000	     11039	800045b6	80d9	c.srli	x9,0x16	  x9:0x00000000  x9=0x00000000
      223099000	     11053	800045b8	6399	c.lui	x7,0x6	  x7=0x00006000
      223139000	     11055	800045ba	0254ff33	remu	x30,x9,x5	  x9:0x00000000  x5:0x00000000 x30=0x00000000
      223259000	     11061	800045be	017a1363	bne	x20,x23,800045c4	 x20:0x00004e82 x23:0x80000001
      224879000	     11142	800045c4	028740b3	div	x1,x14,x8	 x14:0x00000000  x8:0x80000000  x1=0x00000000
      224899000	     11143	800045c8	4349	c.li	x6,18	  x6=0x00000012
      224919000	     11144	800045ca	41105893	srai	x17,x0,0x11	  x0:0x00000000 x17=0x00000000
      224939000	     11145	800045ce	9f108a97	auipc	x21,0x9f108	 x21=0x1f10c5ce
      224959000	     11146	800045d2	c6b81eb7	lui	x29,0xc6b81	 x29=0xc6b81000
      224979000	     11147	800045d6	0028fab3	and	x21,x17,x2	 x17:0x00000000  x2:0x00000000 x21=0x00000000
      225079000	     11152	800045da	03ea1563	bne	x20,x30,80004604	 x20:0x00004e82 x30:0x00000000
      226359000	     11216	80004604	0b75	c.addi	x22,29	 x22:0x00002000 x22=0x0000201d
      226579000	     11227	80004606	41f45693	srai	x13,x8,0x1f	  x8:0x80000000 x13=0xffffffff
      226599000	     11228	8000460a	187d	c.addi	x16,-1	 x16:0x00000002 x16=0x00000001
      226739000	     11235	8000460c	400cd813	srai	x16,x25,0x0	 x25:0xffffffff x16=0xffffffff
      226759000	     11236	80004610	1c04	c.addi4spn	x9,x2,560	  x9=0x00000230
      226959000	     11246	80004612	0000100f	fence.i	
      227879000	     11292	80004616	b85af793	andi	x15,x21,-1147	 x21:0x00000000 x15=0x00000000
      227899000	     11293	8000461a	01649113	slli	x2,x9,0x16	  x9:0x00000230  x2=0x8c000000
      227999000	     11298	8000461e	03ecd963	bge	x25,x30,80004650	 x25:0xffffffff x30:0x00000000
      228019000	     11299	80004622	00110263	beq	x2,x1,80004626	  x2:0x8c000000  x1:0x00000000
      228039000	     11300	80004626	00264463	blt	x12,x2,8000462e	 x12:0x80025ce4  x2:0x8c000000
      229319000	     11364	8000462e	03ad46b3	div	x13,x26,x26	 x26:0xe3db436e x26:0xe3db436e x13=0x00000001
      229339000	     11365	80004632	41ed5593	srai	x11,x26,0x1e	 x26:0xe3db436e x11=0xffffffff
      229359000	     11366	80004636	8f41	c.or	x14,x8	 x14:0x00000000  x8:0x80000000 x14=0x80000000
      229379000	     11367	80004638	26c49d37	lui	x26,0x26c49	 x26=0x26c49000
      229399000	     11368	8000463c	614d	c.addi16sp	x2,176	  x2:0x8c000000  x2=0x8c0000b0
      229419000	     11369	8000463e	6545	c.lui	x10,0x11	 x10=0x00011000
      229439000	     11370	80004640	43b9	c.li	x7,14	  x7=0x0000000e
      229459000	     11371	80004642	056a	c.slli	x10,0x1a	 x10:0x00011000 x10=0x00000000
      229719000	     11384	80004644	0212fb33	remu	x22,x5,x1	  x5:0x00000000  x1:0x00000000 x22=0x00000000
      229859000	     11391	80004648	0085d963	bge	x11,x8,8000465a	 x11:0xffffffff  x8:0x80000000
      230379000	     11417	8000465a	84b5	c.srai	x9,0xd	  x9:0x00000230  x9=0x00000000
      230399000	     11418	8000465c	8fed	c.and	x15,x11	 x15:0x00000000 x11:0xffffffff x15=0x00000000
      230419000	     11419	8000465e	038c	c.addi4spn	x11,x2,448	 x11=0x8c000270
      230439000	     11420	80004660	e681	c.bnez	x13,80004668	 x13:0x00000001
      230899000	     11443	80004668	01c0deb3	srl	x29,x1,x28	  x1:0x00000000 x28:0x80021e64 x29=0x00000000
      231059000	     11451	8000466c	01a22097	auipc	x1,0x1a22	  x1=0x81a2666c
      231079000	     11452	80004670	01ffa833	slt	x16,x31,x31	 x31:0x80025cf0 x31:0x80025cf0 x16=0x00000000
      231179000	     11457	80004674	8ce1	c.and	x9,x8	  x9:0x00000000  x8:0x80000000  x9=0x00000000
      231199000	     11458	80004676	95ea	c.add	x11,x26	 x11:0x8c000270 x26:0x26c49000 x11=0xb2c49270
      231279000	     11462	80004678	0204f933	remu	x18,x9,x0	  x9:0x00000000  x0:0x00000000 x18=0x00000000
      231299000	     11463	8000467c	2d68e593	ori	x11,x17,726	 x17:0x00000000 x11=0x000002d6
      231319000	     11464	80004680	73088093	addi	x1,x17,1840	 x17:0x00000000  x1=0x00000730
      231339000	     11465	80004684	05ce	c.slli	x11,0x13	 x11:0x000002d6 x11=0x16b00000
      231359000	     11466	80004686	cb11	c.beqz	x14,8000469a	 x14:0x80000000
      231479000	     11472	80004688	8812	c.mv	x16,x4	  x0:0x00000000  x4:0x00000000 x16=0x00000000
      231499000	     11473	8000468a	015d61b3	or	x3,x26,x21	 x26:0x26c49000 x21:0x00000000  x3=0x26c49000
      231519000	     11474	8000468e	0001	c.addi	x0,0	  x0:0x00000000  x0=0x00000000
      231559000	     11476	80004690	99be	c.add	x19,x15	 x19:0x00000000 x15:0x00000000 x19=0x00000000
      231639000	     11480	80004692	0000100f	fence.i	
      232099000	     11503	80004696	00db5f33	srl	x30,x22,x13	 x22:0x00000000 x13:0x00000001 x30=0x00000000
      232119000	     11504	8000469a	8dc9	c.or	x11,x10	 x11:0x16b00000 x10:0x00000000 x11=0x16b00000
      236179000	     11707	8000469c	40ecdd33	sra	x26,x25,x14	 x25:0xffffffff x14:0x80000000 x26=0xffffffff
      236199000	     11708	800046a0	41315f13	srai	x30,x2,0x13	  x2:0x8c0000b0 x30=0xfffff180
      236939000	     11745	800046a4	03a1ec33	rem	x24,x3,x26	  x3:0x26c49000 x26:0xffffffff x24=0x00000000
      236959000	     11746	800046a8	8f55	c.or	x14,x13	 x14:0x80000000 x13:0x00000001 x14=0x80000001
      236979000	     11747	800046aa	4249	c.li	x4,18	  x4=0x00000012
      236999000	     11748	800046ac	82cd	c.srli	x13,0x13	 x13:0x00000001 x13=0x00000000
      237739000	     11785	800046ae	037f4f33	div	x30,x30,x23	 x30:0xfffff180 x23:0x80000001 x30=0x00000000
      237759000	     11786	800046b2	00dd5663	bge	x26,x13,800046be	 x26:0xffffffff x13:0x00000000
      238499000	     11823	800046b6	03cbf6b3	remu	x13,x23,x28	 x23:0x80000001 x28:0x80021e64 x13=0x80000001
      238519000	     11824	800046ba	0ff0000f	fence	iorw,iorw	
      239259000	     11861	800046be	02ba44b3	div	x9,x20,x11	 x20:0x00004e82 x11:0x16b00000  x9=0x00000000
      239279000	     11862	800046c2	0d51	c.addi	x26,20	 x26:0xffffffff x26=0x00000013
      239299000	     11863	800046c4	3b988513	addi	x10,x17,953	 x17:0x00000000 x10=0x000003b9
      239319000	     11864	800046c8	004e8d33	add	x26,x29,x4	 x29:0x00000000  x4:0x00000012 x26=0x00000012
      239339000	     11865	800046cc	fa2bc813	xori	x16,x23,-94	 x23:0x80000001 x16=0x7fffffa3
      239359000	     11866	800046d0	407985b3	sub	x11,x19,x7	 x19:0x00000000  x7:0x0000000e x11=0xfffffff2
      239379000	     11867	800046d4	e285	c.bnez	x13,800046f4	 x13:0x80000001
      239939000	     11895	800046f4	0000100f	fence.i	
      240279000	     11912	800046f8	875d	c.srai	x14,0x17	 x14:0x80000001 x14=0xffffff00
      240299000	     11913	800046fa	8e9d	c.sub	x13,x15	 x13:0x80000001 x15:0x00000000 x13=0x80000001
      240319000	     11914	800046fc	0001	c.addi	x0,0	  x0:0x00000000  x0=0x00000000
      240339000	     11915	800046fe	0001	c.addi	x0,0	  x0:0x00000000  x0=0x00000000
      240399000	     11918	80004700	0329adb3	mulhsu	x27,x19,x18	 x19:0x00000000 x18:0x00000000 x27=0x00000000
      240419000	     11919	80004704	c4953197	auipc	x3,0xc4953	  x3=0x44957704
      240439000	     11920	80004708	03744763	blt	x8,x23,80004736	  x8:0x80000000 x23:0x80000001
      241239000	     11960	80004736	02394363	blt	x18,x3,8000475c	 x18:0x00000000  x3:0x44957704
      241839000	     11990	8000475c	a44c7c93	andi	x25,x24,-1468	 x24:0x00000000 x25=0x00000000
      242039000	     12000	80004760	8dba	c.mv	x27,x14	  x0:0x00000000 x14:0xffffff00 x27=0xffffff00
      242779000	     12037	80004762	02c55fb3	divu	x31,x10,x12	 x10:0x000003b9 x12:0x80025ce4 x31=0x00000000
      242799000	     12038	80004766	69cb3737	lui	x14,0x69cb3	 x14=0x69cb3000
      242819000	     12039	8000476a	03660cb3	mul	x25,x12,x22	 x12:0x80025ce4 x22:0x00000000 x25=0x00000000
      242839000	     12040	8000476e	0052e4b3	or	x9,x5,x5	  x5:0x00000000  x5:0x00000000  x9=0x00000000
      242859000	     12041	80004772	406f5b13	srai	x22,x30,0x6	 x30:0x00000000 x22=0x00000000
      242899000	     12043	80004776	000cf263	bgeu	x25,x0,8000477a	 x25:0x00000000  x0:0x00000000
      242959000	     12046	8000477a	cc99	c.beqz	x9,80004798	  x9:0x00000000
      243039000	     12050	80004798	01ce5f33	srl	x30,x28,x28	 x28:0x80021e64 x28:0x80021e64 x30=0x080021e6
      244119000	     12104	8000479c	037579b3	remu	x19,x10,x23	 x10:0x000003b9 x23:0x80000001 x19=0x000003b9
      244139000	     12105	800047a0	8d5d	c.or	x10,x15	 x10:0x000003b9 x15:0x00000000 x10=0x000003b9
      244159000	     12106	800047a2	874d	c.srai	x14,0x13	 x14:0x69cb3000 x14=0x00000d39
      244179000	     12107	800047a4	73013c93	sltiu	x25,x2,1840	  x2:0x8c0000b0 x25=0x00000000
      244199000	     12108	800047a8	0894	c.addi4spn	x13,x2,80	 x13=0x8c000100
      244219000	     12109	800047aa	81fd	c.srli	x11,0x1f	 x11:0xfffffff2 x11=0x00000001
      244239000	     12110	800047ac	11fd	c.addi	x3,-1	  x3:0x44957704  x3=0x44957703
      244259000	     12111	800047ae	0057fc33	and	x24,x15,x5	 x15:0x00000000  x5:0x00000000 x24=0x00000000
      244279000	     12112	800047b2	03c80163	beq	x16,x28,800047d4	 x16:0x7fffffa3 x28:0x80021e64
      244299000	     12113	800047b6	c599	c.beqz	x11,800047c4	 x11:0x00000001
      244499000	     12123	800047b8	029217b3	mulh	x15,x4,x9	  x4:0x00000012  x9:0x00000000 x15=0x00000000
      244519000	     12124	800047bc	8289	c.srli	x13,0x2	 x13:0x8c000100 x13=0x23000040
      244539000	     12125	800047be	0001	c.addi	x0,0	  x0:0x00000000  x0=0x00000000
      244879000	     12142	800047c0	020dc5b3	div	x11,x27,x0	 x27:0xffffff00  x0:0x00000000 x11=0xffffffff
      244899000	     12143	800047c4	138c	c.addi4spn	x11,x2,480	 x11=0x8c000290
      245299000	     12163	800047c6	c705ff17	auipc	x30,0xc705f	 x30=0x470637c6
      245319000	     12164	800047ca	c709	c.beqz	x14,800047d4	 x14:0x00000d39
      245459000	     12171	800047cc	01312cb3	slt	x25,x2,x19	  x2:0x8c0000b0 x19:0x000003b9 x25=0x00000001
      245499000	     12173	800047d0	034c9ab3	mulh	x21,x25,x20	 x25:0x00000001 x20:0x00004e82 x21=0x00000000
      246239000	     12210	800047d4	02a9fc33	remu	x24,x19,x10	 x19:0x000003b9 x10:0x000003b9 x24=0x00000000
      246259000	     12211	800047d8	13fd	c.addi	x7,-1	  x7:0x0000000e  x7=0x0000000d
      246279000	     12212	800047da	0084	c.addi4spn	x9,x2,64	  x9=0x8c0000f0
      246299000	     12213	800047dc	01592db3	slt	x27,x18,x21	 x18:0x00000000 x21:0x00000000 x27=0x00000000
      246319000	     12214	800047e0	09d2	c.slli	x19,0x14	 x19:0x000003b9 x19=0x3b900000
      246339000	     12215	800047e2	407306b3	sub	x13,x6,x7	  x6:0x00000012  x7:0x0000000d x13=0x00000005
      246359000	     12216	800047e6	8332	c.mv	x6,x12	  x0:0x00000000 x12:0x80025ce4  x6=0x80025ce4
      246379000	     12217	800047e8	8fc1	c.or	x15,x8	 x15:0x00000000  x8:0x80000000 x15=0x80000000
      247119000	     12254	800047ea	027fc1b3	div	x3,x31,x7	 x31:0x00000000  x7:0x0000000d  x3=0x00000000
      247139000	     12255	800047ee	e60278b7	lui	x17,0xe6027	 x17=0xe6027000
      247159000	     12256	800047f2	02e4df63	bge	x9,x14,80004830	  x9:0x8c0000f0 x14:0x00000d39
      247179000	     12257	800047f6	05b0c263	blt	x1,x27,8000483a	  x1:0x00000730 x27:0x00000000
      247199000	     12258	800047fa	024c4563	blt	x24,x4,80004824	 x24:0x00000000  x4:0x00000012
      248159000	     12306	80004824	027b3133	mulhu	x2,x22,x7	 x22:0x00000000  x7:0x0000000d  x2=0x00000000
      248419000	     12319	80004828	00ecda33	srl	x20,x25,x14	 x25:0x00000001 x14:0x00000d39 x20=0x00000000
      248499000	     12323	8000482c	4157d933	sra	x18,x15,x21	 x15:0x80000000 x21:0x00000000 x18=0x80000000
      248519000	     12324	80004830	0d4d	c.addi	x26,19	 x26:0x00000012 x26=0x00000025
      248659000	     12331	80004832	435c8393	addi	x7,x25,1077	 x25:0x00000001  x7=0x00000436
      249079000	     12352	80004836	03369063	bne	x13,x19,80004856	 x13:0x00000005 x19:0x3b900000
      249459000	     12371	80004856	02a011b3	mulh	x3,x0,x10	  x0:0x00000000 x10:0x000003b9  x3=0x00000000
      250019000	     12399	8000485a	01bb67b3	or	x15,x22,x27	 x22:0x00000000 x27:0x00000000 x15=0x00000000
      250039000	     12400	8000485e	8d01	c.sub	x10,x8	 x10:0x000003b9  x8:0x80000000 x10=0x800003b9
      250079000	     12402	80004860	0001	c.addi	x0,0	  x0:0x00000000  x0=0x00000000
      250099000	     12403	80004862	8cc9	c.or	x9,x10	  x9:0x8c0000f0 x10:0x800003b9  x9=0x8c0003f9
      250119000	     12404	80004864	402a52b3	sra	x5,x20,x2	 x20:0x00000000  x2:0x00000000  x5=0x00000000
      250199000	     12408	80004868	8f35	c.xor	x14,x13	 x14:0x00000d39 x13:0x00000005 x14=0x00000d3c
      250219000	     12409	8000486a	8df9	c.and	x11,x14	 x11:0x8c000290 x14:0x00000d3c x11=0x00000010
      250239000	     12410	8000486c	9a2e	c.add	x20,x11	 x20:0x00000000 x11:0x00000010 x20=0x00000010
      250259000	     12411	8000486e	98fd	c.andi	x9,-1	  x9:0x8c0003f9  x9=0x8c0003f9
      250999000	     12448	80004870	0392d2b3	divu	x5,x5,x25	  x5:0x00000000 x25:0x00000001  x5=0x00000000
      251019000	     12449	80004874	00dfa6b3	slt	x13,x31,x13	 x31:0x00000000 x13:0x00000005 x13=0x00000001
      251039000	     12450	80004878	034ad663	bge	x21,x20,800048a4	 x21:0x00000000 x20:0x00000010
      251059000	     12451	8000487c	07fa	c.slli	x15,0x1e	 x15:0x00000000 x15=0x00000000
      251079000	     12452	8000487e	412adb93	srai	x23,x21,0x12	 x21:0x00000000 x23=0x00000000
      251239000	     12460	80004882	0000100f	fence.i	
      251959000	     12496	80004886	00215833	srl	x16,x2,x2	  x2:0x00000000  x2:0x00000000 x16=0x00000000
      252379000	     12517	8000488a	41efd313	srai	x6,x31,0x1e	 x31:0x00000000  x6=0x00000000
      252399000	     12518	8000488e	01715b93	srli	x23,x2,0x17	  x2:0x00000000 x23=0x00000000
      252419000	     12519	80004892	15116293	ori	x5,x2,337	  x2:0x00000000  x5=0x00000151
      252439000	     12520	80004896	013be733	or	x14,x23,x19	 x23:0x00000000 x19:0x3b900000 x14=0x3b900000
      252459000	     12521	8000489a	6ced	c.lui	x25,0x1b	 x25=0x0001b000
      252859000	     12541	8000489c	69a7e993	ori	x19,x15,1690	 x15:0x00000000 x19=0x0000069a
      252879000	     12542	800048a0	2da86a13	ori	x20,x16,730	 x16:0x00000000 x20=0x000002da
      252979000	     12547	800048a4	2e43f793	andi	x15,x7,740	  x7:0x00000436 x15=0x00000024
      252999000	     12548	800048a8	016298b3	sll	x17,x5,x22	  x5:0x00000151 x22:0x00000000 x17=0x00000151
      253019000	     12549	800048ac	717d	c.addi16sp	x2,-16	  x2:0x00000000  x2=0xfffffff0
      253039000	     12550	800048ae	a7158113	addi	x2,x11,-1423	 x11:0x00000010  x2=0xfffffa81
      253199000	     12558	800048b2	003b3033	sltu	x0,x22,x3	 x22:0x00000000  x3:0x00000000  x0=0x00000000
      253219000	     12559	800048b6	12fd	c.addi	x5,-1	  x5:0x00000151  x5=0x00000150
      253259000	     12561	800048b8	c49d	c.beqz	x9,800048e6	  x9:0x8c0003f9
      253279000	     12562	800048ba	417c86b3	sub	x13,x25,x23	 x25:0x0001b000 x23:0x00000000 x13=0x0001b000
      253299000	     12563	800048be	8bb5	c.andi	x15,13	 x15:0x00000024 x15=0x00000004
      253319000	     12564	800048c0	a0fc8393	addi	x7,x25,-1521	 x25:0x0001b000  x7=0x0001aa0f
      253499000	     12573	800048c4	8cc1	c.or	x9,x8	  x9:0x8c0003f9  x8:0x80000000  x9=0x8c0003f9
      253519000	     12574	800048c6	8f01	c.sub	x14,x8	 x14:0x3b900000  x8:0x80000000 x14=0xbb900000
      253579000	     12577	800048c8	0141e463	bltu	x3,x20,800048d0	  x3:0x00000000 x20:0x000002da
      254199000	     12608	800048d0	4ca5	c.li	x25,9	 x25=0x00000009
      254219000	     12609	800048d2	9f22	c.add	x30,x8	 x30:0x470637c6  x8:0x80000000 x30=0xc70637c6
      254519000	     12624	800048d4	0165eb63	bltu	x11,x22,800048ea	 x11:0x00000010 x22:0x00000000
      254619000	     12629	800048d8	5dfd	c.li	x27,-1	 x27=0xffffffff
      254639000	     12630	800048da	8719	c.srai	x14,0x6	 x14:0xbb900000 x14=0xfeee4000
      254659000	     12631	800048dc	40c5d133	sra	x2,x11,x12	 x11:0x00000010 x12:0x80025ce4  x2=0x00000001
      254679000	     12632	800048e0	001471b3	and	x3,x8,x1	  x8:0x80000000  x1:0x00000730  x3=0x00000000
      254699000	     12633	800048e4	0001	c.addi	x0,0	  x0:0x00000000  x0=0x00000000
      254719000	     12634	800048e6	008f5b93	srli	x23,x30,0x8	 x30:0xc70637c6 x23=0x00c70637
      254739000	     12635	800048ea	bfbd4193	xori	x3,x26,-1029	 x26:0x00000025  x3=0xfffffbde
      254759000	     12636	800048ee	8125	c.srli	x10,0x9	 x10:0x800003b9 x10=0x00400001
      255379000	     12667	800048f0	6139	c.addi16sp	x2,448	  x2:0x00000001  x2=0x000001c1
      256239000	     12710	800048f2	02794c33	div	x24,x18,x7	 x18:0x80000000  x7:0x0001aa0f x24=0xffffb318
      256259000	     12711	800048f6	01f499b3	sll	x19,x9,x31	  x9:0x8c0003f9 x31:0x00000000 x19=0x8c0003f9
      256999000	     12748	800048fa	02d06533	rem	x10,x0,x13	  x0:0x00000000 x13:0x0001b000 x10=0x00000000
      257019000	     12749	800048fe	717d	c.addi16sp	x2,-16	  x2:0x000001c1  x2=0x000001b1
      257039000	     12750	80004900	6269	c.lui	x4,0x1a	  x4=0x0001a000
      257079000	     12752	80004902	03e29d33	mulh	x26,x5,x30	  x5:0x00000150 x30:0xc70637c6 x26=0xffffffb5
      257099000	     12753	80004906	03d5d363	bge	x11,x29,8000492c	 x11:0x00000010 x29:0x00000000
      257399000	     12768	8000492c	016d7f33	and	x30,x26,x22	 x26:0xffffffb5 x22:0x00000000 x30=0x00000000
      257839000	     12790	80004930	03c16963	bltu	x2,x28,80004962	  x2:0x000001b1 x28:0x80021e64
      258919000	     12844	80004962	e39d	c.bnez	x15,80004988	 x15:0x00000004
      259699000	     12883	80004988	604ebd93	sltiu	x27,x29,1540	 x29:0x00000000 x27=0x00000001
      260719000	     12934	8000498c	02baf4b3	remu	x9,x21,x11	 x21:0x00000000 x11:0x00000010  x9=0x00000000
      260759000	     12936	80004990	03ad1833	mulh	x16,x26,x26	 x26:0xffffffb5 x26:0xffffffb5 x16=0x00000000
      260799000	     12938	80004994	03d8b933	mulhu	x18,x17,x29	 x17:0x00000151 x29:0x00000000 x18=0x00000000
      260819000	     12939	80004998	645ee213	ori	x4,x29,1605	 x29:0x00000000  x4=0x00000645
      260839000	     12940	8000499c	00251bb3	sll	x23,x10,x2	 x10:0x00000000  x2:0x000001b1 x23=0x00000000
      260959000	     12946	800049a0	00f25963	bge	x4,x15,800049b2	  x4:0x00000645 x15:0x00000004
      261379000	     12967	800049b2	8dad	c.xor	x11,x11	 x11:0x00000010 x11:0x00000010 x11=0x00000000
      261399000	     12968	800049b4	000d26b3	slt	x13,x26,x0	 x26:0xffffffb5  x0:0x00000000 x13=0x00000001
      261419000	     12969	800049b8	0396e363	bltu	x13,x25,800049de	 x13:0x00000001 x25:0x00000009
      262159000	     13006	800049de	8889	c.andi	x9,2	  x9:0x00000000  x9=0x00000000
      262559000	     13026	800049e0	014a9793	slli	x15,x21,0x14	 x21:0x00000000 x15=0x00000000
      262579000	     13027	800049e4	01e6a733	slt	x14,x13,x30	 x13:0x00000001 x30:0x00000000 x14=0x00000000
      263319000	     13064	800049e8	03995033	divu	x0,x18,x25	 x18:0x00000000 x25:0x00000009  x0=0x00000000
      263339000	     13065	800049ec	8ec5	c.or	x13,x9	 x13:0x00000001  x9:0x00000000 x13=0x00000001
      263359000	     13066	800049ee	001f6463	bltu	x30,x1,800049f6	 x30:0x00000000  x1:0x00000730
      268679000	     13332	800049f6	009fa4b3	slt	x9,x31,x9	 x31:0x00000000  x9:0x00000000  x9=0x00000000
      268699000	     13333	800049fa	8b06	c.mv	x22,x1	  x0:0x00000000  x1:0x00000730 x22=0x00000730
      268739000	     13335	800049fc	02a9f233	remu	x4,x19,x10	 x19:0x8c0003f9 x10:0x00000000  x4=0x8c0003f9
      269039000	     13350	80004a00	42dd4813	xori	x16,x26,1069	 x26:0xffffffb5 x16=0xfffffb98
      269459000	     13371	80004a04	8c52	c.mv	x24,x20	  x0:0x00000000 x20:0x000002da x24=0x000002da
      269639000	     13380	80004a06	02128a33	mul	x20,x5,x1	  x5:0x00000150  x1:0x00000730 x20=0x00096f00
      269659000	     13381	80004a0a	e09d	c.bnez	x9,80004a30	  x9:0x00000000
      269679000	     13382	80004a0c	017c7c63	bgeu	x24,x23,80004a24	 x24:0x000002da x23:0x00000000
      270779000	     13437	80004a24	0001	c.addi	x0,0	  x0:0x00000000  x0=0x00000000
      270819000	     13439	80004a26	e3dc8013	addi	x0,x25,-451	 x25:0x00000009  x0=0x00000000
      270839000	     13440	80004a2a	4a3d	c.li	x20,15	 x20=0x0000000f
      271239000	     13460	80004a2c	e981	c.bnez	x11,80004a3c	 x11:0x00000000
      271259000	     13461	80004a2e	82d2	c.mv	x5,x20	  x0:0x00000000 x20:0x0000000f  x5=0x0000000f
      271279000	     13462	80004a30	8965	c.andi	x10,25	 x10:0x00000000 x10=0x00000000
      271299000	     13463	80004a32	91c2	c.add	x3,x16	  x3:0xfffffbde x16:0xfffffb98  x3=0xfffff776
      271659000	     13481	80004a34	ef89	c.bnez	x15,80004a4e	 x15:0x00000000
      271679000	     13482	80004a36	0001	c.addi	x0,0	  x0:0x00000000  x0=0x00000000
      271699000	     13483	80004a38	0ff0000f	fence	iorw,iorw	
      271719000	     13484	80004a3c	8ca9	c.xor	x9,x10	  x9:0x00000000 x10:0x00000000  x9=0x00000000
      271739000	     13485	80004a3e	87fa	c.mv	x15,x30	  x0:0x00000000 x30:0x00000000 x15=0x00000000
      272119000	     13504	80004a40	6575	c.lui	x10,0x1d	 x10=0x0001d000
      272339000	     13515	80004a42	000f9a63	bne	x31,x0,80004a56	 x31:0x00000000  x0:0x00000000
      272459000	     13521	80004a46	01f7b2b3	sltu	x5,x15,x31	 x15:0x00000000 x31:0x00000000  x5=0x00000000
      272479000	     13522	80004a4a	0ff0000f	fence	iorw,iorw	
      272499000	     13523	80004a4e	00d18663	beq	x3,x13,80004a5a	  x3:0xfffff776 x13:0x00000001
      272659000	     13531	80004a52	beb8b893	sltiu	x17,x17,-1045	 x17:0x00000151 x17=0x00000001
      272679000	     13532	80004a56	63fd8813	addi	x16,x27,1599	 x27:0x00000001 x16=0x00000640
      272699000	     13533	80004a5a	93da	c.add	x7,x22	  x7:0x0001aa0f x22:0x00000730  x7=0x0001b13f
      272819000	     13539	80004a5c	0000100f	fence.i	
      273119000	     13554	80004a60	8ee5	c.and	x13,x9	 x13:0x00000001  x9:0x00000000 x13=0x00000000
      273299000	     13563	80004a62	0202d8b3	divu	x17,x5,x0	  x5:0x00000000  x0:0x00000000 x17=0xffffffff
      273319000	     13564	80004a66	f766b293	sltiu	x5,x13,-138	 x13:0x00000000  x5=0x00000001
      273339000	     13565	80004a6a	0001	c.addi	x0,0	  x0:0x00000000  x0=0x00000000
      273499000	     13573	80004a6c	020ef5b3	remu	x11,x29,x0	 x29:0x00000000  x0:0x00000000 x11=0x00000000
      273519000	     13574	80004a70	41e55c33	sra	x24,x10,x30	 x10:0x0001d000 x30:0x00000000 x24=0x0001d000
      273659000	     13581	80004a74	00449c63	bne	x9,x4,80004a8c	  x9:0x00000000  x4:0x8c0003f9
      274679000	     13632	80004a8c	01d2eab3	or	x21,x5,x29	  x5:0x00000001 x29:0x00000000 x21=0x00000001
      274699000	     13633	80004a90	00016833	or	x16,x2,x0	  x2:0x000001b1  x0:0x00000000 x16=0x000001b1
      275099000	     13653	80004a94	6efd0797	auipc	x15,0x6efd0	 x15=0xeefd4a94
      275119000	     13654	80004a98	007de833	or	x16,x27,x7	 x27:0x00000001  x7:0x0001b13f x16=0x0001b13f
      275139000	     13655	80004a9c	fea0f513	andi	x10,x1,-22	  x1:0x00000730 x10=0x00000720
      275179000	     13657	80004aa0	02fd0063	beq	x26,x15,80004ac0	 x26:0xffffffb5 x15:0xeefd4a94
      275259000	     13661	80004aa4	8f55	c.or	x14,x13	 x14:0x00000000 x13:0x00000000 x14=0x00000000
      275279000	     13662	80004aa6	58fd	c.li	x17,-1	 x17=0xffffffff
      275299000	     13663	80004aa8	04a4e463	bltu	x9,x10,80004af0	  x9:0x00000000 x10:0x00000720
      275499000	     13673	80004af0	018217b3	sll	x15,x4,x24	  x4:0x8c0003f9 x24:0x0001d000 x15=0x8c0003f9
      276239000	     13710	80004af4	0278f033	remu	x0,x17,x7	 x17:0xffffffff  x7:0x0001b13f  x0=0x00000000
      276259000	     13711	80004af8	417403b3	sub	x7,x8,x23	  x8:0x80000000 x23:0x00000000  x7=0x80000000
      276279000	     13712	80004afc	41245ab3	sra	x21,x8,x18	  x8:0x80000000 x18:0x00000000 x21=0x80000000
      276299000	     13713	80004b00	014d9213	slli	x4,x27,0x14	 x27:0x00000001  x4=0x00100000
      276319000	     13714	80004b04	01068e63	beq	x13,x16,80004b20	 x13:0x00000000 x16:0x0001b13f
      276339000	     13715	80004b08	02c481b3	mul	x3,x9,x12	  x9:0x00000000 x12:0x80025ce4  x3=0x00000000
      276359000	     13716	80004b0c	0001	c.addi	x0,0	  x0:0x00000000  x0=0x00000000
      276399000	     13718	80004b0e	01215093	srli	x1,x2,0x12	  x2:0x000001b1  x1=0x00000000
      276559000	     13726	80004b12	03f6abb3	mulhsu	x23,x13,x31	 x13:0x00000000 x31:0x00000000 x23=0x00000000
      276579000	     13727	80004b16	0001	c.addi	x0,0	  x0:0x00000000  x0=0x00000000
      276599000	     13728	80004b18	0001	c.addi	x0,0	  x0:0x00000000  x0=0x00000000
      276639000	     13730	80004b1a	0206ff33	remu	x30,x13,x0	 x13:0x00000000  x0:0x00000000 x30=0x00000000
      276659000	     13731	80004b1e	6959	c.lui	x18,0x16	 x18=0x00016000
      276699000	     13733	80004b20	02b8a7b3	mulhsu	x15,x17,x11	 x17:0xffffffff x11:0x00000000 x15=0x00000000
      276719000	     13734	80004b24	8cc1	c.or	x9,x8	  x9:0x00000000  x8:0x80000000  x9=0x80000000
      276779000	     13737	80004b26	0000100f	fence.i	
      276919000	     13744	80004b2a	38f40593	addi	x11,x8,911	  x8:0x80000000 x11=0x8000038f
      277059000	     13751	80004b2e	ccd74293	xori	x5,x14,-819	 x14:0x00000000  x5=0xfffffccd
      277079000	     13752	80004b32	597d	c.li	x18,-1	 x18=0xffffffff
      277099000	     13753	80004b34	015bad33	slt	x26,x23,x21	 x23:0x00000000 x21:0x80000000 x26=0x00000000
      277279000	     13762	80004b38	01311263	bne	x2,x19,80004b3c	  x2:0x000001b1 x19:0x8c0003f9
      277839000	     13790	80004b3c	00c21c13	slli	x24,x4,0xc	  x4:0x00100000 x24=0x00000000
      277859000	     13791	80004b40	053fd263	bge	x31,x19,80004b84	 x31:0x00000000 x19:0x8c0003f9
      278279000	     13812	80004b84	1cc2e113	ori	x2,x5,460	  x5:0xfffffccd  x2=0xfffffdcd
      278299000	     13813	80004b88	e985	c.bnez	x11,80004bb8	 x11:0x8000038f
      278899000	     13843	80004bb8	02dd1f63	bne	x26,x13,80004bf6	 x26:0x00000000 x13:0x00000000
      279319000	     13864	80004bbc	9546fc13	andi	x24,x13,-1708	 x13:0x00000000 x24=0x00000000
      279439000	     13870	80004bc0	373b3093	sltiu	x1,x22,883	 x22:0x00000730  x1=0x00000000
      279479000	     13872	80004bc4	02933f33	mulhu	x30,x6,x9	  x6:0x00000000  x9:0x80000000 x30=0x00000000
      279519000	     13874	80004bc8	03fccbb3	div	x23,x25,x31	 x25:0x00000009 x31:0x00000000 x23=0xffffffff
      279719000	     13884	80004bcc	008f7263	bgeu	x30,x8,80004bd0	 x30:0x00000000  x8:0x80000000
      280139000	     13905	80004bd0	01b235b3	sltu	x11,x4,x27	  x4:0x00100000 x27:0x00000001 x11=0x00000000
      280199000	     13908	80004bd4	d7cc3e93	sltiu	x29,x24,-644	 x24:0x00000000 x29=0x00000001
      280239000	     13910	80004bd8	03a4e0b3	rem	x1,x9,x26	  x9:0x80000000 x26:0x00000000  x1=0x80000000
      280279000	     13912	80004bdc	02c5b233	mulhu	x4,x11,x12	 x11:0x00000000 x12:0x80025ce4  x4=0x00000000
      280359000	     13916	80004be0	02e48a33	mul	x20,x9,x14	  x9:0x80000000 x14:0x00000000 x20=0x00000000
      280539000	     13925	80004be4	03430163	beq	x6,x20,80004c06	  x6:0x00000000 x20:0x00000000
      281219000	     13959	80004c06	03119b33	mulh	x22,x3,x17	  x3:0x00000000 x17:0xffffffff x22=0x00000000
      281239000	     13960	80004c0a	4162d993	srai	x19,x5,0x16	  x5:0xfffffccd x19=0xffffffff
      281259000	     13961	80004c0e	ee81	c.bnez	x13,80004c26	 x13:0x00000000
      281999000	     13998	80004c10	033a75b3	remu	x11,x20,x19	 x20:0x00000000 x19:0xffffffff x11=0x00000000
      282019000	     13999	80004c14	07f6	c.slli	x15,0x1d	 x15:0x00000000 x15=0x00000000
      282039000	     14000	80004c16	000ed713	srli	x14,x29,0x0	 x29:0x00000001 x14=0x00000001
      282779000	     14037	80004c1a	035d5b33	divu	x22,x26,x21	 x26:0x00000000 x21:0x80000000 x22=0x00000000
      282799000	     14038	80004c1e	a3de2913	slti	x18,x28,-1475	 x28:0x80021e64 x18=0x00000001
      282819000	     14039	80004c22	1e996913	ori	x18,x18,489	 x18:0x00000001 x18=0x000001e9
      282839000	     14040	80004c26	eb11	c.bnez	x14,80004c3a	 x14:0x00000001
      283279000	     14062	80004c3a	02e992b3	mulh	x5,x19,x14	 x19:0xffffffff x14:0x00000001  x5=0xffffffff
      283399000	     14068	80004c3e	3ece3713	sltiu	x14,x28,1004	 x28:0x80021e64 x14=0x00000000
      283419000	     14069	80004c42	00cc4c63	blt	x24,x12,80004c5a	 x24:0x00000000 x12:0x80025ce4
      283439000	     14070	80004c46	20b02b13	slti	x22,x0,523	  x0:0x00000000 x22=0x00000001
      283499000	     14073	80004c4a	0bccc813	xori	x16,x25,188	 x25:0x00000009 x16=0x000000b5
      283519000	     14074	80004c4e	6ff5	c.lui	x31,0x1d	 x31=0x0001d000
      283719000	     14084	80004c50	41555f33	sra	x30,x10,x21	 x10:0x00000720 x21:0x80000000 x30=0x00000720
      283739000	     14085	80004c54	0cb6	c.slli	x25,0xd	 x25:0x00000009 x25=0x00012000
      284479000	     14122	80004c56	0336e2b3	rem	x5,x13,x19	 x13:0x00000000 x19:0xffffffff  x5=0x00000000
      284519000	     14124	80004c5a	03c291b3	mulh	x3,x5,x28	  x5:0x00000000 x28:0x80021e64  x3=0x00000000
      284539000	     14125	80004c5e	418cdd13	srai	x26,x25,0x18	 x25:0x00012000 x26=0x00000000
      284559000	     14126	80004c62	004b7833	and	x16,x22,x4	 x22:0x00000001  x4:0x00000000 x16=0x00000000
      284579000	     14127	80004c66	e0b1	c.bnez	x9,80004caa	  x9:0x80000000
      284999000	     14148	80004caa	ef85	c.bnez	x15,80004ce2	 x15:0x00000000
      285419000	     14169	80004cac	fee67f13	andi	x30,x12,-18	 x12:0x80025ce4 x30=0x80025ce4
      285819000	     14189	80004cb0	6239	c.lui	x4,0xe	  x4=0x0000e000
      286559000	     14226	80004cb2	03534233	div	x4,x6,x21	  x6:0x00000000 x21:0x80000000  x4=0x00000000
      286579000	     14227	80004cb6	9b7d	c.andi	x14,-1	 x14:0x00000000 x14=0x00000000
      286599000	     14228	80004cb8	891a	c.mv	x18,x6	  x0:0x00000000  x6:0x00000000 x18=0x00000000
      286619000	     14229	80004cba	0000100f	fence.i	
      286839000	     14240	80004cbe	99fd	c.andi	x11,-1	 x11:0x00000000 x11=0x00000000
      287279000	     14262	80004cc0	025ebc33	mulhu	x24,x29,x5	 x29:0x00000001  x5:0x00000000 x24=0x00000000
      287299000	     14263	80004cc4	9c41fb13	andi	x22,x3,-1596	  x3:0x00000000 x22=0x00000000
      287559000	     14276	80004cc8	e8322f13	slti	x30,x4,-381	  x4:0x00000000 x30=0x00000000
      287579000	     14277	80004ccc	051e	c.slli	x10,0x7	 x10:0x00000720 x10=0x00039000
      287599000	     14278	80004cce	00561f13	slli	x30,x12,0x5	 x12:0x80025ce4 x30=0x004b9c80
      287619000	     14279	80004cd2	10363917	auipc	x18,0x10363	 x18=0x90367cd2
      287639000	     14280	80004cd6	0130f463	bgeu	x1,x19,80004cde	  x1:0x80000000 x19:0xffffffff
      287659000	     14281	80004cda	e5562713	slti	x14,x12,-427	 x12:0x80025ce4 x14=0x00000001
      288099000	     14303	80004cde	dfb9fd93	andi	x27,x19,-517	 x19:0xffffffff x27=0xfffffdfb
      288119000	     14304	80004ce2	00f01693	slli	x13,x0,0xf	  x0:0x00000000 x13=0x00000000
      288139000	     14305	80004ce6	8d7d	c.and	x10,x15	 x10:0x00039000 x15:0x00000000 x10=0x00000000
      288239000	     14310	80004ce8	004a78b3	and	x17,x20,x4	 x20:0x00000000  x4:0x00000000 x17=0x00000000
      288399000	     14318	80004cec	01af69b3	or	x19,x30,x26	 x30:0x004b9c80 x26:0x00000000 x19=0x004b9c80
      288419000	     14319	80004cf0	00606863	bltu	x0,x6,80004d00	  x0:0x00000000  x6:0x00000000
      288579000	     14327	80004cf4	8ea1	c.xor	x13,x8	 x13:0x00000000  x8:0x80000000 x13=0x80000000
      288779000	     14337	80004cf6	2ebc4037	lui	x0,0x2ebc4	  x0=0x00000000
      288799000	     14338	80004cfa	717d	c.addi16sp	x2,-16	  x2:0xfffffdcd  x2=0xfffffdbd
      288859000	     14341	80004cfc	71e62a97	auipc	x21,0x71e62	 x21=0xf1e66cfc
      289199000	     14358	80004d00	001dbcb3	sltu	x25,x27,x1	 x27:0xfffffdfb  x1:0x80000000 x25=0x00000000
      289219000	     14359	80004d04	03eec563	blt	x29,x30,80004d2e	 x29:0x00000001 x30:0x004b9c80
      289319000	     14364	80004d2e	e70d	c.bnez	x14,80004d58	 x14:0x00000001
      290059000	     14401	80004d58	8cc5	c.or	x9,x9	  x9:0x80000000  x9:0x80000000  x9=0x80000000
      290139000	     14405	80004d5a	0000100f	fence.i	
      291119000	     14454	80004d5e	8c89	c.sub	x9,x10	  x9:0x80000000 x10:0x00000000  x9=0x80000000
      291159000	     14456	80004d60	01f9d013	srli	x0,x19,0x1f	 x19:0x004b9c80  x0=0x00000000
      291579000	     14477	80004d64	c590a897	auipc	x17,0xc590a	 x17=0x4590ed64
      291999000	     14498	80004d68	00a21d13	slli	x26,x4,0xa	  x4:0x00000000 x26=0x00000000
      292419000	     14519	80004d6c	8cfd	c.and	x9,x15	  x9:0x80000000 x15:0x00000000  x9=0x00000000
      292479000	     14522	80004d6e	036a10b3	mulh	x1,x20,x22	 x20:0x00000000 x22:0x00000000  x1=0x00000000
      292499000	     14523	80004d72	04b1	c.addi	x9,12	  x9:0x00000000  x9=0x0000000c
      292519000	     14524	80004d74	01769b13	slli	x22,x13,0x17	 x13:0x80000000 x22=0x00000000
      292539000	     14525	80004d78	0000100f	fence.i	
      292679000	     14532	80004d7c	0f94	c.addi4spn	x13,x2,976	 x13=0x0000018d
      292699000	     14533	80004d7e	83b5	c.srli	x15,0xd	 x15:0x00000000 x15=0x00000000
      292819000	     14539	80004d80	08058793	addi	x15,x11,128	 x11:0x00000000 x15=0x00000080
      293019000	     14549	80004d84	81aa	c.mv	x3,x10	  x0:0x00000000 x10:0x00000000  x3=0x00000000
      293219000	     14559	80004d86	03576463	bltu	x14,x21,80004dae	 x14:0x00000001 x21:0xf1e66cfc
      295079000	     14652	80004dae	4065d113	srai	x2,x11,0x6	 x11:0x00000000  x2=0x00000000
      295099000	     14653	80004db2	9eab7d37	lui	x26,0x9eab7	 x26=0x9eab7000
      295119000	     14654	80004db6	41bb5bb3	sra	x23,x22,x27	 x22:0x00000000 x27:0xfffffdfb x23=0x00000000
      295139000	     14655	80004dba	011f1463	bne	x30,x17,80004dc2	 x30:0x004b9c80 x17:0x4590ed64
      295459000	     14671	80004dc2	03c90cb3	mul	x25,x18,x28	 x18:0x90367cd2 x28:0x80021e64 x25=0xb18d5e08
      295779000	     14687	80004dc6	022d4a33	div	x20,x26,x2	 x26:0x9eab7000  x2:0x00000000 x20=0xffffffff
      295939000	     14695	80004dca	028da4b3	mulhsu	x9,x27,x8	 x27:0xfffffdfb  x8:0x80000000  x9=0xfffffefd
      295959000	     14696	80004dce	0153eeb3	or	x29,x7,x21	  x7:0x80000000 x21:0xf1e66cfc x29=0xf1e66cfc
      296359000	     14716	80004dd2	0115cf33	xor	x30,x11,x17	 x11:0x00000000 x17:0x4590ed64 x30=0x4590ed64
      296419000	     14719	80004dd6	021e7933	remu	x18,x28,x1	 x28:0x80021e64  x1:0x00000000 x18=0x80021e64
      296439000	     14720	80004dda	40ddd2b3	sra	x5,x27,x13	 x27:0xfffffdfb x13:0x0000018d  x5=0xffffffff
      296459000	     14721	80004dde	86dd	c.srai	x13,0x17	 x13:0x0000018d x13=0x00000000
      296639000	     14730	80004de0	6d287893	andi	x17,x16,1746	 x16:0x00000000 x17=0x00000000
      296679000	     14732	80004de4	032d3133	mulhu	x2,x26,x18	 x26:0x9eab7000 x18:0x80021e64  x2=0x4f57082c
      297079000	     14752	80004de8	0172fab3	and	x21,x5,x23	  x5:0xffffffff x23:0x00000000 x21=0x00000000
      297259000	     14761	80004dec	02d219b3	mulh	x19,x4,x13	  x4:0x00000000 x13:0x00000000 x19=0x00000000
      297279000	     14762	80004df0	0000100f	fence.i	
      297739000	     14785	80004df4	8fc5	c.or	x15,x9	 x15:0x00000080  x9:0xfffffefd x15=0xfffffefd
      297839000	     14790	80004df6	0260ed33	rem	x26,x1,x6	  x1:0x00000000  x6:0x00000000 x26=0x00000000
      297859000	     14791	80004dfa	00df6f63	bltu	x30,x13,80004e18	 x30:0x4590ed64 x13:0x00000000
      297879000	     14792	80004dfe	84a9	c.srai	x9,0xa	  x9:0xfffffefd  x9=0xffffffff
      297899000	     14793	80004e00	ce81	c.beqz	x13,80004e18	 x13:0x00000000
      317699000	     15783	80004e18	6165	c.addi16sp	x2,112	  x2:0x4f57082c  x2=0x4f57089c
      318439000	     15820	80004e1a	0259d5b3	divu	x11,x19,x5	 x19:0x00000000  x5:0xffffffff x11=0x00000000
      318459000	     15821	80004e1e	8d8d	c.sub	x11,x11	 x11:0x00000000 x11:0x00000000 x11=0x00000000
      318479000	     15822	80004e20	1098	c.addi4spn	x14,x2,96	 x14=0x4f5708fc
      318499000	     15823	80004e22	cf11	c.beqz	x14,80004e3e	 x14:0x4f5708fc
      318519000	     15824	80004e24	e89d	c.bnez	x9,80004e5a	  x9:0xffffffff
      318639000	     15830	80004e5a	0316	c.slli	x6,0x5	  x6:0x00000000  x6=0x00000000
      318679000	     15832	80004e5c	9afd	c.andi	x13,-1	 x13:0x00000000 x13=0x00000000
      318699000	     15833	80004e5e	40dfd933	sra	x18,x31,x13	 x31:0x0001d000 x13:0x00000000 x18=0x0001d000
      318719000	     15834	80004e62	036a	c.slli	x6,0x1a	  x6:0x00000000  x6=0x00000000
      319099000	     15853	80004e64	01620f33	add	x30,x4,x22	  x4:0x00000000 x22:0x00000000 x30=0x00000000
      319259000	     15861	80004e68	64b5	c.lui	x9,0xd	  x9=0x0000d000
      319599000	     15878	80004e6a	0ff0000f	fence	iorw,iorw	
      319619000	     15879	80004e6e	0ff0000f	fence	iorw,iorw	
      319659000	     15881	80004e72	02e523b3	mulhsu	x7,x10,x14	 x10:0x00000000 x14:0x4f5708fc  x7=0x00000000
      319679000	     15882	80004e76	8f15	c.sub	x14,x13	 x14:0x4f5708fc x13:0x00000000 x14=0x4f5708fc
      319699000	     15883	80004e78	e299	c.bnez	x13,80004e7e	 x13:0x00000000
      320439000	     15920	80004e7a	028673b3	remu	x7,x12,x8	 x12:0x80025ce4  x8:0x80000000  x7=0x00025ce4
      320459000	     15921	80004e7e	0044c3b3	xor	x7,x9,x4	  x9:0x0000d000  x4:0x00000000  x7=0x0000d000
      320479000	     15922	80004e82	0041db63	bge	x3,x4,80004e98	  x3:0x00000000  x4:0x00000000
      320619000	     15929	80004e98	20bb4013	xori	x0,x22,523	 x22:0x00000000  x0=0x00000000
      321059000	     15951	80004e9c	032aaa33	mulhsu	x20,x21,x18	 x21:0x00000000 x18:0x0001d000 x20=0x00000000
      321459000	     15971	80004ea0	0332ea33	rem	x20,x5,x19	  x5:0xffffffff x19:0x00000000 x20=0xffffffff
      321479000	     15972	80004ea4	01289263	bne	x17,x18,80004ea8	 x17:0x00000000 x18:0x0001d000
      322039000	     16000	80004ea8	01625513	srli	x10,x4,0x16	  x4:0x00000000 x10=0x00000000
      322099000	     16003	80004eac	009fbeb3	sltu	x29,x31,x9	 x31:0x0001d000  x9:0x0000d000 x29=0x00000000
      322119000	     16004	80004eb0	40c1	c.li	x1,16	  x1=0x00000010
      322539000	     16025	80004eb2	0172ca33	xor	x20,x5,x23	  x5:0xffffffff x23:0x00000000 x20=0xffffffff
      322559000	     16026	80004eb6	0a18	c.addi4spn	x14,x2,272	 x14=0x4f5709ac
      322579000	     16027	80004eb8	99ee	c.add	x19,x27	 x19:0x00000000 x27:0xfffffdfb x19=0xfffffdfb
      322599000	     16028	80004eba	e701	c.bnez	x14,80004ec2	 x14:0x4f5709ac
      322939000	     16045	80004ec2	0001	c.addi	x0,0	  x0:0x00000000  x0=0x00000000
      322959000	     16046	80004ec4	008ba033	slt	x0,x23,x8	 x23:0x00000000  x8:0x80000000  x0=0x00000000
      323099000	     16053	80004ec8	3e3a0193	addi	x3,x20,995	 x20:0xffffffff  x3=0x000003e2
      323359000	     16066	80004ecc	0db6	c.slli	x27,0xd	 x27:0xfffffdfb x27=0xffbf6000
      323779000	     16087	80004ece	4182fd13	andi	x26,x5,1048	  x5:0xffffffff x26=0x00000418
      323959000	     16096	80004ed2	00b42a33	slt	x20,x8,x11	  x8:0x80000000 x11:0x00000000 x20=0x00000001
      323979000	     16097	80004ed6	8f8d	c.sub	x15,x11	 x15:0xfffffefd x11:0x00000000 x15=0xfffffefd
      324339000	     16115	80004ed8	8351	c.srli	x14,0x14	 x14:0x4f5709ac x14=0x000004f5
      324439000	     16120	80004eda	01a4fcb3	and	x25,x9,x26	  x9:0x0000d000 x26:0x00000418 x25=0x00000000
      324459000	     16121	80004ede	717d	c.addi16sp	x2,-16	  x2:0x4f57089c  x2=0x4f57088c
      324859000	     16141	80004ee0	4d19d897	auipc	x17,0x4d19d	 x17=0xcd1a1ee0
      324879000	     16142	80004ee4	8f71	c.and	x14,x12	 x14:0x000004f5 x12:0x80025ce4 x14=0x000004e4
      324899000	     16143	80004ee6	8fe5	c.and	x15,x9	 x15:0xfffffefd  x9:0x0000d000 x15=0x0000d000
      324999000	     16148	80004ee8	8f41	c.or	x14,x8	 x14:0x000004e4  x8:0x80000000 x14=0x800004e4
      325019000	     16149	80004eea	85a9	c.srai	x11,0xa	 x11:0x00000000 x11=0x00000000
      325419000	     16169	80004eec	8091	c.srli	x9,0x4	  x9:0x0000d000  x9=0x00000d00
      325839000	     16190	80004eee	00d5fab3	and	x21,x11,x13	 x11:0x00000000 x13:0x00000000 x21=0x00000000
      325859000	     16191	80004ef2	8f01	c.sub	x14,x8	 x14:0x800004e4  x8:0x80000000 x14=0x000004e4
      325879000	     16192	80004ef4	0ff0000f	fence	iorw,iorw	
      326199000	     16208	80004ef8	02938133	mul	x2,x7,x9	  x7:0x0000d000  x9:0x00000d00  x2=0x0a900000
      326299000	     16213	80004efc	0309fcb3	remu	x25,x19,x16	 x19:0xfffffdfb x16:0x00000000 x25=0xfffffdfb
      326319000	     16214	80004f00	00f78533	add	x10,x15,x15	 x15:0x0000d000 x15:0x0000d000 x10=0x0001a000
      326339000	     16215	80004f04	81aa	c.mv	x3,x10	  x0:0x00000000 x10:0x0001a000  x3=0x0001a000
      326359000	     16216	80004f06	4108df33	sra	x30,x17,x16	 x17:0xcd1a1ee0 x16:0x00000000 x30=0xcd1a1ee0
      326379000	     16217	80004f0a	0113bc33	sltu	x24,x7,x17	  x7:0x0000d000 x17:0xcd1a1ee0 x24=0x00000001
      326419000	     16219	80004f0e	0000100f	fence.i	
      326899000	     16243	80004f12	41288bb3	sub	x23,x17,x18	 x17:0xcd1a1ee0 x18:0x0001d000 x23=0xcd184ee0
      326999000	     16248	80004f16	028a8463	beq	x21,x8,80004f3e	 x21:0x00000000  x8:0x80000000
      327059000	     16251	80004f1a	00a5a1b3	slt	x3,x11,x10	 x11:0x00000000 x10:0x0001a000  x3=0x00000001
      327079000	     16252	80004f1e	0000100f	fence.i	
      327439000	     16270	80004f22	e1a9	c.bnez	x11,80004f64	 x11:0x00000000
      327599000	     16278	80004f24	9c44f893	andi	x17,x9,-1596	  x9:0x00000d00 x17=0x00000900
      327619000	     16279	80004f28	0056cbb3	xor	x23,x13,x5	 x13:0x00000000  x5:0xffffffff x23=0xffffffff
      328039000	     16300	80004f2c	0000100f	fence.i	
      328639000	     16330	80004f30	a89e2b13	slti	x22,x28,-1399	 x28:0x80021e64 x22=0x00000001
      328679000	     16332	80004f34	8ded	c.and	x11,x11	 x11:0x00000000 x11:0x00000000 x11=0x00000000
      328819000	     16339	80004f36	0000100f	fence.i	
      330399000	     16418	80004f3a	03962f33	mulhsu	x30,x12,x25	 x12:0x80025ce4 x25:0xfffffdfb x30=0x80025de6
      330419000	     16419	80004f3e	e31d	c.bnez	x14,80004f64	 x14:0x000004e4
      330599000	     16428	80004f64	0109f9b3	and	x19,x19,x16	 x19:0xfffffdfb x16:0x00000000 x19=0x00000000
      330619000	     16429	80004f68	01685bb3	srl	x23,x16,x22	 x16:0x00000000 x22:0x00000001 x23=0x00000000
      330639000	     16430	80004f6c	00bd16b3	sll	x13,x26,x11	 x26:0x00000418 x11:0x00000000 x13=0x00000418
      330759000	     16436	80004f70	0155d693	srli	x13,x11,0x15	 x11:0x00000000 x13=0x00000000
      331199000	     16458	80004f74	017074b3	and	x9,x0,x23	  x0:0x00000000 x23:0x00000000  x9=0x00000000
      331219000	     16459	80004f78	0110f2b3	and	x5,x1,x17	  x1:0x00000010 x17:0x00000900  x5=0x00000000
      331959000	     16496	80004f7c	03e3f033	remu	x0,x7,x30	  x7:0x0000d000 x30:0x80025de6  x0=0x00000000
      331979000	     16497	80004f80	14fd	c.addi	x9,-1	  x9:0x00000000  x9=0xffffffff
      331999000	     16498	80004f82	01429193	slli	x3,x5,0x14	  x5:0x00000000  x3=0x00000000
      332019000	     16499	80004f86	02dad863	bge	x21,x13,80004fb6	 x21:0x00000000 x13:0x00000000
      332359000	     16516	80004fb6	02704563	blt	x0,x7,80004fe0	  x0:0x00000000  x7:0x0000d000
      332599000	     16528	80004fe0	ee92d537	lui	x10,0xee92d	 x10=0xee92d000
      332759000	     16536	80004fe4	03ea8bb3	mul	x23,x21,x30	 x21:0x00000000 x30:0x80025de6 x23=0x00000000
      332779000	     16537	80004fe8	c099	c.beqz	x9,80004fee	  x9:0xffffffff
      332799000	     16538	80004fea	98fd	c.andi	x9,-1	  x9:0xffffffff  x9=0xffffffff
      332899000	     16543	80004fec	0001	c.addi	x0,0	  x0:0x00000000  x0=0x00000000
      332919000	     16544	80004fee	157d	c.addi	x10,-1	 x10:0xee92d000 x10=0xee92cfff
      332939000	     16545	80004ff0	0001	c.addi	x0,0	  x0:0x00000000  x0=0x00000000
      332959000	     16546	80004ff2	1a14	c.addi4spn	x13,x2,304	 x13=0x0a900130
      332979000	     16547	80004ff4	64153a93	sltiu	x21,x10,1601	 x10:0xee92cfff x21=0x00000000
      333279000	     16562	80004ff8	8f01	c.sub	x14,x8	 x14:0x000004e4  x8:0x80000000 x14=0x800004e4
      334019000	     16599	80004ffa	038656b3	divu	x13,x12,x24	 x12:0x80025ce4 x24:0x00000001 x13=0x80025ce4
      334039000	     16600	80004ffe	198c	c.addi4spn	x11,x2,240	 x11=0x0a9000f0
      334059000	     16601	80005000	1f007317	auipc	x6,0x1f007	  x6=0x9f00c000
      334079000	     16602	80005004	0001	c.addi	x0,0	  x0:0x00000000  x0=0x00000000
      334139000	     16605	80005006	018b5933	srl	x18,x22,x24	 x22:0x00000001 x24:0x00000001 x18=0x00000000
      334179000	     16607	8000500a	0137d293	srli	x5,x15,0x13	 x15:0x0000d000  x5=0x00000000
      334599000	     16628	8000500e	001bc0b3	xor	x1,x23,x1	 x23:0x00000000  x1:0x00000010  x1=0x00000010
      334759000	     16636	80005012	389f3913	sltiu	x18,x30,905	 x30:0x80025de6 x18=0x00000000
      334779000	     16637	80005016	45cd	c.li	x11,19	 x11=0x00000013
      334799000	     16638	80005018	042a8163	beq	x21,x2,8000505a	 x21:0x00000000  x2:0x0a900000
      335539000	     16675	8000501c	02f67f33	remu	x30,x12,x15	 x12:0x80025ce4 x15:0x0000d000 x30=0x00009ce4
      335559000	     16676	80005020	c999	c.beqz	x11,80005036	 x11:0x00000013
      335579000	     16677	80005022	41d2dd93	srai	x27,x5,0x1d	  x5:0x00000000 x27=0x00000000
      335599000	     16678	80005026	aed9cd13	xori	x26,x19,-1299	 x19:0x00000000 x26=0xfffffaed
      335619000	     16679	8000502a	00727b63	bgeu	x4,x7,80005040	  x4:0x00000000  x7:0x0000d000
      335639000	     16680	8000502e	0001	c.addi	x0,0	  x0:0x00000000  x0=0x00000000
      335659000	     16681	80005030	019abc33	sltu	x24,x21,x25	 x21:0x00000000 x25:0xfffffdfb x24=0x00000001
      335699000	     16683	80005034	6105	c.addi16sp	x2,32	  x2:0x0a900000  x2=0x0a900020
      335839000	     16690	80005036	03f68033	mul	x0,x13,x31	 x13:0x80025ce4 x31:0x0001d000  x0=0x00000000
      335859000	     16691	8000503a	f3604c17	auipc	x24,0xf3604	 x24=0x7360903a
      335879000	     16692	8000503e	0725	c.addi	x14,9	 x14:0x800004e4 x14=0x800004ed
      336079000	     16702	80005040	6105	c.addi16sp	x2,32	  x2:0x0a900020  x2=0x0a900040
      336099000	     16703	80005042	8d95	c.sub	x11,x13	 x11:0x00000013 x13:0x80025ce4 x11=0x7ffda32f
      336279000	     16712	80005044	03098363	beq	x19,x16,8000506a	 x19:0x00000000 x16:0x00000000
      337459000	     16771	8000506a	005d5193	srli	x3,x26,0x5	 x26:0xfffffaed  x3=0x07ffffd7
      337879000	     16792	8000506e	0385ff63	bgeu	x11,x24,800050ac	 x11:0x7ffda32f x24:0x7360903a
      338319000	     16814	800050ac	8db9	c.xor	x11,x14	 x11:0x7ffda32f x14:0x800004ed x11=0xfffda7c2
      338339000	     16815	800050ae	12fd	c.addi	x5,-1	  x5:0x00000000  x5=0xffffffff
      338459000	     16821	800050b0	01e71bb3	sll	x23,x14,x30	 x14:0x800004ed x30:0x00009ce4 x23=0x00004ed0
      338879000	     16842	800050b4	0001	c.addi	x0,0	  x0:0x00000000  x0=0x00000000
      339019000	     16849	800050b6	006bdd93	srli	x27,x23,0x6	 x23:0x00004ed0 x27=0x0000013b
      339039000	     16850	800050ba	00d83fb3	sltu	x31,x16,x13	 x16:0x00000000 x13:0x80025ce4 x31=0x00000001
      339059000	     16851	800050be	670d	c.lui	x14,0x3	 x14=0x00003000
      339179000	     16857	800050c0	00751563	bne	x10,x7,800050ca	 x10:0xee92cfff  x7:0x0000d000
      340279000	     16912	800050ca	02ccfa33	remu	x20,x25,x12	 x25:0xfffffdfb x12:0x80025ce4 x20=0x7ffda117
      340299000	     16913	800050ce	006f93b3	sll	x7,x31,x6	 x31:0x00000001  x6:0x9f00c000  x7=0x00000001
      340319000	     16914	800050d2	0145e0b3	or	x1,x11,x20	 x11:0xfffda7c2 x20:0x7ffda117  x1=0xfffda7d7
      340339000	     16915	800050d6	011ae033	or	x0,x21,x17	 x21:0x00000000 x17:0x00000900  x0=0x00000000
      340359000	     16916	800050da	d8268037	lui	x0,0xd8268	  x0=0x00000000
      340379000	     16917	800050de	00177463	bgeu	x14,x1,800050e6	 x14:0x00003000  x1:0xfffda7d7
      340399000	     16918	800050e2	00a50db3	add	x27,x10,x10	 x10:0xee92cfff x10:0xee92cfff x27=0xdd259ffe
      340419000	     16919	800050e6	0001	c.addi	x0,0	  x0:0x00000000  x0=0x00000000
      340439000	     16920	800050e8	f5478f93	addi	x31,x15,-172	 x15:0x0000d000 x31=0x0000cf54
      341179000	     16957	800050ec	0262d9b3	divu	x19,x5,x6	  x5:0xffffffff  x6:0x9f00c000 x19=0x00000001
      341199000	     16958	800050f0	01b09463	bne	x1,x27,800050f8	  x1:0xfffda7d7 x27:0xdd259ffe
      341239000	     16960	800050f8	0060e963	bltu	x1,x6,8000510a	  x1:0xfffda7d7  x6:0x9f00c000
      341259000	     16961	800050fc	c121	c.beqz	x10,8000513c	 x10:0xee92cfff
      341279000	     16962	800050fe	c09d	c.beqz	x9,80005124	  x9:0xffffffff
      341299000	     16963	80005100	c0b1	c.beqz	x9,80005144	  x9:0xffffffff
      342039000	     17000	80005102	0262f5b3	remu	x11,x5,x6	  x5:0xffffffff  x6:0x9f00c000 x11=0x60ff3fff
      342059000	     17001	80005106	0001	c.addi	x0,0	  x0:0x00000000  x0=0x00000000
      342079000	     17002	80005108	0001	c.addi	x0,0	  x0:0x00000000  x0=0x00000000
      342099000	     17003	8000510a	0169e463	bltu	x19,x22,80005112	 x19:0x00000001 x22:0x00000001
      342119000	     17004	8000510e	008a3333	sltu	x6,x20,x8	 x20:0x7ffda117  x8:0x80000000  x6=0x00000001
      342139000	     17005	80005112	14505a17	auipc	x20,0x14505	 x20=0x9450a112
      342159000	     17006	80005116	3eb5b493	sltiu	x9,x11,1003	 x11:0x60ff3fff  x9=0x00000000
      342559000	     17026	8000511a	023cad33	mulhsu	x26,x25,x3	 x25:0xfffffdfb  x3:0x07ffffd7 x26=0xffffffef
      342579000	     17027	8000511e	0001	c.addi	x0,0	  x0:0x00000000  x0=0x00000000
      343499000	     17073	80005120	038ff9b3	remu	x19,x31,x24	 x31:0x0000cf54 x24:0x7360903a x19=0x0000cf54
      343519000	     17074	80005124	d00a7397	auipc	x7,0xd00a7	  x7=0x500ac124
      343539000	     17075	80005128	011a61b3	or	x3,x20,x17	 x20:0x9450a112 x17:0x00000900  x3=0x9450a912
      343559000	     17076	8000512c	015e31b3	sltu	x3,x28,x21	 x28:0x80021e64 x21:0x00000000  x3=0x00000000
      343579000	     17077	80005130	431cfe97	auipc	x29,0x431cf	 x29=0xc31d4130
      343599000	     17078	80005134	87d9	c.srai	x15,0x16	 x15:0x0000d000 x15=0x00000000
      344039000	     17100	80005136	019075b3	and	x11,x0,x25	  x0:0x00000000 x25:0xfffffdfb x11=0x00000000
      344059000	     17101	8000513a	1d9c	c.addi4spn	x15,x2,752	 x15=0x0a900330
      344459000	     17121	8000513c	01ca9013	slli	x0,x21,0x1c	 x21:0x00000000  x0=0x00000000
      344479000	     17122	80005140	01cb80b3	add	x1,x23,x28	 x23:0x00004ed0 x28:0x80021e64  x1=0x80026d34
      345219000	     17159	80005144	02605cb3	divu	x25,x0,x6	  x0:0x00000000  x6:0x00000001 x25=0x00000000
      345259000	     17161	80005148	037dad33	mulhsu	x26,x27,x23	 x27:0xdd259ffe x23:0x00004ed0 x26=0xfffff545
      345279000	     17162	8000514c	d6a23313	sltiu	x6,x4,-662	  x4:0x00000000  x6=0x00000001
      345299000	     17163	80005150	005e45b3	xor	x11,x28,x5	 x28:0x80021e64  x5:0xffffffff x11=0x7ffde19b
      345319000	     17164	80005154	881a	c.mv	x16,x6	  x0:0x00000000  x6:0x00000001 x16=0x00000001
      345359000	     17166	80005156	03c931b3	mulhu	x3,x18,x28	 x18:0x00000000 x28:0x80021e64  x3=0x00000000
      345379000	     17167	8000515a	0fc6fb13	andi	x22,x13,252	 x13:0x80025ce4 x22=0x000000e4
      345399000	     17168	8000515e	955a	c.add	x10,x22	 x10:0xee92cfff x22:0x000000e4 x10=0xee92d0e3
      345439000	     17170	80005160	03df2eb3	mulhsu	x29,x30,x29	 x30:0x00009ce4 x29:0xc31d4130 x29=0x00007793
      345819000	     17189	80005164	855d4d13	xori	x26,x26,-1963	 x26:0xfffff545 x26=0x00000d10
      346239000	     17210	80005168	02c6	c.slli	x5,0x11	  x5:0xffffffff  x5=0xfffe0000
      346659000	     17231	8000516a	c1186793	ori	x15,x16,-1007	 x16:0x00000001 x15=0xfffffc11
      346759000	     17236	8000516e	01555013	srli	x0,x10,0x15	 x10:0xee92d0e3  x0=0x00000000
      346779000	     17237	80005172	0001	c.addi	x0,0	  x0:0x00000000  x0=0x00000000
      346799000	     17238	80005174	82570e97	auipc	x29,0x82570	 x29=0x02575174
      346819000	     17239	80005178	c689	c.beqz	x13,80005182	 x13:0x80025ce4
      347139000	     17255	8000517a	03602eb3	mulhsu	x29,x0,x22	  x0:0x00000000 x22:0x000000e4 x29=0x00000000
      347239000	     17260	8000517e	e73d7993	andi	x19,x26,-397	 x26:0x00000d10 x19=0x00000c10
      347259000	     17261	80005182	ae388493	addi	x9,x17,-1309	 x17:0x00000900  x9=0x000003e3
      348339000	     17315	80005186	02d958b3	divu	x17,x18,x13	 x18:0x00000000 x13:0x80025ce4 x17=0x00000000
      348359000	     17316	8000518a	8d55	c.or	x10,x13	 x10:0xee92d0e3 x13:0x80025ce4 x10=0xee92dce7
      348379000	     17317	8000518c	7b14f793	andi	x15,x9,1969	  x9:0x000003e3 x15=0x000003a1
      348399000	     17318	80005190	9f20c393	xori	x7,x1,-1550	  x1:0x80026d34  x7=0x7ffd94c6
      348419000	     17319	80005194	1a88	c.addi4spn	x10,x2,368	 x10=0x0a9001b0
      348439000	     17320	80005196	40e15cb3	sra	x25,x2,x14	  x2:0x0a900040 x14:0x00003000 x25=0x0a900040
      348479000	     17322	8000519a	036b12b3	mulh	x5,x22,x22	 x22:0x000000e4 x22:0x000000e4  x5=0x00000000
      348499000	     17323	8000519e	87c0f093	andi	x1,x1,-1924	  x1:0x80026d34  x1=0x80026834
      348839000	     17340	800051a2	04bfc517	auipc	x10,0x4bfc	 x10=0x84c011a2
      348859000	     17341	800051a6	41e688b3	sub	x17,x13,x30	 x13:0x80025ce4 x30:0x00009ce4 x17=0x8001c000
      349219000	     17359	800051aa	004881b3	add	x3,x17,x4	 x17:0x8001c000  x4:0x00000000  x3=0x8001c000
      349239000	     17360	800051ae	3c896f93	ori	x31,x18,968	 x18:0x00000000 x31=0x000003c8
      349259000	     17361	800051b2	00927a63	bgeu	x4,x9,800051c6	  x4:0x00000000  x9:0x000003e3
      349279000	     17362	800051b6	000c2a33	slt	x20,x24,x0	 x24:0x7360903a  x0:0x00000000 x20=0x00000000
      349439000	     17370	800051ba	015d52b3	srl	x5,x26,x21	 x26:0x00000d10 x21:0x00000000  x5=0x00000d10
      349779000	     17387	800051be	f5774d13	xori	x26,x14,-169	 x14:0x00003000 x26=0xffffcf57
      350919000	     17444	800051c2	036cd9b3	divu	x19,x25,x22	 x25:0x0a900040 x22:0x000000e4 x19=0x000bdc12
      350939000	     17445	800051c6	409487b3	sub	x15,x9,x9	  x9:0x000003e3  x9:0x000003e3 x15=0x00000000
      350959000	     17446	800051ca	01115f63	bge	x2,x17,800051e8	  x2:0x0a900040 x17:0x8001c000
      351039000	     17450	800051e8	00085933	srl	x18,x16,x0	 x16:0x00000001  x0:0x00000000 x18=0x00000001
      351059000	     17451	800051ec	931e	c.add	x6,x7	  x6:0x00000001  x7:0x7ffd94c6  x6=0x7ffd94c7
      351259000	     17461	800051ee	0000100f	fence.i	
      351899000	     17493	800051f2	8369	c.srli	x14,0x1a	 x14:0x00003000 x14=0x00000000
      351919000	     17494	800051f4	0046d093	srli	x1,x13,0x4	 x13:0x80025ce4  x1=0x080025ce
      351939000	     17495	800051f8	00539993	slli	x19,x7,0x5	  x7:0x7ffd94c6 x19=0xffb298c0
      352059000	     17501	800051fc	01d41933	sll	x18,x8,x29	  x8:0x80000000 x29:0x00000000 x18=0x80000000
      352319000	     17514	80005200	6ad5	c.lui	x21,0x15	 x21=0x00015000
      352339000	     17515	80005202	8fd19097	auipc	x1,0x8fd19	  x1=0x0fd1e202
      352359000	     17516	80005206	0000100f	fence.i	
      353339000	     17565	8000520a	56ca5897	auipc	x17,0x56ca5	 x17=0xd6caa20a
      353359000	     17566	8000520e	1c7d	c.addi	x24,-1	 x24:0x7360903a x24=0x73609039
      353499000	     17573	80005210	cf99	c.beqz	x15,8000522e	 x15:0x00000000
      354399000	     17618	8000522e	8cb9	c.xor	x9,x14	  x9:0x000003e3 x14:0x00000000  x9=0x000003e3
      354419000	     17619	80005230	00195eb3	srl	x29,x18,x1	 x18:0x80000000  x1:0x0fd1e202 x29=0x20000000
      354439000	     17620	80005234	0ff0000f	fence	iorw,iorw	
      354739000	     17635	80005238	007158b3	srl	x17,x2,x7	  x2:0x0a900040  x7:0x7ffd94c6 x17=0x002a4001
      355159000	     17656	8000523c	0002adb3	slt	x27,x5,x0	  x5:0x00000d10  x0:0x00000000 x27=0x00000000
      355219000	     17659	80005240	0c06	c.slli	x24,0x1	 x24:0x73609039 x24=0xe6c12072
      355959000	     17696	80005242	0236efb3	rem	x31,x13,x3	 x13:0x80025ce4  x3:0x8001c000 x31=0x80025ce4
      355979000	     17697	80005246	8fd9	c.or	x15,x14	 x15:0x00000000 x14:0x00000000 x15=0x00000000
      355999000	     17698	80005248	01381a33	sll	x20,x16,x19	 x16:0x00000001 x19:0xffb298c0 x20=0x00000001
      356019000	     17699	8000524c	0000100f	fence.i	
      367139000	     18255	80005250	40460933	sub	x18,x12,x4	 x12:0x80025ce4  x4:0x00000000 x18=0x80025ce4
      367179000	     18257	80005254	02e355b3	divu	x11,x6,x14	  x6:0x7ffd94c7 x14:0x00000000 x11=0xffffffff
      367199000	     18258	80005258	c109	c.beqz	x10,8000525a	 x10:0x84c011a2
      367219000	     18259	8000525a	01f8d1b3	srl	x3,x17,x31	 x17:0x002a4001 x31:0x80025ce4  x3=0x0002a400
      367619000	     18279	8000525e	03f44563	blt	x8,x31,80005288	  x8:0x80000000 x31:0x80025ce4
      367979000	     18297	80005288	00e05c93	srli	x25,x0,0xe	  x0:0x00000000 x25=0x00000000
      368059000	     18301	8000528c	86f1	c.srai	x13,0x1c	 x13:0x80025ce4 x13=0xfffffff8
      368259000	     18311	8000528e	00d39663	bne	x7,x13,8000529a	  x7:0x7ffd94c6 x13:0xfffffff8
      369039000	     18350	8000529a	0097dd13	srli	x26,x15,0x9	 x15:0x00000000 x26=0x00000000
      369419000	     18369	8000529e	03928d63	beq	x5,x25,800052d8	  x5:0x00000d10 x25:0x00000000
      370419000	     18419	800052a2	02bed233	divu	x4,x29,x11	 x29:0x20000000 x11:0xffffffff  x4=0x00000000
      370439000	     18420	800052a6	00437eb3	and	x29,x6,x4	  x6:0x7ffd94c7  x4:0x00000000 x29=0x00000000
      370459000	     18421	800052aa	7cc92a93	slti	x21,x18,1996	 x18:0x80025ce4 x21=0x00000001
      370479000	     18422	800052ae	fefa2c93	slti	x25,x20,-17	 x20:0x00000001 x25=0x00000000
      370499000	     18423	800052b2	cf05	c.beqz	x14,800052ea	 x14:0x00000000
      371139000	     18455	800052ea	0000100f	fence.i	
      371919000	     18494	800052ee	e389	c.bnez	x15,800052f0	 x15:0x00000000
      372019000	     18499	800052f0	02d7bbb3	mulhu	x23,x15,x13	 x15:0x00000000 x13:0xfffffff8 x23=0x00000000
      372199000	     18508	800052f4	00b1d5b3	srl	x11,x3,x11	  x3:0x0002a400 x11:0xffffffff x11=0x00000000
      372259000	     18511	800052f8	0234b8b3	mulhu	x17,x9,x3	  x9:0x000003e3  x3:0x0002a400 x17=0x00000000
      372279000	     18512	800052fc	02de0563	beq	x28,x13,80005326	 x28:0x80021e64 x13:0xfffffff8
      372579000	     18527	80005300	01041c13	slli	x24,x8,0x10	  x8:0x80000000 x24=0x00000000
      372599000	     18528	80005304	00d2d7b3	srl	x15,x5,x13	  x5:0x00000d10 x13:0xfffffff8 x15=0x00000000
      372779000	     18537	80005308	02067263	bgeu	x12,x0,8000532c	 x12:0x80025ce4  x0:0x00000000
      372899000	     18543	8000532c	03e15163	bge	x2,x30,8000534e	  x2:0x0a900040 x30:0x00009ce4
      373159000	     18556	8000534e	0024bcb3	sltu	x25,x9,x2	  x9:0x000003e3  x2:0x0a900040 x25=0x00000001
      373179000	     18557	80005352	083a	c.slli	x16,0xe	 x16:0x00000001 x16=0x00004000
      373319000	     18564	80005354	413d5d33	sra	x26,x26,x19	 x26:0x00000000 x19:0xffb298c0 x26=0x00000000
      373339000	     18565	80005358	017acdb3	xor	x27,x21,x23	 x21:0x00000001 x23:0x00000000 x27=0x00000001
      374479000	     18622	8000535c	03efccb3	div	x25,x31,x30	 x31:0x80025ce4 x30:0x00009ce4 x25=0xffff2f28
      374499000	     18623	80005360	00cb8033	add	x0,x23,x12	 x23:0x00000000 x12:0x80025ce4  x0=0x00000000
      374519000	     18624	80005364	0aea	c.slli	x21,0x1a	 x21:0x00000001 x21=0x04000000
      374539000	     18625	80005366	0001	c.addi	x0,0	  x0:0x00000000  x0=0x00000000
      374559000	     18626	80005368	85e1	c.srai	x11,0x18	 x11:0x00000000 x11=0x00000000
      375299000	     18663	8000536a	03567eb3	remu	x29,x12,x21	 x12:0x80025ce4 x21:0x04000000 x29=0x00025ce4
      375319000	     18664	8000536e	8f65	c.and	x14,x9	 x14:0x00000000  x9:0x000003e3 x14=0x00000000
      375339000	     18665	80005370	d860db17	auipc	x22,0xd860d	 x22=0x58612370
      375359000	     18666	80005374	40f08db3	sub	x27,x1,x15	  x1:0x0fd1e202 x15:0x00000000 x27=0x0fd1e202
      375379000	     18667	80005378	038107b3	mul	x15,x2,x24	  x2:0x0a900040 x24:0x00000000 x15=0x00000000
      375399000	     18668	8000537c	012c2533	slt	x10,x24,x18	 x24:0x00000000 x18:0x80025ce4 x10=0x00000000
      375419000	     18669	80005380	009c3d33	sltu	x26,x24,x9	 x24:0x00000000  x9:0x000003e3 x26=0x00000001
      375439000	     18670	80005384	95dffd13	andi	x26,x31,-1699	 x31:0x80025ce4 x26=0x80025844
      375499000	     18673	80005388	03beaf33	mulhsu	x30,x29,x27	 x29:0x00025ce4 x27:0x0fd1e202 x30=0x00002561
      375699000	     18683	8000538c	02209eb3	mulh	x29,x1,x2	  x1:0x0fd1e202  x2:0x0a900040 x29=0x00a718e7
      376119000	     18704	80005390	4e8d	c.li	x29,3	 x29=0x00000003
      376139000	     18705	80005392	876d	c.srai	x14,0x1b	 x14:0x00000000 x14=0x00000000
      376159000	     18706	80005394	83e1	c.srli	x15,0x18	 x15:0x00000000 x15=0x00000000
      376179000	     18707	80005396	c299	c.beqz	x13,8000539c	 x13:0xfffffff8
      376279000	     18712	80005398	409b3d13	sltiu	x26,x22,1033	 x22:0x58612370 x26=0x00000000
      376339000	     18715	8000539c	01829993	slli	x19,x5,0x18	  x5:0x00000d10 x19=0x10000000
      376359000	     18716	800053a0	8d71	c.and	x10,x12	 x10:0x00000000 x12:0x80025ce4 x10=0x00000000
      376399000	     18718	800053a2	037c44b3	div	x9,x24,x23	 x24:0x00000000 x23:0x00000000  x9=0xffffffff
      376419000	     18719	800053a6	14fd	c.addi	x9,-1	  x9:0xffffffff  x9=0xfffffffe
      376439000	     18720	800053a8	88ed	c.andi	x9,27	  x9:0xfffffffe  x9=0x0000001a
      376459000	     18721	800053aa	cf9d	c.beqz	x15,800053e8	 x15:0x00000000
      376999000	     18748	800053e8	01685eb3	srl	x29,x16,x22	 x16:0x00004000 x22:0x58612370 x29=0x00000000
      377019000	     18749	800053ec	00c846b3	xor	x13,x16,x12	 x16:0x00004000 x12:0x80025ce4 x13=0x80021ce4
      377039000	     18750	800053f0	01417d33	and	x26,x2,x20	  x2:0x0a900040 x20:0x00000001 x26=0x00000000
      377059000	     18751	800053f4	00b58563	beq	x11,x11,800053fe	 x11:0x00000000 x11:0x00000000
      377479000	     18772	800053fe	03168563	beq	x13,x17,80005428	 x13:0x80021ce4 x17:0x00000000
      377499000	     18773	80005402	af2affb7	lui	x31,0xaf2af	 x31=0xaf2af000
      377519000	     18774	80005406	4025d513	srai	x10,x11,0x2	 x11:0x00000000 x10=0x00000000
      378259000	     18811	8000540a	02cf70b3	remu	x1,x30,x12	 x30:0x00002561 x12:0x80025ce4  x1=0x00002561
      378279000	     18812	8000540e	03e8de63	bge	x17,x30,8000544a	 x17:0x00000000 x30:0x00002561
      378299000	     18813	80005412	6129	c.addi16sp	x2,192	  x2:0x0a900040  x2=0x0a900100
      378319000	     18814	80005414	6ae5	c.lui	x21,0x19	 x21=0x00019000
      378339000	     18815	80005416	0dfe	c.slli	x27,0x1f	 x27:0x0fd1e202 x27=0x00000000
      378359000	     18816	80005418	6121	c.addi16sp	x2,64	  x2:0x0a900100  x2=0x0a900140
      378379000	     18817	8000541a	ce0a0513	addi	x10,x20,-800	 x20:0x00000001 x10=0xfffffce1
      379119000	     18854	8000541e	02887d33	remu	x26,x16,x8	 x16:0x00004000  x8:0x80000000 x26=0x00004000
      379859000	     18891	80005422	025a4f33	div	x30,x20,x5	 x20:0x00000001  x5:0x00000d10 x30=0x00000000
      379879000	     18892	80005426	99da	c.add	x19,x22	 x19:0x10000000 x22:0x58612370 x19=0x68612370
      379899000	     18893	80005428	85ad	c.srai	x11,0xb	 x11:0x00000000 x11=0x00000000
      379939000	     18895	8000542a	0218adb3	mulhsu	x27,x17,x1	 x17:0x00000000  x1:0x00002561 x27=0x00000000
      379959000	     18896	8000542e	8222	c.mv	x4,x8	  x0:0x00000000  x8:0x80000000  x4=0x80000000
      379979000	     18897	80005430	0064afb3	slt	x31,x9,x6	  x9:0x0000001a  x6:0x7ffd94c7 x31=0x00000001
      379999000	     18898	80005434	0f9c	c.addi4spn	x15,x2,976	 x15=0x0a900510
      380019000	     18899	80005436	c319	c.beqz	x14,8000543c	 x14:0x00000000
      380059000	     18901	8000543c	00f13933	sltu	x18,x2,x15	  x2:0x0a900140 x15:0x0a900510 x18=0x00000001
      380479000	     18922	80005440	0001	c.addi	x0,0	  x0:0x00000000  x0=0x00000000
      380659000	     18931	80005442	da6f8bb7	lui	x23,0xda6f8	 x23=0xda6f8000
      380679000	     18932	80005446	41db86b3	sub	x13,x23,x29	 x23:0xda6f8000 x29:0x00000000 x13=0xda6f8000
      380699000	     18933	8000544a	00f14263	blt	x2,x15,8000544e	  x2:0x0a900140 x15:0x0a900510
      381939000	     18995	8000544e	02d46ab3	rem	x21,x8,x13	  x8:0x80000000 x13:0xda6f8000 x21=0xf0b18000
      381959000	     18996	80005452	0106eeb3	or	x29,x13,x16	 x13:0xda6f8000 x16:0x00004000 x29=0xda6fc000
      381979000	     18997	80005456	016ea833	slt	x16,x29,x22	 x29:0xda6fc000 x22:0x58612370 x16=0x00000001
      381999000	     18998	8000545a	98fd	c.andi	x9,-1	  x9:0x0000001a  x9=0x0000001a
      382019000	     18999	8000545c	6155	c.addi16sp	x2,304	  x2:0x0a900140  x2=0x0a900270
      382039000	     19000	8000545e	01528f33	add	x30,x5,x21	  x5:0x00000d10 x21:0xf0b18000 x30=0xf0b18d10
      382059000	     19001	80005462	e09c0093	addi	x1,x24,-503	 x24:0x00000000  x1=0xfffffe09
      382079000	     19002	80005466	6fb1	c.lui	x31,0xc	 x31=0x0000c000
      382099000	     19003	80005468	0003e2b3	or	x5,x7,x0	  x7:0x7ffd94c6  x0:0x00000000  x5=0x7ffd94c6
      382259000	     19011	8000546c	0de2ef13	ori	x30,x5,222	  x5:0x7ffd94c6 x30=0x7ffd94de
      382679000	     19032	80005470	0eb9	c.addi	x29,14	 x29:0xda6fc000 x29=0xda6fc00e
      382699000	     19033	80005472	80b9	c.srli	x9,0xe	  x9:0x0000001a  x9=0x00000000
      382959000	     19046	80005474	88b9	c.andi	x9,14	  x9:0x00000000  x9=0x00000000
      382979000	     19047	80005476	8cad	c.xor	x9,x11	  x9:0x00000000 x11:0x00000000  x9=0x00000000
      383719000	     19084	80005478	02d042b3	div	x5,x0,x13	  x0:0x00000000 x13:0xda6f8000  x5=0x00000000
      383739000	     19085	8000547c	e2a1	c.bnez	x13,800054bc	 x13:0xda6f8000
      383819000	     19089	800054bc	04c11f97	auipc	x31,0x4c11	 x31=0x84c164bc
      384139000	     19105	800054c0	177ffc13	andi	x24,x31,375	 x31:0x84c164bc x24=0x00000034
      384239000	     19110	800054c4	03de16b3	mulh	x13,x28,x29	 x28:0x80021e64 x29:0xda6fc00e x13=0x12c7d062
      384259000	     19111	800054c8	00515463	bge	x2,x5,800054d0	  x2:0x0a900270  x5:0x00000000
      384659000	     19131	800054d0	9b1e	c.add	x22,x7	 x22:0x58612370  x7:0x7ffd94c6 x22=0xd85eb836
      384679000	     19132	800054d2	4ed1	c.li	x29,20	 x29=0x00000014
      384839000	     19140	800054d4	41b65db3	sra	x27,x12,x27	 x12:0x80025ce4 x27:0x00000000 x27=0x80025ce4
      384859000	     19141	800054d8	1ef4a8b7	lui	x17,0x1ef4a	 x17=0x1ef4a000
      384899000	     19143	800054dc	03309ab3	mulh	x21,x1,x19	  x1:0xfffffe09 x19:0x68612370 x21=0xffffff32
      385299000	     19163	800054e0	8f79	c.and	x14,x14	 x14:0x00000000 x14:0x00000000 x14=0x00000000
      385319000	     19164	800054e2	9b7d	c.andi	x14,-1	 x14:0x00000000 x14=0x00000000
      386199000	     19208	800054e4	03ee44b3	div	x9,x28,x30	 x28:0x80021e64 x30:0x7ffd94de  x9=0xffffffff
      386219000	     19209	800054e8	c581	c.beqz	x11,800054f0	 x11:0x00000000
      386259000	     19211	800054f0	8f65	c.and	x14,x9	 x14:0x00000000  x9:0xffffffff x14=0x00000000
      386999000	     19248	800054f2	03f666b3	rem	x13,x12,x31	 x12:0x80025ce4 x31:0x84c164bc x13=0xfb40f828
      387019000	     19249	800054f6	8312	c.mv	x6,x4	  x0:0x00000000  x4:0x80000000  x6=0x80000000
      387039000	     19250	800054f8	1f84	c.addi4spn	x9,x2,1008	  x9=0x0a900660
      387059000	     19251	800054fa	01dd	c.addi	x3,23	  x3:0x0002a400  x3=0x0002a417
      387079000	     19252	800054fc	e31d	c.bnez	x14,80005522	 x14:0x00000000
      387099000	     19253	800054fe	e095	c.bnez	x9,80005522	  x9:0x0a900660
      387279000	     19262	80005522	0d98	c.addi4spn	x14,x2,720	 x14=0x0a900540
      387439000	     19270	80005524	0259e1b3	rem	x3,x19,x5	 x19:0x68612370  x5:0x00000000  x3=0x68612370
      387459000	     19271	80005528	007d9b63	bne	x27,x7,8000553e	 x27:0x80025ce4  x7:0x7ffd94c6
      387759000	     19286	8000553e	0ff0000f	fence	iorw,iorw	
      387779000	     19287	80005542	0148e563	bltu	x17,x20,8000554c	 x17:0x1ef4a000 x20:0x00000001
      388519000	     19324	80005546	03fac933	div	x18,x21,x31	 x21:0xffffff32 x31:0x84c164bc x18=0x00000000
      403799000	     20088	8000554a	8f85	c.sub	x15,x9	 x15:0x0a900510  x9:0x0a900660 x15=0xfffffeb0
      403819000	     20089	8000554c	00958363	beq	x11,x9,80005552	 x11:0x00000000  x9:0x0a900660
      403839000	     20090	80005550	0001	c.addi	x0,0	  x0:0x00000000  x0=0x00000000
      403859000	     20091	80005552	00a51913	slli	x18,x10,0xa	 x10:0xfffffce1 x18=0xfff38400
      403879000	     20092	80005556	00aa1933	sll	x18,x20,x10	 x20:0x00000001 x10:0xfffffce1 x18=0x00000002
      403899000	     20093	8000555a	527d	c.li	x4,-1	  x4=0xffffffff
      403919000	     20094	8000555c	00fbf6b3	and	x13,x23,x15	 x23:0xda6f8000 x15:0xfffffeb0 x13=0xda6f8000
      403939000	     20095	80005560	6fbeb893	sltiu	x17,x29,1787	 x29:0x00000014 x17=0x00000001
      403959000	     20096	80005564	86b5	c.srai	x13,0xd	 x13:0xda6f8000 x13=0xfffed37c
      403979000	     20097	80005566	e289	c.bnez	x13,80005568	 x13:0xfffed37c
      405359000	     20166	80005568	03e2b4b3	mulhu	x9,x5,x30	  x5:0x00000000 x30:0x7ffd94de  x9=0x00000000
      405499000	     20173	8000556c	537d	c.li	x6,-1	  x6=0xffffffff
      405519000	     20174	8000556e	eea9	c.bnez	x13,800055c8	 x13:0xfffed37c
      406559000	     20226	800055c8	02ee50b3	divu	x1,x28,x14	 x28:0x80021e64 x14:0x0a900540  x1=0x0000000c
      406579000	     20227	800055cc	211ca997	auipc	x19,0x211ca	 x19=0xa11cf5cc
      406599000	     20228	800055d0	31170d93	addi	x27,x14,785	 x14:0x0a900540 x27=0x0a900851
      406619000	     20229	800055d4	8c584b13	xori	x22,x16,-1851	 x16:0x00000001 x22=0xfffff8c4
      406639000	     20230	800055d8	0193c5b3	xor	x11,x7,x25	  x7:0x7ffd94c6 x25:0xffff2f28 x11=0x8002bbee
      406659000	     20231	800055dc	0084edb3	or	x27,x9,x8	  x9:0x00000000  x8:0x80000000 x27=0x80000000
      406699000	     20233	800055e0	85bd	c.srai	x11,0xf	 x11:0x8002bbee x11=0xffff0005
      406719000	     20234	800055e2	9afd	c.andi	x13,-1	 x13:0xfffed37c x13=0xfffed37c
      406739000	     20235	800055e4	021e8cb3	mul	x25,x29,x1	 x29:0x00000014  x1:0x0000000c x25=0x000000f0
      406879000	     20242	800055e8	03dabfb3	mulhu	x31,x21,x29	 x21:0xffffff32 x29:0x00000014 x31=0x00000013
      406979000	     20247	800055ec	0c92	c.slli	x25,0x4	 x25:0x000000f0 x25=0x00000f00
      407299000	     20263	800055ee	01ff2733	slt	x14,x30,x31	 x30:0x7ffd94de x31:0x00000013 x14=0x00000000
      407319000	     20264	800055f2	0ded	c.addi	x27,27	 x27:0x80000000 x27=0x8000001b
      407399000	     20268	800055f4	004ef833	and	x16,x29,x4	 x29:0x00000014  x4:0xffffffff x16=0x00000014
      407419000	     20269	800055f8	02520263	beq	x4,x5,8000561c	  x4:0xffffffff  x5:0x00000000
      407439000	     20270	800055fc	8519	c.srai	x10,0x6	 x10:0xfffffce1 x10=0xfffffff3
      407459000	     20271	800055fe	8291	c.srli	x13,0x4	 x13:0xfffed37c x13=0x0fffed37
      407579000	     20277	80005600	021b1733	mulh	x14,x22,x1	 x22:0xfffff8c4  x1:0x0000000c x14=0xffffffff
      407979000	     20297	80005604	8f11	c.sub	x14,x12	 x14:0xffffffff x12:0x80025ce4 x14=0x7ffda31b
      407999000	     20298	80005606	026e	c.slli	x4,0x1b	  x4:0xffffffff  x4=0xf8000000
      408339000	     20315	80005608	024fc663	blt	x31,x4,80005634	 x31:0x00000013  x4:0xf8000000
      408759000	     20336	8000560c	035902b3	mul	x5,x18,x21	 x18:0x00000002 x21:0xffffff32  x5=0xfffffe64
      408779000	     20337	80005610	4a163b93	sltiu	x23,x12,1185	 x12:0x80025ce4 x23=0x00000000
      408819000	     20339	80005614	037a9fb3	mulh	x31,x21,x23	 x21:0xffffff32 x23:0x00000000 x31=0x00000000
      409219000	     20359	80005618	00edf3b3	and	x7,x27,x14	 x27:0x8000001b x14:0x7ffda31b  x7=0x0000001b
      409319000	     20364	8000561c	40ef81b3	sub	x3,x31,x14	 x31:0x00000000 x14:0x7ffda31b  x3=0x80025ce5
      409339000	     20365	80005620	02640c33	mul	x24,x8,x6	  x8:0x80000000  x6:0xffffffff x24=0x80000000
      410479000	     20422	80005624	0263c0b3	div	x1,x7,x6	  x7:0x0000001b  x6:0xffffffff  x1=0xffffffe5
      410499000	     20423	80005628	0060cf33	xor	x30,x1,x6	  x1:0xffffffe5  x6:0xffffffff x30=0x0000001a
      410519000	     20424	8000562c	00c80b33	add	x22,x16,x12	 x16:0x00000014 x12:0x80025ce4 x22=0x80025cf8
      410539000	     20425	80005630	f74f3e93	sltiu	x29,x30,-140	 x30:0x0000001a x29=0x00000001
      410559000	     20426	80005634	0001	c.addi	x0,0	  x0:0x00000000  x0=0x00000000
      411299000	     20463	80005636	031c5cb3	divu	x25,x24,x17	 x24:0x80000000 x17:0x00000001 x25=0x80000000
      411319000	     20464	8000563a	01d16e63	bltu	x2,x29,80005656	  x2:0x0a900270 x29:0x00000001
      411339000	     20465	8000563e	02490163	beq	x18,x4,80005660	 x18:0x00000002  x4:0xf8000000
      411359000	     20466	80005642	0001	c.addi	x0,0	  x0:0x00000000  x0=0x00000000
      412099000	     20503	80005644	03ef7fb3	remu	x31,x30,x30	 x30:0x0000001a x30:0x0000001a x31=0x00000000
      412119000	     20504	80005648	717d	c.addi16sp	x2,-16	  x2:0x0a900270  x2=0x0a900260
      412139000	     20505	8000564a	653d	c.lui	x10,0xf	 x10=0x0000f000
      412159000	     20506	8000564c	0048fc63	bgeu	x17,x4,80005664	 x17:0x00000001  x4:0xf8000000
      412179000	     20507	80005650	00f76133	or	x2,x14,x15	 x14:0x7ffda31b x15:0xfffffeb0  x2=0xffffffbb
      412199000	     20508	80005654	8d25	c.xor	x10,x9	 x10:0x0000f000  x9:0x00000000 x10=0x0000f000
      412219000	     20509	80005656	01909eb3	sll	x29,x1,x25	  x1:0xffffffe5 x25:0x80000000 x29=0xffffffe5
      412239000	     20510	8000565a	86c6	c.mv	x13,x17	  x0:0x00000000 x17:0x00000001 x13=0x00000001
      412259000	     20511	8000565c	04af7163	bgeu	x30,x10,8000569e	 x30:0x0000001a x10:0x0000f000
      412379000	     20517	80005660	410b0db3	sub	x27,x22,x16	 x22:0x80025cf8 x16:0x00000014 x27=0x80025ce4
      412419000	     20519	80005664	02026c33	rem	x24,x4,x0	  x4:0xf8000000  x0:0x00000000 x24=0xf8000000
      413159000	     20556	80005668	03c25fb3	divu	x31,x4,x28	  x4:0xf8000000 x28:0x80021e64 x31=0x00000001
      413179000	     20557	8000566c	01b19463	bne	x3,x27,80005674	  x3:0x80025ce5 x27:0x80025ce4
      413399000	     20568	80005674	0224c163	blt	x9,x2,80005696	  x9:0x00000000  x2:0xffffffbb
      413599000	     20578	80005678	8fa9	c.xor	x15,x10	 x15:0xfffffeb0 x10:0x0000f000 x15=0xffff0eb0
      414339000	     20615	8000567a	02a57c33	remu	x24,x10,x10	 x10:0x0000f000 x10:0x0000f000 x24=0x00000000
      414359000	     20616	8000567e	8eb9	c.xor	x13,x14	 x13:0x00000001 x14:0x7ffda31b x13=0x7ffda31a
      414379000	     20617	80005680	031ad463	bge	x21,x17,800056a8	 x21:0xffffff32 x17:0x00000001
      414399000	     20618	80005684	8f9a	c.mv	x31,x6	  x0:0x00000000  x6:0xffffffff x31=0xffffffff
      414439000	     20620	80005686	02eba9b3	mulhsu	x19,x23,x14	 x23:0x00000000 x14:0x7ffda31b x19=0x00000000
      414459000	     20621	8000568a	1e9c	c.addi4spn	x15,x2,880	 x15=0x0000032b
      414479000	     20622	8000568c	8cde	c.mv	x25,x23	  x0:0x00000000 x23:0x00000000 x25=0x00000000
      414499000	     20623	8000568e	40e85f93	srai	x31,x16,0xe	 x16:0x00000014 x31=0x00000000
      414519000	     20624	80005692	8ead	c.xor	x13,x11	 x13:0x7ffda31a x11:0xffff0005 x13=0x8002a31f
      414539000	     20625	80005694	8b06	c.mv	x22,x1	  x0:0x00000000  x1:0xffffffe5 x22=0xffffffe5
      414719000	     20634	80005696	6b208f17	auipc	x30,0x6b208	 x30=0xeb20d696
      415459000	     20671	8000569a	021b66b3	rem	x13,x22,x1	 x22:0xffffffe5  x1:0xffffffe5 x13=0x00000000
      415479000	     20672	8000569e	404f8bb3	sub	x23,x31,x4	 x31:0x00000000  x4:0xf8000000 x23=0x08000000
      415499000	     20673	800056a2	82a5	c.srli	x13,0x9	 x13:0x00000000 x13=0x00000000
      415539000	     20675	800056a4	03fd99b3	mulh	x19,x27,x31	 x27:0x80025ce4 x31:0x00000000 x19=0x00000000
      415559000	     20676	800056a8	8512	c.mv	x10,x4	  x0:0x00000000  x4:0xf8000000 x10=0xf8000000
      415579000	     20677	800056aa	017c9e63	bne	x25,x23,800056c6	 x25:0x00000000 x23:0x08000000
      416219000	     20709	800056c6	0000100f	fence.i	
      416639000	     20730	800056ca	4759	c.li	x14,22	 x14=0x00000016
      417059000	     20751	800056cc	c2602c93	slti	x25,x0,-986	  x0:0x00000000 x25=0x00000000
      417499000	     20773	800056d0	038623b3	mulhsu	x7,x12,x24	 x12:0x80025ce4 x24:0x00000000  x7=0x00000000
      417519000	     20774	800056d4	b3a6f297	auipc	x5,0xb3a6f	  x5=0x33a746d4
      418259000	     20811	800056d8	02bc5ab3	divu	x21,x24,x11	 x24:0x00000000 x11:0xffff0005 x21=0x00000000
      418279000	     20812	800056dc	9bde	c.add	x23,x23	 x23:0x08000000 x23:0x08000000 x23=0x10000000
      418299000	     20813	800056de	0076c1b3	xor	x3,x13,x7	 x13:0x00000000  x7:0x00000000  x3=0x00000000
      418319000	     20814	800056e2	03e78fb3	mul	x31,x15,x30	 x15:0x0000032b x30:0xeb20d696 x31=0xe107cd32
      418339000	     20815	800056e6	00588463	beq	x17,x5,800056ee	 x17:0x00000001  x5:0x33a746d4
      419079000	     20852	800056ea	02ba7d33	remu	x26,x20,x11	 x20:0x00000001 x11:0xffff0005 x26=0x00000001
      419099000	     20853	800056ee	3394cb97	auipc	x23,0x3394c	 x23=0xb39516ee
      419119000	     20854	800056f2	0078df33	srl	x30,x17,x7	 x17:0x00000001  x7:0x00000000 x30=0x00000001
      419139000	     20855	800056f6	05de0063	beq	x28,x29,80005736	 x28:0x80021e64 x29:0xffffffe5
      419179000	     20857	800056fa	0275b133	mulhu	x2,x11,x7	 x11:0xffff0005  x7:0x00000000  x2=0x00000000
      419299000	     20863	800056fe	41255f33	sra	x30,x10,x18	 x10:0xf8000000 x18:0x00000002 x30=0xfe000000
      419319000	     20864	80005702	8fdd	c.or	x15,x15	 x15:0x0000032b x15:0x0000032b x15=0x0000032b
      419339000	     20865	80005704	39b55897	auipc	x17,0x39b55	 x17=0xb9b5a704
      419599000	     20878	80005708	0224f7b3	remu	x15,x9,x2	  x9:0x00000000  x2:0x00000000 x15=0x00000000
      420339000	     20915	8000570c	03e2dc33	divu	x24,x5,x30	  x5:0x33a746d4 x30:0xfe000000 x24=0x00000000
      420359000	     20916	80005710	8d6d	c.and	x10,x11	 x10:0xf8000000 x11:0xffff0005 x10=0xf8000000
      420379000	     20917	80005712	8df1	c.and	x11,x12	 x11:0xffff0005 x12:0x80025ce4 x11=0x80020004
      420399000	     20918	80005714	8d01	c.sub	x10,x8	 x10:0xf8000000  x8:0x80000000 x10=0x78000000
      420419000	     20919	80005716	0708	c.addi4spn	x10,x2,896	 x10=0x00000380
      420439000	     20920	80005718	969e	c.add	x13,x7	 x13:0x00000000  x7:0x00000000 x13=0x00000000
      420459000	     20921	8000571a	02528db3	mul	x27,x5,x5	  x5:0x33a746d4  x5:0x33a746d4 x27=0xf4309f90
      420479000	     20922	8000571e	e2b40317	auipc	x6,0xe2b40	  x6=0x62b4571e
      420499000	     20923	80005722	8c9ffa93	andi	x21,x31,-1847	 x31:0xe107cd32 x21=0xe107c800
      420799000	     20938	80005726	2f0c6c13	ori	x24,x24,752	 x24:0x00000000 x24=0x000002f0
      420979000	     20947	8000572a	2f9be013	ori	x0,x23,761	 x23:0xb39516ee  x0=0x00000000
      420999000	     20948	8000572e	6169	c.addi16sp	x2,208	  x2:0x00000000  x2=0x000000d0
      421339000	     20965	80005730	cc81	c.beqz	x9,80005748	  x9:0x00000000
      421959000	     20996	80005748	8ee1	c.and	x13,x8	 x13:0x00000000  x8:0x80000000 x13=0x00000000
      421979000	     20997	8000574a	8f65	c.and	x14,x9	 x14:0x00000016  x9:0x00000000 x14=0x00000000
      421999000	     20998	8000574c	03b41663	bne	x8,x27,80005778	  x8:0x80000000 x27:0xf4309f90
      422279000	     21012	80005778	40275193	srai	x3,x14,0x2	 x14:0x00000000  x3=0x00000000
      422419000	     21019	8000577c	0080d493	srli	x9,x1,0x8	  x1:0xffffffe5  x9=0x00ffffff
      422839000	     21040	80005780	0039fc63	bgeu	x19,x3,80005798	 x19:0x00000000  x3:0x00000000
      424019000	     21099	80005798	016e87b3	add	x15,x29,x22	 x29:0xffffffe5 x22:0xffffffe5 x15=0xffffffca
      424039000	     21100	8000579c	0001	c.addi	x0,0	  x0:0x00000000  x0=0x00000000
      424779000	     21137	8000579e	0314c533	div	x10,x9,x17	  x9:0x00ffffff x17:0xb9b5a704 x10=0x00000000
      424799000	     21138	800057a2	82e1	c.srli	x13,0x18	 x13:0x00000000 x13=0x00000000
      424819000	     21139	800057a4	223ee013	ori	x0,x29,547	 x29:0xffffffe5  x0=0x00000000
      425559000	     21176	800057a8	03ba67b3	rem	x15,x20,x27	 x20:0x00000001 x27:0xf4309f90 x15=0x00000001
      425579000	     21177	800057ac	01bbc563	blt	x23,x27,800057b6	 x23:0xb39516ee x27:0xf4309f90
      425639000	     21180	800057b6	ab277d13	andi	x26,x14,-1358	 x14:0x00000000 x26=0x00000000
      425659000	     21181	800057ba	028c	c.addi4spn	x11,x2,320	 x11=0x00000210
      425679000	     21182	800057bc	0024fdb3	and	x27,x9,x2	  x9:0x00ffffff  x2:0x000000d0 x27=0x000000d0
      426479000	     21222	800057c0	03f50c63	beq	x10,x31,800057f8	 x10:0x00000000 x31:0xe107cd32
      426899000	     21243	800057c4	8f1d	c.sub	x14,x15	 x14:0x00000000 x15:0x00000001 x14=0xffffffff
      427079000	     21252	800057c6	41ec5a33	sra	x20,x24,x30	 x24:0x000002f0 x30:0xfe000000 x20=0x000002f0
      427119000	     21254	800057ca	02c0a233	mulhsu	x4,x1,x12	  x1:0xffffffe5 x12:0x80025ce4  x4=0xfffffff2
      427139000	     21255	800057ce	40cbd013	srai	x0,x23,0xc	 x23:0xb39516ee  x0=0x00000000
      427219000	     21259	800057d2	005d38b3	sltu	x17,x26,x5	 x26:0x00000000  x5:0x33a746d4 x17=0x00000001
      427379000	     21267	800057d6	00548333	add	x6,x9,x5	  x9:0x00ffffff  x5:0x33a746d4  x6=0x34a746d3
      427399000	     21268	800057da	0224d763	bge	x9,x2,80005808	  x9:0x00ffffff  x2:0x000000d0
      427799000	     21288	80005808	01a0b933	sltu	x18,x1,x26	  x1:0xffffffe5 x26:0x00000000 x18=0x00000000
      427919000	     21294	8000580c	9176	c.add	x2,x29	  x2:0x000000d0 x29:0xffffffe5  x2=0x000000b5
      427939000	     21295	8000580e	8f59	c.or	x14,x14	 x14:0xffffffff x14:0xffffffff x14=0xffffffff
      428139000	     21305	80005810	02a95eb3	divu	x29,x18,x10	 x18:0x00000000 x10:0x00000000 x29=0xffffffff
      428179000	     21307	80005814	02f5a0b3	mulhsu	x1,x11,x15	 x11:0x00000210 x15:0x00000001  x1=0x00000000
      428199000	     21308	80005818	00a81c33	sll	x24,x16,x10	 x16:0x00000014 x10:0x00000000 x24=0x00000014
      428419000	     21319	8000581c	8d91	c.sub	x11,x12	 x11:0x00000210 x12:0x80025ce4 x11=0x7ffda52c
      428439000	     21320	8000581e	54fd	c.li	x9,-1	  x9=0xffffffff
      428459000	     21321	80005820	7734e493	ori	x9,x9,1907	  x9:0xffffffff  x9=0xffffffff
      428479000	     21322	80005824	81bd	c.srli	x11,0xf	 x11:0x7ffda52c x11=0x0000fffb
      428759000	     21336	80005826	0000100f	fence.i	
      429719000	     21384	8000582a	972a	c.add	x14,x10	 x14:0xffffffff x10:0x00000000 x14=0xffffffff
      429819000	     21389	8000582c	717d	c.addi16sp	x2,-16	  x2:0x000000b5  x2=0x000000a5
      429839000	     21390	8000582e	004c8b33	add	x22,x25,x4	 x25:0x00000000  x4:0xfffffff2 x22=0xfffffff2
      429859000	     21391	80005832	03d7e263	bltu	x15,x29,80005856	 x15:0x00000001 x29:0xffffffff
      430559000	     21426	80005856	0153b133	sltu	x2,x7,x21	  x7:0x00000000 x21:0xe107c800  x2=0x00000001
      430679000	     21432	8000585a	0000100f	fence.i	
      431159000	     21456	8000585e	89e1	c.andi	x11,24	 x11:0x0000fffb x11=0x00000018
      432299000	     21513	80005860	025a5bb3	divu	x23,x20,x5	 x20:0x000002f0  x5:0x33a746d4 x23=0x00000000
      432319000	     21514	80005864	0001	c.addi	x0,0	  x0:0x00000000  x0=0x00000000
      432339000	     21515	80005866	010efdb3	and	x27,x29,x16	 x29:0xffffffff x16:0x00000014 x27=0x00000014
      432359000	     21516	8000586a	02ac8233	mul	x4,x25,x10	 x25:0x00000000 x10:0x00000000  x4=0x00000000
      432379000	     21517	8000586e	415d54b3	sra	x9,x26,x21	 x26:0x00000000 x21:0xe107c800  x9=0x00000000
      432399000	     21518	80005872	0ff0000f	fence	iorw,iorw	
      432439000	     21520	80005876	740bc917	auipc	x18,0x740bc	 x18=0xf40c1876
      432459000	     21521	8000587a	00747f63	bgeu	x8,x7,80005898	  x8:0x80000000  x7:0x00000000
      432499000	     21523	80005898	90ee	c.add	x1,x27	  x1:0x00000000 x27:0x00000014  x1=0x00000014
      432519000	     21524	8000589a	1d84	c.addi4spn	x9,x2,752	  x9=0x000002f1
      432859000	     21541	8000589c	00dd1993	slli	x19,x26,0xd	 x26:0x00000000 x19=0x00000000
      432879000	     21542	800058a0	0001	c.addi	x0,0	  x0:0x00000000  x0=0x00000000
      432899000	     21543	800058a2	d4de0113	addi	x2,x28,-691	 x28:0x80021e64  x2=0x80021bb1
      432919000	     21544	800058a6	0001	c.addi	x0,0	  x0:0x00000000  x0=0x00000000
      432939000	     21545	800058a8	0001	c.addi	x0,0	  x0:0x00000000  x0=0x00000000
      432959000	     21546	800058aa	0f79	c.addi	x30,30	 x30:0xfe000000 x30=0xfe00001e
      432979000	     21547	800058ac	02db8ab3	mul	x21,x23,x13	 x23:0x00000000 x13:0x00000000 x21=0x00000000
      432999000	     21548	800058b0	2bcca213	slti	x4,x25,700	 x25:0x00000000  x4=0x00000001
      433019000	     21549	800058b4	01949333	sll	x6,x9,x25	  x9:0x000002f1 x25:0x00000000  x6=0x000002f1
      433079000	     21552	800058b8	412fdf13	srai	x30,x31,0x12	 x31:0xe107cd32 x30=0xfffff841
      433119000	     21554	800058bc	02673bb3	mulhu	x23,x14,x6	 x14:0xffffffff  x6:0x000002f1 x23=0x000002f0
      433139000	     21555	800058c0	0113f263	bgeu	x7,x17,800058c4	  x7:0x00000000 x17:0x00000001
      433179000	     21557	800058c4	02d155b3	divu	x11,x2,x13	  x2:0x80021bb1 x13:0x00000000 x11=0xffffffff
      433239000	     21560	800058c8	03c6	c.slli	x7,0x11	  x7:0x00000000  x7=0x00000000
      433259000	     21561	800058ca	00515e93	srli	x29,x2,0x5	  x2:0x80021bb1 x29=0x040010dd
      433279000	     21562	800058ce	8cf5	c.and	x9,x13	  x9:0x000002f1 x13:0x00000000  x9=0x00000000
      433359000	     21566	800058d0	a8f23f13	sltiu	x30,x4,-1393	  x4:0x00000001 x30=0x00000001
      433379000	     21567	800058d4	40de8133	sub	x2,x29,x13	 x29:0x040010dd x13:0x00000000  x2=0x040010dd
      433399000	     21568	800058d8	0ff0000f	fence	iorw,iorw	
      433779000	     21587	800058dc	d959fa93	andi	x21,x19,-619	 x19:0x00000000 x21=0x00000000
      433839000	     21590	800058e0	fa6be913	ori	x18,x23,-90	 x23:0x000002f0 x18=0xfffffff6
      433859000	     21591	800058e4	41f9d4b3	sra	x9,x19,x31	 x19:0x00000000 x31:0xe107cd32  x9=0x00000000
      433899000	     21593	800058e8	029b4bb3	div	x23,x22,x9	 x22:0xfffffff2  x9:0x00000000 x23=0xffffffff
      434719000	     21634	800058ec	034bebb3	rem	x23,x23,x20	 x23:0xffffffff x20:0x000002f0 x23=0xffffffff
      434739000	     21635	800058f0	020bc863	blt	x23,x0,80005920	 x23:0xffffffff  x0:0x00000000
      435379000	     21667	80005920	c131	c.beqz	x10,80005964	 x10:0x00000000
      436799000	     21738	80005964	03277933	remu	x18,x14,x18	 x14:0xffffffff x18:0xfffffff6 x18=0x00000009
      436819000	     21739	80005968	9d3e	c.add	x26,x15	 x26:0x00000000 x15:0x00000001 x26=0x00000001
      436839000	     21740	8000596a	01f41033	sll	x0,x8,x31	  x8:0x80000000 x31:0xe107cd32  x0=0x00000000
      436859000	     21741	8000596e	096a	c.slli	x18,0x1a	 x18:0x00000009 x18=0x24000000
      436879000	     21742	80005970	032b88b3	mul	x17,x23,x18	 x23:0xffffffff x18:0x24000000 x17=0xdc000000
      436919000	     21744	80005974	039a4c33	div	x24,x20,x25	 x20:0x000002f0 x25:0x00000000 x24=0xffffffff
      436959000	     21746	80005978	03bba533	mulhsu	x10,x23,x27	 x23:0xffffffff x27:0x00000014 x10=0xffffffff
      436979000	     21747	8000597c	01649233	sll	x4,x9,x22	  x9:0x00000000 x22:0xfffffff2  x4=0x00000000
      436999000	     21748	80005980	0f66	c.slli	x30,0x19	 x30:0x00000001 x30=0x02000000
      437079000	     21752	80005982	0026b8b3	sltu	x17,x13,x2	 x13:0x00000000  x2:0x040010dd x17=0x00000001
      437099000	     21753	80005986	920ac893	xori	x17,x21,-1760	 x21:0x00000000 x17=0xfffff920
      437519000	     21774	8000598a	01adca63	blt	x27,x26,8000599e	 x27:0x00000014 x26:0x00000001
      437679000	     21782	8000598e	41e0d513	srai	x10,x1,0x1e	  x1:0x00000014 x10=0x00000000
      437699000	     21783	80005992	997d	c.andi	x10,-1	 x10:0x00000000 x10=0x00000000
      437959000	     21796	80005994	0001	c.addi	x0,0	  x0:0x00000000  x0=0x00000000
      437979000	     21797	80005996	0001	c.addi	x0,0	  x0:0x00000000  x0=0x00000000
      437999000	     21798	80005998	c11d	c.beqz	x10,800059be	 x10:0x00000000
      438859000	     21841	800059be	8131	c.srli	x10,0xc	 x10:0x00000000 x10=0x00000000
      439039000	     21850	800059c0	01b419b3	sll	x19,x8,x27	  x8:0x80000000 x27:0x00000014 x19=0x00000000
      439479000	     21872	800059c4	03ba9c33	mulh	x24,x21,x27	 x21:0x00000000 x27:0x00000014 x24=0x00000000
      439499000	     21873	800059c8	4102da33	sra	x20,x5,x16	  x5:0x33a746d4 x16:0x00000014 x20=0x0000033a
      439519000	     21874	800059cc	8f71	c.and	x14,x12	 x14:0xffffffff x12:0x80025ce4 x14=0x80025ce4
      439539000	     21875	800059ce	00665a13	srli	x20,x12,0x6	 x12:0x80025ce4 x20=0x02000973
      439739000	     21885	800059d2	e1f52113	slti	x2,x10,-481	 x10:0x00000000  x2=0x00000000
      439759000	     21886	800059d6	0506	c.slli	x10,0x1	 x10:0x00000000 x10=0x00000000
      440019000	     21899	800059d8	00eeb0b3	sltu	x1,x29,x14	 x29:0x040010dd x14:0x80025ce4  x1=0x00000001
      440039000	     21900	800059dc	69e1	c.lui	x19,0x18	 x19=0x00018000
      440059000	     21901	800059de	0001	c.addi	x0,0	  x0:0x00000000  x0=0x00000000
      440079000	     21902	800059e0	8541	c.srai	x10,0x10	 x10:0x00000000 x10=0x00000000
      440099000	     21903	800059e2	60f588b7	lui	x17,0x60f58	 x17=0x60f58000
      440499000	     21923	800059e6	00062533	slt	x10,x12,x0	 x12:0x80025ce4  x0:0x00000000 x10=0x00000001
      440519000	     21924	800059ea	41698933	sub	x18,x19,x22	 x19:0x00018000 x22:0xfffffff2 x18=0x0001800e
      440539000	     21925	800059ee	1284	c.addi4spn	x9,x2,352	  x9=0x00000160
      440939000	     21945	800059f0	0001	c.addi	x0,0	  x0:0x00000000  x0=0x00000000
      440959000	     21946	800059f2	8f09	c.sub	x14,x10	 x14:0x80025ce4 x10:0x00000001 x14=0x80025ce3
      440999000	     21948	800059f4	02454c33	div	x24,x10,x4	 x10:0x00000001  x4:0x00000000 x24=0xffffffff
      441039000	     21950	800059f8	03b33cb3	mulhu	x25,x6,x27	  x6:0x000002f1 x27:0x00000014 x25=0x00000000
      441059000	     21951	800059fc	17d0aa97	auipc	x21,0x17d0a	 x21=0x97d0f9fc
      441119000	     21954	80005a00	052f1163	bne	x30,x18,80005a42	 x30:0x02000000 x18:0x0001800e
      441999000	     21998	80005a42	01490e63	beq	x18,x20,80005a5e	 x18:0x0001800e x20:0x02000973
      442019000	     21999	80005a46	8f5d	c.or	x14,x15	 x14:0x80025ce3 x15:0x00000001 x14=0x80025ce3
      442419000	     22019	80005a48	a5090a93	addi	x21,x18,-1456	 x18:0x0001800e x21=0x00017a5e
      442439000	     22020	80005a4c	040bc163	blt	x23,x0,80005a8e	 x23:0xffffffff  x0:0x00000000
      442799000	     22038	80005a8e	4061df13	srai	x30,x3,0x6	  x3:0x00000000 x30=0x00000000
      442819000	     22039	80005a92	171c	c.addi4spn	x15,x2,928	 x15=0x000003a0
      442939000	     22045	80005a94	000dd913	srli	x18,x27,0x0	 x27:0x00000014 x18=0x00000014
      442959000	     22046	80005a98	019262b3	or	x5,x4,x25	  x4:0x00000000 x25:0x00000000  x5=0x00000000
      443139000	     22055	80005a9c	02006833	rem	x16,x0,x0	  x0:0x00000000  x0:0x00000000 x16=0x00000000
      443179000	     22057	80005aa0	02762eb3	mulhsu	x29,x12,x7	 x12:0x80025ce4  x7:0x00000000 x29=0x00000000
      444599000	     22128	80005aa4	0189	c.addi	x3,2	  x3:0x00000000  x3=0x00000002
      444619000	     22129	80005aa6	01d762b3	or	x5,x14,x29	 x14:0x80025ce3 x29:0x00000000  x5=0x80025ce3
      444639000	     22130	80005aaa	617d	c.addi16sp	x2,496	  x2:0x00000000  x2=0x000001f0
      444659000	     22131	80005aac	02366563	bltu	x12,x3,80005ad6	 x12:0x80025ce4  x3:0x00000002
      445399000	     22168	80005ab0	0256ec33	rem	x24,x13,x5	 x13:0x00000000  x5:0x80025ce3 x24=0x00000000
      445419000	     22169	80005ab4	3d5a2713	slti	x14,x20,981	 x20:0x02000973 x14=0x00000000
      445439000	     22170	80005ab8	8f55	c.or	x14,x13	 x14:0x00000000 x13:0x00000000 x14=0x00000000
      445459000	     22171	80005aba	8cf1	c.and	x9,x12	  x9:0x00000160 x12:0x80025ce4  x9=0x00000060
      445479000	     22172	80005abc	194b4b97	auipc	x23,0x194b4	 x23=0x994b9abc
      446219000	     22209	80005ac0	03bc5eb3	divu	x29,x24,x27	 x24:0x00000000 x27:0x00000014 x29=0x00000000
      446239000	     22210	80005ac4	f0dc8797	auipc	x15,0xf0dc8	 x15=0x70dcdac4
      446259000	     22211	80005ac8	007c7263	bgeu	x24,x7,80005acc	 x24:0x00000000  x7:0x00000000
      446299000	     22213	80005acc	6171	c.addi16sp	x2,336	  x2:0x000001f0  x2=0x00000340
      446339000	     22215	80005ace	03449033	mulh	x0,x9,x20	  x9:0x00000060 x20:0x02000973  x0=0x00000000
      446359000	     22216	80005ad2	00c2d513	srli	x10,x5,0xc	  x5:0x80025ce3 x10=0x00080025
      446719000	     22234	80005ad6	036efb63	bgeu	x29,x22,80005b0c	 x29:0x00000000 x22:0xfffffff2
      446859000	     22241	80005ada	003d1b93	slli	x23,x26,0x3	 x26:0x00000001 x23=0x00000008
      446899000	     22243	80005ade	030160b3	rem	x1,x2,x16	  x2:0x00000340 x16:0x00000000  x1=0x00000340
      447419000	     22269	80005ae2	04ebd363	bge	x23,x14,80005b28	 x23:0x00000008 x14:0x00000000
      447779000	     22287	80005b28	011ec0b3	xor	x1,x29,x17	 x29:0x00000000 x17:0x60f58000  x1=0x60f58000
      447819000	     22289	80005b2c	0248e233	rem	x4,x17,x4	 x17:0x60f58000  x4:0x00000000  x4=0x60f58000
      447959000	     22296	80005b30	039a52b3	divu	x5,x20,x25	 x20:0x02000973 x25:0x00000000  x5=0xffffffff
      447979000	     22297	80005b34	02161063	bne	x12,x1,80005b54	 x12:0x80025ce4  x1:0x60f58000
      448339000	     22315	80005b54	8f6d	c.and	x14,x11	 x14:0x00000000 x11:0xffffffff x14=0x00000000
      448359000	     22316	80005b56	88c9	c.andi	x9,18	  x9:0x00000060  x9=0x00000000
      448379000	     22317	80005b58	6736ac13	slti	x24,x13,1651	 x13:0x00000000 x24=0x00000001
      448639000	     22330	80005b5c	4fcd3e93	sltiu	x29,x26,1276	 x26:0x00000001 x29=0x00000001
      448759000	     22336	80005b60	0000100f	fence.i	
      450259000	     22411	80005b64	03c26f33	rem	x30,x4,x28	  x4:0x60f58000 x28:0x80021e64 x30=0x60f58000
      450279000	     22412	80005b68	00f3d233	srl	x4,x7,x15	  x7:0x00000000 x15:0x70dcdac4  x4=0x00000000
      450299000	     22413	80005b6c	0ff0000f	fence	iorw,iorw	
      450319000	     22414	80005b70	01bafb33	and	x22,x21,x27	 x21:0x00017a5e x27:0x00000014 x22=0x00000014
      450359000	     22416	80005b74	0273e133	rem	x2,x7,x7	  x7:0x00000000  x7:0x00000000  x2=0x00000000
      450439000	     22420	80005b78	03a2	c.slli	x7,0x8	  x7:0x00000000  x7=0x00000000
      450459000	     22421	80005b7a	e50d	c.bnez	x10,80005ba4	 x10:0x00080025
      450899000	     22443	80005ba4	65e5	c.lui	x11,0x19	 x11=0x00019000
      450919000	     22444	80005ba6	0ff0000f	fence	iorw,iorw	
      451139000	     22455	80005baa	591ac917	auipc	x18,0x591ac	 x18=0xd91b1baa
      451159000	     22456	80005bae	1004	c.addi4spn	x9,x2,32	  x9=0x00000020
      452259000	     22511	80005bb0	03d8e3b3	rem	x7,x17,x29	 x17:0x60f58000 x29:0x00000001  x7=0x00000000
      452279000	     22512	80005bb4	a3190593	addi	x11,x18,-1487	 x18:0xd91b1baa x11=0xd91b15db
      452299000	     22513	80005bb8	01ba1793	slli	x15,x20,0x1b	 x20:0x02000973 x15=0x98000000
      452319000	     22514	80005bbc	011646b3	xor	x13,x12,x17	 x12:0x80025ce4 x17:0x60f58000 x13=0xe0f7dce4
      452339000	     22515	80005bc0	03e385b3	mul	x11,x7,x30	  x7:0x00000000 x30:0x60f58000 x11=0x00000000
      452439000	     22520	80005bc4	8359	c.srli	x14,0x16	 x14:0x00000000 x14=0x00000000
      452559000	     22526	80005bc6	0000100f	fence.i	
      452819000	     22539	80005bca	027fd6b3	divu	x13,x31,x7	 x31:0xe107cd32  x7:0x00000000 x13=0xffffffff
      452839000	     22540	80005bce	014f7f33	and	x30,x30,x20	 x30:0x60f58000 x20:0x02000973 x30=0x00000000
      453019000	     22549	80005bd2	006b80b3	add	x1,x23,x6	 x23:0x00000008  x6:0x000002f1  x1=0x000002f9
      453439000	     22570	80005bd6	00db7363	bgeu	x22,x13,80005bdc	 x22:0x00000014 x13:0xffffffff
      453459000	     22571	80005bda	c319	c.beqz	x14,80005be0	 x14:0x00000000
      454559000	     22626	80005be0	05094163	blt	x18,x16,80005c22	 x18:0xd91b1baa x16:0x00000000
      455899000	     22693	80005c22	0335ab33	mulhsu	x22,x11,x19	 x11:0x00000000 x19:0x00018000 x22=0x00000000
      455919000	     22694	80005c26	8ef1	c.and	x13,x12	 x13:0xffffffff x12:0x80025ce4 x13=0x80025ce4
      455939000	     22695	80005c28	0032c233	xor	x4,x5,x3	  x5:0xffffffff  x3:0x00000002  x4=0xfffffffd
      456759000	     22736	80005c2c	03c844b3	div	x9,x16,x28	 x16:0x00000000 x28:0x80021e64  x9=0x00000000
      456779000	     22737	80005c30	0808	c.addi4spn	x10,x2,16	 x10=0x00000010
      456799000	     22738	80005c32	03f38563	beq	x7,x31,80005c5c	  x7:0x00000000 x31:0xe107cd32
      456819000	     22739	80005c36	00ab0fb3	add	x31,x22,x10	 x22:0x00000000 x10:0x00000010 x31=0x00000010
      456839000	     22740	80005c3a	6df9	c.lui	x27,0x1e	 x27=0x0001e000
      456859000	     22741	80005c3c	80d9	c.srli	x9,0x16	  x9:0x00000000  x9=0x00000000
      456879000	     22742	80005c3e	03dd83b3	mul	x7,x27,x29	 x27:0x0001e000 x29:0x00000001  x7=0x0001e000
      456899000	     22743	80005c42	0076f663	bgeu	x13,x7,80005c4e	 x13:0x80025ce4  x7:0x0001e000
      457419000	     22769	80005c4e	0dfb7a93	andi	x21,x22,223	 x22:0x00000000 x21=0x00000000
      457439000	     22770	80005c52	8bad	c.andi	x15,11	 x15:0x98000000 x15=0x00000000
      457459000	     22771	80005c54	008e9933	sll	x18,x29,x8	 x29:0x00000001  x8:0x80000000 x18=0x00000001
      457839000	     22790	80005c58	0000100f	fence.i	
      457959000	     22796	80005c5c	003561b3	or	x3,x10,x3	 x10:0x00000010  x3:0x00000002  x3=0x00000012
      458179000	     22807	80005c60	1588	c.addi4spn	x10,x2,736	 x10=0x000002e0
      458439000	     22820	80005c62	4161d1b3	sra	x3,x3,x22	  x3:0x00000012 x22:0x00000000  x3=0x00000012
      458459000	     22821	80005c66	01f845b3	xor	x11,x16,x31	 x16:0x00000000 x31:0x00000010 x11=0x00000010
      458479000	     22822	80005c6a	8ce1	c.and	x9,x8	  x9:0x00000000  x8:0x80000000  x9=0x00000000
      458519000	     22824	80005c6c	0001	c.addi	x0,0	  x0:0x00000000  x0=0x00000000
      458539000	     22825	80005c6e	01e5cbb3	xor	x23,x11,x30	 x11:0x00000010 x30:0x00000000 x23=0x00000010
      458619000	     22829	80005c72	59ef2393	slti	x7,x30,1438	 x30:0x00000000  x7=0x00000001
      458659000	     22831	80005c76	03dab9b3	mulhu	x19,x21,x29	 x21:0x00000000 x29:0x00000001 x19=0x00000000
      458739000	     22835	80005c7a	40785213	srai	x4,x16,0x7	 x16:0x00000000  x4=0x00000000
      458759000	     22836	80005c7e	6bd10b37	lui	x22,0x6bd10	 x22=0x6bd10000
      458779000	     22837	80005c82	8fed	c.and	x15,x11	 x15:0x00000000 x11:0x00000010 x15=0x00000000
      459179000	     22857	80005c84	b4728f93	addi	x31,x5,-1209	  x5:0xffffffff x31=0xfffffb46
      459299000	     22863	80005c88	00b959b3	srl	x19,x18,x11	 x18:0x00000001 x11:0x00000010 x19=0x00000000
      459719000	     22884	80005c8c	0000100f	fence.i	
      461019000	     22949	80005c90	29338cb7	lui	x25,0x29338	 x25=0x29338000
      461039000	     22950	80005c94	890d	c.andi	x10,3	 x10:0x000002e0 x10=0x00000000
      461059000	     22951	80005c96	eb95	c.bnez	x15,80005cca	 x15:0x00000000
      461079000	     22952	80005c98	871d	c.srai	x14,0x7	 x14:0x00000000 x14=0x00000000
      461099000	     22953	80005c9a	84b1	c.srai	x9,0xc	  x9:0x00000000  x9=0x00000000
      461119000	     22954	80005c9c	41dbdb33	sra	x22,x23,x29	 x23:0x00000010 x29:0x00000001 x22=0x00000008
      461139000	     22955	80005ca0	0001	c.addi	x0,0	  x0:0x00000000  x0=0x00000000
      461299000	     22963	80005ca2	70ca3a37	lui	x20,0x70ca3	 x20=0x70ca3000
      461319000	     22964	80005ca6	717d	c.addi16sp	x2,-16	  x2:0x00000000  x2=0xfffffff0
      461359000	     22966	80005ca8	8dad	c.xor	x11,x11	 x11:0x00000010 x11:0x00000010 x11=0x00000000
      461779000	     22987	80005caa	00f41113	slli	x2,x8,0xf	  x8:0x80000000  x2=0x00000000
      461799000	     22988	80005cae	45c5	c.li	x11,17	 x11=0x00000011
      461819000	     22989	80005cb0	503a4513	xori	x10,x20,1283	 x20:0x70ca3000 x10=0x70ca3503
      462239000	     23010	80005cb4	039f2db3	mulhsu	x27,x30,x25	 x30:0x00000000 x25:0x29338000 x27=0x00000000
      463099000	     23053	80005cb8	0319e1b3	rem	x3,x19,x17	 x19:0x00000000 x17:0x60f58000  x3=0x00000000
      463119000	     23054	80005cbc	0001	c.addi	x0,0	  x0:0x00000000  x0=0x00000000
      463139000	     23055	80005cbe	40cdda33	sra	x20,x27,x12	 x27:0x00000000 x12:0x80025ce4 x20=0x00000000
      463179000	     23057	80005cc2	02f7aeb3	mulhsu	x29,x15,x15	 x15:0x00000000 x15:0x00000000 x29=0x00000000
      463199000	     23058	80005cc6	03f2	c.slli	x7,0x1c	  x7:0x00000001  x7=0x10000000
      463219000	     23059	80005cc8	00d2	c.slli	x1,0x14	  x1:0x000002f9  x1=0x2f900000
      463239000	     23060	80005cca	e721e297	auipc	x5,0xe721e	  x5=0x67223cca
      463259000	     23061	80005cce	8f59	c.or	x14,x14	 x14:0x00000000 x14:0x00000000 x14=0x00000000
      463359000	     23066	80005cd0	537d	c.li	x6,-1	  x6=0xffffffff
      463799000	     23088	80005cd2	02211f33	mulh	x30,x2,x2	  x2:0x00000000  x2:0x00000000 x30=0x00000000
      463819000	     23089	80005cd6	011b5863	bge	x22,x17,80005ce6	 x22:0x00000008 x17:0x60f58000
      464219000	     23109	80005cda	02788fb3	mul	x31,x17,x7	 x17:0x60f58000  x7:0x10000000 x31=0x00000000
      464239000	     23110	80005cde	eb19	c.bnez	x14,80005cf4	 x14:0x00000000
      464259000	     23111	80005ce0	187cce93	xori	x29,x25,391	 x25:0x29338000 x29=0x29338187
      464499000	     23123	80005ce4	8fc1	c.or	x15,x8	 x15:0x00000000  x8:0x80000000 x15=0x80000000
      464519000	     23124	80005ce6	82e1	c.srli	x13,0x18	 x13:0x80025ce4 x13=0x00000080
      464679000	     23132	80005ce8	006b0933	add	x18,x22,x6	 x22:0x00000008  x6:0xffffffff x18=0x00000007
      464759000	     23136	80005cec	01c07533	and	x10,x0,x28	  x0:0x00000000 x28:0x80021e64 x10=0x00000000
      465899000	     23193	80005cf0	03d6c6b3	div	x13,x13,x29	 x13:0x00000080 x29:0x29338187 x13=0x00000000
      465919000	     23194	80005cf4	512bf993	andi	x19,x23,1298	 x23:0x00000010 x19=0x00000010
      465939000	     23195	80005cf8	0153b233	sltu	x4,x7,x21	  x7:0x10000000 x21:0x00000000  x4=0x00000000
      465959000	     23196	80005cfc	04698163	beq	x19,x6,80005d3e	 x19:0x00000010  x6:0xffffffff
      465979000	     23197	80005d00	01474733	xor	x14,x14,x20	 x14:0x00000000 x20:0x00000000 x14=0x00000000
      466019000	     23199	80005d04	036322b3	mulhsu	x5,x6,x22	  x6:0xffffffff x22:0x00000008  x5=0xffffffff
      466039000	     23200	80005d08	40525f13	srai	x30,x4,0x5	  x4:0x00000000 x30=0x00000000
      466259000	     23211	80005d0c	000d52b3	srl	x5,x26,x0	 x26:0x00000001  x0:0x00000000  x5=0x00000001
      466299000	     23213	80005d10	005a2cb3	slt	x25,x20,x5	 x20:0x00000000  x5:0x00000001 x25=0x00000001
      466359000	     23216	80005d14	0148f2b3	and	x5,x17,x20	 x17:0x60f58000 x20:0x00000000  x5=0x00000000
      466379000	     23217	80005d18	65b5	c.lui	x11,0xd	 x11=0x0000d000
      466399000	     23218	80005d1a	0001	c.addi	x0,0	  x0:0x00000000  x0=0x00000000
      466499000	     23223	80005d1c	83e9	c.srli	x15,0x1a	 x15:0x80000000 x15=0x00000020
      466519000	     23224	80005d1e	6bc1	c.lui	x23,0x10	 x23=0x00010000
      466559000	     23226	80005d20	6139	c.addi16sp	x2,448	  x2:0x00000000  x2=0x000001c0
      466579000	     23227	80005d22	00325663	bge	x4,x3,80005d2e	  x4:0x00000000  x3:0x00000000
      466999000	     23248	80005d2e	c119	c.beqz	x10,80005d34	 x10:0x00000000
      467039000	     23250	80005d34	57fd	c.li	x15,-1	 x15=0xffffffff
      467139000	     23255	80005d36	00065933	srl	x18,x12,x0	 x12:0x80025ce4  x0:0x00000000 x18=0x80025ce4
      467159000	     23256	80005d3a	fe5da513	slti	x10,x27,-27	 x27:0x00000000 x10=0x00000000
      467179000	     23257	80005d3e	40cbd333	sra	x6,x23,x12	 x23:0x00010000 x12:0x80025ce4  x6=0x00001000
      467199000	     23258	80005d42	0000100f	fence.i	
      468099000	     23303	80005d46	011e5333	srl	x6,x28,x17	 x28:0x80021e64 x17:0x60f58000  x6=0x80021e64
      468119000	     23304	80005d4a	e481	c.bnez	x9,80005d52	  x9:0x00000000
      468159000	     23306	80005d4c	6919	c.lui	x18,0x6	 x18=0x00006000
      468199000	     23308	80005d4e	0224a1b3	mulhsu	x3,x9,x2	  x9:0x00000000  x2:0x000001c0  x3=0x00000000
      468219000	     23309	80005d52	8d95	c.sub	x11,x13	 x11:0x0000d000 x13:0x00000000 x11=0x0000d000
      468239000	     23310	80005d54	048c	c.addi4spn	x11,x2,576	 x11=0x00000400
      475819000	     23689	80005d56	2b81d837	lui	x16,0x2b81d	 x16=0x2b81d000
      475839000	     23690	80005d5a	8cdd	c.or	x9,x15	  x9:0x00000000 x15:0xffffffff  x9=0xffffffff
      475859000	     23691	80005d5c	0ff0000f	fence	iorw,iorw	
      475899000	     23693	80005d60	02f02c33	mulhsu	x24,x0,x15	  x0:0x00000000 x15:0xffffffff x24=0x00000000
      475919000	     23694	80005d64	9014ce93	xori	x29,x9,-1791	  x9:0xffffffff x29=0x000006fe
      475939000	     23695	80005d68	c91ff893	andi	x17,x31,-879	 x31:0x00000000 x17=0x00000000
      475959000	     23696	80005d6c	00059e93	slli	x29,x11,0x0	 x11:0x00000400 x29=0x00000400
      475979000	     23697	80005d70	01feed33	or	x26,x29,x31	 x29:0x00000400 x31:0x00000000 x26=0x00000400
      476399000	     23718	80005d74	0001	c.addi	x0,0	  x0:0x00000000  x0=0x00000000
      476579000	     23727	80005d76	f0390f13	addi	x30,x18,-253	 x18:0x00006000 x30=0x00005f03
      476599000	     23728	80005d7a	0125	c.addi	x2,9	  x2:0x000001c0  x2=0x000001c9
      476619000	     23729	80005d7c	00547463	bgeu	x8,x5,80005d84	  x8:0x80000000  x5:0x00000000
      477359000	     23766	80005d84	00641c63	bne	x8,x6,80005d9c	  x8:0x80000000  x6:0x80021e64
      478039000	     23800	80005d9c	849d	c.srai	x9,0x7	  x9:0xffffffff  x9=0xffffffff
      478059000	     23801	80005d9e	1c14	c.addi4spn	x13,x2,560	 x13=0x000003f9
      478479000	     23822	80005da0	0000100f	fence.i	
      479159000	     23856	80005da4	031a6563	bltu	x20,x17,80005dce	 x20:0x00000000 x17:0x00000000
      479239000	     23860	80005da8	7aca4893	xori	x17,x20,1964	 x20:0x00000000 x17=0x000007ac
      479379000	     23867	80005dac	0000100f	fence.i	
      480179000	     23907	80005db0	8dfa	c.mv	x27,x30	  x0:0x00000000 x30:0x00005f03 x27=0x00005f03
      480199000	     23908	80005db2	8ca5	c.xor	x9,x9	  x9:0xffffffff  x9:0xffffffff  x9=0x00000000
      480219000	     23909	80005db4	8691	c.srai	x13,0x4	 x13:0x000003f9 x13=0x0000003f
      480239000	     23910	80005db6	7e4158b7	lui	x17,0x7e415	 x17=0x7e415000
      480259000	     23911	80005dba	003744b3	xor	x9,x14,x3	 x14:0x00000000  x3:0x00000000  x9=0x00000000
      480279000	     23912	80005dbe	9686	c.add	x13,x1	 x13:0x0000003f  x1:0x2f900000 x13=0x2f90003f
      480299000	     23913	80005dc0	00c27f33	and	x30,x4,x12	  x4:0x00000000 x12:0x80025ce4 x30=0x00000000
      480679000	     23932	80005dc4	9bfd	c.andi	x15,-1	 x15:0xffffffff x15=0xffffffff
      480799000	     23938	80005dc6	0198c233	xor	x4,x17,x25	 x17:0x7e415000 x25:0x00000001  x4=0x7e415001
      480839000	     23940	80005dca	036110b3	mulh	x1,x2,x22	  x2:0x000001c9 x22:0x00000008  x1=0x00000000
      481239000	     23960	80005dce	0000100f	fence.i	
      481479000	     23972	80005dd2	a5e30913	addi	x18,x6,-1442	  x6:0x80021e64 x18=0x800218c2
      481499000	     23973	80005dd6	6a69	c.lui	x20,0x1a	 x20=0x0001a000
      481899000	     23993	80005dd8	8f71	c.and	x14,x12	 x14:0x00000000 x12:0x80025ce4 x14=0x00000000
      481919000	     23994	80005dda	27dab793	sltiu	x15,x21,637	 x21:0x00000000 x15=0x00000001
      481959000	     23996	80005dde	414089b3	sub	x19,x1,x20	  x1:0x00000000 x20:0x0001a000 x19=0xfffe6000
      481979000	     23997	80005de2	0001	c.addi	x0,0	  x0:0x00000000  x0=0x00000000
      481999000	     23998	80005de4	9ab2	c.add	x21,x12	 x21:0x00000000 x12:0x80025ce4 x21=0x80025ce4
      482019000	     23999	80005de6	0349	c.addi	x6,18	  x6:0x80021e64  x6=0x80021e76
      482159000	     24006	80005de8	01e2ecb3	or	x25,x5,x30	  x5:0x00000000 x30:0x00000000 x25=0x00000000
      482579000	     24027	80005dec	bc2e4b37	lui	x22,0xbc2e4	 x22=0xbc2e4000
      482599000	     24028	80005df0	e115	c.bnez	x10,80005e14	 x10:0x00000000
      482879000	     24042	80005df2	d8c2b737	lui	x14,0xd8c2b	 x14=0xd8c2b000
      482899000	     24043	80005df6	8ced	c.and	x9,x11	  x9:0x00000000 x11:0x00000400  x9=0x00000000
      482999000	     24048	80005df8	01e95263	bge	x18,x30,80005dfc	 x18:0x800218c2 x30:0x00000000
      483039000	     24050	80005dfc	0343b833	mulhu	x16,x7,x20	  x7:0x10000000 x20:0x0001a000 x16=0x00001a00
      483259000	     24061	80005e00	6b35	c.lui	x22,0xd	 x22=0x0000d000
      483279000	     24062	80005e02	0001	c.addi	x0,0	  x0:0x00000000  x0=0x00000000
      483459000	     24071	80005e04	033ccc63	blt	x25,x19,80005e3c	 x25:0x00000000 x19:0xfffe6000
      483479000	     24072	80005e08	000033b3	sltu	x7,x0,x0	  x0:0x00000000  x0:0x00000000  x7=0x00000000
      483679000	     24082	80005e0c	59fd	c.li	x19,-1	 x19=0xffffffff
      483699000	     24083	80005e0e	e70d	c.bnez	x14,80005e38	 x14:0xd8c2b000
      484659000	     24131	80005e38	03bb73b3	remu	x7,x22,x27	 x22:0x0000d000 x27:0x00005f03  x7=0x000011fa
      485399000	     24168	80005e3c	03a8c1b3	div	x3,x17,x26	 x17:0x7e415000 x26:0x00000400  x3=0x001f9054
      485419000	     24169	80005e40	00a65d33	srl	x26,x12,x10	 x12:0x80025ce4 x10:0x00000000 x26=0x80025ce4
      486159000	     24206	80005e44	031275b3	remu	x11,x4,x17	  x4:0x7e415001 x17:0x7e415000 x11=0x00000001
      486179000	     24207	80005e48	00bf9813	slli	x16,x31,0xb	 x31:0x00000000 x16=0x00000000
      486919000	     24244	80005e4c	02b7f6b3	remu	x13,x15,x11	 x15:0x00000001 x11:0x00000001 x13=0x00000000
      486939000	     24245	80005e50	8ff1	c.and	x15,x12	 x15:0x00000001 x12:0x80025ce4 x15=0x00000000
      486959000	     24246	80005e52	13602517	auipc	x10,0x13602	 x10=0x93607e52
      486979000	     24247	80005e56	41915d33	sra	x26,x2,x25	  x2:0x000001c9 x25:0x00000000 x26=0x000001c9
      487719000	     24284	80005e5a	03cf75b3	remu	x11,x30,x28	 x30:0x00000000 x28:0x80021e64 x11=0x00000000
      487739000	     24285	80005e5e	1d88	c.addi4spn	x10,x2,752	 x10=0x000004b9
      487759000	     24286	80005e60	8d3d	c.xor	x10,x15	 x10:0x000004b9 x15:0x00000000 x10=0x000004b9
      487779000	     24287	80005e62	45c1	c.li	x11,16	 x11=0x00000010
      488519000	     24324	80005e64	02afea33	rem	x20,x31,x10	 x31:0x00000000 x10:0x000004b9 x20=0x00000000
      488559000	     24326	80005e68	02401ab3	mulh	x21,x0,x4	  x0:0x00000000  x4:0x7e415001 x21=0x00000000
      488579000	     24327	80005e6c	01fa1c33	sll	x24,x20,x31	 x20:0x00000000 x31:0x00000000 x24=0x00000000
      488599000	     24328	80005e70	038d8263	beq	x27,x24,80005e94	 x27:0x00005f03 x24:0x00000000
      488619000	     24329	80005e74	01790db3	add	x27,x18,x23	 x18:0x800218c2 x23:0x00010000 x27=0x800318c2
      488659000	     24331	80005e78	03fdc0b3	div	x1,x27,x31	 x27:0x800318c2 x31:0x00000000  x1=0xffffffff
      488679000	     24332	80005e7c	40d485b3	sub	x11,x9,x13	  x9:0x00000000 x13:0x00000000 x11=0x00000000
      488699000	     24333	80005e80	01f24f33	xor	x30,x4,x31	  x4:0x7e415001 x31:0x00000000 x30=0x7e415001
      488719000	     24334	80005e84	0ff0000f	fence	iorw,iorw	
      488739000	     24335	80005e88	0000100f	fence.i	
      488799000	     24338	80005e8c	0137dd13	srli	x26,x15,0x13	 x15:0x00000000 x26=0x00000000
      488819000	     24339	80005e90	0109cab3	xor	x21,x19,x16	 x19:0xffffffff x16:0x00000000 x21=0xffffffff
      489619000	     24379	80005e94	027ce2b3	rem	x5,x25,x7	 x25:0x00000000  x7:0x000011fa  x5=0x00000000
      489639000	     24380	80005e98	5f7d	c.li	x30,-1	 x30=0xffffffff
      489659000	     24381	80005e9a	0140e833	or	x16,x1,x20	  x1:0xffffffff x20:0x00000000 x16=0xffffffff
      489679000	     24382	80005e9e	0b88	c.addi4spn	x10,x2,464	 x10=0x00000399
      490419000	     24419	80005ea0	027b5833	divu	x16,x22,x7	 x22:0x0000d000  x7:0x000011fa x16=0x0000000b
      490439000	     24420	80005ea4	000668b3	or	x17,x12,x0	 x12:0x80025ce4  x0:0x00000000 x17=0x80025ce4
      490459000	     24421	80005ea8	4c29	c.li	x24,10	 x24=0x0000000a
      490479000	     24422	80005eaa	008ed3b3	srl	x7,x29,x8	 x29:0x00000400  x8:0x80000000  x7=0x00000400
      490499000	     24423	80005eae	0376d063	bge	x13,x23,80005ece	 x13:0x00000000 x23:0x00010000
      490519000	     24424	80005eb2	c319	c.beqz	x14,80005eb8	 x14:0xd8c2b000
      490539000	     24425	80005eb4	41d651b3	sra	x3,x12,x29	 x12:0x80025ce4 x29:0x00000400  x3=0x80025ce4
      490699000	     24433	80005eb8	fb6e4113	xori	x2,x28,-74	 x28:0x80021e64  x2=0x7ffde1d2
      490719000	     24434	80005ebc	894d	c.andi	x10,19	 x10:0x00000399 x10=0x00000011
      490739000	     24435	80005ebe	096a	c.slli	x18,0x1a	 x18:0x800218c2 x18=0x08000000
      490759000	     24436	80005ec0	00f44363	blt	x8,x15,80005ec6	  x8:0x80000000 x15:0x00000000
      490859000	     24441	80005ec6	405c5d33	sra	x26,x24,x5	 x24:0x0000000a  x5:0x00000000 x26=0x0000000a
      490879000	     24442	80005eca	56fd	c.li	x13,-1	 x13=0xffffffff
      490899000	     24443	80005ecc	8915	c.andi	x10,5	 x10:0x00000011 x10=0x00000001
      490919000	     24444	80005ece	6165	c.addi16sp	x2,112	  x2:0x7ffde1d2  x2=0x7ffde242
      491659000	     24481	80005ed0	035ec233	div	x4,x29,x21	 x29:0x00000400 x21:0xffffffff  x4=0xfffffc00
      491679000	     24482	80005ed4	01be02b3	add	x5,x28,x27	 x28:0x80021e64 x27:0x800318c2  x5=0x00053726
      491699000	     24483	80005ed8	020fc163	blt	x31,x0,80005efa	 x31:0x00000000  x0:0x00000000
      491719000	     24484	80005edc	40548133	sub	x2,x9,x5	  x9:0x00000000  x5:0x00053726  x2=0xfffac8da
      492039000	     24500	80005ee0	0d3a	c.slli	x26,0xe	 x26:0x0000000a x26=0x00028000
      492059000	     24501	80005ee2	8d51	c.or	x10,x12	 x10:0x00000001 x12:0x80025ce4 x10=0x80025ce5
      492179000	     24507	80005ee4	0ff0000f	fence	iorw,iorw	
      492199000	     24508	80005ee8	d7a2ae93	slti	x29,x5,-646	  x5:0x00053726 x29=0x00000000
      492259000	     24511	80005eec	717d	c.addi16sp	x2,-16	  x2:0xfffac8da  x2=0xfffac8ca
      492279000	     24512	80005eee	87a9	c.srai	x15,0xa	 x15:0x00000000 x15=0x00000000
      492299000	     24513	80005ef0	1d1c	c.addi4spn	x15,x2,688	 x15=0xfffacb7a
      492319000	     24514	80005ef2	e891	c.bnez	x9,80005f06	  x9:0x00000000
      492379000	     24517	80005ef4	03ca89b3	mul	x19,x21,x28	 x21:0xffffffff x28:0x80021e64 x19=0x7ffde19c
      492399000	     24518	80005ef8	839d	c.srli	x15,0x7	 x15:0xfffacb7a x15=0x01fff596
      492419000	     24519	80005efa	0001	c.addi	x0,0	  x0:0x00000000  x0=0x00000000
      492439000	     24520	80005efc	6e6f7f17	auipc	x30,0x6e6f7	 x30=0xee6fcefc
      492459000	     24521	80005f00	6d95	c.lui	x27,0x5	 x27=0x00005000
      492479000	     24522	80005f02	bcdd3a13	sltiu	x20,x26,-1075	 x26:0x00028000 x20=0x00000001
      492979000	     24547	80005f06	048d8463	beq	x27,x8,80005f4e	 x27:0x00005000  x8:0x80000000
      493119000	     24554	80005f0a	41b5da93	srai	x21,x11,0x1b	 x11:0x00000000 x21=0x00000000
      493139000	     24555	80005f0e	6d25	c.lui	x26,0x9	 x26=0x00009000
      493299000	     24563	80005f10	04eac463	blt	x21,x14,80005f58	 x21:0x00000000 x14:0xd8c2b000
      493319000	     24564	80005f14	01dcddb3	srl	x27,x25,x29	 x25:0x00000000 x29:0x00000000 x27=0x00000000
      493339000	     24565	80005f18	557d	c.li	x10,-1	 x10=0xffffffff
      493499000	     24573	80005f1a	00299013	slli	x0,x19,0x2	 x19:0x7ffde19c  x0=0x00000000
      493519000	     24574	80005f1e	0384d063	bge	x9,x24,80005f3e	  x9:0x00000000 x24:0x0000000a
      493719000	     24584	80005f22	00f32f33	slt	x30,x6,x15	  x6:0x80021e76 x15:0x01fff596 x30=0x00000001
      493739000	     24585	80005f26	22939837	lui	x16,0x22939	 x16=0x22939000
      493759000	     24586	80005f2a	0001	c.addi	x0,0	  x0:0x00000000  x0=0x00000000
      494159000	     24606	80005f2c	00c1da93	srli	x21,x3,0xc	  x3:0x80025ce4 x21=0x00080025
      494179000	     24607	80005f30	00721263	bne	x4,x7,80005f34	  x4:0xfffffc00  x7:0x00000400
      494499000	     24623	80005f34	0389a3b3	mulhsu	x7,x19,x24	 x19:0x7ffde19c x24:0x0000000a  x7=0x00000004
      494719000	     24634	80005f38	0353a3b3	mulhsu	x7,x7,x21	  x7:0x00000004 x21:0x00080025  x7=0x00000000
      494739000	     24635	80005f3c	c19d	c.beqz	x11,80005f62	 x11:0x00000000
      495379000	     24667	80005f62	015429b3	slt	x19,x8,x21	  x8:0x80000000 x21:0x00080025 x19=0x00000001
      495399000	     24668	80005f66	8c95	c.sub	x9,x13	  x9:0x00000000 x13:0xffffffff  x9=0x00000001
      495819000	     24689	80005f68	03d47ab3	remu	x21,x8,x29	  x8:0x80000000 x29:0x00000000 x21=0x80000000
      495839000	     24690	80005f6c	0cb6	c.slli	x25,0xd	 x25:0x00000000 x25=0x00000000
      495859000	     24691	80005f6e	8ddd	c.or	x11,x15	 x11:0x00000000 x15:0x01fff596 x11=0x01fff596
      495879000	     24692	80005f70	eb95	c.bnez	x15,80005fa4	 x15:0x01fff596
      496519000	     24724	80005fa4	00b48d63	beq	x9,x11,80005fbe	  x9:0x00000001 x11:0x01fff596
      497219000	     24759	80005fa8	63737293	andi	x5,x6,1591	  x6:0x80021e76  x5=0x00000636
      497239000	     24760	80005fac	02621d63	bne	x4,x6,80005fe6	  x4:0xfffffc00  x6:0x80021e76
      497959000	     24796	80005fe6	6c1d	c.lui	x24,0x7	 x24=0x00007000
      498099000	     24803	80005fe8	8f65	c.and	x14,x9	 x14:0xd8c2b000  x9:0x00000001 x14=0x00000000
      498119000	     24804	80005fea	41525893	srai	x17,x4,0x15	  x4:0xfffffc00 x17=0xffffffff
      498159000	     24806	80005fee	02b0afb3	mulhsu	x31,x1,x11	  x1:0xffffffff x11:0x01fff596 x31=0xffffffff
      498179000	     24807	80005ff2	0001	c.addi	x0,0	  x0:0x00000000  x0=0x00000000
      499039000	     24850	80005ff4	03427733	remu	x14,x4,x20	  x4:0xfffffc00 x20:0x00000001 x14=0x00000000
      499059000	     24851	80005ff8	0038b9b3	sltu	x19,x17,x3	 x17:0xffffffff  x3:0x80025ce4 x19=0x00000000
      499079000	     24852	80005ffc	002e3db3	sltu	x27,x28,x2	 x28:0x80021e64  x2:0xfffac8ca x27=0x00000001
      499099000	     24853	80006000	0000100f	fence.i	
      500079000	     24902	80006004	026ffd33	remu	x26,x31,x6	 x31:0xffffffff  x6:0x80021e76 x26=0x7ffde189
      500099000	     24903	80006008	01a6c663	blt	x13,x26,80006014	 x13:0xffffffff x26:0x7ffde189
      500699000	     24933	80006014	00a17b63	bgeu	x2,x10,8000602a	  x2:0xfffac8ca x10:0xffffffff
      500719000	     24934	80006018	0a09	c.addi	x20,2	 x20:0x00000001 x20=0x00000003
      500819000	     24939	8000601a	01ff8263	beq	x31,x31,8000601e	 x31:0xffffffff x31:0xffffffff
      504679000	     25132	8000601e	00e1f533	and	x10,x3,x14	  x3:0x80025ce4 x14:0x00000000 x10=0x00000000
      504719000	     25134	80006022	03751f33	mulh	x30,x10,x23	 x10:0x00000000 x23:0x00010000 x30=0x00000000
      504739000	     25135	80006026	01f838b3	sltu	x17,x16,x31	 x16:0x22939000 x31:0xffffffff x17=0x00000001
      504759000	     25136	8000602a	02548463	beq	x9,x5,80006052	  x9:0x00000001  x5:0x00000636
      505499000	     25173	8000602e	03526fb3	rem	x31,x4,x21	  x4:0xfffffc00 x21:0x80000000 x31=0xfffffc00
      506239000	     25210	80006032	02ff4d33	div	x26,x30,x15	 x30:0x00000000 x15:0x01fff596 x26=0x00000000
      506259000	     25211	80006036	020381b3	mul	x3,x7,x0	  x7:0x00000000  x0:0x00000000  x3=0x00000000
      506999000	     25248	8000603a	036ecbb3	div	x23,x29,x22	 x29:0x00000000 x22:0x0000d000 x23=0x00000000
      507019000	     25249	8000603e	ed15	c.bnez	x10,8000607a	 x10:0x00000000
      507759000	     25286	80006040	03fd6ab3	rem	x21,x26,x31	 x26:0x00000000 x31:0xfffffc00 x21=0x00000000
      507779000	     25287	80006044	00a3c8b3	xor	x17,x7,x10	  x7:0x00000000 x10:0x00000000 x17=0x00000000
      507799000	     25288	80006048	68e57117	auipc	x2,0x68e57	  x2=0xe8e5d048
      507819000	     25289	8000604c	0a5e7a97	auipc	x21,0xa5e7	 x21=0x8a5ed04c
      507839000	     25290	80006050	8ea5	c.xor	x13,x9	 x13:0xffffffff  x9:0x00000001 x13=0xfffffffe
      507859000	     25291	80006052	6a35	c.lui	x20,0xd	 x20=0x0000d000
      507879000	     25292	80006054	01fa	c.slli	x3,0x1e	  x3:0x00000000  x3=0x00000000
      507899000	     25293	80006056	63a5	c.lui	x7,0x9	  x7=0x00009000
      507939000	     25295	80006058	13fd	c.addi	x7,-1	  x7:0x00009000  x7=0x00008fff
      507959000	     25296	8000605a	1a8c	c.addi4spn	x11,x2,368	 x11=0xe8e5d1b8
      508359000	     25316	8000605c	03fd4b63	blt	x26,x31,80006092	 x26:0x00000000 x31:0xfffffc00
      508779000	     25337	80006060	033e9d63	bne	x29,x19,8000609a	 x29:0x00000000 x19:0x00000000
      509199000	     25358	80006064	00b89b63	bne	x17,x11,8000607a	 x17:0x00000000 x11:0xe8e5d1b8
      509439000	     25370	8000607a	c695	c.beqz	x13,800060a6	 x13:0xfffffffe
      509459000	     25371	8000607c	011c86b3	add	x13,x25,x17	 x25:0x00000000 x17:0x00000000 x13=0x00000000
      509859000	     25391	80006080	01378663	beq	x15,x19,8000608c	 x15:0x01fff596 x19:0x00000000
      509879000	     25392	80006084	3493f113	andi	x2,x7,841	  x7:0x00008fff  x2=0x00000349
      509979000	     25397	80006088	405d07b3	sub	x15,x26,x5	 x26:0x00000000  x5:0x00000636 x15=0xfffff9ca
      509999000	     25398	8000608c	00b34363	blt	x6,x11,80006092	  x6:0x80021e76 x11:0xe8e5d1b8
      510699000	     25433	80006092	33f146b7	lui	x13,0x33f14	 x13=0x33f14000
      511719000	     25484	80006096	035450b3	divu	x1,x8,x21	  x8:0x80000000 x21:0x8a5ed04c  x1=0x00000000
      511739000	     25485	8000609a	0001	c.addi	x0,0	  x0:0x00000000  x0=0x00000000
      512479000	     25522	8000609c	024d69b3	rem	x19,x26,x4	 x26:0x00000000  x4:0xfffffc00 x19=0x00000000
      512499000	     25523	800060a0	41ef5933	sra	x18,x30,x30	 x30:0x00000000 x30:0x00000000 x18=0x00000000
      512519000	     25524	800060a4	6bf5	c.lui	x23,0x1d	 x23=0x0001d000
      512539000	     25525	800060a6	00539d63	bne	x7,x5,800060c0	  x7:0x00008fff  x5:0x00000636
      513099000	     25553	800060c0	8769	c.srai	x14,0x1a	 x14:0x00000000 x14=0x00000000
      513839000	     25590	800060c2	0296d733	divu	x14,x13,x9	 x13:0x33f14000  x9:0x00000001 x14=0x33f14000
      513859000	     25591	800060c6	003f96b3	sll	x13,x31,x3	 x31:0xfffffc00  x3:0x00000000 x13=0xfffffc00
      513879000	     25592	800060ca	01771263	bne	x14,x23,800060ce	 x14:0x33f14000 x23:0x0001d000
      513959000	     25596	800060ce	03d4cd33	div	x26,x9,x29	  x9:0x00000001 x29:0x00000000 x26=0xffffffff
      513999000	     25598	800060d2	03db6bb3	rem	x23,x22,x29	 x22:0x0000d000 x29:0x00000000 x23=0x0000d000
      514019000	     25599	800060d6	8fa5	c.xor	x15,x9	 x15:0xfffff9ca  x9:0x00000001 x15=0xfffff9cb
      514039000	     25600	800060d8	00e74b63	blt	x14,x14,800060ee	 x14:0x33f14000 x14:0x33f14000
      514779000	     25637	800060dc	029a5c33	divu	x24,x20,x9	 x20:0x0000d000  x9:0x00000001 x24=0x0000d000
      514819000	     25639	800060e0	02314bb3	div	x23,x2,x3	  x2:0x00000349  x3:0x00000000 x23=0xffffffff
      514839000	     25640	800060e4	9bf2	c.add	x23,x28	 x23:0xffffffff x28:0x80021e64 x23=0x80021e63
      514859000	     25641	800060e6	717d	c.addi16sp	x2,-16	  x2:0x00000349  x2=0x00000339
      514879000	     25642	800060e8	8cf1	c.and	x9,x12	  x9:0x00000001 x12:0x80025ce4  x9=0x00000000
      514899000	     25643	800060ea	02d44563	blt	x8,x13,80006114	  x8:0x80000000 x13:0xfffffc00
      515399000	     25668	80006114	03d593b3	mulh	x7,x11,x29	 x11:0xe8e5d1b8 x29:0x00000000  x7=0x00000000
      515419000	     25669	80006118	a8982393	slti	x7,x16,-1399	 x16:0x22939000  x7=0x00000000
      515519000	     25674	8000611c	0277a333	mulhsu	x6,x15,x7	 x15:0xfffff9cb  x7:0x00000000  x6=0x00000000
      515919000	     25694	80006120	0ff0000f	fence	iorw,iorw	
      515939000	     25695	80006124	8f75	c.and	x14,x13	 x14:0x33f14000 x13:0xfffffc00 x14=0x33f14000
      515979000	     25697	80006126	024f24b3	mulhsu	x9,x30,x4	 x30:0x00000000  x4:0xfffffc00  x9=0x00000000
      516019000	     25699	8000612a	40995c93	srai	x25,x18,0x9	 x18:0x00000000 x25=0x00000000
      516039000	     25700	8000612e	884a	c.mv	x16,x18	  x0:0x00000000 x18:0x00000000 x16=0x00000000
      516059000	     25701	80006130	0349d363	bge	x19,x20,80006156	 x19:0x00000000 x20:0x0000d000
      516159000	     25706	80006134	01765213	srli	x4,x12,0x17	 x12:0x80025ce4  x4=0x00000100
      516179000	     25707	80006138	8f56	c.mv	x30,x21	  x0:0x00000000 x21:0x8a5ed04c x30=0x8a5ed04c
      516219000	     25709	8000613a	0392c0b3	div	x1,x5,x25	  x5:0x00000636 x25:0x00000000  x1=0xffffffff
      516239000	     25710	8000613e	00e0f9b3	and	x19,x1,x14	  x1:0xffffffff x14:0x33f14000 x19=0x33f14000
      516259000	     25711	80006142	5b7d	c.li	x22,-1	 x22=0xffffffff
      516359000	     25716	80006144	00785293	srli	x5,x16,0x7	 x16:0x00000000  x5=0x00000000
      516519000	     25724	80006148	fa2587b7	lui	x15,0xfa258	 x15=0xfa258000
      516539000	     25725	8000614c	ed15	c.bnez	x10,80006188	 x10:0x00000000
      516919000	     25744	8000614e	409e5bb3	sra	x23,x28,x9	 x28:0x80021e64  x9:0x00000000 x23=0x80021e64
      516939000	     25745	80006152	4038dd93	srai	x27,x17,0x3	 x17:0x00000000 x27=0x00000000
      517039000	     25750	80006156	01ca5813	srli	x16,x20,0x1c	 x20:0x0000d000 x16=0x00000000
      517059000	     25751	8000615a	0001	c.addi	x0,0	  x0:0x00000000  x0=0x00000000
      517399000	     25768	8000615c	0181dc13	srli	x24,x3,0x18	  x3:0x00000000 x24=0x00000000
      517819000	     25789	80006160	8f71	c.and	x14,x12	 x14:0x33f14000 x12:0x80025ce4 x14=0x00004000
      518079000	     25802	80006162	02c81833	mulh	x16,x16,x12	 x16:0x00000000 x12:0x80025ce4 x16=0x00000000
      518099000	     25803	80006166	9afd	c.andi	x13,-1	 x13:0xfffffc00 x13=0xfffffc00
      518239000	     25810	80006168	c7bea893	slti	x17,x29,-901	 x29:0x00000000 x17=0x00000000
      518259000	     25811	8000616c	99ea	c.add	x19,x26	 x19:0x33f14000 x26:0xffffffff x19=0x33f13fff
      518279000	     25812	8000616e	8d31	c.xor	x10,x12	 x10:0x00000000 x12:0x80025ce4 x10=0x80025ce4
      518659000	     25831	80006170	0028c933	xor	x18,x17,x2	 x17:0x00000000  x2:0x00000339 x18=0x00000339
      518679000	     25832	80006174	0001	c.addi	x0,0	  x0:0x00000000  x0=0x00000000
      518699000	     25833	80006176	0836	c.slli	x16,0xd	 x16:0x00000000 x16=0x00000000
      518879000	     25842	80006178	01bf9363	bne	x31,x27,8000617e	 x31:0xfffffc00 x27:0x00000000
      519219000	     25859	8000617e	995e	c.add	x18,x23	 x18:0x00000339 x23:0x80021e64 x18=0x8002219d
      519659000	     25881	80006180	014f1db3	sll	x27,x30,x20	 x30:0x8a5ed04c x20:0x0000d000 x27=0x8a5ed04c
      519819000	     25889	80006184	0ff0000f	fence	iorw,iorw	
      519839000	     25890	80006188	8891	c.andi	x9,4	  x9:0x00000000  x9=0x00000000
      519859000	     25891	8000618a	8f8d	c.sub	x15,x11	 x15:0xfa258000 x11:0xe8e5d1b8 x15=0x113fae48
      519879000	     25892	8000618c	0001	c.addi	x0,0	  x0:0x00000000  x0=0x00000000
      519899000	     25893	8000618e	01b1d463	bge	x3,x27,80006196	  x3:0x00000000 x27:0x8a5ed04c
      520419000	     25919	80006196	4163d213	srai	x4,x7,0x16	  x7:0x00000000  x4=0x00000000
      520439000	     25920	8000619a	40b58b33	sub	x22,x11,x11	 x11:0xe8e5d1b8 x11:0xe8e5d1b8 x22=0x00000000
      520459000	     25921	8000619e	eb81	c.bnez	x15,800061ae	 x15:0x113fae48
      521499000	     25973	800061ae	0000100f	fence.i	
      522559000	     26026	800061b2	77506193	ori	x3,x0,1909	  x0:0x00000000  x3=0x00000775
      522579000	     26027	800061b6	9b7d	c.andi	x14,-1	 x14:0x00004000 x14=0x00004000
      522599000	     26028	800061b8	c21a2113	slti	x2,x20,-991	 x20:0x0000d000  x2=0x00000000
      522619000	     26029	800061bc	9b3a	c.add	x22,x14	 x22:0x00000000 x14:0x00004000 x22=0x00004000
      522639000	     26030	800061be	8af2	c.mv	x21,x28	  x0:0x00000000 x28:0x80021e64 x21=0x80021e64
      522659000	     26031	800061c0	5bd7c313	xori	x6,x15,1469	 x15:0x113fae48  x6=0x113fabf5
      522679000	     26032	800061c4	8fa9	c.xor	x15,x10	 x15:0x113fae48 x10:0x80025ce4 x15=0x913df2ac
      522699000	     26033	800061c6	00c8da63	bge	x17,x12,800061da	 x17:0x00000000 x12:0x80025ce4
      523239000	     26060	800061da	00628fb3	add	x31,x5,x6	  x5:0x00000000  x6:0x113fabf5 x31=0x113fabf5
      523359000	     26066	800061de	00a2b533	sltu	x10,x5,x10	  x5:0x00000000 x10:0x80025ce4 x10=0x00000001
      523379000	     26067	800061e2	0001	c.addi	x0,0	  x0:0x00000000  x0=0x00000000
      523779000	     26087	800061e4	411059b3	sra	x19,x0,x17	  x0:0x00000000 x17:0x00000000 x19=0x00000000
      523799000	     26088	800061e8	9bfd	c.andi	x15,-1	 x15:0x913df2ac x15=0x913df2ac
      523819000	     26089	800061ea	5a248397	auipc	x7,0x5a248	  x7=0xda24e1ea
      523839000	     26090	800061ee	97a2	c.add	x15,x8	 x15:0x913df2ac  x8:0x80000000 x15=0x113df2ac
      523919000	     26094	800061f0	8d8d	c.sub	x11,x11	 x11:0xe8e5d1b8 x11:0xe8e5d1b8 x11=0x00000000
      523939000	     26095	800061f2	03246e63	bltu	x8,x18,8000622e	  x8:0x80000000 x18:0x8002219d
      524419000	     26119	8000622e	01bc04b3	add	x9,x24,x27	 x24:0x00000000 x27:0x8a5ed04c  x9=0x8a5ed04c
      524599000	     26128	80006232	01739233	sll	x4,x7,x23	  x7:0xda24e1ea x23:0x80021e64  x4=0xa24e1ea0
      524619000	     26129	80006236	f5892193	slti	x3,x18,-168	 x18:0x8002219d  x3=0x00000001
      524639000	     26130	8000623a	92c6	c.add	x5,x17	  x5:0x00000000 x17:0x00000000  x5=0x00000000
      524739000	     26135	8000623c	03a08db3	mul	x27,x1,x26	  x1:0xffffffff x26:0xffffffff x27=0x00000001
      524759000	     26136	80006240	026a06b3	mul	x13,x20,x6	 x20:0x0000d000  x6:0x113fabf5 x13=0xbbb71000
      524779000	     26137	80006244	1afd	c.addi	x21,-1	 x21:0x80021e64 x21=0x80021e63
      524799000	     26138	80006246	872a	c.mv	x14,x10	  x0:0x00000000 x10:0x00000001 x14=0x00000001
      524859000	     26141	80006248	87b9	c.srai	x15,0xe	 x15:0x113df2ac x15=0x000044f7
      524879000	     26142	8000624a	00aa1493	slli	x9,x20,0xa	 x20:0x0000d000  x9=0x03400000
      524899000	     26143	8000624e	0375e463	bltu	x11,x23,80006276	 x11:0x00000000 x23:0x80021e64
      525459000	     26171	80006276	037a21b3	mulhsu	x3,x20,x23	 x20:0x0000d000 x23:0x80021e64  x3=0x00006801
      525859000	     26191	8000627a	006cf663	bgeu	x25,x6,80006286	 x25:0x00000000  x6:0x113fabf5
      526239000	     26210	8000627e	01a00d63	beq	x0,x26,80006298	  x0:0x00000000 x26:0xffffffff
      526659000	     26231	80006282	7109b893	sltiu	x17,x19,1808	 x19:0x00000000 x17=0x00000001
      527039000	     26250	80006286	01457933	and	x18,x10,x20	 x10:0x00000001 x20:0x0000d000 x18=0x00000000
      527059000	     26251	8000628a	014ed3b3	srl	x7,x29,x20	 x29:0x00000000 x20:0x0000d000  x7=0x00000000
      527079000	     26252	8000628e	e395	c.bnez	x15,800062b2	 x15:0x000044f7
      528359000	     26316	800062b2	987c7113	andi	x2,x24,-1657	 x24:0x00000000  x2=0x00000000
      528379000	     26317	800062b6	01ef1913	slli	x18,x30,0x1e	 x30:0x8a5ed04c x18=0x00000000
      528399000	     26318	800062ba	8d0d	c.sub	x10,x11	 x10:0x00000001 x11:0x00000000 x10=0x00000001
      528419000	     26319	800062bc	8d89	c.sub	x11,x10	 x11:0x00000000 x10:0x00000001 x11=0xffffffff
      528439000	     26320	800062be	818d	c.srli	x11,0x3	 x11:0xffffffff x11=0x1fffffff
      534999000	     26648	800062c0	1620fc93	andi	x25,x1,354	  x1:0xffffffff x25=0x00000162
      535019000	     26649	800062c4	1efd	c.addi	x29,-1	 x29:0x00000000 x29=0xffffffff
      535039000	     26650	800062c6	c91d	c.beqz	x10,800062fc	 x10:0x00000001
      535059000	     26651	800062c8	00075d93	srli	x27,x14,0x0	 x14:0x00000001 x27=0x00000001
      535079000	     26652	800062cc	8da5	c.xor	x11,x9	 x11:0x1fffffff  x9:0x03400000 x11=0x1cbfffff
      535099000	     26653	800062ce	98fd	c.andi	x9,-1	  x9:0x03400000  x9=0x03400000
      535599000	     26678	800062d0	98fd	c.andi	x9,-1	  x9:0x03400000  x9=0x03400000
      535619000	     26679	800062d2	e18d	c.bnez	x11,800062f4	 x11:0x1cbfffff
      536579000	     26727	800062f4	031e5133	divu	x2,x28,x17	 x28:0x80021e64 x17:0x00000001  x2=0x80021e64
      536599000	     26728	800062f8	005bbf33	sltu	x30,x23,x5	 x23:0x80021e64  x5:0x00000000 x30=0x00000000
      536619000	     26729	800062fc	00d96b33	or	x22,x18,x13	 x18:0x00000000 x13:0xbbb71000 x22=0xbbb71000
      536639000	     26730	80006300	412156b3	sra	x13,x2,x18	  x2:0x80021e64 x18:0x00000000 x13=0x80021e64
      537379000	     26767	80006304	037fcfb3	div	x31,x31,x23	 x31:0x113fabf5 x23:0x80021e64 x31=0x00000000
      537399000	     26768	80006308	0384	c.addi4spn	x9,x2,448	  x9=0x80022024
      537419000	     26769	8000630a	0086ccb3	xor	x25,x13,x8	 x13:0x80021e64  x8:0x80000000 x25=0x00021e64
      537439000	     26770	8000630e	8365	c.srli	x14,0x19	 x14:0x00000001 x14=0x00000000
      537459000	     26771	80006310	010f77b3	and	x15,x30,x16	 x30:0x00000000 x16:0x00000000 x15=0x00000000
      537479000	     26772	80006314	408c03b3	sub	x7,x24,x8	 x24:0x00000000  x8:0x80000000  x7=0x80000000
      537499000	     26773	80006318	0001	c.addi	x0,0	  x0:0x00000000  x0=0x00000000
      537519000	     26774	8000631a	d93ba693	slti	x13,x23,-621	 x23:0x80021e64 x13=0x00000001
      537539000	     26775	8000631e	0745	c.addi	x14,17	 x14:0x00000000 x14=0x00000011
      538279000	     26812	80006320	0269d7b3	divu	x15,x19,x6	 x19:0x00000000  x6:0x113fabf5 x15=0x00000000
      538299000	     26813	80006324	843b2b13	slti	x22,x22,-1981	 x22:0xbbb71000 x22=0x00000001
      538319000	     26814	80006328	003c0fb3	add	x31,x24,x3	 x24:0x00000000  x3:0x00006801 x31=0x00006801
      538339000	     26815	8000632c	8d99	c.sub	x11,x14	 x11:0x1cbfffff x14:0x00000011 x11=0x1cbfffee
      538379000	     26817	8000632e	03f31233	mulh	x4,x6,x31	  x6:0x113fabf5 x31:0x00006801  x4=0x00000701
      538419000	     26819	80006332	02ddb533	mulhu	x10,x27,x13	 x27:0x00000001 x13:0x00000001 x10=0x00000000
      538499000	     26823	80006336	03c78533	mul	x10,x15,x28	 x15:0x00000000 x28:0x80021e64 x10=0x00000000
      538519000	     26824	8000633a	69b9	c.lui	x19,0xe	 x19=0x0000e000
      538919000	     26844	8000633c	01438d63	beq	x7,x20,80006356	  x7:0x80000000 x20:0x0000d000
      538999000	     26848	80006340	038fe9b3	rem	x19,x31,x24	 x31:0x00006801 x24:0x00000000 x19=0x00006801
      539199000	     26858	80006344	c0bbf713	andi	x14,x23,-1013	 x23:0x80021e64 x14=0x80021c00
      539219000	     26859	80006348	017bf033	and	x0,x23,x23	 x23:0x80021e64 x23:0x80021e64  x0=0x00000000
      539239000	     26860	8000634c	03800033	mul	x0,x0,x24	  x0:0x00000000 x24:0x00000000  x0=0x00000000
      539259000	     26861	80006350	8399	c.srli	x15,0x6	 x15:0x00000000 x15=0x00000000
      539279000	     26862	80006352	003f9c33	sll	x24,x31,x3	 x31:0x00006801  x3:0x00006801 x24=0x0000d002
      539299000	     26863	80006356	8772	c.mv	x14,x28	  x0:0x00000000 x28:0x80021e64 x14=0x80021e64
      540179000	     26907	80006358	0285e5b3	rem	x11,x11,x8	 x11:0x1cbfffee  x8:0x80000000 x11=0x1cbfffee
      540199000	     26908	8000635c	95e5e013	ori	x0,x11,-1698	 x11:0x1cbfffee  x0=0x00000000
      540239000	     26910	80006360	035ab233	mulhu	x4,x21,x21	 x21:0x80021e63 x21:0x80021e63  x4=0x40021e67
      540319000	     26914	80006364	0ff0000f	fence	iorw,iorw	
      540739000	     26935	80006368	8485	c.srai	x9,0x1	  x9:0x80022024  x9=0xc0011012
      540759000	     26936	8000636a	8149	c.srli	x10,0x12	 x10:0x00000000 x10=0x00000000
      540919000	     26944	8000636c	01dada63	bge	x21,x29,80006380	 x21:0x80021e63 x29:0xffffffff
      541259000	     26961	80006370	8df1	c.and	x11,x12	 x11:0x1cbfffee x12:0x80025ce4 x11=0x00025ce4
      541679000	     26982	80006372	01c375b3	and	x11,x6,x28	  x6:0x113fabf5 x28:0x80021e64 x11=0x00020a64
      541699000	     26983	80006376	6145	c.addi16sp	x2,48	  x2:0x80021e64  x2=0x80021e94
      541799000	     26988	80006378	4165	c.li	x2,25	  x2=0x00000019
      541819000	     26989	8000637a	98fd	c.andi	x9,-1	  x9:0xc0011012  x9=0xc0011012
      541839000	     26990	8000637c	40318533	sub	x10,x3,x3	  x3:0x00006801  x3:0x00006801 x10=0x00000000
      541859000	     26991	80006380	31d5ed13	ori	x26,x11,797	 x11:0x00020a64 x26=0x00020b7d
      541879000	     26992	80006384	419f5093	srai	x1,x30,0x19	 x30:0x00000000  x1=0x00000000
      542279000	     27012	80006388	86d5	c.srai	x13,0x15	 x13:0x00000001 x13=0x00000000
      542299000	     27013	8000638a	41218c33	sub	x24,x3,x18	  x3:0x00006801 x18:0x00000000 x24=0x00006801
      542599000	     27028	8000638e	03071db3	mulh	x27,x14,x16	 x14:0x80021e64 x16:0x00000000 x27=0x00000000
      542619000	     27029	80006392	8f45	c.or	x14,x9	 x14:0x80021e64  x9:0xc0011012 x14=0xc0031e76
      542639000	     27030	80006394	06da	c.slli	x13,0x16	 x13:0x00000000 x13=0x00000000
      542659000	     27031	80006396	035e6763	bltu	x28,x21,800063c4	 x28:0x80021e64 x21:0x80021e63
      542679000	     27032	8000639a	03ca	c.slli	x7,0x12	  x7:0x80000000  x7=0x00000000
      542699000	     27033	8000639c	042d0463	beq	x26,x2,800063e4	 x26:0x00020b7d  x2:0x00000019
      543059000	     27051	800063a0	013b2eb3	slt	x29,x22,x19	 x22:0x00000001 x19:0x00006801 x29=0x00000001
      543219000	     27059	800063a4	85ca	c.mv	x11,x18	  x0:0x00000000 x18:0x00000000 x11=0x00000000
      543379000	     27067	800063a6	d4477193	andi	x3,x14,-700	 x14:0xc0031e76  x3=0xc0031c44
      543399000	     27068	800063aa	0116e9b3	or	x19,x13,x17	 x13:0x00000000 x17:0x00000001 x19=0x00000001
      543819000	     27089	800063ae	04946463	bltu	x8,x9,800063f6	  x8:0x80000000  x9:0xc0011012
      544439000	     27120	800063f6	0ff0000f	fence	iorw,iorw	
      544459000	     27121	800063fa	8df5	c.and	x11,x13	 x11:0x00000000 x13:0x00000000 x11=0x00000000
      544479000	     27122	800063fc	41eadc33	sra	x24,x21,x30	 x21:0x80021e63 x30:0x00000000 x24=0x80021e63
      544619000	     27129	80006400	8222	c.mv	x4,x8	  x0:0x00000000  x8:0x80000000  x4=0x80000000
      544639000	     27130	80006402	ffa6ab93	slti	x23,x13,-6	 x13:0x00000000 x23=0x00000000
      544659000	     27131	80006406	057e	c.slli	x10,0x1f	 x10:0x00000000 x10=0x00000000
      544759000	     27136	80006408	01ce	c.slli	x3,0x13	  x3:0xc0031c44  x3=0xe2200000
      544779000	     27137	8000640a	8335	c.srli	x14,0xd	 x14:0xc0031e76 x14=0x00060018
      544799000	     27138	8000640c	026b8d33	mul	x26,x23,x6	 x23:0x00000000  x6:0x113fabf5 x26=0x00000000
      544879000	     27142	80006410	0000100f	fence.i	
      545159000	     27156	80006414	00c2a833	slt	x16,x5,x12	  x5:0x00000000 x12:0x80025ce4 x16=0x00000000
      545579000	     27177	80006418	04b2	c.slli	x9,0xc	  x9:0xc0011012  x9=0x11012000
      545679000	     27182	8000641a	03c31c33	mulh	x24,x6,x28	  x6:0x113fabf5 x28:0x80021e64 x24=0xf7604e91
      545699000	     27183	8000641e	01c6	c.slli	x3,0x11	  x3:0xe2200000  x3=0x00000000
      545719000	     27184	80006420	89a9	c.andi	x11,10	 x11:0x00000000 x11=0x00000000
      545739000	     27185	80006422	0134a033	slt	x0,x9,x19	  x9:0x11012000 x19:0x00000001  x0=0x00000000
      545759000	     27186	80006426	3c93b313	sltiu	x6,x7,969	  x7:0x00000000  x6=0x00000001
      545779000	     27187	8000642a	8b61	c.andi	x14,24	 x14:0x00060018 x14=0x00000018
      545799000	     27188	8000642c	00285363	bge	x16,x2,80006432	 x16:0x00000000  x2:0x00000019
      545959000	     27196	80006430	8fd9	c.or	x15,x14	 x15:0x00000000 x14:0x00000018 x15=0x00000018
      545979000	     27197	80006432	10020313	addi	x6,x4,256	  x4:0x80000000  x6=0x80000100
      545999000	     27198	80006436	8d1d	c.sub	x10,x15	 x10:0x00000000 x15:0x00000018 x10=0xffffffe8
      546119000	     27204	80006438	02021fb3	mulh	x31,x4,x0	  x4:0x80000000  x0:0x00000000 x31=0x00000000
      546139000	     27205	8000643c	033cf963	bgeu	x25,x19,8000646e	 x25:0x00021e64 x19:0x00000001
      546879000	     27242	8000646e	00597eb3	and	x29,x18,x5	 x18:0x00000000  x5:0x00000000 x29=0x00000000
      547279000	     27262	80006472	00c72333	slt	x6,x14,x12	 x14:0x00000018 x12:0x80025ce4  x6=0x00000000
      547299000	     27263	80006476	80f1	c.srli	x9,0x1c	  x9:0x11012000  x9=0x00000001
      547719000	     27284	80006478	02b3b833	mulhu	x16,x7,x11	  x7:0x00000000 x11:0x00000000 x16=0x00000000
      547779000	     27287	8000647c	01010263	beq	x2,x16,80006480	  x2:0x00000019 x16:0x00000000
      547959000	     27296	80006480	03be9933	mulh	x18,x29,x27	 x29:0x00000000 x27:0x00000000 x18=0x00000000
      548119000	     27304	80006484	0ff0000f	fence	iorw,iorw	
      548139000	     27305	80006488	0001	c.addi	x0,0	  x0:0x00000000  x0=0x00000000
      548199000	     27308	8000648a	002adf63	bge	x21,x2,800064a8	 x21:0x80021e63  x2:0x00000019
      548219000	     27309	8000648e	69cd	c.lui	x19,0x13	 x19=0x00013000
      548259000	     27311	80006490	c2eee213	ori	x4,x29,-978	 x29:0x00000000  x4=0xfffffc2e
      548679000	     27332	80006494	8d61	c.and	x10,x8	 x10:0xffffffe8  x8:0x80000000 x10=0x80000000
      548699000	     27333	80006496	0ff0000f	fence	iorw,iorw	
      548719000	     27334	8000649a	846dfd17	auipc	x26,0x846df	 x26=0x046e549a
      548739000	     27335	8000649e	00ca67b3	or	x15,x20,x12	 x20:0x0000d000 x12:0x80025ce4 x15=0x8002dce4
      548759000	     27336	800064a2	0b18	c.addi4spn	x14,x2,400	 x14=0x000001a9
      548799000	     27338	800064a4	02b84033	div	x0,x16,x11	 x16:0x00000000 x11:0x00000000  x0=0x00000000
      549059000	     27351	800064a8	0140c563	blt	x1,x20,800064b2	  x1:0x00000000 x20:0x0000d000
      550459000	     27421	800064b2	01972233	slt	x4,x14,x25	 x14:0x000001a9 x25:0x00021e64  x4=0x00000001
      550639000	     27430	800064b6	02997d63	bgeu	x18,x9,800064f0	 x18:0x00000000  x9:0x00000001
      551379000	     27467	800064ba	02e747b3	div	x15,x14,x14	 x14:0x000001a9 x14:0x000001a9 x15=0x00000001
      552119000	     27504	800064be	02a763b3	rem	x7,x14,x10	 x14:0x000001a9 x10:0x80000000  x7=0x000001a9
      552139000	     27505	800064c2	0001	c.addi	x0,0	  x0:0x00000000  x0=0x00000000
      552159000	     27506	800064c4	c6d93913	sltiu	x18,x18,-915	 x18:0x00000000 x18=0x00000001
      552179000	     27507	800064c8	d322fb13	andi	x22,x5,-718	  x5:0x00000000 x22=0x00000000
      552199000	     27508	800064cc	0ff0000f	fence	iorw,iorw	
      552219000	     27509	800064d0	7c288f13	addi	x30,x17,1986	 x17:0x00000001 x30=0x000007c3
      552959000	     27546	800064d4	03277733	remu	x14,x14,x18	 x14:0x000001a9 x18:0x00000001 x14=0x00000000
      552979000	     27547	800064d8	0080ad33	slt	x26,x1,x8	  x1:0x00000000  x8:0x80000000 x26=0x00000000
      552999000	     27548	800064dc	8e81	c.sub	x13,x8	 x13:0x00000000  x8:0x80000000 x13=0x80000000
      553019000	     27549	800064de	973e	c.add	x14,x15	 x14:0x00000000 x15:0x00000001 x14=0x00000001
      553039000	     27550	800064e0	00894133	xor	x2,x18,x8	 x18:0x00000001  x8:0x80000000  x2=0x80000001
      553059000	     27551	800064e4	02a58eb3	mul	x29,x11,x10	 x11:0x00000000 x10:0x80000000 x29=0x00000000
      553079000	     27552	800064e8	02e2e463	bltu	x5,x14,80006510	  x5:0x00000000 x14:0x00000001
      553679000	     27582	80006510	01283133	sltu	x2,x16,x18	 x16:0x00000000 x18:0x00000001  x2=0x00000001
      553699000	     27583	80006514	0020ab33	slt	x22,x1,x2	  x1:0x00000000  x2:0x00000001 x22=0x00000001
      553719000	     27584	80006518	8d7d	c.and	x10,x15	 x10:0x80000000 x15:0x00000001 x10=0x00000000
      553759000	     27586	8000651a	036c2cb3	mulhsu	x25,x24,x22	 x24:0xf7604e91 x22:0x00000001 x25=0xffffffff
      553779000	     27587	8000651e	717d	c.addi16sp	x2,-16	  x2:0x00000001  x2=0xfffffff1
      553799000	     27588	80006520	159c	c.addi4spn	x15,x2,736	 x15=0x000002d1
      553819000	     27589	80006522	000b9263	bne	x23,x0,80006526	 x23:0x00000000  x0:0x00000000
      554079000	     27602	80006526	0000100f	fence.i	
      555199000	     27658	8000652a	0000100f	fence.i	
      555839000	     27690	8000652e	0001	c.addi	x0,0	  x0:0x00000000  x0=0x00000000
      556059000	     27701	80006530	9c4a	c.add	x24,x18	 x24:0xf7604e91 x18:0x00000001 x24=0xf7604e92
      556079000	     27702	80006532	6919	c.lui	x18,0x6	 x18=0x00006000
      556099000	     27703	80006534	b39b6537	lui	x10,0xb39b6	 x10=0xb39b6000
      556119000	     27704	80006538	41408cb3	sub	x25,x1,x20	  x1:0x00000000 x20:0x0000d000 x25=0xffff3000
      556139000	     27705	8000653c	f605f213	andi	x4,x11,-160	 x11:0x00000000  x4=0x00000000
      556159000	     27706	80006540	c39d	c.beqz	x15,80006566	 x15:0x000002d1
      556179000	     27707	80006542	15fd	c.addi	x11,-1	 x11:0x00000000 x11=0xffffffff
      556199000	     27708	80006544	01155733	srl	x14,x10,x17	 x10:0xb39b6000 x17:0x00000001 x14=0x59cdb000
      556779000	     27737	80006548	0b8bf813	andi	x16,x23,184	 x23:0x00000000 x16=0x00000000
      557019000	     27749	8000654c	01abaf33	slt	x30,x23,x26	 x23:0x00000000 x26:0x00000000 x30=0x00000000
      557179000	     27757	80006550	01290bb3	add	x23,x18,x18	 x18:0x00006000 x18:0x00006000 x23=0x0000c000
      557419000	     27769	80006554	00e41593	slli	x11,x8,0xe	  x8:0x80000000 x11=0x00000000
      557619000	     27779	80006558	1b18	c.addi4spn	x14,x2,432	 x14=0x000001a1
      557659000	     27781	8000655a	03abe833	rem	x16,x23,x26	 x23:0x0000c000 x26:0x00000000 x16=0x0000c000
      558079000	     27802	8000655e	02034cb3	div	x25,x6,x0	  x6:0x00000000  x0:0x00000000 x25=0xffffffff
      558099000	     27803	80006562	402b5b13	srai	x22,x22,0x2	 x22:0x00000001 x22=0x00000000
      558119000	     27804	80006566	8d81	c.sub	x11,x8	 x11:0x00000000  x8:0x80000000 x11=0x80000000
      558279000	     27812	80006568	01815293	srli	x5,x2,0x18	  x2:0xfffffff1  x5=0x000000ff
      558299000	     27813	8000656c	013868b3	or	x17,x16,x19	 x16:0x0000c000 x19:0x00013000 x17=0x0001f000
      558319000	     27814	80006570	60d9	c.lui	x1,0x16	  x1=0x00016000
      558339000	     27815	80006572	0001	c.addi	x0,0	  x0:0x00000000  x0=0x00000000
      558359000	     27816	80006574	03edc363	blt	x27,x30,8000659a	 x27:0x00000000 x30:0x00000000
      558379000	     27817	80006578	018e9593	slli	x11,x29,0x18	 x29:0x00000000 x11=0x00000000
      558399000	     27818	8000657c	8f41	c.or	x14,x8	 x14:0x000001a1  x8:0x80000000 x14=0x800001a1
      558419000	     27819	8000657e	43a1	c.li	x7,8	  x7=0x00000008
      558679000	     27832	80006580	0d2a	c.slli	x26,0xa	 x26:0x00000000 x26=0x00000000
      558699000	     27833	80006582	4f91	c.li	x31,4	 x31=0x00000004
      558919000	     27844	80006584	81f5	c.srli	x11,0x1d	 x11:0x00000000 x11=0x00000000
      559039000	     27850	80006586	14827913	andi	x18,x4,328	  x4:0x00000000 x18=0x00000000
      560179000	     27907	8000658a	027e71b3	remu	x3,x28,x7	 x28:0x80021e64  x7:0x00000008  x3=0x00000004
      560199000	     27908	8000658e	023e7363	bgeu	x28,x3,800065b4	 x28:0x80021e64  x3:0x00000004
      560559000	     27926	800065b4	01695033	srl	x0,x18,x22	 x18:0x00000000 x22:0x00000000  x0=0x00000000
      560579000	     27927	800065b8	0001	c.addi	x0,0	  x0:0x00000000  x0=0x00000000
      561399000	     27968	800065ba	02f859b3	divu	x19,x16,x15	 x16:0x0000c000 x15:0x000002d1 x19=0x00000044
      561439000	     27970	800065be	02be4ab3	div	x21,x28,x11	 x28:0x80021e64 x11:0x00000000 x21=0xffffffff
      561459000	     27971	800065c2	417085b3	sub	x11,x1,x23	  x1:0x00016000 x23:0x0000c000 x11=0x0000a000
      561479000	     27972	800065c6	eb01	c.bnez	x14,800065d6	 x14:0x800001a1
      562299000	     28013	800065d6	03cd4a33	div	x20,x26,x28	 x26:0x00000000 x28:0x80021e64 x20=0x00000000
      562319000	     28014	800065da	0119afb3	slt	x31,x19,x17	 x19:0x00000044 x17:0x0001f000 x31=0x00000001
      562339000	     28015	800065de	008cdb33	srl	x22,x25,x8	 x25:0xffffffff  x8:0x80000000 x22=0xffffffff
      562359000	     28016	800065e2	8af5	c.andi	x13,29	 x13:0x80000000 x13=0x00000000
      562439000	     28020	800065e4	6ea1	c.lui	x29,0x8	 x29=0x00008000
      562459000	     28021	800065e6	03c6	c.slli	x7,0x11	  x7:0x00000008  x7=0x00100000
      562479000	     28022	800065e8	8a12	c.mv	x20,x4	  x0:0x00000000  x4:0x00000000 x20=0x00000000
      562499000	     28023	800065ea	8f25	c.xor	x14,x9	 x14:0x800001a1  x9:0x00000001 x14=0x800001a0
      562519000	     28024	800065ec	8085	c.srli	x9,0x1	  x9:0x00000001  x9=0x00000000
      562919000	     28044	800065ee	03883c33	mulhu	x24,x16,x24	 x16:0x0000c000 x24:0xf7604e92 x24=0x0000b988
      562999000	     28048	800065f2	004f80b3	add	x1,x31,x4	 x31:0x00000001  x4:0x00000000  x1=0x00000001
      563019000	     28049	800065f6	01a2f1b3	and	x3,x5,x26	  x5:0x000000ff x26:0x00000000  x3=0x00000000
      563039000	     28050	800065fa	015ba333	slt	x6,x23,x21	 x23:0x0000c000 x21:0xffffffff  x6=0x00000000
      563319000	     28064	800065fe	0ff0000f	fence	iorw,iorw	
      563719000	     28084	80006602	036c8bb3	mul	x23,x25,x22	 x25:0xffffffff x22:0xffffffff x23=0x00000001
      563739000	     28085	80006606	e38d	c.bnez	x15,80006628	 x15:0x000002d1
      564279000	     28112	80006628	81b1	c.srli	x11,0xc	 x11:0x0000a000 x11=0x0000000a
      564299000	     28113	8000662a	98fd	c.andi	x9,-1	  x9:0x00000000  x9=0x00000000
      564339000	     28115	8000662c	00291f93	slli	x31,x18,0x2	 x18:0x00000000 x31=0x00000000
      564359000	     28116	80006630	00f4a6b3	slt	x13,x9,x15	  x9:0x00000000 x15:0x000002d1 x13=0x00000001
      564379000	     28117	80006634	e90d	c.bnez	x10,80006666	 x10:0xb39b6000
      578719000	     28834	80006666	43edc393	xori	x7,x27,1086	 x27:0x00000000  x7=0x0000043e
      578739000	     28835	8000666a	408b5c33	sra	x24,x22,x8	 x22:0xffffffff  x8:0x80000000 x24=0xffffffff
      578759000	     28836	8000666e	68258c17	auipc	x24,0x68258	 x24=0xe825e66e
      578779000	     28837	80006672	1be69d97	auipc	x27,0x1be69	 x27=0x9be6f672
      579199000	     28858	80006676	039a6063	bltu	x20,x25,80006696	 x20:0x00000000 x25:0xffffffff
      580239000	     28910	80006696	015e6533	or	x10,x28,x21	 x28:0x80021e64 x21:0xffffffff x10=0xffffffff
      580259000	     28911	8000669a	8fd9	c.or	x15,x14	 x15:0x000002d1 x14:0x800001a0 x15=0x800003f1
      580279000	     28912	8000669c	0001	c.addi	x0,0	  x0:0x00000000  x0=0x00000000
      580319000	     28914	8000669e	031fa033	mulhsu	x0,x31,x17	 x31:0x00000000 x17:0x0001f000  x0=0x00000000
      580339000	     28915	800066a2	7cee2b93	slti	x23,x28,1998	 x28:0x80021e64 x23=0x00000001
      580359000	     28916	800066a6	403808b3	sub	x17,x16,x3	 x16:0x0000c000  x3:0x00000000 x17=0x0000c000
      580379000	     28917	800066aa	03ca	c.slli	x7,0x12	  x7:0x0000043e  x7=0x10f80000
      580399000	     28918	800066ac	02fe84b3	mul	x9,x29,x15	 x29:0x00008000 x15:0x800003f1  x9=0x01f88000
      580419000	     28919	800066b0	8d19	c.sub	x10,x14	 x10:0xffffffff x14:0x800001a0 x10=0x7ffffe5f
      580459000	     28921	800066b2	02f494b3	mulh	x9,x9,x15	  x9:0x01f88000 x15:0x800003f1  x9=0xff03c007
      581199000	     28958	800066b6	0307e733	rem	x14,x15,x16	 x15:0x800003f1 x16:0x0000c000 x14=0xffff83f1
      581219000	     28959	800066ba	4180d213	srai	x4,x1,0x18	  x1:0x00000001  x4=0x00000000
      581239000	     28960	800066be	028ed663	bge	x29,x8,800066ea	 x29:0x00008000  x8:0x80000000
      581339000	     28965	800066ea	005c17b3	sll	x15,x24,x5	 x24:0xe825e66e  x5:0x000000ff x15=0x00000000
      581379000	     28967	800066ee	00a5e9b3	or	x19,x11,x10	 x11:0x0000000a x10:0x7ffffe5f x19=0x7ffffe5f
      581439000	     28970	800066f2	00759e63	bne	x11,x7,8000670e	 x11:0x0000000a  x7:0x10f80000
      582999000	     29048	8000670e	00d05793	srli	x15,x0,0xd	  x0:0x00000000 x15=0x00000000
      583019000	     29049	80006712	0504	c.addi4spn	x9,x2,640	  x9=0x00000271
      583039000	     29050	80006714	809d	c.srli	x9,0x7	  x9:0x00000271  x9=0x00000004
      583059000	     29051	80006716	00d085b3	add	x11,x1,x13	  x1:0x00000001 x13:0x00000001 x11=0x00000002
      583079000	     29052	8000671a	821a	c.mv	x4,x6	  x0:0x00000000  x6:0x00000000  x4=0x00000000
      583099000	     29053	8000671c	3740a093	slti	x1,x1,884	  x1:0x00000001  x1=0x00000001
      583839000	     29090	80006720	02a64133	div	x2,x12,x10	 x12:0x80025ce4 x10:0x7ffffe5f  x2=0x00000000
      583859000	     29091	80006724	0000100f	fence.i	
      583939000	     29095	80006728	011436b3	sltu	x13,x8,x17	  x8:0x80000000 x17:0x0000c000 x13=0x00000000
      583959000	     29096	8000672c	00c97363	bgeu	x18,x12,80006732	 x18:0x00000000 x12:0x80025ce4
      584219000	     29109	80006730	80e6	c.mv	x1,x25	  x0:0x00000000 x25:0xffffffff  x1=0xffffffff
      584239000	     29110	80006732	4cde0917	auipc	x18,0x4cde0	 x18=0xccde6732
      584259000	     29111	80006736	001bdbb3	srl	x23,x23,x1	 x23:0x00000001  x1:0xffffffff x23=0x00000000
      584379000	     29117	8000673a	26e02193	slti	x3,x0,622	  x0:0x00000000  x3=0x00000001
      584479000	     29122	8000673e	0009c8b3	xor	x17,x19,x0	 x19:0x7ffffe5f  x0:0x00000000 x17=0x7ffffe5f
      584499000	     29123	80006742	00b12f33	slt	x30,x2,x11	  x2:0x00000000 x11:0x00000002 x30=0x00000001
      584519000	     29124	80006746	8cf1	c.and	x9,x12	  x9:0x00000004 x12:0x80025ce4  x9=0x00000004
      585359000	     29166	80006748	033c56b3	divu	x13,x24,x19	 x24:0xe825e66e x19:0x7ffffe5f x13=0x00000001
      585379000	     29167	8000674c	11fd	c.addi	x3,-1	  x3:0x00000001  x3=0x00000000
      585399000	     29168	8000674e	419d0133	sub	x2,x26,x25	 x26:0x00000000 x25:0xffffffff  x2=0x00000001
      586139000	     29205	80006752	022066b3	rem	x13,x0,x2	  x0:0x00000000  x2:0x00000001 x13=0x00000000
      586159000	     29206	80006756	3f7cad17	auipc	x26,0x3f7ca	 x26=0xbf7d0756
      586899000	     29243	8000675a	038dda33	divu	x20,x27,x24	 x27:0x9be6f672 x24:0xe825e66e x20=0x00000000
      586939000	     29245	8000675e	0377b7b3	mulhu	x15,x15,x23	 x15:0x00000000 x23:0x00000000 x15=0x00000000
      586959000	     29246	80006762	1fb42ab7	lui	x21,0x1fb42	 x21=0x1fb42000
      586979000	     29247	80006766	00e71263	bne	x14,x14,8000676a	 x14:0xffff83f1 x14:0xffff83f1
      586999000	     29248	8000676a	8f89	c.sub	x15,x10	 x15:0x00000000 x10:0x7ffffe5f x15=0x800001a1
      587019000	     29249	8000676c	198c	c.addi4spn	x11,x2,240	 x11=0x000000f1
      587039000	     29250	8000676e	02af5263	bge	x30,x10,80006792	 x30:0x00000001 x10:0x7ffffe5f
      587059000	     29251	80006772	0000100f	fence.i	
      587879000	     29292	80006776	0da9	c.addi	x27,10	 x27:0x9be6f672 x27=0x9be6f67c
      588199000	     29308	80006778	0313ab33	mulhsu	x22,x7,x17	  x7:0x10f80000 x17:0x7ffffe5f x22=0x087bffe4
      588259000	     29311	8000677c	01fc59b3	srl	x19,x24,x31	 x24:0xe825e66e x31:0x00000000 x19=0xe825e66e
      588319000	     29314	80006780	009adf63	bge	x21,x9,8000679e	 x21:0x1fb42000  x9:0x00000004
      589059000	     29351	8000679e	01691993	slli	x19,x18,0x16	 x18:0xccde6732 x19=0xcc800000
      589079000	     29352	800067a2	877d	c.srai	x14,0x1f	 x14:0xffff83f1 x14=0xffffffff
      589099000	     29353	800067a4	00da3733	sltu	x14,x20,x13	 x20:0x00000000 x13:0x00000000 x14=0x00000000
      589159000	     29356	800067a8	011b2ab3	slt	x21,x22,x17	 x22:0x087bffe4 x17:0x7ffffe5f x21=0x00000001
      589279000	     29362	800067ac	577d	c.li	x14,-1	 x14=0xffffffff
      589359000	     29366	800067ae	53a19c17	auipc	x24,0x53a19	 x24=0xd3a1f7ae
      589739000	     29385	800067b2	0127ec63	bltu	x15,x18,800067ca	 x15:0x800001a1 x18:0xccde6732
      590119000	     29404	800067ca	8d49	c.or	x10,x10	 x10:0x7ffffe5f x10:0x7ffffe5f x10=0x7ffffe5f
      590139000	     29405	800067cc	015f8d63	beq	x31,x21,800067e6	 x31:0x00000000 x21:0x00000001
      590239000	     29410	800067d0	00b8db13	srli	x22,x17,0xb	 x17:0x7ffffe5f x22=0x000fffff
      590419000	     29419	800067d4	41930fb3	sub	x31,x6,x25	  x6:0x00000000 x25:0xffffffff x31=0x00000001
      590439000	     29420	800067d8	009a1f13	slli	x30,x20,0x9	 x20:0x00000000 x30=0x00000000
      590519000	     29424	800067dc	dafb7713	andi	x14,x22,-593	 x22:0x000fffff x14=0x000ffdaf
      591359000	     29466	800067e0	027cceb3	div	x29,x25,x7	 x25:0xffffffff  x7:0x10f80000 x29=0x00000000
      591379000	     29467	800067e4	8535	c.srai	x10,0xd	 x10:0x7ffffe5f x10=0x0003ffff
      591399000	     29468	800067e6	839d	c.srli	x15,0x7	 x15:0x800001a1 x15=0x01000003
      591419000	     29469	800067e8	0759	c.addi	x14,22	 x14:0x000ffdaf x14=0x000ffdc5
      591439000	     29470	800067ea	6afcc513	xori	x10,x25,1711	 x25:0xffffffff x10=0xfffff950
      591459000	     29471	800067ee	01b2	c.slli	x3,0xc	  x3:0x00000000  x3=0x00000000
      591479000	     29472	800067f0	9afd	c.andi	x13,-1	 x13:0x00000000 x13=0x00000000
      591499000	     29473	800067f2	0000100f	fence.i	
      592479000	     29522	800067f6	01a4d713	srli	x14,x9,0x1a	  x9:0x00000004 x14=0x00000000
      592499000	     29523	800067fa	30d0e993	ori	x19,x1,781	  x1:0xffffffff x19=0xffffffff
      593239000	     29560	800067fe	030adeb3	divu	x29,x21,x16	 x21:0x00000001 x16:0x0000c000 x29=0x00000000
      593259000	     29561	80006802	83ad	c.srli	x15,0xb	 x15:0x01000003 x15=0x00002000
      593279000	     29562	80006804	003b5693	srli	x13,x22,0x3	 x22:0x000fffff x13=0x0001ffff
      593299000	     29563	80006808	01e2cf33	xor	x30,x5,x30	  x5:0x000000ff x30:0x00000000 x30=0x000000ff
      593319000	     29564	8000680c	f7f76b13	ori	x22,x14,-129	 x14:0x00000000 x22=0xffffff7f
      593359000	     29566	80006810	03e9aab3	mulhsu	x21,x19,x30	 x19:0xffffffff x30:0x000000ff x21=0xffffffff
      593379000	     29567	80006814	6165	c.addi16sp	x2,112	  x2:0x00000001  x2=0x00000071
      593399000	     29568	80006816	8e85	c.sub	x13,x9	 x13:0x0001ffff  x9:0x00000004 x13=0x0001fffb
      593579000	     29577	80006818	8a92	c.mv	x21,x4	  x0:0x00000000  x4:0x00000000 x21=0x00000000
      593599000	     29578	8000681a	8a81	c.andi	x13,0	 x13:0x0001fffb x13=0x00000000
      593619000	     29579	8000681c	03bcf563	bgeu	x25,x27,80006846	 x25:0xffffffff x27:0x9be6f67c
      593839000	     29590	80006846	c2a9	c.beqz	x13,80006888	 x13:0x00000000
      594339000	     29615	80006888	6f2d	c.lui	x30,0xb	 x30=0x0000b000
      594359000	     29616	8000688a	1505f837	lui	x16,0x1505f	 x16=0x1505f000
      594739000	     29635	8000688e	00ff9263	bne	x31,x15,80006892	 x31:0x00000001 x15:0x00002000
      595619000	     29679	80006892	0001	c.addi	x0,0	  x0:0x00000000  x0=0x00000000
      596039000	     29700	80006894	6141	c.addi16sp	x2,16	  x2:0x00000071  x2=0x00000081
      596059000	     29701	80006896	9f86	c.add	x31,x1	 x31:0x00000001  x1:0xffffffff x31=0x00000000
      596199000	     29708	80006898	0264c5b3	div	x11,x9,x6	  x9:0x00000004  x6:0x00000000 x11=0xffffffff
      596219000	     29709	8000689c	044e6063	bltu	x28,x4,800068dc	 x28:0x80021e64  x4:0x00000000
      596499000	     29723	800068a0	8fd5	c.or	x15,x13	 x15:0x00002000 x13:0x00000000 x15=0x00002000
      596519000	     29724	800068a2	0011d193	srli	x3,x3,0x1	  x3:0x00000000  x3=0x00000000
      596539000	     29725	800068a6	7b886393	ori	x7,x16,1976	 x16:0x1505f000  x7=0x1505f7b8
      596559000	     29726	800068aa	8f8ae1b7	lui	x3,0x8f8ae	  x3=0x8f8ae000
      596579000	     29727	800068ae	6499	c.lui	x9,0x6	  x9=0x00006000
      596599000	     29728	800068b0	8495	c.srai	x9,0x5	  x9:0x00006000  x9=0x00000300
      596619000	     29729	800068b2	9afd	c.andi	x13,-1	 x13:0x00000000 x13=0x00000000
      596999000	     29748	800068b4	8e91	c.sub	x13,x12	 x13:0x00000000 x12:0x80025ce4 x13=0x7ffda31c
      597419000	     29769	800068b6	41c257b3	sra	x15,x4,x28	  x4:0x00000000 x28:0x80021e64 x15=0x00000000
      597819000	     29789	800068ba	00182f33	slt	x30,x16,x1	 x16:0x1505f000  x1:0xffffffff x30=0x00000000
      598079000	     29802	800068be	21783c93	sltiu	x25,x16,535	 x16:0x1505f000 x25=0x00000000
      598099000	     29803	800068c2	8f59	c.or	x14,x14	 x14:0x00000000 x14:0x00000000 x14=0x00000000
      598399000	     29818	800068c4	0d99	c.addi	x27,6	 x27:0x9be6f67c x27=0x9be6f682
      598419000	     29819	800068c6	8d4d	c.or	x10,x11	 x10:0xfffff950 x11:0xffffffff x10=0xffffffff
      598779000	     29837	800068c8	17849997	auipc	x19,0x17849	 x19=0x9784f8c8
      598799000	     29838	800068cc	dfb46897	auipc	x17,0xdfb46	 x17=0x5fb4c8cc
      598819000	     29839	800068d0	27cbc993	xori	x19,x23,636	 x23:0x00000000 x19=0x0000027c
      598839000	     29840	800068d4	416388b3	sub	x17,x7,x22	  x7:0x1505f7b8 x22:0xffffff7f x17=0x1505f839
      599259000	     29861	800068d8	007452b3	srl	x5,x8,x7	  x8:0x80000000  x7:0x1505f7b8  x5=0x00000080
      599279000	     29862	800068dc	0000100f	fence.i	
      599779000	     29887	800068e0	8d15	c.sub	x10,x13	 x10:0xffffffff x13:0x7ffda31c x10=0x80025ce3
      599799000	     29888	800068e2	588f0e93	addi	x29,x30,1416	 x30:0x00000000 x29=0x00000588
      599819000	     29889	800068e6	87b6	c.mv	x15,x13	  x0:0x00000000 x13:0x7ffda31c x15=0x7ffda31c
      599839000	     29890	800068e8	024d8833	mul	x16,x27,x4	 x27:0x9be6f682  x4:0x00000000 x16=0x00000000
      599859000	     29891	800068ec	83d9	c.srli	x15,0x16	 x15:0x7ffda31c x15=0x000001ff
      600259000	     29911	800068ee	50bef293	andi	x5,x29,1291	 x29:0x00000588  x5=0x00000508
      600999000	     29948	800068f2	03ac4fb3	div	x31,x24,x26	 x24:0xd3a1f7ae x26:0xbf7d0756 x31=0x00000000
      601839000	     29990	800068f6	98fd	c.andi	x9,-1	  x9:0x00000300  x9=0x00000300
      602579000	     30027	800068f8	022b5f33	divu	x30,x22,x2	 x22:0xffffff7f  x2:0x00000081 x30=0x01fc07ef
      602599000	     30028	800068fc	0004ba33	sltu	x20,x9,x0	  x9:0x00000300  x0:0x00000000 x20=0x00000000
      602619000	     30029	80006900	04ce9263	bne	x29,x12,80006944	 x29:0x00000588 x12:0x80025ce4
      603419000	     30069	80006944	02b95ab3	divu	x21,x18,x11	 x18:0xccde6732 x11:0xffffffff x21=0x00000000
      603439000	     30070	80006948	0003d263	bge	x7,x0,8000694c	  x7:0x1505f7b8  x0:0x00000000
      603539000	     30075	8000694c	0085f933	and	x18,x11,x8	 x11:0xffffffff  x8:0x80000000 x18=0x80000000
      603559000	     30076	80006950	83bd	c.srli	x15,0xf	 x15:0x000001ff x15=0x00000000
      603679000	     30082	80006952	7d903917	auipc	x18,0x7d903	 x18=0xfd909952
      603699000	     30083	80006956	717d	c.addi16sp	x2,-16	  x2:0x00000081  x2=0x00000071
      604099000	     30103	80006958	15cbbb93	sltiu	x23,x23,348	 x23:0x00000000 x23=0x00000001
      604119000	     30104	8000695c	a904c493	xori	x9,x9,-1392	  x9:0x00000300  x9=0xfffff990
      604139000	     30105	80006960	0ae5	c.addi	x21,25	 x21:0x00000000 x21=0x00000019
      605219000	     30159	80006962	0361e333	rem	x6,x3,x22	  x3:0x8f8ae000 x22:0xffffff7f  x6=0xffffffe8
      605239000	     30160	80006966	757b7313	andi	x6,x22,1879	 x22:0xffffff7f  x6=0x00000757
      605259000	     30161	8000696a	1b7d	c.addi	x22,-1	 x22:0xffffff7f x22=0xffffff7e
      605279000	     30162	8000696c	0001	c.addi	x0,0	  x0:0x00000000  x0=0x00000000
      605439000	     30170	8000696e	000b2033	slt	x0,x22,x0	 x22:0xffffff7e  x0:0x00000000  x0=0x00000000
      605459000	     30171	80006972	c29d	c.beqz	x13,80006998	 x13:0x7ffda31c
      605479000	     30172	80006974	8ba6	c.mv	x23,x9	  x0:0x00000000  x9:0xfffff990 x23=0xfffff990
      605879000	     30192	80006976	02749e63	bne	x9,x7,800069b2	  x9:0xfffff990  x7:0x1505f7b8
      606939000	     30245	800069b2	01522c33	slt	x24,x4,x21	  x4:0x00000000 x21:0x00000019 x24=0x00000001
      606959000	     30246	800069b6	418e5933	sra	x18,x28,x24	 x28:0x80021e64 x24:0x00000001 x18=0xc0010f32
      606979000	     30247	800069ba	01776bb3	or	x23,x14,x23	 x14:0x00000000 x23:0xfffff990 x23=0xfffff990
      606999000	     30248	800069be	8db1	c.xor	x11,x12	 x11:0xffffffff x12:0x80025ce4 x11=0x7ffda31b
      607019000	     30249	800069c0	47bf64b7	lui	x9,0x47bf6	  x9=0x47bf6000
      607159000	     30256	800069c4	4037d713	srai	x14,x15,0x3	 x15:0x00000000 x14=0x00000000
      607239000	     30260	800069c8	9d46	c.add	x26,x17	 x26:0xbf7d0756 x17:0x1505f839 x26=0xd482ff8f
      607259000	     30261	800069ca	009d89b3	add	x19,x27,x9	 x27:0x9be6f682  x9:0x47bf6000 x19=0xe3a65682
      607359000	     30266	800069ce	02cc7d63	bgeu	x24,x12,80006a08	 x24:0x00000001 x12:0x80025ce4
      607779000	     30287	800069d2	01bbdb63	bge	x23,x27,800069e8	 x23:0xfffff990 x27:0x9be6f682
      608719000	     30334	800069e8	9a90bb13	sltiu	x22,x1,-1623	  x1:0xffffffff x22=0x00000000
      608739000	     30335	800069ec	018f1b63	bne	x30,x24,80006a02	 x30:0x01fc07ef x24:0x00000001
      609139000	     30355	80006a02	9cfa	c.add	x25,x30	 x25:0x00000000 x30:0x01fc07ef x25=0x01fc07ef
      609159000	     30356	80006a04	014da533	slt	x10,x27,x20	 x27:0x9be6f682 x20:0x00000000 x10=0x00000001
      610059000	     30401	80006a08	037940b3	div	x1,x18,x23	 x18:0xc0010f32 x23:0xfffff990  x1=0x0009f0ec
      610079000	     30402	80006a0c	0048dc13	srli	x24,x17,0x4	 x17:0x1505f839 x24=0x01505f83
      610099000	     30403	80006a10	8715	c.srai	x14,0x5	 x14:0x00000000 x14=0x00000000
      610119000	     30404	80006a12	0ff0000f	fence	iorw,iorw	
      610139000	     30405	80006a16	ed01	c.bnez	x10,80006a2e	 x10:0x00000001
      611219000	     30459	80006a2e	86d1	c.srai	x13,0x14	 x13:0x7ffda31c x13=0x000007ff
      611659000	     30481	80006a30	01aafa33	and	x20,x21,x26	 x21:0x00000019 x26:0xd482ff8f x20=0x00000009
      611679000	     30482	80006a34	021702b3	mul	x5,x14,x1	 x14:0x00000000  x1:0x0009f0ec  x5=0x00000000
      612079000	     30502	80006a38	0000100f	fence.i	
      612539000	     30525	80006a3c	4148d293	srai	x5,x17,0x14	 x17:0x1505f839  x5=0x00000150
      612599000	     30528	80006a40	3e782493	slti	x9,x16,999	 x16:0x00000000  x9=0x00000001
      612799000	     30538	80006a44	004534b3	sltu	x9,x10,x4	 x10:0x00000001  x4:0x00000000  x9=0x00000000
      612819000	     30539	80006a48	01f16563	bltu	x2,x31,80006a52	  x2:0x00000071 x31:0x00000000
      613239000	     30560	80006a4c	03bdfc63	bgeu	x27,x27,80006a84	 x27:0x9be6f682 x27:0x9be6f682
      613619000	     30579	80006a84	41760d33	sub	x26,x12,x23	 x12:0x80025ce4 x23:0xfffff990 x26=0x80026354
      613779000	     30587	80006a88	01e09bb3	sll	x23,x1,x30	  x1:0x0009f0ec x30:0x01fc07ef x23=0xf8760000
      613799000	     30588	80006a8c	0ff0000f	fence	iorw,iorw	
      613819000	     30589	80006a90	197d	c.addi	x18,-1	 x18:0xc0010f32 x18=0xc0010f31
      613839000	     30590	80006a92	8ff6	c.mv	x31,x29	  x0:0x00000000 x29:0x00000588 x31=0x00000588
      613859000	     30591	80006a94	02b50233	mul	x4,x10,x11	 x10:0x00000001 x11:0x7ffda31b  x4=0x7ffda31b
      613979000	     30597	80006a98	1384	c.addi4spn	x9,x2,480	  x9=0x00000251
      613999000	     30598	80006a9a	8dd1	c.or	x11,x12	 x11:0x7ffda31b x12:0x80025ce4 x11=0xffffffff
      614259000	     30611	80006a9c	8de1	c.and	x11,x8	 x11:0xffffffff  x8:0x80000000 x11=0x80000000
      614279000	     30612	80006a9e	1f2caa13	slti	x20,x25,498	 x25:0x01fc07ef x20=0x00000000
      614299000	     30613	80006aa2	000a9bb3	sll	x23,x21,x0	 x21:0x00000019  x0:0x00000000 x23=0x00000019
      614319000	     30614	80006aa6	8f6d	c.and	x14,x11	 x14:0x00000000 x11:0x80000000 x14=0x00000000
      614339000	     30615	80006aa8	001c5563	bge	x24,x1,80006ab2	 x24:0x01505f83  x1:0x0009f0ec
      615299000	     30663	80006ab2	041af163	bgeu	x21,x1,80006af4	 x21:0x00000019  x1:0x0009f0ec
      615319000	     30664	80006ab6	5cfd	c.li	x25,-1	 x25=0xffffffff
      615339000	     30665	80006ab8	00ba7ab3	and	x21,x20,x11	 x20:0x00000000 x11:0x80000000 x21=0x00000000
      615359000	     30666	80006abc	ae466193	ori	x3,x12,-1308	 x12:0x80025ce4  x3=0xfffffee4
      615399000	     30668	80006ac0	032337b3	mulhu	x15,x6,x18	  x6:0x00000757 x18:0xc0010f31 x15=0x00000581
      615459000	     30671	80006ac4	8abe8d13	addi	x26,x29,-1877	 x29:0x00000588 x26=0xfffffe33
      616419000	     30719	80006ac8	0254c3b3	div	x7,x9,x5	  x9:0x00000251  x5:0x00000150  x7=0x00000001
      616439000	     30720	80006acc	003ec493	xori	x9,x29,3	 x29:0x00000588  x9=0x0000058b
      616459000	     30721	80006ad0	8d0d	c.sub	x10,x11	 x10:0x00000001 x11:0x80000000 x10=0x80000001
      616479000	     30722	80006ad2	01c9b933	sltu	x18,x19,x28	 x19:0xe3a65682 x28:0x80021e64 x18=0x00000000
      616499000	     30723	80006ad6	164fc493	xori	x9,x31,356	 x31:0x00000588  x9=0x000004ec
      616519000	     30724	80006ada	02b00a33	mul	x20,x0,x11	  x0:0x00000000 x11:0x80000000 x20=0x00000000
      616539000	     30725	80006ade	8f49	c.or	x14,x10	 x14:0x00000000 x10:0x80000001 x14=0x80000001
      616879000	     30742	80006ae0	0025c9b3	xor	x19,x11,x2	 x11:0x80000000  x2:0x00000071 x19=0x80000071
      616999000	     30748	80006ae4	717d	c.addi16sp	x2,-16	  x2:0x00000071  x2=0x00000061
      617019000	     30749	80006ae6	07d1	c.addi	x15,20	 x15:0x00000581 x15=0x00000595
      617419000	     30769	80006ae8	8ac2	c.mv	x21,x16	  x0:0x00000000 x16:0x00000000 x21=0x00000000
      617439000	     30770	80006aea	0001	c.addi	x0,0	  x0:0x00000000  x0=0x00000000
      617519000	     30774	80006aec	022f4563	blt	x30,x2,80006b16	 x30:0x01fc07ef  x2:0x00000061
      618419000	     30819	80006af0	02b1ec33	rem	x24,x3,x11	  x3:0xfffffee4 x11:0x80000000 x24=0xfffffee4
      618439000	     30820	80006af4	04e0f263	bgeu	x1,x14,80006b38	  x1:0x0009f0ec x14:0x80000001
      618459000	     30821	80006af8	6c968793	addi	x15,x13,1737	 x13:0x000007ff x15=0x00000ec8
      618479000	     30822	80006afc	0ff0000f	fence	iorw,iorw	
      618499000	     30823	80006b00	406302b3	sub	x5,x6,x6	  x6:0x00000757  x6:0x00000757  x5=0x00000000
      618519000	     30824	80006b04	02300333	mul	x6,x0,x3	  x0:0x00000000  x3:0xfffffee4  x6=0x00000000
      618559000	     30826	80006b08	01c40563	beq	x8,x28,80006b12	  x8:0x80000000 x28:0x80021e64
      618759000	     30836	80006b0c	404f5393	srai	x7,x30,0x4	 x30:0x01fc07ef  x7=0x001fc07e
      618879000	     30842	80006b10	0001	c.addi	x0,0	  x0:0x00000000  x0=0x00000000
      618959000	     30846	80006b12	02969763	bne	x13,x9,80006b40	 x13:0x000007ff  x9:0x000004ec
      619719000	     30884	80006b40	01bb94b3	sll	x9,x23,x27	 x23:0x00000019 x27:0x9be6f682  x9=0x00000064
      619899000	     30893	80006b44	6119	c.addi16sp	x2,384	  x2:0x00000061  x2=0x000001e1
      619919000	     30894	80006b46	015eef33	or	x30,x29,x21	 x29:0x00000588 x21:0x00000000 x30=0x00000588
      619939000	     30895	80006b4a	41dc05b3	sub	x11,x24,x29	 x24:0xfffffee4 x29:0x00000588 x11=0xfffff95c
      619959000	     30896	80006b4e	00392933	slt	x18,x18,x3	 x18:0x00000000  x3:0xfffffee4 x18=0x00000000
      619979000	     30897	80006b52	0000100f	fence.i	
      621039000	     30950	80006b56	0318c833	div	x16,x17,x17	 x17:0x1505f839 x17:0x1505f839 x16=0x00000001
      621059000	     30951	80006b5a	0252e663	bltu	x5,x5,80006b86	  x5:0x00000000  x5:0x00000000
      621079000	     30952	80006b5e	8f4d	c.or	x14,x11	 x14:0x80000001 x11:0xfffff95c x14=0xfffff95d
      621119000	     30954	80006b60	02221db3	mulh	x27,x4,x2	  x4:0x7ffda31b  x2:0x000001e1 x27=0x000000f0
      621139000	     30955	80006b64	00239813	slli	x16,x7,0x2	  x7:0x001fc07e x16=0x007f01f8
      621159000	     30956	80006b68	0001	c.addi	x0,0	  x0:0x00000000  x0=0x00000000
      621179000	     30957	80006b6a	02904863	blt	x0,x9,80006b9a	  x0:0x00000000  x9:0x00000064
      621839000	     30990	80006b9a	f94d0213	addi	x4,x26,-108	 x26:0xfffffe33  x4=0xfffffdc7
      621859000	     30991	80006b9e	41880f33	sub	x30,x16,x24	 x16:0x007f01f8 x24:0xfffffee4 x30=0x007f0314
      622599000	     31028	80006ba2	0381da33	divu	x20,x3,x24	  x3:0xfffffee4 x24:0xfffffee4 x20=0x00000001
      622619000	     31029	80006ba6	00119393	slli	x7,x3,0x1	  x3:0xfffffee4  x7=0xfffffdc8
      622639000	     31030	80006baa	8ccd	c.or	x9,x11	  x9:0x00000064 x11:0xfffff95c  x9=0xfffff97c
      622659000	     31031	80006bac	8171	c.srli	x10,0x1c	 x10:0x80000001 x10=0x00000008
      622679000	     31032	80006bae	e305	c.bnez	x14,80006bce	 x14:0xfffff95d
      623199000	     31058	80006bce	02662ab3	mulhsu	x21,x12,x6	 x12:0x80025ce4  x6:0x00000000 x21=0x00000000
      623219000	     31059	80006bd2	e199	c.bnez	x11,80006bd8	 x11:0xfffff95c
      624639000	     31130	80006bd8	037b9963	bne	x23,x23,80006c0a	 x23:0x00000019 x23:0x00000019
      624759000	     31136	80006bdc	137d	c.addi	x6,-1	  x6:0x00000000  x6=0xffffffff
      624839000	     31140	80006bde	032567b3	rem	x15,x10,x18	 x10:0x00000008 x18:0x00000000 x15=0x00000008
      624859000	     31141	80006be2	1a7d	c.addi	x20,-1	 x20:0x00000001 x20=0x00000000
      625119000	     31154	80006be4	0069a333	slt	x6,x19,x6	 x19:0x80000071  x6:0xffffffff  x6=0x00000001
      625299000	     31163	80006be8	8c9d	c.sub	x9,x15	  x9:0xfffff97c x15:0x00000008  x9=0xfffff974
      625339000	     31165	80006bea	0102bab3	sltu	x21,x5,x16	  x5:0x00000000 x16:0x007f01f8 x21=0x00000001
      625359000	     31166	80006bee	02510bb3	mul	x23,x2,x5	  x2:0x000001e1  x5:0x00000000 x23=0x00000000
      625379000	     31167	80006bf2	1f8c	c.addi4spn	x11,x2,1008	 x11=0x000005d1
      625399000	     31168	80006bf4	e8608093	addi	x1,x1,-378	  x1:0x0009f0ec  x1=0x0009ef72
      625419000	     31169	80006bf8	6b15	c.lui	x22,0x5	 x22=0x00005000
      625439000	     31170	80006bfa	00b39333	sll	x6,x7,x11	  x7:0xfffffdc8 x11:0x000005d1  x6=0xfb900000
      625699000	     31183	80006bfe	01129c93	slli	x25,x5,0x11	  x5:0x00000000 x25=0x00000000
      625719000	     31184	80006c02	0166f9b3	and	x19,x13,x22	 x13:0x000007ff x22:0x00005000 x19=0x00000000
      625739000	     31185	80006c06	8091	c.srli	x9,0x4	  x9:0xfffff974  x9=0x0fffff97
      625759000	     31186	80006c08	8d49	c.or	x10,x10	 x10:0x00000008 x10:0x00000008 x10=0x00000008
      625779000	     31187	80006c0a	010cbeb3	sltu	x29,x25,x16	 x25:0x00000000 x16:0x007f01f8 x29=0x00000001
      626719000	     31234	80006c0e	0235c1b3	div	x3,x11,x3	 x11:0x000005d1  x3:0xfffffee4  x3=0xfffffffb
      626739000	     31235	80006c12	8f29	c.xor	x14,x10	 x14:0xfffff95d x10:0x00000008 x14=0xfffff955
      626759000	     31236	80006c14	4091	c.li	x1,4	  x1=0x00000004
      627499000	     31273	80006c16	03b2c133	div	x2,x5,x27	  x5:0x00000000 x27:0x000000f0  x2=0x00000000
      627519000	     31274	80006c1a	40b85a33	sra	x20,x16,x11	 x16:0x007f01f8 x11:0x000005d1 x20=0x0000003f
      627539000	     31275	80006c1e	0001	c.addi	x0,0	  x0:0x00000000  x0=0x00000000
      627559000	     31276	80006c20	0114cdb3	xor	x27,x9,x17	  x9:0x0fffff97 x17:0x1505f839 x27=0x1afa07ae
      627579000	     31277	80006c24	01a19493	slli	x9,x3,0x1a	  x3:0xfffffffb  x9=0xec000000
      627599000	     31278	80006c28	02bf4363	blt	x30,x11,80006c4e	 x30:0x007f0314 x11:0x000005d1
      627619000	     31279	80006c2c	00bc4f63	blt	x24,x11,80006c4a	 x24:0xfffffee4 x11:0x000005d1
      628539000	     31325	80006c4a	7a65b293	sltiu	x5,x11,1958	 x11:0x000005d1  x5=0x00000001
      628559000	     31326	80006c4e	012e5793	srli	x15,x28,0x12	 x28:0x80021e64 x15=0x00002000
      628579000	     31327	80006c52	8ed5	c.or	x13,x13	 x13:0x000007ff x13:0x000007ff x13=0x000007ff
      628759000	     31336	80006c54	41f352b3	sra	x5,x6,x31	  x6:0xfb900000 x31:0x00000588  x5=0xfffb9000
      628779000	     31337	80006c58	0121beb3	sltu	x29,x3,x18	  x3:0xfffffffb x18:0x00000000 x29=0x00000000
      628799000	     31338	80006c5c	b22b58b7	lui	x17,0xb22b5	 x17=0xb22b5000
      628839000	     31340	80006c60	039e99b3	mulh	x19,x29,x25	 x29:0x00000000 x25:0x00000000 x19=0x00000000
      628859000	     31341	80006c64	03e14663	blt	x2,x30,80006c90	  x2:0x00000000 x30:0x007f0314
      628939000	     31345	80006c90	0ff0000f	fence	iorw,iorw	
      628959000	     31346	80006c94	0a1c	c.addi4spn	x15,x2,272	 x15=0x00000110
      628979000	     31347	80006c96	8a56	c.mv	x20,x21	  x0:0x00000000 x21:0x00000001 x20=0x00000001
      628999000	     31348	80006c98	86a1	c.srai	x13,0x8	 x13:0x000007ff x13=0x00000007
      629319000	     31364	80006c9a	02133533	mulhu	x10,x6,x1	  x6:0xfb900000  x1:0x00000004 x10=0x00000003
      629459000	     31371	80006c9e	0000100f	fence.i	
      629999000	     31398	80006ca2	005788b3	add	x17,x15,x5	 x15:0x00000110  x5:0xfffb9000 x17=0xfffb9110
      630019000	     31399	80006ca6	51fd	c.li	x3,-1	  x3=0xffffffff
      630759000	     31436	80006ca8	034e7233	remu	x4,x28,x20	 x28:0x80021e64 x20:0x00000001  x4=0x00000000
      630799000	     31438	80006cac	02246333	rem	x6,x8,x2	  x8:0x80000000  x2:0x00000000  x6=0x80000000
      630819000	     31439	80006cb0	587d	c.li	x16,-1	 x16=0xffffffff
      630839000	     31440	80006cb2	55fd	c.li	x11,-1	 x11=0xffffffff
      630859000	     31441	80006cb4	9dd2	c.add	x27,x20	 x27:0x1afa07ae x20:0x00000001 x27=0x1afa07af
      630879000	     31442	80006cb6	00d20d63	beq	x4,x13,80006cd0	  x4:0x00000000 x13:0x00000007
      630919000	     31444	80006cba	0068af33	slt	x30,x17,x6	 x17:0xfffb9110  x6:0x80000000 x30=0x00000000
      631059000	     31451	80006cbe	00851833	sll	x16,x10,x8	 x10:0x00000003  x8:0x80000000 x16=0x00000003
      631079000	     31452	80006cc2	8725	c.srai	x14,0x9	 x14:0xfffff955 x14=0xfffffffc
      631159000	     31456	80006cc4	00eb5db3	srl	x27,x22,x14	 x22:0x00005000 x14:0xfffffffc x27=0x00000000
      631219000	     31459	80006cc8	73292713	slti	x14,x18,1842	 x18:0x00000000 x14=0x00000001
      631239000	     31460	80006ccc	0ff0000f	fence	iorw,iorw	
      631339000	     31465	80006cd0	e28d	c.bnez	x13,80006cf2	 x13:0x00000007
      631639000	     31480	80006cf2	85b1	c.srai	x11,0xc	 x11:0xffffffff x11=0xffffffff
      632019000	     31499	80006cf4	0bfe	c.slli	x23,0x1f	 x23:0x00000000 x23=0x00000000
      632039000	     31500	80006cf6	e319	c.bnez	x14,80006cfc	 x14:0x00000001
      641619000	     31979	80006cfc	0ff0000f	fence	iorw,iorw	
      641639000	     31980	80006d00	b8c06013	ori	x0,x0,-1140	  x0:0x00000000  x0=0x00000000
      641659000	     31981	80006d04	0000100f	fence.i	
      642539000	     32025	80006d08	0000100f	fence.i	
      642699000	     32033	80006d0c	049c	c.addi4spn	x15,x2,576	 x15=0x00000240
      642719000	     32034	80006d0e	0a41	c.addi	x20,16	 x20:0x00000001 x20=0x00000011
      643079000	     32052	80006d10	00b75e63	bge	x14,x11,80006d2c	 x14:0x00000001 x11:0xffffffff
      643839000	     32090	80006d2c	f789fa13	andi	x20,x19,-136	 x19:0x00000000 x20=0x00000000
      643859000	     32091	80006d30	401ed0b3	sra	x1,x29,x1	 x29:0x00000000  x1:0x00000004  x1=0x00000000
      643879000	     32092	80006d34	03e685b3	mul	x11,x13,x30	 x13:0x00000007 x30:0x00000000 x11=0x00000000
      643999000	     32098	80006d38	717d	c.addi16sp	x2,-16	  x2:0x00000000  x2=0xfffffff0
      644019000	     32099	80006d3a	e4ff8493	addi	x9,x31,-433	 x31:0x00000588  x9=0x000003d7
      644039000	     32100	80006d3e	1414	c.addi4spn	x13,x2,544	 x13=0x00000210
      644059000	     32101	80006d40	0000100f	fence.i	
      644379000	     32117	80006d44	4103d033	sra	x0,x7,x16	  x7:0xfffffdc8 x16:0x00000003  x0=0x00000000
      644739000	     32135	80006d48	619d	c.lui	x3,0x7	  x3=0x00007000
      644759000	     32136	80006d4a	4f49	c.li	x30,18	 x30=0x00000012
      645159000	     32156	80006d4c	0001	c.addi	x0,0	  x0:0x00000000  x0=0x00000000
      646039000	     32200	80006d4e	03e97333	remu	x6,x18,x30	 x18:0x00000000 x30:0x00000012  x6=0x00000000
      646059000	     32201	80006d52	019945b3	xor	x11,x18,x25	 x18:0x00000000 x25:0x00000000 x11=0x00000000
      646079000	     32202	80006d56	0000100f	fence.i	
      646779000	     32237	80006d5a	0ff0000f	fence	iorw,iorw	
      646799000	     32238	80006d5e	00f6f033	and	x0,x13,x15	 x13:0x00000210 x15:0x00000240  x0=0x00000000
      646839000	     32240	80006d62	03d15fb3	divu	x31,x2,x29	  x2:0xfffffff0 x29:0x00000000 x31=0xffffffff
      646859000	     32241	80006d66	930e	c.add	x6,x3	  x6:0x00000000  x3:0x00007000  x6=0x00007000
      646879000	     32242	80006d68	8fd1	c.or	x15,x12	 x15:0x00000240 x12:0x80025ce4 x15=0x80025ee4
      646899000	     32243	80006d6a	00909393	slli	x7,x1,0x9	  x1:0x00000000  x7=0x00000000
      646939000	     32245	80006d6e	03742133	mulhsu	x2,x8,x23	  x8:0x80000000 x23:0x00000000  x2=0x00000000
      646959000	     32246	80006d72	98fd	c.andi	x9,-1	  x9:0x000003d7  x9=0x000003d7
      647079000	     32252	80006d74	8be1	c.andi	x15,24	 x15:0x80025ee4 x15=0x00000000
      647179000	     32257	80006d76	0068c263	blt	x17,x6,80006d7a	 x17:0xfffb9110  x6:0x00007000
      648399000	     32318	80006d7a	ef0d	c.bnez	x14,80006db4	 x14:0x00000001
      649579000	     32377	80006db4	03f27533	remu	x10,x4,x31	  x4:0x00000000 x31:0xffffffff x10=0x00000000
      649599000	     32378	80006db8	4a61	c.li	x20,24	 x20=0x00000018
      649619000	     32379	80006dba	01825363	bge	x4,x24,80006dc0	  x4:0x00000000 x24:0xfffffee4
      650599000	     32428	80006dc0	031fc733	div	x14,x31,x17	 x31:0xffffffff x17:0xfffb9110 x14=0x00000000
      650619000	     32429	80006dc4	8bf9	c.andi	x15,30	 x15:0x00000000 x15=0x00000000
      650639000	     32430	80006dc6	0000100f	fence.i	
      650859000	     32441	80006dca	0001	c.addi	x0,0	  x0:0x00000000  x0=0x00000000
      650879000	     32442	80006dcc	03aaff63	bgeu	x21,x26,80006e0a	 x21:0x00000001 x26:0xfffffe33
      650899000	     32443	80006dd0	00d0ff33	and	x30,x1,x13	  x1:0x00000000 x13:0x00000210 x30=0x00000000
      651639000	     32480	80006dd4	025544b3	div	x9,x10,x5	 x10:0x00000000  x5:0xfffb9000  x9=0x00000000
      652379000	     32517	80006dd8	02396eb3	rem	x29,x18,x3	 x18:0x00000000  x3:0x00007000 x29=0x00000000
      652419000	     32519	80006ddc	037f3233	mulhu	x4,x30,x23	 x30:0x00000000 x23:0x00000000  x4=0x00000000
      652439000	     32520	80006de0	6149	c.addi16sp	x2,144	  x2:0x00000000  x2=0x00000090
      652459000	     32521	80006de2	03f26f63	bltu	x4,x31,80006e20	  x4:0x00000000 x31:0xffffffff
      652939000	     32545	80006e20	80faa917	auipc	x18,0x80faa	 x18=0x00fb0e20
      653059000	     32551	80006e24	039c1b33	mulh	x22,x24,x25	 x24:0xfffffee4 x25:0x00000000 x22=0x00000000
      653079000	     32552	80006e28	01417c33	and	x24,x2,x20	  x2:0x00000090 x20:0x00000018 x24=0x00000010
      653099000	     32553	80006e2c	955a	c.add	x10,x22	 x10:0x00000000 x22:0x00000000 x10=0x00000000
      653119000	     32554	80006e2e	e595	c.bnez	x11,80006e5a	 x11:0x00000000
      653499000	     32573	80006e30	4d954a93	xori	x21,x10,1241	 x10:0x00000000 x21=0x000004d9
      653819000	     32589	80006e34	61e1	c.lui	x3,0x18	  x3=0x00018000
      653839000	     32590	80006e36	02fc0cb3	mul	x25,x24,x15	 x24:0x00000010 x15:0x00000000 x25=0x00000000
      653859000	     32591	80006e3a	02d6e463	bltu	x13,x13,80006e62	 x13:0x00000210 x13:0x00000210
      654159000	     32606	80006e3e	5a37bc13	sltiu	x24,x15,1443	 x15:0x00000000 x24=0x00000001
      654219000	     32609	80006e42	01ab8cb3	add	x25,x23,x26	 x23:0x00000000 x26:0xfffffe33 x25=0xfffffe33
      654239000	     32610	80006e46	85f9	c.srai	x11,0x1e	 x11:0x00000000 x11=0x00000000
      654259000	     32611	80006e48	002531b3	sltu	x3,x10,x2	 x10:0x00000000  x2:0x00000090  x3=0x00000001
      654279000	     32612	80006e4c	416950b3	sra	x1,x18,x22	 x18:0x00fb0e20 x22:0x00000000  x1=0x00fb0e20
      654299000	     32613	80006e50	01d951b3	srl	x3,x18,x29	 x18:0x00fb0e20 x29:0x00000000  x3=0x00fb0e20
      654319000	     32614	80006e54	8d95	c.sub	x11,x13	 x11:0x00000000 x13:0x00000210 x11=0xfffffdf0
      654499000	     32623	80006e56	40705193	srai	x3,x0,0x7	  x0:0x00000000  x3=0x00000000
      654519000	     32624	80006e5a	05bc1263	bne	x24,x27,80006e9e	 x24:0x00000001 x27:0x00000000
      654659000	     32631	80006e9e	8111	c.srli	x10,0x4	 x10:0x00000000 x10=0x00000000
      654899000	     32643	80006ea0	41ee8d33	sub	x26,x29,x30	 x29:0x00000000 x30:0x00000000 x26=0x00000000
      654919000	     32644	80006ea4	8bfa	c.mv	x23,x30	  x0:0x00000000 x30:0x00000000 x23=0x00000000
      654939000	     32645	80006ea6	8f75	c.and	x14,x13	 x14:0x00000000 x13:0x00000210 x14=0x00000000
      654959000	     32646	80006ea8	6489	c.lui	x9,0x2	  x9=0x00002000
      654979000	     32647	80006eaa	01a01c63	bne	x0,x26,80006ec2	  x0:0x00000000 x26:0x00000000
      655139000	     32655	80006eae	40a95113	srai	x2,x18,0xa	 x18:0x00fb0e20  x2=0x00003ec3
      655159000	     32656	80006eb2	0b2e	c.slli	x22,0xb	 x22:0x00000000 x22=0x00000000
      655179000	     32657	80006eb4	01484fb3	xor	x31,x16,x20	 x16:0x00000003 x20:0x00000018 x31=0x0000001b
      655199000	     32658	80006eb8	01c5	c.addi	x3,17	  x3:0x00000000  x3=0x00000011
      655219000	     32659	80006eba	01435cb3	srl	x25,x6,x20	  x6:0x00007000 x20:0x00000018 x25=0x00000000
      655239000	     32660	80006ebe	0089cf63	blt	x19,x8,80006edc	 x19:0x00000000  x8:0x80000000
      655259000	     32661	80006ec2	0001	c.addi	x0,0	  x0:0x00000000  x0=0x00000000
      655279000	     32662	80006ec4	0ff0000f	fence	iorw,iorw	
      655319000	     32664	80006ec8	036d33b3	mulhu	x7,x26,x22	 x26:0x00000000 x22:0x00000000  x7=0x00000000
      655379000	     32667	80006ecc	abf40493	addi	x9,x8,-1345	  x8:0x80000000  x9=0x7ffffabf
      655399000	     32668	80006ed0	053a	c.slli	x10,0xe	 x10:0x00000000 x10=0x00000000
      655419000	     32669	80006ed2	0141f263	bgeu	x3,x20,80006ed6	  x3:0x00000011 x20:0x00000018
      655659000	     32681	80006ed6	01da8863	beq	x21,x29,80006ee6	 x21:0x000004d9 x29:0x00000000
      655679000	     32682	80006eda	63b1	c.lui	x7,0xc	  x7=0x0000c000
      655699000	     32683	80006edc	99fd	c.andi	x11,-1	 x11:0xfffffdf0 x11=0xfffffdf0
      655819000	     32689	80006ede	03b86b33	rem	x22,x16,x27	 x16:0x00000003 x27:0x00000000 x22=0x00000003
      655839000	     32690	80006ee2	416583b3	sub	x7,x11,x22	 x11:0xfffffdf0 x22:0x00000003  x7=0xfffffded
      655859000	     32691	80006ee6	88c5	c.andi	x9,17	  x9:0x7ffffabf  x9=0x00000011
      656219000	     32709	80006ee8	8981	c.andi	x11,0	 x11:0xfffffdf0 x11=0x00000000
      656639000	     32730	80006eea	0029eb33	or	x22,x19,x2	 x19:0x00000000  x2:0x00003ec3 x22=0x00003ec3
      656659000	     32731	80006eee	0001	c.addi	x0,0	  x0:0x00000000  x0=0x00000000
      657059000	     32751	80006ef0	009633b3	sltu	x7,x12,x9	 x12:0x80025ce4  x9:0x00000011  x7=0x00000000
      657239000	     32760	80006ef4	8bc9	c.andi	x15,18	 x15:0x00000000 x15=0x00000000
      657259000	     32761	80006ef6	f51efa17	auipc	x20,0xf51ef	 x20=0x751f5ef6
      657279000	     32762	80006efa	38333897	auipc	x17,0x38333	 x17=0xb8339efa
      657719000	     32784	80006efe	0289bab3	mulhu	x21,x19,x8	 x19:0x00000000  x8:0x80000000 x21=0x00000000
      657739000	     32785	80006f02	615d	c.addi16sp	x2,432	  x2:0x00003ec3  x2=0x00004073
      658119000	     32804	80006f04	0194d793	srli	x15,x9,0x19	  x9:0x00000011 x15=0x00000000
      658139000	     32805	80006f08	127d	c.addi	x4,-1	  x4:0x00000000  x4=0xffffffff
      658159000	     32806	80006f0a	03f2	c.slli	x7,0x1c	  x7:0x00000000  x7=0x00000000
      658259000	     32811	80006f0c	41105133	sra	x2,x0,x17	  x0:0x00000000 x17:0xb8339efa  x2=0x00000000
      658279000	     32812	80006f10	011d6263	bltu	x26,x17,80006f14	 x26:0x00000000 x17:0xb8339efa
      658979000	     32847	80006f14	8ca5	c.xor	x9,x9	  x9:0x00000011  x9:0x00000011  x9=0x00000000
      659019000	     32849	80006f16	001fceb3	xor	x29,x31,x1	 x31:0x0000001b  x1:0x00fb0e20 x29=0x00fb0e3b
      659039000	     32850	80006f1a	010eebb3	or	x23,x29,x16	 x29:0x00fb0e3b x16:0x00000003 x23=0x00fb0e3b
      659059000	     32851	80006f1e	9cde	c.add	x25,x23	 x25:0x00000000 x23:0x00fb0e3b x25=0x00fb0e3b
      659099000	     32853	80006f20	03e82833	mulhsu	x16,x16,x30	 x16:0x00000003 x30:0x00000000 x16=0x00000000
      659119000	     32854	80006f24	0a2b2813	slti	x16,x22,162	 x22:0x00003ec3 x16=0x00000000
      659139000	     32855	80006f28	28ab9fb7	lui	x31,0x28ab9	 x31=0x28ab9000
      659359000	     32866	80006f2c	015b1d33	sll	x26,x22,x21	 x22:0x00003ec3 x21:0x00000000 x26=0x00003ec3
      659579000	     32877	80006f30	40d4d013	srai	x0,x9,0xd	  x9:0x00000000  x0=0x00000000
      659599000	     32878	80006f34	0176d563	bge	x13,x23,80006f3e	 x13:0x00000210 x23:0x00fb0e3b
      659639000	     32880	80006f38	63d1	c.lui	x7,0x14	  x7=0x00014000
      659659000	     32881	80006f3a	006d7733	and	x14,x26,x6	 x26:0x00003ec3  x6:0x00007000 x14=0x00003000
      659799000	     32888	80006f3e	00ae0033	add	x0,x28,x10	 x28:0x80021e64 x10:0x00000000  x0=0x00000000
      659819000	     32889	80006f42	01fd8933	add	x18,x27,x31	 x27:0x00000000 x31:0x28ab9000 x18=0x28ab9000
      659899000	     32893	80006f46	017fce63	blt	x31,x23,80006f62	 x31:0x28ab9000 x23:0x00fb0e3b
      659919000	     32894	80006f4a	079c	c.addi4spn	x15,x2,960	 x15=0x000003c0
      660519000	     32924	80006f4c	8fa9	c.xor	x15,x10	 x15:0x000003c0 x10:0x00000000 x15=0x000003c0
      660539000	     32925	80006f4e	048c	c.addi4spn	x11,x2,576	 x11=0x00000240
      660559000	     32926	80006f50	717d	c.addi16sp	x2,-16	  x2:0x00000000  x2=0xfffffff0
      660579000	     32927	80006f52	01a649b3	xor	x19,x12,x26	 x12:0x80025ce4 x26:0x00003ec3 x19=0x80026227
      660599000	     32928	80006f56	8abd	c.andi	x13,15	 x13:0x00000210 x13=0x00000000
      660759000	     32936	80006f58	e2b1	c.bnez	x13,80006f9c	 x13:0x00000000
      661179000	     32957	80006f5a	41bb5233	sra	x4,x22,x27	 x22:0x00003ec3 x27:0x00000000  x4=0x00003ec3
      661199000	     32958	80006f5e	1218	c.addi4spn	x14,x2,288	 x14=0x00000110
      661599000	     32978	80006f60	0001	c.addi	x0,0	  x0:0x00000000  x0=0x00000000
      661619000	     32979	80006f62	6dfd	c.lui	x27,0x1f	 x27=0x0001f000
      661679000	     32982	80006f64	416256b3	sra	x13,x4,x22	  x4:0x00003ec3 x22:0x00003ec3 x13=0x000007d8
      661879000	     32992	80006f68	e8caf013	andi	x0,x21,-372	 x21:0x00000000  x0=0x00000000
      661899000	     32993	80006f6c	01b710b3	sll	x1,x14,x27	 x14:0x00000110 x27:0x0001f000  x1=0x00000110
      661919000	     32994	80006f70	02f8d863	bge	x17,x15,80006fa0	 x17:0xb8339efa x15:0x000003c0
      661939000	     32995	80006f74	9afe	c.add	x21,x31	 x21:0x00000000 x31:0x28ab9000 x21=0x28ab9000
      662079000	     33002	80006f76	07ea4837	lui	x16,0x7ea4	 x16=0x07ea4000
      662099000	     33003	80006f7a	32ab8193	addi	x3,x23,810	 x23:0x00fb0e3b  x3=0x00fb1165
      662339000	     33015	80006f7e	0006d463	bge	x13,x0,80006f86	 x13:0x000007d8  x0:0x00000000
      663239000	     33060	80006f86	44f0f913	andi	x18,x1,1103	  x1:0x00000110 x18=0x00000000
      663259000	     33061	80006f8a	15f1d817	auipc	x16,0x15f1d	 x16=0x95f23f8a
      663459000	     33071	80006f8e	03dcf363	bgeu	x25,x29,80006fb4	 x25:0x00fb0e3b x29:0x00fb0e3b
      663819000	     33089	80006fb4	869d	c.srai	x13,0x7	 x13:0x000007d8 x13=0x0000000f
      663839000	     33090	80006fb6	0c88	c.addi4spn	x10,x2,592	 x10=0x00000240
      663999000	     33098	80006fb8	c18d	c.beqz	x11,80006fda	 x11:0x00000240
      664019000	     33099	80006fba	ed11	c.bnez	x10,80006fd6	 x10:0x00000240
      664879000	     33142	80006fd6	41d2d593	srai	x11,x5,0x1d	  x5:0xfffb9000 x11=0xffffffff
      664899000	     33143	80006fda	717d	c.addi16sp	x2,-16	  x2:0xfffffff0  x2=0xffffffe0
      664919000	     33144	80006fdc	473aca93	xori	x21,x21,1139	 x21:0x28ab9000 x21=0x28ab9473
      664939000	     33145	80006fe0	140c	c.addi4spn	x11,x2,544	 x11=0x00000200
      665679000	     33182	80006fe2	03314833	div	x16,x2,x19	  x2:0xffffffe0 x19:0x80026227 x16=0x00000000
      665699000	     33183	80006fe6	8f91	c.sub	x15,x12	 x15:0x000003c0 x12:0x80025ce4 x15=0x7ffda6dc
      665719000	     33184	80006fe8	081d	c.addi	x16,7	 x16:0x00000000 x16=0x00000007
      665759000	     33186	80006fea	02942133	mulhsu	x2,x8,x9	  x8:0x80000000  x9:0x00000000  x2=0x00000000
      665779000	     33187	80006fee	c501	c.beqz	x10,80006ff6	 x10:0x00000240
      665799000	     33188	80006ff0	9afd	c.andi	x13,-1	 x13:0x0000000f x13=0x0000000f
      665819000	     33189	80006ff2	a027abb7	lui	x23,0xa027a	 x23=0xa027a000
      665839000	     33190	80006ff6	0d98	c.addi4spn	x14,x2,720	 x14=0x000002d0
      666579000	     33227	80006ff8	038be5b3	rem	x11,x23,x24	 x23:0xa027a000 x24:0x00000001 x11=0x00000000
      666619000	     33229	80006ffc	020aeeb3	rem	x29,x21,x0	 x21:0x28ab9473  x0:0x00000000 x29=0x28ab9473
      666639000	     33230	80007000	89ad	c.andi	x11,11	 x11:0x00000000 x11=0x00000000
      666659000	     33231	80007002	d5869737	lui	x14,0xd5869	 x14=0xd5869000
      666679000	     33232	80007006	88e6	c.mv	x17,x25	  x0:0x00000000 x25:0x00fb0e3b x17=0x00fb0e3b
      666719000	     33234	80007008	022ea8b3	mulhsu	x17,x29,x2	 x29:0x28ab9473  x2:0x00000000 x17=0x00000000
      667459000	     33271	8000700c	038043b3	div	x7,x0,x24	  x0:0x00000000 x24:0x00000001  x7=0x00000000
      667479000	     33272	80007010	c319	c.beqz	x14,80007016	 x14:0xd5869000
      667499000	     33273	80007012	03b2cd63	blt	x5,x27,8000704c	  x5:0xfffb9000 x27:0x0001f000
      667579000	     33277	8000704c	0117aab3	slt	x21,x15,x17	 x15:0x7ffda6dc x17:0x00000000 x21=0x00000000
      667899000	     33293	80007050	02323133	mulhu	x2,x4,x3	  x4:0x00003ec3  x3:0x00fb1165  x2=0x0000003d
      668059000	     33301	80007054	5a6e7d13	andi	x26,x28,1446	 x28:0x80021e64 x26=0x00000424
      668219000	     33309	80007058	80a1	c.srli	x9,0x8	  x9:0x00000000  x9=0x00000000
      668239000	     33310	8000705a	6b19	c.lui	x22,0x6	 x22=0x00006000
      668259000	     33311	8000705c	0001	c.addi	x0,0	  x0:0x00000000  x0=0x00000000
      668339000	     33315	8000705e	00743133	sltu	x2,x8,x7	  x8:0x80000000  x7:0x00000000  x2=0x00000000
      668359000	     33316	80007062	4c75	c.li	x24,29	 x24=0x0000001d
      668759000	     33336	80007064	020e8c63	beq	x29,x0,8000709c	 x29:0x28ab9473  x0:0x00000000
      668859000	     33341	80007068	01b12d33	slt	x26,x2,x27	  x2:0x00000000 x27:0x0001f000 x26=0x00000001
      668999000	     33348	8000706c	0001	c.addi	x0,0	  x0:0x00000000  x0=0x00000000
      669019000	     33349	8000706e	54fd	c.li	x9,-1	  x9=0xffffffff
      669039000	     33350	80007070	6151	c.addi16sp	x2,272	  x2:0x00000000  x2=0x00000110
      669059000	     33351	80007072	97b62793	slti	x15,x12,-1669	 x12:0x80025ce4 x15=0x00000001
      669819000	     33389	80007076	03677733	remu	x14,x14,x22	 x14:0xd5869000 x22:0x00006000 x14=0x00005000
      669839000	     33390	8000707a	d2c12c93	slti	x25,x2,-724	  x2:0x00000110 x25=0x00000000
      669859000	     33391	8000707e	019ba233	slt	x4,x23,x25	 x23:0xa027a000 x25:0x00000000  x4=0x00000001
      669879000	     33392	80007082	02490b63	beq	x18,x4,800070b8	 x18:0x00000000  x4:0x00000001
      669899000	     33393	80007086	41875a33	sra	x20,x14,x24	 x14:0x00005000 x24:0x0000001d x20=0x00000000
      670639000	     33430	8000708a	0237e5b3	rem	x11,x15,x3	 x15:0x00000001  x3:0x00fb1165 x11=0x00000001
      670659000	     33431	8000708e	01a5c9b3	xor	x19,x11,x26	 x11:0x00000001 x26:0x00000001 x19=0x00000000
      670679000	     33432	80007092	fe110893	addi	x17,x2,-31	  x2:0x00000110 x17=0x000000f1
      670699000	     33433	80007096	8e91	c.sub	x13,x12	 x13:0x0000000f x12:0x80025ce4 x13=0x7ffda32b
      670719000	     33434	80007098	00bed893	srli	x17,x29,0xb	 x29:0x28ab9473 x17=0x00051572
      670739000	     33435	8000709c	86e1	c.srai	x13,0x18	 x13:0x7ffda32b x13=0x0000007f
      670759000	     33436	8000709e	1c8c	c.addi4spn	x11,x2,624	 x11=0x00000380
      670779000	     33437	800070a0	0001	c.addi	x0,0	  x0:0x00000000  x0=0x00000000
      670799000	     33438	800070a2	88da	c.mv	x17,x22	  x0:0x00000000 x22:0x00006000 x17=0x00006000
      671059000	     33451	800070a4	00755593	srli	x11,x10,0x7	 x10:0x00000240 x11=0x00000004
      671079000	     33452	800070a8	017edf13	srli	x30,x29,0x17	 x29:0x28ab9473 x30=0x00000051
      671239000	     33460	800070ac	0cde	c.slli	x25,0x17	 x25:0x00000000 x25=0x00000000
      671279000	     33462	800070ae	b2d18013	addi	x0,x3,-1235	  x3:0x00fb1165  x0=0x00000000
      671299000	     33463	800070b2	3367cf13	xori	x30,x15,822	 x15:0x00000001 x30=0x00000337
      671319000	     33464	800070b6	8b59	c.andi	x14,22	 x14:0x00005000 x14=0x00000000
      671399000	     33468	800070b8	b9e4b393	sltiu	x7,x9,-1122	  x9:0xffffffff  x7=0x00000000
      671479000	     33472	800070bc	9ff9d697	auipc	x13,0x9ff9d	 x13=0x1ffa40bc
      671699000	     33483	800070c0	01789a13	slli	x20,x17,0x17	 x17:0x00006000 x20=0x00000000
      671719000	     33484	800070c4	0001	c.addi	x0,0	  x0:0x00000000  x0=0x00000000
      671739000	     33485	800070c6	0182db93	srli	x23,x5,0x18	  x5:0xfffb9000 x23=0x000000ff
      671759000	     33486	800070ca	54fd	c.li	x9,-1	  x9=0xffffffff
      672559000	     33526	800070cc	0293cf33	div	x30,x7,x9	  x7:0x00000000  x9:0xffffffff x30=0x00000000
      672579000	     33527	800070d0	86c9	c.srai	x13,0x12	 x13:0x1ffa40bc x13=0x000007fe
      672599000	     33528	800070d2	717d	c.addi16sp	x2,-16	  x2:0x00000110  x2=0x00000100
      672619000	     33529	800070d4	01013db3	sltu	x27,x2,x16	  x2:0x00000100 x16:0x00000007 x27=0x00000000
      672639000	     33530	800070d8	0039e7b3	or	x15,x19,x3	 x19:0x00000000  x3:0x00fb1165 x15=0x00fb1165
      672779000	     33537	800070dc	03255c33	divu	x24,x10,x18	 x10:0x00000240 x18:0x00000000 x24=0xffffffff
      672879000	     33542	800070e0	02988b33	mul	x22,x17,x9	 x17:0x00006000  x9:0xffffffff x22=0xffffa000
      673159000	     33556	800070e4	0001	c.addi	x0,0	  x0:0x00000000  x0=0x00000000
      673179000	     33557	800070e6	0232	c.slli	x4,0xc	  x4:0x00000001  x4=0x00001000
      673579000	     33577	800070e8	8bf1	c.andi	x15,28	 x15:0x00fb1165 x15=0x00000004
      673599000	     33578	800070ea	407952b3	sra	x5,x18,x7	 x18:0x00000000  x7:0x00000000  x5=0x00000000
      673619000	     33579	800070ee	011ca6b3	slt	x13,x25,x17	 x25:0x00000000 x17:0x00006000 x13=0x00000001
      673779000	     33587	800070f2	008f5c33	srl	x24,x30,x8	 x30:0x00000000  x8:0x80000000 x24=0x00000000
      673799000	     33588	800070f6	527d	c.li	x4,-1	  x4=0xffffffff
      674199000	     33608	800070f8	c1b1	c.beqz	x11,8000713c	 x11:0x00000004
      674219000	     33609	800070fa	00cf1a13	slli	x20,x30,0xc	 x30:0x00000000 x20=0x00000000
      674439000	     33620	800070fe	02eee533	rem	x10,x29,x14	 x29:0x28ab9473 x14:0x00000000 x10=0x28ab9473
      674639000	     33630	80007102	2f193ab7	lui	x21,0x2f193	 x21=0x2f193000
      674759000	     33636	80007106	8683e893	ori	x17,x7,-1944	  x7:0x00000000 x17=0xfffff868
      686599000	     34228	8000710a	1a1a2293	slti	x5,x20,417	 x20:0x00000000  x5=0x00000001
      686619000	     34229	8000710e	02ca0f33	mul	x30,x20,x12	 x20:0x00000000 x12:0x80025ce4 x30=0x00000000
      686639000	     34230	80007112	0001	c.addi	x0,0	  x0:0x00000000  x0=0x00000000
      686659000	     34231	80007114	e88d	c.bnez	x9,80007146	  x9:0xffffffff
      687439000	     34270	80007146	0f14	c.addi4spn	x13,x2,912	 x13=0x00000490
      687479000	     34272	80007148	016da3b3	slt	x7,x27,x22	 x27:0x00000000 x22:0xffffa000  x7=0x00000000
      687499000	     34273	8000714c	e7cee513	ori	x10,x29,-388	 x29:0x28ab9473 x10=0xfffffe7f
      687519000	     34274	80007150	01dad313	srli	x6,x21,0x1d	 x21:0x2f193000  x6=0x00000001
      687539000	     34275	80007154	8f79	c.and	x14,x14	 x14:0x00000000 x14:0x00000000 x14=0x00000000
      687559000	     34276	80007156	611d	c.addi16sp	x2,416	  x2:0x00000100  x2=0x000002a0
      687919000	     34294	80007158	01b41293	slli	x5,x8,0x1b	  x8:0x80000000  x5=0x00000000
      688119000	     34304	8000715c	40362313	slti	x6,x12,1027	 x12:0x80025ce4  x6=0x00000001
      688179000	     34307	80007160	41955c93	srai	x25,x10,0x19	 x10:0xfffffe7f x25=0xffffffff
      688599000	     34328	80007164	fa3aa593	slti	x11,x21,-93	 x21:0x2f193000 x11=0x00000000
      688799000	     34338	80007168	23a07f93	andi	x31,x0,570	  x0:0x00000000 x31=0x00000000
      688819000	     34339	8000716c	41d4d033	sra	x0,x9,x29	  x9:0xffffffff x29:0x28ab9473  x0=0x00000000
      689239000	     34360	80007170	81c1	c.srli	x11,0x10	 x11:0x00000000 x11=0x00000000
      690039000	     34400	80007172	0313d933	divu	x18,x7,x17	  x7:0x00000000 x17:0xfffff868 x18=0x00000000
      690059000	     34401	80007176	03354763	blt	x10,x19,800071a4	 x10:0xfffffe7f x19:0x00000000
      690339000	     34415	800071a4	027c7db3	remu	x27,x24,x7	 x24:0x00000000  x7:0x00000000 x27=0x00000000
      690359000	     34416	800071a8	01da42b3	xor	x5,x20,x29	 x20:0x00000000 x29:0x28ab9473  x5=0x28ab9473
      690379000	     34417	800071ac	8f7d	c.and	x14,x15	 x14:0x00000000 x15:0x00000004 x14=0x00000000
      690399000	     34418	800071ae	a4f64313	xori	x6,x12,-1457	 x12:0x80025ce4  x6=0x7ffda6ab
      690419000	     34419	800071b2	86ad	c.srai	x13,0xb	 x13:0x00000490 x13=0x00000000
      690439000	     34420	800071b4	00c39fb3	sll	x31,x7,x12	  x7:0x00000000 x12:0x80025ce4 x31=0x00000000
      690459000	     34421	800071b8	9bfd	c.andi	x15,-1	 x15:0x00000004 x15=0x00000004
      690479000	     34422	800071ba	8ec5	c.or	x13,x9	 x13:0x00000000  x9:0xffffffff x13=0xffffffff
      690499000	     34423	800071bc	c505	c.beqz	x10,800071e4	 x10:0xfffffe7f
      690519000	     34424	800071be	0f94	c.addi4spn	x13,x2,976	 x13=0x00000670
      690699000	     34433	800071c0	4885	c.li	x17,1	 x17=0x00000001
      690879000	     34442	800071c2	6a2e7693	andi	x13,x28,1698	 x28:0x80021e64 x13=0x00000620
      691059000	     34451	800071c6	01839c13	slli	x24,x7,0x18	  x7:0x00000000 x24=0x00000000
      691079000	     34452	800071ca	01c73f33	sltu	x30,x14,x28	 x14:0x00000000 x28:0x80021e64 x30=0x00000001
      691199000	     34458	800071ce	40d70193	addi	x3,x14,1037	 x14:0x00000000  x3=0x0000040d
      691219000	     34459	800071d2	851e	c.mv	x10,x7	  x0:0x00000000  x7:0x00000000 x10=0x00000000
      691279000	     34462	800071d4	03aa4263	blt	x20,x26,800071f8	 x20:0x00000000 x26:0x00000001
      691519000	     34474	800071f8	01d31a13	slli	x20,x6,0x1d	  x6:0x7ffda6ab x20=0x60000000
      691599000	     34478	800071fc	01339e93	slli	x29,x7,0x13	  x7:0x00000000 x29=0x00000000
      691639000	     34480	80007200	023d9933	mulh	x18,x27,x3	 x27:0x00000000  x3:0x0000040d x18=0x00000000
      691659000	     34481	80007204	60f24513	xori	x10,x4,1551	  x4:0xffffffff x10=0xfffff9f0
      691739000	     34485	80007208	0ff0000f	fence	iorw,iorw	
      692179000	     34507	8000720c	02333bb3	mulhu	x23,x6,x3	  x6:0x7ffda6ab  x3:0x0000040d x23=0x00000206
      692319000	     34514	80007210	014c1213	slli	x4,x24,0x14	 x24:0x00000000  x4=0x00000000
      692599000	     34528	80007214	879d	c.srai	x15,0x7	 x15:0x00000004 x15=0x00000000
      692699000	     34533	80007216	00953bb3	sltu	x23,x10,x9	 x10:0xfffff9f0  x9:0xffffffff x23=0x00000001
      692719000	     34534	8000721a	8fb5	c.xor	x15,x13	 x15:0x00000000 x13:0x00000620 x15=0x00000620
      692739000	     34535	8000721c	0363e563	bltu	x7,x22,80007246	  x7:0x00000000 x22:0xffffa000
      693199000	     34558	80007246	01885833	srl	x16,x16,x24	 x16:0x00000007 x24:0x00000000 x16=0x00000007
      693219000	     34559	8000724a	96b6	c.add	x13,x13	 x13:0x00000620 x13:0x00000620 x13=0x00000c40
      693239000	     34560	8000724c	1e14	c.addi4spn	x13,x2,816	 x13=0x000005d0
      693259000	     34561	8000724e	8171	c.srli	x10,0x1c	 x10:0xfffff9f0 x10=0x0000000f
      693279000	     34562	80007250	017d43b3	xor	x7,x26,x23	 x26:0x00000001 x23:0x00000001  x7=0x00000000
      693299000	     34563	80007254	4e1c4b13	xori	x22,x24,1249	 x24:0x00000000 x22=0x000004e1
      693519000	     34574	80007258	01858733	add	x14,x11,x24	 x11:0x00000000 x24:0x00000000 x14=0x00000000
      693539000	     34575	8000725c	40685b13	srai	x22,x16,0x6	 x16:0x00000007 x22=0x00000000
      693579000	     34577	80007260	03f5f533	remu	x10,x11,x31	 x11:0x00000000 x31:0x00000000 x10=0x00000000
      693759000	     34586	80007264	00e7f133	and	x2,x15,x14	 x15:0x00000620 x14:0x00000000  x2=0x00000000
      694699000	     34633	80007268	03474533	div	x10,x14,x20	 x14:0x00000000 x20:0x60000000 x10=0x00000000
      694719000	     34634	8000726c	0001	c.addi	x0,0	  x0:0x00000000  x0=0x00000000
      694739000	     34635	8000726e	05ac6163	bltu	x24,x26,800072b0	 x24:0x00000000 x26:0x00000001
      695219000	     34659	800072b0	eb01	c.bnez	x14,800072c0	 x14:0x00000000
      695639000	     34680	800072b2	027b07b3	mul	x15,x22,x7	 x22:0x00000000  x7:0x00000000 x15=0x00000000
      696039000	     34700	800072b6	024b7033	remu	x0,x22,x4	 x22:0x00000000  x4:0x00000000  x0=0x00000000
      696399000	     34718	800072ba	27fdef93	ori	x31,x27,639	 x27:0x00000000 x31=0x0000027f
      696419000	     34719	800072be	81b1	c.srli	x11,0xc	 x11:0x00000000 x11=0x00000000
      696459000	     34721	800072c0	0383da33	divu	x20,x7,x24	  x7:0x00000000 x24:0x00000000 x20=0xffffffff
      696479000	     34722	800072c4	83ad	c.srli	x15,0xb	 x15:0x00000000 x15=0x00000000
      696539000	     34725	800072c6	40cfd493	srai	x9,x31,0xc	 x31:0x0000027f  x9=0x00000000
      696559000	     34726	800072ca	86b2	c.mv	x13,x12	  x0:0x00000000 x12:0x80025ce4 x13=0x80025ce4
      696579000	     34727	800072cc	04a79163	bne	x15,x10,8000730e	 x15:0x00000000 x10:0x00000000
      696739000	     34735	800072d0	00f89093	slli	x1,x17,0xf	 x17:0x00000001  x1=0x00008000
      696879000	     34742	800072d4	000e9d13	slli	x26,x29,0x0	 x29:0x00000000 x26=0x00000000
      696899000	     34743	800072d8	096e	c.slli	x18,0x1b	 x18:0x00000000 x18=0x00000000
      697319000	     34764	800072da	00701493	slli	x9,x0,0x7	  x0:0x00000000  x9=0x00000000
      697339000	     34765	800072de	63c9	c.lui	x7,0x12	  x7=0x00012000
      697359000	     34766	800072e0	01cedb93	srli	x23,x29,0x1c	 x29:0x00000000 x23=0x00000000
      697379000	     34767	800072e4	2c80c713	xori	x14,x1,712	  x1:0x00008000 x14=0x000082c8
      697419000	     34769	800072e8	eb09	c.bnez	x14,800072fa	 x14:0x000082c8
      698079000	     34802	800072fa	01a36b33	or	x22,x6,x26	  x6:0x7ffda6ab x26:0x00000000 x22=0x7ffda6ab
      698099000	     34803	800072fe	0001	c.addi	x0,0	  x0:0x00000000  x0=0x00000000
      698259000	     34811	80007300	00095193	srli	x3,x18,0x0	 x18:0x00000000  x3=0x00000000
      698599000	     34828	80007304	0001	c.addi	x0,0	  x0:0x00000000  x0=0x00000000
      698759000	     34836	80007306	015b6533	or	x10,x22,x21	 x22:0x7ffda6ab x21:0x2f193000 x10=0x7ffdb6ab
      698999000	     34848	8000730a	00bdc663	blt	x27,x11,80007316	 x27:0x00000000 x11:0x00000000
      699039000	     34850	8000730e	023121b3	mulhsu	x3,x2,x3	  x2:0x00000000  x3:0x00000000  x3=0x00000000
      699419000	     34869	80007312	00de8033	add	x0,x29,x13	 x29:0x00000000 x13:0x80025ce4  x0=0x00000000
      699439000	     34870	80007316	6cb5	c.lui	x25,0xd	 x25=0x0000d000
      699459000	     34871	80007318	0d9e	c.slli	x27,0x7	 x27:0x00000000 x27=0x00000000
      699479000	     34872	8000731a	717d	c.addi16sp	x2,-16	  x2:0x00000000  x2=0xfffffff0
      699499000	     34873	8000731c	40d45a33	sra	x20,x8,x13	  x8:0x80000000 x13:0x80025ce4 x20=0xf8000000
      699519000	     34874	80007320	9bc6	c.add	x23,x17	 x23:0x00000000 x17:0x00000001 x23=0x00000001
      699539000	     34875	80007322	0001	c.addi	x0,0	  x0:0x00000000  x0=0x00000000
      699559000	     34876	80007324	0001	c.addi	x0,0	  x0:0x00000000  x0=0x00000000
      699599000	     34878	80007326	03f16f63	bltu	x2,x31,80007364	  x2:0xfffffff0 x31:0x0000027f
      699619000	     34879	8000732a	9d1e	c.add	x26,x7	 x26:0x00000000  x7:0x00012000 x26=0x00012000
      699639000	     34880	8000732c	8c9a	c.mv	x25,x6	  x0:0x00000000  x6:0x7ffda6ab x25=0x7ffda6ab
      699679000	     34882	8000732e	03619933	mulh	x18,x3,x22	  x3:0x00000000 x22:0x7ffda6ab x18=0x00000000
      699699000	     34883	80007332	ef11	c.bnez	x14,8000734e	 x14:0x000082c8
      701139000	     34955	8000734e	728fac93	slti	x25,x31,1832	 x31:0x0000027f x25=0x00000001
      701159000	     34956	80007352	c315	c.beqz	x14,80007376	 x14:0x000082c8
      701179000	     34957	80007354	685265b7	lui	x11,0x68526	 x11=0x68526000
      701199000	     34958	80007358	8dd9	c.or	x11,x14	 x11:0x68526000 x14:0x000082c8 x11=0x6852e2c8
      701219000	     34959	8000735a	407407b3	sub	x15,x8,x7	  x8:0x80000000  x7:0x00012000 x15=0x7ffee000
      701339000	     34965	8000735e	008774b3	and	x9,x14,x8	 x14:0x000082c8  x8:0x80000000  x9=0x00000000
      701359000	     34966	80007362	8ee9	c.and	x13,x10	 x13:0x80025ce4 x10:0x7ffdb6ab x13=0x000014a0
      701379000	     34967	80007364	0109d463	bge	x19,x16,8000736c	 x19:0x00000000 x16:0x00000007
      701779000	     34987	80007368	00d21233	sll	x4,x4,x13	  x4:0x00000000 x13:0x000014a0  x4=0x00000000
      702079000	     35002	8000736c	01b5ec33	or	x24,x11,x27	 x11:0x6852e2c8 x27:0x00000000 x24=0x6852e2c8
      702139000	     35005	80007370	016e87b3	add	x15,x29,x22	 x29:0x00000000 x22:0x7ffda6ab x15=0x7ffda6ab
      702159000	     35006	80007374	0932	c.slli	x18,0xc	 x18:0x00000000 x18=0x00000000
      702179000	     35007	80007376	6179	c.addi16sp	x2,464	  x2:0xfffffff0  x2=0x000001c0
      702319000	     35014	80007378	0250b233	mulhu	x4,x1,x5	  x1:0x00008000  x5:0x28ab9473  x4=0x00001455
      702719000	     35034	8000737c	00109bb3	sll	x23,x1,x1	  x1:0x00008000  x1:0x00008000 x23=0x00008000
      703039000	     35050	80007380	8895	c.andi	x9,5	  x9:0x00000000  x9=0x00000000
      703059000	     35051	80007382	002f9213	slli	x4,x31,0x2	 x31:0x0000027f  x4=0x000009fc
      703079000	     35052	80007386	717d	c.addi16sp	x2,-16	  x2:0x000001c0  x2=0x000001b0
      703239000	     35060	80007388	03e70733	mul	x14,x14,x30	 x14:0x000082c8 x30:0x00000001 x14=0x000082c8
      703359000	     35066	8000738c	b5624d93	xori	x27,x4,-1194	  x4:0x000009fc x27=0xfffff2aa
      703779000	     35087	80007390	006f7333	and	x6,x30,x6	 x30:0x00000001  x6:0x7ffda6ab  x6=0x00000001
      704039000	     35100	80007394	0315c063	blt	x11,x17,800073b4	 x11:0x6852e2c8 x17:0x00000001
      704059000	     35101	80007398	34276c97	auipc	x25,0x34276	 x25=0xb427d398
      704079000	     35102	8000739c	00c61b33	sll	x22,x12,x12	 x12:0x80025ce4 x12:0x80025ce4 x22=0x0025ce40
      704319000	     35114	800073a0	912e	c.add	x2,x11	  x2:0x000001b0 x11:0x6852e2c8  x2=0x6852e478
      705059000	     35151	800073a2	0223f533	remu	x10,x7,x2	  x7:0x00012000  x2:0x6852e478 x10=0x00012000
      705079000	     35152	800073a6	9b5a	c.add	x22,x22	 x22:0x0025ce40 x22:0x0025ce40 x22=0x004b9c80
      705099000	     35153	800073a8	017c9e63	bne	x25,x23,800073c4	 x25:0xb427d398 x23:0x00008000
      705219000	     35159	800073c4	8cd9	c.or	x9,x14	  x9:0x00000000 x14:0x000082c8  x9=0x000082c8
      705579000	     35177	800073c6	04504263	blt	x0,x5,8000740a	  x0:0x00000000  x5:0x28ab9473
      706479000	     35222	8000740a	c509	c.beqz	x10,80007414	 x10:0x00012000
      706519000	     35224	8000740c	03293bb3	mulhu	x23,x18,x18	 x18:0x00000000 x18:0x00000000 x23=0x00000000
      706559000	     35226	80007410	001f2933	slt	x18,x30,x1	 x30:0x00000001  x1:0x00008000 x18=0x00000001
      706979000	     35247	80007414	8495	c.srai	x9,0x5	  x9:0x000082c8  x9=0x00000416
      706999000	     35248	80007416	08bf14b7	lui	x9,0x8bf1	  x9=0x08bf1000
      707019000	     35249	8000741a	020f0233	mul	x4,x30,x0	 x30:0x00000001  x0:0x00000000  x4=0x00000000
      707039000	     35250	8000741e	41095893	srai	x17,x18,0x10	 x18:0x00000001 x17=0x00000000
      707059000	     35251	80007422	0b96	c.slli	x23,0x5	 x23:0x00000000 x23=0x00000000
      707339000	     35265	80007424	01c8df33	srl	x30,x17,x28	 x17:0x00000000 x28:0x80021e64 x30=0x00000000
      707359000	     35266	80007428	009f9a93	slli	x21,x31,0x9	 x31:0x0000027f x21=0x0004fe00
      707379000	     35267	8000742c	035ee463	bltu	x29,x21,80007454	 x29:0x00000000 x21:0x0004fe00
      707519000	     35274	80007454	400955b3	sra	x11,x18,x0	 x18:0x00000001  x0:0x00000000 x11=0x00000001
      707559000	     35276	80007458	40af0033	sub	x0,x30,x10	 x30:0x00000000 x10:0x00012000  x0=0x00000000
      707579000	     35277	8000745c	0315	c.addi	x6,5	  x6:0x00000001  x6=0x00000006
      707599000	     35278	8000745e	8f39	c.xor	x14,x14	 x14:0x000082c8 x14:0x000082c8 x14=0x00000000
      707659000	     35281	80007460	854a	c.mv	x10,x18	  x0:0x00000000 x18:0x00000001 x10=0x00000001
      707679000	     35282	80007462	84b5	c.srai	x9,0xd	  x9:0x08bf1000  x9=0x000045f8
      707819000	     35289	80007464	40955893	srai	x17,x10,0x9	 x10:0x00000001 x17=0x00000000
      707839000	     35290	80007468	0b45	c.addi	x22,17	 x22:0x004b9c80 x22=0x004b9c91
      707859000	     35291	8000746a	52fd	c.li	x5,-1	  x5=0xffffffff
      707879000	     35292	8000746c	8e9d	c.sub	x13,x15	 x13:0x000014a0 x15:0x7ffda6ab x13=0x80026df5
      707919000	     35294	8000746e	029e3333	mulhu	x6,x28,x9	 x28:0x80021e64  x9:0x000045f8  x6=0x000022fc
      707939000	     35295	80007472	01ee7f63	bgeu	x28,x30,80007490	 x28:0x80021e64 x30:0x00000000
      708859000	     35341	80007490	0344f863	bgeu	x9,x20,800074c0	  x9:0x000045f8 x20:0xf8000000
      708879000	     35342	80007494	0001	c.addi	x0,0	  x0:0x00000000  x0=0x00000000
      708899000	     35343	80007496	03b78563	beq	x15,x27,800074c0	 x15:0x7ffda6ab x27:0xfffff2aa
      708919000	     35344	8000749a	9bfd	c.andi	x15,-1	 x15:0x7ffda6ab x15=0x7ffda6ab
      708959000	     35346	8000749c	23950b93	addi	x23,x10,569	 x10:0x00000001 x23=0x0000023a
      708979000	     35347	800074a0	6e904093	xori	x1,x0,1769	  x0:0x00000000  x1=0x000006e9
      708999000	     35348	800074a4	019731b3	sltu	x3,x14,x25	 x14:0x00000000 x25:0xb427d398  x3=0x00000001
      709019000	     35349	800074a8	22b33093	sltiu	x1,x6,555	  x6:0x000022fc  x1=0x00000000
      709119000	     35354	800074ac	e19d3913	sltiu	x18,x26,-487	 x26:0x00012000 x18=0x00000001
      709179000	     35357	800074b0	008de533	or	x10,x27,x8	 x27:0xfffff2aa  x8:0x80000000 x10=0xfffff2aa
      709259000	     35361	800074b4	0197c663	blt	x15,x25,800074c0	 x15:0x7ffda6ab x25:0xb427d398
      709439000	     35370	800074b8	013344b3	xor	x9,x6,x19	  x6:0x000022fc x19:0x00000000  x9=0x000022fc
      709459000	     35371	800074bc	5c482737	lui	x14,0x5c482	 x14=0x5c482000
      709879000	     35392	800074c0	09d27737	lui	x14,0x9d27	 x14=0x09d27000
      709899000	     35393	800074c4	007c5c63	bge	x24,x7,800074dc	 x24:0x6852e2c8  x7:0x00012000
      710399000	     35418	800074dc	8351	c.srli	x14,0x14	 x14:0x09d27000 x14=0x0000009d
      710939000	     35445	800074de	007c9a13	slli	x20,x25,0x7	 x25:0xb427d398 x20=0x13e9cc00
      711039000	     35450	800074e2	01670cb3	add	x25,x14,x22	 x14:0x0000009d x22:0x004b9c91 x25=0x004b9d2e
      711059000	     35451	800074e6	8fed	c.and	x15,x11	 x15:0x7ffda6ab x11:0x00000001 x15=0x00000001
      711199000	     35458	800074e8	0c88	c.addi4spn	x10,x2,592	 x10=0x6852e6c8
      711219000	     35459	800074ea	8d19	c.sub	x10,x14	 x10:0x6852e6c8 x14:0x0000009d x10=0x6852e62b
      711239000	     35460	800074ec	0014bb33	sltu	x22,x9,x1	  x9:0x000022fc  x1:0x00000000 x22=0x00000000
      711299000	     35463	800074f0	0001	c.addi	x0,0	  x0:0x00000000  x0=0x00000000
      712119000	     35504	800074f2	03425733	divu	x14,x4,x20	  x4:0x00000000 x20:0x13e9cc00 x14=0x00000000
      712139000	     35505	800074f6	997d	c.andi	x10,-1	 x10:0x6852e62b x10=0x6852e62b
      712159000	     35506	800074f8	0000100f	fence.i	
      712239000	     35510	800074fc	8dd5	c.or	x11,x13	 x11:0x00000001 x13:0x80026df5 x11=0x80026df5
      712579000	     35527	800074fe	011bcc33	xor	x24,x23,x17	 x23:0x0000023a x17:0x00000000 x24=0x0000023a
      712599000	     35528	80007502	03570163	beq	x14,x21,80007524	 x14:0x00000000 x21:0x0004fe00
      712619000	     35529	80007506	0001	c.addi	x0,0	  x0:0x00000000  x0=0x00000000
      712639000	     35530	80007508	01339463	bne	x7,x19,80007510	  x7:0x00012000 x19:0x00000000
      714099000	     35603	80007510	0293f333	remu	x6,x7,x9	  x7:0x00012000  x9:0x000022fc  x6=0x00000820
      714139000	     35605	80007514	02991733	mulh	x14,x18,x9	 x18:0x00000001  x9:0x000022fc x14=0x00000000
      714159000	     35606	80007518	cd1d	c.beqz	x10,80007556	 x10:0x6852e62b
      714179000	     35607	8000751a	817d	c.srli	x10,0x1f	 x10:0x6852e62b x10=0x00000000
      714199000	     35608	8000751c	009c3d33	sltu	x26,x24,x9	 x24:0x0000023a  x9:0x000022fc x26=0x00000001
      714219000	     35609	80007520	5eccb897	auipc	x17,0x5eccb	 x17=0xdecd2520
      714479000	     35622	80007524	00894863	blt	x18,x8,80007534	 x18:0x00000001  x8:0x80000000
      714499000	     35623	80007528	02fb82b3	mul	x5,x23,x15	 x23:0x0000023a x15:0x00000001  x5=0x0000023a
      714519000	     35624	8000752c	8d26	c.mv	x26,x9	  x0:0x00000000  x9:0x000022fc x26=0x000022fc
      714539000	     35625	8000752e	43fd	c.li	x7,31	  x7=0x0000001f
      714559000	     35626	80007530	6bc2b213	sltiu	x4,x5,1724	  x5:0x0000023a  x4=0x00000001
      714739000	     35635	80007534	a0ab21b7	lui	x3,0xa0ab2	  x3=0xa0ab2000
      714759000	     35636	80007538	8111	c.srli	x10,0x4	 x10:0x00000000 x10=0x00000000
      714959000	     35646	8000753a	415701b3	sub	x3,x14,x21	 x14:0x00000000 x21:0x0004fe00  x3=0xfffb0200
      714979000	     35647	8000753e	6db9	c.lui	x27,0xe	 x27=0x0000e000
      714999000	     35648	80007540	84ad	c.srai	x9,0xb	  x9:0x000022fc  x9=0x00000004
      715019000	     35649	80007542	8ed1	c.or	x13,x12	 x13:0x80026df5 x12:0x80025ce4 x13=0x80027df5
      715159000	     35656	80007544	717d	c.addi16sp	x2,-16	  x2:0x6852e478  x2=0x6852e468
      716119000	     35704	80007546	03acd033	divu	x0,x25,x26	 x25:0x004b9d2e x26:0x000022fc  x0=0x00000000
      716139000	     35705	8000754a	a5102d93	slti	x27,x0,-1455	  x0:0x00000000 x27=0x00000000
      716159000	     35706	8000754e	004631b3	sltu	x3,x12,x4	 x12:0x80025ce4  x4:0x00000001  x3=0x00000000
      716899000	     35743	80007552	03aef3b3	remu	x7,x29,x26	 x29:0x00000000 x26:0x000022fc  x7=0x00000000
      716939000	     35745	80007556	02fcb0b3	mulhu	x1,x25,x15	 x25:0x004b9d2e x15:0x00000001  x1=0x00000000
      716959000	     35746	8000755a	8152	c.mv	x2,x20	  x0:0x00000000 x20:0x13e9cc00  x2=0x13e9cc00
      716979000	     35747	8000755c	870aec13	ori	x24,x21,-1936	 x21:0x0004fe00 x24=0xfffffe70
      716999000	     35748	80007560	004d8733	add	x14,x27,x4	 x27:0x00000000  x4:0x00000001 x14=0x00000001
      717019000	     35749	80007564	0135e3b3	or	x7,x11,x19	 x11:0x80026df5 x19:0x00000000  x7=0x80026df5
      717759000	     35786	80007568	02b35733	divu	x14,x6,x11	  x6:0x00000820 x11:0x80026df5 x14=0x00000000
      717779000	     35787	8000756c	00a11833	sll	x16,x2,x10	  x2:0x13e9cc00 x10:0x00000000 x16=0x13e9cc00
      718519000	     35824	80007570	035ae5b3	rem	x11,x21,x21	 x21:0x0004fe00 x21:0x0004fe00 x11=0x00000000
      718539000	     35825	80007574	01c3cbb3	xor	x23,x7,x28	  x7:0x80026df5 x28:0x80021e64 x23=0x00007391
      718559000	     35826	80007578	06ad7913	andi	x18,x26,106	 x26:0x000022fc x18=0x00000068
      718579000	     35827	8000757c	bcb80317	auipc	x6,0xbcb80	  x6=0x3cb8757c
      718599000	     35828	80007580	0127f5b3	and	x11,x15,x18	 x15:0x00000001 x18:0x00000068 x11=0x00000000
      718639000	     35830	80007584	023c2733	mulhsu	x14,x24,x3	 x24:0xfffffe70  x3:0x00000000 x14=0x00000000
      718679000	     35832	80007588	033ba933	mulhsu	x18,x23,x19	 x23:0x00007391 x19:0x00000000 x18=0x00000000
      718699000	     35833	8000758c	869d	c.srai	x13,0x7	 x13:0x80027df5 x13=0xff0004fb
      718819000	     35839	8000758e	4799a993	slti	x19,x19,1145	 x19:0x00000000 x19=0x00000001
      718839000	     35840	80007592	af0e1a17	auipc	x20,0xaf0e1	 x20=0x2f0e8592
      718859000	     35841	80007596	01cb7863	bgeu	x22,x28,800075a6	 x22:0x00000000 x28:0x80021e64
      718879000	     35842	8000759a	8d59	c.or	x10,x14	 x10:0x00000000 x14:0x00000000 x10=0x00000000
      719279000	     35862	8000759c	8dad	c.xor	x11,x11	 x11:0x00000000 x11:0x00000000 x11=0x00000000
      719299000	     35863	8000759e	c399	c.beqz	x15,800075a4	 x15:0x00000001
      719319000	     35864	800075a0	0000100f	fence.i	
      719619000	     35879	800075a4	8fe5	c.and	x15,x9	 x15:0x00000001  x9:0x00000004 x15=0x00000000
      719679000	     35882	800075a6	80ee0493	addi	x9,x28,-2034	 x28:0x80021e64  x9=0x80021672
      720419000	     35919	800075aa	027644b3	div	x9,x12,x7	 x12:0x80025ce4  x7:0x80026df5  x9=0x00000001
      720439000	     35920	800075ae	00815a93	srli	x21,x2,0x8	  x2:0x13e9cc00 x21=0x0013e9cc
      720459000	     35921	800075b2	8cde	c.mv	x25,x23	  x0:0x00000000 x23:0x00007391 x25=0x00007391
      720479000	     35922	800075b4	6a41	c.lui	x20,0x10	 x20=0x00010000
      720499000	     35923	800075b6	c085	c.beqz	x9,800075d6	  x9:0x00000001
      720519000	     35924	800075b8	076e	c.slli	x14,0x1b	 x14:0x00000000 x14=0x00000000
      720539000	     35925	800075ba	8c99	c.sub	x9,x14	  x9:0x00000001 x14:0x00000000  x9=0x00000001
      721279000	     35962	800075bc	0221d533	divu	x10,x3,x2	  x3:0x00000000  x2:0x13e9cc00 x10=0x00000000
      721299000	     35963	800075c0	0994	c.addi4spn	x13,x2,208	 x13=0x13e9ccd0
      721339000	     35965	800075c2	03d24533	div	x10,x4,x29	  x4:0x00000001 x29:0x00000000 x10=0xffffffff
      721359000	     35966	800075c6	88a1	c.andi	x9,8	  x9:0x00000001  x9=0x00000000
      721379000	     35967	800075c8	0a8123b7	lui	x7,0xa812	  x7=0x0a812000
      721399000	     35968	800075cc	fe2b8cb7	lui	x25,0xfe2b8	 x25=0xfe2b8000
      721419000	     35969	800075d0	032b6c63	bltu	x22,x18,80007608	 x22:0x00000000 x18:0x00000000
      721439000	     35970	800075d4	649d	c.lui	x9,0x7	  x9=0x00007000
      721559000	     35976	800075d6	0000dab3	srl	x21,x1,x0	  x1:0x00000000  x0:0x00000000 x21=0x00000000
      721579000	     35977	800075da	401e57b3	sra	x15,x28,x1	 x28:0x80021e64  x1:0x00000000 x15=0x80021e64
      721999000	     35998	800075de	00ceef63	bltu	x29,x12,800075fc	 x29:0x00000000 x12:0x80025ce4
      723079000	     36052	800075fc	41cb58b3	sra	x17,x22,x28	 x22:0x00000000 x28:0x80021e64 x17=0x00000000
      723259000	     36061	80007600	d5208c93	addi	x25,x1,-686	  x1:0x00000000 x25=0xfffffd52
      723279000	     36062	80007604	02320a63	beq	x4,x3,80007638	  x4:0x00000001  x3:0x00000000
      723299000	     36063	80007608	0000100f	fence.i	
      723679000	     36082	8000760c	03ab2833	mulhsu	x16,x22,x26	 x22:0x00000000 x26:0x000022fc x16=0x00000000
      723819000	     36089	80007610	c4e6a297	auipc	x5,0xc4e6a	  x5=0x44e71610
      723899000	     36093	80007614	03ef8eb3	mul	x29,x31,x30	 x31:0x0000027f x30:0x00000000 x29=0x00000000
      723999000	     36098	80007618	b4ccfb37	lui	x22,0xb4ccf	 x22=0xb4ccf000
      724039000	     36100	8000761c	8b76	c.mv	x22,x29	  x0:0x00000000 x29:0x00000000 x22=0x00000000
      724219000	     36109	8000761e	30c2e117	auipc	x2,0x30c2e	  x2=0xb0c3561e
      724239000	     36110	80007622	d0f87f93	andi	x31,x16,-753	 x16:0x00000000 x31=0x00000000
      724259000	     36111	80007626	597d	c.li	x18,-1	 x18=0xffffffff
      724359000	     36116	80007628	b2227c97	auipc	x25,0xb2227	 x25=0x3222e628
      724699000	     36133	8000762c	009e9a33	sll	x20,x29,x9	 x29:0x00000000  x9:0x00007000 x20=0x00000000
      725119000	     36154	80007630	7753cd13	xori	x26,x7,1909	  x7:0x0a812000 x26=0x0a812775
      725459000	     36171	80007634	8ee1	c.and	x13,x8	 x13:0x13e9ccd0  x8:0x80000000 x13=0x00000000
      725479000	     36172	80007636	0a8c	c.addi4spn	x11,x2,336	 x11=0xb0c3576e
      726219000	     36209	80007638	0378d7b3	divu	x15,x17,x23	 x17:0x00000000 x23:0x00007391 x15=0x00000000
      747279000	     37262	8000763c	01c0d233	srl	x4,x1,x28	  x1:0x00000000 x28:0x80021e64  x4=0x00000000
      747299000	     37263	80007640	017da333	slt	x6,x27,x23	 x27:0x00000000 x23:0x00007391  x6=0x00000001
      747319000	     37264	80007644	c0862c93	slti	x25,x12,-1016	 x12:0x80025ce4 x25=0x00000001
      747339000	     37265	80007648	0188	c.addi4spn	x10,x2,192	 x10=0xb0c356de
      747359000	     37266	8000764a	0cb2	c.slli	x25,0xc	 x25:0x00000001 x25=0x00001000
      747379000	     37267	8000764c	01071313	slli	x6,x14,0x10	 x14:0x00000000  x6=0x00000000
      747399000	     37268	80007650	01259c63	bne	x11,x18,80007668	 x11:0xb0c3576e x18:0xffffffff
      748179000	     37307	80007668	00e7f933	and	x18,x15,x14	 x15:0x00000000 x14:0x00000000 x18=0x00000000
      748199000	     37308	8000766c	005611b3	sll	x3,x12,x5	 x12:0x80025ce4  x5:0x44e71610  x3=0x5ce40000
      748219000	     37309	80007670	01b19a33	sll	x20,x3,x27	  x3:0x5ce40000 x27:0x00000000 x20=0x5ce40000
      748239000	     37310	80007674	019b1793	slli	x15,x22,0x19	 x22:0x00000000 x15=0x00000000
      748319000	     37314	80007678	0248fb63	bgeu	x17,x4,800076ae	 x17:0x00000000  x4:0x00000000
      749019000	     37349	800076ae	0fca	c.slli	x31,0x12	 x31:0x00000000 x31=0x00000000
      749079000	     37352	800076b0	0320c233	div	x4,x1,x18	  x1:0x00000000 x18:0x00000000  x4=0xffffffff
      749219000	     37359	800076b4	03e79563	bne	x15,x30,800076de	 x15:0x00000000 x30:0x00000000
      749259000	     37361	800076b8	01fcdc93	srli	x25,x25,0x1f	 x25:0x00001000 x25=0x00000000
      749619000	     37379	800076bc	66c60a13	addi	x20,x12,1644	 x12:0x80025ce4 x20=0x80026350
      749639000	     37380	800076c0	2776ed13	ori	x26,x13,631	 x13:0x00000000 x26=0x00000277
      749699000	     37383	800076c4	0001	c.addi	x0,0	  x0:0x00000000  x0=0x00000000
      750119000	     37404	800076c6	01ac5293	srli	x5,x24,0x1a	 x24:0xfffffe70  x5=0x0000003f
      750559000	     37426	800076ca	02005333	divu	x6,x0,x0	  x0:0x00000000  x0:0x00000000  x6=0xffffffff
      750599000	     37428	800076ce	0326c533	div	x10,x13,x18	 x13:0x00000000 x18:0x00000000 x10=0xffffffff
      750619000	     37429	800076d2	40e9db93	srai	x23,x19,0xe	 x19:0x00000001 x23=0x00000000
      750639000	     37430	800076d6	f580ac93	slti	x25,x1,-168	  x1:0x00000000 x25=0x00000000
      750659000	     37431	800076da	e701	c.bnez	x14,800076e2	 x14:0x00000000
      750679000	     37432	800076dc	9a42	c.add	x20,x16	 x20:0x80026350 x16:0x00000000 x20=0x80026350
      751079000	     37452	800076de	02300f33	mul	x30,x0,x3	  x0:0x00000000  x3:0x5ce40000 x30=0x00000000
      751119000	     37454	800076e2	021f2733	mulhsu	x14,x30,x1	 x30:0x00000000  x1:0x00000000 x14=0x00000000
      751159000	     37456	800076e6	033231b3	mulhu	x3,x4,x19	  x4:0xffffffff x19:0x00000001  x3=0x00000000
      751179000	     37457	800076ea	00835c13	srli	x24,x6,0x8	  x6:0xffffffff x24=0x00ffffff
      751199000	     37458	800076ee	e11d	c.bnez	x10,80007714	 x10:0xffffffff
      751719000	     37484	80007714	dcce7a17	auipc	x20,0xdcce7	 x20=0x5ccee714
      752059000	     37501	80007718	0018f5b3	and	x11,x17,x1	 x17:0x00000000  x1:0x00000000 x11=0x00000000
      752079000	     37502	8000771c	1684efb7	lui	x31,0x1684e	 x31=0x1684e000
      752119000	     37504	80007720	0210a833	mulhsu	x16,x1,x1	  x1:0x00000000  x1:0x00000000 x16=0x00000000
      752139000	     37505	80007724	069d	c.addi	x13,7	 x13:0x00000000 x13=0x00000007
      752339000	     37515	80007726	09657537	lui	x10,0x9657	 x10=0x09657000
      752359000	     37516	8000772a	93ae	c.add	x7,x11	  x7:0x0a812000 x11:0x00000000  x7=0x0a812000
      752379000	     37517	8000772c	8f71	c.and	x14,x12	 x14:0x00000000 x12:0x80025ce4 x14=0x00000000
      752399000	     37518	8000772e	6705	c.lui	x14,0x1	 x14=0x00001000
      752779000	     37537	80007730	00b97cb3	and	x25,x18,x11	 x18:0x00000000 x11:0x00000000 x25=0x00000000
      752999000	     37548	80007734	4130d833	sra	x16,x1,x19	  x1:0x00000000 x19:0x00000001 x16=0x00000000
      753019000	     37549	80007738	40a6d1b3	sra	x3,x13,x10	 x13:0x00000007 x10:0x09657000  x3=0x00000007
      753039000	     37550	8000773c	8cc5	c.or	x9,x9	  x9:0x00007000  x9:0x00007000  x9=0x00007000
      753379000	     37567	8000773e	75723593	sltiu	x11,x4,1879	  x4:0xffffffff x11=0x00000000
      753399000	     37568	80007742	01be2533	slt	x10,x28,x27	 x28:0x80021e64 x27:0x00000000 x10=0x00000001
      753419000	     37569	80007746	12b27e93	andi	x29,x4,299	  x4:0xffffffff x29=0x0000012b
      753439000	     37570	8000774a	0112	c.slli	x2,0x4	  x2:0xb0c3561e  x2=0x0c3561e0
      753459000	     37571	8000774c	4093d013	srai	x0,x7,0x9	  x7:0x0a812000  x0=0x00000000
      753779000	     37587	80007750	0489c163	blt	x19,x8,80007792	 x19:0x00000001  x8:0x80000000
      753799000	     37588	80007754	03d2c663	blt	x5,x29,80007780	  x5:0x0000003f x29:0x0000012b
      754959000	     37646	80007780	932a	c.add	x6,x10	  x6:0xffffffff x10:0x00000001  x6=0x00000000
      754979000	     37647	80007782	9bfd	c.andi	x15,-1	 x15:0x00000000 x15=0x00000000
      754999000	     37648	80007784	02cc8933	mul	x18,x25,x12	 x25:0x00000000 x12:0x80025ce4 x18=0x00000000
      755019000	     37649	80007788	577d	c.li	x14,-1	 x14=0xffffffff
      755419000	     37669	8000778a	004820b3	slt	x1,x16,x4	 x16:0x00000000  x4:0xffffffff  x1=0x00000000
      755439000	     37670	8000778e	4053d4b3	sra	x9,x7,x5	  x7:0x0a812000  x5:0x0000003f  x9=0x00000000
      755459000	     37671	80007792	8eb5	c.xor	x13,x13	 x13:0x00000007 x13:0x00000007 x13=0x00000000
      755479000	     37672	80007794	929e	c.add	x5,x7	  x5:0x0000003f  x7:0x0a812000  x5=0x0a81203f
      755499000	     37673	80007796	00d1df93	srli	x31,x3,0xd	  x3:0x00000007 x31=0x00000000
      755519000	     37674	8000779a	04920063	beq	x4,x9,800077da	  x4:0xffffffff  x9:0x00000000
      755559000	     37676	8000779e	f524ec93	ori	x25,x9,-174	  x9:0x00000000 x25=0xffffff52
      755579000	     37677	800077a2	ed81	c.bnez	x11,800077ba	 x11:0x00000000
      755979000	     37697	800077a4	059ce463	bltu	x25,x25,800077ec	 x25:0xffffff52 x25:0xffffff52
      756219000	     37709	800077a8	008a	c.slli	x1,0x2	  x1:0x00000000  x1=0x00000000
      756359000	     37716	800077aa	00541133	sll	x2,x8,x5	  x8:0x80000000  x5:0x0a81203f  x2=0x00000000
      756379000	     37717	800077ae	2011ca97	auipc	x21,0x2011c	 x21=0xa01237ae
      756799000	     37738	800077b2	01e25193	srli	x3,x4,0x1e	  x4:0xffffffff  x3=0x00000003
      756819000	     37739	800077b6	b7566c13	ori	x24,x12,-1163	 x12:0x80025ce4 x24=0xfffffff5
      756859000	     37741	800077ba	0320b933	mulhu	x18,x1,x18	  x1:0x00000000 x18:0x00000000 x18=0x00000000
      757239000	     37760	800077be	03fa35b3	mulhu	x11,x20,x31	 x20:0x5ccee714 x31:0x00000000 x11=0x00000000
      757259000	     37761	800077c2	8d39	c.xor	x10,x14	 x10:0x00000001 x14:0xffffffff x10=0xfffffffe
      757639000	     37780	800077c4	b794ca13	xori	x20,x9,-1159	  x9:0x00000000 x20=0xfffffb79
      757659000	     37781	800077c8	0151bdb3	sltu	x27,x3,x21	  x3:0x00000003 x21:0xa01237ae x27=0x00000001
      757679000	     37782	800077cc	01a7f133	and	x2,x15,x26	 x15:0x00000000 x26:0x00000277  x2=0x00000000
      757699000	     37783	800077d0	8ea1	c.xor	x13,x8	 x13:0x00000000  x8:0x80000000 x13=0x80000000
      758059000	     37801	800077d2	7cd28093	addi	x1,x5,1997	  x5:0x0a81203f  x1=0x0a81280c
      758079000	     37802	800077d6	02c87d63	bgeu	x16,x12,80007810	 x16:0x00000000 x12:0x80025ce4
      758099000	     37803	800077da	0b7e	c.slli	x22,0x1f	 x22:0x00000000 x22=0x00000000
      758499000	     37823	800077dc	00330a63	beq	x6,x3,800077f0	  x6:0x00000000  x3:0x00000003
      758519000	     37824	800077e0	015806b3	add	x13,x16,x21	 x16:0x00000000 x21:0xa01237ae x13=0xa01237ae
      758899000	     37843	800077e4	015f5993	srli	x19,x30,0x15	 x30:0x00000000 x19=0x00000000
      759059000	     37851	800077e8	0394a133	mulhsu	x2,x9,x25	  x9:0x00000000 x25:0xffffff52  x2=0x00000000
      759099000	     37853	800077ec	02ba6933	rem	x18,x20,x11	 x20:0xfffffb79 x11:0x00000000 x18=0xfffffb79
      759139000	     37855	800077f0	0ff0000f	fence	iorw,iorw	
      759579000	     37877	800077f4	03397cb3	remu	x25,x18,x19	 x18:0xfffffb79 x19:0x00000000 x25=0xfffffb79
      759599000	     37878	800077f8	59fd	c.li	x19,-1	 x19=0xffffffff
      759779000	     37887	800077fa	362cf013	andi	x0,x25,866	 x25:0xfffffb79  x0=0x00000000
      759819000	     37889	800077fe	0117d0b3	srl	x1,x15,x17	 x15:0x00000000 x17:0x00000000  x1=0x00000000
      760079000	     37902	80007802	028499b3	mulh	x19,x9,x8	  x9:0x00000000  x8:0x80000000 x19=0x00000000
      760099000	     37903	80007806	97fe	c.add	x15,x31	 x15:0x00000000 x31:0x00000000 x15=0x00000000
      760119000	     37904	80007808	8df5	c.and	x11,x13	 x11:0x00000000 x13:0xa01237ae x11=0x00000000
      760139000	     37905	8000780a	89419317	auipc	x6,0x89419	  x6=0x0942080a
      760159000	     37906	8000780e	8c8d	c.sub	x9,x11	  x9:0x00000000 x11:0x00000000  x9=0x00000000
      760179000	     37907	80007810	717d	c.addi16sp	x2,-16	  x2:0x00000000  x2=0xfffffff0
      760199000	     37908	80007812	94df2ab7	lui	x21,0x94df2	 x21=0x94df2000
      760219000	     37909	80007816	011f4ab3	xor	x21,x30,x17	 x30:0x00000000 x17:0x00000000 x21=0x00000000
      760239000	     37910	8000781a	006b0663	beq	x22,x6,80007826	 x22:0x00000000  x6:0x0942080a
      760259000	     37911	8000781e	0386f363	bgeu	x13,x24,80007844	 x13:0xa01237ae x24:0xfffffff5
      760279000	     37912	80007822	003839b3	sltu	x19,x16,x3	 x16:0x00000000  x3:0x00000003 x19=0x00000001
      760299000	     37913	80007826	13fd	c.addi	x7,-1	  x7:0x0a812000  x7=0x0a811fff
      760419000	     37919	80007828	03d87c63	bgeu	x16,x29,80007860	 x16:0x00000000 x29:0x0000012b
      760439000	     37920	8000782c	403f5393	srai	x7,x30,0x3	 x30:0x00000000  x7=0x00000000
      760459000	     37921	80007830	03217363	bgeu	x2,x18,80007856	  x2:0xfffffff0 x18:0xfffffb79
      760819000	     37939	80007856	9afd	c.andi	x13,-1	 x13:0xa01237ae x13=0xa01237ae
      762139000	     38005	80007858	023a5733	divu	x14,x20,x3	 x20:0xfffffb79  x3:0x00000003 x14=0x555553d3
      762159000	     38006	8000785c	00d12233	slt	x4,x2,x13	  x2:0xfffffff0 x13:0xa01237ae  x4=0x00000000
      762179000	     38007	80007860	813d	c.srli	x10,0xf	 x10:0xfffffffe x10=0x0001ffff
      762199000	     38008	80007862	8cd9	c.or	x9,x14	  x9:0x00000000 x14:0x555553d3  x9=0x555553d3
      762219000	     38009	80007864	0d5a	c.slli	x26,0x16	 x26:0x00000277 x26=0x9dc00000
      762559000	     38026	80007866	0000100f	fence.i	
      763879000	     38092	8000786a	02c84163	blt	x16,x12,8000788c	 x16:0x00000000 x12:0x80025ce4
      763899000	     38093	8000786e	e389	c.bnez	x15,80007870	 x15:0x00000000
      764299000	     38113	80007870	0194cd33	xor	x26,x9,x25	  x9:0x555553d3 x25:0xfffffb79 x26=0xaaaaa8aa
      764339000	     38115	80007874	03e631b3	mulhu	x3,x12,x30	 x12:0x80025ce4 x30:0x00000000  x3=0x00000000
      764499000	     38123	80007878	98cec817	auipc	x16,0x98cec	 x16=0x18cf3878
      764559000	     38126	8000787c	0488	c.addi4spn	x10,x2,576	 x10=0x00000230
      764779000	     38137	8000787e	1098ca93	xori	x21,x17,265	 x17:0x00000000 x21=0x00000109
      764799000	     38138	80007882	8bfe	c.mv	x23,x31	  x0:0x00000000 x31:0x00000000 x23=0x00000000
      765199000	     38158	80007884	0a2a	c.slli	x20,0xa	 x20:0xfffffb79 x20=0xffede400
      765219000	     38159	80007886	89d1	c.andi	x11,20	 x11:0x00000000 x11=0x00000000
      765239000	     38160	80007888	8713a713	slti	x14,x7,-1935	  x7:0x00000000 x14=0x00000000
      765259000	     38161	8000788c	03b31c63	bne	x6,x27,800078c4	  x6:0x0942080a x27:0x00000001
      765539000	     38175	800078c4	00808a33	add	x20,x1,x8	  x1:0x00000000  x8:0x80000000 x20=0x80000000
      766019000	     38199	800078c8	3040ac13	slti	x24,x1,772	  x1:0x00000000 x24=0x00000001
      766039000	     38200	800078cc	1788	c.addi4spn	x10,x2,992	 x10=0x000003d0
      766059000	     38201	800078ce	0000100f	fence.i	
      766899000	     38243	800078d2	8fbd	c.xor	x15,x15	 x15:0x00000000 x15:0x00000000 x15=0x00000000
      766919000	     38244	800078d4	0001	c.addi	x0,0	  x0:0x00000000  x0=0x00000000
      767079000	     38252	800078d6	01c66fb3	or	x31,x12,x28	 x12:0x80025ce4 x28:0x80021e64 x31=0x80025ee4
      767839000	     38290	800078da	029fc133	div	x2,x31,x9	 x31:0x80025ee4  x9:0x555553d3  x2=0xffffffff
      767859000	     38291	800078de	9f62	c.add	x30,x24	 x30:0x00000000 x24:0x00000001 x30=0x00000001
      767879000	     38292	800078e0	4389	c.li	x7,2	  x7=0x00000002
      767899000	     38293	800078e2	bc098893	addi	x17,x19,-1088	 x19:0x00000001 x17=0xfffffbc1
      767919000	     38294	800078e6	0f59	c.addi	x30,22	 x30:0x00000001 x30=0x00000017
      768079000	     38302	800078e8	032c34b3	mulhu	x9,x24,x18	 x24:0x00000001 x18:0xfffffb79  x9=0x00000000
      768099000	     38303	800078ec	c891	c.beqz	x9,80007900	  x9:0x00000000
      769079000	     38352	80007900	9bfd	c.andi	x15,-1	 x15:0x00000000 x15=0x00000000
      769819000	     38389	80007902	02d2db33	divu	x22,x5,x13	  x5:0x0a81203f x13:0xa01237ae x22=0x00000000
      769839000	     38390	80007906	e129	c.bnez	x10,80007948	 x10:0x000003d0
      769919000	     38394	80007948	8eec2713	slti	x14,x24,-1810	 x24:0x00000001 x14=0x00000000
      769939000	     38395	8000794c	0001	c.addi	x0,0	  x0:0x00000000  x0=0x00000000
      769979000	     38397	8000794e	02ebf833	remu	x16,x23,x14	 x23:0x00000000 x14:0x00000000 x16=0x00000000
      769999000	     38398	80007952	00dd5463	bge	x26,x13,8000795a	 x26:0xaaaaa8aa x13:0xa01237ae
      771359000	     38466	8000795a	02dd7b33	remu	x22,x26,x13	 x26:0xaaaaa8aa x13:0xa01237ae x22=0x0a9870fc
      771379000	     38467	8000795e	8e99	c.sub	x13,x14	 x13:0xa01237ae x14:0x00000000 x13=0xa01237ae
      771419000	     38469	80007960	02873c33	mulhu	x24,x14,x8	 x14:0x00000000  x8:0x80000000 x24=0x00000000
      771439000	     38470	80007964	8fad	c.xor	x15,x11	 x15:0x00000000 x11:0x00000000 x15=0x00000000
      771459000	     38471	80007966	0d16	c.slli	x26,0x5	 x26:0xaaaaa8aa x26=0x55551540
      771479000	     38472	80007968	01a8fe63	bgeu	x17,x26,80007984	 x17:0xfffffbc1 x26:0x55551540
      771939000	     38495	80007984	024d99b3	mulh	x19,x27,x4	 x27:0x00000001  x4:0x00000000 x19=0x00000000
      772379000	     38517	80007988	0000100f	fence.i	
      772959000	     38546	8000798c	00bf5893	srli	x17,x30,0xb	 x30:0x00000017 x17=0x00000000
      773379000	     38567	80007990	8d39	c.xor	x10,x14	 x10:0x000003d0 x14:0x00000000 x10=0x000003d0
      773399000	     38568	80007992	9c823293	sltiu	x5,x4,-1592	  x4:0x00000000  x5=0x00000001
      773419000	     38569	80007996	717d	c.addi16sp	x2,-16	  x2:0xffffffff  x2=0xffffffef
      773479000	     38572	80007998	8fe2	c.mv	x31,x24	  x0:0x00000000 x24:0x00000000 x31=0x00000000
      773499000	     38573	8000799a	010e9733	sll	x14,x29,x16	 x29:0x0000012b x16:0x00000000 x14=0x0000012b
      773519000	     38574	8000799e	023d6563	bltu	x26,x3,800079c8	 x26:0x55551540  x3:0x00000000
      773879000	     38592	800079a2	007a5193	srli	x3,x20,0x7	 x20:0x80000000  x3=0x01000000
      774019000	     38599	800079a6	014fd513	srli	x10,x31,0x14	 x31:0x00000000 x10=0x00000000
      774119000	     38604	800079aa	00509363	bne	x1,x5,800079b0	  x1:0x00000000  x5:0x00000001
      774879000	     38642	800079b0	935a	c.add	x6,x22	  x6:0x0942080a x22:0x0a9870fc  x6=0x13da7906
      774899000	     38643	800079b2	017e9813	slli	x16,x29,0x17	 x29:0x0000012b x16=0x95800000
      774919000	     38644	800079b6	01169893	slli	x17,x13,0x11	 x13:0xa01237ae x17=0x6f5c0000
      774939000	     38645	800079ba	8ebd	c.xor	x13,x15	 x13:0xa01237ae x15:0x00000000 x13=0xa01237ae
      774959000	     38646	800079bc	00c6ceb3	xor	x29,x13,x12	 x13:0xa01237ae x12:0x80025ce4 x29=0x20106b4a
      776079000	     38702	800079c0	03ce5d33	divu	x26,x28,x28	 x28:0x80021e64 x28:0x80021e64 x26=0x00000001
      776099000	     38703	800079c4	00420563	beq	x4,x4,800079ce	  x4:0x00000000  x4:0x00000000
      776559000	     38726	800079ce	026d	c.addi	x4,27	  x4:0x00000000  x4=0x0000001b
      776579000	     38727	800079d0	3c448393	addi	x7,x9,964	  x9:0x00000000  x7=0x000003c4
      776599000	     38728	800079d4	616d	c.addi16sp	x2,240	  x2:0xffffffef  x2=0x000000df
      776719000	     38734	800079d6	745c7797	auipc	x15,0x745c7	 x15=0xf45ce9d6
      777139000	     38755	800079da	017cdcb3	srl	x25,x25,x23	 x25:0xfffffb79 x23:0x00000000 x25=0xfffffb79
      777159000	     38756	800079de	e481	c.bnez	x9,800079e6	  x9:0x00000000
      777559000	     38776	800079e0	0001	c.addi	x0,0	  x0:0x00000000  x0=0x00000000
      777979000	     38797	800079e2	413785b3	sub	x11,x15,x19	 x15:0xf45ce9d6 x19:0x00000000 x11=0xf45ce9d6
      778019000	     38799	800079e6	03922db3	mulhsu	x27,x4,x25	  x4:0x0000001b x25:0xfffffb79 x27=0x0000001a
      778419000	     38819	800079ea	d4f82793	slti	x15,x16,-689	 x16:0x95800000 x15=0x00000001
      778839000	     38840	800079ee	411a5113	srai	x2,x20,0x11	 x20:0x80000000  x2=0xffffc000
      778859000	     38841	800079f2	01a46bb3	or	x23,x8,x26	  x8:0x80000000 x26:0x00000001 x23=0x80000001
      778879000	     38842	800079f6	00c9c263	blt	x19,x12,800079fa	 x19:0x00000000 x12:0x80025ce4
      778899000	     38843	800079fa	008d67b3	or	x15,x26,x8	 x26:0x00000001  x8:0x80000000 x15=0x80000001
      778919000	     38844	800079fe	1b7d	c.addi	x22,-1	 x22:0x0a9870fc x22=0x0a9870fb
      778939000	     38845	80007a00	8fe9	c.and	x15,x10	 x15:0x80000001 x10:0x00000000 x15=0x00000000
      788299000	     39313	80007a02	f8c37b93	andi	x23,x6,-116	  x6:0x13da7906 x23=0x13da7904
      788319000	     39314	80007a06	01781463	bne	x16,x23,80007a0e	 x16:0x95800000 x23:0x13da7904
      788379000	     39317	80007a0e	0161e333	or	x6,x3,x22	  x3:0x01000000 x22:0x0a9870fb  x6=0x0b9870fb
      788399000	     39318	80007a12	01e75e93	srli	x29,x14,0x1e	 x14:0x0000012b x29=0x00000000
      788419000	     39319	80007a16	8d15	c.sub	x10,x13	 x10:0x00000000 x13:0xa01237ae x10=0x5fedc852
      788439000	     39320	80007a18	01b6b6b3	sltu	x13,x13,x27	 x13:0xa01237ae x27:0x0000001a x13=0x00000000
      788599000	     39328	80007a1c	cf0d	c.beqz	x14,80007a56	 x14:0x0000012b
      788759000	     39336	80007a1e	01c9d293	srli	x5,x19,0x1c	 x19:0x00000000  x5=0x00000000
      788779000	     39337	80007a22	616d	c.addi16sp	x2,240	  x2:0xffffc000  x2=0xffffc0f0
      788819000	     39339	80007a24	039a3ab3	mulhu	x21,x20,x25	 x20:0x80000000 x25:0xfffffb79 x21=0x7ffffdbc
      788859000	     39341	80007a28	4107da33	sra	x20,x15,x16	 x15:0x00000000 x16:0x95800000 x20=0x00000000
      788899000	     39343	80007a2c	033b1eb3	mulh	x29,x22,x19	 x22:0x0a9870fb x19:0x00000000 x29=0x00000000
      788939000	     39345	80007a30	02534eb3	div	x29,x6,x5	  x6:0x0b9870fb  x5:0x00000000 x29=0xffffffff
      788959000	     39346	80007a34	84c9	c.srai	x9,0x12	  x9:0x00000000  x9=0x00000000
      788979000	     39347	80007a36	47a5	c.li	x15,9	 x15=0x00000009
      789119000	     39354	80007a38	40705533	sra	x10,x0,x7	  x0:0x00000000  x7:0x000003c4 x10=0x00000000
      790059000	     39401	80007a3c	035f7133	remu	x2,x30,x21	 x30:0x00000017 x21:0x7ffffdbc  x2=0x00000017
      790079000	     39402	80007a40	00ea1ab3	sll	x21,x20,x14	 x20:0x00000000 x14:0x0000012b x21=0x00000000
      790099000	     39403	80007a44	dc0b4013	xori	x0,x22,-576	 x22:0x0a9870fb  x0=0x00000000
      790119000	     39404	80007a48	032a1363	bne	x20,x18,80007a6e	 x20:0x00000000 x18:0xfffffb79
      790339000	     39415	80007a6e	1365aa93	slti	x21,x11,310	 x11:0xf45ce9d6 x21=0x00000001
      790499000	     39423	80007a72	02d3fb63	bgeu	x7,x13,80007aa8	  x7:0x000003c4 x13:0x00000000
      790859000	     39441	80007aa8	8d65	c.and	x10,x9	 x10:0x00000000  x9:0x00000000 x10=0x00000000
      791279000	     39462	80007aaa	a1efaf13	slti	x30,x31,-1506	 x31:0x00000000 x30=0x00000000
      791439000	     39470	80007aae	00eb35b3	sltu	x11,x22,x14	 x22:0x0a9870fb x14:0x0000012b x11=0x00000000
      791779000	     39487	80007ab2	02adf0b3	remu	x1,x27,x10	 x27:0x0000001a x10:0x00000000  x1=0x0000001a
      791799000	     39488	80007ab6	e199	c.bnez	x11,80007abc	 x11:0x00000000
      791899000	     39493	80007ab8	02721463	bne	x4,x7,80007ae0	  x4:0x0000001b  x7:0x000003c4
      792139000	     39505	80007ae0	99fd	c.andi	x11,-1	 x11:0x00000000 x11=0x00000000
      792219000	     39509	80007ae2	0027ac33	slt	x24,x15,x2	 x15:0x00000009  x2:0x00000017 x24=0x00000001
      792639000	     39530	80007ae6	412e0d33	sub	x26,x28,x18	 x28:0x80021e64 x18:0xfffffb79 x26=0x800222eb
      792739000	     39535	80007aea	01209693	slli	x13,x1,0x12	  x1:0x0000001a x13=0x00680000
      792759000	     39536	80007aee	8d05	c.sub	x10,x9	 x10:0x00000000  x9:0x00000000 x10=0x00000000
      793159000	     39556	80007af0	83a5	c.srli	x15,0x9	 x15:0x00000009 x15=0x00000000
      793179000	     39557	80007af2	8715	c.srai	x14,0x5	 x14:0x0000012b x14=0x00000009
      793319000	     39564	80007af4	007151b3	srl	x3,x2,x7	  x2:0x00000017  x7:0x000003c4  x3=0x00000001
      793339000	     39565	80007af8	4d1dec13	ori	x24,x27,1233	 x27:0x0000001a x24=0x000004db
      793359000	     39566	80007afc	93980593	addi	x11,x16,-1735	 x16:0x95800000 x11=0x957ff939
      793739000	     39585	80007b00	00b17d33	and	x26,x2,x11	  x2:0x00000017 x11:0x957ff939 x26=0x00000011
      794059000	     39601	80007b04	657d	c.lui	x10,0x1f	 x10=0x0001f000
      794099000	     39603	80007b06	02f8c933	div	x18,x17,x15	 x17:0x6f5c0000 x15:0x00000000 x18=0xffffffff
      794839000	     39640	80007b0a	031f7d33	remu	x26,x30,x17	 x30:0x00000000 x17:0x6f5c0000 x26=0x00000000
      794879000	     39642	80007b0e	0235bb33	mulhu	x22,x11,x3	 x11:0x957ff939  x3:0x00000001 x22=0x00000000
      794899000	     39643	80007b12	8fbd	c.xor	x15,x15	 x15:0x00000000 x15:0x00000000 x15=0x00000000
      794919000	     39644	80007b14	40680ab3	sub	x21,x16,x6	 x16:0x95800000  x6:0x0b9870fb x21=0x89e78f05
      794939000	     39645	80007b18	036784b3	mul	x9,x15,x22	 x15:0x00000000 x22:0x00000000  x9=0x00000000
      794959000	     39646	80007b1c	01355493	srli	x9,x10,0x13	 x10:0x0001f000  x9=0x00000000
      794979000	     39647	80007b20	c989	c.beqz	x11,80007b32	 x11:0x957ff939
      794999000	     39648	80007b22	00fb9233	sll	x4,x23,x15	 x23:0x13da7904 x15:0x00000000  x4=0x13da7904
      795039000	     39650	80007b26	01b0dd63	bge	x1,x27,80007b40	  x1:0x0000001a x27:0x0000001a
      795839000	     39690	80007b40	027a5363	bge	x20,x7,80007b66	 x20:0x00000000  x7:0x000003c4
      795939000	     39695	80007b44	00dd0933	add	x18,x26,x13	 x26:0x00000000 x13:0x00680000 x18=0x00680000
      796239000	     39710	80007b48	05de	c.slli	x11,0x17	 x11:0x957ff939 x11=0x9c800000
      796279000	     39712	80007b4a	03fbc333	div	x6,x23,x31	 x23:0x13da7904 x31:0x00000000  x6=0xffffffff
      796299000	     39713	80007b4e	c199	c.beqz	x11,80007b54	 x11:0x9c800000
      796319000	     39714	80007b50	8e91	c.sub	x13,x12	 x13:0x00680000 x12:0x80025ce4 x13=0x8065a31c
      796339000	     39715	80007b52	ca8d	c.beqz	x13,80007b84	 x13:0x8065a31c
      796359000	     39716	80007b54	6f61	c.lui	x30,0x18	 x30=0x00018000
      796379000	     39717	80007b56	8e89	c.sub	x13,x10	 x13:0x8065a31c x10:0x0001f000 x13=0x8063b31c
      796679000	     39732	80007b58	00495463	bge	x18,x4,80007b60	 x18:0x00680000  x4:0x13da7904
      796699000	     39733	80007b5c	00a93233	sltu	x4,x18,x10	 x18:0x00680000 x10:0x0001f000  x4=0x00000000
      797099000	     39753	80007b60	003a3933	sltu	x18,x20,x3	 x20:0x00000000  x3:0x00000001 x18=0x00000001
      797119000	     39754	80007b64	0001	c.addi	x0,0	  x0:0x00000000  x0=0x00000000
      797159000	     39756	80007b66	00e022b3	slt	x5,x0,x14	  x0:0x00000000 x14:0x00000009  x5=0x00000001
      797179000	     39757	80007b6a	80dd	c.srli	x9,0x17	  x9:0x00000000  x9=0x00000000
      797279000	     39762	80007b6c	02020033	mul	x0,x4,x0	  x4:0x00000000  x0:0x00000000  x0=0x00000000
      797299000	     39763	80007b70	0001	c.addi	x0,0	  x0:0x00000000  x0=0x00000000
      797339000	     39765	80007b72	9a310f13	addi	x30,x2,-1629	  x2:0x00000017 x30=0xfffff9ba
      797359000	     39766	80007b76	008e0233	add	x4,x28,x8	 x28:0x80021e64  x8:0x80000000  x4=0x00021e64
      797379000	     39767	80007b7a	01057d33	and	x26,x10,x16	 x10:0x0001f000 x16:0x95800000 x26=0x00000000
      797519000	     39774	80007b7e	0155a933	slt	x18,x11,x21	 x11:0x9c800000 x21:0x89e78f05 x18=0x00000000
      797539000	     39775	80007b82	0001	c.addi	x0,0	  x0:0x00000000  x0=0x00000000
      797559000	     39776	80007b84	017c5f33	srl	x30,x24,x23	 x24:0x000004db x23:0x13da7904 x30=0x0000004d
      797599000	     39778	80007b88	0966	c.slli	x18,0x19	 x18:0x00000000 x18=0x00000000
      797619000	     39779	80007b8a	e489	c.bnez	x9,80007b94	  x9:0x00000000
      798019000	     39799	80007b8c	416bd1b3	sra	x3,x23,x22	 x23:0x13da7904 x22:0x00000000  x3=0x13da7904
      798099000	     39803	80007b90	40330a33	sub	x20,x6,x3	  x6:0xffffffff  x3:0x13da7904 x20=0xec2586fb
      798259000	     39811	80007b94	61f1	c.lui	x3,0x1c	  x3=0x0001c000
      798279000	     39812	80007b96	41ee0133	sub	x2,x28,x30	 x28:0x80021e64 x30:0x0000004d  x2=0x80021e17
      798299000	     39813	80007b9a	0001	c.addi	x0,0	  x0:0x00000000  x0=0x00000000
      798599000	     39828	80007b9c	9d8a	c.add	x27,x2	 x27:0x0000001a  x2:0x80021e17 x27=0x80021e31
      798619000	     39829	80007b9e	088a	c.slli	x17,0x2	 x17:0x6f5c0000 x17=0xbd700000
      798699000	     39833	80007ba0	010d5ab3	srl	x21,x26,x16	 x26:0x00000000 x16:0x95800000 x21=0x00000000
      798719000	     39834	80007ba4	01cf61b3	or	x3,x30,x28	 x30:0x0000004d x28:0x80021e64  x3=0x80021e6d
      798739000	     39835	80007ba8	8bb1	c.andi	x15,12	 x15:0x00000000 x15=0x00000000
      798759000	     39836	80007baa	02da	c.slli	x5,0x16	  x5:0x00000001  x5=0x00400000
      798899000	     39843	80007bac	40c35b93	srai	x23,x6,0xc	  x6:0xffffffff x23=0xffffffff
      799319000	     39864	80007bb0	41adb213	sltiu	x4,x27,1050	 x27:0x80021e31  x4=0x00000000
      799339000	     39865	80007bb4	03160f33	mul	x30,x12,x17	 x12:0x80025ce4 x17:0xbd700000 x30=0xf7c00000
      799359000	     39866	80007bb8	00deb6b3	sltu	x13,x29,x13	 x29:0xffffffff x13:0x8063b31c x13=0x00000000
      799379000	     39867	80007bbc	62e9	c.lui	x5,0x1a	  x5=0x0001a000
      799399000	     39868	80007bbe	0085ca33	xor	x20,x11,x8	 x11:0x9c800000  x8:0x80000000 x20=0x1c800000
      799419000	     39869	80007bc2	8d6d	c.and	x10,x11	 x10:0x0001f000 x11:0x9c800000 x10=0x00000000
      799519000	     39874	80007bc4	020d5563	bge	x26,x0,80007bee	 x26:0x00000000  x0:0x00000000
      800179000	     39907	80007bee	00767263	bgeu	x12,x7,80007bf2	 x12:0x80025ce4  x7:0x000003c4
      800359000	     39916	80007bf2	40c08713	addi	x14,x1,1036	  x1:0x0000001a x14=0x00000426
      800379000	     39917	80007bf6	30b1ae93	slti	x29,x3,779	  x3:0x80021e6d x29=0x00000001
      800399000	     39918	80007bfa	97e2	c.add	x15,x24	 x15:0x00000000 x24:0x000004db x15=0x000004db
      800719000	     39934	80007bfc	62f1	c.lui	x5,0x1c	  x5=0x0001c000
      800739000	     39935	80007bfe	81c5	c.srli	x11,0x11	 x11:0x9c800000 x11=0x00004e40
      800799000	     39938	80007c00	00e71b33	sll	x22,x14,x14	 x14:0x00000426 x14:0x00000426 x22=0x00010980
      801059000	     39951	80007c04	0001	c.addi	x0,0	  x0:0x00000000  x0=0x00000000
      801079000	     39952	80007c06	de54a113	slti	x2,x9,-539	  x9:0x00000000  x2=0x00000000
      801219000	     39959	80007c0a	01fd8d33	add	x26,x27,x31	 x27:0x80021e31 x31:0x00000000 x26=0x80021e31
      801239000	     39960	80007c0e	41f55a13	srai	x20,x10,0x1f	 x10:0x00000000 x20=0x00000000
      801439000	     39970	80007c12	00c14a63	blt	x2,x12,80007c26	  x2:0x00000000 x12:0x80025ce4
      801459000	     39971	80007c16	0031db33	srl	x22,x3,x3	  x3:0x80021e6d  x3:0x80021e6d x22=0x00040010
      801479000	     39972	80007c1a	01b63cb3	sltu	x25,x12,x27	 x12:0x80025ce4 x27:0x80021e31 x25=0x00000000
      801499000	     39973	80007c1e	b97d8313	addi	x6,x27,-1129	 x27:0x80021e31  x6=0x800219c8
      801519000	     39974	80007c22	cf1d	c.beqz	x14,80007c60	 x14:0x00000426
      801979000	     39997	80007c24	8311	c.srli	x14,0x4	 x14:0x00000426 x14=0x00000042
      802399000	     40018	80007c26	00999a13	slli	x20,x19,0x9	 x19:0x00000000 x20=0x00000000
      802419000	     40019	80007c2a	8f25	c.xor	x14,x9	 x14:0x00000042  x9:0x00000000 x14=0x00000042
      802519000	     40024	80007c2c	00c5ef33	or	x30,x11,x12	 x11:0x00004e40 x12:0x80025ce4 x30=0x80025ee4
      802719000	     40034	80007c30	8d6e	c.mv	x26,x27	  x0:0x00000000 x27:0x80021e31 x26=0x80021e31
      802739000	     40035	80007c32	409e59b3	sra	x19,x28,x9	 x28:0x80021e64  x9:0x00000000 x19=0x80021e64
      802759000	     40036	80007c36	837d	c.srli	x14,0x1f	 x14:0x00000042 x14=0x00000000
      802839000	     40040	80007c38	5be36b93	ori	x23,x6,1470	  x6:0x800219c8 x23=0x80021dfe
      802859000	     40041	80007c3c	8ff1	c.and	x15,x12	 x15:0x000004db x12:0x80025ce4 x15=0x000004c0
      802919000	     40044	80007c3e	02a3d7b3	divu	x15,x7,x10	  x7:0x000003c4 x10:0x00000000 x15=0xffffffff
      803319000	     40064	80007c42	0ff0000f	fence	iorw,iorw	
      803339000	     40065	80007c46	869e	c.mv	x13,x7	  x0:0x00000000  x7:0x000003c4 x13=0x000003c4
      803479000	     40072	80007c48	0106c7b3	xor	x15,x13,x16	 x13:0x000003c4 x16:0x95800000 x15=0x958003c4
      803499000	     40073	80007c4c	85b6	c.mv	x11,x13	  x0:0x00000000 x13:0x000003c4 x11=0x000003c4
      803539000	     40075	80007c4e	03a53a33	mulhu	x20,x10,x26	 x10:0x00000000 x26:0x80021e31 x20=0x00000000
      803579000	     40077	80007c52	034ec2b3	div	x5,x29,x20	 x29:0x00000001 x20:0x00000000  x5=0xffffffff
      803659000	     40081	80007c56	00468733	add	x14,x13,x4	 x13:0x000003c4  x4:0x00000000 x14=0x000003c4
      803679000	     40082	80007c5a	c7a9	c.beqz	x15,80007ca4	 x15:0x958003c4
      803759000	     40086	80007c5c	1f843693	sltiu	x13,x8,504	  x8:0x80000000 x13=0x00000000
      803999000	     40098	80007c60	01ef82b3	add	x5,x31,x30	 x31:0x00000000 x30:0x80025ee4  x5=0x80025ee4
      804419000	     40119	80007c64	0178ba33	sltu	x20,x17,x23	 x17:0xbd700000 x23:0x80021dfe x20=0x00000000
      804679000	     40132	80007c68	0047ac33	slt	x24,x15,x4	 x15:0x958003c4  x4:0x00000000 x24=0x00000001
      804719000	     40134	80007c6c	02d772b3	remu	x5,x14,x13	 x14:0x000003c4 x13:0x00000000  x5=0x000003c4
      804739000	     40135	80007c70	01fd7b33	and	x22,x26,x31	 x26:0x80021e31 x31:0x00000000 x22=0x00000000
      804759000	     40136	80007c74	0329d063	bge	x19,x18,80007c94	 x19:0x80021e64 x18:0x00000000
      805039000	     40150	80007c78	414159b3	sra	x19,x2,x20	  x2:0x00000000 x20:0x00000000 x19=0x00000000
      805299000	     40163	80007c7c	87c6	c.mv	x15,x17	  x0:0x00000000 x17:0xbd700000 x15=0xbd700000
      805319000	     40164	80007c7e	018799b3	sll	x19,x15,x24	 x15:0xbd700000 x24:0x00000001 x19=0x7ae00000
      805519000	     40174	80007c82	01ebca33	xor	x20,x23,x30	 x23:0x80021dfe x30:0x80025ee4 x20=0x0000431a
      805559000	     40176	80007c86	5fe02c13	slti	x24,x0,1534	  x0:0x00000000 x24=0x00000001
      805659000	     40181	80007c8a	0054b833	sltu	x16,x9,x5	  x9:0x00000000  x5:0x000003c4 x16=0x00000001
      806019000	     40199	80007c8e	40b300b3	sub	x1,x6,x11	  x6:0x800219c8 x11:0x000003c4  x1=0x80021604
      806039000	     40200	80007c92	8749	c.srai	x14,0x12	 x14:0x000003c4 x14=0x00000000
      806159000	     40206	80007c94	038a7363	bgeu	x20,x24,80007cba	 x20:0x0000431a x24:0x00000001
      806939000	     40245	80007cba	02544137	lui	x2,0x2544	  x2=0x02544000
      806959000	     40246	80007cbe	0001	c.addi	x0,0	  x0:0x00000000  x0=0x00000000
      806979000	     40247	80007cc0	587d	c.li	x16,-1	 x16=0xffffffff
      806999000	     40248	80007cc2	8f65	c.and	x14,x9	 x14:0x00000000  x9:0x00000000 x14=0x00000000
      807019000	     40249	80007cc4	41bd86b3	sub	x13,x27,x27	 x27:0x80021e31 x27:0x80021e31 x13=0x00000000
      807399000	     40268	80007cc8	04444163	blt	x8,x4,80007d0a	  x8:0x80000000  x4:0x00000000
      807779000	     40287	80007d0a	131c	c.addi4spn	x15,x2,416	 x15=0x025441a0
      807799000	     40288	80007d0c	6175	c.addi16sp	x2,368	  x2:0x02544000  x2=0x02544170
      807819000	     40289	80007d0e	0a08	c.addi4spn	x10,x2,272	 x10=0x02544280
      808219000	     40309	80007d10	71d08693	addi	x13,x1,1821	  x1:0x80021604 x13=0x80021d21
      808239000	     40310	80007d14	16dcc137	lui	x2,0x16dcc	  x2=0x16dcc000
      808259000	     40311	80007d18	0001	c.addi	x0,0	  x0:0x00000000  x0=0x00000000
      808359000	     40316	80007d1a	01178a33	add	x20,x15,x17	 x15:0x025441a0 x17:0xbd700000 x20=0xbfc441a0
      808379000	     40317	80007d1e	c862d4b7	lui	x9,0xc862d	  x9=0xc862d000
      808399000	     40318	80007d22	8ee5	c.and	x13,x9	 x13:0x80021d21  x9:0xc862d000 x13=0x80021000
      808419000	     40319	80007d24	00f01313	slli	x6,x0,0xf	  x0:0x00000000  x6=0x00000000
      808459000	     40321	80007d28	036943b3	div	x7,x18,x22	 x18:0x00000000 x22:0x00000000  x7=0xffffffff
      808719000	     40334	80007d2c	021e37b3	mulhu	x15,x28,x1	 x28:0x80021e64  x1:0x80021604 x15=0x40021a38
      808739000	     40335	80007d30	8a7a	c.mv	x20,x30	  x0:0x00000000 x30:0x80025ee4 x20=0x80025ee4
      808759000	     40336	80007d32	5ffd	c.li	x31,-1	 x31=0xffffffff
      808779000	     40337	80007d34	01c41693	slli	x13,x8,0x1c	  x8:0x80000000 x13=0x00000000
      808859000	     40341	80007d38	6931	c.lui	x18,0xc	 x18=0x0000c000
      808899000	     40343	80007d3a	e1c03537	lui	x10,0xe1c03	 x10=0xe1c03000
      809639000	     40380	80007d3e	02b7e4b3	rem	x9,x15,x11	 x15:0x40021a38 x11:0x000003c4  x9=0x000003c0
      809659000	     40381	80007d42	011263b3	or	x7,x4,x17	  x4:0x00000000 x17:0xbd700000  x7=0xbd700000
      810399000	     40418	80007d46	031f4233	div	x4,x30,x17	 x30:0x80025ee4 x17:0xbd700000  x4=0x00000001
      810439000	     40420	80007d4a	026aa1b3	mulhsu	x3,x21,x6	 x21:0x00000000  x6:0x00000000  x3=0x00000000
      811179000	     40457	80007d4e	03e26533	rem	x10,x4,x30	  x4:0x00000001 x30:0x80025ee4 x10=0x00000001
      811199000	     40458	80007d52	8341	c.srli	x14,0x10	 x14:0x00000000 x14=0x00000000
      811219000	     40459	80007d54	8f75	c.and	x14,x13	 x14:0x00000000 x13:0x00000000 x14=0x00000000
      811239000	     40460	80007d56	0095c1b3	xor	x3,x11,x9	 x11:0x000003c4  x9:0x000003c0  x3=0x00000004
      811259000	     40461	80007d5a	89ad	c.andi	x11,11	 x11:0x000003c4 x11=0x00000000
      811279000	     40462	80007d5c	996e	c.add	x18,x27	 x18:0x0000c000 x27:0x80021e31 x18=0x8002de31
      811299000	     40463	80007d5e	1d84	c.addi4spn	x9,x2,752	  x9=0x16dcc2f0
      812039000	     40500	80007d60	03d34533	div	x10,x6,x29	  x6:0x00000000 x29:0x00000001 x10=0x00000000
      812059000	     40501	80007d64	02710033	mul	x0,x2,x7	  x2:0x16dcc000  x7:0xbd700000  x0=0x00000000
      812079000	     40502	80007d68	0f21	c.addi	x30,8	 x30:0x80025ee4 x30=0x80025eec
      812099000	     40503	80007d6a	0171ba33	sltu	x20,x3,x23	  x3:0x00000004 x23:0x80021dfe x20=0x00000001
      812119000	     40504	80007d6e	40fa06b3	sub	x13,x20,x15	 x20:0x00000001 x15:0x40021a38 x13=0xbffde5c9
      812139000	     40505	80007d72	9b6a	c.add	x22,x26	 x22:0x00000000 x26:0x80021e31 x22=0x80021e31
      812159000	     40506	80007d74	8535	c.srai	x10,0xd	 x10:0x00000000 x10=0x00000000
      812179000	     40507	80007d76	99fd	c.andi	x11,-1	 x11:0x00000000 x11=0x00000000
      812219000	     40509	80007d78	03a73a33	mulhu	x20,x14,x26	 x14:0x00000000 x26:0x80021e31 x20=0x00000000
      812439000	     40520	80007d7c	011dfd63	bgeu	x27,x17,80007d96	 x27:0x80021e31 x17:0xbd700000
      812459000	     40521	80007d80	41c7d2b3	sra	x5,x15,x28	 x15:0x40021a38 x28:0x80021e64  x5=0x040021a3
      812479000	     40522	80007d84	00d99d33	sll	x26,x19,x13	 x19:0x7ae00000 x13:0xbffde5c9 x26=0xc0000000
      812499000	     40523	80007d88	c2a1	c.beqz	x13,80007dc8	 x13:0xbffde5c9
      812539000	     40525	80007d8a	cde6f693	andi	x13,x13,-802	 x13:0xbffde5c9 x13=0xbffde4c8
      812659000	     40531	80007d8e	01cd7333	and	x6,x26,x28	 x26:0xc0000000 x28:0x80021e64  x6=0x80000000
      812759000	     40536	80007d92	00c227b3	slt	x15,x4,x12	  x4:0x00000001 x12:0x80025ce4 x15=0x00000000
      819159000	     40856	80007d96	0040df13	srli	x30,x1,0x4	  x1:0x80021604 x30=0x08002160
      819179000	     40857	80007d9a	81ea	c.mv	x3,x26	  x0:0x00000000 x26:0xc0000000  x3=0xc0000000
      819199000	     40858	80007d9c	01235c13	srli	x24,x6,0x12	  x6:0x80000000 x24=0x00002000
      819219000	     40859	80007da0	4028d893	srai	x17,x17,0x2	 x17:0xbd700000 x17=0xef5c0000
      819239000	     40860	80007da4	002f9933	sll	x18,x31,x2	 x31:0xffffffff  x2:0x16dcc000 x18=0xffffffff
      819659000	     40881	80007da8	03aa10b3	mulh	x1,x20,x26	 x20:0x00000000 x26:0xc0000000  x1=0x00000000
      820399000	     40918	80007dac	031acbb3	div	x23,x21,x17	 x21:0x00000000 x17:0xef5c0000 x23=0x00000000
      820439000	     40920	80007db0	032618b3	mulh	x17,x12,x18	 x12:0x80025ce4 x18:0xffffffff x17=0x00000000
      820459000	     40921	80007db4	0ff0000f	fence	iorw,iorw	
      820479000	     40922	80007db8	8b36	c.mv	x22,x13	  x0:0x00000000 x13:0xbffde4c8 x22=0xbffde4c8
      820499000	     40923	80007dba	01ccfb33	and	x22,x25,x28	 x25:0x00000000 x28:0x80021e64 x22=0x00000000
      820519000	     40924	80007dbe	0011bc33	sltu	x24,x3,x1	  x3:0xc0000000  x1:0x00000000 x24=0x00000000
      820539000	     40925	80007dc2	4c9fa393	slti	x7,x31,1225	 x31:0xffffffff  x7=0x00000001
      820559000	     40926	80007dc6	8f7d	c.and	x14,x15	 x14:0x00000000 x15:0x00000000 x14=0x00000000
      820659000	     40931	80007dc8	8f3d	c.xor	x14,x15	 x14:0x00000000 x15:0x00000000 x14=0x00000000
      820679000	     40932	80007dca	0001	c.addi	x0,0	  x0:0x00000000  x0=0x00000000
      820699000	     40933	80007dcc	037306b3	mul	x13,x6,x23	  x6:0x80000000 x23:0x00000000 x13=0x00000000
      821019000	     40949	80007dd0	8cf1	c.and	x9,x12	  x9:0x16dcc2f0 x12:0x80025ce4  x9=0x000040e0
      821039000	     40950	80007dd2	8d59	c.or	x10,x14	 x10:0x00000000 x14:0x00000000 x10=0x00000000
      821219000	     40959	80007dd4	010dd833	srl	x16,x27,x16	 x27:0x80021e31 x16:0xffffffff x16=0x00000001
      821239000	     40960	80007dd8	013f9a93	slli	x21,x31,0x13	 x31:0xffffffff x21=0xfff80000
      821259000	     40961	80007ddc	41830f33	sub	x30,x6,x24	  x6:0x80000000 x24:0x00000000 x30=0x80000000
      821279000	     40962	80007de0	eb95	c.bnez	x15,80007e14	 x15:0x00000000
      821699000	     40983	80007de2	00ec9463	bne	x25,x14,80007dea	 x25:0x00000000 x14:0x00000000
      821899000	     40993	80007de6	f16c8f93	addi	x31,x25,-234	 x25:0x00000000 x31=0xffffff16
      822299000	     41013	80007dea	d3737d93	andi	x27,x6,-713	  x6:0x80000000 x27=0x80000000
      823039000	     41050	80007dee	029c7333	remu	x6,x24,x9	 x24:0x00000000  x9:0x000040e0  x6=0x00000000
      823059000	     41051	80007df2	03b6	c.slli	x7,0xd	  x7:0x00000001  x7=0x00002000
      823079000	     41052	80007df4	80d9	c.srli	x9,0x16	  x9:0x000040e0  x9=0x00000000
      823099000	     41053	80007df6	002ffc63	bgeu	x31,x2,80007e0e	 x31:0xffffff16  x2:0x16dcc000
      823379000	     41067	80007e0e	01a986b3	add	x13,x19,x26	 x19:0x7ae00000 x26:0xc0000000 x13=0x3ae00000
      823399000	     41068	80007e12	997d	c.andi	x10,-1	 x10:0x00000000 x10=0x00000000
      823719000	     41084	80007e14	8f41	c.or	x14,x8	 x14:0x00000000  x8:0x80000000 x14=0x80000000
      823739000	     41085	80007e16	8b89	c.andi	x15,2	 x15:0x00000000 x15=0x00000000
      824139000	     41105	80007e18	cd9d	c.beqz	x11,80007e56	 x11:0x00000000
      825259000	     41161	80007e56	0994	c.addi4spn	x13,x2,208	 x13=0x16dcc0d0
      825379000	     41167	80007e58	408cdeb3	sra	x29,x25,x8	 x25:0x00000000  x8:0x80000000 x29=0x00000000
      825399000	     41168	80007e5c	a57bfb37	lui	x22,0xa57bf	 x22=0xa57bf000
      825819000	     41189	80007e60	ca8da213	slti	x4,x27,-856	 x27:0x80000000  x4=0x00000001
      826219000	     41209	80007e64	0000100f	fence.i	
      826419000	     41219	80007e68	015a45b3	xor	x11,x20,x21	 x20:0x00000000 x21:0xfff80000 x11=0xfff80000
      826839000	     41240	80007e6c	0001	c.addi	x0,0	  x0:0x00000000  x0=0x00000000
      826859000	     41241	80007e6e	4099	c.li	x1,6	  x1=0x00000006
      826879000	     41242	80007e70	00f3c6b3	xor	x13,x7,x15	  x7:0x00002000 x15:0x00000000 x13=0x00002000
      826919000	     41244	80007e74	0cc6	c.slli	x25,0x11	 x25:0x00000000 x25=0x00000000
      826939000	     41245	80007e76	407d5c33	sra	x24,x26,x7	 x26:0xc0000000  x7:0x00002000 x24=0xc0000000
      826959000	     41246	80007e7a	8546	c.mv	x10,x17	  x0:0x00000000 x17:0x00000000 x10=0x00000000
      826979000	     41247	80007e7c	012e3fb3	sltu	x31,x28,x18	 x28:0x80021e64 x18:0xffffffff x31=0x00000001
      827099000	     41253	80007e80	00e323b3	slt	x7,x6,x14	  x6:0x00000000 x14:0x80000000  x7=0x00000000
      827119000	     41254	80007e84	be693a13	sltiu	x20,x18,-1050	 x18:0xffffffff x20=0x00000000
      827199000	     41258	80007e88	0c8e	c.slli	x25,0x3	 x25:0x00000000 x25=0x00000000
      827219000	     41259	80007e8a	97ca	c.add	x15,x18	 x15:0x00000000 x18:0xffffffff x15=0xffffffff
      827259000	     41261	80007e8c	0204c833	div	x16,x9,x0	  x9:0x00000000  x0:0x00000000 x16=0xffffffff
      827279000	     41262	80007e90	005f7663	bgeu	x30,x5,80007e9c	 x30:0x80000000  x5:0x040021a3
      827519000	     41274	80007e9c	0000100f	fence.i	
      827559000	     41276	80007ea0	ed15	c.bnez	x10,80007edc	 x10:0x00000000
      828419000	     41319	80007ea2	02ff6133	rem	x2,x30,x15	 x30:0x80000000 x15:0xffffffff  x2=0x00000000
      828439000	     41320	80007ea6	8a22	c.mv	x20,x8	  x0:0x00000000  x8:0x80000000 x20=0x80000000
      828459000	     41321	80007ea8	0ff0000f	fence	iorw,iorw	
      828479000	     41322	80007eac	a2823113	sltiu	x2,x4,-1496	  x4:0x00000001  x2=0x00000001
      828499000	     41323	80007eb0	717d	c.addi16sp	x2,-16	  x2:0x00000001  x2=0xfffffff1
      828519000	     41324	80007eb2	00bda8b3	slt	x17,x27,x11	 x27:0x80000000 x11:0xfff80000 x17=0x00000001
      828539000	     41325	80007eb6	0ff0000f	fence	iorw,iorw	
      828559000	     41326	80007eba	6171	c.addi16sp	x2,336	  x2:0xfffffff1  x2=0x00000141
      828579000	     41327	80007ebc	8d31	c.xor	x10,x12	 x10:0x00000000 x12:0x80025ce4 x10=0x80025ce4
      828599000	     41328	80007ebe	0001	c.addi	x0,0	  x0:0x00000000  x0=0x00000000
      828819000	     41339	80007ec0	c1b9	c.beqz	x11,80007f06	 x11:0xfff80000
      829259000	     41361	80007ec2	0264eb33	rem	x22,x9,x6	  x9:0x00000000  x6:0x00000000 x22=0x00000000
      829399000	     41368	80007ec6	0278fdb3	remu	x27,x17,x7	 x17:0x00000001  x7:0x00000000 x27=0x00000001
      829419000	     41369	80007eca	98fd	c.andi	x9,-1	  x9:0x00000000  x9=0x00000000
      829439000	     41370	80007ecc	035a9563	bne	x21,x21,80007ef6	 x21:0xfff80000 x21:0xfff80000
      829459000	     41371	80007ed0	fba2f2b7	lui	x5,0xfba2f	  x5=0xfba2f000
      829479000	     41372	80007ed4	0a9a	c.slli	x21,0x6	 x21:0xfff80000 x21=0xfe000000
      829499000	     41373	80007ed6	997d	c.andi	x10,-1	 x10:0x80025ce4 x10=0x80025ce4
      829639000	     41380	80007ed8	02f9d963	bge	x19,x15,80007f0a	 x19:0x7ae00000 x15:0xffffffff
      830119000	     41404	80007f0a	8efd	c.and	x13,x15	 x13:0x00002000 x15:0xffffffff x13=0x00002000
      830139000	     41405	80007f0c	03a88063	beq	x17,x26,80007f2c	 x17:0x00000001 x26:0xc0000000
      830159000	     41406	80007f10	e79d	c.bnez	x15,80007f3e	 x15:0xffffffff
      831699000	     41483	80007f3e	0312f4b3	remu	x9,x5,x17	  x5:0xfba2f000 x17:0x00000001  x9=0x00000000
      831719000	     41484	80007f42	1efd	c.addi	x29,-1	 x29:0x00000000 x29=0xffffffff
      831759000	     41486	80007f44	03c438b3	mulhu	x17,x8,x28	  x8:0x80000000 x28:0x80021e64 x17=0x40010f32
      831779000	     41487	80007f48	0001	c.addi	x0,0	  x0:0x00000000  x0=0x00000000
      831799000	     41488	80007f4a	12fd	c.addi	x5,-1	  x5:0xfba2f000  x5=0xfba2efff
      831819000	     41489	80007f4c	020f8bb3	mul	x23,x31,x0	 x31:0x00000001  x0:0x00000000 x23=0x00000000
      831839000	     41490	80007f50	015306b3	add	x13,x6,x21	  x6:0x00000000 x21:0xfe000000 x13=0xfe000000
      831859000	     41491	80007f54	0a5e	c.slli	x20,0x17	 x20:0x80000000 x20=0x00000000
      832059000	     41501	80007f56	012c4733	xor	x14,x24,x18	 x24:0xc0000000 x18:0xffffffff x14=0x3fffffff
      832919000	     41544	80007f5a	02ffcab3	div	x21,x31,x15	 x31:0x00000001 x15:0xffffffff x21=0xffffffff
      832939000	     41545	80007f5e	ccf90513	addi	x10,x18,-817	 x18:0xffffffff x10=0xfffffcce
      832959000	     41546	80007f62	1d202c93	slti	x25,x0,466	  x0:0x00000000 x25=0x00000001
      832979000	     41547	80007f66	4c71	c.li	x24,28	 x24=0x0000001c
      833039000	     41550	80007f68	88ed	c.andi	x9,27	  x9:0x00000000  x9=0x00000000
      833079000	     41552	80007f6a	0393a6b3	mulhsu	x13,x7,x25	  x7:0x00000000 x25:0x00000001 x13=0x00000000
      833099000	     41553	80007f6e	8f49	c.or	x14,x10	 x14:0x3fffffff x10:0xfffffcce x14=0xffffffff
      833199000	     41558	80007f70	01aa0363	beq	x20,x26,80007f76	 x20:0x00000000 x26:0xc0000000
      833219000	     41559	80007f74	8109	c.srli	x10,0x2	 x10:0xfffffcce x10=0x3fffff33
      833239000	     41560	80007f76	09b1	c.addi	x19,12	 x19:0x7ae00000 x19=0x7ae0000c
      833399000	     41568	80007f78	83e9	c.srli	x15,0x1a	 x15:0xffffffff x15=0x0000003f
      833459000	     41571	80007f7a	005ac0b3	xor	x1,x21,x5	 x21:0xffffffff  x5:0xfba2efff  x1=0x045d1000
      833619000	     41579	80007f7e	d52b4517	auipc	x10,0xd52b4	 x10=0x552bbf7e
      833679000	     41582	80007f82	01f04eb3	xor	x29,x0,x31	  x0:0x00000000 x31:0x00000001 x29=0x00000001
      833719000	     41584	80007f86	02b93533	mulhu	x10,x18,x11	 x18:0xffffffff x11:0xfff80000 x10=0xfff7ffff
      833739000	     41585	80007f8a	029e5063	bge	x28,x9,80007faa	 x28:0x80021e64  x9:0x00000000
      833979000	     41597	80007f8e	00f663b3	or	x7,x12,x15	 x12:0x80025ce4 x15:0x0000003f  x7=0x80025cff
      833999000	     41598	80007f92	9dd98b93	addi	x23,x19,-1571	 x19:0x7ae0000c x23=0x7adff9e9
      834019000	     41599	80007f96	8fd5	c.or	x15,x13	 x15:0x0000003f x13:0x00000000 x15=0x0000003f
      834759000	     41636	80007f98	028f7ab3	remu	x21,x30,x8	 x30:0x80000000  x8:0x80000000 x21=0x00000000
      834779000	     41637	80007f9c	03b8e463	bltu	x17,x27,80007fc4	 x17:0x40010f32 x27:0x00000001
      834799000	     41638	80007fa0	0df6	c.slli	x27,0x1d	 x27:0x00000001 x27=0x20000000
      834819000	     41639	80007fa2	00566ab3	or	x21,x12,x5	 x12:0x80025ce4  x5:0xfba2efff x21=0xfba2ffff
      834839000	     41640	80007fa6	01d7b033	sltu	x0,x15,x29	 x15:0x0000003f x29:0x00000001  x0=0x00000000
      834959000	     41646	80007faa	01557eb3	and	x29,x10,x21	 x10:0xfff7ffff x21:0xfba2ffff x29=0xfba2ffff
      835379000	     41667	80007fae	40ecd313	srai	x6,x25,0xe	 x25:0x00000001  x6=0x00000000
      835799000	     41688	80007fb2	038dd363	bge	x27,x24,80007fd8	 x27:0x20000000 x24:0x0000001c
      837079000	     41752	80007fd8	01d8d9b3	srl	x19,x17,x29	 x17:0x40010f32 x29:0xfba2ffff x19=0x00000000
      837159000	     41756	80007fdc	86b1	c.srai	x13,0xc	 x13:0x00000000 x13=0x00000000
      837259000	     41761	80007fde	40055c33	sra	x24,x10,x0	 x10:0xfff7ffff  x0:0x00000000 x24=0xfff7ffff
      837279000	     41762	80007fe2	0194acb3	slt	x25,x9,x25	  x9:0x00000000 x25:0x00000001 x25=0x00000001
      837479000	     41772	80007fe6	00c09f33	sll	x30,x1,x12	  x1:0x045d1000 x12:0x80025ce4 x30=0x45d10000
      837559000	     41776	80007fea	d3433993	sltiu	x19,x6,-716	  x6:0x00000000 x19=0x00000001
      837579000	     41777	80007fee	01a4f263	bgeu	x9,x26,80007ff2	  x9:0x00000000 x26:0xc0000000
      837599000	     41778	80007ff2	006d1493	slli	x9,x26,0x6	 x26:0xc0000000  x9=0x00000000
      837619000	     41779	80007ff6	05f1	c.addi	x11,28	 x11:0xfff80000 x11=0xfff8001c
      838359000	     41816	80007ff8	023143b3	div	x7,x2,x3	  x2:0x00000141  x3:0xc0000000  x7=0x00000000
      838379000	     41817	80007ffc	409f8c33	sub	x24,x31,x9	 x31:0x00000001  x9:0x00000000 x24=0x00000001
      838399000	     41818	80008000	d197f1b7	lui	x3,0xd197f	  x3=0xd197f000
      838419000	     41819	80008004	407b89b3	sub	x19,x23,x7	 x23:0x7adff9e9  x7:0x00000000 x19=0x7adff9e9
      838439000	     41820	80008008	039c1363	bne	x24,x25,8000802e	 x24:0x00000001 x25:0x00000001
      838519000	     41824	8000800c	8f55	c.or	x14,x13	 x14:0xffffffff x13:0x00000000 x14=0xffffffff
      838539000	     41825	8000800e	9afd	c.andi	x13,-1	 x13:0x00000000 x13=0x00000000
      838719000	     41834	80008010	bf3021b7	lui	x3,0xbf302	  x3=0xbf302000
      838959000	     41846	80008014	03011533	mulh	x10,x2,x16	  x2:0x00000141 x16:0xffffffff x10=0xffffffff
      838999000	     41848	80008018	0202a933	mulhsu	x18,x5,x0	  x5:0xfba2efff  x0:0x00000000 x18=0x00000000
      839019000	     41849	8000801c	01e2cf33	xor	x30,x5,x30	  x5:0xfba2efff x30:0x45d10000 x30=0xbe73efff
      839179000	     41857	80008020	03c12133	mulhsu	x2,x2,x28	  x2:0x00000141 x28:0x80021e64  x2=0x000000a0
      839259000	     41861	80008024	03e13ab3	mulhu	x21,x2,x30	  x2:0x000000a0 x30:0xbe73efff x21=0x00000077
      839999000	     41898	80008028	033f7cb3	remu	x25,x30,x19	 x30:0xbe73efff x19:0x7adff9e9 x25=0x4393f616
      840019000	     41899	8000802c	8f79	c.and	x14,x14	 x14:0xffffffff x14:0xffffffff x14=0xffffffff
      840039000	     41900	8000802e	6739	c.lui	x14,0xe	 x14=0x0000e000
      840059000	     41901	80008030	0ff0000f	fence	iorw,iorw	
      840079000	     41902	80008034	81a5	c.srli	x11,0x9	 x11:0xfff8001c x11=0x007ffc00
      840099000	     41903	80008036	8d99	c.sub	x11,x14	 x11:0x007ffc00 x14:0x0000e000 x11=0x007f1c00
      840139000	     41905	80008038	020acdb3	div	x27,x21,x0	 x21:0x00000077  x0:0x00000000 x27=0xffffffff
      840159000	     41906	8000803c	c999	c.beqz	x11,80008052	 x11:0x007f1c00
      840179000	     41907	8000803e	af3afb13	andi	x22,x21,-1293	 x21:0x00000077 x22=0x00000073
      840219000	     41909	80008042	032e5ab3	divu	x21,x28,x18	 x28:0x80021e64 x18:0x00000000 x21=0xffffffff
      840239000	     41910	80008046	811d	c.srli	x10,0x7	 x10:0xffffffff x10=0x01ffffff
      840279000	     41912	80008048	03455133	divu	x2,x10,x20	 x10:0x01ffffff x20:0x00000000  x2=0xffffffff
      840299000	     41913	8000804c	448b3513	sltiu	x10,x22,1096	 x22:0x00000073 x10=0x00000001
      840839000	     41940	80008050	8f61	c.and	x14,x8	 x14:0x0000e000  x8:0x80000000 x14=0x00000000
      840859000	     41941	80008052	e3b18513	addi	x10,x3,-453	  x3:0xbf302000 x10=0xbf301e3b
      840879000	     41942	80008056	0ff0000f	fence	iorw,iorw	
      840899000	     41943	8000805a	8f3d	c.xor	x14,x15	 x14:0x00000000 x15:0x0000003f x14=0x0000003f
      840919000	     41944	8000805c	02490363	beq	x18,x4,80008082	 x18:0x00000000  x4:0x00000001
      840939000	     41945	80008060	954e	c.add	x10,x19	 x10:0xbf301e3b x19:0x7adff9e9 x10=0x3a101824
      840959000	     41946	80008062	85f1	c.srai	x11,0x1c	 x11:0x007f1c00 x11=0x00000000
      841779000	     41987	80008064	03d1e8b3	rem	x17,x3,x29	  x3:0xbf302000 x29:0xfba2ffff x17=0xfc46200e
      841799000	     41988	80008068	d3b4a913	slti	x18,x9,-709	  x9:0x00000000 x18=0x00000000
      841819000	     41989	8000806c	8549	c.srai	x10,0x12	 x10:0x3a101824 x10=0x00000e84
      841839000	     41990	8000806e	612d	c.addi16sp	x2,224	  x2:0xffffffff  x2=0x000000df
      841859000	     41991	80008070	8ed5	c.or	x13,x13	 x13:0x00000000 x13:0x00000000 x13=0x00000000
      841939000	     41995	80008072	404459b3	sra	x19,x8,x4	  x8:0x80000000  x4:0x00000001 x19=0xc0000000
      842219000	     42009	80008076	00db1f33	sll	x30,x22,x13	 x22:0x00000073 x13:0x00000000 x30=0x00000073
      842259000	     42011	8000807a	0203bd33	mulhu	x26,x7,x0	  x7:0x00000000  x0:0x00000000 x26=0x00000000
      842319000	     42014	8000807e	025f2db3	mulhsu	x27,x30,x5	 x30:0x00000073  x5:0xfba2efff x27=0x00000071
      842339000	     42015	80008082	017c79b3	and	x19,x24,x23	 x24:0x00000001 x23:0x7adff9e9 x19=0x00000001
      842359000	     42016	80008086	4471e117	auipc	x2,0x4471e	  x2=0xc4726086
      842379000	     42017	8000808a	8521	c.srai	x10,0x8	 x10:0x00000e84 x10=0x0000000e
      842539000	     42025	8000808c	0061d1b3	srl	x3,x3,x6	  x3:0xbf302000  x6:0x00000000  x3=0xbf302000
      843339000	     42065	80008090	03f77a33	remu	x20,x14,x31	 x14:0x0000003f x31:0x00000001 x20=0x00000000
      843359000	     42066	80008094	854d	c.srai	x10,0x13	 x10:0x0000000e x10=0x00000000
      843379000	     42067	80008096	41d5d913	srai	x18,x11,0x1d	 x11:0x00000000 x18=0x00000000
      843399000	     42068	8000809a	01abd0b3	srl	x1,x23,x26	 x23:0x7adff9e9 x26:0x00000000  x1=0x7adff9e9
      843759000	     42086	8000809e	03aacd33	div	x26,x21,x26	 x21:0xffffffff x26:0x00000000 x26=0xffffffff
      844159000	     42106	800080a2	0000100f	fence.i	
      844679000	     42132	800080a6	8cc9	c.or	x9,x10	  x9:0x00000000 x10:0x00000000  x9=0x00000000
      844699000	     42133	800080a8	d8cffa13	andi	x20,x31,-628	 x31:0x00000001 x20=0x00000000
      844719000	     42134	800080ac	0001	c.addi	x0,0	  x0:0x00000000  x0=0x00000000
      844739000	     42135	800080ae	0529	c.addi	x10,10	 x10:0x00000000 x10=0x0000000a
      844999000	     42148	800080b0	03a2e663	bltu	x5,x26,800080dc	  x5:0xfba2efff x26:0xffffffff
      846179000	     42207	800080dc	00115f13	srli	x30,x2,0x1	  x2:0xc4726086 x30=0x62393043
      846259000	     42211	800080e0	000fd963	bge	x31,x0,800080f2	 x31:0x00000001  x0:0x00000000
      846719000	     42234	800080f2	8fb30093	addi	x1,x6,-1797	  x6:0x00000000  x1=0xfffff8fb
      846739000	     42235	800080f6	41278c33	sub	x24,x15,x18	 x15:0x0000003f x18:0x00000000 x24=0x0000003f
      846759000	     42236	800080fa	1d0c	c.addi4spn	x11,x2,688	 x11=0xc4726336
      846779000	     42237	800080fc	8d21	c.xor	x10,x8	 x10:0x0000000a  x8:0x80000000 x10=0x8000000a
      846799000	     42238	800080fe	090a	c.slli	x18,0x2	 x18:0x00000000 x18=0x00000000
      846979000	     42247	80008100	41030033	sub	x0,x6,x16	  x6:0x00000000 x16:0xffffffff  x0=0x00000000
      846999000	     42248	80008104	01d8e563	bltu	x17,x29,8000810e	 x17:0xfc46200e x29:0xfba2ffff
      847019000	     42249	80008108	0001	c.addi	x0,0	  x0:0x00000000  x0=0x00000000
      847059000	     42251	8000810a	02ea1533	mulh	x10,x20,x14	 x20:0x00000000 x14:0x0000003f x10=0x00000000
      847179000	     42257	8000810e	41700333	sub	x6,x0,x23	  x0:0x00000000 x23:0x7adff9e9  x6=0x85200617
      848099000	     42303	80008112	03f7e7b3	rem	x15,x15,x31	 x15:0x0000003f x31:0x00000001 x15=0x00000000
      850079000	     42402	80008116	e927e297	auipc	x5,0xe927e	  x5=0x69286116
      850099000	     42403	8000811a	01ff7bb3	and	x23,x30,x31	 x30:0x62393043 x31:0x00000001 x23=0x00000001
      850119000	     42404	8000811e	0751	c.addi	x14,20	 x14:0x0000003f x14=0x00000053
      850139000	     42405	80008120	4078d513	srai	x10,x17,0x7	 x17:0xfc46200e x10=0xfff88c40
      850879000	     42442	80008124	03cdcfb3	div	x31,x27,x28	 x27:0x00000071 x28:0x80021e64 x31=0x00000000
      850899000	     42443	80008128	84d1	c.srai	x9,0x14	  x9:0x00000000  x9=0x00000000
      850919000	     42444	8000812a	039284b3	mul	x9,x5,x25	  x5:0x69286116 x25:0x4393f616  x9=0x58657be4
      850959000	     42446	8000812e	028836b3	mulhu	x13,x16,x8	 x16:0xffffffff  x8:0x80000000 x13=0x7fffffff
      850979000	     42447	80008132	005b6cb3	or	x25,x22,x5	 x22:0x00000073  x5:0x69286116 x25=0x69286177
      850999000	     42448	80008136	00ca0933	add	x18,x20,x12	 x20:0x00000000 x12:0x80025ce4 x18=0x80025ce4
      851019000	     42449	8000813a	8cfd	c.and	x9,x15	  x9:0x58657be4 x15:0x00000000  x9=0x00000000
      851039000	     42450	8000813c	9498cd93	xori	x27,x17,-1719	 x17:0xfc46200e x27=0x03b9d947
      851179000	     42457	80008140	c17ec013	xori	x0,x29,-1001	 x29:0xfba2ffff  x0=0x00000000
      851559000	     42476	80008144	01faff93	andi	x31,x21,31	 x21:0xffffffff x31=0x0000001f
      852299000	     42513	80008148	032cfc33	remu	x24,x25,x18	 x25:0x69286177 x18:0x80025ce4 x24=0x69286177
      852319000	     42514	8000814c	8fa1	c.xor	x15,x8	 x15:0x00000000  x8:0x80000000 x15=0x80000000
      852339000	     42515	8000814e	869a2693	slti	x13,x20,-1943	 x20:0x00000000 x13=0x00000000
      852359000	     42516	80008152	00f68033	add	x0,x13,x15	 x13:0x00000000 x15:0x80000000  x0=0x00000000
      852379000	     42517	80008156	02378133	mul	x2,x15,x3	 x15:0x80000000  x3:0xbf302000  x2=0x00000000
      852399000	     42518	8000815a	012927b3	slt	x15,x18,x18	 x18:0x80025ce4 x18:0x80025ce4 x15=0x00000000
      852539000	     42525	8000815e	01eb6a63	bltu	x22,x30,80008172	 x22:0x00000073 x30:0x62393043
      853459000	     42571	80008172	01675c13	srli	x24,x14,0x16	 x14:0x00000053 x24=0x00000000
      853479000	     42572	80008176	1efd	c.addi	x29,-1	 x29:0xfba2ffff x29=0xfba2fffe
      853599000	     42578	80008178	0228e1b3	rem	x3,x17,x2	 x17:0xfc46200e  x2:0x00000000  x3=0xfc46200e
      853619000	     42579	8000817c	00750d63	beq	x10,x7,80008196	 x10:0xfff88c40  x7:0x00000000
      853959000	     42596	80008180	017cecb3	or	x25,x25,x23	 x25:0x69286177 x23:0x00000001 x25=0x69286177
      854379000	     42617	80008184	8121	c.srli	x10,0x8	 x10:0xfff88c40 x10=0x00fff88c
      854399000	     42618	80008186	c30d	c.beqz	x14,800081a8	 x14:0x00000053
      854459000	     42621	80008188	ed8d	c.bnez	x11,800081c2	 x11:0xc4726336
      855919000	     42694	800081c2	0004dc63	bge	x9,x0,800081da	  x9:0x00000000  x0:0x00000000
      856259000	     42711	800081da	c721	c.beqz	x14,80008222	 x14:0x00000053
      856279000	     42712	800081dc	1afd	c.addi	x21,-1	 x21:0xffffffff x21=0xfffffffe
      856299000	     42713	800081de	03fb03b3	mul	x7,x22,x31	 x22:0x00000073 x31:0x0000001f  x7=0x00000ded
      857039000	     42750	800081e2	02585ab3	divu	x21,x16,x5	 x16:0xffffffff  x5:0x69286116 x21=0x00000002
      857059000	     42751	800081e6	0001	c.addi	x0,0	  x0:0x00000000  x0=0x00000000
      857079000	     42752	800081e8	40fb55b3	sra	x11,x22,x15	 x22:0x00000073 x15:0x00000000 x11=0x00000073
      857099000	     42753	800081ec	01c7aa33	slt	x20,x15,x28	 x15:0x00000000 x28:0x80021e64 x20=0x00000000
      857119000	     42754	800081f0	4085d533	sra	x10,x11,x8	 x11:0x00000073  x8:0x80000000 x10=0x00000073
      857139000	     42755	800081f4	ad2a0c93	addi	x25,x20,-1326	 x20:0x00000000 x25=0xfffffad2
      857159000	     42756	800081f8	bd45bf93	sltiu	x31,x11,-1068	 x11:0x00000073 x31=0x00000001
      857179000	     42757	800081fc	407b85b3	sub	x11,x23,x7	 x23:0x00000001  x7:0x00000ded x11=0xfffff214
      857979000	     42797	80008200	03d7d4b3	divu	x9,x15,x29	 x15:0x00000000 x29:0xfba2fffe  x9=0x00000000
      857999000	     42798	80008204	02a083b3	mul	x7,x1,x10	  x1:0xfffff8fb x10:0x00000073  x7=0xfffcd8c1
      858019000	     42799	80008208	02749563	bne	x9,x7,80008232	  x9:0x00000000  x7:0xfffcd8c1
      858199000	     42808	80008232	f090de97	auipc	x29,0xf090d	 x29=0x70915232
      858219000	     42809	80008236	818d	c.srli	x11,0x3	 x11:0xfffff214 x11=0x1ffffe42
      858999000	     42848	80008238	03ac7f33	remu	x30,x24,x26	 x24:0x00000000 x26:0xffffffff x30=0x00000000
      859019000	     42849	8000823c	8d45	c.or	x10,x9	 x10:0x00000073  x9:0x00000000 x10=0x00000073
      859039000	     42850	8000823e	408204b3	sub	x9,x4,x8	  x4:0x00000001  x8:0x80000000  x9=0x80000001
      859059000	     42851	80008242	33e22a93	slti	x21,x4,830	  x4:0x00000001 x21=0x00000001
      859079000	     42852	80008246	01cc7f33	and	x30,x24,x28	 x24:0x00000000 x28:0x80021e64 x30=0x00000000
      859099000	     42853	8000824a	4a2ce293	ori	x5,x25,1186	 x25:0xfffffad2  x5=0xfffffef2
      859499000	     42873	8000824e	0000100f	fence.i	
      860559000	     42926	80008252	8f91	c.sub	x15,x12	 x15:0x00000000 x12:0x80025ce4 x15=0x7ffda31c
      860679000	     42932	80008254	e001f113	andi	x2,x3,-512	  x3:0xfc46200e  x2=0xfc462000
      860699000	     42933	80008258	0001	c.addi	x0,0	  x0:0x00000000  x0=0x00000000
      860719000	     42934	8000825a	8d09	c.sub	x10,x10	 x10:0x00000073 x10:0x00000073 x10=0x00000000
      860799000	     42938	8000825c	81ed	c.srli	x11,0x1b	 x11:0x1ffffe42 x11=0x00000003
      861239000	     42960	8000825e	037724b3	mulhsu	x9,x14,x23	 x14:0x00000053 x23:0x00000001  x9=0x00000000
      862019000	     42999	80008262	02c07db3	remu	x27,x0,x12	  x0:0x00000000 x12:0x80025ce4 x27=0x00000000
      862039000	     43000	80008266	01c81d33	sll	x26,x16,x28	 x16:0xffffffff x28:0x80021e64 x26=0xfffffff0
      862059000	     43001	8000826a	092db517	auipc	x10,0x92db	 x10=0x892e326a
      862079000	     43002	8000826e	00001793	slli	x15,x0,0x0	  x0:0x00000000 x15=0x00000000
      862119000	     43004	80008272	03a3bcb3	mulhu	x25,x7,x26	  x7:0xfffcd8c1 x26:0xfffffff0 x25=0xfffcd8b1
      862139000	     43005	80008276	93b6	c.add	x7,x13	  x7:0xfffcd8c1 x13:0x00000000  x7=0xfffcd8c1
      862159000	     43006	80008278	8e9d	c.sub	x13,x15	 x13:0x00000000 x15:0x00000000 x13=0x00000000
      862179000	     43007	8000827a	02161263	bne	x12,x1,8000829e	 x12:0x80025ce4  x1:0xfffff8fb
      862399000	     43018	8000829e	0001	c.addi	x0,0	  x0:0x00000000  x0=0x00000000
      862419000	     43019	800082a0	0001	c.addi	x0,0	  x0:0x00000000  x0=0x00000000
      862439000	     43020	800082a2	1f7d	c.addi	x30,-1	 x30:0x00000000 x30=0xffffffff
      862479000	     43022	800082a4	00241033	sll	x0,x8,x2	  x8:0x80000000  x2:0xfc462000  x0=0x00000000
      862559000	     43026	800082a8	00e4ddb3	srl	x27,x9,x14	  x9:0x00000000 x14:0x00000053 x27=0x00000000
      862579000	     43027	800082ac	00fd1a13	slli	x20,x26,0xf	 x26:0xfffffff0 x20=0xfff80000
      862819000	     43039	800082b0	0067bdb3	sltu	x27,x15,x6	 x15:0x00000000  x6:0x85200617 x27=0x00000001
      862839000	     43040	800082b4	00c4efb3	or	x31,x9,x12	  x9:0x00000000 x12:0x80025ce4 x31=0x80025ce4
      862979000	     43047	800082b8	d5c4f493	andi	x9,x9,-676	  x9:0x00000000  x9=0x00000000
      862999000	     43048	800082bc	0001	c.addi	x0,0	  x0:0x00000000  x0=0x00000000
      863019000	     43049	800082be	c391	c.beqz	x15,800082c2	 x15:0x00000000
      864039000	     43100	800082c2	046a8263	beq	x21,x6,80008306	 x21:0x00000001  x6:0x85200617
      864059000	     43101	800082c6	075d	c.addi	x14,23	 x14:0x00000053 x14=0x0000006a
      864159000	     43106	800082c8	01d1c463	blt	x3,x29,800082d0	  x3:0xfc46200e x29:0x70915232
      864799000	     43138	800082d0	e715	c.bnez	x14,800082fc	 x14:0x0000006a
      865719000	     43184	800082fc	01bb97b3	sll	x15,x23,x27	 x23:0x00000001 x27:0x00000001 x15=0x00000002
      866159000	     43206	80008300	8ef5	c.and	x13,x13	 x13:0x00000000 x13:0x00000000 x13=0x00000000
      866599000	     43228	80008302	022fb2b3	mulhu	x5,x31,x2	 x31:0x80025ce4  x2:0xfc462000  x5=0x7e256416
      866619000	     43229	80008306	9f32	c.add	x30,x12	 x30:0xffffffff x12:0x80025ce4 x30=0x80025ce3
      866739000	     43235	80008308	8159	c.srli	x10,0x16	 x10:0x892e326a x10=0x00000224
      867159000	     43256	8000830a	0ff0000f	fence	iorw,iorw	
      867179000	     43257	8000830e	0001	c.addi	x0,0	  x0:0x00000000  x0=0x00000000
      867199000	     43258	80008310	0001	c.addi	x0,0	  x0:0x00000000  x0=0x00000000
      867219000	     43259	80008312	8d29	c.xor	x10,x10	 x10:0x00000224 x10:0x00000224 x10=0x00000000
      867519000	     43274	80008314	07c58e93	addi	x29,x11,124	 x11:0x00000003 x29=0x0000007f
      867699000	     43283	80008318	017628b3	slt	x17,x12,x23	 x12:0x80025ce4 x23:0x00000001 x17=0x00000001
      867859000	     43291	8000831c	40920833	sub	x16,x4,x9	  x4:0x00000001  x9:0x00000000 x16=0x00000001
      868059000	     43301	80008320	021cf263	bgeu	x25,x1,80008344	 x25:0xfffcd8b1  x1:0xfffff8fb
      868239000	     43310	80008324	1f9d6713	ori	x14,x26,505	 x26:0xfffffff0 x14=0xfffffff9
      868379000	     43317	80008328	8f59	c.or	x14,x14	 x14:0xfffffff9 x14:0xfffffff9 x14=0xfffffff9
      868399000	     43318	8000832a	82ba	c.mv	x5,x14	  x0:0x00000000 x14:0xfffffff9  x5=0xfffffff9
      868799000	     43338	8000832c	017e5f93	srli	x31,x28,0x17	 x28:0x80021e64 x31=0x00000100
      869219000	     43359	80008330	026f1663	bne	x30,x6,8000835c	 x30:0x80025ce3  x6:0x85200617
      870759000	     43436	8000835c	00222c33	slt	x24,x4,x2	  x4:0x00000001  x2:0xfc462000 x24=0x00000000
      870799000	     43438	80008360	cf01	c.beqz	x14,80008378	 x14:0xfffffff9
      870819000	     43439	80008362	84e1	c.srai	x9,0x18	  x9:0x00000000  x9=0x00000000
      870839000	     43440	80008364	02eecd63	blt	x29,x14,8000839e	 x29:0x0000007f x14:0xfffffff9
      871239000	     43460	80008368	0066cf33	xor	x30,x13,x6	 x13:0x00000000  x6:0x85200617 x30=0x85200617
      871299000	     43463	8000836c	0ff0000f	fence	iorw,iorw	
      871719000	     43484	80008370	00737c63	bgeu	x6,x7,80008388	  x6:0x85200617  x7:0xfffcd8c1
      871739000	     43485	80008374	410d58b3	sra	x17,x26,x16	 x26:0xfffffff0 x16:0x00000001 x17=0xfffffff8
      871759000	     43486	80008378	41cf5493	srai	x9,x30,0x1c	 x30:0x85200617  x9=0xfffffff8
      871819000	     43489	8000837c	47a1	c.li	x15,8	 x15=0x00000008
      871839000	     43490	8000837e	9806	c.add	x16,x1	 x16:0x00000001  x1:0xfffff8fb x16=0xfffff8fc
      871859000	     43491	80008380	4034d933	sra	x18,x9,x3	  x9:0xfffffff8  x3:0xfc46200e x18=0xffffffff
      871879000	     43492	80008384	00395833	srl	x16,x18,x3	 x18:0xffffffff  x3:0xfc46200e x16=0x0003ffff
      872619000	     43529	80008388	0316f033	remu	x0,x13,x17	 x13:0x00000000 x17:0xfffffff8  x0=0x00000000
      872639000	     43530	8000838c	0001	c.addi	x0,0	  x0:0x00000000  x0=0x00000000
      872659000	     43531	8000838e	015370b3	and	x1,x6,x21	  x6:0x85200617 x21:0x00000001  x1=0x00000001
      872679000	     43532	80008392	5714fa93	andi	x21,x9,1393	  x9:0xfffffff8 x21=0x00000570
      872699000	     43533	80008396	aa08a137	lui	x2,0xaa08a	  x2=0xaa08a000
      872719000	     43534	8000839a	019a9713	slli	x14,x21,0x19	 x21:0x00000570 x14=0xe0000000
      872759000	     43536	8000839e	01251033	sll	x0,x10,x18	 x10:0x00000000 x18:0xffffffff  x0=0x00000000
      872779000	     43537	800083a2	8af9	c.andi	x13,30	 x13:0x00000000 x13=0x00000000
      872799000	     43538	800083a4	00b16133	or	x2,x2,x11	  x2:0xaa08a000 x11:0x00000003  x2=0xaa08a003
      873299000	     43563	800083a8	03cd0033	mul	x0,x26,x28	 x26:0xfffffff0 x28:0x80021e64  x0=0x00000000
      873379000	     43567	800083ac	0000100f	fence.i	
      873699000	     43583	800083b0	dc122e93	slti	x29,x4,-575	  x4:0x00000001 x29=0x00000000
      873859000	     43591	800083b4	012afd63	bgeu	x21,x18,800083ce	 x21:0x00000570 x18:0xffffffff
      873879000	     43592	800083b8	026e7a63	bgeu	x28,x6,800083ec	 x28:0x80021e64  x6:0x85200617
      873939000	     43595	800083bc	8fc9	c.or	x15,x10	 x15:0x00000008 x10:0x00000000 x15=0x00000008
      873959000	     43596	800083be	01cdfcb3	and	x25,x27,x28	 x27:0x00000001 x28:0x80021e64 x25=0x00000000
      874119000	     43604	800083c2	11bd2017	auipc	x0,0x11bd2	  x0=0x00000000
      874159000	     43606	800083c6	02389eb3	mulh	x29,x17,x3	 x17:0xfffffff8  x3:0xfc46200e x29=0x00000000
      874279000	     43612	800083ca	6b6eb693	sltiu	x13,x29,1718	 x29:0x00000000 x13=0x00000001
      874299000	     43613	800083ce	87d5	c.srai	x15,0x15	 x15:0x00000008 x15=0x00000000
      874499000	     43623	800083d0	41df5693	srai	x13,x30,0x1d	 x30:0x85200617 x13=0xfffffffc
      874519000	     43624	800083d4	8ca5	c.xor	x9,x9	  x9:0xfffffff8  x9:0xfffffff8  x9=0x00000000
      874759000	     43636	800083d6	034d0e63	beq	x26,x20,80008412	 x26:0xfffffff0 x20:0xfff80000
      875619000	     43679	800083da	0346e0b3	rem	x1,x13,x20	 x13:0xfffffffc x20:0xfff80000  x1=0xfffffffc
      875639000	     43680	800083de	4e84a013	slti	x0,x9,1256	  x9:0x00000000  x0=0x00000000
      875659000	     43681	800083e2	ca85	c.beqz	x13,80008412	 x13:0xfffffffc
      875699000	     43683	800083e4	02d723b3	mulhsu	x7,x14,x13	 x14:0xe0000000 x13:0xfffffffc  x7=0xe0000000
      875719000	     43684	800083e8	01eec463	blt	x29,x30,800083f0	 x29:0x00000000 x30:0x85200617
      875739000	     43685	800083ec	0cf6	c.slli	x25,0x1d	 x25:0x00000000 x25=0x00000000
      875759000	     43686	800083ee	8ff1	c.and	x15,x12	 x15:0x00000000 x12:0x80025ce4 x15=0x00000000
      875779000	     43687	800083f0	8cbd	c.xor	x9,x15	  x9:0x00000000 x15:0x00000000  x9=0x00000000
      875799000	     43688	800083f2	971a	c.add	x14,x6	 x14:0xe0000000  x6:0x85200617 x14=0x65200617
      876539000	     43725	800083f4	0289db33	divu	x22,x19,x8	 x19:0x00000001  x8:0x80000000 x22=0x00000000
      876559000	     43726	800083f8	e28d	c.bnez	x13,8000841a	 x13:0xfffffffc
      877319000	     43764	8000841a	04d13a13	sltiu	x20,x2,77	  x2:0xaa08a003 x20=0x00000000
      877339000	     43765	8000841e	008c3b33	sltu	x22,x24,x8	 x24:0x00000000  x8:0x80000000 x22=0x00000001
      877399000	     43768	80008422	011ed293	srli	x5,x29,0x11	 x29:0x00000000  x5=0x00000000
      877419000	     43769	80008426	007bfd33	and	x26,x23,x7	 x23:0x00000001  x7:0xe0000000 x26=0x00000000
      877439000	     43770	8000842a	008bf8b3	and	x17,x23,x8	 x23:0x00000001  x8:0x80000000 x17=0x00000000
      877459000	     43771	8000842e	9f8a	c.add	x31,x2	 x31:0x00000100  x2:0xaa08a003 x31=0xaa08a103
      877479000	     43772	80008430	00566593	ori	x11,x12,5	 x12:0x80025ce4 x11=0x80025ce5
      877499000	     43773	80008434	8d59	c.or	x10,x14	 x10:0x00000000 x14:0x65200617 x10=0x65200617
      877519000	     43774	80008436	0001	c.addi	x0,0	  x0:0x00000000  x0=0x00000000
      877659000	     43781	80008438	9c86	c.add	x25,x1	 x25:0x00000000  x1:0xfffffffc x25=0xfffffffc
      878099000	     43803	8000843a	031c2733	mulhsu	x14,x24,x17	 x24:0x00000000 x17:0x00000000 x14=0x00000000
      878119000	     43804	8000843e	8eb1	c.xor	x13,x12	 x13:0xfffffffc x12:0x80025ce4 x13=0x7ffda318
      878159000	     43806	80008440	8fa33e93	sltiu	x29,x6,-1798	  x6:0x85200617 x29=0x00000001
      878219000	     43809	80008444	41375c13	srai	x24,x14,0x13	 x14:0x00000000 x24=0x00000000
      878419000	     43819	80008448	2cd1f593	andi	x11,x3,717	  x3:0xfc46200e x11=0x0000000c
      878439000	     43820	8000844c	6155	c.addi16sp	x2,304	  x2:0xaa08a003  x2=0xaa08a133
      878459000	     43821	8000844e	8d59	c.or	x10,x14	 x10:0x65200617 x14:0x00000000 x10=0x65200617
      878559000	     43826	80008450	00471693	slli	x13,x14,0x4	 x14:0x00000000 x13=0x00000000
      878699000	     43833	80008454	403056b3	sra	x13,x0,x3	  x0:0x00000000  x3:0xfc46200e x13=0x00000000
      879059000	     43851	80008458	0182e033	or	x0,x5,x24	  x5:0x00000000 x24:0x00000000  x0=0x00000000
      879079000	     43852	8000845c	98186013	ori	x0,x16,-1663	 x16:0x0003ffff  x0=0x00000000
      879499000	     43873	80008460	00123fb3	sltu	x31,x4,x1	  x4:0x00000001  x1:0xfffffffc x31=0x00000001
      879719000	     43884	80008464	7efc2513	slti	x10,x24,2031	 x24:0x00000000 x10=0x00000001
      879819000	     43889	80008468	992a	c.add	x18,x10	 x18:0xffffffff x10:0x00000001 x18=0x00000000
      879839000	     43890	8000846a	6b69	c.lui	x22,0x1a	 x22=0x0001a000
      879859000	     43891	8000846c	011a1663	bne	x20,x17,80008478	 x20:0x00000000 x17:0x00000000
      879919000	     43894	80008470	01400463	beq	x0,x20,80008478	  x0:0x00000000 x20:0x00000000
      881119000	     43954	80008478	8d51	c.or	x10,x12	 x10:0x00000001 x12:0x80025ce4 x10=0x80025ce5
      881139000	     43955	8000847a	c0a9	c.beqz	x9,800084bc	  x9:0x00000000
      881839000	     43990	800084bc	0ff0000f	fence	iorw,iorw	
      882279000	     44012	800084c0	01b06133	or	x2,x0,x27	  x0:0x00000000 x27:0x00000001  x2=0x00000001
      882419000	     44019	800084c4	0001	c.addi	x0,0	  x0:0x00000000  x0=0x00000000
      882439000	     44020	800084c6	8e89	c.sub	x13,x10	 x13:0x00000000 x10:0x80025ce5 x13=0x7ffda31b
      882459000	     44021	800084c8	2592ad13	slti	x26,x5,601	  x5:0x00000000 x26=0x00000001
      882479000	     44022	800084cc	830d	c.srli	x14,0x3	 x14:0x00000000 x14=0x00000000
      882499000	     44023	800084ce	0ee5	c.addi	x29,25	 x29:0x00000001 x29=0x0000001a
      882519000	     44024	800084d0	01261363	bne	x12,x18,800084d6	 x12:0x80025ce4 x18:0x00000000
      897959000	     44796	800084d6	8fcd	c.or	x15,x11	 x15:0x00000000 x11:0x0000000c x15=0x0000000c
      897979000	     44797	800084d8	03fc7463	bgeu	x24,x31,80008500	 x24:0x00000000 x31:0x00000001
      897999000	     44798	800084dc	8965	c.andi	x10,25	 x10:0x80025ce5 x10=0x00000001
      898039000	     44800	800084de	02ebb6b3	mulhu	x13,x23,x14	 x23:0x00000001 x14:0x00000000 x13=0x00000000
      898059000	     44801	800084e2	0001	c.addi	x0,0	  x0:0x00000000  x0=0x00000000
      898079000	     44802	800084e4	8ee5	c.and	x13,x9	 x13:0x00000000  x9:0x00000000 x13=0x00000000
      898219000	     44809	800084e6	02cf05b3	mul	x11,x30,x12	 x30:0x85200617 x12:0x80025ce4 x11=0x9ee3b07c
      898519000	     44824	800084ea	9c9b7013	andi	x0,x22,-1591	 x22:0x0001a000  x0=0x00000000
      898539000	     44825	800084ee	e4574bb7	lui	x23,0xe4574	 x23=0xe4574000
      898559000	     44826	800084f2	129c	c.addi4spn	x15,x2,352	 x15=0x00000161
      898599000	     44828	800084f4	02a735b3	mulhu	x11,x14,x10	 x14:0x00000000 x10:0x00000001 x11=0x00000000
      898739000	     44835	800084f8	f4e38093	addi	x1,x7,-178	  x7:0xe0000000  x1=0xdfffff4e
      898759000	     44836	800084fc	0001	c.addi	x0,0	  x0:0x00000000  x0=0x00000000
      898779000	     44837	800084fe	80a9	c.srli	x9,0xa	  x9:0x00000000  x9=0x00000000
      899199000	     44858	80008500	02b1eeb3	rem	x29,x3,x11	  x3:0xfc46200e x11:0x00000000 x29=0xfc46200e
      899359000	     44866	80008504	401c8833	sub	x16,x25,x1	 x25:0xfffffffc  x1:0xdfffff4e x16=0x200000ae
      899559000	     44876	80008508	5f7d	c.li	x30,-1	 x30=0xffffffff
      899719000	     44884	8000850a	02d15533	divu	x10,x2,x13	  x2:0x00000001 x13:0x00000000 x10=0xffffffff
      899739000	     44885	8000850e	0001	c.addi	x0,0	  x0:0x00000000  x0=0x00000000
      899839000	     44890	80008510	98fd	c.andi	x9,-1	  x9:0x00000000  x9=0x00000000
      899999000	     44898	80008512	489c7a93	andi	x21,x24,1161	 x24:0x00000000 x21=0x00000000
      900039000	     44900	80008516	4058d833	sra	x16,x17,x5	 x17:0x00000000  x5:0x00000000 x16=0x00000000
      900779000	     44937	8000851a	03ce5cb3	divu	x25,x28,x28	 x28:0x80021e64 x28:0x80021e64 x25=0x00000001
      900799000	     44938	8000851e	9afd	c.andi	x13,-1	 x13:0x00000000 x13=0x00000000
      900819000	     44939	80008520	91da	c.add	x3,x22	  x3:0xfc46200e x22:0x0001a000  x3=0xfc47c00e
      900839000	     44940	80008522	82f9	c.srli	x13,0x1e	 x13:0x00000000 x13=0x00000000
      900859000	     44941	80008524	03736363	bltu	x6,x23,8000854a	  x6:0x85200617 x23:0xe4574000
      900959000	     44946	8000854a	03627063	bgeu	x4,x22,8000856a	  x4:0x00000001 x22:0x0001a000
      901479000	     44972	8000854e	9d648e93	addi	x29,x9,-1578	  x9:0x00000000 x29=0xfffff9d6
      901499000	     44973	80008552	56067313	andi	x6,x12,1376	 x12:0x80025ce4  x6=0x00000460
      901519000	     44974	80008556	0001	c.addi	x0,0	  x0:0x00000000  x0=0x00000000
      901539000	     44975	80008558	40f35113	srai	x2,x6,0xf	  x6:0x00000460  x2=0x00000000
      901559000	     44976	8000855c	011bc333	xor	x6,x23,x17	 x23:0xe4574000 x17:0x00000000  x6=0xe4574000
      901579000	     44977	80008560	9e8f7913	andi	x18,x30,-1560	 x30:0xffffffff x18=0xfffff9e8
      901979000	     44997	80008564	0001	c.addi	x0,0	  x0:0x00000000  x0=0x00000000
      901999000	     44998	80008566	e5e70913	addi	x18,x14,-418	 x14:0x00000000 x18=0xfffffe5e
      902019000	     44999	8000856a	6149	c.addi16sp	x2,144	  x2:0x00000000  x2=0x00000090
      902199000	     45008	8000856c	41d95c33	sra	x24,x18,x29	 x18:0xfffffe5e x29:0xfffff9d6 x24=0xffffffff
      902979000	     45047	80008570	03a673b3	remu	x7,x12,x26	 x12:0x80025ce4 x26:0x00000001  x7=0x00000000
      902999000	     45048	80008574	402d86b3	sub	x13,x27,x2	 x27:0x00000001  x2:0x00000090 x13=0xffffff71
      903019000	     45049	80008578	41a408b3	sub	x17,x8,x26	  x8:0x80000000 x26:0x00000001 x17=0x7fffffff
      903759000	     45086	8000857c	02d67c33	remu	x24,x12,x13	 x12:0x80025ce4 x13:0xffffff71 x24=0x80025ce4
      903779000	     45087	80008580	7a76f793	andi	x15,x13,1959	 x13:0xffffff71 x15=0x00000721
      903799000	     45088	80008584	4f110313	addi	x6,x2,1265	  x2:0x00000090  x6=0x00000581
      904539000	     45125	80008588	02a36933	rem	x18,x6,x10	  x6:0x00000581 x10:0xffffffff x18=0x00000000
      904559000	     45126	8000858c	001b01b3	add	x3,x22,x1	 x22:0x0001a000  x1:0xdfffff4e  x3=0xe0019f4e
      904579000	     45127	80008590	ce15c193	xori	x3,x11,-799	 x11:0x00000000  x3=0xfffffce1
      904599000	     45128	80008594	0001	c.addi	x0,0	  x0:0x00000000  x0=0x00000000
      904619000	     45129	80008596	01da1463	bne	x20,x29,8000859e	 x20:0x00000000 x29:0xfffff9d6
      904979000	     45147	8000859e	d953b113	sltiu	x2,x7,-619	  x7:0x00000000  x2=0x00000001
      904999000	     45148	800085a2	10fd	c.addi	x1,-1	  x1:0xdfffff4e  x1=0xdfffff4d
      905079000	     45152	800085a4	076a	c.slli	x14,0x1a	 x14:0x00000000 x14=0x00000000
      905179000	     45157	800085a6	e4377013	andi	x0,x14,-445	 x14:0x00000000  x0=0x00000000
      906019000	     45199	800085aa	02af57b3	divu	x15,x30,x10	 x30:0xffffffff x10:0xffffffff x15=0x00000001
      906039000	     45200	800085ae	8759	c.srai	x14,0x16	 x14:0x00000000 x14=0x00000000
      906059000	     45201	800085b0	0001	c.addi	x0,0	  x0:0x00000000  x0=0x00000000
      906799000	     45238	800085b2	03ac78b3	remu	x17,x24,x26	 x24:0x80025ce4 x26:0x00000001 x17=0x00000000
      906819000	     45239	800085b6	004d5fb3	srl	x31,x26,x4	 x26:0x00000001  x4:0x00000001 x31=0x00000000
      906839000	     45240	800085ba	03fc6563	bltu	x24,x31,800085e4	 x24:0x80025ce4 x31:0x00000000
      906859000	     45241	800085be	4091d2b3	sra	x5,x3,x9	  x3:0xfffffce1  x9:0x00000000  x5=0xfffffce1
      906879000	     45242	800085c2	0796	c.slli	x15,0x5	 x15:0x00000001 x15=0x00000020
      906919000	     45244	800085c4	035afd33	remu	x26,x21,x21	 x21:0x00000000 x21:0x00000000 x26=0x00000000
      906939000	     45245	800085c8	00146263	bltu	x8,x1,800085cc	  x8:0x80000000  x1:0xdfffff4d
      906979000	     45247	800085cc	8d4d	c.or	x10,x11	 x10:0xffffffff x11:0x00000000 x10=0xffffffff
      908299000	     45313	800085ce	03a6f363	bgeu	x13,x26,800085f4	 x13:0xffffff71 x26:0x00000000
      908859000	     45341	800085f4	01f846b3	xor	x13,x16,x31	 x16:0x00000000 x31:0x00000000 x13=0x00000000
      909299000	     45363	800085f8	8e85	c.sub	x13,x9	 x13:0x00000000  x9:0x00000000 x13=0x00000000
      909319000	     45364	800085fa	7bfba193	slti	x3,x23,1983	 x23:0xe4574000  x3=0x00000001
      909339000	     45365	800085fe	717d	c.addi16sp	x2,-16	  x2:0x00000001  x2=0xfffffff1
      909739000	     45385	80008600	8ea5	c.xor	x13,x9	 x13:0x00000000  x9:0x00000000 x13=0x00000000
      909759000	     45386	80008602	01369e93	slli	x29,x13,0x13	 x13:0x00000000 x29=0x00000000
      909839000	     45390	80008606	00d20fb3	add	x31,x4,x13	  x4:0x00000001 x13:0x00000000 x31=0x00000001
      910039000	     45400	8000860a	03f608b3	mul	x17,x12,x31	 x12:0x80025ce4 x31:0x00000001 x17=0x80025ce4
      910959000	     45446	8000860e	02a257b3	divu	x15,x4,x10	  x4:0x00000001 x10:0xffffffff x15=0x00000000
      910979000	     45447	80008612	8ff62093	slti	x1,x12,-1793	 x12:0x80025ce4  x1=0x00000001
      910999000	     45448	80008616	9626e213	ori	x4,x13,-1694	 x13:0x00000000  x4=0xfffff962
      911019000	     45449	8000861a	8f95	c.sub	x15,x13	 x15:0x00000000 x13:0x00000000 x15=0x00000000
      911039000	     45450	8000861c	8cb5	c.xor	x9,x13	  x9:0x00000000 x13:0x00000000  x9=0x00000000
      911059000	     45451	8000861e	05fb4263	blt	x22,x31,80008662	 x22:0x0001a000 x31:0x00000001
      911079000	     45452	80008622	01f9f833	and	x16,x19,x31	 x19:0x00000001 x31:0x00000001 x16=0x00000001
      911099000	     45453	80008626	00240d63	beq	x8,x2,80008640	  x8:0x80000000  x2:0xfffffff1
      911339000	     45465	8000862a	02710b63	beq	x2,x7,80008660	  x2:0xfffffff1  x7:0x00000000
      911359000	     45466	8000862e	00eeedb3	or	x27,x29,x14	 x29:0x00000000 x14:0x00000000 x27=0x00000000
      911759000	     45486	80008632	e235ad93	slti	x27,x11,-477	 x11:0x00000000 x27=0x00000000
      911779000	     45487	80008636	0000100f	fence.i	
      912079000	     45502	8000863a	6985	c.lui	x19,0x1	 x19=0x00001000
      912139000	     45505	8000863c	0117c463	blt	x15,x17,80008644	 x15:0x00000000 x17:0x80025ce4
      912419000	     45519	80008640	2230b113	sltiu	x2,x1,547	  x1:0x00000001  x2=0x00000001
      912479000	     45522	80008644	0cf6	c.slli	x25,0x1d	 x25:0x00000001 x25=0x20000000
      912499000	     45523	80008646	9372	c.add	x6,x28	  x6:0x00000581 x28:0x80021e64  x6=0x800223e5
      912519000	     45524	80008648	8dfd	c.and	x11,x15	 x11:0x00000000 x15:0x00000000 x11=0x00000000
      912539000	     45525	8000864a	97fce813	ori	x16,x25,-1665	 x25:0x20000000 x16=0xfffff97f
      912559000	     45526	8000864e	0001	c.addi	x0,0	  x0:0x00000000  x0=0x00000000
      913299000	     45563	80008650	03e36ab3	rem	x21,x6,x30	  x6:0x800223e5 x30:0xffffffff x21=0x00000000
      913319000	     45564	80008654	7fefc513	xori	x10,x31,2046	 x31:0x00000001 x10=0x000007ff
      913339000	     45565	80008658	01411793	slli	x15,x2,0x14	  x2:0x00000001 x15=0x00100000
      913359000	     45566	8000865c	00ac89b3	add	x19,x25,x10	 x25:0x20000000 x10:0x000007ff x19=0x200007ff
      913379000	     45567	80008660	c889	c.beqz	x9,80008672	  x9:0x00000000
      913879000	     45592	80008672	d3743293	sltiu	x5,x8,-713	  x8:0x80000000  x5=0x00000001
      913899000	     45593	80008676	0172e663	bltu	x5,x23,80008682	  x5:0x00000001 x23:0xe4574000
      914399000	     45618	80008682	038f0863	beq	x30,x24,800086b2	 x30:0xffffffff x24:0x80025ce4
      914519000	     45624	80008686	0065e3b3	or	x7,x11,x6	 x11:0x00000000  x6:0x800223e5  x7=0x800223e5
      914939000	     45645	8000868a	a62c0a13	addi	x20,x24,-1438	 x24:0x80025ce4 x20=0x80025746
      914959000	     45646	8000868e	8f95	c.sub	x15,x13	 x15:0x00100000 x13:0x00000000 x15=0x00100000
      914999000	     45648	80008690	02412cb3	mulhsu	x25,x2,x4	  x2:0x00000001  x4:0xfffff962 x25=0x00000000
      915019000	     45649	80008694	000343b3	xor	x7,x6,x0	  x6:0x800223e5  x0:0x00000000  x7=0x800223e5
      915059000	     45651	80008698	403b8fb3	sub	x31,x23,x3	 x23:0xe4574000  x3:0x00000001 x31=0xe4573fff
      915079000	     45652	8000869c	04368563	beq	x13,x3,800086e6	 x13:0x00000000  x3:0x00000001
      915099000	     45653	800086a0	8fa1	c.xor	x15,x8	 x15:0x00100000  x8:0x80000000 x15=0x80100000
      915879000	     45692	800086a2	03336233	rem	x4,x6,x19	  x6:0x800223e5 x19:0x200007ff  x4=0xe0023be2
      915899000	     45693	800086a6	001a9513	slli	x10,x21,0x1	 x21:0x00000000 x10=0x00000000
      915919000	     45694	800086aa	00c9d263	bge	x19,x12,800086ae	 x19:0x200007ff x12:0x80025ce4
      916239000	     45710	800086ae	0533e263	bltu	x7,x19,800086f2	  x7:0x800223e5 x19:0x200007ff
      916259000	     45711	800086b2	8f8d	c.sub	x15,x11	 x15:0x80100000 x11:0x00000000 x15=0x80100000
      916419000	     45719	800086b4	62a8f813	andi	x16,x17,1578	 x17:0x80025ce4 x16=0x00000420
      916539000	     45725	800086b8	02edaa33	mulhsu	x20,x27,x14	 x27:0x00000000 x14:0x00000000 x20=0x00000000
      916559000	     45726	800086bc	00098a63	beq	x19,x0,800086d0	 x19:0x200007ff  x0:0x00000000
      916959000	     45746	800086c0	0000100f	fence.i	
      917279000	     45762	800086c4	1baceb93	ori	x23,x25,442	 x25:0x00000000 x23=0x000001ba
      917499000	     45773	800086c8	0204f533	remu	x10,x9,x0	  x9:0x00000000  x0:0x00000000 x10=0x00000000
      917519000	     45774	800086cc	8e224713	xori	x14,x4,-1822	  x4:0xe0023be2 x14=0x1ffdc300
      917539000	     45775	800086d0	34282d13	slti	x26,x16,834	 x16:0x00000420 x26=0x00000000
      917559000	     45776	800086d4	00816333	or	x6,x2,x8	  x2:0x00000001  x8:0x80000000  x6=0x80000001
      917779000	     45787	800086d8	01405713	srli	x14,x0,0x14	  x0:0x00000000 x14=0x00000000
      918199000	     45808	800086dc	8dbd	c.xor	x11,x15	 x11:0x00000000 x15:0x80100000 x11=0x80100000
      918619000	     45829	800086de	018407b3	add	x15,x8,x24	  x8:0x80000000 x24:0x80025ce4 x15=0x00025ce4
      918739000	     45835	800086e2	0000100f	fence.i	
      920079000	     45902	800086e6	056d8563	beq	x27,x22,80008730	 x27:0x00000000 x22:0x0001a000
      920159000	     45906	800086ea	02120463	beq	x4,x1,80008712	  x4:0xe0023be2  x1:0x00000001
      920359000	     45916	800086ee	01c99013	slli	x0,x19,0x1c	 x19:0x200007ff  x0=0x00000000
      920379000	     45917	800086f2	0000100f	fence.i	
      920919000	     45944	800086f6	6155	c.addi16sp	x2,304	  x2:0x00000001  x2=0x00000131
      920939000	     45945	800086f8	86e1	c.srai	x13,0x18	 x13:0x00000000 x13=0x00000000
      921359000	     45966	800086fa	4e306213	ori	x4,x0,1251	  x0:0x00000000  x4=0x000004e3
      921379000	     45967	800086fe	031c8563	beq	x25,x17,80008728	 x25:0x00000000 x17:0x80025ce4
      921639000	     45980	80008702	029a6763	bltu	x20,x9,80008730	 x20:0x00000000  x9:0x00000000
      921659000	     45981	80008706	01808c63	beq	x1,x24,8000871e	  x1:0x00000001 x24:0x80025ce4
      921859000	     45991	8000870a	02000cb3	mul	x25,x0,x0	  x0:0x00000000  x0:0x00000000 x25=0x00000000
      921879000	     45992	8000870e	0247e863	bltu	x15,x4,8000873e	 x15:0x00025ce4  x4:0x000004e3
      921899000	     45993	80008712	02100463	beq	x0,x1,8000873a	  x0:0x00000000  x1:0x00000001
      921999000	     45998	80008716	03fe9ab3	mulh	x21,x29,x31	 x29:0x00000000 x31:0xe4573fff x21=0x00000000
      922019000	     45999	8000871a	013d9d13	slli	x26,x27,0x13	 x27:0x00000000 x26=0x00000000
      922039000	     46000	8000871e	01742b33	slt	x22,x8,x23	  x8:0x80000000 x23:0x000001ba x22=0x00000001
      922059000	     46001	80008722	02ee	c.slli	x5,0x1b	  x5:0x00000001  x5=0x08000000
      922079000	     46002	80008724	01422a33	slt	x20,x4,x20	  x4:0x000004e3 x20:0x00000000 x20=0x00000000
      922099000	     46003	80008728	2ad93f93	sltiu	x31,x18,685	 x18:0x00000000 x31=0x00000001
      922159000	     46006	8000872c	0000100f	fence.i	
      922679000	     46032	80008730	00009033	sll	x0,x1,x0	  x1:0x00000001  x0:0x00000000  x0=0x00000000
      922879000	     46042	80008734	86b5	c.srai	x13,0xd	 x13:0x00000000 x13=0x00000000
      922959000	     46046	80008736	00460733	add	x14,x12,x4	 x12:0x80025ce4  x4:0x000004e3 x14=0x800261c7
      922979000	     46047	8000873a	b0215717	auipc	x14,0xb0215	 x14=0x3021d73a
      923019000	     46049	8000873e	029dd1b3	divu	x3,x27,x9	 x27:0x00000000  x9:0x00000000  x3=0xffffffff
      923039000	     46050	80008742	00541b33	sll	x22,x8,x5	  x8:0x80000000  x5:0x08000000 x22=0x80000000
      923059000	     46051	80008746	8711	c.srai	x14,0x4	 x14:0x3021d73a x14=0x03021d73
      923079000	     46052	80008748	015dc463	blt	x27,x21,80008750	 x27:0x00000000 x21:0x00000000
      923099000	     46053	8000874c	111c	c.addi4spn	x15,x2,160	 x15=0x000001d1
      923119000	     46054	8000874e	c295	c.beqz	x13,80008772	 x13:0x00000000
      923519000	     46074	80008772	72a64e97	auipc	x29,0x72a64	 x29=0xf2a6c772
      924259000	     46111	80008776	0385e033	rem	x0,x11,x24	 x11:0x80100000 x24:0x80025ce4  x0=0x00000000
      924299000	     46113	8000877a	02af43b3	div	x7,x30,x10	 x30:0xffffffff x10:0x00000000  x7=0xffffffff
      925039000	     46150	8000877e	0319e6b3	rem	x13,x19,x17	 x19:0x200007ff x17:0x80025ce4 x13=0x200007ff
      925059000	     46151	80008782	84a1	c.srai	x9,0x8	  x9:0x00000000  x9=0x00000000
      925079000	     46152	80008784	41d200b3	sub	x1,x4,x29	  x4:0x000004e3 x29:0xf2a6c772  x1=0x0d593d71
      925099000	     46153	80008788	40555733	sra	x14,x10,x5	 x10:0x00000000  x5:0x08000000 x14=0x00000000
      925119000	     46154	8000878c	8f62	c.mv	x30,x24	  x0:0x00000000 x24:0x80025ce4 x30=0x80025ce4
      925139000	     46155	8000878e	023ed763	bge	x29,x3,800087bc	 x29:0xf2a6c772  x3:0xffffffff
      925159000	     46156	80008792	a691bb13	sltiu	x22,x3,-1431	  x3:0xffffffff x22=0x00000000
      925179000	     46157	80008796	8d85	c.sub	x11,x9	 x11:0x80100000  x9:0x00000000 x11=0x80100000
      925599000	     46178	80008798	414350b3	sra	x1,x6,x20	  x6:0x80000001 x20:0x00000000  x1=0x80000001
      925659000	     46181	8000879c	014b2333	slt	x6,x22,x20	 x22:0x00000000 x20:0x00000000  x6=0x00000000
      925699000	     46183	800087a0	02431cb3	mulh	x25,x6,x4	  x6:0x00000000  x4:0x000004e3 x25=0x00000000
      925719000	     46184	800087a4	0117d333	srl	x6,x15,x17	 x15:0x000001d1 x17:0x80025ce4  x6=0x0000001d
      925779000	     46187	800087a8	0133e133	or	x2,x7,x19	  x7:0xffffffff x19:0x200007ff  x2=0xffffffff
      925919000	     46194	800087ac	028018b3	mulh	x17,x0,x8	  x0:0x00000000  x8:0x80000000 x17=0x00000000
      925959000	     46196	800087b0	021812b3	mulh	x5,x16,x1	 x16:0x00000420  x1:0x80000001  x5=0xfffffdf0
      926019000	     46199	800087b4	65ed7a93	andi	x21,x26,1630	 x26:0x00000000 x21=0x00000000
      926799000	     46238	800087b8	02cdd233	divu	x4,x27,x12	 x27:0x00000000 x12:0x80025ce4  x4=0x00000000
      926839000	     46240	800087bc	035cfc33	remu	x24,x25,x21	 x25:0x00000000 x21:0x00000000 x24=0x00000000
      926859000	     46241	800087c0	002a3ab3	sltu	x21,x20,x2	 x20:0x00000000  x2:0xffffffff x21=0x00000001
      926879000	     46242	800087c4	00683eb3	sltu	x29,x16,x6	 x16:0x00000420  x6:0x0000001d x29=0x00000000
      926899000	     46243	800087c8	01e88eb3	add	x29,x17,x30	 x17:0x00000000 x30:0x80025ce4 x29=0x80025ce4
      926919000	     46244	800087cc	0192eb33	or	x22,x5,x25	  x5:0xfffffdf0 x25:0x00000000 x22=0xfffffdf0
      927219000	     46259	800087d0	40c65593	srai	x11,x12,0xc	 x12:0x80025ce4 x11=0xfff80025
      927339000	     46265	800087d4	0000100f	fence.i	
      927819000	     46289	800087d8	014b8f33	add	x30,x23,x20	 x23:0x000001ba x20:0x00000000 x30=0x000001ba
      927839000	     46290	800087dc	01b14c63	blt	x2,x27,800087f4	  x2:0xffffffff x27:0x00000000
      928719000	     46334	800087f4	6175	c.addi16sp	x2,368	  x2:0xffffffff  x2=0x0000016f
      928739000	     46335	800087f6	916e	c.add	x2,x27	  x2:0x0000016f x27:0x00000000  x2=0x0000016f
      928759000	     46336	800087f8	004ce5b3	or	x11,x25,x4	 x25:0x00000000  x4:0x00000000 x11=0x00000000
      928799000	     46338	800087fc	03b51733	mulh	x14,x10,x27	 x10:0x00000000 x27:0x00000000 x14=0x00000000
      929199000	     46358	80008800	01116263	bltu	x2,x17,80008804	  x2:0x0000016f x17:0x00000000
      929499000	     46373	80008804	5ec844b7	lui	x9,0x5ec84	  x9=0x5ec84000
      929519000	     46374	80008808	018f9263	bne	x31,x24,8000880c	 x31:0x00000001 x24:0x00000000
      930639000	     46430	8000880c	03cd2c33	mulhsu	x24,x26,x28	 x26:0x00000000 x28:0x80021e64 x24=0x00000000
      930659000	     46431	80008810	669f7893	andi	x17,x30,1641	 x30:0x000001ba x17=0x00000028
      930699000	     46433	80008814	00fb28b3	slt	x17,x22,x15	 x22:0xfffffdf0 x15:0x000001d1 x17=0x00000001
      930819000	     46439	80008818	a4c7a213	slti	x4,x15,-1460	 x15:0x000001d1  x4=0x00000000
      930859000	     46441	8000881c	8d09	c.sub	x10,x10	 x10:0x00000000 x10:0x00000000 x10=0x00000000
      930879000	     46442	8000881e	0401ac93	slti	x25,x3,64	  x3:0xffffffff x25=0x00000001
      931319000	     46464	80008822	0335b933	mulhu	x18,x11,x19	 x11:0x00000000 x19:0x200007ff x18=0x00000000
      931339000	     46465	80008826	995e	c.add	x18,x23	 x18:0x00000000 x23:0x000001ba x18=0x000001ba
      931719000	     46484	80008828	1c1c	c.addi4spn	x15,x2,560	 x15=0x0000039f
      931739000	     46485	8000882a	8891	c.andi	x9,4	  x9:0x5ec84000  x9=0x00000000
      931819000	     46489	8000882c	012633b3	sltu	x7,x12,x18	 x12:0x80025ce4 x18:0x000001ba  x7=0x00000000
      931939000	     46495	80008830	0050afb3	slt	x31,x1,x5	  x1:0x80000001  x5:0xfffffdf0 x31=0x00000001
      932359000	     46516	80008834	00fdfd33	and	x26,x27,x15	 x27:0x00000000 x15:0x0000039f x26=0x00000000
      932379000	     46517	80008838	022ec463	blt	x29,x2,80008860	 x29:0x80025ce4  x2:0x0000016f
      942519000	     47024	80008860	0b3a5397	auipc	x7,0xb3a5	  x7=0x8b3ad860
      942539000	     47025	80008864	8ed5	c.or	x13,x13	 x13:0x200007ff x13:0x200007ff x13=0x200007ff
      942559000	     47026	80008866	fce1c293	xori	x5,x3,-50	  x3:0xffffffff  x5=0x00000031
      942579000	     47027	8000886a	641d2f37	lui	x30,0x641d2	 x30=0x641d2000
      942599000	     47028	8000886e	85f5	c.srai	x11,0x1d	 x11:0x00000000 x11=0x00000000
      942999000	     47048	80008870	6c274d13	xori	x26,x14,1730	 x14:0x00000000 x26=0x000006c2
      943019000	     47049	80008874	015ac0b3	xor	x1,x21,x21	 x21:0x00000001 x21:0x00000001  x1=0x00000000
      943039000	     47050	80008878	8f65	c.and	x14,x9	 x14:0x00000000  x9:0x00000000 x14=0x00000000
      943059000	     47051	8000887a	e789	c.bnez	x15,80008884	 x15:0x0000039f
      943659000	     47081	80008884	402fd833	sra	x16,x31,x2	 x31:0x00000001  x2:0x0000016f x16=0x00000000
      944119000	     47104	80008888	02f8f263	bgeu	x17,x15,800088ac	 x17:0x00000001 x15:0x0000039f
      944279000	     47112	8000888c	02c1a033	mulhsu	x0,x3,x12	  x3:0xffffffff x12:0x80025ce4  x0=0x00000000
      944299000	     47113	80008890	de177213	andi	x4,x14,-543	 x14:0x00000000  x4=0x00000000
      944319000	     47114	80008894	001d0797	auipc	x15,0x1d0	 x15=0x801d8894
      944339000	     47115	80008898	03819163	bne	x3,x24,800088ba	  x3:0xffffffff x24:0x00000000
      945179000	     47157	800088ba	01b658b3	srl	x17,x12,x27	 x12:0x80025ce4 x27:0x00000000 x17=0x80025ce4
      945199000	     47158	800088be	0000100f	fence.i	
      945499000	     47173	800088c2	8f488713	addi	x14,x17,-1804	 x17:0x80025ce4 x14=0x800255d8
      945519000	     47174	800088c6	49cb8a13	addi	x20,x23,1180	 x23:0x000001ba x20=0x00000656
      945539000	     47175	800088ca	01ced693	srli	x13,x29,0x1c	 x29:0x80025ce4 x13=0x00000008
      946279000	     47212	800088ce	037b56b3	divu	x13,x22,x23	 x22:0xfffffdf0 x23:0x000001ba x13=0x0094457f
      946299000	     47213	800088d2	8df5	c.and	x11,x13	 x11:0x00000000 x13:0x0094457f x11=0x00000000
      946319000	     47214	800088d4	4141d893	srai	x17,x3,0x14	  x3:0xffffffff x17=0xffffffff
      946339000	     47215	800088d8	0147b2b3	sltu	x5,x15,x20	 x15:0x801d8894 x20:0x00000656  x5=0x00000000
      946359000	     47216	800088dc	8dad	c.xor	x11,x11	 x11:0x00000000 x11:0x00000000 x11=0x00000000
      946379000	     47217	800088de	cb1d6a37	lui	x20,0xcb1d6	 x20=0xcb1d6000
      946399000	     47218	800088e2	65f5	c.lui	x11,0x1d	 x11=0x0001d000
      946419000	     47219	800088e4	90c6	c.add	x1,x17	  x1:0x00000000 x17:0xffffffff  x1=0xffffffff
      946439000	     47220	800088e6	5dc7a693	slti	x13,x15,1500	 x15:0x801d8894 x13=0x00000001
      947179000	     47257	800088ea	02b0ddb3	divu	x27,x1,x11	  x1:0xffffffff x11:0x0001d000 x27=0x00008d3d
      947199000	     47258	800088ee	e2cfb997	auipc	x19,0xe2cfb	 x19=0x62d038ee
      947219000	     47259	800088f2	418a5693	srai	x13,x20,0x18	 x20:0xcb1d6000 x13=0xffffffcb
      947239000	     47260	800088f6	40175493	srai	x9,x14,0x1	 x14:0x800255d8  x9=0xc0012aec
      947259000	     47261	800088fa	007b9b33	sll	x22,x23,x7	 x23:0x000001ba  x7:0x8b3ad860 x22=0x000001ba
      947279000	     47262	800088fe	c6d0b6b7	lui	x13,0xc6d0b	 x13=0xc6d0b000
      947299000	     47263	80008902	01bf7463	bgeu	x30,x27,8000890a	 x30:0x641d2000 x27:0x00008d3d
      947619000	     47279	8000890a	413dd1b3	sra	x3,x27,x19	 x27:0x00008d3d x19:0x62d038ee  x3=0x00000002
      947639000	     47280	8000890e	e208d517	auipc	x10,0xe208d	 x10=0x6209590e
      947659000	     47281	80008912	00865b63	bge	x12,x8,80008928	 x12:0x80025ce4  x8:0x80000000
      948799000	     47338	80008928	00c06f63	bltu	x0,x12,80008946	  x0:0x00000000 x12:0x80025ce4
      950179000	     47407	80008946	02e99133	mulh	x2,x19,x14	 x19:0x62d038ee x14:0x800255d8  x2=0xce98ca4b
      950199000	     47408	8000894a	00669263	bne	x13,x6,8000894e	 x13:0xc6d0b000  x6:0x0000001d
      950599000	     47428	8000894e	01c2fdb3	and	x27,x5,x28	  x5:0x00000000 x28:0x80021e64 x27=0x00000000
      950619000	     47429	80008952	40abd793	srai	x15,x23,0xa	 x23:0x000001ba x15=0x00000000
      950639000	     47430	80008956	8d01	c.sub	x10,x8	 x10:0x6209590e  x8:0x80000000 x10=0xe209590e
      950659000	     47431	80008958	0ff0000f	fence	iorw,iorw	
      950679000	     47432	8000895c	03335363	bge	x6,x19,80008982	  x6:0x0000001d x19:0x62d038ee
      950879000	     47442	80008960	8d59	c.or	x10,x14	 x10:0xe209590e x14:0x800255d8 x10=0xe20b5dde
      951059000	     47451	80008962	015cdbb3	srl	x23,x25,x21	 x25:0x00000001 x21:0x00000001 x23=0x00000000
      951179000	     47457	80008966	887b8593	addi	x11,x23,-1913	 x23:0x00000000 x11=0xfffff887
      951199000	     47458	8000896a	00d660b3	or	x1,x12,x13	 x12:0x80025ce4 x13:0xc6d0b000  x1=0xc6d2fce4
      951579000	     47477	8000896e	41d956b3	sra	x13,x18,x29	 x18:0x000001ba x29:0x80025ce4 x13=0x0000001b
      951659000	     47481	80008972	0055bf33	sltu	x30,x11,x5	 x11:0xfffff887  x5:0x00000000 x30=0x00000000
      951679000	     47482	80008976	9b7d	c.andi	x14,-1	 x14:0x800255d8 x14=0x800255d8
      951699000	     47483	80008978	83d9	c.srli	x15,0x16	 x15:0x00000000 x15=0x00000000
      951719000	     47484	8000897a	0a84	c.addi4spn	x9,x2,336	  x9=0xce98cb9b
      951739000	     47485	8000897c	8eed	c.and	x13,x11	 x13:0x0000001b x11:0xfffff887 x13=0x00000003
      951999000	     47498	8000897e	022e1cb3	mulh	x25,x28,x2	 x28:0x80021e64  x2:0xce98ca4b x25=0x18b3322e
      952039000	     47500	80008982	03a89233	mulh	x4,x17,x26	 x17:0xffffffff x26:0x000006c2  x4=0xffffffff
      952059000	     47501	80008986	0124e563	bltu	x9,x18,80008990	  x9:0xce98cb9b x18:0x000001ba
      952079000	     47502	8000898a	40e3d4b3	sra	x9,x7,x14	  x7:0x8b3ad860 x14:0x800255d8  x9=0xffffff8b
      952099000	     47503	8000898e	615d	c.addi16sp	x2,432	  x2:0xce98ca4b  x2=0xce98cbfb
      952119000	     47504	80008990	0001	c.addi	x0,0	  x0:0x00000000  x0=0x00000000
      952479000	     47522	80008992	01e7bcb3	sltu	x25,x15,x30	 x15:0x00000000 x30:0x00000000 x25=0x00000000
      952519000	     47524	80008996	034c2c33	mulhsu	x24,x24,x20	 x24:0x00000000 x20:0xcb1d6000 x24=0x00000000
      953639000	     47580	8000899a	02465c33	divu	x24,x12,x4	 x12:0x80025ce4  x4:0xffffffff x24=0x00000000
      953659000	     47581	8000899e	80c5	c.srli	x9,0x11	  x9:0xffffff8b  x9=0x00007fff
      953699000	     47583	800089a0	030a6db3	rem	x27,x20,x16	 x20:0xcb1d6000 x16:0x00000000 x27=0xcb1d6000
      953719000	     47584	800089a4	149c	c.addi4spn	x15,x2,608	 x15=0xce98ce5b
      953739000	     47585	800089a6	161f8213	addi	x4,x31,353	 x31:0x00000001  x4=0x00000162
      953759000	     47586	800089aa	403a5db3	sra	x27,x20,x3	 x20:0xcb1d6000  x3:0x00000002 x27=0xf2c75800
      953799000	     47588	800089ae	037726b3	mulhsu	x13,x14,x23	 x14:0x800255d8 x23:0x00000000 x13=0x00000000
      953819000	     47589	800089b2	003a06b3	add	x13,x20,x3	 x20:0xcb1d6000  x3:0x00000002 x13=0xcb1d6002
      953839000	     47590	800089b6	ccc94593	xori	x11,x18,-820	 x18:0x000001ba x11=0xfffffd76
      954259000	     47611	800089ba	e80e3f97	auipc	x31,0xe80e3	 x31=0x680eb9ba
      954299000	     47613	800089be	023cb2b3	mulhu	x5,x25,x3	 x25:0x00000000  x3:0x00000002  x5=0x00000000
      954579000	     47627	800089c2	41f3d733	sra	x14,x7,x31	  x7:0x8b3ad860 x31:0x680eb9ba x14=0xffffffe2
      954999000	     47648	800089c6	facf30b7	lui	x1,0xfacf3	  x1=0xfacf3000
      955019000	     47649	800089ca	9ac16997	auipc	x19,0x9ac16	 x19=0x1ac1e9ca
      955039000	     47650	800089ce	0000100f	fence.i	
      955419000	     47669	800089d2	01f54333	xor	x6,x10,x31	 x10:0xe20b5dde x31:0x680eb9ba  x6=0x8a05e464
      955519000	     47674	800089d6	5d3c2213	slti	x4,x24,1491	 x24:0x00000000  x4=0x00000001
      955699000	     47683	800089da	40c48033	sub	x0,x9,x12	  x9:0x00007fff x12:0x80025ce4  x0=0x00000000
      955719000	     47684	800089de	95ba	c.add	x11,x14	 x11:0xfffffd76 x14:0xffffffe2 x11=0xfffffd58
      956459000	     47721	800089e0	02407033	remu	x0,x0,x4	  x0:0x00000000  x4:0x00000001  x0=0x00000000
      956479000	     47722	800089e4	0001	c.addi	x0,0	  x0:0x00000000  x0=0x00000000
      956499000	     47723	800089e6	1c9e2593	slti	x11,x28,457	 x28:0x80021e64 x11=0x00000001
      956519000	     47724	800089ea	018ee033	or	x0,x29,x24	 x29:0x80025ce4 x24:0x00000000  x0=0x00000000
      956539000	     47725	800089ee	5b4fc193	xori	x3,x31,1460	 x31:0x680eb9ba  x3=0x680ebc0e
      957379000	     47767	800089f2	03bddfb3	divu	x31,x27,x27	 x27:0xf2c75800 x27:0xf2c75800 x31=0x00000001
      957399000	     47768	800089f6	02d2	c.slli	x5,0x14	  x5:0x00000000  x5=0x00000000
      957419000	     47769	800089f8	1014	c.addi4spn	x13,x2,32	 x13=0xce98cc1b
      957439000	     47770	800089fa	0eae	c.slli	x29,0xb	 x29:0x80025ce4 x29=0x12e72000
      957459000	     47771	800089fc	8b79	c.andi	x14,30	 x14:0xffffffe2 x14=0x00000002
      957479000	     47772	800089fe	8fb9	c.xor	x15,x14	 x15:0xce98ce5b x14:0x00000002 x15=0xce98ce59
      957499000	     47773	80008a00	0359d563	bge	x19,x21,80008a2a	 x19:0x1ac1e9ca x21:0x00000001
      958239000	     47810	80008a2a	01e2fd33	and	x26,x5,x30	  x5:0x00000000 x30:0x00000000 x26=0x00000000
      958259000	     47811	80008a2e	07c5	c.addi	x15,17	 x15:0xce98ce59 x15=0xce98ce6a
      958359000	     47816	80008a30	8f8d	c.sub	x15,x11	 x15:0xce98ce6a x11:0x00000001 x15=0xce98ce69
      958399000	     47818	80008a32	03a2a833	mulhsu	x16,x5,x26	  x5:0x00000000 x26:0x00000000 x16=0x00000000
      958419000	     47819	80008a36	e519	c.bnez	x10,80008a44	 x10:0xe20b5dde
      958699000	     47833	80008a44	03c29933	mulh	x18,x5,x28	  x5:0x00000000 x28:0x80021e64 x18=0x00000000
      958719000	     47834	80008a48	013d9663	bne	x27,x19,80008a54	 x27:0xf2c75800 x19:0x1ac1e9ca
      959499000	     47873	80008a54	8fe1	c.and	x15,x8	 x15:0xce98ce69  x8:0x80000000 x15=0x80000000
      959519000	     47874	80008a56	8d8d	c.sub	x11,x11	 x11:0x00000001 x11:0x00000001 x11=0x00000000
      959539000	     47875	80008a58	8f09	c.sub	x14,x10	 x14:0x00000002 x10:0xe20b5dde x14=0x1df4a224
      959559000	     47876	80008a5a	0042f9b3	and	x19,x5,x4	  x5:0x00000000  x4:0x00000001 x19=0x00000000
      959579000	     47877	80008a5e	0045d333	srl	x6,x11,x4	 x11:0x00000000  x4:0x00000001  x6=0x00000000
      959599000	     47878	80008a62	5d7d	c.li	x26,-1	 x26=0xffffffff
      959619000	     47879	80008a64	fdb70b13	addi	x22,x14,-37	 x14:0x1df4a224 x22=0x1df4a1ff
      959639000	     47880	80008a68	41d60eb3	sub	x29,x12,x29	 x12:0x80025ce4 x29:0x12e72000 x29=0x6d1b3ce4
      959819000	     47889	80008a6c	665e8813	addi	x16,x29,1637	 x29:0x6d1b3ce4 x16=0x6d1b4349
      960099000	     47903	80008a70	00305833	srl	x16,x0,x3	  x0:0x00000000  x3:0x680ebc0e x16=0x00000000
      960119000	     47904	80008a74	91da	c.add	x3,x22	  x3:0x680ebc0e x22:0x1df4a1ff  x3=0x86035e0d
      960179000	     47907	80008a76	0251c133	div	x2,x3,x5	  x3:0x86035e0d  x5:0x00000000  x2=0xffffffff
      960199000	     47908	80008a7a	0000100f	fence.i	
      960679000	     47932	80008a7e	40c70133	sub	x2,x14,x12	 x14:0x1df4a224 x12:0x80025ce4  x2=0x9df24540
      960739000	     47935	80008a82	00430d33	add	x26,x6,x4	  x6:0x00000000  x4:0x00000001 x26=0x00000001
      960759000	     47936	80008a86	0185	c.addi	x3,1	  x3:0x86035e0d  x3=0x86035e0e
      960779000	     47937	80008a88	41acd5b3	sra	x11,x25,x26	 x25:0x00000000 x26:0x00000001 x11=0x00000000
      960799000	     47938	80008a8c	00751d63	bne	x10,x7,80008aa6	 x10:0xe20b5dde  x7:0x8b3ad860
      961559000	     47976	80008aa6	032f8763	beq	x31,x18,80008ad4	 x31:0x00000001 x18:0x00000000
      961579000	     47977	80008aaa	74168a13	addi	x20,x13,1857	 x13:0xce98cc1b x20=0xce98d35c
      961599000	     47978	80008aae	839d	c.srli	x15,0x7	 x15:0x80000000 x15=0x01000000
      961619000	     47979	80008ab0	00ce1c93	slli	x25,x28,0xc	 x28:0x80021e64 x25=0x21e64000
      961639000	     47980	80008ab4	00e09eb3	sll	x29,x1,x14	  x1:0xfacf3000 x14:0x1df4a224 x29=0xacf30000
      961679000	     47982	80008ab8	01d14c63	blt	x2,x29,80008ad0	  x2:0x9df24540 x29:0xacf30000
      962319000	     48014	80008ad0	01cd6cb3	or	x25,x26,x28	 x26:0x00000001 x28:0x80021e64 x25=0x80021e65
      962339000	     48015	80008ad4	009f1463	bne	x30,x9,80008adc	 x30:0x00000000  x9:0x00007fff
      962719000	     48034	80008adc	c08dca13	xori	x20,x27,-1016	 x27:0xf2c75800 x20=0x0d38a408
      962739000	     48035	80008ae0	00296463	bltu	x18,x2,80008ae8	 x18:0x00000000  x2:0x9df24540
      962939000	     48045	80008ae8	01667533	and	x10,x12,x22	 x12:0x80025ce4 x22:0x1df4a1ff x10=0x000000e4
      962959000	     48046	80008aec	00b296b3	sll	x13,x5,x11	  x5:0x00000000 x11:0x00000000 x13=0x00000000
      962979000	     48047	80008af0	02de1f63	bne	x28,x13,80008b2e	 x28:0x80021e64 x13:0x00000000
      963279000	     48062	80008b2e	05617463	bgeu	x2,x22,80008b76	  x2:0x9df24540 x22:0x1df4a1ff
      963959000	     48096	80008b76	02cf5363	bge	x30,x12,80008b9c	 x30:0x00000000 x12:0x80025ce4
      964879000	     48142	80008b9c	00016b63	bltu	x2,x0,80008bb2	  x2:0x9df24540  x0:0x00000000
      964939000	     48145	80008ba0	61b5	c.lui	x3,0xd	  x3=0x0000d000
      964959000	     48146	80008ba2	8d85	c.sub	x11,x9	 x11:0x00000000  x9:0x00007fff x11=0xffff8001
      965199000	     48158	80008ba4	035d98b3	mulh	x17,x27,x21	 x27:0xf2c75800 x21:0x00000001 x17=0xffffffff
      965219000	     48159	80008ba8	0159e563	bltu	x19,x21,80008bb2	 x19:0x00000000 x21:0x00000001
      965559000	     48176	80008bb2	0f6a	c.slli	x30,0x1a	 x30:0x00000000 x30=0x00000000
      965679000	     48182	80008bb4	818d	c.srli	x11,0x3	 x11:0xffff8001 x11=0x1ffff000
      966099000	     48203	80008bb6	02468eb3	mul	x29,x13,x4	 x13:0x00000000  x4:0x00000001 x29=0x00000000
      966119000	     48204	80008bba	010c1f93	slli	x31,x24,0x10	 x24:0x00000000 x31=0x00000000
      966139000	     48205	80008bbe	6ed50913	addi	x18,x10,1773	 x10:0x000000e4 x18=0x000007d1
      966339000	     48215	80008bc2	6a712893	slti	x17,x2,1703	  x2:0x9df24540 x17=0x00000001
      966559000	     48226	80008bc6	99f2c693	xori	x13,x5,-1633	  x5:0x00000000 x13=0xfffff99f
      966979000	     48247	80008bca	008ead33	slt	x26,x29,x8	 x29:0x00000000  x8:0x80000000 x26=0x00000000
      967379000	     48267	80008bce	02279cb3	mulh	x25,x15,x2	 x15:0x01000000  x2:0x9df24540 x25=0xff9df245
      967439000	     48270	80008bd2	4059d313	srai	x6,x19,0x5	 x19:0x00000000  x6=0x00000000
      967459000	     48271	80008bd6	0001	c.addi	x0,0	  x0:0x00000000  x0=0x00000000
      967859000	     48291	80008bd8	7d8dc013	xori	x0,x27,2008	 x27:0xf2c75800  x0=0x00000000
      967879000	     48292	80008bdc	187d	c.addi	x16,-1	 x16:0x00000000 x16=0xffffffff
      967899000	     48293	80008bde	8ea9	c.xor	x13,x10	 x13:0xfffff99f x10:0x000000e4 x13=0xfffff97b
      967919000	     48294	80008be0	009a1c93	slli	x25,x20,0x9	 x20:0x0d38a408 x25=0x71481000
      967939000	     48295	80008be4	8f1d	c.sub	x14,x15	 x14:0x1df4a224 x15:0x01000000 x14=0x1cf4a224
      968019000	     48299	80008be6	7975a337	lui	x6,0x7975a	  x6=0x7975a000
      968039000	     48300	80008bea	8eed	c.and	x13,x11	 x13:0xfffff97b x11:0x1ffff000 x13=0x1ffff000
      968399000	     48318	80008bec	03ff6333	rem	x6,x30,x31	 x30:0x00000000 x31:0x00000000  x6=0x00000000
      968799000	     48338	80008bf0	150fc693	xori	x13,x31,336	 x31:0x00000000 x13=0x00000150
      969159000	     48356	80008bf4	5224a813	slti	x16,x9,1314	  x9:0x00007fff x16=0x00000000
      969579000	     48377	80008bf8	081b3993	sltiu	x19,x22,129	 x22:0x1df4a1ff x19=0x00000000
      969599000	     48378	80008bfc	410255b3	sra	x11,x4,x16	  x4:0x00000001 x16:0x00000000 x11=0x00000001
      969659000	     48381	80008c00	8e89	c.sub	x13,x10	 x13:0x00000150 x10:0x000000e4 x13=0x0000006c
      969699000	     48383	80008c02	03341f33	mulh	x30,x8,x19	  x8:0x80000000 x19:0x00000000 x30=0x00000000
      969719000	     48384	80008c06	615d	c.addi16sp	x2,432	  x2:0x9df24540  x2=0x9df246f0
      969879000	     48392	80008c08	4125dd13	srai	x26,x11,0x12	 x11:0x00000001 x26=0x00000000
      969899000	     48393	80008c0c	c842b813	sltiu	x16,x5,-892	  x5:0x00000000 x16=0x00000001
      970039000	     48400	80008c10	68f9	c.lui	x17,0x1e	 x17=0x0001e000
      970059000	     48401	80008c12	8ca2	c.mv	x25,x8	  x0:0x00000000  x8:0x80000000 x25=0x80000000
      970799000	     48438	80008c14	021754b3	divu	x9,x14,x1	 x14:0x1cf4a224  x1:0xfacf3000  x9=0x00000000
      970819000	     48439	80008c18	41c4da33	sra	x20,x9,x28	  x9:0x00000000 x28:0x80021e64 x20=0x00000000
      970859000	     48441	80008c1c	033ea833	mulhsu	x16,x29,x19	 x29:0x00000000 x19:0x00000000 x16=0x00000000
      970879000	     48442	80008c20	01ffdfb3	srl	x31,x31,x31	 x31:0x00000000 x31:0x00000000 x31=0x00000000
      970899000	     48443	80008c24	8de9	c.and	x11,x10	 x11:0x00000001 x10:0x000000e4 x11=0x00000000
      970919000	     48444	80008c26	89f2	c.mv	x19,x28	  x0:0x00000000 x28:0x80021e64 x19=0x80021e64
      970939000	     48445	80008c28	00e037b3	sltu	x15,x0,x14	  x0:0x00000000 x14:0x1cf4a224 x15=0x00000001
      970959000	     48446	80008c2c	0ff0000f	fence	iorw,iorw	
      970979000	     48447	80008c30	cb09	c.beqz	x14,80008c42	 x14:0x1cf4a224
      971019000	     48449	80008c32	cae9b293	sltiu	x5,x19,-850	 x19:0x80021e64  x5=0x00000001
      971199000	     48458	80008c36	0104f333	and	x6,x9,x16	  x9:0x00000000 x16:0x00000000  x6=0x00000000
      971219000	     48459	80008c3a	02a16d63	bltu	x2,x10,80008c74	  x2:0x9df246f0 x10:0x000000e4
      971239000	     48460	80008c3e	02115363	bge	x2,x1,80008c64	  x2:0x9df246f0  x1:0xfacf3000
      971319000	     48464	80008c42	0000100f	fence.i	
      972119000	     48504	80008c46	e26b3793	sltiu	x15,x22,-474	 x22:0x1df4a1ff x15=0x00000001
      972219000	     48509	80008c4a	92df2a93	slti	x21,x30,-1747	 x30:0x00000000 x21=0x00000000
      972359000	     48516	80008c4e	004f3833	sltu	x16,x30,x4	 x30:0x00000000  x4:0x00000001 x16=0x00000001
      972379000	     48517	80008c52	0001	c.addi	x0,0	  x0:0x00000000  x0=0x00000000
      973119000	     48554	80008c54	03c6e033	rem	x0,x13,x28	 x13:0x0000006c x28:0x80021e64  x0=0x00000000
      973139000	     48555	80008c58	01bb66b3	or	x13,x22,x27	 x22:0x1df4a1ff x27:0xf2c75800 x13=0xfff7f9ff
      973179000	     48557	80008c5c	0392b0b3	mulhu	x1,x5,x25	  x5:0x00000001 x25:0x80000000  x1=0x00000000
      973199000	     48558	80008c60	86e1	c.srai	x13,0x18	 x13:0xfff7f9ff x13=0xffffffff
      973219000	     48559	80008c62	8fdd	c.or	x15,x15	 x15:0x00000001 x15:0x00000001 x15=0x00000001
      973259000	     48561	80008c64	03079a33	mulh	x20,x15,x16	 x15:0x00000001 x16:0x00000001 x20=0x00000000
      973279000	     48562	80008c68	8bc6	c.mv	x23,x17	  x0:0x00000000 x17:0x0001e000 x23=0x0001e000
      973299000	     48563	80008c6a	03b78363	beq	x15,x27,80008c90	 x15:0x00000001 x27:0xf2c75800
      973319000	     48564	80008c6e	02251c63	bne	x10,x2,80008ca6	 x10:0x000000e4  x2:0x9df246f0
      974079000	     48602	80008ca6	01bc1133	sll	x2,x24,x27	 x24:0x00000000 x27:0xf2c75800  x2=0x00000000
      974099000	     48603	80008caa	0181e8b3	or	x17,x3,x24	  x3:0x0000d000 x24:0x00000000 x17=0x0000d000
      974839000	     48640	80008cae	037379b3	remu	x19,x6,x23	  x6:0x00000000 x23:0x0001e000 x19=0x00000000
      974859000	     48641	80008cb2	0122fcb3	and	x25,x5,x18	  x5:0x00000001 x18:0x000007d1 x25=0x00000001
      974879000	     48642	80008cb6	0243ed63	bltu	x7,x4,80008cf0	  x7:0x8b3ad860  x4:0x00000001
      974899000	     48643	80008cba	8fdd	c.or	x15,x15	 x15:0x00000001 x15:0x00000001 x15=0x00000001
      974919000	     48644	80008cbc	0001	c.addi	x0,0	  x0:0x00000000  x0=0x00000000
      974939000	     48645	80008cbe	1d646293	ori	x5,x8,470	  x8:0x80000000  x5=0x800001d6
      974959000	     48646	80008cc2	c115	c.beqz	x10,80008ce6	 x10:0x000000e4
      974979000	     48647	80008cc4	0ff0000f	fence	iorw,iorw	
      974999000	     48648	80008cc8	4f45	c.li	x30,17	 x30=0x00000011
      975019000	     48649	80008cca	a091e293	ori	x5,x3,-1527	  x3:0x0000d000  x5=0xfffffa09
      975119000	     48654	80008cce	02bdc263	blt	x27,x11,80008cf2	 x27:0xf2c75800 x11:0x00000000
      976619000	     48729	80008cf2	00304d63	blt	x0,x3,80008d0c	  x0:0x00000000  x3:0x0000d000
      977259000	     48761	80008d0c	00351493	slli	x9,x10,0x3	 x10:0x000000e4  x9=0x00000720
      977559000	     48776	80008d10	8d7d	c.and	x10,x15	 x10:0x000000e4 x15:0x00000001 x10=0x00000000
      977679000	     48782	80008d12	6ac16093	ori	x1,x2,1708	  x2:0x00000000  x1=0x000006ac
      977699000	     48783	80008d16	8175	c.srli	x10,0x1d	 x10:0x00000000 x10=0x00000000
      977719000	     48784	80008d18	0ff0000f	fence	iorw,iorw	
      978119000	     48804	80008d1c	01428663	beq	x5,x20,80008d28	  x5:0xfffffa09 x20:0x00000000
      978139000	     48805	80008d20	d5c6cc13	xori	x24,x13,-676	 x13:0xffffffff x24=0x000002a3
      978899000	     48843	80008d24	032443b3	div	x7,x8,x18	  x8:0x80000000 x18:0x000007d1  x7=0xffef9fcb
      978919000	     48844	80008d28	0ff0000f	fence	iorw,iorw	
      978939000	     48845	80008d2c	00b521b3	slt	x3,x10,x11	 x10:0x00000000 x11:0x00000000  x3=0x00000000
      978959000	     48846	80008d30	01b61013	slli	x0,x12,0x1b	 x12:0x80025ce4  x0=0x00000000
      978979000	     48847	80008d34	108c	c.addi4spn	x11,x2,96	 x11=0x00000060
      978999000	     48848	80008d36	030f5263	bge	x30,x16,80008d5a	 x30:0x00000011 x16:0x00000001
      979239000	     48860	80008d5a	000d3033	sltu	x0,x26,x0	 x26:0x00000000  x0:0x00000000  x0=0x00000000
      979259000	     48861	80008d5e	5efd	c.li	x29,-1	 x29=0xffffffff
      979279000	     48862	80008d60	45661e97	auipc	x29,0x45661	 x29=0xc5669d60
      979299000	     48863	80008d64	01e19093	slli	x1,x3,0x1e	  x3:0x00000000  x1=0x00000000
      980099000	     48903	80008d68	02bcd4b3	divu	x9,x25,x11	 x25:0x00000001 x11:0x00000060  x9=0x00000000
      980839000	     48940	80008d6c	03c962b3	rem	x5,x18,x28	 x18:0x000007d1 x28:0x80021e64  x5=0x000007d1
      989119000	     49354	80008d70	0001	c.addi	x0,0	  x0:0x00000000  x0=0x00000000
      989139000	     49355	80008d72	01b86463	bltu	x16,x27,80008d7a	 x16:0x00000001 x27:0xf2c75800
      989199000	     49358	80008d7a	410108b3	sub	x17,x2,x16	  x2:0x00000000 x16:0x00000001 x17=0xffffffff
      989219000	     49359	80008d7e	808e	c.mv	x1,x3	  x0:0x00000000  x3:0x00000000  x1=0x00000000
      989239000	     49360	80008d80	00dcc263	blt	x25,x13,80008d84	 x25:0x00000001 x13:0xffffffff
      989259000	     49361	80008d84	41015313	srai	x6,x2,0x10	  x2:0x00000000  x6=0x00000000
      989419000	     49369	80008d88	8d51	c.or	x10,x12	 x10:0x00000000 x12:0x80025ce4 x10=0x80025ce4
      989479000	     49372	80008d8a	0257af33	mulhsu	x30,x15,x5	 x15:0x00000001  x5:0x000007d1 x30=0x00000000
      989799000	     49388	80008d8e	058b7063	bgeu	x22,x24,80008dce	 x22:0x1df4a1ff x24:0x000002a3
      990679000	     49432	80008dce	1cfd	c.addi	x25,-1	 x25:0x00000001 x25=0x00000000
      990919000	     49444	80008dd0	1f7d	c.addi	x30,-1	 x30:0x00000000 x30=0xffffffff
      991839000	     49490	80008dd2	02befc33	remu	x24,x29,x11	 x29:0xc5669d60 x11:0x00000060 x24=0x00000000
      991859000	     49491	80008dd6	8cbd	c.xor	x9,x15	  x9:0x00000000 x15:0x00000001  x9=0x00000001
      991879000	     49492	80008dd8	0225c263	blt	x11,x2,80008dfc	 x11:0x00000060  x2:0x00000000
      991899000	     49493	80008ddc	02058b33	mul	x22,x11,x0	 x11:0x00000060  x0:0x00000000 x22=0x00000000
      991919000	     49494	80008de0	0113deb3	srl	x29,x7,x17	  x7:0xffef9fcb x17:0xffffffff x29=0x00000001
      991959000	     49496	80008de4	0223f833	remu	x16,x7,x2	  x7:0xffef9fcb  x2:0x00000000 x16=0xffef9fcb
      991979000	     49497	80008de8	ec6ba913	slti	x18,x23,-314	 x23:0x0001e000 x18=0x00000000
      991999000	     49498	80008dec	6cf07c93	andi	x25,x0,1743	  x0:0x00000000 x25=0x00000000
      992439000	     49520	80008df0	02eea6b3	mulhsu	x13,x29,x14	 x29:0x00000001 x14:0x1cf4a224 x13=0x00000000
      993199000	     49558	80008df4	027065b3	rem	x11,x0,x7	  x0:0x00000000  x7:0xffef9fcb x11=0x00000000
      993219000	     49559	80008df8	013f8e63	beq	x31,x19,80008e14	 x31:0x00000000 x19:0x00000000
      993319000	     49564	80008e14	02d17e63	bgeu	x2,x13,80008e50	  x2:0x00000000 x13:0x00000000
      994179000	     49607	80008e50	8ed9	c.or	x13,x14	 x13:0x00000000 x14:0x1cf4a224 x13=0x1cf4a224
      994199000	     49608	80008e52	85d9	c.srai	x11,0x16	 x11:0x00000000 x11=0x00000000
      994379000	     49617	80008e54	0122	c.slli	x2,0x8	  x2:0x00000000  x2=0x00000000
      994519000	     49624	80008e56	0ff0000f	fence	iorw,iorw	
      994539000	     49625	80008e5a	0000100f	fence.i	
      994959000	     49646	80008e5e	022aafb3	mulhsu	x31,x21,x2	 x21:0x00000000  x2:0x00000000 x31=0x00000000
      994979000	     49647	80008e62	00f99463	bne	x19,x15,80008e6a	 x19:0x00000000 x15:0x00000001
      995559000	     49676	80008e6a	e899	c.bnez	x9,80008e80	  x9:0x00000001
      996239000	     49710	80008e80	0001	c.addi	x0,0	  x0:0x00000000  x0=0x00000000
      996259000	     49711	80008e82	8bcd	c.andi	x15,19	 x15:0x00000001 x15=0x00000001
      996679000	     49732	80008e84	025d2b33	mulhsu	x22,x26,x5	 x26:0x00000000  x5:0x000007d1 x22=0x00000000
      996719000	     49734	80008e88	03ac77b3	remu	x15,x24,x26	 x24:0x00000000 x26:0x00000000 x15=0x00000000
      996739000	     49735	80008e8c	416f0533	sub	x10,x30,x22	 x30:0xffffffff x22:0x00000000 x10=0xffffffff
      996759000	     49736	80008e90	8f39	c.xor	x14,x14	 x14:0x1cf4a224 x14:0x1cf4a224 x14=0x00000000
      996779000	     49737	80008e92	8d71	c.and	x10,x12	 x10:0xffffffff x12:0x80025ce4 x10=0x80025ce4
      996819000	     49739	80008e94	036cdd33	divu	x26,x25,x22	 x25:0x00000000 x22:0x00000000 x26=0xffffffff
      996839000	     49740	80008e98	c3fc4c93	xori	x25,x24,-961	 x24:0x00000000 x25=0xfffffc3f
      996859000	     49741	80008e9c	86ed	c.srai	x13,0x1b	 x13:0x1cf4a224 x13=0x00000003
      997159000	     49756	80008e9e	4fcb4f93	xori	x31,x22,1276	 x22:0x00000000 x31=0x000004fc
      997179000	     49757	80008ea2	82b9	c.srli	x13,0xe	 x13:0x00000003 x13=0x00000000
      997199000	     49758	80008ea4	03269363	bne	x13,x18,80008eca	 x13:0x00000000 x18:0x00000000
      997219000	     49759	80008ea8	01694c33	xor	x24,x18,x22	 x18:0x00000000 x22:0x00000000 x24=0x00000000
      997239000	     49760	80008eac	003a9a13	slli	x20,x21,0x3	 x21:0x00000000 x20=0x00000000
      997299000	     49763	80008eb0	10fd	c.addi	x1,-1	  x1:0x00000000  x1=0xffffffff
      997319000	     49764	80008eb2	8dfd	c.and	x11,x15	 x11:0x00000000 x15:0x00000000 x11=0x00000000
      997399000	     49768	80008eb4	022f5233	divu	x4,x30,x2	 x30:0xffffffff  x2:0x00000000  x4=0xffffffff
      997579000	     49777	80008eb8	014c4963	blt	x24,x20,80008eca	 x24:0x00000000 x20:0x00000000
      997619000	     49779	80008ebc	02e1d7b3	divu	x15,x3,x14	  x3:0x00000000 x14:0x00000000 x15=0xffffffff
      997719000	     49784	80008ec0	0001	c.addi	x0,0	  x0:0x00000000  x0=0x00000000
      998019000	     49799	80008ec2	00bec9b3	xor	x19,x29,x11	 x29:0x00000001 x11:0x00000000 x19=0x00000001
      998159000	     49806	80008ec6	0e57a193	slti	x3,x15,229	 x15:0xffffffff  x3=0x00000001
      998179000	     49807	80008eca	0000100f	fence.i	
      999319000	     49864	80008ece	024c39b3	mulhu	x19,x24,x4	 x24:0x00000000  x4:0xffffffff x19=0x00000000
      999339000	     49865	80008ed2	009ef563	bgeu	x29,x9,80008edc	 x29:0x00000001  x9:0x00000001
     1000039000	     49900	80008edc	d86ac693	xori	x13,x21,-634	 x21:0x00000000 x13=0xfffffd86
     1000439000	     49920	80008ee0	8fe5	c.and	x15,x9	 x15:0xffffffff  x9:0x00000001 x15=0x00000001
     1000839000	     49940	80008ee2	41825eb3	sra	x29,x4,x24	  x4:0xffffffff x24:0x00000000 x29=0xffffffff
     1000859000	     49941	80008ee6	018294b3	sll	x9,x5,x24	  x5:0x000007d1 x24:0x00000000  x9=0x000007d1
     1000879000	     49942	80008eea	0001	c.addi	x0,0	  x0:0x00000000  x0=0x00000000
     1001279000	     49962	80008eec	aa09aeb7	lui	x29,0xaa09a	 x29=0xaa09a000
     1001639000	     49980	80008ef0	03c7b0b3	mulhu	x1,x15,x28	 x15:0x00000001 x28:0x80021e64  x1=0x00000000
     1001659000	     49981	80008ef4	8db5	c.xor	x11,x13	 x11:0x00000000 x13:0xfffffd86 x11=0xfffffd86
     1001679000	     49982	80008ef6	9d72	c.add	x26,x28	 x26:0xffffffff x28:0x80021e64 x26=0x80021e63
     1002419000	     50019	80008ef8	03fe7db3	remu	x27,x28,x31	 x28:0x80021e64 x31:0x000004fc x27=0x000003a8
     1002439000	     50020	80008efc	45bd	c.li	x11,15	 x11=0x0000000f
     1002459000	     50021	80008efe	05b85163	bge	x16,x27,80008f40	 x16:0xffef9fcb x27:0x000003a8
     1002479000	     50022	80008f02	0b8a	c.slli	x23,0x2	 x23:0x0001e000 x23=0x00078000
     1002499000	     50023	80008f04	101c	c.addi4spn	x15,x2,32	 x15=0x00000020
     1002519000	     50024	80008f06	40c25913	srai	x18,x4,0xc	  x4:0xffffffff x18=0xffffffff
     1003259000	     50061	80008f0a	02a15033	divu	x0,x2,x10	  x2:0x00000000 x10:0x80025ce4  x0=0x00000000
     1003279000	     50062	80008f0e	a4f13393	sltiu	x7,x2,-1457	  x2:0x00000000  x7=0x00000001
     1003299000	     50063	80008f12	03e74563	blt	x14,x30,80008f3c	 x14:0x00000000 x30:0xffffffff
     1003319000	     50064	80008f16	4c9a2a93	slti	x21,x20,1225	 x20:0x00000000 x21=0x00000001
     1003339000	     50065	80008f1a	419f8333	sub	x6,x31,x25	 x31:0x000004fc x25:0xfffffc3f  x6=0x000008bd
     1003359000	     50066	80008f1e	8739	c.srai	x14,0xe	 x14:0x00000000 x14=0x00000000
     1003379000	     50067	80008f20	e2f95497	auipc	x9,0xe2f95	  x9=0x62f9df20
     1003399000	     50068	80008f24	8f29	c.xor	x14,x10	 x14:0x00000000 x10:0x80025ce4 x14=0x80025ce4
     1003559000	     50076	80008f26	403d86b3	sub	x13,x27,x3	 x27:0x000003a8  x3:0x00000001 x13=0x000003a7
     1003579000	     50077	80008f2a	1c7d	c.addi	x24,-1	 x24:0x00000000 x24=0xffffffff
     1003619000	     50079	80008f2c	024f21b3	mulhsu	x3,x30,x4	 x30:0xffffffff  x4:0xffffffff  x3=0xffffffff
     1003699000	     50083	80008f30	00b17463	bgeu	x2,x11,80008f38	  x2:0x00000000 x11:0x0000000f
     1004439000	     50120	80008f34	03df6f33	rem	x30,x30,x29	 x30:0xffffffff x29:0xaa09a000 x30=0xffffffff
     1004459000	     50121	80008f38	9106	c.add	x2,x1	  x2:0x00000000  x1:0x00000000  x2=0x00000000
     1004479000	     50122	80008f3a	1d9c	c.addi4spn	x15,x2,752	 x15=0x000002f0
     1004499000	     50123	80008f3c	5117e593	ori	x11,x15,1297	 x15:0x000002f0 x11=0x000007f1
     1004519000	     50124	80008f40	00021d93	slli	x27,x4,0x0	  x4:0xffffffff x27=0xffffffff
     1004539000	     50125	80008f44	021c0333	mul	x6,x24,x1	 x24:0xffffffff  x1:0x00000000  x6=0x00000000
     1004559000	     50126	80008f48	a7f0c317	auipc	x6,0xa7f0c	  x6=0x27f14f48
     1004579000	     50127	80008f4c	0036d033	srl	x0,x13,x3	 x13:0x000003a7  x3:0xffffffff  x0=0x00000000
     1004819000	     50139	80008f50	40db59b3	sra	x19,x22,x13	 x22:0x00000000 x13:0x000003a7 x19=0x00000000
     1005199000	     50158	80008f54	613d	c.addi16sp	x2,480	  x2:0x00000000  x2=0x000001e0
     1005219000	     50159	80008f56	187d	c.addi	x16,-1	 x16:0xffef9fcb x16=0xffef9fca
     1005239000	     50160	80008f58	89a9	c.andi	x11,10	 x11:0x000007f1 x11=0x00000000
     1005639000	     50180	80008f5a	930ecb93	xori	x23,x29,-1744	 x29:0xaa09a000 x23=0x55f65930
     1005659000	     50181	80008f5e	9b7d	c.andi	x14,-1	 x14:0x80025ce4 x14=0x80025ce4
     1005679000	     50182	80008f60	011168b3	or	x17,x2,x17	  x2:0x000001e0 x17:0xffffffff x17=0xffffffff
     1005719000	     50184	80008f64	0000100f	fence.i	
     1006479000	     50222	80008f68	c099	c.beqz	x9,80008f6e	  x9:0x62f9df20
     1006499000	     50223	80008f6a	67b1	c.lui	x15,0xc	 x15=0x0000c000
     1006779000	     50237	80008f6c	04a6	c.slli	x9,0x9	  x9:0x62f9df20  x9=0xf3be4000
     1006799000	     50238	80008f6e	871d	c.srai	x14,0x7	 x14:0x80025ce4 x14=0xff0004b9
     1006979000	     50247	80008f70	00d7d893	srli	x17,x15,0xd	 x15:0x0000c000 x17=0x00000006
     1006999000	     50248	80008f74	05dde063	bltu	x27,x29,80008fb4	 x27:0xffffffff x29:0xaa09a000
     1007179000	     50257	80008f78	8dbd	c.xor	x11,x15	 x11:0x00000000 x15:0x0000c000 x11=0x0000c000
     1007219000	     50259	80008f7a	0ef7f393	andi	x7,x15,239	 x15:0x0000c000  x7=0x00000000
     1007239000	     50260	80008f7e	8ee9	c.and	x13,x10	 x13:0x000003a7 x10:0x80025ce4 x13=0x000000a4
     1007259000	     50261	80008f80	4145	c.li	x2,17	  x2=0x00000011
     1007379000	     50267	80008f82	15314b93	xori	x23,x2,339	  x2:0x00000011 x23=0x00000142
     1007399000	     50268	80008f86	eb0d	c.bnez	x14,80008fb8	 x14:0xff0004b9
     1008099000	     50303	80008fb8	d493e9b7	lui	x19,0xd493e	 x19=0xd493e000
     1008119000	     50304	80008fbc	0001	c.addi	x0,0	  x0:0x00000000  x0=0x00000000
     1008139000	     50305	80008fbe	939e	c.add	x7,x7	  x7:0x00000000  x7:0x00000000  x7=0x00000000
     1008219000	     50309	80008fc0	40890fb3	sub	x31,x18,x8	 x18:0xffffffff  x8:0x80000000 x31=0x7fffffff
     1008279000	     50312	80008fc4	cb9d	c.beqz	x15,80008ffa	 x15:0x0000c000
     1008299000	     50313	80008fc6	99fd	c.andi	x11,-1	 x11:0x0000c000 x11=0x0000c000
     1008319000	     50314	80008fc8	0194	c.addi4spn	x13,x2,192	 x13=0x000000d1
     1008339000	     50315	80008fca	0001	c.addi	x0,0	  x0:0x00000000  x0=0x00000000
     1008359000	     50316	80008fcc	951e	c.add	x10,x7	 x10:0x80025ce4  x7:0x00000000 x10=0x80025ce4
     1008379000	     50317	80008fce	95878a13	addi	x20,x15,-1704	 x15:0x0000c000 x20=0x0000b958
     1008479000	     50322	80008fd2	e7a66a13	ori	x20,x12,-390	 x12:0x80025ce4 x20=0xfffffefe
     1008499000	     50323	80008fd6	0001	c.addi	x0,0	  x0:0x00000000  x0=0x00000000
     1008519000	     50324	80008fd8	84f5	c.srai	x9,0x1d	  x9:0xf3be4000  x9=0xffffffff
     1009279000	     50362	80008fda	02ce7933	remu	x18,x28,x12	 x28:0x80021e64 x12:0x80025ce4 x18=0x80021e64
     1009299000	     50363	80008fde	8ff9	c.and	x15,x14	 x15:0x0000c000 x14:0xff0004b9 x15=0x00000000
     1009319000	     50364	80008fe0	017c0cb3	add	x25,x24,x23	 x24:0xffffffff x23:0x00000142 x25=0x00000141
     1010059000	     50401	80008fe4	035dd533	divu	x10,x27,x21	 x27:0xffffffff x21:0x00000001 x10=0xffffffff
     1010079000	     50402	80008fe8	9afd	c.andi	x13,-1	 x13:0x000000d1 x13=0x000000d1
     1010099000	     50403	80008fea	03f78bb3	mul	x23,x15,x31	 x15:0x00000000 x31:0x7fffffff x23=0x00000000
     1010119000	     50404	80008fee	00c156b3	srl	x13,x2,x12	  x2:0x00000011 x12:0x80025ce4 x13=0x00000001
     1010139000	     50405	80008ff2	e143da97	auipc	x21,0xe143d	 x21=0x61445ff2
     1010179000	     50407	80008ff6	029f9ab3	mulh	x21,x31,x9	 x31:0x7fffffff  x9:0xffffffff x21=0xffffffff
     1010199000	     50408	80008ffa	8b01	c.andi	x14,0	 x14:0xff0004b9 x14=0x00000000
     1010219000	     50409	80008ffc	0716	c.slli	x14,0x5	 x14:0x00000000 x14=0x00000000
     1010239000	     50410	80008ffe	11fd	c.addi	x3,-1	  x3:0xffffffff  x3=0xfffffffe
     1010259000	     50411	80009000	0099edb3	or	x27,x19,x9	 x19:0xd493e000  x9:0xffffffff x27=0xffffffff
     1010299000	     50413	80009004	01e0b7b3	sltu	x15,x1,x30	  x1:0x00000000 x30:0xffffffff x15=0x00000001
     1011039000	     50450	80009008	030d5a33	divu	x20,x26,x16	 x26:0x80021e63 x16:0xffef9fca x20=0x00000000
     1029219000	     51359	8000900c	03c72933	mulhsu	x18,x14,x28	 x14:0x00000000 x28:0x80021e64 x18=0x00000000
     1029239000	     51360	80009010	9cb6	c.add	x25,x13	 x25:0x00000141 x13:0x00000001 x25=0x00000142
     1029259000	     51361	80009012	6ddd	c.lui	x27,0x17	 x27=0x00017000
     1029279000	     51362	80009014	009d70b3	and	x1,x26,x9	 x26:0x80021e63  x9:0xffffffff  x1=0x80021e63
     1029299000	     51363	80009018	8aee	c.mv	x21,x27	  x0:0x00000000 x27:0x00017000 x21=0x00017000
     1029319000	     51364	8000901a	01d9b8b3	sltu	x17,x19,x29	 x19:0xd493e000 x29:0xaa09a000 x17=0x00000000
     1029479000	     51372	8000901e	fdd5b493	sltiu	x9,x11,-35	 x11:0x0000c000  x9=0x00000001
     1029659000	     51381	80009022	00330133	add	x2,x6,x3	  x6:0x27f14f48  x3:0xfffffffe  x2=0x27f14f46
     1029679000	     51382	80009026	8d49	c.or	x10,x10	 x10:0xffffffff x10:0xffffffff x10=0xffffffff
     1029699000	     51383	80009028	40a202b3	sub	x5,x4,x10	  x4:0xffffffff x10:0xffffffff  x5=0x00000000
     1029719000	     51384	8000902c	00d99693	slli	x13,x19,0xd	 x19:0xd493e000 x13=0x7c000000
     1029739000	     51385	80009030	03e70333	mul	x6,x14,x30	 x14:0x00000000 x30:0xffffffff  x6=0x00000000
     1029799000	     51388	80009034	01b9e8b3	or	x17,x19,x27	 x19:0xd493e000 x27:0x00017000 x17=0xd493f000
     1030199000	     51408	80009038	4103d033	sra	x0,x7,x16	  x7:0x00000000 x16:0xffef9fca  x0=0x00000000
     1030259000	     51411	8000903c	0aefc113	xori	x2,x31,174	 x31:0x7fffffff  x2=0x7fffff51
     1030279000	     51412	80009040	8692	c.mv	x13,x4	  x0:0x00000000  x4:0xffffffff x13=0xffffffff
     1030359000	     51416	80009042	ce251137	lui	x2,0xce251	  x2=0xce251000
     1030379000	     51417	80009046	4d7d	c.li	x26,31	 x26=0x0000001f
     1030779000	     51437	80009048	90de	c.add	x1,x23	  x1:0x80021e63 x23:0x00000000  x1=0x80021e63
     1030799000	     51438	8000904a	8fc9	c.or	x15,x10	 x15:0x00000001 x10:0xffffffff x15=0xffffffff
     1030819000	     51439	8000904c	00e394b3	sll	x9,x7,x14	  x7:0x00000000 x14:0x00000000  x9=0x00000000
     1030839000	     51440	80009050	40645093	srai	x1,x8,0x6	  x8:0x80000000  x1=0xfe000000
     1031019000	     51449	80009054	01ab6833	or	x16,x22,x26	 x22:0x00000000 x26:0x0000001f x16=0x0000001f
     1031039000	     51450	80009058	8d35	c.xor	x10,x13	 x10:0xffffffff x13:0xffffffff x10=0x00000000
     1031259000	     51461	8000905a	69edbf13	sltiu	x30,x27,1694	 x27:0x00017000 x30=0x00000000
     1031279000	     51462	8000905e	84ce	c.mv	x9,x19	  x0:0x00000000 x19:0xd493e000  x9=0xd493e000
     1031299000	     51463	80009060	0775	c.addi	x14,29	 x14:0x00000000 x14=0x0000001d
     1031319000	     51464	80009062	00f5e793	ori	x15,x11,15	 x11:0x0000c000 x15=0x0000c00f
     1031339000	     51465	80009066	00a1	c.addi	x1,8	  x1:0xfe000000  x1=0xfe000008
     1031719000	     51484	80009068	4141d1b3	sra	x3,x3,x20	  x3:0xfffffffe x20:0x00000000  x3=0xfffffffe
     1031739000	     51485	8000906c	90a6	c.add	x1,x9	  x1:0xfe000008  x9:0xd493e000  x1=0xd293e008
     1032159000	     51506	8000906e	0021d393	srli	x7,x3,0x2	  x3:0xfffffffe  x7=0x3fffffff
     1032179000	     51507	80009072	8d3d	c.xor	x10,x15	 x10:0x00000000 x15:0x0000c00f x10=0x0000c00f
     1032239000	     51510	80009074	e06bd597	auipc	x11,0xe06bd	 x11=0x606c6074
     1032659000	     51531	80009078	00a95f63	bge	x18,x10,80009096	 x18:0x00000000 x10:0x0000c00f
     1032799000	     51538	8000907c	88e6	c.mv	x17,x25	  x0:0x00000000 x25:0x00000142 x17=0x00000142
     1033939000	     51595	8000907e	03da6b33	rem	x22,x20,x29	 x20:0x00000000 x29:0xaa09a000 x22=0x00000000
     1033959000	     51596	80009082	05308263	beq	x1,x19,800090c6	  x1:0xd293e008 x19:0xd493e000
     1033979000	     51597	80009086	030c8363	beq	x25,x16,800090ac	 x25:0x00000142 x16:0x0000001f
     1033999000	     51598	8000908a	8911	c.andi	x10,4	 x10:0x0000c00f x10=0x00000004
     1034019000	     51599	8000908c	0001	c.addi	x0,0	  x0:0x00000000  x0=0x00000000
     1034039000	     51600	8000908e	0293e663	bltu	x7,x9,800090ba	  x7:0x3fffffff  x9:0xd493e000
     1034699000	     51633	800090ba	00b61593	slli	x11,x12,0xb	 x12:0x80025ce4 x11=0x12e72000
     1034719000	     51634	800090be	02b57663	bgeu	x10,x11,800090ea	 x10:0x00000004 x11:0x12e72000
     1034739000	     51635	800090c2	01ab84b3	add	x9,x23,x26	 x23:0x00000000 x26:0x0000001f  x9=0x0000001f
     1034759000	     51636	800090c6	408906b3	sub	x13,x18,x8	 x18:0x00000000  x8:0x80000000 x13=0x80000000
     1034779000	     51637	800090ca	00899c63	bne	x19,x8,800090e2	 x19:0xd493e000  x8:0x80000000
     1035179000	     51657	800090e2	02231db3	mulh	x27,x6,x2	  x6:0x00000000  x2:0xce251000 x27=0x00000000
     1035199000	     51658	800090e6	8dc0e013	ori	x0,x1,-1828	  x1:0xd293e008  x0=0x00000000
     1035599000	     51678	800090ea	0ff0000f	fence	iorw,iorw	
     1035739000	     51685	800090ee	a66f2313	slti	x6,x30,-1434	 x30:0x00000000  x6=0x00000000
     1036099000	     51703	800090f2	98868ab7	lui	x21,0x98868	 x21=0x98868000
     1036839000	     51740	800090f6	023c5db3	divu	x27,x24,x3	 x24:0xffffffff  x3:0xfffffffe x27=0x00000001
     1036879000	     51742	800090fa	03256733	rem	x14,x10,x18	 x10:0x00000004 x18:0x00000000 x14=0x00000004
     1036899000	     51743	800090fe	5bfd	c.li	x23,-1	 x23=0xffffffff
     1036919000	     51744	80009100	1ffd	c.addi	x31,-1	 x31:0x7fffffff x31=0x7ffffffe
     1036939000	     51745	80009102	bc81fc93	andi	x25,x3,-1080	  x3:0xfffffffe x25=0xfffffbc8
     1036959000	     51746	80009106	01523db3	sltu	x27,x4,x21	  x4:0xffffffff x21:0x98868000 x27=0x00000000
     1036979000	     51747	8000910a	8e91	c.sub	x13,x12	 x13:0x80000000 x12:0x80025ce4 x13=0xfffda31c
     1036999000	     51748	8000910c	8e862d13	slti	x26,x12,-1816	 x12:0x80025ce4 x26=0x00000001
     1037179000	     51757	80009110	e09d	c.bnez	x9,80009136	  x9:0x0000001f
     1038659000	     51831	80009136	023c64b3	rem	x9,x24,x3	 x24:0xffffffff  x3:0xfffffffe  x9=0xffffffff
     1038679000	     51832	8000913a	0000100f	fence.i	
     1040059000	     51901	8000913e	02cb2d33	mulhsu	x26,x22,x12	 x22:0x00000000 x12:0x80025ce4 x26=0x00000000
     1040079000	     51902	80009142	023a	c.slli	x4,0xe	  x4:0xffffffff  x4=0xffffc000
     1040139000	     51905	80009144	8fce	c.mv	x31,x19	  x0:0x00000000 x19:0xd493e000 x31=0xd493e000
     1040159000	     51906	80009146	14fd	c.addi	x9,-1	  x9:0xffffffff  x9=0xfffffffe
     1040179000	     51907	80009148	0ff0000f	fence	iorw,iorw	
     1040579000	     51927	8000914c	0ff0000f	fence	iorw,iorw	
     1040879000	     51942	80009150	02e12533	mulhsu	x10,x2,x14	  x2:0xce251000 x14:0x00000004 x10=0xffffffff
     1041019000	     51949	80009154	40745793	srai	x15,x8,0x7	  x8:0x80000000 x15=0xff000000
     1041439000	     51970	80009158	0498	c.addi4spn	x14,x2,576	 x14=0xce251240
     1042459000	     52021	8000915a	02ebccb3	div	x25,x23,x14	 x23:0xffffffff x14:0xce251240 x25=0x00000000
     1042479000	     52022	8000915e	8cd1	c.or	x9,x12	  x9:0xfffffffe x12:0x80025ce4  x9=0xfffffffe
     1042499000	     52023	80009160	6159	c.addi16sp	x2,400	  x2:0xce251000  x2=0xce251190
     1042519000	     52024	80009162	8ea1	c.xor	x13,x8	 x13:0xfffda31c  x8:0x80000000 x13=0x7ffda31c
     1042539000	     52025	80009164	80a1	c.srli	x9,0x8	  x9:0xfffffffe  x9=0x00ffffff
     1042559000	     52026	80009166	01c0e463	bltu	x1,x28,8000916e	  x1:0xd293e008 x28:0x80021e64
     1042579000	     52027	8000916a	726dc093	xori	x1,x27,1830	 x27:0x00000000  x1=0x00000726
     1042599000	     52028	8000916e	021d7463	bgeu	x26,x1,80009196	 x26:0x00000000  x1:0x00000726
     1042619000	     52029	80009172	01b790b3	sll	x1,x15,x27	 x15:0xff000000 x27:0x00000000  x1=0xff000000
     1042699000	     52033	80009176	012f7eb3	and	x29,x30,x18	 x30:0x00000000 x18:0x00000000 x29=0x00000000
     1042719000	     52034	8000917a	8fe1	c.and	x15,x8	 x15:0xff000000  x8:0x80000000 x15=0x80000000
     1042739000	     52035	8000917c	007b1f13	slli	x30,x22,0x7	 x22:0x00000000 x30=0x00000000
     1042759000	     52036	80009180	fec1b013	sltiu	x0,x3,-20	  x3:0xfffffffe  x0=0x00000000
     1042779000	     52037	80009184	020b81b3	mul	x3,x23,x0	 x23:0xffffffff  x0:0x00000000  x3=0x00000000
     1042799000	     52038	80009188	9fd6	c.add	x31,x21	 x31:0xd493e000 x21:0x98868000 x31=0x6d1a6000
     1042819000	     52039	8000918a	4975	c.li	x18,29	 x18=0x0000001d
     1042859000	     52041	8000918c	0260e033	rem	x0,x1,x6	  x1:0xff000000  x6:0x00000000  x0=0x00000000
     1043019000	     52049	80009190	0ff0000f	fence	iorw,iorw	
     1043059000	     52051	80009194	6bc1	c.lui	x23,0x10	 x23=0x00010000
     1043079000	     52052	80009196	1894	c.addi4spn	x13,x2,112	 x13=0xce251200
     1043099000	     52053	80009198	472b3717	auipc	x14,0x472b3	 x14=0xc72bc198
     1043119000	     52054	8000919c	0001	c.addi	x0,0	  x0:0x00000000  x0=0x00000000
     1043139000	     52055	8000919e	04388363	beq	x17,x3,800091e4	 x17:0x00000142  x3:0x00000000
     1043279000	     52062	800091a2	037ab133	mulhu	x2,x21,x23	 x21:0x98868000 x23:0x00010000  x2=0x00009886
     1043299000	     52063	800091a6	8fab7093	andi	x1,x22,-1798	 x22:0x00000000  x1=0x00000000
     1043319000	     52064	800091aa	0e98	c.addi4spn	x14,x2,848	 x14=0x00009bd6
     1043699000	     52083	800091ac	0369f2b3	remu	x5,x19,x22	 x19:0xd493e000 x22:0x00000000  x5=0xd493e000
     1043739000	     52085	800091b0	5723b013	sltiu	x0,x7,1394	  x7:0x3fffffff  x0=0x00000000
     1043759000	     52086	800091b4	0134c033	xor	x0,x9,x19	  x9:0x00ffffff x19:0xd493e000  x0=0x00000000
     1043779000	     52087	800091b8	e715	c.bnez	x14,800091e4	 x14:0x00009bd6
     1044039000	     52100	800091e4	02e20033	mul	x0,x4,x14	  x4:0xffffc000 x14:0x00009bd6  x0=0x00000000
     1044239000	     52110	800091e8	99a6f113	andi	x2,x13,-1638	 x13:0xce251200  x2=0xce251000
     1044579000	     52127	800091ec	82d1	c.srli	x13,0x14	 x13:0xce251200 x13=0x00000ce2
     1044599000	     52128	800091ee	717d	c.addi16sp	x2,-16	  x2:0xce251000  x2=0xce250ff0
     1044699000	     52133	800091f0	fec10693	addi	x13,x2,-20	  x2:0xce250ff0 x13=0xce250fdc
     1045099000	     52153	800091f4	8b15	c.andi	x14,5	 x14:0x00009bd6 x14=0x00000004
     1045119000	     52154	800091f6	0001	c.addi	x0,0	  x0:0x00000000  x0=0x00000000
     1045199000	     52158	800091f8	95d2	c.add	x11,x20	 x11:0x12e72000 x20:0x00000000 x11=0x12e72000
     1045219000	     52159	800091fa	0a8c	c.addi4spn	x11,x2,336	 x11=0xce251140
     1045619000	     52179	800091fc	0ff0000f	fence	iorw,iorw	
     1046059000	     52201	80009200	026ebc33	mulhu	x24,x29,x6	 x29:0x00000000  x6:0x00000000 x24=0x00000000
     1046079000	     52202	80009204	0423e163	bltu	x7,x2,80009246	  x7:0x3fffffff  x2:0xce250ff0
     1047499000	     52273	80009246	008f28b3	slt	x17,x30,x8	 x30:0x00000000  x8:0x80000000 x17=0x00000000
     1047739000	     52285	8000924a	0000100f	fence.i	
     1047899000	     52293	8000924e	8c0fab93	slti	x23,x31,-1856	 x31:0x6d1a6000 x23=0x00000000
     1047939000	     52295	80009252	02f89733	mulh	x14,x17,x15	 x17:0x00000000 x15:0x80000000 x14=0x00000000
     1048359000	     52316	80009256	0120f3b3	and	x7,x1,x18	  x1:0x00000000 x18:0x0000001d  x7=0x00000000
     1048379000	     52317	8000925a	0314	c.addi4spn	x13,x2,384	 x13=0xce251170
     1048399000	     52318	8000925c	0000100f	fence.i	
     1048999000	     52348	80009260	0135a933	slt	x18,x11,x19	 x11:0xce251140 x19:0xd493e000 x18=0x00000001
     1049019000	     52349	80009264	0001	c.addi	x0,0	  x0:0x00000000  x0=0x00000000
     1049039000	     52350	80009266	015d3bb3	sltu	x23,x26,x21	 x26:0x00000000 x21:0x98868000 x23=0x00000001
     1049059000	     52351	8000926a	0001	c.addi	x0,0	  x0:0x00000000  x0=0x00000000
     1049079000	     52352	8000926c	038b9863	bne	x23,x24,8000929c	 x23:0x00000001 x24:0x00000000
     1049599000	     52378	8000929c	00cff263	bgeu	x31,x12,800092a0	 x31:0x6d1a6000 x12:0x80025ce4
     1050019000	     52399	800092a0	ee85	c.bnez	x13,800092d8	 x13:0xce251170
     1050979000	     52447	800092d8	989df213	andi	x4,x27,-1655	 x27:0x00000000  x4=0x00000000
     1050999000	     52448	800092dc	9afd	c.andi	x13,-1	 x13:0xce251170 x13=0xce251170
     1051039000	     52450	800092de	02aa1533	mulh	x10,x20,x10	 x20:0x00000000 x10:0xffffffff x10=0x00000000
     1051439000	     52470	800092e2	0000100f	fence.i	
     1052479000	     52522	800092e6	419f0c33	sub	x24,x30,x25	 x30:0x00000000 x25:0x00000000 x24=0x00000000
     1052499000	     52523	800092ea	0098d9b3	srl	x19,x17,x9	 x17:0x00000000  x9:0x00ffffff x19=0x00000000
     1052519000	     52524	800092ee	81d1	c.srli	x11,0x14	 x11:0xce251140 x11=0x00000ce2
     1052539000	     52525	800092f0	f7887393	andi	x7,x16,-136	 x16:0x0000001f  x7=0x00000018
     1052579000	     52527	800092f4	039afc33	remu	x24,x21,x25	 x21:0x98868000 x25:0x00000000 x24=0x98868000
     1052599000	     52528	800092f8	b412ac93	slti	x25,x5,-1215	  x5:0xd493e000 x25=0x00000001
     1052759000	     52536	800092fc	c059b113	sltiu	x2,x19,-1019	 x19:0x00000000  x2=0x00000001
     1052999000	     52548	80009300	a3312c93	slti	x25,x2,-1485	  x2:0x00000001 x25=0x00000000
     1053359000	     52566	80009304	404d5493	srai	x9,x26,0x4	 x26:0x00000000  x9=0x00000000
     1053379000	     52567	80009308	614d	c.addi16sp	x2,176	  x2:0x00000001  x2=0x000000b1
     1053399000	     52568	8000930a	0001	c.addi	x0,0	  x0:0x00000000  x0=0x00000000
     1053419000	     52569	8000930c	04b9	c.addi	x9,14	  x9:0x00000000  x9=0x0000000e
     1053819000	     52589	8000930e	007b7d33	and	x26,x22,x7	 x22:0x00000000  x7:0x00000018 x26=0x00000000
     1054239000	     52610	80009312	41245f33	sra	x30,x8,x18	  x8:0x80000000 x18:0x00000001 x30=0xc0000000
     1054259000	     52611	80009316	d35cba93	sltiu	x21,x25,-715	 x25:0x00000000 x21=0x00000001
     1054279000	     52612	8000931a	8fb1	c.xor	x15,x12	 x15:0x80000000 x12:0x80025ce4 x15=0x00025ce4
     1054299000	     52613	8000931c	006edc13	srli	x24,x29,0x6	 x29:0x00000000 x24=0x00000000
     1054699000	     52633	80009320	886e	c.mv	x16,x27	  x0:0x00000000 x27:0x00000000 x16=0x00000000
     1054719000	     52634	80009322	9afd	c.andi	x13,-1	 x13:0xce251170 x13=0xce251170
     1054739000	     52635	80009324	00460c33	add	x24,x12,x4	 x12:0x80025ce4  x4:0x00000000 x24=0x80025ce4
     1054899000	     52643	80009328	c80a6137	lui	x2,0xc80a6	  x2=0xc80a6000
     1054919000	     52644	8000932c	8d4ca013	slti	x0,x25,-1836	 x25:0x00000000  x0=0x00000000
     1055059000	     52651	80009330	81cd	c.srli	x11,0x13	 x11:0x00000ce2 x11=0x00000000
     1055079000	     52652	80009332	8fe1	c.and	x15,x8	 x15:0x00025ce4  x8:0x80000000 x15=0x00000000
     1055119000	     52654	80009334	02fa19b3	mulh	x19,x20,x15	 x20:0x00000000 x15:0x00000000 x19=0x00000000
     1055159000	     52656	80009338	0138f133	and	x2,x17,x19	 x17:0x00000000 x19:0x00000000  x2=0x00000000
     1055179000	     52657	8000933c	80de	c.mv	x1,x23	  x0:0x00000000 x23:0x00000001  x1=0x00000001
     1055199000	     52658	8000933e	29093d13	sltiu	x26,x18,656	 x18:0x00000001 x26=0x00000001
     1055219000	     52659	80009342	9afd	c.andi	x13,-1	 x13:0xce251170 x13=0xce251170
     1055239000	     52660	80009344	40df8293	addi	x5,x31,1037	 x31:0x6d1a6000  x5=0x6d1a640d
     1055719000	     52684	80009348	346cc093	xori	x1,x25,838	 x25:0x00000000  x1=0x00000346
     1055819000	     52689	8000934c	00f9c293	xori	x5,x19,15	 x19:0x00000000  x5=0x0000000f
     1055959000	     52696	80009350	62e9	c.lui	x5,0x1a	  x5=0x0001a000
     1056019000	     52699	80009352	0ff0000f	fence	iorw,iorw	
     1056039000	     52700	80009356	03557563	bgeu	x10,x21,80009380	 x10:0x00000000 x21:0x00000001
     1056179000	     52707	8000935a	0527e163	bltu	x15,x18,8000939c	 x15:0x00000000 x18:0x00000001
     1059479000	     52872	8000939c	00616133	or	x2,x2,x6	  x2:0x00000000  x6:0x00000000  x2=0x00000000
     1059499000	     52873	800093a0	1b9c	c.addi4spn	x15,x2,496	 x15=0x000001f0
     1059519000	     52874	800093a2	0ff0000f	fence	iorw,iorw	
     1059539000	     52875	800093a6	5f7d	c.li	x30,-1	 x30=0xffffffff
     1059699000	     52883	800093a8	8de5	c.and	x11,x9	 x11:0x00000000  x9:0x0000000e x11=0x00000000
     1059719000	     52884	800093aa	84ad	c.srai	x9,0xb	  x9:0x0000000e  x9=0x00000000
     1059739000	     52885	800093ac	4068d8b3	sra	x17,x17,x6	 x17:0x00000000  x6:0x00000000 x17=0x00000000
     1059759000	     52886	800093b0	40bd09b3	sub	x19,x26,x11	 x26:0x00000001 x11:0x00000000 x19=0x00000001
     1059779000	     52887	800093b4	0001	c.addi	x0,0	  x0:0x00000000  x0=0x00000000
     1059899000	     52893	800093b6	01de1cb3	sll	x25,x28,x29	 x28:0x80021e64 x29:0x00000000 x25=0x80021e64
     1059919000	     52894	800093ba	016361b3	or	x3,x6,x22	  x6:0x00000000 x22:0x00000000  x3=0x00000000
     1060339000	     52915	800093be	92376b37	lui	x22,0x92376	 x22=0x92376000
     1060359000	     52916	800093c2	8125	c.srli	x10,0x9	 x10:0x00000000 x10=0x00000000
     1060379000	     52917	800093c4	ce99	c.beqz	x13,800093e2	 x13:0xce251170
     1060399000	     52918	800093c6	026dd363	bge	x27,x6,800093ec	 x27:0x00000000  x6:0x00000000
     1061439000	     52970	800093ec	b969f9b7	lui	x19,0xb969f	 x19=0xb969f000
     1061759000	     52986	800093f0	03e56b63	bltu	x10,x30,80009426	 x10:0x00000000 x30:0xffffffff
     1062019000	     52999	80009426	02c21363	bne	x4,x12,8000944c	  x4:0x00000000 x12:0x80025ce4
     1062959000	     53046	8000944c	93be	c.add	x7,x15	  x7:0x00000018 x15:0x000001f0  x7=0x00000208
     1062979000	     53047	8000944e	1e18	c.addi4spn	x14,x2,816	 x14=0x00000330
     1062999000	     53048	80009450	01410b33	add	x22,x2,x20	  x2:0x00000000 x20:0x00000000 x22=0x00000000
     1063039000	     53050	80009454	02c9a533	mulhsu	x10,x19,x12	 x19:0xb969f000 x12:0x80025ce4 x10=0xdcb45137
     1063279000	     53062	80009458	64c9	c.lui	x9,0x12	  x9=0x00012000
     1063359000	     53066	8000945a	402e5493	srai	x9,x28,0x2	 x28:0x80021e64  x9=0xe0008799
     1063379000	     53067	8000945e	41315f33	sra	x30,x2,x19	  x2:0x00000000 x19:0xb969f000 x30=0x00000000
     1063399000	     53068	80009462	c72cc013	xori	x0,x25,-910	 x25:0x80021e64  x0=0x00000000
     1063419000	     53069	80009466	0001	c.addi	x0,0	  x0:0x00000000  x0=0x00000000
     1064159000	     53106	80009468	02e7fcb3	remu	x25,x15,x14	 x15:0x000001f0 x14:0x00000330 x25=0x000001f0
     1064179000	     53107	8000946c	022cf463	bgeu	x25,x2,80009494	 x25:0x000001f0  x2:0x00000000
     1064459000	     53121	80009494	01cf7eb3	and	x29,x30,x28	 x30:0x00000000 x28:0x80021e64 x29=0x00000000
     1064719000	     53134	80009498	35c9cc93	xori	x25,x19,860	 x19:0xb969f000 x25=0xb969f35c
     1064739000	     53135	8000949c	0001	c.addi	x0,0	  x0:0x00000000  x0=0x00000000
     1064979000	     53147	8000949e	339b8c17	auipc	x24,0x339b8	 x24=0xb39c149e
     1064999000	     53148	800094a2	8dd1	c.or	x11,x12	 x11:0x00000000 x12:0x80025ce4 x11=0x80025ce4
     1065199000	     53158	800094a4	00285813	srli	x16,x16,0x2	 x16:0x00000000 x16=0x00000000
     1065639000	     53180	800094a8	025d23b3	mulhsu	x7,x26,x5	 x26:0x00000001  x5:0x0001a000  x7=0x00000000
     1065679000	     53182	800094ac	02b13933	mulhu	x18,x2,x11	  x2:0x00000000 x11:0x80025ce4 x18=0x00000000
     1065699000	     53183	800094b0	85c5	c.srai	x11,0x11	 x11:0x80025ce4 x11=0xffffc001
     1065719000	     53184	800094b2	40f0d233	sra	x4,x1,x15	  x1:0x00000346 x15:0x000001f0  x4=0x00000000
     1065999000	     53198	800094b6	0000100f	fence.i	
     1067319000	     53264	800094ba	003eabb3	slt	x23,x29,x3	 x29:0x00000000  x3:0x00000000 x23=0x00000000
     1067339000	     53265	800094be	830d	c.srli	x14,0x3	 x14:0x00000330 x14=0x00000066
     1068079000	     53302	800094c0	0294f533	remu	x10,x9,x9	  x9:0xe0008799  x9:0xe0008799 x10=0x00000000
     1068099000	     53303	800094c4	a401c093	xori	x1,x3,-1472	  x3:0x00000000  x1=0xfffffa40
     1068139000	     53305	800094c8	034e3cb3	mulhu	x25,x28,x20	 x28:0x80021e64 x20:0x00000000 x25=0x00000000
     1068159000	     53306	800094cc	024e8b33	mul	x22,x29,x4	 x29:0x00000000  x4:0x00000000 x22=0x00000000
     1068179000	     53307	800094d0	0001	c.addi	x0,0	  x0:0x00000000  x0=0x00000000
     1068199000	     53308	800094d2	8125	c.srli	x10,0x9	 x10:0x00000000 x10=0x00000000
     1068219000	     53309	800094d4	75d48713	addi	x14,x9,1885	  x9:0xe0008799 x14=0xe0008ef6
     1068399000	     53318	800094d8	0ff0000f	fence	iorw,iorw	
     1068819000	     53339	800094dc	008d20b3	slt	x1,x26,x8	 x26:0x00000001  x8:0x80000000  x1=0x00000000
     1068839000	     53340	800094e0	4fb9ed97	auipc	x27,0x4fb9e	 x27=0xcfba74e0
     1068899000	     53343	800094e4	6de9	c.lui	x27,0x1a	 x27=0x0001a000
     1068999000	     53348	800094e6	9da50e93	addi	x29,x10,-1574	 x10:0x00000000 x29=0xfffff9da
     1069419000	     53369	800094ea	00fa9db3	sll	x27,x21,x15	 x21:0x00000001 x15:0x000001f0 x27=0x00010000
     1069439000	     53370	800094ee	98fd	c.andi	x9,-1	  x9:0xe0008799  x9=0xe0008799
     1069559000	     53376	800094f0	0335	c.addi	x6,13	  x6:0x00000000  x6=0x0000000d
     1069579000	     53377	800094f2	0f94	c.addi4spn	x13,x2,976	 x13=0x000003d0
     1069599000	     53378	800094f4	005b86b3	add	x13,x23,x5	 x23:0x00000000  x5:0x0001a000 x13=0x0001a000
     1069819000	     53389	800094f8	023e6333	rem	x6,x28,x3	 x28:0x80021e64  x3:0x00000000  x6=0x80021e64
     1069979000	     53397	800094fc	029735b3	mulhu	x11,x14,x9	 x14:0xe0008ef6  x9:0xe0008799 x11=0xc400f3bd
     1070379000	     53417	80009500	002ef313	andi	x6,x29,2	 x29:0xfffff9da  x6=0x00000002
     1070399000	     53418	80009504	8169	c.srli	x10,0x1a	 x10:0x00000000 x10=0x00000000
     1070519000	     53424	80009506	031a82b3	mul	x5,x21,x17	 x21:0x00000001 x17:0x00000000  x5=0x00000000
     1070539000	     53425	8000950a	002bfc63	bgeu	x23,x2,80009522	 x23:0x00000000  x2:0x00000000
     1071039000	     53450	80009522	3ee62813	slti	x16,x12,1006	 x12:0x80025ce4 x16=0x00000001
     1071059000	     53451	80009526	01b36363	bltu	x6,x27,8000952c	  x6:0x00000002 x27:0x00010000
     1072099000	     53503	8000952c	00e85bb3	srl	x23,x16,x14	 x16:0x00000001 x14:0xe0008ef6 x23=0x00000000
     1072279000	     53512	80009530	280fd797	auipc	x15,0x280fd	 x15=0xa8106530
     1072359000	     53516	80009534	e111	c.bnez	x10,80009538	 x10:0x00000000
     1072379000	     53517	80009536	8f65	c.and	x14,x9	 x14:0xe0008ef6  x9:0xe0008799 x14=0xe0008690
     1072399000	     53518	80009538	85cd	c.srai	x11,0x13	 x11:0xc400f3bd x11=0xfffff880
     1072819000	     53539	8000953a	03e73533	mulhu	x10,x14,x30	 x14:0xe0008690 x30:0x00000000 x10=0x00000000
     1072839000	     53540	8000953e	c191	c.beqz	x11,80009542	 x11:0xfffff880
     1073079000	     53552	80009540	8db1	c.xor	x11,x12	 x11:0xfffff880 x12:0x80025ce4 x11=0x7ffda464
     1073099000	     53553	80009542	6139	c.addi16sp	x2,448	  x2:0x00000000  x2=0x000001c0
     1073119000	     53554	80009544	ffff7417	auipc	x8,0xffff7	  x8=0x80000544
     1073139000	     53555	80009548	e2240413	addi	x8,x8,-478	  x8:0x80000544  x8=0x80000366
     1073259000	     53561	8000954c	00040067	jalr	x0,0(x8)	  x8:0x80000366  x0=0x00000000
     1074279000	     53612	80000366	90000cb7	lui	x25,0x90000	 x25=0x90000000
     1074299000	     53613	8000036a	1ce1	c.addi	x25,-8	 x25:0x90000000 x25=0x8ffffff8
     1074459000	     53621	8000036c	4381	c.li	x7,0	  x7=0x00000000
     1074479000	     53622	8000036e	03a2	c.slli	x7,0x8	  x7:0x00000000  x7=0x00000000
     1074499000	     53623	80000370	0385	c.addi	x7,1	  x7:0x00000000  x7=0x00000001
     1074899000	     53643	80000372	007ca023	sw	x7,0(x25)	 x25:0x8ffffff8  x7:0x00000001 PA:0x8ffffff8 store:0x00000001 load:0xffffffff
     1074919000	     53644	80000376	00000073	ecall	
     1094839000	     54640	80002700	0800006f	jal	x0,80002780	  x0=0x00000000
     1095479000	     54672	80002780	1671	c.addi	x12,-4	 x12:0x80025ce4 x12=0x80025ce0
     1095659000	     54681	80002782	01c62023	sw	x28,0(x12)	 x12:0x80025ce0 x28:0x80021e64 PA:0x80025ce0 store:0x80021e64 load:0xffffffff
     1095679000	     54682	80002786	00060e33	add	x28,x12,x0	 x12:0x80025ce0  x0:0x00000000 x28=0x80025ce0
     1095759000	     54686	8000278a	f80e0e13	addi	x28,x28,-128	 x28:0x80025ce0 x28=0x80025c60
     1095959000	     54696	8000278e	001e2223	sw	x1,4(x28)	 x28:0x80025c60  x1:0x00000000 PA:0x80025c64 store:0x00000000 load:0xffffffff
     1096059000	     54701	80002792	002e2423	sw	x2,8(x28)	 x28:0x80025c60  x2:0x000001c0 PA:0x80025c68 store:0x000001c0 load:0xffffffff
     1096479000	     54722	80002796	003e2623	sw	x3,12(x28)	 x28:0x80025c60  x3:0x00000000 PA:0x80025c6c store:0x00000000 load:0xffffffff
     1096539000	     54725	8000279a	004e2823	sw	x4,16(x28)	 x28:0x80025c60  x4:0x00000000 PA:0x80025c70 store:0x00000000 load:0xffffffff
     1096779000	     54737	8000279e	005e2a23	sw	x5,20(x28)	 x28:0x80025c60  x5:0x00000000 PA:0x80025c74 store:0x00000000 load:0xffffffff
     1096799000	     54738	800027a2	006e2c23	sw	x6,24(x28)	 x28:0x80025c60  x6:0x00000002 PA:0x80025c78 store:0x00000002 load:0xffffffff
     1097059000	     54751	800027a6	007e2e23	sw	x7,28(x28)	 x28:0x80025c60  x7:0x00000001 PA:0x80025c7c store:0x00000001 load:0xffffffff
     1097119000	     54754	800027aa	028e2023	sw	x8,32(x28)	 x28:0x80025c60  x8:0x80000366 PA:0x80025c80 store:0x80000366 load:0xffffffff
     1097139000	     54755	800027ae	029e2223	sw	x9,36(x28)	 x28:0x80025c60  x9:0xe0008799 PA:0x80025c84 store:0xe0008799 load:0xffffffff
     1097159000	     54756	800027b2	02ae2423	sw	x10,40(x28)	 x28:0x80025c60 x10:0x00000000 PA:0x80025c88 store:0x00000000 load:0xffffffff
     1097179000	     54757	800027b6	02be2623	sw	x11,44(x28)	 x28:0x80025c60 x11:0x7ffda464 PA:0x80025c8c store:0x7ffda464 load:0xffffffff
     1097419000	     54769	800027ba	02ce2823	sw	x12,48(x28)	 x28:0x80025c60 x12:0x80025ce0 PA:0x80025c90 store:0x80025ce0 load:0xffffffff
     1097959000	     54796	800027be	02de2a23	sw	x13,52(x28)	 x28:0x80025c60 x13:0x0001a000 PA:0x80025c94 store:0x0001a000 load:0xffffffff
     1097999000	     54798	800027c2	02ee2c23	sw	x14,56(x28)	 x28:0x80025c60 x14:0xe0008690 PA:0x80025c98 store:0xe0008690 load:0xffffffff
     1098019000	     54799	800027c6	02fe2e23	sw	x15,60(x28)	 x28:0x80025c60 x15:0xa8106530 PA:0x80025c9c store:0xa8106530 load:0xffffffff
     1098219000	     54809	800027ca	050e2023	sw	x16,64(x28)	 x28:0x80025c60 x16:0x00000001 PA:0x80025ca0 store:0x00000001 load:0xffffffff
     1098279000	     54812	800027ce	051e2223	sw	x17,68(x28)	 x28:0x80025c60 x17:0x00000000 PA:0x80025ca4 store:0x00000000 load:0xffffffff
     1098299000	     54813	800027d2	052e2423	sw	x18,72(x28)	 x28:0x80025c60 x18:0x00000000 PA:0x80025ca8 store:0x00000000 load:0xffffffff
     1098459000	     54821	800027d6	053e2623	sw	x19,76(x28)	 x28:0x80025c60 x19:0xb969f000 PA:0x80025cac store:0xb969f000 load:0xffffffff
     1098519000	     54824	800027da	054e2823	sw	x20,80(x28)	 x28:0x80025c60 x20:0x00000000 PA:0x80025cb0 store:0x00000000 load:0xffffffff
     1098619000	     54829	800027de	055e2a23	sw	x21,84(x28)	 x28:0x80025c60 x21:0x00000001 PA:0x80025cb4 store:0x00000001 load:0xffffffff
     1098679000	     54832	800027e2	056e2c23	sw	x22,88(x28)	 x28:0x80025c60 x22:0x00000000 PA:0x80025cb8 store:0x00000000 load:0xffffffff
     1098959000	     54846	800027e6	057e2e23	sw	x23,92(x28)	 x28:0x80025c60 x23:0x00000000 PA:0x80025cbc store:0x00000000 load:0xffffffff
     1098979000	     54847	800027ea	078e2023	sw	x24,96(x28)	 x28:0x80025c60 x24:0xb39c149e PA:0x80025cc0 store:0xb39c149e load:0xffffffff
     1098999000	     54848	800027ee	079e2223	sw	x25,100(x28)	 x28:0x80025c60 x25:0x8ffffff8 PA:0x80025cc4 store:0x8ffffff8 load:0xffffffff
     1099219000	     54859	800027f2	07ae2423	sw	x26,104(x28)	 x28:0x80025c60 x26:0x00000001 PA:0x80025cc8 store:0x00000001 load:0xffffffff
     1099359000	     54866	800027f6	07be2623	sw	x27,108(x28)	 x28:0x80025c60 x27:0x00010000 PA:0x80025ccc store:0x00010000 load:0xffffffff
     1099539000	     54875	800027fa	07ce2823	sw	x28,112(x28)	 x28:0x80025c60 x28:0x80025c60 PA:0x80025cd0 store:0x80025c60 load:0xffffffff
     1100179000	     54907	800027fe	07de2a23	sw	x29,116(x28)	 x28:0x80025c60 x29:0xfffff9da PA:0x80025cd4 store:0xfffff9da load:0xffffffff
     1100239000	     54910	80002802	07ee2c23	sw	x30,120(x28)	 x28:0x80025c60 x30:0x00000000 PA:0x80025cd8 store:0x00000000 load:0xffffffff
     1100659000	     54931	80002806	07fe2e23	sw	x31,124(x28)	 x28:0x80025c60 x31:0x6d1a6000 PA:0x80025cdc store:0x6d1a6000 load:0xffffffff
     1100679000	     54932	8000280a	000e0633	add	x12,x28,x0	 x28:0x80025c60  x0:0x00000000 x12=0x80025c60
     1100699000	     54933	8000280e	90000cb7	lui	x25,0x90000	 x25=0x90000000
     1100719000	     54934	80002812	1cf1	c.addi	x25,-4	 x25:0x90000000 x25=0x8ffffffc
     1100739000	     54935	80002814	43a1	c.li	x7,8	  x7=0x00000008
     1100759000	     54936	80002816	03a2	c.slli	x7,0x8	  x7:0x00000008  x7=0x00000800
     1100779000	     54937	80002818	00038393	addi	x7,x7,0	  x7:0x00000800  x7=0x00000800
     1100879000	     54942	8000281c	007ca023	sw	x7,0(x25)	 x25:0x8ffffffc  x7:0x00000800 PA:0x8ffffffc store:0x00000800 load:0xffffffff
     1100899000	     54943	80002820	341023f3	csrrs	x7,mepc,x0	  x0:0x00000000  x7=0x80000376
     1101019000	     54949	80002824	342023f3	csrrs	x7,mcause,x0	  x0:0x00000000  x7=0x00000008
     1101039000	     54950	80002828	4c8d	c.li	x25,3	 x25=0x00000003
     1101139000	     54955	8000282a	01939463	bne	x7,x25,80002832	  x7:0x00000008 x25:0x00000003
     1101679000	     54982	80002832	4ca1	c.li	x25,8	 x25=0x00000008
     1101819000	     54989	80002834	05938d63	beq	x7,x25,8000288e	  x7:0x00000008 x25:0x00000008
     1103219000	     55059	8000288e	90000cb7	lui	x25,0x90000	 x25=0x90000000
     1103239000	     55060	80002892	1cf1	c.addi	x25,-4	 x25:0x90000000 x25=0x8ffffffc
     1103259000	     55061	80002894	6385	c.lui	x7,0x1	  x7=0x00001000
     1103279000	     55062	80002896	b0038393	addi	x7,x7,-1280	  x7:0x00001000  x7=0x00000b00
     1103299000	     55063	8000289a	03a2	c.slli	x7,0x8	  x7:0x00000b00  x7=0x000b0000
     1103319000	     55064	8000289c	038d	c.addi	x7,3	  x7:0x000b0000  x7=0x000b0003
     1103679000	     55082	8000289e	007ca023	sw	x7,0(x25)	 x25:0x8ffffffc  x7:0x000b0003 PA:0x8ffffffc store:0x000b0003 load:0xffffffff
     1103699000	     55083	800028a2	b00023f3	csrrs	x7,mcycle,x0	  x0:0x00000000  x7=0x0000d728
     1103919000	     55094	800028a6	007ca023	sw	x7,0(x25)	 x25:0x8ffffffc  x7:0x0000d728 PA:0x8ffffffc store:0x0000d728 load:0xffffffff
     1104179000	     55107	800028aa	90000cb7	lui	x25,0x90000	 x25=0x90000000
     1104199000	     55108	800028ae	1cf1	c.addi	x25,-4	 x25:0x90000000 x25=0x8ffffffc
     1104219000	     55109	800028b0	6385	c.lui	x7,0x1	  x7=0x00001000
     1104259000	     55111	800028b2	b8038393	addi	x7,x7,-1152	  x7:0x00001000  x7=0x00000b80
     1104279000	     55112	800028b6	03a2	c.slli	x7,0x8	  x7:0x00000b80  x7=0x000b8000
     1104399000	     55118	800028b8	038d	c.addi	x7,3	  x7:0x000b8000  x7=0x000b8003
     1104859000	     55141	800028ba	007ca023	sw	x7,0(x25)	 x25:0x8ffffffc  x7:0x000b8003 PA:0x8ffffffc store:0x000b8003 load:0xffffffff
     1104879000	     55142	800028be	b80023f3	csrrs	x7,mcycleh,x0	  x0:0x00000000  x7=0x00000000
     1105139000	     55155	800028c2	007ca023	sw	x7,0(x25)	 x25:0x8ffffffc  x7:0x00000000 PA:0x8ffffffc store:0x00000000 load:0xffffffff
     1105159000	     55156	800028c6	90000cb7	lui	x25,0x90000	 x25=0x90000000
     1105179000	     55157	800028ca	1cf1	c.addi	x25,-4	 x25:0x90000000 x25=0x8ffffffc
     1105199000	     55158	800028cc	6385	c.lui	x7,0x1	  x7=0x00001000
     1105219000	     55159	800028ce	b0338393	addi	x7,x7,-1277	  x7:0x00001000  x7=0x00000b03
     1105239000	     55160	800028d2	03a2	c.slli	x7,0x8	  x7:0x00000b03  x7=0x000b0300
     1105259000	     55161	800028d4	038d	c.addi	x7,3	  x7:0x000b0300  x7=0x000b0303
     1105419000	     55169	800028d6	007ca023	sw	x7,0(x25)	 x25:0x8ffffffc  x7:0x000b0303 PA:0x8ffffffc store:0x000b0303 load:0xffffffff
     1105439000	     55170	800028da	b03023f3	csrrs	x7,mhpmcounter3,x0	  x0:0x00000000  x7=0x0000008a
     1105499000	     55173	800028de	007ca023	sw	x7,0(x25)	 x25:0x8ffffffc  x7:0x0000008a PA:0x8ffffffc store:0x0000008a load:0xffffffff
     1105739000	     55185	800028e2	90000cb7	lui	x25,0x90000	 x25=0x90000000
     1105759000	     55186	800028e6	1cf1	c.addi	x25,-4	 x25:0x90000000 x25=0x8ffffffc
     1105779000	     55187	800028e8	6385	c.lui	x7,0x1	  x7=0x00001000
     1105799000	     55188	800028ea	b8338393	addi	x7,x7,-1149	  x7:0x00001000  x7=0x00000b83
     1105819000	     55189	800028ee	03a2	c.slli	x7,0x8	  x7:0x00000b83  x7=0x000b8300
     1106059000	     55201	800028f0	038d	c.addi	x7,3	  x7:0x000b8300  x7=0x000b8303
     1106179000	     55207	800028f2	007ca023	sw	x7,0(x25)	 x25:0x8ffffffc  x7:0x000b8303 PA:0x8ffffffc store:0x000b8303 load:0xffffffff
     1106199000	     55208	800028f6	b83023f3	csrrs	x7,mhpmcounter3h,x0	  x0:0x00000000  x7=0x00000000
     1106479000	     55222	800028fa	007ca023	sw	x7,0(x25)	 x25:0x8ffffffc  x7:0x00000000 PA:0x8ffffffc store:0x00000000 load:0xffffffff
     1106499000	     55223	800028fe	90000cb7	lui	x25,0x90000	 x25=0x90000000
     1106519000	     55224	80002902	1cf1	c.addi	x25,-4	 x25:0x90000000 x25=0x8ffffffc
     1106539000	     55225	80002904	6385	c.lui	x7,0x1	  x7=0x00001000
     1106759000	     55236	80002906	b0438393	addi	x7,x7,-1276	  x7:0x00001000  x7=0x00000b04
     1106779000	     55237	8000290a	03a2	c.slli	x7,0x8	  x7:0x00000b04  x7=0x000b0400
     1106919000	     55244	8000290c	038d	c.addi	x7,3	  x7:0x000b0400  x7=0x000b0403
     1106979000	     55247	8000290e	007ca023	sw	x7,0(x25)	 x25:0x8ffffffc  x7:0x000b0403 PA:0x8ffffffc store:0x000b0403 load:0xffffffff
     1107019000	     55249	80002912	b04023f3	csrrs	x7,mhpmcounter4,x0	  x0:0x00000000  x7=0x000067c7
     1107379000	     55267	80002916	007ca023	sw	x7,0(x25)	 x25:0x8ffffffc  x7:0x000067c7 PA:0x8ffffffc store:0x000067c7 load:0xffffffff
     1107399000	     55268	8000291a	90000cb7	lui	x25,0x90000	 x25=0x90000000
     1107419000	     55269	8000291e	1cf1	c.addi	x25,-4	 x25:0x90000000 x25=0x8ffffffc
     1107439000	     55270	80002920	6385	c.lui	x7,0x1	  x7=0x00001000
     1107459000	     55271	80002922	b8438393	addi	x7,x7,-1148	  x7:0x00001000  x7=0x00000b84
     1107479000	     55272	80002926	03a2	c.slli	x7,0x8	  x7:0x00000b84  x7=0x000b8400
     1107819000	     55289	80002928	038d	c.addi	x7,3	  x7:0x000b8400  x7=0x000b8403
     1108119000	     55304	8000292a	007ca023	sw	x7,0(x25)	 x25:0x8ffffffc  x7:0x000b8403 PA:0x8ffffffc store:0x000b8403 load:0xffffffff
     1108279000	     55312	8000292e	b84023f3	csrrs	x7,mhpmcounter4h,x0	  x0:0x00000000  x7=0x00000000
     1108719000	     55334	80002932	007ca023	sw	x7,0(x25)	 x25:0x8ffffffc  x7:0x00000000 PA:0x8ffffffc store:0x00000000 load:0xffffffff
     1108739000	     55335	80002936	90000cb7	lui	x25,0x90000	 x25=0x90000000
     1108759000	     55336	8000293a	1cf1	c.addi	x25,-4	 x25:0x90000000 x25=0x8ffffffc
     1108779000	     55337	8000293c	6385	c.lui	x7,0x1	  x7=0x00001000
     1108799000	     55338	8000293e	b0538393	addi	x7,x7,-1275	  x7:0x00001000  x7=0x00000b05
     1108819000	     55339	80002942	03a2	c.slli	x7,0x8	  x7:0x00000b05  x7=0x000b0500
     1108839000	     55340	80002944	038d	c.addi	x7,3	  x7:0x000b0500  x7=0x000b0503
     1109239000	     55360	80002946	007ca023	sw	x7,0(x25)	 x25:0x8ffffffc  x7:0x000b0503 PA:0x8ffffffc store:0x000b0503 load:0xffffffff
     1109259000	     55361	8000294a	b05023f3	csrrs	x7,mhpmcounter5,x0	  x0:0x00000000  x7=0x00000000
     1109319000	     55364	8000294e	007ca023	sw	x7,0(x25)	 x25:0x8ffffffc  x7:0x00000000 PA:0x8ffffffc store:0x00000000 load:0xffffffff
     1109339000	     55365	80002952	90000cb7	lui	x25,0x90000	 x25=0x90000000
     1109359000	     55366	80002956	1cf1	c.addi	x25,-4	 x25:0x90000000 x25=0x8ffffffc
     1109699000	     55383	80002958	6385	c.lui	x7,0x1	  x7=0x00001000
     1110119000	     55404	8000295a	b8538393	addi	x7,x7,-1147	  x7:0x00001000  x7=0x00000b85
     1110139000	     55405	8000295e	03a2	c.slli	x7,0x8	  x7:0x00000b85  x7=0x000b8500
     1110259000	     55411	80002960	038d	c.addi	x7,3	  x7:0x000b8500  x7=0x000b8503
     1110319000	     55414	80002962	007ca023	sw	x7,0(x25)	 x25:0x8ffffffc  x7:0x000b8503 PA:0x8ffffffc store:0x000b8503 load:0xffffffff
     1110339000	     55415	80002966	b85023f3	csrrs	x7,mhpmcounter5h,x0	  x0:0x00000000  x7=0x00000000
     1110719000	     55434	8000296a	007ca023	sw	x7,0(x25)	 x25:0x8ffffffc  x7:0x00000000 PA:0x8ffffffc store:0x00000000 load:0xffffffff
     1110739000	     55435	8000296e	90000cb7	lui	x25,0x90000	 x25=0x90000000
     1110759000	     55436	80002972	1cf1	c.addi	x25,-4	 x25:0x90000000 x25=0x8ffffffc
     1110779000	     55437	80002974	6385	c.lui	x7,0x1	  x7=0x00001000
     1110919000	     55444	80002976	b0638393	addi	x7,x7,-1274	  x7:0x00001000  x7=0x00000b06
     1110939000	     55445	8000297a	03a2	c.slli	x7,0x8	  x7:0x00000b06  x7=0x000b0600
     1110959000	     55446	8000297c	038d	c.addi	x7,3	  x7:0x000b0600  x7=0x000b0603
     1111599000	     55478	8000297e	007ca023	sw	x7,0(x25)	 x25:0x8ffffffc  x7:0x000b0603 PA:0x8ffffffc store:0x000b0603 load:0xffffffff
     1111619000	     55479	80002982	b06023f3	csrrs	x7,mhpmcounter6,x0	  x0:0x00000000  x7=0x00000038
     1111799000	     55488	80002986	007ca023	sw	x7,0(x25)	 x25:0x8ffffffc  x7:0x00000038 PA:0x8ffffffc store:0x00000038 load:0xffffffff
     1111819000	     55489	8000298a	90000cb7	lui	x25,0x90000	 x25=0x90000000
     1111839000	     55490	8000298e	1cf1	c.addi	x25,-4	 x25:0x90000000 x25=0x8ffffffc
     1111859000	     55491	80002990	6385	c.lui	x7,0x1	  x7=0x00001000
     1111879000	     55492	80002992	b8638393	addi	x7,x7,-1146	  x7:0x00001000  x7=0x00000b86
     1111899000	     55493	80002996	03a2	c.slli	x7,0x8	  x7:0x00000b86  x7=0x000b8600
     1111919000	     55494	80002998	038d	c.addi	x7,3	  x7:0x000b8600  x7=0x000b8603
     1112719000	     55534	8000299a	007ca023	sw	x7,0(x25)	 x25:0x8ffffffc  x7:0x000b8603 PA:0x8ffffffc store:0x000b8603 load:0xffffffff
     1112739000	     55535	8000299e	b86023f3	csrrs	x7,mhpmcounter6h,x0	  x0:0x00000000  x7=0x00000000
     1112979000	     55547	800029a2	007ca023	sw	x7,0(x25)	 x25:0x8ffffffc  x7:0x00000000 PA:0x8ffffffc store:0x00000000 load:0xffffffff
     1112999000	     55548	800029a6	90000cb7	lui	x25,0x90000	 x25=0x90000000
     1113019000	     55549	800029aa	1cf1	c.addi	x25,-4	 x25:0x90000000 x25=0x8ffffffc
     1113039000	     55550	800029ac	6385	c.lui	x7,0x1	  x7=0x00001000
     1113059000	     55551	800029ae	b0738393	addi	x7,x7,-1273	  x7:0x00001000  x7=0x00000b07
     1113079000	     55552	800029b2	03a2	c.slli	x7,0x8	  x7:0x00000b07  x7=0x000b0700
     1113099000	     55553	800029b4	038d	c.addi	x7,3	  x7:0x000b0700  x7=0x000b0703
     1113159000	     55556	800029b6	007ca023	sw	x7,0(x25)	 x25:0x8ffffffc  x7:0x000b0703 PA:0x8ffffffc store:0x000b0703 load:0xffffffff
     1113179000	     55557	800029ba	b07023f3	csrrs	x7,mhpmcounter7,x0	  x0:0x00000000  x7=0x0000005c
     1113199000	     55558	800029be	007ca023	sw	x7,0(x25)	 x25:0x8ffffffc  x7:0x0000005c PA:0x8ffffffc store:0x0000005c load:0xffffffff
     1113639000	     55580	800029c2	90000cb7	lui	x25,0x90000	 x25=0x90000000
     1113659000	     55581	800029c6	1cf1	c.addi	x25,-4	 x25:0x90000000 x25=0x8ffffffc
     1113759000	     55586	800029c8	6385	c.lui	x7,0x1	  x7=0x00001000
     1113919000	     55594	800029ca	b8738393	addi	x7,x7,-1145	  x7:0x00001000  x7=0x00000b87
     1113939000	     55595	800029ce	03a2	c.slli	x7,0x8	  x7:0x00000b87  x7=0x000b8700
     1113959000	     55596	800029d0	038d	c.addi	x7,3	  x7:0x000b8700  x7=0x000b8703
     1114019000	     55599	800029d2	007ca023	sw	x7,0(x25)	 x25:0x8ffffffc  x7:0x000b8703 PA:0x8ffffffc store:0x000b8703 load:0xffffffff
     1114079000	     55602	800029d6	b87023f3	csrrs	x7,mhpmcounter7h,x0	  x0:0x00000000  x7=0x00000000
     1114259000	     55611	800029da	007ca023	sw	x7,0(x25)	 x25:0x8ffffffc  x7:0x00000000 PA:0x8ffffffc store:0x00000000 load:0xffffffff
     1114279000	     55612	800029de	90000cb7	lui	x25,0x90000	 x25=0x90000000
     1114299000	     55613	800029e2	1cf1	c.addi	x25,-4	 x25:0x90000000 x25=0x8ffffffc
     1114319000	     55614	800029e4	6385	c.lui	x7,0x1	  x7=0x00001000
     1114519000	     55624	800029e6	b0838393	addi	x7,x7,-1272	  x7:0x00001000  x7=0x00000b08
     1114539000	     55625	800029ea	03a2	c.slli	x7,0x8	  x7:0x00000b08  x7=0x000b0800
     1114939000	     55645	800029ec	038d	c.addi	x7,3	  x7:0x000b0800  x7=0x000b0803
     1115179000	     55657	800029ee	007ca023	sw	x7,0(x25)	 x25:0x8ffffffc  x7:0x000b0803 PA:0x8ffffffc store:0x000b0803 load:0xffffffff
     1115199000	     55658	800029f2	b08023f3	csrrs	x7,mhpmcounter8,x0	  x0:0x00000000  x7=0x000002a4
     1115459000	     55671	800029f6	007ca023	sw	x7,0(x25)	 x25:0x8ffffffc  x7:0x000002a4 PA:0x8ffffffc store:0x000002a4 load:0xffffffff
     1115479000	     55672	800029fa	90000cb7	lui	x25,0x90000	 x25=0x90000000
     1115499000	     55673	800029fe	1cf1	c.addi	x25,-4	 x25:0x90000000 x25=0x8ffffffc
     1115519000	     55674	80002a00	6385	c.lui	x7,0x1	  x7=0x00001000
     1115799000	     55688	80002a02	b8838393	addi	x7,x7,-1144	  x7:0x00001000  x7=0x00000b88
     1115819000	     55689	80002a06	03a2	c.slli	x7,0x8	  x7:0x00000b88  x7=0x000b8800
     1115879000	     55692	80002a08	038d	c.addi	x7,3	  x7:0x000b8800  x7=0x000b8803
     1116079000	     55702	80002a0a	007ca023	sw	x7,0(x25)	 x25:0x8ffffffc  x7:0x000b8803 PA:0x8ffffffc store:0x000b8803 load:0xffffffff
     1116459000	     55721	80002a0e	b88023f3	csrrs	x7,mhpmcounter8h,x0	  x0:0x00000000  x7=0x00000000
     1117059000	     55751	80002a12	007ca023	sw	x7,0(x25)	 x25:0x8ffffffc  x7:0x00000000 PA:0x8ffffffc store:0x00000000 load:0xffffffff
     1117079000	     55752	80002a16	90000cb7	lui	x25,0x90000	 x25=0x90000000
     1117099000	     55753	80002a1a	1cf1	c.addi	x25,-4	 x25:0x90000000 x25=0x8ffffffc
     1117119000	     55754	80002a1c	6385	c.lui	x7,0x1	  x7=0x00001000
     1117139000	     55755	80002a1e	b0938393	addi	x7,x7,-1271	  x7:0x00001000  x7=0x00000b09
     1117159000	     55756	80002a22	03a2	c.slli	x7,0x8	  x7:0x00000b09  x7=0x000b0900
     1117179000	     55757	80002a24	038d	c.addi	x7,3	  x7:0x000b0900  x7=0x000b0903
     1117239000	     55760	80002a26	007ca023	sw	x7,0(x25)	 x25:0x8ffffffc  x7:0x000b0903 PA:0x8ffffffc store:0x000b0903 load:0xffffffff
     1117259000	     55761	80002a2a	b09023f3	csrrs	x7,mhpmcounter9,x0	  x0:0x00000000  x7=0x00000147
     1117479000	     55772	80002a2e	007ca023	sw	x7,0(x25)	 x25:0x8ffffffc  x7:0x00000147 PA:0x8ffffffc store:0x00000147 load:0xffffffff
     1117499000	     55773	80002a32	90000cb7	lui	x25,0x90000	 x25=0x90000000
     1117519000	     55774	80002a36	1cf1	c.addi	x25,-4	 x25:0x90000000 x25=0x8ffffffc
     1117539000	     55775	80002a38	6385	c.lui	x7,0x1	  x7=0x00001000
     1117559000	     55776	80002a3a	b8938393	addi	x7,x7,-1143	  x7:0x00001000  x7=0x00000b89
     1117579000	     55777	80002a3e	03a2	c.slli	x7,0x8	  x7:0x00000b89  x7=0x000b8900
     1117599000	     55778	80002a40	038d	c.addi	x7,3	  x7:0x000b8900  x7=0x000b8903
     1117739000	     55785	80002a42	007ca023	sw	x7,0(x25)	 x25:0x8ffffffc  x7:0x000b8903 PA:0x8ffffffc store:0x000b8903 load:0xffffffff
     1117759000	     55786	80002a46	b89023f3	csrrs	x7,mhpmcounter9h,x0	  x0:0x00000000  x7=0x00000000
     1117979000	     55797	80002a4a	007ca023	sw	x7,0(x25)	 x25:0x8ffffffc  x7:0x00000000 PA:0x8ffffffc store:0x00000000 load:0xffffffff
     1117999000	     55798	80002a4e	90000cb7	lui	x25,0x90000	 x25=0x90000000
     1118019000	     55799	80002a52	1cf1	c.addi	x25,-4	 x25:0x90000000 x25=0x8ffffffc
     1118039000	     55800	80002a54	6385	c.lui	x7,0x1	  x7=0x00001000
     1118059000	     55801	80002a56	b0a38393	addi	x7,x7,-1270	  x7:0x00001000  x7=0x00000b0a
     1118079000	     55802	80002a5a	03a2	c.slli	x7,0x8	  x7:0x00000b0a  x7=0x000b0a00
     1118099000	     55803	80002a5c	038d	c.addi	x7,3	  x7:0x000b0a00  x7=0x000b0a03
     1118159000	     55806	80002a5e	007ca023	sw	x7,0(x25)	 x25:0x8ffffffc  x7:0x000b0a03 PA:0x8ffffffc store:0x000b0a03 load:0xffffffff
     1118179000	     55807	80002a62	b0a023f3	csrrs	x7,mhpmcounter10,x0	  x0:0x00000000  x7=0x000006cc
     1118199000	     55808	80002a66	007ca023	sw	x7,0(x25)	 x25:0x8ffffffc  x7:0x000006cc PA:0x8ffffffc store:0x000006cc load:0xffffffff
     1118579000	     55827	80002a6a	90000cb7	lui	x25,0x90000	 x25=0x90000000
     1118599000	     55828	80002a6e	1cf1	c.addi	x25,-4	 x25:0x90000000 x25=0x8ffffffc
     1118619000	     55829	80002a70	6385	c.lui	x7,0x1	  x7=0x00001000
     1119019000	     55849	80002a72	b8a38393	addi	x7,x7,-1142	  x7:0x00001000  x7=0x00000b8a
     1119039000	     55850	80002a76	03a2	c.slli	x7,0x8	  x7:0x00000b8a  x7=0x000b8a00
     1119059000	     55851	80002a78	038d	c.addi	x7,3	  x7:0x000b8a00  x7=0x000b8a03
     1119339000	     55865	80002a7a	007ca023	sw	x7,0(x25)	 x25:0x8ffffffc  x7:0x000b8a03 PA:0x8ffffffc store:0x000b8a03 load:0xffffffff
     1119419000	     55869	80002a7e	b8a023f3	csrrs	x7,mhpmcounter10h,x0	  x0:0x00000000  x7=0x00000000
     1119619000	     55879	80002a82	007ca023	sw	x7,0(x25)	 x25:0x8ffffffc  x7:0x00000000 PA:0x8ffffffc store:0x00000000 load:0xffffffff
     1119679000	     55882	80002a86	90000cb7	lui	x25,0x90000	 x25=0x90000000
     1119699000	     55883	80002a8a	1cf1	c.addi	x25,-4	 x25:0x90000000 x25=0x8ffffffc
     1119999000	     55898	80002a8c	6385	c.lui	x7,0x1	  x7=0x00001000
     1120019000	     55899	80002a8e	b0b38393	addi	x7,x7,-1269	  x7:0x00001000  x7=0x00000b0b
     1120039000	     55900	80002a92	03a2	c.slli	x7,0x8	  x7:0x00000b0b  x7=0x000b0b00
     1120059000	     55901	80002a94	038d	c.addi	x7,3	  x7:0x000b0b00  x7=0x000b0b03
     1120639000	     55930	80002a96	007ca023	sw	x7,0(x25)	 x25:0x8ffffffc  x7:0x000b0b03 PA:0x8ffffffc store:0x000b0b03 load:0xffffffff
     1120859000	     55941	80002a9a	b0b023f3	csrrs	x7,mhpmcounter11,x0	  x0:0x00000000  x7=0x000000f9
     1121499000	     55973	80002a9e	007ca023	sw	x7,0(x25)	 x25:0x8ffffffc  x7:0x000000f9 PA:0x8ffffffc store:0x000000f9 load:0xffffffff
     1121519000	     55974	80002aa2	90000cb7	lui	x25,0x90000	 x25=0x90000000
     1121539000	     55975	80002aa6	1cf1	c.addi	x25,-4	 x25:0x90000000 x25=0x8ffffffc
     1121719000	     55984	80002aa8	6385	c.lui	x7,0x1	  x7=0x00001000
     1121739000	     55985	80002aaa	b8b38393	addi	x7,x7,-1141	  x7:0x00001000  x7=0x00000b8b
     1121759000	     55986	80002aae	03a2	c.slli	x7,0x8	  x7:0x00000b8b  x7=0x000b8b00
     1121879000	     55992	80002ab0	038d	c.addi	x7,3	  x7:0x000b8b00  x7=0x000b8b03
     1121939000	     55995	80002ab2	007ca023	sw	x7,0(x25)	 x25:0x8ffffffc  x7:0x000b8b03 PA:0x8ffffffc store:0x000b8b03 load:0xffffffff
     1122039000	     56000	80002ab6	b8b023f3	csrrs	x7,mhpmcounter11h,x0	  x0:0x00000000  x7=0x00000000
     1122159000	     56006	80002aba	007ca023	sw	x7,0(x25)	 x25:0x8ffffffc  x7:0x00000000 PA:0x8ffffffc store:0x00000000 load:0xffffffff
     1122179000	     56007	80002abe	90000cb7	lui	x25,0x90000	 x25=0x90000000
     1122199000	     56008	80002ac2	1cf1	c.addi	x25,-4	 x25:0x90000000 x25=0x8ffffffc
     1122219000	     56009	80002ac4	6385	c.lui	x7,0x1	  x7=0x00001000
     1122459000	     56021	80002ac6	b0c38393	addi	x7,x7,-1268	  x7:0x00001000  x7=0x00000b0c
     1122479000	     56022	80002aca	03a2	c.slli	x7,0x8	  x7:0x00000b0c  x7=0x000b0c00
     1122499000	     56023	80002acc	038d	c.addi	x7,3	  x7:0x000b0c00  x7=0x000b0c03
     1122979000	     56047	80002ace	007ca023	sw	x7,0(x25)	 x25:0x8ffffffc  x7:0x000b0c03 PA:0x8ffffffc store:0x000b0c03 load:0xffffffff
     1122999000	     56048	80002ad2	b0c023f3	csrrs	x7,mhpmcounter12,x0	  x0:0x00000000  x7=0x00002213
     1123059000	     56051	80002ad6	007ca023	sw	x7,0(x25)	 x25:0x8ffffffc  x7:0x00002213 PA:0x8ffffffc store:0x00002213 load:0xffffffff
     1123199000	     56058	80002ada	90000cb7	lui	x25,0x90000	 x25=0x90000000
     1123219000	     56059	80002ade	1cf1	c.addi	x25,-4	 x25:0x90000000 x25=0x8ffffffc
     1123279000	     56062	80002ae0	6385	c.lui	x7,0x1	  x7=0x00001000
     1123479000	     56072	80002ae2	b8c38393	addi	x7,x7,-1140	  x7:0x00001000  x7=0x00000b8c
     1123499000	     56073	80002ae6	03a2	c.slli	x7,0x8	  x7:0x00000b8c  x7=0x000b8c00
     1123519000	     56074	80002ae8	038d	c.addi	x7,3	  x7:0x000b8c00  x7=0x000b8c03
     1124039000	     56100	80002aea	007ca023	sw	x7,0(x25)	 x25:0x8ffffffc  x7:0x000b8c03 PA:0x8ffffffc store:0x000b8c03 load:0xffffffff
     1124079000	     56102	80002aee	b8c023f3	csrrs	x7,mhpmcounter12h,x0	  x0:0x00000000  x7=0x00000000
     1124319000	     56114	80002af2	007ca023	sw	x7,0(x25)	 x25:0x8ffffffc  x7:0x00000000 PA:0x8ffffffc store:0x00000000 load:0xffffffff
     1124339000	     56115	80002af6	ffffd397	auipc	x7,0xffffd	  x7=0x7ffffaf6
     1124699000	     56133	80002afa	58a38393	addi	x7,x7,1418	  x7:0x7ffffaf6  x7=0x80000080
     1124759000	     56136	80002afe	0003a023	sw	x0,0(x7)	  x7:0x80000080  x0:0x00000000 PA:0x80000080 store:0x00000000 load:0xffffffff
     1124779000	     56137	80002b02	0013a223	sw	x1,4(x7)	  x7:0x80000080  x1:0x00000000 PA:0x80000084 store:0x00000000 load:0xffffffff
     1124799000	     56138	80002b06	0023a423	sw	x2,8(x7)	  x7:0x80000080  x2:0x000001c0 PA:0x80000088 store:0x000001c0 load:0xffffffff
     1125459000	     56171	80002b0a	0033a623	sw	x3,12(x7)	  x7:0x80000080  x3:0x00000000 PA:0x8000008c store:0x00000000 load:0xffffffff
     1125519000	     56174	80002b0e	0043a823	sw	x4,16(x7)	  x7:0x80000080  x4:0x00000000 PA:0x80000090 store:0x00000000 load:0xffffffff
