Time	Cycle	PC	Insn	Decoded instruction	Register and memory contents
        1055000	         6	80000080	400013b7	lui	x7,0x40001	  x7=0x40001000
        1065000	         7	80000084	10638393	addi	x7,x7,262	  x7:0x40001000  x7=0x40001106
        1075000	         8	80000088	30139073	csrrw	x0,misa,x7	  x7:0x40001106  x0=0x00000000
        1105000	        11	8000008c	00026617	auipc	x12,0x26	 x12=0x8002608c
        1115000	        12	80000090	c5860613	addi	x12,x12,-936	 x12:0x8002608c x12=0x80025ce4
        1125000	        13	80000094	00002397	auipc	x7,0x2	  x7=0x80002094
        1135000	        14	80000098	66c38393	addi	x7,x7,1644	  x7:0x80002094  x7=0x80002700
        1145000	        15	8000009c	0013e393	ori	x7,x7,1	  x7:0x80002700  x7=0x80002701
        1155000	        16	800000a0	30539073	csrrw	x0,mtvec,x7	  x7:0x80002701  x0=0x00000000
        1185000	        19	800000a4	74725073	csrrwi	x0,0x747,4	  x0=0x00000000
        1215000	        22	800000a8	00003417	auipc	x8,0x3	  x8=0x800030a8
        1225000	        23	800000ac	41440413	addi	x8,x8,1044	  x8:0x800030a8  x8=0x800034bc
        1235000	        24	800000b0	4381	c.li	x7,0	  x7=0x00000000
        1245000	        25	800000b2	941e	c.add	x8,x7	  x8:0x800034bc  x7:0x00000000  x8=0x800034bc
        1255000	        26	800000b4	8009	c.srli	x8,0x2	  x8:0x800034bc  x8=0x20000d2f
        1265000	        27	800000b6	3b041073	csrrw	x0,pmpaddr0,x8	  x8:0x20000d2f  x0=0x00000000
        1295000	        30	800000ba	00003417	auipc	x8,0x3	  x8=0x800030ba
        1305000	        31	800000be	40240413	addi	x8,x8,1026	  x8:0x800030ba  x8=0x800034bc
        1315000	        32	800000c2	111113b7	lui	x7,0x11111	  x7=0x11111000
        1325000	        33	800000c6	11138393	addi	x7,x7,273	  x7:0x11111000  x7=0x11111111
        1335000	        34	800000ca	941e	c.add	x8,x7	  x8:0x800034bc  x7:0x11111111  x8=0x911145cd
        1345000	        35	800000cc	8009	c.srli	x8,0x2	  x8:0x911145cd  x8=0x24445173
        1355000	        36	800000ce	3b141073	csrrw	x0,pmpaddr1,x8	  x8:0x24445173  x0=0x00000000
        1385000	        39	800000d2	00003417	auipc	x8,0x3	  x8=0x800030d2
        1395000	        40	800000d6	3ea40413	addi	x8,x8,1002	  x8:0x800030d2  x8=0x800034bc
        1405000	        41	800000da	222223b7	lui	x7,0x22222	  x7=0x22222000
        1415000	        42	800000de	22238393	addi	x7,x7,546	  x7:0x22222000  x7=0x22222222
        1425000	        43	800000e2	941e	c.add	x8,x7	  x8:0x800034bc  x7:0x22222222  x8=0xa22256de
        1435000	        44	800000e4	8009	c.srli	x8,0x2	  x8:0xa22256de  x8=0x288895b7
        1445000	        45	800000e6	3b241073	csrrw	x0,pmpaddr2,x8	  x8:0x288895b7  x0=0x00000000
        1475000	        48	800000ea	00003417	auipc	x8,0x3	  x8=0x800030ea
        1485000	        49	800000ee	3d240413	addi	x8,x8,978	  x8:0x800030ea  x8=0x800034bc
        1495000	        50	800000f2	333333b7	lui	x7,0x33333	  x7=0x33333000
        1505000	        51	800000f6	33338393	addi	x7,x7,819	  x7:0x33333000  x7=0x33333333
        1515000	        52	800000fa	941e	c.add	x8,x7	  x8:0x800034bc  x7:0x33333333  x8=0xb33367ef
        1525000	        53	800000fc	8009	c.srli	x8,0x2	  x8:0xb33367ef  x8=0x2cccd9fb
        1535000	        54	800000fe	3b341073	csrrw	x0,pmpaddr3,x8	  x8:0x2cccd9fb  x0=0x00000000
        1565000	        57	80000102	0f0f1437	lui	x8,0xf0f1	  x8=0x0f0f1000
        1575000	        58	80000106	f0f40413	addi	x8,x8,-241	  x8:0x0f0f1000  x8=0x0f0f0f0f
        1585000	        59	8000010a	3a041073	csrrw	x0,pmpcfg0,x8	  x8:0x0f0f0f0f  x0=0x00000000
        1615000	        62	8000010e	00003417	auipc	x8,0x3	  x8=0x8000310e
        1625000	        63	80000112	3ae40413	addi	x8,x8,942	  x8:0x8000310e  x8=0x800034bc
        1635000	        64	80000116	444443b7	lui	x7,0x44444	  x7=0x44444000
        1645000	        65	8000011a	44438393	addi	x7,x7,1092	  x7:0x44444000  x7=0x44444444
        1655000	        66	8000011e	941e	c.add	x8,x7	  x8:0x800034bc  x7:0x44444444  x8=0xc4447900
        1665000	        67	80000120	8009	c.srli	x8,0x2	  x8:0xc4447900  x8=0x31111e40
        1675000	        68	80000122	3b441073	csrrw	x0,pmpaddr4,x8	  x8:0x31111e40  x0=0x00000000
        1705000	        71	80000126	00003417	auipc	x8,0x3	  x8=0x80003126
        1715000	        72	8000012a	39640413	addi	x8,x8,918	  x8:0x80003126  x8=0x800034bc
        1725000	        73	8000012e	555553b7	lui	x7,0x55555	  x7=0x55555000
        1735000	        74	80000132	55538393	addi	x7,x7,1365	  x7:0x55555000  x7=0x55555555
        1745000	        75	80000136	941e	c.add	x8,x7	  x8:0x800034bc  x7:0x55555555  x8=0xd5558a11
        1755000	        76	80000138	8009	c.srli	x8,0x2	  x8:0xd5558a11  x8=0x35556284
        1765000	        77	8000013a	3b541073	csrrw	x0,pmpaddr5,x8	  x8:0x35556284  x0=0x00000000
        1795000	        80	8000013e	00003417	auipc	x8,0x3	  x8=0x8000313e
        1805000	        81	80000142	37e40413	addi	x8,x8,894	  x8:0x8000313e  x8=0x800034bc
        1815000	        82	80000146	666663b7	lui	x7,0x66666	  x7=0x66666000
        1825000	        83	8000014a	66638393	addi	x7,x7,1638	  x7:0x66666000  x7=0x66666666
        1835000	        84	8000014e	941e	c.add	x8,x7	  x8:0x800034bc  x7:0x66666666  x8=0xe6669b22
        1845000	        85	80000150	8009	c.srli	x8,0x2	  x8:0xe6669b22  x8=0x3999a6c8
        1855000	        86	80000152	3b641073	csrrw	x0,pmpaddr6,x8	  x8:0x3999a6c8  x0=0x00000000
        1885000	        89	80000156	00003417	auipc	x8,0x3	  x8=0x80003156
        1895000	        90	8000015a	36640413	addi	x8,x8,870	  x8:0x80003156  x8=0x800034bc
        1905000	        91	8000015e	777773b7	lui	x7,0x77777	  x7=0x77777000
        1915000	        92	80000162	77738393	addi	x7,x7,1911	  x7:0x77777000  x7=0x77777777
        1925000	        93	80000166	941e	c.add	x8,x7	  x8:0x800034bc  x7:0x77777777  x8=0xf777ac33
        1935000	        94	80000168	8009	c.srli	x8,0x2	  x8:0xf777ac33  x8=0x3dddeb0c
        1945000	        95	8000016a	3b741073	csrrw	x0,pmpaddr7,x8	  x8:0x3dddeb0c  x0=0x00000000
        1975000	        98	8000016e	0f0f1437	lui	x8,0xf0f1	  x8=0x0f0f1000
        1985000	        99	80000172	f0f40413	addi	x8,x8,-241	  x8:0x0f0f1000  x8=0x0f0f0f0f
        1995000	       100	80000176	3a141073	csrrw	x0,pmpcfg1,x8	  x8:0x0f0f0f0f  x0=0x00000000
        2025000	       103	8000017a	00003417	auipc	x8,0x3	  x8=0x8000317a
        2035000	       104	8000017e	34240413	addi	x8,x8,834	  x8:0x8000317a  x8=0x800034bc
        2045000	       105	80000182	888893b7	lui	x7,0x88889	  x7=0x88889000
        2055000	       106	80000186	88838393	addi	x7,x7,-1912	  x7:0x88889000  x7=0x88888888
        2065000	       107	8000018a	941e	c.add	x8,x7	  x8:0x800034bc  x7:0x88888888  x8=0x0888bd44
        2075000	       108	8000018c	8009	c.srli	x8,0x2	  x8:0x0888bd44  x8=0x02222f51
        2085000	       109	8000018e	3b841073	csrrw	x0,pmpaddr8,x8	  x8:0x02222f51  x0=0x00000000
        2115000	       112	80000192	00003417	auipc	x8,0x3	  x8=0x80003192
        2125000	       113	80000196	32a40413	addi	x8,x8,810	  x8:0x80003192  x8=0x800034bc
        2135000	       114	8000019a	9999a3b7	lui	x7,0x9999a	  x7=0x9999a000
        2145000	       115	8000019e	99938393	addi	x7,x7,-1639	  x7:0x9999a000  x7=0x99999999
        2155000	       116	800001a2	941e	c.add	x8,x7	  x8:0x800034bc  x7:0x99999999  x8=0x1999ce55
        2165000	       117	800001a4	8009	c.srli	x8,0x2	  x8:0x1999ce55  x8=0x06667395
        2175000	       118	800001a6	3b941073	csrrw	x0,pmpaddr9,x8	  x8:0x06667395  x0=0x00000000
        2205000	       121	800001aa	00003417	auipc	x8,0x3	  x8=0x800031aa
        2215000	       122	800001ae	31240413	addi	x8,x8,786	  x8:0x800031aa  x8=0x800034bc
        2225000	       123	800001b2	aaaab3b7	lui	x7,0xaaaab	  x7=0xaaaab000
        2235000	       124	800001b6	aaa38393	addi	x7,x7,-1366	  x7:0xaaaab000  x7=0xaaaaaaaa
        2245000	       125	800001ba	941e	c.add	x8,x7	  x8:0x800034bc  x7:0xaaaaaaaa  x8=0x2aaadf66
        2255000	       126	800001bc	8009	c.srli	x8,0x2	  x8:0x2aaadf66  x8=0x0aaab7d9
        2265000	       127	800001be	3ba41073	csrrw	x0,pmpaddr10,x8	  x8:0x0aaab7d9  x0=0x00000000
        2295000	       130	800001c2	00003417	auipc	x8,0x3	  x8=0x800031c2
        2305000	       131	800001c6	2fa40413	addi	x8,x8,762	  x8:0x800031c2  x8=0x800034bc
        2315000	       132	800001ca	bbbbc3b7	lui	x7,0xbbbbc	  x7=0xbbbbc000
        2325000	       133	800001ce	bbb38393	addi	x7,x7,-1093	  x7:0xbbbbc000  x7=0xbbbbbbbb
        2335000	       134	800001d2	941e	c.add	x8,x7	  x8:0x800034bc  x7:0xbbbbbbbb  x8=0x3bbbf077
        2345000	       135	800001d4	8009	c.srli	x8,0x2	  x8:0x3bbbf077  x8=0x0eeefc1d
        2355000	       136	800001d6	3bb41073	csrrw	x0,pmpaddr11,x8	  x8:0x0eeefc1d  x0=0x00000000
        2385000	       139	800001da	0f0f1437	lui	x8,0xf0f1	  x8=0x0f0f1000
        2395000	       140	800001de	f0f40413	addi	x8,x8,-241	  x8:0x0f0f1000  x8=0x0f0f0f0f
        2405000	       141	800001e2	3a241073	csrrw	x0,pmpcfg2,x8	  x8:0x0f0f0f0f  x0=0x00000000
        2435000	       144	800001e6	00003417	auipc	x8,0x3	  x8=0x800031e6
        2445000	       145	800001ea	2d640413	addi	x8,x8,726	  x8:0x800031e6  x8=0x800034bc
        2455000	       146	800001ee	ccccd3b7	lui	x7,0xccccd	  x7=0xccccd000
        2465000	       147	800001f2	ccc38393	addi	x7,x7,-820	  x7:0xccccd000  x7=0xcccccccc
        2475000	       148	800001f6	941e	c.add	x8,x7	  x8:0x800034bc  x7:0xcccccccc  x8=0x4ccd0188
        2485000	       149	800001f8	8009	c.srli	x8,0x2	  x8:0x4ccd0188  x8=0x13334062
        2495000	       150	800001fa	3bc41073	csrrw	x0,pmpaddr12,x8	  x8:0x13334062  x0=0x00000000
        2525000	       153	800001fe	00003417	auipc	x8,0x3	  x8=0x800031fe
        2535000	       154	80000202	2be40413	addi	x8,x8,702	  x8:0x800031fe  x8=0x800034bc
        2545000	       155	80000206	dddde3b7	lui	x7,0xdddde	  x7=0xdddde000
        2555000	       156	8000020a	ddd38393	addi	x7,x7,-547	  x7:0xdddde000  x7=0xdddddddd
        2565000	       157	8000020e	941e	c.add	x8,x7	  x8:0x800034bc  x7:0xdddddddd  x8=0x5dde1299
        2575000	       158	80000210	8009	c.srli	x8,0x2	  x8:0x5dde1299  x8=0x177784a6
        2585000	       159	80000212	3bd41073	csrrw	x0,pmpaddr13,x8	  x8:0x177784a6  x0=0x00000000
        2615000	       162	80000216	00003417	auipc	x8,0x3	  x8=0x80003216
        2625000	       163	8000021a	2a640413	addi	x8,x8,678	  x8:0x80003216  x8=0x800034bc
        2635000	       164	8000021e	eeeef3b7	lui	x7,0xeeeef	  x7=0xeeeef000
        2645000	       165	80000222	eee38393	addi	x7,x7,-274	  x7:0xeeeef000  x7=0xeeeeeeee
        2655000	       166	80000226	941e	c.add	x8,x7	  x8:0x800034bc  x7:0xeeeeeeee  x8=0x6eef23aa
        2665000	       167	80000228	8009	c.srli	x8,0x2	  x8:0x6eef23aa  x8=0x1bbbc8ea
        2675000	       168	8000022a	3be41073	csrrw	x0,pmpaddr14,x8	  x8:0x1bbbc8ea  x0=0x00000000
        2705000	       171	8000022e	00003417	auipc	x8,0x3	  x8=0x8000322e
        2715000	       172	80000232	28e40413	addi	x8,x8,654	  x8:0x8000322e  x8=0x800034bc
        2725000	       173	80000236	fff00393	addi	x7,x0,-1	  x0:0x00000000  x7=0xffffffff
        2735000	       174	8000023a	941e	c.add	x8,x7	  x8:0x800034bc  x7:0xffffffff  x8=0x800034bb
        2745000	       175	8000023c	8009	c.srli	x8,0x2	  x8:0x800034bb  x8=0x20000d2e
        2755000	       176	8000023e	3bf41073	csrrw	x0,pmpaddr15,x8	  x8:0x20000d2e  x0=0x00000000
        2785000	       179	80000242	0f0f1437	lui	x8,0xf0f1	  x8=0x0f0f1000
        2795000	       180	80000246	f0f40413	addi	x8,x8,-241	  x8:0x0f0f1000  x8=0x0f0f0f0f
        2805000	       181	8000024a	3a341073	csrrw	x0,pmpcfg3,x8	  x8:0x0f0f0f0f  x0=0x00000000
        2835000	       184	8000024e	00000397	auipc	x7,0x0	  x7=0x8000024e
        2845000	       185	80000252	06038393	addi	x7,x7,96	  x7:0x8000024e  x7=0x800002ae
        2855000	       186	80000256	34139073	csrrw	x0,mepc,x7	  x7:0x800002ae  x0=0x00000000
        2865000	       187	8000025a	7c00d073	csrrwi	x0,0x7c0,1	  x0=0x00000000
        2895000	       190	8000025e	4381	c.li	x7,0	  x7=0x00000000
        2905000	       191	80000260	30039073	csrrw	x0,mstatus,x7	  x7:0x00000000  x0=0x00000000
        2935000	       194	80000264	4381	c.li	x7,0	  x7=0x00000000
        2945000	       195	80000266	30439073	csrrw	x0,mie,x7	  x7:0x00000000  x0=0x00000000
        2975000	       198	8000026a	90000cb7	lui	x25,0x90000	 x25=0x90000000
        2985000	       199	8000026e	1cf1	c.addi	x25,-4	 x25:0x90000000 x25=0x8ffffffc
        2995000	       200	80000270	90000cb7	lui	x25,0x90000	 x25=0x90000000
        3005000	       201	80000274	1cf1	c.addi	x25,-4	 x25:0x90000000 x25=0x8ffffffc
        3015000	       202	80000276	90000cb7	lui	x25,0x90000	 x25=0x90000000
        3025000	       203	8000027a	1cf1	c.addi	x25,-4	 x25:0x90000000 x25=0x8ffffffc
        3035000	       204	8000027c	30000393	addi	x7,x0,768	  x0:0x00000000  x7=0x00000300
        3045000	       205	80000280	03a2	c.slli	x7,0x8	  x7:0x00000300  x7=0x00030000
        3055000	       206	80000282	038d	c.addi	x7,3	  x7:0x00030000  x7=0x00030003
        3065000	       207	80000284	007ca023	sw	x7,0(x25)	 x25:0x8ffffffc  x7:0x00030003 PA:0x8ffffffc store:0x00030003 load:0x00000000
        3075000	       208	80000288	300023f3	csrrs	x7,mstatus,x0	  x0:0x00000000  x7=0x00000000
        3085000	       209	8000028c	007ca023	sw	x7,0(x25)	 x25:0x8ffffffc  x7:0x00000000 PA:0x8ffffffc store:0x00000000 load:0x00000000
        3095000	       210	80000290	90000cb7	lui	x25,0x90000	 x25=0x90000000
        3105000	       211	80000294	1cf1	c.addi	x25,-4	 x25:0x90000000 x25=0x8ffffffc
        3115000	       212	80000296	30400393	addi	x7,x0,772	  x0:0x00000000  x7=0x00000304
        3125000	       213	8000029a	03a2	c.slli	x7,0x8	  x7:0x00000304  x7=0x00030400
        3135000	       214	8000029c	038d	c.addi	x7,3	  x7:0x00030400  x7=0x00030403
        3145000	       215	8000029e	007ca023	sw	x7,0(x25)	 x25:0x8ffffffc  x7:0x00030403 PA:0x8ffffffc store:0x00030403 load:0x00000000
        3155000	       216	800002a2	304023f3	csrrs	x7,mie,x0	  x0:0x00000000  x7=0x00000000
        3165000	       217	800002a6	007ca023	sw	x7,0(x25)	 x25:0x8ffffffc  x7:0x00000000 PA:0x8ffffffc store:0x00000000 load:0x00000000
        3175000	       218	800002aa	30200073	mret	
        3215000	       222	800002ae	80000037	lui	x0,0x80000	  x0=0x00000000
        3225000	       223	800002b2	0001	c.addi	x0,0	  x0:0x00000000  x0=0x00000000
        3235000	       224	800002b4	800000b7	lui	x1,0x80000	  x1=0x80000000
        3245000	       225	800002b8	f63cf137	lui	x2,0xf63cf	  x2=0xf63cf000
        3255000	       226	800002bc	95a10113	addi	x2,x2,-1702	  x2:0xf63cf000  x2=0xf63ce95a
        3265000	       227	800002c0	f6f701b7	lui	x3,0xf6f70	  x3=0xf6f70000
        3275000	       228	800002c4	b9218193	addi	x3,x3,-1134	  x3:0xf6f70000  x3=0xf6f6fb92
        3285000	       229	800002c8	fcbe8237	lui	x4,0xfcbe8	  x4=0xfcbe8000
        3295000	       230	800002cc	87520213	addi	x4,x4,-1931	  x4:0xfcbe8000  x4=0xfcbe7875
        3305000	       231	800002d0	f13802b7	lui	x5,0xf1380	  x5=0xf1380000
        3315000	       232	800002d4	92928293	addi	x5,x5,-1751	  x5:0xf1380000  x5=0xf137f929
        3325000	       233	800002d8	4311	c.li	x6,4	  x6=0x00000004
        3335000	       234	800002da	4399	c.li	x7,6	  x7=0x00000006
        3345000	       235	800002dc	80000437	lui	x8,0x80000	  x8=0x80000000
        3355000	       236	800002e0	4481	c.li	x9,0	  x9=0x00000000
        3365000	       237	800002e2	80000537	lui	x10,0x80000	 x10=0x80000000
        3375000	       238	800002e6	800005b7	lui	x11,0x80000	 x11=0x80000000
        3385000	       239	800002ea	4681	c.li	x13,0	 x13=0x00000000
        3395000	       240	800002ec	c5d10737	lui	x14,0xc5d10	 x14=0xc5d10000
        3405000	       241	800002f0	b9670713	addi	x14,x14,-1130	 x14:0xc5d10000 x14=0xc5d0fb96
        3415000	       242	800002f4	08f4b7b7	lui	x15,0x8f4b	 x15=0x08f4b000
        3425000	       243	800002f8	17a9	c.addi	x15,-22	 x15:0x08f4b000 x15=0x08f4afea
        3435000	       244	800002fa	4801	c.li	x16,0	 x16=0x00000000
        3445000	       245	800002fc	f2d268b7	lui	x17,0xf2d26	 x17=0xf2d26000
        3455000	       246	80000300	99a88893	addi	x17,x17,-1638	 x17:0xf2d26000 x17=0xf2d2599a
        3465000	       247	80000304	f04f5937	lui	x18,0xf04f5	 x18=0xf04f5000
        3475000	       248	80000308	51590913	addi	x18,x18,1301	 x18:0xf04f5000 x18=0xf04f5515
        3485000	       249	8000030c	4991	c.li	x19,4	 x19=0x00000004
        3495000	       250	8000030e	80000a37	lui	x20,0x80000	 x20=0x80000000
        3505000	       251	80000312	4a81	c.li	x21,0	 x21=0x00000000
        3515000	       252	80000314	f9d9fb37	lui	x22,0xf9d9f	 x22=0xf9d9f000
        3525000	       253	80000318	3d9b0b13	addi	x22,x22,985	 x22:0xf9d9f000 x22=0xf9d9f3d9
        3535000	       254	8000031c	80000bb7	lui	x23,0x80000	 x23=0x80000000
        3545000	       255	80000320	f0a97c37	lui	x24,0xf0a97	 x24=0xf0a97000
        3555000	       256	80000324	ddfc0c13	addi	x24,x24,-545	 x24:0xf0a97000 x24=0xf0a96ddf
        3565000	       257	80000328	f4cc3cb7	lui	x25,0xf4cc3	 x25=0xf4cc3000
        3575000	       258	8000032c	bcfc8c93	addi	x25,x25,-1073	 x25:0xf4cc3000 x25=0xf4cc2bcf
        3585000	       259	80000330	4d01	c.li	x26,0	 x26=0x00000000
        3595000	       260	80000332	f8832db7	lui	x27,0xf8832	 x27=0xf8832000
        3605000	       261	80000336	ce3d8d93	addi	x27,x27,-797	 x27:0xf8832000 x27=0xf8831ce3
        3615000	       262	8000033a	4e81	c.li	x29,0	 x29=0x00000000
        3625000	       263	8000033c	fc6dbf37	lui	x30,0xfc6db	 x30=0xfc6db000
        3635000	       264	80000340	9b3f0f13	addi	x30,x30,-1613	 x30:0xfc6db000 x30=0xfc6da9b3
        3645000	       265	80000344	80000fb7	lui	x31,0x80000	 x31=0x80000000
        3655000	       266	80000348	00022e17	auipc	x28,0x22	 x28=0x80022348
        3665000	       267	8000034c	b1ce0e13	addi	x28,x28,-1252	 x28:0x80022348 x28=0x80021e64
        3675000	       268	80000350	90000cb7	lui	x25,0x90000	 x25=0x90000000
        3685000	       269	80000354	1cf1	c.addi	x25,-4	 x25:0x90000000 x25=0x8ffffffc
        3695000	       270	80000356	4381	c.li	x7,0	  x7=0x00000000
        3705000	       271	80000358	03a2	c.slli	x7,0x8	  x7:0x00000000  x7=0x00000000
        3715000	       272	8000035a	00038393	addi	x7,x7,0	  x7:0x00000000  x7=0x00000000
        3725000	       273	8000035e	007ca023	sw	x7,0(x25)	 x25:0x8ffffffc  x7:0x00000000 PA:0x8ffffffc store:0x00000000 load:0x00000000
        3735000	       274	80000362	15a0306f	jal	x0,800034bc	  x0=0x00000000
        3755000	       276	800034bc	01add2b3	srl	x5,x27,x26	 x27:0xf8831ce3 x26:0x00000000  x5=0xf8831ce3
        3765000	       277	800034c0	0ff0000f	fence	iorw,iorw	
        3775000	       278	800034c4	039c6763	bltu	x24,x25,800034f2	 x24:0xf0a96ddf x25:0x8ffffffc
        3785000	       279	800034c8	fc08a997	auipc	x19,0xfc08a	 x19=0x7c08d4c8
        3795000	       280	800034cc	044a8063	beq	x21,x4,8000350c	 x21:0x00000000  x4:0xfcbe7875
        3805000	       281	800034d0	00025b93	srli	x23,x4,0x0	  x4:0xfcbe7875 x23=0xfcbe7875
        3815000	       282	800034d4	9635a593	slti	x11,x11,-1693	 x11:0x80000000 x11=0x00000001
        3825000	       283	800034d8	0271dc63	bge	x3,x7,80003510	  x3:0xf6f6fb92  x7:0x00000000
        3835000	       284	800034dc	055ee463	bltu	x29,x21,80003524	 x29:0x00000000 x21:0x00000000
        3845000	       285	800034e0	8c8d	c.sub	x9,x11	  x9:0x00000000 x11:0x00000001  x9=0xffffffff
        3875000	       288	800034e2	03ed0b33	mul	x22,x26,x30	 x26:0x00000000 x30:0xfc6da9b3 x22=0x00000000
        3885000	       289	800034e6	01f227b3	slt	x15,x4,x31	  x4:0xfcbe7875 x31:0x80000000 x15=0x00000000
        3895000	       290	800034ea	41580eb3	sub	x29,x16,x21	 x16:0x00000000 x21:0x00000000 x29=0x00000000
        3905000	       291	800034ee	00620bb3	add	x23,x4,x6	  x4:0xfcbe7875  x6:0x00000004 x23=0xfcbe7879
        3915000	       292	800034f2	dd102193	slti	x3,x0,-559	  x0:0x00000000  x3=0x00000000
        3925000	       293	800034f6	8d6d	c.and	x10,x11	 x10:0x80000000 x11:0x00000001 x10=0x00000000
        3935000	       294	800034f8	0b3c7697	auipc	x13,0xb3c7	 x13=0x8b3ca4f8
        3945000	       295	800034fc	018b9713	slli	x14,x23,0x18	 x23:0xfcbe7879 x14=0x79000000
        3955000	       296	80003500	9218c093	xori	x1,x17,-1759	 x17:0xf2d2599a  x1=0x0d2da0bb
        3965000	       297	80003504	417f0233	sub	x4,x30,x23	 x30:0xfc6da9b3 x23:0xfcbe7879  x4=0xffaf313a
        3975000	       298	80003508	87afe293	ori	x5,x31,-1926	 x31:0x80000000  x5=0xfffff87a
        3985000	       299	8000350c	c885f193	andi	x3,x11,-888	 x11:0x00000001  x3=0x00000000
        3995000	       300	80003510	6f65	c.lui	x30,0x19	 x30=0x00019000
        4005000	       301	80003512	9eb6	c.add	x29,x13	 x29:0x00000000 x13:0x8b3ca4f8 x29=0x8b3ca4f8
        4015000	       302	80003514	00897fb3	and	x31,x18,x8	 x18:0xf04f5515  x8:0x80000000 x31=0x80000000
        4055000	       306	80003518	031bafb3	mulhsu	x31,x23,x17	 x23:0xfcbe7879 x17:0xf2d2599a x31=0xfce960fd
        4065000	       307	8000351c	004e5b93	srli	x23,x28,0x4	 x28:0x80021e64 x23=0x080021e6
        4075000	       308	80003520	03337313	andi	x6,x6,51	  x6:0x00000004  x6=0x00000000
        4085000	       309	80003524	1ef4ef13	ori	x30,x9,495	  x9:0xffffffff x30=0xffffffff
        4095000	       310	80003528	8abd	c.andi	x13,15	 x13:0x8b3ca4f8 x13=0x00000008
        4135000	       314	8000352a	03b53533	mulhu	x10,x10,x27	 x10:0x00000000 x27:0xf8831ce3 x10=0x00000000
        4145000	       315	8000352e	876d	c.srai	x14,0x1b	 x14:0x79000000 x14=0x0000000f
        4155000	       316	80003530	96ca	c.add	x13,x18	 x13:0x00000008 x18:0xf04f5515 x13=0xf04f551d
        4165000	       317	80003532	997d	c.andi	x10,-1	 x10:0x00000000 x10=0x00000000
        4175000	       318	80003534	6941	c.lui	x18,0x10	 x18=0x00010000
        4185000	       319	80003536	1cb92a93	slti	x21,x18,459	 x18:0x00010000 x21=0x00000000
        4195000	       320	8000353a	00474363	blt	x14,x4,80003540	 x14:0x0000000f  x4:0xffaf313a
        4205000	       321	8000353e	717d	c.addi16sp	x2,-16	  x2:0xf63ce95a  x2=0xf63ce94a
        4575000	       358	80003540	03ba7cb3	remu	x25,x20,x27	 x20:0x80000000 x27:0xf8831ce3 x25=0x80000000
        4585000	       359	80003544	0001	c.addi	x0,0	  x0:0x00000000  x0=0x00000000
        4595000	       360	80003546	00fae5b3	or	x11,x21,x15	 x21:0x00000000 x15:0x00000000 x11=0x00000000
        4605000	       361	8000354a	419d86b3	sub	x13,x27,x25	 x27:0xf8831ce3 x25:0x80000000 x13=0x78831ce3
        4975000	       398	8000354e	03ff45b3	div	x11,x30,x31	 x30:0xffffffff x31:0xfce960fd x11=0x00000000
        4985000	       399	80003552	04467263	bgeu	x12,x4,80003596	 x12:0x80025ce4  x4:0xffaf313a
        5025000	       403	80003556	034fa0b3	mulhsu	x1,x31,x20	 x31:0xfce960fd x20:0x80000000  x1=0xfe74b07e
        5035000	       404	8000355a	006a9133	sll	x2,x21,x6	 x21:0x00000000  x6:0x00000000  x2=0x00000000
        5045000	       405	8000355e	0000100f	fence.i	
        5075000	       408	80003562	5f8c6c13	ori	x24,x24,1528	 x24:0xf0a96ddf x24=0xf0a96dff
        5085000	       409	80003566	01611db3	sll	x27,x2,x22	  x2:0x00000000 x22:0x00000000 x27=0x00000000
        5095000	       410	8000356a	8edd	c.or	x13,x15	 x13:0x78831ce3 x15:0x00000000 x13=0x78831ce3
        5105000	       411	8000356c	010a5c63	bge	x20,x16,80003584	 x20:0x80000000 x16:0x00000000
        5115000	       412	80003570	8121	c.srli	x10,0x8	 x10:0x00000000 x10=0x00000000
        5125000	       413	80003572	03d7c513	xori	x10,x15,61	 x15:0x00000000 x10=0x0000003d
        5135000	       414	80003576	4801	c.li	x16,0	 x16=0x00000000
        5175000	       418	80003578	02321333	mulh	x6,x4,x3	  x4:0xffaf313a  x3:0x00000000  x6=0x00000000
        5185000	       419	8000357c	010e1a93	slli	x21,x28,0x10	 x28:0x80021e64 x21=0x1e640000
        5225000	       423	80003580	039a1ab3	mulh	x21,x20,x25	 x20:0x80000000 x25:0x80000000 x21=0x40000000
        5235000	       424	80003584	f4d70213	addi	x4,x14,-179	 x14:0x0000000f  x4=0xffffff5c
        5245000	       425	80003588	158f8493	addi	x9,x31,344	 x31:0xfce960fd  x9=0xfce96255
        5255000	       426	8000358c	41a5	c.li	x3,9	  x3=0x00000009
        5265000	       427	8000358e	8dee	c.mv	x27,x27	  x0:0x00000000 x27:0x00000000 x27=0x00000000
        5275000	       428	80003590	009d6a63	bltu	x26,x9,800035a4	 x26:0x00000000  x9:0xfce96255
        5295000	       430	800035a4	368fec13	ori	x24,x31,872	 x31:0xfce960fd x24=0xfce963fd
        5305000	       431	800035a8	006f4563	blt	x30,x6,800035b2	 x30:0xffffffff  x6:0x00000000
        5325000	       433	800035b2	6be5	c.lui	x23,0x19	 x23=0x00019000
        5695000	       470	800035b4	0218fc33	remu	x24,x17,x1	 x17:0xf2d2599a  x1:0xfe74b07e x24=0xf2d2599a
        5705000	       471	800035b8	40430233	sub	x4,x6,x4	  x6:0x00000000  x4:0xffffff5c  x4=0x000000a4
        5715000	       472	800035bc	004b18b3	sll	x17,x22,x4	 x22:0x00000000  x4:0x000000a4 x17=0x00000000
        5725000	       473	800035c0	6511	c.lui	x10,0x4	 x10=0x00004000
        5735000	       474	800035c2	9bfd	c.andi	x15,-1	 x15:0x00000000 x15=0x00000000
        5745000	       475	800035c4	41bdd6b3	sra	x13,x27,x27	 x27:0x00000000 x27:0x00000000 x13=0x00000000
        5755000	       476	800035c8	016f9bb3	sll	x23,x31,x22	 x31:0xfce960fd x22:0x00000000 x23=0xfce960fd
        5765000	       477	800035cc	62eaf013	andi	x0,x21,1582	 x21:0x40000000  x0=0x00000000
        5775000	       478	800035d0	8cba	c.mv	x25,x14	  x0:0x00000000 x14:0x0000000f x25=0x0000000f
        5785000	       479	800035d2	86cd	c.srai	x13,0x13	 x13:0x00000000 x13=0x00000000
        5795000	       480	800035d4	21ef0793	addi	x15,x30,542	 x30:0xffffffff x15=0x0000021d
        5835000	       484	800035d8	037d9a33	mulh	x20,x27,x23	 x27:0x00000000 x23:0xfce960fd x20=0x00000000
        5845000	       485	800035dc	00c69bb3	sll	x23,x13,x12	 x13:0x00000000 x12:0x80025ce4 x23=0x00000000
        5855000	       486	800035e0	01fd1c33	sll	x24,x26,x31	 x26:0x00000000 x31:0xfce960fd x24=0x00000000
        5895000	       490	800035e4	02229033	mulh	x0,x5,x2	  x5:0xfffff87a  x2:0x00000000  x0=0x00000000
        5905000	       491	800035e8	8f9d	c.sub	x15,x15	 x15:0x0000021d x15:0x0000021d x15=0x00000000
        5915000	       492	800035ea	41636293	ori	x5,x6,1046	  x6:0x00000000  x5=0x00000416
        5925000	       493	800035ee	683ead93	slti	x27,x29,1667	 x29:0x8b3ca4f8 x27=0x00000001
        5935000	       494	800035f2	63bd	c.lui	x7,0xf	  x7=0x0000f000
        5945000	       495	800035f4	7f0a8c97	auipc	x25,0x7f0a8	 x25=0xff0ab5f4
        5955000	       496	800035f8	0808	c.addi4spn	x10,x2,16	 x10=0x00000010
        5965000	       497	800035fa	016ed863	bge	x29,x22,8000360a	 x29:0x8b3ca4f8 x22:0x00000000
        5975000	       498	800035fe	0aa9	c.addi	x21,10	 x21:0x40000000 x21=0x4000000a
        5985000	       499	80003600	0263b213	sltiu	x4,x7,38	  x7:0x0000f000  x4=0x00000000
        5995000	       500	80003604	00c99263	bne	x19,x12,80003608	 x19:0x7c08d4c8 x12:0x80025ce4
        6015000	       502	80003608	717d	c.addi16sp	x2,-16	  x2:0x00000000  x2=0xfffffff0
        6025000	       503	8000360a	41c3d713	srai	x14,x7,0x1c	  x7:0x0000f000 x14=0x00000000
        6035000	       504	8000360e	00184fb3	xor	x31,x16,x1	 x16:0x00000000  x1:0xfe74b07e x31=0xfe74b07e
        6045000	       505	80003612	177d	c.addi	x14,-1	 x14:0x00000000 x14=0xffffffff
        6055000	       506	80003614	0015d393	srli	x7,x11,0x1	 x11:0x00000000  x7=0x00000000
        6065000	       507	80003618	0149fb63	bgeu	x19,x20,8000362e	 x19:0x7c08d4c8 x20:0x00000000
        6095000	       510	8000362e	00704cb3	xor	x25,x0,x7	  x0:0x00000000  x7:0x00000000 x25=0x00000000
        6115000	       512	80003632	02d8cc33	div	x24,x17,x13	 x17:0x00000000 x13:0x00000000 x24=0xffffffff
        6125000	       513	80003636	8f39	c.xor	x14,x14	 x14:0xffffffff x14:0xffffffff x14=0x00000000
        6135000	       514	80003638	82f5	c.srli	x13,0x1d	 x13:0x00000000 x13=0x00000000
        6145000	       515	8000363a	6b71	c.lui	x22,0x1c	 x22=0x0001c000
        6155000	       516	8000363c	87d9	c.srai	x15,0x16	 x15:0x00000000 x15=0x00000000
        6165000	       517	8000363e	00f619b3	sll	x19,x12,x15	 x12:0x80025ce4 x15:0x00000000 x19=0x80025ce4
        6175000	       518	80003642	0784	c.addi4spn	x9,x2,960	  x9=0x000003b0
        6185000	       519	80003644	02885763	bge	x16,x8,80003672	 x16:0x00000000  x8:0x80000000
        6215000	       522	80003672	00e71d13	slli	x26,x14,0xe	 x14:0x00000000 x26=0x00000000
        6255000	       526	80003676	0346bab3	mulhu	x21,x13,x20	 x13:0x00000000 x20:0x00000000 x21=0x00000000
        6285000	       529	8000367a	027b09b3	mul	x19,x22,x7	 x22:0x0001c000  x7:0x00000000 x19=0x00000000
        6295000	       530	8000367e	8cd5	c.or	x9,x13	  x9:0x000003b0 x13:0x00000000  x9=0x000003b0
        6305000	       531	80003680	008fa733	slt	x14,x31,x8	 x31:0xfe74b07e  x8:0x80000000 x14=0x00000000
        6315000	       532	80003684	00be1e63	bne	x28,x11,800036a0	 x28:0x80021e64 x11:0x00000000
        6335000	       534	800036a0	0ff0000f	fence	iorw,iorw	
        6345000	       535	800036a4	9a2a	c.add	x20,x10	 x20:0x00000000 x10:0x00000010 x20=0x00000010
        6355000	       536	800036a6	00f0eeb3	or	x29,x1,x15	  x1:0xfe74b07e x15:0x00000000 x29=0xfe74b07e
        6365000	       537	800036aa	016bdf93	srli	x31,x23,0x16	 x23:0x00000000 x31=0x00000000
        6375000	       538	800036ae	00147333	and	x6,x8,x1	  x8:0x80000000  x1:0xfe74b07e  x6=0x80000000
        6385000	       539	800036b2	64d9	c.lui	x9,0x16	  x9=0x00016000
        6395000	       540	800036b4	0ff0000f	fence	iorw,iorw	
        6405000	       541	800036b8	01c53c33	sltu	x24,x10,x28	 x10:0x00000010 x28:0x80021e64 x24=0x00000001
        6415000	       542	800036bc	002c3233	sltu	x4,x24,x2	 x24:0x00000001  x2:0xfffffff0  x4=0x00000001
        6425000	       543	800036c0	717d	c.addi16sp	x2,-16	  x2:0xfffffff0  x2=0xffffffe0
        6435000	       544	800036c2	01d38663	beq	x7,x29,800036ce	  x7:0x00000000 x29:0xfe74b07e
        6445000	       545	800036c6	0045c263	blt	x11,x4,800036ca	 x11:0x00000000  x4:0x00000001
        6475000	       548	800036ca	965d9497	auipc	x9,0x965d9	  x9=0x165dc6ca
        6485000	       549	800036ce	00e52fb3	slt	x31,x10,x14	 x10:0x00000010 x14:0x00000000 x31=0x00000000
        6495000	       550	800036d2	157d	c.addi	x10,-1	 x10:0x00000010 x10=0x0000000f
        6535000	       554	800036d4	0277b333	mulhu	x6,x15,x7	 x15:0x00000000  x7:0x00000000  x6=0x00000000
        6545000	       555	800036d8	2d47ec93	ori	x25,x15,724	 x15:0x00000000 x25=0x000002d4
        6555000	       556	800036dc	00fbccb3	xor	x25,x23,x15	 x23:0x00000000 x15:0x00000000 x25=0x00000000
        6565000	       557	800036e0	8f05	c.sub	x14,x9	 x14:0x00000000  x9:0x165dc6ca x14=0xe9a23936
        6575000	       558	800036e2	9a7eeb93	ori	x23,x29,-1625	 x29:0xfe74b07e x23=0xfffff9ff
        6585000	       559	800036e6	0164c0b3	xor	x1,x9,x22	  x9:0x165dc6ca x22:0x0001c000  x1=0x165c06ca
        6595000	       560	800036ea	0001	c.addi	x0,0	  x0:0x00000000  x0=0x00000000
        6965000	       597	800036ec	0320f0b3	remu	x1,x1,x18	  x1:0x165c06ca x18:0x00010000  x1=0x000006ca
        6975000	       598	800036f0	8d336293	ori	x5,x6,-1837	  x6:0x00000000  x5=0xfffff8d3
        6985000	       599	800036f4	013bc5b3	xor	x11,x23,x19	 x23:0xfffff9ff x19:0x00000000 x11=0xfffff9ff
        6995000	       600	800036f8	015b4b63	blt	x22,x21,8000370e	 x22:0x0001c000 x21:0x00000000
        7005000	       601	800036fc	00cd9663	bne	x27,x12,80003708	 x27:0x00000001 x12:0x80025ce4
        7025000	       603	80003708	4134d213	srai	x4,x9,0x13	  x9:0x165dc6ca  x4=0x000002cb
        7035000	       604	8000370c	80fd	c.srli	x9,0x1f	  x9:0x165dc6ca  x9=0x00000000
        7055000	       606	8000370e	0330e233	rem	x4,x1,x19	  x1:0x000006ca x19:0x00000000  x4=0x000006ca
        7095000	       610	80003712	03eea4b3	mulhsu	x9,x29,x30	 x29:0xfe74b07e x30:0xffffffff  x9=0xfe74b07e
        7105000	       611	80003716	0332d863	bge	x5,x19,80003746	  x5:0xfffff8d3 x19:0x00000000
        7115000	       612	8000371a	010f9033	sll	x0,x31,x16	 x31:0x00000000 x16:0x00000000  x0=0x00000000
        7125000	       613	8000371e	e08d	c.bnez	x9,80003740	  x9:0xfe74b07e
        7145000	       615	80003740	8cf5	c.and	x9,x13	  x9:0xfe74b07e x13:0x00000000  x9=0x00000000
        7155000	       616	80003742	41ac54b3	sra	x9,x24,x26	 x24:0x00000001 x26:0x00000000  x9=0x00000001
        7165000	       617	80003746	58fd	c.li	x17,-1	 x17=0xffffffff
        7175000	       618	80003748	f7b1ec37	lui	x24,0xf7b1e	 x24=0xf7b1e000
        7185000	       619	8000374c	01d9bab3	sltu	x21,x19,x29	 x19:0x00000000 x29:0xfe74b07e x21=0x00000001
        7195000	       620	80003750	4f406493	ori	x9,x0,1268	  x0:0x00000000  x9=0x000004f4
        7205000	       621	80003754	40b784b3	sub	x9,x15,x11	 x15:0x00000000 x11:0xfffff9ff  x9=0x00000601
        7215000	       622	80003758	ef15	c.bnez	x14,80003794	 x14:0xe9a23936
        7595000	       660	80003794	03dce8b3	rem	x17,x25,x29	 x25:0x00000000 x29:0xfe74b07e x17=0x00000000
        7605000	       661	80003798	e285	c.bnez	x13,800037b8	 x13:0x00000000
        7615000	       662	8000379a	89d83893	sltiu	x17,x16,-1891	 x16:0x00000000 x17=0x00000001
        7625000	       663	8000379e	0006dd63	bge	x13,x0,800037b8	 x13:0x00000000  x0:0x00000000
        7645000	       665	800037b8	0001	c.addi	x0,0	  x0:0x00000000  x0=0x00000000
        7655000	       666	800037ba	69346b13	ori	x22,x8,1683	  x8:0x80000000 x22=0x80000693
        7665000	       667	800037be	8d39	c.xor	x10,x14	 x10:0x0000000f x14:0xe9a23936 x10=0xe9a23939
        7675000	       668	800037c0	8772	c.mv	x14,x28	  x0:0x00000000 x28:0x80021e64 x14=0x80021e64
        7685000	       669	800037c2	0068c463	blt	x17,x6,800037ca	 x17:0x00000001  x6:0x00000000
        7695000	       670	800037c6	03ff7463	bgeu	x30,x31,800037ee	 x30:0xffffffff x31:0x00000000
        7715000	       672	800037ee	0ec2	c.slli	x29,0x10	 x29:0xfe74b07e x29=0xb07e0000
        7725000	       673	800037f0	00b31513	slli	x10,x6,0xb	  x6:0x00000000 x10=0x00000000
        7735000	       674	800037f4	a214a9b7	lui	x19,0xa214a	 x19=0xa214a000
        7745000	       675	800037f8	0599c263	blt	x19,x25,8000383c	 x19:0xa214a000 x25:0x00000000
        7765000	       677	8000383c	c2346493	ori	x9,x8,-989	  x8:0x80000000  x9=0xfffffc23
        7775000	       678	80003840	9a906c13	ori	x24,x0,-1623	  x0:0x00000000 x24=0xfffff9a9
        7785000	       679	80003844	cb1d	c.beqz	x14,8000387a	 x14:0x80021e64
        7795000	       680	80003846	0ff0000f	fence	iorw,iorw	
        7805000	       681	8000384a	c319	c.beqz	x14,80003850	 x14:0x80021e64
        7835000	       684	8000384c	032b8933	mul	x18,x23,x18	 x23:0xfffff9ff x18:0x00010000 x18=0xf9ff0000
        7845000	       685	80003850	0001	c.addi	x0,0	  x0:0x00000000  x0=0x00000000
        7855000	       686	80003852	00980263	beq	x16,x9,80003856	 x16:0x00000000  x9:0xfffffc23
        7865000	       687	80003856	eb754093	xori	x1,x10,-329	 x10:0x00000000  x1=0xfffffeb7
        7875000	       688	8000385a	cea3cc93	xori	x25,x7,-790	  x7:0x00000000 x25=0xfffffcea
        7885000	       689	8000385e	83724d93	xori	x27,x4,-1993	  x4:0x000006ca x27=0xfffffefd
        7925000	       693	80003862	031f3833	mulhu	x16,x30,x17	 x30:0xffffffff x17:0x00000001 x16=0x00000000
        7935000	       694	80003866	97fe2093	slti	x1,x28,-1665	 x28:0x80021e64  x1=0x00000001
        7945000	       695	8000386a	8dc9	c.or	x11,x10	 x11:0xfffff9ff x10:0x00000000 x11=0xfffff9ff
        7985000	       699	8000386c	021725b3	mulhsu	x11,x14,x1	 x14:0x80021e64  x1:0x00000001 x11=0xffffffff
        7995000	       700	80003870	01741463	bne	x8,x23,80003878	  x8:0x80000000 x23:0xfffff9ff
        8015000	       702	80003878	87d5	c.srai	x15,0x15	 x15:0x00000000 x15=0x00000000
        8385000	       739	8000387a	0213e2b3	rem	x5,x7,x1	  x7:0x00000000  x1:0x00000001  x5=0x00000000
        8395000	       740	8000387e	0000100f	fence.i	
        8425000	       743	80003882	bd8084b7	lui	x9,0xbd808	  x9=0xbd808000
        8435000	       744	80003886	010d9f33	sll	x30,x27,x16	 x27:0xfffffefd x16:0x00000000 x30=0xfffffefd
        8445000	       745	8000388a	04168563	beq	x13,x1,800038d4	 x13:0x00000000  x1:0x00000001
        8455000	       746	8000388e	015c5333	srl	x6,x24,x21	 x24:0xfffff9a9 x21:0x00000001  x6=0x7ffffcd4
        8465000	       747	80003892	0000100f	fence.i	
        8495000	       750	80003896	004f9c63	bne	x31,x4,800038ae	 x31:0x00000000  x4:0x000006ca
        8525000	       753	800038ae	c45b7f93	andi	x31,x22,-955	 x22:0x80000693 x31=0x80000401
        8565000	       757	800038b2	03a1ac33	mulhsu	x24,x3,x26	  x3:0x00000009 x26:0x00000000 x24=0x00000000
        8575000	       758	800038b6	92d45fb7	lui	x31,0x92d45	 x31=0x92d45000
        8585000	       759	800038ba	f2c98a93	addi	x21,x19,-212	 x19:0xa214a000 x21=0xa2149f2c
        8595000	       760	800038be	37368a93	addi	x21,x13,883	 x13:0x00000000 x21=0x00000373
        8635000	       764	800038c2	028219b3	mulh	x19,x4,x8	  x4:0x000006ca  x8:0x80000000 x19=0xfffffc9b
        8645000	       765	800038c6	0001	c.addi	x0,0	  x0:0x00000000  x0=0x00000000
        8655000	       766	800038c8	01474663	blt	x14,x20,800038d4	 x14:0x80021e64 x20:0x00000010
        9035000	       804	800038d4	02b87f33	remu	x30,x16,x11	 x16:0x00000000 x11:0xffffffff x30=0x00000000
        9045000	       805	800038d8	e681	c.bnez	x13,800038e0	 x13:0x00000000
        9055000	       806	800038da	8f75	c.and	x14,x13	 x14:0x80021e64 x13:0x00000000 x14=0x00000000
        9065000	       807	800038dc	00484b33	xor	x22,x16,x4	 x16:0x00000000  x4:0x000006ca x22=0x000006ca
        9075000	       808	800038e0	c329	c.beqz	x14,80003922	 x14:0x00000000
        9095000	       810	80003922	695d	c.lui	x18,0x17	 x18=0x00017000
        9105000	       811	80003924	00901513	slli	x10,x0,0x9	  x0:0x00000000 x10=0x00000000
        9115000	       812	80003928	0147feb3	and	x29,x15,x20	 x15:0x00000000 x20:0x00000010 x29=0x00000000
        9125000	       813	8000392c	0001	c.addi	x0,0	  x0:0x00000000  x0=0x00000000
        9135000	       814	8000392e	1498	c.addi4spn	x14,x2,608	 x14=0x00000240
        9145000	       815	80003930	01aad733	srl	x14,x21,x26	 x21:0x00000373 x26:0x00000000 x14=0x00000373
        9165000	       817	80003934	03d9d1b3	divu	x3,x19,x29	 x19:0xfffffc9b x29:0x00000000  x3=0xffffffff
        9175000	       818	80003938	01c6f6b3	and	x13,x13,x28	 x13:0x00000000 x28:0x80021e64 x13=0x00000000
        9215000	       822	8000393c	0397b933	mulhu	x18,x15,x25	 x15:0x00000000 x25:0xfffffcea x18=0x00000000
        9255000	       826	80003940	0241a8b3	mulhsu	x17,x3,x4	  x3:0xffffffff  x4:0x000006ca x17=0xffffffff
        9265000	       827	80003944	0a433c13	sltiu	x24,x6,164	  x6:0x7ffffcd4 x24=0x00000000
        9275000	       828	80003948	032e8363	beq	x29,x18,8000396e	 x29:0x00000000 x18:0x00000000
        9305000	       831	8000396e	8c8500b7	lui	x1,0x8c850	  x1=0x8c850000
        9315000	       832	80003972	8eb9	c.xor	x13,x14	 x13:0x00000000 x14:0x00000373 x13=0x00000373
        9325000	       833	80003974	02a1e863	bltu	x3,x10,800039a4	  x3:0xffffffff x10:0x00000000
        9335000	       834	80003978	01cf5213	srli	x4,x30,0x1c	 x30:0x00000000  x4=0x00000000
        9345000	       835	8000397c	05470363	beq	x14,x20,800039c2	 x14:0x00000373 x20:0x00000010
        9355000	       836	80003980	012e5b33	srl	x22,x28,x18	 x28:0x80021e64 x18:0x00000000 x22=0x80021e64
        9365000	       837	80003984	010c9933	sll	x18,x25,x16	 x25:0xfffffcea x16:0x00000000 x18=0xfffffcea
        9375000	       838	80003988	01f85993	srli	x19,x16,0x1f	 x16:0x00000000 x19=0x00000000
        9385000	       839	8000398c	01646a33	or	x20,x8,x22	  x8:0x80000000 x22:0x80021e64 x20=0x80021e64
        9395000	       840	80003990	01752f33	slt	x30,x10,x23	 x10:0x00000000 x23:0xfffff9ff x30=0x00000000
        9405000	       841	80003994	01d0e6b3	or	x13,x1,x29	  x1:0x8c850000 x29:0x00000000 x13=0x8c850000
        9775000	       878	80003998	0265e933	rem	x18,x11,x6	 x11:0xffffffff  x6:0x7ffffcd4 x18=0xffffffff
        9805000	       881	8000399c	030802b3	mul	x5,x16,x16	 x16:0x00000000 x16:0x00000000  x5=0x00000000
        9815000	       882	800039a0	6f95	c.lui	x31,0x5	 x31=0x00005000
        9825000	       883	800039a2	4de9	c.li	x27,26	 x27=0x0000001a
        9855000	       886	800039a4	02948f33	mul	x30,x9,x9	  x9:0xbd808000  x9:0xbd808000 x30=0x40000000
        9865000	       887	800039a8	24083c93	sltiu	x25,x16,576	 x16:0x00000000 x25=0x00000001
        9875000	       888	800039ac	9b7d	c.andi	x14,-1	 x14:0x00000373 x14=0x00000373
        9915000	       892	800039ae	03a818b3	mulh	x17,x16,x26	 x16:0x00000000 x26:0x00000000 x17=0x00000000
        9955000	       896	800039b2	028f21b3	mulhsu	x3,x30,x8	 x30:0x40000000  x8:0x80000000  x3=0x20000000
        9965000	       897	800039b6	8f45	c.or	x14,x9	 x14:0x00000373  x9:0xbd808000 x14=0xbd808373
        9975000	       898	800039b8	09694813	xori	x16,x18,150	 x18:0xffffffff x16=0xffffff69
        9985000	       899	800039bc	8122	c.mv	x2,x8	  x0:0x00000000  x8:0x80000000  x2=0x80000000
        9995000	       900	800039be	02ef9363	bne	x31,x14,800039e4	 x31:0x00005000 x14:0xbd808373
       10015000	       902	800039e4	01689233	sll	x4,x17,x22	 x17:0x00000000 x22:0x80021e64  x4=0x00000000
       10385000	       939	800039e8	03f07d33	remu	x26,x0,x31	  x0:0x00000000 x31:0x00005000 x26=0x00000000
       10395000	       940	800039ec	e58d	c.bnez	x11,80003a16	 x11:0xffffffff
       10415000	       942	80003a16	9a7e	c.add	x20,x31	 x20:0x80021e64 x31:0x00005000 x20=0x80026e64
       10455000	       946	80003a18	038f3233	mulhu	x4,x30,x24	 x30:0x40000000 x24:0x00000000  x4=0x00000000
       10465000	       947	80003a1c	be107093	andi	x1,x0,-1055	  x0:0x00000000  x1=0x00000000
       10835000	       984	80003a20	029276b3	remu	x13,x4,x9	  x4:0x00000000  x9:0xbd808000 x13=0x00000000
       10875000	       988	80003a24	03f03133	mulhu	x2,x0,x31	  x0:0x00000000 x31:0x00005000  x2=0x00000000
       10885000	       989	80003a28	406c5e93	srai	x29,x24,0x6	 x24:0x00000000 x29=0x00000000
       10895000	       990	80003a2c	0136dc13	srli	x24,x13,0x13	 x13:0x00000000 x24=0x00000000
       10905000	       991	80003a30	00758b63	beq	x11,x7,80003a46	 x11:0xffffffff  x7:0x00000000
       10915000	       992	80003a34	00449693	slli	x13,x9,0x4	  x9:0xbd808000 x13=0xd8080000
       10925000	       993	80003a38	40bad813	srai	x16,x21,0xb	 x21:0x00000373 x16=0x00000000
       10935000	       994	80003a3c	e299	c.bnez	x13,80003a42	 x13:0xd8080000
       10985000	       999	80003a42	02090db3	mul	x27,x18,x0	 x18:0xffffffff  x0:0x00000000 x27=0x00000000
       10995000	      1000	80003a46	0113cf63	blt	x7,x17,80003a64	  x7:0x00000000 x17:0x00000000
       11025000	      1003	80003a4a	03340fb3	mul	x31,x8,x19	  x8:0x80000000 x19:0x00000000 x31=0x00000000
       11035000	      1004	80003a4e	8d3d	c.xor	x10,x15	 x10:0x00000000 x15:0x00000000 x10=0x00000000
       11045000	      1005	80003a50	0000100f	fence.i	
       11065000	      1007	80003a54	2fd67c13	andi	x24,x12,765	 x12:0x80025ce4 x24=0x000000e4
       11075000	      1008	80003a58	01c2cd33	xor	x26,x5,x28	  x5:0x00000000 x28:0x80021e64 x26=0x80021e64
       11085000	      1009	80003a5c	8d49	c.or	x10,x10	 x10:0x00000000 x10:0x00000000 x10=0x00000000
       11095000	      1010	80003a5e	81ed	c.srli	x11,0x1b	 x11:0xffffffff x11=0x0000001f
       11105000	      1011	80003a60	41075893	srai	x17,x14,0x10	 x14:0xbd808373 x17=0xffffbd80
       11115000	      1012	80003a64	41a00733	sub	x14,x0,x26	  x0:0x00000000 x26:0x80021e64 x14=0x7ffde19c
       11125000	      1013	80003a68	65982bb7	lui	x23,0x65982	 x23=0x65982000
       11135000	      1014	80003a6c	9ebc2397	auipc	x7,0x9ebc2	  x7=0x1ebc5a6c
       11165000	      1017	80003a70	03a38eb3	mul	x29,x7,x26	  x7:0x1ebc5a6c x26:0x80021e64 x29=0xc903fa30
       11175000	      1018	80003a74	0000100f	fence.i	
       11195000	      1020	80003a78	12863797	auipc	x15,0x12863	 x15=0x92866a78
       11205000	      1021	80003a7c	311eb893	sltiu	x17,x29,785	 x29:0xc903fa30 x17=0x00000000
       11575000	      1058	80003a80	0356d9b3	divu	x19,x13,x21	 x13:0xd8080000 x21:0x00000373 x19=0x003ea1c6
       11585000	      1059	80003a84	000eaeb3	slt	x29,x29,x0	 x29:0xc903fa30  x0:0x00000000 x29=0x00000001
       11595000	      1060	80003a88	0001	c.addi	x0,0	  x0:0x00000000  x0=0x00000000
       11635000	      1064	80003a8a	02da9eb3	mulh	x29,x21,x13	 x21:0x00000373 x13:0xd8080000 x29=0xffffff76
       11645000	      1065	80003a8e	011d7a33	and	x20,x26,x17	 x26:0x80021e64 x17:0x00000000 x20=0x00000000
       11655000	      1066	80003a92	0aa4c593	xori	x11,x9,170	  x9:0xbd808000 x11=0xbd8080aa
       11665000	      1067	80003a96	8ec5	c.or	x13,x9	 x13:0xd8080000  x9:0xbd808000 x13=0xfd888000
       11675000	      1068	80003a98	4303ec13	ori	x24,x7,1072	  x7:0x1ebc5a6c x24=0x1ebc5e7c
       11685000	      1069	80003a9c	0088f663	bgeu	x17,x8,80003aa8	 x17:0x00000000  x8:0x80000000
       11695000	      1070	80003aa0	2e427293	andi	x5,x4,740	  x4:0x00000000  x5=0x00000000
       11705000	      1071	80003aa4	028b8163	beq	x23,x8,80003ac6	 x23:0x65982000  x8:0x80000000
       11715000	      1072	80003aa8	00d91b13	slli	x22,x18,0xd	 x18:0xffffffff x22=0xffffe000
       11725000	      1073	80003aac	0d9e	c.slli	x27,0x7	 x27:0x00000000 x27=0x00000000
       11735000	      1074	80003aae	8bd9	c.andi	x15,22	 x15:0x92866a78 x15=0x00000010
       12105000	      1111	80003ab0	02d150b3	divu	x1,x2,x13	  x2:0x00000000 x13:0xfd888000  x1=0x00000000
       12115000	      1112	80003ab4	2d5db737	lui	x14,0x2d5db	 x14=0x2d5db000
       12485000	      1149	80003ab8	0383c133	div	x2,x7,x24	  x7:0x1ebc5a6c x24:0x1ebc5e7c  x2=0x00000000
       12495000	      1150	80003abc	01029b63	bne	x5,x16,80003ad2	  x5:0x00000000 x16:0x00000000
       12505000	      1151	80003ac0	8fe1	c.and	x15,x8	 x15:0x00000010  x8:0x80000000 x15=0x00000000
       12515000	      1152	80003ac2	158c	c.addi4spn	x11,x2,736	 x11=0x000002e0
       12525000	      1153	80003ac4	8ed9	c.or	x13,x14	 x13:0xfd888000 x14:0x2d5db000 x13=0xfdddb000
       12535000	      1154	80003ac6	70a44313	xori	x6,x8,1802	  x8:0x80000000  x6=0x8000070a
       12545000	      1155	80003aca	0265fa63	bgeu	x11,x6,80003afe	 x11:0x000002e0  x6:0x8000070a
       12555000	      1156	80003ace	017f9563	bne	x31,x23,80003ad8	 x31:0x00000000 x23:0x65982000
       12575000	      1158	80003ad8	8cdd	c.or	x9,x15	  x9:0xbd808000 x15:0x00000000  x9=0xbd808000
       12585000	      1159	80003ada	0ff0000f	fence	iorw,iorw	
       12595000	      1160	80003ade	3976df37	lui	x30,0x3976d	 x30=0x3976d000
       12605000	      1161	80003ae2	01123333	sltu	x6,x4,x17	  x4:0x00000000 x17:0x00000000  x6=0x00000000
       12615000	      1162	80003ae6	6151	c.addi16sp	x2,272	  x2:0x00000000  x2=0x00000110
       12625000	      1163	80003ae8	cd85	c.beqz	x11,80003b20	 x11:0x000002e0
       12645000	      1165	80003aea	03b6ebb3	rem	x23,x13,x27	 x13:0xfdddb000 x27:0x00000000 x23=0xfdddb000
       12655000	      1166	80003aee	00214c63	blt	x2,x2,80003b06	  x2:0x00000110  x2:0x00000110
       12665000	      1167	80003af2	00c35463	bge	x6,x12,80003afa	  x6:0x00000000 x12:0x80025ce4
       12695000	      1170	80003afa	ae531317	auipc	x6,0xae531	  x6=0x2e534afa
       12735000	      1174	80003afe	02f01bb3	mulh	x23,x0,x15	  x0:0x00000000 x15:0x00000000 x23=0x00000000
       12745000	      1175	80003b02	8ff1	c.and	x15,x12	 x15:0x00000000 x12:0x80025ce4 x15=0x00000000
       12755000	      1176	80003b04	6985	c.lui	x19,0x1	 x19=0x00001000
       12765000	      1177	80003b06	0822	c.slli	x16,0x8	 x16:0x00000000 x16=0x00000000
       12775000	      1178	80003b08	8d1d	c.sub	x10,x15	 x10:0x00000000 x15:0x00000000 x10=0x00000000
       12785000	      1179	80003b0a	03a28b63	beq	x5,x26,80003b40	  x5:0x00000000 x26:0x80021e64
       12795000	      1180	80003b0e	81ad	c.srli	x11,0xb	 x11:0x000002e0 x11=0x00000000
       12805000	      1181	80003b10	004e71b3	and	x3,x28,x4	 x28:0x80021e64  x4:0x00000000  x3=0x00000000
       12845000	      1185	80003b14	026037b3	mulhu	x15,x0,x6	  x0:0x00000000  x6:0x2e534afa x15=0x00000000
       12855000	      1186	80003b18	0842	c.slli	x16,0x10	 x16:0x00000000 x16=0x00000000
       12865000	      1187	80003b1a	a08eb293	sltiu	x5,x29,-1528	 x29:0xffffff76  x5=0x00000000
       12875000	      1188	80003b1e	cc95	c.beqz	x9,80003b5a	  x9:0xbd808000
       12885000	      1189	80003b20	0784	c.addi4spn	x9,x2,960	  x9=0x000004d0
       12895000	      1190	80003b22	fd4f0017	auipc	x0,0xfd4f0	  x0=0x00000000
       12905000	      1191	80003b26	0e1b8693	addi	x13,x23,225	 x23:0x00000000 x13=0x000000e1
       12945000	      1195	80003b2a	03a51d33	mulh	x26,x10,x26	 x10:0x00000000 x26:0x80021e64 x26=0x00000000
       12955000	      1196	80003b2e	41cd0cb3	sub	x25,x26,x28	 x26:0x00000000 x28:0x80021e64 x25=0x7ffde19c
       12965000	      1197	80003b32	8dc9	c.or	x11,x10	 x11:0x00000000 x10:0x00000000 x11=0x00000000
       12975000	      1198	80003b34	16a3efb7	lui	x31,0x16a3e	 x31=0x16a3e000
       12985000	      1199	80003b38	41745f93	srai	x31,x8,0x17	  x8:0x80000000 x31=0xffffff00
       12995000	      1200	80003b3c	24320593	addi	x11,x4,579	  x4:0x00000000 x11=0x00000243
       13005000	      1201	80003b40	012c5db3	srl	x27,x24,x18	 x24:0x1ebc5e7c x18:0xffffffff x27=0x00000000
       13015000	      1202	80003b44	0131cfb3	xor	x31,x3,x19	  x3:0x00000000 x19:0x00001000 x31=0x00001000
       13025000	      1203	80003b48	074ac513	xori	x10,x21,116	 x21:0x00000373 x10=0x00000307
       13035000	      1204	80003b4c	41a25533	sra	x10,x4,x26	  x4:0x00000000 x26:0x00000000 x10=0x00000000
       13045000	      1205	80003b50	00109f13	slli	x30,x1,0x1	  x1:0x00000000 x30=0x00000000
       13055000	      1206	80003b54	0177beb3	sltu	x29,x15,x23	 x15:0x00000000 x23:0x00000000 x29=0x00000000
       13065000	      1207	80003b58	8cd1	c.or	x9,x12	  x9:0x000004d0 x12:0x80025ce4  x9=0x80025cf4
       13075000	      1208	80003b5a	81da	c.mv	x3,x22	  x0:0x00000000 x22:0xffffe000  x3=0xffffe000
       13085000	      1209	80003b5c	11e4f7b7	lui	x15,0x11e4f	 x15=0x11e4f000
       13095000	      1210	80003b60	00026263	bltu	x4,x0,80003b64	  x4:0x00000000  x0:0x00000000
       13105000	      1211	80003b64	bdce9a37	lui	x20,0xbdce9	 x20=0xbdce9000
       13115000	      1212	80003b68	0001	c.addi	x0,0	  x0:0x00000000  x0=0x00000000
       13125000	      1213	80003b6a	e11d	c.bnez	x10,80003b90	 x10:0x00000000
       13165000	      1217	80003b6c	03692033	mulhsu	x0,x18,x22	 x18:0xffffffff x22:0xffffe000  x0=0x00000000
       13175000	      1218	80003b70	8d69	c.and	x10,x10	 x10:0x00000000 x10:0x00000000 x10=0x00000000
       13215000	      1222	80003b72	0261afb3	mulhsu	x31,x3,x6	  x3:0xffffe000  x6:0x2e534afa x31=0xfffffa35
       13225000	      1223	80003b76	d704f713	andi	x14,x9,-656	  x9:0x80025cf4 x14=0x80025c70
       13235000	      1224	80003b7a	40b2d113	srai	x2,x5,0xb	  x5:0x00000000  x2=0x00000000
       13245000	      1225	80003b7e	00ba6e63	bltu	x20,x11,80003b9a	 x20:0xbdce9000 x11:0x00000243
       13615000	      1262	80003b82	0364c1b3	div	x3,x9,x22	  x9:0x80025cf4 x22:0xffffe000  x3=0x0003ffed
       13625000	      1263	80003b86	0bbfc493	xori	x9,x31,187	 x31:0xfffffa35  x9=0xfffffa8e
       13635000	      1264	80003b8a	006c5463	bge	x24,x6,80003b92	 x24:0x1ebc5e7c  x6:0x2e534afa
       13645000	      1265	80003b8e	717d	c.addi16sp	x2,-16	  x2:0x00000000  x2=0xfffffff0
       13655000	      1266	80003b90	8ea5	c.xor	x13,x9	 x13:0x000000e1  x9:0xfffffa8e x13=0xfffffa6f
       13665000	      1267	80003b92	8e95	c.sub	x13,x13	 x13:0xfffffa6f x13:0xfffffa6f x13=0x00000000
       13675000	      1268	80003b94	012a	c.slli	x2,0xa	  x2:0xfffffff0  x2=0xffffc000
       13695000	      1270	80003b96	021845b3	div	x11,x16,x1	 x16:0x00000000  x1:0x00000000 x11=0xffffffff
       13705000	      1271	80003b9a	05f5c263	blt	x11,x31,80003bde	 x11:0xffffffff x31:0xfffffa35
       13715000	      1272	80003b9e	64c5	c.lui	x9,0x11	  x9=0x00011000
       13725000	      1273	80003ba0	609dc993	xori	x19,x27,1545	 x27:0x00000000 x19=0x00000609
       13745000	      1275	80003ba4	021660b3	rem	x1,x12,x1	 x12:0x80025ce4  x1:0x00000000  x1=0x80025ce4
       13755000	      1276	80003ba8	41d45713	srai	x14,x8,0x1d	  x8:0x80000000 x14=0xfffffffc
       14125000	      1313	80003bac	034d42b3	div	x5,x26,x20	 x26:0x00000000 x20:0xbdce9000  x5=0x00000000
       14135000	      1314	80003bb0	0000100f	fence.i	
       14175000	      1318	80003bb4	025501b3	mul	x3,x10,x5	 x10:0x00000000  x5:0x00000000  x3=0x00000000
       14185000	      1319	80003bb8	0ff0000f	fence	iorw,iorw	
       14195000	      1320	80003bbc	47e8b993	sltiu	x19,x17,1150	 x17:0x00000000 x19=0x00000001
       14205000	      1321	80003bc0	003ee363	bltu	x29,x3,80003bc6	 x29:0x00000000  x3:0x00000000
       14215000	      1322	80003bc4	8971	c.andi	x10,28	 x10:0x00000000 x10=0x00000000
       14225000	      1323	80003bc6	cb376793	ori	x15,x14,-845	 x14:0xfffffffc x15=0xffffffff
       14235000	      1324	80003bca	03915563	bge	x2,x25,80003bf4	  x2:0xffffc000 x25:0x7ffde19c
       14245000	      1325	80003bce	012563b3	or	x7,x10,x18	 x10:0x00000000 x18:0xffffffff  x7=0xffffffff
       14255000	      1326	80003bd2	8c91	c.sub	x9,x12	  x9:0x00011000 x12:0x80025ce4  x9=0x7ffeb31c
       14265000	      1327	80003bd4	983a	c.add	x16,x14	 x16:0x00000000 x14:0xfffffffc x16=0xfffffffc
       14275000	      1328	80003bd6	1c08	c.addi4spn	x10,x2,560	 x10=0xffffc230
       14285000	      1329	80003bd8	0232	c.slli	x4,0xc	  x4:0x00000000  x4=0x00000000
       14295000	      1330	80003bda	005f36b3	sltu	x13,x30,x5	 x30:0x00000000  x5:0x00000000 x13=0x00000000
       14305000	      1331	80003bde	01be1913	slli	x18,x28,0x1b	 x28:0x80021e64 x18=0x20000000
       14315000	      1332	80003be2	013cb2b3	sltu	x5,x25,x19	 x25:0x7ffde19c x19:0x00000001  x5=0x00000000
       14325000	      1333	80003be6	8cc03eb7	lui	x29,0x8cc03	 x29=0x8cc03000
       14335000	      1334	80003bea	0000100f	fence.i	
       14355000	      1336	80003bee	e089	c.bnez	x9,80003bf0	  x9:0x7ffeb31c
       14375000	      1338	80003bf0	db8ec537	lui	x10,0xdb8ec	 x10=0xdb8ec000
       14385000	      1339	80003bf4	01a5a733	slt	x14,x11,x26	 x11:0xffffffff x26:0x00000000 x14=0x00000001
       14395000	      1340	80003bf8	0ff0000f	fence	iorw,iorw	
       14405000	      1341	80003bfc	41d05cb3	sra	x25,x0,x29	  x0:0x00000000 x29:0x8cc03000 x25=0x00000000
       14445000	      1345	80003c00	02dc1033	mulh	x0,x24,x13	 x24:0x1ebc5e7c x13:0x00000000  x0=0x00000000
       14455000	      1346	80003c04	016a57b3	srl	x15,x20,x22	 x20:0xbdce9000 x22:0xffffe000 x15=0xbdce9000
       14465000	      1347	80003c08	022e	c.slli	x4,0xb	  x4:0x00000000  x4=0x00000000
       14475000	      1348	80003c0a	976e	c.add	x14,x27	 x14:0x00000001 x27:0x00000000 x14=0x00000001
       14845000	      1385	80003c0c	02cc4c33	div	x24,x24,x12	 x24:0x1ebc5e7c x12:0x80025ce4 x24=0x00000000
       14855000	      1386	80003c10	00d05563	bge	x0,x13,80003c1a	  x0:0x00000000 x13:0x00000000
       14885000	      1389	80003c1a	4058d313	srai	x6,x17,0x5	 x17:0x00000000  x6=0x00000000
       14895000	      1390	80003c1e	0052e133	or	x2,x5,x5	  x5:0x00000000  x5:0x00000000  x2=0x00000000
       14905000	      1391	80003c22	0097e5b3	or	x11,x15,x9	 x15:0xbdce9000  x9:0x7ffeb31c x11=0xfffeb31c
       14915000	      1392	80003c26	00d56233	or	x4,x10,x13	 x10:0xdb8ec000 x13:0x00000000  x4=0xdb8ec000
       14925000	      1393	80003c2a	9dae	c.add	x27,x11	 x27:0x00000000 x11:0xfffeb31c x27=0xfffeb31c
       14935000	      1394	80003c2c	e481	c.bnez	x9,80003c34	  x9:0x7ffeb31c
       14955000	      1396	80003c34	003ef133	and	x2,x29,x3	 x29:0x8cc03000  x3:0x00000000  x2=0x00000000
       14965000	      1397	80003c38	00565f33	srl	x30,x12,x5	 x12:0x80025ce4  x5:0x00000000 x30=0x80025ce4
       15005000	      1401	80003c3c	02701eb3	mulh	x29,x0,x7	  x0:0x00000000  x7:0xffffffff x29=0x00000000
       15015000	      1402	80003c40	0001	c.addi	x0,0	  x0:0x00000000  x0=0x00000000
       15025000	      1403	80003c42	0ff0000f	fence	iorw,iorw	
       15035000	      1404	80003c46	63d5	c.lui	x7,0x15	  x7=0x00015000
       15045000	      1405	80003c48	00ea8333	add	x6,x21,x14	 x21:0x00000373 x14:0x00000001  x6=0x00000374
       15055000	      1406	80003c4c	401d5d13	srai	x26,x26,0x1	 x26:0x00000000 x26=0x00000000
       15065000	      1407	80003c50	00ebf863	bgeu	x23,x14,80003c60	 x23:0x00000000 x14:0x00000001
       15075000	      1408	80003c54	9239c513	xori	x10,x19,-1757	 x19:0x00000001 x10=0xfffff922
       15085000	      1409	80003c58	8f26	c.mv	x30,x9	  x0:0x00000000  x9:0x7ffeb31c x30=0x7ffeb31c
       15095000	      1410	80003c5a	01d9df93	srli	x31,x19,0x1d	 x19:0x00000001 x31=0x00000000
       15105000	      1411	80003c5e	537d	c.li	x6,-1	  x6=0xffffffff
       15115000	      1412	80003c60	6241	c.lui	x4,0x10	  x4=0x00010000
       15125000	      1413	80003c62	01725833	srl	x16,x4,x23	  x4:0x00010000 x23:0x00000000 x16=0x00010000
       15165000	      1417	80003c66	023d9fb3	mulh	x31,x27,x3	 x27:0xfffeb31c  x3:0x00000000 x31=0x00000000
       15195000	      1420	80003c6a	03120ab3	mul	x21,x4,x17	  x4:0x00010000 x17:0x00000000 x21=0x00000000
       15205000	      1421	80003c6e	7abaf213	andi	x4,x21,1963	 x21:0x00000000  x4=0x00000000
       15215000	      1422	80003c72	40badeb3	sra	x29,x21,x11	 x21:0x00000000 x11:0xfffeb31c x29=0x00000000
       15225000	      1423	80003c76	01f00363	beq	x0,x31,80003c7c	  x0:0x00000000 x31:0x00000000
       15245000	      1425	80003c7c	4c25	c.li	x24,9	 x24=0x00000009
       15255000	      1426	80003c7e	8c95	c.sub	x9,x13	  x9:0x7ffeb31c x13:0x00000000  x9=0x7ffeb31c
       15265000	      1427	80003c80	d1c7e213	ori	x4,x15,-740	 x15:0xbdce9000  x4=0xfffffd1c
       15275000	      1428	80003c84	85e1	c.srai	x11,0x18	 x11:0xfffeb31c x11=0xffffffff
       15285000	      1429	80003c86	0001	c.addi	x0,0	  x0:0x00000000  x0=0x00000000
       15295000	      1430	80003c88	72ab0213	addi	x4,x22,1834	 x22:0xffffe000  x4=0xffffe72a
       15305000	      1431	80003c8c	499d	c.li	x19,7	 x19=0x00000007
       15315000	      1432	80003c8e	0ff0000f	fence	iorw,iorw	
       15325000	      1433	80003c92	00687db3	and	x27,x16,x6	 x16:0x00010000  x6:0xffffffff x27=0x00010000
       15335000	      1434	80003c96	0086d463	bge	x13,x8,80003c9e	 x13:0x00000000  x8:0x80000000
       15365000	      1437	80003c9e	020fd163	bge	x31,x0,80003cc0	 x31:0x00000000  x0:0x00000000
       15385000	      1439	80003cc0	018102b3	add	x5,x2,x24	  x2:0x00000000 x24:0x00000009  x5=0x00000009
       15395000	      1440	80003cc4	08f5	c.addi	x17,29	 x17:0x00000000 x17=0x0000001d
       15405000	      1441	80003cc6	00876033	or	x0,x14,x8	 x14:0x00000001  x8:0x80000000  x0=0x00000000
       15415000	      1442	80003cca	0199d093	srli	x1,x19,0x19	 x19:0x00000007  x1=0x00000000
       15425000	      1443	80003cce	d3ab0193	addi	x3,x22,-710	 x22:0xffffe000  x3=0xffffdd3a
       15435000	      1444	80003cd2	40e20133	sub	x2,x4,x14	  x4:0xffffe72a x14:0x00000001  x2=0xffffe729
       15445000	      1445	80003cd6	0ff0000f	fence	iorw,iorw	
       15455000	      1446	80003cda	0001	c.addi	x0,0	  x0:0x00000000  x0=0x00000000
       15825000	      1483	80003cdc	024fcfb3	div	x31,x31,x4	 x31:0x00000000  x4:0xffffe72a x31=0x00000000
       15835000	      1484	80003ce0	117d	c.addi	x2,-1	  x2:0xffffe729  x2=0xffffe728
       15855000	      1486	80003ce2	039fcc33	div	x24,x31,x25	 x31:0x00000000 x25:0x00000000 x24=0xffffffff
       15865000	      1487	80003ce6	017ae933	or	x18,x21,x23	 x21:0x00000000 x23:0x00000000 x18=0x00000000
       15875000	      1488	80003cea	ce12b313	sltiu	x6,x5,-799	  x5:0x00000009  x6=0x00000001
       15885000	      1489	80003cee	e3757013	andi	x0,x10,-457	 x10:0xfffff922  x0=0x00000000
       16255000	      1526	80003cf2	0344c933	div	x18,x9,x20	  x9:0x7ffeb31c x20:0xbdce9000 x18=0xffffffff
       16285000	      1529	80003cf6	02998833	mul	x16,x19,x9	 x19:0x00000007  x9:0x7ffeb31c x16=0x7ff6e5c4
       16295000	      1530	80003cfa	0000100f	fence.i	
       16315000	      1532	80003cfe	0001	c.addi	x0,0	  x0:0x00000000  x0=0x00000000
       16685000	      1569	80003d00	03b678b3	remu	x17,x12,x27	 x12:0x80025ce4 x27:0x00010000 x17=0x00005ce4
       16695000	      1570	80003d04	41cad933	sra	x18,x21,x28	 x21:0x00000000 x28:0x80021e64 x18=0x00000000
       16705000	      1571	80003d08	0256fd63	bgeu	x13,x5,80003d42	 x13:0x00000000  x5:0x00000009
       17075000	      1608	80003d0c	02bf4f33	div	x30,x30,x11	 x30:0x7ffeb31c x11:0xffffffff x30=0x80014ce4
       17085000	      1609	80003d10	00faf2b3	and	x5,x21,x15	 x21:0x00000000 x15:0xbdce9000  x5=0x00000000
       17105000	      1611	80003d14	03dfedb3	rem	x27,x31,x29	 x31:0x00000000 x29:0x00000000 x27=0x00000000
       17115000	      1612	80003d18	05596063	bltu	x18,x21,80003d58	 x18:0x00000000 x21:0x00000000
       17155000	      1616	80003d1c	03adbfb3	mulhu	x31,x27,x26	 x27:0x00000000 x26:0x00000000 x31=0x00000000
       17165000	      1617	80003d20	00595f93	srli	x31,x18,0x5	 x18:0x00000000 x31=0x00000000
       17175000	      1618	80003d24	cb50aa93	slti	x21,x1,-843	  x1:0x00000000 x21=0x00000000
       17185000	      1619	80003d28	004c8eb3	add	x29,x25,x4	 x25:0x00000000  x4:0xffffe72a x29=0xffffe72a
       17205000	      1621	80003d2c	037f7f33	remu	x30,x30,x23	 x30:0x80014ce4 x23:0x00000000 x30=0x80014ce4
       17215000	      1622	80003d30	01404b63	blt	x0,x20,80003d46	  x0:0x00000000 x20:0xbdce9000
       17225000	      1623	80003d34	8949	c.andi	x10,18	 x10:0xfffff922 x10=0x00000002
       17235000	      1624	80003d36	6161	c.addi16sp	x2,80	  x2:0xffffe728  x2=0xffffe778
       17245000	      1625	80003d38	04190063	beq	x18,x1,80003d78	 x18:0x00000000  x1:0x00000000
       17275000	      1628	80003d78	02565eb3	divu	x29,x12,x5	 x12:0x80025ce4  x5:0x00000000 x29=0xffffffff
       17645000	      1665	80003d7c	02c95c33	divu	x24,x18,x12	 x18:0x00000000 x12:0x80025ce4 x24=0x00000000
       17655000	      1666	80003d80	01995a13	srli	x20,x18,0x19	 x18:0x00000000 x20=0x00000000
       17665000	      1667	80003d84	01928663	beq	x5,x25,80003d90	  x5:0x00000000 x25:0x00000000
       17685000	      1669	80003d90	8759	c.srai	x14,0x16	 x14:0x00000001 x14=0x00000000
       17705000	      1671	80003d92	03f7c5b3	div	x11,x15,x31	 x15:0xbdce9000 x31:0x00000000 x11=0xffffffff
       17715000	      1672	80003d96	2ae3f193	andi	x3,x7,686	  x7:0x00015000  x3=0x00000000
       17725000	      1673	80003d9a	01498d63	beq	x19,x20,80003db4	 x19:0x00000007 x20:0x00000000
       18095000	      1710	80003d9e	0221d333	divu	x6,x3,x2	  x3:0x00000000  x2:0xffffe778  x6=0x00000000
       18105000	      1711	80003da2	40085993	srai	x19,x16,0x0	 x16:0x7ff6e5c4 x19=0x7ff6e5c4
       18115000	      1712	80003da6	0133fc63	bgeu	x7,x19,80003dbe	  x7:0x00015000 x19:0x7ff6e5c4
       18125000	      1713	80003daa	00c31913	slli	x18,x6,0xc	  x6:0x00000000 x18=0x00000000
       18135000	      1714	80003dae	8d8d	c.sub	x11,x11	 x11:0xffffffff x11:0xffffffff x11=0x00000000
       18505000	      1751	80003db0	03e3f7b3	remu	x15,x7,x30	  x7:0x00015000 x30:0x80014ce4 x15=0x00015000
       18515000	      1752	80003db4	94497017	auipc	x0,0x94497	  x0=0x00000000
       18525000	      1753	80003db8	8d85	c.sub	x11,x9	 x11:0x00000000  x9:0x7ffeb31c x11=0x80014ce4
       18535000	      1754	80003dba	0000100f	fence.i	
       18565000	      1757	80003dbe	0141feb3	and	x29,x3,x20	  x3:0x00000000 x20:0x00000000 x29=0x00000000
       18575000	      1758	80003dc2	00ceb233	sltu	x4,x29,x12	 x29:0x00000000 x12:0x80025ce4  x4=0x00000001
       18585000	      1759	80003dc6	02767663	bgeu	x12,x7,80003df2	 x12:0x80025ce4  x7:0x00015000
       18615000	      1762	80003df2	02778063	beq	x15,x7,80003e12	 x15:0x00015000  x7:0x00015000
       19005000	      1801	80003e12	0283e833	rem	x16,x7,x8	  x7:0x00015000  x8:0x80000000 x16=0x00015000
       19015000	      1802	80003e16	0ff0000f	fence	iorw,iorw	
       19025000	      1803	80003e1a	0001	c.addi	x0,0	  x0:0x00000000  x0=0x00000000
       19035000	      1804	80003e1c	027c4163	blt	x24,x7,80003e3e	 x24:0x00000000  x7:0x00015000
       19055000	      1806	80003e3e	151c	c.addi4spn	x15,x2,672	 x15=0xffffea18
       19075000	      1808	80003e40	023574b3	remu	x9,x10,x3	 x10:0x00000002  x3:0x00000000  x9=0x00000002
       19085000	      1809	80003e44	017f4d33	xor	x26,x30,x23	 x30:0x80014ce4 x23:0x00000000 x26=0x80014ce4
       19095000	      1810	80003e48	400080b3	sub	x1,x1,x0	  x1:0x00000000  x0:0x00000000  x1=0x00000000
       19105000	      1811	80003e4c	05ffc263	blt	x31,x31,80003e90	 x31:0x00000000 x31:0x00000000
       19115000	      1812	80003e50	fd040193	addi	x3,x8,-48	  x8:0x80000000  x3=0x7fffffd0
       19125000	      1813	80003e54	002dbc33	sltu	x24,x27,x2	 x27:0x00000000  x2:0xffffe778 x24=0x00000001
       19145000	      1815	80003e58	03736ab3	rem	x21,x6,x23	  x6:0x00000000 x23:0x00000000 x21=0x00000000
       19155000	      1816	80003e5c	051a	c.slli	x10,0x6	 x10:0x00000002 x10=0x00000080
       19185000	      1819	80003e5e	03b60f33	mul	x30,x12,x27	 x12:0x80025ce4 x27:0x00000000 x30=0x00000000
       19195000	      1820	80003e62	8385	c.srli	x15,0x1	 x15:0xffffea18 x15=0x7ffff50c
       19205000	      1821	80003e64	04237263	bgeu	x6,x2,80003ea8	  x6:0x00000000  x2:0xffffe778
       19225000	      1823	80003e68	03b840b3	div	x1,x16,x27	 x16:0x00015000 x27:0x00000000  x1=0xffffffff
       19235000	      1824	80003e6c	0146a3b3	slt	x7,x13,x20	 x13:0x00000000 x20:0x00000000  x7=0x00000000
       19275000	      1828	80003e70	031026b3	mulhsu	x13,x0,x17	  x0:0x00000000 x17:0x00005ce4 x13=0x00000000
       19285000	      1829	80003e74	1529c793	xori	x15,x19,338	 x19:0x7ff6e5c4 x15=0x7ff6e496
       19295000	      1830	80003e78	6f65	c.lui	x30,0x19	 x30=0x00019000
       19305000	      1831	80003e7a	cd99	c.beqz	x11,80003e98	 x11:0x80014ce4
       19315000	      1832	80003e7c	137d	c.addi	x6,-1	  x6:0x00000000  x6=0xffffffff
       19355000	      1836	80003e7e	03192533	mulhsu	x10,x18,x17	 x18:0x00000000 x17:0x00005ce4 x10=0x00000000
       19395000	      1840	80003e82	02d52fb3	mulhsu	x31,x10,x13	 x10:0x00000000 x13:0x00000000 x31=0x00000000
       19405000	      1841	80003e86	41768db3	sub	x27,x13,x23	 x13:0x00000000 x23:0x00000000 x27=0x00000000
       19415000	      1842	80003e8a	463ee017	auipc	x0,0x463ee	  x0=0x00000000
       19425000	      1843	80003e8e	99da	c.add	x19,x22	 x19:0x7ff6e5c4 x22:0xffffe000 x19=0x7ff6c5c4
       19435000	      1844	80003e90	014e9263	bne	x29,x20,80003e94	 x29:0x00000000 x20:0x00000000
       19455000	      1846	80003e94	03db58b3	divu	x17,x22,x29	 x22:0xffffe000 x29:0x00000000 x17=0xffffffff
       19465000	      1847	80003e98	0ff0000f	fence	iorw,iorw	
       19475000	      1848	80003e9c	0171c263	blt	x3,x23,80003ea0	  x3:0x7fffffd0 x23:0x00000000
       19485000	      1849	80003ea0	50fd	c.li	x1,-1	  x1=0xffffffff
       19495000	      1850	80003ea2	8b45	c.andi	x14,17	 x14:0x00000000 x14=0x00000000
       19865000	      1887	80003ea4	021ce7b3	rem	x15,x25,x1	 x25:0x00000000  x1:0xffffffff x15=0x00000000
       19875000	      1888	80003ea8	01b2ff33	and	x30,x5,x27	  x5:0x00000000 x27:0x00000000 x30=0x00000000
       19885000	      1889	80003eac	0183f4b3	and	x9,x7,x24	  x7:0x00000000 x24:0x00000001  x9=0x00000000
       19895000	      1890	80003eb0	8e8d	c.sub	x13,x11	 x13:0x00000000 x11:0x80014ce4 x13=0x7ffeb31c
       19935000	      1894	80003eb2	03489333	mulh	x6,x17,x20	 x17:0xffffffff x20:0x00000000  x6=0x00000000
       19945000	      1895	80003eb6	8e91	c.sub	x13,x12	 x13:0x7ffeb31c x12:0x80025ce4 x13=0xfffc5638
       19955000	      1896	80003eb8	0284	c.addi4spn	x9,x2,320	  x9=0xffffe8b8
       19965000	      1897	80003eba	0b8c	c.addi4spn	x11,x2,464	 x11=0xffffe948
       19975000	      1898	80003ebc	ef19	c.bnez	x14,80003eda	 x14:0x00000000
       19985000	      1899	80003ebe	41e5	c.li	x3,25	  x3=0x00000019
       19995000	      1900	80003ec0	9916	c.add	x18,x5	 x18:0x00000000  x5:0x00000000 x18=0x00000000
       20005000	      1901	80003ec2	013e1593	slli	x11,x28,0x13	 x28:0x80021e64 x11=0xf3200000
       20015000	      1902	80003ec6	8ea5	c.xor	x13,x9	 x13:0xfffc5638  x9:0xffffe8b8 x13=0x0003be80
       20025000	      1903	80003ec8	8ced	c.and	x9,x11	  x9:0xffffe8b8 x11:0xf3200000  x9=0xf3200000
       20035000	      1904	80003eca	48ed8793	addi	x15,x27,1166	 x27:0x00000000 x15=0x0000048e
       20045000	      1905	80003ece	e121	c.bnez	x10,80003f0e	 x10:0x00000000
       20055000	      1906	80003ed0	0002ab33	slt	x22,x5,x0	  x5:0x00000000  x0:0x00000000 x22=0x00000000
       20065000	      1907	80003ed4	8341	c.srli	x14,0x10	 x14:0x00000000 x14=0x00000000
       20075000	      1908	80003ed6	8379bf93	sltiu	x31,x19,-1993	 x19:0x7ff6c5c4 x31=0x00000001
       20085000	      1909	80003eda	8f95	c.sub	x15,x13	 x15:0x0000048e x13:0x0003be80 x15=0xfffc460e
       20095000	      1910	80003edc	8f81	c.sub	x15,x8	 x15:0xfffc460e  x8:0x80000000 x15=0x7ffc460e
       20105000	      1911	80003ede	01941033	sll	x0,x8,x25	  x8:0x80000000 x25:0x00000000  x0=0x00000000
       20115000	      1912	80003ee2	8f21	c.xor	x14,x8	 x14:0x00000000  x8:0x80000000 x14=0x80000000
       20125000	      1913	80003ee4	01fc8b63	beq	x25,x31,80003efa	 x25:0x00000000 x31:0x00000001
       20135000	      1914	80003ee8	88ca	c.mv	x17,x18	  x0:0x00000000 x18:0x00000000 x17=0x00000000
       20145000	      1915	80003eea	9bca	c.add	x23,x18	 x23:0x00000000 x18:0x00000000 x23=0x00000000
       20155000	      1916	80003eec	5732a497	auipc	x9,0x5732a	  x9=0xd732deec
       20165000	      1917	80003ef0	387d0d93	addi	x27,x26,903	 x26:0x80014ce4 x27=0x8001506b
       20185000	      1919	80003ef4	03455133	divu	x2,x10,x20	 x10:0x00000000 x20:0x00000000  x2=0xffffffff
       20195000	      1920	80003ef8	6125	c.addi16sp	x2,96	  x2:0xffffffff  x2=0x0000005f
       20565000	      1957	80003efa	024ae6b3	rem	x13,x21,x4	 x21:0x00000000  x4:0x00000001 x13=0x00000000
       20575000	      1958	80003efe	01839eb3	sll	x29,x7,x24	  x7:0x00000000 x24:0x00000001 x29=0x00000000
       20585000	      1959	80003f02	a1274993	xori	x19,x14,-1518	 x14:0x80000000 x19=0x7ffffa12
       20595000	      1960	80003f06	9d342f93	slti	x31,x8,-1581	  x8:0x80000000 x31=0x00000001
       20635000	      1964	80003f0a	028fbeb3	mulhu	x29,x31,x8	 x31:0x00000001  x8:0x80000000 x29=0x00000000
       20645000	      1965	80003f0e	0008c0b3	xor	x1,x17,x0	 x17:0x00000000  x0:0x00000000  x1=0x00000000
       20655000	      1966	80003f12	8a854e93	xori	x29,x10,-1880	 x10:0x00000000 x29=0xfffff8a8
       20665000	      1967	80003f16	ee95	c.bnez	x13,80003f52	 x13:0x00000000
       20675000	      1968	80003f18	0000100f	fence.i	
       20725000	      1973	80003f1c	029f9033	mulh	x0,x31,x9	 x31:0x00000001  x9:0xd732deec  x0=0x00000000
       20735000	      1974	80003f20	01bcd1b3	srl	x3,x25,x27	 x25:0x00000000 x27:0x8001506b  x3=0x00000000
       20745000	      1975	80003f24	02458963	beq	x11,x4,80003f56	 x11:0xf3200000  x4:0x00000001
       20755000	      1976	80003f28	00d2c463	blt	x5,x13,80003f30	  x5:0x00000000 x13:0x00000000
       20765000	      1977	80003f2c	05417463	bgeu	x2,x20,80003f74	  x2:0x0000005f x20:0x00000000
       20785000	      1979	80003f74	6d5d	c.lui	x26,0x17	 x26=0x00017000
       20795000	      1980	80003f76	01da8263	beq	x21,x29,80003f7a	 x21:0x00000000 x29:0xfffff8a8
       20805000	      1981	80003f7a	483d	c.li	x16,15	 x16=0x0000000f
       20815000	      1982	80003f7c	0275	c.addi	x4,29	  x4:0x00000001  x4=0x0000001e
       20825000	      1983	80003f7e	49d37293	andi	x5,x6,1181	  x6:0x00000000  x5=0x00000000
       20835000	      1984	80003f82	049ff013	andi	x0,x31,73	 x31:0x00000001  x0=0x00000000
       20875000	      1988	80003f86	025e90b3	mulh	x1,x29,x5	 x29:0xfffff8a8  x5:0x00000000  x1=0x00000000
       20885000	      1989	80003f8a	0269c063	blt	x19,x6,80003faa	 x19:0x7ffffa12  x6:0x00000000
       20895000	      1990	80003f8e	00c66b33	or	x22,x12,x12	 x12:0x80025ce4 x12:0x80025ce4 x22=0x80025ce4
       20905000	      1991	80003f92	ce42f313	andi	x6,x5,-796	  x5:0x00000000  x6=0x00000000
       20915000	      1992	80003f96	81c9	c.srli	x11,0x12	 x11:0xf3200000 x11=0x00003cc8
       20955000	      1996	80003f98	02d02733	mulhsu	x14,x0,x13	  x0:0x00000000 x13:0x00000000 x14=0x00000000
       20965000	      1997	80003f9c	0097eab3	or	x21,x15,x9	 x15:0x7ffc460e  x9:0xd732deec x21=0xfffedeee
       20975000	      1998	80003fa0	6139	c.addi16sp	x2,448	  x2:0x0000005f  x2=0x0000021f
       20985000	      1999	80003fa2	015d4133	xor	x2,x26,x21	 x26:0x00017000 x21:0xfffedeee  x2=0xffffaeee
       20995000	      2000	80003fa6	00dfccb3	xor	x25,x31,x13	 x31:0x00000001 x13:0x00000000 x25=0x00000001
       21005000	      2001	80003faa	00ba4fb3	xor	x31,x20,x11	 x20:0x00000000 x11:0x00003cc8 x31=0x00003cc8
       21015000	      2002	80003fae	02e1da63	bge	x3,x14,80003fe2	  x3:0x00000000 x14:0x00000000
       21045000	      2005	80003fe2	01cb1813	slli	x16,x22,0x1c	 x22:0x80025ce4 x16=0x40000000
       21055000	      2006	80003fe6	0001	c.addi	x0,0	  x0:0x00000000  x0=0x00000000
       21065000	      2007	80003fe8	018ca733	slt	x14,x25,x24	 x25:0x00000001 x24:0x00000001 x14=0x00000000
       21095000	      2010	80003fec	03da8b33	mul	x22,x21,x29	 x21:0xfffedeee x29:0xfffff8a8 x22=0x084adc30
       21105000	      2011	80003ff0	01ec5c93	srli	x25,x24,0x1e	 x24:0x00000001 x25=0x00000000
       21115000	      2012	80003ff4	01754563	blt	x10,x23,80003ffe	 x10:0x00000000 x23:0x00000000
       21125000	      2013	80003ff8	41df5593	srai	x11,x30,0x1d	 x30:0x00000000 x11=0x00000000
       21135000	      2014	80003ffc	8ef9	c.and	x13,x14	 x13:0x00000000 x14:0x00000000 x13=0x00000000
       21145000	      2015	80003ffe	033f1363	bne	x30,x19,80004024	 x30:0x00000000 x19:0x7ffffa12
       21165000	      2017	80004024	00d10363	beq	x2,x13,8000402a	  x2:0xffffaeee x13:0x00000000
       21175000	      2018	80004028	6531	c.lui	x10,0xc	 x10=0x0000c000
       21185000	      2019	8000402a	091a	c.slli	x18,0x6	 x18:0x00000000 x18=0x00000000
       21195000	      2020	8000402c	0460c363	blt	x1,x6,80004072	  x1:0x00000000  x6:0x00000000
       21205000	      2021	80004030	8561	c.srai	x10,0x18	 x10:0x0000c000 x10=0x00000000
       21215000	      2022	80004032	e5a9f193	andi	x3,x19,-422	 x19:0x7ffffa12  x3=0x7ffffa12
       21245000	      2025	80004036	03f489b3	mul	x19,x9,x31	  x9:0xd732deec x31:0x00003cc8 x19=0x0bfd7860
       21255000	      2026	8000403a	4180d493	srai	x9,x1,0x18	  x1:0x00000000  x9=0x00000000
       21265000	      2027	8000403e	0000100f	fence.i	
       21285000	      2029	80004042	8f6d	c.and	x14,x11	 x14:0x00000000 x11:0x00000000 x14=0x00000000
       21295000	      2030	80004044	0b36	c.slli	x22,0xd	 x22:0x084adc30 x22=0x5b860000
       21315000	      2032	80004046	021f55b3	divu	x11,x30,x1	 x30:0x00000000  x1:0x00000000 x11=0xffffffff
       21325000	      2033	8000404a	005ef533	and	x10,x29,x5	 x29:0xfffff8a8  x5:0x00000000 x10=0x00000000
       21335000	      2034	8000404e	41abdf33	sra	x30,x23,x26	 x23:0x00000000 x26:0x00017000 x30=0x00000000
       21345000	      2035	80004052	03a64563	blt	x12,x26,8000407c	 x12:0x80025ce4 x26:0x00017000
       21365000	      2037	8000407c	8489	c.srai	x9,0x2	  x9:0x00000000  x9=0x00000000
       21375000	      2038	8000407e	41da8d33	sub	x26,x21,x29	 x21:0xfffedeee x29:0xfffff8a8 x26=0xfffee646
       21385000	      2039	80004082	8fa1	c.xor	x15,x8	 x15:0x7ffc460e  x8:0x80000000 x15=0xfffc460e
       21395000	      2040	80004084	29454b13	xori	x22,x10,660	 x10:0x00000000 x22=0x00000294
       21405000	      2041	80004088	d13d2f13	slti	x30,x26,-749	 x26:0xfffee646 x30=0x00000001
       21415000	      2042	8000408c	80c9	c.srli	x9,0x12	  x9:0x00000000  x9=0x00000000
       21425000	      2043	8000408e	40ae5533	sra	x10,x28,x10	 x28:0x80021e64 x10:0x00000000 x10=0x80021e64
       21435000	      2044	80004092	02b06363	bltu	x0,x11,800040b8	  x0:0x00000000 x11:0xffffffff
       21455000	      2046	800040b8	0001	c.addi	x0,0	  x0:0x00000000  x0=0x00000000
       21465000	      2047	800040ba	01257a33	and	x20,x10,x18	 x10:0x80021e64 x18:0x00000000 x20=0x00000000
       21495000	      2050	800040be	03f50b33	mul	x22,x10,x31	 x10:0x80021e64 x31:0x00003cc8 x22=0x80c72e20
       21865000	      2087	800040c2	03f6fd33	remu	x26,x13,x31	 x13:0x00000000 x31:0x00003cc8 x26=0x00000000
       21875000	      2088	800040c6	003fc263	blt	x31,x3,800040ca	 x31:0x00003cc8  x3:0x7ffffa12
       21905000	      2091	800040ca	00d45593	srli	x11,x8,0xd	  x8:0x80000000 x11=0x00040000
       21915000	      2092	800040ce	ed81	c.bnez	x11,800040e6	 x11:0x00040000
       21945000	      2095	800040e6	0000100f	fence.i	
       21975000	      2098	800040ea	694ea197	auipc	x3,0x694ea	  x3=0xe94ee0ea
       21985000	      2099	800040ee	e199	c.bnez	x11,800040f4	 x11:0x00040000
       22005000	      2101	800040f4	00f4c933	xor	x18,x9,x15	  x9:0x00000000 x15:0xfffc460e x18=0xfffc460e
       22015000	      2102	800040f8	00eb1693	slli	x13,x22,0xe	 x22:0x80c72e20 x13=0xcb880000
       22025000	      2103	800040fc	e00e7093	andi	x1,x28,-512	 x28:0x80021e64  x1=0x80021e00
       22035000	      2104	80004100	8fed	c.and	x15,x11	 x15:0xfffc460e x11:0x00040000 x15=0x00040000
       22075000	      2108	80004102	028c2533	mulhsu	x10,x24,x8	 x24:0x00000001  x8:0x80000000 x10=0x00000000
       22085000	      2109	80004106	0000100f	fence.i	
       22475000	      2148	8000410a	036bf0b3	remu	x1,x23,x22	 x23:0x00000000 x22:0x80c72e20  x1=0x00000000
       22485000	      2149	8000410e	016d9963	bne	x27,x22,80004120	 x27:0x8001506b x22:0x80c72e20
       22525000	      2153	80004120	023d0b33	mul	x22,x26,x3	 x26:0x00000000  x3:0xe94ee0ea x22=0x00000000
       22895000	      2190	80004124	02bf6bb3	rem	x23,x30,x11	 x30:0x00000001 x11:0x00040000 x23=0x00000001
       22905000	      2191	80004128	03b61563	bne	x12,x27,80004152	 x12:0x80025ce4 x27:0x8001506b
       22925000	      2193	80004152	0d0c	c.addi4spn	x11,x2,656	 x11=0xffffb17e
       22935000	      2194	80004154	8ec9	c.or	x13,x10	 x13:0xcb880000 x10:0x00000000 x13=0xcb880000
       22945000	      2195	80004156	02a9f863	bgeu	x19,x10,80004186	 x19:0x0bfd7860 x10:0x00000000
       22975000	      2198	80004186	02529363	bne	x5,x5,800041ac	  x5:0x00000000  x5:0x00000000
       23015000	      2202	8000418a	027fb3b3	mulhu	x7,x31,x7	 x31:0x00003cc8  x7:0x00000000  x7=0x00000000
       23055000	      2206	8000418e	02491833	mulh	x16,x18,x4	 x18:0xfffc460e  x4:0x0000001e x16=0xffffffff
       23095000	      2210	80004192	02cd9a33	mulh	x20,x27,x12	 x27:0x8001506b x12:0x80025ce4 x20=0x3ffe295b
       23105000	      2211	80004196	75f08793	addi	x15,x1,1887	  x1:0x00000000 x15=0x0000075f
       23115000	      2212	8000419a	e98d	c.bnez	x11,800041cc	 x11:0xffffb17e
       23135000	      2214	800041cc	717d	c.addi16sp	x2,-16	  x2:0xffffaeee  x2=0xffffaede
       23145000	      2215	800041ce	43482113	slti	x2,x16,1076	 x16:0xffffffff  x2=0x00000001
       23155000	      2216	800041d2	8216	c.mv	x4,x5	  x0:0x00000000  x5:0x00000000  x4=0x00000000
       23165000	      2217	800041d4	8515	c.srai	x10,0x5	 x10:0x00000000 x10=0x00000000
       23175000	      2218	800041d6	8cd1	c.or	x9,x12	  x9:0x00000000 x12:0x80025ce4  x9=0x80025ce4
       23185000	      2219	800041d8	00513f33	sltu	x30,x2,x5	  x2:0x00000001  x5:0x00000000 x30=0x00000000
       23195000	      2220	800041dc	c58ada97	auipc	x21,0xc58ad	 x21=0x458b11dc
       23205000	      2221	800041e0	8cdd	c.or	x9,x15	  x9:0x80025ce4 x15:0x0000075f  x9=0x80025fff
       23215000	      2222	800041e2	017a6533	or	x10,x20,x23	 x20:0x3ffe295b x23:0x00000001 x10=0x3ffe295b
       23225000	      2223	800041e6	000e4f33	xor	x30,x28,x0	 x28:0x80021e64  x0:0x00000000 x30=0x80021e64
       23235000	      2224	800041ea	40988eb3	sub	x29,x17,x9	 x17:0x00000000  x9:0x80025fff x29=0x7ffda001
       23245000	      2225	800041ee	e90fab93	slti	x23,x31,-368	 x31:0x00003cc8 x23=0x00000000
       23255000	      2226	800041f2	f3e48eb7	lui	x29,0xf3e48	 x29=0xf3e48000
       23265000	      2227	800041f6	000b7263	bgeu	x22,x0,800041fa	 x22:0x00000000  x0:0x00000000
       23295000	      2230	800041fa	eb5cfb93	andi	x23,x25,-331	 x25:0x00000000 x23=0x00000000
       23305000	      2231	800041fe	01bd9363	bne	x27,x27,80004204	 x27:0x8001506b x27:0x8001506b
       23315000	      2232	80004202	8d41	c.or	x10,x8	 x10:0x3ffe295b  x8:0x80000000 x10=0xbffe295b
       23325000	      2233	80004204	8e707313	andi	x6,x0,-1817	  x0:0x00000000  x6=0x00000000
       23335000	      2234	80004208	37c97193	andi	x3,x18,892	 x18:0xfffc460e  x3=0x0000020c
       23345000	      2235	8000420c	0001	c.addi	x0,0	  x0:0x00000000  x0=0x00000000
       23355000	      2236	8000420e	40b00933	sub	x18,x0,x11	  x0:0x00000000 x11:0xffffb17e x18=0x00004e82
       23365000	      2237	80004212	dcb5bd93	sltiu	x27,x11,-565	 x11:0xffffb17e x27=0x00000001
       23375000	      2238	80004216	008452b3	srl	x5,x8,x8	  x8:0x80000000  x8:0x80000000  x5=0x80000000
       23745000	      2275	8000421a	025e48b3	div	x17,x28,x5	 x28:0x80021e64  x5:0x80000000 x17=0x00000000
       23755000	      2276	8000421e	41338cb3	sub	x25,x7,x19	  x7:0x00000000 x19:0x0bfd7860 x25=0xf40287a0
       23765000	      2277	80004222	c185	c.beqz	x11,80004242	 x11:0xffffb17e
       23775000	      2278	80004224	ed89	c.bnez	x11,8000423e	 x11:0xffffb17e
       24165000	      2317	8000423e	0386e2b3	rem	x5,x13,x24	 x13:0xcb880000 x24:0x00000001  x5=0x00000000
       24175000	      2318	80004242	05448063	beq	x9,x20,80004282	  x9:0x80025fff x20:0x3ffe295b
       24185000	      2319	80004246	9bfd	c.andi	x15,-1	 x15:0x0000075f x15=0x0000075f
       24555000	      2356	80004248	03457c33	remu	x24,x10,x20	 x10:0xbffe295b x20:0x3ffe295b x24=0x0003ad4a
       24565000	      2357	8000424c	4809	c.li	x16,2	 x16=0x00000002
       24575000	      2358	8000424e	0001	c.addi	x0,0	  x0:0x00000000  x0=0x00000000
       24585000	      2359	80004250	41a75333	sra	x6,x14,x26	 x14:0x00000000 x26:0x00000000  x6=0x00000000
       24595000	      2360	80004254	00761e93	slli	x29,x12,0x7	 x12:0x80025ce4 x29=0x012e7200
       24605000	      2361	80004258	401758b3	sra	x17,x14,x1	 x14:0x00000000  x1:0x00000000 x17=0x00000000
       24615000	      2362	8000425c	8f79	c.and	x14,x14	 x14:0x00000000 x14:0x00000000 x14=0x00000000
       24625000	      2363	8000425e	0074a033	slt	x0,x9,x7	  x9:0x80025fff  x7:0x00000000  x0=0x00000000
       24635000	      2364	80004262	00244bb3	xor	x23,x8,x2	  x8:0x80000000  x2:0x00000001 x23=0x80000001
       24645000	      2365	80004266	8d75	c.and	x10,x13	 x10:0xbffe295b x13:0xcb880000 x10=0x8b880000
       24655000	      2366	80004268	0001	c.addi	x0,0	  x0:0x00000000  x0=0x00000000
       24695000	      2370	8000426a	03f727b3	mulhsu	x15,x14,x31	 x14:0x00000000 x31:0x00003cc8 x15=0x00000000
       24705000	      2371	8000426e	0155a033	slt	x0,x11,x21	 x11:0xffffb17e x21:0x458b11dc  x0=0x00000000
       24715000	      2372	80004272	01354a63	blt	x10,x19,80004286	 x10:0x8b880000 x19:0x0bfd7860
       24745000	      2375	80004286	40bc0ab3	sub	x21,x24,x11	 x24:0x0003ad4a x11:0xffffb17e x21=0x0003fbcc
       24755000	      2376	8000428a	0062da33	srl	x20,x5,x6	  x5:0x00000000  x6:0x00000000 x20=0x00000000
       24765000	      2377	8000428e	6ccc22b7	lui	x5,0x6ccc2	  x5=0x6ccc2000
       24775000	      2378	80004292	8f01	c.sub	x14,x8	 x14:0x00000000  x8:0x80000000 x14=0x80000000
       24785000	      2379	80004294	0001	c.addi	x0,0	  x0:0x00000000  x0=0x00000000
       24795000	      2380	80004296	02b77463	bgeu	x14,x11,800042be	 x14:0x80000000 x11:0xffffb17e
       24805000	      2381	8000429a	813d	c.srli	x10,0xf	 x10:0x8b880000 x10=0x00011710
       24815000	      2382	8000429c	e299	c.bnez	x13,800042a2	 x13:0xcb880000
       24855000	      2386	800042a2	0266dcb3	divu	x25,x13,x6	 x13:0xcb880000  x6:0x00000000 x25=0xffffffff
       24865000	      2387	800042a6	0b2a	c.slli	x22,0xa	 x22:0x00000000 x22=0x00000000
       24875000	      2388	800042a8	0ff0000f	fence	iorw,iorw	
       24885000	      2389	800042ac	839d	c.srli	x15,0x7	 x15:0x00000000 x15=0x00000000
       24895000	      2390	800042ae	6ae0e093	ori	x1,x1,1710	  x1:0x00000000  x1=0x000006ae
       24935000	      2394	800042b2	02ea2ab3	mulhsu	x21,x20,x14	 x20:0x00000000 x14:0x80000000 x21=0x00000000
       24945000	      2395	800042b6	01c96233	or	x4,x18,x28	 x18:0x00004e82 x28:0x80021e64  x4=0x80025ee6
       24955000	      2396	800042ba	417b5d13	srai	x26,x22,0x17	 x22:0x00000000 x26=0x00000000
       24965000	      2397	800042be	0001	c.addi	x0,0	  x0:0x00000000  x0=0x00000000
       25335000	      2434	800042c0	03cf4233	div	x4,x30,x28	 x30:0x80021e64 x28:0x80021e64  x4=0x00000001
       25345000	      2435	800042c4	6ec5	c.lui	x29,0x11	 x29=0x00011000
       25355000	      2436	800042c6	8db1	c.xor	x11,x12	 x11:0xffffb17e x12:0x80025ce4 x11=0x7ffded9a
       25365000	      2437	800042c8	01bf29b3	slt	x19,x30,x27	 x30:0x80021e64 x27:0x00000001 x19=0x00000001
       25375000	      2438	800042cc	4d445e97	auipc	x29,0x4d445	 x29=0xcd4492cc
       25385000	      2439	800042d0	03339b63	bne	x7,x19,80004306	  x7:0x00000000 x19:0x00000001
       25415000	      2442	80004306	00489a93	slli	x21,x17,0x4	 x17:0x00000000 x21=0x00000000
       25425000	      2443	8000430a	1204	c.addi4spn	x9,x2,288	  x9=0x00000121
       25795000	      2480	8000430c	03d0d7b3	divu	x15,x1,x29	  x1:0x000006ae x29:0xcd4492cc x15=0x00000000
       25835000	      2484	80004310	035ca1b3	mulhsu	x3,x25,x21	 x25:0xffffffff x21:0x00000000  x3=0x00000000
       25845000	      2485	80004314	8885	c.andi	x9,1	  x9:0x00000121  x9=0x00000001
       25855000	      2486	80004316	99343f13	sltiu	x30,x8,-1645	  x8:0x80000000 x30=0x00000001
       25865000	      2487	8000431a	cd7ef593	andi	x11,x29,-809	 x29:0xcd4492cc x11=0xcd4490c4
       25905000	      2491	8000431e	02c61d33	mulh	x26,x12,x12	 x12:0x80025ce4 x12:0x80025ce4 x26=0x3ffda321
       25915000	      2492	80004322	8e85	c.sub	x13,x9	 x13:0xcb880000  x9:0x00000001 x13=0xcb87ffff
       25925000	      2493	80004324	015069b3	or	x19,x0,x21	  x0:0x00000000 x21:0x00000000 x19=0x00000000
       25935000	      2494	80004328	cb81	c.beqz	x15,80004338	 x15:0x00000000
       25965000	      2497	80004338	033ce033	rem	x0,x25,x19	 x25:0xffffffff x19:0x00000000  x0=0x00000000
       25975000	      2498	8000433c	8d35	c.xor	x10,x13	 x10:0x00011710 x13:0xcb87ffff x10=0xcb86e8ef
       26015000	      2502	8000433e	03419fb3	mulh	x31,x3,x20	  x3:0x00000000 x20:0x00000000 x31=0x00000000
       26025000	      2503	80004342	0159d663	bge	x19,x21,8000434e	 x19:0x00000000 x21:0x00000000
       26055000	      2506	8000434e	02cfe063	bltu	x31,x12,8000436e	 x31:0x00000000 x12:0x80025ce4
       26085000	      2509	8000436e	63db0d17	auipc	x26,0x63db0	 x26=0xe3db436e
       26095000	      2510	80004372	4d8a35b7	lui	x11,0x4d8a3	 x11=0x4d8a3000
       26115000	      2512	80004376	02f97a33	remu	x20,x18,x15	 x18:0x00004e82 x15:0x00000000 x20=0x00004e82
       26125000	      2513	8000437a	4153deb3	sra	x29,x7,x21	  x7:0x00000000 x21:0x00000000 x29=0x00000000
       26135000	      2514	8000437e	02264863	blt	x12,x2,800043ae	 x12:0x80025ce4  x2:0x00000001
       26155000	      2516	800043ae	0496	c.slli	x9,0x5	  x9:0x00000001  x9=0x00000020
       26165000	      2517	800043b0	4131d113	srai	x2,x3,0x13	  x3:0x00000000  x2=0x00000000
       26175000	      2518	800043b4	0001	c.addi	x0,0	  x0:0x00000000  x0=0x00000000
       26185000	      2519	800043b6	04997463	bgeu	x18,x9,800043fe	 x18:0x00004e82  x9:0x00000020
       26215000	      2522	800043fe	013330b3	sltu	x1,x6,x19	  x6:0x00000000 x19:0x00000000  x1=0x00000000
       26225000	      2523	80004402	e50d	c.bnez	x10,8000442c	 x10:0xcb86e8ef
       26245000	      2525	8000442c	00fc9363	bne	x25,x15,80004432	 x25:0xffffffff x15:0x00000000
       26275000	      2528	80004432	00a98a63	beq	x19,x10,80004446	 x19:0x00000000 x10:0xcb86e8ef
       26285000	      2529	80004436	e309	c.bnez	x14,80004438	 x14:0x80000000
       26305000	      2531	80004438	003a4733	xor	x14,x20,x3	 x20:0x00004e82  x3:0x00000000 x14=0x00004e82
       26315000	      2532	8000443c	875e	c.mv	x14,x23	  x0:0x00000000 x23:0x80000001 x14=0x80000001
       26325000	      2533	8000443e	038c4063	blt	x24,x24,8000445e	 x24:0x0003ad4a x24:0x0003ad4a
       26335000	      2534	80004442	8ced	c.and	x9,x11	  x9:0x00000020 x11:0x4d8a3000  x9=0x00000000
       26345000	      2535	80004444	c89d	c.beqz	x9,8000447a	  x9:0x00000000
       26375000	      2538	8000447a	5a94fa93	andi	x21,x9,1449	  x9:0x00000000 x21=0x00000000
       26385000	      2539	8000447e	836a	c.mv	x6,x26	  x0:0x00000000 x26:0xe3db436e  x6=0xe3db436e
       26395000	      2540	80004480	8cc5	c.or	x9,x9	  x9:0x00000000  x9:0x00000000  x9=0x00000000
       26405000	      2541	80004482	4157db33	sra	x22,x15,x21	 x15:0x00000000 x21:0x00000000 x22=0x00000000
       26415000	      2542	80004486	615d	c.addi16sp	x2,432	  x2:0x00000000  x2=0x000001b0
       26425000	      2543	80004488	1688	c.addi4spn	x10,x2,864	 x10=0x00000510
       26435000	      2544	8000448a	a0688913	addi	x18,x17,-1530	 x17:0x00000000 x18=0xfffffa06
       26445000	      2545	8000448e	8519	c.srai	x10,0x6	 x10:0x00000510 x10=0x00000014
       26455000	      2546	80004490	015f7233	and	x4,x30,x21	 x30:0x00000001 x21:0x00000000  x4=0x00000000
       26465000	      2547	80004494	01845333	srl	x6,x8,x24	  x8:0x80000000 x24:0x0003ad4a  x6=0x00200000
       26475000	      2548	80004498	c505	c.beqz	x10,800044c0	 x10:0x00000014
       26485000	      2549	8000449a	00524e63	blt	x4,x5,800044b6	  x4:0x00000000  x5:0x6ccc2000
       26515000	      2552	800044b6	ceed4c13	xori	x24,x26,-786	 x26:0xe3db436e x24=0x1c24bf80
       26525000	      2553	800044ba	015e	c.slli	x2,0x17	  x2:0x000001b0  x2=0xd8000000
       26555000	      2556	800044bc	027e02b3	mul	x5,x28,x7	 x28:0x80021e64  x7:0x00000000  x5=0x00000000
       26565000	      2557	800044c0	6b09	c.lui	x22,0x2	 x22=0x00002000
       26575000	      2558	800044c2	0356c263	blt	x13,x21,800044e6	 x13:0xcb87ffff x21:0x00000000
       26605000	      2561	800044e6	018992b3	sll	x5,x19,x24	 x19:0x00000000 x24:0x1c24bf80  x5=0x00000000
       26615000	      2562	800044ea	00a64fb3	xor	x31,x12,x10	 x12:0x80025ce4 x10:0x00000014 x31=0x80025cf0
       26625000	      2563	800044ee	7e3c2693	slti	x13,x24,2019	 x24:0x1c24bf80 x13=0x00000000
       26635000	      2564	800044f2	8319	c.srli	x14,0x6	 x14:0x80000001 x14=0x02000000
       26645000	      2565	800044f4	01eeac33	slt	x24,x29,x30	 x29:0x00000000 x30:0x00000001 x24=0x00000001
       26665000	      2567	800044f8	03df6eb3	rem	x29,x30,x29	 x30:0x00000001 x29:0x00000000 x29=0x00000001
       26675000	      2568	800044fc	0066dc33	srl	x24,x13,x6	 x13:0x00000000  x6:0x00200000 x24=0x00000000
       26685000	      2569	80004500	06336193	ori	x3,x6,99	  x6:0x00200000  x3=0x00200063
       26695000	      2570	80004504	0001	c.addi	x0,0	  x0:0x00000000  x0=0x00000000
       26705000	      2571	80004506	05b0e063	bltu	x1,x27,80004546	  x1:0x00000000 x27:0x00000001
       26725000	      2573	80004546	717d	c.addi16sp	x2,-16	  x2:0xd8000000  x2=0xd7fffff0
       26735000	      2574	80004548	00306c33	or	x24,x0,x3	  x0:0x00000000  x3:0x00200063 x24=0x00200063
       26775000	      2578	8000454c	02e720b3	mulhsu	x1,x14,x14	 x14:0x02000000 x14:0x02000000  x1=0x00040000
       26785000	      2579	80004550	01096d63	bltu	x18,x16,8000456a	 x18:0xfffffa06 x16:0x00000002
       26795000	      2580	80004554	0316fa63	bgeu	x13,x17,80004588	 x13:0x00000000 x17:0x00000000
       26825000	      2583	80004588	02f1e7b3	rem	x15,x3,x15	  x3:0x00200063 x15:0x00000000 x15=0x00200063
       26835000	      2584	8000458c	406addb3	sra	x27,x21,x6	 x21:0x00000000  x6:0x00200000 x27=0x00000000
       26845000	      2585	80004590	01c0fdb3	and	x27,x1,x28	  x1:0x00040000 x28:0x80021e64 x27=0x00000000
       26855000	      2586	80004594	8ded	c.and	x11,x11	 x11:0x4d8a3000 x11:0x4d8a3000 x11=0x4d8a3000
       26865000	      2587	80004596	bfd73593	sltiu	x11,x14,-1027	 x14:0x02000000 x11=0x00000001
       26905000	      2591	8000459a	03979f33	mulh	x30,x15,x25	 x15:0x00200063 x25:0xffffffff x30=0xffffffff
       26915000	      2592	8000459e	413ad113	srai	x2,x21,0x13	 x21:0x00000000  x2=0x00000000
       26925000	      2593	800045a2	076e	c.slli	x14,0x1b	 x14:0x02000000 x14=0x00000000
       26935000	      2594	800045a4	038ef363	bgeu	x29,x24,800045ca	 x29:0x00000001 x24:0x00200063
       26945000	      2595	800045a8	0158d513	srli	x10,x17,0x15	 x17:0x00000000 x10=0x00000000
       26975000	      2598	800045ac	02b708b3	mul	x17,x14,x11	 x14:0x00000000 x11:0x00000001 x17=0x00000000
       26985000	      2599	800045b0	e299	c.bnez	x13,800045b6	 x13:0x00000000
       26995000	      2600	800045b2	99fd	c.andi	x11,-1	 x11:0x00000001 x11=0x00000001
       27005000	      2601	800045b4	8931	c.andi	x10,12	 x10:0x00000000 x10=0x00000000
       27015000	      2602	800045b6	80d9	c.srli	x9,0x16	  x9:0x00000000  x9=0x00000000
       27025000	      2603	800045b8	6399	c.lui	x7,0x6	  x7=0x00006000
       27045000	      2605	800045ba	0254ff33	remu	x30,x9,x5	  x9:0x00000000  x5:0x00000000 x30=0x00000000
       27055000	      2606	800045be	017a1363	bne	x20,x23,800045c4	 x20:0x00004e82 x23:0x80000001
       27435000	      2644	800045c4	028740b3	div	x1,x14,x8	 x14:0x00000000  x8:0x80000000  x1=0x00000000
       27445000	      2645	800045c8	4349	c.li	x6,18	  x6=0x00000012
       27455000	      2646	800045ca	41105893	srai	x17,x0,0x11	  x0:0x00000000 x17=0x00000000
       27465000	      2647	800045ce	9f108a97	auipc	x21,0x9f108	 x21=0x1f10c5ce
       27475000	      2648	800045d2	c6b81eb7	lui	x29,0xc6b81	 x29=0xc6b81000
       27485000	      2649	800045d6	0028fab3	and	x21,x17,x2	 x17:0x00000000  x2:0x00000000 x21=0x00000000
       27495000	      2650	800045da	03ea1563	bne	x20,x30,80004604	 x20:0x00004e82 x30:0x00000000
       27515000	      2652	80004604	0b75	c.addi	x22,29	 x22:0x00002000 x22=0x0000201d
       27525000	      2653	80004606	41f45693	srai	x13,x8,0x1f	  x8:0x80000000 x13=0xffffffff
       27535000	      2654	8000460a	187d	c.addi	x16,-1	 x16:0x00000002 x16=0x00000001
       27545000	      2655	8000460c	400cd813	srai	x16,x25,0x0	 x25:0xffffffff x16=0xffffffff
       27555000	      2656	80004610	1c04	c.addi4spn	x9,x2,560	  x9=0x00000230
       27565000	      2657	80004612	0000100f	fence.i	
       27595000	      2660	80004616	b85af793	andi	x15,x21,-1147	 x21:0x00000000 x15=0x00000000
       27605000	      2661	8000461a	01649113	slli	x2,x9,0x16	  x9:0x00000230  x2=0x8c000000
       27615000	      2662	8000461e	03ecd963	bge	x25,x30,80004650	 x25:0xffffffff x30:0x00000000
       27625000	      2663	80004622	00110263	beq	x2,x1,80004626	  x2:0x8c000000  x1:0x00000000
       27635000	      2664	80004626	00264463	blt	x12,x2,8000462e	 x12:0x80025ce4  x2:0x8c000000
       28025000	      2703	8000462e	03ad46b3	div	x13,x26,x26	 x26:0xe3db436e x26:0xe3db436e x13=0x00000001
       28035000	      2704	80004632	41ed5593	srai	x11,x26,0x1e	 x26:0xe3db436e x11=0xffffffff
       28045000	      2705	80004636	8f41	c.or	x14,x8	 x14:0x00000000  x8:0x80000000 x14=0x80000000
       28055000	      2706	80004638	26c49d37	lui	x26,0x26c49	 x26=0x26c49000
       28065000	      2707	8000463c	614d	c.addi16sp	x2,176	  x2:0x8c000000  x2=0x8c0000b0
       28075000	      2708	8000463e	6545	c.lui	x10,0x11	 x10=0x00011000
       28085000	      2709	80004640	43b9	c.li	x7,14	  x7=0x0000000e
       28095000	      2710	80004642	056a	c.slli	x10,0x1a	 x10:0x00011000 x10=0x00000000
       28115000	      2712	80004644	0212fb33	remu	x22,x5,x1	  x5:0x00000000  x1:0x00000000 x22=0x00000000
       28125000	      2713	80004648	0085d963	bge	x11,x8,8000465a	 x11:0xffffffff  x8:0x80000000
       28145000	      2715	8000465a	84b5	c.srai	x9,0xd	  x9:0x00000230  x9=0x00000000
       28155000	      2716	8000465c	8fed	c.and	x15,x11	 x15:0x00000000 x11:0xffffffff x15=0x00000000
       28165000	      2717	8000465e	038c	c.addi4spn	x11,x2,448	 x11=0x8c000270
       28175000	      2718	80004660	e681	c.bnez	x13,80004668	 x13:0x00000001
       28195000	      2720	80004668	01c0deb3	srl	x29,x1,x28	  x1:0x00000000 x28:0x80021e64 x29=0x00000000
       28205000	      2721	8000466c	01a22097	auipc	x1,0x1a22	  x1=0x81a2666c
       28215000	      2722	80004670	01ffa833	slt	x16,x31,x31	 x31:0x80025cf0 x31:0x80025cf0 x16=0x00000000
       28225000	      2723	80004674	8ce1	c.and	x9,x8	  x9:0x00000000  x8:0x80000000  x9=0x00000000
       28235000	      2724	80004676	95ea	c.add	x11,x26	 x11:0x8c000270 x26:0x26c49000 x11=0xb2c49270
       28255000	      2726	80004678	0204f933	remu	x18,x9,x0	  x9:0x00000000  x0:0x00000000 x18=0x00000000
       28265000	      2727	8000467c	2d68e593	ori	x11,x17,726	 x17:0x00000000 x11=0x000002d6
       28275000	      2728	80004680	73088093	addi	x1,x17,1840	 x17:0x00000000  x1=0x00000730
       28285000	      2729	80004684	05ce	c.slli	x11,0x13	 x11:0x000002d6 x11=0x16b00000
       28295000	      2730	80004686	cb11	c.beqz	x14,8000469a	 x14:0x80000000
       28305000	      2731	80004688	8812	c.mv	x16,x4	  x0:0x00000000  x4:0x00000000 x16=0x00000000
       28315000	      2732	8000468a	015d61b3	or	x3,x26,x21	 x26:0x26c49000 x21:0x00000000  x3=0x26c49000
       28325000	      2733	8000468e	0001	c.addi	x0,0	  x0:0x00000000  x0=0x00000000
       28335000	      2734	80004690	99be	c.add	x19,x15	 x19:0x00000000 x15:0x00000000 x19=0x00000000
       28345000	      2735	80004692	0000100f	fence.i	
       28375000	      2738	80004696	00db5f33	srl	x30,x22,x13	 x22:0x00000000 x13:0x00000001 x30=0x00000000
       28385000	      2739	8000469a	8dc9	c.or	x11,x10	 x11:0x16b00000 x10:0x00000000 x11=0x16b00000
       28395000	      2740	8000469c	40ecdd33	sra	x26,x25,x14	 x25:0xffffffff x14:0x80000000 x26=0xffffffff
       28405000	      2741	800046a0	41315f13	srai	x30,x2,0x13	  x2:0x8c0000b0 x30=0xfffff180
       28775000	      2778	800046a4	03a1ec33	rem	x24,x3,x26	  x3:0x26c49000 x26:0xffffffff x24=0x00000000
       28785000	      2779	800046a8	8f55	c.or	x14,x13	 x14:0x80000000 x13:0x00000001 x14=0x80000001
       28795000	      2780	800046aa	4249	c.li	x4,18	  x4=0x00000012
       28805000	      2781	800046ac	82cd	c.srli	x13,0x13	 x13:0x00000001 x13=0x00000000
       29175000	      2818	800046ae	037f4f33	div	x30,x30,x23	 x30:0xfffff180 x23:0x80000001 x30=0x00000000
       29185000	      2819	800046b2	00dd5663	bge	x26,x13,800046be	 x26:0xffffffff x13:0x00000000
       29555000	      2856	800046b6	03cbf6b3	remu	x13,x23,x28	 x23:0x80000001 x28:0x80021e64 x13=0x80000001
       29565000	      2857	800046ba	0ff0000f	fence	iorw,iorw	
       29935000	      2894	800046be	02ba44b3	div	x9,x20,x11	 x20:0x00004e82 x11:0x16b00000  x9=0x00000000
       29945000	      2895	800046c2	0d51	c.addi	x26,20	 x26:0xffffffff x26=0x00000013
       29955000	      2896	800046c4	3b988513	addi	x10,x17,953	 x17:0x00000000 x10=0x000003b9
       29965000	      2897	800046c8	004e8d33	add	x26,x29,x4	 x29:0x00000000  x4:0x00000012 x26=0x00000012
       29975000	      2898	800046cc	fa2bc813	xori	x16,x23,-94	 x23:0x80000001 x16=0x7fffffa3
       29985000	      2899	800046d0	407985b3	sub	x11,x19,x7	 x19:0x00000000  x7:0x0000000e x11=0xfffffff2
       29995000	      2900	800046d4	e285	c.bnez	x13,800046f4	 x13:0x80000001
       30015000	      2902	800046f4	0000100f	fence.i	
       30035000	      2904	800046f8	875d	c.srai	x14,0x17	 x14:0x80000001 x14=0xffffff00
       30045000	      2905	800046fa	8e9d	c.sub	x13,x15	 x13:0x80000001 x15:0x00000000 x13=0x80000001
       30055000	      2906	800046fc	0001	c.addi	x0,0	  x0:0x00000000  x0=0x00000000
       30065000	      2907	800046fe	0001	c.addi	x0,0	  x0:0x00000000  x0=0x00000000
       30105000	      2911	80004700	0329adb3	mulhsu	x27,x19,x18	 x19:0x00000000 x18:0x00000000 x27=0x00000000
       30115000	      2912	80004704	c4953197	auipc	x3,0xc4953	  x3=0x44957704
       30125000	      2913	80004708	03744763	blt	x8,x23,80004736	  x8:0x80000000 x23:0x80000001
       30155000	      2916	80004736	02394363	blt	x18,x3,8000475c	 x18:0x00000000  x3:0x44957704
       30175000	      2918	8000475c	a44c7c93	andi	x25,x24,-1468	 x24:0x00000000 x25=0x00000000
       30185000	      2919	80004760	8dba	c.mv	x27,x14	  x0:0x00000000 x14:0xffffff00 x27=0xffffff00
       30555000	      2956	80004762	02c55fb3	divu	x31,x10,x12	 x10:0x000003b9 x12:0x80025ce4 x31=0x00000000
       30565000	      2957	80004766	69cb3737	lui	x14,0x69cb3	 x14=0x69cb3000
       30595000	      2960	8000476a	03660cb3	mul	x25,x12,x22	 x12:0x80025ce4 x22:0x00000000 x25=0x00000000
       30605000	      2961	8000476e	0052e4b3	or	x9,x5,x5	  x5:0x00000000  x5:0x00000000  x9=0x00000000
       30615000	      2962	80004772	406f5b13	srai	x22,x30,0x6	 x30:0x00000000 x22=0x00000000
       30625000	      2963	80004776	000cf263	bgeu	x25,x0,8000477a	 x25:0x00000000  x0:0x00000000
       30645000	      2965	8000477a	cc99	c.beqz	x9,80004798	  x9:0x00000000
       30665000	      2967	80004798	01ce5f33	srl	x30,x28,x28	 x28:0x80021e64 x28:0x80021e64 x30=0x080021e6
       31035000	      3004	8000479c	037579b3	remu	x19,x10,x23	 x10:0x000003b9 x23:0x80000001 x19=0x000003b9
       31045000	      3005	800047a0	8d5d	c.or	x10,x15	 x10:0x000003b9 x15:0x00000000 x10=0x000003b9
       31055000	      3006	800047a2	874d	c.srai	x14,0x13	 x14:0x69cb3000 x14=0x00000d39
       31065000	      3007	800047a4	73013c93	sltiu	x25,x2,1840	  x2:0x8c0000b0 x25=0x00000000
       31075000	      3008	800047a8	0894	c.addi4spn	x13,x2,80	 x13=0x8c000100
       31085000	      3009	800047aa	81fd	c.srli	x11,0x1f	 x11:0xfffffff2 x11=0x00000001
       31095000	      3010	800047ac	11fd	c.addi	x3,-1	  x3:0x44957704  x3=0x44957703
       31105000	      3011	800047ae	0057fc33	and	x24,x15,x5	 x15:0x00000000  x5:0x00000000 x24=0x00000000
       31115000	      3012	800047b2	03c80163	beq	x16,x28,800047d4	 x16:0x7fffffa3 x28:0x80021e64
       31125000	      3013	800047b6	c599	c.beqz	x11,800047c4	 x11:0x00000001
       31165000	      3017	800047b8	029217b3	mulh	x15,x4,x9	  x4:0x00000012  x9:0x00000000 x15=0x00000000
       31175000	      3018	800047bc	8289	c.srli	x13,0x2	 x13:0x8c000100 x13=0x23000040
       31185000	      3019	800047be	0001	c.addi	x0,0	  x0:0x00000000  x0=0x00000000
       31205000	      3021	800047c0	020dc5b3	div	x11,x27,x0	 x27:0xffffff00  x0:0x00000000 x11=0xffffffff
       31215000	      3022	800047c4	138c	c.addi4spn	x11,x2,480	 x11=0x8c000290
       31225000	      3023	800047c6	c705ff17	auipc	x30,0xc705f	 x30=0x470637c6
       31235000	      3024	800047ca	c709	c.beqz	x14,800047d4	 x14:0x00000d39
       31245000	      3025	800047cc	01312cb3	slt	x25,x2,x19	  x2:0x8c0000b0 x19:0x000003b9 x25=0x00000001
       31285000	      3029	800047d0	034c9ab3	mulh	x21,x25,x20	 x25:0x00000001 x20:0x00004e82 x21=0x00000000
       31655000	      3066	800047d4	02a9fc33	remu	x24,x19,x10	 x19:0x000003b9 x10:0x000003b9 x24=0x00000000
       31665000	      3067	800047d8	13fd	c.addi	x7,-1	  x7:0x0000000e  x7=0x0000000d
       31675000	      3068	800047da	0084	c.addi4spn	x9,x2,64	  x9=0x8c0000f0
       31685000	      3069	800047dc	01592db3	slt	x27,x18,x21	 x18:0x00000000 x21:0x00000000 x27=0x00000000
       31695000	      3070	800047e0	09d2	c.slli	x19,0x14	 x19:0x000003b9 x19=0x3b900000
       31705000	      3071	800047e2	407306b3	sub	x13,x6,x7	  x6:0x00000012  x7:0x0000000d x13=0x00000005
       31715000	      3072	800047e6	8332	c.mv	x6,x12	  x0:0x00000000 x12:0x80025ce4  x6=0x80025ce4
       31725000	      3073	800047e8	8fc1	c.or	x15,x8	 x15:0x00000000  x8:0x80000000 x15=0x80000000
       32095000	      3110	800047ea	027fc1b3	div	x3,x31,x7	 x31:0x00000000  x7:0x0000000d  x3=0x00000000
       32105000	      3111	800047ee	e60278b7	lui	x17,0xe6027	 x17=0xe6027000
       32115000	      3112	800047f2	02e4df63	bge	x9,x14,80004830	  x9:0x8c0000f0 x14:0x00000d39
       32125000	      3113	800047f6	05b0c263	blt	x1,x27,8000483a	  x1:0x00000730 x27:0x00000000
       32135000	      3114	800047fa	024c4563	blt	x24,x4,80004824	 x24:0x00000000  x4:0x00000012
       32185000	      3119	80004824	027b3133	mulhu	x2,x22,x7	 x22:0x00000000  x7:0x0000000d  x2=0x00000000
       32195000	      3120	80004828	00ecda33	srl	x20,x25,x14	 x25:0x00000001 x14:0x00000d39 x20=0x00000000
       32205000	      3121	8000482c	4157d933	sra	x18,x15,x21	 x15:0x80000000 x21:0x00000000 x18=0x80000000
       32215000	      3122	80004830	0d4d	c.addi	x26,19	 x26:0x00000012 x26=0x00000025
       32225000	      3123	80004832	435c8393	addi	x7,x25,1077	 x25:0x00000001  x7=0x00000436
       32235000	      3124	80004836	03369063	bne	x13,x19,80004856	 x13:0x00000005 x19:0x3b900000
       32295000	      3130	80004856	02a011b3	mulh	x3,x0,x10	  x0:0x00000000 x10:0x000003b9  x3=0x00000000
       32305000	      3131	8000485a	01bb67b3	or	x15,x22,x27	 x22:0x00000000 x27:0x00000000 x15=0x00000000
       32315000	      3132	8000485e	8d01	c.sub	x10,x8	 x10:0x000003b9  x8:0x80000000 x10=0x800003b9
       32325000	      3133	80004860	0001	c.addi	x0,0	  x0:0x00000000  x0=0x00000000
       32335000	      3134	80004862	8cc9	c.or	x9,x10	  x9:0x8c0000f0 x10:0x800003b9  x9=0x8c0003f9
       32345000	      3135	80004864	402a52b3	sra	x5,x20,x2	 x20:0x00000000  x2:0x00000000  x5=0x00000000
       32355000	      3136	80004868	8f35	c.xor	x14,x13	 x14:0x00000d39 x13:0x00000005 x14=0x00000d3c
       32365000	      3137	8000486a	8df9	c.and	x11,x14	 x11:0x8c000290 x14:0x00000d3c x11=0x00000010
       32375000	      3138	8000486c	9a2e	c.add	x20,x11	 x20:0x00000000 x11:0x00000010 x20=0x00000010
       32385000	      3139	8000486e	98fd	c.andi	x9,-1	  x9:0x8c0003f9  x9=0x8c0003f9
       32755000	      3176	80004870	0392d2b3	divu	x5,x5,x25	  x5:0x00000000 x25:0x00000001  x5=0x00000000
       32765000	      3177	80004874	00dfa6b3	slt	x13,x31,x13	 x31:0x00000000 x13:0x00000005 x13=0x00000001
       32775000	      3178	80004878	034ad663	bge	x21,x20,800048a4	 x21:0x00000000 x20:0x00000010
       32785000	      3179	8000487c	07fa	c.slli	x15,0x1e	 x15:0x00000000 x15=0x00000000
       32795000	      3180	8000487e	412adb93	srai	x23,x21,0x12	 x21:0x00000000 x23=0x00000000
       32805000	      3181	80004882	0000100f	fence.i	
       32835000	      3184	80004886	00215833	srl	x16,x2,x2	  x2:0x00000000  x2:0x00000000 x16=0x00000000
       32845000	      3185	8000488a	41efd313	srai	x6,x31,0x1e	 x31:0x00000000  x6=0x00000000
       32855000	      3186	8000488e	01715b93	srli	x23,x2,0x17	  x2:0x00000000 x23=0x00000000
       32865000	      3187	80004892	15116293	ori	x5,x2,337	  x2:0x00000000  x5=0x00000151
       32875000	      3188	80004896	013be733	or	x14,x23,x19	 x23:0x00000000 x19:0x3b900000 x14=0x3b900000
       32885000	      3189	8000489a	6ced	c.lui	x25,0x1b	 x25=0x0001b000
       32895000	      3190	8000489c	69a7e993	ori	x19,x15,1690	 x15:0x00000000 x19=0x0000069a
       32905000	      3191	800048a0	2da86a13	ori	x20,x16,730	 x16:0x00000000 x20=0x000002da
       32915000	      3192	800048a4	2e43f793	andi	x15,x7,740	  x7:0x00000436 x15=0x00000024
       32925000	      3193	800048a8	016298b3	sll	x17,x5,x22	  x5:0x00000151 x22:0x00000000 x17=0x00000151
       32935000	      3194	800048ac	717d	c.addi16sp	x2,-16	  x2:0x00000000  x2=0xfffffff0
       32945000	      3195	800048ae	a7158113	addi	x2,x11,-1423	 x11:0x00000010  x2=0xfffffa81
       32955000	      3196	800048b2	003b3033	sltu	x0,x22,x3	 x22:0x00000000  x3:0x00000000  x0=0x00000000
       32965000	      3197	800048b6	12fd	c.addi	x5,-1	  x5:0x00000151  x5=0x00000150
       32975000	      3198	800048b8	c49d	c.beqz	x9,800048e6	  x9:0x8c0003f9
       32985000	      3199	800048ba	417c86b3	sub	x13,x25,x23	 x25:0x0001b000 x23:0x00000000 x13=0x0001b000
       32995000	      3200	800048be	8bb5	c.andi	x15,13	 x15:0x00000024 x15=0x00000004
       33005000	      3201	800048c0	a0fc8393	addi	x7,x25,-1521	 x25:0x0001b000  x7=0x0001aa0f
       33015000	      3202	800048c4	8cc1	c.or	x9,x8	  x9:0x8c0003f9  x8:0x80000000  x9=0x8c0003f9
       33025000	      3203	800048c6	8f01	c.sub	x14,x8	 x14:0x3b900000  x8:0x80000000 x14=0xbb900000
       33035000	      3204	800048c8	0141e463	bltu	x3,x20,800048d0	  x3:0x00000000 x20:0x000002da
       33055000	      3206	800048d0	4ca5	c.li	x25,9	 x25=0x00000009
       33065000	      3207	800048d2	9f22	c.add	x30,x8	 x30:0x470637c6  x8:0x80000000 x30=0xc70637c6
       33075000	      3208	800048d4	0165eb63	bltu	x11,x22,800048ea	 x11:0x00000010 x22:0x00000000
       33085000	      3209	800048d8	5dfd	c.li	x27,-1	 x27=0xffffffff
       33095000	      3210	800048da	8719	c.srai	x14,0x6	 x14:0xbb900000 x14=0xfeee4000
       33105000	      3211	800048dc	40c5d133	sra	x2,x11,x12	 x11:0x00000010 x12:0x80025ce4  x2=0x00000001
       33115000	      3212	800048e0	001471b3	and	x3,x8,x1	  x8:0x80000000  x1:0x00000730  x3=0x00000000
       33125000	      3213	800048e4	0001	c.addi	x0,0	  x0:0x00000000  x0=0x00000000
       33135000	      3214	800048e6	008f5b93	srli	x23,x30,0x8	 x30:0xc70637c6 x23=0x00c70637
       33145000	      3215	800048ea	bfbd4193	xori	x3,x26,-1029	 x26:0x00000025  x3=0xfffffbde
       33155000	      3216	800048ee	8125	c.srli	x10,0x9	 x10:0x800003b9 x10=0x00400001
       33165000	      3217	800048f0	6139	c.addi16sp	x2,448	  x2:0x00000001  x2=0x000001c1
       33535000	      3254	800048f2	02794c33	div	x24,x18,x7	 x18:0x80000000  x7:0x0001aa0f x24=0xffffb318
       33545000	      3255	800048f6	01f499b3	sll	x19,x9,x31	  x9:0x8c0003f9 x31:0x00000000 x19=0x8c0003f9
       33915000	      3292	800048fa	02d06533	rem	x10,x0,x13	  x0:0x00000000 x13:0x0001b000 x10=0x00000000
       33925000	      3293	800048fe	717d	c.addi16sp	x2,-16	  x2:0x000001c1  x2=0x000001b1
       33935000	      3294	80004900	6269	c.lui	x4,0x1a	  x4=0x0001a000
       33975000	      3298	80004902	03e29d33	mulh	x26,x5,x30	  x5:0x00000150 x30:0xc70637c6 x26=0xffffffb5
       33985000	      3299	80004906	03d5d363	bge	x11,x29,8000492c	 x11:0x00000010 x29:0x00000000
       34005000	      3301	8000492c	016d7f33	and	x30,x26,x22	 x26:0xffffffb5 x22:0x00000000 x30=0x00000000
       34015000	      3302	80004930	03c16963	bltu	x2,x28,80004962	  x2:0x000001b1 x28:0x80021e64
       34035000	      3304	80004962	e39d	c.bnez	x15,80004988	 x15:0x00000004
       34055000	      3306	80004988	604ebd93	sltiu	x27,x29,1540	 x29:0x00000000 x27=0x00000001
       34425000	      3343	8000498c	02baf4b3	remu	x9,x21,x11	 x21:0x00000000 x11:0x00000010  x9=0x00000000
       34465000	      3347	80004990	03ad1833	mulh	x16,x26,x26	 x26:0xffffffb5 x26:0xffffffb5 x16=0x00000000
       34505000	      3351	80004994	03d8b933	mulhu	x18,x17,x29	 x17:0x00000151 x29:0x00000000 x18=0x00000000
       34515000	      3352	80004998	645ee213	ori	x4,x29,1605	 x29:0x00000000  x4=0x00000645
       34525000	      3353	8000499c	00251bb3	sll	x23,x10,x2	 x10:0x00000000  x2:0x000001b1 x23=0x00000000
       34535000	      3354	800049a0	00f25963	bge	x4,x15,800049b2	  x4:0x00000645 x15:0x00000004
       34555000	      3356	800049b2	8dad	c.xor	x11,x11	 x11:0x00000010 x11:0x00000010 x11=0x00000000
       34565000	      3357	800049b4	000d26b3	slt	x13,x26,x0	 x26:0xffffffb5  x0:0x00000000 x13=0x00000001
       34575000	      3358	800049b8	0396e363	bltu	x13,x25,800049de	 x13:0x00000001 x25:0x00000009
       34595000	      3360	800049de	8889	c.andi	x9,2	  x9:0x00000000  x9=0x00000000
       34605000	      3361	800049e0	014a9793	slli	x15,x21,0x14	 x21:0x00000000 x15=0x00000000
       34615000	      3362	800049e4	01e6a733	slt	x14,x13,x30	 x13:0x00000001 x30:0x00000000 x14=0x00000000
       34985000	      3399	800049e8	03995033	divu	x0,x18,x25	 x18:0x00000000 x25:0x00000009  x0=0x00000000
       34995000	      3400	800049ec	8ec5	c.or	x13,x9	 x13:0x00000001  x9:0x00000000 x13=0x00000001
       35005000	      3401	800049ee	001f6463	bltu	x30,x1,800049f6	 x30:0x00000000  x1:0x00000730
       35035000	      3404	800049f6	009fa4b3	slt	x9,x31,x9	 x31:0x00000000  x9:0x00000000  x9=0x00000000
       35045000	      3405	800049fa	8b06	c.mv	x22,x1	  x0:0x00000000  x1:0x00000730 x22=0x00000730
       35065000	      3407	800049fc	02a9f233	remu	x4,x19,x10	 x19:0x8c0003f9 x10:0x00000000  x4=0x8c0003f9
       35075000	      3408	80004a00	42dd4813	xori	x16,x26,1069	 x26:0xffffffb5 x16=0xfffffb98
       35085000	      3409	80004a04	8c52	c.mv	x24,x20	  x0:0x00000000 x20:0x000002da x24=0x000002da
       35115000	      3412	80004a06	02128a33	mul	x20,x5,x1	  x5:0x00000150  x1:0x00000730 x20=0x00096f00
       35125000	      3413	80004a0a	e09d	c.bnez	x9,80004a30	  x9:0x00000000
       35135000	      3414	80004a0c	017c7c63	bgeu	x24,x23,80004a24	 x24:0x000002da x23:0x00000000
       35155000	      3416	80004a24	0001	c.addi	x0,0	  x0:0x00000000  x0=0x00000000
       35165000	      3417	80004a26	e3dc8013	addi	x0,x25,-451	 x25:0x00000009  x0=0x00000000
       35175000	      3418	80004a2a	4a3d	c.li	x20,15	 x20=0x0000000f
       35185000	      3419	80004a2c	e981	c.bnez	x11,80004a3c	 x11:0x00000000
       35195000	      3420	80004a2e	82d2	c.mv	x5,x20	  x0:0x00000000 x20:0x0000000f  x5=0x0000000f
       35205000	      3421	80004a30	8965	c.andi	x10,25	 x10:0x00000000 x10=0x00000000
       35215000	      3422	80004a32	91c2	c.add	x3,x16	  x3:0xfffffbde x16:0xfffffb98  x3=0xfffff776
       35225000	      3423	80004a34	ef89	c.bnez	x15,80004a4e	 x15:0x00000000
       35235000	      3424	80004a36	0001	c.addi	x0,0	  x0:0x00000000  x0=0x00000000
       35245000	      3425	80004a38	0ff0000f	fence	iorw,iorw	
       35255000	      3426	80004a3c	8ca9	c.xor	x9,x10	  x9:0x00000000 x10:0x00000000  x9=0x00000000
       35265000	      3427	80004a3e	87fa	c.mv	x15,x30	  x0:0x00000000 x30:0x00000000 x15=0x00000000
       35275000	      3428	80004a40	6575	c.lui	x10,0x1d	 x10=0x0001d000
       35285000	      3429	80004a42	000f9a63	bne	x31,x0,80004a56	 x31:0x00000000  x0:0x00000000
       35295000	      3430	80004a46	01f7b2b3	sltu	x5,x15,x31	 x15:0x00000000 x31:0x00000000  x5=0x00000000
       35305000	      3431	80004a4a	0ff0000f	fence	iorw,iorw	
       35315000	      3432	80004a4e	00d18663	beq	x3,x13,80004a5a	  x3:0xfffff776 x13:0x00000001
       35325000	      3433	80004a52	beb8b893	sltiu	x17,x17,-1045	 x17:0x00000151 x17=0x00000001
       35335000	      3434	80004a56	63fd8813	addi	x16,x27,1599	 x27:0x00000001 x16=0x00000640
       35345000	      3435	80004a5a	93da	c.add	x7,x22	  x7:0x0001aa0f x22:0x00000730  x7=0x0001b13f
       35355000	      3436	80004a5c	0000100f	fence.i	
       35375000	      3438	80004a60	8ee5	c.and	x13,x9	 x13:0x00000001  x9:0x00000000 x13=0x00000000
       35395000	      3440	80004a62	0202d8b3	divu	x17,x5,x0	  x5:0x00000000  x0:0x00000000 x17=0xffffffff
       35405000	      3441	80004a66	f766b293	sltiu	x5,x13,-138	 x13:0x00000000  x5=0x00000001
       35415000	      3442	80004a6a	0001	c.addi	x0,0	  x0:0x00000000  x0=0x00000000
       35435000	      3444	80004a6c	020ef5b3	remu	x11,x29,x0	 x29:0x00000000  x0:0x00000000 x11=0x00000000
       35445000	      3445	80004a70	41e55c33	sra	x24,x10,x30	 x10:0x0001d000 x30:0x00000000 x24=0x0001d000
       35455000	      3446	80004a74	00449c63	bne	x9,x4,80004a8c	  x9:0x00000000  x4:0x8c0003f9
       35475000	      3448	80004a8c	01d2eab3	or	x21,x5,x29	  x5:0x00000001 x29:0x00000000 x21=0x00000001
       35485000	      3449	80004a90	00016833	or	x16,x2,x0	  x2:0x000001b1  x0:0x00000000 x16=0x000001b1
       35495000	      3450	80004a94	6efd0797	auipc	x15,0x6efd0	 x15=0xeefd4a94
       35505000	      3451	80004a98	007de833	or	x16,x27,x7	 x27:0x00000001  x7:0x0001b13f x16=0x0001b13f
       35515000	      3452	80004a9c	fea0f513	andi	x10,x1,-22	  x1:0x00000730 x10=0x00000720
       35525000	      3453	80004aa0	02fd0063	beq	x26,x15,80004ac0	 x26:0xffffffb5 x15:0xeefd4a94
       35535000	      3454	80004aa4	8f55	c.or	x14,x13	 x14:0x00000000 x13:0x00000000 x14=0x00000000
       35545000	      3455	80004aa6	58fd	c.li	x17,-1	 x17=0xffffffff
       35555000	      3456	80004aa8	04a4e463	bltu	x9,x10,80004af0	  x9:0x00000000 x10:0x00000720
       35575000	      3458	80004af0	018217b3	sll	x15,x4,x24	  x4:0x8c0003f9 x24:0x0001d000 x15=0x8c0003f9
       35945000	      3495	80004af4	0278f033	remu	x0,x17,x7	 x17:0xffffffff  x7:0x0001b13f  x0=0x00000000
       35955000	      3496	80004af8	417403b3	sub	x7,x8,x23	  x8:0x80000000 x23:0x00000000  x7=0x80000000
       35965000	      3497	80004afc	41245ab3	sra	x21,x8,x18	  x8:0x80000000 x18:0x00000000 x21=0x80000000
       35975000	      3498	80004b00	014d9213	slli	x4,x27,0x14	 x27:0x00000001  x4=0x00100000
       35985000	      3499	80004b04	01068e63	beq	x13,x16,80004b20	 x13:0x00000000 x16:0x0001b13f
       36015000	      3502	80004b08	02c481b3	mul	x3,x9,x12	  x9:0x00000000 x12:0x80025ce4  x3=0x00000000
       36025000	      3503	80004b0c	0001	c.addi	x0,0	  x0:0x00000000  x0=0x00000000
       36035000	      3504	80004b0e	01215093	srli	x1,x2,0x12	  x2:0x000001b1  x1=0x00000000
       36075000	      3508	80004b12	03f6abb3	mulhsu	x23,x13,x31	 x13:0x00000000 x31:0x00000000 x23=0x00000000
       36085000	      3509	80004b16	0001	c.addi	x0,0	  x0:0x00000000  x0=0x00000000
       36095000	      3510	80004b18	0001	c.addi	x0,0	  x0:0x00000000  x0=0x00000000
       36115000	      3512	80004b1a	0206ff33	remu	x30,x13,x0	 x13:0x00000000  x0:0x00000000 x30=0x00000000
       36125000	      3513	80004b1e	6959	c.lui	x18,0x16	 x18=0x00016000
       36165000	      3517	80004b20	02b8a7b3	mulhsu	x15,x17,x11	 x17:0xffffffff x11:0x00000000 x15=0x00000000
       36175000	      3518	80004b24	8cc1	c.or	x9,x8	  x9:0x00000000  x8:0x80000000  x9=0x80000000
       36185000	      3519	80004b26	0000100f	fence.i	
       36215000	      3522	80004b2a	38f40593	addi	x11,x8,911	  x8:0x80000000 x11=0x8000038f
       36225000	      3523	80004b2e	ccd74293	xori	x5,x14,-819	 x14:0x00000000  x5=0xfffffccd
       36235000	      3524	80004b32	597d	c.li	x18,-1	 x18=0xffffffff
       36245000	      3525	80004b34	015bad33	slt	x26,x23,x21	 x23:0x00000000 x21:0x80000000 x26=0x00000000
       36255000	      3526	80004b38	01311263	bne	x2,x19,80004b3c	  x2:0x000001b1 x19:0x8c0003f9
       36275000	      3528	80004b3c	00c21c13	slli	x24,x4,0xc	  x4:0x00100000 x24=0x00000000
       36285000	      3529	80004b40	053fd263	bge	x31,x19,80004b84	 x31:0x00000000 x19:0x8c0003f9
       36305000	      3531	80004b84	1cc2e113	ori	x2,x5,460	  x5:0xfffffccd  x2=0xfffffdcd
       36315000	      3532	80004b88	e985	c.bnez	x11,80004bb8	 x11:0x8000038f
       36335000	      3534	80004bb8	02dd1f63	bne	x26,x13,80004bf6	 x26:0x00000000 x13:0x00000000
       36345000	      3535	80004bbc	9546fc13	andi	x24,x13,-1708	 x13:0x00000000 x24=0x00000000
       36355000	      3536	80004bc0	373b3093	sltiu	x1,x22,883	 x22:0x00000730  x1=0x00000000
       36395000	      3540	80004bc4	02933f33	mulhu	x30,x6,x9	  x6:0x00000000  x9:0x80000000 x30=0x00000000
       36415000	      3542	80004bc8	03fccbb3	div	x23,x25,x31	 x25:0x00000009 x31:0x00000000 x23=0xffffffff
       36425000	      3543	80004bcc	008f7263	bgeu	x30,x8,80004bd0	 x30:0x00000000  x8:0x80000000
       36435000	      3544	80004bd0	01b235b3	sltu	x11,x4,x27	  x4:0x00100000 x27:0x00000001 x11=0x00000000
       36445000	      3545	80004bd4	d7cc3e93	sltiu	x29,x24,-644	 x24:0x00000000 x29=0x00000001
       36465000	      3547	80004bd8	03a4e0b3	rem	x1,x9,x26	  x9:0x80000000 x26:0x00000000  x1=0x80000000
       36505000	      3551	80004bdc	02c5b233	mulhu	x4,x11,x12	 x11:0x00000000 x12:0x80025ce4  x4=0x00000000
       36535000	      3554	80004be0	02e48a33	mul	x20,x9,x14	  x9:0x80000000 x14:0x00000000 x20=0x00000000
       36545000	      3555	80004be4	03430163	beq	x6,x20,80004c06	  x6:0x00000000 x20:0x00000000
       36605000	      3561	80004c06	03119b33	mulh	x22,x3,x17	  x3:0x00000000 x17:0xffffffff x22=0x00000000
       36615000	      3562	80004c0a	4162d993	srai	x19,x5,0x16	  x5:0xfffffccd x19=0xffffffff
       36625000	      3563	80004c0e	ee81	c.bnez	x13,80004c26	 x13:0x00000000
       36995000	      3600	80004c10	033a75b3	remu	x11,x20,x19	 x20:0x00000000 x19:0xffffffff x11=0x00000000
       37005000	      3601	80004c14	07f6	c.slli	x15,0x1d	 x15:0x00000000 x15=0x00000000
       37015000	      3602	80004c16	000ed713	srli	x14,x29,0x0	 x29:0x00000001 x14=0x00000001
       37385000	      3639	80004c1a	035d5b33	divu	x22,x26,x21	 x26:0x00000000 x21:0x80000000 x22=0x00000000
       37395000	      3640	80004c1e	a3de2913	slti	x18,x28,-1475	 x28:0x80021e64 x18=0x00000001
       37405000	      3641	80004c22	1e996913	ori	x18,x18,489	 x18:0x00000001 x18=0x000001e9
       37415000	      3642	80004c26	eb11	c.bnez	x14,80004c3a	 x14:0x00000001
       37475000	      3648	80004c3a	02e992b3	mulh	x5,x19,x14	 x19:0xffffffff x14:0x00000001  x5=0xffffffff
       37485000	      3649	80004c3e	3ece3713	sltiu	x14,x28,1004	 x28:0x80021e64 x14=0x00000000
       37495000	      3650	80004c42	00cc4c63	blt	x24,x12,80004c5a	 x24:0x00000000 x12:0x80025ce4
       37505000	      3651	80004c46	20b02b13	slti	x22,x0,523	  x0:0x00000000 x22=0x00000001
       37515000	      3652	80004c4a	0bccc813	xori	x16,x25,188	 x25:0x00000009 x16=0x000000b5
       37525000	      3653	80004c4e	6ff5	c.lui	x31,0x1d	 x31=0x0001d000
       37535000	      3654	80004c50	41555f33	sra	x30,x10,x21	 x10:0x00000720 x21:0x80000000 x30=0x00000720
       37545000	      3655	80004c54	0cb6	c.slli	x25,0xd	 x25:0x00000009 x25=0x00012000
       37915000	      3692	80004c56	0336e2b3	rem	x5,x13,x19	 x13:0x00000000 x19:0xffffffff  x5=0x00000000
       37955000	      3696	80004c5a	03c291b3	mulh	x3,x5,x28	  x5:0x00000000 x28:0x80021e64  x3=0x00000000
       37965000	      3697	80004c5e	418cdd13	srai	x26,x25,0x18	 x25:0x00012000 x26=0x00000000
       37975000	      3698	80004c62	004b7833	and	x16,x22,x4	 x22:0x00000001  x4:0x00000000 x16=0x00000000
       37985000	      3699	80004c66	e0b1	c.bnez	x9,80004caa	  x9:0x80000000
       38005000	      3701	80004caa	ef85	c.bnez	x15,80004ce2	 x15:0x00000000
       38015000	      3702	80004cac	fee67f13	andi	x30,x12,-18	 x12:0x80025ce4 x30=0x80025ce4
       38025000	      3703	80004cb0	6239	c.lui	x4,0xe	  x4=0x0000e000
       38395000	      3740	80004cb2	03534233	div	x4,x6,x21	  x6:0x00000000 x21:0x80000000  x4=0x00000000
       38405000	      3741	80004cb6	9b7d	c.andi	x14,-1	 x14:0x00000000 x14=0x00000000
       38415000	      3742	80004cb8	891a	c.mv	x18,x6	  x0:0x00000000  x6:0x00000000 x18=0x00000000
       38425000	      3743	80004cba	0000100f	fence.i	
       38445000	      3745	80004cbe	99fd	c.andi	x11,-1	 x11:0x00000000 x11=0x00000000
       38485000	      3749	80004cc0	025ebc33	mulhu	x24,x29,x5	 x29:0x00000001  x5:0x00000000 x24=0x00000000
       38495000	      3750	80004cc4	9c41fb13	andi	x22,x3,-1596	  x3:0x00000000 x22=0x00000000
       38505000	      3751	80004cc8	e8322f13	slti	x30,x4,-381	  x4:0x00000000 x30=0x00000000
       38515000	      3752	80004ccc	051e	c.slli	x10,0x7	 x10:0x00000720 x10=0x00039000
       38525000	      3753	80004cce	00561f13	slli	x30,x12,0x5	 x12:0x80025ce4 x30=0x004b9c80
       38535000	      3754	80004cd2	10363917	auipc	x18,0x10363	 x18=0x90367cd2
       38545000	      3755	80004cd6	0130f463	bgeu	x1,x19,80004cde	  x1:0x80000000 x19:0xffffffff
       38555000	      3756	80004cda	e5562713	slti	x14,x12,-427	 x12:0x80025ce4 x14=0x00000001
       38565000	      3757	80004cde	dfb9fd93	andi	x27,x19,-517	 x19:0xffffffff x27=0xfffffdfb
       38575000	      3758	80004ce2	00f01693	slli	x13,x0,0xf	  x0:0x00000000 x13=0x00000000
       38585000	      3759	80004ce6	8d7d	c.and	x10,x15	 x10:0x00039000 x15:0x00000000 x10=0x00000000
       38595000	      3760	80004ce8	004a78b3	and	x17,x20,x4	 x20:0x00000000  x4:0x00000000 x17=0x00000000
       38605000	      3761	80004cec	01af69b3	or	x19,x30,x26	 x30:0x004b9c80 x26:0x00000000 x19=0x004b9c80
       38615000	      3762	80004cf0	00606863	bltu	x0,x6,80004d00	  x0:0x00000000  x6:0x00000000
       38625000	      3763	80004cf4	8ea1	c.xor	x13,x8	 x13:0x00000000  x8:0x80000000 x13=0x80000000
       38635000	      3764	80004cf6	2ebc4037	lui	x0,0x2ebc4	  x0=0x00000000
       38645000	      3765	80004cfa	717d	c.addi16sp	x2,-16	  x2:0xfffffdcd  x2=0xfffffdbd
       38655000	      3766	80004cfc	71e62a97	auipc	x21,0x71e62	 x21=0xf1e66cfc
       38665000	      3767	80004d00	001dbcb3	sltu	x25,x27,x1	 x27:0xfffffdfb  x1:0x80000000 x25=0x00000000
       38675000	      3768	80004d04	03eec563	blt	x29,x30,80004d2e	 x29:0x00000001 x30:0x004b9c80
       38695000	      3770	80004d2e	e70d	c.bnez	x14,80004d58	 x14:0x00000001
       38715000	      3772	80004d58	8cc5	c.or	x9,x9	  x9:0x80000000  x9:0x80000000  x9=0x80000000
       38725000	      3773	80004d5a	0000100f	fence.i	
       38745000	      3775	80004d5e	8c89	c.sub	x9,x10	  x9:0x80000000 x10:0x00000000  x9=0x80000000
       38755000	      3776	80004d60	01f9d013	srli	x0,x19,0x1f	 x19:0x004b9c80  x0=0x00000000
       38765000	      3777	80004d64	c590a897	auipc	x17,0xc590a	 x17=0x4590ed64
       38775000	      3778	80004d68	00a21d13	slli	x26,x4,0xa	  x4:0x00000000 x26=0x00000000
       38785000	      3779	80004d6c	8cfd	c.and	x9,x15	  x9:0x80000000 x15:0x00000000  x9=0x00000000
       38825000	      3783	80004d6e	036a10b3	mulh	x1,x20,x22	 x20:0x00000000 x22:0x00000000  x1=0x00000000
       38835000	      3784	80004d72	04b1	c.addi	x9,12	  x9:0x00000000  x9=0x0000000c
       38845000	      3785	80004d74	01769b13	slli	x22,x13,0x17	 x13:0x80000000 x22=0x00000000
       38855000	      3786	80004d78	0000100f	fence.i	
       38875000	      3788	80004d7c	0f94	c.addi4spn	x13,x2,976	 x13=0x0000018d
       38885000	      3789	80004d7e	83b5	c.srli	x15,0xd	 x15:0x00000000 x15=0x00000000
       38895000	      3790	80004d80	08058793	addi	x15,x11,128	 x11:0x00000000 x15=0x00000080
       38905000	      3791	80004d84	81aa	c.mv	x3,x10	  x0:0x00000000 x10:0x00000000  x3=0x00000000
       38915000	      3792	80004d86	03576463	bltu	x14,x21,80004dae	 x14:0x00000001 x21:0xf1e66cfc
       38945000	      3795	80004dae	4065d113	srai	x2,x11,0x6	 x11:0x00000000  x2=0x00000000
       38955000	      3796	80004db2	9eab7d37	lui	x26,0x9eab7	 x26=0x9eab7000
       38965000	      3797	80004db6	41bb5bb3	sra	x23,x22,x27	 x22:0x00000000 x27:0xfffffdfb x23=0x00000000
       38975000	      3798	80004dba	011f1463	bne	x30,x17,80004dc2	 x30:0x004b9c80 x17:0x4590ed64
       39025000	      3803	80004dc2	03c90cb3	mul	x25,x18,x28	 x18:0x90367cd2 x28:0x80021e64 x25=0xb18d5e08
       39045000	      3805	80004dc6	022d4a33	div	x20,x26,x2	 x26:0x9eab7000  x2:0x00000000 x20=0xffffffff
       39085000	      3809	80004dca	028da4b3	mulhsu	x9,x27,x8	 x27:0xfffffdfb  x8:0x80000000  x9=0xfffffefd
       39095000	      3810	80004dce	0153eeb3	or	x29,x7,x21	  x7:0x80000000 x21:0xf1e66cfc x29=0xf1e66cfc
       39105000	      3811	80004dd2	0115cf33	xor	x30,x11,x17	 x11:0x00000000 x17:0x4590ed64 x30=0x4590ed64
       39125000	      3813	80004dd6	021e7933	remu	x18,x28,x1	 x28:0x80021e64  x1:0x00000000 x18=0x80021e64
       39135000	      3814	80004dda	40ddd2b3	sra	x5,x27,x13	 x27:0xfffffdfb x13:0x0000018d  x5=0xffffffff
       39145000	      3815	80004dde	86dd	c.srai	x13,0x17	 x13:0x0000018d x13=0x00000000
       39155000	      3816	80004de0	6d287893	andi	x17,x16,1746	 x16:0x00000000 x17=0x00000000
       39195000	      3820	80004de4	032d3133	mulhu	x2,x26,x18	 x26:0x9eab7000 x18:0x80021e64  x2=0x4f57082c
       39205000	      3821	80004de8	0172fab3	and	x21,x5,x23	  x5:0xffffffff x23:0x00000000 x21=0x00000000
       39245000	      3825	80004dec	02d219b3	mulh	x19,x4,x13	  x4:0x00000000 x13:0x00000000 x19=0x00000000
       39255000	      3826	80004df0	0000100f	fence.i	
       39275000	      3828	80004df4	8fc5	c.or	x15,x9	 x15:0x00000080  x9:0xfffffefd x15=0xfffffefd
       39295000	      3830	80004df6	0260ed33	rem	x26,x1,x6	  x1:0x00000000  x6:0x00000000 x26=0x00000000
       39305000	      3831	80004dfa	00df6f63	bltu	x30,x13,80004e18	 x30:0x4590ed64 x13:0x00000000
       39315000	      3832	80004dfe	84a9	c.srai	x9,0xa	  x9:0xfffffefd  x9=0xffffffff
       39325000	      3833	80004e00	ce81	c.beqz	x13,80004e18	 x13:0x00000000
       39345000	      3835	80004e18	6165	c.addi16sp	x2,112	  x2:0x4f57082c  x2=0x4f57089c
       39715000	      3872	80004e1a	0259d5b3	divu	x11,x19,x5	 x19:0x00000000  x5:0xffffffff x11=0x00000000
       39725000	      3873	80004e1e	8d8d	c.sub	x11,x11	 x11:0x00000000 x11:0x00000000 x11=0x00000000
       39735000	      3874	80004e20	1098	c.addi4spn	x14,x2,96	 x14=0x4f5708fc
       39745000	      3875	80004e22	cf11	c.beqz	x14,80004e3e	 x14:0x4f5708fc
       39755000	      3876	80004e24	e89d	c.bnez	x9,80004e5a	  x9:0xffffffff
       39775000	      3878	80004e5a	0316	c.slli	x6,0x5	  x6:0x00000000  x6=0x00000000
       39785000	      3879	80004e5c	9afd	c.andi	x13,-1	 x13:0x00000000 x13=0x00000000
       39795000	      3880	80004e5e	40dfd933	sra	x18,x31,x13	 x31:0x0001d000 x13:0x00000000 x18=0x0001d000
       39805000	      3881	80004e62	036a	c.slli	x6,0x1a	  x6:0x00000000  x6=0x00000000
       39815000	      3882	80004e64	01620f33	add	x30,x4,x22	  x4:0x00000000 x22:0x00000000 x30=0x00000000
       39825000	      3883	80004e68	64b5	c.lui	x9,0xd	  x9=0x0000d000
       39835000	      3884	80004e6a	0ff0000f	fence	iorw,iorw	
       39845000	      3885	80004e6e	0ff0000f	fence	iorw,iorw	
       39885000	      3889	80004e72	02e523b3	mulhsu	x7,x10,x14	 x10:0x00000000 x14:0x4f5708fc  x7=0x00000000
       39895000	      3890	80004e76	8f15	c.sub	x14,x13	 x14:0x4f5708fc x13:0x00000000 x14=0x4f5708fc
       39905000	      3891	80004e78	e299	c.bnez	x13,80004e7e	 x13:0x00000000
       40275000	      3928	80004e7a	028673b3	remu	x7,x12,x8	 x12:0x80025ce4  x8:0x80000000  x7=0x00025ce4
       40285000	      3929	80004e7e	0044c3b3	xor	x7,x9,x4	  x9:0x0000d000  x4:0x00000000  x7=0x0000d000
       40295000	      3930	80004e82	0041db63	bge	x3,x4,80004e98	  x3:0x00000000  x4:0x00000000
       40315000	      3932	80004e98	20bb4013	xori	x0,x22,523	 x22:0x00000000  x0=0x00000000
       40355000	      3936	80004e9c	032aaa33	mulhsu	x20,x21,x18	 x21:0x00000000 x18:0x0001d000 x20=0x00000000
       40375000	      3938	80004ea0	0332ea33	rem	x20,x5,x19	  x5:0xffffffff x19:0x00000000 x20=0xffffffff
       40385000	      3939	80004ea4	01289263	bne	x17,x18,80004ea8	 x17:0x00000000 x18:0x0001d000
       40405000	      3941	80004ea8	01625513	srli	x10,x4,0x16	  x4:0x00000000 x10=0x00000000
       40415000	      3942	80004eac	009fbeb3	sltu	x29,x31,x9	 x31:0x0001d000  x9:0x0000d000 x29=0x00000000
       40425000	      3943	80004eb0	40c1	c.li	x1,16	  x1=0x00000010
       40435000	      3944	80004eb2	0172ca33	xor	x20,x5,x23	  x5:0xffffffff x23:0x00000000 x20=0xffffffff
       40445000	      3945	80004eb6	0a18	c.addi4spn	x14,x2,272	 x14=0x4f5709ac
       40455000	      3946	80004eb8	99ee	c.add	x19,x27	 x19:0x00000000 x27:0xfffffdfb x19=0xfffffdfb
       40465000	      3947	80004eba	e701	c.bnez	x14,80004ec2	 x14:0x4f5709ac
       40485000	      3949	80004ec2	0001	c.addi	x0,0	  x0:0x00000000  x0=0x00000000
       40495000	      3950	80004ec4	008ba033	slt	x0,x23,x8	 x23:0x00000000  x8:0x80000000  x0=0x00000000
       40505000	      3951	80004ec8	3e3a0193	addi	x3,x20,995	 x20:0xffffffff  x3=0x000003e2
       40515000	      3952	80004ecc	0db6	c.slli	x27,0xd	 x27:0xfffffdfb x27=0xffbf6000
       40525000	      3953	80004ece	4182fd13	andi	x26,x5,1048	  x5:0xffffffff x26=0x00000418
       40535000	      3954	80004ed2	00b42a33	slt	x20,x8,x11	  x8:0x80000000 x11:0x00000000 x20=0x00000001
       40545000	      3955	80004ed6	8f8d	c.sub	x15,x11	 x15:0xfffffefd x11:0x00000000 x15=0xfffffefd
       40555000	      3956	80004ed8	8351	c.srli	x14,0x14	 x14:0x4f5709ac x14=0x000004f5
       40565000	      3957	80004eda	01a4fcb3	and	x25,x9,x26	  x9:0x0000d000 x26:0x00000418 x25=0x00000000
       40575000	      3958	80004ede	717d	c.addi16sp	x2,-16	  x2:0x4f57089c  x2=0x4f57088c
       40585000	      3959	80004ee0	4d19d897	auipc	x17,0x4d19d	 x17=0xcd1a1ee0
       40595000	      3960	80004ee4	8f71	c.and	x14,x12	 x14:0x000004f5 x12:0x80025ce4 x14=0x000004e4
       40605000	      3961	80004ee6	8fe5	c.and	x15,x9	 x15:0xfffffefd  x9:0x0000d000 x15=0x0000d000
       40615000	      3962	80004ee8	8f41	c.or	x14,x8	 x14:0x000004e4  x8:0x80000000 x14=0x800004e4
       40625000	      3963	80004eea	85a9	c.srai	x11,0xa	 x11:0x00000000 x11=0x00000000
       40635000	      3964	80004eec	8091	c.srli	x9,0x4	  x9:0x0000d000  x9=0x00000d00
       40645000	      3965	80004eee	00d5fab3	and	x21,x11,x13	 x11:0x00000000 x13:0x00000000 x21=0x00000000
       40655000	      3966	80004ef2	8f01	c.sub	x14,x8	 x14:0x800004e4  x8:0x80000000 x14=0x000004e4
       40665000	      3967	80004ef4	0ff0000f	fence	iorw,iorw	
       40695000	      3970	80004ef8	02938133	mul	x2,x7,x9	  x7:0x0000d000  x9:0x00000d00  x2=0x0a900000
       40715000	      3972	80004efc	0309fcb3	remu	x25,x19,x16	 x19:0xfffffdfb x16:0x00000000 x25=0xfffffdfb
       40725000	      3973	80004f00	00f78533	add	x10,x15,x15	 x15:0x0000d000 x15:0x0000d000 x10=0x0001a000
       40735000	      3974	80004f04	81aa	c.mv	x3,x10	  x0:0x00000000 x10:0x0001a000  x3=0x0001a000
       40745000	      3975	80004f06	4108df33	sra	x30,x17,x16	 x17:0xcd1a1ee0 x16:0x00000000 x30=0xcd1a1ee0
       40755000	      3976	80004f0a	0113bc33	sltu	x24,x7,x17	  x7:0x0000d000 x17:0xcd1a1ee0 x24=0x00000001
       40765000	      3977	80004f0e	0000100f	fence.i	
       40795000	      3980	80004f12	41288bb3	sub	x23,x17,x18	 x17:0xcd1a1ee0 x18:0x0001d000 x23=0xcd184ee0
       40805000	      3981	80004f16	028a8463	beq	x21,x8,80004f3e	 x21:0x00000000  x8:0x80000000
       40815000	      3982	80004f1a	00a5a1b3	slt	x3,x11,x10	 x11:0x00000000 x10:0x0001a000  x3=0x00000001
       40825000	      3983	80004f1e	0000100f	fence.i	
       40845000	      3985	80004f22	e1a9	c.bnez	x11,80004f64	 x11:0x00000000
       40855000	      3986	80004f24	9c44f893	andi	x17,x9,-1596	  x9:0x00000d00 x17=0x00000900
       40865000	      3987	80004f28	0056cbb3	xor	x23,x13,x5	 x13:0x00000000  x5:0xffffffff x23=0xffffffff
       40875000	      3988	80004f2c	0000100f	fence.i	
       40895000	      3990	80004f30	a89e2b13	slti	x22,x28,-1399	 x28:0x80021e64 x22=0x00000001
       40905000	      3991	80004f34	8ded	c.and	x11,x11	 x11:0x00000000 x11:0x00000000 x11=0x00000000
       40915000	      3992	80004f36	0000100f	fence.i	
       40975000	      3998	80004f3a	03962f33	mulhsu	x30,x12,x25	 x12:0x80025ce4 x25:0xfffffdfb x30=0x80025de6
       40985000	      3999	80004f3e	e31d	c.bnez	x14,80004f64	 x14:0x000004e4
       41005000	      4001	80004f64	0109f9b3	and	x19,x19,x16	 x19:0xfffffdfb x16:0x00000000 x19=0x00000000
       41015000	      4002	80004f68	01685bb3	srl	x23,x16,x22	 x16:0x00000000 x22:0x00000001 x23=0x00000000
       41025000	      4003	80004f6c	00bd16b3	sll	x13,x26,x11	 x26:0x00000418 x11:0x00000000 x13=0x00000418
       41035000	      4004	80004f70	0155d693	srli	x13,x11,0x15	 x11:0x00000000 x13=0x00000000
       41045000	      4005	80004f74	017074b3	and	x9,x0,x23	  x0:0x00000000 x23:0x00000000  x9=0x00000000
       41055000	      4006	80004f78	0110f2b3	and	x5,x1,x17	  x1:0x00000010 x17:0x00000900  x5=0x00000000
       41425000	      4043	80004f7c	03e3f033	remu	x0,x7,x30	  x7:0x0000d000 x30:0x80025de6  x0=0x00000000
       41435000	      4044	80004f80	14fd	c.addi	x9,-1	  x9:0x00000000  x9=0xffffffff
       41445000	      4045	80004f82	01429193	slli	x3,x5,0x14	  x5:0x00000000  x3=0x00000000
       41455000	      4046	80004f86	02dad863	bge	x21,x13,80004fb6	 x21:0x00000000 x13:0x00000000
       41485000	      4049	80004fb6	02704563	blt	x0,x7,80004fe0	  x0:0x00000000  x7:0x0000d000
       41505000	      4051	80004fe0	ee92d537	lui	x10,0xee92d	 x10=0xee92d000
       41535000	      4054	80004fe4	03ea8bb3	mul	x23,x21,x30	 x21:0x00000000 x30:0x80025de6 x23=0x00000000
       41545000	      4055	80004fe8	c099	c.beqz	x9,80004fee	  x9:0xffffffff
       41555000	      4056	80004fea	98fd	c.andi	x9,-1	  x9:0xffffffff  x9=0xffffffff
       41565000	      4057	80004fec	0001	c.addi	x0,0	  x0:0x00000000  x0=0x00000000
       41575000	      4058	80004fee	157d	c.addi	x10,-1	 x10:0xee92d000 x10=0xee92cfff
       41585000	      4059	80004ff0	0001	c.addi	x0,0	  x0:0x00000000  x0=0x00000000
       41595000	      4060	80004ff2	1a14	c.addi4spn	x13,x2,304	 x13=0x0a900130
       41605000	      4061	80004ff4	64153a93	sltiu	x21,x10,1601	 x10:0xee92cfff x21=0x00000000
       41615000	      4062	80004ff8	8f01	c.sub	x14,x8	 x14:0x000004e4  x8:0x80000000 x14=0x800004e4
       41985000	      4099	80004ffa	038656b3	divu	x13,x12,x24	 x12:0x80025ce4 x24:0x00000001 x13=0x80025ce4
       41995000	      4100	80004ffe	198c	c.addi4spn	x11,x2,240	 x11=0x0a9000f0
       42005000	      4101	80005000	1f007317	auipc	x6,0x1f007	  x6=0x9f00c000
       42015000	      4102	80005004	0001	c.addi	x0,0	  x0:0x00000000  x0=0x00000000
       42025000	      4103	80005006	018b5933	srl	x18,x22,x24	 x22:0x00000001 x24:0x00000001 x18=0x00000000
       42035000	      4104	8000500a	0137d293	srli	x5,x15,0x13	 x15:0x0000d000  x5=0x00000000
       42045000	      4105	8000500e	001bc0b3	xor	x1,x23,x1	 x23:0x00000000  x1:0x00000010  x1=0x00000010
       42055000	      4106	80005012	389f3913	sltiu	x18,x30,905	 x30:0x80025de6 x18=0x00000000
       42065000	      4107	80005016	45cd	c.li	x11,19	 x11=0x00000013
       42075000	      4108	80005018	042a8163	beq	x21,x2,8000505a	 x21:0x00000000  x2:0x0a900000
       42445000	      4145	8000501c	02f67f33	remu	x30,x12,x15	 x12:0x80025ce4 x15:0x0000d000 x30=0x00009ce4
       42455000	      4146	80005020	c999	c.beqz	x11,80005036	 x11:0x00000013
       42465000	      4147	80005022	41d2dd93	srai	x27,x5,0x1d	  x5:0x00000000 x27=0x00000000
       42475000	      4148	80005026	aed9cd13	xori	x26,x19,-1299	 x19:0x00000000 x26=0xfffffaed
       42485000	      4149	8000502a	00727b63	bgeu	x4,x7,80005040	  x4:0x00000000  x7:0x0000d000
       42495000	      4150	8000502e	0001	c.addi	x0,0	  x0:0x00000000  x0=0x00000000
       42505000	      4151	80005030	019abc33	sltu	x24,x21,x25	 x21:0x00000000 x25:0xfffffdfb x24=0x00000001
       42515000	      4152	80005034	6105	c.addi16sp	x2,32	  x2:0x0a900000  x2=0x0a900020
       42545000	      4155	80005036	03f68033	mul	x0,x13,x31	 x13:0x80025ce4 x31:0x0001d000  x0=0x00000000
       42555000	      4156	8000503a	f3604c17	auipc	x24,0xf3604	 x24=0x7360903a
       42565000	      4157	8000503e	0725	c.addi	x14,9	 x14:0x800004e4 x14=0x800004ed
       42575000	      4158	80005040	6105	c.addi16sp	x2,32	  x2:0x0a900020  x2=0x0a900040
       42585000	      4159	80005042	8d95	c.sub	x11,x13	 x11:0x00000013 x13:0x80025ce4 x11=0x7ffda32f
       42595000	      4160	80005044	03098363	beq	x19,x16,8000506a	 x19:0x00000000 x16:0x00000000
       42625000	      4163	8000506a	005d5193	srli	x3,x26,0x5	 x26:0xfffffaed  x3=0x07ffffd7
       42635000	      4164	8000506e	0385ff63	bgeu	x11,x24,800050ac	 x11:0x7ffda32f x24:0x7360903a
       42655000	      4166	800050ac	8db9	c.xor	x11,x14	 x11:0x7ffda32f x14:0x800004ed x11=0xfffda7c2
       42665000	      4167	800050ae	12fd	c.addi	x5,-1	  x5:0x00000000  x5=0xffffffff
       42675000	      4168	800050b0	01e71bb3	sll	x23,x14,x30	 x14:0x800004ed x30:0x00009ce4 x23=0x00004ed0
       42685000	      4169	800050b4	0001	c.addi	x0,0	  x0:0x00000000  x0=0x00000000
       42695000	      4170	800050b6	006bdd93	srli	x27,x23,0x6	 x23:0x00004ed0 x27=0x0000013b
       42705000	      4171	800050ba	00d83fb3	sltu	x31,x16,x13	 x16:0x00000000 x13:0x80025ce4 x31=0x00000001
       42715000	      4172	800050be	670d	c.lui	x14,0x3	 x14=0x00003000
       42725000	      4173	800050c0	00751563	bne	x10,x7,800050ca	 x10:0xee92cfff  x7:0x0000d000
       43115000	      4212	800050ca	02ccfa33	remu	x20,x25,x12	 x25:0xfffffdfb x12:0x80025ce4 x20=0x7ffda117
       43125000	      4213	800050ce	006f93b3	sll	x7,x31,x6	 x31:0x00000001  x6:0x9f00c000  x7=0x00000001
       43135000	      4214	800050d2	0145e0b3	or	x1,x11,x20	 x11:0xfffda7c2 x20:0x7ffda117  x1=0xfffda7d7
       43145000	      4215	800050d6	011ae033	or	x0,x21,x17	 x21:0x00000000 x17:0x00000900  x0=0x00000000
       43155000	      4216	800050da	d8268037	lui	x0,0xd8268	  x0=0x00000000
       43165000	      4217	800050de	00177463	bgeu	x14,x1,800050e6	 x14:0x00003000  x1:0xfffda7d7
       43175000	      4218	800050e2	00a50db3	add	x27,x10,x10	 x10:0xee92cfff x10:0xee92cfff x27=0xdd259ffe
       43185000	      4219	800050e6	0001	c.addi	x0,0	  x0:0x00000000  x0=0x00000000
       43195000	      4220	800050e8	f5478f93	addi	x31,x15,-172	 x15:0x0000d000 x31=0x0000cf54
       43565000	      4257	800050ec	0262d9b3	divu	x19,x5,x6	  x5:0xffffffff  x6:0x9f00c000 x19=0x00000001
       43575000	      4258	800050f0	01b09463	bne	x1,x27,800050f8	  x1:0xfffda7d7 x27:0xdd259ffe
       43595000	      4260	800050f8	0060e963	bltu	x1,x6,8000510a	  x1:0xfffda7d7  x6:0x9f00c000
       43605000	      4261	800050fc	c121	c.beqz	x10,8000513c	 x10:0xee92cfff
       43615000	      4262	800050fe	c09d	c.beqz	x9,80005124	  x9:0xffffffff
       43625000	      4263	80005100	c0b1	c.beqz	x9,80005144	  x9:0xffffffff
       43995000	      4300	80005102	0262f5b3	remu	x11,x5,x6	  x5:0xffffffff  x6:0x9f00c000 x11=0x60ff3fff
       44005000	      4301	80005106	0001	c.addi	x0,0	  x0:0x00000000  x0=0x00000000
       44015000	      4302	80005108	0001	c.addi	x0,0	  x0:0x00000000  x0=0x00000000
       44025000	      4303	8000510a	0169e463	bltu	x19,x22,80005112	 x19:0x00000001 x22:0x00000001
       44035000	      4304	8000510e	008a3333	sltu	x6,x20,x8	 x20:0x7ffda117  x8:0x80000000  x6=0x00000001
       44045000	      4305	80005112	14505a17	auipc	x20,0x14505	 x20=0x9450a112
       44055000	      4306	80005116	3eb5b493	sltiu	x9,x11,1003	 x11:0x60ff3fff  x9=0x00000000
       44095000	      4310	8000511a	023cad33	mulhsu	x26,x25,x3	 x25:0xfffffdfb  x3:0x07ffffd7 x26=0xffffffef
       44105000	      4311	8000511e	0001	c.addi	x0,0	  x0:0x00000000  x0=0x00000000
       44475000	      4348	80005120	038ff9b3	remu	x19,x31,x24	 x31:0x0000cf54 x24:0x7360903a x19=0x0000cf54
       44485000	      4349	80005124	d00a7397	auipc	x7,0xd00a7	  x7=0x500ac124
       44495000	      4350	80005128	011a61b3	or	x3,x20,x17	 x20:0x9450a112 x17:0x00000900  x3=0x9450a912
       44505000	      4351	8000512c	015e31b3	sltu	x3,x28,x21	 x28:0x80021e64 x21:0x00000000  x3=0x00000000
       44515000	      4352	80005130	431cfe97	auipc	x29,0x431cf	 x29=0xc31d4130
       44525000	      4353	80005134	87d9	c.srai	x15,0x16	 x15:0x0000d000 x15=0x00000000
       44535000	      4354	80005136	019075b3	and	x11,x0,x25	  x0:0x00000000 x25:0xfffffdfb x11=0x00000000
       44545000	      4355	8000513a	1d9c	c.addi4spn	x15,x2,752	 x15=0x0a900330
       44555000	      4356	8000513c	01ca9013	slli	x0,x21,0x1c	 x21:0x00000000  x0=0x00000000
       44565000	      4357	80005140	01cb80b3	add	x1,x23,x28	 x23:0x00004ed0 x28:0x80021e64  x1=0x80026d34
       44935000	      4394	80005144	02605cb3	divu	x25,x0,x6	  x0:0x00000000  x6:0x00000001 x25=0x00000000
       44975000	      4398	80005148	037dad33	mulhsu	x26,x27,x23	 x27:0xdd259ffe x23:0x00004ed0 x26=0xfffff545
       44985000	      4399	8000514c	d6a23313	sltiu	x6,x4,-662	  x4:0x00000000  x6=0x00000001
       44995000	      4400	80005150	005e45b3	xor	x11,x28,x5	 x28:0x80021e64  x5:0xffffffff x11=0x7ffde19b
       45005000	      4401	80005154	881a	c.mv	x16,x6	  x0:0x00000000  x6:0x00000001 x16=0x00000001
       45045000	      4405	80005156	03c931b3	mulhu	x3,x18,x28	 x18:0x00000000 x28:0x80021e64  x3=0x00000000
       45055000	      4406	8000515a	0fc6fb13	andi	x22,x13,252	 x13:0x80025ce4 x22=0x000000e4
       45065000	      4407	8000515e	955a	c.add	x10,x22	 x10:0xee92cfff x22:0x000000e4 x10=0xee92d0e3
       45105000	      4411	80005160	03df2eb3	mulhsu	x29,x30,x29	 x30:0x00009ce4 x29:0xc31d4130 x29=0x00007793
       45115000	      4412	80005164	855d4d13	xori	x26,x26,-1963	 x26:0xfffff545 x26=0x00000d10
       45125000	      4413	80005168	02c6	c.slli	x5,0x11	  x5:0xffffffff  x5=0xfffe0000
       45135000	      4414	8000516a	c1186793	ori	x15,x16,-1007	 x16:0x00000001 x15=0xfffffc11
       45145000	      4415	8000516e	01555013	srli	x0,x10,0x15	 x10:0xee92d0e3  x0=0x00000000
       45155000	      4416	80005172	0001	c.addi	x0,0	  x0:0x00000000  x0=0x00000000
       45165000	      4417	80005174	82570e97	auipc	x29,0x82570	 x29=0x02575174
       45175000	      4418	80005178	c689	c.beqz	x13,80005182	 x13:0x80025ce4
       45215000	      4422	8000517a	03602eb3	mulhsu	x29,x0,x22	  x0:0x00000000 x22:0x000000e4 x29=0x00000000
       45225000	      4423	8000517e	e73d7993	andi	x19,x26,-397	 x26:0x00000d10 x19=0x00000c10
       45235000	      4424	80005182	ae388493	addi	x9,x17,-1309	 x17:0x00000900  x9=0x000003e3
       45605000	      4461	80005186	02d958b3	divu	x17,x18,x13	 x18:0x00000000 x13:0x80025ce4 x17=0x00000000
       45615000	      4462	8000518a	8d55	c.or	x10,x13	 x10:0xee92d0e3 x13:0x80025ce4 x10=0xee92dce7
       45625000	      4463	8000518c	7b14f793	andi	x15,x9,1969	  x9:0x000003e3 x15=0x000003a1
       45635000	      4464	80005190	9f20c393	xori	x7,x1,-1550	  x1:0x80026d34  x7=0x7ffd94c6
       45645000	      4465	80005194	1a88	c.addi4spn	x10,x2,368	 x10=0x0a9001b0
       45655000	      4466	80005196	40e15cb3	sra	x25,x2,x14	  x2:0x0a900040 x14:0x00003000 x25=0x0a900040
       45695000	      4470	8000519a	036b12b3	mulh	x5,x22,x22	 x22:0x000000e4 x22:0x000000e4  x5=0x00000000
       45705000	      4471	8000519e	87c0f093	andi	x1,x1,-1924	  x1:0x80026d34  x1=0x80026834
       45715000	      4472	800051a2	04bfc517	auipc	x10,0x4bfc	 x10=0x84c011a2
       45725000	      4473	800051a6	41e688b3	sub	x17,x13,x30	 x13:0x80025ce4 x30:0x00009ce4 x17=0x8001c000
       45735000	      4474	800051aa	004881b3	add	x3,x17,x4	 x17:0x8001c000  x4:0x00000000  x3=0x8001c000
       45745000	      4475	800051ae	3c896f93	ori	x31,x18,968	 x18:0x00000000 x31=0x000003c8
       45755000	      4476	800051b2	00927a63	bgeu	x4,x9,800051c6	  x4:0x00000000  x9:0x000003e3
       45765000	      4477	800051b6	000c2a33	slt	x20,x24,x0	 x24:0x7360903a  x0:0x00000000 x20=0x00000000
       45775000	      4478	800051ba	015d52b3	srl	x5,x26,x21	 x26:0x00000d10 x21:0x00000000  x5=0x00000d10
       45785000	      4479	800051be	f5774d13	xori	x26,x14,-169	 x14:0x00003000 x26=0xffffcf57
       46155000	      4516	800051c2	036cd9b3	divu	x19,x25,x22	 x25:0x0a900040 x22:0x000000e4 x19=0x000bdc12
       46165000	      4517	800051c6	409487b3	sub	x15,x9,x9	  x9:0x000003e3  x9:0x000003e3 x15=0x00000000
       46175000	      4518	800051ca	01115f63	bge	x2,x17,800051e8	  x2:0x0a900040 x17:0x8001c000
       46195000	      4520	800051e8	00085933	srl	x18,x16,x0	 x16:0x00000001  x0:0x00000000 x18=0x00000001
       46205000	      4521	800051ec	931e	c.add	x6,x7	  x6:0x00000001  x7:0x7ffd94c6  x6=0x7ffd94c7
       46215000	      4522	800051ee	0000100f	fence.i	
       46235000	      4524	800051f2	8369	c.srli	x14,0x1a	 x14:0x00003000 x14=0x00000000
       46245000	      4525	800051f4	0046d093	srli	x1,x13,0x4	 x13:0x80025ce4  x1=0x080025ce
       46255000	      4526	800051f8	00539993	slli	x19,x7,0x5	  x7:0x7ffd94c6 x19=0xffb298c0
       46265000	      4527	800051fc	01d41933	sll	x18,x8,x29	  x8:0x80000000 x29:0x00000000 x18=0x80000000
       46275000	      4528	80005200	6ad5	c.lui	x21,0x15	 x21=0x00015000
       46285000	      4529	80005202	8fd19097	auipc	x1,0x8fd19	  x1=0x0fd1e202
       46295000	      4530	80005206	0000100f	fence.i	
       46325000	      4533	8000520a	56ca5897	auipc	x17,0x56ca5	 x17=0xd6caa20a
       46335000	      4534	8000520e	1c7d	c.addi	x24,-1	 x24:0x7360903a x24=0x73609039
       46345000	      4535	80005210	cf99	c.beqz	x15,8000522e	 x15:0x00000000
       46365000	      4537	8000522e	8cb9	c.xor	x9,x14	  x9:0x000003e3 x14:0x00000000  x9=0x000003e3
       46375000	      4538	80005230	00195eb3	srl	x29,x18,x1	 x18:0x80000000  x1:0x0fd1e202 x29=0x20000000
       46385000	      4539	80005234	0ff0000f	fence	iorw,iorw	
       46395000	      4540	80005238	007158b3	srl	x17,x2,x7	  x2:0x0a900040  x7:0x7ffd94c6 x17=0x002a4001
       46405000	      4541	8000523c	0002adb3	slt	x27,x5,x0	  x5:0x00000d10  x0:0x00000000 x27=0x00000000
       46415000	      4542	80005240	0c06	c.slli	x24,0x1	 x24:0x73609039 x24=0xe6c12072
       46785000	      4579	80005242	0236efb3	rem	x31,x13,x3	 x13:0x80025ce4  x3:0x8001c000 x31=0x80025ce4
       46795000	      4580	80005246	8fd9	c.or	x15,x14	 x15:0x00000000 x14:0x00000000 x15=0x00000000
       46805000	      4581	80005248	01381a33	sll	x20,x16,x19	 x16:0x00000001 x19:0xffb298c0 x20=0x00000001
       46815000	      4582	8000524c	0000100f	fence.i	
       46835000	      4584	80005250	40460933	sub	x18,x12,x4	 x12:0x80025ce4  x4:0x00000000 x18=0x80025ce4
       46855000	      4586	80005254	02e355b3	divu	x11,x6,x14	  x6:0x7ffd94c7 x14:0x00000000 x11=0xffffffff
       46865000	      4587	80005258	c109	c.beqz	x10,8000525a	 x10:0x84c011a2
       46875000	      4588	8000525a	01f8d1b3	srl	x3,x17,x31	 x17:0x002a4001 x31:0x80025ce4  x3=0x0002a400
       46885000	      4589	8000525e	03f44563	blt	x8,x31,80005288	  x8:0x80000000 x31:0x80025ce4
       46905000	      4591	80005288	00e05c93	srli	x25,x0,0xe	  x0:0x00000000 x25=0x00000000
       46915000	      4592	8000528c	86f1	c.srai	x13,0x1c	 x13:0x80025ce4 x13=0xfffffff8
       46925000	      4593	8000528e	00d39663	bne	x7,x13,8000529a	  x7:0x7ffd94c6 x13:0xfffffff8
       46955000	      4596	8000529a	0097dd13	srli	x26,x15,0x9	 x15:0x00000000 x26=0x00000000
       46965000	      4597	8000529e	03928d63	beq	x5,x25,800052d8	  x5:0x00000d10 x25:0x00000000
       47335000	      4634	800052a2	02bed233	divu	x4,x29,x11	 x29:0x20000000 x11:0xffffffff  x4=0x00000000
       47345000	      4635	800052a6	00437eb3	and	x29,x6,x4	  x6:0x7ffd94c7  x4:0x00000000 x29=0x00000000
       47355000	      4636	800052aa	7cc92a93	slti	x21,x18,1996	 x18:0x80025ce4 x21=0x00000001
       47365000	      4637	800052ae	fefa2c93	slti	x25,x20,-17	 x20:0x00000001 x25=0x00000000
       47375000	      4638	800052b2	cf05	c.beqz	x14,800052ea	 x14:0x00000000
       47405000	      4641	800052ea	0000100f	fence.i	
       47425000	      4643	800052ee	e389	c.bnez	x15,800052f0	 x15:0x00000000
       47465000	      4647	800052f0	02d7bbb3	mulhu	x23,x15,x13	 x15:0x00000000 x13:0xfffffff8 x23=0x00000000
       47475000	      4648	800052f4	00b1d5b3	srl	x11,x3,x11	  x3:0x0002a400 x11:0xffffffff x11=0x00000000
       47515000	      4652	800052f8	0234b8b3	mulhu	x17,x9,x3	  x9:0x000003e3  x3:0x0002a400 x17=0x00000000
       47525000	      4653	800052fc	02de0563	beq	x28,x13,80005326	 x28:0x80021e64 x13:0xfffffff8
       47535000	      4654	80005300	01041c13	slli	x24,x8,0x10	  x8:0x80000000 x24=0x00000000
       47545000	      4655	80005304	00d2d7b3	srl	x15,x5,x13	  x5:0x00000d10 x13:0xfffffff8 x15=0x00000000
       47555000	      4656	80005308	02067263	bgeu	x12,x0,8000532c	 x12:0x80025ce4  x0:0x00000000
       47575000	      4658	8000532c	03e15163	bge	x2,x30,8000534e	  x2:0x0a900040 x30:0x00009ce4
       47605000	      4661	8000534e	0024bcb3	sltu	x25,x9,x2	  x9:0x000003e3  x2:0x0a900040 x25=0x00000001
       47615000	      4662	80005352	083a	c.slli	x16,0xe	 x16:0x00000001 x16=0x00004000
       47625000	      4663	80005354	413d5d33	sra	x26,x26,x19	 x26:0x00000000 x19:0xffb298c0 x26=0x00000000
       47635000	      4664	80005358	017acdb3	xor	x27,x21,x23	 x21:0x00000001 x23:0x00000000 x27=0x00000001
       48005000	      4701	8000535c	03efccb3	div	x25,x31,x30	 x31:0x80025ce4 x30:0x00009ce4 x25=0xffff2f28
       48015000	      4702	80005360	00cb8033	add	x0,x23,x12	 x23:0x00000000 x12:0x80025ce4  x0=0x00000000
       48025000	      4703	80005364	0aea	c.slli	x21,0x1a	 x21:0x00000001 x21=0x04000000
       48035000	      4704	80005366	0001	c.addi	x0,0	  x0:0x00000000  x0=0x00000000
       48045000	      4705	80005368	85e1	c.srai	x11,0x18	 x11:0x00000000 x11=0x00000000
       48415000	      4742	8000536a	03567eb3	remu	x29,x12,x21	 x12:0x80025ce4 x21:0x04000000 x29=0x00025ce4
       48425000	      4743	8000536e	8f65	c.and	x14,x9	 x14:0x00000000  x9:0x000003e3 x14=0x00000000
       48435000	      4744	80005370	d860db17	auipc	x22,0xd860d	 x22=0x58612370
       48445000	      4745	80005374	40f08db3	sub	x27,x1,x15	  x1:0x0fd1e202 x15:0x00000000 x27=0x0fd1e202
       48475000	      4748	80005378	038107b3	mul	x15,x2,x24	  x2:0x0a900040 x24:0x00000000 x15=0x00000000
       48485000	      4749	8000537c	012c2533	slt	x10,x24,x18	 x24:0x00000000 x18:0x80025ce4 x10=0x00000000
       48495000	      4750	80005380	009c3d33	sltu	x26,x24,x9	 x24:0x00000000  x9:0x000003e3 x26=0x00000001
       48505000	      4751	80005384	95dffd13	andi	x26,x31,-1699	 x31:0x80025ce4 x26=0x80025844
       48545000	      4755	80005388	03beaf33	mulhsu	x30,x29,x27	 x29:0x00025ce4 x27:0x0fd1e202 x30=0x00002561
       48585000	      4759	8000538c	02209eb3	mulh	x29,x1,x2	  x1:0x0fd1e202  x2:0x0a900040 x29=0x00a718e7
       48595000	      4760	80005390	4e8d	c.li	x29,3	 x29=0x00000003
       48605000	      4761	80005392	876d	c.srai	x14,0x1b	 x14:0x00000000 x14=0x00000000
       48615000	      4762	80005394	83e1	c.srli	x15,0x18	 x15:0x00000000 x15=0x00000000
       48625000	      4763	80005396	c299	c.beqz	x13,8000539c	 x13:0xfffffff8
       48635000	      4764	80005398	409b3d13	sltiu	x26,x22,1033	 x22:0x58612370 x26=0x00000000
       48645000	      4765	8000539c	01829993	slli	x19,x5,0x18	  x5:0x00000d10 x19=0x10000000
       48655000	      4766	800053a0	8d71	c.and	x10,x12	 x10:0x00000000 x12:0x80025ce4 x10=0x00000000
       48675000	      4768	800053a2	037c44b3	div	x9,x24,x23	 x24:0x00000000 x23:0x00000000  x9=0xffffffff
       48685000	      4769	800053a6	14fd	c.addi	x9,-1	  x9:0xffffffff  x9=0xfffffffe
       48695000	      4770	800053a8	88ed	c.andi	x9,27	  x9:0xfffffffe  x9=0x0000001a
       48705000	      4771	800053aa	cf9d	c.beqz	x15,800053e8	 x15:0x00000000
       48725000	      4773	800053e8	01685eb3	srl	x29,x16,x22	 x16:0x00004000 x22:0x58612370 x29=0x00000000
       48735000	      4774	800053ec	00c846b3	xor	x13,x16,x12	 x16:0x00004000 x12:0x80025ce4 x13=0x80021ce4
       48745000	      4775	800053f0	01417d33	and	x26,x2,x20	  x2:0x0a900040 x20:0x00000001 x26=0x00000000
       48755000	      4776	800053f4	00b58563	beq	x11,x11,800053fe	 x11:0x00000000 x11:0x00000000
       48785000	      4779	800053fe	03168563	beq	x13,x17,80005428	 x13:0x80021ce4 x17:0x00000000
       48795000	      4780	80005402	af2affb7	lui	x31,0xaf2af	 x31=0xaf2af000
       48805000	      4781	80005406	4025d513	srai	x10,x11,0x2	 x11:0x00000000 x10=0x00000000
       49175000	      4818	8000540a	02cf70b3	remu	x1,x30,x12	 x30:0x00002561 x12:0x80025ce4  x1=0x00002561
       49185000	      4819	8000540e	03e8de63	bge	x17,x30,8000544a	 x17:0x00000000 x30:0x00002561
       49195000	      4820	80005412	6129	c.addi16sp	x2,192	  x2:0x0a900040  x2=0x0a900100
       49205000	      4821	80005414	6ae5	c.lui	x21,0x19	 x21=0x00019000
       49215000	      4822	80005416	0dfe	c.slli	x27,0x1f	 x27:0x0fd1e202 x27=0x00000000
       49225000	      4823	80005418	6121	c.addi16sp	x2,64	  x2:0x0a900100  x2=0x0a900140
       49235000	      4824	8000541a	ce0a0513	addi	x10,x20,-800	 x20:0x00000001 x10=0xfffffce1
       49605000	      4861	8000541e	02887d33	remu	x26,x16,x8	 x16:0x00004000  x8:0x80000000 x26=0x00004000
       49975000	      4898	80005422	025a4f33	div	x30,x20,x5	 x20:0x00000001  x5:0x00000d10 x30=0x00000000
       49985000	      4899	80005426	99da	c.add	x19,x22	 x19:0x10000000 x22:0x58612370 x19=0x68612370
       49995000	      4900	80005428	85ad	c.srai	x11,0xb	 x11:0x00000000 x11=0x00000000
       50035000	      4904	8000542a	0218adb3	mulhsu	x27,x17,x1	 x17:0x00000000  x1:0x00002561 x27=0x00000000
       50045000	      4905	8000542e	8222	c.mv	x4,x8	  x0:0x00000000  x8:0x80000000  x4=0x80000000
       50055000	      4906	80005430	0064afb3	slt	x31,x9,x6	  x9:0x0000001a  x6:0x7ffd94c7 x31=0x00000001
       50065000	      4907	80005434	0f9c	c.addi4spn	x15,x2,976	 x15=0x0a900510
       50075000	      4908	80005436	c319	c.beqz	x14,8000543c	 x14:0x00000000
       50095000	      4910	8000543c	00f13933	sltu	x18,x2,x15	  x2:0x0a900140 x15:0x0a900510 x18=0x00000001
       50105000	      4911	80005440	0001	c.addi	x0,0	  x0:0x00000000  x0=0x00000000
       50115000	      4912	80005442	da6f8bb7	lui	x23,0xda6f8	 x23=0xda6f8000
       50125000	      4913	80005446	41db86b3	sub	x13,x23,x29	 x23:0xda6f8000 x29:0x00000000 x13=0xda6f8000
       50135000	      4914	8000544a	00f14263	blt	x2,x15,8000544e	  x2:0x0a900140 x15:0x0a900510
       50525000	      4953	8000544e	02d46ab3	rem	x21,x8,x13	  x8:0x80000000 x13:0xda6f8000 x21=0xf0b18000
       50535000	      4954	80005452	0106eeb3	or	x29,x13,x16	 x13:0xda6f8000 x16:0x00004000 x29=0xda6fc000
       50545000	      4955	80005456	016ea833	slt	x16,x29,x22	 x29:0xda6fc000 x22:0x58612370 x16=0x00000001
       50555000	      4956	8000545a	98fd	c.andi	x9,-1	  x9:0x0000001a  x9=0x0000001a
       50565000	      4957	8000545c	6155	c.addi16sp	x2,304	  x2:0x0a900140  x2=0x0a900270
       50575000	      4958	8000545e	01528f33	add	x30,x5,x21	  x5:0x00000d10 x21:0xf0b18000 x30=0xf0b18d10
       50585000	      4959	80005462	e09c0093	addi	x1,x24,-503	 x24:0x00000000  x1=0xfffffe09
       50595000	      4960	80005466	6fb1	c.lui	x31,0xc	 x31=0x0000c000
       50605000	      4961	80005468	0003e2b3	or	x5,x7,x0	  x7:0x7ffd94c6  x0:0x00000000  x5=0x7ffd94c6
       50615000	      4962	8000546c	0de2ef13	ori	x30,x5,222	  x5:0x7ffd94c6 x30=0x7ffd94de
       50625000	      4963	80005470	0eb9	c.addi	x29,14	 x29:0xda6fc000 x29=0xda6fc00e
       50635000	      4964	80005472	80b9	c.srli	x9,0xe	  x9:0x0000001a  x9=0x00000000
       50645000	      4965	80005474	88b9	c.andi	x9,14	  x9:0x00000000  x9=0x00000000
       50655000	      4966	80005476	8cad	c.xor	x9,x11	  x9:0x00000000 x11:0x00000000  x9=0x00000000
       51025000	      5003	80005478	02d042b3	div	x5,x0,x13	  x0:0x00000000 x13:0xda6f8000  x5=0x00000000
       51035000	      5004	8000547c	e2a1	c.bnez	x13,800054bc	 x13:0xda6f8000
       51055000	      5006	800054bc	04c11f97	auipc	x31,0x4c11	 x31=0x84c164bc
       51065000	      5007	800054c0	177ffc13	andi	x24,x31,375	 x31:0x84c164bc x24=0x00000034
       51105000	      5011	800054c4	03de16b3	mulh	x13,x28,x29	 x28:0x80021e64 x29:0xda6fc00e x13=0x12c7d062
       51115000	      5012	800054c8	00515463	bge	x2,x5,800054d0	  x2:0x0a900270  x5:0x00000000
       51135000	      5014	800054d0	9b1e	c.add	x22,x7	 x22:0x58612370  x7:0x7ffd94c6 x22=0xd85eb836
       51145000	      5015	800054d2	4ed1	c.li	x29,20	 x29=0x00000014
       51155000	      5016	800054d4	41b65db3	sra	x27,x12,x27	 x12:0x80025ce4 x27:0x00000000 x27=0x80025ce4
       51165000	      5017	800054d8	1ef4a8b7	lui	x17,0x1ef4a	 x17=0x1ef4a000
       51205000	      5021	800054dc	03309ab3	mulh	x21,x1,x19	  x1:0xfffffe09 x19:0x68612370 x21=0xffffff32
       51215000	      5022	800054e0	8f79	c.and	x14,x14	 x14:0x00000000 x14:0x00000000 x14=0x00000000
       51225000	      5023	800054e2	9b7d	c.andi	x14,-1	 x14:0x00000000 x14=0x00000000
       51595000	      5060	800054e4	03ee44b3	div	x9,x28,x30	 x28:0x80021e64 x30:0x7ffd94de  x9=0xffffffff
       51605000	      5061	800054e8	c581	c.beqz	x11,800054f0	 x11:0x00000000
       51625000	      5063	800054f0	8f65	c.and	x14,x9	 x14:0x00000000  x9:0xffffffff x14=0x00000000
       51995000	      5100	800054f2	03f666b3	rem	x13,x12,x31	 x12:0x80025ce4 x31:0x84c164bc x13=0xfb40f828
       52005000	      5101	800054f6	8312	c.mv	x6,x4	  x0:0x00000000  x4:0x80000000  x6=0x80000000
       52015000	      5102	800054f8	1f84	c.addi4spn	x9,x2,1008	  x9=0x0a900660
       52025000	      5103	800054fa	01dd	c.addi	x3,23	  x3:0x0002a400  x3=0x0002a417
       52035000	      5104	800054fc	e31d	c.bnez	x14,80005522	 x14:0x00000000
       52045000	      5105	800054fe	e095	c.bnez	x9,80005522	  x9:0x0a900660
       52065000	      5107	80005522	0d98	c.addi4spn	x14,x2,720	 x14=0x0a900540
       52085000	      5109	80005524	0259e1b3	rem	x3,x19,x5	 x19:0x68612370  x5:0x00000000  x3=0x68612370
       52095000	      5110	80005528	007d9b63	bne	x27,x7,8000553e	 x27:0x80025ce4  x7:0x7ffd94c6
       52125000	      5113	8000553e	0ff0000f	fence	iorw,iorw	
       52135000	      5114	80005542	0148e563	bltu	x17,x20,8000554c	 x17:0x1ef4a000 x20:0x00000001
       52505000	      5151	80005546	03fac933	div	x18,x21,x31	 x21:0xffffff32 x31:0x84c164bc x18=0x00000000
       52515000	      5152	8000554a	8f85	c.sub	x15,x9	 x15:0x0a900510  x9:0x0a900660 x15=0xfffffeb0
       52525000	      5153	8000554c	00958363	beq	x11,x9,80005552	 x11:0x00000000  x9:0x0a900660
       52535000	      5154	80005550	0001	c.addi	x0,0	  x0:0x00000000  x0=0x00000000
       52545000	      5155	80005552	00a51913	slli	x18,x10,0xa	 x10:0xfffffce1 x18=0xfff38400
       52555000	      5156	80005556	00aa1933	sll	x18,x20,x10	 x20:0x00000001 x10:0xfffffce1 x18=0x00000002
       52565000	      5157	8000555a	527d	c.li	x4,-1	  x4=0xffffffff
       52575000	      5158	8000555c	00fbf6b3	and	x13,x23,x15	 x23:0xda6f8000 x15:0xfffffeb0 x13=0xda6f8000
       52585000	      5159	80005560	6fbeb893	sltiu	x17,x29,1787	 x29:0x00000014 x17=0x00000001
       52595000	      5160	80005564	86b5	c.srai	x13,0xd	 x13:0xda6f8000 x13=0xfffed37c
       52605000	      5161	80005566	e289	c.bnez	x13,80005568	 x13:0xfffed37c
       52655000	      5166	80005568	03e2b4b3	mulhu	x9,x5,x30	  x5:0x00000000 x30:0x7ffd94de  x9=0x00000000
       52665000	      5167	8000556c	537d	c.li	x6,-1	  x6=0xffffffff
       52675000	      5168	8000556e	eea9	c.bnez	x13,800055c8	 x13:0xfffed37c
       53055000	      5206	800055c8	02ee50b3	divu	x1,x28,x14	 x28:0x80021e64 x14:0x0a900540  x1=0x0000000c
       53065000	      5207	800055cc	211ca997	auipc	x19,0x211ca	 x19=0xa11cf5cc
       53075000	      5208	800055d0	31170d93	addi	x27,x14,785	 x14:0x0a900540 x27=0x0a900851
       53085000	      5209	800055d4	8c584b13	xori	x22,x16,-1851	 x16:0x00000001 x22=0xfffff8c4
       53095000	      5210	800055d8	0193c5b3	xor	x11,x7,x25	  x7:0x7ffd94c6 x25:0xffff2f28 x11=0x8002bbee
       53105000	      5211	800055dc	0084edb3	or	x27,x9,x8	  x9:0x00000000  x8:0x80000000 x27=0x80000000
       53115000	      5212	800055e0	85bd	c.srai	x11,0xf	 x11:0x8002bbee x11=0xffff0005
       53125000	      5213	800055e2	9afd	c.andi	x13,-1	 x13:0xfffed37c x13=0xfffed37c
       53155000	      5216	800055e4	021e8cb3	mul	x25,x29,x1	 x29:0x00000014  x1:0x0000000c x25=0x000000f0
       53195000	      5220	800055e8	03dabfb3	mulhu	x31,x21,x29	 x21:0xffffff32 x29:0x00000014 x31=0x00000013
       53205000	      5221	800055ec	0c92	c.slli	x25,0x4	 x25:0x000000f0 x25=0x00000f00
       53215000	      5222	800055ee	01ff2733	slt	x14,x30,x31	 x30:0x7ffd94de x31:0x00000013 x14=0x00000000
       53225000	      5223	800055f2	0ded	c.addi	x27,27	 x27:0x80000000 x27=0x8000001b
       53235000	      5224	800055f4	004ef833	and	x16,x29,x4	 x29:0x00000014  x4:0xffffffff x16=0x00000014
       53245000	      5225	800055f8	02520263	beq	x4,x5,8000561c	  x4:0xffffffff  x5:0x00000000
       53255000	      5226	800055fc	8519	c.srai	x10,0x6	 x10:0xfffffce1 x10=0xfffffff3
       53265000	      5227	800055fe	8291	c.srli	x13,0x4	 x13:0xfffed37c x13=0x0fffed37
       53305000	      5231	80005600	021b1733	mulh	x14,x22,x1	 x22:0xfffff8c4  x1:0x0000000c x14=0xffffffff
       53315000	      5232	80005604	8f11	c.sub	x14,x12	 x14:0xffffffff x12:0x80025ce4 x14=0x7ffda31b
       53325000	      5233	80005606	026e	c.slli	x4,0x1b	  x4:0xffffffff  x4=0xf8000000
       53335000	      5234	80005608	024fc663	blt	x31,x4,80005634	 x31:0x00000013  x4:0xf8000000
       53365000	      5237	8000560c	035902b3	mul	x5,x18,x21	 x18:0x00000002 x21:0xffffff32  x5=0xfffffe64
       53375000	      5238	80005610	4a163b93	sltiu	x23,x12,1185	 x12:0x80025ce4 x23=0x00000000
       53415000	      5242	80005614	037a9fb3	mulh	x31,x21,x23	 x21:0xffffff32 x23:0x00000000 x31=0x00000000
       53425000	      5243	80005618	00edf3b3	and	x7,x27,x14	 x27:0x8000001b x14:0x7ffda31b  x7=0x0000001b
       53435000	      5244	8000561c	40ef81b3	sub	x3,x31,x14	 x31:0x00000000 x14:0x7ffda31b  x3=0x80025ce5
       53465000	      5247	80005620	02640c33	mul	x24,x8,x6	  x8:0x80000000  x6:0xffffffff x24=0x80000000
       53835000	      5284	80005624	0263c0b3	div	x1,x7,x6	  x7:0x0000001b  x6:0xffffffff  x1=0xffffffe5
       53845000	      5285	80005628	0060cf33	xor	x30,x1,x6	  x1:0xffffffe5  x6:0xffffffff x30=0x0000001a
       53855000	      5286	8000562c	00c80b33	add	x22,x16,x12	 x16:0x00000014 x12:0x80025ce4 x22=0x80025cf8
       53865000	      5287	80005630	f74f3e93	sltiu	x29,x30,-140	 x30:0x0000001a x29=0x00000001
       53875000	      5288	80005634	0001	c.addi	x0,0	  x0:0x00000000  x0=0x00000000
       54245000	      5325	80005636	031c5cb3	divu	x25,x24,x17	 x24:0x80000000 x17:0x00000001 x25=0x80000000
       54255000	      5326	8000563a	01d16e63	bltu	x2,x29,80005656	  x2:0x0a900270 x29:0x00000001
       54265000	      5327	8000563e	02490163	beq	x18,x4,80005660	 x18:0x00000002  x4:0xf8000000
       54275000	      5328	80005642	0001	c.addi	x0,0	  x0:0x00000000  x0=0x00000000
       54645000	      5365	80005644	03ef7fb3	remu	x31,x30,x30	 x30:0x0000001a x30:0x0000001a x31=0x00000000
       54655000	      5366	80005648	717d	c.addi16sp	x2,-16	  x2:0x0a900270  x2=0x0a900260
       54665000	      5367	8000564a	653d	c.lui	x10,0xf	 x10=0x0000f000
       54675000	      5368	8000564c	0048fc63	bgeu	x17,x4,80005664	 x17:0x00000001  x4:0xf8000000
       54685000	      5369	80005650	00f76133	or	x2,x14,x15	 x14:0x7ffda31b x15:0xfffffeb0  x2=0xffffffbb
       54695000	      5370	80005654	8d25	c.xor	x10,x9	 x10:0x0000f000  x9:0x00000000 x10=0x0000f000
       54705000	      5371	80005656	01909eb3	sll	x29,x1,x25	  x1:0xffffffe5 x25:0x80000000 x29=0xffffffe5
       54715000	      5372	8000565a	86c6	c.mv	x13,x17	  x0:0x00000000 x17:0x00000001 x13=0x00000001
       54725000	      5373	8000565c	04af7163	bgeu	x30,x10,8000569e	 x30:0x0000001a x10:0x0000f000
       54735000	      5374	80005660	410b0db3	sub	x27,x22,x16	 x22:0x80025cf8 x16:0x00000014 x27=0x80025ce4
       54755000	      5376	80005664	02026c33	rem	x24,x4,x0	  x4:0xf8000000  x0:0x00000000 x24=0xf8000000
       55125000	      5413	80005668	03c25fb3	divu	x31,x4,x28	  x4:0xf8000000 x28:0x80021e64 x31=0x00000001
       55135000	      5414	8000566c	01b19463	bne	x3,x27,80005674	  x3:0x80025ce5 x27:0x80025ce4
       55155000	      5416	80005674	0224c163	blt	x9,x2,80005696	  x9:0x00000000  x2:0xffffffbb
       55165000	      5417	80005678	8fa9	c.xor	x15,x10	 x15:0xfffffeb0 x10:0x0000f000 x15=0xffff0eb0
       55535000	      5454	8000567a	02a57c33	remu	x24,x10,x10	 x10:0x0000f000 x10:0x0000f000 x24=0x00000000
       55545000	      5455	8000567e	8eb9	c.xor	x13,x14	 x13:0x00000001 x14:0x7ffda31b x13=0x7ffda31a
       55555000	      5456	80005680	031ad463	bge	x21,x17,800056a8	 x21:0xffffff32 x17:0x00000001
       55565000	      5457	80005684	8f9a	c.mv	x31,x6	  x0:0x00000000  x6:0xffffffff x31=0xffffffff
       55605000	      5461	80005686	02eba9b3	mulhsu	x19,x23,x14	 x23:0x00000000 x14:0x7ffda31b x19=0x00000000
       55615000	      5462	8000568a	1e9c	c.addi4spn	x15,x2,880	 x15=0x0000032b
       55625000	      5463	8000568c	8cde	c.mv	x25,x23	  x0:0x00000000 x23:0x00000000 x25=0x00000000
       55635000	      5464	8000568e	40e85f93	srai	x31,x16,0xe	 x16:0x00000014 x31=0x00000000
       55645000	      5465	80005692	8ead	c.xor	x13,x11	 x13:0x7ffda31a x11:0xffff0005 x13=0x8002a31f
       55655000	      5466	80005694	8b06	c.mv	x22,x1	  x0:0x00000000  x1:0xffffffe5 x22=0xffffffe5
       55665000	      5467	80005696	6b208f17	auipc	x30,0x6b208	 x30=0xeb20d696
       56035000	      5504	8000569a	021b66b3	rem	x13,x22,x1	 x22:0xffffffe5  x1:0xffffffe5 x13=0x00000000
       56045000	      5505	8000569e	404f8bb3	sub	x23,x31,x4	 x31:0x00000000  x4:0xf8000000 x23=0x08000000
       56055000	      5506	800056a2	82a5	c.srli	x13,0x9	 x13:0x00000000 x13=0x00000000
       56095000	      5510	800056a4	03fd99b3	mulh	x19,x27,x31	 x27:0x80025ce4 x31:0x00000000 x19=0x00000000
       56105000	      5511	800056a8	8512	c.mv	x10,x4	  x0:0x00000000  x4:0xf8000000 x10=0xf8000000
       56115000	      5512	800056aa	017c9e63	bne	x25,x23,800056c6	 x25:0x00000000 x23:0x08000000
       56145000	      5515	800056c6	0000100f	fence.i	
       56165000	      5517	800056ca	4759	c.li	x14,22	 x14=0x00000016
       56175000	      5518	800056cc	c2602c93	slti	x25,x0,-986	  x0:0x00000000 x25=0x00000000
       56215000	      5522	800056d0	038623b3	mulhsu	x7,x12,x24	 x12:0x80025ce4 x24:0x00000000  x7=0x00000000
       56225000	      5523	800056d4	b3a6f297	auipc	x5,0xb3a6f	  x5=0x33a746d4
       56595000	      5560	800056d8	02bc5ab3	divu	x21,x24,x11	 x24:0x00000000 x11:0xffff0005 x21=0x00000000
       56605000	      5561	800056dc	9bde	c.add	x23,x23	 x23:0x08000000 x23:0x08000000 x23=0x10000000
       56615000	      5562	800056de	0076c1b3	xor	x3,x13,x7	 x13:0x00000000  x7:0x00000000  x3=0x00000000
       56645000	      5565	800056e2	03e78fb3	mul	x31,x15,x30	 x15:0x0000032b x30:0xeb20d696 x31=0xe107cd32
       56655000	      5566	800056e6	00588463	beq	x17,x5,800056ee	 x17:0x00000001  x5:0x33a746d4
       57025000	      5603	800056ea	02ba7d33	remu	x26,x20,x11	 x20:0x00000001 x11:0xffff0005 x26=0x00000001
       57035000	      5604	800056ee	3394cb97	auipc	x23,0x3394c	 x23=0xb39516ee
       57045000	      5605	800056f2	0078df33	srl	x30,x17,x7	 x17:0x00000001  x7:0x00000000 x30=0x00000001
       57055000	      5606	800056f6	05de0063	beq	x28,x29,80005736	 x28:0x80021e64 x29:0xffffffe5
       57095000	      5610	800056fa	0275b133	mulhu	x2,x11,x7	 x11:0xffff0005  x7:0x00000000  x2=0x00000000
       57105000	      5611	800056fe	41255f33	sra	x30,x10,x18	 x10:0xf8000000 x18:0x00000002 x30=0xfe000000
       57115000	      5612	80005702	8fdd	c.or	x15,x15	 x15:0x0000032b x15:0x0000032b x15=0x0000032b
       57125000	      5613	80005704	39b55897	auipc	x17,0x39b55	 x17=0xb9b5a704
       57145000	      5615	80005708	0224f7b3	remu	x15,x9,x2	  x9:0x00000000  x2:0x00000000 x15=0x00000000
       57515000	      5652	8000570c	03e2dc33	divu	x24,x5,x30	  x5:0x33a746d4 x30:0xfe000000 x24=0x00000000
       57525000	      5653	80005710	8d6d	c.and	x10,x11	 x10:0xf8000000 x11:0xffff0005 x10=0xf8000000
       57535000	      5654	80005712	8df1	c.and	x11,x12	 x11:0xffff0005 x12:0x80025ce4 x11=0x80020004
       57545000	      5655	80005714	8d01	c.sub	x10,x8	 x10:0xf8000000  x8:0x80000000 x10=0x78000000
       57555000	      5656	80005716	0708	c.addi4spn	x10,x2,896	 x10=0x00000380
       57565000	      5657	80005718	969e	c.add	x13,x7	 x13:0x00000000  x7:0x00000000 x13=0x00000000
       57595000	      5660	8000571a	02528db3	mul	x27,x5,x5	  x5:0x33a746d4  x5:0x33a746d4 x27=0xf4309f90
       57605000	      5661	8000571e	e2b40317	auipc	x6,0xe2b40	  x6=0x62b4571e
       57615000	      5662	80005722	8c9ffa93	andi	x21,x31,-1847	 x31:0xe107cd32 x21=0xe107c800
       57625000	      5663	80005726	2f0c6c13	ori	x24,x24,752	 x24:0x00000000 x24=0x000002f0
       57635000	      5664	8000572a	2f9be013	ori	x0,x23,761	 x23:0xb39516ee  x0=0x00000000
       57645000	      5665	8000572e	6169	c.addi16sp	x2,208	  x2:0x00000000  x2=0x000000d0
       57655000	      5666	80005730	cc81	c.beqz	x9,80005748	  x9:0x00000000
       57675000	      5668	80005748	8ee1	c.and	x13,x8	 x13:0x00000000  x8:0x80000000 x13=0x00000000
       57685000	      5669	8000574a	8f65	c.and	x14,x9	 x14:0x00000016  x9:0x00000000 x14=0x00000000
       57695000	      5670	8000574c	03b41663	bne	x8,x27,80005778	  x8:0x80000000 x27:0xf4309f90
       57715000	      5672	80005778	40275193	srai	x3,x14,0x2	 x14:0x00000000  x3=0x00000000
       57725000	      5673	8000577c	0080d493	srli	x9,x1,0x8	  x1:0xffffffe5  x9=0x00ffffff
       57735000	      5674	80005780	0039fc63	bgeu	x19,x3,80005798	 x19:0x00000000  x3:0x00000000
       57755000	      5676	80005798	016e87b3	add	x15,x29,x22	 x29:0xffffffe5 x22:0xffffffe5 x15=0xffffffca
       57765000	      5677	8000579c	0001	c.addi	x0,0	  x0:0x00000000  x0=0x00000000
       58135000	      5714	8000579e	0314c533	div	x10,x9,x17	  x9:0x00ffffff x17:0xb9b5a704 x10=0x00000000
       58145000	      5715	800057a2	82e1	c.srli	x13,0x18	 x13:0x00000000 x13=0x00000000
       58155000	      5716	800057a4	223ee013	ori	x0,x29,547	 x29:0xffffffe5  x0=0x00000000
       58525000	      5753	800057a8	03ba67b3	rem	x15,x20,x27	 x20:0x00000001 x27:0xf4309f90 x15=0x00000001
       58535000	      5754	800057ac	01bbc563	blt	x23,x27,800057b6	 x23:0xb39516ee x27:0xf4309f90
       58565000	      5757	800057b6	ab277d13	andi	x26,x14,-1358	 x14:0x00000000 x26=0x00000000
       58575000	      5758	800057ba	028c	c.addi4spn	x11,x2,320	 x11=0x00000210
       58585000	      5759	800057bc	0024fdb3	and	x27,x9,x2	  x9:0x00ffffff  x2:0x000000d0 x27=0x000000d0
       58595000	      5760	800057c0	03f50c63	beq	x10,x31,800057f8	 x10:0x00000000 x31:0xe107cd32
       58605000	      5761	800057c4	8f1d	c.sub	x14,x15	 x14:0x00000000 x15:0x00000001 x14=0xffffffff
       58615000	      5762	800057c6	41ec5a33	sra	x20,x24,x30	 x24:0x000002f0 x30:0xfe000000 x20=0x000002f0
       58655000	      5766	800057ca	02c0a233	mulhsu	x4,x1,x12	  x1:0xffffffe5 x12:0x80025ce4  x4=0xfffffff2
       58665000	      5767	800057ce	40cbd013	srai	x0,x23,0xc	 x23:0xb39516ee  x0=0x00000000
       58675000	      5768	800057d2	005d38b3	sltu	x17,x26,x5	 x26:0x00000000  x5:0x33a746d4 x17=0x00000001
       58685000	      5769	800057d6	00548333	add	x6,x9,x5	  x9:0x00ffffff  x5:0x33a746d4  x6=0x34a746d3
       58695000	      5770	800057da	0224d763	bge	x9,x2,80005808	  x9:0x00ffffff  x2:0x000000d0
       58715000	      5772	80005808	01a0b933	sltu	x18,x1,x26	  x1:0xffffffe5 x26:0x00000000 x18=0x00000000
       58725000	      5773	8000580c	9176	c.add	x2,x29	  x2:0x000000d0 x29:0xffffffe5  x2=0x000000b5
       58735000	      5774	8000580e	8f59	c.or	x14,x14	 x14:0xffffffff x14:0xffffffff x14=0xffffffff
       58755000	      5776	80005810	02a95eb3	divu	x29,x18,x10	 x18:0x00000000 x10:0x00000000 x29=0xffffffff
       58795000	      5780	80005814	02f5a0b3	mulhsu	x1,x11,x15	 x11:0x00000210 x15:0x00000001  x1=0x00000000
       58805000	      5781	80005818	00a81c33	sll	x24,x16,x10	 x16:0x00000014 x10:0x00000000 x24=0x00000014
       58815000	      5782	8000581c	8d91	c.sub	x11,x12	 x11:0x00000210 x12:0x80025ce4 x11=0x7ffda52c
       58825000	      5783	8000581e	54fd	c.li	x9,-1	  x9=0xffffffff
       58835000	      5784	80005820	7734e493	ori	x9,x9,1907	  x9:0xffffffff  x9=0xffffffff
       58845000	      5785	80005824	81bd	c.srli	x11,0xf	 x11:0x7ffda52c x11=0x0000fffb
       58855000	      5786	80005826	0000100f	fence.i	
       58875000	      5788	8000582a	972a	c.add	x14,x10	 x14:0xffffffff x10:0x00000000 x14=0xffffffff
       58885000	      5789	8000582c	717d	c.addi16sp	x2,-16	  x2:0x000000b5  x2=0x000000a5
       58895000	      5790	8000582e	004c8b33	add	x22,x25,x4	 x25:0x00000000  x4:0xfffffff2 x22=0xfffffff2
       58905000	      5791	80005832	03d7e263	bltu	x15,x29,80005856	 x15:0x00000001 x29:0xffffffff
       58935000	      5794	80005856	0153b133	sltu	x2,x7,x21	  x7:0x00000000 x21:0xe107c800  x2=0x00000001
       58945000	      5795	8000585a	0000100f	fence.i	
       58965000	      5797	8000585e	89e1	c.andi	x11,24	 x11:0x0000fffb x11=0x00000018
       59335000	      5834	80005860	025a5bb3	divu	x23,x20,x5	 x20:0x000002f0  x5:0x33a746d4 x23=0x00000000
       59345000	      5835	80005864	0001	c.addi	x0,0	  x0:0x00000000  x0=0x00000000
       59355000	      5836	80005866	010efdb3	and	x27,x29,x16	 x29:0xffffffff x16:0x00000014 x27=0x00000014
       59385000	      5839	8000586a	02ac8233	mul	x4,x25,x10	 x25:0x00000000 x10:0x00000000  x4=0x00000000
       59395000	      5840	8000586e	415d54b3	sra	x9,x26,x21	 x26:0x00000000 x21:0xe107c800  x9=0x00000000
       59405000	      5841	80005872	0ff0000f	fence	iorw,iorw	
       59415000	      5842	80005876	740bc917	auipc	x18,0x740bc	 x18=0xf40c1876
       59425000	      5843	8000587a	00747f63	bgeu	x8,x7,80005898	  x8:0x80000000  x7:0x00000000
       59445000	      5845	80005898	90ee	c.add	x1,x27	  x1:0x00000000 x27:0x00000014  x1=0x00000014
       59455000	      5846	8000589a	1d84	c.addi4spn	x9,x2,752	  x9=0x000002f1
       59465000	      5847	8000589c	00dd1993	slli	x19,x26,0xd	 x26:0x00000000 x19=0x00000000
       59475000	      5848	800058a0	0001	c.addi	x0,0	  x0:0x00000000  x0=0x00000000
       59485000	      5849	800058a2	d4de0113	addi	x2,x28,-691	 x28:0x80021e64  x2=0x80021bb1
       59495000	      5850	800058a6	0001	c.addi	x0,0	  x0:0x00000000  x0=0x00000000
       59505000	      5851	800058a8	0001	c.addi	x0,0	  x0:0x00000000  x0=0x00000000
       59515000	      5852	800058aa	0f79	c.addi	x30,30	 x30:0xfe000000 x30=0xfe00001e
       59545000	      5855	800058ac	02db8ab3	mul	x21,x23,x13	 x23:0x00000000 x13:0x00000000 x21=0x00000000
       59555000	      5856	800058b0	2bcca213	slti	x4,x25,700	 x25:0x00000000  x4=0x00000001
       59565000	      5857	800058b4	01949333	sll	x6,x9,x25	  x9:0x000002f1 x25:0x00000000  x6=0x000002f1
       59575000	      5858	800058b8	412fdf13	srai	x30,x31,0x12	 x31:0xe107cd32 x30=0xfffff841
       59615000	      5862	800058bc	02673bb3	mulhu	x23,x14,x6	 x14:0xffffffff  x6:0x000002f1 x23=0x000002f0
       59625000	      5863	800058c0	0113f263	bgeu	x7,x17,800058c4	  x7:0x00000000 x17:0x00000001
       59645000	      5865	800058c4	02d155b3	divu	x11,x2,x13	  x2:0x80021bb1 x13:0x00000000 x11=0xffffffff
       59655000	      5866	800058c8	03c6	c.slli	x7,0x11	  x7:0x00000000  x7=0x00000000
       59665000	      5867	800058ca	00515e93	srli	x29,x2,0x5	  x2:0x80021bb1 x29=0x040010dd
       59675000	      5868	800058ce	8cf5	c.and	x9,x13	  x9:0x000002f1 x13:0x00000000  x9=0x00000000
       59685000	      5869	800058d0	a8f23f13	sltiu	x30,x4,-1393	  x4:0x00000001 x30=0x00000001
       59695000	      5870	800058d4	40de8133	sub	x2,x29,x13	 x29:0x040010dd x13:0x00000000  x2=0x040010dd
       59705000	      5871	800058d8	0ff0000f	fence	iorw,iorw	
       59715000	      5872	800058dc	d959fa93	andi	x21,x19,-619	 x19:0x00000000 x21=0x00000000
       59725000	      5873	800058e0	fa6be913	ori	x18,x23,-90	 x23:0x000002f0 x18=0xfffffff6
       59735000	      5874	800058e4	41f9d4b3	sra	x9,x19,x31	 x19:0x00000000 x31:0xe107cd32  x9=0x00000000
       59755000	      5876	800058e8	029b4bb3	div	x23,x22,x9	 x22:0xfffffff2  x9:0x00000000 x23=0xffffffff
       60125000	      5913	800058ec	034bebb3	rem	x23,x23,x20	 x23:0xffffffff x20:0x000002f0 x23=0xffffffff
       60135000	      5914	800058f0	020bc863	blt	x23,x0,80005920	 x23:0xffffffff  x0:0x00000000
       60155000	      5916	80005920	c131	c.beqz	x10,80005964	 x10:0x00000000
       60535000	      5954	80005964	03277933	remu	x18,x14,x18	 x14:0xffffffff x18:0xfffffff6 x18=0x00000009
       60545000	      5955	80005968	9d3e	c.add	x26,x15	 x26:0x00000000 x15:0x00000001 x26=0x00000001
       60555000	      5956	8000596a	01f41033	sll	x0,x8,x31	  x8:0x80000000 x31:0xe107cd32  x0=0x00000000
       60565000	      5957	8000596e	096a	c.slli	x18,0x1a	 x18:0x00000009 x18=0x24000000
       60595000	      5960	80005970	032b88b3	mul	x17,x23,x18	 x23:0xffffffff x18:0x24000000 x17=0xdc000000
       60615000	      5962	80005974	039a4c33	div	x24,x20,x25	 x20:0x000002f0 x25:0x00000000 x24=0xffffffff
       60655000	      5966	80005978	03bba533	mulhsu	x10,x23,x27	 x23:0xffffffff x27:0x00000014 x10=0xffffffff
       60665000	      5967	8000597c	01649233	sll	x4,x9,x22	  x9:0x00000000 x22:0xfffffff2  x4=0x00000000
       60675000	      5968	80005980	0f66	c.slli	x30,0x19	 x30:0x00000001 x30=0x02000000
       60685000	      5969	80005982	0026b8b3	sltu	x17,x13,x2	 x13:0x00000000  x2:0x040010dd x17=0x00000001
       60695000	      5970	80005986	920ac893	xori	x17,x21,-1760	 x21:0x00000000 x17=0xfffff920
       60705000	      5971	8000598a	01adca63	blt	x27,x26,8000599e	 x27:0x00000014 x26:0x00000001
       60715000	      5972	8000598e	41e0d513	srai	x10,x1,0x1e	  x1:0x00000014 x10=0x00000000
       60725000	      5973	80005992	997d	c.andi	x10,-1	 x10:0x00000000 x10=0x00000000
       60735000	      5974	80005994	0001	c.addi	x0,0	  x0:0x00000000  x0=0x00000000
       60745000	      5975	80005996	0001	c.addi	x0,0	  x0:0x00000000  x0=0x00000000
       60755000	      5976	80005998	c11d	c.beqz	x10,800059be	 x10:0x00000000
       60775000	      5978	800059be	8131	c.srli	x10,0xc	 x10:0x00000000 x10=0x00000000
       60785000	      5979	800059c0	01b419b3	sll	x19,x8,x27	  x8:0x80000000 x27:0x00000014 x19=0x00000000
       60825000	      5983	800059c4	03ba9c33	mulh	x24,x21,x27	 x21:0x00000000 x27:0x00000014 x24=0x00000000
       60835000	      5984	800059c8	4102da33	sra	x20,x5,x16	  x5:0x33a746d4 x16:0x00000014 x20=0x0000033a
       60845000	      5985	800059cc	8f71	c.and	x14,x12	 x14:0xffffffff x12:0x80025ce4 x14=0x80025ce4
       60855000	      5986	800059ce	00665a13	srli	x20,x12,0x6	 x12:0x80025ce4 x20=0x02000973
       60865000	      5987	800059d2	e1f52113	slti	x2,x10,-481	 x10:0x00000000  x2=0x00000000
       60875000	      5988	800059d6	0506	c.slli	x10,0x1	 x10:0x00000000 x10=0x00000000
       60885000	      5989	800059d8	00eeb0b3	sltu	x1,x29,x14	 x29:0x040010dd x14:0x80025ce4  x1=0x00000001
       60895000	      5990	800059dc	69e1	c.lui	x19,0x18	 x19=0x00018000
       60905000	      5991	800059de	0001	c.addi	x0,0	  x0:0x00000000  x0=0x00000000
       60915000	      5992	800059e0	8541	c.srai	x10,0x10	 x10:0x00000000 x10=0x00000000
       60925000	      5993	800059e2	60f588b7	lui	x17,0x60f58	 x17=0x60f58000
       60935000	      5994	800059e6	00062533	slt	x10,x12,x0	 x12:0x80025ce4  x0:0x00000000 x10=0x00000001
       60945000	      5995	800059ea	41698933	sub	x18,x19,x22	 x19:0x00018000 x22:0xfffffff2 x18=0x0001800e
       60955000	      5996	800059ee	1284	c.addi4spn	x9,x2,352	  x9=0x00000160
       60965000	      5997	800059f0	0001	c.addi	x0,0	  x0:0x00000000  x0=0x00000000
       60975000	      5998	800059f2	8f09	c.sub	x14,x10	 x14:0x80025ce4 x10:0x00000001 x14=0x80025ce3
       60995000	      6000	800059f4	02454c33	div	x24,x10,x4	 x10:0x00000001  x4:0x00000000 x24=0xffffffff
       61035000	      6004	800059f8	03b33cb3	mulhu	x25,x6,x27	  x6:0x000002f1 x27:0x00000014 x25=0x00000000
       61045000	      6005	800059fc	17d0aa97	auipc	x21,0x17d0a	 x21=0x97d0f9fc
       61055000	      6006	80005a00	052f1163	bne	x30,x18,80005a42	 x30:0x02000000 x18:0x0001800e
       61085000	      6009	80005a42	01490e63	beq	x18,x20,80005a5e	 x18:0x0001800e x20:0x02000973
       61095000	      6010	80005a46	8f5d	c.or	x14,x15	 x14:0x80025ce3 x15:0x00000001 x14=0x80025ce3
       61105000	      6011	80005a48	a5090a93	addi	x21,x18,-1456	 x18:0x0001800e x21=0x00017a5e
       61115000	      6012	80005a4c	040bc163	blt	x23,x0,80005a8e	 x23:0xffffffff  x0:0x00000000
       61145000	      6015	80005a8e	4061df13	srai	x30,x3,0x6	  x3:0x00000000 x30=0x00000000
       61155000	      6016	80005a92	171c	c.addi4spn	x15,x2,928	 x15=0x000003a0
       61165000	      6017	80005a94	000dd913	srli	x18,x27,0x0	 x27:0x00000014 x18=0x00000014
       61175000	      6018	80005a98	019262b3	or	x5,x4,x25	  x4:0x00000000 x25:0x00000000  x5=0x00000000
       61195000	      6020	80005a9c	02006833	rem	x16,x0,x0	  x0:0x00000000  x0:0x00000000 x16=0x00000000
       61235000	      6024	80005aa0	02762eb3	mulhsu	x29,x12,x7	 x12:0x80025ce4  x7:0x00000000 x29=0x00000000
       61245000	      6025	80005aa4	0189	c.addi	x3,2	  x3:0x00000000  x3=0x00000002
       61255000	      6026	80005aa6	01d762b3	or	x5,x14,x29	 x14:0x80025ce3 x29:0x00000000  x5=0x80025ce3
       61265000	      6027	80005aaa	617d	c.addi16sp	x2,496	  x2:0x00000000  x2=0x000001f0
       61275000	      6028	80005aac	02366563	bltu	x12,x3,80005ad6	 x12:0x80025ce4  x3:0x00000002
       61645000	      6065	80005ab0	0256ec33	rem	x24,x13,x5	 x13:0x00000000  x5:0x80025ce3 x24=0x00000000
       61655000	      6066	80005ab4	3d5a2713	slti	x14,x20,981	 x20:0x02000973 x14=0x00000000
       61665000	      6067	80005ab8	8f55	c.or	x14,x13	 x14:0x00000000 x13:0x00000000 x14=0x00000000
       61675000	      6068	80005aba	8cf1	c.and	x9,x12	  x9:0x00000160 x12:0x80025ce4  x9=0x00000060
       61685000	      6069	80005abc	194b4b97	auipc	x23,0x194b4	 x23=0x994b9abc
       62055000	      6106	80005ac0	03bc5eb3	divu	x29,x24,x27	 x24:0x00000000 x27:0x00000014 x29=0x00000000
       62065000	      6107	80005ac4	f0dc8797	auipc	x15,0xf0dc8	 x15=0x70dcdac4
       62075000	      6108	80005ac8	007c7263	bgeu	x24,x7,80005acc	 x24:0x00000000  x7:0x00000000
       62095000	      6110	80005acc	6171	c.addi16sp	x2,336	  x2:0x000001f0  x2=0x00000340
       62135000	      6114	80005ace	03449033	mulh	x0,x9,x20	  x9:0x00000060 x20:0x02000973  x0=0x00000000
       62145000	      6115	80005ad2	00c2d513	srli	x10,x5,0xc	  x5:0x80025ce3 x10=0x00080025
       62155000	      6116	80005ad6	036efb63	bgeu	x29,x22,80005b0c	 x29:0x00000000 x22:0xfffffff2
       62165000	      6117	80005ada	003d1b93	slli	x23,x26,0x3	 x26:0x00000001 x23=0x00000008
       62185000	      6119	80005ade	030160b3	rem	x1,x2,x16	  x2:0x00000340 x16:0x00000000  x1=0x00000340
       62195000	      6120	80005ae2	04ebd363	bge	x23,x14,80005b28	 x23:0x00000008 x14:0x00000000
       62215000	      6122	80005b28	011ec0b3	xor	x1,x29,x17	 x29:0x00000000 x17:0x60f58000  x1=0x60f58000
       62235000	      6124	80005b2c	0248e233	rem	x4,x17,x4	 x17:0x60f58000  x4:0x00000000  x4=0x60f58000
       62255000	      6126	80005b30	039a52b3	divu	x5,x20,x25	 x20:0x02000973 x25:0x00000000  x5=0xffffffff
       62265000	      6127	80005b34	02161063	bne	x12,x1,80005b54	 x12:0x80025ce4  x1:0x60f58000
       62285000	      6129	80005b54	8f6d	c.and	x14,x11	 x14:0x00000000 x11:0xffffffff x14=0x00000000
       62295000	      6130	80005b56	88c9	c.andi	x9,18	  x9:0x00000060  x9=0x00000000
       62305000	      6131	80005b58	6736ac13	slti	x24,x13,1651	 x13:0x00000000 x24=0x00000001
       62315000	      6132	80005b5c	4fcd3e93	sltiu	x29,x26,1276	 x26:0x00000001 x29=0x00000001
       62325000	      6133	80005b60	0000100f	fence.i	
       62705000	      6171	80005b64	03c26f33	rem	x30,x4,x28	  x4:0x60f58000 x28:0x80021e64 x30=0x60f58000
       62715000	      6172	80005b68	00f3d233	srl	x4,x7,x15	  x7:0x00000000 x15:0x70dcdac4  x4=0x00000000
       62725000	      6173	80005b6c	0ff0000f	fence	iorw,iorw	
       62735000	      6174	80005b70	01bafb33	and	x22,x21,x27	 x21:0x00017a5e x27:0x00000014 x22=0x00000014
       62755000	      6176	80005b74	0273e133	rem	x2,x7,x7	  x7:0x00000000  x7:0x00000000  x2=0x00000000
       62765000	      6177	80005b78	03a2	c.slli	x7,0x8	  x7:0x00000000  x7=0x00000000
       62775000	      6178	80005b7a	e50d	c.bnez	x10,80005ba4	 x10:0x00080025
       62795000	      6180	80005ba4	65e5	c.lui	x11,0x19	 x11=0x00019000
       62805000	      6181	80005ba6	0ff0000f	fence	iorw,iorw	
       62815000	      6182	80005baa	591ac917	auipc	x18,0x591ac	 x18=0xd91b1baa
       62825000	      6183	80005bae	1004	c.addi4spn	x9,x2,32	  x9=0x00000020
       63195000	      6220	80005bb0	03d8e3b3	rem	x7,x17,x29	 x17:0x60f58000 x29:0x00000001  x7=0x00000000
       63205000	      6221	80005bb4	a3190593	addi	x11,x18,-1487	 x18:0xd91b1baa x11=0xd91b15db
       63215000	      6222	80005bb8	01ba1793	slli	x15,x20,0x1b	 x20:0x02000973 x15=0x98000000
       63225000	      6223	80005bbc	011646b3	xor	x13,x12,x17	 x12:0x80025ce4 x17:0x60f58000 x13=0xe0f7dce4
       63255000	      6226	80005bc0	03e385b3	mul	x11,x7,x30	  x7:0x00000000 x30:0x60f58000 x11=0x00000000
       63265000	      6227	80005bc4	8359	c.srli	x14,0x16	 x14:0x00000000 x14=0x00000000
       63275000	      6228	80005bc6	0000100f	fence.i	
       63315000	      6232	80005bca	027fd6b3	divu	x13,x31,x7	 x31:0xe107cd32  x7:0x00000000 x13=0xffffffff
       63325000	      6233	80005bce	014f7f33	and	x30,x30,x20	 x30:0x60f58000 x20:0x02000973 x30=0x00000000
       63335000	      6234	80005bd2	006b80b3	add	x1,x23,x6	 x23:0x00000008  x6:0x000002f1  x1=0x000002f9
       63345000	      6235	80005bd6	00db7363	bgeu	x22,x13,80005bdc	 x22:0x00000014 x13:0xffffffff
       63355000	      6236	80005bda	c319	c.beqz	x14,80005be0	 x14:0x00000000
       63375000	      6238	80005be0	05094163	blt	x18,x16,80005c22	 x18:0xd91b1baa x16:0x00000000
       63435000	      6244	80005c22	0335ab33	mulhsu	x22,x11,x19	 x11:0x00000000 x19:0x00018000 x22=0x00000000
       63445000	      6245	80005c26	8ef1	c.and	x13,x12	 x13:0xffffffff x12:0x80025ce4 x13=0x80025ce4
       63455000	      6246	80005c28	0032c233	xor	x4,x5,x3	  x5:0xffffffff  x3:0x00000002  x4=0xfffffffd
       63825000	      6283	80005c2c	03c844b3	div	x9,x16,x28	 x16:0x00000000 x28:0x80021e64  x9=0x00000000
       63835000	      6284	80005c30	0808	c.addi4spn	x10,x2,16	 x10=0x00000010
       63845000	      6285	80005c32	03f38563	beq	x7,x31,80005c5c	  x7:0x00000000 x31:0xe107cd32
       63855000	      6286	80005c36	00ab0fb3	add	x31,x22,x10	 x22:0x00000000 x10:0x00000010 x31=0x00000010
       63865000	      6287	80005c3a	6df9	c.lui	x27,0x1e	 x27=0x0001e000
       63875000	      6288	80005c3c	80d9	c.srli	x9,0x16	  x9:0x00000000  x9=0x00000000
       63905000	      6291	80005c3e	03dd83b3	mul	x7,x27,x29	 x27:0x0001e000 x29:0x00000001  x7=0x0001e000
       63915000	      6292	80005c42	0076f663	bgeu	x13,x7,80005c4e	 x13:0x80025ce4  x7:0x0001e000
       63945000	      6295	80005c4e	0dfb7a93	andi	x21,x22,223	 x22:0x00000000 x21=0x00000000
       63955000	      6296	80005c52	8bad	c.andi	x15,11	 x15:0x98000000 x15=0x00000000
       63965000	      6297	80005c54	008e9933	sll	x18,x29,x8	 x29:0x00000001  x8:0x80000000 x18=0x00000001
       63975000	      6298	80005c58	0000100f	fence.i	
       63995000	      6300	80005c5c	003561b3	or	x3,x10,x3	 x10:0x00000010  x3:0x00000002  x3=0x00000012
       64005000	      6301	80005c60	1588	c.addi4spn	x10,x2,736	 x10=0x000002e0
       64015000	      6302	80005c62	4161d1b3	sra	x3,x3,x22	  x3:0x00000012 x22:0x00000000  x3=0x00000012
       64025000	      6303	80005c66	01f845b3	xor	x11,x16,x31	 x16:0x00000000 x31:0x00000010 x11=0x00000010
       64035000	      6304	80005c6a	8ce1	c.and	x9,x8	  x9:0x00000000  x8:0x80000000  x9=0x00000000
       64045000	      6305	80005c6c	0001	c.addi	x0,0	  x0:0x00000000  x0=0x00000000
       64055000	      6306	80005c6e	01e5cbb3	xor	x23,x11,x30	 x11:0x00000010 x30:0x00000000 x23=0x00000010
       64065000	      6307	80005c72	59ef2393	slti	x7,x30,1438	 x30:0x00000000  x7=0x00000001
       64105000	      6311	80005c76	03dab9b3	mulhu	x19,x21,x29	 x21:0x00000000 x29:0x00000001 x19=0x00000000
       64115000	      6312	80005c7a	40785213	srai	x4,x16,0x7	 x16:0x00000000  x4=0x00000000
       64125000	      6313	80005c7e	6bd10b37	lui	x22,0x6bd10	 x22=0x6bd10000
       64135000	      6314	80005c82	8fed	c.and	x15,x11	 x15:0x00000000 x11:0x00000010 x15=0x00000000
       64145000	      6315	80005c84	b4728f93	addi	x31,x5,-1209	  x5:0xffffffff x31=0xfffffb46
       64155000	      6316	80005c88	00b959b3	srl	x19,x18,x11	 x18:0x00000001 x11:0x00000010 x19=0x00000000
       64165000	      6317	80005c8c	0000100f	fence.i	
       64185000	      6319	80005c90	29338cb7	lui	x25,0x29338	 x25=0x29338000
       64195000	      6320	80005c94	890d	c.andi	x10,3	 x10:0x000002e0 x10=0x00000000
       64205000	      6321	80005c96	eb95	c.bnez	x15,80005cca	 x15:0x00000000
       64215000	      6322	80005c98	871d	c.srai	x14,0x7	 x14:0x00000000 x14=0x00000000
       64225000	      6323	80005c9a	84b1	c.srai	x9,0xc	  x9:0x00000000  x9=0x00000000
       64235000	      6324	80005c9c	41dbdb33	sra	x22,x23,x29	 x23:0x00000010 x29:0x00000001 x22=0x00000008
       64245000	      6325	80005ca0	0001	c.addi	x0,0	  x0:0x00000000  x0=0x00000000
       64255000	      6326	80005ca2	70ca3a37	lui	x20,0x70ca3	 x20=0x70ca3000
       64265000	      6327	80005ca6	717d	c.addi16sp	x2,-16	  x2:0x00000000  x2=0xfffffff0
       64275000	      6328	80005ca8	8dad	c.xor	x11,x11	 x11:0x00000010 x11:0x00000010 x11=0x00000000
       64285000	      6329	80005caa	00f41113	slli	x2,x8,0xf	  x8:0x80000000  x2=0x00000000
       64295000	      6330	80005cae	45c5	c.li	x11,17	 x11=0x00000011
       64305000	      6331	80005cb0	503a4513	xori	x10,x20,1283	 x20:0x70ca3000 x10=0x70ca3503
       64345000	      6335	80005cb4	039f2db3	mulhsu	x27,x30,x25	 x30:0x00000000 x25:0x29338000 x27=0x00000000
       64715000	      6372	80005cb8	0319e1b3	rem	x3,x19,x17	 x19:0x00000000 x17:0x60f58000  x3=0x00000000
       64725000	      6373	80005cbc	0001	c.addi	x0,0	  x0:0x00000000  x0=0x00000000
       64735000	      6374	80005cbe	40cdda33	sra	x20,x27,x12	 x27:0x00000000 x12:0x80025ce4 x20=0x00000000
       64775000	      6378	80005cc2	02f7aeb3	mulhsu	x29,x15,x15	 x15:0x00000000 x15:0x00000000 x29=0x00000000
       64785000	      6379	80005cc6	03f2	c.slli	x7,0x1c	  x7:0x00000001  x7=0x10000000
       64795000	      6380	80005cc8	00d2	c.slli	x1,0x14	  x1:0x000002f9  x1=0x2f900000
       64805000	      6381	80005cca	e721e297	auipc	x5,0xe721e	  x5=0x67223cca
       64815000	      6382	80005cce	8f59	c.or	x14,x14	 x14:0x00000000 x14:0x00000000 x14=0x00000000
       64825000	      6383	80005cd0	537d	c.li	x6,-1	  x6=0xffffffff
       64865000	      6387	80005cd2	02211f33	mulh	x30,x2,x2	  x2:0x00000000  x2:0x00000000 x30=0x00000000
       64875000	      6388	80005cd6	011b5863	bge	x22,x17,80005ce6	 x22:0x00000008 x17:0x60f58000
       64905000	      6391	80005cda	02788fb3	mul	x31,x17,x7	 x17:0x60f58000  x7:0x10000000 x31=0x00000000
       64915000	      6392	80005cde	eb19	c.bnez	x14,80005cf4	 x14:0x00000000
       64925000	      6393	80005ce0	187cce93	xori	x29,x25,391	 x25:0x29338000 x29=0x29338187
       64935000	      6394	80005ce4	8fc1	c.or	x15,x8	 x15:0x00000000  x8:0x80000000 x15=0x80000000
       64945000	      6395	80005ce6	82e1	c.srli	x13,0x18	 x13:0x80025ce4 x13=0x00000080
       64955000	      6396	80005ce8	006b0933	add	x18,x22,x6	 x22:0x00000008  x6:0xffffffff x18=0x00000007
       64965000	      6397	80005cec	01c07533	and	x10,x0,x28	  x0:0x00000000 x28:0x80021e64 x10=0x00000000
       65335000	      6434	80005cf0	03d6c6b3	div	x13,x13,x29	 x13:0x00000080 x29:0x29338187 x13=0x00000000
       65345000	      6435	80005cf4	512bf993	andi	x19,x23,1298	 x23:0x00000010 x19=0x00000010
       65355000	      6436	80005cf8	0153b233	sltu	x4,x7,x21	  x7:0x10000000 x21:0x00000000  x4=0x00000000
       65365000	      6437	80005cfc	04698163	beq	x19,x6,80005d3e	 x19:0x00000010  x6:0xffffffff
       65375000	      6438	80005d00	01474733	xor	x14,x14,x20	 x14:0x00000000 x20:0x00000000 x14=0x00000000
       65415000	      6442	80005d04	036322b3	mulhsu	x5,x6,x22	  x6:0xffffffff x22:0x00000008  x5=0xffffffff
       65425000	      6443	80005d08	40525f13	srai	x30,x4,0x5	  x4:0x00000000 x30=0x00000000
       65435000	      6444	80005d0c	000d52b3	srl	x5,x26,x0	 x26:0x00000001  x0:0x00000000  x5=0x00000001
       65445000	      6445	80005d10	005a2cb3	slt	x25,x20,x5	 x20:0x00000000  x5:0x00000001 x25=0x00000001
       65455000	      6446	80005d14	0148f2b3	and	x5,x17,x20	 x17:0x60f58000 x20:0x00000000  x5=0x00000000
       65465000	      6447	80005d18	65b5	c.lui	x11,0xd	 x11=0x0000d000
       65475000	      6448	80005d1a	0001	c.addi	x0,0	  x0:0x00000000  x0=0x00000000
       65485000	      6449	80005d1c	83e9	c.srli	x15,0x1a	 x15:0x80000000 x15=0x00000020
       65495000	      6450	80005d1e	6bc1	c.lui	x23,0x10	 x23=0x00010000
       65505000	      6451	80005d20	6139	c.addi16sp	x2,448	  x2:0x00000000  x2=0x000001c0
       65515000	      6452	80005d22	00325663	bge	x4,x3,80005d2e	  x4:0x00000000  x3:0x00000000
       65535000	      6454	80005d2e	c119	c.beqz	x10,80005d34	 x10:0x00000000
       65555000	      6456	80005d34	57fd	c.li	x15,-1	 x15=0xffffffff
       65565000	      6457	80005d36	00065933	srl	x18,x12,x0	 x12:0x80025ce4  x0:0x00000000 x18=0x80025ce4
       65575000	      6458	80005d3a	fe5da513	slti	x10,x27,-27	 x27:0x00000000 x10=0x00000000
       65585000	      6459	80005d3e	40cbd333	sra	x6,x23,x12	 x23:0x00010000 x12:0x80025ce4  x6=0x00001000
       65595000	      6460	80005d42	0000100f	fence.i	
       65625000	      6463	80005d46	011e5333	srl	x6,x28,x17	 x28:0x80021e64 x17:0x60f58000  x6=0x80021e64
       65635000	      6464	80005d4a	e481	c.bnez	x9,80005d52	  x9:0x00000000
       65645000	      6465	80005d4c	6919	c.lui	x18,0x6	 x18=0x00006000
       65685000	      6469	80005d4e	0224a1b3	mulhsu	x3,x9,x2	  x9:0x00000000  x2:0x000001c0  x3=0x00000000
       65695000	      6470	80005d52	8d95	c.sub	x11,x13	 x11:0x0000d000 x13:0x00000000 x11=0x0000d000
       65705000	      6471	80005d54	048c	c.addi4spn	x11,x2,576	 x11=0x00000400
       65715000	      6472	80005d56	2b81d837	lui	x16,0x2b81d	 x16=0x2b81d000
       65725000	      6473	80005d5a	8cdd	c.or	x9,x15	  x9:0x00000000 x15:0xffffffff  x9=0xffffffff
       65735000	      6474	80005d5c	0ff0000f	fence	iorw,iorw	
       65775000	      6478	80005d60	02f02c33	mulhsu	x24,x0,x15	  x0:0x00000000 x15:0xffffffff x24=0x00000000
       65785000	      6479	80005d64	9014ce93	xori	x29,x9,-1791	  x9:0xffffffff x29=0x000006fe
       65795000	      6480	80005d68	c91ff893	andi	x17,x31,-879	 x31:0x00000000 x17=0x00000000
       65805000	      6481	80005d6c	00059e93	slli	x29,x11,0x0	 x11:0x00000400 x29=0x00000400
       65815000	      6482	80005d70	01feed33	or	x26,x29,x31	 x29:0x00000400 x31:0x00000000 x26=0x00000400
       65825000	      6483	80005d74	0001	c.addi	x0,0	  x0:0x00000000  x0=0x00000000
       65835000	      6484	80005d76	f0390f13	addi	x30,x18,-253	 x18:0x00006000 x30=0x00005f03
       65845000	      6485	80005d7a	0125	c.addi	x2,9	  x2:0x000001c0  x2=0x000001c9
       65855000	      6486	80005d7c	00547463	bgeu	x8,x5,80005d84	  x8:0x80000000  x5:0x00000000
       65875000	      6488	80005d84	00641c63	bne	x8,x6,80005d9c	  x8:0x80000000  x6:0x80021e64
       65895000	      6490	80005d9c	849d	c.srai	x9,0x7	  x9:0xffffffff  x9=0xffffffff
       65905000	      6491	80005d9e	1c14	c.addi4spn	x13,x2,560	 x13=0x000003f9
       65915000	      6492	80005da0	0000100f	fence.i	
       65935000	      6494	80005da4	031a6563	bltu	x20,x17,80005dce	 x20:0x00000000 x17:0x00000000
       65945000	      6495	80005da8	7aca4893	xori	x17,x20,1964	 x20:0x00000000 x17=0x000007ac
       65955000	      6496	80005dac	0000100f	fence.i	
       65975000	      6498	80005db0	8dfa	c.mv	x27,x30	  x0:0x00000000 x30:0x00005f03 x27=0x00005f03
       65985000	      6499	80005db2	8ca5	c.xor	x9,x9	  x9:0xffffffff  x9:0xffffffff  x9=0x00000000
       65995000	      6500	80005db4	8691	c.srai	x13,0x4	 x13:0x000003f9 x13=0x0000003f
       66005000	      6501	80005db6	7e4158b7	lui	x17,0x7e415	 x17=0x7e415000
       66015000	      6502	80005dba	003744b3	xor	x9,x14,x3	 x14:0x00000000  x3:0x00000000  x9=0x00000000
       66025000	      6503	80005dbe	9686	c.add	x13,x1	 x13:0x0000003f  x1:0x2f900000 x13=0x2f90003f
       66035000	      6504	80005dc0	00c27f33	and	x30,x4,x12	  x4:0x00000000 x12:0x80025ce4 x30=0x00000000
       66045000	      6505	80005dc4	9bfd	c.andi	x15,-1	 x15:0xffffffff x15=0xffffffff
       66055000	      6506	80005dc6	0198c233	xor	x4,x17,x25	 x17:0x7e415000 x25:0x00000001  x4=0x7e415001
       66095000	      6510	80005dca	036110b3	mulh	x1,x2,x22	  x2:0x000001c9 x22:0x00000008  x1=0x00000000
       66105000	      6511	80005dce	0000100f	fence.i	
       66135000	      6514	80005dd2	a5e30913	addi	x18,x6,-1442	  x6:0x80021e64 x18=0x800218c2
       66145000	      6515	80005dd6	6a69	c.lui	x20,0x1a	 x20=0x0001a000
       66155000	      6516	80005dd8	8f71	c.and	x14,x12	 x14:0x00000000 x12:0x80025ce4 x14=0x00000000
       66165000	      6517	80005dda	27dab793	sltiu	x15,x21,637	 x21:0x00000000 x15=0x00000001
       66175000	      6518	80005dde	414089b3	sub	x19,x1,x20	  x1:0x00000000 x20:0x0001a000 x19=0xfffe6000
       66185000	      6519	80005de2	0001	c.addi	x0,0	  x0:0x00000000  x0=0x00000000
       66195000	      6520	80005de4	9ab2	c.add	x21,x12	 x21:0x00000000 x12:0x80025ce4 x21=0x80025ce4
       66205000	      6521	80005de6	0349	c.addi	x6,18	  x6:0x80021e64  x6=0x80021e76
       66215000	      6522	80005de8	01e2ecb3	or	x25,x5,x30	  x5:0x00000000 x30:0x00000000 x25=0x00000000
       66225000	      6523	80005dec	bc2e4b37	lui	x22,0xbc2e4	 x22=0xbc2e4000
       66235000	      6524	80005df0	e115	c.bnez	x10,80005e14	 x10:0x00000000
       66245000	      6525	80005df2	d8c2b737	lui	x14,0xd8c2b	 x14=0xd8c2b000
       66255000	      6526	80005df6	8ced	c.and	x9,x11	  x9:0x00000000 x11:0x00000400  x9=0x00000000
       66265000	      6527	80005df8	01e95263	bge	x18,x30,80005dfc	 x18:0x800218c2 x30:0x00000000
       66305000	      6531	80005dfc	0343b833	mulhu	x16,x7,x20	  x7:0x10000000 x20:0x0001a000 x16=0x00001a00
       66315000	      6532	80005e00	6b35	c.lui	x22,0xd	 x22=0x0000d000
       66325000	      6533	80005e02	0001	c.addi	x0,0	  x0:0x00000000  x0=0x00000000
       66335000	      6534	80005e04	033ccc63	blt	x25,x19,80005e3c	 x25:0x00000000 x19:0xfffe6000
       66345000	      6535	80005e08	000033b3	sltu	x7,x0,x0	  x0:0x00000000  x0:0x00000000  x7=0x00000000
       66355000	      6536	80005e0c	59fd	c.li	x19,-1	 x19=0xffffffff
       66365000	      6537	80005e0e	e70d	c.bnez	x14,80005e38	 x14:0xd8c2b000
       66745000	      6575	80005e38	03bb73b3	remu	x7,x22,x27	 x22:0x0000d000 x27:0x00005f03  x7=0x000011fa
       67115000	      6612	80005e3c	03a8c1b3	div	x3,x17,x26	 x17:0x7e415000 x26:0x00000400  x3=0x001f9054
       67125000	      6613	80005e40	00a65d33	srl	x26,x12,x10	 x12:0x80025ce4 x10:0x00000000 x26=0x80025ce4
       67495000	      6650	80005e44	031275b3	remu	x11,x4,x17	  x4:0x7e415001 x17:0x7e415000 x11=0x00000001
       67505000	      6651	80005e48	00bf9813	slli	x16,x31,0xb	 x31:0x00000000 x16=0x00000000
       67875000	      6688	80005e4c	02b7f6b3	remu	x13,x15,x11	 x15:0x00000001 x11:0x00000001 x13=0x00000000
       67885000	      6689	80005e50	8ff1	c.and	x15,x12	 x15:0x00000001 x12:0x80025ce4 x15=0x00000000
       67895000	      6690	80005e52	13602517	auipc	x10,0x13602	 x10=0x93607e52
       67905000	      6691	80005e56	41915d33	sra	x26,x2,x25	  x2:0x000001c9 x25:0x00000000 x26=0x000001c9
       68275000	      6728	80005e5a	03cf75b3	remu	x11,x30,x28	 x30:0x00000000 x28:0x80021e64 x11=0x00000000
       68285000	      6729	80005e5e	1d88	c.addi4spn	x10,x2,752	 x10=0x000004b9
       68295000	      6730	80005e60	8d3d	c.xor	x10,x15	 x10:0x000004b9 x15:0x00000000 x10=0x000004b9
       68305000	      6731	80005e62	45c1	c.li	x11,16	 x11=0x00000010
       68675000	      6768	80005e64	02afea33	rem	x20,x31,x10	 x31:0x00000000 x10:0x000004b9 x20=0x00000000
       68715000	      6772	80005e68	02401ab3	mulh	x21,x0,x4	  x0:0x00000000  x4:0x7e415001 x21=0x00000000
       68725000	      6773	80005e6c	01fa1c33	sll	x24,x20,x31	 x20:0x00000000 x31:0x00000000 x24=0x00000000
       68735000	      6774	80005e70	038d8263	beq	x27,x24,80005e94	 x27:0x00005f03 x24:0x00000000
       68745000	      6775	80005e74	01790db3	add	x27,x18,x23	 x18:0x800218c2 x23:0x00010000 x27=0x800318c2
       68765000	      6777	80005e78	03fdc0b3	div	x1,x27,x31	 x27:0x800318c2 x31:0x00000000  x1=0xffffffff
       68775000	      6778	80005e7c	40d485b3	sub	x11,x9,x13	  x9:0x00000000 x13:0x00000000 x11=0x00000000
       68785000	      6779	80005e80	01f24f33	xor	x30,x4,x31	  x4:0x7e415001 x31:0x00000000 x30=0x7e415001
       68795000	      6780	80005e84	0ff0000f	fence	iorw,iorw	
       68805000	      6781	80005e88	0000100f	fence.i	
       68825000	      6783	80005e8c	0137dd13	srli	x26,x15,0x13	 x15:0x00000000 x26=0x00000000
       68835000	      6784	80005e90	0109cab3	xor	x21,x19,x16	 x19:0xffffffff x16:0x00000000 x21=0xffffffff
       69205000	      6821	80005e94	027ce2b3	rem	x5,x25,x7	 x25:0x00000000  x7:0x000011fa  x5=0x00000000
       69215000	      6822	80005e98	5f7d	c.li	x30,-1	 x30=0xffffffff
       69225000	      6823	80005e9a	0140e833	or	x16,x1,x20	  x1:0xffffffff x20:0x00000000 x16=0xffffffff
       69235000	      6824	80005e9e	0b88	c.addi4spn	x10,x2,464	 x10=0x00000399
       69605000	      6861	80005ea0	027b5833	divu	x16,x22,x7	 x22:0x0000d000  x7:0x000011fa x16=0x0000000b
       69615000	      6862	80005ea4	000668b3	or	x17,x12,x0	 x12:0x80025ce4  x0:0x00000000 x17=0x80025ce4
       69625000	      6863	80005ea8	4c29	c.li	x24,10	 x24=0x0000000a
       69635000	      6864	80005eaa	008ed3b3	srl	x7,x29,x8	 x29:0x00000400  x8:0x80000000  x7=0x00000400
       69645000	      6865	80005eae	0376d063	bge	x13,x23,80005ece	 x13:0x00000000 x23:0x00010000
       69655000	      6866	80005eb2	c319	c.beqz	x14,80005eb8	 x14:0xd8c2b000
       69665000	      6867	80005eb4	41d651b3	sra	x3,x12,x29	 x12:0x80025ce4 x29:0x00000400  x3=0x80025ce4
       69675000	      6868	80005eb8	fb6e4113	xori	x2,x28,-74	 x28:0x80021e64  x2=0x7ffde1d2
       69685000	      6869	80005ebc	894d	c.andi	x10,19	 x10:0x00000399 x10=0x00000011
       69695000	      6870	80005ebe	096a	c.slli	x18,0x1a	 x18:0x800218c2 x18=0x08000000
       69705000	      6871	80005ec0	00f44363	blt	x8,x15,80005ec6	  x8:0x80000000 x15:0x00000000
       69735000	      6874	80005ec6	405c5d33	sra	x26,x24,x5	 x24:0x0000000a  x5:0x00000000 x26=0x0000000a
       69745000	      6875	80005eca	56fd	c.li	x13,-1	 x13=0xffffffff
       69755000	      6876	80005ecc	8915	c.andi	x10,5	 x10:0x00000011 x10=0x00000001
       69765000	      6877	80005ece	6165	c.addi16sp	x2,112	  x2:0x7ffde1d2  x2=0x7ffde242
       70135000	      6914	80005ed0	035ec233	div	x4,x29,x21	 x29:0x00000400 x21:0xffffffff  x4=0xfffffc00
       70145000	      6915	80005ed4	01be02b3	add	x5,x28,x27	 x28:0x80021e64 x27:0x800318c2  x5=0x00053726
       70155000	      6916	80005ed8	020fc163	blt	x31,x0,80005efa	 x31:0x00000000  x0:0x00000000
       70165000	      6917	80005edc	40548133	sub	x2,x9,x5	  x9:0x00000000  x5:0x00053726  x2=0xfffac8da
       70175000	      6918	80005ee0	0d3a	c.slli	x26,0xe	 x26:0x0000000a x26=0x00028000
       70185000	      6919	80005ee2	8d51	c.or	x10,x12	 x10:0x00000001 x12:0x80025ce4 x10=0x80025ce5
       70195000	      6920	80005ee4	0ff0000f	fence	iorw,iorw	
       70205000	      6921	80005ee8	d7a2ae93	slti	x29,x5,-646	  x5:0x00053726 x29=0x00000000
       70215000	      6922	80005eec	717d	c.addi16sp	x2,-16	  x2:0xfffac8da  x2=0xfffac8ca
       70225000	      6923	80005eee	87a9	c.srai	x15,0xa	 x15:0x00000000 x15=0x00000000
       70235000	      6924	80005ef0	1d1c	c.addi4spn	x15,x2,688	 x15=0xfffacb7a
       70245000	      6925	80005ef2	e891	c.bnez	x9,80005f06	  x9:0x00000000
       70275000	      6928	80005ef4	03ca89b3	mul	x19,x21,x28	 x21:0xffffffff x28:0x80021e64 x19=0x7ffde19c
       70285000	      6929	80005ef8	839d	c.srli	x15,0x7	 x15:0xfffacb7a x15=0x01fff596
       70295000	      6930	80005efa	0001	c.addi	x0,0	  x0:0x00000000  x0=0x00000000
       70305000	      6931	80005efc	6e6f7f17	auipc	x30,0x6e6f7	 x30=0xee6fcefc
       70315000	      6932	80005f00	6d95	c.lui	x27,0x5	 x27=0x00005000
       70325000	      6933	80005f02	bcdd3a13	sltiu	x20,x26,-1075	 x26:0x00028000 x20=0x00000001
       70335000	      6934	80005f06	048d8463	beq	x27,x8,80005f4e	 x27:0x00005000  x8:0x80000000
       70345000	      6935	80005f0a	41b5da93	srai	x21,x11,0x1b	 x11:0x00000000 x21=0x00000000
       70355000	      6936	80005f0e	6d25	c.lui	x26,0x9	 x26=0x00009000
       70365000	      6937	80005f10	04eac463	blt	x21,x14,80005f58	 x21:0x00000000 x14:0xd8c2b000
       70375000	      6938	80005f14	01dcddb3	srl	x27,x25,x29	 x25:0x00000000 x29:0x00000000 x27=0x00000000
       70385000	      6939	80005f18	557d	c.li	x10,-1	 x10=0xffffffff
       70395000	      6940	80005f1a	00299013	slli	x0,x19,0x2	 x19:0x7ffde19c  x0=0x00000000
       70405000	      6941	80005f1e	0384d063	bge	x9,x24,80005f3e	  x9:0x00000000 x24:0x0000000a
       70415000	      6942	80005f22	00f32f33	slt	x30,x6,x15	  x6:0x80021e76 x15:0x01fff596 x30=0x00000001
       70425000	      6943	80005f26	22939837	lui	x16,0x22939	 x16=0x22939000
       70435000	      6944	80005f2a	0001	c.addi	x0,0	  x0:0x00000000  x0=0x00000000
       70445000	      6945	80005f2c	00c1da93	srli	x21,x3,0xc	  x3:0x80025ce4 x21=0x00080025
       70455000	      6946	80005f30	00721263	bne	x4,x7,80005f34	  x4:0xfffffc00  x7:0x00000400
       70505000	      6951	80005f34	0389a3b3	mulhsu	x7,x19,x24	 x19:0x7ffde19c x24:0x0000000a  x7=0x00000004
       70545000	      6955	80005f38	0353a3b3	mulhsu	x7,x7,x21	  x7:0x00000004 x21:0x00080025  x7=0x00000000
       70555000	      6956	80005f3c	c19d	c.beqz	x11,80005f62	 x11:0x00000000
       70585000	      6959	80005f62	015429b3	slt	x19,x8,x21	  x8:0x80000000 x21:0x00080025 x19=0x00000001
       70595000	      6960	80005f66	8c95	c.sub	x9,x13	  x9:0x00000000 x13:0xffffffff  x9=0x00000001
       70615000	      6962	80005f68	03d47ab3	remu	x21,x8,x29	  x8:0x80000000 x29:0x00000000 x21=0x80000000
       70625000	      6963	80005f6c	0cb6	c.slli	x25,0xd	 x25:0x00000000 x25=0x00000000
       70635000	      6964	80005f6e	8ddd	c.or	x11,x15	 x11:0x00000000 x15:0x01fff596 x11=0x01fff596
       70645000	      6965	80005f70	eb95	c.bnez	x15,80005fa4	 x15:0x01fff596
       70665000	      6967	80005fa4	00b48d63	beq	x9,x11,80005fbe	  x9:0x00000001 x11:0x01fff596
       70675000	      6968	80005fa8	63737293	andi	x5,x6,1591	  x6:0x80021e76  x5=0x00000636
       70685000	      6969	80005fac	02621d63	bne	x4,x6,80005fe6	  x4:0xfffffc00  x6:0x80021e76
       70705000	      6971	80005fe6	6c1d	c.lui	x24,0x7	 x24=0x00007000
       70715000	      6972	80005fe8	8f65	c.and	x14,x9	 x14:0xd8c2b000  x9:0x00000001 x14=0x00000000
       70725000	      6973	80005fea	41525893	srai	x17,x4,0x15	  x4:0xfffffc00 x17=0xffffffff
       70765000	      6977	80005fee	02b0afb3	mulhsu	x31,x1,x11	  x1:0xffffffff x11:0x01fff596 x31=0xffffffff
       70775000	      6978	80005ff2	0001	c.addi	x0,0	  x0:0x00000000  x0=0x00000000
       71145000	      7015	80005ff4	03427733	remu	x14,x4,x20	  x4:0xfffffc00 x20:0x00000001 x14=0x00000000
       71155000	      7016	80005ff8	0038b9b3	sltu	x19,x17,x3	 x17:0xffffffff  x3:0x80025ce4 x19=0x00000000
       71165000	      7017	80005ffc	002e3db3	sltu	x27,x28,x2	 x28:0x80021e64  x2:0xfffac8ca x27=0x00000001
       71175000	      7018	80006000	0000100f	fence.i	
       71555000	      7056	80006004	026ffd33	remu	x26,x31,x6	 x31:0xffffffff  x6:0x80021e76 x26=0x7ffde189
       71565000	      7057	80006008	01a6c663	blt	x13,x26,80006014	 x13:0xffffffff x26:0x7ffde189
       71585000	      7059	80006014	00a17b63	bgeu	x2,x10,8000602a	  x2:0xfffac8ca x10:0xffffffff
       71595000	      7060	80006018	0a09	c.addi	x20,2	 x20:0x00000001 x20=0x00000003
       71605000	      7061	8000601a	01ff8263	beq	x31,x31,8000601e	 x31:0xffffffff x31:0xffffffff
       71635000	      7064	8000601e	00e1f533	and	x10,x3,x14	  x3:0x80025ce4 x14:0x00000000 x10=0x00000000
       71675000	      7068	80006022	03751f33	mulh	x30,x10,x23	 x10:0x00000000 x23:0x00010000 x30=0x00000000
       71685000	      7069	80006026	01f838b3	sltu	x17,x16,x31	 x16:0x22939000 x31:0xffffffff x17=0x00000001
       71695000	      7070	8000602a	02548463	beq	x9,x5,80006052	  x9:0x00000001  x5:0x00000636
       72065000	      7107	8000602e	03526fb3	rem	x31,x4,x21	  x4:0xfffffc00 x21:0x80000000 x31=0xfffffc00
       72435000	      7144	80006032	02ff4d33	div	x26,x30,x15	 x30:0x00000000 x15:0x01fff596 x26=0x00000000
       72465000	      7147	80006036	020381b3	mul	x3,x7,x0	  x7:0x00000000  x0:0x00000000  x3=0x00000000
       72835000	      7184	8000603a	036ecbb3	div	x23,x29,x22	 x29:0x00000000 x22:0x0000d000 x23=0x00000000
       72845000	      7185	8000603e	ed15	c.bnez	x10,8000607a	 x10:0x00000000
       73215000	      7222	80006040	03fd6ab3	rem	x21,x26,x31	 x26:0x00000000 x31:0xfffffc00 x21=0x00000000
       73225000	      7223	80006044	00a3c8b3	xor	x17,x7,x10	  x7:0x00000000 x10:0x00000000 x17=0x00000000
       73235000	      7224	80006048	68e57117	auipc	x2,0x68e57	  x2=0xe8e5d048
       73245000	      7225	8000604c	0a5e7a97	auipc	x21,0xa5e7	 x21=0x8a5ed04c
       73255000	      7226	80006050	8ea5	c.xor	x13,x9	 x13:0xffffffff  x9:0x00000001 x13=0xfffffffe
       73265000	      7227	80006052	6a35	c.lui	x20,0xd	 x20=0x0000d000
       73275000	      7228	80006054	01fa	c.slli	x3,0x1e	  x3:0x00000000  x3=0x00000000
       73285000	      7229	80006056	63a5	c.lui	x7,0x9	  x7=0x00009000
       73295000	      7230	80006058	13fd	c.addi	x7,-1	  x7:0x00009000  x7=0x00008fff
       73305000	      7231	8000605a	1a8c	c.addi4spn	x11,x2,368	 x11=0xe8e5d1b8
       73315000	      7232	8000605c	03fd4b63	blt	x26,x31,80006092	 x26:0x00000000 x31:0xfffffc00
       73325000	      7233	80006060	033e9d63	bne	x29,x19,8000609a	 x29:0x00000000 x19:0x00000000
       73335000	      7234	80006064	00b89b63	bne	x17,x11,8000607a	 x17:0x00000000 x11:0xe8e5d1b8
       73355000	      7236	8000607a	c695	c.beqz	x13,800060a6	 x13:0xfffffffe
       73365000	      7237	8000607c	011c86b3	add	x13,x25,x17	 x25:0x00000000 x17:0x00000000 x13=0x00000000
       73375000	      7238	80006080	01378663	beq	x15,x19,8000608c	 x15:0x01fff596 x19:0x00000000
       73385000	      7239	80006084	3493f113	andi	x2,x7,841	  x7:0x00008fff  x2=0x00000349
       73395000	      7240	80006088	405d07b3	sub	x15,x26,x5	 x26:0x00000000  x5:0x00000636 x15=0xfffff9ca
       73405000	      7241	8000608c	00b34363	blt	x6,x11,80006092	  x6:0x80021e76 x11:0xe8e5d1b8
       73435000	      7244	80006092	33f146b7	lui	x13,0x33f14	 x13=0x33f14000
       73805000	      7281	80006096	035450b3	divu	x1,x8,x21	  x8:0x80000000 x21:0x8a5ed04c  x1=0x00000000
       73815000	      7282	8000609a	0001	c.addi	x0,0	  x0:0x00000000  x0=0x00000000
       74185000	      7319	8000609c	024d69b3	rem	x19,x26,x4	 x26:0x00000000  x4:0xfffffc00 x19=0x00000000
       74195000	      7320	800060a0	41ef5933	sra	x18,x30,x30	 x30:0x00000000 x30:0x00000000 x18=0x00000000
       74205000	      7321	800060a4	6bf5	c.lui	x23,0x1d	 x23=0x0001d000
       74215000	      7322	800060a6	00539d63	bne	x7,x5,800060c0	  x7:0x00008fff  x5:0x00000636
       74235000	      7324	800060c0	8769	c.srai	x14,0x1a	 x14:0x00000000 x14=0x00000000
       74605000	      7361	800060c2	0296d733	divu	x14,x13,x9	 x13:0x33f14000  x9:0x00000001 x14=0x33f14000
       74615000	      7362	800060c6	003f96b3	sll	x13,x31,x3	 x31:0xfffffc00  x3:0x00000000 x13=0xfffffc00
       74625000	      7363	800060ca	01771263	bne	x14,x23,800060ce	 x14:0x33f14000 x23:0x0001d000
       74665000	      7367	800060ce	03d4cd33	div	x26,x9,x29	  x9:0x00000001 x29:0x00000000 x26=0xffffffff
       74685000	      7369	800060d2	03db6bb3	rem	x23,x22,x29	 x22:0x0000d000 x29:0x00000000 x23=0x0000d000
       74695000	      7370	800060d6	8fa5	c.xor	x15,x9	 x15:0xfffff9ca  x9:0x00000001 x15=0xfffff9cb
       74705000	      7371	800060d8	00e74b63	blt	x14,x14,800060ee	 x14:0x33f14000 x14:0x33f14000
       75075000	      7408	800060dc	029a5c33	divu	x24,x20,x9	 x20:0x0000d000  x9:0x00000001 x24=0x0000d000
       75095000	      7410	800060e0	02314bb3	div	x23,x2,x3	  x2:0x00000349  x3:0x00000000 x23=0xffffffff
       75105000	      7411	800060e4	9bf2	c.add	x23,x28	 x23:0xffffffff x28:0x80021e64 x23=0x80021e63
       75115000	      7412	800060e6	717d	c.addi16sp	x2,-16	  x2:0x00000349  x2=0x00000339
       75125000	      7413	800060e8	8cf1	c.and	x9,x12	  x9:0x00000001 x12:0x80025ce4  x9=0x00000000
       75135000	      7414	800060ea	02d44563	blt	x8,x13,80006114	  x8:0x80000000 x13:0xfffffc00
       75185000	      7419	80006114	03d593b3	mulh	x7,x11,x29	 x11:0xe8e5d1b8 x29:0x00000000  x7=0x00000000
       75195000	      7420	80006118	a8982393	slti	x7,x16,-1399	 x16:0x22939000  x7=0x00000000
       75235000	      7424	8000611c	0277a333	mulhsu	x6,x15,x7	 x15:0xfffff9cb  x7:0x00000000  x6=0x00000000
       75245000	      7425	80006120	0ff0000f	fence	iorw,iorw	
       75255000	      7426	80006124	8f75	c.and	x14,x13	 x14:0x33f14000 x13:0xfffffc00 x14=0x33f14000
       75295000	      7430	80006126	024f24b3	mulhsu	x9,x30,x4	 x30:0x00000000  x4:0xfffffc00  x9=0x00000000
       75305000	      7431	8000612a	40995c93	srai	x25,x18,0x9	 x18:0x00000000 x25=0x00000000
       75315000	      7432	8000612e	884a	c.mv	x16,x18	  x0:0x00000000 x18:0x00000000 x16=0x00000000
       75325000	      7433	80006130	0349d363	bge	x19,x20,80006156	 x19:0x00000000 x20:0x0000d000
       75335000	      7434	80006134	01765213	srli	x4,x12,0x17	 x12:0x80025ce4  x4=0x00000100
       75345000	      7435	80006138	8f56	c.mv	x30,x21	  x0:0x00000000 x21:0x8a5ed04c x30=0x8a5ed04c
       75365000	      7437	8000613a	0392c0b3	div	x1,x5,x25	  x5:0x00000636 x25:0x00000000  x1=0xffffffff
       75375000	      7438	8000613e	00e0f9b3	and	x19,x1,x14	  x1:0xffffffff x14:0x33f14000 x19=0x33f14000
       75385000	      7439	80006142	5b7d	c.li	x22,-1	 x22=0xffffffff
       75395000	      7440	80006144	00785293	srli	x5,x16,0x7	 x16:0x00000000  x5=0x00000000
       75405000	      7441	80006148	fa2587b7	lui	x15,0xfa258	 x15=0xfa258000
       75415000	      7442	8000614c	ed15	c.bnez	x10,80006188	 x10:0x00000000
       75425000	      7443	8000614e	409e5bb3	sra	x23,x28,x9	 x28:0x80021e64  x9:0x00000000 x23=0x80021e64
       75435000	      7444	80006152	4038dd93	srai	x27,x17,0x3	 x17:0x00000000 x27=0x00000000
       75445000	      7445	80006156	01ca5813	srli	x16,x20,0x1c	 x20:0x0000d000 x16=0x00000000
       75455000	      7446	8000615a	0001	c.addi	x0,0	  x0:0x00000000  x0=0x00000000
       75465000	      7447	8000615c	0181dc13	srli	x24,x3,0x18	  x3:0x00000000 x24=0x00000000
       75475000	      7448	80006160	8f71	c.and	x14,x12	 x14:0x33f14000 x12:0x80025ce4 x14=0x00004000
       75515000	      7452	80006162	02c81833	mulh	x16,x16,x12	 x16:0x00000000 x12:0x80025ce4 x16=0x00000000
       75525000	      7453	80006166	9afd	c.andi	x13,-1	 x13:0xfffffc00 x13=0xfffffc00
       75535000	      7454	80006168	c7bea893	slti	x17,x29,-901	 x29:0x00000000 x17=0x00000000
       75545000	      7455	8000616c	99ea	c.add	x19,x26	 x19:0x33f14000 x26:0xffffffff x19=0x33f13fff
       75555000	      7456	8000616e	8d31	c.xor	x10,x12	 x10:0x00000000 x12:0x80025ce4 x10=0x80025ce4
       75565000	      7457	80006170	0028c933	xor	x18,x17,x2	 x17:0x00000000  x2:0x00000339 x18=0x00000339
       75575000	      7458	80006174	0001	c.addi	x0,0	  x0:0x00000000  x0=0x00000000
       75585000	      7459	80006176	0836	c.slli	x16,0xd	 x16:0x00000000 x16=0x00000000
       75595000	      7460	80006178	01bf9363	bne	x31,x27,8000617e	 x31:0xfffffc00 x27:0x00000000
       75615000	      7462	8000617e	995e	c.add	x18,x23	 x18:0x00000339 x23:0x80021e64 x18=0x8002219d
       75625000	      7463	80006180	014f1db3	sll	x27,x30,x20	 x30:0x8a5ed04c x20:0x0000d000 x27=0x8a5ed04c
       75635000	      7464	80006184	0ff0000f	fence	iorw,iorw	
       75645000	      7465	80006188	8891	c.andi	x9,4	  x9:0x00000000  x9=0x00000000
       75655000	      7466	8000618a	8f8d	c.sub	x15,x11	 x15:0xfa258000 x11:0xe8e5d1b8 x15=0x113fae48
       75665000	      7467	8000618c	0001	c.addi	x0,0	  x0:0x00000000  x0=0x00000000
       75675000	      7468	8000618e	01b1d463	bge	x3,x27,80006196	  x3:0x00000000 x27:0x8a5ed04c
       75705000	      7471	80006196	4163d213	srai	x4,x7,0x16	  x7:0x00000000  x4=0x00000000
       75715000	      7472	8000619a	40b58b33	sub	x22,x11,x11	 x11:0xe8e5d1b8 x11:0xe8e5d1b8 x22=0x00000000
       75725000	      7473	8000619e	eb81	c.bnez	x15,800061ae	 x15:0x113fae48
       75755000	      7476	800061ae	0000100f	fence.i	
       75785000	      7479	800061b2	77506193	ori	x3,x0,1909	  x0:0x00000000  x3=0x00000775
       75795000	      7480	800061b6	9b7d	c.andi	x14,-1	 x14:0x00004000 x14=0x00004000
       75805000	      7481	800061b8	c21a2113	slti	x2,x20,-991	 x20:0x0000d000  x2=0x00000000
       75815000	      7482	800061bc	9b3a	c.add	x22,x14	 x22:0x00000000 x14:0x00004000 x22=0x00004000
       75825000	      7483	800061be	8af2	c.mv	x21,x28	  x0:0x00000000 x28:0x80021e64 x21=0x80021e64
       75835000	      7484	800061c0	5bd7c313	xori	x6,x15,1469	 x15:0x113fae48  x6=0x113fabf5
       75845000	      7485	800061c4	8fa9	c.xor	x15,x10	 x15:0x113fae48 x10:0x80025ce4 x15=0x913df2ac
       75855000	      7486	800061c6	00c8da63	bge	x17,x12,800061da	 x17:0x00000000 x12:0x80025ce4
       75885000	      7489	800061da	00628fb3	add	x31,x5,x6	  x5:0x00000000  x6:0x113fabf5 x31=0x113fabf5
       75895000	      7490	800061de	00a2b533	sltu	x10,x5,x10	  x5:0x00000000 x10:0x80025ce4 x10=0x00000001
       75905000	      7491	800061e2	0001	c.addi	x0,0	  x0:0x00000000  x0=0x00000000
       75915000	      7492	800061e4	411059b3	sra	x19,x0,x17	  x0:0x00000000 x17:0x00000000 x19=0x00000000
       75925000	      7493	800061e8	9bfd	c.andi	x15,-1	 x15:0x913df2ac x15=0x913df2ac
       75935000	      7494	800061ea	5a248397	auipc	x7,0x5a248	  x7=0xda24e1ea
       75945000	      7495	800061ee	97a2	c.add	x15,x8	 x15:0x913df2ac  x8:0x80000000 x15=0x113df2ac
       75955000	      7496	800061f0	8d8d	c.sub	x11,x11	 x11:0xe8e5d1b8 x11:0xe8e5d1b8 x11=0x00000000
       75965000	      7497	800061f2	03246e63	bltu	x8,x18,8000622e	  x8:0x80000000 x18:0x8002219d
       75995000	      7500	8000622e	01bc04b3	add	x9,x24,x27	 x24:0x00000000 x27:0x8a5ed04c  x9=0x8a5ed04c
       76005000	      7501	80006232	01739233	sll	x4,x7,x23	  x7:0xda24e1ea x23:0x80021e64  x4=0xa24e1ea0
       76015000	      7502	80006236	f5892193	slti	x3,x18,-168	 x18:0x8002219d  x3=0x00000001
       76025000	      7503	8000623a	92c6	c.add	x5,x17	  x5:0x00000000 x17:0x00000000  x5=0x00000000
       76055000	      7506	8000623c	03a08db3	mul	x27,x1,x26	  x1:0xffffffff x26:0xffffffff x27=0x00000001
       76085000	      7509	80006240	026a06b3	mul	x13,x20,x6	 x20:0x0000d000  x6:0x113fabf5 x13=0xbbb71000
       76095000	      7510	80006244	1afd	c.addi	x21,-1	 x21:0x80021e64 x21=0x80021e63
       76105000	      7511	80006246	872a	c.mv	x14,x10	  x0:0x00000000 x10:0x00000001 x14=0x00000001
       76115000	      7512	80006248	87b9	c.srai	x15,0xe	 x15:0x113df2ac x15=0x000044f7
       76125000	      7513	8000624a	00aa1493	slli	x9,x20,0xa	 x20:0x0000d000  x9=0x03400000
       76135000	      7514	8000624e	0375e463	bltu	x11,x23,80006276	 x11:0x00000000 x23:0x80021e64
       76195000	      7520	80006276	037a21b3	mulhsu	x3,x20,x23	 x20:0x0000d000 x23:0x80021e64  x3=0x00006801
       76205000	      7521	8000627a	006cf663	bgeu	x25,x6,80006286	 x25:0x00000000  x6:0x113fabf5
       76215000	      7522	8000627e	01a00d63	beq	x0,x26,80006298	  x0:0x00000000 x26:0xffffffff
       76225000	      7523	80006282	7109b893	sltiu	x17,x19,1808	 x19:0x00000000 x17=0x00000001
       76235000	      7524	80006286	01457933	and	x18,x10,x20	 x10:0x00000001 x20:0x0000d000 x18=0x00000000
       76245000	      7525	8000628a	014ed3b3	srl	x7,x29,x20	 x29:0x00000000 x20:0x0000d000  x7=0x00000000
       76255000	      7526	8000628e	e395	c.bnez	x15,800062b2	 x15:0x000044f7
       76285000	      7529	800062b2	987c7113	andi	x2,x24,-1657	 x24:0x00000000  x2=0x00000000
       76295000	      7530	800062b6	01ef1913	slli	x18,x30,0x1e	 x30:0x8a5ed04c x18=0x00000000
       76305000	      7531	800062ba	8d0d	c.sub	x10,x11	 x10:0x00000001 x11:0x00000000 x10=0x00000001
       76315000	      7532	800062bc	8d89	c.sub	x11,x10	 x11:0x00000000 x10:0x00000001 x11=0xffffffff
       76325000	      7533	800062be	818d	c.srli	x11,0x3	 x11:0xffffffff x11=0x1fffffff
       76335000	      7534	800062c0	1620fc93	andi	x25,x1,354	  x1:0xffffffff x25=0x00000162
       76345000	      7535	800062c4	1efd	c.addi	x29,-1	 x29:0x00000000 x29=0xffffffff
       76355000	      7536	800062c6	c91d	c.beqz	x10,800062fc	 x10:0x00000001
       76365000	      7537	800062c8	00075d93	srli	x27,x14,0x0	 x14:0x00000001 x27=0x00000001
       76375000	      7538	800062cc	8da5	c.xor	x11,x9	 x11:0x1fffffff  x9:0x03400000 x11=0x1cbfffff
       76385000	      7539	800062ce	98fd	c.andi	x9,-1	  x9:0x03400000  x9=0x03400000
       76395000	      7540	800062d0	98fd	c.andi	x9,-1	  x9:0x03400000  x9=0x03400000
       76405000	      7541	800062d2	e18d	c.bnez	x11,800062f4	 x11:0x1cbfffff
       76785000	      7579	800062f4	031e5133	divu	x2,x28,x17	 x28:0x80021e64 x17:0x00000001  x2=0x80021e64
       76795000	      7580	800062f8	005bbf33	sltu	x30,x23,x5	 x23:0x80021e64  x5:0x00000000 x30=0x00000000
       76805000	      7581	800062fc	00d96b33	or	x22,x18,x13	 x18:0x00000000 x13:0xbbb71000 x22=0xbbb71000
       76815000	      7582	80006300	412156b3	sra	x13,x2,x18	  x2:0x80021e64 x18:0x00000000 x13=0x80021e64
       77185000	      7619	80006304	037fcfb3	div	x31,x31,x23	 x31:0x113fabf5 x23:0x80021e64 x31=0x00000000
       77195000	      7620	80006308	0384	c.addi4spn	x9,x2,448	  x9=0x80022024
       77205000	      7621	8000630a	0086ccb3	xor	x25,x13,x8	 x13:0x80021e64  x8:0x80000000 x25=0x00021e64
       77215000	      7622	8000630e	8365	c.srli	x14,0x19	 x14:0x00000001 x14=0x00000000
       77225000	      7623	80006310	010f77b3	and	x15,x30,x16	 x30:0x00000000 x16:0x00000000 x15=0x00000000
       77235000	      7624	80006314	408c03b3	sub	x7,x24,x8	 x24:0x00000000  x8:0x80000000  x7=0x80000000
       77245000	      7625	80006318	0001	c.addi	x0,0	  x0:0x00000000  x0=0x00000000
       77255000	      7626	8000631a	d93ba693	slti	x13,x23,-621	 x23:0x80021e64 x13=0x00000001
       77265000	      7627	8000631e	0745	c.addi	x14,17	 x14:0x00000000 x14=0x00000011
       77635000	      7664	80006320	0269d7b3	divu	x15,x19,x6	 x19:0x00000000  x6:0x113fabf5 x15=0x00000000
       77645000	      7665	80006324	843b2b13	slti	x22,x22,-1981	 x22:0xbbb71000 x22=0x00000001
       77655000	      7666	80006328	003c0fb3	add	x31,x24,x3	 x24:0x00000000  x3:0x00006801 x31=0x00006801
       77665000	      7667	8000632c	8d99	c.sub	x11,x14	 x11:0x1cbfffff x14:0x00000011 x11=0x1cbfffee
       77705000	      7671	8000632e	03f31233	mulh	x4,x6,x31	  x6:0x113fabf5 x31:0x00006801  x4=0x00000701
       77745000	      7675	80006332	02ddb533	mulhu	x10,x27,x13	 x27:0x00000001 x13:0x00000001 x10=0x00000000
       77775000	      7678	80006336	03c78533	mul	x10,x15,x28	 x15:0x00000000 x28:0x80021e64 x10=0x00000000
       77785000	      7679	8000633a	69b9	c.lui	x19,0xe	 x19=0x0000e000
       77795000	      7680	8000633c	01438d63	beq	x7,x20,80006356	  x7:0x80000000 x20:0x0000d000
       77815000	      7682	80006340	038fe9b3	rem	x19,x31,x24	 x31:0x00006801 x24:0x00000000 x19=0x00006801
       77825000	      7683	80006344	c0bbf713	andi	x14,x23,-1013	 x23:0x80021e64 x14=0x80021c00
       77835000	      7684	80006348	017bf033	and	x0,x23,x23	 x23:0x80021e64 x23:0x80021e64  x0=0x00000000
       77865000	      7687	8000634c	03800033	mul	x0,x0,x24	  x0:0x00000000 x24:0x00000000  x0=0x00000000
       77875000	      7688	80006350	8399	c.srli	x15,0x6	 x15:0x00000000 x15=0x00000000
       77885000	      7689	80006352	003f9c33	sll	x24,x31,x3	 x31:0x00006801  x3:0x00006801 x24=0x0000d002
       77895000	      7690	80006356	8772	c.mv	x14,x28	  x0:0x00000000 x28:0x80021e64 x14=0x80021e64
       78265000	      7727	80006358	0285e5b3	rem	x11,x11,x8	 x11:0x1cbfffee  x8:0x80000000 x11=0x1cbfffee
       78275000	      7728	8000635c	95e5e013	ori	x0,x11,-1698	 x11:0x1cbfffee  x0=0x00000000
       78315000	      7732	80006360	035ab233	mulhu	x4,x21,x21	 x21:0x80021e63 x21:0x80021e63  x4=0x40021e67
       78325000	      7733	80006364	0ff0000f	fence	iorw,iorw	
       78335000	      7734	80006368	8485	c.srai	x9,0x1	  x9:0x80022024  x9=0xc0011012
       78345000	      7735	8000636a	8149	c.srli	x10,0x12	 x10:0x00000000 x10=0x00000000
       78355000	      7736	8000636c	01dada63	bge	x21,x29,80006380	 x21:0x80021e63 x29:0xffffffff
       78365000	      7737	80006370	8df1	c.and	x11,x12	 x11:0x1cbfffee x12:0x80025ce4 x11=0x00025ce4
       78375000	      7738	80006372	01c375b3	and	x11,x6,x28	  x6:0x113fabf5 x28:0x80021e64 x11=0x00020a64
       78385000	      7739	80006376	6145	c.addi16sp	x2,48	  x2:0x80021e64  x2=0x80021e94
       78395000	      7740	80006378	4165	c.li	x2,25	  x2=0x00000019
       78405000	      7741	8000637a	98fd	c.andi	x9,-1	  x9:0xc0011012  x9=0xc0011012
       78415000	      7742	8000637c	40318533	sub	x10,x3,x3	  x3:0x00006801  x3:0x00006801 x10=0x00000000
       78425000	      7743	80006380	31d5ed13	ori	x26,x11,797	 x11:0x00020a64 x26=0x00020b7d
       78435000	      7744	80006384	419f5093	srai	x1,x30,0x19	 x30:0x00000000  x1=0x00000000
       78445000	      7745	80006388	86d5	c.srai	x13,0x15	 x13:0x00000001 x13=0x00000000
       78455000	      7746	8000638a	41218c33	sub	x24,x3,x18	  x3:0x00006801 x18:0x00000000 x24=0x00006801
       78495000	      7750	8000638e	03071db3	mulh	x27,x14,x16	 x14:0x80021e64 x16:0x00000000 x27=0x00000000
       78505000	      7751	80006392	8f45	c.or	x14,x9	 x14:0x80021e64  x9:0xc0011012 x14=0xc0031e76
       78515000	      7752	80006394	06da	c.slli	x13,0x16	 x13:0x00000000 x13=0x00000000
       78525000	      7753	80006396	035e6763	bltu	x28,x21,800063c4	 x28:0x80021e64 x21:0x80021e63
       78535000	      7754	8000639a	03ca	c.slli	x7,0x12	  x7:0x80000000  x7=0x00000000
       78545000	      7755	8000639c	042d0463	beq	x26,x2,800063e4	 x26:0x00020b7d  x2:0x00000019
       78555000	      7756	800063a0	013b2eb3	slt	x29,x22,x19	 x22:0x00000001 x19:0x00006801 x29=0x00000001
       78565000	      7757	800063a4	85ca	c.mv	x11,x18	  x0:0x00000000 x18:0x00000000 x11=0x00000000
       78575000	      7758	800063a6	d4477193	andi	x3,x14,-700	 x14:0xc0031e76  x3=0xc0031c44
       78585000	      7759	800063aa	0116e9b3	or	x19,x13,x17	 x13:0x00000000 x17:0x00000001 x19=0x00000001
       78595000	      7760	800063ae	04946463	bltu	x8,x9,800063f6	  x8:0x80000000  x9:0xc0011012
       78625000	      7763	800063f6	0ff0000f	fence	iorw,iorw	
       78635000	      7764	800063fa	8df5	c.and	x11,x13	 x11:0x00000000 x13:0x00000000 x11=0x00000000
       78645000	      7765	800063fc	41eadc33	sra	x24,x21,x30	 x21:0x80021e63 x30:0x00000000 x24=0x80021e63
       78655000	      7766	80006400	8222	c.mv	x4,x8	  x0:0x00000000  x8:0x80000000  x4=0x80000000
       78665000	      7767	80006402	ffa6ab93	slti	x23,x13,-6	 x13:0x00000000 x23=0x00000000
       78675000	      7768	80006406	057e	c.slli	x10,0x1f	 x10:0x00000000 x10=0x00000000
       78685000	      7769	80006408	01ce	c.slli	x3,0x13	  x3:0xc0031c44  x3=0xe2200000
       78695000	      7770	8000640a	8335	c.srli	x14,0xd	 x14:0xc0031e76 x14=0x00060018
       78725000	      7773	8000640c	026b8d33	mul	x26,x23,x6	 x23:0x00000000  x6:0x113fabf5 x26=0x00000000
       78735000	      7774	80006410	0000100f	fence.i	
       78755000	      7776	80006414	00c2a833	slt	x16,x5,x12	  x5:0x00000000 x12:0x80025ce4 x16=0x00000000
       78765000	      7777	80006418	04b2	c.slli	x9,0xc	  x9:0xc0011012  x9=0x11012000
       78805000	      7781	8000641a	03c31c33	mulh	x24,x6,x28	  x6:0x113fabf5 x28:0x80021e64 x24=0xf7604e91
       78815000	      7782	8000641e	01c6	c.slli	x3,0x11	  x3:0xe2200000  x3=0x00000000
       78825000	      7783	80006420	89a9	c.andi	x11,10	 x11:0x00000000 x11=0x00000000
       78835000	      7784	80006422	0134a033	slt	x0,x9,x19	  x9:0x11012000 x19:0x00000001  x0=0x00000000
       78845000	      7785	80006426	3c93b313	sltiu	x6,x7,969	  x7:0x00000000  x6=0x00000001
       78855000	      7786	8000642a	8b61	c.andi	x14,24	 x14:0x00060018 x14=0x00000018
       78865000	      7787	8000642c	00285363	bge	x16,x2,80006432	 x16:0x00000000  x2:0x00000019
       78875000	      7788	80006430	8fd9	c.or	x15,x14	 x15:0x00000000 x14:0x00000018 x15=0x00000018
       78885000	      7789	80006432	10020313	addi	x6,x4,256	  x4:0x80000000  x6=0x80000100
       78895000	      7790	80006436	8d1d	c.sub	x10,x15	 x10:0x00000000 x15:0x00000018 x10=0xffffffe8
       78935000	      7794	80006438	02021fb3	mulh	x31,x4,x0	  x4:0x80000000  x0:0x00000000 x31=0x00000000
       78945000	      7795	8000643c	033cf963	bgeu	x25,x19,8000646e	 x25:0x00021e64 x19:0x00000001
       78975000	      7798	8000646e	00597eb3	and	x29,x18,x5	 x18:0x00000000  x5:0x00000000 x29=0x00000000
       78985000	      7799	80006472	00c72333	slt	x6,x14,x12	 x14:0x00000018 x12:0x80025ce4  x6=0x00000000
       78995000	      7800	80006476	80f1	c.srli	x9,0x1c	  x9:0x11012000  x9=0x00000001
       79035000	      7804	80006478	02b3b833	mulhu	x16,x7,x11	  x7:0x00000000 x11:0x00000000 x16=0x00000000
       79045000	      7805	8000647c	01010263	beq	x2,x16,80006480	  x2:0x00000019 x16:0x00000000
       79085000	      7809	80006480	03be9933	mulh	x18,x29,x27	 x29:0x00000000 x27:0x00000000 x18=0x00000000
       79095000	      7810	80006484	0ff0000f	fence	iorw,iorw	
       79105000	      7811	80006488	0001	c.addi	x0,0	  x0:0x00000000  x0=0x00000000
       79115000	      7812	8000648a	002adf63	bge	x21,x2,800064a8	 x21:0x80021e63  x2:0x00000019
       79125000	      7813	8000648e	69cd	c.lui	x19,0x13	 x19=0x00013000
       79135000	      7814	80006490	c2eee213	ori	x4,x29,-978	 x29:0x00000000  x4=0xfffffc2e
       79145000	      7815	80006494	8d61	c.and	x10,x8	 x10:0xffffffe8  x8:0x80000000 x10=0x80000000
       79155000	      7816	80006496	0ff0000f	fence	iorw,iorw	
       79165000	      7817	8000649a	846dfd17	auipc	x26,0x846df	 x26=0x046e549a
       79175000	      7818	8000649e	00ca67b3	or	x15,x20,x12	 x20:0x0000d000 x12:0x80025ce4 x15=0x8002dce4
       79185000	      7819	800064a2	0b18	c.addi4spn	x14,x2,400	 x14=0x000001a9
       79205000	      7821	800064a4	02b84033	div	x0,x16,x11	 x16:0x00000000 x11:0x00000000  x0=0x00000000
       79215000	      7822	800064a8	0140c563	blt	x1,x20,800064b2	  x1:0x00000000 x20:0x0000d000
       79245000	      7825	800064b2	01972233	slt	x4,x14,x25	 x14:0x000001a9 x25:0x00021e64  x4=0x00000001
       79255000	      7826	800064b6	02997d63	bgeu	x18,x9,800064f0	 x18:0x00000000  x9:0x00000001
       79625000	      7863	800064ba	02e747b3	div	x15,x14,x14	 x14:0x000001a9 x14:0x000001a9 x15=0x00000001
       79995000	      7900	800064be	02a763b3	rem	x7,x14,x10	 x14:0x000001a9 x10:0x80000000  x7=0x000001a9
       80005000	      7901	800064c2	0001	c.addi	x0,0	  x0:0x00000000  x0=0x00000000
       80015000	      7902	800064c4	c6d93913	sltiu	x18,x18,-915	 x18:0x00000000 x18=0x00000001
       80025000	      7903	800064c8	d322fb13	andi	x22,x5,-718	  x5:0x00000000 x22=0x00000000
       80035000	      7904	800064cc	0ff0000f	fence	iorw,iorw	
       80045000	      7905	800064d0	7c288f13	addi	x30,x17,1986	 x17:0x00000001 x30=0x000007c3
       80415000	      7942	800064d4	03277733	remu	x14,x14,x18	 x14:0x000001a9 x18:0x00000001 x14=0x00000000
       80425000	      7943	800064d8	0080ad33	slt	x26,x1,x8	  x1:0x00000000  x8:0x80000000 x26=0x00000000
       80435000	      7944	800064dc	8e81	c.sub	x13,x8	 x13:0x00000000  x8:0x80000000 x13=0x80000000
       80445000	      7945	800064de	973e	c.add	x14,x15	 x14:0x00000000 x15:0x00000001 x14=0x00000001
       80455000	      7946	800064e0	00894133	xor	x2,x18,x8	 x18:0x00000001  x8:0x80000000  x2=0x80000001
       80485000	      7949	800064e4	02a58eb3	mul	x29,x11,x10	 x11:0x00000000 x10:0x80000000 x29=0x00000000
       80495000	      7950	800064e8	02e2e463	bltu	x5,x14,80006510	  x5:0x00000000 x14:0x00000001
       80515000	      7952	80006510	01283133	sltu	x2,x16,x18	 x16:0x00000000 x18:0x00000001  x2=0x00000001
       80525000	      7953	80006514	0020ab33	slt	x22,x1,x2	  x1:0x00000000  x2:0x00000001 x22=0x00000001
       80535000	      7954	80006518	8d7d	c.and	x10,x15	 x10:0x80000000 x15:0x00000001 x10=0x00000000
       80575000	      7958	8000651a	036c2cb3	mulhsu	x25,x24,x22	 x24:0xf7604e91 x22:0x00000001 x25=0xffffffff
       80585000	      7959	8000651e	717d	c.addi16sp	x2,-16	  x2:0x00000001  x2=0xfffffff1
       80595000	      7960	80006520	159c	c.addi4spn	x15,x2,736	 x15=0x000002d1
       80605000	      7961	80006522	000b9263	bne	x23,x0,80006526	 x23:0x00000000  x0:0x00000000
       80615000	      7962	80006526	0000100f	fence.i	
       80645000	      7965	8000652a	0000100f	fence.i	
       80665000	      7967	8000652e	0001	c.addi	x0,0	  x0:0x00000000  x0=0x00000000
       80675000	      7968	80006530	9c4a	c.add	x24,x18	 x24:0xf7604e91 x18:0x00000001 x24=0xf7604e92
       80685000	      7969	80006532	6919	c.lui	x18,0x6	 x18=0x00006000
       80695000	      7970	80006534	b39b6537	lui	x10,0xb39b6	 x10=0xb39b6000
       80705000	      7971	80006538	41408cb3	sub	x25,x1,x20	  x1:0x00000000 x20:0x0000d000 x25=0xffff3000
       80715000	      7972	8000653c	f605f213	andi	x4,x11,-160	 x11:0x00000000  x4=0x00000000
       80725000	      7973	80006540	c39d	c.beqz	x15,80006566	 x15:0x000002d1
       80735000	      7974	80006542	15fd	c.addi	x11,-1	 x11:0x00000000 x11=0xffffffff
       80745000	      7975	80006544	01155733	srl	x14,x10,x17	 x10:0xb39b6000 x17:0x00000001 x14=0x59cdb000
       80755000	      7976	80006548	0b8bf813	andi	x16,x23,184	 x23:0x00000000 x16=0x00000000
       80765000	      7977	8000654c	01abaf33	slt	x30,x23,x26	 x23:0x00000000 x26:0x00000000 x30=0x00000000
       80775000	      7978	80006550	01290bb3	add	x23,x18,x18	 x18:0x00006000 x18:0x00006000 x23=0x0000c000
       80785000	      7979	80006554	00e41593	slli	x11,x8,0xe	  x8:0x80000000 x11=0x00000000
       80795000	      7980	80006558	1b18	c.addi4spn	x14,x2,432	 x14=0x000001a1
       80815000	      7982	8000655a	03abe833	rem	x16,x23,x26	 x23:0x0000c000 x26:0x00000000 x16=0x0000c000
       80835000	      7984	8000655e	02034cb3	div	x25,x6,x0	  x6:0x00000000  x0:0x00000000 x25=0xffffffff
       80845000	      7985	80006562	402b5b13	srai	x22,x22,0x2	 x22:0x00000001 x22=0x00000000
       80855000	      7986	80006566	8d81	c.sub	x11,x8	 x11:0x00000000  x8:0x80000000 x11=0x80000000
       80865000	      7987	80006568	01815293	srli	x5,x2,0x18	  x2:0xfffffff1  x5=0x000000ff
       80875000	      7988	8000656c	013868b3	or	x17,x16,x19	 x16:0x0000c000 x19:0x00013000 x17=0x0001f000
       80885000	      7989	80006570	60d9	c.lui	x1,0x16	  x1=0x00016000
       80895000	      7990	80006572	0001	c.addi	x0,0	  x0:0x00000000  x0=0x00000000
       80905000	      7991	80006574	03edc363	blt	x27,x30,8000659a	 x27:0x00000000 x30:0x00000000
       80915000	      7992	80006578	018e9593	slli	x11,x29,0x18	 x29:0x00000000 x11=0x00000000
       80925000	      7993	8000657c	8f41	c.or	x14,x8	 x14:0x000001a1  x8:0x80000000 x14=0x800001a1
       80935000	      7994	8000657e	43a1	c.li	x7,8	  x7=0x00000008
       80945000	      7995	80006580	0d2a	c.slli	x26,0xa	 x26:0x00000000 x26=0x00000000
       80955000	      7996	80006582	4f91	c.li	x31,4	 x31=0x00000004
       80965000	      7997	80006584	81f5	c.srli	x11,0x1d	 x11:0x00000000 x11=0x00000000
       80975000	      7998	80006586	14827913	andi	x18,x4,328	  x4:0x00000000 x18=0x00000000
       81345000	      8035	8000658a	027e71b3	remu	x3,x28,x7	 x28:0x80021e64  x7:0x00000008  x3=0x00000004
       81355000	      8036	8000658e	023e7363	bgeu	x28,x3,800065b4	 x28:0x80021e64  x3:0x00000004
       81375000	      8038	800065b4	01695033	srl	x0,x18,x22	 x18:0x00000000 x22:0x00000000  x0=0x00000000
       81385000	      8039	800065b8	0001	c.addi	x0,0	  x0:0x00000000  x0=0x00000000
       81755000	      8076	800065ba	02f859b3	divu	x19,x16,x15	 x16:0x0000c000 x15:0x000002d1 x19=0x00000044
       81775000	      8078	800065be	02be4ab3	div	x21,x28,x11	 x28:0x80021e64 x11:0x00000000 x21=0xffffffff
       81785000	      8079	800065c2	417085b3	sub	x11,x1,x23	  x1:0x00016000 x23:0x0000c000 x11=0x0000a000
       81795000	      8080	800065c6	eb01	c.bnez	x14,800065d6	 x14:0x800001a1
       82185000	      8119	800065d6	03cd4a33	div	x20,x26,x28	 x26:0x00000000 x28:0x80021e64 x20=0x00000000
       82195000	      8120	800065da	0119afb3	slt	x31,x19,x17	 x19:0x00000044 x17:0x0001f000 x31=0x00000001
       82205000	      8121	800065de	008cdb33	srl	x22,x25,x8	 x25:0xffffffff  x8:0x80000000 x22=0xffffffff
       82215000	      8122	800065e2	8af5	c.andi	x13,29	 x13:0x80000000 x13=0x00000000
       82225000	      8123	800065e4	6ea1	c.lui	x29,0x8	 x29=0x00008000
       82235000	      8124	800065e6	03c6	c.slli	x7,0x11	  x7:0x00000008  x7=0x00100000
       82245000	      8125	800065e8	8a12	c.mv	x20,x4	  x0:0x00000000  x4:0x00000000 x20=0x00000000
       82255000	      8126	800065ea	8f25	c.xor	x14,x9	 x14:0x800001a1  x9:0x00000001 x14=0x800001a0
       82265000	      8127	800065ec	8085	c.srli	x9,0x1	  x9:0x00000001  x9=0x00000000
       82305000	      8131	800065ee	03883c33	mulhu	x24,x16,x24	 x16:0x0000c000 x24:0xf7604e92 x24=0x0000b988
       82315000	      8132	800065f2	004f80b3	add	x1,x31,x4	 x31:0x00000001  x4:0x00000000  x1=0x00000001
       82325000	      8133	800065f6	01a2f1b3	and	x3,x5,x26	  x5:0x000000ff x26:0x00000000  x3=0x00000000
       82335000	      8134	800065fa	015ba333	slt	x6,x23,x21	 x23:0x0000c000 x21:0xffffffff  x6=0x00000000
       82345000	      8135	800065fe	0ff0000f	fence	iorw,iorw	
       82375000	      8138	80006602	036c8bb3	mul	x23,x25,x22	 x25:0xffffffff x22:0xffffffff x23=0x00000001
       82385000	      8139	80006606	e38d	c.bnez	x15,80006628	 x15:0x000002d1
       82405000	      8141	80006628	81b1	c.srli	x11,0xc	 x11:0x0000a000 x11=0x0000000a
       82415000	      8142	8000662a	98fd	c.andi	x9,-1	  x9:0x00000000  x9=0x00000000
       82425000	      8143	8000662c	00291f93	slli	x31,x18,0x2	 x18:0x00000000 x31=0x00000000
       82435000	      8144	80006630	00f4a6b3	slt	x13,x9,x15	  x9:0x00000000 x15:0x000002d1 x13=0x00000001
       82445000	      8145	80006634	e90d	c.bnez	x10,80006666	 x10:0xb39b6000
       82475000	      8148	80006666	43edc393	xori	x7,x27,1086	 x27:0x00000000  x7=0x0000043e
       82485000	      8149	8000666a	408b5c33	sra	x24,x22,x8	 x22:0xffffffff  x8:0x80000000 x24=0xffffffff
       82495000	      8150	8000666e	68258c17	auipc	x24,0x68258	 x24=0xe825e66e
       82505000	      8151	80006672	1be69d97	auipc	x27,0x1be69	 x27=0x9be6f672
       82515000	      8152	80006676	039a6063	bltu	x20,x25,80006696	 x20:0x00000000 x25:0xffffffff
       82545000	      8155	80006696	015e6533	or	x10,x28,x21	 x28:0x80021e64 x21:0xffffffff x10=0xffffffff
       82555000	      8156	8000669a	8fd9	c.or	x15,x14	 x15:0x000002d1 x14:0x800001a0 x15=0x800003f1
       82565000	      8157	8000669c	0001	c.addi	x0,0	  x0:0x00000000  x0=0x00000000
       82605000	      8161	8000669e	031fa033	mulhsu	x0,x31,x17	 x31:0x00000000 x17:0x0001f000  x0=0x00000000
       82615000	      8162	800066a2	7cee2b93	slti	x23,x28,1998	 x28:0x80021e64 x23=0x00000001
       82625000	      8163	800066a6	403808b3	sub	x17,x16,x3	 x16:0x0000c000  x3:0x00000000 x17=0x0000c000
       82635000	      8164	800066aa	03ca	c.slli	x7,0x12	  x7:0x0000043e  x7=0x10f80000
       82665000	      8167	800066ac	02fe84b3	mul	x9,x29,x15	 x29:0x00008000 x15:0x800003f1  x9=0x01f88000
       82675000	      8168	800066b0	8d19	c.sub	x10,x14	 x10:0xffffffff x14:0x800001a0 x10=0x7ffffe5f
       82715000	      8172	800066b2	02f494b3	mulh	x9,x9,x15	  x9:0x01f88000 x15:0x800003f1  x9=0xff03c007
       83085000	      8209	800066b6	0307e733	rem	x14,x15,x16	 x15:0x800003f1 x16:0x0000c000 x14=0xffff83f1
       83095000	      8210	800066ba	4180d213	srai	x4,x1,0x18	  x1:0x00000001  x4=0x00000000
       83105000	      8211	800066be	028ed663	bge	x29,x8,800066ea	 x29:0x00008000  x8:0x80000000
       83135000	      8214	800066ea	005c17b3	sll	x15,x24,x5	 x24:0xe825e66e  x5:0x000000ff x15=0x00000000
       83145000	      8215	800066ee	00a5e9b3	or	x19,x11,x10	 x11:0x0000000a x10:0x7ffffe5f x19=0x7ffffe5f
       83155000	      8216	800066f2	00759e63	bne	x11,x7,8000670e	 x11:0x0000000a  x7:0x10f80000
       83185000	      8219	8000670e	00d05793	srli	x15,x0,0xd	  x0:0x00000000 x15=0x00000000
       83195000	      8220	80006712	0504	c.addi4spn	x9,x2,640	  x9=0x00000271
       83205000	      8221	80006714	809d	c.srli	x9,0x7	  x9:0x00000271  x9=0x00000004
       83215000	      8222	80006716	00d085b3	add	x11,x1,x13	  x1:0x00000001 x13:0x00000001 x11=0x00000002
       83225000	      8223	8000671a	821a	c.mv	x4,x6	  x0:0x00000000  x6:0x00000000  x4=0x00000000
       83235000	      8224	8000671c	3740a093	slti	x1,x1,884	  x1:0x00000001  x1=0x00000001
       83605000	      8261	80006720	02a64133	div	x2,x12,x10	 x12:0x80025ce4 x10:0x7ffffe5f  x2=0x00000000
       83615000	      8262	80006724	0000100f	fence.i	
       83635000	      8264	80006728	011436b3	sltu	x13,x8,x17	  x8:0x80000000 x17:0x0000c000 x13=0x00000000
       83645000	      8265	8000672c	00c97363	bgeu	x18,x12,80006732	 x18:0x00000000 x12:0x80025ce4
       83655000	      8266	80006730	80e6	c.mv	x1,x25	  x0:0x00000000 x25:0xffffffff  x1=0xffffffff
       83665000	      8267	80006732	4cde0917	auipc	x18,0x4cde0	 x18=0xccde6732
       83675000	      8268	80006736	001bdbb3	srl	x23,x23,x1	 x23:0x00000001  x1:0xffffffff x23=0x00000000
       83685000	      8269	8000673a	26e02193	slti	x3,x0,622	  x0:0x00000000  x3=0x00000001
       83695000	      8270	8000673e	0009c8b3	xor	x17,x19,x0	 x19:0x7ffffe5f  x0:0x00000000 x17=0x7ffffe5f
       83705000	      8271	80006742	00b12f33	slt	x30,x2,x11	  x2:0x00000000 x11:0x00000002 x30=0x00000001
       83715000	      8272	80006746	8cf1	c.and	x9,x12	  x9:0x00000004 x12:0x80025ce4  x9=0x00000004
       84085000	      8309	80006748	033c56b3	divu	x13,x24,x19	 x24:0xe825e66e x19:0x7ffffe5f x13=0x00000001
       84095000	      8310	8000674c	11fd	c.addi	x3,-1	  x3:0x00000001  x3=0x00000000
       84105000	      8311	8000674e	419d0133	sub	x2,x26,x25	 x26:0x00000000 x25:0xffffffff  x2=0x00000001
       84475000	      8348	80006752	022066b3	rem	x13,x0,x2	  x0:0x00000000  x2:0x00000001 x13=0x00000000
       84485000	      8349	80006756	3f7cad17	auipc	x26,0x3f7ca	 x26=0xbf7d0756
       84855000	      8386	8000675a	038dda33	divu	x20,x27,x24	 x27:0x9be6f672 x24:0xe825e66e x20=0x00000000
       84895000	      8390	8000675e	0377b7b3	mulhu	x15,x15,x23	 x15:0x00000000 x23:0x00000000 x15=0x00000000
       84905000	      8391	80006762	1fb42ab7	lui	x21,0x1fb42	 x21=0x1fb42000
       84915000	      8392	80006766	00e71263	bne	x14,x14,8000676a	 x14:0xffff83f1 x14:0xffff83f1
       84925000	      8393	8000676a	8f89	c.sub	x15,x10	 x15:0x00000000 x10:0x7ffffe5f x15=0x800001a1
       84935000	      8394	8000676c	198c	c.addi4spn	x11,x2,240	 x11=0x000000f1
       84945000	      8395	8000676e	02af5263	bge	x30,x10,80006792	 x30:0x00000001 x10:0x7ffffe5f
       84955000	      8396	80006772	0000100f	fence.i	
       84975000	      8398	80006776	0da9	c.addi	x27,10	 x27:0x9be6f672 x27=0x9be6f67c
       85015000	      8402	80006778	0313ab33	mulhsu	x22,x7,x17	  x7:0x10f80000 x17:0x7ffffe5f x22=0x087bffe4
       85025000	      8403	8000677c	01fc59b3	srl	x19,x24,x31	 x24:0xe825e66e x31:0x00000000 x19=0xe825e66e
       85035000	      8404	80006780	009adf63	bge	x21,x9,8000679e	 x21:0x1fb42000  x9:0x00000004
       85065000	      8407	8000679e	01691993	slli	x19,x18,0x16	 x18:0xccde6732 x19=0xcc800000
       85075000	      8408	800067a2	877d	c.srai	x14,0x1f	 x14:0xffff83f1 x14=0xffffffff
       85085000	      8409	800067a4	00da3733	sltu	x14,x20,x13	 x20:0x00000000 x13:0x00000000 x14=0x00000000
       85095000	      8410	800067a8	011b2ab3	slt	x21,x22,x17	 x22:0x087bffe4 x17:0x7ffffe5f x21=0x00000001
       85105000	      8411	800067ac	577d	c.li	x14,-1	 x14=0xffffffff
       85115000	      8412	800067ae	53a19c17	auipc	x24,0x53a19	 x24=0xd3a1f7ae
       85125000	      8413	800067b2	0127ec63	bltu	x15,x18,800067ca	 x15:0x800001a1 x18:0xccde6732
       85145000	      8415	800067ca	8d49	c.or	x10,x10	 x10:0x7ffffe5f x10:0x7ffffe5f x10=0x7ffffe5f
       85155000	      8416	800067cc	015f8d63	beq	x31,x21,800067e6	 x31:0x00000000 x21:0x00000001
       85165000	      8417	800067d0	00b8db13	srli	x22,x17,0xb	 x17:0x7ffffe5f x22=0x000fffff
       85175000	      8418	800067d4	41930fb3	sub	x31,x6,x25	  x6:0x00000000 x25:0xffffffff x31=0x00000001
       85185000	      8419	800067d8	009a1f13	slli	x30,x20,0x9	 x20:0x00000000 x30=0x00000000
       85195000	      8420	800067dc	dafb7713	andi	x14,x22,-593	 x22:0x000fffff x14=0x000ffdaf
       85565000	      8457	800067e0	027cceb3	div	x29,x25,x7	 x25:0xffffffff  x7:0x10f80000 x29=0x00000000
       85575000	      8458	800067e4	8535	c.srai	x10,0xd	 x10:0x7ffffe5f x10=0x0003ffff
       85585000	      8459	800067e6	839d	c.srli	x15,0x7	 x15:0x800001a1 x15=0x01000003
       85595000	      8460	800067e8	0759	c.addi	x14,22	 x14:0x000ffdaf x14=0x000ffdc5
       85605000	      8461	800067ea	6afcc513	xori	x10,x25,1711	 x25:0xffffffff x10=0xfffff950
       85615000	      8462	800067ee	01b2	c.slli	x3,0xc	  x3:0x00000000  x3=0x00000000
       85625000	      8463	800067f0	9afd	c.andi	x13,-1	 x13:0x00000000 x13=0x00000000
       85635000	      8464	800067f2	0000100f	fence.i	
       85665000	      8467	800067f6	01a4d713	srli	x14,x9,0x1a	  x9:0x00000004 x14=0x00000000
       85675000	      8468	800067fa	30d0e993	ori	x19,x1,781	  x1:0xffffffff x19=0xffffffff
       86045000	      8505	800067fe	030adeb3	divu	x29,x21,x16	 x21:0x00000001 x16:0x0000c000 x29=0x00000000
       86055000	      8506	80006802	83ad	c.srli	x15,0xb	 x15:0x01000003 x15=0x00002000
       86065000	      8507	80006804	003b5693	srli	x13,x22,0x3	 x22:0x000fffff x13=0x0001ffff
       86075000	      8508	80006808	01e2cf33	xor	x30,x5,x30	  x5:0x000000ff x30:0x00000000 x30=0x000000ff
       86085000	      8509	8000680c	f7f76b13	ori	x22,x14,-129	 x14:0x00000000 x22=0xffffff7f
       86125000	      8513	80006810	03e9aab3	mulhsu	x21,x19,x30	 x19:0xffffffff x30:0x000000ff x21=0xffffffff
       86135000	      8514	80006814	6165	c.addi16sp	x2,112	  x2:0x00000001  x2=0x00000071
       86145000	      8515	80006816	8e85	c.sub	x13,x9	 x13:0x0001ffff  x9:0x00000004 x13=0x0001fffb
       86155000	      8516	80006818	8a92	c.mv	x21,x4	  x0:0x00000000  x4:0x00000000 x21=0x00000000
       86165000	      8517	8000681a	8a81	c.andi	x13,0	 x13:0x0001fffb x13=0x00000000
       86175000	      8518	8000681c	03bcf563	bgeu	x25,x27,80006846	 x25:0xffffffff x27:0x9be6f67c
       86195000	      8520	80006846	c2a9	c.beqz	x13,80006888	 x13:0x00000000
       86215000	      8522	80006888	6f2d	c.lui	x30,0xb	 x30=0x0000b000
       86225000	      8523	8000688a	1505f837	lui	x16,0x1505f	 x16=0x1505f000
       86235000	      8524	8000688e	00ff9263	bne	x31,x15,80006892	 x31:0x00000001 x15:0x00002000
       86255000	      8526	80006892	0001	c.addi	x0,0	  x0:0x00000000  x0=0x00000000
       86265000	      8527	80006894	6141	c.addi16sp	x2,16	  x2:0x00000071  x2=0x00000081
       86275000	      8528	80006896	9f86	c.add	x31,x1	 x31:0x00000001  x1:0xffffffff x31=0x00000000
       86295000	      8530	80006898	0264c5b3	div	x11,x9,x6	  x9:0x00000004  x6:0x00000000 x11=0xffffffff
       86305000	      8531	8000689c	044e6063	bltu	x28,x4,800068dc	 x28:0x80021e64  x4:0x00000000
       86315000	      8532	800068a0	8fd5	c.or	x15,x13	 x15:0x00002000 x13:0x00000000 x15=0x00002000
       86325000	      8533	800068a2	0011d193	srli	x3,x3,0x1	  x3:0x00000000  x3=0x00000000
       86335000	      8534	800068a6	7b886393	ori	x7,x16,1976	 x16:0x1505f000  x7=0x1505f7b8
       86345000	      8535	800068aa	8f8ae1b7	lui	x3,0x8f8ae	  x3=0x8f8ae000
       86355000	      8536	800068ae	6499	c.lui	x9,0x6	  x9=0x00006000
       86365000	      8537	800068b0	8495	c.srai	x9,0x5	  x9:0x00006000  x9=0x00000300
       86375000	      8538	800068b2	9afd	c.andi	x13,-1	 x13:0x00000000 x13=0x00000000
       86385000	      8539	800068b4	8e91	c.sub	x13,x12	 x13:0x00000000 x12:0x80025ce4 x13=0x7ffda31c
       86395000	      8540	800068b6	41c257b3	sra	x15,x4,x28	  x4:0x00000000 x28:0x80021e64 x15=0x00000000
       86405000	      8541	800068ba	00182f33	slt	x30,x16,x1	 x16:0x1505f000  x1:0xffffffff x30=0x00000000
       86415000	      8542	800068be	21783c93	sltiu	x25,x16,535	 x16:0x1505f000 x25=0x00000000
       86425000	      8543	800068c2	8f59	c.or	x14,x14	 x14:0x00000000 x14:0x00000000 x14=0x00000000
       86435000	      8544	800068c4	0d99	c.addi	x27,6	 x27:0x9be6f67c x27=0x9be6f682
       86445000	      8545	800068c6	8d4d	c.or	x10,x11	 x10:0xfffff950 x11:0xffffffff x10=0xffffffff
       86455000	      8546	800068c8	17849997	auipc	x19,0x17849	 x19=0x9784f8c8
       86465000	      8547	800068cc	dfb46897	auipc	x17,0xdfb46	 x17=0x5fb4c8cc
       86475000	      8548	800068d0	27cbc993	xori	x19,x23,636	 x23:0x00000000 x19=0x0000027c
       86485000	      8549	800068d4	416388b3	sub	x17,x7,x22	  x7:0x1505f7b8 x22:0xffffff7f x17=0x1505f839
       86495000	      8550	800068d8	007452b3	srl	x5,x8,x7	  x8:0x80000000  x7:0x1505f7b8  x5=0x00000080
       86505000	      8551	800068dc	0000100f	fence.i	
       86525000	      8553	800068e0	8d15	c.sub	x10,x13	 x10:0xffffffff x13:0x7ffda31c x10=0x80025ce3
       86535000	      8554	800068e2	588f0e93	addi	x29,x30,1416	 x30:0x00000000 x29=0x00000588
       86545000	      8555	800068e6	87b6	c.mv	x15,x13	  x0:0x00000000 x13:0x7ffda31c x15=0x7ffda31c
       86575000	      8558	800068e8	024d8833	mul	x16,x27,x4	 x27:0x9be6f682  x4:0x00000000 x16=0x00000000
       86585000	      8559	800068ec	83d9	c.srli	x15,0x16	 x15:0x7ffda31c x15=0x000001ff
       86595000	      8560	800068ee	50bef293	andi	x5,x29,1291	 x29:0x00000588  x5=0x00000508
       86965000	      8597	800068f2	03ac4fb3	div	x31,x24,x26	 x24:0xd3a1f7ae x26:0xbf7d0756 x31=0x00000000
       86975000	      8598	800068f6	98fd	c.andi	x9,-1	  x9:0x00000300  x9=0x00000300
       87345000	      8635	800068f8	022b5f33	divu	x30,x22,x2	 x22:0xffffff7f  x2:0x00000081 x30=0x01fc07ef
       87355000	      8636	800068fc	0004ba33	sltu	x20,x9,x0	  x9:0x00000300  x0:0x00000000 x20=0x00000000
       87365000	      8637	80006900	04ce9263	bne	x29,x12,80006944	 x29:0x00000588 x12:0x80025ce4
       87745000	      8675	80006944	02b95ab3	divu	x21,x18,x11	 x18:0xccde6732 x11:0xffffffff x21=0x00000000
       87755000	      8676	80006948	0003d263	bge	x7,x0,8000694c	  x7:0x1505f7b8  x0:0x00000000
       87775000	      8678	8000694c	0085f933	and	x18,x11,x8	 x11:0xffffffff  x8:0x80000000 x18=0x80000000
       87785000	      8679	80006950	83bd	c.srli	x15,0xf	 x15:0x000001ff x15=0x00000000
       87795000	      8680	80006952	7d903917	auipc	x18,0x7d903	 x18=0xfd909952
       87805000	      8681	80006956	717d	c.addi16sp	x2,-16	  x2:0x00000081  x2=0x00000071
       87815000	      8682	80006958	15cbbb93	sltiu	x23,x23,348	 x23:0x00000000 x23=0x00000001
       87825000	      8683	8000695c	a904c493	xori	x9,x9,-1392	  x9:0x00000300  x9=0xfffff990
       87835000	      8684	80006960	0ae5	c.addi	x21,25	 x21:0x00000000 x21=0x00000019
       88205000	      8721	80006962	0361e333	rem	x6,x3,x22	  x3:0x8f8ae000 x22:0xffffff7f  x6=0xffffffe8
       88215000	      8722	80006966	757b7313	andi	x6,x22,1879	 x22:0xffffff7f  x6=0x00000757
       88225000	      8723	8000696a	1b7d	c.addi	x22,-1	 x22:0xffffff7f x22=0xffffff7e
       88235000	      8724	8000696c	0001	c.addi	x0,0	  x0:0x00000000  x0=0x00000000
       88245000	      8725	8000696e	000b2033	slt	x0,x22,x0	 x22:0xffffff7e  x0:0x00000000  x0=0x00000000
       88255000	      8726	80006972	c29d	c.beqz	x13,80006998	 x13:0x7ffda31c
       88265000	      8727	80006974	8ba6	c.mv	x23,x9	  x0:0x00000000  x9:0xfffff990 x23=0xfffff990
       88275000	      8728	80006976	02749e63	bne	x9,x7,800069b2	  x9:0xfffff990  x7:0x1505f7b8
       88305000	      8731	800069b2	01522c33	slt	x24,x4,x21	  x4:0x00000000 x21:0x00000019 x24=0x00000001
       88315000	      8732	800069b6	418e5933	sra	x18,x28,x24	 x28:0x80021e64 x24:0x00000001 x18=0xc0010f32
       88325000	      8733	800069ba	01776bb3	or	x23,x14,x23	 x14:0x00000000 x23:0xfffff990 x23=0xfffff990
       88335000	      8734	800069be	8db1	c.xor	x11,x12	 x11:0xffffffff x12:0x80025ce4 x11=0x7ffda31b
       88345000	      8735	800069c0	47bf64b7	lui	x9,0x47bf6	  x9=0x47bf6000
       88355000	      8736	800069c4	4037d713	srai	x14,x15,0x3	 x15:0x00000000 x14=0x00000000
       88365000	      8737	800069c8	9d46	c.add	x26,x17	 x26:0xbf7d0756 x17:0x1505f839 x26=0xd482ff8f
       88375000	      8738	800069ca	009d89b3	add	x19,x27,x9	 x27:0x9be6f682  x9:0x47bf6000 x19=0xe3a65682
       88385000	      8739	800069ce	02cc7d63	bgeu	x24,x12,80006a08	 x24:0x00000001 x12:0x80025ce4
       88395000	      8740	800069d2	01bbdb63	bge	x23,x27,800069e8	 x23:0xfffff990 x27:0x9be6f682
       88415000	      8742	800069e8	9a90bb13	sltiu	x22,x1,-1623	  x1:0xffffffff x22=0x00000000
       88425000	      8743	800069ec	018f1b63	bne	x30,x24,80006a02	 x30:0x01fc07ef x24:0x00000001
       88445000	      8745	80006a02	9cfa	c.add	x25,x30	 x25:0x00000000 x30:0x01fc07ef x25=0x01fc07ef
       88455000	      8746	80006a04	014da533	slt	x10,x27,x20	 x27:0x9be6f682 x20:0x00000000 x10=0x00000001
       88825000	      8783	80006a08	037940b3	div	x1,x18,x23	 x18:0xc0010f32 x23:0xfffff990  x1=0x0009f0ec
       88835000	      8784	80006a0c	0048dc13	srli	x24,x17,0x4	 x17:0x1505f839 x24=0x01505f83
       88845000	      8785	80006a10	8715	c.srai	x14,0x5	 x14:0x00000000 x14=0x00000000
       88855000	      8786	80006a12	0ff0000f	fence	iorw,iorw	
       88865000	      8787	80006a16	ed01	c.bnez	x10,80006a2e	 x10:0x00000001
       88885000	      8789	80006a2e	86d1	c.srai	x13,0x14	 x13:0x7ffda31c x13=0x000007ff
       88895000	      8790	80006a30	01aafa33	and	x20,x21,x26	 x21:0x00000019 x26:0xd482ff8f x20=0x00000009
       88925000	      8793	80006a34	021702b3	mul	x5,x14,x1	 x14:0x00000000  x1:0x0009f0ec  x5=0x00000000
       88935000	      8794	80006a38	0000100f	fence.i	
       88955000	      8796	80006a3c	4148d293	srai	x5,x17,0x14	 x17:0x1505f839  x5=0x00000150
       88965000	      8797	80006a40	3e782493	slti	x9,x16,999	 x16:0x00000000  x9=0x00000001
       88975000	      8798	80006a44	004534b3	sltu	x9,x10,x4	 x10:0x00000001  x4:0x00000000  x9=0x00000000
       88985000	      8799	80006a48	01f16563	bltu	x2,x31,80006a52	  x2:0x00000071 x31:0x00000000
       88995000	      8800	80006a4c	03bdfc63	bgeu	x27,x27,80006a84	 x27:0x9be6f682 x27:0x9be6f682
       89015000	      8802	80006a84	41760d33	sub	x26,x12,x23	 x12:0x80025ce4 x23:0xfffff990 x26=0x80026354
       89025000	      8803	80006a88	01e09bb3	sll	x23,x1,x30	  x1:0x0009f0ec x30:0x01fc07ef x23=0xf8760000
       89035000	      8804	80006a8c	0ff0000f	fence	iorw,iorw	
       89045000	      8805	80006a90	197d	c.addi	x18,-1	 x18:0xc0010f32 x18=0xc0010f31
       89055000	      8806	80006a92	8ff6	c.mv	x31,x29	  x0:0x00000000 x29:0x00000588 x31=0x00000588
       89085000	      8809	80006a94	02b50233	mul	x4,x10,x11	 x10:0x00000001 x11:0x7ffda31b  x4=0x7ffda31b
       89095000	      8810	80006a98	1384	c.addi4spn	x9,x2,480	  x9=0x00000251
       89105000	      8811	80006a9a	8dd1	c.or	x11,x12	 x11:0x7ffda31b x12:0x80025ce4 x11=0xffffffff
       89115000	      8812	80006a9c	8de1	c.and	x11,x8	 x11:0xffffffff  x8:0x80000000 x11=0x80000000
       89125000	      8813	80006a9e	1f2caa13	slti	x20,x25,498	 x25:0x01fc07ef x20=0x00000000
       89135000	      8814	80006aa2	000a9bb3	sll	x23,x21,x0	 x21:0x00000019  x0:0x00000000 x23=0x00000019
       89145000	      8815	80006aa6	8f6d	c.and	x14,x11	 x14:0x00000000 x11:0x80000000 x14=0x00000000
       89155000	      8816	80006aa8	001c5563	bge	x24,x1,80006ab2	 x24:0x01505f83  x1:0x0009f0ec
       89185000	      8819	80006ab2	041af163	bgeu	x21,x1,80006af4	 x21:0x00000019  x1:0x0009f0ec
       89195000	      8820	80006ab6	5cfd	c.li	x25,-1	 x25=0xffffffff
       89205000	      8821	80006ab8	00ba7ab3	and	x21,x20,x11	 x20:0x00000000 x11:0x80000000 x21=0x00000000
       89215000	      8822	80006abc	ae466193	ori	x3,x12,-1308	 x12:0x80025ce4  x3=0xfffffee4
       89255000	      8826	80006ac0	032337b3	mulhu	x15,x6,x18	  x6:0x00000757 x18:0xc0010f31 x15=0x00000581
       89265000	      8827	80006ac4	8abe8d13	addi	x26,x29,-1877	 x29:0x00000588 x26=0xfffffe33
       89635000	      8864	80006ac8	0254c3b3	div	x7,x9,x5	  x9:0x00000251  x5:0x00000150  x7=0x00000001
       89645000	      8865	80006acc	003ec493	xori	x9,x29,3	 x29:0x00000588  x9=0x0000058b
       89655000	      8866	80006ad0	8d0d	c.sub	x10,x11	 x10:0x00000001 x11:0x80000000 x10=0x80000001
       89665000	      8867	80006ad2	01c9b933	sltu	x18,x19,x28	 x19:0xe3a65682 x28:0x80021e64 x18=0x00000000
       89675000	      8868	80006ad6	164fc493	xori	x9,x31,356	 x31:0x00000588  x9=0x000004ec
       89705000	      8871	80006ada	02b00a33	mul	x20,x0,x11	  x0:0x00000000 x11:0x80000000 x20=0x00000000
       89715000	      8872	80006ade	8f49	c.or	x14,x10	 x14:0x00000000 x10:0x80000001 x14=0x80000001
       89725000	      8873	80006ae0	0025c9b3	xor	x19,x11,x2	 x11:0x80000000  x2:0x00000071 x19=0x80000071
       89735000	      8874	80006ae4	717d	c.addi16sp	x2,-16	  x2:0x00000071  x2=0x00000061
       89745000	      8875	80006ae6	07d1	c.addi	x15,20	 x15:0x00000581 x15=0x00000595
       89755000	      8876	80006ae8	8ac2	c.mv	x21,x16	  x0:0x00000000 x16:0x00000000 x21=0x00000000
       89765000	      8877	80006aea	0001	c.addi	x0,0	  x0:0x00000000  x0=0x00000000
       89775000	      8878	80006aec	022f4563	blt	x30,x2,80006b16	 x30:0x01fc07ef  x2:0x00000061
       90145000	      8915	80006af0	02b1ec33	rem	x24,x3,x11	  x3:0xfffffee4 x11:0x80000000 x24=0xfffffee4
       90155000	      8916	80006af4	04e0f263	bgeu	x1,x14,80006b38	  x1:0x0009f0ec x14:0x80000001
       90165000	      8917	80006af8	6c968793	addi	x15,x13,1737	 x13:0x000007ff x15=0x00000ec8
       90175000	      8918	80006afc	0ff0000f	fence	iorw,iorw	
       90185000	      8919	80006b00	406302b3	sub	x5,x6,x6	  x6:0x00000757  x6:0x00000757  x5=0x00000000
       90215000	      8922	80006b04	02300333	mul	x6,x0,x3	  x0:0x00000000  x3:0xfffffee4  x6=0x00000000
       90225000	      8923	80006b08	01c40563	beq	x8,x28,80006b12	  x8:0x80000000 x28:0x80021e64
       90235000	      8924	80006b0c	404f5393	srai	x7,x30,0x4	 x30:0x01fc07ef  x7=0x001fc07e
       90245000	      8925	80006b10	0001	c.addi	x0,0	  x0:0x00000000  x0=0x00000000
       90255000	      8926	80006b12	02969763	bne	x13,x9,80006b40	 x13:0x000007ff  x9:0x000004ec
       90275000	      8928	80006b40	01bb94b3	sll	x9,x23,x27	 x23:0x00000019 x27:0x9be6f682  x9=0x00000064
       90285000	      8929	80006b44	6119	c.addi16sp	x2,384	  x2:0x00000061  x2=0x000001e1
       90295000	      8930	80006b46	015eef33	or	x30,x29,x21	 x29:0x00000588 x21:0x00000000 x30=0x00000588
       90305000	      8931	80006b4a	41dc05b3	sub	x11,x24,x29	 x24:0xfffffee4 x29:0x00000588 x11=0xfffff95c
       90315000	      8932	80006b4e	00392933	slt	x18,x18,x3	 x18:0x00000000  x3:0xfffffee4 x18=0x00000000
       90325000	      8933	80006b52	0000100f	fence.i	
       90715000	      8972	80006b56	0318c833	div	x16,x17,x17	 x17:0x1505f839 x17:0x1505f839 x16=0x00000001
       90725000	      8973	80006b5a	0252e663	bltu	x5,x5,80006b86	  x5:0x00000000  x5:0x00000000
       90735000	      8974	80006b5e	8f4d	c.or	x14,x11	 x14:0x80000001 x11:0xfffff95c x14=0xfffff95d
       90775000	      8978	80006b60	02221db3	mulh	x27,x4,x2	  x4:0x7ffda31b  x2:0x000001e1 x27=0x000000f0
       90785000	      8979	80006b64	00239813	slli	x16,x7,0x2	  x7:0x001fc07e x16=0x007f01f8
       90795000	      8980	80006b68	0001	c.addi	x0,0	  x0:0x00000000  x0=0x00000000
       90805000	      8981	80006b6a	02904863	blt	x0,x9,80006b9a	  x0:0x00000000  x9:0x00000064
       90835000	      8984	80006b9a	f94d0213	addi	x4,x26,-108	 x26:0xfffffe33  x4=0xfffffdc7
       90845000	      8985	80006b9e	41880f33	sub	x30,x16,x24	 x16:0x007f01f8 x24:0xfffffee4 x30=0x007f0314
       91215000	      9022	80006ba2	0381da33	divu	x20,x3,x24	  x3:0xfffffee4 x24:0xfffffee4 x20=0x00000001
       91225000	      9023	80006ba6	00119393	slli	x7,x3,0x1	  x3:0xfffffee4  x7=0xfffffdc8
       91235000	      9024	80006baa	8ccd	c.or	x9,x11	  x9:0x00000064 x11:0xfffff95c  x9=0xfffff97c
       91245000	      9025	80006bac	8171	c.srli	x10,0x1c	 x10:0x80000001 x10=0x00000008
       91255000	      9026	80006bae	e305	c.bnez	x14,80006bce	 x14:0xfffff95d
       91315000	      9032	80006bce	02662ab3	mulhsu	x21,x12,x6	 x12:0x80025ce4  x6:0x00000000 x21=0x00000000
       91325000	      9033	80006bd2	e199	c.bnez	x11,80006bd8	 x11:0xfffff95c
       91345000	      9035	80006bd8	037b9963	bne	x23,x23,80006c0a	 x23:0x00000019 x23:0x00000019
       91355000	      9036	80006bdc	137d	c.addi	x6,-1	  x6:0x00000000  x6=0xffffffff
       91375000	      9038	80006bde	032567b3	rem	x15,x10,x18	 x10:0x00000008 x18:0x00000000 x15=0x00000008
       91385000	      9039	80006be2	1a7d	c.addi	x20,-1	 x20:0x00000001 x20=0x00000000
       91395000	      9040	80006be4	0069a333	slt	x6,x19,x6	 x19:0x80000071  x6:0xffffffff  x6=0x00000001
       91405000	      9041	80006be8	8c9d	c.sub	x9,x15	  x9:0xfffff97c x15:0x00000008  x9=0xfffff974
       91415000	      9042	80006bea	0102bab3	sltu	x21,x5,x16	  x5:0x00000000 x16:0x007f01f8 x21=0x00000001
       91445000	      9045	80006bee	02510bb3	mul	x23,x2,x5	  x2:0x000001e1  x5:0x00000000 x23=0x00000000
       91455000	      9046	80006bf2	1f8c	c.addi4spn	x11,x2,1008	 x11=0x000005d1
       91465000	      9047	80006bf4	e8608093	addi	x1,x1,-378	  x1:0x0009f0ec  x1=0x0009ef72
       91475000	      9048	80006bf8	6b15	c.lui	x22,0x5	 x22=0x00005000
       91485000	      9049	80006bfa	00b39333	sll	x6,x7,x11	  x7:0xfffffdc8 x11:0x000005d1  x6=0xfb900000
       91495000	      9050	80006bfe	01129c93	slli	x25,x5,0x11	  x5:0x00000000 x25=0x00000000
       91505000	      9051	80006c02	0166f9b3	and	x19,x13,x22	 x13:0x000007ff x22:0x00005000 x19=0x00000000
       91515000	      9052	80006c06	8091	c.srli	x9,0x4	  x9:0xfffff974  x9=0x0fffff97
       91525000	      9053	80006c08	8d49	c.or	x10,x10	 x10:0x00000008 x10:0x00000008 x10=0x00000008
       91535000	      9054	80006c0a	010cbeb3	sltu	x29,x25,x16	 x25:0x00000000 x16:0x007f01f8 x29=0x00000001
       91905000	      9091	80006c0e	0235c1b3	div	x3,x11,x3	 x11:0x000005d1  x3:0xfffffee4  x3=0xfffffffb
       91915000	      9092	80006c12	8f29	c.xor	x14,x10	 x14:0xfffff95d x10:0x00000008 x14=0xfffff955
       91925000	      9093	80006c14	4091	c.li	x1,4	  x1=0x00000004
       92295000	      9130	80006c16	03b2c133	div	x2,x5,x27	  x5:0x00000000 x27:0x000000f0  x2=0x00000000
       92305000	      9131	80006c1a	40b85a33	sra	x20,x16,x11	 x16:0x007f01f8 x11:0x000005d1 x20=0x0000003f
       92315000	      9132	80006c1e	0001	c.addi	x0,0	  x0:0x00000000  x0=0x00000000
       92325000	      9133	80006c20	0114cdb3	xor	x27,x9,x17	  x9:0x0fffff97 x17:0x1505f839 x27=0x1afa07ae
       92335000	      9134	80006c24	01a19493	slli	x9,x3,0x1a	  x3:0xfffffffb  x9=0xec000000
       92345000	      9135	80006c28	02bf4363	blt	x30,x11,80006c4e	 x30:0x007f0314 x11:0x000005d1
       92355000	      9136	80006c2c	00bc4f63	blt	x24,x11,80006c4a	 x24:0xfffffee4 x11:0x000005d1
       92385000	      9139	80006c4a	7a65b293	sltiu	x5,x11,1958	 x11:0x000005d1  x5=0x00000001
       92395000	      9140	80006c4e	012e5793	srli	x15,x28,0x12	 x28:0x80021e64 x15=0x00002000
       92405000	      9141	80006c52	8ed5	c.or	x13,x13	 x13:0x000007ff x13:0x000007ff x13=0x000007ff
       92415000	      9142	80006c54	41f352b3	sra	x5,x6,x31	  x6:0xfb900000 x31:0x00000588  x5=0xfffb9000
       92425000	      9143	80006c58	0121beb3	sltu	x29,x3,x18	  x3:0xfffffffb x18:0x00000000 x29=0x00000000
       92435000	      9144	80006c5c	b22b58b7	lui	x17,0xb22b5	 x17=0xb22b5000
       92475000	      9148	80006c60	039e99b3	mulh	x19,x29,x25	 x29:0x00000000 x25:0x00000000 x19=0x00000000
       92485000	      9149	80006c64	03e14663	blt	x2,x30,80006c90	  x2:0x00000000 x30:0x007f0314
       92505000	      9151	80006c90	0ff0000f	fence	iorw,iorw	
       92515000	      9152	80006c94	0a1c	c.addi4spn	x15,x2,272	 x15=0x00000110
       92525000	      9153	80006c96	8a56	c.mv	x20,x21	  x0:0x00000000 x21:0x00000001 x20=0x00000001
       92535000	      9154	80006c98	86a1	c.srai	x13,0x8	 x13:0x000007ff x13=0x00000007
       92575000	      9158	80006c9a	02133533	mulhu	x10,x6,x1	  x6:0xfb900000  x1:0x00000004 x10=0x00000003
       92585000	      9159	80006c9e	0000100f	fence.i	
       92615000	      9162	80006ca2	005788b3	add	x17,x15,x5	 x15:0x00000110  x5:0xfffb9000 x17=0xfffb9110
       92625000	      9163	80006ca6	51fd	c.li	x3,-1	  x3=0xffffffff
       92995000	      9200	80006ca8	034e7233	remu	x4,x28,x20	 x28:0x80021e64 x20:0x00000001  x4=0x00000000
       93015000	      9202	80006cac	02246333	rem	x6,x8,x2	  x8:0x80000000  x2:0x00000000  x6=0x80000000
       93025000	      9203	80006cb0	587d	c.li	x16,-1	 x16=0xffffffff
       93035000	      9204	80006cb2	55fd	c.li	x11,-1	 x11=0xffffffff
       93045000	      9205	80006cb4	9dd2	c.add	x27,x20	 x27:0x1afa07ae x20:0x00000001 x27=0x1afa07af
       93055000	      9206	80006cb6	00d20d63	beq	x4,x13,80006cd0	  x4:0x00000000 x13:0x00000007
       93065000	      9207	80006cba	0068af33	slt	x30,x17,x6	 x17:0xfffb9110  x6:0x80000000 x30=0x00000000
       93075000	      9208	80006cbe	00851833	sll	x16,x10,x8	 x10:0x00000003  x8:0x80000000 x16=0x00000003
       93085000	      9209	80006cc2	8725	c.srai	x14,0x9	 x14:0xfffff955 x14=0xfffffffc
       93095000	      9210	80006cc4	00eb5db3	srl	x27,x22,x14	 x22:0x00005000 x14:0xfffffffc x27=0x00000000
       93105000	      9211	80006cc8	73292713	slti	x14,x18,1842	 x18:0x00000000 x14=0x00000001
       93115000	      9212	80006ccc	0ff0000f	fence	iorw,iorw	
       93125000	      9213	80006cd0	e28d	c.bnez	x13,80006cf2	 x13:0x00000007
       93145000	      9215	80006cf2	85b1	c.srai	x11,0xc	 x11:0xffffffff x11=0xffffffff
       93155000	      9216	80006cf4	0bfe	c.slli	x23,0x1f	 x23:0x00000000 x23=0x00000000
       93165000	      9217	80006cf6	e319	c.bnez	x14,80006cfc	 x14:0x00000001
       93185000	      9219	80006cfc	0ff0000f	fence	iorw,iorw	
       93195000	      9220	80006d00	b8c06013	ori	x0,x0,-1140	  x0:0x00000000  x0=0x00000000
       93205000	      9221	80006d04	0000100f	fence.i	
       93225000	      9223	80006d08	0000100f	fence.i	
       93245000	      9225	80006d0c	049c	c.addi4spn	x15,x2,576	 x15=0x00000240
       93255000	      9226	80006d0e	0a41	c.addi	x20,16	 x20:0x00000001 x20=0x00000011
       93265000	      9227	80006d10	00b75e63	bge	x14,x11,80006d2c	 x14:0x00000001 x11:0xffffffff
       93285000	      9229	80006d2c	f789fa13	andi	x20,x19,-136	 x19:0x00000000 x20=0x00000000
       93295000	      9230	80006d30	401ed0b3	sra	x1,x29,x1	 x29:0x00000000  x1:0x00000004  x1=0x00000000
       93325000	      9233	80006d34	03e685b3	mul	x11,x13,x30	 x13:0x00000007 x30:0x00000000 x11=0x00000000
       93335000	      9234	80006d38	717d	c.addi16sp	x2,-16	  x2:0x00000000  x2=0xfffffff0
       93345000	      9235	80006d3a	e4ff8493	addi	x9,x31,-433	 x31:0x00000588  x9=0x000003d7
       93355000	      9236	80006d3e	1414	c.addi4spn	x13,x2,544	 x13=0x00000210
       93365000	      9237	80006d40	0000100f	fence.i	
       93385000	      9239	80006d44	4103d033	sra	x0,x7,x16	  x7:0xfffffdc8 x16:0x00000003  x0=0x00000000
       93395000	      9240	80006d48	619d	c.lui	x3,0x7	  x3=0x00007000
       93405000	      9241	80006d4a	4f49	c.li	x30,18	 x30=0x00000012
       93415000	      9242	80006d4c	0001	c.addi	x0,0	  x0:0x00000000  x0=0x00000000
       93785000	      9279	80006d4e	03e97333	remu	x6,x18,x30	 x18:0x00000000 x30:0x00000012  x6=0x00000000
       93795000	      9280	80006d52	019945b3	xor	x11,x18,x25	 x18:0x00000000 x25:0x00000000 x11=0x00000000
       93805000	      9281	80006d56	0000100f	fence.i	
       93835000	      9284	80006d5a	0ff0000f	fence	iorw,iorw	
       93845000	      9285	80006d5e	00f6f033	and	x0,x13,x15	 x13:0x00000210 x15:0x00000240  x0=0x00000000
       93865000	      9287	80006d62	03d15fb3	divu	x31,x2,x29	  x2:0xfffffff0 x29:0x00000000 x31=0xffffffff
       93875000	      9288	80006d66	930e	c.add	x6,x3	  x6:0x00000000  x3:0x00007000  x6=0x00007000
       93885000	      9289	80006d68	8fd1	c.or	x15,x12	 x15:0x00000240 x12:0x80025ce4 x15=0x80025ee4
       93895000	      9290	80006d6a	00909393	slli	x7,x1,0x9	  x1:0x00000000  x7=0x00000000
       93935000	      9294	80006d6e	03742133	mulhsu	x2,x8,x23	  x8:0x80000000 x23:0x00000000  x2=0x00000000
       93945000	      9295	80006d72	98fd	c.andi	x9,-1	  x9:0x000003d7  x9=0x000003d7
       93955000	      9296	80006d74	8be1	c.andi	x15,24	 x15:0x80025ee4 x15=0x00000000
       93965000	      9297	80006d76	0068c263	blt	x17,x6,80006d7a	 x17:0xfffb9110  x6:0x00007000
       93985000	      9299	80006d7a	ef0d	c.bnez	x14,80006db4	 x14:0x00000001
       94365000	      9337	80006db4	03f27533	remu	x10,x4,x31	  x4:0x00000000 x31:0xffffffff x10=0x00000000
       94375000	      9338	80006db8	4a61	c.li	x20,24	 x20=0x00000018
       94385000	      9339	80006dba	01825363	bge	x4,x24,80006dc0	  x4:0x00000000 x24:0xfffffee4
       94765000	      9377	80006dc0	031fc733	div	x14,x31,x17	 x31:0xffffffff x17:0xfffb9110 x14=0x00000000
       94775000	      9378	80006dc4	8bf9	c.andi	x15,30	 x15:0x00000000 x15=0x00000000
       94785000	      9379	80006dc6	0000100f	fence.i	
       94805000	      9381	80006dca	0001	c.addi	x0,0	  x0:0x00000000  x0=0x00000000
       94815000	      9382	80006dcc	03aaff63	bgeu	x21,x26,80006e0a	 x21:0x00000001 x26:0xfffffe33
       94825000	      9383	80006dd0	00d0ff33	and	x30,x1,x13	  x1:0x00000000 x13:0x00000210 x30=0x00000000
       95195000	      9420	80006dd4	025544b3	div	x9,x10,x5	 x10:0x00000000  x5:0xfffb9000  x9=0x00000000
       95565000	      9457	80006dd8	02396eb3	rem	x29,x18,x3	 x18:0x00000000  x3:0x00007000 x29=0x00000000
       95605000	      9461	80006ddc	037f3233	mulhu	x4,x30,x23	 x30:0x00000000 x23:0x00000000  x4=0x00000000
       95615000	      9462	80006de0	6149	c.addi16sp	x2,144	  x2:0x00000000  x2=0x00000090
       95625000	      9463	80006de2	03f26f63	bltu	x4,x31,80006e20	  x4:0x00000000 x31:0xffffffff
       95645000	      9465	80006e20	80faa917	auipc	x18,0x80faa	 x18=0x00fb0e20
       95685000	      9469	80006e24	039c1b33	mulh	x22,x24,x25	 x24:0xfffffee4 x25:0x00000000 x22=0x00000000
       95695000	      9470	80006e28	01417c33	and	x24,x2,x20	  x2:0x00000090 x20:0x00000018 x24=0x00000010
       95705000	      9471	80006e2c	955a	c.add	x10,x22	 x10:0x00000000 x22:0x00000000 x10=0x00000000
       95715000	      9472	80006e2e	e595	c.bnez	x11,80006e5a	 x11:0x00000000
       95725000	      9473	80006e30	4d954a93	xori	x21,x10,1241	 x10:0x00000000 x21=0x000004d9
       95735000	      9474	80006e34	61e1	c.lui	x3,0x18	  x3=0x00018000
       95765000	      9477	80006e36	02fc0cb3	mul	x25,x24,x15	 x24:0x00000010 x15:0x00000000 x25=0x00000000
       95775000	      9478	80006e3a	02d6e463	bltu	x13,x13,80006e62	 x13:0x00000210 x13:0x00000210
       95785000	      9479	80006e3e	5a37bc13	sltiu	x24,x15,1443	 x15:0x00000000 x24=0x00000001
       95795000	      9480	80006e42	01ab8cb3	add	x25,x23,x26	 x23:0x00000000 x26:0xfffffe33 x25=0xfffffe33
       95805000	      9481	80006e46	85f9	c.srai	x11,0x1e	 x11:0x00000000 x11=0x00000000
       95815000	      9482	80006e48	002531b3	sltu	x3,x10,x2	 x10:0x00000000  x2:0x00000090  x3=0x00000001
       95825000	      9483	80006e4c	416950b3	sra	x1,x18,x22	 x18:0x00fb0e20 x22:0x00000000  x1=0x00fb0e20
       95835000	      9484	80006e50	01d951b3	srl	x3,x18,x29	 x18:0x00fb0e20 x29:0x00000000  x3=0x00fb0e20
       95845000	      9485	80006e54	8d95	c.sub	x11,x13	 x11:0x00000000 x13:0x00000210 x11=0xfffffdf0
       95855000	      9486	80006e56	40705193	srai	x3,x0,0x7	  x0:0x00000000  x3=0x00000000
       95865000	      9487	80006e5a	05bc1263	bne	x24,x27,80006e9e	 x24:0x00000001 x27:0x00000000
       95885000	      9489	80006e9e	8111	c.srli	x10,0x4	 x10:0x00000000 x10=0x00000000
       95895000	      9490	80006ea0	41ee8d33	sub	x26,x29,x30	 x29:0x00000000 x30:0x00000000 x26=0x00000000
       95905000	      9491	80006ea4	8bfa	c.mv	x23,x30	  x0:0x00000000 x30:0x00000000 x23=0x00000000
       95915000	      9492	80006ea6	8f75	c.and	x14,x13	 x14:0x00000000 x13:0x00000210 x14=0x00000000
       95925000	      9493	80006ea8	6489	c.lui	x9,0x2	  x9=0x00002000
       95935000	      9494	80006eaa	01a01c63	bne	x0,x26,80006ec2	  x0:0x00000000 x26:0x00000000
       95945000	      9495	80006eae	40a95113	srai	x2,x18,0xa	 x18:0x00fb0e20  x2=0x00003ec3
       95955000	      9496	80006eb2	0b2e	c.slli	x22,0xb	 x22:0x00000000 x22=0x00000000
       95965000	      9497	80006eb4	01484fb3	xor	x31,x16,x20	 x16:0x00000003 x20:0x00000018 x31=0x0000001b
       95975000	      9498	80006eb8	01c5	c.addi	x3,17	  x3:0x00000000  x3=0x00000011
       95985000	      9499	80006eba	01435cb3	srl	x25,x6,x20	  x6:0x00007000 x20:0x00000018 x25=0x00000000
       95995000	      9500	80006ebe	0089cf63	blt	x19,x8,80006edc	 x19:0x00000000  x8:0x80000000
       96005000	      9501	80006ec2	0001	c.addi	x0,0	  x0:0x00000000  x0=0x00000000
       96015000	      9502	80006ec4	0ff0000f	fence	iorw,iorw	
       96055000	      9506	80006ec8	036d33b3	mulhu	x7,x26,x22	 x26:0x00000000 x22:0x00000000  x7=0x00000000
       96065000	      9507	80006ecc	abf40493	addi	x9,x8,-1345	  x8:0x80000000  x9=0x7ffffabf
       96075000	      9508	80006ed0	053a	c.slli	x10,0xe	 x10:0x00000000 x10=0x00000000
       96085000	      9509	80006ed2	0141f263	bgeu	x3,x20,80006ed6	  x3:0x00000011 x20:0x00000018
       96095000	      9510	80006ed6	01da8863	beq	x21,x29,80006ee6	 x21:0x000004d9 x29:0x00000000
       96105000	      9511	80006eda	63b1	c.lui	x7,0xc	  x7=0x0000c000
       96115000	      9512	80006edc	99fd	c.andi	x11,-1	 x11:0xfffffdf0 x11=0xfffffdf0
       96135000	      9514	80006ede	03b86b33	rem	x22,x16,x27	 x16:0x00000003 x27:0x00000000 x22=0x00000003
       96145000	      9515	80006ee2	416583b3	sub	x7,x11,x22	 x11:0xfffffdf0 x22:0x00000003  x7=0xfffffded
       96155000	      9516	80006ee6	88c5	c.andi	x9,17	  x9:0x7ffffabf  x9=0x00000011
       96165000	      9517	80006ee8	8981	c.andi	x11,0	 x11:0xfffffdf0 x11=0x00000000
       96175000	      9518	80006eea	0029eb33	or	x22,x19,x2	 x19:0x00000000  x2:0x00003ec3 x22=0x00003ec3
       96185000	      9519	80006eee	0001	c.addi	x0,0	  x0:0x00000000  x0=0x00000000
       96195000	      9520	80006ef0	009633b3	sltu	x7,x12,x9	 x12:0x80025ce4  x9:0x00000011  x7=0x00000000
       96205000	      9521	80006ef4	8bc9	c.andi	x15,18	 x15:0x00000000 x15=0x00000000
       96215000	      9522	80006ef6	f51efa17	auipc	x20,0xf51ef	 x20=0x751f5ef6
       96225000	      9523	80006efa	38333897	auipc	x17,0x38333	 x17=0xb8339efa
       96265000	      9527	80006efe	0289bab3	mulhu	x21,x19,x8	 x19:0x00000000  x8:0x80000000 x21=0x00000000
       96275000	      9528	80006f02	615d	c.addi16sp	x2,432	  x2:0x00003ec3  x2=0x00004073
       96285000	      9529	80006f04	0194d793	srli	x15,x9,0x19	  x9:0x00000011 x15=0x00000000
       96295000	      9530	80006f08	127d	c.addi	x4,-1	  x4:0x00000000  x4=0xffffffff
       96305000	      9531	80006f0a	03f2	c.slli	x7,0x1c	  x7:0x00000000  x7=0x00000000
       96315000	      9532	80006f0c	41105133	sra	x2,x0,x17	  x0:0x00000000 x17:0xb8339efa  x2=0x00000000
       96325000	      9533	80006f10	011d6263	bltu	x26,x17,80006f14	 x26:0x00000000 x17:0xb8339efa
       96345000	      9535	80006f14	8ca5	c.xor	x9,x9	  x9:0x00000011  x9:0x00000011  x9=0x00000000
       96355000	      9536	80006f16	001fceb3	xor	x29,x31,x1	 x31:0x0000001b  x1:0x00fb0e20 x29=0x00fb0e3b
       96365000	      9537	80006f1a	010eebb3	or	x23,x29,x16	 x29:0x00fb0e3b x16:0x00000003 x23=0x00fb0e3b
       96375000	      9538	80006f1e	9cde	c.add	x25,x23	 x25:0x00000000 x23:0x00fb0e3b x25=0x00fb0e3b
       96415000	      9542	80006f20	03e82833	mulhsu	x16,x16,x30	 x16:0x00000003 x30:0x00000000 x16=0x00000000
       96425000	      9543	80006f24	0a2b2813	slti	x16,x22,162	 x22:0x00003ec3 x16=0x00000000
       96435000	      9544	80006f28	28ab9fb7	lui	x31,0x28ab9	 x31=0x28ab9000
       96445000	      9545	80006f2c	015b1d33	sll	x26,x22,x21	 x22:0x00003ec3 x21:0x00000000 x26=0x00003ec3
       96455000	      9546	80006f30	40d4d013	srai	x0,x9,0xd	  x9:0x00000000  x0=0x00000000
       96465000	      9547	80006f34	0176d563	bge	x13,x23,80006f3e	 x13:0x00000210 x23:0x00fb0e3b
       96475000	      9548	80006f38	63d1	c.lui	x7,0x14	  x7=0x00014000
       96485000	      9549	80006f3a	006d7733	and	x14,x26,x6	 x26:0x00003ec3  x6:0x00007000 x14=0x00003000
       96495000	      9550	80006f3e	00ae0033	add	x0,x28,x10	 x28:0x80021e64 x10:0x00000000  x0=0x00000000
       96505000	      9551	80006f42	01fd8933	add	x18,x27,x31	 x27:0x00000000 x31:0x28ab9000 x18=0x28ab9000
       96515000	      9552	80006f46	017fce63	blt	x31,x23,80006f62	 x31:0x28ab9000 x23:0x00fb0e3b
       96525000	      9553	80006f4a	079c	c.addi4spn	x15,x2,960	 x15=0x000003c0
       96535000	      9554	80006f4c	8fa9	c.xor	x15,x10	 x15:0x000003c0 x10:0x00000000 x15=0x000003c0
       96545000	      9555	80006f4e	048c	c.addi4spn	x11,x2,576	 x11=0x00000240
       96555000	      9556	80006f50	717d	c.addi16sp	x2,-16	  x2:0x00000000  x2=0xfffffff0
       96565000	      9557	80006f52	01a649b3	xor	x19,x12,x26	 x12:0x80025ce4 x26:0x00003ec3 x19=0x80026227
       96575000	      9558	80006f56	8abd	c.andi	x13,15	 x13:0x00000210 x13=0x00000000
       96585000	      9559	80006f58	e2b1	c.bnez	x13,80006f9c	 x13:0x00000000
       96595000	      9560	80006f5a	41bb5233	sra	x4,x22,x27	 x22:0x00003ec3 x27:0x00000000  x4=0x00003ec3
       96605000	      9561	80006f5e	1218	c.addi4spn	x14,x2,288	 x14=0x00000110
       96615000	      9562	80006f60	0001	c.addi	x0,0	  x0:0x00000000  x0=0x00000000
       96625000	      9563	80006f62	6dfd	c.lui	x27,0x1f	 x27=0x0001f000
       96635000	      9564	80006f64	416256b3	sra	x13,x4,x22	  x4:0x00003ec3 x22:0x00003ec3 x13=0x000007d8
       96645000	      9565	80006f68	e8caf013	andi	x0,x21,-372	 x21:0x00000000  x0=0x00000000
       96655000	      9566	80006f6c	01b710b3	sll	x1,x14,x27	 x14:0x00000110 x27:0x0001f000  x1=0x00000110
       96665000	      9567	80006f70	02f8d863	bge	x17,x15,80006fa0	 x17:0xb8339efa x15:0x000003c0
       96675000	      9568	80006f74	9afe	c.add	x21,x31	 x21:0x00000000 x31:0x28ab9000 x21=0x28ab9000
       96685000	      9569	80006f76	07ea4837	lui	x16,0x7ea4	 x16=0x07ea4000
       96695000	      9570	80006f7a	32ab8193	addi	x3,x23,810	 x23:0x00fb0e3b  x3=0x00fb1165
       96705000	      9571	80006f7e	0006d463	bge	x13,x0,80006f86	 x13:0x000007d8  x0:0x00000000
       96735000	      9574	80006f86	44f0f913	andi	x18,x1,1103	  x1:0x00000110 x18=0x00000000
       96745000	      9575	80006f8a	15f1d817	auipc	x16,0x15f1d	 x16=0x95f23f8a
       96755000	      9576	80006f8e	03dcf363	bgeu	x25,x29,80006fb4	 x25:0x00fb0e3b x29:0x00fb0e3b
       96775000	      9578	80006fb4	869d	c.srai	x13,0x7	 x13:0x000007d8 x13=0x0000000f
       96785000	      9579	80006fb6	0c88	c.addi4spn	x10,x2,592	 x10=0x00000240
       96795000	      9580	80006fb8	c18d	c.beqz	x11,80006fda	 x11:0x00000240
       96805000	      9581	80006fba	ed11	c.bnez	x10,80006fd6	 x10:0x00000240
       96835000	      9584	80006fd6	41d2d593	srai	x11,x5,0x1d	  x5:0xfffb9000 x11=0xffffffff
       96845000	      9585	80006fda	717d	c.addi16sp	x2,-16	  x2:0xfffffff0  x2=0xffffffe0
       96855000	      9586	80006fdc	473aca93	xori	x21,x21,1139	 x21:0x28ab9000 x21=0x28ab9473
       96865000	      9587	80006fe0	140c	c.addi4spn	x11,x2,544	 x11=0x00000200
       97235000	      9624	80006fe2	03314833	div	x16,x2,x19	  x2:0xffffffe0 x19:0x80026227 x16=0x00000000
       97245000	      9625	80006fe6	8f91	c.sub	x15,x12	 x15:0x000003c0 x12:0x80025ce4 x15=0x7ffda6dc
       97255000	      9626	80006fe8	081d	c.addi	x16,7	 x16:0x00000000 x16=0x00000007
       97295000	      9630	80006fea	02942133	mulhsu	x2,x8,x9	  x8:0x80000000  x9:0x00000000  x2=0x00000000
       97305000	      9631	80006fee	c501	c.beqz	x10,80006ff6	 x10:0x00000240
       97315000	      9632	80006ff0	9afd	c.andi	x13,-1	 x13:0x0000000f x13=0x0000000f
       97325000	      9633	80006ff2	a027abb7	lui	x23,0xa027a	 x23=0xa027a000
       97335000	      9634	80006ff6	0d98	c.addi4spn	x14,x2,720	 x14=0x000002d0
       97705000	      9671	80006ff8	038be5b3	rem	x11,x23,x24	 x23:0xa027a000 x24:0x00000001 x11=0x00000000
       97725000	      9673	80006ffc	020aeeb3	rem	x29,x21,x0	 x21:0x28ab9473  x0:0x00000000 x29=0x28ab9473
       97735000	      9674	80007000	89ad	c.andi	x11,11	 x11:0x00000000 x11=0x00000000
       97745000	      9675	80007002	d5869737	lui	x14,0xd5869	 x14=0xd5869000
       97755000	      9676	80007006	88e6	c.mv	x17,x25	  x0:0x00000000 x25:0x00fb0e3b x17=0x00fb0e3b
       97795000	      9680	80007008	022ea8b3	mulhsu	x17,x29,x2	 x29:0x28ab9473  x2:0x00000000 x17=0x00000000
       98165000	      9717	8000700c	038043b3	div	x7,x0,x24	  x0:0x00000000 x24:0x00000001  x7=0x00000000
       98175000	      9718	80007010	c319	c.beqz	x14,80007016	 x14:0xd5869000
       98185000	      9719	80007012	03b2cd63	blt	x5,x27,8000704c	  x5:0xfffb9000 x27:0x0001f000
       98205000	      9721	8000704c	0117aab3	slt	x21,x15,x17	 x15:0x7ffda6dc x17:0x00000000 x21=0x00000000
       98245000	      9725	80007050	02323133	mulhu	x2,x4,x3	  x4:0x00003ec3  x3:0x00fb1165  x2=0x0000003d
       98255000	      9726	80007054	5a6e7d13	andi	x26,x28,1446	 x28:0x80021e64 x26=0x00000424
       98265000	      9727	80007058	80a1	c.srli	x9,0x8	  x9:0x00000000  x9=0x00000000
       98275000	      9728	8000705a	6b19	c.lui	x22,0x6	 x22=0x00006000
       98285000	      9729	8000705c	0001	c.addi	x0,0	  x0:0x00000000  x0=0x00000000
       98295000	      9730	8000705e	00743133	sltu	x2,x8,x7	  x8:0x80000000  x7:0x00000000  x2=0x00000000
       98305000	      9731	80007062	4c75	c.li	x24,29	 x24=0x0000001d
       98315000	      9732	80007064	020e8c63	beq	x29,x0,8000709c	 x29:0x28ab9473  x0:0x00000000
       98325000	      9733	80007068	01b12d33	slt	x26,x2,x27	  x2:0x00000000 x27:0x0001f000 x26=0x00000001
       98335000	      9734	8000706c	0001	c.addi	x0,0	  x0:0x00000000  x0=0x00000000
       98345000	      9735	8000706e	54fd	c.li	x9,-1	  x9=0xffffffff
       98355000	      9736	80007070	6151	c.addi16sp	x2,272	  x2:0x00000000  x2=0x00000110
       98365000	      9737	80007072	97b62793	slti	x15,x12,-1669	 x12:0x80025ce4 x15=0x00000001
       98735000	      9774	80007076	03677733	remu	x14,x14,x22	 x14:0xd5869000 x22:0x00006000 x14=0x00005000
       98745000	      9775	8000707a	d2c12c93	slti	x25,x2,-724	  x2:0x00000110 x25=0x00000000
       98755000	      9776	8000707e	019ba233	slt	x4,x23,x25	 x23:0xa027a000 x25:0x00000000  x4=0x00000001
       98765000	      9777	80007082	02490b63	beq	x18,x4,800070b8	 x18:0x00000000  x4:0x00000001
       98775000	      9778	80007086	41875a33	sra	x20,x14,x24	 x14:0x00005000 x24:0x0000001d x20=0x00000000
       99145000	      9815	8000708a	0237e5b3	rem	x11,x15,x3	 x15:0x00000001  x3:0x00fb1165 x11=0x00000001
       99155000	      9816	8000708e	01a5c9b3	xor	x19,x11,x26	 x11:0x00000001 x26:0x00000001 x19=0x00000000
       99165000	      9817	80007092	fe110893	addi	x17,x2,-31	  x2:0x00000110 x17=0x000000f1
       99175000	      9818	80007096	8e91	c.sub	x13,x12	 x13:0x0000000f x12:0x80025ce4 x13=0x7ffda32b
       99185000	      9819	80007098	00bed893	srli	x17,x29,0xb	 x29:0x28ab9473 x17=0x00051572
       99195000	      9820	8000709c	86e1	c.srai	x13,0x18	 x13:0x7ffda32b x13=0x0000007f
       99205000	      9821	8000709e	1c8c	c.addi4spn	x11,x2,624	 x11=0x00000380
       99215000	      9822	800070a0	0001	c.addi	x0,0	  x0:0x00000000  x0=0x00000000
       99225000	      9823	800070a2	88da	c.mv	x17,x22	  x0:0x00000000 x22:0x00006000 x17=0x00006000
       99235000	      9824	800070a4	00755593	srli	x11,x10,0x7	 x10:0x00000240 x11=0x00000004
       99245000	      9825	800070a8	017edf13	srli	x30,x29,0x17	 x29:0x28ab9473 x30=0x00000051
       99255000	      9826	800070ac	0cde	c.slli	x25,0x17	 x25:0x00000000 x25=0x00000000
       99265000	      9827	800070ae	b2d18013	addi	x0,x3,-1235	  x3:0x00fb1165  x0=0x00000000
       99275000	      9828	800070b2	3367cf13	xori	x30,x15,822	 x15:0x00000001 x30=0x00000337
       99285000	      9829	800070b6	8b59	c.andi	x14,22	 x14:0x00005000 x14=0x00000000
       99295000	      9830	800070b8	b9e4b393	sltiu	x7,x9,-1122	  x9:0xffffffff  x7=0x00000000
       99305000	      9831	800070bc	9ff9d697	auipc	x13,0x9ff9d	 x13=0x1ffa40bc
       99315000	      9832	800070c0	01789a13	slli	x20,x17,0x17	 x17:0x00006000 x20=0x00000000
       99325000	      9833	800070c4	0001	c.addi	x0,0	  x0:0x00000000  x0=0x00000000
       99335000	      9834	800070c6	0182db93	srli	x23,x5,0x18	  x5:0xfffb9000 x23=0x000000ff
       99345000	      9835	800070ca	54fd	c.li	x9,-1	  x9=0xffffffff
       99715000	      9872	800070cc	0293cf33	div	x30,x7,x9	  x7:0x00000000  x9:0xffffffff x30=0x00000000
       99725000	      9873	800070d0	86c9	c.srai	x13,0x12	 x13:0x1ffa40bc x13=0x000007fe
       99735000	      9874	800070d2	717d	c.addi16sp	x2,-16	  x2:0x00000110  x2=0x00000100
       99745000	      9875	800070d4	01013db3	sltu	x27,x2,x16	  x2:0x00000100 x16:0x00000007 x27=0x00000000
       99755000	      9876	800070d8	0039e7b3	or	x15,x19,x3	 x19:0x00000000  x3:0x00fb1165 x15=0x00fb1165
       99775000	      9878	800070dc	03255c33	divu	x24,x10,x18	 x10:0x00000240 x18:0x00000000 x24=0xffffffff
       99805000	      9881	800070e0	02988b33	mul	x22,x17,x9	 x17:0x00006000  x9:0xffffffff x22=0xffffa000
       99815000	      9882	800070e4	0001	c.addi	x0,0	  x0:0x00000000  x0=0x00000000
       99825000	      9883	800070e6	0232	c.slli	x4,0xc	  x4:0x00000001  x4=0x00001000
       99835000	      9884	800070e8	8bf1	c.andi	x15,28	 x15:0x00fb1165 x15=0x00000004
       99845000	      9885	800070ea	407952b3	sra	x5,x18,x7	 x18:0x00000000  x7:0x00000000  x5=0x00000000
       99855000	      9886	800070ee	011ca6b3	slt	x13,x25,x17	 x25:0x00000000 x17:0x00006000 x13=0x00000001
       99865000	      9887	800070f2	008f5c33	srl	x24,x30,x8	 x30:0x00000000  x8:0x80000000 x24=0x00000000
       99875000	      9888	800070f6	527d	c.li	x4,-1	  x4=0xffffffff
       99885000	      9889	800070f8	c1b1	c.beqz	x11,8000713c	 x11:0x00000004
       99895000	      9890	800070fa	00cf1a13	slli	x20,x30,0xc	 x30:0x00000000 x20=0x00000000
       99915000	      9892	800070fe	02eee533	rem	x10,x29,x14	 x29:0x28ab9473 x14:0x00000000 x10=0x28ab9473
       99925000	      9893	80007102	2f193ab7	lui	x21,0x2f193	 x21=0x2f193000
       99935000	      9894	80007106	8683e893	ori	x17,x7,-1944	  x7:0x00000000 x17=0xfffff868
       99945000	      9895	8000710a	1a1a2293	slti	x5,x20,417	 x20:0x00000000  x5=0x00000001
       99975000	      9898	8000710e	02ca0f33	mul	x30,x20,x12	 x20:0x00000000 x12:0x80025ce4 x30=0x00000000
       99985000	      9899	80007112	0001	c.addi	x0,0	  x0:0x00000000  x0=0x00000000
       99995000	      9900	80007114	e88d	c.bnez	x9,80007146	  x9:0xffffffff
      100015000	      9902	80007146	0f14	c.addi4spn	x13,x2,912	 x13=0x00000490
      100025000	      9903	80007148	016da3b3	slt	x7,x27,x22	 x27:0x00000000 x22:0xffffa000  x7=0x00000000
      100035000	      9904	8000714c	e7cee513	ori	x10,x29,-388	 x29:0x28ab9473 x10=0xfffffe7f
      100045000	      9905	80007150	01dad313	srli	x6,x21,0x1d	 x21:0x2f193000  x6=0x00000001
      100055000	      9906	80007154	8f79	c.and	x14,x14	 x14:0x00000000 x14:0x00000000 x14=0x00000000
      100065000	      9907	80007156	611d	c.addi16sp	x2,416	  x2:0x00000100  x2=0x000002a0
      100075000	      9908	80007158	01b41293	slli	x5,x8,0x1b	  x8:0x80000000  x5=0x00000000
      100085000	      9909	8000715c	40362313	slti	x6,x12,1027	 x12:0x80025ce4  x6=0x00000001
      100095000	      9910	80007160	41955c93	srai	x25,x10,0x19	 x10:0xfffffe7f x25=0xffffffff
      100105000	      9911	80007164	fa3aa593	slti	x11,x21,-93	 x21:0x2f193000 x11=0x00000000
      100115000	      9912	80007168	23a07f93	andi	x31,x0,570	  x0:0x00000000 x31=0x00000000
      100125000	      9913	8000716c	41d4d033	sra	x0,x9,x29	  x9:0xffffffff x29:0x28ab9473  x0=0x00000000
      100135000	      9914	80007170	81c1	c.srli	x11,0x10	 x11:0x00000000 x11=0x00000000
      100505000	      9951	80007172	0313d933	divu	x18,x7,x17	  x7:0x00000000 x17:0xfffff868 x18=0x00000000
      100515000	      9952	80007176	03354763	blt	x10,x19,800071a4	 x10:0xfffffe7f x19:0x00000000
      100545000	      9955	800071a4	027c7db3	remu	x27,x24,x7	 x24:0x00000000  x7:0x00000000 x27=0x00000000
      100555000	      9956	800071a8	01da42b3	xor	x5,x20,x29	 x20:0x00000000 x29:0x28ab9473  x5=0x28ab9473
      100565000	      9957	800071ac	8f7d	c.and	x14,x15	 x14:0x00000000 x15:0x00000004 x14=0x00000000
      100575000	      9958	800071ae	a4f64313	xori	x6,x12,-1457	 x12:0x80025ce4  x6=0x7ffda6ab
      100585000	      9959	800071b2	86ad	c.srai	x13,0xb	 x13:0x00000490 x13=0x00000000
      100595000	      9960	800071b4	00c39fb3	sll	x31,x7,x12	  x7:0x00000000 x12:0x80025ce4 x31=0x00000000
      100605000	      9961	800071b8	9bfd	c.andi	x15,-1	 x15:0x00000004 x15=0x00000004
      100615000	      9962	800071ba	8ec5	c.or	x13,x9	 x13:0x00000000  x9:0xffffffff x13=0xffffffff
      100625000	      9963	800071bc	c505	c.beqz	x10,800071e4	 x10:0xfffffe7f
      100635000	      9964	800071be	0f94	c.addi4spn	x13,x2,976	 x13=0x00000670
      100645000	      9965	800071c0	4885	c.li	x17,1	 x17=0x00000001
      100655000	      9966	800071c2	6a2e7693	andi	x13,x28,1698	 x28:0x80021e64 x13=0x00000620
      100665000	      9967	800071c6	01839c13	slli	x24,x7,0x18	  x7:0x00000000 x24=0x00000000
      100675000	      9968	800071ca	01c73f33	sltu	x30,x14,x28	 x14:0x00000000 x28:0x80021e64 x30=0x00000001
      100685000	      9969	800071ce	40d70193	addi	x3,x14,1037	 x14:0x00000000  x3=0x0000040d
      100695000	      9970	800071d2	851e	c.mv	x10,x7	  x0:0x00000000  x7:0x00000000 x10=0x00000000
      100705000	      9971	800071d4	03aa4263	blt	x20,x26,800071f8	 x20:0x00000000 x26:0x00000001
      100725000	      9973	800071f8	01d31a13	slli	x20,x6,0x1d	  x6:0x7ffda6ab x20=0x60000000
      100735000	      9974	800071fc	01339e93	slli	x29,x7,0x13	  x7:0x00000000 x29=0x00000000
      100775000	      9978	80007200	023d9933	mulh	x18,x27,x3	 x27:0x00000000  x3:0x0000040d x18=0x00000000
      100785000	      9979	80007204	60f24513	xori	x10,x4,1551	  x4:0xffffffff x10=0xfffff9f0
      100795000	      9980	80007208	0ff0000f	fence	iorw,iorw	
      100835000	      9984	8000720c	02333bb3	mulhu	x23,x6,x3	  x6:0x7ffda6ab  x3:0x0000040d x23=0x00000206
      100845000	      9985	80007210	014c1213	slli	x4,x24,0x14	 x24:0x00000000  x4=0x00000000
      100855000	      9986	80007214	879d	c.srai	x15,0x7	 x15:0x00000004 x15=0x00000000
      100865000	      9987	80007216	00953bb3	sltu	x23,x10,x9	 x10:0xfffff9f0  x9:0xffffffff x23=0x00000001
      100875000	      9988	8000721a	8fb5	c.xor	x15,x13	 x15:0x00000000 x13:0x00000620 x15=0x00000620
      100885000	      9989	8000721c	0363e563	bltu	x7,x22,80007246	  x7:0x00000000 x22:0xffffa000
      100915000	      9992	80007246	01885833	srl	x16,x16,x24	 x16:0x00000007 x24:0x00000000 x16=0x00000007
      100925000	      9993	8000724a	96b6	c.add	x13,x13	 x13:0x00000620 x13:0x00000620 x13=0x00000c40
      100935000	      9994	8000724c	1e14	c.addi4spn	x13,x2,816	 x13=0x000005d0
      100945000	      9995	8000724e	8171	c.srli	x10,0x1c	 x10:0xfffff9f0 x10=0x0000000f
      100955000	      9996	80007250	017d43b3	xor	x7,x26,x23	 x26:0x00000001 x23:0x00000001  x7=0x00000000
      100965000	      9997	80007254	4e1c4b13	xori	x22,x24,1249	 x24:0x00000000 x22=0x000004e1
      100975000	      9998	80007258	01858733	add	x14,x11,x24	 x11:0x00000000 x24:0x00000000 x14=0x00000000
      100985000	      9999	8000725c	40685b13	srai	x22,x16,0x6	 x16:0x00000007 x22=0x00000000
      101005000	     10001	80007260	03f5f533	remu	x10,x11,x31	 x11:0x00000000 x31:0x00000000 x10=0x00000000
      101015000	     10002	80007264	00e7f133	and	x2,x15,x14	 x15:0x00000620 x14:0x00000000  x2=0x00000000
      101385000	     10039	80007268	03474533	div	x10,x14,x20	 x14:0x00000000 x20:0x60000000 x10=0x00000000
      101395000	     10040	8000726c	0001	c.addi	x0,0	  x0:0x00000000  x0=0x00000000
      101405000	     10041	8000726e	05ac6163	bltu	x24,x26,800072b0	 x24:0x00000000 x26:0x00000001
      101425000	     10043	800072b0	eb01	c.bnez	x14,800072c0	 x14:0x00000000
      101455000	     10046	800072b2	027b07b3	mul	x15,x22,x7	 x22:0x00000000  x7:0x00000000 x15=0x00000000
      101475000	     10048	800072b6	024b7033	remu	x0,x22,x4	 x22:0x00000000  x4:0x00000000  x0=0x00000000
      101485000	     10049	800072ba	27fdef93	ori	x31,x27,639	 x27:0x00000000 x31=0x0000027f
      101495000	     10050	800072be	81b1	c.srli	x11,0xc	 x11:0x00000000 x11=0x00000000
      101515000	     10052	800072c0	0383da33	divu	x20,x7,x24	  x7:0x00000000 x24:0x00000000 x20=0xffffffff
      101525000	     10053	800072c4	83ad	c.srli	x15,0xb	 x15:0x00000000 x15=0x00000000
      101535000	     10054	800072c6	40cfd493	srai	x9,x31,0xc	 x31:0x0000027f  x9=0x00000000
      101545000	     10055	800072ca	86b2	c.mv	x13,x12	  x0:0x00000000 x12:0x80025ce4 x13=0x80025ce4
      101555000	     10056	800072cc	04a79163	bne	x15,x10,8000730e	 x15:0x00000000 x10:0x00000000
      101565000	     10057	800072d0	00f89093	slli	x1,x17,0xf	 x17:0x00000001  x1=0x00008000
      101575000	     10058	800072d4	000e9d13	slli	x26,x29,0x0	 x29:0x00000000 x26=0x00000000
      101585000	     10059	800072d8	096e	c.slli	x18,0x1b	 x18:0x00000000 x18=0x00000000
      101595000	     10060	800072da	00701493	slli	x9,x0,0x7	  x0:0x00000000  x9=0x00000000
      101605000	     10061	800072de	63c9	c.lui	x7,0x12	  x7=0x00012000
      101615000	     10062	800072e0	01cedb93	srli	x23,x29,0x1c	 x29:0x00000000 x23=0x00000000
      101625000	     10063	800072e4	2c80c713	xori	x14,x1,712	  x1:0x00008000 x14=0x000082c8
      101635000	     10064	800072e8	eb09	c.bnez	x14,800072fa	 x14:0x000082c8
      101665000	     10067	800072fa	01a36b33	or	x22,x6,x26	  x6:0x7ffda6ab x26:0x00000000 x22=0x7ffda6ab
      101675000	     10068	800072fe	0001	c.addi	x0,0	  x0:0x00000000  x0=0x00000000
      101685000	     10069	80007300	00095193	srli	x3,x18,0x0	 x18:0x00000000  x3=0x00000000
      101695000	     10070	80007304	0001	c.addi	x0,0	  x0:0x00000000  x0=0x00000000
      101705000	     10071	80007306	015b6533	or	x10,x22,x21	 x22:0x7ffda6ab x21:0x2f193000 x10=0x7ffdb6ab
      101715000	     10072	8000730a	00bdc663	blt	x27,x11,80007316	 x27:0x00000000 x11:0x00000000
      101755000	     10076	8000730e	023121b3	mulhsu	x3,x2,x3	  x2:0x00000000  x3:0x00000000  x3=0x00000000
      101765000	     10077	80007312	00de8033	add	x0,x29,x13	 x29:0x00000000 x13:0x80025ce4  x0=0x00000000
      101775000	     10078	80007316	6cb5	c.lui	x25,0xd	 x25=0x0000d000
      101785000	     10079	80007318	0d9e	c.slli	x27,0x7	 x27:0x00000000 x27=0x00000000
      101795000	     10080	8000731a	717d	c.addi16sp	x2,-16	  x2:0x00000000  x2=0xfffffff0
      101805000	     10081	8000731c	40d45a33	sra	x20,x8,x13	  x8:0x80000000 x13:0x80025ce4 x20=0xf8000000
      101815000	     10082	80007320	9bc6	c.add	x23,x17	 x23:0x00000000 x17:0x00000001 x23=0x00000001
      101825000	     10083	80007322	0001	c.addi	x0,0	  x0:0x00000000  x0=0x00000000
      101835000	     10084	80007324	0001	c.addi	x0,0	  x0:0x00000000  x0=0x00000000
      101845000	     10085	80007326	03f16f63	bltu	x2,x31,80007364	  x2:0xfffffff0 x31:0x0000027f
      101855000	     10086	8000732a	9d1e	c.add	x26,x7	 x26:0x00000000  x7:0x00012000 x26=0x00012000
      101865000	     10087	8000732c	8c9a	c.mv	x25,x6	  x0:0x00000000  x6:0x7ffda6ab x25=0x7ffda6ab
      101905000	     10091	8000732e	03619933	mulh	x18,x3,x22	  x3:0x00000000 x22:0x7ffda6ab x18=0x00000000
      101915000	     10092	80007332	ef11	c.bnez	x14,8000734e	 x14:0x000082c8
      101945000	     10095	8000734e	728fac93	slti	x25,x31,1832	 x31:0x0000027f x25=0x00000001
      101955000	     10096	80007352	c315	c.beqz	x14,80007376	 x14:0x000082c8
      101965000	     10097	80007354	685265b7	lui	x11,0x68526	 x11=0x68526000
      101975000	     10098	80007358	8dd9	c.or	x11,x14	 x11:0x68526000 x14:0x000082c8 x11=0x6852e2c8
      101985000	     10099	8000735a	407407b3	sub	x15,x8,x7	  x8:0x80000000  x7:0x00012000 x15=0x7ffee000
      101995000	     10100	8000735e	008774b3	and	x9,x14,x8	 x14:0x000082c8  x8:0x80000000  x9=0x00000000
      102005000	     10101	80007362	8ee9	c.and	x13,x10	 x13:0x80025ce4 x10:0x7ffdb6ab x13=0x000014a0
      102015000	     10102	80007364	0109d463	bge	x19,x16,8000736c	 x19:0x00000000 x16:0x00000007
      102025000	     10103	80007368	00d21233	sll	x4,x4,x13	  x4:0x00000000 x13:0x000014a0  x4=0x00000000
      102035000	     10104	8000736c	01b5ec33	or	x24,x11,x27	 x11:0x6852e2c8 x27:0x00000000 x24=0x6852e2c8
      102045000	     10105	80007370	016e87b3	add	x15,x29,x22	 x29:0x00000000 x22:0x7ffda6ab x15=0x7ffda6ab
      102055000	     10106	80007374	0932	c.slli	x18,0xc	 x18:0x00000000 x18=0x00000000
      102065000	     10107	80007376	6179	c.addi16sp	x2,464	  x2:0xfffffff0  x2=0x000001c0
      102105000	     10111	80007378	0250b233	mulhu	x4,x1,x5	  x1:0x00008000  x5:0x28ab9473  x4=0x00001455
      102115000	     10112	8000737c	00109bb3	sll	x23,x1,x1	  x1:0x00008000  x1:0x00008000 x23=0x00008000
      102125000	     10113	80007380	8895	c.andi	x9,5	  x9:0x00000000  x9=0x00000000
      102135000	     10114	80007382	002f9213	slli	x4,x31,0x2	 x31:0x0000027f  x4=0x000009fc
      102145000	     10115	80007386	717d	c.addi16sp	x2,-16	  x2:0x000001c0  x2=0x000001b0
      102175000	     10118	80007388	03e70733	mul	x14,x14,x30	 x14:0x000082c8 x30:0x00000001 x14=0x000082c8
      102185000	     10119	8000738c	b5624d93	xori	x27,x4,-1194	  x4:0x000009fc x27=0xfffff2aa
      102195000	     10120	80007390	006f7333	and	x6,x30,x6	 x30:0x00000001  x6:0x7ffda6ab  x6=0x00000001
      102205000	     10121	80007394	0315c063	blt	x11,x17,800073b4	 x11:0x6852e2c8 x17:0x00000001
      102215000	     10122	80007398	34276c97	auipc	x25,0x34276	 x25=0xb427d398
      102225000	     10123	8000739c	00c61b33	sll	x22,x12,x12	 x12:0x80025ce4 x12:0x80025ce4 x22=0x0025ce40
      102235000	     10124	800073a0	912e	c.add	x2,x11	  x2:0x000001b0 x11:0x6852e2c8  x2=0x6852e478
      102605000	     10161	800073a2	0223f533	remu	x10,x7,x2	  x7:0x00012000  x2:0x6852e478 x10=0x00012000
      102615000	     10162	800073a6	9b5a	c.add	x22,x22	 x22:0x0025ce40 x22:0x0025ce40 x22=0x004b9c80
      102625000	     10163	800073a8	017c9e63	bne	x25,x23,800073c4	 x25:0xb427d398 x23:0x00008000
      102645000	     10165	800073c4	8cd9	c.or	x9,x14	  x9:0x00000000 x14:0x000082c8  x9=0x000082c8
      102655000	     10166	800073c6	04504263	blt	x0,x5,8000740a	  x0:0x00000000  x5:0x28ab9473
      102675000	     10168	8000740a	c509	c.beqz	x10,80007414	 x10:0x00012000
      102715000	     10172	8000740c	03293bb3	mulhu	x23,x18,x18	 x18:0x00000000 x18:0x00000000 x23=0x00000000
      102725000	     10173	80007410	001f2933	slt	x18,x30,x1	 x30:0x00000001  x1:0x00008000 x18=0x00000001
      102735000	     10174	80007414	8495	c.srai	x9,0x5	  x9:0x000082c8  x9=0x00000416
      102745000	     10175	80007416	08bf14b7	lui	x9,0x8bf1	  x9=0x08bf1000
      102775000	     10178	8000741a	020f0233	mul	x4,x30,x0	 x30:0x00000001  x0:0x00000000  x4=0x00000000
      102785000	     10179	8000741e	41095893	srai	x17,x18,0x10	 x18:0x00000001 x17=0x00000000
      102795000	     10180	80007422	0b96	c.slli	x23,0x5	 x23:0x00000000 x23=0x00000000
      102805000	     10181	80007424	01c8df33	srl	x30,x17,x28	 x17:0x00000000 x28:0x80021e64 x30=0x00000000
      102815000	     10182	80007428	009f9a93	slli	x21,x31,0x9	 x31:0x0000027f x21=0x0004fe00
      102825000	     10183	8000742c	035ee463	bltu	x29,x21,80007454	 x29:0x00000000 x21:0x0004fe00
      102845000	     10185	80007454	400955b3	sra	x11,x18,x0	 x18:0x00000001  x0:0x00000000 x11=0x00000001
      102855000	     10186	80007458	40af0033	sub	x0,x30,x10	 x30:0x00000000 x10:0x00012000  x0=0x00000000
      102865000	     10187	8000745c	0315	c.addi	x6,5	  x6:0x00000001  x6=0x00000006
      102875000	     10188	8000745e	8f39	c.xor	x14,x14	 x14:0x000082c8 x14:0x000082c8 x14=0x00000000
      102885000	     10189	80007460	854a	c.mv	x10,x18	  x0:0x00000000 x18:0x00000001 x10=0x00000001
      102895000	     10190	80007462	84b5	c.srai	x9,0xd	  x9:0x08bf1000  x9=0x000045f8
      102905000	     10191	80007464	40955893	srai	x17,x10,0x9	 x10:0x00000001 x17=0x00000000
      102915000	     10192	80007468	0b45	c.addi	x22,17	 x22:0x004b9c80 x22=0x004b9c91
      102925000	     10193	8000746a	52fd	c.li	x5,-1	  x5=0xffffffff
      102935000	     10194	8000746c	8e9d	c.sub	x13,x15	 x13:0x000014a0 x15:0x7ffda6ab x13=0x80026df5
      102975000	     10198	8000746e	029e3333	mulhu	x6,x28,x9	 x28:0x80021e64  x9:0x000045f8  x6=0x000022fc
      102985000	     10199	80007472	01ee7f63	bgeu	x28,x30,80007490	 x28:0x80021e64 x30:0x00000000
      103005000	     10201	80007490	0344f863	bgeu	x9,x20,800074c0	  x9:0x000045f8 x20:0xf8000000
      103015000	     10202	80007494	0001	c.addi	x0,0	  x0:0x00000000  x0=0x00000000
      103025000	     10203	80007496	03b78563	beq	x15,x27,800074c0	 x15:0x7ffda6ab x27:0xfffff2aa
      103035000	     10204	8000749a	9bfd	c.andi	x15,-1	 x15:0x7ffda6ab x15=0x7ffda6ab
      103045000	     10205	8000749c	23950b93	addi	x23,x10,569	 x10:0x00000001 x23=0x0000023a
      103055000	     10206	800074a0	6e904093	xori	x1,x0,1769	  x0:0x00000000  x1=0x000006e9
      103065000	     10207	800074a4	019731b3	sltu	x3,x14,x25	 x14:0x00000000 x25:0xb427d398  x3=0x00000001
      103075000	     10208	800074a8	22b33093	sltiu	x1,x6,555	  x6:0x000022fc  x1=0x00000000
      103085000	     10209	800074ac	e19d3913	sltiu	x18,x26,-487	 x26:0x00012000 x18=0x00000001
      103095000	     10210	800074b0	008de533	or	x10,x27,x8	 x27:0xfffff2aa  x8:0x80000000 x10=0xfffff2aa
      103105000	     10211	800074b4	0197c663	blt	x15,x25,800074c0	 x15:0x7ffda6ab x25:0xb427d398
      103115000	     10212	800074b8	013344b3	xor	x9,x6,x19	  x6:0x000022fc x19:0x00000000  x9=0x000022fc
      103125000	     10213	800074bc	5c482737	lui	x14,0x5c482	 x14=0x5c482000
      103135000	     10214	800074c0	09d27737	lui	x14,0x9d27	 x14=0x09d27000
      103145000	     10215	800074c4	007c5c63	bge	x24,x7,800074dc	 x24:0x6852e2c8  x7:0x00012000
      103165000	     10217	800074dc	8351	c.srli	x14,0x14	 x14:0x09d27000 x14=0x0000009d
      103175000	     10218	800074de	007c9a13	slli	x20,x25,0x7	 x25:0xb427d398 x20=0x13e9cc00
      103185000	     10219	800074e2	01670cb3	add	x25,x14,x22	 x14:0x0000009d x22:0x004b9c91 x25=0x004b9d2e
      103195000	     10220	800074e6	8fed	c.and	x15,x11	 x15:0x7ffda6ab x11:0x00000001 x15=0x00000001
      103205000	     10221	800074e8	0c88	c.addi4spn	x10,x2,592	 x10=0x6852e6c8
      103215000	     10222	800074ea	8d19	c.sub	x10,x14	 x10:0x6852e6c8 x14:0x0000009d x10=0x6852e62b
      103225000	     10223	800074ec	0014bb33	sltu	x22,x9,x1	  x9:0x000022fc  x1:0x00000000 x22=0x00000000
      103235000	     10224	800074f0	0001	c.addi	x0,0	  x0:0x00000000  x0=0x00000000
      103605000	     10261	800074f2	03425733	divu	x14,x4,x20	  x4:0x00000000 x20:0x13e9cc00 x14=0x00000000
      103615000	     10262	800074f6	997d	c.andi	x10,-1	 x10:0x6852e62b x10=0x6852e62b
      103625000	     10263	800074f8	0000100f	fence.i	
      103645000	     10265	800074fc	8dd5	c.or	x11,x13	 x11:0x00000001 x13:0x80026df5 x11=0x80026df5
      103655000	     10266	800074fe	011bcc33	xor	x24,x23,x17	 x23:0x0000023a x17:0x00000000 x24=0x0000023a
      103665000	     10267	80007502	03570163	beq	x14,x21,80007524	 x14:0x00000000 x21:0x0004fe00
      103675000	     10268	80007506	0001	c.addi	x0,0	  x0:0x00000000  x0=0x00000000
      103685000	     10269	80007508	01339463	bne	x7,x19,80007510	  x7:0x00012000 x19:0x00000000
      104065000	     10307	80007510	0293f333	remu	x6,x7,x9	  x7:0x00012000  x9:0x000022fc  x6=0x00000820
      104105000	     10311	80007514	02991733	mulh	x14,x18,x9	 x18:0x00000001  x9:0x000022fc x14=0x00000000
      104115000	     10312	80007518	cd1d	c.beqz	x10,80007556	 x10:0x6852e62b
      104125000	     10313	8000751a	817d	c.srli	x10,0x1f	 x10:0x6852e62b x10=0x00000000
      104135000	     10314	8000751c	009c3d33	sltu	x26,x24,x9	 x24:0x0000023a  x9:0x000022fc x26=0x00000001
      104145000	     10315	80007520	5eccb897	auipc	x17,0x5eccb	 x17=0xdecd2520
      104155000	     10316	80007524	00894863	blt	x18,x8,80007534	 x18:0x00000001  x8:0x80000000
      104185000	     10319	80007528	02fb82b3	mul	x5,x23,x15	 x23:0x0000023a x15:0x00000001  x5=0x0000023a
      104195000	     10320	8000752c	8d26	c.mv	x26,x9	  x0:0x00000000  x9:0x000022fc x26=0x000022fc
      104205000	     10321	8000752e	43fd	c.li	x7,31	  x7=0x0000001f
      104215000	     10322	80007530	6bc2b213	sltiu	x4,x5,1724	  x5:0x0000023a  x4=0x00000001
      104225000	     10323	80007534	a0ab21b7	lui	x3,0xa0ab2	  x3=0xa0ab2000
      104235000	     10324	80007538	8111	c.srli	x10,0x4	 x10:0x00000000 x10=0x00000000
      104245000	     10325	8000753a	415701b3	sub	x3,x14,x21	 x14:0x00000000 x21:0x0004fe00  x3=0xfffb0200
      104255000	     10326	8000753e	6db9	c.lui	x27,0xe	 x27=0x0000e000
      104265000	     10327	80007540	84ad	c.srai	x9,0xb	  x9:0x000022fc  x9=0x00000004
      104275000	     10328	80007542	8ed1	c.or	x13,x12	 x13:0x80026df5 x12:0x80025ce4 x13=0x80027df5
      104285000	     10329	80007544	717d	c.addi16sp	x2,-16	  x2:0x6852e478  x2=0x6852e468
      104655000	     10366	80007546	03acd033	divu	x0,x25,x26	 x25:0x004b9d2e x26:0x000022fc  x0=0x00000000
      104665000	     10367	8000754a	a5102d93	slti	x27,x0,-1455	  x0:0x00000000 x27=0x00000000
      104675000	     10368	8000754e	004631b3	sltu	x3,x12,x4	 x12:0x80025ce4  x4:0x00000001  x3=0x00000000
      105045000	     10405	80007552	03aef3b3	remu	x7,x29,x26	 x29:0x00000000 x26:0x000022fc  x7=0x00000000
      105085000	     10409	80007556	02fcb0b3	mulhu	x1,x25,x15	 x25:0x004b9d2e x15:0x00000001  x1=0x00000000
      105095000	     10410	8000755a	8152	c.mv	x2,x20	  x0:0x00000000 x20:0x13e9cc00  x2=0x13e9cc00
      105105000	     10411	8000755c	870aec13	ori	x24,x21,-1936	 x21:0x0004fe00 x24=0xfffffe70
      105115000	     10412	80007560	004d8733	add	x14,x27,x4	 x27:0x00000000  x4:0x00000001 x14=0x00000001
      105125000	     10413	80007564	0135e3b3	or	x7,x11,x19	 x11:0x80026df5 x19:0x00000000  x7=0x80026df5
      105495000	     10450	80007568	02b35733	divu	x14,x6,x11	  x6:0x00000820 x11:0x80026df5 x14=0x00000000
      105505000	     10451	8000756c	00a11833	sll	x16,x2,x10	  x2:0x13e9cc00 x10:0x00000000 x16=0x13e9cc00
      105875000	     10488	80007570	035ae5b3	rem	x11,x21,x21	 x21:0x0004fe00 x21:0x0004fe00 x11=0x00000000
      105885000	     10489	80007574	01c3cbb3	xor	x23,x7,x28	  x7:0x80026df5 x28:0x80021e64 x23=0x00007391
      105895000	     10490	80007578	06ad7913	andi	x18,x26,106	 x26:0x000022fc x18=0x00000068
      105905000	     10491	8000757c	bcb80317	auipc	x6,0xbcb80	  x6=0x3cb8757c
      105915000	     10492	80007580	0127f5b3	and	x11,x15,x18	 x15:0x00000001 x18:0x00000068 x11=0x00000000
      105955000	     10496	80007584	023c2733	mulhsu	x14,x24,x3	 x24:0xfffffe70  x3:0x00000000 x14=0x00000000
      105995000	     10500	80007588	033ba933	mulhsu	x18,x23,x19	 x23:0x00007391 x19:0x00000000 x18=0x00000000
      106005000	     10501	8000758c	869d	c.srai	x13,0x7	 x13:0x80027df5 x13=0xff0004fb
      106015000	     10502	8000758e	4799a993	slti	x19,x19,1145	 x19:0x00000000 x19=0x00000001
      106025000	     10503	80007592	af0e1a17	auipc	x20,0xaf0e1	 x20=0x2f0e8592
      106035000	     10504	80007596	01cb7863	bgeu	x22,x28,800075a6	 x22:0x00000000 x28:0x80021e64
      106045000	     10505	8000759a	8d59	c.or	x10,x14	 x10:0x00000000 x14:0x00000000 x10=0x00000000
      106055000	     10506	8000759c	8dad	c.xor	x11,x11	 x11:0x00000000 x11:0x00000000 x11=0x00000000
      106065000	     10507	8000759e	c399	c.beqz	x15,800075a4	 x15:0x00000001
      106075000	     10508	800075a0	0000100f	fence.i	
      106095000	     10510	800075a4	8fe5	c.and	x15,x9	 x15:0x00000001  x9:0x00000004 x15=0x00000000
      106105000	     10511	800075a6	80ee0493	addi	x9,x28,-2034	 x28:0x80021e64  x9=0x80021672
      106475000	     10548	800075aa	027644b3	div	x9,x12,x7	 x12:0x80025ce4  x7:0x80026df5  x9=0x00000001
      106485000	     10549	800075ae	00815a93	srli	x21,x2,0x8	  x2:0x13e9cc00 x21=0x0013e9cc
      106495000	     10550	800075b2	8cde	c.mv	x25,x23	  x0:0x00000000 x23:0x00007391 x25=0x00007391
      106505000	     10551	800075b4	6a41	c.lui	x20,0x10	 x20=0x00010000
      106515000	     10552	800075b6	c085	c.beqz	x9,800075d6	  x9:0x00000001
      106525000	     10553	800075b8	076e	c.slli	x14,0x1b	 x14:0x00000000 x14=0x00000000
      106535000	     10554	800075ba	8c99	c.sub	x9,x14	  x9:0x00000001 x14:0x00000000  x9=0x00000001
      106905000	     10591	800075bc	0221d533	divu	x10,x3,x2	  x3:0x00000000  x2:0x13e9cc00 x10=0x00000000
      106915000	     10592	800075c0	0994	c.addi4spn	x13,x2,208	 x13=0x13e9ccd0
      106935000	     10594	800075c2	03d24533	div	x10,x4,x29	  x4:0x00000001 x29:0x00000000 x10=0xffffffff
      106945000	     10595	800075c6	88a1	c.andi	x9,8	  x9:0x00000001  x9=0x00000000
      106955000	     10596	800075c8	0a8123b7	lui	x7,0xa812	  x7=0x0a812000
      106965000	     10597	800075cc	fe2b8cb7	lui	x25,0xfe2b8	 x25=0xfe2b8000
      106975000	     10598	800075d0	032b6c63	bltu	x22,x18,80007608	 x22:0x00000000 x18:0x00000000
      106985000	     10599	800075d4	649d	c.lui	x9,0x7	  x9=0x00007000
      106995000	     10600	800075d6	0000dab3	srl	x21,x1,x0	  x1:0x00000000  x0:0x00000000 x21=0x00000000
      107005000	     10601	800075da	401e57b3	sra	x15,x28,x1	 x28:0x80021e64  x1:0x00000000 x15=0x80021e64
      107015000	     10602	800075de	00ceef63	bltu	x29,x12,800075fc	 x29:0x00000000 x12:0x80025ce4
      107035000	     10604	800075fc	41cb58b3	sra	x17,x22,x28	 x22:0x00000000 x28:0x80021e64 x17=0x00000000
      107045000	     10605	80007600	d5208c93	addi	x25,x1,-686	  x1:0x00000000 x25=0xfffffd52
      107055000	     10606	80007604	02320a63	beq	x4,x3,80007638	  x4:0x00000001  x3:0x00000000
      107065000	     10607	80007608	0000100f	fence.i	
      107115000	     10612	8000760c	03ab2833	mulhsu	x16,x22,x26	 x22:0x00000000 x26:0x000022fc x16=0x00000000
      107125000	     10613	80007610	c4e6a297	auipc	x5,0xc4e6a	  x5=0x44e71610
      107155000	     10616	80007614	03ef8eb3	mul	x29,x31,x30	 x31:0x0000027f x30:0x00000000 x29=0x00000000
      107165000	     10617	80007618	b4ccfb37	lui	x22,0xb4ccf	 x22=0xb4ccf000
      107175000	     10618	8000761c	8b76	c.mv	x22,x29	  x0:0x00000000 x29:0x00000000 x22=0x00000000
      107185000	     10619	8000761e	30c2e117	auipc	x2,0x30c2e	  x2=0xb0c3561e
      107195000	     10620	80007622	d0f87f93	andi	x31,x16,-753	 x16:0x00000000 x31=0x00000000
      107205000	     10621	80007626	597d	c.li	x18,-1	 x18=0xffffffff
      107215000	     10622	80007628	b2227c97	auipc	x25,0xb2227	 x25=0x3222e628
      107225000	     10623	8000762c	009e9a33	sll	x20,x29,x9	 x29:0x00000000  x9:0x00007000 x20=0x00000000
      107235000	     10624	80007630	7753cd13	xori	x26,x7,1909	  x7:0x0a812000 x26=0x0a812775
      107245000	     10625	80007634	8ee1	c.and	x13,x8	 x13:0x13e9ccd0  x8:0x80000000 x13=0x00000000
      107255000	     10626	80007636	0a8c	c.addi4spn	x11,x2,336	 x11=0xb0c3576e
      107625000	     10663	80007638	0378d7b3	divu	x15,x17,x23	 x17:0x00000000 x23:0x00007391 x15=0x00000000
      107635000	     10664	8000763c	01c0d233	srl	x4,x1,x28	  x1:0x00000000 x28:0x80021e64  x4=0x00000000
      107645000	     10665	80007640	017da333	slt	x6,x27,x23	 x27:0x00000000 x23:0x00007391  x6=0x00000001
      107655000	     10666	80007644	c0862c93	slti	x25,x12,-1016	 x12:0x80025ce4 x25=0x00000001
      107665000	     10667	80007648	0188	c.addi4spn	x10,x2,192	 x10=0xb0c356de
      107675000	     10668	8000764a	0cb2	c.slli	x25,0xc	 x25:0x00000001 x25=0x00001000
      107685000	     10669	8000764c	01071313	slli	x6,x14,0x10	 x14:0x00000000  x6=0x00000000
      107695000	     10670	80007650	01259c63	bne	x11,x18,80007668	 x11:0xb0c3576e x18:0xffffffff
      107715000	     10672	80007668	00e7f933	and	x18,x15,x14	 x15:0x00000000 x14:0x00000000 x18=0x00000000
      107725000	     10673	8000766c	005611b3	sll	x3,x12,x5	 x12:0x80025ce4  x5:0x44e71610  x3=0x5ce40000
      107735000	     10674	80007670	01b19a33	sll	x20,x3,x27	  x3:0x5ce40000 x27:0x00000000 x20=0x5ce40000
      107745000	     10675	80007674	019b1793	slli	x15,x22,0x19	 x22:0x00000000 x15=0x00000000
      107755000	     10676	80007678	0248fb63	bgeu	x17,x4,800076ae	 x17:0x00000000  x4:0x00000000
      107775000	     10678	800076ae	0fca	c.slli	x31,0x12	 x31:0x00000000 x31=0x00000000
      107795000	     10680	800076b0	0320c233	div	x4,x1,x18	  x1:0x00000000 x18:0x00000000  x4=0xffffffff
      107805000	     10681	800076b4	03e79563	bne	x15,x30,800076de	 x15:0x00000000 x30:0x00000000
      107815000	     10682	800076b8	01fcdc93	srli	x25,x25,0x1f	 x25:0x00001000 x25=0x00000000
      107825000	     10683	800076bc	66c60a13	addi	x20,x12,1644	 x12:0x80025ce4 x20=0x80026350
      107835000	     10684	800076c0	2776ed13	ori	x26,x13,631	 x13:0x00000000 x26=0x00000277
      107845000	     10685	800076c4	0001	c.addi	x0,0	  x0:0x00000000  x0=0x00000000
      107855000	     10686	800076c6	01ac5293	srli	x5,x24,0x1a	 x24:0xfffffe70  x5=0x0000003f
      107875000	     10688	800076ca	02005333	divu	x6,x0,x0	  x0:0x00000000  x0:0x00000000  x6=0xffffffff
      107895000	     10690	800076ce	0326c533	div	x10,x13,x18	 x13:0x00000000 x18:0x00000000 x10=0xffffffff
      107905000	     10691	800076d2	40e9db93	srai	x23,x19,0xe	 x19:0x00000001 x23=0x00000000
      107915000	     10692	800076d6	f580ac93	slti	x25,x1,-168	  x1:0x00000000 x25=0x00000000
      107925000	     10693	800076da	e701	c.bnez	x14,800076e2	 x14:0x00000000
      107935000	     10694	800076dc	9a42	c.add	x20,x16	 x20:0x80026350 x16:0x00000000 x20=0x80026350
      107965000	     10697	800076de	02300f33	mul	x30,x0,x3	  x0:0x00000000  x3:0x5ce40000 x30=0x00000000
      108005000	     10701	800076e2	021f2733	mulhsu	x14,x30,x1	 x30:0x00000000  x1:0x00000000 x14=0x00000000
      108045000	     10705	800076e6	033231b3	mulhu	x3,x4,x19	  x4:0xffffffff x19:0x00000001  x3=0x00000000
      108055000	     10706	800076ea	00835c13	srli	x24,x6,0x8	  x6:0xffffffff x24=0x00ffffff
      108065000	     10707	800076ee	e11d	c.bnez	x10,80007714	 x10:0xffffffff
      108085000	     10709	80007714	dcce7a17	auipc	x20,0xdcce7	 x20=0x5ccee714
      108095000	     10710	80007718	0018f5b3	and	x11,x17,x1	 x17:0x00000000  x1:0x00000000 x11=0x00000000
      108105000	     10711	8000771c	1684efb7	lui	x31,0x1684e	 x31=0x1684e000
      108145000	     10715	80007720	0210a833	mulhsu	x16,x1,x1	  x1:0x00000000  x1:0x00000000 x16=0x00000000
      108155000	     10716	80007724	069d	c.addi	x13,7	 x13:0x00000000 x13=0x00000007
      108165000	     10717	80007726	09657537	lui	x10,0x9657	 x10=0x09657000
      108175000	     10718	8000772a	93ae	c.add	x7,x11	  x7:0x0a812000 x11:0x00000000  x7=0x0a812000
      108185000	     10719	8000772c	8f71	c.and	x14,x12	 x14:0x00000000 x12:0x80025ce4 x14=0x00000000
      108195000	     10720	8000772e	6705	c.lui	x14,0x1	 x14=0x00001000
      108205000	     10721	80007730	00b97cb3	and	x25,x18,x11	 x18:0x00000000 x11:0x00000000 x25=0x00000000
      108215000	     10722	80007734	4130d833	sra	x16,x1,x19	  x1:0x00000000 x19:0x00000001 x16=0x00000000
      108225000	     10723	80007738	40a6d1b3	sra	x3,x13,x10	 x13:0x00000007 x10:0x09657000  x3=0x00000007
      108235000	     10724	8000773c	8cc5	c.or	x9,x9	  x9:0x00007000  x9:0x00007000  x9=0x00007000
      108245000	     10725	8000773e	75723593	sltiu	x11,x4,1879	  x4:0xffffffff x11=0x00000000
      108255000	     10726	80007742	01be2533	slt	x10,x28,x27	 x28:0x80021e64 x27:0x00000000 x10=0x00000001
      108265000	     10727	80007746	12b27e93	andi	x29,x4,299	  x4:0xffffffff x29=0x0000012b
      108275000	     10728	8000774a	0112	c.slli	x2,0x4	  x2:0xb0c3561e  x2=0x0c3561e0
      108285000	     10729	8000774c	4093d013	srai	x0,x7,0x9	  x7:0x0a812000  x0=0x00000000
      108295000	     10730	80007750	0489c163	blt	x19,x8,80007792	 x19:0x00000001  x8:0x80000000
      108305000	     10731	80007754	03d2c663	blt	x5,x29,80007780	  x5:0x0000003f x29:0x0000012b
      108325000	     10733	80007780	932a	c.add	x6,x10	  x6:0xffffffff x10:0x00000001  x6=0x00000000
      108335000	     10734	80007782	9bfd	c.andi	x15,-1	 x15:0x00000000 x15=0x00000000
      108365000	     10737	80007784	02cc8933	mul	x18,x25,x12	 x25:0x00000000 x12:0x80025ce4 x18=0x00000000
      108375000	     10738	80007788	577d	c.li	x14,-1	 x14=0xffffffff
      108385000	     10739	8000778a	004820b3	slt	x1,x16,x4	 x16:0x00000000  x4:0xffffffff  x1=0x00000000
      108395000	     10740	8000778e	4053d4b3	sra	x9,x7,x5	  x7:0x0a812000  x5:0x0000003f  x9=0x00000000
      108405000	     10741	80007792	8eb5	c.xor	x13,x13	 x13:0x00000007 x13:0x00000007 x13=0x00000000
      108415000	     10742	80007794	929e	c.add	x5,x7	  x5:0x0000003f  x7:0x0a812000  x5=0x0a81203f
      108425000	     10743	80007796	00d1df93	srli	x31,x3,0xd	  x3:0x00000007 x31=0x00000000
      108435000	     10744	8000779a	04920063	beq	x4,x9,800077da	  x4:0xffffffff  x9:0x00000000
      108445000	     10745	8000779e	f524ec93	ori	x25,x9,-174	  x9:0x00000000 x25=0xffffff52
      108455000	     10746	800077a2	ed81	c.bnez	x11,800077ba	 x11:0x00000000
      108465000	     10747	800077a4	059ce463	bltu	x25,x25,800077ec	 x25:0xffffff52 x25:0xffffff52
      108475000	     10748	800077a8	008a	c.slli	x1,0x2	  x1:0x00000000  x1=0x00000000
      108485000	     10749	800077aa	00541133	sll	x2,x8,x5	  x8:0x80000000  x5:0x0a81203f  x2=0x00000000
      108495000	     10750	800077ae	2011ca97	auipc	x21,0x2011c	 x21=0xa01237ae
      108505000	     10751	800077b2	01e25193	srli	x3,x4,0x1e	  x4:0xffffffff  x3=0x00000003
      108515000	     10752	800077b6	b7566c13	ori	x24,x12,-1163	 x12:0x80025ce4 x24=0xfffffff5
      108555000	     10756	800077ba	0320b933	mulhu	x18,x1,x18	  x1:0x00000000 x18:0x00000000 x18=0x00000000
      108595000	     10760	800077be	03fa35b3	mulhu	x11,x20,x31	 x20:0x5ccee714 x31:0x00000000 x11=0x00000000
      108605000	     10761	800077c2	8d39	c.xor	x10,x14	 x10:0x00000001 x14:0xffffffff x10=0xfffffffe
      108615000	     10762	800077c4	b794ca13	xori	x20,x9,-1159	  x9:0x00000000 x20=0xfffffb79
      108625000	     10763	800077c8	0151bdb3	sltu	x27,x3,x21	  x3:0x00000003 x21:0xa01237ae x27=0x00000001
      108635000	     10764	800077cc	01a7f133	and	x2,x15,x26	 x15:0x00000000 x26:0x00000277  x2=0x00000000
      108645000	     10765	800077d0	8ea1	c.xor	x13,x8	 x13:0x00000000  x8:0x80000000 x13=0x80000000
      108655000	     10766	800077d2	7cd28093	addi	x1,x5,1997	  x5:0x0a81203f  x1=0x0a81280c
      108665000	     10767	800077d6	02c87d63	bgeu	x16,x12,80007810	 x16:0x00000000 x12:0x80025ce4
      108675000	     10768	800077da	0b7e	c.slli	x22,0x1f	 x22:0x00000000 x22=0x00000000
      108685000	     10769	800077dc	00330a63	beq	x6,x3,800077f0	  x6:0x00000000  x3:0x00000003
      108695000	     10770	800077e0	015806b3	add	x13,x16,x21	 x16:0x00000000 x21:0xa01237ae x13=0xa01237ae
      108705000	     10771	800077e4	015f5993	srli	x19,x30,0x15	 x30:0x00000000 x19=0x00000000
      108745000	     10775	800077e8	0394a133	mulhsu	x2,x9,x25	  x9:0x00000000 x25:0xffffff52  x2=0x00000000
      108765000	     10777	800077ec	02ba6933	rem	x18,x20,x11	 x20:0xfffffb79 x11:0x00000000 x18=0xfffffb79
      108775000	     10778	800077f0	0ff0000f	fence	iorw,iorw	
      108795000	     10780	800077f4	03397cb3	remu	x25,x18,x19	 x18:0xfffffb79 x19:0x00000000 x25=0xfffffb79
      108805000	     10781	800077f8	59fd	c.li	x19,-1	 x19=0xffffffff
      108815000	     10782	800077fa	362cf013	andi	x0,x25,866	 x25:0xfffffb79  x0=0x00000000
      108825000	     10783	800077fe	0117d0b3	srl	x1,x15,x17	 x15:0x00000000 x17:0x00000000  x1=0x00000000
      108865000	     10787	80007802	028499b3	mulh	x19,x9,x8	  x9:0x00000000  x8:0x80000000 x19=0x00000000
      108875000	     10788	80007806	97fe	c.add	x15,x31	 x15:0x00000000 x31:0x00000000 x15=0x00000000
      108885000	     10789	80007808	8df5	c.and	x11,x13	 x11:0x00000000 x13:0xa01237ae x11=0x00000000
      108895000	     10790	8000780a	89419317	auipc	x6,0x89419	  x6=0x0942080a
      108905000	     10791	8000780e	8c8d	c.sub	x9,x11	  x9:0x00000000 x11:0x00000000  x9=0x00000000
      108915000	     10792	80007810	717d	c.addi16sp	x2,-16	  x2:0x00000000  x2=0xfffffff0
      108925000	     10793	80007812	94df2ab7	lui	x21,0x94df2	 x21=0x94df2000
      108935000	     10794	80007816	011f4ab3	xor	x21,x30,x17	 x30:0x00000000 x17:0x00000000 x21=0x00000000
      108945000	     10795	8000781a	006b0663	beq	x22,x6,80007826	 x22:0x00000000  x6:0x0942080a
      108955000	     10796	8000781e	0386f363	bgeu	x13,x24,80007844	 x13:0xa01237ae x24:0xfffffff5
      108965000	     10797	80007822	003839b3	sltu	x19,x16,x3	 x16:0x00000000  x3:0x00000003 x19=0x00000001
      108975000	     10798	80007826	13fd	c.addi	x7,-1	  x7:0x0a812000  x7=0x0a811fff
      108985000	     10799	80007828	03d87c63	bgeu	x16,x29,80007860	 x16:0x00000000 x29:0x0000012b
      108995000	     10800	8000782c	403f5393	srai	x7,x30,0x3	 x30:0x00000000  x7=0x00000000
      109005000	     10801	80007830	03217363	bgeu	x2,x18,80007856	  x2:0xfffffff0 x18:0xfffffb79
      109025000	     10803	80007856	9afd	c.andi	x13,-1	 x13:0xa01237ae x13=0xa01237ae
      109395000	     10840	80007858	023a5733	divu	x14,x20,x3	 x20:0xfffffb79  x3:0x00000003 x14=0x555553d3
      109405000	     10841	8000785c	00d12233	slt	x4,x2,x13	  x2:0xfffffff0 x13:0xa01237ae  x4=0x00000000
      109415000	     10842	80007860	813d	c.srli	x10,0xf	 x10:0xfffffffe x10=0x0001ffff
      109425000	     10843	80007862	8cd9	c.or	x9,x14	  x9:0x00000000 x14:0x555553d3  x9=0x555553d3
      109435000	     10844	80007864	0d5a	c.slli	x26,0x16	 x26:0x00000277 x26=0x9dc00000
      109445000	     10845	80007866	0000100f	fence.i	
      109475000	     10848	8000786a	02c84163	blt	x16,x12,8000788c	 x16:0x00000000 x12:0x80025ce4
      109485000	     10849	8000786e	e389	c.bnez	x15,80007870	 x15:0x00000000
      109495000	     10850	80007870	0194cd33	xor	x26,x9,x25	  x9:0x555553d3 x25:0xfffffb79 x26=0xaaaaa8aa
      109535000	     10854	80007874	03e631b3	mulhu	x3,x12,x30	 x12:0x80025ce4 x30:0x00000000  x3=0x00000000
      109545000	     10855	80007878	98cec817	auipc	x16,0x98cec	 x16=0x18cf3878
      109555000	     10856	8000787c	0488	c.addi4spn	x10,x2,576	 x10=0x00000230
      109565000	     10857	8000787e	1098ca93	xori	x21,x17,265	 x17:0x00000000 x21=0x00000109
      109575000	     10858	80007882	8bfe	c.mv	x23,x31	  x0:0x00000000 x31:0x00000000 x23=0x00000000
      109585000	     10859	80007884	0a2a	c.slli	x20,0xa	 x20:0xfffffb79 x20=0xffede400
      109595000	     10860	80007886	89d1	c.andi	x11,20	 x11:0x00000000 x11=0x00000000
      109605000	     10861	80007888	8713a713	slti	x14,x7,-1935	  x7:0x00000000 x14=0x00000000
      109615000	     10862	8000788c	03b31c63	bne	x6,x27,800078c4	  x6:0x0942080a x27:0x00000001
      109635000	     10864	800078c4	00808a33	add	x20,x1,x8	  x1:0x00000000  x8:0x80000000 x20=0x80000000
      109645000	     10865	800078c8	3040ac13	slti	x24,x1,772	  x1:0x00000000 x24=0x00000001
      109655000	     10866	800078cc	1788	c.addi4spn	x10,x2,992	 x10=0x000003d0
      109665000	     10867	800078ce	0000100f	fence.i	
      109685000	     10869	800078d2	8fbd	c.xor	x15,x15	 x15:0x00000000 x15:0x00000000 x15=0x00000000
      109695000	     10870	800078d4	0001	c.addi	x0,0	  x0:0x00000000  x0=0x00000000
      109705000	     10871	800078d6	01c66fb3	or	x31,x12,x28	 x12:0x80025ce4 x28:0x80021e64 x31=0x80025ee4
      110075000	     10908	800078da	029fc133	div	x2,x31,x9	 x31:0x80025ee4  x9:0x555553d3  x2=0xffffffff
      110085000	     10909	800078de	9f62	c.add	x30,x24	 x30:0x00000000 x24:0x00000001 x30=0x00000001
      110095000	     10910	800078e0	4389	c.li	x7,2	  x7=0x00000002
      110105000	     10911	800078e2	bc098893	addi	x17,x19,-1088	 x19:0x00000001 x17=0xfffffbc1
      110115000	     10912	800078e6	0f59	c.addi	x30,22	 x30:0x00000001 x30=0x00000017
      110155000	     10916	800078e8	032c34b3	mulhu	x9,x24,x18	 x24:0x00000001 x18:0xfffffb79  x9=0x00000000
      110165000	     10917	800078ec	c891	c.beqz	x9,80007900	  x9:0x00000000
      110185000	     10919	80007900	9bfd	c.andi	x15,-1	 x15:0x00000000 x15=0x00000000
      110555000	     10956	80007902	02d2db33	divu	x22,x5,x13	  x5:0x0a81203f x13:0xa01237ae x22=0x00000000
      110565000	     10957	80007906	e129	c.bnez	x10,80007948	 x10:0x000003d0
      110585000	     10959	80007948	8eec2713	slti	x14,x24,-1810	 x24:0x00000001 x14=0x00000000
      110595000	     10960	8000794c	0001	c.addi	x0,0	  x0:0x00000000  x0=0x00000000
      110615000	     10962	8000794e	02ebf833	remu	x16,x23,x14	 x23:0x00000000 x14:0x00000000 x16=0x00000000
      110625000	     10963	80007952	00dd5463	bge	x26,x13,8000795a	 x26:0xaaaaa8aa x13:0xa01237ae
      111015000	     11002	8000795a	02dd7b33	remu	x22,x26,x13	 x26:0xaaaaa8aa x13:0xa01237ae x22=0x0a9870fc
      111025000	     11003	8000795e	8e99	c.sub	x13,x14	 x13:0xa01237ae x14:0x00000000 x13=0xa01237ae
      111065000	     11007	80007960	02873c33	mulhu	x24,x14,x8	 x14:0x00000000  x8:0x80000000 x24=0x00000000
      111075000	     11008	80007964	8fad	c.xor	x15,x11	 x15:0x00000000 x11:0x00000000 x15=0x00000000
      111085000	     11009	80007966	0d16	c.slli	x26,0x5	 x26:0xaaaaa8aa x26=0x55551540
      111095000	     11010	80007968	01a8fe63	bgeu	x17,x26,80007984	 x17:0xfffffbc1 x26:0x55551540
      111145000	     11015	80007984	024d99b3	mulh	x19,x27,x4	 x27:0x00000001  x4:0x00000000 x19=0x00000000
      111155000	     11016	80007988	0000100f	fence.i	
      111175000	     11018	8000798c	00bf5893	srli	x17,x30,0xb	 x30:0x00000017 x17=0x00000000
      111185000	     11019	80007990	8d39	c.xor	x10,x14	 x10:0x000003d0 x14:0x00000000 x10=0x000003d0
      111195000	     11020	80007992	9c823293	sltiu	x5,x4,-1592	  x4:0x00000000  x5=0x00000001
      111205000	     11021	80007996	717d	c.addi16sp	x2,-16	  x2:0xffffffff  x2=0xffffffef
      111215000	     11022	80007998	8fe2	c.mv	x31,x24	  x0:0x00000000 x24:0x00000000 x31=0x00000000
      111225000	     11023	8000799a	010e9733	sll	x14,x29,x16	 x29:0x0000012b x16:0x00000000 x14=0x0000012b
      111235000	     11024	8000799e	023d6563	bltu	x26,x3,800079c8	 x26:0x55551540  x3:0x00000000
      111245000	     11025	800079a2	007a5193	srli	x3,x20,0x7	 x20:0x80000000  x3=0x01000000
      111255000	     11026	800079a6	014fd513	srli	x10,x31,0x14	 x31:0x00000000 x10=0x00000000
      111265000	     11027	800079aa	00509363	bne	x1,x5,800079b0	  x1:0x00000000  x5:0x00000001
      111285000	     11029	800079b0	935a	c.add	x6,x22	  x6:0x0942080a x22:0x0a9870fc  x6=0x13da7906
      111295000	     11030	800079b2	017e9813	slli	x16,x29,0x17	 x29:0x0000012b x16=0x95800000
      111305000	     11031	800079b6	01169893	slli	x17,x13,0x11	 x13:0xa01237ae x17=0x6f5c0000
      111315000	     11032	800079ba	8ebd	c.xor	x13,x15	 x13:0xa01237ae x15:0x00000000 x13=0xa01237ae
      111325000	     11033	800079bc	00c6ceb3	xor	x29,x13,x12	 x13:0xa01237ae x12:0x80025ce4 x29=0x20106b4a
      111695000	     11070	800079c0	03ce5d33	divu	x26,x28,x28	 x28:0x80021e64 x28:0x80021e64 x26=0x00000001
      111705000	     11071	800079c4	00420563	beq	x4,x4,800079ce	  x4:0x00000000  x4:0x00000000
      111725000	     11073	800079ce	026d	c.addi	x4,27	  x4:0x00000000  x4=0x0000001b
      111735000	     11074	800079d0	3c448393	addi	x7,x9,964	  x9:0x00000000  x7=0x000003c4
      111745000	     11075	800079d4	616d	c.addi16sp	x2,240	  x2:0xffffffef  x2=0x000000df
      111755000	     11076	800079d6	745c7797	auipc	x15,0x745c7	 x15=0xf45ce9d6
      111765000	     11077	800079da	017cdcb3	srl	x25,x25,x23	 x25:0xfffffb79 x23:0x00000000 x25=0xfffffb79
      111775000	     11078	800079de	e481	c.bnez	x9,800079e6	  x9:0x00000000
      111785000	     11079	800079e0	0001	c.addi	x0,0	  x0:0x00000000  x0=0x00000000
      111795000	     11080	800079e2	413785b3	sub	x11,x15,x19	 x15:0xf45ce9d6 x19:0x00000000 x11=0xf45ce9d6
      111835000	     11084	800079e6	03922db3	mulhsu	x27,x4,x25	  x4:0x0000001b x25:0xfffffb79 x27=0x0000001a
      111845000	     11085	800079ea	d4f82793	slti	x15,x16,-689	 x16:0x95800000 x15=0x00000001
      111855000	     11086	800079ee	411a5113	srai	x2,x20,0x11	 x20:0x80000000  x2=0xffffc000
      111865000	     11087	800079f2	01a46bb3	or	x23,x8,x26	  x8:0x80000000 x26:0x00000001 x23=0x80000001
      111875000	     11088	800079f6	00c9c263	blt	x19,x12,800079fa	 x19:0x00000000 x12:0x80025ce4
      111885000	     11089	800079fa	008d67b3	or	x15,x26,x8	 x26:0x00000001  x8:0x80000000 x15=0x80000001
      111895000	     11090	800079fe	1b7d	c.addi	x22,-1	 x22:0x0a9870fc x22=0x0a9870fb
      111905000	     11091	80007a00	8fe9	c.and	x15,x10	 x15:0x80000001 x10:0x00000000 x15=0x00000000
      111915000	     11092	80007a02	f8c37b93	andi	x23,x6,-116	  x6:0x13da7906 x23=0x13da7904
      111925000	     11093	80007a06	01781463	bne	x16,x23,80007a0e	 x16:0x95800000 x23:0x13da7904
      111955000	     11096	80007a0e	0161e333	or	x6,x3,x22	  x3:0x01000000 x22:0x0a9870fb  x6=0x0b9870fb
      111965000	     11097	80007a12	01e75e93	srli	x29,x14,0x1e	 x14:0x0000012b x29=0x00000000
      111975000	     11098	80007a16	8d15	c.sub	x10,x13	 x10:0x00000000 x13:0xa01237ae x10=0x5fedc852
      111985000	     11099	80007a18	01b6b6b3	sltu	x13,x13,x27	 x13:0xa01237ae x27:0x0000001a x13=0x00000000
      111995000	     11100	80007a1c	cf0d	c.beqz	x14,80007a56	 x14:0x0000012b
      112005000	     11101	80007a1e	01c9d293	srli	x5,x19,0x1c	 x19:0x00000000  x5=0x00000000
      112015000	     11102	80007a22	616d	c.addi16sp	x2,240	  x2:0xffffc000  x2=0xffffc0f0
      112055000	     11106	80007a24	039a3ab3	mulhu	x21,x20,x25	 x20:0x80000000 x25:0xfffffb79 x21=0x7ffffdbc
      112065000	     11107	80007a28	4107da33	sra	x20,x15,x16	 x15:0x00000000 x16:0x95800000 x20=0x00000000
      112105000	     11111	80007a2c	033b1eb3	mulh	x29,x22,x19	 x22:0x0a9870fb x19:0x00000000 x29=0x00000000
      112125000	     11113	80007a30	02534eb3	div	x29,x6,x5	  x6:0x0b9870fb  x5:0x00000000 x29=0xffffffff
      112135000	     11114	80007a34	84c9	c.srai	x9,0x12	  x9:0x00000000  x9=0x00000000
      112145000	     11115	80007a36	47a5	c.li	x15,9	 x15=0x00000009
      112155000	     11116	80007a38	40705533	sra	x10,x0,x7	  x0:0x00000000  x7:0x000003c4 x10=0x00000000
      112525000	     11153	80007a3c	035f7133	remu	x2,x30,x21	 x30:0x00000017 x21:0x7ffffdbc  x2=0x00000017
      112535000	     11154	80007a40	00ea1ab3	sll	x21,x20,x14	 x20:0x00000000 x14:0x0000012b x21=0x00000000
      112545000	     11155	80007a44	dc0b4013	xori	x0,x22,-576	 x22:0x0a9870fb  x0=0x00000000
      112555000	     11156	80007a48	032a1363	bne	x20,x18,80007a6e	 x20:0x00000000 x18:0xfffffb79
      112585000	     11159	80007a6e	1365aa93	slti	x21,x11,310	 x11:0xf45ce9d6 x21=0x00000001
      112595000	     11160	80007a72	02d3fb63	bgeu	x7,x13,80007aa8	  x7:0x000003c4 x13:0x00000000
      112615000	     11162	80007aa8	8d65	c.and	x10,x9	 x10:0x00000000  x9:0x00000000 x10=0x00000000
      112625000	     11163	80007aaa	a1efaf13	slti	x30,x31,-1506	 x31:0x00000000 x30=0x00000000
      112635000	     11164	80007aae	00eb35b3	sltu	x11,x22,x14	 x22:0x0a9870fb x14:0x0000012b x11=0x00000000
      112655000	     11166	80007ab2	02adf0b3	remu	x1,x27,x10	 x27:0x0000001a x10:0x00000000  x1=0x0000001a
      112665000	     11167	80007ab6	e199	c.bnez	x11,80007abc	 x11:0x00000000
      112675000	     11168	80007ab8	02721463	bne	x4,x7,80007ae0	  x4:0x0000001b  x7:0x000003c4
      112695000	     11170	80007ae0	99fd	c.andi	x11,-1	 x11:0x00000000 x11=0x00000000
      112705000	     11171	80007ae2	0027ac33	slt	x24,x15,x2	 x15:0x00000009  x2:0x00000017 x24=0x00000001
      112715000	     11172	80007ae6	412e0d33	sub	x26,x28,x18	 x28:0x80021e64 x18:0xfffffb79 x26=0x800222eb
      112725000	     11173	80007aea	01209693	slli	x13,x1,0x12	  x1:0x0000001a x13=0x00680000
      112735000	     11174	80007aee	8d05	c.sub	x10,x9	 x10:0x00000000  x9:0x00000000 x10=0x00000000
      112745000	     11175	80007af0	83a5	c.srli	x15,0x9	 x15:0x00000009 x15=0x00000000
      112755000	     11176	80007af2	8715	c.srai	x14,0x5	 x14:0x0000012b x14=0x00000009
      112765000	     11177	80007af4	007151b3	srl	x3,x2,x7	  x2:0x00000017  x7:0x000003c4  x3=0x00000001
      112775000	     11178	80007af8	4d1dec13	ori	x24,x27,1233	 x27:0x0000001a x24=0x000004db
      112785000	     11179	80007afc	93980593	addi	x11,x16,-1735	 x16:0x95800000 x11=0x957ff939
      112795000	     11180	80007b00	00b17d33	and	x26,x2,x11	  x2:0x00000017 x11:0x957ff939 x26=0x00000011
      112805000	     11181	80007b04	657d	c.lui	x10,0x1f	 x10=0x0001f000
      112825000	     11183	80007b06	02f8c933	div	x18,x17,x15	 x17:0x6f5c0000 x15:0x00000000 x18=0xffffffff
      113195000	     11220	80007b0a	031f7d33	remu	x26,x30,x17	 x30:0x00000000 x17:0x6f5c0000 x26=0x00000000
      113235000	     11224	80007b0e	0235bb33	mulhu	x22,x11,x3	 x11:0x957ff939  x3:0x00000001 x22=0x00000000
      113245000	     11225	80007b12	8fbd	c.xor	x15,x15	 x15:0x00000000 x15:0x00000000 x15=0x00000000
      113255000	     11226	80007b14	40680ab3	sub	x21,x16,x6	 x16:0x95800000  x6:0x0b9870fb x21=0x89e78f05
      113285000	     11229	80007b18	036784b3	mul	x9,x15,x22	 x15:0x00000000 x22:0x00000000  x9=0x00000000
      113295000	     11230	80007b1c	01355493	srli	x9,x10,0x13	 x10:0x0001f000  x9=0x00000000
      113305000	     11231	80007b20	c989	c.beqz	x11,80007b32	 x11:0x957ff939
      113315000	     11232	80007b22	00fb9233	sll	x4,x23,x15	 x23:0x13da7904 x15:0x00000000  x4=0x13da7904
      113325000	     11233	80007b26	01b0dd63	bge	x1,x27,80007b40	  x1:0x0000001a x27:0x0000001a
      113345000	     11235	80007b40	027a5363	bge	x20,x7,80007b66	 x20:0x00000000  x7:0x000003c4
      113355000	     11236	80007b44	00dd0933	add	x18,x26,x13	 x26:0x00000000 x13:0x00680000 x18=0x00680000
      113365000	     11237	80007b48	05de	c.slli	x11,0x17	 x11:0x957ff939 x11=0x9c800000
      113385000	     11239	80007b4a	03fbc333	div	x6,x23,x31	 x23:0x13da7904 x31:0x00000000  x6=0xffffffff
      113395000	     11240	80007b4e	c199	c.beqz	x11,80007b54	 x11:0x9c800000
      113405000	     11241	80007b50	8e91	c.sub	x13,x12	 x13:0x00680000 x12:0x80025ce4 x13=0x8065a31c
      113415000	     11242	80007b52	ca8d	c.beqz	x13,80007b84	 x13:0x8065a31c
      113425000	     11243	80007b54	6f61	c.lui	x30,0x18	 x30=0x00018000
      113435000	     11244	80007b56	8e89	c.sub	x13,x10	 x13:0x8065a31c x10:0x0001f000 x13=0x8063b31c
      113445000	     11245	80007b58	00495463	bge	x18,x4,80007b60	 x18:0x00680000  x4:0x13da7904
      113455000	     11246	80007b5c	00a93233	sltu	x4,x18,x10	 x18:0x00680000 x10:0x0001f000  x4=0x00000000
      113465000	     11247	80007b60	003a3933	sltu	x18,x20,x3	 x20:0x00000000  x3:0x00000001 x18=0x00000001
      113475000	     11248	80007b64	0001	c.addi	x0,0	  x0:0x00000000  x0=0x00000000
      113485000	     11249	80007b66	00e022b3	slt	x5,x0,x14	  x0:0x00000000 x14:0x00000009  x5=0x00000001
      113495000	     11250	80007b6a	80dd	c.srli	x9,0x17	  x9:0x00000000  x9=0x00000000
      113525000	     11253	80007b6c	02020033	mul	x0,x4,x0	  x4:0x00000000  x0:0x00000000  x0=0x00000000
      113535000	     11254	80007b70	0001	c.addi	x0,0	  x0:0x00000000  x0=0x00000000
      113545000	     11255	80007b72	9a310f13	addi	x30,x2,-1629	  x2:0x00000017 x30=0xfffff9ba
      113555000	     11256	80007b76	008e0233	add	x4,x28,x8	 x28:0x80021e64  x8:0x80000000  x4=0x00021e64
      113565000	     11257	80007b7a	01057d33	and	x26,x10,x16	 x10:0x0001f000 x16:0x95800000 x26=0x00000000
      113575000	     11258	80007b7e	0155a933	slt	x18,x11,x21	 x11:0x9c800000 x21:0x89e78f05 x18=0x00000000
      113585000	     11259	80007b82	0001	c.addi	x0,0	  x0:0x00000000  x0=0x00000000
      113595000	     11260	80007b84	017c5f33	srl	x30,x24,x23	 x24:0x000004db x23:0x13da7904 x30=0x0000004d
      113605000	     11261	80007b88	0966	c.slli	x18,0x19	 x18:0x00000000 x18=0x00000000
      113615000	     11262	80007b8a	e489	c.bnez	x9,80007b94	  x9:0x00000000
      113625000	     11263	80007b8c	416bd1b3	sra	x3,x23,x22	 x23:0x13da7904 x22:0x00000000  x3=0x13da7904
      113635000	     11264	80007b90	40330a33	sub	x20,x6,x3	  x6:0xffffffff  x3:0x13da7904 x20=0xec2586fb
      113645000	     11265	80007b94	61f1	c.lui	x3,0x1c	  x3=0x0001c000
      113655000	     11266	80007b96	41ee0133	sub	x2,x28,x30	 x28:0x80021e64 x30:0x0000004d  x2=0x80021e17
      113665000	     11267	80007b9a	0001	c.addi	x0,0	  x0:0x00000000  x0=0x00000000
      113675000	     11268	80007b9c	9d8a	c.add	x27,x2	 x27:0x0000001a  x2:0x80021e17 x27=0x80021e31
      113685000	     11269	80007b9e	088a	c.slli	x17,0x2	 x17:0x6f5c0000 x17=0xbd700000
      113695000	     11270	80007ba0	010d5ab3	srl	x21,x26,x16	 x26:0x00000000 x16:0x95800000 x21=0x00000000
      113705000	     11271	80007ba4	01cf61b3	or	x3,x30,x28	 x30:0x0000004d x28:0x80021e64  x3=0x80021e6d
      113715000	     11272	80007ba8	8bb1	c.andi	x15,12	 x15:0x00000000 x15=0x00000000
      113725000	     11273	80007baa	02da	c.slli	x5,0x16	  x5:0x00000001  x5=0x00400000
      113735000	     11274	80007bac	40c35b93	srai	x23,x6,0xc	  x6:0xffffffff x23=0xffffffff
      113745000	     11275	80007bb0	41adb213	sltiu	x4,x27,1050	 x27:0x80021e31  x4=0x00000000
      113775000	     11278	80007bb4	03160f33	mul	x30,x12,x17	 x12:0x80025ce4 x17:0xbd700000 x30=0xf7c00000
      113785000	     11279	80007bb8	00deb6b3	sltu	x13,x29,x13	 x29:0xffffffff x13:0x8063b31c x13=0x00000000
      113795000	     11280	80007bbc	62e9	c.lui	x5,0x1a	  x5=0x0001a000
      113805000	     11281	80007bbe	0085ca33	xor	x20,x11,x8	 x11:0x9c800000  x8:0x80000000 x20=0x1c800000
      113815000	     11282	80007bc2	8d6d	c.and	x10,x11	 x10:0x0001f000 x11:0x9c800000 x10=0x00000000
      113825000	     11283	80007bc4	020d5563	bge	x26,x0,80007bee	 x26:0x00000000  x0:0x00000000
      113855000	     11286	80007bee	00767263	bgeu	x12,x7,80007bf2	 x12:0x80025ce4  x7:0x000003c4
      113885000	     11289	80007bf2	40c08713	addi	x14,x1,1036	  x1:0x0000001a x14=0x00000426
      113895000	     11290	80007bf6	30b1ae93	slti	x29,x3,779	  x3:0x80021e6d x29=0x00000001
      113905000	     11291	80007bfa	97e2	c.add	x15,x24	 x15:0x00000000 x24:0x000004db x15=0x000004db
      113915000	     11292	80007bfc	62f1	c.lui	x5,0x1c	  x5=0x0001c000
      113925000	     11293	80007bfe	81c5	c.srli	x11,0x11	 x11:0x9c800000 x11=0x00004e40
      113935000	     11294	80007c00	00e71b33	sll	x22,x14,x14	 x14:0x00000426 x14:0x00000426 x22=0x00010980
      113945000	     11295	80007c04	0001	c.addi	x0,0	  x0:0x00000000  x0=0x00000000
      113955000	     11296	80007c06	de54a113	slti	x2,x9,-539	  x9:0x00000000  x2=0x00000000
      113965000	     11297	80007c0a	01fd8d33	add	x26,x27,x31	 x27:0x80021e31 x31:0x00000000 x26=0x80021e31
      113975000	     11298	80007c0e	41f55a13	srai	x20,x10,0x1f	 x10:0x00000000 x20=0x00000000
      113985000	     11299	80007c12	00c14a63	blt	x2,x12,80007c26	  x2:0x00000000 x12:0x80025ce4
      113995000	     11300	80007c16	0031db33	srl	x22,x3,x3	  x3:0x80021e6d  x3:0x80021e6d x22=0x00040010
      114005000	     11301	80007c1a	01b63cb3	sltu	x25,x12,x27	 x12:0x80025ce4 x27:0x80021e31 x25=0x00000000
      114015000	     11302	80007c1e	b97d8313	addi	x6,x27,-1129	 x27:0x80021e31  x6=0x800219c8
      114025000	     11303	80007c22	cf1d	c.beqz	x14,80007c60	 x14:0x00000426
      114035000	     11304	80007c24	8311	c.srli	x14,0x4	 x14:0x00000426 x14=0x00000042
      114045000	     11305	80007c26	00999a13	slli	x20,x19,0x9	 x19:0x00000000 x20=0x00000000
      114055000	     11306	80007c2a	8f25	c.xor	x14,x9	 x14:0x00000042  x9:0x00000000 x14=0x00000042
      114065000	     11307	80007c2c	00c5ef33	or	x30,x11,x12	 x11:0x00004e40 x12:0x80025ce4 x30=0x80025ee4
      114075000	     11308	80007c30	8d6e	c.mv	x26,x27	  x0:0x00000000 x27:0x80021e31 x26=0x80021e31
      114085000	     11309	80007c32	409e59b3	sra	x19,x28,x9	 x28:0x80021e64  x9:0x00000000 x19=0x80021e64
      114095000	     11310	80007c36	837d	c.srli	x14,0x1f	 x14:0x00000042 x14=0x00000000
      114105000	     11311	80007c38	5be36b93	ori	x23,x6,1470	  x6:0x800219c8 x23=0x80021dfe
      114115000	     11312	80007c3c	8ff1	c.and	x15,x12	 x15:0x000004db x12:0x80025ce4 x15=0x000004c0
      114135000	     11314	80007c3e	02a3d7b3	divu	x15,x7,x10	  x7:0x000003c4 x10:0x00000000 x15=0xffffffff
      114145000	     11315	80007c42	0ff0000f	fence	iorw,iorw	
      114155000	     11316	80007c46	869e	c.mv	x13,x7	  x0:0x00000000  x7:0x000003c4 x13=0x000003c4
      114165000	     11317	80007c48	0106c7b3	xor	x15,x13,x16	 x13:0x000003c4 x16:0x95800000 x15=0x958003c4
      114175000	     11318	80007c4c	85b6	c.mv	x11,x13	  x0:0x00000000 x13:0x000003c4 x11=0x000003c4
      114215000	     11322	80007c4e	03a53a33	mulhu	x20,x10,x26	 x10:0x00000000 x26:0x80021e31 x20=0x00000000
      114235000	     11324	80007c52	034ec2b3	div	x5,x29,x20	 x29:0x00000001 x20:0x00000000  x5=0xffffffff
      114245000	     11325	80007c56	00468733	add	x14,x13,x4	 x13:0x000003c4  x4:0x00000000 x14=0x000003c4
      114255000	     11326	80007c5a	c7a9	c.beqz	x15,80007ca4	 x15:0x958003c4
      114265000	     11327	80007c5c	1f843693	sltiu	x13,x8,504	  x8:0x80000000 x13=0x00000000
      114275000	     11328	80007c60	01ef82b3	add	x5,x31,x30	 x31:0x00000000 x30:0x80025ee4  x5=0x80025ee4
      114285000	     11329	80007c64	0178ba33	sltu	x20,x17,x23	 x17:0xbd700000 x23:0x80021dfe x20=0x00000000
      114295000	     11330	80007c68	0047ac33	slt	x24,x15,x4	 x15:0x958003c4  x4:0x00000000 x24=0x00000001
      114315000	     11332	80007c6c	02d772b3	remu	x5,x14,x13	 x14:0x000003c4 x13:0x00000000  x5=0x000003c4
      114325000	     11333	80007c70	01fd7b33	and	x22,x26,x31	 x26:0x80021e31 x31:0x00000000 x22=0x00000000
      114335000	     11334	80007c74	0329d063	bge	x19,x18,80007c94	 x19:0x80021e64 x18:0x00000000
      114345000	     11335	80007c78	414159b3	sra	x19,x2,x20	  x2:0x00000000 x20:0x00000000 x19=0x00000000
      114355000	     11336	80007c7c	87c6	c.mv	x15,x17	  x0:0x00000000 x17:0xbd700000 x15=0xbd700000
      114365000	     11337	80007c7e	018799b3	sll	x19,x15,x24	 x15:0xbd700000 x24:0x00000001 x19=0x7ae00000
      114375000	     11338	80007c82	01ebca33	xor	x20,x23,x30	 x23:0x80021dfe x30:0x80025ee4 x20=0x0000431a
      114385000	     11339	80007c86	5fe02c13	slti	x24,x0,1534	  x0:0x00000000 x24=0x00000001
      114395000	     11340	80007c8a	0054b833	sltu	x16,x9,x5	  x9:0x00000000  x5:0x000003c4 x16=0x00000001
      114405000	     11341	80007c8e	40b300b3	sub	x1,x6,x11	  x6:0x800219c8 x11:0x000003c4  x1=0x80021604
      114415000	     11342	80007c92	8749	c.srai	x14,0x12	 x14:0x000003c4 x14=0x00000000
      114425000	     11343	80007c94	038a7363	bgeu	x20,x24,80007cba	 x20:0x0000431a x24:0x00000001
      114455000	     11346	80007cba	02544137	lui	x2,0x2544	  x2=0x02544000
      114465000	     11347	80007cbe	0001	c.addi	x0,0	  x0:0x00000000  x0=0x00000000
      114475000	     11348	80007cc0	587d	c.li	x16,-1	 x16=0xffffffff
      114485000	     11349	80007cc2	8f65	c.and	x14,x9	 x14:0x00000000  x9:0x00000000 x14=0x00000000
      114495000	     11350	80007cc4	41bd86b3	sub	x13,x27,x27	 x27:0x80021e31 x27:0x80021e31 x13=0x00000000
      114505000	     11351	80007cc8	04444163	blt	x8,x4,80007d0a	  x8:0x80000000  x4:0x00000000
      114525000	     11353	80007d0a	131c	c.addi4spn	x15,x2,416	 x15=0x025441a0
      114535000	     11354	80007d0c	6175	c.addi16sp	x2,368	  x2:0x02544000  x2=0x02544170
      114545000	     11355	80007d0e	0a08	c.addi4spn	x10,x2,272	 x10=0x02544280
      114555000	     11356	80007d10	71d08693	addi	x13,x1,1821	  x1:0x80021604 x13=0x80021d21
      114565000	     11357	80007d14	16dcc137	lui	x2,0x16dcc	  x2=0x16dcc000
      114575000	     11358	80007d18	0001	c.addi	x0,0	  x0:0x00000000  x0=0x00000000
      114585000	     11359	80007d1a	01178a33	add	x20,x15,x17	 x15:0x025441a0 x17:0xbd700000 x20=0xbfc441a0
      114595000	     11360	80007d1e	c862d4b7	lui	x9,0xc862d	  x9=0xc862d000
      114605000	     11361	80007d22	8ee5	c.and	x13,x9	 x13:0x80021d21  x9:0xc862d000 x13=0x80021000
      114615000	     11362	80007d24	00f01313	slli	x6,x0,0xf	  x0:0x00000000  x6=0x00000000
      114635000	     11364	80007d28	036943b3	div	x7,x18,x22	 x18:0x00000000 x22:0x00000000  x7=0xffffffff
      114675000	     11368	80007d2c	021e37b3	mulhu	x15,x28,x1	 x28:0x80021e64  x1:0x80021604 x15=0x40021a38
      114685000	     11369	80007d30	8a7a	c.mv	x20,x30	  x0:0x00000000 x30:0x80025ee4 x20=0x80025ee4
      114695000	     11370	80007d32	5ffd	c.li	x31,-1	 x31=0xffffffff
      114705000	     11371	80007d34	01c41693	slli	x13,x8,0x1c	  x8:0x80000000 x13=0x00000000
      114715000	     11372	80007d38	6931	c.lui	x18,0xc	 x18=0x0000c000
      114725000	     11373	80007d3a	e1c03537	lui	x10,0xe1c03	 x10=0xe1c03000
      115095000	     11410	80007d3e	02b7e4b3	rem	x9,x15,x11	 x15:0x40021a38 x11:0x000003c4  x9=0x000003c0
      115105000	     11411	80007d42	011263b3	or	x7,x4,x17	  x4:0x00000000 x17:0xbd700000  x7=0xbd700000
      115475000	     11448	80007d46	031f4233	div	x4,x30,x17	 x30:0x80025ee4 x17:0xbd700000  x4=0x00000001
      115515000	     11452	80007d4a	026aa1b3	mulhsu	x3,x21,x6	 x21:0x00000000  x6:0x00000000  x3=0x00000000
      115885000	     11489	80007d4e	03e26533	rem	x10,x4,x30	  x4:0x00000001 x30:0x80025ee4 x10=0x00000001
      115895000	     11490	80007d52	8341	c.srli	x14,0x10	 x14:0x00000000 x14=0x00000000
      115905000	     11491	80007d54	8f75	c.and	x14,x13	 x14:0x00000000 x13:0x00000000 x14=0x00000000
      115915000	     11492	80007d56	0095c1b3	xor	x3,x11,x9	 x11:0x000003c4  x9:0x000003c0  x3=0x00000004
      115925000	     11493	80007d5a	89ad	c.andi	x11,11	 x11:0x000003c4 x11=0x00000000
      115935000	     11494	80007d5c	996e	c.add	x18,x27	 x18:0x0000c000 x27:0x80021e31 x18=0x8002de31
      115945000	     11495	80007d5e	1d84	c.addi4spn	x9,x2,752	  x9=0x16dcc2f0
      116315000	     11532	80007d60	03d34533	div	x10,x6,x29	  x6:0x00000000 x29:0x00000001 x10=0x00000000
      116345000	     11535	80007d64	02710033	mul	x0,x2,x7	  x2:0x16dcc000  x7:0xbd700000  x0=0x00000000
      116355000	     11536	80007d68	0f21	c.addi	x30,8	 x30:0x80025ee4 x30=0x80025eec
      116365000	     11537	80007d6a	0171ba33	sltu	x20,x3,x23	  x3:0x00000004 x23:0x80021dfe x20=0x00000001
      116375000	     11538	80007d6e	40fa06b3	sub	x13,x20,x15	 x20:0x00000001 x15:0x40021a38 x13=0xbffde5c9
      116385000	     11539	80007d72	9b6a	c.add	x22,x26	 x22:0x00000000 x26:0x80021e31 x22=0x80021e31
      116395000	     11540	80007d74	8535	c.srai	x10,0xd	 x10:0x00000000 x10=0x00000000
      116405000	     11541	80007d76	99fd	c.andi	x11,-1	 x11:0x00000000 x11=0x00000000
      116445000	     11545	80007d78	03a73a33	mulhu	x20,x14,x26	 x14:0x00000000 x26:0x80021e31 x20=0x00000000
      116455000	     11546	80007d7c	011dfd63	bgeu	x27,x17,80007d96	 x27:0x80021e31 x17:0xbd700000
      116465000	     11547	80007d80	41c7d2b3	sra	x5,x15,x28	 x15:0x40021a38 x28:0x80021e64  x5=0x040021a3
      116475000	     11548	80007d84	00d99d33	sll	x26,x19,x13	 x19:0x7ae00000 x13:0xbffde5c9 x26=0xc0000000
      116485000	     11549	80007d88	c2a1	c.beqz	x13,80007dc8	 x13:0xbffde5c9
      116495000	     11550	80007d8a	cde6f693	andi	x13,x13,-802	 x13:0xbffde5c9 x13=0xbffde4c8
      116505000	     11551	80007d8e	01cd7333	and	x6,x26,x28	 x26:0xc0000000 x28:0x80021e64  x6=0x80000000
      116515000	     11552	80007d92	00c227b3	slt	x15,x4,x12	  x4:0x00000001 x12:0x80025ce4 x15=0x00000000
      116525000	     11553	80007d96	0040df13	srli	x30,x1,0x4	  x1:0x80021604 x30=0x08002160
      116535000	     11554	80007d9a	81ea	c.mv	x3,x26	  x0:0x00000000 x26:0xc0000000  x3=0xc0000000
      116545000	     11555	80007d9c	01235c13	srli	x24,x6,0x12	  x6:0x80000000 x24=0x00002000
      116555000	     11556	80007da0	4028d893	srai	x17,x17,0x2	 x17:0xbd700000 x17=0xef5c0000
      116565000	     11557	80007da4	002f9933	sll	x18,x31,x2	 x31:0xffffffff  x2:0x16dcc000 x18=0xffffffff
      116605000	     11561	80007da8	03aa10b3	mulh	x1,x20,x26	 x20:0x00000000 x26:0xc0000000  x1=0x00000000
      116975000	     11598	80007dac	031acbb3	div	x23,x21,x17	 x21:0x00000000 x17:0xef5c0000 x23=0x00000000
      117015000	     11602	80007db0	032618b3	mulh	x17,x12,x18	 x12:0x80025ce4 x18:0xffffffff x17=0x00000000
      117025000	     11603	80007db4	0ff0000f	fence	iorw,iorw	
      117035000	     11604	80007db8	8b36	c.mv	x22,x13	  x0:0x00000000 x13:0xbffde4c8 x22=0xbffde4c8
      117045000	     11605	80007dba	01ccfb33	and	x22,x25,x28	 x25:0x00000000 x28:0x80021e64 x22=0x00000000
      117055000	     11606	80007dbe	0011bc33	sltu	x24,x3,x1	  x3:0xc0000000  x1:0x00000000 x24=0x00000000
      117065000	     11607	80007dc2	4c9fa393	slti	x7,x31,1225	 x31:0xffffffff  x7=0x00000001
      117075000	     11608	80007dc6	8f7d	c.and	x14,x15	 x14:0x00000000 x15:0x00000000 x14=0x00000000
      117085000	     11609	80007dc8	8f3d	c.xor	x14,x15	 x14:0x00000000 x15:0x00000000 x14=0x00000000
      117095000	     11610	80007dca	0001	c.addi	x0,0	  x0:0x00000000  x0=0x00000000
      117125000	     11613	80007dcc	037306b3	mul	x13,x6,x23	  x6:0x80000000 x23:0x00000000 x13=0x00000000
      117135000	     11614	80007dd0	8cf1	c.and	x9,x12	  x9:0x16dcc2f0 x12:0x80025ce4  x9=0x000040e0
      117145000	     11615	80007dd2	8d59	c.or	x10,x14	 x10:0x00000000 x14:0x00000000 x10=0x00000000
      117155000	     11616	80007dd4	010dd833	srl	x16,x27,x16	 x27:0x80021e31 x16:0xffffffff x16=0x00000001
      117165000	     11617	80007dd8	013f9a93	slli	x21,x31,0x13	 x31:0xffffffff x21=0xfff80000
      117175000	     11618	80007ddc	41830f33	sub	x30,x6,x24	  x6:0x80000000 x24:0x00000000 x30=0x80000000
      117185000	     11619	80007de0	eb95	c.bnez	x15,80007e14	 x15:0x00000000
      117195000	     11620	80007de2	00ec9463	bne	x25,x14,80007dea	 x25:0x00000000 x14:0x00000000
      117205000	     11621	80007de6	f16c8f93	addi	x31,x25,-234	 x25:0x00000000 x31=0xffffff16
      117215000	     11622	80007dea	d3737d93	andi	x27,x6,-713	  x6:0x80000000 x27=0x80000000
      117585000	     11659	80007dee	029c7333	remu	x6,x24,x9	 x24:0x00000000  x9:0x000040e0  x6=0x00000000
      117595000	     11660	80007df2	03b6	c.slli	x7,0xd	  x7:0x00000001  x7=0x00002000
      117605000	     11661	80007df4	80d9	c.srli	x9,0x16	  x9:0x000040e0  x9=0x00000000
      117615000	     11662	80007df6	002ffc63	bgeu	x31,x2,80007e0e	 x31:0xffffff16  x2:0x16dcc000
      117645000	     11665	80007e0e	01a986b3	add	x13,x19,x26	 x19:0x7ae00000 x26:0xc0000000 x13=0x3ae00000
      117655000	     11666	80007e12	997d	c.andi	x10,-1	 x10:0x00000000 x10=0x00000000
      117665000	     11667	80007e14	8f41	c.or	x14,x8	 x14:0x00000000  x8:0x80000000 x14=0x80000000
      117675000	     11668	80007e16	8b89	c.andi	x15,2	 x15:0x00000000 x15=0x00000000
      117685000	     11669	80007e18	cd9d	c.beqz	x11,80007e56	 x11:0x00000000
      117705000	     11671	80007e56	0994	c.addi4spn	x13,x2,208	 x13=0x16dcc0d0
      117715000	     11672	80007e58	408cdeb3	sra	x29,x25,x8	 x25:0x00000000  x8:0x80000000 x29=0x00000000
      117725000	     11673	80007e5c	a57bfb37	lui	x22,0xa57bf	 x22=0xa57bf000
      117735000	     11674	80007e60	ca8da213	slti	x4,x27,-856	 x27:0x80000000  x4=0x00000001
      117745000	     11675	80007e64	0000100f	fence.i	
      117765000	     11677	80007e68	015a45b3	xor	x11,x20,x21	 x20:0x00000000 x21:0xfff80000 x11=0xfff80000
      117775000	     11678	80007e6c	0001	c.addi	x0,0	  x0:0x00000000  x0=0x00000000
      117785000	     11679	80007e6e	4099	c.li	x1,6	  x1=0x00000006
      117795000	     11680	80007e70	00f3c6b3	xor	x13,x7,x15	  x7:0x00002000 x15:0x00000000 x13=0x00002000
      117805000	     11681	80007e74	0cc6	c.slli	x25,0x11	 x25:0x00000000 x25=0x00000000
      117815000	     11682	80007e76	407d5c33	sra	x24,x26,x7	 x26:0xc0000000  x7:0x00002000 x24=0xc0000000
      117825000	     11683	80007e7a	8546	c.mv	x10,x17	  x0:0x00000000 x17:0x00000000 x10=0x00000000
      117835000	     11684	80007e7c	012e3fb3	sltu	x31,x28,x18	 x28:0x80021e64 x18:0xffffffff x31=0x00000001
      117845000	     11685	80007e80	00e323b3	slt	x7,x6,x14	  x6:0x00000000 x14:0x80000000  x7=0x00000000
      117855000	     11686	80007e84	be693a13	sltiu	x20,x18,-1050	 x18:0xffffffff x20=0x00000000
      117865000	     11687	80007e88	0c8e	c.slli	x25,0x3	 x25:0x00000000 x25=0x00000000
      117875000	     11688	80007e8a	97ca	c.add	x15,x18	 x15:0x00000000 x18:0xffffffff x15=0xffffffff
      117895000	     11690	80007e8c	0204c833	div	x16,x9,x0	  x9:0x00000000  x0:0x00000000 x16=0xffffffff
      117905000	     11691	80007e90	005f7663	bgeu	x30,x5,80007e9c	 x30:0x80000000  x5:0x040021a3
      117925000	     11693	80007e9c	0000100f	fence.i	
      117945000	     11695	80007ea0	ed15	c.bnez	x10,80007edc	 x10:0x00000000
      118315000	     11732	80007ea2	02ff6133	rem	x2,x30,x15	 x30:0x80000000 x15:0xffffffff  x2=0x00000000
      118325000	     11733	80007ea6	8a22	c.mv	x20,x8	  x0:0x00000000  x8:0x80000000 x20=0x80000000
      118335000	     11734	80007ea8	0ff0000f	fence	iorw,iorw	
      118345000	     11735	80007eac	a2823113	sltiu	x2,x4,-1496	  x4:0x00000001  x2=0x00000001
      118355000	     11736	80007eb0	717d	c.addi16sp	x2,-16	  x2:0x00000001  x2=0xfffffff1
      118365000	     11737	80007eb2	00bda8b3	slt	x17,x27,x11	 x27:0x80000000 x11:0xfff80000 x17=0x00000001
      118375000	     11738	80007eb6	0ff0000f	fence	iorw,iorw	
      118385000	     11739	80007eba	6171	c.addi16sp	x2,336	  x2:0xfffffff1  x2=0x00000141
      118395000	     11740	80007ebc	8d31	c.xor	x10,x12	 x10:0x00000000 x12:0x80025ce4 x10=0x80025ce4
      118405000	     11741	80007ebe	0001	c.addi	x0,0	  x0:0x00000000  x0=0x00000000
      118415000	     11742	80007ec0	c1b9	c.beqz	x11,80007f06	 x11:0xfff80000
      118435000	     11744	80007ec2	0264eb33	rem	x22,x9,x6	  x9:0x00000000  x6:0x00000000 x22=0x00000000
      118455000	     11746	80007ec6	0278fdb3	remu	x27,x17,x7	 x17:0x00000001  x7:0x00000000 x27=0x00000001
      118465000	     11747	80007eca	98fd	c.andi	x9,-1	  x9:0x00000000  x9=0x00000000
      118475000	     11748	80007ecc	035a9563	bne	x21,x21,80007ef6	 x21:0xfff80000 x21:0xfff80000
      118485000	     11749	80007ed0	fba2f2b7	lui	x5,0xfba2f	  x5=0xfba2f000
      118495000	     11750	80007ed4	0a9a	c.slli	x21,0x6	 x21:0xfff80000 x21=0xfe000000
      118505000	     11751	80007ed6	997d	c.andi	x10,-1	 x10:0x80025ce4 x10=0x80025ce4
      118515000	     11752	80007ed8	02f9d963	bge	x19,x15,80007f0a	 x19:0x7ae00000 x15:0xffffffff
      118535000	     11754	80007f0a	8efd	c.and	x13,x15	 x13:0x00002000 x15:0xffffffff x13=0x00002000
      118545000	     11755	80007f0c	03a88063	beq	x17,x26,80007f2c	 x17:0x00000001 x26:0xc0000000
      118555000	     11756	80007f10	e79d	c.bnez	x15,80007f3e	 x15:0xffffffff
      118945000	     11795	80007f3e	0312f4b3	remu	x9,x5,x17	  x5:0xfba2f000 x17:0x00000001  x9=0x00000000
      118955000	     11796	80007f42	1efd	c.addi	x29,-1	 x29:0x00000000 x29=0xffffffff
      118995000	     11800	80007f44	03c438b3	mulhu	x17,x8,x28	  x8:0x80000000 x28:0x80021e64 x17=0x40010f32
      119005000	     11801	80007f48	0001	c.addi	x0,0	  x0:0x00000000  x0=0x00000000
      119015000	     11802	80007f4a	12fd	c.addi	x5,-1	  x5:0xfba2f000  x5=0xfba2efff
      119045000	     11805	80007f4c	020f8bb3	mul	x23,x31,x0	 x31:0x00000001  x0:0x00000000 x23=0x00000000
      119055000	     11806	80007f50	015306b3	add	x13,x6,x21	  x6:0x00000000 x21:0xfe000000 x13=0xfe000000
      119065000	     11807	80007f54	0a5e	c.slli	x20,0x17	 x20:0x80000000 x20=0x00000000
      119075000	     11808	80007f56	012c4733	xor	x14,x24,x18	 x24:0xc0000000 x18:0xffffffff x14=0x3fffffff
      119445000	     11845	80007f5a	02ffcab3	div	x21,x31,x15	 x31:0x00000001 x15:0xffffffff x21=0xffffffff
      119455000	     11846	80007f5e	ccf90513	addi	x10,x18,-817	 x18:0xffffffff x10=0xfffffcce
      119465000	     11847	80007f62	1d202c93	slti	x25,x0,466	  x0:0x00000000 x25=0x00000001
      119475000	     11848	80007f66	4c71	c.li	x24,28	 x24=0x0000001c
      119485000	     11849	80007f68	88ed	c.andi	x9,27	  x9:0x00000000  x9=0x00000000
      119525000	     11853	80007f6a	0393a6b3	mulhsu	x13,x7,x25	  x7:0x00000000 x25:0x00000001 x13=0x00000000
      119535000	     11854	80007f6e	8f49	c.or	x14,x10	 x14:0x3fffffff x10:0xfffffcce x14=0xffffffff
      119545000	     11855	80007f70	01aa0363	beq	x20,x26,80007f76	 x20:0x00000000 x26:0xc0000000
      119555000	     11856	80007f74	8109	c.srli	x10,0x2	 x10:0xfffffcce x10=0x3fffff33
      119565000	     11857	80007f76	09b1	c.addi	x19,12	 x19:0x7ae00000 x19=0x7ae0000c
      119575000	     11858	80007f78	83e9	c.srli	x15,0x1a	 x15:0xffffffff x15=0x0000003f
      119585000	     11859	80007f7a	005ac0b3	xor	x1,x21,x5	 x21:0xffffffff  x5:0xfba2efff  x1=0x045d1000
      119595000	     11860	80007f7e	d52b4517	auipc	x10,0xd52b4	 x10=0x552bbf7e
      119605000	     11861	80007f82	01f04eb3	xor	x29,x0,x31	  x0:0x00000000 x31:0x00000001 x29=0x00000001
      119645000	     11865	80007f86	02b93533	mulhu	x10,x18,x11	 x18:0xffffffff x11:0xfff80000 x10=0xfff7ffff
      119655000	     11866	80007f8a	029e5063	bge	x28,x9,80007faa	 x28:0x80021e64  x9:0x00000000
      119665000	     11867	80007f8e	00f663b3	or	x7,x12,x15	 x12:0x80025ce4 x15:0x0000003f  x7=0x80025cff
      119675000	     11868	80007f92	9dd98b93	addi	x23,x19,-1571	 x19:0x7ae0000c x23=0x7adff9e9
      119685000	     11869	80007f96	8fd5	c.or	x15,x13	 x15:0x0000003f x13:0x00000000 x15=0x0000003f
      120055000	     11906	80007f98	028f7ab3	remu	x21,x30,x8	 x30:0x80000000  x8:0x80000000 x21=0x00000000
      120065000	     11907	80007f9c	03b8e463	bltu	x17,x27,80007fc4	 x17:0x40010f32 x27:0x00000001
      120075000	     11908	80007fa0	0df6	c.slli	x27,0x1d	 x27:0x00000001 x27=0x20000000
      120085000	     11909	80007fa2	00566ab3	or	x21,x12,x5	 x12:0x80025ce4  x5:0xfba2efff x21=0xfba2ffff
      120095000	     11910	80007fa6	01d7b033	sltu	x0,x15,x29	 x15:0x0000003f x29:0x00000001  x0=0x00000000
      120105000	     11911	80007faa	01557eb3	and	x29,x10,x21	 x10:0xfff7ffff x21:0xfba2ffff x29=0xfba2ffff
      120115000	     11912	80007fae	40ecd313	srai	x6,x25,0xe	 x25:0x00000001  x6=0x00000000
      120125000	     11913	80007fb2	038dd363	bge	x27,x24,80007fd8	 x27:0x20000000 x24:0x0000001c
      120145000	     11915	80007fd8	01d8d9b3	srl	x19,x17,x29	 x17:0x40010f32 x29:0xfba2ffff x19=0x00000000
      120155000	     11916	80007fdc	86b1	c.srai	x13,0xc	 x13:0x00000000 x13=0x00000000
      120165000	     11917	80007fde	40055c33	sra	x24,x10,x0	 x10:0xfff7ffff  x0:0x00000000 x24=0xfff7ffff
      120175000	     11918	80007fe2	0194acb3	slt	x25,x9,x25	  x9:0x00000000 x25:0x00000001 x25=0x00000001
      120185000	     11919	80007fe6	00c09f33	sll	x30,x1,x12	  x1:0x045d1000 x12:0x80025ce4 x30=0x45d10000
      120195000	     11920	80007fea	d3433993	sltiu	x19,x6,-716	  x6:0x00000000 x19=0x00000001
      120205000	     11921	80007fee	01a4f263	bgeu	x9,x26,80007ff2	  x9:0x00000000 x26:0xc0000000
      120215000	     11922	80007ff2	006d1493	slli	x9,x26,0x6	 x26:0xc0000000  x9=0x00000000
      120225000	     11923	80007ff6	05f1	c.addi	x11,28	 x11:0xfff80000 x11=0xfff8001c
      120595000	     11960	80007ff8	023143b3	div	x7,x2,x3	  x2:0x00000141  x3:0xc0000000  x7=0x00000000
      120605000	     11961	80007ffc	409f8c33	sub	x24,x31,x9	 x31:0x00000001  x9:0x00000000 x24=0x00000001
      120615000	     11962	80008000	d197f1b7	lui	x3,0xd197f	  x3=0xd197f000
      120625000	     11963	80008004	407b89b3	sub	x19,x23,x7	 x23:0x7adff9e9  x7:0x00000000 x19=0x7adff9e9
      120635000	     11964	80008008	039c1363	bne	x24,x25,8000802e	 x24:0x00000001 x25:0x00000001
      120645000	     11965	8000800c	8f55	c.or	x14,x13	 x14:0xffffffff x13:0x00000000 x14=0xffffffff
      120655000	     11966	8000800e	9afd	c.andi	x13,-1	 x13:0x00000000 x13=0x00000000
      120665000	     11967	80008010	bf3021b7	lui	x3,0xbf302	  x3=0xbf302000
      120705000	     11971	80008014	03011533	mulh	x10,x2,x16	  x2:0x00000141 x16:0xffffffff x10=0xffffffff
      120745000	     11975	80008018	0202a933	mulhsu	x18,x5,x0	  x5:0xfba2efff  x0:0x00000000 x18=0x00000000
      120755000	     11976	8000801c	01e2cf33	xor	x30,x5,x30	  x5:0xfba2efff x30:0x45d10000 x30=0xbe73efff
      120795000	     11980	80008020	03c12133	mulhsu	x2,x2,x28	  x2:0x00000141 x28:0x80021e64  x2=0x000000a0
      120835000	     11984	80008024	03e13ab3	mulhu	x21,x2,x30	  x2:0x000000a0 x30:0xbe73efff x21=0x00000077
      121205000	     12021	80008028	033f7cb3	remu	x25,x30,x19	 x30:0xbe73efff x19:0x7adff9e9 x25=0x4393f616
      121215000	     12022	8000802c	8f79	c.and	x14,x14	 x14:0xffffffff x14:0xffffffff x14=0xffffffff
      121225000	     12023	8000802e	6739	c.lui	x14,0xe	 x14=0x0000e000
      121235000	     12024	80008030	0ff0000f	fence	iorw,iorw	
      121245000	     12025	80008034	81a5	c.srli	x11,0x9	 x11:0xfff8001c x11=0x007ffc00
      121255000	     12026	80008036	8d99	c.sub	x11,x14	 x11:0x007ffc00 x14:0x0000e000 x11=0x007f1c00
      121275000	     12028	80008038	020acdb3	div	x27,x21,x0	 x21:0x00000077  x0:0x00000000 x27=0xffffffff
      121285000	     12029	8000803c	c999	c.beqz	x11,80008052	 x11:0x007f1c00
      121295000	     12030	8000803e	af3afb13	andi	x22,x21,-1293	 x21:0x00000077 x22=0x00000073
      121315000	     12032	80008042	032e5ab3	divu	x21,x28,x18	 x28:0x80021e64 x18:0x00000000 x21=0xffffffff
      121325000	     12033	80008046	811d	c.srli	x10,0x7	 x10:0xffffffff x10=0x01ffffff
      121345000	     12035	80008048	03455133	divu	x2,x10,x20	 x10:0x01ffffff x20:0x00000000  x2=0xffffffff
      121355000	     12036	8000804c	448b3513	sltiu	x10,x22,1096	 x22:0x00000073 x10=0x00000001
      121365000	     12037	80008050	8f61	c.and	x14,x8	 x14:0x0000e000  x8:0x80000000 x14=0x00000000
      121375000	     12038	80008052	e3b18513	addi	x10,x3,-453	  x3:0xbf302000 x10=0xbf301e3b
      121385000	     12039	80008056	0ff0000f	fence	iorw,iorw	
      121395000	     12040	8000805a	8f3d	c.xor	x14,x15	 x14:0x00000000 x15:0x0000003f x14=0x0000003f
      121405000	     12041	8000805c	02490363	beq	x18,x4,80008082	 x18:0x00000000  x4:0x00000001
      121415000	     12042	80008060	954e	c.add	x10,x19	 x10:0xbf301e3b x19:0x7adff9e9 x10=0x3a101824
      121425000	     12043	80008062	85f1	c.srai	x11,0x1c	 x11:0x007f1c00 x11=0x00000000
      121795000	     12080	80008064	03d1e8b3	rem	x17,x3,x29	  x3:0xbf302000 x29:0xfba2ffff x17=0xfc46200e
      121805000	     12081	80008068	d3b4a913	slti	x18,x9,-709	  x9:0x00000000 x18=0x00000000
      121815000	     12082	8000806c	8549	c.srai	x10,0x12	 x10:0x3a101824 x10=0x00000e84
      121825000	     12083	8000806e	612d	c.addi16sp	x2,224	  x2:0xffffffff  x2=0x000000df
      121835000	     12084	80008070	8ed5	c.or	x13,x13	 x13:0x00000000 x13:0x00000000 x13=0x00000000
      121845000	     12085	80008072	404459b3	sra	x19,x8,x4	  x8:0x80000000  x4:0x00000001 x19=0xc0000000
      121855000	     12086	80008076	00db1f33	sll	x30,x22,x13	 x22:0x00000073 x13:0x00000000 x30=0x00000073
      121895000	     12090	8000807a	0203bd33	mulhu	x26,x7,x0	  x7:0x00000000  x0:0x00000000 x26=0x00000000
      121935000	     12094	8000807e	025f2db3	mulhsu	x27,x30,x5	 x30:0x00000073  x5:0xfba2efff x27=0x00000071
      121945000	     12095	80008082	017c79b3	and	x19,x24,x23	 x24:0x00000001 x23:0x7adff9e9 x19=0x00000001
      121955000	     12096	80008086	4471e117	auipc	x2,0x4471e	  x2=0xc4726086
      121965000	     12097	8000808a	8521	c.srai	x10,0x8	 x10:0x00000e84 x10=0x0000000e
      121975000	     12098	8000808c	0061d1b3	srl	x3,x3,x6	  x3:0xbf302000  x6:0x00000000  x3=0xbf302000
      122345000	     12135	80008090	03f77a33	remu	x20,x14,x31	 x14:0x0000003f x31:0x00000001 x20=0x00000000
      122355000	     12136	80008094	854d	c.srai	x10,0x13	 x10:0x0000000e x10=0x00000000
      122365000	     12137	80008096	41d5d913	srai	x18,x11,0x1d	 x11:0x00000000 x18=0x00000000
      122375000	     12138	8000809a	01abd0b3	srl	x1,x23,x26	 x23:0x7adff9e9 x26:0x00000000  x1=0x7adff9e9
      122395000	     12140	8000809e	03aacd33	div	x26,x21,x26	 x21:0xffffffff x26:0x00000000 x26=0xffffffff
      122405000	     12141	800080a2	0000100f	fence.i	
      122425000	     12143	800080a6	8cc9	c.or	x9,x10	  x9:0x00000000 x10:0x00000000  x9=0x00000000
      122435000	     12144	800080a8	d8cffa13	andi	x20,x31,-628	 x31:0x00000001 x20=0x00000000
      122445000	     12145	800080ac	0001	c.addi	x0,0	  x0:0x00000000  x0=0x00000000
      122455000	     12146	800080ae	0529	c.addi	x10,10	 x10:0x00000000 x10=0x0000000a
      122465000	     12147	800080b0	03a2e663	bltu	x5,x26,800080dc	  x5:0xfba2efff x26:0xffffffff
      122485000	     12149	800080dc	00115f13	srli	x30,x2,0x1	  x2:0xc4726086 x30=0x62393043
      122495000	     12150	800080e0	000fd963	bge	x31,x0,800080f2	 x31:0x00000001  x0:0x00000000
      122525000	     12153	800080f2	8fb30093	addi	x1,x6,-1797	  x6:0x00000000  x1=0xfffff8fb
      122535000	     12154	800080f6	41278c33	sub	x24,x15,x18	 x15:0x0000003f x18:0x00000000 x24=0x0000003f
      122545000	     12155	800080fa	1d0c	c.addi4spn	x11,x2,688	 x11=0xc4726336
      122555000	     12156	800080fc	8d21	c.xor	x10,x8	 x10:0x0000000a  x8:0x80000000 x10=0x8000000a
      122565000	     12157	800080fe	090a	c.slli	x18,0x2	 x18:0x00000000 x18=0x00000000
      122575000	     12158	80008100	41030033	sub	x0,x6,x16	  x6:0x00000000 x16:0xffffffff  x0=0x00000000
      122585000	     12159	80008104	01d8e563	bltu	x17,x29,8000810e	 x17:0xfc46200e x29:0xfba2ffff
      122595000	     12160	80008108	0001	c.addi	x0,0	  x0:0x00000000  x0=0x00000000
      122635000	     12164	8000810a	02ea1533	mulh	x10,x20,x14	 x20:0x00000000 x14:0x0000003f x10=0x00000000
      122645000	     12165	8000810e	41700333	sub	x6,x0,x23	  x0:0x00000000 x23:0x7adff9e9  x6=0x85200617
      123015000	     12202	80008112	03f7e7b3	rem	x15,x15,x31	 x15:0x0000003f x31:0x00000001 x15=0x00000000
      123025000	     12203	80008116	e927e297	auipc	x5,0xe927e	  x5=0x69286116
      123035000	     12204	8000811a	01ff7bb3	and	x23,x30,x31	 x30:0x62393043 x31:0x00000001 x23=0x00000001
      123045000	     12205	8000811e	0751	c.addi	x14,20	 x14:0x0000003f x14=0x00000053
      123055000	     12206	80008120	4078d513	srai	x10,x17,0x7	 x17:0xfc46200e x10=0xfff88c40
      123425000	     12243	80008124	03cdcfb3	div	x31,x27,x28	 x27:0x00000071 x28:0x80021e64 x31=0x00000000
      123435000	     12244	80008128	84d1	c.srai	x9,0x14	  x9:0x00000000  x9=0x00000000
      123465000	     12247	8000812a	039284b3	mul	x9,x5,x25	  x5:0x69286116 x25:0x4393f616  x9=0x58657be4
      123505000	     12251	8000812e	028836b3	mulhu	x13,x16,x8	 x16:0xffffffff  x8:0x80000000 x13=0x7fffffff
      123515000	     12252	80008132	005b6cb3	or	x25,x22,x5	 x22:0x00000073  x5:0x69286116 x25=0x69286177
      123525000	     12253	80008136	00ca0933	add	x18,x20,x12	 x20:0x00000000 x12:0x80025ce4 x18=0x80025ce4
      123535000	     12254	8000813a	8cfd	c.and	x9,x15	  x9:0x58657be4 x15:0x00000000  x9=0x00000000
      123545000	     12255	8000813c	9498cd93	xori	x27,x17,-1719	 x17:0xfc46200e x27=0x03b9d947
      123555000	     12256	80008140	c17ec013	xori	x0,x29,-1001	 x29:0xfba2ffff  x0=0x00000000
      123565000	     12257	80008144	01faff93	andi	x31,x21,31	 x21:0xffffffff x31=0x0000001f
      123935000	     12294	80008148	032cfc33	remu	x24,x25,x18	 x25:0x69286177 x18:0x80025ce4 x24=0x69286177
      123945000	     12295	8000814c	8fa1	c.xor	x15,x8	 x15:0x00000000  x8:0x80000000 x15=0x80000000
      123955000	     12296	8000814e	869a2693	slti	x13,x20,-1943	 x20:0x00000000 x13=0x00000000
      123965000	     12297	80008152	00f68033	add	x0,x13,x15	 x13:0x00000000 x15:0x80000000  x0=0x00000000
      123995000	     12300	80008156	02378133	mul	x2,x15,x3	 x15:0x80000000  x3:0xbf302000  x2=0x00000000
      124005000	     12301	8000815a	012927b3	slt	x15,x18,x18	 x18:0x80025ce4 x18:0x80025ce4 x15=0x00000000
      124015000	     12302	8000815e	01eb6a63	bltu	x22,x30,80008172	 x22:0x00000073 x30:0x62393043
      124045000	     12305	80008172	01675c13	srli	x24,x14,0x16	 x14:0x00000053 x24=0x00000000
      124055000	     12306	80008176	1efd	c.addi	x29,-1	 x29:0xfba2ffff x29=0xfba2fffe
      124075000	     12308	80008178	0228e1b3	rem	x3,x17,x2	 x17:0xfc46200e  x2:0x00000000  x3=0xfc46200e
      124085000	     12309	8000817c	00750d63	beq	x10,x7,80008196	 x10:0xfff88c40  x7:0x00000000
      124095000	     12310	80008180	017cecb3	or	x25,x25,x23	 x25:0x69286177 x23:0x00000001 x25=0x69286177
      124105000	     12311	80008184	8121	c.srli	x10,0x8	 x10:0xfff88c40 x10=0x00fff88c
      124115000	     12312	80008186	c30d	c.beqz	x14,800081a8	 x14:0x00000053
      124125000	     12313	80008188	ed8d	c.bnez	x11,800081c2	 x11:0xc4726336
      124155000	     12316	800081c2	0004dc63	bge	x9,x0,800081da	  x9:0x00000000  x0:0x00000000
      124175000	     12318	800081da	c721	c.beqz	x14,80008222	 x14:0x00000053
      124185000	     12319	800081dc	1afd	c.addi	x21,-1	 x21:0xffffffff x21=0xfffffffe
      124215000	     12322	800081de	03fb03b3	mul	x7,x22,x31	 x22:0x00000073 x31:0x0000001f  x7=0x00000ded
      124585000	     12359	800081e2	02585ab3	divu	x21,x16,x5	 x16:0xffffffff  x5:0x69286116 x21=0x00000002
      124595000	     12360	800081e6	0001	c.addi	x0,0	  x0:0x00000000  x0=0x00000000
      124605000	     12361	800081e8	40fb55b3	sra	x11,x22,x15	 x22:0x00000073 x15:0x00000000 x11=0x00000073
      124615000	     12362	800081ec	01c7aa33	slt	x20,x15,x28	 x15:0x00000000 x28:0x80021e64 x20=0x00000000
      124625000	     12363	800081f0	4085d533	sra	x10,x11,x8	 x11:0x00000073  x8:0x80000000 x10=0x00000073
      124635000	     12364	800081f4	ad2a0c93	addi	x25,x20,-1326	 x20:0x00000000 x25=0xfffffad2
      124645000	     12365	800081f8	bd45bf93	sltiu	x31,x11,-1068	 x11:0x00000073 x31=0x00000001
      124655000	     12366	800081fc	407b85b3	sub	x11,x23,x7	 x23:0x00000001  x7:0x00000ded x11=0xfffff214
      125025000	     12403	80008200	03d7d4b3	divu	x9,x15,x29	 x15:0x00000000 x29:0xfba2fffe  x9=0x00000000
      125055000	     12406	80008204	02a083b3	mul	x7,x1,x10	  x1:0xfffff8fb x10:0x00000073  x7=0xfffcd8c1
      125065000	     12407	80008208	02749563	bne	x9,x7,80008232	  x9:0x00000000  x7:0xfffcd8c1
      125095000	     12410	80008232	f090de97	auipc	x29,0xf090d	 x29=0x70915232
      125105000	     12411	80008236	818d	c.srli	x11,0x3	 x11:0xfffff214 x11=0x1ffffe42
      125475000	     12448	80008238	03ac7f33	remu	x30,x24,x26	 x24:0x00000000 x26:0xffffffff x30=0x00000000
      125485000	     12449	8000823c	8d45	c.or	x10,x9	 x10:0x00000073  x9:0x00000000 x10=0x00000073
      125495000	     12450	8000823e	408204b3	sub	x9,x4,x8	  x4:0x00000001  x8:0x80000000  x9=0x80000001
      125505000	     12451	80008242	33e22a93	slti	x21,x4,830	  x4:0x00000001 x21=0x00000001
      125515000	     12452	80008246	01cc7f33	and	x30,x24,x28	 x24:0x00000000 x28:0x80021e64 x30=0x00000000
      125525000	     12453	8000824a	4a2ce293	ori	x5,x25,1186	 x25:0xfffffad2  x5=0xfffffef2
      125535000	     12454	8000824e	0000100f	fence.i	
      125555000	     12456	80008252	8f91	c.sub	x15,x12	 x15:0x00000000 x12:0x80025ce4 x15=0x7ffda31c
      125565000	     12457	80008254	e001f113	andi	x2,x3,-512	  x3:0xfc46200e  x2=0xfc462000
      125575000	     12458	80008258	0001	c.addi	x0,0	  x0:0x00000000  x0=0x00000000
      125585000	     12459	8000825a	8d09	c.sub	x10,x10	 x10:0x00000073 x10:0x00000073 x10=0x00000000
      125595000	     12460	8000825c	81ed	c.srli	x11,0x1b	 x11:0x1ffffe42 x11=0x00000003
      125635000	     12464	8000825e	037724b3	mulhsu	x9,x14,x23	 x14:0x00000053 x23:0x00000001  x9=0x00000000
      126005000	     12501	80008262	02c07db3	remu	x27,x0,x12	  x0:0x00000000 x12:0x80025ce4 x27=0x00000000
      126015000	     12502	80008266	01c81d33	sll	x26,x16,x28	 x16:0xffffffff x28:0x80021e64 x26=0xfffffff0
      126025000	     12503	8000826a	092db517	auipc	x10,0x92db	 x10=0x892e326a
      126035000	     12504	8000826e	00001793	slli	x15,x0,0x0	  x0:0x00000000 x15=0x00000000
      126075000	     12508	80008272	03a3bcb3	mulhu	x25,x7,x26	  x7:0xfffcd8c1 x26:0xfffffff0 x25=0xfffcd8b1
      126085000	     12509	80008276	93b6	c.add	x7,x13	  x7:0xfffcd8c1 x13:0x00000000  x7=0xfffcd8c1
      126095000	     12510	80008278	8e9d	c.sub	x13,x15	 x13:0x00000000 x15:0x00000000 x13=0x00000000
      126105000	     12511	8000827a	02161263	bne	x12,x1,8000829e	 x12:0x80025ce4  x1:0xfffff8fb
      126125000	     12513	8000829e	0001	c.addi	x0,0	  x0:0x00000000  x0=0x00000000
      126135000	     12514	800082a0	0001	c.addi	x0,0	  x0:0x00000000  x0=0x00000000
      126145000	     12515	800082a2	1f7d	c.addi	x30,-1	 x30:0x00000000 x30=0xffffffff
      126155000	     12516	800082a4	00241033	sll	x0,x8,x2	  x8:0x80000000  x2:0xfc462000  x0=0x00000000
      126165000	     12517	800082a8	00e4ddb3	srl	x27,x9,x14	  x9:0x00000000 x14:0x00000053 x27=0x00000000
      126175000	     12518	800082ac	00fd1a13	slli	x20,x26,0xf	 x26:0xfffffff0 x20=0xfff80000
      126185000	     12519	800082b0	0067bdb3	sltu	x27,x15,x6	 x15:0x00000000  x6:0x85200617 x27=0x00000001
      126195000	     12520	800082b4	00c4efb3	or	x31,x9,x12	  x9:0x00000000 x12:0x80025ce4 x31=0x80025ce4
      126205000	     12521	800082b8	d5c4f493	andi	x9,x9,-676	  x9:0x00000000  x9=0x00000000
      126215000	     12522	800082bc	0001	c.addi	x0,0	  x0:0x00000000  x0=0x00000000
      126225000	     12523	800082be	c391	c.beqz	x15,800082c2	 x15:0x00000000
      126255000	     12526	800082c2	046a8263	beq	x21,x6,80008306	 x21:0x00000001  x6:0x85200617
      126265000	     12527	800082c6	075d	c.addi	x14,23	 x14:0x00000053 x14=0x0000006a
      126275000	     12528	800082c8	01d1c463	blt	x3,x29,800082d0	  x3:0xfc46200e x29:0x70915232
      126295000	     12530	800082d0	e715	c.bnez	x14,800082fc	 x14:0x0000006a
      126315000	     12532	800082fc	01bb97b3	sll	x15,x23,x27	 x23:0x00000001 x27:0x00000001 x15=0x00000002
      126325000	     12533	80008300	8ef5	c.and	x13,x13	 x13:0x00000000 x13:0x00000000 x13=0x00000000
      126365000	     12537	80008302	022fb2b3	mulhu	x5,x31,x2	 x31:0x80025ce4  x2:0xfc462000  x5=0x7e256416
      126375000	     12538	80008306	9f32	c.add	x30,x12	 x30:0xffffffff x12:0x80025ce4 x30=0x80025ce3
      126385000	     12539	80008308	8159	c.srli	x10,0x16	 x10:0x892e326a x10=0x00000224
      126395000	     12540	8000830a	0ff0000f	fence	iorw,iorw	
      126405000	     12541	8000830e	0001	c.addi	x0,0	  x0:0x00000000  x0=0x00000000
      126415000	     12542	80008310	0001	c.addi	x0,0	  x0:0x00000000  x0=0x00000000
      126425000	     12543	80008312	8d29	c.xor	x10,x10	 x10:0x00000224 x10:0x00000224 x10=0x00000000
      126435000	     12544	80008314	07c58e93	addi	x29,x11,124	 x11:0x00000003 x29=0x0000007f
      126445000	     12545	80008318	017628b3	slt	x17,x12,x23	 x12:0x80025ce4 x23:0x00000001 x17=0x00000001
      126455000	     12546	8000831c	40920833	sub	x16,x4,x9	  x4:0x00000001  x9:0x00000000 x16=0x00000001
      126465000	     12547	80008320	021cf263	bgeu	x25,x1,80008344	 x25:0xfffcd8b1  x1:0xfffff8fb
      126475000	     12548	80008324	1f9d6713	ori	x14,x26,505	 x26:0xfffffff0 x14=0xfffffff9
      126485000	     12549	80008328	8f59	c.or	x14,x14	 x14:0xfffffff9 x14:0xfffffff9 x14=0xfffffff9
      126495000	     12550	8000832a	82ba	c.mv	x5,x14	  x0:0x00000000 x14:0xfffffff9  x5=0xfffffff9
      126505000	     12551	8000832c	017e5f93	srli	x31,x28,0x17	 x28:0x80021e64 x31=0x00000100
      126515000	     12552	80008330	026f1663	bne	x30,x6,8000835c	 x30:0x80025ce3  x6:0x85200617
      126535000	     12554	8000835c	00222c33	slt	x24,x4,x2	  x4:0x00000001  x2:0xfc462000 x24=0x00000000
      126545000	     12555	80008360	cf01	c.beqz	x14,80008378	 x14:0xfffffff9
      126555000	     12556	80008362	84e1	c.srai	x9,0x18	  x9:0x00000000  x9=0x00000000
      126565000	     12557	80008364	02eecd63	blt	x29,x14,8000839e	 x29:0x0000007f x14:0xfffffff9
      126575000	     12558	80008368	0066cf33	xor	x30,x13,x6	 x13:0x00000000  x6:0x85200617 x30=0x85200617
      126585000	     12559	8000836c	0ff0000f	fence	iorw,iorw	
      126595000	     12560	80008370	00737c63	bgeu	x6,x7,80008388	  x6:0x85200617  x7:0xfffcd8c1
      126605000	     12561	80008374	410d58b3	sra	x17,x26,x16	 x26:0xfffffff0 x16:0x00000001 x17=0xfffffff8
      126615000	     12562	80008378	41cf5493	srai	x9,x30,0x1c	 x30:0x85200617  x9=0xfffffff8
      126625000	     12563	8000837c	47a1	c.li	x15,8	 x15=0x00000008
      126635000	     12564	8000837e	9806	c.add	x16,x1	 x16:0x00000001  x1:0xfffff8fb x16=0xfffff8fc
      126645000	     12565	80008380	4034d933	sra	x18,x9,x3	  x9:0xfffffff8  x3:0xfc46200e x18=0xffffffff
      126655000	     12566	80008384	00395833	srl	x16,x18,x3	 x18:0xffffffff  x3:0xfc46200e x16=0x0003ffff
      127025000	     12603	80008388	0316f033	remu	x0,x13,x17	 x13:0x00000000 x17:0xfffffff8  x0=0x00000000
      127035000	     12604	8000838c	0001	c.addi	x0,0	  x0:0x00000000  x0=0x00000000
      127045000	     12605	8000838e	015370b3	and	x1,x6,x21	  x6:0x85200617 x21:0x00000001  x1=0x00000001
      127055000	     12606	80008392	5714fa93	andi	x21,x9,1393	  x9:0xfffffff8 x21=0x00000570
      127065000	     12607	80008396	aa08a137	lui	x2,0xaa08a	  x2=0xaa08a000
      127075000	     12608	8000839a	019a9713	slli	x14,x21,0x19	 x21:0x00000570 x14=0xe0000000
      127085000	     12609	8000839e	01251033	sll	x0,x10,x18	 x10:0x00000000 x18:0xffffffff  x0=0x00000000
      127095000	     12610	800083a2	8af9	c.andi	x13,30	 x13:0x00000000 x13=0x00000000
      127105000	     12611	800083a4	00b16133	or	x2,x2,x11	  x2:0xaa08a000 x11:0x00000003  x2=0xaa08a003
      127135000	     12614	800083a8	03cd0033	mul	x0,x26,x28	 x26:0xfffffff0 x28:0x80021e64  x0=0x00000000
      127145000	     12615	800083ac	0000100f	fence.i	
      127165000	     12617	800083b0	dc122e93	slti	x29,x4,-575	  x4:0x00000001 x29=0x00000000
      127175000	     12618	800083b4	012afd63	bgeu	x21,x18,800083ce	 x21:0x00000570 x18:0xffffffff
      127185000	     12619	800083b8	026e7a63	bgeu	x28,x6,800083ec	 x28:0x80021e64  x6:0x85200617
      127195000	     12620	800083bc	8fc9	c.or	x15,x10	 x15:0x00000008 x10:0x00000000 x15=0x00000008
      127205000	     12621	800083be	01cdfcb3	and	x25,x27,x28	 x27:0x00000001 x28:0x80021e64 x25=0x00000000
      127215000	     12622	800083c2	11bd2017	auipc	x0,0x11bd2	  x0=0x00000000
      127255000	     12626	800083c6	02389eb3	mulh	x29,x17,x3	 x17:0xfffffff8  x3:0xfc46200e x29=0x00000000
      127265000	     12627	800083ca	6b6eb693	sltiu	x13,x29,1718	 x29:0x00000000 x13=0x00000001
      127275000	     12628	800083ce	87d5	c.srai	x15,0x15	 x15:0x00000008 x15=0x00000000
      127285000	     12629	800083d0	41df5693	srai	x13,x30,0x1d	 x30:0x85200617 x13=0xfffffffc
      127295000	     12630	800083d4	8ca5	c.xor	x9,x9	  x9:0xfffffff8  x9:0xfffffff8  x9=0x00000000
      127305000	     12631	800083d6	034d0e63	beq	x26,x20,80008412	 x26:0xfffffff0 x20:0xfff80000
      127675000	     12668	800083da	0346e0b3	rem	x1,x13,x20	 x13:0xfffffffc x20:0xfff80000  x1=0xfffffffc
      127685000	     12669	800083de	4e84a013	slti	x0,x9,1256	  x9:0x00000000  x0=0x00000000
      127695000	     12670	800083e2	ca85	c.beqz	x13,80008412	 x13:0xfffffffc
      127735000	     12674	800083e4	02d723b3	mulhsu	x7,x14,x13	 x14:0xe0000000 x13:0xfffffffc  x7=0xe0000000
      127745000	     12675	800083e8	01eec463	blt	x29,x30,800083f0	 x29:0x00000000 x30:0x85200617
      127755000	     12676	800083ec	0cf6	c.slli	x25,0x1d	 x25:0x00000000 x25=0x00000000
      127765000	     12677	800083ee	8ff1	c.and	x15,x12	 x15:0x00000000 x12:0x80025ce4 x15=0x00000000
      127775000	     12678	800083f0	8cbd	c.xor	x9,x15	  x9:0x00000000 x15:0x00000000  x9=0x00000000
      127785000	     12679	800083f2	971a	c.add	x14,x6	 x14:0xe0000000  x6:0x85200617 x14=0x65200617
      128155000	     12716	800083f4	0289db33	divu	x22,x19,x8	 x19:0x00000001  x8:0x80000000 x22=0x00000000
      128165000	     12717	800083f8	e28d	c.bnez	x13,8000841a	 x13:0xfffffffc
      128195000	     12720	8000841a	04d13a13	sltiu	x20,x2,77	  x2:0xaa08a003 x20=0x00000000
      128205000	     12721	8000841e	008c3b33	sltu	x22,x24,x8	 x24:0x00000000  x8:0x80000000 x22=0x00000001
      128215000	     12722	80008422	011ed293	srli	x5,x29,0x11	 x29:0x00000000  x5=0x00000000
      128225000	     12723	80008426	007bfd33	and	x26,x23,x7	 x23:0x00000001  x7:0xe0000000 x26=0x00000000
      128235000	     12724	8000842a	008bf8b3	and	x17,x23,x8	 x23:0x00000001  x8:0x80000000 x17=0x00000000
      128245000	     12725	8000842e	9f8a	c.add	x31,x2	 x31:0x00000100  x2:0xaa08a003 x31=0xaa08a103
      128255000	     12726	80008430	00566593	ori	x11,x12,5	 x12:0x80025ce4 x11=0x80025ce5
      128265000	     12727	80008434	8d59	c.or	x10,x14	 x10:0x00000000 x14:0x65200617 x10=0x65200617
      128275000	     12728	80008436	0001	c.addi	x0,0	  x0:0x00000000  x0=0x00000000
      128285000	     12729	80008438	9c86	c.add	x25,x1	 x25:0x00000000  x1:0xfffffffc x25=0xfffffffc
      128325000	     12733	8000843a	031c2733	mulhsu	x14,x24,x17	 x24:0x00000000 x17:0x00000000 x14=0x00000000
      128335000	     12734	8000843e	8eb1	c.xor	x13,x12	 x13:0xfffffffc x12:0x80025ce4 x13=0x7ffda318
      128345000	     12735	80008440	8fa33e93	sltiu	x29,x6,-1798	  x6:0x85200617 x29=0x00000001
      128355000	     12736	80008444	41375c13	srai	x24,x14,0x13	 x14:0x00000000 x24=0x00000000
      128365000	     12737	80008448	2cd1f593	andi	x11,x3,717	  x3:0xfc46200e x11=0x0000000c
      128375000	     12738	8000844c	6155	c.addi16sp	x2,304	  x2:0xaa08a003  x2=0xaa08a133
      128385000	     12739	8000844e	8d59	c.or	x10,x14	 x10:0x65200617 x14:0x00000000 x10=0x65200617
      128395000	     12740	80008450	00471693	slli	x13,x14,0x4	 x14:0x00000000 x13=0x00000000
      128405000	     12741	80008454	403056b3	sra	x13,x0,x3	  x0:0x00000000  x3:0xfc46200e x13=0x00000000
      128415000	     12742	80008458	0182e033	or	x0,x5,x24	  x5:0x00000000 x24:0x00000000  x0=0x00000000
      128425000	     12743	8000845c	98186013	ori	x0,x16,-1663	 x16:0x0003ffff  x0=0x00000000
      128435000	     12744	80008460	00123fb3	sltu	x31,x4,x1	  x4:0x00000001  x1:0xfffffffc x31=0x00000001
      128445000	     12745	80008464	7efc2513	slti	x10,x24,2031	 x24:0x00000000 x10=0x00000001
      128455000	     12746	80008468	992a	c.add	x18,x10	 x18:0xffffffff x10:0x00000001 x18=0x00000000
      128465000	     12747	8000846a	6b69	c.lui	x22,0x1a	 x22=0x0001a000
      128475000	     12748	8000846c	011a1663	bne	x20,x17,80008478	 x20:0x00000000 x17:0x00000000
      128485000	     12749	80008470	01400463	beq	x0,x20,80008478	  x0:0x00000000 x20:0x00000000
      128505000	     12751	80008478	8d51	c.or	x10,x12	 x10:0x00000001 x12:0x80025ce4 x10=0x80025ce5
      128515000	     12752	8000847a	c0a9	c.beqz	x9,800084bc	  x9:0x00000000
      128535000	     12754	800084bc	0ff0000f	fence	iorw,iorw	
      128545000	     12755	800084c0	01b06133	or	x2,x0,x27	  x0:0x00000000 x27:0x00000001  x2=0x00000001
      128555000	     12756	800084c4	0001	c.addi	x0,0	  x0:0x00000000  x0=0x00000000
      128565000	     12757	800084c6	8e89	c.sub	x13,x10	 x13:0x00000000 x10:0x80025ce5 x13=0x7ffda31b
      128575000	     12758	800084c8	2592ad13	slti	x26,x5,601	  x5:0x00000000 x26=0x00000001
      128585000	     12759	800084cc	830d	c.srli	x14,0x3	 x14:0x00000000 x14=0x00000000
      128595000	     12760	800084ce	0ee5	c.addi	x29,25	 x29:0x00000001 x29=0x0000001a
      128605000	     12761	800084d0	01261363	bne	x12,x18,800084d6	 x12:0x80025ce4 x18:0x00000000
      128625000	     12763	800084d6	8fcd	c.or	x15,x11	 x15:0x00000000 x11:0x0000000c x15=0x0000000c
      128635000	     12764	800084d8	03fc7463	bgeu	x24,x31,80008500	 x24:0x00000000 x31:0x00000001
      128645000	     12765	800084dc	8965	c.andi	x10,25	 x10:0x80025ce5 x10=0x00000001
      128685000	     12769	800084de	02ebb6b3	mulhu	x13,x23,x14	 x23:0x00000001 x14:0x00000000 x13=0x00000000
      128695000	     12770	800084e2	0001	c.addi	x0,0	  x0:0x00000000  x0=0x00000000
      128705000	     12771	800084e4	8ee5	c.and	x13,x9	 x13:0x00000000  x9:0x00000000 x13=0x00000000
      128735000	     12774	800084e6	02cf05b3	mul	x11,x30,x12	 x30:0x85200617 x12:0x80025ce4 x11=0x9ee3b07c
      128745000	     12775	800084ea	9c9b7013	andi	x0,x22,-1591	 x22:0x0001a000  x0=0x00000000
      128755000	     12776	800084ee	e4574bb7	lui	x23,0xe4574	 x23=0xe4574000
      128765000	     12777	800084f2	129c	c.addi4spn	x15,x2,352	 x15=0x00000161
      128805000	     12781	800084f4	02a735b3	mulhu	x11,x14,x10	 x14:0x00000000 x10:0x00000001 x11=0x00000000
      128815000	     12782	800084f8	f4e38093	addi	x1,x7,-178	  x7:0xe0000000  x1=0xdfffff4e
      128825000	     12783	800084fc	0001	c.addi	x0,0	  x0:0x00000000  x0=0x00000000
      128835000	     12784	800084fe	80a9	c.srli	x9,0xa	  x9:0x00000000  x9=0x00000000
      128855000	     12786	80008500	02b1eeb3	rem	x29,x3,x11	  x3:0xfc46200e x11:0x00000000 x29=0xfc46200e
      128865000	     12787	80008504	401c8833	sub	x16,x25,x1	 x25:0xfffffffc  x1:0xdfffff4e x16=0x200000ae
      128875000	     12788	80008508	5f7d	c.li	x30,-1	 x30=0xffffffff
      128895000	     12790	8000850a	02d15533	divu	x10,x2,x13	  x2:0x00000001 x13:0x00000000 x10=0xffffffff
      128905000	     12791	8000850e	0001	c.addi	x0,0	  x0:0x00000000  x0=0x00000000
      128915000	     12792	80008510	98fd	c.andi	x9,-1	  x9:0x00000000  x9=0x00000000
      128925000	     12793	80008512	489c7a93	andi	x21,x24,1161	 x24:0x00000000 x21=0x00000000
      128935000	     12794	80008516	4058d833	sra	x16,x17,x5	 x17:0x00000000  x5:0x00000000 x16=0x00000000
      129305000	     12831	8000851a	03ce5cb3	divu	x25,x28,x28	 x28:0x80021e64 x28:0x80021e64 x25=0x00000001
      129315000	     12832	8000851e	9afd	c.andi	x13,-1	 x13:0x00000000 x13=0x00000000
      129325000	     12833	80008520	91da	c.add	x3,x22	  x3:0xfc46200e x22:0x0001a000  x3=0xfc47c00e
      129335000	     12834	80008522	82f9	c.srli	x13,0x1e	 x13:0x00000000 x13=0x00000000
      129345000	     12835	80008524	03736363	bltu	x6,x23,8000854a	  x6:0x85200617 x23:0xe4574000
      129375000	     12838	8000854a	03627063	bgeu	x4,x22,8000856a	  x4:0x00000001 x22:0x0001a000
      129385000	     12839	8000854e	9d648e93	addi	x29,x9,-1578	  x9:0x00000000 x29=0xfffff9d6
      129395000	     12840	80008552	56067313	andi	x6,x12,1376	 x12:0x80025ce4  x6=0x00000460
      129405000	     12841	80008556	0001	c.addi	x0,0	  x0:0x00000000  x0=0x00000000
      129415000	     12842	80008558	40f35113	srai	x2,x6,0xf	  x6:0x00000460  x2=0x00000000
      129425000	     12843	8000855c	011bc333	xor	x6,x23,x17	 x23:0xe4574000 x17:0x00000000  x6=0xe4574000
      129435000	     12844	80008560	9e8f7913	andi	x18,x30,-1560	 x30:0xffffffff x18=0xfffff9e8
      129445000	     12845	80008564	0001	c.addi	x0,0	  x0:0x00000000  x0=0x00000000
      129455000	     12846	80008566	e5e70913	addi	x18,x14,-418	 x14:0x00000000 x18=0xfffffe5e
      129465000	     12847	8000856a	6149	c.addi16sp	x2,144	  x2:0x00000000  x2=0x00000090
      129475000	     12848	8000856c	41d95c33	sra	x24,x18,x29	 x18:0xfffffe5e x29:0xfffff9d6 x24=0xffffffff
      129845000	     12885	80008570	03a673b3	remu	x7,x12,x26	 x12:0x80025ce4 x26:0x00000001  x7=0x00000000
      129855000	     12886	80008574	402d86b3	sub	x13,x27,x2	 x27:0x00000001  x2:0x00000090 x13=0xffffff71
      129865000	     12887	80008578	41a408b3	sub	x17,x8,x26	  x8:0x80000000 x26:0x00000001 x17=0x7fffffff
      130235000	     12924	8000857c	02d67c33	remu	x24,x12,x13	 x12:0x80025ce4 x13:0xffffff71 x24=0x80025ce4
      130245000	     12925	80008580	7a76f793	andi	x15,x13,1959	 x13:0xffffff71 x15=0x00000721
      130255000	     12926	80008584	4f110313	addi	x6,x2,1265	  x2:0x00000090  x6=0x00000581
      130625000	     12963	80008588	02a36933	rem	x18,x6,x10	  x6:0x00000581 x10:0xffffffff x18=0x00000000
      130635000	     12964	8000858c	001b01b3	add	x3,x22,x1	 x22:0x0001a000  x1:0xdfffff4e  x3=0xe0019f4e
      130645000	     12965	80008590	ce15c193	xori	x3,x11,-799	 x11:0x00000000  x3=0xfffffce1
      130655000	     12966	80008594	0001	c.addi	x0,0	  x0:0x00000000  x0=0x00000000
      130665000	     12967	80008596	01da1463	bne	x20,x29,8000859e	 x20:0x00000000 x29:0xfffff9d6
      130695000	     12970	8000859e	d953b113	sltiu	x2,x7,-619	  x7:0x00000000  x2=0x00000001
      130705000	     12971	800085a2	10fd	c.addi	x1,-1	  x1:0xdfffff4e  x1=0xdfffff4d
      130715000	     12972	800085a4	076a	c.slli	x14,0x1a	 x14:0x00000000 x14=0x00000000
      130725000	     12973	800085a6	e4377013	andi	x0,x14,-445	 x14:0x00000000  x0=0x00000000
      131095000	     13010	800085aa	02af57b3	divu	x15,x30,x10	 x30:0xffffffff x10:0xffffffff x15=0x00000001
      131105000	     13011	800085ae	8759	c.srai	x14,0x16	 x14:0x00000000 x14=0x00000000
      131115000	     13012	800085b0	0001	c.addi	x0,0	  x0:0x00000000  x0=0x00000000
      131485000	     13049	800085b2	03ac78b3	remu	x17,x24,x26	 x24:0x80025ce4 x26:0x00000001 x17=0x00000000
      131495000	     13050	800085b6	004d5fb3	srl	x31,x26,x4	 x26:0x00000001  x4:0x00000001 x31=0x00000000
      131505000	     13051	800085ba	03fc6563	bltu	x24,x31,800085e4	 x24:0x80025ce4 x31:0x00000000
      131515000	     13052	800085be	4091d2b3	sra	x5,x3,x9	  x3:0xfffffce1  x9:0x00000000  x5=0xfffffce1
      131525000	     13053	800085c2	0796	c.slli	x15,0x5	 x15:0x00000001 x15=0x00000020
      131545000	     13055	800085c4	035afd33	remu	x26,x21,x21	 x21:0x00000000 x21:0x00000000 x26=0x00000000
      131555000	     13056	800085c8	00146263	bltu	x8,x1,800085cc	  x8:0x80000000  x1:0xdfffff4d
      131575000	     13058	800085cc	8d4d	c.or	x10,x11	 x10:0xffffffff x11:0x00000000 x10=0xffffffff
      131585000	     13059	800085ce	03a6f363	bgeu	x13,x26,800085f4	 x13:0xffffff71 x26:0x00000000
      131605000	     13061	800085f4	01f846b3	xor	x13,x16,x31	 x16:0x00000000 x31:0x00000000 x13=0x00000000
      131615000	     13062	800085f8	8e85	c.sub	x13,x9	 x13:0x00000000  x9:0x00000000 x13=0x00000000
      131625000	     13063	800085fa	7bfba193	slti	x3,x23,1983	 x23:0xe4574000  x3=0x00000001
      131635000	     13064	800085fe	717d	c.addi16sp	x2,-16	  x2:0x00000001  x2=0xfffffff1
      131645000	     13065	80008600	8ea5	c.xor	x13,x9	 x13:0x00000000  x9:0x00000000 x13=0x00000000
      131655000	     13066	80008602	01369e93	slli	x29,x13,0x13	 x13:0x00000000 x29=0x00000000
      131665000	     13067	80008606	00d20fb3	add	x31,x4,x13	  x4:0x00000001 x13:0x00000000 x31=0x00000001
      131695000	     13070	8000860a	03f608b3	mul	x17,x12,x31	 x12:0x80025ce4 x31:0x00000001 x17=0x80025ce4
      132065000	     13107	8000860e	02a257b3	divu	x15,x4,x10	  x4:0x00000001 x10:0xffffffff x15=0x00000000
      132075000	     13108	80008612	8ff62093	slti	x1,x12,-1793	 x12:0x80025ce4  x1=0x00000001
      132085000	     13109	80008616	9626e213	ori	x4,x13,-1694	 x13:0x00000000  x4=0xfffff962
      132095000	     13110	8000861a	8f95	c.sub	x15,x13	 x15:0x00000000 x13:0x00000000 x15=0x00000000
      132105000	     13111	8000861c	8cb5	c.xor	x9,x13	  x9:0x00000000 x13:0x00000000  x9=0x00000000
      132115000	     13112	8000861e	05fb4263	blt	x22,x31,80008662	 x22:0x0001a000 x31:0x00000001
      132125000	     13113	80008622	01f9f833	and	x16,x19,x31	 x19:0x00000001 x31:0x00000001 x16=0x00000001
      132135000	     13114	80008626	00240d63	beq	x8,x2,80008640	  x8:0x80000000  x2:0xfffffff1
      132145000	     13115	8000862a	02710b63	beq	x2,x7,80008660	  x2:0xfffffff1  x7:0x00000000
      132155000	     13116	8000862e	00eeedb3	or	x27,x29,x14	 x29:0x00000000 x14:0x00000000 x27=0x00000000
      132165000	     13117	80008632	e235ad93	slti	x27,x11,-477	 x11:0x00000000 x27=0x00000000
      132175000	     13118	80008636	0000100f	fence.i	
      132195000	     13120	8000863a	6985	c.lui	x19,0x1	 x19=0x00001000
      132205000	     13121	8000863c	0117c463	blt	x15,x17,80008644	 x15:0x00000000 x17:0x80025ce4
      132215000	     13122	80008640	2230b113	sltiu	x2,x1,547	  x1:0x00000001  x2=0x00000001
      132225000	     13123	80008644	0cf6	c.slli	x25,0x1d	 x25:0x00000001 x25=0x20000000
      132235000	     13124	80008646	9372	c.add	x6,x28	  x6:0x00000581 x28:0x80021e64  x6=0x800223e5
      132245000	     13125	80008648	8dfd	c.and	x11,x15	 x11:0x00000000 x15:0x00000000 x11=0x00000000
      132255000	     13126	8000864a	97fce813	ori	x16,x25,-1665	 x25:0x20000000 x16=0xfffff97f
      132265000	     13127	8000864e	0001	c.addi	x0,0	  x0:0x00000000  x0=0x00000000
      132635000	     13164	80008650	03e36ab3	rem	x21,x6,x30	  x6:0x800223e5 x30:0xffffffff x21=0x00000000
      132645000	     13165	80008654	7fefc513	xori	x10,x31,2046	 x31:0x00000001 x10=0x000007ff
      132655000	     13166	80008658	01411793	slli	x15,x2,0x14	  x2:0x00000001 x15=0x00100000
      132665000	     13167	8000865c	00ac89b3	add	x19,x25,x10	 x25:0x20000000 x10:0x000007ff x19=0x200007ff
      132675000	     13168	80008660	c889	c.beqz	x9,80008672	  x9:0x00000000
      132705000	     13171	80008672	d3743293	sltiu	x5,x8,-713	  x8:0x80000000  x5=0x00000001
      132715000	     13172	80008676	0172e663	bltu	x5,x23,80008682	  x5:0x00000001 x23:0xe4574000
      132745000	     13175	80008682	038f0863	beq	x30,x24,800086b2	 x30:0xffffffff x24:0x80025ce4
      132755000	     13176	80008686	0065e3b3	or	x7,x11,x6	 x11:0x00000000  x6:0x800223e5  x7=0x800223e5
      132765000	     13177	8000868a	a62c0a13	addi	x20,x24,-1438	 x24:0x80025ce4 x20=0x80025746
      132775000	     13178	8000868e	8f95	c.sub	x15,x13	 x15:0x00100000 x13:0x00000000 x15=0x00100000
      132815000	     13182	80008690	02412cb3	mulhsu	x25,x2,x4	  x2:0x00000001  x4:0xfffff962 x25=0x00000000
      132825000	     13183	80008694	000343b3	xor	x7,x6,x0	  x6:0x800223e5  x0:0x00000000  x7=0x800223e5
      132835000	     13184	80008698	403b8fb3	sub	x31,x23,x3	 x23:0xe4574000  x3:0x00000001 x31=0xe4573fff
      132845000	     13185	8000869c	04368563	beq	x13,x3,800086e6	 x13:0x00000000  x3:0x00000001
      132855000	     13186	800086a0	8fa1	c.xor	x15,x8	 x15:0x00100000  x8:0x80000000 x15=0x80100000
      133225000	     13223	800086a2	03336233	rem	x4,x6,x19	  x6:0x800223e5 x19:0x200007ff  x4=0xe0023be2
      133235000	     13224	800086a6	001a9513	slli	x10,x21,0x1	 x21:0x00000000 x10=0x00000000
      133245000	     13225	800086aa	00c9d263	bge	x19,x12,800086ae	 x19:0x200007ff x12:0x80025ce4
      133275000	     13228	800086ae	0533e263	bltu	x7,x19,800086f2	  x7:0x800223e5 x19:0x200007ff
      133285000	     13229	800086b2	8f8d	c.sub	x15,x11	 x15:0x80100000 x11:0x00000000 x15=0x80100000
      133295000	     13230	800086b4	62a8f813	andi	x16,x17,1578	 x17:0x80025ce4 x16=0x00000420
      133335000	     13234	800086b8	02edaa33	mulhsu	x20,x27,x14	 x27:0x00000000 x14:0x00000000 x20=0x00000000
      133345000	     13235	800086bc	00098a63	beq	x19,x0,800086d0	 x19:0x200007ff  x0:0x00000000
      133355000	     13236	800086c0	0000100f	fence.i	
      133375000	     13238	800086c4	1baceb93	ori	x23,x25,442	 x25:0x00000000 x23=0x000001ba
      133395000	     13240	800086c8	0204f533	remu	x10,x9,x0	  x9:0x00000000  x0:0x00000000 x10=0x00000000
      133405000	     13241	800086cc	8e224713	xori	x14,x4,-1822	  x4:0xe0023be2 x14=0x1ffdc300
      133415000	     13242	800086d0	34282d13	slti	x26,x16,834	 x16:0x00000420 x26=0x00000000
      133425000	     13243	800086d4	00816333	or	x6,x2,x8	  x2:0x00000001  x8:0x80000000  x6=0x80000001
      133435000	     13244	800086d8	01405713	srli	x14,x0,0x14	  x0:0x00000000 x14=0x00000000
      133445000	     13245	800086dc	8dbd	c.xor	x11,x15	 x11:0x00000000 x15:0x80100000 x11=0x80100000
      133455000	     13246	800086de	018407b3	add	x15,x8,x24	  x8:0x80000000 x24:0x80025ce4 x15=0x00025ce4
      133465000	     13247	800086e2	0000100f	fence.i	
      133495000	     13250	800086e6	056d8563	beq	x27,x22,80008730	 x27:0x00000000 x22:0x0001a000
      133505000	     13251	800086ea	02120463	beq	x4,x1,80008712	  x4:0xe0023be2  x1:0x00000001
      133515000	     13252	800086ee	01c99013	slli	x0,x19,0x1c	 x19:0x200007ff  x0=0x00000000
      133525000	     13253	800086f2	0000100f	fence.i	
      133545000	     13255	800086f6	6155	c.addi16sp	x2,304	  x2:0x00000001  x2=0x00000131
      133555000	     13256	800086f8	86e1	c.srai	x13,0x18	 x13:0x00000000 x13=0x00000000
      133565000	     13257	800086fa	4e306213	ori	x4,x0,1251	  x0:0x00000000  x4=0x000004e3
      133575000	     13258	800086fe	031c8563	beq	x25,x17,80008728	 x25:0x00000000 x17:0x80025ce4
      133585000	     13259	80008702	029a6763	bltu	x20,x9,80008730	 x20:0x00000000  x9:0x00000000
      133595000	     13260	80008706	01808c63	beq	x1,x24,8000871e	  x1:0x00000001 x24:0x80025ce4
      133625000	     13263	8000870a	02000cb3	mul	x25,x0,x0	  x0:0x00000000  x0:0x00000000 x25=0x00000000
      133635000	     13264	8000870e	0247e863	bltu	x15,x4,8000873e	 x15:0x00025ce4  x4:0x000004e3
      133645000	     13265	80008712	02100463	beq	x0,x1,8000873a	  x0:0x00000000  x1:0x00000001
      133685000	     13269	80008716	03fe9ab3	mulh	x21,x29,x31	 x29:0x00000000 x31:0xe4573fff x21=0x00000000
      133695000	     13270	8000871a	013d9d13	slli	x26,x27,0x13	 x27:0x00000000 x26=0x00000000
      133705000	     13271	8000871e	01742b33	slt	x22,x8,x23	  x8:0x80000000 x23:0x000001ba x22=0x00000001
      133715000	     13272	80008722	02ee	c.slli	x5,0x1b	  x5:0x00000001  x5=0x08000000
      133725000	     13273	80008724	01422a33	slt	x20,x4,x20	  x4:0x000004e3 x20:0x00000000 x20=0x00000000
      133735000	     13274	80008728	2ad93f93	sltiu	x31,x18,685	 x18:0x00000000 x31=0x00000001
      133745000	     13275	8000872c	0000100f	fence.i	
      133765000	     13277	80008730	00009033	sll	x0,x1,x0	  x1:0x00000001  x0:0x00000000  x0=0x00000000
      133775000	     13278	80008734	86b5	c.srai	x13,0xd	 x13:0x00000000 x13=0x00000000
      133785000	     13279	80008736	00460733	add	x14,x12,x4	 x12:0x80025ce4  x4:0x000004e3 x14=0x800261c7
      133795000	     13280	8000873a	b0215717	auipc	x14,0xb0215	 x14=0x3021d73a
      133815000	     13282	8000873e	029dd1b3	divu	x3,x27,x9	 x27:0x00000000  x9:0x00000000  x3=0xffffffff
      133825000	     13283	80008742	00541b33	sll	x22,x8,x5	  x8:0x80000000  x5:0x08000000 x22=0x80000000
      133835000	     13284	80008746	8711	c.srai	x14,0x4	 x14:0x3021d73a x14=0x03021d73
      133845000	     13285	80008748	015dc463	blt	x27,x21,80008750	 x27:0x00000000 x21:0x00000000
      133855000	     13286	8000874c	111c	c.addi4spn	x15,x2,160	 x15=0x000001d1
      133865000	     13287	8000874e	c295	c.beqz	x13,80008772	 x13:0x00000000
      133895000	     13290	80008772	72a64e97	auipc	x29,0x72a64	 x29=0xf2a6c772
      134265000	     13327	80008776	0385e033	rem	x0,x11,x24	 x11:0x80100000 x24:0x80025ce4  x0=0x00000000
      134285000	     13329	8000877a	02af43b3	div	x7,x30,x10	 x30:0xffffffff x10:0x00000000  x7=0xffffffff
      134655000	     13366	8000877e	0319e6b3	rem	x13,x19,x17	 x19:0x200007ff x17:0x80025ce4 x13=0x200007ff
      134665000	     13367	80008782	84a1	c.srai	x9,0x8	  x9:0x00000000  x9=0x00000000
      134675000	     13368	80008784	41d200b3	sub	x1,x4,x29	  x4:0x000004e3 x29:0xf2a6c772  x1=0x0d593d71
      134685000	     13369	80008788	40555733	sra	x14,x10,x5	 x10:0x00000000  x5:0x08000000 x14=0x00000000
      134695000	     13370	8000878c	8f62	c.mv	x30,x24	  x0:0x00000000 x24:0x80025ce4 x30=0x80025ce4
      134705000	     13371	8000878e	023ed763	bge	x29,x3,800087bc	 x29:0xf2a6c772  x3:0xffffffff
      134715000	     13372	80008792	a691bb13	sltiu	x22,x3,-1431	  x3:0xffffffff x22=0x00000000
      134725000	     13373	80008796	8d85	c.sub	x11,x9	 x11:0x80100000  x9:0x00000000 x11=0x80100000
      134735000	     13374	80008798	414350b3	sra	x1,x6,x20	  x6:0x80000001 x20:0x00000000  x1=0x80000001
      134745000	     13375	8000879c	014b2333	slt	x6,x22,x20	 x22:0x00000000 x20:0x00000000  x6=0x00000000
      134785000	     13379	800087a0	02431cb3	mulh	x25,x6,x4	  x6:0x00000000  x4:0x000004e3 x25=0x00000000
      134795000	     13380	800087a4	0117d333	srl	x6,x15,x17	 x15:0x000001d1 x17:0x80025ce4  x6=0x0000001d
      134805000	     13381	800087a8	0133e133	or	x2,x7,x19	  x7:0xffffffff x19:0x200007ff  x2=0xffffffff
      134845000	     13385	800087ac	028018b3	mulh	x17,x0,x8	  x0:0x00000000  x8:0x80000000 x17=0x00000000
      134885000	     13389	800087b0	021812b3	mulh	x5,x16,x1	 x16:0x00000420  x1:0x80000001  x5=0xfffffdf0
      134895000	     13390	800087b4	65ed7a93	andi	x21,x26,1630	 x26:0x00000000 x21=0x00000000
      135265000	     13427	800087b8	02cdd233	divu	x4,x27,x12	 x27:0x00000000 x12:0x80025ce4  x4=0x00000000
      135285000	     13429	800087bc	035cfc33	remu	x24,x25,x21	 x25:0x00000000 x21:0x00000000 x24=0x00000000
      135295000	     13430	800087c0	002a3ab3	sltu	x21,x20,x2	 x20:0x00000000  x2:0xffffffff x21=0x00000001
      135305000	     13431	800087c4	00683eb3	sltu	x29,x16,x6	 x16:0x00000420  x6:0x0000001d x29=0x00000000
      135315000	     13432	800087c8	01e88eb3	add	x29,x17,x30	 x17:0x00000000 x30:0x80025ce4 x29=0x80025ce4
      135325000	     13433	800087cc	0192eb33	or	x22,x5,x25	  x5:0xfffffdf0 x25:0x00000000 x22=0xfffffdf0
      135335000	     13434	800087d0	40c65593	srai	x11,x12,0xc	 x12:0x80025ce4 x11=0xfff80025
      135345000	     13435	800087d4	0000100f	fence.i	
      135365000	     13437	800087d8	014b8f33	add	x30,x23,x20	 x23:0x000001ba x20:0x00000000 x30=0x000001ba
      135375000	     13438	800087dc	01b14c63	blt	x2,x27,800087f4	  x2:0xffffffff x27:0x00000000
      135395000	     13440	800087f4	6175	c.addi16sp	x2,368	  x2:0xffffffff  x2=0x0000016f
      135405000	     13441	800087f6	916e	c.add	x2,x27	  x2:0x0000016f x27:0x00000000  x2=0x0000016f
      135415000	     13442	800087f8	004ce5b3	or	x11,x25,x4	 x25:0x00000000  x4:0x00000000 x11=0x00000000
      135455000	     13446	800087fc	03b51733	mulh	x14,x10,x27	 x10:0x00000000 x27:0x00000000 x14=0x00000000
      135465000	     13447	80008800	01116263	bltu	x2,x17,80008804	  x2:0x0000016f x17:0x00000000
      135475000	     13448	80008804	5ec844b7	lui	x9,0x5ec84	  x9=0x5ec84000
      135485000	     13449	80008808	018f9263	bne	x31,x24,8000880c	 x31:0x00000001 x24:0x00000000
      135535000	     13454	8000880c	03cd2c33	mulhsu	x24,x26,x28	 x26:0x00000000 x28:0x80021e64 x24=0x00000000
      135545000	     13455	80008810	669f7893	andi	x17,x30,1641	 x30:0x000001ba x17=0x00000028
      135555000	     13456	80008814	00fb28b3	slt	x17,x22,x15	 x22:0xfffffdf0 x15:0x000001d1 x17=0x00000001
      135565000	     13457	80008818	a4c7a213	slti	x4,x15,-1460	 x15:0x000001d1  x4=0x00000000
      135575000	     13458	8000881c	8d09	c.sub	x10,x10	 x10:0x00000000 x10:0x00000000 x10=0x00000000
      135585000	     13459	8000881e	0401ac93	slti	x25,x3,64	  x3:0xffffffff x25=0x00000001
      135625000	     13463	80008822	0335b933	mulhu	x18,x11,x19	 x11:0x00000000 x19:0x200007ff x18=0x00000000
      135635000	     13464	80008826	995e	c.add	x18,x23	 x18:0x00000000 x23:0x000001ba x18=0x000001ba
      135645000	     13465	80008828	1c1c	c.addi4spn	x15,x2,560	 x15=0x0000039f
      135655000	     13466	8000882a	8891	c.andi	x9,4	  x9:0x5ec84000  x9=0x00000000
      135665000	     13467	8000882c	012633b3	sltu	x7,x12,x18	 x12:0x80025ce4 x18:0x000001ba  x7=0x00000000
      135675000	     13468	80008830	0050afb3	slt	x31,x1,x5	  x1:0x80000001  x5:0xfffffdf0 x31=0x00000001
      135685000	     13469	80008834	00fdfd33	and	x26,x27,x15	 x27:0x00000000 x15:0x0000039f x26=0x00000000
      135695000	     13470	80008838	022ec463	blt	x29,x2,80008860	 x29:0x80025ce4  x2:0x0000016f
      135715000	     13472	80008860	0b3a5397	auipc	x7,0xb3a5	  x7=0x8b3ad860
      135725000	     13473	80008864	8ed5	c.or	x13,x13	 x13:0x200007ff x13:0x200007ff x13=0x200007ff
      135735000	     13474	80008866	fce1c293	xori	x5,x3,-50	  x3:0xffffffff  x5=0x00000031
      135745000	     13475	8000886a	641d2f37	lui	x30,0x641d2	 x30=0x641d2000
      135755000	     13476	8000886e	85f5	c.srai	x11,0x1d	 x11:0x00000000 x11=0x00000000
      135765000	     13477	80008870	6c274d13	xori	x26,x14,1730	 x14:0x00000000 x26=0x000006c2
      135775000	     13478	80008874	015ac0b3	xor	x1,x21,x21	 x21:0x00000001 x21:0x00000001  x1=0x00000000
      135785000	     13479	80008878	8f65	c.and	x14,x9	 x14:0x00000000  x9:0x00000000 x14=0x00000000
      135795000	     13480	8000887a	e789	c.bnez	x15,80008884	 x15:0x0000039f
      135815000	     13482	80008884	402fd833	sra	x16,x31,x2	 x31:0x00000001  x2:0x0000016f x16=0x00000000
      135825000	     13483	80008888	02f8f263	bgeu	x17,x15,800088ac	 x17:0x00000001 x15:0x0000039f
      135865000	     13487	8000888c	02c1a033	mulhsu	x0,x3,x12	  x3:0xffffffff x12:0x80025ce4  x0=0x00000000
      135875000	     13488	80008890	de177213	andi	x4,x14,-543	 x14:0x00000000  x4=0x00000000
      135885000	     13489	80008894	001d0797	auipc	x15,0x1d0	 x15=0x801d8894
      135895000	     13490	80008898	03819163	bne	x3,x24,800088ba	  x3:0xffffffff x24:0x00000000
      135925000	     13493	800088ba	01b658b3	srl	x17,x12,x27	 x12:0x80025ce4 x27:0x00000000 x17=0x80025ce4
      135935000	     13494	800088be	0000100f	fence.i	
      135965000	     13497	800088c2	8f488713	addi	x14,x17,-1804	 x17:0x80025ce4 x14=0x800255d8
      135975000	     13498	800088c6	49cb8a13	addi	x20,x23,1180	 x23:0x000001ba x20=0x00000656
      135985000	     13499	800088ca	01ced693	srli	x13,x29,0x1c	 x29:0x80025ce4 x13=0x00000008
      136355000	     13536	800088ce	037b56b3	divu	x13,x22,x23	 x22:0xfffffdf0 x23:0x000001ba x13=0x0094457f
      136365000	     13537	800088d2	8df5	c.and	x11,x13	 x11:0x00000000 x13:0x0094457f x11=0x00000000
      136375000	     13538	800088d4	4141d893	srai	x17,x3,0x14	  x3:0xffffffff x17=0xffffffff
      136385000	     13539	800088d8	0147b2b3	sltu	x5,x15,x20	 x15:0x801d8894 x20:0x00000656  x5=0x00000000
      136395000	     13540	800088dc	8dad	c.xor	x11,x11	 x11:0x00000000 x11:0x00000000 x11=0x00000000
      136405000	     13541	800088de	cb1d6a37	lui	x20,0xcb1d6	 x20=0xcb1d6000
      136415000	     13542	800088e2	65f5	c.lui	x11,0x1d	 x11=0x0001d000
      136425000	     13543	800088e4	90c6	c.add	x1,x17	  x1:0x00000000 x17:0xffffffff  x1=0xffffffff
      136435000	     13544	800088e6	5dc7a693	slti	x13,x15,1500	 x15:0x801d8894 x13=0x00000001
      136805000	     13581	800088ea	02b0ddb3	divu	x27,x1,x11	  x1:0xffffffff x11:0x0001d000 x27=0x00008d3d
      136815000	     13582	800088ee	e2cfb997	auipc	x19,0xe2cfb	 x19=0x62d038ee
      136825000	     13583	800088f2	418a5693	srai	x13,x20,0x18	 x20:0xcb1d6000 x13=0xffffffcb
      136835000	     13584	800088f6	40175493	srai	x9,x14,0x1	 x14:0x800255d8  x9=0xc0012aec
      136845000	     13585	800088fa	007b9b33	sll	x22,x23,x7	 x23:0x000001ba  x7:0x8b3ad860 x22=0x000001ba
      136855000	     13586	800088fe	c6d0b6b7	lui	x13,0xc6d0b	 x13=0xc6d0b000
      136865000	     13587	80008902	01bf7463	bgeu	x30,x27,8000890a	 x30:0x641d2000 x27:0x00008d3d
      136895000	     13590	8000890a	413dd1b3	sra	x3,x27,x19	 x27:0x00008d3d x19:0x62d038ee  x3=0x00000002
      136905000	     13591	8000890e	e208d517	auipc	x10,0xe208d	 x10=0x6209590e
      136915000	     13592	80008912	00865b63	bge	x12,x8,80008928	 x12:0x80025ce4  x8:0x80000000
      136935000	     13594	80008928	00c06f63	bltu	x0,x12,80008946	  x0:0x00000000 x12:0x80025ce4
      136995000	     13600	80008946	02e99133	mulh	x2,x19,x14	 x19:0x62d038ee x14:0x800255d8  x2=0xce98ca4b
      137005000	     13601	8000894a	00669263	bne	x13,x6,8000894e	 x13:0xc6d0b000  x6:0x0000001d
      137035000	     13604	8000894e	01c2fdb3	and	x27,x5,x28	  x5:0x00000000 x28:0x80021e64 x27=0x00000000
      137045000	     13605	80008952	40abd793	srai	x15,x23,0xa	 x23:0x000001ba x15=0x00000000
      137055000	     13606	80008956	8d01	c.sub	x10,x8	 x10:0x6209590e  x8:0x80000000 x10=0xe209590e
      137065000	     13607	80008958	0ff0000f	fence	iorw,iorw	
      137075000	     13608	8000895c	03335363	bge	x6,x19,80008982	  x6:0x0000001d x19:0x62d038ee
      137085000	     13609	80008960	8d59	c.or	x10,x14	 x10:0xe209590e x14:0x800255d8 x10=0xe20b5dde
      137095000	     13610	80008962	015cdbb3	srl	x23,x25,x21	 x25:0x00000001 x21:0x00000001 x23=0x00000000
      137105000	     13611	80008966	887b8593	addi	x11,x23,-1913	 x23:0x00000000 x11=0xfffff887
      137115000	     13612	8000896a	00d660b3	or	x1,x12,x13	 x12:0x80025ce4 x13:0xc6d0b000  x1=0xc6d2fce4
      137125000	     13613	8000896e	41d956b3	sra	x13,x18,x29	 x18:0x000001ba x29:0x80025ce4 x13=0x0000001b
      137135000	     13614	80008972	0055bf33	sltu	x30,x11,x5	 x11:0xfffff887  x5:0x00000000 x30=0x00000000
      137145000	     13615	80008976	9b7d	c.andi	x14,-1	 x14:0x800255d8 x14=0x800255d8
      137155000	     13616	80008978	83d9	c.srli	x15,0x16	 x15:0x00000000 x15=0x00000000
      137165000	     13617	8000897a	0a84	c.addi4spn	x9,x2,336	  x9=0xce98cb9b
      137175000	     13618	8000897c	8eed	c.and	x13,x11	 x13:0x0000001b x11:0xfffff887 x13=0x00000003
      137215000	     13622	8000897e	022e1cb3	mulh	x25,x28,x2	 x28:0x80021e64  x2:0xce98ca4b x25=0x18b3322e
      137255000	     13626	80008982	03a89233	mulh	x4,x17,x26	 x17:0xffffffff x26:0x000006c2  x4=0xffffffff
      137265000	     13627	80008986	0124e563	bltu	x9,x18,80008990	  x9:0xce98cb9b x18:0x000001ba
      137275000	     13628	8000898a	40e3d4b3	sra	x9,x7,x14	  x7:0x8b3ad860 x14:0x800255d8  x9=0xffffff8b
      137285000	     13629	8000898e	615d	c.addi16sp	x2,432	  x2:0xce98ca4b  x2=0xce98cbfb
      137295000	     13630	80008990	0001	c.addi	x0,0	  x0:0x00000000  x0=0x00000000
      137305000	     13631	80008992	01e7bcb3	sltu	x25,x15,x30	 x15:0x00000000 x30:0x00000000 x25=0x00000000
      137345000	     13635	80008996	034c2c33	mulhsu	x24,x24,x20	 x24:0x00000000 x20:0xcb1d6000 x24=0x00000000
      137715000	     13672	8000899a	02465c33	divu	x24,x12,x4	 x12:0x80025ce4  x4:0xffffffff x24=0x00000000
      137725000	     13673	8000899e	80c5	c.srli	x9,0x11	  x9:0xffffff8b  x9=0x00007fff
      137745000	     13675	800089a0	030a6db3	rem	x27,x20,x16	 x20:0xcb1d6000 x16:0x00000000 x27=0xcb1d6000
      137755000	     13676	800089a4	149c	c.addi4spn	x15,x2,608	 x15=0xce98ce5b
      137765000	     13677	800089a6	161f8213	addi	x4,x31,353	 x31:0x00000001  x4=0x00000162
      137775000	     13678	800089aa	403a5db3	sra	x27,x20,x3	 x20:0xcb1d6000  x3:0x00000002 x27=0xf2c75800
      137815000	     13682	800089ae	037726b3	mulhsu	x13,x14,x23	 x14:0x800255d8 x23:0x00000000 x13=0x00000000
      137825000	     13683	800089b2	003a06b3	add	x13,x20,x3	 x20:0xcb1d6000  x3:0x00000002 x13=0xcb1d6002
      137835000	     13684	800089b6	ccc94593	xori	x11,x18,-820	 x18:0x000001ba x11=0xfffffd76
      137845000	     13685	800089ba	e80e3f97	auipc	x31,0xe80e3	 x31=0x680eb9ba
      137885000	     13689	800089be	023cb2b3	mulhu	x5,x25,x3	 x25:0x00000000  x3:0x00000002  x5=0x00000000
      137895000	     13690	800089c2	41f3d733	sra	x14,x7,x31	  x7:0x8b3ad860 x31:0x680eb9ba x14=0xffffffe2
      137905000	     13691	800089c6	facf30b7	lui	x1,0xfacf3	  x1=0xfacf3000
      137915000	     13692	800089ca	9ac16997	auipc	x19,0x9ac16	 x19=0x1ac1e9ca
      137925000	     13693	800089ce	0000100f	fence.i	
      137955000	     13696	800089d2	01f54333	xor	x6,x10,x31	 x10:0xe20b5dde x31:0x680eb9ba  x6=0x8a05e464
      137965000	     13697	800089d6	5d3c2213	slti	x4,x24,1491	 x24:0x00000000  x4=0x00000001
      137975000	     13698	800089da	40c48033	sub	x0,x9,x12	  x9:0x00007fff x12:0x80025ce4  x0=0x00000000
      137985000	     13699	800089de	95ba	c.add	x11,x14	 x11:0xfffffd76 x14:0xffffffe2 x11=0xfffffd58
      138355000	     13736	800089e0	02407033	remu	x0,x0,x4	  x0:0x00000000  x4:0x00000001  x0=0x00000000
      138365000	     13737	800089e4	0001	c.addi	x0,0	  x0:0x00000000  x0=0x00000000
      138375000	     13738	800089e6	1c9e2593	slti	x11,x28,457	 x28:0x80021e64 x11=0x00000001
      138385000	     13739	800089ea	018ee033	or	x0,x29,x24	 x29:0x80025ce4 x24:0x00000000  x0=0x00000000
      138395000	     13740	800089ee	5b4fc193	xori	x3,x31,1460	 x31:0x680eb9ba  x3=0x680ebc0e
      138765000	     13777	800089f2	03bddfb3	divu	x31,x27,x27	 x27:0xf2c75800 x27:0xf2c75800 x31=0x00000001
      138775000	     13778	800089f6	02d2	c.slli	x5,0x14	  x5:0x00000000  x5=0x00000000
      138785000	     13779	800089f8	1014	c.addi4spn	x13,x2,32	 x13=0xce98cc1b
      138795000	     13780	800089fa	0eae	c.slli	x29,0xb	 x29:0x80025ce4 x29=0x12e72000
      138805000	     13781	800089fc	8b79	c.andi	x14,30	 x14:0xffffffe2 x14=0x00000002
      138815000	     13782	800089fe	8fb9	c.xor	x15,x14	 x15:0xce98ce5b x14:0x00000002 x15=0xce98ce59
      138825000	     13783	80008a00	0359d563	bge	x19,x21,80008a2a	 x19:0x1ac1e9ca x21:0x00000001
      138855000	     13786	80008a2a	01e2fd33	and	x26,x5,x30	  x5:0x00000000 x30:0x00000000 x26=0x00000000
      138865000	     13787	80008a2e	07c5	c.addi	x15,17	 x15:0xce98ce59 x15=0xce98ce6a
      138875000	     13788	80008a30	8f8d	c.sub	x15,x11	 x15:0xce98ce6a x11:0x00000001 x15=0xce98ce69
      138915000	     13792	80008a32	03a2a833	mulhsu	x16,x5,x26	  x5:0x00000000 x26:0x00000000 x16=0x00000000
      138925000	     13793	80008a36	e519	c.bnez	x10,80008a44	 x10:0xe20b5dde
      138975000	     13798	80008a44	03c29933	mulh	x18,x5,x28	  x5:0x00000000 x28:0x80021e64 x18=0x00000000
      138985000	     13799	80008a48	013d9663	bne	x27,x19,80008a54	 x27:0xf2c75800 x19:0x1ac1e9ca
      139005000	     13801	80008a54	8fe1	c.and	x15,x8	 x15:0xce98ce69  x8:0x80000000 x15=0x80000000
      139015000	     13802	80008a56	8d8d	c.sub	x11,x11	 x11:0x00000001 x11:0x00000001 x11=0x00000000
      139025000	     13803	80008a58	8f09	c.sub	x14,x10	 x14:0x00000002 x10:0xe20b5dde x14=0x1df4a224
      139035000	     13804	80008a5a	0042f9b3	and	x19,x5,x4	  x5:0x00000000  x4:0x00000001 x19=0x00000000
      139045000	     13805	80008a5e	0045d333	srl	x6,x11,x4	 x11:0x00000000  x4:0x00000001  x6=0x00000000
      139055000	     13806	80008a62	5d7d	c.li	x26,-1	 x26=0xffffffff
      139065000	     13807	80008a64	fdb70b13	addi	x22,x14,-37	 x14:0x1df4a224 x22=0x1df4a1ff
      139075000	     13808	80008a68	41d60eb3	sub	x29,x12,x29	 x12:0x80025ce4 x29:0x12e72000 x29=0x6d1b3ce4
      139085000	     13809	80008a6c	665e8813	addi	x16,x29,1637	 x29:0x6d1b3ce4 x16=0x6d1b4349
      139095000	     13810	80008a70	00305833	srl	x16,x0,x3	  x0:0x00000000  x3:0x680ebc0e x16=0x00000000
      139105000	     13811	80008a74	91da	c.add	x3,x22	  x3:0x680ebc0e x22:0x1df4a1ff  x3=0x86035e0d
      139125000	     13813	80008a76	0251c133	div	x2,x3,x5	  x3:0x86035e0d  x5:0x00000000  x2=0xffffffff
      139135000	     13814	80008a7a	0000100f	fence.i	
      139165000	     13817	80008a7e	40c70133	sub	x2,x14,x12	 x14:0x1df4a224 x12:0x80025ce4  x2=0x9df24540
      139175000	     13818	80008a82	00430d33	add	x26,x6,x4	  x6:0x00000000  x4:0x00000001 x26=0x00000001
      139185000	     13819	80008a86	0185	c.addi	x3,1	  x3:0x86035e0d  x3=0x86035e0e
      139195000	     13820	80008a88	41acd5b3	sra	x11,x25,x26	 x25:0x00000000 x26:0x00000001 x11=0x00000000
      139205000	     13821	80008a8c	00751d63	bne	x10,x7,80008aa6	 x10:0xe20b5dde  x7:0x8b3ad860
      139235000	     13824	80008aa6	032f8763	beq	x31,x18,80008ad4	 x31:0x00000001 x18:0x00000000
      139245000	     13825	80008aaa	74168a13	addi	x20,x13,1857	 x13:0xce98cc1b x20=0xce98d35c
      139255000	     13826	80008aae	839d	c.srli	x15,0x7	 x15:0x80000000 x15=0x01000000
      139265000	     13827	80008ab0	00ce1c93	slli	x25,x28,0xc	 x28:0x80021e64 x25=0x21e64000
      139275000	     13828	80008ab4	00e09eb3	sll	x29,x1,x14	  x1:0xfacf3000 x14:0x1df4a224 x29=0xacf30000
      139285000	     13829	80008ab8	01d14c63	blt	x2,x29,80008ad0	  x2:0x9df24540 x29:0xacf30000
      139305000	     13831	80008ad0	01cd6cb3	or	x25,x26,x28	 x26:0x00000001 x28:0x80021e64 x25=0x80021e65
      139315000	     13832	80008ad4	009f1463	bne	x30,x9,80008adc	 x30:0x00000000  x9:0x00007fff
      139335000	     13834	80008adc	c08dca13	xori	x20,x27,-1016	 x27:0xf2c75800 x20=0x0d38a408
      139345000	     13835	80008ae0	00296463	bltu	x18,x2,80008ae8	 x18:0x00000000  x2:0x9df24540
      139365000	     13837	80008ae8	01667533	and	x10,x12,x22	 x12:0x80025ce4 x22:0x1df4a1ff x10=0x000000e4
      139375000	     13838	80008aec	00b296b3	sll	x13,x5,x11	  x5:0x00000000 x11:0x00000000 x13=0x00000000
      139385000	     13839	80008af0	02de1f63	bne	x28,x13,80008b2e	 x28:0x80021e64 x13:0x00000000
      139415000	     13842	80008b2e	05617463	bgeu	x2,x22,80008b76	  x2:0x9df24540 x22:0x1df4a1ff
      139445000	     13845	80008b76	02cf5363	bge	x30,x12,80008b9c	 x30:0x00000000 x12:0x80025ce4
      139465000	     13847	80008b9c	00016b63	bltu	x2,x0,80008bb2	  x2:0x9df24540  x0:0x00000000
      139475000	     13848	80008ba0	61b5	c.lui	x3,0xd	  x3=0x0000d000
      139485000	     13849	80008ba2	8d85	c.sub	x11,x9	 x11:0x00000000  x9:0x00007fff x11=0xffff8001
      139525000	     13853	80008ba4	035d98b3	mulh	x17,x27,x21	 x27:0xf2c75800 x21:0x00000001 x17=0xffffffff
      139535000	     13854	80008ba8	0159e563	bltu	x19,x21,80008bb2	 x19:0x00000000 x21:0x00000001
      139555000	     13856	80008bb2	0f6a	c.slli	x30,0x1a	 x30:0x00000000 x30=0x00000000
      139565000	     13857	80008bb4	818d	c.srli	x11,0x3	 x11:0xffff8001 x11=0x1ffff000
      139595000	     13860	80008bb6	02468eb3	mul	x29,x13,x4	 x13:0x00000000  x4:0x00000001 x29=0x00000000
      139605000	     13861	80008bba	010c1f93	slli	x31,x24,0x10	 x24:0x00000000 x31=0x00000000
      139615000	     13862	80008bbe	6ed50913	addi	x18,x10,1773	 x10:0x000000e4 x18=0x000007d1
      139625000	     13863	80008bc2	6a712893	slti	x17,x2,1703	  x2:0x9df24540 x17=0x00000001
      139635000	     13864	80008bc6	99f2c693	xori	x13,x5,-1633	  x5:0x00000000 x13=0xfffff99f
      139645000	     13865	80008bca	008ead33	slt	x26,x29,x8	 x29:0x00000000  x8:0x80000000 x26=0x00000000
      139685000	     13869	80008bce	02279cb3	mulh	x25,x15,x2	 x15:0x01000000  x2:0x9df24540 x25=0xff9df245
      139695000	     13870	80008bd2	4059d313	srai	x6,x19,0x5	 x19:0x00000000  x6=0x00000000
      139705000	     13871	80008bd6	0001	c.addi	x0,0	  x0:0x00000000  x0=0x00000000
      139715000	     13872	80008bd8	7d8dc013	xori	x0,x27,2008	 x27:0xf2c75800  x0=0x00000000
      139725000	     13873	80008bdc	187d	c.addi	x16,-1	 x16:0x00000000 x16=0xffffffff
      139735000	     13874	80008bde	8ea9	c.xor	x13,x10	 x13:0xfffff99f x10:0x000000e4 x13=0xfffff97b
      139745000	     13875	80008be0	009a1c93	slli	x25,x20,0x9	 x20:0x0d38a408 x25=0x71481000
      139755000	     13876	80008be4	8f1d	c.sub	x14,x15	 x14:0x1df4a224 x15:0x01000000 x14=0x1cf4a224
      139765000	     13877	80008be6	7975a337	lui	x6,0x7975a	  x6=0x7975a000
      139775000	     13878	80008bea	8eed	c.and	x13,x11	 x13:0xfffff97b x11:0x1ffff000 x13=0x1ffff000
      139795000	     13880	80008bec	03ff6333	rem	x6,x30,x31	 x30:0x00000000 x31:0x00000000  x6=0x00000000
      139805000	     13881	80008bf0	150fc693	xori	x13,x31,336	 x31:0x00000000 x13=0x00000150
      139815000	     13882	80008bf4	5224a813	slti	x16,x9,1314	  x9:0x00007fff x16=0x00000000
      139825000	     13883	80008bf8	081b3993	sltiu	x19,x22,129	 x22:0x1df4a1ff x19=0x00000000
      139835000	     13884	80008bfc	410255b3	sra	x11,x4,x16	  x4:0x00000001 x16:0x00000000 x11=0x00000001
      139845000	     13885	80008c00	8e89	c.sub	x13,x10	 x13:0x00000150 x10:0x000000e4 x13=0x0000006c
      139885000	     13889	80008c02	03341f33	mulh	x30,x8,x19	  x8:0x80000000 x19:0x00000000 x30=0x00000000
      139895000	     13890	80008c06	615d	c.addi16sp	x2,432	  x2:0x9df24540  x2=0x9df246f0
      139905000	     13891	80008c08	4125dd13	srai	x26,x11,0x12	 x11:0x00000001 x26=0x00000000
      139915000	     13892	80008c0c	c842b813	sltiu	x16,x5,-892	  x5:0x00000000 x16=0x00000001
      139925000	     13893	80008c10	68f9	c.lui	x17,0x1e	 x17=0x0001e000
      139935000	     13894	80008c12	8ca2	c.mv	x25,x8	  x0:0x00000000  x8:0x80000000 x25=0x80000000
      140305000	     13931	80008c14	021754b3	divu	x9,x14,x1	 x14:0x1cf4a224  x1:0xfacf3000  x9=0x00000000
      140315000	     13932	80008c18	41c4da33	sra	x20,x9,x28	  x9:0x00000000 x28:0x80021e64 x20=0x00000000
      140355000	     13936	80008c1c	033ea833	mulhsu	x16,x29,x19	 x29:0x00000000 x19:0x00000000 x16=0x00000000
      140365000	     13937	80008c20	01ffdfb3	srl	x31,x31,x31	 x31:0x00000000 x31:0x00000000 x31=0x00000000
      140375000	     13938	80008c24	8de9	c.and	x11,x10	 x11:0x00000001 x10:0x000000e4 x11=0x00000000
      140385000	     13939	80008c26	89f2	c.mv	x19,x28	  x0:0x00000000 x28:0x80021e64 x19=0x80021e64
      140395000	     13940	80008c28	00e037b3	sltu	x15,x0,x14	  x0:0x00000000 x14:0x1cf4a224 x15=0x00000001
      140405000	     13941	80008c2c	0ff0000f	fence	iorw,iorw	
      140415000	     13942	80008c30	cb09	c.beqz	x14,80008c42	 x14:0x1cf4a224
      140425000	     13943	80008c32	cae9b293	sltiu	x5,x19,-850	 x19:0x80021e64  x5=0x00000001
      140435000	     13944	80008c36	0104f333	and	x6,x9,x16	  x9:0x00000000 x16:0x00000000  x6=0x00000000
      140445000	     13945	80008c3a	02a16d63	bltu	x2,x10,80008c74	  x2:0x9df246f0 x10:0x000000e4
      140455000	     13946	80008c3e	02115363	bge	x2,x1,80008c64	  x2:0x9df246f0  x1:0xfacf3000
      140465000	     13947	80008c42	0000100f	fence.i	
      140495000	     13950	80008c46	e26b3793	sltiu	x15,x22,-474	 x22:0x1df4a1ff x15=0x00000001
      140505000	     13951	80008c4a	92df2a93	slti	x21,x30,-1747	 x30:0x00000000 x21=0x00000000
      140515000	     13952	80008c4e	004f3833	sltu	x16,x30,x4	 x30:0x00000000  x4:0x00000001 x16=0x00000001
      140525000	     13953	80008c52	0001	c.addi	x0,0	  x0:0x00000000  x0=0x00000000
      140895000	     13990	80008c54	03c6e033	rem	x0,x13,x28	 x13:0x0000006c x28:0x80021e64  x0=0x00000000
      140905000	     13991	80008c58	01bb66b3	or	x13,x22,x27	 x22:0x1df4a1ff x27:0xf2c75800 x13=0xfff7f9ff
      140945000	     13995	80008c5c	0392b0b3	mulhu	x1,x5,x25	  x5:0x00000001 x25:0x80000000  x1=0x00000000
      140955000	     13996	80008c60	86e1	c.srai	x13,0x18	 x13:0xfff7f9ff x13=0xffffffff
      140965000	     13997	80008c62	8fdd	c.or	x15,x15	 x15:0x00000001 x15:0x00000001 x15=0x00000001
      141005000	     14001	80008c64	03079a33	mulh	x20,x15,x16	 x15:0x00000001 x16:0x00000001 x20=0x00000000
      141015000	     14002	80008c68	8bc6	c.mv	x23,x17	  x0:0x00000000 x17:0x0001e000 x23=0x0001e000
      141025000	     14003	80008c6a	03b78363	beq	x15,x27,80008c90	 x15:0x00000001 x27:0xf2c75800
      141035000	     14004	80008c6e	02251c63	bne	x10,x2,80008ca6	 x10:0x000000e4  x2:0x9df246f0
      141065000	     14007	80008ca6	01bc1133	sll	x2,x24,x27	 x24:0x00000000 x27:0xf2c75800  x2=0x00000000
      141075000	     14008	80008caa	0181e8b3	or	x17,x3,x24	  x3:0x0000d000 x24:0x00000000 x17=0x0000d000
      141445000	     14045	80008cae	037379b3	remu	x19,x6,x23	  x6:0x00000000 x23:0x0001e000 x19=0x00000000
      141455000	     14046	80008cb2	0122fcb3	and	x25,x5,x18	  x5:0x00000001 x18:0x000007d1 x25=0x00000001
      141465000	     14047	80008cb6	0243ed63	bltu	x7,x4,80008cf0	  x7:0x8b3ad860  x4:0x00000001
      141475000	     14048	80008cba	8fdd	c.or	x15,x15	 x15:0x00000001 x15:0x00000001 x15=0x00000001
      141485000	     14049	80008cbc	0001	c.addi	x0,0	  x0:0x00000000  x0=0x00000000
      141495000	     14050	80008cbe	1d646293	ori	x5,x8,470	  x8:0x80000000  x5=0x800001d6
      141505000	     14051	80008cc2	c115	c.beqz	x10,80008ce6	 x10:0x000000e4
      141515000	     14052	80008cc4	0ff0000f	fence	iorw,iorw	
      141525000	     14053	80008cc8	4f45	c.li	x30,17	 x30=0x00000011
      141535000	     14054	80008cca	a091e293	ori	x5,x3,-1527	  x3:0x0000d000  x5=0xfffffa09
      141545000	     14055	80008cce	02bdc263	blt	x27,x11,80008cf2	 x27:0xf2c75800 x11:0x00000000
      141575000	     14058	80008cf2	00304d63	blt	x0,x3,80008d0c	  x0:0x00000000  x3:0x0000d000
      141595000	     14060	80008d0c	00351493	slli	x9,x10,0x3	 x10:0x000000e4  x9=0x00000720
      141605000	     14061	80008d10	8d7d	c.and	x10,x15	 x10:0x000000e4 x15:0x00000001 x10=0x00000000
      141615000	     14062	80008d12	6ac16093	ori	x1,x2,1708	  x2:0x00000000  x1=0x000006ac
      141625000	     14063	80008d16	8175	c.srli	x10,0x1d	 x10:0x00000000 x10=0x00000000
      141635000	     14064	80008d18	0ff0000f	fence	iorw,iorw	
      141645000	     14065	80008d1c	01428663	beq	x5,x20,80008d28	  x5:0xfffffa09 x20:0x00000000
      141655000	     14066	80008d20	d5c6cc13	xori	x24,x13,-676	 x13:0xffffffff x24=0x000002a3
      142025000	     14103	80008d24	032443b3	div	x7,x8,x18	  x8:0x80000000 x18:0x000007d1  x7=0xffef9fcb
      142035000	     14104	80008d28	0ff0000f	fence	iorw,iorw	
      142045000	     14105	80008d2c	00b521b3	slt	x3,x10,x11	 x10:0x00000000 x11:0x00000000  x3=0x00000000
      142055000	     14106	80008d30	01b61013	slli	x0,x12,0x1b	 x12:0x80025ce4  x0=0x00000000
      142065000	     14107	80008d34	108c	c.addi4spn	x11,x2,96	 x11=0x00000060
      142075000	     14108	80008d36	030f5263	bge	x30,x16,80008d5a	 x30:0x00000011 x16:0x00000001
      142105000	     14111	80008d5a	000d3033	sltu	x0,x26,x0	 x26:0x00000000  x0:0x00000000  x0=0x00000000
      142115000	     14112	80008d5e	5efd	c.li	x29,-1	 x29=0xffffffff
      142125000	     14113	80008d60	45661e97	auipc	x29,0x45661	 x29=0xc5669d60
      142135000	     14114	80008d64	01e19093	slli	x1,x3,0x1e	  x3:0x00000000  x1=0x00000000
      142505000	     14151	80008d68	02bcd4b3	divu	x9,x25,x11	 x25:0x00000001 x11:0x00000060  x9=0x00000000
      142875000	     14188	80008d6c	03c962b3	rem	x5,x18,x28	 x18:0x000007d1 x28:0x80021e64  x5=0x000007d1
      142885000	     14189	80008d70	0001	c.addi	x0,0	  x0:0x00000000  x0=0x00000000
      142895000	     14190	80008d72	01b86463	bltu	x16,x27,80008d7a	 x16:0x00000001 x27:0xf2c75800
      142925000	     14193	80008d7a	410108b3	sub	x17,x2,x16	  x2:0x00000000 x16:0x00000001 x17=0xffffffff
      142935000	     14194	80008d7e	808e	c.mv	x1,x3	  x0:0x00000000  x3:0x00000000  x1=0x00000000
      142945000	     14195	80008d80	00dcc263	blt	x25,x13,80008d84	 x25:0x00000001 x13:0xffffffff
      142955000	     14196	80008d84	41015313	srai	x6,x2,0x10	  x2:0x00000000  x6=0x00000000
      142965000	     14197	80008d88	8d51	c.or	x10,x12	 x10:0x00000000 x12:0x80025ce4 x10=0x80025ce4
      143005000	     14201	80008d8a	0257af33	mulhsu	x30,x15,x5	 x15:0x00000001  x5:0x000007d1 x30=0x00000000
      143015000	     14202	80008d8e	058b7063	bgeu	x22,x24,80008dce	 x22:0x1df4a1ff x24:0x000002a3
      143035000	     14204	80008dce	1cfd	c.addi	x25,-1	 x25:0x00000001 x25=0x00000000
      143045000	     14205	80008dd0	1f7d	c.addi	x30,-1	 x30:0x00000000 x30=0xffffffff
      143415000	     14242	80008dd2	02befc33	remu	x24,x29,x11	 x29:0xc5669d60 x11:0x00000060 x24=0x00000000
      143425000	     14243	80008dd6	8cbd	c.xor	x9,x15	  x9:0x00000000 x15:0x00000001  x9=0x00000001
      143435000	     14244	80008dd8	0225c263	blt	x11,x2,80008dfc	 x11:0x00000060  x2:0x00000000
      143465000	     14247	80008ddc	02058b33	mul	x22,x11,x0	 x11:0x00000060  x0:0x00000000 x22=0x00000000
      143475000	     14248	80008de0	0113deb3	srl	x29,x7,x17	  x7:0xffef9fcb x17:0xffffffff x29=0x00000001
      143495000	     14250	80008de4	0223f833	remu	x16,x7,x2	  x7:0xffef9fcb  x2:0x00000000 x16=0xffef9fcb
      143505000	     14251	80008de8	ec6ba913	slti	x18,x23,-314	 x23:0x0001e000 x18=0x00000000
      143515000	     14252	80008dec	6cf07c93	andi	x25,x0,1743	  x0:0x00000000 x25=0x00000000
      143555000	     14256	80008df0	02eea6b3	mulhsu	x13,x29,x14	 x29:0x00000001 x14:0x1cf4a224 x13=0x00000000
      143925000	     14293	80008df4	027065b3	rem	x11,x0,x7	  x0:0x00000000  x7:0xffef9fcb x11=0x00000000
      143935000	     14294	80008df8	013f8e63	beq	x31,x19,80008e14	 x31:0x00000000 x19:0x00000000
      143955000	     14296	80008e14	02d17e63	bgeu	x2,x13,80008e50	  x2:0x00000000 x13:0x00000000
      143975000	     14298	80008e50	8ed9	c.or	x13,x14	 x13:0x00000000 x14:0x1cf4a224 x13=0x1cf4a224
      143985000	     14299	80008e52	85d9	c.srai	x11,0x16	 x11:0x00000000 x11=0x00000000
      143995000	     14300	80008e54	0122	c.slli	x2,0x8	  x2:0x00000000  x2=0x00000000
      144005000	     14301	80008e56	0ff0000f	fence	iorw,iorw	
      144015000	     14302	80008e5a	0000100f	fence.i	
      144075000	     14308	80008e5e	022aafb3	mulhsu	x31,x21,x2	 x21:0x00000000  x2:0x00000000 x31=0x00000000
      144085000	     14309	80008e62	00f99463	bne	x19,x15,80008e6a	 x19:0x00000000 x15:0x00000001
      144105000	     14311	80008e6a	e899	c.bnez	x9,80008e80	  x9:0x00000001
      144125000	     14313	80008e80	0001	c.addi	x0,0	  x0:0x00000000  x0=0x00000000
      144135000	     14314	80008e82	8bcd	c.andi	x15,19	 x15:0x00000001 x15=0x00000001
      144175000	     14318	80008e84	025d2b33	mulhsu	x22,x26,x5	 x26:0x00000000  x5:0x000007d1 x22=0x00000000
      144195000	     14320	80008e88	03ac77b3	remu	x15,x24,x26	 x24:0x00000000 x26:0x00000000 x15=0x00000000
      144205000	     14321	80008e8c	416f0533	sub	x10,x30,x22	 x30:0xffffffff x22:0x00000000 x10=0xffffffff
      144215000	     14322	80008e90	8f39	c.xor	x14,x14	 x14:0x1cf4a224 x14:0x1cf4a224 x14=0x00000000
      144225000	     14323	80008e92	8d71	c.and	x10,x12	 x10:0xffffffff x12:0x80025ce4 x10=0x80025ce4
      144245000	     14325	80008e94	036cdd33	divu	x26,x25,x22	 x25:0x00000000 x22:0x00000000 x26=0xffffffff
      144255000	     14326	80008e98	c3fc4c93	xori	x25,x24,-961	 x24:0x00000000 x25=0xfffffc3f
      144265000	     14327	80008e9c	86ed	c.srai	x13,0x1b	 x13:0x1cf4a224 x13=0x00000003
      144275000	     14328	80008e9e	4fcb4f93	xori	x31,x22,1276	 x22:0x00000000 x31=0x000004fc
      144285000	     14329	80008ea2	82b9	c.srli	x13,0xe	 x13:0x00000003 x13=0x00000000
      144295000	     14330	80008ea4	03269363	bne	x13,x18,80008eca	 x13:0x00000000 x18:0x00000000
      144305000	     14331	80008ea8	01694c33	xor	x24,x18,x22	 x18:0x00000000 x22:0x00000000 x24=0x00000000
      144315000	     14332	80008eac	003a9a13	slli	x20,x21,0x3	 x21:0x00000000 x20=0x00000000
      144325000	     14333	80008eb0	10fd	c.addi	x1,-1	  x1:0x00000000  x1=0xffffffff
      144335000	     14334	80008eb2	8dfd	c.and	x11,x15	 x11:0x00000000 x15:0x00000000 x11=0x00000000
      144355000	     14336	80008eb4	022f5233	divu	x4,x30,x2	 x30:0xffffffff  x2:0x00000000  x4=0xffffffff
      144365000	     14337	80008eb8	014c4963	blt	x24,x20,80008eca	 x24:0x00000000 x20:0x00000000
      144385000	     14339	80008ebc	02e1d7b3	divu	x15,x3,x14	  x3:0x00000000 x14:0x00000000 x15=0xffffffff
      144395000	     14340	80008ec0	0001	c.addi	x0,0	  x0:0x00000000  x0=0x00000000
      144405000	     14341	80008ec2	00bec9b3	xor	x19,x29,x11	 x29:0x00000001 x11:0x00000000 x19=0x00000001
      144415000	     14342	80008ec6	0e57a193	slti	x3,x15,229	 x15:0xffffffff  x3=0x00000001
      144425000	     14343	80008eca	0000100f	fence.i	
      144485000	     14349	80008ece	024c39b3	mulhu	x19,x24,x4	 x24:0x00000000  x4:0xffffffff x19=0x00000000
      144495000	     14350	80008ed2	009ef563	bgeu	x29,x9,80008edc	 x29:0x00000001  x9:0x00000001
      144515000	     14352	80008edc	d86ac693	xori	x13,x21,-634	 x21:0x00000000 x13=0xfffffd86
      144525000	     14353	80008ee0	8fe5	c.and	x15,x9	 x15:0xffffffff  x9:0x00000001 x15=0x00000001
      144535000	     14354	80008ee2	41825eb3	sra	x29,x4,x24	  x4:0xffffffff x24:0x00000000 x29=0xffffffff
      144545000	     14355	80008ee6	018294b3	sll	x9,x5,x24	  x5:0x000007d1 x24:0x00000000  x9=0x000007d1
      144555000	     14356	80008eea	0001	c.addi	x0,0	  x0:0x00000000  x0=0x00000000
      144565000	     14357	80008eec	aa09aeb7	lui	x29,0xaa09a	 x29=0xaa09a000
      144605000	     14361	80008ef0	03c7b0b3	mulhu	x1,x15,x28	 x15:0x00000001 x28:0x80021e64  x1=0x00000000
      144615000	     14362	80008ef4	8db5	c.xor	x11,x13	 x11:0x00000000 x13:0xfffffd86 x11=0xfffffd86
      144625000	     14363	80008ef6	9d72	c.add	x26,x28	 x26:0xffffffff x28:0x80021e64 x26=0x80021e63
      144995000	     14400	80008ef8	03fe7db3	remu	x27,x28,x31	 x28:0x80021e64 x31:0x000004fc x27=0x000003a8
      145005000	     14401	80008efc	45bd	c.li	x11,15	 x11=0x0000000f
      145015000	     14402	80008efe	05b85163	bge	x16,x27,80008f40	 x16:0xffef9fcb x27:0x000003a8
      145025000	     14403	80008f02	0b8a	c.slli	x23,0x2	 x23:0x0001e000 x23=0x00078000
      145035000	     14404	80008f04	101c	c.addi4spn	x15,x2,32	 x15=0x00000020
      145045000	     14405	80008f06	40c25913	srai	x18,x4,0xc	  x4:0xffffffff x18=0xffffffff
      145415000	     14442	80008f0a	02a15033	divu	x0,x2,x10	  x2:0x00000000 x10:0x80025ce4  x0=0x00000000
      145425000	     14443	80008f0e	a4f13393	sltiu	x7,x2,-1457	  x2:0x00000000  x7=0x00000001
      145435000	     14444	80008f12	03e74563	blt	x14,x30,80008f3c	 x14:0x00000000 x30:0xffffffff
      145445000	     14445	80008f16	4c9a2a93	slti	x21,x20,1225	 x20:0x00000000 x21=0x00000001
      145455000	     14446	80008f1a	419f8333	sub	x6,x31,x25	 x31:0x000004fc x25:0xfffffc3f  x6=0x000008bd
      145465000	     14447	80008f1e	8739	c.srai	x14,0xe	 x14:0x00000000 x14=0x00000000
      145475000	     14448	80008f20	e2f95497	auipc	x9,0xe2f95	  x9=0x62f9df20
      145485000	     14449	80008f24	8f29	c.xor	x14,x10	 x14:0x00000000 x10:0x80025ce4 x14=0x80025ce4
      145495000	     14450	80008f26	403d86b3	sub	x13,x27,x3	 x27:0x000003a8  x3:0x00000001 x13=0x000003a7
      145505000	     14451	80008f2a	1c7d	c.addi	x24,-1	 x24:0x00000000 x24=0xffffffff
      145545000	     14455	80008f2c	024f21b3	mulhsu	x3,x30,x4	 x30:0xffffffff  x4:0xffffffff  x3=0xffffffff
      145555000	     14456	80008f30	00b17463	bgeu	x2,x11,80008f38	  x2:0x00000000 x11:0x0000000f
      145925000	     14493	80008f34	03df6f33	rem	x30,x30,x29	 x30:0xffffffff x29:0xaa09a000 x30=0xffffffff
      145935000	     14494	80008f38	9106	c.add	x2,x1	  x2:0x00000000  x1:0x00000000  x2=0x00000000
      145945000	     14495	80008f3a	1d9c	c.addi4spn	x15,x2,752	 x15=0x000002f0
      145955000	     14496	80008f3c	5117e593	ori	x11,x15,1297	 x15:0x000002f0 x11=0x000007f1
      145965000	     14497	80008f40	00021d93	slli	x27,x4,0x0	  x4:0xffffffff x27=0xffffffff
      145995000	     14500	80008f44	021c0333	mul	x6,x24,x1	 x24:0xffffffff  x1:0x00000000  x6=0x00000000
      146005000	     14501	80008f48	a7f0c317	auipc	x6,0xa7f0c	  x6=0x27f14f48
      146015000	     14502	80008f4c	0036d033	srl	x0,x13,x3	 x13:0x000003a7  x3:0xffffffff  x0=0x00000000
      146025000	     14503	80008f50	40db59b3	sra	x19,x22,x13	 x22:0x00000000 x13:0x000003a7 x19=0x00000000
      146035000	     14504	80008f54	613d	c.addi16sp	x2,480	  x2:0x00000000  x2=0x000001e0
      146045000	     14505	80008f56	187d	c.addi	x16,-1	 x16:0xffef9fcb x16=0xffef9fca
      146055000	     14506	80008f58	89a9	c.andi	x11,10	 x11:0x000007f1 x11=0x00000000
      146065000	     14507	80008f5a	930ecb93	xori	x23,x29,-1744	 x29:0xaa09a000 x23=0x55f65930
      146075000	     14508	80008f5e	9b7d	c.andi	x14,-1	 x14:0x80025ce4 x14=0x80025ce4
      146085000	     14509	80008f60	011168b3	or	x17,x2,x17	  x2:0x000001e0 x17:0xffffffff x17=0xffffffff
      146095000	     14510	80008f64	0000100f	fence.i	
      146115000	     14512	80008f68	c099	c.beqz	x9,80008f6e	  x9:0x62f9df20
      146125000	     14513	80008f6a	67b1	c.lui	x15,0xc	 x15=0x0000c000
      146135000	     14514	80008f6c	04a6	c.slli	x9,0x9	  x9:0x62f9df20  x9=0xf3be4000
      146145000	     14515	80008f6e	871d	c.srai	x14,0x7	 x14:0x80025ce4 x14=0xff0004b9
      146155000	     14516	80008f70	00d7d893	srli	x17,x15,0xd	 x15:0x0000c000 x17=0x00000006
      146165000	     14517	80008f74	05dde063	bltu	x27,x29,80008fb4	 x27:0xffffffff x29:0xaa09a000
      146175000	     14518	80008f78	8dbd	c.xor	x11,x15	 x11:0x00000000 x15:0x0000c000 x11=0x0000c000
      146185000	     14519	80008f7a	0ef7f393	andi	x7,x15,239	 x15:0x0000c000  x7=0x00000000
      146195000	     14520	80008f7e	8ee9	c.and	x13,x10	 x13:0x000003a7 x10:0x80025ce4 x13=0x000000a4
      146205000	     14521	80008f80	4145	c.li	x2,17	  x2=0x00000011
      146215000	     14522	80008f82	15314b93	xori	x23,x2,339	  x2:0x00000011 x23=0x00000142
      146225000	     14523	80008f86	eb0d	c.bnez	x14,80008fb8	 x14:0xff0004b9
      146245000	     14525	80008fb8	d493e9b7	lui	x19,0xd493e	 x19=0xd493e000
      146255000	     14526	80008fbc	0001	c.addi	x0,0	  x0:0x00000000  x0=0x00000000
      146265000	     14527	80008fbe	939e	c.add	x7,x7	  x7:0x00000000  x7:0x00000000  x7=0x00000000
      146275000	     14528	80008fc0	40890fb3	sub	x31,x18,x8	 x18:0xffffffff  x8:0x80000000 x31=0x7fffffff
      146285000	     14529	80008fc4	cb9d	c.beqz	x15,80008ffa	 x15:0x0000c000
      146295000	     14530	80008fc6	99fd	c.andi	x11,-1	 x11:0x0000c000 x11=0x0000c000
      146305000	     14531	80008fc8	0194	c.addi4spn	x13,x2,192	 x13=0x000000d1
      146315000	     14532	80008fca	0001	c.addi	x0,0	  x0:0x00000000  x0=0x00000000
      146325000	     14533	80008fcc	951e	c.add	x10,x7	 x10:0x80025ce4  x7:0x00000000 x10=0x80025ce4
      146335000	     14534	80008fce	95878a13	addi	x20,x15,-1704	 x15:0x0000c000 x20=0x0000b958
      146345000	     14535	80008fd2	e7a66a13	ori	x20,x12,-390	 x12:0x80025ce4 x20=0xfffffefe
      146355000	     14536	80008fd6	0001	c.addi	x0,0	  x0:0x00000000  x0=0x00000000
      146365000	     14537	80008fd8	84f5	c.srai	x9,0x1d	  x9:0xf3be4000  x9=0xffffffff
      146735000	     14574	80008fda	02ce7933	remu	x18,x28,x12	 x28:0x80021e64 x12:0x80025ce4 x18=0x80021e64
      146745000	     14575	80008fde	8ff9	c.and	x15,x14	 x15:0x0000c000 x14:0xff0004b9 x15=0x00000000
      146755000	     14576	80008fe0	017c0cb3	add	x25,x24,x23	 x24:0xffffffff x23:0x00000142 x25=0x00000141
      147125000	     14613	80008fe4	035dd533	divu	x10,x27,x21	 x27:0xffffffff x21:0x00000001 x10=0xffffffff
      147135000	     14614	80008fe8	9afd	c.andi	x13,-1	 x13:0x000000d1 x13=0x000000d1
      147165000	     14617	80008fea	03f78bb3	mul	x23,x15,x31	 x15:0x00000000 x31:0x7fffffff x23=0x00000000
      147175000	     14618	80008fee	00c156b3	srl	x13,x2,x12	  x2:0x00000011 x12:0x80025ce4 x13=0x00000001
      147185000	     14619	80008ff2	e143da97	auipc	x21,0xe143d	 x21=0x61445ff2
      147225000	     14623	80008ff6	029f9ab3	mulh	x21,x31,x9	 x31:0x7fffffff  x9:0xffffffff x21=0xffffffff
      147235000	     14624	80008ffa	8b01	c.andi	x14,0	 x14:0xff0004b9 x14=0x00000000
      147245000	     14625	80008ffc	0716	c.slli	x14,0x5	 x14:0x00000000 x14=0x00000000
      147255000	     14626	80008ffe	11fd	c.addi	x3,-1	  x3:0xffffffff  x3=0xfffffffe
      147265000	     14627	80009000	0099edb3	or	x27,x19,x9	 x19:0xd493e000  x9:0xffffffff x27=0xffffffff
      147275000	     14628	80009004	01e0b7b3	sltu	x15,x1,x30	  x1:0x00000000 x30:0xffffffff x15=0x00000001
      147645000	     14665	80009008	030d5a33	divu	x20,x26,x16	 x26:0x80021e63 x16:0xffef9fca x20=0x00000000
      147685000	     14669	8000900c	03c72933	mulhsu	x18,x14,x28	 x14:0x00000000 x28:0x80021e64 x18=0x00000000
      147695000	     14670	80009010	9cb6	c.add	x25,x13	 x25:0x00000141 x13:0x00000001 x25=0x00000142
      147705000	     14671	80009012	6ddd	c.lui	x27,0x17	 x27=0x00017000
      147715000	     14672	80009014	009d70b3	and	x1,x26,x9	 x26:0x80021e63  x9:0xffffffff  x1=0x80021e63
      147725000	     14673	80009018	8aee	c.mv	x21,x27	  x0:0x00000000 x27:0x00017000 x21=0x00017000
      147735000	     14674	8000901a	01d9b8b3	sltu	x17,x19,x29	 x19:0xd493e000 x29:0xaa09a000 x17=0x00000000
      147745000	     14675	8000901e	fdd5b493	sltiu	x9,x11,-35	 x11:0x0000c000  x9=0x00000001
      147755000	     14676	80009022	00330133	add	x2,x6,x3	  x6:0x27f14f48  x3:0xfffffffe  x2=0x27f14f46
      147765000	     14677	80009026	8d49	c.or	x10,x10	 x10:0xffffffff x10:0xffffffff x10=0xffffffff
      147775000	     14678	80009028	40a202b3	sub	x5,x4,x10	  x4:0xffffffff x10:0xffffffff  x5=0x00000000
      147785000	     14679	8000902c	00d99693	slli	x13,x19,0xd	 x19:0xd493e000 x13=0x7c000000
      147815000	     14682	80009030	03e70333	mul	x6,x14,x30	 x14:0x00000000 x30:0xffffffff  x6=0x00000000
      147825000	     14683	80009034	01b9e8b3	or	x17,x19,x27	 x19:0xd493e000 x27:0x00017000 x17=0xd493f000
      147835000	     14684	80009038	4103d033	sra	x0,x7,x16	  x7:0x00000000 x16:0xffef9fca  x0=0x00000000
      147845000	     14685	8000903c	0aefc113	xori	x2,x31,174	 x31:0x7fffffff  x2=0x7fffff51
      147855000	     14686	80009040	8692	c.mv	x13,x4	  x0:0x00000000  x4:0xffffffff x13=0xffffffff
      147865000	     14687	80009042	ce251137	lui	x2,0xce251	  x2=0xce251000
      147875000	     14688	80009046	4d7d	c.li	x26,31	 x26=0x0000001f
      147885000	     14689	80009048	90de	c.add	x1,x23	  x1:0x80021e63 x23:0x00000000  x1=0x80021e63
      147895000	     14690	8000904a	8fc9	c.or	x15,x10	 x15:0x00000001 x10:0xffffffff x15=0xffffffff
      147905000	     14691	8000904c	00e394b3	sll	x9,x7,x14	  x7:0x00000000 x14:0x00000000  x9=0x00000000
      147915000	     14692	80009050	40645093	srai	x1,x8,0x6	  x8:0x80000000  x1=0xfe000000
      147925000	     14693	80009054	01ab6833	or	x16,x22,x26	 x22:0x00000000 x26:0x0000001f x16=0x0000001f
      147935000	     14694	80009058	8d35	c.xor	x10,x13	 x10:0xffffffff x13:0xffffffff x10=0x00000000
      147945000	     14695	8000905a	69edbf13	sltiu	x30,x27,1694	 x27:0x00017000 x30=0x00000000
      147955000	     14696	8000905e	84ce	c.mv	x9,x19	  x0:0x00000000 x19:0xd493e000  x9=0xd493e000
      147965000	     14697	80009060	0775	c.addi	x14,29	 x14:0x00000000 x14=0x0000001d
      147975000	     14698	80009062	00f5e793	ori	x15,x11,15	 x11:0x0000c000 x15=0x0000c00f
      147985000	     14699	80009066	00a1	c.addi	x1,8	  x1:0xfe000000  x1=0xfe000008
      147995000	     14700	80009068	4141d1b3	sra	x3,x3,x20	  x3:0xfffffffe x20:0x00000000  x3=0xfffffffe
      148005000	     14701	8000906c	90a6	c.add	x1,x9	  x1:0xfe000008  x9:0xd493e000  x1=0xd293e008
      148015000	     14702	8000906e	0021d393	srli	x7,x3,0x2	  x3:0xfffffffe  x7=0x3fffffff
      148025000	     14703	80009072	8d3d	c.xor	x10,x15	 x10:0x00000000 x15:0x0000c00f x10=0x0000c00f
      148035000	     14704	80009074	e06bd597	auipc	x11,0xe06bd	 x11=0x606c6074
      148045000	     14705	80009078	00a95f63	bge	x18,x10,80009096	 x18:0x00000000 x10:0x0000c00f
      148055000	     14706	8000907c	88e6	c.mv	x17,x25	  x0:0x00000000 x25:0x00000142 x17=0x00000142
      148425000	     14743	8000907e	03da6b33	rem	x22,x20,x29	 x20:0x00000000 x29:0xaa09a000 x22=0x00000000
      148435000	     14744	80009082	05308263	beq	x1,x19,800090c6	  x1:0xd293e008 x19:0xd493e000
      148445000	     14745	80009086	030c8363	beq	x25,x16,800090ac	 x25:0x00000142 x16:0x0000001f
      148455000	     14746	8000908a	8911	c.andi	x10,4	 x10:0x0000c00f x10=0x00000004
      148465000	     14747	8000908c	0001	c.addi	x0,0	  x0:0x00000000  x0=0x00000000
      148475000	     14748	8000908e	0293e663	bltu	x7,x9,800090ba	  x7:0x3fffffff  x9:0xd493e000
      148505000	     14751	800090ba	00b61593	slli	x11,x12,0xb	 x12:0x80025ce4 x11=0x12e72000
      148515000	     14752	800090be	02b57663	bgeu	x10,x11,800090ea	 x10:0x00000004 x11:0x12e72000
      148525000	     14753	800090c2	01ab84b3	add	x9,x23,x26	 x23:0x00000000 x26:0x0000001f  x9=0x0000001f
      148535000	     14754	800090c6	408906b3	sub	x13,x18,x8	 x18:0x00000000  x8:0x80000000 x13=0x80000000
      148545000	     14755	800090ca	00899c63	bne	x19,x8,800090e2	 x19:0xd493e000  x8:0x80000000
      148605000	     14761	800090e2	02231db3	mulh	x27,x6,x2	  x6:0x00000000  x2:0xce251000 x27=0x00000000
      148615000	     14762	800090e6	8dc0e013	ori	x0,x1,-1828	  x1:0xd293e008  x0=0x00000000
      148625000	     14763	800090ea	0ff0000f	fence	iorw,iorw	
      148635000	     14764	800090ee	a66f2313	slti	x6,x30,-1434	 x30:0x00000000  x6=0x00000000
      148645000	     14765	800090f2	98868ab7	lui	x21,0x98868	 x21=0x98868000
      149015000	     14802	800090f6	023c5db3	divu	x27,x24,x3	 x24:0xffffffff  x3:0xfffffffe x27=0x00000001
      149035000	     14804	800090fa	03256733	rem	x14,x10,x18	 x10:0x00000004 x18:0x00000000 x14=0x00000004
      149045000	     14805	800090fe	5bfd	c.li	x23,-1	 x23=0xffffffff
      149055000	     14806	80009100	1ffd	c.addi	x31,-1	 x31:0x7fffffff x31=0x7ffffffe
      149065000	     14807	80009102	bc81fc93	andi	x25,x3,-1080	  x3:0xfffffffe x25=0xfffffbc8
      149075000	     14808	80009106	01523db3	sltu	x27,x4,x21	  x4:0xffffffff x21:0x98868000 x27=0x00000000
      149085000	     14809	8000910a	8e91	c.sub	x13,x12	 x13:0x80000000 x12:0x80025ce4 x13=0xfffda31c
      149095000	     14810	8000910c	8e862d13	slti	x26,x12,-1816	 x12:0x80025ce4 x26=0x00000001
      149105000	     14811	80009110	e09d	c.bnez	x9,80009136	  x9:0x0000001f
      149495000	     14850	80009136	023c64b3	rem	x9,x24,x3	 x24:0xffffffff  x3:0xfffffffe  x9=0xffffffff
      149505000	     14851	8000913a	0000100f	fence.i	
      149565000	     14857	8000913e	02cb2d33	mulhsu	x26,x22,x12	 x22:0x00000000 x12:0x80025ce4 x26=0x00000000
      149575000	     14858	80009142	023a	c.slli	x4,0xe	  x4:0xffffffff  x4=0xffffc000
      149585000	     14859	80009144	8fce	c.mv	x31,x19	  x0:0x00000000 x19:0xd493e000 x31=0xd493e000
      149595000	     14860	80009146	14fd	c.addi	x9,-1	  x9:0xffffffff  x9=0xfffffffe
      149605000	     14861	80009148	0ff0000f	fence	iorw,iorw	
      149615000	     14862	8000914c	0ff0000f	fence	iorw,iorw	
      149655000	     14866	80009150	02e12533	mulhsu	x10,x2,x14	  x2:0xce251000 x14:0x00000004 x10=0xffffffff
      149665000	     14867	80009154	40745793	srai	x15,x8,0x7	  x8:0x80000000 x15=0xff000000
      149675000	     14868	80009158	0498	c.addi4spn	x14,x2,576	 x14=0xce251240
      150045000	     14905	8000915a	02ebccb3	div	x25,x23,x14	 x23:0xffffffff x14:0xce251240 x25=0x00000000
      150055000	     14906	8000915e	8cd1	c.or	x9,x12	  x9:0xfffffffe x12:0x80025ce4  x9=0xfffffffe
      150065000	     14907	80009160	6159	c.addi16sp	x2,400	  x2:0xce251000  x2=0xce251190
      150075000	     14908	80009162	8ea1	c.xor	x13,x8	 x13:0xfffda31c  x8:0x80000000 x13=0x7ffda31c
      150085000	     14909	80009164	80a1	c.srli	x9,0x8	  x9:0xfffffffe  x9=0x00ffffff
      150095000	     14910	80009166	01c0e463	bltu	x1,x28,8000916e	  x1:0xd293e008 x28:0x80021e64
      150105000	     14911	8000916a	726dc093	xori	x1,x27,1830	 x27:0x00000000  x1=0x00000726
      150115000	     14912	8000916e	021d7463	bgeu	x26,x1,80009196	 x26:0x00000000  x1:0x00000726
      150125000	     14913	80009172	01b790b3	sll	x1,x15,x27	 x15:0xff000000 x27:0x00000000  x1=0xff000000
      150135000	     14914	80009176	012f7eb3	and	x29,x30,x18	 x30:0x00000000 x18:0x00000000 x29=0x00000000
      150145000	     14915	8000917a	8fe1	c.and	x15,x8	 x15:0xff000000  x8:0x80000000 x15=0x80000000
      150155000	     14916	8000917c	007b1f13	slli	x30,x22,0x7	 x22:0x00000000 x30=0x00000000
      150165000	     14917	80009180	fec1b013	sltiu	x0,x3,-20	  x3:0xfffffffe  x0=0x00000000
      150195000	     14920	80009184	020b81b3	mul	x3,x23,x0	 x23:0xffffffff  x0:0x00000000  x3=0x00000000
      150205000	     14921	80009188	9fd6	c.add	x31,x21	 x31:0xd493e000 x21:0x98868000 x31=0x6d1a6000
      150215000	     14922	8000918a	4975	c.li	x18,29	 x18=0x0000001d
      150235000	     14924	8000918c	0260e033	rem	x0,x1,x6	  x1:0xff000000  x6:0x00000000  x0=0x00000000
      150245000	     14925	80009190	0ff0000f	fence	iorw,iorw	
      150255000	     14926	80009194	6bc1	c.lui	x23,0x10	 x23=0x00010000
      150265000	     14927	80009196	1894	c.addi4spn	x13,x2,112	 x13=0xce251200
      150275000	     14928	80009198	472b3717	auipc	x14,0x472b3	 x14=0xc72bc198
      150285000	     14929	8000919c	0001	c.addi	x0,0	  x0:0x00000000  x0=0x00000000
      150295000	     14930	8000919e	04388363	beq	x17,x3,800091e4	 x17:0x00000142  x3:0x00000000
      150335000	     14934	800091a2	037ab133	mulhu	x2,x21,x23	 x21:0x98868000 x23:0x00010000  x2=0x00009886
      150345000	     14935	800091a6	8fab7093	andi	x1,x22,-1798	 x22:0x00000000  x1=0x00000000
      150355000	     14936	800091aa	0e98	c.addi4spn	x14,x2,848	 x14=0x00009bd6
      150375000	     14938	800091ac	0369f2b3	remu	x5,x19,x22	 x19:0xd493e000 x22:0x00000000  x5=0xd493e000
      150385000	     14939	800091b0	5723b013	sltiu	x0,x7,1394	  x7:0x3fffffff  x0=0x00000000
      150395000	     14940	800091b4	0134c033	xor	x0,x9,x19	  x9:0x00ffffff x19:0xd493e000  x0=0x00000000
      150405000	     14941	800091b8	e715	c.bnez	x14,800091e4	 x14:0x00009bd6
      150445000	     14945	800091e4	02e20033	mul	x0,x4,x14	  x4:0xffffc000 x14:0x00009bd6  x0=0x00000000
      150455000	     14946	800091e8	99a6f113	andi	x2,x13,-1638	 x13:0xce251200  x2=0xce251000
      150465000	     14947	800091ec	82d1	c.srli	x13,0x14	 x13:0xce251200 x13=0x00000ce2
      150475000	     14948	800091ee	717d	c.addi16sp	x2,-16	  x2:0xce251000  x2=0xce250ff0
      150485000	     14949	800091f0	fec10693	addi	x13,x2,-20	  x2:0xce250ff0 x13=0xce250fdc
      150495000	     14950	800091f4	8b15	c.andi	x14,5	 x14:0x00009bd6 x14=0x00000004
      150505000	     14951	800091f6	0001	c.addi	x0,0	  x0:0x00000000  x0=0x00000000
      150515000	     14952	800091f8	95d2	c.add	x11,x20	 x11:0x12e72000 x20:0x00000000 x11=0x12e72000
      150525000	     14953	800091fa	0a8c	c.addi4spn	x11,x2,336	 x11=0xce251140
      150535000	     14954	800091fc	0ff0000f	fence	iorw,iorw	
      150575000	     14958	80009200	026ebc33	mulhu	x24,x29,x6	 x29:0x00000000  x6:0x00000000 x24=0x00000000
      150585000	     14959	80009204	0423e163	bltu	x7,x2,80009246	  x7:0x3fffffff  x2:0xce250ff0
      150615000	     14962	80009246	008f28b3	slt	x17,x30,x8	 x30:0x00000000  x8:0x80000000 x17=0x00000000
      150625000	     14963	8000924a	0000100f	fence.i	
      150655000	     14966	8000924e	8c0fab93	slti	x23,x31,-1856	 x31:0x6d1a6000 x23=0x00000000
      150695000	     14970	80009252	02f89733	mulh	x14,x17,x15	 x17:0x00000000 x15:0x80000000 x14=0x00000000
      150705000	     14971	80009256	0120f3b3	and	x7,x1,x18	  x1:0x00000000 x18:0x0000001d  x7=0x00000000
      150715000	     14972	8000925a	0314	c.addi4spn	x13,x2,384	 x13=0xce251170
      150725000	     14973	8000925c	0000100f	fence.i	
      150745000	     14975	80009260	0135a933	slt	x18,x11,x19	 x11:0xce251140 x19:0xd493e000 x18=0x00000001
      150755000	     14976	80009264	0001	c.addi	x0,0	  x0:0x00000000  x0=0x00000000
      150765000	     14977	80009266	015d3bb3	sltu	x23,x26,x21	 x26:0x00000000 x21:0x98868000 x23=0x00000001
      150775000	     14978	8000926a	0001	c.addi	x0,0	  x0:0x00000000  x0=0x00000000
      150785000	     14979	8000926c	038b9863	bne	x23,x24,8000929c	 x23:0x00000001 x24:0x00000000
      150805000	     14981	8000929c	00cff263	bgeu	x31,x12,800092a0	 x31:0x6d1a6000 x12:0x80025ce4
      150815000	     14982	800092a0	ee85	c.bnez	x13,800092d8	 x13:0xce251170
      150835000	     14984	800092d8	989df213	andi	x4,x27,-1655	 x27:0x00000000  x4=0x00000000
      150845000	     14985	800092dc	9afd	c.andi	x13,-1	 x13:0xce251170 x13=0xce251170
      150885000	     14989	800092de	02aa1533	mulh	x10,x20,x10	 x20:0x00000000 x10:0xffffffff x10=0x00000000
      150895000	     14990	800092e2	0000100f	fence.i	
      150925000	     14993	800092e6	419f0c33	sub	x24,x30,x25	 x30:0x00000000 x25:0x00000000 x24=0x00000000
      150935000	     14994	800092ea	0098d9b3	srl	x19,x17,x9	 x17:0x00000000  x9:0x00ffffff x19=0x00000000
      150945000	     14995	800092ee	81d1	c.srli	x11,0x14	 x11:0xce251140 x11=0x00000ce2
      150955000	     14996	800092f0	f7887393	andi	x7,x16,-136	 x16:0x0000001f  x7=0x00000018
      150975000	     14998	800092f4	039afc33	remu	x24,x21,x25	 x21:0x98868000 x25:0x00000000 x24=0x98868000
      150985000	     14999	800092f8	b412ac93	slti	x25,x5,-1215	  x5:0xd493e000 x25=0x00000001
      150995000	     15000	800092fc	c059b113	sltiu	x2,x19,-1019	 x19:0x00000000  x2=0x00000001
      151005000	     15001	80009300	a3312c93	slti	x25,x2,-1485	  x2:0x00000001 x25=0x00000000
      151015000	     15002	80009304	404d5493	srai	x9,x26,0x4	 x26:0x00000000  x9=0x00000000
      151025000	     15003	80009308	614d	c.addi16sp	x2,176	  x2:0x00000001  x2=0x000000b1
      151035000	     15004	8000930a	0001	c.addi	x0,0	  x0:0x00000000  x0=0x00000000
      151045000	     15005	8000930c	04b9	c.addi	x9,14	  x9:0x00000000  x9=0x0000000e
      151055000	     15006	8000930e	007b7d33	and	x26,x22,x7	 x22:0x00000000  x7:0x00000018 x26=0x00000000
      151065000	     15007	80009312	41245f33	sra	x30,x8,x18	  x8:0x80000000 x18:0x00000001 x30=0xc0000000
      151075000	     15008	80009316	d35cba93	sltiu	x21,x25,-715	 x25:0x00000000 x21=0x00000001
      151085000	     15009	8000931a	8fb1	c.xor	x15,x12	 x15:0x80000000 x12:0x80025ce4 x15=0x00025ce4
      151095000	     15010	8000931c	006edc13	srli	x24,x29,0x6	 x29:0x00000000 x24=0x00000000
      151105000	     15011	80009320	886e	c.mv	x16,x27	  x0:0x00000000 x27:0x00000000 x16=0x00000000
      151115000	     15012	80009322	9afd	c.andi	x13,-1	 x13:0xce251170 x13=0xce251170
      151125000	     15013	80009324	00460c33	add	x24,x12,x4	 x12:0x80025ce4  x4:0x00000000 x24=0x80025ce4
      151135000	     15014	80009328	c80a6137	lui	x2,0xc80a6	  x2=0xc80a6000
      151145000	     15015	8000932c	8d4ca013	slti	x0,x25,-1836	 x25:0x00000000  x0=0x00000000
      151155000	     15016	80009330	81cd	c.srli	x11,0x13	 x11:0x00000ce2 x11=0x00000000
      151165000	     15017	80009332	8fe1	c.and	x15,x8	 x15:0x00025ce4  x8:0x80000000 x15=0x00000000
      151205000	     15021	80009334	02fa19b3	mulh	x19,x20,x15	 x20:0x00000000 x15:0x00000000 x19=0x00000000
      151215000	     15022	80009338	0138f133	and	x2,x17,x19	 x17:0x00000000 x19:0x00000000  x2=0x00000000
      151225000	     15023	8000933c	80de	c.mv	x1,x23	  x0:0x00000000 x23:0x00000001  x1=0x00000001
      151235000	     15024	8000933e	29093d13	sltiu	x26,x18,656	 x18:0x00000001 x26=0x00000001
      151245000	     15025	80009342	9afd	c.andi	x13,-1	 x13:0xce251170 x13=0xce251170
      151255000	     15026	80009344	40df8293	addi	x5,x31,1037	 x31:0x6d1a6000  x5=0x6d1a640d
      151265000	     15027	80009348	346cc093	xori	x1,x25,838	 x25:0x00000000  x1=0x00000346
      151275000	     15028	8000934c	00f9c293	xori	x5,x19,15	 x19:0x00000000  x5=0x0000000f
      151285000	     15029	80009350	62e9	c.lui	x5,0x1a	  x5=0x0001a000
      151295000	     15030	80009352	0ff0000f	fence	iorw,iorw	
      151305000	     15031	80009356	03557563	bgeu	x10,x21,80009380	 x10:0x00000000 x21:0x00000001
      151315000	     15032	8000935a	0527e163	bltu	x15,x18,8000939c	 x15:0x00000000 x18:0x00000001
      151335000	     15034	8000939c	00616133	or	x2,x2,x6	  x2:0x00000000  x6:0x00000000  x2=0x00000000
      151345000	     15035	800093a0	1b9c	c.addi4spn	x15,x2,496	 x15=0x000001f0
      151355000	     15036	800093a2	0ff0000f	fence	iorw,iorw	
      151365000	     15037	800093a6	5f7d	c.li	x30,-1	 x30=0xffffffff
      151375000	     15038	800093a8	8de5	c.and	x11,x9	 x11:0x00000000  x9:0x0000000e x11=0x00000000
      151385000	     15039	800093aa	84ad	c.srai	x9,0xb	  x9:0x0000000e  x9=0x00000000
      151395000	     15040	800093ac	4068d8b3	sra	x17,x17,x6	 x17:0x00000000  x6:0x00000000 x17=0x00000000
      151405000	     15041	800093b0	40bd09b3	sub	x19,x26,x11	 x26:0x00000001 x11:0x00000000 x19=0x00000001
      151415000	     15042	800093b4	0001	c.addi	x0,0	  x0:0x00000000  x0=0x00000000
      151425000	     15043	800093b6	01de1cb3	sll	x25,x28,x29	 x28:0x80021e64 x29:0x00000000 x25=0x80021e64
      151435000	     15044	800093ba	016361b3	or	x3,x6,x22	  x6:0x00000000 x22:0x00000000  x3=0x00000000
      151445000	     15045	800093be	92376b37	lui	x22,0x92376	 x22=0x92376000
      151455000	     15046	800093c2	8125	c.srli	x10,0x9	 x10:0x00000000 x10=0x00000000
      151465000	     15047	800093c4	ce99	c.beqz	x13,800093e2	 x13:0xce251170
      151475000	     15048	800093c6	026dd363	bge	x27,x6,800093ec	 x27:0x00000000  x6:0x00000000
      151495000	     15050	800093ec	b969f9b7	lui	x19,0xb969f	 x19=0xb969f000
      151505000	     15051	800093f0	03e56b63	bltu	x10,x30,80009426	 x10:0x00000000 x30:0xffffffff
      151535000	     15054	80009426	02c21363	bne	x4,x12,8000944c	  x4:0x00000000 x12:0x80025ce4
      151555000	     15056	8000944c	93be	c.add	x7,x15	  x7:0x00000018 x15:0x000001f0  x7=0x00000208
      151565000	     15057	8000944e	1e18	c.addi4spn	x14,x2,816	 x14=0x00000330
      151575000	     15058	80009450	01410b33	add	x22,x2,x20	  x2:0x00000000 x20:0x00000000 x22=0x00000000
      151615000	     15062	80009454	02c9a533	mulhsu	x10,x19,x12	 x19:0xb969f000 x12:0x80025ce4 x10=0xdcb45137
      151625000	     15063	80009458	64c9	c.lui	x9,0x12	  x9=0x00012000
      151635000	     15064	8000945a	402e5493	srai	x9,x28,0x2	 x28:0x80021e64  x9=0xe0008799
      151645000	     15065	8000945e	41315f33	sra	x30,x2,x19	  x2:0x00000000 x19:0xb969f000 x30=0x00000000
      151655000	     15066	80009462	c72cc013	xori	x0,x25,-910	 x25:0x80021e64  x0=0x00000000
      151665000	     15067	80009466	0001	c.addi	x0,0	  x0:0x00000000  x0=0x00000000
      152035000	     15104	80009468	02e7fcb3	remu	x25,x15,x14	 x15:0x000001f0 x14:0x00000330 x25=0x000001f0
      152045000	     15105	8000946c	022cf463	bgeu	x25,x2,80009494	 x25:0x000001f0  x2:0x00000000
      152065000	     15107	80009494	01cf7eb3	and	x29,x30,x28	 x30:0x00000000 x28:0x80021e64 x29=0x00000000
      152075000	     15108	80009498	35c9cc93	xori	x25,x19,860	 x19:0xb969f000 x25=0xb969f35c
      152085000	     15109	8000949c	0001	c.addi	x0,0	  x0:0x00000000  x0=0x00000000
      152095000	     15110	8000949e	339b8c17	auipc	x24,0x339b8	 x24=0xb39c149e
      152105000	     15111	800094a2	8dd1	c.or	x11,x12	 x11:0x00000000 x12:0x80025ce4 x11=0x80025ce4
      152115000	     15112	800094a4	00285813	srli	x16,x16,0x2	 x16:0x00000000 x16=0x00000000
      152155000	     15116	800094a8	025d23b3	mulhsu	x7,x26,x5	 x26:0x00000001  x5:0x0001a000  x7=0x00000000
      152195000	     15120	800094ac	02b13933	mulhu	x18,x2,x11	  x2:0x00000000 x11:0x80025ce4 x18=0x00000000
      152205000	     15121	800094b0	85c5	c.srai	x11,0x11	 x11:0x80025ce4 x11=0xffffc001
      152215000	     15122	800094b2	40f0d233	sra	x4,x1,x15	  x1:0x00000346 x15:0x000001f0  x4=0x00000000
      152225000	     15123	800094b6	0000100f	fence.i	
      152255000	     15126	800094ba	003eabb3	slt	x23,x29,x3	 x29:0x00000000  x3:0x00000000 x23=0x00000000
      152265000	     15127	800094be	830d	c.srli	x14,0x3	 x14:0x00000330 x14=0x00000066
      152635000	     15164	800094c0	0294f533	remu	x10,x9,x9	  x9:0xe0008799  x9:0xe0008799 x10=0x00000000
      152645000	     15165	800094c4	a401c093	xori	x1,x3,-1472	  x3:0x00000000  x1=0xfffffa40
      152685000	     15169	800094c8	034e3cb3	mulhu	x25,x28,x20	 x28:0x80021e64 x20:0x00000000 x25=0x00000000
      152715000	     15172	800094cc	024e8b33	mul	x22,x29,x4	 x29:0x00000000  x4:0x00000000 x22=0x00000000
      152725000	     15173	800094d0	0001	c.addi	x0,0	  x0:0x00000000  x0=0x00000000
      152735000	     15174	800094d2	8125	c.srli	x10,0x9	 x10:0x00000000 x10=0x00000000
      152745000	     15175	800094d4	75d48713	addi	x14,x9,1885	  x9:0xe0008799 x14=0xe0008ef6
      152755000	     15176	800094d8	0ff0000f	fence	iorw,iorw	
      152765000	     15177	800094dc	008d20b3	slt	x1,x26,x8	 x26:0x00000001  x8:0x80000000  x1=0x00000000
      152775000	     15178	800094e0	4fb9ed97	auipc	x27,0x4fb9e	 x27=0xcfba74e0
      152785000	     15179	800094e4	6de9	c.lui	x27,0x1a	 x27=0x0001a000
      152795000	     15180	800094e6	9da50e93	addi	x29,x10,-1574	 x10:0x00000000 x29=0xfffff9da
      152805000	     15181	800094ea	00fa9db3	sll	x27,x21,x15	 x21:0x00000001 x15:0x000001f0 x27=0x00010000
      152815000	     15182	800094ee	98fd	c.andi	x9,-1	  x9:0xe0008799  x9=0xe0008799
      152825000	     15183	800094f0	0335	c.addi	x6,13	  x6:0x00000000  x6=0x0000000d
      152835000	     15184	800094f2	0f94	c.addi4spn	x13,x2,976	 x13=0x000003d0
      152845000	     15185	800094f4	005b86b3	add	x13,x23,x5	 x23:0x00000000  x5:0x0001a000 x13=0x0001a000
      152865000	     15187	800094f8	023e6333	rem	x6,x28,x3	 x28:0x80021e64  x3:0x00000000  x6=0x80021e64
      152905000	     15191	800094fc	029735b3	mulhu	x11,x14,x9	 x14:0xe0008ef6  x9:0xe0008799 x11=0xc400f3bd
      152915000	     15192	80009500	002ef313	andi	x6,x29,2	 x29:0xfffff9da  x6=0x00000002
      152925000	     15193	80009504	8169	c.srli	x10,0x1a	 x10:0x00000000 x10=0x00000000
      152955000	     15196	80009506	031a82b3	mul	x5,x21,x17	 x21:0x00000001 x17:0x00000000  x5=0x00000000
      152965000	     15197	8000950a	002bfc63	bgeu	x23,x2,80009522	 x23:0x00000000  x2:0x00000000
      152995000	     15200	80009522	3ee62813	slti	x16,x12,1006	 x12:0x80025ce4 x16=0x00000001
      153005000	     15201	80009526	01b36363	bltu	x6,x27,8000952c	  x6:0x00000002 x27:0x00010000
      153025000	     15203	8000952c	00e85bb3	srl	x23,x16,x14	 x16:0x00000001 x14:0xe0008ef6 x23=0x00000000
      153035000	     15204	80009530	280fd797	auipc	x15,0x280fd	 x15=0xa8106530
      153045000	     15205	80009534	e111	c.bnez	x10,80009538	 x10:0x00000000
      153055000	     15206	80009536	8f65	c.and	x14,x9	 x14:0xe0008ef6  x9:0xe0008799 x14=0xe0008690
      153065000	     15207	80009538	85cd	c.srai	x11,0x13	 x11:0xc400f3bd x11=0xfffff880
      153105000	     15211	8000953a	03e73533	mulhu	x10,x14,x30	 x14:0xe0008690 x30:0x00000000 x10=0x00000000
      153115000	     15212	8000953e	c191	c.beqz	x11,80009542	 x11:0xfffff880
      153125000	     15213	80009540	8db1	c.xor	x11,x12	 x11:0xfffff880 x12:0x80025ce4 x11=0x7ffda464
      153135000	     15214	80009542	6139	c.addi16sp	x2,448	  x2:0x00000000  x2=0x000001c0
      153145000	     15215	80009544	ffff7417	auipc	x8,0xffff7	  x8=0x80000544
      153155000	     15216	80009548	e2240413	addi	x8,x8,-478	  x8:0x80000544  x8=0x80000366
      153165000	     15217	8000954c	00040067	jalr	x0,0(x8)	  x8:0x80000366  x0=0x00000000
      153195000	     15220	80000366	90000cb7	lui	x25,0x90000	 x25=0x90000000
      153205000	     15221	8000036a	1ce1	c.addi	x25,-8	 x25:0x90000000 x25=0x8ffffff8
      153215000	     15222	8000036c	4381	c.li	x7,0	  x7=0x00000000
      153225000	     15223	8000036e	03a2	c.slli	x7,0x8	  x7:0x00000000  x7=0x00000000
      153235000	     15224	80000370	0385	c.addi	x7,1	  x7:0x00000000  x7=0x00000001
      153245000	     15225	80000372	007ca023	sw	x7,0(x25)	 x25:0x8ffffff8  x7:0x00000001 PA:0x8ffffff8 store:0x00000001 load:0x00000000
      153255000	     15226	80000376	00000073	ecall	
      153285000	     15229	80002700	0800006f	jal	x0,80002780	  x0=0x00000000
      153305000	     15231	80002780	1671	c.addi	x12,-4	 x12:0x80025ce4 x12=0x80025ce0
      153315000	     15232	80002782	01c62023	sw	x28,0(x12)	 x12:0x80025ce0 x28:0x80021e64 PA:0x80025ce0 store:0x80021e64 load:0x00000000
