Time	Cycle	PC	Insn	Decoded instruction	Register and memory contents
        1055000	         6	80000080	40001337	lui	x6,0x40001	  x6=0x40001000
        1065000	         7	80000084	10630313	addi	x6,x6,262	  x6:0x40001000  x6=0x40001106
        1075000	         8	80000088	30131073	csrrw	x0,misa,x6	  x6:0x40001106  x0=0x00000000
        1105000	        11	8000008c	0002d717	auipc	x14,0x2d	 x14=0x8002d08c
        1115000	        12	80000090	c5870713	addi	x14,x14,-936	 x14:0x8002d08c x14=0x8002cce4
        1125000	        13	80000094	00002317	auipc	x6,0x2	  x6=0x80002094
        1135000	        14	80000098	46c30313	addi	x6,x6,1132	  x6:0x80002094  x6=0x80002500
        1145000	        15	8000009c	00136313	ori	x6,x6,1	  x6:0x80002500  x6=0x80002501
        1155000	        16	800000a0	30531073	csrrw	x0,mtvec,x6	  x6:0x80002501  x0=0x00000000
        1185000	        19	800000a4	74725073	csrrwi	x0,0x747,4	  x0=0x00000000
        1215000	        22	800000a8	00003117	auipc	x2,0x3	  x2=0x800030a8
        1225000	        23	800000ac	1fc10113	addi	x2,x2,508	  x2:0x800030a8  x2=0x800032a4
        1235000	        24	800000b0	4301	c.li	x6,0	  x6=0x00000000
        1245000	        25	800000b2	911a	c.add	x2,x6	  x2:0x800032a4  x6:0x00000000  x2=0x800032a4
        1255000	        26	800000b4	00215113	srli	x2,x2,0x2	  x2:0x800032a4  x2=0x20000ca9
        1265000	        27	800000b8	3b011073	csrrw	x0,pmpaddr0,x2	  x2:0x20000ca9  x0=0x00000000
        1295000	        30	800000bc	00003117	auipc	x2,0x3	  x2=0x800030bc
        1305000	        31	800000c0	1e810113	addi	x2,x2,488	  x2:0x800030bc  x2=0x800032a4
        1315000	        32	800000c4	11111337	lui	x6,0x11111	  x6=0x11111000
        1325000	        33	800000c8	11130313	addi	x6,x6,273	  x6:0x11111000  x6=0x11111111
        1335000	        34	800000cc	911a	c.add	x2,x6	  x2:0x800032a4  x6:0x11111111  x2=0x911143b5
        1345000	        35	800000ce	00215113	srli	x2,x2,0x2	  x2:0x911143b5  x2=0x244450ed
        1355000	        36	800000d2	3b111073	csrrw	x0,pmpaddr1,x2	  x2:0x244450ed  x0=0x00000000
        1385000	        39	800000d6	00003117	auipc	x2,0x3	  x2=0x800030d6
        1395000	        40	800000da	1ce10113	addi	x2,x2,462	  x2:0x800030d6  x2=0x800032a4
        1405000	        41	800000de	22222337	lui	x6,0x22222	  x6=0x22222000
        1415000	        42	800000e2	22230313	addi	x6,x6,546	  x6:0x22222000  x6=0x22222222
        1425000	        43	800000e6	911a	c.add	x2,x6	  x2:0x800032a4  x6:0x22222222  x2=0xa22254c6
        1435000	        44	800000e8	00215113	srli	x2,x2,0x2	  x2:0xa22254c6  x2=0x28889531
        1445000	        45	800000ec	3b211073	csrrw	x0,pmpaddr2,x2	  x2:0x28889531  x0=0x00000000
        1475000	        48	800000f0	00003117	auipc	x2,0x3	  x2=0x800030f0
        1485000	        49	800000f4	1b410113	addi	x2,x2,436	  x2:0x800030f0  x2=0x800032a4
        1495000	        50	800000f8	33333337	lui	x6,0x33333	  x6=0x33333000
        1505000	        51	800000fc	33330313	addi	x6,x6,819	  x6:0x33333000  x6=0x33333333
        1515000	        52	80000100	911a	c.add	x2,x6	  x2:0x800032a4  x6:0x33333333  x2=0xb33365d7
        1525000	        53	80000102	00215113	srli	x2,x2,0x2	  x2:0xb33365d7  x2=0x2cccd975
        1535000	        54	80000106	3b311073	csrrw	x0,pmpaddr3,x2	  x2:0x2cccd975  x0=0x00000000
        1565000	        57	8000010a	0f0f1137	lui	x2,0xf0f1	  x2=0x0f0f1000
        1575000	        58	8000010e	f0f10113	addi	x2,x2,-241	  x2:0x0f0f1000  x2=0x0f0f0f0f
        1585000	        59	80000112	3a011073	csrrw	x0,pmpcfg0,x2	  x2:0x0f0f0f0f  x0=0x00000000
        1615000	        62	80000116	00003117	auipc	x2,0x3	  x2=0x80003116
        1625000	        63	8000011a	18e10113	addi	x2,x2,398	  x2:0x80003116  x2=0x800032a4
        1635000	        64	8000011e	44444337	lui	x6,0x44444	  x6=0x44444000
        1645000	        65	80000122	44430313	addi	x6,x6,1092	  x6:0x44444000  x6=0x44444444
        1655000	        66	80000126	911a	c.add	x2,x6	  x2:0x800032a4  x6:0x44444444  x2=0xc44476e8
        1665000	        67	80000128	00215113	srli	x2,x2,0x2	  x2:0xc44476e8  x2=0x31111dba
        1675000	        68	8000012c	3b411073	csrrw	x0,pmpaddr4,x2	  x2:0x31111dba  x0=0x00000000
        1705000	        71	80000130	00003117	auipc	x2,0x3	  x2=0x80003130
        1715000	        72	80000134	17410113	addi	x2,x2,372	  x2:0x80003130  x2=0x800032a4
        1725000	        73	80000138	55555337	lui	x6,0x55555	  x6=0x55555000
        1735000	        74	8000013c	55530313	addi	x6,x6,1365	  x6:0x55555000  x6=0x55555555
        1745000	        75	80000140	911a	c.add	x2,x6	  x2:0x800032a4  x6:0x55555555  x2=0xd55587f9
        1755000	        76	80000142	00215113	srli	x2,x2,0x2	  x2:0xd55587f9  x2=0x355561fe
        1765000	        77	80000146	3b511073	csrrw	x0,pmpaddr5,x2	  x2:0x355561fe  x0=0x00000000
        1795000	        80	8000014a	00003117	auipc	x2,0x3	  x2=0x8000314a
        1805000	        81	8000014e	15a10113	addi	x2,x2,346	  x2:0x8000314a  x2=0x800032a4
        1815000	        82	80000152	66666337	lui	x6,0x66666	  x6=0x66666000
        1825000	        83	80000156	66630313	addi	x6,x6,1638	  x6:0x66666000  x6=0x66666666
        1835000	        84	8000015a	911a	c.add	x2,x6	  x2:0x800032a4  x6:0x66666666  x2=0xe666990a
        1845000	        85	8000015c	00215113	srli	x2,x2,0x2	  x2:0xe666990a  x2=0x3999a642
        1855000	        86	80000160	3b611073	csrrw	x0,pmpaddr6,x2	  x2:0x3999a642  x0=0x00000000
        1885000	        89	80000164	00003117	auipc	x2,0x3	  x2=0x80003164
        1895000	        90	80000168	14010113	addi	x2,x2,320	  x2:0x80003164  x2=0x800032a4
        1905000	        91	8000016c	77777337	lui	x6,0x77777	  x6=0x77777000
        1915000	        92	80000170	77730313	addi	x6,x6,1911	  x6:0x77777000  x6=0x77777777
        1925000	        93	80000174	911a	c.add	x2,x6	  x2:0x800032a4  x6:0x77777777  x2=0xf777aa1b
        1935000	        94	80000176	00215113	srli	x2,x2,0x2	  x2:0xf777aa1b  x2=0x3dddea86
        1945000	        95	8000017a	3b711073	csrrw	x0,pmpaddr7,x2	  x2:0x3dddea86  x0=0x00000000
        1975000	        98	8000017e	0f0f1137	lui	x2,0xf0f1	  x2=0x0f0f1000
        1985000	        99	80000182	f0f10113	addi	x2,x2,-241	  x2:0x0f0f1000  x2=0x0f0f0f0f
        1995000	       100	80000186	3a111073	csrrw	x0,pmpcfg1,x2	  x2:0x0f0f0f0f  x0=0x00000000
        2025000	       103	8000018a	00003117	auipc	x2,0x3	  x2=0x8000318a
        2035000	       104	8000018e	11a10113	addi	x2,x2,282	  x2:0x8000318a  x2=0x800032a4
        2045000	       105	80000192	88889337	lui	x6,0x88889	  x6=0x88889000
        2055000	       106	80000196	88830313	addi	x6,x6,-1912	  x6:0x88889000  x6=0x88888888
        2065000	       107	8000019a	911a	c.add	x2,x6	  x2:0x800032a4  x6:0x88888888  x2=0x0888bb2c
        2075000	       108	8000019c	00215113	srli	x2,x2,0x2	  x2:0x0888bb2c  x2=0x02222ecb
        2085000	       109	800001a0	3b811073	csrrw	x0,pmpaddr8,x2	  x2:0x02222ecb  x0=0x00000000
        2115000	       112	800001a4	00003117	auipc	x2,0x3	  x2=0x800031a4
        2125000	       113	800001a8	10010113	addi	x2,x2,256	  x2:0x800031a4  x2=0x800032a4
        2135000	       114	800001ac	9999a337	lui	x6,0x9999a	  x6=0x9999a000
        2145000	       115	800001b0	99930313	addi	x6,x6,-1639	  x6:0x9999a000  x6=0x99999999
        2155000	       116	800001b4	911a	c.add	x2,x6	  x2:0x800032a4  x6:0x99999999  x2=0x1999cc3d
        2165000	       117	800001b6	00215113	srli	x2,x2,0x2	  x2:0x1999cc3d  x2=0x0666730f
        2175000	       118	800001ba	3b911073	csrrw	x0,pmpaddr9,x2	  x2:0x0666730f  x0=0x00000000
        2205000	       121	800001be	00003117	auipc	x2,0x3	  x2=0x800031be
        2215000	       122	800001c2	0e610113	addi	x2,x2,230	  x2:0x800031be  x2=0x800032a4
        2225000	       123	800001c6	aaaab337	lui	x6,0xaaaab	  x6=0xaaaab000
        2235000	       124	800001ca	aaa30313	addi	x6,x6,-1366	  x6:0xaaaab000  x6=0xaaaaaaaa
        2245000	       125	800001ce	911a	c.add	x2,x6	  x2:0x800032a4  x6:0xaaaaaaaa  x2=0x2aaadd4e
        2255000	       126	800001d0	00215113	srli	x2,x2,0x2	  x2:0x2aaadd4e  x2=0x0aaab753
        2265000	       127	800001d4	3ba11073	csrrw	x0,pmpaddr10,x2	  x2:0x0aaab753  x0=0x00000000
        2295000	       130	800001d8	00003117	auipc	x2,0x3	  x2=0x800031d8
        2305000	       131	800001dc	0cc10113	addi	x2,x2,204	  x2:0x800031d8  x2=0x800032a4
        2315000	       132	800001e0	bbbbc337	lui	x6,0xbbbbc	  x6=0xbbbbc000
        2325000	       133	800001e4	bbb30313	addi	x6,x6,-1093	  x6:0xbbbbc000  x6=0xbbbbbbbb
        2335000	       134	800001e8	911a	c.add	x2,x6	  x2:0x800032a4  x6:0xbbbbbbbb  x2=0x3bbbee5f
        2345000	       135	800001ea	00215113	srli	x2,x2,0x2	  x2:0x3bbbee5f  x2=0x0eeefb97
        2355000	       136	800001ee	3bb11073	csrrw	x0,pmpaddr11,x2	  x2:0x0eeefb97  x0=0x00000000
        2385000	       139	800001f2	0f0f1137	lui	x2,0xf0f1	  x2=0x0f0f1000
        2395000	       140	800001f6	f0f10113	addi	x2,x2,-241	  x2:0x0f0f1000  x2=0x0f0f0f0f
        2405000	       141	800001fa	3a211073	csrrw	x0,pmpcfg2,x2	  x2:0x0f0f0f0f  x0=0x00000000
        2435000	       144	800001fe	00003117	auipc	x2,0x3	  x2=0x800031fe
        2445000	       145	80000202	0a610113	addi	x2,x2,166	  x2:0x800031fe  x2=0x800032a4
        2455000	       146	80000206	ccccd337	lui	x6,0xccccd	  x6=0xccccd000
        2465000	       147	8000020a	ccc30313	addi	x6,x6,-820	  x6:0xccccd000  x6=0xcccccccc
        2475000	       148	8000020e	911a	c.add	x2,x6	  x2:0x800032a4  x6:0xcccccccc  x2=0x4cccff70
        2485000	       149	80000210	00215113	srli	x2,x2,0x2	  x2:0x4cccff70  x2=0x13333fdc
        2495000	       150	80000214	3bc11073	csrrw	x0,pmpaddr12,x2	  x2:0x13333fdc  x0=0x00000000
        2525000	       153	80000218	00003117	auipc	x2,0x3	  x2=0x80003218
        2535000	       154	8000021c	08c10113	addi	x2,x2,140	  x2:0x80003218  x2=0x800032a4
        2545000	       155	80000220	dddde337	lui	x6,0xdddde	  x6=0xdddde000
        2555000	       156	80000224	ddd30313	addi	x6,x6,-547	  x6:0xdddde000  x6=0xdddddddd
        2565000	       157	80000228	911a	c.add	x2,x6	  x2:0x800032a4  x6:0xdddddddd  x2=0x5dde1081
        2575000	       158	8000022a	00215113	srli	x2,x2,0x2	  x2:0x5dde1081  x2=0x17778420
        2585000	       159	8000022e	3bd11073	csrrw	x0,pmpaddr13,x2	  x2:0x17778420  x0=0x00000000
        2615000	       162	80000232	00003117	auipc	x2,0x3	  x2=0x80003232
        2625000	       163	80000236	07210113	addi	x2,x2,114	  x2:0x80003232  x2=0x800032a4
        2635000	       164	8000023a	eeeef337	lui	x6,0xeeeef	  x6=0xeeeef000
        2645000	       165	8000023e	eee30313	addi	x6,x6,-274	  x6:0xeeeef000  x6=0xeeeeeeee
        2655000	       166	80000242	911a	c.add	x2,x6	  x2:0x800032a4  x6:0xeeeeeeee  x2=0x6eef2192
        2665000	       167	80000244	00215113	srli	x2,x2,0x2	  x2:0x6eef2192  x2=0x1bbbc864
        2675000	       168	80000248	3be11073	csrrw	x0,pmpaddr14,x2	  x2:0x1bbbc864  x0=0x00000000
        2705000	       171	8000024c	00003117	auipc	x2,0x3	  x2=0x8000324c
        2715000	       172	80000250	05810113	addi	x2,x2,88	  x2:0x8000324c  x2=0x800032a4
        2725000	       173	80000254	fff00313	addi	x6,x0,-1	  x0:0x00000000  x6=0xffffffff
        2735000	       174	80000258	911a	c.add	x2,x6	  x2:0x800032a4  x6:0xffffffff  x2=0x800032a3
        2745000	       175	8000025a	00215113	srli	x2,x2,0x2	  x2:0x800032a3  x2=0x20000ca8
        2755000	       176	8000025e	3bf11073	csrrw	x0,pmpaddr15,x2	  x2:0x20000ca8  x0=0x00000000
        2785000	       179	80000262	0f0f1137	lui	x2,0xf0f1	  x2=0x0f0f1000
        2795000	       180	80000266	f0f10113	addi	x2,x2,-241	  x2:0x0f0f1000  x2=0x0f0f0f0f
        2805000	       181	8000026a	3a311073	csrrw	x0,pmpcfg3,x2	  x2:0x0f0f0f0f  x0=0x00000000
        2835000	       184	8000026e	00000317	auipc	x6,0x0	  x6=0x8000026e
        2845000	       185	80000272	06c30313	addi	x6,x6,108	  x6:0x8000026e  x6=0x800002da
        2855000	       186	80000276	34131073	csrrw	x0,mepc,x6	  x6:0x800002da  x0=0x00000000
        2865000	       187	8000027a	7c00d073	csrrwi	x0,0x7c0,1	  x0=0x00000000
        2895000	       190	8000027e	05000337	lui	x6,0x5000	  x6=0x05000000
        2905000	       191	80000282	0f230313	addi	x6,x6,242	  x6:0x05000000  x6=0x050000f2
        2915000	       192	80000286	30031073	csrrw	x0,mstatus,x6	  x6:0x050000f2  x0=0x00000000
        2945000	       195	8000028a	53ac8337	lui	x6,0x53ac8	  x6=0x53ac8000
        2955000	       196	8000028e	fbb30313	addi	x6,x6,-69	  x6:0x53ac8000  x6=0x53ac7fbb
        2965000	       197	80000292	30431073	csrrw	x0,mie,x6	  x6:0x53ac7fbb  x0=0x00000000
        2995000	       200	80000296	90000a37	lui	x20,0x90000	 x20=0x90000000
        3005000	       201	8000029a	1a71	c.addi	x20,-4	 x20:0x90000000 x20=0x8ffffffc
        3015000	       202	8000029c	90000a37	lui	x20,0x90000	 x20=0x90000000
        3025000	       203	800002a0	1a71	c.addi	x20,-4	 x20:0x90000000 x20=0x8ffffffc
        3035000	       204	800002a2	90000a37	lui	x20,0x90000	 x20=0x90000000
        3045000	       205	800002a6	1a71	c.addi	x20,-4	 x20:0x90000000 x20=0x8ffffffc
        3055000	       206	800002a8	30000313	addi	x6,x0,768	  x0:0x00000000  x6=0x00000300
        3065000	       207	800002ac	0322	c.slli	x6,0x8	  x6:0x00000300  x6=0x00030000
        3075000	       208	800002ae	030d	c.addi	x6,3	  x6:0x00030000  x6=0x00030003
        3085000	       209	800002b0	006a2023	sw	x6,0(x20)	 x20:0x8ffffffc  x6:0x00030003 PA:0x8ffffffc store:0x00030003 load:0x00000000
        3095000	       210	800002b4	30002373	csrrs	x6,mstatus,x0	  x0:0x00000000  x6=0x00000080
        3105000	       211	800002b8	006a2023	sw	x6,0(x20)	 x20:0x8ffffffc  x6:0x00000080 PA:0x8ffffffc store:0x00000080 load:0x00000000
        3115000	       212	800002bc	90000a37	lui	x20,0x90000	 x20=0x90000000
        3125000	       213	800002c0	1a71	c.addi	x20,-4	 x20:0x90000000 x20=0x8ffffffc
        3135000	       214	800002c2	30400313	addi	x6,x0,772	  x0:0x00000000  x6=0x00000304
        3145000	       215	800002c6	0322	c.slli	x6,0x8	  x6:0x00000304  x6=0x00030400
        3155000	       216	800002c8	030d	c.addi	x6,3	  x6:0x00030400  x6=0x00030403
        3165000	       217	800002ca	006a2023	sw	x6,0(x20)	 x20:0x8ffffffc  x6:0x00030403 PA:0x8ffffffc store:0x00030403 load:0x00000000
        3175000	       218	800002ce	30402373	csrrs	x6,mie,x0	  x0:0x00000000  x6=0x53ac0888
        3185000	       219	800002d2	006a2023	sw	x6,0(x20)	 x20:0x8ffffffc  x6:0x53ac0888 PA:0x8ffffffc store:0x53ac0888 load:0x00000000
        3195000	       220	800002d6	30200073	mret	
        3235000	       224	800002da	ff8b8037	lui	x0,0xff8b8	  x0=0x00000000
        3245000	       225	800002de	10e00013	addi	x0,x0,270	  x0:0x00000000  x0=0x00000000
        3255000	       226	800002e2	7327d0b7	lui	x1,0x7327d	  x1=0x7327d000
        3265000	       227	800002e6	ba008093	addi	x1,x1,-1120	  x1:0x7327d000  x1=0x7327cba0
        3275000	       228	800002ea	f5e3a137	lui	x2,0xf5e3a	  x2=0xf5e3a000
        3285000	       229	800002ee	89510113	addi	x2,x2,-1899	  x2:0xf5e3a000  x2=0xf5e39895
        3295000	       230	800002f2	4181	c.li	x3,0	  x3=0x00000000
        3305000	       231	800002f4	6511b237	lui	x4,0x6511b	  x4=0x6511b000
        3315000	       232	800002f8	bba20213	addi	x4,x4,-1094	  x4:0x6511b000  x4=0x6511abba
        3325000	       233	800002fc	e2e872b7	lui	x5,0xe2e87	  x5=0xe2e87000
        3335000	       234	80000300	5c428293	addi	x5,x5,1476	  x5:0xe2e87000  x5=0xe2e875c4
        3345000	       235	80000304	4301	c.li	x6,0	  x6=0x00000000
        3355000	       236	80000306	43a5	c.li	x7,9	  x7=0x00000009
        3365000	       237	80000308	80000437	lui	x8,0x80000	  x8=0x80000000
        3375000	       238	8000030c	f944e4b7	lui	x9,0xf944e	  x9=0xf944e000
        3385000	       239	80000310	20f48493	addi	x9,x9,527	  x9:0xf944e000  x9=0xf944e20f
        3395000	       240	80000314	4501	c.li	x10,0	 x10=0x00000000
        3405000	       241	80000316	45a5	c.li	x11,9	 x11=0x00000009
        3415000	       242	80000318	f0c556b7	lui	x13,0xf0c55	 x13=0xf0c55000
        3425000	       243	8000031c	da468693	addi	x13,x13,-604	 x13:0xf0c55000 x13=0xf0c54da4
        3435000	       244	80000320	fd8fc7b7	lui	x15,0xfd8fc	 x15=0xfd8fc000
        3445000	       245	80000324	e7e78793	addi	x15,x15,-386	 x15:0xfd8fc000 x15=0xfd8fbe7e
        3455000	       246	80000328	4801	c.li	x16,0	 x16=0x00000000
        3465000	       247	8000032a	651938b7	lui	x17,0x65193	 x17=0x65193000
        3475000	       248	8000032e	5eb88893	addi	x17,x17,1515	 x17:0x65193000 x17=0x651935eb
        3485000	       249	80000332	4911	c.li	x18,4	 x18=0x00000004
        3495000	       250	80000334	800009b7	lui	x19,0x80000	 x19=0x80000000
        3505000	       251	80000338	4a29	c.li	x20,10	 x20=0x0000000a
        3515000	       252	8000033a	ff2dfab7	lui	x21,0xff2df	 x21=0xff2df000
        3525000	       253	8000033e	586a8a93	addi	x21,x21,1414	 x21:0xff2df000 x21=0xff2df586
        3535000	       254	80000342	80000b37	lui	x22,0x80000	 x22=0x80000000
        3545000	       255	80000346	fa72bbb7	lui	x23,0xfa72b	 x23=0xfa72b000
        3555000	       256	8000034a	098b8b93	addi	x23,x23,152	 x23:0xfa72b000 x23=0xfa72b098
        3565000	       257	8000034e	4c09	c.li	x24,2	 x24=0x00000002
        3575000	       258	80000350	4cb9	c.li	x25,14	 x25=0x0000000e
        3585000	       259	80000352	4d01	c.li	x26,0	 x26=0x00000000
        3595000	       260	80000354	4d81	c.li	x27,0	 x27=0x00000000
        3605000	       261	80000356	4e35	c.li	x28,13	 x28=0x0000000d
        3615000	       262	80000358	82ec1eb7	lui	x29,0x82ec1	 x29=0x82ec1000
        3625000	       263	8000035c	cb0e8e93	addi	x29,x29,-848	 x29:0x82ec1000 x29=0x82ec0cb0
        3635000	       264	80000360	cac09f37	lui	x30,0xcac09	 x30=0xcac09000
        3645000	       265	80000364	9bdf0f13	addi	x30,x30,-1603	 x30:0xcac09000 x30=0xcac089bd
        3655000	       266	80000368	80000fb7	lui	x31,0x80000	 x31=0x80000000
        3665000	       267	8000036c	00029617	auipc	x12,0x29	 x12=0x8002936c
        3675000	       268	80000370	af860613	addi	x12,x12,-1288	 x12:0x8002936c x12=0x80028e64
        3685000	       269	80000374	90000a37	lui	x20,0x90000	 x20=0x90000000
        3695000	       270	80000378	1a71	c.addi	x20,-4	 x20:0x90000000 x20=0x8ffffffc
        3705000	       271	8000037a	4301	c.li	x6,0	  x6=0x00000000
        3715000	       272	8000037c	0322	c.slli	x6,0x8	  x6:0x00000000  x6=0x00000000
        3725000	       273	8000037e	00030313	addi	x6,x6,0	  x6:0x00000000  x6=0x00000000
        3735000	       274	80000382	006a2023	sw	x6,0(x20)	 x20:0x8ffffffc  x6:0x00000000 PA:0x8ffffffc store:0x00000000 load:0x00000000
        3745000	       275	80000386	71f0206f	jal	x0,800032a4	  x0=0x00000000
        3765000	       277	800032a4	00020497	auipc	x9,0x20	  x9=0x800232a4
        3775000	       278	800032a8	0d048493	addi	x9,x9,208	  x9:0x800232a4  x9=0x80023374
        3785000	       279	800032ac	70748f03	lb	x30,1799(x9)	  x9:0x80023374 x30=0x00000030 PA:0x80023a7b load:0x00000030
        3795000	       280	800032b0	be84c903	lbu	x18,-1048(x9)	  x9:0x80023374 x18=0x00000017 PA:0x80022f5c load:0x00000017
        3805000	       281	800032b4	786482a3	sb	x6,1925(x9)	  x9:0x80023374  x6:0x00000000 PA:0x80023af9 store:0x00000000 load:0x00000000
        3815000	       282	800032b8	00010697	auipc	x13,0x10	 x13=0x800132b8
        3825000	       283	800032bc	7b868693	addi	x13,x13,1976	 x13:0x800132b8 x13=0x80013a70
        3835000	       284	800032c0	8af48a03	lb	x20,-1873(x9)	  x9:0x80023374 x20=0xffffffd8 PA:0x80022c23 load:0xffffffd8
        3845000	       285	800032c4	01b68b03	lb	x22,27(x13)	 x13:0x80013a70 x22=0x00000040 PA:0x80013a8b load:0x00000040
        3855000	       286	800032c8	81748f83	lb	x31,-2025(x9)	  x9:0x80023374 x31=0x00000040 PA:0x80022b8b load:0x00000040
        3865000	       287	800032cc	03368003	lb	x0,51(x13)	 x13:0x80013a70  x0=0x00000000 PA:0x80013aa3 load:0x00000058
        3875000	       288	800032d0	fea681a3	sb	x10,-29(x13)	 x13:0x80013a70 x10:0x00000000 PA:0x80013a53 store:0x00000000 load:0x00000000
        3885000	       289	800032d4	76e4d503	lhu	x10,1902(x9)	  x9:0x80023374 x10=0x00009899 PA:0x80023ae2 load:0x00009899
        3895000	       290	800032d8	7ef48ea3	sb	x15,2045(x9)	  x9:0x80023374 x15:0xfd8fbe7e PA:0x80023b71 store:0xfd8fbe7e load:0x00000000
        3905000	       291	800032dc	6794cc83	lbu	x25,1657(x9)	  x9:0x80023374 x25=0x000000a6 PA:0x800239ed load:0x000000a6
        3915000	       292	800032e0	011685a3	sb	x17,11(x13)	 x13:0x80013a70 x17:0x651935eb PA:0x80013a7b store:0x651935eb load:0x00000000
        3925000	       293	800032e4	17c484a3	sb	x28,361(x9)	  x9:0x80023374 x28:0x0000000d PA:0x800234dd store:0x0000000d load:0x00000000
        3935000	       294	800032e8	fd369623	sh	x19,-52(x13)	 x13:0x80013a70 x19:0x80000000 PA:0x80013a3c store:0x80000000 load:0x00000000
        3945000	       295	800032ec	07748a83	lb	x21,119(x9)	  x9:0x80023374 x21=0xffffffa0 PA:0x800233eb load:0xffffffa0
        3955000	       296	800032f0	01368783	lb	x15,19(x13)	 x13:0x80013a70 x15=0x00000038 PA:0x80013a83 load:0x00000038
        3965000	       297	800032f4	ff36ce03	lbu	x28,-13(x13)	 x13:0x80013a70 x28=0x00000018 PA:0x80013a63 load:0x00000018
        3975000	       298	800032f8	03868da3	sb	x24,59(x13)	 x13:0x80013a70 x24:0x00000002 PA:0x80013aab store:0x00000002 load:0x00000000
        3985000	       299	800032fc	ff368023	sb	x19,-32(x13)	 x13:0x80013a70 x19:0x80000000 PA:0x80013a50 store:0x80000000 load:0x00000000
        3995000	       300	80003300	fd06dd03	lhu	x26,-48(x13)	 x13:0x80013a70 x26=0x0000fafb PA:0x80013a40 load:0x0000fafb
        4005000	       301	80003304	00c000ef	jal	x1,80003310	  x1=0x80003308
        4025000	       303	80003310	00c0036f	jal	x6,8000331c	  x6=0x80003314
        4045000	       305	8000331c	fffff0ef	jal	x1,8000331a	  x1=0x80003320
        4065000	       307	8000331a	bff5	c.j	80003316	
        4095000	       310	80003316	010000ef	jal	x1,80003326	  x1=0x8000331a
        4115000	       312	80003326	3ff5	c.jal	80003322	  x1=0x80003328
        4135000	       314	80003322	b7ed	c.j	8000330c	
        4155000	       316	8000330c	2811	c.jal	80003320	  x1=0x8000330e
        4175000	       318	80003320	b7e5	c.j	80003308	
        4195000	       320	80003308	01c0036f	jal	x6,80003324	  x6=0x8000330c
        4215000	       322	80003324	a011	c.j	80003328	
        4235000	       324	80003328	b7f5	c.j	80003314	
        4255000	       326	80003314	a819	c.j	8000332a	
        4275000	       328	8000332a	b7d5	c.j	8000330e	
        4295000	       330	8000330e	a839	c.j	8000332c	
        4675000	       368	8000332c	02aff0b3	remu	x1,x31,x10	 x31:0x00000040 x10:0x00009899  x1=0x00000040
        4685000	       369	80003330	0001a417	auipc	x8,0x1a	  x8=0x8001d330
        4695000	       370	80003334	c4f40413	addi	x8,x8,-945	  x8:0x8001d330  x8=0x8001cf7f
        4705000	       371	80003338	00015f97	auipc	x31,0x15	 x31=0x80018338
        4715000	       372	8000333c	908f8f93	addi	x31,x31,-1784	 x31:0x80018338 x31=0x80017c40
        4725000	       373	80003340	ff840b03	lb	x22,-8(x8)	  x8:0x8001cf7f x22=0x0000002c PA:0x8001cf77 load:0x0000002c
        4735000	       374	80003344	01d417a3	sh	x29,15(x8)	  x8:0x8001cf7f x29:0x82ec0cb0 PA:0x8001cf8e store:0x82ec0cb0 load:0x00000000
        4745000	       375	80003348	00014d17	auipc	x26,0x14	 x26=0x80017348
        4755000	       376	8000334c	eebd0d13	addi	x26,x26,-277	 x26:0x80017348 x26=0x80017233
        4765000	       377	80003350	f25f8f03	lb	x30,-219(x31)	 x31:0x80017c40 x30=0x0000001e PA:0x80017b65 load:0x0000001e
        4775000	       378	80003354	fc4d0303	lb	x6,-60(x26)	 x26:0x80017233  x6=0xffffffac PA:0x800171f7 load:0xffffffac
        4785000	       379	80003358	ffcd09a3	sb	x28,-13(x26)	 x26:0x80017233 x28:0x00000018 PA:0x80017226 store:0x00000018 load:0x00000000
        4795000	       380	8000335c	f7afdb83	lhu	x23,-134(x31)	 x31:0x80017c40 x23=0x00007071 PA:0x80017bba load:0x00007071
        4805000	       381	80003360	00c40883	lb	x17,12(x8)	  x8:0x8001cf7f x17=0x00000040 PA:0x8001cf8b load:0x00000040
        4815000	       382	80003364	00ff8283	lb	x5,15(x31)	 x31:0x80017c40  x5=0x00000004 PA:0x80017c4f load:0x00000004
        4825000	       383	80003368	040f8123	sb	x0,66(x31)	 x31:0x80017c40  x0:0x00000000 PA:0x80017c82 store:0x00000000 load:0x00000000
        4835000	       384	8000336c	f67f85a3	sb	x7,-149(x31)	 x31:0x80017c40  x7:0x00000009 PA:0x80017bab store:0x00000009 load:0x00000000
        4845000	       385	80003370	fb0f8ba3	sb	x16,-73(x31)	 x31:0x80017c40 x16:0x00000000 PA:0x80017bf7 store:0x00000000 load:0x00000000
        4855000	       386	80003374	00ed0983	lb	x19,14(x26)	 x26:0x80017233 x19=0xfffffffa PA:0x80017241 load:0xfffffffa
        4865000	       387	80003378	ff244a03	lbu	x20,-14(x8)	  x8:0x8001cf7f x20=0x0000002a PA:0x8001cf71 load:0x0000002a
        4875000	       388	8000337c	007d5303	lhu	x6,7(x26)	 x26:0x80017233  x6=0x0000f0f1 PA:0x8001723a load:0x0000f0f1
        4885000	       389	80003380	01440623	sb	x20,12(x8)	  x8:0x8001cf7f x20:0x0000002a PA:0x8001cf8b store:0x0000002a load:0x00000000
        4895000	       390	80003384	029faa23	sw	x9,52(x31)	 x31:0x80017c40  x9:0x80023374 PA:0x80017c74 store:0x80023374 load:0x00000000
        4905000	       391	80003388	01cd0983	lb	x19,28(x26)	 x26:0x80017233 x19=0x00000004 PA:0x8001724f load:0x00000004
        4915000	       392	8000338c	f4cf89a3	sb	x12,-173(x31)	 x31:0x80017c40 x12:0x80028e64 PA:0x80017b93 store:0x80028e64 load:0x00000000
        4925000	       393	80003390	00941a83	lh	x21,9(x8)	  x8:0x8001cf7f x21=0x00004243 PA:0x8001cf88 load:0x00004243
        4935000	       394	80003394	fa7fc303	lbu	x6,-89(x31)	 x31:0x80017c40  x6=0x0000009c PA:0x80017be7 load:0x0000009c
        4945000	       395	80003398	02ad4c03	lbu	x24,42(x26)	 x26:0x80017233 x24=0x00000016 PA:0x8001725d load:0x00000016
        4955000	       396	8000339c	00d44303	lbu	x6,13(x8)	  x8:0x8001cf7f  x6=0x00000047 PA:0x8001cf8c load:0x00000047
        4965000	       397	800033a0	032d12a3	sh	x18,37(x26)	 x26:0x80017233 x18:0x00000017 PA:0x80017258 store:0x00000017 load:0x00000000
        4975000	       398	800033a4	fabf8203	lb	x4,-85(x31)	 x31:0x80017c40  x4=0xffffffa0 PA:0x80017beb load:0xffffffa0
        4985000	       399	800033a8	ffa40e03	lb	x28,-6(x8)	  x8:0x8001cf7f x28=0x00000032 PA:0x8001cf79 load:0x00000032
        4995000	       400	800033ac	00011417	auipc	x8,0x11	  x8=0x800143ac
        5005000	       401	800033b0	83c40413	addi	x8,x8,-1988	  x8:0x800143ac  x8=0x80013be8
        5015000	       402	800033b4	feb44a83	lbu	x21,-21(x8)	  x8:0x80013be8 x21=0x00000088 PA:0x80013bd3 load:0x00000088
        5025000	       403	800033b8	8dcd	c.or	x11,x11	 x11:0x00000009 x11:0x00000009 x11=0x00000009
        5035000	       404	800033ba	415b0933	sub	x18,x22,x21	 x22:0x0000002c x21:0x00000088 x18=0xffffffa4
        5045000	       405	800033be	0089db33	srl	x22,x19,x8	 x19:0x00000004  x8:0x80013be8 x22=0x00000000
        5055000	       406	800033c2	fd440783	lb	x15,-44(x8)	  x8:0x80013be8 x15=0x00000077 PA:0x80013bbc load:0x00000077
        5065000	       407	800033c6	80e1	c.srli	x9,0x18	  x9:0x80023374  x9=0x00000080
        5075000	       408	800033c8	4056d393	srai	x7,x13,0x5	 x13:0x80013a70  x7=0xfc0009d3
        5085000	       409	800033cc	03241803	lh	x16,50(x8)	  x8:0x80013be8 x16=0xffffd0d1 PA:0x80013c1a load:0xffffd0d1
        5095000	       410	800033d0	fd540a03	lb	x20,-43(x8)	  x8:0x80013be8 x20=0x00000076 PA:0x80013bbd load:0x00000076
        5105000	       411	800033d4	01744d83	lbu	x27,23(x8)	  x8:0x80013be8 x27=0x000000b4 PA:0x80013bff load:0x000000b4
        5115000	       412	800033d8	8db1	c.xor	x11,x12	 x11:0x00000009 x12:0x80028e64 x11=0x80028e6d
        5125000	       413	800033da	fe344003	lbu	x0,-29(x8)	  x8:0x80013be8  x0=0x00000000 PA:0x80013bcb load:0x00000080
        5135000	       414	800033de	ff640003	lb	x0,-10(x8)	  x8:0x80013be8  x0=0x00000000 PA:0x80013bde load:0xffffff95
        5145000	       415	800033e2	00df2ab3	slt	x21,x30,x13	 x30:0x0000001e x13:0x80013a70 x21=0x00000000
        5515000	       452	800033e6	0260f6b3	remu	x13,x1,x6	  x1:0x00000040  x6:0x00000047 x13=0x00000040
        5525000	       453	800033ea	03441f23	sh	x20,62(x8)	  x8:0x80013be8 x20:0x00000076 PA:0x80013c26 store:0x00000076 load:0x00000000
        5535000	       454	800033ee	ff144a83	lbu	x21,-15(x8)	  x8:0x80013be8 x21=0x00000092 PA:0x80013bd9 load:0x00000092
        5545000	       455	800033f2	fc442503	lw	x10,-60(x8)	  x8:0x80013be8 x10=0x64656667 PA:0x80013bac load:0x64656667
        5555000	       456	800033f6	b52d9597	auipc	x11,0xb52d9	 x11=0x352dc3f6
        5565000	       457	800033fa	fe245a03	lhu	x20,-30(x8)	  x8:0x80013be8 x20=0x00008081 PA:0x80013bca load:0x00008081
        5575000	       458	800033fe	02442883	lw	x17,36(x8)	  x8:0x80013be8 x17=0xc4c5c6c7 PA:0x80013c0c load:0xc4c5c6c7
        5585000	       459	80003402	6b65	c.lui	x22,0x19	 x22=0x00019000
        5595000	       460	80003404	457e5d17	auipc	x26,0x457e5	 x26=0xc57e8404
        5605000	       461	80003408	0117d0b3	srl	x1,x15,x17	 x15:0x00000077 x17:0xc4c5c6c7  x1=0x00000000
        5615000	       462	8000340c	03d40ea3	sb	x29,61(x8)	  x8:0x80013be8 x29:0x82ec0cb0 PA:0x80013c25 store:0x82ec0cb0 load:0x00000000
        5625000	       463	80003410	01e42a23	sw	x30,20(x8)	  x8:0x80013be8 x30:0x0000001e PA:0x80013bfc store:0x0000001e load:0x00000000
        5635000	       464	80003414	01540903	lb	x18,21(x8)	  x8:0x80013be8 x18=0x00000000 PA:0x80013bfd load:0x00000000
        5645000	       465	80003418	fd140c83	lb	x25,-47(x8)	  x8:0x80013be8 x25=0x00000072 PA:0x80013bb9 load:0x00000072
        5665000	       467	8000341c	0c9a	c.slli	x25,0x6	 x25:0x00000072 x25=0x00001c80
        5705000	       471	8000341e	035a3bb3	mulhu	x23,x20,x21	 x20:0x00008081 x21:0x00000092 x23=0x00000000
        5715000	       472	80003422	ffa41283	lh	x5,-6(x8)	  x8:0x80013be8  x5=0xffff9899 PA:0x80013be2 load:0xffff9899
        5725000	       473	80003426	84e34293	xori	x5,x6,-1970	  x6:0x00000047  x5=0xfffff809
        5735000	       474	8000342a	fc440283	lb	x5,-60(x8)	  x8:0x80013be8  x5=0x00000067 PA:0x80013bac load:0x00000067
        5755000	       476	8000342e	fe540da3	sb	x5,-5(x8)	  x8:0x80013be8  x5:0x00000067 PA:0x80013be3 store:0x00000067 load:0x00000000
        5765000	       477	80003432	9b36	c.add	x22,x13	 x22:0x00019000 x13:0x00000040 x22=0x00019040
        5775000	       478	80003434	01140283	lb	x5,17(x8)	  x8:0x80013be8  x5=0xffffffb2 PA:0x80013bf9 load:0xffffffb2
        5785000	       479	80003438	03f40aa3	sb	x31,53(x8)	  x8:0x80013be8 x31:0x80017c40 PA:0x80013c1d store:0x80017c40 load:0x00000000
        5795000	       480	8000343c	0000100f	fence.i	
        5815000	       482	80003440	10500073	wfi	
        6075000	       508	8000252c	93bfe06f	jal	x0,80000e66	  x0=0x00000000
        6095000	       510	80000e66	1771	c.addi	x14,-4	 x14:0x8002cce4 x14=0x8002cce0
        6105000	       511	80000e68	c310	c.sw	x12,0(x14)	 x14:0x8002cce0 x12:0x80028e64 PA:0x8002cce0 store:0x80028e64 load:0x00000000
        6115000	       512	80000e6a	00070633	add	x12,x14,x0	 x14:0x8002cce0  x0:0x00000000 x12=0x8002cce0
        6125000	       513	80000e6e	f8060613	addi	x12,x12,-128	 x12:0x8002cce0 x12=0x8002cc60
        6135000	       514	80000e72	00162223	sw	x1,4(x12)	 x12:0x8002cc60  x1:0x00000000 PA:0x8002cc64 store:0x00000000 load:0x00000000
        6145000	       515	80000e76	00262423	sw	x2,8(x12)	 x12:0x8002cc60  x2:0xf5e39895 PA:0x8002cc68 store:0xf5e39895 load:0x00000000
        6155000	       516	80000e7a	00362623	sw	x3,12(x12)	 x12:0x8002cc60  x3:0x00000000 PA:0x8002cc6c store:0x00000000 load:0x00000000
        6165000	       517	80000e7e	00462823	sw	x4,16(x12)	 x12:0x8002cc60  x4:0xffffffa0 PA:0x8002cc70 store:0xffffffa0 load:0x00000000
        6175000	       518	80000e82	00562a23	sw	x5,20(x12)	 x12:0x8002cc60  x5:0xffffffb2 PA:0x8002cc74 store:0xffffffb2 load:0x00000000
        6185000	       519	80000e86	00662c23	sw	x6,24(x12)	 x12:0x8002cc60  x6:0x00000047 PA:0x8002cc78 store:0x00000047 load:0x00000000
        6195000	       520	80000e8a	00762e23	sw	x7,28(x12)	 x12:0x8002cc60  x7:0xfc0009d3 PA:0x8002cc7c store:0xfc0009d3 load:0x00000000
        6205000	       521	80000e8e	d200	c.sw	x8,32(x12)	 x12:0x8002cc60  x8:0x80013be8 PA:0x8002cc80 store:0x80013be8 load:0x00000000
        6215000	       522	80000e90	d244	c.sw	x9,36(x12)	 x12:0x8002cc60  x9:0x00000080 PA:0x8002cc84 store:0x00000080 load:0x00000000
        6225000	       523	80000e92	d608	c.sw	x10,40(x12)	 x12:0x8002cc60 x10:0x64656667 PA:0x8002cc88 store:0x64656667 load:0x00000000
        6235000	       524	80000e94	d64c	c.sw	x11,44(x12)	 x12:0x8002cc60 x11:0x352dc3f6 PA:0x8002cc8c store:0x352dc3f6 load:0x00000000
        6245000	       525	80000e96	da10	c.sw	x12,48(x12)	 x12:0x8002cc60 x12:0x8002cc60 PA:0x8002cc90 store:0x8002cc60 load:0x00000000
        6255000	       526	80000e98	da54	c.sw	x13,52(x12)	 x12:0x8002cc60 x13:0x00000040 PA:0x8002cc94 store:0x00000040 load:0x00000000
        6265000	       527	80000e9a	de18	c.sw	x14,56(x12)	 x12:0x8002cc60 x14:0x8002cce0 PA:0x8002cc98 store:0x8002cce0 load:0x00000000
        6275000	       528	80000e9c	de5c	c.sw	x15,60(x12)	 x12:0x8002cc60 x15:0x00000077 PA:0x8002cc9c store:0x00000077 load:0x00000000
        6285000	       529	80000e9e	05062023	sw	x16,64(x12)	 x12:0x8002cc60 x16:0xffffd0d1 PA:0x8002cca0 store:0xffffd0d1 load:0x00000000
        6295000	       530	80000ea2	05162223	sw	x17,68(x12)	 x12:0x8002cc60 x17:0xc4c5c6c7 PA:0x8002cca4 store:0xc4c5c6c7 load:0x00000000
        6305000	       531	80000ea6	05262423	sw	x18,72(x12)	 x12:0x8002cc60 x18:0x00000000 PA:0x8002cca8 store:0x00000000 load:0x00000000
        6315000	       532	80000eaa	05362623	sw	x19,76(x12)	 x12:0x8002cc60 x19:0x00000004 PA:0x8002ccac store:0x00000004 load:0x00000000
        6325000	       533	80000eae	05462823	sw	x20,80(x12)	 x12:0x8002cc60 x20:0x00008081 PA:0x8002ccb0 store:0x00008081 load:0x00000000
        6335000	       534	80000eb2	05562a23	sw	x21,84(x12)	 x12:0x8002cc60 x21:0x00000092 PA:0x8002ccb4 store:0x00000092 load:0x00000000
        6345000	       535	80000eb6	05662c23	sw	x22,88(x12)	 x12:0x8002cc60 x22:0x00019040 PA:0x8002ccb8 store:0x00019040 load:0x00000000
        6355000	       536	80000eba	05762e23	sw	x23,92(x12)	 x12:0x8002cc60 x23:0x00000000 PA:0x8002ccbc store:0x00000000 load:0x00000000
        6365000	       537	80000ebe	07862023	sw	x24,96(x12)	 x12:0x8002cc60 x24:0x00000016 PA:0x8002ccc0 store:0x00000016 load:0x00000000
        6375000	       538	80000ec2	07962223	sw	x25,100(x12)	 x12:0x8002cc60 x25:0x00001c80 PA:0x8002ccc4 store:0x00001c80 load:0x00000000
        6385000	       539	80000ec6	07a62423	sw	x26,104(x12)	 x12:0x8002cc60 x26:0xc57e8404 PA:0x8002ccc8 store:0xc57e8404 load:0x00000000
        6395000	       540	80000eca	07b62623	sw	x27,108(x12)	 x12:0x8002cc60 x27:0x000000b4 PA:0x8002cccc store:0x000000b4 load:0x00000000
        6405000	       541	80000ece	07c62823	sw	x28,112(x12)	 x12:0x8002cc60 x28:0x00000032 PA:0x8002ccd0 store:0x00000032 load:0x00000000
        6415000	       542	80000ed2	07d62a23	sw	x29,116(x12)	 x12:0x8002cc60 x29:0x82ec0cb0 PA:0x8002ccd4 store:0x82ec0cb0 load:0x00000000
        6425000	       543	80000ed6	07e62c23	sw	x30,120(x12)	 x12:0x8002cc60 x30:0x0000001e PA:0x8002ccd8 store:0x0000001e load:0x00000000
        6435000	       544	80000eda	07f62e23	sw	x31,124(x12)	 x12:0x8002cc60 x31:0x80017c40 PA:0x8002ccdc store:0x80017c40 load:0x00000000
        6445000	       545	80000ede	00060733	add	x14,x12,x0	 x12:0x8002cc60  x0:0x00000000 x14=0x8002cc60
        6455000	       546	80000ee2	90000a37	lui	x20,0x90000	 x20=0x90000000
        6465000	       547	80000ee6	1a71	c.addi	x20,-4	 x20:0x90000000 x20=0x8ffffffc
        6475000	       548	80000ee8	4319	c.li	x6,6	  x6=0x00000006
        6485000	       549	80000eea	0322	c.slli	x6,0x8	  x6:0x00000006  x6=0x00000600
        6495000	       550	80000eec	00030313	addi	x6,x6,0	  x6:0x00000600  x6=0x00000600
        6505000	       551	80000ef0	006a2023	sw	x6,0(x20)	 x20:0x8ffffffc  x6:0x00000600 PA:0x8ffffffc store:0x00000600 load:0x00000000
        6515000	       552	80000ef4	34202373	csrrs	x6,mcause,x0	  x0:0x00000000  x6=0x8000000b
        6525000	       553	80000ef8	01f35313	srli	x6,x6,0x1f	  x6:0x8000000b  x6=0x00000001
        6535000	       554	80000efc	06030863	beq	x6,x0,80000f6c	  x6:0x00000001  x0:0x00000000
        6545000	       555	80000f00	90000a37	lui	x20,0x90000	 x20=0x90000000
        6555000	       556	80000f04	1a71	c.addi	x20,-4	 x20:0x90000000 x20=0x8ffffffc
        6565000	       557	80000f06	30000313	addi	x6,x0,768	  x0:0x00000000  x6=0x00000300
        6575000	       558	80000f0a	0322	c.slli	x6,0x8	  x6:0x00000300  x6=0x00030000
        6585000	       559	80000f0c	030d	c.addi	x6,3	  x6:0x00030000  x6=0x00030003
        6595000	       560	80000f0e	006a2023	sw	x6,0(x20)	 x20:0x8ffffffc  x6:0x00030003 PA:0x8ffffffc store:0x00030003 load:0x00000000
        6605000	       561	80000f12	30002373	csrrs	x6,mstatus,x0	  x0:0x00000000  x6=0x00000080
        6615000	       562	80000f16	006a2023	sw	x6,0(x20)	 x20:0x8ffffffc  x6:0x00000080 PA:0x8ffffffc store:0x00000080 load:0x00000000
        6625000	       563	80000f1a	90000a37	lui	x20,0x90000	 x20=0x90000000
        6635000	       564	80000f1e	1a71	c.addi	x20,-4	 x20:0x90000000 x20=0x8ffffffc
        6645000	       565	80000f20	34200313	addi	x6,x0,834	  x0:0x00000000  x6=0x00000342
        6655000	       566	80000f24	0322	c.slli	x6,0x8	  x6:0x00000342  x6=0x00034200
        6665000	       567	80000f26	030d	c.addi	x6,3	  x6:0x00034200  x6=0x00034203
        6675000	       568	80000f28	006a2023	sw	x6,0(x20)	 x20:0x8ffffffc  x6:0x00034203 PA:0x8ffffffc store:0x00034203 load:0x00000000
        6685000	       569	80000f2c	34202373	csrrs	x6,mcause,x0	  x0:0x00000000  x6=0x8000000b
        6695000	       570	80000f30	006a2023	sw	x6,0(x20)	 x20:0x8ffffffc  x6:0x8000000b PA:0x8ffffffc store:0x8000000b load:0x00000000
        6705000	       571	80000f34	90000a37	lui	x20,0x90000	 x20=0x90000000
        6715000	       572	80000f38	1a71	c.addi	x20,-4	 x20:0x90000000 x20=0x8ffffffc
        6725000	       573	80000f3a	30400313	addi	x6,x0,772	  x0:0x00000000  x6=0x00000304
        6735000	       574	80000f3e	0322	c.slli	x6,0x8	  x6:0x00000304  x6=0x00030400
        6745000	       575	80000f40	030d	c.addi	x6,3	  x6:0x00030400  x6=0x00030403
        6755000	       576	80000f42	006a2023	sw	x6,0(x20)	 x20:0x8ffffffc  x6:0x00030403 PA:0x8ffffffc store:0x00030403 load:0x00000000
        6765000	       577	80000f46	30402373	csrrs	x6,mie,x0	  x0:0x00000000  x6=0x53ac0888
        6775000	       578	80000f4a	006a2023	sw	x6,0(x20)	 x20:0x8ffffffc  x6:0x53ac0888 PA:0x8ffffffc store:0x53ac0888 load:0x00000000
        6785000	       579	80000f4e	90000a37	lui	x20,0x90000	 x20=0x90000000
        6795000	       580	80000f52	1a71	c.addi	x20,-4	 x20:0x90000000 x20=0x8ffffffc
        6805000	       581	80000f54	34400313	addi	x6,x0,836	  x0:0x00000000  x6=0x00000344
        6815000	       582	80000f58	0322	c.slli	x6,0x8	  x6:0x00000344  x6=0x00034400
        6825000	       583	80000f5a	030d	c.addi	x6,3	  x6:0x00034400  x6=0x00034403
        6835000	       584	80000f5c	006a2023	sw	x6,0(x20)	 x20:0x8ffffffc  x6:0x00034403 PA:0x8ffffffc store:0x00034403 load:0x00000000
        6845000	       585	80000f60	34402373	csrrs	x6,mip,x0	  x0:0x00000000  x6=0x00000000
        6855000	       586	80000f64	006a2023	sw	x6,0(x20)	 x20:0x8ffffffc  x6:0x00000000 PA:0x8ffffffc store:0x00000000 load:0x00000000
        6865000	       587	80000f68	10d1106f	jal	x0,80012874	  x0=0x00000000
        6885000	       589	80012874	30002373	csrrs	x6,mstatus,x0	  x0:0x00000000  x6=0x00000080
        6895000	       590	80012878	30402373	csrrs	x6,mie,x0	  x0:0x00000000  x6=0x53ac0888
        6905000	       591	8001287c	34402373	csrrs	x6,mip,x0	  x0:0x00000000  x6=0x00000000
        6915000	       592	80012880	34433373	csrrc	x6,mip,x6	  x6:0x00000000  x6=0x00000000
        6945000	       595	80012884	90000a37	lui	x20,0x90000	 x20=0x90000000
        6955000	       596	80012888	1a71	c.addi	x20,-4	 x20:0x90000000 x20=0x8ffffffc
        6965000	       597	8001288a	431d	c.li	x6,7	  x6=0x00000007
        6975000	       598	8001288c	0322	c.slli	x6,0x8	  x6:0x00000007  x6=0x00000700
        6985000	       599	8001288e	00030313	addi	x6,x6,0	  x6:0x00000700  x6=0x00000700
        6995000	       600	80012892	006a2023	sw	x6,0(x20)	 x20:0x8ffffffc  x6:0x00000700 PA:0x8ffffffc store:0x00000700 load:0x00000000
        7005000	       601	80012896	00070633	add	x12,x14,x0	 x14:0x8002cc60  x0:0x00000000 x12=0x8002cc60
        7015000	       602	8001289a	00462083	lw	x1,4(x12)	 x12:0x8002cc60  x1=0x00000000 PA:0x8002cc64 load:0x00000000
        7025000	       603	8001289e	00862103	lw	x2,8(x12)	 x12:0x8002cc60  x2=0xf5e39895 PA:0x8002cc68 load:0xf5e39895
        7035000	       604	800128a2	00c62183	lw	x3,12(x12)	 x12:0x8002cc60  x3=0x00000000 PA:0x8002cc6c load:0x00000000
        7045000	       605	800128a6	01062203	lw	x4,16(x12)	 x12:0x8002cc60  x4=0xffffffa0 PA:0x8002cc70 load:0xffffffa0
        7055000	       606	800128aa	01462283	lw	x5,20(x12)	 x12:0x8002cc60  x5=0xffffffb2 PA:0x8002cc74 load:0xffffffb2
        7065000	       607	800128ae	01862303	lw	x6,24(x12)	 x12:0x8002cc60  x6=0x00000047 PA:0x8002cc78 load:0x00000047
        7075000	       608	800128b2	01c62383	lw	x7,28(x12)	 x12:0x8002cc60  x7=0xfc0009d3 PA:0x8002cc7c load:0xfc0009d3
        7085000	       609	800128b6	5200	c.lw	x8,32(x12)	 x12:0x8002cc60  x8=0x80013be8 PA:0x8002cc80 load:0x80013be8
        7095000	       610	800128b8	5244	c.lw	x9,36(x12)	 x12:0x8002cc60  x9=0x00000080 PA:0x8002cc84 load:0x00000080
        7105000	       611	800128ba	5608	c.lw	x10,40(x12)	 x12:0x8002cc60 x10=0x64656667 PA:0x8002cc88 load:0x64656667
        7115000	       612	800128bc	564c	c.lw	x11,44(x12)	 x12:0x8002cc60 x11=0x352dc3f6 PA:0x8002cc8c load:0x352dc3f6
        7125000	       613	800128be	5a10	c.lw	x12,48(x12)	 x12:0x8002cc60 x12=0x8002cc60 PA:0x8002cc90 load:0x8002cc60
        7145000	       615	800128c0	5a54	c.lw	x13,52(x12)	 x12:0x8002cc60 x13=0x00000040 PA:0x8002cc94 load:0x00000040
        7155000	       616	800128c2	5e18	c.lw	x14,56(x12)	 x12:0x8002cc60 x14=0x8002cce0 PA:0x8002cc98 load:0x8002cce0
        7165000	       617	800128c4	5e5c	c.lw	x15,60(x12)	 x12:0x8002cc60 x15=0x00000077 PA:0x8002cc9c load:0x00000077
        7175000	       618	800128c6	04062803	lw	x16,64(x12)	 x12:0x8002cc60 x16=0xffffd0d1 PA:0x8002cca0 load:0xffffd0d1
        7185000	       619	800128ca	04462883	lw	x17,68(x12)	 x12:0x8002cc60 x17=0xc4c5c6c7 PA:0x8002cca4 load:0xc4c5c6c7
        7195000	       620	800128ce	04862903	lw	x18,72(x12)	 x12:0x8002cc60 x18=0x00000000 PA:0x8002cca8 load:0x00000000
        7205000	       621	800128d2	04c62983	lw	x19,76(x12)	 x12:0x8002cc60 x19=0x00000004 PA:0x8002ccac load:0x00000004
        7215000	       622	800128d6	05062a03	lw	x20,80(x12)	 x12:0x8002cc60 x20=0x00008081 PA:0x8002ccb0 load:0x00008081
        7225000	       623	800128da	05462a83	lw	x21,84(x12)	 x12:0x8002cc60 x21=0x00000092 PA:0x8002ccb4 load:0x00000092
        7235000	       624	800128de	05862b03	lw	x22,88(x12)	 x12:0x8002cc60 x22=0x00019040 PA:0x8002ccb8 load:0x00019040
        7245000	       625	800128e2	05c62b83	lw	x23,92(x12)	 x12:0x8002cc60 x23=0x00000000 PA:0x8002ccbc load:0x00000000
        7255000	       626	800128e6	06062c03	lw	x24,96(x12)	 x12:0x8002cc60 x24=0x00000016 PA:0x8002ccc0 load:0x00000016
        7265000	       627	800128ea	06462c83	lw	x25,100(x12)	 x12:0x8002cc60 x25=0x00001c80 PA:0x8002ccc4 load:0x00001c80
        7275000	       628	800128ee	06862d03	lw	x26,104(x12)	 x12:0x8002cc60 x26=0xc57e8404 PA:0x8002ccc8 load:0xc57e8404
        7285000	       629	800128f2	06c62d83	lw	x27,108(x12)	 x12:0x8002cc60 x27=0x000000b4 PA:0x8002cccc load:0x000000b4
        7295000	       630	800128f6	07062e03	lw	x28,112(x12)	 x12:0x8002cc60 x28=0x00000032 PA:0x8002ccd0 load:0x00000032
        7305000	       631	800128fa	07462e83	lw	x29,116(x12)	 x12:0x8002cc60 x29=0x82ec0cb0 PA:0x8002ccd4 load:0x82ec0cb0
        7315000	       632	800128fe	07862f03	lw	x30,120(x12)	 x12:0x8002cc60 x30=0x0000001e PA:0x8002ccd8 load:0x0000001e
        7325000	       633	80012902	07c62f83	lw	x31,124(x12)	 x12:0x8002cc60 x31=0x80017c40 PA:0x8002ccdc load:0x80017c40
        7335000	       634	80012906	08060613	addi	x12,x12,128	 x12:0x8002cc60 x12=0x8002cce0
        7345000	       635	8001290a	00060733	add	x14,x12,x0	 x12:0x8002cce0  x0:0x00000000 x14=0x8002cce0
        7355000	       636	8001290e	4310	c.lw	x12,0(x14)	 x14:0x8002cce0 x12=0x80028e64 PA:0x8002cce0 load:0x80028e64
        7365000	       637	80012910	0711	c.addi	x14,4	 x14:0x8002cce0 x14=0x8002cce4
        7375000	       638	80012912	30200073	mret	
        7405000	       641	80003444	ff642023	sw	x22,-32(x8)	  x8:0x80013be8 x22:0x00019040 PA:0x80013bc8 store:0x00019040 load:0x00000000
        7415000	       642	80003448	4c5c	c.lw	x15,28(x8)	  x8:0x80013be8 x15=0xbcbdbebf PA:0x80013c04 load:0xbcbdbebf
        7785000	       679	8000344a	02655533	divu	x10,x10,x6	 x10:0x64656667  x6:0x00000047 x10=0x0169fdd6
        7795000	       680	8000344e	ffa41383	lh	x7,-6(x8)	  x8:0x80013be8  x7=0x00006799 PA:0x80013be2 load:0x00006799
        7805000	       681	80003452	fdf40f83	lb	x31,-33(x8)	  x8:0x80013be8 x31=0x0000007c PA:0x80013bc7 load:0x0000007c
        7815000	       682	80003456	00e44c03	lbu	x24,14(x8)	  x8:0x80013be8 x24=0x000000ad PA:0x80013bf6 load:0x000000ad
        7825000	       683	8000345a	ff1408a3	sb	x17,-15(x8)	  x8:0x80013be8 x17:0xc4c5c6c7 PA:0x80013bd9 store:0xc4c5c6c7 load:0x00000000
        7835000	       684	8000345e	fd344c83	lbu	x25,-45(x8)	  x8:0x80013be8 x25=0x00000070 PA:0x80013bbb load:0x00000070
        7845000	       685	80003462	418b8d33	sub	x26,x23,x24	 x23:0x00000000 x24:0x000000ad x26=0xffffff53
        7855000	       686	80003466	02340983	lb	x19,35(x8)	  x8:0x80013be8 x19=0xffffffc0 PA:0x80013c0b load:0xffffffc0
        7865000	       687	8000346a	015407a3	sb	x21,15(x8)	  x8:0x80013be8 x21:0x00000092 PA:0x80013bf7 store:0x00000092 load:0x00000000
        7875000	       688	8000346e	00011297	auipc	x5,0x11	  x5=0x8001446e
        7885000	       689	80003472	aef28293	addi	x5,x5,-1297	  x5:0x8001446e  x5=0x80013f5d
        7895000	       690	80003476	a7f45517	auipc	x10,0xa7f45	 x10=0x27f48476
        7905000	       691	8000347a	b81282a3	sb	x1,-1147(x5)	  x5:0x80013f5d  x1:0x00000000 PA:0x80013ae2 store:0x00000000 load:0x00000000
        7915000	       692	8000347e	6c45	c.lui	x24,0x11	 x24=0x00011000
        7925000	       693	80003480	97e2c903	lbu	x18,-1666(x5)	  x5:0x80013f5d x18=0x00000090 PA:0x800138db load:0x00000090
        7935000	       694	80003484	e4828a83	lb	x21,-440(x5)	  x5:0x80013f5d x21=0x0000005e PA:0x80013da5 load:0x0000005e
        7945000	       695	80003488	e4828203	lb	x4,-440(x5)	  x5:0x80013f5d  x4=0x0000005e PA:0x80013da5 load:0x0000005e
        7955000	       696	8000348c	b982cb03	lbu	x22,-1128(x5)	  x5:0x80013f5d x22=0x000000ae PA:0x80013af5 load:0x000000ae
        7965000	       697	80003490	dc929183	lh	x3,-567(x5)	  x5:0x80013f5d  x3=0xffffdcdd PA:0x80013d26 load:0xffffdcdd
        7975000	       698	80003494	0001	c.addi	x0,0	  x0:0x00000000  x0=0x00000000
        7985000	       699	80003496	dc92d183	lhu	x3,-567(x5)	  x5:0x80013f5d  x3=0x0000dcdd PA:0x80013d26 load:0x0000dcdd
        7995000	       700	8000349a	dc92c383	lbu	x7,-567(x5)	  x5:0x80013f5d  x7=0x000000dd PA:0x80013d26 load:0x000000dd
        8005000	       701	8000349e	cee28d83	lb	x27,-786(x5)	  x5:0x80013f5d x27=0x00000000 PA:0x80013c4b load:0x00000000
        8015000	       702	800034a2	b3a28883	lb	x17,-1222(x5)	  x5:0x80013f5d x17=0x0000004c PA:0x80013a97 load:0x0000004c
        8025000	       703	800034a6	9c428523	sb	x4,-1590(x5)	  x5:0x80013f5d  x4:0x0000005e PA:0x80013927 store:0x0000005e load:0x00000000
        8035000	       704	800034aa	91828923	sb	x24,-1774(x5)	  x5:0x80013f5d x24:0x00011000 PA:0x8001386f store:0x00011000 load:0x00000000
        8045000	       705	800034ae	00f20b33	add	x22,x4,x15	  x4:0x0000005e x15:0xbcbdbebf x22=0xbcbdbf1d
        8055000	       706	800034b2	8a7286a3	sb	x7,-1875(x5)	  x5:0x80013f5d  x7:0x000000dd PA:0x8001380a store:0x000000dd load:0x00000000
        8065000	       707	800034b6	a3028a03	lb	x20,-1488(x5)	  x5:0x80013f5d x20=0x00000046 PA:0x8001398d load:0x00000046
        8075000	       708	800034ba	00010297	auipc	x5,0x10	  x5=0x800134ba
        8085000	       709	800034be	4e128293	addi	x5,x5,1249	  x5:0x800134ba  x5=0x8001399b
        8095000	       710	800034c2	0000100f	fence.i	
        8125000	       713	800034c6	fe329aa3	sh	x3,-11(x5)	  x5:0x8001399b  x3:0x0000dcdd PA:0x80013990 store:0x0000dcdd load:0x00000000
        8135000	       714	800034ca	019284a3	sb	x25,9(x5)	  x5:0x8001399b x25:0x00000070 PA:0x800139a4 store:0x00000070 load:0x00000000
        8145000	       715	800034ce	88bd	c.andi	x9,15	  x9:0x00000080  x9=0x00000000
        8155000	       716	800034d0	00128c83	lb	x25,1(x5)	  x5:0x8001399b x25=0x00000057 PA:0x8001399c load:0x00000057
        8165000	       717	800034d4	8c8d	c.sub	x9,x11	  x9:0x00000000 x11:0x352dc3f6  x9=0xcad23c0a
        8175000	       718	800034d6	54fd	c.li	x9,-1	  x9=0xffffffff
        8185000	       719	800034d8	ff02c483	lbu	x9,-16(x5)	  x5:0x8001399b  x9=0x00000040 PA:0x8001398b load:0x00000040
        8205000	       721	800034dc	8ccd	c.or	x9,x11	  x9:0x00000040 x11:0x352dc3f6  x9=0x352dc3f6
        8215000	       722	800034de	61bd	c.lui	x3,0xf	  x3=0x0000f000
        8225000	       723	800034e0	6ed5	c.lui	x29,0x15	 x29=0x00015000
        8235000	       724	800034e2	fff28e83	lb	x29,-1(x5)	  x5:0x8001399b x29=0x00000051 PA:0x8001399a load:0x00000051
        8245000	       725	800034e6	010287a3	sb	x16,15(x5)	  x5:0x8001399b x16:0xffffd0d1 PA:0x800139aa store:0xffffd0d1 load:0x00000000
        8255000	       726	800034ea	0102cc83	lbu	x25,16(x5)	  x5:0x8001399b x25=0x00000060 PA:0x800139ab load:0x00000060
        8265000	       727	800034ee	ff628c83	lb	x25,-10(x5)	  x5:0x8001399b x25=0xffffffdc PA:0x80013991 load:0xffffffdc
        8275000	       728	800034f2	feb28ba3	sb	x11,-9(x5)	  x5:0x8001399b x11:0x352dc3f6 PA:0x80013992 store:0x352dc3f6 load:0x00000000
        8285000	       729	800034f6	61fd	c.lui	x3,0x1f	  x3=0x0001f000
        8295000	       730	800034f8	ffa28803	lb	x16,-6(x5)	  x5:0x8001399b x16=0x0000004e PA:0x80013995 load:0x0000004e
        8305000	       731	800034fc	ff929ba3	sh	x25,-9(x5)	  x5:0x8001399b x25:0xffffffdc PA:0x80013992 store:0xffffffdc load:0x00000000
        8315000	       732	80003500	00028183	lb	x3,0(x5)	  x5:0x8001399b  x3=0x00000050 PA:0x8001399b load:0x00000050
        8325000	       733	80003504	feb2aaa3	sw	x11,-11(x5)	  x5:0x8001399b x11:0x352dc3f6 PA:0x80013990 store:0x352dc3f6 load:0x00000000
        8335000	       734	80003508	01885e93	srli	x29,x16,0x18	 x16:0x0000004e x29=0x00000000
        8345000	       735	8000350c	880e	c.mv	x16,x3	  x0:0x00000000  x3:0x00000050 x16=0x00000050
        8355000	       736	8000350e	feb28a23	sb	x11,-12(x5)	  x5:0x8001399b x11:0x352dc3f6 PA:0x8001398f store:0x352dc3f6 load:0x00000000
        8365000	       737	80003512	8dc5	c.or	x11,x9	 x11:0x352dc3f6  x9:0x352dc3f6 x11=0x352dc3f6
        8735000	       774	80003514	0395d1b3	divu	x3,x11,x25	 x11:0x352dc3f6 x25:0xffffffdc  x3=0x00000000
        8745000	       775	80003518	ff32de83	lhu	x29,-13(x5)	  x5:0x8001399b x29=0x0000f645 PA:0x8001398e load:0x0000f645
        8755000	       776	8000351c	fe328b23	sb	x3,-10(x5)	  x5:0x8001399b  x3:0x00000000 PA:0x80013991 store:0x00000000 load:0x00000000
        8765000	       777	80003520	01d2a0a3	sw	x29,1(x5)	  x5:0x8001399b x29:0x0000f645 PA:0x8001399c store:0x0000f645 load:0x00000000
        8775000	       778	80003524	010281a3	sb	x16,3(x5)	  x5:0x8001399b x16:0x00000050 PA:0x8001399e store:0x00000050 load:0x00000000
        8785000	       779	80003528	d40491b7	lui	x3,0xd4049	  x3=0xd4049000
        8795000	       780	8000352c	feb28f23	sb	x11,-2(x5)	  x5:0x8001399b x11:0x352dc3f6 PA:0x80013999 store:0x352dc3f6 load:0x00000000
        8805000	       781	80003530	ff02c803	lbu	x16,-16(x5)	  x5:0x8001399b x16=0x00000040 PA:0x8001398b load:0x00000040
        8815000	       782	80003534	81a1	c.srli	x11,0x8	 x11:0x352dc3f6 x11=0x00352dc3
        8825000	       783	80003536	89dd	c.andi	x11,23	 x11:0x00352dc3 x11=0x00000003
        8835000	       784	80003538	0034dcb3	srl	x25,x9,x3	  x9:0x352dc3f6  x3:0xd4049000 x25=0x352dc3f6
        8845000	       785	8000353c	485d	c.li	x16,23	 x16=0x00000017
        8855000	       786	8000353e	00828483	lb	x9,8(x5)	  x5:0x8001399b  x9=0x00000058 PA:0x800139a3 load:0x00000058
        8865000	       787	80003542	15fd	c.addi	x11,-1	 x11:0x00000003 x11=0x00000002
        8875000	       788	80003544	ff02c483	lbu	x9,-16(x5)	  x5:0x8001399b  x9=0x00000040 PA:0x8001398b load:0x00000040
        8885000	       789	80003548	ffe28e83	lb	x29,-2(x5)	  x5:0x8001399b x29=0xfffffff6 PA:0x80013999 load:0xfffffff6
        8895000	       790	8000354c	4429	c.li	x8,10	  x8=0x0000000a
        8905000	       791	8000354e	6699	c.lui	x13,0x6	 x13=0x00006000
        8915000	       792	80003550	8295	c.srli	x13,0x5	 x13:0x00006000 x13=0x00000300
        9285000	       829	80003552	03fdfb33	remu	x22,x27,x31	 x27:0x00000000 x31:0x0000007c x22=0x00000000
        9325000	       833	8000252c	93bfe06f	jal	x0,80000e66	  x0=0x00000000
        9345000	       835	80000e66	1771	c.addi	x14,-4	 x14:0x8002cce4 x14=0x8002cce0
        9355000	       836	80000e68	c310	c.sw	x12,0(x14)	 x14:0x8002cce0 x12:0x80028e64 PA:0x8002cce0 store:0x80028e64 load:0x00000000
        9365000	       837	80000e6a	00070633	add	x12,x14,x0	 x14:0x8002cce0  x0:0x00000000 x12=0x8002cce0
        9375000	       838	80000e6e	f8060613	addi	x12,x12,-128	 x12:0x8002cce0 x12=0x8002cc60
        9385000	       839	80000e72	00162223	sw	x1,4(x12)	 x12:0x8002cc60  x1:0x00000000 PA:0x8002cc64 store:0x00000000 load:0x00000000
        9395000	       840	80000e76	00262423	sw	x2,8(x12)	 x12:0x8002cc60  x2:0xf5e39895 PA:0x8002cc68 store:0xf5e39895 load:0x00000000
        9405000	       841	80000e7a	00362623	sw	x3,12(x12)	 x12:0x8002cc60  x3:0xd4049000 PA:0x8002cc6c store:0xd4049000 load:0x00000000
        9415000	       842	80000e7e	00462823	sw	x4,16(x12)	 x12:0x8002cc60  x4:0x0000005e PA:0x8002cc70 store:0x0000005e load:0x00000000
        9425000	       843	80000e82	00562a23	sw	x5,20(x12)	 x12:0x8002cc60  x5:0x8001399b PA:0x8002cc74 store:0x8001399b load:0x00000000
        9435000	       844	80000e86	00662c23	sw	x6,24(x12)	 x12:0x8002cc60  x6:0x00000047 PA:0x8002cc78 store:0x00000047 load:0x00000000
        9445000	       845	80000e8a	00762e23	sw	x7,28(x12)	 x12:0x8002cc60  x7:0x000000dd PA:0x8002cc7c store:0x000000dd load:0x00000000
        9455000	       846	80000e8e	d200	c.sw	x8,32(x12)	 x12:0x8002cc60  x8:0x0000000a PA:0x8002cc80 store:0x0000000a load:0x00000000
        9465000	       847	80000e90	d244	c.sw	x9,36(x12)	 x12:0x8002cc60  x9:0x00000040 PA:0x8002cc84 store:0x00000040 load:0x00000000
        9475000	       848	80000e92	d608	c.sw	x10,40(x12)	 x12:0x8002cc60 x10:0x27f48476 PA:0x8002cc88 store:0x27f48476 load:0x00000000
        9485000	       849	80000e94	d64c	c.sw	x11,44(x12)	 x12:0x8002cc60 x11:0x00000002 PA:0x8002cc8c store:0x00000002 load:0x00000000
        9495000	       850	80000e96	da10	c.sw	x12,48(x12)	 x12:0x8002cc60 x12:0x8002cc60 PA:0x8002cc90 store:0x8002cc60 load:0x00000000
        9505000	       851	80000e98	da54	c.sw	x13,52(x12)	 x12:0x8002cc60 x13:0x00000300 PA:0x8002cc94 store:0x00000300 load:0x00000000
        9515000	       852	80000e9a	de18	c.sw	x14,56(x12)	 x12:0x8002cc60 x14:0x8002cce0 PA:0x8002cc98 store:0x8002cce0 load:0x00000000
        9525000	       853	80000e9c	de5c	c.sw	x15,60(x12)	 x12:0x8002cc60 x15:0xbcbdbebf PA:0x8002cc9c store:0xbcbdbebf load:0x00000000
        9535000	       854	80000e9e	05062023	sw	x16,64(x12)	 x12:0x8002cc60 x16:0x00000017 PA:0x8002cca0 store:0x00000017 load:0x00000000
        9545000	       855	80000ea2	05162223	sw	x17,68(x12)	 x12:0x8002cc60 x17:0x0000004c PA:0x8002cca4 store:0x0000004c load:0x00000000
        9555000	       856	80000ea6	05262423	sw	x18,72(x12)	 x12:0x8002cc60 x18:0x00000090 PA:0x8002cca8 store:0x00000090 load:0x00000000
        9565000	       857	80000eaa	05362623	sw	x19,76(x12)	 x12:0x8002cc60 x19:0xffffffc0 PA:0x8002ccac store:0xffffffc0 load:0x00000000
        9575000	       858	80000eae	05462823	sw	x20,80(x12)	 x12:0x8002cc60 x20:0x00000046 PA:0x8002ccb0 store:0x00000046 load:0x00000000
        9585000	       859	80000eb2	05562a23	sw	x21,84(x12)	 x12:0x8002cc60 x21:0x0000005e PA:0x8002ccb4 store:0x0000005e load:0x00000000
        9595000	       860	80000eb6	05662c23	sw	x22,88(x12)	 x12:0x8002cc60 x22:0x00000000 PA:0x8002ccb8 store:0x00000000 load:0x00000000
        9605000	       861	80000eba	05762e23	sw	x23,92(x12)	 x12:0x8002cc60 x23:0x00000000 PA:0x8002ccbc store:0x00000000 load:0x00000000
        9615000	       862	80000ebe	07862023	sw	x24,96(x12)	 x12:0x8002cc60 x24:0x00011000 PA:0x8002ccc0 store:0x00011000 load:0x00000000
        9625000	       863	80000ec2	07962223	sw	x25,100(x12)	 x12:0x8002cc60 x25:0x352dc3f6 PA:0x8002ccc4 store:0x352dc3f6 load:0x00000000
        9635000	       864	80000ec6	07a62423	sw	x26,104(x12)	 x12:0x8002cc60 x26:0xffffff53 PA:0x8002ccc8 store:0xffffff53 load:0x00000000
        9645000	       865	80000eca	07b62623	sw	x27,108(x12)	 x12:0x8002cc60 x27:0x00000000 PA:0x8002cccc store:0x00000000 load:0x00000000
        9655000	       866	80000ece	07c62823	sw	x28,112(x12)	 x12:0x8002cc60 x28:0x00000032 PA:0x8002ccd0 store:0x00000032 load:0x00000000
        9665000	       867	80000ed2	07d62a23	sw	x29,116(x12)	 x12:0x8002cc60 x29:0xfffffff6 PA:0x8002ccd4 store:0xfffffff6 load:0x00000000
        9675000	       868	80000ed6	07e62c23	sw	x30,120(x12)	 x12:0x8002cc60 x30:0x0000001e PA:0x8002ccd8 store:0x0000001e load:0x00000000
        9685000	       869	80000eda	07f62e23	sw	x31,124(x12)	 x12:0x8002cc60 x31:0x0000007c PA:0x8002ccdc store:0x0000007c load:0x00000000
        9695000	       870	80000ede	00060733	add	x14,x12,x0	 x12:0x8002cc60  x0:0x00000000 x14=0x8002cc60
        9705000	       871	80000ee2	90000a37	lui	x20,0x90000	 x20=0x90000000
        9715000	       872	80000ee6	1a71	c.addi	x20,-4	 x20:0x90000000 x20=0x8ffffffc
        9725000	       873	80000ee8	4319	c.li	x6,6	  x6=0x00000006
        9735000	       874	80000eea	0322	c.slli	x6,0x8	  x6:0x00000006  x6=0x00000600
        9745000	       875	80000eec	00030313	addi	x6,x6,0	  x6:0x00000600  x6=0x00000600
        9755000	       876	80000ef0	006a2023	sw	x6,0(x20)	 x20:0x8ffffffc  x6:0x00000600 PA:0x8ffffffc store:0x00000600 load:0x00000000
        9765000	       877	80000ef4	34202373	csrrs	x6,mcause,x0	  x0:0x00000000  x6=0x8000000b
        9775000	       878	80000ef8	01f35313	srli	x6,x6,0x1f	  x6:0x8000000b  x6=0x00000001
        9785000	       879	80000efc	06030863	beq	x6,x0,80000f6c	  x6:0x00000001  x0:0x00000000
        9795000	       880	80000f00	90000a37	lui	x20,0x90000	 x20=0x90000000
        9805000	       881	80000f04	1a71	c.addi	x20,-4	 x20:0x90000000 x20=0x8ffffffc
        9815000	       882	80000f06	30000313	addi	x6,x0,768	  x0:0x00000000  x6=0x00000300
        9825000	       883	80000f0a	0322	c.slli	x6,0x8	  x6:0x00000300  x6=0x00030000
        9835000	       884	80000f0c	030d	c.addi	x6,3	  x6:0x00030000  x6=0x00030003
        9845000	       885	80000f0e	006a2023	sw	x6,0(x20)	 x20:0x8ffffffc  x6:0x00030003 PA:0x8ffffffc store:0x00030003 load:0x00000000
        9855000	       886	80000f12	30002373	csrrs	x6,mstatus,x0	  x0:0x00000000  x6=0x00000080
        9865000	       887	80000f16	006a2023	sw	x6,0(x20)	 x20:0x8ffffffc  x6:0x00000080 PA:0x8ffffffc store:0x00000080 load:0x00000000
        9875000	       888	80000f1a	90000a37	lui	x20,0x90000	 x20=0x90000000
        9885000	       889	80000f1e	1a71	c.addi	x20,-4	 x20:0x90000000 x20=0x8ffffffc
        9895000	       890	80000f20	34200313	addi	x6,x0,834	  x0:0x00000000  x6=0x00000342
        9905000	       891	80000f24	0322	c.slli	x6,0x8	  x6:0x00000342  x6=0x00034200
        9915000	       892	80000f26	030d	c.addi	x6,3	  x6:0x00034200  x6=0x00034203
        9925000	       893	80000f28	006a2023	sw	x6,0(x20)	 x20:0x8ffffffc  x6:0x00034203 PA:0x8ffffffc store:0x00034203 load:0x00000000
        9935000	       894	80000f2c	34202373	csrrs	x6,mcause,x0	  x0:0x00000000  x6=0x8000000b
        9945000	       895	80000f30	006a2023	sw	x6,0(x20)	 x20:0x8ffffffc  x6:0x8000000b PA:0x8ffffffc store:0x8000000b load:0x00000000
        9955000	       896	80000f34	90000a37	lui	x20,0x90000	 x20=0x90000000
        9965000	       897	80000f38	1a71	c.addi	x20,-4	 x20:0x90000000 x20=0x8ffffffc
        9975000	       898	80000f3a	30400313	addi	x6,x0,772	  x0:0x00000000  x6=0x00000304
        9985000	       899	80000f3e	0322	c.slli	x6,0x8	  x6:0x00000304  x6=0x00030400
        9995000	       900	80000f40	030d	c.addi	x6,3	  x6:0x00030400  x6=0x00030403
       10005000	       901	80000f42	006a2023	sw	x6,0(x20)	 x20:0x8ffffffc  x6:0x00030403 PA:0x8ffffffc store:0x00030403 load:0x00000000
       10015000	       902	80000f46	30402373	csrrs	x6,mie,x0	  x0:0x00000000  x6=0x53ac0888
       10025000	       903	80000f4a	006a2023	sw	x6,0(x20)	 x20:0x8ffffffc  x6:0x53ac0888 PA:0x8ffffffc store:0x53ac0888 load:0x00000000
       10035000	       904	80000f4e	90000a37	lui	x20,0x90000	 x20=0x90000000
       10045000	       905	80000f52	1a71	c.addi	x20,-4	 x20:0x90000000 x20=0x8ffffffc
       10055000	       906	80000f54	34400313	addi	x6,x0,836	  x0:0x00000000  x6=0x00000344
       10065000	       907	80000f58	0322	c.slli	x6,0x8	  x6:0x00000344  x6=0x00034400
       10075000	       908	80000f5a	030d	c.addi	x6,3	  x6:0x00034400  x6=0x00034403
       10085000	       909	80000f5c	006a2023	sw	x6,0(x20)	 x20:0x8ffffffc  x6:0x00034403 PA:0x8ffffffc store:0x00034403 load:0x00000000
       10095000	       910	80000f60	34402373	csrrs	x6,mip,x0	  x0:0x00000000  x6=0x00000000
       10105000	       911	80000f64	006a2023	sw	x6,0(x20)	 x20:0x8ffffffc  x6:0x00000000 PA:0x8ffffffc store:0x00000000 load:0x00000000
       10115000	       912	80000f68	10d1106f	jal	x0,80012874	  x0=0x00000000
       10135000	       914	80012874	30002373	csrrs	x6,mstatus,x0	  x0:0x00000000  x6=0x00000080
       10145000	       915	80012878	30402373	csrrs	x6,mie,x0	  x0:0x00000000  x6=0x53ac0888
       10155000	       916	8001287c	34402373	csrrs	x6,mip,x0	  x0:0x00000000  x6=0x00000000
       10165000	       917	80012880	34433373	csrrc	x6,mip,x6	  x6:0x00000000  x6=0x00000000
       10195000	       920	80012884	90000a37	lui	x20,0x90000	 x20=0x90000000
       10205000	       921	80012888	1a71	c.addi	x20,-4	 x20:0x90000000 x20=0x8ffffffc
       10215000	       922	8001288a	431d	c.li	x6,7	  x6=0x00000007
       10225000	       923	8001288c	0322	c.slli	x6,0x8	  x6:0x00000007  x6=0x00000700
       10235000	       924	8001288e	00030313	addi	x6,x6,0	  x6:0x00000700  x6=0x00000700
       10245000	       925	80012892	006a2023	sw	x6,0(x20)	 x20:0x8ffffffc  x6:0x00000700 PA:0x8ffffffc store:0x00000700 load:0x00000000
       10255000	       926	80012896	00070633	add	x12,x14,x0	 x14:0x8002cc60  x0:0x00000000 x12=0x8002cc60
       10265000	       927	8001289a	00462083	lw	x1,4(x12)	 x12:0x8002cc60  x1=0x00000000 PA:0x8002cc64 load:0x00000000
       10275000	       928	8001289e	00862103	lw	x2,8(x12)	 x12:0x8002cc60  x2=0xf5e39895 PA:0x8002cc68 load:0xf5e39895
       10285000	       929	800128a2	00c62183	lw	x3,12(x12)	 x12:0x8002cc60  x3=0xd4049000 PA:0x8002cc6c load:0xd4049000
       10295000	       930	800128a6	01062203	lw	x4,16(x12)	 x12:0x8002cc60  x4=0x0000005e PA:0x8002cc70 load:0x0000005e
       10305000	       931	800128aa	01462283	lw	x5,20(x12)	 x12:0x8002cc60  x5=0x8001399b PA:0x8002cc74 load:0x8001399b
       10315000	       932	800128ae	01862303	lw	x6,24(x12)	 x12:0x8002cc60  x6=0x00000047 PA:0x8002cc78 load:0x00000047
       10325000	       933	800128b2	01c62383	lw	x7,28(x12)	 x12:0x8002cc60  x7=0x000000dd PA:0x8002cc7c load:0x000000dd
       10335000	       934	800128b6	5200	c.lw	x8,32(x12)	 x12:0x8002cc60  x8=0x0000000a PA:0x8002cc80 load:0x0000000a
       10345000	       935	800128b8	5244	c.lw	x9,36(x12)	 x12:0x8002cc60  x9=0x00000040 PA:0x8002cc84 load:0x00000040
       10355000	       936	800128ba	5608	c.lw	x10,40(x12)	 x12:0x8002cc60 x10=0x27f48476 PA:0x8002cc88 load:0x27f48476
       10365000	       937	800128bc	564c	c.lw	x11,44(x12)	 x12:0x8002cc60 x11=0x00000002 PA:0x8002cc8c load:0x00000002
       10375000	       938	800128be	5a10	c.lw	x12,48(x12)	 x12:0x8002cc60 x12=0x8002cc60 PA:0x8002cc90 load:0x8002cc60
       10395000	       940	800128c0	5a54	c.lw	x13,52(x12)	 x12:0x8002cc60 x13=0x00000300 PA:0x8002cc94 load:0x00000300
       10405000	       941	800128c2	5e18	c.lw	x14,56(x12)	 x12:0x8002cc60 x14=0x8002cce0 PA:0x8002cc98 load:0x8002cce0
       10415000	       942	800128c4	5e5c	c.lw	x15,60(x12)	 x12:0x8002cc60 x15=0xbcbdbebf PA:0x8002cc9c load:0xbcbdbebf
       10425000	       943	800128c6	04062803	lw	x16,64(x12)	 x12:0x8002cc60 x16=0x00000017 PA:0x8002cca0 load:0x00000017
       10435000	       944	800128ca	04462883	lw	x17,68(x12)	 x12:0x8002cc60 x17=0x0000004c PA:0x8002cca4 load:0x0000004c
       10445000	       945	800128ce	04862903	lw	x18,72(x12)	 x12:0x8002cc60 x18=0x00000090 PA:0x8002cca8 load:0x00000090
       10455000	       946	800128d2	04c62983	lw	x19,76(x12)	 x12:0x8002cc60 x19=0xffffffc0 PA:0x8002ccac load:0xffffffc0
       10465000	       947	800128d6	05062a03	lw	x20,80(x12)	 x12:0x8002cc60 x20=0x00000046 PA:0x8002ccb0 load:0x00000046
       10475000	       948	800128da	05462a83	lw	x21,84(x12)	 x12:0x8002cc60 x21=0x0000005e PA:0x8002ccb4 load:0x0000005e
       10485000	       949	800128de	05862b03	lw	x22,88(x12)	 x12:0x8002cc60 x22=0x00000000 PA:0x8002ccb8 load:0x00000000
       10495000	       950	800128e2	05c62b83	lw	x23,92(x12)	 x12:0x8002cc60 x23=0x00000000 PA:0x8002ccbc load:0x00000000
       10505000	       951	800128e6	06062c03	lw	x24,96(x12)	 x12:0x8002cc60 x24=0x00011000 PA:0x8002ccc0 load:0x00011000
       10515000	       952	800128ea	06462c83	lw	x25,100(x12)	 x12:0x8002cc60 x25=0x352dc3f6 PA:0x8002ccc4 load:0x352dc3f6
       10525000	       953	800128ee	06862d03	lw	x26,104(x12)	 x12:0x8002cc60 x26=0xffffff53 PA:0x8002ccc8 load:0xffffff53
       10535000	       954	800128f2	06c62d83	lw	x27,108(x12)	 x12:0x8002cc60 x27=0x00000000 PA:0x8002cccc load:0x00000000
       10545000	       955	800128f6	07062e03	lw	x28,112(x12)	 x12:0x8002cc60 x28=0x00000032 PA:0x8002ccd0 load:0x00000032
       10555000	       956	800128fa	07462e83	lw	x29,116(x12)	 x12:0x8002cc60 x29=0xfffffff6 PA:0x8002ccd4 load:0xfffffff6
       10565000	       957	800128fe	07862f03	lw	x30,120(x12)	 x12:0x8002cc60 x30=0x0000001e PA:0x8002ccd8 load:0x0000001e
       10575000	       958	80012902	07c62f83	lw	x31,124(x12)	 x12:0x8002cc60 x31=0x0000007c PA:0x8002ccdc load:0x0000007c
       10585000	       959	80012906	08060613	addi	x12,x12,128	 x12:0x8002cc60 x12=0x8002cce0
       10595000	       960	8001290a	00060733	add	x14,x12,x0	 x12:0x8002cce0  x0:0x00000000 x14=0x8002cce0
       10605000	       961	8001290e	4310	c.lw	x12,0(x14)	 x14:0x8002cce0 x12=0x80028e64 PA:0x8002cce0 load:0x80028e64
       10615000	       962	80012910	0711	c.addi	x14,4	 x14:0x8002cce0 x14=0x8002cce4
       10625000	       963	80012912	30200073	mret	
       10665000	       967	80003556	411a5593	srai	x11,x20,0x11	 x20:0x00000046 x11=0x00000000
       10675000	       968	8000355a	83c1	c.srli	x15,0x10	 x15:0xbcbdbebf x15=0x0000bcbd
       10685000	       969	8000355c	00d599b3	sll	x19,x11,x13	 x11:0x00000000 x13:0x00000300 x19=0x00000000
       10695000	       970	80003560	c2234193	xori	x3,x6,-990	  x6:0x00000047  x3=0xfffffc65
       10705000	       971	80003564	4e29	c.li	x28,10	 x28=0x0000000a
       10715000	       972	80003566	00df21b3	slt	x3,x30,x13	 x30:0x0000001e x13:0x00000300  x3=0x00000001
       10725000	       973	8000356a	01f861b3	or	x3,x16,x31	 x16:0x00000017 x31:0x0000007c  x3=0x0000007f
       10735000	       974	8000356e	18adef13	ori	x30,x27,394	 x27:0x00000000 x30=0x0000018a
       10745000	       975	80003572	1465	c.addi	x8,-7	  x8:0x0000000a  x8=0x00000003
       10755000	       976	80003574	448d	c.li	x9,3	  x9=0x00000003
       10765000	       977	80003576	4fa1	c.li	x31,8	 x31=0x00000008
       10775000	       978	80003578	8d01	c.sub	x10,x8	 x10:0x27f48476  x8:0x00000003 x10=0x27f48473
       10785000	       979	8000357a	0862	c.slli	x16,0x18	 x16:0x00000017 x16=0x17000000
       10795000	       980	8000357c	9c06	c.add	x24,x1	 x24:0x00011000  x1:0x00000000 x24=0x00011000
       10805000	       981	8000357e	839d	c.srli	x15,0x7	 x15:0x0000bcbd x15=0x00000179
       10815000	       982	80003580	9dbe	c.add	x27,x15	 x27:0x00000000 x15:0x00000179 x27=0x00000179
       10825000	       983	80003582	04a9	c.addi	x9,10	  x9:0x00000003  x9=0x0000000d
       10835000	       984	80003584	744f6893	ori	x17,x30,1860	 x30:0x0000018a x17=0x000007ce
       10845000	       985	80003588	00aaf8b3	and	x17,x21,x10	 x21:0x0000005e x10:0x27f48473 x17=0x00000052
       10855000	       986	8000358c	0001	c.addi	x0,0	  x0:0x00000000  x0=0x00000000
       10865000	       987	8000358e	9d0a	c.add	x26,x2	 x26:0xffffff53  x2:0xf5e39895 x26=0xf5e397e8
       10905000	       991	80003590	038aa0b3	mulhsu	x1,x21,x24	 x21:0x0000005e x24:0x00011000  x1=0x00000000
       10915000	       992	80003594	9254bd93	sltiu	x27,x9,-1755	  x9:0x0000000d x27=0x00000001
       10925000	       993	80003598	6cbd	c.lui	x25,0xf	 x25=0x0000f000
       10935000	       994	8000359a	8da1	c.xor	x11,x8	 x11:0x00000000  x8:0x00000003 x11=0x00000003
       10945000	       995	8000359c	fff4e0e3	bltu	x9,x31,8000357c	  x9:0x0000000d x31:0x00000008
       10955000	       996	800035a0	87b1	c.srai	x15,0xc	 x15:0x00000179 x15=0x00000000
       10965000	       997	800035a2	fb502c93	slti	x25,x0,-75	  x0:0x00000000 x25=0x00000000
       10975000	       998	800035a6	fdc472e3	bgeu	x8,x28,8000356a	  x8:0x00000003 x28:0x0000000a
       10985000	       999	800035aa	0000100f	fence.i	
       11015000	      1002	800035ae	03728c93	addi	x25,x5,55	  x5:0x8001399b x25=0x800139d2
       11025000	      1003	800035b2	10796d93	ori	x27,x18,263	 x18:0x00000090 x27=0x00000197
       11395000	      1040	800035b6	03545333	divu	x6,x8,x21	  x8:0x00000003 x21:0x0000005e  x6=0x00000000
       11405000	      1041	800035ba	987d	c.andi	x8,-1	  x8:0x00000003  x8=0x00000003
       11415000	      1042	800035bc	98fd	c.andi	x9,-1	  x9:0x0000000d  x9=0x0000000d
       11425000	      1043	800035be	8c15	c.sub	x8,x13	  x8:0x00000003 x13:0x00000300  x8=0xfffffd03
       11435000	      1044	800035c0	8ebd	c.xor	x13,x15	 x13:0x00000300 x15:0x00000000 x13=0x00000300
       11445000	      1045	800035c2	a6608d13	addi	x26,x1,-1434	  x1:0x00000000 x26=0xfffffa66
       11455000	      1046	800035c6	01d20033	add	x0,x4,x29	  x4:0x0000005e x29:0xfffffff6  x0=0x00000000
       11465000	      1047	800035ca	9eb6	c.add	x29,x13	 x29:0xfffffff6 x13:0x00000300 x29=0x000002f6
       11475000	      1048	800035cc	72207093	andi	x1,x0,1826	  x0:0x00000000  x1=0x00000000
       11485000	      1049	800035d0	8ced	c.and	x9,x11	  x9:0x0000000d x11:0x00000003  x9=0x00000001
       11525000	      1053	800035d2	02183b33	mulhu	x22,x16,x1	 x16:0x17000000  x1:0x00000000 x22=0x00000000
       11895000	      1090	800035d6	03bf7233	remu	x4,x30,x27	 x30:0x0000018a x27:0x00000197  x4=0x0000018a
       11905000	      1091	800035da	018b4d33	xor	x26,x22,x24	 x22:0x00000000 x24:0x00011000 x26=0x00011000
       11915000	      1092	800035de	416f5593	srai	x11,x30,0x16	 x30:0x0000018a x11=0x00000000
       11925000	      1093	800035e2	0000100f	fence.i	
       11945000	      1095	800035e6	197d	c.addi	x18,-1	 x18:0x00000090 x18=0x0000008f
       11955000	      1096	800035e8	00e108b3	add	x17,x2,x14	  x2:0xf5e39895 x14:0x8002cce4 x17=0x75e66579
       11965000	      1097	800035ec	01b7fcb3	and	x25,x15,x27	 x15:0x00000000 x27:0x00000197 x25=0x00000000
       11975000	      1098	800035f0	0f62	c.slli	x30,0x18	 x30:0x0000018a x30=0x8a000000
       11985000	      1099	800035f2	01e569b3	or	x19,x10,x30	 x10:0x27f48473 x30:0x8a000000 x19=0xaff48473
       11995000	      1100	800035f6	40165033	sra	x0,x12,x1	 x12:0x80028e64  x1:0x00000000  x0=0x00000000
       12005000	      1101	800035fa	6b75e313	ori	x6,x11,1719	 x11:0x00000000  x6=0x000006b7
       12375000	      1138	800035fe	02d4ea33	rem	x20,x9,x13	  x9:0x00000001 x13:0x00000300 x20=0x00000001
       12415000	      1142	8000252c	93bfe06f	jal	x0,80000e66	  x0=0x00000000
       12435000	      1144	80000e66	1771	c.addi	x14,-4	 x14:0x8002cce4 x14=0x8002cce0
       12445000	      1145	80000e68	c310	c.sw	x12,0(x14)	 x14:0x8002cce0 x12:0x80028e64 PA:0x8002cce0 store:0x80028e64 load:0x00000000
       12455000	      1146	80000e6a	00070633	add	x12,x14,x0	 x14:0x8002cce0  x0:0x00000000 x12=0x8002cce0
       12465000	      1147	80000e6e	f8060613	addi	x12,x12,-128	 x12:0x8002cce0 x12=0x8002cc60
       12475000	      1148	80000e72	00162223	sw	x1,4(x12)	 x12:0x8002cc60  x1:0x00000000 PA:0x8002cc64 store:0x00000000 load:0x00000000
       12485000	      1149	80000e76	00262423	sw	x2,8(x12)	 x12:0x8002cc60  x2:0xf5e39895 PA:0x8002cc68 store:0xf5e39895 load:0x00000000
       12495000	      1150	80000e7a	00362623	sw	x3,12(x12)	 x12:0x8002cc60  x3:0x0000007f PA:0x8002cc6c store:0x0000007f load:0x00000000
       12505000	      1151	80000e7e	00462823	sw	x4,16(x12)	 x12:0x8002cc60  x4:0x0000018a PA:0x8002cc70 store:0x0000018a load:0x00000000
       12515000	      1152	80000e82	00562a23	sw	x5,20(x12)	 x12:0x8002cc60  x5:0x8001399b PA:0x8002cc74 store:0x8001399b load:0x00000000
       12525000	      1153	80000e86	00662c23	sw	x6,24(x12)	 x12:0x8002cc60  x6:0x000006b7 PA:0x8002cc78 store:0x000006b7 load:0x00000000
       12535000	      1154	80000e8a	00762e23	sw	x7,28(x12)	 x12:0x8002cc60  x7:0x000000dd PA:0x8002cc7c store:0x000000dd load:0x00000000
       12545000	      1155	80000e8e	d200	c.sw	x8,32(x12)	 x12:0x8002cc60  x8:0xfffffd03 PA:0x8002cc80 store:0xfffffd03 load:0x00000000
       12555000	      1156	80000e90	d244	c.sw	x9,36(x12)	 x12:0x8002cc60  x9:0x00000001 PA:0x8002cc84 store:0x00000001 load:0x00000000
       12565000	      1157	80000e92	d608	c.sw	x10,40(x12)	 x12:0x8002cc60 x10:0x27f48473 PA:0x8002cc88 store:0x27f48473 load:0x00000000
       12575000	      1158	80000e94	d64c	c.sw	x11,44(x12)	 x12:0x8002cc60 x11:0x00000000 PA:0x8002cc8c store:0x00000000 load:0x00000000
       12585000	      1159	80000e96	da10	c.sw	x12,48(x12)	 x12:0x8002cc60 x12:0x8002cc60 PA:0x8002cc90 store:0x8002cc60 load:0x00000000
       12595000	      1160	80000e98	da54	c.sw	x13,52(x12)	 x12:0x8002cc60 x13:0x00000300 PA:0x8002cc94 store:0x00000300 load:0x00000000
       12605000	      1161	80000e9a	de18	c.sw	x14,56(x12)	 x12:0x8002cc60 x14:0x8002cce0 PA:0x8002cc98 store:0x8002cce0 load:0x00000000
       12615000	      1162	80000e9c	de5c	c.sw	x15,60(x12)	 x12:0x8002cc60 x15:0x00000000 PA:0x8002cc9c store:0x00000000 load:0x00000000
       12625000	      1163	80000e9e	05062023	sw	x16,64(x12)	 x12:0x8002cc60 x16:0x17000000 PA:0x8002cca0 store:0x17000000 load:0x00000000
       12635000	      1164	80000ea2	05162223	sw	x17,68(x12)	 x12:0x8002cc60 x17:0x75e66579 PA:0x8002cca4 store:0x75e66579 load:0x00000000
       12645000	      1165	80000ea6	05262423	sw	x18,72(x12)	 x12:0x8002cc60 x18:0x0000008f PA:0x8002cca8 store:0x0000008f load:0x00000000
       12655000	      1166	80000eaa	05362623	sw	x19,76(x12)	 x12:0x8002cc60 x19:0xaff48473 PA:0x8002ccac store:0xaff48473 load:0x00000000
       12665000	      1167	80000eae	05462823	sw	x20,80(x12)	 x12:0x8002cc60 x20:0x00000001 PA:0x8002ccb0 store:0x00000001 load:0x00000000
       12675000	      1168	80000eb2	05562a23	sw	x21,84(x12)	 x12:0x8002cc60 x21:0x0000005e PA:0x8002ccb4 store:0x0000005e load:0x00000000
       12685000	      1169	80000eb6	05662c23	sw	x22,88(x12)	 x12:0x8002cc60 x22:0x00000000 PA:0x8002ccb8 store:0x00000000 load:0x00000000
       12695000	      1170	80000eba	05762e23	sw	x23,92(x12)	 x12:0x8002cc60 x23:0x00000000 PA:0x8002ccbc store:0x00000000 load:0x00000000
       12705000	      1171	80000ebe	07862023	sw	x24,96(x12)	 x12:0x8002cc60 x24:0x00011000 PA:0x8002ccc0 store:0x00011000 load:0x00000000
       12715000	      1172	80000ec2	07962223	sw	x25,100(x12)	 x12:0x8002cc60 x25:0x00000000 PA:0x8002ccc4 store:0x00000000 load:0x00000000
       12725000	      1173	80000ec6	07a62423	sw	x26,104(x12)	 x12:0x8002cc60 x26:0x00011000 PA:0x8002ccc8 store:0x00011000 load:0x00000000
       12735000	      1174	80000eca	07b62623	sw	x27,108(x12)	 x12:0x8002cc60 x27:0x00000197 PA:0x8002cccc store:0x00000197 load:0x00000000
       12745000	      1175	80000ece	07c62823	sw	x28,112(x12)	 x12:0x8002cc60 x28:0x0000000a PA:0x8002ccd0 store:0x0000000a load:0x00000000
       12755000	      1176	80000ed2	07d62a23	sw	x29,116(x12)	 x12:0x8002cc60 x29:0x000002f6 PA:0x8002ccd4 store:0x000002f6 load:0x00000000
       12765000	      1177	80000ed6	07e62c23	sw	x30,120(x12)	 x12:0x8002cc60 x30:0x8a000000 PA:0x8002ccd8 store:0x8a000000 load:0x00000000
       12775000	      1178	80000eda	07f62e23	sw	x31,124(x12)	 x12:0x8002cc60 x31:0x00000008 PA:0x8002ccdc store:0x00000008 load:0x00000000
       12785000	      1179	80000ede	00060733	add	x14,x12,x0	 x12:0x8002cc60  x0:0x00000000 x14=0x8002cc60
       12795000	      1180	80000ee2	90000a37	lui	x20,0x90000	 x20=0x90000000
       12805000	      1181	80000ee6	1a71	c.addi	x20,-4	 x20:0x90000000 x20=0x8ffffffc
       12815000	      1182	80000ee8	4319	c.li	x6,6	  x6=0x00000006
       12825000	      1183	80000eea	0322	c.slli	x6,0x8	  x6:0x00000006  x6=0x00000600
       12835000	      1184	80000eec	00030313	addi	x6,x6,0	  x6:0x00000600  x6=0x00000600
       12845000	      1185	80000ef0	006a2023	sw	x6,0(x20)	 x20:0x8ffffffc  x6:0x00000600 PA:0x8ffffffc store:0x00000600 load:0x00000000
       12855000	      1186	80000ef4	34202373	csrrs	x6,mcause,x0	  x0:0x00000000  x6=0x8000000b
       12865000	      1187	80000ef8	01f35313	srli	x6,x6,0x1f	  x6:0x8000000b  x6=0x00000001
       12875000	      1188	80000efc	06030863	beq	x6,x0,80000f6c	  x6:0x00000001  x0:0x00000000
       12885000	      1189	80000f00	90000a37	lui	x20,0x90000	 x20=0x90000000
       12895000	      1190	80000f04	1a71	c.addi	x20,-4	 x20:0x90000000 x20=0x8ffffffc
       12905000	      1191	80000f06	30000313	addi	x6,x0,768	  x0:0x00000000  x6=0x00000300
       12915000	      1192	80000f0a	0322	c.slli	x6,0x8	  x6:0x00000300  x6=0x00030000
       12925000	      1193	80000f0c	030d	c.addi	x6,3	  x6:0x00030000  x6=0x00030003
       12935000	      1194	80000f0e	006a2023	sw	x6,0(x20)	 x20:0x8ffffffc  x6:0x00030003 PA:0x8ffffffc store:0x00030003 load:0x00000000
       12945000	      1195	80000f12	30002373	csrrs	x6,mstatus,x0	  x0:0x00000000  x6=0x00000080
       12955000	      1196	80000f16	006a2023	sw	x6,0(x20)	 x20:0x8ffffffc  x6:0x00000080 PA:0x8ffffffc store:0x00000080 load:0x00000000
       12965000	      1197	80000f1a	90000a37	lui	x20,0x90000	 x20=0x90000000
       12975000	      1198	80000f1e	1a71	c.addi	x20,-4	 x20:0x90000000 x20=0x8ffffffc
       12985000	      1199	80000f20	34200313	addi	x6,x0,834	  x0:0x00000000  x6=0x00000342
       12995000	      1200	80000f24	0322	c.slli	x6,0x8	  x6:0x00000342  x6=0x00034200
       13005000	      1201	80000f26	030d	c.addi	x6,3	  x6:0x00034200  x6=0x00034203
       13015000	      1202	80000f28	006a2023	sw	x6,0(x20)	 x20:0x8ffffffc  x6:0x00034203 PA:0x8ffffffc store:0x00034203 load:0x00000000
       13025000	      1203	80000f2c	34202373	csrrs	x6,mcause,x0	  x0:0x00000000  x6=0x8000000b
       13035000	      1204	80000f30	006a2023	sw	x6,0(x20)	 x20:0x8ffffffc  x6:0x8000000b PA:0x8ffffffc store:0x8000000b load:0x00000000
       13045000	      1205	80000f34	90000a37	lui	x20,0x90000	 x20=0x90000000
       13055000	      1206	80000f38	1a71	c.addi	x20,-4	 x20:0x90000000 x20=0x8ffffffc
       13065000	      1207	80000f3a	30400313	addi	x6,x0,772	  x0:0x00000000  x6=0x00000304
       13075000	      1208	80000f3e	0322	c.slli	x6,0x8	  x6:0x00000304  x6=0x00030400
       13085000	      1209	80000f40	030d	c.addi	x6,3	  x6:0x00030400  x6=0x00030403
       13095000	      1210	80000f42	006a2023	sw	x6,0(x20)	 x20:0x8ffffffc  x6:0x00030403 PA:0x8ffffffc store:0x00030403 load:0x00000000
       13105000	      1211	80000f46	30402373	csrrs	x6,mie,x0	  x0:0x00000000  x6=0x53ac0888
       13115000	      1212	80000f4a	006a2023	sw	x6,0(x20)	 x20:0x8ffffffc  x6:0x53ac0888 PA:0x8ffffffc store:0x53ac0888 load:0x00000000
       13125000	      1213	80000f4e	90000a37	lui	x20,0x90000	 x20=0x90000000
       13135000	      1214	80000f52	1a71	c.addi	x20,-4	 x20:0x90000000 x20=0x8ffffffc
       13145000	      1215	80000f54	34400313	addi	x6,x0,836	  x0:0x00000000  x6=0x00000344
       13155000	      1216	80000f58	0322	c.slli	x6,0x8	  x6:0x00000344  x6=0x00034400
       13165000	      1217	80000f5a	030d	c.addi	x6,3	  x6:0x00034400  x6=0x00034403
       13175000	      1218	80000f5c	006a2023	sw	x6,0(x20)	 x20:0x8ffffffc  x6:0x00034403 PA:0x8ffffffc store:0x00034403 load:0x00000000
       13185000	      1219	80000f60	34402373	csrrs	x6,mip,x0	  x0:0x00000000  x6=0x00000000
       13195000	      1220	80000f64	006a2023	sw	x6,0(x20)	 x20:0x8ffffffc  x6:0x00000000 PA:0x8ffffffc store:0x00000000 load:0x00000000
       13205000	      1221	80000f68	10d1106f	jal	x0,80012874	  x0=0x00000000
       13225000	      1223	80012874	30002373	csrrs	x6,mstatus,x0	  x0:0x00000000  x6=0x00000080
       13235000	      1224	80012878	30402373	csrrs	x6,mie,x0	  x0:0x00000000  x6=0x53ac0888
       13245000	      1225	8001287c	34402373	csrrs	x6,mip,x0	  x0:0x00000000  x6=0x00000000
       13255000	      1226	80012880	34433373	csrrc	x6,mip,x6	  x6:0x00000000  x6=0x00000000
       13285000	      1229	80012884	90000a37	lui	x20,0x90000	 x20=0x90000000
       13295000	      1230	80012888	1a71	c.addi	x20,-4	 x20:0x90000000 x20=0x8ffffffc
       13305000	      1231	8001288a	431d	c.li	x6,7	  x6=0x00000007
       13315000	      1232	8001288c	0322	c.slli	x6,0x8	  x6:0x00000007  x6=0x00000700
       13325000	      1233	8001288e	00030313	addi	x6,x6,0	  x6:0x00000700  x6=0x00000700
       13335000	      1234	80012892	006a2023	sw	x6,0(x20)	 x20:0x8ffffffc  x6:0x00000700 PA:0x8ffffffc store:0x00000700 load:0x00000000
       13345000	      1235	80012896	00070633	add	x12,x14,x0	 x14:0x8002cc60  x0:0x00000000 x12=0x8002cc60
       13355000	      1236	8001289a	00462083	lw	x1,4(x12)	 x12:0x8002cc60  x1=0x00000000 PA:0x8002cc64 load:0x00000000
       13365000	      1237	8001289e	00862103	lw	x2,8(x12)	 x12:0x8002cc60  x2=0xf5e39895 PA:0x8002cc68 load:0xf5e39895
       13375000	      1238	800128a2	00c62183	lw	x3,12(x12)	 x12:0x8002cc60  x3=0x0000007f PA:0x8002cc6c load:0x0000007f
       13385000	      1239	800128a6	01062203	lw	x4,16(x12)	 x12:0x8002cc60  x4=0x0000018a PA:0x8002cc70 load:0x0000018a
       13395000	      1240	800128aa	01462283	lw	x5,20(x12)	 x12:0x8002cc60  x5=0x8001399b PA:0x8002cc74 load:0x8001399b
       13405000	      1241	800128ae	01862303	lw	x6,24(x12)	 x12:0x8002cc60  x6=0x000006b7 PA:0x8002cc78 load:0x000006b7
       13415000	      1242	800128b2	01c62383	lw	x7,28(x12)	 x12:0x8002cc60  x7=0x000000dd PA:0x8002cc7c load:0x000000dd
       13425000	      1243	800128b6	5200	c.lw	x8,32(x12)	 x12:0x8002cc60  x8=0xfffffd03 PA:0x8002cc80 load:0xfffffd03
       13435000	      1244	800128b8	5244	c.lw	x9,36(x12)	 x12:0x8002cc60  x9=0x00000001 PA:0x8002cc84 load:0x00000001
       13445000	      1245	800128ba	5608	c.lw	x10,40(x12)	 x12:0x8002cc60 x10=0x27f48473 PA:0x8002cc88 load:0x27f48473
       13455000	      1246	800128bc	564c	c.lw	x11,44(x12)	 x12:0x8002cc60 x11=0x00000000 PA:0x8002cc8c load:0x00000000
       13465000	      1247	800128be	5a10	c.lw	x12,48(x12)	 x12:0x8002cc60 x12=0x8002cc60 PA:0x8002cc90 load:0x8002cc60
       13485000	      1249	800128c0	5a54	c.lw	x13,52(x12)	 x12:0x8002cc60 x13=0x00000300 PA:0x8002cc94 load:0x00000300
       13495000	      1250	800128c2	5e18	c.lw	x14,56(x12)	 x12:0x8002cc60 x14=0x8002cce0 PA:0x8002cc98 load:0x8002cce0
       13505000	      1251	800128c4	5e5c	c.lw	x15,60(x12)	 x12:0x8002cc60 x15=0x00000000 PA:0x8002cc9c load:0x00000000
       13515000	      1252	800128c6	04062803	lw	x16,64(x12)	 x12:0x8002cc60 x16=0x17000000 PA:0x8002cca0 load:0x17000000
       13525000	      1253	800128ca	04462883	lw	x17,68(x12)	 x12:0x8002cc60 x17=0x75e66579 PA:0x8002cca4 load:0x75e66579
       13535000	      1254	800128ce	04862903	lw	x18,72(x12)	 x12:0x8002cc60 x18=0x0000008f PA:0x8002cca8 load:0x0000008f
       13545000	      1255	800128d2	04c62983	lw	x19,76(x12)	 x12:0x8002cc60 x19=0xaff48473 PA:0x8002ccac load:0xaff48473
       13555000	      1256	800128d6	05062a03	lw	x20,80(x12)	 x12:0x8002cc60 x20=0x00000001 PA:0x8002ccb0 load:0x00000001
       13565000	      1257	800128da	05462a83	lw	x21,84(x12)	 x12:0x8002cc60 x21=0x0000005e PA:0x8002ccb4 load:0x0000005e
       13575000	      1258	800128de	05862b03	lw	x22,88(x12)	 x12:0x8002cc60 x22=0x00000000 PA:0x8002ccb8 load:0x00000000
       13585000	      1259	800128e2	05c62b83	lw	x23,92(x12)	 x12:0x8002cc60 x23=0x00000000 PA:0x8002ccbc load:0x00000000
       13595000	      1260	800128e6	06062c03	lw	x24,96(x12)	 x12:0x8002cc60 x24=0x00011000 PA:0x8002ccc0 load:0x00011000
       13605000	      1261	800128ea	06462c83	lw	x25,100(x12)	 x12:0x8002cc60 x25=0x00000000 PA:0x8002ccc4 load:0x00000000
       13615000	      1262	800128ee	06862d03	lw	x26,104(x12)	 x12:0x8002cc60 x26=0x00011000 PA:0x8002ccc8 load:0x00011000
       13625000	      1263	800128f2	06c62d83	lw	x27,108(x12)	 x12:0x8002cc60 x27=0x00000197 PA:0x8002cccc load:0x00000197
       13635000	      1264	800128f6	07062e03	lw	x28,112(x12)	 x12:0x8002cc60 x28=0x0000000a PA:0x8002ccd0 load:0x0000000a
       13645000	      1265	800128fa	07462e83	lw	x29,116(x12)	 x12:0x8002cc60 x29=0x000002f6 PA:0x8002ccd4 load:0x000002f6
       13655000	      1266	800128fe	07862f03	lw	x30,120(x12)	 x12:0x8002cc60 x30=0x8a000000 PA:0x8002ccd8 load:0x8a000000
       13665000	      1267	80012902	07c62f83	lw	x31,124(x12)	 x12:0x8002cc60 x31=0x00000008 PA:0x8002ccdc load:0x00000008
       13675000	      1268	80012906	08060613	addi	x12,x12,128	 x12:0x8002cc60 x12=0x8002cce0
       13685000	      1269	8001290a	00060733	add	x14,x12,x0	 x12:0x8002cce0  x0:0x00000000 x14=0x8002cce0
       13695000	      1270	8001290e	4310	c.lw	x12,0(x14)	 x14:0x8002cce0 x12=0x80028e64 PA:0x8002cce0 load:0x80028e64
       13705000	      1271	80012910	0711	c.addi	x14,4	 x14:0x8002cce0 x14=0x8002cce4
       13715000	      1272	80012912	30200073	mret	
       13755000	      1276	80003602	01b77f33	and	x30,x14,x27	 x14:0x8002cce4 x27:0x00000197 x30=0x00000084
       14125000	      1313	80003606	03464433	div	x8,x12,x20	 x12:0x80028e64 x20:0x00000001  x8=0x80028e64
       14495000	      1350	8000360a	03277333	remu	x6,x14,x18	 x14:0x8002cce4 x18:0x0000008f  x6=0x0000004f
       14865000	      1387	8000360e	03fadc33	divu	x24,x21,x31	 x21:0x0000005e x31:0x00000008 x24=0x0000000b
       14875000	      1388	80003612	e06dbd93	sltiu	x27,x27,-506	 x27:0x00000197 x27=0x00000001
       14885000	      1389	80003616	011336b3	sltu	x13,x6,x17	  x6:0x0000004f x17:0x75e66579 x13=0x00000001
       14905000	      1391	8000361a	02186eb3	rem	x29,x16,x1	 x16:0x17000000  x1:0x00000000 x29=0x17000000
       14935000	      1394	8000361e	02918ab3	mul	x21,x3,x9	  x3:0x0000007f  x9:0x00000001 x21=0x0000007f
       14945000	      1395	80003622	e9e00193	addi	x3,x0,-354	  x0:0x00000000  x3=0xfffffe9e
       14965000	      1397	80003626	02f95233	divu	x4,x18,x15	 x18:0x0000008f x15:0x00000000  x4=0xffffffff
       14975000	      1398	8000362a	54e70413	addi	x8,x14,1358	 x14:0x8002cce4  x8=0x8002d232
       14985000	      1399	8000362e	00db4c63	blt	x22,x13,80003646	 x22:0x00000000 x13:0x00000001
       15005000	      1401	80003646	9bc2	c.add	x23,x16	 x23:0x00000000 x16:0x17000000 x23=0x17000000
       15015000	      1402	80003648	f08b4d13	xori	x26,x22,-248	 x22:0x00000000 x26=0xffffff08
       15025000	      1403	8000364c	a48b8913	addi	x18,x23,-1464	 x23:0x17000000 x18=0x16fffa48
       15035000	      1404	80003650	04c68c93	addi	x25,x13,76	 x13:0x00000001 x25=0x0000004d
       15045000	      1405	80003654	93f90593	addi	x11,x18,-1729	 x18:0x16fffa48 x11=0x16fff387
       15055000	      1406	80003658	5768c593	xori	x11,x17,1398	 x17:0x75e66579 x11=0x75e6600f
       15065000	      1407	8000365c	0d56	c.slli	x26,0x15	 x26:0xffffff08 x26=0xe1000000
       15075000	      1408	8000365e	011ae033	or	x0,x21,x17	 x21:0x0000007f x17:0x75e66579  x0=0x00000000
       15085000	      1409	80003662	10500073	wfi	
       15485000	      1449	8000252c	93bfe06f	jal	x0,80000e66	  x0=0x00000000
       15505000	      1451	80000e66	1771	c.addi	x14,-4	 x14:0x8002cce4 x14=0x8002cce0
       15515000	      1452	80000e68	c310	c.sw	x12,0(x14)	 x14:0x8002cce0 x12:0x80028e64 PA:0x8002cce0 store:0x80028e64 load:0x00000000
       15525000	      1453	80000e6a	00070633	add	x12,x14,x0	 x14:0x8002cce0  x0:0x00000000 x12=0x8002cce0
       15535000	      1454	80000e6e	f8060613	addi	x12,x12,-128	 x12:0x8002cce0 x12=0x8002cc60
       15545000	      1455	80000e72	00162223	sw	x1,4(x12)	 x12:0x8002cc60  x1:0x00000000 PA:0x8002cc64 store:0x00000000 load:0x00000000
       15555000	      1456	80000e76	00262423	sw	x2,8(x12)	 x12:0x8002cc60  x2:0xf5e39895 PA:0x8002cc68 store:0xf5e39895 load:0x00000000
       15565000	      1457	80000e7a	00362623	sw	x3,12(x12)	 x12:0x8002cc60  x3:0xfffffe9e PA:0x8002cc6c store:0xfffffe9e load:0x00000000
       15575000	      1458	80000e7e	00462823	sw	x4,16(x12)	 x12:0x8002cc60  x4:0xffffffff PA:0x8002cc70 store:0xffffffff load:0x00000000
       15585000	      1459	80000e82	00562a23	sw	x5,20(x12)	 x12:0x8002cc60  x5:0x8001399b PA:0x8002cc74 store:0x8001399b load:0x00000000
       15595000	      1460	80000e86	00662c23	sw	x6,24(x12)	 x12:0x8002cc60  x6:0x0000004f PA:0x8002cc78 store:0x0000004f load:0x00000000
       15605000	      1461	80000e8a	00762e23	sw	x7,28(x12)	 x12:0x8002cc60  x7:0x000000dd PA:0x8002cc7c store:0x000000dd load:0x00000000
       15615000	      1462	80000e8e	d200	c.sw	x8,32(x12)	 x12:0x8002cc60  x8:0x8002d232 PA:0x8002cc80 store:0x8002d232 load:0x00000000
       15625000	      1463	80000e90	d244	c.sw	x9,36(x12)	 x12:0x8002cc60  x9:0x00000001 PA:0x8002cc84 store:0x00000001 load:0x00000000
       15635000	      1464	80000e92	d608	c.sw	x10,40(x12)	 x12:0x8002cc60 x10:0x27f48473 PA:0x8002cc88 store:0x27f48473 load:0x00000000
       15645000	      1465	80000e94	d64c	c.sw	x11,44(x12)	 x12:0x8002cc60 x11:0x75e6600f PA:0x8002cc8c store:0x75e6600f load:0x00000000
       15655000	      1466	80000e96	da10	c.sw	x12,48(x12)	 x12:0x8002cc60 x12:0x8002cc60 PA:0x8002cc90 store:0x8002cc60 load:0x00000000
       15665000	      1467	80000e98	da54	c.sw	x13,52(x12)	 x12:0x8002cc60 x13:0x00000001 PA:0x8002cc94 store:0x00000001 load:0x00000000
       15675000	      1468	80000e9a	de18	c.sw	x14,56(x12)	 x12:0x8002cc60 x14:0x8002cce0 PA:0x8002cc98 store:0x8002cce0 load:0x00000000
       15685000	      1469	80000e9c	de5c	c.sw	x15,60(x12)	 x12:0x8002cc60 x15:0x00000000 PA:0x8002cc9c store:0x00000000 load:0x00000000
       15695000	      1470	80000e9e	05062023	sw	x16,64(x12)	 x12:0x8002cc60 x16:0x17000000 PA:0x8002cca0 store:0x17000000 load:0x00000000
       15705000	      1471	80000ea2	05162223	sw	x17,68(x12)	 x12:0x8002cc60 x17:0x75e66579 PA:0x8002cca4 store:0x75e66579 load:0x00000000
       15715000	      1472	80000ea6	05262423	sw	x18,72(x12)	 x12:0x8002cc60 x18:0x16fffa48 PA:0x8002cca8 store:0x16fffa48 load:0x00000000
       15725000	      1473	80000eaa	05362623	sw	x19,76(x12)	 x12:0x8002cc60 x19:0xaff48473 PA:0x8002ccac store:0xaff48473 load:0x00000000
       15735000	      1474	80000eae	05462823	sw	x20,80(x12)	 x12:0x8002cc60 x20:0x00000001 PA:0x8002ccb0 store:0x00000001 load:0x00000000
       15745000	      1475	80000eb2	05562a23	sw	x21,84(x12)	 x12:0x8002cc60 x21:0x0000007f PA:0x8002ccb4 store:0x0000007f load:0x00000000
       15755000	      1476	80000eb6	05662c23	sw	x22,88(x12)	 x12:0x8002cc60 x22:0x00000000 PA:0x8002ccb8 store:0x00000000 load:0x00000000
       15765000	      1477	80000eba	05762e23	sw	x23,92(x12)	 x12:0x8002cc60 x23:0x17000000 PA:0x8002ccbc store:0x17000000 load:0x00000000
       15775000	      1478	80000ebe	07862023	sw	x24,96(x12)	 x12:0x8002cc60 x24:0x0000000b PA:0x8002ccc0 store:0x0000000b load:0x00000000
       15785000	      1479	80000ec2	07962223	sw	x25,100(x12)	 x12:0x8002cc60 x25:0x0000004d PA:0x8002ccc4 store:0x0000004d load:0x00000000
       15795000	      1480	80000ec6	07a62423	sw	x26,104(x12)	 x12:0x8002cc60 x26:0xe1000000 PA:0x8002ccc8 store:0xe1000000 load:0x00000000
       15805000	      1481	80000eca	07b62623	sw	x27,108(x12)	 x12:0x8002cc60 x27:0x00000001 PA:0x8002cccc store:0x00000001 load:0x00000000
       15815000	      1482	80000ece	07c62823	sw	x28,112(x12)	 x12:0x8002cc60 x28:0x0000000a PA:0x8002ccd0 store:0x0000000a load:0x00000000
       15825000	      1483	80000ed2	07d62a23	sw	x29,116(x12)	 x12:0x8002cc60 x29:0x17000000 PA:0x8002ccd4 store:0x17000000 load:0x00000000
       15835000	      1484	80000ed6	07e62c23	sw	x30,120(x12)	 x12:0x8002cc60 x30:0x00000084 PA:0x8002ccd8 store:0x00000084 load:0x00000000
       15845000	      1485	80000eda	07f62e23	sw	x31,124(x12)	 x12:0x8002cc60 x31:0x00000008 PA:0x8002ccdc store:0x00000008 load:0x00000000
       15855000	      1486	80000ede	00060733	add	x14,x12,x0	 x12:0x8002cc60  x0:0x00000000 x14=0x8002cc60
       15865000	      1487	80000ee2	90000a37	lui	x20,0x90000	 x20=0x90000000
       15875000	      1488	80000ee6	1a71	c.addi	x20,-4	 x20:0x90000000 x20=0x8ffffffc
       15885000	      1489	80000ee8	4319	c.li	x6,6	  x6=0x00000006
       15895000	      1490	80000eea	0322	c.slli	x6,0x8	  x6:0x00000006  x6=0x00000600
       15905000	      1491	80000eec	00030313	addi	x6,x6,0	  x6:0x00000600  x6=0x00000600
       15915000	      1492	80000ef0	006a2023	sw	x6,0(x20)	 x20:0x8ffffffc  x6:0x00000600 PA:0x8ffffffc store:0x00000600 load:0x00000000
       15925000	      1493	80000ef4	34202373	csrrs	x6,mcause,x0	  x0:0x00000000  x6=0x8000000b
       15935000	      1494	80000ef8	01f35313	srli	x6,x6,0x1f	  x6:0x8000000b  x6=0x00000001
       15945000	      1495	80000efc	06030863	beq	x6,x0,80000f6c	  x6:0x00000001  x0:0x00000000
       15955000	      1496	80000f00	90000a37	lui	x20,0x90000	 x20=0x90000000
       15965000	      1497	80000f04	1a71	c.addi	x20,-4	 x20:0x90000000 x20=0x8ffffffc
       15975000	      1498	80000f06	30000313	addi	x6,x0,768	  x0:0x00000000  x6=0x00000300
       15985000	      1499	80000f0a	0322	c.slli	x6,0x8	  x6:0x00000300  x6=0x00030000
       15995000	      1500	80000f0c	030d	c.addi	x6,3	  x6:0x00030000  x6=0x00030003
       16005000	      1501	80000f0e	006a2023	sw	x6,0(x20)	 x20:0x8ffffffc  x6:0x00030003 PA:0x8ffffffc store:0x00030003 load:0x00000000
       16015000	      1502	80000f12	30002373	csrrs	x6,mstatus,x0	  x0:0x00000000  x6=0x00000080
       16025000	      1503	80000f16	006a2023	sw	x6,0(x20)	 x20:0x8ffffffc  x6:0x00000080 PA:0x8ffffffc store:0x00000080 load:0x00000000
       16035000	      1504	80000f1a	90000a37	lui	x20,0x90000	 x20=0x90000000
       16045000	      1505	80000f1e	1a71	c.addi	x20,-4	 x20:0x90000000 x20=0x8ffffffc
       16055000	      1506	80000f20	34200313	addi	x6,x0,834	  x0:0x00000000  x6=0x00000342
       16065000	      1507	80000f24	0322	c.slli	x6,0x8	  x6:0x00000342  x6=0x00034200
       16075000	      1508	80000f26	030d	c.addi	x6,3	  x6:0x00034200  x6=0x00034203
       16085000	      1509	80000f28	006a2023	sw	x6,0(x20)	 x20:0x8ffffffc  x6:0x00034203 PA:0x8ffffffc store:0x00034203 load:0x00000000
       16095000	      1510	80000f2c	34202373	csrrs	x6,mcause,x0	  x0:0x00000000  x6=0x8000000b
       16105000	      1511	80000f30	006a2023	sw	x6,0(x20)	 x20:0x8ffffffc  x6:0x8000000b PA:0x8ffffffc store:0x8000000b load:0x00000000
       16115000	      1512	80000f34	90000a37	lui	x20,0x90000	 x20=0x90000000
       16125000	      1513	80000f38	1a71	c.addi	x20,-4	 x20:0x90000000 x20=0x8ffffffc
       16135000	      1514	80000f3a	30400313	addi	x6,x0,772	  x0:0x00000000  x6=0x00000304
       16145000	      1515	80000f3e	0322	c.slli	x6,0x8	  x6:0x00000304  x6=0x00030400
       16155000	      1516	80000f40	030d	c.addi	x6,3	  x6:0x00030400  x6=0x00030403
       16165000	      1517	80000f42	006a2023	sw	x6,0(x20)	 x20:0x8ffffffc  x6:0x00030403 PA:0x8ffffffc store:0x00030403 load:0x00000000
       16175000	      1518	80000f46	30402373	csrrs	x6,mie,x0	  x0:0x00000000  x6=0x53ac0888
       16185000	      1519	80000f4a	006a2023	sw	x6,0(x20)	 x20:0x8ffffffc  x6:0x53ac0888 PA:0x8ffffffc store:0x53ac0888 load:0x00000000
       16195000	      1520	80000f4e	90000a37	lui	x20,0x90000	 x20=0x90000000
       16205000	      1521	80000f52	1a71	c.addi	x20,-4	 x20:0x90000000 x20=0x8ffffffc
       16215000	      1522	80000f54	34400313	addi	x6,x0,836	  x0:0x00000000  x6=0x00000344
       16225000	      1523	80000f58	0322	c.slli	x6,0x8	  x6:0x00000344  x6=0x00034400
       16235000	      1524	80000f5a	030d	c.addi	x6,3	  x6:0x00034400  x6=0x00034403
       16245000	      1525	80000f5c	006a2023	sw	x6,0(x20)	 x20:0x8ffffffc  x6:0x00034403 PA:0x8ffffffc store:0x00034403 load:0x00000000
       16255000	      1526	80000f60	34402373	csrrs	x6,mip,x0	  x0:0x00000000  x6=0x00000000
       16265000	      1527	80000f64	006a2023	sw	x6,0(x20)	 x20:0x8ffffffc  x6:0x00000000 PA:0x8ffffffc store:0x00000000 load:0x00000000
       16275000	      1528	80000f68	10d1106f	jal	x0,80012874	  x0=0x00000000
       16295000	      1530	80012874	30002373	csrrs	x6,mstatus,x0	  x0:0x00000000  x6=0x00000080
       16305000	      1531	80012878	30402373	csrrs	x6,mie,x0	  x0:0x00000000  x6=0x53ac0888
       16315000	      1532	8001287c	34402373	csrrs	x6,mip,x0	  x0:0x00000000  x6=0x00000000
       16325000	      1533	80012880	34433373	csrrc	x6,mip,x6	  x6:0x00000000  x6=0x00000000
       16355000	      1536	80012884	90000a37	lui	x20,0x90000	 x20=0x90000000
       16365000	      1537	80012888	1a71	c.addi	x20,-4	 x20:0x90000000 x20=0x8ffffffc
       16375000	      1538	8001288a	431d	c.li	x6,7	  x6=0x00000007
       16385000	      1539	8001288c	0322	c.slli	x6,0x8	  x6:0x00000007  x6=0x00000700
       16395000	      1540	8001288e	00030313	addi	x6,x6,0	  x6:0x00000700  x6=0x00000700
       16405000	      1541	80012892	006a2023	sw	x6,0(x20)	 x20:0x8ffffffc  x6:0x00000700 PA:0x8ffffffc store:0x00000700 load:0x00000000
       16415000	      1542	80012896	00070633	add	x12,x14,x0	 x14:0x8002cc60  x0:0x00000000 x12=0x8002cc60
       16425000	      1543	8001289a	00462083	lw	x1,4(x12)	 x12:0x8002cc60  x1=0x00000000 PA:0x8002cc64 load:0x00000000
       16435000	      1544	8001289e	00862103	lw	x2,8(x12)	 x12:0x8002cc60  x2=0xf5e39895 PA:0x8002cc68 load:0xf5e39895
       16445000	      1545	800128a2	00c62183	lw	x3,12(x12)	 x12:0x8002cc60  x3=0xfffffe9e PA:0x8002cc6c load:0xfffffe9e
       16455000	      1546	800128a6	01062203	lw	x4,16(x12)	 x12:0x8002cc60  x4=0xffffffff PA:0x8002cc70 load:0xffffffff
       16465000	      1547	800128aa	01462283	lw	x5,20(x12)	 x12:0x8002cc60  x5=0x8001399b PA:0x8002cc74 load:0x8001399b
       16475000	      1548	800128ae	01862303	lw	x6,24(x12)	 x12:0x8002cc60  x6=0x0000004f PA:0x8002cc78 load:0x0000004f
       16485000	      1549	800128b2	01c62383	lw	x7,28(x12)	 x12:0x8002cc60  x7=0x000000dd PA:0x8002cc7c load:0x000000dd
       16495000	      1550	800128b6	5200	c.lw	x8,32(x12)	 x12:0x8002cc60  x8=0x8002d232 PA:0x8002cc80 load:0x8002d232
       16505000	      1551	800128b8	5244	c.lw	x9,36(x12)	 x12:0x8002cc60  x9=0x00000001 PA:0x8002cc84 load:0x00000001
       16515000	      1552	800128ba	5608	c.lw	x10,40(x12)	 x12:0x8002cc60 x10=0x27f48473 PA:0x8002cc88 load:0x27f48473
       16525000	      1553	800128bc	564c	c.lw	x11,44(x12)	 x12:0x8002cc60 x11=0x75e6600f PA:0x8002cc8c load:0x75e6600f
       16535000	      1554	800128be	5a10	c.lw	x12,48(x12)	 x12:0x8002cc60 x12=0x8002cc60 PA:0x8002cc90 load:0x8002cc60
       16555000	      1556	800128c0	5a54	c.lw	x13,52(x12)	 x12:0x8002cc60 x13=0x00000001 PA:0x8002cc94 load:0x00000001
       16565000	      1557	800128c2	5e18	c.lw	x14,56(x12)	 x12:0x8002cc60 x14=0x8002cce0 PA:0x8002cc98 load:0x8002cce0
       16575000	      1558	800128c4	5e5c	c.lw	x15,60(x12)	 x12:0x8002cc60 x15=0x00000000 PA:0x8002cc9c load:0x00000000
       16585000	      1559	800128c6	04062803	lw	x16,64(x12)	 x12:0x8002cc60 x16=0x17000000 PA:0x8002cca0 load:0x17000000
       16595000	      1560	800128ca	04462883	lw	x17,68(x12)	 x12:0x8002cc60 x17=0x75e66579 PA:0x8002cca4 load:0x75e66579
       16605000	      1561	800128ce	04862903	lw	x18,72(x12)	 x12:0x8002cc60 x18=0x16fffa48 PA:0x8002cca8 load:0x16fffa48
       16615000	      1562	800128d2	04c62983	lw	x19,76(x12)	 x12:0x8002cc60 x19=0xaff48473 PA:0x8002ccac load:0xaff48473
       16625000	      1563	800128d6	05062a03	lw	x20,80(x12)	 x12:0x8002cc60 x20=0x00000001 PA:0x8002ccb0 load:0x00000001
       16635000	      1564	800128da	05462a83	lw	x21,84(x12)	 x12:0x8002cc60 x21=0x0000007f PA:0x8002ccb4 load:0x0000007f
       16645000	      1565	800128de	05862b03	lw	x22,88(x12)	 x12:0x8002cc60 x22=0x00000000 PA:0x8002ccb8 load:0x00000000
       16655000	      1566	800128e2	05c62b83	lw	x23,92(x12)	 x12:0x8002cc60 x23=0x17000000 PA:0x8002ccbc load:0x17000000
       16665000	      1567	800128e6	06062c03	lw	x24,96(x12)	 x12:0x8002cc60 x24=0x0000000b PA:0x8002ccc0 load:0x0000000b
       16675000	      1568	800128ea	06462c83	lw	x25,100(x12)	 x12:0x8002cc60 x25=0x0000004d PA:0x8002ccc4 load:0x0000004d
       16685000	      1569	800128ee	06862d03	lw	x26,104(x12)	 x12:0x8002cc60 x26=0xe1000000 PA:0x8002ccc8 load:0xe1000000
       16695000	      1570	800128f2	06c62d83	lw	x27,108(x12)	 x12:0x8002cc60 x27=0x00000001 PA:0x8002cccc load:0x00000001
       16705000	      1571	800128f6	07062e03	lw	x28,112(x12)	 x12:0x8002cc60 x28=0x0000000a PA:0x8002ccd0 load:0x0000000a
       16715000	      1572	800128fa	07462e83	lw	x29,116(x12)	 x12:0x8002cc60 x29=0x17000000 PA:0x8002ccd4 load:0x17000000
       16725000	      1573	800128fe	07862f03	lw	x30,120(x12)	 x12:0x8002cc60 x30=0x00000084 PA:0x8002ccd8 load:0x00000084
       16735000	      1574	80012902	07c62f83	lw	x31,124(x12)	 x12:0x8002cc60 x31=0x00000008 PA:0x8002ccdc load:0x00000008
       16745000	      1575	80012906	08060613	addi	x12,x12,128	 x12:0x8002cc60 x12=0x8002cce0
       16755000	      1576	8001290a	00060733	add	x14,x12,x0	 x12:0x8002cce0  x0:0x00000000 x14=0x8002cce0
       16765000	      1577	8001290e	4310	c.lw	x12,0(x14)	 x14:0x8002cce0 x12=0x80028e64 PA:0x8002cce0 load:0x80028e64
       16775000	      1578	80012910	0711	c.addi	x14,4	 x14:0x8002cce0 x14=0x8002cce4
       16785000	      1579	80012912	30200073	mret	
       16815000	      1582	80003666	03c6	c.slli	x7,0x11	  x7:0x000000dd  x7=0x01ba0000
       16825000	      1583	80003668	00e84663	blt	x16,x14,80003674	 x16:0x17000000 x14:0x8002cce4
       16835000	      1584	8000366c	01e48d33	add	x26,x9,x30	  x9:0x00000001 x30:0x00000084 x26=0x00000085
       16845000	      1585	80003670	019f4d63	blt	x30,x25,8000368a	 x30:0x00000084 x25:0x0000004d
       16855000	      1586	80003674	8fd1	c.or	x15,x12	 x15:0x00000000 x12:0x80028e64 x15=0x80028e64
       16865000	      1587	80003676	0000100f	fence.i	
       16885000	      1589	8000367a	8ed9	c.or	x13,x14	 x13:0x00000001 x14:0x8002cce4 x13=0x8002cce5
       16895000	      1590	8000367c	e095	c.bnez	x9,800036a0	  x9:0x00000001
       16915000	      1592	800036a0	01bce933	or	x18,x25,x27	 x25:0x0000004d x27:0x00000001 x18=0x0000004d
       16925000	      1593	800036a4	66e5	c.lui	x13,0x19	 x13=0x00019000
       17295000	      1630	800036a6	039fff33	remu	x30,x31,x25	 x31:0x00000008 x25:0x0000004d x30=0x00000008
       17305000	      1631	800036aa	0000100f	fence.i	
       17325000	      1633	800036ae	e0b1	c.bnez	x9,800036f2	  x9:0x00000001
       17345000	      1635	800036f2	c4b9	c.beqz	x9,80003740	  x9:0x00000001
       17385000	      1639	800036f4	029fb033	mulhu	x0,x31,x9	 x31:0x00000008  x9:0x00000001  x0=0x00000000
       17395000	      1640	800036f8	2f0e6593	ori	x11,x28,752	 x28:0x0000000a x11=0x000002fa
       17405000	      1641	800036fc	01b3c9b3	xor	x19,x7,x27	  x7:0x01ba0000 x27:0x00000001 x19=0x01ba0001
       17415000	      1642	80003700	01888bb3	add	x23,x17,x24	 x17:0x75e66579 x24:0x0000000b x23=0x75e66584
       17425000	      1643	80003704	00001c17	auipc	x24,0x1	 x24=0x80004704
       17435000	      1644	80003708	922c0c13	addi	x24,x24,-1758	 x24:0x80004704 x24=0x80004026
       17445000	      1645	8000370c	6d65	c.lui	x26,0x19	 x26=0x00019000
       17485000	      1649	8000370e	0349bcb3	mulhu	x25,x19,x20	 x19:0x01ba0001 x20:0x00000001 x25=0x00000000
       17495000	      1650	80003712	01941e93	slli	x29,x8,0x19	  x8:0x8002d232 x29=0x64000000
       17505000	      1651	80003716	2d3c0c13	addi	x24,x24,723	 x24:0x80004026 x24=0x800042f9
       17515000	      1652	8000371a	41f252b3	sra	x5,x4,x31	  x4:0xffffffff x31:0x00000008  x5=0xffffffff
       17525000	      1653	8000371e	d2dc00e7	jalr	x1,-723(x24)	 x24:0x800042f9  x1=0x80003722
       17555000	      1656	80004026	0159c7b3	xor	x15,x19,x21	 x19:0x01ba0001 x21:0x0000007f x15=0x01ba007e
       17565000	      1657	8000402a	002a5813	srli	x16,x20,0x2	 x20:0x00000001 x16=0x00000000
       17575000	      1658	8000402e	1631	c.addi	x12,-20	 x12:0x80028e64 x12=0x80028e50
       17585000	      1659	80004030	40ba0e33	sub	x28,x20,x11	 x20:0x00000001 x11:0x000002fa x28=0xfffffd07
       17595000	      1660	80004034	00162223	sw	x1,4(x12)	 x12:0x80028e50  x1:0x80003722 PA:0x80028e54 store:0x80003722 load:0x00000000
       17605000	      1661	80004038	987d	c.andi	x8,-1	  x8:0x8002d232  x8=0x8002d232
       17975000	      1698	8000403a	02c176b3	remu	x13,x2,x12	  x2:0xf5e39895 x12:0x80028e50 x13=0x75e10a45
       17985000	      1699	8000403e	019e96b3	sll	x13,x29,x25	 x29:0x64000000 x25:0x00000000 x13=0x64000000
       18355000	      1736	80004042	03c1ebb3	rem	x23,x3,x28	  x3:0xfffffe9e x28:0xfffffd07 x23=0xfffffe9e
       18365000	      1737	80004046	017fa033	slt	x0,x31,x23	 x31:0x00000008 x23:0xfffffe9e  x0=0x00000000
       18405000	      1741	8000404a	028e25b3	mulhsu	x11,x28,x8	 x28:0xfffffd07  x8:0x8002d232 x11=0xfffffe83
       18415000	      1742	8000404e	21767413	andi	x8,x12,535	 x12:0x80028e50  x8=0x00000210
       18425000	      1743	80004052	9bfd	c.andi	x15,-1	 x15:0x01ba007e x15=0x01ba007e
       18435000	      1744	80004054	22b6aa93	slti	x21,x13,555	 x13:0x64000000 x21=0x00000000
       18445000	      1745	80004058	5207a693	slti	x13,x15,1312	 x15:0x01ba007e x13=0x00000000
       18455000	      1746	8000405c	96a3c093	xori	x1,x7,-1686	  x7:0x01ba0000  x1=0xfe45f96a
       18465000	      1747	80004060	10500073	wfi	
       18555000	      1756	8000252c	93bfe06f	jal	x0,80000e66	  x0=0x00000000
       18575000	      1758	80000e66	1771	c.addi	x14,-4	 x14:0x8002cce4 x14=0x8002cce0
       18585000	      1759	80000e68	c310	c.sw	x12,0(x14)	 x14:0x8002cce0 x12:0x80028e50 PA:0x8002cce0 store:0x80028e50 load:0x00000000
       18595000	      1760	80000e6a	00070633	add	x12,x14,x0	 x14:0x8002cce0  x0:0x00000000 x12=0x8002cce0
       18605000	      1761	80000e6e	f8060613	addi	x12,x12,-128	 x12:0x8002cce0 x12=0x8002cc60
       18615000	      1762	80000e72	00162223	sw	x1,4(x12)	 x12:0x8002cc60  x1:0xfe45f96a PA:0x8002cc64 store:0xfe45f96a load:0x00000000
       18625000	      1763	80000e76	00262423	sw	x2,8(x12)	 x12:0x8002cc60  x2:0xf5e39895 PA:0x8002cc68 store:0xf5e39895 load:0x00000000
       18635000	      1764	80000e7a	00362623	sw	x3,12(x12)	 x12:0x8002cc60  x3:0xfffffe9e PA:0x8002cc6c store:0xfffffe9e load:0x00000000
       18645000	      1765	80000e7e	00462823	sw	x4,16(x12)	 x12:0x8002cc60  x4:0xffffffff PA:0x8002cc70 store:0xffffffff load:0x00000000
       18655000	      1766	80000e82	00562a23	sw	x5,20(x12)	 x12:0x8002cc60  x5:0xffffffff PA:0x8002cc74 store:0xffffffff load:0x00000000
       18665000	      1767	80000e86	00662c23	sw	x6,24(x12)	 x12:0x8002cc60  x6:0x0000004f PA:0x8002cc78 store:0x0000004f load:0x00000000
       18675000	      1768	80000e8a	00762e23	sw	x7,28(x12)	 x12:0x8002cc60  x7:0x01ba0000 PA:0x8002cc7c store:0x01ba0000 load:0x00000000
       18685000	      1769	80000e8e	d200	c.sw	x8,32(x12)	 x12:0x8002cc60  x8:0x00000210 PA:0x8002cc80 store:0x00000210 load:0x00000000
       18695000	      1770	80000e90	d244	c.sw	x9,36(x12)	 x12:0x8002cc60  x9:0x00000001 PA:0x8002cc84 store:0x00000001 load:0x00000000
       18705000	      1771	80000e92	d608	c.sw	x10,40(x12)	 x12:0x8002cc60 x10:0x27f48473 PA:0x8002cc88 store:0x27f48473 load:0x00000000
       18715000	      1772	80000e94	d64c	c.sw	x11,44(x12)	 x12:0x8002cc60 x11:0xfffffe83 PA:0x8002cc8c store:0xfffffe83 load:0x00000000
       18725000	      1773	80000e96	da10	c.sw	x12,48(x12)	 x12:0x8002cc60 x12:0x8002cc60 PA:0x8002cc90 store:0x8002cc60 load:0x00000000
       18735000	      1774	80000e98	da54	c.sw	x13,52(x12)	 x12:0x8002cc60 x13:0x00000000 PA:0x8002cc94 store:0x00000000 load:0x00000000
       18745000	      1775	80000e9a	de18	c.sw	x14,56(x12)	 x12:0x8002cc60 x14:0x8002cce0 PA:0x8002cc98 store:0x8002cce0 load:0x00000000
       18755000	      1776	80000e9c	de5c	c.sw	x15,60(x12)	 x12:0x8002cc60 x15:0x01ba007e PA:0x8002cc9c store:0x01ba007e load:0x00000000
       18765000	      1777	80000e9e	05062023	sw	x16,64(x12)	 x12:0x8002cc60 x16:0x00000000 PA:0x8002cca0 store:0x00000000 load:0x00000000
       18775000	      1778	80000ea2	05162223	sw	x17,68(x12)	 x12:0x8002cc60 x17:0x75e66579 PA:0x8002cca4 store:0x75e66579 load:0x00000000
       18785000	      1779	80000ea6	05262423	sw	x18,72(x12)	 x12:0x8002cc60 x18:0x0000004d PA:0x8002cca8 store:0x0000004d load:0x00000000
       18795000	      1780	80000eaa	05362623	sw	x19,76(x12)	 x12:0x8002cc60 x19:0x01ba0001 PA:0x8002ccac store:0x01ba0001 load:0x00000000
       18805000	      1781	80000eae	05462823	sw	x20,80(x12)	 x12:0x8002cc60 x20:0x00000001 PA:0x8002ccb0 store:0x00000001 load:0x00000000
       18815000	      1782	80000eb2	05562a23	sw	x21,84(x12)	 x12:0x8002cc60 x21:0x00000000 PA:0x8002ccb4 store:0x00000000 load:0x00000000
       18825000	      1783	80000eb6	05662c23	sw	x22,88(x12)	 x12:0x8002cc60 x22:0x00000000 PA:0x8002ccb8 store:0x00000000 load:0x00000000
       18835000	      1784	80000eba	05762e23	sw	x23,92(x12)	 x12:0x8002cc60 x23:0xfffffe9e PA:0x8002ccbc store:0xfffffe9e load:0x00000000
       18845000	      1785	80000ebe	07862023	sw	x24,96(x12)	 x12:0x8002cc60 x24:0x800042f9 PA:0x8002ccc0 store:0x800042f9 load:0x00000000
       18855000	      1786	80000ec2	07962223	sw	x25,100(x12)	 x12:0x8002cc60 x25:0x00000000 PA:0x8002ccc4 store:0x00000000 load:0x00000000
       18865000	      1787	80000ec6	07a62423	sw	x26,104(x12)	 x12:0x8002cc60 x26:0x00019000 PA:0x8002ccc8 store:0x00019000 load:0x00000000
       18875000	      1788	80000eca	07b62623	sw	x27,108(x12)	 x12:0x8002cc60 x27:0x00000001 PA:0x8002cccc store:0x00000001 load:0x00000000
       18885000	      1789	80000ece	07c62823	sw	x28,112(x12)	 x12:0x8002cc60 x28:0xfffffd07 PA:0x8002ccd0 store:0xfffffd07 load:0x00000000
       18895000	      1790	80000ed2	07d62a23	sw	x29,116(x12)	 x12:0x8002cc60 x29:0x64000000 PA:0x8002ccd4 store:0x64000000 load:0x00000000
       18905000	      1791	80000ed6	07e62c23	sw	x30,120(x12)	 x12:0x8002cc60 x30:0x00000008 PA:0x8002ccd8 store:0x00000008 load:0x00000000
       18915000	      1792	80000eda	07f62e23	sw	x31,124(x12)	 x12:0x8002cc60 x31:0x00000008 PA:0x8002ccdc store:0x00000008 load:0x00000000
       18925000	      1793	80000ede	00060733	add	x14,x12,x0	 x12:0x8002cc60  x0:0x00000000 x14=0x8002cc60
       18935000	      1794	80000ee2	90000a37	lui	x20,0x90000	 x20=0x90000000
       18945000	      1795	80000ee6	1a71	c.addi	x20,-4	 x20:0x90000000 x20=0x8ffffffc
       18955000	      1796	80000ee8	4319	c.li	x6,6	  x6=0x00000006
       18965000	      1797	80000eea	0322	c.slli	x6,0x8	  x6:0x00000006  x6=0x00000600
       18975000	      1798	80000eec	00030313	addi	x6,x6,0	  x6:0x00000600  x6=0x00000600
       18985000	      1799	80000ef0	006a2023	sw	x6,0(x20)	 x20:0x8ffffffc  x6:0x00000600 PA:0x8ffffffc store:0x00000600 load:0x00000000
       18995000	      1800	80000ef4	34202373	csrrs	x6,mcause,x0	  x0:0x00000000  x6=0x8000000b
       19005000	      1801	80000ef8	01f35313	srli	x6,x6,0x1f	  x6:0x8000000b  x6=0x00000001
       19015000	      1802	80000efc	06030863	beq	x6,x0,80000f6c	  x6:0x00000001  x0:0x00000000
       19025000	      1803	80000f00	90000a37	lui	x20,0x90000	 x20=0x90000000
       19035000	      1804	80000f04	1a71	c.addi	x20,-4	 x20:0x90000000 x20=0x8ffffffc
       19045000	      1805	80000f06	30000313	addi	x6,x0,768	  x0:0x00000000  x6=0x00000300
       19055000	      1806	80000f0a	0322	c.slli	x6,0x8	  x6:0x00000300  x6=0x00030000
       19065000	      1807	80000f0c	030d	c.addi	x6,3	  x6:0x00030000  x6=0x00030003
       19075000	      1808	80000f0e	006a2023	sw	x6,0(x20)	 x20:0x8ffffffc  x6:0x00030003 PA:0x8ffffffc store:0x00030003 load:0x00000000
       19085000	      1809	80000f12	30002373	csrrs	x6,mstatus,x0	  x0:0x00000000  x6=0x00000080
       19095000	      1810	80000f16	006a2023	sw	x6,0(x20)	 x20:0x8ffffffc  x6:0x00000080 PA:0x8ffffffc store:0x00000080 load:0x00000000
       19105000	      1811	80000f1a	90000a37	lui	x20,0x90000	 x20=0x90000000
       19115000	      1812	80000f1e	1a71	c.addi	x20,-4	 x20:0x90000000 x20=0x8ffffffc
       19125000	      1813	80000f20	34200313	addi	x6,x0,834	  x0:0x00000000  x6=0x00000342
       19135000	      1814	80000f24	0322	c.slli	x6,0x8	  x6:0x00000342  x6=0x00034200
       19145000	      1815	80000f26	030d	c.addi	x6,3	  x6:0x00034200  x6=0x00034203
       19155000	      1816	80000f28	006a2023	sw	x6,0(x20)	 x20:0x8ffffffc  x6:0x00034203 PA:0x8ffffffc store:0x00034203 load:0x00000000
       19165000	      1817	80000f2c	34202373	csrrs	x6,mcause,x0	  x0:0x00000000  x6=0x8000000b
       19175000	      1818	80000f30	006a2023	sw	x6,0(x20)	 x20:0x8ffffffc  x6:0x8000000b PA:0x8ffffffc store:0x8000000b load:0x00000000
       19185000	      1819	80000f34	90000a37	lui	x20,0x90000	 x20=0x90000000
       19195000	      1820	80000f38	1a71	c.addi	x20,-4	 x20:0x90000000 x20=0x8ffffffc
       19205000	      1821	80000f3a	30400313	addi	x6,x0,772	  x0:0x00000000  x6=0x00000304
       19215000	      1822	80000f3e	0322	c.slli	x6,0x8	  x6:0x00000304  x6=0x00030400
       19225000	      1823	80000f40	030d	c.addi	x6,3	  x6:0x00030400  x6=0x00030403
       19235000	      1824	80000f42	006a2023	sw	x6,0(x20)	 x20:0x8ffffffc  x6:0x00030403 PA:0x8ffffffc store:0x00030403 load:0x00000000
       19245000	      1825	80000f46	30402373	csrrs	x6,mie,x0	  x0:0x00000000  x6=0x53ac0888
       19255000	      1826	80000f4a	006a2023	sw	x6,0(x20)	 x20:0x8ffffffc  x6:0x53ac0888 PA:0x8ffffffc store:0x53ac0888 load:0x00000000
       19265000	      1827	80000f4e	90000a37	lui	x20,0x90000	 x20=0x90000000
       19275000	      1828	80000f52	1a71	c.addi	x20,-4	 x20:0x90000000 x20=0x8ffffffc
       19285000	      1829	80000f54	34400313	addi	x6,x0,836	  x0:0x00000000  x6=0x00000344
       19295000	      1830	80000f58	0322	c.slli	x6,0x8	  x6:0x00000344  x6=0x00034400
       19305000	      1831	80000f5a	030d	c.addi	x6,3	  x6:0x00034400  x6=0x00034403
       19315000	      1832	80000f5c	006a2023	sw	x6,0(x20)	 x20:0x8ffffffc  x6:0x00034403 PA:0x8ffffffc store:0x00034403 load:0x00000000
       19325000	      1833	80000f60	34402373	csrrs	x6,mip,x0	  x0:0x00000000  x6=0x00000000
       19335000	      1834	80000f64	006a2023	sw	x6,0(x20)	 x20:0x8ffffffc  x6:0x00000000 PA:0x8ffffffc store:0x00000000 load:0x00000000
       19345000	      1835	80000f68	10d1106f	jal	x0,80012874	  x0=0x00000000
       19365000	      1837	80012874	30002373	csrrs	x6,mstatus,x0	  x0:0x00000000  x6=0x00000080
       19375000	      1838	80012878	30402373	csrrs	x6,mie,x0	  x0:0x00000000  x6=0x53ac0888
       19385000	      1839	8001287c	34402373	csrrs	x6,mip,x0	  x0:0x00000000  x6=0x00000000
       19395000	      1840	80012880	34433373	csrrc	x6,mip,x6	  x6:0x00000000  x6=0x00000000
       19425000	      1843	80012884	90000a37	lui	x20,0x90000	 x20=0x90000000
       19435000	      1844	80012888	1a71	c.addi	x20,-4	 x20:0x90000000 x20=0x8ffffffc
       19445000	      1845	8001288a	431d	c.li	x6,7	  x6=0x00000007
       19455000	      1846	8001288c	0322	c.slli	x6,0x8	  x6:0x00000007  x6=0x00000700
       19465000	      1847	8001288e	00030313	addi	x6,x6,0	  x6:0x00000700  x6=0x00000700
       19475000	      1848	80012892	006a2023	sw	x6,0(x20)	 x20:0x8ffffffc  x6:0x00000700 PA:0x8ffffffc store:0x00000700 load:0x00000000
       19485000	      1849	80012896	00070633	add	x12,x14,x0	 x14:0x8002cc60  x0:0x00000000 x12=0x8002cc60
       19495000	      1850	8001289a	00462083	lw	x1,4(x12)	 x12:0x8002cc60  x1=0xfe45f96a PA:0x8002cc64 load:0xfe45f96a
       19505000	      1851	8001289e	00862103	lw	x2,8(x12)	 x12:0x8002cc60  x2=0xf5e39895 PA:0x8002cc68 load:0xf5e39895
       19515000	      1852	800128a2	00c62183	lw	x3,12(x12)	 x12:0x8002cc60  x3=0xfffffe9e PA:0x8002cc6c load:0xfffffe9e
       19525000	      1853	800128a6	01062203	lw	x4,16(x12)	 x12:0x8002cc60  x4=0xffffffff PA:0x8002cc70 load:0xffffffff
       19535000	      1854	800128aa	01462283	lw	x5,20(x12)	 x12:0x8002cc60  x5=0xffffffff PA:0x8002cc74 load:0xffffffff
       19545000	      1855	800128ae	01862303	lw	x6,24(x12)	 x12:0x8002cc60  x6=0x0000004f PA:0x8002cc78 load:0x0000004f
       19555000	      1856	800128b2	01c62383	lw	x7,28(x12)	 x12:0x8002cc60  x7=0x01ba0000 PA:0x8002cc7c load:0x01ba0000
       19565000	      1857	800128b6	5200	c.lw	x8,32(x12)	 x12:0x8002cc60  x8=0x00000210 PA:0x8002cc80 load:0x00000210
       19575000	      1858	800128b8	5244	c.lw	x9,36(x12)	 x12:0x8002cc60  x9=0x00000001 PA:0x8002cc84 load:0x00000001
       19585000	      1859	800128ba	5608	c.lw	x10,40(x12)	 x12:0x8002cc60 x10=0x27f48473 PA:0x8002cc88 load:0x27f48473
       19595000	      1860	800128bc	564c	c.lw	x11,44(x12)	 x12:0x8002cc60 x11=0xfffffe83 PA:0x8002cc8c load:0xfffffe83
       19605000	      1861	800128be	5a10	c.lw	x12,48(x12)	 x12:0x8002cc60 x12=0x8002cc60 PA:0x8002cc90 load:0x8002cc60
       19625000	      1863	800128c0	5a54	c.lw	x13,52(x12)	 x12:0x8002cc60 x13=0x00000000 PA:0x8002cc94 load:0x00000000
       19635000	      1864	800128c2	5e18	c.lw	x14,56(x12)	 x12:0x8002cc60 x14=0x8002cce0 PA:0x8002cc98 load:0x8002cce0
       19645000	      1865	800128c4	5e5c	c.lw	x15,60(x12)	 x12:0x8002cc60 x15=0x01ba007e PA:0x8002cc9c load:0x01ba007e
       19655000	      1866	800128c6	04062803	lw	x16,64(x12)	 x12:0x8002cc60 x16=0x00000000 PA:0x8002cca0 load:0x00000000
       19665000	      1867	800128ca	04462883	lw	x17,68(x12)	 x12:0x8002cc60 x17=0x75e66579 PA:0x8002cca4 load:0x75e66579
       19675000	      1868	800128ce	04862903	lw	x18,72(x12)	 x12:0x8002cc60 x18=0x0000004d PA:0x8002cca8 load:0x0000004d
       19685000	      1869	800128d2	04c62983	lw	x19,76(x12)	 x12:0x8002cc60 x19=0x01ba0001 PA:0x8002ccac load:0x01ba0001
       19695000	      1870	800128d6	05062a03	lw	x20,80(x12)	 x12:0x8002cc60 x20=0x00000001 PA:0x8002ccb0 load:0x00000001
       19705000	      1871	800128da	05462a83	lw	x21,84(x12)	 x12:0x8002cc60 x21=0x00000000 PA:0x8002ccb4 load:0x00000000
       19715000	      1872	800128de	05862b03	lw	x22,88(x12)	 x12:0x8002cc60 x22=0x00000000 PA:0x8002ccb8 load:0x00000000
       19725000	      1873	800128e2	05c62b83	lw	x23,92(x12)	 x12:0x8002cc60 x23=0xfffffe9e PA:0x8002ccbc load:0xfffffe9e
       19735000	      1874	800128e6	06062c03	lw	x24,96(x12)	 x12:0x8002cc60 x24=0x800042f9 PA:0x8002ccc0 load:0x800042f9
       19745000	      1875	800128ea	06462c83	lw	x25,100(x12)	 x12:0x8002cc60 x25=0x00000000 PA:0x8002ccc4 load:0x00000000
       19755000	      1876	800128ee	06862d03	lw	x26,104(x12)	 x12:0x8002cc60 x26=0x00019000 PA:0x8002ccc8 load:0x00019000
       19765000	      1877	800128f2	06c62d83	lw	x27,108(x12)	 x12:0x8002cc60 x27=0x00000001 PA:0x8002cccc load:0x00000001
       19775000	      1878	800128f6	07062e03	lw	x28,112(x12)	 x12:0x8002cc60 x28=0xfffffd07 PA:0x8002ccd0 load:0xfffffd07
       19785000	      1879	800128fa	07462e83	lw	x29,116(x12)	 x12:0x8002cc60 x29=0x64000000 PA:0x8002ccd4 load:0x64000000
       19795000	      1880	800128fe	07862f03	lw	x30,120(x12)	 x12:0x8002cc60 x30=0x00000008 PA:0x8002ccd8 load:0x00000008
       19805000	      1881	80012902	07c62f83	lw	x31,124(x12)	 x12:0x8002cc60 x31=0x00000008 PA:0x8002ccdc load:0x00000008
       19815000	      1882	80012906	08060613	addi	x12,x12,128	 x12:0x8002cc60 x12=0x8002cce0
       19825000	      1883	8001290a	00060733	add	x14,x12,x0	 x12:0x8002cce0  x0:0x00000000 x14=0x8002cce0
       19835000	      1884	8001290e	4310	c.lw	x12,0(x14)	 x14:0x8002cce0 x12=0x80028e50 PA:0x8002cce0 load:0x80028e50
       19845000	      1885	80012910	0711	c.addi	x14,4	 x14:0x8002cce0 x14=0x8002cce4
       19855000	      1886	80012912	30200073	mret	
       19885000	      1889	80004064	f50ff0ef	jal	x1,800037b4	  x1=0x80004068
       19905000	      1891	800037b4	009e9463	bne	x29,x9,800037bc	 x29:0x64000000  x9:0x00000001
       19925000	      1893	800037bc	1631	c.addi	x12,-20	 x12:0x80028e50 x12=0x80028e3c
       19935000	      1894	800037be	017a1393	slli	x7,x20,0x17	 x20:0x00000001  x7=0x00800000
       19975000	      1898	800037c2	03eb2cb3	mulhsu	x25,x22,x30	 x22:0x00000000 x30:0x00000008 x25=0x00000000
       19985000	      1899	800037c6	00162223	sw	x1,4(x12)	 x12:0x80028e3c  x1:0x80004068 PA:0x80028e40 store:0x80004068 load:0x00000000
       20015000	      1902	800037ca	037b0d33	mul	x26,x22,x23	 x22:0x00000000 x23:0xfffffe9e x26=0x00000000
       20025000	      1903	800037ce	01985913	srli	x18,x16,0x19	 x16:0x00000000 x18=0x00000000
       20035000	      1904	800037d2	ec23e197	auipc	x3,0xec23e	  x3=0x6c2417d2
       20045000	      1905	800037d6	4114df13	srai	x30,x9,0x11	  x9:0x00000001 x30=0x00000000
       20415000	      1942	800037da	021a4533	div	x10,x20,x1	 x20:0x00000001  x1:0x80004068 x10=0x00000000
       20425000	      1943	800037de	aeee3513	sltiu	x10,x28,-1298	 x28:0xfffffd07 x10=0x00000000
       20435000	      1944	800037e2	ca07f693	andi	x13,x15,-864	 x15:0x01ba007e x13=0x01ba0020
       20445000	      1945	800037e6	015fbfb3	sltu	x31,x31,x21	 x31:0x00000008 x21:0x00000000 x31=0x00000000
       20475000	      1948	800037ea	02f802b3	mul	x5,x16,x15	 x16:0x00000000 x15:0x01ba007e  x5=0x00000000
       20505000	      1951	800037ee	02aa8db3	mul	x27,x21,x10	 x21:0x00000000 x10:0x00000000 x27=0x00000000
       20515000	      1952	800037f2	81b1	c.srli	x11,0xc	 x11:0xfffffe83 x11=0x000fffff
       20525000	      1953	800037f4	71e000ef	jal	x1,80003f12	  x1=0x800037f8
       20555000	      1956	80003f12	0182ccb3	xor	x25,x5,x24	  x5:0x00000000 x24:0x800042f9 x25=0x800042f9
       20565000	      1957	80003f16	cf73d4b7	lui	x9,0xcf73d	  x9=0xcf73d000
       20575000	      1958	80003f1a	01e11813	slli	x16,x2,0x1e	  x2:0xf5e39895 x16=0x40000000
       20585000	      1959	80003f1e	1601	c.addi	x12,-32	 x12:0x80028e3c x12=0x80028e1c
       20595000	      1960	80003f20	e220cc93	xori	x25,x1,-478	  x1:0x800037f8 x25=0x7fffc9da
       20605000	      1961	80003f24	8ac6	c.mv	x21,x17	  x0:0x00000000 x17:0x75e66579 x21=0x75e66579
       20615000	      1962	80003f26	0ff0000f	fence	iorw,iorw	
       20625000	      1963	80003f2a	0097b2b3	sltu	x5,x15,x9	 x15:0x01ba007e  x9:0xcf73d000  x5=0x00000001
       20635000	      1964	80003f2e	00162223	sw	x1,4(x12)	 x12:0x80028e1c  x1:0x800037f8 PA:0x80028e20 store:0x800037f8 load:0x00000000
       20645000	      1965	80003f32	01e7bb33	sltu	x22,x15,x30	 x15:0x01ba007e x30:0x00000000 x22=0x00000000
       21015000	      2002	80003f36	02b7e833	rem	x16,x15,x11	 x15:0x01ba007e x11:0x000fffff x16=0x000a0099
       21025000	      2003	80003f3a	8c29	c.xor	x8,x10	  x8:0x00000210 x10:0x00000000  x8=0x00000210
       21035000	      2004	80003f3c	00006317	auipc	x6,0x6	  x6=0x80009f3c
       21045000	      2005	80003f40	fc830313	addi	x6,x6,-56	  x6:0x80009f3c  x6=0x80009f04
       21055000	      2006	80003f44	d6d30313	addi	x6,x6,-659	  x6:0x80009f04  x6=0x80009c71
       21425000	      2043	80003f48	0379e2b3	rem	x5,x19,x23	 x19:0x01ba0001 x23:0xfffffe9e  x5=0x0000009b
       21435000	      2044	80003f4c	81d2	c.mv	x3,x20	  x0:0x00000000 x20:0x00000001  x3=0x00000001
       21445000	      2045	80003f4e	003e9863	bne	x29,x3,80003f5e	 x29:0x64000000  x3:0x00000001
       21475000	      2048	80003f5e	294300e7	jalr	x1,660(x6)	  x6:0x80009c71  x1=0x80003f62
       21495000	      2050	80009f04	8fd9	c.or	x15,x14	 x15:0x01ba007e x14:0x8002cce4 x15=0x81baccfe
       21505000	      2051	80009f06	e689	c.bnez	x13,80009f10	 x13:0x01ba0020
       21525000	      2053	80009f10	1661	c.addi	x12,-8	 x12:0x80028e1c x12=0x80028e14
       21535000	      2054	80009f12	9afd	c.andi	x13,-1	 x13:0x01ba0020 x13=0x01ba0020
       21545000	      2055	80009f14	00162223	sw	x1,4(x12)	 x12:0x80028e14  x1:0x80003f62 PA:0x80028e18 store:0x80003f62 load:0x00000000
       21555000	      2056	80009f18	00c0afb3	slt	x31,x1,x12	  x1:0x80003f62 x12:0x80028e14 x31=0x00000001
       21565000	      2057	80009f1c	008131b3	sltu	x3,x2,x8	  x2:0xf5e39895  x8:0x00000210  x3=0x00000000
       21575000	      2058	80009f20	527d	c.li	x4,-1	  x4=0xffffffff
       21585000	      2059	80009f22	8c5a	c.mv	x24,x22	  x0:0x00000000 x22:0x00000000 x24=0x00000000
       21625000	      2063	8000252c	93bfe06f	jal	x0,80000e66	  x0=0x00000000
       21645000	      2065	80000e66	1771	c.addi	x14,-4	 x14:0x8002cce4 x14=0x8002cce0
       21655000	      2066	80000e68	c310	c.sw	x12,0(x14)	 x14:0x8002cce0 x12:0x80028e14 PA:0x8002cce0 store:0x80028e14 load:0x00000000
       21665000	      2067	80000e6a	00070633	add	x12,x14,x0	 x14:0x8002cce0  x0:0x00000000 x12=0x8002cce0
       21675000	      2068	80000e6e	f8060613	addi	x12,x12,-128	 x12:0x8002cce0 x12=0x8002cc60
       21685000	      2069	80000e72	00162223	sw	x1,4(x12)	 x12:0x8002cc60  x1:0x80003f62 PA:0x8002cc64 store:0x80003f62 load:0x00000000
       21695000	      2070	80000e76	00262423	sw	x2,8(x12)	 x12:0x8002cc60  x2:0xf5e39895 PA:0x8002cc68 store:0xf5e39895 load:0x00000000
       21705000	      2071	80000e7a	00362623	sw	x3,12(x12)	 x12:0x8002cc60  x3:0x00000000 PA:0x8002cc6c store:0x00000000 load:0x00000000
       21715000	      2072	80000e7e	00462823	sw	x4,16(x12)	 x12:0x8002cc60  x4:0xffffffff PA:0x8002cc70 store:0xffffffff load:0x00000000
       21725000	      2073	80000e82	00562a23	sw	x5,20(x12)	 x12:0x8002cc60  x5:0x0000009b PA:0x8002cc74 store:0x0000009b load:0x00000000
       21735000	      2074	80000e86	00662c23	sw	x6,24(x12)	 x12:0x8002cc60  x6:0x80009c71 PA:0x8002cc78 store:0x80009c71 load:0x00000000
       21745000	      2075	80000e8a	00762e23	sw	x7,28(x12)	 x12:0x8002cc60  x7:0x00800000 PA:0x8002cc7c store:0x00800000 load:0x00000000
       21755000	      2076	80000e8e	d200	c.sw	x8,32(x12)	 x12:0x8002cc60  x8:0x00000210 PA:0x8002cc80 store:0x00000210 load:0x00000000
       21765000	      2077	80000e90	d244	c.sw	x9,36(x12)	 x12:0x8002cc60  x9:0xcf73d000 PA:0x8002cc84 store:0xcf73d000 load:0x00000000
       21775000	      2078	80000e92	d608	c.sw	x10,40(x12)	 x12:0x8002cc60 x10:0x00000000 PA:0x8002cc88 store:0x00000000 load:0x00000000
       21785000	      2079	80000e94	d64c	c.sw	x11,44(x12)	 x12:0x8002cc60 x11:0x000fffff PA:0x8002cc8c store:0x000fffff load:0x00000000
       21795000	      2080	80000e96	da10	c.sw	x12,48(x12)	 x12:0x8002cc60 x12:0x8002cc60 PA:0x8002cc90 store:0x8002cc60 load:0x00000000
       21805000	      2081	80000e98	da54	c.sw	x13,52(x12)	 x12:0x8002cc60 x13:0x01ba0020 PA:0x8002cc94 store:0x01ba0020 load:0x00000000
       21815000	      2082	80000e9a	de18	c.sw	x14,56(x12)	 x12:0x8002cc60 x14:0x8002cce0 PA:0x8002cc98 store:0x8002cce0 load:0x00000000
       21825000	      2083	80000e9c	de5c	c.sw	x15,60(x12)	 x12:0x8002cc60 x15:0x81baccfe PA:0x8002cc9c store:0x81baccfe load:0x00000000
       21835000	      2084	80000e9e	05062023	sw	x16,64(x12)	 x12:0x8002cc60 x16:0x000a0099 PA:0x8002cca0 store:0x000a0099 load:0x00000000
       21845000	      2085	80000ea2	05162223	sw	x17,68(x12)	 x12:0x8002cc60 x17:0x75e66579 PA:0x8002cca4 store:0x75e66579 load:0x00000000
       21855000	      2086	80000ea6	05262423	sw	x18,72(x12)	 x12:0x8002cc60 x18:0x00000000 PA:0x8002cca8 store:0x00000000 load:0x00000000
       21865000	      2087	80000eaa	05362623	sw	x19,76(x12)	 x12:0x8002cc60 x19:0x01ba0001 PA:0x8002ccac store:0x01ba0001 load:0x00000000
       21875000	      2088	80000eae	05462823	sw	x20,80(x12)	 x12:0x8002cc60 x20:0x00000001 PA:0x8002ccb0 store:0x00000001 load:0x00000000
       21885000	      2089	80000eb2	05562a23	sw	x21,84(x12)	 x12:0x8002cc60 x21:0x75e66579 PA:0x8002ccb4 store:0x75e66579 load:0x00000000
       21895000	      2090	80000eb6	05662c23	sw	x22,88(x12)	 x12:0x8002cc60 x22:0x00000000 PA:0x8002ccb8 store:0x00000000 load:0x00000000
       21905000	      2091	80000eba	05762e23	sw	x23,92(x12)	 x12:0x8002cc60 x23:0xfffffe9e PA:0x8002ccbc store:0xfffffe9e load:0x00000000
       21915000	      2092	80000ebe	07862023	sw	x24,96(x12)	 x12:0x8002cc60 x24:0x00000000 PA:0x8002ccc0 store:0x00000000 load:0x00000000
       21925000	      2093	80000ec2	07962223	sw	x25,100(x12)	 x12:0x8002cc60 x25:0x7fffc9da PA:0x8002ccc4 store:0x7fffc9da load:0x00000000
       21935000	      2094	80000ec6	07a62423	sw	x26,104(x12)	 x12:0x8002cc60 x26:0x00000000 PA:0x8002ccc8 store:0x00000000 load:0x00000000
       21945000	      2095	80000eca	07b62623	sw	x27,108(x12)	 x12:0x8002cc60 x27:0x00000000 PA:0x8002cccc store:0x00000000 load:0x00000000
       21955000	      2096	80000ece	07c62823	sw	x28,112(x12)	 x12:0x8002cc60 x28:0xfffffd07 PA:0x8002ccd0 store:0xfffffd07 load:0x00000000
       21965000	      2097	80000ed2	07d62a23	sw	x29,116(x12)	 x12:0x8002cc60 x29:0x64000000 PA:0x8002ccd4 store:0x64000000 load:0x00000000
       21975000	      2098	80000ed6	07e62c23	sw	x30,120(x12)	 x12:0x8002cc60 x30:0x00000000 PA:0x8002ccd8 store:0x00000000 load:0x00000000
       21985000	      2099	80000eda	07f62e23	sw	x31,124(x12)	 x12:0x8002cc60 x31:0x00000001 PA:0x8002ccdc store:0x00000001 load:0x00000000
       21995000	      2100	80000ede	00060733	add	x14,x12,x0	 x12:0x8002cc60  x0:0x00000000 x14=0x8002cc60
       22005000	      2101	80000ee2	90000a37	lui	x20,0x90000	 x20=0x90000000
       22015000	      2102	80000ee6	1a71	c.addi	x20,-4	 x20:0x90000000 x20=0x8ffffffc
       22025000	      2103	80000ee8	4319	c.li	x6,6	  x6=0x00000006
       22035000	      2104	80000eea	0322	c.slli	x6,0x8	  x6:0x00000006  x6=0x00000600
       22045000	      2105	80000eec	00030313	addi	x6,x6,0	  x6:0x00000600  x6=0x00000600
       22055000	      2106	80000ef0	006a2023	sw	x6,0(x20)	 x20:0x8ffffffc  x6:0x00000600 PA:0x8ffffffc store:0x00000600 load:0x00000000
       22065000	      2107	80000ef4	34202373	csrrs	x6,mcause,x0	  x0:0x00000000  x6=0x8000000b
       22075000	      2108	80000ef8	01f35313	srli	x6,x6,0x1f	  x6:0x8000000b  x6=0x00000001
       22085000	      2109	80000efc	06030863	beq	x6,x0,80000f6c	  x6:0x00000001  x0:0x00000000
       22095000	      2110	80000f00	90000a37	lui	x20,0x90000	 x20=0x90000000
       22105000	      2111	80000f04	1a71	c.addi	x20,-4	 x20:0x90000000 x20=0x8ffffffc
       22115000	      2112	80000f06	30000313	addi	x6,x0,768	  x0:0x00000000  x6=0x00000300
       22125000	      2113	80000f0a	0322	c.slli	x6,0x8	  x6:0x00000300  x6=0x00030000
       22135000	      2114	80000f0c	030d	c.addi	x6,3	  x6:0x00030000  x6=0x00030003
       22145000	      2115	80000f0e	006a2023	sw	x6,0(x20)	 x20:0x8ffffffc  x6:0x00030003 PA:0x8ffffffc store:0x00030003 load:0x00000000
       22155000	      2116	80000f12	30002373	csrrs	x6,mstatus,x0	  x0:0x00000000  x6=0x00000080
       22165000	      2117	80000f16	006a2023	sw	x6,0(x20)	 x20:0x8ffffffc  x6:0x00000080 PA:0x8ffffffc store:0x00000080 load:0x00000000
       22175000	      2118	80000f1a	90000a37	lui	x20,0x90000	 x20=0x90000000
       22185000	      2119	80000f1e	1a71	c.addi	x20,-4	 x20:0x90000000 x20=0x8ffffffc
       22195000	      2120	80000f20	34200313	addi	x6,x0,834	  x0:0x00000000  x6=0x00000342
       22205000	      2121	80000f24	0322	c.slli	x6,0x8	  x6:0x00000342  x6=0x00034200
       22215000	      2122	80000f26	030d	c.addi	x6,3	  x6:0x00034200  x6=0x00034203
       22225000	      2123	80000f28	006a2023	sw	x6,0(x20)	 x20:0x8ffffffc  x6:0x00034203 PA:0x8ffffffc store:0x00034203 load:0x00000000
       22235000	      2124	80000f2c	34202373	csrrs	x6,mcause,x0	  x0:0x00000000  x6=0x8000000b
       22245000	      2125	80000f30	006a2023	sw	x6,0(x20)	 x20:0x8ffffffc  x6:0x8000000b PA:0x8ffffffc store:0x8000000b load:0x00000000
       22255000	      2126	80000f34	90000a37	lui	x20,0x90000	 x20=0x90000000
       22265000	      2127	80000f38	1a71	c.addi	x20,-4	 x20:0x90000000 x20=0x8ffffffc
       22275000	      2128	80000f3a	30400313	addi	x6,x0,772	  x0:0x00000000  x6=0x00000304
       22285000	      2129	80000f3e	0322	c.slli	x6,0x8	  x6:0x00000304  x6=0x00030400
       22295000	      2130	80000f40	030d	c.addi	x6,3	  x6:0x00030400  x6=0x00030403
       22305000	      2131	80000f42	006a2023	sw	x6,0(x20)	 x20:0x8ffffffc  x6:0x00030403 PA:0x8ffffffc store:0x00030403 load:0x00000000
       22315000	      2132	80000f46	30402373	csrrs	x6,mie,x0	  x0:0x00000000  x6=0x53ac0888
       22325000	      2133	80000f4a	006a2023	sw	x6,0(x20)	 x20:0x8ffffffc  x6:0x53ac0888 PA:0x8ffffffc store:0x53ac0888 load:0x00000000
       22335000	      2134	80000f4e	90000a37	lui	x20,0x90000	 x20=0x90000000
       22345000	      2135	80000f52	1a71	c.addi	x20,-4	 x20:0x90000000 x20=0x8ffffffc
       22355000	      2136	80000f54	34400313	addi	x6,x0,836	  x0:0x00000000  x6=0x00000344
       22365000	      2137	80000f58	0322	c.slli	x6,0x8	  x6:0x00000344  x6=0x00034400
       22375000	      2138	80000f5a	030d	c.addi	x6,3	  x6:0x00034400  x6=0x00034403
       22385000	      2139	80000f5c	006a2023	sw	x6,0(x20)	 x20:0x8ffffffc  x6:0x00034403 PA:0x8ffffffc store:0x00034403 load:0x00000000
       22395000	      2140	80000f60	34402373	csrrs	x6,mip,x0	  x0:0x00000000  x6=0x00000000
       22405000	      2141	80000f64	006a2023	sw	x6,0(x20)	 x20:0x8ffffffc  x6:0x00000000 PA:0x8ffffffc store:0x00000000 load:0x00000000
       22415000	      2142	80000f68	10d1106f	jal	x0,80012874	  x0=0x00000000
       22435000	      2144	80012874	30002373	csrrs	x6,mstatus,x0	  x0:0x00000000  x6=0x00000080
       22445000	      2145	80012878	30402373	csrrs	x6,mie,x0	  x0:0x00000000  x6=0x53ac0888
       22455000	      2146	8001287c	34402373	csrrs	x6,mip,x0	  x0:0x00000000  x6=0x00000000
       22465000	      2147	80012880	34433373	csrrc	x6,mip,x6	  x6:0x00000000  x6=0x00000000
       22495000	      2150	80012884	90000a37	lui	x20,0x90000	 x20=0x90000000
       22505000	      2151	80012888	1a71	c.addi	x20,-4	 x20:0x90000000 x20=0x8ffffffc
       22515000	      2152	8001288a	431d	c.li	x6,7	  x6=0x00000007
       22525000	      2153	8001288c	0322	c.slli	x6,0x8	  x6:0x00000007  x6=0x00000700
       22535000	      2154	8001288e	00030313	addi	x6,x6,0	  x6:0x00000700  x6=0x00000700
       22545000	      2155	80012892	006a2023	sw	x6,0(x20)	 x20:0x8ffffffc  x6:0x00000700 PA:0x8ffffffc store:0x00000700 load:0x00000000
       22555000	      2156	80012896	00070633	add	x12,x14,x0	 x14:0x8002cc60  x0:0x00000000 x12=0x8002cc60
       22565000	      2157	8001289a	00462083	lw	x1,4(x12)	 x12:0x8002cc60  x1=0x80003f62 PA:0x8002cc64 load:0x80003f62
       22575000	      2158	8001289e	00862103	lw	x2,8(x12)	 x12:0x8002cc60  x2=0xf5e39895 PA:0x8002cc68 load:0xf5e39895
       22585000	      2159	800128a2	00c62183	lw	x3,12(x12)	 x12:0x8002cc60  x3=0x00000000 PA:0x8002cc6c load:0x00000000
       22595000	      2160	800128a6	01062203	lw	x4,16(x12)	 x12:0x8002cc60  x4=0xffffffff PA:0x8002cc70 load:0xffffffff
       22605000	      2161	800128aa	01462283	lw	x5,20(x12)	 x12:0x8002cc60  x5=0x0000009b PA:0x8002cc74 load:0x0000009b
       22615000	      2162	800128ae	01862303	lw	x6,24(x12)	 x12:0x8002cc60  x6=0x80009c71 PA:0x8002cc78 load:0x80009c71
       22625000	      2163	800128b2	01c62383	lw	x7,28(x12)	 x12:0x8002cc60  x7=0x00800000 PA:0x8002cc7c load:0x00800000
       22635000	      2164	800128b6	5200	c.lw	x8,32(x12)	 x12:0x8002cc60  x8=0x00000210 PA:0x8002cc80 load:0x00000210
       22645000	      2165	800128b8	5244	c.lw	x9,36(x12)	 x12:0x8002cc60  x9=0xcf73d000 PA:0x8002cc84 load:0xcf73d000
       22655000	      2166	800128ba	5608	c.lw	x10,40(x12)	 x12:0x8002cc60 x10=0x00000000 PA:0x8002cc88 load:0x00000000
       22665000	      2167	800128bc	564c	c.lw	x11,44(x12)	 x12:0x8002cc60 x11=0x000fffff PA:0x8002cc8c load:0x000fffff
       22675000	      2168	800128be	5a10	c.lw	x12,48(x12)	 x12:0x8002cc60 x12=0x8002cc60 PA:0x8002cc90 load:0x8002cc60
       22695000	      2170	800128c0	5a54	c.lw	x13,52(x12)	 x12:0x8002cc60 x13=0x01ba0020 PA:0x8002cc94 load:0x01ba0020
       22705000	      2171	800128c2	5e18	c.lw	x14,56(x12)	 x12:0x8002cc60 x14=0x8002cce0 PA:0x8002cc98 load:0x8002cce0
       22715000	      2172	800128c4	5e5c	c.lw	x15,60(x12)	 x12:0x8002cc60 x15=0x81baccfe PA:0x8002cc9c load:0x81baccfe
       22725000	      2173	800128c6	04062803	lw	x16,64(x12)	 x12:0x8002cc60 x16=0x000a0099 PA:0x8002cca0 load:0x000a0099
       22735000	      2174	800128ca	04462883	lw	x17,68(x12)	 x12:0x8002cc60 x17=0x75e66579 PA:0x8002cca4 load:0x75e66579
       22745000	      2175	800128ce	04862903	lw	x18,72(x12)	 x12:0x8002cc60 x18=0x00000000 PA:0x8002cca8 load:0x00000000
       22755000	      2176	800128d2	04c62983	lw	x19,76(x12)	 x12:0x8002cc60 x19=0x01ba0001 PA:0x8002ccac load:0x01ba0001
       22765000	      2177	800128d6	05062a03	lw	x20,80(x12)	 x12:0x8002cc60 x20=0x00000001 PA:0x8002ccb0 load:0x00000001
       22775000	      2178	800128da	05462a83	lw	x21,84(x12)	 x12:0x8002cc60 x21=0x75e66579 PA:0x8002ccb4 load:0x75e66579
       22785000	      2179	800128de	05862b03	lw	x22,88(x12)	 x12:0x8002cc60 x22=0x00000000 PA:0x8002ccb8 load:0x00000000
       22795000	      2180	800128e2	05c62b83	lw	x23,92(x12)	 x12:0x8002cc60 x23=0xfffffe9e PA:0x8002ccbc load:0xfffffe9e
       22805000	      2181	800128e6	06062c03	lw	x24,96(x12)	 x12:0x8002cc60 x24=0x00000000 PA:0x8002ccc0 load:0x00000000
       22815000	      2182	800128ea	06462c83	lw	x25,100(x12)	 x12:0x8002cc60 x25=0x7fffc9da PA:0x8002ccc4 load:0x7fffc9da
       22825000	      2183	800128ee	06862d03	lw	x26,104(x12)	 x12:0x8002cc60 x26=0x00000000 PA:0x8002ccc8 load:0x00000000
       22835000	      2184	800128f2	06c62d83	lw	x27,108(x12)	 x12:0x8002cc60 x27=0x00000000 PA:0x8002cccc load:0x00000000
       22845000	      2185	800128f6	07062e03	lw	x28,112(x12)	 x12:0x8002cc60 x28=0xfffffd07 PA:0x8002ccd0 load:0xfffffd07
       22855000	      2186	800128fa	07462e83	lw	x29,116(x12)	 x12:0x8002cc60 x29=0x64000000 PA:0x8002ccd4 load:0x64000000
       22865000	      2187	800128fe	07862f03	lw	x30,120(x12)	 x12:0x8002cc60 x30=0x00000000 PA:0x8002ccd8 load:0x00000000
       22875000	      2188	80012902	07c62f83	lw	x31,124(x12)	 x12:0x8002cc60 x31=0x00000001 PA:0x8002ccdc load:0x00000001
       22885000	      2189	80012906	08060613	addi	x12,x12,128	 x12:0x8002cc60 x12=0x8002cce0
       22895000	      2190	8001290a	00060733	add	x14,x12,x0	 x12:0x8002cce0  x0:0x00000000 x14=0x8002cce0
       22905000	      2191	8001290e	4310	c.lw	x12,0(x14)	 x14:0x8002cce0 x12=0x80028e14 PA:0x8002cce0 load:0x80028e14
       22915000	      2192	80012910	0711	c.addi	x14,4	 x14:0x8002cce0 x14=0x8002cce4
       22925000	      2193	80012912	30200073	mret	
       22955000	      2196	80009f24	0191fcb3	and	x25,x3,x25	  x3:0x00000000 x25:0x7fffc9da x25=0x00000000
       22965000	      2197	80009f28	01860833	add	x16,x12,x24	 x12:0x80028e14 x24:0x00000000 x16=0x80028e14
       22975000	      2198	80009f2c	9c2a	c.add	x24,x10	 x24:0x00000000 x10:0x00000000 x24=0x00000000
       23345000	      2235	80009f2e	034de3b3	rem	x7,x27,x20	 x27:0x00000000 x20:0x00000001  x7=0x00000000
       23355000	      2236	80009f32	7a600593	addi	x11,x0,1958	  x0:0x00000000 x11=0x000007a6
       23365000	      2237	80009f36	00d304b3	add	x9,x6,x13	  x6:0x80009c71 x13:0x01ba0020  x9=0x81ba9c91
       23375000	      2238	80009f3a	8c75	c.and	x8,x13	  x8:0x00000210 x13:0x01ba0020  x8=0x00000000
       23385000	      2239	80009f3c	006fd413	srli	x8,x31,0x6	 x31:0x00000001  x8=0x00000000
       23395000	      2240	80009f40	00f479b3	and	x19,x8,x15	  x8:0x00000000 x15:0x81baccfe x19=0x00000000
       23405000	      2241	80009f44	8da5	c.xor	x11,x9	 x11:0x000007a6  x9:0x81ba9c91 x11=0x81ba9b37
       23415000	      2242	80009f46	48dd	c.li	x17,23	 x17=0x00000017
       23455000	      2246	80009f48	022b2833	mulhsu	x16,x22,x2	 x22:0x00000000  x2:0xf5e39895 x16=0x00000000
       23465000	      2247	80009f4c	16fd	c.addi	x13,-1	 x13:0x01ba0020 x13=0x01ba001f
       23475000	      2248	80009f4e	00462083	lw	x1,4(x12)	 x12:0x80028e14  x1=0x80003f62 PA:0x80028e18 load:0x80003f62
       23485000	      2249	80009f52	fdd3a413	slti	x8,x7,-35	  x7:0x00000000  x8=0x00000000
       23495000	      2250	80009f56	0621	c.addi	x12,8	 x12:0x80028e14 x12=0x80028e1c
       23505000	      2251	80009f58	9356	c.add	x6,x21	  x6:0x80009c71 x21:0x75e66579  x6=0xf5e701ea
       23515000	      2252	80009f5a	00008e93	addi	x29,x1,0	  x1:0x80003f62 x29=0x80003f62
       23525000	      2253	80009f5e	9e82	c.jalr	x29	 x29:0x80003f62  x1=0x80009f60
       23545000	      2255	80003f62	6c91	c.lui	x25,0x4	 x25=0x00004000
       23555000	      2256	80003f64	0001	c.addi	x0,0	  x0:0x00000000  x0=0x00000000
       23565000	      2257	80003f66	00d9da13	srli	x20,x19,0xd	 x19:0x00000000 x20=0x00000000
       23575000	      2258	80003f6a	018cadb3	slt	x27,x25,x24	 x25:0x00004000 x24:0x00000000 x27=0x00000000
       23585000	      2259	80003f6e	01e59313	slli	x6,x11,0x1e	 x11:0x81ba9b37  x6=0xc0000000
       23595000	      2260	80003f72	1db9b413	sltiu	x8,x19,475	 x19:0x00000000  x8=0x00000001
       23605000	      2261	80003f76	0179fdb3	and	x27,x19,x23	 x19:0x00000000 x23:0xfffffe9e x27=0x00000000
       23975000	      2298	80003f7a	0359e2b3	rem	x5,x19,x21	 x19:0x00000000 x21:0x75e66579  x5=0x00000000
       23985000	      2299	80003f7e	01fe4e33	xor	x28,x28,x31	 x28:0xfffffd07 x31:0x00000001 x28=0xfffffd06
       23995000	      2300	80003f82	8c55	c.or	x8,x13	  x8:0x00000001 x13:0x01ba001f  x8=0x01ba001f
       24005000	      2301	80003f84	5e6cf013	andi	x0,x25,1510	 x25:0x00004000  x0=0x00000000
       24015000	      2302	80003f88	b15cf313	andi	x6,x25,-1259	 x25:0x00004000  x6=0x00004000
       24025000	      2303	80003f8c	10500073	wfi	
       24695000	      2370	8000252c	93bfe06f	jal	x0,80000e66	  x0=0x00000000
       24715000	      2372	80000e66	1771	c.addi	x14,-4	 x14:0x8002cce4 x14=0x8002cce0
       24725000	      2373	80000e68	c310	c.sw	x12,0(x14)	 x14:0x8002cce0 x12:0x80028e1c PA:0x8002cce0 store:0x80028e1c load:0x00000000
       24735000	      2374	80000e6a	00070633	add	x12,x14,x0	 x14:0x8002cce0  x0:0x00000000 x12=0x8002cce0
       24745000	      2375	80000e6e	f8060613	addi	x12,x12,-128	 x12:0x8002cce0 x12=0x8002cc60
       24755000	      2376	80000e72	00162223	sw	x1,4(x12)	 x12:0x8002cc60  x1:0x80009f60 PA:0x8002cc64 store:0x80009f60 load:0x00000000
       24765000	      2377	80000e76	00262423	sw	x2,8(x12)	 x12:0x8002cc60  x2:0xf5e39895 PA:0x8002cc68 store:0xf5e39895 load:0x00000000
       24775000	      2378	80000e7a	00362623	sw	x3,12(x12)	 x12:0x8002cc60  x3:0x00000000 PA:0x8002cc6c store:0x00000000 load:0x00000000
       24785000	      2379	80000e7e	00462823	sw	x4,16(x12)	 x12:0x8002cc60  x4:0xffffffff PA:0x8002cc70 store:0xffffffff load:0x00000000
       24795000	      2380	80000e82	00562a23	sw	x5,20(x12)	 x12:0x8002cc60  x5:0x00000000 PA:0x8002cc74 store:0x00000000 load:0x00000000
       24805000	      2381	80000e86	00662c23	sw	x6,24(x12)	 x12:0x8002cc60  x6:0x00004000 PA:0x8002cc78 store:0x00004000 load:0x00000000
       24815000	      2382	80000e8a	00762e23	sw	x7,28(x12)	 x12:0x8002cc60  x7:0x00000000 PA:0x8002cc7c store:0x00000000 load:0x00000000
       24825000	      2383	80000e8e	d200	c.sw	x8,32(x12)	 x12:0x8002cc60  x8:0x01ba001f PA:0x8002cc80 store:0x01ba001f load:0x00000000
       24835000	      2384	80000e90	d244	c.sw	x9,36(x12)	 x12:0x8002cc60  x9:0x81ba9c91 PA:0x8002cc84 store:0x81ba9c91 load:0x00000000
       24845000	      2385	80000e92	d608	c.sw	x10,40(x12)	 x12:0x8002cc60 x10:0x00000000 PA:0x8002cc88 store:0x00000000 load:0x00000000
       24855000	      2386	80000e94	d64c	c.sw	x11,44(x12)	 x12:0x8002cc60 x11:0x81ba9b37 PA:0x8002cc8c store:0x81ba9b37 load:0x00000000
       24865000	      2387	80000e96	da10	c.sw	x12,48(x12)	 x12:0x8002cc60 x12:0x8002cc60 PA:0x8002cc90 store:0x8002cc60 load:0x00000000
       24875000	      2388	80000e98	da54	c.sw	x13,52(x12)	 x12:0x8002cc60 x13:0x01ba001f PA:0x8002cc94 store:0x01ba001f load:0x00000000
       24885000	      2389	80000e9a	de18	c.sw	x14,56(x12)	 x12:0x8002cc60 x14:0x8002cce0 PA:0x8002cc98 store:0x8002cce0 load:0x00000000
       24895000	      2390	80000e9c	de5c	c.sw	x15,60(x12)	 x12:0x8002cc60 x15:0x81baccfe PA:0x8002cc9c store:0x81baccfe load:0x00000000
       24905000	      2391	80000e9e	05062023	sw	x16,64(x12)	 x12:0x8002cc60 x16:0x00000000 PA:0x8002cca0 store:0x00000000 load:0x00000000
       24915000	      2392	80000ea2	05162223	sw	x17,68(x12)	 x12:0x8002cc60 x17:0x00000017 PA:0x8002cca4 store:0x00000017 load:0x00000000
       24925000	      2393	80000ea6	05262423	sw	x18,72(x12)	 x12:0x8002cc60 x18:0x00000000 PA:0x8002cca8 store:0x00000000 load:0x00000000
       24935000	      2394	80000eaa	05362623	sw	x19,76(x12)	 x12:0x8002cc60 x19:0x00000000 PA:0x8002ccac store:0x00000000 load:0x00000000
       24945000	      2395	80000eae	05462823	sw	x20,80(x12)	 x12:0x8002cc60 x20:0x00000000 PA:0x8002ccb0 store:0x00000000 load:0x00000000
       24955000	      2396	80000eb2	05562a23	sw	x21,84(x12)	 x12:0x8002cc60 x21:0x75e66579 PA:0x8002ccb4 store:0x75e66579 load:0x00000000
       24965000	      2397	80000eb6	05662c23	sw	x22,88(x12)	 x12:0x8002cc60 x22:0x00000000 PA:0x8002ccb8 store:0x00000000 load:0x00000000
       24975000	      2398	80000eba	05762e23	sw	x23,92(x12)	 x12:0x8002cc60 x23:0xfffffe9e PA:0x8002ccbc store:0xfffffe9e load:0x00000000
       24985000	      2399	80000ebe	07862023	sw	x24,96(x12)	 x12:0x8002cc60 x24:0x00000000 PA:0x8002ccc0 store:0x00000000 load:0x00000000
       24995000	      2400	80000ec2	07962223	sw	x25,100(x12)	 x12:0x8002cc60 x25:0x00004000 PA:0x8002ccc4 store:0x00004000 load:0x00000000
       25005000	      2401	80000ec6	07a62423	sw	x26,104(x12)	 x12:0x8002cc60 x26:0x00000000 PA:0x8002ccc8 store:0x00000000 load:0x00000000
       25015000	      2402	80000eca	07b62623	sw	x27,108(x12)	 x12:0x8002cc60 x27:0x00000000 PA:0x8002cccc store:0x00000000 load:0x00000000
       25025000	      2403	80000ece	07c62823	sw	x28,112(x12)	 x12:0x8002cc60 x28:0xfffffd06 PA:0x8002ccd0 store:0xfffffd06 load:0x00000000
       25035000	      2404	80000ed2	07d62a23	sw	x29,116(x12)	 x12:0x8002cc60 x29:0x80003f62 PA:0x8002ccd4 store:0x80003f62 load:0x00000000
       25045000	      2405	80000ed6	07e62c23	sw	x30,120(x12)	 x12:0x8002cc60 x30:0x00000000 PA:0x8002ccd8 store:0x00000000 load:0x00000000
       25055000	      2406	80000eda	07f62e23	sw	x31,124(x12)	 x12:0x8002cc60 x31:0x00000001 PA:0x8002ccdc store:0x00000001 load:0x00000000
       25065000	      2407	80000ede	00060733	add	x14,x12,x0	 x12:0x8002cc60  x0:0x00000000 x14=0x8002cc60
       25075000	      2408	80000ee2	90000a37	lui	x20,0x90000	 x20=0x90000000
       25085000	      2409	80000ee6	1a71	c.addi	x20,-4	 x20:0x90000000 x20=0x8ffffffc
       25095000	      2410	80000ee8	4319	c.li	x6,6	  x6=0x00000006
       25105000	      2411	80000eea	0322	c.slli	x6,0x8	  x6:0x00000006  x6=0x00000600
       25115000	      2412	80000eec	00030313	addi	x6,x6,0	  x6:0x00000600  x6=0x00000600
       25125000	      2413	80000ef0	006a2023	sw	x6,0(x20)	 x20:0x8ffffffc  x6:0x00000600 PA:0x8ffffffc store:0x00000600 load:0x00000000
       25135000	      2414	80000ef4	34202373	csrrs	x6,mcause,x0	  x0:0x00000000  x6=0x8000000b
       25145000	      2415	80000ef8	01f35313	srli	x6,x6,0x1f	  x6:0x8000000b  x6=0x00000001
       25155000	      2416	80000efc	06030863	beq	x6,x0,80000f6c	  x6:0x00000001  x0:0x00000000
       25165000	      2417	80000f00	90000a37	lui	x20,0x90000	 x20=0x90000000
       25175000	      2418	80000f04	1a71	c.addi	x20,-4	 x20:0x90000000 x20=0x8ffffffc
       25185000	      2419	80000f06	30000313	addi	x6,x0,768	  x0:0x00000000  x6=0x00000300
       25195000	      2420	80000f0a	0322	c.slli	x6,0x8	  x6:0x00000300  x6=0x00030000
       25205000	      2421	80000f0c	030d	c.addi	x6,3	  x6:0x00030000  x6=0x00030003
       25215000	      2422	80000f0e	006a2023	sw	x6,0(x20)	 x20:0x8ffffffc  x6:0x00030003 PA:0x8ffffffc store:0x00030003 load:0x00000000
       25225000	      2423	80000f12	30002373	csrrs	x6,mstatus,x0	  x0:0x00000000  x6=0x00000080
       25235000	      2424	80000f16	006a2023	sw	x6,0(x20)	 x20:0x8ffffffc  x6:0x00000080 PA:0x8ffffffc store:0x00000080 load:0x00000000
       25245000	      2425	80000f1a	90000a37	lui	x20,0x90000	 x20=0x90000000
       25255000	      2426	80000f1e	1a71	c.addi	x20,-4	 x20:0x90000000 x20=0x8ffffffc
       25265000	      2427	80000f20	34200313	addi	x6,x0,834	  x0:0x00000000  x6=0x00000342
       25275000	      2428	80000f24	0322	c.slli	x6,0x8	  x6:0x00000342  x6=0x00034200
       25285000	      2429	80000f26	030d	c.addi	x6,3	  x6:0x00034200  x6=0x00034203
       25295000	      2430	80000f28	006a2023	sw	x6,0(x20)	 x20:0x8ffffffc  x6:0x00034203 PA:0x8ffffffc store:0x00034203 load:0x00000000
       25305000	      2431	80000f2c	34202373	csrrs	x6,mcause,x0	  x0:0x00000000  x6=0x8000000b
       25315000	      2432	80000f30	006a2023	sw	x6,0(x20)	 x20:0x8ffffffc  x6:0x8000000b PA:0x8ffffffc store:0x8000000b load:0x00000000
       25325000	      2433	80000f34	90000a37	lui	x20,0x90000	 x20=0x90000000
       25335000	      2434	80000f38	1a71	c.addi	x20,-4	 x20:0x90000000 x20=0x8ffffffc
       25345000	      2435	80000f3a	30400313	addi	x6,x0,772	  x0:0x00000000  x6=0x00000304
       25355000	      2436	80000f3e	0322	c.slli	x6,0x8	  x6:0x00000304  x6=0x00030400
       25365000	      2437	80000f40	030d	c.addi	x6,3	  x6:0x00030400  x6=0x00030403
       25375000	      2438	80000f42	006a2023	sw	x6,0(x20)	 x20:0x8ffffffc  x6:0x00030403 PA:0x8ffffffc store:0x00030403 load:0x00000000
       25385000	      2439	80000f46	30402373	csrrs	x6,mie,x0	  x0:0x00000000  x6=0x53ac0888
       25395000	      2440	80000f4a	006a2023	sw	x6,0(x20)	 x20:0x8ffffffc  x6:0x53ac0888 PA:0x8ffffffc store:0x53ac0888 load:0x00000000
       25405000	      2441	80000f4e	90000a37	lui	x20,0x90000	 x20=0x90000000
       25415000	      2442	80000f52	1a71	c.addi	x20,-4	 x20:0x90000000 x20=0x8ffffffc
       25425000	      2443	80000f54	34400313	addi	x6,x0,836	  x0:0x00000000  x6=0x00000344
       25435000	      2444	80000f58	0322	c.slli	x6,0x8	  x6:0x00000344  x6=0x00034400
       25445000	      2445	80000f5a	030d	c.addi	x6,3	  x6:0x00034400  x6=0x00034403
       25455000	      2446	80000f5c	006a2023	sw	x6,0(x20)	 x20:0x8ffffffc  x6:0x00034403 PA:0x8ffffffc store:0x00034403 load:0x00000000
       25465000	      2447	80000f60	34402373	csrrs	x6,mip,x0	  x0:0x00000000  x6=0x00000000
       25475000	      2448	80000f64	006a2023	sw	x6,0(x20)	 x20:0x8ffffffc  x6:0x00000000 PA:0x8ffffffc store:0x00000000 load:0x00000000
       25485000	      2449	80000f68	10d1106f	jal	x0,80012874	  x0=0x00000000
       25505000	      2451	80012874	30002373	csrrs	x6,mstatus,x0	  x0:0x00000000  x6=0x00000080
       25515000	      2452	80012878	30402373	csrrs	x6,mie,x0	  x0:0x00000000  x6=0x53ac0888
       25525000	      2453	8001287c	34402373	csrrs	x6,mip,x0	  x0:0x00000000  x6=0x00000000
       25535000	      2454	80012880	34433373	csrrc	x6,mip,x6	  x6:0x00000000  x6=0x00000000
       25565000	      2457	80012884	90000a37	lui	x20,0x90000	 x20=0x90000000
       25575000	      2458	80012888	1a71	c.addi	x20,-4	 x20:0x90000000 x20=0x8ffffffc
       25585000	      2459	8001288a	431d	c.li	x6,7	  x6=0x00000007
       25595000	      2460	8001288c	0322	c.slli	x6,0x8	  x6:0x00000007  x6=0x00000700
       25605000	      2461	8001288e	00030313	addi	x6,x6,0	  x6:0x00000700  x6=0x00000700
       25615000	      2462	80012892	006a2023	sw	x6,0(x20)	 x20:0x8ffffffc  x6:0x00000700 PA:0x8ffffffc store:0x00000700 load:0x00000000
       25625000	      2463	80012896	00070633	add	x12,x14,x0	 x14:0x8002cc60  x0:0x00000000 x12=0x8002cc60
       25635000	      2464	8001289a	00462083	lw	x1,4(x12)	 x12:0x8002cc60  x1=0x80009f60 PA:0x8002cc64 load:0x80009f60
       25645000	      2465	8001289e	00862103	lw	x2,8(x12)	 x12:0x8002cc60  x2=0xf5e39895 PA:0x8002cc68 load:0xf5e39895
       25655000	      2466	800128a2	00c62183	lw	x3,12(x12)	 x12:0x8002cc60  x3=0x00000000 PA:0x8002cc6c load:0x00000000
       25665000	      2467	800128a6	01062203	lw	x4,16(x12)	 x12:0x8002cc60  x4=0xffffffff PA:0x8002cc70 load:0xffffffff
       25675000	      2468	800128aa	01462283	lw	x5,20(x12)	 x12:0x8002cc60  x5=0x00000000 PA:0x8002cc74 load:0x00000000
       25685000	      2469	800128ae	01862303	lw	x6,24(x12)	 x12:0x8002cc60  x6=0x00004000 PA:0x8002cc78 load:0x00004000
       25695000	      2470	800128b2	01c62383	lw	x7,28(x12)	 x12:0x8002cc60  x7=0x00000000 PA:0x8002cc7c load:0x00000000
       25705000	      2471	800128b6	5200	c.lw	x8,32(x12)	 x12:0x8002cc60  x8=0x01ba001f PA:0x8002cc80 load:0x01ba001f
       25715000	      2472	800128b8	5244	c.lw	x9,36(x12)	 x12:0x8002cc60  x9=0x81ba9c91 PA:0x8002cc84 load:0x81ba9c91
       25725000	      2473	800128ba	5608	c.lw	x10,40(x12)	 x12:0x8002cc60 x10=0x00000000 PA:0x8002cc88 load:0x00000000
       25735000	      2474	800128bc	564c	c.lw	x11,44(x12)	 x12:0x8002cc60 x11=0x81ba9b37 PA:0x8002cc8c load:0x81ba9b37
       25745000	      2475	800128be	5a10	c.lw	x12,48(x12)	 x12:0x8002cc60 x12=0x8002cc60 PA:0x8002cc90 load:0x8002cc60
       25765000	      2477	800128c0	5a54	c.lw	x13,52(x12)	 x12:0x8002cc60 x13=0x01ba001f PA:0x8002cc94 load:0x01ba001f
       25775000	      2478	800128c2	5e18	c.lw	x14,56(x12)	 x12:0x8002cc60 x14=0x8002cce0 PA:0x8002cc98 load:0x8002cce0
       25785000	      2479	800128c4	5e5c	c.lw	x15,60(x12)	 x12:0x8002cc60 x15=0x81baccfe PA:0x8002cc9c load:0x81baccfe
       25795000	      2480	800128c6	04062803	lw	x16,64(x12)	 x12:0x8002cc60 x16=0x00000000 PA:0x8002cca0 load:0x00000000
       25805000	      2481	800128ca	04462883	lw	x17,68(x12)	 x12:0x8002cc60 x17=0x00000017 PA:0x8002cca4 load:0x00000017
       25815000	      2482	800128ce	04862903	lw	x18,72(x12)	 x12:0x8002cc60 x18=0x00000000 PA:0x8002cca8 load:0x00000000
       25825000	      2483	800128d2	04c62983	lw	x19,76(x12)	 x12:0x8002cc60 x19=0x00000000 PA:0x8002ccac load:0x00000000
       25835000	      2484	800128d6	05062a03	lw	x20,80(x12)	 x12:0x8002cc60 x20=0x00000000 PA:0x8002ccb0 load:0x00000000
       25845000	      2485	800128da	05462a83	lw	x21,84(x12)	 x12:0x8002cc60 x21=0x75e66579 PA:0x8002ccb4 load:0x75e66579
       25855000	      2486	800128de	05862b03	lw	x22,88(x12)	 x12:0x8002cc60 x22=0x00000000 PA:0x8002ccb8 load:0x00000000
       25865000	      2487	800128e2	05c62b83	lw	x23,92(x12)	 x12:0x8002cc60 x23=0xfffffe9e PA:0x8002ccbc load:0xfffffe9e
       25875000	      2488	800128e6	06062c03	lw	x24,96(x12)	 x12:0x8002cc60 x24=0x00000000 PA:0x8002ccc0 load:0x00000000
       25885000	      2489	800128ea	06462c83	lw	x25,100(x12)	 x12:0x8002cc60 x25=0x00004000 PA:0x8002ccc4 load:0x00004000
       25895000	      2490	800128ee	06862d03	lw	x26,104(x12)	 x12:0x8002cc60 x26=0x00000000 PA:0x8002ccc8 load:0x00000000
       25905000	      2491	800128f2	06c62d83	lw	x27,108(x12)	 x12:0x8002cc60 x27=0x00000000 PA:0x8002cccc load:0x00000000
       25915000	      2492	800128f6	07062e03	lw	x28,112(x12)	 x12:0x8002cc60 x28=0xfffffd06 PA:0x8002ccd0 load:0xfffffd06
       25925000	      2493	800128fa	07462e83	lw	x29,116(x12)	 x12:0x8002cc60 x29=0x80003f62 PA:0x8002ccd4 load:0x80003f62
       25935000	      2494	800128fe	07862f03	lw	x30,120(x12)	 x12:0x8002cc60 x30=0x00000000 PA:0x8002ccd8 load:0x00000000
       25945000	      2495	80012902	07c62f83	lw	x31,124(x12)	 x12:0x8002cc60 x31=0x00000001 PA:0x8002ccdc load:0x00000001
       25955000	      2496	80012906	08060613	addi	x12,x12,128	 x12:0x8002cc60 x12=0x8002cce0
       25965000	      2497	8001290a	00060733	add	x14,x12,x0	 x12:0x8002cce0  x0:0x00000000 x14=0x8002cce0
       25975000	      2498	8001290e	4310	c.lw	x12,0(x14)	 x14:0x8002cce0 x12=0x80028e1c PA:0x8002cce0 load:0x80028e1c
       25985000	      2499	80012910	0711	c.addi	x14,4	 x14:0x8002cce0 x14=0x8002cce4
       25995000	      2500	80012912	30200073	mret	
       26025000	      2503	80003f90	477f6493	ori	x9,x30,1143	 x30:0x00000000  x9=0x00000477
       26035000	      2504	80003f94	01c81a63	bne	x16,x28,80003fa8	 x16:0x00000000 x28:0xfffffd06
       26055000	      2506	80003fa8	0ff0000f	fence	iorw,iorw	
       26065000	      2507	80003fac	019e7463	bgeu	x28,x25,80003fb4	 x28:0xfffffd06 x25:0x00004000
       26115000	      2512	80003fb4	029ab033	mulhu	x0,x21,x9	 x21:0x75e66579  x9:0x00000477  x0=0x00000000
       26125000	      2513	80003fb8	01cc6333	or	x6,x24,x28	 x24:0x00000000 x28:0xfffffd06  x6=0xfffffd06
       26495000	      2550	80003fbc	0312eeb3	rem	x29,x5,x17	  x5:0x00000000 x17:0x00000017 x29=0x00000000
       26505000	      2551	80003fc0	8ca9	c.xor	x9,x10	  x9:0x00000477 x10:0x00000000  x9=0x00000477
       26515000	      2552	80003fc2	05cf4063	blt	x30,x28,80004002	 x30:0x00000000 x28:0xfffffd06
       26525000	      2553	80003fc6	c295	c.beqz	x13,80003fea	 x13:0x01ba001f
       26535000	      2554	80003fc8	e045c993	xori	x19,x11,-508	 x11:0x81ba9b37 x19=0x7e456533
       26575000	      2558	80003fcc	032aa9b3	mulhsu	x19,x21,x18	 x21:0x75e66579 x18:0x00000000 x19=0x00000000
       26585000	      2559	80003fd0	e711ee93	ori	x29,x3,-399	  x3:0x00000000 x29=0xfffffe71
       26595000	      2560	80003fd4	a2072893	slti	x17,x14,-1504	 x14:0x8002cce4 x17=0x00000001
       26605000	      2561	80003fd8	0001	c.addi	x0,0	  x0:0x00000000  x0=0x00000000
       26975000	      2598	80003fda	024b58b3	divu	x17,x22,x4	 x22:0x00000000  x4:0xffffffff x17=0x00000000
       27345000	      2635	80003fde	029a5b33	divu	x22,x20,x9	 x20:0x00000000  x9:0x00000477 x22=0x00000000
       27355000	      2636	80003fe2	00a78cb3	add	x25,x15,x10	 x15:0x81baccfe x10:0x00000000 x25=0x81baccfe
       27395000	      2640	80003fe6	03c719b3	mulh	x19,x14,x28	 x14:0x8002cce4 x28:0xfffffd06 x19=0x0000017c
       27765000	      2677	80003fea	0215ceb3	div	x29,x11,x1	 x11:0x81ba9b37  x1:0x80009f60 x29=0x00000000
       27805000	      2681	8000252c	93bfe06f	jal	x0,80000e66	  x0=0x00000000
       27825000	      2683	80000e66	1771	c.addi	x14,-4	 x14:0x8002cce4 x14=0x8002cce0
       27835000	      2684	80000e68	c310	c.sw	x12,0(x14)	 x14:0x8002cce0 x12:0x80028e1c PA:0x8002cce0 store:0x80028e1c load:0x00000000
       27845000	      2685	80000e6a	00070633	add	x12,x14,x0	 x14:0x8002cce0  x0:0x00000000 x12=0x8002cce0
       27855000	      2686	80000e6e	f8060613	addi	x12,x12,-128	 x12:0x8002cce0 x12=0x8002cc60
       27865000	      2687	80000e72	00162223	sw	x1,4(x12)	 x12:0x8002cc60  x1:0x80009f60 PA:0x8002cc64 store:0x80009f60 load:0x00000000
       27875000	      2688	80000e76	00262423	sw	x2,8(x12)	 x12:0x8002cc60  x2:0xf5e39895 PA:0x8002cc68 store:0xf5e39895 load:0x00000000
       27885000	      2689	80000e7a	00362623	sw	x3,12(x12)	 x12:0x8002cc60  x3:0x00000000 PA:0x8002cc6c store:0x00000000 load:0x00000000
       27895000	      2690	80000e7e	00462823	sw	x4,16(x12)	 x12:0x8002cc60  x4:0xffffffff PA:0x8002cc70 store:0xffffffff load:0x00000000
       27905000	      2691	80000e82	00562a23	sw	x5,20(x12)	 x12:0x8002cc60  x5:0x00000000 PA:0x8002cc74 store:0x00000000 load:0x00000000
       27915000	      2692	80000e86	00662c23	sw	x6,24(x12)	 x12:0x8002cc60  x6:0xfffffd06 PA:0x8002cc78 store:0xfffffd06 load:0x00000000
       27925000	      2693	80000e8a	00762e23	sw	x7,28(x12)	 x12:0x8002cc60  x7:0x00000000 PA:0x8002cc7c store:0x00000000 load:0x00000000
       27935000	      2694	80000e8e	d200	c.sw	x8,32(x12)	 x12:0x8002cc60  x8:0x01ba001f PA:0x8002cc80 store:0x01ba001f load:0x00000000
       27945000	      2695	80000e90	d244	c.sw	x9,36(x12)	 x12:0x8002cc60  x9:0x00000477 PA:0x8002cc84 store:0x00000477 load:0x00000000
       27955000	      2696	80000e92	d608	c.sw	x10,40(x12)	 x12:0x8002cc60 x10:0x00000000 PA:0x8002cc88 store:0x00000000 load:0x00000000
       27965000	      2697	80000e94	d64c	c.sw	x11,44(x12)	 x12:0x8002cc60 x11:0x81ba9b37 PA:0x8002cc8c store:0x81ba9b37 load:0x00000000
       27975000	      2698	80000e96	da10	c.sw	x12,48(x12)	 x12:0x8002cc60 x12:0x8002cc60 PA:0x8002cc90 store:0x8002cc60 load:0x00000000
       27985000	      2699	80000e98	da54	c.sw	x13,52(x12)	 x12:0x8002cc60 x13:0x01ba001f PA:0x8002cc94 store:0x01ba001f load:0x00000000
       27995000	      2700	80000e9a	de18	c.sw	x14,56(x12)	 x12:0x8002cc60 x14:0x8002cce0 PA:0x8002cc98 store:0x8002cce0 load:0x00000000
       28005000	      2701	80000e9c	de5c	c.sw	x15,60(x12)	 x12:0x8002cc60 x15:0x81baccfe PA:0x8002cc9c store:0x81baccfe load:0x00000000
       28015000	      2702	80000e9e	05062023	sw	x16,64(x12)	 x12:0x8002cc60 x16:0x00000000 PA:0x8002cca0 store:0x00000000 load:0x00000000
       28025000	      2703	80000ea2	05162223	sw	x17,68(x12)	 x12:0x8002cc60 x17:0x00000000 PA:0x8002cca4 store:0x00000000 load:0x00000000
       28035000	      2704	80000ea6	05262423	sw	x18,72(x12)	 x12:0x8002cc60 x18:0x00000000 PA:0x8002cca8 store:0x00000000 load:0x00000000
       28045000	      2705	80000eaa	05362623	sw	x19,76(x12)	 x12:0x8002cc60 x19:0x0000017c PA:0x8002ccac store:0x0000017c load:0x00000000
       28055000	      2706	80000eae	05462823	sw	x20,80(x12)	 x12:0x8002cc60 x20:0x00000000 PA:0x8002ccb0 store:0x00000000 load:0x00000000
       28065000	      2707	80000eb2	05562a23	sw	x21,84(x12)	 x12:0x8002cc60 x21:0x75e66579 PA:0x8002ccb4 store:0x75e66579 load:0x00000000
       28075000	      2708	80000eb6	05662c23	sw	x22,88(x12)	 x12:0x8002cc60 x22:0x00000000 PA:0x8002ccb8 store:0x00000000 load:0x00000000
       28085000	      2709	80000eba	05762e23	sw	x23,92(x12)	 x12:0x8002cc60 x23:0xfffffe9e PA:0x8002ccbc store:0xfffffe9e load:0x00000000
       28095000	      2710	80000ebe	07862023	sw	x24,96(x12)	 x12:0x8002cc60 x24:0x00000000 PA:0x8002ccc0 store:0x00000000 load:0x00000000
       28105000	      2711	80000ec2	07962223	sw	x25,100(x12)	 x12:0x8002cc60 x25:0x81baccfe PA:0x8002ccc4 store:0x81baccfe load:0x00000000
       28115000	      2712	80000ec6	07a62423	sw	x26,104(x12)	 x12:0x8002cc60 x26:0x00000000 PA:0x8002ccc8 store:0x00000000 load:0x00000000
       28125000	      2713	80000eca	07b62623	sw	x27,108(x12)	 x12:0x8002cc60 x27:0x00000000 PA:0x8002cccc store:0x00000000 load:0x00000000
       28135000	      2714	80000ece	07c62823	sw	x28,112(x12)	 x12:0x8002cc60 x28:0xfffffd06 PA:0x8002ccd0 store:0xfffffd06 load:0x00000000
       28145000	      2715	80000ed2	07d62a23	sw	x29,116(x12)	 x12:0x8002cc60 x29:0x00000000 PA:0x8002ccd4 store:0x00000000 load:0x00000000
       28155000	      2716	80000ed6	07e62c23	sw	x30,120(x12)	 x12:0x8002cc60 x30:0x00000000 PA:0x8002ccd8 store:0x00000000 load:0x00000000
       28165000	      2717	80000eda	07f62e23	sw	x31,124(x12)	 x12:0x8002cc60 x31:0x00000001 PA:0x8002ccdc store:0x00000001 load:0x00000000
       28175000	      2718	80000ede	00060733	add	x14,x12,x0	 x12:0x8002cc60  x0:0x00000000 x14=0x8002cc60
       28185000	      2719	80000ee2	90000a37	lui	x20,0x90000	 x20=0x90000000
       28195000	      2720	80000ee6	1a71	c.addi	x20,-4	 x20:0x90000000 x20=0x8ffffffc
       28205000	      2721	80000ee8	4319	c.li	x6,6	  x6=0x00000006
       28215000	      2722	80000eea	0322	c.slli	x6,0x8	  x6:0x00000006  x6=0x00000600
       28225000	      2723	80000eec	00030313	addi	x6,x6,0	  x6:0x00000600  x6=0x00000600
       28235000	      2724	80000ef0	006a2023	sw	x6,0(x20)	 x20:0x8ffffffc  x6:0x00000600 PA:0x8ffffffc store:0x00000600 load:0x00000000
       28245000	      2725	80000ef4	34202373	csrrs	x6,mcause,x0	  x0:0x00000000  x6=0x8000000b
       28255000	      2726	80000ef8	01f35313	srli	x6,x6,0x1f	  x6:0x8000000b  x6=0x00000001
       28265000	      2727	80000efc	06030863	beq	x6,x0,80000f6c	  x6:0x00000001  x0:0x00000000
       28275000	      2728	80000f00	90000a37	lui	x20,0x90000	 x20=0x90000000
       28285000	      2729	80000f04	1a71	c.addi	x20,-4	 x20:0x90000000 x20=0x8ffffffc
       28295000	      2730	80000f06	30000313	addi	x6,x0,768	  x0:0x00000000  x6=0x00000300
       28305000	      2731	80000f0a	0322	c.slli	x6,0x8	  x6:0x00000300  x6=0x00030000
       28315000	      2732	80000f0c	030d	c.addi	x6,3	  x6:0x00030000  x6=0x00030003
       28325000	      2733	80000f0e	006a2023	sw	x6,0(x20)	 x20:0x8ffffffc  x6:0x00030003 PA:0x8ffffffc store:0x00030003 load:0x00000000
       28335000	      2734	80000f12	30002373	csrrs	x6,mstatus,x0	  x0:0x00000000  x6=0x00000080
       28345000	      2735	80000f16	006a2023	sw	x6,0(x20)	 x20:0x8ffffffc  x6:0x00000080 PA:0x8ffffffc store:0x00000080 load:0x00000000
       28355000	      2736	80000f1a	90000a37	lui	x20,0x90000	 x20=0x90000000
       28365000	      2737	80000f1e	1a71	c.addi	x20,-4	 x20:0x90000000 x20=0x8ffffffc
       28375000	      2738	80000f20	34200313	addi	x6,x0,834	  x0:0x00000000  x6=0x00000342
       28385000	      2739	80000f24	0322	c.slli	x6,0x8	  x6:0x00000342  x6=0x00034200
       28395000	      2740	80000f26	030d	c.addi	x6,3	  x6:0x00034200  x6=0x00034203
       28405000	      2741	80000f28	006a2023	sw	x6,0(x20)	 x20:0x8ffffffc  x6:0x00034203 PA:0x8ffffffc store:0x00034203 load:0x00000000
       28415000	      2742	80000f2c	34202373	csrrs	x6,mcause,x0	  x0:0x00000000  x6=0x8000000b
       28425000	      2743	80000f30	006a2023	sw	x6,0(x20)	 x20:0x8ffffffc  x6:0x8000000b PA:0x8ffffffc store:0x8000000b load:0x00000000
       28435000	      2744	80000f34	90000a37	lui	x20,0x90000	 x20=0x90000000
       28445000	      2745	80000f38	1a71	c.addi	x20,-4	 x20:0x90000000 x20=0x8ffffffc
       28455000	      2746	80000f3a	30400313	addi	x6,x0,772	  x0:0x00000000  x6=0x00000304
       28465000	      2747	80000f3e	0322	c.slli	x6,0x8	  x6:0x00000304  x6=0x00030400
       28475000	      2748	80000f40	030d	c.addi	x6,3	  x6:0x00030400  x6=0x00030403
       28485000	      2749	80000f42	006a2023	sw	x6,0(x20)	 x20:0x8ffffffc  x6:0x00030403 PA:0x8ffffffc store:0x00030403 load:0x00000000
       28495000	      2750	80000f46	30402373	csrrs	x6,mie,x0	  x0:0x00000000  x6=0x53ac0888
       28505000	      2751	80000f4a	006a2023	sw	x6,0(x20)	 x20:0x8ffffffc  x6:0x53ac0888 PA:0x8ffffffc store:0x53ac0888 load:0x00000000
       28515000	      2752	80000f4e	90000a37	lui	x20,0x90000	 x20=0x90000000
       28525000	      2753	80000f52	1a71	c.addi	x20,-4	 x20:0x90000000 x20=0x8ffffffc
       28535000	      2754	80000f54	34400313	addi	x6,x0,836	  x0:0x00000000  x6=0x00000344
       28545000	      2755	80000f58	0322	c.slli	x6,0x8	  x6:0x00000344  x6=0x00034400
       28555000	      2756	80000f5a	030d	c.addi	x6,3	  x6:0x00034400  x6=0x00034403
       28565000	      2757	80000f5c	006a2023	sw	x6,0(x20)	 x20:0x8ffffffc  x6:0x00034403 PA:0x8ffffffc store:0x00034403 load:0x00000000
       28575000	      2758	80000f60	34402373	csrrs	x6,mip,x0	  x0:0x00000000  x6=0x00000000
       28585000	      2759	80000f64	006a2023	sw	x6,0(x20)	 x20:0x8ffffffc  x6:0x00000000 PA:0x8ffffffc store:0x00000000 load:0x00000000
       28595000	      2760	80000f68	10d1106f	jal	x0,80012874	  x0=0x00000000
       28615000	      2762	80012874	30002373	csrrs	x6,mstatus,x0	  x0:0x00000000  x6=0x00000080
       28625000	      2763	80012878	30402373	csrrs	x6,mie,x0	  x0:0x00000000  x6=0x53ac0888
       28635000	      2764	8001287c	34402373	csrrs	x6,mip,x0	  x0:0x00000000  x6=0x00000000
       28645000	      2765	80012880	34433373	csrrc	x6,mip,x6	  x6:0x00000000  x6=0x00000000
       28675000	      2768	80012884	90000a37	lui	x20,0x90000	 x20=0x90000000
       28685000	      2769	80012888	1a71	c.addi	x20,-4	 x20:0x90000000 x20=0x8ffffffc
       28695000	      2770	8001288a	431d	c.li	x6,7	  x6=0x00000007
       28705000	      2771	8001288c	0322	c.slli	x6,0x8	  x6:0x00000007  x6=0x00000700
       28715000	      2772	8001288e	00030313	addi	x6,x6,0	  x6:0x00000700  x6=0x00000700
       28725000	      2773	80012892	006a2023	sw	x6,0(x20)	 x20:0x8ffffffc  x6:0x00000700 PA:0x8ffffffc store:0x00000700 load:0x00000000
       28735000	      2774	80012896	00070633	add	x12,x14,x0	 x14:0x8002cc60  x0:0x00000000 x12=0x8002cc60
       28745000	      2775	8001289a	00462083	lw	x1,4(x12)	 x12:0x8002cc60  x1=0x80009f60 PA:0x8002cc64 load:0x80009f60
       28755000	      2776	8001289e	00862103	lw	x2,8(x12)	 x12:0x8002cc60  x2=0xf5e39895 PA:0x8002cc68 load:0xf5e39895
       28765000	      2777	800128a2	00c62183	lw	x3,12(x12)	 x12:0x8002cc60  x3=0x00000000 PA:0x8002cc6c load:0x00000000
       28775000	      2778	800128a6	01062203	lw	x4,16(x12)	 x12:0x8002cc60  x4=0xffffffff PA:0x8002cc70 load:0xffffffff
       28785000	      2779	800128aa	01462283	lw	x5,20(x12)	 x12:0x8002cc60  x5=0x00000000 PA:0x8002cc74 load:0x00000000
       28795000	      2780	800128ae	01862303	lw	x6,24(x12)	 x12:0x8002cc60  x6=0xfffffd06 PA:0x8002cc78 load:0xfffffd06
       28805000	      2781	800128b2	01c62383	lw	x7,28(x12)	 x12:0x8002cc60  x7=0x00000000 PA:0x8002cc7c load:0x00000000
       28815000	      2782	800128b6	5200	c.lw	x8,32(x12)	 x12:0x8002cc60  x8=0x01ba001f PA:0x8002cc80 load:0x01ba001f
       28825000	      2783	800128b8	5244	c.lw	x9,36(x12)	 x12:0x8002cc60  x9=0x00000477 PA:0x8002cc84 load:0x00000477
       28835000	      2784	800128ba	5608	c.lw	x10,40(x12)	 x12:0x8002cc60 x10=0x00000000 PA:0x8002cc88 load:0x00000000
       28845000	      2785	800128bc	564c	c.lw	x11,44(x12)	 x12:0x8002cc60 x11=0x81ba9b37 PA:0x8002cc8c load:0x81ba9b37
       28855000	      2786	800128be	5a10	c.lw	x12,48(x12)	 x12:0x8002cc60 x12=0x8002cc60 PA:0x8002cc90 load:0x8002cc60
       28875000	      2788	800128c0	5a54	c.lw	x13,52(x12)	 x12:0x8002cc60 x13=0x01ba001f PA:0x8002cc94 load:0x01ba001f
       28885000	      2789	800128c2	5e18	c.lw	x14,56(x12)	 x12:0x8002cc60 x14=0x8002cce0 PA:0x8002cc98 load:0x8002cce0
       28895000	      2790	800128c4	5e5c	c.lw	x15,60(x12)	 x12:0x8002cc60 x15=0x81baccfe PA:0x8002cc9c load:0x81baccfe
       28905000	      2791	800128c6	04062803	lw	x16,64(x12)	 x12:0x8002cc60 x16=0x00000000 PA:0x8002cca0 load:0x00000000
       28915000	      2792	800128ca	04462883	lw	x17,68(x12)	 x12:0x8002cc60 x17=0x00000000 PA:0x8002cca4 load:0x00000000
       28925000	      2793	800128ce	04862903	lw	x18,72(x12)	 x12:0x8002cc60 x18=0x00000000 PA:0x8002cca8 load:0x00000000
       28935000	      2794	800128d2	04c62983	lw	x19,76(x12)	 x12:0x8002cc60 x19=0x0000017c PA:0x8002ccac load:0x0000017c
       28945000	      2795	800128d6	05062a03	lw	x20,80(x12)	 x12:0x8002cc60 x20=0x00000000 PA:0x8002ccb0 load:0x00000000
       28955000	      2796	800128da	05462a83	lw	x21,84(x12)	 x12:0x8002cc60 x21=0x75e66579 PA:0x8002ccb4 load:0x75e66579
       28965000	      2797	800128de	05862b03	lw	x22,88(x12)	 x12:0x8002cc60 x22=0x00000000 PA:0x8002ccb8 load:0x00000000
       28975000	      2798	800128e2	05c62b83	lw	x23,92(x12)	 x12:0x8002cc60 x23=0xfffffe9e PA:0x8002ccbc load:0xfffffe9e
       28985000	      2799	800128e6	06062c03	lw	x24,96(x12)	 x12:0x8002cc60 x24=0x00000000 PA:0x8002ccc0 load:0x00000000
       28995000	      2800	800128ea	06462c83	lw	x25,100(x12)	 x12:0x8002cc60 x25=0x81baccfe PA:0x8002ccc4 load:0x81baccfe
       29005000	      2801	800128ee	06862d03	lw	x26,104(x12)	 x12:0x8002cc60 x26=0x00000000 PA:0x8002ccc8 load:0x00000000
       29015000	      2802	800128f2	06c62d83	lw	x27,108(x12)	 x12:0x8002cc60 x27=0x00000000 PA:0x8002cccc load:0x00000000
       29025000	      2803	800128f6	07062e03	lw	x28,112(x12)	 x12:0x8002cc60 x28=0xfffffd06 PA:0x8002ccd0 load:0xfffffd06
       29035000	      2804	800128fa	07462e83	lw	x29,116(x12)	 x12:0x8002cc60 x29=0x00000000 PA:0x8002ccd4 load:0x00000000
       29045000	      2805	800128fe	07862f03	lw	x30,120(x12)	 x12:0x8002cc60 x30=0x00000000 PA:0x8002ccd8 load:0x00000000
       29055000	      2806	80012902	07c62f83	lw	x31,124(x12)	 x12:0x8002cc60 x31=0x00000001 PA:0x8002ccdc load:0x00000001
       29065000	      2807	80012906	08060613	addi	x12,x12,128	 x12:0x8002cc60 x12=0x8002cce0
       29075000	      2808	8001290a	00060733	add	x14,x12,x0	 x12:0x8002cce0  x0:0x00000000 x14=0x8002cce0
       29085000	      2809	8001290e	4310	c.lw	x12,0(x14)	 x14:0x8002cce0 x12=0x80028e1c PA:0x8002cce0 load:0x80028e1c
       29095000	      2810	80012910	0711	c.addi	x14,4	 x14:0x8002cce0 x14=0x8002cce4
       29105000	      2811	80012912	30200073	mret	
       29165000	      2817	80003fee	023803b3	mul	x7,x16,x3	 x16:0x00000000  x3:0x00000000  x7=0x00000000
       29175000	      2818	80003ff2	400707b3	sub	x15,x14,x0	 x14:0x8002cce4  x0:0x00000000 x15=0x8002cce4
       29185000	      2819	80003ff6	01758463	beq	x11,x23,80003ffe	 x11:0x81ba9b37 x23:0xfffffe9e
       29195000	      2820	80003ffa	0065f463	bgeu	x11,x6,80004002	 x11:0x81ba9b37  x6:0xfffffd06
       29205000	      2821	80003ffe	41525bb3	sra	x23,x4,x21	  x4:0xffffffff x21:0x75e66579 x23=0xffffffff
       29215000	      2822	80004002	0071c533	xor	x10,x3,x7	  x3:0x00000000  x7:0x00000000 x10=0x00000000
       29225000	      2823	80004006	0001	c.addi	x0,0	  x0:0x00000000  x0=0x00000000
       29235000	      2824	80004008	00462083	lw	x1,4(x12)	 x12:0x80028e1c  x1=0x800037f8 PA:0x80028e20 load:0x800037f8
       29245000	      2825	8000400c	0000100f	fence.i	
       29265000	      2827	80004010	01260233	add	x4,x12,x18	 x12:0x80028e1c x18:0x00000000  x4=0x80028e1c
       29275000	      2828	80004014	faeabf13	sltiu	x30,x21,-82	 x21:0x75e66579 x30=0x00000001
       29285000	      2829	80004018	02060613	addi	x12,x12,32	 x12:0x80028e1c x12=0x80028e3c
       29295000	      2830	8000401c	10500073	wfi	
       30875000	      2988	8000252c	93bfe06f	jal	x0,80000e66	  x0=0x00000000
       30895000	      2990	80000e66	1771	c.addi	x14,-4	 x14:0x8002cce4 x14=0x8002cce0
       30905000	      2991	80000e68	c310	c.sw	x12,0(x14)	 x14:0x8002cce0 x12:0x80028e3c PA:0x8002cce0 store:0x80028e3c load:0x00000000
       30915000	      2992	80000e6a	00070633	add	x12,x14,x0	 x14:0x8002cce0  x0:0x00000000 x12=0x8002cce0
       30925000	      2993	80000e6e	f8060613	addi	x12,x12,-128	 x12:0x8002cce0 x12=0x8002cc60
       30935000	      2994	80000e72	00162223	sw	x1,4(x12)	 x12:0x8002cc60  x1:0x800037f8 PA:0x8002cc64 store:0x800037f8 load:0x00000000
       30945000	      2995	80000e76	00262423	sw	x2,8(x12)	 x12:0x8002cc60  x2:0xf5e39895 PA:0x8002cc68 store:0xf5e39895 load:0x00000000
       30955000	      2996	80000e7a	00362623	sw	x3,12(x12)	 x12:0x8002cc60  x3:0x00000000 PA:0x8002cc6c store:0x00000000 load:0x00000000
       30965000	      2997	80000e7e	00462823	sw	x4,16(x12)	 x12:0x8002cc60  x4:0x80028e1c PA:0x8002cc70 store:0x80028e1c load:0x00000000
       30975000	      2998	80000e82	00562a23	sw	x5,20(x12)	 x12:0x8002cc60  x5:0x00000000 PA:0x8002cc74 store:0x00000000 load:0x00000000
       30985000	      2999	80000e86	00662c23	sw	x6,24(x12)	 x12:0x8002cc60  x6:0xfffffd06 PA:0x8002cc78 store:0xfffffd06 load:0x00000000
       30995000	      3000	80000e8a	00762e23	sw	x7,28(x12)	 x12:0x8002cc60  x7:0x00000000 PA:0x8002cc7c store:0x00000000 load:0x00000000
       31005000	      3001	80000e8e	d200	c.sw	x8,32(x12)	 x12:0x8002cc60  x8:0x01ba001f PA:0x8002cc80 store:0x01ba001f load:0x00000000
       31015000	      3002	80000e90	d244	c.sw	x9,36(x12)	 x12:0x8002cc60  x9:0x00000477 PA:0x8002cc84 store:0x00000477 load:0x00000000
       31025000	      3003	80000e92	d608	c.sw	x10,40(x12)	 x12:0x8002cc60 x10:0x00000000 PA:0x8002cc88 store:0x00000000 load:0x00000000
       31035000	      3004	80000e94	d64c	c.sw	x11,44(x12)	 x12:0x8002cc60 x11:0x81ba9b37 PA:0x8002cc8c store:0x81ba9b37 load:0x00000000
       31045000	      3005	80000e96	da10	c.sw	x12,48(x12)	 x12:0x8002cc60 x12:0x8002cc60 PA:0x8002cc90 store:0x8002cc60 load:0x00000000
       31055000	      3006	80000e98	da54	c.sw	x13,52(x12)	 x12:0x8002cc60 x13:0x01ba001f PA:0x8002cc94 store:0x01ba001f load:0x00000000
       31065000	      3007	80000e9a	de18	c.sw	x14,56(x12)	 x12:0x8002cc60 x14:0x8002cce0 PA:0x8002cc98 store:0x8002cce0 load:0x00000000
       31075000	      3008	80000e9c	de5c	c.sw	x15,60(x12)	 x12:0x8002cc60 x15:0x8002cce4 PA:0x8002cc9c store:0x8002cce4 load:0x00000000
       31085000	      3009	80000e9e	05062023	sw	x16,64(x12)	 x12:0x8002cc60 x16:0x00000000 PA:0x8002cca0 store:0x00000000 load:0x00000000
       31095000	      3010	80000ea2	05162223	sw	x17,68(x12)	 x12:0x8002cc60 x17:0x00000000 PA:0x8002cca4 store:0x00000000 load:0x00000000
       31105000	      3011	80000ea6	05262423	sw	x18,72(x12)	 x12:0x8002cc60 x18:0x00000000 PA:0x8002cca8 store:0x00000000 load:0x00000000
       31115000	      3012	80000eaa	05362623	sw	x19,76(x12)	 x12:0x8002cc60 x19:0x0000017c PA:0x8002ccac store:0x0000017c load:0x00000000
       31125000	      3013	80000eae	05462823	sw	x20,80(x12)	 x12:0x8002cc60 x20:0x00000000 PA:0x8002ccb0 store:0x00000000 load:0x00000000
       31135000	      3014	80000eb2	05562a23	sw	x21,84(x12)	 x12:0x8002cc60 x21:0x75e66579 PA:0x8002ccb4 store:0x75e66579 load:0x00000000
       31145000	      3015	80000eb6	05662c23	sw	x22,88(x12)	 x12:0x8002cc60 x22:0x00000000 PA:0x8002ccb8 store:0x00000000 load:0x00000000
       31155000	      3016	80000eba	05762e23	sw	x23,92(x12)	 x12:0x8002cc60 x23:0xffffffff PA:0x8002ccbc store:0xffffffff load:0x00000000
       31165000	      3017	80000ebe	07862023	sw	x24,96(x12)	 x12:0x8002cc60 x24:0x00000000 PA:0x8002ccc0 store:0x00000000 load:0x00000000
       31175000	      3018	80000ec2	07962223	sw	x25,100(x12)	 x12:0x8002cc60 x25:0x81baccfe PA:0x8002ccc4 store:0x81baccfe load:0x00000000
       31185000	      3019	80000ec6	07a62423	sw	x26,104(x12)	 x12:0x8002cc60 x26:0x00000000 PA:0x8002ccc8 store:0x00000000 load:0x00000000
       31195000	      3020	80000eca	07b62623	sw	x27,108(x12)	 x12:0x8002cc60 x27:0x00000000 PA:0x8002cccc store:0x00000000 load:0x00000000
       31205000	      3021	80000ece	07c62823	sw	x28,112(x12)	 x12:0x8002cc60 x28:0xfffffd06 PA:0x8002ccd0 store:0xfffffd06 load:0x00000000
       31215000	      3022	80000ed2	07d62a23	sw	x29,116(x12)	 x12:0x8002cc60 x29:0x00000000 PA:0x8002ccd4 store:0x00000000 load:0x00000000
       31225000	      3023	80000ed6	07e62c23	sw	x30,120(x12)	 x12:0x8002cc60 x30:0x00000001 PA:0x8002ccd8 store:0x00000001 load:0x00000000
       31235000	      3024	80000eda	07f62e23	sw	x31,124(x12)	 x12:0x8002cc60 x31:0x00000001 PA:0x8002ccdc store:0x00000001 load:0x00000000
       31245000	      3025	80000ede	00060733	add	x14,x12,x0	 x12:0x8002cc60  x0:0x00000000 x14=0x8002cc60
       31255000	      3026	80000ee2	90000a37	lui	x20,0x90000	 x20=0x90000000
       31265000	      3027	80000ee6	1a71	c.addi	x20,-4	 x20:0x90000000 x20=0x8ffffffc
       31275000	      3028	80000ee8	4319	c.li	x6,6	  x6=0x00000006
       31285000	      3029	80000eea	0322	c.slli	x6,0x8	  x6:0x00000006  x6=0x00000600
       31295000	      3030	80000eec	00030313	addi	x6,x6,0	  x6:0x00000600  x6=0x00000600
       31305000	      3031	80000ef0	006a2023	sw	x6,0(x20)	 x20:0x8ffffffc  x6:0x00000600 PA:0x8ffffffc store:0x00000600 load:0x00000000
       31315000	      3032	80000ef4	34202373	csrrs	x6,mcause,x0	  x0:0x00000000  x6=0x8000000b
       31325000	      3033	80000ef8	01f35313	srli	x6,x6,0x1f	  x6:0x8000000b  x6=0x00000001
       31335000	      3034	80000efc	06030863	beq	x6,x0,80000f6c	  x6:0x00000001  x0:0x00000000
       31345000	      3035	80000f00	90000a37	lui	x20,0x90000	 x20=0x90000000
       31355000	      3036	80000f04	1a71	c.addi	x20,-4	 x20:0x90000000 x20=0x8ffffffc
       31365000	      3037	80000f06	30000313	addi	x6,x0,768	  x0:0x00000000  x6=0x00000300
       31375000	      3038	80000f0a	0322	c.slli	x6,0x8	  x6:0x00000300  x6=0x00030000
       31385000	      3039	80000f0c	030d	c.addi	x6,3	  x6:0x00030000  x6=0x00030003
       31395000	      3040	80000f0e	006a2023	sw	x6,0(x20)	 x20:0x8ffffffc  x6:0x00030003 PA:0x8ffffffc store:0x00030003 load:0x00000000
       31405000	      3041	80000f12	30002373	csrrs	x6,mstatus,x0	  x0:0x00000000  x6=0x00000080
       31415000	      3042	80000f16	006a2023	sw	x6,0(x20)	 x20:0x8ffffffc  x6:0x00000080 PA:0x8ffffffc store:0x00000080 load:0x00000000
       31425000	      3043	80000f1a	90000a37	lui	x20,0x90000	 x20=0x90000000
       31435000	      3044	80000f1e	1a71	c.addi	x20,-4	 x20:0x90000000 x20=0x8ffffffc
       31445000	      3045	80000f20	34200313	addi	x6,x0,834	  x0:0x00000000  x6=0x00000342
       31455000	      3046	80000f24	0322	c.slli	x6,0x8	  x6:0x00000342  x6=0x00034200
       31465000	      3047	80000f26	030d	c.addi	x6,3	  x6:0x00034200  x6=0x00034203
       31475000	      3048	80000f28	006a2023	sw	x6,0(x20)	 x20:0x8ffffffc  x6:0x00034203 PA:0x8ffffffc store:0x00034203 load:0x00000000
       31485000	      3049	80000f2c	34202373	csrrs	x6,mcause,x0	  x0:0x00000000  x6=0x8000000b
       31495000	      3050	80000f30	006a2023	sw	x6,0(x20)	 x20:0x8ffffffc  x6:0x8000000b PA:0x8ffffffc store:0x8000000b load:0x00000000
       31505000	      3051	80000f34	90000a37	lui	x20,0x90000	 x20=0x90000000
       31515000	      3052	80000f38	1a71	c.addi	x20,-4	 x20:0x90000000 x20=0x8ffffffc
       31525000	      3053	80000f3a	30400313	addi	x6,x0,772	  x0:0x00000000  x6=0x00000304
       31535000	      3054	80000f3e	0322	c.slli	x6,0x8	  x6:0x00000304  x6=0x00030400
       31545000	      3055	80000f40	030d	c.addi	x6,3	  x6:0x00030400  x6=0x00030403
       31555000	      3056	80000f42	006a2023	sw	x6,0(x20)	 x20:0x8ffffffc  x6:0x00030403 PA:0x8ffffffc store:0x00030403 load:0x00000000
       31565000	      3057	80000f46	30402373	csrrs	x6,mie,x0	  x0:0x00000000  x6=0x53ac0888
       31575000	      3058	80000f4a	006a2023	sw	x6,0(x20)	 x20:0x8ffffffc  x6:0x53ac0888 PA:0x8ffffffc store:0x53ac0888 load:0x00000000
       31585000	      3059	80000f4e	90000a37	lui	x20,0x90000	 x20=0x90000000
       31595000	      3060	80000f52	1a71	c.addi	x20,-4	 x20:0x90000000 x20=0x8ffffffc
       31605000	      3061	80000f54	34400313	addi	x6,x0,836	  x0:0x00000000  x6=0x00000344
       31615000	      3062	80000f58	0322	c.slli	x6,0x8	  x6:0x00000344  x6=0x00034400
       31625000	      3063	80000f5a	030d	c.addi	x6,3	  x6:0x00034400  x6=0x00034403
       31635000	      3064	80000f5c	006a2023	sw	x6,0(x20)	 x20:0x8ffffffc  x6:0x00034403 PA:0x8ffffffc store:0x00034403 load:0x00000000
       31645000	      3065	80000f60	34402373	csrrs	x6,mip,x0	  x0:0x00000000  x6=0x00000000
       31655000	      3066	80000f64	006a2023	sw	x6,0(x20)	 x20:0x8ffffffc  x6:0x00000000 PA:0x8ffffffc store:0x00000000 load:0x00000000
       31665000	      3067	80000f68	10d1106f	jal	x0,80012874	  x0=0x00000000
       31685000	      3069	80012874	30002373	csrrs	x6,mstatus,x0	  x0:0x00000000  x6=0x00000080
       31695000	      3070	80012878	30402373	csrrs	x6,mie,x0	  x0:0x00000000  x6=0x53ac0888
       31705000	      3071	8001287c	34402373	csrrs	x6,mip,x0	  x0:0x00000000  x6=0x00000000
       31715000	      3072	80012880	34433373	csrrc	x6,mip,x6	  x6:0x00000000  x6=0x00000000
       31745000	      3075	80012884	90000a37	lui	x20,0x90000	 x20=0x90000000
       31755000	      3076	80012888	1a71	c.addi	x20,-4	 x20:0x90000000 x20=0x8ffffffc
       31765000	      3077	8001288a	431d	c.li	x6,7	  x6=0x00000007
       31775000	      3078	8001288c	0322	c.slli	x6,0x8	  x6:0x00000007  x6=0x00000700
       31785000	      3079	8001288e	00030313	addi	x6,x6,0	  x6:0x00000700  x6=0x00000700
       31795000	      3080	80012892	006a2023	sw	x6,0(x20)	 x20:0x8ffffffc  x6:0x00000700 PA:0x8ffffffc store:0x00000700 load:0x00000000
       31805000	      3081	80012896	00070633	add	x12,x14,x0	 x14:0x8002cc60  x0:0x00000000 x12=0x8002cc60
       31815000	      3082	8001289a	00462083	lw	x1,4(x12)	 x12:0x8002cc60  x1=0x800037f8 PA:0x8002cc64 load:0x800037f8
       31825000	      3083	8001289e	00862103	lw	x2,8(x12)	 x12:0x8002cc60  x2=0xf5e39895 PA:0x8002cc68 load:0xf5e39895
       31835000	      3084	800128a2	00c62183	lw	x3,12(x12)	 x12:0x8002cc60  x3=0x00000000 PA:0x8002cc6c load:0x00000000
       31845000	      3085	800128a6	01062203	lw	x4,16(x12)	 x12:0x8002cc60  x4=0x80028e1c PA:0x8002cc70 load:0x80028e1c
       31855000	      3086	800128aa	01462283	lw	x5,20(x12)	 x12:0x8002cc60  x5=0x00000000 PA:0x8002cc74 load:0x00000000
       31865000	      3087	800128ae	01862303	lw	x6,24(x12)	 x12:0x8002cc60  x6=0xfffffd06 PA:0x8002cc78 load:0xfffffd06
       31875000	      3088	800128b2	01c62383	lw	x7,28(x12)	 x12:0x8002cc60  x7=0x00000000 PA:0x8002cc7c load:0x00000000
       31885000	      3089	800128b6	5200	c.lw	x8,32(x12)	 x12:0x8002cc60  x8=0x01ba001f PA:0x8002cc80 load:0x01ba001f
       31895000	      3090	800128b8	5244	c.lw	x9,36(x12)	 x12:0x8002cc60  x9=0x00000477 PA:0x8002cc84 load:0x00000477
       31905000	      3091	800128ba	5608	c.lw	x10,40(x12)	 x12:0x8002cc60 x10=0x00000000 PA:0x8002cc88 load:0x00000000
       31915000	      3092	800128bc	564c	c.lw	x11,44(x12)	 x12:0x8002cc60 x11=0x81ba9b37 PA:0x8002cc8c load:0x81ba9b37
       31925000	      3093	800128be	5a10	c.lw	x12,48(x12)	 x12:0x8002cc60 x12=0x8002cc60 PA:0x8002cc90 load:0x8002cc60
       31945000	      3095	800128c0	5a54	c.lw	x13,52(x12)	 x12:0x8002cc60 x13=0x01ba001f PA:0x8002cc94 load:0x01ba001f
       31955000	      3096	800128c2	5e18	c.lw	x14,56(x12)	 x12:0x8002cc60 x14=0x8002cce0 PA:0x8002cc98 load:0x8002cce0
       31965000	      3097	800128c4	5e5c	c.lw	x15,60(x12)	 x12:0x8002cc60 x15=0x8002cce4 PA:0x8002cc9c load:0x8002cce4
       31975000	      3098	800128c6	04062803	lw	x16,64(x12)	 x12:0x8002cc60 x16=0x00000000 PA:0x8002cca0 load:0x00000000
       31985000	      3099	800128ca	04462883	lw	x17,68(x12)	 x12:0x8002cc60 x17=0x00000000 PA:0x8002cca4 load:0x00000000
       31995000	      3100	800128ce	04862903	lw	x18,72(x12)	 x12:0x8002cc60 x18=0x00000000 PA:0x8002cca8 load:0x00000000
       32005000	      3101	800128d2	04c62983	lw	x19,76(x12)	 x12:0x8002cc60 x19=0x0000017c PA:0x8002ccac load:0x0000017c
       32015000	      3102	800128d6	05062a03	lw	x20,80(x12)	 x12:0x8002cc60 x20=0x00000000 PA:0x8002ccb0 load:0x00000000
       32025000	      3103	800128da	05462a83	lw	x21,84(x12)	 x12:0x8002cc60 x21=0x75e66579 PA:0x8002ccb4 load:0x75e66579
       32035000	      3104	800128de	05862b03	lw	x22,88(x12)	 x12:0x8002cc60 x22=0x00000000 PA:0x8002ccb8 load:0x00000000
       32045000	      3105	800128e2	05c62b83	lw	x23,92(x12)	 x12:0x8002cc60 x23=0xffffffff PA:0x8002ccbc load:0xffffffff
       32055000	      3106	800128e6	06062c03	lw	x24,96(x12)	 x12:0x8002cc60 x24=0x00000000 PA:0x8002ccc0 load:0x00000000
       32065000	      3107	800128ea	06462c83	lw	x25,100(x12)	 x12:0x8002cc60 x25=0x81baccfe PA:0x8002ccc4 load:0x81baccfe
       32075000	      3108	800128ee	06862d03	lw	x26,104(x12)	 x12:0x8002cc60 x26=0x00000000 PA:0x8002ccc8 load:0x00000000
       32085000	      3109	800128f2	06c62d83	lw	x27,108(x12)	 x12:0x8002cc60 x27=0x00000000 PA:0x8002cccc load:0x00000000
       32095000	      3110	800128f6	07062e03	lw	x28,112(x12)	 x12:0x8002cc60 x28=0xfffffd06 PA:0x8002ccd0 load:0xfffffd06
       32105000	      3111	800128fa	07462e83	lw	x29,116(x12)	 x12:0x8002cc60 x29=0x00000000 PA:0x8002ccd4 load:0x00000000
       32115000	      3112	800128fe	07862f03	lw	x30,120(x12)	 x12:0x8002cc60 x30=0x00000001 PA:0x8002ccd8 load:0x00000001
       32125000	      3113	80012902	07c62f83	lw	x31,124(x12)	 x12:0x8002cc60 x31=0x00000001 PA:0x8002ccdc load:0x00000001
       32135000	      3114	80012906	08060613	addi	x12,x12,128	 x12:0x8002cc60 x12=0x8002cce0
       32145000	      3115	8001290a	00060733	add	x14,x12,x0	 x12:0x8002cce0  x0:0x00000000 x14=0x8002cce0
       32155000	      3116	8001290e	4310	c.lw	x12,0(x14)	 x14:0x8002cce0 x12=0x80028e3c PA:0x8002cce0 load:0x80028e3c
       32165000	      3117	80012910	0711	c.addi	x14,4	 x14:0x8002cce0 x14=0x8002cce4
       32175000	      3118	80012912	30200073	mret	
       32205000	      3121	80004020	00008093	addi	x1,x1,0	  x1:0x800037f8  x1=0x800037f8
       32215000	      3122	80004024	9082	c.jalr	x1	  x1:0x800037f8  x1=0x80004026
       32265000	      3127	800037f8	03719b33	mulh	x22,x3,x23	  x3:0x00000000 x23:0xffffffff x22=0x00000000
       32275000	      3128	800037fc	0144f033	and	x0,x9,x20	  x9:0x00000477 x20:0x00000000  x0=0x00000000
       32285000	      3129	80003800	00006a97	auipc	x21,0x6	 x21=0x80009800
       32295000	      3130	80003804	760a8a93	addi	x21,x21,1888	 x21:0x80009800 x21=0x80009f60
       32305000	      3131	80003808	00f905b3	add	x11,x18,x15	 x18:0x00000000 x15:0x8002cce4 x11=0x8002cce4
       32315000	      3132	8000380c	42ad	c.li	x5,11	  x5=0x0000000b
       32325000	      3133	8000380e	015fb7b3	sltu	x15,x31,x21	 x31:0x00000001 x21:0x80009f60 x15=0x00000001
       32335000	      3134	80003812	066a8a93	addi	x21,x21,102	 x21:0x80009f60 x21=0x80009fc6
       32345000	      3135	80003816	2aeba893	slti	x17,x23,686	 x23:0xffffffff x17=0x00000001
       32355000	      3136	8000381a	f9aa80e7	jalr	x1,-102(x21)	 x21:0x80009fc6  x1=0x8000381e
       32375000	      3138	80009f60	0010fd33	and	x26,x1,x1	  x1:0x8000381e  x1:0x8000381e x26=0x8000381e
       32385000	      3139	80009f64	80fd	c.srli	x9,0x1f	  x9:0x00000477  x9=0x00000000
       32395000	      3140	80009f66	00518263	beq	x3,x5,80009f6a	  x3:0x00000000  x5:0x0000000b
       32405000	      3141	80009f6a	1611	c.addi	x12,-28	 x12:0x80028e3c x12=0x80028e20
       32415000	      3142	80009f6c	00162223	sw	x1,4(x12)	 x12:0x80028e20  x1:0x8000381e PA:0x80028e24 store:0x8000381e load:0x00000000
       32455000	      3146	80009f70	03c6b5b3	mulhu	x11,x13,x28	 x13:0x01ba001f x28:0xfffffd06 x11=0x01ba0019
       32465000	      3147	80009f74	0ff0000f	fence	iorw,iorw	
       32475000	      3148	80009f78	0000a417	auipc	x8,0xa	  x8=0x80013f78
       32485000	      3149	80009f7c	b3540413	addi	x8,x8,-1227	  x8:0x80013f78  x8=0x80013aad
       32495000	      3150	80009f80	0000af17	auipc	x30,0xa	 x30=0x80013f80
       32505000	      3151	80009f84	fb7f0f13	addi	x30,x30,-73	 x30:0x80013f80 x30=0x80013f37
       32515000	      3152	80009f88	fe044e83	lbu	x29,-32(x8)	  x8:0x80013aad x29=0x00000046 PA:0x80013a8d load:0x00000046
       32525000	      3153	80009f8c	03cf0683	lb	x13,60(x30)	 x30:0x80013f37 x13=0x00000028 PA:0x80013f73 load:0x00000028
       32535000	      3154	80009f90	f59402a3	sb	x25,-187(x8)	  x8:0x80013aad x25:0x81baccfe PA:0x800139f2 store:0x81baccfe load:0x00000000
       32545000	      3155	80009f94	018f0aa3	sb	x24,21(x30)	 x30:0x80013f37 x24:0x00000000 PA:0x80013f4c store:0x00000000 load:0x00000000
       32555000	      3156	80009f98	019f26a3	sw	x25,13(x30)	 x30:0x80013f37 x25:0x81baccfe PA:0x80013f44 store:0x81baccfe load:0x00000000
       32565000	      3157	80009f9c	0000ad17	auipc	x26,0xa	 x26=0x80013f9c
       32575000	      3158	80009fa0	9a8d0d13	addi	x26,x26,-1624	 x26:0x80013f9c x26=0x80013944
       32585000	      3159	80009fa4	551d4a03	lbu	x20,1361(x26)	 x26:0x80013944 x20=0x0000004e PA:0x80013e95 load:0x0000004e
       32595000	      3160	80009fa8	00009b97	auipc	x23,0x9	 x23=0x80012fa8
       32605000	      3161	80009fac	73ab8b93	addi	x23,x23,1850	 x23:0x80012fa8 x23=0x800136e2
       32615000	      3162	80009fb0	f6241ca3	sh	x2,-135(x8)	  x8:0x80013aad  x2:0xf5e39895 PA:0x80013a26 store:0xf5e39895 load:0x00000000
       32625000	      3163	80009fb4	6bdd0903	lb	x18,1725(x26)	 x26:0x80013944 x18=0xffffffba PA:0x80014001 load:0xffffffba
       32635000	      3164	80009fb8	0fab8003	lb	x0,250(x23)	 x23:0x800136e2  x0=0x00000000 PA:0x800137dc load:0xffffff97
       32645000	      3165	80009fbc	fe240e23	sb	x2,-4(x8)	  x8:0x80013aad  x2:0xf5e39895 PA:0x80013aa9 store:0xf5e39895 load:0x00000000
       32655000	      3166	80009fc0	00cf4e03	lbu	x28,12(x30)	 x30:0x80013f37 x28=0x000000f8 PA:0x80013f43 load:0x000000f8
       32665000	      3167	80009fc4	5a1d0b03	lb	x22,1441(x26)	 x26:0x80013944 x22=0xffffff9e PA:0x80013ee5 load:0xffffff9e
       32675000	      3168	80009fc8	0c040823	sb	x0,208(x8)	  x8:0x80013aad  x0:0x00000000 PA:0x80013b7d store:0x00000000 load:0x00000000
       32685000	      3169	80009fcc	f8e40903	lb	x18,-114(x8)	  x8:0x80013aad x18=0xfffffff0 PA:0x80013a3b load:0xfffffff0
       32695000	      3170	80009fd0	02bf0423	sb	x11,40(x30)	 x30:0x80013f37 x11:0x01ba0019 PA:0x80013f5f store:0x01ba0019 load:0x00000000
       32705000	      3171	80009fd4	cf9bc983	lbu	x19,-775(x23)	 x23:0x800136e2 x19=0x00000090 PA:0x800133db load:0x00000090
       32715000	      3172	80009fd8	032f4f83	lbu	x31,50(x30)	 x30:0x80013f37 x31=0x00000022 PA:0x80013f69 load:0x00000022
       32725000	      3173	80009fdc	670d4983	lbu	x19,1648(x26)	 x26:0x80013944 x19=0x0000006f PA:0x80013fb4 load:0x0000006f
       32735000	      3174	80009fe0	5efb8083	lb	x1,1519(x23)	 x23:0x800136e2  x1=0xffffff8a PA:0x80013cd1 load:0xffffff8a
       32745000	      3175	80009fe4	ebcd0f83	lb	x31,-324(x26)	 x26:0x80013944 x31=0xffffffbb PA:0x80013800 load:0xffffffbb
       32755000	      3176	80009fe8	05742683	lw	x13,87(x8)	  x8:0x80013aad x13=0xbcbdbebf PA:0x80013b04 load:0xbcbdbebf
       32765000	      3177	80009fec	cf6ba723	sw	x22,-786(x23)	 x23:0x800136e2 x22:0xffffff9e PA:0x800133d0 store:0xffffff9e load:0x00000000
       32775000	      3178	80009ff0	f0640a83	lb	x21,-250(x8)	  x8:0x80013aad x21=0x00000068 PA:0x800139b3 load:0x00000068
       32785000	      3179	80009ff4	f4540803	lb	x16,-187(x8)	  x8:0x80013aad x16=0xfffffffe PA:0x800139f2 load:0xfffffffe
       32795000	      3180	80009ff8	0fc40e83	lb	x29,252(x8)	  x8:0x80013aad x29=0x00000062 PA:0x80013ba9 load:0x00000062
       32805000	      3181	80009ffc	9a4d0123	sb	x4,-1630(x26)	 x26:0x80013944  x4:0x80028e1c PA:0x800132e6 store:0x80028e1c load:0x00000000
       32815000	      3182	8000a000	d2fb82a3	sb	x15,-731(x23)	 x23:0x800136e2 x15:0x00000001 PA:0x80013407 store:0x00000001 load:0x00000000
       32825000	      3183	8000a004	9cbd4283	lbu	x5,-1589(x26)	 x26:0x80013944  x5=0x000000c4 PA:0x8001330f load:0x000000c4
       32835000	      3184	8000a008	006000ef	jal	x1,8000a00e	  x1=0x8000a00c
       32865000	      3187	8000a00e	0140036f	jal	x6,8000a022	  x6=0x8000a012
       32885000	      3189	8000a022	3fcd	c.jal	8000a014	  x1=0x8000a024
       32905000	      3191	8000a014	a009	c.j	8000a016	
       32925000	      3193	8000a016	2011	c.jal	8000a01a	  x1=0x8000a018
       32945000	      3195	8000a01a	2819	c.jal	8000a030	  x1=0x8000a01c
       32965000	      3197	8000a030	b7cd	c.j	8000a012	
       32985000	      3199	8000a012	2829	c.jal	8000a02c	  x1=0x8000a014
       33005000	      3201	8000a02c	ff1ff0ef	jal	x1,8000a01c	  x1=0x8000a030
       33025000	      3203	8000a01c	008000ef	jal	x1,8000a024	  x1=0x8000a020
       33045000	      3205	8000a024	0040036f	jal	x6,8000a028	  x6=0x8000a028
       33065000	      3207	8000a028	bfe5	c.j	8000a020	
       33085000	      3209	8000a020	a029	c.j	8000a02a	
       33105000	      3211	8000a02a	37fd	c.jal	8000a018	  x1=0x8000a02c
       33125000	      3213	8000a018	bfd5	c.j	8000a00c	
       33145000	      3215	8000a00c	a01d	c.j	8000a032	
       33165000	      3217	8000a032	527d	c.li	x4,-1	  x4=0xffffffff
       33175000	      3218	8000a034	00018817	auipc	x16,0x18	 x16=0x80022034
       33185000	      3219	8000a038	50280813	addi	x16,x16,1282	 x16:0x80022034 x16=0x80022536
       33195000	      3220	8000a03c	ff180f03	lb	x30,-15(x16)	 x16:0x80022536 x30=0xffffffdc PA:0x80022527 load:0xffffffdc
       33205000	      3221	8000a040	008807a3	sb	x8,15(x16)	 x16:0x80022536  x8:0x80013aad PA:0x80022545 store:0x80013aad load:0x00000000
       33215000	      3222	8000a044	00867533	and	x10,x12,x8	 x12:0x80028e20  x8:0x80013aad x10=0x80000a20
       33225000	      3223	8000a048	f8933f13	sltiu	x30,x6,-119	  x6:0x8000a028 x30=0x00000001
       33235000	      3224	8000a04c	ff080683	lb	x13,-16(x16)	 x16:0x80022536 x13=0xffffffdd PA:0x80022526 load:0xffffffdd
       33245000	      3225	8000a050	8d65	c.and	x10,x9	 x10:0x80000a20  x9:0x00000000 x10=0x00000000
       33255000	      3226	8000a052	00680723	sb	x6,14(x16)	 x16:0x80022536  x6:0x8000a028 PA:0x80022544 store:0x8000a028 load:0x00000000
       33265000	      3227	8000a056	00281303	lh	x6,2(x16)	 x16:0x80022536  x6=0xfffff2f3 PA:0x80022538 load:0xfffff2f3
       33275000	      3228	8000a05a	ff481b03	lh	x22,-12(x16)	 x16:0x80022536 x22=0xffffe0e1 PA:0x8002252a load:0xffffe0e1
       33285000	      3229	8000a05e	ff684383	lbu	x7,-10(x16)	 x16:0x80022536  x7=0x000000e7 PA:0x8002252c load:0x000000e7
       33295000	      3230	8000a062	9348a4b7	lui	x9,0x9348a	  x9=0x9348a000
       33305000	      3231	8000a066	ff380da3	sb	x19,-5(x16)	 x16:0x80022536 x19:0x0000006f PA:0x80022531 store:0x0000006f load:0x00000000
       33315000	      3232	8000a06a	ff881a03	lh	x20,-8(x16)	 x16:0x80022536 x20=0xffffe4e5 PA:0x8002252e load:0xffffe4e5
       33325000	      3233	8000a06e	8111	c.srli	x10,0x4	 x10:0x00000000 x10=0x00000000
       33335000	      3234	8000a070	00d80083	lb	x1,13(x16)	 x16:0x80022536  x1=0xfffffff8 PA:0x80022543 load:0xfffffff8
       33345000	      3235	8000a074	6b893017	auipc	x0,0x6b893	  x0=0x00000000
       33355000	      3236	8000a078	00f82723	sw	x15,14(x16)	 x16:0x80022536 x15:0x00000001 PA:0x80022544 store:0x00000001 load:0x00000000
       33365000	      3237	8000a07c	8455	c.srai	x8,0x15	  x8:0x80013aad  x8=0xfffffc00
       33375000	      3238	8000a07e	017d6e33	or	x28,x26,x23	 x26:0x80013944 x23:0x800136e2 x28=0x80013fe6
       33415000	      3242	8000a082	0377b4b3	mulhu	x9,x15,x23	 x15:0x00000001 x23:0x800136e2  x9=0x00000000
       33425000	      3243	8000a086	efca3513	sltiu	x10,x20,-260	 x20:0xffffe4e5 x10=0x00000001
       33435000	      3244	8000a08a	ff784b83	lbu	x23,-9(x16)	 x16:0x80022536 x23=0x000000e6 PA:0x8002252d load:0x000000e6
       33445000	      3245	8000a08e	00f80203	lb	x4,15(x16)	 x16:0x80022536  x4=0x00000000 PA:0x80022545 load:0x00000000
       33455000	      3246	8000a092	0001	c.addi	x0,0	  x0:0x00000000  x0=0x00000000
       33465000	      3247	8000a094	012ab8b3	sltu	x17,x21,x18	 x21:0x00000068 x18:0xfffffff0 x17=0x00000001
       33475000	      3248	8000a098	00580c83	lb	x25,5(x16)	 x16:0x80022536 x25=0xfffffff0 PA:0x8002253b load:0xfffffff0
       33485000	      3249	8000a09c	82f6	c.mv	x5,x29	  x0:0x00000000 x29:0x00000062  x5=0x00000062
       33495000	      3250	8000a09e	00584683	lbu	x13,5(x16)	 x16:0x80022536 x13=0x000000f0 PA:0x8002253b load:0x000000f0
       33505000	      3251	8000a0a2	ff2808a3	sb	x18,-15(x16)	 x16:0x80022536 x18:0xfffffff0 PA:0x80022527 store:0xfffffff0 load:0x00000000
       33875000	      3288	8000a0a6	03675db3	divu	x27,x14,x22	 x14:0x8002cce4 x22:0xffffe0e1 x27=0x00000000
       33885000	      3289	8000a0aa	0001	c.addi	x0,0	  x0:0x00000000  x0=0x00000000
       33895000	      3290	8000a0ac	fe280ea3	sb	x2,-3(x16)	 x16:0x80022536  x2:0xf5e39895 PA:0x80022533 store:0xf5e39895 load:0x00000000
       33905000	      3291	8000a0b0	55fd	c.li	x11,-1	 x11=0xffffffff
       33945000	      3295	8000252c	93bfe06f	jal	x0,80000e66	  x0=0x00000000
       33965000	      3297	80000e66	1771	c.addi	x14,-4	 x14:0x8002cce4 x14=0x8002cce0
       33975000	      3298	80000e68	c310	c.sw	x12,0(x14)	 x14:0x8002cce0 x12:0x80028e20 PA:0x8002cce0 store:0x80028e20 load:0x00000000
       33985000	      3299	80000e6a	00070633	add	x12,x14,x0	 x14:0x8002cce0  x0:0x00000000 x12=0x8002cce0
       33995000	      3300	80000e6e	f8060613	addi	x12,x12,-128	 x12:0x8002cce0 x12=0x8002cc60
       34005000	      3301	80000e72	00162223	sw	x1,4(x12)	 x12:0x8002cc60  x1:0xfffffff8 PA:0x8002cc64 store:0xfffffff8 load:0x00000000
       34015000	      3302	80000e76	00262423	sw	x2,8(x12)	 x12:0x8002cc60  x2:0xf5e39895 PA:0x8002cc68 store:0xf5e39895 load:0x00000000
       34025000	      3303	80000e7a	00362623	sw	x3,12(x12)	 x12:0x8002cc60  x3:0x00000000 PA:0x8002cc6c store:0x00000000 load:0x00000000
       34035000	      3304	80000e7e	00462823	sw	x4,16(x12)	 x12:0x8002cc60  x4:0x00000000 PA:0x8002cc70 store:0x00000000 load:0x00000000
       34045000	      3305	80000e82	00562a23	sw	x5,20(x12)	 x12:0x8002cc60  x5:0x00000062 PA:0x8002cc74 store:0x00000062 load:0x00000000
       34055000	      3306	80000e86	00662c23	sw	x6,24(x12)	 x12:0x8002cc60  x6:0xfffff2f3 PA:0x8002cc78 store:0xfffff2f3 load:0x00000000
       34065000	      3307	80000e8a	00762e23	sw	x7,28(x12)	 x12:0x8002cc60  x7:0x000000e7 PA:0x8002cc7c store:0x000000e7 load:0x00000000
       34075000	      3308	80000e8e	d200	c.sw	x8,32(x12)	 x12:0x8002cc60  x8:0xfffffc00 PA:0x8002cc80 store:0xfffffc00 load:0x00000000
       34085000	      3309	80000e90	d244	c.sw	x9,36(x12)	 x12:0x8002cc60  x9:0x00000000 PA:0x8002cc84 store:0x00000000 load:0x00000000
       34095000	      3310	80000e92	d608	c.sw	x10,40(x12)	 x12:0x8002cc60 x10:0x00000001 PA:0x8002cc88 store:0x00000001 load:0x00000000
       34105000	      3311	80000e94	d64c	c.sw	x11,44(x12)	 x12:0x8002cc60 x11:0xffffffff PA:0x8002cc8c store:0xffffffff load:0x00000000
       34115000	      3312	80000e96	da10	c.sw	x12,48(x12)	 x12:0x8002cc60 x12:0x8002cc60 PA:0x8002cc90 store:0x8002cc60 load:0x00000000
       34125000	      3313	80000e98	da54	c.sw	x13,52(x12)	 x12:0x8002cc60 x13:0x000000f0 PA:0x8002cc94 store:0x000000f0 load:0x00000000
       34135000	      3314	80000e9a	de18	c.sw	x14,56(x12)	 x12:0x8002cc60 x14:0x8002cce0 PA:0x8002cc98 store:0x8002cce0 load:0x00000000
       34145000	      3315	80000e9c	de5c	c.sw	x15,60(x12)	 x12:0x8002cc60 x15:0x00000001 PA:0x8002cc9c store:0x00000001 load:0x00000000
       34155000	      3316	80000e9e	05062023	sw	x16,64(x12)	 x12:0x8002cc60 x16:0x80022536 PA:0x8002cca0 store:0x80022536 load:0x00000000
       34165000	      3317	80000ea2	05162223	sw	x17,68(x12)	 x12:0x8002cc60 x17:0x00000001 PA:0x8002cca4 store:0x00000001 load:0x00000000
       34175000	      3318	80000ea6	05262423	sw	x18,72(x12)	 x12:0x8002cc60 x18:0xfffffff0 PA:0x8002cca8 store:0xfffffff0 load:0x00000000
       34185000	      3319	80000eaa	05362623	sw	x19,76(x12)	 x12:0x8002cc60 x19:0x0000006f PA:0x8002ccac store:0x0000006f load:0x00000000
       34195000	      3320	80000eae	05462823	sw	x20,80(x12)	 x12:0x8002cc60 x20:0xffffe4e5 PA:0x8002ccb0 store:0xffffe4e5 load:0x00000000
       34205000	      3321	80000eb2	05562a23	sw	x21,84(x12)	 x12:0x8002cc60 x21:0x00000068 PA:0x8002ccb4 store:0x00000068 load:0x00000000
       34215000	      3322	80000eb6	05662c23	sw	x22,88(x12)	 x12:0x8002cc60 x22:0xffffe0e1 PA:0x8002ccb8 store:0xffffe0e1 load:0x00000000
       34225000	      3323	80000eba	05762e23	sw	x23,92(x12)	 x12:0x8002cc60 x23:0x000000e6 PA:0x8002ccbc store:0x000000e6 load:0x00000000
       34235000	      3324	80000ebe	07862023	sw	x24,96(x12)	 x12:0x8002cc60 x24:0x00000000 PA:0x8002ccc0 store:0x00000000 load:0x00000000
       34245000	      3325	80000ec2	07962223	sw	x25,100(x12)	 x12:0x8002cc60 x25:0xfffffff0 PA:0x8002ccc4 store:0xfffffff0 load:0x00000000
       34255000	      3326	80000ec6	07a62423	sw	x26,104(x12)	 x12:0x8002cc60 x26:0x80013944 PA:0x8002ccc8 store:0x80013944 load:0x00000000
       34265000	      3327	80000eca	07b62623	sw	x27,108(x12)	 x12:0x8002cc60 x27:0x00000000 PA:0x8002cccc store:0x00000000 load:0x00000000
       34275000	      3328	80000ece	07c62823	sw	x28,112(x12)	 x12:0x8002cc60 x28:0x80013fe6 PA:0x8002ccd0 store:0x80013fe6 load:0x00000000
       34285000	      3329	80000ed2	07d62a23	sw	x29,116(x12)	 x12:0x8002cc60 x29:0x00000062 PA:0x8002ccd4 store:0x00000062 load:0x00000000
       34295000	      3330	80000ed6	07e62c23	sw	x30,120(x12)	 x12:0x8002cc60 x30:0x00000001 PA:0x8002ccd8 store:0x00000001 load:0x00000000
       34305000	      3331	80000eda	07f62e23	sw	x31,124(x12)	 x12:0x8002cc60 x31:0xffffffbb PA:0x8002ccdc store:0xffffffbb load:0x00000000
       34315000	      3332	80000ede	00060733	add	x14,x12,x0	 x12:0x8002cc60  x0:0x00000000 x14=0x8002cc60
       34325000	      3333	80000ee2	90000a37	lui	x20,0x90000	 x20=0x90000000
       34335000	      3334	80000ee6	1a71	c.addi	x20,-4	 x20:0x90000000 x20=0x8ffffffc
       34345000	      3335	80000ee8	4319	c.li	x6,6	  x6=0x00000006
       34355000	      3336	80000eea	0322	c.slli	x6,0x8	  x6:0x00000006  x6=0x00000600
       34365000	      3337	80000eec	00030313	addi	x6,x6,0	  x6:0x00000600  x6=0x00000600
       34375000	      3338	80000ef0	006a2023	sw	x6,0(x20)	 x20:0x8ffffffc  x6:0x00000600 PA:0x8ffffffc store:0x00000600 load:0x00000000
       34385000	      3339	80000ef4	34202373	csrrs	x6,mcause,x0	  x0:0x00000000  x6=0x8000000b
       34395000	      3340	80000ef8	01f35313	srli	x6,x6,0x1f	  x6:0x8000000b  x6=0x00000001
       34405000	      3341	80000efc	06030863	beq	x6,x0,80000f6c	  x6:0x00000001  x0:0x00000000
       34415000	      3342	80000f00	90000a37	lui	x20,0x90000	 x20=0x90000000
       34425000	      3343	80000f04	1a71	c.addi	x20,-4	 x20:0x90000000 x20=0x8ffffffc
       34435000	      3344	80000f06	30000313	addi	x6,x0,768	  x0:0x00000000  x6=0x00000300
       34445000	      3345	80000f0a	0322	c.slli	x6,0x8	  x6:0x00000300  x6=0x00030000
       34455000	      3346	80000f0c	030d	c.addi	x6,3	  x6:0x00030000  x6=0x00030003
       34465000	      3347	80000f0e	006a2023	sw	x6,0(x20)	 x20:0x8ffffffc  x6:0x00030003 PA:0x8ffffffc store:0x00030003 load:0x00000000
       34475000	      3348	80000f12	30002373	csrrs	x6,mstatus,x0	  x0:0x00000000  x6=0x00000080
       34485000	      3349	80000f16	006a2023	sw	x6,0(x20)	 x20:0x8ffffffc  x6:0x00000080 PA:0x8ffffffc store:0x00000080 load:0x00000000
       34495000	      3350	80000f1a	90000a37	lui	x20,0x90000	 x20=0x90000000
       34505000	      3351	80000f1e	1a71	c.addi	x20,-4	 x20:0x90000000 x20=0x8ffffffc
       34515000	      3352	80000f20	34200313	addi	x6,x0,834	  x0:0x00000000  x6=0x00000342
       34525000	      3353	80000f24	0322	c.slli	x6,0x8	  x6:0x00000342  x6=0x00034200
       34535000	      3354	80000f26	030d	c.addi	x6,3	  x6:0x00034200  x6=0x00034203
       34545000	      3355	80000f28	006a2023	sw	x6,0(x20)	 x20:0x8ffffffc  x6:0x00034203 PA:0x8ffffffc store:0x00034203 load:0x00000000
       34555000	      3356	80000f2c	34202373	csrrs	x6,mcause,x0	  x0:0x00000000  x6=0x8000000b
       34565000	      3357	80000f30	006a2023	sw	x6,0(x20)	 x20:0x8ffffffc  x6:0x8000000b PA:0x8ffffffc store:0x8000000b load:0x00000000
       34575000	      3358	80000f34	90000a37	lui	x20,0x90000	 x20=0x90000000
       34585000	      3359	80000f38	1a71	c.addi	x20,-4	 x20:0x90000000 x20=0x8ffffffc
       34595000	      3360	80000f3a	30400313	addi	x6,x0,772	  x0:0x00000000  x6=0x00000304
       34605000	      3361	80000f3e	0322	c.slli	x6,0x8	  x6:0x00000304  x6=0x00030400
       34615000	      3362	80000f40	030d	c.addi	x6,3	  x6:0x00030400  x6=0x00030403
       34625000	      3363	80000f42	006a2023	sw	x6,0(x20)	 x20:0x8ffffffc  x6:0x00030403 PA:0x8ffffffc store:0x00030403 load:0x00000000
       34635000	      3364	80000f46	30402373	csrrs	x6,mie,x0	  x0:0x00000000  x6=0x53ac0888
       34645000	      3365	80000f4a	006a2023	sw	x6,0(x20)	 x20:0x8ffffffc  x6:0x53ac0888 PA:0x8ffffffc store:0x53ac0888 load:0x00000000
       34655000	      3366	80000f4e	90000a37	lui	x20,0x90000	 x20=0x90000000
       34665000	      3367	80000f52	1a71	c.addi	x20,-4	 x20:0x90000000 x20=0x8ffffffc
       34675000	      3368	80000f54	34400313	addi	x6,x0,836	  x0:0x00000000  x6=0x00000344
       34685000	      3369	80000f58	0322	c.slli	x6,0x8	  x6:0x00000344  x6=0x00034400
       34695000	      3370	80000f5a	030d	c.addi	x6,3	  x6:0x00034400  x6=0x00034403
       34705000	      3371	80000f5c	006a2023	sw	x6,0(x20)	 x20:0x8ffffffc  x6:0x00034403 PA:0x8ffffffc store:0x00034403 load:0x00000000
       34715000	      3372	80000f60	34402373	csrrs	x6,mip,x0	  x0:0x00000000  x6=0x00000000
       34725000	      3373	80000f64	006a2023	sw	x6,0(x20)	 x20:0x8ffffffc  x6:0x00000000 PA:0x8ffffffc store:0x00000000 load:0x00000000
       34735000	      3374	80000f68	10d1106f	jal	x0,80012874	  x0=0x00000000
       34755000	      3376	80012874	30002373	csrrs	x6,mstatus,x0	  x0:0x00000000  x6=0x00000080
       34765000	      3377	80012878	30402373	csrrs	x6,mie,x0	  x0:0x00000000  x6=0x53ac0888
       34775000	      3378	8001287c	34402373	csrrs	x6,mip,x0	  x0:0x00000000  x6=0x00000000
       34785000	      3379	80012880	34433373	csrrc	x6,mip,x6	  x6:0x00000000  x6=0x00000000
       34815000	      3382	80012884	90000a37	lui	x20,0x90000	 x20=0x90000000
       34825000	      3383	80012888	1a71	c.addi	x20,-4	 x20:0x90000000 x20=0x8ffffffc
       34835000	      3384	8001288a	431d	c.li	x6,7	  x6=0x00000007
       34845000	      3385	8001288c	0322	c.slli	x6,0x8	  x6:0x00000007  x6=0x00000700
       34855000	      3386	8001288e	00030313	addi	x6,x6,0	  x6:0x00000700  x6=0x00000700
       34865000	      3387	80012892	006a2023	sw	x6,0(x20)	 x20:0x8ffffffc  x6:0x00000700 PA:0x8ffffffc store:0x00000700 load:0x00000000
       34875000	      3388	80012896	00070633	add	x12,x14,x0	 x14:0x8002cc60  x0:0x00000000 x12=0x8002cc60
       34885000	      3389	8001289a	00462083	lw	x1,4(x12)	 x12:0x8002cc60  x1=0xfffffff8 PA:0x8002cc64 load:0xfffffff8
       34895000	      3390	8001289e	00862103	lw	x2,8(x12)	 x12:0x8002cc60  x2=0xf5e39895 PA:0x8002cc68 load:0xf5e39895
       34905000	      3391	800128a2	00c62183	lw	x3,12(x12)	 x12:0x8002cc60  x3=0x00000000 PA:0x8002cc6c load:0x00000000
       34915000	      3392	800128a6	01062203	lw	x4,16(x12)	 x12:0x8002cc60  x4=0x00000000 PA:0x8002cc70 load:0x00000000
       34925000	      3393	800128aa	01462283	lw	x5,20(x12)	 x12:0x8002cc60  x5=0x00000062 PA:0x8002cc74 load:0x00000062
       34935000	      3394	800128ae	01862303	lw	x6,24(x12)	 x12:0x8002cc60  x6=0xfffff2f3 PA:0x8002cc78 load:0xfffff2f3
       34945000	      3395	800128b2	01c62383	lw	x7,28(x12)	 x12:0x8002cc60  x7=0x000000e7 PA:0x8002cc7c load:0x000000e7
       34955000	      3396	800128b6	5200	c.lw	x8,32(x12)	 x12:0x8002cc60  x8=0xfffffc00 PA:0x8002cc80 load:0xfffffc00
       34965000	      3397	800128b8	5244	c.lw	x9,36(x12)	 x12:0x8002cc60  x9=0x00000000 PA:0x8002cc84 load:0x00000000
       34975000	      3398	800128ba	5608	c.lw	x10,40(x12)	 x12:0x8002cc60 x10=0x00000001 PA:0x8002cc88 load:0x00000001
       34985000	      3399	800128bc	564c	c.lw	x11,44(x12)	 x12:0x8002cc60 x11=0xffffffff PA:0x8002cc8c load:0xffffffff
       34995000	      3400	800128be	5a10	c.lw	x12,48(x12)	 x12:0x8002cc60 x12=0x8002cc60 PA:0x8002cc90 load:0x8002cc60
       35015000	      3402	800128c0	5a54	c.lw	x13,52(x12)	 x12:0x8002cc60 x13=0x000000f0 PA:0x8002cc94 load:0x000000f0
       35025000	      3403	800128c2	5e18	c.lw	x14,56(x12)	 x12:0x8002cc60 x14=0x8002cce0 PA:0x8002cc98 load:0x8002cce0
       35035000	      3404	800128c4	5e5c	c.lw	x15,60(x12)	 x12:0x8002cc60 x15=0x00000001 PA:0x8002cc9c load:0x00000001
       35045000	      3405	800128c6	04062803	lw	x16,64(x12)	 x12:0x8002cc60 x16=0x80022536 PA:0x8002cca0 load:0x80022536
       35055000	      3406	800128ca	04462883	lw	x17,68(x12)	 x12:0x8002cc60 x17=0x00000001 PA:0x8002cca4 load:0x00000001
       35065000	      3407	800128ce	04862903	lw	x18,72(x12)	 x12:0x8002cc60 x18=0xfffffff0 PA:0x8002cca8 load:0xfffffff0
       35075000	      3408	800128d2	04c62983	lw	x19,76(x12)	 x12:0x8002cc60 x19=0x0000006f PA:0x8002ccac load:0x0000006f
       35085000	      3409	800128d6	05062a03	lw	x20,80(x12)	 x12:0x8002cc60 x20=0xffffe4e5 PA:0x8002ccb0 load:0xffffe4e5
       35095000	      3410	800128da	05462a83	lw	x21,84(x12)	 x12:0x8002cc60 x21=0x00000068 PA:0x8002ccb4 load:0x00000068
       35105000	      3411	800128de	05862b03	lw	x22,88(x12)	 x12:0x8002cc60 x22=0xffffe0e1 PA:0x8002ccb8 load:0xffffe0e1
       35115000	      3412	800128e2	05c62b83	lw	x23,92(x12)	 x12:0x8002cc60 x23=0x000000e6 PA:0x8002ccbc load:0x000000e6
       35125000	      3413	800128e6	06062c03	lw	x24,96(x12)	 x12:0x8002cc60 x24=0x00000000 PA:0x8002ccc0 load:0x00000000
       35135000	      3414	800128ea	06462c83	lw	x25,100(x12)	 x12:0x8002cc60 x25=0xfffffff0 PA:0x8002ccc4 load:0xfffffff0
       35145000	      3415	800128ee	06862d03	lw	x26,104(x12)	 x12:0x8002cc60 x26=0x80013944 PA:0x8002ccc8 load:0x80013944
       35155000	      3416	800128f2	06c62d83	lw	x27,108(x12)	 x12:0x8002cc60 x27=0x00000000 PA:0x8002cccc load:0x00000000
       35165000	      3417	800128f6	07062e03	lw	x28,112(x12)	 x12:0x8002cc60 x28=0x80013fe6 PA:0x8002ccd0 load:0x80013fe6
       35175000	      3418	800128fa	07462e83	lw	x29,116(x12)	 x12:0x8002cc60 x29=0x00000062 PA:0x8002ccd4 load:0x00000062
       35185000	      3419	800128fe	07862f03	lw	x30,120(x12)	 x12:0x8002cc60 x30=0x00000001 PA:0x8002ccd8 load:0x00000001
       35195000	      3420	80012902	07c62f83	lw	x31,124(x12)	 x12:0x8002cc60 x31=0xffffffbb PA:0x8002ccdc load:0xffffffbb
       35205000	      3421	80012906	08060613	addi	x12,x12,128	 x12:0x8002cc60 x12=0x8002cce0
       35215000	      3422	8001290a	00060733	add	x14,x12,x0	 x12:0x8002cce0  x0:0x00000000 x14=0x8002cce0
       35225000	      3423	8001290e	4310	c.lw	x12,0(x14)	 x14:0x8002cce0 x12=0x80028e20 PA:0x8002cce0 load:0x80028e20
       35235000	      3424	80012910	0711	c.addi	x14,4	 x14:0x8002cce0 x14=0x8002cce4
       35245000	      3425	80012912	30200073	mret	
       35285000	      3429	8000a0b2	009f9a13	slli	x20,x31,0x9	 x31:0xffffffbb x20=0xffff7600
       35295000	      3430	8000a0b6	0110df93	srli	x31,x1,0x11	  x1:0xfffffff8 x31=0x00007fff
       35305000	      3431	8000a0ba	00180d83	lb	x27,1(x16)	 x16:0x80022536 x27=0xffffffec PA:0x80022537 load:0xffffffec
       35315000	      3432	8000a0be	ffc80503	lb	x10,-4(x16)	 x16:0x80022536 x10=0xffffffe9 PA:0x80022532 load:0xffffffe9
       35325000	      3433	8000a0c2	0045deb3	srl	x29,x11,x4	 x11:0xffffffff  x4:0x00000000 x29=0xffffffff
       35335000	      3434	8000a0c6	00484c03	lbu	x24,4(x16)	 x16:0x80022536 x24=0x000000f1 PA:0x8002253a load:0x000000f1
       35345000	      3435	8000a0ca	99fd	c.andi	x11,-1	 x11:0xffffffff x11=0xffffffff
       35355000	      3436	8000a0cc	40bb05b3	sub	x11,x22,x11	 x22:0xffffe0e1 x11:0xffffffff x11=0xffffe0e2
       35725000	      3473	8000a0d0	0229d1b3	divu	x3,x19,x2	 x19:0x0000006f  x2:0xf5e39895  x3=0x00000000
       35735000	      3474	8000a0d4	00af5a93	srli	x21,x30,0xa	 x30:0x00000001 x21=0x00000000
       35745000	      3475	8000a0d8	019b5ab3	srl	x21,x22,x25	 x22:0xffffe0e1 x25:0xfffffff0 x21=0x0000ffff
       35755000	      3476	8000a0dc	00e81d03	lh	x26,14(x16)	 x16:0x80022536 x26=0x00000001 PA:0x80022544 load:0x00000001
       35765000	      3477	8000a0e0	8196	c.mv	x3,x5	  x0:0x00000000  x5:0x00000062  x3=0x00000062
       35775000	      3478	8000a0e2	0ff0000f	fence	iorw,iorw	
       35785000	      3479	8000a0e6	00580f83	lb	x31,5(x16)	 x16:0x80022536 x31=0xfffffff0 PA:0x8002253b load:0xfffffff0
       35795000	      3480	8000a0ea	0000e497	auipc	x9,0xe	  x9=0x800180ea
       35805000	      3481	8000a0ee	56848493	addi	x9,x9,1384	  x9:0x800180ea  x9=0x80018652
       35815000	      3482	8000a0f2	09348a83	lb	x21,147(x9)	  x9:0x80018652 x21=0xffffff9e PA:0x800186e5 load:0xffffff9e
       35825000	      3483	8000a0f6	a9c4cd03	lbu	x26,-1380(x9)	  x9:0x80018652 x26=0x000000a5 PA:0x800180ee load:0x000000a5
       35835000	      3484	8000a0fa	82548883	lb	x17,-2011(x9)	  x9:0x80018652 x17=0x0000002c PA:0x80017e77 load:0x0000002c
       35845000	      3485	8000a0fe	4d548f03	lb	x30,1237(x9)	  x9:0x80018652 x30=0xffffffdc PA:0x80018b27 load:0xffffffdc
       35855000	      3486	8000a102	24695317	auipc	x6,0x24695	  x6=0xa469f102
       35865000	      3487	8000a106	0000100f	fence.i	
       35895000	      3490	8000a10a	01456933	or	x18,x10,x20	 x10:0xffffffe9 x20:0xffff7600 x18=0xffffffe9
       35905000	      3491	8000a10e	01e666b3	or	x13,x12,x30	 x12:0x80028e20 x30:0xffffffdc x13=0xfffffffc
       35915000	      3492	8000a112	bfb49523	sh	x27,-1046(x9)	  x9:0x80018652 x27:0xffffffec PA:0x8001823c store:0xffffffec load:0x00000000
       35925000	      3493	8000a116	cda4d203	lhu	x4,-806(x9)	  x9:0x80018652  x4=0x0000e6e7 PA:0x8001832c load:0x0000e6e7
       35935000	      3494	8000a11a	09148fa3	sb	x17,159(x9)	  x9:0x80018652 x17:0x0000002c PA:0x800186f1 store:0x0000002c load:0x00000000
       35945000	      3495	8000a11e	49748b03	lb	x22,1175(x9)	  x9:0x80018652 x22=0xffffffa2 PA:0x80018ae9 load:0xffffffa2
       35955000	      3496	8000a122	f114ca03	lbu	x20,-239(x9)	  x9:0x80018652 x20=0x00000018 PA:0x80018563 load:0x00000018
       35965000	      3497	8000a126	7924d883	lhu	x17,1938(x9)	  x9:0x80018652 x17=0x00009e9f PA:0x80018de4 load:0x00009e9f
       35975000	      3498	8000a12a	3644d203	lhu	x4,868(x9)	  x9:0x80018652  x4=0x00006c6d PA:0x800189b6 load:0x00006c6d
       35985000	      3499	8000a12e	00d92833	slt	x16,x18,x13	 x18:0xffffffe9 x13:0xfffffffc x16=0x00000001
       35995000	      3500	8000a132	ace48b03	lb	x22,-1330(x9)	  x9:0x80018652 x22=0xffffffdb PA:0x80018120 load:0xffffffdb
       36005000	      3501	8000a136	0094f3b3	and	x7,x9,x9	  x9:0x80018652  x9:0x80018652  x7=0x80018652
       36015000	      3502	8000a13a	44b4c683	lbu	x13,1099(x9)	  x9:0x80018652 x13=0x00000056 PA:0x80018a9d load:0x00000056
       36025000	      3503	8000a13e	10500073	wfi	
       37015000	      3602	8000252c	93bfe06f	jal	x0,80000e66	  x0=0x00000000
       37035000	      3604	80000e66	1771	c.addi	x14,-4	 x14:0x8002cce4 x14=0x8002cce0
       37045000	      3605	80000e68	c310	c.sw	x12,0(x14)	 x14:0x8002cce0 x12:0x80028e20 PA:0x8002cce0 store:0x80028e20 load:0x00000000
       37055000	      3606	80000e6a	00070633	add	x12,x14,x0	 x14:0x8002cce0  x0:0x00000000 x12=0x8002cce0
       37065000	      3607	80000e6e	f8060613	addi	x12,x12,-128	 x12:0x8002cce0 x12=0x8002cc60
       37075000	      3608	80000e72	00162223	sw	x1,4(x12)	 x12:0x8002cc60  x1:0xfffffff8 PA:0x8002cc64 store:0xfffffff8 load:0x00000000
       37085000	      3609	80000e76	00262423	sw	x2,8(x12)	 x12:0x8002cc60  x2:0xf5e39895 PA:0x8002cc68 store:0xf5e39895 load:0x00000000
       37095000	      3610	80000e7a	00362623	sw	x3,12(x12)	 x12:0x8002cc60  x3:0x00000062 PA:0x8002cc6c store:0x00000062 load:0x00000000
       37105000	      3611	80000e7e	00462823	sw	x4,16(x12)	 x12:0x8002cc60  x4:0x00006c6d PA:0x8002cc70 store:0x00006c6d load:0x00000000
       37115000	      3612	80000e82	00562a23	sw	x5,20(x12)	 x12:0x8002cc60  x5:0x00000062 PA:0x8002cc74 store:0x00000062 load:0x00000000
       37125000	      3613	80000e86	00662c23	sw	x6,24(x12)	 x12:0x8002cc60  x6:0xa469f102 PA:0x8002cc78 store:0xa469f102 load:0x00000000
       37135000	      3614	80000e8a	00762e23	sw	x7,28(x12)	 x12:0x8002cc60  x7:0x80018652 PA:0x8002cc7c store:0x80018652 load:0x00000000
       37145000	      3615	80000e8e	d200	c.sw	x8,32(x12)	 x12:0x8002cc60  x8:0xfffffc00 PA:0x8002cc80 store:0xfffffc00 load:0x00000000
       37155000	      3616	80000e90	d244	c.sw	x9,36(x12)	 x12:0x8002cc60  x9:0x80018652 PA:0x8002cc84 store:0x80018652 load:0x00000000
       37165000	      3617	80000e92	d608	c.sw	x10,40(x12)	 x12:0x8002cc60 x10:0xffffffe9 PA:0x8002cc88 store:0xffffffe9 load:0x00000000
       37175000	      3618	80000e94	d64c	c.sw	x11,44(x12)	 x12:0x8002cc60 x11:0xffffe0e2 PA:0x8002cc8c store:0xffffe0e2 load:0x00000000
       37185000	      3619	80000e96	da10	c.sw	x12,48(x12)	 x12:0x8002cc60 x12:0x8002cc60 PA:0x8002cc90 store:0x8002cc60 load:0x00000000
       37195000	      3620	80000e98	da54	c.sw	x13,52(x12)	 x12:0x8002cc60 x13:0x00000056 PA:0x8002cc94 store:0x00000056 load:0x00000000
       37205000	      3621	80000e9a	de18	c.sw	x14,56(x12)	 x12:0x8002cc60 x14:0x8002cce0 PA:0x8002cc98 store:0x8002cce0 load:0x00000000
       37215000	      3622	80000e9c	de5c	c.sw	x15,60(x12)	 x12:0x8002cc60 x15:0x00000001 PA:0x8002cc9c store:0x00000001 load:0x00000000
       37225000	      3623	80000e9e	05062023	sw	x16,64(x12)	 x12:0x8002cc60 x16:0x00000001 PA:0x8002cca0 store:0x00000001 load:0x00000000
       37235000	      3624	80000ea2	05162223	sw	x17,68(x12)	 x12:0x8002cc60 x17:0x00009e9f PA:0x8002cca4 store:0x00009e9f load:0x00000000
       37245000	      3625	80000ea6	05262423	sw	x18,72(x12)	 x12:0x8002cc60 x18:0xffffffe9 PA:0x8002cca8 store:0xffffffe9 load:0x00000000
       37255000	      3626	80000eaa	05362623	sw	x19,76(x12)	 x12:0x8002cc60 x19:0x0000006f PA:0x8002ccac store:0x0000006f load:0x00000000
       37265000	      3627	80000eae	05462823	sw	x20,80(x12)	 x12:0x8002cc60 x20:0x00000018 PA:0x8002ccb0 store:0x00000018 load:0x00000000
       37275000	      3628	80000eb2	05562a23	sw	x21,84(x12)	 x12:0x8002cc60 x21:0xffffff9e PA:0x8002ccb4 store:0xffffff9e load:0x00000000
       37285000	      3629	80000eb6	05662c23	sw	x22,88(x12)	 x12:0x8002cc60 x22:0xffffffdb PA:0x8002ccb8 store:0xffffffdb load:0x00000000
       37295000	      3630	80000eba	05762e23	sw	x23,92(x12)	 x12:0x8002cc60 x23:0x000000e6 PA:0x8002ccbc store:0x000000e6 load:0x00000000
       37305000	      3631	80000ebe	07862023	sw	x24,96(x12)	 x12:0x8002cc60 x24:0x000000f1 PA:0x8002ccc0 store:0x000000f1 load:0x00000000
       37315000	      3632	80000ec2	07962223	sw	x25,100(x12)	 x12:0x8002cc60 x25:0xfffffff0 PA:0x8002ccc4 store:0xfffffff0 load:0x00000000
       37325000	      3633	80000ec6	07a62423	sw	x26,104(x12)	 x12:0x8002cc60 x26:0x000000a5 PA:0x8002ccc8 store:0x000000a5 load:0x00000000
       37335000	      3634	80000eca	07b62623	sw	x27,108(x12)	 x12:0x8002cc60 x27:0xffffffec PA:0x8002cccc store:0xffffffec load:0x00000000
       37345000	      3635	80000ece	07c62823	sw	x28,112(x12)	 x12:0x8002cc60 x28:0x80013fe6 PA:0x8002ccd0 store:0x80013fe6 load:0x00000000
       37355000	      3636	80000ed2	07d62a23	sw	x29,116(x12)	 x12:0x8002cc60 x29:0xffffffff PA:0x8002ccd4 store:0xffffffff load:0x00000000
       37365000	      3637	80000ed6	07e62c23	sw	x30,120(x12)	 x12:0x8002cc60 x30:0xffffffdc PA:0x8002ccd8 store:0xffffffdc load:0x00000000
       37375000	      3638	80000eda	07f62e23	sw	x31,124(x12)	 x12:0x8002cc60 x31:0xfffffff0 PA:0x8002ccdc store:0xfffffff0 load:0x00000000
       37385000	      3639	80000ede	00060733	add	x14,x12,x0	 x12:0x8002cc60  x0:0x00000000 x14=0x8002cc60
       37395000	      3640	80000ee2	90000a37	lui	x20,0x90000	 x20=0x90000000
       37405000	      3641	80000ee6	1a71	c.addi	x20,-4	 x20:0x90000000 x20=0x8ffffffc
       37415000	      3642	80000ee8	4319	c.li	x6,6	  x6=0x00000006
       37425000	      3643	80000eea	0322	c.slli	x6,0x8	  x6:0x00000006  x6=0x00000600
       37435000	      3644	80000eec	00030313	addi	x6,x6,0	  x6:0x00000600  x6=0x00000600
       37445000	      3645	80000ef0	006a2023	sw	x6,0(x20)	 x20:0x8ffffffc  x6:0x00000600 PA:0x8ffffffc store:0x00000600 load:0x00000000
       37455000	      3646	80000ef4	34202373	csrrs	x6,mcause,x0	  x0:0x00000000  x6=0x8000000b
       37465000	      3647	80000ef8	01f35313	srli	x6,x6,0x1f	  x6:0x8000000b  x6=0x00000001
       37475000	      3648	80000efc	06030863	beq	x6,x0,80000f6c	  x6:0x00000001  x0:0x00000000
       37485000	      3649	80000f00	90000a37	lui	x20,0x90000	 x20=0x90000000
       37495000	      3650	80000f04	1a71	c.addi	x20,-4	 x20:0x90000000 x20=0x8ffffffc
       37505000	      3651	80000f06	30000313	addi	x6,x0,768	  x0:0x00000000  x6=0x00000300
       37515000	      3652	80000f0a	0322	c.slli	x6,0x8	  x6:0x00000300  x6=0x00030000
       37525000	      3653	80000f0c	030d	c.addi	x6,3	  x6:0x00030000  x6=0x00030003
       37535000	      3654	80000f0e	006a2023	sw	x6,0(x20)	 x20:0x8ffffffc  x6:0x00030003 PA:0x8ffffffc store:0x00030003 load:0x00000000
       37545000	      3655	80000f12	30002373	csrrs	x6,mstatus,x0	  x0:0x00000000  x6=0x00000080
       37555000	      3656	80000f16	006a2023	sw	x6,0(x20)	 x20:0x8ffffffc  x6:0x00000080 PA:0x8ffffffc store:0x00000080 load:0x00000000
       37565000	      3657	80000f1a	90000a37	lui	x20,0x90000	 x20=0x90000000
       37575000	      3658	80000f1e	1a71	c.addi	x20,-4	 x20:0x90000000 x20=0x8ffffffc
       37585000	      3659	80000f20	34200313	addi	x6,x0,834	  x0:0x00000000  x6=0x00000342
       37595000	      3660	80000f24	0322	c.slli	x6,0x8	  x6:0x00000342  x6=0x00034200
       37605000	      3661	80000f26	030d	c.addi	x6,3	  x6:0x00034200  x6=0x00034203
       37615000	      3662	80000f28	006a2023	sw	x6,0(x20)	 x20:0x8ffffffc  x6:0x00034203 PA:0x8ffffffc store:0x00034203 load:0x00000000
       37625000	      3663	80000f2c	34202373	csrrs	x6,mcause,x0	  x0:0x00000000  x6=0x8000000b
       37635000	      3664	80000f30	006a2023	sw	x6,0(x20)	 x20:0x8ffffffc  x6:0x8000000b PA:0x8ffffffc store:0x8000000b load:0x00000000
       37645000	      3665	80000f34	90000a37	lui	x20,0x90000	 x20=0x90000000
       37655000	      3666	80000f38	1a71	c.addi	x20,-4	 x20:0x90000000 x20=0x8ffffffc
       37665000	      3667	80000f3a	30400313	addi	x6,x0,772	  x0:0x00000000  x6=0x00000304
       37675000	      3668	80000f3e	0322	c.slli	x6,0x8	  x6:0x00000304  x6=0x00030400
       37685000	      3669	80000f40	030d	c.addi	x6,3	  x6:0x00030400  x6=0x00030403
       37695000	      3670	80000f42	006a2023	sw	x6,0(x20)	 x20:0x8ffffffc  x6:0x00030403 PA:0x8ffffffc store:0x00030403 load:0x00000000
       37705000	      3671	80000f46	30402373	csrrs	x6,mie,x0	  x0:0x00000000  x6=0x53ac0888
       37715000	      3672	80000f4a	006a2023	sw	x6,0(x20)	 x20:0x8ffffffc  x6:0x53ac0888 PA:0x8ffffffc store:0x53ac0888 load:0x00000000
       37725000	      3673	80000f4e	90000a37	lui	x20,0x90000	 x20=0x90000000
       37735000	      3674	80000f52	1a71	c.addi	x20,-4	 x20:0x90000000 x20=0x8ffffffc
       37745000	      3675	80000f54	34400313	addi	x6,x0,836	  x0:0x00000000  x6=0x00000344
       37755000	      3676	80000f58	0322	c.slli	x6,0x8	  x6:0x00000344  x6=0x00034400
       37765000	      3677	80000f5a	030d	c.addi	x6,3	  x6:0x00034400  x6=0x00034403
       37775000	      3678	80000f5c	006a2023	sw	x6,0(x20)	 x20:0x8ffffffc  x6:0x00034403 PA:0x8ffffffc store:0x00034403 load:0x00000000
       37785000	      3679	80000f60	34402373	csrrs	x6,mip,x0	  x0:0x00000000  x6=0x00000000
       37795000	      3680	80000f64	006a2023	sw	x6,0(x20)	 x20:0x8ffffffc  x6:0x00000000 PA:0x8ffffffc store:0x00000000 load:0x00000000
       37805000	      3681	80000f68	10d1106f	jal	x0,80012874	  x0=0x00000000
       37825000	      3683	80012874	30002373	csrrs	x6,mstatus,x0	  x0:0x00000000  x6=0x00000080
       37835000	      3684	80012878	30402373	csrrs	x6,mie,x0	  x0:0x00000000  x6=0x53ac0888
       37845000	      3685	8001287c	34402373	csrrs	x6,mip,x0	  x0:0x00000000  x6=0x00000000
       37855000	      3686	80012880	34433373	csrrc	x6,mip,x6	  x6:0x00000000  x6=0x00000000
       37885000	      3689	80012884	90000a37	lui	x20,0x90000	 x20=0x90000000
       37895000	      3690	80012888	1a71	c.addi	x20,-4	 x20:0x90000000 x20=0x8ffffffc
       37905000	      3691	8001288a	431d	c.li	x6,7	  x6=0x00000007
       37915000	      3692	8001288c	0322	c.slli	x6,0x8	  x6:0x00000007  x6=0x00000700
       37925000	      3693	8001288e	00030313	addi	x6,x6,0	  x6:0x00000700  x6=0x00000700
       37935000	      3694	80012892	006a2023	sw	x6,0(x20)	 x20:0x8ffffffc  x6:0x00000700 PA:0x8ffffffc store:0x00000700 load:0x00000000
       37945000	      3695	80012896	00070633	add	x12,x14,x0	 x14:0x8002cc60  x0:0x00000000 x12=0x8002cc60
       37955000	      3696	8001289a	00462083	lw	x1,4(x12)	 x12:0x8002cc60  x1=0xfffffff8 PA:0x8002cc64 load:0xfffffff8
       37965000	      3697	8001289e	00862103	lw	x2,8(x12)	 x12:0x8002cc60  x2=0xf5e39895 PA:0x8002cc68 load:0xf5e39895
       37975000	      3698	800128a2	00c62183	lw	x3,12(x12)	 x12:0x8002cc60  x3=0x00000062 PA:0x8002cc6c load:0x00000062
       37985000	      3699	800128a6	01062203	lw	x4,16(x12)	 x12:0x8002cc60  x4=0x00006c6d PA:0x8002cc70 load:0x00006c6d
       37995000	      3700	800128aa	01462283	lw	x5,20(x12)	 x12:0x8002cc60  x5=0x00000062 PA:0x8002cc74 load:0x00000062
       38005000	      3701	800128ae	01862303	lw	x6,24(x12)	 x12:0x8002cc60  x6=0xa469f102 PA:0x8002cc78 load:0xa469f102
       38015000	      3702	800128b2	01c62383	lw	x7,28(x12)	 x12:0x8002cc60  x7=0x80018652 PA:0x8002cc7c load:0x80018652
       38025000	      3703	800128b6	5200	c.lw	x8,32(x12)	 x12:0x8002cc60  x8=0xfffffc00 PA:0x8002cc80 load:0xfffffc00
       38035000	      3704	800128b8	5244	c.lw	x9,36(x12)	 x12:0x8002cc60  x9=0x80018652 PA:0x8002cc84 load:0x80018652
       38045000	      3705	800128ba	5608	c.lw	x10,40(x12)	 x12:0x8002cc60 x10=0xffffffe9 PA:0x8002cc88 load:0xffffffe9
       38055000	      3706	800128bc	564c	c.lw	x11,44(x12)	 x12:0x8002cc60 x11=0xffffe0e2 PA:0x8002cc8c load:0xffffe0e2
       38065000	      3707	800128be	5a10	c.lw	x12,48(x12)	 x12:0x8002cc60 x12=0x8002cc60 PA:0x8002cc90 load:0x8002cc60
       38085000	      3709	800128c0	5a54	c.lw	x13,52(x12)	 x12:0x8002cc60 x13=0x00000056 PA:0x8002cc94 load:0x00000056
       38095000	      3710	800128c2	5e18	c.lw	x14,56(x12)	 x12:0x8002cc60 x14=0x8002cce0 PA:0x8002cc98 load:0x8002cce0
       38105000	      3711	800128c4	5e5c	c.lw	x15,60(x12)	 x12:0x8002cc60 x15=0x00000001 PA:0x8002cc9c load:0x00000001
       38115000	      3712	800128c6	04062803	lw	x16,64(x12)	 x12:0x8002cc60 x16=0x00000001 PA:0x8002cca0 load:0x00000001
       38125000	      3713	800128ca	04462883	lw	x17,68(x12)	 x12:0x8002cc60 x17=0x00009e9f PA:0x8002cca4 load:0x00009e9f
       38135000	      3714	800128ce	04862903	lw	x18,72(x12)	 x12:0x8002cc60 x18=0xffffffe9 PA:0x8002cca8 load:0xffffffe9
       38145000	      3715	800128d2	04c62983	lw	x19,76(x12)	 x12:0x8002cc60 x19=0x0000006f PA:0x8002ccac load:0x0000006f
       38155000	      3716	800128d6	05062a03	lw	x20,80(x12)	 x12:0x8002cc60 x20=0x00000018 PA:0x8002ccb0 load:0x00000018
       38165000	      3717	800128da	05462a83	lw	x21,84(x12)	 x12:0x8002cc60 x21=0xffffff9e PA:0x8002ccb4 load:0xffffff9e
       38175000	      3718	800128de	05862b03	lw	x22,88(x12)	 x12:0x8002cc60 x22=0xffffffdb PA:0x8002ccb8 load:0xffffffdb
       38185000	      3719	800128e2	05c62b83	lw	x23,92(x12)	 x12:0x8002cc60 x23=0x000000e6 PA:0x8002ccbc load:0x000000e6
       38195000	      3720	800128e6	06062c03	lw	x24,96(x12)	 x12:0x8002cc60 x24=0x000000f1 PA:0x8002ccc0 load:0x000000f1
       38205000	      3721	800128ea	06462c83	lw	x25,100(x12)	 x12:0x8002cc60 x25=0xfffffff0 PA:0x8002ccc4 load:0xfffffff0
       38215000	      3722	800128ee	06862d03	lw	x26,104(x12)	 x12:0x8002cc60 x26=0x000000a5 PA:0x8002ccc8 load:0x000000a5
       38225000	      3723	800128f2	06c62d83	lw	x27,108(x12)	 x12:0x8002cc60 x27=0xffffffec PA:0x8002cccc load:0xffffffec
       38235000	      3724	800128f6	07062e03	lw	x28,112(x12)	 x12:0x8002cc60 x28=0x80013fe6 PA:0x8002ccd0 load:0x80013fe6
       38245000	      3725	800128fa	07462e83	lw	x29,116(x12)	 x12:0x8002cc60 x29=0xffffffff PA:0x8002ccd4 load:0xffffffff
       38255000	      3726	800128fe	07862f03	lw	x30,120(x12)	 x12:0x8002cc60 x30=0xffffffdc PA:0x8002ccd8 load:0xffffffdc
       38265000	      3727	80012902	07c62f83	lw	x31,124(x12)	 x12:0x8002cc60 x31=0xfffffff0 PA:0x8002ccdc load:0xfffffff0
       38275000	      3728	80012906	08060613	addi	x12,x12,128	 x12:0x8002cc60 x12=0x8002cce0
       38285000	      3729	8001290a	00060733	add	x14,x12,x0	 x12:0x8002cce0  x0:0x00000000 x14=0x8002cce0
       38295000	      3730	8001290e	4310	c.lw	x12,0(x14)	 x14:0x8002cce0 x12=0x80028e20 PA:0x8002cce0 load:0x80028e20
       38305000	      3731	80012910	0711	c.addi	x14,4	 x14:0x8002cce0 x14=0x8002cce4
       38315000	      3732	80012912	30200073	mret	
       38355000	      3736	8000a142	401483b3	sub	x7,x9,x1	  x9:0x80018652  x1:0xfffffff8  x7=0x8001865a
       38365000	      3737	8000a146	090d	c.addi	x18,3	 x18:0xffffffe9 x18=0xffffffec
       38375000	      3738	8000a148	0001	c.addi	x0,0	  x0:0x00000000  x0=0x00000000
       38385000	      3739	8000a14a	a3e49923	sh	x30,-1486(x9)	  x9:0x80018652 x30:0xffffffdc PA:0x80018084 store:0xffffffdc load:0x00000000
       38395000	      3740	8000a14e	41849f03	lh	x30,1048(x9)	  x9:0x80018652 x30=0x00002021 PA:0x80018a6a load:0x00002021
       38405000	      3741	8000a152	121487a3	sb	x1,303(x9)	  x9:0x80018652  x1:0xfffffff8 PA:0x80018781 store:0xfffffff8 load:0x00000000
       38415000	      3742	8000a156	1814c583	lbu	x11,385(x9)	  x9:0x80018652 x11=0x00000088 PA:0x800187d3 load:0x00000088
       38425000	      3743	8000a15a	a4fc4f13	xori	x30,x24,-1457	 x24:0x000000f1 x30=0xfffffabe
       38435000	      3744	8000a15e	27849c83	lh	x25,632(x9)	  x9:0x80018652 x25=0xffff8081 PA:0x800188ca load:0xffff8081
       38805000	      3781	8000a162	02cbc233	div	x4,x23,x12	 x23:0x000000e6 x12:0x80028e20  x4=0x00000000
       38815000	      3782	8000a166	10500073	wfi	
       40085000	      3909	8000252c	93bfe06f	jal	x0,80000e66	  x0=0x00000000
       40105000	      3911	80000e66	1771	c.addi	x14,-4	 x14:0x8002cce4 x14=0x8002cce0
       40115000	      3912	80000e68	c310	c.sw	x12,0(x14)	 x14:0x8002cce0 x12:0x80028e20 PA:0x8002cce0 store:0x80028e20 load:0x00000000
       40125000	      3913	80000e6a	00070633	add	x12,x14,x0	 x14:0x8002cce0  x0:0x00000000 x12=0x8002cce0
       40135000	      3914	80000e6e	f8060613	addi	x12,x12,-128	 x12:0x8002cce0 x12=0x8002cc60
       40145000	      3915	80000e72	00162223	sw	x1,4(x12)	 x12:0x8002cc60  x1:0xfffffff8 PA:0x8002cc64 store:0xfffffff8 load:0x00000000
       40155000	      3916	80000e76	00262423	sw	x2,8(x12)	 x12:0x8002cc60  x2:0xf5e39895 PA:0x8002cc68 store:0xf5e39895 load:0x00000000
       40165000	      3917	80000e7a	00362623	sw	x3,12(x12)	 x12:0x8002cc60  x3:0x00000062 PA:0x8002cc6c store:0x00000062 load:0x00000000
       40175000	      3918	80000e7e	00462823	sw	x4,16(x12)	 x12:0x8002cc60  x4:0x00000000 PA:0x8002cc70 store:0x00000000 load:0x00000000
       40185000	      3919	80000e82	00562a23	sw	x5,20(x12)	 x12:0x8002cc60  x5:0x00000062 PA:0x8002cc74 store:0x00000062 load:0x00000000
       40195000	      3920	80000e86	00662c23	sw	x6,24(x12)	 x12:0x8002cc60  x6:0xa469f102 PA:0x8002cc78 store:0xa469f102 load:0x00000000
       40205000	      3921	80000e8a	00762e23	sw	x7,28(x12)	 x12:0x8002cc60  x7:0x8001865a PA:0x8002cc7c store:0x8001865a load:0x00000000
       40215000	      3922	80000e8e	d200	c.sw	x8,32(x12)	 x12:0x8002cc60  x8:0xfffffc00 PA:0x8002cc80 store:0xfffffc00 load:0x00000000
       40225000	      3923	80000e90	d244	c.sw	x9,36(x12)	 x12:0x8002cc60  x9:0x80018652 PA:0x8002cc84 store:0x80018652 load:0x00000000
       40235000	      3924	80000e92	d608	c.sw	x10,40(x12)	 x12:0x8002cc60 x10:0xffffffe9 PA:0x8002cc88 store:0xffffffe9 load:0x00000000
       40245000	      3925	80000e94	d64c	c.sw	x11,44(x12)	 x12:0x8002cc60 x11:0x00000088 PA:0x8002cc8c store:0x00000088 load:0x00000000
       40255000	      3926	80000e96	da10	c.sw	x12,48(x12)	 x12:0x8002cc60 x12:0x8002cc60 PA:0x8002cc90 store:0x8002cc60 load:0x00000000
       40265000	      3927	80000e98	da54	c.sw	x13,52(x12)	 x12:0x8002cc60 x13:0x00000056 PA:0x8002cc94 store:0x00000056 load:0x00000000
       40275000	      3928	80000e9a	de18	c.sw	x14,56(x12)	 x12:0x8002cc60 x14:0x8002cce0 PA:0x8002cc98 store:0x8002cce0 load:0x00000000
       40285000	      3929	80000e9c	de5c	c.sw	x15,60(x12)	 x12:0x8002cc60 x15:0x00000001 PA:0x8002cc9c store:0x00000001 load:0x00000000
       40295000	      3930	80000e9e	05062023	sw	x16,64(x12)	 x12:0x8002cc60 x16:0x00000001 PA:0x8002cca0 store:0x00000001 load:0x00000000
       40305000	      3931	80000ea2	05162223	sw	x17,68(x12)	 x12:0x8002cc60 x17:0x00009e9f PA:0x8002cca4 store:0x00009e9f load:0x00000000
       40315000	      3932	80000ea6	05262423	sw	x18,72(x12)	 x12:0x8002cc60 x18:0xffffffec PA:0x8002cca8 store:0xffffffec load:0x00000000
       40325000	      3933	80000eaa	05362623	sw	x19,76(x12)	 x12:0x8002cc60 x19:0x0000006f PA:0x8002ccac store:0x0000006f load:0x00000000
       40335000	      3934	80000eae	05462823	sw	x20,80(x12)	 x12:0x8002cc60 x20:0x00000018 PA:0x8002ccb0 store:0x00000018 load:0x00000000
       40345000	      3935	80000eb2	05562a23	sw	x21,84(x12)	 x12:0x8002cc60 x21:0xffffff9e PA:0x8002ccb4 store:0xffffff9e load:0x00000000
       40355000	      3936	80000eb6	05662c23	sw	x22,88(x12)	 x12:0x8002cc60 x22:0xffffffdb PA:0x8002ccb8 store:0xffffffdb load:0x00000000
       40365000	      3937	80000eba	05762e23	sw	x23,92(x12)	 x12:0x8002cc60 x23:0x000000e6 PA:0x8002ccbc store:0x000000e6 load:0x00000000
       40375000	      3938	80000ebe	07862023	sw	x24,96(x12)	 x12:0x8002cc60 x24:0x000000f1 PA:0x8002ccc0 store:0x000000f1 load:0x00000000
       40385000	      3939	80000ec2	07962223	sw	x25,100(x12)	 x12:0x8002cc60 x25:0xffff8081 PA:0x8002ccc4 store:0xffff8081 load:0x00000000
       40395000	      3940	80000ec6	07a62423	sw	x26,104(x12)	 x12:0x8002cc60 x26:0x000000a5 PA:0x8002ccc8 store:0x000000a5 load:0x00000000
       40405000	      3941	80000eca	07b62623	sw	x27,108(x12)	 x12:0x8002cc60 x27:0xffffffec PA:0x8002cccc store:0xffffffec load:0x00000000
       40415000	      3942	80000ece	07c62823	sw	x28,112(x12)	 x12:0x8002cc60 x28:0x80013fe6 PA:0x8002ccd0 store:0x80013fe6 load:0x00000000
       40425000	      3943	80000ed2	07d62a23	sw	x29,116(x12)	 x12:0x8002cc60 x29:0xffffffff PA:0x8002ccd4 store:0xffffffff load:0x00000000
       40435000	      3944	80000ed6	07e62c23	sw	x30,120(x12)	 x12:0x8002cc60 x30:0xfffffabe PA:0x8002ccd8 store:0xfffffabe load:0x00000000
       40445000	      3945	80000eda	07f62e23	sw	x31,124(x12)	 x12:0x8002cc60 x31:0xfffffff0 PA:0x8002ccdc store:0xfffffff0 load:0x00000000
       40455000	      3946	80000ede	00060733	add	x14,x12,x0	 x12:0x8002cc60  x0:0x00000000 x14=0x8002cc60
       40465000	      3947	80000ee2	90000a37	lui	x20,0x90000	 x20=0x90000000
       40475000	      3948	80000ee6	1a71	c.addi	x20,-4	 x20:0x90000000 x20=0x8ffffffc
       40485000	      3949	80000ee8	4319	c.li	x6,6	  x6=0x00000006
       40495000	      3950	80000eea	0322	c.slli	x6,0x8	  x6:0x00000006  x6=0x00000600
       40505000	      3951	80000eec	00030313	addi	x6,x6,0	  x6:0x00000600  x6=0x00000600
       40515000	      3952	80000ef0	006a2023	sw	x6,0(x20)	 x20:0x8ffffffc  x6:0x00000600 PA:0x8ffffffc store:0x00000600 load:0x00000000
       40525000	      3953	80000ef4	34202373	csrrs	x6,mcause,x0	  x0:0x00000000  x6=0x8000000b
       40535000	      3954	80000ef8	01f35313	srli	x6,x6,0x1f	  x6:0x8000000b  x6=0x00000001
       40545000	      3955	80000efc	06030863	beq	x6,x0,80000f6c	  x6:0x00000001  x0:0x00000000
       40555000	      3956	80000f00	90000a37	lui	x20,0x90000	 x20=0x90000000
       40565000	      3957	80000f04	1a71	c.addi	x20,-4	 x20:0x90000000 x20=0x8ffffffc
       40575000	      3958	80000f06	30000313	addi	x6,x0,768	  x0:0x00000000  x6=0x00000300
       40585000	      3959	80000f0a	0322	c.slli	x6,0x8	  x6:0x00000300  x6=0x00030000
       40595000	      3960	80000f0c	030d	c.addi	x6,3	  x6:0x00030000  x6=0x00030003
       40605000	      3961	80000f0e	006a2023	sw	x6,0(x20)	 x20:0x8ffffffc  x6:0x00030003 PA:0x8ffffffc store:0x00030003 load:0x00000000
       40615000	      3962	80000f12	30002373	csrrs	x6,mstatus,x0	  x0:0x00000000  x6=0x00000080
       40625000	      3963	80000f16	006a2023	sw	x6,0(x20)	 x20:0x8ffffffc  x6:0x00000080 PA:0x8ffffffc store:0x00000080 load:0x00000000
       40635000	      3964	80000f1a	90000a37	lui	x20,0x90000	 x20=0x90000000
       40645000	      3965	80000f1e	1a71	c.addi	x20,-4	 x20:0x90000000 x20=0x8ffffffc
       40655000	      3966	80000f20	34200313	addi	x6,x0,834	  x0:0x00000000  x6=0x00000342
       40665000	      3967	80000f24	0322	c.slli	x6,0x8	  x6:0x00000342  x6=0x00034200
       40675000	      3968	80000f26	030d	c.addi	x6,3	  x6:0x00034200  x6=0x00034203
       40685000	      3969	80000f28	006a2023	sw	x6,0(x20)	 x20:0x8ffffffc  x6:0x00034203 PA:0x8ffffffc store:0x00034203 load:0x00000000
       40695000	      3970	80000f2c	34202373	csrrs	x6,mcause,x0	  x0:0x00000000  x6=0x8000000b
       40705000	      3971	80000f30	006a2023	sw	x6,0(x20)	 x20:0x8ffffffc  x6:0x8000000b PA:0x8ffffffc store:0x8000000b load:0x00000000
       40715000	      3972	80000f34	90000a37	lui	x20,0x90000	 x20=0x90000000
       40725000	      3973	80000f38	1a71	c.addi	x20,-4	 x20:0x90000000 x20=0x8ffffffc
       40735000	      3974	80000f3a	30400313	addi	x6,x0,772	  x0:0x00000000  x6=0x00000304
       40745000	      3975	80000f3e	0322	c.slli	x6,0x8	  x6:0x00000304  x6=0x00030400
       40755000	      3976	80000f40	030d	c.addi	x6,3	  x6:0x00030400  x6=0x00030403
       40765000	      3977	80000f42	006a2023	sw	x6,0(x20)	 x20:0x8ffffffc  x6:0x00030403 PA:0x8ffffffc store:0x00030403 load:0x00000000
       40775000	      3978	80000f46	30402373	csrrs	x6,mie,x0	  x0:0x00000000  x6=0x53ac0888
       40785000	      3979	80000f4a	006a2023	sw	x6,0(x20)	 x20:0x8ffffffc  x6:0x53ac0888 PA:0x8ffffffc store:0x53ac0888 load:0x00000000
       40795000	      3980	80000f4e	90000a37	lui	x20,0x90000	 x20=0x90000000
       40805000	      3981	80000f52	1a71	c.addi	x20,-4	 x20:0x90000000 x20=0x8ffffffc
       40815000	      3982	80000f54	34400313	addi	x6,x0,836	  x0:0x00000000  x6=0x00000344
       40825000	      3983	80000f58	0322	c.slli	x6,0x8	  x6:0x00000344  x6=0x00034400
       40835000	      3984	80000f5a	030d	c.addi	x6,3	  x6:0x00034400  x6=0x00034403
       40845000	      3985	80000f5c	006a2023	sw	x6,0(x20)	 x20:0x8ffffffc  x6:0x00034403 PA:0x8ffffffc store:0x00034403 load:0x00000000
       40855000	      3986	80000f60	34402373	csrrs	x6,mip,x0	  x0:0x00000000  x6=0x00000000
       40865000	      3987	80000f64	006a2023	sw	x6,0(x20)	 x20:0x8ffffffc  x6:0x00000000 PA:0x8ffffffc store:0x00000000 load:0x00000000
       40875000	      3988	80000f68	10d1106f	jal	x0,80012874	  x0=0x00000000
       40895000	      3990	80012874	30002373	csrrs	x6,mstatus,x0	  x0:0x00000000  x6=0x00000080
       40905000	      3991	80012878	30402373	csrrs	x6,mie,x0	  x0:0x00000000  x6=0x53ac0888
       40915000	      3992	8001287c	34402373	csrrs	x6,mip,x0	  x0:0x00000000  x6=0x00000000
       40925000	      3993	80012880	34433373	csrrc	x6,mip,x6	  x6:0x00000000  x6=0x00000000
       40955000	      3996	80012884	90000a37	lui	x20,0x90000	 x20=0x90000000
       40965000	      3997	80012888	1a71	c.addi	x20,-4	 x20:0x90000000 x20=0x8ffffffc
       40975000	      3998	8001288a	431d	c.li	x6,7	  x6=0x00000007
       40985000	      3999	8001288c	0322	c.slli	x6,0x8	  x6:0x00000007  x6=0x00000700
       40995000	      4000	8001288e	00030313	addi	x6,x6,0	  x6:0x00000700  x6=0x00000700
       41005000	      4001	80012892	006a2023	sw	x6,0(x20)	 x20:0x8ffffffc  x6:0x00000700 PA:0x8ffffffc store:0x00000700 load:0x00000000
       41015000	      4002	80012896	00070633	add	x12,x14,x0	 x14:0x8002cc60  x0:0x00000000 x12=0x8002cc60
       41025000	      4003	8001289a	00462083	lw	x1,4(x12)	 x12:0x8002cc60  x1=0xfffffff8 PA:0x8002cc64 load:0xfffffff8
       41035000	      4004	8001289e	00862103	lw	x2,8(x12)	 x12:0x8002cc60  x2=0xf5e39895 PA:0x8002cc68 load:0xf5e39895
       41045000	      4005	800128a2	00c62183	lw	x3,12(x12)	 x12:0x8002cc60  x3=0x00000062 PA:0x8002cc6c load:0x00000062
       41055000	      4006	800128a6	01062203	lw	x4,16(x12)	 x12:0x8002cc60  x4=0x00000000 PA:0x8002cc70 load:0x00000000
       41065000	      4007	800128aa	01462283	lw	x5,20(x12)	 x12:0x8002cc60  x5=0x00000062 PA:0x8002cc74 load:0x00000062
       41075000	      4008	800128ae	01862303	lw	x6,24(x12)	 x12:0x8002cc60  x6=0xa469f102 PA:0x8002cc78 load:0xa469f102
       41085000	      4009	800128b2	01c62383	lw	x7,28(x12)	 x12:0x8002cc60  x7=0x8001865a PA:0x8002cc7c load:0x8001865a
       41095000	      4010	800128b6	5200	c.lw	x8,32(x12)	 x12:0x8002cc60  x8=0xfffffc00 PA:0x8002cc80 load:0xfffffc00
       41105000	      4011	800128b8	5244	c.lw	x9,36(x12)	 x12:0x8002cc60  x9=0x80018652 PA:0x8002cc84 load:0x80018652
       41115000	      4012	800128ba	5608	c.lw	x10,40(x12)	 x12:0x8002cc60 x10=0xffffffe9 PA:0x8002cc88 load:0xffffffe9
       41125000	      4013	800128bc	564c	c.lw	x11,44(x12)	 x12:0x8002cc60 x11=0x00000088 PA:0x8002cc8c load:0x00000088
       41135000	      4014	800128be	5a10	c.lw	x12,48(x12)	 x12:0x8002cc60 x12=0x8002cc60 PA:0x8002cc90 load:0x8002cc60
       41155000	      4016	800128c0	5a54	c.lw	x13,52(x12)	 x12:0x8002cc60 x13=0x00000056 PA:0x8002cc94 load:0x00000056
       41165000	      4017	800128c2	5e18	c.lw	x14,56(x12)	 x12:0x8002cc60 x14=0x8002cce0 PA:0x8002cc98 load:0x8002cce0
       41175000	      4018	800128c4	5e5c	c.lw	x15,60(x12)	 x12:0x8002cc60 x15=0x00000001 PA:0x8002cc9c load:0x00000001
       41185000	      4019	800128c6	04062803	lw	x16,64(x12)	 x12:0x8002cc60 x16=0x00000001 PA:0x8002cca0 load:0x00000001
       41195000	      4020	800128ca	04462883	lw	x17,68(x12)	 x12:0x8002cc60 x17=0x00009e9f PA:0x8002cca4 load:0x00009e9f
       41205000	      4021	800128ce	04862903	lw	x18,72(x12)	 x12:0x8002cc60 x18=0xffffffec PA:0x8002cca8 load:0xffffffec
       41215000	      4022	800128d2	04c62983	lw	x19,76(x12)	 x12:0x8002cc60 x19=0x0000006f PA:0x8002ccac load:0x0000006f
       41225000	      4023	800128d6	05062a03	lw	x20,80(x12)	 x12:0x8002cc60 x20=0x00000018 PA:0x8002ccb0 load:0x00000018
       41235000	      4024	800128da	05462a83	lw	x21,84(x12)	 x12:0x8002cc60 x21=0xffffff9e PA:0x8002ccb4 load:0xffffff9e
       41245000	      4025	800128de	05862b03	lw	x22,88(x12)	 x12:0x8002cc60 x22=0xffffffdb PA:0x8002ccb8 load:0xffffffdb
       41255000	      4026	800128e2	05c62b83	lw	x23,92(x12)	 x12:0x8002cc60 x23=0x000000e6 PA:0x8002ccbc load:0x000000e6
       41265000	      4027	800128e6	06062c03	lw	x24,96(x12)	 x12:0x8002cc60 x24=0x000000f1 PA:0x8002ccc0 load:0x000000f1
       41275000	      4028	800128ea	06462c83	lw	x25,100(x12)	 x12:0x8002cc60 x25=0xffff8081 PA:0x8002ccc4 load:0xffff8081
       41285000	      4029	800128ee	06862d03	lw	x26,104(x12)	 x12:0x8002cc60 x26=0x000000a5 PA:0x8002ccc8 load:0x000000a5
       41295000	      4030	800128f2	06c62d83	lw	x27,108(x12)	 x12:0x8002cc60 x27=0xffffffec PA:0x8002cccc load:0xffffffec
       41305000	      4031	800128f6	07062e03	lw	x28,112(x12)	 x12:0x8002cc60 x28=0x80013fe6 PA:0x8002ccd0 load:0x80013fe6
       41315000	      4032	800128fa	07462e83	lw	x29,116(x12)	 x12:0x8002cc60 x29=0xffffffff PA:0x8002ccd4 load:0xffffffff
       41325000	      4033	800128fe	07862f03	lw	x30,120(x12)	 x12:0x8002cc60 x30=0xfffffabe PA:0x8002ccd8 load:0xfffffabe
       41335000	      4034	80012902	07c62f83	lw	x31,124(x12)	 x12:0x8002cc60 x31=0xfffffff0 PA:0x8002ccdc load:0xfffffff0
       41345000	      4035	80012906	08060613	addi	x12,x12,128	 x12:0x8002cc60 x12=0x8002cce0
       41355000	      4036	8001290a	00060733	add	x14,x12,x0	 x12:0x8002cce0  x0:0x00000000 x14=0x8002cce0
       41365000	      4037	8001290e	4310	c.lw	x12,0(x14)	 x14:0x8002cce0 x12=0x80028e20 PA:0x8002cce0 load:0x80028e20
       41375000	      4038	80012910	0711	c.addi	x14,4	 x14:0x8002cce0 x14=0x8002cce4
       41385000	      4039	80012912	30200073	mret	
       41425000	      4043	8000a16a	dab48623	sb	x11,-596(x9)	  x9:0x80018652 x11:0x00000088 PA:0x800183fe store:0x00000088 load:0x00000000
       41435000	      4044	8000a16e	0ff0000f	fence	iorw,iorw	
       41445000	      4045	8000a172	41905b33	sra	x22,x0,x25	  x0:0x00000000 x25:0xffff8081 x22=0x00000000
       41455000	      4046	8000a176	75c48783	lb	x15,1884(x9)	  x9:0x80018652 x15=0x00000065 PA:0x80018dae load:0x00000065
       41465000	      4047	8000a17a	dc14c083	lbu	x1,-575(x9)	  x9:0x80018652  x1=0x000000c8 PA:0x80018413 load:0x000000c8
       41475000	      4048	8000a17e	c3c48da3	sb	x28,-965(x9)	  x9:0x80018652 x28:0x80013fe6 PA:0x8001828d store:0x80013fe6 load:0x00000000
       41485000	      4049	8000a182	59f48123	sb	x31,1410(x9)	  x9:0x80018652 x31:0xfffffff0 PA:0x80018bd4 store:0xfffffff0 load:0x00000000
       41495000	      4050	8000a186	a57486a3	sb	x23,-1459(x9)	  x9:0x80018652 x23:0x000000e6 PA:0x8001809f store:0x000000e6 load:0x00000000
       41505000	      4051	8000a18a	d94489a3	sb	x20,-621(x9)	  x9:0x80018652 x20:0x00000018 PA:0x800183e5 store:0x00000018 load:0x00000000
       41545000	      4055	8000a18e	02c131b3	mulhu	x3,x2,x12	  x2:0xf5e39895 x12:0x80028e20  x3=0x7af44094
       41555000	      4056	8000a192	5ef48583	lb	x11,1519(x9)	  x9:0x80018652 x11=0xfffffffa PA:0x80018c41 load:0xfffffffa
       41565000	      4057	8000a196	a0548f23	sb	x5,-1506(x9)	  x9:0x80018652  x5:0x00000062 PA:0x80018070 store:0x00000062 load:0x00000000
       41575000	      4058	8000a19a	0000a897	auipc	x17,0xa	 x17=0x8001419a
       41585000	      4059	8000a19e	8d788893	addi	x17,x17,-1833	 x17:0x8001419a x17=0x80013a71
       41595000	      4060	8000a1a2	ffe88023	sb	x30,-32(x17)	 x17:0x80013a71 x30:0xfffffabe PA:0x80013a51 store:0xfffffabe load:0x00000000
       41605000	      4061	8000a1a6	fea890a3	sh	x10,-31(x17)	 x17:0x80013a71 x10:0xffffffe9 PA:0x80013a52 store:0xffffffe9 load:0x00000000
       41615000	      4062	8000a1aa	0000100f	fence.i	
       41635000	      4064	8000a1ae	0001	c.addi	x0,0	  x0:0x00000000  x0=0x00000000
       41645000	      4065	8000a1b0	3dedf593	andi	x11,x27,990	 x27:0xffffffec x11=0x000003cc
       41655000	      4066	8000a1b4	10500073	wfi	
       43155000	      4216	8000252c	93bfe06f	jal	x0,80000e66	  x0=0x00000000
       43175000	      4218	80000e66	1771	c.addi	x14,-4	 x14:0x8002cce4 x14=0x8002cce0
       43185000	      4219	80000e68	c310	c.sw	x12,0(x14)	 x14:0x8002cce0 x12:0x80028e20 PA:0x8002cce0 store:0x80028e20 load:0x00000000
       43195000	      4220	80000e6a	00070633	add	x12,x14,x0	 x14:0x8002cce0  x0:0x00000000 x12=0x8002cce0
       43205000	      4221	80000e6e	f8060613	addi	x12,x12,-128	 x12:0x8002cce0 x12=0x8002cc60
       43215000	      4222	80000e72	00162223	sw	x1,4(x12)	 x12:0x8002cc60  x1:0x000000c8 PA:0x8002cc64 store:0x000000c8 load:0x00000000
       43225000	      4223	80000e76	00262423	sw	x2,8(x12)	 x12:0x8002cc60  x2:0xf5e39895 PA:0x8002cc68 store:0xf5e39895 load:0x00000000
       43235000	      4224	80000e7a	00362623	sw	x3,12(x12)	 x12:0x8002cc60  x3:0x7af44094 PA:0x8002cc6c store:0x7af44094 load:0x00000000
       43245000	      4225	80000e7e	00462823	sw	x4,16(x12)	 x12:0x8002cc60  x4:0x00000000 PA:0x8002cc70 store:0x00000000 load:0x00000000
       43255000	      4226	80000e82	00562a23	sw	x5,20(x12)	 x12:0x8002cc60  x5:0x00000062 PA:0x8002cc74 store:0x00000062 load:0x00000000
       43265000	      4227	80000e86	00662c23	sw	x6,24(x12)	 x12:0x8002cc60  x6:0xa469f102 PA:0x8002cc78 store:0xa469f102 load:0x00000000
       43275000	      4228	80000e8a	00762e23	sw	x7,28(x12)	 x12:0x8002cc60  x7:0x8001865a PA:0x8002cc7c store:0x8001865a load:0x00000000
       43285000	      4229	80000e8e	d200	c.sw	x8,32(x12)	 x12:0x8002cc60  x8:0xfffffc00 PA:0x8002cc80 store:0xfffffc00 load:0x00000000
       43295000	      4230	80000e90	d244	c.sw	x9,36(x12)	 x12:0x8002cc60  x9:0x80018652 PA:0x8002cc84 store:0x80018652 load:0x00000000
       43305000	      4231	80000e92	d608	c.sw	x10,40(x12)	 x12:0x8002cc60 x10:0xffffffe9 PA:0x8002cc88 store:0xffffffe9 load:0x00000000
       43315000	      4232	80000e94	d64c	c.sw	x11,44(x12)	 x12:0x8002cc60 x11:0x000003cc PA:0x8002cc8c store:0x000003cc load:0x00000000
       43325000	      4233	80000e96	da10	c.sw	x12,48(x12)	 x12:0x8002cc60 x12:0x8002cc60 PA:0x8002cc90 store:0x8002cc60 load:0x00000000
       43335000	      4234	80000e98	da54	c.sw	x13,52(x12)	 x12:0x8002cc60 x13:0x00000056 PA:0x8002cc94 store:0x00000056 load:0x00000000
       43345000	      4235	80000e9a	de18	c.sw	x14,56(x12)	 x12:0x8002cc60 x14:0x8002cce0 PA:0x8002cc98 store:0x8002cce0 load:0x00000000
       43355000	      4236	80000e9c	de5c	c.sw	x15,60(x12)	 x12:0x8002cc60 x15:0x00000065 PA:0x8002cc9c store:0x00000065 load:0x00000000
       43365000	      4237	80000e9e	05062023	sw	x16,64(x12)	 x12:0x8002cc60 x16:0x00000001 PA:0x8002cca0 store:0x00000001 load:0x00000000
       43375000	      4238	80000ea2	05162223	sw	x17,68(x12)	 x12:0x8002cc60 x17:0x80013a71 PA:0x8002cca4 store:0x80013a71 load:0x00000000
       43385000	      4239	80000ea6	05262423	sw	x18,72(x12)	 x12:0x8002cc60 x18:0xffffffec PA:0x8002cca8 store:0xffffffec load:0x00000000
       43395000	      4240	80000eaa	05362623	sw	x19,76(x12)	 x12:0x8002cc60 x19:0x0000006f PA:0x8002ccac store:0x0000006f load:0x00000000
       43405000	      4241	80000eae	05462823	sw	x20,80(x12)	 x12:0x8002cc60 x20:0x00000018 PA:0x8002ccb0 store:0x00000018 load:0x00000000
       43415000	      4242	80000eb2	05562a23	sw	x21,84(x12)	 x12:0x8002cc60 x21:0xffffff9e PA:0x8002ccb4 store:0xffffff9e load:0x00000000
       43425000	      4243	80000eb6	05662c23	sw	x22,88(x12)	 x12:0x8002cc60 x22:0x00000000 PA:0x8002ccb8 store:0x00000000 load:0x00000000
       43435000	      4244	80000eba	05762e23	sw	x23,92(x12)	 x12:0x8002cc60 x23:0x000000e6 PA:0x8002ccbc store:0x000000e6 load:0x00000000
       43445000	      4245	80000ebe	07862023	sw	x24,96(x12)	 x12:0x8002cc60 x24:0x000000f1 PA:0x8002ccc0 store:0x000000f1 load:0x00000000
       43455000	      4246	80000ec2	07962223	sw	x25,100(x12)	 x12:0x8002cc60 x25:0xffff8081 PA:0x8002ccc4 store:0xffff8081 load:0x00000000
       43465000	      4247	80000ec6	07a62423	sw	x26,104(x12)	 x12:0x8002cc60 x26:0x000000a5 PA:0x8002ccc8 store:0x000000a5 load:0x00000000
       43475000	      4248	80000eca	07b62623	sw	x27,108(x12)	 x12:0x8002cc60 x27:0xffffffec PA:0x8002cccc store:0xffffffec load:0x00000000
       43485000	      4249	80000ece	07c62823	sw	x28,112(x12)	 x12:0x8002cc60 x28:0x80013fe6 PA:0x8002ccd0 store:0x80013fe6 load:0x00000000
       43495000	      4250	80000ed2	07d62a23	sw	x29,116(x12)	 x12:0x8002cc60 x29:0xffffffff PA:0x8002ccd4 store:0xffffffff load:0x00000000
       43505000	      4251	80000ed6	07e62c23	sw	x30,120(x12)	 x12:0x8002cc60 x30:0xfffffabe PA:0x8002ccd8 store:0xfffffabe load:0x00000000
       43515000	      4252	80000eda	07f62e23	sw	x31,124(x12)	 x12:0x8002cc60 x31:0xfffffff0 PA:0x8002ccdc store:0xfffffff0 load:0x00000000
       43525000	      4253	80000ede	00060733	add	x14,x12,x0	 x12:0x8002cc60  x0:0x00000000 x14=0x8002cc60
       43535000	      4254	80000ee2	90000a37	lui	x20,0x90000	 x20=0x90000000
       43545000	      4255	80000ee6	1a71	c.addi	x20,-4	 x20:0x90000000 x20=0x8ffffffc
       43555000	      4256	80000ee8	4319	c.li	x6,6	  x6=0x00000006
       43565000	      4257	80000eea	0322	c.slli	x6,0x8	  x6:0x00000006  x6=0x00000600
       43575000	      4258	80000eec	00030313	addi	x6,x6,0	  x6:0x00000600  x6=0x00000600
       43585000	      4259	80000ef0	006a2023	sw	x6,0(x20)	 x20:0x8ffffffc  x6:0x00000600 PA:0x8ffffffc store:0x00000600 load:0x00000000
       43595000	      4260	80000ef4	34202373	csrrs	x6,mcause,x0	  x0:0x00000000  x6=0x8000000b
       43605000	      4261	80000ef8	01f35313	srli	x6,x6,0x1f	  x6:0x8000000b  x6=0x00000001
       43615000	      4262	80000efc	06030863	beq	x6,x0,80000f6c	  x6:0x00000001  x0:0x00000000
       43625000	      4263	80000f00	90000a37	lui	x20,0x90000	 x20=0x90000000
       43635000	      4264	80000f04	1a71	c.addi	x20,-4	 x20:0x90000000 x20=0x8ffffffc
       43645000	      4265	80000f06	30000313	addi	x6,x0,768	  x0:0x00000000  x6=0x00000300
       43655000	      4266	80000f0a	0322	c.slli	x6,0x8	  x6:0x00000300  x6=0x00030000
       43665000	      4267	80000f0c	030d	c.addi	x6,3	  x6:0x00030000  x6=0x00030003
       43675000	      4268	80000f0e	006a2023	sw	x6,0(x20)	 x20:0x8ffffffc  x6:0x00030003 PA:0x8ffffffc store:0x00030003 load:0x00000000
       43685000	      4269	80000f12	30002373	csrrs	x6,mstatus,x0	  x0:0x00000000  x6=0x00000080
       43695000	      4270	80000f16	006a2023	sw	x6,0(x20)	 x20:0x8ffffffc  x6:0x00000080 PA:0x8ffffffc store:0x00000080 load:0x00000000
       43705000	      4271	80000f1a	90000a37	lui	x20,0x90000	 x20=0x90000000
       43715000	      4272	80000f1e	1a71	c.addi	x20,-4	 x20:0x90000000 x20=0x8ffffffc
       43725000	      4273	80000f20	34200313	addi	x6,x0,834	  x0:0x00000000  x6=0x00000342
       43735000	      4274	80000f24	0322	c.slli	x6,0x8	  x6:0x00000342  x6=0x00034200
       43745000	      4275	80000f26	030d	c.addi	x6,3	  x6:0x00034200  x6=0x00034203
       43755000	      4276	80000f28	006a2023	sw	x6,0(x20)	 x20:0x8ffffffc  x6:0x00034203 PA:0x8ffffffc store:0x00034203 load:0x00000000
       43765000	      4277	80000f2c	34202373	csrrs	x6,mcause,x0	  x0:0x00000000  x6=0x8000000b
       43775000	      4278	80000f30	006a2023	sw	x6,0(x20)	 x20:0x8ffffffc  x6:0x8000000b PA:0x8ffffffc store:0x8000000b load:0x00000000
       43785000	      4279	80000f34	90000a37	lui	x20,0x90000	 x20=0x90000000
       43795000	      4280	80000f38	1a71	c.addi	x20,-4	 x20:0x90000000 x20=0x8ffffffc
       43805000	      4281	80000f3a	30400313	addi	x6,x0,772	  x0:0x00000000  x6=0x00000304
       43815000	      4282	80000f3e	0322	c.slli	x6,0x8	  x6:0x00000304  x6=0x00030400
       43825000	      4283	80000f40	030d	c.addi	x6,3	  x6:0x00030400  x6=0x00030403
       43835000	      4284	80000f42	006a2023	sw	x6,0(x20)	 x20:0x8ffffffc  x6:0x00030403 PA:0x8ffffffc store:0x00030403 load:0x00000000
       43845000	      4285	80000f46	30402373	csrrs	x6,mie,x0	  x0:0x00000000  x6=0x53ac0888
       43855000	      4286	80000f4a	006a2023	sw	x6,0(x20)	 x20:0x8ffffffc  x6:0x53ac0888 PA:0x8ffffffc store:0x53ac0888 load:0x00000000
       43865000	      4287	80000f4e	90000a37	lui	x20,0x90000	 x20=0x90000000
       43875000	      4288	80000f52	1a71	c.addi	x20,-4	 x20:0x90000000 x20=0x8ffffffc
       43885000	      4289	80000f54	34400313	addi	x6,x0,836	  x0:0x00000000  x6=0x00000344
       43895000	      4290	80000f58	0322	c.slli	x6,0x8	  x6:0x00000344  x6=0x00034400
       43905000	      4291	80000f5a	030d	c.addi	x6,3	  x6:0x00034400  x6=0x00034403
       43915000	      4292	80000f5c	006a2023	sw	x6,0(x20)	 x20:0x8ffffffc  x6:0x00034403 PA:0x8ffffffc store:0x00034403 load:0x00000000
       43925000	      4293	80000f60	34402373	csrrs	x6,mip,x0	  x0:0x00000000  x6=0x00000000
       43935000	      4294	80000f64	006a2023	sw	x6,0(x20)	 x20:0x8ffffffc  x6:0x00000000 PA:0x8ffffffc store:0x00000000 load:0x00000000
       43945000	      4295	80000f68	10d1106f	jal	x0,80012874	  x0=0x00000000
       43965000	      4297	80012874	30002373	csrrs	x6,mstatus,x0	  x0:0x00000000  x6=0x00000080
       43975000	      4298	80012878	30402373	csrrs	x6,mie,x0	  x0:0x00000000  x6=0x53ac0888
       43985000	      4299	8001287c	34402373	csrrs	x6,mip,x0	  x0:0x00000000  x6=0x00000000
       43995000	      4300	80012880	34433373	csrrc	x6,mip,x6	  x6:0x00000000  x6=0x00000000
       44025000	      4303	80012884	90000a37	lui	x20,0x90000	 x20=0x90000000
       44035000	      4304	80012888	1a71	c.addi	x20,-4	 x20:0x90000000 x20=0x8ffffffc
       44045000	      4305	8001288a	431d	c.li	x6,7	  x6=0x00000007
       44055000	      4306	8001288c	0322	c.slli	x6,0x8	  x6:0x00000007  x6=0x00000700
       44065000	      4307	8001288e	00030313	addi	x6,x6,0	  x6:0x00000700  x6=0x00000700
       44075000	      4308	80012892	006a2023	sw	x6,0(x20)	 x20:0x8ffffffc  x6:0x00000700 PA:0x8ffffffc store:0x00000700 load:0x00000000
       44085000	      4309	80012896	00070633	add	x12,x14,x0	 x14:0x8002cc60  x0:0x00000000 x12=0x8002cc60
       44095000	      4310	8001289a	00462083	lw	x1,4(x12)	 x12:0x8002cc60  x1=0x000000c8 PA:0x8002cc64 load:0x000000c8
       44105000	      4311	8001289e	00862103	lw	x2,8(x12)	 x12:0x8002cc60  x2=0xf5e39895 PA:0x8002cc68 load:0xf5e39895
       44115000	      4312	800128a2	00c62183	lw	x3,12(x12)	 x12:0x8002cc60  x3=0x7af44094 PA:0x8002cc6c load:0x7af44094
       44125000	      4313	800128a6	01062203	lw	x4,16(x12)	 x12:0x8002cc60  x4=0x00000000 PA:0x8002cc70 load:0x00000000
       44135000	      4314	800128aa	01462283	lw	x5,20(x12)	 x12:0x8002cc60  x5=0x00000062 PA:0x8002cc74 load:0x00000062
       44145000	      4315	800128ae	01862303	lw	x6,24(x12)	 x12:0x8002cc60  x6=0xa469f102 PA:0x8002cc78 load:0xa469f102
       44155000	      4316	800128b2	01c62383	lw	x7,28(x12)	 x12:0x8002cc60  x7=0x8001865a PA:0x8002cc7c load:0x8001865a
       44165000	      4317	800128b6	5200	c.lw	x8,32(x12)	 x12:0x8002cc60  x8=0xfffffc00 PA:0x8002cc80 load:0xfffffc00
       44175000	      4318	800128b8	5244	c.lw	x9,36(x12)	 x12:0x8002cc60  x9=0x80018652 PA:0x8002cc84 load:0x80018652
       44185000	      4319	800128ba	5608	c.lw	x10,40(x12)	 x12:0x8002cc60 x10=0xffffffe9 PA:0x8002cc88 load:0xffffffe9
       44195000	      4320	800128bc	564c	c.lw	x11,44(x12)	 x12:0x8002cc60 x11=0x000003cc PA:0x8002cc8c load:0x000003cc
       44205000	      4321	800128be	5a10	c.lw	x12,48(x12)	 x12:0x8002cc60 x12=0x8002cc60 PA:0x8002cc90 load:0x8002cc60
       44225000	      4323	800128c0	5a54	c.lw	x13,52(x12)	 x12:0x8002cc60 x13=0x00000056 PA:0x8002cc94 load:0x00000056
       44235000	      4324	800128c2	5e18	c.lw	x14,56(x12)	 x12:0x8002cc60 x14=0x8002cce0 PA:0x8002cc98 load:0x8002cce0
       44245000	      4325	800128c4	5e5c	c.lw	x15,60(x12)	 x12:0x8002cc60 x15=0x00000065 PA:0x8002cc9c load:0x00000065
       44255000	      4326	800128c6	04062803	lw	x16,64(x12)	 x12:0x8002cc60 x16=0x00000001 PA:0x8002cca0 load:0x00000001
       44265000	      4327	800128ca	04462883	lw	x17,68(x12)	 x12:0x8002cc60 x17=0x80013a71 PA:0x8002cca4 load:0x80013a71
       44275000	      4328	800128ce	04862903	lw	x18,72(x12)	 x12:0x8002cc60 x18=0xffffffec PA:0x8002cca8 load:0xffffffec
       44285000	      4329	800128d2	04c62983	lw	x19,76(x12)	 x12:0x8002cc60 x19=0x0000006f PA:0x8002ccac load:0x0000006f
       44295000	      4330	800128d6	05062a03	lw	x20,80(x12)	 x12:0x8002cc60 x20=0x00000018 PA:0x8002ccb0 load:0x00000018
       44305000	      4331	800128da	05462a83	lw	x21,84(x12)	 x12:0x8002cc60 x21=0xffffff9e PA:0x8002ccb4 load:0xffffff9e
       44315000	      4332	800128de	05862b03	lw	x22,88(x12)	 x12:0x8002cc60 x22=0x00000000 PA:0x8002ccb8 load:0x00000000
       44325000	      4333	800128e2	05c62b83	lw	x23,92(x12)	 x12:0x8002cc60 x23=0x000000e6 PA:0x8002ccbc load:0x000000e6
       44335000	      4334	800128e6	06062c03	lw	x24,96(x12)	 x12:0x8002cc60 x24=0x000000f1 PA:0x8002ccc0 load:0x000000f1
       44345000	      4335	800128ea	06462c83	lw	x25,100(x12)	 x12:0x8002cc60 x25=0xffff8081 PA:0x8002ccc4 load:0xffff8081
       44355000	      4336	800128ee	06862d03	lw	x26,104(x12)	 x12:0x8002cc60 x26=0x000000a5 PA:0x8002ccc8 load:0x000000a5
       44365000	      4337	800128f2	06c62d83	lw	x27,108(x12)	 x12:0x8002cc60 x27=0xffffffec PA:0x8002cccc load:0xffffffec
       44375000	      4338	800128f6	07062e03	lw	x28,112(x12)	 x12:0x8002cc60 x28=0x80013fe6 PA:0x8002ccd0 load:0x80013fe6
       44385000	      4339	800128fa	07462e83	lw	x29,116(x12)	 x12:0x8002cc60 x29=0xffffffff PA:0x8002ccd4 load:0xffffffff
       44395000	      4340	800128fe	07862f03	lw	x30,120(x12)	 x12:0x8002cc60 x30=0xfffffabe PA:0x8002ccd8 load:0xfffffabe
       44405000	      4341	80012902	07c62f83	lw	x31,124(x12)	 x12:0x8002cc60 x31=0xfffffff0 PA:0x8002ccdc load:0xfffffff0
       44415000	      4342	80012906	08060613	addi	x12,x12,128	 x12:0x8002cc60 x12=0x8002cce0
       44425000	      4343	8001290a	00060733	add	x14,x12,x0	 x12:0x8002cce0  x0:0x00000000 x14=0x8002cce0
       44435000	      4344	8001290e	4310	c.lw	x12,0(x14)	 x14:0x8002cce0 x12=0x80028e20 PA:0x8002cce0 load:0x80028e20
       44445000	      4345	80012910	0711	c.addi	x14,4	 x14:0x8002cce0 x14=0x8002cce4
       44455000	      4346	80012912	30200073	mret	
       44485000	      4349	8000a1b8	fda899a3	sh	x26,-45(x17)	 x17:0x80013a71 x26:0x000000a5 PA:0x80013a44 store:0x000000a5 load:0x00000000
       44495000	      4350	8000a1bc	fcc88503	lb	x10,-52(x17)	 x17:0x80013a71 x10=0x00000000 PA:0x80013a3d load:0x00000000
       44505000	      4351	8000a1c0	0008ca83	lbu	x21,0(x17)	 x17:0x80013a71 x21=0x0000002a PA:0x80013a71 load:0x0000002a
       44515000	      4352	8000a1c4	8141	c.srli	x10,0x10	 x10:0x00000000 x10=0x00000000
       44525000	      4353	8000a1c6	00e8ca83	lbu	x21,14(x17)	 x17:0x80013a71 x21=0x00000034 PA:0x80013a7f load:0x00000034
       44535000	      4354	8000a1ca	ffe88ea3	sb	x30,-3(x17)	 x17:0x80013a71 x30:0xfffffabe PA:0x80013a6e store:0xfffffabe load:0x00000000
       44545000	      4355	8000a1ce	02f8dd83	lhu	x27,47(x17)	 x17:0x80013a71 x27=0x00005a5b PA:0x80013aa0 load:0x00005a5b
       44555000	      4356	8000a1d2	8ded	c.and	x11,x11	 x11:0x000003cc x11:0x000003cc x11=0x000003cc
       44585000	      4359	8000a1d4	03e58d33	mul	x26,x11,x30	 x11:0x000003cc x30:0xfffffabe x26=0xffec0968
       44595000	      4360	8000a1d8	02f89503	lh	x10,47(x17)	 x17:0x80013a71 x10=0x00005a5b PA:0x80013aa0 load:0x00005a5b
       44605000	      4361	8000a1dc	0148cd03	lbu	x26,20(x17)	 x17:0x80013a71 x26=0x0000003e PA:0x80013a85 load:0x0000003e
       44615000	      4362	8000a1e0	fd48c503	lbu	x10,-44(x17)	 x17:0x80013a71 x10=0x00000000 PA:0x80013a45 load:0x00000000
       44625000	      4363	8000a1e4	fd388583	lb	x11,-45(x17)	 x17:0x80013a71 x11=0xffffffa5 PA:0x80013a44 load:0xffffffa5
       44645000	      4365	8000a1e8	02aafab3	remu	x21,x21,x10	 x21:0x00000034 x10:0x00000000 x21=0x00000034
       44655000	      4366	8000a1ec	2f765d97	auipc	x27,0x2f765	 x27=0xaf76f1ec
       44665000	      4367	8000a1f0	fc78c583	lbu	x11,-57(x17)	 x17:0x80013a71 x11=0x000000f3 PA:0x80013a38 load:0x000000f3
       44675000	      4368	8000a1f4	ff68ca83	lbu	x21,-10(x17)	 x17:0x80013a71 x21=0x0000001c PA:0x80013a67 load:0x0000001c
       44685000	      4369	8000a1f8	85d1	c.srai	x11,0x14	 x11:0x000000f3 x11=0x00000000
       44695000	      4370	8000a1fa	415adab3	sra	x21,x21,x21	 x21:0x0000001c x21:0x0000001c x21=0x00000000
       44705000	      4371	8000a1fe	fda88aa3	sb	x26,-43(x17)	 x17:0x80013a71 x26:0x0000003e PA:0x80013a46 store:0x0000003e load:0x00000000
       44715000	      4372	8000a202	fdb8a503	lw	x10,-37(x17)	 x17:0x80013a71 x10=0x04050607 PA:0x80013a4c load:0x04050607
       44765000	      4377	8000a206	02b535b3	mulhu	x11,x10,x11	 x10:0x04050607 x11:0x00000000 x11=0x00000000
       44775000	      4378	8000a20a	fc389a83	lh	x21,-61(x17)	 x17:0x80013a71 x21=0xffffeeef PA:0x80013a34 load:0xffffeeef
       44785000	      4379	8000a20e	fe78dd03	lhu	x26,-25(x17)	 x17:0x80013a71 x26=0x00001213 PA:0x80013a58 load:0x00001213
       44795000	      4380	8000a212	ffd89583	lh	x11,-3(x17)	 x17:0x80013a71 x11=0x000024be PA:0x80013a6e load:0x000024be
       44805000	      4381	8000a216	ffd8dd83	lhu	x27,-3(x17)	 x17:0x80013a71 x27=0x000024be PA:0x80013a6e load:0x000024be
       44815000	      4382	8000a21a	fcf8c583	lbu	x11,-49(x17)	 x17:0x80013a71 x11=0x000000fb PA:0x80013a40 load:0x000000fb
       44825000	      4383	8000a21e	01adeab3	or	x21,x27,x26	 x27:0x000024be x26:0x00001213 x21=0x000036bf
       44835000	      4384	8000a222	b00ac513	xori	x10,x21,-1280	 x21:0x000036bf x10=0xffffcdbf
       44845000	      4385	8000a226	02b88723	sb	x11,46(x17)	 x17:0x80013a71 x11:0x000000fb PA:0x80013a9f store:0x000000fb load:0x00000000
       44855000	      4386	8000a22a	fd188503	lb	x10,-47(x17)	 x17:0x80013a71 x10=0xfffffff9 PA:0x80013a42 load:0xfffffff9
       44865000	      4387	8000a22e	9515e513	ori	x10,x11,-1711	 x11:0x000000fb x10=0xfffff9fb
       44875000	      4388	8000a232	0001	c.addi	x0,0	  x0:0x00000000  x0=0x00000000
       44885000	      4389	8000a234	4a9d	c.li	x21,7	 x21=0x00000007
       44895000	      4390	8000a236	03b89ca3	sh	x27,57(x17)	 x17:0x80013a71 x27:0x000024be PA:0x80013aaa store:0x000024be load:0x00000000
       44905000	      4391	8000a23a	fc488d03	lb	x26,-60(x17)	 x17:0x80013a71 x26=0xffffffee PA:0x80013a35 load:0xffffffee
       44915000	      4392	8000a23e	0368ca83	lbu	x21,54(x17)	 x17:0x80013a71 x21=0x0000005c PA:0x80013aa7 load:0x0000005c
       44925000	      4393	8000a242	00012297	auipc	x5,0x12	  x5=0x8001c242
       44935000	      4394	8000a246	da128293	addi	x5,x5,-607	  x5:0x8001c242  x5=0x8001bfe3
       44945000	      4395	8000a24a	0042c203	lbu	x4,4(x5)	  x5:0x8001bfe3  x4=0x0000009c PA:0x8001bfe7 load:0x0000009c
       44955000	      4396	8000a24e	ce9b6e93	ori	x29,x22,-791	 x22:0x00000000 x29=0xfffffce9
       44965000	      4397	8000a252	00028e83	lb	x29,0(x5)	  x5:0x8001bfe3 x29=0xffffff98 PA:0x8001bfe3 load:0xffffff98
       44975000	      4398	8000a256	67aa2a13	slti	x20,x20,1658	 x20:0x00000018 x20=0x00000001
       44985000	      4399	8000a25a	004a1593	slli	x11,x20,0x4	 x20:0x00000001 x11=0x00000010
       44995000	      4400	8000a25e	ffb2c583	lbu	x11,-5(x5)	  x5:0x8001bfe3 x11=0x00000095 PA:0x8001bfde load:0x00000095
       45005000	      4401	8000a262	db182397	auipc	x7,0xdb182	  x7=0x5b18c262
       45015000	      4402	8000a266	8d8d	c.sub	x11,x11	 x11:0x00000095 x11:0x00000095 x11=0x00000000
       45025000	      4403	8000a268	ff428a23	sb	x20,-12(x5)	  x5:0x8001bfe3 x20:0x00000001 PA:0x8001bfd7 store:0x00000001 load:0x00000000
       45035000	      4404	8000a26c	ff62c203	lbu	x4,-10(x5)	  x5:0x8001bfe3  x4=0x00000092 PA:0x8001bfd9 load:0x00000092
       45065000	      4407	8000a270	027a05b3	mul	x11,x20,x7	 x20:0x00000001  x7:0x5b18c262 x11=0x5b18c262
       45075000	      4408	8000a274	85e5	c.srai	x11,0x19	 x11:0x5b18c262 x11=0x0000002d
       45085000	      4409	8000a276	ff628a03	lb	x20,-10(x5)	  x5:0x8001bfe3 x20=0xffffff92 PA:0x8001bfd9 load:0xffffff92
       45095000	      4410	8000a27a	4a6d	c.li	x20,27	 x20=0x0000001b
       45135000	      4414	8000a27c	03639b33	mulh	x22,x7,x22	  x7:0x5b18c262 x22:0x00000000 x22=0x00000000
       45145000	      4415	8000a280	dd33c213	xori	x4,x7,-557	  x7:0x5b18c262  x4=0xa4e73fb1
       45155000	      4416	8000a284	05a6	c.slli	x11,0x9	 x11:0x0000002d x11=0x00005a00
       45525000	      4453	8000a286	024a63b3	rem	x7,x20,x4	 x20:0x0000001b  x4:0xa4e73fb1  x7=0x0000001b
       45895000	      4490	8000a28a	024ee3b3	rem	x7,x29,x4	 x29:0xffffff98  x4:0xa4e73fb1  x7=0xffffff98
       45905000	      4491	8000a28e	8ded	c.and	x11,x11	 x11:0x00005a00 x11:0x00005a00 x11=0x00005a00
       45915000	      4492	8000a290	d242e597	auipc	x11,0xd242e	 x11=0x52438290
       45925000	      4493	8000a294	004ebeb3	sltu	x29,x29,x4	 x29:0xffffff98  x4:0xa4e73fb1 x29=0x00000000
       45935000	      4494	8000a298	016273b3	and	x7,x4,x22	  x4:0xa4e73fb1 x22:0x00000000  x7=0x00000000
       45945000	      4495	8000a29c	0ff0000f	fence	iorw,iorw	
       45955000	      4496	8000a2a0	8ded	c.and	x11,x11	 x11:0x52438290 x11:0x52438290 x11=0x52438290
       45965000	      4497	8000a2a2	fe728d23	sb	x7,-6(x5)	  x5:0x8001bfe3  x7:0x00000000 PA:0x8001bfdd store:0x00000000 load:0x00000000
       46005000	      4501	8000a2a6	036a2eb3	mulhsu	x29,x20,x22	 x20:0x0000001b x22:0x00000000 x29=0x00000000
       46015000	      4502	8000a2aa	85a1	c.srai	x11,0x8	 x11:0x52438290 x11=0x00524382
       46025000	      4503	8000a2ac	676e8e93	addi	x29,x29,1654	 x29:0x00000000 x29=0x00000676
       46035000	      4504	8000a2b0	7c6e8a13	addi	x20,x29,1990	 x29:0x00000676 x20=0x00000e3c
       46045000	      4505	8000a2b4	f09ee393	ori	x7,x29,-247	 x29:0x00000676  x7=0xffffff7f
       46055000	      4506	8000a2b8	00628383	lb	x7,6(x5)	  x5:0x8001bfe3  x7=0xffffffa2 PA:0x8001bfe9 load:0xffffffa2
       46065000	      4507	8000a2bc	01428223	sb	x20,4(x5)	  x5:0x8001bfe3 x20:0x00000e3c PA:0x8001bfe7 store:0x00000e3c load:0x00000000
       46075000	      4508	8000a2c0	01d2a0a3	sw	x29,1(x5)	  x5:0x8001bfe3 x29:0x00000676 PA:0x8001bfe4 store:0x00000676 load:0x00000000
       46085000	      4509	8000a2c4	fe729ba3	sh	x7,-9(x5)	  x5:0x8001bfe3  x7:0xffffffa2 PA:0x8001bfda store:0xffffffa2 load:0x00000000
       46095000	      4510	8000a2c8	00b290a3	sh	x11,1(x5)	  x5:0x8001bfe3 x11:0x00524382 PA:0x8001bfe4 store:0x00524382 load:0x00000000
       46135000	      4514	8000a2cc	02bb33b3	mulhu	x7,x22,x11	 x22:0x00000000 x11:0x00524382  x7=0x00000000
       46145000	      4515	8000a2d0	8ded	c.and	x11,x11	 x11:0x00524382 x11:0x00524382 x11=0x00524382
       46155000	      4516	8000a2d2	01628623	sb	x22,12(x5)	  x5:0x8001bfe3 x22:0x00000000 PA:0x8001bfef store:0x00000000 load:0x00000000
       46165000	      4517	8000a2d6	00009897	auipc	x17,0x9	 x17=0x800132d6
       46175000	      4518	8000a2da	4ab88893	addi	x17,x17,1195	 x17:0x800132d6 x17=0x80013781
       46185000	      4519	8000a2de	99d66437	lui	x8,0x99d66	  x8=0x99d66000
       46225000	      4523	8000252c	93bfe06f	jal	x0,80000e66	  x0=0x00000000
       46245000	      4525	80000e66	1771	c.addi	x14,-4	 x14:0x8002cce4 x14=0x8002cce0
       46255000	      4526	80000e68	c310	c.sw	x12,0(x14)	 x14:0x8002cce0 x12:0x80028e20 PA:0x8002cce0 store:0x80028e20 load:0x00000000
       46265000	      4527	80000e6a	00070633	add	x12,x14,x0	 x14:0x8002cce0  x0:0x00000000 x12=0x8002cce0
       46275000	      4528	80000e6e	f8060613	addi	x12,x12,-128	 x12:0x8002cce0 x12=0x8002cc60
       46285000	      4529	80000e72	00162223	sw	x1,4(x12)	 x12:0x8002cc60  x1:0x000000c8 PA:0x8002cc64 store:0x000000c8 load:0x00000000
       46295000	      4530	80000e76	00262423	sw	x2,8(x12)	 x12:0x8002cc60  x2:0xf5e39895 PA:0x8002cc68 store:0xf5e39895 load:0x00000000
       46305000	      4531	80000e7a	00362623	sw	x3,12(x12)	 x12:0x8002cc60  x3:0x7af44094 PA:0x8002cc6c store:0x7af44094 load:0x00000000
       46315000	      4532	80000e7e	00462823	sw	x4,16(x12)	 x12:0x8002cc60  x4:0xa4e73fb1 PA:0x8002cc70 store:0xa4e73fb1 load:0x00000000
       46325000	      4533	80000e82	00562a23	sw	x5,20(x12)	 x12:0x8002cc60  x5:0x8001bfe3 PA:0x8002cc74 store:0x8001bfe3 load:0x00000000
       46335000	      4534	80000e86	00662c23	sw	x6,24(x12)	 x12:0x8002cc60  x6:0xa469f102 PA:0x8002cc78 store:0xa469f102 load:0x00000000
       46345000	      4535	80000e8a	00762e23	sw	x7,28(x12)	 x12:0x8002cc60  x7:0x00000000 PA:0x8002cc7c store:0x00000000 load:0x00000000
       46355000	      4536	80000e8e	d200	c.sw	x8,32(x12)	 x12:0x8002cc60  x8:0x99d66000 PA:0x8002cc80 store:0x99d66000 load:0x00000000
       46365000	      4537	80000e90	d244	c.sw	x9,36(x12)	 x12:0x8002cc60  x9:0x80018652 PA:0x8002cc84 store:0x80018652 load:0x00000000
       46375000	      4538	80000e92	d608	c.sw	x10,40(x12)	 x12:0x8002cc60 x10:0xfffff9fb PA:0x8002cc88 store:0xfffff9fb load:0x00000000
       46385000	      4539	80000e94	d64c	c.sw	x11,44(x12)	 x12:0x8002cc60 x11:0x00524382 PA:0x8002cc8c store:0x00524382 load:0x00000000
       46395000	      4540	80000e96	da10	c.sw	x12,48(x12)	 x12:0x8002cc60 x12:0x8002cc60 PA:0x8002cc90 store:0x8002cc60 load:0x00000000
       46405000	      4541	80000e98	da54	c.sw	x13,52(x12)	 x12:0x8002cc60 x13:0x00000056 PA:0x8002cc94 store:0x00000056 load:0x00000000
       46415000	      4542	80000e9a	de18	c.sw	x14,56(x12)	 x12:0x8002cc60 x14:0x8002cce0 PA:0x8002cc98 store:0x8002cce0 load:0x00000000
       46425000	      4543	80000e9c	de5c	c.sw	x15,60(x12)	 x12:0x8002cc60 x15:0x00000065 PA:0x8002cc9c store:0x00000065 load:0x00000000
       46435000	      4544	80000e9e	05062023	sw	x16,64(x12)	 x12:0x8002cc60 x16:0x00000001 PA:0x8002cca0 store:0x00000001 load:0x00000000
       46445000	      4545	80000ea2	05162223	sw	x17,68(x12)	 x12:0x8002cc60 x17:0x80013781 PA:0x8002cca4 store:0x80013781 load:0x00000000
       46455000	      4546	80000ea6	05262423	sw	x18,72(x12)	 x12:0x8002cc60 x18:0xffffffec PA:0x8002cca8 store:0xffffffec load:0x00000000
       46465000	      4547	80000eaa	05362623	sw	x19,76(x12)	 x12:0x8002cc60 x19:0x0000006f PA:0x8002ccac store:0x0000006f load:0x00000000
       46475000	      4548	80000eae	05462823	sw	x20,80(x12)	 x12:0x8002cc60 x20:0x00000e3c PA:0x8002ccb0 store:0x00000e3c load:0x00000000
       46485000	      4549	80000eb2	05562a23	sw	x21,84(x12)	 x12:0x8002cc60 x21:0x0000005c PA:0x8002ccb4 store:0x0000005c load:0x00000000
       46495000	      4550	80000eb6	05662c23	sw	x22,88(x12)	 x12:0x8002cc60 x22:0x00000000 PA:0x8002ccb8 store:0x00000000 load:0x00000000
       46505000	      4551	80000eba	05762e23	sw	x23,92(x12)	 x12:0x8002cc60 x23:0x000000e6 PA:0x8002ccbc store:0x000000e6 load:0x00000000
       46515000	      4552	80000ebe	07862023	sw	x24,96(x12)	 x12:0x8002cc60 x24:0x000000f1 PA:0x8002ccc0 store:0x000000f1 load:0x00000000
       46525000	      4553	80000ec2	07962223	sw	x25,100(x12)	 x12:0x8002cc60 x25:0xffff8081 PA:0x8002ccc4 store:0xffff8081 load:0x00000000
       46535000	      4554	80000ec6	07a62423	sw	x26,104(x12)	 x12:0x8002cc60 x26:0xffffffee PA:0x8002ccc8 store:0xffffffee load:0x00000000
       46545000	      4555	80000eca	07b62623	sw	x27,108(x12)	 x12:0x8002cc60 x27:0x000024be PA:0x8002cccc store:0x000024be load:0x00000000
       46555000	      4556	80000ece	07c62823	sw	x28,112(x12)	 x12:0x8002cc60 x28:0x80013fe6 PA:0x8002ccd0 store:0x80013fe6 load:0x00000000
       46565000	      4557	80000ed2	07d62a23	sw	x29,116(x12)	 x12:0x8002cc60 x29:0x00000676 PA:0x8002ccd4 store:0x00000676 load:0x00000000
       46575000	      4558	80000ed6	07e62c23	sw	x30,120(x12)	 x12:0x8002cc60 x30:0xfffffabe PA:0x8002ccd8 store:0xfffffabe load:0x00000000
       46585000	      4559	80000eda	07f62e23	sw	x31,124(x12)	 x12:0x8002cc60 x31:0xfffffff0 PA:0x8002ccdc store:0xfffffff0 load:0x00000000
       46595000	      4560	80000ede	00060733	add	x14,x12,x0	 x12:0x8002cc60  x0:0x00000000 x14=0x8002cc60
       46605000	      4561	80000ee2	90000a37	lui	x20,0x90000	 x20=0x90000000
       46615000	      4562	80000ee6	1a71	c.addi	x20,-4	 x20:0x90000000 x20=0x8ffffffc
       46625000	      4563	80000ee8	4319	c.li	x6,6	  x6=0x00000006
       46635000	      4564	80000eea	0322	c.slli	x6,0x8	  x6:0x00000006  x6=0x00000600
       46645000	      4565	80000eec	00030313	addi	x6,x6,0	  x6:0x00000600  x6=0x00000600
       46655000	      4566	80000ef0	006a2023	sw	x6,0(x20)	 x20:0x8ffffffc  x6:0x00000600 PA:0x8ffffffc store:0x00000600 load:0x00000000
       46665000	      4567	80000ef4	34202373	csrrs	x6,mcause,x0	  x0:0x00000000  x6=0x8000000b
       46675000	      4568	80000ef8	01f35313	srli	x6,x6,0x1f	  x6:0x8000000b  x6=0x00000001
       46685000	      4569	80000efc	06030863	beq	x6,x0,80000f6c	  x6:0x00000001  x0:0x00000000
       46695000	      4570	80000f00	90000a37	lui	x20,0x90000	 x20=0x90000000
       46705000	      4571	80000f04	1a71	c.addi	x20,-4	 x20:0x90000000 x20=0x8ffffffc
       46715000	      4572	80000f06	30000313	addi	x6,x0,768	  x0:0x00000000  x6=0x00000300
       46725000	      4573	80000f0a	0322	c.slli	x6,0x8	  x6:0x00000300  x6=0x00030000
       46735000	      4574	80000f0c	030d	c.addi	x6,3	  x6:0x00030000  x6=0x00030003
       46745000	      4575	80000f0e	006a2023	sw	x6,0(x20)	 x20:0x8ffffffc  x6:0x00030003 PA:0x8ffffffc store:0x00030003 load:0x00000000
       46755000	      4576	80000f12	30002373	csrrs	x6,mstatus,x0	  x0:0x00000000  x6=0x00000080
       46765000	      4577	80000f16	006a2023	sw	x6,0(x20)	 x20:0x8ffffffc  x6:0x00000080 PA:0x8ffffffc store:0x00000080 load:0x00000000
       46775000	      4578	80000f1a	90000a37	lui	x20,0x90000	 x20=0x90000000
       46785000	      4579	80000f1e	1a71	c.addi	x20,-4	 x20:0x90000000 x20=0x8ffffffc
       46795000	      4580	80000f20	34200313	addi	x6,x0,834	  x0:0x00000000  x6=0x00000342
       46805000	      4581	80000f24	0322	c.slli	x6,0x8	  x6:0x00000342  x6=0x00034200
       46815000	      4582	80000f26	030d	c.addi	x6,3	  x6:0x00034200  x6=0x00034203
       46825000	      4583	80000f28	006a2023	sw	x6,0(x20)	 x20:0x8ffffffc  x6:0x00034203 PA:0x8ffffffc store:0x00034203 load:0x00000000
       46835000	      4584	80000f2c	34202373	csrrs	x6,mcause,x0	  x0:0x00000000  x6=0x8000000b
       46845000	      4585	80000f30	006a2023	sw	x6,0(x20)	 x20:0x8ffffffc  x6:0x8000000b PA:0x8ffffffc store:0x8000000b load:0x00000000
       46855000	      4586	80000f34	90000a37	lui	x20,0x90000	 x20=0x90000000
       46865000	      4587	80000f38	1a71	c.addi	x20,-4	 x20:0x90000000 x20=0x8ffffffc
       46875000	      4588	80000f3a	30400313	addi	x6,x0,772	  x0:0x00000000  x6=0x00000304
       46885000	      4589	80000f3e	0322	c.slli	x6,0x8	  x6:0x00000304  x6=0x00030400
       46895000	      4590	80000f40	030d	c.addi	x6,3	  x6:0x00030400  x6=0x00030403
       46905000	      4591	80000f42	006a2023	sw	x6,0(x20)	 x20:0x8ffffffc  x6:0x00030403 PA:0x8ffffffc store:0x00030403 load:0x00000000
       46915000	      4592	80000f46	30402373	csrrs	x6,mie,x0	  x0:0x00000000  x6=0x53ac0888
       46925000	      4593	80000f4a	006a2023	sw	x6,0(x20)	 x20:0x8ffffffc  x6:0x53ac0888 PA:0x8ffffffc store:0x53ac0888 load:0x00000000
       46935000	      4594	80000f4e	90000a37	lui	x20,0x90000	 x20=0x90000000
       46945000	      4595	80000f52	1a71	c.addi	x20,-4	 x20:0x90000000 x20=0x8ffffffc
       46955000	      4596	80000f54	34400313	addi	x6,x0,836	  x0:0x00000000  x6=0x00000344
       46965000	      4597	80000f58	0322	c.slli	x6,0x8	  x6:0x00000344  x6=0x00034400
       46975000	      4598	80000f5a	030d	c.addi	x6,3	  x6:0x00034400  x6=0x00034403
       46985000	      4599	80000f5c	006a2023	sw	x6,0(x20)	 x20:0x8ffffffc  x6:0x00034403 PA:0x8ffffffc store:0x00034403 load:0x00000000
       46995000	      4600	80000f60	34402373	csrrs	x6,mip,x0	  x0:0x00000000  x6=0x00000000
       47005000	      4601	80000f64	006a2023	sw	x6,0(x20)	 x20:0x8ffffffc  x6:0x00000000 PA:0x8ffffffc store:0x00000000 load:0x00000000
       47015000	      4602	80000f68	10d1106f	jal	x0,80012874	  x0=0x00000000
       47035000	      4604	80012874	30002373	csrrs	x6,mstatus,x0	  x0:0x00000000  x6=0x00000080
       47045000	      4605	80012878	30402373	csrrs	x6,mie,x0	  x0:0x00000000  x6=0x53ac0888
       47055000	      4606	8001287c	34402373	csrrs	x6,mip,x0	  x0:0x00000000  x6=0x00000000
       47065000	      4607	80012880	34433373	csrrc	x6,mip,x6	  x6:0x00000000  x6=0x00000000
       47095000	      4610	80012884	90000a37	lui	x20,0x90000	 x20=0x90000000
       47105000	      4611	80012888	1a71	c.addi	x20,-4	 x20:0x90000000 x20=0x8ffffffc
       47115000	      4612	8001288a	431d	c.li	x6,7	  x6=0x00000007
       47125000	      4613	8001288c	0322	c.slli	x6,0x8	  x6:0x00000007  x6=0x00000700
       47135000	      4614	8001288e	00030313	addi	x6,x6,0	  x6:0x00000700  x6=0x00000700
       47145000	      4615	80012892	006a2023	sw	x6,0(x20)	 x20:0x8ffffffc  x6:0x00000700 PA:0x8ffffffc store:0x00000700 load:0x00000000
       47155000	      4616	80012896	00070633	add	x12,x14,x0	 x14:0x8002cc60  x0:0x00000000 x12=0x8002cc60
       47165000	      4617	8001289a	00462083	lw	x1,4(x12)	 x12:0x8002cc60  x1=0x000000c8 PA:0x8002cc64 load:0x000000c8
       47175000	      4618	8001289e	00862103	lw	x2,8(x12)	 x12:0x8002cc60  x2=0xf5e39895 PA:0x8002cc68 load:0xf5e39895
       47185000	      4619	800128a2	00c62183	lw	x3,12(x12)	 x12:0x8002cc60  x3=0x7af44094 PA:0x8002cc6c load:0x7af44094
       47195000	      4620	800128a6	01062203	lw	x4,16(x12)	 x12:0x8002cc60  x4=0xa4e73fb1 PA:0x8002cc70 load:0xa4e73fb1
       47205000	      4621	800128aa	01462283	lw	x5,20(x12)	 x12:0x8002cc60  x5=0x8001bfe3 PA:0x8002cc74 load:0x8001bfe3
       47215000	      4622	800128ae	01862303	lw	x6,24(x12)	 x12:0x8002cc60  x6=0xa469f102 PA:0x8002cc78 load:0xa469f102
       47225000	      4623	800128b2	01c62383	lw	x7,28(x12)	 x12:0x8002cc60  x7=0x00000000 PA:0x8002cc7c load:0x00000000
       47235000	      4624	800128b6	5200	c.lw	x8,32(x12)	 x12:0x8002cc60  x8=0x99d66000 PA:0x8002cc80 load:0x99d66000
       47245000	      4625	800128b8	5244	c.lw	x9,36(x12)	 x12:0x8002cc60  x9=0x80018652 PA:0x8002cc84 load:0x80018652
       47255000	      4626	800128ba	5608	c.lw	x10,40(x12)	 x12:0x8002cc60 x10=0xfffff9fb PA:0x8002cc88 load:0xfffff9fb
       47265000	      4627	800128bc	564c	c.lw	x11,44(x12)	 x12:0x8002cc60 x11=0x00524382 PA:0x8002cc8c load:0x00524382
       47275000	      4628	800128be	5a10	c.lw	x12,48(x12)	 x12:0x8002cc60 x12=0x8002cc60 PA:0x8002cc90 load:0x8002cc60
       47295000	      4630	800128c0	5a54	c.lw	x13,52(x12)	 x12:0x8002cc60 x13=0x00000056 PA:0x8002cc94 load:0x00000056
       47305000	      4631	800128c2	5e18	c.lw	x14,56(x12)	 x12:0x8002cc60 x14=0x8002cce0 PA:0x8002cc98 load:0x8002cce0
       47315000	      4632	800128c4	5e5c	c.lw	x15,60(x12)	 x12:0x8002cc60 x15=0x00000065 PA:0x8002cc9c load:0x00000065
       47325000	      4633	800128c6	04062803	lw	x16,64(x12)	 x12:0x8002cc60 x16=0x00000001 PA:0x8002cca0 load:0x00000001
       47335000	      4634	800128ca	04462883	lw	x17,68(x12)	 x12:0x8002cc60 x17=0x80013781 PA:0x8002cca4 load:0x80013781
       47345000	      4635	800128ce	04862903	lw	x18,72(x12)	 x12:0x8002cc60 x18=0xffffffec PA:0x8002cca8 load:0xffffffec
       47355000	      4636	800128d2	04c62983	lw	x19,76(x12)	 x12:0x8002cc60 x19=0x0000006f PA:0x8002ccac load:0x0000006f
       47365000	      4637	800128d6	05062a03	lw	x20,80(x12)	 x12:0x8002cc60 x20=0x00000e3c PA:0x8002ccb0 load:0x00000e3c
       47375000	      4638	800128da	05462a83	lw	x21,84(x12)	 x12:0x8002cc60 x21=0x0000005c PA:0x8002ccb4 load:0x0000005c
       47385000	      4639	800128de	05862b03	lw	x22,88(x12)	 x12:0x8002cc60 x22=0x00000000 PA:0x8002ccb8 load:0x00000000
       47395000	      4640	800128e2	05c62b83	lw	x23,92(x12)	 x12:0x8002cc60 x23=0x000000e6 PA:0x8002ccbc load:0x000000e6
       47405000	      4641	800128e6	06062c03	lw	x24,96(x12)	 x12:0x8002cc60 x24=0x000000f1 PA:0x8002ccc0 load:0x000000f1
       47415000	      4642	800128ea	06462c83	lw	x25,100(x12)	 x12:0x8002cc60 x25=0xffff8081 PA:0x8002ccc4 load:0xffff8081
       47425000	      4643	800128ee	06862d03	lw	x26,104(x12)	 x12:0x8002cc60 x26=0xffffffee PA:0x8002ccc8 load:0xffffffee
       47435000	      4644	800128f2	06c62d83	lw	x27,108(x12)	 x12:0x8002cc60 x27=0x000024be PA:0x8002cccc load:0x000024be
       47445000	      4645	800128f6	07062e03	lw	x28,112(x12)	 x12:0x8002cc60 x28=0x80013fe6 PA:0x8002ccd0 load:0x80013fe6
       47455000	      4646	800128fa	07462e83	lw	x29,116(x12)	 x12:0x8002cc60 x29=0x00000676 PA:0x8002ccd4 load:0x00000676
       47465000	      4647	800128fe	07862f03	lw	x30,120(x12)	 x12:0x8002cc60 x30=0xfffffabe PA:0x8002ccd8 load:0xfffffabe
       47475000	      4648	80012902	07c62f83	lw	x31,124(x12)	 x12:0x8002cc60 x31=0xfffffff0 PA:0x8002ccdc load:0xfffffff0
       47485000	      4649	80012906	08060613	addi	x12,x12,128	 x12:0x8002cc60 x12=0x8002cce0
       47495000	      4650	8001290a	00060733	add	x14,x12,x0	 x12:0x8002cce0  x0:0x00000000 x14=0x8002cce0
       47505000	      4651	8001290e	4310	c.lw	x12,0(x14)	 x14:0x8002cce0 x12=0x80028e20 PA:0x8002cce0 load:0x80028e20
       47515000	      4652	80012910	0711	c.addi	x14,4	 x14:0x8002cce0 x14=0x8002cce4
       47525000	      4653	80012912	30200073	mret	
       47555000	      4656	8000a2e2	02d5	c.addi	x5,21	  x5:0x8001bfe3  x5=0x8001bff8
       47565000	      4657	8000a2e4	00f8d183	lhu	x3,15(x17)	 x17:0x80013781  x3=0x00004a4b PA:0x80013790 load:0x00004a4b
       47575000	      4658	8000a2e8	00dbb433	sltu	x8,x23,x13	 x23:0x000000e6 x13:0x00000056  x8=0x00000000
       47615000	      4662	8000a2ec	02d6b2b3	mulhu	x5,x13,x13	 x13:0x00000056 x13:0x00000056  x5=0x00000000
       47625000	      4663	8000a2f0	8051	c.srli	x8,0x14	  x8:0x00000000  x8=0x00000000
       47635000	      4664	8000a2f2	62cd	c.lui	x5,0x13	  x5=0x00013000
       47645000	      4665	8000a2f4	00b8a183	lw	x3,11(x17)	 x17:0x80013781  x3=0x44454647 PA:0x8001378c load:0x44454647
       47655000	      4666	8000a2f8	ffe88403	lb	x8,-2(x17)	 x17:0x80013781  x8=0x00000034 PA:0x8001377f load:0x00000034
       47675000	      4668	8000a2fc	408bd1b3	sra	x3,x23,x8	 x23:0x000000e6  x8:0x00000034  x3=0x00000000
       47685000	      4669	8000a300	0058cb83	lbu	x23,5(x17)	 x17:0x80013781 x23=0x0000003d PA:0x80013786 load:0x0000003d
       47695000	      4670	8000a304	ff688403	lb	x8,-10(x17)	 x17:0x80013781  x8=0x0000002c PA:0x80013777 load:0x0000002c
       47705000	      4671	8000a308	0018db83	lhu	x23,1(x17)	 x17:0x80013781 x23=0x00003839 PA:0x80013782 load:0x00003839
       47715000	      4672	8000a30c	8c21	c.xor	x8,x8	  x8:0x0000002c  x8:0x0000002c  x8=0x00000000
       47725000	      4673	8000a30e	00dba2b3	slt	x5,x23,x13	 x23:0x00003839 x13:0x00000056  x5=0x00000000
       47735000	      4674	8000a312	008ba1b3	slt	x3,x23,x8	 x23:0x00003839  x8:0x00000000  x3=0x00000000
       47745000	      4675	8000a316	e056fb93	andi	x23,x13,-507	 x13:0x00000056 x23=0x00000004
       47755000	      4676	8000a31a	0176bbb3	sltu	x23,x13,x23	 x13:0x00000056 x23:0x00000004 x23=0x00000000
       47765000	      4677	8000a31e	01888723	sb	x24,14(x17)	 x17:0x80013781 x24:0x000000f1 PA:0x8001378f store:0x000000f1 load:0x00000000
       47775000	      4678	8000a322	ffa8c403	lbu	x8,-6(x17)	 x17:0x80013781  x8=0x00000030 PA:0x8001377b load:0x00000030
       47785000	      4679	8000a326	ff78a183	lw	x3,-9(x17)	 x17:0x80013781  x3=0x30313233 PA:0x80013778 load:0x30313233
       47795000	      4680	8000a32a	0001	c.addi	x0,0	  x0:0x00000000  x0=0x00000000
       47805000	      4681	8000a32c	8462	c.mv	x8,x24	  x0:0x00000000 x24:0x000000f1  x8=0x000000f1
       47815000	      4682	8000a32e	41745c33	sra	x24,x8,x23	  x8:0x000000f1 x23:0x00000000 x24=0x000000f1
       47825000	      4683	8000a332	0018db83	lhu	x23,1(x17)	 x17:0x80013781 x23=0x00003839 PA:0x80013782 load:0x00003839
       47845000	      4685	8000a336	00cb9293	slli	x5,x23,0xc	 x23:0x00003839  x5=0x03839000
       47855000	      4686	8000a33a	93344293	xori	x5,x8,-1741	  x8:0x000000f1  x5=0xfffff9c2
       47865000	      4687	8000a33e	ff68c403	lbu	x8,-10(x17)	 x17:0x80013781  x8=0x0000002c PA:0x80013777 load:0x0000002c
       47875000	      4688	8000a342	017882a3	sb	x23,5(x17)	 x17:0x80013781 x23:0x00003839 PA:0x80013786 store:0x00003839 load:0x00000000
       47885000	      4689	8000a346	8469	c.srai	x8,0x1a	  x8:0x0000002c  x8=0x00000000
       47895000	      4690	8000a348	14ee1297	auipc	x5,0x14ee1	  x5=0x94eeb348
       47905000	      4691	8000a34c	6a046b93	ori	x23,x8,1696	  x8:0x00000000 x23=0x000006a0
       47915000	      4692	8000a350	403c5193	srai	x3,x24,0x3	 x24:0x000000f1  x3=0x0000001e
       47925000	      4693	8000a354	ff388c03	lb	x24,-13(x17)	 x17:0x80013781 x24=0x0000002f PA:0x80013774 load:0x0000002f
       47935000	      4694	8000a358	8289	c.srli	x13,0x2	 x13:0x00000056 x13=0x00000015
       47945000	      4695	8000a35a	00841bb3	sll	x23,x8,x8	  x8:0x00000000  x8:0x00000000 x23=0x00000000
       47985000	      4699	8000a35e	023ba2b3	mulhsu	x5,x23,x3	 x23:0x00000000  x3:0x0000001e  x5=0x00000000
       48005000	      4701	8000a362	0371cbb3	div	x23,x3,x23	  x3:0x0000001e x23:0x00000000 x23=0xffffffff
       48015000	      4702	8000a366	0001	c.addi	x0,0	  x0:0x00000000  x0=0x00000000
       48025000	      4703	8000a368	464716b7	lui	x13,0x46471	 x13=0x46471000
       48035000	      4704	8000a36c	008c2413	slti	x8,x24,8	 x24:0x0000002f  x8=0x00000000
       48045000	      4705	8000a370	0058db83	lhu	x23,5(x17)	 x17:0x80013781 x23=0x00003c39 PA:0x80013786 load:0x00003c39
       48055000	      4706	8000a374	00009497	auipc	x9,0x9	  x9=0x80013374
       48065000	      4707	8000a378	ec948493	addi	x9,x9,-311	  x9:0x80013374  x9=0x8001323d
       48075000	      4708	8000a37c	38848923	sb	x8,914(x9)	  x9:0x8001323d  x8:0x00000000 PA:0x800135cf store:0x00000000 load:0x00000000
       48085000	      4709	8000a380	39248083	lb	x1,914(x9)	  x9:0x8001323d  x1=0x00000000 PA:0x800135cf load:0x00000000
       48095000	      4710	8000a384	39248d03	lb	x26,914(x9)	  x9:0x8001323d x26=0x00000000 PA:0x800135cf load:0x00000000
       48105000	      4711	8000a388	39248b03	lb	x22,914(x9)	  x9:0x8001323d x22=0x00000000 PA:0x800135cf load:0x00000000
       48115000	      4712	8000a38c	43b496a3	sh	x27,1069(x9)	  x9:0x8001323d x27:0x000024be PA:0x8001366a store:0x000024be load:0x00000000
       48125000	      4713	8000a390	7f149803	lh	x16,2033(x9)	  x9:0x8001323d x16=0xffffe4e5 PA:0x80013a2e load:0xffffe4e5
       48135000	      4714	8000a394	7e2488a3	sb	x2,2033(x9)	  x9:0x8001323d  x2:0xf5e39895 PA:0x80013a2e store:0xf5e39895 load:0x00000000
       48145000	      4715	8000a398	7f14d383	lhu	x7,2033(x9)	  x9:0x8001323d  x7=0x0000e495 PA:0x80013a2e load:0x0000e495
       48155000	      4716	8000a39c	016fe9b3	or	x19,x31,x22	 x31:0xfffffff0 x22:0x00000000 x19=0xfffffff0
       48165000	      4717	8000a3a0	7f148083	lb	x1,2033(x9)	  x9:0x8001323d  x1=0xffffff95 PA:0x80013a2e load:0xffffff95
       48175000	      4718	8000a3a4	40348123	sb	x3,1026(x9)	  x9:0x8001323d  x3:0x0000001e PA:0x8001363f store:0x0000001e load:0x00000000
       48185000	      4719	8000a3a8	41d48123	sb	x29,1026(x9)	  x9:0x8001323d x29:0x00000676 PA:0x8001363f store:0x00000676 load:0x00000000
       48195000	      4720	8000a3ac	40248783	lb	x15,1026(x9)	  x9:0x8001323d x15=0x00000076 PA:0x8001363f load:0x00000076
       48205000	      4721	8000a3b0	40248503	lb	x10,1026(x9)	  x9:0x8001323d x10=0x00000076 PA:0x8001363f load:0x00000076
       48215000	      4722	8000a3b4	4024cc83	lbu	x25,1026(x9)	  x9:0x8001323d x25=0x00000076 PA:0x8001363f load:0x00000076
       48225000	      4723	8000a3b8	40248883	lb	x17,1026(x9)	  x9:0x8001323d x17=0x00000076 PA:0x8001363f load:0x00000076
       48235000	      4724	8000a3bc	09b48823	sb	x27,144(x9)	  x9:0x8001323d x27:0x000024be PA:0x800132cd store:0x000024be load:0x00000000
       48245000	      4725	8000a3c0	41538cb3	sub	x25,x7,x21	  x7:0x0000e495 x21:0x0000005c x25=0x0000e439
       48255000	      4726	8000a3c4	09048d03	lb	x26,144(x9)	  x9:0x8001323d x26=0xffffffbe PA:0x800132cd load:0xffffffbe
       48265000	      4727	8000a3c8	11a48d83	lb	x27,282(x9)	  x9:0x8001323d x27=0x0000000c PA:0x80013357 load:0x0000000c
       48275000	      4728	8000a3cc	4435	c.li	x8,13	  x8=0x0000000d
       48285000	      4729	8000a3ce	41605b93	srai	x23,x0,0x16	  x0:0x00000000 x23=0x00000000
       48295000	      4730	8000a3d2	11148d23	sb	x17,282(x9)	  x9:0x8001323d x17:0x00000076 PA:0x80013357 store:0x00000076 load:0x00000000
       48305000	      4731	8000a3d6	11a4c083	lbu	x1,282(x9)	  x9:0x8001323d  x1=0x00000076 PA:0x80013357 load:0x00000076
       48315000	      4732	8000a3da	00017997	auipc	x19,0x17	 x19=0x800213da
       48325000	      4733	8000a3de	89e98993	addi	x19,x19,-1890	 x19:0x800213da x19=0x80020c78
       48335000	      4734	8000a3e2	301f6c93	ori	x25,x30,769	 x30:0xfffffabe x25=0xfffffbbf
       48345000	      4735	8000a3e6	71f17413	andi	x8,x2,1823	  x2:0xf5e39895  x8=0x00000015
       48355000	      4736	8000a3ea	a7898403	lb	x8,-1416(x19)	 x19:0x80020c78  x8=0xffffffab PA:0x800206f0 load:0xffffffab
       48365000	      4737	8000a3ee	9a86	c.add	x21,x1	 x21:0x0000005c  x1:0x00000076 x21=0x000000d2
       48375000	      4738	8000a3f0	76998503	lb	x10,1897(x19)	 x19:0x80020c78 x10=0xffffff9a PA:0x800213e1 load:0xffffff9a
       48385000	      4739	8000a3f4	c0e99b83	lh	x23,-1010(x19)	 x19:0x80020c78 x23=0x00003c3d PA:0x80020886 load:0x00003c3d
       48395000	      4740	8000a3f8	a3e98ba3	sb	x30,-1481(x19)	 x19:0x80020c78 x30:0xfffffabe PA:0x800206af store:0xfffffabe load:0x00000000
       48405000	      4741	8000a3fc	666988a3	sb	x6,1649(x19)	 x19:0x80020c78  x6:0xa469f102 PA:0x800212e9 store:0xa469f102 load:0x00000000
       48415000	      4742	8000a400	b3a9ce83	lbu	x29,-1222(x19)	 x19:0x80020c78 x29=0x00000069 PA:0x800207b2 load:0x00000069
       48425000	      4743	8000a404	879d	c.srai	x15,0x7	 x15:0x00000076 x15=0x00000000
       48435000	      4744	8000a406	8cf9c183	lbu	x3,-1841(x19)	 x19:0x80020c78  x3=0x000000fc PA:0x80020547 load:0x000000fc
       48455000	      4746	8000a40a	01c1a333	slt	x6,x3,x28	  x3:0x000000fc x28:0x80013fe6  x6=0x00000000
       48465000	      4747	8000a40e	4ead	c.li	x29,11	 x29=0x0000000b
       48475000	      4748	8000a410	6b198683	lb	x13,1713(x19)	 x19:0x80020c78 x13=0xffffffe2 PA:0x80021329 load:0xffffffe2
       48485000	      4749	8000a414	9d9aca13	xori	x20,x21,-1575	 x21:0x000000d2 x20=0xfffff90b
       48495000	      4750	8000a418	91e99a83	lh	x21,-1762(x19)	 x19:0x80020c78 x21=0x00004c4d PA:0x80020596 load:0x00004c4d
       48505000	      4751	8000a41c	be39a823	sw	x3,-1040(x19)	 x19:0x80020c78  x3:0x000000fc PA:0x80020868 store:0x000000fc load:0x00000000
       48515000	      4752	8000a420	bb89aa83	lw	x21,-1096(x19)	 x19:0x80020c78 x21=0xe8e9eaeb PA:0x80020830 load:0xe8e9eaeb
       48535000	      4754	8000a424	003ade13	srli	x28,x21,0x3	 x21:0xe8e9eaeb x28=0x1d1d3d5d
       48545000	      4755	8000a428	0ff0000f	fence	iorw,iorw	
       48575000	      4758	8000a42c	020a0c33	mul	x24,x20,x0	 x20:0xfffff90b  x0:0x00000000 x24=0x00000000
       48585000	      4759	8000a430	09a99783	lh	x15,154(x19)	 x19:0x80020c78 x15=0xffffc8c9 PA:0x80020d12 load:0xffffc8c9
       48595000	      4760	8000a434	db399723	sh	x19,-594(x19)	 x19:0x80020c78 x19:0x80020c78 PA:0x80020a26 store:0x80020c78 load:0x00000000
       48605000	      4761	8000a438	62698ba3	sb	x6,1591(x19)	 x19:0x80020c78  x6:0x00000000 PA:0x800212af store:0x00000000 load:0x00000000
       48615000	      4762	8000a43c	be898283	lb	x5,-1048(x19)	 x19:0x80020c78  x5=0x0000001b PA:0x80020860 load:0x0000001b
       48625000	      4763	8000a440	6569c903	lbu	x18,1622(x19)	 x19:0x80020c78 x18=0x00000085 PA:0x800212ce load:0x00000085
       48635000	      4764	8000a444	eef9cd03	lbu	x26,-273(x19)	 x19:0x80020c78 x26=0x0000001c PA:0x80020b67 load:0x0000001c
       48645000	      4765	8000a448	0315	c.addi	x6,5	  x6:0x00000000  x6=0x00000005
       48655000	      4766	8000a44a	8bb9	c.andi	x15,14	 x15:0xffffc8c9 x15=0x00000008
       48665000	      4767	8000a44c	7ae9dd83	lhu	x27,1966(x19)	 x19:0x80020c78 x27=0x0000dcdd PA:0x80021426 load:0x0000dcdd
       48675000	      4768	8000a450	7309d783	lhu	x15,1840(x19)	 x19:0x80020c78 x15=0x00006263 PA:0x800213a8 load:0x00006263
       48685000	      4769	8000a454	c6199d23	sh	x1,-902(x19)	 x19:0x80020c78  x1:0x00000076 PA:0x800208f2 store:0x00000076 load:0x00000000
       48695000	      4770	8000a458	d0d0f7b7	lui	x15,0xd0d0f	 x15=0xd0d0f000
       48705000	      4771	8000a45c	e249cd83	lbu	x27,-476(x19)	 x19:0x80020c78 x27=0x00000057 PA:0x80020a9c load:0x00000057
       48715000	      4772	8000a460	0032dbb3	srl	x23,x5,x3	  x5:0x0000001b  x3:0x000000fc x23=0x00000000
       48725000	      4773	8000a464	d8d98283	lb	x5,-627(x19)	 x19:0x80020c78  x5=0xffffffbe PA:0x80020a05 load:0xffffffbe
       48735000	      4774	8000a468	a26a8493	addi	x9,x21,-1498	 x21:0xe8e9eaeb  x9=0xe8e9e511
       48745000	      4775	8000a46c	79998a03	lb	x20,1945(x19)	 x19:0x80020c78 x20=0xffffffca PA:0x80021411 load:0xffffffca
       48755000	      4776	8000a470	b4198023	sb	x1,-1216(x19)	 x19:0x80020c78  x1:0x00000076 PA:0x800207b8 store:0x00000076 load:0x00000000
       48765000	      4777	8000a474	00339693	slli	x13,x7,0x3	  x7:0x0000e495 x13=0x000724a8
       48775000	      4778	8000a478	4629de03	lhu	x28,1122(x19)	 x19:0x80020c78 x28=0x00009091 PA:0x800210da load:0x00009091
       48785000	      4779	8000a47c	00012e17	auipc	x28,0x12	 x28=0x8001c47c
       48795000	      4780	8000a480	7d2e0e13	addi	x28,x28,2002	 x28:0x8001c47c x28=0x8001cc4e
       48805000	      4781	8000a484	0073c5b3	xor	x11,x7,x7	  x7:0x0000e495  x7:0x0000e495 x11=0x00000000
       48845000	      4785	8000a488	027dbbb3	mulhu	x23,x27,x7	 x27:0x00000057  x7:0x0000e495 x23=0x00000000
       48855000	      4786	8000a48c	fd5e03a3	sb	x21,-57(x28)	 x28:0x8001cc4e x21:0xe8e9eaeb PA:0x8001cc15 store:0xe8e9eaeb load:0x00000000
       48875000	      4788	8000a490	037bddb3	divu	x27,x23,x23	 x23:0x00000000 x23:0x00000000 x27=0xffffffff
       48885000	      4789	8000a494	0000100f	fence.i	
       48905000	      4791	8000a498	00b3fdb3	and	x27,x7,x11	  x7:0x0000e495 x11:0x00000000 x27=0x00000000
       48915000	      4792	8000a49c	03be4383	lbu	x7,59(x28)	 x28:0x8001cc4e  x7=0x00000042 PA:0x8001cc89 load:0x00000042
       48925000	      4793	8000a4a0	fefe0a23	sb	x15,-12(x28)	 x28:0x8001cc4e x15:0xd0d0f000 PA:0x8001cc42 store:0xd0d0f000 load:0x00000000
       48935000	      4794	8000a4a4	00fe1b23	sh	x15,22(x28)	 x28:0x8001cc4e x15:0xd0d0f000 PA:0x8001cc64 store:0xd0d0f000 load:0x00000000
       48945000	      4795	8000a4a8	01b397b3	sll	x15,x7,x27	  x7:0x00000042 x27:0x00000000 x15=0x00000042
       48955000	      4796	8000a4ac	fd7e07a3	sb	x23,-49(x28)	 x28:0x8001cc4e x23:0x00000000 PA:0x8001cc1d store:0x00000000 load:0x00000000
       49325000	      4833	8000a4b0	027ae3b3	rem	x7,x21,x7	 x21:0xe8e9eaeb  x7:0x00000042  x7=0xffffffd3
       49365000	      4837	8000252c	93bfe06f	jal	x0,80000e66	  x0=0x00000000
       49385000	      4839	80000e66	1771	c.addi	x14,-4	 x14:0x8002cce4 x14=0x8002cce0
       49395000	      4840	80000e68	c310	c.sw	x12,0(x14)	 x14:0x8002cce0 x12:0x80028e20 PA:0x8002cce0 store:0x80028e20 load:0x00000000
       49405000	      4841	80000e6a	00070633	add	x12,x14,x0	 x14:0x8002cce0  x0:0x00000000 x12=0x8002cce0
       49415000	      4842	80000e6e	f8060613	addi	x12,x12,-128	 x12:0x8002cce0 x12=0x8002cc60
       49425000	      4843	80000e72	00162223	sw	x1,4(x12)	 x12:0x8002cc60  x1:0x00000076 PA:0x8002cc64 store:0x00000076 load:0x00000000
       49435000	      4844	80000e76	00262423	sw	x2,8(x12)	 x12:0x8002cc60  x2:0xf5e39895 PA:0x8002cc68 store:0xf5e39895 load:0x00000000
       49445000	      4845	80000e7a	00362623	sw	x3,12(x12)	 x12:0x8002cc60  x3:0x000000fc PA:0x8002cc6c store:0x000000fc load:0x00000000
       49455000	      4846	80000e7e	00462823	sw	x4,16(x12)	 x12:0x8002cc60  x4:0xa4e73fb1 PA:0x8002cc70 store:0xa4e73fb1 load:0x00000000
       49465000	      4847	80000e82	00562a23	sw	x5,20(x12)	 x12:0x8002cc60  x5:0xffffffbe PA:0x8002cc74 store:0xffffffbe load:0x00000000
       49475000	      4848	80000e86	00662c23	sw	x6,24(x12)	 x12:0x8002cc60  x6:0x00000005 PA:0x8002cc78 store:0x00000005 load:0x00000000
       49485000	      4849	80000e8a	00762e23	sw	x7,28(x12)	 x12:0x8002cc60  x7:0xffffffd3 PA:0x8002cc7c store:0xffffffd3 load:0x00000000
       49495000	      4850	80000e8e	d200	c.sw	x8,32(x12)	 x12:0x8002cc60  x8:0xffffffab PA:0x8002cc80 store:0xffffffab load:0x00000000
       49505000	      4851	80000e90	d244	c.sw	x9,36(x12)	 x12:0x8002cc60  x9:0xe8e9e511 PA:0x8002cc84 store:0xe8e9e511 load:0x00000000
       49515000	      4852	80000e92	d608	c.sw	x10,40(x12)	 x12:0x8002cc60 x10:0xffffff9a PA:0x8002cc88 store:0xffffff9a load:0x00000000
       49525000	      4853	80000e94	d64c	c.sw	x11,44(x12)	 x12:0x8002cc60 x11:0x00000000 PA:0x8002cc8c store:0x00000000 load:0x00000000
       49535000	      4854	80000e96	da10	c.sw	x12,48(x12)	 x12:0x8002cc60 x12:0x8002cc60 PA:0x8002cc90 store:0x8002cc60 load:0x00000000
       49545000	      4855	80000e98	da54	c.sw	x13,52(x12)	 x12:0x8002cc60 x13:0x000724a8 PA:0x8002cc94 store:0x000724a8 load:0x00000000
       49555000	      4856	80000e9a	de18	c.sw	x14,56(x12)	 x12:0x8002cc60 x14:0x8002cce0 PA:0x8002cc98 store:0x8002cce0 load:0x00000000
       49565000	      4857	80000e9c	de5c	c.sw	x15,60(x12)	 x12:0x8002cc60 x15:0x00000042 PA:0x8002cc9c store:0x00000042 load:0x00000000
       49575000	      4858	80000e9e	05062023	sw	x16,64(x12)	 x12:0x8002cc60 x16:0xffffe4e5 PA:0x8002cca0 store:0xffffe4e5 load:0x00000000
       49585000	      4859	80000ea2	05162223	sw	x17,68(x12)	 x12:0x8002cc60 x17:0x00000076 PA:0x8002cca4 store:0x00000076 load:0x00000000
       49595000	      4860	80000ea6	05262423	sw	x18,72(x12)	 x12:0x8002cc60 x18:0x00000085 PA:0x8002cca8 store:0x00000085 load:0x00000000
       49605000	      4861	80000eaa	05362623	sw	x19,76(x12)	 x12:0x8002cc60 x19:0x80020c78 PA:0x8002ccac store:0x80020c78 load:0x00000000
       49615000	      4862	80000eae	05462823	sw	x20,80(x12)	 x12:0x8002cc60 x20:0xffffffca PA:0x8002ccb0 store:0xffffffca load:0x00000000
       49625000	      4863	80000eb2	05562a23	sw	x21,84(x12)	 x12:0x8002cc60 x21:0xe8e9eaeb PA:0x8002ccb4 store:0xe8e9eaeb load:0x00000000
       49635000	      4864	80000eb6	05662c23	sw	x22,88(x12)	 x12:0x8002cc60 x22:0x00000000 PA:0x8002ccb8 store:0x00000000 load:0x00000000
       49645000	      4865	80000eba	05762e23	sw	x23,92(x12)	 x12:0x8002cc60 x23:0x00000000 PA:0x8002ccbc store:0x00000000 load:0x00000000
       49655000	      4866	80000ebe	07862023	sw	x24,96(x12)	 x12:0x8002cc60 x24:0x00000000 PA:0x8002ccc0 store:0x00000000 load:0x00000000
       49665000	      4867	80000ec2	07962223	sw	x25,100(x12)	 x12:0x8002cc60 x25:0xfffffbbf PA:0x8002ccc4 store:0xfffffbbf load:0x00000000
       49675000	      4868	80000ec6	07a62423	sw	x26,104(x12)	 x12:0x8002cc60 x26:0x0000001c PA:0x8002ccc8 store:0x0000001c load:0x00000000
       49685000	      4869	80000eca	07b62623	sw	x27,108(x12)	 x12:0x8002cc60 x27:0x00000000 PA:0x8002cccc store:0x00000000 load:0x00000000
       49695000	      4870	80000ece	07c62823	sw	x28,112(x12)	 x12:0x8002cc60 x28:0x8001cc4e PA:0x8002ccd0 store:0x8001cc4e load:0x00000000
       49705000	      4871	80000ed2	07d62a23	sw	x29,116(x12)	 x12:0x8002cc60 x29:0x0000000b PA:0x8002ccd4 store:0x0000000b load:0x00000000
       49715000	      4872	80000ed6	07e62c23	sw	x30,120(x12)	 x12:0x8002cc60 x30:0xfffffabe PA:0x8002ccd8 store:0xfffffabe load:0x00000000
       49725000	      4873	80000eda	07f62e23	sw	x31,124(x12)	 x12:0x8002cc60 x31:0xfffffff0 PA:0x8002ccdc store:0xfffffff0 load:0x00000000
       49735000	      4874	80000ede	00060733	add	x14,x12,x0	 x12:0x8002cc60  x0:0x00000000 x14=0x8002cc60
       49745000	      4875	80000ee2	90000a37	lui	x20,0x90000	 x20=0x90000000
       49755000	      4876	80000ee6	1a71	c.addi	x20,-4	 x20:0x90000000 x20=0x8ffffffc
       49765000	      4877	80000ee8	4319	c.li	x6,6	  x6=0x00000006
       49775000	      4878	80000eea	0322	c.slli	x6,0x8	  x6:0x00000006  x6=0x00000600
       49785000	      4879	80000eec	00030313	addi	x6,x6,0	  x6:0x00000600  x6=0x00000600
       49795000	      4880	80000ef0	006a2023	sw	x6,0(x20)	 x20:0x8ffffffc  x6:0x00000600 PA:0x8ffffffc store:0x00000600 load:0x00000000
       49805000	      4881	80000ef4	34202373	csrrs	x6,mcause,x0	  x0:0x00000000  x6=0x8000000b
       49815000	      4882	80000ef8	01f35313	srli	x6,x6,0x1f	  x6:0x8000000b  x6=0x00000001
       49825000	      4883	80000efc	06030863	beq	x6,x0,80000f6c	  x6:0x00000001  x0:0x00000000
       49835000	      4884	80000f00	90000a37	lui	x20,0x90000	 x20=0x90000000
       49845000	      4885	80000f04	1a71	c.addi	x20,-4	 x20:0x90000000 x20=0x8ffffffc
       49855000	      4886	80000f06	30000313	addi	x6,x0,768	  x0:0x00000000  x6=0x00000300
       49865000	      4887	80000f0a	0322	c.slli	x6,0x8	  x6:0x00000300  x6=0x00030000
       49875000	      4888	80000f0c	030d	c.addi	x6,3	  x6:0x00030000  x6=0x00030003
       49885000	      4889	80000f0e	006a2023	sw	x6,0(x20)	 x20:0x8ffffffc  x6:0x00030003 PA:0x8ffffffc store:0x00030003 load:0x00000000
       49895000	      4890	80000f12	30002373	csrrs	x6,mstatus,x0	  x0:0x00000000  x6=0x00000080
       49905000	      4891	80000f16	006a2023	sw	x6,0(x20)	 x20:0x8ffffffc  x6:0x00000080 PA:0x8ffffffc store:0x00000080 load:0x00000000
       49915000	      4892	80000f1a	90000a37	lui	x20,0x90000	 x20=0x90000000
       49925000	      4893	80000f1e	1a71	c.addi	x20,-4	 x20:0x90000000 x20=0x8ffffffc
       49935000	      4894	80000f20	34200313	addi	x6,x0,834	  x0:0x00000000  x6=0x00000342
       49945000	      4895	80000f24	0322	c.slli	x6,0x8	  x6:0x00000342  x6=0x00034200
       49955000	      4896	80000f26	030d	c.addi	x6,3	  x6:0x00034200  x6=0x00034203
       49965000	      4897	80000f28	006a2023	sw	x6,0(x20)	 x20:0x8ffffffc  x6:0x00034203 PA:0x8ffffffc store:0x00034203 load:0x00000000
       49975000	      4898	80000f2c	34202373	csrrs	x6,mcause,x0	  x0:0x00000000  x6=0x8000000b
       49985000	      4899	80000f30	006a2023	sw	x6,0(x20)	 x20:0x8ffffffc  x6:0x8000000b PA:0x8ffffffc store:0x8000000b load:0x00000000
       49995000	      4900	80000f34	90000a37	lui	x20,0x90000	 x20=0x90000000
       50005000	      4901	80000f38	1a71	c.addi	x20,-4	 x20:0x90000000 x20=0x8ffffffc
       50015000	      4902	80000f3a	30400313	addi	x6,x0,772	  x0:0x00000000  x6=0x00000304
       50025000	      4903	80000f3e	0322	c.slli	x6,0x8	  x6:0x00000304  x6=0x00030400
       50035000	      4904	80000f40	030d	c.addi	x6,3	  x6:0x00030400  x6=0x00030403
       50045000	      4905	80000f42	006a2023	sw	x6,0(x20)	 x20:0x8ffffffc  x6:0x00030403 PA:0x8ffffffc store:0x00030403 load:0x00000000
       50055000	      4906	80000f46	30402373	csrrs	x6,mie,x0	  x0:0x00000000  x6=0x53ac0888
       50065000	      4907	80000f4a	006a2023	sw	x6,0(x20)	 x20:0x8ffffffc  x6:0x53ac0888 PA:0x8ffffffc store:0x53ac0888 load:0x00000000
       50075000	      4908	80000f4e	90000a37	lui	x20,0x90000	 x20=0x90000000
       50085000	      4909	80000f52	1a71	c.addi	x20,-4	 x20:0x90000000 x20=0x8ffffffc
       50095000	      4910	80000f54	34400313	addi	x6,x0,836	  x0:0x00000000  x6=0x00000344
       50105000	      4911	80000f58	0322	c.slli	x6,0x8	  x6:0x00000344  x6=0x00034400
       50115000	      4912	80000f5a	030d	c.addi	x6,3	  x6:0x00034400  x6=0x00034403
       50125000	      4913	80000f5c	006a2023	sw	x6,0(x20)	 x20:0x8ffffffc  x6:0x00034403 PA:0x8ffffffc store:0x00034403 load:0x00000000
       50135000	      4914	80000f60	34402373	csrrs	x6,mip,x0	  x0:0x00000000  x6=0x00000000
       50145000	      4915	80000f64	006a2023	sw	x6,0(x20)	 x20:0x8ffffffc  x6:0x00000000 PA:0x8ffffffc store:0x00000000 load:0x00000000
       50155000	      4916	80000f68	10d1106f	jal	x0,80012874	  x0=0x00000000
       50175000	      4918	80012874	30002373	csrrs	x6,mstatus,x0	  x0:0x00000000  x6=0x00000080
       50185000	      4919	80012878	30402373	csrrs	x6,mie,x0	  x0:0x00000000  x6=0x53ac0888
       50195000	      4920	8001287c	34402373	csrrs	x6,mip,x0	  x0:0x00000000  x6=0x00000000
       50205000	      4921	80012880	34433373	csrrc	x6,mip,x6	  x6:0x00000000  x6=0x00000000
       50235000	      4924	80012884	90000a37	lui	x20,0x90000	 x20=0x90000000
       50245000	      4925	80012888	1a71	c.addi	x20,-4	 x20:0x90000000 x20=0x8ffffffc
       50255000	      4926	8001288a	431d	c.li	x6,7	  x6=0x00000007
       50265000	      4927	8001288c	0322	c.slli	x6,0x8	  x6:0x00000007  x6=0x00000700
       50275000	      4928	8001288e	00030313	addi	x6,x6,0	  x6:0x00000700  x6=0x00000700
       50285000	      4929	80012892	006a2023	sw	x6,0(x20)	 x20:0x8ffffffc  x6:0x00000700 PA:0x8ffffffc store:0x00000700 load:0x00000000
       50295000	      4930	80012896	00070633	add	x12,x14,x0	 x14:0x8002cc60  x0:0x00000000 x12=0x8002cc60
       50305000	      4931	8001289a	00462083	lw	x1,4(x12)	 x12:0x8002cc60  x1=0x00000076 PA:0x8002cc64 load:0x00000076
       50315000	      4932	8001289e	00862103	lw	x2,8(x12)	 x12:0x8002cc60  x2=0xf5e39895 PA:0x8002cc68 load:0xf5e39895
       50325000	      4933	800128a2	00c62183	lw	x3,12(x12)	 x12:0x8002cc60  x3=0x000000fc PA:0x8002cc6c load:0x000000fc
       50335000	      4934	800128a6	01062203	lw	x4,16(x12)	 x12:0x8002cc60  x4=0xa4e73fb1 PA:0x8002cc70 load:0xa4e73fb1
       50345000	      4935	800128aa	01462283	lw	x5,20(x12)	 x12:0x8002cc60  x5=0xffffffbe PA:0x8002cc74 load:0xffffffbe
       50355000	      4936	800128ae	01862303	lw	x6,24(x12)	 x12:0x8002cc60  x6=0x00000005 PA:0x8002cc78 load:0x00000005
       50365000	      4937	800128b2	01c62383	lw	x7,28(x12)	 x12:0x8002cc60  x7=0xffffffd3 PA:0x8002cc7c load:0xffffffd3
       50375000	      4938	800128b6	5200	c.lw	x8,32(x12)	 x12:0x8002cc60  x8=0xffffffab PA:0x8002cc80 load:0xffffffab
       50385000	      4939	800128b8	5244	c.lw	x9,36(x12)	 x12:0x8002cc60  x9=0xe8e9e511 PA:0x8002cc84 load:0xe8e9e511
       50395000	      4940	800128ba	5608	c.lw	x10,40(x12)	 x12:0x8002cc60 x10=0xffffff9a PA:0x8002cc88 load:0xffffff9a
       50405000	      4941	800128bc	564c	c.lw	x11,44(x12)	 x12:0x8002cc60 x11=0x00000000 PA:0x8002cc8c load:0x00000000
       50415000	      4942	800128be	5a10	c.lw	x12,48(x12)	 x12:0x8002cc60 x12=0x8002cc60 PA:0x8002cc90 load:0x8002cc60
       50435000	      4944	800128c0	5a54	c.lw	x13,52(x12)	 x12:0x8002cc60 x13=0x000724a8 PA:0x8002cc94 load:0x000724a8
       50445000	      4945	800128c2	5e18	c.lw	x14,56(x12)	 x12:0x8002cc60 x14=0x8002cce0 PA:0x8002cc98 load:0x8002cce0
       50455000	      4946	800128c4	5e5c	c.lw	x15,60(x12)	 x12:0x8002cc60 x15=0x00000042 PA:0x8002cc9c load:0x00000042
       50465000	      4947	800128c6	04062803	lw	x16,64(x12)	 x12:0x8002cc60 x16=0xffffe4e5 PA:0x8002cca0 load:0xffffe4e5
       50475000	      4948	800128ca	04462883	lw	x17,68(x12)	 x12:0x8002cc60 x17=0x00000076 PA:0x8002cca4 load:0x00000076
       50485000	      4949	800128ce	04862903	lw	x18,72(x12)	 x12:0x8002cc60 x18=0x00000085 PA:0x8002cca8 load:0x00000085
       50495000	      4950	800128d2	04c62983	lw	x19,76(x12)	 x12:0x8002cc60 x19=0x80020c78 PA:0x8002ccac load:0x80020c78
       50505000	      4951	800128d6	05062a03	lw	x20,80(x12)	 x12:0x8002cc60 x20=0xffffffca PA:0x8002ccb0 load:0xffffffca
       50515000	      4952	800128da	05462a83	lw	x21,84(x12)	 x12:0x8002cc60 x21=0xe8e9eaeb PA:0x8002ccb4 load:0xe8e9eaeb
       50525000	      4953	800128de	05862b03	lw	x22,88(x12)	 x12:0x8002cc60 x22=0x00000000 PA:0x8002ccb8 load:0x00000000
       50535000	      4954	800128e2	05c62b83	lw	x23,92(x12)	 x12:0x8002cc60 x23=0x00000000 PA:0x8002ccbc load:0x00000000
       50545000	      4955	800128e6	06062c03	lw	x24,96(x12)	 x12:0x8002cc60 x24=0x00000000 PA:0x8002ccc0 load:0x00000000
       50555000	      4956	800128ea	06462c83	lw	x25,100(x12)	 x12:0x8002cc60 x25=0xfffffbbf PA:0x8002ccc4 load:0xfffffbbf
       50565000	      4957	800128ee	06862d03	lw	x26,104(x12)	 x12:0x8002cc60 x26=0x0000001c PA:0x8002ccc8 load:0x0000001c
       50575000	      4958	800128f2	06c62d83	lw	x27,108(x12)	 x12:0x8002cc60 x27=0x00000000 PA:0x8002cccc load:0x00000000
       50585000	      4959	800128f6	07062e03	lw	x28,112(x12)	 x12:0x8002cc60 x28=0x8001cc4e PA:0x8002ccd0 load:0x8001cc4e
       50595000	      4960	800128fa	07462e83	lw	x29,116(x12)	 x12:0x8002cc60 x29=0x0000000b PA:0x8002ccd4 load:0x0000000b
       50605000	      4961	800128fe	07862f03	lw	x30,120(x12)	 x12:0x8002cc60 x30=0xfffffabe PA:0x8002ccd8 load:0xfffffabe
       50615000	      4962	80012902	07c62f83	lw	x31,124(x12)	 x12:0x8002cc60 x31=0xfffffff0 PA:0x8002ccdc load:0xfffffff0
       50625000	      4963	80012906	08060613	addi	x12,x12,128	 x12:0x8002cc60 x12=0x8002cce0
       50635000	      4964	8001290a	00060733	add	x14,x12,x0	 x12:0x8002cce0  x0:0x00000000 x14=0x8002cce0
       50645000	      4965	8001290e	4310	c.lw	x12,0(x14)	 x14:0x8002cce0 x12=0x80028e20 PA:0x8002cce0 load:0x80028e20
       50655000	      4966	80012910	0711	c.addi	x14,4	 x14:0x8002cce0 x14=0x8002cce4
       50665000	      4967	80012912	30200073	mret	
       50695000	      4970	8000a4b4	4157dbb3	sra	x23,x15,x21	 x15:0x00000042 x21:0xe8e9eaeb x23=0x00000000
       50705000	      4971	8000a4b8	10500073	wfi	
       52435000	      5144	8000252c	93bfe06f	jal	x0,80000e66	  x0=0x00000000
       52455000	      5146	80000e66	1771	c.addi	x14,-4	 x14:0x8002cce4 x14=0x8002cce0
       52465000	      5147	80000e68	c310	c.sw	x12,0(x14)	 x14:0x8002cce0 x12:0x80028e20 PA:0x8002cce0 store:0x80028e20 load:0x00000000
       52475000	      5148	80000e6a	00070633	add	x12,x14,x0	 x14:0x8002cce0  x0:0x00000000 x12=0x8002cce0
       52485000	      5149	80000e6e	f8060613	addi	x12,x12,-128	 x12:0x8002cce0 x12=0x8002cc60
       52495000	      5150	80000e72	00162223	sw	x1,4(x12)	 x12:0x8002cc60  x1:0x00000076 PA:0x8002cc64 store:0x00000076 load:0x00000000
       52505000	      5151	80000e76	00262423	sw	x2,8(x12)	 x12:0x8002cc60  x2:0xf5e39895 PA:0x8002cc68 store:0xf5e39895 load:0x00000000
       52515000	      5152	80000e7a	00362623	sw	x3,12(x12)	 x12:0x8002cc60  x3:0x000000fc PA:0x8002cc6c store:0x000000fc load:0x00000000
       52525000	      5153	80000e7e	00462823	sw	x4,16(x12)	 x12:0x8002cc60  x4:0xa4e73fb1 PA:0x8002cc70 store:0xa4e73fb1 load:0x00000000
       52535000	      5154	80000e82	00562a23	sw	x5,20(x12)	 x12:0x8002cc60  x5:0xffffffbe PA:0x8002cc74 store:0xffffffbe load:0x00000000
       52545000	      5155	80000e86	00662c23	sw	x6,24(x12)	 x12:0x8002cc60  x6:0x00000005 PA:0x8002cc78 store:0x00000005 load:0x00000000
       52555000	      5156	80000e8a	00762e23	sw	x7,28(x12)	 x12:0x8002cc60  x7:0xffffffd3 PA:0x8002cc7c store:0xffffffd3 load:0x00000000
       52565000	      5157	80000e8e	d200	c.sw	x8,32(x12)	 x12:0x8002cc60  x8:0xffffffab PA:0x8002cc80 store:0xffffffab load:0x00000000
       52575000	      5158	80000e90	d244	c.sw	x9,36(x12)	 x12:0x8002cc60  x9:0xe8e9e511 PA:0x8002cc84 store:0xe8e9e511 load:0x00000000
       52585000	      5159	80000e92	d608	c.sw	x10,40(x12)	 x12:0x8002cc60 x10:0xffffff9a PA:0x8002cc88 store:0xffffff9a load:0x00000000
       52595000	      5160	80000e94	d64c	c.sw	x11,44(x12)	 x12:0x8002cc60 x11:0x00000000 PA:0x8002cc8c store:0x00000000 load:0x00000000
       52605000	      5161	80000e96	da10	c.sw	x12,48(x12)	 x12:0x8002cc60 x12:0x8002cc60 PA:0x8002cc90 store:0x8002cc60 load:0x00000000
       52615000	      5162	80000e98	da54	c.sw	x13,52(x12)	 x12:0x8002cc60 x13:0x000724a8 PA:0x8002cc94 store:0x000724a8 load:0x00000000
       52625000	      5163	80000e9a	de18	c.sw	x14,56(x12)	 x12:0x8002cc60 x14:0x8002cce0 PA:0x8002cc98 store:0x8002cce0 load:0x00000000
       52635000	      5164	80000e9c	de5c	c.sw	x15,60(x12)	 x12:0x8002cc60 x15:0x00000042 PA:0x8002cc9c store:0x00000042 load:0x00000000
       52645000	      5165	80000e9e	05062023	sw	x16,64(x12)	 x12:0x8002cc60 x16:0xffffe4e5 PA:0x8002cca0 store:0xffffe4e5 load:0x00000000
       52655000	      5166	80000ea2	05162223	sw	x17,68(x12)	 x12:0x8002cc60 x17:0x00000076 PA:0x8002cca4 store:0x00000076 load:0x00000000
       52665000	      5167	80000ea6	05262423	sw	x18,72(x12)	 x12:0x8002cc60 x18:0x00000085 PA:0x8002cca8 store:0x00000085 load:0x00000000
       52675000	      5168	80000eaa	05362623	sw	x19,76(x12)	 x12:0x8002cc60 x19:0x80020c78 PA:0x8002ccac store:0x80020c78 load:0x00000000
       52685000	      5169	80000eae	05462823	sw	x20,80(x12)	 x12:0x8002cc60 x20:0xffffffca PA:0x8002ccb0 store:0xffffffca load:0x00000000
       52695000	      5170	80000eb2	05562a23	sw	x21,84(x12)	 x12:0x8002cc60 x21:0xe8e9eaeb PA:0x8002ccb4 store:0xe8e9eaeb load:0x00000000
       52705000	      5171	80000eb6	05662c23	sw	x22,88(x12)	 x12:0x8002cc60 x22:0x00000000 PA:0x8002ccb8 store:0x00000000 load:0x00000000
       52715000	      5172	80000eba	05762e23	sw	x23,92(x12)	 x12:0x8002cc60 x23:0x00000000 PA:0x8002ccbc store:0x00000000 load:0x00000000
       52725000	      5173	80000ebe	07862023	sw	x24,96(x12)	 x12:0x8002cc60 x24:0x00000000 PA:0x8002ccc0 store:0x00000000 load:0x00000000
       52735000	      5174	80000ec2	07962223	sw	x25,100(x12)	 x12:0x8002cc60 x25:0xfffffbbf PA:0x8002ccc4 store:0xfffffbbf load:0x00000000
       52745000	      5175	80000ec6	07a62423	sw	x26,104(x12)	 x12:0x8002cc60 x26:0x0000001c PA:0x8002ccc8 store:0x0000001c load:0x00000000
       52755000	      5176	80000eca	07b62623	sw	x27,108(x12)	 x12:0x8002cc60 x27:0x00000000 PA:0x8002cccc store:0x00000000 load:0x00000000
       52765000	      5177	80000ece	07c62823	sw	x28,112(x12)	 x12:0x8002cc60 x28:0x8001cc4e PA:0x8002ccd0 store:0x8001cc4e load:0x00000000
       52775000	      5178	80000ed2	07d62a23	sw	x29,116(x12)	 x12:0x8002cc60 x29:0x0000000b PA:0x8002ccd4 store:0x0000000b load:0x00000000
       52785000	      5179	80000ed6	07e62c23	sw	x30,120(x12)	 x12:0x8002cc60 x30:0xfffffabe PA:0x8002ccd8 store:0xfffffabe load:0x00000000
       52795000	      5180	80000eda	07f62e23	sw	x31,124(x12)	 x12:0x8002cc60 x31:0xfffffff0 PA:0x8002ccdc store:0xfffffff0 load:0x00000000
       52805000	      5181	80000ede	00060733	add	x14,x12,x0	 x12:0x8002cc60  x0:0x00000000 x14=0x8002cc60
       52815000	      5182	80000ee2	90000a37	lui	x20,0x90000	 x20=0x90000000
       52825000	      5183	80000ee6	1a71	c.addi	x20,-4	 x20:0x90000000 x20=0x8ffffffc
       52835000	      5184	80000ee8	4319	c.li	x6,6	  x6=0x00000006
       52845000	      5185	80000eea	0322	c.slli	x6,0x8	  x6:0x00000006  x6=0x00000600
       52855000	      5186	80000eec	00030313	addi	x6,x6,0	  x6:0x00000600  x6=0x00000600
       52865000	      5187	80000ef0	006a2023	sw	x6,0(x20)	 x20:0x8ffffffc  x6:0x00000600 PA:0x8ffffffc store:0x00000600 load:0x00000000
       52875000	      5188	80000ef4	34202373	csrrs	x6,mcause,x0	  x0:0x00000000  x6=0x8000000b
       52885000	      5189	80000ef8	01f35313	srli	x6,x6,0x1f	  x6:0x8000000b  x6=0x00000001
       52895000	      5190	80000efc	06030863	beq	x6,x0,80000f6c	  x6:0x00000001  x0:0x00000000
       52905000	      5191	80000f00	90000a37	lui	x20,0x90000	 x20=0x90000000
       52915000	      5192	80000f04	1a71	c.addi	x20,-4	 x20:0x90000000 x20=0x8ffffffc
       52925000	      5193	80000f06	30000313	addi	x6,x0,768	  x0:0x00000000  x6=0x00000300
       52935000	      5194	80000f0a	0322	c.slli	x6,0x8	  x6:0x00000300  x6=0x00030000
       52945000	      5195	80000f0c	030d	c.addi	x6,3	  x6:0x00030000  x6=0x00030003
       52955000	      5196	80000f0e	006a2023	sw	x6,0(x20)	 x20:0x8ffffffc  x6:0x00030003 PA:0x8ffffffc store:0x00030003 load:0x00000000
       52965000	      5197	80000f12	30002373	csrrs	x6,mstatus,x0	  x0:0x00000000  x6=0x00000080
       52975000	      5198	80000f16	006a2023	sw	x6,0(x20)	 x20:0x8ffffffc  x6:0x00000080 PA:0x8ffffffc store:0x00000080 load:0x00000000
       52985000	      5199	80000f1a	90000a37	lui	x20,0x90000	 x20=0x90000000
       52995000	      5200	80000f1e	1a71	c.addi	x20,-4	 x20:0x90000000 x20=0x8ffffffc
       53005000	      5201	80000f20	34200313	addi	x6,x0,834	  x0:0x00000000  x6=0x00000342
       53015000	      5202	80000f24	0322	c.slli	x6,0x8	  x6:0x00000342  x6=0x00034200
       53025000	      5203	80000f26	030d	c.addi	x6,3	  x6:0x00034200  x6=0x00034203
       53035000	      5204	80000f28	006a2023	sw	x6,0(x20)	 x20:0x8ffffffc  x6:0x00034203 PA:0x8ffffffc store:0x00034203 load:0x00000000
       53045000	      5205	80000f2c	34202373	csrrs	x6,mcause,x0	  x0:0x00000000  x6=0x8000000b
       53055000	      5206	80000f30	006a2023	sw	x6,0(x20)	 x20:0x8ffffffc  x6:0x8000000b PA:0x8ffffffc store:0x8000000b load:0x00000000
       53065000	      5207	80000f34	90000a37	lui	x20,0x90000	 x20=0x90000000
       53075000	      5208	80000f38	1a71	c.addi	x20,-4	 x20:0x90000000 x20=0x8ffffffc
       53085000	      5209	80000f3a	30400313	addi	x6,x0,772	  x0:0x00000000  x6=0x00000304
       53095000	      5210	80000f3e	0322	c.slli	x6,0x8	  x6:0x00000304  x6=0x00030400
       53105000	      5211	80000f40	030d	c.addi	x6,3	  x6:0x00030400  x6=0x00030403
       53115000	      5212	80000f42	006a2023	sw	x6,0(x20)	 x20:0x8ffffffc  x6:0x00030403 PA:0x8ffffffc store:0x00030403 load:0x00000000
       53125000	      5213	80000f46	30402373	csrrs	x6,mie,x0	  x0:0x00000000  x6=0x53ac0888
       53135000	      5214	80000f4a	006a2023	sw	x6,0(x20)	 x20:0x8ffffffc  x6:0x53ac0888 PA:0x8ffffffc store:0x53ac0888 load:0x00000000
       53145000	      5215	80000f4e	90000a37	lui	x20,0x90000	 x20=0x90000000
       53155000	      5216	80000f52	1a71	c.addi	x20,-4	 x20:0x90000000 x20=0x8ffffffc
       53165000	      5217	80000f54	34400313	addi	x6,x0,836	  x0:0x00000000  x6=0x00000344
       53175000	      5218	80000f58	0322	c.slli	x6,0x8	  x6:0x00000344  x6=0x00034400
       53185000	      5219	80000f5a	030d	c.addi	x6,3	  x6:0x00034400  x6=0x00034403
       53195000	      5220	80000f5c	006a2023	sw	x6,0(x20)	 x20:0x8ffffffc  x6:0x00034403 PA:0x8ffffffc store:0x00034403 load:0x00000000
       53205000	      5221	80000f60	34402373	csrrs	x6,mip,x0	  x0:0x00000000  x6=0x00000000
       53215000	      5222	80000f64	006a2023	sw	x6,0(x20)	 x20:0x8ffffffc  x6:0x00000000 PA:0x8ffffffc store:0x00000000 load:0x00000000
       53225000	      5223	80000f68	10d1106f	jal	x0,80012874	  x0=0x00000000
       53245000	      5225	80012874	30002373	csrrs	x6,mstatus,x0	  x0:0x00000000  x6=0x00000080
       53255000	      5226	80012878	30402373	csrrs	x6,mie,x0	  x0:0x00000000  x6=0x53ac0888
       53265000	      5227	8001287c	34402373	csrrs	x6,mip,x0	  x0:0x00000000  x6=0x00000000
       53275000	      5228	80012880	34433373	csrrc	x6,mip,x6	  x6:0x00000000  x6=0x00000000
       53305000	      5231	80012884	90000a37	lui	x20,0x90000	 x20=0x90000000
       53315000	      5232	80012888	1a71	c.addi	x20,-4	 x20:0x90000000 x20=0x8ffffffc
       53325000	      5233	8001288a	431d	c.li	x6,7	  x6=0x00000007
       53335000	      5234	8001288c	0322	c.slli	x6,0x8	  x6:0x00000007  x6=0x00000700
       53345000	      5235	8001288e	00030313	addi	x6,x6,0	  x6:0x00000700  x6=0x00000700
       53355000	      5236	80012892	006a2023	sw	x6,0(x20)	 x20:0x8ffffffc  x6:0x00000700 PA:0x8ffffffc store:0x00000700 load:0x00000000
       53365000	      5237	80012896	00070633	add	x12,x14,x0	 x14:0x8002cc60  x0:0x00000000 x12=0x8002cc60
       53375000	      5238	8001289a	00462083	lw	x1,4(x12)	 x12:0x8002cc60  x1=0x00000076 PA:0x8002cc64 load:0x00000076
       53385000	      5239	8001289e	00862103	lw	x2,8(x12)	 x12:0x8002cc60  x2=0xf5e39895 PA:0x8002cc68 load:0xf5e39895
       53395000	      5240	800128a2	00c62183	lw	x3,12(x12)	 x12:0x8002cc60  x3=0x000000fc PA:0x8002cc6c load:0x000000fc
       53405000	      5241	800128a6	01062203	lw	x4,16(x12)	 x12:0x8002cc60  x4=0xa4e73fb1 PA:0x8002cc70 load:0xa4e73fb1
       53415000	      5242	800128aa	01462283	lw	x5,20(x12)	 x12:0x8002cc60  x5=0xffffffbe PA:0x8002cc74 load:0xffffffbe
       53425000	      5243	800128ae	01862303	lw	x6,24(x12)	 x12:0x8002cc60  x6=0x00000005 PA:0x8002cc78 load:0x00000005
       53435000	      5244	800128b2	01c62383	lw	x7,28(x12)	 x12:0x8002cc60  x7=0xffffffd3 PA:0x8002cc7c load:0xffffffd3
       53445000	      5245	800128b6	5200	c.lw	x8,32(x12)	 x12:0x8002cc60  x8=0xffffffab PA:0x8002cc80 load:0xffffffab
       53455000	      5246	800128b8	5244	c.lw	x9,36(x12)	 x12:0x8002cc60  x9=0xe8e9e511 PA:0x8002cc84 load:0xe8e9e511
       53465000	      5247	800128ba	5608	c.lw	x10,40(x12)	 x12:0x8002cc60 x10=0xffffff9a PA:0x8002cc88 load:0xffffff9a
       53475000	      5248	800128bc	564c	c.lw	x11,44(x12)	 x12:0x8002cc60 x11=0x00000000 PA:0x8002cc8c load:0x00000000
       53485000	      5249	800128be	5a10	c.lw	x12,48(x12)	 x12:0x8002cc60 x12=0x8002cc60 PA:0x8002cc90 load:0x8002cc60
       53505000	      5251	800128c0	5a54	c.lw	x13,52(x12)	 x12:0x8002cc60 x13=0x000724a8 PA:0x8002cc94 load:0x000724a8
       53515000	      5252	800128c2	5e18	c.lw	x14,56(x12)	 x12:0x8002cc60 x14=0x8002cce0 PA:0x8002cc98 load:0x8002cce0
       53525000	      5253	800128c4	5e5c	c.lw	x15,60(x12)	 x12:0x8002cc60 x15=0x00000042 PA:0x8002cc9c load:0x00000042
       53535000	      5254	800128c6	04062803	lw	x16,64(x12)	 x12:0x8002cc60 x16=0xffffe4e5 PA:0x8002cca0 load:0xffffe4e5
       53545000	      5255	800128ca	04462883	lw	x17,68(x12)	 x12:0x8002cc60 x17=0x00000076 PA:0x8002cca4 load:0x00000076
       53555000	      5256	800128ce	04862903	lw	x18,72(x12)	 x12:0x8002cc60 x18=0x00000085 PA:0x8002cca8 load:0x00000085
       53565000	      5257	800128d2	04c62983	lw	x19,76(x12)	 x12:0x8002cc60 x19=0x80020c78 PA:0x8002ccac load:0x80020c78
       53575000	      5258	800128d6	05062a03	lw	x20,80(x12)	 x12:0x8002cc60 x20=0xffffffca PA:0x8002ccb0 load:0xffffffca
       53585000	      5259	800128da	05462a83	lw	x21,84(x12)	 x12:0x8002cc60 x21=0xe8e9eaeb PA:0x8002ccb4 load:0xe8e9eaeb
       53595000	      5260	800128de	05862b03	lw	x22,88(x12)	 x12:0x8002cc60 x22=0x00000000 PA:0x8002ccb8 load:0x00000000
       53605000	      5261	800128e2	05c62b83	lw	x23,92(x12)	 x12:0x8002cc60 x23=0x00000000 PA:0x8002ccbc load:0x00000000
       53615000	      5262	800128e6	06062c03	lw	x24,96(x12)	 x12:0x8002cc60 x24=0x00000000 PA:0x8002ccc0 load:0x00000000
       53625000	      5263	800128ea	06462c83	lw	x25,100(x12)	 x12:0x8002cc60 x25=0xfffffbbf PA:0x8002ccc4 load:0xfffffbbf
       53635000	      5264	800128ee	06862d03	lw	x26,104(x12)	 x12:0x8002cc60 x26=0x0000001c PA:0x8002ccc8 load:0x0000001c
       53645000	      5265	800128f2	06c62d83	lw	x27,108(x12)	 x12:0x8002cc60 x27=0x00000000 PA:0x8002cccc load:0x00000000
       53655000	      5266	800128f6	07062e03	lw	x28,112(x12)	 x12:0x8002cc60 x28=0x8001cc4e PA:0x8002ccd0 load:0x8001cc4e
       53665000	      5267	800128fa	07462e83	lw	x29,116(x12)	 x12:0x8002cc60 x29=0x0000000b PA:0x8002ccd4 load:0x0000000b
       53675000	      5268	800128fe	07862f03	lw	x30,120(x12)	 x12:0x8002cc60 x30=0xfffffabe PA:0x8002ccd8 load:0xfffffabe
       53685000	      5269	80012902	07c62f83	lw	x31,124(x12)	 x12:0x8002cc60 x31=0xfffffff0 PA:0x8002ccdc load:0xfffffff0
       53695000	      5270	80012906	08060613	addi	x12,x12,128	 x12:0x8002cc60 x12=0x8002cce0
       53705000	      5271	8001290a	00060733	add	x14,x12,x0	 x12:0x8002cce0  x0:0x00000000 x14=0x8002cce0
       53715000	      5272	8001290e	4310	c.lw	x12,0(x14)	 x14:0x8002cce0 x12=0x80028e20 PA:0x8002cce0 load:0x80028e20
       53725000	      5273	80012910	0711	c.addi	x14,4	 x14:0x8002cce0 x14=0x8002cce4
       53735000	      5274	80012912	30200073	mret	
       53765000	      5277	8000a4bc	033e4b83	lbu	x23,51(x28)	 x28:0x8001cc4e x23=0x0000003a PA:0x8001cc81 load:0x0000003a
       53775000	      5278	8000a4c0	4107d393	srai	x7,x15,0x10	 x15:0x00000042  x7=0x00000000
       53785000	      5279	8000a4c4	027e0d23	sb	x7,58(x28)	 x28:0x8001cc4e  x7:0x00000000 PA:0x8001cc88 store:0x00000000 load:0x00000000
       53795000	      5280	8000a4c8	40a5d393	srai	x7,x11,0xa	 x11:0x00000000  x7=0x00000000
       53805000	      5281	8000a4cc	01b7f3b3	and	x7,x15,x27	 x15:0x00000042 x27:0x00000000  x7=0x00000000
       53815000	      5282	8000a4d0	6327c393	xori	x7,x15,1586	 x15:0x00000042  x7=0x00000670
       53825000	      5283	8000a4d4	415a83b3	sub	x7,x21,x21	 x21:0xe8e9eaeb x21:0xe8e9eaeb  x7=0x00000000
       53835000	      5284	8000a4d8	0bd2	c.slli	x23,0x14	 x23:0x0000003a x23=0x03a00000
       53845000	      5285	8000a4da	8fed	c.and	x15,x11	 x15:0x00000042 x11:0x00000000 x15=0x00000000
       53855000	      5286	8000a4dc	007b9ab3	sll	x21,x23,x7	 x23:0x03a00000  x7:0x00000000 x21=0x03a00000
       53865000	      5287	8000a4e0	018e5a83	lhu	x21,24(x28)	 x28:0x8001cc4e x21=0x00001c1d PA:0x8001cc66 load:0x00001c1d
       53885000	      5289	8000a4e4	ff5e0ea3	sb	x21,-3(x28)	 x28:0x8001cc4e x21:0x00001c1d PA:0x8001cc4b store:0x00001c1d load:0x00000000
       53895000	      5290	8000a4e8	00fbb5b3	sltu	x11,x23,x15	 x23:0x03a00000 x15:0x00000000 x11=0x00000000
       53905000	      5291	8000a4ec	fe5e4583	lbu	x11,-27(x28)	 x28:0x8001cc4e x11=0x000000e8 PA:0x8001cc33 load:0x000000e8
       53915000	      5292	8000a4f0	006000ef	jal	x1,8000a4f6	  x1=0x8000a4f4
       53945000	      5295	8000a4f6	00c000ef	jal	x1,8000a502	  x1=0x8000a4fa
       53965000	      5297	8000a502	a011	c.j	8000a506	
       53995000	      5300	8000a506	00a0026f	jal	x4,8000a510	  x4=0x8000a50a
       54015000	      5302	8000a510	008000ef	jal	x1,8000a518	  x1=0x8000a514
       54035000	      5304	8000a518	bff1	c.j	8000a4f4	
       54055000	      5306	8000a4f4	2829	c.jal	8000a50e	  x1=0x8000a4f6
       54075000	      5308	8000a50e	3ffd	c.jal	8000a50c	  x1=0x8000a510
       54095000	      5310	8000a50c	bfd5	c.j	8000a500	
       54115000	      5312	8000a500	3fed	c.jal	8000a4fa	  x1=0x8000a502
       54135000	      5314	8000a4fa	a831	c.j	8000a516	
       54155000	      5316	8000a516	b7e5	c.j	8000a4fe	
       54175000	      5318	8000a4fe	2019	c.jal	8000a504	  x1=0x8000a500
       54195000	      5320	8000a504	bfe5	c.j	8000a4fc	
       54215000	      5322	8000a4fc	a821	c.j	8000a514	
       54235000	      5324	8000a514	3fdd	c.jal	8000a50a	  x1=0x8000a516
       54255000	      5326	8000a50a	a801	c.j	8000a51a	
       54275000	      5328	8000a51a	8be9	c.andi	x15,26	 x15:0x00000000 x15=0x00000000
       54285000	      5329	8000a51c	00015e97	auipc	x29,0x15	 x29=0x8001f51c
       54295000	      5330	8000a520	5f1e8e93	addi	x29,x29,1521	 x29:0x8001f51c x29=0x8001fb0d
       54305000	      5331	8000a524	00013f97	auipc	x31,0x13	 x31=0x8001d524
       54315000	      5332	8000a528	28cf8f93	addi	x31,x31,652	 x31:0x8001d524 x31=0x8001d7b0
       54325000	      5333	8000a52c	00015c17	auipc	x24,0x15	 x24=0x8001f52c
       54335000	      5334	8000a530	80dc0c13	addi	x24,x24,-2035	 x24:0x8001f52c x24=0x8001ed39
       54345000	      5335	8000a534	02ffc203	lbu	x4,47(x31)	 x31:0x8001d7b0  x4=0x00000094 PA:0x8001d7df load:0x00000094
       54355000	      5336	8000a538	fe4fd503	lhu	x10,-28(x31)	 x31:0x8001d7b0 x10=0x00004e4f PA:0x8001d794 load:0x00004e4f
       54365000	      5337	8000a53c	011c5803	lhu	x16,17(x24)	 x24:0x8001ed39 x16=0x00000001 PA:0x8001ed4a load:0x00000001
       54375000	      5338	8000a540	5bfe8c83	lb	x25,1471(x29)	 x29:0x8001fb0d x25=0xffffff87 PA:0x800200cc load:0xffffff87
       54385000	      5339	8000a544	027c1083	lh	x1,39(x24)	 x24:0x8001ed39  x1=0x00001a1b PA:0x8001ed60 load:0x00001a1b
       54395000	      5340	8000a548	f24ec983	lbu	x19,-220(x29)	 x29:0x8001fb0d x19=0x000000ea PA:0x8001fa31 load:0x000000ea
       54405000	      5341	8000a54c	726ecf03	lbu	x30,1830(x29)	 x29:0x8001fb0d x30=0x000000e8 PA:0x80020233 load:0x000000e8
       54415000	      5342	8000a550	ffdfc483	lbu	x9,-3(x31)	 x31:0x8001d7b0  x9=0x00000066 PA:0x8001d7ad load:0x00000066
       54425000	      5343	8000a554	13de9303	lh	x6,317(x29)	 x29:0x8001fb0d  x6=0x00000001 PA:0x8001fc4a load:0x00000001
       54435000	      5344	8000a558	fdfc1803	lh	x16,-33(x24)	 x24:0x8001ed39 x16=0xffffd2d3 PA:0x8001ed18 load:0xffffd2d3
       54445000	      5345	8000a55c	597e89a3	sb	x23,1427(x29)	 x29:0x8001fb0d x23:0x03a00000 PA:0x800200a0 store:0x03a00000 load:0x00000000
       54455000	      5346	8000a560	fd3fc003	lbu	x0,-45(x31)	 x31:0x8001d7b0  x0=0x00000000 PA:0x8001d783 load:0x00000038
       54465000	      5347	8000a564	01cc06a3	sb	x28,13(x24)	 x24:0x8001ed39 x28:0x8001cc4e PA:0x8001ed46 store:0x8001cc4e load:0x00000000
       54475000	      5348	8000a568	580e8683	lb	x13,1408(x29)	 x29:0x8001fb0d x13=0x00000046 PA:0x8002008d load:0x00000046
       54485000	      5349	8000a56c	feec4783	lbu	x15,-18(x24)	 x24:0x8001ed39 x15=0x000000dc PA:0x8001ed27 load:0x000000dc
       54495000	      5350	8000a570	369ec983	lbu	x19,873(x29)	 x29:0x8001fb0d x19=0x0000002d PA:0x8001fe76 load:0x0000002d
       54505000	      5351	8000a574	01cf8203	lb	x4,28(x31)	 x31:0x8001d7b0  x4=0xffffff87 PA:0x8001d7cc load:0xffffff87
       54515000	      5352	8000a578	fcfc0323	sb	x15,-58(x24)	 x24:0x8001ed39 x15:0x000000dc PA:0x8001ecff store:0x000000dc load:0x00000000
       54525000	      5353	8000a57c	006000ef	jal	x1,8000a582	  x1=0x8000a580
       54545000	      5355	8000a582	2811	c.jal	8000a596	  x1=0x8000a584
       54565000	      5357	8000a596	bfed	c.j	8000a590	
       54585000	      5359	8000a590	008003ef	jal	x7,8000a598	  x7=0x8000a594
       54605000	      5361	8000a598	bff5	c.j	8000a594	
       54625000	      5363	8000a594	3fc5	c.jal	8000a584	  x1=0x8000a596
       54645000	      5365	8000a584	00a000ef	jal	x1,8000a58e	  x1=0x8000a588
       54665000	      5367	8000a58e	3fcd	c.jal	8000a580	  x1=0x8000a590
       54685000	      5369	8000a580	2029	c.jal	8000a58a	  x1=0x8000a582
       54715000	      5372	8000a58a	01000d6f	jal	x26,8000a59a	 x26=0x8000a58e
       54735000	      5374	8000a59a	37fd	c.jal	8000a588	  x1=0x8000a59c
       54755000	      5376	8000a588	a811	c.j	8000a59c	
       54775000	      5378	8000a59c	8ba1	c.andi	x15,8	 x15:0x000000dc x15=0x00000008
       54785000	      5379	8000a59e	0000ad17	auipc	x26,0xa	 x26=0x8001459e
       54795000	      5380	8000a5a2	a79d0d13	addi	x26,x26,-1415	 x26:0x8001459e x26=0x80014017
       54805000	      5381	8000a5a6	d4ed4803	lbu	x16,-690(x26)	 x26:0x80014017 x16=0x0000001e PA:0x80013d65 load:0x0000001e
       54815000	      5382	8000a5aa	d6bd1503	lh	x10,-661(x26)	 x26:0x80014017 x10=0x00003839 PA:0x80013d82 load:0x00003839
       54825000	      5383	8000a5ae	cf2d4503	lbu	x10,-782(x26)	 x26:0x80014017 x10=0x000000c2 PA:0x80013d09 load:0x000000c2
       54845000	      5385	8000a5b2	db253f13	sltiu	x30,x10,-590	 x10:0x000000c2 x30=0x00000001
       54855000	      5386	8000a5b6	10500073	wfi	
       55505000	      5451	8000252c	93bfe06f	jal	x0,80000e66	  x0=0x00000000
       55525000	      5453	80000e66	1771	c.addi	x14,-4	 x14:0x8002cce4 x14=0x8002cce0
       55535000	      5454	80000e68	c310	c.sw	x12,0(x14)	 x14:0x8002cce0 x12:0x80028e20 PA:0x8002cce0 store:0x80028e20 load:0x00000000
       55545000	      5455	80000e6a	00070633	add	x12,x14,x0	 x14:0x8002cce0  x0:0x00000000 x12=0x8002cce0
       55555000	      5456	80000e6e	f8060613	addi	x12,x12,-128	 x12:0x8002cce0 x12=0x8002cc60
       55565000	      5457	80000e72	00162223	sw	x1,4(x12)	 x12:0x8002cc60  x1:0x8000a59c PA:0x8002cc64 store:0x8000a59c load:0x00000000
       55575000	      5458	80000e76	00262423	sw	x2,8(x12)	 x12:0x8002cc60  x2:0xf5e39895 PA:0x8002cc68 store:0xf5e39895 load:0x00000000
       55585000	      5459	80000e7a	00362623	sw	x3,12(x12)	 x12:0x8002cc60  x3:0x000000fc PA:0x8002cc6c store:0x000000fc load:0x00000000
       55595000	      5460	80000e7e	00462823	sw	x4,16(x12)	 x12:0x8002cc60  x4:0xffffff87 PA:0x8002cc70 store:0xffffff87 load:0x00000000
       55605000	      5461	80000e82	00562a23	sw	x5,20(x12)	 x12:0x8002cc60  x5:0xffffffbe PA:0x8002cc74 store:0xffffffbe load:0x00000000
       55615000	      5462	80000e86	00662c23	sw	x6,24(x12)	 x12:0x8002cc60  x6:0x00000001 PA:0x8002cc78 store:0x00000001 load:0x00000000
       55625000	      5463	80000e8a	00762e23	sw	x7,28(x12)	 x12:0x8002cc60  x7:0x8000a594 PA:0x8002cc7c store:0x8000a594 load:0x00000000
       55635000	      5464	80000e8e	d200	c.sw	x8,32(x12)	 x12:0x8002cc60  x8:0xffffffab PA:0x8002cc80 store:0xffffffab load:0x00000000
       55645000	      5465	80000e90	d244	c.sw	x9,36(x12)	 x12:0x8002cc60  x9:0x00000066 PA:0x8002cc84 store:0x00000066 load:0x00000000
       55655000	      5466	80000e92	d608	c.sw	x10,40(x12)	 x12:0x8002cc60 x10:0x000000c2 PA:0x8002cc88 store:0x000000c2 load:0x00000000
       55665000	      5467	80000e94	d64c	c.sw	x11,44(x12)	 x12:0x8002cc60 x11:0x000000e8 PA:0x8002cc8c store:0x000000e8 load:0x00000000
       55675000	      5468	80000e96	da10	c.sw	x12,48(x12)	 x12:0x8002cc60 x12:0x8002cc60 PA:0x8002cc90 store:0x8002cc60 load:0x00000000
       55685000	      5469	80000e98	da54	c.sw	x13,52(x12)	 x12:0x8002cc60 x13:0x00000046 PA:0x8002cc94 store:0x00000046 load:0x00000000
       55695000	      5470	80000e9a	de18	c.sw	x14,56(x12)	 x12:0x8002cc60 x14:0x8002cce0 PA:0x8002cc98 store:0x8002cce0 load:0x00000000
       55705000	      5471	80000e9c	de5c	c.sw	x15,60(x12)	 x12:0x8002cc60 x15:0x00000008 PA:0x8002cc9c store:0x00000008 load:0x00000000
       55715000	      5472	80000e9e	05062023	sw	x16,64(x12)	 x12:0x8002cc60 x16:0x0000001e PA:0x8002cca0 store:0x0000001e load:0x00000000
       55725000	      5473	80000ea2	05162223	sw	x17,68(x12)	 x12:0x8002cc60 x17:0x00000076 PA:0x8002cca4 store:0x00000076 load:0x00000000
       55735000	      5474	80000ea6	05262423	sw	x18,72(x12)	 x12:0x8002cc60 x18:0x00000085 PA:0x8002cca8 store:0x00000085 load:0x00000000
       55745000	      5475	80000eaa	05362623	sw	x19,76(x12)	 x12:0x8002cc60 x19:0x0000002d PA:0x8002ccac store:0x0000002d load:0x00000000
       55755000	      5476	80000eae	05462823	sw	x20,80(x12)	 x12:0x8002cc60 x20:0xffffffca PA:0x8002ccb0 store:0xffffffca load:0x00000000
       55765000	      5477	80000eb2	05562a23	sw	x21,84(x12)	 x12:0x8002cc60 x21:0x00001c1d PA:0x8002ccb4 store:0x00001c1d load:0x00000000
       55775000	      5478	80000eb6	05662c23	sw	x22,88(x12)	 x12:0x8002cc60 x22:0x00000000 PA:0x8002ccb8 store:0x00000000 load:0x00000000
       55785000	      5479	80000eba	05762e23	sw	x23,92(x12)	 x12:0x8002cc60 x23:0x03a00000 PA:0x8002ccbc store:0x03a00000 load:0x00000000
       55795000	      5480	80000ebe	07862023	sw	x24,96(x12)	 x12:0x8002cc60 x24:0x8001ed39 PA:0x8002ccc0 store:0x8001ed39 load:0x00000000
       55805000	      5481	80000ec2	07962223	sw	x25,100(x12)	 x12:0x8002cc60 x25:0xffffff87 PA:0x8002ccc4 store:0xffffff87 load:0x00000000
       55815000	      5482	80000ec6	07a62423	sw	x26,104(x12)	 x12:0x8002cc60 x26:0x80014017 PA:0x8002ccc8 store:0x80014017 load:0x00000000
       55825000	      5483	80000eca	07b62623	sw	x27,108(x12)	 x12:0x8002cc60 x27:0x00000000 PA:0x8002cccc store:0x00000000 load:0x00000000
       55835000	      5484	80000ece	07c62823	sw	x28,112(x12)	 x12:0x8002cc60 x28:0x8001cc4e PA:0x8002ccd0 store:0x8001cc4e load:0x00000000
       55845000	      5485	80000ed2	07d62a23	sw	x29,116(x12)	 x12:0x8002cc60 x29:0x8001fb0d PA:0x8002ccd4 store:0x8001fb0d load:0x00000000
       55855000	      5486	80000ed6	07e62c23	sw	x30,120(x12)	 x12:0x8002cc60 x30:0x00000001 PA:0x8002ccd8 store:0x00000001 load:0x00000000
       55865000	      5487	80000eda	07f62e23	sw	x31,124(x12)	 x12:0x8002cc60 x31:0x8001d7b0 PA:0x8002ccdc store:0x8001d7b0 load:0x00000000
       55875000	      5488	80000ede	00060733	add	x14,x12,x0	 x12:0x8002cc60  x0:0x00000000 x14=0x8002cc60
       55885000	      5489	80000ee2	90000a37	lui	x20,0x90000	 x20=0x90000000
       55895000	      5490	80000ee6	1a71	c.addi	x20,-4	 x20:0x90000000 x20=0x8ffffffc
       55905000	      5491	80000ee8	4319	c.li	x6,6	  x6=0x00000006
       55915000	      5492	80000eea	0322	c.slli	x6,0x8	  x6:0x00000006  x6=0x00000600
       55925000	      5493	80000eec	00030313	addi	x6,x6,0	  x6:0x00000600  x6=0x00000600
       55935000	      5494	80000ef0	006a2023	sw	x6,0(x20)	 x20:0x8ffffffc  x6:0x00000600 PA:0x8ffffffc store:0x00000600 load:0x00000000
       55945000	      5495	80000ef4	34202373	csrrs	x6,mcause,x0	  x0:0x00000000  x6=0x8000000b
       55955000	      5496	80000ef8	01f35313	srli	x6,x6,0x1f	  x6:0x8000000b  x6=0x00000001
       55965000	      5497	80000efc	06030863	beq	x6,x0,80000f6c	  x6:0x00000001  x0:0x00000000
       55975000	      5498	80000f00	90000a37	lui	x20,0x90000	 x20=0x90000000
       55985000	      5499	80000f04	1a71	c.addi	x20,-4	 x20:0x90000000 x20=0x8ffffffc
       55995000	      5500	80000f06	30000313	addi	x6,x0,768	  x0:0x00000000  x6=0x00000300
       56005000	      5501	80000f0a	0322	c.slli	x6,0x8	  x6:0x00000300  x6=0x00030000
       56015000	      5502	80000f0c	030d	c.addi	x6,3	  x6:0x00030000  x6=0x00030003
       56025000	      5503	80000f0e	006a2023	sw	x6,0(x20)	 x20:0x8ffffffc  x6:0x00030003 PA:0x8ffffffc store:0x00030003 load:0x00000000
       56035000	      5504	80000f12	30002373	csrrs	x6,mstatus,x0	  x0:0x00000000  x6=0x00000080
       56045000	      5505	80000f16	006a2023	sw	x6,0(x20)	 x20:0x8ffffffc  x6:0x00000080 PA:0x8ffffffc store:0x00000080 load:0x00000000
       56055000	      5506	80000f1a	90000a37	lui	x20,0x90000	 x20=0x90000000
       56065000	      5507	80000f1e	1a71	c.addi	x20,-4	 x20:0x90000000 x20=0x8ffffffc
       56075000	      5508	80000f20	34200313	addi	x6,x0,834	  x0:0x00000000  x6=0x00000342
       56085000	      5509	80000f24	0322	c.slli	x6,0x8	  x6:0x00000342  x6=0x00034200
       56095000	      5510	80000f26	030d	c.addi	x6,3	  x6:0x00034200  x6=0x00034203
       56105000	      5511	80000f28	006a2023	sw	x6,0(x20)	 x20:0x8ffffffc  x6:0x00034203 PA:0x8ffffffc store:0x00034203 load:0x00000000
       56115000	      5512	80000f2c	34202373	csrrs	x6,mcause,x0	  x0:0x00000000  x6=0x8000000b
       56125000	      5513	80000f30	006a2023	sw	x6,0(x20)	 x20:0x8ffffffc  x6:0x8000000b PA:0x8ffffffc store:0x8000000b load:0x00000000
       56135000	      5514	80000f34	90000a37	lui	x20,0x90000	 x20=0x90000000
       56145000	      5515	80000f38	1a71	c.addi	x20,-4	 x20:0x90000000 x20=0x8ffffffc
       56155000	      5516	80000f3a	30400313	addi	x6,x0,772	  x0:0x00000000  x6=0x00000304
       56165000	      5517	80000f3e	0322	c.slli	x6,0x8	  x6:0x00000304  x6=0x00030400
       56175000	      5518	80000f40	030d	c.addi	x6,3	  x6:0x00030400  x6=0x00030403
       56185000	      5519	80000f42	006a2023	sw	x6,0(x20)	 x20:0x8ffffffc  x6:0x00030403 PA:0x8ffffffc store:0x00030403 load:0x00000000
       56195000	      5520	80000f46	30402373	csrrs	x6,mie,x0	  x0:0x00000000  x6=0x53ac0888
       56205000	      5521	80000f4a	006a2023	sw	x6,0(x20)	 x20:0x8ffffffc  x6:0x53ac0888 PA:0x8ffffffc store:0x53ac0888 load:0x00000000
       56215000	      5522	80000f4e	90000a37	lui	x20,0x90000	 x20=0x90000000
       56225000	      5523	80000f52	1a71	c.addi	x20,-4	 x20:0x90000000 x20=0x8ffffffc
       56235000	      5524	80000f54	34400313	addi	x6,x0,836	  x0:0x00000000  x6=0x00000344
       56245000	      5525	80000f58	0322	c.slli	x6,0x8	  x6:0x00000344  x6=0x00034400
       56255000	      5526	80000f5a	030d	c.addi	x6,3	  x6:0x00034400  x6=0x00034403
       56265000	      5527	80000f5c	006a2023	sw	x6,0(x20)	 x20:0x8ffffffc  x6:0x00034403 PA:0x8ffffffc store:0x00034403 load:0x00000000
       56275000	      5528	80000f60	34402373	csrrs	x6,mip,x0	  x0:0x00000000  x6=0x00000000
       56285000	      5529	80000f64	006a2023	sw	x6,0(x20)	 x20:0x8ffffffc  x6:0x00000000 PA:0x8ffffffc store:0x00000000 load:0x00000000
       56295000	      5530	80000f68	10d1106f	jal	x0,80012874	  x0=0x00000000
       56315000	      5532	80012874	30002373	csrrs	x6,mstatus,x0	  x0:0x00000000  x6=0x00000080
       56325000	      5533	80012878	30402373	csrrs	x6,mie,x0	  x0:0x00000000  x6=0x53ac0888
       56335000	      5534	8001287c	34402373	csrrs	x6,mip,x0	  x0:0x00000000  x6=0x00000000
       56345000	      5535	80012880	34433373	csrrc	x6,mip,x6	  x6:0x00000000  x6=0x00000000
       56375000	      5538	80012884	90000a37	lui	x20,0x90000	 x20=0x90000000
       56385000	      5539	80012888	1a71	c.addi	x20,-4	 x20:0x90000000 x20=0x8ffffffc
       56395000	      5540	8001288a	431d	c.li	x6,7	  x6=0x00000007
       56405000	      5541	8001288c	0322	c.slli	x6,0x8	  x6:0x00000007  x6=0x00000700
       56415000	      5542	8001288e	00030313	addi	x6,x6,0	  x6:0x00000700  x6=0x00000700
       56425000	      5543	80012892	006a2023	sw	x6,0(x20)	 x20:0x8ffffffc  x6:0x00000700 PA:0x8ffffffc store:0x00000700 load:0x00000000
       56435000	      5544	80012896	00070633	add	x12,x14,x0	 x14:0x8002cc60  x0:0x00000000 x12=0x8002cc60
       56445000	      5545	8001289a	00462083	lw	x1,4(x12)	 x12:0x8002cc60  x1=0x8000a59c PA:0x8002cc64 load:0x8000a59c
       56455000	      5546	8001289e	00862103	lw	x2,8(x12)	 x12:0x8002cc60  x2=0xf5e39895 PA:0x8002cc68 load:0xf5e39895
       56465000	      5547	800128a2	00c62183	lw	x3,12(x12)	 x12:0x8002cc60  x3=0x000000fc PA:0x8002cc6c load:0x000000fc
       56475000	      5548	800128a6	01062203	lw	x4,16(x12)	 x12:0x8002cc60  x4=0xffffff87 PA:0x8002cc70 load:0xffffff87
       56485000	      5549	800128aa	01462283	lw	x5,20(x12)	 x12:0x8002cc60  x5=0xffffffbe PA:0x8002cc74 load:0xffffffbe
       56495000	      5550	800128ae	01862303	lw	x6,24(x12)	 x12:0x8002cc60  x6=0x00000001 PA:0x8002cc78 load:0x00000001
       56505000	      5551	800128b2	01c62383	lw	x7,28(x12)	 x12:0x8002cc60  x7=0x8000a594 PA:0x8002cc7c load:0x8000a594
       56515000	      5552	800128b6	5200	c.lw	x8,32(x12)	 x12:0x8002cc60  x8=0xffffffab PA:0x8002cc80 load:0xffffffab
       56525000	      5553	800128b8	5244	c.lw	x9,36(x12)	 x12:0x8002cc60  x9=0x00000066 PA:0x8002cc84 load:0x00000066
       56535000	      5554	800128ba	5608	c.lw	x10,40(x12)	 x12:0x8002cc60 x10=0x000000c2 PA:0x8002cc88 load:0x000000c2
       56545000	      5555	800128bc	564c	c.lw	x11,44(x12)	 x12:0x8002cc60 x11=0x000000e8 PA:0x8002cc8c load:0x000000e8
       56555000	      5556	800128be	5a10	c.lw	x12,48(x12)	 x12:0x8002cc60 x12=0x8002cc60 PA:0x8002cc90 load:0x8002cc60
       56575000	      5558	800128c0	5a54	c.lw	x13,52(x12)	 x12:0x8002cc60 x13=0x00000046 PA:0x8002cc94 load:0x00000046
       56585000	      5559	800128c2	5e18	c.lw	x14,56(x12)	 x12:0x8002cc60 x14=0x8002cce0 PA:0x8002cc98 load:0x8002cce0
       56595000	      5560	800128c4	5e5c	c.lw	x15,60(x12)	 x12:0x8002cc60 x15=0x00000008 PA:0x8002cc9c load:0x00000008
       56605000	      5561	800128c6	04062803	lw	x16,64(x12)	 x12:0x8002cc60 x16=0x0000001e PA:0x8002cca0 load:0x0000001e
       56615000	      5562	800128ca	04462883	lw	x17,68(x12)	 x12:0x8002cc60 x17=0x00000076 PA:0x8002cca4 load:0x00000076
       56625000	      5563	800128ce	04862903	lw	x18,72(x12)	 x12:0x8002cc60 x18=0x00000085 PA:0x8002cca8 load:0x00000085
       56635000	      5564	800128d2	04c62983	lw	x19,76(x12)	 x12:0x8002cc60 x19=0x0000002d PA:0x8002ccac load:0x0000002d
       56645000	      5565	800128d6	05062a03	lw	x20,80(x12)	 x12:0x8002cc60 x20=0xffffffca PA:0x8002ccb0 load:0xffffffca
       56655000	      5566	800128da	05462a83	lw	x21,84(x12)	 x12:0x8002cc60 x21=0x00001c1d PA:0x8002ccb4 load:0x00001c1d
       56665000	      5567	800128de	05862b03	lw	x22,88(x12)	 x12:0x8002cc60 x22=0x00000000 PA:0x8002ccb8 load:0x00000000
       56675000	      5568	800128e2	05c62b83	lw	x23,92(x12)	 x12:0x8002cc60 x23=0x03a00000 PA:0x8002ccbc load:0x03a00000
       56685000	      5569	800128e6	06062c03	lw	x24,96(x12)	 x12:0x8002cc60 x24=0x8001ed39 PA:0x8002ccc0 load:0x8001ed39
       56695000	      5570	800128ea	06462c83	lw	x25,100(x12)	 x12:0x8002cc60 x25=0xffffff87 PA:0x8002ccc4 load:0xffffff87
       56705000	      5571	800128ee	06862d03	lw	x26,104(x12)	 x12:0x8002cc60 x26=0x80014017 PA:0x8002ccc8 load:0x80014017
       56715000	      5572	800128f2	06c62d83	lw	x27,108(x12)	 x12:0x8002cc60 x27=0x00000000 PA:0x8002cccc load:0x00000000
       56725000	      5573	800128f6	07062e03	lw	x28,112(x12)	 x12:0x8002cc60 x28=0x8001cc4e PA:0x8002ccd0 load:0x8001cc4e
       56735000	      5574	800128fa	07462e83	lw	x29,116(x12)	 x12:0x8002cc60 x29=0x8001fb0d PA:0x8002ccd4 load:0x8001fb0d
       56745000	      5575	800128fe	07862f03	lw	x30,120(x12)	 x12:0x8002cc60 x30=0x00000001 PA:0x8002ccd8 load:0x00000001
       56755000	      5576	80012902	07c62f83	lw	x31,124(x12)	 x12:0x8002cc60 x31=0x8001d7b0 PA:0x8002ccdc load:0x8001d7b0
       56765000	      5577	80012906	08060613	addi	x12,x12,128	 x12:0x8002cc60 x12=0x8002cce0
       56775000	      5578	8001290a	00060733	add	x14,x12,x0	 x12:0x8002cce0  x0:0x00000000 x14=0x8002cce0
       56785000	      5579	8001290e	4310	c.lw	x12,0(x14)	 x14:0x8002cce0 x12=0x80028e20 PA:0x8002cce0 load:0x80028e20
       56795000	      5580	80012910	0711	c.addi	x14,4	 x14:0x8002cce0 x14=0x8002cce4
       56805000	      5581	80012912	30200073	mret	
       57205000	      5621	8000a5ba	03ce6533	rem	x10,x28,x28	 x28:0x8001cc4e x28:0x8001cc4e x10=0x00000000
       57215000	      5622	8000a5be	ec8d0f03	lb	x30,-312(x26)	 x26:0x80014017 x30=0xffffff94 PA:0x80013edf load:0xffffff94
       57225000	      5623	8000a5c2	8c29	c.xor	x8,x10	  x8:0xffffffab x10:0x00000000  x8=0xffffffab
       57235000	      5624	8000a5c4	0001	c.addi	x0,0	  x0:0x00000000  x0=0x00000000
       57245000	      5625	8000a5c6	d4bd0e03	lb	x28,-693(x26)	 x26:0x80014017 x28=0x00000019 PA:0x80013d62 load:0x00000019
       57615000	      5662	8000a5ca	03e86533	rem	x10,x16,x30	 x16:0x0000001e x30:0xffffff94 x10=0x0000001e
       57625000	      5663	8000a5ce	daad03a3	sb	x10,-601(x26)	 x26:0x80014017 x10:0x0000001e PA:0x80013dbe store:0x0000001e load:0x00000000
       57635000	      5664	8000a5d2	01057433	and	x8,x10,x16	 x10:0x0000001e x16:0x0000001e  x8=0x0000001e
       57645000	      5665	8000a5d6	843d	c.srai	x8,0xf	  x8:0x0000001e  x8=0x00000000
       57655000	      5666	8000a5d8	badd4e03	lbu	x28,-1107(x26)	 x26:0x80014017 x28=0x0000007f PA:0x80013bc4 load:0x0000007f
       57665000	      5667	8000a5dc	c33d0803	lb	x16,-973(x26)	 x26:0x80014017 x16=0x00000001 PA:0x80013c4a load:0x00000001
       57705000	      5671	8000a5e0	030d8f33	mul	x30,x27,x16	 x27:0x00000000 x16:0x00000001 x30=0x00000000
       57715000	      5672	8000a5e4	fbcd0da3	sb	x28,-69(x26)	 x26:0x80014017 x28:0x0000007f PA:0x80013fd2 store:0x0000007f load:0x00000000
       57725000	      5673	8000a5e8	f9fd5403	lhu	x8,-97(x26)	 x26:0x80014017  x8=0x00006c6d PA:0x80013fb6 load:0x00006c6d
       57735000	      5674	8000a5ec	ba8d0d83	lb	x27,-1112(x26)	 x26:0x80014017 x27=0x00000074 PA:0x80013bbf load:0x00000074
       57745000	      5675	8000a5f0	d4ad2ca3	sw	x10,-679(x26)	 x26:0x80014017 x10:0x0000001e PA:0x80013d70 store:0x0000001e load:0x00000000
       57755000	      5676	8000a5f4	a0ad0503	lb	x10,-1526(x26)	 x26:0x80014017 x10=0xffffffda PA:0x80013a21 load:0xffffffda
       57765000	      5677	8000a5f8	f7dd4403	lbu	x8,-131(x26)	 x26:0x80014017  x8=0x0000004f PA:0x80013f94 load:0x0000004f
       57775000	      5678	8000a5fc	0f42	c.slli	x30,0x10	 x30:0x00000000 x30=0x00000000
       57785000	      5679	8000a5fe	870d0e23	sb	x16,-1924(x26)	 x26:0x80014017 x16:0x00000001 PA:0x80013893 store:0x00000001 load:0x00000000
       57795000	      5680	8000a602	d1bd08a3	sb	x27,-751(x26)	 x26:0x80014017 x27:0x00000074 PA:0x80013d28 store:0x00000074 load:0x00000000
       57805000	      5681	8000a606	67ce0f37	lui	x30,0x67ce0	 x30=0x67ce0000
       57815000	      5682	8000a60a	f90d0e03	lb	x28,-112(x26)	 x26:0x80014017 x28=0x0000005c PA:0x80013fa7 load:0x0000005c
       57825000	      5683	8000a60e	b37d1f03	lh	x30,-1225(x26)	 x26:0x80014017 x30=0x00000405 PA:0x80013b4e load:0x00000405
       57835000	      5684	8000a612	caed0503	lb	x10,-850(x26)	 x26:0x80014017 x10=0x0000007e PA:0x80013cc5 load:0x0000007e
       57855000	      5686	8000a616	aaad0923	sb	x10,-1358(x26)	 x26:0x80014017 x10:0x0000007e PA:0x80013ac9 store:0x0000007e load:0x00000000
       57865000	      5687	8000a61a	c68d2ea3	sw	x8,-899(x26)	 x26:0x80014017  x8:0x0000004f PA:0x80013c94 store:0x0000004f load:0x00000000
       58235000	      5724	8000a61e	03e85533	divu	x10,x16,x30	 x16:0x00000001 x30:0x00000405 x10=0x00000000
       58245000	      5725	8000a622	9c8d4d83	lbu	x27,-1592(x26)	 x26:0x80014017 x27=0x00000094 PA:0x800139df load:0x00000094
       58255000	      5726	8000a626	e05d5d83	lhu	x27,-507(x26)	 x26:0x80014017 x27=0x0000d6d7 PA:0x80013e1c load:0x0000d6d7
       58265000	      5727	8000a62a	9e22	c.add	x28,x8	 x28:0x0000005c  x8:0x0000004f x28=0x000000ab
       58275000	      5728	8000a62c	9add2503	lw	x10,-1619(x26)	 x26:0x80014017 x10=0x7c7d7e7f PA:0x800139c4 load:0x7c7d7e7f
       58285000	      5729	8000a630	dc1d2503	lw	x10,-575(x26)	 x26:0x80014017 x10=0x90919293 PA:0x80013dd8 load:0x90919293
       58295000	      5730	8000a634	141e4837	lui	x16,0x141e4	 x16=0x141e4000
       58305000	      5731	8000a638	930d0d23	sb	x16,-1734(x26)	 x26:0x80014017 x16:0x141e4000 PA:0x80013951 store:0x141e4000 load:0x00000000
       58315000	      5732	8000a63c	e62d0803	lb	x16,-414(x26)	 x26:0x80014017 x16=0x00000032 PA:0x80013e79 load:0x00000032
       58325000	      5733	8000a640	00009497	auipc	x9,0x9	  x9=0x80013640
       58335000	      5734	8000a644	7e648493	addi	x9,x9,2022	  x9:0x80013640  x9=0x80013e26
       58345000	      5735	8000a648	0394c083	lbu	x1,57(x9)	  x9:0x80013e26  x1=0x00000014 PA:0x80013e5f load:0x00000014
       58355000	      5736	8000a64c	03748023	sb	x23,32(x9)	  x9:0x80013e26 x23:0x03a00000 PA:0x80013e46 store:0x03a00000 load:0x00000000
       58365000	      5737	8000a650	00018f17	auipc	x30,0x18	 x30=0x80022650
       58375000	      5738	8000a654	9e5f0f13	addi	x30,x30,-1563	 x30:0x80022650 x30=0x80022035
       58385000	      5739	8000a658	ff44cd03	lbu	x26,-12(x9)	  x9:0x80013e26 x26=0x000000d1 PA:0x80013e1a load:0x000000d1
       58395000	      5740	8000a65c	036f0c03	lb	x24,54(x30)	 x30:0x80022035 x24=0x00000020 PA:0x8002206b load:0x00000020
       58405000	      5741	8000a660	fe9480a3	sb	x9,-31(x9)	  x9:0x80013e26  x9:0x80013e26 PA:0x80013e07 store:0x80013e26 load:0x00000000
       58415000	      5742	8000a664	f5cf0a23	sb	x28,-172(x30)	 x30:0x80022035 x28:0x000000ab PA:0x80021f89 store:0x000000ab load:0x00000000
       58425000	      5743	8000a668	feaf0223	sb	x10,-28(x30)	 x30:0x80022035 x10:0x90919293 PA:0x80022019 store:0x90919293 load:0x00000000
       58435000	      5744	8000a66c	02148283	lb	x5,33(x9)	  x9:0x80013e26  x5=0xfffffffc PA:0x80013e47 load:0xfffffffc
       58445000	      5745	8000a670	fcd48383	lb	x7,-51(x9)	  x9:0x80013e26  x7=0xffffffa8 PA:0x80013df3 load:0xffffffa8
       58455000	      5746	8000a674	034f4203	lbu	x4,52(x30)	 x30:0x80022035  x4=0x00000022 PA:0x80022069 load:0x00000022
       58465000	      5747	8000a678	fea4d303	lhu	x6,-22(x9)	  x9:0x80013e26  x6=0x0000cacb PA:0x80013e10 load:0x0000cacb
       58475000	      5748	8000a67c	feff12a3	sh	x15,-27(x30)	 x30:0x80022035 x15:0x00000008 PA:0x8002201a store:0x00000008 load:0x00000000
       58485000	      5749	8000a680	fcd48203	lb	x4,-51(x9)	  x9:0x80013e26  x4=0xffffffa8 PA:0x80013df3 load:0xffffffa8
       58495000	      5750	8000a684	fd149523	sh	x17,-54(x9)	  x9:0x80013e26 x17:0x00000076 PA:0x80013df0 store:0x00000076 load:0x00000000
       58505000	      5751	8000a688	535d	c.li	x6,-9	  x6=0xfffffff7
       58515000	      5752	8000a68a	6546afb7	lui	x31,0x6546a	 x31=0x6546a000
       58525000	      5753	8000a68e	01315cb3	srl	x25,x2,x19	  x2:0xf5e39895 x19:0x0000002d x25=0x0007af1c
       58535000	      5754	8000a692	99fe	c.add	x19,x31	 x19:0x0000002d x31:0x6546a000 x19=0x6546a02d
       58575000	      5758	8000252c	93bfe06f	jal	x0,80000e66	  x0=0x00000000
       58595000	      5760	80000e66	1771	c.addi	x14,-4	 x14:0x8002cce4 x14=0x8002cce0
       58605000	      5761	80000e68	c310	c.sw	x12,0(x14)	 x14:0x8002cce0 x12:0x80028e20 PA:0x8002cce0 store:0x80028e20 load:0x00000000
       58615000	      5762	80000e6a	00070633	add	x12,x14,x0	 x14:0x8002cce0  x0:0x00000000 x12=0x8002cce0
       58625000	      5763	80000e6e	f8060613	addi	x12,x12,-128	 x12:0x8002cce0 x12=0x8002cc60
       58635000	      5764	80000e72	00162223	sw	x1,4(x12)	 x12:0x8002cc60  x1:0x00000014 PA:0x8002cc64 store:0x00000014 load:0x00000000
       58645000	      5765	80000e76	00262423	sw	x2,8(x12)	 x12:0x8002cc60  x2:0xf5e39895 PA:0x8002cc68 store:0xf5e39895 load:0x00000000
       58655000	      5766	80000e7a	00362623	sw	x3,12(x12)	 x12:0x8002cc60  x3:0x000000fc PA:0x8002cc6c store:0x000000fc load:0x00000000
       58665000	      5767	80000e7e	00462823	sw	x4,16(x12)	 x12:0x8002cc60  x4:0xffffffa8 PA:0x8002cc70 store:0xffffffa8 load:0x00000000
       58675000	      5768	80000e82	00562a23	sw	x5,20(x12)	 x12:0x8002cc60  x5:0xfffffffc PA:0x8002cc74 store:0xfffffffc load:0x00000000
       58685000	      5769	80000e86	00662c23	sw	x6,24(x12)	 x12:0x8002cc60  x6:0xfffffff7 PA:0x8002cc78 store:0xfffffff7 load:0x00000000
       58695000	      5770	80000e8a	00762e23	sw	x7,28(x12)	 x12:0x8002cc60  x7:0xffffffa8 PA:0x8002cc7c store:0xffffffa8 load:0x00000000
       58705000	      5771	80000e8e	d200	c.sw	x8,32(x12)	 x12:0x8002cc60  x8:0x0000004f PA:0x8002cc80 store:0x0000004f load:0x00000000
       58715000	      5772	80000e90	d244	c.sw	x9,36(x12)	 x12:0x8002cc60  x9:0x80013e26 PA:0x8002cc84 store:0x80013e26 load:0x00000000
       58725000	      5773	80000e92	d608	c.sw	x10,40(x12)	 x12:0x8002cc60 x10:0x90919293 PA:0x8002cc88 store:0x90919293 load:0x00000000
       58735000	      5774	80000e94	d64c	c.sw	x11,44(x12)	 x12:0x8002cc60 x11:0x000000e8 PA:0x8002cc8c store:0x000000e8 load:0x00000000
       58745000	      5775	80000e96	da10	c.sw	x12,48(x12)	 x12:0x8002cc60 x12:0x8002cc60 PA:0x8002cc90 store:0x8002cc60 load:0x00000000
       58755000	      5776	80000e98	da54	c.sw	x13,52(x12)	 x12:0x8002cc60 x13:0x00000046 PA:0x8002cc94 store:0x00000046 load:0x00000000
       58765000	      5777	80000e9a	de18	c.sw	x14,56(x12)	 x12:0x8002cc60 x14:0x8002cce0 PA:0x8002cc98 store:0x8002cce0 load:0x00000000
       58775000	      5778	80000e9c	de5c	c.sw	x15,60(x12)	 x12:0x8002cc60 x15:0x00000008 PA:0x8002cc9c store:0x00000008 load:0x00000000
       58785000	      5779	80000e9e	05062023	sw	x16,64(x12)	 x12:0x8002cc60 x16:0x00000032 PA:0x8002cca0 store:0x00000032 load:0x00000000
       58795000	      5780	80000ea2	05162223	sw	x17,68(x12)	 x12:0x8002cc60 x17:0x00000076 PA:0x8002cca4 store:0x00000076 load:0x00000000
       58805000	      5781	80000ea6	05262423	sw	x18,72(x12)	 x12:0x8002cc60 x18:0x00000085 PA:0x8002cca8 store:0x00000085 load:0x00000000
       58815000	      5782	80000eaa	05362623	sw	x19,76(x12)	 x12:0x8002cc60 x19:0x6546a02d PA:0x8002ccac store:0x6546a02d load:0x00000000
       58825000	      5783	80000eae	05462823	sw	x20,80(x12)	 x12:0x8002cc60 x20:0xffffffca PA:0x8002ccb0 store:0xffffffca load:0x00000000
       58835000	      5784	80000eb2	05562a23	sw	x21,84(x12)	 x12:0x8002cc60 x21:0x00001c1d PA:0x8002ccb4 store:0x00001c1d load:0x00000000
       58845000	      5785	80000eb6	05662c23	sw	x22,88(x12)	 x12:0x8002cc60 x22:0x00000000 PA:0x8002ccb8 store:0x00000000 load:0x00000000
       58855000	      5786	80000eba	05762e23	sw	x23,92(x12)	 x12:0x8002cc60 x23:0x03a00000 PA:0x8002ccbc store:0x03a00000 load:0x00000000
       58865000	      5787	80000ebe	07862023	sw	x24,96(x12)	 x12:0x8002cc60 x24:0x00000020 PA:0x8002ccc0 store:0x00000020 load:0x00000000
       58875000	      5788	80000ec2	07962223	sw	x25,100(x12)	 x12:0x8002cc60 x25:0x0007af1c PA:0x8002ccc4 store:0x0007af1c load:0x00000000
       58885000	      5789	80000ec6	07a62423	sw	x26,104(x12)	 x12:0x8002cc60 x26:0x000000d1 PA:0x8002ccc8 store:0x000000d1 load:0x00000000
       58895000	      5790	80000eca	07b62623	sw	x27,108(x12)	 x12:0x8002cc60 x27:0x0000d6d7 PA:0x8002cccc store:0x0000d6d7 load:0x00000000
       58905000	      5791	80000ece	07c62823	sw	x28,112(x12)	 x12:0x8002cc60 x28:0x000000ab PA:0x8002ccd0 store:0x000000ab load:0x00000000
       58915000	      5792	80000ed2	07d62a23	sw	x29,116(x12)	 x12:0x8002cc60 x29:0x8001fb0d PA:0x8002ccd4 store:0x8001fb0d load:0x00000000
       58925000	      5793	80000ed6	07e62c23	sw	x30,120(x12)	 x12:0x8002cc60 x30:0x80022035 PA:0x8002ccd8 store:0x80022035 load:0x00000000
       58935000	      5794	80000eda	07f62e23	sw	x31,124(x12)	 x12:0x8002cc60 x31:0x6546a000 PA:0x8002ccdc store:0x6546a000 load:0x00000000
       58945000	      5795	80000ede	00060733	add	x14,x12,x0	 x12:0x8002cc60  x0:0x00000000 x14=0x8002cc60
       58955000	      5796	80000ee2	90000a37	lui	x20,0x90000	 x20=0x90000000
       58965000	      5797	80000ee6	1a71	c.addi	x20,-4	 x20:0x90000000 x20=0x8ffffffc
       58975000	      5798	80000ee8	4319	c.li	x6,6	  x6=0x00000006
       58985000	      5799	80000eea	0322	c.slli	x6,0x8	  x6:0x00000006  x6=0x00000600
       58995000	      5800	80000eec	00030313	addi	x6,x6,0	  x6:0x00000600  x6=0x00000600
       59005000	      5801	80000ef0	006a2023	sw	x6,0(x20)	 x20:0x8ffffffc  x6:0x00000600 PA:0x8ffffffc store:0x00000600 load:0x00000000
       59015000	      5802	80000ef4	34202373	csrrs	x6,mcause,x0	  x0:0x00000000  x6=0x8000000b
       59025000	      5803	80000ef8	01f35313	srli	x6,x6,0x1f	  x6:0x8000000b  x6=0x00000001
       59035000	      5804	80000efc	06030863	beq	x6,x0,80000f6c	  x6:0x00000001  x0:0x00000000
       59045000	      5805	80000f00	90000a37	lui	x20,0x90000	 x20=0x90000000
       59055000	      5806	80000f04	1a71	c.addi	x20,-4	 x20:0x90000000 x20=0x8ffffffc
       59065000	      5807	80000f06	30000313	addi	x6,x0,768	  x0:0x00000000  x6=0x00000300
       59075000	      5808	80000f0a	0322	c.slli	x6,0x8	  x6:0x00000300  x6=0x00030000
       59085000	      5809	80000f0c	030d	c.addi	x6,3	  x6:0x00030000  x6=0x00030003
       59095000	      5810	80000f0e	006a2023	sw	x6,0(x20)	 x20:0x8ffffffc  x6:0x00030003 PA:0x8ffffffc store:0x00030003 load:0x00000000
       59105000	      5811	80000f12	30002373	csrrs	x6,mstatus,x0	  x0:0x00000000  x6=0x00000080
       59115000	      5812	80000f16	006a2023	sw	x6,0(x20)	 x20:0x8ffffffc  x6:0x00000080 PA:0x8ffffffc store:0x00000080 load:0x00000000
       59125000	      5813	80000f1a	90000a37	lui	x20,0x90000	 x20=0x90000000
       59135000	      5814	80000f1e	1a71	c.addi	x20,-4	 x20:0x90000000 x20=0x8ffffffc
       59145000	      5815	80000f20	34200313	addi	x6,x0,834	  x0:0x00000000  x6=0x00000342
       59155000	      5816	80000f24	0322	c.slli	x6,0x8	  x6:0x00000342  x6=0x00034200
       59165000	      5817	80000f26	030d	c.addi	x6,3	  x6:0x00034200  x6=0x00034203
       59175000	      5818	80000f28	006a2023	sw	x6,0(x20)	 x20:0x8ffffffc  x6:0x00034203 PA:0x8ffffffc store:0x00034203 load:0x00000000
       59185000	      5819	80000f2c	34202373	csrrs	x6,mcause,x0	  x0:0x00000000  x6=0x8000000b
       59195000	      5820	80000f30	006a2023	sw	x6,0(x20)	 x20:0x8ffffffc  x6:0x8000000b PA:0x8ffffffc store:0x8000000b load:0x00000000
       59205000	      5821	80000f34	90000a37	lui	x20,0x90000	 x20=0x90000000
       59215000	      5822	80000f38	1a71	c.addi	x20,-4	 x20:0x90000000 x20=0x8ffffffc
       59225000	      5823	80000f3a	30400313	addi	x6,x0,772	  x0:0x00000000  x6=0x00000304
       59235000	      5824	80000f3e	0322	c.slli	x6,0x8	  x6:0x00000304  x6=0x00030400
       59245000	      5825	80000f40	030d	c.addi	x6,3	  x6:0x00030400  x6=0x00030403
       59255000	      5826	80000f42	006a2023	sw	x6,0(x20)	 x20:0x8ffffffc  x6:0x00030403 PA:0x8ffffffc store:0x00030403 load:0x00000000
       59265000	      5827	80000f46	30402373	csrrs	x6,mie,x0	  x0:0x00000000  x6=0x53ac0888
       59275000	      5828	80000f4a	006a2023	sw	x6,0(x20)	 x20:0x8ffffffc  x6:0x53ac0888 PA:0x8ffffffc store:0x53ac0888 load:0x00000000
       59285000	      5829	80000f4e	90000a37	lui	x20,0x90000	 x20=0x90000000
       59295000	      5830	80000f52	1a71	c.addi	x20,-4	 x20:0x90000000 x20=0x8ffffffc
       59305000	      5831	80000f54	34400313	addi	x6,x0,836	  x0:0x00000000  x6=0x00000344
       59315000	      5832	80000f58	0322	c.slli	x6,0x8	  x6:0x00000344  x6=0x00034400
       59325000	      5833	80000f5a	030d	c.addi	x6,3	  x6:0x00034400  x6=0x00034403
       59335000	      5834	80000f5c	006a2023	sw	x6,0(x20)	 x20:0x8ffffffc  x6:0x00034403 PA:0x8ffffffc store:0x00034403 load:0x00000000
       59345000	      5835	80000f60	34402373	csrrs	x6,mip,x0	  x0:0x00000000  x6=0x00000000
       59355000	      5836	80000f64	006a2023	sw	x6,0(x20)	 x20:0x8ffffffc  x6:0x00000000 PA:0x8ffffffc store:0x00000000 load:0x00000000
       59365000	      5837	80000f68	10d1106f	jal	x0,80012874	  x0=0x00000000
       59385000	      5839	80012874	30002373	csrrs	x6,mstatus,x0	  x0:0x00000000  x6=0x00000080
       59395000	      5840	80012878	30402373	csrrs	x6,mie,x0	  x0:0x00000000  x6=0x53ac0888
       59405000	      5841	8001287c	34402373	csrrs	x6,mip,x0	  x0:0x00000000  x6=0x00000000
       59415000	      5842	80012880	34433373	csrrc	x6,mip,x6	  x6:0x00000000  x6=0x00000000
       59445000	      5845	80012884	90000a37	lui	x20,0x90000	 x20=0x90000000
       59455000	      5846	80012888	1a71	c.addi	x20,-4	 x20:0x90000000 x20=0x8ffffffc
       59465000	      5847	8001288a	431d	c.li	x6,7	  x6=0x00000007
       59475000	      5848	8001288c	0322	c.slli	x6,0x8	  x6:0x00000007  x6=0x00000700
       59485000	      5849	8001288e	00030313	addi	x6,x6,0	  x6:0x00000700  x6=0x00000700
       59495000	      5850	80012892	006a2023	sw	x6,0(x20)	 x20:0x8ffffffc  x6:0x00000700 PA:0x8ffffffc store:0x00000700 load:0x00000000
       59505000	      5851	80012896	00070633	add	x12,x14,x0	 x14:0x8002cc60  x0:0x00000000 x12=0x8002cc60
       59515000	      5852	8001289a	00462083	lw	x1,4(x12)	 x12:0x8002cc60  x1=0x00000014 PA:0x8002cc64 load:0x00000014
       59525000	      5853	8001289e	00862103	lw	x2,8(x12)	 x12:0x8002cc60  x2=0xf5e39895 PA:0x8002cc68 load:0xf5e39895
       59535000	      5854	800128a2	00c62183	lw	x3,12(x12)	 x12:0x8002cc60  x3=0x000000fc PA:0x8002cc6c load:0x000000fc
       59545000	      5855	800128a6	01062203	lw	x4,16(x12)	 x12:0x8002cc60  x4=0xffffffa8 PA:0x8002cc70 load:0xffffffa8
       59555000	      5856	800128aa	01462283	lw	x5,20(x12)	 x12:0x8002cc60  x5=0xfffffffc PA:0x8002cc74 load:0xfffffffc
       59565000	      5857	800128ae	01862303	lw	x6,24(x12)	 x12:0x8002cc60  x6=0xfffffff7 PA:0x8002cc78 load:0xfffffff7
       59575000	      5858	800128b2	01c62383	lw	x7,28(x12)	 x12:0x8002cc60  x7=0xffffffa8 PA:0x8002cc7c load:0xffffffa8
       59585000	      5859	800128b6	5200	c.lw	x8,32(x12)	 x12:0x8002cc60  x8=0x0000004f PA:0x8002cc80 load:0x0000004f
       59595000	      5860	800128b8	5244	c.lw	x9,36(x12)	 x12:0x8002cc60  x9=0x80013e26 PA:0x8002cc84 load:0x80013e26
       59605000	      5861	800128ba	5608	c.lw	x10,40(x12)	 x12:0x8002cc60 x10=0x90919293 PA:0x8002cc88 load:0x90919293
       59615000	      5862	800128bc	564c	c.lw	x11,44(x12)	 x12:0x8002cc60 x11=0x000000e8 PA:0x8002cc8c load:0x000000e8
       59625000	      5863	800128be	5a10	c.lw	x12,48(x12)	 x12:0x8002cc60 x12=0x8002cc60 PA:0x8002cc90 load:0x8002cc60
       59645000	      5865	800128c0	5a54	c.lw	x13,52(x12)	 x12:0x8002cc60 x13=0x00000046 PA:0x8002cc94 load:0x00000046
       59655000	      5866	800128c2	5e18	c.lw	x14,56(x12)	 x12:0x8002cc60 x14=0x8002cce0 PA:0x8002cc98 load:0x8002cce0
       59665000	      5867	800128c4	5e5c	c.lw	x15,60(x12)	 x12:0x8002cc60 x15=0x00000008 PA:0x8002cc9c load:0x00000008
       59675000	      5868	800128c6	04062803	lw	x16,64(x12)	 x12:0x8002cc60 x16=0x00000032 PA:0x8002cca0 load:0x00000032
       59685000	      5869	800128ca	04462883	lw	x17,68(x12)	 x12:0x8002cc60 x17=0x00000076 PA:0x8002cca4 load:0x00000076
       59695000	      5870	800128ce	04862903	lw	x18,72(x12)	 x12:0x8002cc60 x18=0x00000085 PA:0x8002cca8 load:0x00000085
       59705000	      5871	800128d2	04c62983	lw	x19,76(x12)	 x12:0x8002cc60 x19=0x6546a02d PA:0x8002ccac load:0x6546a02d
       59715000	      5872	800128d6	05062a03	lw	x20,80(x12)	 x12:0x8002cc60 x20=0xffffffca PA:0x8002ccb0 load:0xffffffca
       59725000	      5873	800128da	05462a83	lw	x21,84(x12)	 x12:0x8002cc60 x21=0x00001c1d PA:0x8002ccb4 load:0x00001c1d
       59735000	      5874	800128de	05862b03	lw	x22,88(x12)	 x12:0x8002cc60 x22=0x00000000 PA:0x8002ccb8 load:0x00000000
       59745000	      5875	800128e2	05c62b83	lw	x23,92(x12)	 x12:0x8002cc60 x23=0x03a00000 PA:0x8002ccbc load:0x03a00000
       59755000	      5876	800128e6	06062c03	lw	x24,96(x12)	 x12:0x8002cc60 x24=0x00000020 PA:0x8002ccc0 load:0x00000020
       59765000	      5877	800128ea	06462c83	lw	x25,100(x12)	 x12:0x8002cc60 x25=0x0007af1c PA:0x8002ccc4 load:0x0007af1c
       59775000	      5878	800128ee	06862d03	lw	x26,104(x12)	 x12:0x8002cc60 x26=0x000000d1 PA:0x8002ccc8 load:0x000000d1
       59785000	      5879	800128f2	06c62d83	lw	x27,108(x12)	 x12:0x8002cc60 x27=0x0000d6d7 PA:0x8002cccc load:0x0000d6d7
       59795000	      5880	800128f6	07062e03	lw	x28,112(x12)	 x12:0x8002cc60 x28=0x000000ab PA:0x8002ccd0 load:0x000000ab
       59805000	      5881	800128fa	07462e83	lw	x29,116(x12)	 x12:0x8002cc60 x29=0x8001fb0d PA:0x8002ccd4 load:0x8001fb0d
       59815000	      5882	800128fe	07862f03	lw	x30,120(x12)	 x12:0x8002cc60 x30=0x80022035 PA:0x8002ccd8 load:0x80022035
       59825000	      5883	80012902	07c62f83	lw	x31,124(x12)	 x12:0x8002cc60 x31=0x6546a000 PA:0x8002ccdc load:0x6546a000
       59835000	      5884	80012906	08060613	addi	x12,x12,128	 x12:0x8002cc60 x12=0x8002cce0
       59845000	      5885	8001290a	00060733	add	x14,x12,x0	 x12:0x8002cce0  x0:0x00000000 x14=0x8002cce0
       59855000	      5886	8001290e	4310	c.lw	x12,0(x14)	 x14:0x8002cce0 x12=0x80028e20 PA:0x8002cce0 load:0x80028e20
       59865000	      5887	80012910	0711	c.addi	x14,4	 x14:0x8002cce0 x14=0x8002cce4
       59875000	      5888	80012912	30200073	mret	
       59905000	      5891	8000a694	5abe5c37	lui	x24,0x5abe5	 x24=0x5abe5000
       59915000	      5892	8000a698	5b7d	c.li	x22,-1	 x22=0xffffffff
       59925000	      5893	8000a69a	8139ca93	xori	x21,x19,-2029	 x19:0x6546a02d x21=0x9ab9583e
       59935000	      5894	8000a69e	9b610913	addi	x18,x2,-1610	  x2:0xf5e39895 x18=0xf5e3924b
       59945000	      5895	8000a6a2	3a364093	xori	x1,x12,931	 x12:0x80028e20  x1=0x80028d83
       59955000	      5896	8000a6a6	406d5033	sra	x0,x26,x6	 x26:0x000000d1  x6:0xfffffff7  x0=0x00000000
       59995000	      5900	8000a6aa	02d629b3	mulhsu	x19,x12,x13	 x12:0x80028e20 x13:0x00000046 x19=0xffffffdd
       60005000	      5901	8000a6ae	0001	c.addi	x0,0	  x0:0x00000000  x0=0x00000000
       60015000	      5902	8000a6b0	5f41	c.li	x30,-16	 x30=0xfffffff0
       60025000	      5903	8000a6b2	00be8033	add	x0,x29,x11	 x29:0x8001fb0d x11:0x000000e8  x0=0x00000000
       60035000	      5904	8000a6b6	00c688b3	add	x17,x13,x12	 x13:0x00000046 x12:0x80028e20 x17=0x80028e66
       60045000	      5905	8000a6ba	6e19	c.lui	x28,0x6	 x28=0x00006000
       60055000	      5906	8000a6bc	84872b93	slti	x23,x14,-1976	 x14:0x8002cce4 x23=0x00000001
       60085000	      5909	8000a6c0	035c0033	mul	x0,x24,x21	 x24:0x5abe5000 x21:0x9ab9583e  x0=0x00000000
       60095000	      5910	8000a6c4	5cd4b393	sltiu	x7,x9,1485	  x9:0x80013e26  x7=0x00000000
       60135000	      5914	8000a6c8	03001233	mulh	x4,x0,x16	  x0:0x00000000 x16:0x00000032  x4=0x00000000
       60175000	      5918	8000a6cc	021dad33	mulhsu	x26,x27,x1	 x27:0x0000d6d7  x1:0x80028d83 x26=0x00006b6d
       60185000	      5919	8000a6d0	135d	c.addi	x6,-9	  x6:0xfffffff7  x6=0xffffffee
       60225000	      5923	8000a6d2	03a3b2b3	mulhu	x5,x7,x26	  x7:0x00000000 x26:0x00006b6d  x5=0x00000000
       60265000	      5927	8000a6d6	036491b3	mulh	x3,x9,x22	  x9:0x80013e26 x22:0xffffffff  x3=0x00000000
       60275000	      5928	8000a6da	5e8d0693	addi	x13,x26,1512	 x26:0x00006b6d x13=0x00007155
       60285000	      5929	8000a6de	40285b93	srai	x23,x16,0x2	 x16:0x00000032 x23=0x0000000c
       60295000	      5930	8000a6e2	005795b3	sll	x11,x15,x5	 x15:0x00000008  x5:0x00000000 x11=0x00000008
       60305000	      5931	8000a6e6	83cd	c.srli	x15,0x13	 x15:0x00000008 x15=0x00000000
       60315000	      5932	8000a6e8	ffe350e3	bge	x6,x30,8000a6c8	  x6:0xffffffee x30:0xfffffff0
       60325000	      5933	8000a6ec	00f29c33	sll	x24,x5,x15	  x5:0x00000000 x15:0x00000000 x24=0x00000000
       60335000	      5934	8000a6f0	00012a17	auipc	x20,0x12	 x20=0x8001c6f0
       60345000	      5935	8000a6f4	e9ca0a13	addi	x20,x20,-356	 x20:0x8001c6f0 x20=0x8001c58c
       60355000	      5936	8000a6f8	044a0323	sb	x4,70(x20)	 x20:0x8001c58c  x4:0x00000000 PA:0x8001c5d2 store:0x00000000 load:0x00000000
       60365000	      5937	8000a6fc	01b4fab3	and	x21,x9,x27	  x9:0x80013e26 x27:0x0000d6d7 x21=0x00001606
       60375000	      5938	8000a700	04da0683	lb	x13,77(x20)	 x20:0x8001c58c x13=0xffffff92 PA:0x8001c5d9 load:0xffffff92
       60385000	      5939	8000a704	027a4503	lbu	x10,39(x20)	 x20:0x8001c58c x10=0x00000068 PA:0x8001c5b3 load:0x00000068
       60395000	      5940	8000a708	47878a93	addi	x21,x15,1144	 x15:0x00000000 x21=0x00000478
       60405000	      5941	8000a70c	022a1583	lh	x11,34(x20)	 x20:0x8001c58c x11=0x00006465 PA:0x8001c5ae load:0x00006465
       60415000	      5942	8000a710	239f00b7	lui	x1,0x239f0	  x1=0x239f0000
       60425000	      5943	8000a714	03fa4503	lbu	x10,63(x20)	 x20:0x8001c58c x10=0x00000080 PA:0x8001c5cb load:0x00000080
       60435000	      5944	8000a718	41d0dbb3	sra	x23,x1,x29	  x1:0x239f0000 x29:0x8001fb0d x23=0x00011cf8
       60445000	      5945	8000a71c	054a0fa3	sb	x20,95(x20)	 x20:0x8001c58c x20:0x8001c58c PA:0x8001c5eb store:0x8001c58c load:0x00000000
       60455000	      5946	8000a720	fc9a4203	lbu	x4,-55(x20)	 x20:0x8001c58c  x4=0x0000000e PA:0x8001c555 load:0x0000000e
       60465000	      5947	8000a724	f9ca4f83	lbu	x31,-100(x20)	 x20:0x8001c58c x31=0x000000e3 PA:0x8001c528 load:0x000000e3
       60475000	      5948	8000a728	02ca1b23	sh	x12,54(x20)	 x20:0x8001c58c x12:0x80028e20 PA:0x8001c5c2 store:0x80028e20 load:0x00000000
       60485000	      5949	8000a72c	8af5	c.andi	x13,29	 x13:0xffffff92 x13=0x00000010
       60495000	      5950	8000a72e	c4515db7	lui	x27,0xc4515	 x27=0xc4515000
       60505000	      5951	8000a732	0c3a4b83	lbu	x23,195(x20)	 x20:0x8001c58c x23=0x00000004 PA:0x8001c64f load:0x00000004
       60515000	      5952	8000a736	05ca4403	lbu	x8,92(x20)	 x20:0x8001c58c  x8=0x000000a3 PA:0x8001c5e8 load:0x000000a3
       60525000	      5953	8000a73a	fb4a1423	sh	x20,-88(x20)	 x20:0x8001c58c x20:0x8001c58c PA:0x8001c534 store:0x8001c58c load:0x00000000
       60535000	      5954	8000a73e	f54a1a83	lh	x21,-172(x20)	 x20:0x8001c58c x21=0xffff9a9b PA:0x8001c4e0 load:0xffff9a9b
       60545000	      5955	8000a742	f80a05a3	sb	x0,-117(x20)	 x20:0x8001c58c  x0:0x00000000 PA:0x8001c517 store:0x00000000 load:0x00000000
       60555000	      5956	8000a746	5cfd	c.li	x25,-1	 x25=0xffffffff
       60565000	      5957	8000a748	04aa5503	lhu	x10,74(x20)	 x20:0x8001c58c x10=0x00008c8d PA:0x8001c5d6 load:0x00008c8d
       60575000	      5958	8000a74c	097a03a3	sb	x23,135(x20)	 x20:0x8001c58c x23:0x00000004 PA:0x8001c613 store:0x00000004 load:0x00000000
       60585000	      5959	8000a750	095a4a83	lbu	x21,149(x20)	 x20:0x8001c58c x21=0x000000da PA:0x8001c621 load:0x000000da
       60595000	      5960	8000a754	082a4a83	lbu	x21,130(x20)	 x20:0x8001c58c x21=0x000000c5 PA:0x8001c60e load:0x000000c5
       60605000	      5961	8000a758	ff1a0223	sb	x17,-28(x20)	 x20:0x8001c58c x17:0x80028e66 PA:0x8001c570 store:0x80028e66 load:0x00000000
       60615000	      5962	8000a75c	086fa313	slti	x6,x31,134	 x31:0x000000e3  x6=0x00000000
       60985000	      5999	8000a760	03c76833	rem	x16,x14,x28	 x14:0x8002cce4 x28:0x00006000 x16=0xfffface4
       60995000	      6000	8000a764	045a0303	lb	x6,69(x20)	 x20:0x8001c58c  x6=0xffffff8a PA:0x8001c5d1 load:0xffffff8a
       61005000	      6001	8000a768	0001	c.addi	x0,0	  x0:0x00000000  x0=0x00000000
       61015000	      6002	8000a76a	00ffb093	sltiu	x1,x31,15	 x31:0x000000e3  x1=0x00000000
       61025000	      6003	8000a76e	f11a0403	lb	x8,-239(x20)	 x20:0x8001c58c  x8=0x00000056 PA:0x8001c49d load:0x00000056
       61035000	      6004	8000a772	097a0683	lb	x13,151(x20)	 x20:0x8001c58c x13=0xffffffd8 PA:0x8001c623 load:0xffffffd8
       61045000	      6005	8000a776	f46a5003	lhu	x0,-186(x20)	 x20:0x8001c58c  x0=0x00000000 PA:0x8001c4d2 load:0x00008889
       61415000	      6042	8000a77a	037f78b3	remu	x17,x30,x23	 x30:0xfffffff0 x23:0x00000004 x17=0x00000000
       61425000	      6043	8000a77e	f75a0503	lb	x10,-139(x20)	 x20:0x8001c58c x10=0xffffffba PA:0x8001c501 load:0xffffffba
       61435000	      6044	8000a782	01d175b3	and	x11,x2,x29	  x2:0xf5e39895 x29:0x8001fb0d x11=0x80019805
       61445000	      6045	8000a786	068a2e83	lw	x29,104(x20)	 x20:0x8001c58c x29=0xacadaeaf PA:0x8001c5f4 load:0xacadaeaf
       61455000	      6046	8000a78a	fa4a2b83	lw	x23,-92(x20)	 x20:0x8001c58c x23=0xe8e9eaeb PA:0x8001c530 load:0xe8e9eaeb
       61465000	      6047	8000a78e	fa91ee93	ori	x29,x3,-87	  x3:0x00000000 x29=0xffffffa9
       61475000	      6048	8000a792	0bca5383	lhu	x7,188(x20)	 x20:0x8001c58c  x7=0x00000203 PA:0x8001c648 load:0x00000203
       61485000	      6049	8000a796	00009397	auipc	x7,0x9	  x7=0x80013796
       61495000	      6050	8000a79a	c9438393	addi	x7,x7,-876	  x7:0x80013796  x7=0x8001342a
       61505000	      6051	8000a79e	8896	c.mv	x17,x5	  x0:0x00000000  x5:0x00000000 x17=0x00000000
       61545000	      6055	8000a7a0	0377a933	mulhsu	x18,x15,x23	 x15:0x00000000 x23:0xe8e9eaeb x18=0x00000000
       61555000	      6056	8000a7a4	02639623	sh	x6,44(x7)	  x7:0x8001342a  x6:0xffffff8a PA:0x80013456 store:0xffffff8a load:0x00000000
       61565000	      6057	8000a7a8	fd63a983	lw	x19,-42(x7)	  x7:0x8001342a x19=0xb8b9babb PA:0x80013400 load:0xb8b9babb
       61575000	      6058	8000a7ac	5a7d	c.li	x20,-1	 x20=0xffffffff
       61585000	      6059	8000a7ae	0002ebb3	or	x23,x5,x0	  x5:0x00000000  x0:0x00000000 x23=0x00000000
       61595000	      6060	8000a7b2	0001	c.addi	x0,0	  x0:0x00000000  x0=0x00000000
       61605000	      6061	8000a7b4	008e4cb3	xor	x25,x28,x8	 x28:0x00006000  x8:0x00000056 x25=0x00006056
       61645000	      6065	8000252c	93bfe06f	jal	x0,80000e66	  x0=0x00000000
       61665000	      6067	80000e66	1771	c.addi	x14,-4	 x14:0x8002cce4 x14=0x8002cce0
       61675000	      6068	80000e68	c310	c.sw	x12,0(x14)	 x14:0x8002cce0 x12:0x80028e20 PA:0x8002cce0 store:0x80028e20 load:0x00000000
       61685000	      6069	80000e6a	00070633	add	x12,x14,x0	 x14:0x8002cce0  x0:0x00000000 x12=0x8002cce0
       61695000	      6070	80000e6e	f8060613	addi	x12,x12,-128	 x12:0x8002cce0 x12=0x8002cc60
       61705000	      6071	80000e72	00162223	sw	x1,4(x12)	 x12:0x8002cc60  x1:0x00000000 PA:0x8002cc64 store:0x00000000 load:0x00000000
       61715000	      6072	80000e76	00262423	sw	x2,8(x12)	 x12:0x8002cc60  x2:0xf5e39895 PA:0x8002cc68 store:0xf5e39895 load:0x00000000
       61725000	      6073	80000e7a	00362623	sw	x3,12(x12)	 x12:0x8002cc60  x3:0x00000000 PA:0x8002cc6c store:0x00000000 load:0x00000000
       61735000	      6074	80000e7e	00462823	sw	x4,16(x12)	 x12:0x8002cc60  x4:0x0000000e PA:0x8002cc70 store:0x0000000e load:0x00000000
       61745000	      6075	80000e82	00562a23	sw	x5,20(x12)	 x12:0x8002cc60  x5:0x00000000 PA:0x8002cc74 store:0x00000000 load:0x00000000
       61755000	      6076	80000e86	00662c23	sw	x6,24(x12)	 x12:0x8002cc60  x6:0xffffff8a PA:0x8002cc78 store:0xffffff8a load:0x00000000
       61765000	      6077	80000e8a	00762e23	sw	x7,28(x12)	 x12:0x8002cc60  x7:0x8001342a PA:0x8002cc7c store:0x8001342a load:0x00000000
       61775000	      6078	80000e8e	d200	c.sw	x8,32(x12)	 x12:0x8002cc60  x8:0x00000056 PA:0x8002cc80 store:0x00000056 load:0x00000000
       61785000	      6079	80000e90	d244	c.sw	x9,36(x12)	 x12:0x8002cc60  x9:0x80013e26 PA:0x8002cc84 store:0x80013e26 load:0x00000000
       61795000	      6080	80000e92	d608	c.sw	x10,40(x12)	 x12:0x8002cc60 x10:0xffffffba PA:0x8002cc88 store:0xffffffba load:0x00000000
       61805000	      6081	80000e94	d64c	c.sw	x11,44(x12)	 x12:0x8002cc60 x11:0x80019805 PA:0x8002cc8c store:0x80019805 load:0x00000000
       61815000	      6082	80000e96	da10	c.sw	x12,48(x12)	 x12:0x8002cc60 x12:0x8002cc60 PA:0x8002cc90 store:0x8002cc60 load:0x00000000
       61825000	      6083	80000e98	da54	c.sw	x13,52(x12)	 x12:0x8002cc60 x13:0xffffffd8 PA:0x8002cc94 store:0xffffffd8 load:0x00000000
       61835000	      6084	80000e9a	de18	c.sw	x14,56(x12)	 x12:0x8002cc60 x14:0x8002cce0 PA:0x8002cc98 store:0x8002cce0 load:0x00000000
       61845000	      6085	80000e9c	de5c	c.sw	x15,60(x12)	 x12:0x8002cc60 x15:0x00000000 PA:0x8002cc9c store:0x00000000 load:0x00000000
       61855000	      6086	80000e9e	05062023	sw	x16,64(x12)	 x12:0x8002cc60 x16:0xfffface4 PA:0x8002cca0 store:0xfffface4 load:0x00000000
       61865000	      6087	80000ea2	05162223	sw	x17,68(x12)	 x12:0x8002cc60 x17:0x00000000 PA:0x8002cca4 store:0x00000000 load:0x00000000
       61875000	      6088	80000ea6	05262423	sw	x18,72(x12)	 x12:0x8002cc60 x18:0x00000000 PA:0x8002cca8 store:0x00000000 load:0x00000000
       61885000	      6089	80000eaa	05362623	sw	x19,76(x12)	 x12:0x8002cc60 x19:0xb8b9babb PA:0x8002ccac store:0xb8b9babb load:0x00000000
       61895000	      6090	80000eae	05462823	sw	x20,80(x12)	 x12:0x8002cc60 x20:0xffffffff PA:0x8002ccb0 store:0xffffffff load:0x00000000
       61905000	      6091	80000eb2	05562a23	sw	x21,84(x12)	 x12:0x8002cc60 x21:0x000000c5 PA:0x8002ccb4 store:0x000000c5 load:0x00000000
       61915000	      6092	80000eb6	05662c23	sw	x22,88(x12)	 x12:0x8002cc60 x22:0xffffffff PA:0x8002ccb8 store:0xffffffff load:0x00000000
       61925000	      6093	80000eba	05762e23	sw	x23,92(x12)	 x12:0x8002cc60 x23:0x00000000 PA:0x8002ccbc store:0x00000000 load:0x00000000
       61935000	      6094	80000ebe	07862023	sw	x24,96(x12)	 x12:0x8002cc60 x24:0x00000000 PA:0x8002ccc0 store:0x00000000 load:0x00000000
       61945000	      6095	80000ec2	07962223	sw	x25,100(x12)	 x12:0x8002cc60 x25:0x00006056 PA:0x8002ccc4 store:0x00006056 load:0x00000000
       61955000	      6096	80000ec6	07a62423	sw	x26,104(x12)	 x12:0x8002cc60 x26:0x00006b6d PA:0x8002ccc8 store:0x00006b6d load:0x00000000
       61965000	      6097	80000eca	07b62623	sw	x27,108(x12)	 x12:0x8002cc60 x27:0xc4515000 PA:0x8002cccc store:0xc4515000 load:0x00000000
       61975000	      6098	80000ece	07c62823	sw	x28,112(x12)	 x12:0x8002cc60 x28:0x00006000 PA:0x8002ccd0 store:0x00006000 load:0x00000000
       61985000	      6099	80000ed2	07d62a23	sw	x29,116(x12)	 x12:0x8002cc60 x29:0xffffffa9 PA:0x8002ccd4 store:0xffffffa9 load:0x00000000
       61995000	      6100	80000ed6	07e62c23	sw	x30,120(x12)	 x12:0x8002cc60 x30:0xfffffff0 PA:0x8002ccd8 store:0xfffffff0 load:0x00000000
       62005000	      6101	80000eda	07f62e23	sw	x31,124(x12)	 x12:0x8002cc60 x31:0x000000e3 PA:0x8002ccdc store:0x000000e3 load:0x00000000
       62015000	      6102	80000ede	00060733	add	x14,x12,x0	 x12:0x8002cc60  x0:0x00000000 x14=0x8002cc60
       62025000	      6103	80000ee2	90000a37	lui	x20,0x90000	 x20=0x90000000
       62035000	      6104	80000ee6	1a71	c.addi	x20,-4	 x20:0x90000000 x20=0x8ffffffc
       62045000	      6105	80000ee8	4319	c.li	x6,6	  x6=0x00000006
       62055000	      6106	80000eea	0322	c.slli	x6,0x8	  x6:0x00000006  x6=0x00000600
       62065000	      6107	80000eec	00030313	addi	x6,x6,0	  x6:0x00000600  x6=0x00000600
       62075000	      6108	80000ef0	006a2023	sw	x6,0(x20)	 x20:0x8ffffffc  x6:0x00000600 PA:0x8ffffffc store:0x00000600 load:0x00000000
       62085000	      6109	80000ef4	34202373	csrrs	x6,mcause,x0	  x0:0x00000000  x6=0x8000000b
       62095000	      6110	80000ef8	01f35313	srli	x6,x6,0x1f	  x6:0x8000000b  x6=0x00000001
       62105000	      6111	80000efc	06030863	beq	x6,x0,80000f6c	  x6:0x00000001  x0:0x00000000
       62115000	      6112	80000f00	90000a37	lui	x20,0x90000	 x20=0x90000000
       62125000	      6113	80000f04	1a71	c.addi	x20,-4	 x20:0x90000000 x20=0x8ffffffc
       62135000	      6114	80000f06	30000313	addi	x6,x0,768	  x0:0x00000000  x6=0x00000300
       62145000	      6115	80000f0a	0322	c.slli	x6,0x8	  x6:0x00000300  x6=0x00030000
       62155000	      6116	80000f0c	030d	c.addi	x6,3	  x6:0x00030000  x6=0x00030003
       62165000	      6117	80000f0e	006a2023	sw	x6,0(x20)	 x20:0x8ffffffc  x6:0x00030003 PA:0x8ffffffc store:0x00030003 load:0x00000000
       62175000	      6118	80000f12	30002373	csrrs	x6,mstatus,x0	  x0:0x00000000  x6=0x00000080
       62185000	      6119	80000f16	006a2023	sw	x6,0(x20)	 x20:0x8ffffffc  x6:0x00000080 PA:0x8ffffffc store:0x00000080 load:0x00000000
       62195000	      6120	80000f1a	90000a37	lui	x20,0x90000	 x20=0x90000000
       62205000	      6121	80000f1e	1a71	c.addi	x20,-4	 x20:0x90000000 x20=0x8ffffffc
       62215000	      6122	80000f20	34200313	addi	x6,x0,834	  x0:0x00000000  x6=0x00000342
       62225000	      6123	80000f24	0322	c.slli	x6,0x8	  x6:0x00000342  x6=0x00034200
       62235000	      6124	80000f26	030d	c.addi	x6,3	  x6:0x00034200  x6=0x00034203
       62245000	      6125	80000f28	006a2023	sw	x6,0(x20)	 x20:0x8ffffffc  x6:0x00034203 PA:0x8ffffffc store:0x00034203 load:0x00000000
       62255000	      6126	80000f2c	34202373	csrrs	x6,mcause,x0	  x0:0x00000000  x6=0x8000000b
       62265000	      6127	80000f30	006a2023	sw	x6,0(x20)	 x20:0x8ffffffc  x6:0x8000000b PA:0x8ffffffc store:0x8000000b load:0x00000000
       62275000	      6128	80000f34	90000a37	lui	x20,0x90000	 x20=0x90000000
       62285000	      6129	80000f38	1a71	c.addi	x20,-4	 x20:0x90000000 x20=0x8ffffffc
       62295000	      6130	80000f3a	30400313	addi	x6,x0,772	  x0:0x00000000  x6=0x00000304
       62305000	      6131	80000f3e	0322	c.slli	x6,0x8	  x6:0x00000304  x6=0x00030400
       62315000	      6132	80000f40	030d	c.addi	x6,3	  x6:0x00030400  x6=0x00030403
       62325000	      6133	80000f42	006a2023	sw	x6,0(x20)	 x20:0x8ffffffc  x6:0x00030403 PA:0x8ffffffc store:0x00030403 load:0x00000000
       62335000	      6134	80000f46	30402373	csrrs	x6,mie,x0	  x0:0x00000000  x6=0x53ac0888
       62345000	      6135	80000f4a	006a2023	sw	x6,0(x20)	 x20:0x8ffffffc  x6:0x53ac0888 PA:0x8ffffffc store:0x53ac0888 load:0x00000000
       62355000	      6136	80000f4e	90000a37	lui	x20,0x90000	 x20=0x90000000
       62365000	      6137	80000f52	1a71	c.addi	x20,-4	 x20:0x90000000 x20=0x8ffffffc
       62375000	      6138	80000f54	34400313	addi	x6,x0,836	  x0:0x00000000  x6=0x00000344
       62385000	      6139	80000f58	0322	c.slli	x6,0x8	  x6:0x00000344  x6=0x00034400
       62395000	      6140	80000f5a	030d	c.addi	x6,3	  x6:0x00034400  x6=0x00034403
       62405000	      6141	80000f5c	006a2023	sw	x6,0(x20)	 x20:0x8ffffffc  x6:0x00034403 PA:0x8ffffffc store:0x00034403 load:0x00000000
       62415000	      6142	80000f60	34402373	csrrs	x6,mip,x0	  x0:0x00000000  x6=0x00000000
       62425000	      6143	80000f64	006a2023	sw	x6,0(x20)	 x20:0x8ffffffc  x6:0x00000000 PA:0x8ffffffc store:0x00000000 load:0x00000000
       62435000	      6144	80000f68	10d1106f	jal	x0,80012874	  x0=0x00000000
       62455000	      6146	80012874	30002373	csrrs	x6,mstatus,x0	  x0:0x00000000  x6=0x00000080
       62465000	      6147	80012878	30402373	csrrs	x6,mie,x0	  x0:0x00000000  x6=0x53ac0888
       62475000	      6148	8001287c	34402373	csrrs	x6,mip,x0	  x0:0x00000000  x6=0x00000000
       62485000	      6149	80012880	34433373	csrrc	x6,mip,x6	  x6:0x00000000  x6=0x00000000
       62515000	      6152	80012884	90000a37	lui	x20,0x90000	 x20=0x90000000
       62525000	      6153	80012888	1a71	c.addi	x20,-4	 x20:0x90000000 x20=0x8ffffffc
       62535000	      6154	8001288a	431d	c.li	x6,7	  x6=0x00000007
       62545000	      6155	8001288c	0322	c.slli	x6,0x8	  x6:0x00000007  x6=0x00000700
       62555000	      6156	8001288e	00030313	addi	x6,x6,0	  x6:0x00000700  x6=0x00000700
       62565000	      6157	80012892	006a2023	sw	x6,0(x20)	 x20:0x8ffffffc  x6:0x00000700 PA:0x8ffffffc store:0x00000700 load:0x00000000
       62575000	      6158	80012896	00070633	add	x12,x14,x0	 x14:0x8002cc60  x0:0x00000000 x12=0x8002cc60
       62585000	      6159	8001289a	00462083	lw	x1,4(x12)	 x12:0x8002cc60  x1=0x00000000 PA:0x8002cc64 load:0x00000000
       62595000	      6160	8001289e	00862103	lw	x2,8(x12)	 x12:0x8002cc60  x2=0xf5e39895 PA:0x8002cc68 load:0xf5e39895
       62605000	      6161	800128a2	00c62183	lw	x3,12(x12)	 x12:0x8002cc60  x3=0x00000000 PA:0x8002cc6c load:0x00000000
       62615000	      6162	800128a6	01062203	lw	x4,16(x12)	 x12:0x8002cc60  x4=0x0000000e PA:0x8002cc70 load:0x0000000e
       62625000	      6163	800128aa	01462283	lw	x5,20(x12)	 x12:0x8002cc60  x5=0x00000000 PA:0x8002cc74 load:0x00000000
       62635000	      6164	800128ae	01862303	lw	x6,24(x12)	 x12:0x8002cc60  x6=0xffffff8a PA:0x8002cc78 load:0xffffff8a
       62645000	      6165	800128b2	01c62383	lw	x7,28(x12)	 x12:0x8002cc60  x7=0x8001342a PA:0x8002cc7c load:0x8001342a
       62655000	      6166	800128b6	5200	c.lw	x8,32(x12)	 x12:0x8002cc60  x8=0x00000056 PA:0x8002cc80 load:0x00000056
       62665000	      6167	800128b8	5244	c.lw	x9,36(x12)	 x12:0x8002cc60  x9=0x80013e26 PA:0x8002cc84 load:0x80013e26
       62675000	      6168	800128ba	5608	c.lw	x10,40(x12)	 x12:0x8002cc60 x10=0xffffffba PA:0x8002cc88 load:0xffffffba
       62685000	      6169	800128bc	564c	c.lw	x11,44(x12)	 x12:0x8002cc60 x11=0x80019805 PA:0x8002cc8c load:0x80019805
       62695000	      6170	800128be	5a10	c.lw	x12,48(x12)	 x12:0x8002cc60 x12=0x8002cc60 PA:0x8002cc90 load:0x8002cc60
       62715000	      6172	800128c0	5a54	c.lw	x13,52(x12)	 x12:0x8002cc60 x13=0xffffffd8 PA:0x8002cc94 load:0xffffffd8
       62725000	      6173	800128c2	5e18	c.lw	x14,56(x12)	 x12:0x8002cc60 x14=0x8002cce0 PA:0x8002cc98 load:0x8002cce0
       62735000	      6174	800128c4	5e5c	c.lw	x15,60(x12)	 x12:0x8002cc60 x15=0x00000000 PA:0x8002cc9c load:0x00000000
       62745000	      6175	800128c6	04062803	lw	x16,64(x12)	 x12:0x8002cc60 x16=0xfffface4 PA:0x8002cca0 load:0xfffface4
       62755000	      6176	800128ca	04462883	lw	x17,68(x12)	 x12:0x8002cc60 x17=0x00000000 PA:0x8002cca4 load:0x00000000
       62765000	      6177	800128ce	04862903	lw	x18,72(x12)	 x12:0x8002cc60 x18=0x00000000 PA:0x8002cca8 load:0x00000000
       62775000	      6178	800128d2	04c62983	lw	x19,76(x12)	 x12:0x8002cc60 x19=0xb8b9babb PA:0x8002ccac load:0xb8b9babb
       62785000	      6179	800128d6	05062a03	lw	x20,80(x12)	 x12:0x8002cc60 x20=0xffffffff PA:0x8002ccb0 load:0xffffffff
       62795000	      6180	800128da	05462a83	lw	x21,84(x12)	 x12:0x8002cc60 x21=0x000000c5 PA:0x8002ccb4 load:0x000000c5
       62805000	      6181	800128de	05862b03	lw	x22,88(x12)	 x12:0x8002cc60 x22=0xffffffff PA:0x8002ccb8 load:0xffffffff
       62815000	      6182	800128e2	05c62b83	lw	x23,92(x12)	 x12:0x8002cc60 x23=0x00000000 PA:0x8002ccbc load:0x00000000
       62825000	      6183	800128e6	06062c03	lw	x24,96(x12)	 x12:0x8002cc60 x24=0x00000000 PA:0x8002ccc0 load:0x00000000
       62835000	      6184	800128ea	06462c83	lw	x25,100(x12)	 x12:0x8002cc60 x25=0x00006056 PA:0x8002ccc4 load:0x00006056
       62845000	      6185	800128ee	06862d03	lw	x26,104(x12)	 x12:0x8002cc60 x26=0x00006b6d PA:0x8002ccc8 load:0x00006b6d
       62855000	      6186	800128f2	06c62d83	lw	x27,108(x12)	 x12:0x8002cc60 x27=0xc4515000 PA:0x8002cccc load:0xc4515000
       62865000	      6187	800128f6	07062e03	lw	x28,112(x12)	 x12:0x8002cc60 x28=0x00006000 PA:0x8002ccd0 load:0x00006000
       62875000	      6188	800128fa	07462e83	lw	x29,116(x12)	 x12:0x8002cc60 x29=0xffffffa9 PA:0x8002ccd4 load:0xffffffa9
       62885000	      6189	800128fe	07862f03	lw	x30,120(x12)	 x12:0x8002cc60 x30=0xfffffff0 PA:0x8002ccd8 load:0xfffffff0
       62895000	      6190	80012902	07c62f83	lw	x31,124(x12)	 x12:0x8002cc60 x31=0x000000e3 PA:0x8002ccdc load:0x000000e3
       62905000	      6191	80012906	08060613	addi	x12,x12,128	 x12:0x8002cc60 x12=0x8002cce0
       62915000	      6192	8001290a	00060733	add	x14,x12,x0	 x12:0x8002cce0  x0:0x00000000 x14=0x8002cce0
       62925000	      6193	8001290e	4310	c.lw	x12,0(x14)	 x14:0x8002cce0 x12=0x80028e20 PA:0x8002cce0 load:0x80028e20
       62935000	      6194	80012910	0711	c.addi	x14,4	 x14:0x8002cce0 x14=0x8002cce4
       62945000	      6195	80012912	30200073	mret	
       62975000	      6198	8000a7b8	0001	c.addi	x0,0	  x0:0x00000000  x0=0x00000000
       62985000	      6199	8000a7ba	01939f23	sh	x25,30(x7)	  x7:0x8001342a x25:0x00006056 PA:0x80013448 store:0x00006056 load:0x00000000
       62995000	      6200	8000a7be	008389a3	sb	x8,19(x7)	  x7:0x8001342a  x8:0x00000056 PA:0x8001343d store:0x00000056 load:0x00000000
       63005000	      6201	8000a7c2	5d7d	c.li	x26,-1	 x26=0xffffffff
       63015000	      6202	8000a7c4	00338023	sb	x3,0(x7)	  x7:0x8001342a  x3:0x00000000 PA:0x8001342a store:0x00000000 load:0x00000000
       63025000	      6203	8000a7c8	00738783	lb	x15,7(x7)	  x7:0x8001342a x15=0xffffffea PA:0x80013431 load:0xffffffea
       63035000	      6204	8000a7cc	fec383a3	sb	x12,-25(x7)	  x7:0x8001342a x12:0x80028e20 PA:0x80013411 store:0x80028e20 load:0x00000000
       63045000	      6205	8000a7d0	03639883	lh	x17,54(x7)	  x7:0x8001342a x17=0x00001a1b PA:0x80013460 load:0x00001a1b
       63055000	      6206	8000a7d4	0093c083	lbu	x1,9(x7)	  x7:0x8001342a  x1=0x000000e8 PA:0x80013433 load:0x000000e8
       63065000	      6207	8000a7d8	fe839e23	sh	x8,-4(x7)	  x7:0x8001342a  x8:0x00000056 PA:0x80013426 store:0x00000056 load:0x00000000
       63105000	      6211	8000a7dc	02baa933	mulhsu	x18,x21,x11	 x21:0x000000c5 x11:0x80019805 x18=0x00000062
       63115000	      6212	8000a7e0	00538a83	lb	x21,5(x7)	  x7:0x8001342a x21=0xffffffe4 PA:0x8001342f load:0xffffffe4
       63125000	      6213	8000a7e4	0001	c.addi	x0,0	  x0:0x00000000  x0=0x00000000
       63135000	      6214	8000a7e6	fc838003	lb	x0,-56(x7)	  x7:0x8001342a  x0=0x00000000 PA:0x800133f2 load:0xffffffa9
       63145000	      6215	8000a7ea	5dc7bd13	sltiu	x26,x15,1500	 x15:0xffffffea x26=0x00000000
       63155000	      6216	8000a7ee	01e39223	sh	x30,4(x7)	  x7:0x8001342a x30:0xfffffff0 PA:0x8001342e store:0xfffffff0 load:0x00000000
       63165000	      6217	8000a7f2	00838ea3	sb	x8,29(x7)	  x7:0x8001342a  x8:0x00000056 PA:0x80013447 store:0x00000056 load:0x00000000
       63175000	      6218	8000a7f6	fef38683	lb	x13,-17(x7)	  x7:0x8001342a x13=0xffffffd2 PA:0x80013419 load:0xffffffd2
       63185000	      6219	8000a7fa	00b3cc03	lbu	x24,11(x7)	  x7:0x8001342a x24=0x000000ee PA:0x80013435 load:0x000000ee
       63195000	      6220	8000a7fe	fd839d03	lh	x26,-40(x7)	  x7:0x8001342a x26=0xffffb8b9 PA:0x80013402 load:0xffffb8b9
       63205000	      6221	8000a802	8cb5	c.xor	x9,x13	  x9:0x80013e26 x13:0xffffffd2  x9=0x7ffec1f4
       63215000	      6222	8000a804	00a3d583	lhu	x11,10(x7)	  x7:0x8001342a x11=0x0000eeef PA:0x80013434 load:0x0000eeef
       63225000	      6223	8000a808	0058df93	srli	x31,x17,0x5	 x17:0x00001a1b x31=0x000000d0
       63235000	      6224	8000a80c	00739723	sh	x7,14(x7)	  x7:0x8001342a  x7:0x8001342a PA:0x80013438 store:0x8001342a load:0x00000000
       63245000	      6225	8000a810	035385a3	sb	x21,43(x7)	  x7:0x8001342a x21:0xffffffe4 PA:0x80013455 store:0xffffffe4 load:0x00000000
       63255000	      6226	8000a814	fd9386a3	sb	x25,-51(x7)	  x7:0x8001342a x25:0x00006056 PA:0x800133f7 store:0x00006056 load:0x00000000
       63265000	      6227	8000a818	fe83de83	lhu	x29,-24(x7)	  x7:0x8001342a x29=0x0000c8c9 PA:0x80013412 load:0x0000c8c9
       63275000	      6228	8000a81c	0319	c.addi	x6,6	  x6:0xffffff8a  x6=0xffffff90
       63285000	      6229	8000a81e	187d	c.addi	x16,-1	 x16:0xfffface4 x16=0xfffface3
       63295000	      6230	8000a820	0093c683	lbu	x13,9(x7)	  x7:0x8001342a x13=0x000000e8 PA:0x80013433 load:0x000000e8
       63305000	      6231	8000a824	00009497	auipc	x9,0x9	  x9=0x80013824
       63315000	      6232	8000a828	00348493	addi	x9,x9,3	  x9:0x80013824  x9=0x80013827
       63325000	      6233	8000a82c	00e4c283	lbu	x5,14(x9)	  x9:0x80013827  x5=0x000000ee PA:0x80013835 load:0x000000ee
       63345000	      6235	8000a830	8516	c.mv	x10,x5	  x0:0x00000000  x5:0x000000ee x10=0x000000ee
       63355000	      6236	8000a832	fcd49a03	lh	x20,-51(x9)	  x9:0x80013827 x20=0xffffaeaf PA:0x800137f4 load:0xffffaeaf
       63365000	      6237	8000a836	05b6	c.slli	x11,0xd	 x11:0x0000eeef x11=0x1ddde000
       63375000	      6238	8000a838	8e95	c.sub	x13,x13	 x13:0x000000e8 x13:0x000000e8 x13=0x00000000
       63385000	      6239	8000a83a	02848883	lb	x17,40(x9)	  x9:0x80013827 x17=0x00000004 PA:0x8001384f load:0x00000004
       63395000	      6240	8000a83e	40b30fb3	sub	x31,x6,x11	  x6:0xffffff90 x11:0x1ddde000 x31=0xe2221f90
       63405000	      6241	8000a842	8d95	c.sub	x11,x13	 x11:0x1ddde000 x13:0x00000000 x11=0x1ddde000
       63415000	      6242	8000a844	fe448323	sb	x4,-26(x9)	  x9:0x80013827  x4:0x0000000e PA:0x8001380d store:0x0000000e load:0x00000000
       63425000	      6243	8000a848	00d2d293	srli	x5,x5,0xd	  x5:0x000000ee  x5=0x00000000
       63435000	      6244	8000a84c	fcf49ba3	sh	x15,-41(x9)	  x9:0x80013827 x15:0xffffffea PA:0x800137fe store:0xffffffea load:0x00000000
       63445000	      6245	8000a850	858d	c.srai	x11,0x3	 x11:0x1ddde000 x11=0x03bbbc00
       63455000	      6246	8000a852	8795	c.srai	x15,0x5	 x15:0xffffffea x15=0xffffffff
       63465000	      6247	8000a854	fc24a8a3	sw	x2,-47(x9)	  x9:0x80013827  x2:0xf5e39895 PA:0x800137f8 store:0xf5e39895 load:0x00000000
       63475000	      6248	8000a858	fcd4c783	lbu	x15,-51(x9)	  x9:0x80013827 x15=0x000000af PA:0x800137f4 load:0x000000af
       63845000	      6285	8000a85c	03596833	rem	x16,x18,x21	 x18:0x00000062 x21:0xffffffe4 x16=0x0000000e
       63855000	      6286	8000a860	0a36	c.slli	x20,0xd	 x20:0xffffaeaf x20=0xf5d5e000
       63865000	      6287	8000a862	02b49783	lh	x15,43(x9)	  x9:0x80013827 x15=0x00000809 PA:0x80013852 load:0x00000809
       63875000	      6288	8000a866	00ba	c.slli	x1,0xe	  x1:0x000000e8  x1=0x003a0000
       63885000	      6289	8000a868	fc84c383	lbu	x7,-56(x9)	  x9:0x80013827  x7=0x000000a4 PA:0x800137ef load:0x000000a4
       63895000	      6290	8000a86c	0f06	c.slli	x30,0x1	 x30:0xfffffff0 x30=0xffffffe0
       63905000	      6291	8000a86e	fdc48783	lb	x15,-36(x9)	  x9:0x80013827 x15=0xffffffb8 PA:0x80013803 load:0xffffffb8
       64275000	      6328	8000a872	03acd8b3	divu	x17,x25,x26	 x25:0x00006056 x26:0xffffb8b9 x17=0x00000000
       64285000	      6329	8000a876	00016033	or	x0,x2,x0	  x2:0xf5e39895  x0:0x00000000  x0=0x00000000
       64295000	      6330	8000a87a	0000100f	fence.i	
       64325000	      6333	8000a87e	fdc48203	lb	x4,-36(x9)	  x9:0x80013827  x4=0xffffffb8 PA:0x80013803 load:0xffffffb8
       64335000	      6334	8000a882	630bb997	auipc	x19,0x630bb	 x19=0xe30c5882
       64345000	      6335	8000a886	03f48fa3	sb	x31,63(x9)	  x9:0x80013827 x31:0xe2221f90 PA:0x80013866 store:0xe2221f90 load:0x00000000
       64355000	      6336	8000a88a	01948fa3	sb	x25,31(x9)	  x9:0x80013827 x25:0x00006056 PA:0x80013846 store:0x00006056 load:0x00000000
       64365000	      6337	8000a88e	ff148da3	sb	x17,-5(x9)	  x9:0x80013827 x17:0x00000000 PA:0x80013822 store:0x00000000 load:0x00000000
       64375000	      6338	8000a892	595d	c.li	x18,-9	 x18=0xfffffff7
       64385000	      6339	8000a894	8cd9	c.or	x9,x14	  x9:0x80013827 x14:0x8002cce4  x9=0x8003fce7
       64415000	      6342	8000a896	02d70fb3	mul	x31,x14,x13	 x14:0x8002cce4 x13:0x00000000 x31=0x00000000
       64425000	      6343	8000a89a	01c221b3	slt	x3,x4,x28	  x4:0xffffffb8 x28:0x00006000  x3=0x00000001
       64435000	      6344	8000a89e	8d37c693	xori	x13,x15,-1837	 x15:0xffffffb8 x13=0x0000076b
       64445000	      6345	8000a8a2	5439	c.li	x8,-18	  x8=0xffffffee
       64455000	      6346	8000a8a4	8dfa2693	slti	x13,x20,-1825	 x20:0xf5d5e000 x13=0x00000001
       64465000	      6347	8000a8a8	1975	c.addi	x18,-3	 x18:0xfffffff7 x18=0xfffffff4
       64495000	      6350	8000a8aa	024003b3	mul	x7,x0,x4	  x0:0x00000000  x4:0xffffffb8  x7=0x00000000
       64505000	      6351	8000a8ae	0001	c.addi	x0,0	  x0:0x00000000  x0=0x00000000
       64515000	      6352	8000a8b0	fe891ae3	bne	x18,x8,8000a8a4	 x18:0xfffffff4  x8:0xffffffee
       64535000	      6354	8000a8a4	8dfa2693	slti	x13,x20,-1825	 x20:0xf5d5e000 x13=0x00000001
       64545000	      6355	8000a8a8	1975	c.addi	x18,-3	 x18:0xfffffff4 x18=0xfffffff1
       64575000	      6358	8000a8aa	024003b3	mul	x7,x0,x4	  x0:0x00000000  x4:0xffffffb8  x7=0x00000000
       64585000	      6359	8000a8ae	0001	c.addi	x0,0	  x0:0x00000000  x0=0x00000000
       64595000	      6360	8000a8b0	fe891ae3	bne	x18,x8,8000a8a4	 x18:0xfffffff1  x8:0xffffffee
       64615000	      6362	8000a8a4	8dfa2693	slti	x13,x20,-1825	 x20:0xf5d5e000 x13=0x00000001
       64625000	      6363	8000a8a8	1975	c.addi	x18,-3	 x18:0xfffffff1 x18=0xffffffee
       64655000	      6366	8000a8aa	024003b3	mul	x7,x0,x4	  x0:0x00000000  x4:0xffffffb8  x7=0x00000000
       64665000	      6367	8000a8ae	0001	c.addi	x0,0	  x0:0x00000000  x0=0x00000000
       64675000	      6368	8000a8b0	fe891ae3	bne	x18,x8,8000a8a4	 x18:0xffffffee  x8:0xffffffee
       64715000	      6372	8000252c	93bfe06f	jal	x0,80000e66	  x0=0x00000000
       64735000	      6374	80000e66	1771	c.addi	x14,-4	 x14:0x8002cce4 x14=0x8002cce0
       64745000	      6375	80000e68	c310	c.sw	x12,0(x14)	 x14:0x8002cce0 x12:0x80028e20 PA:0x8002cce0 store:0x80028e20 load:0x00000000
       64755000	      6376	80000e6a	00070633	add	x12,x14,x0	 x14:0x8002cce0  x0:0x00000000 x12=0x8002cce0
       64765000	      6377	80000e6e	f8060613	addi	x12,x12,-128	 x12:0x8002cce0 x12=0x8002cc60
       64775000	      6378	80000e72	00162223	sw	x1,4(x12)	 x12:0x8002cc60  x1:0x003a0000 PA:0x8002cc64 store:0x003a0000 load:0x00000000
       64785000	      6379	80000e76	00262423	sw	x2,8(x12)	 x12:0x8002cc60  x2:0xf5e39895 PA:0x8002cc68 store:0xf5e39895 load:0x00000000
       64795000	      6380	80000e7a	00362623	sw	x3,12(x12)	 x12:0x8002cc60  x3:0x00000001 PA:0x8002cc6c store:0x00000001 load:0x00000000
       64805000	      6381	80000e7e	00462823	sw	x4,16(x12)	 x12:0x8002cc60  x4:0xffffffb8 PA:0x8002cc70 store:0xffffffb8 load:0x00000000
       64815000	      6382	80000e82	00562a23	sw	x5,20(x12)	 x12:0x8002cc60  x5:0x00000000 PA:0x8002cc74 store:0x00000000 load:0x00000000
       64825000	      6383	80000e86	00662c23	sw	x6,24(x12)	 x12:0x8002cc60  x6:0xffffff90 PA:0x8002cc78 store:0xffffff90 load:0x00000000
       64835000	      6384	80000e8a	00762e23	sw	x7,28(x12)	 x12:0x8002cc60  x7:0x00000000 PA:0x8002cc7c store:0x00000000 load:0x00000000
       64845000	      6385	80000e8e	d200	c.sw	x8,32(x12)	 x12:0x8002cc60  x8:0xffffffee PA:0x8002cc80 store:0xffffffee load:0x00000000
       64855000	      6386	80000e90	d244	c.sw	x9,36(x12)	 x12:0x8002cc60  x9:0x8003fce7 PA:0x8002cc84 store:0x8003fce7 load:0x00000000
       64865000	      6387	80000e92	d608	c.sw	x10,40(x12)	 x12:0x8002cc60 x10:0x000000ee PA:0x8002cc88 store:0x000000ee load:0x00000000
       64875000	      6388	80000e94	d64c	c.sw	x11,44(x12)	 x12:0x8002cc60 x11:0x03bbbc00 PA:0x8002cc8c store:0x03bbbc00 load:0x00000000
       64885000	      6389	80000e96	da10	c.sw	x12,48(x12)	 x12:0x8002cc60 x12:0x8002cc60 PA:0x8002cc90 store:0x8002cc60 load:0x00000000
       64895000	      6390	80000e98	da54	c.sw	x13,52(x12)	 x12:0x8002cc60 x13:0x00000001 PA:0x8002cc94 store:0x00000001 load:0x00000000
       64905000	      6391	80000e9a	de18	c.sw	x14,56(x12)	 x12:0x8002cc60 x14:0x8002cce0 PA:0x8002cc98 store:0x8002cce0 load:0x00000000
       64915000	      6392	80000e9c	de5c	c.sw	x15,60(x12)	 x12:0x8002cc60 x15:0xffffffb8 PA:0x8002cc9c store:0xffffffb8 load:0x00000000
       64925000	      6393	80000e9e	05062023	sw	x16,64(x12)	 x12:0x8002cc60 x16:0x0000000e PA:0x8002cca0 store:0x0000000e load:0x00000000
       64935000	      6394	80000ea2	05162223	sw	x17,68(x12)	 x12:0x8002cc60 x17:0x00000000 PA:0x8002cca4 store:0x00000000 load:0x00000000
       64945000	      6395	80000ea6	05262423	sw	x18,72(x12)	 x12:0x8002cc60 x18:0xffffffee PA:0x8002cca8 store:0xffffffee load:0x00000000
       64955000	      6396	80000eaa	05362623	sw	x19,76(x12)	 x12:0x8002cc60 x19:0xe30c5882 PA:0x8002ccac store:0xe30c5882 load:0x00000000
       64965000	      6397	80000eae	05462823	sw	x20,80(x12)	 x12:0x8002cc60 x20:0xf5d5e000 PA:0x8002ccb0 store:0xf5d5e000 load:0x00000000
       64975000	      6398	80000eb2	05562a23	sw	x21,84(x12)	 x12:0x8002cc60 x21:0xffffffe4 PA:0x8002ccb4 store:0xffffffe4 load:0x00000000
       64985000	      6399	80000eb6	05662c23	sw	x22,88(x12)	 x12:0x8002cc60 x22:0xffffffff PA:0x8002ccb8 store:0xffffffff load:0x00000000
       64995000	      6400	80000eba	05762e23	sw	x23,92(x12)	 x12:0x8002cc60 x23:0x00000000 PA:0x8002ccbc store:0x00000000 load:0x00000000
       65005000	      6401	80000ebe	07862023	sw	x24,96(x12)	 x12:0x8002cc60 x24:0x000000ee PA:0x8002ccc0 store:0x000000ee load:0x00000000
       65015000	      6402	80000ec2	07962223	sw	x25,100(x12)	 x12:0x8002cc60 x25:0x00006056 PA:0x8002ccc4 store:0x00006056 load:0x00000000
       65025000	      6403	80000ec6	07a62423	sw	x26,104(x12)	 x12:0x8002cc60 x26:0xffffb8b9 PA:0x8002ccc8 store:0xffffb8b9 load:0x00000000
       65035000	      6404	80000eca	07b62623	sw	x27,108(x12)	 x12:0x8002cc60 x27:0xc4515000 PA:0x8002cccc store:0xc4515000 load:0x00000000
       65045000	      6405	80000ece	07c62823	sw	x28,112(x12)	 x12:0x8002cc60 x28:0x00006000 PA:0x8002ccd0 store:0x00006000 load:0x00000000
       65055000	      6406	80000ed2	07d62a23	sw	x29,116(x12)	 x12:0x8002cc60 x29:0x0000c8c9 PA:0x8002ccd4 store:0x0000c8c9 load:0x00000000
       65065000	      6407	80000ed6	07e62c23	sw	x30,120(x12)	 x12:0x8002cc60 x30:0xffffffe0 PA:0x8002ccd8 store:0xffffffe0 load:0x00000000
       65075000	      6408	80000eda	07f62e23	sw	x31,124(x12)	 x12:0x8002cc60 x31:0x00000000 PA:0x8002ccdc store:0x00000000 load:0x00000000
       65085000	      6409	80000ede	00060733	add	x14,x12,x0	 x12:0x8002cc60  x0:0x00000000 x14=0x8002cc60
       65095000	      6410	80000ee2	90000a37	lui	x20,0x90000	 x20=0x90000000
       65105000	      6411	80000ee6	1a71	c.addi	x20,-4	 x20:0x90000000 x20=0x8ffffffc
       65115000	      6412	80000ee8	4319	c.li	x6,6	  x6=0x00000006
       65125000	      6413	80000eea	0322	c.slli	x6,0x8	  x6:0x00000006  x6=0x00000600
       65135000	      6414	80000eec	00030313	addi	x6,x6,0	  x6:0x00000600  x6=0x00000600
       65145000	      6415	80000ef0	006a2023	sw	x6,0(x20)	 x20:0x8ffffffc  x6:0x00000600 PA:0x8ffffffc store:0x00000600 load:0x00000000
       65155000	      6416	80000ef4	34202373	csrrs	x6,mcause,x0	  x0:0x00000000  x6=0x8000000b
       65165000	      6417	80000ef8	01f35313	srli	x6,x6,0x1f	  x6:0x8000000b  x6=0x00000001
       65175000	      6418	80000efc	06030863	beq	x6,x0,80000f6c	  x6:0x00000001  x0:0x00000000
       65185000	      6419	80000f00	90000a37	lui	x20,0x90000	 x20=0x90000000
       65195000	      6420	80000f04	1a71	c.addi	x20,-4	 x20:0x90000000 x20=0x8ffffffc
       65205000	      6421	80000f06	30000313	addi	x6,x0,768	  x0:0x00000000  x6=0x00000300
       65215000	      6422	80000f0a	0322	c.slli	x6,0x8	  x6:0x00000300  x6=0x00030000
       65225000	      6423	80000f0c	030d	c.addi	x6,3	  x6:0x00030000  x6=0x00030003
       65235000	      6424	80000f0e	006a2023	sw	x6,0(x20)	 x20:0x8ffffffc  x6:0x00030003 PA:0x8ffffffc store:0x00030003 load:0x00000000
       65245000	      6425	80000f12	30002373	csrrs	x6,mstatus,x0	  x0:0x00000000  x6=0x00000080
       65255000	      6426	80000f16	006a2023	sw	x6,0(x20)	 x20:0x8ffffffc  x6:0x00000080 PA:0x8ffffffc store:0x00000080 load:0x00000000
       65265000	      6427	80000f1a	90000a37	lui	x20,0x90000	 x20=0x90000000
       65275000	      6428	80000f1e	1a71	c.addi	x20,-4	 x20:0x90000000 x20=0x8ffffffc
       65285000	      6429	80000f20	34200313	addi	x6,x0,834	  x0:0x00000000  x6=0x00000342
       65295000	      6430	80000f24	0322	c.slli	x6,0x8	  x6:0x00000342  x6=0x00034200
       65305000	      6431	80000f26	030d	c.addi	x6,3	  x6:0x00034200  x6=0x00034203
       65315000	      6432	80000f28	006a2023	sw	x6,0(x20)	 x20:0x8ffffffc  x6:0x00034203 PA:0x8ffffffc store:0x00034203 load:0x00000000
       65325000	      6433	80000f2c	34202373	csrrs	x6,mcause,x0	  x0:0x00000000  x6=0x8000000b
       65335000	      6434	80000f30	006a2023	sw	x6,0(x20)	 x20:0x8ffffffc  x6:0x8000000b PA:0x8ffffffc store:0x8000000b load:0x00000000
       65345000	      6435	80000f34	90000a37	lui	x20,0x90000	 x20=0x90000000
       65355000	      6436	80000f38	1a71	c.addi	x20,-4	 x20:0x90000000 x20=0x8ffffffc
       65365000	      6437	80000f3a	30400313	addi	x6,x0,772	  x0:0x00000000  x6=0x00000304
       65375000	      6438	80000f3e	0322	c.slli	x6,0x8	  x6:0x00000304  x6=0x00030400
       65385000	      6439	80000f40	030d	c.addi	x6,3	  x6:0x00030400  x6=0x00030403
       65395000	      6440	80000f42	006a2023	sw	x6,0(x20)	 x20:0x8ffffffc  x6:0x00030403 PA:0x8ffffffc store:0x00030403 load:0x00000000
       65405000	      6441	80000f46	30402373	csrrs	x6,mie,x0	  x0:0x00000000  x6=0x53ac0888
       65415000	      6442	80000f4a	006a2023	sw	x6,0(x20)	 x20:0x8ffffffc  x6:0x53ac0888 PA:0x8ffffffc store:0x53ac0888 load:0x00000000
       65425000	      6443	80000f4e	90000a37	lui	x20,0x90000	 x20=0x90000000
       65435000	      6444	80000f52	1a71	c.addi	x20,-4	 x20:0x90000000 x20=0x8ffffffc
       65445000	      6445	80000f54	34400313	addi	x6,x0,836	  x0:0x00000000  x6=0x00000344
       65455000	      6446	80000f58	0322	c.slli	x6,0x8	  x6:0x00000344  x6=0x00034400
       65465000	      6447	80000f5a	030d	c.addi	x6,3	  x6:0x00034400  x6=0x00034403
       65475000	      6448	80000f5c	006a2023	sw	x6,0(x20)	 x20:0x8ffffffc  x6:0x00034403 PA:0x8ffffffc store:0x00034403 load:0x00000000
       65485000	      6449	80000f60	34402373	csrrs	x6,mip,x0	  x0:0x00000000  x6=0x00000000
       65495000	      6450	80000f64	006a2023	sw	x6,0(x20)	 x20:0x8ffffffc  x6:0x00000000 PA:0x8ffffffc store:0x00000000 load:0x00000000
       65505000	      6451	80000f68	10d1106f	jal	x0,80012874	  x0=0x00000000
       65525000	      6453	80012874	30002373	csrrs	x6,mstatus,x0	  x0:0x00000000  x6=0x00000080
       65535000	      6454	80012878	30402373	csrrs	x6,mie,x0	  x0:0x00000000  x6=0x53ac0888
       65545000	      6455	8001287c	34402373	csrrs	x6,mip,x0	  x0:0x00000000  x6=0x00000000
       65555000	      6456	80012880	34433373	csrrc	x6,mip,x6	  x6:0x00000000  x6=0x00000000
       65585000	      6459	80012884	90000a37	lui	x20,0x90000	 x20=0x90000000
       65595000	      6460	80012888	1a71	c.addi	x20,-4	 x20:0x90000000 x20=0x8ffffffc
       65605000	      6461	8001288a	431d	c.li	x6,7	  x6=0x00000007
       65615000	      6462	8001288c	0322	c.slli	x6,0x8	  x6:0x00000007  x6=0x00000700
       65625000	      6463	8001288e	00030313	addi	x6,x6,0	  x6:0x00000700  x6=0x00000700
       65635000	      6464	80012892	006a2023	sw	x6,0(x20)	 x20:0x8ffffffc  x6:0x00000700 PA:0x8ffffffc store:0x00000700 load:0x00000000
       65645000	      6465	80012896	00070633	add	x12,x14,x0	 x14:0x8002cc60  x0:0x00000000 x12=0x8002cc60
       65655000	      6466	8001289a	00462083	lw	x1,4(x12)	 x12:0x8002cc60  x1=0x003a0000 PA:0x8002cc64 load:0x003a0000
       65665000	      6467	8001289e	00862103	lw	x2,8(x12)	 x12:0x8002cc60  x2=0xf5e39895 PA:0x8002cc68 load:0xf5e39895
       65675000	      6468	800128a2	00c62183	lw	x3,12(x12)	 x12:0x8002cc60  x3=0x00000001 PA:0x8002cc6c load:0x00000001
       65685000	      6469	800128a6	01062203	lw	x4,16(x12)	 x12:0x8002cc60  x4=0xffffffb8 PA:0x8002cc70 load:0xffffffb8
       65695000	      6470	800128aa	01462283	lw	x5,20(x12)	 x12:0x8002cc60  x5=0x00000000 PA:0x8002cc74 load:0x00000000
       65705000	      6471	800128ae	01862303	lw	x6,24(x12)	 x12:0x8002cc60  x6=0xffffff90 PA:0x8002cc78 load:0xffffff90
       65715000	      6472	800128b2	01c62383	lw	x7,28(x12)	 x12:0x8002cc60  x7=0x00000000 PA:0x8002cc7c load:0x00000000
       65725000	      6473	800128b6	5200	c.lw	x8,32(x12)	 x12:0x8002cc60  x8=0xffffffee PA:0x8002cc80 load:0xffffffee
       65735000	      6474	800128b8	5244	c.lw	x9,36(x12)	 x12:0x8002cc60  x9=0x8003fce7 PA:0x8002cc84 load:0x8003fce7
       65745000	      6475	800128ba	5608	c.lw	x10,40(x12)	 x12:0x8002cc60 x10=0x000000ee PA:0x8002cc88 load:0x000000ee
       65755000	      6476	800128bc	564c	c.lw	x11,44(x12)	 x12:0x8002cc60 x11=0x03bbbc00 PA:0x8002cc8c load:0x03bbbc00
       65765000	      6477	800128be	5a10	c.lw	x12,48(x12)	 x12:0x8002cc60 x12=0x8002cc60 PA:0x8002cc90 load:0x8002cc60
       65785000	      6479	800128c0	5a54	c.lw	x13,52(x12)	 x12:0x8002cc60 x13=0x00000001 PA:0x8002cc94 load:0x00000001
       65795000	      6480	800128c2	5e18	c.lw	x14,56(x12)	 x12:0x8002cc60 x14=0x8002cce0 PA:0x8002cc98 load:0x8002cce0
       65805000	      6481	800128c4	5e5c	c.lw	x15,60(x12)	 x12:0x8002cc60 x15=0xffffffb8 PA:0x8002cc9c load:0xffffffb8
       65815000	      6482	800128c6	04062803	lw	x16,64(x12)	 x12:0x8002cc60 x16=0x0000000e PA:0x8002cca0 load:0x0000000e
       65825000	      6483	800128ca	04462883	lw	x17,68(x12)	 x12:0x8002cc60 x17=0x00000000 PA:0x8002cca4 load:0x00000000
       65835000	      6484	800128ce	04862903	lw	x18,72(x12)	 x12:0x8002cc60 x18=0xffffffee PA:0x8002cca8 load:0xffffffee
       65845000	      6485	800128d2	04c62983	lw	x19,76(x12)	 x12:0x8002cc60 x19=0xe30c5882 PA:0x8002ccac load:0xe30c5882
       65855000	      6486	800128d6	05062a03	lw	x20,80(x12)	 x12:0x8002cc60 x20=0xf5d5e000 PA:0x8002ccb0 load:0xf5d5e000
       65865000	      6487	800128da	05462a83	lw	x21,84(x12)	 x12:0x8002cc60 x21=0xffffffe4 PA:0x8002ccb4 load:0xffffffe4
       65875000	      6488	800128de	05862b03	lw	x22,88(x12)	 x12:0x8002cc60 x22=0xffffffff PA:0x8002ccb8 load:0xffffffff
       65885000	      6489	800128e2	05c62b83	lw	x23,92(x12)	 x12:0x8002cc60 x23=0x00000000 PA:0x8002ccbc load:0x00000000
       65895000	      6490	800128e6	06062c03	lw	x24,96(x12)	 x12:0x8002cc60 x24=0x000000ee PA:0x8002ccc0 load:0x000000ee
       65905000	      6491	800128ea	06462c83	lw	x25,100(x12)	 x12:0x8002cc60 x25=0x00006056 PA:0x8002ccc4 load:0x00006056
       65915000	      6492	800128ee	06862d03	lw	x26,104(x12)	 x12:0x8002cc60 x26=0xffffb8b9 PA:0x8002ccc8 load:0xffffb8b9
       65925000	      6493	800128f2	06c62d83	lw	x27,108(x12)	 x12:0x8002cc60 x27=0xc4515000 PA:0x8002cccc load:0xc4515000
       65935000	      6494	800128f6	07062e03	lw	x28,112(x12)	 x12:0x8002cc60 x28=0x00006000 PA:0x8002ccd0 load:0x00006000
       65945000	      6495	800128fa	07462e83	lw	x29,116(x12)	 x12:0x8002cc60 x29=0x0000c8c9 PA:0x8002ccd4 load:0x0000c8c9
       65955000	      6496	800128fe	07862f03	lw	x30,120(x12)	 x12:0x8002cc60 x30=0xffffffe0 PA:0x8002ccd8 load:0xffffffe0
       65965000	      6497	80012902	07c62f83	lw	x31,124(x12)	 x12:0x8002cc60 x31=0x00000000 PA:0x8002ccdc load:0x00000000
       65975000	      6498	80012906	08060613	addi	x12,x12,128	 x12:0x8002cc60 x12=0x8002cce0
       65985000	      6499	8001290a	00060733	add	x14,x12,x0	 x12:0x8002cce0  x0:0x00000000 x14=0x8002cce0
       65995000	      6500	8001290e	4310	c.lw	x12,0(x14)	 x14:0x8002cce0 x12=0x80028e20 PA:0x8002cce0 load:0x80028e20
       66005000	      6501	80012910	0711	c.addi	x14,4	 x14:0x8002cce0 x14=0x8002cce4
       66015000	      6502	80012912	30200073	mret	
       66045000	      6505	8000a8b4	8141	c.srli	x10,0x10	 x10:0x000000ee x10=0x00000000
       66055000	      6506	8000a8b6	5fdd	c.li	x31,-9	 x31=0xfffffff7
       66065000	      6507	8000a8b8	009071b3	and	x3,x0,x9	  x0:0x00000000  x9:0x8003fce7  x3=0x00000000
       66075000	      6508	8000a8bc	0001	c.addi	x0,0	  x0:0x00000000  x0=0x00000000
       66085000	      6509	8000a8be	00324eb3	xor	x29,x4,x3	  x4:0xffffffb8  x3:0x00000000 x29=0xffffffb8
       66095000	      6510	8000a8c2	014fcf33	xor	x30,x31,x20	 x31:0xfffffff7 x20:0xf5d5e000 x30=0x0a2a1ff7
       66105000	      6511	8000a8c6	fdff7497	auipc	x9,0xfdff7	  x9=0x7e0018c6
       66115000	      6512	8000a8ca	4925	c.li	x18,9	 x18=0x00000009
       66125000	      6513	8000a8cc	00589d33	sll	x26,x17,x5	 x17:0x00000000  x5:0x00000000 x26=0x00000000
       66135000	      6514	8000a8d0	05d2	c.slli	x11,0x14	 x11:0x03bbbc00 x11=0xc0000000
       66505000	      6551	8000a8d2	024def33	rem	x30,x27,x4	 x27:0xc4515000  x4:0xffffffb8 x30=0xffffffc0
       66515000	      6552	8000a8d6	0f99	c.addi	x31,6	 x31:0xfffffff7 x31=0xfffffffd
       66555000	      6556	8000a8d8	0341a3b3	mulhsu	x7,x3,x20	  x3:0x00000000 x20:0xf5d5e000  x7=0x00000000
       66565000	      6557	8000a8dc	56e1	c.li	x13,-8	 x13=0xfffffff8
       66575000	      6558	8000a8de	0001	c.addi	x0,0	  x0:0x00000000  x0=0x00000000
       66615000	      6562	8000a8e0	02d91333	mulh	x6,x18,x13	 x18:0x00000009 x13:0xfffffff8  x6=0xffffffff
       66625000	      6563	8000a8e4	01cce333	or	x6,x25,x28	 x25:0x00006056 x28:0x00006000  x6=0x00006056
       66635000	      6564	8000a8e8	00b82c33	slt	x24,x16,x11	 x16:0x0000000e x11:0xc0000000 x24=0x00000000
       66645000	      6565	8000a8ec	d3636593	ori	x11,x6,-714	  x6:0x00006056 x11=0xfffffd76
       66655000	      6566	8000a8f0	8fe1	c.and	x15,x8	 x15:0xffffffb8  x8:0xffffffee x15=0xffffffa8
       66695000	      6570	8000a8f2	037297b3	mulh	x15,x5,x23	  x5:0x00000000 x23:0x00000000 x15=0x00000000
       66705000	      6571	8000a8f6	01992ab3	slt	x21,x18,x25	 x18:0x00000009 x25:0x00006056 x21=0x00000001
       66715000	      6572	8000a8fa	06a1	c.addi	x13,8	 x13:0xfffffff8 x13=0x00000000
       66725000	      6573	8000a8fc	dafd	c.beqz	x13,8000a8f2	 x13:0x00000000
       66785000	      6579	8000a8f2	037297b3	mulh	x15,x5,x23	  x5:0x00000000 x23:0x00000000 x15=0x00000000
       66795000	      6580	8000a8f6	01992ab3	slt	x21,x18,x25	 x18:0x00000009 x25:0x00006056 x21=0x00000001
       66805000	      6581	8000a8fa	06a1	c.addi	x13,8	 x13:0x00000000 x13=0x00000008
       66815000	      6582	8000a8fc	dafd	c.beqz	x13,8000a8f2	 x13:0x00000008
       67185000	      6619	8000a8fe	033ac433	div	x8,x21,x19	 x21:0x00000001 x19:0xe30c5882  x8=0x00000000
       67195000	      6620	8000a902	651e4093	xori	x1,x28,1617	 x28:0x00006000  x1=0x00006651
       67565000	      6657	8000a906	02236cb3	rem	x25,x6,x2	  x6:0x00006056  x2:0xf5e39895 x25=0x00006056
       67575000	      6658	8000a90a	878d	c.srai	x15,0x3	 x15:0x00000000 x15=0x00000000
       67585000	      6659	8000a90c	fd2fe3e3	bltu	x31,x18,8000a8d2	 x31:0xfffffffd x18:0x00000009
       67625000	      6663	8000a910	03531433	mulh	x8,x6,x21	  x6:0x00006056 x21:0x00000001  x8=0x00000000
       67635000	      6664	8000a914	00009297	auipc	x5,0x9	  x5=0x80013914
       67645000	      6665	8000a918	b1b28293	addi	x5,x5,-1253	  x5:0x80013914  x5=0x8001342f
       67655000	      6666	8000a91c	408b5993	srai	x19,x22,0x8	 x22:0xffffffff x19=0xffffffff
       67695000	      6670	8000a920	0223b433	mulhu	x8,x7,x2	  x7:0x00000000  x2:0xf5e39895  x8=0x00000000
       67705000	      6671	8000a924	18c0a417	auipc	x8,0x18c0a	  x8=0x98c14924
       67715000	      6672	8000a928	00c2c083	lbu	x1,12(x5)	  x5:0x8001342f  x1=0x000000f0 PA:0x8001343b load:0x000000f0
       67725000	      6673	8000a92c	0001	c.addi	x0,0	  x0:0x00000000  x0=0x00000000
       67735000	      6674	8000a92e	013293a3	sh	x19,7(x5)	  x5:0x8001342f x19:0xffffffff PA:0x80013436 store:0xffffffff load:0x00000000
       67745000	      6675	8000a932	9976	c.add	x18,x29	 x18:0x00000009 x29:0xffffffb8 x18=0xffffffc1
       67755000	      6676	8000a934	9bfd	c.andi	x15,-1	 x15:0x00000000 x15=0x00000000
       67765000	      6677	8000a936	ff428e23	sb	x20,-4(x5)	  x5:0x8001342f x20:0xf5d5e000 PA:0x8001342b store:0xf5d5e000 load:0x00000000
       67775000	      6678	8000a93a	01f351b3	srl	x3,x6,x31	  x6:0x00006056 x31:0xfffffffd  x3=0x00000000
       67785000	      6679	8000a93e	ff329583	lh	x11,-13(x5)	  x5:0x8001342f x11=0xffffd8d9 PA:0x80013422 load:0xffffd8d9
       68155000	      6716	8000a942	0299edb3	rem	x27,x19,x9	 x19:0xffffffff  x9:0x7e0018c6 x27=0xffffffff
       68195000	      6720	8000a946	0205abb3	mulhsu	x23,x11,x0	 x11:0xffffd8d9  x0:0x00000000 x23=0x00000000
       68205000	      6721	8000a94a	8ee1	c.and	x13,x8	 x13:0x00000008  x8:0x98c14924 x13=0x00000000
       68215000	      6722	8000a94c	00398933	add	x18,x19,x3	 x19:0xffffffff  x3:0x00000000 x18=0xffffffff
       68225000	      6723	8000a950	00c28a03	lb	x20,12(x5)	  x5:0x8001342f x20=0xfffffff0 PA:0x8001343b load:0xfffffff0
       68235000	      6724	8000a954	4116d433	sra	x8,x13,x17	 x13:0x00000000 x17:0x00000000  x8=0x00000000
       68245000	      6725	8000a958	ff228c83	lb	x25,-14(x5)	  x5:0x8001342f x25=0xffffffda PA:0x80013421 load:0xffffffda
       68255000	      6726	8000a95c	ff929383	lh	x7,-7(x5)	  x5:0x8001342f  x7=0xffffe2e3 PA:0x80013428 load:0xffffe2e3
       68265000	      6727	8000a960	ff928a23	sb	x25,-12(x5)	  x5:0x8001342f x25:0xffffffda PA:0x80013423 store:0xffffffda load:0x00000000
       68275000	      6728	8000a964	fee28a23	sb	x14,-12(x5)	  x5:0x8001342f x14:0x8002cce4 PA:0x80013423 store:0x8002cce4 load:0x00000000
       68285000	      6729	8000a968	0001	c.addi	x0,0	  x0:0x00000000  x0=0x00000000
       68295000	      6730	8000a96a	00929183	lh	x3,9(x5)	  x5:0x8001342f  x3=0x0000342a PA:0x80013438 load:0x0000342a
       68305000	      6731	8000a96e	40935e93	srai	x29,x6,0x9	  x6:0x00006056 x29=0x00000030
       68315000	      6732	8000a972	10e58593	addi	x11,x11,270	 x11:0xffffd8d9 x11=0xffffd9e7
       68325000	      6733	8000a976	004291a3	sh	x4,3(x5)	  x5:0x8001342f  x4:0xffffffb8 PA:0x80013432 store:0xffffffb8 load:0x00000000
       68335000	      6734	8000a97a	00d29683	lh	x13,13(x5)	  x5:0x8001342f x13=0x000056f7 PA:0x8001343c load:0x000056f7
       68345000	      6735	8000a97e	00b28323	sb	x11,6(x5)	  x5:0x8001342f x11:0xffffd9e7 PA:0x80013435 store:0xffffd9e7 load:0x00000000
       68355000	      6736	8000a982	01751193	slli	x3,x10,0x17	 x10:0x00000000  x3=0x00000000
       68365000	      6737	8000a986	8471	c.srai	x8,0x1c	  x8:0x00000000  x8=0x00000000
       68375000	      6738	8000a988	00729083	lh	x1,7(x5)	  x5:0x8001342f  x1=0xffffffff PA:0x80013436 load:0xffffffff
       68385000	      6739	8000a98c	ef73ec93	ori	x25,x7,-265	  x7:0xffffe2e3 x25=0xfffffef7
       68395000	      6740	8000a990	011a3033	sltu	x0,x20,x17	 x20:0xfffffff0 x17:0x00000000  x0=0x00000000
       68415000	      6742	8000a994	037a5a33	divu	x20,x20,x23	 x20:0xfffffff0 x23:0x00000000 x20=0xffffffff
       68425000	      6743	8000a998	00f2d083	lhu	x1,15(x5)	  x5:0x8001342f  x1=0x0000f4f5 PA:0x8001343e load:0x0000f4f5
       68435000	      6744	8000a99c	01d40b33	add	x22,x8,x29	  x8:0x00000000 x29:0x00000030 x22=0x00000030
       68445000	      6745	8000a9a0	54c3a593	slti	x11,x7,1356	  x7:0xffffe2e3 x11=0x00000001
       68455000	      6746	8000a9a4	00828f03	lb	x30,8(x5)	  x5:0x8001342f x30=0xffffffff PA:0x80013437 load:0xffffffff
       68465000	      6747	8000a9a8	00081d93	slli	x27,x16,0x0	 x16:0x0000000e x27=0x0000000e
       68475000	      6748	8000a9ac	014ab7b3	sltu	x15,x21,x20	 x21:0x00000001 x20:0xffffffff x15=0x00000001
       68485000	      6749	8000a9b0	0ba2	c.slli	x23,0x8	 x23:0x00000000 x23=0x00000000
       68495000	      6750	8000a9b2	006285a3	sb	x6,11(x5)	  x5:0x8001342f  x6:0x00006056 PA:0x8001343a store:0x00006056 load:0x00000000
       68505000	      6751	8000a9b6	4024d993	srai	x19,x9,0x2	  x9:0x7e0018c6 x19=0x1f800631
       68515000	      6752	8000a9ba	005d9893	slli	x17,x27,0x5	 x27:0x0000000e x17=0x000001c0
       68525000	      6753	8000a9be	ff128e03	lb	x28,-15(x5)	  x5:0x8001342f x28=0xffffffdb PA:0x80013420 load:0xffffffdb
       68535000	      6754	8000a9c2	f6718313	addi	x6,x3,-153	  x3:0x00000000  x6=0xffffff67
       68545000	      6755	8000a9c6	0032d003	lhu	x0,3(x5)	  x5:0x8001342f  x0=0x00000000 PA:0x80013432 load:0x0000ffb8
       68555000	      6756	8000a9ca	03a000ef	jal	x1,8000aa04	  x1=0x8000a9ce
       68575000	      6758	8000aa04	37cd	c.jal	8000a9e6	  x1=0x8000aa06
       68605000	      6761	8000a9e6	fedff36f	jal	x6,8000a9d2	  x6=0x8000a9ea
       68635000	      6764	8000a9d2	ffdff0ef	jal	x1,8000a9ce	  x1=0x8000a9d6
       68665000	      6767	8000a9ce	02e000ef	jal	x1,8000a9fc	  x1=0x8000a9d2
       68685000	      6769	8000a9fc	3fdd	c.jal	8000a9f2	  x1=0x8000a9fe
       68705000	      6771	8000a9f2	3fe5	c.jal	8000a9ea	  x1=0x8000a9f4
       68725000	      6773	8000a9ea	37f5	c.jal	8000a9d6	  x1=0x8000a9ec
       68755000	      6776	8000a9d6	0360036f	jal	x6,8000aa0c	  x6=0x8000a9da
       68775000	      6778	8000aa0c	3fc1	c.jal	8000a9dc	  x1=0x8000aa0e
       68795000	      6780	8000a9dc	02e000ef	jal	x1,8000aa0a	  x1=0x8000a9e0
       68815000	      6782	8000aa0a	b7dd	c.j	8000a9f0	
       68835000	      6784	8000a9f0	2021	c.jal	8000a9f8	  x1=0x8000a9f2
       68855000	      6786	8000a9f8	2019	c.jal	8000a9fe	  x1=0x8000a9fa
       68885000	      6789	8000a9fe	008000ef	jal	x1,8000aa06	  x1=0x8000aa02
       68905000	      6791	8000aa06	3fd5	c.jal	8000a9fa	  x1=0x8000aa08
       68925000	      6793	8000a9fa	3ff5	c.jal	8000a9f6	  x1=0x8000a9fc
       68945000	      6795	8000a9f6	b7fd	c.j	8000a9e4	
       68965000	      6797	8000a9e4	2015	c.jal	8000aa08	  x1=0x8000a9e6
       68985000	      6799	8000aa08	b7d5	c.j	8000a9ec	
       69005000	      6801	8000a9ec	fefff1ef	jal	x3,8000a9da	  x3=0x8000a9f0
       69025000	      6803	8000a9da	a025	c.j	8000aa02	
       69045000	      6805	8000aa02	3fcd	c.jal	8000a9f4	  x1=0x8000aa04
       69065000	      6807	8000a9f4	b7f5	c.j	8000a9e0	
       69085000	      6809	8000a9e0	2009	c.jal	8000a9e2	  x1=0x8000a9e2
       69105000	      6811	8000a9e2	a035	c.j	8000aa0e	
       69135000	      6814	8000aa0e	415051b3	sra	x3,x0,x21	  x0:0x00000000 x21:0x00000001  x3=0x00000000
       69145000	      6815	8000aa12	00009417	auipc	x8,0x9	  x8=0x80013a12
       69155000	      6816	8000aa16	8f140413	addi	x8,x8,-1807	  x8:0x80013a12  x8=0x80013303
       69185000	      6819	8000aa1a	032f0933	mul	x18,x30,x18	 x30:0xffffffff x18:0xffffffff x18=0x00000001
       69195000	      6820	8000aa1e	ffc40903	lb	x18,-4(x8)	  x8:0x80013303 x18=0xffffffb4 PA:0x800132ff load:0xffffffb4
       69205000	      6821	8000aa22	87a9	c.srai	x15,0xa	 x15:0x00000001 x15=0x00000000
       69215000	      6822	8000aa24	fd644883	lbu	x17,-42(x8)	  x8:0x80013303 x17=0x00000092 PA:0x800132d9 load:0x00000092
       69225000	      6823	8000aa28	008f1f93	slli	x31,x30,0x8	 x30:0xffffffff x31=0xffffff00
       69235000	      6824	8000aa2c	0001	c.addi	x0,0	  x0:0x00000000  x0=0x00000000
       69245000	      6825	8000aa2e	02044f03	lbu	x30,32(x8)	  x8:0x80013303 x30=0x000000d8 PA:0x80013323 load:0x000000d8
       69255000	      6826	8000aa32	8216e8b7	lui	x17,0x8216e	 x17=0x8216e000
       69265000	      6827	8000aa36	01691693	slli	x13,x18,0x16	 x18:0xffffffb4 x13=0xed000000
       69275000	      6828	8000aa3a	7c5f6693	ori	x13,x30,1989	 x30:0x000000d8 x13=0x000007dd
       69305000	      6831	8000aa3e	03e908b3	mul	x17,x18,x30	 x18:0xffffffb4 x30:0x000000d8 x17=0xffffbfe0
       69315000	      6832	8000aa42	02d41fa3	sh	x13,63(x8)	  x8:0x80013303 x13:0x000007dd PA:0x80013342 store:0x000007dd load:0x00000000
       69345000	      6835	8000aa46	03ef08b3	mul	x17,x30,x30	 x30:0x000000d8 x30:0x000000d8 x17=0x0000b640
       69355000	      6836	8000aa4a	00f8a933	slt	x18,x17,x15	 x17:0x0000b640 x15:0x00000000 x18=0x00000000
       69365000	      6837	8000aa4e	41c95f93	srai	x31,x18,0x1c	 x18:0x00000000 x31=0x00000000
       69375000	      6838	8000aa52	03e40823	sb	x30,48(x8)	  x8:0x80013303 x30:0x000000d8 PA:0x80013333 store:0x000000d8 load:0x00000000
       69385000	      6839	8000aa56	fdf40f23	sb	x31,-34(x8)	  x8:0x80013303 x31:0x00000000 PA:0x800132e1 store:0x00000000 load:0x00000000
       69395000	      6840	8000aa5a	00f41883	lh	x17,15(x8)	  x8:0x80013303 x17=0xffffc8c9 PA:0x80013312 load:0xffffc8c9
       69405000	      6841	8000aa5e	01efd793	srli	x15,x31,0x1e	 x31:0x00000000 x15=0x00000000
       69415000	      6842	8000aa62	0000100f	fence.i	
       69445000	      6845	8000aa66	10500073	wfi	
