core   0: 0x80000080 (0x40001cb7) lui     s9, 0x40001
core   0: 3 0x80000080 (0x40001cb7) x25 0x40001000
core   0: 0x80000084 (0x106c8c93) addi    s9, s9, 262
core   0: 3 0x80000084 (0x106c8c93) x25 0x40001106
core   0: 0x80000088 (0x301c9073) csrw    misa, s9
core   0: 3 0x80000088 (0x301c9073) c769_misa 0x40901104
core   0: 0x8000008c (0x00029797) auipc   a5, 0x29
core   0: 3 0x8000008c (0x00029797) x15 0x8002908c
core   0: 0x80000090 (0xc5878793) addi    a5, a5, -936
core   0: 3 0x80000090 (0xc5878793) x15 0x80028ce4
core   0: 0x80000094 (0x00002c97) auipc   s9, 0x2
core   0: 3 0x80000094 (0x00002c97) x25 0x80002094
core   0: 0x80000098 (0xf6cc8c93) addi    s9, s9, -148
core   0: 3 0x80000098 (0xf6cc8c93) x25 0x80002000
core   0: 0x8000009c (0x001cec93) ori     s9, s9, 1
core   0: 3 0x8000009c (0x001cec93) x25 0x80002001
core   0: 0x800000a0 (0x305c9073) csrw    mtvec, s9
core   0: 3 0x800000a0 (0x305c9073) c773_mtvec 0x80002001
core   0: 0x800000a4 (0x74725073) csrwi   mseccfg, 4
core   0: 3 0x800000a4 (0x74725073) c1863_mseccfg 0x00000004
core   0: 0x800000a8 (0x00003a97) auipc   s5, 0x3
core   0: 3 0x800000a8 (0x00003a97) x21 0x800030a8
core   0: 0x800000ac (0xc44a8a93) addi    s5, s5, -956
core   0: 3 0x800000ac (0xc44a8a93) x21 0x80002cec
core   0: 0x800000b0 (0x00004c81) c.li    s9, 0
core   0: 3 0x800000b0 (0x4c81) x25 0x00000000
core   0: 0x800000b2 (0x00009ae6) c.add   s5, s9
core   0: 3 0x800000b2 (0x9ae6) x21 0x80002cec
core   0: 0x800000b4 (0x002ada93) srli    s5, s5, 2
core   0: 3 0x800000b4 (0x002ada93) x21 0x20000b3b
core   0: 0x800000b8 (0x3b0a9073) csrw    pmpaddr0, s5
core   0: 3 0x800000b8 (0x3b0a9073) c944_pmpaddr0 0x20000b3b
core   0: 0x800000bc (0x00003a97) auipc   s5, 0x3
core   0: 3 0x800000bc (0x00003a97) x21 0x800030bc
core   0: 0x800000c0 (0xc30a8a93) addi    s5, s5, -976
core   0: 3 0x800000c0 (0xc30a8a93) x21 0x80002cec
core   0: 0x800000c4 (0x11111cb7) lui     s9, 0x11111
core   0: 3 0x800000c4 (0x11111cb7) x25 0x11111000
core   0: 0x800000c8 (0x111c8c93) addi    s9, s9, 273
core   0: 3 0x800000c8 (0x111c8c93) x25 0x11111111
core   0: 0x800000cc (0x00009ae6) c.add   s5, s9
core   0: 3 0x800000cc (0x9ae6) x21 0x91113dfd
core   0: 0x800000ce (0x002ada93) srli    s5, s5, 2
core   0: 3 0x800000ce (0x002ada93) x21 0x24444f7f
core   0: 0x800000d2 (0x3b1a9073) csrw    pmpaddr1, s5
core   0: 3 0x800000d2 (0x3b1a9073) c945_pmpaddr1 0x24444f7f
core   0: 0x800000d6 (0x00003a97) auipc   s5, 0x3
core   0: 3 0x800000d6 (0x00003a97) x21 0x800030d6
core   0: 0x800000da (0xc16a8a93) addi    s5, s5, -1002
core   0: 3 0x800000da (0xc16a8a93) x21 0x80002cec
core   0: 0x800000de (0x22222cb7) lui     s9, 0x22222
core   0: 3 0x800000de (0x22222cb7) x25 0x22222000
core   0: 0x800000e2 (0x222c8c93) addi    s9, s9, 546
core   0: 3 0x800000e2 (0x222c8c93) x25 0x22222222
core   0: 0x800000e6 (0x00009ae6) c.add   s5, s9
core   0: 3 0x800000e6 (0x9ae6) x21 0xa2224f0e
core   0: 0x800000e8 (0x002ada93) srli    s5, s5, 2
core   0: 3 0x800000e8 (0x002ada93) x21 0x288893c3
core   0: 0x800000ec (0x3b2a9073) csrw    pmpaddr2, s5
core   0: 3 0x800000ec (0x3b2a9073) c946_pmpaddr2 0x288893c3
core   0: 0x800000f0 (0x00003a97) auipc   s5, 0x3
core   0: 3 0x800000f0 (0x00003a97) x21 0x800030f0
core   0: 0x800000f4 (0xbfca8a93) addi    s5, s5, -1028
core   0: 3 0x800000f4 (0xbfca8a93) x21 0x80002cec
core   0: 0x800000f8 (0x33333cb7) lui     s9, 0x33333
core   0: 3 0x800000f8 (0x33333cb7) x25 0x33333000
core   0: 0x800000fc (0x333c8c93) addi    s9, s9, 819
core   0: 3 0x800000fc (0x333c8c93) x25 0x33333333
core   0: 0x80000100 (0x00009ae6) c.add   s5, s9
core   0: 3 0x80000100 (0x9ae6) x21 0xb333601f
core   0: 0x80000102 (0x002ada93) srli    s5, s5, 2
core   0: 3 0x80000102 (0x002ada93) x21 0x2cccd807
core   0: 0x80000106 (0x3b3a9073) csrw    pmpaddr3, s5
core   0: 3 0x80000106 (0x3b3a9073) c947_pmpaddr3 0x2cccd807
core   0: 0x8000010a (0x0f0f1ab7) lui     s5, 0xf0f1
core   0: 3 0x8000010a (0x0f0f1ab7) x21 0x0f0f1000
core   0: 0x8000010e (0xf0fa8a93) addi    s5, s5, -241
core   0: 3 0x8000010e (0xf0fa8a93) x21 0x0f0f0f0f
core   0: 0x80000112 (0x3a0a9073) csrw    pmpcfg0, s5
core   0: 3 0x80000112 (0x3a0a9073) c928_pmpcfg0 0x0f0f0f0f
core   0: 0x80000116 (0x00003a97) auipc   s5, 0x3
core   0: 3 0x80000116 (0x00003a97) x21 0x80003116
core   0: 0x8000011a (0xbd6a8a93) addi    s5, s5, -1066
core   0: 3 0x8000011a (0xbd6a8a93) x21 0x80002cec
core   0: 0x8000011e (0x44444cb7) lui     s9, 0x44444
core   0: 3 0x8000011e (0x44444cb7) x25 0x44444000
core   0: 0x80000122 (0x444c8c93) addi    s9, s9, 1092
core   0: 3 0x80000122 (0x444c8c93) x25 0x44444444
core   0: 0x80000126 (0x00009ae6) c.add   s5, s9
core   0: 3 0x80000126 (0x9ae6) x21 0xc4447130
core   0: 0x80000128 (0x002ada93) srli    s5, s5, 2
core   0: 3 0x80000128 (0x002ada93) x21 0x31111c4c
core   0: 0x8000012c (0x3b4a9073) csrw    pmpaddr4, s5
core   0: 3 0x8000012c (0x3b4a9073) c948_pmpaddr4 0x31111c4c
core   0: 0x80000130 (0x00003a97) auipc   s5, 0x3
core   0: 3 0x80000130 (0x00003a97) x21 0x80003130
core   0: 0x80000134 (0xbbca8a93) addi    s5, s5, -1092
core   0: 3 0x80000134 (0xbbca8a93) x21 0x80002cec
core   0: 0x80000138 (0x55555cb7) lui     s9, 0x55555
core   0: 3 0x80000138 (0x55555cb7) x25 0x55555000
core   0: 0x8000013c (0x555c8c93) addi    s9, s9, 1365
core   0: 3 0x8000013c (0x555c8c93) x25 0x55555555
core   0: 0x80000140 (0x00009ae6) c.add   s5, s9
core   0: 3 0x80000140 (0x9ae6) x21 0xd5558241
core   0: 0x80000142 (0x002ada93) srli    s5, s5, 2
core   0: 3 0x80000142 (0x002ada93) x21 0x35556090
core   0: 0x80000146 (0x3b5a9073) csrw    pmpaddr5, s5
core   0: 3 0x80000146 (0x3b5a9073) c949_pmpaddr5 0x35556090
core   0: 0x8000014a (0x00003a97) auipc   s5, 0x3
core   0: 3 0x8000014a (0x00003a97) x21 0x8000314a
core   0: 0x8000014e (0xba2a8a93) addi    s5, s5, -1118
core   0: 3 0x8000014e (0xba2a8a93) x21 0x80002cec
core   0: 0x80000152 (0x66666cb7) lui     s9, 0x66666
core   0: 3 0x80000152 (0x66666cb7) x25 0x66666000
core   0: 0x80000156 (0x666c8c93) addi    s9, s9, 1638
core   0: 3 0x80000156 (0x666c8c93) x25 0x66666666
core   0: 0x8000015a (0x00009ae6) c.add   s5, s9
core   0: 3 0x8000015a (0x9ae6) x21 0xe6669352
core   0: 0x8000015c (0x002ada93) srli    s5, s5, 2
core   0: 3 0x8000015c (0x002ada93) x21 0x3999a4d4
core   0: 0x80000160 (0x3b6a9073) csrw    pmpaddr6, s5
core   0: 3 0x80000160 (0x3b6a9073) c950_pmpaddr6 0x3999a4d4
core   0: 0x80000164 (0x00003a97) auipc   s5, 0x3
core   0: 3 0x80000164 (0x00003a97) x21 0x80003164
core   0: 0x80000168 (0xb88a8a93) addi    s5, s5, -1144
core   0: 3 0x80000168 (0xb88a8a93) x21 0x80002cec
core   0: 0x8000016c (0x77777cb7) lui     s9, 0x77777
core   0: 3 0x8000016c (0x77777cb7) x25 0x77777000
core   0: 0x80000170 (0x777c8c93) addi    s9, s9, 1911
core   0: 3 0x80000170 (0x777c8c93) x25 0x77777777
core   0: 0x80000174 (0x00009ae6) c.add   s5, s9
core   0: 3 0x80000174 (0x9ae6) x21 0xf777a463
core   0: 0x80000176 (0x002ada93) srli    s5, s5, 2
core   0: 3 0x80000176 (0x002ada93) x21 0x3ddde918
core   0: 0x8000017a (0x3b7a9073) csrw    pmpaddr7, s5
core   0: 3 0x8000017a (0x3b7a9073) c951_pmpaddr7 0x3ddde918
core   0: 0x8000017e (0x0f0f1ab7) lui     s5, 0xf0f1
core   0: 3 0x8000017e (0x0f0f1ab7) x21 0x0f0f1000
core   0: 0x80000182 (0xf0fa8a93) addi    s5, s5, -241
core   0: 3 0x80000182 (0xf0fa8a93) x21 0x0f0f0f0f
core   0: 0x80000186 (0x3a1a9073) csrw    pmpcfg1, s5
core   0: 3 0x80000186 (0x3a1a9073) c929_pmpcfg1 0x0f0f0f0f
core   0: 0x8000018a (0x00003a97) auipc   s5, 0x3
core   0: 3 0x8000018a (0x00003a97) x21 0x8000318a
core   0: 0x8000018e (0xb62a8a93) addi    s5, s5, -1182
core   0: 3 0x8000018e (0xb62a8a93) x21 0x80002cec
core   0: 0x80000192 (0x88889cb7) lui     s9, 0x88889
core   0: 3 0x80000192 (0x88889cb7) x25 0x88889000
core   0: 0x80000196 (0x888c8c93) addi    s9, s9, -1912
core   0: 3 0x80000196 (0x888c8c93) x25 0x88888888
core   0: 0x8000019a (0x00009ae6) c.add   s5, s9
core   0: 3 0x8000019a (0x9ae6) x21 0x0888b574
core   0: 0x8000019c (0x002ada93) srli    s5, s5, 2
core   0: 3 0x8000019c (0x002ada93) x21 0x02222d5d
core   0: 0x800001a0 (0x3b8a9073) csrw    pmpaddr8, s5
core   0: 3 0x800001a0 (0x3b8a9073) c952_pmpaddr8 0x02222d5d
core   0: 0x800001a4 (0x00003a97) auipc   s5, 0x3
core   0: 3 0x800001a4 (0x00003a97) x21 0x800031a4
core   0: 0x800001a8 (0xb48a8a93) addi    s5, s5, -1208
core   0: 3 0x800001a8 (0xb48a8a93) x21 0x80002cec
core   0: 0x800001ac (0x9999acb7) lui     s9, 0x9999a
core   0: 3 0x800001ac (0x9999acb7) x25 0x9999a000
core   0: 0x800001b0 (0x999c8c93) addi    s9, s9, -1639
core   0: 3 0x800001b0 (0x999c8c93) x25 0x99999999
core   0: 0x800001b4 (0x00009ae6) c.add   s5, s9
core   0: 3 0x800001b4 (0x9ae6) x21 0x1999c685
core   0: 0x800001b6 (0x002ada93) srli    s5, s5, 2
core   0: 3 0x800001b6 (0x002ada93) x21 0x066671a1
core   0: 0x800001ba (0x3b9a9073) csrw    pmpaddr9, s5
core   0: 3 0x800001ba (0x3b9a9073) c953_pmpaddr9 0x066671a1
core   0: 0x800001be (0x00003a97) auipc   s5, 0x3
core   0: 3 0x800001be (0x00003a97) x21 0x800031be
core   0: 0x800001c2 (0xb2ea8a93) addi    s5, s5, -1234
core   0: 3 0x800001c2 (0xb2ea8a93) x21 0x80002cec
core   0: 0x800001c6 (0xaaaabcb7) lui     s9, 0xaaaab
core   0: 3 0x800001c6 (0xaaaabcb7) x25 0xaaaab000
core   0: 0x800001ca (0xaaac8c93) addi    s9, s9, -1366
core   0: 3 0x800001ca (0xaaac8c93) x25 0xaaaaaaaa
core   0: 0x800001ce (0x00009ae6) c.add   s5, s9
core   0: 3 0x800001ce (0x9ae6) x21 0x2aaad796
core   0: 0x800001d0 (0x002ada93) srli    s5, s5, 2
core   0: 3 0x800001d0 (0x002ada93) x21 0x0aaab5e5
core   0: 0x800001d4 (0x3baa9073) csrw    pmpaddr10, s5
core   0: 3 0x800001d4 (0x3baa9073) c954_pmpaddr10 0x0aaab5e5
core   0: 0x800001d8 (0x00003a97) auipc   s5, 0x3
core   0: 3 0x800001d8 (0x00003a97) x21 0x800031d8
core   0: 0x800001dc (0xb14a8a93) addi    s5, s5, -1260
core   0: 3 0x800001dc (0xb14a8a93) x21 0x80002cec
core   0: 0x800001e0 (0xbbbbccb7) lui     s9, 0xbbbbc
core   0: 3 0x800001e0 (0xbbbbccb7) x25 0xbbbbc000
core   0: 0x800001e4 (0xbbbc8c93) addi    s9, s9, -1093
core   0: 3 0x800001e4 (0xbbbc8c93) x25 0xbbbbbbbb
core   0: 0x800001e8 (0x00009ae6) c.add   s5, s9
core   0: 3 0x800001e8 (0x9ae6) x21 0x3bbbe8a7
core   0: 0x800001ea (0x002ada93) srli    s5, s5, 2
core   0: 3 0x800001ea (0x002ada93) x21 0x0eeefa29
core   0: 0x800001ee (0x3bba9073) csrw    pmpaddr11, s5
core   0: 3 0x800001ee (0x3bba9073) c955_pmpaddr11 0x0eeefa29
core   0: 0x800001f2 (0x0f0f1ab7) lui     s5, 0xf0f1
core   0: 3 0x800001f2 (0x0f0f1ab7) x21 0x0f0f1000
core   0: 0x800001f6 (0xf0fa8a93) addi    s5, s5, -241
core   0: 3 0x800001f6 (0xf0fa8a93) x21 0x0f0f0f0f
core   0: 0x800001fa (0x3a2a9073) csrw    pmpcfg2, s5
core   0: 3 0x800001fa (0x3a2a9073) c930_pmpcfg2 0x0f0f0f0f
core   0: 0x800001fe (0x00003a97) auipc   s5, 0x3
core   0: 3 0x800001fe (0x00003a97) x21 0x800031fe
core   0: 0x80000202 (0xaeea8a93) addi    s5, s5, -1298
core   0: 3 0x80000202 (0xaeea8a93) x21 0x80002cec
core   0: 0x80000206 (0xccccdcb7) lui     s9, 0xccccd
core   0: 3 0x80000206 (0xccccdcb7) x25 0xccccd000
core   0: 0x8000020a (0xcccc8c93) addi    s9, s9, -820
core   0: 3 0x8000020a (0xcccc8c93) x25 0xcccccccc
core   0: 0x8000020e (0x00009ae6) c.add   s5, s9
core   0: 3 0x8000020e (0x9ae6) x21 0x4cccf9b8
core   0: 0x80000210 (0x002ada93) srli    s5, s5, 2
core   0: 3 0x80000210 (0x002ada93) x21 0x13333e6e
core   0: 0x80000214 (0x3bca9073) csrw    pmpaddr12, s5
core   0: 3 0x80000214 (0x3bca9073) c956_pmpaddr12 0x13333e6e
core   0: 0x80000218 (0x00003a97) auipc   s5, 0x3
core   0: 3 0x80000218 (0x00003a97) x21 0x80003218
core   0: 0x8000021c (0xad4a8a93) addi    s5, s5, -1324
core   0: 3 0x8000021c (0xad4a8a93) x21 0x80002cec
core   0: 0x80000220 (0xddddecb7) lui     s9, 0xdddde
core   0: 3 0x80000220 (0xddddecb7) x25 0xdddde000
core   0: 0x80000224 (0xdddc8c93) addi    s9, s9, -547
core   0: 3 0x80000224 (0xdddc8c93) x25 0xdddddddd
core   0: 0x80000228 (0x00009ae6) c.add   s5, s9
core   0: 3 0x80000228 (0x9ae6) x21 0x5dde0ac9
core   0: 0x8000022a (0x002ada93) srli    s5, s5, 2
core   0: 3 0x8000022a (0x002ada93) x21 0x177782b2
core   0: 0x8000022e (0x3bda9073) csrw    pmpaddr13, s5
core   0: 3 0x8000022e (0x3bda9073) c957_pmpaddr13 0x177782b2
core   0: 0x80000232 (0x00003a97) auipc   s5, 0x3
core   0: 3 0x80000232 (0x00003a97) x21 0x80003232
core   0: 0x80000236 (0xabaa8a93) addi    s5, s5, -1350
core   0: 3 0x80000236 (0xabaa8a93) x21 0x80002cec
core   0: 0x8000023a (0xeeeefcb7) lui     s9, 0xeeeef
core   0: 3 0x8000023a (0xeeeefcb7) x25 0xeeeef000
core   0: 0x8000023e (0xeeec8c93) addi    s9, s9, -274
core   0: 3 0x8000023e (0xeeec8c93) x25 0xeeeeeeee
core   0: 0x80000242 (0x00009ae6) c.add   s5, s9
core   0: 3 0x80000242 (0x9ae6) x21 0x6eef1bda
core   0: 0x80000244 (0x002ada93) srli    s5, s5, 2
core   0: 3 0x80000244 (0x002ada93) x21 0x1bbbc6f6
core   0: 0x80000248 (0x3bea9073) csrw    pmpaddr14, s5
core   0: 3 0x80000248 (0x3bea9073) c958_pmpaddr14 0x1bbbc6f6
core   0: 0x8000024c (0x00003a97) auipc   s5, 0x3
core   0: 3 0x8000024c (0x00003a97) x21 0x8000324c
core   0: 0x80000250 (0xaa0a8a93) addi    s5, s5, -1376
core   0: 3 0x80000250 (0xaa0a8a93) x21 0x80002cec
core   0: 0x80000254 (0xfff00c93) li      s9, -1
core   0: 3 0x80000254 (0xfff00c93) x25 0xffffffff
core   0: 0x80000258 (0x00009ae6) c.add   s5, s9
core   0: 3 0x80000258 (0x9ae6) x21 0x80002ceb
core   0: 0x8000025a (0x002ada93) srli    s5, s5, 2
core   0: 3 0x8000025a (0x002ada93) x21 0x20000b3a
core   0: 0x8000025e (0x3bfa9073) csrw    pmpaddr15, s5
core   0: 3 0x8000025e (0x3bfa9073) c959_pmpaddr15 0x20000b3a
core   0: 0x80000262 (0x0f0f1ab7) lui     s5, 0xf0f1
core   0: 3 0x80000262 (0x0f0f1ab7) x21 0x0f0f1000
core   0: 0x80000266 (0xf0fa8a93) addi    s5, s5, -241
core   0: 3 0x80000266 (0xf0fa8a93) x21 0x0f0f0f0f
core   0: 0x8000026a (0x3a3a9073) csrw    pmpcfg3, s5
core   0: 3 0x8000026a (0x3a3a9073) c931_pmpcfg3 0x0f0f0f0f
core   0: 0x8000026e (0x00000c97) auipc   s9, 0x0
core   0: 3 0x8000026e (0x00000c97) x25 0x8000026e
core   0: 0x80000272 (0x060c8c93) addi    s9, s9, 96
core   0: 3 0x80000272 (0x060c8c93) x25 0x800002ce
core   0: 0x80000276 (0x341c9073) csrw    mepc, s9
core   0: 3 0x80000276 (0x341c9073) c833_mepc 0x800002ce
core   0: 0x8000027a (0x7c00d073) csrwi   cpuctrlsts, 1
core   0: 3 0x8000027a (0x7c00d073) c1984_cpuctrlsts 0x00000101
core   0: 0x8000027e (0x00004c81) c.li    s9, 0
core   0: 3 0x8000027e (0x4c81) x25 0x00000000
core   0: 0x80000280 (0x300c9073) csrw    mstatus, s9
core   0: 3 0x80000280 (0x300c9073) c768_mstatus 0x00000000
core   0: 0x80000284 (0x00004c81) c.li    s9, 0
core   0: 3 0x80000284 (0x4c81) x25 0x00000000
core   0: 0x80000286 (0x304c9073) csrw    mie, s9
core   0: 3 0x80000286 (0x304c9073) c772_mie 0x00000000
core   0: 0x8000028a (0x90000537) lui     a0, 0x90000
core   0: 3 0x8000028a (0x90000537) x10 0x90000000
core   0: 0x8000028e (0x00001571) c.addi  a0, -4
core   0: 3 0x8000028e (0x1571) x10 0x8ffffffc
core   0: 0x80000290 (0x90000537) lui     a0, 0x90000
core   0: 3 0x80000290 (0x90000537) x10 0x90000000
core   0: 0x80000294 (0x00001571) c.addi  a0, -4
core   0: 3 0x80000294 (0x1571) x10 0x8ffffffc
core   0: 0x80000296 (0x90000537) lui     a0, 0x90000
core   0: 3 0x80000296 (0x90000537) x10 0x90000000
core   0: 0x8000029a (0x00001571) c.addi  a0, -4
core   0: 3 0x8000029a (0x1571) x10 0x8ffffffc
core   0: 0x8000029c (0x30000c93) li      s9, 768
core   0: 3 0x8000029c (0x30000c93) x25 0x00000300
core   0: 0x800002a0 (0x00000ca2) c.slli  s9, 8
core   0: 3 0x800002a0 (0x0ca2) x25 0x00030000
core   0: 0x800002a2 (0x00000c8d) c.addi  s9, 3
core   0: 3 0x800002a2 (0x0c8d) x25 0x00030003
core   0: 0x800002a4 (0x01952023) sw      s9, 0(a0)
core   0: 3 0x800002a4 (0x01952023) mem 0x8ffffffc 0x00030003
core   0: 0x800002a8 (0x30002cf3) csrr    s9, mstatus
core   0: 3 0x800002a8 (0x30002cf3) x25 0x00000000
core   0: 0x800002ac (0x01952023) sw      s9, 0(a0)
core   0: 3 0x800002ac (0x01952023) mem 0x8ffffffc 0x00000000
core   0: 0x800002b0 (0x90000537) lui     a0, 0x90000
core   0: 3 0x800002b0 (0x90000537) x10 0x90000000
core   0: 0x800002b4 (0x00001571) c.addi  a0, -4
core   0: 3 0x800002b4 (0x1571) x10 0x8ffffffc
core   0: 0x800002b6 (0x30400c93) li      s9, 772
core   0: 3 0x800002b6 (0x30400c93) x25 0x00000304
core   0: 0x800002ba (0x00000ca2) c.slli  s9, 8
core   0: 3 0x800002ba (0x0ca2) x25 0x00030400
core   0: 0x800002bc (0x00000c8d) c.addi  s9, 3
core   0: 3 0x800002bc (0x0c8d) x25 0x00030403
core   0: 0x800002be (0x01952023) sw      s9, 0(a0)
core   0: 3 0x800002be (0x01952023) mem 0x8ffffffc 0x00030403
core   0: 0x800002c2 (0x30402cf3) csrr    s9, mie
core   0: 3 0x800002c2 (0x30402cf3) x25 0x00000000
core   0: 0x800002c6 (0x01952023) sw      s9, 0(a0)
core   0: 3 0x800002c6 (0x01952023) mem 0x8ffffffc 0x00000000
core   0: 0x800002ca (0x30200073) mret
core   0: 3 0x800002ca (0x30200073) c768_mstatus 0x00000080
core   0: 0x800002ce (0x00000013) nop
core   0: 0 0x800002ce (0x00000013)
core   0: 0x800002d2 (0x92efa0b7) lui     ra, 0x92efa
core   0: 0 0x800002d2 (0x92efa0b7) x1  0x92efa000
core   0: 0x800002d6 (0xac408093) addi    ra, ra, -1340
core   0: 0 0x800002d6 (0xac408093) x1  0x92ef9ac4
core   0: 0x800002da (0x800001b7) lui     gp, 0x80000
core   0: 0 0x800002da (0x800001b7) x3  0x80000000
core   0: 0x800002de (0x80000237) lui     tp, 0x80000
core   0: 0 0x800002de (0x80000237) x4  0x80000000
core   0: 0x800002e2 (0x000042b9) c.li    t0, 14
core   0: 0 0x800002e2 (0x42b9) x5  0x0000000e
core   0: 0x800002e4 (0xf1b2a337) lui     t1, 0xf1b2a
core   0: 0 0x800002e4 (0xf1b2a337) x6  0xf1b2a000
core   0: 0x800002e8 (0xf3f30313) addi    t1, t1, -193
core   0: 0 0x800002e8 (0xf3f30313) x6  0xf1b29f3f
core   0: 0x800002ec (0x00004381) c.li    t2, 0
core   0: 0 0x800002ec (0x4381) x7  0x00000000
core   0: 0x800002ee (0x4a55b437) lui     s0, 0x4a55b
core   0: 0 0x800002ee (0x4a55b437) x8  0x4a55b000
core   0: 0x800002f2 (0xa2240413) addi    s0, s0, -1502
core   0: 0 0x800002f2 (0xa2240413) x8  0x4a55aa22
core   0: 0x800002f6 (0x800004b7) lui     s1, 0x80000
core   0: 0 0x800002f6 (0x800004b7) x9  0x80000000
core   0: 0x800002fa (0x00004535) c.li    a0, 13
core   0: 0 0x800002fa (0x4535) x10 0x0000000d
core   0: 0x800002fc (0xf1f2f5b7) lui     a1, 0xf1f2f
core   0: 0 0x800002fc (0xf1f2f5b7) x11 0xf1f2f000
core   0: 0x80000300 (0x2c958593) addi    a1, a1, 713
core   0: 0 0x80000300 (0x2c958593) x11 0xf1f2f2c9
core   0: 0x80000304 (0xf4560637) lui     a2, 0xf4560
core   0: 0 0x80000304 (0xf4560637) x12 0xf4560000
core   0: 0x80000308 (0xfdc60613) addi    a2, a2, -36
core   0: 0 0x80000308 (0xfdc60613) x12 0xf455ffdc
core   0: 0x8000030c (0xf82256b7) lui     a3, 0xf8225
core   0: 0 0x8000030c (0xf82256b7) x13 0xf8225000
core   0: 0x80000310 (0x26468693) addi    a3, a3, 612
core   0: 0 0x80000310 (0x26468693) x13 0xf8225264
core   0: 0x80000314 (0xfe5f1737) lui     a4, 0xfe5f1
core   0: 0 0x80000314 (0xfe5f1737) x14 0xfe5f1000
core   0: 0x80000318 (0x95370713) addi    a4, a4, -1709
core   0: 0 0x80000318 (0x95370713) x14 0xfe5f0953
core   0: 0x8000031c (0x66a5e837) lui     a6, 0x66a5e
core   0: 0 0x8000031c (0x66a5e837) x16 0x66a5e000
core   0: 0x80000320 (0xaa780813) addi    a6, a6, -1369
core   0: 0 0x80000320 (0xaa780813) x16 0x66a5daa7
core   0: 0x80000324 (0xf9d1c8b7) lui     a7, 0xf9d1c
core   0: 0 0x80000324 (0xf9d1c8b7) x17 0xf9d1c000
core   0: 0x80000328 (0x75888893) addi    a7, a7, 1880
core   0: 0 0x80000328 (0x75888893) x17 0xf9d1c758
core   0: 0x8000032c (0x00004901) c.li    s2, 0
core   0: 0 0x8000032c (0x4901) x18 0x00000000
core   0: 0x8000032e (0x910059b7) lui     s3, 0x91005
core   0: 0 0x8000032e (0x910059b7) x19 0x91005000
core   0: 0x80000332 (0xefb98993) addi    s3, s3, -261
core   0: 0 0x80000332 (0xefb98993) x19 0x91004efb
core   0: 0x80000336 (0x00004a01) c.li    s4, 0
core   0: 0 0x80000336 (0x4a01) x20 0x00000000
core   0: 0x80000338 (0x00004aa5) c.li    s5, 9
core   0: 0 0x80000338 (0x4aa5) x21 0x00000009
core   0: 0x8000033a (0x91795b37) lui     s6, 0x91795
core   0: 0 0x8000033a (0x91795b37) x22 0x91795000
core   0: 0x8000033e (0x00001b29) c.addi  s6, -22
core   0: 0 0x8000033e (0x1b29) x22 0x91794fea
core   0: 0x80000340 (0x80000bb7) lui     s7, 0x80000
core   0: 0 0x80000340 (0x80000bb7) x23 0x80000000
core   0: 0x80000344 (0xdb26ec37) lui     s8, 0xdb26e
core   0: 0 0x80000344 (0xdb26ec37) x24 0xdb26e000
core   0: 0x80000348 (0x39fc0c13) addi    s8, s8, 927
core   0: 0 0x80000348 (0x39fc0c13) x24 0xdb26e39f
core   0: 0x8000034c (0x00004cb1) c.li    s9, 12
core   0: 0 0x8000034c (0x4cb1) x25 0x0000000c
core   0: 0x8000034e (0xbde66d37) lui     s10, 0xbde66
core   0: 0 0x8000034e (0xbde66d37) x26 0xbde66000
core   0: 0x80000352 (0x303d0d13) addi    s10, s10, 771
core   0: 0 0x80000352 (0x303d0d13) x26 0xbde66303
core   0: 0x80000356 (0xf6359db7) lui     s11, 0xf6359
core   0: 0 0x80000356 (0xf6359db7) x27 0xf6359000
core   0: 0x8000035a (0xb8bd8d93) addi    s11, s11, -1141
core   0: 0 0x8000035a (0xb8bd8d93) x27 0xf6358b8b
core   0: 0x8000035e (0x00004e01) c.li    t3, 0
core   0: 0 0x8000035e (0x4e01) x28 0x00000000
core   0: 0x80000360 (0x47c42eb7) lui     t4, 0x47c42
core   0: 0 0x80000360 (0x47c42eb7) x29 0x47c42000
core   0: 0x80000364 (0x4cae8e93) addi    t4, t4, 1226
core   0: 0 0x80000364 (0x4cae8e93) x29 0x47c424ca
core   0: 0x80000368 (0xc20d3f37) lui     t5, 0xc20d3
core   0: 0 0x80000368 (0xc20d3f37) x30 0xc20d3000
core   0: 0x8000036c (0x73df0f13) addi    t5, t5, 1853
core   0: 0 0x8000036c (0x73df0f13) x30 0xc20d373d
core   0: 0x80000370 (0x00004f81) c.li    t6, 0
core   0: 0 0x80000370 (0x4f81) x31 0x00000000
core   0: 0x80000372 (0x00025117) auipc   sp, 0x25
core   0: 0 0x80000372 (0x00025117) x2  0x80025372
core   0: 0x80000376 (0xaf210113) addi    sp, sp, -1294
core   0: 0 0x80000376 (0xaf210113) x2  0x80024e64
core   0: 0x8000037a (0x90000537) lui     a0, 0x90000
core   0: 0 0x8000037a (0x90000537) x10 0x90000000
core   0: 0x8000037e (0x00001571) c.addi  a0, -4
core   0: 0 0x8000037e (0x1571) x10 0x8ffffffc
core   0: 0x80000380 (0x00004c81) c.li    s9, 0
core   0: 0 0x80000380 (0x4c81) x25 0x00000000
core   0: 0x80000382 (0x00000ca2) c.slli  s9, 8
core   0: 0 0x80000382 (0x0ca2) x25 0x00000000
core   0: 0x80000384 (0x000c8c93) mv      s9, s9
core   0: 0 0x80000384 (0x000c8c93) x25 0x00000000
core   0: 0x80000388 (0x01952023) sw      s9, 0(a0)
core   0: 0 0x80000388 (0x01952023) mem 0x8ffffffc 0x00000000
core   0: 0x8000038c (0x1610206f) j       pc + 0x2960
core   0: 0 0x8000038c (0x1610206f)
core   0: 0x80002cec (0x00000917) auipc   s2, 0x0
core   0: 0 0x80002cec (0x00000917) x18 0x80002cec
core   0: 0x80002cf0 (0x36290913) addi    s2, s2, 866
core   0: 0 0x80002cf0 (0x36290913) x18 0x8000304e
core   0: 0x80002cf4 (0x0ff0000f) fence   iorw,iorw
core   0: 0 0x80002cf4 (0x0ff0000f)
core   0: 0x80002cf8 (0x0068bb33) sltu    s6, a7, t1
core   0: 0 0x80002cf8 (0x0068bb33) x22 0x00000000
core   0: 0x80002cfc (0x3c190913) addi    s2, s2, 961
core   0: 0 0x80002cfc (0x3c190913) x18 0x8000340f
core   0: 0x80002d00 (0x02d9fe33) remu    t3, s3, a3
core   0: 0 0x80002d00 (0x02d9fe33) x28 0x91004efb
core   0: 0x80002d04 (0x009cd863) bge     s9, s1, pc + 16
core   0: 0 0x80002d04 (0x009cd863)
core   0: 0x80002d14 (0xc3f90267) jalr    tp, s2, -961
core   0: 0 0x80002d14 (0xc3f90267) x4  0x80002d18
core   0: 0x8000304e (0x00991533) sll     a0, s2, s1
core   0: 0 0x8000304e (0x00991533) x10 0x8000340f
core   0: 0x80003052 (0x00000eda) c.slli  t4, 22
core   0: 0 0x80003052 (0x0eda) x29 0x32800000
core   0: 0x80003054 (0xfc810113) addi    sp, sp, -56
core   0: 0 0x80003054 (0xfc810113) x2  0x80024e2c
core   0: 0x80003058 (0x03e3dd33) divu    s10, t2, t5
core   0: 0 0x80003058 (0x03e3dd33) x26 0x00000000
core   0: 0x8000305c (0x017e4733) xor     a4, t3, s7
core   0: 0 0x8000305c (0x017e4733) x14 0x11004efb
core   0: 0x80003060 (0x0000c212) c.swsp  tp, 4(sp)
core   0: 0 0x80003060 (0xc212) mem 0x80024e30 0x80002d18
core   0: 0x80003062 (0xbf48a993) slti    s3, a7, -1036
core   0: 0 0x80003062 (0xbf48a993) x19 0x00000001
core   0: 0x80003066 (0x3ee57e13) andi    t3, a0, 1006
core   0: 0 0x80003066 (0x3ee57e13) x28 0x0000000e
core   0: 0x8000306a (0x00000001) c.nop
core   0: 0 0x8000306a (0x0001)
core   0: 0x8000306c (0x00b11613) slli    a2, sp, 11
core   0: 0 0x8000306c (0x00b11613) x12 0x12716000
core   0: 0x80003070 (0x020fdd33) divu    s10, t6, zero
core   0: 0 0x80003070 (0x020fdd33) x26 0xffffffff
core   0: 0x80003074 (0x00004585) c.li    a1, 1
core   0: 0 0x80003074 (0x4585) x11 0x00000001
core   0: 0x80003076 (0x5732ff93) andi    t6, t0, 1395
core   0: 0 0x80003076 (0x5732ff93) x31 0x00000002
core   0: 0x8000307a (0x01a85213) srli    tp, a6, 26
core   0: 0 0x8000307a (0x01a85213) x4  0x00000019
core   0: 0x8000307e (0x40615333) sra     t1, sp, t1
core   0: 0 0x8000307e (0x40615333) x6  0xffffffff
core   0: 0x80003082 (0x022173b3) remu    t2, sp, sp
core   0: 0 0x80003082 (0x022173b3) x7  0x00000000
core   0: 0x80003086 (0x01d1b633) sltu    a2, gp, t4
core   0: 0 0x80003086 (0x01d1b633) x12 0x00000000
core   0: 0x8000308a (0x00000001) c.nop
core   0: 0 0x8000308a (0x0001)
core   0: 0x8000308c (0x00004bb5) c.li    s7, 13
core   0: 0 0x8000308c (0x4bb5) x23 0x0000000d
core   0: 0x8000308e (0xbf565817) auipc   a6, 0xbf565
core   0: 0 0x8000308e (0xbf565817) x16 0x3f56808e
core   0: 0x80003092 (0x0000100f) fence.i
core   0: 0 0x80003092 (0x0000100f)
core   0: 0x80003096 (0xa716eb13) ori     s6, a3, -1423
core   0: 0 0x80003096 (0xa716eb13) x22 0xfffffa75
core   0: 0x8000309a (0x000005a5) c.addi  a1, 9
core   0: 0 0x8000309a (0x05a5) x11 0x0000000a
core   0: 0x8000309c (0x029e10b3) mulh    ra, t3, s1
core   0: 0 0x8000309c (0x029e10b3) x1  0xfffffff9
core   0: 0x800030a0 (0x00005ce5) c.li    s9, -7
core   0: 0 0x800030a0 (0x5ce5) x25 0xfffffff9
core   0: 0x800030a2 (0x014df0b3) and     ra, s11, s4
core   0: 0 0x800030a2 (0x014df0b3) x1  0x00000000
core   0: 0x800030a6 (0x00201713) slli    a4, zero, 2
core   0: 0 0x800030a6 (0x00201713) x14 0x00000000
core   0: 0x800030aa (0xf7128693) addi    a3, t0, -143
core   0: 0 0x800030aa (0xf7128693) x13 0xffffff7f
core   0: 0x800030ae (0x0000595d) c.li    s2, -9
core   0: 0 0x800030ae (0x595d) x18 0xfffffff7
core   0: 0x800030b0 (0x0000869a) c.mv    a3, t1
core   0: 0 0x800030b0 (0x869a) x13 0xffffffff
core   0: 0x800030b2 (0x00008621) c.srai  a2, 8
core   0: 0 0x800030b2 (0x8621) x12 0x00000000
core   0: 0x800030b4 (0x00001cf9) c.addi  s9, -2
core   0: 0 0x800030b4 (0x1cf9) x25 0xfffffff7
core   0: 0x800030b6 (0x028b5f33) divu    t5, s6, s0
core   0: 0 0x800030b6 (0x028b5f33) x30 0x00000003
core   0: 0x800030ba (0x0254d533) divu    a0, s1, t0
core   0: 0 0x800030ba (0x0254d533) x10 0x09249249
core   0: 0x800030be (0x009a1033) sll     zero, s4, s1
core   0: 0 0x800030be (0x009a1033)
core   0: 0x800030c2 (0xff2cd7e3) bge     s9, s2, pc - 18
core   0: 0 0x800030c2 (0xff2cd7e3)
core   0: 0x800030b0 (0x0000869a) c.mv    a3, t1
core   0: 0 0x800030b0 (0x869a) x13 0xffffffff
core   0: 0x800030b2 (0x00008621) c.srai  a2, 8
core   0: 0 0x800030b2 (0x8621) x12 0x00000000
core   0: 0x800030b4 (0x00001cf9) c.addi  s9, -2
core   0: 0 0x800030b4 (0x1cf9) x25 0xfffffff5
core   0: 0x800030b6 (0x028b5f33) divu    t5, s6, s0
core   0: 0 0x800030b6 (0x028b5f33) x30 0x00000003
core   0: 0x800030ba (0x0254d533) divu    a0, s1, t0
core   0: 0 0x800030ba (0x0254d533) x10 0x09249249
core   0: 0x800030be (0x009a1033) sll     zero, s4, s1
core   0: 0 0x800030be (0x009a1033)
core   0: 0x800030c2 (0xff2cd7e3) bge     s9, s2, pc - 18
core   0: 0 0x800030c2 (0xff2cd7e3)
core   0: 0x800030c6 (0x032dc2b3) div     t0, s11, s2
core   0: 0 0x800030c6 (0x032dc2b3) x5  0x01167eb7
core   0: 0x800030ca (0xfd75e6e3) bltu    a1, s7, pc - 52
core   0: 0 0x800030ca (0xfd75e6e3)
core   0: 0x80003096 (0xa716eb13) ori     s6, a3, -1423
core   0: 0 0x80003096 (0xa716eb13) x22 0xffffffff
core   0: 0x8000309a (0x000005a5) c.addi  a1, 9
core   0: 0 0x8000309a (0x05a5) x11 0x00000013
core   0: 0x8000309c (0x029e10b3) mulh    ra, t3, s1
core   0: 0 0x8000309c (0x029e10b3) x1  0xfffffff9
core   0: 0x800030a0 (0x00005ce5) c.li    s9, -7
core   0: 0 0x800030a0 (0x5ce5) x25 0xfffffff9
core   0: 0x800030a2 (0x014df0b3) and     ra, s11, s4
core   0: 0 0x800030a2 (0x014df0b3) x1  0x00000000
core   0: 0x800030a6 (0x00201713) slli    a4, zero, 2
core   0: 0 0x800030a6 (0x00201713) x14 0x00000000
core   0: 0x800030aa (0xf7128693) addi    a3, t0, -143
core   0: 0 0x800030aa (0xf7128693) x13 0x01167e28
core   0: 0x800030ae (0x0000595d) c.li    s2, -9
core   0: 0 0x800030ae (0x595d) x18 0xfffffff7
core   0: 0x800030b0 (0x0000869a) c.mv    a3, t1
core   0: 0 0x800030b0 (0x869a) x13 0xffffffff
core   0: 0x800030b2 (0x00008621) c.srai  a2, 8
core   0: 0 0x800030b2 (0x8621) x12 0x00000000
core   0: 0x800030b4 (0x00001cf9) c.addi  s9, -2
core   0: 0 0x800030b4 (0x1cf9) x25 0xfffffff7
core   0: 0x800030b6 (0x028b5f33) divu    t5, s6, s0
core   0: 0 0x800030b6 (0x028b5f33) x30 0x00000003
core   0: 0x800030ba (0x0254d533) divu    a0, s1, t0
core   0: 0 0x800030ba (0x0254d533) x10 0x00000075
core   0: 0x800030be (0x009a1033) sll     zero, s4, s1
core   0: 0 0x800030be (0x009a1033)
core   0: 0x800030c2 (0xff2cd7e3) bge     s9, s2, pc - 18
core   0: 0 0x800030c2 (0xff2cd7e3)
core   0: 0x800030b0 (0x0000869a) c.mv    a3, t1
core   0: 0 0x800030b0 (0x869a) x13 0xffffffff
core   0: 0x800030b2 (0x00008621) c.srai  a2, 8
core   0: 0 0x800030b2 (0x8621) x12 0x00000000
core   0: 0x800030b4 (0x00001cf9) c.addi  s9, -2
core   0: 0 0x800030b4 (0x1cf9) x25 0xfffffff5
core   0: 0x800030b6 (0x028b5f33) divu    t5, s6, s0
core   0: 0 0x800030b6 (0x028b5f33) x30 0x00000003
core   0: 0x800030ba (0x0254d533) divu    a0, s1, t0
core   0: 0 0x800030ba (0x0254d533) x10 0x00000075
core   0: 0x800030be (0x009a1033) sll     zero, s4, s1
core   0: 0 0x800030be (0x009a1033)
core   0: 0x800030c2 (0xff2cd7e3) bge     s9, s2, pc - 18
core   0: 0 0x800030c2 (0xff2cd7e3)
core   0: 0x800030c6 (0x032dc2b3) div     t0, s11, s2
core   0: 0 0x800030c6 (0x032dc2b3) x5  0x01167eb7
core   0: 0x800030ca (0xfd75e6e3) bltu    a1, s7, pc - 52
core   0: 0 0x800030ca (0xfd75e6e3)
core   0: 0x800030ce (0x0000807d) c.srli  s0, 31
core   0: 0 0x800030ce (0x807d) x8  0x00000000
core   0: 0x800030d0 (0x00005f61) c.li    t5, -8
core   0: 0 0x800030d0 (0x5f61) x30 0xfffffff8
core   0: 0x800030d2 (0x00005745) c.li    a4, -15
core   0: 0 0x800030d2 (0x5745) x14 0xfffffff1
core   0: 0x800030d4 (0x19b48e13) addi    t3, s1, 411
core   0: 0 0x800030d4 (0x19b48e13) x28 0x8000019b
core   0: 0x800030d8 (0x269afe13) andi    t3, s5, 617
core   0: 0 0x800030d8 (0x269afe13) x28 0x00000009
core   0: 0x800030dc (0x00001f65) c.addi  t5, -7
core   0: 0 0x800030dc (0x1f65) x30 0xfffffff1
core   0: 0x800030de (0x00005479) c.li    s0, -2
core   0: 0 0x800030de (0x5479) x8  0xfffffffe
core   0: 0x800030e0 (0x00004895) c.li    a7, 5
core   0: 0 0x800030e0 (0x4895) x17 0x00000005
core   0: 0x800030e2 (0x03141bb3) mulh    s7, s0, a7
core   0: 0 0x800030e2 (0x03141bb3) x23 0xffffffff
core   0: 0x800030e6 (0x00000001) c.nop
core   0: 0 0x800030e6 (0x0001)
core   0: 0x800030e8 (0x0000041d) c.addi  s0, 7
core   0: 0 0x800030e8 (0x041d) x8  0x00000005
core   0: 0x800030ea (0xff141ee3) bne     s0, a7, pc - 4
core   0: 0 0x800030ea (0xff141ee3)
core   0: 0x800030ee (0xfeef13e3) bne     t5, a4, pc - 26
core   0: 0 0x800030ee (0xfeef13e3)
core   0: 0x800030f2 (0x025f9db3) mulh    s11, t6, t0
core   0: 0 0x800030f2 (0x025f9db3) x27 0x00000000
core   0: 0x800030f6 (0x00004895) c.li    a7, 5
core   0: 0 0x800030f6 (0x4895) x17 0x00000005
core   0: 0x800030f8 (0x00c84233) xor     tp, a6, a2
core   0: 0 0x800030f8 (0x00c84233) x4  0x3f56808e
core   0: 0x800030fc (0x00000ded) c.addi  s11, 27
core   0: 0 0x800030fc (0x0ded) x27 0x0000001b
core   0: 0x800030fe (0x000001c2) c.slli  gp, 16
core   0: 0 0x800030fe (0x01c2) x3  0x00000000
core   0: 0x80003100 (0x00000716) c.slli  a4, 5
core   0: 0 0x80003100 (0x0716) x14 0xfffffe20
core   0: 0x80003102 (0x005075b3) and     a1, zero, t0
core   0: 0 0x80003102 (0x005075b3) x11 0x00000000
core   0: 0x80003106 (0x000061f9) c.lui   gp, 0x1e
core   0: 0 0x80003106 (0x61f9) x3  0x0001e000
core   0: 0x80003108 (0x0000440d) c.li    s0, 3
core   0: 0 0x80003108 (0x440d) x8  0x00000003
core   0: 0x8000310a (0x0000971a) c.add   a4, t1
core   0: 0 0x8000310a (0x971a) x14 0xfffffe1f
core   0: 0x8000310c (0x2dd26013) ori     zero, tp, 733
core   0: 0 0x8000310c (0x2dd26013)
core   0: 0x80003110 (0x00000001) c.nop
core   0: 0 0x80003110 (0x0001)
core   0: 0x80003112 (0x000018fd) c.addi  a7, -1
core   0: 0 0x80003112 (0x18fd) x17 0x00000004
core   0: 0x80003114 (0xa6db4db7) lui     s11, 0xa6db4
core   0: 0 0x80003114 (0xa6db4db7) x27 0xa6db4000
core   0: 0x80003118 (0x007af0b3) and     ra, s5, t2
core   0: 0 0x80003118 (0x007af0b3) x1  0x00000000
core   0: 0x8000311c (0x00000a66) c.slli  s4, 25
core   0: 0 0x8000311c (0x0a66) x20 0x00000000
core   0: 0x8000311e (0x007cb533) sltu    a0, s9, t2
core   0: 0 0x8000311e (0x007cb533) x10 0x00000000
core   0: 0x80003122 (0x02dbebb3) rem     s7, s7, a3
core   0: 0 0x80003122 (0x02dbebb3) x23 0x00000000
core   0: 0x80003126 (0xfe88f3e3) bgeu    a7, s0, pc - 26
core   0: 0 0x80003126 (0xfe88f3e3)
core   0: 0x8000310c (0x2dd26013) ori     zero, tp, 733
core   0: 0 0x8000310c (0x2dd26013)
core   0: 0x80003110 (0x00000001) c.nop
core   0: 0 0x80003110 (0x0001)
core   0: 0x80003112 (0x000018fd) c.addi  a7, -1
core   0: 0 0x80003112 (0x18fd) x17 0x00000003
core   0: 0x80003114 (0xa6db4db7) lui     s11, 0xa6db4
core   0: 0 0x80003114 (0xa6db4db7) x27 0xa6db4000
core   0: 0x80003118 (0x007af0b3) and     ra, s5, t2
core   0: 0 0x80003118 (0x007af0b3) x1  0x00000000
core   0: 0x8000311c (0x00000a66) c.slli  s4, 25
core   0: 0 0x8000311c (0x0a66) x20 0x00000000
core   0: 0x8000311e (0x007cb533) sltu    a0, s9, t2
core   0: 0 0x8000311e (0x007cb533) x10 0x00000000
core   0: 0x80003122 (0x02dbebb3) rem     s7, s7, a3
core   0: 0 0x80003122 (0x02dbebb3) x23 0x00000000
core   0: 0x80003126 (0xfe88f3e3) bgeu    a7, s0, pc - 26
core   0: 0 0x80003126 (0xfe88f3e3)
core   0: 0x8000310c (0x2dd26013) ori     zero, tp, 733
core   0: 0 0x8000310c (0x2dd26013)
core   0: 0x80003110 (0x00000001) c.nop
core   0: 0 0x80003110 (0x0001)
core   0: 0x80003112 (0x000018fd) c.addi  a7, -1
core   0: 0 0x80003112 (0x18fd) x17 0x00000002
core   0: 0x80003114 (0xa6db4db7) lui     s11, 0xa6db4
core   0: 0 0x80003114 (0xa6db4db7) x27 0xa6db4000
core   0: 0x80003118 (0x007af0b3) and     ra, s5, t2
core   0: 0 0x80003118 (0x007af0b3) x1  0x00000000
core   0: 0x8000311c (0x00000a66) c.slli  s4, 25
core   0: 0 0x8000311c (0x0a66) x20 0x00000000
core   0: 0x8000311e (0x007cb533) sltu    a0, s9, t2
core   0: 0 0x8000311e (0x007cb533) x10 0x00000000
core   0: 0x80003122 (0x02dbebb3) rem     s7, s7, a3
core   0: 0 0x80003122 (0x02dbebb3) x23 0x00000000
core   0: 0x80003126 (0xfe88f3e3) bgeu    a7, s0, pc - 26
core   0: 0 0x80003126 (0xfe88f3e3)
core   0: 0x8000312a (0x1d6c0a37) lui     s4, 0x1d6c0
core   0: 0 0x8000312a (0x1d6c0a37) x20 0x1d6c0000
core   0: 0x8000312e (0x000056e5) c.li    a3, -7
core   0: 0 0x8000312e (0x56e5) x13 0xfffffff9
core   0: 0x80003130 (0x1a0aaf93) slti    t6, s5, 416
core   0: 0 0x80003130 (0x1a0aaf93) x31 0x00000001
core   0: 0x80003134 (0x00000001) c.nop
core   0: 0 0x80003134 (0x0001)
core   0: 0x80003136 (0x3ec6b193) sltiu   gp, a3, 1004
core   0: 0 0x80003136 (0x3ec6b193) x3  0x00000000
core   0: 0x8000313a (0x8d998193) addi    gp, s3, -1831
core   0: 0 0x8000313a (0x8d998193) x3  0xfffff8da
core   0: 0x8000313e (0x00000001) c.nop
core   0: 0 0x8000313e (0x0001)
core   0: 0x80003140 (0x0000069d) c.addi  a3, 7
core   0: 0 0x80003140 (0x069d) x13 0x00000000
core   0: 0x80003142 (0x000049a1) c.li    s3, 8
core   0: 0 0x80003142 (0x49a1) x19 0x00000008
core   0: 0x80003144 (0x007ead33) slt     s10, t4, t2
core   0: 0 0x80003144 (0x007ead33) x26 0x00000000
core   0: 0x80003148 (0x00005bd5) c.li    s7, -11
core   0: 0 0x80003148 (0x5bd5) x23 0xfffffff5
core   0: 0x8000314a (0x000053fd) c.li    t2, -1
core   0: 0 0x8000314a (0x53fd) x7  0xffffffff
core   0: 0x8000314c (0xc3b03093) sltiu   ra, zero, -965
core   0: 0 0x8000314c (0xc3b03093) x1  0x00000001
core   0: 0x80003150 (0x000019e1) c.addi  s3, -8
core   0: 0 0x80003150 (0x19e1) x19 0x00000000
core   0: 0x80003152 (0xff79dce3) bge     s3, s7, pc - 8
core   0: 0 0x80003152 (0xff79dce3)
core   0: 0x8000314a (0x000053fd) c.li    t2, -1
core   0: 0 0x8000314a (0x53fd) x7  0xffffffff
core   0: 0x8000314c (0xc3b03093) sltiu   ra, zero, -965
core   0: 0 0x8000314c (0xc3b03093) x1  0x00000001
core   0: 0x80003150 (0x000019e1) c.addi  s3, -8
core   0: 0 0x80003150 (0x19e1) x19 0xfffffff8
core   0: 0x80003152 (0xff79dce3) bge     s3, s7, pc - 8
core   0: 0 0x80003152 (0xff79dce3)
core   0: 0x8000314a (0x000053fd) c.li    t2, -1
core   0: 0 0x8000314a (0x53fd) x7  0xffffffff
core   0: 0x8000314c (0xc3b03093) sltiu   ra, zero, -965
core   0: 0 0x8000314c (0xc3b03093) x1  0x00000001
core   0: 0x80003150 (0x000019e1) c.addi  s3, -8
core   0: 0 0x80003150 (0x19e1) x19 0xfffffff0
core   0: 0x80003152 (0xff79dce3) bge     s3, s7, pc - 8
core   0: 0 0x80003152 (0xff79dce3)
core   0: 0x80003156 (0x0000f2f5) c.bnez  a3, pc - 28
core   0: 0 0x80003156 (0xf2f5)
core   0: 0x80003158 (0x0000876d) c.srai  a4, 27
core   0: 0 0x80003158 (0x876d) x14 0xffffffff
core   0: 0x8000315a (0x00004ca1) c.li    s9, 8
core   0: 0 0x8000315a (0x4ca1) x25 0x00000008
core   0: 0x8000315c (0x00008589) c.srai  a1, 2
core   0: 0 0x8000315c (0x8589) x11 0x00000000
core   0: 0x8000315e (0x00008d55) c.or    a0, a3
core   0: 0 0x8000315e (0x8d55) x10 0x00000000
core   0: 0x80003160 (0x000053d9) c.li    t2, -10
core   0: 0 0x80003160 (0x53d9) x7  0xfffffff6
core   0: 0x80003162 (0x01a3d893) srli    a7, t2, 26
core   0: 0 0x80003162 (0x01a3d893) x17 0x0000003f
core   0: 0x80003166 (0xd1af7493) andi    s1, t5, -742
core   0: 0 0x80003166 (0xd1af7493) x9  0xfffffd10
core   0: 0x8000316a (0x0000033e) c.slli  t1, 15
core   0: 0 0x8000316a (0x033e) x6  0xffff8000
core   0: 0x8000316c (0xc1615697) auipc   a3, 0xc1615
core   0: 0 0x8000316c (0xc1615697) x13 0x4161816c
core   0: 0x80003170 (0x00000e55) c.addi  t3, 21
core   0: 0 0x80003170 (0x0e55) x28 0x0000001e
core   0: 0x80003172 (0x00001ce9) c.addi  s9, -6
core   0: 0 0x80003172 (0x1ce9) x25 0x00000002
core   0: 0x80003174 (0x011a4e33) xor     t3, s4, a7
core   0: 0 0x80003174 (0x011a4e33) x28 0x1d6c003f
core   0: 0x80003178 (0xfe7c87e3) beq     s9, t2, pc - 18
core   0: 0 0x80003178 (0xfe7c87e3)
core   0: 0x8000317c (0x031242b3) div     t0, tp, a7
core   0: 0 0x8000317c (0x031242b3) x5  0x01015f80
core   0: 0x80003180 (0x00004c21) c.li    s8, 8
core   0: 0 0x80003180 (0x4c21) x24 0x00000008
core   0: 0x80003182 (0x0000489d) c.li    a7, 7
core   0: 0 0x80003182 (0x489d) x17 0x00000007
core   0: 0x80003184 (0x015c31b3) sltu    gp, s8, s5
core   0: 0 0x80003184 (0x015c31b3) x3  0x00000001
core   0: 0x80003188 (0x01caf433) and     s0, s5, t3
core   0: 0 0x80003188 (0x01caf433) x8  0x00000009
core   0: 0x8000318c (0x00008a4d) c.andi  a2, 19
core   0: 0 0x8000318c (0x8a4d) x12 0x00000000
core   0: 0x8000318e (0x00001c71) c.addi  s8, -4
core   0: 0 0x8000318e (0x1c71) x24 0x00000004
core   0: 0x80003190 (0x00000eee) c.slli  t4, 27
core   0: 0 0x80003190 (0x0eee) x29 0x00000000
core   0: 0x80003192 (0x00008de5) c.and   a1, s1
core   0: 0 0x80003192 (0x8de5) x11 0x00000000
core   0: 0x80003194 (0x402f5533) sra     a0, t5, sp
core   0: 0 0x80003194 (0x402f5533) x10 0xffffffff
core   0: 0x80003198 (0xd1dbbb13) sltiu   s6, s7, -739
core   0: 0 0x80003198 (0xd1dbbb13) x22 0x00000000
core   0: 0x8000319c (0x7be27993) andi    s3, tp, 1982
core   0: 0 0x8000319c (0x7be27993) x19 0x0000008e
core   0: 0x800031a0 (0x00008db5) c.xor   a1, a3
core   0: 0 0x800031a0 (0x8db5) x11 0x4161816c
core   0: 0x800031a2 (0xff1c75e3) bgeu    s8, a7, pc - 22
core   0: 0 0x800031a2 (0xff1c75e3)
core   0: 0x800031a6 (0xbf7cb293) sltiu   t0, s9, -1033
core   0: 0 0x800031a6 (0xbf7cb293) x5  0x00000001
core   0: 0x800031aa (0x00004591) c.li    a1, 4
core   0: 0 0x800031aa (0x4591) x11 0x00000004
core   0: 0x800031ac (0x00559f13) slli    t5, a1, 5
core   0: 0 0x800031ac (0x00559f13) x30 0x00000080
core   0: 0x800031b0 (0x00008c71) c.and   s0, a2
core   0: 0 0x800031b0 (0x8c71) x8  0x00000000
core   0: 0x800031b2 (0x0042e493) ori     s1, t0, 4
core   0: 0 0x800031b2 (0x0042e493) x9  0x00000005
core   0: 0x800031b6 (0x000013fd) c.addi  t2, -1
core   0: 0 0x800031b6 (0x13fd) x7  0xfffffff5
core   0: 0x800031b8 (0x00000001) c.nop
core   0: 0 0x800031b8 (0x0001)
core   0: 0x800031ba (0x00008d55) c.or    a0, a3
core   0: 0 0x800031ba (0x8d55) x10 0xffffffff
core   0: 0x800031bc (0x9980cb93) xori    s7, ra, -1640
core   0: 0 0x800031bc (0x9980cb93) x23 0xfffff999
core   0: 0x800031c0 (0x00001c7d) c.addi  s8, -1
core   0: 0 0x800031c0 (0x1c7d) x24 0x00000003
core   0: 0x800031c2 (0x000015f9) c.addi  a1, -2
core   0: 0 0x800031c2 (0x15f9) x11 0x00000002
core   0: 0x800031c4 (0x00004229) c.li    tp, 10
core   0: 0 0x800031c4 (0x4229) x4  0x0000000a
core   0: 0x800031c6 (0x00004715) c.li    a4, 5
core   0: 0 0x800031c6 (0x4715) x14 0x00000005
core   0: 0x800031c8 (0x00008e71) c.and   a2, a2
core   0: 0 0x800031c8 (0x8e71) x12 0x00000000
core   0: 0x800031ca (0x02b3a333) mulhsu  t1, t2, a1
core   0: 0 0x800031ca (0x02b3a333) x6  0xffffffff
core   0: 0x800031ce (0x00008e01) c.sub   a2, s0
core   0: 0 0x800031ce (0x8e01) x12 0x00000000
core   0: 0x800031d0 (0x0000126d) c.addi  tp, -5
core   0: 0 0x800031d0 (0x126d) x4  0x00000005
core   0: 0x800031d2 (0x00000b22) c.slli  s6, 8
core   0: 0 0x800031d2 (0x0b22) x22 0x00000000
core   0: 0x800031d4 (0x037b08b3) mul     a7, s6, s7
core   0: 0 0x800031d4 (0x037b08b3) x17 0x00000000
core   0: 0x800031d8 (0xfee20be3) beq     tp, a4, pc - 10
core   0: 0 0x800031d8 (0xfee20be3)
core   0: 0x800031ce (0x00008e01) c.sub   a2, s0
core   0: 0 0x800031ce (0x8e01) x12 0x00000000
core   0: 0x800031d0 (0x0000126d) c.addi  tp, -5
core   0: 0 0x800031d0 (0x126d) x4  0x00000000
core   0: 0x800031d2 (0x00000b22) c.slli  s6, 8
core   0: 0 0x800031d2 (0x0b22) x22 0x00000000
core   0: 0x800031d4 (0x037b08b3) mul     a7, s6, s7
core   0: 0 0x800031d4 (0x037b08b3) x17 0x00000000
core   0: 0x800031d8 (0xfee20be3) beq     tp, a4, pc - 10
core   0: 0 0x800031d8 (0xfee20be3)
core   0: 0x800031dc (0x0189d613) srli    a2, s3, 24
core   0: 0 0x800031dc (0x0189d613) x12 0x00000000
core   0: 0x800031e0 (0x00008d7d) c.and   a0, a5
core   0: 0 0x800031e0 (0x8d7d) x10 0x80028ce4
core   0: 0x800031e2 (0x00927eb3) and     t4, tp, s1
core   0: 0 0x800031e2 (0x00927eb3) x29 0x00000000
core   0: 0x800031e6 (0x0000d9f9) c.beqz  a1, pc - 42
core   0: 0 0x800031e6 (0xd9f9)
core   0: 0x800031e8 (0x00008422) c.mv    s0, s0
core   0: 0 0x800031e8 (0x8422) x8  0x00000000
core   0: 0x800031ea (0x00004411) c.li    s0, 4
core   0: 0 0x800031ea (0x4411) x8  0x00000004
core   0: 0x800031ec (0x00009306) c.add   t1, ra
core   0: 0 0x800031ec (0x9306) x6  0x00000000
core   0: 0x800031ee (0x00004f0d) c.li    t5, 3
core   0: 0 0x800031ee (0x4f0d) x30 0x00000003
core   0: 0x800031f0 (0x00001e0c) c.addi4spn a1, sp, 816
core   0: 0 0x800031f0 (0x1e0c) x11 0x8002515c
core   0: 0x800031f2 (0x0000147d) c.addi  s0, -1
core   0: 0 0x800031f2 (0x147d) x8  0x00000003
core   0: 0x800031f4 (0xffe47ee3) bgeu    s0, t5, pc - 4
core   0: 0 0x800031f4 (0xffe47ee3)
core   0: 0x800031f0 (0x00001e0c) c.addi4spn a1, sp, 816
core   0: 0 0x800031f0 (0x1e0c) x11 0x8002515c
core   0: 0x800031f2 (0x0000147d) c.addi  s0, -1
core   0: 0 0x800031f2 (0x147d) x8  0x00000002
core   0: 0x800031f4 (0xffe47ee3) bgeu    s0, t5, pc - 4
core   0: 0 0x800031f4 (0xffe47ee3)
core   0: 0x800031f8 (0x032644b3) div     s1, a2, s2
core   0: 0 0x800031f8 (0x032644b3) x9  0x00000000
core   0: 0x800031fc (0x00005279) c.li    tp, -2
core   0: 0 0x800031fc (0x5279) x4  0xfffffffe
core   0: 0x800031fe (0x00000b5d) c.addi  s6, 23
core   0: 0 0x800031fe (0x0b5d) x22 0x00000017
core   0: 0x80003200 (0x00000001) c.nop
core   0: 0 0x80003200 (0x0001)
core   0: 0x80003202 (0x00000001) c.nop
core   0: 0 0x80003202 (0x0001)
core   0: 0x80003204 (0x033f65b3) rem     a1, t5, s3
core   0: 0 0x80003204 (0x033f65b3) x11 0x00000003
core   0: 0x80003208 (0x00089c13) slli    s8, a7, 0
core   0: 0 0x80003208 (0x00089c13) x24 0x00000000
core   0: 0x8000320c (0x0254af33) mulhsu  t5, s1, t0
core   0: 0 0x8000320c (0x0254af33) x30 0x00000000
core   0: 0x80003210 (0x418a8cb3) sub     s9, s5, s8
core   0: 0 0x80003210 (0x418a8cb3) x25 0x00000009
core   0: 0x80003214 (0x41555033) sra     zero, a0, s5
core   0: 0 0x80003214 (0x41555033)
core   0: 0x80003218 (0x00004389) c.li    t2, 2
core   0: 0 0x80003218 (0x4389) x7  0x00000002
core   0: 0x8000321a (0x02cc6bb3) rem     s7, s8, a2
core   0: 0 0x8000321a (0x02cc6bb3) x23 0x00000000
core   0: 0x8000321e (0x00000001) c.nop
core   0: 0 0x8000321e (0x0001)
core   0: 0x80003220 (0x40b50733) sub     a4, a0, a1
core   0: 0 0x80003220 (0x40b50733) x14 0x80028ce1
core   0: 0x80003224 (0x01ff20b3) slt     ra, t5, t6
core   0: 0 0x80003224 (0x01ff20b3) x1  0x00000001
core   0: 0x80003228 (0x0037fdb3) and     s11, a5, gp
core   0: 0 0x80003228 (0x0037fdb3) x27 0x00000000
core   0: 0x8000322c (0x00014f33) xor     t5, sp, zero
core   0: 0 0x8000322c (0x00014f33) x30 0x80024e2c
core   0: 0x80003230 (0x00000229) c.addi  tp, 10
core   0: 0 0x80003230 (0x0229) x4  0x00000008
core   0: 0x80003232 (0x02ddb933) mulhu   s2, s11, a3
core   0: 0 0x80003232 (0x02ddb933) x18 0x00000000
core   0: 0x80003236 (0x0000100f) fence.i
core   0: 0 0x80003236 (0x0000100f)
core   0: 0x8000323a (0x00008d01) c.sub   a0, s0
core   0: 0 0x8000323a (0x8d01) x10 0x80028ce2
core   0: 0x8000323c (0x0245bdb3) mulhu   s11, a1, tp
core   0: 0 0x8000323c (0x0245bdb3) x27 0x00000000
core   0: 0x80003240 (0x00008b55) c.andi  a4, 21
core   0: 0 0x80003240 (0x8b55) x14 0x00000001
core   0: 0x80003242 (0xe3f9c693) xori    a3, s3, -449
core   0: 0 0x80003242 (0xe3f9c693) x13 0xfffffeb1
core   0: 0x80003246 (0xfc724fe3) blt     tp, t2, pc - 34
core   0: 0 0x80003246 (0xfc724fe3)
core   0: 0x8000324a (0x2df4ff93) andi    t6, s1, 735
core   0: 0 0x8000324a (0x2df4ff93) x31 0x00000000
core   0: 0x8000324e (0x00005561) c.li    a0, -8
core   0: 0 0x8000324e (0x5561) x10 0xfffffff8
core   0: 0x80003250 (0x000066bd) c.lui   a3, 0xf
core   0: 0 0x80003250 (0x66bd) x13 0x0000f000
core   0: 0x80003252 (0x01ab5713) srli    a4, s6, 26
core   0: 0 0x80003252 (0x01ab5713) x14 0x00000000
core   0: 0x80003256 (0x000059f9) c.li    s3, -2
core   0: 0 0x80003256 (0x59f9) x19 0xfffffffe
core   0: 0x80003258 (0x014a0b33) add     s6, s4, s4
core   0: 0 0x80003258 (0x014a0b33) x22 0x3ad80000
core   0: 0x8000325c (0x00000001) c.nop
core   0: 0 0x8000325c (0x0001)
core   0: 0x8000325e (0x6757c813) xori    a6, a5, 1653
core   0: 0 0x8000325e (0x6757c813) x16 0x80028a91
core   0: 0x80003262 (0x00000509) c.addi  a0, 2
core   0: 0 0x80003262 (0x0509) x10 0xfffffffa
core   0: 0x80003264 (0x01a12cb3) slt     s9, sp, s10
core   0: 0 0x80003264 (0x01a12cb3) x25 0x00000001
core   0: 0x80003268 (0x03f23eb3) mulhu   t4, tp, t6
core   0: 0 0x80003268 (0x03f23eb3) x29 0x00000000
core   0: 0x8000326c (0x00e52cb3) slt     s9, a0, a4
core   0: 0 0x8000326c (0x00e52cb3) x25 0x00000001
core   0: 0x80003270 (0xff3546e3) blt     a0, s3, pc - 20
core   0: 0 0x80003270 (0xff3546e3)
core   0: 0x8000325c (0x00000001) c.nop
core   0: 0 0x8000325c (0x0001)
core   0: 0x8000325e (0x6757c813) xori    a6, a5, 1653
core   0: 0 0x8000325e (0x6757c813) x16 0x80028a91
core   0: 0x80003262 (0x00000509) c.addi  a0, 2
core   0: 0 0x80003262 (0x0509) x10 0xfffffffc
core   0: 0x80003264 (0x01a12cb3) slt     s9, sp, s10
core   0: 0 0x80003264 (0x01a12cb3) x25 0x00000001
core   0: 0x80003268 (0x03f23eb3) mulhu   t4, tp, t6
core   0: 0 0x80003268 (0x03f23eb3) x29 0x00000000
core   0: 0x8000326c (0x00e52cb3) slt     s9, a0, a4
core   0: 0 0x8000326c (0x00e52cb3) x25 0x00000001
core   0: 0x80003270 (0xff3546e3) blt     a0, s3, pc - 20
core   0: 0 0x80003270 (0xff3546e3)
core   0: 0x8000325c (0x00000001) c.nop
core   0: 0 0x8000325c (0x0001)
core   0: 0x8000325e (0x6757c813) xori    a6, a5, 1653
core   0: 0 0x8000325e (0x6757c813) x16 0x80028a91
core   0: 0x80003262 (0x00000509) c.addi  a0, 2
core   0: 0 0x80003262 (0x0509) x10 0xfffffffe
core   0: 0x80003264 (0x01a12cb3) slt     s9, sp, s10
core   0: 0 0x80003264 (0x01a12cb3) x25 0x00000001
core   0: 0x80003268 (0x03f23eb3) mulhu   t4, tp, t6
core   0: 0 0x80003268 (0x03f23eb3) x29 0x00000000
core   0: 0x8000326c (0x00e52cb3) slt     s9, a0, a4
core   0: 0 0x8000326c (0x00e52cb3) x25 0x00000001
core   0: 0x80003270 (0xff3546e3) blt     a0, s3, pc - 20
core   0: 0 0x80003270 (0xff3546e3)
core   0: 0x80003274 (0x00680db3) add     s11, a6, t1
core   0: 0 0x80003274 (0x00680db3) x27 0x80028a91
core   0: 0x80003278 (0x00005461) c.li    s0, -8
core   0: 0 0x80003278 (0x5461) x8  0xfffffff8
core   0: 0x8000327a (0x07809817) auipc   a6, 0x7809
core   0: 0 0x8000327a (0x07809817) x16 0x8780c27a
core   0: 0x8000327e (0x000085e1) c.srai  a1, 24
core   0: 0 0x8000327e (0x85e1) x11 0x00000000
core   0: 0x80003280 (0x00008d65) c.and   a0, s1
core   0: 0 0x80003280 (0x8d65) x10 0x00000000
core   0: 0x80003282 (0x00000001) c.nop
core   0: 0 0x80003282 (0x0001)
core   0: 0x80003284 (0x000016fd) c.addi  a3, -1
core   0: 0 0x80003284 (0x16fd) x13 0x0000efff
core   0: 0x80003286 (0x00008ef5) c.and   a3, a3
core   0: 0 0x80003286 (0x8ef5) x13 0x0000efff
core   0: 0x80003288 (0x010a4c33) xor     s8, s4, a6
core   0: 0 0x80003288 (0x010a4c33) x24 0x9aecc27a
core   0: 0x8000328c (0x40598333) sub     t1, s3, t0
core   0: 0 0x8000328c (0x40598333) x6  0xfffffffd
core   0: 0x80003290 (0x00009afd) c.andi  a3, -1
core   0: 0 0x80003290 (0x9afd) x13 0x0000efff
core   0: 0x80003292 (0x00000421) c.addi  s0, 8
core   0: 0 0x80003292 (0x0421) x8  0x00000000
core   0: 0x80003294 (0x00c82933) slt     s2, a6, a2
core   0: 0 0x80003294 (0x00c82933) x18 0x00000001
core   0: 0x80003298 (0x02cec6b3) div     a3, t4, a2
core   0: 0 0x80003298 (0x02cec6b3) x13 0xffffffff
core   0: 0x8000329c (0x00008816) c.mv    a6, t0
core   0: 0 0x8000329c (0x8816) x16 0x00000001
core   0: 0x8000329e (0x00004d8d) c.li    s11, 3
core   0: 0 0x8000329e (0x4d8d) x27 0x00000003
core   0: 0x800032a0 (0x0192bd33) sltu    s10, t0, s9
core   0: 0 0x800032a0 (0x0192bd33) x26 0x00000000
core   0: 0x800032a4 (0x00004ec5) c.li    t4, 17
core   0: 0 0x800032a4 (0x4ec5) x29 0x00000011
core   0: 0x800032a6 (0x00394533) xor     a0, s2, gp
core   0: 0 0x800032a6 (0x00394533) x10 0x00000000
core   0: 0x800032aa (0x023b6d33) rem     s10, s6, gp
core   0: 0 0x800032aa (0x023b6d33) x26 0x00000000
core   0: 0x800032ae (0x00000c8c) c.addi4spn a1, sp, 592
core   0: 0 0x800032ae (0x0c8c) x11 0x8002507c
core   0: 0x800032b0 (0x00000da9) c.addi  s11, 10
core   0: 0 0x800032b0 (0x0da9) x27 0x0000000d
core   0: 0x800032b2 (0xd3e43393) sltiu   t2, s0, -706
core   0: 0 0x800032b2 (0xd3e43393) x7  0x00000001
core   0: 0x800032b6 (0x5c8aaf13) slti    t5, s5, 1480
core   0: 0 0x800032b6 (0x5c8aaf13) x30 0x00000001
core   0: 0x800032ba (0xffddeae3) bltu    s11, t4, pc - 12
core   0: 0 0x800032ba (0xffddeae3)
core   0: 0x800032ae (0x00000c8c) c.addi4spn a1, sp, 592
core   0: 0 0x800032ae (0x0c8c) x11 0x8002507c
core   0: 0x800032b0 (0x00000da9) c.addi  s11, 10
core   0: 0 0x800032b0 (0x0da9) x27 0x00000017
core   0: 0x800032b2 (0xd3e43393) sltiu   t2, s0, -706
core   0: 0 0x800032b2 (0xd3e43393) x7  0x00000001
core   0: 0x800032b6 (0x5c8aaf13) slti    t5, s5, 1480
core   0: 0 0x800032b6 (0x5c8aaf13) x30 0x00000001
core   0: 0x800032ba (0xffddeae3) bltu    s11, t4, pc - 12
core   0: 0 0x800032ba (0xffddeae3)
core   0: 0x800032be (0xf9263093) sltiu   ra, a2, -110
core   0: 0 0x800032be (0xf9263093) x1  0x00000001
core   0: 0x800032c2 (0x0000d071) c.beqz  s0, pc - 60
core   0: 0 0x800032c2 (0xd071)
core   0: 0x80003286 (0x00008ef5) c.and   a3, a3
core   0: 0 0x80003286 (0x8ef5) x13 0xffffffff
core   0: 0x80003288 (0x010a4c33) xor     s8, s4, a6
core   0: 0 0x80003288 (0x010a4c33) x24 0x1d6c0001
core   0: 0x8000328c (0x40598333) sub     t1, s3, t0
core   0: 0 0x8000328c (0x40598333) x6  0xfffffffd
core   0: 0x80003290 (0x00009afd) c.andi  a3, -1
core   0: 0 0x80003290 (0x9afd) x13 0xffffffff
core   0: 0x80003292 (0x00000421) c.addi  s0, 8
core   0: 0 0x80003292 (0x0421) x8  0x00000008
core   0: 0x80003294 (0x00c82933) slt     s2, a6, a2
core   0: 0 0x80003294 (0x00c82933) x18 0x00000000
core   0: 0x80003298 (0x02cec6b3) div     a3, t4, a2
core   0: 0 0x80003298 (0x02cec6b3) x13 0xffffffff
core   0: 0x8000329c (0x00008816) c.mv    a6, t0
core   0: 0 0x8000329c (0x8816) x16 0x00000001
core   0: 0x8000329e (0x00004d8d) c.li    s11, 3
core   0: 0 0x8000329e (0x4d8d) x27 0x00000003
core   0: 0x800032a0 (0x0192bd33) sltu    s10, t0, s9
core   0: 0 0x800032a0 (0x0192bd33) x26 0x00000000
core   0: 0x800032a4 (0x00004ec5) c.li    t4, 17
core   0: 0 0x800032a4 (0x4ec5) x29 0x00000011
core   0: 0x800032a6 (0x00394533) xor     a0, s2, gp
core   0: 0 0x800032a6 (0x00394533) x10 0x00000001
core   0: 0x800032aa (0x023b6d33) rem     s10, s6, gp
core   0: 0 0x800032aa (0x023b6d33) x26 0x00000000
core   0: 0x800032ae (0x00000c8c) c.addi4spn a1, sp, 592
core   0: 0 0x800032ae (0x0c8c) x11 0x8002507c
core   0: 0x800032b0 (0x00000da9) c.addi  s11, 10
core   0: 0 0x800032b0 (0x0da9) x27 0x0000000d
core   0: 0x800032b2 (0xd3e43393) sltiu   t2, s0, -706
core   0: 0 0x800032b2 (0xd3e43393) x7  0x00000001
core   0: 0x800032b6 (0x5c8aaf13) slti    t5, s5, 1480
core   0: 0 0x800032b6 (0x5c8aaf13) x30 0x00000001
core   0: 0x800032ba (0xffddeae3) bltu    s11, t4, pc - 12
core   0: 0 0x800032ba (0xffddeae3)
core   0: 0x800032ae (0x00000c8c) c.addi4spn a1, sp, 592
core   0: 0 0x800032ae (0x0c8c) x11 0x8002507c
core   0: 0x800032b0 (0x00000da9) c.addi  s11, 10
core   0: 0 0x800032b0 (0x0da9) x27 0x00000017
core   0: 0x800032b2 (0xd3e43393) sltiu   t2, s0, -706
core   0: 0 0x800032b2 (0xd3e43393) x7  0x00000001
core   0: 0x800032b6 (0x5c8aaf13) slti    t5, s5, 1480
core   0: 0 0x800032b6 (0x5c8aaf13) x30 0x00000001
core   0: 0x800032ba (0xffddeae3) bltu    s11, t4, pc - 12
core   0: 0 0x800032ba (0xffddeae3)
core   0: 0x800032be (0xf9263093) sltiu   ra, a2, -110
core   0: 0 0x800032be (0xf9263093) x1  0x00000001
core   0: 0x800032c2 (0x0000d071) c.beqz  s0, pc - 60
core   0: 0 0x800032c2 (0xd071)
core   0: 0x800032c4 (0x41d85633) sra     a2, a6, t4
core   0: 0 0x800032c4 (0x41d85633) x12 0x00000000
core   0: 0x800032c8 (0x00004b09) c.li    s6, 2
core   0: 0 0x800032c8 (0x4b09) x22 0x00000002
core   0: 0x800032ca (0x01468eb3) add     t4, a3, s4
core   0: 0 0x800032ca (0x01468eb3) x29 0x1d6bffff
core   0: 0x800032ce (0x59610c93) addi    s9, sp, 1430
core   0: 0 0x800032ce (0x59610c93) x25 0x800253c2
core   0: 0x800032d2 (0x00005255) c.li    tp, -11
core   0: 0 0x800032d2 (0x5255) x4  0xfffffff5
core   0: 0x800032d4 (0x030234b3) mulhu   s1, tp, a6
core   0: 0 0x800032d4 (0x030234b3) x9  0x00000000
core   0: 0x800032d8 (0x00008ecd) c.or    a3, a1
core   0: 0 0x800032d8 (0x8ecd) x13 0xffffffff
core   0: 0x800032da (0x00008e21) c.xor   a2, s0
core   0: 0 0x800032da (0x8e21) x12 0x00000008
core   0: 0x800032dc (0x00001b69) c.addi  s6, -6
core   0: 0 0x800032dc (0x1b69) x22 0xfffffffc
core   0: 0x800032de (0x0175d033) srl     zero, a1, s7
core   0: 0 0x800032de (0x0175d033)
core   0: 0x800032e2 (0x00004d19) c.li    s10, 6
core   0: 0 0x800032e2 (0x4d19) x26 0x00000006
core   0: 0x800032e4 (0x29fb0cb7) lui     s9, 0x29fb0
core   0: 0 0x800032e4 (0x29fb0cb7) x25 0x29fb0000
core   0: 0x800032e8 (0x01d44333) xor     t1, s0, t4
core   0: 0 0x800032e8 (0x01d44333) x6  0x1d6bfff7
core   0: 0x800032ec (0x00005f69) c.li    t5, -6
core   0: 0 0x800032ec (0x5f69) x30 0xfffffffa
core   0: 0x800032ee (0x00000001) c.nop
core   0: 0 0x800032ee (0x0001)
core   0: 0x800032f0 (0x41b95093) srai    ra, s2, 27
core   0: 0 0x800032f0 (0x41b95093) x1  0x00000000
core   0: 0x800032f4 (0x035dc333) div     t1, s11, s5
core   0: 0 0x800032f4 (0x035dc333) x6  0x00000002
core   0: 0x800032f8 (0x0000094d) c.addi  s2, 19
core   0: 0 0x800032f8 (0x094d) x18 0x00000013
core   0: 0x800032fa (0x00000dda) c.slli  s11, 22
core   0: 0 0x800032fa (0x0dda) x27 0x05c00000
core   0: 0x800032fc (0x00001d7d) c.addi  s10, -1
core   0: 0 0x800032fc (0x1d7d) x26 0x00000005
core   0: 0x800032fe (0x00008d75) c.and   a0, a3
core   0: 0 0x800032fe (0x8d75) x10 0x00000001
core   0: 0x80003300 (0x00008de1) c.and   a1, s0
core   0: 0 0x80003300 (0x8de1) x11 0x00000008
core   0: 0x80003302 (0xffed09e3) beq     s10, t5, pc - 14
core   0: 0 0x80003302 (0xffed09e3)
core   0: 0x80003306 (0xfc4b57e3) bge     s6, tp, pc - 50
core   0: 0 0x80003306 (0xfc4b57e3)
core   0: 0x800032d4 (0x030234b3) mulhu   s1, tp, a6
core   0: 0 0x800032d4 (0x030234b3) x9  0x00000000
core   0: 0x800032d8 (0x00008ecd) c.or    a3, a1
core   0: 0 0x800032d8 (0x8ecd) x13 0xffffffff
core   0: 0x800032da (0x00008e21) c.xor   a2, s0
core   0: 0 0x800032da (0x8e21) x12 0x00000000
core   0: 0x800032dc (0x00001b69) c.addi  s6, -6
core   0: 0 0x800032dc (0x1b69) x22 0xfffffff6
core   0: 0x800032de (0x0175d033) srl     zero, a1, s7
core   0: 0 0x800032de (0x0175d033)
core   0: 0x800032e2 (0x00004d19) c.li    s10, 6
core   0: 0 0x800032e2 (0x4d19) x26 0x00000006
core   0: 0x800032e4 (0x29fb0cb7) lui     s9, 0x29fb0
core   0: 0 0x800032e4 (0x29fb0cb7) x25 0x29fb0000
core   0: 0x800032e8 (0x01d44333) xor     t1, s0, t4
core   0: 0 0x800032e8 (0x01d44333) x6  0x1d6bfff7
core   0: 0x800032ec (0x00005f69) c.li    t5, -6
core   0: 0 0x800032ec (0x5f69) x30 0xfffffffa
core   0: 0x800032ee (0x00000001) c.nop
core   0: 0 0x800032ee (0x0001)
core   0: 0x800032f0 (0x41b95093) srai    ra, s2, 27
core   0: 0 0x800032f0 (0x41b95093) x1  0x00000000
core   0: 0x800032f4 (0x035dc333) div     t1, s11, s5
core   0: 0 0x800032f4 (0x035dc333) x6  0x00a38e38
core   0: 0x800032f8 (0x0000094d) c.addi  s2, 19
core   0: 0 0x800032f8 (0x094d) x18 0x00000026
core   0: 0x800032fa (0x00000dda) c.slli  s11, 22
core   0: 0 0x800032fa (0x0dda) x27 0x00000000
core   0: 0x800032fc (0x00001d7d) c.addi  s10, -1
core   0: 0 0x800032fc (0x1d7d) x26 0x00000005
core   0: 0x800032fe (0x00008d75) c.and   a0, a3
core   0: 0 0x800032fe (0x8d75) x10 0x00000001
core   0: 0x80003300 (0x00008de1) c.and   a1, s0
core   0: 0 0x80003300 (0x8de1) x11 0x00000008
core   0: 0x80003302 (0xffed09e3) beq     s10, t5, pc - 14
core   0: 0 0x80003302 (0xffed09e3)
core   0: 0x80003306 (0xfc4b57e3) bge     s6, tp, pc - 50
core   0: 0 0x80003306 (0xfc4b57e3)
core   0: 0x800032d4 (0x030234b3) mulhu   s1, tp, a6
core   0: 0 0x800032d4 (0x030234b3) x9  0x00000000
core   0: 0x800032d8 (0x00008ecd) c.or    a3, a1
core   0: 0 0x800032d8 (0x8ecd) x13 0xffffffff
core   0: 0x800032da (0x00008e21) c.xor   a2, s0
core   0: 0 0x800032da (0x8e21) x12 0x00000008
core   0: 0x800032dc (0x00001b69) c.addi  s6, -6
core   0: 0 0x800032dc (0x1b69) x22 0xfffffff0
core   0: 0x800032de (0x0175d033) srl     zero, a1, s7
core   0: 0 0x800032de (0x0175d033)
core   0: 0x800032e2 (0x00004d19) c.li    s10, 6
core   0: 0 0x800032e2 (0x4d19) x26 0x00000006
core   0: 0x800032e4 (0x29fb0cb7) lui     s9, 0x29fb0
core   0: 0 0x800032e4 (0x29fb0cb7) x25 0x29fb0000
core   0: 0x800032e8 (0x01d44333) xor     t1, s0, t4
core   0: 0 0x800032e8 (0x01d44333) x6  0x1d6bfff7
core   0: 0x800032ec (0x00005f69) c.li    t5, -6
core   0: 0 0x800032ec (0x5f69) x30 0xfffffffa
core   0: 0x800032ee (0x00000001) c.nop
core   0: 0 0x800032ee (0x0001)
core   0: 0x800032f0 (0x41b95093) srai    ra, s2, 27
core   0: 0 0x800032f0 (0x41b95093) x1  0x00000000
core   0: 0x800032f4 (0x035dc333) div     t1, s11, s5
core   0: 0 0x800032f4 (0x035dc333) x6  0x00000000
core   0: 0x800032f8 (0x0000094d) c.addi  s2, 19
core   0: 0 0x800032f8 (0x094d) x18 0x00000039
core   0: 0x800032fa (0x00000dda) c.slli  s11, 22
core   0: 0 0x800032fa (0x0dda) x27 0x00000000
core   0: 0x800032fc (0x00001d7d) c.addi  s10, -1
core   0: 0 0x800032fc (0x1d7d) x26 0x00000005
core   0: 0x800032fe (0x00008d75) c.and   a0, a3
core   0: 0 0x800032fe (0x8d75) x10 0x00000001
core   0: 0x80003300 (0x00008de1) c.and   a1, s0
core   0: 0 0x80003300 (0x8de1) x11 0x00000008
core   0: 0x80003302 (0xffed09e3) beq     s10, t5, pc - 14
core   0: 0 0x80003302 (0xffed09e3)
core   0: 0x80003306 (0xfc4b57e3) bge     s6, tp, pc - 50
core   0: 0 0x80003306 (0xfc4b57e3)
core   0: 0x8000330a (0x00000001) c.nop
core   0: 0 0x8000330a (0x0001)
core   0: 0x8000330c (0x00005761) c.li    a4, -8
core   0: 0 0x8000330c (0x5761) x14 0xfffffff8
core   0: 0x8000330e (0x1f8da313) slti    t1, s11, 504
core   0: 0 0x8000330e (0x1f8da313) x6  0x00000001
core   0: 0x80003312 (0x6d0acc13) xori    s8, s5, 1744
core   0: 0 0x80003312 (0x6d0acc13) x24 0x000006d9
core   0: 0x80003316 (0xe1ba5517) auipc   a0, 0xe1ba5
core   0: 0 0x80003316 (0xe1ba5517) x10 0x61ba8316
core   0: 0x8000331a (0x000068e5) c.lui   a7, 0x19
core   0: 0 0x8000331a (0x68e5) x17 0x00019000
core   0: 0x8000331c (0x03c1c2b3) div     t0, gp, t3
core   0: 0 0x8000331c (0x03c1c2b3) x5  0x00000000
core   0: 0x80003320 (0x00008cb5) c.xor   s1, a3
core   0: 0 0x80003320 (0x8cb5) x9  0xffffffff
core   0: 0x80003322 (0x01b41e13) slli    t3, s0, 27
core   0: 0 0x80003322 (0x01b41e13) x28 0x40000000
core   0: 0x80003326 (0x02107233) remu    tp, zero, ra
core   0: 0 0x80003326 (0x02107233) x4  0x00000000
core   0: 0x8000332a (0x00000001) c.nop
core   0: 0 0x8000332a (0x0001)
core   0: 0x8000332c (0x019de3b3) or      t2, s11, s9
core   0: 0 0x8000332c (0x019de3b3) x7  0x29fb0000
core   0: 0x80003330 (0x0c770913) addi    s2, a4, 199
core   0: 0 0x80003330 (0x0c770913) x18 0x000000bf
core   0: 0x80003334 (0xba88c2b7) lui     t0, 0xba88c
core   0: 0 0x80003334 (0xba88c2b7) x5  0xba88c000
core   0: 0x80003338 (0x41ab00b3) sub     ra, s6, s10
core   0: 0 0x80003338 (0x41ab00b3) x1  0xffffffeb
core   0: 0x8000333c (0x00008cd9) c.or    s1, a4
core   0: 0 0x8000333c (0x8cd9) x9  0xffffffff
core   0: 0x8000333e (0x00000711) c.addi  a4, 4
core   0: 0 0x8000333e (0x0711) x14 0xfffffffc
core   0: 0x80003340 (0x0ff0000f) fence   iorw,iorw
core   0: 0 0x80003340 (0x0ff0000f)
core   0: 0x80003344 (0x80084fb7) lui     t6, 0x80084
core   0: 0 0x80003344 (0x80084fb7) x31 0x80084000
core   0: 0x80003348 (0xad24b813) sltiu   a6, s1, -1326
core   0: 0 0x80003348 (0xad24b813) x16 0x00000000
core   0: 0x8000334c (0x00008c31) c.xor   s0, a2
core   0: 0 0x8000334c (0x8c31) x8  0x00000000
core   0: 0x8000334e (0x0136fd33) and     s10, a3, s3
core   0: 0 0x8000334e (0x0136fd33) x26 0xfffffffe
core   0: 0x80003352 (0x00519233) sll     tp, gp, t0
core   0: 0 0x80003352 (0x00519233) x4  0x00000001
core   0: 0x80003356 (0x00008cc9) c.or    s1, a0
core   0: 0 0x80003356 (0x8cc9) x9  0xffffffff
core   0: 0x80003358 (0x4759fd13) andi    s10, s3, 1141
core   0: 0 0x80003358 (0x4759fd13) x26 0x00000474
core   0: 0x8000335c (0x0000d365) c.beqz  a4, pc - 32
core   0: 0 0x8000335c (0xd365)
core   0: 0x8000335e (0x41a8deb3) sra     t4, a7, s10
core   0: 0 0x8000335e (0x41a8deb3) x29 0x00000000
core   0: 0x80003362 (0x00005761) c.li    a4, -8
core   0: 0 0x80003362 (0x5761) x14 0xfffffff8
core   0: 0x80003364 (0x0000100f) fence.i
core   0: 0 0x80003364 (0x0000100f)
core   0: 0x80003368 (0x0000644d) c.lui   s0, 0x13
core   0: 0 0x80003368 (0x644d) x8  0x00013000
core   0: 0x8000336a (0x00000001) c.nop
core   0: 0 0x8000336a (0x0001)
core   0: 0x8000336c (0x000004fe) c.slli  s1, 31
core   0: 0 0x8000336c (0x04fe) x9  0x80000000
core   0: 0x8000336e (0x00009eb6) c.add   t4, a3
core   0: 0 0x8000336e (0x9eb6) x29 0xffffffff
core   0: 0x80003370 (0x00000001) c.nop
core   0: 0 0x80003370 (0x0001)
core   0: 0x80003372 (0x00000001) c.nop
core   0: 0 0x80003372 (0x0001)
core   0: 0x80003374 (0x00000001) c.nop
core   0: 0 0x80003374 (0x0001)
core   0: 0x80003376 (0x00008c5a) c.mv    s8, s6
core   0: 0 0x80003376 (0x8c5a) x24 0xfffffff0
core   0: 0x80003378 (0x0000100f) fence.i
core   0: 0 0x80003378 (0x0000100f)
core   0: 0x8000337c (0x00000001) c.nop
core   0: 0 0x8000337c (0x0001)
core   0: 0x8000337e (0x0173d4b3) srl     s1, t2, s7
core   0: 0 0x8000337e (0x0173d4b3) x9  0x29fb0000
core   0: 0x80003382 (0x01348bb3) add     s7, s1, s3
core   0: 0 0x80003382 (0x01348bb3) x23 0x29fafffe
core   0: 0x80003386 (0x00000001) c.nop
core   0: 0 0x80003386 (0x0001)
core   0: 0x80003388 (0x00006351) c.lui   t1, 0x14
core   0: 0 0x80003388 (0x6351) x6  0x00014000
core   0: 0x8000338a (0x0100bc33) sltu    s8, ra, a6
core   0: 0 0x8000338a (0x0100bc33) x24 0x00000000
core   0: 0x8000338e (0x00d17f33) and     t5, sp, a3
core   0: 0 0x8000338e (0x00d17f33) x30 0x80024e2c
core   0: 0x80003392 (0x00000711) c.addi  a4, 4
core   0: 0 0x80003392 (0x0711) x14 0xfffffffc
core   0: 0x80003394 (0x004051b3) srl     gp, zero, tp
core   0: 0 0x80003394 (0x004051b3) x3  0x00000000
core   0: 0x80003398 (0x02cd0eb3) mul     t4, s10, a2
core   0: 0 0x80003398 (0x02cd0eb3) x29 0x000023a0
core   0: 0x8000339c (0x03d65833) divu    a6, a2, t4
core   0: 0 0x8000339c (0x03d65833) x16 0x00000000
core   0: 0x800033a0 (0x0000987d) c.andi  s0, -1
core   0: 0 0x800033a0 (0x987d) x8  0x00013000
core   0: 0x800033a2 (0x01b7da33) srl     s4, a5, s11
core   0: 0 0x800033a2 (0x01b7da33) x20 0x80028ce4
core   0: 0x800033a6 (0x0000d375) c.beqz  a4, pc - 28
core   0: 0 0x800033a6 (0xd375)
core   0: 0x800033a8 (0x00008ac5) c.andi  a3, 17
core   0: 0 0x800033a8 (0x8ac5) x13 0x00000011
core   0: 0x800033aa (0x00005459) c.li    s0, -10
core   0: 0 0x800033aa (0x5459) x8  0xfffffff6
core   0: 0x800033ac (0x00008ddd) c.or    a1, a5
core   0: 0 0x800033ac (0x8ddd) x11 0x80028cec
core   0: 0x800033ae (0x00004b29) c.li    s6, 10
core   0: 0 0x800033ae (0x4b29) x22 0x0000000a
core   0: 0x800033b0 (0x957e1197) auipc   gp, 0x957e1
core   0: 0 0x800033b0 (0x957e1197) x3  0x157e43b0
core   0: 0x800033b4 (0x00000ea6) c.slli  t4, 9
core   0: 0 0x800033b4 (0x0ea6) x29 0x00474000
core   0: 0x800033b6 (0x00000411) c.addi  s0, 4
core   0: 0 0x800033b6 (0x0411) x8  0xfffffffa
core   0: 0x800033b8 (0x011c1713) slli    a4, s8, 17
core   0: 0 0x800033b8 (0x011c1713) x14 0x00000000
core   0: 0x800033bc (0x00005cf1) c.li    s9, -4
core   0: 0 0x800033bc (0x5cf1) x25 0xfffffffc
core   0: 0x800033be (0x0034c4b3) xor     s1, s1, gp
core   0: 0 0x800033be (0x0034c4b3) x9  0x3c8543b0
core   0: 0x800033c2 (0x00005bc1) c.li    s7, -16
core   0: 0 0x800033c2 (0x5bc1) x23 0xfffffff0
core   0: 0x800033c4 (0x0000100f) fence.i
core   0: 0 0x800033c4 (0x0000100f)
core   0: 0x800033c8 (0x00009f42) c.add   t5, a6
core   0: 0 0x800033c8 (0x9f42) x30 0x80024e2c
core   0: 0x800033ca (0x000011fd) c.addi  gp, -1
core   0: 0 0x800033ca (0x11fd) x3  0x157e43af
core   0: 0x800033cc (0x73577093) andi    ra, a4, 1845
core   0: 0 0x800033cc (0x73577093) x1  0x00000000
core   0: 0x800033d0 (0x8b3fe393) ori     t2, t6, -1869
core   0: 0 0x800033d0 (0x8b3fe393) x7  0xfffff8b3
core   0: 0x800033d4 (0x00001ce9) c.addi  s9, -6
core   0: 0 0x800033d4 (0x1ce9) x25 0xfffffff6
core   0: 0x800033d6 (0xff7c8de3) beq     s9, s7, pc - 6
core   0: 0 0x800033d6 (0xff7c8de3)
core   0: 0x800033da (0x026746b3) div     a3, a4, t1
core   0: 0 0x800033da (0x026746b3) x13 0x00000000
core   0: 0x800033de (0xfd6419e3) bne     s0, s6, pc - 46
core   0: 0 0x800033de (0xfd6419e3)
core   0: 0x800033b0 (0x957e1197) auipc   gp, 0x957e1
core   0: 0 0x800033b0 (0x957e1197) x3  0x157e43b0
core   0: 0x800033b4 (0x00000ea6) c.slli  t4, 9
core   0: 0 0x800033b4 (0x0ea6) x29 0x8e800000
core   0: 0x800033b6 (0x00000411) c.addi  s0, 4
core   0: 0 0x800033b6 (0x0411) x8  0xfffffffe
core   0: 0x800033b8 (0x011c1713) slli    a4, s8, 17
core   0: 0 0x800033b8 (0x011c1713) x14 0x00000000
core   0: 0x800033bc (0x00005cf1) c.li    s9, -4
core   0: 0 0x800033bc (0x5cf1) x25 0xfffffffc
core   0: 0x800033be (0x0034c4b3) xor     s1, s1, gp
core   0: 0 0x800033be (0x0034c4b3) x9  0x29fb0000
core   0: 0x800033c2 (0x00005bc1) c.li    s7, -16
core   0: 0 0x800033c2 (0x5bc1) x23 0xfffffff0
core   0: 0x800033c4 (0x0000100f) fence.i
core   0: 0 0x800033c4 (0x0000100f)
core   0: 0x800033c8 (0x00009f42) c.add   t5, a6
core   0: 0 0x800033c8 (0x9f42) x30 0x80024e2c
core   0: 0x800033ca (0x000011fd) c.addi  gp, -1
core   0: 0 0x800033ca (0x11fd) x3  0x157e43af
core   0: 0x800033cc (0x73577093) andi    ra, a4, 1845
core   0: 0 0x800033cc (0x73577093) x1  0x00000000
core   0: 0x800033d0 (0x8b3fe393) ori     t2, t6, -1869
core   0: 0 0x800033d0 (0x8b3fe393) x7  0xfffff8b3
core   0: 0x800033d4 (0x00001ce9) c.addi  s9, -6
core   0: 0 0x800033d4 (0x1ce9) x25 0xfffffff6
core   0: 0x800033d6 (0xff7c8de3) beq     s9, s7, pc - 6
core   0: 0 0x800033d6 (0xff7c8de3)
core   0: 0x800033da (0x026746b3) div     a3, a4, t1
core   0: 0 0x800033da (0x026746b3) x13 0x00000000
core   0: 0x800033de (0xfd6419e3) bne     s0, s6, pc - 46
core   0: 0 0x800033de (0xfd6419e3)
core   0: 0x800033b0 (0x957e1197) auipc   gp, 0x957e1
core   0: 0 0x800033b0 (0x957e1197) x3  0x157e43b0
core   0: 0x800033b4 (0x00000ea6) c.slli  t4, 9
core   0: 0 0x800033b4 (0x0ea6) x29 0x00000000
core   0: 0x800033b6 (0x00000411) c.addi  s0, 4
core   0: 0 0x800033b6 (0x0411) x8  0x00000002
core   0: 0x800033b8 (0x011c1713) slli    a4, s8, 17
core   0: 0 0x800033b8 (0x011c1713) x14 0x00000000
core   0: 0x800033bc (0x00005cf1) c.li    s9, -4
core   0: 0 0x800033bc (0x5cf1) x25 0xfffffffc
core   0: 0x800033be (0x0034c4b3) xor     s1, s1, gp
core   0: 0 0x800033be (0x0034c4b3) x9  0x3c8543b0
core   0: 0x800033c2 (0x00005bc1) c.li    s7, -16
core   0: 0 0x800033c2 (0x5bc1) x23 0xfffffff0
core   0: 0x800033c4 (0x0000100f) fence.i
core   0: 0 0x800033c4 (0x0000100f)
core   0: 0x800033c8 (0x00009f42) c.add   t5, a6
core   0: 0 0x800033c8 (0x9f42) x30 0x80024e2c
core   0: 0x800033ca (0x000011fd) c.addi  gp, -1
core   0: 0 0x800033ca (0x11fd) x3  0x157e43af
core   0: 0x800033cc (0x73577093) andi    ra, a4, 1845
core   0: 0 0x800033cc (0x73577093) x1  0x00000000
core   0: 0x800033d0 (0x8b3fe393) ori     t2, t6, -1869
core   0: 0 0x800033d0 (0x8b3fe393) x7  0xfffff8b3
core   0: 0x800033d4 (0x00001ce9) c.addi  s9, -6
core   0: 0 0x800033d4 (0x1ce9) x25 0xfffffff6
core   0: 0x800033d6 (0xff7c8de3) beq     s9, s7, pc - 6
core   0: 0 0x800033d6 (0xff7c8de3)
core   0: 0x800033da (0x026746b3) div     a3, a4, t1
core   0: 0 0x800033da (0x026746b3) x13 0x00000000
core   0: 0x800033de (0xfd6419e3) bne     s0, s6, pc - 46
core   0: 0 0x800033de (0xfd6419e3)
core   0: 0x800033b0 (0x957e1197) auipc   gp, 0x957e1
core   0: 0 0x800033b0 (0x957e1197) x3  0x157e43b0
core   0: 0x800033b4 (0x00000ea6) c.slli  t4, 9
core   0: 0 0x800033b4 (0x0ea6) x29 0x00000000
core   0: 0x800033b6 (0x00000411) c.addi  s0, 4
core   0: 0 0x800033b6 (0x0411) x8  0x00000006
core   0: 0x800033b8 (0x011c1713) slli    a4, s8, 17
core   0: 0 0x800033b8 (0x011c1713) x14 0x00000000
core   0: 0x800033bc (0x00005cf1) c.li    s9, -4
core   0: 0 0x800033bc (0x5cf1) x25 0xfffffffc
core   0: 0x800033be (0x0034c4b3) xor     s1, s1, gp
core   0: 0 0x800033be (0x0034c4b3) x9  0x29fb0000
core   0: 0x800033c2 (0x00005bc1) c.li    s7, -16
core   0: 0 0x800033c2 (0x5bc1) x23 0xfffffff0
core   0: 0x800033c4 (0x0000100f) fence.i
core   0: 0 0x800033c4 (0x0000100f)
core   0: 0x800033c8 (0x00009f42) c.add   t5, a6
core   0: 0 0x800033c8 (0x9f42) x30 0x80024e2c
core   0: 0x800033ca (0x000011fd) c.addi  gp, -1
core   0: 0 0x800033ca (0x11fd) x3  0x157e43af
core   0: 0x800033cc (0x73577093) andi    ra, a4, 1845
core   0: 0 0x800033cc (0x73577093) x1  0x00000000
core   0: 0x800033d0 (0x8b3fe393) ori     t2, t6, -1869
core   0: 0 0x800033d0 (0x8b3fe393) x7  0xfffff8b3
core   0: 0x800033d4 (0x00001ce9) c.addi  s9, -6
core   0: 0 0x800033d4 (0x1ce9) x25 0xfffffff6
core   0: 0x800033d6 (0xff7c8de3) beq     s9, s7, pc - 6
core   0: 0 0x800033d6 (0xff7c8de3)
core   0: 0x800033da (0x026746b3) div     a3, a4, t1
core   0: 0 0x800033da (0x026746b3) x13 0x00000000
core   0: 0x800033de (0xfd6419e3) bne     s0, s6, pc - 46
core   0: 0 0x800033de (0xfd6419e3)
core   0: 0x800033b0 (0x957e1197) auipc   gp, 0x957e1
core   0: 0 0x800033b0 (0x957e1197) x3  0x157e43b0
core   0: 0x800033b4 (0x00000ea6) c.slli  t4, 9
core   0: 0 0x800033b4 (0x0ea6) x29 0x00000000
core   0: 0x800033b6 (0x00000411) c.addi  s0, 4
core   0: 0 0x800033b6 (0x0411) x8  0x0000000a
core   0: 0x800033b8 (0x011c1713) slli    a4, s8, 17
core   0: 0 0x800033b8 (0x011c1713) x14 0x00000000
core   0: 0x800033bc (0x00005cf1) c.li    s9, -4
core   0: 0 0x800033bc (0x5cf1) x25 0xfffffffc
core   0: 0x800033be (0x0034c4b3) xor     s1, s1, gp
core   0: 0 0x800033be (0x0034c4b3) x9  0x3c8543b0
core   0: 0x800033c2 (0x00005bc1) c.li    s7, -16
core   0: 0 0x800033c2 (0x5bc1) x23 0xfffffff0
core   0: 0x800033c4 (0x0000100f) fence.i
core   0: 0 0x800033c4 (0x0000100f)
core   0: 0x800033c8 (0x00009f42) c.add   t5, a6
core   0: 0 0x800033c8 (0x9f42) x30 0x80024e2c
core   0: 0x800033ca (0x000011fd) c.addi  gp, -1
core   0: 0 0x800033ca (0x11fd) x3  0x157e43af
core   0: 0x800033cc (0x73577093) andi    ra, a4, 1845
core   0: 0 0x800033cc (0x73577093) x1  0x00000000
core   0: 0x800033d0 (0x8b3fe393) ori     t2, t6, -1869
core   0: 0 0x800033d0 (0x8b3fe393) x7  0xfffff8b3
core   0: 0x800033d4 (0x00001ce9) c.addi  s9, -6
core   0: 0 0x800033d4 (0x1ce9) x25 0xfffffff6
core   0: 0x800033d6 (0xff7c8de3) beq     s9, s7, pc - 6
core   0: 0 0x800033d6 (0xff7c8de3)
core   0: 0x800033da (0x026746b3) div     a3, a4, t1
core   0: 0 0x800033da (0x026746b3) x13 0x00000000
core   0: 0x800033de (0xfd6419e3) bne     s0, s6, pc - 46
core   0: 0 0x800033de (0xfd6419e3)
core   0: 0x800033e2 (0x517d6e93) ori     t4, s10, 1303
core   0: 0 0x800033e2 (0x517d6e93) x29 0x00000577
core   0: 0x800033e6 (0x00004f99) c.li    t6, 6
core   0: 0 0x800033e6 (0x4f99) x31 0x00000006
core   0: 0x800033e8 (0x0000949a) c.add   s1, t1
core   0: 0 0x800033e8 (0x949a) x9  0x3c8683b0
core   0: 0x800033ea (0x029fc433) div     s0, t6, s1
core   0: 0 0x800033ea (0x029fc433) x8  0x00000000
core   0: 0x800033ee (0x02ab9833) mulh    a6, s7, a0
core   0: 0 0x800033ee (0x02ab9833) x16 0xfffffff9
core   0: 0x800033f2 (0x417c5433) sra     s0, s8, s7
core   0: 0 0x800033f2 (0x417c5433) x8  0x00000000
core   0: 0x800033f6 (0x00004291) c.li    t0, 4
core   0: 0 0x800033f6 (0x4291) x5  0x00000004
core   0: 0x800033f8 (0x00000b76) c.slli  s6, 29
core   0: 0 0x800033f8 (0x0b76) x22 0x40000000
core   0: 0x800033fa (0x88278813) addi    a6, a5, -1918
core   0: 0 0x800033fa (0x88278813) x16 0x80028566
core   0: 0x800033fe (0xec23bb93) sltiu   s7, t2, -318
core   0: 0 0x800033fe (0xec23bb93) x23 0x00000001
core   0: 0x80003402 (0x2be08513) addi    a0, ra, 702
core   0: 0 0x80003402 (0x2be08513) x10 0x000002be
core   0: 0x80003406 (0x00008f6e) c.mv    t5, s11
core   0: 0 0x80003406 (0x8f6e) x30 0x00000000
core   0: 0x80003408 (0x01d46bb3) or      s7, s0, t4
core   0: 0 0x80003408 (0x01d46bb3) x23 0x00000577
core   0: 0x8000340c (0x00001ffd) c.addi  t6, -1
core   0: 0 0x8000340c (0x1ffd) x31 0x00000005
core   0: 0x8000340e (0x02f0c5b3) div     a1, ra, a5
core   0: 0 0x8000340e (0x02f0c5b3) x11 0x00000000
core   0: 0x80003412 (0x03545433) divu    s0, s0, s5
core   0: 0 0x80003412 (0x03545433) x8  0x00000000
core   0: 0x80003416 (0x036fe833) rem     a6, t6, s6
core   0: 0 0x80003416 (0x036fe833) x16 0x00000005
core   0: 0x8000341a (0x7fe77193) andi    gp, a4, 2046
core   0: 0 0x8000341a (0x7fe77193) x3  0x00000000
core   0: 0x8000341e (0xfe5ff5e3) bgeu    t6, t0, pc - 22
core   0: 0 0x8000341e (0xfe5ff5e3)
core   0: 0x80003408 (0x01d46bb3) or      s7, s0, t4
core   0: 0 0x80003408 (0x01d46bb3) x23 0x00000577
core   0: 0x8000340c (0x00001ffd) c.addi  t6, -1
core   0: 0 0x8000340c (0x1ffd) x31 0x00000004
core   0: 0x8000340e (0x02f0c5b3) div     a1, ra, a5
core   0: 0 0x8000340e (0x02f0c5b3) x11 0x00000000
core   0: 0x80003412 (0x03545433) divu    s0, s0, s5
core   0: 0 0x80003412 (0x03545433) x8  0x00000000
core   0: 0x80003416 (0x036fe833) rem     a6, t6, s6
core   0: 0 0x80003416 (0x036fe833) x16 0x00000004
core   0: 0x8000341a (0x7fe77193) andi    gp, a4, 2046
core   0: 0 0x8000341a (0x7fe77193) x3  0x00000000
core   0: 0x8000341e (0xfe5ff5e3) bgeu    t6, t0, pc - 22
core   0: 0 0x8000341e (0xfe5ff5e3)
core   0: 0x80003408 (0x01d46bb3) or      s7, s0, t4
core   0: 0 0x80003408 (0x01d46bb3) x23 0x00000577
core   0: 0x8000340c (0x00001ffd) c.addi  t6, -1
core   0: 0 0x8000340c (0x1ffd) x31 0x00000003
core   0: 0x8000340e (0x02f0c5b3) div     a1, ra, a5
core   0: 0 0x8000340e (0x02f0c5b3) x11 0x00000000
core   0: 0x80003412 (0x03545433) divu    s0, s0, s5
core   0: 0 0x80003412 (0x03545433) x8  0x00000000
core   0: 0x80003416 (0x036fe833) rem     a6, t6, s6
core   0: 0 0x80003416 (0x036fe833) x16 0x00000003
core   0: 0x8000341a (0x7fe77193) andi    gp, a4, 2046
core   0: 0 0x8000341a (0x7fe77193) x3  0x00000000
core   0: 0x8000341e (0xfe5ff5e3) bgeu    t6, t0, pc - 22
core   0: 0 0x8000341e (0xfe5ff5e3)
core   0: 0x80003422 (0xf77d4493) xori    s1, s10, -137
core   0: 0 0x80003422 (0xf77d4493) x9  0xfffffb03
core   0: 0x80003426 (0x00005e75) c.li    t3, -3
core   0: 0 0x80003426 (0x5e75) x28 0xfffffffd
core   0: 0x80003428 (0x00008e31) c.xor   a2, a2
core   0: 0 0x80003428 (0x8e31) x12 0x00000000
core   0: 0x8000342a (0x8c55f537) lui     a0, 0x8c55f
core   0: 0 0x8000342a (0x8c55f537) x10 0x8c55f000
core   0: 0x8000342e (0x000045bd) c.li    a1, 15
core   0: 0 0x8000342e (0x45bd) x11 0x0000000f
core   0: 0x80003430 (0x74434b97) auipc   s7, 0x74434
core   0: 0 0x80003430 (0x74434b97) x23 0xf4437430
core   0: 0x80003434 (0x00008c7d) c.and   s0, a5
core   0: 0 0x80003434 (0x8c7d) x8  0x00000000
core   0: 0x80003436 (0x00000e21) c.addi  t3, 8
core   0: 0 0x80003436 (0x0e21) x28 0x00000005
core   0: 0x80003438 (0x03e07833) remu    a6, zero, t5
core   0: 0 0x80003438 (0x03e07833) x16 0x00000000
core   0: 0x8000343c (0x00004391) c.li    t2, 4
core   0: 0 0x8000343c (0x4391) x7  0x00000004
core   0: 0x8000343e (0x00004939) c.li    s2, 14
core   0: 0 0x8000343e (0x4939) x18 0x0000000e
core   0: 0x80003440 (0x000088e5) c.andi  s1, 25
core   0: 0 0x80003440 (0x88e5) x9  0x00000001
core   0: 0x80003442 (0x0276e2b3) rem     t0, a3, t2
core   0: 0 0x80003442 (0x0276e2b3) x5  0x00000000
core   0: 0x80003446 (0x00008751) c.srai  a4, 20
core   0: 0 0x80003446 (0x8751) x14 0x00000000
core   0: 0x80003448 (0x00000385) c.addi  t2, 1
core   0: 0 0x80003448 (0x0385) x7  0x00000005
core   0: 0x8000344a (0xff23ece3) bltu    t2, s2, pc - 8
core   0: 0 0x8000344a (0xff23ece3)
core   0: 0x80003442 (0x0276e2b3) rem     t0, a3, t2
core   0: 0 0x80003442 (0x0276e2b3) x5  0x00000000
core   0: 0x80003446 (0x00008751) c.srai  a4, 20
core   0: 0 0x80003446 (0x8751) x14 0x00000000
core   0: 0x80003448 (0x00000385) c.addi  t2, 1
core   0: 0 0x80003448 (0x0385) x7  0x00000006
core   0: 0x8000344a (0xff23ece3) bltu    t2, s2, pc - 8
core   0: 0 0x8000344a (0xff23ece3)
core   0: 0x80003442 (0x0276e2b3) rem     t0, a3, t2
core   0: 0 0x80003442 (0x0276e2b3) x5  0x00000000
core   0: 0x80003446 (0x00008751) c.srai  a4, 20
core   0: 0 0x80003446 (0x8751) x14 0x00000000
core   0: 0x80003448 (0x00000385) c.addi  t2, 1
core   0: 0 0x80003448 (0x0385) x7  0x00000007
core   0: 0x8000344a (0xff23ece3) bltu    t2, s2, pc - 8
core   0: 0 0x8000344a (0xff23ece3)
core   0: 0x80003442 (0x0276e2b3) rem     t0, a3, t2
core   0: 0 0x80003442 (0x0276e2b3) x5  0x00000000
core   0: 0x80003446 (0x00008751) c.srai  a4, 20
core   0: 0 0x80003446 (0x8751) x14 0x00000000
core   0: 0x80003448 (0x00000385) c.addi  t2, 1
core   0: 0 0x80003448 (0x0385) x7  0x00000008
core   0: 0x8000344a (0xff23ece3) bltu    t2, s2, pc - 8
core   0: 0 0x8000344a (0xff23ece3)
core   0: 0x80003442 (0x0276e2b3) rem     t0, a3, t2
core   0: 0 0x80003442 (0x0276e2b3) x5  0x00000000
core   0: 0x80003446 (0x00008751) c.srai  a4, 20
core   0: 0 0x80003446 (0x8751) x14 0x00000000
core   0: 0x80003448 (0x00000385) c.addi  t2, 1
core   0: 0 0x80003448 (0x0385) x7  0x00000009
core   0: 0x8000344a (0xff23ece3) bltu    t2, s2, pc - 8
core   0: 0 0x8000344a (0xff23ece3)
core   0: 0x80003442 (0x0276e2b3) rem     t0, a3, t2
core   0: 0 0x80003442 (0x0276e2b3) x5  0x00000000
core   0: 0x80003446 (0x00008751) c.srai  a4, 20
core   0: 0 0x80003446 (0x8751) x14 0x00000000
core   0: 0x80003448 (0x00000385) c.addi  t2, 1
core   0: 0 0x80003448 (0x0385) x7  0x0000000a
core   0: 0x8000344a (0xff23ece3) bltu    t2, s2, pc - 8
core   0: 0 0x8000344a (0xff23ece3)
core   0: 0x80003442 (0x0276e2b3) rem     t0, a3, t2
core   0: 0 0x80003442 (0x0276e2b3) x5  0x00000000
core   0: 0x80003446 (0x00008751) c.srai  a4, 20
core   0: 0 0x80003446 (0x8751) x14 0x00000000
core   0: 0x80003448 (0x00000385) c.addi  t2, 1
core   0: 0 0x80003448 (0x0385) x7  0x0000000b
core   0: 0x8000344a (0xff23ece3) bltu    t2, s2, pc - 8
core   0: 0 0x8000344a (0xff23ece3)
core   0: 0x80003442 (0x0276e2b3) rem     t0, a3, t2
core   0: 0 0x80003442 (0x0276e2b3) x5  0x00000000
core   0: 0x80003446 (0x00008751) c.srai  a4, 20
core   0: 0 0x80003446 (0x8751) x14 0x00000000
core   0: 0x80003448 (0x00000385) c.addi  t2, 1
core   0: 0 0x80003448 (0x0385) x7  0x0000000c
core   0: 0x8000344a (0xff23ece3) bltu    t2, s2, pc - 8
core   0: 0 0x8000344a (0xff23ece3)
core   0: 0x80003442 (0x0276e2b3) rem     t0, a3, t2
core   0: 0 0x80003442 (0x0276e2b3) x5  0x00000000
core   0: 0x80003446 (0x00008751) c.srai  a4, 20
core   0: 0 0x80003446 (0x8751) x14 0x00000000
core   0: 0x80003448 (0x00000385) c.addi  t2, 1
core   0: 0 0x80003448 (0x0385) x7  0x0000000d
core   0: 0x8000344a (0xff23ece3) bltu    t2, s2, pc - 8
core   0: 0 0x8000344a (0xff23ece3)
core   0: 0x80003442 (0x0276e2b3) rem     t0, a3, t2
core   0: 0 0x80003442 (0x0276e2b3) x5  0x00000000
core   0: 0x80003446 (0x00008751) c.srai  a4, 20
core   0: 0 0x80003446 (0x8751) x14 0x00000000
core   0: 0x80003448 (0x00000385) c.addi  t2, 1
core   0: 0 0x80003448 (0x0385) x7  0x0000000e
core   0: 0x8000344a (0xff23ece3) bltu    t2, s2, pc - 8
core   0: 0 0x8000344a (0xff23ece3)
core   0: 0x8000344e (0x032f6eb3) rem     t4, t5, s2
core   0: 0 0x8000344e (0x032f6eb3) x29 0x00000000
core   0: 0x80003452 (0x0000856e) c.mv    a0, s11
core   0: 0 0x80003452 (0x856e) x10 0x00000000
core   0: 0x80003454 (0xfebe60e3) bltu    t3, a1, pc - 32
core   0: 0 0x80003454 (0xfebe60e3)
core   0: 0x80003434 (0x00008c7d) c.and   s0, a5
core   0: 0 0x80003434 (0x8c7d) x8  0x00000000
core   0: 0x80003436 (0x00000e21) c.addi  t3, 8
core   0: 0 0x80003436 (0x0e21) x28 0x0000000d
core   0: 0x80003438 (0x03e07833) remu    a6, zero, t5
core   0: 0 0x80003438 (0x03e07833) x16 0x00000000
core   0: 0x8000343c (0x00004391) c.li    t2, 4
core   0: 0 0x8000343c (0x4391) x7  0x00000004
core   0: 0x8000343e (0x00004939) c.li    s2, 14
core   0: 0 0x8000343e (0x4939) x18 0x0000000e
core   0: 0x80003440 (0x000088e5) c.andi  s1, 25
core   0: 0 0x80003440 (0x88e5) x9  0x00000001
core   0: 0x80003442 (0x0276e2b3) rem     t0, a3, t2
core   0: 0 0x80003442 (0x0276e2b3) x5  0x00000000
core   0: 0x80003446 (0x00008751) c.srai  a4, 20
core   0: 0 0x80003446 (0x8751) x14 0x00000000
core   0: 0x80003448 (0x00000385) c.addi  t2, 1
core   0: 0 0x80003448 (0x0385) x7  0x00000005
core   0: 0x8000344a (0xff23ece3) bltu    t2, s2, pc - 8
core   0: 0 0x8000344a (0xff23ece3)
core   0: 0x80003442 (0x0276e2b3) rem     t0, a3, t2
core   0: 0 0x80003442 (0x0276e2b3) x5  0x00000000
core   0: 0x80003446 (0x00008751) c.srai  a4, 20
core   0: 0 0x80003446 (0x8751) x14 0x00000000
core   0: 0x80003448 (0x00000385) c.addi  t2, 1
core   0: 0 0x80003448 (0x0385) x7  0x00000006
core   0: 0x8000344a (0xff23ece3) bltu    t2, s2, pc - 8
core   0: 0 0x8000344a (0xff23ece3)
core   0: 0x80003442 (0x0276e2b3) rem     t0, a3, t2
core   0: 0 0x80003442 (0x0276e2b3) x5  0x00000000
core   0: 0x80003446 (0x00008751) c.srai  a4, 20
core   0: 0 0x80003446 (0x8751) x14 0x00000000
core   0: 0x80003448 (0x00000385) c.addi  t2, 1
core   0: 0 0x80003448 (0x0385) x7  0x00000007
core   0: 0x8000344a (0xff23ece3) bltu    t2, s2, pc - 8
core   0: 0 0x8000344a (0xff23ece3)
core   0: 0x80003442 (0x0276e2b3) rem     t0, a3, t2
core   0: 0 0x80003442 (0x0276e2b3) x5  0x00000000
core   0: 0x80003446 (0x00008751) c.srai  a4, 20
core   0: 0 0x80003446 (0x8751) x14 0x00000000
core   0: 0x80003448 (0x00000385) c.addi  t2, 1
core   0: 0 0x80003448 (0x0385) x7  0x00000008
core   0: 0x8000344a (0xff23ece3) bltu    t2, s2, pc - 8
core   0: 0 0x8000344a (0xff23ece3)
core   0: 0x80003442 (0x0276e2b3) rem     t0, a3, t2
core   0: 0 0x80003442 (0x0276e2b3) x5  0x00000000
core   0: 0x80003446 (0x00008751) c.srai  a4, 20
core   0: 0 0x80003446 (0x8751) x14 0x00000000
core   0: 0x80003448 (0x00000385) c.addi  t2, 1
core   0: 0 0x80003448 (0x0385) x7  0x00000009
core   0: 0x8000344a (0xff23ece3) bltu    t2, s2, pc - 8
core   0: 0 0x8000344a (0xff23ece3)
core   0: 0x80003442 (0x0276e2b3) rem     t0, a3, t2
core   0: 0 0x80003442 (0x0276e2b3) x5  0x00000000
core   0: 0x80003446 (0x00008751) c.srai  a4, 20
core   0: 0 0x80003446 (0x8751) x14 0x00000000
core   0: 0x80003448 (0x00000385) c.addi  t2, 1
core   0: 0 0x80003448 (0x0385) x7  0x0000000a
core   0: 0x8000344a (0xff23ece3) bltu    t2, s2, pc - 8
core   0: 0 0x8000344a (0xff23ece3)
core   0: 0x80003442 (0x0276e2b3) rem     t0, a3, t2
core   0: 0 0x80003442 (0x0276e2b3) x5  0x00000000
core   0: 0x80003446 (0x00008751) c.srai  a4, 20
core   0: 0 0x80003446 (0x8751) x14 0x00000000
core   0: 0x80003448 (0x00000385) c.addi  t2, 1
core   0: 0 0x80003448 (0x0385) x7  0x0000000b
core   0: 0x8000344a (0xff23ece3) bltu    t2, s2, pc - 8
core   0: 0 0x8000344a (0xff23ece3)
core   0: 0x80003442 (0x0276e2b3) rem     t0, a3, t2
core   0: 0 0x80003442 (0x0276e2b3) x5  0x00000000
core   0: 0x80003446 (0x00008751) c.srai  a4, 20
core   0: 0 0x80003446 (0x8751) x14 0x00000000
core   0: 0x80003448 (0x00000385) c.addi  t2, 1
core   0: 0 0x80003448 (0x0385) x7  0x0000000c
core   0: 0x8000344a (0xff23ece3) bltu    t2, s2, pc - 8
core   0: 0 0x8000344a (0xff23ece3)
core   0: 0x80003442 (0x0276e2b3) rem     t0, a3, t2
core   0: 0 0x80003442 (0x0276e2b3) x5  0x00000000
core   0: 0x80003446 (0x00008751) c.srai  a4, 20
core   0: 0 0x80003446 (0x8751) x14 0x00000000
core   0: 0x80003448 (0x00000385) c.addi  t2, 1
core   0: 0 0x80003448 (0x0385) x7  0x0000000d
core   0: 0x8000344a (0xff23ece3) bltu    t2, s2, pc - 8
core   0: 0 0x8000344a (0xff23ece3)
core   0: 0x80003442 (0x0276e2b3) rem     t0, a3, t2
core   0: 0 0x80003442 (0x0276e2b3) x5  0x00000000
core   0: 0x80003446 (0x00008751) c.srai  a4, 20
core   0: 0 0x80003446 (0x8751) x14 0x00000000
core   0: 0x80003448 (0x00000385) c.addi  t2, 1
core   0: 0 0x80003448 (0x0385) x7  0x0000000e
core   0: 0x8000344a (0xff23ece3) bltu    t2, s2, pc - 8
core   0: 0 0x8000344a (0xff23ece3)
core   0: 0x8000344e (0x032f6eb3) rem     t4, t5, s2
core   0: 0 0x8000344e (0x032f6eb3) x29 0x00000000
core   0: 0x80003452 (0x0000856e) c.mv    a0, s11
core   0: 0 0x80003452 (0x856e) x10 0x00000000
core   0: 0x80003454 (0xfebe60e3) bltu    t3, a1, pc - 32
core   0: 0 0x80003454 (0xfebe60e3)
core   0: 0x80003434 (0x00008c7d) c.and   s0, a5
core   0: 0 0x80003434 (0x8c7d) x8  0x00000000
core   0: 0x80003436 (0x00000e21) c.addi  t3, 8
core   0: 0 0x80003436 (0x0e21) x28 0x00000015
core   0: 0x80003438 (0x03e07833) remu    a6, zero, t5
core   0: 0 0x80003438 (0x03e07833) x16 0x00000000
core   0: 0x8000343c (0x00004391) c.li    t2, 4
core   0: 0 0x8000343c (0x4391) x7  0x00000004
core   0: 0x8000343e (0x00004939) c.li    s2, 14
core   0: 0 0x8000343e (0x4939) x18 0x0000000e
core   0: 0x80003440 (0x000088e5) c.andi  s1, 25
core   0: 0 0x80003440 (0x88e5) x9  0x00000001
core   0: 0x80003442 (0x0276e2b3) rem     t0, a3, t2
core   0: 0 0x80003442 (0x0276e2b3) x5  0x00000000
core   0: 0x80003446 (0x00008751) c.srai  a4, 20
core   0: 0 0x80003446 (0x8751) x14 0x00000000
core   0: 0x80003448 (0x00000385) c.addi  t2, 1
core   0: 0 0x80003448 (0x0385) x7  0x00000005
core   0: 0x8000344a (0xff23ece3) bltu    t2, s2, pc - 8
core   0: 0 0x8000344a (0xff23ece3)
core   0: 0x80003442 (0x0276e2b3) rem     t0, a3, t2
core   0: 0 0x80003442 (0x0276e2b3) x5  0x00000000
core   0: 0x80003446 (0x00008751) c.srai  a4, 20
core   0: 0 0x80003446 (0x8751) x14 0x00000000
core   0: 0x80003448 (0x00000385) c.addi  t2, 1
core   0: 0 0x80003448 (0x0385) x7  0x00000006
core   0: 0x8000344a (0xff23ece3) bltu    t2, s2, pc - 8
core   0: 0 0x8000344a (0xff23ece3)
core   0: 0x80003442 (0x0276e2b3) rem     t0, a3, t2
core   0: 0 0x80003442 (0x0276e2b3) x5  0x00000000
core   0: 0x80003446 (0x00008751) c.srai  a4, 20
core   0: 0 0x80003446 (0x8751) x14 0x00000000
core   0: 0x80003448 (0x00000385) c.addi  t2, 1
core   0: 0 0x80003448 (0x0385) x7  0x00000007
core   0: 0x8000344a (0xff23ece3) bltu    t2, s2, pc - 8
core   0: 0 0x8000344a (0xff23ece3)
core   0: 0x80003442 (0x0276e2b3) rem     t0, a3, t2
core   0: 0 0x80003442 (0x0276e2b3) x5  0x00000000
core   0: 0x80003446 (0x00008751) c.srai  a4, 20
core   0: 0 0x80003446 (0x8751) x14 0x00000000
core   0: 0x80003448 (0x00000385) c.addi  t2, 1
core   0: 0 0x80003448 (0x0385) x7  0x00000008
core   0: 0x8000344a (0xff23ece3) bltu    t2, s2, pc - 8
core   0: 0 0x8000344a (0xff23ece3)
core   0: 0x80003442 (0x0276e2b3) rem     t0, a3, t2
core   0: 0 0x80003442 (0x0276e2b3) x5  0x00000000
core   0: 0x80003446 (0x00008751) c.srai  a4, 20
core   0: 0 0x80003446 (0x8751) x14 0x00000000
core   0: 0x80003448 (0x00000385) c.addi  t2, 1
core   0: 0 0x80003448 (0x0385) x7  0x00000009
core   0: 0x8000344a (0xff23ece3) bltu    t2, s2, pc - 8
core   0: 0 0x8000344a (0xff23ece3)
core   0: 0x80003442 (0x0276e2b3) rem     t0, a3, t2
core   0: 0 0x80003442 (0x0276e2b3) x5  0x00000000
core   0: 0x80003446 (0x00008751) c.srai  a4, 20
core   0: 0 0x80003446 (0x8751) x14 0x00000000
core   0: 0x80003448 (0x00000385) c.addi  t2, 1
core   0: 0 0x80003448 (0x0385) x7  0x0000000a
core   0: 0x8000344a (0xff23ece3) bltu    t2, s2, pc - 8
core   0: 0 0x8000344a (0xff23ece3)
core   0: 0x80003442 (0x0276e2b3) rem     t0, a3, t2
core   0: 0 0x80003442 (0x0276e2b3) x5  0x00000000
core   0: 0x80003446 (0x00008751) c.srai  a4, 20
core   0: 0 0x80003446 (0x8751) x14 0x00000000
core   0: 0x80003448 (0x00000385) c.addi  t2, 1
core   0: 0 0x80003448 (0x0385) x7  0x0000000b
core   0: 0x8000344a (0xff23ece3) bltu    t2, s2, pc - 8
core   0: 0 0x8000344a (0xff23ece3)
core   0: 0x80003442 (0x0276e2b3) rem     t0, a3, t2
core   0: 0 0x80003442 (0x0276e2b3) x5  0x00000000
core   0: 0x80003446 (0x00008751) c.srai  a4, 20
core   0: 0 0x80003446 (0x8751) x14 0x00000000
core   0: 0x80003448 (0x00000385) c.addi  t2, 1
core   0: 0 0x80003448 (0x0385) x7  0x0000000c
core   0: 0x8000344a (0xff23ece3) bltu    t2, s2, pc - 8
core   0: 0 0x8000344a (0xff23ece3)
core   0: 0x80003442 (0x0276e2b3) rem     t0, a3, t2
core   0: 0 0x80003442 (0x0276e2b3) x5  0x00000000
core   0: 0x80003446 (0x00008751) c.srai  a4, 20
core   0: 0 0x80003446 (0x8751) x14 0x00000000
core   0: 0x80003448 (0x00000385) c.addi  t2, 1
core   0: 0 0x80003448 (0x0385) x7  0x0000000d
core   0: 0x8000344a (0xff23ece3) bltu    t2, s2, pc - 8
core   0: 0 0x8000344a (0xff23ece3)
core   0: 0x80003442 (0x0276e2b3) rem     t0, a3, t2
core   0: 0 0x80003442 (0x0276e2b3) x5  0x00000000
core   0: 0x80003446 (0x00008751) c.srai  a4, 20
core   0: 0 0x80003446 (0x8751) x14 0x00000000
core   0: 0x80003448 (0x00000385) c.addi  t2, 1
core   0: 0 0x80003448 (0x0385) x7  0x0000000e
core   0: 0x8000344a (0xff23ece3) bltu    t2, s2, pc - 8
core   0: 0 0x8000344a (0xff23ece3)
core   0: 0x8000344e (0x032f6eb3) rem     t4, t5, s2
core   0: 0 0x8000344e (0x032f6eb3) x29 0x00000000
core   0: 0x80003452 (0x0000856e) c.mv    a0, s11
core   0: 0 0x80003452 (0x856e) x10 0x00000000
core   0: 0x80003454 (0xfebe60e3) bltu    t3, a1, pc - 32
core   0: 0 0x80003454 (0xfebe60e3)
core   0: 0x80003458 (0x0000855d) c.srai  a0, 23
core   0: 0 0x80003458 (0x855d) x10 0x00000000
core   0: 0x8000345a (0x000045a9) c.li    a1, 10
core   0: 0 0x8000345a (0x45a9) x11 0x0000000a
core   0: 0x8000345c (0x02e9c6b3) div     a3, s3, a4
core   0: 0 0x8000345c (0x02e9c6b3) x13 0xffffffff
core   0: 0x80003460 (0x00004a29) c.li    s4, 10
core   0: 0 0x80003460 (0x4a29) x20 0x0000000a
core   0: 0x80003462 (0x40d9d033) sra     zero, s3, a3
core   0: 0 0x80003462 (0x40d9d033)
core   0: 0x80003466 (0x409889b3) sub     s3, a7, s1
core   0: 0 0x80003466 (0x409889b3) x19 0x00018fff
core   0: 0x8000346a (0x00000001) c.nop
core   0: 0 0x8000346a (0x0001)
core   0: 0x8000346c (0x02b1fdb3) remu    s11, gp, a1
core   0: 0 0x8000346c (0x02b1fdb3) x27 0x00000000
core   0: 0x80003470 (0x0061cd33) xor     s10, gp, t1
core   0: 0 0x80003470 (0x0061cd33) x26 0x00014000
core   0: 0x80003474 (0x0208c2b3) div     t0, a7, zero
core   0: 0 0x80003474 (0x0208c2b3) x5  0xffffffff
core   0: 0x80003478 (0x000015dd) c.addi  a1, -9
core   0: 0 0x80003478 (0x15dd) x11 0x00000001
core   0: 0x8000347a (0x00fe1713) slli    a4, t3, 15
core   0: 0 0x8000347a (0x00fe1713) x14 0x000a8000
core   0: 0x8000347e (0x03988433) mul     s0, a7, s9
core   0: 0 0x8000347e (0x03988433) x8  0xfff06000
core   0: 0x80003482 (0x0e752913) slti    s2, a0, 231
core   0: 0 0x80003482 (0x0e752913) x18 0x00000001
core   0: 0x80003486 (0x00004ba5) c.li    s7, 9
core   0: 0 0x80003486 (0x4ba5) x23 0x00000009
core   0: 0x80003488 (0x0000030e) c.slli  t1, 3
core   0: 0 0x80003488 (0x030e) x6  0x000a0000
core   0: 0x8000348a (0xee74b2b7) lui     t0, 0xee74b
core   0: 0 0x8000348a (0xee74b2b7) x5  0xee74b000
core   0: 0x8000348e (0x00004e51) c.li    t3, 20
core   0: 0 0x8000348e (0x4e51) x28 0x00000014
core   0: 0x80003490 (0x00b0a9b3) slt     s3, ra, a1
core   0: 0 0x80003490 (0x00b0a9b3) x19 0x00000001
core   0: 0x80003494 (0x0124d8b3) srl     a7, s1, s2
core   0: 0 0x80003494 (0x0124d8b3) x17 0x00000000
core   0: 0x80003498 (0xd9c27293) andi    t0, tp, -612
core   0: 0 0x80003498 (0xd9c27293) x5  0x00000000
core   0: 0x8000349c (0x00000da1) c.addi  s11, 8
core   0: 0 0x8000349c (0x0da1) x27 0x00000008
core   0: 0x8000349e (0x00000ba5) c.addi  s7, 9
core   0: 0 0x8000349e (0x0ba5) x23 0x00000012
core   0: 0x800034a0 (0xffcbcee3) blt     s7, t3, pc - 4
core   0: 0 0x800034a0 (0xffcbcee3)
core   0: 0x8000349c (0x00000da1) c.addi  s11, 8
core   0: 0 0x8000349c (0x0da1) x27 0x00000010
core   0: 0x8000349e (0x00000ba5) c.addi  s7, 9
core   0: 0 0x8000349e (0x0ba5) x23 0x0000001b
core   0: 0x800034a0 (0xffcbcee3) blt     s7, t3, pc - 4
core   0: 0 0x800034a0 (0xffcbcee3)
core   0: 0x800034a4 (0x02e7bd33) mulhu   s10, a5, a4
core   0: 0 0x800034a4 (0x02e7bd33) x26 0x0005401a
core   0: 0x800034a8 (0x0000862e) c.mv    a2, a1
core   0: 0 0x800034a8 (0x862e) x12 0x00000001
core   0: 0x800034aa (0x00a876b3) and     a3, a6, a0
core   0: 0 0x800034aa (0x00a876b3) x13 0x00000000
core   0: 0x800034ae (0x00008dc6) c.mv    s11, a7
core   0: 0 0x800034ae (0x8dc6) x27 0x00000000
core   0: 0x800034b0 (0x00008e35) c.xor   a2, a3
core   0: 0 0x800034b0 (0x8e35) x12 0x00000001
core   0: 0x800034b2 (0x0000045d) c.addi  s0, 23
core   0: 0 0x800034b2 (0x045d) x8  0xfff06017
core   0: 0x800034b4 (0xfb45fbe3) bgeu    a1, s4, pc - 74
core   0: 0 0x800034b4 (0xfb45fbe3)
core   0: 0x800034b8 (0x00008e49) c.or    a2, a0
core   0: 0 0x800034b8 (0x8e49) x12 0x00000001
core   0: 0x800034ba (0x00004721) c.li    a4, 8
core   0: 0 0x800034ba (0x4721) x14 0x00000008
core   0: 0x800034bc (0x00004e8d) c.li    t4, 3
core   0: 0 0x800034bc (0x4e8d) x29 0x00000003
core   0: 0x800034be (0x00e1e833) or      a6, gp, a4
core   0: 0 0x800034be (0x00e1e833) x16 0x00000008
core   0: 0x800034c2 (0x00001779) c.addi  a4, -2
core   0: 0 0x800034c2 (0x1779) x14 0x00000006
core   0: 0x800034c4 (0xffd77de3) bgeu    a4, t4, pc - 6
core   0: 0 0x800034c4 (0xffd77de3)
core   0: 0x800034be (0x00e1e833) or      a6, gp, a4
core   0: 0 0x800034be (0x00e1e833) x16 0x00000006
core   0: 0x800034c2 (0x00001779) c.addi  a4, -2
core   0: 0 0x800034c2 (0x1779) x14 0x00000004
core   0: 0x800034c4 (0xffd77de3) bgeu    a4, t4, pc - 6
core   0: 0 0x800034c4 (0xffd77de3)
core   0: 0x800034be (0x00e1e833) or      a6, gp, a4
core   0: 0 0x800034be (0x00e1e833) x16 0x00000004
core   0: 0x800034c2 (0x00001779) c.addi  a4, -2
core   0: 0 0x800034c2 (0x1779) x14 0x00000002
core   0: 0x800034c4 (0xffd77de3) bgeu    a4, t4, pc - 6
core   0: 0 0x800034c4 (0xffd77de3)
core   0: 0x800034c8 (0x0ff0000f) fence   iorw,iorw
core   0: 0 0x800034c8 (0x0ff0000f)
core   0: 0x800034cc (0x000056dd) c.li    a3, -9
core   0: 0 0x800034cc (0x56dd) x13 0xfffffff7
core   0: 0x800034ce (0x006c1513) slli    a0, s8, 6
core   0: 0 0x800034ce (0x006c1513) x10 0x00000000
core   0: 0x800034d2 (0x0215db33) divu    s6, a1, ra
core   0: 0 0x800034d2 (0x0215db33) x22 0xffffffff
core   0: 0x800034d6 (0x00008f35) c.xor   a4, a3
core   0: 0 0x800034d6 (0x8f35) x14 0xfffffff5
core   0: 0x800034d8 (0x00009ec6) c.add   t4, a7
core   0: 0 0x800034d8 (0x9ec6) x29 0x00000003
core   0: 0x800034da (0x000c78b3) and     a7, s8, zero
core   0: 0 0x800034da (0x000c78b3) x17 0x00000000
core   0: 0x800034de (0x0000100f) fence.i
core   0: 0 0x800034de (0x0000100f)
core   0: 0x800034e2 (0x016bdf93) srli    t6, s7, 22
core   0: 0 0x800034e2 (0x016bdf93) x31 0x00000000
core   0: 0x800034e6 (0x00008ced) c.and   s1, a1
core   0: 0 0x800034e6 (0x8ced) x9  0x00000001
core   0: 0x800034e8 (0x0000875a) c.mv    a4, s6
core   0: 0 0x800034e8 (0x875a) x14 0xffffffff
core   0: 0x800034ea (0x7a0b0c13) addi    s8, s6, 1952
core   0: 0 0x800034ea (0x7a0b0c13) x24 0x0000079f
core   0: 0x800034ee (0x010e0b33) add     s6, t3, a6
core   0: 0 0x800034ee (0x010e0b33) x22 0x00000018
core   0: 0x800034f2 (0x00000001) c.nop
core   0: 0 0x800034f2 (0x0001)
core   0: 0x800034f4 (0x011c6d33) or      s10, s8, a7
core   0: 0 0x800034f4 (0x011c6d33) x26 0x0000079f
core   0: 0x800034f8 (0x00008d11) c.sub   a0, a2
core   0: 0 0x800034f8 (0x8d11) x10 0xffffffff
core   0: 0x800034fa (0x00008f11) c.sub   a4, a2
core   0: 0 0x800034fa (0x8f11) x14 0xfffffffe
core   0: 0x800034fc (0x0286e9b3) rem     s3, a3, s0
core   0: 0 0x800034fc (0x0286e9b3) x19 0xfffffff7
core   0: 0x80003500 (0x00008f39) c.xor   a4, a4
core   0: 0 0x80003500 (0x8f39) x14 0x00000000
core   0: 0x80003502 (0x01d5f5b3) and     a1, a1, t4
core   0: 0 0x80003502 (0x01d5f5b3) x11 0x00000001
core   0: 0x80003506 (0x0000810d) c.srli  a0, 3
core   0: 0 0x80003506 (0x810d) x10 0x1fffffff
core   0: 0x80003508 (0x01e13233) sltu    tp, sp, t5
core   0: 0 0x80003508 (0x01e13233) x4  0x00000000
core   0: 0x8000350c (0x02bb2cb3) mulhsu  s9, s6, a1
core   0: 0 0x8000350c (0x02bb2cb3) x25 0x00000000
core   0: 0x80003510 (0x000006a5) c.addi  a3, 9
core   0: 0 0x80003510 (0x06a5) x13 0x00000000
core   0: 0x80003512 (0x037f0eb3) mul     t4, t5, s7
core   0: 0 0x80003512 (0x037f0eb3) x29 0x00000000
core   0: 0x80003516 (0x217b4493) xori    s1, s6, 535
core   0: 0 0x80003516 (0x217b4493) x9  0x0000020f
core   0: 0x8000351a (0x00000895) c.addi  a7, 5
core   0: 0 0x8000351a (0x0895) x17 0x00000005
core   0: 0x8000351c (0x03216db3) rem     s11, sp, s2
core   0: 0 0x8000351c (0x03216db3) x27 0x00000000
core   0: 0x80003520 (0x0000dee1) c.beqz  a3, pc - 40
core   0: 0 0x80003520 (0xdee1)
core   0: 0x800034f8 (0x00008d11) c.sub   a0, a2
core   0: 0 0x800034f8 (0x8d11) x10 0x1ffffffe
core   0: 0x800034fa (0x00008f11) c.sub   a4, a2
core   0: 0 0x800034fa (0x8f11) x14 0xffffffff
core   0: 0x800034fc (0x0286e9b3) rem     s3, a3, s0
core   0: 0 0x800034fc (0x0286e9b3) x19 0x00000000
core   0: 0x80003500 (0x00008f39) c.xor   a4, a4
core   0: 0 0x80003500 (0x8f39) x14 0x00000000
core   0: 0x80003502 (0x01d5f5b3) and     a1, a1, t4
core   0: 0 0x80003502 (0x01d5f5b3) x11 0x00000000
core   0: 0x80003506 (0x0000810d) c.srli  a0, 3
core   0: 0 0x80003506 (0x810d) x10 0x03ffffff
core   0: 0x80003508 (0x01e13233) sltu    tp, sp, t5
core   0: 0 0x80003508 (0x01e13233) x4  0x00000000
core   0: 0x8000350c (0x02bb2cb3) mulhsu  s9, s6, a1
core   0: 0 0x8000350c (0x02bb2cb3) x25 0x00000000
core   0: 0x80003510 (0x000006a5) c.addi  a3, 9
core   0: 0 0x80003510 (0x06a5) x13 0x00000009
core   0: 0x80003512 (0x037f0eb3) mul     t4, t5, s7
core   0: 0 0x80003512 (0x037f0eb3) x29 0x00000000
core   0: 0x80003516 (0x217b4493) xori    s1, s6, 535
core   0: 0 0x80003516 (0x217b4493) x9  0x0000020f
core   0: 0x8000351a (0x00000895) c.addi  a7, 5
core   0: 0 0x8000351a (0x0895) x17 0x0000000a
core   0: 0x8000351c (0x03216db3) rem     s11, sp, s2
core   0: 0 0x8000351c (0x03216db3) x27 0x00000000
core   0: 0x80003520 (0x0000dee1) c.beqz  a3, pc - 40
core   0: 0 0x80003520 (0xdee1)
core   0: 0x80003522 (0x01465e13) srli    t3, a2, 20
core   0: 0 0x80003522 (0x01465e13) x28 0x00000000
core   0: 0x80003526 (0x00004fa9) c.li    t6, 10
core   0: 0 0x80003526 (0x4fa9) x31 0x0000000a
core   0: 0x80003528 (0x0000856e) c.mv    a0, s11
core   0: 0 0x80003528 (0x856e) x10 0x00000000
core   0: 0x8000352a (0x00004225) c.li    tp, 9
core   0: 0 0x8000352a (0x4225) x4  0x00000009
core   0: 0x8000352c (0x00000c2e) c.slli  s8, 11
core   0: 0 0x8000352c (0x0c2e) x24 0x003cf800
core   0: 0x8000352e (0x00008ee5) c.and   a3, s1
core   0: 0 0x8000352e (0x8ee5) x13 0x00000009
core   0: 0x80003530 (0x02eb2f33) mulhsu  t5, s6, a4
core   0: 0 0x80003530 (0x02eb2f33) x30 0x00000000
core   0: 0x80003534 (0x03eca533) mulhsu  a0, s9, t5
core   0: 0 0x80003534 (0x03eca533) x10 0x00000000
core   0: 0x80003538 (0x00008025) c.srli  s0, 9
core   0: 0 0x80003538 (0x8025) x8  0x007ff830
core   0: 0x8000353a (0x4071d633) sra     a2, gp, t2
core   0: 0 0x8000353a (0x4071d633) x12 0x00000000
core   0: 0x8000353e (0x00001ffd) c.addi  t6, -1
core   0: 0 0x8000353e (0x1ffd) x31 0x00000009
core   0: 0x80003540 (0x00009a7d) c.andi  a2, -1
core   0: 0 0x80003540 (0x9a7d) x12 0x00000000
core   0: 0x80003542 (0xf868cc93) xori    s9, a7, -122
core   0: 0 0x80003542 (0xf868cc93) x25 0xffffff8c
core   0: 0x80003546 (0x006a1393) slli    t2, s4, 6
core   0: 0 0x80003546 (0x006a1393) x7  0x00000280
core   0: 0x8000354a (0x00000e21) c.addi  t3, 8
core   0: 0 0x8000354a (0x0e21) x28 0x00000008
core   0: 0x8000354c (0x03b98633) mul     a2, s3, s11
core   0: 0 0x8000354c (0x03b98633) x12 0x00000000
core   0: 0x80003550 (0x00008cc5) c.or    s1, s1
core   0: 0 0x80003550 (0x8cc5) x9  0x0000020f
core   0: 0x80003552 (0x00008c2d) c.xor   s0, a1
core   0: 0 0x80003552 (0x8c2d) x8  0x007ff830
core   0: 0x80003554 (0xfc4ffde3) bgeu    t6, tp, pc - 38
core   0: 0 0x80003554 (0xfc4ffde3)
core   0: 0x8000352e (0x00008ee5) c.and   a3, s1
core   0: 0 0x8000352e (0x8ee5) x13 0x00000009
core   0: 0x80003530 (0x02eb2f33) mulhsu  t5, s6, a4
core   0: 0 0x80003530 (0x02eb2f33) x30 0x00000000
core   0: 0x80003534 (0x03eca533) mulhsu  a0, s9, t5
core   0: 0 0x80003534 (0x03eca533) x10 0x00000000
core   0: 0x80003538 (0x00008025) c.srli  s0, 9
core   0: 0 0x80003538 (0x8025) x8  0x00003ffc
core   0: 0x8000353a (0x4071d633) sra     a2, gp, t2
core   0: 0 0x8000353a (0x4071d633) x12 0x00000000
core   0: 0x8000353e (0x00001ffd) c.addi  t6, -1
core   0: 0 0x8000353e (0x1ffd) x31 0x00000008
core   0: 0x80003540 (0x00009a7d) c.andi  a2, -1
core   0: 0 0x80003540 (0x9a7d) x12 0x00000000
core   0: 0x80003542 (0xf868cc93) xori    s9, a7, -122
core   0: 0 0x80003542 (0xf868cc93) x25 0xffffff8c
core   0: 0x80003546 (0x006a1393) slli    t2, s4, 6
core   0: 0 0x80003546 (0x006a1393) x7  0x00000280
core   0: 0x8000354a (0x00000e21) c.addi  t3, 8
core   0: 0 0x8000354a (0x0e21) x28 0x00000010
core   0: 0x8000354c (0x03b98633) mul     a2, s3, s11
core   0: 0 0x8000354c (0x03b98633) x12 0x00000000
core   0: 0x80003550 (0x00008cc5) c.or    s1, s1
core   0: 0 0x80003550 (0x8cc5) x9  0x0000020f
core   0: 0x80003552 (0x00008c2d) c.xor   s0, a1
core   0: 0 0x80003552 (0x8c2d) x8  0x00003ffc
core   0: 0x80003554 (0xfc4ffde3) bgeu    t6, tp, pc - 38
core   0: 0 0x80003554 (0xfc4ffde3)
core   0: 0x80003558 (0x0297b433) mulhu   s0, a5, s1
core   0: 0 0x80003558 (0x0297b433) x8  0x00000107
core   0: 0x8000355c (0x00005679) c.li    a2, -2
core   0: 0 0x8000355c (0x5679) x12 0xfffffffe
core   0: 0x8000355e (0x03cb32b7) lui     t0, 0x3cb3
core   0: 0 0x8000355e (0x03cb32b7) x5  0x03cb3000
core   0: 0x80003562 (0x00004c91) c.li    s9, 4
core   0: 0 0x80003562 (0x4c91) x25 0x00000004
core   0: 0x80003564 (0x2ef0b517) auipc   a0, 0x2ef0b
core   0: 0 0x80003564 (0x2ef0b517) x10 0xaef0e564
core   0: 0x80003568 (0x00000615) c.addi  a2, 5
core   0: 0 0x80003568 (0x0615) x12 0x00000003
core   0: 0x8000356a (0x000049a9) c.li    s3, 10
core   0: 0 0x8000356a (0x49a9) x19 0x0000000a
core   0: 0x8000356c (0x020f1db3) mulh    s11, t5, zero
core   0: 0 0x8000356c (0x020f1db3) x27 0x00000000
core   0: 0x80003570 (0x00004eb9) c.li    t4, 14
core   0: 0 0x80003570 (0x4eb9) x29 0x0000000e
core   0: 0x80003572 (0x00008c0d) c.sub   s0, a1
core   0: 0 0x80003572 (0x8c0d) x8  0x00000107
core   0: 0x80003574 (0x00000118) c.addi4spn a4, sp, 128
core   0: 0 0x80003574 (0x0118) x14 0x80024eac
core   0: 0x80003576 (0x000009a5) c.addi  s3, 9
core   0: 0 0x80003576 (0x09a5) x19 0x00000013
core   0: 0x80003578 (0x40eb5413) srai    s0, s6, 14
core   0: 0 0x80003578 (0x40eb5413) x8  0x00000000
core   0: 0x8000357c (0xffd9cce3) blt     s3, t4, pc - 8
core   0: 0 0x8000357c (0xffd9cce3)
core   0: 0x80003580 (0x01415413) srli    s0, sp, 20
core   0: 0 0x80003580 (0x01415413) x8  0x00000800
core   0: 0x80003584 (0x008cc833) xor     a6, s9, s0
core   0: 0 0x80003584 (0x008cc833) x16 0x00000804
core   0: 0x80003588 (0xfd964ee3) blt     a2, s9, pc - 36
core   0: 0 0x80003588 (0xfd964ee3)
core   0: 0x80003564 (0x2ef0b517) auipc   a0, 0x2ef0b
core   0: 0 0x80003564 (0x2ef0b517) x10 0xaef0e564
core   0: 0x80003568 (0x00000615) c.addi  a2, 5
core   0: 0 0x80003568 (0x0615) x12 0x00000008
core   0: 0x8000356a (0x000049a9) c.li    s3, 10
core   0: 0 0x8000356a (0x49a9) x19 0x0000000a
core   0: 0x8000356c (0x020f1db3) mulh    s11, t5, zero
core   0: 0 0x8000356c (0x020f1db3) x27 0x00000000
core   0: 0x80003570 (0x00004eb9) c.li    t4, 14
core   0: 0 0x80003570 (0x4eb9) x29 0x0000000e
core   0: 0x80003572 (0x00008c0d) c.sub   s0, a1
core   0: 0 0x80003572 (0x8c0d) x8  0x00000800
core   0: 0x80003574 (0x00000118) c.addi4spn a4, sp, 128
core   0: 0 0x80003574 (0x0118) x14 0x80024eac
core   0: 0x80003576 (0x000009a5) c.addi  s3, 9
core   0: 0 0x80003576 (0x09a5) x19 0x00000013
core   0: 0x80003578 (0x40eb5413) srai    s0, s6, 14
core   0: 0 0x80003578 (0x40eb5413) x8  0x00000000
core   0: 0x8000357c (0xffd9cce3) blt     s3, t4, pc - 8
core   0: 0 0x8000357c (0xffd9cce3)
core   0: 0x80003580 (0x01415413) srli    s0, sp, 20
core   0: 0 0x80003580 (0x01415413) x8  0x00000800
core   0: 0x80003584 (0x008cc833) xor     a6, s9, s0
core   0: 0 0x80003584 (0x008cc833) x16 0x00000804
core   0: 0x80003588 (0xfd964ee3) blt     a2, s9, pc - 36
core   0: 0 0x80003588 (0xfd964ee3)
core   0: 0x8000358c (0xb5752513) slti    a0, a0, -1193
core   0: 0 0x8000358c (0xb5752513) x10 0x00000001
core   0: 0x80003590 (0x00004499) c.li    s1, 6
core   0: 0 0x80003590 (0x4499) x9  0x00000006
core   0: 0x80003592 (0x032068b3) rem     a7, zero, s2
core   0: 0 0x80003592 (0x032068b3) x17 0x00000000
core   0: 0x80003596 (0x41b4d933) sra     s2, s1, s11
core   0: 0 0x80003596 (0x41b4d933) x18 0x00000006
core   0: 0x8000359a (0x00008579) c.srai  a0, 30
core   0: 0 0x8000359a (0x8579) x10 0x00000000
core   0: 0x8000359c (0x37fcabb7) lui     s7, 0x37fca
core   0: 0 0x8000359c (0x37fcabb7) x23 0x37fca000
core   0: 0x800035a0 (0x018dd8b3) srl     a7, s11, s8
core   0: 0 0x800035a0 (0x018dd8b3) x17 0x00000000
core   0: 0x800035a4 (0xab55d997) auipc   s3, 0xab55d
core   0: 0 0x800035a4 (0xab55d997) x19 0x2b5605a4
core   0: 0x800035a8 (0x416a0d33) sub     s10, s4, s6
core   0: 0 0x800035a8 (0x416a0d33) x26 0xfffffff2
core   0: 0x800035ac (0x00008bae) c.mv    s7, a1
core   0: 0 0x800035ac (0x8bae) x23 0x00000000
core   0: 0x800035ae (0xa5538d93) addi    s11, t2, -1451
core   0: 0 0x800035ae (0xa5538d93) x27 0xfffffcd5
core   0: 0x800035b2 (0x03d299b3) mulh    s3, t0, t4
core   0: 0 0x800035b2 (0x03d299b3) x19 0x00000000
core   0: 0x800035b6 (0x00008511) c.srai  a0, 4
core   0: 0 0x800035b6 (0x8511) x10 0x00000000
core   0: 0x800035b8 (0x00000001) c.nop
core   0: 0 0x800035b8 (0x0001)
core   0: 0x800035ba (0x0000069e) c.slli  a3, 7
core   0: 0 0x800035ba (0x069e) x13 0x00000480
core   0: 0x800035bc (0x032a5c33) divu    s8, s4, s2
core   0: 0 0x800035bc (0x032a5c33) x24 0x00000001
core   0: 0x800035c0 (0x4015dfb3) sra     t6, a1, ra
core   0: 0 0x800035c0 (0x4015dfb3) x31 0x00000000
core   0: 0x800035c4 (0x41b95d33) sra     s10, s2, s11
core   0: 0 0x800035c4 (0x41b95d33) x26 0x00000000
core   0: 0x800035c8 (0x1b16c513) xori    a0, a3, 433
core   0: 0 0x800035c8 (0x1b16c513) x10 0x00000531
core   0: 0x800035cc (0x00004299) c.li    t0, 6
core   0: 0 0x800035cc (0x4299) x5  0x00000006
core   0: 0x800035ce (0x00000001) c.nop
core   0: 0 0x800035ce (0x0001)
core   0: 0x800035d0 (0x02f29db3) mulh    s11, t0, a5
core   0: 0 0x800035d0 (0x02f29db3) x27 0xfffffffd
core   0: 0x800035d4 (0x000081b1) c.srli  a1, 12
core   0: 0 0x800035d4 (0x81b1) x11 0x00000000
core   0: 0x800035d6 (0x00442633) slt     a2, s0, tp
core   0: 0 0x800035d6 (0x00442633) x12 0x00000000
core   0: 0x800035da (0xc23f4e93) xori    t4, t5, -989
core   0: 0 0x800035da (0xc23f4e93) x29 0xfffffc23
core   0: 0x800035de (0x002dcdb3) xor     s11, s11, sp
core   0: 0 0x800035de (0x002dcdb3) x27 0x7ffdb1d1
core   0: 0x800035e2 (0x000014f9) c.addi  s1, -2
core   0: 0 0x800035e2 (0x14f9) x9  0x00000004
core   0: 0x800035e4 (0x01a4efb3) or      t6, s1, s10
core   0: 0 0x800035e4 (0x01a4efb3) x31 0x00000004
core   0: 0x800035e8 (0xfe54fbe3) bgeu    s1, t0, pc - 10
core   0: 0 0x800035e8 (0xfe54fbe3)
core   0: 0x800035ec (0x00000001) c.nop
core   0: 0 0x800035ec (0x0001)
core   0: 0x800035ee (0x00005461) c.li    s0, -8
core   0: 0 0x800035ee (0x5461) x8  0xfffffff8
core   0: 0x800035f0 (0x00009bfa) c.add   s7, t5
core   0: 0 0x800035f0 (0x9bfa) x23 0x00000000
core   0: 0x800035f2 (0x00000001) c.nop
core   0: 0 0x800035f2 (0x0001)
core   0: 0x800035f4 (0x005a3db3) sltu    s11, s4, t0
core   0: 0 0x800035f4 (0x005a3db3) x27 0x00000000
core   0: 0x800035f8 (0x0054d4b3) srl     s1, s1, t0
core   0: 0 0x800035f8 (0x0054d4b3) x9  0x00000000
core   0: 0x800035fc (0x27354713) xori    a4, a0, 627
core   0: 0 0x800035fc (0x27354713) x14 0x00000742
core   0: 0x80003600 (0x00000421) c.addi  s0, 8
core   0: 0 0x80003600 (0x0421) x8  0x00000000
core   0: 0x80003602 (0xbf634513) xori    a0, t1, -1034
core   0: 0 0x80003602 (0xbf634513) x10 0xfff5fbf6
core   0: 0x80003606 (0x00000001) c.nop
core   0: 0 0x80003606 (0x0001)
core   0: 0x80003608 (0x01933833) sltu    a6, t1, s9
core   0: 0 0x80003608 (0x01933833) x16 0x00000000
core   0: 0x8000360c (0x00008e85) c.sub   a3, s1
core   0: 0 0x8000360c (0x8e85) x13 0x00000480
core   0: 0x8000360e (0x8260e1b7) lui     gp, 0x8260e
core   0: 0 0x8000360e (0x8260e1b7) x3  0x8260e000
core   0: 0x80003612 (0x03e55597) auipc   a1, 0x3e55
core   0: 0 0x80003612 (0x03e55597) x11 0x83e58612
core   0: 0x80003616 (0x00008812) c.mv    a6, tp
core   0: 0 0x80003616 (0x8812) x16 0x00000009
core   0: 0x80003618 (0x020effb3) remu    t6, t4, zero
core   0: 0 0x80003618 (0x020effb3) x31 0xfffffc23
core   0: 0x8000361c (0x0000d065) c.beqz  s0, pc - 32
core   0: 0 0x8000361c (0xd065)
core   0: 0x800035fc (0x27354713) xori    a4, a0, 627
core   0: 0 0x800035fc (0x27354713) x14 0xfff5f985
core   0: 0x80003600 (0x00000421) c.addi  s0, 8
core   0: 0 0x80003600 (0x0421) x8  0x00000008
core   0: 0x80003602 (0xbf634513) xori    a0, t1, -1034
core   0: 0 0x80003602 (0xbf634513) x10 0xfff5fbf6
core   0: 0x80003606 (0x00000001) c.nop
core   0: 0 0x80003606 (0x0001)
core   0: 0x80003608 (0x01933833) sltu    a6, t1, s9
core   0: 0 0x80003608 (0x01933833) x16 0x00000000
core   0: 0x8000360c (0x00008e85) c.sub   a3, s1
core   0: 0 0x8000360c (0x8e85) x13 0x00000480
core   0: 0x8000360e (0x8260e1b7) lui     gp, 0x8260e
core   0: 0 0x8000360e (0x8260e1b7) x3  0x8260e000
core   0: 0x80003612 (0x03e55597) auipc   a1, 0x3e55
core   0: 0 0x80003612 (0x03e55597) x11 0x83e58612
core   0: 0x80003616 (0x00008812) c.mv    a6, tp
core   0: 0 0x80003616 (0x8812) x16 0x00000009
core   0: 0x80003618 (0x020effb3) remu    t6, t4, zero
core   0: 0 0x80003618 (0x020effb3) x31 0xfffffc23
core   0: 0x8000361c (0x0000d065) c.beqz  s0, pc - 32
core   0: 0 0x8000361c (0xd065)
core   0: 0x8000361e (0x00001dfd) c.addi  s11, -1
core   0: 0 0x8000361e (0x1dfd) x27 0xffffffff
core   0: 0x80003620 (0x000049a5) c.li    s3, 9
core   0: 0 0x80003620 (0x49a5) x19 0x00000009
core   0: 0x80003622 (0x40c6d033) sra     zero, a3, a2
core   0: 0 0x80003622 (0x40c6d033)
core   0: 0x80003626 (0x000043a5) c.li    t2, 9
core   0: 0 0x80003626 (0x43a5) x7  0x00000009
core   0: 0x80003628 (0x00008f45) c.or    a4, s1
core   0: 0 0x80003628 (0x8f45) x14 0xfff5f985
core   0: 0x8000362a (0x021a0e33) mul     t3, s4, ra
core   0: 0 0x8000362a (0x021a0e33) x28 0x00000000
core   0: 0x8000362e (0x1a92a693) slti    a3, t0, 425
core   0: 0 0x8000362e (0x1a92a693) x13 0x00000001
core   0: 0x80003632 (0x0282e333) rem     t1, t0, s0
core   0: 0 0x80003632 (0x0282e333) x6  0x00000006
core   0: 0x80003636 (0x000019e5) c.addi  s3, -7
core   0: 0 0x80003636 (0x19e5) x19 0x00000002
core   0: 0x80003638 (0x00004425) c.li    s0, 9
core   0: 0 0x80003638 (0x4425) x8  0x00000009
core   0: 0x8000363a (0x00d07eb3) and     t4, zero, a3
core   0: 0 0x8000363a (0x00d07eb3) x29 0x00000000
core   0: 0x8000363e (0x0000100f) fence.i
core   0: 0 0x8000363e (0x0000100f)
core   0: 0x80003642 (0x000051ed) c.li    gp, -5
core   0: 0 0x80003642 (0x51ed) x3  0xfffffffb
core   0: 0x80003644 (0xfb760213) addi    tp, a2, -73
core   0: 0 0x80003644 (0xfb760213) x4  0xffffffb7
core   0: 0x80003648 (0x3d9eb717) auipc   a4, 0x3d9eb
core   0: 0 0x80003648 (0x3d9eb717) x14 0xbd9ee648
core   0: 0x8000364c (0x40b382b3) sub     t0, t2, a1
core   0: 0 0x8000364c (0x40b382b3) x5  0x7c1a79f7
core   0: 0x80003650 (0xf035f213) andi    tp, a1, -253
core   0: 0 0x80003650 (0xf035f213) x4  0x83e58602
core   0: 0x80003654 (0x0000895d) c.andi  a0, 23
core   0: 0 0x80003654 (0x895d) x10 0x00000016
core   0: 0x80003656 (0x00001465) c.addi  s0, -7
core   0: 0 0x80003656 (0x1465) x8  0x00000002
core   0: 0x80003658 (0x01b388b3) add     a7, t2, s11
core   0: 0 0x80003658 (0x01b388b3) x17 0x00000008
core   0: 0x8000365c (0xfe341ae3) bne     s0, gp, pc - 12
core   0: 0 0x8000365c (0xfe341ae3)
core   0: 0x80003650 (0xf035f213) andi    tp, a1, -253
core   0: 0 0x80003650 (0xf035f213) x4  0x83e58602
core   0: 0x80003654 (0x0000895d) c.andi  a0, 23
core   0: 0 0x80003654 (0x895d) x10 0x00000016
core   0: 0x80003656 (0x00001465) c.addi  s0, -7
core   0: 0 0x80003656 (0x1465) x8  0xfffffffb
core   0: 0x80003658 (0x01b388b3) add     a7, t2, s11
core   0: 0 0x80003658 (0x01b388b3) x17 0x00000008
core   0: 0x8000365c (0xfe341ae3) bne     s0, gp, pc - 12
core   0: 0 0x8000365c (0xfe341ae3)
core   0: 0x80003660 (0x02d3a233) mulhsu  tp, t2, a3
core   0: 0 0x80003660 (0x02d3a233) x4  0x00000000
core   0: 0x80003664 (0x00000001) c.nop
core   0: 0 0x80003664 (0x0001)
core   0: 0x80003666 (0x0000100f) fence.i
core   0: 0 0x80003666 (0x0000100f)
core   0: 0x8000366a (0x01b05713) srli    a4, zero, 27
core   0: 0 0x8000366a (0x01b05713) x14 0x00000000
core   0: 0x8000366e (0x0000100f) fence.i
core   0: 0 0x8000366e (0x0000100f)
core   0: 0x80003672 (0x00006635) c.lui   a2, 0xd
core   0: 0 0x80003672 (0x6635) x12 0x0000d000
core   0: 0x80003674 (0x03eb6733) rem     a4, s6, t5
core   0: 0 0x80003674 (0x03eb6733) x14 0x00000018
core   0: 0x80003678 (0xfa79f9e3) bgeu    s3, t2, pc - 78
core   0: 0 0x80003678 (0xfa79f9e3)
core   0: 0x8000367c (0x00008c99) c.sub   s1, a4
core   0: 0 0x8000367c (0x8c99) x9  0xffffffe8
core   0: 0x8000367e (0x00005de5) c.li    s11, -7
core   0: 0 0x8000367e (0x5de5) x27 0xfffffff9
core   0: 0x80003680 (0x00004fb5) c.li    t6, 13
core   0: 0 0x80003680 (0x4fb5) x31 0x0000000d
core   0: 0x80003682 (0x01e2b333) sltu    t1, t0, t5
core   0: 0 0x80003682 (0x01e2b333) x6  0x00000000
core   0: 0x80003686 (0x03bc5433) divu    s0, s8, s11
core   0: 0 0x80003686 (0x03bc5433) x8  0x00000000
core   0: 0x8000368a (0x00000001) c.nop
core   0: 0 0x8000368a (0x0001)
core   0: 0x8000368c (0x41ef58b3) sra     a7, t5, t5
core   0: 0 0x8000368c (0x41ef58b3) x17 0x00000000
core   0: 0x80003690 (0x00000da9) c.addi  s11, 10
core   0: 0 0x80003690 (0x0da9) x27 0x00000003
core   0: 0x80003692 (0xfffd9ae3) bne     s11, t6, pc - 12
core   0: 0 0x80003692 (0xfffd9ae3)
core   0: 0x80003686 (0x03bc5433) divu    s0, s8, s11
core   0: 0 0x80003686 (0x03bc5433) x8  0x00000000
core   0: 0x8000368a (0x00000001) c.nop
core   0: 0 0x8000368a (0x0001)
core   0: 0x8000368c (0x41ef58b3) sra     a7, t5, t5
core   0: 0 0x8000368c (0x41ef58b3) x17 0x00000000
core   0: 0x80003690 (0x00000da9) c.addi  s11, 10
core   0: 0 0x80003690 (0x0da9) x27 0x0000000d
core   0: 0x80003692 (0xfffd9ae3) bne     s11, t6, pc - 12
core   0: 0 0x80003692 (0xfffd9ae3)
core   0: 0x80003696 (0x00e42933) slt     s2, s0, a4
core   0: 0 0x80003696 (0x00e42933) x18 0x00000001
core   0: 0x8000369a (0x000045a9) c.li    a1, 10
core   0: 0 0x8000369a (0x45a9) x11 0x0000000a
core   0: 0x8000369c (0x004f4cb3) xor     s9, t5, tp
core   0: 0 0x8000369c (0x004f4cb3) x25 0x00000000
core   0: 0x800036a0 (0x00004e1d) c.li    t3, 7
core   0: 0 0x800036a0 (0x4e1d) x28 0x00000007
core   0: 0x800036a2 (0x00008ead) c.xor   a3, a1
core   0: 0 0x800036a2 (0x8ead) x13 0x0000000b
core   0: 0x800036a4 (0x00006525) c.lui   a0, 0x9
core   0: 0 0x800036a4 (0x6525) x10 0x00009000
core   0: 0x800036a6 (0x44196e93) ori     t4, s2, 1089
core   0: 0 0x800036a6 (0x44196e93) x29 0x00000441
core   0: 0x800036aa (0x0000993a) c.add   s2, a4
core   0: 0 0x800036aa (0x993a) x18 0x00000019
core   0: 0x800036ac (0x000015e9) c.addi  a1, -6
core   0: 0 0x800036ac (0x15e9) x11 0x00000004
core   0: 0x800036ae (0x00004311) c.li    t1, 4
core   0: 0 0x800036ae (0x4311) x6  0x00000004
core   0: 0x800036b0 (0x03a3b933) mulhu   s2, t2, s10
core   0: 0 0x800036b0 (0x03a3b933) x18 0x00000000
core   0: 0x800036b4 (0x00005fd5) c.li    t6, -11
core   0: 0 0x800036b4 (0x5fd5) x31 0xfffffff5
core   0: 0x800036b6 (0x00008041) c.srli  s0, 16
core   0: 0 0x800036b6 (0x8041) x8  0x00000000
core   0: 0x800036b8 (0x0000197d) c.addi  s2, -1
core   0: 0 0x800036b8 (0x197d) x18 0xffffffff
core   0: 0x800036ba (0x022cda33) divu    s4, s9, sp
core   0: 0 0x800036ba (0x022cda33) x20 0x00000000
core   0: 0x800036be (0x0000136d) c.addi  t1, -5
core   0: 0 0x800036be (0x136d) x6  0xffffffff
core   0: 0x800036c0 (0x000019fd) c.addi  s3, -1
core   0: 0 0x800036c0 (0x19fd) x19 0x00000001
core   0: 0x800036c2 (0xfff30ce3) beq     t1, t6, pc - 8
core   0: 0 0x800036c2 (0xfff30ce3)
core   0: 0x800036c6 (0x00005d7d) c.li    s10, -1
core   0: 0 0x800036c6 (0x5d7d) x26 0xffffffff
core   0: 0x800036c8 (0x026848b3) div     a7, a6, t1
core   0: 0 0x800036c8 (0x026848b3) x17 0xfffffff7
core   0: 0x800036cc (0x00004cd1) c.li    s9, 20
core   0: 0 0x800036cc (0x4cd1) x25 0x00000014
core   0: 0x800036ce (0xfdc5fae3) bgeu    a1, t3, pc - 44
core   0: 0 0x800036ce (0xfdc5fae3)
core   0: 0x800036d2 (0x00008f51) c.or    a4, a2
core   0: 0 0x800036d2 (0x8f51) x14 0x0000d018
core   0: 0x800036d4 (0x00004d05) c.li    s10, 1
core   0: 0 0x800036d4 (0x4d05) x26 0x00000001
core   0: 0x800036d6 (0x00009b7d) c.andi  a4, -1
core   0: 0 0x800036d6 (0x9b7d) x14 0x0000d018
core   0: 0x800036d8 (0x0340ee33) rem     t3, ra, s4
core   0: 0 0x800036d8 (0x0340ee33) x28 0x00000000
core   0: 0x800036dc (0x01ba2cb3) slt     s9, s4, s11
core   0: 0 0x800036dc (0x01ba2cb3) x25 0x00000001
core   0: 0x800036e0 (0x039024b3) mulhsu  s1, zero, s9
core   0: 0 0x800036e0 (0x039024b3) x9  0x00000000
core   0: 0x800036e4 (0x000058b1) c.li    a7, -20
core   0: 0 0x800036e4 (0x58b1) x17 0xffffffec
core   0: 0x800036e6 (0x0000843d) c.srai  s0, 15
core   0: 0 0x800036e6 (0x843d) x8  0x00000000
core   0: 0x800036e8 (0x00d034b3) snez    s1, a3
core   0: 0 0x800036e8 (0x00d034b3) x9  0x00000001
core   0: 0x800036ec (0x01ef3033) sltu    zero, t5, t5
core   0: 0 0x800036ec (0x01ef3033)
core   0: 0x800036f0 (0x03fabbb3) mulhu   s7, s5, t6
core   0: 0 0x800036f0 (0x03fabbb3) x23 0x00000008
core   0: 0x800036f4 (0x0082c333) xor     t1, t0, s0
core   0: 0 0x800036f4 (0x0082c333) x6  0x7c1a79f7
core   0: 0x800036f8 (0x27c04f13) xori    t5, zero, 636
core   0: 0 0x800036f8 (0x27c04f13) x30 0x0000027c
core   0: 0x800036fc (0x01bd04b3) add     s1, s10, s11
core   0: 0 0x800036fc (0x01bd04b3) x9  0x0000000e
core   0: 0x80003700 (0x0ff0000f) fence   iorw,iorw
core   0: 0 0x80003700 (0x0ff0000f)
core   0: 0x80003704 (0x00000001) c.nop
core   0: 0 0x80003704 (0x0001)
core   0: 0x80003706 (0x00001d59) c.addi  s10, -10
core   0: 0 0x80003706 (0x1d59) x26 0xfffffff7
core   0: 0x80003708 (0xde138517) auipc   a0, 0xde138
core   0: 0 0x80003708 (0xde138517) x10 0x5e13b708
core   0: 0x8000370c (0x027f5933) divu    s2, t5, t2
core   0: 0 0x8000370c (0x027f5933) x18 0x00000046
core   0: 0x80003710 (0x239ab213) sltiu   tp, s5, 569
core   0: 0 0x80003710 (0x239ab213) x4  0x00000001
core   0: 0x80003714 (0xc484b593) sltiu   a1, s1, -952
core   0: 0 0x80003714 (0xc484b593) x11 0x00000001
core   0: 0x80003718 (0x00000001) c.nop
core   0: 0 0x80003718 (0x0001)
core   0: 0x8000371a (0x01e9db33) srl     s6, s3, t5
core   0: 0 0x8000371a (0x01e9db33) x22 0x00000000
core   0: 0x8000371e (0x01a8f633) and     a2, a7, s10
core   0: 0 0x8000371e (0x01a8f633) x12 0xffffffe4
core   0: 0x80003722 (0xfd1d5be3) bge     s10, a7, pc - 42
core   0: 0 0x80003722 (0xfd1d5be3)
core   0: 0x800036f8 (0x27c04f13) xori    t5, zero, 636
core   0: 0 0x800036f8 (0x27c04f13) x30 0x0000027c
core   0: 0x800036fc (0x01bd04b3) add     s1, s10, s11
core   0: 0 0x800036fc (0x01bd04b3) x9  0x00000004
core   0: 0x80003700 (0x0ff0000f) fence   iorw,iorw
core   0: 0 0x80003700 (0x0ff0000f)
core   0: 0x80003704 (0x00000001) c.nop
core   0: 0 0x80003704 (0x0001)
core   0: 0x80003706 (0x00001d59) c.addi  s10, -10
core   0: 0 0x80003706 (0x1d59) x26 0xffffffed
core   0: 0x80003708 (0xde138517) auipc   a0, 0xde138
core   0: 0 0x80003708 (0xde138517) x10 0x5e13b708
core   0: 0x8000370c (0x027f5933) divu    s2, t5, t2
core   0: 0 0x8000370c (0x027f5933) x18 0x00000046
core   0: 0x80003710 (0x239ab213) sltiu   tp, s5, 569
core   0: 0 0x80003710 (0x239ab213) x4  0x00000001
core   0: 0x80003714 (0xc484b593) sltiu   a1, s1, -952
core   0: 0 0x80003714 (0xc484b593) x11 0x00000001
core   0: 0x80003718 (0x00000001) c.nop
core   0: 0 0x80003718 (0x0001)
core   0: 0x8000371a (0x01e9db33) srl     s6, s3, t5
core   0: 0 0x8000371a (0x01e9db33) x22 0x00000000
core   0: 0x8000371e (0x01a8f633) and     a2, a7, s10
core   0: 0 0x8000371e (0x01a8f633) x12 0xffffffec
core   0: 0x80003722 (0xfd1d5be3) bge     s10, a7, pc - 42
core   0: 0 0x80003722 (0xfd1d5be3)
core   0: 0x800036f8 (0x27c04f13) xori    t5, zero, 636
core   0: 0 0x800036f8 (0x27c04f13) x30 0x0000027c
core   0: 0x800036fc (0x01bd04b3) add     s1, s10, s11
core   0: 0 0x800036fc (0x01bd04b3) x9  0xfffffffa
core   0: 0x80003700 (0x0ff0000f) fence   iorw,iorw
core   0: 0 0x80003700 (0x0ff0000f)
core   0: 0x80003704 (0x00000001) c.nop
core   0: 0 0x80003704 (0x0001)
core   0: 0x80003706 (0x00001d59) c.addi  s10, -10
core   0: 0 0x80003706 (0x1d59) x26 0xffffffe3
core   0: 0x80003708 (0xde138517) auipc   a0, 0xde138
core   0: 0 0x80003708 (0xde138517) x10 0x5e13b708
core   0: 0x8000370c (0x027f5933) divu    s2, t5, t2
core   0: 0 0x8000370c (0x027f5933) x18 0x00000046
core   0: 0x80003710 (0x239ab213) sltiu   tp, s5, 569
core   0: 0 0x80003710 (0x239ab213) x4  0x00000001
core   0: 0x80003714 (0xc484b593) sltiu   a1, s1, -952
core   0: 0 0x80003714 (0xc484b593) x11 0x00000000
core   0: 0x80003718 (0x00000001) c.nop
core   0: 0 0x80003718 (0x0001)
core   0: 0x8000371a (0x01e9db33) srl     s6, s3, t5
core   0: 0 0x8000371a (0x01e9db33) x22 0x00000000
core   0: 0x8000371e (0x01a8f633) and     a2, a7, s10
core   0: 0 0x8000371e (0x01a8f633) x12 0xffffffe0
core   0: 0x80003722 (0xfd1d5be3) bge     s10, a7, pc - 42
core   0: 0 0x80003722 (0xfd1d5be3)
core   0: 0x80003726 (0x02ebf533) remu    a0, s7, a4
core   0: 0 0x80003726 (0x02ebf533) x10 0x00000008
core   0: 0x8000372a (0x000059f5) c.li    s3, -3
core   0: 0 0x8000372a (0x59f5) x19 0xfffffffd
core   0: 0x8000372c (0x02c28fb3) mul     t6, t0, a2
core   0: 0 0x8000372c (0x02c28fb3) x31 0x7cb0c120
core   0: 0x80003730 (0x013c9e93) slli    t4, s9, 19
core   0: 0 0x80003730 (0x013c9e93) x29 0x00080000
core   0: 0x80003734 (0x000053f1) c.li    t2, -4
core   0: 0 0x80003734 (0x53f1) x7  0xfffffffc
core   0: 0x80003736 (0x03aaeeb3) rem     t4, s5, s10
core   0: 0 0x80003736 (0x03aaeeb3) x29 0x00000009
core   0: 0x8000373a (0x000019f9) c.addi  s3, -2
core   0: 0 0x8000373a (0x19f9) x19 0xfffffffb
core   0: 0x8000373c (0x016d6e33) or      t3, s10, s6
core   0: 0 0x8000373c (0x016d6e33) x28 0xffffffe3
core   0: 0x80003740 (0x00005d65) c.li    s10, -7
core   0: 0 0x80003740 (0x5d65) x26 0xfffffff9
core   0: 0x80003742 (0x03427633) remu    a2, tp, s4
core   0: 0 0x80003742 (0x03427633) x12 0x00000001
core   0: 0x80003746 (0x00004895) c.li    a7, 5
core   0: 0 0x80003746 (0x4895) x17 0x00000005
core   0: 0x80003748 (0x01e7cbb3) xor     s7, a5, t5
core   0: 0 0x80003748 (0x01e7cbb3) x23 0x80028e98
core   0: 0x8000374c (0x00008976) c.mv    s2, t4
core   0: 0 0x8000374c (0x8976) x18 0x00000009
core   0: 0x8000374e (0x00000d19) c.addi  s10, 6
core   0: 0 0x8000374e (0x0d19) x26 0xffffffff
core   0: 0x80003750 (0xff1d0ee3) beq     s10, a7, pc - 4
core   0: 0 0x80003750 (0xff1d0ee3)
core   0: 0x80003754 (0x0000100f) fence.i
core   0: 0 0x80003754 (0x0000100f)
core   0: 0x80003758 (0xfc79dfe3) bge     s3, t2, pc - 34
core   0: 0 0x80003758 (0xfc79dfe3)
core   0: 0x8000375c (0x406e8c33) sub     s8, t4, t1
core   0: 0 0x8000375c (0x406e8c33) x24 0x83e58612
core   0: 0x80003760 (0x00004b29) c.li    s6, 10
core   0: 0 0x80003760 (0x4b29) x22 0x0000000a
core   0: 0x80003762 (0x01629033) sll     zero, t0, s6
core   0: 0 0x80003762 (0x01629033)
core   0: 0x80003766 (0x2a1cf913) andi    s2, s9, 673
core   0: 0 0x80003766 (0x2a1cf913) x18 0x00000001
core   0: 0x8000376a (0x0000463d) c.li    a2, 15
core   0: 0 0x8000376a (0x463d) x12 0x0000000f
core   0: 0x8000376c (0x8e7fcf93) xori    t6, t6, -1817
core   0: 0 0x8000376c (0x8e7fcf93) x31 0x834f39c7
core   0: 0x80003770 (0x00db3eb3) sltu    t4, s6, a3
core   0: 0 0x80003770 (0x00db3eb3) x29 0x00000001
core   0: 0x80003774 (0x00000b1d) c.addi  s6, 7
core   0: 0 0x80003774 (0x0b1d) x22 0x00000011
core   0: 0x80003776 (0x00b932b3) sltu    t0, s2, a1
core   0: 0 0x80003776 (0x00b932b3) x5  0x00000000
core   0: 0x8000377a (0x00005c71) c.li    s8, -4
core   0: 0 0x8000377a (0x5c71) x24 0xfffffffc
core   0: 0x8000377c (0x00008ed9) c.or    a3, a4
core   0: 0 0x8000377c (0x8ed9) x13 0x0000d01b
core   0: 0x8000377e (0x000059d1) c.li    s3, -12
core   0: 0 0x8000377e (0x59d1) x19 0xfffffff4
core   0: 0x80003780 (0x00000185) c.addi  gp, 1
core   0: 0 0x80003780 (0x0185) x3  0xfffffffc
core   0: 0x80003782 (0x0305d4b3) divu    s1, a1, a6
core   0: 0 0x80003782 (0x0305d4b3) x9  0x00000000
core   0: 0x80003786 (0x02e59fb3) mulh    t6, a1, a4
core   0: 0 0x80003786 (0x02e59fb3) x31 0x00000000
core   0: 0x8000378a (0x00008d71) c.and   a0, a2
core   0: 0 0x8000378a (0x8d71) x10 0x00000008
core   0: 0x8000378c (0x023cebb3) rem     s7, s9, gp
core   0: 0 0x8000378c (0x023cebb3) x23 0x00000001
core   0: 0x80003790 (0xc7d26c93) ori     s9, tp, -899
core   0: 0 0x80003790 (0xc7d26c93) x25 0xfffffc7d
core   0: 0x80003794 (0xec58a713) slti    a4, a7, -315
core   0: 0 0x80003794 (0xec58a713) x14 0x00000000
core   0: 0x80003798 (0x00001c71) c.addi  s8, -4
core   0: 0 0x80003798 (0x1c71) x24 0xfffffff8
core   0: 0x8000379a (0xff3c56e3) bge     s8, s3, pc - 20
core   0: 0 0x8000379a (0xff3c56e3)
core   0: 0x80003786 (0x02e59fb3) mulh    t6, a1, a4
core   0: 0 0x80003786 (0x02e59fb3) x31 0x00000000
core   0: 0x8000378a (0x00008d71) c.and   a0, a2
core   0: 0 0x8000378a (0x8d71) x10 0x00000008
core   0: 0x8000378c (0x023cebb3) rem     s7, s9, gp
core   0: 0 0x8000378c (0x023cebb3) x23 0xfffffffd
core   0: 0x80003790 (0xc7d26c93) ori     s9, tp, -899
core   0: 0 0x80003790 (0xc7d26c93) x25 0xfffffc7d
core   0: 0x80003794 (0xec58a713) slti    a4, a7, -315
core   0: 0 0x80003794 (0xec58a713) x14 0x00000000
core   0: 0x80003798 (0x00001c71) c.addi  s8, -4
core   0: 0 0x80003798 (0x1c71) x24 0xfffffff4
core   0: 0x8000379a (0xff3c56e3) bge     s8, s3, pc - 20
core   0: 0 0x8000379a (0xff3c56e3)
core   0: 0x80003786 (0x02e59fb3) mulh    t6, a1, a4
core   0: 0 0x80003786 (0x02e59fb3) x31 0x00000000
core   0: 0x8000378a (0x00008d71) c.and   a0, a2
core   0: 0 0x8000378a (0x8d71) x10 0x00000008
core   0: 0x8000378c (0x023cebb3) rem     s7, s9, gp
core   0: 0 0x8000378c (0x023cebb3) x23 0xfffffffd
core   0: 0x80003790 (0xc7d26c93) ori     s9, tp, -899
core   0: 0 0x80003790 (0xc7d26c93) x25 0xfffffc7d
core   0: 0x80003794 (0xec58a713) slti    a4, a7, -315
core   0: 0 0x80003794 (0xec58a713) x14 0x00000000
core   0: 0x80003798 (0x00001c71) c.addi  s8, -4
core   0: 0 0x80003798 (0x1c71) x24 0xfffffff0
core   0: 0x8000379a (0xff3c56e3) bge     s8, s3, pc - 20
core   0: 0 0x8000379a (0xff3c56e3)
core   0: 0x8000379e (0x00008f49) c.or    a4, a0
core   0: 0 0x8000379e (0x8f49) x14 0x00000008
core   0: 0x800037a0 (0xfccb48e3) blt     s6, a2, pc - 48
core   0: 0 0x800037a0 (0xfccb48e3)
core   0: 0x800037a4 (0x000068ed) c.lui   a7, 0x1b
core   0: 0 0x800037a4 (0x68ed) x17 0x0001b000
core   0: 0x800037a6 (0x000046a9) c.li    a3, 10
core   0: 0 0x800037a6 (0x46a9) x13 0x0000000a
core   0: 0x800037a8 (0x00008c21) c.xor   s0, s0
core   0: 0 0x800037a8 (0x8c21) x8  0x00000000
core   0: 0x800037aa (0x0000100f) fence.i
core   0: 0 0x800037aa (0x0000100f)
core   0: 0x800037ae (0x382eff13) andi    t5, t4, 898
core   0: 0 0x800037ae (0x382eff13) x30 0x00000000
core   0: 0x800037b2 (0xe1902b13) slti    s6, zero, -487
core   0: 0 0x800037b2 (0xe1902b13) x22 0x00000000
core   0: 0x800037b6 (0x00000001) c.nop
core   0: 0 0x800037b6 (0x0001)
core   0: 0x800037b8 (0x17a32c37) lui     s8, 0x17a32
core   0: 0 0x800037b8 (0x17a32c37) x24 0x17a32000
core   0: 0x800037bc (0x014ee5b3) or      a1, t4, s4
core   0: 0 0x800037bc (0x014ee5b3) x11 0x00000001
core   0: 0x800037c0 (0x00008f29) c.xor   a4, a0
core   0: 0 0x800037c0 (0x8f29) x14 0x00000000
core   0: 0x800037c2 (0x000016ed) c.addi  a3, -5
core   0: 0 0x800037c2 (0x16ed) x13 0x00000005
core   0: 0x800037c4 (0x00000001) c.nop
core   0: 0 0x800037c4 (0x0001)
core   0: 0x800037c6 (0x00000001) c.nop
core   0: 0 0x800037c6 (0x0001)
core   0: 0x800037c8 (0x0000daf5) c.beqz  a3, pc - 12
core   0: 0 0x800037c8 (0xdaf5)
core   0: 0x800037ca (0x0278feb3) remu    t4, a7, t2
core   0: 0 0x800037ca (0x0278feb3) x29 0x0001b000
core   0: 0x800037ce (0x00005c5d) c.li    s8, -9
core   0: 0 0x800037ce (0x5c5d) x24 0xfffffff7
core   0: 0x800037d0 (0x00a3f2b3) and     t0, t2, a0
core   0: 0 0x800037d0 (0x00a3f2b3) x5  0x00000008
core   0: 0x800037d4 (0x03f5c933) div     s2, a1, t6
core   0: 0 0x800037d4 (0x03f5c933) x18 0xffffffff
core   0: 0x800037d8 (0x000053b9) c.li    t2, -18
core   0: 0 0x800037d8 (0x53b9) x7  0xffffffee
core   0: 0x800037da (0x00001814) c.addi4spn a3, sp, 48
core   0: 0 0x800037da (0x1814) x13 0x80024e5c
core   0: 0x800037dc (0xd22e0093) addi    ra, t3, -734
core   0: 0 0x800037dc (0xd22e0093) x1  0xfffffd05
core   0: 0x800037e0 (0x00001c5d) c.addi  s8, -9
core   0: 0 0x800037e0 (0x1c5d) x24 0xffffffee
core   0: 0x800037e2 (0x6b348093) addi    ra, s1, 1715
core   0: 0 0x800037e2 (0x6b348093) x1  0x000006b3
core   0: 0x800037e6 (0x8ed72f13) slti    t5, a4, -1811
core   0: 0 0x800037e6 (0x8ed72f13) x30 0x00000000
core   0: 0x800037ea (0xfe7c58e3) bge     s8, t2, pc - 16
core   0: 0 0x800037ea (0xfe7c58e3)
core   0: 0x800037da (0x00001814) c.addi4spn a3, sp, 48
core   0: 0 0x800037da (0x1814) x13 0x80024e5c
core   0: 0x800037dc (0xd22e0093) addi    ra, t3, -734
core   0: 0 0x800037dc (0xd22e0093) x1  0xfffffd05
core   0: 0x800037e0 (0x00001c5d) c.addi  s8, -9
core   0: 0 0x800037e0 (0x1c5d) x24 0xffffffe5
core   0: 0x800037e2 (0x6b348093) addi    ra, s1, 1715
core   0: 0 0x800037e2 (0x6b348093) x1  0x000006b3
core   0: 0x800037e6 (0x8ed72f13) slti    t5, a4, -1811
core   0: 0 0x800037e6 (0x8ed72f13) x30 0x00000000
core   0: 0x800037ea (0xfe7c58e3) bge     s8, t2, pc - 16
core   0: 0 0x800037ea (0xfe7c58e3)
core   0: 0x800037ee (0xa9fcb593) sltiu   a1, s9, -1377
core   0: 0 0x800037ee (0xa9fcb593) x11 0x00000000
core   0: 0x800037f2 (0x00004da1) c.li    s11, 8
core   0: 0 0x800037f2 (0x4da1) x27 0x00000008
core   0: 0x800037f4 (0x00004091) c.li    ra, 4
core   0: 0 0x800037f4 (0x4091) x1  0x00000004
core   0: 0x800037f6 (0x6d3e8513) addi    a0, t4, 1747
core   0: 0 0x800037f6 (0x6d3e8513) x10 0x0001b6d3
core   0: 0x800037fa (0x00009c0e) c.add   s8, gp
core   0: 0 0x800037fa (0x9c0e) x24 0xffffffe1
core   0: 0x800037fc (0x00001df9) c.addi  s11, -2
core   0: 0 0x800037fc (0x1df9) x27 0x00000006
core   0: 0x800037fe (0x000058ed) c.li    a7, -5
core   0: 0 0x800037fe (0x58ed) x17 0xfffffffb
core   0: 0x80003800 (0x00004ecd) c.li    t4, 19
core   0: 0 0x80003800 (0x4ecd) x29 0x00000013
core   0: 0x80003802 (0x03f83d33) mulhu   s10, a6, t6
core   0: 0 0x80003802 (0x03f83d33) x26 0x00000000
core   0: 0x80003806 (0x0000100f) fence.i
core   0: 0 0x80003806 (0x0000100f)
core   0: 0x8000380a (0x00000899) c.addi  a7, 6
core   0: 0 0x8000380a (0x0899) x17 0x00000001
core   0: 0x8000380c (0xffd88be3) beq     a7, t4, pc - 10
core   0: 0 0x8000380c (0xffd88be3)
core   0: 0x80003810 (0xfe1df3e3) bgeu    s11, ra, pc - 26
core   0: 0 0x80003810 (0xfe1df3e3)
core   0: 0x800037f6 (0x6d3e8513) addi    a0, t4, 1747
core   0: 0 0x800037f6 (0x6d3e8513) x10 0x000006e6
core   0: 0x800037fa (0x00009c0e) c.add   s8, gp
core   0: 0 0x800037fa (0x9c0e) x24 0xffffffdd
core   0: 0x800037fc (0x00001df9) c.addi  s11, -2
core   0: 0 0x800037fc (0x1df9) x27 0x00000004
core   0: 0x800037fe (0x000058ed) c.li    a7, -5
core   0: 0 0x800037fe (0x58ed) x17 0xfffffffb
core   0: 0x80003800 (0x00004ecd) c.li    t4, 19
core   0: 0 0x80003800 (0x4ecd) x29 0x00000013
core   0: 0x80003802 (0x03f83d33) mulhu   s10, a6, t6
core   0: 0 0x80003802 (0x03f83d33) x26 0x00000000
core   0: 0x80003806 (0x0000100f) fence.i
core   0: 0 0x80003806 (0x0000100f)
core   0: 0x8000380a (0x00000899) c.addi  a7, 6
core   0: 0 0x8000380a (0x0899) x17 0x00000001
core   0: 0x8000380c (0xffd88be3) beq     a7, t4, pc - 10
core   0: 0 0x8000380c (0xffd88be3)
core   0: 0x80003810 (0xfe1df3e3) bgeu    s11, ra, pc - 26
core   0: 0 0x80003810 (0xfe1df3e3)
core   0: 0x800037f6 (0x6d3e8513) addi    a0, t4, 1747
core   0: 0 0x800037f6 (0x6d3e8513) x10 0x000006e6
core   0: 0x800037fa (0x00009c0e) c.add   s8, gp
core   0: 0 0x800037fa (0x9c0e) x24 0xffffffd9
core   0: 0x800037fc (0x00001df9) c.addi  s11, -2
core   0: 0 0x800037fc (0x1df9) x27 0x00000002
core   0: 0x800037fe (0x000058ed) c.li    a7, -5
core   0: 0 0x800037fe (0x58ed) x17 0xfffffffb
core   0: 0x80003800 (0x00004ecd) c.li    t4, 19
core   0: 0 0x80003800 (0x4ecd) x29 0x00000013
core   0: 0x80003802 (0x03f83d33) mulhu   s10, a6, t6
core   0: 0 0x80003802 (0x03f83d33) x26 0x00000000
core   0: 0x80003806 (0x0000100f) fence.i
core   0: 0 0x80003806 (0x0000100f)
core   0: 0x8000380a (0x00000899) c.addi  a7, 6
core   0: 0 0x8000380a (0x0899) x17 0x00000001
core   0: 0x8000380c (0xffd88be3) beq     a7, t4, pc - 10
core   0: 0 0x8000380c (0xffd88be3)
core   0: 0x80003810 (0xfe1df3e3) bgeu    s11, ra, pc - 26
core   0: 0 0x80003810 (0xfe1df3e3)
core   0: 0x80003814 (0x024223b3) mulhsu  t2, tp, tp
core   0: 0 0x80003814 (0x024223b3) x7  0x00000000
core   0: 0x80003818 (0x000042a1) c.li    t0, 8
core   0: 0 0x80003818 (0x42a1) x5  0x00000008
core   0: 0x8000381a (0x0369ec33) rem     s8, s3, s6
core   0: 0 0x8000381a (0x0369ec33) x24 0xfffffff4
core   0: 0x8000381e (0x000046a1) c.li    a3, 8
core   0: 0 0x8000381e (0x46a1) x13 0x00000008
core   0: 0x80003820 (0x000099fd) c.andi  a1, -1
core   0: 0 0x80003820 (0x99fd) x11 0x00000000
core   0: 0x80003822 (0x00005cfd) c.li    s9, -1
core   0: 0 0x80003822 (0x5cfd) x25 0xffffffff
core   0: 0x80003824 (0x00000001) c.nop
core   0: 0 0x80003824 (0x0001)
core   0: 0x80003826 (0xa3244313) xori    t1, s0, -1486
core   0: 0 0x80003826 (0xa3244313) x6  0xfffffa32
core   0: 0x8000382a (0x022effb3) remu    t6, t4, sp
core   0: 0 0x8000382a (0x022effb3) x31 0x00000013
core   0: 0x8000382e (0x00008446) c.mv    s0, a7
core   0: 0 0x8000382e (0x8446) x8  0x00000001
core   0: 0x80003830 (0x000012f9) c.addi  t0, -2
core   0: 0 0x80003830 (0x12f9) x5  0x00000006
core   0: 0x80003832 (0x013b5433) srl     s0, s6, s3
core   0: 0 0x80003832 (0x013b5433) x8  0x00000000
core   0: 0x80003836 (0x00008f79) c.and   a4, a4
core   0: 0 0x80003836 (0x8f79) x14 0x00000000
core   0: 0x80003838 (0x01de2eb3) slt     t4, t3, t4
core   0: 0 0x80003838 (0x01de2eb3) x29 0x00000001
core   0: 0x8000383c (0x00009a7d) c.andi  a2, -1
core   0: 0 0x8000383c (0x9a7d) x12 0x0000000f
core   0: 0x8000383e (0xfed2f3e3) bgeu    t0, a3, pc - 26
core   0: 0 0x8000383e (0xfed2f3e3)
core   0: 0x80003842 (0x0ff0000f) fence   iorw,iorw
core   0: 0 0x80003842 (0x0ff0000f)
core   0: 0x80003846 (0x00005365) c.li    t1, -7
core   0: 0 0x80003846 (0x5365) x6  0xfffffff9
core   0: 0x80003848 (0x000085b9) c.srai  a1, 14
core   0: 0 0x80003848 (0x85b9) x11 0x00000000
core   0: 0x8000384a (0x4a2e3b13) sltiu   s6, t3, 1186
core   0: 0 0x8000384a (0x4a2e3b13) x22 0x00000000
core   0: 0x8000384e (0x003cdf13) srli    t5, s9, 3
core   0: 0 0x8000384e (0x003cdf13) x30 0x1fffffff
core   0: 0x80003852 (0x02a8a633) mulhsu  a2, a7, a0
core   0: 0 0x80003852 (0x02a8a633) x12 0x00000000
core   0: 0x80003856 (0x00000001) c.nop
core   0: 0 0x80003856 (0x0001)
core   0: 0x80003858 (0x02e1a2b3) mulhsu  t0, gp, a4
core   0: 0 0x80003858 (0x02e1a2b3) x5  0x00000000
core   0: 0x8000385c (0x00006dbd) c.lui   s11, 0xf
core   0: 0 0x8000385c (0x6dbd) x27 0x0000f000
core   0: 0x8000385e (0x025f91b3) mulh    gp, t6, t0
core   0: 0 0x8000385e (0x025f91b3) x3  0x00000000
core   0: 0x80003862 (0x00008f3d) c.xor   a4, a5
core   0: 0 0x80003862 (0x8f3d) x14 0x80028ce4
core   0: 0x80003864 (0x00004405) c.li    s0, 1
core   0: 0 0x80003864 (0x4405) x8  0x00000001
core   0: 0x80003866 (0x2b3f0d13) addi    s10, t5, 691
core   0: 0 0x80003866 (0x2b3f0d13) x26 0x200002b2
core   0: 0x8000386a (0x0000076e) c.slli  a4, 27
core   0: 0 0x8000386a (0x076e) x14 0x20000000
core   0: 0x8000386c (0x00008df1) c.and   a1, a2
core   0: 0 0x8000386c (0x8df1) x11 0x00000000
core   0: 0x8000386e (0x01ebdfb3) srl     t6, s7, t5
core   0: 0 0x8000386e (0x01ebdfb3) x31 0x00000001
core   0: 0x80003872 (0x00000311) c.addi  t1, 4
core   0: 0 0x80003872 (0x0311) x6  0xfffffffd
core   0: 0x80003874 (0x03e6d733) divu    a4, a3, t5
core   0: 0 0x80003874 (0x03e6d733) x14 0x00000000
core   0: 0x80003878 (0x01e54933) xor     s2, a0, t5
core   0: 0 0x80003878 (0x01e54933) x18 0x1ffff919
core   0: 0x8000387c (0x0000899a) c.mv    s3, t1
core   0: 0 0x8000387c (0x899a) x19 0xfffffffd
core   0: 0x8000387e (0x00001ffd) c.addi  t6, -1
core   0: 0 0x8000387e (0x1ffd) x31 0x00000000
core   0: 0x80003880 (0xfe8343e3) blt     t1, s0, pc - 26
core   0: 0 0x80003880 (0xfe8343e3)
core   0: 0x80003866 (0x2b3f0d13) addi    s10, t5, 691
core   0: 0 0x80003866 (0x2b3f0d13) x26 0x200002b2
core   0: 0x8000386a (0x0000076e) c.slli  a4, 27
core   0: 0 0x8000386a (0x076e) x14 0x00000000
core   0: 0x8000386c (0x00008df1) c.and   a1, a2
core   0: 0 0x8000386c (0x8df1) x11 0x00000000
core   0: 0x8000386e (0x01ebdfb3) srl     t6, s7, t5
core   0: 0 0x8000386e (0x01ebdfb3) x31 0x00000001
core   0: 0x80003872 (0x00000311) c.addi  t1, 4
core   0: 0 0x80003872 (0x0311) x6  0x00000001
core   0: 0x80003874 (0x03e6d733) divu    a4, a3, t5
core   0: 0 0x80003874 (0x03e6d733) x14 0x00000000
core   0: 0x80003878 (0x01e54933) xor     s2, a0, t5
core   0: 0 0x80003878 (0x01e54933) x18 0x1ffff919
core   0: 0x8000387c (0x0000899a) c.mv    s3, t1
core   0: 0 0x8000387c (0x899a) x19 0x00000001
core   0: 0x8000387e (0x00001ffd) c.addi  t6, -1
core   0: 0 0x8000387e (0x1ffd) x31 0x00000000
core   0: 0x80003880 (0xfe8343e3) blt     t1, s0, pc - 26
core   0: 0 0x80003880 (0xfe8343e3)
core   0: 0x80003884 (0x02136e33) rem     t3, t1, ra
core   0: 0 0x80003884 (0x02136e33) x28 0x00000001
core   0: 0x80003888 (0x00005cfd) c.li    s9, -1
core   0: 0 0x80003888 (0x5cfd) x25 0xffffffff
core   0: 0x8000388a (0x0000177d) c.addi  a4, -1
core   0: 0 0x8000388a (0x177d) x14 0xffffffff
core   0: 0x8000388c (0x033cfc33) remu    s8, s9, s3
core   0: 0 0x8000388c (0x033cfc33) x24 0x00000000
core   0: 0x80003890 (0x028270b3) remu    ra, tp, s0
core   0: 0 0x80003890 (0x028270b3) x1  0x00000000
core   0: 0x80003894 (0x00000d5a) c.slli  s10, 22
core   0: 0 0x80003894 (0x0d5a) x26 0xac800000
core   0: 0x80003896 (0x00008e75) c.and   a2, a3
core   0: 0 0x80003896 (0x8e75) x12 0x00000000
core   0: 0x80003898 (0x02511cb3) mulh    s9, sp, t0
core   0: 0 0x80003898 (0x02511cb3) x25 0x00000000
core   0: 0x8000389c (0x00dc0db3) add     s11, s8, a3
core   0: 0 0x8000389c (0x00dc0db3) x27 0x00000008
core   0: 0x800038a0 (0x00004cb1) c.li    s9, 12
core   0: 0 0x800038a0 (0x4cb1) x25 0x0000000c
core   0: 0x800038a2 (0x0279cfb3) div     t6, s3, t2
core   0: 0 0x800038a2 (0x0279cfb3) x31 0xffffffff
core   0: 0x800038a6 (0x0000cd89) c.beqz  a1, pc + 26
core   0: 0 0x800038a6 (0xcd89)
core   0: 0x800038c0 (0x01f19363) bne     gp, t6, pc + 6
core   0: 0 0x800038c0 (0x01f19363)
core   0: 0x800038c6 (0x0000802d) c.srli  s0, 11
core   0: 0 0x800038c6 (0x802d) x8  0x00000000
core   0: 0x800038c8 (0x0038cc63) blt     a7, gp, pc + 24
core   0: 0 0x800038c8 (0x0038cc63)
core   0: 0x800038cc (0x00ef7233) and     tp, t5, a4
core   0: 0 0x800038cc (0x00ef7233) x4  0x1fffffff
core   0: 0x800038d0 (0x000098fd) c.andi  s1, -1
core   0: 0 0x800038d0 (0x98fd) x9  0x00000000
core   0: 0x800038d2 (0x0000c08d) c.beqz  s1, pc + 34
core   0: 0 0x800038d2 (0xc08d)
core   0: 0x800038f4 (0x00008816) c.mv    a6, t0
core   0: 0 0x800038f4 (0x8816) x16 0x00000000
core   0: 0x800038f6 (0x01ec2c33) slt     s8, s8, t5
core   0: 0 0x800038f6 (0x01ec2c33) x24 0x00000001
core   0: 0x800038fa (0x37186eb7) lui     t4, 0x37186
core   0: 0 0x800038fa (0x37186eb7) x29 0x37186000
core   0: 0x800038fe (0x01f4a933) slt     s2, s1, t6
core   0: 0 0x800038fe (0x01f4a933) x18 0x00000000
core   0: 0x80003902 (0x002ae863) bltu    s5, sp, pc + 16
core   0: 0 0x80003902 (0x002ae863)
core   0: 0x80003912 (0x00911633) sll     a2, sp, s1
core   0: 0 0x80003912 (0x00911633) x12 0x80024e2c
core   0: 0x80003916 (0x40d08c33) sub     s8, ra, a3
core   0: 0 0x80003916 (0x40d08c33) x24 0xfffffff8
core   0: 0x8000391a (0x00327a33) and     s4, tp, gp
core   0: 0 0x8000391a (0x00327a33) x20 0x00000000
core   0: 0x8000391e (0x8759bf93) sltiu   t6, s3, -1931
core   0: 0 0x8000391e (0x8759bf93) x31 0x00000001
core   0: 0x80003922 (0x95a91cb7) lui     s9, 0x95a91
core   0: 0 0x80003922 (0x95a91cb7) x25 0x95a91000
core   0: 0x80003926 (0x006032b3) snez    t0, t1
core   0: 0 0x80003926 (0x006032b3) x5  0x00000001
core   0: 0x8000392a (0x00008ced) c.and   s1, a1
core   0: 0 0x8000392a (0x8ced) x9  0x00000000
core   0: 0x8000392c (0x0000850e) c.mv    a0, gp
core   0: 0 0x8000392c (0x850e) x10 0x00000000
core   0: 0x8000392e (0x41ff5b93) srai    s7, t5, 31
core   0: 0 0x8000392e (0x41ff5b93) x23 0x00000000
core   0: 0x80003932 (0xee52ef93) ori     t6, t0, -283
core   0: 0 0x80003932 (0xee52ef93) x31 0xfffffee5
core   0: 0x80003936 (0x415bde93) srai    t4, s7, 21
core   0: 0 0x80003936 (0x415bde93) x29 0x00000000
core   0: 0x8000393a (0x00000001) c.nop
core   0: 0 0x8000393a (0x0001)
core   0: 0x8000393c (0x42336d93) ori     s11, t1, 1059
core   0: 0 0x8000393c (0x42336d93) x27 0x00000423
core   0: 0x80003940 (0x0000c5a1) c.beqz  a1, pc + 72
core   0: 0 0x80003940 (0xc5a1)
core   0: 0x80003988 (0x27444213) xori    tp, s0, 628
core   0: 0 0x80003988 (0x27444213) x4  0x00000274
core   0: 0x8000398c (0x1a9cc213) xori    tp, s9, 425
core   0: 0 0x8000398c (0x1a9cc213) x4  0x95a911a9
core   0: 0x80003990 (0x39936613) ori     a2, t1, 921
core   0: 0 0x80003990 (0x39936613) x12 0x00000399
core   0: 0x80003994 (0x03c78733) mul     a4, a5, t3
core   0: 0 0x80003994 (0x03c78733) x14 0x80028ce4
core   0: 0x80003998 (0x00005ffd) c.li    t6, -1
core   0: 0 0x80003998 (0x5ffd) x31 0xffffffff
core   0: 0x8000399a (0x024b16b3) mulh    a3, s6, tp
core   0: 0 0x8000399a (0x024b16b3) x13 0x00000000
core   0: 0x8000399e (0x0000100f) fence.i
core   0: 0 0x8000399e (0x0000100f)
core   0: 0x800039a2 (0x03e43e33) mulhu   t3, s0, t5
core   0: 0 0x800039a2 (0x03e43e33) x28 0x00000000
core   0: 0x800039a6 (0x00001f7d) c.addi  t5, -1
core   0: 0 0x800039a6 (0x1f7d) x30 0x1ffffffe
core   0: 0x800039a8 (0x0376feb3) remu    t4, a3, s7
core   0: 0 0x800039a8 (0x0376feb3) x29 0x00000000
core   0: 0x800039ac (0x00006e19) c.lui   t3, 0x6
core   0: 0 0x800039ac (0x6e19) x28 0x00006000
core   0: 0x800039ae (0x01d22bb3) slt     s7, tp, t4
core   0: 0 0x800039ae (0x01d22bb3) x23 0x00000001
core   0: 0x800039b2 (0x00009f8e) c.add   t6, gp
core   0: 0 0x800039b2 (0x9f8e) x31 0xffffffff
core   0: 0x800039b4 (0x04247163) bgeu    s0, sp, pc + 66
core   0: 0 0x800039b4 (0x04247163)
core   0: 0x800039b8 (0x5db32893) slti    a7, t1, 1499
core   0: 0 0x800039b8 (0x5db32893) x17 0x00000001
core   0: 0x800039bc (0x00004595) c.li    a1, 5
core   0: 0 0x800039bc (0x4595) x11 0x00000005
core   0: 0x800039be (0x01518d33) add     s10, gp, s5
core   0: 0 0x800039be (0x01518d33) x26 0x00000009
core   0: 0x800039c2 (0x000050e5) c.li    ra, -7
core   0: 0 0x800039c2 (0x50e5) x1  0xfffffff9
core   0: 0x800039c4 (0x00009ba6) c.add   s7, s1
core   0: 0 0x800039c4 (0x9ba6) x23 0x00000001
core   0: 0x800039c6 (0x00008e79) c.and   a2, a4
core   0: 0 0x800039c6 (0x8e79) x12 0x00000080
core   0: 0x800039c8 (0x000015f1) c.addi  a1, -4
core   0: 0 0x800039c8 (0x15f1) x11 0x00000001
core   0: 0x800039ca (0x00004f99) c.li    t6, 6
core   0: 0 0x800039ca (0x4f99) x31 0x00000006
core   0: 0x800039cc (0x00008c25) c.xor   s0, s1
core   0: 0 0x800039cc (0x8c25) x8  0x00000000
core   0: 0x800039ce (0x00004f21) c.li    t5, 8
core   0: 0 0x800039ce (0x4f21) x30 0x00000008
core   0: 0x800039d0 (0x33c28493) addi    s1, t0, 828
core   0: 0 0x800039d0 (0x33c28493) x9  0x0000033d
core   0: 0x800039d4 (0x00006bc5) c.lui   s7, 0x11
core   0: 0 0x800039d4 (0x6bc5) x23 0x00011000
core   0: 0x800039d6 (0x00000f9d) c.addi  t6, 7
core   0: 0 0x800039d6 (0x0f9d) x31 0x0000000d
core   0: 0x800039d8 (0x00000001) c.nop
core   0: 0 0x800039d8 (0x0001)
core   0: 0x800039da (0xffefede3) bltu    t6, t5, pc - 6
core   0: 0 0x800039da (0xffefede3)
core   0: 0x800039de (0x00008895) c.andi  s1, 5
core   0: 0 0x800039de (0x8895) x9  0x00000005
core   0: 0x800039e0 (0xfe1593e3) bne     a1, ra, pc - 26
core   0: 0 0x800039e0 (0xfe1593e3)
core   0: 0x800039c6 (0x00008e79) c.and   a2, a4
core   0: 0 0x800039c6 (0x8e79) x12 0x00000080
core   0: 0x800039c8 (0x000015f1) c.addi  a1, -4
core   0: 0 0x800039c8 (0x15f1) x11 0xfffffffd
core   0: 0x800039ca (0x00004f99) c.li    t6, 6
core   0: 0 0x800039ca (0x4f99) x31 0x00000006
core   0: 0x800039cc (0x00008c25) c.xor   s0, s1
core   0: 0 0x800039cc (0x8c25) x8  0x00000005
core   0: 0x800039ce (0x00004f21) c.li    t5, 8
core   0: 0 0x800039ce (0x4f21) x30 0x00000008
core   0: 0x800039d0 (0x33c28493) addi    s1, t0, 828
core   0: 0 0x800039d0 (0x33c28493) x9  0x0000033d
core   0: 0x800039d4 (0x00006bc5) c.lui   s7, 0x11
core   0: 0 0x800039d4 (0x6bc5) x23 0x00011000
core   0: 0x800039d6 (0x00000f9d) c.addi  t6, 7
core   0: 0 0x800039d6 (0x0f9d) x31 0x0000000d
core   0: 0x800039d8 (0x00000001) c.nop
core   0: 0 0x800039d8 (0x0001)
core   0: 0x800039da (0xffefede3) bltu    t6, t5, pc - 6
core   0: 0 0x800039da (0xffefede3)
core   0: 0x800039de (0x00008895) c.andi  s1, 5
core   0: 0 0x800039de (0x8895) x9  0x00000005
core   0: 0x800039e0 (0xfe1593e3) bne     a1, ra, pc - 26
core   0: 0 0x800039e0 (0xfe1593e3)
core   0: 0x800039c6 (0x00008e79) c.and   a2, a4
core   0: 0 0x800039c6 (0x8e79) x12 0x00000080
core   0: 0x800039c8 (0x000015f1) c.addi  a1, -4
core   0: 0 0x800039c8 (0x15f1) x11 0xfffffff9
core   0: 0x800039ca (0x00004f99) c.li    t6, 6
core   0: 0 0x800039ca (0x4f99) x31 0x00000006
core   0: 0x800039cc (0x00008c25) c.xor   s0, s1
core   0: 0 0x800039cc (0x8c25) x8  0x00000000
core   0: 0x800039ce (0x00004f21) c.li    t5, 8
core   0: 0 0x800039ce (0x4f21) x30 0x00000008
core   0: 0x800039d0 (0x33c28493) addi    s1, t0, 828
core   0: 0 0x800039d0 (0x33c28493) x9  0x0000033d
core   0: 0x800039d4 (0x00006bc5) c.lui   s7, 0x11
core   0: 0 0x800039d4 (0x6bc5) x23 0x00011000
core   0: 0x800039d6 (0x00000f9d) c.addi  t6, 7
core   0: 0 0x800039d6 (0x0f9d) x31 0x0000000d
core   0: 0x800039d8 (0x00000001) c.nop
core   0: 0 0x800039d8 (0x0001)
core   0: 0x800039da (0xffefede3) bltu    t6, t5, pc - 6
core   0: 0 0x800039da (0xffefede3)
core   0: 0x800039de (0x00008895) c.andi  s1, 5
core   0: 0 0x800039de (0x8895) x9  0x00000005
core   0: 0x800039e0 (0xfe1593e3) bne     a1, ra, pc - 26
core   0: 0 0x800039e0 (0xfe1593e3)
core   0: 0x800039e4 (0x00008216) c.mv    tp, t0
core   0: 0 0x800039e4 (0x8216) x4  0x00000001
core   0: 0x800039e6 (0x1ecc5517) auipc   a0, 0x1ecc5
core   0: 0 0x800039e6 (0x1ecc5517) x10 0x9ecc89e6
core   0: 0x800039ea (0x00201693) slli    a3, zero, 2
core   0: 0 0x800039ea (0x00201693) x13 0x00000000
core   0: 0x800039ee (0x0000e719) c.bnez  a4, pc + 14
core   0: 0 0x800039ee (0xe719)
core   0: 0x800039fc (0x7060b713) sltiu   a4, ra, 1798
core   0: 0 0x800039fc (0x7060b713) x14 0x00000000
core   0: 0x80003a00 (0x00000001) c.nop
core   0: 0 0x80003a00 (0x0001)
core   0: 0x80003a02 (0x009f1613) slli    a2, t5, 9
core   0: 0 0x80003a02 (0x009f1613) x12 0x00001000
core   0: 0x80003a06 (0x01190013) addi    zero, s2, 17
core   0: 0 0x80003a06 (0x01190013)
core   0: 0x80003a0a (0x000089f1) c.andi  a1, 28
core   0: 0 0x80003a0a (0x89f1) x11 0x00000018
core   0: 0x80003a0c (0x41168933) sub     s2, a3, a7
core   0: 0 0x80003a0c (0x41168933) x18 0xffffffff
core   0: 0x80003a10 (0x00008555) c.srai  a0, 21
core   0: 0 0x80003a10 (0x8555) x10 0xfffffcf6
core   0: 0x80003a12 (0x8ba54493) xori    s1, a0, -1862
core   0: 0 0x80003a12 (0x8ba54493) x9  0x0000044c
core   0: 0x80003a16 (0x0ff0000f) fence   iorw,iorw
core   0: 0 0x80003a16 (0x0ff0000f)
core   0: 0x80003a1a (0x013ebdb3) sltu    s11, t4, s3
core   0: 0 0x80003a1a (0x013ebdb3) x27 0x00000001
core   0: 0x80003a1e (0x015cd333) srl     t1, s9, s5
core   0: 0 0x80003a1e (0x015cd333) x6  0x004ad488
core   0: 0x80003a22 (0x489fae97) auipc   t4, 0x489fa
core   0: 0 0x80003a22 (0x489fae97) x29 0xc89fda22
core   0: 0x80003a26 (0x038f8eb3) mul     t4, t6, s8
core   0: 0 0x80003a26 (0x038f8eb3) x29 0xffffff98
core   0: 0x80003a2a (0x51d93993) sltiu   s3, s2, 1309
core   0: 0 0x80003a2a (0x51d93993) x19 0x00000000
core   0: 0x80003a2e (0x02228563) beq     t0, sp, pc + 42
core   0: 0 0x80003a2e (0x02228563)
core   0: 0x80003a32 (0x01c8d1b3) srl     gp, a7, t3
core   0: 0 0x80003a32 (0x01c8d1b3) x3  0x00000001
core   0: 0x80003a36 (0x00000001) c.nop
core   0: 0 0x80003a36 (0x0001)
core   0: 0x80003a38 (0x00025533) srl     a0, tp, zero
core   0: 0 0x80003a38 (0x00025533) x10 0x00000001
core   0: 0x80003a3c (0x0000985a) c.add   a6, s6
core   0: 0 0x80003a3c (0x985a) x16 0x00000000
core   0: 0x80003a3e (0x41a15bb3) sra     s7, sp, s10
core   0: 0 0x80003a3e (0x41a15bb3) x23 0xffc00127
core   0: 0x80003a42 (0x0303bdb3) mulhu   s11, t2, a6
core   0: 0 0x80003a42 (0x0303bdb3) x27 0x00000000
core   0: 0x80003a46 (0x00008b86) c.mv    s7, ra
core   0: 0 0x80003a46 (0x8b86) x23 0xfffffff9
core   0: 0x80003a48 (0x00da1713) slli    a4, s4, 13
core   0: 0 0x80003a48 (0x00da1713) x14 0x00000000
core   0: 0x80003a4c (0x92872c13) slti    s8, a4, -1752
core   0: 0 0x80003a4c (0x92872c13) x24 0x00000000
core   0: 0x80003a50 (0x0080ba33) sltu    s4, ra, s0
core   0: 0 0x80003a50 (0x0080ba33) x20 0x00000000
core   0: 0x80003a54 (0x00e3b5b3) sltu    a1, t2, a4
core   0: 0 0x80003a54 (0x00e3b5b3) x11 0x00000000
core   0: 0x80003a58 (0xadcbcc93) xori    s9, s7, -1316
core   0: 0 0x80003a58 (0xadcbcc93) x25 0x00000525
core   0: 0x80003a5c (0x0279cb33) div     s6, s3, t2
core   0: 0 0x80003a5c (0x0279cb33) x22 0xffffffff
core   0: 0x80003a60 (0x01d2f8b3) and     a7, t0, t4
core   0: 0 0x80003a60 (0x01d2f8b3) x17 0x00000000
core   0: 0x80003a64 (0x021de633) rem     a2, s11, ra
core   0: 0 0x80003a64 (0x021de633) x12 0x00000000
core   0: 0x80003a68 (0x00001a7d) c.addi  s4, -1
core   0: 0 0x80003a68 (0x1a7d) x20 0xffffffff
core   0: 0x80003a6a (0x0294cd63) blt     s1, s1, pc + 58
core   0: 0 0x80003a6a (0x0294cd63)
core   0: 0x80003a6e (0x03e283b3) mul     t2, t0, t5
core   0: 0 0x80003a6e (0x03e283b3) x7  0x00000008
core   0: 0x80003a72 (0x00009922) c.add   s2, s0
core   0: 0 0x80003a72 (0x9922) x18 0xffffffff
core   0: 0x80003a74 (0x00e87533) and     a0, a6, a4
core   0: 0 0x80003a74 (0x00e87533) x10 0x00000000
core   0: 0x80003a78 (0x00008e5d) c.or    a2, a5
core   0: 0 0x80003a78 (0x8e5d) x12 0x80028ce4
core   0: 0x80003a7a (0x0296ad33) mulhsu  s10, a3, s1
core   0: 0 0x80003a7a (0x0296ad33) x26 0x00000000
core   0: 0x80003a7e (0x03ca9cb3) mulh    s9, s5, t3
core   0: 0 0x80003a7e (0x03ca9cb3) x25 0x00000000
core   0: 0x80003a82 (0x02923333) mulhu   t1, tp, s1
core   0: 0 0x80003a82 (0x02923333) x6  0x00000000
core   0: 0x80003a86 (0x02ca9563) bne     s5, a2, pc + 42
core   0: 0 0x80003a86 (0x02ca9563)
core   0: 0x80003ab0 (0x000001ba) c.slli  gp, 14
core   0: 0 0x80003ab0 (0x01ba) x3  0x00004000
core   0: 0x80003ab2 (0x00000001) c.nop
core   0: 0 0x80003ab2 (0x0001)
core   0: 0x80003ab4 (0x0000100f) fence.i
core   0: 0 0x80003ab4 (0x0000100f)
core   0: 0x80003ab8 (0x03885cb3) divu    s9, a6, s8
core   0: 0 0x80003ab8 (0x03885cb3) x25 0xffffffff
core   0: 0x80003abc (0x0381feb3) remu    t4, gp, s8
core   0: 0 0x80003abc (0x0381feb3) x29 0x00004000
core   0: 0x80003ac0 (0x01d45663) bge     s0, t4, pc + 12
core   0: 0 0x80003ac0 (0x01d45663)
core   0: 0x80003ac4 (0x03164963) blt     a2, a7, pc + 50
core   0: 0 0x80003ac4 (0x03164963)
core   0: 0x80003af6 (0x00000395) c.addi  t2, 5
core   0: 0 0x80003af6 (0x0395) x7  0x0000000d
core   0: 0x80003af8 (0x00063e33) sltu    t3, a2, zero
core   0: 0 0x80003af8 (0x00063e33) x28 0x00000000
core   0: 0x80003afc (0x031868b3) rem     a7, a6, a7
core   0: 0 0x80003afc (0x031868b3) x17 0x00000000
core   0: 0x80003b00 (0x00008cc9) c.or    s1, a0
core   0: 0 0x80003b00 (0x8cc9) x9  0x0000044c
core   0: 0x80003b02 (0x00008ce5) c.and   s1, s1
core   0: 0 0x80003b02 (0x8ce5) x9  0x0000044c
core   0: 0x80003b04 (0x00e6afb3) slt     t6, a3, a4
core   0: 0 0x80003b04 (0x00e6afb3) x31 0x00000000
core   0: 0x80003b08 (0x01bb1563) bne     s6, s11, pc + 10
core   0: 0 0x80003b08 (0x01bb1563)
core   0: 0x80003b12 (0x0000e099) c.bnez  s1, pc + 6
core   0: 0 0x80003b12 (0xe099)
core   0: 0x80003b18 (0x00240c63) beq     s0, sp, pc + 24
core   0: 0 0x80003b18 (0x00240c63)
core   0: 0x80003b1c (0x007a6333) or      t1, s4, t2
core   0: 0 0x80003b1c (0x007a6333) x6  0xffffffff
core   0: 0x80003b20 (0x02ebf5b3) remu    a1, s7, a4
core   0: 0 0x80003b20 (0x02ebf5b3) x11 0xfffffff9
core   0: 0x80003b24 (0x01de0db3) add     s11, t3, t4
core   0: 0 0x80003b24 (0x01de0db3) x27 0x00004000
core   0: 0x80003b28 (0x00008b9e) c.mv    s7, t2
core   0: 0 0x80003b28 (0x8b9e) x23 0x0000000d
core   0: 0x80003b2a (0x00cf5c93) srli    s9, t5, 12
core   0: 0 0x80003b2a (0x00cf5c93) x25 0x00000000
core   0: 0x80003b2e (0x00008915) c.andi  a0, 5
core   0: 0 0x80003b2e (0x8915) x10 0x00000000
core   0: 0x80003b30 (0x01424633) xor     a2, tp, s4
core   0: 0 0x80003b30 (0x01424633) x12 0xfffffffe
core   0: 0x80003b34 (0x00008cad) c.xor   s1, a1
core   0: 0 0x80003b34 (0x8cad) x9  0xfffffbb5
core   0: 0x80003b36 (0x018bc0b3) xor     ra, s7, s8
core   0: 0 0x80003b36 (0x018bc0b3) x1  0x0000000d
core   0: 0x80003b3a (0x00009a7d) c.andi  a2, -1
core   0: 0 0x80003b3a (0x9a7d) x12 0xfffffffe
core   0: 0x80003b3c (0x000063fd) c.lui   t2, 0x1f
core   0: 0 0x80003b3c (0x63fd) x7  0x0001f000
core   0: 0x80003b3e (0xf8f90013) addi    zero, s2, -113
core   0: 0 0x80003b3e (0xf8f90013)
core   0: 0x80003b42 (0x007d4e33) xor     t3, s10, t2
core   0: 0 0x80003b42 (0x007d4e33) x28 0x0001f000
core   0: 0x80003b46 (0x02700433) mul     s0, zero, t2
core   0: 0 0x80003b46 (0x02700433) x8  0x00000000
core   0: 0x80003b4a (0x01409cb3) sll     s9, ra, s4
core   0: 0 0x80003b4a (0x01409cb3) x25 0x80000000
core   0: 0x80003b4e (0x039653b3) divu    t2, a2, s9
core   0: 0 0x80003b4e (0x039653b3) x7  0x00000001
core   0: 0x80003b52 (0x00008ca9) c.xor   s1, a0
core   0: 0 0x80003b52 (0x8ca9) x9  0xfffffbb5
core   0: 0x80003b54 (0x03450b63) beq     a0, s4, pc + 54
core   0: 0 0x80003b54 (0x03450b63)
core   0: 0x80003b58 (0x03a1acb3) mulhsu  s9, gp, s10
core   0: 0 0x80003b58 (0x03a1acb3) x25 0x00000000
core   0: 0x80003b5c (0x0ebaa017) auipc   zero, 0xebaa
core   0: 0 0x80003b5c (0x0ebaa017)
core   0: 0x80003b60 (0x00009536) c.add   a0, a3
core   0: 0 0x80003b60 (0x9536) x10 0x00000000
core   0: 0x80003b62 (0x92152b13) slti    s6, a0, -1759
core   0: 0 0x80003b62 (0x92152b13) x22 0x00000000
core   0: 0x80003b66 (0x0ff0000f) fence   iorw,iorw
core   0: 0 0x80003b66 (0x0ff0000f)
core   0: 0x80003b6a (0x02c092b3) mulh    t0, ra, a2
core   0: 0 0x80003b6a (0x02c092b3) x5  0xffffffff
core   0: 0x80003b6e (0x000041dd) c.li    gp, 23
core   0: 0 0x80003b6e (0x41dd) x3  0x00000017
core   0: 0x80003b70 (0x00937633) and     a2, t1, s1
core   0: 0 0x80003b70 (0x00937633) x12 0xfffffbb5
core   0: 0x80003b74 (0x41905213) srai    tp, zero, 25
core   0: 0 0x80003b74 (0x41905213) x4  0x00000000
core   0: 0x80003b78 (0x000099fd) c.andi  a1, -1
core   0: 0 0x80003b78 (0x99fd) x11 0xfffffff9
core   0: 0x80003b7a (0xb8f0ae37) lui     t3, 0xb8f0a
core   0: 0 0x80003b7a (0xb8f0ae37) x28 0xb8f0a000
core   0: 0x80003b7e (0x00000d69) c.addi  s10, 26
core   0: 0 0x80003b7e (0x0d69) x26 0x0000001a
core   0: 0x80003b80 (0x6d81a193) slti    gp, gp, 1752
core   0: 0 0x80003b80 (0x6d81a193) x3  0x00000001
core   0: 0x80003b84 (0x03638663) beq     t2, s6, pc + 44
core   0: 0 0x80003b84 (0x03638663)
core   0: 0x80003b88 (0x00009b7d) c.andi  a4, -1
core   0: 0 0x80003b88 (0x9b7d) x14 0x00000000
core   0: 0x80003b8a (0x00008e71) c.and   a2, a2
core   0: 0 0x80003b8a (0x8e71) x12 0xfffffbb5
core   0: 0x80003b8c (0x00628633) add     a2, t0, t1
core   0: 0 0x80003b8c (0x00628633) x12 0xfffffffe
core   0: 0x80003b90 (0x00000001) c.nop
core   0: 0 0x80003b90 (0x0001)
core   0: 0x80003b92 (0x00cf9033) sll     zero, t6, a2
core   0: 0 0x80003b92 (0x00cf9033)
core   0: 0x80003b96 (0x00008ea9) c.xor   a3, a0
core   0: 0 0x80003b96 (0x8ea9) x13 0x00000000
core   0: 0x80003b98 (0x0000966e) c.add   a2, s11
core   0: 0 0x80003b98 (0x966e) x12 0x00003ffe
core   0: 0x80003b9a (0x0312fe33) remu    t3, t0, a7
core   0: 0 0x80003b9a (0x0312fe33) x28 0xffffffff
core   0: 0x80003b9e (0x02c14033) div     zero, sp, a2
core   0: 0 0x80003b9e (0x02c14033)
core   0: 0x80003ba2 (0x00000001) c.nop
core   0: 0 0x80003ba2 (0x0001)
core   0: 0x80003ba4 (0x0000100f) fence.i
core   0: 0 0x80003ba4 (0x0000100f)
core   0: 0x80003ba8 (0x00000dee) c.slli  s11, 27
core   0: 0 0x80003ba8 (0x0dee) x27 0x00000000
core   0: 0x80003baa (0x027a5d63) bge     s4, t2, pc + 58
core   0: 0 0x80003baa (0x027a5d63)
core   0: 0x80003bae (0x00008cfd) c.and   s1, a5
core   0: 0 0x80003bae (0x8cfd) x9  0x800288a4
core   0: 0x80003bb0 (0x0000875e) c.mv    a4, s7
core   0: 0 0x80003bb0 (0x875e) x14 0x0000000d
core   0: 0x80003bb2 (0x03f6a3b3) mulhsu  t2, a3, t6
core   0: 0 0x80003bb2 (0x03f6a3b3) x7  0x00000000
core   0: 0x80003bb6 (0x03f869b3) rem     s3, a6, t6
core   0: 0 0x80003bb6 (0x03f869b3) x19 0x00000000
core   0: 0x80003bba (0x0000100f) fence.i
core   0: 0 0x80003bba (0x0000100f)
core   0: 0x80003bbe (0x021dfe33) remu    t3, s11, ra
core   0: 0 0x80003bbe (0x021dfe33) x28 0x00000000
core   0: 0x80003bc2 (0x00008751) c.srai  a4, 20
core   0: 0 0x80003bc2 (0x8751) x14 0x00000000
core   0: 0x80003bc4 (0x00008ebd) c.xor   a3, a5
core   0: 0 0x80003bc4 (0x8ebd) x13 0x80028ce4
core   0: 0x80003bc6 (0x41bbdfb3) sra     t6, s7, s11
core   0: 0 0x80003bc6 (0x41bbdfb3) x31 0x0000000d
core   0: 0x80003bca (0x02a68733) mul     a4, a3, a0
core   0: 0 0x80003bca (0x02a68733) x14 0x00000000
core   0: 0x80003bce (0x2fc9b293) sltiu   t0, s3, 764
core   0: 0 0x80003bce (0x2fc9b293) x5  0x00000001
core   0: 0x80003bd2 (0x1e572713) slti    a4, a4, 485
core   0: 0 0x80003bd2 (0x1e572713) x14 0x00000001
core   0: 0x80003bd6 (0x00de45b3) xor     a1, t3, a3
core   0: 0 0x80003bd6 (0x00de45b3) x11 0x80028ce4
core   0: 0x80003bda (0x00006311) c.lui   t1, 0x4
core   0: 0 0x80003bda (0x6311) x6  0x00004000
core   0: 0x80003bdc (0x40e28833) sub     a6, t0, a4
core   0: 0 0x80003bdc (0x40e28833) x16 0x00000000
core   0: 0x80003be0 (0x0308ed33) rem     s10, a7, a6
core   0: 0 0x80003be0 (0x0308ed33) x26 0x00000000
core   0: 0x80003be4 (0x00008c85) c.sub   s1, s1
core   0: 0 0x80003be4 (0x8c85) x9  0x00000000
core   0: 0x80003be6 (0x00505313) srli    t1, zero, 5
core   0: 0 0x80003be6 (0x00505313) x6  0x00000000
core   0: 0x80003bea (0x0000e211) c.bnez  a2, pc + 4
core   0: 0 0x80003bea (0xe211)
core   0: 0x80003bee (0x010ba333) slt     t1, s7, a6
core   0: 0 0x80003bee (0x010ba333) x6  0x00000000
core   0: 0x80003bf2 (0x0ff0000f) fence   iorw,iorw
core   0: 0 0x80003bf2 (0x0ff0000f)
core   0: 0x80003bf6 (0x01f64463) blt     a2, t6, pc + 8
core   0: 0 0x80003bf6 (0x01f64463)
core   0: 0x80003bfa (0x03730b63) beq     t1, s7, pc + 54
core   0: 0 0x80003bfa (0x03730b63)
core   0: 0x80003bfe (0x4f17b013) sltiu   zero, a5, 1265
core   0: 0 0x80003bfe (0x4f17b013)
core   0: 0x80003c02 (0x0ff0000f) fence   iorw,iorw
core   0: 0 0x80003c02 (0x0ff0000f)
core   0: 0x80003c06 (0x01f29f13) slli    t5, t0, 31
core   0: 0 0x80003c06 (0x01f29f13) x30 0x80000000
core   0: 0x80003c0a (0x003b7533) and     a0, s6, gp
core   0: 0 0x80003c0a (0x003b7533) x10 0x00000000
core   0: 0x80003c0e (0x000066ad) c.lui   a3, 0xb
core   0: 0 0x80003c0e (0x66ad) x13 0x0000b000
core   0: 0x80003c10 (0x006de0b3) or      ra, s11, t1
core   0: 0 0x80003c10 (0x006de0b3) x1  0x00000000
core   0: 0x80003c14 (0x00495c33) srl     s8, s2, tp
core   0: 0 0x80003c14 (0x00495c33) x24 0xffffffff
core   0: 0x80003c18 (0x024f86b3) mul     a3, t6, tp
core   0: 0 0x80003c18 (0x024f86b3) x13 0x00000000
core   0: 0x80003c1c (0xb4b6a413) slti    s0, a3, -1205
core   0: 0 0x80003c1c (0xb4b6a413) x8  0x00000000
core   0: 0x80003c20 (0x03b186b3) mul     a3, gp, s11
core   0: 0 0x80003c20 (0x03b186b3) x13 0x00000000
core   0: 0x80003c24 (0x400b5b33) sra     s6, s6, zero
core   0: 0 0x80003c24 (0x400b5b33) x22 0x00000000
core   0: 0x80003c28 (0x01056fb3) or      t6, a0, a6
core   0: 0 0x80003c28 (0x01056fb3) x31 0x00000000
core   0: 0x80003c2c (0xbae52b13) slti    s6, a0, -1106
core   0: 0 0x80003c2c (0xbae52b13) x22 0x00000000
core   0: 0x80003c30 (0x00008c1e) c.mv    s8, t2
core   0: 0 0x80003c30 (0x8c1e) x24 0x00000000
core   0: 0x80003c32 (0xf96df193) andi    gp, s11, -106
core   0: 0 0x80003c32 (0xf96df193) x3  0x00000000
core   0: 0x80003c36 (0x00db0db3) add     s11, s6, a3
core   0: 0 0x80003c36 (0x00db0db3) x27 0x00000000
core   0: 0x80003c3a (0x02cc0263) beq     s8, a2, pc + 36
core   0: 0 0x80003c3a (0x02cc0263)
core   0: 0x80003c3e (0x00008e0d) c.sub   a2, a1
core   0: 0 0x80003c3e (0x8e0d) x12 0x7ffdb31a
core   0: 0x80003c40 (0x0000e889) c.bnez  s1, pc + 18
core   0: 0 0x80003c40 (0xe889)
core   0: 0x80003c42 (0x00654cb3) xor     s9, a0, t1
core   0: 0 0x80003c42 (0x00654cb3) x25 0x00000000
core   0: 0x80003c46 (0x40badc93) srai    s9, s5, 11
core   0: 0 0x80003c46 (0x40badc93) x25 0x00000000
core   0: 0x80003c4a (0x0f9c4313) xori    t1, s8, 249
core   0: 0 0x80003c4a (0x0f9c4313) x6  0x000000f9
core   0: 0x80003c4e (0x035d8913) addi    s2, s11, 53
core   0: 0 0x80003c4e (0x035d8913) x18 0x00000035
core   0: 0x80003c52 (0x00008cb6) c.mv    s9, a3
core   0: 0 0x80003c52 (0x8cb6) x25 0x00000000
core   0: 0x80003c54 (0x92d57013) andi    zero, a0, -1747
core   0: 0 0x80003c54 (0x92d57013)
core   0: 0x80003c58 (0x02a91533) mulh    a0, s2, a0
core   0: 0 0x80003c58 (0x02a91533) x10 0x00000000
core   0: 0x80003c5c (0x000005c6) c.slli  a1, 17
core   0: 0 0x80003c5c (0x05c6) x11 0x19c80000
core   0: 0x80003c5e (0x405ed813) srai    a6, t4, 5
core   0: 0 0x80003c5e (0x405ed813) x16 0x00000200
core   0: 0x80003c62 (0x01722833) slt     a6, tp, s7
core   0: 0 0x80003c62 (0x01722833) x16 0x00000001
core   0: 0x80003c66 (0x0000047e) c.slli  s0, 31
core   0: 0 0x80003c66 (0x047e) x8  0x00000000
core   0: 0x80003c68 (0x02dadf63) bge     s5, a3, pc + 62
core   0: 0 0x80003c68 (0x02dadf63)
core   0: 0x80003ca6 (0x00f4f663) bgeu    s1, a5, pc + 12
core   0: 0 0x80003ca6 (0x00f4f663)
core   0: 0x80003caa (0x02c05d63) bge     zero, a2, pc + 58
core   0: 0 0x80003caa (0x02c05d63)
core   0: 0x80003cae (0x00159b33) sll     s6, a1, ra
core   0: 0 0x80003cae (0x00159b33) x22 0x19c80000
core   0: 0x80003cb2 (0x0139d493) srli    s1, s3, 19
core   0: 0 0x80003cb2 (0x0139d493) x9  0x00000000
core   0: 0x80003cb6 (0x01434e63) blt     t1, s4, pc + 28
core   0: 0 0x80003cb6 (0x01434e63)
core   0: 0x80003cba (0x000c6db3) or      s11, s8, zero
core   0: 0 0x80003cba (0x000c6db3) x27 0x00000000
core   0: 0x80003cbe (0x017bcc33) xor     s8, s7, s7
core   0: 0 0x80003cbe (0x017bcc33) x24 0x00000000
core   0: 0x80003cc2 (0x00008d95) c.sub   a1, a3
core   0: 0 0x80003cc2 (0x8d95) x11 0x19c80000
core   0: 0x80003cc4 (0x39cbad93) slti    s11, s7, 924
core   0: 0 0x80003cc4 (0x39cbad93) x27 0x00000001
core   0: 0x80003cc8 (0x00000001) c.nop
core   0: 0 0x80003cc8 (0x0001)
core   0: 0x80003cca (0x03235eb3) divu    t4, t1, s2
core   0: 0 0x80003cca (0x03235eb3) x29 0x00000004
core   0: 0x80003cce (0x03a76733) rem     a4, a4, s10
core   0: 0 0x80003cce (0x03a76733) x14 0x00000001
core   0: 0x80003cd2 (0x0000ce19) c.beqz  a2, pc + 30
core   0: 0 0x80003cd2 (0xce19)
core   0: 0x80003cd4 (0x00ec11b3) sll     gp, s8, a4
core   0: 0 0x80003cd4 (0x00ec11b3) x3  0x00000000
core   0: 0x80003cd8 (0x99ccf197) auipc   gp, 0x99ccf
core   0: 0 0x80003cd8 (0x99ccf197) x3  0x19cd2cd8
core   0: 0x80003cdc (0x02d12b33) mulhsu  s6, sp, a3
core   0: 0 0x80003cdc (0x02d12b33) x22 0x00000000
core   0: 0x80003ce0 (0x00ea2833) slt     a6, s4, a4
core   0: 0 0x80003ce0 (0x00ea2833) x16 0x00000001
core   0: 0x80003ce4 (0xe5887b13) andi    s6, a6, -424
core   0: 0 0x80003ce4 (0xe5887b13) x22 0x00000000
core   0: 0x80003ce8 (0x41bb8933) sub     s2, s7, s11
core   0: 0 0x80003ce8 (0x41bb8933) x18 0x0000000c
core   0: 0x80003cec (0x29fd4993) xori    s3, s10, 671
core   0: 0 0x80003cec (0x29fd4993) x19 0x0000029f
core   0: 0x80003cf0 (0x00708e33) add     t3, ra, t2
core   0: 0 0x80003cf0 (0x00708e33) x28 0x00000000
core   0: 0x80003cf4 (0x00000001) c.nop
core   0: 0 0x80003cf4 (0x0001)
core   0: 0x80003cf6 (0x010481b3) add     gp, s1, a6
core   0: 0 0x80003cf6 (0x010481b3) x3  0x00000001
core   0: 0x80003cfa (0x019284b3) add     s1, t0, s9
core   0: 0 0x80003cfa (0x019284b3) x9  0x00000001
core   0: 0x80003cfe (0x16e8ec97) auipc   s9, 0x16e8e
core   0: 0 0x80003cfe (0x16e8ec97) x25 0x96e91cfe
core   0: 0x80003d02 (0x01fc2233) slt     tp, s8, t6
core   0: 0 0x80003d02 (0x01fc2233) x4  0x00000000
core   0: 0x80003d06 (0x01525193) srli    gp, tp, 21
core   0: 0 0x80003d06 (0x01525193) x3  0x00000000
core   0: 0x80003d0a (0x0000100f) fence.i
core   0: 0 0x80003d0a (0x0000100f)
core   0: 0x80003d0e (0x00004a41) c.li    s4, 16
core   0: 0 0x80003d0e (0x4a41) x20 0x00000010
core   0: 0x80003d10 (0x034f9b63) bne     t6, s4, pc + 54
core   0: 0 0x80003d10 (0x034f9b63)
core   0: 0x80003d46 (0x000081d1) c.srli  a1, 20
core   0: 0 0x80003d46 (0x81d1) x11 0x0000019c
core   0: 0x80003d48 (0x000046a1) c.li    a3, 8
core   0: 0 0x80003d48 (0x46a1) x13 0x00000008
core   0: 0x80003d4a (0x00008445) c.srai  s0, 17
core   0: 0 0x80003d4a (0x8445) x8  0x00000000
core   0: 0x80003d4c (0x02b26eb3) rem     t4, tp, a1
core   0: 0 0x80003d4c (0x02b26eb3) x29 0x00000000
core   0: 0x80003d50 (0x00000001) c.nop
core   0: 0 0x80003d50 (0x0001)
core   0: 0x80003d52 (0x004ff933) and     s2, t6, tp
core   0: 0 0x80003d52 (0x004ff933) x18 0x00000000
core   0: 0x80003d56 (0x52d4c293) xori    t0, s1, 1325
core   0: 0 0x80003d56 (0x52d4c293) x5  0x0000052c
core   0: 0x80003d5a (0x7c822513) slti    a0, tp, 1992
core   0: 0 0x80003d5a (0x7c822513) x10 0x00000001
core   0: 0x80003d5e (0x8cdbef13) ori     t5, s7, -1843
core   0: 0 0x80003d5e (0x8cdbef13) x30 0xfffff8cd
core   0: 0x80003d62 (0x00006f25) c.lui   t5, 0x9
core   0: 0 0x80003d62 (0x6f25) x30 0x00009000
core   0: 0x80003d64 (0x01e11b93) slli    s7, sp, 30
core   0: 0 0x80003d64 (0x01e11b93) x23 0x00000000
core   0: 0x80003d68 (0x00008dd5) c.or    a1, a3
core   0: 0 0x80003d68 (0x8dd5) x11 0x0000019c
core   0: 0x80003d6a (0x000016f1) c.addi  a3, -4
core   0: 0 0x80003d6a (0x16f1) x13 0x00000004
core   0: 0x80003d6c (0x021f74b3) remu    s1, t5, ra
core   0: 0 0x80003d6c (0x021f74b3) x9  0x00009000
core   0: 0x80003d70 (0x01067833) and     a6, a2, a6
core   0: 0 0x80003d70 (0x01067833) x16 0x00000000
core   0: 0x80003d74 (0x002a1093) slli    ra, s4, 2
core   0: 0 0x80003d74 (0x002a1093) x1  0x00000040
core   0: 0x80003d78 (0x00001f7d) c.addi  t5, -1
core   0: 0 0x80003d78 (0x1f7d) x30 0x00008fff
core   0: 0x80003d7a (0x0000f6e5) c.bnez  a3, pc - 24
core   0: 0 0x80003d7a (0xf6e5)
core   0: 0x80003d62 (0x00006f25) c.lui   t5, 0x9
core   0: 0 0x80003d62 (0x6f25) x30 0x00009000
core   0: 0x80003d64 (0x01e11b93) slli    s7, sp, 30
core   0: 0 0x80003d64 (0x01e11b93) x23 0x00000000
core   0: 0x80003d68 (0x00008dd5) c.or    a1, a3
core   0: 0 0x80003d68 (0x8dd5) x11 0x0000019c
core   0: 0x80003d6a (0x000016f1) c.addi  a3, -4
core   0: 0 0x80003d6a (0x16f1) x13 0x00000000
core   0: 0x80003d6c (0x021f74b3) remu    s1, t5, ra
core   0: 0 0x80003d6c (0x021f74b3) x9  0x00000000
core   0: 0x80003d70 (0x01067833) and     a6, a2, a6
core   0: 0 0x80003d70 (0x01067833) x16 0x00000000
core   0: 0x80003d74 (0x002a1093) slli    ra, s4, 2
core   0: 0 0x80003d74 (0x002a1093) x1  0x00000040
core   0: 0x80003d78 (0x00001f7d) c.addi  t5, -1
core   0: 0 0x80003d78 (0x1f7d) x30 0x00008fff
core   0: 0x80003d7a (0x0000f6e5) c.bnez  a3, pc - 24
core   0: 0 0x80003d7a (0xf6e5)
core   0: 0x80003d7c (0x01639613) slli    a2, t2, 22
core   0: 0 0x80003d7c (0x01639613) x12 0x00000000
core   0: 0x80003d80 (0x01b0d393) srli    t2, ra, 27
core   0: 0 0x80003d80 (0x01b0d393) x7  0x00000000
core   0: 0x80003d84 (0xf163df17) auipc   t5, 0xf163d
core   0: 0 0x80003d84 (0xf163df17) x30 0x71640d84
core   0: 0x80003d88 (0x01674db3) xor     s11, a4, s6
core   0: 0 0x80003d88 (0x01674db3) x27 0x00000001
core   0: 0x80003d8c (0x00008f05) c.sub   a4, s1
core   0: 0 0x80003d8c (0x8f05) x14 0x00000001
core   0: 0x80003d8e (0x05b3c063) blt     t2, s11, pc + 64
core   0: 0 0x80003d8e (0x05b3c063)
core   0: 0x80003dce (0x00006a3d) c.lui   s4, 0xf
core   0: 0 0x80003dce (0x6a3d) x20 0x0000f000
core   0: 0x80003dd0 (0x02543a33) mulhu   s4, s0, t0
core   0: 0 0x80003dd0 (0x02543a33) x20 0x00000000
core   0: 0x80003dd4 (0x00f18033) add     zero, gp, a5
core   0: 0 0x80003dd4 (0x00f18033)
core   0: 0x80003dd8 (0x013d1d33) sll     s10, s10, s3
core   0: 0 0x80003dd8 (0x013d1d33) x26 0x00000000
core   0: 0x80003ddc (0x00000001) c.nop
core   0: 0 0x80003ddc (0x0001)
core   0: 0x80003dde (0x4f114193) xori    gp, sp, 1265
core   0: 0 0x80003dde (0x4f114193) x3  0x80024add
core   0: 0x80003de2 (0x0000c909) c.beqz  a0, pc + 18
core   0: 0 0x80003de2 (0xc909)
core   0: 0x80003de4 (0x00000001) c.nop
core   0: 0 0x80003de4 (0x0001)
core   0: 0x80003de6 (0x00008731) c.srai  a4, 12
core   0: 0 0x80003de6 (0x8731) x14 0x00000000
core   0: 0x80003de8 (0x0000845d) c.srai  s0, 23
core   0: 0 0x80003de8 (0x845d) x8  0x00000000
core   0: 0x80003dea (0x2507b813) sltiu   a6, a5, 592
core   0: 0 0x80003dea (0x2507b813) x16 0x00000000
core   0: 0x80003dee (0x00008989) c.andi  a1, 2
core   0: 0 0x80003dee (0x8989) x11 0x00000000
core   0: 0x80003df0 (0x01a58d63) beq     a1, s10, pc + 26
core   0: 0 0x80003df0 (0x01a58d63)
core   0: 0x80003e0a (0x03b1e663) bltu    gp, s11, pc + 44
core   0: 0 0x80003e0a (0x03b1e663)
core   0: 0x80003e0e (0x0000c205) c.beqz  a2, pc + 32
core   0: 0 0x80003e0e (0xc205)
core   0: 0x80003e2e (0x00b14e63) blt     sp, a1, pc + 28
core   0: 0 0x80003e2e (0x00b14e63)
core   0: 0x80003e4a (0x031e1cb3) mulh    s9, t3, a7
core   0: 0 0x80003e4a (0x031e1cb3) x25 0x00000000
core   0: 0x80003e4e (0x02a35db3) divu    s11, t1, a0
core   0: 0 0x80003e4e (0x02a35db3) x27 0x000000f9
core   0: 0x80003e52 (0x00cb0a33) add     s4, s6, a2
core   0: 0 0x80003e52 (0x00cb0a33) x20 0x00000000
core   0: 0x80003e56 (0x00885433) srl     s0, a6, s0
core   0: 0 0x80003e56 (0x00885433) x8  0x00000000
core   0: 0x80003e5a (0x00008c79) c.and   s0, a4
core   0: 0 0x80003e5a (0x8c79) x8  0x00000000
core   0: 0x80003e5c (0x00008d45) c.or    a0, s1
core   0: 0 0x80003e5c (0x8d45) x10 0x00000001
core   0: 0x80003e5e (0xf4c93a13) sltiu   s4, s2, -180
core   0: 0 0x80003e5e (0xf4c93a13) x20 0x00000001
core   0: 0x80003e62 (0x408c0933) sub     s2, s8, s0
core   0: 0 0x80003e62 (0x408c0933) x18 0x00000000
core   0: 0x80003e66 (0x0ff0000f) fence   iorw,iorw
core   0: 0 0x80003e66 (0x0ff0000f)
core   0: 0x80003e6a (0x00c8e533) or      a0, a7, a2
core   0: 0 0x80003e6a (0x00c8e533) x10 0x00000000
core   0: 0x80003e6e (0x012f86b3) add     a3, t6, s2
core   0: 0 0x80003e6e (0x012f86b3) x13 0x00000000
core   0: 0x80003e72 (0x02489363) bne     a7, tp, pc + 38
core   0: 0 0x80003e72 (0x02489363)
core   0: 0x80003e76 (0x02063db3) mulhu   s11, a2, zero
core   0: 0 0x80003e76 (0x02063db3) x27 0x00000000
core   0: 0x80003e7a (0x00008446) c.mv    s0, a7
core   0: 0 0x80003e7a (0x8446) x8  0x00000000
core   0: 0x80003e7c (0x01b4e033) or      zero, s1, s11
core   0: 0 0x80003e7c (0x01b4e033)
core   0: 0x80003e80 (0x0337f433) remu    s0, a5, s3
core   0: 0 0x80003e80 (0x0337f433) x8  0x00000223
core   0: 0x80003e84 (0x013bec33) or      s8, s7, s3
core   0: 0 0x80003e84 (0x013bec33) x24 0x0000029f
core   0: 0x80003e88 (0x00000001) c.nop
core   0: 0 0x80003e88 (0x0001)
core   0: 0x80003e8a (0x00008c09) c.sub   s0, a0
core   0: 0 0x80003e8a (0x8c09) x8  0x00000223
core   0: 0x80003e8c (0x00008a6e) c.mv    s4, s11
core   0: 0 0x80003e8c (0x8a6e) x20 0x00000000
core   0: 0x80003e8e (0x82e53613) sltiu   a2, a0, -2002
core   0: 0 0x80003e8e (0x82e53613) x12 0x00000001
core   0: 0x80003e92 (0x00008689) c.srai  a3, 2
core   0: 0 0x80003e92 (0x8689) x13 0x00000000
core   0: 0x80003e94 (0x01c24d33) xor     s10, tp, t3
core   0: 0 0x80003e94 (0x01c24d33) x26 0x00000000
core   0: 0x80003e98 (0x00006275) c.lui   tp, 0x1d
core   0: 0 0x80003e98 (0x6275) x4  0x0001d000
core   0: 0x80003e9a (0x020d06b3) mul     a3, s10, zero
core   0: 0 0x80003e9a (0x020d06b3) x13 0x00000000
core   0: 0x80003e9e (0x0326eeb3) rem     t4, a3, s2
core   0: 0 0x80003e9e (0x0326eeb3) x29 0x00000000
core   0: 0x80003ea2 (0x035d2b33) mulhsu  s6, s10, s5
core   0: 0 0x80003ea2 (0x035d2b33) x22 0x00000000
core   0: 0x80003ea6 (0x0000100f) fence.i
core   0: 0 0x80003ea6 (0x0000100f)
core   0: 0x80003eaa (0xa5f6e617) auipc   a2, 0xa5f6e
core   0: 0 0x80003eaa (0xa5f6e617) x12 0x25f71eaa
core   0: 0x80003eae (0x021fe563) bltu    t6, ra, pc + 42
core   0: 0 0x80003eae (0x021fe563)
core   0: 0x80003ed8 (0x39873293) sltiu   t0, a4, 920
core   0: 0 0x80003ed8 (0x39873293) x5  0x00000001
core   0: 0x80003edc (0xeacfb613) sltiu   a2, t6, -340
core   0: 0 0x80003edc (0xeacfb613) x12 0x00000001
core   0: 0x80003ee0 (0x000095e6) c.add   a1, s9
core   0: 0 0x80003ee0 (0x95e6) x11 0x00000000
core   0: 0x80003ee2 (0x024be663) bltu    s7, tp, pc + 44
core   0: 0 0x80003ee2 (0x024be663)
core   0: 0x80003f0e (0x40000bb3) sub     s7, zero, zero
core   0: 0 0x80003f0e (0x40000bb3) x23 0x00000000
core   0: 0x80003f12 (0xb44a2513) slti    a0, s4, -1212
core   0: 0 0x80003f12 (0xb44a2513) x10 0x00000000
core   0: 0x80003f16 (0x000080b5) c.srli  s1, 13
core   0: 0 0x80003f16 (0x80b5) x9  0x00000000
core   0: 0x80003f18 (0x5c0d3e93) sltiu   t4, s10, 1472
core   0: 0 0x80003f18 (0x5c0d3e93) x29 0x00000001
core   0: 0x80003f1c (0xd5ab8493) addi    s1, s7, -678
core   0: 0 0x80003f1c (0xd5ab8493) x9  0xfffffd5a
core   0: 0x80003f20 (0x30467513) andi    a0, a2, 772
core   0: 0 0x80003f20 (0x30467513) x10 0x00000000
core   0: 0x80003f24 (0x0ff0000f) fence   iorw,iorw
core   0: 0 0x80003f24 (0x0ff0000f)
core   0: 0x80003f28 (0x00005df9) c.li    s11, -2
core   0: 0 0x80003f28 (0x5df9) x27 0xfffffffe
core   0: 0x80003f2a (0x03bb0b33) mul     s6, s6, s11
core   0: 0 0x80003f2a (0x03bb0b33) x22 0x00000000
core   0: 0x80003f2e (0x00d1a9b3) slt     s3, gp, a3
core   0: 0 0x80003f2e (0x00d1a9b3) x19 0x00000001
core   0: 0x80003f32 (0x40d0d513) srai    a0, ra, 13
core   0: 0 0x80003f32 (0x40d0d513) x10 0x00000000
core   0: 0x80003f36 (0x02618033) mul     zero, gp, t1
core   0: 0 0x80003f36 (0x02618033)
core   0: 0x80003f3a (0x00000001) c.nop
core   0: 0 0x80003f3a (0x0001)
core   0: 0x80003f3c (0x00004e35) c.li    t3, 13
core   0: 0 0x80003f3c (0x4e35) x28 0x0000000d
core   0: 0x80003f3e (0x02415633) divu    a2, sp, tp
core   0: 0 0x80003f3e (0x02415633) x12 0x000046a0
core   0: 0x80003f42 (0x0000897e) c.mv    s2, t6
core   0: 0 0x80003f42 (0x897e) x18 0x00000000
core   0: 0x80003f44 (0x0c9b6017) auipc   zero, 0xc9b6
core   0: 0 0x80003f44 (0x0c9b6017)
core   0: 0x80003f48 (0x019264b3) or      s1, tp, s9
core   0: 0 0x80003f48 (0x019264b3) x9  0x0001d000
core   0: 0x80003f4c (0x971cc313) xori    t1, s9, -1679
core   0: 0 0x80003f4c (0x971cc313) x6  0xfffff971
core   0: 0x80003f50 (0x01905b33) srl     s6, zero, s9
core   0: 0 0x80003f50 (0x01905b33) x22 0x00000000
core   0: 0x80003f54 (0x00000d95) c.addi  s11, 5
core   0: 0 0x80003f54 (0x0d95) x27 0x00000003
core   0: 0x80003f56 (0x00005d6d) c.li    s10, -5
core   0: 0 0x80003f56 (0x5d6d) x26 0xfffffffb
core   0: 0x80003f58 (0xb1f36013) ori     zero, t1, -1249
core   0: 0 0x80003f58 (0xb1f36013)
core   0: 0x80003f5c (0x00005f35) c.li    t5, -19
core   0: 0 0x80003f5c (0x5f35) x30 0xffffffed
core   0: 0x80003f5e (0x4164dc93) srai    s9, s1, 22
core   0: 0 0x80003f5e (0x4164dc93) x25 0x00000000
core   0: 0x80003f62 (0x00008e55) c.or    a2, a3
core   0: 0 0x80003f62 (0x8e55) x12 0x000046a0
core   0: 0x80003f64 (0x00001d79) c.addi  s10, -2
core   0: 0 0x80003f64 (0x1d79) x26 0xfffffff9
core   0: 0x80003f66 (0x0000957e) c.add   a0, t6
core   0: 0 0x80003f66 (0x957e) x10 0x00000000
core   0: 0x80003f68 (0x01f060b3) or      ra, zero, t6
core   0: 0 0x80003f68 (0x01f060b3) x1  0x00000000
core   0: 0x80003f6c (0x00008ae9) c.andi  a3, 26
core   0: 0 0x80003f6c (0x8ae9) x13 0x00000000
core   0: 0x80003f6e (0xffed1ae3) bne     s10, t5, pc - 12
core   0: 0 0x80003f6e (0xffed1ae3)
core   0: 0x80003f62 (0x00008e55) c.or    a2, a3
core   0: 0 0x80003f62 (0x8e55) x12 0x000046a0
core   0: 0x80003f64 (0x00001d79) c.addi  s10, -2
core   0: 0 0x80003f64 (0x1d79) x26 0xfffffff7
core   0: 0x80003f66 (0x0000957e) c.add   a0, t6
core   0: 0 0x80003f66 (0x957e) x10 0x00000000
core   0: 0x80003f68 (0x01f060b3) or      ra, zero, t6
core   0: 0 0x80003f68 (0x01f060b3) x1  0x00000000
core   0: 0x80003f6c (0x00008ae9) c.andi  a3, 26
core   0: 0 0x80003f6c (0x8ae9) x13 0x00000000
core   0: 0x80003f6e (0xffed1ae3) bne     s10, t5, pc - 12
core   0: 0 0x80003f6e (0xffed1ae3)
core   0: 0x80003f62 (0x00008e55) c.or    a2, a3
core   0: 0 0x80003f62 (0x8e55) x12 0x000046a0
core   0: 0x80003f64 (0x00001d79) c.addi  s10, -2
core   0: 0 0x80003f64 (0x1d79) x26 0xfffffff5
core   0: 0x80003f66 (0x0000957e) c.add   a0, t6
core   0: 0 0x80003f66 (0x957e) x10 0x00000000
core   0: 0x80003f68 (0x01f060b3) or      ra, zero, t6
core   0: 0 0x80003f68 (0x01f060b3) x1  0x00000000
core   0: 0x80003f6c (0x00008ae9) c.andi  a3, 26
core   0: 0 0x80003f6c (0x8ae9) x13 0x00000000
core   0: 0x80003f6e (0xffed1ae3) bne     s10, t5, pc - 12
core   0: 0 0x80003f6e (0xffed1ae3)
core   0: 0x80003f62 (0x00008e55) c.or    a2, a3
core   0: 0 0x80003f62 (0x8e55) x12 0x000046a0
core   0: 0x80003f64 (0x00001d79) c.addi  s10, -2
core   0: 0 0x80003f64 (0x1d79) x26 0xfffffff3
core   0: 0x80003f66 (0x0000957e) c.add   a0, t6
core   0: 0 0x80003f66 (0x957e) x10 0x00000000
core   0: 0x80003f68 (0x01f060b3) or      ra, zero, t6
core   0: 0 0x80003f68 (0x01f060b3) x1  0x00000000
core   0: 0x80003f6c (0x00008ae9) c.andi  a3, 26
core   0: 0 0x80003f6c (0x8ae9) x13 0x00000000
core   0: 0x80003f6e (0xffed1ae3) bne     s10, t5, pc - 12
core   0: 0 0x80003f6e (0xffed1ae3)
core   0: 0x80003f62 (0x00008e55) c.or    a2, a3
core   0: 0 0x80003f62 (0x8e55) x12 0x000046a0
core   0: 0x80003f64 (0x00001d79) c.addi  s10, -2
core   0: 0 0x80003f64 (0x1d79) x26 0xfffffff1
core   0: 0x80003f66 (0x0000957e) c.add   a0, t6
core   0: 0 0x80003f66 (0x957e) x10 0x00000000
core   0: 0x80003f68 (0x01f060b3) or      ra, zero, t6
core   0: 0 0x80003f68 (0x01f060b3) x1  0x00000000
core   0: 0x80003f6c (0x00008ae9) c.andi  a3, 26
core   0: 0 0x80003f6c (0x8ae9) x13 0x00000000
core   0: 0x80003f6e (0xffed1ae3) bne     s10, t5, pc - 12
core   0: 0 0x80003f6e (0xffed1ae3)
core   0: 0x80003f62 (0x00008e55) c.or    a2, a3
core   0: 0 0x80003f62 (0x8e55) x12 0x000046a0
core   0: 0x80003f64 (0x00001d79) c.addi  s10, -2
core   0: 0 0x80003f64 (0x1d79) x26 0xffffffef
core   0: 0x80003f66 (0x0000957e) c.add   a0, t6
core   0: 0 0x80003f66 (0x957e) x10 0x00000000
core   0: 0x80003f68 (0x01f060b3) or      ra, zero, t6
core   0: 0 0x80003f68 (0x01f060b3) x1  0x00000000
core   0: 0x80003f6c (0x00008ae9) c.andi  a3, 26
core   0: 0 0x80003f6c (0x8ae9) x13 0x00000000
core   0: 0x80003f6e (0xffed1ae3) bne     s10, t5, pc - 12
core   0: 0 0x80003f6e (0xffed1ae3)
core   0: 0x80003f62 (0x00008e55) c.or    a2, a3
core   0: 0 0x80003f62 (0x8e55) x12 0x000046a0
core   0: 0x80003f64 (0x00001d79) c.addi  s10, -2
core   0: 0 0x80003f64 (0x1d79) x26 0xffffffed
core   0: 0x80003f66 (0x0000957e) c.add   a0, t6
core   0: 0 0x80003f66 (0x957e) x10 0x00000000
core   0: 0x80003f68 (0x01f060b3) or      ra, zero, t6
core   0: 0 0x80003f68 (0x01f060b3) x1  0x00000000
core   0: 0x80003f6c (0x00008ae9) c.andi  a3, 26
core   0: 0 0x80003f6c (0x8ae9) x13 0x00000000
core   0: 0x80003f6e (0xffed1ae3) bne     s10, t5, pc - 12
core   0: 0 0x80003f6e (0xffed1ae3)
core   0: 0x80003f72 (0x03244c33) div     s8, s0, s2
core   0: 0 0x80003f72 (0x03244c33) x24 0xffffffff
core   0: 0x80003f76 (0x00006b11) c.lui   s6, 0x4
core   0: 0 0x80003f76 (0x6b11) x22 0x00004000
core   0: 0x80003f78 (0x00c6b933) sltu    s2, a3, a2
core   0: 0 0x80003f78 (0x00c6b933) x18 0x00000001
core   0: 0x80003f7c (0x025c90b3) mulh    ra, s9, t0
core   0: 0 0x80003f7c (0x025c90b3) x1  0x00000000
core   0: 0x80003f80 (0x0000933a) c.add   t1, a4
core   0: 0 0x80003f80 (0x933a) x6  0xfffff971
core   0: 0x80003f82 (0x02fec533) div     a0, t4, a5
core   0: 0 0x80003f82 (0x02fec533) x10 0x00000000
core   0: 0x80003f86 (0x00000bfe) c.slli  s7, 31
core   0: 0 0x80003f86 (0x0bfe) x23 0x00000000
core   0: 0x80003f88 (0x00000c7a) c.slli  s8, 30
core   0: 0 0x80003f88 (0x0c7a) x24 0xc0000000
core   0: 0x80003f8a (0xfdcd91e3) bne     s11, t3, pc - 62
core   0: 0 0x80003f8a (0xfdcd91e3)
core   0: 0x80003f4c (0x971cc313) xori    t1, s9, -1679
core   0: 0 0x80003f4c (0x971cc313) x6  0xfffff971
core   0: 0x80003f50 (0x01905b33) srl     s6, zero, s9
core   0: 0 0x80003f50 (0x01905b33) x22 0x00000000
core   0: 0x80003f54 (0x00000d95) c.addi  s11, 5
core   0: 0 0x80003f54 (0x0d95) x27 0x00000008
core   0: 0x80003f56 (0x00005d6d) c.li    s10, -5
core   0: 0 0x80003f56 (0x5d6d) x26 0xfffffffb
core   0: 0x80003f58 (0xb1f36013) ori     zero, t1, -1249
core   0: 0 0x80003f58 (0xb1f36013)
core   0: 0x80003f5c (0x00005f35) c.li    t5, -19
core   0: 0 0x80003f5c (0x5f35) x30 0xffffffed
core   0: 0x80003f5e (0x4164dc93) srai    s9, s1, 22
core   0: 0 0x80003f5e (0x4164dc93) x25 0x00000000
core   0: 0x80003f62 (0x00008e55) c.or    a2, a3
core   0: 0 0x80003f62 (0x8e55) x12 0x000046a0
core   0: 0x80003f64 (0x00001d79) c.addi  s10, -2
core   0: 0 0x80003f64 (0x1d79) x26 0xfffffff9
core   0: 0x80003f66 (0x0000957e) c.add   a0, t6
core   0: 0 0x80003f66 (0x957e) x10 0x00000000
core   0: 0x80003f68 (0x01f060b3) or      ra, zero, t6
core   0: 0 0x80003f68 (0x01f060b3) x1  0x00000000
core   0: 0x80003f6c (0x00008ae9) c.andi  a3, 26
core   0: 0 0x80003f6c (0x8ae9) x13 0x00000000
core   0: 0x80003f6e (0xffed1ae3) bne     s10, t5, pc - 12
core   0: 0 0x80003f6e (0xffed1ae3)
core   0: 0x80003f62 (0x00008e55) c.or    a2, a3
core   0: 0 0x80003f62 (0x8e55) x12 0x000046a0
core   0: 0x80003f64 (0x00001d79) c.addi  s10, -2
core   0: 0 0x80003f64 (0x1d79) x26 0xfffffff7
core   0: 0x80003f66 (0x0000957e) c.add   a0, t6
core   0: 0 0x80003f66 (0x957e) x10 0x00000000
core   0: 0x80003f68 (0x01f060b3) or      ra, zero, t6
core   0: 0 0x80003f68 (0x01f060b3) x1  0x00000000
core   0: 0x80003f6c (0x00008ae9) c.andi  a3, 26
core   0: 0 0x80003f6c (0x8ae9) x13 0x00000000
core   0: 0x80003f6e (0xffed1ae3) bne     s10, t5, pc - 12
core   0: 0 0x80003f6e (0xffed1ae3)
core   0: 0x80003f62 (0x00008e55) c.or    a2, a3
core   0: 0 0x80003f62 (0x8e55) x12 0x000046a0
core   0: 0x80003f64 (0x00001d79) c.addi  s10, -2
core   0: 0 0x80003f64 (0x1d79) x26 0xfffffff5
core   0: 0x80003f66 (0x0000957e) c.add   a0, t6
core   0: 0 0x80003f66 (0x957e) x10 0x00000000
core   0: 0x80003f68 (0x01f060b3) or      ra, zero, t6
core   0: 0 0x80003f68 (0x01f060b3) x1  0x00000000
core   0: 0x80003f6c (0x00008ae9) c.andi  a3, 26
core   0: 0 0x80003f6c (0x8ae9) x13 0x00000000
core   0: 0x80003f6e (0xffed1ae3) bne     s10, t5, pc - 12
core   0: 0 0x80003f6e (0xffed1ae3)
core   0: 0x80003f62 (0x00008e55) c.or    a2, a3
core   0: 0 0x80003f62 (0x8e55) x12 0x000046a0
core   0: 0x80003f64 (0x00001d79) c.addi  s10, -2
core   0: 0 0x80003f64 (0x1d79) x26 0xfffffff3
core   0: 0x80003f66 (0x0000957e) c.add   a0, t6
core   0: 0 0x80003f66 (0x957e) x10 0x00000000
core   0: 0x80003f68 (0x01f060b3) or      ra, zero, t6
core   0: 0 0x80003f68 (0x01f060b3) x1  0x00000000
core   0: 0x80003f6c (0x00008ae9) c.andi  a3, 26
core   0: 0 0x80003f6c (0x8ae9) x13 0x00000000
core   0: 0x80003f6e (0xffed1ae3) bne     s10, t5, pc - 12
core   0: 0 0x80003f6e (0xffed1ae3)
core   0: 0x80003f62 (0x00008e55) c.or    a2, a3
core   0: 0 0x80003f62 (0x8e55) x12 0x000046a0
core   0: 0x80003f64 (0x00001d79) c.addi  s10, -2
core   0: 0 0x80003f64 (0x1d79) x26 0xfffffff1
core   0: 0x80003f66 (0x0000957e) c.add   a0, t6
core   0: 0 0x80003f66 (0x957e) x10 0x00000000
core   0: 0x80003f68 (0x01f060b3) or      ra, zero, t6
core   0: 0 0x80003f68 (0x01f060b3) x1  0x00000000
core   0: 0x80003f6c (0x00008ae9) c.andi  a3, 26
core   0: 0 0x80003f6c (0x8ae9) x13 0x00000000
core   0: 0x80003f6e (0xffed1ae3) bne     s10, t5, pc - 12
core   0: 0 0x80003f6e (0xffed1ae3)
core   0: 0x80003f62 (0x00008e55) c.or    a2, a3
core   0: 0 0x80003f62 (0x8e55) x12 0x000046a0
core   0: 0x80003f64 (0x00001d79) c.addi  s10, -2
core   0: 0 0x80003f64 (0x1d79) x26 0xffffffef
core   0: 0x80003f66 (0x0000957e) c.add   a0, t6
core   0: 0 0x80003f66 (0x957e) x10 0x00000000
core   0: 0x80003f68 (0x01f060b3) or      ra, zero, t6
core   0: 0 0x80003f68 (0x01f060b3) x1  0x00000000
core   0: 0x80003f6c (0x00008ae9) c.andi  a3, 26
core   0: 0 0x80003f6c (0x8ae9) x13 0x00000000
core   0: 0x80003f6e (0xffed1ae3) bne     s10, t5, pc - 12
core   0: 0 0x80003f6e (0xffed1ae3)
core   0: 0x80003f62 (0x00008e55) c.or    a2, a3
core   0: 0 0x80003f62 (0x8e55) x12 0x000046a0
core   0: 0x80003f64 (0x00001d79) c.addi  s10, -2
core   0: 0 0x80003f64 (0x1d79) x26 0xffffffed
core   0: 0x80003f66 (0x0000957e) c.add   a0, t6
core   0: 0 0x80003f66 (0x957e) x10 0x00000000
core   0: 0x80003f68 (0x01f060b3) or      ra, zero, t6
core   0: 0 0x80003f68 (0x01f060b3) x1  0x00000000
core   0: 0x80003f6c (0x00008ae9) c.andi  a3, 26
core   0: 0 0x80003f6c (0x8ae9) x13 0x00000000
core   0: 0x80003f6e (0xffed1ae3) bne     s10, t5, pc - 12
core   0: 0 0x80003f6e (0xffed1ae3)
core   0: 0x80003f72 (0x03244c33) div     s8, s0, s2
core   0: 0 0x80003f72 (0x03244c33) x24 0x00000223
core   0: 0x80003f76 (0x00006b11) c.lui   s6, 0x4
core   0: 0 0x80003f76 (0x6b11) x22 0x00004000
core   0: 0x80003f78 (0x00c6b933) sltu    s2, a3, a2
core   0: 0 0x80003f78 (0x00c6b933) x18 0x00000001
core   0: 0x80003f7c (0x025c90b3) mulh    ra, s9, t0
core   0: 0 0x80003f7c (0x025c90b3) x1  0x00000000
core   0: 0x80003f80 (0x0000933a) c.add   t1, a4
core   0: 0 0x80003f80 (0x933a) x6  0xfffff971
core   0: 0x80003f82 (0x02fec533) div     a0, t4, a5
core   0: 0 0x80003f82 (0x02fec533) x10 0x00000000
core   0: 0x80003f86 (0x00000bfe) c.slli  s7, 31
core   0: 0 0x80003f86 (0x0bfe) x23 0x00000000
core   0: 0x80003f88 (0x00000c7a) c.slli  s8, 30
core   0: 0 0x80003f88 (0x0c7a) x24 0xc0000000
core   0: 0x80003f8a (0xfdcd91e3) bne     s11, t3, pc - 62
core   0: 0 0x80003f8a (0xfdcd91e3)
core   0: 0x80003f4c (0x971cc313) xori    t1, s9, -1679
core   0: 0 0x80003f4c (0x971cc313) x6  0xfffff971
core   0: 0x80003f50 (0x01905b33) srl     s6, zero, s9
core   0: 0 0x80003f50 (0x01905b33) x22 0x00000000
core   0: 0x80003f54 (0x00000d95) c.addi  s11, 5
core   0: 0 0x80003f54 (0x0d95) x27 0x0000000d
core   0: 0x80003f56 (0x00005d6d) c.li    s10, -5
core   0: 0 0x80003f56 (0x5d6d) x26 0xfffffffb
core   0: 0x80003f58 (0xb1f36013) ori     zero, t1, -1249
core   0: 0 0x80003f58 (0xb1f36013)
core   0: 0x80003f5c (0x00005f35) c.li    t5, -19
core   0: 0 0x80003f5c (0x5f35) x30 0xffffffed
core   0: 0x80003f5e (0x4164dc93) srai    s9, s1, 22
core   0: 0 0x80003f5e (0x4164dc93) x25 0x00000000
core   0: 0x80003f62 (0x00008e55) c.or    a2, a3
core   0: 0 0x80003f62 (0x8e55) x12 0x000046a0
core   0: 0x80003f64 (0x00001d79) c.addi  s10, -2
core   0: 0 0x80003f64 (0x1d79) x26 0xfffffff9
core   0: 0x80003f66 (0x0000957e) c.add   a0, t6
core   0: 0 0x80003f66 (0x957e) x10 0x00000000
core   0: 0x80003f68 (0x01f060b3) or      ra, zero, t6
core   0: 0 0x80003f68 (0x01f060b3) x1  0x00000000
core   0: 0x80003f6c (0x00008ae9) c.andi  a3, 26
core   0: 0 0x80003f6c (0x8ae9) x13 0x00000000
core   0: 0x80003f6e (0xffed1ae3) bne     s10, t5, pc - 12
core   0: 0 0x80003f6e (0xffed1ae3)
core   0: 0x80003f62 (0x00008e55) c.or    a2, a3
core   0: 0 0x80003f62 (0x8e55) x12 0x000046a0
core   0: 0x80003f64 (0x00001d79) c.addi  s10, -2
core   0: 0 0x80003f64 (0x1d79) x26 0xfffffff7
core   0: 0x80003f66 (0x0000957e) c.add   a0, t6
core   0: 0 0x80003f66 (0x957e) x10 0x00000000
core   0: 0x80003f68 (0x01f060b3) or      ra, zero, t6
core   0: 0 0x80003f68 (0x01f060b3) x1  0x00000000
core   0: 0x80003f6c (0x00008ae9) c.andi  a3, 26
core   0: 0 0x80003f6c (0x8ae9) x13 0x00000000
core   0: 0x80003f6e (0xffed1ae3) bne     s10, t5, pc - 12
core   0: 0 0x80003f6e (0xffed1ae3)
core   0: 0x80003f62 (0x00008e55) c.or    a2, a3
core   0: 0 0x80003f62 (0x8e55) x12 0x000046a0
core   0: 0x80003f64 (0x00001d79) c.addi  s10, -2
core   0: 0 0x80003f64 (0x1d79) x26 0xfffffff5
core   0: 0x80003f66 (0x0000957e) c.add   a0, t6
core   0: 0 0x80003f66 (0x957e) x10 0x00000000
core   0: 0x80003f68 (0x01f060b3) or      ra, zero, t6
core   0: 0 0x80003f68 (0x01f060b3) x1  0x00000000
core   0: 0x80003f6c (0x00008ae9) c.andi  a3, 26
core   0: 0 0x80003f6c (0x8ae9) x13 0x00000000
core   0: 0x80003f6e (0xffed1ae3) bne     s10, t5, pc - 12
core   0: 0 0x80003f6e (0xffed1ae3)
core   0: 0x80003f62 (0x00008e55) c.or    a2, a3
core   0: 0 0x80003f62 (0x8e55) x12 0x000046a0
core   0: 0x80003f64 (0x00001d79) c.addi  s10, -2
core   0: 0 0x80003f64 (0x1d79) x26 0xfffffff3
core   0: 0x80003f66 (0x0000957e) c.add   a0, t6
core   0: 0 0x80003f66 (0x957e) x10 0x00000000
core   0: 0x80003f68 (0x01f060b3) or      ra, zero, t6
core   0: 0 0x80003f68 (0x01f060b3) x1  0x00000000
core   0: 0x80003f6c (0x00008ae9) c.andi  a3, 26
core   0: 0 0x80003f6c (0x8ae9) x13 0x00000000
core   0: 0x80003f6e (0xffed1ae3) bne     s10, t5, pc - 12
core   0: 0 0x80003f6e (0xffed1ae3)
core   0: 0x80003f62 (0x00008e55) c.or    a2, a3
core   0: 0 0x80003f62 (0x8e55) x12 0x000046a0
core   0: 0x80003f64 (0x00001d79) c.addi  s10, -2
core   0: 0 0x80003f64 (0x1d79) x26 0xfffffff1
core   0: 0x80003f66 (0x0000957e) c.add   a0, t6
core   0: 0 0x80003f66 (0x957e) x10 0x00000000
core   0: 0x80003f68 (0x01f060b3) or      ra, zero, t6
core   0: 0 0x80003f68 (0x01f060b3) x1  0x00000000
core   0: 0x80003f6c (0x00008ae9) c.andi  a3, 26
core   0: 0 0x80003f6c (0x8ae9) x13 0x00000000
core   0: 0x80003f6e (0xffed1ae3) bne     s10, t5, pc - 12
core   0: 0 0x80003f6e (0xffed1ae3)
core   0: 0x80003f62 (0x00008e55) c.or    a2, a3
core   0: 0 0x80003f62 (0x8e55) x12 0x000046a0
core   0: 0x80003f64 (0x00001d79) c.addi  s10, -2
core   0: 0 0x80003f64 (0x1d79) x26 0xffffffef
core   0: 0x80003f66 (0x0000957e) c.add   a0, t6
core   0: 0 0x80003f66 (0x957e) x10 0x00000000
core   0: 0x80003f68 (0x01f060b3) or      ra, zero, t6
core   0: 0 0x80003f68 (0x01f060b3) x1  0x00000000
core   0: 0x80003f6c (0x00008ae9) c.andi  a3, 26
core   0: 0 0x80003f6c (0x8ae9) x13 0x00000000
core   0: 0x80003f6e (0xffed1ae3) bne     s10, t5, pc - 12
core   0: 0 0x80003f6e (0xffed1ae3)
core   0: 0x80003f62 (0x00008e55) c.or    a2, a3
core   0: 0 0x80003f62 (0x8e55) x12 0x000046a0
core   0: 0x80003f64 (0x00001d79) c.addi  s10, -2
core   0: 0 0x80003f64 (0x1d79) x26 0xffffffed
core   0: 0x80003f66 (0x0000957e) c.add   a0, t6
core   0: 0 0x80003f66 (0x957e) x10 0x00000000
core   0: 0x80003f68 (0x01f060b3) or      ra, zero, t6
core   0: 0 0x80003f68 (0x01f060b3) x1  0x00000000
core   0: 0x80003f6c (0x00008ae9) c.andi  a3, 26
core   0: 0 0x80003f6c (0x8ae9) x13 0x00000000
core   0: 0x80003f6e (0xffed1ae3) bne     s10, t5, pc - 12
core   0: 0 0x80003f6e (0xffed1ae3)
core   0: 0x80003f72 (0x03244c33) div     s8, s0, s2
core   0: 0 0x80003f72 (0x03244c33) x24 0x00000223
core   0: 0x80003f76 (0x00006b11) c.lui   s6, 0x4
core   0: 0 0x80003f76 (0x6b11) x22 0x00004000
core   0: 0x80003f78 (0x00c6b933) sltu    s2, a3, a2
core   0: 0 0x80003f78 (0x00c6b933) x18 0x00000001
core   0: 0x80003f7c (0x025c90b3) mulh    ra, s9, t0
core   0: 0 0x80003f7c (0x025c90b3) x1  0x00000000
core   0: 0x80003f80 (0x0000933a) c.add   t1, a4
core   0: 0 0x80003f80 (0x933a) x6  0xfffff971
core   0: 0x80003f82 (0x02fec533) div     a0, t4, a5
core   0: 0 0x80003f82 (0x02fec533) x10 0x00000000
core   0: 0x80003f86 (0x00000bfe) c.slli  s7, 31
core   0: 0 0x80003f86 (0x0bfe) x23 0x00000000
core   0: 0x80003f88 (0x00000c7a) c.slli  s8, 30
core   0: 0 0x80003f88 (0x0c7a) x24 0xc0000000
core   0: 0x80003f8a (0xfdcd91e3) bne     s11, t3, pc - 62
core   0: 0 0x80003f8a (0xfdcd91e3)
core   0: 0x80003f8e (0x02663a33) mulhu   s4, a2, t1
core   0: 0 0x80003f8e (0x02663a33) x20 0x0000469f
core   0: 0x80003f92 (0x03933c33) mulhu   s8, t1, s9
core   0: 0 0x80003f92 (0x03933c33) x24 0x00000000
core   0: 0x80003f96 (0x00008011) c.srli  s0, 4
core   0: 0 0x80003f96 (0x8011) x8  0x00000022
core   0: 0x80003f98 (0x013e6563) bltu    t3, s3, pc + 10
core   0: 0 0x80003f98 (0x013e6563)
core   0: 0x80003f9c (0x000081e9) c.srli  a1, 26
core   0: 0 0x80003f9c (0x81e9) x11 0x00000000
core   0: 0x80003f9e (0x03e4d933) divu    s2, s1, t5
core   0: 0 0x80003f9e (0x03e4d933) x18 0x00000000
core   0: 0x80003fa2 (0x0021ceb3) xor     t4, gp, sp
core   0: 0 0x80003fa2 (0x0021ceb3) x29 0x000004f1
core   0: 0x80003fa6 (0x4152df13) srai    t5, t0, 21
core   0: 0 0x80003fa6 (0x4152df13) x30 0x00000000
core   0: 0x80003faa (0x0ff0000f) fence   iorw,iorw
core   0: 0 0x80003faa (0x0ff0000f)
core   0: 0x80003fae (0x8b7dcd13) xori    s10, s11, -1865
core   0: 0 0x80003fae (0x8b7dcd13) x26 0xfffff8ba
core   0: 0x80003fb2 (0x05d31163) bne     t1, t4, pc + 66
core   0: 0 0x80003fb2 (0x05d31163)
core   0: 0x80003ff4 (0x0000100f) fence.i
core   0: 0 0x80003ff4 (0x0000100f)
core   0: 0x80003ff8 (0x03370eb3) mul     t4, a4, s3
core   0: 0 0x80003ff8 (0x03370eb3) x29 0x00000000
core   0: 0x80003ffc (0xa3533093) sltiu   ra, t1, -1483
core   0: 0 0x80003ffc (0xa3533093) x1  0x00000001
core   0: 0x80004000 (0x00008ad1) c.andi  a3, 20
core   0: 0 0x80004000 (0x8ad1) x13 0x00000000
core   0: 0x80004002 (0x00282733) slt     a4, a6, sp
core   0: 0 0x80004002 (0x00282733) x14 0x00000000
core   0: 0x80004006 (0x01018b63) beq     gp, a6, pc + 22
core   0: 0 0x80004006 (0x01018b63)
core   0: 0x8000400a (0x00000e7e) c.slli  t3, 31
core   0: 0 0x8000400a (0x0e7e) x28 0x80000000
core   0: 0x8000400c (0x000081d9) c.srli  a1, 22
core   0: 0 0x8000400c (0x81d9) x11 0x00000000
core   0: 0x8000400e (0x03957a33) remu    s4, a0, s9
core   0: 0 0x8000400e (0x03957a33) x20 0x00000000
core   0: 0x80004012 (0x00000dad) c.addi  s11, 11
core   0: 0 0x80004012 (0x0dad) x27 0x00000018
core   0: 0x80004014 (0x00179533) sll     a0, a5, ra
core   0: 0 0x80004014 (0x00179533) x10 0x000519c8
core   0: 0x80004018 (0x005a88b3) add     a7, s5, t0
core   0: 0 0x80004018 (0x005a88b3) x17 0x0000000a
core   0: 0x8000401c (0x62280613) addi    a2, a6, 1570
core   0: 0 0x8000401c (0x62280613) x12 0x00000622
core   0: 0x80004020 (0x000098f6) c.add   a7, t4
core   0: 0 0x80004020 (0x98f6) x17 0x0000000a
core   0: 0x80004022 (0x0000cc01) c.beqz  s0, pc + 24
core   0: 0 0x80004022 (0xcc01)
core   0: 0x80004024 (0x9d554417) auipc   s0, 0x9d554
core   0: 0 0x80004024 (0x9d554417) x8  0x1d558024
core   0: 0x80004028 (0x0289efb3) rem     t6, s3, s0
core   0: 0 0x80004028 (0x0289efb3) x31 0x00000001
core   0: 0x8000402c (0x41acd8b3) sra     a7, s9, s10
core   0: 0 0x8000402c (0x41acd8b3) x17 0x00000000
core   0: 0x80004030 (0x000099fd) c.andi  a1, -1
core   0: 0 0x80004030 (0x99fd) x11 0x00000000
core   0: 0x80004032 (0x0008cb63) bltz    a7, pc + 22
core   0: 0 0x80004032 (0x0008cb63)
core   0: 0x80004036 (0x00009f22) c.add   t5, s0
core   0: 0 0x80004036 (0x9f22) x30 0x1d558024
core   0: 0x80004038 (0x00008c66) c.mv    s8, s9
core   0: 0 0x80004038 (0x8c66) x24 0x00000000
core   0: 0x8000403a (0x031a91b3) mulh    gp, s5, a7
core   0: 0 0x8000403a (0x031a91b3) x3  0x00000000
core   0: 0x8000403e (0x00000cc9) c.addi  s9, 18
core   0: 0 0x8000403e (0x0cc9) x25 0x00000012
core   0: 0x80004040 (0x00009bc6) c.add   s7, a7
core   0: 0 0x80004040 (0x9bc6) x23 0x00000000
core   0: 0x80004042 (0x00961f93) slli    t6, a2, 9
core   0: 0 0x80004042 (0x00961f93) x31 0x000c4400
core   0: 0x80004046 (0x0000683d) c.lui   a6, 0xf
core   0: 0 0x80004046 (0x683d) x16 0x0000f000
core   0: 0x80004048 (0x0000c70d) c.beqz  a4, pc + 42
core   0: 0 0x80004048 (0xc70d)
core   0: 0x80004072 (0x038ca0b3) mulhsu  ra, s9, s8
core   0: 0 0x80004072 (0x038ca0b3) x1  0x00000000
core   0: 0x80004076 (0x000005ce) c.slli  a1, 19
core   0: 0 0x80004076 (0x05ce) x11 0x00000000
core   0: 0x80004078 (0x41c98733) sub     a4, s3, t3
core   0: 0 0x80004078 (0x41c98733) x14 0x80000001
core   0: 0x8000407c (0x0622f737) lui     a4, 0x622f
core   0: 0 0x8000407c (0x0622f737) x14 0x0622f000
core   0: 0x80004080 (0x41ab5b13) srai    s6, s6, 26
core   0: 0 0x80004080 (0x41ab5b13) x22 0x00000000
core   0: 0x80004084 (0x0053d313) srli    t1, t2, 5
core   0: 0 0x80004084 (0x0053d313) x6  0x00000000
core   0: 0x80004088 (0x00665213) srli    tp, a2, 6
core   0: 0 0x80004088 (0x00665213) x4  0x00000018
core   0: 0x8000408c (0x00008c65) c.and   s0, s1
core   0: 0 0x8000408c (0x8c65) x8  0x00018000
core   0: 0x8000408e (0x00008f41) c.or    a4, s0
core   0: 0 0x8000408e (0x8f41) x14 0x0623f000
core   0: 0x80004090 (0x0000c49d) c.beqz  s1, pc + 46
core   0: 0 0x80004090 (0xc49d)
core   0: 0x80004092 (0x000081be) c.mv    gp, a5
core   0: 0 0x80004092 (0x81be) x3  0x80028ce4
core   0: 0x80004094 (0x00008b5d) c.andi  a4, 23
core   0: 0 0x80004094 (0x8b5d) x14 0x00000000
core   0: 0x80004096 (0x0332ecb3) rem     s9, t0, s3
core   0: 0 0x80004096 (0x0332ecb3) x25 0x00000000
core   0: 0x8000409a (0x778fba13) sltiu   s4, t6, 1912
core   0: 0 0x8000409a (0x778fba13) x20 0x00000000
core   0: 0x8000409e (0x011148b3) xor     a7, sp, a7
core   0: 0 0x8000409e (0x011148b3) x17 0x80024e2c
core   0: 0x800040a2 (0x00008db1) c.xor   a1, a2
core   0: 0 0x800040a2 (0x8db1) x11 0x00000622
core   0: 0x800040a4 (0x03930db3) mul     s11, t1, s9
core   0: 0 0x800040a4 (0x03930db3) x27 0x00000000
core   0: 0x800040a8 (0x000095be) c.add   a1, a5
core   0: 0 0x800040a8 (0x95be) x11 0x80029306
core   0: 0x800040aa (0x00008a71) c.andi  a2, 28
core   0: 0 0x800040aa (0x8a71) x12 0x00000000
core   0: 0x800040ac (0x00000d4a) c.slli  s10, 18
core   0: 0 0x800040ac (0x0d4a) x26 0xe2e80000
core   0: 0x800040ae (0x01b5fc63) bgeu    a1, s11, pc + 24
core   0: 0 0x800040ae (0x01b5fc63)
core   0: 0x800040c6 (0x00008f09) c.sub   a4, a0
core   0: 0 0x800040c6 (0x8f09) x14 0xfffae638
core   0: 0x800040c8 (0x40ac5313) srai    t1, s8, 10
core   0: 0 0x800040c8 (0x40ac5313) x6  0x00000000
core   0: 0x800040cc (0x00000001) c.nop
core   0: 0 0x800040cc (0x0001)
core   0: 0x800040ce (0xb53b4213) xori    tp, s6, -1197
core   0: 0 0x800040ce (0xb53b4213) x4  0xfffffb53
core   0: 0x800040d2 (0x418cdcb3) sra     s9, s9, s8
core   0: 0 0x800040d2 (0x418cdcb3) x25 0x00000000
core   0: 0x800040d6 (0x0206e163) bltu    a3, zero, pc + 34
core   0: 0 0x800040d6 (0x0206e163)
core   0: 0x800040da (0x00008e05) c.sub   a2, s1
core   0: 0 0x800040da (0x8e05) x12 0xfffe3000
core   0: 0x800040dc (0x0000100f) fence.i
core   0: 0 0x800040dc (0x0000100f)
core   0: 0x800040e0 (0x000008f6) c.slli  a7, 29
core   0: 0 0x800040e0 (0x08f6) x17 0x80000000
core   0: 0x800040e2 (0x40955333) sra     t1, a0, s1
core   0: 0 0x800040e2 (0x40955333) x6  0x000519c8
core   0: 0x800040e6 (0x41cd5cb3) sra     s9, s10, t3
core   0: 0 0x800040e6 (0x41cd5cb3) x25 0xe2e80000
core   0: 0x800040ea (0x000069cd) c.lui   s3, 0x13
core   0: 0 0x800040ea (0x69cd) x19 0x00013000
core   0: 0x800040ec (0x00000001) c.nop
core   0: 0 0x800040ec (0x0001)
core   0: 0x800040ee (0x00008cf1) c.and   s1, a2
core   0: 0 0x800040ee (0x8cf1) x9  0x00001000
core   0: 0x800040f0 (0x01b70033) add     zero, a4, s11
core   0: 0 0x800040f0 (0x01b70033)
core   0: 0x800040f4 (0x0273f433) remu    s0, t2, t2
core   0: 0 0x800040f4 (0x0273f433) x8  0x00000000
core   0: 0x800040f8 (0x0ff0000f) fence   iorw,iorw
core   0: 0 0x800040f8 (0x0ff0000f)
core   0: 0x800040fc (0x011a55b3) srl     a1, s4, a7
core   0: 0 0x800040fc (0x011a55b3) x11 0x00000000
core   0: 0x80004100 (0x00009d52) c.add   s10, s4
core   0: 0 0x80004100 (0x9d52) x26 0xe2e80000
core   0: 0x80004102 (0x402480b3) sub     ra, s1, sp
core   0: 0 0x80004102 (0x402480b3) x1  0x7ffdc1d4
core   0: 0x80004106 (0x024ec833) div     a6, t4, tp
core   0: 0 0x80004106 (0x024ec833) x16 0x00000000
core   0: 0x8000410a (0x0029e233) or      tp, s3, sp
core   0: 0 0x8000410a (0x0029e233) x4  0x80037e2c
core   0: 0x8000410e (0x0ff0000f) fence   iorw,iorw
core   0: 0 0x8000410e (0x0ff0000f)
core   0: 0x80004112 (0x04a97063) bgeu    s2, a0, pc + 64
core   0: 0 0x80004112 (0x04a97063)
core   0: 0x80004116 (0x028c8563) beq     s9, s0, pc + 42
core   0: 0 0x80004116 (0x028c8563)
core   0: 0x8000411a (0x03e99a63) bne     s3, t5, pc + 52
core   0: 0 0x8000411a (0x03e99a63)
core   0: 0x8000414e (0x02ac25b3) mulhsu  a1, s8, a0
core   0: 0 0x8000414e (0x02ac25b3) x11 0x00000000
core   0: 0x80004152 (0xd289b393) sltiu   t2, s3, -728
core   0: 0 0x80004152 (0xd289b393) x7  0x00000001
core   0: 0x80004156 (0x00b7a533) slt     a0, a5, a1
core   0: 0 0x80004156 (0x00b7a533) x10 0x00000001
core   0: 0x8000415a (0x5917e813) ori     a6, a5, 1425
core   0: 0 0x8000415a (0x5917e813) x16 0x80028df5
core   0: 0x8000415e (0x026f1063) bne     t5, t1, pc + 32
core   0: 0 0x8000415e (0x026f1063)
core   0: 0x8000417e (0xcdcbd637) lui     a2, 0xcdcbd
core   0: 0 0x8000417e (0xcdcbd637) x12 0xcdcbd000
core   0: 0x80004182 (0x027f00b3) mul     ra, t5, t2
core   0: 0 0x80004182 (0x027f00b3) x1  0x1d558024
core   0: 0x80004186 (0x034652b3) divu    t0, a2, s4
core   0: 0 0x80004186 (0x034652b3) x5  0xffffffff
core   0: 0x8000418a (0xc8f37413) andi    s0, t1, -881
core   0: 0 0x8000418a (0xc8f37413) x8  0x00051888
core   0: 0x8000418e (0x00008a39) c.andi  a2, 14
core   0: 0 0x8000418e (0x8a39) x12 0x00000000
core   0: 0x80004190 (0x00008c0d) c.sub   s0, a1
core   0: 0 0x80004190 (0x8c0d) x8  0x00051888
core   0: 0x80004192 (0x0000865d) c.srai  a2, 23
core   0: 0 0x80004192 (0x865d) x12 0x00000000
core   0: 0x80004194 (0x00000001) c.nop
core   0: 0 0x80004194 (0x0001)
core   0: 0x80004196 (0x034b2833) mulhsu  a6, s6, s4
core   0: 0 0x80004196 (0x034b2833) x16 0x00000000
core   0: 0x8000419a (0x80c67213) andi    tp, a2, -2036
core   0: 0 0x8000419a (0x80c67213) x4  0x00000000
core   0: 0x8000419e (0x00000001) c.nop
core   0: 0 0x8000419e (0x0001)
core   0: 0x800041a0 (0x03765c63) bge     a2, s7, pc + 56
core   0: 0 0x800041a0 (0x03765c63)
core   0: 0x800041d8 (0x00000001) c.nop
core   0: 0 0x800041d8 (0x0001)
core   0: 0x800041da (0x00008b09) c.andi  a4, 2
core   0: 0 0x800041da (0x8b09) x14 0x00000000
core   0: 0x800041dc (0x41d0d413) srai    s0, ra, 29
core   0: 0 0x800041dc (0x41d0d413) x8  0x00000000
core   0: 0x800041e0 (0x005a09b3) add     s3, s4, t0
core   0: 0 0x800041e0 (0x005a09b3) x19 0xffffffff
core   0: 0x800041e4 (0x005b88b3) add     a7, s7, t0
core   0: 0 0x800041e4 (0x005b88b3) x17 0xffffffff
core   0: 0x800041e8 (0xed20c493) xori    s1, ra, -302
core   0: 0 0x800041e8 (0xed20c493) x9  0xe2aa7ef6
core   0: 0x800041ec (0x00581eb3) sll     t4, a6, t0
core   0: 0 0x800041ec (0x00581eb3) x29 0x00000000
core   0: 0x800041f0 (0x03999e33) mulh    t3, s3, s9
core   0: 0 0x800041f0 (0x03999e33) x28 0x00000000
core   0: 0x800041f4 (0x018403b3) add     t2, s0, s8
core   0: 0 0x800041f4 (0x018403b3) x7  0x00000000
core   0: 0x800041f8 (0x01299363) bne     s3, s2, pc + 6
core   0: 0 0x800041f8 (0x01299363)
core   0: 0x800041fe (0xf58f6413) ori     s0, t5, -168
core   0: 0 0x800041fe (0xf58f6413) x8  0xffffff7c
core   0: 0x80004202 (0x00009ba2) c.add   s7, s0
core   0: 0 0x80004202 (0x9ba2) x23 0xffffff7c
core   0: 0x80004204 (0x41d10d33) sub     s10, sp, t4
core   0: 0 0x80004204 (0x41d10d33) x26 0x80024e2c
core   0: 0x80004208 (0xd7c8b093) sltiu   ra, a7, -644
core   0: 0 0x80004208 (0xd7c8b093) x1  0x00000000
core   0: 0x8000420c (0x0000577d) c.li    a4, -1
core   0: 0 0x8000420c (0x577d) x14 0xffffffff
core   0: 0x8000420e (0x01915fb3) srl     t6, sp, s9
core   0: 0 0x8000420e (0x01915fb3) x31 0x80024e2c
core   0: 0x80004212 (0x012f5313) srli    t1, t5, 18
core   0: 0 0x80004212 (0x012f5313) x6  0x00000755
core   0: 0x80004216 (0x029ca333) mulhsu  t1, s9, s1
core   0: 0 0x80004216 (0x029ca333) x6  0xe63d6fa2
core   0: 0x8000421a (0x00000001) c.nop
core   0: 0 0x8000421a (0x0001)
core   0: 0x8000421c (0x00008d91) c.sub   a1, a2
core   0: 0 0x8000421c (0x8d91) x11 0x00000000
core   0: 0x8000421e (0x029d0763) beq     s10, s1, pc + 46
core   0: 0 0x8000421e (0x029d0763)
core   0: 0x80004222 (0x00008c0d) c.sub   s0, a1
core   0: 0 0x80004222 (0x8c0d) x8  0xffffff7c
core   0: 0x80004224 (0x00008e6d) c.and   a2, a1
core   0: 0 0x80004224 (0x8e6d) x12 0x00000000
core   0: 0x80004226 (0x02f080b3) mul     ra, ra, a5
core   0: 0 0x80004226 (0x02f080b3) x1  0x00000000
core   0: 0x8000422a (0x00000001) c.nop
core   0: 0 0x8000422a (0x0001)
core   0: 0x8000422c (0x000084e1) c.srai  s1, 24
core   0: 0 0x8000422c (0x84e1) x9  0xffffffe2
core   0: 0x8000422e (0x00000552) c.slli  a0, 20
core   0: 0 0x8000422e (0x0552) x10 0x00100000
core   0: 0x80004230 (0x00e032b3) snez    t0, a4
core   0: 0 0x80004230 (0x00e032b3) x5  0x00000001
core   0: 0x80004234 (0x00008736) c.mv    a4, a3
core   0: 0 0x80004234 (0x8736) x14 0x00000000
core   0: 0x80004236 (0x01f699b3) sll     s3, a3, t6
core   0: 0 0x80004236 (0x01f699b3) x19 0x00000000
core   0: 0x8000423a (0x00008cd1) c.or    s1, a2
core   0: 0 0x8000423a (0x8cd1) x9  0xffffffe2
core   0: 0x8000423c (0xb9c73413) sltiu   s0, a4, -1124
core   0: 0 0x8000423c (0xb9c73413) x8  0x00000001
core   0: 0x80004240 (0x02a47463) bgeu    s0, a0, pc + 40
core   0: 0 0x80004240 (0x02a47463)
core   0: 0x80004244 (0x024e55b3) divu    a1, t3, tp
core   0: 0 0x80004244 (0x024e55b3) x11 0xffffffff
core   0: 0x80004248 (0x0000058a) c.slli  a1, 2
core   0: 0 0x80004248 (0x058a) x11 0xfffffffc
core   0: 0x8000424a (0x00009522) c.add   a0, s0
core   0: 0 0x8000424a (0x9522) x10 0x00100001
core   0: 0x8000424c (0x00009916) c.add   s2, t0
core   0: 0 0x8000424c (0x9916) x18 0x00000001
core   0: 0x8000424e (0x0182a3b3) slt     t2, t0, s8
core   0: 0 0x8000424e (0x0182a3b3) x7  0x00000000
core   0: 0x80004252 (0x0394eb33) rem     s6, s1, s9
core   0: 0 0x80004252 (0x0394eb33) x22 0xffffffe2
core   0: 0x80004256 (0x01428233) add     tp, t0, s4
core   0: 0 0x80004256 (0x01428233) x4  0x00000001
core   0: 0x8000425a (0x039b8633) mul     a2, s7, s9
core   0: 0 0x8000425a (0x039b8633) x12 0x00600000
core   0: 0x8000425e (0x039a5cb3) divu    s9, s4, s9
core   0: 0 0x8000425e (0x039a5cb3) x25 0x00000000
core   0: 0x80004262 (0x02c15633) divu    a2, sp, a2
core   0: 0 0x80004262 (0x02c15633) x12 0x00000155
core   0: 0x80004266 (0x0000cc89) c.beqz  s1, pc + 26
core   0: 0 0x80004266 (0xcc89)
core   0: 0x80004268 (0xdf8b3313) sltiu   t1, s6, -520
core   0: 0 0x80004268 (0xdf8b3313) x6  0x00000000
core   0: 0x8000426c (0x3bd43413) sltiu   s0, s0, 957
core   0: 0 0x8000426c (0x3bd43413) x8  0x00000001
core   0: 0x80004270 (0x0000cf01) c.beqz  a4, pc + 24
core   0: 0 0x80004270 (0xcf01)
core   0: 0x80004288 (0x62004c13) xori    s8, zero, 1568
core   0: 0 0x80004288 (0x62004c13) x24 0x00000620
core   0: 0x8000428c (0x038e5cb3) divu    s9, t3, s8
core   0: 0 0x8000428c (0x038e5cb3) x25 0x00000000
core   0: 0x80004290 (0x0000896d) c.andi  a0, 27
core   0: 0 0x80004290 (0x896d) x10 0x00000001
core   0: 0x80004292 (0x00008d29) c.xor   a0, a0
core   0: 0 0x80004292 (0x8d29) x10 0x00000000
core   0: 0x80004294 (0x0ff0000f) fence   iorw,iorw
core   0: 0 0x80004294 (0x0ff0000f)
core   0: 0x80004298 (0x03e712b3) mulh    t0, a4, t5
core   0: 0 0x80004298 (0x03e712b3) x5  0x00000000
core   0: 0x8000429c (0x02c444b3) div     s1, s0, a2
core   0: 0 0x8000429c (0x02c444b3) x9  0x00000000
core   0: 0x800042a0 (0x0000100f) fence.i
core   0: 0 0x800042a0 (0x0000100f)
core   0: 0x800042a4 (0x0000c011) c.beqz  s0, pc + 4
core   0: 0 0x800042a4 (0xc011)
core   0: 0x800042a6 (0x00008e95) c.sub   a3, a3
core   0: 0 0x800042a6 (0x8e95) x13 0x00000000
core   0: 0x800042a8 (0x026f5bb3) divu    s7, t5, t1
core   0: 0 0x800042a8 (0x026f5bb3) x23 0xffffffff
core   0: 0x800042ac (0x00008e65) c.and   a2, s1
core   0: 0 0x800042ac (0x8e65) x12 0x00000000
core   0: 0x800042ae (0x01f61c63) bne     a2, t6, pc + 24
core   0: 0 0x800042ae (0x01f61c63)
core   0: 0x800042c6 (0xe8c22893) slti    a7, tp, -372
core   0: 0 0x800042c6 (0xe8c22893) x17 0x00000000
core   0: 0x800042ca (0x00159bb3) sll     s7, a1, ra
core   0: 0 0x800042ca (0x00159bb3) x23 0xfffffffc
core   0: 0x800042ce (0x0000197d) c.addi  s2, -1
core   0: 0 0x800042ce (0x197d) x18 0x00000000
core   0: 0x800042d0 (0x0000987d) c.andi  s0, -1
core   0: 0 0x800042d0 (0x987d) x8  0x00000001
core   0: 0x800042d2 (0x00004391) c.li    t2, 4
core   0: 0 0x800042d2 (0x4391) x7  0x00000004
core   0: 0x800042d4 (0x03af5063) bge     t5, s10, pc + 32
core   0: 0 0x800042d4 (0x03af5063)
core   0: 0x800042f4 (0x032770b3) remu    ra, a4, s2
core   0: 0 0x800042f4 (0x032770b3) x1  0x00000000
core   0: 0x800042f8 (0xf5b00f97) auipc   t6, 0xf5b00
core   0: 0 0x800042f8 (0xf5b00f97) x31 0x75b042f8
core   0: 0x800042fc (0x01471db3) sll     s11, a4, s4
core   0: 0 0x800042fc (0x01471db3) x27 0x00000000
core   0: 0x80004300 (0x4addb513) sltiu   a0, s11, 1197
core   0: 0 0x80004300 (0x4addb513) x10 0x00000001
core   0: 0x80004304 (0x20b9ad93) slti    s11, s3, 523
core   0: 0 0x80004304 (0x20b9ad93) x27 0x00000001
core   0: 0x80004308 (0x0208fcb3) remu    s9, a7, zero
core   0: 0 0x80004308 (0x0208fcb3) x25 0x00000000
core   0: 0x8000430c (0xd4c63993) sltiu   s3, a2, -692
core   0: 0 0x8000430c (0xd4c63993) x19 0x00000001
core   0: 0x80004310 (0x01779933) sll     s2, a5, s7
core   0: 0 0x80004310 (0x01779933) x18 0x40000000
core   0: 0x80004314 (0x65f08a13) addi    s4, ra, 1631
core   0: 0 0x80004314 (0x65f08a13) x20 0x0000065f
core   0: 0x80004318 (0x007fbbb3) sltu    s7, t6, t2
core   0: 0 0x80004318 (0x007fbbb3) x23 0x00000000
core   0: 0x8000431c (0x020fcbb3) div     s7, t6, zero
core   0: 0 0x8000431c (0x020fcbb3) x23 0xffffffff
core   0: 0x80004320 (0x032acdb3) div     s11, s5, s2
core   0: 0 0x80004320 (0x032acdb3) x27 0x00000000
core   0: 0x80004324 (0x03b61a33) mulh    s4, a2, s11
core   0: 0 0x80004324 (0x03b61a33) x20 0x00000000
core   0: 0x80004328 (0x02037863) bgeu    t1, zero, pc + 48
core   0: 0 0x80004328 (0x02037863)
core   0: 0x80004358 (0x021b8663) beq     s7, ra, pc + 44
core   0: 0 0x80004358 (0x021b8663)
core   0: 0x8000435c (0x00008949) c.andi  a0, 18
core   0: 0 0x8000435c (0x8949) x10 0x00000000
core   0: 0x8000435e (0x40d0d293) srai    t0, ra, 13
core   0: 0 0x8000435e (0x40d0d293) x5  0x00000000
core   0: 0x80004362 (0x003c9eb3) sll     t4, s9, gp
core   0: 0 0x80004362 (0x003c9eb3) x29 0x00000000
core   0: 0x80004366 (0x0000ea1d) c.bnez  a2, pc + 54
core   0: 0 0x80004366 (0xea1d)
core   0: 0x80004368 (0x00008869) c.andi  s0, 26
core   0: 0 0x80004368 (0x8869) x8  0x00000000
core   0: 0x8000436a (0x1932b393) sltiu   t2, t0, 403
core   0: 0 0x8000436a (0x1932b393) x7  0x00000001
core   0: 0x8000436e (0x02cb1333) mulh    t1, s6, a2
core   0: 0 0x8000436e (0x02cb1333) x6  0x00000000
core   0: 0x80004372 (0x4a2e3393) sltiu   t2, t3, 1186
core   0: 0 0x80004372 (0x4a2e3393) x7  0x00000001
core   0: 0x80004376 (0x00485cb3) srl     s9, a6, tp
core   0: 0 0x80004376 (0x00485cb3) x25 0x00000000
core   0: 0x8000437a (0x02287b33) remu    s6, a6, sp
core   0: 0 0x8000437a (0x02287b33) x22 0x00000000
core   0: 0x8000437e (0x0000e119) c.bnez  a0, pc + 6
core   0: 0 0x8000437e (0xe119)
core   0: 0x80004380 (0x02149db3) mulh    s11, s1, ra
core   0: 0 0x80004380 (0x02149db3) x27 0x00000000
core   0: 0x80004384 (0x2823f393) andi    t2, t2, 642
core   0: 0 0x80004384 (0x2823f393) x7  0x00000000
core   0: 0x80004388 (0x014e99b3) sll     s3, t4, s4
core   0: 0 0x80004388 (0x014e99b3) x19 0x00000000
core   0: 0x8000438c (0x0ff0000f) fence   iorw,iorw
core   0: 0 0x8000438c (0x0ff0000f)
core   0: 0x80004390 (0x000082f5) c.srli  a3, 29
core   0: 0 0x80004390 (0x82f5) x13 0x00000000
core   0: 0x80004392 (0x0251af33) mulhsu  t5, gp, t0
core   0: 0 0x80004392 (0x0251af33) x30 0x00000000
core   0: 0x80004396 (0x031d9033) mulh    zero, s11, a7
core   0: 0 0x80004396 (0x031d9033)
core   0: 0x8000439a (0x00008acd) c.andi  a3, 19
core   0: 0 0x8000439a (0x8acd) x13 0x00000000
core   0: 0x8000439c (0x0094d663) bge     s1, s1, pc + 12
core   0: 0 0x8000439c (0x0094d663)
core   0: 0x800043a8 (0x00000661) c.addi  a2, 24
core   0: 0 0x800043a8 (0x0661) x12 0x00000018
core   0: 0x800043aa (0x00f8f2b3) and     t0, a7, a5
core   0: 0 0x800043aa (0x00f8f2b3) x5  0x00000000
core   0: 0x800043ae (0x000088d2) c.mv    a7, s4
core   0: 0 0x800043ae (0x88d2) x17 0x00000000
core   0: 0x800043b0 (0x0221b1b3) mulhu   gp, gp, sp
core   0: 0 0x800043b0 (0x0221b1b3) x3  0x40026d8d
core   0: 0x800043b4 (0x026adfb3) divu    t6, s5, t1
core   0: 0 0x800043b4 (0x026adfb3) x31 0xffffffff
core   0: 0x800043b8 (0x00009b7d) c.andi  a4, -1
core   0: 0 0x800043b8 (0x9b7d) x14 0x00000000
core   0: 0x800043ba (0x0000c48d) c.beqz  s1, pc + 42
core   0: 0 0x800043ba (0xc48d)
core   0: 0x800043e4 (0x00000001) c.nop
core   0: 0 0x800043e4 (0x0001)
core   0: 0x800043e6 (0xca624993) xori    s3, tp, -858
core   0: 0 0x800043e6 (0xca624993) x19 0xfffffca7
core   0: 0x800043ea (0x0142a9b3) slt     s3, t0, s4
core   0: 0 0x800043ea (0x0142a9b3) x19 0x00000000
core   0: 0x800043ee (0x00005b7d) c.li    s6, -1
core   0: 0 0x800043ee (0x5b7d) x22 0xffffffff
core   0: 0x800043f0 (0x00008541) c.srai  a0, 16
core   0: 0 0x800043f0 (0x8541) x10 0x00000000
core   0: 0x800043f2 (0x02c484b3) mul     s1, s1, a2
core   0: 0 0x800043f2 (0x02c484b3) x9  0x00000000
core   0: 0x800043f6 (0x00008429) c.srai  s0, 10
core   0: 0 0x800043f6 (0x8429) x8  0x00000000
core   0: 0x800043f8 (0x00006cf5) c.lui   s9, 0x1d
core   0: 0 0x800043f8 (0x6cf5) x25 0x0001d000
core   0: 0x800043fa (0x0000ec8d) c.bnez  s1, pc + 58
core   0: 0 0x800043fa (0xec8d)
core   0: 0x800043fc (0x000061ed) c.lui   gp, 0x1b
core   0: 0 0x800043fc (0x61ed) x3  0x0001b000
core   0: 0x800043fe (0xc8c80593) addi    a1, a6, -884
core   0: 0 0x800043fe (0xc8c80593) x11 0xfffffc8c
core   0: 0x80004402 (0x00008d35) c.xor   a0, a3
core   0: 0 0x80004402 (0x8d35) x10 0x00000000
core   0: 0x80004404 (0x0238eeb3) rem     t4, a7, gp
core   0: 0 0x80004404 (0x0238eeb3) x29 0x00000000
core   0: 0x80004408 (0x00008f8a) c.mv    t6, sp
core   0: 0 0x80004408 (0x8f8a) x31 0x80024e2c
core   0: 0x8000440a (0x0000587d) c.li    a6, -1
core   0: 0 0x8000440a (0x587d) x16 0xffffffff
core   0: 0x8000440c (0x021dbe33) mulhu   t3, s11, ra
core   0: 0 0x8000440c (0x021dbe33) x28 0x00000000
core   0: 0x80004410 (0x02600633) mul     a2, zero, t1
core   0: 0 0x80004410 (0x02600633) x12 0x00000000
core   0: 0x80004414 (0xbef2b913) sltiu   s2, t0, -1041
core   0: 0 0x80004414 (0xbef2b913) x18 0x00000001
core   0: 0x80004418 (0x031d1b63) bne     s10, a7, pc + 54
core   0: 0 0x80004418 (0x031d1b63)
core   0: 0x8000444e (0x00f98363) beq     s3, a5, pc + 6
core   0: 0 0x8000444e (0x00f98363)
core   0: 0x80004452 (0x000005f6) c.slli  a1, 29
core   0: 0 0x80004452 (0x05f6) x11 0x80000000
core   0: 0x80004454 (0x030212b7) lui     t0, 0x3021
core   0: 0 0x80004454 (0x030212b7) x5  0x03021000
core   0: 0x80004458 (0x02f7d1b3) divu    gp, a5, a5
core   0: 0 0x80004458 (0x02f7d1b3) x3  0x00000001
core   0: 0x8000445c (0x00000001) c.nop
core   0: 0 0x8000445c (0x0001)
core   0: 0x8000445e (0x0000940a) c.add   s0, sp
core   0: 0 0x8000445e (0x940a) x8  0x80024e2c
core   0: 0x80004460 (0x411d0533) sub     a0, s10, a7
core   0: 0 0x80004460 (0x411d0533) x10 0x80024e2c
core   0: 0x80004464 (0x6a8f0397) auipc   t2, 0x6a8f0
core   0: 0 0x80004464 (0x6a8f0397) x7  0xea8f4464
core   0: 0x80004468 (0x00005dfd) c.li    s11, -1
core   0: 0 0x80004468 (0x5dfd) x27 0xffffffff
core   0: 0x8000446a (0x01cc3233) sltu    tp, s8, t3
core   0: 0 0x8000446a (0x01cc3233) x4  0x00000000
core   0: 0x8000446e (0x107a0517) auipc   a0, 0x107a0
core   0: 0 0x8000446e (0x107a0517) x10 0x907a446e
core   0: 0x80004472 (0x031760b3) rem     ra, a4, a7
core   0: 0 0x80004472 (0x031760b3) x1  0x00000000
core   0: 0x80004476 (0x0ff0000f) fence   iorw,iorw
core   0: 0 0x80004476 (0x0ff0000f)
core   0: 0x8000447a (0x00fed593) srli    a1, t4, 15
core   0: 0 0x8000447a (0x00fed593) x11 0x00000000
core   0: 0x8000447e (0x41dc8433) sub     s0, s9, t4
core   0: 0 0x8000447e (0x41dc8433) x8  0x0001d000
core   0: 0x80004482 (0x02187733) remu    a4, a6, ra
core   0: 0 0x80004482 (0x02187733) x14 0xffffffff
core   0: 0x80004486 (0x0247ac33) mulhsu  s8, a5, tp
core   0: 0 0x80004486 (0x0247ac33) x24 0x00000000
core   0: 0x8000448a (0x02351f33) mulh    t5, a0, gp
core   0: 0 0x8000448a (0x02351f33) x30 0xffffffff
core   0: 0x8000448e (0x0ff0000f) fence   iorw,iorw
core   0: 0 0x8000448e (0x0ff0000f)
core   0: 0x80004492 (0x03c34a33) div     s4, t1, t3
core   0: 0 0x80004492 (0x03c34a33) x20 0xffffffff
core   0: 0x80004496 (0x00372cb3) slt     s9, a4, gp
core   0: 0 0x80004496 (0x00372cb3) x25 0x00000001
core   0: 0x8000449a (0x0a2b92b7) lui     t0, 0xa2b9
core   0: 0 0x8000449a (0x0a2b92b7) x5  0x0a2b9000
core   0: 0x8000449e (0x021a9833) mulh    a6, s5, ra
core   0: 0 0x8000449e (0x021a9833) x16 0x00000000
core   0: 0x800044a2 (0x00008206) c.mv    tp, ra
core   0: 0 0x800044a2 (0x8206) x4  0x00000000
core   0: 0x800044a4 (0x00410563) beq     sp, tp, pc + 10
core   0: 0 0x800044a4 (0x00410563)
core   0: 0x800044a8 (0x000080ad) c.srli  s1, 11
core   0: 0 0x800044a8 (0x80ad) x9  0x00000000
core   0: 0x800044aa (0x00008755) c.srai  a4, 21
core   0: 0 0x800044aa (0x8755) x14 0xffffffff
core   0: 0x800044ac (0x00000001) c.nop
core   0: 0 0x800044ac (0x0001)
core   0: 0x800044ae (0x00000001) c.nop
core   0: 0 0x800044ae (0x0001)
core   0: 0x800044b0 (0x01df7233) and     tp, t5, t4
core   0: 0 0x800044b0 (0x01df7233) x4  0x00000000
core   0: 0x800044b4 (0x000068f9) c.lui   a7, 0x1e
core   0: 0 0x800044b4 (0x68f9) x17 0x0001e000
core   0: 0x800044b6 (0x01ea1e63) bne     s4, t5, pc + 28
core   0: 0 0x800044b6 (0x01ea1e63)
core   0: 0x800044ba (0x000012fd) c.addi  t0, -1
core   0: 0 0x800044ba (0x12fd) x5  0x0a2b8fff
core   0: 0x800044bc (0xcf8e4c13) xori    s8, t3, -776
core   0: 0 0x800044bc (0xcf8e4c13) x24 0xfffffcf8
core   0: 0x800044c0 (0x03b01263) bne     zero, s11, pc + 36
core   0: 0 0x800044c0 (0x03b01263)
core   0: 0x800044e4 (0x000000ce) c.slli  ra, 19
core   0: 0 0x800044e4 (0x00ce) x1  0x00000000
core   0: 0x800044e6 (0x00000001) c.nop
core   0: 0 0x800044e6 (0x0001)
core   0: 0x800044e8 (0x009b7963) bgeu    s6, s1, pc + 18
core   0: 0 0x800044e8 (0x009b7963)
core   0: 0x800044fa (0x00008ad1) c.andi  a3, 20
core   0: 0 0x800044fa (0x8ad1) x13 0x00000000
core   0: 0x800044fc (0x030f31b3) mulhu   gp, t5, a6
core   0: 0 0x800044fc (0x030f31b3) x3  0x00000000
core   0: 0x80004500 (0x0000843d) c.srai  s0, 15
core   0: 0 0x80004500 (0x843d) x8  0x00000003
core   0: 0x80004502 (0x00008d0d) c.sub   a0, a1
core   0: 0 0x80004502 (0x8d0d) x10 0x907a446e
core   0: 0x80004504 (0x027f6763) bltu    t5, t2, pc + 46
core   0: 0 0x80004504 (0x027f6763)
core   0: 0x80004508 (0x00008e45) c.or    a2, s1
core   0: 0 0x80004508 (0x8e45) x12 0x00000000
core   0: 0x8000450a (0x007fc633) xor     a2, t6, t2
core   0: 0 0x8000450a (0x007fc633) x12 0x6a8d0a48
core   0: 0x8000450e (0x00009f96) c.add   t6, t0
core   0: 0 0x8000450e (0x9f96) x31 0x8a2dde2b
core   0: 0x80004510 (0x00008e41) c.or    a2, s0
core   0: 0 0x80004510 (0x8e41) x12 0x6a8d0a4b
core   0: 0x80004512 (0x00d771b3) and     gp, a4, a3
core   0: 0 0x80004512 (0x00d771b3) x3  0x00000000
core   0: 0x80004516 (0x0000100f) fence.i
core   0: 0 0x80004516 (0x0000100f)
core   0: 0x8000451a (0x0000048e) c.slli  s1, 3
core   0: 0 0x8000451a (0x048e) x9  0x00000000
core   0: 0x8000451c (0x40608f33) sub     t5, ra, t1
core   0: 0 0x8000451c (0x40608f33) x30 0x00000000
core   0: 0x80004520 (0x02861833) mulh    a6, a2, s0
core   0: 0 0x80004520 (0x02861833) x16 0x00000001
core   0: 0x80004524 (0x00000e2e) c.slli  t3, 11
core   0: 0 0x80004524 (0x0e2e) x28 0x00000000
core   0: 0x80004526 (0x00001ffd) c.addi  t6, -1
core   0: 0 0x80004526 (0x1ffd) x31 0x8a2dde2a
core   0: 0x80004528 (0x00768e63) beq     a3, t2, pc + 28
core   0: 0 0x80004528 (0x00768e63)
core   0: 0x8000452c (0x01a3fbb3) and     s7, t2, s10
core   0: 0 0x8000452c (0x01a3fbb3) x23 0x80024424
core   0: 0x80004530 (0x00004879) c.li    a6, 30
core   0: 0 0x80004530 (0x4879) x16 0x0000001e
core   0: 0x80004532 (0x00000306) c.slli  t1, 1
core   0: 0 0x80004532 (0x0306) x6  0x00000000
core   0: 0x80004534 (0x02144863) blt     s0, ra, pc + 48
core   0: 0 0x80004534 (0x02144863)
core   0: 0x80004538 (0x031593b3) mulh    t2, a1, a7
core   0: 0 0x80004538 (0x031593b3) x7  0x00000000
core   0: 0x8000453c (0x00006755) c.lui   a4, 0x15
core   0: 0 0x8000453c (0x6755) x14 0x00015000
core   0: 0x8000453e (0x0000818e) c.mv    gp, gp
core   0: 0 0x8000453e (0x818e) x3  0x00000000
core   0: 0x80004540 (0x0119d193) srli    gp, s3, 17
core   0: 0 0x80004540 (0x0119d193) x3  0x00000000
core   0: 0x80004544 (0x00be0d33) add     s10, t3, a1
core   0: 0 0x80004544 (0x00be0d33) x26 0x00000000
core   0: 0x80004548 (0x03832b33) mulhsu  s6, t1, s8
core   0: 0 0x80004548 (0x03832b33) x22 0x00000000
core   0: 0x8000454c (0x0393ce63) blt     t2, s9, pc + 60
core   0: 0 0x8000454c (0x0393ce63)
core   0: 0x80004588 (0x01910fb3) add     t6, sp, s9
core   0: 0 0x80004588 (0x01910fb3) x31 0x80024e2d
core   0: 0x8000458c (0x00008e51) c.or    a2, a2
core   0: 0 0x8000458c (0x8e51) x12 0x6a8d0a4b
core   0: 0x8000458e (0xc738e093) ori     ra, a7, -909
core   0: 0 0x8000458e (0xc738e093) x1  0xfffffc73
core   0: 0x80004592 (0x00008d71) c.and   a0, a2
core   0: 0 0x80004592 (0x8d71) x10 0x0008004a
core   0: 0x80004594 (0x022080b3) mul     ra, ra, sp
core   0: 0 0x80004594 (0x022080b3) x1  0x77d06dc4
core   0: 0x80004598 (0x0000084e) c.slli  a6, 19
core   0: 0 0x80004598 (0x084e) x16 0x00f00000
core   0: 0x8000459a (0x40408733) sub     a4, ra, tp
core   0: 0 0x8000459a (0x40408733) x14 0x77d06dc4
core   0: 0x8000459e (0x01959e33) sll     t3, a1, s9
core   0: 0 0x8000459e (0x01959e33) x28 0x00000000
core   0: 0x800045a2 (0x02f27e13) andi    t3, tp, 47
core   0: 0 0x800045a2 (0x02f27e13) x28 0x00000000
core   0: 0x800045a6 (0x0000100f) fence.i
core   0: 0 0x800045a6 (0x0000100f)
core   0: 0x800045aa (0x03800763) beq     zero, s8, pc + 46
core   0: 0 0x800045aa (0x03800763)
core   0: 0x800045ae (0x01314563) blt     sp, s3, pc + 10
core   0: 0 0x800045ae (0x01314563)
core   0: 0x800045b8 (0x00008ce1) c.and   s1, s0
core   0: 0 0x800045b8 (0x8ce1) x9  0x00000000
core   0: 0x800045ba (0x0ff0000f) fence   iorw,iorw
core   0: 0 0x800045ba (0x0ff0000f)
core   0: 0x800045be (0x00000a65) c.addi  s4, 25
core   0: 0 0x800045be (0x0a65) x20 0x00000018
core   0: 0x800045c0 (0x01102033) slt     zero, zero, a7
core   0: 0 0x800045c0 (0x01102033)
core   0: 0x800045c4 (0x00008121) c.srli  a0, 8
core   0: 0 0x800045c4 (0x8121) x10 0x00000800
core   0: 0x800045c6 (0x0000100f) fence.i
core   0: 0 0x800045c6 (0x0000100f)
core   0: 0x800045ca (0x0000835d) c.srli  a4, 23
core   0: 0 0x800045ca (0x835d) x14 0x000000ef
core   0: 0x800045cc (0x0010bfb3) sltu    t6, ra, ra
core   0: 0 0x800045cc (0x0010bfb3) x31 0x00000000
core   0: 0x800045d0 (0xa1276037) lui     zero, 0xa1276
core   0: 0 0x800045d0 (0xa1276037)
core   0: 0x800045d4 (0x00008d51) c.or    a0, a2
core   0: 0 0x800045d4 (0x8d51) x10 0x6a8d0a4b
core   0: 0x800045d6 (0x00008df9) c.and   a1, a4
core   0: 0 0x800045d6 (0x8df9) x11 0x00000000
core   0: 0x800045d8 (0x000084d5) c.srai  s1, 21
core   0: 0 0x800045d8 (0x84d5) x9  0x00000000
core   0: 0x800045da (0x00005a7d) c.li    s4, -1
core   0: 0 0x800045da (0x5a7d) x20 0xffffffff
core   0: 0x800045dc (0x02ba8d33) mul     s10, s5, a1
core   0: 0 0x800045dc (0x02ba8d33) x26 0x00000000
core   0: 0x800045e0 (0x02130c63) beq     t1, ra, pc + 56
core   0: 0 0x800045e0 (0x02130c63)
core   0: 0x800045e4 (0x318efc93) andi    s9, t4, 792
core   0: 0 0x800045e4 (0x318efc93) x25 0x00000000
core   0: 0x800045e8 (0xc0ec2513) slti    a0, s8, -1010
core   0: 0 0x800045e8 (0xc0ec2513) x10 0x00000000
core   0: 0x800045ec (0x022dc3b3) div     t2, s11, sp
core   0: 0 0x800045ec (0x022dc3b3) x7  0x00000000
core   0: 0x800045f0 (0x00008dd5) c.or    a1, a3
core   0: 0 0x800045f0 (0x8dd5) x11 0x00000000
core   0: 0x800045f2 (0x01120c63) beq     tp, a7, pc + 24
core   0: 0 0x800045f2 (0x01120c63)
core   0: 0x800045f6 (0x40195a13) srai    s4, s2, 1
core   0: 0 0x800045f6 (0x40195a13) x20 0x00000000
core   0: 0x800045fa (0x005ba5b3) slt     a1, s7, t0
core   0: 0 0x800045fa (0x005ba5b3) x11 0x00000001
core   0: 0x800045fe (0x021fe233) rem     tp, t6, ra
core   0: 0 0x800045fe (0x021fe233) x4  0x00000000
core   0: 0x80004602 (0x00005ffd) c.li    t6, -1
core   0: 0 0x80004602 (0x5ffd) x31 0xffffffff
core   0: 0x80004604 (0x00006449) c.lui   s0, 0x12
core   0: 0 0x80004604 (0x6449) x8  0x00012000
core   0: 0x80004606 (0x408fd093) srai    ra, t6, 8
core   0: 0 0x80004606 (0x408fd093) x1  0xffffffff
core   0: 0x8000460a (0x024f5433) divu    s0, t5, tp
core   0: 0 0x8000460a (0x024f5433) x8  0xffffffff
core   0: 0x8000460e (0x00dc43b3) xor     t2, s8, a3
core   0: 0 0x8000460e (0x00dc43b3) x7  0xfffffcf8
core   0: 0x80004612 (0x91d37e93) andi    t4, t1, -1763
core   0: 0 0x80004612 (0x91d37e93) x29 0x00000000
core   0: 0x80004616 (0x00008f71) c.and   a4, a2
core   0: 0 0x80004616 (0x8f71) x14 0x0000004b
core   0: 0x80004618 (0x00008ed1) c.or    a3, a2
core   0: 0 0x80004618 (0x8ed1) x13 0x6a8d0a4b
core   0: 0x8000461a (0x01398233) add     tp, s3, s3
core   0: 0 0x8000461a (0x01398233) x4  0x00000000
core   0: 0x8000461e (0x00008d7d) c.and   a0, a5
core   0: 0 0x8000461e (0x8d7d) x10 0x00000000
core   0: 0x80004620 (0x003bd493) srli    s1, s7, 3
core   0: 0 0x80004620 (0x003bd493) x9  0x10004884
core   0: 0x80004624 (0x00006b1d) c.lui   s6, 0x7
core   0: 0 0x80004624 (0x6b1d) x22 0x00007000
core   0: 0x80004626 (0x00000001) c.nop
core   0: 0 0x80004626 (0x0001)
core   0: 0x80004628 (0x00459463) bne     a1, tp, pc + 8
core   0: 0 0x80004628 (0x00459463)
core   0: 0x80004630 (0x0000ef09) c.bnez  a4, pc + 26
core   0: 0 0x80004630 (0xef09)
core   0: 0x8000464a (0x0000100f) fence.i
core   0: 0 0x8000464a (0x0000100f)
core   0: 0x8000464e (0x05059063) bne     a1, a6, pc + 64
core   0: 0 0x8000464e (0x05059063)
core   0: 0x8000468e (0x0000100f) fence.i
core   0: 0 0x8000468e (0x0000100f)
core   0: 0x80004692 (0x00008e85) c.sub   a3, s1
core   0: 0 0x80004692 (0x8e85) x13 0x5a8cc1c7
core   0: 0x80004694 (0x025f0733) mul     a4, t5, t0
core   0: 0 0x80004694 (0x025f0733) x14 0x00000000
core   0: 0x80004698 (0xb71e0f93) addi    t6, t3, -1167
core   0: 0 0x80004698 (0xb71e0f93) x31 0xfffffb71
core   0: 0x8000469c (0x00ec7cb3) and     s9, s8, a4
core   0: 0 0x8000469c (0x00ec7cb3) x25 0x00000000
core   0: 0x800046a0 (0x010ccd63) blt     s9, a6, pc + 26
core   0: 0 0x800046a0 (0x010ccd63)
core   0: 0x800046ba (0x0000997d) c.andi  a0, -1
core   0: 0 0x800046ba (0x997d) x10 0x00000000
core   0: 0x800046bc (0x010d9d63) bne     s11, a6, pc + 26
core   0: 0 0x800046bc (0x010d9d63)
core   0: 0x800046d6 (0x03c34933) div     s2, t1, t3
core   0: 0 0x800046d6 (0x03c34933) x18 0xffffffff
core   0: 0x800046da (0x03c49663) bne     s1, t3, pc + 44
core   0: 0 0x800046da (0x03c49663)
core   0: 0x80004706 (0x00000001) c.nop
core   0: 0 0x80004706 (0x0001)
core   0: 0x80004708 (0x00008c59) c.or    s0, a4
core   0: 0 0x80004708 (0x8c59) x8  0xffffffff
core   0: 0x8000470a (0x00000001) c.nop
core   0: 0 0x8000470a (0x0001)
core   0: 0x8000470c (0x032f4fb3) div     t6, t5, s2
core   0: 0 0x8000470c (0x032f4fb3) x31 0x00000000
core   0: 0x80004710 (0x57b84713) xori    a4, a6, 1403
core   0: 0 0x80004710 (0x57b84713) x14 0x00f0057b
core   0: 0x80004714 (0x02736033) rem     zero, t1, t2
core   0: 0 0x80004714 (0x02736033)
core   0: 0x80004718 (0x0ff0000f) fence   iorw,iorw
core   0: 0 0x80004718 (0x0ff0000f)
core   0: 0x8000471c (0xfc37e8b7) lui     a7, 0xfc37e
core   0: 0 0x8000471c (0xfc37e8b7) x17 0xfc37e000
core   0: 0x80004720 (0x00cefb33) and     s6, t4, a2
core   0: 0 0x80004720 (0x00cefb33) x22 0x00000000
core   0: 0x80004724 (0x00004331) c.li    t1, 12
core   0: 0 0x80004724 (0x4331) x6  0x0000000c
core   0: 0x80004726 (0x03b86363) bltu    a6, s11, pc + 38
core   0: 0 0x80004726 (0x03b86363)
core   0: 0x8000474c (0x0000177d) c.addi  a4, -1
core   0: 0 0x8000474c (0x177d) x14 0x00f0057a
core   0: 0x8000474e (0x00000001) c.nop
core   0: 0 0x8000474e (0x0001)
core   0: 0x80004750 (0x02b34d33) div     s10, t1, a1
core   0: 0 0x80004750 (0x02b34d33) x26 0x0000000c
core   0: 0x80004754 (0x000085fd) c.srai  a1, 31
core   0: 0 0x80004754 (0x85fd) x11 0x00000000
core   0: 0x80004756 (0x0178ab33) slt     s6, a7, s7
core   0: 0 0x80004756 (0x0178ab33) x22 0x00000000
core   0: 0x8000475a (0x0000cf11) c.beqz  a4, pc + 28
core   0: 0 0x8000475a (0xcf11)
core   0: 0x8000475c (0x0000100f) fence.i
core   0: 0 0x8000475c (0x0000100f)
core   0: 0x80004760 (0x006046b3) xor     a3, zero, t1
core   0: 0 0x80004760 (0x006046b3) x13 0x0000000c
core   0: 0x80004764 (0x7cc32b93) slti    s7, t1, 1996
core   0: 0 0x80004764 (0x7cc32b93) x23 0x00000001
core   0: 0x80004768 (0x00000da6) c.slli  s11, 9
core   0: 0 0x80004768 (0x0da6) x27 0xfffffe00
core   0: 0x8000476a (0x002a25b3) slt     a1, s4, sp
core   0: 0 0x8000476a (0x002a25b3) x11 0x00000000
core   0: 0x8000476e (0x019f9433) sll     s0, t6, s9
core   0: 0 0x8000476e (0x019f9433) x8  0x00000000
core   0: 0x80004772 (0x0324b533) mulhu   a0, s1, s2
core   0: 0 0x80004772 (0x0324b533) x10 0x10004883
core   0: 0x80004776 (0x44d0cd13) xori    s10, ra, 1101
core   0: 0 0x80004776 (0x44d0cd13) x26 0xfffffbb2
core   0: 0x8000477a (0x03659463) bne     a1, s6, pc + 40
core   0: 0 0x8000477a (0x03659463)
core   0: 0x8000477e (0x0000ce11) c.beqz  a2, pc + 28
core   0: 0 0x8000477e (0xce11)
core   0: 0x80004780 (0x401dd6b3) sra     a3, s11, ra
core   0: 0 0x80004780 (0x401dd6b3) x13 0xffffffff
core   0: 0x80004784 (0x033b6663) bltu    s6, s3, pc + 44
core   0: 0 0x80004784 (0x033b6663)
core   0: 0x80004788 (0x033c7733) remu    a4, s8, s3
core   0: 0 0x80004788 (0x033c7733) x14 0xfffffcf8
core   0: 0x8000478c (0x00008721) c.srai  a4, 8
core   0: 0 0x8000478c (0x8721) x14 0xfffffffc
core   0: 0x8000478e (0x032eeb33) rem     s6, t4, s2
core   0: 0 0x8000478e (0x032eeb33) x22 0x00000000
core   0: 0x80004792 (0x00008e71) c.and   a2, a2
core   0: 0 0x80004792 (0x8e71) x12 0x6a8d0a4b
core   0: 0x80004794 (0x00000001) c.nop
core   0: 0 0x80004794 (0x0001)
core   0: 0x80004796 (0x023466b3) rem     a3, s0, gp
core   0: 0 0x80004796 (0x023466b3) x13 0x00000000
core   0: 0x8000479a (0x0341dd63) bge     gp, s4, pc + 58
core   0: 0 0x8000479a (0x0341dd63)
core   0: 0x800047d4 (0x00cc65b3) or      a1, s8, a2
core   0: 0 0x800047d4 (0x00cc65b3) x11 0xfffffefb
core   0: 0x800047d8 (0x03baa333) mulhsu  t1, s5, s11
core   0: 0 0x800047d8 (0x03baa333) x6  0x00000008
core   0: 0x800047dc (0x01180663) beq     a6, a7, pc + 12
core   0: 0 0x800047dc (0x01180663)
core   0: 0x800047e0 (0x03d50a63) beq     a0, t4, pc + 52
core   0: 0 0x800047e0 (0x03d50a63)
core   0: 0x800047e4 (0x00006999) c.lui   s3, 0x6
core   0: 0 0x800047e4 (0x6999) x19 0x00006000
core   0: 0x800047e6 (0x00008e0d) c.sub   a2, a1
core   0: 0 0x800047e6 (0x8e0d) x12 0x6a8d0b50
core   0: 0x800047e8 (0x01e45a33) srl     s4, s0, t5
core   0: 0 0x800047e8 (0x01e45a33) x20 0x00000000
core   0: 0x800047ec (0xfe6f8593) addi    a1, t6, -26
core   0: 0 0x800047ec (0xfe6f8593) x11 0xffffffe6
core   0: 0x800047f0 (0x01a25833) srl     a6, tp, s10
core   0: 0 0x800047f0 (0x01a25833) x16 0x00000000
core   0: 0x800047f4 (0x000082a9) c.srli  a3, 10
core   0: 0 0x800047f4 (0x82a9) x13 0x00000000
core   0: 0x800047f6 (0x00000001) c.nop
core   0: 0 0x800047f6 (0x0001)
core   0: 0x800047f8 (0x010f1fb3) sll     t6, t5, a6
core   0: 0 0x800047f8 (0x010f1fb3) x31 0x00000000
core   0: 0x800047fc (0x0281e763) bltu    gp, s0, pc + 46
core   0: 0 0x800047fc (0x0281e763)
core   0: 0x80004800 (0x0000098a) c.slli  s3, 2
core   0: 0 0x80004800 (0x098a) x19 0x00018000
core   0: 0x80004802 (0x032fdbb3) divu    s7, t6, s2
core   0: 0 0x80004802 (0x032fdbb3) x23 0x00000000
core   0: 0x80004806 (0x03fc95b3) mulh    a1, s9, t6
core   0: 0 0x80004806 (0x03fc95b3) x11 0x00000000
core   0: 0x8000480a (0x00008e05) c.sub   a2, s1
core   0: 0 0x8000480a (0x8e05) x12 0x5a8cc2cc
core   0: 0x8000480c (0x03b03033) mulhu   zero, zero, s11
core   0: 0 0x8000480c (0x03b03033)
core   0: 0x80004810 (0x00008f35) c.xor   a4, a3
core   0: 0 0x80004810 (0x8f35) x14 0xfffffffc
core   0: 0x80004812 (0x00006bfd) c.lui   s7, 0x1f
core   0: 0 0x80004812 (0x6bfd) x23 0x0001f000
core   0: 0x80004814 (0x00000001) c.nop
core   0: 0 0x80004814 (0x0001)
core   0: 0x80004816 (0x01ff03b3) add     t2, t5, t6
core   0: 0 0x80004816 (0x01ff03b3) x7  0x00000000
core   0: 0x8000481a (0x0ff0000f) fence   iorw,iorw
core   0: 0 0x8000481a (0x0ff0000f)
core   0: 0x8000481e (0x00004e05) c.li    t3, 1
core   0: 0 0x8000481e (0x4e05) x28 0x00000001
core   0: 0x80004820 (0x00004e19) c.li    t3, 6
core   0: 0 0x80004820 (0x4e19) x28 0x00000006
core   0: 0x80004822 (0x03b28d33) mul     s10, t0, s11
core   0: 0 0x80004822 (0x03b28d33) x26 0xa8e00200
core   0: 0x80004826 (0xcb63c313) xori    t1, t2, -842
core   0: 0 0x80004826 (0xcb63c313) x6  0xfffffcb6
core   0: 0x8000482a (0x41eddb33) sra     s6, s11, t5
core   0: 0 0x8000482a (0x41eddb33) x22 0xfffffe00
core   0: 0x8000482e (0x000081ba) c.mv    gp, a4
core   0: 0 0x8000482e (0x81ba) x3  0xfffffffc
core   0: 0x80004830 (0x0331c4b3) div     s1, gp, s3
core   0: 0 0x80004830 (0x0331c4b3) x9  0x00000000
core   0: 0x80004834 (0x012f7933) and     s2, t5, s2
core   0: 0 0x80004834 (0x012f7933) x18 0x00000000
core   0: 0x80004838 (0x00000e42) c.slli  t3, 16
core   0: 0 0x80004838 (0x0e42) x28 0x00060000
core   0: 0x8000483a (0xacccbf13) sltiu   t5, s9, -1332
core   0: 0 0x8000483a (0xacccbf13) x30 0x00000001
core   0: 0x8000483e (0xc3aeae97) auipc   t4, 0xc3aea
core   0: 0 0x8000483e (0xc3aeae97) x29 0x43aee83e
core   0: 0x80004842 (0x41c1d993) srai    s3, gp, 28
core   0: 0 0x80004842 (0x41c1d993) x19 0xffffffff
core   0: 0x80004846 (0x00008d8d) c.sub   a1, a1
core   0: 0 0x80004846 (0x8d8d) x11 0x00000000
core   0: 0x80004848 (0x28243d93) sltiu   s11, s0, 642
core   0: 0 0x80004848 (0x28243d93) x27 0x00000001
core   0: 0x8000484c (0x021ad463) bge     s5, ra, pc + 40
core   0: 0 0x8000484c (0x021ad463)
core   0: 0x80004874 (0x0000687d) c.lui   a6, 0x1f
core   0: 0 0x80004874 (0x687d) x16 0x0001f000
core   0: 0x80004876 (0x0000ef0d) c.bnez  a4, pc + 58
core   0: 0 0x80004876 (0xef0d)
core   0: 0x800048b0 (0x406552b3) sra     t0, a0, t1
core   0: 0 0x800048b0 (0x406552b3) x5  0x00000040
core   0: 0x800048b4 (0x00006665) c.lui   a2, 0x19
core   0: 0 0x800048b4 (0x6665) x12 0x00019000
core   0: 0x800048b6 (0x00000001) c.nop
core   0: 0 0x800048b6 (0x0001)
core   0: 0x800048b8 (0x00008509) c.srai  a0, 2
core   0: 0 0x800048b8 (0x8509) x10 0x04001220
core   0: 0x800048ba (0xbec9e537) lui     a0, 0xbec9e
core   0: 0 0x800048ba (0xbec9e537) x10 0xbec9e000
core   0: 0x800048be (0x0335c763) blt     a1, s3, pc + 46
core   0: 0 0x800048be (0x0335c763)
core   0: 0x800048c2 (0x02a0e2b3) rem     t0, ra, a0
core   0: 0 0x800048c2 (0x02a0e2b3) x5  0xffffffff
core   0: 0x800048c6 (0x00d05763) bge     zero, a3, pc + 14
core   0: 0 0x800048c6 (0x00d05763)
core   0: 0x800048d4 (0x00000e4e) c.slli  t3, 19
core   0: 0 0x800048d4 (0x0e4e) x28 0x00000000
core   0: 0x800048d6 (0x031b7333) remu    t1, s6, a7
core   0: 0 0x800048d6 (0x031b7333) x6  0x03c81e00
core   0: 0x800048da (0x623aab13) slti    s6, s5, 1571
core   0: 0 0x800048da (0x623aab13) x22 0x00000001
core   0: 0x800048de (0xe78d8737) lui     a4, 0xe78d8
core   0: 0 0x800048de (0xe78d8737) x14 0xe78d8000
core   0: 0x800048e2 (0x00e30a33) add     s4, t1, a4
core   0: 0 0x800048e2 (0x00e30a33) x20 0xeb559e00
core   0: 0x800048e6 (0x417f5e93) srai    t4, t5, 23
core   0: 0 0x800048e6 (0x417f5e93) x29 0x00000000
core   0: 0x800048ea (0x000060f1) c.lui   ra, 0x1c
core   0: 0 0x800048ea (0x60f1) x1  0x0001c000
core   0: 0x800048ec (0x00008a25) c.andi  a2, 9
core   0: 0 0x800048ec (0x8a25) x12 0x00000000
core   0: 0x800048ee (0x01cd53b3) srl     t2, s10, t3
core   0: 0 0x800048ee (0x01cd53b3) x7  0xa8e00200
core   0: 0x800048f2 (0x00008f05) c.sub   a4, s1
core   0: 0 0x800048f2 (0x8f05) x14 0xe78d8000
core   0: 0x800048f4 (0x005fa6b3) slt     a3, t6, t0
core   0: 0 0x800048f4 (0x005fa6b3) x13 0x00000000
core   0: 0x800048f8 (0x01449563) bne     s1, s4, pc + 10
core   0: 0 0x800048f8 (0x01449563)
core   0: 0x80004902 (0x000055fd) c.li    a1, -1
core   0: 0 0x80004902 (0x55fd) x11 0xffffffff
core   0: 0x80004904 (0x00008f21) c.xor   a4, s0
core   0: 0 0x80004904 (0x8f21) x14 0xe78d8000
core   0: 0x80004906 (0x02a44863) blt     s0, a0, pc + 48
core   0: 0 0x80004906 (0x02a44863)
core   0: 0x8000490a (0x00008f4d) c.or    a4, a1
core   0: 0 0x8000490a (0x8f4d) x14 0xffffffff
core   0: 0x8000490c (0x00006ce1) c.lui   s9, 0x18
core   0: 0 0x8000490c (0x6ce1) x25 0x00018000
core   0: 0x8000490e (0x0ff0000f) fence   iorw,iorw
core   0: 0 0x8000490e (0x0ff0000f)
core   0: 0x80004912 (0x025b31b3) mulhu   gp, s6, t0
core   0: 0 0x80004912 (0x025b31b3) x3  0x00000000
core   0: 0x80004916 (0x40915293) srai    t0, sp, 9
core   0: 0 0x80004916 (0x40915293) x5  0xffc00127
core   0: 0x8000491a (0x00008eed) c.and   a3, a1
core   0: 0 0x8000491a (0x8eed) x13 0x00000000
core   0: 0x8000491c (0x35977713) andi    a4, a4, 857
core   0: 0 0x8000491c (0x35977713) x14 0x00000359
core   0: 0x80004920 (0x412a5593) srai    a1, s4, 18
core   0: 0 0x80004920 (0x412a5593) x11 0xfffffad5
core   0: 0x80004924 (0x00610663) beq     sp, t1, pc + 12
core   0: 0 0x80004924 (0x00610663)
core   0: 0x80004928 (0x00f27db3) and     s11, tp, a5
core   0: 0 0x80004928 (0x00f27db3) x27 0x00000000
core   0: 0x8000492c (0xcb18c393) xori    t2, a7, -847
core   0: 0 0x8000492c (0xcb18c393) x7  0x03c81cb1
core   0: 0x80004930 (0x012c1393) slli    t2, s8, 18
core   0: 0 0x80004930 (0x012c1393) x7  0xf3e00000
core   0: 0x80004934 (0x00008f79) c.and   a4, a4
core   0: 0 0x80004934 (0x8f79) x14 0x00000359
core   0: 0x80004936 (0x0089e2b3) or      t0, s3, s0
core   0: 0 0x80004936 (0x0089e2b3) x5  0xffffffff
core   0: 0x8000493a (0x02063fb3) mulhu   t6, a2, zero
core   0: 0 0x8000493a (0x02063fb3) x31 0x00000000
core   0: 0x8000493e (0x0075a633) slt     a2, a1, t2
core   0: 0 0x8000493e (0x0075a633) x12 0x00000000
core   0: 0x80004942 (0x38f69517) auipc   a0, 0x38f69
core   0: 0 0x80004942 (0x38f69517) x10 0xb8f6d942
core   0: 0x80004946 (0x03836c63) bltu    t1, s8, pc + 56
core   0: 0 0x80004946 (0x03836c63)
core   0: 0x8000497e (0x0373c733) div     a4, t2, s7
core   0: 0 0x8000497e (0x0373c733) x14 0xfffff9be
core   0: 0x80004982 (0x7d246413) ori     s0, s0, 2002
core   0: 0 0x80004982 (0x7d246413) x8  0x000007d2
core   0: 0x80004986 (0x00009b72) c.add   s6, t3
core   0: 0 0x80004986 (0x9b72) x22 0x00000001
core   0: 0x80004988 (0x01f18f33) add     t5, gp, t6
core   0: 0 0x80004988 (0x01f18f33) x30 0x00000000
core   0: 0x8000498c (0x39b8b093) sltiu   ra, a7, 923
core   0: 0 0x8000498c (0x39b8b093) x1  0x00000000
core   0: 0x80004990 (0x030a9bb3) mulh    s7, s5, a6
core   0: 0 0x80004990 (0x030a9bb3) x23 0x00000000
core   0: 0x80004994 (0x00008e61) c.and   a2, s0
core   0: 0 0x80004994 (0x8e61) x12 0x00000000
core   0: 0x80004996 (0x6edc4213) xori    tp, s8, 1773
core   0: 0 0x80004996 (0x6edc4213) x4  0xfffffa15
core   0: 0x8000499a (0x032dceb3) div     t4, s11, s2
core   0: 0 0x8000499a (0x032dceb3) x29 0xffffffff
core   0: 0x8000499e (0x4012d3b3) sra     t2, t0, ra
core   0: 0 0x8000499e (0x4012d3b3) x7  0xffffffff
core   0: 0x800049a2 (0x0279c4b3) div     s1, s3, t2
core   0: 0 0x800049a2 (0x0279c4b3) x9  0x00000001
core   0: 0x800049a6 (0x0000ea9d) c.bnez  a3, pc + 54
core   0: 0 0x800049a6 (0xea9d)
core   0: 0x800049a8 (0x020b35b3) mulhu   a1, s6, zero
core   0: 0 0x800049a8 (0x020b35b3) x11 0x00000000
core   0: 0x800049ac (0x000009f2) c.slli  s3, 28
core   0: 0 0x800049ac (0x09f2) x19 0xf0000000
core   0: 0x800049ae (0x7abb2d13) slti    s10, s6, 1963
core   0: 0 0x800049ae (0x7abb2d13) x26 0x00000001
core   0: 0x800049b2 (0x03d005b3) mul     a1, zero, t4
core   0: 0 0x800049b2 (0x03d005b3) x11 0x00000000
core   0: 0x800049b6 (0x755948b7) lui     a7, 0x75594
core   0: 0 0x800049b6 (0x755948b7) x17 0x75594000
core   0: 0x800049ba (0x000045bd) c.li    a1, 15
core   0: 0 0x800049ba (0x45bd) x11 0x0000000f
core   0: 0x800049bc (0x00008ddd) c.or    a1, a5
core   0: 0 0x800049bc (0x8ddd) x11 0x80028cef
core   0: 0x800049be (0x00004491) c.li    s1, 4
core   0: 0 0x800049be (0x4491) x9  0x00000004
core   0: 0x800049c0 (0x89ccc337) lui     t1, 0x89ccc
core   0: 0 0x800049c0 (0x89ccc337) x6  0x89ccc000
core   0: 0x800049c4 (0x00004c8d) c.li    s9, 3
core   0: 0 0x800049c4 (0x4c8d) x25 0x00000003
core   0: 0x800049c6 (0x00008e62) c.mv    t3, s8
core   0: 0 0x800049c6 (0x8e62) x28 0xfffffcf8
core   0: 0x800049c8 (0x03a083b3) mul     t2, ra, s10
core   0: 0 0x800049c8 (0x03a083b3) x7  0x00000000
core   0: 0x800049cc (0x01f33c33) sltu    s8, t1, t6
core   0: 0 0x800049cc (0x01f33c33) x24 0x00000000
core   0: 0x800049d0 (0x000014fd) c.addi  s1, -1
core   0: 0 0x800049d0 (0x14fd) x9  0x00000003
core   0: 0x800049d2 (0xff94fde3) bgeu    s1, s9, pc - 6
core   0: 0 0x800049d2 (0xff94fde3)
core   0: 0x800049cc (0x01f33c33) sltu    s8, t1, t6
core   0: 0 0x800049cc (0x01f33c33) x24 0x00000000
core   0: 0x800049d0 (0x000014fd) c.addi  s1, -1
core   0: 0 0x800049d0 (0x14fd) x9  0x00000002
core   0: 0x800049d2 (0xff94fde3) bgeu    s1, s9, pc - 6
core   0: 0 0x800049d2 (0xff94fde3)
core   0: 0x800049d6 (0x008103b3) add     t2, sp, s0
core   0: 0 0x800049d6 (0x008103b3) x7  0x800255fe
core   0: 0x800049da (0x00008c11) c.sub   s0, a2
core   0: 0 0x800049da (0x8c11) x8  0x000007d2
core   0: 0x800049dc (0x03f170b3) remu    ra, sp, t6
core   0: 0 0x800049dc (0x03f170b3) x1  0x80024e2c
core   0: 0x800049e0 (0x00009cf2) c.add   s9, t3
core   0: 0 0x800049e0 (0x9cf2) x25 0xfffffcfb
core   0: 0x800049e2 (0x02e8ed63) bltu    a7, a4, pc + 58
core   0: 0 0x800049e2 (0x02e8ed63)
core   0: 0x80004a1c (0x00eb99b3) sll     s3, s7, a4
core   0: 0 0x80004a1c (0x00eb99b3) x19 0x00000000
core   0: 0x80004a20 (0x0ff0000f) fence   iorw,iorw
core   0: 0 0x80004a20 (0x0ff0000f)
core   0: 0x80004a24 (0x0000177d) c.addi  a4, -1
core   0: 0 0x80004a24 (0x177d) x14 0xfffff9bd
core   0: 0x80004a26 (0x03797db3) remu    s11, s2, s7
core   0: 0 0x80004a26 (0x03797db3) x27 0x00000000
core   0: 0x80004a2a (0x00008c89) c.sub   s1, a0
core   0: 0 0x80004a2a (0x8c89) x9  0x470926c0
core   0: 0x80004a2c (0x6efc3313) sltiu   t1, s8, 1775
core   0: 0 0x80004a2c (0x6efc3313) x6  0x00000001
core   0: 0x80004a30 (0x016aa933) slt     s2, s5, s6
core   0: 0 0x80004a30 (0x016aa933) x18 0x00000000
core   0: 0x80004a34 (0x00008621) c.srai  a2, 8
core   0: 0 0x80004a34 (0x8621) x12 0x00000000
core   0: 0x80004a36 (0x0000c935) c.beqz  a0, pc + 116
core   0: 0 0x80004a36 (0xc935)
core   0: 0x80004a38 (0x00009afd) c.andi  a3, -1
core   0: 0 0x80004a38 (0x9afd) x13 0x00000000
core   0: 0x80004a3a (0x01988b63) beq     a7, s9, pc + 22
core   0: 0 0x80004a3a (0x01988b63)
core   0: 0x80004a3e (0x0ff0000f) fence   iorw,iorw
core   0: 0 0x80004a3e (0x0ff0000f)
core   0: 0x80004a42 (0x00ed16b3) sll     a3, s10, a4
core   0: 0 0x80004a42 (0x00ed16b3) x13 0x20000000
core   0: 0x80004a46 (0x00008c09) c.sub   s0, a0
core   0: 0 0x80004a46 (0x8c09) x8  0x47092e90
core   0: 0x80004a48 (0x000082ca) c.mv    t0, s2
core   0: 0 0x80004a48 (0x82ca) x5  0x00000000
core   0: 0x80004a4a (0x00008df9) c.and   a1, a4
core   0: 0 0x80004a4a (0x8df9) x11 0x800288ad
core   0: 0x80004a4c (0x025708b3) mul     a7, a4, t0
core   0: 0 0x80004a4c (0x025708b3) x17 0x00000000
core   0: 0x80004a50 (0x00000001) c.nop
core   0: 0 0x80004a50 (0x0001)
core   0: 0x80004a52 (0x256d7093) andi    ra, s10, 598
core   0: 0 0x80004a52 (0x256d7093) x1  0x00000000
core   0: 0x80004a56 (0x412e5633) sra     a2, t3, s2
core   0: 0 0x80004a56 (0x412e5633) x12 0xfffffcf8
core   0: 0x80004a5a (0x02360d33) mul     s10, a2, gp
core   0: 0 0x80004a5a (0x02360d33) x26 0x00000000
core   0: 0x80004a5e (0x01262eb3) slt     t4, a2, s2
core   0: 0 0x80004a5e (0x01262eb3) x29 0x00000001
core   0: 0x80004a62 (0x05a7d863) bge     a5, s10, pc + 80
core   0: 0 0x80004a62 (0x05a7d863)
core   0: 0x80004a66 (0x000046a5) c.li    a3, 9
core   0: 0 0x80004a66 (0x46a5) x13 0x00000009
core   0: 0x80004a68 (0x000098fd) c.andi  s1, -1
core   0: 0 0x80004a68 (0x98fd) x9  0x470926c0
core   0: 0x80004a6a (0x0000429d) c.li    t0, 7
core   0: 0 0x80004a6a (0x429d) x5  0x00000007
core   0: 0x80004a6c (0x01673d33) sltu    s10, a4, s6
core   0: 0 0x80004a6c (0x01673d33) x26 0x00000000
core   0: 0x80004a70 (0x5d658493) addi    s1, a1, 1494
core   0: 0 0x80004a70 (0x5d658493) x9  0x80028e83
core   0: 0x80004a74 (0x000016ed) c.addi  a3, -5
core   0: 0 0x80004a74 (0x16ed) x13 0x00000004
core   0: 0x80004a76 (0x00008da5) c.xor   a1, s1
core   0: 0 0x80004a76 (0x8da5) x11 0x0000062e
core   0: 0x80004a78 (0x00004719) c.li    a4, 6
core   0: 0 0x80004a78 (0x4719) x14 0x00000006
core   0: 0x80004a7a (0x00001f7d) c.addi  t5, -1
core   0: 0 0x80004a7a (0x1f7d) x30 0xffffffff
core   0: 0x80004a7c (0x222d0fb7) lui     t6, 0x222d0
core   0: 0 0x80004a7c (0x222d0fb7) x31 0x222d0000
core   0: 0x80004a80 (0x0000483d) c.li    a6, 15
core   0: 0 0x80004a80 (0x483d) x16 0x0000000f
core   0: 0x80004a82 (0x026060b3) rem     ra, zero, t1
core   0: 0 0x80004a82 (0x026060b3) x1  0x00000000
core   0: 0x80004a86 (0x000081ad) c.srli  a1, 11
core   0: 0 0x80004a86 (0x81ad) x11 0x00000000
core   0: 0x80004a88 (0x00000705) c.addi  a4, 1
core   0: 0 0x80004a88 (0x0705) x14 0x00000007
core   0: 0x80004a8a (0x00008d1d) c.sub   a0, a5
core   0: 0 0x80004a8a (0x8d1d) x10 0x38f44c5e
core   0: 0x80004a8c (0xff071be3) bne     a4, a6, pc - 10
core   0: 0 0x80004a8c (0xff071be3)
core   0: 0x80004a82 (0x026060b3) rem     ra, zero, t1
core   0: 0 0x80004a82 (0x026060b3) x1  0x00000000
core   0: 0x80004a86 (0x000081ad) c.srli  a1, 11
core   0: 0 0x80004a86 (0x81ad) x11 0x00000000
core   0: 0x80004a88 (0x00000705) c.addi  a4, 1
core   0: 0 0x80004a88 (0x0705) x14 0x00000008
core   0: 0x80004a8a (0x00008d1d) c.sub   a0, a5
core   0: 0 0x80004a8a (0x8d1d) x10 0xb8f1bf7a
core   0: 0x80004a8c (0xff071be3) bne     a4, a6, pc - 10
core   0: 0 0x80004a8c (0xff071be3)
core   0: 0x80004a82 (0x026060b3) rem     ra, zero, t1
core   0: 0 0x80004a82 (0x026060b3) x1  0x00000000
core   0: 0x80004a86 (0x000081ad) c.srli  a1, 11
core   0: 0 0x80004a86 (0x81ad) x11 0x00000000
core   0: 0x80004a88 (0x00000705) c.addi  a4, 1
core   0: 0 0x80004a88 (0x0705) x14 0x00000009
core   0: 0x80004a8a (0x00008d1d) c.sub   a0, a5
core   0: 0 0x80004a8a (0x8d1d) x10 0x38ef3296
core   0: 0x80004a8c (0xff071be3) bne     a4, a6, pc - 10
core   0: 0 0x80004a8c (0xff071be3)
core   0: 0x80004a82 (0x026060b3) rem     ra, zero, t1
core   0: 0 0x80004a82 (0x026060b3) x1  0x00000000
core   0: 0x80004a86 (0x000081ad) c.srli  a1, 11
core   0: 0 0x80004a86 (0x81ad) x11 0x00000000
core   0: 0x80004a88 (0x00000705) c.addi  a4, 1
core   0: 0 0x80004a88 (0x0705) x14 0x0000000a
core   0: 0x80004a8a (0x00008d1d) c.sub   a0, a5
core   0: 0 0x80004a8a (0x8d1d) x10 0xb8eca5b2
core   0: 0x80004a8c (0xff071be3) bne     a4, a6, pc - 10
core   0: 0 0x80004a8c (0xff071be3)
core   0: 0x80004a82 (0x026060b3) rem     ra, zero, t1
core   0: 0 0x80004a82 (0x026060b3) x1  0x00000000
core   0: 0x80004a86 (0x000081ad) c.srli  a1, 11
core   0: 0 0x80004a86 (0x81ad) x11 0x00000000
core   0: 0x80004a88 (0x00000705) c.addi  a4, 1
core   0: 0 0x80004a88 (0x0705) x14 0x0000000b
core   0: 0x80004a8a (0x00008d1d) c.sub   a0, a5
core   0: 0 0x80004a8a (0x8d1d) x10 0x38ea18ce
core   0: 0x80004a8c (0xff071be3) bne     a4, a6, pc - 10
core   0: 0 0x80004a8c (0xff071be3)
core   0: 0x80004a82 (0x026060b3) rem     ra, zero, t1
core   0: 0 0x80004a82 (0x026060b3) x1  0x00000000
core   0: 0x80004a86 (0x000081ad) c.srli  a1, 11
core   0: 0 0x80004a86 (0x81ad) x11 0x00000000
core   0: 0x80004a88 (0x00000705) c.addi  a4, 1
core   0: 0 0x80004a88 (0x0705) x14 0x0000000c
core   0: 0x80004a8a (0x00008d1d) c.sub   a0, a5
core   0: 0 0x80004a8a (0x8d1d) x10 0xb8e78bea
core   0: 0x80004a8c (0xff071be3) bne     a4, a6, pc - 10
core   0: 0 0x80004a8c (0xff071be3)
core   0: 0x80004a82 (0x026060b3) rem     ra, zero, t1
core   0: 0 0x80004a82 (0x026060b3) x1  0x00000000
core   0: 0x80004a86 (0x000081ad) c.srli  a1, 11
core   0: 0 0x80004a86 (0x81ad) x11 0x00000000
core   0: 0x80004a88 (0x00000705) c.addi  a4, 1
core   0: 0 0x80004a88 (0x0705) x14 0x0000000d
core   0: 0x80004a8a (0x00008d1d) c.sub   a0, a5
core   0: 0 0x80004a8a (0x8d1d) x10 0x38e4ff06
core   0: 0x80004a8c (0xff071be3) bne     a4, a6, pc - 10
core   0: 0 0x80004a8c (0xff071be3)
core   0: 0x80004a82 (0x026060b3) rem     ra, zero, t1
core   0: 0 0x80004a82 (0x026060b3) x1  0x00000000
core   0: 0x80004a86 (0x000081ad) c.srli  a1, 11
core   0: 0 0x80004a86 (0x81ad) x11 0x00000000
core   0: 0x80004a88 (0x00000705) c.addi  a4, 1
core   0: 0 0x80004a88 (0x0705) x14 0x0000000e
core   0: 0x80004a8a (0x00008d1d) c.sub   a0, a5
core   0: 0 0x80004a8a (0x8d1d) x10 0xb8e27222
core   0: 0x80004a8c (0xff071be3) bne     a4, a6, pc - 10
core   0: 0 0x80004a8c (0xff071be3)
core   0: 0x80004a82 (0x026060b3) rem     ra, zero, t1
core   0: 0 0x80004a82 (0x026060b3) x1  0x00000000
core   0: 0x80004a86 (0x000081ad) c.srli  a1, 11
core   0: 0 0x80004a86 (0x81ad) x11 0x00000000
core   0: 0x80004a88 (0x00000705) c.addi  a4, 1
core   0: 0 0x80004a88 (0x0705) x14 0x0000000f
core   0: 0x80004a8a (0x00008d1d) c.sub   a0, a5
core   0: 0 0x80004a8a (0x8d1d) x10 0x38dfe53e
core   0: 0x80004a8c (0xff071be3) bne     a4, a6, pc - 10
core   0: 0 0x80004a8c (0xff071be3)
core   0: 0x80004a90 (0x00bff333) and     t1, t6, a1
core   0: 0 0x80004a90 (0x00bff333) x6  0x00000000
core   0: 0x80004a94 (0xfc56fce3) bgeu    a3, t0, pc - 40
core   0: 0 0x80004a94 (0xfc56fce3)
core   0: 0x80004a98 (0xb246aa13) slti    s4, a3, -1244
core   0: 0 0x80004a98 (0xb246aa13) x20 0x00000000
core   0: 0x80004a9c (0x02cde293) ori     t0, s11, 44
core   0: 0 0x80004a9c (0x02cde293) x5  0x0000002c
core   0: 0x80004aa0 (0x0000100f) fence.i
core   0: 0 0x80004aa0 (0x0000100f)
core   0: 0x80004aa4 (0x000a9c33) sll     s8, s5, zero
core   0: 0 0x80004aa4 (0x000a9c33) x24 0x00000009
core   0: 0x80004aa8 (0x00000001) c.nop
core   0: 0 0x80004aa8 (0x0001)
core   0: 0x80004aaa (0x0278ffb3) remu    t6, a7, t2
core   0: 0 0x80004aaa (0x0278ffb3) x31 0x00000000
core   0: 0x80004aae (0x00001bfd) c.addi  s7, -1
core   0: 0 0x80004aae (0x1bfd) x23 0xffffffff
core   0: 0x80004ab0 (0x00008c8d) c.sub   s1, a1
core   0: 0 0x80004ab0 (0x8c8d) x9  0x80028e83
core   0: 0x80004ab2 (0x77543413) sltiu   s0, s0, 1909
core   0: 0 0x80004ab2 (0x77543413) x8  0x00000000
core   0: 0x80004ab6 (0x00000c5e) c.slli  s8, 23
core   0: 0 0x80004ab6 (0x0c5e) x24 0x04800000
core   0: 0x80004ab8 (0x03d7c263) blt     a5, t4, pc + 36
core   0: 0 0x80004ab8 (0x03d7c263)
core   0: 0x80004adc (0x51854293) xori    t0, a0, 1304
core   0: 0 0x80004adc (0x51854293) x5  0x38dfe026
core   0: 0x80004ae0 (0x00d7b5b3) sltu    a1, a5, a3
core   0: 0 0x80004ae0 (0x00d7b5b3) x11 0x00000000
core   0: 0x80004ae4 (0x913b6893) ori     a7, s6, -1773
core   0: 0 0x80004ae4 (0x913b6893) x17 0xfffff913
core   0: 0x80004ae8 (0x03a5cc63) blt     a1, s10, pc + 56
core   0: 0 0x80004ae8 (0x03a5cc63)
core   0: 0x80004aec (0x00008c95) c.sub   s1, a3
core   0: 0 0x80004aec (0x8c95) x9  0x80028e7f
core   0: 0x80004aee (0x40df85b3) sub     a1, t6, a3
core   0: 0 0x80004aee (0x40df85b3) x11 0xfffffffc
core   0: 0x80004af2 (0x0116b933) sltu    s2, a3, a7
core   0: 0 0x80004af2 (0x0116b933) x18 0x00000001
core   0: 0x80004af6 (0x00009206) c.add   tp, ra
core   0: 0 0x80004af6 (0x9206) x4  0xfffffa15
core   0: 0x80004af8 (0x00e761b3) or      gp, a4, a4
core   0: 0 0x80004af8 (0x00e761b3) x3  0x0000000f
core   0: 0x80004afc (0x028b6d33) rem     s10, s6, s0
core   0: 0 0x80004afc (0x028b6d33) x26 0x00000001
core   0: 0x80004b00 (0x02bb7463) bgeu    s6, a1, pc + 40
core   0: 0 0x80004b00 (0x02bb7463)
core   0: 0x80004b04 (0x0363f563) bgeu    t2, s6, pc + 42
core   0: 0 0x80004b04 (0x0363f563)
core   0: 0x80004b2e (0x0ff0000f) fence   iorw,iorw
core   0: 0 0x80004b2e (0x0ff0000f)
core   0: 0x80004b32 (0x0393d633) divu    a2, t2, s9
core   0: 0 0x80004b32 (0x0393d633) x12 0x00000000
core   0: 0x80004b36 (0x000088e1) c.andi  s1, 24
core   0: 0 0x80004b36 (0x88e1) x9  0x00000018
core   0: 0x80004b38 (0x025dc333) div     t1, s11, t0
core   0: 0 0x80004b38 (0x025dc333) x6  0x00000000
core   0: 0x80004b3c (0x024e7163) bgeu    t3, tp, pc + 34
core   0: 0 0x80004b3c (0x024e7163)
core   0: 0x80004b5e (0x01b37fb3) and     t6, t1, s11
core   0: 0 0x80004b5e (0x01b37fb3) x31 0x00000000
core   0: 0x80004b62 (0x0000894d) c.andi  a0, 19
core   0: 0 0x80004b62 (0x894d) x10 0x00000012
core   0: 0x80004b64 (0x02ffac33) mulhsu  s8, t6, a5
core   0: 0 0x80004b64 (0x02ffac33) x24 0x00000000
core   0: 0x80004b68 (0x0000cc81) c.beqz  s1, pc + 24
core   0: 0 0x80004b68 (0xcc81)
core   0: 0x80004b6a (0x0042c9b3) xor     s3, t0, tp
core   0: 0 0x80004b6a (0x0042c9b3) x19 0xc7201a33
core   0: 0x80004b6e (0x0000100f) fence.i
core   0: 0 0x80004b6e (0x0000100f)
core   0: 0x80004b72 (0x000080cd) c.srli  s1, 19
core   0: 0 0x80004b72 (0x80cd) x9  0x00000000
core   0: 0x80004b74 (0x01205563) bge     zero, s2, pc + 10
core   0: 0 0x80004b74 (0x01205563)
core   0: 0x80004b78 (0x0000ce15) c.beqz  a2, pc + 60
core   0: 0 0x80004b78 (0xce15)
core   0: 0x80004bb4 (0x03335a63) bge     t1, s3, pc + 52
core   0: 0 0x80004bb4 (0x03335a63)
core   0: 0x80004be8 (0x00008761) c.srai  a4, 24
core   0: 0 0x80004be8 (0x8761) x14 0x00000000
core   0: 0x80004bea (0x01421c93) slli    s9, tp, 20
core   0: 0 0x80004bea (0x01421c93) x25 0xa1500000
core   0: 0x80004bee (0x03f53533) mulhu   a0, a0, t6
core   0: 0 0x80004bee (0x03f53533) x10 0x00000000
core   0: 0x80004bf2 (0x00000001) c.nop
core   0: 0 0x80004bf2 (0x0001)
core   0: 0x80004bf4 (0x000051e1) c.li    gp, -8
core   0: 0 0x80004bf4 (0x51e1) x3  0xfffffff8
core   0: 0x80004bf6 (0x00004c29) c.li    s8, 10
core   0: 0 0x80004bf6 (0x4c29) x24 0x0000000a
core   0: 0x80004bf8 (0x037d5533) divu    a0, s10, s7
core   0: 0 0x80004bf8 (0x037d5533) x10 0x00000000
core   0: 0x80004bfc (0x00008661) c.srai  a2, 24
core   0: 0 0x80004bfc (0x8661) x12 0x00000000
core   0: 0x80004bfe (0x000016fd) c.addi  a3, -1
core   0: 0 0x80004bfe (0x16fd) x13 0x00000003
core   0: 0x80004c00 (0x00000bdd) c.addi  s7, 23
core   0: 0 0x80004c00 (0x0bdd) x23 0x00000016
core   0: 0x80004c02 (0x0017ebb3) or      s7, a5, ra
core   0: 0 0x80004c02 (0x0017ebb3) x23 0x80028ce4
core   0: 0x80004c06 (0x002469b3) or      s3, s0, sp
core   0: 0 0x80004c06 (0x002469b3) x19 0x80024e2c
core   0: 0x80004c0a (0x2e522693) slti    a3, tp, 741
core   0: 0 0x80004c0a (0x2e522693) x13 0x00000001
core   0: 0x80004c0e (0x016ac6b3) xor     a3, s5, s6
core   0: 0 0x80004c0e (0x016ac6b3) x13 0x00000008
core   0: 0x80004c12 (0x0060c533) xor     a0, ra, t1
core   0: 0 0x80004c12 (0x0060c533) x10 0x00000000
core   0: 0x80004c16 (0x000000e6) c.slli  ra, 25
core   0: 0 0x80004c16 (0x00e6) x1  0x00000000
core   0: 0x80004c18 (0x00009706) c.add   a4, ra
core   0: 0 0x80004c18 (0x9706) x14 0x00000000
core   0: 0x80004c1a (0x00781033) sll     zero, a6, t2
core   0: 0 0x80004c1a (0x00781033)
core   0: 0x80004c1e (0x01735893) srli    a7, t1, 23
core   0: 0 0x80004c1e (0x01735893) x17 0x00000000
core   0: 0x80004c22 (0x00eb28b3) slt     a7, s6, a4
core   0: 0 0x80004c22 (0x00eb28b3) x17 0x00000000
core   0: 0x80004c26 (0x4144da13) srai    s4, s1, 20
core   0: 0 0x80004c26 (0x4144da13) x20 0x00000000
core   0: 0x80004c2a (0x00006cf1) c.lui   s9, 0x1c
core   0: 0 0x80004c2a (0x6cf1) x25 0x0001c000
core   0: 0x80004c2c (0x00000189) c.addi  gp, 2
core   0: 0 0x80004c2c (0x0189) x3  0xfffffffa
core   0: 0x80004c2e (0x02328bb3) mul     s7, t0, gp
core   0: 0 0x80004c2e (0x02328bb3) x23 0xaac0bf1c
core   0: 0x80004c32 (0x00000656) c.slli  a2, 21
core   0: 0 0x80004c32 (0x0656) x12 0x00000000
core   0: 0x80004c34 (0x01115813) srli    a6, sp, 17
core   0: 0 0x80004c34 (0x01115813) x16 0x00004001
core   0: 0x80004c38 (0x00f9bf33) sltu    t5, s3, a5
core   0: 0 0x80004c38 (0x00f9bf33) x30 0x00000001
core   0: 0x80004c3c (0xfd8197e3) bne     gp, s8, pc - 50
core   0: 0 0x80004c3c (0xfd8197e3)
core   0: 0x80004c0a (0x2e522693) slti    a3, tp, 741
core   0: 0 0x80004c0a (0x2e522693) x13 0x00000001
core   0: 0x80004c0e (0x016ac6b3) xor     a3, s5, s6
core   0: 0 0x80004c0e (0x016ac6b3) x13 0x00000008
core   0: 0x80004c12 (0x0060c533) xor     a0, ra, t1
core   0: 0 0x80004c12 (0x0060c533) x10 0x00000000
core   0: 0x80004c16 (0x000000e6) c.slli  ra, 25
core   0: 0 0x80004c16 (0x00e6) x1  0x00000000
core   0: 0x80004c18 (0x00009706) c.add   a4, ra
core   0: 0 0x80004c18 (0x9706) x14 0x00000000
core   0: 0x80004c1a (0x00781033) sll     zero, a6, t2
core   0: 0 0x80004c1a (0x00781033)
core   0: 0x80004c1e (0x01735893) srli    a7, t1, 23
core   0: 0 0x80004c1e (0x01735893) x17 0x00000000
core   0: 0x80004c22 (0x00eb28b3) slt     a7, s6, a4
core   0: 0 0x80004c22 (0x00eb28b3) x17 0x00000000
core   0: 0x80004c26 (0x4144da13) srai    s4, s1, 20
core   0: 0 0x80004c26 (0x4144da13) x20 0x00000000
core   0: 0x80004c2a (0x00006cf1) c.lui   s9, 0x1c
core   0: 0 0x80004c2a (0x6cf1) x25 0x0001c000
core   0: 0x80004c2c (0x00000189) c.addi  gp, 2
core   0: 0 0x80004c2c (0x0189) x3  0xfffffffc
core   0: 0x80004c2e (0x02328bb3) mul     s7, t0, gp
core   0: 0 0x80004c2e (0x02328bb3) x23 0x1c807f68
core   0: 0x80004c32 (0x00000656) c.slli  a2, 21
core   0: 0 0x80004c32 (0x0656) x12 0x00000000
core   0: 0x80004c34 (0x01115813) srli    a6, sp, 17
core   0: 0 0x80004c34 (0x01115813) x16 0x00004001
core   0: 0x80004c38 (0x00f9bf33) sltu    t5, s3, a5
core   0: 0 0x80004c38 (0x00f9bf33) x30 0x00000001
core   0: 0x80004c3c (0xfd8197e3) bne     gp, s8, pc - 50
core   0: 0 0x80004c3c (0xfd8197e3)
core   0: 0x80004c0a (0x2e522693) slti    a3, tp, 741
core   0: 0 0x80004c0a (0x2e522693) x13 0x00000001
core   0: 0x80004c0e (0x016ac6b3) xor     a3, s5, s6
core   0: 0 0x80004c0e (0x016ac6b3) x13 0x00000008
core   0: 0x80004c12 (0x0060c533) xor     a0, ra, t1
core   0: 0 0x80004c12 (0x0060c533) x10 0x00000000
core   0: 0x80004c16 (0x000000e6) c.slli  ra, 25
core   0: 0 0x80004c16 (0x00e6) x1  0x00000000
core   0: 0x80004c18 (0x00009706) c.add   a4, ra
core   0: 0 0x80004c18 (0x9706) x14 0x00000000
core   0: 0x80004c1a (0x00781033) sll     zero, a6, t2
core   0: 0 0x80004c1a (0x00781033)
core   0: 0x80004c1e (0x01735893) srli    a7, t1, 23
core   0: 0 0x80004c1e (0x01735893) x17 0x00000000
core   0: 0x80004c22 (0x00eb28b3) slt     a7, s6, a4
core   0: 0 0x80004c22 (0x00eb28b3) x17 0x00000000
core   0: 0x80004c26 (0x4144da13) srai    s4, s1, 20
core   0: 0 0x80004c26 (0x4144da13) x20 0x00000000
core   0: 0x80004c2a (0x00006cf1) c.lui   s9, 0x1c
core   0: 0 0x80004c2a (0x6cf1) x25 0x0001c000
core   0: 0x80004c2c (0x00000189) c.addi  gp, 2
core   0: 0 0x80004c2c (0x0189) x3  0xfffffffe
core   0: 0x80004c2e (0x02328bb3) mul     s7, t0, gp
core   0: 0 0x80004c2e (0x02328bb3) x23 0x8e403fb4
core   0: 0x80004c32 (0x00000656) c.slli  a2, 21
core   0: 0 0x80004c32 (0x0656) x12 0x00000000
core   0: 0x80004c34 (0x01115813) srli    a6, sp, 17
core   0: 0 0x80004c34 (0x01115813) x16 0x00004001
core   0: 0x80004c38 (0x00f9bf33) sltu    t5, s3, a5
core   0: 0 0x80004c38 (0x00f9bf33) x30 0x00000001
core   0: 0x80004c3c (0xfd8197e3) bne     gp, s8, pc - 50
core   0: 0 0x80004c3c (0xfd8197e3)
core   0: 0x80004c0a (0x2e522693) slti    a3, tp, 741
core   0: 0 0x80004c0a (0x2e522693) x13 0x00000001
core   0: 0x80004c0e (0x016ac6b3) xor     a3, s5, s6
core   0: 0 0x80004c0e (0x016ac6b3) x13 0x00000008
core   0: 0x80004c12 (0x0060c533) xor     a0, ra, t1
core   0: 0 0x80004c12 (0x0060c533) x10 0x00000000
core   0: 0x80004c16 (0x000000e6) c.slli  ra, 25
core   0: 0 0x80004c16 (0x00e6) x1  0x00000000
core   0: 0x80004c18 (0x00009706) c.add   a4, ra
core   0: 0 0x80004c18 (0x9706) x14 0x00000000
core   0: 0x80004c1a (0x00781033) sll     zero, a6, t2
core   0: 0 0x80004c1a (0x00781033)
core   0: 0x80004c1e (0x01735893) srli    a7, t1, 23
core   0: 0 0x80004c1e (0x01735893) x17 0x00000000
core   0: 0x80004c22 (0x00eb28b3) slt     a7, s6, a4
core   0: 0 0x80004c22 (0x00eb28b3) x17 0x00000000
core   0: 0x80004c26 (0x4144da13) srai    s4, s1, 20
core   0: 0 0x80004c26 (0x4144da13) x20 0x00000000
core   0: 0x80004c2a (0x00006cf1) c.lui   s9, 0x1c
core   0: 0 0x80004c2a (0x6cf1) x25 0x0001c000
core   0: 0x80004c2c (0x00000189) c.addi  gp, 2
core   0: 0 0x80004c2c (0x0189) x3  0x00000000
core   0: 0x80004c2e (0x02328bb3) mul     s7, t0, gp
core   0: 0 0x80004c2e (0x02328bb3) x23 0x00000000
core   0: 0x80004c32 (0x00000656) c.slli  a2, 21
core   0: 0 0x80004c32 (0x0656) x12 0x00000000
core   0: 0x80004c34 (0x01115813) srli    a6, sp, 17
core   0: 0 0x80004c34 (0x01115813) x16 0x00004001
core   0: 0x80004c38 (0x00f9bf33) sltu    t5, s3, a5
core   0: 0 0x80004c38 (0x00f9bf33) x30 0x00000001
core   0: 0x80004c3c (0xfd8197e3) bne     gp, s8, pc - 50
core   0: 0 0x80004c3c (0xfd8197e3)
core   0: 0x80004c0a (0x2e522693) slti    a3, tp, 741
core   0: 0 0x80004c0a (0x2e522693) x13 0x00000001
core   0: 0x80004c0e (0x016ac6b3) xor     a3, s5, s6
core   0: 0 0x80004c0e (0x016ac6b3) x13 0x00000008
core   0: 0x80004c12 (0x0060c533) xor     a0, ra, t1
core   0: 0 0x80004c12 (0x0060c533) x10 0x00000000
core   0: 0x80004c16 (0x000000e6) c.slli  ra, 25
core   0: 0 0x80004c16 (0x00e6) x1  0x00000000
core   0: 0x80004c18 (0x00009706) c.add   a4, ra
core   0: 0 0x80004c18 (0x9706) x14 0x00000000
core   0: 0x80004c1a (0x00781033) sll     zero, a6, t2
core   0: 0 0x80004c1a (0x00781033)
core   0: 0x80004c1e (0x01735893) srli    a7, t1, 23
core   0: 0 0x80004c1e (0x01735893) x17 0x00000000
core   0: 0x80004c22 (0x00eb28b3) slt     a7, s6, a4
core   0: 0 0x80004c22 (0x00eb28b3) x17 0x00000000
core   0: 0x80004c26 (0x4144da13) srai    s4, s1, 20
core   0: 0 0x80004c26 (0x4144da13) x20 0x00000000
core   0: 0x80004c2a (0x00006cf1) c.lui   s9, 0x1c
core   0: 0 0x80004c2a (0x6cf1) x25 0x0001c000
core   0: 0x80004c2c (0x00000189) c.addi  gp, 2
core   0: 0 0x80004c2c (0x0189) x3  0x00000002
core   0: 0x80004c2e (0x02328bb3) mul     s7, t0, gp
core   0: 0 0x80004c2e (0x02328bb3) x23 0x71bfc04c
core   0: 0x80004c32 (0x00000656) c.slli  a2, 21
core   0: 0 0x80004c32 (0x0656) x12 0x00000000
core   0: 0x80004c34 (0x01115813) srli    a6, sp, 17
core   0: 0 0x80004c34 (0x01115813) x16 0x00004001
core   0: 0x80004c38 (0x00f9bf33) sltu    t5, s3, a5
core   0: 0 0x80004c38 (0x00f9bf33) x30 0x00000001
core   0: 0x80004c3c (0xfd8197e3) bne     gp, s8, pc - 50
core   0: 0 0x80004c3c (0xfd8197e3)
core   0: 0x80004c0a (0x2e522693) slti    a3, tp, 741
core   0: 0 0x80004c0a (0x2e522693) x13 0x00000001
core   0: 0x80004c0e (0x016ac6b3) xor     a3, s5, s6
core   0: 0 0x80004c0e (0x016ac6b3) x13 0x00000008
core   0: 0x80004c12 (0x0060c533) xor     a0, ra, t1
core   0: 0 0x80004c12 (0x0060c533) x10 0x00000000
core   0: 0x80004c16 (0x000000e6) c.slli  ra, 25
core   0: 0 0x80004c16 (0x00e6) x1  0x00000000
core   0: 0x80004c18 (0x00009706) c.add   a4, ra
core   0: 0 0x80004c18 (0x9706) x14 0x00000000
core   0: 0x80004c1a (0x00781033) sll     zero, a6, t2
core   0: 0 0x80004c1a (0x00781033)
core   0: 0x80004c1e (0x01735893) srli    a7, t1, 23
core   0: 0 0x80004c1e (0x01735893) x17 0x00000000
core   0: 0x80004c22 (0x00eb28b3) slt     a7, s6, a4
core   0: 0 0x80004c22 (0x00eb28b3) x17 0x00000000
core   0: 0x80004c26 (0x4144da13) srai    s4, s1, 20
core   0: 0 0x80004c26 (0x4144da13) x20 0x00000000
core   0: 0x80004c2a (0x00006cf1) c.lui   s9, 0x1c
core   0: 0 0x80004c2a (0x6cf1) x25 0x0001c000
core   0: 0x80004c2c (0x00000189) c.addi  gp, 2
core   0: 0 0x80004c2c (0x0189) x3  0x00000004
core   0: 0x80004c2e (0x02328bb3) mul     s7, t0, gp
core   0: 0 0x80004c2e (0x02328bb3) x23 0xe37f8098
core   0: 0x80004c32 (0x00000656) c.slli  a2, 21
core   0: 0 0x80004c32 (0x0656) x12 0x00000000
core   0: 0x80004c34 (0x01115813) srli    a6, sp, 17
core   0: 0 0x80004c34 (0x01115813) x16 0x00004001
core   0: 0x80004c38 (0x00f9bf33) sltu    t5, s3, a5
core   0: 0 0x80004c38 (0x00f9bf33) x30 0x00000001
core   0: 0x80004c3c (0xfd8197e3) bne     gp, s8, pc - 50
core   0: 0 0x80004c3c (0xfd8197e3)
core   0: 0x80004c0a (0x2e522693) slti    a3, tp, 741
core   0: 0 0x80004c0a (0x2e522693) x13 0x00000001
core   0: 0x80004c0e (0x016ac6b3) xor     a3, s5, s6
core   0: 0 0x80004c0e (0x016ac6b3) x13 0x00000008
core   0: 0x80004c12 (0x0060c533) xor     a0, ra, t1
core   0: 0 0x80004c12 (0x0060c533) x10 0x00000000
core   0: 0x80004c16 (0x000000e6) c.slli  ra, 25
core   0: 0 0x80004c16 (0x00e6) x1  0x00000000
core   0: 0x80004c18 (0x00009706) c.add   a4, ra
core   0: 0 0x80004c18 (0x9706) x14 0x00000000
core   0: 0x80004c1a (0x00781033) sll     zero, a6, t2
core   0: 0 0x80004c1a (0x00781033)
core   0: 0x80004c1e (0x01735893) srli    a7, t1, 23
core   0: 0 0x80004c1e (0x01735893) x17 0x00000000
core   0: 0x80004c22 (0x00eb28b3) slt     a7, s6, a4
core   0: 0 0x80004c22 (0x00eb28b3) x17 0x00000000
core   0: 0x80004c26 (0x4144da13) srai    s4, s1, 20
core   0: 0 0x80004c26 (0x4144da13) x20 0x00000000
core   0: 0x80004c2a (0x00006cf1) c.lui   s9, 0x1c
core   0: 0 0x80004c2a (0x6cf1) x25 0x0001c000
core   0: 0x80004c2c (0x00000189) c.addi  gp, 2
core   0: 0 0x80004c2c (0x0189) x3  0x00000006
core   0: 0x80004c2e (0x02328bb3) mul     s7, t0, gp
core   0: 0 0x80004c2e (0x02328bb3) x23 0x553f40e4
core   0: 0x80004c32 (0x00000656) c.slli  a2, 21
core   0: 0 0x80004c32 (0x0656) x12 0x00000000
core   0: 0x80004c34 (0x01115813) srli    a6, sp, 17
core   0: 0 0x80004c34 (0x01115813) x16 0x00004001
core   0: 0x80004c38 (0x00f9bf33) sltu    t5, s3, a5
core   0: 0 0x80004c38 (0x00f9bf33) x30 0x00000001
core   0: 0x80004c3c (0xfd8197e3) bne     gp, s8, pc - 50
core   0: 0 0x80004c3c (0xfd8197e3)
core   0: 0x80004c0a (0x2e522693) slti    a3, tp, 741
core   0: 0 0x80004c0a (0x2e522693) x13 0x00000001
core   0: 0x80004c0e (0x016ac6b3) xor     a3, s5, s6
core   0: 0 0x80004c0e (0x016ac6b3) x13 0x00000008
core   0: 0x80004c12 (0x0060c533) xor     a0, ra, t1
core   0: 0 0x80004c12 (0x0060c533) x10 0x00000000
core   0: 0x80004c16 (0x000000e6) c.slli  ra, 25
core   0: 0 0x80004c16 (0x00e6) x1  0x00000000
core   0: 0x80004c18 (0x00009706) c.add   a4, ra
core   0: 0 0x80004c18 (0x9706) x14 0x00000000
core   0: 0x80004c1a (0x00781033) sll     zero, a6, t2
core   0: 0 0x80004c1a (0x00781033)
core   0: 0x80004c1e (0x01735893) srli    a7, t1, 23
core   0: 0 0x80004c1e (0x01735893) x17 0x00000000
core   0: 0x80004c22 (0x00eb28b3) slt     a7, s6, a4
core   0: 0 0x80004c22 (0x00eb28b3) x17 0x00000000
core   0: 0x80004c26 (0x4144da13) srai    s4, s1, 20
core   0: 0 0x80004c26 (0x4144da13) x20 0x00000000
core   0: 0x80004c2a (0x00006cf1) c.lui   s9, 0x1c
core   0: 0 0x80004c2a (0x6cf1) x25 0x0001c000
core   0: 0x80004c2c (0x00000189) c.addi  gp, 2
core   0: 0 0x80004c2c (0x0189) x3  0x00000008
core   0: 0x80004c2e (0x02328bb3) mul     s7, t0, gp
core   0: 0 0x80004c2e (0x02328bb3) x23 0xc6ff0130
core   0: 0x80004c32 (0x00000656) c.slli  a2, 21
core   0: 0 0x80004c32 (0x0656) x12 0x00000000
core   0: 0x80004c34 (0x01115813) srli    a6, sp, 17
core   0: 0 0x80004c34 (0x01115813) x16 0x00004001
core   0: 0x80004c38 (0x00f9bf33) sltu    t5, s3, a5
core   0: 0 0x80004c38 (0x00f9bf33) x30 0x00000001
core   0: 0x80004c3c (0xfd8197e3) bne     gp, s8, pc - 50
core   0: 0 0x80004c3c (0xfd8197e3)
core   0: 0x80004c0a (0x2e522693) slti    a3, tp, 741
core   0: 0 0x80004c0a (0x2e522693) x13 0x00000001
core   0: 0x80004c0e (0x016ac6b3) xor     a3, s5, s6
core   0: 0 0x80004c0e (0x016ac6b3) x13 0x00000008
core   0: 0x80004c12 (0x0060c533) xor     a0, ra, t1
core   0: 0 0x80004c12 (0x0060c533) x10 0x00000000
core   0: 0x80004c16 (0x000000e6) c.slli  ra, 25
core   0: 0 0x80004c16 (0x00e6) x1  0x00000000
core   0: 0x80004c18 (0x00009706) c.add   a4, ra
core   0: 0 0x80004c18 (0x9706) x14 0x00000000
core   0: 0x80004c1a (0x00781033) sll     zero, a6, t2
core   0: 0 0x80004c1a (0x00781033)
core   0: 0x80004c1e (0x01735893) srli    a7, t1, 23
core   0: 0 0x80004c1e (0x01735893) x17 0x00000000
core   0: 0x80004c22 (0x00eb28b3) slt     a7, s6, a4
core   0: 0 0x80004c22 (0x00eb28b3) x17 0x00000000
core   0: 0x80004c26 (0x4144da13) srai    s4, s1, 20
core   0: 0 0x80004c26 (0x4144da13) x20 0x00000000
core   0: 0x80004c2a (0x00006cf1) c.lui   s9, 0x1c
core   0: 0 0x80004c2a (0x6cf1) x25 0x0001c000
core   0: 0x80004c2c (0x00000189) c.addi  gp, 2
core   0: 0 0x80004c2c (0x0189) x3  0x0000000a
core   0: 0x80004c2e (0x02328bb3) mul     s7, t0, gp
core   0: 0 0x80004c2e (0x02328bb3) x23 0x38bec17c
core   0: 0x80004c32 (0x00000656) c.slli  a2, 21
core   0: 0 0x80004c32 (0x0656) x12 0x00000000
core   0: 0x80004c34 (0x01115813) srli    a6, sp, 17
core   0: 0 0x80004c34 (0x01115813) x16 0x00004001
core   0: 0x80004c38 (0x00f9bf33) sltu    t5, s3, a5
core   0: 0 0x80004c38 (0x00f9bf33) x30 0x00000001
core   0: 0x80004c3c (0xfd8197e3) bne     gp, s8, pc - 50
core   0: 0 0x80004c3c (0xfd8197e3)
core   0: 0x80004c40 (0x03a25a33) divu    s4, tp, s10
core   0: 0 0x80004c40 (0x03a25a33) x20 0xfffffa15
core   0: 0x80004c44 (0x018833b3) sltu    t2, a6, s8
core   0: 0 0x80004c44 (0x018833b3) x7  0x00000000
core   0: 0x80004c48 (0x0036b733) sltu    a4, a3, gp
core   0: 0 0x80004c48 (0x0036b733) x14 0x00000001
core   0: 0x80004c4c (0x02842e33) mulhsu  t3, s0, s0
core   0: 0 0x80004c4c (0x02842e33) x28 0x00000000
core   0: 0x80004c50 (0x02096463) bltu    s2, zero, pc + 40
core   0: 0 0x80004c50 (0x02096463)
core   0: 0x80004c54 (0x087a3913) sltiu   s2, s4, 135
core   0: 0 0x80004c54 (0x087a3913) x18 0x00000000
core   0: 0x80004c58 (0x98027037) lui     zero, 0x98027
core   0: 0 0x80004c58 (0x98027037)
core   0: 0x80004c5c (0x01d06863) bltu    zero, t4, pc + 16
core   0: 0 0x80004c5c (0x01d06863)
core   0: 0x80004c6c (0x01706e63) bltu    zero, s7, pc + 28
core   0: 0 0x80004c6c (0x01706e63)
core   0: 0x80004c88 (0xa5c16693) ori     a3, sp, -1444
core   0: 0 0x80004c88 (0xa5c16693) x13 0xfffffe7c
core   0: 0x80004c8c (0x03c1e2b3) rem     t0, gp, t3
core   0: 0 0x80004c8c (0x03c1e2b3) x5  0x0000000a
core   0: 0x80004c90 (0x000084e5) c.srai  s1, 25
core   0: 0 0x80004c90 (0x84e5) x9  0x00000000
core   0: 0x80004c92 (0x012a9093) slli    ra, s5, 18
core   0: 0 0x80004c92 (0x012a9093) x1  0x00240000
core   0: 0x80004c96 (0x713683b7) lui     t2, 0x71368
core   0: 0 0x80004c96 (0x713683b7) x7  0x71368000
core   0: 0x80004c9a (0x0034af33) slt     t5, s1, gp
core   0: 0 0x80004c9a (0x0034af33) x30 0x00000001
core   0: 0x80004c9e (0x00000001) c.nop
core   0: 0 0x80004c9e (0x0001)
core   0: 0x80004ca0 (0x024e44b3) div     s1, t3, tp
core   0: 0 0x80004ca0 (0x024e44b3) x9  0x00000000
core   0: 0x80004ca4 (0x0232e9b3) rem     s3, t0, gp
core   0: 0 0x80004ca4 (0x0232e9b3) x19 0x00000000
core   0: 0x80004ca8 (0x4189d993) srai    s3, s3, 24
core   0: 0 0x80004ca8 (0x4189d993) x19 0x00000000
core   0: 0x80004cac (0x00009ede) c.add   t4, s7
core   0: 0 0x80004cac (0x9ede) x29 0x38bec17d
core   0: 0x80004cae (0x021cbdb3) mulhu   s11, s9, ra
core   0: 0 0x80004cae (0x021cbdb3) x27 0x0000003f
core   0: 0x80004cb2 (0x9159ef13) ori     t5, s3, -1771
core   0: 0 0x80004cb2 (0x9159ef13) x30 0xfffff915
core   0: 0x80004cb6 (0x019fc563) blt     t6, s9, pc + 10
core   0: 0 0x80004cb6 (0x019fc563)
core   0: 0x80004cc0 (0x000082b1) c.srli  a3, 12
core   0: 0 0x80004cc0 (0x82b1) x13 0x000fffff
core   0: 0x80004cc2 (0x0101ff33) and     t5, gp, a6
core   0: 0 0x80004cc2 (0x0101ff33) x30 0x00000000
core   0: 0x80004cc6 (0x01157e33) and     t3, a0, a7
core   0: 0 0x80004cc6 (0x01157e33) x28 0x00000000
core   0: 0x80004cca (0x7ac00193) li      gp, 1964
core   0: 0 0x80004cca (0x7ac00193) x3  0x000007ac
core   0: 0x80004cce (0x00008c25) c.xor   s0, s1
core   0: 0 0x80004cce (0x8c25) x8  0x00000000
core   0: 0x80004cd0 (0x0373c633) div     a2, t2, s7
core   0: 0 0x80004cd0 (0x0373c633) x12 0x00000001
core   0: 0x80004cd4 (0x03fcd9b3) divu    s3, s9, t6
core   0: 0 0x80004cd4 (0x03fcd9b3) x19 0xffffffff
core   0: 0x80004cd8 (0x024af263) bgeu    s5, tp, pc + 36
core   0: 0 0x80004cd8 (0x024af263)
core   0: 0x80004cdc (0x0000e71d) c.bnez  a4, pc + 46
core   0: 0 0x80004cdc (0xe71d)
core   0: 0x80004d0a (0x00008e0d) c.sub   a2, a1
core   0: 0 0x80004d0a (0x8e0d) x12 0x00000005
core   0: 0x80004d0c (0x03c522b3) mulhsu  t0, a0, t3
core   0: 0 0x80004d0c (0x03c522b3) x5  0x00000000
core   0: 0x80004d10 (0x0000c48d) c.beqz  s1, pc + 42
core   0: 0 0x80004d10 (0xc48d)
core   0: 0x80004d3a (0x00008df9) c.and   a1, a4
core   0: 0 0x80004d3a (0x8df9) x11 0x00000000
core   0: 0x80004d3c (0x014ecdb3) xor     s11, t4, s4
core   0: 0 0x80004d3c (0x014ecdb3) x27 0xc7413b68
core   0: 0x80004d40 (0x03beb5b3) mulhu   a1, t4, s11
core   0: 0 0x80004d40 (0x03beb5b3) x11 0x2c2abe02
core   0: 0x80004d44 (0x00008095) c.srli  s1, 5
core   0: 0 0x80004d44 (0x8095) x9  0x00000000
core   0: 0x80004d46 (0x809a6993) ori     s3, s4, -2039
core   0: 0 0x80004d46 (0x809a6993) x19 0xfffffa1d
core   0: 0x80004d4a (0x03184db3) div     s11, a6, a7
core   0: 0 0x80004d4a (0x03184db3) x27 0xffffffff
core   0: 0x80004d4e (0x5292bb13) sltiu   s6, t0, 1321
core   0: 0 0x80004d4e (0x5292bb13) x22 0x00000001
core   0: 0x80004d52 (0x00ba3eb3) sltu    t4, s4, a1
core   0: 0 0x80004d52 (0x00ba3eb3) x29 0x00000000
core   0: 0x80004d56 (0x404753b3) sra     t2, a4, tp
core   0: 0 0x80004d56 (0x404753b3) x7  0x00000000
core   0: 0x80004d5a (0x00806933) or      s2, zero, s0
core   0: 0 0x80004d5a (0x00806933) x18 0x00000000
core   0: 0x80004d5e (0x00000001) c.nop
core   0: 0 0x80004d5e (0x0001)
core   0: 0x80004d60 (0x01193733) sltu    a4, s2, a7
core   0: 0 0x80004d60 (0x01193733) x14 0x00000000
core   0: 0x80004d64 (0x000064fd) c.lui   s1, 0x1f
core   0: 0 0x80004d64 (0x64fd) x9  0x0001f000
core   0: 0x80004d66 (0x00008f19) c.sub   a4, a4
core   0: 0 0x80004d66 (0x8f19) x14 0x00000000
core   0: 0x80004d68 (0x03c0e3b3) rem     t2, ra, t3
core   0: 0 0x80004d68 (0x03c0e3b3) x7  0x00240000
core   0: 0x80004d6c (0x03104963) blt     zero, a7, pc + 50
core   0: 0 0x80004d6c (0x03104963)
core   0: 0x80004d70 (0x02057063) bgeu    a0, zero, pc + 32
core   0: 0 0x80004d70 (0x02057063)
core   0: 0x80004d90 (0x0000e019) c.bnez  s0, pc + 6
core   0: 0 0x80004d90 (0xe019)
core   0: 0x80004d92 (0x0ff0000f) fence   iorw,iorw
core   0: 0 0x80004d92 (0x0ff0000f)
core   0: 0x80004d96 (0x8ca31237) lui     tp, 0x8ca31
core   0: 0 0x80004d96 (0x8ca31237) x4  0x8ca31000
core   0: 0x80004d9a (0x00008eb1) c.xor   a3, a2
core   0: 0 0x80004d9a (0x8eb1) x13 0x000ffffa
core   0: 0x80004d9c (0x00001a7d) c.addi  s4, -1
core   0: 0 0x80004d9c (0x1a7d) x20 0xfffffa14
core   0: 0x80004d9e (0x40c98933) sub     s2, s3, a2
core   0: 0 0x80004d9e (0x40c98933) x18 0xfffffa18
core   0: 0x80004da2 (0x00006f39) c.lui   t5, 0xe
core   0: 0 0x80004da2 (0x6f39) x30 0x0000e000
core   0: 0x80004da4 (0x000001da) c.slli  gp, 22
core   0: 0 0x80004da4 (0x01da) x3  0xeb000000
core   0: 0x80004da6 (0x4bc43c93) sltiu   s9, s0, 1212
core   0: 0 0x80004da6 (0x4bc43c93) x25 0x00000001
core   0: 0x80004daa (0x409c0eb3) sub     t4, s8, s1
core   0: 0 0x80004daa (0x409c0eb3) x29 0xfffe100a
core   0: 0x80004dae (0x0000e299) c.bnez  a3, pc + 6
core   0: 0 0x80004dae (0xe299)
core   0: 0x80004db4 (0x02b909b3) mul     s3, s2, a1
core   0: 0 0x80004db4 (0x02b909b3) x19 0x238dc430
core   0: 0x80004db8 (0x03f57f33) remu    t5, a0, t6
core   0: 0 0x80004db8 (0x03f57f33) x30 0x00000000
core   0: 0x80004dbc (0x0000871d) c.srai  a4, 7
core   0: 0 0x80004dbc (0x871d) x14 0x00000000
core   0: 0x80004dbe (0x000065d5) c.lui   a1, 0x15
core   0: 0 0x80004dbe (0x65d5) x11 0x00015000
core   0: 0x80004dc0 (0x41425db3) sra     s11, tp, s4
core   0: 0 0x80004dc0 (0x41425db3) x27 0xfffff8ca
core   0: 0x80004dc4 (0x01961413) slli    s0, a2, 25
core   0: 0 0x80004dc4 (0x01961413) x8  0x0a000000
core   0: 0x80004dc8 (0x018f1a33) sll     s4, t5, s8
core   0: 0 0x80004dc8 (0x018f1a33) x20 0x00000000
core   0: 0x80004dcc (0x03357033) remu    zero, a0, s3
core   0: 0 0x80004dcc (0x03357033)
core   0: 0x80004dd0 (0x03019f33) mulh    t5, gp, a6
core   0: 0 0x80004dd0 (0x03019f33) x30 0xfffffabf
core   0: 0x80004dd4 (0x000008ae) c.slli  a7, 11
core   0: 0 0x80004dd4 (0x08ae) x17 0x00000000
core   0: 0x80004dd6 (0x03774db3) div     s11, a4, s7
core   0: 0 0x80004dd6 (0x03774db3) x27 0x00000000
core   0: 0x80004dda (0x55573d93) sltiu   s11, a4, 1365
core   0: 0 0x80004dda (0x55573d93) x27 0x00000001
core   0: 0x80004dde (0x00008c25) c.xor   s0, s1
core   0: 0 0x80004dde (0x8c25) x8  0x0a01f000
core   0: 0x80004de0 (0x02ce0d63) beq     t3, a2, pc + 58
core   0: 0 0x80004de0 (0x02ce0d63)
core   0: 0x80004de4 (0x00008995) c.andi  a1, 5
core   0: 0 0x80004de4 (0x8995) x11 0x00000000
core   0: 0x80004de6 (0x02472c33) mulhsu  s8, a4, tp
core   0: 0 0x80004de6 (0x02472c33) x24 0x00000000
core   0: 0x80004dea (0x00faf533) and     a0, s5, a5
core   0: 0 0x80004dea (0x00faf533) x10 0x00000000
core   0: 0x80004dee (0x40500533) sub     a0, zero, t0
core   0: 0 0x80004dee (0x40500533) x10 0x00000000
core   0: 0x80004df2 (0x03859963) bne     a1, s8, pc + 50
core   0: 0 0x80004df2 (0x03859963)
core   0: 0x80004df6 (0x00009f92) c.add   t6, tp
core   0: 0 0x80004df6 (0x9f92) x31 0x8ca31000
core   0: 0x80004df8 (0x011c9613) slli    a2, s9, 17
core   0: 0 0x80004df8 (0x011c9613) x12 0x00020000
core   0: 0x80004dfc (0x0cef7d13) andi    s10, t5, 206
core   0: 0 0x80004dfc (0x0cef7d13) x26 0x0000008e
core   0: 0x80004e00 (0xa9536593) ori     a1, t1, -1387
core   0: 0 0x80004e00 (0xa9536593) x11 0xfffffa95
core   0: 0x80004e04 (0x41695313) srai    t1, s2, 22
core   0: 0 0x80004e04 (0x41695313) x6  0xffffffff
core   0: 0x80004e08 (0x01cecbb3) xor     s7, t4, t3
core   0: 0 0x80004e08 (0x01cecbb3) x23 0xfffe100a
core   0: 0x80004e0c (0x0000100f) fence.i
core   0: 0 0x80004e0c (0x0000100f)
core   0: 0x80004e10 (0x00000d4a) c.slli  s10, 18
core   0: 0 0x80004e10 (0x0d4a) x26 0x02380000
core   0: 0x80004e12 (0xe585fd13) andi    s10, a1, -424
core   0: 0 0x80004e12 (0xe585fd13) x26 0xfffffa10
core   0: 0x80004e16 (0x40628233) sub     tp, t0, t1
core   0: 0 0x80004e16 (0x40628233) x4  0x00000001
core   0: 0x80004e1a (0x00008dd9) c.or    a1, a4
core   0: 0 0x80004e1a (0x8dd9) x11 0xfffffa95
core   0: 0x80004e1c (0x000f92b3) sll     t0, t6, zero
core   0: 0 0x80004e1c (0x000f92b3) x5  0x8ca31000
core   0: 0x80004e20 (0xd1aaed93) ori     s11, s5, -742
core   0: 0 0x80004e20 (0xd1aaed93) x27 0xfffffd1b
core   0: 0x80004e24 (0x00000d69) c.addi  s10, 26
core   0: 0 0x80004e24 (0x0d69) x26 0xfffffa2a
core   0: 0x80004e26 (0x000086a5) c.srai  a3, 9
core   0: 0 0x80004e26 (0x86a5) x13 0x000007ff
core   0: 0x80004e28 (0x00b97b63) bgeu    s2, a1, pc + 22
core   0: 0 0x80004e28 (0x00b97b63)
core   0: 0x80004e2c (0x03011763) bne     sp, a6, pc + 46
core   0: 0 0x80004e2c (0x03011763)
core   0: 0x80004e5a (0x00be8c63) beq     t4, a1, pc + 24
core   0: 0 0x80004e5a (0x00be8c63)
core   0: 0x80004e5e (0x01793db3) sltu    s11, s2, s7
core   0: 0 0x80004e5e (0x01793db3) x27 0x00000000
core   0: 0x80004e62 (0x02ef7bb3) remu    s7, t5, a4
core   0: 0 0x80004e62 (0x02ef7bb3) x23 0xfffffabf
core   0: 0x80004e66 (0x25aca513) slti    a0, s9, 602
core   0: 0 0x80004e66 (0x25aca513) x10 0x00000001
core   0: 0x80004e6a (0x0000073e) c.slli  a4, 15
core   0: 0 0x80004e6a (0x073e) x14 0x00000000
core   0: 0x80004e6c (0x00006bd9) c.lui   s7, 0x16
core   0: 0 0x80004e6c (0x6bd9) x23 0x00016000
core   0: 0x80004e6e (0x09c7ec17) auipc   s8, 0x9c7e
core   0: 0 0x80004e6e (0x09c7ec17) x24 0x89c82e6e
core   0: 0x80004e72 (0x01c913b3) sll     t2, s2, t3
core   0: 0 0x80004e72 (0x01c913b3) x7  0xfffffa18
core   0: 0x80004e76 (0x4060d9b3) sra     s3, ra, t1
core   0: 0 0x80004e76 (0x4060d9b3) x19 0x00000000
core   0: 0x80004e7a (0x41328bb3) sub     s7, t0, s3
core   0: 0 0x80004e7a (0x41328bb3) x23 0x8ca31000
core   0: 0x80004e7e (0x00008269) c.srli  a2, 26
core   0: 0 0x80004e7e (0x8269) x12 0x00000000
core   0: 0x80004e80 (0x00000001) c.nop
core   0: 0 0x80004e80 (0x0001)
core   0: 0x80004e82 (0x41115313) srai    t1, sp, 17
core   0: 0 0x80004e82 (0x41115313) x6  0xffffc001
core   0: 0x80004e86 (0x0000100f) fence.i
core   0: 0 0x80004e86 (0x0000100f)
core   0: 0x80004e8a (0x00aa5db3) srl     s11, s4, a0
core   0: 0 0x80004e8a (0x00aa5db3) x27 0x00000000
core   0: 0x80004e8e (0x00000001) c.nop
core   0: 0 0x80004e8e (0x0001)
core   0: 0x80004e90 (0x000091be) c.add   gp, a5
core   0: 0 0x80004e90 (0x91be) x3  0x6b028ce4
core   0: 0x80004e92 (0x00008371) c.srli  a4, 28
core   0: 0 0x80004e92 (0x8371) x14 0x00000000
core   0: 0x80004e94 (0x03fc7563) bgeu    s8, t6, pc + 42
core   0: 0 0x80004e94 (0x03fc7563)
core   0: 0x80004e98 (0x00008ef5) c.and   a3, a3
core   0: 0 0x80004e98 (0x8ef5) x13 0x000007ff
core   0: 0x80004e9a (0x028f15b3) mulh    a1, t5, s0
core   0: 0 0x80004e9a (0x028f15b3) x11 0xffffffcb
core   0: 0x80004e9e (0x2d0b1297) auipc   t0, 0x2d0b1
core   0: 0 0x80004e9e (0x2d0b1297) x5  0xad0b5e9e
core   0: 0x80004ea2 (0x00000001) c.nop
core   0: 0 0x80004ea2 (0x0001)
core   0: 0x80004ea4 (0x0000100f) fence.i
core   0: 0 0x80004ea4 (0x0000100f)
core   0: 0x80004ea8 (0x00008cad) c.xor   s1, a1
core   0: 0 0x80004ea8 (0x8cad) x9  0xfffe0fcb
core   0: 0x80004eaa (0x0000c159) c.beqz  a0, pc + 134
core   0: 0 0x80004eaa (0xc159)
core   0: 0x80004eac (0x01d778b3) and     a7, a4, t4
core   0: 0 0x80004eac (0x01d778b3) x17 0x00000000
core   0: 0x80004eb0 (0x41135b13) srai    s6, t1, 17
core   0: 0 0x80004eb0 (0x41135b13) x22 0xffffffff
core   0: 0x80004eb4 (0x00008e71) c.and   a2, a2
core   0: 0 0x80004eb4 (0x8e71) x12 0x00000000
core   0: 0x80004eb6 (0x09c78863) beq     a5, t3, pc + 144
core   0: 0 0x80004eb6 (0x09c78863)
core   0: 0x80004eba (0x00000666) c.slli  a2, 25
core   0: 0 0x80004eba (0x0666) x12 0x00000000
core   0: 0x80004ebc (0x00008c36) c.mv    s8, a3
core   0: 0 0x80004ebc (0x8c36) x24 0x000007ff
core   0: 0x80004ebe (0x0ff0000f) fence   iorw,iorw
core   0: 0 0x80004ebe (0x0ff0000f)
core   0: 0x80004ec2 (0xceb1e1b7) lui     gp, 0xceb1e
core   0: 0 0x80004ec2 (0xceb1e1b7) x3  0xceb1e000
core   0: 0x80004ec6 (0x000055e1) c.li    a1, -8
core   0: 0 0x80004ec6 (0x55e1) x11 0xfffffff8
core   0: 0x80004ec8 (0x00000001) c.nop
core   0: 0 0x80004ec8 (0x0001)
core   0: 0x80004eca (0x00354f33) xor     t5, a0, gp
core   0: 0 0x80004eca (0x00354f33) x30 0xceb1e001
core   0: 0x80004ece (0x00000001) c.nop
core   0: 0 0x80004ece (0x0001)
core   0: 0x80004ed0 (0x41ccdc93) srai    s9, s9, 28
core   0: 0 0x80004ed0 (0x41ccdc93) x25 0x00000000
core   0: 0x80004ed4 (0x038909b3) mul     s3, s2, s8
core   0: 0 0x80004ed4 (0x038909b3) x19 0xffd0c5e8
core   0: 0x80004ed8 (0x000058b9) c.li    a7, -18
core   0: 0 0x80004ed8 (0x58b9) x17 0xffffffee
core   0: 0x80004eda (0x00009c86) c.add   s9, ra
core   0: 0 0x80004eda (0x9c86) x25 0x00240000
core   0: 0x80004edc (0x3d66a937) lui     s2, 0x3d66a
core   0: 0 0x80004edc (0x3d66a937) x18 0x3d66a000
core   0: 0x80004ee0 (0x06d6a837) lui     a6, 0x6d6a
core   0: 0 0x80004ee0 (0x06d6a837) x16 0x06d6a000
core   0: 0x80004ee4 (0x01431f13) slli    t5, t1, 20
core   0: 0 0x80004ee4 (0x01431f13) x30 0x00100000
core   0: 0x80004ee8 (0x0250a6b3) mulhsu  a3, ra, t0
core   0: 0 0x80004ee8 (0x0250a6b3) x13 0x00185599
core   0: 0x80004eec (0x000015e1) c.addi  a1, -8
core   0: 0 0x80004eec (0x15e1) x11 0xfffffff0
core   0: 0x80004eee (0x00370f33) add     t5, a4, gp
core   0: 0 0x80004eee (0x00370f33) x30 0xceb1e000
core   0: 0x80004ef2 (0x0000537d) c.li    t1, -1
core   0: 0 0x80004ef2 (0x537d) x6  0xffffffff
core   0: 0x80004ef4 (0x00000531) c.addi  a0, 12
core   0: 0 0x80004ef4 (0x0531) x10 0x0000000d
core   0: 0x80004ef6 (0x00004fc5) c.li    t6, 17
core   0: 0 0x80004ef6 (0x4fc5) x31 0x00000011
core   0: 0x80004ef8 (0x0000100f) fence.i
core   0: 0 0x80004ef8 (0x0000100f)
core   0: 0x80004efc (0x02441bb3) mulh    s7, s0, tp
core   0: 0 0x80004efc (0x02441bb3) x23 0x00000000
core   0: 0x80004f00 (0x00008ea5) c.xor   a3, s1
core   0: 0 0x80004f00 (0x8ea5) x13 0xffe65a52
core   0: 0x80004f02 (0x016e6d33) or      s10, t3, s6
core   0: 0 0x80004f02 (0x016e6d33) x26 0xffffffff
core   0: 0x80004f06 (0xc7ec4413) xori    s0, s8, -898
core   0: 0 0x80004f06 (0xc7ec4413) x8  0xfffffb81
core   0: 0x80004f0a (0x03ce6233) rem     tp, t3, t3
core   0: 0 0x80004f0a (0x03ce6233) x4  0x00000000
core   0: 0x80004f0e (0x00405693) srli    a3, zero, 4
core   0: 0 0x80004f0e (0x00405693) x13 0x00000000
core   0: 0x80004f12 (0x0394d1b3) divu    gp, s1, s9
core   0: 0 0x80004f12 (0x0394d1b3) x3  0x0000071c
core   0: 0x80004f16 (0x00000319) c.addi  t1, 6
core   0: 0 0x80004f16 (0x0319) x6  0x00000005
core   0: 0x80004f18 (0x00008216) c.mv    tp, t0
core   0: 0 0x80004f18 (0x8216) x4  0xad0b5e9e
core   0: 0x80004f1a (0xfff348e3) blt     t1, t6, pc - 16
core   0: 0 0x80004f1a (0xfff348e3)
core   0: 0x80004f0a (0x03ce6233) rem     tp, t3, t3
core   0: 0 0x80004f0a (0x03ce6233) x4  0x00000000
core   0: 0x80004f0e (0x00405693) srli    a3, zero, 4
core   0: 0 0x80004f0e (0x00405693) x13 0x00000000
core   0: 0x80004f12 (0x0394d1b3) divu    gp, s1, s9
core   0: 0 0x80004f12 (0x0394d1b3) x3  0x0000071c
core   0: 0x80004f16 (0x00000319) c.addi  t1, 6
core   0: 0 0x80004f16 (0x0319) x6  0x0000000b
core   0: 0x80004f18 (0x00008216) c.mv    tp, t0
core   0: 0 0x80004f18 (0x8216) x4  0xad0b5e9e
core   0: 0x80004f1a (0xfff348e3) blt     t1, t6, pc - 16
core   0: 0 0x80004f1a (0xfff348e3)
core   0: 0x80004f0a (0x03ce6233) rem     tp, t3, t3
core   0: 0 0x80004f0a (0x03ce6233) x4  0x00000000
core   0: 0x80004f0e (0x00405693) srli    a3, zero, 4
core   0: 0 0x80004f0e (0x00405693) x13 0x00000000
core   0: 0x80004f12 (0x0394d1b3) divu    gp, s1, s9
core   0: 0 0x80004f12 (0x0394d1b3) x3  0x0000071c
core   0: 0x80004f16 (0x00000319) c.addi  t1, 6
core   0: 0 0x80004f16 (0x0319) x6  0x00000011
core   0: 0x80004f18 (0x00008216) c.mv    tp, t0
core   0: 0 0x80004f18 (0x8216) x4  0xad0b5e9e
core   0: 0x80004f1a (0xfff348e3) blt     t1, t6, pc - 16
core   0: 0 0x80004f1a (0xfff348e3)
core   0: 0x80004f1e (0x0ff0000f) fence   iorw,iorw
core   0: 0 0x80004f1e (0x0ff0000f)
core   0: 0x80004f22 (0x00009986) c.add   s3, ra
core   0: 0 0x80004f22 (0x9986) x19 0xfff4c5e8
core   0: 0x80004f24 (0x01172f33) slt     t5, a4, a7
core   0: 0 0x80004f24 (0x01172f33) x30 0x00000000
core   0: 0x80004f28 (0xfb15dce3) bge     a1, a7, pc - 72
core   0: 0 0x80004f28 (0xfb15dce3)
core   0: 0x80004ee0 (0x06d6a837) lui     a6, 0x6d6a
core   0: 0 0x80004ee0 (0x06d6a837) x16 0x06d6a000
core   0: 0x80004ee4 (0x01431f13) slli    t5, t1, 20
core   0: 0 0x80004ee4 (0x01431f13) x30 0x01100000
core   0: 0x80004ee8 (0x0250a6b3) mulhsu  a3, ra, t0
core   0: 0 0x80004ee8 (0x0250a6b3) x13 0x00185599
core   0: 0x80004eec (0x000015e1) c.addi  a1, -8
core   0: 0 0x80004eec (0x15e1) x11 0xffffffe8
core   0: 0x80004eee (0x00370f33) add     t5, a4, gp
core   0: 0 0x80004eee (0x00370f33) x30 0x0000071c
core   0: 0x80004ef2 (0x0000537d) c.li    t1, -1
core   0: 0 0x80004ef2 (0x537d) x6  0xffffffff
core   0: 0x80004ef4 (0x00000531) c.addi  a0, 12
core   0: 0 0x80004ef4 (0x0531) x10 0x00000019
core   0: 0x80004ef6 (0x00004fc5) c.li    t6, 17
core   0: 0 0x80004ef6 (0x4fc5) x31 0x00000011
core   0: 0x80004ef8 (0x0000100f) fence.i
core   0: 0 0x80004ef8 (0x0000100f)
core   0: 0x80004efc (0x02441bb3) mulh    s7, s0, tp
core   0: 0 0x80004efc (0x02441bb3) x23 0x00000174
core   0: 0x80004f00 (0x00008ea5) c.xor   a3, s1
core   0: 0 0x80004f00 (0x8ea5) x13 0xffe65a52
core   0: 0x80004f02 (0x016e6d33) or      s10, t3, s6
core   0: 0 0x80004f02 (0x016e6d33) x26 0xffffffff
core   0: 0x80004f06 (0xc7ec4413) xori    s0, s8, -898
core   0: 0 0x80004f06 (0xc7ec4413) x8  0xfffffb81
core   0: 0x80004f0a (0x03ce6233) rem     tp, t3, t3
core   0: 0 0x80004f0a (0x03ce6233) x4  0x00000000
core   0: 0x80004f0e (0x00405693) srli    a3, zero, 4
core   0: 0 0x80004f0e (0x00405693) x13 0x00000000
core   0: 0x80004f12 (0x0394d1b3) divu    gp, s1, s9
core   0: 0 0x80004f12 (0x0394d1b3) x3  0x0000071c
core   0: 0x80004f16 (0x00000319) c.addi  t1, 6
core   0: 0 0x80004f16 (0x0319) x6  0x00000005
core   0: 0x80004f18 (0x00008216) c.mv    tp, t0
core   0: 0 0x80004f18 (0x8216) x4  0xad0b5e9e
core   0: 0x80004f1a (0xfff348e3) blt     t1, t6, pc - 16
core   0: 0 0x80004f1a (0xfff348e3)
core   0: 0x80004f0a (0x03ce6233) rem     tp, t3, t3
core   0: 0 0x80004f0a (0x03ce6233) x4  0x00000000
core   0: 0x80004f0e (0x00405693) srli    a3, zero, 4
core   0: 0 0x80004f0e (0x00405693) x13 0x00000000
core   0: 0x80004f12 (0x0394d1b3) divu    gp, s1, s9
core   0: 0 0x80004f12 (0x0394d1b3) x3  0x0000071c
core   0: 0x80004f16 (0x00000319) c.addi  t1, 6
core   0: 0 0x80004f16 (0x0319) x6  0x0000000b
core   0: 0x80004f18 (0x00008216) c.mv    tp, t0
core   0: 0 0x80004f18 (0x8216) x4  0xad0b5e9e
core   0: 0x80004f1a (0xfff348e3) blt     t1, t6, pc - 16
core   0: 0 0x80004f1a (0xfff348e3)
core   0: 0x80004f0a (0x03ce6233) rem     tp, t3, t3
core   0: 0 0x80004f0a (0x03ce6233) x4  0x00000000
core   0: 0x80004f0e (0x00405693) srli    a3, zero, 4
core   0: 0 0x80004f0e (0x00405693) x13 0x00000000
core   0: 0x80004f12 (0x0394d1b3) divu    gp, s1, s9
core   0: 0 0x80004f12 (0x0394d1b3) x3  0x0000071c
core   0: 0x80004f16 (0x00000319) c.addi  t1, 6
core   0: 0 0x80004f16 (0x0319) x6  0x00000011
core   0: 0x80004f18 (0x00008216) c.mv    tp, t0
core   0: 0 0x80004f18 (0x8216) x4  0xad0b5e9e
core   0: 0x80004f1a (0xfff348e3) blt     t1, t6, pc - 16
core   0: 0 0x80004f1a (0xfff348e3)
core   0: 0x80004f1e (0x0ff0000f) fence   iorw,iorw
core   0: 0 0x80004f1e (0x0ff0000f)
core   0: 0x80004f22 (0x00009986) c.add   s3, ra
core   0: 0 0x80004f22 (0x9986) x19 0x0018c5e8
core   0: 0x80004f24 (0x01172f33) slt     t5, a4, a7
core   0: 0 0x80004f24 (0x01172f33) x30 0x00000000
core   0: 0x80004f28 (0xfb15dce3) bge     a1, a7, pc - 72
core   0: 0 0x80004f28 (0xfb15dce3)
core   0: 0x80004f2c (0x41430633) sub     a2, t1, s4
core   0: 0 0x80004f2c (0x41430633) x12 0x00000011
core   0: 0x80004f30 (0x00585733) srl     a4, a6, t0
core   0: 0 0x80004f30 (0x00585733) x14 0x00000000
core   0: 0x80004f34 (0x0000ca8d) c.beqz  a3, pc + 50
core   0: 0 0x80004f34 (0xca8d)
core   0: 0x80004f66 (0x03e01633) mulh    a2, zero, t5
core   0: 0 0x80004f66 (0x03e01633) x12 0x00000000
core   0: 0x80004f6a (0x407a54b3) sra     s1, s4, t2
core   0: 0 0x80004f6a (0x407a54b3) x9  0x00000000
core   0: 0x80004f6e (0x00a02233) slt     tp, zero, a0
core   0: 0 0x80004f6e (0x00a02233) x4  0x00000001
core   0: 0x80004f72 (0x00000001) c.nop
core   0: 0 0x80004f72 (0x0001)
core   0: 0x80004f74 (0x000221b3) slt     gp, tp, zero
core   0: 0 0x80004f74 (0x000221b3) x3  0x00000000
core   0: 0x80004f78 (0x8d1c2c93) slti    s9, s8, -1839
core   0: 0 0x80004f78 (0x8d1c2c93) x25 0x00000000
core   0: 0x80004f7c (0x000081d5) c.srli  a1, 21
core   0: 0 0x80004f7c (0x81d5) x11 0x000007ff
core   0: 0x80004f7e (0x038f0b33) mul     s6, t5, s8
core   0: 0 0x80004f7e (0x038f0b33) x22 0x00000000
core   0: 0x80004f82 (0x00d01463) bne     zero, a3, pc + 8
core   0: 0 0x80004f82 (0x00d01463)
core   0: 0x80004f86 (0x02c2c263) blt     t0, a2, pc + 36
core   0: 0 0x80004f86 (0x02c2c263)
core   0: 0x80004faa (0x40c20333) sub     t1, tp, a2
core   0: 0 0x80004faa (0x40c20333) x6  0x00000001
core   0: 0x80004fae (0x00000001) c.nop
core   0: 0 0x80004fae (0x0001)
core   0: 0x80004fb0 (0x00f879b3) and     s3, a6, a5
core   0: 0 0x80004fb0 (0x00f879b3) x19 0x00028000
core   0: 0x80004fb4 (0x01f76563) bltu    a4, t6, pc + 10
core   0: 0 0x80004fb4 (0x01f76563)
core   0: 0x80004fbe (0x028392b3) mulh    t0, t2, s0
core   0: 0 0x80004fbe (0x028392b3) x5  0x00000000
core   0: 0x80004fc2 (0x0ff0000f) fence   iorw,iorw
core   0: 0 0x80004fc2 (0x0ff0000f)
core   0: 0x80004fc6 (0x003caa33) slt     s4, s9, gp
core   0: 0 0x80004fc6 (0x003caa33) x20 0x00000000
core   0: 0x80004fca (0x03848833) mul     a6, s1, s8
core   0: 0 0x80004fca (0x03848833) x16 0x00000000
core   0: 0x80004fce (0x013ac233) xor     tp, s5, s3
core   0: 0 0x80004fce (0x013ac233) x4  0x00028009
core   0: 0x80004fd2 (0x03185bb3) divu    s7, a6, a7
core   0: 0 0x80004fd2 (0x03185bb3) x23 0x00000000
core   0: 0x80004fd6 (0x00662e33) slt     t3, a2, t1
core   0: 0 0x80004fd6 (0x00662e33) x28 0x00000001
core   0: 0x80004fda (0x41add2b3) sra     t0, s11, s10
core   0: 0 0x80004fda (0x41add2b3) x5  0x00000000
core   0: 0x80004fde (0x55f8a193) slti    gp, a7, 1375
core   0: 0 0x80004fde (0x55f8a193) x3  0x00000001
core   0: 0x80004fe2 (0x198d9717) auipc   a4, 0x198d9
core   0: 0 0x80004fe2 (0x198d9717) x14 0x998ddfe2
core   0: 0x80004fe6 (0x00000001) c.nop
core   0: 0 0x80004fe6 (0x0001)
core   0: 0x80004fe8 (0x028cf9b3) remu    s3, s9, s0
core   0: 0 0x80004fe8 (0x028cf9b3) x19 0x00000000
core   0: 0x80004fec (0x01aa9763) bne     s5, s10, pc + 14
core   0: 0 0x80004fec (0x01aa9763)
core   0: 0x80004ffa (0x00bb5593) srli    a1, s6, 11
core   0: 0 0x80004ffa (0x00bb5593) x11 0x00000000
core   0: 0x80004ffe (0x419386b3) sub     a3, t2, s9
core   0: 0 0x80004ffe (0x419386b3) x13 0xfffffa18
core   0: 0x80005002 (0xdb664f37) lui     t5, 0xdb664
core   0: 0 0x80005002 (0xdb664f37) x30 0xdb664000
core   0: 0x80005006 (0x03533233) mulhu   tp, t1, s5
core   0: 0 0x80005006 (0x03533233) x4  0x00000000
core   0: 0x8000500a (0x0201f463) bgeu    gp, zero, pc + 40
core   0: 0 0x8000500a (0x0201f463)
core   0: 0x80005032 (0x01a98633) add     a2, s3, s10
core   0: 0 0x80005032 (0x01a98633) x12 0xffffffff
core   0: 0x80005036 (0x04646563) bltu    s0, t1, pc + 74
core   0: 0 0x80005036 (0x04646563)
core   0: 0x8000503a (0x00008dd9) c.or    a1, a4
core   0: 0 0x8000503a (0x8dd9) x11 0x998ddfe2
core   0: 0x8000503c (0x00000001) c.nop
core   0: 0 0x8000503c (0x0001)
core   0: 0x8000503e (0x0000100f) fence.i
core   0: 0 0x8000503e (0x0000100f)
core   0: 0x80005042 (0x43f52813) slti    a6, a0, 1087
core   0: 0 0x80005042 (0x43f52813) x16 0x00000001
core   0: 0x80005046 (0x0023f463) bgeu    t2, sp, pc + 8
core   0: 0 0x80005046 (0x0023f463)
core   0: 0x8000504e (0x0271f0b3) remu    ra, gp, t2
core   0: 0 0x8000504e (0x0271f0b3) x1  0x00000001
core   0: 0x80005052 (0x41275393) srai    t2, a4, 18
core   0: 0 0x80005052 (0x41275393) x7  0xffffe663
core   0: 0x80005056 (0xda0a8f17) auipc   t5, 0xda0a8
core   0: 0 0x80005056 (0xda0a8f17) x30 0x5a0ad056
core   0: 0x8000505a (0xeb2faf93) slti    t6, t6, -334
core   0: 0 0x8000505a (0xeb2faf93) x31 0x00000000
core   0: 0x8000505e (0x0290d763) bge     ra, s1, pc + 46
core   0: 0 0x8000505e (0x0290d763)
core   0: 0x8000508c (0x02875663) bge     a4, s0, pc + 44
core   0: 0 0x8000508c (0x02875663)
core   0: 0x80005090 (0x40fd8833) sub     a6, s11, a5
core   0: 0 0x80005090 (0x40fd8833) x16 0x7ffd731c
core   0: 0x80005094 (0x00006f9d) c.lui   t6, 0x7
core   0: 0 0x80005094 (0x6f9d) x31 0x00007000
core   0: 0x80005096 (0x00ebe0b3) or      ra, s7, a4
core   0: 0 0x80005096 (0x00ebe0b3) x1  0x998ddfe2
core   0: 0x8000509a (0x02c9ecb3) rem     s9, s3, a2
core   0: 0 0x8000509a (0x02c9ecb3) x25 0x00000000
core   0: 0x8000509e (0x00dc3433) sltu    s0, s8, a3
core   0: 0 0x8000509e (0x00dc3433) x8  0x00000001
core   0: 0x800050a2 (0x01f1d733) srl     a4, gp, t6
core   0: 0 0x800050a2 (0x01f1d733) x14 0x00000001
core   0: 0x800050a6 (0x00f9cbb3) xor     s7, s3, a5
core   0: 0 0x800050a6 (0x00f9cbb3) x23 0x80028ce4
core   0: 0x800050aa (0x00000842) c.slli  a6, 16
core   0: 0 0x800050aa (0x0842) x16 0x731c0000
core   0: 0x800050ac (0x408b5013) srai    zero, s6, 8
core   0: 0 0x800050ac (0x408b5013)
core   0: 0x800050b0 (0x2636ad93) slti    s11, a3, 611
core   0: 0 0x800050b0 (0x2636ad93) x27 0x00000001
core   0: 0x800050b4 (0x401706b3) sub     a3, a4, ra
core   0: 0 0x800050b4 (0x401706b3) x13 0x6672201f
core   0: 0x800050b8 (0x00a51993) slli    s3, a0, 10
core   0: 0 0x800050b8 (0x00a51993) x19 0x00006400
core   0: 0x800050bc (0x71b96b13) ori     s6, s2, 1819
core   0: 0 0x800050bc (0x71b96b13) x22 0x3d66a71b
core   0: 0x800050c0 (0x1e1c3293) sltiu   t0, s8, 481
core   0: 0 0x800050c0 (0x1e1c3293) x5  0x00000000
core   0: 0x800050c4 (0x00009752) c.add   a4, s4
core   0: 0 0x800050c4 (0x9752) x14 0x00000001
core   0: 0x800050c6 (0x00008f69) c.and   a4, a0
core   0: 0 0x800050c6 (0x8f69) x14 0x00000001
core   0: 0x800050c8 (0x000085b1) c.srai  a1, 12
core   0: 0 0x800050c8 (0x85b1) x11 0xfff998dd
core   0: 0x800050ca (0x035eea33) rem     s4, t4, s5
core   0: 0 0x800050ca (0x035eea33) x20 0xfffffffd
core   0: 0x800050ce (0x00008fe6) c.mv    t6, s9
core   0: 0 0x800050ce (0x8fe6) x31 0x00000000
core   0: 0x800050d0 (0x02dec533) div     a0, t4, a3
core   0: 0 0x800050d0 (0x02dec533) x10 0x00000000
core   0: 0x800050d4 (0x025af3b3) remu    t2, s5, t0
core   0: 0 0x800050d4 (0x025af3b3) x7  0x00000009
core   0: 0x800050d8 (0x01c39563) bne     t2, t3, pc + 10
core   0: 0 0x800050d8 (0x01c39563)
core   0: 0x800050e2 (0x0000472d) c.li    a4, 11
core   0: 0 0x800050e2 (0x472d) x14 0x0000000b
core   0: 0x800050e4 (0x0000c58d) c.beqz  a1, pc + 42
core   0: 0 0x800050e4 (0xc58d)
core   0: 0x800050e6 (0x0000ec91) c.bnez  s1, pc + 28
core   0: 0 0x800050e6 (0xec91)
core   0: 0x800050e8 (0x97668e93) addi    t4, a3, -1674
core   0: 0 0x800050e8 (0x97668e93) x29 0x66721995
core   0: 0x800050ec (0x0000100f) fence.i
core   0: 0 0x800050ec (0x0000100f)
core   0: 0x800050f0 (0x000068a5) c.lui   a7, 0x9
core   0: 0 0x800050f0 (0x68a5) x17 0x00009000
core   0: 0x800050f2 (0x41350fb3) sub     t6, a0, s3
core   0: 0 0x800050f2 (0x41350fb3) x31 0xffff9c00
core   0: 0x800050f6 (0x0ff0000f) fence   iorw,iorw
core   0: 0 0x800050f6 (0x0ff0000f)
core   0: 0x800050fa (0x01618a33) add     s4, gp, s6
core   0: 0 0x800050fa (0x01618a33) x20 0x3d66a71c
core   0: 0x800050fe (0x0000100f) fence.i
core   0: 0 0x800050fe (0x0000100f)
core   0: 0x80005102 (0x034ffd63) bgeu    t6, s4, pc + 58
core   0: 0 0x80005102 (0x034ffd63)
core   0: 0x8000513c (0x03f8df33) divu    t5, a7, t6
core   0: 0 0x8000513c (0x03f8df33) x30 0x00000000
core   0: 0x80005140 (0x024d7b63) bgeu    s10, tp, pc + 54
core   0: 0 0x80005140 (0x024d7b63)
core   0: 0x80005176 (0x00f1d393) srli    t2, gp, 15
core   0: 0 0x80005176 (0x00f1d393) x7  0x00000000
core   0: 0x8000517a (0x03735c63) bge     t1, s7, pc + 56
core   0: 0 0x8000517a (0x03735c63)
core   0: 0x800051b2 (0x000059fd) c.li    s3, -1
core   0: 0 0x800051b2 (0x59fd) x19 0xffffffff
core   0: 0x800051b4 (0x4029df33) sra     t5, s3, sp
core   0: 0 0x800051b4 (0x4029df33) x30 0xffffffff
core   0: 0x800051b8 (0x00008d11) c.sub   a0, a2
core   0: 0 0x800051b8 (0x8d11) x10 0x00000001
core   0: 0x800051ba (0x000065a1) c.lui   a1, 0x8
core   0: 0 0x800051ba (0x65a1) x11 0x00008000
core   0: 0x800051bc (0x03a81a63) bne     a6, s10, pc + 52
core   0: 0 0x800051bc (0x03a81a63)
core   0: 0x800051f0 (0x0000c019) c.beqz  s0, pc + 6
core   0: 0 0x800051f0 (0xc019)
core   0: 0x800051f2 (0x02566f63) bltu    a2, t0, pc + 62
core   0: 0 0x800051f2 (0x02566f63)
core   0: 0x800051f6 (0x47fabfb7) lui     t6, 0x47fab
core   0: 0 0x800051f6 (0x47fabfb7) x31 0x47fab000
core   0: 0x800051fa (0x020db633) mulhu   a2, s11, zero
core   0: 0 0x800051fa (0x020db633) x12 0x00000000
core   0: 0x800051fe (0x030a9cb3) mulh    s9, s5, a6
core   0: 0 0x800051fe (0x030a9cb3) x25 0x00000004
core   0: 0x80005202 (0x00006191) c.lui   gp, 0x4
core   0: 0 0x80005202 (0x6191) x3  0x00004000
core   0: 0x80005204 (0x0000c215) c.beqz  a2, pc + 36
core   0: 0 0x80005204 (0xc215)
core   0: 0x80005228 (0x752b2293) slti    t0, s6, 1874
core   0: 0 0x80005228 (0x752b2293) x5  0x00000000
core   0: 0x8000522c (0x4169de93) srai    t4, s3, 22
core   0: 0 0x8000522c (0x4169de93) x29 0xffffffff
core   0: 0x80005230 (0x0117e563) bltu    a5, a7, pc + 10
core   0: 0 0x80005230 (0x0117e563)
core   0: 0x80005234 (0x031172b3) remu    t0, sp, a7
core   0: 0 0x80005234 (0x031172b3) x5  0x00002e2c
core   0: 0x80005238 (0x00008f61) c.and   a4, s0
core   0: 0 0x80005238 (0x8f61) x14 0x00000001
core   0: 0x8000523a (0xdcfef9b7) lui     s3, 0xdcfef
core   0: 0 0x8000523a (0xdcfef9b7) x19 0xdcfef000
core   0: 0x8000523e (0x0000e80d) c.bnez  s0, pc + 50
core   0: 0 0x8000523e (0xe80d)
core   0: 0x80005270 (0x0668b293) sltiu   t0, a7, 102
core   0: 0 0x80005270 (0x0668b293) x5  0x00000000
core   0: 0x80005274 (0x0000812d) c.srli  a0, 11
core   0: 0 0x80005274 (0x812d) x10 0x00000000
core   0: 0x80005276 (0x03a2d763) bge     t0, s10, pc + 46
core   0: 0 0x80005276 (0x03a2d763)
core   0: 0x800052a4 (0x00000e95) c.addi  t4, 5
core   0: 0 0x800052a4 (0x0e95) x29 0x00000004
core   0: 0x800052a6 (0x47cdb193) sltiu   gp, s11, 1148
core   0: 0 0x800052a6 (0x47cdb193) x3  0x00000001
core   0: 0x800052aa (0x84fa3193) sltiu   gp, s4, -1969
core   0: 0 0x800052aa (0x84fa3193) x3  0x00000001
core   0: 0x800052ae (0x0245eeb3) rem     t4, a1, tp
core   0: 0 0x800052ae (0x0245eeb3) x29 0x00008000
core   0: 0x800052b2 (0x027ec363) blt     t4, t2, pc + 38
core   0: 0 0x800052b2 (0x027ec363)
core   0: 0x800052b6 (0x00008b55) c.andi  a4, 21
core   0: 0 0x800052b6 (0x8b55) x14 0x00000001
core   0: 0x800052b8 (0x00008e71) c.and   a2, a2
core   0: 0 0x800052b8 (0x8e71) x12 0x00000000
core   0: 0x800052ba (0x00008b8e) c.mv    s7, gp
core   0: 0 0x800052ba (0x8b8e) x23 0x00000001
core   0: 0x800052bc (0x03919a63) bne     gp, s9, pc + 52
core   0: 0 0x800052bc (0x03919a63)
core   0: 0x800052f0 (0x774a6d93) ori     s11, s4, 1908
core   0: 0 0x800052f0 (0x774a6d93) x27 0x3d66a77c
core   0: 0x800052f4 (0x6fc996b7) lui     a3, 0x6fc99
core   0: 0 0x800052f4 (0x6fc996b7) x13 0x6fc99000
core   0: 0x800052f8 (0x00d75833) srl     a6, a4, a3
core   0: 0 0x800052f8 (0x00d75833) x16 0x00000001
core   0: 0x800052fc (0x418d54b3) sra     s1, s10, s8
core   0: 0 0x800052fc (0x418d54b3) x9  0xffffffff
core   0: 0x80005300 (0x02f1ddb3) divu    s11, gp, a5
core   0: 0 0x80005300 (0x02f1ddb3) x27 0x00000000
core   0: 0x80005304 (0x00322933) slt     s2, tp, gp
core   0: 0 0x80005304 (0x00322933) x18 0x00000001
core   0: 0x80005308 (0x02cdde63) bge     s11, a2, pc + 60
core   0: 0 0x80005308 (0x02cdde63)
core   0: 0x80005344 (0x02d58c93) addi    s9, a1, 45
core   0: 0 0x80005344 (0x02d58c93) x25 0x0000802d
core   0: 0x80005348 (0x034105b3) mul     a1, sp, s4
core   0: 0 0x80005348 (0x034105b3) x11 0x22c740d0
core   0: 0x8000534c (0x0000893e) c.mv    s2, a5
core   0: 0 0x8000534c (0x893e) x18 0x80028ce4
core   0: 0x8000534e (0x035d3c33) mulhu   s8, s10, s5
core   0: 0 0x8000534e (0x035d3c33) x24 0x00000008
core   0: 0x80005352 (0x0086c5b3) xor     a1, a3, s0
core   0: 0 0x80005352 (0x0086c5b3) x11 0x6fc99001
core   0: 0x80005356 (0x7fe2b913) sltiu   s2, t0, 2046
core   0: 0 0x80005356 (0x7fe2b913) x18 0x00000001
core   0: 0x8000535a (0x00008e6a) c.mv    t3, s10
core   0: 0 0x8000535a (0x8e6a) x28 0xffffffff
core   0: 0x8000535c (0x0240e163) bltu    ra, tp, pc + 34
core   0: 0 0x8000535c (0x0240e163)
core   0: 0x80005360 (0x01e19813) slli    a6, gp, 30
core   0: 0 0x80005360 (0x01e19813) x16 0x40000000
core   0: 0x80005364 (0x000098fd) c.andi  s1, -1
core   0: 0 0x80005364 (0x98fd) x9  0xffffffff
core   0: 0x80005366 (0x0000cd11) c.beqz  a0, pc + 28
core   0: 0 0x80005366 (0xcd11)
core   0: 0x80005382 (0x54c6fc13) andi    s8, a3, 1356
core   0: 0 0x80005382 (0x54c6fc13) x24 0x00000000
core   0: 0x80005386 (0x01540233) add     tp, s0, s5
core   0: 0 0x80005386 (0x01540233) x4  0x0000000a
core   0: 0x8000538a (0x006f5e93) srli    t4, t5, 6
core   0: 0 0x8000538a (0x006f5e93) x29 0x03ffffff
core   0: 0x8000538e (0x00008cad) c.xor   s1, a1
core   0: 0 0x8000538e (0x8cad) x9  0x90366ffe
core   0: 0x80005390 (0x033b9933) mulh    s2, s7, s3
core   0: 0 0x80005390 (0x033b9933) x18 0xffffffff
core   0: 0x80005394 (0x016ebbb3) sltu    s7, t4, s6
core   0: 0 0x80005394 (0x016ebbb3) x23 0x00000001
core   0: 0x80005398 (0x41e85cb3) sra     s9, a6, t5
core   0: 0 0x80005398 (0x41e85cb3) x25 0x00000000
core   0: 0x8000539c (0x0000187d) c.addi  a6, -1
core   0: 0 0x8000539c (0x187d) x16 0x3fffffff
core   0: 0x8000539e (0x000088b9) c.andi  s1, 14
core   0: 0 0x8000539e (0x88b9) x9  0x0000000e
core   0: 0x800053a0 (0x000082b5) c.srli  a3, 13
core   0: 0 0x800053a0 (0x82b5) x13 0x00037e4c
core   0: 0x800053a2 (0x03f0dd63) bge     ra, t6, pc + 58
core   0: 0 0x800053a2 (0x03f0dd63)
core   0: 0x800053a6 (0x003191b3) sll     gp, gp, gp
core   0: 0 0x800053a6 (0x003191b3) x3  0x00000002
core   0: 0x800053aa (0x036cc3b3) div     t2, s9, s6
core   0: 0 0x800053aa (0x036cc3b3) x7  0x00000000
core   0: 0x800053ae (0x0294e763) bltu    s1, s1, pc + 46
core   0: 0 0x800053ae (0x0294e763)
core   0: 0x800053b2 (0x0000814d) c.srli  a0, 19
core   0: 0 0x800053b2 (0x814d) x10 0x00000000
core   0: 0x800053b4 (0x403a5a13) srai    s4, s4, 3
core   0: 0 0x800053b4 (0x403a5a13) x20 0x07acd4e3
core   0: 0x800053b8 (0x00008e3d) c.xor   a2, a5
core   0: 0 0x800053b8 (0x8e3d) x12 0x80028ce4
core   0: 0x800053ba (0x00008155) c.srli  a0, 21
core   0: 0 0x800053ba (0x8155) x10 0x00000000
core   0: 0x800053bc (0x00008e41) c.or    a2, s0
core   0: 0 0x800053bc (0x8e41) x12 0x80028ce5
core   0: 0x800053be (0x30214013) xori    zero, sp, 770
core   0: 0 0x800053be (0x30214013)
core   0: 0x800053c2 (0x01d756b3) srl     a3, a4, t4
core   0: 0 0x800053c2 (0x01d756b3) x13 0x00000000
core   0: 0x800053c6 (0x3c30cf93) xori    t6, ra, 963
core   0: 0 0x800053c6 (0x3c30cf93) x31 0x998ddc21
core   0: 0x800053ca (0xf24d5fb7) lui     t6, 0xf24d5
core   0: 0 0x800053ca (0xf24d5fb7) x31 0xf24d5000
core   0: 0x800053ce (0x0378d4b3) divu    s1, a7, s7
core   0: 0 0x800053ce (0x0378d4b3) x9  0x00009000
core   0: 0x800053d2 (0x00008e85) c.sub   a3, s1
core   0: 0 0x800053d2 (0x8e85) x13 0xffff7000
core   0: 0x800053d4 (0x00006e95) c.lui   t4, 0x5
core   0: 0 0x800053d4 (0x6e95) x29 0x00005000
core   0: 0x800053d6 (0x63ce3313) sltiu   t1, t3, 1596
core   0: 0 0x800053d6 (0x63ce3313) x6  0x00000000
core   0: 0x800053da (0x0000c211) c.beqz  a2, pc + 4
core   0: 0 0x800053da (0xc211)
core   0: 0x800053dc (0x000002da) c.slli  t0, 22
core   0: 0 0x800053dc (0x02da) x5  0x00000000
core   0: 0x800053de (0x01784533) xor     a0, a6, s7
core   0: 0 0x800053de (0x01784533) x10 0x3ffffffe
core   0: 0x800053e2 (0x928ec293) xori    t0, t4, -1752
core   0: 0 0x800053e2 (0x928ec293) x5  0xffffa928
core   0: 0x800053e6 (0x039960b3) rem     ra, s2, s9
core   0: 0 0x800053e6 (0x039960b3) x1  0xffffffff
core   0: 0x800053ea (0x0ff0000f) fence   iorw,iorw
core   0: 0 0x800053ea (0x0ff0000f)
core   0: 0x800053ee (0xf71998b7) lui     a7, 0xf7199
core   0: 0 0x800053ee (0xf71998b7) x17 0xf7199000
core   0: 0x800053f2 (0x0000cc89) c.beqz  s1, pc + 26
core   0: 0 0x800053f2 (0xcc89)
core   0: 0x800053f4 (0x0069d233) srl     tp, s3, t1
core   0: 0 0x800053f4 (0x0069d233) x4  0xdcfef000
core   0: 0x800053f8 (0x0019a533) slt     a0, s3, ra
core   0: 0 0x800053f8 (0x0019a533) x10 0x00000001
core   0: 0x800053fc (0x0000c105) c.beqz  a0, pc + 32
core   0: 0 0x800053fc (0xc105)
core   0: 0x800053fe (0x0271d633) divu    a2, gp, t2
core   0: 0 0x800053fe (0x0271d633) x12 0xffffffff
core   0: 0x80005402 (0x0000557d) c.li    a0, -1
core   0: 0 0x80005402 (0x557d) x10 0xffffffff
core   0: 0x80005404 (0xf4e8f8b7) lui     a7, 0xf4e8f
core   0: 0 0x80005404 (0xf4e8f8b7) x17 0xf4e8f000
core   0: 0x80005408 (0x03f27763) bgeu    tp, t6, pc + 46
core   0: 0 0x80005408 (0x03f27763)
core   0: 0x8000540c (0x0095d693) srli    a3, a1, 9
core   0: 0 0x8000540c (0x0095d693) x13 0x0037e4c8
core   0: 0x80005410 (0x01d64463) blt     a2, t4, pc + 8
core   0: 0 0x80005410 (0x01d64463)
core   0: 0x80005418 (0x205f83b7) lui     t2, 0x205f8
core   0: 0 0x80005418 (0x205f83b7) x7  0x205f8000
core   0: 0x8000541c (0x024c93b3) mulh    t2, s9, tp
core   0: 0 0x8000541c (0x024c93b3) x7  0x00000000
core   0: 0x80005420 (0x4b5c8a13) addi    s4, s9, 1205
core   0: 0 0x80005420 (0x4b5c8a13) x20 0x000004b5
core   0: 0x80005424 (0x0295c763) blt     a1, s1, pc + 46
core   0: 0 0x80005424 (0x0295c763)
core   0: 0x80005428 (0x001932b3) sltu    t0, s2, ra
core   0: 0 0x80005428 (0x001932b3) x5  0x00000000
core   0: 0x8000542c (0x03dcc533) div     a0, s9, t4
core   0: 0 0x8000542c (0x03dcc533) x10 0x00000000
core   0: 0x80005430 (0x00309613) slli    a2, ra, 3
core   0: 0 0x80005430 (0x00309613) x12 0xfffffff8
core   0: 0x80005434 (0x00009486) c.add   s1, ra
core   0: 0 0x80005434 (0x9486) x9  0x00008fff
core   0: 0x80005436 (0x033f9563) bne     t6, s3, pc + 42
core   0: 0 0x80005436 (0x033f9563)
core   0: 0x80005460 (0x0000869d) c.srai  a3, 7
core   0: 0 0x80005460 (0x869d) x13 0x00006fc9
core   0: 0x80005462 (0x005fbbb3) sltu    s7, t6, t0
core   0: 0 0x80005462 (0x005fbbb3) x23 0x00000000
core   0: 0x80005466 (0x0ff0000f) fence   iorw,iorw
core   0: 0 0x80005466 (0x0ff0000f)
core   0: 0x8000546a (0x03ce3c33) mulhu   s8, t3, t3
core   0: 0 0x8000546a (0x03ce3c33) x24 0xfffffffe
core   0: 0x8000546e (0x03355063) bge     a0, s3, pc + 32
core   0: 0 0x8000546e (0x03355063)
core   0: 0x8000548e (0x00009ece) c.add   t4, s3
core   0: 0 0x8000548e (0x9ece) x29 0xdcff4000
core   0: 0x80005490 (0x03856eb3) rem     t4, a0, s8
core   0: 0 0x80005490 (0x03856eb3) x29 0x00000000
core   0: 0x80005494 (0x00000001) c.nop
core   0: 0 0x80005494 (0x0001)
core   0: 0x80005496 (0x000046ad) c.li    a3, 11
core   0: 0 0x80005496 (0x46ad) x13 0x0000000b
core   0: 0x80005498 (0x03b9d863) bge     s3, s11, pc + 48
core   0: 0 0x80005498 (0x03b9d863)
core   0: 0x8000549c (0x00004b79) c.li    s6, 30
core   0: 0 0x8000549c (0x4b79) x22 0x0000001e
core   0: 0x8000549e (0xd05e02b7) lui     t0, 0xd05e0
core   0: 0 0x8000549e (0xd05e02b7) x5  0xd05e0000
core   0: 0x800054a2 (0x0ff0000f) fence   iorw,iorw
core   0: 0 0x800054a2 (0x0ff0000f)
core   0: 0x800054a6 (0xdc0c7f17) auipc   t5, 0xdc0c7
core   0: 0 0x800054a6 (0xdc0c7f17) x30 0x5c0cc4a6
core   0: 0x800054aa (0x00008d81) c.sub   a1, s0
core   0: 0 0x800054aa (0x8d81) x11 0x6fc99000
core   0: 0x800054ac (0x00000001) c.nop
core   0: 0 0x800054ac (0x0001)
core   0: 0x800054ae (0x000099fd) c.andi  a1, -1
core   0: 0 0x800054ae (0x99fd) x11 0x6fc99000
core   0: 0x800054b0 (0x0196f433) and     s0, a3, s9
core   0: 0 0x800054b0 (0x0196f433) x8  0x00000000
core   0: 0x800054b4 (0x4affa993) slti    s3, t6, 1199
core   0: 0 0x800054b4 (0x4affa993) x19 0x00000001
core   0: 0x800054b8 (0x04d97063) bgeu    s2, a3, pc + 64
core   0: 0 0x800054b8 (0x04d97063)
core   0: 0x800054f8 (0x478a3e97) auipc   t4, 0x478a3
core   0: 0 0x800054f8 (0x478a3e97) x29 0xc78a84f8
core   0: 0x800054fc (0x03a859b3) divu    s3, a6, s10
core   0: 0 0x800054fc (0x03a859b3) x19 0x00000000
core   0: 0x80005500 (0x9b47c513) xori    a0, a5, -1612
core   0: 0 0x80005500 (0x9b47c513) x10 0x7ffd7550
core   0: 0x80005504 (0xd0388e93) addi    t4, a7, -765
core   0: 0 0x80005504 (0xd0388e93) x29 0xf4e8ed03
core   0: 0x80005508 (0x006d22b3) slt     t0, s10, t1
core   0: 0 0x80005508 (0x006d22b3) x5  0x00000001
core   0: 0x8000550c (0x035e9db3) mulh    s11, t4, s5
core   0: 0 0x8000550c (0x035e9db3) x27 0xffffffff
core   0: 0x80005510 (0x0000100f) fence.i
core   0: 0 0x80005510 (0x0000100f)
core   0: 0x80005514 (0x00004291) c.li    t0, 4
core   0: 0 0x80005514 (0x4291) x5  0x00000004
core   0: 0x80005516 (0x41210233) sub     tp, sp, s2
core   0: 0 0x80005516 (0x41210233) x4  0x80024e2d
core   0: 0x8000551a (0x01d47433) and     s0, s0, t4
core   0: 0 0x8000551a (0x01d47433) x8  0x00000000
core   0: 0x8000551e (0x000050b9) c.li    ra, -18
core   0: 0 0x8000551e (0x50b9) x1  0xffffffee
core   0: 0x80005520 (0x41abdcb3) sra     s9, s7, s10
core   0: 0 0x80005520 (0x41abdcb3) x25 0x00000000
core   0: 0x80005524 (0x00008cd5) c.or    s1, a3
core   0: 0 0x80005524 (0x8cd5) x9  0x00008fff
core   0: 0x80005526 (0x016ed8b3) srl     a7, t4, s6
core   0: 0 0x80005526 (0x016ed8b3) x17 0x00000003
core   0: 0x8000552a (0x0ff0000f) fence   iorw,iorw
core   0: 0 0x8000552a (0x0ff0000f)
core   0: 0x8000552e (0x0ff0000f) fence   iorw,iorw
core   0: 0 0x8000552e (0x0ff0000f)
core   0: 0x80005532 (0x006e3633) sltu    a2, t3, t1
core   0: 0 0x80005532 (0x006e3633) x12 0x00000000
core   0: 0x80005536 (0x632e3b13) sltiu   s6, t3, 1586
core   0: 0 0x80005536 (0x632e3b13) x22 0x00000000
core   0: 0x8000553a (0x000012d9) c.addi  t0, -10
core   0: 0 0x8000553a (0x12d9) x5  0xfffffffa
core   0: 0x8000553c (0x00006779) c.lui   a4, 0x1e
core   0: 0 0x8000553c (0x6779) x14 0x0001e000
core   0: 0x8000553e (0x00008415) c.srai  s0, 5
core   0: 0 0x8000553e (0x8415) x8  0x00000000
core   0: 0x80005540 (0x00000001) c.nop
core   0: 0 0x80005540 (0x0001)
core   0: 0x80005542 (0x00008d71) c.and   a0, a2
core   0: 0 0x80005542 (0x8d71) x10 0x00000000
core   0: 0x80005544 (0x02809233) mulh    tp, ra, s0
core   0: 0 0x80005544 (0x02809233) x4  0x00000000
core   0: 0x80005548 (0x039e2b33) mulhsu  s6, t3, s9
core   0: 0 0x80005548 (0x039e2b33) x22 0x00000000
core   0: 0x8000554c (0x01024eb3) xor     t4, tp, a6
core   0: 0 0x8000554c (0x01024eb3) x29 0x3fffffff
core   0: 0x80005550 (0x0039c233) xor     tp, s3, gp
core   0: 0 0x80005550 (0x0039c233) x4  0x00000002
core   0: 0x80005554 (0x41b9df13) srai    t5, s3, 27
core   0: 0 0x80005554 (0x41b9df13) x30 0x00000000
core   0: 0x80005558 (0x001e6fb3) or      t6, t3, ra
core   0: 0 0x80005558 (0x001e6fb3) x31 0xffffffff
core   0: 0x8000555c (0xfc12d4e3) bge     t0, ra, pc - 56
core   0: 0 0x8000555c (0xfc12d4e3)
core   0: 0x80005524 (0x00008cd5) c.or    s1, a3
core   0: 0 0x80005524 (0x8cd5) x9  0x00008fff
core   0: 0x80005526 (0x016ed8b3) srl     a7, t4, s6
core   0: 0 0x80005526 (0x016ed8b3) x17 0x3fffffff
core   0: 0x8000552a (0x0ff0000f) fence   iorw,iorw
core   0: 0 0x8000552a (0x0ff0000f)
core   0: 0x8000552e (0x0ff0000f) fence   iorw,iorw
core   0: 0 0x8000552e (0x0ff0000f)
core   0: 0x80005532 (0x006e3633) sltu    a2, t3, t1
core   0: 0 0x80005532 (0x006e3633) x12 0x00000000
core   0: 0x80005536 (0x632e3b13) sltiu   s6, t3, 1586
core   0: 0 0x80005536 (0x632e3b13) x22 0x00000000
core   0: 0x8000553a (0x000012d9) c.addi  t0, -10
core   0: 0 0x8000553a (0x12d9) x5  0xfffffff0
core   0: 0x8000553c (0x00006779) c.lui   a4, 0x1e
core   0: 0 0x8000553c (0x6779) x14 0x0001e000
core   0: 0x8000553e (0x00008415) c.srai  s0, 5
core   0: 0 0x8000553e (0x8415) x8  0x00000000
core   0: 0x80005540 (0x00000001) c.nop
core   0: 0 0x80005540 (0x0001)
core   0: 0x80005542 (0x00008d71) c.and   a0, a2
core   0: 0 0x80005542 (0x8d71) x10 0x00000000
core   0: 0x80005544 (0x02809233) mulh    tp, ra, s0
core   0: 0 0x80005544 (0x02809233) x4  0x00000000
core   0: 0x80005548 (0x039e2b33) mulhsu  s6, t3, s9
core   0: 0 0x80005548 (0x039e2b33) x22 0x00000000
core   0: 0x8000554c (0x01024eb3) xor     t4, tp, a6
core   0: 0 0x8000554c (0x01024eb3) x29 0x3fffffff
core   0: 0x80005550 (0x0039c233) xor     tp, s3, gp
core   0: 0 0x80005550 (0x0039c233) x4  0x00000002
core   0: 0x80005554 (0x41b9df13) srai    t5, s3, 27
core   0: 0 0x80005554 (0x41b9df13) x30 0x00000000
core   0: 0x80005558 (0x001e6fb3) or      t6, t3, ra
core   0: 0 0x80005558 (0x001e6fb3) x31 0xffffffff
core   0: 0x8000555c (0xfc12d4e3) bge     t0, ra, pc - 56
core   0: 0 0x8000555c (0xfc12d4e3)
core   0: 0x80005524 (0x00008cd5) c.or    s1, a3
core   0: 0 0x80005524 (0x8cd5) x9  0x00008fff
core   0: 0x80005526 (0x016ed8b3) srl     a7, t4, s6
core   0: 0 0x80005526 (0x016ed8b3) x17 0x3fffffff
core   0: 0x8000552a (0x0ff0000f) fence   iorw,iorw
core   0: 0 0x8000552a (0x0ff0000f)
core   0: 0x8000552e (0x0ff0000f) fence   iorw,iorw
core   0: 0 0x8000552e (0x0ff0000f)
core   0: 0x80005532 (0x006e3633) sltu    a2, t3, t1
core   0: 0 0x80005532 (0x006e3633) x12 0x00000000
core   0: 0x80005536 (0x632e3b13) sltiu   s6, t3, 1586
core   0: 0 0x80005536 (0x632e3b13) x22 0x00000000
core   0: 0x8000553a (0x000012d9) c.addi  t0, -10
core   0: 0 0x8000553a (0x12d9) x5  0xffffffe6
core   0: 0x8000553c (0x00006779) c.lui   a4, 0x1e
core   0: 0 0x8000553c (0x6779) x14 0x0001e000
core   0: 0x8000553e (0x00008415) c.srai  s0, 5
core   0: 0 0x8000553e (0x8415) x8  0x00000000
core   0: 0x80005540 (0x00000001) c.nop
core   0: 0 0x80005540 (0x0001)
core   0: 0x80005542 (0x00008d71) c.and   a0, a2
core   0: 0 0x80005542 (0x8d71) x10 0x00000000
core   0: 0x80005544 (0x02809233) mulh    tp, ra, s0
core   0: 0 0x80005544 (0x02809233) x4  0x00000000
core   0: 0x80005548 (0x039e2b33) mulhsu  s6, t3, s9
core   0: 0 0x80005548 (0x039e2b33) x22 0x00000000
core   0: 0x8000554c (0x01024eb3) xor     t4, tp, a6
core   0: 0 0x8000554c (0x01024eb3) x29 0x3fffffff
core   0: 0x80005550 (0x0039c233) xor     tp, s3, gp
core   0: 0 0x80005550 (0x0039c233) x4  0x00000002
core   0: 0x80005554 (0x41b9df13) srai    t5, s3, 27
core   0: 0 0x80005554 (0x41b9df13) x30 0x00000000
core   0: 0x80005558 (0x001e6fb3) or      t6, t3, ra
core   0: 0 0x80005558 (0x001e6fb3) x31 0xffffffff
core   0: 0x8000555c (0xfc12d4e3) bge     t0, ra, pc - 56
core   0: 0 0x8000555c (0xfc12d4e3)
core   0: 0x80005560 (0x000056fd) c.li    a3, -1
core   0: 0 0x80005560 (0x56fd) x13 0xffffffff
core   0: 0x80005562 (0x1056f513) andi    a0, a3, 261
core   0: 0 0x80005562 (0x1056f513) x10 0x00000105
core   0: 0x80005566 (0x008fdf93) srli    t6, t6, 8
core   0: 0 0x80005566 (0x008fdf93) x31 0x00ffffff
core   0: 0x8000556a (0x027e65b3) rem     a1, t3, t2
core   0: 0 0x8000556a (0x027e65b3) x11 0xffffffff
core   0: 0x8000556e (0x015b1b63) bne     s6, s5, pc + 22
core   0: 0 0x8000556e (0x015b1b63)
core   0: 0x80005584 (0x0000e701) c.bnez  a4, pc + 8
core   0: 0 0x80005584 (0xe701)
core   0: 0x8000558c (0x01755cb3) srl     s9, a0, s7
core   0: 0 0x8000558c (0x01755cb3) x25 0x00000105
core   0: 0x80005590 (0x00008eed) c.and   a3, a1
core   0: 0 0x80005590 (0x8eed) x13 0xffffffff
core   0: 0x80005592 (0x03271cb3) mulh    s9, a4, s2
core   0: 0 0x80005592 (0x03271cb3) x25 0xffffffff
core   0: 0x80005596 (0x00008431) c.srai  s0, 12
core   0: 0 0x80005596 (0x8431) x8  0x00000000
core   0: 0x80005598 (0x0ff0000f) fence   iorw,iorw
core   0: 0 0x80005598 (0x0ff0000f)
core   0: 0x8000559c (0x021ebd33) mulhu   s10, t4, ra
core   0: 0 0x8000559c (0x021ebd33) x26 0x3ffffffa
core   0: 0x800055a0 (0x03bb6c63) bltu    s6, s11, pc + 56
core   0: 0 0x800055a0 (0x03bb6c63)
core   0: 0x800055d8 (0x1a937813) andi    a6, t1, 425
core   0: 0 0x800055d8 (0x1a937813) x16 0x00000000
core   0: 0x800055dc (0x03814963) blt     sp, s8, pc + 50
core   0: 0 0x800055dc (0x03814963)
core   0: 0x8000560e (0x03f1a1b3) mulhsu  gp, gp, t6
core   0: 0 0x8000560e (0x03f1a1b3) x3  0x00000000
core   0: 0x80005612 (0x00005d7d) c.li    s10, -1
core   0: 0 0x80005612 (0x5d7d) x26 0xffffffff
core   0: 0x80005614 (0xa1df7713) andi    a4, t5, -1507
core   0: 0 0x80005614 (0xa1df7713) x14 0x00000000
core   0: 0x80005618 (0x0000c599) c.beqz  a1, pc + 14
core   0: 0 0x80005618 (0xc599)
core   0: 0x8000561a (0x00a44037) lui     zero, 0xa44
core   0: 0 0x8000561a (0x00a44037)
core   0: 0x8000561e (0x3c206893) ori     a7, zero, 962
core   0: 0 0x8000561e (0x3c206893) x17 0x000003c2
core   0: 0x80005622 (0x039625b3) mulhsu  a1, a2, s9
core   0: 0 0x80005622 (0x039625b3) x11 0x00000000
core   0: 0x80005626 (0x0090a6b3) slt     a3, ra, s1
core   0: 0 0x80005626 (0x0090a6b3) x13 0x00000001
core   0: 0x8000562a (0x03594fb3) div     t6, s2, s5
core   0: 0 0x8000562a (0x03594fb3) x31 0x00000000
core   0: 0x8000562e (0x00000de2) c.slli  s11, 24
core   0: 0 0x8000562e (0x0de2) x27 0xff000000
core   0: 0x80005630 (0x03ebebb3) rem     s7, s7, t5
core   0: 0 0x80005630 (0x03ebebb3) x23 0x00000000
core   0: 0x80005634 (0x00000001) c.nop
core   0: 0 0x80005634 (0x0001)
core   0: 0x80005636 (0x40a8d413) srai    s0, a7, 10
core   0: 0 0x80005636 (0x40a8d413) x8  0x00000000
core   0: 0x8000563a (0x014f4a33) xor     s4, t5, s4
core   0: 0 0x8000563a (0x014f4a33) x20 0x000004b5
core   0: 0x8000563e (0x00006a71) c.lui   s4, 0x1c
core   0: 0 0x8000563e (0x6a71) x20 0x0001c000
core   0: 0x80005640 (0x03541563) bne     s0, s5, pc + 42
core   0: 0 0x80005640 (0x03541563)
core   0: 0x8000566a (0x02b63cb3) mulhu   s9, a2, a1
core   0: 0 0x8000566a (0x02b63cb3) x25 0x00000000
core   0: 0x8000566e (0x02cf0b33) mul     s6, t5, a2
core   0: 0 0x8000566e (0x02cf0b33) x22 0x00000000
core   0: 0x80005672 (0x0301aeb3) mulhsu  t4, gp, a6
core   0: 0 0x80005672 (0x0301aeb3) x29 0x00000000
core   0: 0x80005676 (0x0179c8b3) xor     a7, s3, s7
core   0: 0 0x80005676 (0x0179c8b3) x17 0x00000000
core   0: 0x8000567a (0x01f8f863) bgeu    a7, t6, pc + 16
core   0: 0 0x8000567a (0x01f8f863)
core   0: 0x8000568a (0xb47beb13) ori     s6, s7, -1209
core   0: 0 0x8000568a (0xb47beb13) x22 0xfffffb47
core   0: 0x8000568e (0x01f382b3) add     t0, t2, t6
core   0: 0 0x8000568e (0x01f382b3) x5  0x00000000
core   0: 0x80005692 (0x019c4463) blt     s8, s9, pc + 8
core   0: 0 0x80005692 (0x019c4463)
core   0: 0x8000569a (0x01fe9463) bne     t4, t6, pc + 8
core   0: 0 0x8000569a (0x01fe9463)
core   0: 0x8000569e (0x404f00b3) sub     ra, t5, tp
core   0: 0 0x8000569e (0x404f00b3) x1  0xfffffffe
core   0: 0x800056a2 (0x0000caa5) c.beqz  a3, pc + 112
core   0: 0 0x800056a2 (0xcaa5)
core   0: 0x800056a4 (0x00009dde) c.add   s11, s7
core   0: 0 0x800056a4 (0x9dde) x27 0xff000000
core   0: 0x800056a6 (0x02cb9eb3) mulh    t4, s7, a2
core   0: 0 0x800056a6 (0x02cb9eb3) x29 0x00000000
core   0: 0x800056aa (0x00008231) c.srli  a2, 12
core   0: 0 0x800056aa (0x8231) x12 0x00000000
core   0: 0x800056ac (0x01dd9393) slli    t2, s11, 29
core   0: 0 0x800056ac (0x01dd9393) x7  0x00000000
core   0: 0x800056b0 (0x018f51b3) srl     gp, t5, s8
core   0: 0 0x800056b0 (0x018f51b3) x3  0x00000000
core   0: 0x800056b4 (0x000080f1) c.srli  s1, 28
core   0: 0 0x800056b4 (0x80f1) x9  0x00000000
core   0: 0x800056b6 (0x401fd313) srai    t1, t6, 1
core   0: 0 0x800056b6 (0x401fd313) x6  0x00000000
core   0: 0x800056ba (0x10188193) addi    gp, a7, 257
core   0: 0 0x800056ba (0x10188193) x3  0x00000101
core   0: 0x800056be (0x41835e13) srai    t3, t1, 24
core   0: 0 0x800056be (0x41835e13) x28 0x00000000
core   0: 0x800056c2 (0x00008f5d) c.or    a4, a5
core   0: 0 0x800056c2 (0x8f5d) x14 0x80028ce4
core   0: 0x800056c4 (0x283ae397) auipc   t2, 0x283ae
core   0: 0 0x800056c4 (0x283ae397) x7  0xa83b36c4
core   0: 0x800056c8 (0x3bf2bc13) sltiu   s8, t0, 959
core   0: 0 0x800056c8 (0x3bf2bc13) x24 0x00000001
core   0: 0x800056cc (0x0000c139) c.beqz  a0, pc + 70
core   0: 0 0x800056cc (0xc139)
core   0: 0x800056ce (0x0000439d) c.li    t2, 7
core   0: 0 0x800056ce (0x439d) x7  0x00000007
core   0: 0x800056d0 (0xdd3c0013) addi    zero, s8, -557
core   0: 0 0x800056d0 (0xdd3c0013)
core   0: 0x800056d4 (0x00004d19) c.li    s10, 6
core   0: 0 0x800056d4 (0x4d19) x26 0x00000006
core   0: 0x800056d6 (0x00000001) c.nop
core   0: 0 0x800056d6 (0x0001)
core   0: 0x800056d8 (0x00858733) add     a4, a1, s0
core   0: 0 0x800056d8 (0x00858733) x14 0x00000000
core   0: 0x800056dc (0x0000087a) c.slli  a6, 30
core   0: 0 0x800056dc (0x087a) x16 0x00000000
core   0: 0x800056de (0x000086b5) c.srai  a3, 13
core   0: 0 0x800056de (0x86b5) x13 0x00000000
core   0: 0x800056e0 (0x03d40bb3) mul     s7, s0, t4
core   0: 0 0x800056e0 (0x03d40bb3) x23 0x00000000
core   0: 0x800056e4 (0x00000001) c.nop
core   0: 0 0x800056e4 (0x0001)
core   0: 0x800056e6 (0x000013ed) c.addi  t2, -5
core   0: 0 0x800056e6 (0x13ed) x7  0x00000002
core   0: 0x800056e8 (0xb6ed0893) addi    a7, s10, -1170
core   0: 0 0x800056e8 (0xb6ed0893) x17 0xfffffb74
core   0: 0x800056ec (0x02523fb3) mulhu   t6, tp, t0
core   0: 0 0x800056ec (0x02523fb3) x31 0x00000000
core   0: 0x800056f0 (0x0000f8b3) and     a7, ra, zero
core   0: 0 0x800056f0 (0x0000f8b3) x17 0x00000000
core   0: 0x800056f4 (0x00000001) c.nop
core   0: 0 0x800056f4 (0x0001)
core   0: 0x800056f6 (0x00008cc9) c.or    s1, a0
core   0: 0 0x800056f6 (0x8cc9) x9  0x00000105
core   0: 0x800056f8 (0x00c470b3) and     ra, s0, a2
core   0: 0 0x800056f8 (0x00c470b3) x1  0x00000000
core   0: 0x800056fc (0x000080c1) c.srli  s1, 16
core   0: 0 0x800056fc (0x80c1) x9  0x00000000
core   0: 0x800056fe (0x40bd5f93) srai    t6, s10, 11
core   0: 0 0x800056fe (0x40bd5f93) x31 0x00000000
core   0: 0x80005702 (0x0000100f) fence.i
core   0: 0 0x80005702 (0x0000100f)
core   0: 0x80005706 (0xfda3fde3) bgeu    t2, s10, pc - 38
core   0: 0 0x80005706 (0xfda3fde3)
core   0: 0x8000570a (0x412508b3) sub     a7, a0, s2
core   0: 0 0x8000570a (0x412508b3) x17 0x00000106
core   0: 0x8000570e (0x03a17933) remu    s2, sp, s10
core   0: 0 0x8000570e (0x03a17933) x18 0x00000000
core   0: 0x80005712 (0x0ff0000f) fence   iorw,iorw
core   0: 0 0x80005712 (0x0ff0000f)
core   0: 0x80005716 (0x409b51b3) sra     gp, s6, s1
core   0: 0 0x80005716 (0x409b51b3) x3  0xfffffb47
core   0: 0x8000571a (0x00008d4d) c.or    a0, a1
core   0: 0 0x8000571a (0x8d4d) x10 0x00000105
core   0: 0x8000571c (0x41570d33) sub     s10, a4, s5
core   0: 0 0x8000571c (0x41570d33) x26 0xfffffff7
core   0: 0x80005720 (0x0000e05d) c.bnez  s0, pc + 166
core   0: 0 0x80005720 (0xe05d)
core   0: 0x80005722 (0x01b50bb3) add     s7, a0, s11
core   0: 0 0x80005722 (0x01b50bb3) x23 0xff000105
core   0: 0x80005726 (0xf5778e13) addi    t3, a5, -169
core   0: 0 0x80005726 (0xf5778e13) x28 0x80028c3b
core   0: 0x8000572a (0x029ff463) bgeu    t6, s1, pc + 40
core   0: 0 0x8000572a (0x029ff463)
core   0: 0x80005752 (0x0000e4d1) c.bnez  s1, pc + 140
core   0: 0 0x80005752 (0xe4d1)
core   0: 0x80005754 (0x0000c9d9) c.beqz  a1, pc + 150
core   0: 0 0x80005754 (0xc9d9)
core   0: 0x800057ea (0x0000e71d) c.bnez  a4, pc + 46
core   0: 0 0x800057ea (0xe71d)
core   0: 0x800057ec (0x00008c19) c.sub   s0, a4
core   0: 0 0x800057ec (0x8c19) x8  0x00000000
core   0: 0x800057ee (0x01ffbf33) sltu    t5, t6, t6
core   0: 0 0x800057ee (0x01ffbf33) x30 0x00000000
core   0: 0x800057f2 (0x00af0933) add     s2, t5, a0
core   0: 0 0x800057f2 (0x00af0933) x18 0x00000105
core   0: 0x800057f6 (0x027ec033) div     zero, t4, t2
core   0: 0 0x800057f6 (0x027ec033)
core   0: 0x800057fa (0x0000c985) c.beqz  a1, pc + 48
core   0: 0 0x800057fa (0xc985)
core   0: 0x8000582a (0x0000100f) fence.i
core   0: 0 0x8000582a (0x0000100f)
core   0: 0x8000582e (0x6035bc97) auipc   s9, 0x6035b
core   0: 0 0x8000582e (0x6035bc97) x25 0xe036082e
core   0: 0x80005832 (0x00000001) c.nop
core   0: 0 0x80005832 (0x0001)
core   0: 0x80005834 (0x033c7e33) remu    t3, s8, s3
core   0: 0 0x80005834 (0x033c7e33) x28 0x00000001
core   0: 0x80005838 (0x00000a6e) c.slli  s4, 27
core   0: 0 0x80005838 (0x0a6e) x20 0x00000000
core   0: 0x8000583a (0x0000100f) fence.i
core   0: 0 0x8000583a (0x0000100f)
core   0: 0x8000583e (0x00000001) c.nop
core   0: 0 0x8000583e (0x0001)
core   0: 0x80005840 (0x9294e813) ori     a6, s1, -1751
core   0: 0 0x80005840 (0x9294e813) x16 0xfffff929
core   0: 0x80005844 (0x000002f6) c.slli  t0, 29
core   0: 0 0x80005844 (0x02f6) x5  0x00000000
core   0: 0x80005846 (0x0000100f) fence.i
core   0: 0 0x80005846 (0x0000100f)
core   0: 0x8000584a (0xa4187b93) andi    s7, a6, -1471
core   0: 0 0x8000584a (0xa4187b93) x23 0xfffff801
core   0: 0x8000584e (0x00e62733) slt     a4, a2, a4
core   0: 0 0x8000584e (0x00e62733) x14 0x00000000
core   0: 0x80005852 (0x00000555) c.addi  a0, 21
core   0: 0 0x80005852 (0x0555) x10 0x0000011a
core   0: 0x80005854 (0x036470b3) remu    ra, s0, s6
core   0: 0 0x80005854 (0x036470b3) x1  0x00000000
core   0: 0x80005858 (0x029c4a63) blt     s8, s1, pc + 52
core   0: 0 0x80005858 (0x029c4a63)
core   0: 0x8000585c (0x01de5d33) srl     s10, t3, t4
core   0: 0 0x8000585c (0x01de5d33) x26 0x00000001
core   0: 0x80005860 (0x00000001) c.nop
core   0: 0 0x80005860 (0x0001)
core   0: 0x80005862 (0x014fc563) blt     t6, s4, pc + 10
core   0: 0 0x80005862 (0x014fc563)
core   0: 0x80005866 (0x7b30a713) slti    a4, ra, 1971
core   0: 0 0x80005866 (0x7b30a713) x14 0x00000001
core   0: 0x8000586a (0x0000e681) c.bnez  a3, pc + 8
core   0: 0 0x8000586a (0xe681)
core   0: 0x8000586c (0x00000001) c.nop
core   0: 0 0x8000586c (0x0001)
core   0: 0x8000586e (0x00ded013) srli    zero, t4, 13
core   0: 0 0x8000586e (0x00ded013)
core   0: 0x80005872 (0x017c7763) bgeu    s8, s7, pc + 14
core   0: 0 0x80005872 (0x017c7763)
core   0: 0x80005876 (0x00bc9a33) sll     s4, s9, a1
core   0: 0 0x80005876 (0x00bc9a33) x20 0xe036082e
core   0: 0x8000587a (0x0000e99d) c.bnez  a1, pc + 54
core   0: 0 0x8000587a (0xe99d)
core   0: 0x8000587c (0x3be4c597) auipc   a1, 0x3be4c
core   0: 0 0x8000587c (0x3be4c597) x11 0xbbe5187c
core   0: 0x80005880 (0x00008041) c.srli  s0, 16
core   0: 0 0x80005880 (0x8041) x8  0x00000000
core   0: 0x80005882 (0x0199a433) slt     s0, s3, s9
core   0: 0 0x80005882 (0x0199a433) x8  0x00000000
core   0: 0x80005886 (0x0000833d) c.srli  a4, 15
core   0: 0 0x80005886 (0x833d) x14 0x00000000
core   0: 0x80005888 (0x006e3eb3) sltu    t4, t3, t1
core   0: 0 0x80005888 (0x006e3eb3) x29 0x00000000
core   0: 0x8000588c (0x010feeb3) or      t4, t6, a6
core   0: 0 0x8000588c (0x010feeb3) x29 0xfffff929
core   0: 0x80005890 (0x00f59bb3) sll     s7, a1, a5
core   0: 0 0x80005890 (0x00f59bb3) x23 0xbe5187c0
core   0: 0x80005894 (0xc5906093) ori     ra, zero, -935
core   0: 0 0x80005894 (0xc5906093) x1  0xfffffc59
core   0: 0x80005898 (0x01a56c63) bltu    a0, s10, pc + 24
core   0: 0 0x80005898 (0x01a56c63)
core   0: 0x8000589c (0x029b8f63) beq     s7, s1, pc + 62
core   0: 0 0x8000589c (0x029b8f63)
core   0: 0x800058a0 (0x0047a5b3) slt     a1, a5, tp
core   0: 0 0x800058a0 (0x0047a5b3) x11 0x00000001
core   0: 0x800058a4 (0x00005efd) c.li    t4, -1
core   0: 0 0x800058a4 (0x5efd) x29 0xffffffff
core   0: 0x800058a6 (0x004d1d93) slli    s11, s10, 4
core   0: 0 0x800058a6 (0x004d1d93) x27 0x00000010
core   0: 0x800058aa (0x000805b3) add     a1, a6, zero
core   0: 0 0x800058aa (0x000805b3) x11 0xfffff929
core   0: 0x800058ae (0x00008ca6) c.mv    s9, s1
core   0: 0 0x800058ae (0x8ca6) x25 0x00000000
core   0: 0x800058b0 (0x0226cc63) blt     a3, sp, pc + 56
core   0: 0 0x800058b0 (0x0226cc63)
core   0: 0x800058b4 (0x00008441) c.srai  s0, 16
core   0: 0 0x800058b4 (0x8441) x8  0x00000000
core   0: 0x800058b6 (0x00008c69) c.and   s0, a0
core   0: 0 0x800058b6 (0x8c69) x8  0x00000000
core   0: 0x800058b8 (0x21133093) sltiu   ra, t1, 529
core   0: 0 0x800058b8 (0x21133093) x1  0x00000001
core   0: 0x800058bc (0x00008c49) c.or    s0, a0
core   0: 0 0x800058bc (0x8c49) x8  0x0000011a
core   0: 0x800058be (0x0152a833) slt     a6, t0, s5
core   0: 0 0x800058be (0x0152a833) x16 0x00000001
core   0: 0x800058c2 (0x8be70813) addi    a6, a4, -1858
core   0: 0 0x800058c2 (0x8be70813) x16 0xfffff8be
core   0: 0x800058c6 (0x00000001) c.nop
core   0: 0 0x800058c6 (0x0001)
core   0: 0x800058c8 (0x0000cd95) c.beqz  a1, pc + 60
core   0: 0 0x800058c8 (0xcd95)
core   0: 0x800058ca (0x0327e963) bltu    a5, s2, pc + 50
core   0: 0 0x800058ca (0x0327e963)
core   0: 0x800058ce (0x00956d63) bltu    a0, s1, pc + 26
core   0: 0 0x800058ce (0x00956d63)
core   0: 0x800058d2 (0x01ff9393) slli    t2, t6, 31
core   0: 0 0x800058d2 (0x01ff9393) x7  0x00000000
core   0: 0x800058d6 (0x001f3433) sltu    s0, t5, ra
core   0: 0 0x800058d6 (0x001f3433) x8  0x00000001
core   0: 0x800058da (0x5ec62813) slti    a6, a2, 1516
core   0: 0 0x800058da (0x5ec62813) x16 0x00000001
core   0: 0x800058de (0x015bb9b3) sltu    s3, s7, s5
core   0: 0 0x800058de (0x015bb9b3) x19 0x00000000
core   0: 0x800058e2 (0x0000c991) c.beqz  a1, pc + 20
core   0: 0 0x800058e2 (0xc991)
core   0: 0x800058e4 (0x000081e5) c.srli  a1, 25
core   0: 0 0x800058e4 (0x81e5) x11 0x0000007f
core   0: 0x800058e6 (0x00000cc6) c.slli  s9, 17
core   0: 0 0x800058e6 (0x0cc6) x25 0x00000000
core   0: 0x800058e8 (0x0305a633) mulhsu  a2, a1, a6
core   0: 0 0x800058e8 (0x0305a633) x12 0x00000000
core   0: 0x800058ec (0x0000c60d) c.beqz  a2, pc + 42
core   0: 0 0x800058ec (0xc60d)
core   0: 0x80005916 (0x0000962e) c.add   a2, a1
core   0: 0 0x80005916 (0x962e) x12 0x0000007f
core   0: 0x80005918 (0x02d3bd33) mulhu   s10, t2, a3
core   0: 0 0x80005918 (0x02d3bd33) x26 0x00000000
core   0: 0x8000591c (0x41565eb3) sra     t4, a2, s5
core   0: 0 0x8000591c (0x41565eb3) x29 0x00000000
core   0: 0x80005920 (0x000088b5) c.andi  s1, 13
core   0: 0 0x80005920 (0x88b5) x9  0x00000000
core   0: 0x80005922 (0x00000001) c.nop
core   0: 0 0x80005922 (0x0001)
core   0: 0x80005924 (0xc4a82cb7) lui     s9, 0xc4a82
core   0: 0 0x80005924 (0xc4a82cb7) x25 0xc4a82000
core   0: 0x80005928 (0x02d46fb3) rem     t6, s0, a3
core   0: 0 0x80005928 (0x02d46fb3) x31 0x00000001
core   0: 0x8000592c (0x12097493) andi    s1, s2, 288
core   0: 0 0x8000592c (0x12097493) x9  0x00000100
core   0: 0x80005930 (0x00008f29) c.xor   a4, a0
core   0: 0 0x80005930 (0x8f29) x14 0x0000011a
core   0: 0x80005932 (0x41935513) srai    a0, t1, 25
core   0: 0 0x80005932 (0x41935513) x10 0x00000000
core   0: 0x80005936 (0x01279d63) bne     a5, s2, pc + 26
core   0: 0 0x80005936 (0x01279d63)
core   0: 0x80005950 (0x023205b3) mul     a1, tp, gp
core   0: 0 0x80005950 (0x023205b3) x11 0xfffff68e
core   0: 0x80005954 (0x00498763) beq     s3, tp, pc + 14
core   0: 0 0x80005954 (0x00498763)
core   0: 0x80005958 (0x017f0e63) beq     t5, s7, pc + 28
core   0: 0 0x80005958 (0x017f0e63)
core   0: 0x8000595c (0x017e9f93) slli    t6, t4, 23
core   0: 0 0x8000595c (0x017e9f93) x31 0x00000000
core   0: 0x80005960 (0x00006455) c.lui   s0, 0x15
core   0: 0 0x80005960 (0x6455) x8  0x00015000
core   0: 0x80005962 (0x00000001) c.nop
core   0: 0 0x80005962 (0x0001)
core   0: 0x80005964 (0x03519563) bne     gp, s5, pc + 42
core   0: 0 0x80005964 (0x03519563)
core   0: 0x8000598e (0x00009bae) c.add   s7, a1
core   0: 0 0x8000598e (0x9bae) x23 0xbe517e4e
core   0: 0x80005990 (0x0397f663) bgeu    a5, s9, pc + 44
core   0: 0 0x80005990 (0x0397f663)
core   0: 0x80005994 (0x02018233) mul     tp, gp, zero
core   0: 0 0x80005994 (0x02018233) x4  0x00000000
core   0: 0x80005998 (0x03f1c633) div     a2, gp, t6
core   0: 0 0x80005998 (0x03f1c633) x12 0xffffffff
core   0: 0x8000599c (0x00875e93) srli    t4, a4, 8
core   0: 0 0x8000599c (0x00875e93) x29 0x00000001
core   0: 0x800059a0 (0x0acf9eb7) lui     t4, 0xacf9
core   0: 0 0x800059a0 (0x0acf9eb7) x29 0x0acf9000
core   0: 0x800059a4 (0x0d248193) addi    gp, s1, 210
core   0: 0 0x800059a4 (0x0d248193) x3  0x000001d2
core   0: 0x800059a8 (0x038bd4b3) divu    s1, s7, s8
core   0: 0 0x800059a8 (0x038bd4b3) x9  0xbe517e4e
core   0: 0x800059ac (0x8961c1b7) lui     gp, 0x8961c
core   0: 0 0x800059ac (0x8961c1b7) x3  0x8961c000
core   0: 0x800059b0 (0x41435233) sra     tp, t1, s4
core   0: 0 0x800059b0 (0x41435233) x4  0x00000000
core   0: 0x800059b4 (0x00009a7d) c.andi  a2, -1
core   0: 0 0x800059b4 (0x9a7d) x12 0xffffffff
core   0: 0x800059b6 (0x90e88b93) addi    s7, a7, -1778
core   0: 0 0x800059b6 (0x90e88b93) x23 0xfffffa14
core   0: 0x800059ba (0x00000526) c.slli  a0, 9
core   0: 0 0x800059ba (0x0526) x10 0x00000000
core   0: 0x800059bc (0x0000836d) c.srli  a4, 27
core   0: 0 0x800059bc (0x836d) x14 0x00000000
core   0: 0x800059be (0x02b24963) blt     tp, a1, pc + 50
core   0: 0 0x800059be (0x02b24963)
core   0: 0x800059c2 (0x0007c463) bltz    a5, pc + 8
core   0: 0 0x800059c2 (0x0007c463)
core   0: 0x800059ca (0x01ef5613) srli    a2, t5, 30
core   0: 0 0x800059ca (0x01ef5613) x12 0x00000000
core   0: 0x800059ce (0x0000e2a1) c.bnez  a3, pc + 64
core   0: 0 0x800059ce (0xe2a1)
core   0: 0x800059d0 (0x000086c5) c.srai  a3, 17
core   0: 0 0x800059d0 (0x86c5) x13 0x00000000
core   0: 0x800059d2 (0x0108c663) blt     a7, a6, pc + 12
core   0: 0 0x800059d2 (0x0108c663)
core   0: 0x800059d6 (0x028be5b3) rem     a1, s7, s0
core   0: 0 0x800059d6 (0x028be5b3) x11 0xfffffa14
core   0: 0x800059da (0x0000100f) fence.i
core   0: 0 0x800059da (0x0000100f)
core   0: 0x800059de (0x00000001) c.nop
core   0: 0 0x800059de (0x0001)
core   0: 0x800059e0 (0xfca40f13) addi    t5, s0, -54
core   0: 0 0x800059e0 (0xfca40f13) x30 0x00014fca
core   0: 0x800059e4 (0x02ab4163) blt     s6, a0, pc + 34
core   0: 0 0x800059e4 (0x02ab4163)
core   0: 0x80005a06 (0x0366f563) bgeu    a3, s6, pc + 42
core   0: 0 0x80005a06 (0x0366f563)
core   0: 0x80005a0a (0x03700663) beq     zero, s7, pc + 44
core   0: 0 0x80005a0a (0x03700663)
core   0: 0x80005a0e (0x004ead33) slt     s10, t4, tp
core   0: 0 0x80005a0e (0x004ead33) x26 0x00000000
core   0: 0x80005a12 (0x00008efd) c.and   a3, a5
core   0: 0 0x80005a12 (0x8efd) x13 0x00000000
core   0: 0x80005a14 (0x0000ea81) c.bnez  a3, pc + 16
core   0: 0 0x80005a14 (0xea81)
core   0: 0x80005a16 (0x00008c55) c.or    s0, a3
core   0: 0 0x80005a16 (0x8c55) x8  0x00015000
core   0: 0x80005a18 (0x41e75093) srai    ra, a4, 30
core   0: 0 0x80005a18 (0x41e75093) x1  0x00000000
core   0: 0x80005a1c (0x01d0ed63) bltu    ra, t4, pc + 26
core   0: 0 0x80005a1c (0x01d0ed63)
core   0: 0x80005a36 (0x0b3f4763) blt     t5, s3, pc + 174
core   0: 0 0x80005a36 (0x0b3f4763)
core   0: 0x80005a3a (0x00004315) c.li    t1, 5
core   0: 0 0x80005a3a (0x4315) x6  0x00000005
core   0: 0x80005a3c (0x00008da5) c.xor   a1, s1
core   0: 0 0x80005a3c (0x8da5) x11 0x41ae845a
core   0: 0x80005a3e (0x0000423d) c.li    tp, 15
core   0: 0 0x80005a3e (0x423d) x4  0x0000000f
core   0: 0x80005a40 (0x030bfe33) remu    t3, s7, a6
core   0: 0 0x80005a40 (0x030bfe33) x28 0x00000000
core   0: 0x80005a44 (0xbd208693) addi    a3, ra, -1070
core   0: 0 0x80005a44 (0xbd208693) x13 0xfffffbd2
core   0: 0x80005a48 (0x00000329) c.addi  t1, 10
core   0: 0 0x80005a48 (0x0329) x6  0x0000000f
core   0: 0x80005a4a (0x0000100f) fence.i
core   0: 0 0x80005a4a (0x0000100f)
core   0: 0x80005a4e (0x00468db3) add     s11, a3, tp
core   0: 0 0x80005a4e (0x00468db3) x27 0xfffffbe1
core   0: 0x80005a52 (0x00008ec9) c.or    a3, a0
core   0: 0 0x80005a52 (0x8ec9) x13 0xfffffbd2
core   0: 0x80005a54 (0x00004819) c.li    a6, 6
core   0: 0 0x80005a54 (0x4819) x16 0x00000006
core   0: 0x80005a56 (0x0000100f) fence.i
core   0: 0 0x80005a56 (0x0000100f)
core   0: 0x80005a5a (0x01731db3) sll     s11, t1, s7
core   0: 0 0x80005a5a (0x01731db3) x27 0x00f00000
core   0: 0x80005a5e (0x7e7d0d17) auipc   s10, 0x7e7d0
core   0: 0 0x80005a5e (0x7e7d0d17) x26 0xfe7d5a5e
core   0: 0x80005a62 (0x000041b1) c.li    gp, 12
core   0: 0 0x80005a62 (0x41b1) x3  0x0000000c
core   0: 0x80005a64 (0x00008d51) c.or    a0, a2
core   0: 0 0x80005a64 (0x8d51) x10 0x00000000
core   0: 0x80005a66 (0x00d2ccb7) lui     s9, 0xd2c
core   0: 0 0x80005a66 (0x00d2ccb7) x25 0x00d2c000
core   0: 0x80005a6a (0x00008e45) c.or    a2, s1
core   0: 0 0x80005a6a (0x8e45) x12 0xbe517e4e
core   0: 0x80005a6c (0x00006c65) c.lui   s8, 0x19
core   0: 0 0x80005a6c (0x6c65) x24 0x00019000
core   0: 0x80005a6e (0x0000080d) c.addi  a6, 3
core   0: 0 0x80005a6e (0x080d) x16 0x00000009
core   0: 0x80005a70 (0x74293d13) sltiu   s10, s2, 1858
core   0: 0 0x80005a70 (0x74293d13) x26 0x00000001
core   0: 0x80005a74 (0x016a4633) xor     a2, s4, s6
core   0: 0 0x80005a74 (0x016a4633) x12 0x1fc9f369
core   0: 0x80005a78 (0x00008d29) c.xor   a0, a0
core   0: 0 0x80005a78 (0x8d29) x10 0x00000000
core   0: 0x80005a7a (0xfe3808e3) beq     a6, gp, pc - 16
core   0: 0 0x80005a7a (0xfe3808e3)
core   0: 0x80005a7e (0x0251d4b3) divu    s1, gp, t0
core   0: 0 0x80005a7e (0x0251d4b3) x9  0xffffffff
core   0: 0x80005a82 (0x000082a5) c.srli  a3, 9
core   0: 0 0x80005a82 (0x82a5) x13 0x007ffffd
core   0: 0x80005a84 (0x023ec533) div     a0, t4, gp
core   0: 0 0x80005a84 (0x023ec533) x10 0x00e6a155
core   0: 0x80005a88 (0x0ff0000f) fence   iorw,iorw
core   0: 0 0x80005a88 (0x0ff0000f)
core   0: 0x80005a8c (0x015812b3) sll     t0, a6, s5
core   0: 0 0x80005a8c (0x015812b3) x5  0x00001200
core   0: 0x80005a90 (0x03121733) mulh    a4, tp, a7
core   0: 0 0x80005a90 (0x03121733) x14 0x00000000
core   0: 0x80005a94 (0x57654b13) xori    s6, a0, 1398
core   0: 0 0x80005a94 (0x57654b13) x22 0x00e6a423
core   0: 0x80005a98 (0x02be82b3) mul     t0, t4, a1
core   0: 0 0x80005a98 (0x02be82b3) x5  0xb338a000
core   0: 0x80005a9c (0x41d15e33) sra     t3, sp, t4
core   0: 0 0x80005a9c (0x41d15e33) x28 0x80024e2c
core   0: 0x80005aa0 (0xaf614393) xori    t2, sp, -1290
core   0: 0 0x80005aa0 (0xaf614393) x7  0x7ffdb4da
core   0: 0x80005aa4 (0xfa4310e3) bne     t1, tp, pc - 96
core   0: 0 0x80005aa4 (0xfa4310e3)
core   0: 0x80005aa8 (0x00000e32) c.slli  t3, 12
core   0: 0 0x80005aa8 (0x0e32) x28 0x24e2c000
core   0: 0x80005aaa (0x028d94b3) mulh    s1, s11, s0
core   0: 0 0x80005aaa (0x028d94b3) x9  0x0000013b
core   0: 0x80005aae (0x00006db5) c.lui   s11, 0xd
core   0: 0 0x80005aae (0x6db5) x27 0x0000d000
core   0: 0x80005ab0 (0x8548d917) auipc   s2, 0x8548d
core   0: 0 0x80005ab0 (0x8548d917) x18 0x05492ab0
core   0: 0x80005ab4 (0x02da29b3) mulhsu  s3, s4, a3
core   0: 0 0x80005ab4 (0x02da29b3) x19 0xfff01b04
core   0: 0x80005ab8 (0x02e25d33) divu    s10, tp, a4
core   0: 0 0x80005ab8 (0x02e25d33) x26 0xffffffff
core   0: 0x80005abc (0x0000177d) c.addi  a4, -1
core   0: 0 0x80005abc (0x177d) x14 0xffffffff
core   0: 0x80005abe (0xa28f7c93) andi    s9, t5, -1496
core   0: 0 0x80005abe (0xa28f7c93) x25 0x00014a08
core   0: 0x80005ac2 (0x03481033) mulh    zero, a6, s4
core   0: 0 0x80005ac2 (0x03481033)
core   0: 0x80005ac6 (0x000065bd) c.lui   a1, 0xf
core   0: 0 0x80005ac6 (0x65bd) x11 0x0000f000
core   0: 0x80005ac8 (0x0ff0000f) fence   iorw,iorw
core   0: 0 0x80005ac8 (0x0ff0000f)
core   0: 0x80005acc (0x03eeb633) mulhu   a2, t4, t5
core   0: 0 0x80005acc (0x03eeb633) x12 0x00000e2e
core   0: 0x80005ad0 (0x00000001) c.nop
core   0: 0 0x80005ad0 (0x0001)
core   0: 0x80005ad2 (0x0198d593) srli    a1, a7, 25
core   0: 0 0x80005ad2 (0x0198d593) x11 0x00000000
core   0: 0x80005ad6 (0x01ab5c63) bge     s6, s10, pc + 24
core   0: 0 0x80005ad6 (0x01ab5c63)
core   0: 0x80005aee (0x000004ca) c.slli  s1, 18
core   0: 0 0x80005aee (0x04ca) x9  0x04ec0000
core   0: 0x80005af0 (0x0ff0000f) fence   iorw,iorw
core   0: 0 0x80005af0 (0x0ff0000f)
core   0: 0x80005af4 (0x000042a9) c.li    t0, 10
core   0: 0 0x80005af4 (0x42a9) x5  0x0000000a
core   0: 0x80005af6 (0x01645193) srli    gp, s0, 22
core   0: 0 0x80005af6 (0x01645193) x3  0x00000000
core   0: 0x80005afa (0x00008f21) c.xor   a4, s0
core   0: 0 0x80005afa (0x8f21) x14 0xfffeafff
core   0: 0x80005afc (0x38a5ee37) lui     t3, 0x38a5e
core   0: 0 0x80005afc (0x38a5ee37) x28 0x38a5e000
core   0: 0x80005b00 (0x01de0d63) beq     t3, t4, pc + 26
core   0: 0 0x80005b00 (0x01de0d63)
core   0: 0x80005b04 (0x0080d313) srli    t1, ra, 8
core   0: 0 0x80005b04 (0x0080d313) x6  0x00000000
core   0: 0x80005b08 (0x0000100f) fence.i
core   0: 0 0x80005b08 (0x0000100f)
core   0: 0x80005b0c (0x02a51263) bne     a0, a0, pc + 36
core   0: 0 0x80005b0c (0x02a51263)
core   0: 0x80005b10 (0x00008e11) c.sub   a2, a2
core   0: 0 0x80005b10 (0x8e11) x12 0x00000000
core   0: 0x80005b12 (0x00d19633) sll     a2, gp, a3
core   0: 0 0x80005b12 (0x00d19633) x12 0x00000000
core   0: 0x80005b16 (0x41b95cb3) sra     s9, s2, s11
core   0: 0 0x80005b16 (0x41b95cb3) x25 0x05492ab0
core   0: 0x80005b1a (0x036a2d33) mulhsu  s10, s4, s6
core   0: 0 0x80005b1a (0x036a2d33) x26 0xffe35c29
core   0: 0x80005b1e (0x03995433) divu    s0, s2, s9
core   0: 0 0x80005b1e (0x03995433) x8  0x00000001
core   0: 0x80005b22 (0x00008cd1) c.or    s1, a2
core   0: 0 0x80005b22 (0x8cd1) x9  0x04ec0000
core   0: 0x80005b24 (0x02db8533) mul     a0, s7, a3
core   0: 0 0x80005b24 (0x02db8533) x10 0x0a0011c4
core   0: 0x80005b28 (0x41ae80b3) sub     ra, t4, s10
core   0: 0 0x80005b28 (0x41ae80b3) x1  0x0aec33d7
core   0: 0x80005b2c (0x66a6c713) xori    a4, a3, 1642
core   0: 0 0x80005b2c (0x66a6c713) x14 0x007ff997
core   0: 0x80005b30 (0x01f73a33) sltu    s4, a4, t6
core   0: 0 0x80005b30 (0x01f73a33) x20 0x00000000
core   0: 0x80005b34 (0x00004212) c.lwsp  tp, 4(sp)
core   0: 0 0x80005b34 (0x4212) x4  0x80002d18 mem 0x80024e30
core   0: 0x80005b36 (0x3623ef93) ori     t6, t2, 866
core   0: 0 0x80005b36 (0x3623ef93) x31 0x7ffdb7fa
core   0: 0x80005b3a (0x03810113) addi    sp, sp, 56
core   0: 0 0x80005b3a (0x03810113) x2  0x80024e64
core   0: 0x80005b3e (0x00008d71) c.and   a0, a2
core   0: 0 0x80005b3e (0x8d71) x10 0x00000000
core   0: 0x80005b40 (0x75c8b6b7) lui     a3, 0x75c8b
core   0: 0 0x80005b40 (0x75c8b6b7) x13 0x75c8b000
core   0: 0x80005b44 (0x00008d52) c.mv    s10, s4
core   0: 0 0x80005b44 (0x8d52) x26 0x00000000
core   0: 0x80005b46 (0x00000001) c.nop
core   0: 0 0x80005b46 (0x0001)
core   0: 0x80005b48 (0x000096d2) c.add   a3, s4
core   0: 0 0x80005b48 (0x96d2) x13 0x75c8b000
core   0: 0x80005b4a (0x00008dcd) c.or    a1, a1
core   0: 0 0x80005b4a (0x8dcd) x11 0x00000000
core   0: 0x80005b4c (0x00020c93) mv      s9, tp
core   0: 0 0x80005b4c (0x00020c93) x25 0x80002d18
core   0: 0x80005b50 (0x00008c82) c.jr    s9
core   0: 0 0x80005b50 (0x8c82)
core   0: 0x80002d18 (0x00004d29) c.li    s10, 10
core   0: 0 0x80002d18 (0x4d29) x26 0x0000000a
core   0: 0x80002d1a (0x00000001) c.nop
core   0: 0 0x80002d1a (0x0001)
core   0: 0x80002d1c (0x02bb1eb3) mulh    t4, s6, a1
core   0: 0 0x80002d1c (0x02bb1eb3) x29 0x00000000
core   0: 0x80002d20 (0x0000448d) c.li    s1, 3
core   0: 0 0x80002d20 (0x448d) x9  0x00000003
core   0: 0x80002d22 (0x73df3293) sltiu   t0, t5, 1853
core   0: 0 0x80002d22 (0x73df3293) x5  0x00000000
core   0: 0x80002d26 (0x4019d933) sra     s2, s3, ra
core   0: 0 0x80002d26 (0x4019d933) x18 0xffffffff
core   0: 0x80002d2a (0x00001d7d) c.addi  s10, -1
core   0: 0 0x80002d2a (0x1d7d) x26 0x00000009
core   0: 0x80002d2c (0x00008e15) c.sub   a2, a3
core   0: 0 0x80002d2c (0x8e15) x12 0x8a375000
core   0: 0x80002d2e (0x00008755) c.srai  a4, 21
core   0: 0 0x80002d2e (0x8755) x14 0x00000003
core   0: 0x80002d30 (0xfb292593) slti    a1, s2, -78
core   0: 0 0x80002d30 (0xfb292593) x11 0x00000000
core   0: 0x80002d34 (0xfe9d77e3) bgeu    s10, s1, pc - 18
core   0: 0 0x80002d34 (0xfe9d77e3)
core   0: 0x80002d22 (0x73df3293) sltiu   t0, t5, 1853
core   0: 0 0x80002d22 (0x73df3293) x5  0x00000000
core   0: 0x80002d26 (0x4019d933) sra     s2, s3, ra
core   0: 0 0x80002d26 (0x4019d933) x18 0xffffffff
core   0: 0x80002d2a (0x00001d7d) c.addi  s10, -1
core   0: 0 0x80002d2a (0x1d7d) x26 0x00000008
core   0: 0x80002d2c (0x00008e15) c.sub   a2, a3
core   0: 0 0x80002d2c (0x8e15) x12 0x146ea000
core   0: 0x80002d2e (0x00008755) c.srai  a4, 21
core   0: 0 0x80002d2e (0x8755) x14 0x00000000
core   0: 0x80002d30 (0xfb292593) slti    a1, s2, -78
core   0: 0 0x80002d30 (0xfb292593) x11 0x00000000
core   0: 0x80002d34 (0xfe9d77e3) bgeu    s10, s1, pc - 18
core   0: 0 0x80002d34 (0xfe9d77e3)
core   0: 0x80002d22 (0x73df3293) sltiu   t0, t5, 1853
core   0: 0 0x80002d22 (0x73df3293) x5  0x00000000
core   0: 0x80002d26 (0x4019d933) sra     s2, s3, ra
core   0: 0 0x80002d26 (0x4019d933) x18 0xffffffff
core   0: 0x80002d2a (0x00001d7d) c.addi  s10, -1
core   0: 0 0x80002d2a (0x1d7d) x26 0x00000007
core   0: 0x80002d2c (0x00008e15) c.sub   a2, a3
core   0: 0 0x80002d2c (0x8e15) x12 0x9ea5f000
core   0: 0x80002d2e (0x00008755) c.srai  a4, 21
core   0: 0 0x80002d2e (0x8755) x14 0x00000000
core   0: 0x80002d30 (0xfb292593) slti    a1, s2, -78
core   0: 0 0x80002d30 (0xfb292593) x11 0x00000000
core   0: 0x80002d34 (0xfe9d77e3) bgeu    s10, s1, pc - 18
core   0: 0 0x80002d34 (0xfe9d77e3)
core   0: 0x80002d22 (0x73df3293) sltiu   t0, t5, 1853
core   0: 0 0x80002d22 (0x73df3293) x5  0x00000000
core   0: 0x80002d26 (0x4019d933) sra     s2, s3, ra
core   0: 0 0x80002d26 (0x4019d933) x18 0xffffffff
core   0: 0x80002d2a (0x00001d7d) c.addi  s10, -1
core   0: 0 0x80002d2a (0x1d7d) x26 0x00000006
core   0: 0x80002d2c (0x00008e15) c.sub   a2, a3
core   0: 0 0x80002d2c (0x8e15) x12 0x28dd4000
core   0: 0x80002d2e (0x00008755) c.srai  a4, 21
core   0: 0 0x80002d2e (0x8755) x14 0x00000000
core   0: 0x80002d30 (0xfb292593) slti    a1, s2, -78
core   0: 0 0x80002d30 (0xfb292593) x11 0x00000000
core   0: 0x80002d34 (0xfe9d77e3) bgeu    s10, s1, pc - 18
core   0: 0 0x80002d34 (0xfe9d77e3)
core   0: 0x80002d22 (0x73df3293) sltiu   t0, t5, 1853
core   0: 0 0x80002d22 (0x73df3293) x5  0x00000000
core   0: 0x80002d26 (0x4019d933) sra     s2, s3, ra
core   0: 0 0x80002d26 (0x4019d933) x18 0xffffffff
core   0: 0x80002d2a (0x00001d7d) c.addi  s10, -1
core   0: 0 0x80002d2a (0x1d7d) x26 0x00000005
core   0: 0x80002d2c (0x00008e15) c.sub   a2, a3
core   0: 0 0x80002d2c (0x8e15) x12 0xb3149000
core   0: 0x80002d2e (0x00008755) c.srai  a4, 21
core   0: 0 0x80002d2e (0x8755) x14 0x00000000
core   0: 0x80002d30 (0xfb292593) slti    a1, s2, -78
core   0: 0 0x80002d30 (0xfb292593) x11 0x00000000
core   0: 0x80002d34 (0xfe9d77e3) bgeu    s10, s1, pc - 18
core   0: 0 0x80002d34 (0xfe9d77e3)
core   0: 0x80002d22 (0x73df3293) sltiu   t0, t5, 1853
core   0: 0 0x80002d22 (0x73df3293) x5  0x00000000
core   0: 0x80002d26 (0x4019d933) sra     s2, s3, ra
core   0: 0 0x80002d26 (0x4019d933) x18 0xffffffff
core   0: 0x80002d2a (0x00001d7d) c.addi  s10, -1
core   0: 0 0x80002d2a (0x1d7d) x26 0x00000004
core   0: 0x80002d2c (0x00008e15) c.sub   a2, a3
core   0: 0 0x80002d2c (0x8e15) x12 0x3d4be000
core   0: 0x80002d2e (0x00008755) c.srai  a4, 21
core   0: 0 0x80002d2e (0x8755) x14 0x00000000
core   0: 0x80002d30 (0xfb292593) slti    a1, s2, -78
core   0: 0 0x80002d30 (0xfb292593) x11 0x00000000
core   0: 0x80002d34 (0xfe9d77e3) bgeu    s10, s1, pc - 18
core   0: 0 0x80002d34 (0xfe9d77e3)
core   0: 0x80002d22 (0x73df3293) sltiu   t0, t5, 1853
core   0: 0 0x80002d22 (0x73df3293) x5  0x00000000
core   0: 0x80002d26 (0x4019d933) sra     s2, s3, ra
core   0: 0 0x80002d26 (0x4019d933) x18 0xffffffff
core   0: 0x80002d2a (0x00001d7d) c.addi  s10, -1
core   0: 0 0x80002d2a (0x1d7d) x26 0x00000003
core   0: 0x80002d2c (0x00008e15) c.sub   a2, a3
core   0: 0 0x80002d2c (0x8e15) x12 0xc7833000
core   0: 0x80002d2e (0x00008755) c.srai  a4, 21
core   0: 0 0x80002d2e (0x8755) x14 0x00000000
core   0: 0x80002d30 (0xfb292593) slti    a1, s2, -78
core   0: 0 0x80002d30 (0xfb292593) x11 0x00000000
core   0: 0x80002d34 (0xfe9d77e3) bgeu    s10, s1, pc - 18
core   0: 0 0x80002d34 (0xfe9d77e3)
core   0: 0x80002d22 (0x73df3293) sltiu   t0, t5, 1853
core   0: 0 0x80002d22 (0x73df3293) x5  0x00000000
core   0: 0x80002d26 (0x4019d933) sra     s2, s3, ra
core   0: 0 0x80002d26 (0x4019d933) x18 0xffffffff
core   0: 0x80002d2a (0x00001d7d) c.addi  s10, -1
core   0: 0 0x80002d2a (0x1d7d) x26 0x00000002
core   0: 0x80002d2c (0x00008e15) c.sub   a2, a3
core   0: 0 0x80002d2c (0x8e15) x12 0x51ba8000
core   0: 0x80002d2e (0x00008755) c.srai  a4, 21
core   0: 0 0x80002d2e (0x8755) x14 0x00000000
core   0: 0x80002d30 (0xfb292593) slti    a1, s2, -78
core   0: 0 0x80002d30 (0xfb292593) x11 0x00000000
core   0: 0x80002d34 (0xfe9d77e3) bgeu    s10, s1, pc - 18
core   0: 0 0x80002d34 (0xfe9d77e3)
core   0: 0x80002d38 (0x00008972) c.mv    s2, t3
core   0: 0 0x80002d38 (0x8972) x18 0x38a5e000
core   0: 0x80002d3a (0x00004e0d) c.li    t3, 3
core   0: 0 0x80002d3a (0x4e0d) x28 0x00000003
core   0: 0x80002d3c (0x028abeb3) mulhu   t4, s5, s0
core   0: 0 0x80002d3c (0x028abeb3) x29 0x00000000
core   0: 0x80002d40 (0xc314a293) slti    t0, s1, -975
core   0: 0 0x80002d40 (0xc314a293) x5  0x00000000
core   0: 0x80002d44 (0x016c5533) srl     a0, s8, s6
core   0: 0 0x80002d44 (0x016c5533) x10 0x00003200
core   0: 0x80002d48 (0x00004d31) c.li    s10, 12
core   0: 0 0x80002d48 (0x4d31) x26 0x0000000c
core   0: 0x80002d4a (0x00645633) srl     a2, s0, t1
core   0: 0 0x80002d4a (0x00645633) x12 0x00000001
core   0: 0x80002d4e (0x028111b3) mulh    gp, sp, s0
core   0: 0 0x80002d4e (0x028111b3) x3  0xffffffff
core   0: 0x80002d52 (0x01869193) slli    gp, a3, 24
core   0: 0 0x80002d52 (0x01869193) x3  0x00000000
core   0: 0x80002d56 (0x00000e0d) c.addi  t3, 3
core   0: 0 0x80002d56 (0x0e0d) x28 0x00000006
core   0: 0x80002d58 (0x00000085) c.addi  ra, 1
core   0: 0 0x80002d58 (0x0085) x1  0x0aec33d8
core   0: 0x80002d5a (0x01c67a33) and     s4, a2, t3
core   0: 0 0x80002d5a (0x01c67a33) x20 0x00000000
core   0: 0x80002d5e (0x0328c6b3) div     a3, a7, s2
core   0: 0 0x80002d5e (0x0328c6b3) x13 0x00000000
core   0: 0x80002d62 (0x030d9433) mulh    s0, s11, a6
core   0: 0 0x80002d62 (0x030d9433) x8  0x00000000
core   0: 0x80002d66 (0x40050bb3) sub     s7, a0, zero
core   0: 0 0x80002d66 (0x40050bb3) x23 0x00003200
core   0: 0x80002d6a (0xffae12e3) bne     t3, s10, pc - 28
core   0: 0 0x80002d6a (0xffae12e3)
core   0: 0x80002d4e (0x028111b3) mulh    gp, sp, s0
core   0: 0 0x80002d4e (0x028111b3) x3  0x00000000
core   0: 0x80002d52 (0x01869193) slli    gp, a3, 24
core   0: 0 0x80002d52 (0x01869193) x3  0x00000000
core   0: 0x80002d56 (0x00000e0d) c.addi  t3, 3
core   0: 0 0x80002d56 (0x0e0d) x28 0x00000009
core   0: 0x80002d58 (0x00000085) c.addi  ra, 1
core   0: 0 0x80002d58 (0x0085) x1  0x0aec33d9
core   0: 0x80002d5a (0x01c67a33) and     s4, a2, t3
core   0: 0 0x80002d5a (0x01c67a33) x20 0x00000001
core   0: 0x80002d5e (0x0328c6b3) div     a3, a7, s2
core   0: 0 0x80002d5e (0x0328c6b3) x13 0x00000000
core   0: 0x80002d62 (0x030d9433) mulh    s0, s11, a6
core   0: 0 0x80002d62 (0x030d9433) x8  0x00000000
core   0: 0x80002d66 (0x40050bb3) sub     s7, a0, zero
core   0: 0 0x80002d66 (0x40050bb3) x23 0x00003200
core   0: 0x80002d6a (0xffae12e3) bne     t3, s10, pc - 28
core   0: 0 0x80002d6a (0xffae12e3)
core   0: 0x80002d4e (0x028111b3) mulh    gp, sp, s0
core   0: 0 0x80002d4e (0x028111b3) x3  0x00000000
core   0: 0x80002d52 (0x01869193) slli    gp, a3, 24
core   0: 0 0x80002d52 (0x01869193) x3  0x00000000
core   0: 0x80002d56 (0x00000e0d) c.addi  t3, 3
core   0: 0 0x80002d56 (0x0e0d) x28 0x0000000c
core   0: 0x80002d58 (0x00000085) c.addi  ra, 1
core   0: 0 0x80002d58 (0x0085) x1  0x0aec33da
core   0: 0x80002d5a (0x01c67a33) and     s4, a2, t3
core   0: 0 0x80002d5a (0x01c67a33) x20 0x00000000
core   0: 0x80002d5e (0x0328c6b3) div     a3, a7, s2
core   0: 0 0x80002d5e (0x0328c6b3) x13 0x00000000
core   0: 0x80002d62 (0x030d9433) mulh    s0, s11, a6
core   0: 0 0x80002d62 (0x030d9433) x8  0x00000000
core   0: 0x80002d66 (0x40050bb3) sub     s7, a0, zero
core   0: 0 0x80002d66 (0x40050bb3) x23 0x00003200
core   0: 0x80002d6a (0xffae12e3) bne     t3, s10, pc - 28
core   0: 0 0x80002d6a (0xffae12e3)
core   0: 0x80002d6e (0x8420b813) sltiu   a6, ra, -1982
core   0: 0 0x80002d6e (0x8420b813) x16 0x00000001
core   0: 0x80002d72 (0x00000226) c.slli  tp, 9
core   0: 0 0x80002d72 (0x0226) x4  0x005a3000
core   0: 0x80002d74 (0x0000986e) c.add   a6, s11
core   0: 0 0x80002d74 (0x986e) x16 0x0000d001
core   0: 0x80002d76 (0xed3d6c13) ori     s8, s10, -301
core   0: 0 0x80002d76 (0xed3d6c13) x24 0xfffffedf
core   0: 0x80002d7a (0x000085f5) c.srai  a1, 29
core   0: 0 0x80002d7a (0x85f5) x11 0x00000000
core   0: 0x80002d7c (0x000091fa) c.add   gp, t5
core   0: 0 0x80002d7c (0x91fa) x3  0x00014fca
core   0: 0x80002d7e (0x0000100f) fence.i
core   0: 0 0x80002d7e (0x0000100f)
core   0: 0x80002d82 (0x0ff0000f) fence   iorw,iorw
core   0: 0 0x80002d82 (0x0ff0000f)
core   0: 0x80002d86 (0x66404f93) xori    t6, zero, 1636
core   0: 0 0x80002d86 (0x66404f93) x31 0x00000664
core   0: 0x80002d8a (0x4f9de813) ori     a6, s11, 1273
core   0: 0 0x80002d8a (0x4f9de813) x16 0x0000d4f9
core   0: 0x80002d8e (0x00009cce) c.add   s9, s3
core   0: 0 0x80002d8e (0x9cce) x25 0x7ff0481c
core   0: 0x80002d90 (0x0278dcb3) divu    s9, a7, t2
core   0: 0 0x80002d90 (0x0278dcb3) x25 0x00000000
core   0: 0x80002d94 (0x01e99093) slli    ra, s3, 30
core   0: 0 0x80002d94 (0x01e99093) x1  0x00000000
core   0: 0x80002d98 (0x01591b13) slli    s6, s2, 21
core   0: 0 0x80002d98 (0x01591b13) x22 0x00000000
core   0: 0x80002d9c (0x0ff0000f) fence   iorw,iorw
core   0: 0 0x80002d9c (0x0ff0000f)
core   0: 0x80002da0 (0x01fcd263) bge     s9, t6, pc + 4
core   0: 0 0x80002da0 (0x01fcd263)
core   0: 0x80002da4 (0x0073c533) xor     a0, t2, t2
core   0: 0 0x80002da4 (0x0073c533) x10 0x00000000
core   0: 0x80002da8 (0xb3b26093) ori     ra, tp, -1221
core   0: 0 0x80002da8 (0xb3b26093) x1  0xfffffb3b
core   0: 0x80002dac (0x0000846d) c.srai  s0, 27
core   0: 0 0x80002dac (0x846d) x8  0x00000000
core   0: 0x80002dae (0x000093a2) c.add   t2, s0
core   0: 0 0x80002dae (0x93a2) x7  0x7ffdb4da
core   0: 0x80002db0 (0xd4238c93) addi    s9, t2, -702
core   0: 0 0x80002db0 (0xd4238c93) x25 0x7ffdb21c
core   0: 0x80002db4 (0x0193e533) or      a0, t2, s9
core   0: 0 0x80002db4 (0x0193e533) x10 0x7ffdb6de
core   0: 0x80002db8 (0x00ded233) srl     tp, t4, a3
core   0: 0 0x80002db8 (0x00ded233) x4  0x00000000
core   0: 0x80002dbc (0x031ae533) rem     a0, s5, a7
core   0: 0 0x80002dbc (0x031ae533) x10 0x00000009
core   0: 0x80002dc0 (0x0090cb63) blt     ra, s1, pc + 22
core   0: 0 0x80002dc0 (0x0090cb63)
core   0: 0x80002dd6 (0x00321533) sll     a0, tp, gp
core   0: 0 0x80002dd6 (0x00321533) x10 0x00000000
core   0: 0x80002dda (0x00008cb5) c.xor   s1, a3
core   0: 0 0x80002dda (0x8cb5) x9  0x00000003
core   0: 0x80002ddc (0x00000001) c.nop
core   0: 0 0x80002ddc (0x0001)
core   0: 0x80002dde (0x0000100f) fence.i
core   0: 0 0x80002dde (0x0000100f)
core   0: 0x80002de2 (0x00008ead) c.xor   a3, a1
core   0: 0 0x80002de2 (0x8ead) x13 0x00000000
core   0: 0x80002de4 (0x03478a33) mul     s4, a5, s4
core   0: 0 0x80002de4 (0x03478a33) x20 0x00000000
core   0: 0x80002de8 (0x02f366b3) rem     a3, t1, a5
core   0: 0 0x80002de8 (0x02f366b3) x13 0x00000000
core   0: 0x80002dec (0x029e4533) div     a0, t3, s1
core   0: 0 0x80002dec (0x029e4533) x10 0x00000004
core   0: 0x80002df0 (0x000064c5) c.lui   s1, 0x11
core   0: 0 0x80002df0 (0x64c5) x9  0x00011000
core   0: 0x80002df2 (0x00004275) c.li    tp, 29
core   0: 0 0x80002df2 (0x4275) x4  0x0000001d
core   0: 0x80002df4 (0x01aa7233) and     tp, s4, s10
core   0: 0 0x80002df4 (0x01aa7233) x4  0x00000000
core   0: 0x80002df8 (0x00000d22) c.slli  s10, 8
core   0: 0 0x80002df8 (0x0d22) x26 0x00000c00
core   0: 0x80002dfa (0x00767033) and     zero, a2, t2
core   0: 0 0x80002dfa (0x00767033)
core   0: 0x80002dfe (0x000088cd) c.andi  s1, 19
core   0: 0 0x80002dfe (0x88cd) x9  0x00000000
core   0: 0x80002e00 (0x40b10a33) sub     s4, sp, a1
core   0: 0 0x80002e00 (0x40b10a33) x20 0x80024e64
core   0: 0x80002e04 (0x037246b3) div     a3, tp, s7
core   0: 0 0x80002e04 (0x037246b3) x13 0x00000000
core   0: 0x80002e08 (0x00008f59) c.or    a4, a4
core   0: 0 0x80002e08 (0x8f59) x14 0x00000000
core   0: 0x80002e0a (0x536f6613) ori     a2, t5, 1334
core   0: 0 0x80002e0a (0x536f6613) x12 0x00014ffe
core   0: 0x80002e0e (0x032c1e33) mulh    t3, s8, s2
core   0: 0 0x80002e0e (0x032c1e33) x28 0xffffffc0
core   0: 0x80002e12 (0x029dd8b3) divu    a7, s11, s1
core   0: 0 0x80002e12 (0x029dd8b3) x17 0xffffffff
core   0: 0x80002e16 (0x01fb7d63) bgeu    s6, t6, pc + 26
core   0: 0 0x80002e16 (0x01fb7d63)
core   0: 0x80002e1a (0x00008c3d) c.xor   s0, a5
core   0: 0 0x80002e1a (0x8c3d) x8  0x80028ce4
core   0: 0x80002e1c (0x00d018b3) sll     a7, zero, a3
core   0: 0 0x80002e1c (0x00d018b3) x17 0x00000000
core   0: 0x80002e20 (0x41f954b3) sra     s1, s2, t6
core   0: 0 0x80002e20 (0x41f954b3) x9  0x038a5e00
core   0: 0x80002e24 (0x00008661) c.srai  a2, 24
core   0: 0 0x80002e24 (0x8661) x12 0x00000000
core   0: 0x80002e26 (0x0000023a) c.slli  tp, 14
core   0: 0 0x80002e26 (0x023a) x4  0x00000000
core   0: 0x80002e28 (0x4efe1b97) auipc   s7, 0x4efe1
core   0: 0 0x80002e28 (0x4efe1b97) x23 0xcefe3e28
core   0: 0x80002e2c (0x01440c33) add     s8, s0, s4
core   0: 0 0x80002e2c (0x01440c33) x24 0x0004db48
core   0: 0x80002e30 (0x41a8d1b3) sra     gp, a7, s10
core   0: 0 0x80002e30 (0x41a8d1b3) x3  0x00000000
core   0: 0x80002e34 (0x000081d5) c.srli  a1, 21
core   0: 0 0x80002e34 (0x81d5) x11 0x00000000
core   0: 0x80002e36 (0x000f7c33) and     s8, t5, zero
core   0: 0 0x80002e36 (0x000f7c33) x24 0x00000000
core   0: 0x80002e3a (0x017d9f13) slli    t5, s11, 23
core   0: 0 0x80002e3a (0x017d9f13) x30 0x00000000
core   0: 0x80002e3e (0x05a85b63) bge     a6, s10, pc + 86
core   0: 0 0x80002e3e (0x05a85b63)
core   0: 0x80002e94 (0x024a6db3) rem     s11, s4, tp
core   0: 0 0x80002e94 (0x024a6db3) x27 0x80024e64
core   0: 0x80002e98 (0x03bdde63) bge     s11, s11, pc + 60
core   0: 0 0x80002e98 (0x03bdde63)
core   0: 0x80002ed4 (0x00e61f63) bne     a2, a4, pc + 30
core   0: 0 0x80002ed4 (0x00e61f63)
core   0: 0x80002ed8 (0x00008c6d) c.and   s0, a1
core   0: 0 0x80002ed8 (0x8c6d) x8  0x00000000
core   0: 0x80002eda (0x00008e61) c.and   a2, s0
core   0: 0 0x80002eda (0x8e61) x12 0x00000000
core   0: 0x80002edc (0x00000001) c.nop
core   0: 0 0x80002edc (0x0001)
core   0: 0x80002ede (0x01517b33) and     s6, sp, s5
core   0: 0 0x80002ede (0x01517b33) x22 0x00000000
core   0: 0x80002ee2 (0x5b6c2013) slti    zero, s8, 1462
core   0: 0 0x80002ee2 (0x5b6c2013)
core   0: 0x80002ee6 (0x0000c229) c.beqz  a2, pc + 66
core   0: 0 0x80002ee6 (0xc229)
core   0: 0x80002f28 (0x011904b3) add     s1, s2, a7
core   0: 0 0x80002f28 (0x011904b3) x9  0x38a5e000
core   0: 0x80002f2c (0x000019fd) c.addi  s3, -1
core   0: 0 0x80002f2c (0x19fd) x19 0xfff01b03
core   0: 0x80002f2e (0x06d49263) bne     s1, a3, pc + 100
core   0: 0 0x80002f2e (0x06d49263)
core   0: 0x80002f92 (0x03e18763) beq     gp, t5, pc + 46
core   0: 0 0x80002f92 (0x03e18763)
core   0: 0x80002fc0 (0x00008d09) c.sub   a0, a0
core   0: 0 0x80002fc0 (0x8d09) x10 0x00000000
core   0: 0x80002fc2 (0x01449613) slli    a2, s1, 20
core   0: 0 0x80002fc2 (0x01449613) x12 0x00000000
core   0: 0x80002fc6 (0x00ca7733) and     a4, s4, a2
core   0: 0 0x80002fc6 (0x00ca7733) x14 0x00000000
core   0: 0x80002fca (0x04e81163) bne     a6, a4, pc + 66
core   0: 0 0x80002fca (0x04e81163)
core   0: 0x8000300c (0x0000e98d) c.bnez  a1, pc + 50
core   0: 0 0x8000300c (0xe98d)
core   0: 0x8000300e (0x4055d393) srai    t2, a1, 5
core   0: 0 0x8000300e (0x4055d393) x7  0x00000000
core   0: 0x80003012 (0x0341dd33) divu    s10, gp, s4
core   0: 0 0x80003012 (0x0341dd33) x26 0x00000000
core   0: 0x80003016 (0x01dcd333) srl     t1, s9, t4
core   0: 0 0x80003016 (0x01dcd333) x6  0x7ffdb21c
core   0: 0x8000301a (0x02c41533) mulh    a0, s0, a2
core   0: 0 0x8000301a (0x02c41533) x10 0x00000000
core   0: 0x8000301e (0x00000001) c.nop
core   0: 0 0x8000301e (0x0001)
core   0: 0x80003020 (0x00008169) c.srli  a0, 26
core   0: 0 0x80003020 (0x8169) x10 0x00000000
core   0: 0x80003022 (0x000086d5) c.srai  a3, 21
core   0: 0 0x80003022 (0x86d5) x13 0x00000000
core   0: 0x80003024 (0x41600d33) sub     s10, zero, s6
core   0: 0 0x80003024 (0x41600d33) x26 0x00000000
core   0: 0x80003028 (0x033430b3) mulhu   ra, s0, s3
core   0: 0 0x80003028 (0x033430b3) x1  0x00000000
core   0: 0x8000302c (0x00008c85) c.sub   s1, s1
core   0: 0 0x8000302c (0x8c85) x9  0x00000000
core   0: 0x8000302e (0x000088e1) c.andi  s1, 24
core   0: 0 0x8000302e (0x88e1) x9  0x00000000
core   0: 0x80003030 (0x0000c499) c.beqz  s1, pc + 14
core   0: 0 0x80003030 (0xc499)
core   0: 0x8000303e (0x01074833) xor     a6, a4, a6
core   0: 0 0x8000303e (0x01074833) x16 0x0000d4f9
core   0: 0x80003042 (0xffffda97) auipc   s5, 0xffffd
core   0: 0 0x80003042 (0xffffda97) x21 0x80000042
core   0: 0x80003046 (0x34ea8a93) addi    s5, s5, 846
core   0: 0 0x80003046 (0x34ea8a93) x21 0x80000390
core   0: 0x8000304a (0x000a8067) jr      s5
core   0: 0 0x8000304a (0x000a8067)
core   0: 0x80000390 (0x90000537) lui     a0, 0x90000
core   0: 0 0x80000390 (0x90000537) x10 0x90000000
core   0: 0x80000394 (0x00001561) c.addi  a0, -8
core   0: 0 0x80000394 (0x1561) x10 0x8ffffff8
core   0: 0x80000396 (0x00004c81) c.li    s9, 0
core   0: 0 0x80000396 (0x4c81) x25 0x00000000
core   0: 0x80000398 (0x00000ca2) c.slli  s9, 8
core   0: 0 0x80000398 (0x0ca2) x25 0x00000000
core   0: 0x8000039a (0x00000c85) c.addi  s9, 1
core   0: 0 0x8000039a (0x0c85) x25 0x00000001
core   0: 0x8000039c (0x01952023) sw      s9, 0(a0)
core   0: 0 0x8000039c (0x01952023) mem 0x8ffffff8 0x00000001
core   0: 0x800003a0 (0x00000073) ecall
core   0: exception trap_user_ecall, epc 0x800003a0
core   0: 0x80002000 (0x0800006f) j       pc + 0x80
core   0: 3 0x80002000 (0x0800006f)
core   0: 0x80002080 (0x000017f1) c.addi  a5, -4
core   0: 3 0x80002080 (0x17f1) x15 0x80028ce0
core   0: 0x80002082 (0x0027a023) sw      sp, 0(a5)
core   0: 3 0x80002082 (0x0027a023) mem 0x80028ce0 0x80024e64
core   0: 0x80002086 (0x00078133) add     sp, a5, zero
core   0: 3 0x80002086 (0x00078133) x2  0x80028ce0
core   0: 0x8000208a (0x00007119) c.addi16sp sp, -128
core   0: 3 0x8000208a (0x7119) x2  0x80028c60
core   0: 0x8000208c (0x0000c206) c.swsp  ra, 4(sp)
core   0: 3 0x8000208c (0xc206) mem 0x80028c64 0x00000000
core   0: 0x8000208e (0x0000c40a) c.swsp  sp, 8(sp)
core   0: 3 0x8000208e (0xc40a) mem 0x80028c68 0x80028c60
core   0: 0x80002090 (0x0000c60e) c.swsp  gp, 12(sp)
core   0: 3 0x80002090 (0xc60e) mem 0x80028c6c 0x00000000
core   0: 0x80002092 (0x0000c812) c.swsp  tp, 16(sp)
core   0: 3 0x80002092 (0xc812) mem 0x80028c70 0x00000000
core   0: 0x80002094 (0x0000ca16) c.swsp  t0, 20(sp)
core   0: 3 0x80002094 (0xca16) mem 0x80028c74 0x00000000
core   0: 0x80002096 (0x0000cc1a) c.swsp  t1, 24(sp)
core   0: 3 0x80002096 (0xcc1a) mem 0x80028c78 0x7ffdb21c
core   0: 0x80002098 (0x0000ce1e) c.swsp  t2, 28(sp)
core   0: 3 0x80002098 (0xce1e) mem 0x80028c7c 0x00000000
core   0: 0x8000209a (0x0000d022) c.swsp  s0, 32(sp)
core   0: 3 0x8000209a (0xd022) mem 0x80028c80 0x00000000
core   0: 0x8000209c (0x0000d226) c.swsp  s1, 36(sp)
core   0: 3 0x8000209c (0xd226) mem 0x80028c84 0x00000000
core   0: 0x8000209e (0x0000d42a) c.swsp  a0, 40(sp)
core   0: 3 0x8000209e (0xd42a) mem 0x80028c88 0x8ffffff8
core   0: 0x800020a0 (0x0000d62e) c.swsp  a1, 44(sp)
core   0: 3 0x800020a0 (0xd62e) mem 0x80028c8c 0x00000000
core   0: 0x800020a2 (0x0000d832) c.swsp  a2, 48(sp)
core   0: 3 0x800020a2 (0xd832) mem 0x80028c90 0x00000000
core   0: 0x800020a4 (0x0000da36) c.swsp  a3, 52(sp)
core   0: 3 0x800020a4 (0xda36) mem 0x80028c94 0x00000000
core   0: 0x800020a6 (0x0000dc3a) c.swsp  a4, 56(sp)
core   0: 3 0x800020a6 (0xdc3a) mem 0x80028c98 0x00000000
core   0: 0x800020a8 (0x0000de3e) c.swsp  a5, 60(sp)
core   0: 3 0x800020a8 (0xde3e) mem 0x80028c9c 0x80028ce0
core   0: 0x800020aa (0x0000c0c2) c.swsp  a6, 64(sp)
core   0: 3 0x800020aa (0xc0c2) mem 0x80028ca0 0x0000d4f9
core   0: 0x800020ac (0x0000c2c6) c.swsp  a7, 68(sp)
core   0: 3 0x800020ac (0xc2c6) mem 0x80028ca4 0x00000000
core   0: 0x800020ae (0x0000c4ca) c.swsp  s2, 72(sp)
core   0: 3 0x800020ae (0xc4ca) mem 0x80028ca8 0x38a5e000
core   0: 0x800020b0 (0x0000c6ce) c.swsp  s3, 76(sp)
core   0: 3 0x800020b0 (0xc6ce) mem 0x80028cac 0xfff01b03
core   0: 0x800020b2 (0x0000c8d2) c.swsp  s4, 80(sp)
core   0: 3 0x800020b2 (0xc8d2) mem 0x80028cb0 0x80024e64
core   0: 0x800020b4 (0x0000cad6) c.swsp  s5, 84(sp)
core   0: 3 0x800020b4 (0xcad6) mem 0x80028cb4 0x80000390
core   0: 0x800020b6 (0x0000ccda) c.swsp  s6, 88(sp)
core   0: 3 0x800020b6 (0xccda) mem 0x80028cb8 0x00000000
core   0: 0x800020b8 (0x0000cede) c.swsp  s7, 92(sp)
core   0: 3 0x800020b8 (0xcede) mem 0x80028cbc 0xcefe3e28
core   0: 0x800020ba (0x0000d0e2) c.swsp  s8, 96(sp)
core   0: 3 0x800020ba (0xd0e2) mem 0x80028cc0 0x00000000
core   0: 0x800020bc (0x0000d2e6) c.swsp  s9, 100(sp)
core   0: 3 0x800020bc (0xd2e6) mem 0x80028cc4 0x00000001
core   0: 0x800020be (0x0000d4ea) c.swsp  s10, 104(sp)
core   0: 3 0x800020be (0xd4ea) mem 0x80028cc8 0x00000000
core   0: 0x800020c0 (0x0000d6ee) c.swsp  s11, 108(sp)
core   0: 3 0x800020c0 (0xd6ee) mem 0x80028ccc 0x80024e64
core   0: 0x800020c2 (0x0000d8f2) c.swsp  t3, 112(sp)
core   0: 3 0x800020c2 (0xd8f2) mem 0x80028cd0 0xffffffc0
core   0: 0x800020c4 (0x0000daf6) c.swsp  t4, 116(sp)
core   0: 3 0x800020c4 (0xdaf6) mem 0x80028cd4 0x00000000
core   0: 0x800020c6 (0x0000dcfa) c.swsp  t5, 120(sp)
core   0: 3 0x800020c6 (0xdcfa) mem 0x80028cd8 0x00000000
core   0: 0x800020c8 (0x0000defe) c.swsp  t6, 124(sp)
core   0: 3 0x800020c8 (0xdefe) mem 0x80028cdc 0x00000664
core   0: 0x800020ca (0x000107b3) add     a5, sp, zero
core   0: 3 0x800020ca (0x000107b3) x15 0x80028c60
core   0: 0x800020ce (0x90000537) lui     a0, 0x90000
core   0: 3 0x800020ce (0x90000537) x10 0x90000000
core   0: 0x800020d2 (0x00001571) c.addi  a0, -4
core   0: 3 0x800020d2 (0x1571) x10 0x8ffffffc
core   0: 0x800020d4 (0x00004ca1) c.li    s9, 8
core   0: 3 0x800020d4 (0x4ca1) x25 0x00000008
core   0: 0x800020d6 (0x00000ca2) c.slli  s9, 8
core   0: 3 0x800020d6 (0x0ca2) x25 0x00000800
core   0: 0x800020d8 (0x000c8c93) mv      s9, s9
core   0: 3 0x800020d8 (0x000c8c93) x25 0x00000800
core   0: 0x800020dc (0x01952023) sw      s9, 0(a0)
core   0: 3 0x800020dc (0x01952023) mem 0x8ffffffc 0x00000800
core   0: 0x800020e0 (0x34102cf3) csrr    s9, mepc
core   0: 3 0x800020e0 (0x34102cf3) x25 0x800003a0
core   0: 0x800020e4 (0x34202cf3) csrr    s9, mcause
core   0: 3 0x800020e4 (0x34202cf3) x25 0x00000008
core   0: 0x800020e8 (0x0000450d) c.li    a0, 3
core   0: 3 0x800020e8 (0x450d) x10 0x00000003
core   0: 0x800020ea (0x00ac9463) bne     s9, a0, pc + 8
core   0: 3 0x800020ea (0x00ac9463)
core   0: 0x800020f2 (0x00004521) c.li    a0, 8
core   0: 3 0x800020f2 (0x4521) x10 0x00000008
core   0: 0x800020f4 (0x04ac8d63) beq     s9, a0, pc + 90
core   0: 3 0x800020f4 (0x04ac8d63)
core   0: 0x8000214e (0x90000537) lui     a0, 0x90000
core   0: 3 0x8000214e (0x90000537) x10 0x90000000
core   0: 0x80002152 (0x00001571) c.addi  a0, -4
core   0: 3 0x80002152 (0x1571) x10 0x8ffffffc
core   0: 0x80002154 (0x00006c85) c.lui   s9, 0x1
core   0: 3 0x80002154 (0x6c85) x25 0x00001000
core   0: 0x80002156 (0xb00c8c93) addi    s9, s9, -1280
core   0: 3 0x80002156 (0xb00c8c93) x25 0x00000b00
core   0: 0x8000215a (0x00000ca2) c.slli  s9, 8
core   0: 3 0x8000215a (0x0ca2) x25 0x000b0000
core   0: 0x8000215c (0x00000c8d) c.addi  s9, 3
core   0: 3 0x8000215c (0x0c8d) x25 0x000b0003
core   0: 0x8000215e (0x01952023) sw      s9, 0(a0)
core   0: 3 0x8000215e (0x01952023) mem 0x8ffffffc 0x000b0003
core   0: 0x80002162 (0xb0002cf3) csrr    s9, mcycle
core   0: 3 0x80002162 (0xb0002cf3) x25 0x00008297
core   0: 0x80002166 (0x01952023) sw      s9, 0(a0)
core   0: 3 0x80002166 (0x01952023) mem 0x8ffffffc 0x00008297
core   0: 0x8000216a (0x90000537) lui     a0, 0x90000
core   0: 3 0x8000216a (0x90000537) x10 0x90000000
core   0: 0x8000216e (0x00001571) c.addi  a0, -4
core   0: 3 0x8000216e (0x1571) x10 0x8ffffffc
core   0: 0x80002170 (0x00006c85) c.lui   s9, 0x1
core   0: 3 0x80002170 (0x6c85) x25 0x00001000
core   0: 0x80002172 (0xb80c8c93) addi    s9, s9, -1152
core   0: 3 0x80002172 (0xb80c8c93) x25 0x00000b80
core   0: 0x80002176 (0x00000ca2) c.slli  s9, 8
core   0: 3 0x80002176 (0x0ca2) x25 0x000b8000
core   0: 0x80002178 (0x00000c8d) c.addi  s9, 3
core   0: 3 0x80002178 (0x0c8d) x25 0x000b8003
core   0: 0x8000217a (0x01952023) sw      s9, 0(a0)
core   0: 3 0x8000217a (0x01952023) mem 0x8ffffffc 0x000b8003
core   0: 0x8000217e (0xb8002cf3) csrr    s9, mcycleh
core   0: 3 0x8000217e (0xb8002cf3) x25 0x00000000
core   0: 0x80002182 (0x01952023) sw      s9, 0(a0)
core   0: 3 0x80002182 (0x01952023) mem 0x8ffffffc 0x00000000
core   0: 0x80002186 (0x90000537) lui     a0, 0x90000
core   0: 3 0x80002186 (0x90000537) x10 0x90000000
core   0: 0x8000218a (0x00001571) c.addi  a0, -4
core   0: 3 0x8000218a (0x1571) x10 0x8ffffffc
core   0: 0x8000218c (0x00006c85) c.lui   s9, 0x1
core   0: 3 0x8000218c (0x6c85) x25 0x00001000
core   0: 0x8000218e (0xb03c8c93) addi    s9, s9, -1277
core   0: 3 0x8000218e (0xb03c8c93) x25 0x00000b03
core   0: 0x80002192 (0x00000ca2) c.slli  s9, 8
core   0: 3 0x80002192 (0x0ca2) x25 0x000b0300
core   0: 0x80002194 (0x00000c8d) c.addi  s9, 3
core   0: 3 0x80002194 (0x0c8d) x25 0x000b0303
core   0: 0x80002196 (0x01952023) sw      s9, 0(a0)
core   0: 3 0x80002196 (0x01952023) mem 0x8ffffffc 0x000b0303
core   0: 0x8000219a (0xb0302cf3) csrr    s9, mhpmcounter3
core   0: 3 0x8000219a (0xb0302cf3) x25 0x000000fd
core   0: 0x8000219e (0x01952023) sw      s9, 0(a0)
core   0: 3 0x8000219e (0x01952023) mem 0x8ffffffc 0x000000fd
core   0: 0x800021a2 (0x90000537) lui     a0, 0x90000
core   0: 3 0x800021a2 (0x90000537) x10 0x90000000
core   0: 0x800021a6 (0x00001571) c.addi  a0, -4
core   0: 3 0x800021a6 (0x1571) x10 0x8ffffffc
core   0: 0x800021a8 (0x00006c85) c.lui   s9, 0x1
core   0: 3 0x800021a8 (0x6c85) x25 0x00001000
core   0: 0x800021aa (0xb83c8c93) addi    s9, s9, -1149
core   0: 3 0x800021aa (0xb83c8c93) x25 0x00000b83
core   0: 0x800021ae (0x00000ca2) c.slli  s9, 8
core   0: 3 0x800021ae (0x0ca2) x25 0x000b8300
core   0: 0x800021b0 (0x00000c8d) c.addi  s9, 3
core   0: 3 0x800021b0 (0x0c8d) x25 0x000b8303
core   0: 0x800021b2 (0x01952023) sw      s9, 0(a0)
core   0: 3 0x800021b2 (0x01952023) mem 0x8ffffffc 0x000b8303
core   0: 0x800021b6 (0xb8302cf3) csrr    s9, mhpmcounter3h
core   0: 3 0x800021b6 (0xb8302cf3) x25 0x00000000
core   0: 0x800021ba (0x01952023) sw      s9, 0(a0)
core   0: 3 0x800021ba (0x01952023) mem 0x8ffffffc 0x00000000
core   0: 0x800021be (0x90000537) lui     a0, 0x90000
core   0: 3 0x800021be (0x90000537) x10 0x90000000
core   0: 0x800021c2 (0x00001571) c.addi  a0, -4
core   0: 3 0x800021c2 (0x1571) x10 0x8ffffffc
core   0: 0x800021c4 (0x00006c85) c.lui   s9, 0x1
core   0: 3 0x800021c4 (0x6c85) x25 0x00001000
core   0: 0x800021c6 (0xb04c8c93) addi    s9, s9, -1276
core   0: 3 0x800021c6 (0xb04c8c93) x25 0x00000b04
core   0: 0x800021ca (0x00000ca2) c.slli  s9, 8
core   0: 3 0x800021ca (0x0ca2) x25 0x000b0400
core   0: 0x800021cc (0x00000c8d) c.addi  s9, 3
core   0: 3 0x800021cc (0x0c8d) x25 0x000b0403
core   0: 0x800021ce (0x01952023) sw      s9, 0(a0)
core   0: 3 0x800021ce (0x01952023) mem 0x8ffffffc 0x000b0403
core   0: 0x800021d2 (0xb0402cf3) csrr    s9, mhpmcounter4
core   0: 3 0x800021d2 (0xb0402cf3) x25 0x000036ec
core   0: 0x800021d6 (0x01952023) sw      s9, 0(a0)
core   0: 3 0x800021d6 (0x01952023) mem 0x8ffffffc 0x000036ec
core   0: 0x800021da (0x90000537) lui     a0, 0x90000
core   0: 3 0x800021da (0x90000537) x10 0x90000000
core   0: 0x800021de (0x00001571) c.addi  a0, -4
core   0: 3 0x800021de (0x1571) x10 0x8ffffffc
core   0: 0x800021e0 (0x00006c85) c.lui   s9, 0x1
core   0: 3 0x800021e0 (0x6c85) x25 0x00001000
core   0: 0x800021e2 (0xb84c8c93) addi    s9, s9, -1148
core   0: 3 0x800021e2 (0xb84c8c93) x25 0x00000b84
core   0: 0x800021e6 (0x00000ca2) c.slli  s9, 8
core   0: 3 0x800021e6 (0x0ca2) x25 0x000b8400
core   0: 0x800021e8 (0x00000c8d) c.addi  s9, 3
core   0: 3 0x800021e8 (0x0c8d) x25 0x000b8403
core   0: 0x800021ea (0x01952023) sw      s9, 0(a0)
core   0: 3 0x800021ea (0x01952023) mem 0x8ffffffc 0x000b8403
core   0: 0x800021ee (0xb8402cf3) csrr    s9, mhpmcounter4h
core   0: 3 0x800021ee (0xb8402cf3) x25 0x00000000
core   0: 0x800021f2 (0x01952023) sw      s9, 0(a0)
core   0: 3 0x800021f2 (0x01952023) mem 0x8ffffffc 0x00000000
core   0: 0x800021f6 (0x90000537) lui     a0, 0x90000
core   0: 3 0x800021f6 (0x90000537) x10 0x90000000
core   0: 0x800021fa (0x00001571) c.addi  a0, -4
core   0: 3 0x800021fa (0x1571) x10 0x8ffffffc
core   0: 0x800021fc (0x00006c85) c.lui   s9, 0x1
core   0: 3 0x800021fc (0x6c85) x25 0x00001000
core   0: 0x800021fe (0xb05c8c93) addi    s9, s9, -1275
core   0: 3 0x800021fe (0xb05c8c93) x25 0x00000b05
core   0: 0x80002202 (0x00000ca2) c.slli  s9, 8
core   0: 3 0x80002202 (0x0ca2) x25 0x000b0500
core   0: 0x80002204 (0x00000c8d) c.addi  s9, 3
core   0: 3 0x80002204 (0x0c8d) x25 0x000b0503
core   0: 0x80002206 (0x01952023) sw      s9, 0(a0)
core   0: 3 0x80002206 (0x01952023) mem 0x8ffffffc 0x000b0503
core   0: 0x8000220a (0xb0502cf3) csrr    s9, mhpmcounter5
core   0: 3 0x8000220a (0xb0502cf3) x25 0x00000001
core   0: 0x8000220e (0x01952023) sw      s9, 0(a0)
core   0: 3 0x8000220e (0x01952023) mem 0x8ffffffc 0x00000001
core   0: 0x80002212 (0x90000537) lui     a0, 0x90000
core   0: 3 0x80002212 (0x90000537) x10 0x90000000
core   0: 0x80002216 (0x00001571) c.addi  a0, -4
core   0: 3 0x80002216 (0x1571) x10 0x8ffffffc
core   0: 0x80002218 (0x00006c85) c.lui   s9, 0x1
core   0: 3 0x80002218 (0x6c85) x25 0x00001000
core   0: 0x8000221a (0xb85c8c93) addi    s9, s9, -1147
core   0: 3 0x8000221a (0xb85c8c93) x25 0x00000b85
core   0: 0x8000221e (0x00000ca2) c.slli  s9, 8
core   0: 3 0x8000221e (0x0ca2) x25 0x000b8500
core   0: 0x80002220 (0x00000c8d) c.addi  s9, 3
core   0: 3 0x80002220 (0x0c8d) x25 0x000b8503
core   0: 0x80002222 (0x01952023) sw      s9, 0(a0)
core   0: 3 0x80002222 (0x01952023) mem 0x8ffffffc 0x000b8503
core   0: 0x80002226 (0xb8502cf3) csrr    s9, mhpmcounter5h
core   0: 3 0x80002226 (0xb8502cf3) x25 0x00000000
core   0: 0x8000222a (0x01952023) sw      s9, 0(a0)
core   0: 3 0x8000222a (0x01952023) mem 0x8ffffffc 0x00000000
core   0: 0x8000222e (0x90000537) lui     a0, 0x90000
core   0: 3 0x8000222e (0x90000537) x10 0x90000000
core   0: 0x80002232 (0x00001571) c.addi  a0, -4
core   0: 3 0x80002232 (0x1571) x10 0x8ffffffc
core   0: 0x80002234 (0x00006c85) c.lui   s9, 0x1
core   0: 3 0x80002234 (0x6c85) x25 0x00001000
core   0: 0x80002236 (0xb06c8c93) addi    s9, s9, -1274
core   0: 3 0x80002236 (0xb06c8c93) x25 0x00000b06
core   0: 0x8000223a (0x00000ca2) c.slli  s9, 8
core   0: 3 0x8000223a (0x0ca2) x25 0x000b0600
core   0: 0x8000223c (0x00000c8d) c.addi  s9, 3
core   0: 3 0x8000223c (0x0c8d) x25 0x000b0603
core   0: 0x8000223e (0x01952023) sw      s9, 0(a0)
core   0: 3 0x8000223e (0x01952023) mem 0x8ffffffc 0x000b0603
core   0: 0x80002242 (0xb0602cf3) csrr    s9, mhpmcounter6
core   0: 3 0x80002242 (0xb0602cf3) x25 0x00000039
core   0: 0x80002246 (0x01952023) sw      s9, 0(a0)
core   0: 3 0x80002246 (0x01952023) mem 0x8ffffffc 0x00000039
core   0: 0x8000224a (0x90000537) lui     a0, 0x90000
core   0: 3 0x8000224a (0x90000537) x10 0x90000000
core   0: 0x8000224e (0x00001571) c.addi  a0, -4
core   0: 3 0x8000224e (0x1571) x10 0x8ffffffc
core   0: 0x80002250 (0x00006c85) c.lui   s9, 0x1
core   0: 3 0x80002250 (0x6c85) x25 0x00001000
core   0: 0x80002252 (0xb86c8c93) addi    s9, s9, -1146
core   0: 3 0x80002252 (0xb86c8c93) x25 0x00000b86
core   0: 0x80002256 (0x00000ca2) c.slli  s9, 8
core   0: 3 0x80002256 (0x0ca2) x25 0x000b8600
core   0: 0x80002258 (0x00000c8d) c.addi  s9, 3
core   0: 3 0x80002258 (0x0c8d) x25 0x000b8603
core   0: 0x8000225a (0x01952023) sw      s9, 0(a0)
core   0: 3 0x8000225a (0x01952023) mem 0x8ffffffc 0x000b8603
core   0: 0x8000225e (0xb8602cf3) csrr    s9, mhpmcounter6h
core   0: 3 0x8000225e (0xb8602cf3) x25 0x00000000
core   0: 0x80002262 (0x01952023) sw      s9, 0(a0)
core   0: 3 0x80002262 (0x01952023) mem 0x8ffffffc 0x00000000
core   0: 0x80002266 (0x90000537) lui     a0, 0x90000
core   0: 3 0x80002266 (0x90000537) x10 0x90000000
core   0: 0x8000226a (0x00001571) c.addi  a0, -4
core   0: 3 0x8000226a (0x1571) x10 0x8ffffffc
core   0: 0x8000226c (0x00006c85) c.lui   s9, 0x1
core   0: 3 0x8000226c (0x6c85) x25 0x00001000
core   0: 0x8000226e (0xb07c8c93) addi    s9, s9, -1273
core   0: 3 0x8000226e (0xb07c8c93) x25 0x00000b07
core   0: 0x80002272 (0x00000ca2) c.slli  s9, 8
core   0: 3 0x80002272 (0x0ca2) x25 0x000b0700
core   0: 0x80002274 (0x00000c8d) c.addi  s9, 3
core   0: 3 0x80002274 (0x0c8d) x25 0x000b0703
core   0: 0x80002276 (0x01952023) sw      s9, 0(a0)
core   0: 3 0x80002276 (0x01952023) mem 0x8ffffffc 0x000b0703
core   0: 0x8000227a (0xb0702cf3) csrr    s9, mhpmcounter7
core   0: 3 0x8000227a (0xb0702cf3) x25 0x0000003b
core   0: 0x8000227e (0x01952023) sw      s9, 0(a0)
core   0: 3 0x8000227e (0x01952023) mem 0x8ffffffc 0x0000003b
core   0: 0x80002282 (0x90000537) lui     a0, 0x90000
core   0: 3 0x80002282 (0x90000537) x10 0x90000000
core   0: 0x80002286 (0x00001571) c.addi  a0, -4
core   0: 3 0x80002286 (0x1571) x10 0x8ffffffc
core   0: 0x80002288 (0x00006c85) c.lui   s9, 0x1
core   0: 3 0x80002288 (0x6c85) x25 0x00001000
core   0: 0x8000228a (0xb87c8c93) addi    s9, s9, -1145
core   0: 3 0x8000228a (0xb87c8c93) x25 0x00000b87
core   0: 0x8000228e (0x00000ca2) c.slli  s9, 8
core   0: 3 0x8000228e (0x0ca2) x25 0x000b8700
core   0: 0x80002290 (0x00000c8d) c.addi  s9, 3
core   0: 3 0x80002290 (0x0c8d) x25 0x000b8703
core   0: 0x80002292 (0x01952023) sw      s9, 0(a0)
core   0: 3 0x80002292 (0x01952023) mem 0x8ffffffc 0x000b8703
core   0: 0x80002296 (0xb8702cf3) csrr    s9, mhpmcounter7h
core   0: 3 0x80002296 (0xb8702cf3) x25 0x00000000
core   0: 0x8000229a (0x01952023) sw      s9, 0(a0)
core   0: 3 0x8000229a (0x01952023) mem 0x8ffffffc 0x00000000
core   0: 0x8000229e (0x90000537) lui     a0, 0x90000
core   0: 3 0x8000229e (0x90000537) x10 0x90000000
core   0: 0x800022a2 (0x00001571) c.addi  a0, -4
core   0: 3 0x800022a2 (0x1571) x10 0x8ffffffc
core   0: 0x800022a4 (0x00006c85) c.lui   s9, 0x1
core   0: 3 0x800022a4 (0x6c85) x25 0x00001000
core   0: 0x800022a6 (0xb08c8c93) addi    s9, s9, -1272
core   0: 3 0x800022a6 (0xb08c8c93) x25 0x00000b08
core   0: 0x800022aa (0x00000ca2) c.slli  s9, 8
core   0: 3 0x800022aa (0x0ca2) x25 0x000b0800
core   0: 0x800022ac (0x00000c8d) c.addi  s9, 3
core   0: 3 0x800022ac (0x0c8d) x25 0x000b0803
core   0: 0x800022ae (0x01952023) sw      s9, 0(a0)
core   0: 3 0x800022ae (0x01952023) mem 0x8ffffffc 0x000b0803
core   0: 0x800022b2 (0xb0802cf3) csrr    s9, mhpmcounter8
core   0: 3 0x800022b2 (0xb0802cf3) x25 0x000001c2
core   0: 0x800022b6 (0x01952023) sw      s9, 0(a0)
core   0: 3 0x800022b6 (0x01952023) mem 0x8ffffffc 0x000001c2
core   0: 0x800022ba (0x90000537) lui     a0, 0x90000
core   0: 3 0x800022ba (0x90000537) x10 0x90000000
core   0: 0x800022be (0x00001571) c.addi  a0, -4
core   0: 3 0x800022be (0x1571) x10 0x8ffffffc
core   0: 0x800022c0 (0x00006c85) c.lui   s9, 0x1
core   0: 3 0x800022c0 (0x6c85) x25 0x00001000
core   0: 0x800022c2 (0xb88c8c93) addi    s9, s9, -1144
core   0: 3 0x800022c2 (0xb88c8c93) x25 0x00000b88
core   0: 0x800022c6 (0x00000ca2) c.slli  s9, 8
core   0: 3 0x800022c6 (0x0ca2) x25 0x000b8800
core   0: 0x800022c8 (0x00000c8d) c.addi  s9, 3
core   0: 3 0x800022c8 (0x0c8d) x25 0x000b8803
core   0: 0x800022ca (0x01952023) sw      s9, 0(a0)
core   0: 3 0x800022ca (0x01952023) mem 0x8ffffffc 0x000b8803
core   0: 0x800022ce (0xb8802cf3) csrr    s9, mhpmcounter8h
core   0: 3 0x800022ce (0xb8802cf3) x25 0x00000000
core   0: 0x800022d2 (0x01952023) sw      s9, 0(a0)
core   0: 3 0x800022d2 (0x01952023) mem 0x8ffffffc 0x00000000
core   0: 0x800022d6 (0x90000537) lui     a0, 0x90000
core   0: 3 0x800022d6 (0x90000537) x10 0x90000000
core   0: 0x800022da (0x00001571) c.addi  a0, -4
core   0: 3 0x800022da (0x1571) x10 0x8ffffffc
core   0: 0x800022dc (0x00006c85) c.lui   s9, 0x1
core   0: 3 0x800022dc (0x6c85) x25 0x00001000
core   0: 0x800022de (0xb09c8c93) addi    s9, s9, -1271
core   0: 3 0x800022de (0xb09c8c93) x25 0x00000b09
core   0: 0x800022e2 (0x00000ca2) c.slli  s9, 8
core   0: 3 0x800022e2 (0x0ca2) x25 0x000b0900
core   0: 0x800022e4 (0x00000c8d) c.addi  s9, 3
core   0: 3 0x800022e4 (0x0c8d) x25 0x000b0903
core   0: 0x800022e6 (0x01952023) sw      s9, 0(a0)
core   0: 3 0x800022e6 (0x01952023) mem 0x8ffffffc 0x000b0903
core   0: 0x800022ea (0xb0902cf3) csrr    s9, mhpmcounter9
core   0: 3 0x800022ea (0xb0902cf3) x25 0x000000ee
core   0: 0x800022ee (0x01952023) sw      s9, 0(a0)
core   0: 3 0x800022ee (0x01952023) mem 0x8ffffffc 0x000000ee
core   0: 0x800022f2 (0x90000537) lui     a0, 0x90000
core   0: 3 0x800022f2 (0x90000537) x10 0x90000000
core   0: 0x800022f6 (0x00001571) c.addi  a0, -4
core   0: 3 0x800022f6 (0x1571) x10 0x8ffffffc
core   0: 0x800022f8 (0x00006c85) c.lui   s9, 0x1
core   0: 3 0x800022f8 (0x6c85) x25 0x00001000
core   0: 0x800022fa (0xb89c8c93) addi    s9, s9, -1143
core   0: 3 0x800022fa (0xb89c8c93) x25 0x00000b89
core   0: 0x800022fe (0x00000ca2) c.slli  s9, 8
core   0: 3 0x800022fe (0x0ca2) x25 0x000b8900
core   0: 0x80002300 (0x00000c8d) c.addi  s9, 3
core   0: 3 0x80002300 (0x0c8d) x25 0x000b8903
core   0: 0x80002302 (0x01952023) sw      s9, 0(a0)
core   0: 3 0x80002302 (0x01952023) mem 0x8ffffffc 0x000b8903
core   0: 0x80002306 (0xb8902cf3) csrr    s9, mhpmcounter9h
core   0: 3 0x80002306 (0xb8902cf3) x25 0x00000000
core   0: 0x8000230a (0x01952023) sw      s9, 0(a0)
core   0: 3 0x8000230a (0x01952023) mem 0x8ffffffc 0x00000000
core   0: 0x8000230e (0x90000537) lui     a0, 0x90000
core   0: 3 0x8000230e (0x90000537) x10 0x90000000
core   0: 0x80002312 (0x00001571) c.addi  a0, -4
core   0: 3 0x80002312 (0x1571) x10 0x8ffffffc
core   0: 0x80002314 (0x00006c85) c.lui   s9, 0x1
core   0: 3 0x80002314 (0x6c85) x25 0x00001000
core   0: 0x80002316 (0xb0ac8c93) addi    s9, s9, -1270
core   0: 3 0x80002316 (0xb0ac8c93) x25 0x00000b0a
core   0: 0x8000231a (0x00000ca2) c.slli  s9, 8
core   0: 3 0x8000231a (0x0ca2) x25 0x000b0a00
core   0: 0x8000231c (0x00000c8d) c.addi  s9, 3
core   0: 3 0x8000231c (0x0c8d) x25 0x000b0a03
core   0: 0x8000231e (0x01952023) sw      s9, 0(a0)
core   0: 3 0x8000231e (0x01952023) mem 0x8ffffffc 0x000b0a03
core   0: 0x80002322 (0xb0a02cf3) csrr    s9, mhpmcounter10
core   0: 3 0x80002322 (0xb0a02cf3) x25 0x0000061c
core   0: 0x80002326 (0x01952023) sw      s9, 0(a0)
core   0: 3 0x80002326 (0x01952023) mem 0x8ffffffc 0x0000061c
core   0: 0x8000232a (0x90000537) lui     a0, 0x90000
core   0: 3 0x8000232a (0x90000537) x10 0x90000000
core   0: 0x8000232e (0x00001571) c.addi  a0, -4
core   0: 3 0x8000232e (0x1571) x10 0x8ffffffc
core   0: 0x80002330 (0x00006c85) c.lui   s9, 0x1
core   0: 3 0x80002330 (0x6c85) x25 0x00001000
core   0: 0x80002332 (0xb8ac8c93) addi    s9, s9, -1142
core   0: 3 0x80002332 (0xb8ac8c93) x25 0x00000b8a
core   0: 0x80002336 (0x00000ca2) c.slli  s9, 8
core   0: 3 0x80002336 (0x0ca2) x25 0x000b8a00
core   0: 0x80002338 (0x00000c8d) c.addi  s9, 3
core   0: 3 0x80002338 (0x0c8d) x25 0x000b8a03
core   0: 0x8000233a (0x01952023) sw      s9, 0(a0)
core   0: 3 0x8000233a (0x01952023) mem 0x8ffffffc 0x000b8a03
core   0: 0x8000233e (0xb8a02cf3) csrr    s9, mhpmcounter10h
core   0: 3 0x8000233e (0xb8a02cf3) x25 0x00000000
core   0: 0x80002342 (0x01952023) sw      s9, 0(a0)
core   0: 3 0x80002342 (0x01952023) mem 0x8ffffffc 0x00000000
core   0: 0x80002346 (0x90000537) lui     a0, 0x90000
core   0: 3 0x80002346 (0x90000537) x10 0x90000000
core   0: 0x8000234a (0x00001571) c.addi  a0, -4
core   0: 3 0x8000234a (0x1571) x10 0x8ffffffc
core   0: 0x8000234c (0x00006c85) c.lui   s9, 0x1
core   0: 3 0x8000234c (0x6c85) x25 0x00001000
core   0: 0x8000234e (0xb0bc8c93) addi    s9, s9, -1269
core   0: 3 0x8000234e (0xb0bc8c93) x25 0x00000b0b
core   0: 0x80002352 (0x00000ca2) c.slli  s9, 8
core   0: 3 0x80002352 (0x0ca2) x25 0x000b0b00
core   0: 0x80002354 (0x00000c8d) c.addi  s9, 3
core   0: 3 0x80002354 (0x0c8d) x25 0x000b0b03
core   0: 0x80002356 (0x01952023) sw      s9, 0(a0)
core   0: 3 0x80002356 (0x01952023) mem 0x8ffffffc 0x000b0b03
core   0: 0x8000235a (0xb0b02cf3) csrr    s9, mhpmcounter11
core   0: 3 0x8000235a (0xb0b02cf3) x25 0x00000093
core   0: 0x8000235e (0x01952023) sw      s9, 0(a0)
core   0: 3 0x8000235e (0x01952023) mem 0x8ffffffc 0x00000093
core   0: 0x80002362 (0x90000537) lui     a0, 0x90000
core   0: 3 0x80002362 (0x90000537) x10 0x90000000
core   0: 0x80002366 (0x00001571) c.addi  a0, -4
core   0: 3 0x80002366 (0x1571) x10 0x8ffffffc
core   0: 0x80002368 (0x00006c85) c.lui   s9, 0x1
core   0: 3 0x80002368 (0x6c85) x25 0x00001000
core   0: 0x8000236a (0xb8bc8c93) addi    s9, s9, -1141
core   0: 3 0x8000236a (0xb8bc8c93) x25 0x00000b8b
core   0: 0x8000236e (0x00000ca2) c.slli  s9, 8
core   0: 3 0x8000236e (0x0ca2) x25 0x000b8b00
core   0: 0x80002370 (0x00000c8d) c.addi  s9, 3
core   0: 3 0x80002370 (0x0c8d) x25 0x000b8b03
core   0: 0x80002372 (0x01952023) sw      s9, 0(a0)
core   0: 3 0x80002372 (0x01952023) mem 0x8ffffffc 0x000b8b03
core   0: 0x80002376 (0xb8b02cf3) csrr    s9, mhpmcounter11h
core   0: 3 0x80002376 (0xb8b02cf3) x25 0x00000000
core   0: 0x8000237a (0x01952023) sw      s9, 0(a0)
core   0: 3 0x8000237a (0x01952023) mem 0x8ffffffc 0x00000000
core   0: 0x8000237e (0x90000537) lui     a0, 0x90000
core   0: 3 0x8000237e (0x90000537) x10 0x90000000
core   0: 0x80002382 (0x00001571) c.addi  a0, -4
core   0: 3 0x80002382 (0x1571) x10 0x8ffffffc
core   0: 0x80002384 (0x00006c85) c.lui   s9, 0x1
core   0: 3 0x80002384 (0x6c85) x25 0x00001000
core   0: 0x80002386 (0xb0cc8c93) addi    s9, s9, -1268
core   0: 3 0x80002386 (0xb0cc8c93) x25 0x00000b0c
core   0: 0x8000238a (0x00000ca2) c.slli  s9, 8
core   0: 3 0x8000238a (0x0ca2) x25 0x000b0c00
core   0: 0x8000238c (0x00000c8d) c.addi  s9, 3
core   0: 3 0x8000238c (0x0c8d) x25 0x000b0c03
core   0: 0x8000238e (0x01952023) sw      s9, 0(a0)
core   0: 3 0x8000238e (0x01952023) mem 0x8ffffffc 0x000b0c03
core   0: 0x80002392 (0xb0c02cf3) csrr    s9, mhpmcounter12
core   0: 3 0x80002392 (0xb0c02cf3) x25 0x00001c49
core   0: 0x80002396 (0x01952023) sw      s9, 0(a0)
core   0: 3 0x80002396 (0x01952023) mem 0x8ffffffc 0x00001c49
core   0: 0x8000239a (0x90000537) lui     a0, 0x90000
core   0: 3 0x8000239a (0x90000537) x10 0x90000000
core   0: 0x8000239e (0x00001571) c.addi  a0, -4
core   0: 3 0x8000239e (0x1571) x10 0x8ffffffc
core   0: 0x800023a0 (0x00006c85) c.lui   s9, 0x1
core   0: 3 0x800023a0 (0x6c85) x25 0x00001000
core   0: 0x800023a2 (0xb8cc8c93) addi    s9, s9, -1140
core   0: 3 0x800023a2 (0xb8cc8c93) x25 0x00000b8c
core   0: 0x800023a6 (0x00000ca2) c.slli  s9, 8
core   0: 3 0x800023a6 (0x0ca2) x25 0x000b8c00
core   0: 0x800023a8 (0x00000c8d) c.addi  s9, 3
core   0: 3 0x800023a8 (0x0c8d) x25 0x000b8c03
core   0: 0x800023aa (0x01952023) sw      s9, 0(a0)
core   0: 3 0x800023aa (0x01952023) mem 0x8ffffffc 0x000b8c03
core   0: 0x800023ae (0xb8c02cf3) csrr    s9, mhpmcounter12h
core   0: 3 0x800023ae (0xb8c02cf3) x25 0x00000000
core   0: 0x800023b2 (0x01952023) sw      s9, 0(a0)
core   0: 3 0x800023b2 (0x01952023) mem 0x8ffffffc 0x00000000
core   0: 0x800023b6 (0xffffec97) auipc   s9, 0xffffe
core   0: 3 0x800023b6 (0xffffec97) x25 0x800003b6
core   0: 0x800023ba (0xccac8c93) addi    s9, s9, -822
core   0: 3 0x800023ba (0xccac8c93) x25 0x80000080
core   0: 0x800023be (0x000ca023) sw      zero, 0(s9)
core   0: 3 0x800023be (0x000ca023) mem 0x80000080 0x00000000
core   0: 0x800023c2 (0x001ca223) sw      ra, 4(s9)
core   0: 3 0x800023c2 (0x001ca223) mem 0x80000084 0x00000000
core   0: 0x800023c6 (0x002ca423) sw      sp, 8(s9)
core   0: 3 0x800023c6 (0x002ca423) mem 0x80000088 0x80028c60
core   0: 0x800023ca (0x003ca623) sw      gp, 12(s9)
core   0: 3 0x800023ca (0x003ca623) mem 0x8000008c 0x00000000
core   0: 0x800023ce (0x004ca823) sw      tp, 16(s9)
core   0: 3 0x800023ce (0x004ca823) mem 0x80000090 0x00000000
core   0: 0x800023d2 (0x005caa23) sw      t0, 20(s9)
core   0: 3 0x800023d2 (0x005caa23) mem 0x80000094 0x00000000
core   0: 0x800023d6 (0x006cac23) sw      t1, 24(s9)
core   0: 3 0x800023d6 (0x006cac23) mem 0x80000098 0x7ffdb21c
core   0: 0x800023da (0x007cae23) sw      t2, 28(s9)
core   0: 3 0x800023da (0x007cae23) mem 0x8000009c 0x00000000
core   0: 0x800023de (0x028ca023) sw      s0, 32(s9)
core   0: 3 0x800023de (0x028ca023) mem 0x800000a0 0x00000000
core   0: 0x800023e2 (0x029ca223) sw      s1, 36(s9)
core   0: 3 0x800023e2 (0x029ca223) mem 0x800000a4 0x00000000
core   0: 0x800023e6 (0x02aca423) sw      a0, 40(s9)
core   0: 3 0x800023e6 (0x02aca423) mem 0x800000a8 0x8ffffffc
core   0: 0x800023ea (0x02bca623) sw      a1, 44(s9)
core   0: 3 0x800023ea (0x02bca623) mem 0x800000ac 0x00000000
core   0: 0x800023ee (0x02cca823) sw      a2, 48(s9)
core   0: 3 0x800023ee (0x02cca823) mem 0x800000b0 0x00000000
core   0: 0x800023f2 (0x02dcaa23) sw      a3, 52(s9)
core   0: 3 0x800023f2 (0x02dcaa23) mem 0x800000b4 0x00000000
core   0: 0x800023f6 (0x02ecac23) sw      a4, 56(s9)
core   0: 3 0x800023f6 (0x02ecac23) mem 0x800000b8 0x00000000
core   0: 0x800023fa (0x02fcae23) sw      a5, 60(s9)
core   0: 3 0x800023fa (0x02fcae23) mem 0x800000bc 0x80028c60
core   0: 0x800023fe (0x050ca023) sw      a6, 64(s9)
core   0: 3 0x800023fe (0x050ca023) mem 0x800000c0 0x0000d4f9
core   0: 0x80002402 (0x051ca223) sw      a7, 68(s9)
core   0: 3 0x80002402 (0x051ca223) mem 0x800000c4 0x00000000
core   0: 0x80002406 (0x052ca423) sw      s2, 72(s9)
core   0: 3 0x80002406 (0x052ca423) mem 0x800000c8 0x38a5e000
core   0: 0x8000240a (0x053ca623) sw      s3, 76(s9)
core   0: 3 0x8000240a (0x053ca623) mem 0x800000cc 0xfff01b03
core   0: 0x8000240e (0x054ca823) sw      s4, 80(s9)
core   0: 3 0x8000240e (0x054ca823) mem 0x800000d0 0x80024e64
core   0: 0x80002412 (0x055caa23) sw      s5, 84(s9)
core   0: 3 0x80002412 (0x055caa23) mem 0x800000d4 0x80000390
core   0: 0x80002416 (0x056cac23) sw      s6, 88(s9)
core   0: 3 0x80002416 (0x056cac23) mem 0x800000d8 0x00000000
core   0: 0x8000241a (0x057cae23) sw      s7, 92(s9)
core   0: 3 0x8000241a (0x057cae23) mem 0x800000dc 0xcefe3e28
core   0: 0x8000241e (0x078ca023) sw      s8, 96(s9)
core   0: 3 0x8000241e (0x078ca023) mem 0x800000e0 0x00000000
core   0: 0x80002422 (0x079ca223) sw      s9, 100(s9)
core   0: 3 0x80002422 (0x079ca223) mem 0x800000e4 0x80000080
core   0: 0x80002426 (0x07aca423) sw      s10, 104(s9)
core   0: 3 0x80002426 (0x07aca423) mem 0x800000e8 0x00000000
core   0: 0x8000242a (0x07bca623) sw      s11, 108(s9)
core   0: 3 0x8000242a (0x07bca623) mem 0x800000ec 0x80024e64
core   0: 0x8000242e (0x07cca823) sw      t3, 112(s9)
core   0: 3 0x8000242e (0x07cca823) mem 0x800000f0 0xffffffc0
core   0: 0x80002432 (0x07dcaa23) sw      t4, 116(s9)
core   0: 3 0x80002432 (0x07dcaa23) mem 0x800000f4 0x00000000
core   0: 0x80002436 (0x07ecac23) sw      t5, 120(s9)
core   0: 3 0x80002436 (0x07ecac23) mem 0x800000f8 0x00000000
core   0: 0x8000243a (0x07fcae23) sw      t6, 124(s9)
core   0: 3 0x8000243a (0x07fcae23) mem 0x800000fc 0x00000664
core   0: 0x8000243e (0x34102cf3) csrr    s9, mepc
core   0: 3 0x8000243e (0x34102cf3) x25 0x800003a0
core   0: 0x80002442 (0x00000c91) c.addi  s9, 4
core   0: 3 0x80002442 (0x0c91) x25 0x800003a4
core   0: 0x80002444 (0x341c9073) csrw    mepc, s9
core   0: 3 0x80002444 (0x341c9073) c833_mepc 0x800003a4
core   0: 0x80002448 (0x30200073) mret
core   0: 3 0x80002448 (0x30200073) c768_mstatus 0x00000080
core   0: 0x800003a4 (0x90000537) lui     a0, 0x90000
core   0: 0 0x800003a4 (0x90000537) x10 0x90000000
core   0: 0x800003a8 (0x00001561) c.addi  a0, -8
core   0: 0 0x800003a8 (0x1561) x10 0x8ffffff8
core   0: 0x800003aa (0x00004c85) c.li    s9, 1
core   0: 0 0x800003aa (0x4c85) x25 0x00000001
core   0: 0x800003ac (0x00000ca2) c.slli  s9, 8
core   0: 0 0x800003ac (0x0ca2) x25 0x00000100
core   0: 0x800003ae (0x00000c85) c.addi  s9, 1
core   0: 0 0x800003ae (0x0c85) x25 0x00000101
core   0: 0x800003b0 (0x01952023) sw      s9, 0(a0)
core   0: 0 0x800003b0 (0x01952023) mem 0x8ffffff8 0x00000101
core   0: 0x800003b4 (0x00000073) ecall
core   0: exception trap_user_ecall, epc 0x800003b4
core   0: 0x80002000 (0x0800006f) j       pc + 0x80
core   0: 3 0x80002000 (0x0800006f)
core   0: 0x80002080 (0x000017f1) c.addi  a5, -4
core   0: 3 0x80002080 (0x17f1) x15 0x80028c5c
core   0: 0x80002082 (0x0027a023) sw      sp, 0(a5)
core   0: 3 0x80002082 (0x0027a023) mem 0x80028c5c 0x80028c60
core   0: 0x80002086 (0x00078133) add     sp, a5, zero
core   0: 3 0x80002086 (0x00078133) x2  0x80028c5c
core   0: 0x8000208a (0x00007119) c.addi16sp sp, -128
core   0: 3 0x8000208a (0x7119) x2  0x80028bdc
core   0: 0x8000208c (0x0000c206) c.swsp  ra, 4(sp)
core   0: 3 0x8000208c (0xc206) mem 0x80028be0 0x00000000
core   0: 0x8000208e (0x0000c40a) c.swsp  sp, 8(sp)
core   0: 3 0x8000208e (0xc40a) mem 0x80028be4 0x80028bdc
core   0: 0x80002090 (0x0000c60e) c.swsp  gp, 12(sp)
core   0: 3 0x80002090 (0xc60e) mem 0x80028be8 0x00000000
core   0: 0x80002092 (0x0000c812) c.swsp  tp, 16(sp)
core   0: 3 0x80002092 (0xc812) mem 0x80028bec 0x00000000
core   0: 0x80002094 (0x0000ca16) c.swsp  t0, 20(sp)
core   0: 3 0x80002094 (0xca16) mem 0x80028bf0 0x00000000
core   0: 0x80002096 (0x0000cc1a) c.swsp  t1, 24(sp)
core   0: 3 0x80002096 (0xcc1a) mem 0x80028bf4 0x7ffdb21c
core   0: 0x80002098 (0x0000ce1e) c.swsp  t2, 28(sp)
core   0: 3 0x80002098 (0xce1e) mem 0x80028bf8 0x00000000
core   0: 0x8000209a (0x0000d022) c.swsp  s0, 32(sp)
core   0: 3 0x8000209a (0xd022) mem 0x80028bfc 0x00000000
core   0: 0x8000209c (0x0000d226) c.swsp  s1, 36(sp)
core   0: 3 0x8000209c (0xd226) mem 0x80028c00 0x00000000
core   0: 0x8000209e (0x0000d42a) c.swsp  a0, 40(sp)
core   0: 3 0x8000209e (0xd42a) mem 0x80028c04 0x8ffffff8
core   0: 0x800020a0 (0x0000d62e) c.swsp  a1, 44(sp)
core   0: 3 0x800020a0 (0xd62e) mem 0x80028c08 0x00000000
core   0: 0x800020a2 (0x0000d832) c.swsp  a2, 48(sp)
core   0: 3 0x800020a2 (0xd832) mem 0x80028c0c 0x00000000
core   0: 0x800020a4 (0x0000da36) c.swsp  a3, 52(sp)
core   0: 3 0x800020a4 (0xda36) mem 0x80028c10 0x00000000
core   0: 0x800020a6 (0x0000dc3a) c.swsp  a4, 56(sp)
core   0: 3 0x800020a6 (0xdc3a) mem 0x80028c14 0x00000000
core   0: 0x800020a8 (0x0000de3e) c.swsp  a5, 60(sp)
core   0: 3 0x800020a8 (0xde3e) mem 0x80028c18 0x80028c5c
core   0: 0x800020aa (0x0000c0c2) c.swsp  a6, 64(sp)
core   0: 3 0x800020aa (0xc0c2) mem 0x80028c1c 0x0000d4f9
core   0: 0x800020ac (0x0000c2c6) c.swsp  a7, 68(sp)
core   0: 3 0x800020ac (0xc2c6) mem 0x80028c20 0x00000000
core   0: 0x800020ae (0x0000c4ca) c.swsp  s2, 72(sp)
core   0: 3 0x800020ae (0xc4ca) mem 0x80028c24 0x38a5e000
core   0: 0x800020b0 (0x0000c6ce) c.swsp  s3, 76(sp)
core   0: 3 0x800020b0 (0xc6ce) mem 0x80028c28 0xfff01b03
core   0: 0x800020b2 (0x0000c8d2) c.swsp  s4, 80(sp)
core   0: 3 0x800020b2 (0xc8d2) mem 0x80028c2c 0x80024e64
core   0: 0x800020b4 (0x0000cad6) c.swsp  s5, 84(sp)
core   0: 3 0x800020b4 (0xcad6) mem 0x80028c30 0x80000390
core   0: 0x800020b6 (0x0000ccda) c.swsp  s6, 88(sp)
core   0: 3 0x800020b6 (0xccda) mem 0x80028c34 0x00000000
core   0: 0x800020b8 (0x0000cede) c.swsp  s7, 92(sp)
core   0: 3 0x800020b8 (0xcede) mem 0x80028c38 0xcefe3e28
core   0: 0x800020ba (0x0000d0e2) c.swsp  s8, 96(sp)
core   0: 3 0x800020ba (0xd0e2) mem 0x80028c3c 0x00000000
core   0: 0x800020bc (0x0000d2e6) c.swsp  s9, 100(sp)
core   0: 3 0x800020bc (0xd2e6) mem 0x80028c40 0x00000101
core   0: 0x800020be (0x0000d4ea) c.swsp  s10, 104(sp)
core   0: 3 0x800020be (0xd4ea) mem 0x80028c44 0x00000000
core   0: 0x800020c0 (0x0000d6ee) c.swsp  s11, 108(sp)
core   0: 3 0x800020c0 (0xd6ee) mem 0x80028c48 0x80024e64
core   0: 0x800020c2 (0x0000d8f2) c.swsp  t3, 112(sp)
core   0: 3 0x800020c2 (0xd8f2) mem 0x80028c4c 0xffffffc0
core   0: 0x800020c4 (0x0000daf6) c.swsp  t4, 116(sp)
core   0: 3 0x800020c4 (0xdaf6) mem 0x80028c50 0x00000000
core   0: 0x800020c6 (0x0000dcfa) c.swsp  t5, 120(sp)
core   0: 3 0x800020c6 (0xdcfa) mem 0x80028c54 0x00000000
core   0: 0x800020c8 (0x0000defe) c.swsp  t6, 124(sp)
core   0: 3 0x800020c8 (0xdefe) mem 0x80028c58 0x00000664
core   0: 0x800020ca (0x000107b3) add     a5, sp, zero
core   0: 3 0x800020ca (0x000107b3) x15 0x80028bdc
core   0: 0x800020ce (0x90000537) lui     a0, 0x90000
core   0: 3 0x800020ce (0x90000537) x10 0x90000000
core   0: 0x800020d2 (0x00001571) c.addi  a0, -4
core   0: 3 0x800020d2 (0x1571) x10 0x8ffffffc
core   0: 0x800020d4 (0x00004ca1) c.li    s9, 8
core   0: 3 0x800020d4 (0x4ca1) x25 0x00000008
core   0: 0x800020d6 (0x00000ca2) c.slli  s9, 8
core   0: 3 0x800020d6 (0x0ca2) x25 0x00000800
core   0: 0x800020d8 (0x000c8c93) mv      s9, s9
core   0: 3 0x800020d8 (0x000c8c93) x25 0x00000800
core   0: 0x800020dc (0x01952023) sw      s9, 0(a0)
core   0: 3 0x800020dc (0x01952023) mem 0x8ffffffc 0x00000800
core   0: 0x800020e0 (0x34102cf3) csrr    s9, mepc
core   0: 3 0x800020e0 (0x34102cf3) x25 0x800003b4
core   0: 0x800020e4 (0x34202cf3) csrr    s9, mcause
core   0: 3 0x800020e4 (0x34202cf3) x25 0x00000008
core   0: 0x800020e8 (0x0000450d) c.li    a0, 3
core   0: 3 0x800020e8 (0x450d) x10 0x00000003
core   0: 0x800020ea (0x00ac9463) bne     s9, a0, pc + 8
core   0: 3 0x800020ea (0x00ac9463)
core   0: 0x800020f2 (0x00004521) c.li    a0, 8
core   0: 3 0x800020f2 (0x4521) x10 0x00000008
core   0: 0x800020f4 (0x04ac8d63) beq     s9, a0, pc + 90
core   0: 3 0x800020f4 (0x04ac8d63)
core   0: 0x8000214e (0x90000537) lui     a0, 0x90000
core   0: 3 0x8000214e (0x90000537) x10 0x90000000
core   0: 0x80002152 (0x00001571) c.addi  a0, -4
core   0: 3 0x80002152 (0x1571) x10 0x8ffffffc
core   0: 0x80002154 (0x00006c85) c.lui   s9, 0x1
core   0: 3 0x80002154 (0x6c85) x25 0x00001000
core   0: 0x80002156 (0xb00c8c93) addi    s9, s9, -1280
core   0: 3 0x80002156 (0xb00c8c93) x25 0x00000b00
core   0: 0x8000215a (0x00000ca2) c.slli  s9, 8
core   0: 3 0x8000215a (0x0ca2) x25 0x000b0000
core   0: 0x8000215c (0x00000c8d) c.addi  s9, 3
core   0: 3 0x8000215c (0x0c8d) x25 0x000b0003
core   0: 0x8000215e (0x01952023) sw      s9, 0(a0)
core   0: 3 0x8000215e (0x01952023) mem 0x8ffffffc 0x000b0003
core   0: 0x80002162 (0xb0002cf3) csrr    s9, mcycle
core   0: 3 0x80002162 (0xb0002cf3) x25 0x000089d2
core   0: 0x80002166 (0x01952023) sw      s9, 0(a0)
core   0: 3 0x80002166 (0x01952023) mem 0x8ffffffc 0x000089d2
core   0: 0x8000216a (0x90000537) lui     a0, 0x90000
core   0: 3 0x8000216a (0x90000537) x10 0x90000000
core   0: 0x8000216e (0x00001571) c.addi  a0, -4
core   0: 3 0x8000216e (0x1571) x10 0x8ffffffc
core   0: 0x80002170 (0x00006c85) c.lui   s9, 0x1
core   0: 3 0x80002170 (0x6c85) x25 0x00001000
core   0: 0x80002172 (0xb80c8c93) addi    s9, s9, -1152
core   0: 3 0x80002172 (0xb80c8c93) x25 0x00000b80
core   0: 0x80002176 (0x00000ca2) c.slli  s9, 8
core   0: 3 0x80002176 (0x0ca2) x25 0x000b8000
core   0: 0x80002178 (0x00000c8d) c.addi  s9, 3
core   0: 3 0x80002178 (0x0c8d) x25 0x000b8003
core   0: 0x8000217a (0x01952023) sw      s9, 0(a0)
core   0: 3 0x8000217a (0x01952023) mem 0x8ffffffc 0x000b8003
core   0: 0x8000217e (0xb8002cf3) csrr    s9, mcycleh
core   0: 3 0x8000217e (0xb8002cf3) x25 0x00000000
core   0: 0x80002182 (0x01952023) sw      s9, 0(a0)
core   0: 3 0x80002182 (0x01952023) mem 0x8ffffffc 0x00000000
core   0: 0x80002186 (0x90000537) lui     a0, 0x90000
core   0: 3 0x80002186 (0x90000537) x10 0x90000000
core   0: 0x8000218a (0x00001571) c.addi  a0, -4
core   0: 3 0x8000218a (0x1571) x10 0x8ffffffc
core   0: 0x8000218c (0x00006c85) c.lui   s9, 0x1
core   0: 3 0x8000218c (0x6c85) x25 0x00001000
core   0: 0x8000218e (0xb03c8c93) addi    s9, s9, -1277
core   0: 3 0x8000218e (0xb03c8c93) x25 0x00000b03
core   0: 0x80002192 (0x00000ca2) c.slli  s9, 8
core   0: 3 0x80002192 (0x0ca2) x25 0x000b0300
core   0: 0x80002194 (0x00000c8d) c.addi  s9, 3
core   0: 3 0x80002194 (0x0c8d) x25 0x000b0303
core   0: 0x80002196 (0x01952023) sw      s9, 0(a0)
core   0: 3 0x80002196 (0x01952023) mem 0x8ffffffc 0x000b0303
core   0: 0x8000219a (0xb0302cf3) csrr    s9, mhpmcounter3
core   0: 3 0x8000219a (0xb0302cf3) x25 0x00000319
core   0: 0x8000219e (0x01952023) sw      s9, 0(a0)
core   0: 3 0x8000219e (0x01952023) mem 0x8ffffffc 0x00000319
core   0: 0x800021a2 (0x90000537) lui     a0, 0x90000
core   0: 3 0x800021a2 (0x90000537) x10 0x90000000
core   0: 0x800021a6 (0x00001571) c.addi  a0, -4
core   0: 3 0x800021a6 (0x1571) x10 0x8ffffffc
core   0: 0x800021a8 (0x00006c85) c.lui   s9, 0x1
core   0: 3 0x800021a8 (0x6c85) x25 0x00001000
core   0: 0x800021aa (0xb83c8c93) addi    s9, s9, -1149
core   0: 3 0x800021aa (0xb83c8c93) x25 0x00000b83
core   0: 0x800021ae (0x00000ca2) c.slli  s9, 8
core   0: 3 0x800021ae (0x0ca2) x25 0x000b8300
core   0: 0x800021b0 (0x00000c8d) c.addi  s9, 3
core   0: 3 0x800021b0 (0x0c8d) x25 0x000b8303
core   0: 0x800021b2 (0x01952023) sw      s9, 0(a0)
core   0: 3 0x800021b2 (0x01952023) mem 0x8ffffffc 0x000b8303
core   0: 0x800021b6 (0xb8302cf3) csrr    s9, mhpmcounter3h
core   0: 3 0x800021b6 (0xb8302cf3) x25 0x00000000
core   0: 0x800021ba (0x01952023) sw      s9, 0(a0)
core   0: 3 0x800021ba (0x01952023) mem 0x8ffffffc 0x00000000
core   0: 0x800021be (0x90000537) lui     a0, 0x90000
core   0: 3 0x800021be (0x90000537) x10 0x90000000
core   0: 0x800021c2 (0x00001571) c.addi  a0, -4
core   0: 3 0x800021c2 (0x1571) x10 0x8ffffffc
core   0: 0x800021c4 (0x00006c85) c.lui   s9, 0x1
core   0: 3 0x800021c4 (0x6c85) x25 0x00001000
core   0: 0x800021c6 (0xb04c8c93) addi    s9, s9, -1276
core   0: 3 0x800021c6 (0xb04c8c93) x25 0x00000b04
core   0: 0x800021ca (0x00000ca2) c.slli  s9, 8
core   0: 3 0x800021ca (0x0ca2) x25 0x000b0400
core   0: 0x800021cc (0x00000c8d) c.addi  s9, 3
core   0: 3 0x800021cc (0x0c8d) x25 0x000b0403
core   0: 0x800021ce (0x01952023) sw      s9, 0(a0)
core   0: 3 0x800021ce (0x01952023) mem 0x8ffffffc 0x000b0403
core   0: 0x800021d2 (0xb0402cf3) csrr    s9, mhpmcounter4
core   0: 3 0x800021d2 (0xb0402cf3) x25 0x0000388d
core   0: 0x800021d6 (0x01952023) sw      s9, 0(a0)
core   0: 3 0x800021d6 (0x01952023) mem 0x8ffffffc 0x0000388d
core   0: 0x800021da (0x90000537) lui     a0, 0x90000
core   0: 3 0x800021da (0x90000537) x10 0x90000000
core   0: 0x800021de (0x00001571) c.addi  a0, -4
core   0: 3 0x800021de (0x1571) x10 0x8ffffffc
core   0: 0x800021e0 (0x00006c85) c.lui   s9, 0x1
core   0: 3 0x800021e0 (0x6c85) x25 0x00001000
core   0: 0x800021e2 (0xb84c8c93) addi    s9, s9, -1148
core   0: 3 0x800021e2 (0xb84c8c93) x25 0x00000b84
core   0: 0x800021e6 (0x00000ca2) c.slli  s9, 8
core   0: 3 0x800021e6 (0x0ca2) x25 0x000b8400
core   0: 0x800021e8 (0x00000c8d) c.addi  s9, 3
core   0: 3 0x800021e8 (0x0c8d) x25 0x000b8403
core   0: 0x800021ea (0x01952023) sw      s9, 0(a0)
core   0: 3 0x800021ea (0x01952023) mem 0x8ffffffc 0x000b8403
core   0: 0x800021ee (0xb8402cf3) csrr    s9, mhpmcounter4h
core   0: 3 0x800021ee (0xb8402cf3) x25 0x00000000
core   0: 0x800021f2 (0x01952023) sw      s9, 0(a0)
core   0: 3 0x800021f2 (0x01952023) mem 0x8ffffffc 0x00000000
core   0: 0x800021f6 (0x90000537) lui     a0, 0x90000
core   0: 3 0x800021f6 (0x90000537) x10 0x90000000
core   0: 0x800021fa (0x00001571) c.addi  a0, -4
core   0: 3 0x800021fa (0x1571) x10 0x8ffffffc
core   0: 0x800021fc (0x00006c85) c.lui   s9, 0x1
core   0: 3 0x800021fc (0x6c85) x25 0x00001000
core   0: 0x800021fe (0xb05c8c93) addi    s9, s9, -1275
core   0: 3 0x800021fe (0xb05c8c93) x25 0x00000b05
core   0: 0x80002202 (0x00000ca2) c.slli  s9, 8
core   0: 3 0x80002202 (0x0ca2) x25 0x000b0500
core   0: 0x80002204 (0x00000c8d) c.addi  s9, 3
core   0: 3 0x80002204 (0x0c8d) x25 0x000b0503
core   0: 0x80002206 (0x01952023) sw      s9, 0(a0)
core   0: 3 0x80002206 (0x01952023) mem 0x8ffffffc 0x000b0503
core   0: 0x8000220a (0xb0502cf3) csrr    s9, mhpmcounter5
core   0: 3 0x8000220a (0xb0502cf3) x25 0x00000001
core   0: 0x8000220e (0x01952023) sw      s9, 0(a0)
core   0: 3 0x8000220e (0x01952023) mem 0x8ffffffc 0x00000001
core   0: 0x80002212 (0x90000537) lui     a0, 0x90000
core   0: 3 0x80002212 (0x90000537) x10 0x90000000
core   0: 0x80002216 (0x00001571) c.addi  a0, -4
core   0: 3 0x80002216 (0x1571) x10 0x8ffffffc
core   0: 0x80002218 (0x00006c85) c.lui   s9, 0x1
core   0: 3 0x80002218 (0x6c85) x25 0x00001000
core   0: 0x8000221a (0xb85c8c93) addi    s9, s9, -1147
core   0: 3 0x8000221a (0xb85c8c93) x25 0x00000b85
core   0: 0x8000221e (0x00000ca2) c.slli  s9, 8
core   0: 3 0x8000221e (0x0ca2) x25 0x000b8500
core   0: 0x80002220 (0x00000c8d) c.addi  s9, 3
core   0: 3 0x80002220 (0x0c8d) x25 0x000b8503
core   0: 0x80002222 (0x01952023) sw      s9, 0(a0)
core   0: 3 0x80002222 (0x01952023) mem 0x8ffffffc 0x000b8503
core   0: 0x80002226 (0xb8502cf3) csrr    s9, mhpmcounter5h
core   0: 3 0x80002226 (0xb8502cf3) x25 0x00000000
core   0: 0x8000222a (0x01952023) sw      s9, 0(a0)
core   0: 3 0x8000222a (0x01952023) mem 0x8ffffffc 0x00000000
core   0: 0x8000222e (0x90000537) lui     a0, 0x90000
core   0: 3 0x8000222e (0x90000537) x10 0x90000000
core   0: 0x80002232 (0x00001571) c.addi  a0, -4
core   0: 3 0x80002232 (0x1571) x10 0x8ffffffc
core   0: 0x80002234 (0x00006c85) c.lui   s9, 0x1
core   0: 3 0x80002234 (0x6c85) x25 0x00001000
core   0: 0x80002236 (0xb06c8c93) addi    s9, s9, -1274
core   0: 3 0x80002236 (0xb06c8c93) x25 0x00000b06
core   0: 0x8000223a (0x00000ca2) c.slli  s9, 8
core   0: 3 0x8000223a (0x0ca2) x25 0x000b0600
core   0: 0x8000223c (0x00000c8d) c.addi  s9, 3
core   0: 3 0x8000223c (0x0c8d) x25 0x000b0603
core   0: 0x8000223e (0x01952023) sw      s9, 0(a0)
core   0: 3 0x8000223e (0x01952023) mem 0x8ffffffc 0x000b0603
core   0: 0x80002242 (0xb0602cf3) csrr    s9, mhpmcounter6
core   0: 3 0x80002242 (0xb0602cf3) x25 0x000000a7
core   0: 0x80002246 (0x01952023) sw      s9, 0(a0)
core   0: 3 0x80002246 (0x01952023) mem 0x8ffffffc 0x000000a7
core   0: 0x8000224a (0x90000537) lui     a0, 0x90000
core   0: 3 0x8000224a (0x90000537) x10 0x90000000
core   0: 0x8000224e (0x00001571) c.addi  a0, -4
core   0: 3 0x8000224e (0x1571) x10 0x8ffffffc
core   0: 0x80002250 (0x00006c85) c.lui   s9, 0x1
core   0: 3 0x80002250 (0x6c85) x25 0x00001000
core   0: 0x80002252 (0xb86c8c93) addi    s9, s9, -1146
core   0: 3 0x80002252 (0xb86c8c93) x25 0x00000b86
core   0: 0x80002256 (0x00000ca2) c.slli  s9, 8
core   0: 3 0x80002256 (0x0ca2) x25 0x000b8600
core   0: 0x80002258 (0x00000c8d) c.addi  s9, 3
core   0: 3 0x80002258 (0x0c8d) x25 0x000b8603
core   0: 0x8000225a (0x01952023) sw      s9, 0(a0)
core   0: 3 0x8000225a (0x01952023) mem 0x8ffffffc 0x000b8603
core   0: 0x8000225e (0xb8602cf3) csrr    s9, mhpmcounter6h
core   0: 3 0x8000225e (0xb8602cf3) x25 0x00000000
core   0: 0x80002262 (0x01952023) sw      s9, 0(a0)
core   0: 3 0x80002262 (0x01952023) mem 0x8ffffffc 0x00000000
core   0: 0x80002266 (0x90000537) lui     a0, 0x90000
core   0: 3 0x80002266 (0x90000537) x10 0x90000000
core   0: 0x8000226a (0x00001571) c.addi  a0, -4
core   0: 3 0x8000226a (0x1571) x10 0x8ffffffc
core   0: 0x8000226c (0x00006c85) c.lui   s9, 0x1
core   0: 3 0x8000226c (0x6c85) x25 0x00001000
core   0: 0x8000226e (0xb07c8c93) addi    s9, s9, -1273
core   0: 3 0x8000226e (0xb07c8c93) x25 0x00000b07
core   0: 0x80002272 (0x00000ca2) c.slli  s9, 8
core   0: 3 0x80002272 (0x0ca2) x25 0x000b0700
core   0: 0x80002274 (0x00000c8d) c.addi  s9, 3
core   0: 3 0x80002274 (0x0c8d) x25 0x000b0703
core   0: 0x80002276 (0x01952023) sw      s9, 0(a0)
core   0: 3 0x80002276 (0x01952023) mem 0x8ffffffc 0x000b0703
core   0: 0x8000227a (0xb0702cf3) csrr    s9, mhpmcounter7
core   0: 3 0x8000227a (0xb0702cf3) x25 0x0000003c
core   0: 0x8000227e (0x01952023) sw      s9, 0(a0)
core   0: 3 0x8000227e (0x01952023) mem 0x8ffffffc 0x0000003c
core   0: 0x80002282 (0x90000537) lui     a0, 0x90000
core   0: 3 0x80002282 (0x90000537) x10 0x90000000
core   0: 0x80002286 (0x00001571) c.addi  a0, -4
core   0: 3 0x80002286 (0x1571) x10 0x8ffffffc
core   0: 0x80002288 (0x00006c85) c.lui   s9, 0x1
core   0: 3 0x80002288 (0x6c85) x25 0x00001000
core   0: 0x8000228a (0xb87c8c93) addi    s9, s9, -1145
core   0: 3 0x8000228a (0xb87c8c93) x25 0x00000b87
core   0: 0x8000228e (0x00000ca2) c.slli  s9, 8
core   0: 3 0x8000228e (0x0ca2) x25 0x000b8700
core   0: 0x80002290 (0x00000c8d) c.addi  s9, 3
core   0: 3 0x80002290 (0x0c8d) x25 0x000b8703
core   0: 0x80002292 (0x01952023) sw      s9, 0(a0)
core   0: 3 0x80002292 (0x01952023) mem 0x8ffffffc 0x000b8703
core   0: 0x80002296 (0xb8702cf3) csrr    s9, mhpmcounter7h
core   0: 3 0x80002296 (0xb8702cf3) x25 0x00000000
core   0: 0x8000229a (0x01952023) sw      s9, 0(a0)
core   0: 3 0x8000229a (0x01952023) mem 0x8ffffffc 0x00000000
core   0: 0x8000229e (0x90000537) lui     a0, 0x90000
core   0: 3 0x8000229e (0x90000537) x10 0x90000000
core   0: 0x800022a2 (0x00001571) c.addi  a0, -4
core   0: 3 0x800022a2 (0x1571) x10 0x8ffffffc
core   0: 0x800022a4 (0x00006c85) c.lui   s9, 0x1
core   0: 3 0x800022a4 (0x6c85) x25 0x00001000
core   0: 0x800022a6 (0xb08c8c93) addi    s9, s9, -1272
core   0: 3 0x800022a6 (0xb08c8c93) x25 0x00000b08
core   0: 0x800022aa (0x00000ca2) c.slli  s9, 8
core   0: 3 0x800022aa (0x0ca2) x25 0x000b0800
core   0: 0x800022ac (0x00000c8d) c.addi  s9, 3
core   0: 3 0x800022ac (0x0c8d) x25 0x000b0803
core   0: 0x800022ae (0x01952023) sw      s9, 0(a0)
core   0: 3 0x800022ae (0x01952023) mem 0x8ffffffc 0x000b0803
core   0: 0x800022b2 (0xb0802cf3) csrr    s9, mhpmcounter8
core   0: 3 0x800022b2 (0xb0802cf3) x25 0x000001c4
core   0: 0x800022b6 (0x01952023) sw      s9, 0(a0)
core   0: 3 0x800022b6 (0x01952023) mem 0x8ffffffc 0x000001c4
core   0: 0x800022ba (0x90000537) lui     a0, 0x90000
core   0: 3 0x800022ba (0x90000537) x10 0x90000000
core   0: 0x800022be (0x00001571) c.addi  a0, -4
core   0: 3 0x800022be (0x1571) x10 0x8ffffffc
core   0: 0x800022c0 (0x00006c85) c.lui   s9, 0x1
core   0: 3 0x800022c0 (0x6c85) x25 0x00001000
core   0: 0x800022c2 (0xb88c8c93) addi    s9, s9, -1144
core   0: 3 0x800022c2 (0xb88c8c93) x25 0x00000b88
core   0: 0x800022c6 (0x00000ca2) c.slli  s9, 8
core   0: 3 0x800022c6 (0x0ca2) x25 0x000b8800
core   0: 0x800022c8 (0x00000c8d) c.addi  s9, 3
core   0: 3 0x800022c8 (0x0c8d) x25 0x000b8803
core   0: 0x800022ca (0x01952023) sw      s9, 0(a0)
core   0: 3 0x800022ca (0x01952023) mem 0x8ffffffc 0x000b8803
core   0: 0x800022ce (0xb8802cf3) csrr    s9, mhpmcounter8h
core   0: 3 0x800022ce (0xb8802cf3) x25 0x00000000
core   0: 0x800022d2 (0x01952023) sw      s9, 0(a0)
core   0: 3 0x800022d2 (0x01952023) mem 0x8ffffffc 0x00000000
core   0: 0x800022d6 (0x90000537) lui     a0, 0x90000
core   0: 3 0x800022d6 (0x90000537) x10 0x90000000
core   0: 0x800022da (0x00001571) c.addi  a0, -4
core   0: 3 0x800022da (0x1571) x10 0x8ffffffc
core   0: 0x800022dc (0x00006c85) c.lui   s9, 0x1
core   0: 3 0x800022dc (0x6c85) x25 0x00001000
core   0: 0x800022de (0xb09c8c93) addi    s9, s9, -1271
core   0: 3 0x800022de (0xb09c8c93) x25 0x00000b09
core   0: 0x800022e2 (0x00000ca2) c.slli  s9, 8
core   0: 3 0x800022e2 (0x0ca2) x25 0x000b0900
core   0: 0x800022e4 (0x00000c8d) c.addi  s9, 3
core   0: 3 0x800022e4 (0x0c8d) x25 0x000b0903
core   0: 0x800022e6 (0x01952023) sw      s9, 0(a0)
core   0: 3 0x800022e6 (0x01952023) mem 0x8ffffffc 0x000b0903
core   0: 0x800022ea (0xb0902cf3) csrr    s9, mhpmcounter9
core   0: 3 0x800022ea (0xb0902cf3) x25 0x000000f0
core   0: 0x800022ee (0x01952023) sw      s9, 0(a0)
core   0: 3 0x800022ee (0x01952023) mem 0x8ffffffc 0x000000f0
core   0: 0x800022f2 (0x90000537) lui     a0, 0x90000
core   0: 3 0x800022f2 (0x90000537) x10 0x90000000
core   0: 0x800022f6 (0x00001571) c.addi  a0, -4
core   0: 3 0x800022f6 (0x1571) x10 0x8ffffffc
core   0: 0x800022f8 (0x00006c85) c.lui   s9, 0x1
core   0: 3 0x800022f8 (0x6c85) x25 0x00001000
core   0: 0x800022fa (0xb89c8c93) addi    s9, s9, -1143
core   0: 3 0x800022fa (0xb89c8c93) x25 0x00000b89
core   0: 0x800022fe (0x00000ca2) c.slli  s9, 8
core   0: 3 0x800022fe (0x0ca2) x25 0x000b8900
core   0: 0x80002300 (0x00000c8d) c.addi  s9, 3
core   0: 3 0x80002300 (0x0c8d) x25 0x000b8903
core   0: 0x80002302 (0x01952023) sw      s9, 0(a0)
core   0: 3 0x80002302 (0x01952023) mem 0x8ffffffc 0x000b8903
core   0: 0x80002306 (0xb8902cf3) csrr    s9, mhpmcounter9h
core   0: 3 0x80002306 (0xb8902cf3) x25 0x00000000
core   0: 0x8000230a (0x01952023) sw      s9, 0(a0)
core   0: 3 0x8000230a (0x01952023) mem 0x8ffffffc 0x00000000
core   0: 0x8000230e (0x90000537) lui     a0, 0x90000
core   0: 3 0x8000230e (0x90000537) x10 0x90000000
core   0: 0x80002312 (0x00001571) c.addi  a0, -4
core   0: 3 0x80002312 (0x1571) x10 0x8ffffffc
core   0: 0x80002314 (0x00006c85) c.lui   s9, 0x1
core   0: 3 0x80002314 (0x6c85) x25 0x00001000
core   0: 0x80002316 (0xb0ac8c93) addi    s9, s9, -1270
core   0: 3 0x80002316 (0xb0ac8c93) x25 0x00000b0a
core   0: 0x8000231a (0x00000ca2) c.slli  s9, 8
core   0: 3 0x8000231a (0x0ca2) x25 0x000b0a00
core   0: 0x8000231c (0x00000c8d) c.addi  s9, 3
core   0: 3 0x8000231c (0x0c8d) x25 0x000b0a03
core   0: 0x8000231e (0x01952023) sw      s9, 0(a0)
core   0: 3 0x8000231e (0x01952023) mem 0x8ffffffc 0x000b0a03
core   0: 0x80002322 (0xb0a02cf3) csrr    s9, mhpmcounter10
core   0: 3 0x80002322 (0xb0a02cf3) x25 0x0000069f
core   0: 0x80002326 (0x01952023) sw      s9, 0(a0)
core   0: 3 0x80002326 (0x01952023) mem 0x8ffffffc 0x0000069f
core   0: 0x8000232a (0x90000537) lui     a0, 0x90000
core   0: 3 0x8000232a (0x90000537) x10 0x90000000
core   0: 0x8000232e (0x00001571) c.addi  a0, -4
core   0: 3 0x8000232e (0x1571) x10 0x8ffffffc
core   0: 0x80002330 (0x00006c85) c.lui   s9, 0x1
core   0: 3 0x80002330 (0x6c85) x25 0x00001000
core   0: 0x80002332 (0xb8ac8c93) addi    s9, s9, -1142
core   0: 3 0x80002332 (0xb8ac8c93) x25 0x00000b8a
core   0: 0x80002336 (0x00000ca2) c.slli  s9, 8
core   0: 3 0x80002336 (0x0ca2) x25 0x000b8a00
core   0: 0x80002338 (0x00000c8d) c.addi  s9, 3
core   0: 3 0x80002338 (0x0c8d) x25 0x000b8a03
core   0: 0x8000233a (0x01952023) sw      s9, 0(a0)
core   0: 3 0x8000233a (0x01952023) mem 0x8ffffffc 0x000b8a03
core   0: 0x8000233e (0xb8a02cf3) csrr    s9, mhpmcounter10h
core   0: 3 0x8000233e (0xb8a02cf3) x25 0x00000000
core   0: 0x80002342 (0x01952023) sw      s9, 0(a0)
core   0: 3 0x80002342 (0x01952023) mem 0x8ffffffc 0x00000000
core   0: 0x80002346 (0x90000537) lui     a0, 0x90000
core   0: 3 0x80002346 (0x90000537) x10 0x90000000
core   0: 0x8000234a (0x00001571) c.addi  a0, -4
core   0: 3 0x8000234a (0x1571) x10 0x8ffffffc
core   0: 0x8000234c (0x00006c85) c.lui   s9, 0x1
core   0: 3 0x8000234c (0x6c85) x25 0x00001000
core   0: 0x8000234e (0xb0bc8c93) addi    s9, s9, -1269
core   0: 3 0x8000234e (0xb0bc8c93) x25 0x00000b0b
core   0: 0x80002352 (0x00000ca2) c.slli  s9, 8
core   0: 3 0x80002352 (0x0ca2) x25 0x000b0b00
core   0: 0x80002354 (0x00000c8d) c.addi  s9, 3
core   0: 3 0x80002354 (0x0c8d) x25 0x000b0b03
core   0: 0x80002356 (0x01952023) sw      s9, 0(a0)
core   0: 3 0x80002356 (0x01952023) mem 0x8ffffffc 0x000b0b03
core   0: 0x8000235a (0xb0b02cf3) csrr    s9, mhpmcounter11
core   0: 3 0x8000235a (0xb0b02cf3) x25 0x00000093
core   0: 0x8000235e (0x01952023) sw      s9, 0(a0)
core   0: 3 0x8000235e (0x01952023) mem 0x8ffffffc 0x00000093
core   0: 0x80002362 (0x90000537) lui     a0, 0x90000
core   0: 3 0x80002362 (0x90000537) x10 0x90000000
core   0: 0x80002366 (0x00001571) c.addi  a0, -4
core   0: 3 0x80002366 (0x1571) x10 0x8ffffffc
core   0: 0x80002368 (0x00006c85) c.lui   s9, 0x1
core   0: 3 0x80002368 (0x6c85) x25 0x00001000
core   0: 0x8000236a (0xb8bc8c93) addi    s9, s9, -1141
core   0: 3 0x8000236a (0xb8bc8c93) x25 0x00000b8b
core   0: 0x8000236e (0x00000ca2) c.slli  s9, 8
core   0: 3 0x8000236e (0x0ca2) x25 0x000b8b00
core   0: 0x80002370 (0x00000c8d) c.addi  s9, 3
core   0: 3 0x80002370 (0x0c8d) x25 0x000b8b03
core   0: 0x80002372 (0x01952023) sw      s9, 0(a0)
core   0: 3 0x80002372 (0x01952023) mem 0x8ffffffc 0x000b8b03
core   0: 0x80002376 (0xb8b02cf3) csrr    s9, mhpmcounter11h
core   0: 3 0x80002376 (0xb8b02cf3) x25 0x00000000
core   0: 0x8000237a (0x01952023) sw      s9, 0(a0)
core   0: 3 0x8000237a (0x01952023) mem 0x8ffffffc 0x00000000
core   0: 0x8000237e (0x90000537) lui     a0, 0x90000
core   0: 3 0x8000237e (0x90000537) x10 0x90000000
core   0: 0x80002382 (0x00001571) c.addi  a0, -4
core   0: 3 0x80002382 (0x1571) x10 0x8ffffffc
core   0: 0x80002384 (0x00006c85) c.lui   s9, 0x1
core   0: 3 0x80002384 (0x6c85) x25 0x00001000
core   0: 0x80002386 (0xb0cc8c93) addi    s9, s9, -1268
core   0: 3 0x80002386 (0xb0cc8c93) x25 0x00000b0c
core   0: 0x8000238a (0x00000ca2) c.slli  s9, 8
core   0: 3 0x8000238a (0x0ca2) x25 0x000b0c00
core   0: 0x8000238c (0x00000c8d) c.addi  s9, 3
core   0: 3 0x8000238c (0x0c8d) x25 0x000b0c03
core   0: 0x8000238e (0x01952023) sw      s9, 0(a0)
core   0: 3 0x8000238e (0x01952023) mem 0x8ffffffc 0x000b0c03
core   0: 0x80002392 (0xb0c02cf3) csrr    s9, mhpmcounter12
core   0: 3 0x80002392 (0xb0c02cf3) x25 0x00001c49
core   0: 0x80002396 (0x01952023) sw      s9, 0(a0)
core   0: 3 0x80002396 (0x01952023) mem 0x8ffffffc 0x00001c49
core   0: 0x8000239a (0x90000537) lui     a0, 0x90000
core   0: 3 0x8000239a (0x90000537) x10 0x90000000
core   0: 0x8000239e (0x00001571) c.addi  a0, -4
core   0: 3 0x8000239e (0x1571) x10 0x8ffffffc
core   0: 0x800023a0 (0x00006c85) c.lui   s9, 0x1
core   0: 3 0x800023a0 (0x6c85) x25 0x00001000
core   0: 0x800023a2 (0xb8cc8c93) addi    s9, s9, -1140
core   0: 3 0x800023a2 (0xb8cc8c93) x25 0x00000b8c
core   0: 0x800023a6 (0x00000ca2) c.slli  s9, 8
core   0: 3 0x800023a6 (0x0ca2) x25 0x000b8c00
core   0: 0x800023a8 (0x00000c8d) c.addi  s9, 3
core   0: 3 0x800023a8 (0x0c8d) x25 0x000b8c03
core   0: 0x800023aa (0x01952023) sw      s9, 0(a0)
core   0: 3 0x800023aa (0x01952023) mem 0x8ffffffc 0x000b8c03
core   0: 0x800023ae (0xb8c02cf3) csrr    s9, mhpmcounter12h
core   0: 3 0x800023ae (0xb8c02cf3) x25 0x00000000
core   0: 0x800023b2 (0x01952023) sw      s9, 0(a0)
core   0: 3 0x800023b2 (0x01952023) mem 0x8ffffffc 0x00000000
core   0: 0x800023b6 (0xffffec97) auipc   s9, 0xffffe
core   0: 3 0x800023b6 (0xffffec97) x25 0x800003b6
core   0: 0x800023ba (0xccac8c93) addi    s9, s9, -822
core   0: 3 0x800023ba (0xccac8c93) x25 0x80000080
core   0: 0x800023be (0x000ca023) sw      zero, 0(s9)
core   0: 3 0x800023be (0x000ca023) mem 0x80000080 0x00000000
core   0: 0x800023c2 (0x001ca223) sw      ra, 4(s9)
core   0: 3 0x800023c2 (0x001ca223) mem 0x80000084 0x00000000
