Time	Cycle	PC	Insn	Decoded instruction	Register and memory contents
        1055000	         6	80000080	40001cb7	lui	x25,0x40001	 x25=0x40001000
        1065000	         7	80000084	106c8c93	addi	x25,x25,262	 x25:0x40001000 x25=0x40001106
        1075000	         8	80000088	301c9073	csrrw	x0,misa,x25	 x25:0x40001106  x0=0x00000000
        1105000	        11	8000008c	00029797	auipc	x15,0x29	 x15=0x8002908c
        1115000	        12	80000090	c5878793	addi	x15,x15,-936	 x15:0x8002908c x15=0x80028ce4
        1125000	        13	80000094	00002c97	auipc	x25,0x2	 x25=0x80002094
        1135000	        14	80000098	f6cc8c93	addi	x25,x25,-148	 x25:0x80002094 x25=0x80002000
        1145000	        15	8000009c	001cec93	ori	x25,x25,1	 x25:0x80002000 x25=0x80002001
        1155000	        16	800000a0	305c9073	csrrw	x0,mtvec,x25	 x25:0x80002001  x0=0x00000000
        1185000	        19	800000a4	74725073	csrrwi	x0,0x747,4	  x0=0x00000000
        1215000	        22	800000a8	00003a97	auipc	x21,0x3	 x21=0x800030a8
        1225000	        23	800000ac	c44a8a93	addi	x21,x21,-956	 x21:0x800030a8 x21=0x80002cec
        1235000	        24	800000b0	4c81	c.li	x25,0	 x25=0x00000000
        1245000	        25	800000b2	9ae6	c.add	x21,x25	 x21:0x80002cec x25:0x00000000 x21=0x80002cec
        1255000	        26	800000b4	002ada93	srli	x21,x21,0x2	 x21:0x80002cec x21=0x20000b3b
        1265000	        27	800000b8	3b0a9073	csrrw	x0,pmpaddr0,x21	 x21:0x20000b3b  x0=0x00000000
        1295000	        30	800000bc	00003a97	auipc	x21,0x3	 x21=0x800030bc
        1305000	        31	800000c0	c30a8a93	addi	x21,x21,-976	 x21:0x800030bc x21=0x80002cec
        1315000	        32	800000c4	11111cb7	lui	x25,0x11111	 x25=0x11111000
        1325000	        33	800000c8	111c8c93	addi	x25,x25,273	 x25:0x11111000 x25=0x11111111
        1335000	        34	800000cc	9ae6	c.add	x21,x25	 x21:0x80002cec x25:0x11111111 x21=0x91113dfd
        1345000	        35	800000ce	002ada93	srli	x21,x21,0x2	 x21:0x91113dfd x21=0x24444f7f
        1355000	        36	800000d2	3b1a9073	csrrw	x0,pmpaddr1,x21	 x21:0x24444f7f  x0=0x00000000
        1385000	        39	800000d6	00003a97	auipc	x21,0x3	 x21=0x800030d6
        1395000	        40	800000da	c16a8a93	addi	x21,x21,-1002	 x21:0x800030d6 x21=0x80002cec
        1405000	        41	800000de	22222cb7	lui	x25,0x22222	 x25=0x22222000
        1415000	        42	800000e2	222c8c93	addi	x25,x25,546	 x25:0x22222000 x25=0x22222222
        1425000	        43	800000e6	9ae6	c.add	x21,x25	 x21:0x80002cec x25:0x22222222 x21=0xa2224f0e
        1435000	        44	800000e8	002ada93	srli	x21,x21,0x2	 x21:0xa2224f0e x21=0x288893c3
        1445000	        45	800000ec	3b2a9073	csrrw	x0,pmpaddr2,x21	 x21:0x288893c3  x0=0x00000000
        1475000	        48	800000f0	00003a97	auipc	x21,0x3	 x21=0x800030f0
        1485000	        49	800000f4	bfca8a93	addi	x21,x21,-1028	 x21:0x800030f0 x21=0x80002cec
        1495000	        50	800000f8	33333cb7	lui	x25,0x33333	 x25=0x33333000
        1505000	        51	800000fc	333c8c93	addi	x25,x25,819	 x25:0x33333000 x25=0x33333333
        1515000	        52	80000100	9ae6	c.add	x21,x25	 x21:0x80002cec x25:0x33333333 x21=0xb333601f
        1525000	        53	80000102	002ada93	srli	x21,x21,0x2	 x21:0xb333601f x21=0x2cccd807
        1535000	        54	80000106	3b3a9073	csrrw	x0,pmpaddr3,x21	 x21:0x2cccd807  x0=0x00000000
        1565000	        57	8000010a	0f0f1ab7	lui	x21,0xf0f1	 x21=0x0f0f1000
        1575000	        58	8000010e	f0fa8a93	addi	x21,x21,-241	 x21:0x0f0f1000 x21=0x0f0f0f0f
        1585000	        59	80000112	3a0a9073	csrrw	x0,pmpcfg0,x21	 x21:0x0f0f0f0f  x0=0x00000000
        1615000	        62	80000116	00003a97	auipc	x21,0x3	 x21=0x80003116
        1625000	        63	8000011a	bd6a8a93	addi	x21,x21,-1066	 x21:0x80003116 x21=0x80002cec
        1635000	        64	8000011e	44444cb7	lui	x25,0x44444	 x25=0x44444000
        1645000	        65	80000122	444c8c93	addi	x25,x25,1092	 x25:0x44444000 x25=0x44444444
        1655000	        66	80000126	9ae6	c.add	x21,x25	 x21:0x80002cec x25:0x44444444 x21=0xc4447130
        1665000	        67	80000128	002ada93	srli	x21,x21,0x2	 x21:0xc4447130 x21=0x31111c4c
        1675000	        68	8000012c	3b4a9073	csrrw	x0,pmpaddr4,x21	 x21:0x31111c4c  x0=0x00000000
        1705000	        71	80000130	00003a97	auipc	x21,0x3	 x21=0x80003130
        1715000	        72	80000134	bbca8a93	addi	x21,x21,-1092	 x21:0x80003130 x21=0x80002cec
        1725000	        73	80000138	55555cb7	lui	x25,0x55555	 x25=0x55555000
        1735000	        74	8000013c	555c8c93	addi	x25,x25,1365	 x25:0x55555000 x25=0x55555555
        1745000	        75	80000140	9ae6	c.add	x21,x25	 x21:0x80002cec x25:0x55555555 x21=0xd5558241
        1755000	        76	80000142	002ada93	srli	x21,x21,0x2	 x21:0xd5558241 x21=0x35556090
        1765000	        77	80000146	3b5a9073	csrrw	x0,pmpaddr5,x21	 x21:0x35556090  x0=0x00000000
        1795000	        80	8000014a	00003a97	auipc	x21,0x3	 x21=0x8000314a
        1805000	        81	8000014e	ba2a8a93	addi	x21,x21,-1118	 x21:0x8000314a x21=0x80002cec
        1815000	        82	80000152	66666cb7	lui	x25,0x66666	 x25=0x66666000
        1825000	        83	80000156	666c8c93	addi	x25,x25,1638	 x25:0x66666000 x25=0x66666666
        1835000	        84	8000015a	9ae6	c.add	x21,x25	 x21:0x80002cec x25:0x66666666 x21=0xe6669352
        1845000	        85	8000015c	002ada93	srli	x21,x21,0x2	 x21:0xe6669352 x21=0x3999a4d4
        1855000	        86	80000160	3b6a9073	csrrw	x0,pmpaddr6,x21	 x21:0x3999a4d4  x0=0x00000000
        1885000	        89	80000164	00003a97	auipc	x21,0x3	 x21=0x80003164
        1895000	        90	80000168	b88a8a93	addi	x21,x21,-1144	 x21:0x80003164 x21=0x80002cec
        1905000	        91	8000016c	77777cb7	lui	x25,0x77777	 x25=0x77777000
        1915000	        92	80000170	777c8c93	addi	x25,x25,1911	 x25:0x77777000 x25=0x77777777
        1925000	        93	80000174	9ae6	c.add	x21,x25	 x21:0x80002cec x25:0x77777777 x21=0xf777a463
        1935000	        94	80000176	002ada93	srli	x21,x21,0x2	 x21:0xf777a463 x21=0x3ddde918
        1945000	        95	8000017a	3b7a9073	csrrw	x0,pmpaddr7,x21	 x21:0x3ddde918  x0=0x00000000
        1975000	        98	8000017e	0f0f1ab7	lui	x21,0xf0f1	 x21=0x0f0f1000
        1985000	        99	80000182	f0fa8a93	addi	x21,x21,-241	 x21:0x0f0f1000 x21=0x0f0f0f0f
        1995000	       100	80000186	3a1a9073	csrrw	x0,pmpcfg1,x21	 x21:0x0f0f0f0f  x0=0x00000000
        2025000	       103	8000018a	00003a97	auipc	x21,0x3	 x21=0x8000318a
        2035000	       104	8000018e	b62a8a93	addi	x21,x21,-1182	 x21:0x8000318a x21=0x80002cec
        2045000	       105	80000192	88889cb7	lui	x25,0x88889	 x25=0x88889000
        2055000	       106	80000196	888c8c93	addi	x25,x25,-1912	 x25:0x88889000 x25=0x88888888
        2065000	       107	8000019a	9ae6	c.add	x21,x25	 x21:0x80002cec x25:0x88888888 x21=0x0888b574
        2075000	       108	8000019c	002ada93	srli	x21,x21,0x2	 x21:0x0888b574 x21=0x02222d5d
        2085000	       109	800001a0	3b8a9073	csrrw	x0,pmpaddr8,x21	 x21:0x02222d5d  x0=0x00000000
        2115000	       112	800001a4	00003a97	auipc	x21,0x3	 x21=0x800031a4
        2125000	       113	800001a8	b48a8a93	addi	x21,x21,-1208	 x21:0x800031a4 x21=0x80002cec
        2135000	       114	800001ac	9999acb7	lui	x25,0x9999a	 x25=0x9999a000
        2145000	       115	800001b0	999c8c93	addi	x25,x25,-1639	 x25:0x9999a000 x25=0x99999999
        2155000	       116	800001b4	9ae6	c.add	x21,x25	 x21:0x80002cec x25:0x99999999 x21=0x1999c685
        2165000	       117	800001b6	002ada93	srli	x21,x21,0x2	 x21:0x1999c685 x21=0x066671a1
        2175000	       118	800001ba	3b9a9073	csrrw	x0,pmpaddr9,x21	 x21:0x066671a1  x0=0x00000000
        2205000	       121	800001be	00003a97	auipc	x21,0x3	 x21=0x800031be
        2215000	       122	800001c2	b2ea8a93	addi	x21,x21,-1234	 x21:0x800031be x21=0x80002cec
        2225000	       123	800001c6	aaaabcb7	lui	x25,0xaaaab	 x25=0xaaaab000
        2235000	       124	800001ca	aaac8c93	addi	x25,x25,-1366	 x25:0xaaaab000 x25=0xaaaaaaaa
        2245000	       125	800001ce	9ae6	c.add	x21,x25	 x21:0x80002cec x25:0xaaaaaaaa x21=0x2aaad796
        2255000	       126	800001d0	002ada93	srli	x21,x21,0x2	 x21:0x2aaad796 x21=0x0aaab5e5
        2265000	       127	800001d4	3baa9073	csrrw	x0,pmpaddr10,x21	 x21:0x0aaab5e5  x0=0x00000000
        2295000	       130	800001d8	00003a97	auipc	x21,0x3	 x21=0x800031d8
        2305000	       131	800001dc	b14a8a93	addi	x21,x21,-1260	 x21:0x800031d8 x21=0x80002cec
        2315000	       132	800001e0	bbbbccb7	lui	x25,0xbbbbc	 x25=0xbbbbc000
        2325000	       133	800001e4	bbbc8c93	addi	x25,x25,-1093	 x25:0xbbbbc000 x25=0xbbbbbbbb
        2335000	       134	800001e8	9ae6	c.add	x21,x25	 x21:0x80002cec x25:0xbbbbbbbb x21=0x3bbbe8a7
        2345000	       135	800001ea	002ada93	srli	x21,x21,0x2	 x21:0x3bbbe8a7 x21=0x0eeefa29
        2355000	       136	800001ee	3bba9073	csrrw	x0,pmpaddr11,x21	 x21:0x0eeefa29  x0=0x00000000
        2385000	       139	800001f2	0f0f1ab7	lui	x21,0xf0f1	 x21=0x0f0f1000
        2395000	       140	800001f6	f0fa8a93	addi	x21,x21,-241	 x21:0x0f0f1000 x21=0x0f0f0f0f
        2405000	       141	800001fa	3a2a9073	csrrw	x0,pmpcfg2,x21	 x21:0x0f0f0f0f  x0=0x00000000
        2435000	       144	800001fe	00003a97	auipc	x21,0x3	 x21=0x800031fe
        2445000	       145	80000202	aeea8a93	addi	x21,x21,-1298	 x21:0x800031fe x21=0x80002cec
        2455000	       146	80000206	ccccdcb7	lui	x25,0xccccd	 x25=0xccccd000
        2465000	       147	8000020a	cccc8c93	addi	x25,x25,-820	 x25:0xccccd000 x25=0xcccccccc
        2475000	       148	8000020e	9ae6	c.add	x21,x25	 x21:0x80002cec x25:0xcccccccc x21=0x4cccf9b8
        2485000	       149	80000210	002ada93	srli	x21,x21,0x2	 x21:0x4cccf9b8 x21=0x13333e6e
        2495000	       150	80000214	3bca9073	csrrw	x0,pmpaddr12,x21	 x21:0x13333e6e  x0=0x00000000
        2525000	       153	80000218	00003a97	auipc	x21,0x3	 x21=0x80003218
        2535000	       154	8000021c	ad4a8a93	addi	x21,x21,-1324	 x21:0x80003218 x21=0x80002cec
        2545000	       155	80000220	ddddecb7	lui	x25,0xdddde	 x25=0xdddde000
        2555000	       156	80000224	dddc8c93	addi	x25,x25,-547	 x25:0xdddde000 x25=0xdddddddd
        2565000	       157	80000228	9ae6	c.add	x21,x25	 x21:0x80002cec x25:0xdddddddd x21=0x5dde0ac9
        2575000	       158	8000022a	002ada93	srli	x21,x21,0x2	 x21:0x5dde0ac9 x21=0x177782b2
        2585000	       159	8000022e	3bda9073	csrrw	x0,pmpaddr13,x21	 x21:0x177782b2  x0=0x00000000
        2615000	       162	80000232	00003a97	auipc	x21,0x3	 x21=0x80003232
        2625000	       163	80000236	abaa8a93	addi	x21,x21,-1350	 x21:0x80003232 x21=0x80002cec
        2635000	       164	8000023a	eeeefcb7	lui	x25,0xeeeef	 x25=0xeeeef000
        2645000	       165	8000023e	eeec8c93	addi	x25,x25,-274	 x25:0xeeeef000 x25=0xeeeeeeee
        2655000	       166	80000242	9ae6	c.add	x21,x25	 x21:0x80002cec x25:0xeeeeeeee x21=0x6eef1bda
        2665000	       167	80000244	002ada93	srli	x21,x21,0x2	 x21:0x6eef1bda x21=0x1bbbc6f6
        2675000	       168	80000248	3bea9073	csrrw	x0,pmpaddr14,x21	 x21:0x1bbbc6f6  x0=0x00000000
        2705000	       171	8000024c	00003a97	auipc	x21,0x3	 x21=0x8000324c
        2715000	       172	80000250	aa0a8a93	addi	x21,x21,-1376	 x21:0x8000324c x21=0x80002cec
        2725000	       173	80000254	fff00c93	addi	x25,x0,-1	  x0:0x00000000 x25=0xffffffff
        2735000	       174	80000258	9ae6	c.add	x21,x25	 x21:0x80002cec x25:0xffffffff x21=0x80002ceb
        2745000	       175	8000025a	002ada93	srli	x21,x21,0x2	 x21:0x80002ceb x21=0x20000b3a
        2755000	       176	8000025e	3bfa9073	csrrw	x0,pmpaddr15,x21	 x21:0x20000b3a  x0=0x00000000
        2785000	       179	80000262	0f0f1ab7	lui	x21,0xf0f1	 x21=0x0f0f1000
        2795000	       180	80000266	f0fa8a93	addi	x21,x21,-241	 x21:0x0f0f1000 x21=0x0f0f0f0f
        2805000	       181	8000026a	3a3a9073	csrrw	x0,pmpcfg3,x21	 x21:0x0f0f0f0f  x0=0x00000000
        2835000	       184	8000026e	00000c97	auipc	x25,0x0	 x25=0x8000026e
        2845000	       185	80000272	060c8c93	addi	x25,x25,96	 x25:0x8000026e x25=0x800002ce
        2855000	       186	80000276	341c9073	csrrw	x0,mepc,x25	 x25:0x800002ce  x0=0x00000000
        2865000	       187	8000027a	7c00d073	csrrwi	x0,0x7c0,1	  x0=0x00000000
        2895000	       190	8000027e	4c81	c.li	x25,0	 x25=0x00000000
        2905000	       191	80000280	300c9073	csrrw	x0,mstatus,x25	 x25:0x00000000  x0=0x00000000
        2935000	       194	80000284	4c81	c.li	x25,0	 x25=0x00000000
        2945000	       195	80000286	304c9073	csrrw	x0,mie,x25	 x25:0x00000000  x0=0x00000000
        2975000	       198	8000028a	90000537	lui	x10,0x90000	 x10=0x90000000
        2985000	       199	8000028e	1571	c.addi	x10,-4	 x10:0x90000000 x10=0x8ffffffc
        2995000	       200	80000290	90000537	lui	x10,0x90000	 x10=0x90000000
        3005000	       201	80000294	1571	c.addi	x10,-4	 x10:0x90000000 x10=0x8ffffffc
        3015000	       202	80000296	90000537	lui	x10,0x90000	 x10=0x90000000
        3025000	       203	8000029a	1571	c.addi	x10,-4	 x10:0x90000000 x10=0x8ffffffc
        3035000	       204	8000029c	30000c93	addi	x25,x0,768	  x0:0x00000000 x25=0x00000300
        3045000	       205	800002a0	0ca2	c.slli	x25,0x8	 x25:0x00000300 x25=0x00030000
        3055000	       206	800002a2	0c8d	c.addi	x25,3	 x25:0x00030000 x25=0x00030003
        3065000	       207	800002a4	01952023	sw	x25,0(x10)	 x10:0x8ffffffc x25:0x00030003 PA:0x8ffffffc store:0x00030003 load:0x00000000
        3075000	       208	800002a8	30002cf3	csrrs	x25,mstatus,x0	  x0:0x00000000 x25=0x00000000
        3085000	       209	800002ac	01952023	sw	x25,0(x10)	 x10:0x8ffffffc x25:0x00000000 PA:0x8ffffffc store:0x00000000 load:0x00000000
        3095000	       210	800002b0	90000537	lui	x10,0x90000	 x10=0x90000000
        3105000	       211	800002b4	1571	c.addi	x10,-4	 x10:0x90000000 x10=0x8ffffffc
        3115000	       212	800002b6	30400c93	addi	x25,x0,772	  x0:0x00000000 x25=0x00000304
        3125000	       213	800002ba	0ca2	c.slli	x25,0x8	 x25:0x00000304 x25=0x00030400
        3135000	       214	800002bc	0c8d	c.addi	x25,3	 x25:0x00030400 x25=0x00030403
        3145000	       215	800002be	01952023	sw	x25,0(x10)	 x10:0x8ffffffc x25:0x00030403 PA:0x8ffffffc store:0x00030403 load:0x00000000
        3155000	       216	800002c2	30402cf3	csrrs	x25,mie,x0	  x0:0x00000000 x25=0x00000000
        3165000	       217	800002c6	01952023	sw	x25,0(x10)	 x10:0x8ffffffc x25:0x00000000 PA:0x8ffffffc store:0x00000000 load:0x00000000
        3175000	       218	800002ca	30200073	mret	
        3215000	       222	800002ce	00000013	addi	x0,x0,0	  x0:0x00000000  x0=0x00000000
        3225000	       223	800002d2	92efa0b7	lui	x1,0x92efa	  x1=0x92efa000
        3235000	       224	800002d6	ac408093	addi	x1,x1,-1340	  x1:0x92efa000  x1=0x92ef9ac4
        3245000	       225	800002da	800001b7	lui	x3,0x80000	  x3=0x80000000
        3255000	       226	800002de	80000237	lui	x4,0x80000	  x4=0x80000000
        3265000	       227	800002e2	42b9	c.li	x5,14	  x5=0x0000000e
        3275000	       228	800002e4	f1b2a337	lui	x6,0xf1b2a	  x6=0xf1b2a000
        3285000	       229	800002e8	f3f30313	addi	x6,x6,-193	  x6:0xf1b2a000  x6=0xf1b29f3f
        3295000	       230	800002ec	4381	c.li	x7,0	  x7=0x00000000
        3305000	       231	800002ee	4a55b437	lui	x8,0x4a55b	  x8=0x4a55b000
        3315000	       232	800002f2	a2240413	addi	x8,x8,-1502	  x8:0x4a55b000  x8=0x4a55aa22
        3325000	       233	800002f6	800004b7	lui	x9,0x80000	  x9=0x80000000
        3335000	       234	800002fa	4535	c.li	x10,13	 x10=0x0000000d
        3345000	       235	800002fc	f1f2f5b7	lui	x11,0xf1f2f	 x11=0xf1f2f000
        3355000	       236	80000300	2c958593	addi	x11,x11,713	 x11:0xf1f2f000 x11=0xf1f2f2c9
        3365000	       237	80000304	f4560637	lui	x12,0xf4560	 x12=0xf4560000
        3375000	       238	80000308	fdc60613	addi	x12,x12,-36	 x12:0xf4560000 x12=0xf455ffdc
        3385000	       239	8000030c	f82256b7	lui	x13,0xf8225	 x13=0xf8225000
        3395000	       240	80000310	26468693	addi	x13,x13,612	 x13:0xf8225000 x13=0xf8225264
        3405000	       241	80000314	fe5f1737	lui	x14,0xfe5f1	 x14=0xfe5f1000
        3415000	       242	80000318	95370713	addi	x14,x14,-1709	 x14:0xfe5f1000 x14=0xfe5f0953
        3425000	       243	8000031c	66a5e837	lui	x16,0x66a5e	 x16=0x66a5e000
        3435000	       244	80000320	aa780813	addi	x16,x16,-1369	 x16:0x66a5e000 x16=0x66a5daa7
        3445000	       245	80000324	f9d1c8b7	lui	x17,0xf9d1c	 x17=0xf9d1c000
        3455000	       246	80000328	75888893	addi	x17,x17,1880	 x17:0xf9d1c000 x17=0xf9d1c758
        3465000	       247	8000032c	4901	c.li	x18,0	 x18=0x00000000
        3475000	       248	8000032e	910059b7	lui	x19,0x91005	 x19=0x91005000
        3485000	       249	80000332	efb98993	addi	x19,x19,-261	 x19:0x91005000 x19=0x91004efb
        3495000	       250	80000336	4a01	c.li	x20,0	 x20=0x00000000
        3505000	       251	80000338	4aa5	c.li	x21,9	 x21=0x00000009
        3515000	       252	8000033a	91795b37	lui	x22,0x91795	 x22=0x91795000
        3525000	       253	8000033e	1b29	c.addi	x22,-22	 x22:0x91795000 x22=0x91794fea
        3535000	       254	80000340	80000bb7	lui	x23,0x80000	 x23=0x80000000
        3545000	       255	80000344	db26ec37	lui	x24,0xdb26e	 x24=0xdb26e000
        3555000	       256	80000348	39fc0c13	addi	x24,x24,927	 x24:0xdb26e000 x24=0xdb26e39f
        3565000	       257	8000034c	4cb1	c.li	x25,12	 x25=0x0000000c
        3575000	       258	8000034e	bde66d37	lui	x26,0xbde66	 x26=0xbde66000
        3585000	       259	80000352	303d0d13	addi	x26,x26,771	 x26:0xbde66000 x26=0xbde66303
        3595000	       260	80000356	f6359db7	lui	x27,0xf6359	 x27=0xf6359000
        3605000	       261	8000035a	b8bd8d93	addi	x27,x27,-1141	 x27:0xf6359000 x27=0xf6358b8b
        3615000	       262	8000035e	4e01	c.li	x28,0	 x28=0x00000000
        3625000	       263	80000360	47c42eb7	lui	x29,0x47c42	 x29=0x47c42000
        3635000	       264	80000364	4cae8e93	addi	x29,x29,1226	 x29:0x47c42000 x29=0x47c424ca
        3645000	       265	80000368	c20d3f37	lui	x30,0xc20d3	 x30=0xc20d3000
        3655000	       266	8000036c	73df0f13	addi	x30,x30,1853	 x30:0xc20d3000 x30=0xc20d373d
        3665000	       267	80000370	4f81	c.li	x31,0	 x31=0x00000000
        3675000	       268	80000372	00025117	auipc	x2,0x25	  x2=0x80025372
        3685000	       269	80000376	af210113	addi	x2,x2,-1294	  x2:0x80025372  x2=0x80024e64
        3695000	       270	8000037a	90000537	lui	x10,0x90000	 x10=0x90000000
        3705000	       271	8000037e	1571	c.addi	x10,-4	 x10:0x90000000 x10=0x8ffffffc
        3715000	       272	80000380	4c81	c.li	x25,0	 x25=0x00000000
        3725000	       273	80000382	0ca2	c.slli	x25,0x8	 x25:0x00000000 x25=0x00000000
        3735000	       274	80000384	000c8c93	addi	x25,x25,0	 x25:0x00000000 x25=0x00000000
        3745000	       275	80000388	01952023	sw	x25,0(x10)	 x10:0x8ffffffc x25:0x00000000 PA:0x8ffffffc store:0x00000000 load:0x00000000
        3755000	       276	8000038c	1610206f	jal	x0,80002cec	  x0=0x00000000
        3775000	       278	80002cec	00000917	auipc	x18,0x0	 x18=0x80002cec
        3785000	       279	80002cf0	36290913	addi	x18,x18,866	 x18:0x80002cec x18=0x8000304e
        3795000	       280	80002cf4	0ff0000f	fence	iorw,iorw	
        3805000	       281	80002cf8	0068bb33	sltu	x22,x17,x6	 x17:0xf9d1c758  x6:0xf1b29f3f x22=0x00000000
        3815000	       282	80002cfc	3c190913	addi	x18,x18,961	 x18:0x8000304e x18=0x8000340f
        4185000	       319	80002d00	02d9fe33	remu	x28,x19,x13	 x19:0x91004efb x13:0xf8225264 x28=0x91004efb
        4195000	       320	80002d04	009cd863	bge	x25,x9,80002d14	 x25:0x00000000  x9:0x80000000
        4215000	       322	80002d14	c3f90267	jalr	x4,-961(x18)	 x18:0x8000340f  x4=0x80002d18
        4245000	       325	8000304e	00991533	sll	x10,x18,x9	 x18:0x8000340f  x9:0x80000000 x10=0x8000340f
        4255000	       326	80003052	0eda	c.slli	x29,0x16	 x29:0x47c424ca x29=0x32800000
        4265000	       327	80003054	fc810113	addi	x2,x2,-56	  x2:0x80024e64  x2=0x80024e2c
        4635000	       364	80003058	03e3dd33	divu	x26,x7,x30	  x7:0x00000000 x30:0xc20d373d x26=0x00000000
        4645000	       365	8000305c	017e4733	xor	x14,x28,x23	 x28:0x91004efb x23:0x80000000 x14=0x11004efb
        4655000	       366	80003060	c212	c.swsp	x4,4(x2)	  x2:0x80024e2c  x4:0x80002d18 PA:0x80024e30 store:0x80002d18 load:0x00000000
        4665000	       367	80003062	bf48a993	slti	x19,x17,-1036	 x17:0xf9d1c758 x19=0x00000001
        4675000	       368	80003066	3ee57e13	andi	x28,x10,1006	 x10:0x8000340f x28=0x0000000e
        4685000	       369	8000306a	0001	c.addi	x0,0	  x0:0x00000000  x0=0x00000000
        4695000	       370	8000306c	00b11613	slli	x12,x2,0xb	  x2:0x80024e2c x12=0x12716000
        4715000	       372	80003070	020fdd33	divu	x26,x31,x0	 x31:0x00000000  x0:0x00000000 x26=0xffffffff
        4725000	       373	80003074	4585	c.li	x11,1	 x11=0x00000001
        4735000	       374	80003076	5732ff93	andi	x31,x5,1395	  x5:0x0000000e x31=0x00000002
        4745000	       375	8000307a	01a85213	srli	x4,x16,0x1a	 x16:0x66a5daa7  x4=0x00000019
        4755000	       376	8000307e	40615333	sra	x6,x2,x6	  x2:0x80024e2c  x6:0xf1b29f3f  x6=0xffffffff
        5125000	       413	80003082	022173b3	remu	x7,x2,x2	  x2:0x80024e2c  x2:0x80024e2c  x7=0x00000000
        5135000	       414	80003086	01d1b633	sltu	x12,x3,x29	  x3:0x80000000 x29:0x32800000 x12=0x00000000
        5145000	       415	8000308a	0001	c.addi	x0,0	  x0:0x00000000  x0=0x00000000
        5155000	       416	8000308c	4bb5	c.li	x23,13	 x23=0x0000000d
        5165000	       417	8000308e	bf565817	auipc	x16,0xbf565	 x16=0x3f56808e
        5175000	       418	80003092	0000100f	fence.i	
        5205000	       421	80003096	a716eb13	ori	x22,x13,-1423	 x13:0xf8225264 x22=0xfffffa75
        5215000	       422	8000309a	05a5	c.addi	x11,9	 x11:0x00000001 x11=0x0000000a
        5255000	       426	8000309c	029e10b3	mulh	x1,x28,x9	 x28:0x0000000e  x9:0x80000000  x1=0xfffffff9
        5265000	       427	800030a0	5ce5	c.li	x25,-7	 x25=0xfffffff9
        5275000	       428	800030a2	014df0b3	and	x1,x27,x20	 x27:0xf6358b8b x20:0x00000000  x1=0x00000000
        5285000	       429	800030a6	00201713	slli	x14,x0,0x2	  x0:0x00000000 x14=0x00000000
        5295000	       430	800030aa	f7128693	addi	x13,x5,-143	  x5:0x0000000e x13=0xffffff7f
        5305000	       431	800030ae	595d	c.li	x18,-9	 x18=0xfffffff7
        5315000	       432	800030b0	869a	c.mv	x13,x6	  x0:0x00000000  x6:0xffffffff x13=0xffffffff
        5325000	       433	800030b2	8621	c.srai	x12,0x8	 x12:0x00000000 x12=0x00000000
        5335000	       434	800030b4	1cf9	c.addi	x25,-2	 x25:0xfffffff9 x25=0xfffffff7
        5705000	       471	800030b6	028b5f33	divu	x30,x22,x8	 x22:0xfffffa75  x8:0x4a55aa22 x30=0x00000003
        6075000	       508	800030ba	0254d533	divu	x10,x9,x5	  x9:0x80000000  x5:0x0000000e x10=0x09249249
        6085000	       509	800030be	009a1033	sll	x0,x20,x9	 x20:0x00000000  x9:0x80000000  x0=0x00000000
        6095000	       510	800030c2	ff2cd7e3	bge	x25,x18,800030b0	 x25:0xfffffff7 x18:0xfffffff7
        6115000	       512	800030b0	869a	c.mv	x13,x6	  x0:0x00000000  x6:0xffffffff x13=0xffffffff
        6125000	       513	800030b2	8621	c.srai	x12,0x8	 x12:0x00000000 x12=0x00000000
        6135000	       514	800030b4	1cf9	c.addi	x25,-2	 x25:0xfffffff7 x25=0xfffffff5
        6505000	       551	800030b6	028b5f33	divu	x30,x22,x8	 x22:0xfffffa75  x8:0x4a55aa22 x30=0x00000003
        6875000	       588	800030ba	0254d533	divu	x10,x9,x5	  x9:0x80000000  x5:0x0000000e x10=0x09249249
        6885000	       589	800030be	009a1033	sll	x0,x20,x9	 x20:0x00000000  x9:0x80000000  x0=0x00000000
        6895000	       590	800030c2	ff2cd7e3	bge	x25,x18,800030b0	 x25:0xfffffff5 x18:0xfffffff7
        7265000	       627	800030c6	032dc2b3	div	x5,x27,x18	 x27:0xf6358b8b x18:0xfffffff7  x5=0x01167eb7
        7275000	       628	800030ca	fd75e6e3	bltu	x11,x23,80003096	 x11:0x0000000a x23:0x0000000d
        7305000	       631	80003096	a716eb13	ori	x22,x13,-1423	 x13:0xffffffff x22=0xffffffff
        7315000	       632	8000309a	05a5	c.addi	x11,9	 x11:0x0000000a x11=0x00000013
        7355000	       636	8000309c	029e10b3	mulh	x1,x28,x9	 x28:0x0000000e  x9:0x80000000  x1=0xfffffff9
        7365000	       637	800030a0	5ce5	c.li	x25,-7	 x25=0xfffffff9
        7375000	       638	800030a2	014df0b3	and	x1,x27,x20	 x27:0xf6358b8b x20:0x00000000  x1=0x00000000
        7385000	       639	800030a6	00201713	slli	x14,x0,0x2	  x0:0x00000000 x14=0x00000000
        7395000	       640	800030aa	f7128693	addi	x13,x5,-143	  x5:0x01167eb7 x13=0x01167e28
        7405000	       641	800030ae	595d	c.li	x18,-9	 x18=0xfffffff7
        7415000	       642	800030b0	869a	c.mv	x13,x6	  x0:0x00000000  x6:0xffffffff x13=0xffffffff
        7425000	       643	800030b2	8621	c.srai	x12,0x8	 x12:0x00000000 x12=0x00000000
        7435000	       644	800030b4	1cf9	c.addi	x25,-2	 x25:0xfffffff9 x25=0xfffffff7
        7805000	       681	800030b6	028b5f33	divu	x30,x22,x8	 x22:0xffffffff  x8:0x4a55aa22 x30=0x00000003
        8175000	       718	800030ba	0254d533	divu	x10,x9,x5	  x9:0x80000000  x5:0x01167eb7 x10=0x00000075
        8185000	       719	800030be	009a1033	sll	x0,x20,x9	 x20:0x00000000  x9:0x80000000  x0=0x00000000
        8195000	       720	800030c2	ff2cd7e3	bge	x25,x18,800030b0	 x25:0xfffffff7 x18:0xfffffff7
        8215000	       722	800030b0	869a	c.mv	x13,x6	  x0:0x00000000  x6:0xffffffff x13=0xffffffff
        8225000	       723	800030b2	8621	c.srai	x12,0x8	 x12:0x00000000 x12=0x00000000
        8235000	       724	800030b4	1cf9	c.addi	x25,-2	 x25:0xfffffff7 x25=0xfffffff5
        8605000	       761	800030b6	028b5f33	divu	x30,x22,x8	 x22:0xffffffff  x8:0x4a55aa22 x30=0x00000003
        8975000	       798	800030ba	0254d533	divu	x10,x9,x5	  x9:0x80000000  x5:0x01167eb7 x10=0x00000075
        8985000	       799	800030be	009a1033	sll	x0,x20,x9	 x20:0x00000000  x9:0x80000000  x0=0x00000000
        8995000	       800	800030c2	ff2cd7e3	bge	x25,x18,800030b0	 x25:0xfffffff5 x18:0xfffffff7
        9365000	       837	800030c6	032dc2b3	div	x5,x27,x18	 x27:0xf6358b8b x18:0xfffffff7  x5=0x01167eb7
        9375000	       838	800030ca	fd75e6e3	bltu	x11,x23,80003096	 x11:0x00000013 x23:0x0000000d
        9385000	       839	800030ce	807d	c.srli	x8,0x1f	  x8:0x4a55aa22  x8=0x00000000
        9395000	       840	800030d0	5f61	c.li	x30,-8	 x30=0xfffffff8
        9405000	       841	800030d2	5745	c.li	x14,-15	 x14=0xfffffff1
        9415000	       842	800030d4	19b48e13	addi	x28,x9,411	  x9:0x80000000 x28=0x8000019b
        9425000	       843	800030d8	269afe13	andi	x28,x21,617	 x21:0x00000009 x28=0x00000009
        9435000	       844	800030dc	1f65	c.addi	x30,-7	 x30:0xfffffff8 x30=0xfffffff1
        9445000	       845	800030de	5479	c.li	x8,-2	  x8=0xfffffffe
        9455000	       846	800030e0	4895	c.li	x17,5	 x17=0x00000005
        9495000	       850	800030e2	03141bb3	mulh	x23,x8,x17	  x8:0xfffffffe x17:0x00000005 x23=0xffffffff
        9505000	       851	800030e6	0001	c.addi	x0,0	  x0:0x00000000  x0=0x00000000
        9515000	       852	800030e8	041d	c.addi	x8,7	  x8:0xfffffffe  x8=0x00000005
        9525000	       853	800030ea	ff141ee3	bne	x8,x17,800030e6	  x8:0x00000005 x17:0x00000005
        9535000	       854	800030ee	feef13e3	bne	x30,x14,800030d4	 x30:0xfffffff1 x14:0xfffffff1
        9575000	       858	800030f2	025f9db3	mulh	x27,x31,x5	 x31:0x00000002  x5:0x01167eb7 x27=0x00000000
        9585000	       859	800030f6	4895	c.li	x17,5	 x17=0x00000005
        9595000	       860	800030f8	00c84233	xor	x4,x16,x12	 x16:0x3f56808e x12:0x00000000  x4=0x3f56808e
        9605000	       861	800030fc	0ded	c.addi	x27,27	 x27:0x00000000 x27=0x0000001b
        9615000	       862	800030fe	01c2	c.slli	x3,0x10	  x3:0x80000000  x3=0x00000000
        9625000	       863	80003100	0716	c.slli	x14,0x5	 x14:0xfffffff1 x14=0xfffffe20
        9635000	       864	80003102	005075b3	and	x11,x0,x5	  x0:0x00000000  x5:0x01167eb7 x11=0x00000000
        9645000	       865	80003106	61f9	c.lui	x3,0x1e	  x3=0x0001e000
        9655000	       866	80003108	440d	c.li	x8,3	  x8=0x00000003
        9665000	       867	8000310a	971a	c.add	x14,x6	 x14:0xfffffe20  x6:0xffffffff x14=0xfffffe1f
        9675000	       868	8000310c	2dd26013	ori	x0,x4,733	  x4:0x3f56808e  x0=0x00000000
        9685000	       869	80003110	0001	c.addi	x0,0	  x0:0x00000000  x0=0x00000000
        9695000	       870	80003112	18fd	c.addi	x17,-1	 x17:0x00000005 x17=0x00000004
        9705000	       871	80003114	a6db4db7	lui	x27,0xa6db4	 x27=0xa6db4000
        9715000	       872	80003118	007af0b3	and	x1,x21,x7	 x21:0x00000009  x7:0x00000000  x1=0x00000000
        9725000	       873	8000311c	0a66	c.slli	x20,0x19	 x20:0x00000000 x20=0x00000000
        9735000	       874	8000311e	007cb533	sltu	x10,x25,x7	 x25:0xfffffff5  x7:0x00000000 x10=0x00000000
       10105000	       911	80003122	02dbebb3	rem	x23,x23,x13	 x23:0xffffffff x13:0xffffffff x23=0x00000000
       10115000	       912	80003126	fe88f3e3	bgeu	x17,x8,8000310c	 x17:0x00000004  x8:0x00000003
       10135000	       914	8000310c	2dd26013	ori	x0,x4,733	  x4:0x3f56808e  x0=0x00000000
       10145000	       915	80003110	0001	c.addi	x0,0	  x0:0x00000000  x0=0x00000000
       10155000	       916	80003112	18fd	c.addi	x17,-1	 x17:0x00000004 x17=0x00000003
       10165000	       917	80003114	a6db4db7	lui	x27,0xa6db4	 x27=0xa6db4000
       10175000	       918	80003118	007af0b3	and	x1,x21,x7	 x21:0x00000009  x7:0x00000000  x1=0x00000000
       10185000	       919	8000311c	0a66	c.slli	x20,0x19	 x20:0x00000000 x20=0x00000000
       10195000	       920	8000311e	007cb533	sltu	x10,x25,x7	 x25:0xfffffff5  x7:0x00000000 x10=0x00000000
       10565000	       957	80003122	02dbebb3	rem	x23,x23,x13	 x23:0x00000000 x13:0xffffffff x23=0x00000000
       10575000	       958	80003126	fe88f3e3	bgeu	x17,x8,8000310c	 x17:0x00000003  x8:0x00000003
       10595000	       960	8000310c	2dd26013	ori	x0,x4,733	  x4:0x3f56808e  x0=0x00000000
       10605000	       961	80003110	0001	c.addi	x0,0	  x0:0x00000000  x0=0x00000000
       10615000	       962	80003112	18fd	c.addi	x17,-1	 x17:0x00000003 x17=0x00000002
       10625000	       963	80003114	a6db4db7	lui	x27,0xa6db4	 x27=0xa6db4000
       10635000	       964	80003118	007af0b3	and	x1,x21,x7	 x21:0x00000009  x7:0x00000000  x1=0x00000000
       10645000	       965	8000311c	0a66	c.slli	x20,0x19	 x20:0x00000000 x20=0x00000000
       10655000	       966	8000311e	007cb533	sltu	x10,x25,x7	 x25:0xfffffff5  x7:0x00000000 x10=0x00000000
       11025000	      1003	80003122	02dbebb3	rem	x23,x23,x13	 x23:0x00000000 x13:0xffffffff x23=0x00000000
       11035000	      1004	80003126	fe88f3e3	bgeu	x17,x8,8000310c	 x17:0x00000002  x8:0x00000003
       11045000	      1005	8000312a	1d6c0a37	lui	x20,0x1d6c0	 x20=0x1d6c0000
       11055000	      1006	8000312e	56e5	c.li	x13,-7	 x13=0xfffffff9
       11065000	      1007	80003130	1a0aaf93	slti	x31,x21,416	 x21:0x00000009 x31=0x00000001
       11075000	      1008	80003134	0001	c.addi	x0,0	  x0:0x00000000  x0=0x00000000
       11085000	      1009	80003136	3ec6b193	sltiu	x3,x13,1004	 x13:0xfffffff9  x3=0x00000000
       11095000	      1010	8000313a	8d998193	addi	x3,x19,-1831	 x19:0x00000001  x3=0xfffff8da
       11105000	      1011	8000313e	0001	c.addi	x0,0	  x0:0x00000000  x0=0x00000000
       11115000	      1012	80003140	069d	c.addi	x13,7	 x13:0xfffffff9 x13=0x00000000
       11125000	      1013	80003142	49a1	c.li	x19,8	 x19=0x00000008
       11135000	      1014	80003144	007ead33	slt	x26,x29,x7	 x29:0x32800000  x7:0x00000000 x26=0x00000000
       11145000	      1015	80003148	5bd5	c.li	x23,-11	 x23=0xfffffff5
       11155000	      1016	8000314a	53fd	c.li	x7,-1	  x7=0xffffffff
       11165000	      1017	8000314c	c3b03093	sltiu	x1,x0,-965	  x0:0x00000000  x1=0x00000001
       11175000	      1018	80003150	19e1	c.addi	x19,-8	 x19:0x00000008 x19=0x00000000
       11185000	      1019	80003152	ff79dce3	bge	x19,x23,8000314a	 x19:0x00000000 x23:0xfffffff5
       11205000	      1021	8000314a	53fd	c.li	x7,-1	  x7=0xffffffff
       11215000	      1022	8000314c	c3b03093	sltiu	x1,x0,-965	  x0:0x00000000  x1=0x00000001
       11225000	      1023	80003150	19e1	c.addi	x19,-8	 x19:0x00000000 x19=0xfffffff8
       11235000	      1024	80003152	ff79dce3	bge	x19,x23,8000314a	 x19:0xfffffff8 x23:0xfffffff5
       11255000	      1026	8000314a	53fd	c.li	x7,-1	  x7=0xffffffff
       11265000	      1027	8000314c	c3b03093	sltiu	x1,x0,-965	  x0:0x00000000  x1=0x00000001
       11275000	      1028	80003150	19e1	c.addi	x19,-8	 x19:0xfffffff8 x19=0xfffffff0
       11285000	      1029	80003152	ff79dce3	bge	x19,x23,8000314a	 x19:0xfffffff0 x23:0xfffffff5
       11295000	      1030	80003156	f2f5	c.bnez	x13,8000313a	 x13:0x00000000
       11305000	      1031	80003158	876d	c.srai	x14,0x1b	 x14:0xfffffe1f x14=0xffffffff
       11315000	      1032	8000315a	4ca1	c.li	x25,8	 x25=0x00000008
       11325000	      1033	8000315c	8589	c.srai	x11,0x2	 x11:0x00000000 x11=0x00000000
       11335000	      1034	8000315e	8d55	c.or	x10,x13	 x10:0x00000000 x13:0x00000000 x10=0x00000000
       11345000	      1035	80003160	53d9	c.li	x7,-10	  x7=0xfffffff6
       11355000	      1036	80003162	01a3d893	srli	x17,x7,0x1a	  x7:0xfffffff6 x17=0x0000003f
       11365000	      1037	80003166	d1af7493	andi	x9,x30,-742	 x30:0xfffffff1  x9=0xfffffd10
       11375000	      1038	8000316a	033e	c.slli	x6,0xf	  x6:0xffffffff  x6=0xffff8000
       11385000	      1039	8000316c	c1615697	auipc	x13,0xc1615	 x13=0x4161816c
       11395000	      1040	80003170	0e55	c.addi	x28,21	 x28:0x00000009 x28=0x0000001e
       11405000	      1041	80003172	1ce9	c.addi	x25,-6	 x25:0x00000008 x25=0x00000002
       11415000	      1042	80003174	011a4e33	xor	x28,x20,x17	 x20:0x1d6c0000 x17:0x0000003f x28=0x1d6c003f
       11425000	      1043	80003178	fe7c87e3	beq	x25,x7,80003166	 x25:0x00000002  x7:0xfffffff6
       11795000	      1080	8000317c	031242b3	div	x5,x4,x17	  x4:0x3f56808e x17:0x0000003f  x5=0x01015f80
       11805000	      1081	80003180	4c21	c.li	x24,8	 x24=0x00000008
       11815000	      1082	80003182	489d	c.li	x17,7	 x17=0x00000007
       11825000	      1083	80003184	015c31b3	sltu	x3,x24,x21	 x24:0x00000008 x21:0x00000009  x3=0x00000001
       11835000	      1084	80003188	01caf433	and	x8,x21,x28	 x21:0x00000009 x28:0x1d6c003f  x8=0x00000009
       11845000	      1085	8000318c	8a4d	c.andi	x12,19	 x12:0x00000000 x12=0x00000000
       11855000	      1086	8000318e	1c71	c.addi	x24,-4	 x24:0x00000008 x24=0x00000004
       11865000	      1087	80003190	0eee	c.slli	x29,0x1b	 x29:0x32800000 x29=0x00000000
       11875000	      1088	80003192	8de5	c.and	x11,x9	 x11:0x00000000  x9:0xfffffd10 x11=0x00000000
       11885000	      1089	80003194	402f5533	sra	x10,x30,x2	 x30:0xfffffff1  x2:0x80024e2c x10=0xffffffff
       11895000	      1090	80003198	d1dbbb13	sltiu	x22,x23,-739	 x23:0xfffffff5 x22=0x00000000
       11905000	      1091	8000319c	7be27993	andi	x19,x4,1982	  x4:0x3f56808e x19=0x0000008e
       11915000	      1092	800031a0	8db5	c.xor	x11,x13	 x11:0x00000000 x13:0x4161816c x11=0x4161816c
       11925000	      1093	800031a2	ff1c75e3	bgeu	x24,x17,8000318c	 x24:0x00000004 x17:0x00000007
       11935000	      1094	800031a6	bf7cb293	sltiu	x5,x25,-1033	 x25:0x00000002  x5=0x00000001
       11945000	      1095	800031aa	4591	c.li	x11,4	 x11=0x00000004
       11955000	      1096	800031ac	00559f13	slli	x30,x11,0x5	 x11:0x00000004 x30=0x00000080
       11965000	      1097	800031b0	8c71	c.and	x8,x12	  x8:0x00000009 x12:0x00000000  x8=0x00000000
       11975000	      1098	800031b2	0042e493	ori	x9,x5,4	  x5:0x00000001  x9=0x00000005
       11985000	      1099	800031b6	13fd	c.addi	x7,-1	  x7:0xfffffff6  x7=0xfffffff5
       11995000	      1100	800031b8	0001	c.addi	x0,0	  x0:0x00000000  x0=0x00000000
       12005000	      1101	800031ba	8d55	c.or	x10,x13	 x10:0xffffffff x13:0x4161816c x10=0xffffffff
       12015000	      1102	800031bc	9980cb93	xori	x23,x1,-1640	  x1:0x00000001 x23=0xfffff999
       12025000	      1103	800031c0	1c7d	c.addi	x24,-1	 x24:0x00000004 x24=0x00000003
       12035000	      1104	800031c2	15f9	c.addi	x11,-2	 x11:0x00000004 x11=0x00000002
       12045000	      1105	800031c4	4229	c.li	x4,10	  x4=0x0000000a
       12055000	      1106	800031c6	4715	c.li	x14,5	 x14=0x00000005
       12065000	      1107	800031c8	8e71	c.and	x12,x12	 x12:0x00000000 x12:0x00000000 x12=0x00000000
       12105000	      1111	800031ca	02b3a333	mulhsu	x6,x7,x11	  x7:0xfffffff5 x11:0x00000002  x6=0xffffffff
       12115000	      1112	800031ce	8e01	c.sub	x12,x8	 x12:0x00000000  x8:0x00000000 x12=0x00000000
       12125000	      1113	800031d0	126d	c.addi	x4,-5	  x4:0x0000000a  x4=0x00000005
       12135000	      1114	800031d2	0b22	c.slli	x22,0x8	 x22:0x00000000 x22=0x00000000
       12165000	      1117	800031d4	037b08b3	mul	x17,x22,x23	 x22:0x00000000 x23:0xfffff999 x17=0x00000000
       12175000	      1118	800031d8	fee20be3	beq	x4,x14,800031ce	  x4:0x00000005 x14:0x00000005
       12195000	      1120	800031ce	8e01	c.sub	x12,x8	 x12:0x00000000  x8:0x00000000 x12=0x00000000
       12205000	      1121	800031d0	126d	c.addi	x4,-5	  x4:0x00000005  x4=0x00000000
       12215000	      1122	800031d2	0b22	c.slli	x22,0x8	 x22:0x00000000 x22=0x00000000
       12245000	      1125	800031d4	037b08b3	mul	x17,x22,x23	 x22:0x00000000 x23:0xfffff999 x17=0x00000000
       12255000	      1126	800031d8	fee20be3	beq	x4,x14,800031ce	  x4:0x00000000 x14:0x00000005
       12265000	      1127	800031dc	0189d613	srli	x12,x19,0x18	 x19:0x0000008e x12=0x00000000
       12275000	      1128	800031e0	8d7d	c.and	x10,x15	 x10:0xffffffff x15:0x80028ce4 x10=0x80028ce4
       12285000	      1129	800031e2	00927eb3	and	x29,x4,x9	  x4:0x00000000  x9:0x00000005 x29=0x00000000
       12295000	      1130	800031e6	d9f9	c.beqz	x11,800031bc	 x11:0x00000002
       12305000	      1131	800031e8	8422	c.mv	x8,x8	  x0:0x00000000  x8:0x00000000  x8=0x00000000
       12315000	      1132	800031ea	4411	c.li	x8,4	  x8=0x00000004
       12325000	      1133	800031ec	9306	c.add	x6,x1	  x6:0xffffffff  x1:0x00000001  x6=0x00000000
       12335000	      1134	800031ee	4f0d	c.li	x30,3	 x30=0x00000003
       12345000	      1135	800031f0	1e0c	c.addi4spn	x11,x2,816	 x11=0x8002515c
       12355000	      1136	800031f2	147d	c.addi	x8,-1	  x8:0x00000004  x8=0x00000003
       12365000	      1137	800031f4	ffe47ee3	bgeu	x8,x30,800031f0	  x8:0x00000003 x30:0x00000003
       12385000	      1139	800031f0	1e0c	c.addi4spn	x11,x2,816	 x11=0x8002515c
       12395000	      1140	800031f2	147d	c.addi	x8,-1	  x8:0x00000003  x8=0x00000002
       12405000	      1141	800031f4	ffe47ee3	bgeu	x8,x30,800031f0	  x8:0x00000002 x30:0x00000003
       12775000	      1178	800031f8	032644b3	div	x9,x12,x18	 x12:0x00000000 x18:0xfffffff7  x9=0x00000000
       12785000	      1179	800031fc	5279	c.li	x4,-2	  x4=0xfffffffe
       12795000	      1180	800031fe	0b5d	c.addi	x22,23	 x22:0x00000000 x22=0x00000017
       12805000	      1181	80003200	0001	c.addi	x0,0	  x0:0x00000000  x0=0x00000000
       12815000	      1182	80003202	0001	c.addi	x0,0	  x0:0x00000000  x0=0x00000000
       13185000	      1219	80003204	033f65b3	rem	x11,x30,x19	 x30:0x00000003 x19:0x0000008e x11=0x00000003
       13195000	      1220	80003208	00089c13	slli	x24,x17,0x0	 x17:0x00000000 x24=0x00000000
       13235000	      1224	8000320c	0254af33	mulhsu	x30,x9,x5	  x9:0x00000000  x5:0x00000001 x30=0x00000000
       13245000	      1225	80003210	418a8cb3	sub	x25,x21,x24	 x21:0x00000009 x24:0x00000000 x25=0x00000009
       13255000	      1226	80003214	41555033	sra	x0,x10,x21	 x10:0x80028ce4 x21:0x00000009  x0=0x00000000
       13265000	      1227	80003218	4389	c.li	x7,2	  x7=0x00000002
       13285000	      1229	8000321a	02cc6bb3	rem	x23,x24,x12	 x24:0x00000000 x12:0x00000000 x23=0x00000000
       13295000	      1230	8000321e	0001	c.addi	x0,0	  x0:0x00000000  x0=0x00000000
       13305000	      1231	80003220	40b50733	sub	x14,x10,x11	 x10:0x80028ce4 x11:0x00000003 x14=0x80028ce1
       13315000	      1232	80003224	01ff20b3	slt	x1,x30,x31	 x30:0x00000000 x31:0x00000001  x1=0x00000001
       13325000	      1233	80003228	0037fdb3	and	x27,x15,x3	 x15:0x80028ce4  x3:0x00000001 x27=0x00000000
       13335000	      1234	8000322c	00014f33	xor	x30,x2,x0	  x2:0x80024e2c  x0:0x00000000 x30=0x80024e2c
       13345000	      1235	80003230	0229	c.addi	x4,10	  x4:0xfffffffe  x4=0x00000008
       13385000	      1239	80003232	02ddb933	mulhu	x18,x27,x13	 x27:0x00000000 x13:0x4161816c x18=0x00000000
       13395000	      1240	80003236	0000100f	fence.i	
       13415000	      1242	8000323a	8d01	c.sub	x10,x8	 x10:0x80028ce4  x8:0x00000002 x10=0x80028ce2
       13455000	      1246	8000323c	0245bdb3	mulhu	x27,x11,x4	 x11:0x00000003  x4:0x00000008 x27=0x00000000
       13465000	      1247	80003240	8b55	c.andi	x14,21	 x14:0x80028ce1 x14=0x00000001
       13475000	      1248	80003242	e3f9c693	xori	x13,x19,-449	 x19:0x0000008e x13=0xfffffeb1
       13485000	      1249	80003246	fc724fe3	blt	x4,x7,80003224	  x4:0x00000008  x7:0x00000002
       13495000	      1250	8000324a	2df4ff93	andi	x31,x9,735	  x9:0x00000000 x31=0x00000000
       13505000	      1251	8000324e	5561	c.li	x10,-8	 x10=0xfffffff8
       13515000	      1252	80003250	66bd	c.lui	x13,0xf	 x13=0x0000f000
       13525000	      1253	80003252	01ab5713	srli	x14,x22,0x1a	 x22:0x00000017 x14=0x00000000
       13535000	      1254	80003256	59f9	c.li	x19,-2	 x19=0xfffffffe
       13545000	      1255	80003258	014a0b33	add	x22,x20,x20	 x20:0x1d6c0000 x20:0x1d6c0000 x22=0x3ad80000
       13555000	      1256	8000325c	0001	c.addi	x0,0	  x0:0x00000000  x0=0x00000000
       13565000	      1257	8000325e	6757c813	xori	x16,x15,1653	 x15:0x80028ce4 x16=0x80028a91
       13575000	      1258	80003262	0509	c.addi	x10,2	 x10:0xfffffff8 x10=0xfffffffa
       13585000	      1259	80003264	01a12cb3	slt	x25,x2,x26	  x2:0x80024e2c x26:0x00000000 x25=0x00000001
       13625000	      1263	80003268	03f23eb3	mulhu	x29,x4,x31	  x4:0x00000008 x31:0x00000000 x29=0x00000000
       13635000	      1264	8000326c	00e52cb3	slt	x25,x10,x14	 x10:0xfffffffa x14:0x00000000 x25=0x00000001
       13645000	      1265	80003270	ff3546e3	blt	x10,x19,8000325c	 x10:0xfffffffa x19:0xfffffffe
       13665000	      1267	8000325c	0001	c.addi	x0,0	  x0:0x00000000  x0=0x00000000
       13675000	      1268	8000325e	6757c813	xori	x16,x15,1653	 x15:0x80028ce4 x16=0x80028a91
       13685000	      1269	80003262	0509	c.addi	x10,2	 x10:0xfffffffa x10=0xfffffffc
       13695000	      1270	80003264	01a12cb3	slt	x25,x2,x26	  x2:0x80024e2c x26:0x00000000 x25=0x00000001
       13735000	      1274	80003268	03f23eb3	mulhu	x29,x4,x31	  x4:0x00000008 x31:0x00000000 x29=0x00000000
       13745000	      1275	8000326c	00e52cb3	slt	x25,x10,x14	 x10:0xfffffffc x14:0x00000000 x25=0x00000001
       13755000	      1276	80003270	ff3546e3	blt	x10,x19,8000325c	 x10:0xfffffffc x19:0xfffffffe
       13775000	      1278	8000325c	0001	c.addi	x0,0	  x0:0x00000000  x0=0x00000000
       13785000	      1279	8000325e	6757c813	xori	x16,x15,1653	 x15:0x80028ce4 x16=0x80028a91
       13795000	      1280	80003262	0509	c.addi	x10,2	 x10:0xfffffffc x10=0xfffffffe
       13805000	      1281	80003264	01a12cb3	slt	x25,x2,x26	  x2:0x80024e2c x26:0x00000000 x25=0x00000001
       13845000	      1285	80003268	03f23eb3	mulhu	x29,x4,x31	  x4:0x00000008 x31:0x00000000 x29=0x00000000
       13855000	      1286	8000326c	00e52cb3	slt	x25,x10,x14	 x10:0xfffffffe x14:0x00000000 x25=0x00000001
       13865000	      1287	80003270	ff3546e3	blt	x10,x19,8000325c	 x10:0xfffffffe x19:0xfffffffe
       13875000	      1288	80003274	00680db3	add	x27,x16,x6	 x16:0x80028a91  x6:0x00000000 x27=0x80028a91
       13885000	      1289	80003278	5461	c.li	x8,-8	  x8=0xfffffff8
       13895000	      1290	8000327a	07809817	auipc	x16,0x7809	 x16=0x8780c27a
       13905000	      1291	8000327e	85e1	c.srai	x11,0x18	 x11:0x00000003 x11=0x00000000
       13915000	      1292	80003280	8d65	c.and	x10,x9	 x10:0xfffffffe  x9:0x00000000 x10=0x00000000
       13925000	      1293	80003282	0001	c.addi	x0,0	  x0:0x00000000  x0=0x00000000
       13935000	      1294	80003284	16fd	c.addi	x13,-1	 x13:0x0000f000 x13=0x0000efff
       13945000	      1295	80003286	8ef5	c.and	x13,x13	 x13:0x0000efff x13:0x0000efff x13=0x0000efff
       13955000	      1296	80003288	010a4c33	xor	x24,x20,x16	 x20:0x1d6c0000 x16:0x8780c27a x24=0x9aecc27a
       13965000	      1297	8000328c	40598333	sub	x6,x19,x5	 x19:0xfffffffe  x5:0x00000001  x6=0xfffffffd
       13975000	      1298	80003290	9afd	c.andi	x13,-1	 x13:0x0000efff x13=0x0000efff
       13985000	      1299	80003292	0421	c.addi	x8,8	  x8:0xfffffff8  x8=0x00000000
       13995000	      1300	80003294	00c82933	slt	x18,x16,x12	 x16:0x8780c27a x12:0x00000000 x18=0x00000001
       14015000	      1302	80003298	02cec6b3	div	x13,x29,x12	 x29:0x00000000 x12:0x00000000 x13=0xffffffff
       14025000	      1303	8000329c	8816	c.mv	x16,x5	  x0:0x00000000  x5:0x00000001 x16=0x00000001
       14035000	      1304	8000329e	4d8d	c.li	x27,3	 x27=0x00000003
       14045000	      1305	800032a0	0192bd33	sltu	x26,x5,x25	  x5:0x00000001 x25:0x00000001 x26=0x00000000
       14055000	      1306	800032a4	4ec5	c.li	x29,17	 x29=0x00000011
       14065000	      1307	800032a6	00394533	xor	x10,x18,x3	 x18:0x00000001  x3:0x00000001 x10=0x00000000
       14435000	      1344	800032aa	023b6d33	rem	x26,x22,x3	 x22:0x3ad80000  x3:0x00000001 x26=0x00000000
       14445000	      1345	800032ae	0c8c	c.addi4spn	x11,x2,592	 x11=0x8002507c
       14455000	      1346	800032b0	0da9	c.addi	x27,10	 x27:0x00000003 x27=0x0000000d
       14465000	      1347	800032b2	d3e43393	sltiu	x7,x8,-706	  x8:0x00000000  x7=0x00000001
       14475000	      1348	800032b6	5c8aaf13	slti	x30,x21,1480	 x21:0x00000009 x30=0x00000001
       14485000	      1349	800032ba	ffddeae3	bltu	x27,x29,800032ae	 x27:0x0000000d x29:0x00000011
       14505000	      1351	800032ae	0c8c	c.addi4spn	x11,x2,592	 x11=0x8002507c
       14515000	      1352	800032b0	0da9	c.addi	x27,10	 x27:0x0000000d x27=0x00000017
       14525000	      1353	800032b2	d3e43393	sltiu	x7,x8,-706	  x8:0x00000000  x7=0x00000001
       14535000	      1354	800032b6	5c8aaf13	slti	x30,x21,1480	 x21:0x00000009 x30=0x00000001
       14545000	      1355	800032ba	ffddeae3	bltu	x27,x29,800032ae	 x27:0x00000017 x29:0x00000011
       14555000	      1356	800032be	f9263093	sltiu	x1,x12,-110	 x12:0x00000000  x1=0x00000001
       14565000	      1357	800032c2	d071	c.beqz	x8,80003286	  x8:0x00000000
       14585000	      1359	80003286	8ef5	c.and	x13,x13	 x13:0xffffffff x13:0xffffffff x13=0xffffffff
       14595000	      1360	80003288	010a4c33	xor	x24,x20,x16	 x20:0x1d6c0000 x16:0x00000001 x24=0x1d6c0001
       14605000	      1361	8000328c	40598333	sub	x6,x19,x5	 x19:0xfffffffe  x5:0x00000001  x6=0xfffffffd
       14615000	      1362	80003290	9afd	c.andi	x13,-1	 x13:0xffffffff x13=0xffffffff
       14625000	      1363	80003292	0421	c.addi	x8,8	  x8:0x00000000  x8=0x00000008
       14635000	      1364	80003294	00c82933	slt	x18,x16,x12	 x16:0x00000001 x12:0x00000000 x18=0x00000000
       14655000	      1366	80003298	02cec6b3	div	x13,x29,x12	 x29:0x00000011 x12:0x00000000 x13=0xffffffff
       14665000	      1367	8000329c	8816	c.mv	x16,x5	  x0:0x00000000  x5:0x00000001 x16=0x00000001
       14675000	      1368	8000329e	4d8d	c.li	x27,3	 x27=0x00000003
       14685000	      1369	800032a0	0192bd33	sltu	x26,x5,x25	  x5:0x00000001 x25:0x00000001 x26=0x00000000
       14695000	      1370	800032a4	4ec5	c.li	x29,17	 x29=0x00000011
       14705000	      1371	800032a6	00394533	xor	x10,x18,x3	 x18:0x00000000  x3:0x00000001 x10=0x00000001
       15075000	      1408	800032aa	023b6d33	rem	x26,x22,x3	 x22:0x3ad80000  x3:0x00000001 x26=0x00000000
       15085000	      1409	800032ae	0c8c	c.addi4spn	x11,x2,592	 x11=0x8002507c
       15095000	      1410	800032b0	0da9	c.addi	x27,10	 x27:0x00000003 x27=0x0000000d
       15105000	      1411	800032b2	d3e43393	sltiu	x7,x8,-706	  x8:0x00000008  x7=0x00000001
       15115000	      1412	800032b6	5c8aaf13	slti	x30,x21,1480	 x21:0x00000009 x30=0x00000001
       15125000	      1413	800032ba	ffddeae3	bltu	x27,x29,800032ae	 x27:0x0000000d x29:0x00000011
       15145000	      1415	800032ae	0c8c	c.addi4spn	x11,x2,592	 x11=0x8002507c
       15155000	      1416	800032b0	0da9	c.addi	x27,10	 x27:0x0000000d x27=0x00000017
       15165000	      1417	800032b2	d3e43393	sltiu	x7,x8,-706	  x8:0x00000008  x7=0x00000001
       15175000	      1418	800032b6	5c8aaf13	slti	x30,x21,1480	 x21:0x00000009 x30=0x00000001
       15185000	      1419	800032ba	ffddeae3	bltu	x27,x29,800032ae	 x27:0x00000017 x29:0x00000011
       15195000	      1420	800032be	f9263093	sltiu	x1,x12,-110	 x12:0x00000000  x1=0x00000001
       15205000	      1421	800032c2	d071	c.beqz	x8,80003286	  x8:0x00000008
       15215000	      1422	800032c4	41d85633	sra	x12,x16,x29	 x16:0x00000001 x29:0x00000011 x12=0x00000000
       15225000	      1423	800032c8	4b09	c.li	x22,2	 x22=0x00000002
       15235000	      1424	800032ca	01468eb3	add	x29,x13,x20	 x13:0xffffffff x20:0x1d6c0000 x29=0x1d6bffff
       15245000	      1425	800032ce	59610c93	addi	x25,x2,1430	  x2:0x80024e2c x25=0x800253c2
       15255000	      1426	800032d2	5255	c.li	x4,-11	  x4=0xfffffff5
       15295000	      1430	800032d4	030234b3	mulhu	x9,x4,x16	  x4:0xfffffff5 x16:0x00000001  x9=0x00000000
       15305000	      1431	800032d8	8ecd	c.or	x13,x11	 x13:0xffffffff x11:0x8002507c x13=0xffffffff
       15315000	      1432	800032da	8e21	c.xor	x12,x8	 x12:0x00000000  x8:0x00000008 x12=0x00000008
       15325000	      1433	800032dc	1b69	c.addi	x22,-6	 x22:0x00000002 x22=0xfffffffc
       15335000	      1434	800032de	0175d033	srl	x0,x11,x23	 x11:0x8002507c x23:0x00000000  x0=0x00000000
       15345000	      1435	800032e2	4d19	c.li	x26,6	 x26=0x00000006
       15355000	      1436	800032e4	29fb0cb7	lui	x25,0x29fb0	 x25=0x29fb0000
       15365000	      1437	800032e8	01d44333	xor	x6,x8,x29	  x8:0x00000008 x29:0x1d6bffff  x6=0x1d6bfff7
       15375000	      1438	800032ec	5f69	c.li	x30,-6	 x30=0xfffffffa
       15385000	      1439	800032ee	0001	c.addi	x0,0	  x0:0x00000000  x0=0x00000000
       15395000	      1440	800032f0	41b95093	srai	x1,x18,0x1b	 x18:0x00000000  x1=0x00000000
       15765000	      1477	800032f4	035dc333	div	x6,x27,x21	 x27:0x00000017 x21:0x00000009  x6=0x00000002
       15775000	      1478	800032f8	094d	c.addi	x18,19	 x18:0x00000000 x18=0x00000013
       15785000	      1479	800032fa	0dda	c.slli	x27,0x16	 x27:0x00000017 x27=0x05c00000
       15795000	      1480	800032fc	1d7d	c.addi	x26,-1	 x26:0x00000006 x26=0x00000005
       15805000	      1481	800032fe	8d75	c.and	x10,x13	 x10:0x00000001 x13:0xffffffff x10=0x00000001
       15815000	      1482	80003300	8de1	c.and	x11,x8	 x11:0x8002507c  x8:0x00000008 x11=0x00000008
       15825000	      1483	80003302	ffed09e3	beq	x26,x30,800032f4	 x26:0x00000005 x30:0xfffffffa
       15835000	      1484	80003306	fc4b57e3	bge	x22,x4,800032d4	 x22:0xfffffffc  x4:0xfffffff5
       15885000	      1489	800032d4	030234b3	mulhu	x9,x4,x16	  x4:0xfffffff5 x16:0x00000001  x9=0x00000000
       15895000	      1490	800032d8	8ecd	c.or	x13,x11	 x13:0xffffffff x11:0x00000008 x13=0xffffffff
       15905000	      1491	800032da	8e21	c.xor	x12,x8	 x12:0x00000008  x8:0x00000008 x12=0x00000000
       15915000	      1492	800032dc	1b69	c.addi	x22,-6	 x22:0xfffffffc x22=0xfffffff6
       15925000	      1493	800032de	0175d033	srl	x0,x11,x23	 x11:0x00000008 x23:0x00000000  x0=0x00000000
       15935000	      1494	800032e2	4d19	c.li	x26,6	 x26=0x00000006
       15945000	      1495	800032e4	29fb0cb7	lui	x25,0x29fb0	 x25=0x29fb0000
       15955000	      1496	800032e8	01d44333	xor	x6,x8,x29	  x8:0x00000008 x29:0x1d6bffff  x6=0x1d6bfff7
       15965000	      1497	800032ec	5f69	c.li	x30,-6	 x30=0xfffffffa
       15975000	      1498	800032ee	0001	c.addi	x0,0	  x0:0x00000000  x0=0x00000000
       15985000	      1499	800032f0	41b95093	srai	x1,x18,0x1b	 x18:0x00000013  x1=0x00000000
       16355000	      1536	800032f4	035dc333	div	x6,x27,x21	 x27:0x05c00000 x21:0x00000009  x6=0x00a38e38
       16365000	      1537	800032f8	094d	c.addi	x18,19	 x18:0x00000013 x18=0x00000026
       16375000	      1538	800032fa	0dda	c.slli	x27,0x16	 x27:0x05c00000 x27=0x00000000
       16385000	      1539	800032fc	1d7d	c.addi	x26,-1	 x26:0x00000006 x26=0x00000005
       16395000	      1540	800032fe	8d75	c.and	x10,x13	 x10:0x00000001 x13:0xffffffff x10=0x00000001
       16405000	      1541	80003300	8de1	c.and	x11,x8	 x11:0x00000008  x8:0x00000008 x11=0x00000008
       16415000	      1542	80003302	ffed09e3	beq	x26,x30,800032f4	 x26:0x00000005 x30:0xfffffffa
       16425000	      1543	80003306	fc4b57e3	bge	x22,x4,800032d4	 x22:0xfffffff6  x4:0xfffffff5
       16475000	      1548	800032d4	030234b3	mulhu	x9,x4,x16	  x4:0xfffffff5 x16:0x00000001  x9=0x00000000
       16485000	      1549	800032d8	8ecd	c.or	x13,x11	 x13:0xffffffff x11:0x00000008 x13=0xffffffff
       16495000	      1550	800032da	8e21	c.xor	x12,x8	 x12:0x00000000  x8:0x00000008 x12=0x00000008
       16505000	      1551	800032dc	1b69	c.addi	x22,-6	 x22:0xfffffff6 x22=0xfffffff0
       16515000	      1552	800032de	0175d033	srl	x0,x11,x23	 x11:0x00000008 x23:0x00000000  x0=0x00000000
       16525000	      1553	800032e2	4d19	c.li	x26,6	 x26=0x00000006
       16535000	      1554	800032e4	29fb0cb7	lui	x25,0x29fb0	 x25=0x29fb0000
       16545000	      1555	800032e8	01d44333	xor	x6,x8,x29	  x8:0x00000008 x29:0x1d6bffff  x6=0x1d6bfff7
       16555000	      1556	800032ec	5f69	c.li	x30,-6	 x30=0xfffffffa
       16565000	      1557	800032ee	0001	c.addi	x0,0	  x0:0x00000000  x0=0x00000000
       16575000	      1558	800032f0	41b95093	srai	x1,x18,0x1b	 x18:0x00000026  x1=0x00000000
       16945000	      1595	800032f4	035dc333	div	x6,x27,x21	 x27:0x00000000 x21:0x00000009  x6=0x00000000
       16955000	      1596	800032f8	094d	c.addi	x18,19	 x18:0x00000026 x18=0x00000039
       16965000	      1597	800032fa	0dda	c.slli	x27,0x16	 x27:0x00000000 x27=0x00000000
       16975000	      1598	800032fc	1d7d	c.addi	x26,-1	 x26:0x00000006 x26=0x00000005
       16985000	      1599	800032fe	8d75	c.and	x10,x13	 x10:0x00000001 x13:0xffffffff x10=0x00000001
       16995000	      1600	80003300	8de1	c.and	x11,x8	 x11:0x00000008  x8:0x00000008 x11=0x00000008
       17005000	      1601	80003302	ffed09e3	beq	x26,x30,800032f4	 x26:0x00000005 x30:0xfffffffa
       17015000	      1602	80003306	fc4b57e3	bge	x22,x4,800032d4	 x22:0xfffffff0  x4:0xfffffff5
       17025000	      1603	8000330a	0001	c.addi	x0,0	  x0:0x00000000  x0=0x00000000
       17035000	      1604	8000330c	5761	c.li	x14,-8	 x14=0xfffffff8
       17045000	      1605	8000330e	1f8da313	slti	x6,x27,504	 x27:0x00000000  x6=0x00000001
       17055000	      1606	80003312	6d0acc13	xori	x24,x21,1744	 x21:0x00000009 x24=0x000006d9
       17065000	      1607	80003316	e1ba5517	auipc	x10,0xe1ba5	 x10=0x61ba8316
       17075000	      1608	8000331a	68e5	c.lui	x17,0x19	 x17=0x00019000
       17445000	      1645	8000331c	03c1c2b3	div	x5,x3,x28	  x3:0x00000001 x28:0x1d6c003f  x5=0x00000000
       17455000	      1646	80003320	8cb5	c.xor	x9,x13	  x9:0x00000000 x13:0xffffffff  x9=0xffffffff
       17465000	      1647	80003322	01b41e13	slli	x28,x8,0x1b	  x8:0x00000008 x28=0x40000000
       17485000	      1649	80003326	02107233	remu	x4,x0,x1	  x0:0x00000000  x1:0x00000000  x4=0x00000000
       17495000	      1650	8000332a	0001	c.addi	x0,0	  x0:0x00000000  x0=0x00000000
       17505000	      1651	8000332c	019de3b3	or	x7,x27,x25	 x27:0x00000000 x25:0x29fb0000  x7=0x29fb0000
       17515000	      1652	80003330	0c770913	addi	x18,x14,199	 x14:0xfffffff8 x18=0x000000bf
       17525000	      1653	80003334	ba88c2b7	lui	x5,0xba88c	  x5=0xba88c000
       17535000	      1654	80003338	41ab00b3	sub	x1,x22,x26	 x22:0xfffffff0 x26:0x00000005  x1=0xffffffeb
       17545000	      1655	8000333c	8cd9	c.or	x9,x14	  x9:0xffffffff x14:0xfffffff8  x9=0xffffffff
       17555000	      1656	8000333e	0711	c.addi	x14,4	 x14:0xfffffff8 x14=0xfffffffc
       17565000	      1657	80003340	0ff0000f	fence	iorw,iorw	
       17575000	      1658	80003344	80084fb7	lui	x31,0x80084	 x31=0x80084000
       17585000	      1659	80003348	ad24b813	sltiu	x16,x9,-1326	  x9:0xffffffff x16=0x00000000
       17595000	      1660	8000334c	8c31	c.xor	x8,x12	  x8:0x00000008 x12:0x00000008  x8=0x00000000
       17605000	      1661	8000334e	0136fd33	and	x26,x13,x19	 x13:0xffffffff x19:0xfffffffe x26=0xfffffffe
       17615000	      1662	80003352	00519233	sll	x4,x3,x5	  x3:0x00000001  x5:0xba88c000  x4=0x00000001
       17625000	      1663	80003356	8cc9	c.or	x9,x10	  x9:0xffffffff x10:0x61ba8316  x9=0xffffffff
       17635000	      1664	80003358	4759fd13	andi	x26,x19,1141	 x19:0xfffffffe x26=0x00000474
       17645000	      1665	8000335c	d365	c.beqz	x14,8000333c	 x14:0xfffffffc
       17655000	      1666	8000335e	41a8deb3	sra	x29,x17,x26	 x17:0x00019000 x26:0x00000474 x29=0x00000000
       17665000	      1667	80003362	5761	c.li	x14,-8	 x14=0xfffffff8
       17675000	      1668	80003364	0000100f	fence.i	
       17695000	      1670	80003368	644d	c.lui	x8,0x13	  x8=0x00013000
       17705000	      1671	8000336a	0001	c.addi	x0,0	  x0:0x00000000  x0=0x00000000
       17715000	      1672	8000336c	04fe	c.slli	x9,0x1f	  x9:0xffffffff  x9=0x80000000
       17725000	      1673	8000336e	9eb6	c.add	x29,x13	 x29:0x00000000 x13:0xffffffff x29=0xffffffff
       17735000	      1674	80003370	0001	c.addi	x0,0	  x0:0x00000000  x0=0x00000000
       17745000	      1675	80003372	0001	c.addi	x0,0	  x0:0x00000000  x0=0x00000000
       17755000	      1676	80003374	0001	c.addi	x0,0	  x0:0x00000000  x0=0x00000000
       17765000	      1677	80003376	8c5a	c.mv	x24,x22	  x0:0x00000000 x22:0xfffffff0 x24=0xfffffff0
       17775000	      1678	80003378	0000100f	fence.i	
       17795000	      1680	8000337c	0001	c.addi	x0,0	  x0:0x00000000  x0=0x00000000
       17805000	      1681	8000337e	0173d4b3	srl	x9,x7,x23	  x7:0x29fb0000 x23:0x00000000  x9=0x29fb0000
       17815000	      1682	80003382	01348bb3	add	x23,x9,x19	  x9:0x29fb0000 x19:0xfffffffe x23=0x29fafffe
       17825000	      1683	80003386	0001	c.addi	x0,0	  x0:0x00000000  x0=0x00000000
       17835000	      1684	80003388	6351	c.lui	x6,0x14	  x6=0x00014000
       17845000	      1685	8000338a	0100bc33	sltu	x24,x1,x16	  x1:0xffffffeb x16:0x00000000 x24=0x00000000
       17855000	      1686	8000338e	00d17f33	and	x30,x2,x13	  x2:0x80024e2c x13:0xffffffff x30=0x80024e2c
       17865000	      1687	80003392	0711	c.addi	x14,4	 x14:0xfffffff8 x14=0xfffffffc
       17875000	      1688	80003394	004051b3	srl	x3,x0,x4	  x0:0x00000000  x4:0x00000001  x3=0x00000000
       17905000	      1691	80003398	02cd0eb3	mul	x29,x26,x12	 x26:0x00000474 x12:0x00000008 x29=0x000023a0
       18275000	      1728	8000339c	03d65833	divu	x16,x12,x29	 x12:0x00000008 x29:0x000023a0 x16=0x00000000
       18285000	      1729	800033a0	987d	c.andi	x8,-1	  x8:0x00013000  x8=0x00013000
       18295000	      1730	800033a2	01b7da33	srl	x20,x15,x27	 x15:0x80028ce4 x27:0x00000000 x20=0x80028ce4
       18305000	      1731	800033a6	d375	c.beqz	x14,8000338a	 x14:0xfffffffc
       18315000	      1732	800033a8	8ac5	c.andi	x13,17	 x13:0xffffffff x13=0x00000011
       18325000	      1733	800033aa	5459	c.li	x8,-10	  x8=0xfffffff6
       18335000	      1734	800033ac	8ddd	c.or	x11,x15	 x11:0x00000008 x15:0x80028ce4 x11=0x80028cec
       18345000	      1735	800033ae	4b29	c.li	x22,10	 x22=0x0000000a
       18355000	      1736	800033b0	957e1197	auipc	x3,0x957e1	  x3=0x157e43b0
       18365000	      1737	800033b4	0ea6	c.slli	x29,0x9	 x29:0x000023a0 x29=0x00474000
       18375000	      1738	800033b6	0411	c.addi	x8,4	  x8:0xfffffff6  x8=0xfffffffa
       18385000	      1739	800033b8	011c1713	slli	x14,x24,0x11	 x24:0x00000000 x14=0x00000000
       18395000	      1740	800033bc	5cf1	c.li	x25,-4	 x25=0xfffffffc
       18405000	      1741	800033be	0034c4b3	xor	x9,x9,x3	  x9:0x29fb0000  x3:0x157e43b0  x9=0x3c8543b0
       18415000	      1742	800033c2	5bc1	c.li	x23,-16	 x23=0xfffffff0
       18425000	      1743	800033c4	0000100f	fence.i	
       18445000	      1745	800033c8	9f42	c.add	x30,x16	 x30:0x80024e2c x16:0x00000000 x30=0x80024e2c
       18455000	      1746	800033ca	11fd	c.addi	x3,-1	  x3:0x157e43b0  x3=0x157e43af
       18465000	      1747	800033cc	73577093	andi	x1,x14,1845	 x14:0x00000000  x1=0x00000000
       18475000	      1748	800033d0	8b3fe393	ori	x7,x31,-1869	 x31:0x80084000  x7=0xfffff8b3
       18485000	      1749	800033d4	1ce9	c.addi	x25,-6	 x25:0xfffffffc x25=0xfffffff6
       18495000	      1750	800033d6	ff7c8de3	beq	x25,x23,800033d0	 x25:0xfffffff6 x23:0xfffffff0
       18865000	      1787	800033da	026746b3	div	x13,x14,x6	 x14:0x00000000  x6:0x00014000 x13=0x00000000
       18875000	      1788	800033de	fd6419e3	bne	x8,x22,800033b0	  x8:0xfffffffa x22:0x0000000a
       18895000	      1790	800033b0	957e1197	auipc	x3,0x957e1	  x3=0x157e43b0
       18905000	      1791	800033b4	0ea6	c.slli	x29,0x9	 x29:0x00474000 x29=0x8e800000
       18915000	      1792	800033b6	0411	c.addi	x8,4	  x8:0xfffffffa  x8=0xfffffffe
       18925000	      1793	800033b8	011c1713	slli	x14,x24,0x11	 x24:0x00000000 x14=0x00000000
       18935000	      1794	800033bc	5cf1	c.li	x25,-4	 x25=0xfffffffc
       18945000	      1795	800033be	0034c4b3	xor	x9,x9,x3	  x9:0x3c8543b0  x3:0x157e43b0  x9=0x29fb0000
       18955000	      1796	800033c2	5bc1	c.li	x23,-16	 x23=0xfffffff0
       18965000	      1797	800033c4	0000100f	fence.i	
       18985000	      1799	800033c8	9f42	c.add	x30,x16	 x30:0x80024e2c x16:0x00000000 x30=0x80024e2c
       18995000	      1800	800033ca	11fd	c.addi	x3,-1	  x3:0x157e43b0  x3=0x157e43af
       19005000	      1801	800033cc	73577093	andi	x1,x14,1845	 x14:0x00000000  x1=0x00000000
       19015000	      1802	800033d0	8b3fe393	ori	x7,x31,-1869	 x31:0x80084000  x7=0xfffff8b3
       19025000	      1803	800033d4	1ce9	c.addi	x25,-6	 x25:0xfffffffc x25=0xfffffff6
       19035000	      1804	800033d6	ff7c8de3	beq	x25,x23,800033d0	 x25:0xfffffff6 x23:0xfffffff0
       19405000	      1841	800033da	026746b3	div	x13,x14,x6	 x14:0x00000000  x6:0x00014000 x13=0x00000000
       19415000	      1842	800033de	fd6419e3	bne	x8,x22,800033b0	  x8:0xfffffffe x22:0x0000000a
       19435000	      1844	800033b0	957e1197	auipc	x3,0x957e1	  x3=0x157e43b0
       19445000	      1845	800033b4	0ea6	c.slli	x29,0x9	 x29:0x8e800000 x29=0x00000000
       19455000	      1846	800033b6	0411	c.addi	x8,4	  x8:0xfffffffe  x8=0x00000002
       19465000	      1847	800033b8	011c1713	slli	x14,x24,0x11	 x24:0x00000000 x14=0x00000000
       19475000	      1848	800033bc	5cf1	c.li	x25,-4	 x25=0xfffffffc
       19485000	      1849	800033be	0034c4b3	xor	x9,x9,x3	  x9:0x29fb0000  x3:0x157e43b0  x9=0x3c8543b0
       19495000	      1850	800033c2	5bc1	c.li	x23,-16	 x23=0xfffffff0
       19505000	      1851	800033c4	0000100f	fence.i	
       19525000	      1853	800033c8	9f42	c.add	x30,x16	 x30:0x80024e2c x16:0x00000000 x30=0x80024e2c
       19535000	      1854	800033ca	11fd	c.addi	x3,-1	  x3:0x157e43b0  x3=0x157e43af
       19545000	      1855	800033cc	73577093	andi	x1,x14,1845	 x14:0x00000000  x1=0x00000000
       19555000	      1856	800033d0	8b3fe393	ori	x7,x31,-1869	 x31:0x80084000  x7=0xfffff8b3
       19565000	      1857	800033d4	1ce9	c.addi	x25,-6	 x25:0xfffffffc x25=0xfffffff6
       19575000	      1858	800033d6	ff7c8de3	beq	x25,x23,800033d0	 x25:0xfffffff6 x23:0xfffffff0
       19945000	      1895	800033da	026746b3	div	x13,x14,x6	 x14:0x00000000  x6:0x00014000 x13=0x00000000
       19955000	      1896	800033de	fd6419e3	bne	x8,x22,800033b0	  x8:0x00000002 x22:0x0000000a
       19975000	      1898	800033b0	957e1197	auipc	x3,0x957e1	  x3=0x157e43b0
       19985000	      1899	800033b4	0ea6	c.slli	x29,0x9	 x29:0x00000000 x29=0x00000000
       19995000	      1900	800033b6	0411	c.addi	x8,4	  x8:0x00000002  x8=0x00000006
       20005000	      1901	800033b8	011c1713	slli	x14,x24,0x11	 x24:0x00000000 x14=0x00000000
       20015000	      1902	800033bc	5cf1	c.li	x25,-4	 x25=0xfffffffc
       20025000	      1903	800033be	0034c4b3	xor	x9,x9,x3	  x9:0x3c8543b0  x3:0x157e43b0  x9=0x29fb0000
       20035000	      1904	800033c2	5bc1	c.li	x23,-16	 x23=0xfffffff0
       20045000	      1905	800033c4	0000100f	fence.i	
       20065000	      1907	800033c8	9f42	c.add	x30,x16	 x30:0x80024e2c x16:0x00000000 x30=0x80024e2c
       20075000	      1908	800033ca	11fd	c.addi	x3,-1	  x3:0x157e43b0  x3=0x157e43af
       20085000	      1909	800033cc	73577093	andi	x1,x14,1845	 x14:0x00000000  x1=0x00000000
       20095000	      1910	800033d0	8b3fe393	ori	x7,x31,-1869	 x31:0x80084000  x7=0xfffff8b3
       20105000	      1911	800033d4	1ce9	c.addi	x25,-6	 x25:0xfffffffc x25=0xfffffff6
       20115000	      1912	800033d6	ff7c8de3	beq	x25,x23,800033d0	 x25:0xfffffff6 x23:0xfffffff0
       20485000	      1949	800033da	026746b3	div	x13,x14,x6	 x14:0x00000000  x6:0x00014000 x13=0x00000000
       20495000	      1950	800033de	fd6419e3	bne	x8,x22,800033b0	  x8:0x00000006 x22:0x0000000a
       20515000	      1952	800033b0	957e1197	auipc	x3,0x957e1	  x3=0x157e43b0
       20525000	      1953	800033b4	0ea6	c.slli	x29,0x9	 x29:0x00000000 x29=0x00000000
       20535000	      1954	800033b6	0411	c.addi	x8,4	  x8:0x00000006  x8=0x0000000a
       20545000	      1955	800033b8	011c1713	slli	x14,x24,0x11	 x24:0x00000000 x14=0x00000000
       20555000	      1956	800033bc	5cf1	c.li	x25,-4	 x25=0xfffffffc
       20565000	      1957	800033be	0034c4b3	xor	x9,x9,x3	  x9:0x29fb0000  x3:0x157e43b0  x9=0x3c8543b0
       20575000	      1958	800033c2	5bc1	c.li	x23,-16	 x23=0xfffffff0
       20585000	      1959	800033c4	0000100f	fence.i	
       20605000	      1961	800033c8	9f42	c.add	x30,x16	 x30:0x80024e2c x16:0x00000000 x30=0x80024e2c
       20615000	      1962	800033ca	11fd	c.addi	x3,-1	  x3:0x157e43b0  x3=0x157e43af
       20625000	      1963	800033cc	73577093	andi	x1,x14,1845	 x14:0x00000000  x1=0x00000000
       20635000	      1964	800033d0	8b3fe393	ori	x7,x31,-1869	 x31:0x80084000  x7=0xfffff8b3
       20645000	      1965	800033d4	1ce9	c.addi	x25,-6	 x25:0xfffffffc x25=0xfffffff6
       20655000	      1966	800033d6	ff7c8de3	beq	x25,x23,800033d0	 x25:0xfffffff6 x23:0xfffffff0
       21025000	      2003	800033da	026746b3	div	x13,x14,x6	 x14:0x00000000  x6:0x00014000 x13=0x00000000
       21035000	      2004	800033de	fd6419e3	bne	x8,x22,800033b0	  x8:0x0000000a x22:0x0000000a
       21045000	      2005	800033e2	517d6e93	ori	x29,x26,1303	 x26:0x00000474 x29=0x00000577
       21055000	      2006	800033e6	4f99	c.li	x31,6	 x31=0x00000006
       21065000	      2007	800033e8	949a	c.add	x9,x6	  x9:0x3c8543b0  x6:0x00014000  x9=0x3c8683b0
       21435000	      2044	800033ea	029fc433	div	x8,x31,x9	 x31:0x00000006  x9:0x3c8683b0  x8=0x00000000
       21475000	      2048	800033ee	02ab9833	mulh	x16,x23,x10	 x23:0xfffffff0 x10:0x61ba8316 x16=0xfffffff9
       21485000	      2049	800033f2	417c5433	sra	x8,x24,x23	 x24:0x00000000 x23:0xfffffff0  x8=0x00000000
       21495000	      2050	800033f6	4291	c.li	x5,4	  x5=0x00000004
       21505000	      2051	800033f8	0b76	c.slli	x22,0x1d	 x22:0x0000000a x22=0x40000000
       21515000	      2052	800033fa	88278813	addi	x16,x15,-1918	 x15:0x80028ce4 x16=0x80028566
       21525000	      2053	800033fe	ec23bb93	sltiu	x23,x7,-318	  x7:0xfffff8b3 x23=0x00000001
       21535000	      2054	80003402	2be08513	addi	x10,x1,702	  x1:0x00000000 x10=0x000002be
       21545000	      2055	80003406	8f6e	c.mv	x30,x27	  x0:0x00000000 x27:0x00000000 x30=0x00000000
       21555000	      2056	80003408	01d46bb3	or	x23,x8,x29	  x8:0x00000000 x29:0x00000577 x23=0x00000577
       21565000	      2057	8000340c	1ffd	c.addi	x31,-1	 x31:0x00000006 x31=0x00000005
       21935000	      2094	8000340e	02f0c5b3	div	x11,x1,x15	  x1:0x00000000 x15:0x80028ce4 x11=0x00000000
       22305000	      2131	80003412	03545433	divu	x8,x8,x21	  x8:0x00000000 x21:0x00000009  x8=0x00000000
       22675000	      2168	80003416	036fe833	rem	x16,x31,x22	 x31:0x00000005 x22:0x40000000 x16=0x00000005
       22685000	      2169	8000341a	7fe77193	andi	x3,x14,2046	 x14:0x00000000  x3=0x00000000
       22695000	      2170	8000341e	fe5ff5e3	bgeu	x31,x5,80003408	 x31:0x00000005  x5:0x00000004
       22715000	      2172	80003408	01d46bb3	or	x23,x8,x29	  x8:0x00000000 x29:0x00000577 x23=0x00000577
       22725000	      2173	8000340c	1ffd	c.addi	x31,-1	 x31:0x00000005 x31=0x00000004
       23095000	      2210	8000340e	02f0c5b3	div	x11,x1,x15	  x1:0x00000000 x15:0x80028ce4 x11=0x00000000
       23465000	      2247	80003412	03545433	divu	x8,x8,x21	  x8:0x00000000 x21:0x00000009  x8=0x00000000
       23835000	      2284	80003416	036fe833	rem	x16,x31,x22	 x31:0x00000004 x22:0x40000000 x16=0x00000004
       23845000	      2285	8000341a	7fe77193	andi	x3,x14,2046	 x14:0x00000000  x3=0x00000000
       23855000	      2286	8000341e	fe5ff5e3	bgeu	x31,x5,80003408	 x31:0x00000004  x5:0x00000004
       23875000	      2288	80003408	01d46bb3	or	x23,x8,x29	  x8:0x00000000 x29:0x00000577 x23=0x00000577
       23885000	      2289	8000340c	1ffd	c.addi	x31,-1	 x31:0x00000004 x31=0x00000003
       24255000	      2326	8000340e	02f0c5b3	div	x11,x1,x15	  x1:0x00000000 x15:0x80028ce4 x11=0x00000000
       24625000	      2363	80003412	03545433	divu	x8,x8,x21	  x8:0x00000000 x21:0x00000009  x8=0x00000000
       24995000	      2400	80003416	036fe833	rem	x16,x31,x22	 x31:0x00000003 x22:0x40000000 x16=0x00000003
       25005000	      2401	8000341a	7fe77193	andi	x3,x14,2046	 x14:0x00000000  x3=0x00000000
       25015000	      2402	8000341e	fe5ff5e3	bgeu	x31,x5,80003408	 x31:0x00000003  x5:0x00000004
       25025000	      2403	80003422	f77d4493	xori	x9,x26,-137	 x26:0x00000474  x9=0xfffffb03
       25035000	      2404	80003426	5e75	c.li	x28,-3	 x28=0xfffffffd
       25045000	      2405	80003428	8e31	c.xor	x12,x12	 x12:0x00000008 x12:0x00000008 x12=0x00000000
       25055000	      2406	8000342a	8c55f537	lui	x10,0x8c55f	 x10=0x8c55f000
       25065000	      2407	8000342e	45bd	c.li	x11,15	 x11=0x0000000f
       25075000	      2408	80003430	74434b97	auipc	x23,0x74434	 x23=0xf4437430
       25085000	      2409	80003434	8c7d	c.and	x8,x15	  x8:0x00000000 x15:0x80028ce4  x8=0x00000000
       25095000	      2410	80003436	0e21	c.addi	x28,8	 x28:0xfffffffd x28=0x00000005
       25115000	      2412	80003438	03e07833	remu	x16,x0,x30	  x0:0x00000000 x30:0x00000000 x16=0x00000000
       25125000	      2413	8000343c	4391	c.li	x7,4	  x7=0x00000004
       25135000	      2414	8000343e	4939	c.li	x18,14	 x18=0x0000000e
       25145000	      2415	80003440	88e5	c.andi	x9,25	  x9:0xfffffb03  x9=0x00000001
       25515000	      2452	80003442	0276e2b3	rem	x5,x13,x7	 x13:0x00000000  x7:0x00000004  x5=0x00000000
       25525000	      2453	80003446	8751	c.srai	x14,0x14	 x14:0x00000000 x14=0x00000000
       25535000	      2454	80003448	0385	c.addi	x7,1	  x7:0x00000004  x7=0x00000005
       25545000	      2455	8000344a	ff23ece3	bltu	x7,x18,80003442	  x7:0x00000005 x18:0x0000000e
       25935000	      2494	80003442	0276e2b3	rem	x5,x13,x7	 x13:0x00000000  x7:0x00000005  x5=0x00000000
       25945000	      2495	80003446	8751	c.srai	x14,0x14	 x14:0x00000000 x14=0x00000000
       25955000	      2496	80003448	0385	c.addi	x7,1	  x7:0x00000005  x7=0x00000006
       25965000	      2497	8000344a	ff23ece3	bltu	x7,x18,80003442	  x7:0x00000006 x18:0x0000000e
       26355000	      2536	80003442	0276e2b3	rem	x5,x13,x7	 x13:0x00000000  x7:0x00000006  x5=0x00000000
       26365000	      2537	80003446	8751	c.srai	x14,0x14	 x14:0x00000000 x14=0x00000000
       26375000	      2538	80003448	0385	c.addi	x7,1	  x7:0x00000006  x7=0x00000007
       26385000	      2539	8000344a	ff23ece3	bltu	x7,x18,80003442	  x7:0x00000007 x18:0x0000000e
       26775000	      2578	80003442	0276e2b3	rem	x5,x13,x7	 x13:0x00000000  x7:0x00000007  x5=0x00000000
       26785000	      2579	80003446	8751	c.srai	x14,0x14	 x14:0x00000000 x14=0x00000000
       26795000	      2580	80003448	0385	c.addi	x7,1	  x7:0x00000007  x7=0x00000008
       26805000	      2581	8000344a	ff23ece3	bltu	x7,x18,80003442	  x7:0x00000008 x18:0x0000000e
       27195000	      2620	80003442	0276e2b3	rem	x5,x13,x7	 x13:0x00000000  x7:0x00000008  x5=0x00000000
       27205000	      2621	80003446	8751	c.srai	x14,0x14	 x14:0x00000000 x14=0x00000000
       27215000	      2622	80003448	0385	c.addi	x7,1	  x7:0x00000008  x7=0x00000009
       27225000	      2623	8000344a	ff23ece3	bltu	x7,x18,80003442	  x7:0x00000009 x18:0x0000000e
       27615000	      2662	80003442	0276e2b3	rem	x5,x13,x7	 x13:0x00000000  x7:0x00000009  x5=0x00000000
       27625000	      2663	80003446	8751	c.srai	x14,0x14	 x14:0x00000000 x14=0x00000000
       27635000	      2664	80003448	0385	c.addi	x7,1	  x7:0x00000009  x7=0x0000000a
       27645000	      2665	8000344a	ff23ece3	bltu	x7,x18,80003442	  x7:0x0000000a x18:0x0000000e
       28035000	      2704	80003442	0276e2b3	rem	x5,x13,x7	 x13:0x00000000  x7:0x0000000a  x5=0x00000000
       28045000	      2705	80003446	8751	c.srai	x14,0x14	 x14:0x00000000 x14=0x00000000
       28055000	      2706	80003448	0385	c.addi	x7,1	  x7:0x0000000a  x7=0x0000000b
       28065000	      2707	8000344a	ff23ece3	bltu	x7,x18,80003442	  x7:0x0000000b x18:0x0000000e
       28455000	      2746	80003442	0276e2b3	rem	x5,x13,x7	 x13:0x00000000  x7:0x0000000b  x5=0x00000000
       28465000	      2747	80003446	8751	c.srai	x14,0x14	 x14:0x00000000 x14=0x00000000
       28475000	      2748	80003448	0385	c.addi	x7,1	  x7:0x0000000b  x7=0x0000000c
       28485000	      2749	8000344a	ff23ece3	bltu	x7,x18,80003442	  x7:0x0000000c x18:0x0000000e
       28875000	      2788	80003442	0276e2b3	rem	x5,x13,x7	 x13:0x00000000  x7:0x0000000c  x5=0x00000000
       28885000	      2789	80003446	8751	c.srai	x14,0x14	 x14:0x00000000 x14=0x00000000
       28895000	      2790	80003448	0385	c.addi	x7,1	  x7:0x0000000c  x7=0x0000000d
       28905000	      2791	8000344a	ff23ece3	bltu	x7,x18,80003442	  x7:0x0000000d x18:0x0000000e
       29295000	      2830	80003442	0276e2b3	rem	x5,x13,x7	 x13:0x00000000  x7:0x0000000d  x5=0x00000000
       29305000	      2831	80003446	8751	c.srai	x14,0x14	 x14:0x00000000 x14=0x00000000
       29315000	      2832	80003448	0385	c.addi	x7,1	  x7:0x0000000d  x7=0x0000000e
       29325000	      2833	8000344a	ff23ece3	bltu	x7,x18,80003442	  x7:0x0000000e x18:0x0000000e
       29695000	      2870	8000344e	032f6eb3	rem	x29,x30,x18	 x30:0x00000000 x18:0x0000000e x29=0x00000000
       29705000	      2871	80003452	856e	c.mv	x10,x27	  x0:0x00000000 x27:0x00000000 x10=0x00000000
       29715000	      2872	80003454	febe60e3	bltu	x28,x11,80003434	 x28:0x00000005 x11:0x0000000f
       29735000	      2874	80003434	8c7d	c.and	x8,x15	  x8:0x00000000 x15:0x80028ce4  x8=0x00000000
       29745000	      2875	80003436	0e21	c.addi	x28,8	 x28:0x00000005 x28=0x0000000d
       29765000	      2877	80003438	03e07833	remu	x16,x0,x30	  x0:0x00000000 x30:0x00000000 x16=0x00000000
       29775000	      2878	8000343c	4391	c.li	x7,4	  x7=0x00000004
       29785000	      2879	8000343e	4939	c.li	x18,14	 x18=0x0000000e
       29795000	      2880	80003440	88e5	c.andi	x9,25	  x9:0x00000001  x9=0x00000001
       30165000	      2917	80003442	0276e2b3	rem	x5,x13,x7	 x13:0x00000000  x7:0x00000004  x5=0x00000000
       30175000	      2918	80003446	8751	c.srai	x14,0x14	 x14:0x00000000 x14=0x00000000
       30185000	      2919	80003448	0385	c.addi	x7,1	  x7:0x00000004  x7=0x00000005
       30195000	      2920	8000344a	ff23ece3	bltu	x7,x18,80003442	  x7:0x00000005 x18:0x0000000e
       30585000	      2959	80003442	0276e2b3	rem	x5,x13,x7	 x13:0x00000000  x7:0x00000005  x5=0x00000000
       30595000	      2960	80003446	8751	c.srai	x14,0x14	 x14:0x00000000 x14=0x00000000
       30605000	      2961	80003448	0385	c.addi	x7,1	  x7:0x00000005  x7=0x00000006
       30615000	      2962	8000344a	ff23ece3	bltu	x7,x18,80003442	  x7:0x00000006 x18:0x0000000e
       31005000	      3001	80003442	0276e2b3	rem	x5,x13,x7	 x13:0x00000000  x7:0x00000006  x5=0x00000000
       31015000	      3002	80003446	8751	c.srai	x14,0x14	 x14:0x00000000 x14=0x00000000
       31025000	      3003	80003448	0385	c.addi	x7,1	  x7:0x00000006  x7=0x00000007
       31035000	      3004	8000344a	ff23ece3	bltu	x7,x18,80003442	  x7:0x00000007 x18:0x0000000e
       31425000	      3043	80003442	0276e2b3	rem	x5,x13,x7	 x13:0x00000000  x7:0x00000007  x5=0x00000000
       31435000	      3044	80003446	8751	c.srai	x14,0x14	 x14:0x00000000 x14=0x00000000
       31445000	      3045	80003448	0385	c.addi	x7,1	  x7:0x00000007  x7=0x00000008
       31455000	      3046	8000344a	ff23ece3	bltu	x7,x18,80003442	  x7:0x00000008 x18:0x0000000e
       31845000	      3085	80003442	0276e2b3	rem	x5,x13,x7	 x13:0x00000000  x7:0x00000008  x5=0x00000000
       31855000	      3086	80003446	8751	c.srai	x14,0x14	 x14:0x00000000 x14=0x00000000
       31865000	      3087	80003448	0385	c.addi	x7,1	  x7:0x00000008  x7=0x00000009
       31875000	      3088	8000344a	ff23ece3	bltu	x7,x18,80003442	  x7:0x00000009 x18:0x0000000e
       32265000	      3127	80003442	0276e2b3	rem	x5,x13,x7	 x13:0x00000000  x7:0x00000009  x5=0x00000000
       32275000	      3128	80003446	8751	c.srai	x14,0x14	 x14:0x00000000 x14=0x00000000
       32285000	      3129	80003448	0385	c.addi	x7,1	  x7:0x00000009  x7=0x0000000a
       32295000	      3130	8000344a	ff23ece3	bltu	x7,x18,80003442	  x7:0x0000000a x18:0x0000000e
       32685000	      3169	80003442	0276e2b3	rem	x5,x13,x7	 x13:0x00000000  x7:0x0000000a  x5=0x00000000
       32695000	      3170	80003446	8751	c.srai	x14,0x14	 x14:0x00000000 x14=0x00000000
       32705000	      3171	80003448	0385	c.addi	x7,1	  x7:0x0000000a  x7=0x0000000b
       32715000	      3172	8000344a	ff23ece3	bltu	x7,x18,80003442	  x7:0x0000000b x18:0x0000000e
       33105000	      3211	80003442	0276e2b3	rem	x5,x13,x7	 x13:0x00000000  x7:0x0000000b  x5=0x00000000
       33115000	      3212	80003446	8751	c.srai	x14,0x14	 x14:0x00000000 x14=0x00000000
       33125000	      3213	80003448	0385	c.addi	x7,1	  x7:0x0000000b  x7=0x0000000c
       33135000	      3214	8000344a	ff23ece3	bltu	x7,x18,80003442	  x7:0x0000000c x18:0x0000000e
       33525000	      3253	80003442	0276e2b3	rem	x5,x13,x7	 x13:0x00000000  x7:0x0000000c  x5=0x00000000
       33535000	      3254	80003446	8751	c.srai	x14,0x14	 x14:0x00000000 x14=0x00000000
       33545000	      3255	80003448	0385	c.addi	x7,1	  x7:0x0000000c  x7=0x0000000d
       33555000	      3256	8000344a	ff23ece3	bltu	x7,x18,80003442	  x7:0x0000000d x18:0x0000000e
       33945000	      3295	80003442	0276e2b3	rem	x5,x13,x7	 x13:0x00000000  x7:0x0000000d  x5=0x00000000
       33955000	      3296	80003446	8751	c.srai	x14,0x14	 x14:0x00000000 x14=0x00000000
       33965000	      3297	80003448	0385	c.addi	x7,1	  x7:0x0000000d  x7=0x0000000e
       33975000	      3298	8000344a	ff23ece3	bltu	x7,x18,80003442	  x7:0x0000000e x18:0x0000000e
       34345000	      3335	8000344e	032f6eb3	rem	x29,x30,x18	 x30:0x00000000 x18:0x0000000e x29=0x00000000
       34355000	      3336	80003452	856e	c.mv	x10,x27	  x0:0x00000000 x27:0x00000000 x10=0x00000000
       34365000	      3337	80003454	febe60e3	bltu	x28,x11,80003434	 x28:0x0000000d x11:0x0000000f
       34385000	      3339	80003434	8c7d	c.and	x8,x15	  x8:0x00000000 x15:0x80028ce4  x8=0x00000000
       34395000	      3340	80003436	0e21	c.addi	x28,8	 x28:0x0000000d x28=0x00000015
       34415000	      3342	80003438	03e07833	remu	x16,x0,x30	  x0:0x00000000 x30:0x00000000 x16=0x00000000
       34425000	      3343	8000343c	4391	c.li	x7,4	  x7=0x00000004
       34435000	      3344	8000343e	4939	c.li	x18,14	 x18=0x0000000e
       34445000	      3345	80003440	88e5	c.andi	x9,25	  x9:0x00000001  x9=0x00000001
       34815000	      3382	80003442	0276e2b3	rem	x5,x13,x7	 x13:0x00000000  x7:0x00000004  x5=0x00000000
       34825000	      3383	80003446	8751	c.srai	x14,0x14	 x14:0x00000000 x14=0x00000000
       34835000	      3384	80003448	0385	c.addi	x7,1	  x7:0x00000004  x7=0x00000005
       34845000	      3385	8000344a	ff23ece3	bltu	x7,x18,80003442	  x7:0x00000005 x18:0x0000000e
       35235000	      3424	80003442	0276e2b3	rem	x5,x13,x7	 x13:0x00000000  x7:0x00000005  x5=0x00000000
       35245000	      3425	80003446	8751	c.srai	x14,0x14	 x14:0x00000000 x14=0x00000000
       35255000	      3426	80003448	0385	c.addi	x7,1	  x7:0x00000005  x7=0x00000006
       35265000	      3427	8000344a	ff23ece3	bltu	x7,x18,80003442	  x7:0x00000006 x18:0x0000000e
       35655000	      3466	80003442	0276e2b3	rem	x5,x13,x7	 x13:0x00000000  x7:0x00000006  x5=0x00000000
       35665000	      3467	80003446	8751	c.srai	x14,0x14	 x14:0x00000000 x14=0x00000000
       35675000	      3468	80003448	0385	c.addi	x7,1	  x7:0x00000006  x7=0x00000007
       35685000	      3469	8000344a	ff23ece3	bltu	x7,x18,80003442	  x7:0x00000007 x18:0x0000000e
       36075000	      3508	80003442	0276e2b3	rem	x5,x13,x7	 x13:0x00000000  x7:0x00000007  x5=0x00000000
       36085000	      3509	80003446	8751	c.srai	x14,0x14	 x14:0x00000000 x14=0x00000000
       36095000	      3510	80003448	0385	c.addi	x7,1	  x7:0x00000007  x7=0x00000008
       36105000	      3511	8000344a	ff23ece3	bltu	x7,x18,80003442	  x7:0x00000008 x18:0x0000000e
       36495000	      3550	80003442	0276e2b3	rem	x5,x13,x7	 x13:0x00000000  x7:0x00000008  x5=0x00000000
       36505000	      3551	80003446	8751	c.srai	x14,0x14	 x14:0x00000000 x14=0x00000000
       36515000	      3552	80003448	0385	c.addi	x7,1	  x7:0x00000008  x7=0x00000009
       36525000	      3553	8000344a	ff23ece3	bltu	x7,x18,80003442	  x7:0x00000009 x18:0x0000000e
       36915000	      3592	80003442	0276e2b3	rem	x5,x13,x7	 x13:0x00000000  x7:0x00000009  x5=0x00000000
       36925000	      3593	80003446	8751	c.srai	x14,0x14	 x14:0x00000000 x14=0x00000000
       36935000	      3594	80003448	0385	c.addi	x7,1	  x7:0x00000009  x7=0x0000000a
       36945000	      3595	8000344a	ff23ece3	bltu	x7,x18,80003442	  x7:0x0000000a x18:0x0000000e
       37335000	      3634	80003442	0276e2b3	rem	x5,x13,x7	 x13:0x00000000  x7:0x0000000a  x5=0x00000000
       37345000	      3635	80003446	8751	c.srai	x14,0x14	 x14:0x00000000 x14=0x00000000
       37355000	      3636	80003448	0385	c.addi	x7,1	  x7:0x0000000a  x7=0x0000000b
       37365000	      3637	8000344a	ff23ece3	bltu	x7,x18,80003442	  x7:0x0000000b x18:0x0000000e
       37755000	      3676	80003442	0276e2b3	rem	x5,x13,x7	 x13:0x00000000  x7:0x0000000b  x5=0x00000000
       37765000	      3677	80003446	8751	c.srai	x14,0x14	 x14:0x00000000 x14=0x00000000
       37775000	      3678	80003448	0385	c.addi	x7,1	  x7:0x0000000b  x7=0x0000000c
       37785000	      3679	8000344a	ff23ece3	bltu	x7,x18,80003442	  x7:0x0000000c x18:0x0000000e
       38175000	      3718	80003442	0276e2b3	rem	x5,x13,x7	 x13:0x00000000  x7:0x0000000c  x5=0x00000000
       38185000	      3719	80003446	8751	c.srai	x14,0x14	 x14:0x00000000 x14=0x00000000
       38195000	      3720	80003448	0385	c.addi	x7,1	  x7:0x0000000c  x7=0x0000000d
       38205000	      3721	8000344a	ff23ece3	bltu	x7,x18,80003442	  x7:0x0000000d x18:0x0000000e
       38595000	      3760	80003442	0276e2b3	rem	x5,x13,x7	 x13:0x00000000  x7:0x0000000d  x5=0x00000000
       38605000	      3761	80003446	8751	c.srai	x14,0x14	 x14:0x00000000 x14=0x00000000
       38615000	      3762	80003448	0385	c.addi	x7,1	  x7:0x0000000d  x7=0x0000000e
       38625000	      3763	8000344a	ff23ece3	bltu	x7,x18,80003442	  x7:0x0000000e x18:0x0000000e
       38995000	      3800	8000344e	032f6eb3	rem	x29,x30,x18	 x30:0x00000000 x18:0x0000000e x29=0x00000000
       39005000	      3801	80003452	856e	c.mv	x10,x27	  x0:0x00000000 x27:0x00000000 x10=0x00000000
       39015000	      3802	80003454	febe60e3	bltu	x28,x11,80003434	 x28:0x00000015 x11:0x0000000f
       39025000	      3803	80003458	855d	c.srai	x10,0x17	 x10:0x00000000 x10=0x00000000
       39035000	      3804	8000345a	45a9	c.li	x11,10	 x11=0x0000000a
       39055000	      3806	8000345c	02e9c6b3	div	x13,x19,x14	 x19:0xfffffffe x14:0x00000000 x13=0xffffffff
       39065000	      3807	80003460	4a29	c.li	x20,10	 x20=0x0000000a
       39075000	      3808	80003462	40d9d033	sra	x0,x19,x13	 x19:0xfffffffe x13:0xffffffff  x0=0x00000000
       39085000	      3809	80003466	409889b3	sub	x19,x17,x9	 x17:0x00019000  x9:0x00000001 x19=0x00018fff
       39095000	      3810	8000346a	0001	c.addi	x0,0	  x0:0x00000000  x0=0x00000000
       39465000	      3847	8000346c	02b1fdb3	remu	x27,x3,x11	  x3:0x00000000 x11:0x0000000a x27=0x00000000
       39475000	      3848	80003470	0061cd33	xor	x26,x3,x6	  x3:0x00000000  x6:0x00014000 x26=0x00014000
       39495000	      3850	80003474	0208c2b3	div	x5,x17,x0	 x17:0x00019000  x0:0x00000000  x5=0xffffffff
       39505000	      3851	80003478	15dd	c.addi	x11,-9	 x11:0x0000000a x11=0x00000001
       39515000	      3852	8000347a	00fe1713	slli	x14,x28,0xf	 x28:0x00000015 x14=0x000a8000
       39545000	      3855	8000347e	03988433	mul	x8,x17,x25	 x17:0x00019000 x25:0xfffffff6  x8=0xfff06000
       39555000	      3856	80003482	0e752913	slti	x18,x10,231	 x10:0x00000000 x18=0x00000001
       39565000	      3857	80003486	4ba5	c.li	x23,9	 x23=0x00000009
       39575000	      3858	80003488	030e	c.slli	x6,0x3	  x6:0x00014000  x6=0x000a0000
       39585000	      3859	8000348a	ee74b2b7	lui	x5,0xee74b	  x5=0xee74b000
       39595000	      3860	8000348e	4e51	c.li	x28,20	 x28=0x00000014
       39605000	      3861	80003490	00b0a9b3	slt	x19,x1,x11	  x1:0x00000000 x11:0x00000001 x19=0x00000001
       39615000	      3862	80003494	0124d8b3	srl	x17,x9,x18	  x9:0x00000001 x18:0x00000001 x17=0x00000000
       39625000	      3863	80003498	d9c27293	andi	x5,x4,-612	  x4:0x00000001  x5=0x00000000
       39635000	      3864	8000349c	0da1	c.addi	x27,8	 x27:0x00000000 x27=0x00000008
       39645000	      3865	8000349e	0ba5	c.addi	x23,9	 x23:0x00000009 x23=0x00000012
       39655000	      3866	800034a0	ffcbcee3	blt	x23,x28,8000349c	 x23:0x00000012 x28:0x00000014
       39675000	      3868	8000349c	0da1	c.addi	x27,8	 x27:0x00000008 x27=0x00000010
       39685000	      3869	8000349e	0ba5	c.addi	x23,9	 x23:0x00000012 x23=0x0000001b
       39695000	      3870	800034a0	ffcbcee3	blt	x23,x28,8000349c	 x23:0x0000001b x28:0x00000014
       39735000	      3874	800034a4	02e7bd33	mulhu	x26,x15,x14	 x15:0x80028ce4 x14:0x000a8000 x26=0x0005401a
       39745000	      3875	800034a8	862e	c.mv	x12,x11	  x0:0x00000000 x11:0x00000001 x12=0x00000001
       39755000	      3876	800034aa	00a876b3	and	x13,x16,x10	 x16:0x00000000 x10:0x00000000 x13=0x00000000
       39765000	      3877	800034ae	8dc6	c.mv	x27,x17	  x0:0x00000000 x17:0x00000000 x27=0x00000000
       39775000	      3878	800034b0	8e35	c.xor	x12,x13	 x12:0x00000001 x13:0x00000000 x12=0x00000001
       39785000	      3879	800034b2	045d	c.addi	x8,23	  x8:0xfff06000  x8=0xfff06017
       39795000	      3880	800034b4	fb45fbe3	bgeu	x11,x20,8000346a	 x11:0x00000001 x20:0x0000000a
       39805000	      3881	800034b8	8e49	c.or	x12,x10	 x12:0x00000001 x10:0x00000000 x12=0x00000001
       39815000	      3882	800034ba	4721	c.li	x14,8	 x14=0x00000008
       39825000	      3883	800034bc	4e8d	c.li	x29,3	 x29=0x00000003
       39835000	      3884	800034be	00e1e833	or	x16,x3,x14	  x3:0x00000000 x14:0x00000008 x16=0x00000008
       39845000	      3885	800034c2	1779	c.addi	x14,-2	 x14:0x00000008 x14=0x00000006
       39855000	      3886	800034c4	ffd77de3	bgeu	x14,x29,800034be	 x14:0x00000006 x29:0x00000003
       39885000	      3889	800034be	00e1e833	or	x16,x3,x14	  x3:0x00000000 x14:0x00000006 x16=0x00000006
       39895000	      3890	800034c2	1779	c.addi	x14,-2	 x14:0x00000006 x14=0x00000004
       39905000	      3891	800034c4	ffd77de3	bgeu	x14,x29,800034be	 x14:0x00000004 x29:0x00000003
       39935000	      3894	800034be	00e1e833	or	x16,x3,x14	  x3:0x00000000 x14:0x00000004 x16=0x00000004
       39945000	      3895	800034c2	1779	c.addi	x14,-2	 x14:0x00000004 x14=0x00000002
       39955000	      3896	800034c4	ffd77de3	bgeu	x14,x29,800034be	 x14:0x00000002 x29:0x00000003
       39965000	      3897	800034c8	0ff0000f	fence	iorw,iorw	
       39975000	      3898	800034cc	56dd	c.li	x13,-9	 x13=0xfffffff7
       39985000	      3899	800034ce	006c1513	slli	x10,x24,0x6	 x24:0x00000000 x10=0x00000000
       40005000	      3901	800034d2	0215db33	divu	x22,x11,x1	 x11:0x00000001  x1:0x00000000 x22=0xffffffff
       40015000	      3902	800034d6	8f35	c.xor	x14,x13	 x14:0x00000002 x13:0xfffffff7 x14=0xfffffff5
       40025000	      3903	800034d8	9ec6	c.add	x29,x17	 x29:0x00000003 x17:0x00000000 x29=0x00000003
       40035000	      3904	800034da	000c78b3	and	x17,x24,x0	 x24:0x00000000  x0:0x00000000 x17=0x00000000
       40045000	      3905	800034de	0000100f	fence.i	
       40075000	      3908	800034e2	016bdf93	srli	x31,x23,0x16	 x23:0x0000001b x31=0x00000000
       40085000	      3909	800034e6	8ced	c.and	x9,x11	  x9:0x00000001 x11:0x00000001  x9=0x00000001
       40095000	      3910	800034e8	875a	c.mv	x14,x22	  x0:0x00000000 x22:0xffffffff x14=0xffffffff
       40105000	      3911	800034ea	7a0b0c13	addi	x24,x22,1952	 x22:0xffffffff x24=0x0000079f
       40115000	      3912	800034ee	010e0b33	add	x22,x28,x16	 x28:0x00000014 x16:0x00000004 x22=0x00000018
       40125000	      3913	800034f2	0001	c.addi	x0,0	  x0:0x00000000  x0=0x00000000
       40135000	      3914	800034f4	011c6d33	or	x26,x24,x17	 x24:0x0000079f x17:0x00000000 x26=0x0000079f
       40145000	      3915	800034f8	8d11	c.sub	x10,x12	 x10:0x00000000 x12:0x00000001 x10=0xffffffff
       40155000	      3916	800034fa	8f11	c.sub	x14,x12	 x14:0xffffffff x12:0x00000001 x14=0xfffffffe
       40525000	      3953	800034fc	0286e9b3	rem	x19,x13,x8	 x13:0xfffffff7  x8:0xfff06017 x19=0xfffffff7
       40535000	      3954	80003500	8f39	c.xor	x14,x14	 x14:0xfffffffe x14:0xfffffffe x14=0x00000000
       40545000	      3955	80003502	01d5f5b3	and	x11,x11,x29	 x11:0x00000001 x29:0x00000003 x11=0x00000001
       40555000	      3956	80003506	810d	c.srli	x10,0x3	 x10:0xffffffff x10=0x1fffffff
       40565000	      3957	80003508	01e13233	sltu	x4,x2,x30	  x2:0x80024e2c x30:0x00000000  x4=0x00000000
       40605000	      3961	8000350c	02bb2cb3	mulhsu	x25,x22,x11	 x22:0x00000018 x11:0x00000001 x25=0x00000000
       40615000	      3962	80003510	06a5	c.addi	x13,9	 x13:0xfffffff7 x13=0x00000000
       40645000	      3965	80003512	037f0eb3	mul	x29,x30,x23	 x30:0x00000000 x23:0x0000001b x29=0x00000000
       40655000	      3966	80003516	217b4493	xori	x9,x22,535	 x22:0x00000018  x9=0x0000020f
       40665000	      3967	8000351a	0895	c.addi	x17,5	 x17:0x00000000 x17=0x00000005
       41035000	      4004	8000351c	03216db3	rem	x27,x2,x18	  x2:0x80024e2c x18:0x00000001 x27=0x00000000
       41045000	      4005	80003520	dee1	c.beqz	x13,800034f8	 x13:0x00000000
       41065000	      4007	800034f8	8d11	c.sub	x10,x12	 x10:0x1fffffff x12:0x00000001 x10=0x1ffffffe
       41075000	      4008	800034fa	8f11	c.sub	x14,x12	 x14:0x00000000 x12:0x00000001 x14=0xffffffff
       41445000	      4045	800034fc	0286e9b3	rem	x19,x13,x8	 x13:0x00000000  x8:0xfff06017 x19=0x00000000
       41455000	      4046	80003500	8f39	c.xor	x14,x14	 x14:0xffffffff x14:0xffffffff x14=0x00000000
       41465000	      4047	80003502	01d5f5b3	and	x11,x11,x29	 x11:0x00000001 x29:0x00000000 x11=0x00000000
       41475000	      4048	80003506	810d	c.srli	x10,0x3	 x10:0x1ffffffe x10=0x03ffffff
       41485000	      4049	80003508	01e13233	sltu	x4,x2,x30	  x2:0x80024e2c x30:0x00000000  x4=0x00000000
       41525000	      4053	8000350c	02bb2cb3	mulhsu	x25,x22,x11	 x22:0x00000018 x11:0x00000000 x25=0x00000000
       41535000	      4054	80003510	06a5	c.addi	x13,9	 x13:0x00000000 x13=0x00000009
       41565000	      4057	80003512	037f0eb3	mul	x29,x30,x23	 x30:0x00000000 x23:0x0000001b x29=0x00000000
       41575000	      4058	80003516	217b4493	xori	x9,x22,535	 x22:0x00000018  x9=0x0000020f
       41585000	      4059	8000351a	0895	c.addi	x17,5	 x17:0x00000005 x17=0x0000000a
       41955000	      4096	8000351c	03216db3	rem	x27,x2,x18	  x2:0x80024e2c x18:0x00000001 x27=0x00000000
       41965000	      4097	80003520	dee1	c.beqz	x13,800034f8	 x13:0x00000009
       41975000	      4098	80003522	01465e13	srli	x28,x12,0x14	 x12:0x00000001 x28=0x00000000
       41985000	      4099	80003526	4fa9	c.li	x31,10	 x31=0x0000000a
       41995000	      4100	80003528	856e	c.mv	x10,x27	  x0:0x00000000 x27:0x00000000 x10=0x00000000
       42005000	      4101	8000352a	4225	c.li	x4,9	  x4=0x00000009
       42015000	      4102	8000352c	0c2e	c.slli	x24,0xb	 x24:0x0000079f x24=0x003cf800
       42025000	      4103	8000352e	8ee5	c.and	x13,x9	 x13:0x00000009  x9:0x0000020f x13=0x00000009
       42065000	      4107	80003530	02eb2f33	mulhsu	x30,x22,x14	 x22:0x00000018 x14:0x00000000 x30=0x00000000
       42105000	      4111	80003534	03eca533	mulhsu	x10,x25,x30	 x25:0x00000000 x30:0x00000000 x10=0x00000000
       42115000	      4112	80003538	8025	c.srli	x8,0x9	  x8:0xfff06017  x8=0x007ff830
       42125000	      4113	8000353a	4071d633	sra	x12,x3,x7	  x3:0x00000000  x7:0x0000000e x12=0x00000000
       42135000	      4114	8000353e	1ffd	c.addi	x31,-1	 x31:0x0000000a x31=0x00000009
       42145000	      4115	80003540	9a7d	c.andi	x12,-1	 x12:0x00000000 x12=0x00000000
       42155000	      4116	80003542	f868cc93	xori	x25,x17,-122	 x17:0x0000000a x25=0xffffff8c
       42165000	      4117	80003546	006a1393	slli	x7,x20,0x6	 x20:0x0000000a  x7=0x00000280
       42175000	      4118	8000354a	0e21	c.addi	x28,8	 x28:0x00000000 x28=0x00000008
       42205000	      4121	8000354c	03b98633	mul	x12,x19,x27	 x19:0x00000000 x27:0x00000000 x12=0x00000000
       42215000	      4122	80003550	8cc5	c.or	x9,x9	  x9:0x0000020f  x9:0x0000020f  x9=0x0000020f
       42225000	      4123	80003552	8c2d	c.xor	x8,x11	  x8:0x007ff830 x11:0x00000000  x8=0x007ff830
       42235000	      4124	80003554	fc4ffde3	bgeu	x31,x4,8000352e	 x31:0x00000009  x4:0x00000009
       42255000	      4126	8000352e	8ee5	c.and	x13,x9	 x13:0x00000009  x9:0x0000020f x13=0x00000009
       42295000	      4130	80003530	02eb2f33	mulhsu	x30,x22,x14	 x22:0x00000018 x14:0x00000000 x30=0x00000000
       42335000	      4134	80003534	03eca533	mulhsu	x10,x25,x30	 x25:0xffffff8c x30:0x00000000 x10=0x00000000
       42345000	      4135	80003538	8025	c.srli	x8,0x9	  x8:0x007ff830  x8=0x00003ffc
       42355000	      4136	8000353a	4071d633	sra	x12,x3,x7	  x3:0x00000000  x7:0x00000280 x12=0x00000000
       42365000	      4137	8000353e	1ffd	c.addi	x31,-1	 x31:0x00000009 x31=0x00000008
       42375000	      4138	80003540	9a7d	c.andi	x12,-1	 x12:0x00000000 x12=0x00000000
       42385000	      4139	80003542	f868cc93	xori	x25,x17,-122	 x17:0x0000000a x25=0xffffff8c
       42395000	      4140	80003546	006a1393	slli	x7,x20,0x6	 x20:0x0000000a  x7=0x00000280
       42405000	      4141	8000354a	0e21	c.addi	x28,8	 x28:0x00000008 x28=0x00000010
       42435000	      4144	8000354c	03b98633	mul	x12,x19,x27	 x19:0x00000000 x27:0x00000000 x12=0x00000000
       42445000	      4145	80003550	8cc5	c.or	x9,x9	  x9:0x0000020f  x9:0x0000020f  x9=0x0000020f
       42455000	      4146	80003552	8c2d	c.xor	x8,x11	  x8:0x00003ffc x11:0x00000000  x8=0x00003ffc
       42465000	      4147	80003554	fc4ffde3	bgeu	x31,x4,8000352e	 x31:0x00000008  x4:0x00000009
       42505000	      4151	80003558	0297b433	mulhu	x8,x15,x9	 x15:0x80028ce4  x9:0x0000020f  x8=0x00000107
       42515000	      4152	8000355c	5679	c.li	x12,-2	 x12=0xfffffffe
       42525000	      4153	8000355e	03cb32b7	lui	x5,0x3cb3	  x5=0x03cb3000
       42535000	      4154	80003562	4c91	c.li	x25,4	 x25=0x00000004
       42545000	      4155	80003564	2ef0b517	auipc	x10,0x2ef0b	 x10=0xaef0e564
       42555000	      4156	80003568	0615	c.addi	x12,5	 x12:0xfffffffe x12=0x00000003
       42565000	      4157	8000356a	49a9	c.li	x19,10	 x19=0x0000000a
       42605000	      4161	8000356c	020f1db3	mulh	x27,x30,x0	 x30:0x00000000  x0:0x00000000 x27=0x00000000
       42615000	      4162	80003570	4eb9	c.li	x29,14	 x29=0x0000000e
       42625000	      4163	80003572	8c0d	c.sub	x8,x11	  x8:0x00000107 x11:0x00000000  x8=0x00000107
       42635000	      4164	80003574	0118	c.addi4spn	x14,x2,128	 x14=0x80024eac
       42645000	      4165	80003576	09a5	c.addi	x19,9	 x19:0x0000000a x19=0x00000013
       42655000	      4166	80003578	40eb5413	srai	x8,x22,0xe	 x22:0x00000018  x8=0x00000000
       42665000	      4167	8000357c	ffd9cce3	blt	x19,x29,80003574	 x19:0x00000013 x29:0x0000000e
       42675000	      4168	80003580	01415413	srli	x8,x2,0x14	  x2:0x80024e2c  x8=0x00000800
       42685000	      4169	80003584	008cc833	xor	x16,x25,x8	 x25:0x00000004  x8:0x00000800 x16=0x00000804
       42695000	      4170	80003588	fd964ee3	blt	x12,x25,80003564	 x12:0x00000003 x25:0x00000004
       42715000	      4172	80003564	2ef0b517	auipc	x10,0x2ef0b	 x10=0xaef0e564
       42725000	      4173	80003568	0615	c.addi	x12,5	 x12:0x00000003 x12=0x00000008
       42735000	      4174	8000356a	49a9	c.li	x19,10	 x19=0x0000000a
       42775000	      4178	8000356c	020f1db3	mulh	x27,x30,x0	 x30:0x00000000  x0:0x00000000 x27=0x00000000
       42785000	      4179	80003570	4eb9	c.li	x29,14	 x29=0x0000000e
       42795000	      4180	80003572	8c0d	c.sub	x8,x11	  x8:0x00000800 x11:0x00000000  x8=0x00000800
       42805000	      4181	80003574	0118	c.addi4spn	x14,x2,128	 x14=0x80024eac
       42815000	      4182	80003576	09a5	c.addi	x19,9	 x19:0x0000000a x19=0x00000013
       42825000	      4183	80003578	40eb5413	srai	x8,x22,0xe	 x22:0x00000018  x8=0x00000000
       42835000	      4184	8000357c	ffd9cce3	blt	x19,x29,80003574	 x19:0x00000013 x29:0x0000000e
       42845000	      4185	80003580	01415413	srli	x8,x2,0x14	  x2:0x80024e2c  x8=0x00000800
       42855000	      4186	80003584	008cc833	xor	x16,x25,x8	 x25:0x00000004  x8:0x00000800 x16=0x00000804
       42865000	      4187	80003588	fd964ee3	blt	x12,x25,80003564	 x12:0x00000008 x25:0x00000004
       42875000	      4188	8000358c	b5752513	slti	x10,x10,-1193	 x10:0xaef0e564 x10=0x00000001
       42885000	      4189	80003590	4499	c.li	x9,6	  x9=0x00000006
       43255000	      4226	80003592	032068b3	rem	x17,x0,x18	  x0:0x00000000 x18:0x00000001 x17=0x00000000
       43265000	      4227	80003596	41b4d933	sra	x18,x9,x27	  x9:0x00000006 x27:0x00000000 x18=0x00000006
       43275000	      4228	8000359a	8579	c.srai	x10,0x1e	 x10:0x00000001 x10=0x00000000
       43285000	      4229	8000359c	37fcabb7	lui	x23,0x37fca	 x23=0x37fca000
       43295000	      4230	800035a0	018dd8b3	srl	x17,x27,x24	 x27:0x00000000 x24:0x003cf800 x17=0x00000000
       43305000	      4231	800035a4	ab55d997	auipc	x19,0xab55d	 x19=0x2b5605a4
       43315000	      4232	800035a8	416a0d33	sub	x26,x20,x22	 x20:0x0000000a x22:0x00000018 x26=0xfffffff2
       43325000	      4233	800035ac	8bae	c.mv	x23,x11	  x0:0x00000000 x11:0x00000000 x23=0x00000000
       43335000	      4234	800035ae	a5538d93	addi	x27,x7,-1451	  x7:0x00000280 x27=0xfffffcd5
       43375000	      4238	800035b2	03d299b3	mulh	x19,x5,x29	  x5:0x03cb3000 x29:0x0000000e x19=0x00000000
       43385000	      4239	800035b6	8511	c.srai	x10,0x4	 x10:0x00000000 x10=0x00000000
       43395000	      4240	800035b8	0001	c.addi	x0,0	  x0:0x00000000  x0=0x00000000
       43405000	      4241	800035ba	069e	c.slli	x13,0x7	 x13:0x00000009 x13=0x00000480
       43775000	      4278	800035bc	032a5c33	divu	x24,x20,x18	 x20:0x0000000a x18:0x00000006 x24=0x00000001
       43785000	      4279	800035c0	4015dfb3	sra	x31,x11,x1	 x11:0x00000000  x1:0x00000000 x31=0x00000000
       43795000	      4280	800035c4	41b95d33	sra	x26,x18,x27	 x18:0x00000006 x27:0xfffffcd5 x26=0x00000000
       43805000	      4281	800035c8	1b16c513	xori	x10,x13,433	 x13:0x00000480 x10=0x00000531
       43815000	      4282	800035cc	4299	c.li	x5,6	  x5=0x00000006
       43825000	      4283	800035ce	0001	c.addi	x0,0	  x0:0x00000000  x0=0x00000000
       43865000	      4287	800035d0	02f29db3	mulh	x27,x5,x15	  x5:0x00000006 x15:0x80028ce4 x27=0xfffffffd
       43875000	      4288	800035d4	81b1	c.srli	x11,0xc	 x11:0x00000000 x11=0x00000000
       43885000	      4289	800035d6	00442633	slt	x12,x8,x4	  x8:0x00000800  x4:0x00000009 x12=0x00000000
       43895000	      4290	800035da	c23f4e93	xori	x29,x30,-989	 x30:0x00000000 x29=0xfffffc23
       43905000	      4291	800035de	002dcdb3	xor	x27,x27,x2	 x27:0xfffffffd  x2:0x80024e2c x27=0x7ffdb1d1
       43915000	      4292	800035e2	14f9	c.addi	x9,-2	  x9:0x00000006  x9=0x00000004
       43925000	      4293	800035e4	01a4efb3	or	x31,x9,x26	  x9:0x00000004 x26:0x00000000 x31=0x00000004
       43935000	      4294	800035e8	fe54fbe3	bgeu	x9,x5,800035de	  x9:0x00000004  x5:0x00000006
       43945000	      4295	800035ec	0001	c.addi	x0,0	  x0:0x00000000  x0=0x00000000
       43955000	      4296	800035ee	5461	c.li	x8,-8	  x8=0xfffffff8
       43965000	      4297	800035f0	9bfa	c.add	x23,x30	 x23:0x00000000 x30:0x00000000 x23=0x00000000
       43975000	      4298	800035f2	0001	c.addi	x0,0	  x0:0x00000000  x0=0x00000000
       43985000	      4299	800035f4	005a3db3	sltu	x27,x20,x5	 x20:0x0000000a  x5:0x00000006 x27=0x00000000
       43995000	      4300	800035f8	0054d4b3	srl	x9,x9,x5	  x9:0x00000004  x5:0x00000006  x9=0x00000000
       44005000	      4301	800035fc	27354713	xori	x14,x10,627	 x10:0x00000531 x14=0x00000742
       44015000	      4302	80003600	0421	c.addi	x8,8	  x8:0xfffffff8  x8=0x00000000
       44025000	      4303	80003602	bf634513	xori	x10,x6,-1034	  x6:0x000a0000 x10=0xfff5fbf6
       44035000	      4304	80003606	0001	c.addi	x0,0	  x0:0x00000000  x0=0x00000000
       44045000	      4305	80003608	01933833	sltu	x16,x6,x25	  x6:0x000a0000 x25:0x00000004 x16=0x00000000
       44055000	      4306	8000360c	8e85	c.sub	x13,x9	 x13:0x00000480  x9:0x00000000 x13=0x00000480
       44065000	      4307	8000360e	8260e1b7	lui	x3,0x8260e	  x3=0x8260e000
       44075000	      4308	80003612	03e55597	auipc	x11,0x3e55	 x11=0x83e58612
       44085000	      4309	80003616	8812	c.mv	x16,x4	  x0:0x00000000  x4:0x00000009 x16=0x00000009
       44105000	      4311	80003618	020effb3	remu	x31,x29,x0	 x29:0xfffffc23  x0:0x00000000 x31=0xfffffc23
       44115000	      4312	8000361c	d065	c.beqz	x8,800035fc	  x8:0x00000000
       44135000	      4314	800035fc	27354713	xori	x14,x10,627	 x10:0xfff5fbf6 x14=0xfff5f985
       44145000	      4315	80003600	0421	c.addi	x8,8	  x8:0x00000000  x8=0x00000008
       44155000	      4316	80003602	bf634513	xori	x10,x6,-1034	  x6:0x000a0000 x10=0xfff5fbf6
       44165000	      4317	80003606	0001	c.addi	x0,0	  x0:0x00000000  x0=0x00000000
       44175000	      4318	80003608	01933833	sltu	x16,x6,x25	  x6:0x000a0000 x25:0x00000004 x16=0x00000000
       44185000	      4319	8000360c	8e85	c.sub	x13,x9	 x13:0x00000480  x9:0x00000000 x13=0x00000480
       44195000	      4320	8000360e	8260e1b7	lui	x3,0x8260e	  x3=0x8260e000
       44205000	      4321	80003612	03e55597	auipc	x11,0x3e55	 x11=0x83e58612
       44215000	      4322	80003616	8812	c.mv	x16,x4	  x0:0x00000000  x4:0x00000009 x16=0x00000009
       44235000	      4324	80003618	020effb3	remu	x31,x29,x0	 x29:0xfffffc23  x0:0x00000000 x31=0xfffffc23
       44245000	      4325	8000361c	d065	c.beqz	x8,800035fc	  x8:0x00000008
       44255000	      4326	8000361e	1dfd	c.addi	x27,-1	 x27:0x00000000 x27=0xffffffff
       44265000	      4327	80003620	49a5	c.li	x19,9	 x19=0x00000009
       44275000	      4328	80003622	40c6d033	sra	x0,x13,x12	 x13:0x00000480 x12:0x00000000  x0=0x00000000
       44285000	      4329	80003626	43a5	c.li	x7,9	  x7=0x00000009
       44295000	      4330	80003628	8f45	c.or	x14,x9	 x14:0xfff5f985  x9:0x00000000 x14=0xfff5f985
       44325000	      4333	8000362a	021a0e33	mul	x28,x20,x1	 x20:0x0000000a  x1:0x00000000 x28=0x00000000
       44335000	      4334	8000362e	1a92a693	slti	x13,x5,425	  x5:0x00000006 x13=0x00000001
       44705000	      4371	80003632	0282e333	rem	x6,x5,x8	  x5:0x00000006  x8:0x00000008  x6=0x00000006
       44715000	      4372	80003636	19e5	c.addi	x19,-7	 x19:0x00000009 x19=0x00000002
       44725000	      4373	80003638	4425	c.li	x8,9	  x8=0x00000009
       44735000	      4374	8000363a	00d07eb3	and	x29,x0,x13	  x0:0x00000000 x13:0x00000001 x29=0x00000000
       44745000	      4375	8000363e	0000100f	fence.i	
       44765000	      4377	80003642	51ed	c.li	x3,-5	  x3=0xfffffffb
       44775000	      4378	80003644	fb760213	addi	x4,x12,-73	 x12:0x00000000  x4=0xffffffb7
       44785000	      4379	80003648	3d9eb717	auipc	x14,0x3d9eb	 x14=0xbd9ee648
       44795000	      4380	8000364c	40b382b3	sub	x5,x7,x11	  x7:0x00000009 x11:0x83e58612  x5=0x7c1a79f7
       44805000	      4381	80003650	f035f213	andi	x4,x11,-253	 x11:0x83e58612  x4=0x83e58602
       44815000	      4382	80003654	895d	c.andi	x10,23	 x10:0xfff5fbf6 x10=0x00000016
       44825000	      4383	80003656	1465	c.addi	x8,-7	  x8:0x00000009  x8=0x00000002
       44835000	      4384	80003658	01b388b3	add	x17,x7,x27	  x7:0x00000009 x27:0xffffffff x17=0x00000008
       44845000	      4385	8000365c	fe341ae3	bne	x8,x3,80003650	  x8:0x00000002  x3:0xfffffffb
       44865000	      4387	80003650	f035f213	andi	x4,x11,-253	 x11:0x83e58612  x4=0x83e58602
       44875000	      4388	80003654	895d	c.andi	x10,23	 x10:0x00000016 x10=0x00000016
       44885000	      4389	80003656	1465	c.addi	x8,-7	  x8:0x00000002  x8=0xfffffffb
       44895000	      4390	80003658	01b388b3	add	x17,x7,x27	  x7:0x00000009 x27:0xffffffff x17=0x00000008
       44905000	      4391	8000365c	fe341ae3	bne	x8,x3,80003650	  x8:0xfffffffb  x3:0xfffffffb
       44945000	      4395	80003660	02d3a233	mulhsu	x4,x7,x13	  x7:0x00000009 x13:0x00000001  x4=0x00000000
       44955000	      4396	80003664	0001	c.addi	x0,0	  x0:0x00000000  x0=0x00000000
       44965000	      4397	80003666	0000100f	fence.i	
       44995000	      4400	8000366a	01b05713	srli	x14,x0,0x1b	  x0:0x00000000 x14=0x00000000
       45005000	      4401	8000366e	0000100f	fence.i	
       45025000	      4403	80003672	6635	c.lui	x12,0xd	 x12=0x0000d000
       45045000	      4405	80003674	03eb6733	rem	x14,x22,x30	 x22:0x00000018 x30:0x00000000 x14=0x00000018
       45055000	      4406	80003678	fa79f9e3	bgeu	x19,x7,8000362a	 x19:0x00000002  x7:0x00000009
       45065000	      4407	8000367c	8c99	c.sub	x9,x14	  x9:0x00000000 x14:0x00000018  x9=0xffffffe8
       45075000	      4408	8000367e	5de5	c.li	x27,-7	 x27=0xfffffff9
       45085000	      4409	80003680	4fb5	c.li	x31,13	 x31=0x0000000d
       45095000	      4410	80003682	01e2b333	sltu	x6,x5,x30	  x5:0x7c1a79f7 x30:0x00000000  x6=0x00000000
       45465000	      4447	80003686	03bc5433	divu	x8,x24,x27	 x24:0x00000001 x27:0xfffffff9  x8=0x00000000
       45475000	      4448	8000368a	0001	c.addi	x0,0	  x0:0x00000000  x0=0x00000000
       45485000	      4449	8000368c	41ef58b3	sra	x17,x30,x30	 x30:0x00000000 x30:0x00000000 x17=0x00000000
       45495000	      4450	80003690	0da9	c.addi	x27,10	 x27:0xfffffff9 x27=0x00000003
       45505000	      4451	80003692	fffd9ae3	bne	x27,x31,80003686	 x27:0x00000003 x31:0x0000000d
       45895000	      4490	80003686	03bc5433	divu	x8,x24,x27	 x24:0x00000001 x27:0x00000003  x8=0x00000000
       45905000	      4491	8000368a	0001	c.addi	x0,0	  x0:0x00000000  x0=0x00000000
       45915000	      4492	8000368c	41ef58b3	sra	x17,x30,x30	 x30:0x00000000 x30:0x00000000 x17=0x00000000
       45925000	      4493	80003690	0da9	c.addi	x27,10	 x27:0x00000003 x27=0x0000000d
       45935000	      4494	80003692	fffd9ae3	bne	x27,x31,80003686	 x27:0x0000000d x31:0x0000000d
       45945000	      4495	80003696	00e42933	slt	x18,x8,x14	  x8:0x00000000 x14:0x00000018 x18=0x00000001
       45955000	      4496	8000369a	45a9	c.li	x11,10	 x11=0x0000000a
       45965000	      4497	8000369c	004f4cb3	xor	x25,x30,x4	 x30:0x00000000  x4:0x00000000 x25=0x00000000
       45975000	      4498	800036a0	4e1d	c.li	x28,7	 x28=0x00000007
       45985000	      4499	800036a2	8ead	c.xor	x13,x11	 x13:0x00000001 x11:0x0000000a x13=0x0000000b
       45995000	      4500	800036a4	6525	c.lui	x10,0x9	 x10=0x00009000
       46005000	      4501	800036a6	44196e93	ori	x29,x18,1089	 x18:0x00000001 x29=0x00000441
       46015000	      4502	800036aa	993a	c.add	x18,x14	 x18:0x00000001 x14:0x00000018 x18=0x00000019
       46025000	      4503	800036ac	15e9	c.addi	x11,-6	 x11:0x0000000a x11=0x00000004
       46035000	      4504	800036ae	4311	c.li	x6,4	  x6=0x00000004
       46075000	      4508	800036b0	03a3b933	mulhu	x18,x7,x26	  x7:0x00000009 x26:0x00000000 x18=0x00000000
       46085000	      4509	800036b4	5fd5	c.li	x31,-11	 x31=0xfffffff5
       46095000	      4510	800036b6	8041	c.srli	x8,0x10	  x8:0x00000000  x8=0x00000000
       46105000	      4511	800036b8	197d	c.addi	x18,-1	 x18:0x00000000 x18=0xffffffff
       46475000	      4548	800036ba	022cda33	divu	x20,x25,x2	 x25:0x00000000  x2:0x80024e2c x20=0x00000000
       46485000	      4549	800036be	136d	c.addi	x6,-5	  x6:0x00000004  x6=0xffffffff
       46495000	      4550	800036c0	19fd	c.addi	x19,-1	 x19:0x00000002 x19=0x00000001
       46505000	      4551	800036c2	fff30ce3	beq	x6,x31,800036ba	  x6:0xffffffff x31:0xfffffff5
       46515000	      4552	800036c6	5d7d	c.li	x26,-1	 x26=0xffffffff
       46885000	      4589	800036c8	026848b3	div	x17,x16,x6	 x16:0x00000009  x6:0xffffffff x17=0xfffffff7
       46895000	      4590	800036cc	4cd1	c.li	x25,20	 x25=0x00000014
       46905000	      4591	800036ce	fdc5fae3	bgeu	x11,x28,800036a2	 x11:0x00000004 x28:0x00000007
       46915000	      4592	800036d2	8f51	c.or	x14,x12	 x14:0x00000018 x12:0x0000d000 x14=0x0000d018
       46925000	      4593	800036d4	4d05	c.li	x26,1	 x26=0x00000001
       46935000	      4594	800036d6	9b7d	c.andi	x14,-1	 x14:0x0000d018 x14=0x0000d018
       46955000	      4596	800036d8	0340ee33	rem	x28,x1,x20	  x1:0x00000000 x20:0x00000000 x28=0x00000000
       46965000	      4597	800036dc	01ba2cb3	slt	x25,x20,x27	 x20:0x00000000 x27:0x0000000d x25=0x00000001
       47005000	      4601	800036e0	039024b3	mulhsu	x9,x0,x25	  x0:0x00000000 x25:0x00000001  x9=0x00000000
       47015000	      4602	800036e4	58b1	c.li	x17,-20	 x17=0xffffffec
       47025000	      4603	800036e6	843d	c.srai	x8,0xf	  x8:0x00000000  x8=0x00000000
       47035000	      4604	800036e8	00d034b3	sltu	x9,x0,x13	  x0:0x00000000 x13:0x0000000b  x9=0x00000001
       47045000	      4605	800036ec	01ef3033	sltu	x0,x30,x30	 x30:0x00000000 x30:0x00000000  x0=0x00000000
       47085000	      4609	800036f0	03fabbb3	mulhu	x23,x21,x31	 x21:0x00000009 x31:0xfffffff5 x23=0x00000008
       47095000	      4610	800036f4	0082c333	xor	x6,x5,x8	  x5:0x7c1a79f7  x8:0x00000000  x6=0x7c1a79f7
       47105000	      4611	800036f8	27c04f13	xori	x30,x0,636	  x0:0x00000000 x30=0x0000027c
       47115000	      4612	800036fc	01bd04b3	add	x9,x26,x27	 x26:0x00000001 x27:0x0000000d  x9=0x0000000e
       47125000	      4613	80003700	0ff0000f	fence	iorw,iorw	
       47135000	      4614	80003704	0001	c.addi	x0,0	  x0:0x00000000  x0=0x00000000
       47145000	      4615	80003706	1d59	c.addi	x26,-10	 x26:0x00000001 x26=0xfffffff7
       47155000	      4616	80003708	de138517	auipc	x10,0xde138	 x10=0x5e13b708
       47525000	      4653	8000370c	027f5933	divu	x18,x30,x7	 x30:0x0000027c  x7:0x00000009 x18=0x00000046
       47535000	      4654	80003710	239ab213	sltiu	x4,x21,569	 x21:0x00000009  x4=0x00000001
       47545000	      4655	80003714	c484b593	sltiu	x11,x9,-952	  x9:0x0000000e x11=0x00000001
       47555000	      4656	80003718	0001	c.addi	x0,0	  x0:0x00000000  x0=0x00000000
       47565000	      4657	8000371a	01e9db33	srl	x22,x19,x30	 x19:0x00000001 x30:0x0000027c x22=0x00000000
       47575000	      4658	8000371e	01a8f633	and	x12,x17,x26	 x17:0xffffffec x26:0xfffffff7 x12=0xffffffe4
       47585000	      4659	80003722	fd1d5be3	bge	x26,x17,800036f8	 x26:0xfffffff7 x17:0xffffffec
       47605000	      4661	800036f8	27c04f13	xori	x30,x0,636	  x0:0x00000000 x30=0x0000027c
       47615000	      4662	800036fc	01bd04b3	add	x9,x26,x27	 x26:0xfffffff7 x27:0x0000000d  x9=0x00000004
       47625000	      4663	80003700	0ff0000f	fence	iorw,iorw	
       47635000	      4664	80003704	0001	c.addi	x0,0	  x0:0x00000000  x0=0x00000000
       47645000	      4665	80003706	1d59	c.addi	x26,-10	 x26:0xfffffff7 x26=0xffffffed
       47655000	      4666	80003708	de138517	auipc	x10,0xde138	 x10=0x5e13b708
       48025000	      4703	8000370c	027f5933	divu	x18,x30,x7	 x30:0x0000027c  x7:0x00000009 x18=0x00000046
       48035000	      4704	80003710	239ab213	sltiu	x4,x21,569	 x21:0x00000009  x4=0x00000001
       48045000	      4705	80003714	c484b593	sltiu	x11,x9,-952	  x9:0x00000004 x11=0x00000001
       48055000	      4706	80003718	0001	c.addi	x0,0	  x0:0x00000000  x0=0x00000000
       48065000	      4707	8000371a	01e9db33	srl	x22,x19,x30	 x19:0x00000001 x30:0x0000027c x22=0x00000000
       48075000	      4708	8000371e	01a8f633	and	x12,x17,x26	 x17:0xffffffec x26:0xffffffed x12=0xffffffec
       48085000	      4709	80003722	fd1d5be3	bge	x26,x17,800036f8	 x26:0xffffffed x17:0xffffffec
       48105000	      4711	800036f8	27c04f13	xori	x30,x0,636	  x0:0x00000000 x30=0x0000027c
       48115000	      4712	800036fc	01bd04b3	add	x9,x26,x27	 x26:0xffffffed x27:0x0000000d  x9=0xfffffffa
       48125000	      4713	80003700	0ff0000f	fence	iorw,iorw	
       48135000	      4714	80003704	0001	c.addi	x0,0	  x0:0x00000000  x0=0x00000000
       48145000	      4715	80003706	1d59	c.addi	x26,-10	 x26:0xffffffed x26=0xffffffe3
       48155000	      4716	80003708	de138517	auipc	x10,0xde138	 x10=0x5e13b708
       48525000	      4753	8000370c	027f5933	divu	x18,x30,x7	 x30:0x0000027c  x7:0x00000009 x18=0x00000046
       48535000	      4754	80003710	239ab213	sltiu	x4,x21,569	 x21:0x00000009  x4=0x00000001
       48545000	      4755	80003714	c484b593	sltiu	x11,x9,-952	  x9:0xfffffffa x11=0x00000000
       48555000	      4756	80003718	0001	c.addi	x0,0	  x0:0x00000000  x0=0x00000000
       48565000	      4757	8000371a	01e9db33	srl	x22,x19,x30	 x19:0x00000001 x30:0x0000027c x22=0x00000000
       48575000	      4758	8000371e	01a8f633	and	x12,x17,x26	 x17:0xffffffec x26:0xffffffe3 x12=0xffffffe0
       48585000	      4759	80003722	fd1d5be3	bge	x26,x17,800036f8	 x26:0xffffffe3 x17:0xffffffec
       48955000	      4796	80003726	02ebf533	remu	x10,x23,x14	 x23:0x00000008 x14:0x0000d018 x10=0x00000008
       48965000	      4797	8000372a	59f5	c.li	x19,-3	 x19=0xfffffffd
       48995000	      4800	8000372c	02c28fb3	mul	x31,x5,x12	  x5:0x7c1a79f7 x12:0xffffffe0 x31=0x7cb0c120
       49005000	      4801	80003730	013c9e93	slli	x29,x25,0x13	 x25:0x00000001 x29=0x00080000
       49015000	      4802	80003734	53f1	c.li	x7,-4	  x7=0xfffffffc
       49385000	      4839	80003736	03aaeeb3	rem	x29,x21,x26	 x21:0x00000009 x26:0xffffffe3 x29=0x00000009
       49395000	      4840	8000373a	19f9	c.addi	x19,-2	 x19:0xfffffffd x19=0xfffffffb
       49405000	      4841	8000373c	016d6e33	or	x28,x26,x22	 x26:0xffffffe3 x22:0x00000000 x28=0xffffffe3
       49415000	      4842	80003740	5d65	c.li	x26,-7	 x26=0xfffffff9
       49435000	      4844	80003742	03427633	remu	x12,x4,x20	  x4:0x00000001 x20:0x00000000 x12=0x00000001
       49445000	      4845	80003746	4895	c.li	x17,5	 x17=0x00000005
       49455000	      4846	80003748	01e7cbb3	xor	x23,x15,x30	 x15:0x80028ce4 x30:0x0000027c x23=0x80028e98
       49465000	      4847	8000374c	8976	c.mv	x18,x29	  x0:0x00000000 x29:0x00000009 x18=0x00000009
       49475000	      4848	8000374e	0d19	c.addi	x26,6	 x26:0xfffffff9 x26=0xffffffff
       49485000	      4849	80003750	ff1d0ee3	beq	x26,x17,8000374c	 x26:0xffffffff x17:0x00000005
       49495000	      4850	80003754	0000100f	fence.i	
       49515000	      4852	80003758	fc79dfe3	bge	x19,x7,80003736	 x19:0xfffffffb  x7:0xfffffffc
       49525000	      4853	8000375c	406e8c33	sub	x24,x29,x6	 x29:0x00000009  x6:0x7c1a79f7 x24=0x83e58612
       49535000	      4854	80003760	4b29	c.li	x22,10	 x22=0x0000000a
       49545000	      4855	80003762	01629033	sll	x0,x5,x22	  x5:0x7c1a79f7 x22:0x0000000a  x0=0x00000000
       49555000	      4856	80003766	2a1cf913	andi	x18,x25,673	 x25:0x00000001 x18=0x00000001
       49565000	      4857	8000376a	463d	c.li	x12,15	 x12=0x0000000f
       49575000	      4858	8000376c	8e7fcf93	xori	x31,x31,-1817	 x31:0x7cb0c120 x31=0x834f39c7
       49585000	      4859	80003770	00db3eb3	sltu	x29,x22,x13	 x22:0x0000000a x13:0x0000000b x29=0x00000001
       49595000	      4860	80003774	0b1d	c.addi	x22,7	 x22:0x0000000a x22=0x00000011
       49605000	      4861	80003776	00b932b3	sltu	x5,x18,x11	 x18:0x00000001 x11:0x00000000  x5=0x00000000
       49615000	      4862	8000377a	5c71	c.li	x24,-4	 x24=0xfffffffc
       49625000	      4863	8000377c	8ed9	c.or	x13,x14	 x13:0x0000000b x14:0x0000d018 x13=0x0000d01b
       49635000	      4864	8000377e	59d1	c.li	x19,-12	 x19=0xfffffff4
       49645000	      4865	80003780	0185	c.addi	x3,1	  x3:0xfffffffb  x3=0xfffffffc
       50015000	      4902	80003782	0305d4b3	divu	x9,x11,x16	 x11:0x00000000 x16:0x00000009  x9=0x00000000
       50055000	      4906	80003786	02e59fb3	mulh	x31,x11,x14	 x11:0x00000000 x14:0x0000d018 x31=0x00000000
       50065000	      4907	8000378a	8d71	c.and	x10,x12	 x10:0x00000008 x12:0x0000000f x10=0x00000008
       50435000	      4944	8000378c	023cebb3	rem	x23,x25,x3	 x25:0x00000001  x3:0xfffffffc x23=0x00000001
       50445000	      4945	80003790	c7d26c93	ori	x25,x4,-899	  x4:0x00000001 x25=0xfffffc7d
       50455000	      4946	80003794	ec58a713	slti	x14,x17,-315	 x17:0x00000005 x14=0x00000000
       50465000	      4947	80003798	1c71	c.addi	x24,-4	 x24:0xfffffffc x24=0xfffffff8
       50475000	      4948	8000379a	ff3c56e3	bge	x24,x19,80003786	 x24:0xfffffff8 x19:0xfffffff4
       50535000	      4954	80003786	02e59fb3	mulh	x31,x11,x14	 x11:0x00000000 x14:0x00000000 x31=0x00000000
       50545000	      4955	8000378a	8d71	c.and	x10,x12	 x10:0x00000008 x12:0x0000000f x10=0x00000008
       50915000	      4992	8000378c	023cebb3	rem	x23,x25,x3	 x25:0xfffffc7d  x3:0xfffffffc x23=0xfffffffd
       50925000	      4993	80003790	c7d26c93	ori	x25,x4,-899	  x4:0x00000001 x25=0xfffffc7d
       50935000	      4994	80003794	ec58a713	slti	x14,x17,-315	 x17:0x00000005 x14=0x00000000
       50945000	      4995	80003798	1c71	c.addi	x24,-4	 x24:0xfffffff8 x24=0xfffffff4
       50955000	      4996	8000379a	ff3c56e3	bge	x24,x19,80003786	 x24:0xfffffff4 x19:0xfffffff4
       51015000	      5002	80003786	02e59fb3	mulh	x31,x11,x14	 x11:0x00000000 x14:0x00000000 x31=0x00000000
       51025000	      5003	8000378a	8d71	c.and	x10,x12	 x10:0x00000008 x12:0x0000000f x10=0x00000008
       51395000	      5040	8000378c	023cebb3	rem	x23,x25,x3	 x25:0xfffffc7d  x3:0xfffffffc x23=0xfffffffd
       51405000	      5041	80003790	c7d26c93	ori	x25,x4,-899	  x4:0x00000001 x25=0xfffffc7d
       51415000	      5042	80003794	ec58a713	slti	x14,x17,-315	 x17:0x00000005 x14=0x00000000
       51425000	      5043	80003798	1c71	c.addi	x24,-4	 x24:0xfffffff4 x24=0xfffffff0
       51435000	      5044	8000379a	ff3c56e3	bge	x24,x19,80003786	 x24:0xfffffff0 x19:0xfffffff4
       51445000	      5045	8000379e	8f49	c.or	x14,x10	 x14:0x00000000 x10:0x00000008 x14=0x00000008
       51455000	      5046	800037a0	fccb48e3	blt	x22,x12,80003770	 x22:0x00000011 x12:0x0000000f
       51465000	      5047	800037a4	68ed	c.lui	x17,0x1b	 x17=0x0001b000
       51475000	      5048	800037a6	46a9	c.li	x13,10	 x13=0x0000000a
       51485000	      5049	800037a8	8c21	c.xor	x8,x8	  x8:0x00000000  x8:0x00000000  x8=0x00000000
       51495000	      5050	800037aa	0000100f	fence.i	
       51525000	      5053	800037ae	382eff13	andi	x30,x29,898	 x29:0x00000001 x30=0x00000000
       51535000	      5054	800037b2	e1902b13	slti	x22,x0,-487	  x0:0x00000000 x22=0x00000000
       51545000	      5055	800037b6	0001	c.addi	x0,0	  x0:0x00000000  x0=0x00000000
       51555000	      5056	800037b8	17a32c37	lui	x24,0x17a32	 x24=0x17a32000
       51565000	      5057	800037bc	014ee5b3	or	x11,x29,x20	 x29:0x00000001 x20:0x00000000 x11=0x00000001
       51575000	      5058	800037c0	8f29	c.xor	x14,x10	 x14:0x00000008 x10:0x00000008 x14=0x00000000
       51585000	      5059	800037c2	16ed	c.addi	x13,-5	 x13:0x0000000a x13=0x00000005
       51595000	      5060	800037c4	0001	c.addi	x0,0	  x0:0x00000000  x0=0x00000000
       51605000	      5061	800037c6	0001	c.addi	x0,0	  x0:0x00000000  x0=0x00000000
       51615000	      5062	800037c8	daf5	c.beqz	x13,800037bc	 x13:0x00000005
       51985000	      5099	800037ca	0278feb3	remu	x29,x17,x7	 x17:0x0001b000  x7:0xfffffffc x29=0x0001b000
       51995000	      5100	800037ce	5c5d	c.li	x24,-9	 x24=0xfffffff7
       52005000	      5101	800037d0	00a3f2b3	and	x5,x7,x10	  x7:0xfffffffc x10:0x00000008  x5=0x00000008
       52025000	      5103	800037d4	03f5c933	div	x18,x11,x31	 x11:0x00000001 x31:0x00000000 x18=0xffffffff
       52035000	      5104	800037d8	53b9	c.li	x7,-18	  x7=0xffffffee
       52045000	      5105	800037da	1814	c.addi4spn	x13,x2,48	 x13=0x80024e5c
       52055000	      5106	800037dc	d22e0093	addi	x1,x28,-734	 x28:0xffffffe3  x1=0xfffffd05
       52065000	      5107	800037e0	1c5d	c.addi	x24,-9	 x24:0xfffffff7 x24=0xffffffee
       52075000	      5108	800037e2	6b348093	addi	x1,x9,1715	  x9:0x00000000  x1=0x000006b3
       52085000	      5109	800037e6	8ed72f13	slti	x30,x14,-1811	 x14:0x00000000 x30=0x00000000
       52095000	      5110	800037ea	fe7c58e3	bge	x24,x7,800037da	 x24:0xffffffee  x7:0xffffffee
       52115000	      5112	800037da	1814	c.addi4spn	x13,x2,48	 x13=0x80024e5c
       52125000	      5113	800037dc	d22e0093	addi	x1,x28,-734	 x28:0xffffffe3  x1=0xfffffd05
       52135000	      5114	800037e0	1c5d	c.addi	x24,-9	 x24:0xffffffee x24=0xffffffe5
       52145000	      5115	800037e2	6b348093	addi	x1,x9,1715	  x9:0x00000000  x1=0x000006b3
       52155000	      5116	800037e6	8ed72f13	slti	x30,x14,-1811	 x14:0x00000000 x30=0x00000000
       52165000	      5117	800037ea	fe7c58e3	bge	x24,x7,800037da	 x24:0xffffffe5  x7:0xffffffee
       52175000	      5118	800037ee	a9fcb593	sltiu	x11,x25,-1377	 x25:0xfffffc7d x11=0x00000000
       52185000	      5119	800037f2	4da1	c.li	x27,8	 x27=0x00000008
       52195000	      5120	800037f4	4091	c.li	x1,4	  x1=0x00000004
       52205000	      5121	800037f6	6d3e8513	addi	x10,x29,1747	 x29:0x0001b000 x10=0x0001b6d3
       52215000	      5122	800037fa	9c0e	c.add	x24,x3	 x24:0xffffffe5  x3:0xfffffffc x24=0xffffffe1
       52225000	      5123	800037fc	1df9	c.addi	x27,-2	 x27:0x00000008 x27=0x00000006
       52235000	      5124	800037fe	58ed	c.li	x17,-5	 x17=0xfffffffb
       52245000	      5125	80003800	4ecd	c.li	x29,19	 x29=0x00000013
       52285000	      5129	80003802	03f83d33	mulhu	x26,x16,x31	 x16:0x00000009 x31:0x00000000 x26=0x00000000
       52295000	      5130	80003806	0000100f	fence.i	
       52315000	      5132	8000380a	0899	c.addi	x17,6	 x17:0xfffffffb x17=0x00000001
       52325000	      5133	8000380c	ffd88be3	beq	x17,x29,80003802	 x17:0x00000001 x29:0x00000013
       52335000	      5134	80003810	fe1df3e3	bgeu	x27,x1,800037f6	 x27:0x00000006  x1:0x00000004
       52365000	      5137	800037f6	6d3e8513	addi	x10,x29,1747	 x29:0x00000013 x10=0x000006e6
       52375000	      5138	800037fa	9c0e	c.add	x24,x3	 x24:0xffffffe1  x3:0xfffffffc x24=0xffffffdd
       52385000	      5139	800037fc	1df9	c.addi	x27,-2	 x27:0x00000006 x27=0x00000004
       52395000	      5140	800037fe	58ed	c.li	x17,-5	 x17=0xfffffffb
       52405000	      5141	80003800	4ecd	c.li	x29,19	 x29=0x00000013
       52445000	      5145	80003802	03f83d33	mulhu	x26,x16,x31	 x16:0x00000009 x31:0x00000000 x26=0x00000000
       52455000	      5146	80003806	0000100f	fence.i	
       52475000	      5148	8000380a	0899	c.addi	x17,6	 x17:0xfffffffb x17=0x00000001
       52485000	      5149	8000380c	ffd88be3	beq	x17,x29,80003802	 x17:0x00000001 x29:0x00000013
       52495000	      5150	80003810	fe1df3e3	bgeu	x27,x1,800037f6	 x27:0x00000004  x1:0x00000004
       52525000	      5153	800037f6	6d3e8513	addi	x10,x29,1747	 x29:0x00000013 x10=0x000006e6
       52535000	      5154	800037fa	9c0e	c.add	x24,x3	 x24:0xffffffdd  x3:0xfffffffc x24=0xffffffd9
       52545000	      5155	800037fc	1df9	c.addi	x27,-2	 x27:0x00000004 x27=0x00000002
       52555000	      5156	800037fe	58ed	c.li	x17,-5	 x17=0xfffffffb
       52565000	      5157	80003800	4ecd	c.li	x29,19	 x29=0x00000013
       52605000	      5161	80003802	03f83d33	mulhu	x26,x16,x31	 x16:0x00000009 x31:0x00000000 x26=0x00000000
       52615000	      5162	80003806	0000100f	fence.i	
       52635000	      5164	8000380a	0899	c.addi	x17,6	 x17:0xfffffffb x17=0x00000001
       52645000	      5165	8000380c	ffd88be3	beq	x17,x29,80003802	 x17:0x00000001 x29:0x00000013
       52655000	      5166	80003810	fe1df3e3	bgeu	x27,x1,800037f6	 x27:0x00000002  x1:0x00000004
       52695000	      5170	80003814	024223b3	mulhsu	x7,x4,x4	  x4:0x00000001  x4:0x00000001  x7=0x00000000
       52705000	      5171	80003818	42a1	c.li	x5,8	  x5=0x00000008
       52725000	      5173	8000381a	0369ec33	rem	x24,x19,x22	 x19:0xfffffff4 x22:0x00000000 x24=0xfffffff4
       52735000	      5174	8000381e	46a1	c.li	x13,8	 x13=0x00000008
       52745000	      5175	80003820	99fd	c.andi	x11,-1	 x11:0x00000000 x11=0x00000000
       52755000	      5176	80003822	5cfd	c.li	x25,-1	 x25=0xffffffff
       52765000	      5177	80003824	0001	c.addi	x0,0	  x0:0x00000000  x0=0x00000000
       52775000	      5178	80003826	a3244313	xori	x6,x8,-1486	  x8:0x00000000  x6=0xfffffa32
       53145000	      5215	8000382a	022effb3	remu	x31,x29,x2	 x29:0x00000013  x2:0x80024e2c x31=0x00000013
       53155000	      5216	8000382e	8446	c.mv	x8,x17	  x0:0x00000000 x17:0x00000001  x8=0x00000001
       53165000	      5217	80003830	12f9	c.addi	x5,-2	  x5:0x00000008  x5=0x00000006
       53175000	      5218	80003832	013b5433	srl	x8,x22,x19	 x22:0x00000000 x19:0xfffffff4  x8=0x00000000
       53185000	      5219	80003836	8f79	c.and	x14,x14	 x14:0x00000000 x14:0x00000000 x14=0x00000000
       53195000	      5220	80003838	01de2eb3	slt	x29,x28,x29	 x28:0xffffffe3 x29:0x00000013 x29=0x00000001
       53205000	      5221	8000383c	9a7d	c.andi	x12,-1	 x12:0x0000000f x12=0x0000000f
       53215000	      5222	8000383e	fed2f3e3	bgeu	x5,x13,80003824	  x5:0x00000006 x13:0x00000008
       53225000	      5223	80003842	0ff0000f	fence	iorw,iorw	
       53235000	      5224	80003846	5365	c.li	x6,-7	  x6=0xfffffff9
       53245000	      5225	80003848	85b9	c.srai	x11,0xe	 x11:0x00000000 x11=0x00000000
       53255000	      5226	8000384a	4a2e3b13	sltiu	x22,x28,1186	 x28:0xffffffe3 x22=0x00000000
       53265000	      5227	8000384e	003cdf13	srli	x30,x25,0x3	 x25:0xffffffff x30=0x1fffffff
       53305000	      5231	80003852	02a8a633	mulhsu	x12,x17,x10	 x17:0x00000001 x10:0x000006e6 x12=0x00000000
       53315000	      5232	80003856	0001	c.addi	x0,0	  x0:0x00000000  x0=0x00000000
       53355000	      5236	80003858	02e1a2b3	mulhsu	x5,x3,x14	  x3:0xfffffffc x14:0x00000000  x5=0x00000000
       53365000	      5237	8000385c	6dbd	c.lui	x27,0xf	 x27=0x0000f000
       53405000	      5241	8000385e	025f91b3	mulh	x3,x31,x5	 x31:0x00000013  x5:0x00000000  x3=0x00000000
       53415000	      5242	80003862	8f3d	c.xor	x14,x15	 x14:0x00000000 x15:0x80028ce4 x14=0x80028ce4
       53425000	      5243	80003864	4405	c.li	x8,1	  x8=0x00000001
       53435000	      5244	80003866	2b3f0d13	addi	x26,x30,691	 x30:0x1fffffff x26=0x200002b2
       53445000	      5245	8000386a	076e	c.slli	x14,0x1b	 x14:0x80028ce4 x14=0x20000000
       53455000	      5246	8000386c	8df1	c.and	x11,x12	 x11:0x00000000 x12:0x00000000 x11=0x00000000
       53465000	      5247	8000386e	01ebdfb3	srl	x31,x23,x30	 x23:0xfffffffd x30:0x1fffffff x31=0x00000001
       53475000	      5248	80003872	0311	c.addi	x6,4	  x6:0xfffffff9  x6=0xfffffffd
       53845000	      5285	80003874	03e6d733	divu	x14,x13,x30	 x13:0x00000008 x30:0x1fffffff x14=0x00000000
       53855000	      5286	80003878	01e54933	xor	x18,x10,x30	 x10:0x000006e6 x30:0x1fffffff x18=0x1ffff919
       53865000	      5287	8000387c	899a	c.mv	x19,x6	  x0:0x00000000  x6:0xfffffffd x19=0xfffffffd
       53875000	      5288	8000387e	1ffd	c.addi	x31,-1	 x31:0x00000001 x31=0x00000000
       53885000	      5289	80003880	fe8343e3	blt	x6,x8,80003866	  x6:0xfffffffd  x8:0x00000001
       53915000	      5292	80003866	2b3f0d13	addi	x26,x30,691	 x30:0x1fffffff x26=0x200002b2
       53925000	      5293	8000386a	076e	c.slli	x14,0x1b	 x14:0x00000000 x14=0x00000000
       53935000	      5294	8000386c	8df1	c.and	x11,x12	 x11:0x00000000 x12:0x00000000 x11=0x00000000
       53945000	      5295	8000386e	01ebdfb3	srl	x31,x23,x30	 x23:0xfffffffd x30:0x1fffffff x31=0x00000001
       53955000	      5296	80003872	0311	c.addi	x6,4	  x6:0xfffffffd  x6=0x00000001
       54325000	      5333	80003874	03e6d733	divu	x14,x13,x30	 x13:0x00000008 x30:0x1fffffff x14=0x00000000
       54335000	      5334	80003878	01e54933	xor	x18,x10,x30	 x10:0x000006e6 x30:0x1fffffff x18=0x1ffff919
       54345000	      5335	8000387c	899a	c.mv	x19,x6	  x0:0x00000000  x6:0x00000001 x19=0x00000001
       54355000	      5336	8000387e	1ffd	c.addi	x31,-1	 x31:0x00000001 x31=0x00000000
       54365000	      5337	80003880	fe8343e3	blt	x6,x8,80003866	  x6:0x00000001  x8:0x00000001
       54735000	      5374	80003884	02136e33	rem	x28,x6,x1	  x6:0x00000001  x1:0x00000004 x28=0x00000001
       54745000	      5375	80003888	5cfd	c.li	x25,-1	 x25=0xffffffff
       54755000	      5376	8000388a	177d	c.addi	x14,-1	 x14:0x00000000 x14=0xffffffff
       55125000	      5413	8000388c	033cfc33	remu	x24,x25,x19	 x25:0xffffffff x19:0x00000001 x24=0x00000000
       55495000	      5450	80003890	028270b3	remu	x1,x4,x8	  x4:0x00000001  x8:0x00000001  x1=0x00000000
       55505000	      5451	80003894	0d5a	c.slli	x26,0x16	 x26:0x200002b2 x26=0xac800000
       55515000	      5452	80003896	8e75	c.and	x12,x13	 x12:0x00000000 x13:0x00000008 x12=0x00000000
       55555000	      5456	80003898	02511cb3	mulh	x25,x2,x5	  x2:0x80024e2c  x5:0x00000000 x25=0x00000000
       55565000	      5457	8000389c	00dc0db3	add	x27,x24,x13	 x24:0x00000000 x13:0x00000008 x27=0x00000008
       55575000	      5458	800038a0	4cb1	c.li	x25,12	 x25=0x0000000c
       55595000	      5460	800038a2	0279cfb3	div	x31,x19,x7	 x19:0x00000001  x7:0x00000000 x31=0xffffffff
       55605000	      5461	800038a6	cd89	c.beqz	x11,800038c0	 x11:0x00000000
       55625000	      5463	800038c0	01f19363	bne	x3,x31,800038c6	  x3:0x00000000 x31:0xffffffff
       55645000	      5465	800038c6	802d	c.srli	x8,0xb	  x8:0x00000001  x8=0x00000000
       55655000	      5466	800038c8	0038cc63	blt	x17,x3,800038e0	 x17:0x00000001  x3:0x00000000
       55665000	      5467	800038cc	00ef7233	and	x4,x30,x14	 x30:0x1fffffff x14:0xffffffff  x4=0x1fffffff
       55675000	      5468	800038d0	98fd	c.andi	x9,-1	  x9:0x00000000  x9=0x00000000
       55685000	      5469	800038d2	c08d	c.beqz	x9,800038f4	  x9:0x00000000
       55705000	      5471	800038f4	8816	c.mv	x16,x5	  x0:0x00000000  x5:0x00000000 x16=0x00000000
       55715000	      5472	800038f6	01ec2c33	slt	x24,x24,x30	 x24:0x00000000 x30:0x1fffffff x24=0x00000001
       55725000	      5473	800038fa	37186eb7	lui	x29,0x37186	 x29=0x37186000
       55735000	      5474	800038fe	01f4a933	slt	x18,x9,x31	  x9:0x00000000 x31:0xffffffff x18=0x00000000
       55745000	      5475	80003902	002ae863	bltu	x21,x2,80003912	 x21:0x00000009  x2:0x80024e2c
       55775000	      5478	80003912	00911633	sll	x12,x2,x9	  x2:0x80024e2c  x9:0x00000000 x12=0x80024e2c
       55785000	      5479	80003916	40d08c33	sub	x24,x1,x13	  x1:0x00000000 x13:0x00000008 x24=0xfffffff8
       55795000	      5480	8000391a	00327a33	and	x20,x4,x3	  x4:0x1fffffff  x3:0x00000000 x20=0x00000000
       55805000	      5481	8000391e	8759bf93	sltiu	x31,x19,-1931	 x19:0x00000001 x31=0x00000001
       55815000	      5482	80003922	95a91cb7	lui	x25,0x95a91	 x25=0x95a91000
       55825000	      5483	80003926	006032b3	sltu	x5,x0,x6	  x0:0x00000000  x6:0x00000001  x5=0x00000001
       55835000	      5484	8000392a	8ced	c.and	x9,x11	  x9:0x00000000 x11:0x00000000  x9=0x00000000
       55845000	      5485	8000392c	850e	c.mv	x10,x3	  x0:0x00000000  x3:0x00000000 x10=0x00000000
       55855000	      5486	8000392e	41ff5b93	srai	x23,x30,0x1f	 x30:0x1fffffff x23=0x00000000
       55865000	      5487	80003932	ee52ef93	ori	x31,x5,-283	  x5:0x00000001 x31=0xfffffee5
       55875000	      5488	80003936	415bde93	srai	x29,x23,0x15	 x23:0x00000000 x29=0x00000000
       55885000	      5489	8000393a	0001	c.addi	x0,0	  x0:0x00000000  x0=0x00000000
       55895000	      5490	8000393c	42336d93	ori	x27,x6,1059	  x6:0x00000001 x27=0x00000423
       55905000	      5491	80003940	c5a1	c.beqz	x11,80003988	 x11:0x00000000
       55925000	      5493	80003988	27444213	xori	x4,x8,628	  x8:0x00000000  x4=0x00000274
       55935000	      5494	8000398c	1a9cc213	xori	x4,x25,425	 x25:0x95a91000  x4=0x95a911a9
       55945000	      5495	80003990	39936613	ori	x12,x6,921	  x6:0x00000001 x12=0x00000399
       55975000	      5498	80003994	03c78733	mul	x14,x15,x28	 x15:0x80028ce4 x28:0x00000001 x14=0x80028ce4
       55985000	      5499	80003998	5ffd	c.li	x31,-1	 x31=0xffffffff
       56025000	      5503	8000399a	024b16b3	mulh	x13,x22,x4	 x22:0x00000000  x4:0x95a911a9 x13=0x00000000
       56035000	      5504	8000399e	0000100f	fence.i	
       56095000	      5510	800039a2	03e43e33	mulhu	x28,x8,x30	  x8:0x00000000 x30:0x1fffffff x28=0x00000000
       56105000	      5511	800039a6	1f7d	c.addi	x30,-1	 x30:0x1fffffff x30=0x1ffffffe
       56125000	      5513	800039a8	0376feb3	remu	x29,x13,x23	 x13:0x00000000 x23:0x00000000 x29=0x00000000
       56135000	      5514	800039ac	6e19	c.lui	x28,0x6	 x28=0x00006000
       56145000	      5515	800039ae	01d22bb3	slt	x23,x4,x29	  x4:0x95a911a9 x29:0x00000000 x23=0x00000001
       56155000	      5516	800039b2	9f8e	c.add	x31,x3	 x31:0xffffffff  x3:0x00000000 x31=0xffffffff
       56165000	      5517	800039b4	04247163	bgeu	x8,x2,800039f6	  x8:0x00000000  x2:0x80024e2c
       56175000	      5518	800039b8	5db32893	slti	x17,x6,1499	  x6:0x00000001 x17=0x00000001
       56185000	      5519	800039bc	4595	c.li	x11,5	 x11=0x00000005
       56195000	      5520	800039be	01518d33	add	x26,x3,x21	  x3:0x00000000 x21:0x00000009 x26=0x00000009
       56205000	      5521	800039c2	50e5	c.li	x1,-7	  x1=0xfffffff9
       56215000	      5522	800039c4	9ba6	c.add	x23,x9	 x23:0x00000001  x9:0x00000000 x23=0x00000001
       56225000	      5523	800039c6	8e79	c.and	x12,x14	 x12:0x00000399 x14:0x80028ce4 x12=0x00000080
       56235000	      5524	800039c8	15f1	c.addi	x11,-4	 x11:0x00000005 x11=0x00000001
       56245000	      5525	800039ca	4f99	c.li	x31,6	 x31=0x00000006
       56255000	      5526	800039cc	8c25	c.xor	x8,x9	  x8:0x00000000  x9:0x00000000  x8=0x00000000
       56265000	      5527	800039ce	4f21	c.li	x30,8	 x30=0x00000008
       56275000	      5528	800039d0	33c28493	addi	x9,x5,828	  x5:0x00000001  x9=0x0000033d
       56285000	      5529	800039d4	6bc5	c.lui	x23,0x11	 x23=0x00011000
       56295000	      5530	800039d6	0f9d	c.addi	x31,7	 x31:0x00000006 x31=0x0000000d
       56305000	      5531	800039d8	0001	c.addi	x0,0	  x0:0x00000000  x0=0x00000000
       56315000	      5532	800039da	ffefede3	bltu	x31,x30,800039d4	 x31:0x0000000d x30:0x00000008
       56325000	      5533	800039de	8895	c.andi	x9,5	  x9:0x0000033d  x9=0x00000005
       56335000	      5534	800039e0	fe1593e3	bne	x11,x1,800039c6	 x11:0x00000001  x1:0xfffffff9
       56355000	      5536	800039c6	8e79	c.and	x12,x14	 x12:0x00000080 x14:0x80028ce4 x12=0x00000080
       56365000	      5537	800039c8	15f1	c.addi	x11,-4	 x11:0x00000001 x11=0xfffffffd
       56375000	      5538	800039ca	4f99	c.li	x31,6	 x31=0x00000006
       56385000	      5539	800039cc	8c25	c.xor	x8,x9	  x8:0x00000000  x9:0x00000005  x8=0x00000005
       56395000	      5540	800039ce	4f21	c.li	x30,8	 x30=0x00000008
       56405000	      5541	800039d0	33c28493	addi	x9,x5,828	  x5:0x00000001  x9=0x0000033d
       56415000	      5542	800039d4	6bc5	c.lui	x23,0x11	 x23=0x00011000
       56425000	      5543	800039d6	0f9d	c.addi	x31,7	 x31:0x00000006 x31=0x0000000d
       56435000	      5544	800039d8	0001	c.addi	x0,0	  x0:0x00000000  x0=0x00000000
       56445000	      5545	800039da	ffefede3	bltu	x31,x30,800039d4	 x31:0x0000000d x30:0x00000008
       56455000	      5546	800039de	8895	c.andi	x9,5	  x9:0x0000033d  x9=0x00000005
       56465000	      5547	800039e0	fe1593e3	bne	x11,x1,800039c6	 x11:0xfffffffd  x1:0xfffffff9
       56485000	      5549	800039c6	8e79	c.and	x12,x14	 x12:0x00000080 x14:0x80028ce4 x12=0x00000080
       56495000	      5550	800039c8	15f1	c.addi	x11,-4	 x11:0xfffffffd x11=0xfffffff9
       56505000	      5551	800039ca	4f99	c.li	x31,6	 x31=0x00000006
       56515000	      5552	800039cc	8c25	c.xor	x8,x9	  x8:0x00000005  x9:0x00000005  x8=0x00000000
       56525000	      5553	800039ce	4f21	c.li	x30,8	 x30=0x00000008
       56535000	      5554	800039d0	33c28493	addi	x9,x5,828	  x5:0x00000001  x9=0x0000033d
       56545000	      5555	800039d4	6bc5	c.lui	x23,0x11	 x23=0x00011000
       56555000	      5556	800039d6	0f9d	c.addi	x31,7	 x31:0x00000006 x31=0x0000000d
       56565000	      5557	800039d8	0001	c.addi	x0,0	  x0:0x00000000  x0=0x00000000
       56575000	      5558	800039da	ffefede3	bltu	x31,x30,800039d4	 x31:0x0000000d x30:0x00000008
       56585000	      5559	800039de	8895	c.andi	x9,5	  x9:0x0000033d  x9=0x00000005
       56595000	      5560	800039e0	fe1593e3	bne	x11,x1,800039c6	 x11:0xfffffff9  x1:0xfffffff9
       56605000	      5561	800039e4	8216	c.mv	x4,x5	  x0:0x00000000  x5:0x00000001  x4=0x00000001
       56615000	      5562	800039e6	1ecc5517	auipc	x10,0x1ecc5	 x10=0x9ecc89e6
       56625000	      5563	800039ea	00201693	slli	x13,x0,0x2	  x0:0x00000000 x13=0x00000000
       56635000	      5564	800039ee	e719	c.bnez	x14,800039fc	 x14:0x80028ce4
       56655000	      5566	800039fc	7060b713	sltiu	x14,x1,1798	  x1:0xfffffff9 x14=0x00000000
       56665000	      5567	80003a00	0001	c.addi	x0,0	  x0:0x00000000  x0=0x00000000
       56675000	      5568	80003a02	009f1613	slli	x12,x30,0x9	 x30:0x00000008 x12=0x00001000
       56685000	      5569	80003a06	01190013	addi	x0,x18,17	 x18:0x00000000  x0=0x00000000
       56695000	      5570	80003a0a	89f1	c.andi	x11,28	 x11:0xfffffff9 x11=0x00000018
       56705000	      5571	80003a0c	41168933	sub	x18,x13,x17	 x13:0x00000000 x17:0x00000001 x18=0xffffffff
       56715000	      5572	80003a10	8555	c.srai	x10,0x15	 x10:0x9ecc89e6 x10=0xfffffcf6
       56725000	      5573	80003a12	8ba54493	xori	x9,x10,-1862	 x10:0xfffffcf6  x9=0x0000044c
       56735000	      5574	80003a16	0ff0000f	fence	iorw,iorw	
       56745000	      5575	80003a1a	013ebdb3	sltu	x27,x29,x19	 x29:0x00000000 x19:0x00000001 x27=0x00000001
       56755000	      5576	80003a1e	015cd333	srl	x6,x25,x21	 x25:0x95a91000 x21:0x00000009  x6=0x004ad488
       56765000	      5577	80003a22	489fae97	auipc	x29,0x489fa	 x29=0xc89fda22
       56795000	      5580	80003a26	038f8eb3	mul	x29,x31,x24	 x31:0x0000000d x24:0xfffffff8 x29=0xffffff98
       56805000	      5581	80003a2a	51d93993	sltiu	x19,x18,1309	 x18:0xffffffff x19=0x00000000
       56815000	      5582	80003a2e	02228563	beq	x5,x2,80003a58	  x5:0x00000001  x2:0x80024e2c
       56825000	      5583	80003a32	01c8d1b3	srl	x3,x17,x28	 x17:0x00000001 x28:0x00006000  x3=0x00000001
       56835000	      5584	80003a36	0001	c.addi	x0,0	  x0:0x00000000  x0=0x00000000
       56845000	      5585	80003a38	00025533	srl	x10,x4,x0	  x4:0x00000001  x0:0x00000000 x10=0x00000001
       56855000	      5586	80003a3c	985a	c.add	x16,x22	 x16:0x00000000 x22:0x00000000 x16=0x00000000
       56865000	      5587	80003a3e	41a15bb3	sra	x23,x2,x26	  x2:0x80024e2c x26:0x00000009 x23=0xffc00127
       56905000	      5591	80003a42	0303bdb3	mulhu	x27,x7,x16	  x7:0x00000000 x16:0x00000000 x27=0x00000000
       56915000	      5592	80003a46	8b86	c.mv	x23,x1	  x0:0x00000000  x1:0xfffffff9 x23=0xfffffff9
       56925000	      5593	80003a48	00da1713	slli	x14,x20,0xd	 x20:0x00000000 x14=0x00000000
       56935000	      5594	80003a4c	92872c13	slti	x24,x14,-1752	 x14:0x00000000 x24=0x00000000
       56945000	      5595	80003a50	0080ba33	sltu	x20,x1,x8	  x1:0xfffffff9  x8:0x00000000 x20=0x00000000
       56955000	      5596	80003a54	00e3b5b3	sltu	x11,x7,x14	  x7:0x00000000 x14:0x00000000 x11=0x00000000
       56965000	      5597	80003a58	adcbcc93	xori	x25,x23,-1316	 x23:0xfffffff9 x25=0x00000525
       56985000	      5599	80003a5c	0279cb33	div	x22,x19,x7	 x19:0x00000000  x7:0x00000000 x22=0xffffffff
       56995000	      5600	80003a60	01d2f8b3	and	x17,x5,x29	  x5:0x00000001 x29:0xffffff98 x17=0x00000000
       57365000	      5637	80003a64	021de633	rem	x12,x27,x1	 x27:0x00000000  x1:0xfffffff9 x12=0x00000000
       57375000	      5638	80003a68	1a7d	c.addi	x20,-1	 x20:0x00000000 x20=0xffffffff
       57385000	      5639	80003a6a	0294cd63	blt	x9,x9,80003aa4	  x9:0x0000044c  x9:0x0000044c
       57415000	      5642	80003a6e	03e283b3	mul	x7,x5,x30	  x5:0x00000001 x30:0x00000008  x7=0x00000008
       57425000	      5643	80003a72	9922	c.add	x18,x8	 x18:0xffffffff  x8:0x00000000 x18=0xffffffff
       57435000	      5644	80003a74	00e87533	and	x10,x16,x14	 x16:0x00000000 x14:0x00000000 x10=0x00000000
       57445000	      5645	80003a78	8e5d	c.or	x12,x15	 x12:0x00000000 x15:0x80028ce4 x12=0x80028ce4
       57485000	      5649	80003a7a	0296ad33	mulhsu	x26,x13,x9	 x13:0x00000000  x9:0x0000044c x26=0x00000000
       57525000	      5653	80003a7e	03ca9cb3	mulh	x25,x21,x28	 x21:0x00000009 x28:0x00006000 x25=0x00000000
       57565000	      5657	80003a82	02923333	mulhu	x6,x4,x9	  x4:0x00000001  x9:0x0000044c  x6=0x00000000
       57575000	      5658	80003a86	02ca9563	bne	x21,x12,80003ab0	 x21:0x00000009 x12:0x80028ce4
       57595000	      5660	80003ab0	01ba	c.slli	x3,0xe	  x3:0x00000001  x3=0x00004000
       57605000	      5661	80003ab2	0001	c.addi	x0,0	  x0:0x00000000  x0=0x00000000
       57615000	      5662	80003ab4	0000100f	fence.i	
       57645000	      5665	80003ab8	03885cb3	divu	x25,x16,x24	 x16:0x00000000 x24:0x00000000 x25=0xffffffff
       57665000	      5667	80003abc	0381feb3	remu	x29,x3,x24	  x3:0x00004000 x24:0x00000000 x29=0x00004000
       57675000	      5668	80003ac0	01d45663	bge	x8,x29,80003acc	  x8:0x00000000 x29:0x00004000
       57685000	      5669	80003ac4	03164963	blt	x12,x17,80003af6	 x12:0x80028ce4 x17:0x00000000
       57705000	      5671	80003af6	0395	c.addi	x7,5	  x7:0x00000008  x7=0x0000000d
       57715000	      5672	80003af8	00063e33	sltu	x28,x12,x0	 x12:0x80028ce4  x0:0x00000000 x28=0x00000000
       57735000	      5674	80003afc	031868b3	rem	x17,x16,x17	 x16:0x00000000 x17:0x00000000 x17=0x00000000
       57745000	      5675	80003b00	8cc9	c.or	x9,x10	  x9:0x0000044c x10:0x00000000  x9=0x0000044c
       57755000	      5676	80003b02	8ce5	c.and	x9,x9	  x9:0x0000044c  x9:0x0000044c  x9=0x0000044c
       57765000	      5677	80003b04	00e6afb3	slt	x31,x13,x14	 x13:0x00000000 x14:0x00000000 x31=0x00000000
       57775000	      5678	80003b08	01bb1563	bne	x22,x27,80003b12	 x22:0xffffffff x27:0x00000000
       57795000	      5680	80003b12	e099	c.bnez	x9,80003b18	  x9:0x0000044c
       57815000	      5682	80003b18	00240c63	beq	x8,x2,80003b30	  x8:0x00000000  x2:0x80024e2c
       57825000	      5683	80003b1c	007a6333	or	x6,x20,x7	 x20:0xffffffff  x7:0x0000000d  x6=0xffffffff
       57845000	      5685	80003b20	02ebf5b3	remu	x11,x23,x14	 x23:0xfffffff9 x14:0x00000000 x11=0xfffffff9
       57855000	      5686	80003b24	01de0db3	add	x27,x28,x29	 x28:0x00000000 x29:0x00004000 x27=0x00004000
       57865000	      5687	80003b28	8b9e	c.mv	x23,x7	  x0:0x00000000  x7:0x0000000d x23=0x0000000d
       57875000	      5688	80003b2a	00cf5c93	srli	x25,x30,0xc	 x30:0x00000008 x25=0x00000000
       57885000	      5689	80003b2e	8915	c.andi	x10,5	 x10:0x00000000 x10=0x00000000
       57895000	      5690	80003b30	01424633	xor	x12,x4,x20	  x4:0x00000001 x20:0xffffffff x12=0xfffffffe
       57905000	      5691	80003b34	8cad	c.xor	x9,x11	  x9:0x0000044c x11:0xfffffff9  x9=0xfffffbb5
       57915000	      5692	80003b36	018bc0b3	xor	x1,x23,x24	 x23:0x0000000d x24:0x00000000  x1=0x0000000d
       57925000	      5693	80003b3a	9a7d	c.andi	x12,-1	 x12:0xfffffffe x12=0xfffffffe
       57935000	      5694	80003b3c	63fd	c.lui	x7,0x1f	  x7=0x0001f000
       57945000	      5695	80003b3e	f8f90013	addi	x0,x18,-113	 x18:0xffffffff  x0=0x00000000
       57955000	      5696	80003b42	007d4e33	xor	x28,x26,x7	 x26:0x00000000  x7:0x0001f000 x28=0x0001f000
       57985000	      5699	80003b46	02700433	mul	x8,x0,x7	  x0:0x00000000  x7:0x0001f000  x8=0x00000000
       57995000	      5700	80003b4a	01409cb3	sll	x25,x1,x20	  x1:0x0000000d x20:0xffffffff x25=0x80000000
       58365000	      5737	80003b4e	039653b3	divu	x7,x12,x25	 x12:0xfffffffe x25:0x80000000  x7=0x00000001
       58375000	      5738	80003b52	8ca9	c.xor	x9,x10	  x9:0xfffffbb5 x10:0x00000000  x9=0xfffffbb5
       58385000	      5739	80003b54	03450b63	beq	x10,x20,80003b8a	 x10:0x00000000 x20:0xffffffff
       58425000	      5743	80003b58	03a1acb3	mulhsu	x25,x3,x26	  x3:0x00004000 x26:0x00000000 x25=0x00000000
       58435000	      5744	80003b5c	0ebaa017	auipc	x0,0xebaa	  x0=0x00000000
       58445000	      5745	80003b60	9536	c.add	x10,x13	 x10:0x00000000 x13:0x00000000 x10=0x00000000
       58455000	      5746	80003b62	92152b13	slti	x22,x10,-1759	 x10:0x00000000 x22=0x00000000
       58465000	      5747	80003b66	0ff0000f	fence	iorw,iorw	
       58505000	      5751	80003b6a	02c092b3	mulh	x5,x1,x12	  x1:0x0000000d x12:0xfffffffe  x5=0xffffffff
       58515000	      5752	80003b6e	41dd	c.li	x3,23	  x3=0x00000017
       58525000	      5753	80003b70	00937633	and	x12,x6,x9	  x6:0xffffffff  x9:0xfffffbb5 x12=0xfffffbb5
       58535000	      5754	80003b74	41905213	srai	x4,x0,0x19	  x0:0x00000000  x4=0x00000000
       58545000	      5755	80003b78	99fd	c.andi	x11,-1	 x11:0xfffffff9 x11=0xfffffff9
       58555000	      5756	80003b7a	b8f0ae37	lui	x28,0xb8f0a	 x28=0xb8f0a000
       58565000	      5757	80003b7e	0d69	c.addi	x26,26	 x26:0x00000000 x26=0x0000001a
       58575000	      5758	80003b80	6d81a193	slti	x3,x3,1752	  x3:0x00000017  x3=0x00000001
       58585000	      5759	80003b84	03638663	beq	x7,x22,80003bb0	  x7:0x00000001 x22:0x00000000
       58595000	      5760	80003b88	9b7d	c.andi	x14,-1	 x14:0x00000000 x14=0x00000000
       58605000	      5761	80003b8a	8e71	c.and	x12,x12	 x12:0xfffffbb5 x12:0xfffffbb5 x12=0xfffffbb5
       58615000	      5762	80003b8c	00628633	add	x12,x5,x6	  x5:0xffffffff  x6:0xffffffff x12=0xfffffffe
       58625000	      5763	80003b90	0001	c.addi	x0,0	  x0:0x00000000  x0=0x00000000
       58635000	      5764	80003b92	00cf9033	sll	x0,x31,x12	 x31:0x00000000 x12:0xfffffffe  x0=0x00000000
       58645000	      5765	80003b96	8ea9	c.xor	x13,x10	 x13:0x00000000 x10:0x00000000 x13=0x00000000
       58655000	      5766	80003b98	966e	c.add	x12,x27	 x12:0xfffffffe x27:0x00004000 x12=0x00003ffe
       58675000	      5768	80003b9a	0312fe33	remu	x28,x5,x17	  x5:0xffffffff x17:0x00000000 x28=0xffffffff
       59045000	      5805	80003b9e	02c14033	div	x0,x2,x12	  x2:0x80024e2c x12:0x00003ffe  x0=0x00000000
       59055000	      5806	80003ba2	0001	c.addi	x0,0	  x0:0x00000000  x0=0x00000000
       59065000	      5807	80003ba4	0000100f	fence.i	
       59085000	      5809	80003ba8	0dee	c.slli	x27,0x1b	 x27:0x00004000 x27=0x00000000
       59095000	      5810	80003baa	027a5d63	bge	x20,x7,80003be4	 x20:0xffffffff  x7:0x00000001
       59105000	      5811	80003bae	8cfd	c.and	x9,x15	  x9:0xfffffbb5 x15:0x80028ce4  x9=0x800288a4
       59115000	      5812	80003bb0	875e	c.mv	x14,x23	  x0:0x00000000 x23:0x0000000d x14=0x0000000d
       59155000	      5816	80003bb2	03f6a3b3	mulhsu	x7,x13,x31	 x13:0x00000000 x31:0x00000000  x7=0x00000000
       59175000	      5818	80003bb6	03f869b3	rem	x19,x16,x31	 x16:0x00000000 x31:0x00000000 x19=0x00000000
       59185000	      5819	80003bba	0000100f	fence.i	
       59575000	      5858	80003bbe	021dfe33	remu	x28,x27,x1	 x27:0x00000000  x1:0x0000000d x28=0x00000000
       59585000	      5859	80003bc2	8751	c.srai	x14,0x14	 x14:0x0000000d x14=0x00000000
       59595000	      5860	80003bc4	8ebd	c.xor	x13,x15	 x13:0x00000000 x15:0x80028ce4 x13=0x80028ce4
       59605000	      5861	80003bc6	41bbdfb3	sra	x31,x23,x27	 x23:0x0000000d x27:0x00000000 x31=0x0000000d
       59635000	      5864	80003bca	02a68733	mul	x14,x13,x10	 x13:0x80028ce4 x10:0x00000000 x14=0x00000000
       59645000	      5865	80003bce	2fc9b293	sltiu	x5,x19,764	 x19:0x00000000  x5=0x00000001
       59655000	      5866	80003bd2	1e572713	slti	x14,x14,485	 x14:0x00000000 x14=0x00000001
       59665000	      5867	80003bd6	00de45b3	xor	x11,x28,x13	 x28:0x00000000 x13:0x80028ce4 x11=0x80028ce4
       59675000	      5868	80003bda	6311	c.lui	x6,0x4	  x6=0x00004000
       59685000	      5869	80003bdc	40e28833	sub	x16,x5,x14	  x5:0x00000001 x14:0x00000001 x16=0x00000000
       59705000	      5871	80003be0	0308ed33	rem	x26,x17,x16	 x17:0x00000000 x16:0x00000000 x26=0x00000000
       59715000	      5872	80003be4	8c85	c.sub	x9,x9	  x9:0x800288a4  x9:0x800288a4  x9=0x00000000
       59725000	      5873	80003be6	00505313	srli	x6,x0,0x5	  x0:0x00000000  x6=0x00000000
       59735000	      5874	80003bea	e211	c.bnez	x12,80003bee	 x12:0x00003ffe
       59765000	      5877	80003bee	010ba333	slt	x6,x23,x16	 x23:0x0000000d x16:0x00000000  x6=0x00000000
       59775000	      5878	80003bf2	0ff0000f	fence	iorw,iorw	
       59785000	      5879	80003bf6	01f64463	blt	x12,x31,80003bfe	 x12:0x00003ffe x31:0x0000000d
       59795000	      5880	80003bfa	03730b63	beq	x6,x23,80003c30	  x6:0x00000000 x23:0x0000000d
       59805000	      5881	80003bfe	4f17b013	sltiu	x0,x15,1265	 x15:0x80028ce4  x0=0x00000000
       59815000	      5882	80003c02	0ff0000f	fence	iorw,iorw	
       59825000	      5883	80003c06	01f29f13	slli	x30,x5,0x1f	  x5:0x00000001 x30=0x80000000
       59835000	      5884	80003c0a	003b7533	and	x10,x22,x3	 x22:0x00000000  x3:0x00000001 x10=0x00000000
       59845000	      5885	80003c0e	66ad	c.lui	x13,0xb	 x13=0x0000b000
       59855000	      5886	80003c10	006de0b3	or	x1,x27,x6	 x27:0x00000000  x6:0x00000000  x1=0x00000000
       59865000	      5887	80003c14	00495c33	srl	x24,x18,x4	 x18:0xffffffff  x4:0x00000000 x24=0xffffffff
       59895000	      5890	80003c18	024f86b3	mul	x13,x31,x4	 x31:0x0000000d  x4:0x00000000 x13=0x00000000
       59905000	      5891	80003c1c	b4b6a413	slti	x8,x13,-1205	 x13:0x00000000  x8=0x00000000
       59935000	      5894	80003c20	03b186b3	mul	x13,x3,x27	  x3:0x00000001 x27:0x00000000 x13=0x00000000
       59945000	      5895	80003c24	400b5b33	sra	x22,x22,x0	 x22:0x00000000  x0:0x00000000 x22=0x00000000
       59955000	      5896	80003c28	01056fb3	or	x31,x10,x16	 x10:0x00000000 x16:0x00000000 x31=0x00000000
       59965000	      5897	80003c2c	bae52b13	slti	x22,x10,-1106	 x10:0x00000000 x22=0x00000000
       59975000	      5898	80003c30	8c1e	c.mv	x24,x7	  x0:0x00000000  x7:0x00000000 x24=0x00000000
       59985000	      5899	80003c32	f96df193	andi	x3,x27,-106	 x27:0x00000000  x3=0x00000000
       59995000	      5900	80003c36	00db0db3	add	x27,x22,x13	 x22:0x00000000 x13:0x00000000 x27=0x00000000
       60005000	      5901	80003c3a	02cc0263	beq	x24,x12,80003c5e	 x24:0x00000000 x12:0x00003ffe
       60015000	      5902	80003c3e	8e0d	c.sub	x12,x11	 x12:0x00003ffe x11:0x80028ce4 x12=0x7ffdb31a
       60025000	      5903	80003c40	e889	c.bnez	x9,80003c52	  x9:0x00000000
       60035000	      5904	80003c42	00654cb3	xor	x25,x10,x6	 x10:0x00000000  x6:0x00000000 x25=0x00000000
       60045000	      5905	80003c46	40badc93	srai	x25,x21,0xb	 x21:0x00000009 x25=0x00000000
       60055000	      5906	80003c4a	0f9c4313	xori	x6,x24,249	 x24:0x00000000  x6=0x000000f9
       60065000	      5907	80003c4e	035d8913	addi	x18,x27,53	 x27:0x00000000 x18=0x00000035
       60075000	      5908	80003c52	8cb6	c.mv	x25,x13	  x0:0x00000000 x13:0x00000000 x25=0x00000000
       60085000	      5909	80003c54	92d57013	andi	x0,x10,-1747	 x10:0x00000000  x0=0x00000000
       60125000	      5913	80003c58	02a91533	mulh	x10,x18,x10	 x18:0x00000035 x10:0x00000000 x10=0x00000000
       60135000	      5914	80003c5c	05c6	c.slli	x11,0x11	 x11:0x80028ce4 x11=0x19c80000
       60145000	      5915	80003c5e	405ed813	srai	x16,x29,0x5	 x29:0x00004000 x16=0x00000200
       60155000	      5916	80003c62	01722833	slt	x16,x4,x23	  x4:0x00000000 x23:0x0000000d x16=0x00000001
       60165000	      5917	80003c66	047e	c.slli	x8,0x1f	  x8:0x00000000  x8=0x00000000
       60175000	      5918	80003c68	02dadf63	bge	x21,x13,80003ca6	 x21:0x00000009 x13:0x00000000
       60205000	      5921	80003ca6	00f4f663	bgeu	x9,x15,80003cb2	  x9:0x00000000 x15:0x80028ce4
       60215000	      5922	80003caa	02c05d63	bge	x0,x12,80003ce4	  x0:0x00000000 x12:0x7ffdb31a
       60225000	      5923	80003cae	00159b33	sll	x22,x11,x1	 x11:0x19c80000  x1:0x00000000 x22=0x19c80000
       60235000	      5924	80003cb2	0139d493	srli	x9,x19,0x13	 x19:0x00000000  x9=0x00000000
       60245000	      5925	80003cb6	01434e63	blt	x6,x20,80003cd2	  x6:0x000000f9 x20:0xffffffff
       60255000	      5926	80003cba	000c6db3	or	x27,x24,x0	 x24:0x00000000  x0:0x00000000 x27=0x00000000
       60265000	      5927	80003cbe	017bcc33	xor	x24,x23,x23	 x23:0x0000000d x23:0x0000000d x24=0x00000000
       60275000	      5928	80003cc2	8d95	c.sub	x11,x13	 x11:0x19c80000 x13:0x00000000 x11=0x19c80000
       60285000	      5929	80003cc4	39cbad93	slti	x27,x23,924	 x23:0x0000000d x27=0x00000001
       60295000	      5930	80003cc8	0001	c.addi	x0,0	  x0:0x00000000  x0=0x00000000
       60665000	      5967	80003cca	03235eb3	divu	x29,x6,x18	  x6:0x000000f9 x18:0x00000035 x29=0x00000004
       60685000	      5969	80003cce	03a76733	rem	x14,x14,x26	 x14:0x00000001 x26:0x00000000 x14=0x00000001
       60695000	      5970	80003cd2	ce19	c.beqz	x12,80003cf0	 x12:0x7ffdb31a
       60705000	      5971	80003cd4	00ec11b3	sll	x3,x24,x14	 x24:0x00000000 x14:0x00000001  x3=0x00000000
       60715000	      5972	80003cd8	99ccf197	auipc	x3,0x99ccf	  x3=0x19cd2cd8
       60755000	      5976	80003cdc	02d12b33	mulhsu	x22,x2,x13	  x2:0x80024e2c x13:0x00000000 x22=0x00000000
       60765000	      5977	80003ce0	00ea2833	slt	x16,x20,x14	 x20:0xffffffff x14:0x00000001 x16=0x00000001
       60775000	      5978	80003ce4	e5887b13	andi	x22,x16,-424	 x16:0x00000001 x22=0x00000000
       60785000	      5979	80003ce8	41bb8933	sub	x18,x23,x27	 x23:0x0000000d x27:0x00000001 x18=0x0000000c
       60795000	      5980	80003cec	29fd4993	xori	x19,x26,671	 x26:0x00000000 x19=0x0000029f
       60805000	      5981	80003cf0	00708e33	add	x28,x1,x7	  x1:0x00000000  x7:0x00000000 x28=0x00000000
       60815000	      5982	80003cf4	0001	c.addi	x0,0	  x0:0x00000000  x0=0x00000000
       60825000	      5983	80003cf6	010481b3	add	x3,x9,x16	  x9:0x00000000 x16:0x00000001  x3=0x00000001
       60835000	      5984	80003cfa	019284b3	add	x9,x5,x25	  x5:0x00000001 x25:0x00000000  x9=0x00000001
       60845000	      5985	80003cfe	16e8ec97	auipc	x25,0x16e8e	 x25=0x96e91cfe
       60855000	      5986	80003d02	01fc2233	slt	x4,x24,x31	 x24:0x00000000 x31:0x00000000  x4=0x00000000
       60865000	      5987	80003d06	01525193	srli	x3,x4,0x15	  x4:0x00000000  x3=0x00000000
       60875000	      5988	80003d0a	0000100f	fence.i	
       60895000	      5990	80003d0e	4a41	c.li	x20,16	 x20=0x00000010
       60905000	      5991	80003d10	034f9b63	bne	x31,x20,80003d46	 x31:0x00000000 x20:0x00000010
       60925000	      5993	80003d46	81d1	c.srli	x11,0x14	 x11:0x19c80000 x11=0x0000019c
       60935000	      5994	80003d48	46a1	c.li	x13,8	 x13=0x00000008
       60945000	      5995	80003d4a	8445	c.srai	x8,0x11	  x8:0x00000000  x8=0x00000000
       61315000	      6032	80003d4c	02b26eb3	rem	x29,x4,x11	  x4:0x00000000 x11:0x0000019c x29=0x00000000
       61325000	      6033	80003d50	0001	c.addi	x0,0	  x0:0x00000000  x0=0x00000000
       61335000	      6034	80003d52	004ff933	and	x18,x31,x4	 x31:0x00000000  x4:0x00000000 x18=0x00000000
       61345000	      6035	80003d56	52d4c293	xori	x5,x9,1325	  x9:0x00000001  x5=0x0000052c
       61355000	      6036	80003d5a	7c822513	slti	x10,x4,1992	  x4:0x00000000 x10=0x00000001
       61365000	      6037	80003d5e	8cdbef13	ori	x30,x23,-1843	 x23:0x0000000d x30=0xfffff8cd
       61375000	      6038	80003d62	6f25	c.lui	x30,0x9	 x30=0x00009000
       61385000	      6039	80003d64	01e11b93	slli	x23,x2,0x1e	  x2:0x80024e2c x23=0x00000000
       61395000	      6040	80003d68	8dd5	c.or	x11,x13	 x11:0x0000019c x13:0x00000008 x11=0x0000019c
       61405000	      6041	80003d6a	16f1	c.addi	x13,-4	 x13:0x00000008 x13=0x00000004
       61425000	      6043	80003d6c	021f74b3	remu	x9,x30,x1	 x30:0x00009000  x1:0x00000000  x9=0x00009000
       61435000	      6044	80003d70	01067833	and	x16,x12,x16	 x12:0x7ffdb31a x16:0x00000001 x16=0x00000000
       61445000	      6045	80003d74	002a1093	slli	x1,x20,0x2	 x20:0x00000010  x1=0x00000040
       61455000	      6046	80003d78	1f7d	c.addi	x30,-1	 x30:0x00009000 x30=0x00008fff
       61465000	      6047	80003d7a	f6e5	c.bnez	x13,80003d62	 x13:0x00000004
       61485000	      6049	80003d62	6f25	c.lui	x30,0x9	 x30=0x00009000
       61495000	      6050	80003d64	01e11b93	slli	x23,x2,0x1e	  x2:0x80024e2c x23=0x00000000
       61505000	      6051	80003d68	8dd5	c.or	x11,x13	 x11:0x0000019c x13:0x00000004 x11=0x0000019c
       61515000	      6052	80003d6a	16f1	c.addi	x13,-4	 x13:0x00000004 x13=0x00000000
       61885000	      6089	80003d6c	021f74b3	remu	x9,x30,x1	 x30:0x00009000  x1:0x00000040  x9=0x00000000
       61895000	      6090	80003d70	01067833	and	x16,x12,x16	 x12:0x7ffdb31a x16:0x00000000 x16=0x00000000
       61905000	      6091	80003d74	002a1093	slli	x1,x20,0x2	 x20:0x00000010  x1=0x00000040
       61915000	      6092	80003d78	1f7d	c.addi	x30,-1	 x30:0x00009000 x30=0x00008fff
       61925000	      6093	80003d7a	f6e5	c.bnez	x13,80003d62	 x13:0x00000000
       61935000	      6094	80003d7c	01639613	slli	x12,x7,0x16	  x7:0x00000000 x12=0x00000000
       61945000	      6095	80003d80	01b0d393	srli	x7,x1,0x1b	  x1:0x00000040  x7=0x00000000
       61955000	      6096	80003d84	f163df17	auipc	x30,0xf163d	 x30=0x71640d84
       61965000	      6097	80003d88	01674db3	xor	x27,x14,x22	 x14:0x00000001 x22:0x00000000 x27=0x00000001
       61975000	      6098	80003d8c	8f05	c.sub	x14,x9	 x14:0x00000001  x9:0x00000000 x14=0x00000001
       61985000	      6099	80003d8e	05b3c063	blt	x7,x27,80003dce	  x7:0x00000000 x27:0x00000001
       62005000	      6101	80003dce	6a3d	c.lui	x20,0xf	 x20=0x0000f000
       62045000	      6105	80003dd0	02543a33	mulhu	x20,x8,x5	  x8:0x00000000  x5:0x0000052c x20=0x00000000
       62055000	      6106	80003dd4	00f18033	add	x0,x3,x15	  x3:0x00000000 x15:0x80028ce4  x0=0x00000000
       62065000	      6107	80003dd8	013d1d33	sll	x26,x26,x19	 x26:0x00000000 x19:0x0000029f x26=0x00000000
       62075000	      6108	80003ddc	0001	c.addi	x0,0	  x0:0x00000000  x0=0x00000000
       62085000	      6109	80003dde	4f114193	xori	x3,x2,1265	  x2:0x80024e2c  x3=0x80024add
       62095000	      6110	80003de2	c909	c.beqz	x10,80003df4	 x10:0x00000001
       62105000	      6111	80003de4	0001	c.addi	x0,0	  x0:0x00000000  x0=0x00000000
       62115000	      6112	80003de6	8731	c.srai	x14,0xc	 x14:0x00000001 x14=0x00000000
       62125000	      6113	80003de8	845d	c.srai	x8,0x17	  x8:0x00000000  x8=0x00000000
       62135000	      6114	80003dea	2507b813	sltiu	x16,x15,592	 x15:0x80028ce4 x16=0x00000000
       62145000	      6115	80003dee	8989	c.andi	x11,2	 x11:0x0000019c x11=0x00000000
       62155000	      6116	80003df0	01a58d63	beq	x11,x26,80003e0a	 x11:0x00000000 x26:0x00000000
       62185000	      6119	80003e0a	03b1e663	bltu	x3,x27,80003e36	  x3:0x80024add x27:0x00000001
       62195000	      6120	80003e0e	c205	c.beqz	x12,80003e2e	 x12:0x00000000
       62225000	      6123	80003e2e	00b14e63	blt	x2,x11,80003e4a	  x2:0x80024e2c x11:0x00000000
       62285000	      6129	80003e4a	031e1cb3	mulh	x25,x28,x17	 x28:0x00000000 x17:0x00000000 x25=0x00000000
       62655000	      6166	80003e4e	02a35db3	divu	x27,x6,x10	  x6:0x000000f9 x10:0x00000001 x27=0x000000f9
       62665000	      6167	80003e52	00cb0a33	add	x20,x22,x12	 x22:0x00000000 x12:0x00000000 x20=0x00000000
       62675000	      6168	80003e56	00885433	srl	x8,x16,x8	 x16:0x00000000  x8:0x00000000  x8=0x00000000
       62685000	      6169	80003e5a	8c79	c.and	x8,x14	  x8:0x00000000 x14:0x00000000  x8=0x00000000
       62695000	      6170	80003e5c	8d45	c.or	x10,x9	 x10:0x00000001  x9:0x00000000 x10=0x00000001
       62705000	      6171	80003e5e	f4c93a13	sltiu	x20,x18,-180	 x18:0x00000000 x20=0x00000001
       62715000	      6172	80003e62	408c0933	sub	x18,x24,x8	 x24:0x00000000  x8:0x00000000 x18=0x00000000
       62725000	      6173	80003e66	0ff0000f	fence	iorw,iorw	
       62735000	      6174	80003e6a	00c8e533	or	x10,x17,x12	 x17:0x00000000 x12:0x00000000 x10=0x00000000
       62745000	      6175	80003e6e	012f86b3	add	x13,x31,x18	 x31:0x00000000 x18:0x00000000 x13=0x00000000
       62755000	      6176	80003e72	02489363	bne	x17,x4,80003e98	 x17:0x00000000  x4:0x00000000
       62795000	      6180	80003e76	02063db3	mulhu	x27,x12,x0	 x12:0x00000000  x0:0x00000000 x27=0x00000000
       62805000	      6181	80003e7a	8446	c.mv	x8,x17	  x0:0x00000000 x17:0x00000000  x8=0x00000000
       62815000	      6182	80003e7c	01b4e033	or	x0,x9,x27	  x9:0x00000000 x27:0x00000000  x0=0x00000000
       63185000	      6219	80003e80	0337f433	remu	x8,x15,x19	 x15:0x80028ce4 x19:0x0000029f  x8=0x00000223
       63195000	      6220	80003e84	013bec33	or	x24,x23,x19	 x23:0x00000000 x19:0x0000029f x24=0x0000029f
       63205000	      6221	80003e88	0001	c.addi	x0,0	  x0:0x00000000  x0=0x00000000
       63215000	      6222	80003e8a	8c09	c.sub	x8,x10	  x8:0x00000223 x10:0x00000000  x8=0x00000223
       63225000	      6223	80003e8c	8a6e	c.mv	x20,x27	  x0:0x00000000 x27:0x00000000 x20=0x00000000
       63235000	      6224	80003e8e	82e53613	sltiu	x12,x10,-2002	 x10:0x00000000 x12=0x00000001
       63245000	      6225	80003e92	8689	c.srai	x13,0x2	 x13:0x00000000 x13=0x00000000
       63255000	      6226	80003e94	01c24d33	xor	x26,x4,x28	  x4:0x00000000 x28:0x00000000 x26=0x00000000
       63265000	      6227	80003e98	6275	c.lui	x4,0x1d	  x4=0x0001d000
       63295000	      6230	80003e9a	020d06b3	mul	x13,x26,x0	 x26:0x00000000  x0:0x00000000 x13=0x00000000
       63315000	      6232	80003e9e	0326eeb3	rem	x29,x13,x18	 x13:0x00000000 x18:0x00000000 x29=0x00000000
       63355000	      6236	80003ea2	035d2b33	mulhsu	x22,x26,x21	 x26:0x00000000 x21:0x00000009 x22=0x00000000
       63365000	      6237	80003ea6	0000100f	fence.i	
       63395000	      6240	80003eaa	a5f6e617	auipc	x12,0xa5f6e	 x12=0x25f71eaa
       63405000	      6241	80003eae	021fe563	bltu	x31,x1,80003ed8	 x31:0x00000000  x1:0x00000040
       63425000	      6243	80003ed8	39873293	sltiu	x5,x14,920	 x14:0x00000000  x5=0x00000001
       63435000	      6244	80003edc	eacfb613	sltiu	x12,x31,-340	 x31:0x00000000 x12=0x00000001
       63445000	      6245	80003ee0	95e6	c.add	x11,x25	 x11:0x00000000 x25:0x00000000 x11=0x00000000
       63455000	      6246	80003ee2	024be663	bltu	x23,x4,80003f0e	 x23:0x00000000  x4:0x0001d000
       63485000	      6249	80003f0e	40000bb3	sub	x23,x0,x0	  x0:0x00000000  x0:0x00000000 x23=0x00000000
       63495000	      6250	80003f12	b44a2513	slti	x10,x20,-1212	 x20:0x00000000 x10=0x00000000
       63505000	      6251	80003f16	80b5	c.srli	x9,0xd	  x9:0x00000000  x9=0x00000000
       63515000	      6252	80003f18	5c0d3e93	sltiu	x29,x26,1472	 x26:0x00000000 x29=0x00000001
       63525000	      6253	80003f1c	d5ab8493	addi	x9,x23,-678	 x23:0x00000000  x9=0xfffffd5a
       63535000	      6254	80003f20	30467513	andi	x10,x12,772	 x12:0x00000001 x10=0x00000000
       63545000	      6255	80003f24	0ff0000f	fence	iorw,iorw	
       63555000	      6256	80003f28	5df9	c.li	x27,-2	 x27=0xfffffffe
       63585000	      6259	80003f2a	03bb0b33	mul	x22,x22,x27	 x22:0x00000000 x27:0xfffffffe x22=0x00000000
       63595000	      6260	80003f2e	00d1a9b3	slt	x19,x3,x13	  x3:0x80024add x13:0x00000000 x19=0x00000001
       63605000	      6261	80003f32	40d0d513	srai	x10,x1,0xd	  x1:0x00000040 x10=0x00000000
       63635000	      6264	80003f36	02618033	mul	x0,x3,x6	  x3:0x80024add  x6:0x000000f9  x0=0x00000000
       63645000	      6265	80003f3a	0001	c.addi	x0,0	  x0:0x00000000  x0=0x00000000
       63655000	      6266	80003f3c	4e35	c.li	x28,13	 x28=0x0000000d
       64025000	      6303	80003f3e	02415633	divu	x12,x2,x4	  x2:0x80024e2c  x4:0x0001d000 x12=0x000046a0
       64035000	      6304	80003f42	897e	c.mv	x18,x31	  x0:0x00000000 x31:0x00000000 x18=0x00000000
       64045000	      6305	80003f44	0c9b6017	auipc	x0,0xc9b6	  x0=0x00000000
       64055000	      6306	80003f48	019264b3	or	x9,x4,x25	  x4:0x0001d000 x25:0x00000000  x9=0x0001d000
       64065000	      6307	80003f4c	971cc313	xori	x6,x25,-1679	 x25:0x00000000  x6=0xfffff971
       64075000	      6308	80003f50	01905b33	srl	x22,x0,x25	  x0:0x00000000 x25:0x00000000 x22=0x00000000
       64085000	      6309	80003f54	0d95	c.addi	x27,5	 x27:0xfffffffe x27=0x00000003
       64095000	      6310	80003f56	5d6d	c.li	x26,-5	 x26=0xfffffffb
       64105000	      6311	80003f58	b1f36013	ori	x0,x6,-1249	  x6:0xfffff971  x0=0x00000000
       64115000	      6312	80003f5c	5f35	c.li	x30,-19	 x30=0xffffffed
       64125000	      6313	80003f5e	4164dc93	srai	x25,x9,0x16	  x9:0x0001d000 x25=0x00000000
       64135000	      6314	80003f62	8e55	c.or	x12,x13	 x12:0x000046a0 x13:0x00000000 x12=0x000046a0
       64145000	      6315	80003f64	1d79	c.addi	x26,-2	 x26:0xfffffffb x26=0xfffffff9
       64155000	      6316	80003f66	957e	c.add	x10,x31	 x10:0x00000000 x31:0x00000000 x10=0x00000000
       64165000	      6317	80003f68	01f060b3	or	x1,x0,x31	  x0:0x00000000 x31:0x00000000  x1=0x00000000
       64175000	      6318	80003f6c	8ae9	c.andi	x13,26	 x13:0x00000000 x13=0x00000000
       64185000	      6319	80003f6e	ffed1ae3	bne	x26,x30,80003f62	 x26:0xfffffff9 x30:0xffffffed
       64205000	      6321	80003f62	8e55	c.or	x12,x13	 x12:0x000046a0 x13:0x00000000 x12=0x000046a0
       64215000	      6322	80003f64	1d79	c.addi	x26,-2	 x26:0xfffffff9 x26=0xfffffff7
       64225000	      6323	80003f66	957e	c.add	x10,x31	 x10:0x00000000 x31:0x00000000 x10=0x00000000
       64235000	      6324	80003f68	01f060b3	or	x1,x0,x31	  x0:0x00000000 x31:0x00000000  x1=0x00000000
       64245000	      6325	80003f6c	8ae9	c.andi	x13,26	 x13:0x00000000 x13=0x00000000
       64255000	      6326	80003f6e	ffed1ae3	bne	x26,x30,80003f62	 x26:0xfffffff7 x30:0xffffffed
       64275000	      6328	80003f62	8e55	c.or	x12,x13	 x12:0x000046a0 x13:0x00000000 x12=0x000046a0
       64285000	      6329	80003f64	1d79	c.addi	x26,-2	 x26:0xfffffff7 x26=0xfffffff5
       64295000	      6330	80003f66	957e	c.add	x10,x31	 x10:0x00000000 x31:0x00000000 x10=0x00000000
       64305000	      6331	80003f68	01f060b3	or	x1,x0,x31	  x0:0x00000000 x31:0x00000000  x1=0x00000000
       64315000	      6332	80003f6c	8ae9	c.andi	x13,26	 x13:0x00000000 x13=0x00000000
       64325000	      6333	80003f6e	ffed1ae3	bne	x26,x30,80003f62	 x26:0xfffffff5 x30:0xffffffed
       64345000	      6335	80003f62	8e55	c.or	x12,x13	 x12:0x000046a0 x13:0x00000000 x12=0x000046a0
       64355000	      6336	80003f64	1d79	c.addi	x26,-2	 x26:0xfffffff5 x26=0xfffffff3
       64365000	      6337	80003f66	957e	c.add	x10,x31	 x10:0x00000000 x31:0x00000000 x10=0x00000000
       64375000	      6338	80003f68	01f060b3	or	x1,x0,x31	  x0:0x00000000 x31:0x00000000  x1=0x00000000
       64385000	      6339	80003f6c	8ae9	c.andi	x13,26	 x13:0x00000000 x13=0x00000000
       64395000	      6340	80003f6e	ffed1ae3	bne	x26,x30,80003f62	 x26:0xfffffff3 x30:0xffffffed
       64415000	      6342	80003f62	8e55	c.or	x12,x13	 x12:0x000046a0 x13:0x00000000 x12=0x000046a0
       64425000	      6343	80003f64	1d79	c.addi	x26,-2	 x26:0xfffffff3 x26=0xfffffff1
       64435000	      6344	80003f66	957e	c.add	x10,x31	 x10:0x00000000 x31:0x00000000 x10=0x00000000
       64445000	      6345	80003f68	01f060b3	or	x1,x0,x31	  x0:0x00000000 x31:0x00000000  x1=0x00000000
       64455000	      6346	80003f6c	8ae9	c.andi	x13,26	 x13:0x00000000 x13=0x00000000
       64465000	      6347	80003f6e	ffed1ae3	bne	x26,x30,80003f62	 x26:0xfffffff1 x30:0xffffffed
       64485000	      6349	80003f62	8e55	c.or	x12,x13	 x12:0x000046a0 x13:0x00000000 x12=0x000046a0
       64495000	      6350	80003f64	1d79	c.addi	x26,-2	 x26:0xfffffff1 x26=0xffffffef
       64505000	      6351	80003f66	957e	c.add	x10,x31	 x10:0x00000000 x31:0x00000000 x10=0x00000000
       64515000	      6352	80003f68	01f060b3	or	x1,x0,x31	  x0:0x00000000 x31:0x00000000  x1=0x00000000
       64525000	      6353	80003f6c	8ae9	c.andi	x13,26	 x13:0x00000000 x13=0x00000000
       64535000	      6354	80003f6e	ffed1ae3	bne	x26,x30,80003f62	 x26:0xffffffef x30:0xffffffed
       64555000	      6356	80003f62	8e55	c.or	x12,x13	 x12:0x000046a0 x13:0x00000000 x12=0x000046a0
       64565000	      6357	80003f64	1d79	c.addi	x26,-2	 x26:0xffffffef x26=0xffffffed
       64575000	      6358	80003f66	957e	c.add	x10,x31	 x10:0x00000000 x31:0x00000000 x10=0x00000000
       64585000	      6359	80003f68	01f060b3	or	x1,x0,x31	  x0:0x00000000 x31:0x00000000  x1=0x00000000
       64595000	      6360	80003f6c	8ae9	c.andi	x13,26	 x13:0x00000000 x13=0x00000000
       64605000	      6361	80003f6e	ffed1ae3	bne	x26,x30,80003f62	 x26:0xffffffed x30:0xffffffed
       64625000	      6363	80003f72	03244c33	div	x24,x8,x18	  x8:0x00000223 x18:0x00000000 x24=0xffffffff
       64635000	      6364	80003f76	6b11	c.lui	x22,0x4	 x22=0x00004000
       64645000	      6365	80003f78	00c6b933	sltu	x18,x13,x12	 x13:0x00000000 x12:0x000046a0 x18=0x00000001
       64685000	      6369	80003f7c	025c90b3	mulh	x1,x25,x5	 x25:0x00000000  x5:0x00000001  x1=0x00000000
       64695000	      6370	80003f80	933a	c.add	x6,x14	  x6:0xfffff971 x14:0x00000000  x6=0xfffff971
       65065000	      6407	80003f82	02fec533	div	x10,x29,x15	 x29:0x00000001 x15:0x80028ce4 x10=0x00000000
       65075000	      6408	80003f86	0bfe	c.slli	x23,0x1f	 x23:0x00000000 x23=0x00000000
       65085000	      6409	80003f88	0c7a	c.slli	x24,0x1e	 x24:0xffffffff x24=0xc0000000
       65095000	      6410	80003f8a	fdcd91e3	bne	x27,x28,80003f4c	 x27:0x00000003 x28:0x0000000d
       65115000	      6412	80003f4c	971cc313	xori	x6,x25,-1679	 x25:0x00000000  x6=0xfffff971
       65125000	      6413	80003f50	01905b33	srl	x22,x0,x25	  x0:0x00000000 x25:0x00000000 x22=0x00000000
       65135000	      6414	80003f54	0d95	c.addi	x27,5	 x27:0x00000003 x27=0x00000008
       65145000	      6415	80003f56	5d6d	c.li	x26,-5	 x26=0xfffffffb
       65155000	      6416	80003f58	b1f36013	ori	x0,x6,-1249	  x6:0xfffff971  x0=0x00000000
       65165000	      6417	80003f5c	5f35	c.li	x30,-19	 x30=0xffffffed
       65175000	      6418	80003f5e	4164dc93	srai	x25,x9,0x16	  x9:0x0001d000 x25=0x00000000
       65185000	      6419	80003f62	8e55	c.or	x12,x13	 x12:0x000046a0 x13:0x00000000 x12=0x000046a0
       65195000	      6420	80003f64	1d79	c.addi	x26,-2	 x26:0xfffffffb x26=0xfffffff9
       65205000	      6421	80003f66	957e	c.add	x10,x31	 x10:0x00000000 x31:0x00000000 x10=0x00000000
       65215000	      6422	80003f68	01f060b3	or	x1,x0,x31	  x0:0x00000000 x31:0x00000000  x1=0x00000000
       65225000	      6423	80003f6c	8ae9	c.andi	x13,26	 x13:0x00000000 x13=0x00000000
       65235000	      6424	80003f6e	ffed1ae3	bne	x26,x30,80003f62	 x26:0xfffffff9 x30:0xffffffed
       65255000	      6426	80003f62	8e55	c.or	x12,x13	 x12:0x000046a0 x13:0x00000000 x12=0x000046a0
       65265000	      6427	80003f64	1d79	c.addi	x26,-2	 x26:0xfffffff9 x26=0xfffffff7
       65275000	      6428	80003f66	957e	c.add	x10,x31	 x10:0x00000000 x31:0x00000000 x10=0x00000000
       65285000	      6429	80003f68	01f060b3	or	x1,x0,x31	  x0:0x00000000 x31:0x00000000  x1=0x00000000
       65295000	      6430	80003f6c	8ae9	c.andi	x13,26	 x13:0x00000000 x13=0x00000000
       65305000	      6431	80003f6e	ffed1ae3	bne	x26,x30,80003f62	 x26:0xfffffff7 x30:0xffffffed
       65325000	      6433	80003f62	8e55	c.or	x12,x13	 x12:0x000046a0 x13:0x00000000 x12=0x000046a0
       65335000	      6434	80003f64	1d79	c.addi	x26,-2	 x26:0xfffffff7 x26=0xfffffff5
       65345000	      6435	80003f66	957e	c.add	x10,x31	 x10:0x00000000 x31:0x00000000 x10=0x00000000
       65355000	      6436	80003f68	01f060b3	or	x1,x0,x31	  x0:0x00000000 x31:0x00000000  x1=0x00000000
       65365000	      6437	80003f6c	8ae9	c.andi	x13,26	 x13:0x00000000 x13=0x00000000
       65375000	      6438	80003f6e	ffed1ae3	bne	x26,x30,80003f62	 x26:0xfffffff5 x30:0xffffffed
       65395000	      6440	80003f62	8e55	c.or	x12,x13	 x12:0x000046a0 x13:0x00000000 x12=0x000046a0
       65405000	      6441	80003f64	1d79	c.addi	x26,-2	 x26:0xfffffff5 x26=0xfffffff3
       65415000	      6442	80003f66	957e	c.add	x10,x31	 x10:0x00000000 x31:0x00000000 x10=0x00000000
       65425000	      6443	80003f68	01f060b3	or	x1,x0,x31	  x0:0x00000000 x31:0x00000000  x1=0x00000000
       65435000	      6444	80003f6c	8ae9	c.andi	x13,26	 x13:0x00000000 x13=0x00000000
       65445000	      6445	80003f6e	ffed1ae3	bne	x26,x30,80003f62	 x26:0xfffffff3 x30:0xffffffed
       65465000	      6447	80003f62	8e55	c.or	x12,x13	 x12:0x000046a0 x13:0x00000000 x12=0x000046a0
       65475000	      6448	80003f64	1d79	c.addi	x26,-2	 x26:0xfffffff3 x26=0xfffffff1
       65485000	      6449	80003f66	957e	c.add	x10,x31	 x10:0x00000000 x31:0x00000000 x10=0x00000000
       65495000	      6450	80003f68	01f060b3	or	x1,x0,x31	  x0:0x00000000 x31:0x00000000  x1=0x00000000
       65505000	      6451	80003f6c	8ae9	c.andi	x13,26	 x13:0x00000000 x13=0x00000000
       65515000	      6452	80003f6e	ffed1ae3	bne	x26,x30,80003f62	 x26:0xfffffff1 x30:0xffffffed
       65535000	      6454	80003f62	8e55	c.or	x12,x13	 x12:0x000046a0 x13:0x00000000 x12=0x000046a0
       65545000	      6455	80003f64	1d79	c.addi	x26,-2	 x26:0xfffffff1 x26=0xffffffef
       65555000	      6456	80003f66	957e	c.add	x10,x31	 x10:0x00000000 x31:0x00000000 x10=0x00000000
       65565000	      6457	80003f68	01f060b3	or	x1,x0,x31	  x0:0x00000000 x31:0x00000000  x1=0x00000000
       65575000	      6458	80003f6c	8ae9	c.andi	x13,26	 x13:0x00000000 x13=0x00000000
       65585000	      6459	80003f6e	ffed1ae3	bne	x26,x30,80003f62	 x26:0xffffffef x30:0xffffffed
       65605000	      6461	80003f62	8e55	c.or	x12,x13	 x12:0x000046a0 x13:0x00000000 x12=0x000046a0
       65615000	      6462	80003f64	1d79	c.addi	x26,-2	 x26:0xffffffef x26=0xffffffed
       65625000	      6463	80003f66	957e	c.add	x10,x31	 x10:0x00000000 x31:0x00000000 x10=0x00000000
       65635000	      6464	80003f68	01f060b3	or	x1,x0,x31	  x0:0x00000000 x31:0x00000000  x1=0x00000000
       65645000	      6465	80003f6c	8ae9	c.andi	x13,26	 x13:0x00000000 x13=0x00000000
       65655000	      6466	80003f6e	ffed1ae3	bne	x26,x30,80003f62	 x26:0xffffffed x30:0xffffffed
       66025000	      6503	80003f72	03244c33	div	x24,x8,x18	  x8:0x00000223 x18:0x00000001 x24=0x00000223
       66035000	      6504	80003f76	6b11	c.lui	x22,0x4	 x22=0x00004000
       66045000	      6505	80003f78	00c6b933	sltu	x18,x13,x12	 x13:0x00000000 x12:0x000046a0 x18=0x00000001
       66085000	      6509	80003f7c	025c90b3	mulh	x1,x25,x5	 x25:0x00000000  x5:0x00000001  x1=0x00000000
       66095000	      6510	80003f80	933a	c.add	x6,x14	  x6:0xfffff971 x14:0x00000000  x6=0xfffff971
       66465000	      6547	80003f82	02fec533	div	x10,x29,x15	 x29:0x00000001 x15:0x80028ce4 x10=0x00000000
       66475000	      6548	80003f86	0bfe	c.slli	x23,0x1f	 x23:0x00000000 x23=0x00000000
       66485000	      6549	80003f88	0c7a	c.slli	x24,0x1e	 x24:0x00000223 x24=0xc0000000
       66495000	      6550	80003f8a	fdcd91e3	bne	x27,x28,80003f4c	 x27:0x00000008 x28:0x0000000d
       66515000	      6552	80003f4c	971cc313	xori	x6,x25,-1679	 x25:0x00000000  x6=0xfffff971
       66525000	      6553	80003f50	01905b33	srl	x22,x0,x25	  x0:0x00000000 x25:0x00000000 x22=0x00000000
       66535000	      6554	80003f54	0d95	c.addi	x27,5	 x27:0x00000008 x27=0x0000000d
       66545000	      6555	80003f56	5d6d	c.li	x26,-5	 x26=0xfffffffb
       66555000	      6556	80003f58	b1f36013	ori	x0,x6,-1249	  x6:0xfffff971  x0=0x00000000
       66565000	      6557	80003f5c	5f35	c.li	x30,-19	 x30=0xffffffed
       66575000	      6558	80003f5e	4164dc93	srai	x25,x9,0x16	  x9:0x0001d000 x25=0x00000000
       66585000	      6559	80003f62	8e55	c.or	x12,x13	 x12:0x000046a0 x13:0x00000000 x12=0x000046a0
       66595000	      6560	80003f64	1d79	c.addi	x26,-2	 x26:0xfffffffb x26=0xfffffff9
       66605000	      6561	80003f66	957e	c.add	x10,x31	 x10:0x00000000 x31:0x00000000 x10=0x00000000
       66615000	      6562	80003f68	01f060b3	or	x1,x0,x31	  x0:0x00000000 x31:0x00000000  x1=0x00000000
       66625000	      6563	80003f6c	8ae9	c.andi	x13,26	 x13:0x00000000 x13=0x00000000
       66635000	      6564	80003f6e	ffed1ae3	bne	x26,x30,80003f62	 x26:0xfffffff9 x30:0xffffffed
       66655000	      6566	80003f62	8e55	c.or	x12,x13	 x12:0x000046a0 x13:0x00000000 x12=0x000046a0
       66665000	      6567	80003f64	1d79	c.addi	x26,-2	 x26:0xfffffff9 x26=0xfffffff7
       66675000	      6568	80003f66	957e	c.add	x10,x31	 x10:0x00000000 x31:0x00000000 x10=0x00000000
       66685000	      6569	80003f68	01f060b3	or	x1,x0,x31	  x0:0x00000000 x31:0x00000000  x1=0x00000000
       66695000	      6570	80003f6c	8ae9	c.andi	x13,26	 x13:0x00000000 x13=0x00000000
       66705000	      6571	80003f6e	ffed1ae3	bne	x26,x30,80003f62	 x26:0xfffffff7 x30:0xffffffed
       66725000	      6573	80003f62	8e55	c.or	x12,x13	 x12:0x000046a0 x13:0x00000000 x12=0x000046a0
       66735000	      6574	80003f64	1d79	c.addi	x26,-2	 x26:0xfffffff7 x26=0xfffffff5
       66745000	      6575	80003f66	957e	c.add	x10,x31	 x10:0x00000000 x31:0x00000000 x10=0x00000000
       66755000	      6576	80003f68	01f060b3	or	x1,x0,x31	  x0:0x00000000 x31:0x00000000  x1=0x00000000
       66765000	      6577	80003f6c	8ae9	c.andi	x13,26	 x13:0x00000000 x13=0x00000000
       66775000	      6578	80003f6e	ffed1ae3	bne	x26,x30,80003f62	 x26:0xfffffff5 x30:0xffffffed
       66795000	      6580	80003f62	8e55	c.or	x12,x13	 x12:0x000046a0 x13:0x00000000 x12=0x000046a0
       66805000	      6581	80003f64	1d79	c.addi	x26,-2	 x26:0xfffffff5 x26=0xfffffff3
       66815000	      6582	80003f66	957e	c.add	x10,x31	 x10:0x00000000 x31:0x00000000 x10=0x00000000
       66825000	      6583	80003f68	01f060b3	or	x1,x0,x31	  x0:0x00000000 x31:0x00000000  x1=0x00000000
       66835000	      6584	80003f6c	8ae9	c.andi	x13,26	 x13:0x00000000 x13=0x00000000
       66845000	      6585	80003f6e	ffed1ae3	bne	x26,x30,80003f62	 x26:0xfffffff3 x30:0xffffffed
       66865000	      6587	80003f62	8e55	c.or	x12,x13	 x12:0x000046a0 x13:0x00000000 x12=0x000046a0
       66875000	      6588	80003f64	1d79	c.addi	x26,-2	 x26:0xfffffff3 x26=0xfffffff1
       66885000	      6589	80003f66	957e	c.add	x10,x31	 x10:0x00000000 x31:0x00000000 x10=0x00000000
       66895000	      6590	80003f68	01f060b3	or	x1,x0,x31	  x0:0x00000000 x31:0x00000000  x1=0x00000000
       66905000	      6591	80003f6c	8ae9	c.andi	x13,26	 x13:0x00000000 x13=0x00000000
       66915000	      6592	80003f6e	ffed1ae3	bne	x26,x30,80003f62	 x26:0xfffffff1 x30:0xffffffed
       66935000	      6594	80003f62	8e55	c.or	x12,x13	 x12:0x000046a0 x13:0x00000000 x12=0x000046a0
       66945000	      6595	80003f64	1d79	c.addi	x26,-2	 x26:0xfffffff1 x26=0xffffffef
       66955000	      6596	80003f66	957e	c.add	x10,x31	 x10:0x00000000 x31:0x00000000 x10=0x00000000
       66965000	      6597	80003f68	01f060b3	or	x1,x0,x31	  x0:0x00000000 x31:0x00000000  x1=0x00000000
       66975000	      6598	80003f6c	8ae9	c.andi	x13,26	 x13:0x00000000 x13=0x00000000
       66985000	      6599	80003f6e	ffed1ae3	bne	x26,x30,80003f62	 x26:0xffffffef x30:0xffffffed
       67005000	      6601	80003f62	8e55	c.or	x12,x13	 x12:0x000046a0 x13:0x00000000 x12=0x000046a0
       67015000	      6602	80003f64	1d79	c.addi	x26,-2	 x26:0xffffffef x26=0xffffffed
       67025000	      6603	80003f66	957e	c.add	x10,x31	 x10:0x00000000 x31:0x00000000 x10=0x00000000
       67035000	      6604	80003f68	01f060b3	or	x1,x0,x31	  x0:0x00000000 x31:0x00000000  x1=0x00000000
       67045000	      6605	80003f6c	8ae9	c.andi	x13,26	 x13:0x00000000 x13=0x00000000
       67055000	      6606	80003f6e	ffed1ae3	bne	x26,x30,80003f62	 x26:0xffffffed x30:0xffffffed
       67425000	      6643	80003f72	03244c33	div	x24,x8,x18	  x8:0x00000223 x18:0x00000001 x24=0x00000223
       67435000	      6644	80003f76	6b11	c.lui	x22,0x4	 x22=0x00004000
       67445000	      6645	80003f78	00c6b933	sltu	x18,x13,x12	 x13:0x00000000 x12:0x000046a0 x18=0x00000001
       67485000	      6649	80003f7c	025c90b3	mulh	x1,x25,x5	 x25:0x00000000  x5:0x00000001  x1=0x00000000
       67495000	      6650	80003f80	933a	c.add	x6,x14	  x6:0xfffff971 x14:0x00000000  x6=0xfffff971
       67865000	      6687	80003f82	02fec533	div	x10,x29,x15	 x29:0x00000001 x15:0x80028ce4 x10=0x00000000
       67875000	      6688	80003f86	0bfe	c.slli	x23,0x1f	 x23:0x00000000 x23=0x00000000
       67885000	      6689	80003f88	0c7a	c.slli	x24,0x1e	 x24:0x00000223 x24=0xc0000000
       67895000	      6690	80003f8a	fdcd91e3	bne	x27,x28,80003f4c	 x27:0x0000000d x28:0x0000000d
       67935000	      6694	80003f8e	02663a33	mulhu	x20,x12,x6	 x12:0x000046a0  x6:0xfffff971 x20=0x0000469f
       67975000	      6698	80003f92	03933c33	mulhu	x24,x6,x25	  x6:0xfffff971 x25:0x00000000 x24=0x00000000
       67985000	      6699	80003f96	8011	c.srli	x8,0x4	  x8:0x00000223  x8=0x00000022
       67995000	      6700	80003f98	013e6563	bltu	x28,x19,80003fa2	 x28:0x0000000d x19:0x00000001
       68005000	      6701	80003f9c	81e9	c.srli	x11,0x1a	 x11:0x00000000 x11=0x00000000
       68375000	      6738	80003f9e	03e4d933	divu	x18,x9,x30	  x9:0x0001d000 x30:0xffffffed x18=0x00000000
       68385000	      6739	80003fa2	0021ceb3	xor	x29,x3,x2	  x3:0x80024add  x2:0x80024e2c x29=0x000004f1
       68395000	      6740	80003fa6	4152df13	srai	x30,x5,0x15	  x5:0x00000001 x30=0x00000000
       68405000	      6741	80003faa	0ff0000f	fence	iorw,iorw	
       68415000	      6742	80003fae	8b7dcd13	xori	x26,x27,-1865	 x27:0x0000000d x26=0xfffff8ba
       68425000	      6743	80003fb2	05d31163	bne	x6,x29,80003ff4	  x6:0xfffff971 x29:0x000004f1
       68445000	      6745	80003ff4	0000100f	fence.i	
       68485000	      6749	80003ff8	03370eb3	mul	x29,x14,x19	 x14:0x00000000 x19:0x00000001 x29=0x00000000
       68495000	      6750	80003ffc	a3533093	sltiu	x1,x6,-1483	  x6:0xfffff971  x1=0x00000001
       68505000	      6751	80004000	8ad1	c.andi	x13,20	 x13:0x00000000 x13=0x00000000
       68515000	      6752	80004002	00282733	slt	x14,x16,x2	 x16:0x00000000  x2:0x80024e2c x14=0x00000000
       68525000	      6753	80004006	01018b63	beq	x3,x16,8000401c	  x3:0x80024add x16:0x00000000
       68535000	      6754	8000400a	0e7e	c.slli	x28,0x1f	 x28:0x0000000d x28=0x80000000
       68545000	      6755	8000400c	81d9	c.srli	x11,0x16	 x11:0x00000000 x11=0x00000000
       68565000	      6757	8000400e	03957a33	remu	x20,x10,x25	 x10:0x00000000 x25:0x00000000 x20=0x00000000
       68575000	      6758	80004012	0dad	c.addi	x27,11	 x27:0x0000000d x27=0x00000018
       68585000	      6759	80004014	00179533	sll	x10,x15,x1	 x15:0x80028ce4  x1:0x00000001 x10=0x000519c8
       68595000	      6760	80004018	005a88b3	add	x17,x21,x5	 x21:0x00000009  x5:0x00000001 x17=0x0000000a
       68605000	      6761	8000401c	62280613	addi	x12,x16,1570	 x16:0x00000000 x12=0x00000622
       68615000	      6762	80004020	98f6	c.add	x17,x29	 x17:0x0000000a x29:0x00000000 x17=0x0000000a
       68625000	      6763	80004022	cc01	c.beqz	x8,8000403a	  x8:0x00000022
       68635000	      6764	80004024	9d554417	auipc	x8,0x9d554	  x8=0x1d558024
       69005000	      6801	80004028	0289efb3	rem	x31,x19,x8	 x19:0x00000001  x8:0x1d558024 x31=0x00000001
       69015000	      6802	8000402c	41acd8b3	sra	x17,x25,x26	 x25:0x00000000 x26:0xfffff8ba x17=0x00000000
       69025000	      6803	80004030	99fd	c.andi	x11,-1	 x11:0x00000000 x11=0x00000000
       69035000	      6804	80004032	0008cb63	blt	x17,x0,80004048	 x17:0x00000000  x0:0x00000000
       69045000	      6805	80004036	9f22	c.add	x30,x8	 x30:0x00000000  x8:0x1d558024 x30=0x1d558024
       69055000	      6806	80004038	8c66	c.mv	x24,x25	  x0:0x00000000 x25:0x00000000 x24=0x00000000
       69095000	      6810	8000403a	031a91b3	mulh	x3,x21,x17	 x21:0x00000009 x17:0x00000000  x3=0x00000000
       69105000	      6811	8000403e	0cc9	c.addi	x25,18	 x25:0x00000000 x25=0x00000012
       69115000	      6812	80004040	9bc6	c.add	x23,x17	 x23:0x00000000 x17:0x00000000 x23=0x00000000
       69125000	      6813	80004042	00961f93	slli	x31,x12,0x9	 x12:0x00000622 x31=0x000c4400
       69135000	      6814	80004046	683d	c.lui	x16,0xf	 x16=0x0000f000
       69145000	      6815	80004048	c70d	c.beqz	x14,80004072	 x14:0x00000000
       69205000	      6821	80004072	038ca0b3	mulhsu	x1,x25,x24	 x25:0x00000012 x24:0x00000000  x1=0x00000000
       69215000	      6822	80004076	05ce	c.slli	x11,0x13	 x11:0x00000000 x11=0x00000000
       69225000	      6823	80004078	41c98733	sub	x14,x19,x28	 x19:0x00000001 x28:0x80000000 x14=0x80000001
       69235000	      6824	8000407c	0622f737	lui	x14,0x622f	 x14=0x0622f000
       69245000	      6825	80004080	41ab5b13	srai	x22,x22,0x1a	 x22:0x00004000 x22=0x00000000
       69255000	      6826	80004084	0053d313	srli	x6,x7,0x5	  x7:0x00000000  x6=0x00000000
       69265000	      6827	80004088	00665213	srli	x4,x12,0x6	 x12:0x00000622  x4=0x00000018
       69275000	      6828	8000408c	8c65	c.and	x8,x9	  x8:0x1d558024  x9:0x0001d000  x8=0x00018000
       69285000	      6829	8000408e	8f41	c.or	x14,x8	 x14:0x0622f000  x8:0x00018000 x14=0x0623f000
       69295000	      6830	80004090	c49d	c.beqz	x9,800040be	  x9:0x0001d000
       69305000	      6831	80004092	81be	c.mv	x3,x15	  x0:0x00000000 x15:0x80028ce4  x3=0x80028ce4
       69315000	      6832	80004094	8b5d	c.andi	x14,23	 x14:0x0623f000 x14=0x00000000
       69685000	      6869	80004096	0332ecb3	rem	x25,x5,x19	  x5:0x00000001 x19:0x00000001 x25=0x00000000
       69695000	      6870	8000409a	778fba13	sltiu	x20,x31,1912	 x31:0x000c4400 x20=0x00000000
       69705000	      6871	8000409e	011148b3	xor	x17,x2,x17	  x2:0x80024e2c x17:0x00000000 x17=0x80024e2c
       69715000	      6872	800040a2	8db1	c.xor	x11,x12	 x11:0x00000000 x12:0x00000622 x11=0x00000622
       69745000	      6875	800040a4	03930db3	mul	x27,x6,x25	  x6:0x00000000 x25:0x00000000 x27=0x00000000
       69755000	      6876	800040a8	95be	c.add	x11,x15	 x11:0x00000622 x15:0x80028ce4 x11=0x80029306
       69765000	      6877	800040aa	8a71	c.andi	x12,28	 x12:0x00000622 x12=0x00000000
       69775000	      6878	800040ac	0d4a	c.slli	x26,0x12	 x26:0xfffff8ba x26=0xe2e80000
       69785000	      6879	800040ae	01b5fc63	bgeu	x11,x27,800040c6	 x11:0x80029306 x27:0x00000000
       69805000	      6881	800040c6	8f09	c.sub	x14,x10	 x14:0x00000000 x10:0x000519c8 x14=0xfffae638
       69815000	      6882	800040c8	40ac5313	srai	x6,x24,0xa	 x24:0x00000000  x6=0x00000000
       69825000	      6883	800040cc	0001	c.addi	x0,0	  x0:0x00000000  x0=0x00000000
       69835000	      6884	800040ce	b53b4213	xori	x4,x22,-1197	 x22:0x00000000  x4=0xfffffb53
       69845000	      6885	800040d2	418cdcb3	sra	x25,x25,x24	 x25:0x00000000 x24:0x00000000 x25=0x00000000
       69855000	      6886	800040d6	0206e163	bltu	x13,x0,800040f8	 x13:0x00000000  x0:0x00000000
       69865000	      6887	800040da	8e05	c.sub	x12,x9	 x12:0x00000000  x9:0x0001d000 x12=0xfffe3000
       69875000	      6888	800040dc	0000100f	fence.i	
       69895000	      6890	800040e0	08f6	c.slli	x17,0x1d	 x17:0x80024e2c x17=0x80000000
       69905000	      6891	800040e2	40955333	sra	x6,x10,x9	 x10:0x000519c8  x9:0x0001d000  x6=0x000519c8
       69915000	      6892	800040e6	41cd5cb3	sra	x25,x26,x28	 x26:0xe2e80000 x28:0x80000000 x25=0xe2e80000
       69925000	      6893	800040ea	69cd	c.lui	x19,0x13	 x19=0x00013000
       69935000	      6894	800040ec	0001	c.addi	x0,0	  x0:0x00000000  x0=0x00000000
       69945000	      6895	800040ee	8cf1	c.and	x9,x12	  x9:0x0001d000 x12:0xfffe3000  x9=0x00001000
       69955000	      6896	800040f0	01b70033	add	x0,x14,x27	 x14:0xfffae638 x27:0x00000000  x0=0x00000000
       69975000	      6898	800040f4	0273f433	remu	x8,x7,x7	  x7:0x00000000  x7:0x00000000  x8=0x00000000
       69985000	      6899	800040f8	0ff0000f	fence	iorw,iorw	
       69995000	      6900	800040fc	011a55b3	srl	x11,x20,x17	 x20:0x00000000 x17:0x80000000 x11=0x00000000
       70005000	      6901	80004100	9d52	c.add	x26,x20	 x26:0xe2e80000 x20:0x00000000 x26=0xe2e80000
       70015000	      6902	80004102	402480b3	sub	x1,x9,x2	  x9:0x00001000  x2:0x80024e2c  x1=0x7ffdc1d4
       70385000	      6939	80004106	024ec833	div	x16,x29,x4	 x29:0x00000000  x4:0xfffffb53 x16=0x00000000
       70395000	      6940	8000410a	0029e233	or	x4,x19,x2	 x19:0x00013000  x2:0x80024e2c  x4=0x80037e2c
       70405000	      6941	8000410e	0ff0000f	fence	iorw,iorw	
       70415000	      6942	80004112	04a97063	bgeu	x18,x10,80004152	 x18:0x00000000 x10:0x000519c8
       70425000	      6943	80004116	028c8563	beq	x25,x8,80004140	 x25:0xe2e80000  x8:0x00000000
       70435000	      6944	8000411a	03e99a63	bne	x19,x30,8000414e	 x19:0x00013000 x30:0x1d558024
       70495000	      6950	8000414e	02ac25b3	mulhsu	x11,x24,x10	 x24:0x00000000 x10:0x000519c8 x11=0x00000000
       70505000	      6951	80004152	d289b393	sltiu	x7,x19,-728	 x19:0x00013000  x7=0x00000001
       70515000	      6952	80004156	00b7a533	slt	x10,x15,x11	 x15:0x80028ce4 x11:0x00000000 x10=0x00000001
       70525000	      6953	8000415a	5917e813	ori	x16,x15,1425	 x15:0x80028ce4 x16=0x80028df5
       70535000	      6954	8000415e	026f1063	bne	x30,x6,8000417e	 x30:0x1d558024  x6:0x000519c8
       70565000	      6957	8000417e	cdcbd637	lui	x12,0xcdcbd	 x12=0xcdcbd000
       70595000	      6960	80004182	027f00b3	mul	x1,x30,x7	 x30:0x1d558024  x7:0x00000001  x1=0x1d558024
       70615000	      6962	80004186	034652b3	divu	x5,x12,x20	 x12:0xcdcbd000 x20:0x00000000  x5=0xffffffff
       70625000	      6963	8000418a	c8f37413	andi	x8,x6,-881	  x6:0x000519c8  x8=0x00051888
       70635000	      6964	8000418e	8a39	c.andi	x12,14	 x12:0xcdcbd000 x12=0x00000000
       70645000	      6965	80004190	8c0d	c.sub	x8,x11	  x8:0x00051888 x11:0x00000000  x8=0x00051888
       70655000	      6966	80004192	865d	c.srai	x12,0x17	 x12:0x00000000 x12=0x00000000
       70665000	      6967	80004194	0001	c.addi	x0,0	  x0:0x00000000  x0=0x00000000
       70705000	      6971	80004196	034b2833	mulhsu	x16,x22,x20	 x22:0x00000000 x20:0x00000000 x16=0x00000000
       70715000	      6972	8000419a	80c67213	andi	x4,x12,-2036	 x12:0x00000000  x4=0x00000000
       70725000	      6973	8000419e	0001	c.addi	x0,0	  x0:0x00000000  x0=0x00000000
       70735000	      6974	800041a0	03765c63	bge	x12,x23,800041d8	 x12:0x00000000 x23:0x00000000
       70755000	      6976	800041d8	0001	c.addi	x0,0	  x0:0x00000000  x0=0x00000000
       70765000	      6977	800041da	8b09	c.andi	x14,2	 x14:0xfffae638 x14=0x00000000
       70775000	      6978	800041dc	41d0d413	srai	x8,x1,0x1d	  x1:0x1d558024  x8=0x00000000
       70785000	      6979	800041e0	005a09b3	add	x19,x20,x5	 x20:0x00000000  x5:0xffffffff x19=0xffffffff
       70795000	      6980	800041e4	005b88b3	add	x17,x23,x5	 x23:0x00000000  x5:0xffffffff x17=0xffffffff
       70805000	      6981	800041e8	ed20c493	xori	x9,x1,-302	  x1:0x1d558024  x9=0xe2aa7ef6
       70815000	      6982	800041ec	00581eb3	sll	x29,x16,x5	 x16:0x00000000  x5:0xffffffff x29=0x00000000
       70855000	      6986	800041f0	03999e33	mulh	x28,x19,x25	 x19:0xffffffff x25:0xe2e80000 x28=0x00000000
       70865000	      6987	800041f4	018403b3	add	x7,x8,x24	  x8:0x00000000 x24:0x00000000  x7=0x00000000
       70875000	      6988	800041f8	01299363	bne	x19,x18,800041fe	 x19:0xffffffff x18:0x00000000
       70905000	      6991	800041fe	f58f6413	ori	x8,x30,-168	 x30:0x1d558024  x8=0xffffff7c
       70915000	      6992	80004202	9ba2	c.add	x23,x8	 x23:0x00000000  x8:0xffffff7c x23=0xffffff7c
       70925000	      6993	80004204	41d10d33	sub	x26,x2,x29	  x2:0x80024e2c x29:0x00000000 x26=0x80024e2c
       70935000	      6994	80004208	d7c8b093	sltiu	x1,x17,-644	 x17:0xffffffff  x1=0x00000000
       70945000	      6995	8000420c	577d	c.li	x14,-1	 x14=0xffffffff
       70955000	      6996	8000420e	01915fb3	srl	x31,x2,x25	  x2:0x80024e2c x25:0xe2e80000 x31=0x80024e2c
       70965000	      6997	80004212	012f5313	srli	x6,x30,0x12	 x30:0x1d558024  x6=0x00000755
       71005000	      7001	80004216	029ca333	mulhsu	x6,x25,x9	 x25:0xe2e80000  x9:0xe2aa7ef6  x6=0xe63d6fa2
       71015000	      7002	8000421a	0001	c.addi	x0,0	  x0:0x00000000  x0=0x00000000
       71025000	      7003	8000421c	8d91	c.sub	x11,x12	 x11:0x00000000 x12:0x00000000 x11=0x00000000
       71035000	      7004	8000421e	029d0763	beq	x26,x9,8000424c	 x26:0x80024e2c  x9:0xe2aa7ef6
       71045000	      7005	80004222	8c0d	c.sub	x8,x11	  x8:0xffffff7c x11:0x00000000  x8=0xffffff7c
       71055000	      7006	80004224	8e6d	c.and	x12,x11	 x12:0x00000000 x11:0x00000000 x12=0x00000000
       71085000	      7009	80004226	02f080b3	mul	x1,x1,x15	  x1:0x00000000 x15:0x80028ce4  x1=0x00000000
       71095000	      7010	8000422a	0001	c.addi	x0,0	  x0:0x00000000  x0=0x00000000
       71105000	      7011	8000422c	84e1	c.srai	x9,0x18	  x9:0xe2aa7ef6  x9=0xffffffe2
       71115000	      7012	8000422e	0552	c.slli	x10,0x14	 x10:0x00000001 x10=0x00100000
       71125000	      7013	80004230	00e032b3	sltu	x5,x0,x14	  x0:0x00000000 x14:0xffffffff  x5=0x00000001
       71135000	      7014	80004234	8736	c.mv	x14,x13	  x0:0x00000000 x13:0x00000000 x14=0x00000000
       71145000	      7015	80004236	01f699b3	sll	x19,x13,x31	 x13:0x00000000 x31:0x80024e2c x19=0x00000000
       71155000	      7016	8000423a	8cd1	c.or	x9,x12	  x9:0xffffffe2 x12:0x00000000  x9=0xffffffe2
       71165000	      7017	8000423c	b9c73413	sltiu	x8,x14,-1124	 x14:0x00000000  x8=0x00000001
       71175000	      7018	80004240	02a47463	bgeu	x8,x10,80004268	  x8:0x00000001 x10:0x00100000
       71195000	      7020	80004244	024e55b3	divu	x11,x28,x4	 x28:0x00000000  x4:0x00000000 x11=0xffffffff
       71205000	      7021	80004248	058a	c.slli	x11,0x2	 x11:0xffffffff x11=0xfffffffc
       71215000	      7022	8000424a	9522	c.add	x10,x8	 x10:0x00100000  x8:0x00000001 x10=0x00100001
       71225000	      7023	8000424c	9916	c.add	x18,x5	 x18:0x00000000  x5:0x00000001 x18=0x00000001
       71235000	      7024	8000424e	0182a3b3	slt	x7,x5,x24	  x5:0x00000001 x24:0x00000000  x7=0x00000000
       71605000	      7061	80004252	0394eb33	rem	x22,x9,x25	  x9:0xffffffe2 x25:0xe2e80000 x22=0xffffffe2
       71615000	      7062	80004256	01428233	add	x4,x5,x20	  x5:0x00000001 x20:0x00000000  x4=0x00000001
       71645000	      7065	8000425a	039b8633	mul	x12,x23,x25	 x23:0xffffff7c x25:0xe2e80000 x12=0x00600000
       72015000	      7102	8000425e	039a5cb3	divu	x25,x20,x25	 x20:0x00000000 x25:0xe2e80000 x25=0x00000000
       72385000	      7139	80004262	02c15633	divu	x12,x2,x12	  x2:0x80024e2c x12:0x00600000 x12=0x00000155
       72395000	      7140	80004266	cc89	c.beqz	x9,80004280	  x9:0xffffffe2
       72405000	      7141	80004268	df8b3313	sltiu	x6,x22,-520	 x22:0xffffffe2  x6=0x00000000
       72415000	      7142	8000426c	3bd43413	sltiu	x8,x8,957	  x8:0x00000001  x8=0x00000001
       72425000	      7143	80004270	cf01	c.beqz	x14,80004288	 x14:0x00000000
       72445000	      7145	80004288	62004c13	xori	x24,x0,1568	  x0:0x00000000 x24=0x00000620
       72815000	      7182	8000428c	038e5cb3	divu	x25,x28,x24	 x28:0x00000000 x24:0x00000620 x25=0x00000000
       72825000	      7183	80004290	896d	c.andi	x10,27	 x10:0x00100001 x10=0x00000001
       72835000	      7184	80004292	8d29	c.xor	x10,x10	 x10:0x00000001 x10:0x00000001 x10=0x00000000
       72845000	      7185	80004294	0ff0000f	fence	iorw,iorw	
       72885000	      7189	80004298	03e712b3	mulh	x5,x14,x30	 x14:0x00000000 x30:0x1d558024  x5=0x00000000
       73255000	      7226	8000429c	02c444b3	div	x9,x8,x12	  x8:0x00000001 x12:0x00000155  x9=0x00000000
       73265000	      7227	800042a0	0000100f	fence.i	
       73285000	      7229	800042a4	c011	c.beqz	x8,800042a8	  x8:0x00000001
       73295000	      7230	800042a6	8e95	c.sub	x13,x13	 x13:0x00000000 x13:0x00000000 x13=0x00000000
       73315000	      7232	800042a8	026f5bb3	divu	x23,x30,x6	 x30:0x1d558024  x6:0x00000000 x23=0xffffffff
       73325000	      7233	800042ac	8e65	c.and	x12,x9	 x12:0x00000155  x9:0x00000000 x12=0x00000000
       73335000	      7234	800042ae	01f61c63	bne	x12,x31,800042c6	 x12:0x00000000 x31:0x80024e2c
       73365000	      7237	800042c6	e8c22893	slti	x17,x4,-372	  x4:0x00000001 x17=0x00000000
       73375000	      7238	800042ca	00159bb3	sll	x23,x11,x1	 x11:0xfffffffc  x1:0x00000000 x23=0xfffffffc
       73385000	      7239	800042ce	197d	c.addi	x18,-1	 x18:0x00000001 x18=0x00000000
       73395000	      7240	800042d0	987d	c.andi	x8,-1	  x8:0x00000001  x8=0x00000001
       73405000	      7241	800042d2	4391	c.li	x7,4	  x7=0x00000004
       73415000	      7242	800042d4	03af5063	bge	x30,x26,800042f4	 x30:0x1d558024 x26:0x80024e2c
       73445000	      7245	800042f4	032770b3	remu	x1,x14,x18	 x14:0x00000000 x18:0x00000000  x1=0x00000000
       73455000	      7246	800042f8	f5b00f97	auipc	x31,0xf5b00	 x31=0x75b042f8
       73465000	      7247	800042fc	01471db3	sll	x27,x14,x20	 x14:0x00000000 x20:0x00000000 x27=0x00000000
       73475000	      7248	80004300	4addb513	sltiu	x10,x27,1197	 x27:0x00000000 x10=0x00000001
       73485000	      7249	80004304	20b9ad93	slti	x27,x19,523	 x19:0x00000000 x27=0x00000001
       73505000	      7251	80004308	0208fcb3	remu	x25,x17,x0	 x17:0x00000000  x0:0x00000000 x25=0x00000000
       73515000	      7252	8000430c	d4c63993	sltiu	x19,x12,-692	 x12:0x00000000 x19=0x00000001
       73525000	      7253	80004310	01779933	sll	x18,x15,x23	 x15:0x80028ce4 x23:0xfffffffc x18=0x40000000
       73535000	      7254	80004314	65f08a13	addi	x20,x1,1631	  x1:0x00000000 x20=0x0000065f
       73545000	      7255	80004318	007fbbb3	sltu	x23,x31,x7	 x31:0x75b042f8  x7:0x00000004 x23=0x00000000
       73565000	      7257	8000431c	020fcbb3	div	x23,x31,x0	 x31:0x75b042f8  x0:0x00000000 x23=0xffffffff
       73935000	      7294	80004320	032acdb3	div	x27,x21,x18	 x21:0x00000009 x18:0x40000000 x27=0x00000000
       73975000	      7298	80004324	03b61a33	mulh	x20,x12,x27	 x12:0x00000000 x27:0x00000000 x20=0x00000000
       73985000	      7299	80004328	02037863	bgeu	x6,x0,80004358	  x6:0x00000000  x0:0x00000000
       74005000	      7301	80004358	021b8663	beq	x23,x1,80004384	 x23:0xffffffff  x1:0x00000000
       74015000	      7302	8000435c	8949	c.andi	x10,18	 x10:0x00000001 x10=0x00000000
       74025000	      7303	8000435e	40d0d293	srai	x5,x1,0xd	  x1:0x00000000  x5=0x00000000
       74035000	      7304	80004362	003c9eb3	sll	x29,x25,x3	 x25:0x00000000  x3:0x80028ce4 x29=0x00000000
       74045000	      7305	80004366	ea1d	c.bnez	x12,8000439c	 x12:0x00000000
       74055000	      7306	80004368	8869	c.andi	x8,26	  x8:0x00000001  x8=0x00000000
       74065000	      7307	8000436a	1932b393	sltiu	x7,x5,403	  x5:0x00000000  x7=0x00000001
       74105000	      7311	8000436e	02cb1333	mulh	x6,x22,x12	 x22:0xffffffe2 x12:0x00000000  x6=0x00000000
       74115000	      7312	80004372	4a2e3393	sltiu	x7,x28,1186	 x28:0x00000000  x7=0x00000001
       74125000	      7313	80004376	00485cb3	srl	x25,x16,x4	 x16:0x00000000  x4:0x00000001 x25=0x00000000
       74495000	      7350	8000437a	02287b33	remu	x22,x16,x2	 x16:0x00000000  x2:0x80024e2c x22=0x00000000
       74505000	      7351	8000437e	e119	c.bnez	x10,80004384	 x10:0x00000000
       74545000	      7355	80004380	02149db3	mulh	x27,x9,x1	  x9:0x00000000  x1:0x00000000 x27=0x00000000
       74555000	      7356	80004384	2823f393	andi	x7,x7,642	  x7:0x00000001  x7=0x00000000
       74565000	      7357	80004388	014e99b3	sll	x19,x29,x20	 x29:0x00000000 x20:0x00000000 x19=0x00000000
       74575000	      7358	8000438c	0ff0000f	fence	iorw,iorw	
       74585000	      7359	80004390	82f5	c.srli	x13,0x1d	 x13:0x00000000 x13=0x00000000
       74625000	      7363	80004392	0251af33	mulhsu	x30,x3,x5	  x3:0x80028ce4  x5:0x00000000 x30=0x00000000
       74665000	      7367	80004396	031d9033	mulh	x0,x27,x17	 x27:0x00000000 x17:0x00000000  x0=0x00000000
       74675000	      7368	8000439a	8acd	c.andi	x13,19	 x13:0x00000000 x13=0x00000000
       74685000	      7369	8000439c	0094d663	bge	x9,x9,800043a8	  x9:0x00000000  x9:0x00000000
       74705000	      7371	800043a8	0661	c.addi	x12,24	 x12:0x00000000 x12=0x00000018
       74715000	      7372	800043aa	00f8f2b3	and	x5,x17,x15	 x17:0x00000000 x15:0x80028ce4  x5=0x00000000
       74725000	      7373	800043ae	88d2	c.mv	x17,x20	  x0:0x00000000 x20:0x00000000 x17=0x00000000
       74765000	      7377	800043b0	0221b1b3	mulhu	x3,x3,x2	  x3:0x80028ce4  x2:0x80024e2c  x3=0x40026d8d
       74785000	      7379	800043b4	026adfb3	divu	x31,x21,x6	 x21:0x00000009  x6:0x00000000 x31=0xffffffff
       74795000	      7380	800043b8	9b7d	c.andi	x14,-1	 x14:0x00000000 x14=0x00000000
       74805000	      7381	800043ba	c48d	c.beqz	x9,800043e4	  x9:0x00000000
       74825000	      7383	800043e4	0001	c.addi	x0,0	  x0:0x00000000  x0=0x00000000
       74835000	      7384	800043e6	ca624993	xori	x19,x4,-858	  x4:0x00000001 x19=0xfffffca7
       74845000	      7385	800043ea	0142a9b3	slt	x19,x5,x20	  x5:0x00000000 x20:0x00000000 x19=0x00000000
       74855000	      7386	800043ee	5b7d	c.li	x22,-1	 x22=0xffffffff
       74865000	      7387	800043f0	8541	c.srai	x10,0x10	 x10:0x00000000 x10=0x00000000
       74895000	      7390	800043f2	02c484b3	mul	x9,x9,x12	  x9:0x00000000 x12:0x00000018  x9=0x00000000
       74905000	      7391	800043f6	8429	c.srai	x8,0xa	  x8:0x00000000  x8=0x00000000
       74915000	      7392	800043f8	6cf5	c.lui	x25,0x1d	 x25=0x0001d000
       74925000	      7393	800043fa	ec8d	c.bnez	x9,80004434	  x9:0x00000000
       74935000	      7394	800043fc	61ed	c.lui	x3,0x1b	  x3=0x0001b000
       74945000	      7395	800043fe	c8c80593	addi	x11,x16,-884	 x16:0x00000000 x11=0xfffffc8c
       74955000	      7396	80004402	8d35	c.xor	x10,x13	 x10:0x00000000 x13:0x00000000 x10=0x00000000
       75325000	      7433	80004404	0238eeb3	rem	x29,x17,x3	 x17:0x00000000  x3:0x0001b000 x29=0x00000000
       75335000	      7434	80004408	8f8a	c.mv	x31,x2	  x0:0x00000000  x2:0x80024e2c x31=0x80024e2c
       75345000	      7435	8000440a	587d	c.li	x16,-1	 x16=0xffffffff
       75385000	      7439	8000440c	021dbe33	mulhu	x28,x27,x1	 x27:0x00000000  x1:0x00000000 x28=0x00000000
       75415000	      7442	80004410	02600633	mul	x12,x0,x6	  x0:0x00000000  x6:0x00000000 x12=0x00000000
       75425000	      7443	80004414	bef2b913	sltiu	x18,x5,-1041	  x5:0x00000000 x18=0x00000001
       75435000	      7444	80004418	031d1b63	bne	x26,x17,8000444e	 x26:0x80024e2c x17:0x00000000
       75465000	      7447	8000444e	00f98363	beq	x19,x15,80004454	 x19:0x00000000 x15:0x80028ce4
       75475000	      7448	80004452	05f6	c.slli	x11,0x1d	 x11:0xfffffc8c x11=0x80000000
       75485000	      7449	80004454	030212b7	lui	x5,0x3021	  x5=0x03021000
       75855000	      7486	80004458	02f7d1b3	divu	x3,x15,x15	 x15:0x80028ce4 x15:0x80028ce4  x3=0x00000001
       75865000	      7487	8000445c	0001	c.addi	x0,0	  x0:0x00000000  x0=0x00000000
       75875000	      7488	8000445e	940a	c.add	x8,x2	  x8:0x00000000  x2:0x80024e2c  x8=0x80024e2c
       75885000	      7489	80004460	411d0533	sub	x10,x26,x17	 x26:0x80024e2c x17:0x00000000 x10=0x80024e2c
       75895000	      7490	80004464	6a8f0397	auipc	x7,0x6a8f0	  x7=0xea8f4464
       75905000	      7491	80004468	5dfd	c.li	x27,-1	 x27=0xffffffff
       75915000	      7492	8000446a	01cc3233	sltu	x4,x24,x28	 x24:0x00000620 x28:0x00000000  x4=0x00000000
       75925000	      7493	8000446e	107a0517	auipc	x10,0x107a0	 x10=0x907a446e
       75945000	      7495	80004472	031760b3	rem	x1,x14,x17	 x14:0x00000000 x17:0x00000000  x1=0x00000000
       75955000	      7496	80004476	0ff0000f	fence	iorw,iorw	
       75965000	      7497	8000447a	00fed593	srli	x11,x29,0xf	 x29:0x00000000 x11=0x00000000
       75975000	      7498	8000447e	41dc8433	sub	x8,x25,x29	 x25:0x0001d000 x29:0x00000000  x8=0x0001d000
       75995000	      7500	80004482	02187733	remu	x14,x16,x1	 x16:0xffffffff  x1:0x00000000 x14=0xffffffff
       76035000	      7504	80004486	0247ac33	mulhsu	x24,x15,x4	 x15:0x80028ce4  x4:0x00000000 x24=0x00000000
       76075000	      7508	8000448a	02351f33	mulh	x30,x10,x3	 x10:0x907a446e  x3:0x00000001 x30=0xffffffff
       76085000	      7509	8000448e	0ff0000f	fence	iorw,iorw	
       76105000	      7511	80004492	03c34a33	div	x20,x6,x28	  x6:0x00000000 x28:0x00000000 x20=0xffffffff
       76115000	      7512	80004496	00372cb3	slt	x25,x14,x3	 x14:0xffffffff  x3:0x00000001 x25=0x00000001
       76125000	      7513	8000449a	0a2b92b7	lui	x5,0xa2b9	  x5=0x0a2b9000
       76165000	      7517	8000449e	021a9833	mulh	x16,x21,x1	 x21:0x00000009  x1:0x00000000 x16=0x00000000
       76175000	      7518	800044a2	8206	c.mv	x4,x1	  x0:0x00000000  x1:0x00000000  x4=0x00000000
       76185000	      7519	800044a4	00410563	beq	x2,x4,800044ae	  x2:0x80024e2c  x4:0x00000000
       76195000	      7520	800044a8	80ad	c.srli	x9,0xb	  x9:0x00000000  x9=0x00000000
       76205000	      7521	800044aa	8755	c.srai	x14,0x15	 x14:0xffffffff x14=0xffffffff
       76215000	      7522	800044ac	0001	c.addi	x0,0	  x0:0x00000000  x0=0x00000000
       76225000	      7523	800044ae	0001	c.addi	x0,0	  x0:0x00000000  x0=0x00000000
       76235000	      7524	800044b0	01df7233	and	x4,x30,x29	 x30:0xffffffff x29:0x00000000  x4=0x00000000
       76245000	      7525	800044b4	68f9	c.lui	x17,0x1e	 x17=0x0001e000
       76255000	      7526	800044b6	01ea1e63	bne	x20,x30,800044d2	 x20:0xffffffff x30:0xffffffff
       76265000	      7527	800044ba	12fd	c.addi	x5,-1	  x5:0x0a2b9000  x5=0x0a2b8fff
       76275000	      7528	800044bc	cf8e4c13	xori	x24,x28,-776	 x28:0x00000000 x24=0xfffffcf8
       76285000	      7529	800044c0	03b01263	bne	x0,x27,800044e4	  x0:0x00000000 x27:0xffffffff
       76305000	      7531	800044e4	00ce	c.slli	x1,0x13	  x1:0x00000000  x1=0x00000000
       76315000	      7532	800044e6	0001	c.addi	x0,0	  x0:0x00000000  x0=0x00000000
       76325000	      7533	800044e8	009b7963	bgeu	x22,x9,800044fa	 x22:0xffffffff  x9:0x00000000
       76345000	      7535	800044fa	8ad1	c.andi	x13,20	 x13:0x00000000 x13=0x00000000
       76385000	      7539	800044fc	030f31b3	mulhu	x3,x30,x16	 x30:0xffffffff x16:0x00000000  x3=0x00000000
       76395000	      7540	80004500	843d	c.srai	x8,0xf	  x8:0x0001d000  x8=0x00000003
       76405000	      7541	80004502	8d0d	c.sub	x10,x11	 x10:0x907a446e x11:0x00000000 x10=0x907a446e
       76415000	      7542	80004504	027f6763	bltu	x30,x7,80004532	 x30:0xffffffff  x7:0xea8f4464
       76425000	      7543	80004508	8e45	c.or	x12,x9	 x12:0x00000000  x9:0x00000000 x12=0x00000000
       76435000	      7544	8000450a	007fc633	xor	x12,x31,x7	 x31:0x80024e2c  x7:0xea8f4464 x12=0x6a8d0a48
       76445000	      7545	8000450e	9f96	c.add	x31,x5	 x31:0x80024e2c  x5:0x0a2b8fff x31=0x8a2dde2b
       76455000	      7546	80004510	8e41	c.or	x12,x8	 x12:0x6a8d0a48  x8:0x00000003 x12=0x6a8d0a4b
       76465000	      7547	80004512	00d771b3	and	x3,x14,x13	 x14:0xffffffff x13:0x00000000  x3=0x00000000
       76475000	      7548	80004516	0000100f	fence.i	
       76495000	      7550	8000451a	048e	c.slli	x9,0x3	  x9:0x00000000  x9=0x00000000
       76505000	      7551	8000451c	40608f33	sub	x30,x1,x6	  x1:0x00000000  x6:0x00000000 x30=0x00000000
       76545000	      7555	80004520	02861833	mulh	x16,x12,x8	 x12:0x6a8d0a4b  x8:0x00000003 x16=0x00000001
       76555000	      7556	80004524	0e2e	c.slli	x28,0xb	 x28:0x00000000 x28=0x00000000
       76565000	      7557	80004526	1ffd	c.addi	x31,-1	 x31:0x8a2dde2b x31=0x8a2dde2a
       76575000	      7558	80004528	00768e63	beq	x13,x7,80004544	 x13:0x00000000  x7:0xea8f4464
       76585000	      7559	8000452c	01a3fbb3	and	x23,x7,x26	  x7:0xea8f4464 x26:0x80024e2c x23=0x80024424
       76595000	      7560	80004530	4879	c.li	x16,30	 x16=0x0000001e
       76605000	      7561	80004532	0306	c.slli	x6,0x1	  x6:0x00000000  x6=0x00000000
       76615000	      7562	80004534	02144863	blt	x8,x1,80004564	  x8:0x00000003  x1:0x00000000
       76655000	      7566	80004538	031593b3	mulh	x7,x11,x17	 x11:0x00000000 x17:0x0001e000  x7=0x00000000
       76665000	      7567	8000453c	6755	c.lui	x14,0x15	 x14=0x00015000
       76675000	      7568	8000453e	818e	c.mv	x3,x3	  x0:0x00000000  x3:0x00000000  x3=0x00000000
       76685000	      7569	80004540	0119d193	srli	x3,x19,0x11	 x19:0x00000000  x3=0x00000000
       76695000	      7570	80004544	00be0d33	add	x26,x28,x11	 x28:0x00000000 x11:0x00000000 x26=0x00000000
       76735000	      7574	80004548	03832b33	mulhsu	x22,x6,x24	  x6:0x00000000 x24:0xfffffcf8 x22=0x00000000
       76745000	      7575	8000454c	0393ce63	blt	x7,x25,80004588	  x7:0x00000000 x25:0x00000001
       76765000	      7577	80004588	01910fb3	add	x31,x2,x25	  x2:0x80024e2c x25:0x00000001 x31=0x80024e2d
       76775000	      7578	8000458c	8e51	c.or	x12,x12	 x12:0x6a8d0a4b x12:0x6a8d0a4b x12=0x6a8d0a4b
       76785000	      7579	8000458e	c738e093	ori	x1,x17,-909	 x17:0x0001e000  x1=0xfffffc73
       76795000	      7580	80004592	8d71	c.and	x10,x12	 x10:0x907a446e x12:0x6a8d0a4b x10=0x0008004a
       76825000	      7583	80004594	022080b3	mul	x1,x1,x2	  x1:0xfffffc73  x2:0x80024e2c  x1=0x77d06dc4
       76835000	      7584	80004598	084e	c.slli	x16,0x13	 x16:0x0000001e x16=0x00f00000
       76845000	      7585	8000459a	40408733	sub	x14,x1,x4	  x1:0x77d06dc4  x4:0x00000000 x14=0x77d06dc4
       76855000	      7586	8000459e	01959e33	sll	x28,x11,x25	 x11:0x00000000 x25:0x00000001 x28=0x00000000
       76865000	      7587	800045a2	02f27e13	andi	x28,x4,47	  x4:0x00000000 x28=0x00000000
       76875000	      7588	800045a6	0000100f	fence.i	
       76905000	      7591	800045aa	03800763	beq	x0,x24,800045d8	  x0:0x00000000 x24:0xfffffcf8
       76915000	      7592	800045ae	01314563	blt	x2,x19,800045b8	  x2:0x80024e2c x19:0x00000000
       76935000	      7594	800045b8	8ce1	c.and	x9,x8	  x9:0x00000000  x8:0x00000003  x9=0x00000000
       76945000	      7595	800045ba	0ff0000f	fence	iorw,iorw	
       76955000	      7596	800045be	0a65	c.addi	x20,25	 x20:0xffffffff x20=0x00000018
       76965000	      7597	800045c0	01102033	slt	x0,x0,x17	  x0:0x00000000 x17:0x0001e000  x0=0x00000000
       76975000	      7598	800045c4	8121	c.srli	x10,0x8	 x10:0x0008004a x10=0x00000800
       76985000	      7599	800045c6	0000100f	fence.i	
       77005000	      7601	800045ca	835d	c.srli	x14,0x17	 x14:0x77d06dc4 x14=0x000000ef
       77015000	      7602	800045cc	0010bfb3	sltu	x31,x1,x1	  x1:0x77d06dc4  x1:0x77d06dc4 x31=0x00000000
       77025000	      7603	800045d0	a1276037	lui	x0,0xa1276	  x0=0x00000000
       77035000	      7604	800045d4	8d51	c.or	x10,x12	 x10:0x00000800 x12:0x6a8d0a4b x10=0x6a8d0a4b
       77045000	      7605	800045d6	8df9	c.and	x11,x14	 x11:0x00000000 x14:0x000000ef x11=0x00000000
       77055000	      7606	800045d8	84d5	c.srai	x9,0x15	  x9:0x00000000  x9=0x00000000
       77065000	      7607	800045da	5a7d	c.li	x20,-1	 x20=0xffffffff
       77095000	      7610	800045dc	02ba8d33	mul	x26,x21,x11	 x21:0x00000009 x11:0x00000000 x26=0x00000000
       77105000	      7611	800045e0	02130c63	beq	x6,x1,80004618	  x6:0x00000000  x1:0x77d06dc4
       77115000	      7612	800045e4	318efc93	andi	x25,x29,792	 x29:0x00000000 x25=0x00000000
       77125000	      7613	800045e8	c0ec2513	slti	x10,x24,-1010	 x24:0xfffffcf8 x10=0x00000000
       77495000	      7650	800045ec	022dc3b3	div	x7,x27,x2	 x27:0xffffffff  x2:0x80024e2c  x7=0x00000000
       77505000	      7651	800045f0	8dd5	c.or	x11,x13	 x11:0x00000000 x13:0x00000000 x11=0x00000000
       77515000	      7652	800045f2	01120c63	beq	x4,x17,8000460a	  x4:0x00000000 x17:0x0001e000
       77525000	      7653	800045f6	40195a13	srai	x20,x18,0x1	 x18:0x00000001 x20=0x00000000
       77535000	      7654	800045fa	005ba5b3	slt	x11,x23,x5	 x23:0x80024424  x5:0x0a2b8fff x11=0x00000001
       77905000	      7691	800045fe	021fe233	rem	x4,x31,x1	 x31:0x00000000  x1:0x77d06dc4  x4=0x00000000
       77915000	      7692	80004602	5ffd	c.li	x31,-1	 x31=0xffffffff
       77925000	      7693	80004604	6449	c.lui	x8,0x12	  x8=0x00012000
       77935000	      7694	80004606	408fd093	srai	x1,x31,0x8	 x31:0xffffffff  x1=0xffffffff
       77955000	      7696	8000460a	024f5433	divu	x8,x30,x4	 x30:0x00000000  x4:0x00000000  x8=0xffffffff
       77965000	      7697	8000460e	00dc43b3	xor	x7,x24,x13	 x24:0xfffffcf8 x13:0x00000000  x7=0xfffffcf8
       77975000	      7698	80004612	91d37e93	andi	x29,x6,-1763	  x6:0x00000000 x29=0x00000000
       77985000	      7699	80004616	8f71	c.and	x14,x12	 x14:0x000000ef x12:0x6a8d0a4b x14=0x0000004b
       77995000	      7700	80004618	8ed1	c.or	x13,x12	 x13:0x00000000 x12:0x6a8d0a4b x13=0x6a8d0a4b
       78005000	      7701	8000461a	01398233	add	x4,x19,x19	 x19:0x00000000 x19:0x00000000  x4=0x00000000
       78015000	      7702	8000461e	8d7d	c.and	x10,x15	 x10:0x00000000 x15:0x80028ce4 x10=0x00000000
       78025000	      7703	80004620	003bd493	srli	x9,x23,0x3	 x23:0x80024424  x9=0x10004884
       78035000	      7704	80004624	6b1d	c.lui	x22,0x7	 x22=0x00007000
       78045000	      7705	80004626	0001	c.addi	x0,0	  x0:0x00000000  x0=0x00000000
       78055000	      7706	80004628	00459463	bne	x11,x4,80004630	 x11:0x00000001  x4:0x00000000
       78075000	      7708	80004630	ef09	c.bnez	x14,8000464a	 x14:0x0000004b
       78105000	      7711	8000464a	0000100f	fence.i	
       78135000	      7714	8000464e	05059063	bne	x11,x16,8000468e	 x11:0x00000001 x16:0x00f00000
       78165000	      7717	8000468e	0000100f	fence.i	
       78185000	      7719	80004692	8e85	c.sub	x13,x9	 x13:0x6a8d0a4b  x9:0x10004884 x13=0x5a8cc1c7
       78215000	      7722	80004694	025f0733	mul	x14,x30,x5	 x30:0x00000000  x5:0x0a2b8fff x14=0x00000000
       78225000	      7723	80004698	b71e0f93	addi	x31,x28,-1167	 x28:0x00000000 x31=0xfffffb71
       78235000	      7724	8000469c	00ec7cb3	and	x25,x24,x14	 x24:0xfffffcf8 x14:0x00000000 x25=0x00000000
       78245000	      7725	800046a0	010ccd63	blt	x25,x16,800046ba	 x25:0x00000000 x16:0x00f00000
       78265000	      7727	800046ba	997d	c.andi	x10,-1	 x10:0x00000000 x10=0x00000000
       78275000	      7728	800046bc	010d9d63	bne	x27,x16,800046d6	 x27:0xffffffff x16:0x00f00000
       78315000	      7732	800046d6	03c34933	div	x18,x6,x28	  x6:0x00000000 x28:0x00000000 x18=0xffffffff
       78325000	      7733	800046da	03c49663	bne	x9,x28,80004706	  x9:0x10004884 x28:0x00000000
       78345000	      7735	80004706	0001	c.addi	x0,0	  x0:0x00000000  x0=0x00000000
       78355000	      7736	80004708	8c59	c.or	x8,x14	  x8:0xffffffff x14:0x00000000  x8=0xffffffff
       78365000	      7737	8000470a	0001	c.addi	x0,0	  x0:0x00000000  x0=0x00000000
       78735000	      7774	8000470c	032f4fb3	div	x31,x30,x18	 x30:0x00000000 x18:0xffffffff x31=0x00000000
       78745000	      7775	80004710	57b84713	xori	x14,x16,1403	 x16:0x00f00000 x14=0x00f0057b
       79115000	      7812	80004714	02736033	rem	x0,x6,x7	  x6:0x00000000  x7:0xfffffcf8  x0=0x00000000
       79125000	      7813	80004718	0ff0000f	fence	iorw,iorw	
       79135000	      7814	8000471c	fc37e8b7	lui	x17,0xfc37e	 x17=0xfc37e000
       79145000	      7815	80004720	00cefb33	and	x22,x29,x12	 x29:0x00000000 x12:0x6a8d0a4b x22=0x00000000
       79155000	      7816	80004724	4331	c.li	x6,12	  x6=0x0000000c
       79165000	      7817	80004726	03b86363	bltu	x16,x27,8000474c	 x16:0x00f00000 x27:0xffffffff
       79185000	      7819	8000474c	177d	c.addi	x14,-1	 x14:0x00f0057b x14=0x00f0057a
       79195000	      7820	8000474e	0001	c.addi	x0,0	  x0:0x00000000  x0=0x00000000
       79565000	      7857	80004750	02b34d33	div	x26,x6,x11	  x6:0x0000000c x11:0x00000001 x26=0x0000000c
       79575000	      7858	80004754	85fd	c.srai	x11,0x1f	 x11:0x00000001 x11=0x00000000
       79585000	      7859	80004756	0178ab33	slt	x22,x17,x23	 x17:0xfc37e000 x23:0x80024424 x22=0x00000000
       79595000	      7860	8000475a	cf11	c.beqz	x14,80004776	 x14:0x00f0057a
       79605000	      7861	8000475c	0000100f	fence.i	
       79625000	      7863	80004760	006046b3	xor	x13,x0,x6	  x0:0x00000000  x6:0x0000000c x13=0x0000000c
       79635000	      7864	80004764	7cc32b93	slti	x23,x6,1996	  x6:0x0000000c x23=0x00000001
       79645000	      7865	80004768	0da6	c.slli	x27,0x9	 x27:0xffffffff x27=0xfffffe00
       79655000	      7866	8000476a	002a25b3	slt	x11,x20,x2	 x20:0x00000000  x2:0x80024e2c x11=0x00000000
       79665000	      7867	8000476e	019f9433	sll	x8,x31,x25	 x31:0x00000000 x25:0x00000000  x8=0x00000000
       79705000	      7871	80004772	0324b533	mulhu	x10,x9,x18	  x9:0x10004884 x18:0xffffffff x10=0x10004883
       79715000	      7872	80004776	44d0cd13	xori	x26,x1,1101	  x1:0xffffffff x26=0xfffffbb2
       79725000	      7873	8000477a	03659463	bne	x11,x22,800047a2	 x11:0x00000000 x22:0x00000000
       79735000	      7874	8000477e	ce11	c.beqz	x12,8000479a	 x12:0x6a8d0a4b
       79745000	      7875	80004780	401dd6b3	sra	x13,x27,x1	 x27:0xfffffe00  x1:0xffffffff x13=0xffffffff
       79755000	      7876	80004784	033b6663	bltu	x22,x19,800047b0	 x22:0x00000000 x19:0x00000000
       79775000	      7878	80004788	033c7733	remu	x14,x24,x19	 x24:0xfffffcf8 x19:0x00000000 x14=0xfffffcf8
       79785000	      7879	8000478c	8721	c.srai	x14,0x8	 x14:0xfffffcf8 x14=0xfffffffc
       80155000	      7916	8000478e	032eeb33	rem	x22,x29,x18	 x29:0x00000000 x18:0xffffffff x22=0x00000000
       80165000	      7917	80004792	8e71	c.and	x12,x12	 x12:0x6a8d0a4b x12:0x6a8d0a4b x12=0x6a8d0a4b
       80175000	      7918	80004794	0001	c.addi	x0,0	  x0:0x00000000  x0=0x00000000
       80195000	      7920	80004796	023466b3	rem	x13,x8,x3	  x8:0x00000000  x3:0x00000000 x13=0x00000000
       80205000	      7921	8000479a	0341dd63	bge	x3,x20,800047d4	  x3:0x00000000 x20:0x00000000
       80225000	      7923	800047d4	00cc65b3	or	x11,x24,x12	 x24:0xfffffcf8 x12:0x6a8d0a4b x11=0xfffffefb
       80265000	      7927	800047d8	03baa333	mulhsu	x6,x21,x27	 x21:0x00000009 x27:0xfffffe00  x6=0x00000008
       80275000	      7928	800047dc	01180663	beq	x16,x17,800047e8	 x16:0x00f00000 x17:0xfc37e000
       80285000	      7929	800047e0	03d50a63	beq	x10,x29,80004814	 x10:0x10004883 x29:0x00000000
       80295000	      7930	800047e4	6999	c.lui	x19,0x6	 x19=0x00006000
       80305000	      7931	800047e6	8e0d	c.sub	x12,x11	 x12:0x6a8d0a4b x11:0xfffffefb x12=0x6a8d0b50
       80315000	      7932	800047e8	01e45a33	srl	x20,x8,x30	  x8:0x00000000 x30:0x00000000 x20=0x00000000
       80325000	      7933	800047ec	fe6f8593	addi	x11,x31,-26	 x31:0x00000000 x11=0xffffffe6
       80335000	      7934	800047f0	01a25833	srl	x16,x4,x26	  x4:0x00000000 x26:0xfffffbb2 x16=0x00000000
       80345000	      7935	800047f4	82a9	c.srli	x13,0xa	 x13:0x00000000 x13=0x00000000
       80355000	      7936	800047f6	0001	c.addi	x0,0	  x0:0x00000000  x0=0x00000000
       80365000	      7937	800047f8	010f1fb3	sll	x31,x30,x16	 x30:0x00000000 x16:0x00000000 x31=0x00000000
       80375000	      7938	800047fc	0281e763	bltu	x3,x8,8000482a	  x3:0x00000000  x8:0x00000000
       80385000	      7939	80004800	098a	c.slli	x19,0x2	 x19:0x00006000 x19=0x00018000
       80755000	      7976	80004802	032fdbb3	divu	x23,x31,x18	 x31:0x00000000 x18:0xffffffff x23=0x00000000
       80795000	      7980	80004806	03fc95b3	mulh	x11,x25,x31	 x25:0x00000000 x31:0x00000000 x11=0x00000000
       80805000	      7981	8000480a	8e05	c.sub	x12,x9	 x12:0x6a8d0b50  x9:0x10004884 x12=0x5a8cc2cc
       80845000	      7985	8000480c	03b03033	mulhu	x0,x0,x27	  x0:0x00000000 x27:0xfffffe00  x0=0x00000000
       80855000	      7986	80004810	8f35	c.xor	x14,x13	 x14:0xfffffffc x13:0x00000000 x14=0xfffffffc
       80865000	      7987	80004812	6bfd	c.lui	x23,0x1f	 x23=0x0001f000
       80875000	      7988	80004814	0001	c.addi	x0,0	  x0:0x00000000  x0=0x00000000
       80885000	      7989	80004816	01ff03b3	add	x7,x30,x31	 x30:0x00000000 x31:0x00000000  x7=0x00000000
       80895000	      7990	8000481a	0ff0000f	fence	iorw,iorw	
       80905000	      7991	8000481e	4e05	c.li	x28,1	 x28=0x00000001
       80915000	      7992	80004820	4e19	c.li	x28,6	 x28=0x00000006
       80945000	      7995	80004822	03b28d33	mul	x26,x5,x27	  x5:0x0a2b8fff x27:0xfffffe00 x26=0xa8e00200
       80955000	      7996	80004826	cb63c313	xori	x6,x7,-842	  x7:0x00000000  x6=0xfffffcb6
       80965000	      7997	8000482a	41eddb33	sra	x22,x27,x30	 x27:0xfffffe00 x30:0x00000000 x22=0xfffffe00
       80975000	      7998	8000482e	81ba	c.mv	x3,x14	  x0:0x00000000 x14:0xfffffffc  x3=0xfffffffc
       81345000	      8035	80004830	0331c4b3	div	x9,x3,x19	  x3:0xfffffffc x19:0x00018000  x9=0x00000000
       81355000	      8036	80004834	012f7933	and	x18,x30,x18	 x30:0x00000000 x18:0xffffffff x18=0x00000000
       81365000	      8037	80004838	0e42	c.slli	x28,0x10	 x28:0x00000006 x28=0x00060000
       81375000	      8038	8000483a	acccbf13	sltiu	x30,x25,-1332	 x25:0x00000000 x30=0x00000001
       81385000	      8039	8000483e	c3aeae97	auipc	x29,0xc3aea	 x29=0x43aee83e
       81395000	      8040	80004842	41c1d993	srai	x19,x3,0x1c	  x3:0xfffffffc x19=0xffffffff
       81405000	      8041	80004846	8d8d	c.sub	x11,x11	 x11:0x00000000 x11:0x00000000 x11=0x00000000
       81415000	      8042	80004848	28243d93	sltiu	x27,x8,642	  x8:0x00000000 x27=0x00000001
       81425000	      8043	8000484c	021ad463	bge	x21,x1,80004874	 x21:0x00000009  x1:0xffffffff
       81445000	      8045	80004874	687d	c.lui	x16,0x1f	 x16=0x0001f000
       81455000	      8046	80004876	ef0d	c.bnez	x14,800048b0	 x14:0xfffffffc
       81475000	      8048	800048b0	406552b3	sra	x5,x10,x6	 x10:0x10004883  x6:0xfffffcb6  x5=0x00000040
       81485000	      8049	800048b4	6665	c.lui	x12,0x19	 x12=0x00019000
       81495000	      8050	800048b6	0001	c.addi	x0,0	  x0:0x00000000  x0=0x00000000
       81505000	      8051	800048b8	8509	c.srai	x10,0x2	 x10:0x10004883 x10=0x04001220
       81515000	      8052	800048ba	bec9e537	lui	x10,0xbec9e	 x10=0xbec9e000
       81525000	      8053	800048be	0335c763	blt	x11,x19,800048ec	 x11:0x00000000 x19:0xffffffff
       81895000	      8090	800048c2	02a0e2b3	rem	x5,x1,x10	  x1:0xffffffff x10:0xbec9e000  x5=0xffffffff
       81905000	      8091	800048c6	00d05763	bge	x0,x13,800048d4	  x0:0x00000000 x13:0x00000000
       81925000	      8093	800048d4	0e4e	c.slli	x28,0x13	 x28:0x00060000 x28=0x00000000
       82295000	      8130	800048d6	031b7333	remu	x6,x22,x17	 x22:0xfffffe00 x17:0xfc37e000  x6=0x03c81e00
       82305000	      8131	800048da	623aab13	slti	x22,x21,1571	 x21:0x00000009 x22=0x00000001
       82315000	      8132	800048de	e78d8737	lui	x14,0xe78d8	 x14=0xe78d8000
       82325000	      8133	800048e2	00e30a33	add	x20,x6,x14	  x6:0x03c81e00 x14:0xe78d8000 x20=0xeb559e00
       82335000	      8134	800048e6	417f5e93	srai	x29,x30,0x17	 x30:0x00000001 x29=0x00000000
       82345000	      8135	800048ea	60f1	c.lui	x1,0x1c	  x1=0x0001c000
       82355000	      8136	800048ec	8a25	c.andi	x12,9	 x12:0x00019000 x12=0x00000000
       82365000	      8137	800048ee	01cd53b3	srl	x7,x26,x28	 x26:0xa8e00200 x28:0x00000000  x7=0xa8e00200
       82375000	      8138	800048f2	8f05	c.sub	x14,x9	 x14:0xe78d8000  x9:0x00000000 x14=0xe78d8000
       82385000	      8139	800048f4	005fa6b3	slt	x13,x31,x5	 x31:0x00000000  x5:0xffffffff x13=0x00000000
       82395000	      8140	800048f8	01449563	bne	x9,x20,80004902	  x9:0x00000000 x20:0xeb559e00
       82415000	      8142	80004902	55fd	c.li	x11,-1	 x11=0xffffffff
       82425000	      8143	80004904	8f21	c.xor	x14,x8	 x14:0xe78d8000  x8:0x00000000 x14=0xe78d8000
       82435000	      8144	80004906	02a44863	blt	x8,x10,80004936	  x8:0x00000000 x10:0xbec9e000
       82445000	      8145	8000490a	8f4d	c.or	x14,x11	 x14:0xe78d8000 x11:0xffffffff x14=0xffffffff
       82455000	      8146	8000490c	6ce1	c.lui	x25,0x18	 x25=0x00018000
       82465000	      8147	8000490e	0ff0000f	fence	iorw,iorw	
       82505000	      8151	80004912	025b31b3	mulhu	x3,x22,x5	 x22:0x00000001  x5:0xffffffff  x3=0x00000000
       82515000	      8152	80004916	40915293	srai	x5,x2,0x9	  x2:0x80024e2c  x5=0xffc00127
       82525000	      8153	8000491a	8eed	c.and	x13,x11	 x13:0x00000000 x11:0xffffffff x13=0x00000000
       82535000	      8154	8000491c	35977713	andi	x14,x14,857	 x14:0xffffffff x14=0x00000359
       82545000	      8155	80004920	412a5593	srai	x11,x20,0x12	 x20:0xeb559e00 x11=0xfffffad5
       82555000	      8156	80004924	00610663	beq	x2,x6,80004930	  x2:0x80024e2c  x6:0x03c81e00
       82565000	      8157	80004928	00f27db3	and	x27,x4,x15	  x4:0x00000000 x15:0x80028ce4 x27=0x00000000
       82575000	      8158	8000492c	cb18c393	xori	x7,x17,-847	 x17:0xfc37e000  x7=0x03c81cb1
       82585000	      8159	80004930	012c1393	slli	x7,x24,0x12	 x24:0xfffffcf8  x7=0xf3e00000
       82595000	      8160	80004934	8f79	c.and	x14,x14	 x14:0x00000359 x14:0x00000359 x14=0x00000359
       82605000	      8161	80004936	0089e2b3	or	x5,x19,x8	 x19:0xffffffff  x8:0x00000000  x5=0xffffffff
       82645000	      8165	8000493a	02063fb3	mulhu	x31,x12,x0	 x12:0x00000000  x0:0x00000000 x31=0x00000000
       82655000	      8166	8000493e	0075a633	slt	x12,x11,x7	 x11:0xfffffad5  x7:0xf3e00000 x12=0x00000000
       82665000	      8167	80004942	38f69517	auipc	x10,0x38f69	 x10=0xb8f6d942
       82675000	      8168	80004946	03836c63	bltu	x6,x24,8000497e	  x6:0x03c81e00 x24:0xfffffcf8
       83065000	      8207	8000497e	0373c733	div	x14,x7,x23	  x7:0xf3e00000 x23:0x0001f000 x14=0xfffff9be
       83075000	      8208	80004982	7d246413	ori	x8,x8,2002	  x8:0x00000000  x8=0x000007d2
       83085000	      8209	80004986	9b72	c.add	x22,x28	 x22:0x00000001 x28:0x00000000 x22=0x00000001
       83095000	      8210	80004988	01f18f33	add	x30,x3,x31	  x3:0x00000000 x31:0x00000000 x30=0x00000000
       83105000	      8211	8000498c	39b8b093	sltiu	x1,x17,923	 x17:0xfc37e000  x1=0x00000000
       83145000	      8215	80004990	030a9bb3	mulh	x23,x21,x16	 x21:0x00000009 x16:0x0001f000 x23=0x00000000
       83155000	      8216	80004994	8e61	c.and	x12,x8	 x12:0x00000000  x8:0x000007d2 x12=0x00000000
       83165000	      8217	80004996	6edc4213	xori	x4,x24,1773	 x24:0xfffffcf8  x4=0xfffffa15
       83185000	      8219	8000499a	032dceb3	div	x29,x27,x18	 x27:0x00000000 x18:0x00000000 x29=0xffffffff
       83195000	      8220	8000499e	4012d3b3	sra	x7,x5,x1	  x5:0xffffffff  x1:0x00000000  x7=0xffffffff
       83565000	      8257	800049a2	0279c4b3	div	x9,x19,x7	 x19:0xffffffff  x7:0xffffffff  x9=0x00000001
       83575000	      8258	800049a6	ea9d	c.bnez	x13,800049dc	 x13:0x00000000
       83615000	      8262	800049a8	020b35b3	mulhu	x11,x22,x0	 x22:0x00000001  x0:0x00000000 x11=0x00000000
       83625000	      8263	800049ac	09f2	c.slli	x19,0x1c	 x19:0xffffffff x19=0xf0000000
       83635000	      8264	800049ae	7abb2d13	slti	x26,x22,1963	 x22:0x00000001 x26=0x00000001
       83665000	      8267	800049b2	03d005b3	mul	x11,x0,x29	  x0:0x00000000 x29:0xffffffff x11=0x00000000
       83675000	      8268	800049b6	755948b7	lui	x17,0x75594	 x17=0x75594000
       83685000	      8269	800049ba	45bd	c.li	x11,15	 x11=0x0000000f
       83695000	      8270	800049bc	8ddd	c.or	x11,x15	 x11:0x0000000f x15:0x80028ce4 x11=0x80028cef
       83705000	      8271	800049be	4491	c.li	x9,4	  x9=0x00000004
       83715000	      8272	800049c0	89ccc337	lui	x6,0x89ccc	  x6=0x89ccc000
       83725000	      8273	800049c4	4c8d	c.li	x25,3	 x25=0x00000003
       83735000	      8274	800049c6	8e62	c.mv	x28,x24	  x0:0x00000000 x24:0xfffffcf8 x28=0xfffffcf8
       83765000	      8277	800049c8	03a083b3	mul	x7,x1,x26	  x1:0x00000000 x26:0x00000001  x7=0x00000000
       83775000	      8278	800049cc	01f33c33	sltu	x24,x6,x31	  x6:0x89ccc000 x31:0x00000000 x24=0x00000000
       83785000	      8279	800049d0	14fd	c.addi	x9,-1	  x9:0x00000004  x9=0x00000003
       83795000	      8280	800049d2	ff94fde3	bgeu	x9,x25,800049cc	  x9:0x00000003 x25:0x00000003
       83815000	      8282	800049cc	01f33c33	sltu	x24,x6,x31	  x6:0x89ccc000 x31:0x00000000 x24=0x00000000
       83825000	      8283	800049d0	14fd	c.addi	x9,-1	  x9:0x00000003  x9=0x00000002
       83835000	      8284	800049d2	ff94fde3	bgeu	x9,x25,800049cc	  x9:0x00000002 x25:0x00000003
       83845000	      8285	800049d6	008103b3	add	x7,x2,x8	  x2:0x80024e2c  x8:0x000007d2  x7=0x800255fe
       83855000	      8286	800049da	8c11	c.sub	x8,x12	  x8:0x000007d2 x12:0x00000000  x8=0x000007d2
       83875000	      8288	800049dc	03f170b3	remu	x1,x2,x31	  x2:0x80024e2c x31:0x00000000  x1=0x80024e2c
       83885000	      8289	800049e0	9cf2	c.add	x25,x28	 x25:0x00000003 x28:0xfffffcf8 x25=0xfffffcfb
       83895000	      8290	800049e2	02e8ed63	bltu	x17,x14,80004a1c	 x17:0x75594000 x14:0xfffff9be
       83915000	      8292	80004a1c	00eb99b3	sll	x19,x23,x14	 x23:0x00000000 x14:0xfffff9be x19=0x00000000
       83925000	      8293	80004a20	0ff0000f	fence	iorw,iorw	
       83935000	      8294	80004a24	177d	c.addi	x14,-1	 x14:0xfffff9be x14=0xfffff9bd
       83955000	      8296	80004a26	03797db3	remu	x27,x18,x23	 x18:0x00000000 x23:0x00000000 x27=0x00000000
       83965000	      8297	80004a2a	8c89	c.sub	x9,x10	  x9:0x00000002 x10:0xb8f6d942  x9=0x470926c0
       83975000	      8298	80004a2c	6efc3313	sltiu	x6,x24,1775	 x24:0x00000000  x6=0x00000001
       83985000	      8299	80004a30	016aa933	slt	x18,x21,x22	 x21:0x00000009 x22:0x00000001 x18=0x00000000
       83995000	      8300	80004a34	8621	c.srai	x12,0x8	 x12:0x00000000 x12=0x00000000
       84005000	      8301	80004a36	c935	c.beqz	x10,80004aaa	 x10:0xb8f6d942
       84015000	      8302	80004a38	9afd	c.andi	x13,-1	 x13:0x00000000 x13=0x00000000
       84025000	      8303	80004a3a	01988b63	beq	x17,x25,80004a50	 x17:0x75594000 x25:0xfffffcfb
       84035000	      8304	80004a3e	0ff0000f	fence	iorw,iorw	
       84045000	      8305	80004a42	00ed16b3	sll	x13,x26,x14	 x26:0x00000001 x14:0xfffff9bd x13=0x20000000
       84055000	      8306	80004a46	8c09	c.sub	x8,x10	  x8:0x000007d2 x10:0xb8f6d942  x8=0x47092e90
       84065000	      8307	80004a48	82ca	c.mv	x5,x18	  x0:0x00000000 x18:0x00000000  x5=0x00000000
       84075000	      8308	80004a4a	8df9	c.and	x11,x14	 x11:0x80028cef x14:0xfffff9bd x11=0x800288ad
       84105000	      8311	80004a4c	025708b3	mul	x17,x14,x5	 x14:0xfffff9bd  x5:0x00000000 x17=0x00000000
       84115000	      8312	80004a50	0001	c.addi	x0,0	  x0:0x00000000  x0=0x00000000
       84125000	      8313	80004a52	256d7093	andi	x1,x26,598	 x26:0x00000001  x1=0x00000000
       84135000	      8314	80004a56	412e5633	sra	x12,x28,x18	 x28:0xfffffcf8 x18:0x00000000 x12=0xfffffcf8
       84165000	      8317	80004a5a	02360d33	mul	x26,x12,x3	 x12:0xfffffcf8  x3:0x00000000 x26=0x00000000
       84175000	      8318	80004a5e	01262eb3	slt	x29,x12,x18	 x12:0xfffffcf8 x18:0x00000000 x29=0x00000001
       84185000	      8319	80004a62	05a7d863	bge	x15,x26,80004ab2	 x15:0x80028ce4 x26:0x00000000
       84195000	      8320	80004a66	46a5	c.li	x13,9	 x13=0x00000009
       84205000	      8321	80004a68	98fd	c.andi	x9,-1	  x9:0x470926c0  x9=0x470926c0
       84215000	      8322	80004a6a	429d	c.li	x5,7	  x5=0x00000007
       84225000	      8323	80004a6c	01673d33	sltu	x26,x14,x22	 x14:0xfffff9bd x22:0x00000001 x26=0x00000000
       84235000	      8324	80004a70	5d658493	addi	x9,x11,1494	 x11:0x800288ad  x9=0x80028e83
       84245000	      8325	80004a74	16ed	c.addi	x13,-5	 x13:0x00000009 x13=0x00000004
       84255000	      8326	80004a76	8da5	c.xor	x11,x9	 x11:0x800288ad  x9:0x80028e83 x11=0x0000062e
       84265000	      8327	80004a78	4719	c.li	x14,6	 x14=0x00000006
       84275000	      8328	80004a7a	1f7d	c.addi	x30,-1	 x30:0x00000000 x30=0xffffffff
       84285000	      8329	80004a7c	222d0fb7	lui	x31,0x222d0	 x31=0x222d0000
       84295000	      8330	80004a80	483d	c.li	x16,15	 x16=0x0000000f
       84665000	      8367	80004a82	026060b3	rem	x1,x0,x6	  x0:0x00000000  x6:0x00000001  x1=0x00000000
       84675000	      8368	80004a86	81ad	c.srli	x11,0xb	 x11:0x0000062e x11=0x00000000
       84685000	      8369	80004a88	0705	c.addi	x14,1	 x14:0x00000006 x14=0x00000007
       84695000	      8370	80004a8a	8d1d	c.sub	x10,x15	 x10:0xb8f6d942 x15:0x80028ce4 x10=0x38f44c5e
       84705000	      8371	80004a8c	ff071be3	bne	x14,x16,80004a82	 x14:0x00000007 x16:0x0000000f
       85095000	      8410	80004a82	026060b3	rem	x1,x0,x6	  x0:0x00000000  x6:0x00000001  x1=0x00000000
       85105000	      8411	80004a86	81ad	c.srli	x11,0xb	 x11:0x00000000 x11=0x00000000
       85115000	      8412	80004a88	0705	c.addi	x14,1	 x14:0x00000007 x14=0x00000008
       85125000	      8413	80004a8a	8d1d	c.sub	x10,x15	 x10:0x38f44c5e x15:0x80028ce4 x10=0xb8f1bf7a
       85135000	      8414	80004a8c	ff071be3	bne	x14,x16,80004a82	 x14:0x00000008 x16:0x0000000f
       85525000	      8453	80004a82	026060b3	rem	x1,x0,x6	  x0:0x00000000  x6:0x00000001  x1=0x00000000
       85535000	      8454	80004a86	81ad	c.srli	x11,0xb	 x11:0x00000000 x11=0x00000000
       85545000	      8455	80004a88	0705	c.addi	x14,1	 x14:0x00000008 x14=0x00000009
       85555000	      8456	80004a8a	8d1d	c.sub	x10,x15	 x10:0xb8f1bf7a x15:0x80028ce4 x10=0x38ef3296
       85565000	      8457	80004a8c	ff071be3	bne	x14,x16,80004a82	 x14:0x00000009 x16:0x0000000f
       85955000	      8496	80004a82	026060b3	rem	x1,x0,x6	  x0:0x00000000  x6:0x00000001  x1=0x00000000
       85965000	      8497	80004a86	81ad	c.srli	x11,0xb	 x11:0x00000000 x11=0x00000000
       85975000	      8498	80004a88	0705	c.addi	x14,1	 x14:0x00000009 x14=0x0000000a
       85985000	      8499	80004a8a	8d1d	c.sub	x10,x15	 x10:0x38ef3296 x15:0x80028ce4 x10=0xb8eca5b2
       85995000	      8500	80004a8c	ff071be3	bne	x14,x16,80004a82	 x14:0x0000000a x16:0x0000000f
       86385000	      8539	80004a82	026060b3	rem	x1,x0,x6	  x0:0x00000000  x6:0x00000001  x1=0x00000000
       86395000	      8540	80004a86	81ad	c.srli	x11,0xb	 x11:0x00000000 x11=0x00000000
       86405000	      8541	80004a88	0705	c.addi	x14,1	 x14:0x0000000a x14=0x0000000b
       86415000	      8542	80004a8a	8d1d	c.sub	x10,x15	 x10:0xb8eca5b2 x15:0x80028ce4 x10=0x38ea18ce
       86425000	      8543	80004a8c	ff071be3	bne	x14,x16,80004a82	 x14:0x0000000b x16:0x0000000f
       86815000	      8582	80004a82	026060b3	rem	x1,x0,x6	  x0:0x00000000  x6:0x00000001  x1=0x00000000
       86825000	      8583	80004a86	81ad	c.srli	x11,0xb	 x11:0x00000000 x11=0x00000000
       86835000	      8584	80004a88	0705	c.addi	x14,1	 x14:0x0000000b x14=0x0000000c
       86845000	      8585	80004a8a	8d1d	c.sub	x10,x15	 x10:0x38ea18ce x15:0x80028ce4 x10=0xb8e78bea
       86855000	      8586	80004a8c	ff071be3	bne	x14,x16,80004a82	 x14:0x0000000c x16:0x0000000f
       87245000	      8625	80004a82	026060b3	rem	x1,x0,x6	  x0:0x00000000  x6:0x00000001  x1=0x00000000
       87255000	      8626	80004a86	81ad	c.srli	x11,0xb	 x11:0x00000000 x11=0x00000000
       87265000	      8627	80004a88	0705	c.addi	x14,1	 x14:0x0000000c x14=0x0000000d
       87275000	      8628	80004a8a	8d1d	c.sub	x10,x15	 x10:0xb8e78bea x15:0x80028ce4 x10=0x38e4ff06
       87285000	      8629	80004a8c	ff071be3	bne	x14,x16,80004a82	 x14:0x0000000d x16:0x0000000f
       87675000	      8668	80004a82	026060b3	rem	x1,x0,x6	  x0:0x00000000  x6:0x00000001  x1=0x00000000
       87685000	      8669	80004a86	81ad	c.srli	x11,0xb	 x11:0x00000000 x11=0x00000000
       87695000	      8670	80004a88	0705	c.addi	x14,1	 x14:0x0000000d x14=0x0000000e
       87705000	      8671	80004a8a	8d1d	c.sub	x10,x15	 x10:0x38e4ff06 x15:0x80028ce4 x10=0xb8e27222
       87715000	      8672	80004a8c	ff071be3	bne	x14,x16,80004a82	 x14:0x0000000e x16:0x0000000f
       88105000	      8711	80004a82	026060b3	rem	x1,x0,x6	  x0:0x00000000  x6:0x00000001  x1=0x00000000
       88115000	      8712	80004a86	81ad	c.srli	x11,0xb	 x11:0x00000000 x11=0x00000000
       88125000	      8713	80004a88	0705	c.addi	x14,1	 x14:0x0000000e x14=0x0000000f
       88135000	      8714	80004a8a	8d1d	c.sub	x10,x15	 x10:0xb8e27222 x15:0x80028ce4 x10=0x38dfe53e
       88145000	      8715	80004a8c	ff071be3	bne	x14,x16,80004a82	 x14:0x0000000f x16:0x0000000f
       88155000	      8716	80004a90	00bff333	and	x6,x31,x11	 x31:0x222d0000 x11:0x00000000  x6=0x00000000
       88165000	      8717	80004a94	fc56fce3	bgeu	x13,x5,80004a6c	 x13:0x00000004  x5:0x00000007
       88175000	      8718	80004a98	b246aa13	slti	x20,x13,-1244	 x13:0x00000004 x20=0x00000000
       88185000	      8719	80004a9c	02cde293	ori	x5,x27,44	 x27:0x00000000  x5=0x0000002c
       88195000	      8720	80004aa0	0000100f	fence.i	
       88215000	      8722	80004aa4	000a9c33	sll	x24,x21,x0	 x21:0x00000009  x0:0x00000000 x24=0x00000009
       88225000	      8723	80004aa8	0001	c.addi	x0,0	  x0:0x00000000  x0=0x00000000
       88595000	      8760	80004aaa	0278ffb3	remu	x31,x17,x7	 x17:0x00000000  x7:0x800255fe x31=0x00000000
       88605000	      8761	80004aae	1bfd	c.addi	x23,-1	 x23:0x00000000 x23=0xffffffff
       88615000	      8762	80004ab0	8c8d	c.sub	x9,x11	  x9:0x80028e83 x11:0x00000000  x9=0x80028e83
       88625000	      8763	80004ab2	77543413	sltiu	x8,x8,1909	  x8:0x47092e90  x8=0x00000000
       88635000	      8764	80004ab6	0c5e	c.slli	x24,0x17	 x24:0x00000009 x24=0x04800000
       88645000	      8765	80004ab8	03d7c263	blt	x15,x29,80004adc	 x15:0x80028ce4 x29:0x00000001
       88665000	      8767	80004adc	51854293	xori	x5,x10,1304	 x10:0x38dfe53e  x5=0x38dfe026
       88675000	      8768	80004ae0	00d7b5b3	sltu	x11,x15,x13	 x15:0x80028ce4 x13:0x00000004 x11=0x00000000
       88685000	      8769	80004ae4	913b6893	ori	x17,x22,-1773	 x22:0x00000001 x17=0xfffff913
       88695000	      8770	80004ae8	03a5cc63	blt	x11,x26,80004b20	 x11:0x00000000 x26:0x00000000
       88705000	      8771	80004aec	8c95	c.sub	x9,x13	  x9:0x80028e83 x13:0x00000004  x9=0x80028e7f
       88715000	      8772	80004aee	40df85b3	sub	x11,x31,x13	 x31:0x00000000 x13:0x00000004 x11=0xfffffffc
       88725000	      8773	80004af2	0116b933	sltu	x18,x13,x17	 x13:0x00000004 x17:0xfffff913 x18=0x00000001
       88735000	      8774	80004af6	9206	c.add	x4,x1	  x4:0xfffffa15  x1:0x00000000  x4=0xfffffa15
       88745000	      8775	80004af8	00e761b3	or	x3,x14,x14	 x14:0x0000000f x14:0x0000000f  x3=0x0000000f
       88765000	      8777	80004afc	028b6d33	rem	x26,x22,x8	 x22:0x00000001  x8:0x00000000 x26=0x00000001
       88775000	      8778	80004b00	02bb7463	bgeu	x22,x11,80004b28	 x22:0x00000001 x11:0xfffffffc
       88785000	      8779	80004b04	0363f563	bgeu	x7,x22,80004b2e	  x7:0x800255fe x22:0x00000001
       88815000	      8782	80004b2e	0ff0000f	fence	iorw,iorw	
       89185000	      8819	80004b32	0393d633	divu	x12,x7,x25	  x7:0x800255fe x25:0xfffffcfb x12=0x00000000
       89195000	      8820	80004b36	88e1	c.andi	x9,24	  x9:0x80028e7f  x9=0x00000018
       89565000	      8857	80004b38	025dc333	div	x6,x27,x5	 x27:0x00000000  x5:0x38dfe026  x6=0x00000000
       89575000	      8858	80004b3c	024e7163	bgeu	x28,x4,80004b5e	 x28:0xfffffcf8  x4:0xfffffa15
       89605000	      8861	80004b5e	01b37fb3	and	x31,x6,x27	  x6:0x00000000 x27:0x00000000 x31=0x00000000
       89615000	      8862	80004b62	894d	c.andi	x10,19	 x10:0x38dfe53e x10=0x00000012
       89655000	      8866	80004b64	02ffac33	mulhsu	x24,x31,x15	 x31:0x00000000 x15:0x80028ce4 x24=0x00000000
       89665000	      8867	80004b68	cc81	c.beqz	x9,80004b80	  x9:0x00000018
       89675000	      8868	80004b6a	0042c9b3	xor	x19,x5,x4	  x5:0x38dfe026  x4:0xfffffa15 x19=0xc7201a33
       89685000	      8869	80004b6e	0000100f	fence.i	
       89705000	      8871	80004b72	80cd	c.srli	x9,0x13	  x9:0x00000018  x9=0x00000000
       89715000	      8872	80004b74	01205563	bge	x0,x18,80004b7e	  x0:0x00000000 x18:0x00000001
       89725000	      8873	80004b78	ce15	c.beqz	x12,80004bb4	 x12:0x00000000
       89745000	      8875	80004bb4	03335a63	bge	x6,x19,80004be8	  x6:0x00000000 x19:0xc7201a33
       89765000	      8877	80004be8	8761	c.srai	x14,0x18	 x14:0x0000000f x14=0x00000000
       89775000	      8878	80004bea	01421c93	slli	x25,x4,0x14	  x4:0xfffffa15 x25=0xa1500000
       89815000	      8882	80004bee	03f53533	mulhu	x10,x10,x31	 x10:0x00000012 x31:0x00000000 x10=0x00000000
       89825000	      8883	80004bf2	0001	c.addi	x0,0	  x0:0x00000000  x0=0x00000000
       89835000	      8884	80004bf4	51e1	c.li	x3,-8	  x3=0xfffffff8
       89845000	      8885	80004bf6	4c29	c.li	x24,10	 x24=0x0000000a
       90215000	      8922	80004bf8	037d5533	divu	x10,x26,x23	 x26:0x00000001 x23:0xffffffff x10=0x00000000
       90225000	      8923	80004bfc	8661	c.srai	x12,0x18	 x12:0x00000000 x12=0x00000000
       90235000	      8924	80004bfe	16fd	c.addi	x13,-1	 x13:0x00000004 x13=0x00000003
       90245000	      8925	80004c00	0bdd	c.addi	x23,23	 x23:0xffffffff x23=0x00000016
       90255000	      8926	80004c02	0017ebb3	or	x23,x15,x1	 x15:0x80028ce4  x1:0x00000000 x23=0x80028ce4
       90265000	      8927	80004c06	002469b3	or	x19,x8,x2	  x8:0x00000000  x2:0x80024e2c x19=0x80024e2c
       90275000	      8928	80004c0a	2e522693	slti	x13,x4,741	  x4:0xfffffa15 x13=0x00000001
       90285000	      8929	80004c0e	016ac6b3	xor	x13,x21,x22	 x21:0x00000009 x22:0x00000001 x13=0x00000008
       90295000	      8930	80004c12	0060c533	xor	x10,x1,x6	  x1:0x00000000  x6:0x00000000 x10=0x00000000
       90305000	      8931	80004c16	00e6	c.slli	x1,0x19	  x1:0x00000000  x1=0x00000000
       90315000	      8932	80004c18	9706	c.add	x14,x1	 x14:0x00000000  x1:0x00000000 x14=0x00000000
       90325000	      8933	80004c1a	00781033	sll	x0,x16,x7	 x16:0x0000000f  x7:0x800255fe  x0=0x00000000
       90335000	      8934	80004c1e	01735893	srli	x17,x6,0x17	  x6:0x00000000 x17=0x00000000
       90345000	      8935	80004c22	00eb28b3	slt	x17,x22,x14	 x22:0x00000001 x14:0x00000000 x17=0x00000000
       90355000	      8936	80004c26	4144da13	srai	x20,x9,0x14	  x9:0x00000000 x20=0x00000000
       90365000	      8937	80004c2a	6cf1	c.lui	x25,0x1c	 x25=0x0001c000
       90375000	      8938	80004c2c	0189	c.addi	x3,2	  x3:0xfffffff8  x3=0xfffffffa
       90405000	      8941	80004c2e	02328bb3	mul	x23,x5,x3	  x5:0x38dfe026  x3:0xfffffffa x23=0xaac0bf1c
       90415000	      8942	80004c32	0656	c.slli	x12,0x15	 x12:0x00000000 x12=0x00000000
       90425000	      8943	80004c34	01115813	srli	x16,x2,0x11	  x2:0x80024e2c x16=0x00004001
       90435000	      8944	80004c38	00f9bf33	sltu	x30,x19,x15	 x19:0x80024e2c x15:0x80028ce4 x30=0x00000001
       90445000	      8945	80004c3c	fd8197e3	bne	x3,x24,80004c0a	  x3:0xfffffffa x24:0x0000000a
       90475000	      8948	80004c0a	2e522693	slti	x13,x4,741	  x4:0xfffffa15 x13=0x00000001
       90485000	      8949	80004c0e	016ac6b3	xor	x13,x21,x22	 x21:0x00000009 x22:0x00000001 x13=0x00000008
       90495000	      8950	80004c12	0060c533	xor	x10,x1,x6	  x1:0x00000000  x6:0x00000000 x10=0x00000000
       90505000	      8951	80004c16	00e6	c.slli	x1,0x19	  x1:0x00000000  x1=0x00000000
       90515000	      8952	80004c18	9706	c.add	x14,x1	 x14:0x00000000  x1:0x00000000 x14=0x00000000
       90525000	      8953	80004c1a	00781033	sll	x0,x16,x7	 x16:0x00004001  x7:0x800255fe  x0=0x00000000
       90535000	      8954	80004c1e	01735893	srli	x17,x6,0x17	  x6:0x00000000 x17=0x00000000
       90545000	      8955	80004c22	00eb28b3	slt	x17,x22,x14	 x22:0x00000001 x14:0x00000000 x17=0x00000000
       90555000	      8956	80004c26	4144da13	srai	x20,x9,0x14	  x9:0x00000000 x20=0x00000000
       90565000	      8957	80004c2a	6cf1	c.lui	x25,0x1c	 x25=0x0001c000
       90575000	      8958	80004c2c	0189	c.addi	x3,2	  x3:0xfffffffa  x3=0xfffffffc
       90605000	      8961	80004c2e	02328bb3	mul	x23,x5,x3	  x5:0x38dfe026  x3:0xfffffffc x23=0x1c807f68
       90615000	      8962	80004c32	0656	c.slli	x12,0x15	 x12:0x00000000 x12=0x00000000
       90625000	      8963	80004c34	01115813	srli	x16,x2,0x11	  x2:0x80024e2c x16=0x00004001
       90635000	      8964	80004c38	00f9bf33	sltu	x30,x19,x15	 x19:0x80024e2c x15:0x80028ce4 x30=0x00000001
       90645000	      8965	80004c3c	fd8197e3	bne	x3,x24,80004c0a	  x3:0xfffffffc x24:0x0000000a
       90675000	      8968	80004c0a	2e522693	slti	x13,x4,741	  x4:0xfffffa15 x13=0x00000001
       90685000	      8969	80004c0e	016ac6b3	xor	x13,x21,x22	 x21:0x00000009 x22:0x00000001 x13=0x00000008
       90695000	      8970	80004c12	0060c533	xor	x10,x1,x6	  x1:0x00000000  x6:0x00000000 x10=0x00000000
       90705000	      8971	80004c16	00e6	c.slli	x1,0x19	  x1:0x00000000  x1=0x00000000
       90715000	      8972	80004c18	9706	c.add	x14,x1	 x14:0x00000000  x1:0x00000000 x14=0x00000000
       90725000	      8973	80004c1a	00781033	sll	x0,x16,x7	 x16:0x00004001  x7:0x800255fe  x0=0x00000000
       90735000	      8974	80004c1e	01735893	srli	x17,x6,0x17	  x6:0x00000000 x17=0x00000000
       90745000	      8975	80004c22	00eb28b3	slt	x17,x22,x14	 x22:0x00000001 x14:0x00000000 x17=0x00000000
       90755000	      8976	80004c26	4144da13	srai	x20,x9,0x14	  x9:0x00000000 x20=0x00000000
       90765000	      8977	80004c2a	6cf1	c.lui	x25,0x1c	 x25=0x0001c000
       90775000	      8978	80004c2c	0189	c.addi	x3,2	  x3:0xfffffffc  x3=0xfffffffe
       90805000	      8981	80004c2e	02328bb3	mul	x23,x5,x3	  x5:0x38dfe026  x3:0xfffffffe x23=0x8e403fb4
       90815000	      8982	80004c32	0656	c.slli	x12,0x15	 x12:0x00000000 x12=0x00000000
       90825000	      8983	80004c34	01115813	srli	x16,x2,0x11	  x2:0x80024e2c x16=0x00004001
       90835000	      8984	80004c38	00f9bf33	sltu	x30,x19,x15	 x19:0x80024e2c x15:0x80028ce4 x30=0x00000001
       90845000	      8985	80004c3c	fd8197e3	bne	x3,x24,80004c0a	  x3:0xfffffffe x24:0x0000000a
       90875000	      8988	80004c0a	2e522693	slti	x13,x4,741	  x4:0xfffffa15 x13=0x00000001
       90885000	      8989	80004c0e	016ac6b3	xor	x13,x21,x22	 x21:0x00000009 x22:0x00000001 x13=0x00000008
       90895000	      8990	80004c12	0060c533	xor	x10,x1,x6	  x1:0x00000000  x6:0x00000000 x10=0x00000000
       90905000	      8991	80004c16	00e6	c.slli	x1,0x19	  x1:0x00000000  x1=0x00000000
       90915000	      8992	80004c18	9706	c.add	x14,x1	 x14:0x00000000  x1:0x00000000 x14=0x00000000
       90925000	      8993	80004c1a	00781033	sll	x0,x16,x7	 x16:0x00004001  x7:0x800255fe  x0=0x00000000
       90935000	      8994	80004c1e	01735893	srli	x17,x6,0x17	  x6:0x00000000 x17=0x00000000
       90945000	      8995	80004c22	00eb28b3	slt	x17,x22,x14	 x22:0x00000001 x14:0x00000000 x17=0x00000000
       90955000	      8996	80004c26	4144da13	srai	x20,x9,0x14	  x9:0x00000000 x20=0x00000000
       90965000	      8997	80004c2a	6cf1	c.lui	x25,0x1c	 x25=0x0001c000
       90975000	      8998	80004c2c	0189	c.addi	x3,2	  x3:0xfffffffe  x3=0x00000000
       91005000	      9001	80004c2e	02328bb3	mul	x23,x5,x3	  x5:0x38dfe026  x3:0x00000000 x23=0x00000000
       91015000	      9002	80004c32	0656	c.slli	x12,0x15	 x12:0x00000000 x12=0x00000000
       91025000	      9003	80004c34	01115813	srli	x16,x2,0x11	  x2:0x80024e2c x16=0x00004001
       91035000	      9004	80004c38	00f9bf33	sltu	x30,x19,x15	 x19:0x80024e2c x15:0x80028ce4 x30=0x00000001
       91045000	      9005	80004c3c	fd8197e3	bne	x3,x24,80004c0a	  x3:0x00000000 x24:0x0000000a
       91075000	      9008	80004c0a	2e522693	slti	x13,x4,741	  x4:0xfffffa15 x13=0x00000001
       91085000	      9009	80004c0e	016ac6b3	xor	x13,x21,x22	 x21:0x00000009 x22:0x00000001 x13=0x00000008
       91095000	      9010	80004c12	0060c533	xor	x10,x1,x6	  x1:0x00000000  x6:0x00000000 x10=0x00000000
       91105000	      9011	80004c16	00e6	c.slli	x1,0x19	  x1:0x00000000  x1=0x00000000
       91115000	      9012	80004c18	9706	c.add	x14,x1	 x14:0x00000000  x1:0x00000000 x14=0x00000000
       91125000	      9013	80004c1a	00781033	sll	x0,x16,x7	 x16:0x00004001  x7:0x800255fe  x0=0x00000000
       91135000	      9014	80004c1e	01735893	srli	x17,x6,0x17	  x6:0x00000000 x17=0x00000000
       91145000	      9015	80004c22	00eb28b3	slt	x17,x22,x14	 x22:0x00000001 x14:0x00000000 x17=0x00000000
       91155000	      9016	80004c26	4144da13	srai	x20,x9,0x14	  x9:0x00000000 x20=0x00000000
       91165000	      9017	80004c2a	6cf1	c.lui	x25,0x1c	 x25=0x0001c000
       91175000	      9018	80004c2c	0189	c.addi	x3,2	  x3:0x00000000  x3=0x00000002
       91205000	      9021	80004c2e	02328bb3	mul	x23,x5,x3	  x5:0x38dfe026  x3:0x00000002 x23=0x71bfc04c
       91215000	      9022	80004c32	0656	c.slli	x12,0x15	 x12:0x00000000 x12=0x00000000
       91225000	      9023	80004c34	01115813	srli	x16,x2,0x11	  x2:0x80024e2c x16=0x00004001
       91235000	      9024	80004c38	00f9bf33	sltu	x30,x19,x15	 x19:0x80024e2c x15:0x80028ce4 x30=0x00000001
       91245000	      9025	80004c3c	fd8197e3	bne	x3,x24,80004c0a	  x3:0x00000002 x24:0x0000000a
       91275000	      9028	80004c0a	2e522693	slti	x13,x4,741	  x4:0xfffffa15 x13=0x00000001
       91285000	      9029	80004c0e	016ac6b3	xor	x13,x21,x22	 x21:0x00000009 x22:0x00000001 x13=0x00000008
       91295000	      9030	80004c12	0060c533	xor	x10,x1,x6	  x1:0x00000000  x6:0x00000000 x10=0x00000000
       91305000	      9031	80004c16	00e6	c.slli	x1,0x19	  x1:0x00000000  x1=0x00000000
       91315000	      9032	80004c18	9706	c.add	x14,x1	 x14:0x00000000  x1:0x00000000 x14=0x00000000
       91325000	      9033	80004c1a	00781033	sll	x0,x16,x7	 x16:0x00004001  x7:0x800255fe  x0=0x00000000
       91335000	      9034	80004c1e	01735893	srli	x17,x6,0x17	  x6:0x00000000 x17=0x00000000
       91345000	      9035	80004c22	00eb28b3	slt	x17,x22,x14	 x22:0x00000001 x14:0x00000000 x17=0x00000000
       91355000	      9036	80004c26	4144da13	srai	x20,x9,0x14	  x9:0x00000000 x20=0x00000000
       91365000	      9037	80004c2a	6cf1	c.lui	x25,0x1c	 x25=0x0001c000
       91375000	      9038	80004c2c	0189	c.addi	x3,2	  x3:0x00000002  x3=0x00000004
       91405000	      9041	80004c2e	02328bb3	mul	x23,x5,x3	  x5:0x38dfe026  x3:0x00000004 x23=0xe37f8098
       91415000	      9042	80004c32	0656	c.slli	x12,0x15	 x12:0x00000000 x12=0x00000000
       91425000	      9043	80004c34	01115813	srli	x16,x2,0x11	  x2:0x80024e2c x16=0x00004001
       91435000	      9044	80004c38	00f9bf33	sltu	x30,x19,x15	 x19:0x80024e2c x15:0x80028ce4 x30=0x00000001
       91445000	      9045	80004c3c	fd8197e3	bne	x3,x24,80004c0a	  x3:0x00000004 x24:0x0000000a
       91475000	      9048	80004c0a	2e522693	slti	x13,x4,741	  x4:0xfffffa15 x13=0x00000001
       91485000	      9049	80004c0e	016ac6b3	xor	x13,x21,x22	 x21:0x00000009 x22:0x00000001 x13=0x00000008
       91495000	      9050	80004c12	0060c533	xor	x10,x1,x6	  x1:0x00000000  x6:0x00000000 x10=0x00000000
       91505000	      9051	80004c16	00e6	c.slli	x1,0x19	  x1:0x00000000  x1=0x00000000
       91515000	      9052	80004c18	9706	c.add	x14,x1	 x14:0x00000000  x1:0x00000000 x14=0x00000000
       91525000	      9053	80004c1a	00781033	sll	x0,x16,x7	 x16:0x00004001  x7:0x800255fe  x0=0x00000000
       91535000	      9054	80004c1e	01735893	srli	x17,x6,0x17	  x6:0x00000000 x17=0x00000000
       91545000	      9055	80004c22	00eb28b3	slt	x17,x22,x14	 x22:0x00000001 x14:0x00000000 x17=0x00000000
       91555000	      9056	80004c26	4144da13	srai	x20,x9,0x14	  x9:0x00000000 x20=0x00000000
       91565000	      9057	80004c2a	6cf1	c.lui	x25,0x1c	 x25=0x0001c000
       91575000	      9058	80004c2c	0189	c.addi	x3,2	  x3:0x00000004  x3=0x00000006
       91605000	      9061	80004c2e	02328bb3	mul	x23,x5,x3	  x5:0x38dfe026  x3:0x00000006 x23=0x553f40e4
       91615000	      9062	80004c32	0656	c.slli	x12,0x15	 x12:0x00000000 x12=0x00000000
       91625000	      9063	80004c34	01115813	srli	x16,x2,0x11	  x2:0x80024e2c x16=0x00004001
       91635000	      9064	80004c38	00f9bf33	sltu	x30,x19,x15	 x19:0x80024e2c x15:0x80028ce4 x30=0x00000001
       91645000	      9065	80004c3c	fd8197e3	bne	x3,x24,80004c0a	  x3:0x00000006 x24:0x0000000a
       91675000	      9068	80004c0a	2e522693	slti	x13,x4,741	  x4:0xfffffa15 x13=0x00000001
       91685000	      9069	80004c0e	016ac6b3	xor	x13,x21,x22	 x21:0x00000009 x22:0x00000001 x13=0x00000008
       91695000	      9070	80004c12	0060c533	xor	x10,x1,x6	  x1:0x00000000  x6:0x00000000 x10=0x00000000
       91705000	      9071	80004c16	00e6	c.slli	x1,0x19	  x1:0x00000000  x1=0x00000000
       91715000	      9072	80004c18	9706	c.add	x14,x1	 x14:0x00000000  x1:0x00000000 x14=0x00000000
       91725000	      9073	80004c1a	00781033	sll	x0,x16,x7	 x16:0x00004001  x7:0x800255fe  x0=0x00000000
       91735000	      9074	80004c1e	01735893	srli	x17,x6,0x17	  x6:0x00000000 x17=0x00000000
       91745000	      9075	80004c22	00eb28b3	slt	x17,x22,x14	 x22:0x00000001 x14:0x00000000 x17=0x00000000
       91755000	      9076	80004c26	4144da13	srai	x20,x9,0x14	  x9:0x00000000 x20=0x00000000
       91765000	      9077	80004c2a	6cf1	c.lui	x25,0x1c	 x25=0x0001c000
       91775000	      9078	80004c2c	0189	c.addi	x3,2	  x3:0x00000006  x3=0x00000008
       91805000	      9081	80004c2e	02328bb3	mul	x23,x5,x3	  x5:0x38dfe026  x3:0x00000008 x23=0xc6ff0130
       91815000	      9082	80004c32	0656	c.slli	x12,0x15	 x12:0x00000000 x12=0x00000000
       91825000	      9083	80004c34	01115813	srli	x16,x2,0x11	  x2:0x80024e2c x16=0x00004001
       91835000	      9084	80004c38	00f9bf33	sltu	x30,x19,x15	 x19:0x80024e2c x15:0x80028ce4 x30=0x00000001
       91845000	      9085	80004c3c	fd8197e3	bne	x3,x24,80004c0a	  x3:0x00000008 x24:0x0000000a
       91875000	      9088	80004c0a	2e522693	slti	x13,x4,741	  x4:0xfffffa15 x13=0x00000001
       91885000	      9089	80004c0e	016ac6b3	xor	x13,x21,x22	 x21:0x00000009 x22:0x00000001 x13=0x00000008
       91895000	      9090	80004c12	0060c533	xor	x10,x1,x6	  x1:0x00000000  x6:0x00000000 x10=0x00000000
       91905000	      9091	80004c16	00e6	c.slli	x1,0x19	  x1:0x00000000  x1=0x00000000
       91915000	      9092	80004c18	9706	c.add	x14,x1	 x14:0x00000000  x1:0x00000000 x14=0x00000000
       91925000	      9093	80004c1a	00781033	sll	x0,x16,x7	 x16:0x00004001  x7:0x800255fe  x0=0x00000000
       91935000	      9094	80004c1e	01735893	srli	x17,x6,0x17	  x6:0x00000000 x17=0x00000000
       91945000	      9095	80004c22	00eb28b3	slt	x17,x22,x14	 x22:0x00000001 x14:0x00000000 x17=0x00000000
       91955000	      9096	80004c26	4144da13	srai	x20,x9,0x14	  x9:0x00000000 x20=0x00000000
       91965000	      9097	80004c2a	6cf1	c.lui	x25,0x1c	 x25=0x0001c000
       91975000	      9098	80004c2c	0189	c.addi	x3,2	  x3:0x00000008  x3=0x0000000a
       92005000	      9101	80004c2e	02328bb3	mul	x23,x5,x3	  x5:0x38dfe026  x3:0x0000000a x23=0x38bec17c
       92015000	      9102	80004c32	0656	c.slli	x12,0x15	 x12:0x00000000 x12=0x00000000
       92025000	      9103	80004c34	01115813	srli	x16,x2,0x11	  x2:0x80024e2c x16=0x00004001
       92035000	      9104	80004c38	00f9bf33	sltu	x30,x19,x15	 x19:0x80024e2c x15:0x80028ce4 x30=0x00000001
       92045000	      9105	80004c3c	fd8197e3	bne	x3,x24,80004c0a	  x3:0x0000000a x24:0x0000000a
       92415000	      9142	80004c40	03a25a33	divu	x20,x4,x26	  x4:0xfffffa15 x26:0x00000001 x20=0xfffffa15
       92425000	      9143	80004c44	018833b3	sltu	x7,x16,x24	 x16:0x00004001 x24:0x0000000a  x7=0x00000000
       92435000	      9144	80004c48	0036b733	sltu	x14,x13,x3	 x13:0x00000008  x3:0x0000000a x14=0x00000001
       92475000	      9148	80004c4c	02842e33	mulhsu	x28,x8,x8	  x8:0x00000000  x8:0x00000000 x28=0x00000000
       92485000	      9149	80004c50	02096463	bltu	x18,x0,80004c78	 x18:0x00000001  x0:0x00000000
       92495000	      9150	80004c54	087a3913	sltiu	x18,x20,135	 x20:0xfffffa15 x18=0x00000000
       92505000	      9151	80004c58	98027037	lui	x0,0x98027	  x0=0x00000000
       92515000	      9152	80004c5c	01d06863	bltu	x0,x29,80004c6c	  x0:0x00000000 x29:0x00000001
       92535000	      9154	80004c6c	01706e63	bltu	x0,x23,80004c88	  x0:0x00000000 x23:0x38bec17c
       92555000	      9156	80004c88	a5c16693	ori	x13,x2,-1444	  x2:0x80024e2c x13=0xfffffe7c
       92575000	      9158	80004c8c	03c1e2b3	rem	x5,x3,x28	  x3:0x0000000a x28:0x00000000  x5=0x0000000a
       92585000	      9159	80004c90	84e5	c.srai	x9,0x19	  x9:0x00000000  x9=0x00000000
       92595000	      9160	80004c92	012a9093	slli	x1,x21,0x12	 x21:0x00000009  x1=0x00240000
       92605000	      9161	80004c96	713683b7	lui	x7,0x71368	  x7=0x71368000
       92615000	      9162	80004c9a	0034af33	slt	x30,x9,x3	  x9:0x00000000  x3:0x0000000a x30=0x00000001
       92625000	      9163	80004c9e	0001	c.addi	x0,0	  x0:0x00000000  x0=0x00000000
       92995000	      9200	80004ca0	024e44b3	div	x9,x28,x4	 x28:0x00000000  x4:0xfffffa15  x9=0x00000000
       93365000	      9237	80004ca4	0232e9b3	rem	x19,x5,x3	  x5:0x0000000a  x3:0x0000000a x19=0x00000000
       93375000	      9238	80004ca8	4189d993	srai	x19,x19,0x18	 x19:0x00000000 x19=0x00000000
       93385000	      9239	80004cac	9ede	c.add	x29,x23	 x29:0x00000001 x23:0x38bec17c x29=0x38bec17d
       93425000	      9243	80004cae	021cbdb3	mulhu	x27,x25,x1	 x25:0x0001c000  x1:0x00240000 x27=0x0000003f
       93435000	      9244	80004cb2	9159ef13	ori	x30,x19,-1771	 x19:0x00000000 x30=0xfffff915
       93445000	      9245	80004cb6	019fc563	blt	x31,x25,80004cc0	 x31:0x00000000 x25:0x0001c000
       93465000	      9247	80004cc0	82b1	c.srli	x13,0xc	 x13:0xfffffe7c x13=0x000fffff
       93475000	      9248	80004cc2	0101ff33	and	x30,x3,x16	  x3:0x0000000a x16:0x00004001 x30=0x00000000
       93485000	      9249	80004cc6	01157e33	and	x28,x10,x17	 x10:0x00000000 x17:0x00000000 x28=0x00000000
       93495000	      9250	80004cca	7ac00193	addi	x3,x0,1964	  x0:0x00000000  x3=0x000007ac
       93505000	      9251	80004cce	8c25	c.xor	x8,x9	  x8:0x00000000  x9:0x00000000  x8=0x00000000
       93875000	      9288	80004cd0	0373c633	div	x12,x7,x23	  x7:0x71368000 x23:0x38bec17c x12=0x00000001
       93895000	      9290	80004cd4	03fcd9b3	divu	x19,x25,x31	 x25:0x0001c000 x31:0x00000000 x19=0xffffffff
       93905000	      9291	80004cd8	024af263	bgeu	x21,x4,80004cfc	 x21:0x00000009  x4:0xfffffa15
       93915000	      9292	80004cdc	e71d	c.bnez	x14,80004d0a	 x14:0x00000001
       93935000	      9294	80004d0a	8e0d	c.sub	x12,x11	 x12:0x00000001 x11:0xfffffffc x12=0x00000005
       93975000	      9298	80004d0c	03c522b3	mulhsu	x5,x10,x28	 x10:0x00000000 x28:0x00000000  x5=0x00000000
       93985000	      9299	80004d10	c48d	c.beqz	x9,80004d3a	  x9:0x00000000
       94005000	      9301	80004d3a	8df9	c.and	x11,x14	 x11:0xfffffffc x14:0x00000001 x11=0x00000000
       94015000	      9302	80004d3c	014ecdb3	xor	x27,x29,x20	 x29:0x38bec17d x20:0xfffffa15 x27=0xc7413b68
       94055000	      9306	80004d40	03beb5b3	mulhu	x11,x29,x27	 x29:0x38bec17d x27:0xc7413b68 x11=0x2c2abe02
       94065000	      9307	80004d44	8095	c.srli	x9,0x5	  x9:0x00000000  x9=0x00000000
       94075000	      9308	80004d46	809a6993	ori	x19,x20,-2039	 x20:0xfffffa15 x19=0xfffffa1d
       94095000	      9310	80004d4a	03184db3	div	x27,x16,x17	 x16:0x00004001 x17:0x00000000 x27=0xffffffff
       94105000	      9311	80004d4e	5292bb13	sltiu	x22,x5,1321	  x5:0x00000000 x22=0x00000001
       94115000	      9312	80004d52	00ba3eb3	sltu	x29,x20,x11	 x20:0xfffffa15 x11:0x2c2abe02 x29=0x00000000
       94125000	      9313	80004d56	404753b3	sra	x7,x14,x4	 x14:0x00000001  x4:0xfffffa15  x7=0x00000000
       94135000	      9314	80004d5a	00806933	or	x18,x0,x8	  x0:0x00000000  x8:0x00000000 x18=0x00000000
       94145000	      9315	80004d5e	0001	c.addi	x0,0	  x0:0x00000000  x0=0x00000000
       94155000	      9316	80004d60	01193733	sltu	x14,x18,x17	 x18:0x00000000 x17:0x00000000 x14=0x00000000
       94165000	      9317	80004d64	64fd	c.lui	x9,0x1f	  x9=0x0001f000
       94175000	      9318	80004d66	8f19	c.sub	x14,x14	 x14:0x00000000 x14:0x00000000 x14=0x00000000
       94195000	      9320	80004d68	03c0e3b3	rem	x7,x1,x28	  x1:0x00240000 x28:0x00000000  x7=0x00240000
       94205000	      9321	80004d6c	03104963	blt	x0,x17,80004d9e	  x0:0x00000000 x17:0x00000000
       94215000	      9322	80004d70	02057063	bgeu	x10,x0,80004d90	 x10:0x00000000  x0:0x00000000
       94235000	      9324	80004d90	e019	c.bnez	x8,80004d96	  x8:0x00000000
       94245000	      9325	80004d92	0ff0000f	fence	iorw,iorw	
       94255000	      9326	80004d96	8ca31237	lui	x4,0x8ca31	  x4=0x8ca31000
       94265000	      9327	80004d9a	8eb1	c.xor	x13,x12	 x13:0x000fffff x12:0x00000005 x13=0x000ffffa
       94275000	      9328	80004d9c	1a7d	c.addi	x20,-1	 x20:0xfffffa15 x20=0xfffffa14
       94285000	      9329	80004d9e	40c98933	sub	x18,x19,x12	 x19:0xfffffa1d x12:0x00000005 x18=0xfffffa18
       94295000	      9330	80004da2	6f39	c.lui	x30,0xe	 x30=0x0000e000
       94305000	      9331	80004da4	01da	c.slli	x3,0x16	  x3:0x000007ac  x3=0xeb000000
       94315000	      9332	80004da6	4bc43c93	sltiu	x25,x8,1212	  x8:0x00000000 x25=0x00000001
       94325000	      9333	80004daa	409c0eb3	sub	x29,x24,x9	 x24:0x0000000a  x9:0x0001f000 x29=0xfffe100a
       94335000	      9334	80004dae	e299	c.bnez	x13,80004db4	 x13:0x000ffffa
       94375000	      9338	80004db4	02b909b3	mul	x19,x18,x11	 x18:0xfffffa18 x11:0x2c2abe02 x19=0x238dc430
       94395000	      9340	80004db8	03f57f33	remu	x30,x10,x31	 x10:0x00000000 x31:0x00000000 x30=0x00000000
       94405000	      9341	80004dbc	871d	c.srai	x14,0x7	 x14:0x00000000 x14=0x00000000
       94415000	      9342	80004dbe	65d5	c.lui	x11,0x15	 x11=0x00015000
       94425000	      9343	80004dc0	41425db3	sra	x27,x4,x20	  x4:0x8ca31000 x20:0xfffffa14 x27=0xfffff8ca
       94435000	      9344	80004dc4	01961413	slli	x8,x12,0x19	 x12:0x00000005  x8=0x0a000000
       94445000	      9345	80004dc8	018f1a33	sll	x20,x30,x24	 x30:0x00000000 x24:0x0000000a x20=0x00000000
       94815000	      9382	80004dcc	03357033	remu	x0,x10,x19	 x10:0x00000000 x19:0x238dc430  x0=0x00000000
       94855000	      9386	80004dd0	03019f33	mulh	x30,x3,x16	  x3:0xeb000000 x16:0x00004001 x30=0xfffffabf
       94865000	      9387	80004dd4	08ae	c.slli	x17,0xb	 x17:0x00000000 x17=0x00000000
       95235000	      9424	80004dd6	03774db3	div	x27,x14,x23	 x14:0x00000000 x23:0x38bec17c x27=0x00000000
       95245000	      9425	80004dda	55573d93	sltiu	x27,x14,1365	 x14:0x00000000 x27=0x00000001
       95255000	      9426	80004dde	8c25	c.xor	x8,x9	  x8:0x0a000000  x9:0x0001f000  x8=0x0a01f000
       95265000	      9427	80004de0	02ce0d63	beq	x28,x12,80004e1a	 x28:0x00000000 x12:0x00000005
       95275000	      9428	80004de4	8995	c.andi	x11,5	 x11:0x00015000 x11=0x00000000
       95315000	      9432	80004de6	02472c33	mulhsu	x24,x14,x4	 x14:0x00000000  x4:0x8ca31000 x24=0x00000000
       95325000	      9433	80004dea	00faf533	and	x10,x21,x15	 x21:0x00000009 x15:0x80028ce4 x10=0x00000000
       95335000	      9434	80004dee	40500533	sub	x10,x0,x5	  x0:0x00000000  x5:0x00000000 x10=0x00000000
       95345000	      9435	80004df2	03859963	bne	x11,x24,80004e24	 x11:0x00000000 x24:0x00000000
       95355000	      9436	80004df6	9f92	c.add	x31,x4	 x31:0x00000000  x4:0x8ca31000 x31=0x8ca31000
       95365000	      9437	80004df8	011c9613	slli	x12,x25,0x11	 x25:0x00000001 x12=0x00020000
       95375000	      9438	80004dfc	0cef7d13	andi	x26,x30,206	 x30:0xfffffabf x26=0x0000008e
       95385000	      9439	80004e00	a9536593	ori	x11,x6,-1387	  x6:0x00000000 x11=0xfffffa95
       95395000	      9440	80004e04	41695313	srai	x6,x18,0x16	 x18:0xfffffa18  x6=0xffffffff
       95405000	      9441	80004e08	01cecbb3	xor	x23,x29,x28	 x29:0xfffe100a x28:0x00000000 x23=0xfffe100a
       95415000	      9442	80004e0c	0000100f	fence.i	
       95435000	      9444	80004e10	0d4a	c.slli	x26,0x12	 x26:0x0000008e x26=0x02380000
       95445000	      9445	80004e12	e585fd13	andi	x26,x11,-424	 x11:0xfffffa95 x26=0xfffffa10
       95455000	      9446	80004e16	40628233	sub	x4,x5,x6	  x5:0x00000000  x6:0xffffffff  x4=0x00000001
       95465000	      9447	80004e1a	8dd9	c.or	x11,x14	 x11:0xfffffa95 x14:0x00000000 x11=0xfffffa95
       95475000	      9448	80004e1c	000f92b3	sll	x5,x31,x0	 x31:0x8ca31000  x0:0x00000000  x5=0x8ca31000
       95485000	      9449	80004e20	d1aaed93	ori	x27,x21,-742	 x21:0x00000009 x27=0xfffffd1b
       95495000	      9450	80004e24	0d69	c.addi	x26,26	 x26:0xfffffa10 x26=0xfffffa2a
       95505000	      9451	80004e26	86a5	c.srai	x13,0x9	 x13:0x000ffffa x13=0x000007ff
       95515000	      9452	80004e28	00b97b63	bgeu	x18,x11,80004e3e	 x18:0xfffffa18 x11:0xfffffa95
       95525000	      9453	80004e2c	03011763	bne	x2,x16,80004e5a	  x2:0x80024e2c x16:0x00004001
       95555000	      9456	80004e5a	00be8c63	beq	x29,x11,80004e72	 x29:0xfffe100a x11:0xfffffa95
       95565000	      9457	80004e5e	01793db3	sltu	x27,x18,x23	 x18:0xfffffa18 x23:0xfffe100a x27=0x00000000
       95585000	      9459	80004e62	02ef7bb3	remu	x23,x30,x14	 x30:0xfffffabf x14:0x00000000 x23=0xfffffabf
       95595000	      9460	80004e66	25aca513	slti	x10,x25,602	 x25:0x00000001 x10=0x00000001
       95605000	      9461	80004e6a	073e	c.slli	x14,0xf	 x14:0x00000000 x14=0x00000000
       95615000	      9462	80004e6c	6bd9	c.lui	x23,0x16	 x23=0x00016000
       95625000	      9463	80004e6e	09c7ec17	auipc	x24,0x9c7e	 x24=0x89c82e6e
       95635000	      9464	80004e72	01c913b3	sll	x7,x18,x28	 x18:0xfffffa18 x28:0x00000000  x7=0xfffffa18
       95645000	      9465	80004e76	4060d9b3	sra	x19,x1,x6	  x1:0x00240000  x6:0xffffffff x19=0x00000000
       95655000	      9466	80004e7a	41328bb3	sub	x23,x5,x19	  x5:0x8ca31000 x19:0x00000000 x23=0x8ca31000
       95665000	      9467	80004e7e	8269	c.srli	x12,0x1a	 x12:0x00020000 x12=0x00000000
       95675000	      9468	80004e80	0001	c.addi	x0,0	  x0:0x00000000  x0=0x00000000
       95685000	      9469	80004e82	41115313	srai	x6,x2,0x11	  x2:0x80024e2c  x6=0xffffc001
       95695000	      9470	80004e86	0000100f	fence.i	
       95725000	      9473	80004e8a	00aa5db3	srl	x27,x20,x10	 x20:0x00000000 x10:0x00000001 x27=0x00000000
       95735000	      9474	80004e8e	0001	c.addi	x0,0	  x0:0x00000000  x0=0x00000000
       95745000	      9475	80004e90	91be	c.add	x3,x15	  x3:0xeb000000 x15:0x80028ce4  x3=0x6b028ce4
       95755000	      9476	80004e92	8371	c.srli	x14,0x1c	 x14:0x00000000 x14=0x00000000
       95765000	      9477	80004e94	03fc7563	bgeu	x24,x31,80004ebe	 x24:0x89c82e6e x31:0x8ca31000
       95775000	      9478	80004e98	8ef5	c.and	x13,x13	 x13:0x000007ff x13:0x000007ff x13=0x000007ff
       95815000	      9482	80004e9a	028f15b3	mulh	x11,x30,x8	 x30:0xfffffabf  x8:0x0a01f000 x11=0xffffffcb
       95825000	      9483	80004e9e	2d0b1297	auipc	x5,0x2d0b1	  x5=0xad0b5e9e
       95835000	      9484	80004ea2	0001	c.addi	x0,0	  x0:0x00000000  x0=0x00000000
       95845000	      9485	80004ea4	0000100f	fence.i	
       95865000	      9487	80004ea8	8cad	c.xor	x9,x11	  x9:0x0001f000 x11:0xffffffcb  x9=0xfffe0fcb
       95875000	      9488	80004eaa	c159	c.beqz	x10,80004f30	 x10:0x00000001
       95885000	      9489	80004eac	01d778b3	and	x17,x14,x29	 x14:0x00000000 x29:0xfffe100a x17=0x00000000
       95895000	      9490	80004eb0	41135b13	srai	x22,x6,0x11	  x6:0xffffc001 x22=0xffffffff
       95905000	      9491	80004eb4	8e71	c.and	x12,x12	 x12:0x00000000 x12:0x00000000 x12=0x00000000
       95915000	      9492	80004eb6	09c78863	beq	x15,x28,80004f46	 x15:0x80028ce4 x28:0x00000000
       95925000	      9493	80004eba	0666	c.slli	x12,0x19	 x12:0x00000000 x12=0x00000000
       95935000	      9494	80004ebc	8c36	c.mv	x24,x13	  x0:0x00000000 x13:0x000007ff x24=0x000007ff
       95945000	      9495	80004ebe	0ff0000f	fence	iorw,iorw	
       95955000	      9496	80004ec2	ceb1e1b7	lui	x3,0xceb1e	  x3=0xceb1e000
       95965000	      9497	80004ec6	55e1	c.li	x11,-8	 x11=0xfffffff8
       95975000	      9498	80004ec8	0001	c.addi	x0,0	  x0:0x00000000  x0=0x00000000
       95985000	      9499	80004eca	00354f33	xor	x30,x10,x3	 x10:0x00000001  x3:0xceb1e000 x30=0xceb1e001
       95995000	      9500	80004ece	0001	c.addi	x0,0	  x0:0x00000000  x0=0x00000000
       96005000	      9501	80004ed0	41ccdc93	srai	x25,x25,0x1c	 x25:0x00000001 x25=0x00000000
       96035000	      9504	80004ed4	038909b3	mul	x19,x18,x24	 x18:0xfffffa18 x24:0x000007ff x19=0xffd0c5e8
       96045000	      9505	80004ed8	58b9	c.li	x17,-18	 x17=0xffffffee
       96055000	      9506	80004eda	9c86	c.add	x25,x1	 x25:0x00000000  x1:0x00240000 x25=0x00240000
       96065000	      9507	80004edc	3d66a937	lui	x18,0x3d66a	 x18=0x3d66a000
       96075000	      9508	80004ee0	06d6a837	lui	x16,0x6d6a	 x16=0x06d6a000
       96085000	      9509	80004ee4	01431f13	slli	x30,x6,0x14	  x6:0xffffc001 x30=0x00100000
       96125000	      9513	80004ee8	0250a6b3	mulhsu	x13,x1,x5	  x1:0x00240000  x5:0xad0b5e9e x13=0x00185599
       96135000	      9514	80004eec	15e1	c.addi	x11,-8	 x11:0xfffffff8 x11=0xfffffff0
       96145000	      9515	80004eee	00370f33	add	x30,x14,x3	 x14:0x00000000  x3:0xceb1e000 x30=0xceb1e000
       96155000	      9516	80004ef2	537d	c.li	x6,-1	  x6=0xffffffff
       96165000	      9517	80004ef4	0531	c.addi	x10,12	 x10:0x00000001 x10=0x0000000d
       96175000	      9518	80004ef6	4fc5	c.li	x31,17	 x31=0x00000011
       96185000	      9519	80004ef8	0000100f	fence.i	
       96235000	      9524	80004efc	02441bb3	mulh	x23,x8,x4	  x8:0x0a01f000  x4:0x00000001 x23=0x00000000
       96245000	      9525	80004f00	8ea5	c.xor	x13,x9	 x13:0x00185599  x9:0xfffe0fcb x13=0xffe65a52
       96255000	      9526	80004f02	016e6d33	or	x26,x28,x22	 x28:0x00000000 x22:0xffffffff x26=0xffffffff
       96265000	      9527	80004f06	c7ec4413	xori	x8,x24,-898	 x24:0x000007ff  x8=0xfffffb81
       96285000	      9529	80004f0a	03ce6233	rem	x4,x28,x28	 x28:0x00000000 x28:0x00000000  x4=0x00000000
       96295000	      9530	80004f0e	00405693	srli	x13,x0,0x4	  x0:0x00000000 x13=0x00000000
       96665000	      9567	80004f12	0394d1b3	divu	x3,x9,x25	  x9:0xfffe0fcb x25:0x00240000  x3=0x0000071c
       96675000	      9568	80004f16	0319	c.addi	x6,6	  x6:0xffffffff  x6=0x00000005
       96685000	      9569	80004f18	8216	c.mv	x4,x5	  x0:0x00000000  x5:0xad0b5e9e  x4=0xad0b5e9e
       96695000	      9570	80004f1a	fff348e3	blt	x6,x31,80004f0a	  x6:0x00000005 x31:0x00000011
       96735000	      9574	80004f0a	03ce6233	rem	x4,x28,x28	 x28:0x00000000 x28:0x00000000  x4=0x00000000
       96745000	      9575	80004f0e	00405693	srli	x13,x0,0x4	  x0:0x00000000 x13=0x00000000
       97115000	      9612	80004f12	0394d1b3	divu	x3,x9,x25	  x9:0xfffe0fcb x25:0x00240000  x3=0x0000071c
       97125000	      9613	80004f16	0319	c.addi	x6,6	  x6:0x00000005  x6=0x0000000b
       97135000	      9614	80004f18	8216	c.mv	x4,x5	  x0:0x00000000  x5:0xad0b5e9e  x4=0xad0b5e9e
       97145000	      9615	80004f1a	fff348e3	blt	x6,x31,80004f0a	  x6:0x0000000b x31:0x00000011
       97185000	      9619	80004f0a	03ce6233	rem	x4,x28,x28	 x28:0x00000000 x28:0x00000000  x4=0x00000000
       97195000	      9620	80004f0e	00405693	srli	x13,x0,0x4	  x0:0x00000000 x13=0x00000000
       97565000	      9657	80004f12	0394d1b3	divu	x3,x9,x25	  x9:0xfffe0fcb x25:0x00240000  x3=0x0000071c
       97575000	      9658	80004f16	0319	c.addi	x6,6	  x6:0x0000000b  x6=0x00000011
       97585000	      9659	80004f18	8216	c.mv	x4,x5	  x0:0x00000000  x5:0xad0b5e9e  x4=0xad0b5e9e
       97595000	      9660	80004f1a	fff348e3	blt	x6,x31,80004f0a	  x6:0x00000011 x31:0x00000011
       97605000	      9661	80004f1e	0ff0000f	fence	iorw,iorw	
       97615000	      9662	80004f22	9986	c.add	x19,x1	 x19:0xffd0c5e8  x1:0x00240000 x19=0xfff4c5e8
       97625000	      9663	80004f24	01172f33	slt	x30,x14,x17	 x14:0x00000000 x17:0xffffffee x30=0x00000000
       97635000	      9664	80004f28	fb15dce3	bge	x11,x17,80004ee0	 x11:0xfffffff0 x17:0xffffffee
       97655000	      9666	80004ee0	06d6a837	lui	x16,0x6d6a	 x16=0x06d6a000
       97665000	      9667	80004ee4	01431f13	slli	x30,x6,0x14	  x6:0x00000011 x30=0x01100000
       97705000	      9671	80004ee8	0250a6b3	mulhsu	x13,x1,x5	  x1:0x00240000  x5:0xad0b5e9e x13=0x00185599
       97715000	      9672	80004eec	15e1	c.addi	x11,-8	 x11:0xfffffff0 x11=0xffffffe8
       97725000	      9673	80004eee	00370f33	add	x30,x14,x3	 x14:0x00000000  x3:0x0000071c x30=0x0000071c
       97735000	      9674	80004ef2	537d	c.li	x6,-1	  x6=0xffffffff
       97745000	      9675	80004ef4	0531	c.addi	x10,12	 x10:0x0000000d x10=0x00000019
       97755000	      9676	80004ef6	4fc5	c.li	x31,17	 x31=0x00000011
       97765000	      9677	80004ef8	0000100f	fence.i	
       97815000	      9682	80004efc	02441bb3	mulh	x23,x8,x4	  x8:0xfffffb81  x4:0xad0b5e9e x23=0x00000174
       97825000	      9683	80004f00	8ea5	c.xor	x13,x9	 x13:0x00185599  x9:0xfffe0fcb x13=0xffe65a52
       97835000	      9684	80004f02	016e6d33	or	x26,x28,x22	 x28:0x00000000 x22:0xffffffff x26=0xffffffff
       97845000	      9685	80004f06	c7ec4413	xori	x8,x24,-898	 x24:0x000007ff  x8=0xfffffb81
       97865000	      9687	80004f0a	03ce6233	rem	x4,x28,x28	 x28:0x00000000 x28:0x00000000  x4=0x00000000
       97875000	      9688	80004f0e	00405693	srli	x13,x0,0x4	  x0:0x00000000 x13=0x00000000
       98245000	      9725	80004f12	0394d1b3	divu	x3,x9,x25	  x9:0xfffe0fcb x25:0x00240000  x3=0x0000071c
       98255000	      9726	80004f16	0319	c.addi	x6,6	  x6:0xffffffff  x6=0x00000005
       98265000	      9727	80004f18	8216	c.mv	x4,x5	  x0:0x00000000  x5:0xad0b5e9e  x4=0xad0b5e9e
       98275000	      9728	80004f1a	fff348e3	blt	x6,x31,80004f0a	  x6:0x00000005 x31:0x00000011
       98315000	      9732	80004f0a	03ce6233	rem	x4,x28,x28	 x28:0x00000000 x28:0x00000000  x4=0x00000000
       98325000	      9733	80004f0e	00405693	srli	x13,x0,0x4	  x0:0x00000000 x13=0x00000000
       98695000	      9770	80004f12	0394d1b3	divu	x3,x9,x25	  x9:0xfffe0fcb x25:0x00240000  x3=0x0000071c
       98705000	      9771	80004f16	0319	c.addi	x6,6	  x6:0x00000005  x6=0x0000000b
       98715000	      9772	80004f18	8216	c.mv	x4,x5	  x0:0x00000000  x5:0xad0b5e9e  x4=0xad0b5e9e
       98725000	      9773	80004f1a	fff348e3	blt	x6,x31,80004f0a	  x6:0x0000000b x31:0x00000011
       98765000	      9777	80004f0a	03ce6233	rem	x4,x28,x28	 x28:0x00000000 x28:0x00000000  x4=0x00000000
       98775000	      9778	80004f0e	00405693	srli	x13,x0,0x4	  x0:0x00000000 x13=0x00000000
       99145000	      9815	80004f12	0394d1b3	divu	x3,x9,x25	  x9:0xfffe0fcb x25:0x00240000  x3=0x0000071c
       99155000	      9816	80004f16	0319	c.addi	x6,6	  x6:0x0000000b  x6=0x00000011
       99165000	      9817	80004f18	8216	c.mv	x4,x5	  x0:0x00000000  x5:0xad0b5e9e  x4=0xad0b5e9e
       99175000	      9818	80004f1a	fff348e3	blt	x6,x31,80004f0a	  x6:0x00000011 x31:0x00000011
       99185000	      9819	80004f1e	0ff0000f	fence	iorw,iorw	
       99195000	      9820	80004f22	9986	c.add	x19,x1	 x19:0xfff4c5e8  x1:0x00240000 x19=0x0018c5e8
       99205000	      9821	80004f24	01172f33	slt	x30,x14,x17	 x14:0x00000000 x17:0xffffffee x30=0x00000000
       99215000	      9822	80004f28	fb15dce3	bge	x11,x17,80004ee0	 x11:0xffffffe8 x17:0xffffffee
       99225000	      9823	80004f2c	41430633	sub	x12,x6,x20	  x6:0x00000011 x20:0x00000000 x12=0x00000011
       99235000	      9824	80004f30	00585733	srl	x14,x16,x5	 x16:0x06d6a000  x5:0xad0b5e9e x14=0x00000000
       99245000	      9825	80004f34	ca8d	c.beqz	x13,80004f66	 x13:0x00000000
       99305000	      9831	80004f66	03e01633	mulh	x12,x0,x30	  x0:0x00000000 x30:0x00000000 x12=0x00000000
       99315000	      9832	80004f6a	407a54b3	sra	x9,x20,x7	 x20:0x00000000  x7:0xfffffa18  x9=0x00000000
       99325000	      9833	80004f6e	00a02233	slt	x4,x0,x10	  x0:0x00000000 x10:0x00000019  x4=0x00000001
       99335000	      9834	80004f72	0001	c.addi	x0,0	  x0:0x00000000  x0=0x00000000
       99345000	      9835	80004f74	000221b3	slt	x3,x4,x0	  x4:0x00000001  x0:0x00000000  x3=0x00000000
       99355000	      9836	80004f78	8d1c2c93	slti	x25,x24,-1839	 x24:0x000007ff x25=0x00000000
       99365000	      9837	80004f7c	81d5	c.srli	x11,0x15	 x11:0xffffffe8 x11=0x000007ff
       99395000	      9840	80004f7e	038f0b33	mul	x22,x30,x24	 x30:0x00000000 x24:0x000007ff x22=0x00000000
       99405000	      9841	80004f82	00d01463	bne	x0,x13,80004f8a	  x0:0x00000000 x13:0x00000000
       99415000	      9842	80004f86	02c2c263	blt	x5,x12,80004faa	  x5:0xad0b5e9e x12:0x00000000
       99445000	      9845	80004faa	40c20333	sub	x6,x4,x12	  x4:0x00000001 x12:0x00000000  x6=0x00000001
       99455000	      9846	80004fae	0001	c.addi	x0,0	  x0:0x00000000  x0=0x00000000
       99465000	      9847	80004fb0	00f879b3	and	x19,x16,x15	 x16:0x06d6a000 x15:0x80028ce4 x19=0x00028000
       99475000	      9848	80004fb4	01f76563	bltu	x14,x31,80004fbe	 x14:0x00000000 x31:0x00000011
       99535000	      9854	80004fbe	028392b3	mulh	x5,x7,x8	  x7:0xfffffa18  x8:0xfffffb81  x5=0x00000000
       99545000	      9855	80004fc2	0ff0000f	fence	iorw,iorw	
       99555000	      9856	80004fc6	003caa33	slt	x20,x25,x3	 x25:0x00000000  x3:0x00000000 x20=0x00000000
       99585000	      9859	80004fca	03848833	mul	x16,x9,x24	  x9:0x00000000 x24:0x000007ff x16=0x00000000
       99595000	      9860	80004fce	013ac233	xor	x4,x21,x19	 x21:0x00000009 x19:0x00028000  x4=0x00028009
       99965000	      9897	80004fd2	03185bb3	divu	x23,x16,x17	 x16:0x00000000 x17:0xffffffee x23=0x00000000
       99975000	      9898	80004fd6	00662e33	slt	x28,x12,x6	 x12:0x00000000  x6:0x00000001 x28=0x00000001
       99985000	      9899	80004fda	41add2b3	sra	x5,x27,x26	 x27:0x00000000 x26:0xffffffff  x5=0x00000000
       99995000	      9900	80004fde	55f8a193	slti	x3,x17,1375	 x17:0xffffffee  x3=0x00000001
      100005000	      9901	80004fe2	198d9717	auipc	x14,0x198d9	 x14=0x998ddfe2
      100015000	      9902	80004fe6	0001	c.addi	x0,0	  x0:0x00000000  x0=0x00000000
      100385000	      9939	80004fe8	028cf9b3	remu	x19,x25,x8	 x25:0x00000000  x8:0xfffffb81 x19=0x00000000
      100395000	      9940	80004fec	01aa9763	bne	x21,x26,80004ffa	 x21:0x00000009 x26:0xffffffff
      100425000	      9943	80004ffa	00bb5593	srli	x11,x22,0xb	 x22:0x00000000 x11=0x00000000
      100435000	      9944	80004ffe	419386b3	sub	x13,x7,x25	  x7:0xfffffa18 x25:0x00000000 x13=0xfffffa18
      100445000	      9945	80005002	db664f37	lui	x30,0xdb664	 x30=0xdb664000
      100485000	      9949	80005006	03533233	mulhu	x4,x6,x21	  x6:0x00000001 x21:0x00000009  x4=0x00000000
      100495000	      9950	8000500a	0201f463	bgeu	x3,x0,80005032	  x3:0x00000001  x0:0x00000000
      100525000	      9953	80005032	01a98633	add	x12,x19,x26	 x19:0x00000000 x26:0xffffffff x12=0xffffffff
      100535000	      9954	80005036	04646563	bltu	x8,x6,80005080	  x8:0xfffffb81  x6:0x00000001
      100545000	      9955	8000503a	8dd9	c.or	x11,x14	 x11:0x00000000 x14:0x998ddfe2 x11=0x998ddfe2
      100555000	      9956	8000503c	0001	c.addi	x0,0	  x0:0x00000000  x0=0x00000000
      100565000	      9957	8000503e	0000100f	fence.i	
      100595000	      9960	80005042	43f52813	slti	x16,x10,1087	 x10:0x00000019 x16=0x00000001
      100605000	      9961	80005046	0023f463	bgeu	x7,x2,8000504e	  x7:0xfffffa18  x2:0x80024e2c
      100995000	     10000	8000504e	0271f0b3	remu	x1,x3,x7	  x3:0x00000001  x7:0xfffffa18  x1=0x00000001
      101005000	     10001	80005052	41275393	srai	x7,x14,0x12	 x14:0x998ddfe2  x7=0xffffe663
      101015000	     10002	80005056	da0a8f17	auipc	x30,0xda0a8	 x30=0x5a0ad056
      101025000	     10003	8000505a	eb2faf93	slti	x31,x31,-334	 x31:0x00000011 x31=0x00000000
      101035000	     10004	8000505e	0290d763	bge	x1,x9,8000508c	  x1:0x00000001  x9:0x00000000
      101055000	     10006	8000508c	02875663	bge	x14,x8,800050b8	 x14:0x998ddfe2  x8:0xfffffb81
      101065000	     10007	80005090	40fd8833	sub	x16,x27,x15	 x27:0x00000000 x15:0x80028ce4 x16=0x7ffd731c
      101075000	     10008	80005094	6f9d	c.lui	x31,0x7	 x31=0x00007000
      101085000	     10009	80005096	00ebe0b3	or	x1,x23,x14	 x23:0x00000000 x14:0x998ddfe2  x1=0x998ddfe2
      101455000	     10046	8000509a	02c9ecb3	rem	x25,x19,x12	 x19:0x00000000 x12:0xffffffff x25=0x00000000
      101465000	     10047	8000509e	00dc3433	sltu	x8,x24,x13	 x24:0x000007ff x13:0xfffffa18  x8=0x00000001
      101475000	     10048	800050a2	01f1d733	srl	x14,x3,x31	  x3:0x00000001 x31:0x00007000 x14=0x00000001
      101485000	     10049	800050a6	00f9cbb3	xor	x23,x19,x15	 x19:0x00000000 x15:0x80028ce4 x23=0x80028ce4
      101495000	     10050	800050aa	0842	c.slli	x16,0x10	 x16:0x7ffd731c x16=0x731c0000
      101505000	     10051	800050ac	408b5013	srai	x0,x22,0x8	 x22:0x00000000  x0=0x00000000
      101515000	     10052	800050b0	2636ad93	slti	x27,x13,611	 x13:0xfffffa18 x27=0x00000001
      101525000	     10053	800050b4	401706b3	sub	x13,x14,x1	 x14:0x00000001  x1:0x998ddfe2 x13=0x6672201f
      101535000	     10054	800050b8	00a51993	slli	x19,x10,0xa	 x10:0x00000019 x19=0x00006400
      101545000	     10055	800050bc	71b96b13	ori	x22,x18,1819	 x18:0x3d66a000 x22=0x3d66a71b
      101555000	     10056	800050c0	1e1c3293	sltiu	x5,x24,481	 x24:0x000007ff  x5=0x00000000
      101565000	     10057	800050c4	9752	c.add	x14,x20	 x14:0x00000001 x20:0x00000000 x14=0x00000001
      101575000	     10058	800050c6	8f69	c.and	x14,x10	 x14:0x00000001 x10:0x00000019 x14=0x00000001
      101585000	     10059	800050c8	85b1	c.srai	x11,0xc	 x11:0x998ddfe2 x11=0xfff998dd
      101955000	     10096	800050ca	035eea33	rem	x20,x29,x21	 x29:0xfffe100a x21:0x00000009 x20=0xfffffffd
      101965000	     10097	800050ce	8fe6	c.mv	x31,x25	  x0:0x00000000 x25:0x00000000 x31=0x00000000
      102335000	     10134	800050d0	02dec533	div	x10,x29,x13	 x29:0xfffe100a x13:0x6672201f x10=0x00000000
      102355000	     10136	800050d4	025af3b3	remu	x7,x21,x5	 x21:0x00000009  x5:0x00000000  x7=0x00000009
      102365000	     10137	800050d8	01c39563	bne	x7,x28,800050e2	  x7:0x00000009 x28:0x00000001
      102385000	     10139	800050e2	472d	c.li	x14,11	 x14=0x0000000b
      102395000	     10140	800050e4	c58d	c.beqz	x11,8000510e	 x11:0xfff998dd
      102405000	     10141	800050e6	ec91	c.bnez	x9,80005102	  x9:0x00000000
      102415000	     10142	800050e8	97668e93	addi	x29,x13,-1674	 x13:0x6672201f x29=0x66721995
      102425000	     10143	800050ec	0000100f	fence.i	
      102445000	     10145	800050f0	68a5	c.lui	x17,0x9	 x17=0x00009000
      102455000	     10146	800050f2	41350fb3	sub	x31,x10,x19	 x10:0x00000000 x19:0x00006400 x31=0xffff9c00
      102465000	     10147	800050f6	0ff0000f	fence	iorw,iorw	
      102475000	     10148	800050fa	01618a33	add	x20,x3,x22	  x3:0x00000001 x22:0x3d66a71b x20=0x3d66a71c
      102485000	     10149	800050fe	0000100f	fence.i	
      102515000	     10152	80005102	034ffd63	bgeu	x31,x20,8000513c	 x31:0xffff9c00 x20:0x3d66a71c
      102895000	     10190	8000513c	03f8df33	divu	x30,x17,x31	 x17:0x00009000 x31:0xffff9c00 x30=0x00000000
      102905000	     10191	80005140	024d7b63	bgeu	x26,x4,80005176	 x26:0xffffffff  x4:0x00000000
      102935000	     10194	80005176	00f1d393	srli	x7,x3,0xf	  x3:0x00000001  x7=0x00000000
      102945000	     10195	8000517a	03735c63	bge	x6,x23,800051b2	  x6:0x00000001 x23:0x80028ce4
      102965000	     10197	800051b2	59fd	c.li	x19,-1	 x19=0xffffffff
      102975000	     10198	800051b4	4029df33	sra	x30,x19,x2	 x19:0xffffffff  x2:0x80024e2c x30=0xffffffff
      102985000	     10199	800051b8	8d11	c.sub	x10,x12	 x10:0x00000000 x12:0xffffffff x10=0x00000001
      102995000	     10200	800051ba	65a1	c.lui	x11,0x8	 x11=0x00008000
      103005000	     10201	800051bc	03a81a63	bne	x16,x26,800051f0	 x16:0x731c0000 x26:0xffffffff
      103025000	     10203	800051f0	c019	c.beqz	x8,800051f6	  x8:0x00000001
      103035000	     10204	800051f2	02566f63	bltu	x12,x5,80005230	 x12:0xffffffff  x5:0x00000000
      103045000	     10205	800051f6	47fabfb7	lui	x31,0x47fab	 x31=0x47fab000
      103085000	     10209	800051fa	020db633	mulhu	x12,x27,x0	 x27:0x00000001  x0:0x00000000 x12=0x00000000
      103125000	     10213	800051fe	030a9cb3	mulh	x25,x21,x16	 x21:0x00000009 x16:0x731c0000 x25=0x00000004
      103135000	     10214	80005202	6191	c.lui	x3,0x4	  x3=0x00004000
      103145000	     10215	80005204	c215	c.beqz	x12,80005228	 x12:0x00000000
      103165000	     10217	80005228	752b2293	slti	x5,x22,1874	 x22:0x3d66a71b  x5=0x00000000
      103175000	     10218	8000522c	4169de93	srai	x29,x19,0x16	 x19:0xffffffff x29=0xffffffff
      103185000	     10219	80005230	0117e563	bltu	x15,x17,8000523a	 x15:0x80028ce4 x17:0x00009000
      103555000	     10256	80005234	031172b3	remu	x5,x2,x17	  x2:0x80024e2c x17:0x00009000  x5=0x00002e2c
      103565000	     10257	80005238	8f61	c.and	x14,x8	 x14:0x0000000b  x8:0x00000001 x14=0x00000001
      103575000	     10258	8000523a	dcfef9b7	lui	x19,0xdcfef	 x19=0xdcfef000
      103585000	     10259	8000523e	e80d	c.bnez	x8,80005270	  x8:0x00000001
      103605000	     10261	80005270	0668b293	sltiu	x5,x17,102	 x17:0x00009000  x5=0x00000000
      103615000	     10262	80005274	812d	c.srli	x10,0xb	 x10:0x00000001 x10=0x00000000
      103625000	     10263	80005276	03a2d763	bge	x5,x26,800052a4	  x5:0x00000000 x26:0xffffffff
      103645000	     10265	800052a4	0e95	c.addi	x29,5	 x29:0xffffffff x29=0x00000004
      103655000	     10266	800052a6	47cdb193	sltiu	x3,x27,1148	 x27:0x00000001  x3=0x00000001
      103665000	     10267	800052aa	84fa3193	sltiu	x3,x20,-1969	 x20:0x3d66a71c  x3=0x00000001
      103685000	     10269	800052ae	0245eeb3	rem	x29,x11,x4	 x11:0x00008000  x4:0x00000000 x29=0x00008000
      103695000	     10270	800052b2	027ec363	blt	x29,x7,800052d8	 x29:0x00008000  x7:0x00000000
      103705000	     10271	800052b6	8b55	c.andi	x14,21	 x14:0x00000001 x14=0x00000001
      103715000	     10272	800052b8	8e71	c.and	x12,x12	 x12:0x00000000 x12:0x00000000 x12=0x00000000
      103725000	     10273	800052ba	8b8e	c.mv	x23,x3	  x0:0x00000000  x3:0x00000001 x23=0x00000001
      103735000	     10274	800052bc	03919a63	bne	x3,x25,800052f0	  x3:0x00000001 x25:0x00000004
      103755000	     10276	800052f0	774a6d93	ori	x27,x20,1908	 x20:0x3d66a71c x27=0x3d66a77c
      103765000	     10277	800052f4	6fc996b7	lui	x13,0x6fc99	 x13=0x6fc99000
      103775000	     10278	800052f8	00d75833	srl	x16,x14,x13	 x14:0x00000001 x13:0x6fc99000 x16=0x00000001
      103785000	     10279	800052fc	418d54b3	sra	x9,x26,x24	 x26:0xffffffff x24:0x000007ff  x9=0xffffffff
      104155000	     10316	80005300	02f1ddb3	divu	x27,x3,x15	  x3:0x00000001 x15:0x80028ce4 x27=0x00000000
      104165000	     10317	80005304	00322933	slt	x18,x4,x3	  x4:0x00000000  x3:0x00000001 x18=0x00000001
      104175000	     10318	80005308	02cdde63	bge	x27,x12,80005344	 x27:0x00000000 x12:0x00000000
      104195000	     10320	80005344	02d58c93	addi	x25,x11,45	 x11:0x00008000 x25=0x0000802d
      104225000	     10323	80005348	034105b3	mul	x11,x2,x20	  x2:0x80024e2c x20:0x3d66a71c x11=0x22c740d0
      104235000	     10324	8000534c	893e	c.mv	x18,x15	  x0:0x00000000 x15:0x80028ce4 x18=0x80028ce4
      104275000	     10328	8000534e	035d3c33	mulhu	x24,x26,x21	 x26:0xffffffff x21:0x00000009 x24=0x00000008
      104285000	     10329	80005352	0086c5b3	xor	x11,x13,x8	 x13:0x6fc99000  x8:0x00000001 x11=0x6fc99001
      104295000	     10330	80005356	7fe2b913	sltiu	x18,x5,2046	  x5:0x00000000 x18=0x00000001
      104305000	     10331	8000535a	8e6a	c.mv	x28,x26	  x0:0x00000000 x26:0xffffffff x28=0xffffffff
      104315000	     10332	8000535c	0240e163	bltu	x1,x4,8000537e	  x1:0x998ddfe2  x4:0x00000000
      104325000	     10333	80005360	01e19813	slli	x16,x3,0x1e	  x3:0x00000001 x16=0x40000000
      104335000	     10334	80005364	98fd	c.andi	x9,-1	  x9:0xffffffff  x9=0xffffffff
      104345000	     10335	80005366	cd11	c.beqz	x10,80005382	 x10:0x00000000
      104375000	     10338	80005382	54c6fc13	andi	x24,x13,1356	 x13:0x6fc99000 x24=0x00000000
      104385000	     10339	80005386	01540233	add	x4,x8,x21	  x8:0x00000001 x21:0x00000009  x4=0x0000000a
      104395000	     10340	8000538a	006f5e93	srli	x29,x30,0x6	 x30:0xffffffff x29=0x03ffffff
      104405000	     10341	8000538e	8cad	c.xor	x9,x11	  x9:0xffffffff x11:0x6fc99001  x9=0x90366ffe
      104445000	     10345	80005390	033b9933	mulh	x18,x23,x19	 x23:0x00000001 x19:0xdcfef000 x18=0xffffffff
      104455000	     10346	80005394	016ebbb3	sltu	x23,x29,x22	 x29:0x03ffffff x22:0x3d66a71b x23=0x00000001
      104465000	     10347	80005398	41e85cb3	sra	x25,x16,x30	 x16:0x40000000 x30:0xffffffff x25=0x00000000
      104475000	     10348	8000539c	187d	c.addi	x16,-1	 x16:0x40000000 x16=0x3fffffff
      104485000	     10349	8000539e	88b9	c.andi	x9,14	  x9:0x90366ffe  x9=0x0000000e
      104495000	     10350	800053a0	82b5	c.srli	x13,0xd	 x13:0x6fc99000 x13=0x00037e4c
      104505000	     10351	800053a2	03f0dd63	bge	x1,x31,800053dc	  x1:0x998ddfe2 x31:0x47fab000
      104515000	     10352	800053a6	003191b3	sll	x3,x3,x3	  x3:0x00000001  x3:0x00000001  x3=0x00000002
      104885000	     10389	800053aa	036cc3b3	div	x7,x25,x22	 x25:0x00000000 x22:0x3d66a71b  x7=0x00000000
      104895000	     10390	800053ae	0294e763	bltu	x9,x9,800053dc	  x9:0x0000000e  x9:0x0000000e
      104905000	     10391	800053b2	814d	c.srli	x10,0x13	 x10:0x00000000 x10=0x00000000
      104915000	     10392	800053b4	403a5a13	srai	x20,x20,0x3	 x20:0x3d66a71c x20=0x07acd4e3
      104925000	     10393	800053b8	8e3d	c.xor	x12,x15	 x12:0x00000000 x15:0x80028ce4 x12=0x80028ce4
      104935000	     10394	800053ba	8155	c.srli	x10,0x15	 x10:0x00000000 x10=0x00000000
      104945000	     10395	800053bc	8e41	c.or	x12,x8	 x12:0x80028ce4  x8:0x00000001 x12=0x80028ce5
      104955000	     10396	800053be	30214013	xori	x0,x2,770	  x2:0x80024e2c  x0=0x00000000
      104965000	     10397	800053c2	01d756b3	srl	x13,x14,x29	 x14:0x00000001 x29:0x03ffffff x13=0x00000000
      104975000	     10398	800053c6	3c30cf93	xori	x31,x1,963	  x1:0x998ddfe2 x31=0x998ddc21
      104985000	     10399	800053ca	f24d5fb7	lui	x31,0xf24d5	 x31=0xf24d5000
      105355000	     10436	800053ce	0378d4b3	divu	x9,x17,x23	 x17:0x00009000 x23:0x00000001  x9=0x00009000
      105365000	     10437	800053d2	8e85	c.sub	x13,x9	 x13:0x00000000  x9:0x00009000 x13=0xffff7000
      105375000	     10438	800053d4	6e95	c.lui	x29,0x5	 x29=0x00005000
      105385000	     10439	800053d6	63ce3313	sltiu	x6,x28,1596	 x28:0xffffffff  x6=0x00000000
      105395000	     10440	800053da	c211	c.beqz	x12,800053de	 x12:0x80028ce5
      105405000	     10441	800053dc	02da	c.slli	x5,0x16	  x5:0x00000000  x5=0x00000000
      105415000	     10442	800053de	01784533	xor	x10,x16,x23	 x16:0x3fffffff x23:0x00000001 x10=0x3ffffffe
      105425000	     10443	800053e2	928ec293	xori	x5,x29,-1752	 x29:0x00005000  x5=0xffffa928
      105445000	     10445	800053e6	039960b3	rem	x1,x18,x25	 x18:0xffffffff x25:0x00000000  x1=0xffffffff
      105455000	     10446	800053ea	0ff0000f	fence	iorw,iorw	
      105465000	     10447	800053ee	f71998b7	lui	x17,0xf7199	 x17=0xf7199000
      105475000	     10448	800053f2	cc89	c.beqz	x9,8000540c	  x9:0x00009000
      105485000	     10449	800053f4	0069d233	srl	x4,x19,x6	 x19:0xdcfef000  x6:0x00000000  x4=0xdcfef000
      105495000	     10450	800053f8	0019a533	slt	x10,x19,x1	 x19:0xdcfef000  x1:0xffffffff x10=0x00000001
      105505000	     10451	800053fc	c105	c.beqz	x10,8000541c	 x10:0x00000001
      105525000	     10453	800053fe	0271d633	divu	x12,x3,x7	  x3:0x00000002  x7:0x00000000 x12=0xffffffff
      105535000	     10454	80005402	557d	c.li	x10,-1	 x10=0xffffffff
      105545000	     10455	80005404	f4e8f8b7	lui	x17,0xf4e8f	 x17=0xf4e8f000
      105555000	     10456	80005408	03f27763	bgeu	x4,x31,80005436	  x4:0xdcfef000 x31:0xf24d5000
      105565000	     10457	8000540c	0095d693	srli	x13,x11,0x9	 x11:0x6fc99001 x13=0x0037e4c8
      105575000	     10458	80005410	01d64463	blt	x12,x29,80005418	 x12:0xffffffff x29:0x00005000
      105595000	     10460	80005418	205f83b7	lui	x7,0x205f8	  x7=0x205f8000
      105635000	     10464	8000541c	024c93b3	mulh	x7,x25,x4	 x25:0x00000000  x4:0xdcfef000  x7=0x00000000
      105645000	     10465	80005420	4b5c8a13	addi	x20,x25,1205	 x25:0x00000000 x20=0x000004b5
      105655000	     10466	80005424	0295c763	blt	x11,x9,80005452	 x11:0x6fc99001  x9:0x00009000
      105665000	     10467	80005428	001932b3	sltu	x5,x18,x1	 x18:0xffffffff  x1:0xffffffff  x5=0x00000000
      106035000	     10504	8000542c	03dcc533	div	x10,x25,x29	 x25:0x00000000 x29:0x00005000 x10=0x00000000
      106045000	     10505	80005430	00309613	slli	x12,x1,0x3	  x1:0xffffffff x12=0xfffffff8
      106055000	     10506	80005434	9486	c.add	x9,x1	  x9:0x00009000  x1:0xffffffff  x9=0x00008fff
      106065000	     10507	80005436	033f9563	bne	x31,x19,80005460	 x31:0xf24d5000 x19:0xdcfef000
      106085000	     10509	80005460	869d	c.srai	x13,0x7	 x13:0x0037e4c8 x13=0x00006fc9
      106095000	     10510	80005462	005fbbb3	sltu	x23,x31,x5	 x31:0xf24d5000  x5:0x00000000 x23=0x00000000
      106105000	     10511	80005466	0ff0000f	fence	iorw,iorw	
      106145000	     10515	8000546a	03ce3c33	mulhu	x24,x28,x28	 x28:0xffffffff x28:0xffffffff x24=0xfffffffe
      106155000	     10516	8000546e	03355063	bge	x10,x19,8000548e	 x10:0x00000000 x19:0xdcfef000
      106175000	     10518	8000548e	9ece	c.add	x29,x19	 x29:0x00005000 x19:0xdcfef000 x29=0xdcff4000
      106545000	     10555	80005490	03856eb3	rem	x29,x10,x24	 x10:0x00000000 x24:0xfffffffe x29=0x00000000
      106555000	     10556	80005494	0001	c.addi	x0,0	  x0:0x00000000  x0=0x00000000
      106565000	     10557	80005496	46ad	c.li	x13,11	 x13=0x0000000b
      106575000	     10558	80005498	03b9d863	bge	x19,x27,800054c8	 x19:0xdcfef000 x27:0x00000000
      106585000	     10559	8000549c	4b79	c.li	x22,30	 x22=0x0000001e
      106595000	     10560	8000549e	d05e02b7	lui	x5,0xd05e0	  x5=0xd05e0000
      106605000	     10561	800054a2	0ff0000f	fence	iorw,iorw	
      106615000	     10562	800054a6	dc0c7f17	auipc	x30,0xdc0c7	 x30=0x5c0cc4a6
      106625000	     10563	800054aa	8d81	c.sub	x11,x8	 x11:0x6fc99001  x8:0x00000001 x11=0x6fc99000
      106635000	     10564	800054ac	0001	c.addi	x0,0	  x0:0x00000000  x0=0x00000000
      106645000	     10565	800054ae	99fd	c.andi	x11,-1	 x11:0x6fc99000 x11=0x6fc99000
      106655000	     10566	800054b0	0196f433	and	x8,x13,x25	 x13:0x0000000b x25:0x00000000  x8=0x00000000
      106665000	     10567	800054b4	4affa993	slti	x19,x31,1199	 x31:0xf24d5000 x19=0x00000001
      106675000	     10568	800054b8	04d97063	bgeu	x18,x13,800054f8	 x18:0xffffffff x13:0x0000000b
      106695000	     10570	800054f8	478a3e97	auipc	x29,0x478a3	 x29=0xc78a84f8
      107065000	     10607	800054fc	03a859b3	divu	x19,x16,x26	 x16:0x3fffffff x26:0xffffffff x19=0x00000000
      107075000	     10608	80005500	9b47c513	xori	x10,x15,-1612	 x15:0x80028ce4 x10=0x7ffd7550
      107085000	     10609	80005504	d0388e93	addi	x29,x17,-765	 x17:0xf4e8f000 x29=0xf4e8ed03
      107095000	     10610	80005508	006d22b3	slt	x5,x26,x6	 x26:0xffffffff  x6:0x00000000  x5=0x00000001
      107135000	     10614	8000550c	035e9db3	mulh	x27,x29,x21	 x29:0xf4e8ed03 x21:0x00000009 x27=0xffffffff
      107145000	     10615	80005510	0000100f	fence.i	
      107165000	     10617	80005514	4291	c.li	x5,4	  x5=0x00000004
      107175000	     10618	80005516	41210233	sub	x4,x2,x18	  x2:0x80024e2c x18:0xffffffff  x4=0x80024e2d
      107185000	     10619	8000551a	01d47433	and	x8,x8,x29	  x8:0x00000000 x29:0xf4e8ed03  x8=0x00000000
      107195000	     10620	8000551e	50b9	c.li	x1,-18	  x1=0xffffffee
      107205000	     10621	80005520	41abdcb3	sra	x25,x23,x26	 x23:0x00000000 x26:0xffffffff x25=0x00000000
      107215000	     10622	80005524	8cd5	c.or	x9,x13	  x9:0x00008fff x13:0x0000000b  x9=0x00008fff
      107225000	     10623	80005526	016ed8b3	srl	x17,x29,x22	 x29:0xf4e8ed03 x22:0x0000001e x17=0x00000003
      107235000	     10624	8000552a	0ff0000f	fence	iorw,iorw	
      107245000	     10625	8000552e	0ff0000f	fence	iorw,iorw	
      107255000	     10626	80005532	006e3633	sltu	x12,x28,x6	 x28:0xffffffff  x6:0x00000000 x12=0x00000000
      107265000	     10627	80005536	632e3b13	sltiu	x22,x28,1586	 x28:0xffffffff x22=0x00000000
      107275000	     10628	8000553a	12d9	c.addi	x5,-10	  x5:0x00000004  x5=0xfffffffa
      107285000	     10629	8000553c	6779	c.lui	x14,0x1e	 x14=0x0001e000
      107295000	     10630	8000553e	8415	c.srai	x8,0x5	  x8:0x00000000  x8=0x00000000
      107305000	     10631	80005540	0001	c.addi	x0,0	  x0:0x00000000  x0=0x00000000
      107315000	     10632	80005542	8d71	c.and	x10,x12	 x10:0x7ffd7550 x12:0x00000000 x10=0x00000000
      107355000	     10636	80005544	02809233	mulh	x4,x1,x8	  x1:0xffffffee  x8:0x00000000  x4=0x00000000
      107395000	     10640	80005548	039e2b33	mulhsu	x22,x28,x25	 x28:0xffffffff x25:0x00000000 x22=0x00000000
      107405000	     10641	8000554c	01024eb3	xor	x29,x4,x16	  x4:0x00000000 x16:0x3fffffff x29=0x3fffffff
      107415000	     10642	80005550	0039c233	xor	x4,x19,x3	 x19:0x00000000  x3:0x00000002  x4=0x00000002
      107425000	     10643	80005554	41b9df13	srai	x30,x19,0x1b	 x19:0x00000000 x30=0x00000000
      107435000	     10644	80005558	001e6fb3	or	x31,x28,x1	 x28:0xffffffff  x1:0xffffffee x31=0xffffffff
      107445000	     10645	8000555c	fc12d4e3	bge	x5,x1,80005524	  x5:0xfffffffa  x1:0xffffffee
      107465000	     10647	80005524	8cd5	c.or	x9,x13	  x9:0x00008fff x13:0x0000000b  x9=0x00008fff
      107475000	     10648	80005526	016ed8b3	srl	x17,x29,x22	 x29:0x3fffffff x22:0x00000000 x17=0x3fffffff
      107485000	     10649	8000552a	0ff0000f	fence	iorw,iorw	
      107495000	     10650	8000552e	0ff0000f	fence	iorw,iorw	
      107505000	     10651	80005532	006e3633	sltu	x12,x28,x6	 x28:0xffffffff  x6:0x00000000 x12=0x00000000
      107515000	     10652	80005536	632e3b13	sltiu	x22,x28,1586	 x28:0xffffffff x22=0x00000000
      107525000	     10653	8000553a	12d9	c.addi	x5,-10	  x5:0xfffffffa  x5=0xfffffff0
      107535000	     10654	8000553c	6779	c.lui	x14,0x1e	 x14=0x0001e000
      107545000	     10655	8000553e	8415	c.srai	x8,0x5	  x8:0x00000000  x8=0x00000000
      107555000	     10656	80005540	0001	c.addi	x0,0	  x0:0x00000000  x0=0x00000000
      107565000	     10657	80005542	8d71	c.and	x10,x12	 x10:0x00000000 x12:0x00000000 x10=0x00000000
      107605000	     10661	80005544	02809233	mulh	x4,x1,x8	  x1:0xffffffee  x8:0x00000000  x4=0x00000000
      107645000	     10665	80005548	039e2b33	mulhsu	x22,x28,x25	 x28:0xffffffff x25:0x00000000 x22=0x00000000
      107655000	     10666	8000554c	01024eb3	xor	x29,x4,x16	  x4:0x00000000 x16:0x3fffffff x29=0x3fffffff
      107665000	     10667	80005550	0039c233	xor	x4,x19,x3	 x19:0x00000000  x3:0x00000002  x4=0x00000002
      107675000	     10668	80005554	41b9df13	srai	x30,x19,0x1b	 x19:0x00000000 x30=0x00000000
      107685000	     10669	80005558	001e6fb3	or	x31,x28,x1	 x28:0xffffffff  x1:0xffffffee x31=0xffffffff
      107695000	     10670	8000555c	fc12d4e3	bge	x5,x1,80005524	  x5:0xfffffff0  x1:0xffffffee
      107715000	     10672	80005524	8cd5	c.or	x9,x13	  x9:0x00008fff x13:0x0000000b  x9=0x00008fff
      107725000	     10673	80005526	016ed8b3	srl	x17,x29,x22	 x29:0x3fffffff x22:0x00000000 x17=0x3fffffff
      107735000	     10674	8000552a	0ff0000f	fence	iorw,iorw	
      107745000	     10675	8000552e	0ff0000f	fence	iorw,iorw	
      107755000	     10676	80005532	006e3633	sltu	x12,x28,x6	 x28:0xffffffff  x6:0x00000000 x12=0x00000000
      107765000	     10677	80005536	632e3b13	sltiu	x22,x28,1586	 x28:0xffffffff x22=0x00000000
      107775000	     10678	8000553a	12d9	c.addi	x5,-10	  x5:0xfffffff0  x5=0xffffffe6
      107785000	     10679	8000553c	6779	c.lui	x14,0x1e	 x14=0x0001e000
      107795000	     10680	8000553e	8415	c.srai	x8,0x5	  x8:0x00000000  x8=0x00000000
      107805000	     10681	80005540	0001	c.addi	x0,0	  x0:0x00000000  x0=0x00000000
      107815000	     10682	80005542	8d71	c.and	x10,x12	 x10:0x00000000 x12:0x00000000 x10=0x00000000
      107855000	     10686	80005544	02809233	mulh	x4,x1,x8	  x1:0xffffffee  x8:0x00000000  x4=0x00000000
      107895000	     10690	80005548	039e2b33	mulhsu	x22,x28,x25	 x28:0xffffffff x25:0x00000000 x22=0x00000000
      107905000	     10691	8000554c	01024eb3	xor	x29,x4,x16	  x4:0x00000000 x16:0x3fffffff x29=0x3fffffff
      107915000	     10692	80005550	0039c233	xor	x4,x19,x3	 x19:0x00000000  x3:0x00000002  x4=0x00000002
      107925000	     10693	80005554	41b9df13	srai	x30,x19,0x1b	 x19:0x00000000 x30=0x00000000
      107935000	     10694	80005558	001e6fb3	or	x31,x28,x1	 x28:0xffffffff  x1:0xffffffee x31=0xffffffff
      107945000	     10695	8000555c	fc12d4e3	bge	x5,x1,80005524	  x5:0xffffffe6  x1:0xffffffee
      107955000	     10696	80005560	56fd	c.li	x13,-1	 x13=0xffffffff
      107965000	     10697	80005562	1056f513	andi	x10,x13,261	 x13:0xffffffff x10=0x00000105
      107975000	     10698	80005566	008fdf93	srli	x31,x31,0x8	 x31:0xffffffff x31=0x00ffffff
      107995000	     10700	8000556a	027e65b3	rem	x11,x28,x7	 x28:0xffffffff  x7:0x00000000 x11=0xffffffff
      108005000	     10701	8000556e	015b1b63	bne	x22,x21,80005584	 x22:0x00000000 x21:0x00000009
      108025000	     10703	80005584	e701	c.bnez	x14,8000558c	 x14:0x0001e000
      108045000	     10705	8000558c	01755cb3	srl	x25,x10,x23	 x10:0x00000105 x23:0x00000000 x25=0x00000105
      108055000	     10706	80005590	8eed	c.and	x13,x11	 x13:0xffffffff x11:0xffffffff x13=0xffffffff
      108095000	     10710	80005592	03271cb3	mulh	x25,x14,x18	 x14:0x0001e000 x18:0xffffffff x25=0xffffffff
      108105000	     10711	80005596	8431	c.srai	x8,0xc	  x8:0x00000000  x8=0x00000000
      108115000	     10712	80005598	0ff0000f	fence	iorw,iorw	
      108155000	     10716	8000559c	021ebd33	mulhu	x26,x29,x1	 x29:0x3fffffff  x1:0xffffffee x26=0x3ffffffa
      108165000	     10717	800055a0	03bb6c63	bltu	x22,x27,800055d8	 x22:0x00000000 x27:0xffffffff
      108185000	     10719	800055d8	1a937813	andi	x16,x6,425	  x6:0x00000000 x16=0x00000000
      108195000	     10720	800055dc	03814963	blt	x2,x24,8000560e	  x2:0x80024e2c x24:0xfffffffe
      108255000	     10726	8000560e	03f1a1b3	mulhsu	x3,x3,x31	  x3:0x00000002 x31:0x00ffffff  x3=0x00000000
      108265000	     10727	80005612	5d7d	c.li	x26,-1	 x26=0xffffffff
      108275000	     10728	80005614	a1df7713	andi	x14,x30,-1507	 x30:0x00000000 x14=0x00000000
      108285000	     10729	80005618	c599	c.beqz	x11,80005626	 x11:0xffffffff
      108295000	     10730	8000561a	00a44037	lui	x0,0xa44	  x0=0x00000000
      108305000	     10731	8000561e	3c206893	ori	x17,x0,962	  x0:0x00000000 x17=0x000003c2
      108345000	     10735	80005622	039625b3	mulhsu	x11,x12,x25	 x12:0x00000000 x25:0xffffffff x11=0x00000000
      108355000	     10736	80005626	0090a6b3	slt	x13,x1,x9	  x1:0xffffffee  x9:0x00008fff x13=0x00000001
      108725000	     10773	8000562a	03594fb3	div	x31,x18,x21	 x18:0xffffffff x21:0x00000009 x31=0x00000000
      108735000	     10774	8000562e	0de2	c.slli	x27,0x18	 x27:0xffffffff x27=0xff000000
      108755000	     10776	80005630	03ebebb3	rem	x23,x23,x30	 x23:0x00000000 x30:0x00000000 x23=0x00000000
      108765000	     10777	80005634	0001	c.addi	x0,0	  x0:0x00000000  x0=0x00000000
      108775000	     10778	80005636	40a8d413	srai	x8,x17,0xa	 x17:0x000003c2  x8=0x00000000
      108785000	     10779	8000563a	014f4a33	xor	x20,x30,x20	 x30:0x00000000 x20:0x000004b5 x20=0x000004b5
      108795000	     10780	8000563e	6a71	c.lui	x20,0x1c	 x20=0x0001c000
      108805000	     10781	80005640	03541563	bne	x8,x21,8000566a	  x8:0x00000000 x21:0x00000009
      108865000	     10787	8000566a	02b63cb3	mulhu	x25,x12,x11	 x12:0x00000000 x11:0x00000000 x25=0x00000000
      108895000	     10790	8000566e	02cf0b33	mul	x22,x30,x12	 x30:0x00000000 x12:0x00000000 x22=0x00000000
      108935000	     10794	80005672	0301aeb3	mulhsu	x29,x3,x16	  x3:0x00000000 x16:0x00000000 x29=0x00000000
      108945000	     10795	80005676	0179c8b3	xor	x17,x19,x23	 x19:0x00000000 x23:0x00000000 x17=0x00000000
      108955000	     10796	8000567a	01f8f863	bgeu	x17,x31,8000568a	 x17:0x00000000 x31:0x00000000
      108985000	     10799	8000568a	b47beb13	ori	x22,x23,-1209	 x23:0x00000000 x22=0xfffffb47
      108995000	     10800	8000568e	01f382b3	add	x5,x7,x31	  x7:0x00000000 x31:0x00000000  x5=0x00000000
      109005000	     10801	80005692	019c4463	blt	x24,x25,8000569a	 x24:0xfffffffe x25:0x00000000
      109035000	     10804	8000569a	01fe9463	bne	x29,x31,800056a2	 x29:0x00000000 x31:0x00000000
      109045000	     10805	8000569e	404f00b3	sub	x1,x30,x4	 x30:0x00000000  x4:0x00000002  x1=0xfffffffe
      109055000	     10806	800056a2	caa5	c.beqz	x13,80005712	 x13:0x00000001
      109065000	     10807	800056a4	9dde	c.add	x27,x23	 x27:0xff000000 x23:0x00000000 x27=0xff000000
      109105000	     10811	800056a6	02cb9eb3	mulh	x29,x23,x12	 x23:0x00000000 x12:0x00000000 x29=0x00000000
      109115000	     10812	800056aa	8231	c.srli	x12,0xc	 x12:0x00000000 x12=0x00000000
      109125000	     10813	800056ac	01dd9393	slli	x7,x27,0x1d	 x27:0xff000000  x7=0x00000000
      109135000	     10814	800056b0	018f51b3	srl	x3,x30,x24	 x30:0x00000000 x24:0xfffffffe  x3=0x00000000
      109145000	     10815	800056b4	80f1	c.srli	x9,0x1c	  x9:0x00008fff  x9=0x00000000
      109155000	     10816	800056b6	401fd313	srai	x6,x31,0x1	 x31:0x00000000  x6=0x00000000
      109165000	     10817	800056ba	10188193	addi	x3,x17,257	 x17:0x00000000  x3=0x00000101
      109175000	     10818	800056be	41835e13	srai	x28,x6,0x18	  x6:0x00000000 x28=0x00000000
      109185000	     10819	800056c2	8f5d	c.or	x14,x15	 x14:0x00000000 x15:0x80028ce4 x14=0x80028ce4
      109195000	     10820	800056c4	283ae397	auipc	x7,0x283ae	  x7=0xa83b36c4
      109205000	     10821	800056c8	3bf2bc13	sltiu	x24,x5,959	  x5:0x00000000 x24=0x00000001
      109215000	     10822	800056cc	c139	c.beqz	x10,80005712	 x10:0x00000105
      109225000	     10823	800056ce	439d	c.li	x7,7	  x7=0x00000007
      109235000	     10824	800056d0	dd3c0013	addi	x0,x24,-557	 x24:0x00000001  x0=0x00000000
      109245000	     10825	800056d4	4d19	c.li	x26,6	 x26=0x00000006
      109255000	     10826	800056d6	0001	c.addi	x0,0	  x0:0x00000000  x0=0x00000000
      109265000	     10827	800056d8	00858733	add	x14,x11,x8	 x11:0x00000000  x8:0x00000000 x14=0x00000000
      109275000	     10828	800056dc	087a	c.slli	x16,0x1e	 x16:0x00000000 x16=0x00000000
      109285000	     10829	800056de	86b5	c.srai	x13,0xd	 x13:0x00000001 x13=0x00000000
      109315000	     10832	800056e0	03d40bb3	mul	x23,x8,x29	  x8:0x00000000 x29:0x00000000 x23=0x00000000
      109325000	     10833	800056e4	0001	c.addi	x0,0	  x0:0x00000000  x0=0x00000000
      109335000	     10834	800056e6	13ed	c.addi	x7,-5	  x7:0x00000007  x7=0x00000002
      109345000	     10835	800056e8	b6ed0893	addi	x17,x26,-1170	 x26:0x00000006 x17=0xfffffb74
      109385000	     10839	800056ec	02523fb3	mulhu	x31,x4,x5	  x4:0x00000002  x5:0x00000000 x31=0x00000000
      109395000	     10840	800056f0	0000f8b3	and	x17,x1,x0	  x1:0xfffffffe  x0:0x00000000 x17=0x00000000
      109405000	     10841	800056f4	0001	c.addi	x0,0	  x0:0x00000000  x0=0x00000000
      109415000	     10842	800056f6	8cc9	c.or	x9,x10	  x9:0x00000000 x10:0x00000105  x9=0x00000105
      109425000	     10843	800056f8	00c470b3	and	x1,x8,x12	  x8:0x00000000 x12:0x00000000  x1=0x00000000
      109435000	     10844	800056fc	80c1	c.srli	x9,0x10	  x9:0x00000105  x9=0x00000000
      109445000	     10845	800056fe	40bd5f93	srai	x31,x26,0xb	 x26:0x00000006 x31=0x00000000
      109455000	     10846	80005702	0000100f	fence.i	
      109485000	     10849	80005706	fda3fde3	bgeu	x7,x26,800056e0	  x7:0x00000002 x26:0x00000006
      109495000	     10850	8000570a	412508b3	sub	x17,x10,x18	 x10:0x00000105 x18:0xffffffff x17=0x00000106
      109865000	     10887	8000570e	03a17933	remu	x18,x2,x26	  x2:0x80024e2c x26:0x00000006 x18=0x00000000
      109875000	     10888	80005712	0ff0000f	fence	iorw,iorw	
      109885000	     10889	80005716	409b51b3	sra	x3,x22,x9	 x22:0xfffffb47  x9:0x00000000  x3=0xfffffb47
      109895000	     10890	8000571a	8d4d	c.or	x10,x11	 x10:0x00000105 x11:0x00000000 x10=0x00000105
      109905000	     10891	8000571c	41570d33	sub	x26,x14,x21	 x14:0x00000000 x21:0x00000009 x26=0xfffffff7
      109915000	     10892	80005720	e05d	c.bnez	x8,800057c6	  x8:0x00000000
      109925000	     10893	80005722	01b50bb3	add	x23,x10,x27	 x10:0x00000105 x27:0xff000000 x23=0xff000105
      109935000	     10894	80005726	f5778e13	addi	x28,x15,-169	 x15:0x80028ce4 x28=0x80028c3b
      109945000	     10895	8000572a	029ff463	bgeu	x31,x9,80005752	 x31:0x00000000  x9:0x00000000
      109965000	     10897	80005752	e4d1	c.bnez	x9,800057de	  x9:0x00000000
      109975000	     10898	80005754	c9d9	c.beqz	x11,800057ea	 x11:0x00000000
      109995000	     10900	800057ea	e71d	c.bnez	x14,80005818	 x14:0x00000000
      110005000	     10901	800057ec	8c19	c.sub	x8,x14	  x8:0x00000000 x14:0x00000000  x8=0x00000000
      110015000	     10902	800057ee	01ffbf33	sltu	x30,x31,x31	 x31:0x00000000 x31:0x00000000 x30=0x00000000
      110025000	     10903	800057f2	00af0933	add	x18,x30,x10	 x30:0x00000000 x10:0x00000105 x18=0x00000105
      110395000	     10940	800057f6	027ec033	div	x0,x29,x7	 x29:0x00000000  x7:0x00000002  x0=0x00000000
      110405000	     10941	800057fa	c985	c.beqz	x11,8000582a	 x11:0x00000000
      110435000	     10944	8000582a	0000100f	fence.i	
      110465000	     10947	8000582e	6035bc97	auipc	x25,0x6035b	 x25=0xe036082e
      110475000	     10948	80005832	0001	c.addi	x0,0	  x0:0x00000000  x0=0x00000000
      110495000	     10950	80005834	033c7e33	remu	x28,x24,x19	 x24:0x00000001 x19:0x00000000 x28=0x00000001
      110505000	     10951	80005838	0a6e	c.slli	x20,0x1b	 x20:0x0001c000 x20=0x00000000
      110515000	     10952	8000583a	0000100f	fence.i	
      110535000	     10954	8000583e	0001	c.addi	x0,0	  x0:0x00000000  x0=0x00000000
      110545000	     10955	80005840	9294e813	ori	x16,x9,-1751	  x9:0x00000000 x16=0xfffff929
      110555000	     10956	80005844	02f6	c.slli	x5,0x1d	  x5:0x00000000  x5=0x00000000
      110565000	     10957	80005846	0000100f	fence.i	
      110595000	     10960	8000584a	a4187b93	andi	x23,x16,-1471	 x16:0xfffff929 x23=0xfffff801
      110605000	     10961	8000584e	00e62733	slt	x14,x12,x14	 x12:0x00000000 x14:0x00000000 x14=0x00000000
      110615000	     10962	80005852	0555	c.addi	x10,21	 x10:0x00000105 x10=0x0000011a
      110985000	     10999	80005854	036470b3	remu	x1,x8,x22	  x8:0x00000000 x22:0xfffffb47  x1=0x00000000
      110995000	     11000	80005858	029c4a63	blt	x24,x9,8000588c	 x24:0x00000001  x9:0x00000000
      111005000	     11001	8000585c	01de5d33	srl	x26,x28,x29	 x28:0x00000001 x29:0x00000000 x26=0x00000001
      111015000	     11002	80005860	0001	c.addi	x0,0	  x0:0x00000000  x0=0x00000000
      111025000	     11003	80005862	014fc563	blt	x31,x20,8000586c	 x31:0x00000000 x20:0x00000000
      111035000	     11004	80005866	7b30a713	slti	x14,x1,1971	  x1:0x00000000 x14=0x00000001
      111045000	     11005	8000586a	e681	c.bnez	x13,80005872	 x13:0x00000000
      111055000	     11006	8000586c	0001	c.addi	x0,0	  x0:0x00000000  x0=0x00000000
      111065000	     11007	8000586e	00ded013	srli	x0,x29,0xd	 x29:0x00000000  x0=0x00000000
      111075000	     11008	80005872	017c7763	bgeu	x24,x23,80005880	 x24:0x00000001 x23:0xfffff801
      111085000	     11009	80005876	00bc9a33	sll	x20,x25,x11	 x25:0xe036082e x11:0x00000000 x20=0xe036082e
      111095000	     11010	8000587a	e99d	c.bnez	x11,800058b0	 x11:0x00000000
      111105000	     11011	8000587c	3be4c597	auipc	x11,0x3be4c	 x11=0xbbe5187c
      111115000	     11012	80005880	8041	c.srli	x8,0x10	  x8:0x00000000  x8=0x00000000
      111125000	     11013	80005882	0199a433	slt	x8,x19,x25	 x19:0x00000000 x25:0xe036082e  x8=0x00000000
      111135000	     11014	80005886	833d	c.srli	x14,0xf	 x14:0x00000001 x14=0x00000000
      111145000	     11015	80005888	006e3eb3	sltu	x29,x28,x6	 x28:0x00000001  x6:0x00000000 x29=0x00000000
      111155000	     11016	8000588c	010feeb3	or	x29,x31,x16	 x31:0x00000000 x16:0xfffff929 x29=0xfffff929
      111165000	     11017	80005890	00f59bb3	sll	x23,x11,x15	 x11:0xbbe5187c x15:0x80028ce4 x23=0xbe5187c0
      111175000	     11018	80005894	c5906093	ori	x1,x0,-935	  x0:0x00000000  x1=0xfffffc59
      111185000	     11019	80005898	01a56c63	bltu	x10,x26,800058b0	 x10:0x0000011a x26:0x00000001
      111195000	     11020	8000589c	029b8f63	beq	x23,x9,800058da	 x23:0xbe5187c0  x9:0x00000000
      111205000	     11021	800058a0	0047a5b3	slt	x11,x15,x4	 x15:0x80028ce4  x4:0x00000002 x11=0x00000001
      111215000	     11022	800058a4	5efd	c.li	x29,-1	 x29=0xffffffff
      111225000	     11023	800058a6	004d1d93	slli	x27,x26,0x4	 x26:0x00000001 x27=0x00000010
      111235000	     11024	800058aa	000805b3	add	x11,x16,x0	 x16:0xfffff929  x0:0x00000000 x11=0xfffff929
      111245000	     11025	800058ae	8ca6	c.mv	x25,x9	  x0:0x00000000  x9:0x00000000 x25=0x00000000
      111255000	     11026	800058b0	0226cc63	blt	x13,x2,800058e8	 x13:0x00000000  x2:0x80024e2c
      111265000	     11027	800058b4	8441	c.srai	x8,0x10	  x8:0x00000000  x8=0x00000000
      111275000	     11028	800058b6	8c69	c.and	x8,x10	  x8:0x00000000 x10:0x0000011a  x8=0x00000000
      111285000	     11029	800058b8	21133093	sltiu	x1,x6,529	  x6:0x00000000  x1=0x00000001
      111295000	     11030	800058bc	8c49	c.or	x8,x10	  x8:0x00000000 x10:0x0000011a  x8=0x0000011a
      111305000	     11031	800058be	0152a833	slt	x16,x5,x21	  x5:0x00000000 x21:0x00000009 x16=0x00000001
      111315000	     11032	800058c2	8be70813	addi	x16,x14,-1858	 x14:0x00000000 x16=0xfffff8be
      111325000	     11033	800058c6	0001	c.addi	x0,0	  x0:0x00000000  x0=0x00000000
      111335000	     11034	800058c8	cd95	c.beqz	x11,80005904	 x11:0xfffff929
      111345000	     11035	800058ca	0327e963	bltu	x15,x18,800058fc	 x15:0x80028ce4 x18:0x00000105
      111355000	     11036	800058ce	00956d63	bltu	x10,x9,800058e8	 x10:0x0000011a  x9:0x00000000
      111365000	     11037	800058d2	01ff9393	slli	x7,x31,0x1f	 x31:0x00000000  x7=0x00000000
      111375000	     11038	800058d6	001f3433	sltu	x8,x30,x1	 x30:0x00000000  x1:0x00000001  x8=0x00000001
      111385000	     11039	800058da	5ec62813	slti	x16,x12,1516	 x12:0x00000000 x16=0x00000001
      111395000	     11040	800058de	015bb9b3	sltu	x19,x23,x21	 x23:0xbe5187c0 x21:0x00000009 x19=0x00000000
      111405000	     11041	800058e2	c991	c.beqz	x11,800058f6	 x11:0xfffff929
      111415000	     11042	800058e4	81e5	c.srli	x11,0x19	 x11:0xfffff929 x11=0x0000007f
      111425000	     11043	800058e6	0cc6	c.slli	x25,0x11	 x25:0x00000000 x25=0x00000000
      111465000	     11047	800058e8	0305a633	mulhsu	x12,x11,x16	 x11:0x0000007f x16:0x00000001 x12=0x00000000
      111475000	     11048	800058ec	c60d	c.beqz	x12,80005916	 x12:0x00000000
      111495000	     11050	80005916	962e	c.add	x12,x11	 x12:0x00000000 x11:0x0000007f x12=0x0000007f
      111535000	     11054	80005918	02d3bd33	mulhu	x26,x7,x13	  x7:0x00000000 x13:0x00000000 x26=0x00000000
      111545000	     11055	8000591c	41565eb3	sra	x29,x12,x21	 x12:0x0000007f x21:0x00000009 x29=0x00000000
      111555000	     11056	80005920	88b5	c.andi	x9,13	  x9:0x00000000  x9=0x00000000
      111565000	     11057	80005922	0001	c.addi	x0,0	  x0:0x00000000  x0=0x00000000
      111575000	     11058	80005924	c4a82cb7	lui	x25,0xc4a82	 x25=0xc4a82000
      111595000	     11060	80005928	02d46fb3	rem	x31,x8,x13	  x8:0x00000001 x13:0x00000000 x31=0x00000001
      111605000	     11061	8000592c	12097493	andi	x9,x18,288	 x18:0x00000105  x9=0x00000100
      111615000	     11062	80005930	8f29	c.xor	x14,x10	 x14:0x00000000 x10:0x0000011a x14=0x0000011a
      111625000	     11063	80005932	41935513	srai	x10,x6,0x19	  x6:0x00000000 x10=0x00000000
      111635000	     11064	80005936	01279d63	bne	x15,x18,80005950	 x15:0x80028ce4 x18:0x00000105
      111675000	     11068	80005950	023205b3	mul	x11,x4,x3	  x4:0x00000002  x3:0xfffffb47 x11=0xfffff68e
      111685000	     11069	80005954	00498763	beq	x19,x4,80005962	 x19:0x00000000  x4:0x00000002
      111695000	     11070	80005958	017f0e63	beq	x30,x23,80005974	 x30:0x00000000 x23:0xbe5187c0
      111705000	     11071	8000595c	017e9f93	slli	x31,x29,0x17	 x29:0x00000000 x31=0x00000000
      111715000	     11072	80005960	6455	c.lui	x8,0x15	  x8=0x00015000
      111725000	     11073	80005962	0001	c.addi	x0,0	  x0:0x00000000  x0=0x00000000
      111735000	     11074	80005964	03519563	bne	x3,x21,8000598e	  x3:0xfffffb47 x21:0x00000009
      111755000	     11076	8000598e	9bae	c.add	x23,x11	 x23:0xbe5187c0 x11:0xfffff68e x23=0xbe517e4e
      111765000	     11077	80005990	0397f663	bgeu	x15,x25,800059bc	 x15:0x80028ce4 x25:0xc4a82000
      111795000	     11080	80005994	02018233	mul	x4,x3,x0	  x3:0xfffffb47  x0:0x00000000  x4=0x00000000
      111815000	     11082	80005998	03f1c633	div	x12,x3,x31	  x3:0xfffffb47 x31:0x00000000 x12=0xffffffff
      111825000	     11083	8000599c	00875e93	srli	x29,x14,0x8	 x14:0x0000011a x29=0x00000001
      111835000	     11084	800059a0	0acf9eb7	lui	x29,0xacf9	 x29=0x0acf9000
      111845000	     11085	800059a4	0d248193	addi	x3,x9,210	  x9:0x00000100  x3=0x000001d2
      112215000	     11122	800059a8	038bd4b3	divu	x9,x23,x24	 x23:0xbe517e4e x24:0x00000001  x9=0xbe517e4e
      112225000	     11123	800059ac	8961c1b7	lui	x3,0x8961c	  x3=0x8961c000
      112235000	     11124	800059b0	41435233	sra	x4,x6,x20	  x6:0x00000000 x20:0xe036082e  x4=0x00000000
      112245000	     11125	800059b4	9a7d	c.andi	x12,-1	 x12:0xffffffff x12=0xffffffff
      112255000	     11126	800059b6	90e88b93	addi	x23,x17,-1778	 x17:0x00000106 x23=0xfffffa14
      112265000	     11127	800059ba	0526	c.slli	x10,0x9	 x10:0x00000000 x10=0x00000000
      112275000	     11128	800059bc	836d	c.srli	x14,0x1b	 x14:0x0000011a x14=0x00000000
      112285000	     11129	800059be	02b24963	blt	x4,x11,800059f0	  x4:0x00000000 x11:0xfffff68e
      112295000	     11130	800059c2	0007c463	blt	x15,x0,800059ca	 x15:0x80028ce4  x0:0x00000000
      112325000	     11133	800059ca	01ef5613	srli	x12,x30,0x1e	 x30:0x00000000 x12=0x00000000
      112335000	     11134	800059ce	e2a1	c.bnez	x13,80005a0e	 x13:0x00000000
      112345000	     11135	800059d0	86c5	c.srai	x13,0x11	 x13:0x00000000 x13=0x00000000
      112355000	     11136	800059d2	0108c663	blt	x17,x16,800059de	 x17:0x00000106 x16:0x00000001
      112725000	     11173	800059d6	028be5b3	rem	x11,x23,x8	 x23:0xfffffa14  x8:0x00015000 x11=0xfffffa14
      112735000	     11174	800059da	0000100f	fence.i	
      112755000	     11176	800059de	0001	c.addi	x0,0	  x0:0x00000000  x0=0x00000000
      112765000	     11177	800059e0	fca40f13	addi	x30,x8,-54	  x8:0x00015000 x30=0x00014fca
      112775000	     11178	800059e4	02ab4163	blt	x22,x10,80005a06	 x22:0xfffffb47 x10:0x00000000
      112805000	     11181	80005a06	0366f563	bgeu	x13,x22,80005a30	 x13:0x00000000 x22:0xfffffb47
      112815000	     11182	80005a0a	03700663	beq	x0,x23,80005a36	  x0:0x00000000 x23:0xfffffa14
      112825000	     11183	80005a0e	004ead33	slt	x26,x29,x4	 x29:0x0acf9000  x4:0x00000000 x26=0x00000000
      112835000	     11184	80005a12	8efd	c.and	x13,x15	 x13:0x00000000 x15:0x80028ce4 x13=0x00000000
      112845000	     11185	80005a14	ea81	c.bnez	x13,80005a24	 x13:0x00000000
      112855000	     11186	80005a16	8c55	c.or	x8,x13	  x8:0x00015000 x13:0x00000000  x8=0x00015000
      112865000	     11187	80005a18	41e75093	srai	x1,x14,0x1e	 x14:0x00000000  x1=0x00000000
      112875000	     11188	80005a1c	01d0ed63	bltu	x1,x29,80005a36	  x1:0x00000000 x29:0x0acf9000
      112905000	     11191	80005a36	0b3f4763	blt	x30,x19,80005ae4	 x30:0x00014fca x19:0x00000000
      112915000	     11192	80005a3a	4315	c.li	x6,5	  x6=0x00000005
      112925000	     11193	80005a3c	8da5	c.xor	x11,x9	 x11:0xfffffa14  x9:0xbe517e4e x11=0x41ae845a
      112935000	     11194	80005a3e	423d	c.li	x4,15	  x4=0x0000000f
      113305000	     11231	80005a40	030bfe33	remu	x28,x23,x16	 x23:0xfffffa14 x16:0x00000001 x28=0x00000000
      113315000	     11232	80005a44	bd208693	addi	x13,x1,-1070	  x1:0x00000000 x13=0xfffffbd2
      113325000	     11233	80005a48	0329	c.addi	x6,10	  x6:0x00000005  x6=0x0000000f
      113335000	     11234	80005a4a	0000100f	fence.i	
      113365000	     11237	80005a4e	00468db3	add	x27,x13,x4	 x13:0xfffffbd2  x4:0x0000000f x27=0xfffffbe1
      113375000	     11238	80005a52	8ec9	c.or	x13,x10	 x13:0xfffffbd2 x10:0x00000000 x13=0xfffffbd2
      113385000	     11239	80005a54	4819	c.li	x16,6	 x16=0x00000006
      113395000	     11240	80005a56	0000100f	fence.i	
      113425000	     11243	80005a5a	01731db3	sll	x27,x6,x23	  x6:0x0000000f x23:0xfffffa14 x27=0x00f00000
      113435000	     11244	80005a5e	7e7d0d17	auipc	x26,0x7e7d0	 x26=0xfe7d5a5e
      113445000	     11245	80005a62	41b1	c.li	x3,12	  x3=0x0000000c
      113455000	     11246	80005a64	8d51	c.or	x10,x12	 x10:0x00000000 x12:0x00000000 x10=0x00000000
      113465000	     11247	80005a66	00d2ccb7	lui	x25,0xd2c	 x25=0x00d2c000
      113475000	     11248	80005a6a	8e45	c.or	x12,x9	 x12:0x00000000  x9:0xbe517e4e x12=0xbe517e4e
      113485000	     11249	80005a6c	6c65	c.lui	x24,0x19	 x24=0x00019000
      113495000	     11250	80005a6e	080d	c.addi	x16,3	 x16:0x00000006 x16=0x00000009
      113505000	     11251	80005a70	74293d13	sltiu	x26,x18,1858	 x18:0x00000105 x26=0x00000001
      113515000	     11252	80005a74	016a4633	xor	x12,x20,x22	 x20:0xe036082e x22:0xfffffb47 x12=0x1fc9f369
      113525000	     11253	80005a78	8d29	c.xor	x10,x10	 x10:0x00000000 x10:0x00000000 x10=0x00000000
      113535000	     11254	80005a7a	fe3808e3	beq	x16,x3,80005a6a	 x16:0x00000009  x3:0x0000000c
      113555000	     11256	80005a7e	0251d4b3	divu	x9,x3,x5	  x3:0x0000000c  x5:0x00000000  x9=0xffffffff
      113565000	     11257	80005a82	82a5	c.srli	x13,0x9	 x13:0xfffffbd2 x13=0x007ffffd
      113935000	     11294	80005a84	023ec533	div	x10,x29,x3	 x29:0x0acf9000  x3:0x0000000c x10=0x00e6a155
      113945000	     11295	80005a88	0ff0000f	fence	iorw,iorw	
      113955000	     11296	80005a8c	015812b3	sll	x5,x16,x21	 x16:0x00000009 x21:0x00000009  x5=0x00001200
      113995000	     11300	80005a90	03121733	mulh	x14,x4,x17	  x4:0x0000000f x17:0x00000106 x14=0x00000000
      114005000	     11301	80005a94	57654b13	xori	x22,x10,1398	 x10:0x00e6a155 x22=0x00e6a423
      114035000	     11304	80005a98	02be82b3	mul	x5,x29,x11	 x29:0x0acf9000 x11:0x41ae845a  x5=0xb338a000
      114045000	     11305	80005a9c	41d15e33	sra	x28,x2,x29	  x2:0x80024e2c x29:0x0acf9000 x28=0x80024e2c
      114055000	     11306	80005aa0	af614393	xori	x7,x2,-1290	  x2:0x80024e2c  x7=0x7ffdb4da
      114065000	     11307	80005aa4	fa4310e3	bne	x6,x4,80005a44	  x6:0x0000000f  x4:0x0000000f
      114075000	     11308	80005aa8	0e32	c.slli	x28,0xc	 x28:0x80024e2c x28=0x24e2c000
      114115000	     11312	80005aaa	028d94b3	mulh	x9,x27,x8	 x27:0x00f00000  x8:0x00015000  x9=0x0000013b
      114125000	     11313	80005aae	6db5	c.lui	x27,0xd	 x27=0x0000d000
      114135000	     11314	80005ab0	8548d917	auipc	x18,0x8548d	 x18=0x05492ab0
      114175000	     11318	80005ab4	02da29b3	mulhsu	x19,x20,x13	 x20:0xe036082e x13:0x007ffffd x19=0xfff01b04
      114195000	     11320	80005ab8	02e25d33	divu	x26,x4,x14	  x4:0x0000000f x14:0x00000000 x26=0xffffffff
      114205000	     11321	80005abc	177d	c.addi	x14,-1	 x14:0x00000000 x14=0xffffffff
      114215000	     11322	80005abe	a28f7c93	andi	x25,x30,-1496	 x30:0x00014fca x25=0x00014a08
      114255000	     11326	80005ac2	03481033	mulh	x0,x16,x20	 x16:0x00000009 x20:0xe036082e  x0=0x00000000
      114265000	     11327	80005ac6	65bd	c.lui	x11,0xf	 x11=0x0000f000
      114275000	     11328	80005ac8	0ff0000f	fence	iorw,iorw	
      114315000	     11332	80005acc	03eeb633	mulhu	x12,x29,x30	 x29:0x0acf9000 x30:0x00014fca x12=0x00000e2e
      114325000	     11333	80005ad0	0001	c.addi	x0,0	  x0:0x00000000  x0=0x00000000
      114335000	     11334	80005ad2	0198d593	srli	x11,x17,0x19	 x17:0x00000106 x11=0x00000000
      114345000	     11335	80005ad6	01ab5c63	bge	x22,x26,80005aee	 x22:0x00e6a423 x26:0xffffffff
      114365000	     11337	80005aee	04ca	c.slli	x9,0x12	  x9:0x0000013b  x9=0x04ec0000
      114375000	     11338	80005af0	0ff0000f	fence	iorw,iorw	
      114385000	     11339	80005af4	42a9	c.li	x5,10	  x5=0x0000000a
      114395000	     11340	80005af6	01645193	srli	x3,x8,0x16	  x8:0x00015000  x3=0x00000000
      114405000	     11341	80005afa	8f21	c.xor	x14,x8	 x14:0xffffffff  x8:0x00015000 x14=0xfffeafff
      114415000	     11342	80005afc	38a5ee37	lui	x28,0x38a5e	 x28=0x38a5e000
      114425000	     11343	80005b00	01de0d63	beq	x28,x29,80005b1a	 x28:0x38a5e000 x29:0x0acf9000
      114435000	     11344	80005b04	0080d313	srli	x6,x1,0x8	  x1:0x00000000  x6=0x00000000
      114445000	     11345	80005b08	0000100f	fence.i	
      114465000	     11347	80005b0c	02a51263	bne	x10,x10,80005b30	 x10:0x00e6a155 x10:0x00e6a155
      114475000	     11348	80005b10	8e11	c.sub	x12,x12	 x12:0x00000e2e x12:0x00000e2e x12=0x00000000
      114485000	     11349	80005b12	00d19633	sll	x12,x3,x13	  x3:0x00000000 x13:0x007ffffd x12=0x00000000
      114495000	     11350	80005b16	41b95cb3	sra	x25,x18,x27	 x18:0x05492ab0 x27:0x0000d000 x25=0x05492ab0
      114535000	     11354	80005b1a	036a2d33	mulhsu	x26,x20,x22	 x20:0xe036082e x22:0x00e6a423 x26=0xffe35c29
      114905000	     11391	80005b1e	03995433	divu	x8,x18,x25	 x18:0x05492ab0 x25:0x05492ab0  x8=0x00000001
      114915000	     11392	80005b22	8cd1	c.or	x9,x12	  x9:0x04ec0000 x12:0x00000000  x9=0x04ec0000
      114945000	     11395	80005b24	02db8533	mul	x10,x23,x13	 x23:0xfffffa14 x13:0x007ffffd x10=0x0a0011c4
      114955000	     11396	80005b28	41ae80b3	sub	x1,x29,x26	 x29:0x0acf9000 x26:0xffe35c29  x1=0x0aec33d7
      114965000	     11397	80005b2c	66a6c713	xori	x14,x13,1642	 x13:0x007ffffd x14=0x007ff997
      114975000	     11398	80005b30	01f73a33	sltu	x20,x14,x31	 x14:0x007ff997 x31:0x00000000 x20=0x00000000
      114985000	     11399	80005b34	4212	c.lwsp	x4,4(x2)	  x2:0x80024e2c  x4=0x80002d18 PA:0x80024e30 load:0x80002d18
      114995000	     11400	80005b36	3623ef93	ori	x31,x7,866	  x7:0x7ffdb4da x31=0x7ffdb7fa
      115005000	     11401	80005b3a	03810113	addi	x2,x2,56	  x2:0x80024e2c  x2=0x80024e64
      115015000	     11402	80005b3e	8d71	c.and	x10,x12	 x10:0x0a0011c4 x12:0x00000000 x10=0x00000000
      115025000	     11403	80005b40	75c8b6b7	lui	x13,0x75c8b	 x13=0x75c8b000
      115035000	     11404	80005b44	8d52	c.mv	x26,x20	  x0:0x00000000 x20:0x00000000 x26=0x00000000
      115045000	     11405	80005b46	0001	c.addi	x0,0	  x0:0x00000000  x0=0x00000000
      115055000	     11406	80005b48	96d2	c.add	x13,x20	 x13:0x75c8b000 x20:0x00000000 x13=0x75c8b000
      115065000	     11407	80005b4a	8dcd	c.or	x11,x11	 x11:0x00000000 x11:0x00000000 x11=0x00000000
      115075000	     11408	80005b4c	00020c93	addi	x25,x4,0	  x4:0x80002d18 x25=0x80002d18
      115085000	     11409	80005b50	8c82	c.jr	x25	 x25:0x80002d18
      115105000	     11411	80002d18	4d29	c.li	x26,10	 x26=0x0000000a
      115115000	     11412	80002d1a	0001	c.addi	x0,0	  x0:0x00000000  x0=0x00000000
      115155000	     11416	80002d1c	02bb1eb3	mulh	x29,x22,x11	 x22:0x00e6a423 x11:0x00000000 x29=0x00000000
      115165000	     11417	80002d20	448d	c.li	x9,3	  x9=0x00000003
      115175000	     11418	80002d22	73df3293	sltiu	x5,x30,1853	 x30:0x00014fca  x5=0x00000000
      115185000	     11419	80002d26	4019d933	sra	x18,x19,x1	 x19:0xfff01b04  x1:0x0aec33d7 x18=0xffffffff
      115195000	     11420	80002d2a	1d7d	c.addi	x26,-1	 x26:0x0000000a x26=0x00000009
      115205000	     11421	80002d2c	8e15	c.sub	x12,x13	 x12:0x00000000 x13:0x75c8b000 x12=0x8a375000
      115215000	     11422	80002d2e	8755	c.srai	x14,0x15	 x14:0x007ff997 x14=0x00000003
      115225000	     11423	80002d30	fb292593	slti	x11,x18,-78	 x18:0xffffffff x11=0x00000000
      115235000	     11424	80002d34	fe9d77e3	bgeu	x26,x9,80002d22	 x26:0x00000009  x9:0x00000003
      115265000	     11427	80002d22	73df3293	sltiu	x5,x30,1853	 x30:0x00014fca  x5=0x00000000
      115275000	     11428	80002d26	4019d933	sra	x18,x19,x1	 x19:0xfff01b04  x1:0x0aec33d7 x18=0xffffffff
      115285000	     11429	80002d2a	1d7d	c.addi	x26,-1	 x26:0x00000009 x26=0x00000008
      115295000	     11430	80002d2c	8e15	c.sub	x12,x13	 x12:0x8a375000 x13:0x75c8b000 x12=0x146ea000
      115305000	     11431	80002d2e	8755	c.srai	x14,0x15	 x14:0x00000003 x14=0x00000000
      115315000	     11432	80002d30	fb292593	slti	x11,x18,-78	 x18:0xffffffff x11=0x00000000
      115325000	     11433	80002d34	fe9d77e3	bgeu	x26,x9,80002d22	 x26:0x00000008  x9:0x00000003
      115355000	     11436	80002d22	73df3293	sltiu	x5,x30,1853	 x30:0x00014fca  x5=0x00000000
      115365000	     11437	80002d26	4019d933	sra	x18,x19,x1	 x19:0xfff01b04  x1:0x0aec33d7 x18=0xffffffff
      115375000	     11438	80002d2a	1d7d	c.addi	x26,-1	 x26:0x00000008 x26=0x00000007
      115385000	     11439	80002d2c	8e15	c.sub	x12,x13	 x12:0x146ea000 x13:0x75c8b000 x12=0x9ea5f000
      115395000	     11440	80002d2e	8755	c.srai	x14,0x15	 x14:0x00000000 x14=0x00000000
      115405000	     11441	80002d30	fb292593	slti	x11,x18,-78	 x18:0xffffffff x11=0x00000000
      115415000	     11442	80002d34	fe9d77e3	bgeu	x26,x9,80002d22	 x26:0x00000007  x9:0x00000003
      115445000	     11445	80002d22	73df3293	sltiu	x5,x30,1853	 x30:0x00014fca  x5=0x00000000
      115455000	     11446	80002d26	4019d933	sra	x18,x19,x1	 x19:0xfff01b04  x1:0x0aec33d7 x18=0xffffffff
      115465000	     11447	80002d2a	1d7d	c.addi	x26,-1	 x26:0x00000007 x26=0x00000006
      115475000	     11448	80002d2c	8e15	c.sub	x12,x13	 x12:0x9ea5f000 x13:0x75c8b000 x12=0x28dd4000
      115485000	     11449	80002d2e	8755	c.srai	x14,0x15	 x14:0x00000000 x14=0x00000000
      115495000	     11450	80002d30	fb292593	slti	x11,x18,-78	 x18:0xffffffff x11=0x00000000
      115505000	     11451	80002d34	fe9d77e3	bgeu	x26,x9,80002d22	 x26:0x00000006  x9:0x00000003
      115535000	     11454	80002d22	73df3293	sltiu	x5,x30,1853	 x30:0x00014fca  x5=0x00000000
      115545000	     11455	80002d26	4019d933	sra	x18,x19,x1	 x19:0xfff01b04  x1:0x0aec33d7 x18=0xffffffff
      115555000	     11456	80002d2a	1d7d	c.addi	x26,-1	 x26:0x00000006 x26=0x00000005
      115565000	     11457	80002d2c	8e15	c.sub	x12,x13	 x12:0x28dd4000 x13:0x75c8b000 x12=0xb3149000
      115575000	     11458	80002d2e	8755	c.srai	x14,0x15	 x14:0x00000000 x14=0x00000000
      115585000	     11459	80002d30	fb292593	slti	x11,x18,-78	 x18:0xffffffff x11=0x00000000
      115595000	     11460	80002d34	fe9d77e3	bgeu	x26,x9,80002d22	 x26:0x00000005  x9:0x00000003
      115625000	     11463	80002d22	73df3293	sltiu	x5,x30,1853	 x30:0x00014fca  x5=0x00000000
      115635000	     11464	80002d26	4019d933	sra	x18,x19,x1	 x19:0xfff01b04  x1:0x0aec33d7 x18=0xffffffff
      115645000	     11465	80002d2a	1d7d	c.addi	x26,-1	 x26:0x00000005 x26=0x00000004
      115655000	     11466	80002d2c	8e15	c.sub	x12,x13	 x12:0xb3149000 x13:0x75c8b000 x12=0x3d4be000
      115665000	     11467	80002d2e	8755	c.srai	x14,0x15	 x14:0x00000000 x14=0x00000000
      115675000	     11468	80002d30	fb292593	slti	x11,x18,-78	 x18:0xffffffff x11=0x00000000
      115685000	     11469	80002d34	fe9d77e3	bgeu	x26,x9,80002d22	 x26:0x00000004  x9:0x00000003
      115715000	     11472	80002d22	73df3293	sltiu	x5,x30,1853	 x30:0x00014fca  x5=0x00000000
      115725000	     11473	80002d26	4019d933	sra	x18,x19,x1	 x19:0xfff01b04  x1:0x0aec33d7 x18=0xffffffff
      115735000	     11474	80002d2a	1d7d	c.addi	x26,-1	 x26:0x00000004 x26=0x00000003
      115745000	     11475	80002d2c	8e15	c.sub	x12,x13	 x12:0x3d4be000 x13:0x75c8b000 x12=0xc7833000
      115755000	     11476	80002d2e	8755	c.srai	x14,0x15	 x14:0x00000000 x14=0x00000000
      115765000	     11477	80002d30	fb292593	slti	x11,x18,-78	 x18:0xffffffff x11=0x00000000
      115775000	     11478	80002d34	fe9d77e3	bgeu	x26,x9,80002d22	 x26:0x00000003  x9:0x00000003
      115805000	     11481	80002d22	73df3293	sltiu	x5,x30,1853	 x30:0x00014fca  x5=0x00000000
      115815000	     11482	80002d26	4019d933	sra	x18,x19,x1	 x19:0xfff01b04  x1:0x0aec33d7 x18=0xffffffff
      115825000	     11483	80002d2a	1d7d	c.addi	x26,-1	 x26:0x00000003 x26=0x00000002
      115835000	     11484	80002d2c	8e15	c.sub	x12,x13	 x12:0xc7833000 x13:0x75c8b000 x12=0x51ba8000
      115845000	     11485	80002d2e	8755	c.srai	x14,0x15	 x14:0x00000000 x14=0x00000000
      115855000	     11486	80002d30	fb292593	slti	x11,x18,-78	 x18:0xffffffff x11=0x00000000
      115865000	     11487	80002d34	fe9d77e3	bgeu	x26,x9,80002d22	 x26:0x00000002  x9:0x00000003
      115875000	     11488	80002d38	8972	c.mv	x18,x28	  x0:0x00000000 x28:0x38a5e000 x18=0x38a5e000
      115885000	     11489	80002d3a	4e0d	c.li	x28,3	 x28=0x00000003
      115925000	     11493	80002d3c	028abeb3	mulhu	x29,x21,x8	 x21:0x00000009  x8:0x00000001 x29=0x00000000
      115935000	     11494	80002d40	c314a293	slti	x5,x9,-975	  x9:0x00000003  x5=0x00000000
      115945000	     11495	80002d44	016c5533	srl	x10,x24,x22	 x24:0x00019000 x22:0x00e6a423 x10=0x00003200
      115955000	     11496	80002d48	4d31	c.li	x26,12	 x26=0x0000000c
      115965000	     11497	80002d4a	00645633	srl	x12,x8,x6	  x8:0x00000001  x6:0x00000000 x12=0x00000001
      116005000	     11501	80002d4e	028111b3	mulh	x3,x2,x8	  x2:0x80024e64  x8:0x00000001  x3=0xffffffff
      116015000	     11502	80002d52	01869193	slli	x3,x13,0x18	 x13:0x75c8b000  x3=0x00000000
      116025000	     11503	80002d56	0e0d	c.addi	x28,3	 x28:0x00000003 x28=0x00000006
      116035000	     11504	80002d58	0085	c.addi	x1,1	  x1:0x0aec33d7  x1=0x0aec33d8
      116045000	     11505	80002d5a	01c67a33	and	x20,x12,x28	 x12:0x00000001 x28:0x00000006 x20=0x00000000
      116415000	     11542	80002d5e	0328c6b3	div	x13,x17,x18	 x17:0x00000106 x18:0x38a5e000 x13=0x00000000
      116455000	     11546	80002d62	030d9433	mulh	x8,x27,x16	 x27:0x0000d000 x16:0x00000009  x8=0x00000000
      116465000	     11547	80002d66	40050bb3	sub	x23,x10,x0	 x10:0x00003200  x0:0x00000000 x23=0x00003200
      116475000	     11548	80002d6a	ffae12e3	bne	x28,x26,80002d4e	 x28:0x00000006 x26:0x0000000c
      116535000	     11554	80002d4e	028111b3	mulh	x3,x2,x8	  x2:0x80024e64  x8:0x00000000  x3=0x00000000
      116545000	     11555	80002d52	01869193	slli	x3,x13,0x18	 x13:0x00000000  x3=0x00000000
      116555000	     11556	80002d56	0e0d	c.addi	x28,3	 x28:0x00000006 x28=0x00000009
      116565000	     11557	80002d58	0085	c.addi	x1,1	  x1:0x0aec33d8  x1=0x0aec33d9
      116575000	     11558	80002d5a	01c67a33	and	x20,x12,x28	 x12:0x00000001 x28:0x00000009 x20=0x00000001
      116945000	     11595	80002d5e	0328c6b3	div	x13,x17,x18	 x17:0x00000106 x18:0x38a5e000 x13=0x00000000
      116985000	     11599	80002d62	030d9433	mulh	x8,x27,x16	 x27:0x0000d000 x16:0x00000009  x8=0x00000000
      116995000	     11600	80002d66	40050bb3	sub	x23,x10,x0	 x10:0x00003200  x0:0x00000000 x23=0x00003200
      117005000	     11601	80002d6a	ffae12e3	bne	x28,x26,80002d4e	 x28:0x00000009 x26:0x0000000c
      117065000	     11607	80002d4e	028111b3	mulh	x3,x2,x8	  x2:0x80024e64  x8:0x00000000  x3=0x00000000
      117075000	     11608	80002d52	01869193	slli	x3,x13,0x18	 x13:0x00000000  x3=0x00000000
      117085000	     11609	80002d56	0e0d	c.addi	x28,3	 x28:0x00000009 x28=0x0000000c
      117095000	     11610	80002d58	0085	c.addi	x1,1	  x1:0x0aec33d9  x1=0x0aec33da
      117105000	     11611	80002d5a	01c67a33	and	x20,x12,x28	 x12:0x00000001 x28:0x0000000c x20=0x00000000
      117475000	     11648	80002d5e	0328c6b3	div	x13,x17,x18	 x17:0x00000106 x18:0x38a5e000 x13=0x00000000
      117515000	     11652	80002d62	030d9433	mulh	x8,x27,x16	 x27:0x0000d000 x16:0x00000009  x8=0x00000000
      117525000	     11653	80002d66	40050bb3	sub	x23,x10,x0	 x10:0x00003200  x0:0x00000000 x23=0x00003200
      117535000	     11654	80002d6a	ffae12e3	bne	x28,x26,80002d4e	 x28:0x0000000c x26:0x0000000c
      117545000	     11655	80002d6e	8420b813	sltiu	x16,x1,-1982	  x1:0x0aec33da x16=0x00000001
      117555000	     11656	80002d72	0226	c.slli	x4,0x9	  x4:0x80002d18  x4=0x005a3000
      117565000	     11657	80002d74	986e	c.add	x16,x27	 x16:0x00000001 x27:0x0000d000 x16=0x0000d001
      117575000	     11658	80002d76	ed3d6c13	ori	x24,x26,-301	 x26:0x0000000c x24=0xfffffedf
      117585000	     11659	80002d7a	85f5	c.srai	x11,0x1d	 x11:0x00000000 x11=0x00000000
      117595000	     11660	80002d7c	91fa	c.add	x3,x30	  x3:0x00000000 x30:0x00014fca  x3=0x00014fca
      117605000	     11661	80002d7e	0000100f	fence.i	
      117635000	     11664	80002d82	0ff0000f	fence	iorw,iorw	
      117645000	     11665	80002d86	66404f93	xori	x31,x0,1636	  x0:0x00000000 x31=0x00000664
      117655000	     11666	80002d8a	4f9de813	ori	x16,x27,1273	 x27:0x0000d000 x16=0x0000d4f9
      117665000	     11667	80002d8e	9cce	c.add	x25,x19	 x25:0x80002d18 x19:0xfff01b04 x25=0x7ff0481c
      118035000	     11704	80002d90	0278dcb3	divu	x25,x17,x7	 x17:0x00000106  x7:0x7ffdb4da x25=0x00000000
      118045000	     11705	80002d94	01e99093	slli	x1,x19,0x1e	 x19:0xfff01b04  x1=0x00000000
      118055000	     11706	80002d98	01591b13	slli	x22,x18,0x15	 x18:0x38a5e000 x22=0x00000000
      118065000	     11707	80002d9c	0ff0000f	fence	iorw,iorw	
      118075000	     11708	80002da0	01fcd263	bge	x25,x31,80002da4	 x25:0x00000000 x31:0x00000664
      118085000	     11709	80002da4	0073c533	xor	x10,x7,x7	  x7:0x7ffdb4da  x7:0x7ffdb4da x10=0x00000000
      118095000	     11710	80002da8	b3b26093	ori	x1,x4,-1221	  x4:0x005a3000  x1=0xfffffb3b
      118105000	     11711	80002dac	846d	c.srai	x8,0x1b	  x8:0x00000000  x8=0x00000000
      118115000	     11712	80002dae	93a2	c.add	x7,x8	  x7:0x7ffdb4da  x8:0x00000000  x7=0x7ffdb4da
      118125000	     11713	80002db0	d4238c93	addi	x25,x7,-702	  x7:0x7ffdb4da x25=0x7ffdb21c
      118135000	     11714	80002db4	0193e533	or	x10,x7,x25	  x7:0x7ffdb4da x25:0x7ffdb21c x10=0x7ffdb6de
      118145000	     11715	80002db8	00ded233	srl	x4,x29,x13	 x29:0x00000000 x13:0x00000000  x4=0x00000000
      118515000	     11752	80002dbc	031ae533	rem	x10,x21,x17	 x21:0x00000009 x17:0x00000106 x10=0x00000009
      118525000	     11753	80002dc0	0090cb63	blt	x1,x9,80002dd6	  x1:0xfffffb3b  x9:0x00000003
      118555000	     11756	80002dd6	00321533	sll	x10,x4,x3	  x4:0x00000000  x3:0x00014fca x10=0x00000000
      118565000	     11757	80002dda	8cb5	c.xor	x9,x13	  x9:0x00000003 x13:0x00000000  x9=0x00000003
      118575000	     11758	80002ddc	0001	c.addi	x0,0	  x0:0x00000000  x0=0x00000000
      118585000	     11759	80002dde	0000100f	fence.i	
      118605000	     11761	80002de2	8ead	c.xor	x13,x11	 x13:0x00000000 x11:0x00000000 x13=0x00000000
      118635000	     11764	80002de4	03478a33	mul	x20,x15,x20	 x15:0x80028ce4 x20:0x00000000 x20=0x00000000
      119005000	     11801	80002de8	02f366b3	rem	x13,x6,x15	  x6:0x00000000 x15:0x80028ce4 x13=0x00000000
      119375000	     11838	80002dec	029e4533	div	x10,x28,x9	 x28:0x0000000c  x9:0x00000003 x10=0x00000004
      119385000	     11839	80002df0	64c5	c.lui	x9,0x11	  x9=0x00011000
      119395000	     11840	80002df2	4275	c.li	x4,29	  x4=0x0000001d
      119405000	     11841	80002df4	01aa7233	and	x4,x20,x26	 x20:0x00000000 x26:0x0000000c  x4=0x00000000
      119415000	     11842	80002df8	0d22	c.slli	x26,0x8	 x26:0x0000000c x26=0x00000c00
      119425000	     11843	80002dfa	00767033	and	x0,x12,x7	 x12:0x00000001  x7:0x7ffdb4da  x0=0x00000000
      119435000	     11844	80002dfe	88cd	c.andi	x9,19	  x9:0x00011000  x9=0x00000000
      119445000	     11845	80002e00	40b10a33	sub	x20,x2,x11	  x2:0x80024e64 x11:0x00000000 x20=0x80024e64
      119815000	     11882	80002e04	037246b3	div	x13,x4,x23	  x4:0x00000000 x23:0x00003200 x13=0x00000000
      119825000	     11883	80002e08	8f59	c.or	x14,x14	 x14:0x00000000 x14:0x00000000 x14=0x00000000
      119835000	     11884	80002e0a	536f6613	ori	x12,x30,1334	 x30:0x00014fca x12=0x00014ffe
      119875000	     11888	80002e0e	032c1e33	mulh	x28,x24,x18	 x24:0xfffffedf x18:0x38a5e000 x28=0xffffffc0
      119895000	     11890	80002e12	029dd8b3	divu	x17,x27,x9	 x27:0x0000d000  x9:0x00000000 x17=0xffffffff
      119905000	     11891	80002e16	01fb7d63	bgeu	x22,x31,80002e30	 x22:0x00000000 x31:0x00000664
      119915000	     11892	80002e1a	8c3d	c.xor	x8,x15	  x8:0x00000000 x15:0x80028ce4  x8=0x80028ce4
      119925000	     11893	80002e1c	00d018b3	sll	x17,x0,x13	  x0:0x00000000 x13:0x00000000 x17=0x00000000
      119935000	     11894	80002e20	41f954b3	sra	x9,x18,x31	 x18:0x38a5e000 x31:0x00000664  x9=0x038a5e00
      119945000	     11895	80002e24	8661	c.srai	x12,0x18	 x12:0x00014ffe x12=0x00000000
      119955000	     11896	80002e26	023a	c.slli	x4,0xe	  x4:0x00000000  x4=0x00000000
      119965000	     11897	80002e28	4efe1b97	auipc	x23,0x4efe1	 x23=0xcefe3e28
      119975000	     11898	80002e2c	01440c33	add	x24,x8,x20	  x8:0x80028ce4 x20:0x80024e64 x24=0x0004db48
      119985000	     11899	80002e30	41a8d1b3	sra	x3,x17,x26	 x17:0x00000000 x26:0x00000c00  x3=0x00000000
      119995000	     11900	80002e34	81d5	c.srli	x11,0x15	 x11:0x00000000 x11=0x00000000
      120005000	     11901	80002e36	000f7c33	and	x24,x30,x0	 x30:0x00014fca  x0:0x00000000 x24=0x00000000
      120015000	     11902	80002e3a	017d9f13	slli	x30,x27,0x17	 x27:0x0000d000 x30=0x00000000
      120025000	     11903	80002e3e	05a85b63	bge	x16,x26,80002e94	 x16:0x0000d4f9 x26:0x00000c00
      120055000	     11906	80002e94	024a6db3	rem	x27,x20,x4	 x20:0x80024e64  x4:0x00000000 x27=0x80024e64
      120065000	     11907	80002e98	03bdde63	bge	x27,x27,80002ed4	 x27:0x80024e64 x27:0x80024e64
      120085000	     11909	80002ed4	00e61f63	bne	x12,x14,80002ef2	 x12:0x00000000 x14:0x00000000
      120095000	     11910	80002ed8	8c6d	c.and	x8,x11	  x8:0x80028ce4 x11:0x00000000  x8=0x00000000
      120105000	     11911	80002eda	8e61	c.and	x12,x8	 x12:0x00000000  x8:0x00000000 x12=0x00000000
      120115000	     11912	80002edc	0001	c.addi	x0,0	  x0:0x00000000  x0=0x00000000
      120125000	     11913	80002ede	01517b33	and	x22,x2,x21	  x2:0x80024e64 x21:0x00000009 x22=0x00000000
      120135000	     11914	80002ee2	5b6c2013	slti	x0,x24,1462	 x24:0x00000000  x0=0x00000000
      120145000	     11915	80002ee6	c229	c.beqz	x12,80002f28	 x12:0x00000000
      120165000	     11917	80002f28	011904b3	add	x9,x18,x17	 x18:0x38a5e000 x17:0x00000000  x9=0x38a5e000
      120175000	     11918	80002f2c	19fd	c.addi	x19,-1	 x19:0xfff01b04 x19=0xfff01b03
      120185000	     11919	80002f2e	06d49263	bne	x9,x13,80002f92	  x9:0x38a5e000 x13:0x00000000
      120215000	     11922	80002f92	03e18763	beq	x3,x30,80002fc0	  x3:0x00000000 x30:0x00000000
      120235000	     11924	80002fc0	8d09	c.sub	x10,x10	 x10:0x00000004 x10:0x00000004 x10=0x00000000
      120245000	     11925	80002fc2	01449613	slli	x12,x9,0x14	  x9:0x38a5e000 x12=0x00000000
      120255000	     11926	80002fc6	00ca7733	and	x14,x20,x12	 x20:0x80024e64 x12:0x00000000 x14=0x00000000
      120265000	     11927	80002fca	04e81163	bne	x16,x14,8000300c	 x16:0x0000d4f9 x14:0x00000000
      120285000	     11929	8000300c	e98d	c.bnez	x11,8000303e	 x11:0x00000000
      120295000	     11930	8000300e	4055d393	srai	x7,x11,0x5	 x11:0x00000000  x7=0x00000000
      120665000	     11967	80003012	0341dd33	divu	x26,x3,x20	  x3:0x00000000 x20:0x80024e64 x26=0x00000000
      120675000	     11968	80003016	01dcd333	srl	x6,x25,x29	 x25:0x7ffdb21c x29:0x00000000  x6=0x7ffdb21c
      120715000	     11972	8000301a	02c41533	mulh	x10,x8,x12	  x8:0x00000000 x12:0x00000000 x10=0x00000000
      120725000	     11973	8000301e	0001	c.addi	x0,0	  x0:0x00000000  x0=0x00000000
      120735000	     11974	80003020	8169	c.srli	x10,0x1a	 x10:0x00000000 x10=0x00000000
      120745000	     11975	80003022	86d5	c.srai	x13,0x15	 x13:0x00000000 x13=0x00000000
      120755000	     11976	80003024	41600d33	sub	x26,x0,x22	  x0:0x00000000 x22:0x00000000 x26=0x00000000
      120795000	     11980	80003028	033430b3	mulhu	x1,x8,x19	  x8:0x00000000 x19:0xfff01b03  x1=0x00000000
      120805000	     11981	8000302c	8c85	c.sub	x9,x9	  x9:0x38a5e000  x9:0x38a5e000  x9=0x00000000
      120815000	     11982	8000302e	88e1	c.andi	x9,24	  x9:0x00000000  x9=0x00000000
      120825000	     11983	80003030	c499	c.beqz	x9,8000303e	  x9:0x00000000
      120855000	     11986	8000303e	01074833	xor	x16,x14,x16	 x14:0x00000000 x16:0x0000d4f9 x16=0x0000d4f9
      120865000	     11987	80003042	ffffda97	auipc	x21,0xffffd	 x21=0x80000042
      120875000	     11988	80003046	34ea8a93	addi	x21,x21,846	 x21:0x80000042 x21=0x80000390
      120885000	     11989	8000304a	000a8067	jalr	x0,0(x21)	 x21:0x80000390  x0=0x00000000
      120905000	     11991	80000390	90000537	lui	x10,0x90000	 x10=0x90000000
      120915000	     11992	80000394	1561	c.addi	x10,-8	 x10:0x90000000 x10=0x8ffffff8
      120925000	     11993	80000396	4c81	c.li	x25,0	 x25=0x00000000
      120935000	     11994	80000398	0ca2	c.slli	x25,0x8	 x25:0x00000000 x25=0x00000000
      120945000	     11995	8000039a	0c85	c.addi	x25,1	 x25:0x00000000 x25=0x00000001
      120955000	     11996	8000039c	01952023	sw	x25,0(x10)	 x10:0x8ffffff8 x25:0x00000001 PA:0x8ffffff8 store:0x00000001 load:0x00000000
      120965000	     11997	800003a0	00000073	ecall	
      120995000	     12000	80002000	0800006f	jal	x0,80002080	  x0=0x00000000
      121015000	     12002	80002080	17f1	c.addi	x15,-4	 x15:0x80028ce4 x15=0x80028ce0
      121025000	     12003	80002082	0027a023	sw	x2,0(x15)	 x15:0x80028ce0  x2:0x80024e64 PA:0x80028ce0 store:0x80024e64 load:0x00000000
