Time	Cycle	PC	Insn	Decoded instruction	Register and memory contents
        8342000	       315	80000080	40001cb7	lui	x25,0x40001	 x25=0x40001000
        8482000	       322	80000084	106c8c93	addi	x25,x25,262	 x25:0x40001000 x25=0x40001106
        8602000	       328	80000088	301c9073	csrrw	x0,misa,x25	 x25:0x40001106  x0=0x00000000
        8802000	       338	8000008c	00029797	auipc	x15,0x29	 x15=0x8002908c
        8822000	       339	80000090	c5878793	addi	x15,x15,-936	 x15:0x8002908c x15=0x80028ce4
        9242000	       360	80000094	00002c97	auipc	x25,0x2	 x25=0x80002094
        9262000	       361	80000098	f6cc8c93	addi	x25,x25,-148	 x25:0x80002094 x25=0x80002000
        9282000	       362	8000009c	001cec93	ori	x25,x25,1	 x25:0x80002000 x25=0x80002001
        9302000	       363	800000a0	305c9073	csrrw	x0,mtvec,x25	 x25:0x80002001  x0=0x00000000
        9482000	       372	800000a4	74725073	csrrwi	x0,0x747,4	  x0=0x00000000
        9542000	       375	800000a8	00003a97	auipc	x21,0x3	 x21=0x800030a8
        9562000	       376	800000ac	c44a8a93	addi	x21,x21,-956	 x21:0x800030a8 x21=0x80002cec
        9962000	       396	800000b0	4c81	c.li	x25,0	 x25=0x00000000
        9982000	       397	800000b2	9ae6	c.add	x21,x25	 x21:0x80002cec x25:0x00000000 x21=0x80002cec
       10142000	       405	800000b4	002ada93	srli	x21,x21,0x2	 x21:0x80002cec x21=0x20000b3b
       10262000	       411	800000b8	3b0a9073	csrrw	x0,pmpaddr0,x21	 x21:0x20000b3b  x0=0x00000000
       10322000	       414	800000bc	00003a97	auipc	x21,0x3	 x21=0x800030bc
       10342000	       415	800000c0	c30a8a93	addi	x21,x21,-976	 x21:0x800030bc x21=0x80002cec
       10722000	       434	800000c4	11111cb7	lui	x25,0x11111	 x25=0x11111000
       10742000	       435	800000c8	111c8c93	addi	x25,x25,273	 x25:0x11111000 x25=0x11111111
       10762000	       436	800000cc	9ae6	c.add	x21,x25	 x21:0x80002cec x25:0x11111111 x21=0x91113dfd
       10782000	       437	800000ce	002ada93	srli	x21,x21,0x2	 x21:0x91113dfd x21=0x24444f7f
       11202000	       458	800000d2	3b1a9073	csrrw	x0,pmpaddr1,x21	 x21:0x24444f7f  x0=0x00000000
       11262000	       461	800000d6	00003a97	auipc	x21,0x3	 x21=0x800030d6
       11282000	       462	800000da	c16a8a93	addi	x21,x21,-1002	 x21:0x800030d6 x21=0x80002cec
       11342000	       465	800000de	22222cb7	lui	x25,0x22222	 x25=0x22222000
       11382000	       467	800000e2	222c8c93	addi	x25,x25,546	 x25:0x22222000 x25=0x22222222
       11402000	       468	800000e6	9ae6	c.add	x21,x25	 x21:0x80002cec x25:0x22222222 x21=0xa2224f0e
       11902000	       493	800000e8	002ada93	srli	x21,x21,0x2	 x21:0xa2224f0e x21=0x288893c3
       12322000	       514	800000ec	3b2a9073	csrrw	x0,pmpaddr2,x21	 x21:0x288893c3  x0=0x00000000
       12382000	       517	800000f0	00003a97	auipc	x21,0x3	 x21=0x800030f0
       12402000	       518	800000f4	bfca8a93	addi	x21,x21,-1028	 x21:0x800030f0 x21=0x80002cec
       12422000	       519	800000f8	33333cb7	lui	x25,0x33333	 x25=0x33333000
       12802000	       538	800000fc	333c8c93	addi	x25,x25,819	 x25:0x33333000 x25=0x33333333
       13202000	       558	80000100	9ae6	c.add	x21,x25	 x21:0x80002cec x25:0x33333333 x21=0xb333601f
       13262000	       561	80000102	002ada93	srli	x21,x21,0x2	 x21:0xb333601f x21=0x2cccd807
       13282000	       562	80000106	3b3a9073	csrrw	x0,pmpaddr3,x21	 x21:0x2cccd807  x0=0x00000000
       13402000	       568	8000010a	0f0f1ab7	lui	x21,0xf0f1	 x21=0x0f0f1000
       13462000	       571	8000010e	f0fa8a93	addi	x21,x21,-241	 x21:0x0f0f1000 x21=0x0f0f0f0f
       13482000	       572	80000112	3a0a9073	csrrw	x0,pmpcfg0,x21	 x21:0x0f0f0f0f  x0=0x00000000
       13622000	       579	80000116	00003a97	auipc	x21,0x3	 x21=0x80003116
       13642000	       580	8000011a	bd6a8a93	addi	x21,x21,-1066	 x21:0x80003116 x21=0x80002cec
       13862000	       591	8000011e	44444cb7	lui	x25,0x44444	 x25=0x44444000
       13882000	       592	80000122	444c8c93	addi	x25,x25,1092	 x25:0x44444000 x25=0x44444444
       13902000	       593	80000126	9ae6	c.add	x21,x25	 x21:0x80002cec x25:0x44444444 x21=0xc4447130
       13922000	       594	80000128	002ada93	srli	x21,x21,0x2	 x21:0xc4447130 x21=0x31111c4c
       13962000	       596	8000012c	3b4a9073	csrrw	x0,pmpaddr4,x21	 x21:0x31111c4c  x0=0x00000000
       14382000	       617	80000130	00003a97	auipc	x21,0x3	 x21=0x80003130
       14402000	       618	80000134	bbca8a93	addi	x21,x21,-1092	 x21:0x80003130 x21=0x80002cec
       14422000	       619	80000138	55555cb7	lui	x25,0x55555	 x25=0x55555000
       14502000	       623	8000013c	555c8c93	addi	x25,x25,1365	 x25:0x55555000 x25=0x55555555
       14522000	       624	80000140	9ae6	c.add	x21,x25	 x21:0x80002cec x25:0x55555555 x21=0xd5558241
       14542000	       625	80000142	002ada93	srli	x21,x21,0x2	 x21:0xd5558241 x21=0x35556090
       14742000	       635	80000146	3b5a9073	csrrw	x0,pmpaddr5,x21	 x21:0x35556090  x0=0x00000000
       15002000	       648	8000014a	00003a97	auipc	x21,0x3	 x21=0x8000314a
       15022000	       649	8000014e	ba2a8a93	addi	x21,x21,-1118	 x21:0x8000314a x21=0x80002cec
       15242000	       660	80000152	66666cb7	lui	x25,0x66666	 x25=0x66666000
       15482000	       672	80000156	666c8c93	addi	x25,x25,1638	 x25:0x66666000 x25=0x66666666
       15502000	       673	8000015a	9ae6	c.add	x21,x25	 x21:0x80002cec x25:0x66666666 x21=0xe6669352
       15522000	       674	8000015c	002ada93	srli	x21,x21,0x2	 x21:0xe6669352 x21=0x3999a4d4
       15542000	       675	80000160	3b6a9073	csrrw	x0,pmpaddr6,x21	 x21:0x3999a4d4  x0=0x00000000
       15602000	       678	80000164	00003a97	auipc	x21,0x3	 x21=0x80003164
       15622000	       679	80000168	b88a8a93	addi	x21,x21,-1144	 x21:0x80003164 x21=0x80002cec
       15642000	       680	8000016c	77777cb7	lui	x25,0x77777	 x25=0x77777000
       15722000	       684	80000170	777c8c93	addi	x25,x25,1911	 x25:0x77777000 x25=0x77777777
       15742000	       685	80000174	9ae6	c.add	x21,x25	 x21:0x80002cec x25:0x77777777 x21=0xf777a463
       15842000	       690	80000176	002ada93	srli	x21,x21,0x2	 x21:0xf777a463 x21=0x3ddde918
       15862000	       691	8000017a	3b7a9073	csrrw	x0,pmpaddr7,x21	 x21:0x3ddde918  x0=0x00000000
       15922000	       694	8000017e	0f0f1ab7	lui	x21,0xf0f1	 x21=0x0f0f1000
       15942000	       695	80000182	f0fa8a93	addi	x21,x21,-241	 x21:0x0f0f1000 x21=0x0f0f0f0f
       16082000	       702	80000186	3a1a9073	csrrw	x0,pmpcfg1,x21	 x21:0x0f0f0f0f  x0=0x00000000
       16222000	       709	8000018a	00003a97	auipc	x21,0x3	 x21=0x8000318a
       16242000	       710	8000018e	b62a8a93	addi	x21,x21,-1182	 x21:0x8000318a x21=0x80002cec
       16302000	       713	80000192	88889cb7	lui	x25,0x88889	 x25=0x88889000
       16322000	       714	80000196	888c8c93	addi	x25,x25,-1912	 x25:0x88889000 x25=0x88888888
       16342000	       715	8000019a	9ae6	c.add	x21,x25	 x21:0x80002cec x25:0x88888888 x21=0x0888b574
       16742000	       735	8000019c	002ada93	srli	x21,x21,0x2	 x21:0x0888b574 x21=0x02222d5d
       16762000	       736	800001a0	3b8a9073	csrrw	x0,pmpaddr8,x21	 x21:0x02222d5d  x0=0x00000000
       17142000	       755	800001a4	00003a97	auipc	x21,0x3	 x21=0x800031a4
       17562000	       776	800001a8	b48a8a93	addi	x21,x21,-1208	 x21:0x800031a4 x21=0x80002cec
       17582000	       777	800001ac	9999acb7	lui	x25,0x9999a	 x25=0x9999a000
       17762000	       786	800001b0	999c8c93	addi	x25,x25,-1639	 x25:0x9999a000 x25=0x99999999
       17802000	       788	800001b4	9ae6	c.add	x21,x25	 x21:0x80002cec x25:0x99999999 x21=0x1999c685
       17962000	       796	800001b6	002ada93	srli	x21,x21,0x2	 x21:0x1999c685 x21=0x066671a1
       18042000	       800	800001ba	3b9a9073	csrrw	x0,pmpaddr9,x21	 x21:0x066671a1  x0=0x00000000
       18342000	       815	800001be	00003a97	auipc	x21,0x3	 x21=0x800031be
       18762000	       836	800001c2	b2ea8a93	addi	x21,x21,-1234	 x21:0x800031be x21=0x80002cec
       18782000	       837	800001c6	aaaabcb7	lui	x25,0xaaaab	 x25=0xaaaab000
       18802000	       838	800001ca	aaac8c93	addi	x25,x25,-1366	 x25:0xaaaab000 x25=0xaaaaaaaa
       18822000	       839	800001ce	9ae6	c.add	x21,x25	 x21:0x80002cec x25:0xaaaaaaaa x21=0x2aaad796
       19122000	       854	800001d0	002ada93	srli	x21,x21,0x2	 x21:0x2aaad796 x21=0x0aaab5e5
       19142000	       855	800001d4	3baa9073	csrrw	x0,pmpaddr10,x21	 x21:0x0aaab5e5  x0=0x00000000
       19562000	       876	800001d8	00003a97	auipc	x21,0x3	 x21=0x800031d8
       19582000	       877	800001dc	b14a8a93	addi	x21,x21,-1260	 x21:0x800031d8 x21=0x80002cec
       19602000	       878	800001e0	bbbbccb7	lui	x25,0xbbbbc	 x25=0xbbbbc000
       19622000	       879	800001e4	bbbc8c93	addi	x25,x25,-1093	 x25:0xbbbbc000 x25=0xbbbbbbbb
       19782000	       887	800001e8	9ae6	c.add	x21,x25	 x21:0x80002cec x25:0xbbbbbbbb x21=0x3bbbe8a7
       19942000	       895	800001ea	002ada93	srli	x21,x21,0x2	 x21:0x3bbbe8a7 x21=0x0eeefa29
       20342000	       915	800001ee	3bba9073	csrrw	x0,pmpaddr11,x21	 x21:0x0eeefa29  x0=0x00000000
       20482000	       922	800001f2	0f0f1ab7	lui	x21,0xf0f1	 x21=0x0f0f1000
       20602000	       928	800001f6	f0fa8a93	addi	x21,x21,-241	 x21:0x0f0f1000 x21=0x0f0f0f0f
       20782000	       937	800001fa	3a2a9073	csrrw	x0,pmpcfg2,x21	 x21:0x0f0f0f0f  x0=0x00000000
       20842000	       940	800001fe	00003a97	auipc	x21,0x3	 x21=0x800031fe
       21082000	       952	80000202	aeea8a93	addi	x21,x21,-1298	 x21:0x800031fe x21=0x80002cec
       21162000	       956	80000206	ccccdcb7	lui	x25,0xccccd	 x25=0xccccd000
       21242000	       960	8000020a	cccc8c93	addi	x25,x25,-820	 x25:0xccccd000 x25=0xcccccccc
       21262000	       961	8000020e	9ae6	c.add	x21,x25	 x21:0x80002cec x25:0xcccccccc x21=0x4cccf9b8
       21282000	       962	80000210	002ada93	srli	x21,x21,0x2	 x21:0x4cccf9b8 x21=0x13333e6e
       21642000	       980	80000214	3bca9073	csrrw	x0,pmpaddr12,x21	 x21:0x13333e6e  x0=0x00000000
       21782000	       987	80000218	00003a97	auipc	x21,0x3	 x21=0x80003218
       21802000	       988	8000021c	ad4a8a93	addi	x21,x21,-1324	 x21:0x80003218 x21=0x80002cec
       22122000	      1004	80000220	ddddecb7	lui	x25,0xdddde	 x25=0xdddde000
       22142000	      1005	80000224	dddc8c93	addi	x25,x25,-547	 x25:0xdddde000 x25=0xdddddddd
       22162000	      1006	80000228	9ae6	c.add	x21,x25	 x21:0x80002cec x25:0xdddddddd x21=0x5dde0ac9
       22542000	      1025	8000022a	002ada93	srli	x21,x21,0x2	 x21:0x5dde0ac9 x21=0x177782b2
       22562000	      1026	8000022e	3bda9073	csrrw	x0,pmpaddr13,x21	 x21:0x177782b2  x0=0x00000000
       22622000	      1029	80000232	00003a97	auipc	x21,0x3	 x21=0x80003232
       22642000	      1030	80000236	abaa8a93	addi	x21,x21,-1350	 x21:0x80003232 x21=0x80002cec
       23002000	      1048	8000023a	eeeefcb7	lui	x25,0xeeeef	 x25=0xeeeef000
       23022000	      1049	8000023e	eeec8c93	addi	x25,x25,-274	 x25:0xeeeef000 x25=0xeeeeeeee
       23042000	      1050	80000242	9ae6	c.add	x21,x25	 x21:0x80002cec x25:0xeeeeeeee x21=0x6eef1bda
       23442000	      1070	80000244	002ada93	srli	x21,x21,0x2	 x21:0x6eef1bda x21=0x1bbbc6f6
       23462000	      1071	80000248	3bea9073	csrrw	x0,pmpaddr14,x21	 x21:0x1bbbc6f6  x0=0x00000000
       23522000	      1074	8000024c	00003a97	auipc	x21,0x3	 x21=0x8000324c
       23902000	      1093	80000250	aa0a8a93	addi	x21,x21,-1376	 x21:0x8000324c x21=0x80002cec
       23922000	      1094	80000254	fff00c93	addi	x25,x0,-1	  x0:0x00000000 x25=0xffffffff
       24122000	      1104	80000258	9ae6	c.add	x21,x25	 x21:0x80002cec x25:0xffffffff x21=0x80002ceb
       24142000	      1105	8000025a	002ada93	srli	x21,x21,0x2	 x21:0x80002ceb x21=0x20000b3a
       24542000	      1125	8000025e	3bfa9073	csrrw	x0,pmpaddr15,x21	 x21:0x20000b3a  x0=0x00000000
       24602000	      1128	80000262	0f0f1ab7	lui	x21,0xf0f1	 x21=0x0f0f1000
       24622000	      1129	80000266	f0fa8a93	addi	x21,x21,-241	 x21:0x0f0f1000 x21=0x0f0f0f0f
       24642000	      1130	8000026a	3a3a9073	csrrw	x0,pmpcfg3,x21	 x21:0x0f0f0f0f  x0=0x00000000
       24962000	      1146	8000026e	00000c97	auipc	x25,0x0	 x25=0x8000026e
       25002000	      1148	80000272	060c8c93	addi	x25,x25,96	 x25:0x8000026e x25=0x800002ce
       25022000	      1149	80000276	341c9073	csrrw	x0,mepc,x25	 x25:0x800002ce  x0=0x00000000
       25102000	      1153	8000027a	7c00d073	csrrwi	x0,0x7c0,1	  x0=0x00000000
       25162000	      1156	8000027e	4c81	c.li	x25,0	 x25=0x00000000
       25182000	      1157	80000280	300c9073	csrrw	x0,mstatus,x25	 x25:0x00000000  x0=0x00000000
       25542000	      1175	80000284	4c81	c.li	x25,0	 x25=0x00000000
       25562000	      1176	80000286	304c9073	csrrw	x0,mie,x25	 x25:0x00000000  x0=0x00000000
       25622000	      1179	8000028a	90000537	lui	x10,0x90000	 x10=0x90000000
       25642000	      1180	8000028e	1571	c.addi	x10,-4	 x10:0x90000000 x10=0x8ffffffc
       25722000	      1184	80000290	90000537	lui	x10,0x90000	 x10=0x90000000
       26102000	      1203	80000294	1571	c.addi	x10,-4	 x10:0x90000000 x10=0x8ffffffc
       26122000	      1204	80000296	90000537	lui	x10,0x90000	 x10=0x90000000
       26142000	      1205	8000029a	1571	c.addi	x10,-4	 x10:0x90000000 x10=0x8ffffffc
       26262000	      1211	8000029c	30000c93	addi	x25,x0,768	  x0:0x00000000 x25=0x00000300
       26642000	      1230	800002a0	0ca2	c.slli	x25,0x8	 x25:0x00000300 x25=0x00030000
       26662000	      1231	800002a2	0c8d	c.addi	x25,3	 x25:0x00030000 x25=0x00030003
       26882000	      1242	800002a4	01952023	sw	x25,0(x10)	 x10:0x8ffffffc x25:0x00030003 PA:0x8ffffffc store:0x00030003 load:0xffffffff
       26902000	      1243	800002a8	30002cf3	csrrs	x25,mstatus,x0	  x0:0x00000000 x25=0x00000000
       27362000	      1266	800002ac	01952023	sw	x25,0(x10)	 x10:0x8ffffffc x25:0x00000000 PA:0x8ffffffc store:0x00000000 load:0xffffffff
       27382000	      1267	800002b0	90000537	lui	x10,0x90000	 x10=0x90000000
       27402000	      1268	800002b4	1571	c.addi	x10,-4	 x10:0x90000000 x10=0x8ffffffc
       27422000	      1269	800002b6	30400c93	addi	x25,x0,772	  x0:0x00000000 x25=0x00000304
       27442000	      1270	800002ba	0ca2	c.slli	x25,0x8	 x25:0x00000304 x25=0x00030400
       27462000	      1271	800002bc	0c8d	c.addi	x25,3	 x25:0x00030400 x25=0x00030403
       27522000	      1274	800002be	01952023	sw	x25,0(x10)	 x10:0x8ffffffc x25:0x00030403 PA:0x8ffffffc store:0x00030403 load:0xffffffff
       27542000	      1275	800002c2	30402cf3	csrrs	x25,mie,x0	  x0:0x00000000 x25=0x00000000
       27682000	      1282	800002c6	01952023	sw	x25,0(x10)	 x10:0x8ffffffc x25:0x00000000 PA:0x8ffffffc store:0x00000000 load:0xffffffff
       27702000	      1283	800002ca	30200073	mret	
       28642000	      1330	800002ce	00000013	addi	x0,x0,0	  x0:0x00000000  x0=0x00000000
       28662000	      1331	800002d2	92efa0b7	lui	x1,0x92efa	  x1=0x92efa000
       28682000	      1332	800002d6	ac408093	addi	x1,x1,-1340	  x1:0x92efa000  x1=0x92ef9ac4
       28702000	      1333	800002da	800001b7	lui	x3,0x80000	  x3=0x80000000
       28722000	      1334	800002de	80000237	lui	x4,0x80000	  x4=0x80000000
       28742000	      1335	800002e2	42b9	c.li	x5,14	  x5=0x0000000e
       29122000	      1354	800002e4	f1b2a337	lui	x6,0xf1b2a	  x6=0xf1b2a000
       29142000	      1355	800002e8	f3f30313	addi	x6,x6,-193	  x6:0xf1b2a000  x6=0xf1b29f3f
       29162000	      1356	800002ec	4381	c.li	x7,0	  x7=0x00000000
       29182000	      1357	800002ee	4a55b437	lui	x8,0x4a55b	  x8=0x4a55b000
       29602000	      1378	800002f2	a2240413	addi	x8,x8,-1502	  x8:0x4a55b000  x8=0x4a55aa22
       29702000	      1383	800002f6	800004b7	lui	x9,0x80000	  x9=0x80000000
       29722000	      1384	800002fa	4535	c.li	x10,13	 x10=0x0000000d
       29742000	      1385	800002fc	f1f2f5b7	lui	x11,0xf1f2f	 x11=0xf1f2f000
       29762000	      1386	80000300	2c958593	addi	x11,x11,713	 x11:0xf1f2f000 x11=0xf1f2f2c9
       29782000	      1387	80000304	f4560637	lui	x12,0xf4560	 x12=0xf4560000
       30002000	      1398	80000308	fdc60613	addi	x12,x12,-36	 x12:0xf4560000 x12=0xf455ffdc
       30022000	      1399	8000030c	f82256b7	lui	x13,0xf8225	 x13=0xf8225000
       30042000	      1400	80000310	26468693	addi	x13,x13,612	 x13:0xf8225000 x13=0xf8225264
       30602000	      1428	80000314	fe5f1737	lui	x14,0xfe5f1	 x14=0xfe5f1000
       30622000	      1429	80000318	95370713	addi	x14,x14,-1709	 x14:0xfe5f1000 x14=0xfe5f0953
       30722000	      1434	8000031c	66a5e837	lui	x16,0x66a5e	 x16=0x66a5e000
       30942000	      1445	80000320	aa780813	addi	x16,x16,-1369	 x16:0x66a5e000 x16=0x66a5daa7
       30962000	      1446	80000324	f9d1c8b7	lui	x17,0xf9d1c	 x17=0xf9d1c000
       30982000	      1447	80000328	75888893	addi	x17,x17,1880	 x17:0xf9d1c000 x17=0xf9d1c758
       31002000	      1448	8000032c	4901	c.li	x18,0	 x18=0x00000000
       31022000	      1449	8000032e	910059b7	lui	x19,0x91005	 x19=0x91005000
       31042000	      1450	80000332	efb98993	addi	x19,x19,-261	 x19:0x91005000 x19=0x91004efb
       31062000	      1451	80000336	4a01	c.li	x20,0	 x20=0x00000000
       31202000	      1458	80000338	4aa5	c.li	x21,9	 x21=0x00000009
       31302000	      1463	8000033a	91795b37	lui	x22,0x91795	 x22=0x91795000
       31322000	      1464	8000033e	1b29	c.addi	x22,-22	 x22:0x91795000 x22=0x91794fea
       31722000	      1484	80000340	80000bb7	lui	x23,0x80000	 x23=0x80000000
       31742000	      1485	80000344	db26ec37	lui	x24,0xdb26e	 x24=0xdb26e000
       31782000	      1487	80000348	39fc0c13	addi	x24,x24,927	 x24:0xdb26e000 x24=0xdb26e39f
       31802000	      1488	8000034c	4cb1	c.li	x25,12	 x25=0x0000000c
       31822000	      1489	8000034e	bde66d37	lui	x26,0xbde66	 x26=0xbde66000
       31842000	      1490	80000352	303d0d13	addi	x26,x26,771	 x26:0xbde66000 x26=0xbde66303
       31882000	      1492	80000356	f6359db7	lui	x27,0xf6359	 x27=0xf6359000
       31902000	      1493	8000035a	b8bd8d93	addi	x27,x27,-1141	 x27:0xf6359000 x27=0xf6358b8b
       31922000	      1494	8000035e	4e01	c.li	x28,0	 x28=0x00000000
       31942000	      1495	80000360	47c42eb7	lui	x29,0x47c42	 x29=0x47c42000
       32302000	      1513	80000364	4cae8e93	addi	x29,x29,1226	 x29:0x47c42000 x29=0x47c424ca
       32322000	      1514	80000368	c20d3f37	lui	x30,0xc20d3	 x30=0xc20d3000
       32342000	      1515	8000036c	73df0f13	addi	x30,x30,1853	 x30:0xc20d3000 x30=0xc20d373d
       32762000	      1536	80000370	4f81	c.li	x31,0	 x31=0x00000000
       32802000	      1538	80000372	00025117	auipc	x2,0x25	  x2=0x80025372
       33222000	      1559	80000376	af210113	addi	x2,x2,-1294	  x2:0x80025372  x2=0x80024e64
       33242000	      1560	8000037a	90000537	lui	x10,0x90000	 x10=0x90000000
       33262000	      1561	8000037e	1571	c.addi	x10,-4	 x10:0x90000000 x10=0x8ffffffc
       33382000	      1567	80000380	4c81	c.li	x25,0	 x25=0x00000000
       33402000	      1568	80000382	0ca2	c.slli	x25,0x8	 x25:0x00000000 x25=0x00000000
       33422000	      1569	80000384	000c8c93	addi	x25,x25,0	 x25:0x00000000 x25=0x00000000
       33482000	      1572	80000388	01952023	sw	x25,0(x10)	 x10:0x8ffffffc x25:0x00000000 PA:0x8ffffffc store:0x00000000 load:0xffffffff
       33502000	      1573	8000038c	1610206f	jal	x0,80002cec	  x0=0x00000000
       33902000	      1593	80002cec	00000917	auipc	x18,0x0	 x18=0x80002cec
       34462000	      1621	80002cf0	36290913	addi	x18,x18,866	 x18:0x80002cec x18=0x8000304e
       34482000	      1622	80002cf4	0ff0000f	fence	iorw,iorw	
       34502000	      1623	80002cf8	0068bb33	sltu	x22,x17,x6	 x17:0xf9d1c758  x6:0xf1b29f3f x22=0x00000000
       34602000	      1628	80002cfc	3c190913	addi	x18,x18,961	 x18:0x8000304e x18=0x8000340f
       35542000	      1675	80002d00	02d9fe33	remu	x28,x19,x13	 x19:0x91004efb x13:0xf8225264 x28=0x91004efb
       46342000	      2215	80002d04	009cd863	bge	x25,x9,80002d14	 x25:0x00000000  x9:0x80000000
       46382000	      2217	80002d14	c3f90267	jalr	x4,-961(x18)	 x18:0x8000340f  x4=0x80002d18
       47122000	      2254	8000304e	00991533	sll	x10,x18,x9	 x18:0x8000340f  x9:0x80000000 x10=0x8000340f
       47142000	      2255	80003052	0eda	c.slli	x29,0x16	 x29:0x47c424ca x29=0x32800000
       47162000	      2256	80003054	fc810113	addi	x2,x2,-56	  x2:0x80024e64  x2=0x80024e2c
       47922000	      2294	80003058	03e3dd33	divu	x26,x7,x30	  x7:0x00000000 x30:0xc20d373d x26=0x00000000
       47942000	      2295	8000305c	017e4733	xor	x14,x28,x23	 x28:0x91004efb x23:0x80000000 x14=0x11004efb
       48002000	      2298	80003060	c212	c.swsp	x4,4(x2)	  x2:0x80024e2c  x4:0x80002d18 PA:0x80024e30 store:0x80002d18 load:0xffffffff
       48022000	      2299	80003062	bf48a993	slti	x19,x17,-1036	 x17:0xf9d1c758 x19=0x00000001
       48042000	      2300	80003066	3ee57e13	andi	x28,x10,1006	 x10:0x8000340f x28=0x0000000e
       48062000	      2301	8000306a	0001	c.addi	x0,0	  x0:0x00000000  x0=0x00000000
       48082000	      2302	8000306c	00b11613	slli	x12,x2,0xb	  x2:0x80024e2c x12=0x12716000
       48122000	      2304	80003070	020fdd33	divu	x26,x31,x0	 x31:0x00000000  x0:0x00000000 x26=0xffffffff
       48142000	      2305	80003074	4585	c.li	x11,1	 x11=0x00000001
       48362000	      2316	80003076	5732ff93	andi	x31,x5,1395	  x5:0x0000000e x31=0x00000002
       48382000	      2317	8000307a	01a85213	srli	x4,x16,0x1a	 x16:0x66a5daa7  x4=0x00000019
       48402000	      2318	8000307e	40615333	sra	x6,x2,x6	  x2:0x80024e2c  x6:0xf1b29f3f  x6=0xffffffff
       49142000	      2355	80003082	022173b3	remu	x7,x2,x2	  x2:0x80024e2c  x2:0x80024e2c  x7=0x00000000
       49162000	      2356	80003086	01d1b633	sltu	x12,x3,x29	  x3:0x80000000 x29:0x32800000 x12=0x00000000
       49182000	      2357	8000308a	0001	c.addi	x0,0	  x0:0x00000000  x0=0x00000000
       49202000	      2358	8000308c	4bb5	c.li	x23,13	 x23=0x0000000d
       49222000	      2359	8000308e	bf565817	auipc	x16,0xbf565	 x16=0x3f56808e
       49242000	      2360	80003092	0000100f	fence.i	
       49582000	      2377	80003096	a716eb13	ori	x22,x13,-1423	 x13:0xf8225264 x22=0xfffffa75
       49602000	      2378	8000309a	05a5	c.addi	x11,9	 x11:0x00000001 x11=0x0000000a
       49962000	      2396	8000309c	029e10b3	mulh	x1,x28,x9	 x28:0x0000000e  x9:0x80000000  x1=0xfffffff9
       49982000	      2397	800030a0	5ce5	c.li	x25,-7	 x25=0xfffffff9
       50002000	      2398	800030a2	014df0b3	and	x1,x27,x20	 x27:0xf6358b8b x20:0x00000000  x1=0x00000000
       50022000	      2399	800030a6	00201713	slli	x14,x0,0x2	  x0:0x00000000 x14=0x00000000
       50282000	      2412	800030aa	f7128693	addi	x13,x5,-143	  x5:0x0000000e x13=0xffffff7f
       50302000	      2413	800030ae	595d	c.li	x18,-9	 x18=0xfffffff7
       50322000	      2414	800030b0	869a	c.mv	x13,x6	  x0:0x00000000  x6:0xffffffff x13=0xffffffff
       50342000	      2415	800030b2	8621	c.srai	x12,0x8	 x12:0x00000000 x12=0x00000000
       50362000	      2416	800030b4	1cf9	c.addi	x25,-2	 x25:0xfffffff9 x25=0xfffffff7
       51102000	      2453	800030b6	028b5f33	divu	x30,x22,x8	 x22:0xfffffa75  x8:0x4a55aa22 x30=0x00000003
       51842000	      2490	800030ba	0254d533	divu	x10,x9,x5	  x9:0x80000000  x5:0x0000000e x10=0x09249249
       51862000	      2491	800030be	009a1033	sll	x0,x20,x9	 x20:0x00000000  x9:0x80000000  x0=0x00000000
       51882000	      2492	800030c2	ff2cd7e3	bge	x25,x18,800030b0	 x25:0xfffffff7 x18:0xfffffff7
       52162000	      2506	800030b0	869a	c.mv	x13,x6	  x0:0x00000000  x6:0xffffffff x13=0xffffffff
       52182000	      2507	800030b2	8621	c.srai	x12,0x8	 x12:0x00000000 x12=0x00000000
       52202000	      2508	800030b4	1cf9	c.addi	x25,-2	 x25:0xfffffff7 x25=0xfffffff5
       52942000	      2545	800030b6	028b5f33	divu	x30,x22,x8	 x22:0xfffffa75  x8:0x4a55aa22 x30=0x00000003
       53682000	      2582	800030ba	0254d533	divu	x10,x9,x5	  x9:0x80000000  x5:0x0000000e x10=0x09249249
       53702000	      2583	800030be	009a1033	sll	x0,x20,x9	 x20:0x00000000  x9:0x80000000  x0=0x00000000
       53722000	      2584	800030c2	ff2cd7e3	bge	x25,x18,800030b0	 x25:0xfffffff5 x18:0xfffffff7
       54462000	      2621	800030c6	032dc2b3	div	x5,x27,x18	 x27:0xf6358b8b x18:0xfffffff7  x5=0x01167eb7
       54482000	      2622	800030ca	fd75e6e3	bltu	x11,x23,80003096	 x11:0x0000000a x23:0x0000000d
       54782000	      2637	80003096	a716eb13	ori	x22,x13,-1423	 x13:0xffffffff x22=0xffffffff
       54802000	      2638	8000309a	05a5	c.addi	x11,9	 x11:0x0000000a x11=0x00000013
       54842000	      2640	8000309c	029e10b3	mulh	x1,x28,x9	 x28:0x0000000e  x9:0x80000000  x1=0xfffffff9
       54862000	      2641	800030a0	5ce5	c.li	x25,-7	 x25=0xfffffff9
       54882000	      2642	800030a2	014df0b3	and	x1,x27,x20	 x27:0xf6358b8b x20:0x00000000  x1=0x00000000
       55262000	      2661	800030a6	00201713	slli	x14,x0,0x2	  x0:0x00000000 x14=0x00000000
       55362000	      2666	800030aa	f7128693	addi	x13,x5,-143	  x5:0x01167eb7 x13=0x01167e28
       55382000	      2667	800030ae	595d	c.li	x18,-9	 x18=0xfffffff7
       55402000	      2668	800030b0	869a	c.mv	x13,x6	  x0:0x00000000  x6:0xffffffff x13=0xffffffff
       55422000	      2669	800030b2	8621	c.srai	x12,0x8	 x12:0x00000000 x12=0x00000000
       55442000	      2670	800030b4	1cf9	c.addi	x25,-2	 x25:0xfffffff9 x25=0xfffffff7
       56182000	      2707	800030b6	028b5f33	divu	x30,x22,x8	 x22:0xffffffff  x8:0x4a55aa22 x30=0x00000003
       56922000	      2744	800030ba	0254d533	divu	x10,x9,x5	  x9:0x80000000  x5:0x01167eb7 x10=0x00000075
       56942000	      2745	800030be	009a1033	sll	x0,x20,x9	 x20:0x00000000  x9:0x80000000  x0=0x00000000
       56962000	      2746	800030c2	ff2cd7e3	bge	x25,x18,800030b0	 x25:0xfffffff7 x18:0xfffffff7
       57002000	      2748	800030b0	869a	c.mv	x13,x6	  x0:0x00000000  x6:0xffffffff x13=0xffffffff
       57022000	      2749	800030b2	8621	c.srai	x12,0x8	 x12:0x00000000 x12=0x00000000
       57042000	      2750	800030b4	1cf9	c.addi	x25,-2	 x25:0xfffffff7 x25=0xfffffff5
       57782000	      2787	800030b6	028b5f33	divu	x30,x22,x8	 x22:0xffffffff  x8:0x4a55aa22 x30=0x00000003
       58522000	      2824	800030ba	0254d533	divu	x10,x9,x5	  x9:0x80000000  x5:0x01167eb7 x10=0x00000075
       58542000	      2825	800030be	009a1033	sll	x0,x20,x9	 x20:0x00000000  x9:0x80000000  x0=0x00000000
       58562000	      2826	800030c2	ff2cd7e3	bge	x25,x18,800030b0	 x25:0xfffffff5 x18:0xfffffff7
       59302000	      2863	800030c6	032dc2b3	div	x5,x27,x18	 x27:0xf6358b8b x18:0xfffffff7  x5=0x01167eb7
       59322000	      2864	800030ca	fd75e6e3	bltu	x11,x23,80003096	 x11:0x00000013 x23:0x0000000d
       59342000	      2865	800030ce	807d	c.srli	x8,0x1f	  x8:0x4a55aa22  x8=0x00000000
       59362000	      2866	800030d0	5f61	c.li	x30,-8	 x30=0xfffffff8
       59382000	      2867	800030d2	5745	c.li	x14,-15	 x14=0xfffffff1
       59402000	      2868	800030d4	19b48e13	addi	x28,x9,411	  x9:0x80000000 x28=0x8000019b
       59422000	      2869	800030d8	269afe13	andi	x28,x21,617	 x21:0x00000009 x28=0x00000009
       59442000	      2870	800030dc	1f65	c.addi	x30,-7	 x30:0xfffffff8 x30=0xfffffff1
       59462000	      2871	800030de	5479	c.li	x8,-2	  x8=0xfffffffe
       59522000	      2874	800030e0	4895	c.li	x17,5	 x17=0x00000005
       59562000	      2876	800030e2	03141bb3	mulh	x23,x8,x17	  x8:0xfffffffe x17:0x00000005 x23=0xffffffff
       59582000	      2877	800030e6	0001	c.addi	x0,0	  x0:0x00000000  x0=0x00000000
       59702000	      2883	800030e8	041d	c.addi	x8,7	  x8:0xfffffffe  x8=0x00000005
       59922000	      2894	800030ea	ff141ee3	bne	x8,x17,800030e6	  x8:0x00000005 x17:0x00000005
       60342000	      2915	800030ee	feef13e3	bne	x30,x14,800030d4	 x30:0xfffffff1 x14:0xfffffff1
       60522000	      2924	800030f2	025f9db3	mulh	x27,x31,x5	 x31:0x00000002  x5:0x01167eb7 x27=0x00000000
       60542000	      2925	800030f6	4895	c.li	x17,5	 x17=0x00000005
       60822000	      2939	800030f8	00c84233	xor	x4,x16,x12	 x16:0x3f56808e x12:0x00000000  x4=0x3f56808e
       60842000	      2940	800030fc	0ded	c.addi	x27,27	 x27:0x00000000 x27=0x0000001b
       60862000	      2941	800030fe	01c2	c.slli	x3,0x10	  x3:0x80000000  x3=0x00000000
       60882000	      2942	80003100	0716	c.slli	x14,0x5	 x14:0xfffffff1 x14=0xfffffe20
       61282000	      2962	80003102	005075b3	and	x11,x0,x5	  x0:0x00000000  x5:0x01167eb7 x11=0x00000000
       61302000	      2963	80003106	61f9	c.lui	x3,0x1e	  x3=0x0001e000
       61642000	      2980	80003108	440d	c.li	x8,3	  x8=0x00000003
       61662000	      2981	8000310a	971a	c.add	x14,x6	 x14:0xfffffe20  x6:0xffffffff x14=0xfffffe1f
       61802000	      2988	8000310c	2dd26013	ori	x0,x4,733	  x4:0x3f56808e  x0=0x00000000
       61922000	      2994	80003110	0001	c.addi	x0,0	  x0:0x00000000  x0=0x00000000
       61942000	      2995	80003112	18fd	c.addi	x17,-1	 x17:0x00000005 x17=0x00000004
       62302000	      3013	80003114	a6db4db7	lui	x27,0xa6db4	 x27=0xa6db4000
       62722000	      3034	80003118	007af0b3	and	x1,x21,x7	 x21:0x00000009  x7:0x00000000  x1=0x00000000
       62742000	      3035	8000311c	0a66	c.slli	x20,0x19	 x20:0x00000000 x20=0x00000000
       62762000	      3036	8000311e	007cb533	sltu	x10,x25,x7	 x25:0xfffffff5  x7:0x00000000 x10=0x00000000
       63502000	      3073	80003122	02dbebb3	rem	x23,x23,x13	 x23:0xffffffff x13:0xffffffff x23=0x00000000
       63522000	      3074	80003126	fe88f3e3	bgeu	x17,x8,8000310c	 x17:0x00000004  x8:0x00000003
       63562000	      3076	8000310c	2dd26013	ori	x0,x4,733	  x4:0x3f56808e  x0=0x00000000
       63582000	      3077	80003110	0001	c.addi	x0,0	  x0:0x00000000  x0=0x00000000
       63602000	      3078	80003112	18fd	c.addi	x17,-1	 x17:0x00000004 x17=0x00000003
       63622000	      3079	80003114	a6db4db7	lui	x27,0xa6db4	 x27=0xa6db4000
       63642000	      3080	80003118	007af0b3	and	x1,x21,x7	 x21:0x00000009  x7:0x00000000  x1=0x00000000
       63662000	      3081	8000311c	0a66	c.slli	x20,0x19	 x20:0x00000000 x20=0x00000000
       63682000	      3082	8000311e	007cb533	sltu	x10,x25,x7	 x25:0xfffffff5  x7:0x00000000 x10=0x00000000
       64422000	      3119	80003122	02dbebb3	rem	x23,x23,x13	 x23:0x00000000 x13:0xffffffff x23=0x00000000
       64442000	      3120	80003126	fe88f3e3	bgeu	x17,x8,8000310c	 x17:0x00000003  x8:0x00000003
       64482000	      3122	8000310c	2dd26013	ori	x0,x4,733	  x4:0x3f56808e  x0=0x00000000
       64502000	      3123	80003110	0001	c.addi	x0,0	  x0:0x00000000  x0=0x00000000
       64522000	      3124	80003112	18fd	c.addi	x17,-1	 x17:0x00000003 x17=0x00000002
       64542000	      3125	80003114	a6db4db7	lui	x27,0xa6db4	 x27=0xa6db4000
       64562000	      3126	80003118	007af0b3	and	x1,x21,x7	 x21:0x00000009  x7:0x00000000  x1=0x00000000
       64582000	      3127	8000311c	0a66	c.slli	x20,0x19	 x20:0x00000000 x20=0x00000000
       64602000	      3128	8000311e	007cb533	sltu	x10,x25,x7	 x25:0xfffffff5  x7:0x00000000 x10=0x00000000
       65342000	      3165	80003122	02dbebb3	rem	x23,x23,x13	 x23:0x00000000 x13:0xffffffff x23=0x00000000
       65362000	      3166	80003126	fe88f3e3	bgeu	x17,x8,8000310c	 x17:0x00000002  x8:0x00000003
       65382000	      3167	8000312a	1d6c0a37	lui	x20,0x1d6c0	 x20=0x1d6c0000
       65402000	      3168	8000312e	56e5	c.li	x13,-7	 x13=0xfffffff9
       65422000	      3169	80003130	1a0aaf93	slti	x31,x21,416	 x21:0x00000009 x31=0x00000001
       65442000	      3170	80003134	0001	c.addi	x0,0	  x0:0x00000000  x0=0x00000000
       65462000	      3171	80003136	3ec6b193	sltiu	x3,x13,1004	 x13:0xfffffff9  x3=0x00000000
       65482000	      3172	8000313a	8d998193	addi	x3,x19,-1831	 x19:0x00000001  x3=0xfffff8da
       65502000	      3173	8000313e	0001	c.addi	x0,0	  x0:0x00000000  x0=0x00000000
       65662000	      3181	80003140	069d	c.addi	x13,7	 x13:0xfffffff9 x13=0x00000000
       65682000	      3182	80003142	49a1	c.li	x19,8	 x19=0x00000008
       65942000	      3195	80003144	007ead33	slt	x26,x29,x7	 x29:0x32800000  x7:0x00000000 x26=0x00000000
       65962000	      3196	80003148	5bd5	c.li	x23,-11	 x23=0xfffffff5
       65982000	      3197	8000314a	53fd	c.li	x7,-1	  x7=0xffffffff
       66162000	      3206	8000314c	c3b03093	sltiu	x1,x0,-965	  x0:0x00000000  x1=0x00000001
       66182000	      3207	80003150	19e1	c.addi	x19,-8	 x19:0x00000008 x19=0x00000000
       66202000	      3208	80003152	ff79dce3	bge	x19,x23,8000314a	 x19:0x00000000 x23:0xfffffff5
       66242000	      3210	8000314a	53fd	c.li	x7,-1	  x7=0xffffffff
       66262000	      3211	8000314c	c3b03093	sltiu	x1,x0,-965	  x0:0x00000000  x1=0x00000001
       66402000	      3218	80003150	19e1	c.addi	x19,-8	 x19:0x00000000 x19=0xfffffff8
       66422000	      3219	80003152	ff79dce3	bge	x19,x23,8000314a	 x19:0xfffffff8 x23:0xfffffff5
       66462000	      3221	8000314a	53fd	c.li	x7,-1	  x7=0xffffffff
       66482000	      3222	8000314c	c3b03093	sltiu	x1,x0,-965	  x0:0x00000000  x1=0x00000001
       66522000	      3224	80003150	19e1	c.addi	x19,-8	 x19:0xfffffff8 x19=0xfffffff0
       66542000	      3225	80003152	ff79dce3	bge	x19,x23,8000314a	 x19:0xfffffff0 x23:0xfffffff5
       66562000	      3226	80003156	f2f5	c.bnez	x13,8000313a	 x13:0x00000000
       66582000	      3227	80003158	876d	c.srai	x14,0x1b	 x14:0xfffffe1f x14=0xffffffff
       66602000	      3228	8000315a	4ca1	c.li	x25,8	 x25=0x00000008
       66622000	      3229	8000315c	8589	c.srai	x11,0x2	 x11:0x00000000 x11=0x00000000
       66642000	      3230	8000315e	8d55	c.or	x10,x13	 x10:0x00000000 x13:0x00000000 x10=0x00000000
       66922000	      3244	80003160	53d9	c.li	x7,-10	  x7=0xfffffff6
       66942000	      3245	80003162	01a3d893	srli	x17,x7,0x1a	  x7:0xfffffff6 x17=0x0000003f
       66962000	      3246	80003166	d1af7493	andi	x9,x30,-742	 x30:0xfffffff1  x9=0xfffffd10
       66982000	      3247	8000316a	033e	c.slli	x6,0xf	  x6:0xffffffff  x6=0xffff8000
       82782000	      4037	8000316c	c1615697	auipc	x13,0xc1615	 x13=0x4161816c
       82802000	      4038	80003170	0e55	c.addi	x28,21	 x28:0x00000009 x28=0x0000001e
       82822000	      4039	80003172	1ce9	c.addi	x25,-6	 x25:0x00000008 x25=0x00000002
       82842000	      4040	80003174	011a4e33	xor	x28,x20,x17	 x20:0x1d6c0000 x17:0x0000003f x28=0x1d6c003f
       83022000	      4049	80003178	fe7c87e3	beq	x25,x7,80003166	 x25:0x00000002  x7:0xfffffff6
       83762000	      4086	8000317c	031242b3	div	x5,x4,x17	  x4:0x3f56808e x17:0x0000003f  x5=0x01015f80
       83782000	      4087	80003180	4c21	c.li	x24,8	 x24=0x00000008
       83802000	      4088	80003182	489d	c.li	x17,7	 x17=0x00000007
       83822000	      4089	80003184	015c31b3	sltu	x3,x24,x21	 x24:0x00000008 x21:0x00000009  x3=0x00000001
       83842000	      4090	80003188	01caf433	and	x8,x21,x28	 x21:0x00000009 x28:0x1d6c003f  x8=0x00000009
       83862000	      4091	8000318c	8a4d	c.andi	x12,19	 x12:0x00000000 x12=0x00000000
       83882000	      4092	8000318e	1c71	c.addi	x24,-4	 x24:0x00000008 x24=0x00000004
       83902000	      4093	80003190	0eee	c.slli	x29,0x1b	 x29:0x32800000 x29=0x00000000
       83922000	      4094	80003192	8de5	c.and	x11,x9	 x11:0x00000000  x9:0xfffffd10 x11=0x00000000
       83942000	      4095	80003194	402f5533	sra	x10,x30,x2	 x30:0xfffffff1  x2:0x80024e2c x10=0xffffffff
       84062000	      4101	80003198	d1dbbb13	sltiu	x22,x23,-739	 x23:0xfffffff5 x22=0x00000000
       84142000	      4105	8000319c	7be27993	andi	x19,x4,1982	  x4:0x3f56808e x19=0x0000008e
       84162000	      4106	800031a0	8db5	c.xor	x11,x13	 x11:0x00000000 x13:0x4161816c x11=0x4161816c
       84182000	      4107	800031a2	ff1c75e3	bgeu	x24,x17,8000318c	 x24:0x00000004 x17:0x00000007
       84322000	      4114	800031a6	bf7cb293	sltiu	x5,x25,-1033	 x25:0x00000002  x5=0x00000001
       84342000	      4115	800031aa	4591	c.li	x11,4	 x11=0x00000004
       84362000	      4116	800031ac	00559f13	slli	x30,x11,0x5	 x11:0x00000004 x30=0x00000080
       84762000	      4136	800031b0	8c71	c.and	x8,x12	  x8:0x00000009 x12:0x00000000  x8=0x00000000
       85002000	      4148	800031b2	0042e493	ori	x9,x5,4	  x5:0x00000001  x9=0x00000005
       85022000	      4149	800031b6	13fd	c.addi	x7,-1	  x7:0xfffffff6  x7=0xfffffff5
       85042000	      4150	800031b8	0001	c.addi	x0,0	  x0:0x00000000  x0=0x00000000
       85062000	      4151	800031ba	8d55	c.or	x10,x13	 x10:0xffffffff x13:0x4161816c x10=0xffffffff
       85442000	      4170	800031bc	9980cb93	xori	x23,x1,-1640	  x1:0x00000001 x23=0xfffff999
       85462000	      4171	800031c0	1c7d	c.addi	x24,-1	 x24:0x00000004 x24=0x00000003
       85482000	      4172	800031c2	15f9	c.addi	x11,-2	 x11:0x00000004 x11=0x00000002
       85502000	      4173	800031c4	4229	c.li	x4,10	  x4=0x0000000a
       85522000	      4174	800031c6	4715	c.li	x14,5	 x14=0x00000005
       85642000	      4180	800031c8	8e71	c.and	x12,x12	 x12:0x00000000 x12:0x00000000 x12=0x00000000
       86082000	      4202	800031ca	02b3a333	mulhsu	x6,x7,x11	  x7:0xfffffff5 x11:0x00000002  x6=0xffffffff
       86102000	      4203	800031ce	8e01	c.sub	x12,x8	 x12:0x00000000  x8:0x00000000 x12=0x00000000
       86122000	      4204	800031d0	126d	c.addi	x4,-5	  x4:0x0000000a  x4=0x00000005
       86142000	      4205	800031d2	0b22	c.slli	x22,0x8	 x22:0x00000000 x22=0x00000000
       86502000	      4223	800031d4	037b08b3	mul	x17,x22,x23	 x22:0x00000000 x23:0xfffff999 x17=0x00000000
       86522000	      4224	800031d8	fee20be3	beq	x4,x14,800031ce	  x4:0x00000005 x14:0x00000005
       86562000	      4226	800031ce	8e01	c.sub	x12,x8	 x12:0x00000000  x8:0x00000000 x12=0x00000000
       86582000	      4227	800031d0	126d	c.addi	x4,-5	  x4:0x00000005  x4=0x00000000
       86602000	      4228	800031d2	0b22	c.slli	x22,0x8	 x22:0x00000000 x22=0x00000000
       86622000	      4229	800031d4	037b08b3	mul	x17,x22,x23	 x22:0x00000000 x23:0xfffff999 x17=0x00000000
       86642000	      4230	800031d8	fee20be3	beq	x4,x14,800031ce	  x4:0x00000000 x14:0x00000005
       86662000	      4231	800031dc	0189d613	srli	x12,x19,0x18	 x19:0x0000008e x12=0x00000000
       86682000	      4232	800031e0	8d7d	c.and	x10,x15	 x10:0xffffffff x15:0x80028ce4 x10=0x80028ce4
       86702000	      4233	800031e2	00927eb3	and	x29,x4,x9	  x4:0x00000000  x9:0x00000005 x29=0x00000000
       86722000	      4234	800031e6	d9f9	c.beqz	x11,800031bc	 x11:0x00000002
       86902000	      4243	800031e8	8422	c.mv	x8,x8	  x0:0x00000000  x8:0x00000000  x8=0x00000000
       86922000	      4244	800031ea	4411	c.li	x8,4	  x8=0x00000004
       87322000	      4264	800031ec	9306	c.add	x6,x1	  x6:0xffffffff  x1:0x00000001  x6=0x00000000
       87342000	      4265	800031ee	4f0d	c.li	x30,3	 x30=0x00000003
       87362000	      4266	800031f0	1e0c	c.addi4spn	x11,x2,816	 x11=0x8002515c
       87382000	      4267	800031f2	147d	c.addi	x8,-1	  x8:0x00000004  x8=0x00000003
       87402000	      4268	800031f4	ffe47ee3	bgeu	x8,x30,800031f0	  x8:0x00000003 x30:0x00000003
       87442000	      4270	800031f0	1e0c	c.addi4spn	x11,x2,816	 x11=0x8002515c
       87462000	      4271	800031f2	147d	c.addi	x8,-1	  x8:0x00000003  x8=0x00000002
       87482000	      4272	800031f4	ffe47ee3	bgeu	x8,x30,800031f0	  x8:0x00000002 x30:0x00000003
       88682000	      4332	800031f8	032644b3	div	x9,x12,x18	 x12:0x00000000 x18:0xfffffff7  x9=0x00000000
       88702000	      4333	800031fc	5279	c.li	x4,-2	  x4=0xfffffffe
       88722000	      4334	800031fe	0b5d	c.addi	x22,23	 x22:0x00000000 x22=0x00000017
       88742000	      4335	80003200	0001	c.addi	x0,0	  x0:0x00000000  x0=0x00000000
       88762000	      4336	80003202	0001	c.addi	x0,0	  x0:0x00000000  x0=0x00000000
       89502000	      4373	80003204	033f65b3	rem	x11,x30,x19	 x30:0x00000003 x19:0x0000008e x11=0x00000003
       89522000	      4374	80003208	00089c13	slli	x24,x17,0x0	 x17:0x00000000 x24=0x00000000
       89562000	      4376	8000320c	0254af33	mulhsu	x30,x9,x5	  x9:0x00000000  x5:0x00000001 x30=0x00000000
       89582000	      4377	80003210	418a8cb3	sub	x25,x21,x24	 x21:0x00000009 x24:0x00000000 x25=0x00000009
       89602000	      4378	80003214	41555033	sra	x0,x10,x21	 x10:0x80028ce4 x21:0x00000009  x0=0x00000000
       89622000	      4379	80003218	4389	c.li	x7,2	  x7=0x00000002
       89662000	      4381	8000321a	02cc6bb3	rem	x23,x24,x12	 x24:0x00000000 x12:0x00000000 x23=0x00000000
       89682000	      4382	8000321e	0001	c.addi	x0,0	  x0:0x00000000  x0=0x00000000
       89702000	      4383	80003220	40b50733	sub	x14,x10,x11	 x10:0x80028ce4 x11:0x00000003 x14=0x80028ce1
       89722000	      4384	80003224	01ff20b3	slt	x1,x30,x31	 x30:0x00000000 x31:0x00000001  x1=0x00000001
       89742000	      4385	80003228	0037fdb3	and	x27,x15,x3	 x15:0x80028ce4  x3:0x00000001 x27=0x00000000
       89762000	      4386	8000322c	00014f33	xor	x30,x2,x0	  x2:0x80024e2c  x0:0x00000000 x30=0x80024e2c
       89782000	      4387	80003230	0229	c.addi	x4,10	  x4:0xfffffffe  x4=0x00000008
       89822000	      4389	80003232	02ddb933	mulhu	x18,x27,x13	 x27:0x00000000 x13:0x4161816c x18=0x00000000
       89842000	      4390	80003236	0000100f	fence.i	
       90042000	      4400	8000323a	8d01	c.sub	x10,x8	 x10:0x80028ce4  x8:0x00000002 x10=0x80028ce2
       90182000	      4407	8000323c	0245bdb3	mulhu	x27,x11,x4	 x11:0x00000003  x4:0x00000008 x27=0x00000000
       90302000	      4413	80003240	8b55	c.andi	x14,21	 x14:0x80028ce1 x14=0x00000001
       90382000	      4417	80003242	e3f9c693	xori	x13,x19,-449	 x19:0x0000008e x13=0xfffffeb1
       90402000	      4418	80003246	fc724fe3	blt	x4,x7,80003224	  x4:0x00000008  x7:0x00000002
       90762000	      4436	8000324a	2df4ff93	andi	x31,x9,735	  x9:0x00000000 x31=0x00000000
       90782000	      4437	8000324e	5561	c.li	x10,-8	 x10=0xfffffff8
       90882000	      4442	80003250	66bd	c.lui	x13,0xf	 x13=0x0000f000
       90902000	      4443	80003252	01ab5713	srli	x14,x22,0x1a	 x22:0x00000017 x14=0x00000000
       90922000	      4444	80003256	59f9	c.li	x19,-2	 x19=0xfffffffe
       91142000	      4455	80003258	014a0b33	add	x22,x20,x20	 x20:0x1d6c0000 x20:0x1d6c0000 x22=0x3ad80000
       91162000	      4456	8000325c	0001	c.addi	x0,0	  x0:0x00000000  x0=0x00000000
       91222000	      4459	8000325e	6757c813	xori	x16,x15,1653	 x15:0x80028ce4 x16=0x80028a91
       91242000	      4460	80003262	0509	c.addi	x10,2	 x10:0xfffffff8 x10=0xfffffffa
       91262000	      4461	80003264	01a12cb3	slt	x25,x2,x26	  x2:0x80024e2c x26:0x00000000 x25=0x00000001
       91302000	      4463	80003268	03f23eb3	mulhu	x29,x4,x31	  x4:0x00000008 x31:0x00000000 x29=0x00000000
       91322000	      4464	8000326c	00e52cb3	slt	x25,x10,x14	 x10:0xfffffffa x14:0x00000000 x25=0x00000001
       91582000	      4477	80003270	ff3546e3	blt	x10,x19,8000325c	 x10:0xfffffffa x19:0xfffffffe
       91802000	      4488	8000325c	0001	c.addi	x0,0	  x0:0x00000000  x0=0x00000000
       92222000	      4509	8000325e	6757c813	xori	x16,x15,1653	 x15:0x80028ce4 x16=0x80028a91
       92242000	      4510	80003262	0509	c.addi	x10,2	 x10:0xfffffffa x10=0xfffffffc
       92442000	      4520	80003264	01a12cb3	slt	x25,x2,x26	  x2:0x80024e2c x26:0x00000000 x25=0x00000001
       92862000	      4541	80003268	03f23eb3	mulhu	x29,x4,x31	  x4:0x00000008 x31:0x00000000 x29=0x00000000
       92922000	      4544	8000326c	00e52cb3	slt	x25,x10,x14	 x10:0xfffffffc x14:0x00000000 x25=0x00000001
       93162000	      4556	80003270	ff3546e3	blt	x10,x19,8000325c	 x10:0xfffffffc x19:0xfffffffe
       93962000	      4596	8000325c	0001	c.addi	x0,0	  x0:0x00000000  x0=0x00000000
       94382000	      4617	8000325e	6757c813	xori	x16,x15,1653	 x15:0x80028ce4 x16=0x80028a91
       94402000	      4618	80003262	0509	c.addi	x10,2	 x10:0xfffffffc x10=0xfffffffe
       94422000	      4619	80003264	01a12cb3	slt	x25,x2,x26	  x2:0x80024e2c x26:0x00000000 x25=0x00000001
       94462000	      4621	80003268	03f23eb3	mulhu	x29,x4,x31	  x4:0x00000008 x31:0x00000000 x29=0x00000000
       94482000	      4622	8000326c	00e52cb3	slt	x25,x10,x14	 x10:0xfffffffe x14:0x00000000 x25=0x00000001
       94542000	      4625	80003270	ff3546e3	blt	x10,x19,8000325c	 x10:0xfffffffe x19:0xfffffffe
       94562000	      4626	80003274	00680db3	add	x27,x16,x6	 x16:0x80028a91  x6:0x00000000 x27=0x80028a91
       94882000	      4642	80003278	5461	c.li	x8,-8	  x8=0xfffffff8
       94902000	      4643	8000327a	07809817	auipc	x16,0x7809	 x16=0x8780c27a
       94922000	      4644	8000327e	85e1	c.srai	x11,0x18	 x11:0x00000003 x11=0x00000000
       94942000	      4645	80003280	8d65	c.and	x10,x9	 x10:0xfffffffe  x9:0x00000000 x10=0x00000000
       94962000	      4646	80003282	0001	c.addi	x0,0	  x0:0x00000000  x0=0x00000000
       95002000	      4648	80003284	16fd	c.addi	x13,-1	 x13:0x0000f000 x13=0x0000efff
       95022000	      4649	80003286	8ef5	c.and	x13,x13	 x13:0x0000efff x13:0x0000efff x13=0x0000efff
       95082000	      4652	80003288	010a4c33	xor	x24,x20,x16	 x20:0x1d6c0000 x16:0x8780c27a x24=0x9aecc27a
       95102000	      4653	8000328c	40598333	sub	x6,x19,x5	 x19:0xfffffffe  x5:0x00000001  x6=0xfffffffd
       95242000	      4660	80003290	9afd	c.andi	x13,-1	 x13:0x0000efff x13=0x0000efff
       95262000	      4661	80003292	0421	c.addi	x8,8	  x8:0xfffffff8  x8=0x00000000
       95382000	      4667	80003294	00c82933	slt	x18,x16,x12	 x16:0x8780c27a x12:0x00000000 x18=0x00000001
       95422000	      4669	80003298	02cec6b3	div	x13,x29,x12	 x29:0x00000000 x12:0x00000000 x13=0xffffffff
       95442000	      4670	8000329c	8816	c.mv	x16,x5	  x0:0x00000000  x5:0x00000001 x16=0x00000001
       95462000	      4671	8000329e	4d8d	c.li	x27,3	 x27=0x00000003
       95482000	      4672	800032a0	0192bd33	sltu	x26,x5,x25	  x5:0x00000001 x25:0x00000001 x26=0x00000000
       95502000	      4673	800032a4	4ec5	c.li	x29,17	 x29=0x00000011
       95522000	      4674	800032a6	00394533	xor	x10,x18,x3	 x18:0x00000001  x3:0x00000001 x10=0x00000000
       96642000	      4730	800032aa	023b6d33	rem	x26,x22,x3	 x22:0x3ad80000  x3:0x00000001 x26=0x00000000
       96662000	      4731	800032ae	0c8c	c.addi4spn	x11,x2,592	 x11=0x8002507c
       96682000	      4732	800032b0	0da9	c.addi	x27,10	 x27:0x00000003 x27=0x0000000d
       96702000	      4733	800032b2	d3e43393	sltiu	x7,x8,-706	  x8:0x00000000  x7=0x00000001
       96722000	      4734	800032b6	5c8aaf13	slti	x30,x21,1480	 x21:0x00000009 x30=0x00000001
       96742000	      4735	800032ba	ffddeae3	bltu	x27,x29,800032ae	 x27:0x0000000d x29:0x00000011
       96782000	      4737	800032ae	0c8c	c.addi4spn	x11,x2,592	 x11=0x8002507c
       96802000	      4738	800032b0	0da9	c.addi	x27,10	 x27:0x0000000d x27=0x00000017
       96822000	      4739	800032b2	d3e43393	sltiu	x7,x8,-706	  x8:0x00000000  x7=0x00000001
       96842000	      4740	800032b6	5c8aaf13	slti	x30,x21,1480	 x21:0x00000009 x30=0x00000001
       96862000	      4741	800032ba	ffddeae3	bltu	x27,x29,800032ae	 x27:0x00000017 x29:0x00000011
       97442000	      4770	800032be	f9263093	sltiu	x1,x12,-110	 x12:0x00000000  x1=0x00000001
       97462000	      4771	800032c2	d071	c.beqz	x8,80003286	  x8:0x00000000
       98202000	      4808	80003286	8ef5	c.and	x13,x13	 x13:0xffffffff x13:0xffffffff x13=0xffffffff
       98662000	      4831	80003288	010a4c33	xor	x24,x20,x16	 x20:0x1d6c0000 x16:0x00000001 x24=0x1d6c0001
       98922000	      4844	8000328c	40598333	sub	x6,x19,x5	 x19:0xfffffffe  x5:0x00000001  x6=0xfffffffd
       98942000	      4845	80003290	9afd	c.andi	x13,-1	 x13:0xffffffff x13=0xffffffff
       98962000	      4846	80003292	0421	c.addi	x8,8	  x8:0x00000000  x8=0x00000008
       98982000	      4847	80003294	00c82933	slt	x18,x16,x12	 x16:0x00000001 x12:0x00000000 x18=0x00000000
       99082000	      4852	80003298	02cec6b3	div	x13,x29,x12	 x29:0x00000011 x12:0x00000000 x13=0xffffffff
       99162000	      4856	8000329c	8816	c.mv	x16,x5	  x0:0x00000000  x5:0x00000001 x16=0x00000001
       99182000	      4857	8000329e	4d8d	c.li	x27,3	 x27=0x00000003
       99202000	      4858	800032a0	0192bd33	sltu	x26,x5,x25	  x5:0x00000001 x25:0x00000001 x26=0x00000000
       99222000	      4859	800032a4	4ec5	c.li	x29,17	 x29=0x00000011
       99242000	      4860	800032a6	00394533	xor	x10,x18,x3	 x18:0x00000000  x3:0x00000001 x10=0x00000001
       99982000	      4897	800032aa	023b6d33	rem	x26,x22,x3	 x22:0x3ad80000  x3:0x00000001 x26=0x00000000
      100002000	      4898	800032ae	0c8c	c.addi4spn	x11,x2,592	 x11=0x8002507c
      100022000	      4899	800032b0	0da9	c.addi	x27,10	 x27:0x00000003 x27=0x0000000d
      100042000	      4900	800032b2	d3e43393	sltiu	x7,x8,-706	  x8:0x00000008  x7=0x00000001
      100062000	      4901	800032b6	5c8aaf13	slti	x30,x21,1480	 x21:0x00000009 x30=0x00000001
      100082000	      4902	800032ba	ffddeae3	bltu	x27,x29,800032ae	 x27:0x0000000d x29:0x00000011
      100122000	      4904	800032ae	0c8c	c.addi4spn	x11,x2,592	 x11=0x8002507c
      100142000	      4905	800032b0	0da9	c.addi	x27,10	 x27:0x0000000d x27=0x00000017
      100162000	      4906	800032b2	d3e43393	sltiu	x7,x8,-706	  x8:0x00000008  x7=0x00000001
      100182000	      4907	800032b6	5c8aaf13	slti	x30,x21,1480	 x21:0x00000009 x30=0x00000001
      100202000	      4908	800032ba	ffddeae3	bltu	x27,x29,800032ae	 x27:0x00000017 x29:0x00000011
      100222000	      4909	800032be	f9263093	sltiu	x1,x12,-110	 x12:0x00000000  x1=0x00000001
      100242000	      4910	800032c2	d071	c.beqz	x8,80003286	  x8:0x00000008
      100262000	      4911	800032c4	41d85633	sra	x12,x16,x29	 x16:0x00000001 x29:0x00000011 x12=0x00000000
      100282000	      4912	800032c8	4b09	c.li	x22,2	 x22=0x00000002
      100302000	      4913	800032ca	01468eb3	add	x29,x13,x20	 x13:0xffffffff x20:0x1d6c0000 x29=0x1d6bffff
      100322000	      4914	800032ce	59610c93	addi	x25,x2,1430	  x2:0x80024e2c x25=0x800253c2
      100342000	      4915	800032d2	5255	c.li	x4,-11	  x4=0xfffffff5
      100382000	      4917	800032d4	030234b3	mulhu	x9,x4,x16	  x4:0xfffffff5 x16:0x00000001  x9=0x00000000
      100602000	      4928	800032d8	8ecd	c.or	x13,x11	 x13:0xffffffff x11:0x8002507c x13=0xffffffff
      100622000	      4929	800032da	8e21	c.xor	x12,x8	 x12:0x00000000  x8:0x00000008 x12=0x00000008
      100662000	      4931	800032dc	1b69	c.addi	x22,-6	 x22:0x00000002 x22=0xfffffffc
      100822000	      4939	800032de	0175d033	srl	x0,x11,x23	 x11:0x8002507c x23:0x00000000  x0=0x00000000
      100842000	      4940	800032e2	4d19	c.li	x26,6	 x26=0x00000006
      100862000	      4941	800032e4	29fb0cb7	lui	x25,0x29fb0	 x25=0x29fb0000
      100882000	      4942	800032e8	01d44333	xor	x6,x8,x29	  x8:0x00000008 x29:0x1d6bffff  x6=0x1d6bfff7
      101282000	      4962	800032ec	5f69	c.li	x30,-6	 x30=0xfffffffa
      101302000	      4963	800032ee	0001	c.addi	x0,0	  x0:0x00000000  x0=0x00000000
      101322000	      4964	800032f0	41b95093	srai	x1,x18,0x1b	 x18:0x00000000  x1=0x00000000
      102442000	      5020	800032f4	035dc333	div	x6,x27,x21	 x27:0x00000017 x21:0x00000009  x6=0x00000002
      102462000	      5021	800032f8	094d	c.addi	x18,19	 x18:0x00000000 x18=0x00000013
      102482000	      5022	800032fa	0dda	c.slli	x27,0x16	 x27:0x00000017 x27=0x05c00000
      102502000	      5023	800032fc	1d7d	c.addi	x26,-1	 x26:0x00000006 x26=0x00000005
      102522000	      5024	800032fe	8d75	c.and	x10,x13	 x10:0x00000001 x13:0xffffffff x10=0x00000001
      102542000	      5025	80003300	8de1	c.and	x11,x8	 x11:0x8002507c  x8:0x00000008 x11=0x00000008
      102562000	      5026	80003302	ffed09e3	beq	x26,x30,800032f4	 x26:0x00000005 x30:0xfffffffa
      102582000	      5027	80003306	fc4b57e3	bge	x22,x4,800032d4	 x22:0xfffffffc  x4:0xfffffff5
      102642000	      5030	800032d4	030234b3	mulhu	x9,x4,x16	  x4:0xfffffff5 x16:0x00000001  x9=0x00000000
      102662000	      5031	800032d8	8ecd	c.or	x13,x11	 x13:0xffffffff x11:0x00000008 x13=0xffffffff
      102682000	      5032	800032da	8e21	c.xor	x12,x8	 x12:0x00000008  x8:0x00000008 x12=0x00000000
      102702000	      5033	800032dc	1b69	c.addi	x22,-6	 x22:0xfffffffc x22=0xfffffff6
      102722000	      5034	800032de	0175d033	srl	x0,x11,x23	 x11:0x00000008 x23:0x00000000  x0=0x00000000
      102742000	      5035	800032e2	4d19	c.li	x26,6	 x26=0x00000006
      102762000	      5036	800032e4	29fb0cb7	lui	x25,0x29fb0	 x25=0x29fb0000
      102782000	      5037	800032e8	01d44333	xor	x6,x8,x29	  x8:0x00000008 x29:0x1d6bffff  x6=0x1d6bfff7
      102802000	      5038	800032ec	5f69	c.li	x30,-6	 x30=0xfffffffa
      102822000	      5039	800032ee	0001	c.addi	x0,0	  x0:0x00000000  x0=0x00000000
      102842000	      5040	800032f0	41b95093	srai	x1,x18,0x1b	 x18:0x00000013  x1=0x00000000
      103582000	      5077	800032f4	035dc333	div	x6,x27,x21	 x27:0x05c00000 x21:0x00000009  x6=0x00a38e38
      103602000	      5078	800032f8	094d	c.addi	x18,19	 x18:0x00000013 x18=0x00000026
      103622000	      5079	800032fa	0dda	c.slli	x27,0x16	 x27:0x05c00000 x27=0x00000000
      103642000	      5080	800032fc	1d7d	c.addi	x26,-1	 x26:0x00000006 x26=0x00000005
      103662000	      5081	800032fe	8d75	c.and	x10,x13	 x10:0x00000001 x13:0xffffffff x10=0x00000001
      103682000	      5082	80003300	8de1	c.and	x11,x8	 x11:0x00000008  x8:0x00000008 x11=0x00000008
      103702000	      5083	80003302	ffed09e3	beq	x26,x30,800032f4	 x26:0x00000005 x30:0xfffffffa
      103722000	      5084	80003306	fc4b57e3	bge	x22,x4,800032d4	 x22:0xfffffff6  x4:0xfffffff5
      103782000	      5087	800032d4	030234b3	mulhu	x9,x4,x16	  x4:0xfffffff5 x16:0x00000001  x9=0x00000000
      103802000	      5088	800032d8	8ecd	c.or	x13,x11	 x13:0xffffffff x11:0x00000008 x13=0xffffffff
      103822000	      5089	800032da	8e21	c.xor	x12,x8	 x12:0x00000000  x8:0x00000008 x12=0x00000008
      103842000	      5090	800032dc	1b69	c.addi	x22,-6	 x22:0xfffffff6 x22=0xfffffff0
      103862000	      5091	800032de	0175d033	srl	x0,x11,x23	 x11:0x00000008 x23:0x00000000  x0=0x00000000
      103882000	      5092	800032e2	4d19	c.li	x26,6	 x26=0x00000006
      103902000	      5093	800032e4	29fb0cb7	lui	x25,0x29fb0	 x25=0x29fb0000
      103922000	      5094	800032e8	01d44333	xor	x6,x8,x29	  x8:0x00000008 x29:0x1d6bffff  x6=0x1d6bfff7
      103942000	      5095	800032ec	5f69	c.li	x30,-6	 x30=0xfffffffa
      103962000	      5096	800032ee	0001	c.addi	x0,0	  x0:0x00000000  x0=0x00000000
      103982000	      5097	800032f0	41b95093	srai	x1,x18,0x1b	 x18:0x00000026  x1=0x00000000
      104722000	      5134	800032f4	035dc333	div	x6,x27,x21	 x27:0x00000000 x21:0x00000009  x6=0x00000000
      104742000	      5135	800032f8	094d	c.addi	x18,19	 x18:0x00000026 x18=0x00000039
      104762000	      5136	800032fa	0dda	c.slli	x27,0x16	 x27:0x00000000 x27=0x00000000
      104782000	      5137	800032fc	1d7d	c.addi	x26,-1	 x26:0x00000006 x26=0x00000005
      104802000	      5138	800032fe	8d75	c.and	x10,x13	 x10:0x00000001 x13:0xffffffff x10=0x00000001
      104822000	      5139	80003300	8de1	c.and	x11,x8	 x11:0x00000008  x8:0x00000008 x11=0x00000008
      104842000	      5140	80003302	ffed09e3	beq	x26,x30,800032f4	 x26:0x00000005 x30:0xfffffffa
      104862000	      5141	80003306	fc4b57e3	bge	x22,x4,800032d4	 x22:0xfffffff0  x4:0xfffffff5
      104882000	      5142	8000330a	0001	c.addi	x0,0	  x0:0x00000000  x0=0x00000000
      104902000	      5143	8000330c	5761	c.li	x14,-8	 x14=0xfffffff8
      104922000	      5144	8000330e	1f8da313	slti	x6,x27,504	 x27:0x00000000  x6=0x00000001
      104942000	      5145	80003312	6d0acc13	xori	x24,x21,1744	 x21:0x00000009 x24=0x000006d9
      104962000	      5146	80003316	e1ba5517	auipc	x10,0xe1ba5	 x10=0x61ba8316
      104982000	      5147	8000331a	68e5	c.lui	x17,0x19	 x17=0x00019000
      105722000	      5184	8000331c	03c1c2b3	div	x5,x3,x28	  x3:0x00000001 x28:0x1d6c003f  x5=0x00000000
      105742000	      5185	80003320	8cb5	c.xor	x9,x13	  x9:0x00000000 x13:0xffffffff  x9=0xffffffff
      105762000	      5186	80003322	01b41e13	slli	x28,x8,0x1b	  x8:0x00000008 x28=0x40000000
      105802000	      5188	80003326	02107233	remu	x4,x0,x1	  x0:0x00000000  x1:0x00000000  x4=0x00000000
      105822000	      5189	8000332a	0001	c.addi	x0,0	  x0:0x00000000  x0=0x00000000
      105842000	      5190	8000332c	019de3b3	or	x7,x27,x25	 x27:0x00000000 x25:0x29fb0000  x7=0x29fb0000
      105862000	      5191	80003330	0c770913	addi	x18,x14,199	 x14:0xfffffff8 x18=0x000000bf
      105882000	      5192	80003334	ba88c2b7	lui	x5,0xba88c	  x5=0xba88c000
      105902000	      5193	80003338	41ab00b3	sub	x1,x22,x26	 x22:0xfffffff0 x26:0x00000005  x1=0xffffffeb
      106062000	      5201	8000333c	8cd9	c.or	x9,x14	  x9:0xffffffff x14:0xfffffff8  x9=0xffffffff
      106082000	      5202	8000333e	0711	c.addi	x14,4	 x14:0xfffffff8 x14=0xfffffffc
      106102000	      5203	80003340	0ff0000f	fence	iorw,iorw	
      106122000	      5204	80003344	80084fb7	lui	x31,0x80084	 x31=0x80084000
      106142000	      5205	80003348	ad24b813	sltiu	x16,x9,-1326	  x9:0xffffffff x16=0x00000000
      106162000	      5206	8000334c	8c31	c.xor	x8,x12	  x8:0x00000008 x12:0x00000008  x8=0x00000000
      106502000	      5223	8000334e	0136fd33	and	x26,x13,x19	 x13:0xffffffff x19:0xfffffffe x26=0xfffffffe
      106802000	      5238	80003352	00519233	sll	x4,x3,x5	  x3:0x00000001  x5:0xba88c000  x4=0x00000001
      106822000	      5239	80003356	8cc9	c.or	x9,x10	  x9:0xffffffff x10:0x61ba8316  x9=0xffffffff
      106922000	      5244	80003358	4759fd13	andi	x26,x19,1141	 x19:0xfffffffe x26=0x00000474
      106942000	      5245	8000335c	d365	c.beqz	x14,8000333c	 x14:0xfffffffc
      107302000	      5263	8000335e	41a8deb3	sra	x29,x17,x26	 x17:0x00019000 x26:0x00000474 x29=0x00000000
      107322000	      5264	80003362	5761	c.li	x14,-8	 x14=0xfffffff8
      107462000	      5271	80003364	0000100f	fence.i	
      107562000	      5276	80003368	644d	c.lui	x8,0x13	  x8=0x00013000
      107582000	      5277	8000336a	0001	c.addi	x0,0	  x0:0x00000000  x0=0x00000000
      107662000	      5281	8000336c	04fe	c.slli	x9,0x1f	  x9:0xffffffff  x9=0x80000000
      107682000	      5282	8000336e	9eb6	c.add	x29,x13	 x29:0x00000000 x13:0xffffffff x29=0xffffffff
      107702000	      5283	80003370	0001	c.addi	x0,0	  x0:0x00000000  x0=0x00000000
      107722000	      5284	80003372	0001	c.addi	x0,0	  x0:0x00000000  x0=0x00000000
      108102000	      5303	80003374	0001	c.addi	x0,0	  x0:0x00000000  x0=0x00000000
      108122000	      5304	80003376	8c5a	c.mv	x24,x22	  x0:0x00000000 x22:0xfffffff0 x24=0xfffffff0
      108142000	      5305	80003378	0000100f	fence.i	
      108662000	      5331	8000337c	0001	c.addi	x0,0	  x0:0x00000000  x0=0x00000000
      108902000	      5343	8000337e	0173d4b3	srl	x9,x7,x23	  x7:0x29fb0000 x23:0x00000000  x9=0x29fb0000
      109082000	      5352	80003382	01348bb3	add	x23,x9,x19	  x9:0x29fb0000 x19:0xfffffffe x23=0x29fafffe
      109102000	      5353	80003386	0001	c.addi	x0,0	  x0:0x00000000  x0=0x00000000
      109162000	      5356	80003388	6351	c.lui	x6,0x14	  x6=0x00014000
      109302000	      5363	8000338a	0100bc33	sltu	x24,x1,x16	  x1:0xffffffeb x16:0x00000000 x24=0x00000000
      109322000	      5364	8000338e	00d17f33	and	x30,x2,x13	  x2:0x80024e2c x13:0xffffffff x30=0x80024e2c
      109342000	      5365	80003392	0711	c.addi	x14,4	 x14:0xfffffff8 x14=0xfffffffc
      109362000	      5366	80003394	004051b3	srl	x3,x0,x4	  x0:0x00000000  x4:0x00000001  x3=0x00000000
      109382000	      5367	80003398	02cd0eb3	mul	x29,x26,x12	 x26:0x00000474 x12:0x00000008 x29=0x000023a0
      110122000	      5404	8000339c	03d65833	divu	x16,x12,x29	 x12:0x00000008 x29:0x000023a0 x16=0x00000000
      110142000	      5405	800033a0	987d	c.andi	x8,-1	  x8:0x00013000  x8=0x00013000
      110162000	      5406	800033a2	01b7da33	srl	x20,x15,x27	 x15:0x80028ce4 x27:0x00000000 x20=0x80028ce4
      110182000	      5407	800033a6	d375	c.beqz	x14,8000338a	 x14:0xfffffffc
      110202000	      5408	800033a8	8ac5	c.andi	x13,17	 x13:0xffffffff x13=0x00000011
      110222000	      5409	800033aa	5459	c.li	x8,-10	  x8=0xfffffff6
      110302000	      5413	800033ac	8ddd	c.or	x11,x15	 x11:0x00000008 x15:0x80028ce4 x11=0x80028cec
      110322000	      5414	800033ae	4b29	c.li	x22,10	 x22=0x0000000a
      110602000	      5428	800033b0	957e1197	auipc	x3,0x957e1	  x3=0x157e43b0
      110922000	      5444	800033b4	0ea6	c.slli	x29,0x9	 x29:0x000023a0 x29=0x00474000
      110942000	      5445	800033b6	0411	c.addi	x8,4	  x8:0xfffffff6  x8=0xfffffffa
      110962000	      5446	800033b8	011c1713	slli	x14,x24,0x11	 x24:0x00000000 x14=0x00000000
      110982000	      5447	800033bc	5cf1	c.li	x25,-4	 x25=0xfffffffc
      111002000	      5448	800033be	0034c4b3	xor	x9,x9,x3	  x9:0x29fb0000  x3:0x157e43b0  x9=0x3c8543b0
      111022000	      5449	800033c2	5bc1	c.li	x23,-16	 x23=0xfffffff0
      111042000	      5450	800033c4	0000100f	fence.i	
      120842000	      5940	800033c8	9f42	c.add	x30,x16	 x30:0x80024e2c x16:0x00000000 x30=0x80024e2c
      120862000	      5941	800033ca	11fd	c.addi	x3,-1	  x3:0x157e43b0  x3=0x157e43af
      120882000	      5942	800033cc	73577093	andi	x1,x14,1845	 x14:0x00000000  x1=0x00000000
      120902000	      5943	800033d0	8b3fe393	ori	x7,x31,-1869	 x31:0x80084000  x7=0xfffff8b3
      120922000	      5944	800033d4	1ce9	c.addi	x25,-6	 x25:0xfffffffc x25=0xfffffff6
      120942000	      5945	800033d6	ff7c8de3	beq	x25,x23,800033d0	 x25:0xfffffff6 x23:0xfffffff0
      121682000	      5982	800033da	026746b3	div	x13,x14,x6	 x14:0x00000000  x6:0x00014000 x13=0x00000000
      121702000	      5983	800033de	fd6419e3	bne	x8,x22,800033b0	  x8:0xfffffffa x22:0x0000000a
      121782000	      5987	800033b0	957e1197	auipc	x3,0x957e1	  x3=0x157e43b0
      121802000	      5988	800033b4	0ea6	c.slli	x29,0x9	 x29:0x00474000 x29=0x8e800000
      121822000	      5989	800033b6	0411	c.addi	x8,4	  x8:0xfffffffa  x8=0xfffffffe
      121942000	      5995	800033b8	011c1713	slli	x14,x24,0x11	 x24:0x00000000 x14=0x00000000
      121962000	      5996	800033bc	5cf1	c.li	x25,-4	 x25=0xfffffffc
      121982000	      5997	800033be	0034c4b3	xor	x9,x9,x3	  x9:0x3c8543b0  x3:0x157e43b0  x9=0x29fb0000
      122002000	      5998	800033c2	5bc1	c.li	x23,-16	 x23=0xfffffff0
      122082000	      6002	800033c4	0000100f	fence.i	
      122262000	      6011	800033c8	9f42	c.add	x30,x16	 x30:0x80024e2c x16:0x00000000 x30=0x80024e2c
      122282000	      6012	800033ca	11fd	c.addi	x3,-1	  x3:0x157e43b0  x3=0x157e43af
      122622000	      6029	800033cc	73577093	andi	x1,x14,1845	 x14:0x00000000  x1=0x00000000
      122642000	      6030	800033d0	8b3fe393	ori	x7,x31,-1869	 x31:0x80084000  x7=0xfffff8b3
      122662000	      6031	800033d4	1ce9	c.addi	x25,-6	 x25:0xfffffffc x25=0xfffffff6
      122782000	      6037	800033d6	ff7c8de3	beq	x25,x23,800033d0	 x25:0xfffffff6 x23:0xfffffff0
      123522000	      6074	800033da	026746b3	div	x13,x14,x6	 x14:0x00000000  x6:0x00014000 x13=0x00000000
      123542000	      6075	800033de	fd6419e3	bne	x8,x22,800033b0	  x8:0xfffffffe x22:0x0000000a
      123722000	      6084	800033b0	957e1197	auipc	x3,0x957e1	  x3=0x157e43b0
      123742000	      6085	800033b4	0ea6	c.slli	x29,0x9	 x29:0x8e800000 x29=0x00000000
      123762000	      6086	800033b6	0411	c.addi	x8,4	  x8:0xfffffffe  x8=0x00000002
      123882000	      6092	800033b8	011c1713	slli	x14,x24,0x11	 x24:0x00000000 x14=0x00000000
      123902000	      6093	800033bc	5cf1	c.li	x25,-4	 x25=0xfffffffc
      124102000	      6103	800033be	0034c4b3	xor	x9,x9,x3	  x9:0x29fb0000  x3:0x157e43b0  x9=0x3c8543b0
      124122000	      6104	800033c2	5bc1	c.li	x23,-16	 x23=0xfffffff0
      124142000	      6105	800033c4	0000100f	fence.i	
      124982000	      6147	800033c8	9f42	c.add	x30,x16	 x30:0x80024e2c x16:0x00000000 x30=0x80024e2c
      125002000	      6148	800033ca	11fd	c.addi	x3,-1	  x3:0x157e43b0  x3=0x157e43af
      125022000	      6149	800033cc	73577093	andi	x1,x14,1845	 x14:0x00000000  x1=0x00000000
      125042000	      6150	800033d0	8b3fe393	ori	x7,x31,-1869	 x31:0x80084000  x7=0xfffff8b3
      125062000	      6151	800033d4	1ce9	c.addi	x25,-6	 x25:0xfffffffc x25=0xfffffff6
      125082000	      6152	800033d6	ff7c8de3	beq	x25,x23,800033d0	 x25:0xfffffff6 x23:0xfffffff0
      125822000	      6189	800033da	026746b3	div	x13,x14,x6	 x14:0x00000000  x6:0x00014000 x13=0x00000000
      125842000	      6190	800033de	fd6419e3	bne	x8,x22,800033b0	  x8:0x00000002 x22:0x0000000a
      126002000	      6198	800033b0	957e1197	auipc	x3,0x957e1	  x3=0x157e43b0
      126202000	      6208	800033b4	0ea6	c.slli	x29,0x9	 x29:0x00000000 x29=0x00000000
      126222000	      6209	800033b6	0411	c.addi	x8,4	  x8:0x00000002  x8=0x00000006
      126242000	      6210	800033b8	011c1713	slli	x14,x24,0x11	 x24:0x00000000 x14=0x00000000
      126422000	      6219	800033bc	5cf1	c.li	x25,-4	 x25=0xfffffffc
      126442000	      6220	800033be	0034c4b3	xor	x9,x9,x3	  x9:0x3c8543b0  x3:0x157e43b0  x9=0x29fb0000
      126462000	      6221	800033c2	5bc1	c.li	x23,-16	 x23=0xfffffff0
      126482000	      6222	800033c4	0000100f	fence.i	
      126962000	      6246	800033c8	9f42	c.add	x30,x16	 x30:0x80024e2c x16:0x00000000 x30=0x80024e2c
      126982000	      6247	800033ca	11fd	c.addi	x3,-1	  x3:0x157e43b0  x3=0x157e43af
      127002000	      6248	800033cc	73577093	andi	x1,x14,1845	 x14:0x00000000  x1=0x00000000
      127082000	      6252	800033d0	8b3fe393	ori	x7,x31,-1869	 x31:0x80084000  x7=0xfffff8b3
      127502000	      6273	800033d4	1ce9	c.addi	x25,-6	 x25:0xfffffffc x25=0xfffffff6
      127522000	      6274	800033d6	ff7c8de3	beq	x25,x23,800033d0	 x25:0xfffffff6 x23:0xfffffff0
      128262000	      6311	800033da	026746b3	div	x13,x14,x6	 x14:0x00000000  x6:0x00014000 x13=0x00000000
      128282000	      6312	800033de	fd6419e3	bne	x8,x22,800033b0	  x8:0x00000006 x22:0x0000000a
      128362000	      6316	800033b0	957e1197	auipc	x3,0x957e1	  x3=0x157e43b0
      128442000	      6320	800033b4	0ea6	c.slli	x29,0x9	 x29:0x00000000 x29=0x00000000
      128462000	      6321	800033b6	0411	c.addi	x8,4	  x8:0x00000006  x8=0x0000000a
      128482000	      6322	800033b8	011c1713	slli	x14,x24,0x11	 x24:0x00000000 x14=0x00000000
      128602000	      6328	800033bc	5cf1	c.li	x25,-4	 x25=0xfffffffc
      128622000	      6329	800033be	0034c4b3	xor	x9,x9,x3	  x9:0x29fb0000  x3:0x157e43b0  x9=0x3c8543b0
      128642000	      6330	800033c2	5bc1	c.li	x23,-16	 x23=0xfffffff0
      128842000	      6340	800033c4	0000100f	fence.i	
      129342000	      6365	800033c8	9f42	c.add	x30,x16	 x30:0x80024e2c x16:0x00000000 x30=0x80024e2c
      129362000	      6366	800033ca	11fd	c.addi	x3,-1	  x3:0x157e43b0  x3=0x157e43af
      129382000	      6367	800033cc	73577093	andi	x1,x14,1845	 x14:0x00000000  x1=0x00000000
      129402000	      6368	800033d0	8b3fe393	ori	x7,x31,-1869	 x31:0x80084000  x7=0xfffff8b3
      129802000	      6388	800033d4	1ce9	c.addi	x25,-6	 x25:0xfffffffc x25=0xfffffff6
      130082000	      6402	800033d6	ff7c8de3	beq	x25,x23,800033d0	 x25:0xfffffff6 x23:0xfffffff0
      130822000	      6439	800033da	026746b3	div	x13,x14,x6	 x14:0x00000000  x6:0x00014000 x13=0x00000000
      130842000	      6440	800033de	fd6419e3	bne	x8,x22,800033b0	  x8:0x0000000a x22:0x0000000a
      130862000	      6441	800033e2	517d6e93	ori	x29,x26,1303	 x26:0x00000474 x29=0x00000577
      130882000	      6442	800033e6	4f99	c.li	x31,6	 x31=0x00000006
      130902000	      6443	800033e8	949a	c.add	x9,x6	  x9:0x3c8543b0  x6:0x00014000  x9=0x3c8683b0
      131642000	      6480	800033ea	029fc433	div	x8,x31,x9	 x31:0x00000006  x9:0x3c8683b0  x8=0x00000000
      131682000	      6482	800033ee	02ab9833	mulh	x16,x23,x10	 x23:0xfffffff0 x10:0x61ba8316 x16=0xfffffff9
      131702000	      6483	800033f2	417c5433	sra	x8,x24,x23	 x24:0x00000000 x23:0xfffffff0  x8=0x00000000
      131722000	      6484	800033f6	4291	c.li	x5,4	  x5=0x00000004
      131742000	      6485	800033f8	0b76	c.slli	x22,0x1d	 x22:0x0000000a x22=0x40000000
      131762000	      6486	800033fa	88278813	addi	x16,x15,-1918	 x15:0x80028ce4 x16=0x80028566
      131782000	      6487	800033fe	ec23bb93	sltiu	x23,x7,-318	  x7:0xfffff8b3 x23=0x00000001
      131802000	      6488	80003402	2be08513	addi	x10,x1,702	  x1:0x00000000 x10=0x000002be
      131822000	      6489	80003406	8f6e	c.mv	x30,x27	  x0:0x00000000 x27:0x00000000 x30=0x00000000
      132202000	      6508	80003408	01d46bb3	or	x23,x8,x29	  x8:0x00000000 x29:0x00000577 x23=0x00000577
      132382000	      6517	8000340c	1ffd	c.addi	x31,-1	 x31:0x00000006 x31=0x00000005
      133342000	      6565	8000340e	02f0c5b3	div	x11,x1,x15	  x1:0x00000000 x15:0x80028ce4 x11=0x00000000
      134082000	      6602	80003412	03545433	divu	x8,x8,x21	  x8:0x00000000 x21:0x00000009  x8=0x00000000
      134822000	      6639	80003416	036fe833	rem	x16,x31,x22	 x31:0x00000005 x22:0x40000000 x16=0x00000005
      134842000	      6640	8000341a	7fe77193	andi	x3,x14,2046	 x14:0x00000000  x3=0x00000000
      134862000	      6641	8000341e	fe5ff5e3	bgeu	x31,x5,80003408	 x31:0x00000005  x5:0x00000004
      134942000	      6645	80003408	01d46bb3	or	x23,x8,x29	  x8:0x00000000 x29:0x00000577 x23=0x00000577
      135042000	      6650	8000340c	1ffd	c.addi	x31,-1	 x31:0x00000005 x31=0x00000004
      135782000	      6687	8000340e	02f0c5b3	div	x11,x1,x15	  x1:0x00000000 x15:0x80028ce4 x11=0x00000000
      136522000	      6724	80003412	03545433	divu	x8,x8,x21	  x8:0x00000000 x21:0x00000009  x8=0x00000000
      137262000	      6761	80003416	036fe833	rem	x16,x31,x22	 x31:0x00000004 x22:0x40000000 x16=0x00000004
      137282000	      6762	8000341a	7fe77193	andi	x3,x14,2046	 x14:0x00000000  x3=0x00000000
      137302000	      6763	8000341e	fe5ff5e3	bgeu	x31,x5,80003408	 x31:0x00000004  x5:0x00000004
      137342000	      6765	80003408	01d46bb3	or	x23,x8,x29	  x8:0x00000000 x29:0x00000577 x23=0x00000577
      137362000	      6766	8000340c	1ffd	c.addi	x31,-1	 x31:0x00000004 x31=0x00000003
      138102000	      6803	8000340e	02f0c5b3	div	x11,x1,x15	  x1:0x00000000 x15:0x80028ce4 x11=0x00000000
      138842000	      6840	80003412	03545433	divu	x8,x8,x21	  x8:0x00000000 x21:0x00000009  x8=0x00000000
      139582000	      6877	80003416	036fe833	rem	x16,x31,x22	 x31:0x00000003 x22:0x40000000 x16=0x00000003
      139602000	      6878	8000341a	7fe77193	andi	x3,x14,2046	 x14:0x00000000  x3=0x00000000
      139622000	      6879	8000341e	fe5ff5e3	bgeu	x31,x5,80003408	 x31:0x00000003  x5:0x00000004
      139642000	      6880	80003422	f77d4493	xori	x9,x26,-137	 x26:0x00000474  x9=0xfffffb03
      139662000	      6881	80003426	5e75	c.li	x28,-3	 x28=0xfffffffd
      139682000	      6882	80003428	8e31	c.xor	x12,x12	 x12:0x00000008 x12:0x00000008 x12=0x00000000
      139702000	      6883	8000342a	8c55f537	lui	x10,0x8c55f	 x10=0x8c55f000
      139722000	      6884	8000342e	45bd	c.li	x11,15	 x11=0x0000000f
      140122000	      6904	80003430	74434b97	auipc	x23,0x74434	 x23=0xf4437430
      140502000	      6923	80003434	8c7d	c.and	x8,x15	  x8:0x00000000 x15:0x80028ce4  x8=0x00000000
      140522000	      6924	80003436	0e21	c.addi	x28,8	 x28:0xfffffffd x28=0x00000005
      140562000	      6926	80003438	03e07833	remu	x16,x0,x30	  x0:0x00000000 x30:0x00000000 x16=0x00000000
      140682000	      6932	8000343c	4391	c.li	x7,4	  x7=0x00000004
      140702000	      6933	8000343e	4939	c.li	x18,14	 x18=0x0000000e
      140722000	      6934	80003440	88e5	c.andi	x9,25	  x9:0xfffffb03  x9=0x00000001
      141462000	      6971	80003442	0276e2b3	rem	x5,x13,x7	 x13:0x00000000  x7:0x00000004  x5=0x00000000
      141482000	      6972	80003446	8751	c.srai	x14,0x14	 x14:0x00000000 x14=0x00000000
      141502000	      6973	80003448	0385	c.addi	x7,1	  x7:0x00000004  x7=0x00000005
      141522000	      6974	8000344a	ff23ece3	bltu	x7,x18,80003442	  x7:0x00000005 x18:0x0000000e
      142302000	      7013	80003442	0276e2b3	rem	x5,x13,x7	 x13:0x00000000  x7:0x00000005  x5=0x00000000
      142322000	      7014	80003446	8751	c.srai	x14,0x14	 x14:0x00000000 x14=0x00000000
      142342000	      7015	80003448	0385	c.addi	x7,1	  x7:0x00000005  x7=0x00000006
      142362000	      7016	8000344a	ff23ece3	bltu	x7,x18,80003442	  x7:0x00000006 x18:0x0000000e
      143142000	      7055	80003442	0276e2b3	rem	x5,x13,x7	 x13:0x00000000  x7:0x00000006  x5=0x00000000
      143162000	      7056	80003446	8751	c.srai	x14,0x14	 x14:0x00000000 x14=0x00000000
      143182000	      7057	80003448	0385	c.addi	x7,1	  x7:0x00000006  x7=0x00000007
      143202000	      7058	8000344a	ff23ece3	bltu	x7,x18,80003442	  x7:0x00000007 x18:0x0000000e
      143982000	      7097	80003442	0276e2b3	rem	x5,x13,x7	 x13:0x00000000  x7:0x00000007  x5=0x00000000
      144002000	      7098	80003446	8751	c.srai	x14,0x14	 x14:0x00000000 x14=0x00000000
      144022000	      7099	80003448	0385	c.addi	x7,1	  x7:0x00000007  x7=0x00000008
      144042000	      7100	8000344a	ff23ece3	bltu	x7,x18,80003442	  x7:0x00000008 x18:0x0000000e
      144822000	      7139	80003442	0276e2b3	rem	x5,x13,x7	 x13:0x00000000  x7:0x00000008  x5=0x00000000
      144842000	      7140	80003446	8751	c.srai	x14,0x14	 x14:0x00000000 x14=0x00000000
      144862000	      7141	80003448	0385	c.addi	x7,1	  x7:0x00000008  x7=0x00000009
      144882000	      7142	8000344a	ff23ece3	bltu	x7,x18,80003442	  x7:0x00000009 x18:0x0000000e
      145662000	      7181	80003442	0276e2b3	rem	x5,x13,x7	 x13:0x00000000  x7:0x00000009  x5=0x00000000
      145682000	      7182	80003446	8751	c.srai	x14,0x14	 x14:0x00000000 x14=0x00000000
      145702000	      7183	80003448	0385	c.addi	x7,1	  x7:0x00000009  x7=0x0000000a
      145722000	      7184	8000344a	ff23ece3	bltu	x7,x18,80003442	  x7:0x0000000a x18:0x0000000e
      146502000	      7223	80003442	0276e2b3	rem	x5,x13,x7	 x13:0x00000000  x7:0x0000000a  x5=0x00000000
      153182000	      7557	80003446	8751	c.srai	x14,0x14	 x14:0x00000000 x14=0x00000000
      153202000	      7558	80003448	0385	c.addi	x7,1	  x7:0x0000000a  x7=0x0000000b
      153222000	      7559	8000344a	ff23ece3	bltu	x7,x18,80003442	  x7:0x0000000b x18:0x0000000e
      154002000	      7598	80003442	0276e2b3	rem	x5,x13,x7	 x13:0x00000000  x7:0x0000000b  x5=0x00000000
      154022000	      7599	80003446	8751	c.srai	x14,0x14	 x14:0x00000000 x14=0x00000000
      154042000	      7600	80003448	0385	c.addi	x7,1	  x7:0x0000000b  x7=0x0000000c
      154062000	      7601	8000344a	ff23ece3	bltu	x7,x18,80003442	  x7:0x0000000c x18:0x0000000e
      154842000	      7640	80003442	0276e2b3	rem	x5,x13,x7	 x13:0x00000000  x7:0x0000000c  x5=0x00000000
      154862000	      7641	80003446	8751	c.srai	x14,0x14	 x14:0x00000000 x14=0x00000000
      154882000	      7642	80003448	0385	c.addi	x7,1	  x7:0x0000000c  x7=0x0000000d
      154902000	      7643	8000344a	ff23ece3	bltu	x7,x18,80003442	  x7:0x0000000d x18:0x0000000e
      155682000	      7682	80003442	0276e2b3	rem	x5,x13,x7	 x13:0x00000000  x7:0x0000000d  x5=0x00000000
      155702000	      7683	80003446	8751	c.srai	x14,0x14	 x14:0x00000000 x14=0x00000000
      155722000	      7684	80003448	0385	c.addi	x7,1	  x7:0x0000000d  x7=0x0000000e
      155742000	      7685	8000344a	ff23ece3	bltu	x7,x18,80003442	  x7:0x0000000e x18:0x0000000e
      156482000	      7722	8000344e	032f6eb3	rem	x29,x30,x18	 x30:0x00000000 x18:0x0000000e x29=0x00000000
      156502000	      7723	80003452	856e	c.mv	x10,x27	  x0:0x00000000 x27:0x00000000 x10=0x00000000
      156522000	      7724	80003454	febe60e3	bltu	x28,x11,80003434	 x28:0x00000005 x11:0x0000000f
      156562000	      7726	80003434	8c7d	c.and	x8,x15	  x8:0x00000000 x15:0x80028ce4  x8=0x00000000
      156582000	      7727	80003436	0e21	c.addi	x28,8	 x28:0x00000005 x28=0x0000000d
      156622000	      7729	80003438	03e07833	remu	x16,x0,x30	  x0:0x00000000 x30:0x00000000 x16=0x00000000
      156642000	      7730	8000343c	4391	c.li	x7,4	  x7=0x00000004
      156662000	      7731	8000343e	4939	c.li	x18,14	 x18=0x0000000e
      156682000	      7732	80003440	88e5	c.andi	x9,25	  x9:0x00000001  x9=0x00000001
      157422000	      7769	80003442	0276e2b3	rem	x5,x13,x7	 x13:0x00000000  x7:0x00000004  x5=0x00000000
      157442000	      7770	80003446	8751	c.srai	x14,0x14	 x14:0x00000000 x14=0x00000000
      157462000	      7771	80003448	0385	c.addi	x7,1	  x7:0x00000004  x7=0x00000005
      157482000	      7772	8000344a	ff23ece3	bltu	x7,x18,80003442	  x7:0x00000005 x18:0x0000000e
      158262000	      7811	80003442	0276e2b3	rem	x5,x13,x7	 x13:0x00000000  x7:0x00000005  x5=0x00000000
      158282000	      7812	80003446	8751	c.srai	x14,0x14	 x14:0x00000000 x14=0x00000000
      158302000	      7813	80003448	0385	c.addi	x7,1	  x7:0x00000005  x7=0x00000006
      158322000	      7814	8000344a	ff23ece3	bltu	x7,x18,80003442	  x7:0x00000006 x18:0x0000000e
      159102000	      7853	80003442	0276e2b3	rem	x5,x13,x7	 x13:0x00000000  x7:0x00000006  x5=0x00000000
      159122000	      7854	80003446	8751	c.srai	x14,0x14	 x14:0x00000000 x14=0x00000000
      159142000	      7855	80003448	0385	c.addi	x7,1	  x7:0x00000006  x7=0x00000007
      159162000	      7856	8000344a	ff23ece3	bltu	x7,x18,80003442	  x7:0x00000007 x18:0x0000000e
      159942000	      7895	80003442	0276e2b3	rem	x5,x13,x7	 x13:0x00000000  x7:0x00000007  x5=0x00000000
      159962000	      7896	80003446	8751	c.srai	x14,0x14	 x14:0x00000000 x14=0x00000000
      159982000	      7897	80003448	0385	c.addi	x7,1	  x7:0x00000007  x7=0x00000008
      160002000	      7898	8000344a	ff23ece3	bltu	x7,x18,80003442	  x7:0x00000008 x18:0x0000000e
      160782000	      7937	80003442	0276e2b3	rem	x5,x13,x7	 x13:0x00000000  x7:0x00000008  x5=0x00000000
      160802000	      7938	80003446	8751	c.srai	x14,0x14	 x14:0x00000000 x14=0x00000000
      160822000	      7939	80003448	0385	c.addi	x7,1	  x7:0x00000008  x7=0x00000009
      160842000	      7940	8000344a	ff23ece3	bltu	x7,x18,80003442	  x7:0x00000009 x18:0x0000000e
      161622000	      7979	80003442	0276e2b3	rem	x5,x13,x7	 x13:0x00000000  x7:0x00000009  x5=0x00000000
      161642000	      7980	80003446	8751	c.srai	x14,0x14	 x14:0x00000000 x14=0x00000000
      161662000	      7981	80003448	0385	c.addi	x7,1	  x7:0x00000009  x7=0x0000000a
      161682000	      7982	8000344a	ff23ece3	bltu	x7,x18,80003442	  x7:0x0000000a x18:0x0000000e
      162462000	      8021	80003442	0276e2b3	rem	x5,x13,x7	 x13:0x00000000  x7:0x0000000a  x5=0x00000000
      162482000	      8022	80003446	8751	c.srai	x14,0x14	 x14:0x00000000 x14=0x00000000
      162502000	      8023	80003448	0385	c.addi	x7,1	  x7:0x0000000a  x7=0x0000000b
      162522000	      8024	8000344a	ff23ece3	bltu	x7,x18,80003442	  x7:0x0000000b x18:0x0000000e
      163302000	      8063	80003442	0276e2b3	rem	x5,x13,x7	 x13:0x00000000  x7:0x0000000b  x5=0x00000000
      163322000	      8064	80003446	8751	c.srai	x14,0x14	 x14:0x00000000 x14=0x00000000
      163342000	      8065	80003448	0385	c.addi	x7,1	  x7:0x0000000b  x7=0x0000000c
      163362000	      8066	8000344a	ff23ece3	bltu	x7,x18,80003442	  x7:0x0000000c x18:0x0000000e
      164142000	      8105	80003442	0276e2b3	rem	x5,x13,x7	 x13:0x00000000  x7:0x0000000c  x5=0x00000000
      164162000	      8106	80003446	8751	c.srai	x14,0x14	 x14:0x00000000 x14=0x00000000
      164182000	      8107	80003448	0385	c.addi	x7,1	  x7:0x0000000c  x7=0x0000000d
      164202000	      8108	8000344a	ff23ece3	bltu	x7,x18,80003442	  x7:0x0000000d x18:0x0000000e
      164982000	      8147	80003442	0276e2b3	rem	x5,x13,x7	 x13:0x00000000  x7:0x0000000d  x5=0x00000000
      165002000	      8148	80003446	8751	c.srai	x14,0x14	 x14:0x00000000 x14=0x00000000
      165022000	      8149	80003448	0385	c.addi	x7,1	  x7:0x0000000d  x7=0x0000000e
      165042000	      8150	8000344a	ff23ece3	bltu	x7,x18,80003442	  x7:0x0000000e x18:0x0000000e
      165782000	      8187	8000344e	032f6eb3	rem	x29,x30,x18	 x30:0x00000000 x18:0x0000000e x29=0x00000000
      165802000	      8188	80003452	856e	c.mv	x10,x27	  x0:0x00000000 x27:0x00000000 x10=0x00000000
      165822000	      8189	80003454	febe60e3	bltu	x28,x11,80003434	 x28:0x0000000d x11:0x0000000f
      165862000	      8191	80003434	8c7d	c.and	x8,x15	  x8:0x00000000 x15:0x80028ce4  x8=0x00000000
      165882000	      8192	80003436	0e21	c.addi	x28,8	 x28:0x0000000d x28=0x00000015
      165922000	      8194	80003438	03e07833	remu	x16,x0,x30	  x0:0x00000000 x30:0x00000000 x16=0x00000000
      165942000	      8195	8000343c	4391	c.li	x7,4	  x7=0x00000004
      165962000	      8196	8000343e	4939	c.li	x18,14	 x18=0x0000000e
      165982000	      8197	80003440	88e5	c.andi	x9,25	  x9:0x00000001  x9=0x00000001
      166722000	      8234	80003442	0276e2b3	rem	x5,x13,x7	 x13:0x00000000  x7:0x00000004  x5=0x00000000
      166742000	      8235	80003446	8751	c.srai	x14,0x14	 x14:0x00000000 x14=0x00000000
      166762000	      8236	80003448	0385	c.addi	x7,1	  x7:0x00000004  x7=0x00000005
      166782000	      8237	8000344a	ff23ece3	bltu	x7,x18,80003442	  x7:0x00000005 x18:0x0000000e
      167562000	      8276	80003442	0276e2b3	rem	x5,x13,x7	 x13:0x00000000  x7:0x00000005  x5=0x00000000
      167582000	      8277	80003446	8751	c.srai	x14,0x14	 x14:0x00000000 x14=0x00000000
      167602000	      8278	80003448	0385	c.addi	x7,1	  x7:0x00000005  x7=0x00000006
      167622000	      8279	8000344a	ff23ece3	bltu	x7,x18,80003442	  x7:0x00000006 x18:0x0000000e
      168402000	      8318	80003442	0276e2b3	rem	x5,x13,x7	 x13:0x00000000  x7:0x00000006  x5=0x00000000
      168422000	      8319	80003446	8751	c.srai	x14,0x14	 x14:0x00000000 x14=0x00000000
      168442000	      8320	80003448	0385	c.addi	x7,1	  x7:0x00000006  x7=0x00000007
      168462000	      8321	8000344a	ff23ece3	bltu	x7,x18,80003442	  x7:0x00000007 x18:0x0000000e
      169242000	      8360	80003442	0276e2b3	rem	x5,x13,x7	 x13:0x00000000  x7:0x00000007  x5=0x00000000
      169262000	      8361	80003446	8751	c.srai	x14,0x14	 x14:0x00000000 x14=0x00000000
      169282000	      8362	80003448	0385	c.addi	x7,1	  x7:0x00000007  x7=0x00000008
      169302000	      8363	8000344a	ff23ece3	bltu	x7,x18,80003442	  x7:0x00000008 x18:0x0000000e
      170082000	      8402	80003442	0276e2b3	rem	x5,x13,x7	 x13:0x00000000  x7:0x00000008  x5=0x00000000
      170102000	      8403	80003446	8751	c.srai	x14,0x14	 x14:0x00000000 x14=0x00000000
      170122000	      8404	80003448	0385	c.addi	x7,1	  x7:0x00000008  x7=0x00000009
      170142000	      8405	8000344a	ff23ece3	bltu	x7,x18,80003442	  x7:0x00000009 x18:0x0000000e
      170922000	      8444	80003442	0276e2b3	rem	x5,x13,x7	 x13:0x00000000  x7:0x00000009  x5=0x00000000
      170942000	      8445	80003446	8751	c.srai	x14,0x14	 x14:0x00000000 x14=0x00000000
      170962000	      8446	80003448	0385	c.addi	x7,1	  x7:0x00000009  x7=0x0000000a
      170982000	      8447	8000344a	ff23ece3	bltu	x7,x18,80003442	  x7:0x0000000a x18:0x0000000e
      171762000	      8486	80003442	0276e2b3	rem	x5,x13,x7	 x13:0x00000000  x7:0x0000000a  x5=0x00000000
      171782000	      8487	80003446	8751	c.srai	x14,0x14	 x14:0x00000000 x14=0x00000000
      171802000	      8488	80003448	0385	c.addi	x7,1	  x7:0x0000000a  x7=0x0000000b
      171822000	      8489	8000344a	ff23ece3	bltu	x7,x18,80003442	  x7:0x0000000b x18:0x0000000e
      172602000	      8528	80003442	0276e2b3	rem	x5,x13,x7	 x13:0x00000000  x7:0x0000000b  x5=0x00000000
      172622000	      8529	80003446	8751	c.srai	x14,0x14	 x14:0x00000000 x14=0x00000000
      172642000	      8530	80003448	0385	c.addi	x7,1	  x7:0x0000000b  x7=0x0000000c
      172662000	      8531	8000344a	ff23ece3	bltu	x7,x18,80003442	  x7:0x0000000c x18:0x0000000e
      173442000	      8570	80003442	0276e2b3	rem	x5,x13,x7	 x13:0x00000000  x7:0x0000000c  x5=0x00000000
      173462000	      8571	80003446	8751	c.srai	x14,0x14	 x14:0x00000000 x14=0x00000000
      173482000	      8572	80003448	0385	c.addi	x7,1	  x7:0x0000000c  x7=0x0000000d
      173502000	      8573	8000344a	ff23ece3	bltu	x7,x18,80003442	  x7:0x0000000d x18:0x0000000e
      174282000	      8612	80003442	0276e2b3	rem	x5,x13,x7	 x13:0x00000000  x7:0x0000000d  x5=0x00000000
      174302000	      8613	80003446	8751	c.srai	x14,0x14	 x14:0x00000000 x14=0x00000000
      174322000	      8614	80003448	0385	c.addi	x7,1	  x7:0x0000000d  x7=0x0000000e
      174342000	      8615	8000344a	ff23ece3	bltu	x7,x18,80003442	  x7:0x0000000e x18:0x0000000e
      175082000	      8652	8000344e	032f6eb3	rem	x29,x30,x18	 x30:0x00000000 x18:0x0000000e x29=0x00000000
      175102000	      8653	80003452	856e	c.mv	x10,x27	  x0:0x00000000 x27:0x00000000 x10=0x00000000
      175122000	      8654	80003454	febe60e3	bltu	x28,x11,80003434	 x28:0x00000015 x11:0x0000000f
      175142000	      8655	80003458	855d	c.srai	x10,0x17	 x10:0x00000000 x10=0x00000000
      175162000	      8656	8000345a	45a9	c.li	x11,10	 x11=0x0000000a
      175202000	      8658	8000345c	02e9c6b3	div	x13,x19,x14	 x19:0xfffffffe x14:0x00000000 x13=0xffffffff
      175222000	      8659	80003460	4a29	c.li	x20,10	 x20=0x0000000a
      175242000	      8660	80003462	40d9d033	sra	x0,x19,x13	 x19:0xfffffffe x13:0xffffffff  x0=0x00000000
      175262000	      8661	80003466	409889b3	sub	x19,x17,x9	 x17:0x00019000  x9:0x00000001 x19=0x00018fff
      175282000	      8662	8000346a	0001	c.addi	x0,0	  x0:0x00000000  x0=0x00000000
      176022000	      8699	8000346c	02b1fdb3	remu	x27,x3,x11	  x3:0x00000000 x11:0x0000000a x27=0x00000000
      176042000	      8700	80003470	0061cd33	xor	x26,x3,x6	  x3:0x00000000  x6:0x00014000 x26=0x00014000
      176082000	      8702	80003474	0208c2b3	div	x5,x17,x0	 x17:0x00019000  x0:0x00000000  x5=0xffffffff
      176102000	      8703	80003478	15dd	c.addi	x11,-9	 x11:0x0000000a x11=0x00000001
      176122000	      8704	8000347a	00fe1713	slli	x14,x28,0xf	 x28:0x00000015 x14=0x000a8000
      176382000	      8717	8000347e	03988433	mul	x8,x17,x25	 x17:0x00019000 x25:0xfffffff6  x8=0xfff06000
      176462000	      8721	80003482	0e752913	slti	x18,x10,231	 x10:0x00000000 x18=0x00000001
      176482000	      8722	80003486	4ba5	c.li	x23,9	 x23=0x00000009
      176502000	      8723	80003488	030e	c.slli	x6,0x3	  x6:0x00014000  x6=0x000a0000
      176522000	      8724	8000348a	ee74b2b7	lui	x5,0xee74b	  x5=0xee74b000
      176542000	      8725	8000348e	4e51	c.li	x28,20	 x28=0x00000014
      176822000	      8739	80003490	00b0a9b3	slt	x19,x1,x11	  x1:0x00000000 x11:0x00000001 x19=0x00000001
      176842000	      8740	80003494	0124d8b3	srl	x17,x9,x18	  x9:0x00000001 x18:0x00000001 x17=0x00000000
      177082000	      8752	80003498	d9c27293	andi	x5,x4,-612	  x4:0x00000001  x5=0x00000000
      177102000	      8753	8000349c	0da1	c.addi	x27,8	 x27:0x00000000 x27=0x00000008
      177122000	      8754	8000349e	0ba5	c.addi	x23,9	 x23:0x00000009 x23=0x00000012
      177202000	      8758	800034a0	ffcbcee3	blt	x23,x28,8000349c	 x23:0x00000012 x28:0x00000014
      177242000	      8760	8000349c	0da1	c.addi	x27,8	 x27:0x00000008 x27=0x00000010
      177262000	      8761	8000349e	0ba5	c.addi	x23,9	 x23:0x00000012 x23=0x0000001b
      177302000	      8763	800034a0	ffcbcee3	blt	x23,x28,8000349c	 x23:0x0000001b x28:0x00000014
      177342000	      8765	800034a4	02e7bd33	mulhu	x26,x15,x14	 x15:0x80028ce4 x14:0x000a8000 x26=0x0005401a
      178162000	      8806	800034a8	862e	c.mv	x12,x11	  x0:0x00000000 x11:0x00000001 x12=0x00000001
      178362000	      8816	800034aa	00a876b3	and	x13,x16,x10	 x16:0x00000000 x10:0x00000000 x13=0x00000000
      178382000	      8817	800034ae	8dc6	c.mv	x27,x17	  x0:0x00000000 x17:0x00000000 x27=0x00000000
      178402000	      8818	800034b0	8e35	c.xor	x12,x13	 x12:0x00000001 x13:0x00000000 x12=0x00000001
      178422000	      8819	800034b2	045d	c.addi	x8,23	  x8:0xfff06000  x8=0xfff06017
      178442000	      8820	800034b4	fb45fbe3	bgeu	x11,x20,8000346a	 x11:0x00000001 x20:0x0000000a
      178462000	      8821	800034b8	8e49	c.or	x12,x10	 x12:0x00000001 x10:0x00000000 x12=0x00000001
      178482000	      8822	800034ba	4721	c.li	x14,8	 x14=0x00000008
      178502000	      8823	800034bc	4e8d	c.li	x29,3	 x29=0x00000003
      178522000	      8824	800034be	00e1e833	or	x16,x3,x14	  x3:0x00000000 x14:0x00000008 x16=0x00000008
      178542000	      8825	800034c2	1779	c.addi	x14,-2	 x14:0x00000008 x14=0x00000006
      178562000	      8826	800034c4	ffd77de3	bgeu	x14,x29,800034be	 x14:0x00000006 x29:0x00000003
      178622000	      8829	800034be	00e1e833	or	x16,x3,x14	  x3:0x00000000 x14:0x00000006 x16=0x00000006
      178642000	      8830	800034c2	1779	c.addi	x14,-2	 x14:0x00000006 x14=0x00000004
      178662000	      8831	800034c4	ffd77de3	bgeu	x14,x29,800034be	 x14:0x00000004 x29:0x00000003
      178782000	      8837	800034be	00e1e833	or	x16,x3,x14	  x3:0x00000000 x14:0x00000004 x16=0x00000004
      178802000	      8838	800034c2	1779	c.addi	x14,-2	 x14:0x00000004 x14=0x00000002
      178822000	      8839	800034c4	ffd77de3	bgeu	x14,x29,800034be	 x14:0x00000002 x29:0x00000003
      178862000	      8841	800034c8	0ff0000f	fence	iorw,iorw	
      178882000	      8842	800034cc	56dd	c.li	x13,-9	 x13=0xfffffff7
      179202000	      8858	800034ce	006c1513	slli	x10,x24,0x6	 x24:0x00000000 x10=0x00000000
      179422000	      8869	800034d2	0215db33	divu	x22,x11,x1	 x11:0x00000001  x1:0x00000000 x22=0xffffffff
      193442000	      9570	800034d6	8f35	c.xor	x14,x13	 x14:0x00000002 x13:0xfffffff7 x14=0xfffffff5
      193462000	      9571	800034d8	9ec6	c.add	x29,x17	 x29:0x00000003 x17:0x00000000 x29=0x00000003
      193482000	      9572	800034da	000c78b3	and	x17,x24,x0	 x24:0x00000000  x0:0x00000000 x17=0x00000000
      193502000	      9573	800034de	0000100f	fence.i	
      193822000	      9589	800034e2	016bdf93	srli	x31,x23,0x16	 x23:0x0000001b x31=0x00000000
      193842000	      9590	800034e6	8ced	c.and	x9,x11	  x9:0x00000001 x11:0x00000001  x9=0x00000001
      193942000	      9595	800034e8	875a	c.mv	x14,x22	  x0:0x00000000 x22:0xffffffff x14=0xffffffff
      193962000	      9596	800034ea	7a0b0c13	addi	x24,x22,1952	 x22:0xffffffff x24=0x0000079f
      194122000	      9604	800034ee	010e0b33	add	x22,x28,x16	 x28:0x00000014 x16:0x00000004 x22=0x00000018
      194142000	      9605	800034f2	0001	c.addi	x0,0	  x0:0x00000000  x0=0x00000000
      194162000	      9606	800034f4	011c6d33	or	x26,x24,x17	 x24:0x0000079f x17:0x00000000 x26=0x0000079f
      194222000	      9609	800034f8	8d11	c.sub	x10,x12	 x10:0x00000000 x12:0x00000001 x10=0xffffffff
      194242000	      9610	800034fa	8f11	c.sub	x14,x12	 x14:0xffffffff x12:0x00000001 x14=0xfffffffe
      195362000	      9666	800034fc	0286e9b3	rem	x19,x13,x8	 x13:0xfffffff7  x8:0xfff06017 x19=0xfffffff7
      195382000	      9667	80003500	8f39	c.xor	x14,x14	 x14:0xfffffffe x14:0xfffffffe x14=0x00000000
      195402000	      9668	80003502	01d5f5b3	and	x11,x11,x29	 x11:0x00000001 x29:0x00000003 x11=0x00000001
      195422000	      9669	80003506	810d	c.srli	x10,0x3	 x10:0xffffffff x10=0x1fffffff
      195442000	      9670	80003508	01e13233	sltu	x4,x2,x30	  x2:0x80024e2c x30:0x00000000  x4=0x00000000
      195482000	      9672	8000350c	02bb2cb3	mulhsu	x25,x22,x11	 x22:0x00000018 x11:0x00000001 x25=0x00000000
      195502000	      9673	80003510	06a5	c.addi	x13,9	 x13:0xfffffff7 x13=0x00000000
      195522000	      9674	80003512	037f0eb3	mul	x29,x30,x23	 x30:0x00000000 x23:0x0000001b x29=0x00000000
      195702000	      9683	80003516	217b4493	xori	x9,x22,535	 x22:0x00000018  x9=0x0000020f
      195722000	      9684	8000351a	0895	c.addi	x17,5	 x17:0x00000000 x17=0x00000005
      196462000	      9721	8000351c	03216db3	rem	x27,x2,x18	  x2:0x80024e2c x18:0x00000001 x27=0x00000000
      196482000	      9722	80003520	dee1	c.beqz	x13,800034f8	 x13:0x00000000
      196782000	      9737	800034f8	8d11	c.sub	x10,x12	 x10:0x1fffffff x12:0x00000001 x10=0x1ffffffe
      196802000	      9738	800034fa	8f11	c.sub	x14,x12	 x14:0x00000000 x12:0x00000001 x14=0xffffffff
      197762000	      9786	800034fc	0286e9b3	rem	x19,x13,x8	 x13:0x00000000  x8:0xfff06017 x19=0x00000000
      197782000	      9787	80003500	8f39	c.xor	x14,x14	 x14:0xffffffff x14:0xffffffff x14=0x00000000
      197802000	      9788	80003502	01d5f5b3	and	x11,x11,x29	 x11:0x00000001 x29:0x00000000 x11=0x00000000
      197822000	      9789	80003506	810d	c.srli	x10,0x3	 x10:0x1ffffffe x10=0x03ffffff
      197842000	      9790	80003508	01e13233	sltu	x4,x2,x30	  x2:0x80024e2c x30:0x00000000  x4=0x00000000
      197882000	      9792	8000350c	02bb2cb3	mulhsu	x25,x22,x11	 x22:0x00000018 x11:0x00000000 x25=0x00000000
      197902000	      9793	80003510	06a5	c.addi	x13,9	 x13:0x00000000 x13=0x00000009
      197922000	      9794	80003512	037f0eb3	mul	x29,x30,x23	 x30:0x00000000 x23:0x0000001b x29=0x00000000
      198202000	      9808	80003516	217b4493	xori	x9,x22,535	 x22:0x00000018  x9=0x0000020f
      198222000	      9809	8000351a	0895	c.addi	x17,5	 x17:0x00000005 x17=0x0000000a
      198962000	      9846	8000351c	03216db3	rem	x27,x2,x18	  x2:0x80024e2c x18:0x00000001 x27=0x00000000
      198982000	      9847	80003520	dee1	c.beqz	x13,800034f8	 x13:0x00000009
      199002000	      9848	80003522	01465e13	srli	x28,x12,0x14	 x12:0x00000001 x28=0x00000000
      199022000	      9849	80003526	4fa9	c.li	x31,10	 x31=0x0000000a
      199042000	      9850	80003528	856e	c.mv	x10,x27	  x0:0x00000000 x27:0x00000000 x10=0x00000000
      199062000	      9851	8000352a	4225	c.li	x4,9	  x4=0x00000009
      199082000	      9852	8000352c	0c2e	c.slli	x24,0xb	 x24:0x0000079f x24=0x003cf800
      199102000	      9853	8000352e	8ee5	c.and	x13,x9	 x13:0x00000009  x9:0x0000020f x13=0x00000009
      199142000	      9855	80003530	02eb2f33	mulhsu	x30,x22,x14	 x22:0x00000018 x14:0x00000000 x30=0x00000000
      199342000	      9865	80003534	03eca533	mulhsu	x10,x25,x30	 x25:0x00000000 x30:0x00000000 x10=0x00000000
      199362000	      9866	80003538	8025	c.srli	x8,0x9	  x8:0xfff06017  x8=0x007ff830
      199382000	      9867	8000353a	4071d633	sra	x12,x3,x7	  x3:0x00000000  x7:0x0000000e x12=0x00000000
      199402000	      9868	8000353e	1ffd	c.addi	x31,-1	 x31:0x0000000a x31=0x00000009
      199642000	      9880	80003540	9a7d	c.andi	x12,-1	 x12:0x00000000 x12=0x00000000
      199842000	      9890	80003542	f868cc93	xori	x25,x17,-122	 x17:0x0000000a x25=0xffffff8c
      199862000	      9891	80003546	006a1393	slli	x7,x20,0x6	 x20:0x0000000a  x7=0x00000280
      199882000	      9892	8000354a	0e21	c.addi	x28,8	 x28:0x00000000 x28=0x00000008
      199902000	      9893	8000354c	03b98633	mul	x12,x19,x27	 x19:0x00000000 x27:0x00000000 x12=0x00000000
      199922000	      9894	80003550	8cc5	c.or	x9,x9	  x9:0x0000020f  x9:0x0000020f  x9=0x0000020f
      199942000	      9895	80003552	8c2d	c.xor	x8,x11	  x8:0x007ff830 x11:0x00000000  x8=0x007ff830
      199962000	      9896	80003554	fc4ffde3	bgeu	x31,x4,8000352e	 x31:0x00000009  x4:0x00000009
      200582000	      9927	8000352e	8ee5	c.and	x13,x9	 x13:0x00000009  x9:0x0000020f x13=0x00000009
      200702000	      9933	80003530	02eb2f33	mulhsu	x30,x22,x14	 x22:0x00000018 x14:0x00000000 x30=0x00000000
      200822000	      9939	80003534	03eca533	mulhsu	x10,x25,x30	 x25:0xffffff8c x30:0x00000000 x10=0x00000000
      200842000	      9940	80003538	8025	c.srli	x8,0x9	  x8:0x007ff830  x8=0x00003ffc
      200862000	      9941	8000353a	4071d633	sra	x12,x3,x7	  x3:0x00000000  x7:0x00000280 x12=0x00000000
      200882000	      9942	8000353e	1ffd	c.addi	x31,-1	 x31:0x00000009 x31=0x00000008
      200902000	      9943	80003540	9a7d	c.andi	x12,-1	 x12:0x00000000 x12=0x00000000
      200922000	      9944	80003542	f868cc93	xori	x25,x17,-122	 x17:0x0000000a x25=0xffffff8c
      200942000	      9945	80003546	006a1393	slli	x7,x20,0x6	 x20:0x0000000a  x7=0x00000280
      200962000	      9946	8000354a	0e21	c.addi	x28,8	 x28:0x00000008 x28=0x00000010
      200982000	      9947	8000354c	03b98633	mul	x12,x19,x27	 x19:0x00000000 x27:0x00000000 x12=0x00000000
      201002000	      9948	80003550	8cc5	c.or	x9,x9	  x9:0x0000020f  x9:0x0000020f  x9=0x0000020f
      201022000	      9949	80003552	8c2d	c.xor	x8,x11	  x8:0x00003ffc x11:0x00000000  x8=0x00003ffc
      201042000	      9950	80003554	fc4ffde3	bgeu	x31,x4,8000352e	 x31:0x00000008  x4:0x00000009
      201082000	      9952	80003558	0297b433	mulhu	x8,x15,x9	 x15:0x80028ce4  x9:0x0000020f  x8=0x00000107
      201102000	      9953	8000355c	5679	c.li	x12,-2	 x12=0xfffffffe
      201122000	      9954	8000355e	03cb32b7	lui	x5,0x3cb3	  x5=0x03cb3000
      201142000	      9955	80003562	4c91	c.li	x25,4	 x25=0x00000004
      201162000	      9956	80003564	2ef0b517	auipc	x10,0x2ef0b	 x10=0xaef0e564
      201362000	      9966	80003568	0615	c.addi	x12,5	 x12:0xfffffffe x12=0x00000003
      201382000	      9967	8000356a	49a9	c.li	x19,10	 x19=0x0000000a
      201522000	      9974	8000356c	020f1db3	mulh	x27,x30,x0	 x30:0x00000000  x0:0x00000000 x27=0x00000000
      201542000	      9975	80003570	4eb9	c.li	x29,14	 x29=0x0000000e
      201562000	      9976	80003572	8c0d	c.sub	x8,x11	  x8:0x00000107 x11:0x00000000  x8=0x00000107
      201582000	      9977	80003574	0118	c.addi4spn	x14,x2,128	 x14=0x80024eac
      201602000	      9978	80003576	09a5	c.addi	x19,9	 x19:0x0000000a x19=0x00000013
      201682000	      9982	80003578	40eb5413	srai	x8,x22,0xe	 x22:0x00000018  x8=0x00000000
      201802000	      9988	8000357c	ffd9cce3	blt	x19,x29,80003574	 x19:0x00000013 x29:0x0000000e
      201822000	      9989	80003580	01415413	srli	x8,x2,0x14	  x2:0x80024e2c  x8=0x00000800
      202242000	     10010	80003584	008cc833	xor	x16,x25,x8	 x25:0x00000004  x8:0x00000800 x16=0x00000804
      202362000	     10016	80003588	fd964ee3	blt	x12,x25,80003564	 x12:0x00000003 x25:0x00000004
      202402000	     10018	80003564	2ef0b517	auipc	x10,0x2ef0b	 x10=0xaef0e564
      202462000	     10021	80003568	0615	c.addi	x12,5	 x12:0x00000003 x12=0x00000008
      202482000	     10022	8000356a	49a9	c.li	x19,10	 x19=0x0000000a
      202522000	     10024	8000356c	020f1db3	mulh	x27,x30,x0	 x30:0x00000000  x0:0x00000000 x27=0x00000000
      202542000	     10025	80003570	4eb9	c.li	x29,14	 x29=0x0000000e
      202562000	     10026	80003572	8c0d	c.sub	x8,x11	  x8:0x00000800 x11:0x00000000  x8=0x00000800
      202582000	     10027	80003574	0118	c.addi4spn	x14,x2,128	 x14=0x80024eac
      202602000	     10028	80003576	09a5	c.addi	x19,9	 x19:0x0000000a x19=0x00000013
      202622000	     10029	80003578	40eb5413	srai	x8,x22,0xe	 x22:0x00000018  x8=0x00000000
      202642000	     10030	8000357c	ffd9cce3	blt	x19,x29,80003574	 x19:0x00000013 x29:0x0000000e
      202662000	     10031	80003580	01415413	srli	x8,x2,0x14	  x2:0x80024e2c  x8=0x00000800
      202682000	     10032	80003584	008cc833	xor	x16,x25,x8	 x25:0x00000004  x8:0x00000800 x16=0x00000804
      202702000	     10033	80003588	fd964ee3	blt	x12,x25,80003564	 x12:0x00000008 x25:0x00000004
      202722000	     10034	8000358c	b5752513	slti	x10,x10,-1193	 x10:0xaef0e564 x10=0x00000001
      202742000	     10035	80003590	4499	c.li	x9,6	  x9=0x00000006
      203482000	     10072	80003592	032068b3	rem	x17,x0,x18	  x0:0x00000000 x18:0x00000001 x17=0x00000000
      203502000	     10073	80003596	41b4d933	sra	x18,x9,x27	  x9:0x00000006 x27:0x00000000 x18=0x00000006
      203522000	     10074	8000359a	8579	c.srai	x10,0x1e	 x10:0x00000001 x10=0x00000000
      203542000	     10075	8000359c	37fcabb7	lui	x23,0x37fca	 x23=0x37fca000
      203562000	     10076	800035a0	018dd8b3	srl	x17,x27,x24	 x27:0x00000000 x24:0x003cf800 x17=0x00000000
      203582000	     10077	800035a4	ab55d997	auipc	x19,0xab55d	 x19=0x2b5605a4
      203602000	     10078	800035a8	416a0d33	sub	x26,x20,x22	 x20:0x0000000a x22:0x00000018 x26=0xfffffff2
      203622000	     10079	800035ac	8bae	c.mv	x23,x11	  x0:0x00000000 x11:0x00000000 x23=0x00000000
      204182000	     10107	800035ae	a5538d93	addi	x27,x7,-1451	  x7:0x00000280 x27=0xfffffcd5
      204222000	     10109	800035b2	03d299b3	mulh	x19,x5,x29	  x5:0x03cb3000 x29:0x0000000e x19=0x00000000
      204242000	     10110	800035b6	8511	c.srai	x10,0x4	 x10:0x00000000 x10=0x00000000
      204262000	     10111	800035b8	0001	c.addi	x0,0	  x0:0x00000000  x0=0x00000000
      204282000	     10112	800035ba	069e	c.slli	x13,0x7	 x13:0x00000009 x13=0x00000480
      205022000	     10149	800035bc	032a5c33	divu	x24,x20,x18	 x20:0x0000000a x18:0x00000006 x24=0x00000001
      205042000	     10150	800035c0	4015dfb3	sra	x31,x11,x1	 x11:0x00000000  x1:0x00000000 x31=0x00000000
      205062000	     10151	800035c4	41b95d33	sra	x26,x18,x27	 x18:0x00000006 x27:0xfffffcd5 x26=0x00000000
      205082000	     10152	800035c8	1b16c513	xori	x10,x13,433	 x13:0x00000480 x10=0x00000531
      205102000	     10153	800035cc	4299	c.li	x5,6	  x5=0x00000006
      205122000	     10154	800035ce	0001	c.addi	x0,0	  x0:0x00000000  x0=0x00000000
      205162000	     10156	800035d0	02f29db3	mulh	x27,x5,x15	  x5:0x00000006 x15:0x80028ce4 x27=0xfffffffd
      205182000	     10157	800035d4	81b1	c.srli	x11,0xc	 x11:0x00000000 x11=0x00000000
      205582000	     10177	800035d6	00442633	slt	x12,x8,x4	  x8:0x00000800  x4:0x00000009 x12=0x00000000
      205602000	     10178	800035da	c23f4e93	xori	x29,x30,-989	 x30:0x00000000 x29=0xfffffc23
      205622000	     10179	800035de	002dcdb3	xor	x27,x27,x2	 x27:0xfffffffd  x2:0x80024e2c x27=0x7ffdb1d1
      205642000	     10180	800035e2	14f9	c.addi	x9,-2	  x9:0x00000006  x9=0x00000004
      205662000	     10181	800035e4	01a4efb3	or	x31,x9,x26	  x9:0x00000004 x26:0x00000000 x31=0x00000004
      205682000	     10182	800035e8	fe54fbe3	bgeu	x9,x5,800035de	  x9:0x00000004  x5:0x00000006
      205862000	     10191	800035ec	0001	c.addi	x0,0	  x0:0x00000000  x0=0x00000000
      205882000	     10192	800035ee	5461	c.li	x8,-8	  x8=0xfffffff8
      206282000	     10212	800035f0	9bfa	c.add	x23,x30	 x23:0x00000000 x30:0x00000000 x23=0x00000000
      206302000	     10213	800035f2	0001	c.addi	x0,0	  x0:0x00000000  x0=0x00000000
      206322000	     10214	800035f4	005a3db3	sltu	x27,x20,x5	 x20:0x0000000a  x5:0x00000006 x27=0x00000000
      206642000	     10230	800035f8	0054d4b3	srl	x9,x9,x5	  x9:0x00000004  x5:0x00000006  x9=0x00000000
      206662000	     10231	800035fc	27354713	xori	x14,x10,627	 x10:0x00000531 x14=0x00000742
      206762000	     10236	80003600	0421	c.addi	x8,8	  x8:0xfffffff8  x8=0x00000000
      206802000	     10238	80003602	bf634513	xori	x10,x6,-1034	  x6:0x000a0000 x10=0xfff5fbf6
      206822000	     10239	80003606	0001	c.addi	x0,0	  x0:0x00000000  x0=0x00000000
      207222000	     10259	80003608	01933833	sltu	x16,x6,x25	  x6:0x000a0000 x25:0x00000004 x16=0x00000000
      207242000	     10260	8000360c	8e85	c.sub	x13,x9	 x13:0x00000480  x9:0x00000000 x13=0x00000480
      207262000	     10261	8000360e	8260e1b7	lui	x3,0x8260e	  x3=0x8260e000
      207282000	     10262	80003612	03e55597	auipc	x11,0x3e55	 x11=0x83e58612
      207302000	     10263	80003616	8812	c.mv	x16,x4	  x0:0x00000000  x4:0x00000009 x16=0x00000009
      207722000	     10284	80003618	020effb3	remu	x31,x29,x0	 x29:0xfffffc23  x0:0x00000000 x31=0xfffffc23
      207862000	     10291	8000361c	d065	c.beqz	x8,800035fc	  x8:0x00000000
      207902000	     10293	800035fc	27354713	xori	x14,x10,627	 x10:0xfff5fbf6 x14=0xfff5f985
      207962000	     10296	80003600	0421	c.addi	x8,8	  x8:0x00000000  x8=0x00000008
      207982000	     10297	80003602	bf634513	xori	x10,x6,-1034	  x6:0x000a0000 x10=0xfff5fbf6
      208002000	     10298	80003606	0001	c.addi	x0,0	  x0:0x00000000  x0=0x00000000
      208042000	     10300	80003608	01933833	sltu	x16,x6,x25	  x6:0x000a0000 x25:0x00000004 x16=0x00000000
      208062000	     10301	8000360c	8e85	c.sub	x13,x9	 x13:0x00000480  x9:0x00000000 x13=0x00000480
      208102000	     10303	8000360e	8260e1b7	lui	x3,0x8260e	  x3=0x8260e000
      208122000	     10304	80003612	03e55597	auipc	x11,0x3e55	 x11=0x83e58612
      208142000	     10305	80003616	8812	c.mv	x16,x4	  x0:0x00000000  x4:0x00000009 x16=0x00000009
      208182000	     10307	80003618	020effb3	remu	x31,x29,x0	 x29:0xfffffc23  x0:0x00000000 x31=0xfffffc23
      208202000	     10308	8000361c	d065	c.beqz	x8,800035fc	  x8:0x00000008
      208222000	     10309	8000361e	1dfd	c.addi	x27,-1	 x27:0x00000000 x27=0xffffffff
      208242000	     10310	80003620	49a5	c.li	x19,9	 x19=0x00000009
      208262000	     10311	80003622	40c6d033	sra	x0,x13,x12	 x13:0x00000480 x12:0x00000000  x0=0x00000000
      208282000	     10312	80003626	43a5	c.li	x7,9	  x7=0x00000009
      208302000	     10313	80003628	8f45	c.or	x14,x9	 x14:0xfff5f985  x9:0x00000000 x14=0xfff5f985
      208322000	     10314	8000362a	021a0e33	mul	x28,x20,x1	 x20:0x0000000a  x1:0x00000000 x28=0x00000000
      208582000	     10327	8000362e	1a92a693	slti	x13,x5,425	  x5:0x00000006 x13=0x00000001
      209322000	     10364	80003632	0282e333	rem	x6,x5,x8	  x5:0x00000006  x8:0x00000008  x6=0x00000006
      209342000	     10365	80003636	19e5	c.addi	x19,-7	 x19:0x00000009 x19=0x00000002
      209362000	     10366	80003638	4425	c.li	x8,9	  x8=0x00000009
      209382000	     10367	8000363a	00d07eb3	and	x29,x0,x13	  x0:0x00000000 x13:0x00000001 x29=0x00000000
      209402000	     10368	8000363e	0000100f	fence.i	
      209482000	     10372	80003642	51ed	c.li	x3,-5	  x3=0xfffffffb
      209702000	     10383	80003644	fb760213	addi	x4,x12,-73	 x12:0x00000000  x4=0xffffffb7
      209882000	     10392	80003648	3d9eb717	auipc	x14,0x3d9eb	 x14=0xbd9ee648
      209902000	     10393	8000364c	40b382b3	sub	x5,x7,x11	  x7:0x00000009 x11:0x83e58612  x5=0x7c1a79f7
      210022000	     10399	80003650	f035f213	andi	x4,x11,-253	 x11:0x83e58612  x4=0x83e58602
      210042000	     10400	80003654	895d	c.andi	x10,23	 x10:0xfff5fbf6 x10=0x00000016
      210062000	     10401	80003656	1465	c.addi	x8,-7	  x8:0x00000009  x8=0x00000002
      210122000	     10404	80003658	01b388b3	add	x17,x7,x27	  x7:0x00000009 x27:0xffffffff x17=0x00000008
      210282000	     10412	8000365c	fe341ae3	bne	x8,x3,80003650	  x8:0x00000002  x3:0xfffffffb
      210582000	     10427	80003650	f035f213	andi	x4,x11,-253	 x11:0x83e58612  x4=0x83e58602
      210922000	     10444	80003654	895d	c.andi	x10,23	 x10:0x00000016 x10=0x00000016
      210942000	     10445	80003656	1465	c.addi	x8,-7	  x8:0x00000002  x8=0xfffffffb
      210962000	     10446	80003658	01b388b3	add	x17,x7,x27	  x7:0x00000009 x27:0xffffffff x17=0x00000008
      210982000	     10447	8000365c	fe341ae3	bne	x8,x3,80003650	  x8:0xfffffffb  x3:0xfffffffb
      211262000	     10461	80003660	02d3a233	mulhsu	x4,x7,x13	  x7:0x00000009 x13:0x00000001  x4=0x00000000
      211282000	     10462	80003664	0001	c.addi	x0,0	  x0:0x00000000  x0=0x00000000
      211302000	     10463	80003666	0000100f	fence.i	
      212322000	     10514	8000366a	01b05713	srli	x14,x0,0x1b	  x0:0x00000000 x14=0x00000000
      212382000	     10517	8000366e	0000100f	fence.i	
      213102000	     10553	80003672	6635	c.lui	x12,0xd	 x12=0x0000d000
      213142000	     10555	80003674	03eb6733	rem	x14,x22,x30	 x22:0x00000018 x30:0x00000000 x14=0x00000018
      213162000	     10556	80003678	fa79f9e3	bgeu	x19,x7,8000362a	 x19:0x00000002  x7:0x00000009
      213282000	     10562	8000367c	8c99	c.sub	x9,x14	  x9:0x00000000 x14:0x00000018  x9=0xffffffe8
      213302000	     10563	8000367e	5de5	c.li	x27,-7	 x27=0xfffffff9
      213382000	     10567	80003680	4fb5	c.li	x31,13	 x31=0x0000000d
      213602000	     10578	80003682	01e2b333	sltu	x6,x5,x30	  x5:0x7c1a79f7 x30:0x00000000  x6=0x00000000
      214342000	     10615	80003686	03bc5433	divu	x8,x24,x27	 x24:0x00000001 x27:0xfffffff9  x8=0x00000000
      214362000	     10616	8000368a	0001	c.addi	x0,0	  x0:0x00000000  x0=0x00000000
      214382000	     10617	8000368c	41ef58b3	sra	x17,x30,x30	 x30:0x00000000 x30:0x00000000 x17=0x00000000
      214402000	     10618	80003690	0da9	c.addi	x27,10	 x27:0xfffffff9 x27=0x00000003
      214422000	     10619	80003692	fffd9ae3	bne	x27,x31,80003686	 x27:0x00000003 x31:0x0000000d
      215542000	     10675	80003686	03bc5433	divu	x8,x24,x27	 x24:0x00000001 x27:0x00000003  x8=0x00000000
      215562000	     10676	8000368a	0001	c.addi	x0,0	  x0:0x00000000  x0=0x00000000
      215582000	     10677	8000368c	41ef58b3	sra	x17,x30,x30	 x30:0x00000000 x30:0x00000000 x17=0x00000000
      215602000	     10678	80003690	0da9	c.addi	x27,10	 x27:0x00000003 x27=0x0000000d
      215622000	     10679	80003692	fffd9ae3	bne	x27,x31,80003686	 x27:0x0000000d x31:0x0000000d
      215642000	     10680	80003696	00e42933	slt	x18,x8,x14	  x8:0x00000000 x14:0x00000018 x18=0x00000001
      215662000	     10681	8000369a	45a9	c.li	x11,10	 x11=0x0000000a
      215682000	     10682	8000369c	004f4cb3	xor	x25,x30,x4	 x30:0x00000000  x4:0x00000000 x25=0x00000000
      215702000	     10683	800036a0	4e1d	c.li	x28,7	 x28=0x00000007
      215722000	     10684	800036a2	8ead	c.xor	x13,x11	 x13:0x00000001 x11:0x0000000a x13=0x0000000b
      215742000	     10685	800036a4	6525	c.lui	x10,0x9	 x10=0x00009000
      215762000	     10686	800036a6	44196e93	ori	x29,x18,1089	 x18:0x00000001 x29=0x00000441
      215782000	     10687	800036aa	993a	c.add	x18,x14	 x18:0x00000001 x14:0x00000018 x18=0x00000019
      215802000	     10688	800036ac	15e9	c.addi	x11,-6	 x11:0x0000000a x11=0x00000004
      215822000	     10689	800036ae	4311	c.li	x6,4	  x6=0x00000004
      215862000	     10691	800036b0	03a3b933	mulhu	x18,x7,x26	  x7:0x00000009 x26:0x00000000 x18=0x00000000
      216002000	     10698	800036b4	5fd5	c.li	x31,-11	 x31=0xfffffff5
      216022000	     10699	800036b6	8041	c.srli	x8,0x10	  x8:0x00000000  x8=0x00000000
      216042000	     10700	800036b8	197d	c.addi	x18,-1	 x18:0x00000000 x18=0xffffffff
      216902000	     10743	800036ba	022cda33	divu	x20,x25,x2	 x25:0x00000000  x2:0x80024e2c x20=0x00000000
      216922000	     10744	800036be	136d	c.addi	x6,-5	  x6:0x00000004  x6=0xffffffff
      216942000	     10745	800036c0	19fd	c.addi	x19,-1	 x19:0x00000002 x19=0x00000001
      216962000	     10746	800036c2	fff30ce3	beq	x6,x31,800036ba	  x6:0xffffffff x31:0xfffffff5
      216982000	     10747	800036c6	5d7d	c.li	x26,-1	 x26=0xffffffff
      217722000	     10784	800036c8	026848b3	div	x17,x16,x6	 x16:0x00000009  x6:0xffffffff x17=0xfffffff7
      217742000	     10785	800036cc	4cd1	c.li	x25,20	 x25=0x00000014
      217762000	     10786	800036ce	fdc5fae3	bgeu	x11,x28,800036a2	 x11:0x00000004 x28:0x00000007
      217782000	     10787	800036d2	8f51	c.or	x14,x12	 x14:0x00000018 x12:0x0000d000 x14=0x0000d018
      217802000	     10788	800036d4	4d05	c.li	x26,1	 x26=0x00000001
      217822000	     10789	800036d6	9b7d	c.andi	x14,-1	 x14:0x0000d018 x14=0x0000d018
      217862000	     10791	800036d8	0340ee33	rem	x28,x1,x20	  x1:0x00000000 x20:0x00000000 x28=0x00000000
      217882000	     10792	800036dc	01ba2cb3	slt	x25,x20,x27	 x20:0x00000000 x27:0x0000000d x25=0x00000001
      218082000	     10802	800036e0	039024b3	mulhsu	x9,x0,x25	  x0:0x00000000 x25:0x00000001  x9=0x00000000
      218402000	     10818	800036e4	58b1	c.li	x17,-20	 x17=0xffffffec
      218422000	     10819	800036e6	843d	c.srai	x8,0xf	  x8:0x00000000  x8=0x00000000
      218662000	     10831	800036e8	00d034b3	sltu	x9,x0,x13	  x0:0x00000000 x13:0x0000000b  x9=0x00000001
      218762000	     10836	800036ec	01ef3033	sltu	x0,x30,x30	 x30:0x00000000 x30:0x00000000  x0=0x00000000
      219022000	     10849	800036f0	03fabbb3	mulhu	x23,x21,x31	 x21:0x00000009 x31:0xfffffff5 x23=0x00000008
      219042000	     10850	800036f4	0082c333	xor	x6,x5,x8	  x5:0x7c1a79f7  x8:0x00000000  x6=0x7c1a79f7
      219062000	     10851	800036f8	27c04f13	xori	x30,x0,636	  x0:0x00000000 x30=0x0000027c
      219102000	     10853	800036fc	01bd04b3	add	x9,x26,x27	 x26:0x00000001 x27:0x0000000d  x9=0x0000000e
      219222000	     10859	80003700	0ff0000f	fence	iorw,iorw	
      219462000	     10871	80003704	0001	c.addi	x0,0	  x0:0x00000000  x0=0x00000000
      219482000	     10872	80003706	1d59	c.addi	x26,-10	 x26:0x00000001 x26=0xfffffff7
      219682000	     10882	80003708	de138517	auipc	x10,0xde138	 x10=0x5e13b708
      220422000	     10919	8000370c	027f5933	divu	x18,x30,x7	 x30:0x0000027c  x7:0x00000009 x18=0x00000046
      220442000	     10920	80003710	239ab213	sltiu	x4,x21,569	 x21:0x00000009  x4=0x00000001
      220462000	     10921	80003714	c484b593	sltiu	x11,x9,-952	  x9:0x0000000e x11=0x00000001
      220482000	     10922	80003718	0001	c.addi	x0,0	  x0:0x00000000  x0=0x00000000
      220502000	     10923	8000371a	01e9db33	srl	x22,x19,x30	 x19:0x00000001 x30:0x0000027c x22=0x00000000
      220522000	     10924	8000371e	01a8f633	and	x12,x17,x26	 x17:0xffffffec x26:0xfffffff7 x12=0xffffffe4
      220542000	     10925	80003722	fd1d5be3	bge	x26,x17,800036f8	 x26:0xfffffff7 x17:0xffffffec
      220582000	     10927	800036f8	27c04f13	xori	x30,x0,636	  x0:0x00000000 x30=0x0000027c
      220602000	     10928	800036fc	01bd04b3	add	x9,x26,x27	 x26:0xfffffff7 x27:0x0000000d  x9=0x00000004
      220622000	     10929	80003700	0ff0000f	fence	iorw,iorw	
      220642000	     10930	80003704	0001	c.addi	x0,0	  x0:0x00000000  x0=0x00000000
      220662000	     10931	80003706	1d59	c.addi	x26,-10	 x26:0xfffffff7 x26=0xffffffed
      220682000	     10932	80003708	de138517	auipc	x10,0xde138	 x10=0x5e13b708
      221422000	     10969	8000370c	027f5933	divu	x18,x30,x7	 x30:0x0000027c  x7:0x00000009 x18=0x00000046
      221442000	     10970	80003710	239ab213	sltiu	x4,x21,569	 x21:0x00000009  x4=0x00000001
      221462000	     10971	80003714	c484b593	sltiu	x11,x9,-952	  x9:0x00000004 x11=0x00000001
      221482000	     10972	80003718	0001	c.addi	x0,0	  x0:0x00000000  x0=0x00000000
      221502000	     10973	8000371a	01e9db33	srl	x22,x19,x30	 x19:0x00000001 x30:0x0000027c x22=0x00000000
      221522000	     10974	8000371e	01a8f633	and	x12,x17,x26	 x17:0xffffffec x26:0xffffffed x12=0xffffffec
      221542000	     10975	80003722	fd1d5be3	bge	x26,x17,800036f8	 x26:0xffffffed x17:0xffffffec
      221582000	     10977	800036f8	27c04f13	xori	x30,x0,636	  x0:0x00000000 x30=0x0000027c
      221602000	     10978	800036fc	01bd04b3	add	x9,x26,x27	 x26:0xffffffed x27:0x0000000d  x9=0xfffffffa
      221622000	     10979	80003700	0ff0000f	fence	iorw,iorw	
      221642000	     10980	80003704	0001	c.addi	x0,0	  x0:0x00000000  x0=0x00000000
      221662000	     10981	80003706	1d59	c.addi	x26,-10	 x26:0xffffffed x26=0xffffffe3
      221682000	     10982	80003708	de138517	auipc	x10,0xde138	 x10=0x5e13b708
      222422000	     11019	8000370c	027f5933	divu	x18,x30,x7	 x30:0x0000027c  x7:0x00000009 x18=0x00000046
      222442000	     11020	80003710	239ab213	sltiu	x4,x21,569	 x21:0x00000009  x4=0x00000001
      222462000	     11021	80003714	c484b593	sltiu	x11,x9,-952	  x9:0xfffffffa x11=0x00000000
      222482000	     11022	80003718	0001	c.addi	x0,0	  x0:0x00000000  x0=0x00000000
      222502000	     11023	8000371a	01e9db33	srl	x22,x19,x30	 x19:0x00000001 x30:0x0000027c x22=0x00000000
      222522000	     11024	8000371e	01a8f633	and	x12,x17,x26	 x17:0xffffffec x26:0xffffffe3 x12=0xffffffe0
      222542000	     11025	80003722	fd1d5be3	bge	x26,x17,800036f8	 x26:0xffffffe3 x17:0xffffffec
      223282000	     11062	80003726	02ebf533	remu	x10,x23,x14	 x23:0x00000008 x14:0x0000d018 x10=0x00000008
      223302000	     11063	8000372a	59f5	c.li	x19,-3	 x19=0xfffffffd
      223322000	     11064	8000372c	02c28fb3	mul	x31,x5,x12	  x5:0x7c1a79f7 x12:0xffffffe0 x31=0x7cb0c120
      223342000	     11065	80003730	013c9e93	slli	x29,x25,0x13	 x25:0x00000001 x29=0x00080000
      223362000	     11066	80003734	53f1	c.li	x7,-4	  x7=0xfffffffc
      224102000	     11103	80003736	03aaeeb3	rem	x29,x21,x26	 x21:0x00000009 x26:0xffffffe3 x29=0x00000009
      224122000	     11104	8000373a	19f9	c.addi	x19,-2	 x19:0xfffffffd x19=0xfffffffb
      224142000	     11105	8000373c	016d6e33	or	x28,x26,x22	 x26:0xffffffe3 x22:0x00000000 x28=0xffffffe3
      224162000	     11106	80003740	5d65	c.li	x26,-7	 x26=0xfffffff9
      224202000	     11108	80003742	03427633	remu	x12,x4,x20	  x4:0x00000001 x20:0x00000000 x12=0x00000001
      224222000	     11109	80003746	4895	c.li	x17,5	 x17=0x00000005
      224262000	     11111	80003748	01e7cbb3	xor	x23,x15,x30	 x15:0x80028ce4 x30:0x0000027c x23=0x80028e98
      224282000	     11112	8000374c	8976	c.mv	x18,x29	  x0:0x00000000 x29:0x00000009 x18=0x00000009
      224302000	     11113	8000374e	0d19	c.addi	x26,6	 x26:0xfffffff9 x26=0xffffffff
      224322000	     11114	80003750	ff1d0ee3	beq	x26,x17,8000374c	 x26:0xffffffff x17:0x00000005
      224502000	     11123	80003754	0000100f	fence.i	
      225522000	     11174	80003758	fc79dfe3	bge	x19,x7,80003736	 x19:0xfffffffb  x7:0xfffffffc
      225542000	     11175	8000375c	406e8c33	sub	x24,x29,x6	 x29:0x00000009  x6:0x7c1a79f7 x24=0x83e58612
      225962000	     11196	80003760	4b29	c.li	x22,10	 x22=0x0000000a
      225982000	     11197	80003762	01629033	sll	x0,x5,x22	  x5:0x7c1a79f7 x22:0x0000000a  x0=0x00000000
      226002000	     11198	80003766	2a1cf913	andi	x18,x25,673	 x25:0x00000001 x18=0x00000001
      226022000	     11199	8000376a	463d	c.li	x12,15	 x12=0x0000000f
      226042000	     11200	8000376c	8e7fcf93	xori	x31,x31,-1817	 x31:0x7cb0c120 x31=0x834f39c7
      226062000	     11201	80003770	00db3eb3	sltu	x29,x22,x13	 x22:0x0000000a x13:0x0000000b x29=0x00000001
      226082000	     11202	80003774	0b1d	c.addi	x22,7	 x22:0x0000000a x22=0x00000011
      226342000	     11215	80003776	00b932b3	sltu	x5,x18,x11	 x18:0x00000001 x11:0x00000000  x5=0x00000000
      226362000	     11216	8000377a	5c71	c.li	x24,-4	 x24=0xfffffffc
      226382000	     11217	8000377c	8ed9	c.or	x13,x14	 x13:0x0000000b x14:0x0000d018 x13=0x0000d01b
      226402000	     11218	8000377e	59d1	c.li	x19,-12	 x19=0xfffffff4
      226442000	     11220	80003780	0185	c.addi	x3,1	  x3:0xfffffffb  x3=0xfffffffc
      227182000	     11257	80003782	0305d4b3	divu	x9,x11,x16	 x11:0x00000000 x16:0x00000009  x9=0x00000000
      227222000	     11259	80003786	02e59fb3	mulh	x31,x11,x14	 x11:0x00000000 x14:0x0000d018 x31=0x00000000
      227242000	     11260	8000378a	8d71	c.and	x10,x12	 x10:0x00000008 x12:0x0000000f x10=0x00000008
      227982000	     11297	8000378c	023cebb3	rem	x23,x25,x3	 x25:0x00000001  x3:0xfffffffc x23=0x00000001
      228002000	     11298	80003790	c7d26c93	ori	x25,x4,-899	  x4:0x00000001 x25=0xfffffc7d
      228022000	     11299	80003794	ec58a713	slti	x14,x17,-315	 x17:0x00000005 x14=0x00000000
      228042000	     11300	80003798	1c71	c.addi	x24,-4	 x24:0xfffffffc x24=0xfffffff8
      228062000	     11301	8000379a	ff3c56e3	bge	x24,x19,80003786	 x24:0xfffffff8 x19:0xfffffff4
      228802000	     11338	80003786	02e59fb3	mulh	x31,x11,x14	 x11:0x00000000 x14:0x00000000 x31=0x00000000
      228822000	     11339	8000378a	8d71	c.and	x10,x12	 x10:0x00000008 x12:0x0000000f x10=0x00000008
      229922000	     11394	8000378c	023cebb3	rem	x23,x25,x3	 x25:0xfffffc7d  x3:0xfffffffc x23=0xfffffffd
      229942000	     11395	80003790	c7d26c93	ori	x25,x4,-899	  x4:0x00000001 x25=0xfffffc7d
      230002000	     11398	80003794	ec58a713	slti	x14,x17,-315	 x17:0x00000005 x14=0x00000000
      230022000	     11399	80003798	1c71	c.addi	x24,-4	 x24:0xfffffff8 x24=0xfffffff4
      230042000	     11400	8000379a	ff3c56e3	bge	x24,x19,80003786	 x24:0xfffffff4 x19:0xfffffff4
      231102000	     11453	80003786	02e59fb3	mulh	x31,x11,x14	 x11:0x00000000 x14:0x00000000 x31=0x00000000
      231122000	     11454	8000378a	8d71	c.and	x10,x12	 x10:0x00000008 x12:0x0000000f x10=0x00000008
      231982000	     11497	8000378c	023cebb3	rem	x23,x25,x3	 x25:0xfffffc7d  x3:0xfffffffc x23=0xfffffffd
      232002000	     11498	80003790	c7d26c93	ori	x25,x4,-899	  x4:0x00000001 x25=0xfffffc7d
      232022000	     11499	80003794	ec58a713	slti	x14,x17,-315	 x17:0x00000005 x14=0x00000000
      232042000	     11500	80003798	1c71	c.addi	x24,-4	 x24:0xfffffff4 x24=0xfffffff0
      232062000	     11501	8000379a	ff3c56e3	bge	x24,x19,80003786	 x24:0xfffffff0 x19:0xfffffff4
      232082000	     11502	8000379e	8f49	c.or	x14,x10	 x14:0x00000000 x10:0x00000008 x14=0x00000008
      232102000	     11503	800037a0	fccb48e3	blt	x22,x12,80003770	 x22:0x00000011 x12:0x0000000f
      232122000	     11504	800037a4	68ed	c.lui	x17,0x1b	 x17=0x0001b000
      232142000	     11505	800037a6	46a9	c.li	x13,10	 x13=0x0000000a
      232162000	     11506	800037a8	8c21	c.xor	x8,x8	  x8:0x00000000  x8:0x00000000  x8=0x00000000
      232182000	     11507	800037aa	0000100f	fence.i	
      232702000	     11533	800037ae	382eff13	andi	x30,x29,898	 x29:0x00000001 x30=0x00000000
      232722000	     11534	800037b2	e1902b13	slti	x22,x0,-487	  x0:0x00000000 x22=0x00000000
      232742000	     11535	800037b6	0001	c.addi	x0,0	  x0:0x00000000  x0=0x00000000
      232762000	     11536	800037b8	17a32c37	lui	x24,0x17a32	 x24=0x17a32000
      232882000	     11542	800037bc	014ee5b3	or	x11,x29,x20	 x29:0x00000001 x20:0x00000000 x11=0x00000001
      232902000	     11543	800037c0	8f29	c.xor	x14,x10	 x14:0x00000008 x10:0x00000008 x14=0x00000000
      232922000	     11544	800037c2	16ed	c.addi	x13,-5	 x13:0x0000000a x13=0x00000005
      232942000	     11545	800037c4	0001	c.addi	x0,0	  x0:0x00000000  x0=0x00000000
      232962000	     11546	800037c6	0001	c.addi	x0,0	  x0:0x00000000  x0=0x00000000
      238182000	     11807	800037c8	daf5	c.beqz	x13,800037bc	 x13:0x00000005
      238922000	     11844	800037ca	0278feb3	remu	x29,x17,x7	 x17:0x0001b000  x7:0xfffffffc x29=0x0001b000
      238942000	     11845	800037ce	5c5d	c.li	x24,-9	 x24=0xfffffff7
      238962000	     11846	800037d0	00a3f2b3	and	x5,x7,x10	  x7:0xfffffffc x10:0x00000008  x5=0x00000008
      239002000	     11848	800037d4	03f5c933	div	x18,x11,x31	 x11:0x00000001 x31:0x00000000 x18=0xffffffff
      239022000	     11849	800037d8	53b9	c.li	x7,-18	  x7=0xffffffee
      239042000	     11850	800037da	1814	c.addi4spn	x13,x2,48	 x13=0x80024e5c
      239062000	     11851	800037dc	d22e0093	addi	x1,x28,-734	 x28:0xffffffe3  x1=0xfffffd05
      239082000	     11852	800037e0	1c5d	c.addi	x24,-9	 x24:0xfffffff7 x24=0xffffffee
      239102000	     11853	800037e2	6b348093	addi	x1,x9,1715	  x9:0x00000000  x1=0x000006b3
      239282000	     11862	800037e6	8ed72f13	slti	x30,x14,-1811	 x14:0x00000000 x30=0x00000000
      239702000	     11883	800037ea	fe7c58e3	bge	x24,x7,800037da	 x24:0xffffffee  x7:0xffffffee
      240782000	     11937	800037da	1814	c.addi4spn	x13,x2,48	 x13=0x80024e5c
      240802000	     11938	800037dc	d22e0093	addi	x1,x28,-734	 x28:0xffffffe3  x1=0xfffffd05
      240822000	     11939	800037e0	1c5d	c.addi	x24,-9	 x24:0xffffffee x24=0xffffffe5
      240842000	     11940	800037e2	6b348093	addi	x1,x9,1715	  x9:0x00000000  x1=0x000006b3
      240862000	     11941	800037e6	8ed72f13	slti	x30,x14,-1811	 x14:0x00000000 x30=0x00000000
      240882000	     11942	800037ea	fe7c58e3	bge	x24,x7,800037da	 x24:0xffffffe5  x7:0xffffffee
      240902000	     11943	800037ee	a9fcb593	sltiu	x11,x25,-1377	 x25:0xfffffc7d x11=0x00000000
      240922000	     11944	800037f2	4da1	c.li	x27,8	 x27=0x00000008
      240942000	     11945	800037f4	4091	c.li	x1,4	  x1=0x00000004
      240962000	     11946	800037f6	6d3e8513	addi	x10,x29,1747	 x29:0x0001b000 x10=0x0001b6d3
      240982000	     11947	800037fa	9c0e	c.add	x24,x3	 x24:0xffffffe5  x3:0xfffffffc x24=0xffffffe1
      241002000	     11948	800037fc	1df9	c.addi	x27,-2	 x27:0x00000008 x27=0x00000006
      241022000	     11949	800037fe	58ed	c.li	x17,-5	 x17=0xfffffffb
      241282000	     11962	80003800	4ecd	c.li	x29,19	 x29=0x00000013
      241322000	     11964	80003802	03f83d33	mulhu	x26,x16,x31	 x16:0x00000009 x31:0x00000000 x26=0x00000000
      241602000	     11978	80003806	0000100f	fence.i	
      242222000	     12009	8000380a	0899	c.addi	x17,6	 x17:0xfffffffb x17=0x00000001
      242242000	     12010	8000380c	ffd88be3	beq	x17,x29,80003802	 x17:0x00000001 x29:0x00000013
      242262000	     12011	80003810	fe1df3e3	bgeu	x27,x1,800037f6	 x27:0x00000006  x1:0x00000004
      242582000	     12027	800037f6	6d3e8513	addi	x10,x29,1747	 x29:0x00000013 x10=0x000006e6
      242602000	     12028	800037fa	9c0e	c.add	x24,x3	 x24:0xffffffe1  x3:0xfffffffc x24=0xffffffdd
      242622000	     12029	800037fc	1df9	c.addi	x27,-2	 x27:0x00000006 x27=0x00000004
      242642000	     12030	800037fe	58ed	c.li	x17,-5	 x17=0xfffffffb
      242662000	     12031	80003800	4ecd	c.li	x29,19	 x29=0x00000013
      242702000	     12033	80003802	03f83d33	mulhu	x26,x16,x31	 x16:0x00000009 x31:0x00000000 x26=0x00000000
      242722000	     12034	80003806	0000100f	fence.i	
      243542000	     12075	8000380a	0899	c.addi	x17,6	 x17:0xfffffffb x17=0x00000001
      243642000	     12080	8000380c	ffd88be3	beq	x17,x29,80003802	 x17:0x00000001 x29:0x00000013
      243662000	     12081	80003810	fe1df3e3	bgeu	x27,x1,800037f6	 x27:0x00000004  x1:0x00000004
      244422000	     12119	800037f6	6d3e8513	addi	x10,x29,1747	 x29:0x00000013 x10=0x000006e6
      244442000	     12120	800037fa	9c0e	c.add	x24,x3	 x24:0xffffffdd  x3:0xfffffffc x24=0xffffffd9
      244662000	     12131	800037fc	1df9	c.addi	x27,-2	 x27:0x00000004 x27=0x00000002
      244682000	     12132	800037fe	58ed	c.li	x17,-5	 x17=0xfffffffb
      244702000	     12133	80003800	4ecd	c.li	x29,19	 x29=0x00000013
      244742000	     12135	80003802	03f83d33	mulhu	x26,x16,x31	 x16:0x00000009 x31:0x00000000 x26=0x00000000
      244962000	     12146	80003806	0000100f	fence.i	
      245842000	     12190	8000380a	0899	c.addi	x17,6	 x17:0xfffffffb x17=0x00000001
      246022000	     12199	8000380c	ffd88be3	beq	x17,x29,80003802	 x17:0x00000001 x29:0x00000013
      246042000	     12200	80003810	fe1df3e3	bgeu	x27,x1,800037f6	 x27:0x00000002  x1:0x00000004
      246082000	     12202	80003814	024223b3	mulhsu	x7,x4,x4	  x4:0x00000001  x4:0x00000001  x7=0x00000000
      246102000	     12203	80003818	42a1	c.li	x5,8	  x5=0x00000008
      246342000	     12215	8000381a	0369ec33	rem	x24,x19,x22	 x19:0xfffffff4 x22:0x00000000 x24=0xfffffff4
      246362000	     12216	8000381e	46a1	c.li	x13,8	 x13=0x00000008
      246382000	     12217	80003820	99fd	c.andi	x11,-1	 x11:0x00000000 x11=0x00000000
      246402000	     12218	80003822	5cfd	c.li	x25,-1	 x25=0xffffffff
      246502000	     12223	80003824	0001	c.addi	x0,0	  x0:0x00000000  x0=0x00000000
      246842000	     12240	80003826	a3244313	xori	x6,x8,-1486	  x8:0x00000000  x6=0xfffffa32
      247742000	     12285	8000382a	022effb3	remu	x31,x29,x2	 x29:0x00000013  x2:0x80024e2c x31=0x00000013
      247762000	     12286	8000382e	8446	c.mv	x8,x17	  x0:0x00000000 x17:0x00000001  x8=0x00000001
      247782000	     12287	80003830	12f9	c.addi	x5,-2	  x5:0x00000008  x5=0x00000006
      247802000	     12288	80003832	013b5433	srl	x8,x22,x19	 x22:0x00000000 x19:0xfffffff4  x8=0x00000000
      247822000	     12289	80003836	8f79	c.and	x14,x14	 x14:0x00000000 x14:0x00000000 x14=0x00000000
      247842000	     12290	80003838	01de2eb3	slt	x29,x28,x29	 x28:0xffffffe3 x29:0x00000013 x29=0x00000001
      247862000	     12291	8000383c	9a7d	c.andi	x12,-1	 x12:0x0000000f x12=0x0000000f
      247882000	     12292	8000383e	fed2f3e3	bgeu	x5,x13,80003824	  x5:0x00000006 x13:0x00000008
      247902000	     12293	80003842	0ff0000f	fence	iorw,iorw	
      247922000	     12294	80003846	5365	c.li	x6,-7	  x6=0xfffffff9
      248042000	     12300	80003848	85b9	c.srai	x11,0xe	 x11:0x00000000 x11=0x00000000
      248062000	     12301	8000384a	4a2e3b13	sltiu	x22,x28,1186	 x28:0xffffffe3 x22=0x00000000
      248082000	     12302	8000384e	003cdf13	srli	x30,x25,0x3	 x25:0xffffffff x30=0x1fffffff
      248282000	     12312	80003852	02a8a633	mulhsu	x12,x17,x10	 x17:0x00000001 x10:0x000006e6 x12=0x00000000
      248302000	     12313	80003856	0001	c.addi	x0,0	  x0:0x00000000  x0=0x00000000
      248342000	     12315	80003858	02e1a2b3	mulhsu	x5,x3,x14	  x3:0xfffffffc x14:0x00000000  x5=0x00000000
      248662000	     12331	8000385c	6dbd	c.lui	x27,0xf	 x27=0x0000f000
      248762000	     12336	8000385e	025f91b3	mulh	x3,x31,x5	 x31:0x00000013  x5:0x00000000  x3=0x00000000
      248782000	     12337	80003862	8f3d	c.xor	x14,x15	 x14:0x00000000 x15:0x80028ce4 x14=0x80028ce4
      249142000	     12355	80003864	4405	c.li	x8,1	  x8=0x00000001
      249462000	     12371	80003866	2b3f0d13	addi	x26,x30,691	 x30:0x1fffffff x26=0x200002b2
      249482000	     12372	8000386a	076e	c.slli	x14,0x1b	 x14:0x80028ce4 x14=0x20000000
      249502000	     12373	8000386c	8df1	c.and	x11,x12	 x11:0x00000000 x12:0x00000000 x11=0x00000000
      249522000	     12374	8000386e	01ebdfb3	srl	x31,x23,x30	 x23:0xfffffffd x30:0x1fffffff x31=0x00000001
      249542000	     12375	80003872	0311	c.addi	x6,4	  x6:0xfffffff9  x6=0xfffffffd
      250282000	     12412	80003874	03e6d733	divu	x14,x13,x30	 x13:0x00000008 x30:0x1fffffff x14=0x00000000
      250302000	     12413	80003878	01e54933	xor	x18,x10,x30	 x10:0x000006e6 x30:0x1fffffff x18=0x1ffff919
      250322000	     12414	8000387c	899a	c.mv	x19,x6	  x0:0x00000000  x6:0xfffffffd x19=0xfffffffd
      250342000	     12415	8000387e	1ffd	c.addi	x31,-1	 x31:0x00000001 x31=0x00000000
      250362000	     12416	80003880	fe8343e3	blt	x6,x8,80003866	  x6:0xfffffffd  x8:0x00000001
      251422000	     12469	80003866	2b3f0d13	addi	x26,x30,691	 x30:0x1fffffff x26=0x200002b2
      251442000	     12470	8000386a	076e	c.slli	x14,0x1b	 x14:0x00000000 x14=0x00000000
      251462000	     12471	8000386c	8df1	c.and	x11,x12	 x11:0x00000000 x12:0x00000000 x11=0x00000000
      251702000	     12483	8000386e	01ebdfb3	srl	x31,x23,x30	 x23:0xfffffffd x30:0x1fffffff x31=0x00000001
      251722000	     12484	80003872	0311	c.addi	x6,4	  x6:0xfffffffd  x6=0x00000001
      252842000	     12540	80003874	03e6d733	divu	x14,x13,x30	 x13:0x00000008 x30:0x1fffffff x14=0x00000000
      252862000	     12541	80003878	01e54933	xor	x18,x10,x30	 x10:0x000006e6 x30:0x1fffffff x18=0x1ffff919
      252882000	     12542	8000387c	899a	c.mv	x19,x6	  x0:0x00000000  x6:0x00000001 x19=0x00000001
      252902000	     12543	8000387e	1ffd	c.addi	x31,-1	 x31:0x00000001 x31=0x00000000
      252922000	     12544	80003880	fe8343e3	blt	x6,x8,80003866	  x6:0x00000001  x8:0x00000001
      253662000	     12581	80003884	02136e33	rem	x28,x6,x1	  x6:0x00000001  x1:0x00000004 x28=0x00000001
      253682000	     12582	80003888	5cfd	c.li	x25,-1	 x25=0xffffffff
      253702000	     12583	8000388a	177d	c.addi	x14,-1	 x14:0x00000000 x14=0xffffffff
      254442000	     12620	8000388c	033cfc33	remu	x24,x25,x19	 x25:0xffffffff x19:0x00000001 x24=0x00000000
      255182000	     12657	80003890	028270b3	remu	x1,x4,x8	  x4:0x00000001  x8:0x00000001  x1=0x00000000
      255202000	     12658	80003894	0d5a	c.slli	x26,0x16	 x26:0x200002b2 x26=0xac800000
      255222000	     12659	80003896	8e75	c.and	x12,x13	 x12:0x00000000 x13:0x00000008 x12=0x00000000
      255262000	     12661	80003898	02511cb3	mulh	x25,x2,x5	  x2:0x80024e2c  x5:0x00000000 x25=0x00000000
      255282000	     12662	8000389c	00dc0db3	add	x27,x24,x13	 x24:0x00000000 x13:0x00000008 x27=0x00000008
      255302000	     12663	800038a0	4cb1	c.li	x25,12	 x25=0x0000000c
      255342000	     12665	800038a2	0279cfb3	div	x31,x19,x7	 x19:0x00000001  x7:0x00000000 x31=0xffffffff
      255362000	     12666	800038a6	cd89	c.beqz	x11,800038c0	 x11:0x00000000
      256322000	     12714	800038c0	01f19363	bne	x3,x31,800038c6	  x3:0x00000000 x31:0xffffffff
      257202000	     12758	800038c6	802d	c.srli	x8,0xb	  x8:0x00000001  x8=0x00000000
      257242000	     12760	800038c8	0038cc63	blt	x17,x3,800038e0	 x17:0x00000001  x3:0x00000000
      257362000	     12766	800038cc	00ef7233	and	x4,x30,x14	 x30:0x1fffffff x14:0xffffffff  x4=0x1fffffff
      257542000	     12775	800038d0	98fd	c.andi	x9,-1	  x9:0x00000000  x9=0x00000000
      257562000	     12776	800038d2	c08d	c.beqz	x9,800038f4	  x9:0x00000000
      258642000	     12830	800038f4	8816	c.mv	x16,x5	  x0:0x00000000  x5:0x00000000 x16=0x00000000
      258842000	     12840	800038f6	01ec2c33	slt	x24,x24,x30	 x24:0x00000000 x30:0x1fffffff x24=0x00000001
      258862000	     12841	800038fa	37186eb7	lui	x29,0x37186	 x29=0x37186000
      258882000	     12842	800038fe	01f4a933	slt	x18,x9,x31	  x9:0x00000000 x31:0xffffffff x18=0x00000000
      258902000	     12843	80003902	002ae863	bltu	x21,x2,80003912	 x21:0x00000009  x2:0x80024e2c
      259202000	     12858	80003912	00911633	sll	x12,x2,x9	  x2:0x80024e2c  x9:0x00000000 x12=0x80024e2c
      259222000	     12859	80003916	40d08c33	sub	x24,x1,x13	  x1:0x00000000 x13:0x00000008 x24=0xfffffff8
      259242000	     12860	8000391a	00327a33	and	x20,x4,x3	  x4:0x1fffffff  x3:0x00000000 x20=0x00000000
      259282000	     12862	8000391e	8759bf93	sltiu	x31,x19,-1931	 x19:0x00000001 x31=0x00000001
      259302000	     12863	80003922	95a91cb7	lui	x25,0x95a91	 x25=0x95a91000
      259322000	     12864	80003926	006032b3	sltu	x5,x0,x6	  x0:0x00000000  x6:0x00000001  x5=0x00000001
      259342000	     12865	8000392a	8ced	c.and	x9,x11	  x9:0x00000000 x11:0x00000000  x9=0x00000000
      259362000	     12866	8000392c	850e	c.mv	x10,x3	  x0:0x00000000  x3:0x00000000 x10=0x00000000
      259922000	     12894	8000392e	41ff5b93	srai	x23,x30,0x1f	 x30:0x1fffffff x23=0x00000000
      260102000	     12903	80003932	ee52ef93	ori	x31,x5,-283	  x5:0x00000001 x31=0xfffffee5
      260122000	     12904	80003936	415bde93	srai	x29,x23,0x15	 x23:0x00000000 x29=0x00000000
      260142000	     12905	8000393a	0001	c.addi	x0,0	  x0:0x00000000  x0=0x00000000
      260162000	     12906	8000393c	42336d93	ori	x27,x6,1059	  x6:0x00000001 x27=0x00000423
      260182000	     12907	80003940	c5a1	c.beqz	x11,80003988	 x11:0x00000000
      260642000	     12930	80003988	27444213	xori	x4,x8,628	  x8:0x00000000  x4=0x00000274
      260662000	     12931	8000398c	1a9cc213	xori	x4,x25,425	 x25:0x95a91000  x4=0x95a911a9
      260682000	     12932	80003990	39936613	ori	x12,x6,921	  x6:0x00000001 x12=0x00000399
      260842000	     12940	80003994	03c78733	mul	x14,x15,x28	 x15:0x80028ce4 x28:0x00000001 x14=0x80028ce4
      260862000	     12941	80003998	5ffd	c.li	x31,-1	 x31=0xffffffff
      261022000	     12949	8000399a	024b16b3	mulh	x13,x22,x4	 x22:0x00000000  x4:0x95a911a9 x13=0x00000000
      261282000	     12962	8000399e	0000100f	fence.i	
      262462000	     13021	800039a2	03e43e33	mulhu	x28,x8,x30	  x8:0x00000000 x30:0x1fffffff x28=0x00000000
      262482000	     13022	800039a6	1f7d	c.addi	x30,-1	 x30:0x1fffffff x30=0x1ffffffe
      262622000	     13029	800039a8	0376feb3	remu	x29,x13,x23	 x13:0x00000000 x23:0x00000000 x29=0x00000000
      262642000	     13030	800039ac	6e19	c.lui	x28,0x6	 x28=0x00006000
      262662000	     13031	800039ae	01d22bb3	slt	x23,x4,x29	  x4:0x95a911a9 x29:0x00000000 x23=0x00000001
      262682000	     13032	800039b2	9f8e	c.add	x31,x3	 x31:0xffffffff  x3:0x00000000 x31=0xffffffff
      262702000	     13033	800039b4	04247163	bgeu	x8,x2,800039f6	  x8:0x00000000  x2:0x80024e2c
      262922000	     13044	800039b8	5db32893	slti	x17,x6,1499	  x6:0x00000001 x17=0x00000001
      262942000	     13045	800039bc	4595	c.li	x11,5	 x11=0x00000005
      263122000	     13054	800039be	01518d33	add	x26,x3,x21	  x3:0x00000000 x21:0x00000009 x26=0x00000009
      263142000	     13055	800039c2	50e5	c.li	x1,-7	  x1=0xfffffff9
      263542000	     13075	800039c4	9ba6	c.add	x23,x9	 x23:0x00000001  x9:0x00000000 x23=0x00000001
      263562000	     13076	800039c6	8e79	c.and	x12,x14	 x12:0x00000399 x14:0x80028ce4 x12=0x00000080
      263582000	     13077	800039c8	15f1	c.addi	x11,-4	 x11:0x00000005 x11=0x00000001
      263602000	     13078	800039ca	4f99	c.li	x31,6	 x31=0x00000006
      263622000	     13079	800039cc	8c25	c.xor	x8,x9	  x8:0x00000000  x9:0x00000000  x8=0x00000000
      263642000	     13080	800039ce	4f21	c.li	x30,8	 x30=0x00000008
      263662000	     13081	800039d0	33c28493	addi	x9,x5,828	  x5:0x00000001  x9=0x0000033d
      263682000	     13082	800039d4	6bc5	c.lui	x23,0x11	 x23=0x00011000
      263702000	     13083	800039d6	0f9d	c.addi	x31,7	 x31:0x00000006 x31=0x0000000d
      263722000	     13084	800039d8	0001	c.addi	x0,0	  x0:0x00000000  x0=0x00000000
      263742000	     13085	800039da	ffefede3	bltu	x31,x30,800039d4	 x31:0x0000000d x30:0x00000008
      263762000	     13086	800039de	8895	c.andi	x9,5	  x9:0x0000033d  x9=0x00000005
      263782000	     13087	800039e0	fe1593e3	bne	x11,x1,800039c6	 x11:0x00000001  x1:0xfffffff9
      264082000	     13102	800039c6	8e79	c.and	x12,x14	 x12:0x00000080 x14:0x80028ce4 x12=0x00000080
      264162000	     13106	800039c8	15f1	c.addi	x11,-4	 x11:0x00000001 x11=0xfffffffd
      264182000	     13107	800039ca	4f99	c.li	x31,6	 x31=0x00000006
      264242000	     13110	800039cc	8c25	c.xor	x8,x9	  x8:0x00000000  x9:0x00000005  x8=0x00000005
      264262000	     13111	800039ce	4f21	c.li	x30,8	 x30=0x00000008
      264642000	     13130	800039d0	33c28493	addi	x9,x5,828	  x5:0x00000001  x9=0x0000033d
      264802000	     13138	800039d4	6bc5	c.lui	x23,0x11	 x23=0x00011000
      264822000	     13139	800039d6	0f9d	c.addi	x31,7	 x31:0x00000006 x31=0x0000000d
      264842000	     13140	800039d8	0001	c.addi	x0,0	  x0:0x00000000  x0=0x00000000
      265242000	     13160	800039da	ffefede3	bltu	x31,x30,800039d4	 x31:0x0000000d x30:0x00000008
      265262000	     13161	800039de	8895	c.andi	x9,5	  x9:0x0000033d  x9=0x00000005
      265282000	     13162	800039e0	fe1593e3	bne	x11,x1,800039c6	 x11:0xfffffffd  x1:0xfffffff9
      265522000	     13174	800039c6	8e79	c.and	x12,x14	 x12:0x00000080 x14:0x80028ce4 x12=0x00000080
      265542000	     13175	800039c8	15f1	c.addi	x11,-4	 x11:0xfffffffd x11=0xfffffff9
      265562000	     13176	800039ca	4f99	c.li	x31,6	 x31=0x00000006
      265662000	     13181	800039cc	8c25	c.xor	x8,x9	  x8:0x00000005  x9:0x00000005  x8=0x00000000
      265682000	     13182	800039ce	4f21	c.li	x30,8	 x30=0x00000008
      265702000	     13183	800039d0	33c28493	addi	x9,x5,828	  x5:0x00000001  x9=0x0000033d
      265962000	     13196	800039d4	6bc5	c.lui	x23,0x11	 x23=0x00011000
      265982000	     13197	800039d6	0f9d	c.addi	x31,7	 x31:0x00000006 x31=0x0000000d
      266002000	     13198	800039d8	0001	c.addi	x0,0	  x0:0x00000000  x0=0x00000000
      266022000	     13199	800039da	ffefede3	bltu	x31,x30,800039d4	 x31:0x0000000d x30:0x00000008
      266042000	     13200	800039de	8895	c.andi	x9,5	  x9:0x0000033d  x9=0x00000005
      266062000	     13201	800039e0	fe1593e3	bne	x11,x1,800039c6	 x11:0xfffffff9  x1:0xfffffff9
      266202000	     13208	800039e4	8216	c.mv	x4,x5	  x0:0x00000000  x5:0x00000001  x4=0x00000001
      266282000	     13212	800039e6	1ecc5517	auipc	x10,0x1ecc5	 x10=0x9ecc89e6
      266602000	     13228	800039ea	00201693	slli	x13,x0,0x2	  x0:0x00000000 x13=0x00000000
      266622000	     13229	800039ee	e719	c.bnez	x14,800039fc	 x14:0x80028ce4
      267062000	     13251	800039fc	7060b713	sltiu	x14,x1,1798	  x1:0xfffffff9 x14=0x00000000
      267462000	     13271	80003a00	0001	c.addi	x0,0	  x0:0x00000000  x0=0x00000000
      267642000	     13280	80003a02	009f1613	slli	x12,x30,0x9	 x30:0x00000008 x12=0x00001000
      267662000	     13281	80003a06	01190013	addi	x0,x18,17	 x18:0x00000000  x0=0x00000000
      267682000	     13282	80003a0a	89f1	c.andi	x11,28	 x11:0xfffffff9 x11=0x00000018
      267742000	     13285	80003a0c	41168933	sub	x18,x13,x17	 x13:0x00000000 x17:0x00000001 x18=0xffffffff
      267762000	     13286	80003a10	8555	c.srai	x10,0x15	 x10:0x9ecc89e6 x10=0xfffffcf6
      267822000	     13289	80003a12	8ba54493	xori	x9,x10,-1862	 x10:0xfffffcf6  x9=0x0000044c
      267922000	     13294	80003a16	0ff0000f	fence	iorw,iorw	
      268022000	     13299	80003a1a	013ebdb3	sltu	x27,x29,x19	 x29:0x00000000 x19:0x00000001 x27=0x00000001
      268042000	     13300	80003a1e	015cd333	srl	x6,x25,x21	 x25:0x95a91000 x21:0x00000009  x6=0x004ad488
      268362000	     13316	80003a22	489fae97	auipc	x29,0x489fa	 x29=0xc89fda22
      268382000	     13317	80003a26	038f8eb3	mul	x29,x31,x24	 x31:0x0000000d x24:0xfffffff8 x29=0xffffff98
      268542000	     13325	80003a2a	51d93993	sltiu	x19,x18,1309	 x18:0xffffffff x19=0x00000000
      268562000	     13326	80003a2e	02228563	beq	x5,x2,80003a58	  x5:0x00000001  x2:0x80024e2c
      268602000	     13328	80003a32	01c8d1b3	srl	x3,x17,x28	 x17:0x00000001 x28:0x00006000  x3=0x00000001
      268622000	     13329	80003a36	0001	c.addi	x0,0	  x0:0x00000000  x0=0x00000000
      268642000	     13330	80003a38	00025533	srl	x10,x4,x0	  x4:0x00000001  x0:0x00000000 x10=0x00000001
      268882000	     13342	80003a3c	985a	c.add	x16,x22	 x16:0x00000000 x22:0x00000000 x16=0x00000000
      268962000	     13346	80003a3e	41a15bb3	sra	x23,x2,x26	  x2:0x80024e2c x26:0x00000009 x23=0xffc00127
      269402000	     13368	80003a42	0303bdb3	mulhu	x27,x7,x16	  x7:0x00000000 x16:0x00000000 x27=0x00000000
      269422000	     13369	80003a46	8b86	c.mv	x23,x1	  x0:0x00000000  x1:0xfffffff9 x23=0xfffffff9
      269442000	     13370	80003a48	00da1713	slli	x14,x20,0xd	 x20:0x00000000 x14=0x00000000
      269462000	     13371	80003a4c	92872c13	slti	x24,x14,-1752	 x14:0x00000000 x24=0x00000000
      269482000	     13372	80003a50	0080ba33	sltu	x20,x1,x8	  x1:0xfffffff9  x8:0x00000000 x20=0x00000000
      269502000	     13373	80003a54	00e3b5b3	sltu	x11,x7,x14	  x7:0x00000000 x14:0x00000000 x11=0x00000000
      269522000	     13374	80003a58	adcbcc93	xori	x25,x23,-1316	 x23:0xfffffff9 x25=0x00000525
      269562000	     13376	80003a5c	0279cb33	div	x22,x19,x7	 x19:0x00000000  x7:0x00000000 x22=0xffffffff
      270142000	     13405	80003a60	01d2f8b3	and	x17,x5,x29	  x5:0x00000001 x29:0xffffff98 x17=0x00000000
      270982000	     13447	80003a64	021de633	rem	x12,x27,x1	 x27:0x00000000  x1:0xfffffff9 x12=0x00000000
      271002000	     13448	80003a68	1a7d	c.addi	x20,-1	 x20:0x00000000 x20=0xffffffff
      271022000	     13449	80003a6a	0294cd63	blt	x9,x9,80003aa4	  x9:0x0000044c  x9:0x0000044c
      271042000	     13450	80003a6e	03e283b3	mul	x7,x5,x30	  x5:0x00000001 x30:0x00000008  x7=0x00000008
      271062000	     13451	80003a72	9922	c.add	x18,x8	 x18:0xffffffff  x8:0x00000000 x18=0xffffffff
      271082000	     13452	80003a74	00e87533	and	x10,x16,x14	 x16:0x00000000 x14:0x00000000 x10=0x00000000
      271102000	     13453	80003a78	8e5d	c.or	x12,x15	 x12:0x00000000 x15:0x80028ce4 x12=0x80028ce4
      271142000	     13455	80003a7a	0296ad33	mulhsu	x26,x13,x9	 x13:0x00000000  x9:0x0000044c x26=0x00000000
      271322000	     13464	80003a7e	03ca9cb3	mulh	x25,x21,x28	 x21:0x00000009 x28:0x00006000 x25=0x00000000
      271362000	     13466	80003a82	02923333	mulhu	x6,x4,x9	  x4:0x00000001  x9:0x0000044c  x6=0x00000000
      271382000	     13467	80003a86	02ca9563	bne	x21,x12,80003ab0	 x21:0x00000009 x12:0x80028ce4
      271902000	     13493	80003ab0	01ba	c.slli	x3,0xe	  x3:0x00000001  x3=0x00004000
      271922000	     13494	80003ab2	0001	c.addi	x0,0	  x0:0x00000000  x0=0x00000000
      271942000	     13495	80003ab4	0000100f	fence.i	
      272422000	     13519	80003ab8	03885cb3	divu	x25,x16,x24	 x16:0x00000000 x24:0x00000000 x25=0xffffffff
      272502000	     13523	80003abc	0381feb3	remu	x29,x3,x24	  x3:0x00004000 x24:0x00000000 x29=0x00004000
      272562000	     13526	80003ac0	01d45663	bge	x8,x29,80003acc	  x8:0x00000000 x29:0x00004000
      272622000	     13529	80003ac4	03164963	blt	x12,x17,80003af6	 x12:0x80028ce4 x17:0x00000000
      272702000	     13533	80003af6	0395	c.addi	x7,5	  x7:0x00000008  x7=0x0000000d
      273102000	     13553	80003af8	00063e33	sltu	x28,x12,x0	 x12:0x80028ce4  x0:0x00000000 x28=0x00000000
      273142000	     13555	80003afc	031868b3	rem	x17,x16,x17	 x16:0x00000000 x17:0x00000000 x17=0x00000000
      273162000	     13556	80003b00	8cc9	c.or	x9,x10	  x9:0x0000044c x10:0x00000000  x9=0x0000044c
      273182000	     13557	80003b02	8ce5	c.and	x9,x9	  x9:0x0000044c  x9:0x0000044c  x9=0x0000044c
      273242000	     13560	80003b04	00e6afb3	slt	x31,x13,x14	 x13:0x00000000 x14:0x00000000 x31=0x00000000
      273262000	     13561	80003b08	01bb1563	bne	x22,x27,80003b12	 x22:0xffffffff x27:0x00000000
      273602000	     13578	80003b12	e099	c.bnez	x9,80003b18	  x9:0x0000044c
      279302000	     13863	80003b18	00240c63	beq	x8,x2,80003b30	  x8:0x00000000  x2:0x80024e2c
      279322000	     13864	80003b1c	007a6333	or	x6,x20,x7	 x20:0xffffffff  x7:0x0000000d  x6=0xffffffff
      279362000	     13866	80003b20	02ebf5b3	remu	x11,x23,x14	 x23:0xfffffff9 x14:0x00000000 x11=0xfffffff9
      279382000	     13867	80003b24	01de0db3	add	x27,x28,x29	 x28:0x00000000 x29:0x00004000 x27=0x00004000
      279402000	     13868	80003b28	8b9e	c.mv	x23,x7	  x0:0x00000000  x7:0x0000000d x23=0x0000000d
      279422000	     13869	80003b2a	00cf5c93	srli	x25,x30,0xc	 x30:0x00000008 x25=0x00000000
      279442000	     13870	80003b2e	8915	c.andi	x10,5	 x10:0x00000000 x10=0x00000000
      279742000	     13885	80003b30	01424633	xor	x12,x4,x20	  x4:0x00000001 x20:0xffffffff x12=0xfffffffe
      279922000	     13894	80003b34	8cad	c.xor	x9,x11	  x9:0x0000044c x11:0xfffffff9  x9=0xfffffbb5
      280162000	     13906	80003b36	018bc0b3	xor	x1,x23,x24	 x23:0x0000000d x24:0x00000000  x1=0x0000000d
      280182000	     13907	80003b3a	9a7d	c.andi	x12,-1	 x12:0xfffffffe x12=0xfffffffe
      280322000	     13914	80003b3c	63fd	c.lui	x7,0x1f	  x7=0x0001f000
      280342000	     13915	80003b3e	f8f90013	addi	x0,x18,-113	 x18:0xffffffff  x0=0x00000000
      280762000	     13936	80003b42	007d4e33	xor	x28,x26,x7	 x26:0x00000000  x7:0x0001f000 x28=0x0001f000
      280782000	     13937	80003b46	02700433	mul	x8,x0,x7	  x0:0x00000000  x7:0x0001f000  x8=0x00000000
      280802000	     13938	80003b4a	01409cb3	sll	x25,x1,x20	  x1:0x0000000d x20:0xffffffff x25=0x80000000
      281542000	     13975	80003b4e	039653b3	divu	x7,x12,x25	 x12:0xfffffffe x25:0x80000000  x7=0x00000001
      281562000	     13976	80003b52	8ca9	c.xor	x9,x10	  x9:0xfffffbb5 x10:0x00000000  x9=0xfffffbb5
      281582000	     13977	80003b54	03450b63	beq	x10,x20,80003b8a	 x10:0x00000000 x20:0xffffffff
      281622000	     13979	80003b58	03a1acb3	mulhsu	x25,x3,x26	  x3:0x00004000 x26:0x00000000 x25=0x00000000
      281642000	     13980	80003b5c	0ebaa017	auipc	x0,0xebaa	  x0=0x00000000
      281662000	     13981	80003b60	9536	c.add	x10,x13	 x10:0x00000000 x13:0x00000000 x10=0x00000000
      281682000	     13982	80003b62	92152b13	slti	x22,x10,-1759	 x10:0x00000000 x22=0x00000000
      282142000	     14005	80003b66	0ff0000f	fence	iorw,iorw	
      282182000	     14007	80003b6a	02c092b3	mulh	x5,x1,x12	  x1:0x0000000d x12:0xfffffffe  x5=0xffffffff
      282202000	     14008	80003b6e	41dd	c.li	x3,23	  x3=0x00000017
      282222000	     14009	80003b70	00937633	and	x12,x6,x9	  x6:0xffffffff  x9:0xfffffbb5 x12=0xfffffbb5
      282262000	     14011	80003b74	41905213	srai	x4,x0,0x19	  x0:0x00000000  x4=0x00000000
      282282000	     14012	80003b78	99fd	c.andi	x11,-1	 x11:0xfffffff9 x11=0xfffffff9
      282622000	     14029	80003b7a	b8f0ae37	lui	x28,0xb8f0a	 x28=0xb8f0a000
      282642000	     14030	80003b7e	0d69	c.addi	x26,26	 x26:0x00000000 x26=0x0000001a
      282662000	     14031	80003b80	6d81a193	slti	x3,x3,1752	  x3:0x00000017  x3=0x00000001
      282702000	     14033	80003b84	03638663	beq	x7,x22,80003bb0	  x7:0x00000001 x22:0x00000000
      282742000	     14035	80003b88	9b7d	c.andi	x14,-1	 x14:0x00000000 x14=0x00000000
      282762000	     14036	80003b8a	8e71	c.and	x12,x12	 x12:0xfffffbb5 x12:0xfffffbb5 x12=0xfffffbb5
      282782000	     14037	80003b8c	00628633	add	x12,x5,x6	  x5:0xffffffff  x6:0xffffffff x12=0xfffffffe
      282802000	     14038	80003b90	0001	c.addi	x0,0	  x0:0x00000000  x0=0x00000000
      283202000	     14058	80003b92	00cf9033	sll	x0,x31,x12	 x31:0x00000000 x12:0xfffffffe  x0=0x00000000
      283222000	     14059	80003b96	8ea9	c.xor	x13,x10	 x13:0x00000000 x10:0x00000000 x13=0x00000000
      283622000	     14079	80003b98	966e	c.add	x12,x27	 x12:0xfffffffe x27:0x00004000 x12=0x00003ffe
      283762000	     14086	80003b9a	0312fe33	remu	x28,x5,x17	  x5:0xffffffff x17:0x00000000 x28=0xffffffff
      284522000	     14124	80003b9e	02c14033	div	x0,x2,x12	  x2:0x80024e2c x12:0x00003ffe  x0=0x00000000
      284542000	     14125	80003ba2	0001	c.addi	x0,0	  x0:0x00000000  x0=0x00000000
      284562000	     14126	80003ba4	0000100f	fence.i	
      284642000	     14130	80003ba8	0dee	c.slli	x27,0x1b	 x27:0x00004000 x27=0x00000000
      284662000	     14131	80003baa	027a5d63	bge	x20,x7,80003be4	 x20:0xffffffff  x7:0x00000001
      284682000	     14132	80003bae	8cfd	c.and	x9,x15	  x9:0xfffffbb5 x15:0x80028ce4  x9=0x800288a4
      284702000	     14133	80003bb0	875e	c.mv	x14,x23	  x0:0x00000000 x23:0x0000000d x14=0x0000000d
      284922000	     14144	80003bb2	03f6a3b3	mulhsu	x7,x13,x31	 x13:0x00000000 x31:0x00000000  x7=0x00000000
      284962000	     14146	80003bb6	03f869b3	rem	x19,x16,x31	 x16:0x00000000 x31:0x00000000 x19=0x00000000
      285022000	     14149	80003bba	0000100f	fence.i	
      286162000	     14206	80003bbe	021dfe33	remu	x28,x27,x1	 x27:0x00000000  x1:0x0000000d x28=0x00000000
      286182000	     14207	80003bc2	8751	c.srai	x14,0x14	 x14:0x0000000d x14=0x00000000
      286202000	     14208	80003bc4	8ebd	c.xor	x13,x15	 x13:0x00000000 x15:0x80028ce4 x13=0x80028ce4
      286222000	     14209	80003bc6	41bbdfb3	sra	x31,x23,x27	 x23:0x0000000d x27:0x00000000 x31=0x0000000d
      286242000	     14210	80003bca	02a68733	mul	x14,x13,x10	 x13:0x80028ce4 x10:0x00000000 x14=0x00000000
      286262000	     14211	80003bce	2fc9b293	sltiu	x5,x19,764	 x19:0x00000000  x5=0x00000001
      286282000	     14212	80003bd2	1e572713	slti	x14,x14,485	 x14:0x00000000 x14=0x00000001
      286722000	     14234	80003bd6	00de45b3	xor	x11,x28,x13	 x28:0x00000000 x13:0x80028ce4 x11=0x80028ce4
      286742000	     14235	80003bda	6311	c.lui	x6,0x4	  x6=0x00004000
      286922000	     14244	80003bdc	40e28833	sub	x16,x5,x14	  x5:0x00000001 x14:0x00000001 x16=0x00000000
      286962000	     14246	80003be0	0308ed33	rem	x26,x17,x16	 x17:0x00000000 x16:0x00000000 x26=0x00000000
      287002000	     14248	80003be4	8c85	c.sub	x9,x9	  x9:0x800288a4  x9:0x800288a4  x9=0x00000000
      287382000	     14267	80003be6	00505313	srli	x6,x0,0x5	  x0:0x00000000  x6=0x00000000
      287402000	     14268	80003bea	e211	c.bnez	x12,80003bee	 x12:0x00003ffe
      287782000	     14287	80003bee	010ba333	slt	x6,x23,x16	 x23:0x0000000d x16:0x00000000  x6=0x00000000
      287802000	     14288	80003bf2	0ff0000f	fence	iorw,iorw	
      287822000	     14289	80003bf6	01f64463	blt	x12,x31,80003bfe	 x12:0x00003ffe x31:0x0000000d
      287842000	     14290	80003bfa	03730b63	beq	x6,x23,80003c30	  x6:0x00000000 x23:0x0000000d
      288002000	     14298	80003bfe	4f17b013	sltiu	x0,x15,1265	 x15:0x80028ce4  x0=0x00000000
      288022000	     14299	80003c02	0ff0000f	fence	iorw,iorw	
      288082000	     14302	80003c06	01f29f13	slli	x30,x5,0x1f	  x5:0x00000001 x30=0x80000000
      288122000	     14304	80003c0a	003b7533	and	x10,x22,x3	 x22:0x00000000  x3:0x00000001 x10=0x00000000
      288142000	     14305	80003c0e	66ad	c.lui	x13,0xb	 x13=0x0000b000
      288162000	     14306	80003c10	006de0b3	or	x1,x27,x6	 x27:0x00000000  x6:0x00000000  x1=0x00000000
      288182000	     14307	80003c14	00495c33	srl	x24,x18,x4	 x18:0xffffffff  x4:0x00000000 x24=0xffffffff
      288502000	     14323	80003c18	024f86b3	mul	x13,x31,x4	 x31:0x0000000d  x4:0x00000000 x13=0x00000000
      288602000	     14328	80003c1c	b4b6a413	slti	x8,x13,-1205	 x13:0x00000000  x8=0x00000000
      288622000	     14329	80003c20	03b186b3	mul	x13,x3,x27	  x3:0x00000001 x27:0x00000000 x13=0x00000000
      288642000	     14330	80003c24	400b5b33	sra	x22,x22,x0	 x22:0x00000000  x0:0x00000000 x22=0x00000000
      288782000	     14337	80003c28	01056fb3	or	x31,x10,x16	 x10:0x00000000 x16:0x00000000 x31=0x00000000
      288942000	     14345	80003c2c	bae52b13	slti	x22,x10,-1106	 x10:0x00000000 x22=0x00000000
      289102000	     14353	80003c30	8c1e	c.mv	x24,x7	  x0:0x00000000  x7:0x00000000 x24=0x00000000
      289122000	     14354	80003c32	f96df193	andi	x3,x27,-106	 x27:0x00000000  x3=0x00000000
      289142000	     14355	80003c36	00db0db3	add	x27,x22,x13	 x22:0x00000000 x13:0x00000000 x27=0x00000000
      289162000	     14356	80003c3a	02cc0263	beq	x24,x12,80003c5e	 x24:0x00000000 x12:0x00003ffe
      289182000	     14357	80003c3e	8e0d	c.sub	x12,x11	 x12:0x00003ffe x11:0x80028ce4 x12=0x7ffdb31a
      289202000	     14358	80003c40	e889	c.bnez	x9,80003c52	  x9:0x00000000
      289222000	     14359	80003c42	00654cb3	xor	x25,x10,x6	 x10:0x00000000  x6:0x00000000 x25=0x00000000
      289442000	     14370	80003c46	40badc93	srai	x25,x21,0xb	 x21:0x00000009 x25=0x00000000
      289482000	     14372	80003c4a	0f9c4313	xori	x6,x24,249	 x24:0x00000000  x6=0x000000f9
      289502000	     14373	80003c4e	035d8913	addi	x18,x27,53	 x27:0x00000000 x18=0x00000035
      289522000	     14374	80003c52	8cb6	c.mv	x25,x13	  x0:0x00000000 x13:0x00000000 x25=0x00000000
      289922000	     14394	80003c54	92d57013	andi	x0,x10,-1747	 x10:0x00000000  x0=0x00000000
      289962000	     14396	80003c58	02a91533	mulh	x10,x18,x10	 x18:0x00000035 x10:0x00000000 x10=0x00000000
      290182000	     14407	80003c5c	05c6	c.slli	x11,0x11	 x11:0x80028ce4 x11=0x19c80000
      290302000	     14413	80003c5e	405ed813	srai	x16,x29,0x5	 x29:0x00004000 x16=0x00000200
      290722000	     14434	80003c62	01722833	slt	x16,x4,x23	  x4:0x00000000 x23:0x0000000d x16=0x00000001
      290742000	     14435	80003c66	047e	c.slli	x8,0x1f	  x8:0x00000000  x8=0x00000000
      291142000	     14455	80003c68	02dadf63	bge	x21,x13,80003ca6	 x21:0x00000009 x13:0x00000000
      291442000	     14470	80003ca6	00f4f663	bgeu	x9,x15,80003cb2	  x9:0x00000000 x15:0x80028ce4
      291502000	     14473	80003caa	02c05d63	bge	x0,x12,80003ce4	  x0:0x00000000 x12:0x7ffdb31a
      291522000	     14474	80003cae	00159b33	sll	x22,x11,x1	 x11:0x19c80000  x1:0x00000000 x22=0x19c80000
      291542000	     14475	80003cb2	0139d493	srli	x9,x19,0x13	 x19:0x00000000  x9=0x00000000
      291682000	     14482	80003cb6	01434e63	blt	x6,x20,80003cd2	  x6:0x000000f9 x20:0xffffffff
      291722000	     14484	80003cba	000c6db3	or	x27,x24,x0	 x24:0x00000000  x0:0x00000000 x27=0x00000000
      291962000	     14496	80003cbe	017bcc33	xor	x24,x23,x23	 x23:0x0000000d x23:0x0000000d x24=0x00000000
      291982000	     14497	80003cc2	8d95	c.sub	x11,x13	 x11:0x19c80000 x13:0x00000000 x11=0x19c80000
      292002000	     14498	80003cc4	39cbad93	slti	x27,x23,924	 x23:0x0000000d x27=0x00000001
      292302000	     14513	80003cc8	0001	c.addi	x0,0	  x0:0x00000000  x0=0x00000000
      293042000	     14550	80003cca	03235eb3	divu	x29,x6,x18	  x6:0x000000f9 x18:0x00000035 x29=0x00000004
      293082000	     14552	80003cce	03a76733	rem	x14,x14,x26	 x14:0x00000001 x26:0x00000000 x14=0x00000001
      293102000	     14553	80003cd2	ce19	c.beqz	x12,80003cf0	 x12:0x7ffdb31a
      293122000	     14554	80003cd4	00ec11b3	sll	x3,x24,x14	 x24:0x00000000 x14:0x00000001  x3=0x00000000
      293142000	     14555	80003cd8	99ccf197	auipc	x3,0x99ccf	  x3=0x19cd2cd8
      293182000	     14557	80003cdc	02d12b33	mulhsu	x22,x2,x13	  x2:0x80024e2c x13:0x00000000 x22=0x00000000
      293202000	     14558	80003ce0	00ea2833	slt	x16,x20,x14	 x20:0xffffffff x14:0x00000001 x16=0x00000001
      293222000	     14559	80003ce4	e5887b13	andi	x22,x16,-424	 x16:0x00000001 x22=0x00000000
      293622000	     14579	80003ce8	41bb8933	sub	x18,x23,x27	 x23:0x0000000d x27:0x00000001 x18=0x0000000c
      293642000	     14580	80003cec	29fd4993	xori	x19,x26,671	 x26:0x00000000 x19=0x0000029f
      293762000	     14586	80003cf0	00708e33	add	x28,x1,x7	  x1:0x00000000  x7:0x00000000 x28=0x00000000
      293782000	     14587	80003cf4	0001	c.addi	x0,0	  x0:0x00000000  x0=0x00000000
      293882000	     14592	80003cf6	010481b3	add	x3,x9,x16	  x9:0x00000000 x16:0x00000001  x3=0x00000001
      294002000	     14598	80003cfa	019284b3	add	x9,x5,x25	  x5:0x00000001 x25:0x00000000  x9=0x00000001
      294022000	     14599	80003cfe	16e8ec97	auipc	x25,0x16e8e	 x25=0x96e91cfe
      294042000	     14600	80003d02	01fc2233	slt	x4,x24,x31	 x24:0x00000000 x31:0x00000000  x4=0x00000000
      294062000	     14601	80003d06	01525193	srli	x3,x4,0x15	  x4:0x00000000  x3=0x00000000
      294082000	     14602	80003d0a	0000100f	fence.i	
      294502000	     14623	80003d0e	4a41	c.li	x20,16	 x20=0x00000010
      294922000	     14644	80003d10	034f9b63	bne	x31,x20,80003d46	 x31:0x00000000 x20:0x00000010
      295882000	     14692	80003d46	81d1	c.srli	x11,0x14	 x11:0x19c80000 x11=0x0000019c
      295902000	     14693	80003d48	46a1	c.li	x13,8	 x13=0x00000008
      295922000	     14694	80003d4a	8445	c.srai	x8,0x11	  x8:0x00000000  x8=0x00000000
      296662000	     14731	80003d4c	02b26eb3	rem	x29,x4,x11	  x4:0x00000000 x11:0x0000019c x29=0x00000000
      296682000	     14732	80003d50	0001	c.addi	x0,0	  x0:0x00000000  x0=0x00000000
      296702000	     14733	80003d52	004ff933	and	x18,x31,x4	 x31:0x00000000  x4:0x00000000 x18=0x00000000
      296782000	     14737	80003d56	52d4c293	xori	x5,x9,1325	  x9:0x00000001  x5=0x0000052c
      296962000	     14746	80003d5a	7c822513	slti	x10,x4,1992	  x4:0x00000000 x10=0x00000001
      296982000	     14747	80003d5e	8cdbef13	ori	x30,x23,-1843	 x23:0x0000000d x30=0xfffff8cd
      297002000	     14748	80003d62	6f25	c.lui	x30,0x9	 x30=0x00009000
      297022000	     14749	80003d64	01e11b93	slli	x23,x2,0x1e	  x2:0x80024e2c x23=0x00000000
      297122000	     14754	80003d68	8dd5	c.or	x11,x13	 x11:0x0000019c x13:0x00000008 x11=0x0000019c
      297142000	     14755	80003d6a	16f1	c.addi	x13,-4	 x13:0x00000008 x13=0x00000004
      297342000	     14765	80003d6c	021f74b3	remu	x9,x30,x1	 x30:0x00009000  x1:0x00000000  x9=0x00009000
      297562000	     14776	80003d70	01067833	and	x16,x12,x16	 x12:0x7ffdb31a x16:0x00000001 x16=0x00000000
      297982000	     14797	80003d74	002a1093	slli	x1,x20,0x2	 x20:0x00000010  x1=0x00000040
      298002000	     14798	80003d78	1f7d	c.addi	x30,-1	 x30:0x00009000 x30=0x00008fff
      298022000	     14799	80003d7a	f6e5	c.bnez	x13,80003d62	 x13:0x00000004
      298282000	     14812	80003d62	6f25	c.lui	x30,0x9	 x30=0x00009000
      298302000	     14813	80003d64	01e11b93	slli	x23,x2,0x1e	  x2:0x80024e2c x23=0x00000000
      298502000	     14823	80003d68	8dd5	c.or	x11,x13	 x11:0x0000019c x13:0x00000004 x11=0x0000019c
      298522000	     14824	80003d6a	16f1	c.addi	x13,-4	 x13:0x00000004 x13=0x00000000
      299262000	     14861	80003d6c	021f74b3	remu	x9,x30,x1	 x30:0x00009000  x1:0x00000040  x9=0x00000000
      299282000	     14862	80003d70	01067833	and	x16,x12,x16	 x12:0x7ffdb31a x16:0x00000000 x16=0x00000000
      299302000	     14863	80003d74	002a1093	slli	x1,x20,0x2	 x20:0x00000010  x1=0x00000040
      299322000	     14864	80003d78	1f7d	c.addi	x30,-1	 x30:0x00009000 x30=0x00008fff
      299342000	     14865	80003d7a	f6e5	c.bnez	x13,80003d62	 x13:0x00000000
      299362000	     14866	80003d7c	01639613	slli	x12,x7,0x16	  x7:0x00000000 x12=0x00000000
      299382000	     14867	80003d80	01b0d393	srli	x7,x1,0x1b	  x1:0x00000040  x7=0x00000000
      299402000	     14868	80003d84	f163df17	auipc	x30,0xf163d	 x30=0x71640d84
      299502000	     14873	80003d88	01674db3	xor	x27,x14,x22	 x14:0x00000001 x22:0x00000000 x27=0x00000001
      299922000	     14894	80003d8c	8f05	c.sub	x14,x9	 x14:0x00000001  x9:0x00000000 x14=0x00000001
      299942000	     14895	80003d8e	05b3c063	blt	x7,x27,80003dce	  x7:0x00000000 x27:0x00000001
      300182000	     14907	80003dce	6a3d	c.lui	x20,0xf	 x20=0x0000f000
      300282000	     14912	80003dd0	02543a33	mulhu	x20,x8,x5	  x8:0x00000000  x5:0x0000052c x20=0x00000000
      300302000	     14913	80003dd4	00f18033	add	x0,x3,x15	  x3:0x00000000 x15:0x80028ce4  x0=0x00000000
      300342000	     14915	80003dd8	013d1d33	sll	x26,x26,x19	 x26:0x00000000 x19:0x0000029f x26=0x00000000
      300602000	     14928	80003ddc	0001	c.addi	x0,0	  x0:0x00000000  x0=0x00000000
      300622000	     14929	80003dde	4f114193	xori	x3,x2,1265	  x2:0x80024e2c  x3=0x80024add
      300642000	     14930	80003de2	c909	c.beqz	x10,80003df4	 x10:0x00000001
      300662000	     14931	80003de4	0001	c.addi	x0,0	  x0:0x00000000  x0=0x00000000
      300682000	     14932	80003de6	8731	c.srai	x14,0xc	 x14:0x00000001 x14=0x00000000
      300702000	     14933	80003de8	845d	c.srai	x8,0x17	  x8:0x00000000  x8=0x00000000
      300722000	     14934	80003dea	2507b813	sltiu	x16,x15,592	 x15:0x80028ce4 x16=0x00000000
      300742000	     14935	80003dee	8989	c.andi	x11,2	 x11:0x0000019c x11=0x00000000
      300842000	     14940	80003df0	01a58d63	beq	x11,x26,80003e0a	 x11:0x00000000 x26:0x00000000
      301542000	     14975	80003e0a	03b1e663	bltu	x3,x27,80003e36	  x3:0x80024add x27:0x00000001
      301562000	     14976	80003e0e	c205	c.beqz	x12,80003e2e	 x12:0x00000000
      302202000	     15008	80003e2e	00b14e63	blt	x2,x11,80003e4a	  x2:0x80024e2c x11:0x00000000
      302782000	     15037	80003e4a	031e1cb3	mulh	x25,x28,x17	 x28:0x00000000 x17:0x00000000 x25=0x00000000
      303522000	     15074	80003e4e	02a35db3	divu	x27,x6,x10	  x6:0x000000f9 x10:0x00000001 x27=0x000000f9
      303542000	     15075	80003e52	00cb0a33	add	x20,x22,x12	 x22:0x00000000 x12:0x00000000 x20=0x00000000
      303562000	     15076	80003e56	00885433	srl	x8,x16,x8	 x16:0x00000000  x8:0x00000000  x8=0x00000000
      303582000	     15077	80003e5a	8c79	c.and	x8,x14	  x8:0x00000000 x14:0x00000000  x8=0x00000000
      303602000	     15078	80003e5c	8d45	c.or	x10,x9	 x10:0x00000001  x9:0x00000000 x10=0x00000001
      303622000	     15079	80003e5e	f4c93a13	sltiu	x20,x18,-180	 x18:0x00000000 x20=0x00000001
      303822000	     15089	80003e62	408c0933	sub	x18,x24,x8	 x24:0x00000000  x8:0x00000000 x18=0x00000000
      304022000	     15099	80003e66	0ff0000f	fence	iorw,iorw	
      304102000	     15103	80003e6a	00c8e533	or	x10,x17,x12	 x17:0x00000000 x12:0x00000000 x10=0x00000000
      304242000	     15110	80003e6e	012f86b3	add	x13,x31,x18	 x31:0x00000000 x18:0x00000000 x13=0x00000000
      304442000	     15120	80003e72	02489363	bne	x17,x4,80003e98	 x17:0x00000000  x4:0x00000000
      304482000	     15122	80003e76	02063db3	mulhu	x27,x12,x0	 x12:0x00000000  x0:0x00000000 x27=0x00000000
      304502000	     15123	80003e7a	8446	c.mv	x8,x17	  x0:0x00000000 x17:0x00000000  x8=0x00000000
      304542000	     15125	80003e7c	01b4e033	or	x0,x9,x27	  x9:0x00000000 x27:0x00000000  x0=0x00000000
      305282000	     15162	80003e80	0337f433	remu	x8,x15,x19	 x15:0x80028ce4 x19:0x0000029f  x8=0x00000223
      305302000	     15163	80003e84	013bec33	or	x24,x23,x19	 x23:0x00000000 x19:0x0000029f x24=0x0000029f
      305322000	     15164	80003e88	0001	c.addi	x0,0	  x0:0x00000000  x0=0x00000000
      305342000	     15165	80003e8a	8c09	c.sub	x8,x10	  x8:0x00000223 x10:0x00000000  x8=0x00000223
      305362000	     15166	80003e8c	8a6e	c.mv	x20,x27	  x0:0x00000000 x27:0x00000000 x20=0x00000000
      305382000	     15167	80003e8e	82e53613	sltiu	x12,x10,-2002	 x10:0x00000000 x12=0x00000001
      305402000	     15168	80003e92	8689	c.srai	x13,0x2	 x13:0x00000000 x13=0x00000000
      305422000	     15169	80003e94	01c24d33	xor	x26,x4,x28	  x4:0x00000000 x28:0x00000000 x26=0x00000000
      305502000	     15173	80003e98	6275	c.lui	x4,0x1d	  x4=0x0001d000
      305522000	     15174	80003e9a	020d06b3	mul	x13,x26,x0	 x26:0x00000000  x0:0x00000000 x13=0x00000000
      305722000	     15184	80003e9e	0326eeb3	rem	x29,x13,x18	 x13:0x00000000 x18:0x00000000 x29=0x00000000
      305882000	     15192	80003ea2	035d2b33	mulhsu	x22,x26,x21	 x26:0x00000000 x21:0x00000009 x22=0x00000000
      305902000	     15193	80003ea6	0000100f	fence.i	
      306262000	     15211	80003eaa	a5f6e617	auipc	x12,0xa5f6e	 x12=0x25f71eaa
      306322000	     15214	80003eae	021fe563	bltu	x31,x1,80003ed8	 x31:0x00000000  x1:0x00000040
      307142000	     15255	80003ed8	39873293	sltiu	x5,x14,920	 x14:0x00000000  x5=0x00000001
      307202000	     15258	80003edc	eacfb613	sltiu	x12,x31,-340	 x31:0x00000000 x12=0x00000001
      307622000	     15279	80003ee0	95e6	c.add	x11,x25	 x11:0x00000000 x25:0x00000000 x11=0x00000000
      307642000	     15280	80003ee2	024be663	bltu	x23,x4,80003f0e	 x23:0x00000000  x4:0x0001d000
      307942000	     15295	80003f0e	40000bb3	sub	x23,x0,x0	  x0:0x00000000  x0:0x00000000 x23=0x00000000
      307962000	     15296	80003f12	b44a2513	slti	x10,x20,-1212	 x20:0x00000000 x10=0x00000000
      307982000	     15297	80003f16	80b5	c.srli	x9,0xd	  x9:0x00000000  x9=0x00000000
      308382000	     15317	80003f18	5c0d3e93	sltiu	x29,x26,1472	 x26:0x00000000 x29=0x00000001
      308582000	     15327	80003f1c	d5ab8493	addi	x9,x23,-678	 x23:0x00000000  x9=0xfffffd5a
      308962000	     15346	80003f20	30467513	andi	x10,x12,772	 x12:0x00000001 x10=0x00000000
      308982000	     15347	80003f24	0ff0000f	fence	iorw,iorw	
      309082000	     15352	80003f28	5df9	c.li	x27,-2	 x27=0xfffffffe
      309322000	     15364	80003f2a	03bb0b33	mul	x22,x22,x27	 x22:0x00000000 x27:0xfffffffe x22=0x00000000
      311142000	     15455	80003f2e	00d1a9b3	slt	x19,x3,x13	  x3:0x80024add x13:0x00000000 x19=0x00000001
      311162000	     15456	80003f32	40d0d513	srai	x10,x1,0xd	  x1:0x00000040 x10=0x00000000
      311182000	     15457	80003f36	02618033	mul	x0,x3,x6	  x3:0x80024add  x6:0x000000f9  x0=0x00000000
      311202000	     15458	80003f3a	0001	c.addi	x0,0	  x0:0x00000000  x0=0x00000000
      311222000	     15459	80003f3c	4e35	c.li	x28,13	 x28=0x0000000d
      311962000	     15496	80003f3e	02415633	divu	x12,x2,x4	  x2:0x80024e2c  x4:0x0001d000 x12=0x000046a0
      311982000	     15497	80003f42	897e	c.mv	x18,x31	  x0:0x00000000 x31:0x00000000 x18=0x00000000
      312002000	     15498	80003f44	0c9b6017	auipc	x0,0xc9b6	  x0=0x00000000
      312022000	     15499	80003f48	019264b3	or	x9,x4,x25	  x4:0x0001d000 x25:0x00000000  x9=0x0001d000
      312042000	     15500	80003f4c	971cc313	xori	x6,x25,-1679	 x25:0x00000000  x6=0xfffff971
      312062000	     15501	80003f50	01905b33	srl	x22,x0,x25	  x0:0x00000000 x25:0x00000000 x22=0x00000000
      312082000	     15502	80003f54	0d95	c.addi	x27,5	 x27:0xfffffffe x27=0x00000003
      312102000	     15503	80003f56	5d6d	c.li	x26,-5	 x26=0xfffffffb
      312522000	     15524	80003f58	b1f36013	ori	x0,x6,-1249	  x6:0xfffff971  x0=0x00000000
      312802000	     15538	80003f5c	5f35	c.li	x30,-19	 x30=0xffffffed
      312902000	     15543	80003f5e	4164dc93	srai	x25,x9,0x16	  x9:0x0001d000 x25=0x00000000
      312922000	     15544	80003f62	8e55	c.or	x12,x13	 x12:0x000046a0 x13:0x00000000 x12=0x000046a0
      312942000	     15545	80003f64	1d79	c.addi	x26,-2	 x26:0xfffffffb x26=0xfffffff9
      312962000	     15546	80003f66	957e	c.add	x10,x31	 x10:0x00000000 x31:0x00000000 x10=0x00000000
      313362000	     15566	80003f68	01f060b3	or	x1,x0,x31	  x0:0x00000000 x31:0x00000000  x1=0x00000000
      313762000	     15586	80003f6c	8ae9	c.andi	x13,26	 x13:0x00000000 x13=0x00000000
      314002000	     15598	80003f6e	ffed1ae3	bne	x26,x30,80003f62	 x26:0xfffffff9 x30:0xffffffed
      314042000	     15600	80003f62	8e55	c.or	x12,x13	 x12:0x000046a0 x13:0x00000000 x12=0x000046a0
      314062000	     15601	80003f64	1d79	c.addi	x26,-2	 x26:0xfffffff9 x26=0xfffffff7
      314082000	     15602	80003f66	957e	c.add	x10,x31	 x10:0x00000000 x31:0x00000000 x10=0x00000000
      314102000	     15603	80003f68	01f060b3	or	x1,x0,x31	  x0:0x00000000 x31:0x00000000  x1=0x00000000
      314122000	     15604	80003f6c	8ae9	c.andi	x13,26	 x13:0x00000000 x13=0x00000000
      314142000	     15605	80003f6e	ffed1ae3	bne	x26,x30,80003f62	 x26:0xfffffff7 x30:0xffffffed
      314182000	     15607	80003f62	8e55	c.or	x12,x13	 x12:0x000046a0 x13:0x00000000 x12=0x000046a0
      314202000	     15608	80003f64	1d79	c.addi	x26,-2	 x26:0xfffffff7 x26=0xfffffff5
      314222000	     15609	80003f66	957e	c.add	x10,x31	 x10:0x00000000 x31:0x00000000 x10=0x00000000
      314242000	     15610	80003f68	01f060b3	or	x1,x0,x31	  x0:0x00000000 x31:0x00000000  x1=0x00000000
      314262000	     15611	80003f6c	8ae9	c.andi	x13,26	 x13:0x00000000 x13=0x00000000
      314282000	     15612	80003f6e	ffed1ae3	bne	x26,x30,80003f62	 x26:0xfffffff5 x30:0xffffffed
      314322000	     15614	80003f62	8e55	c.or	x12,x13	 x12:0x000046a0 x13:0x00000000 x12=0x000046a0
      314342000	     15615	80003f64	1d79	c.addi	x26,-2	 x26:0xfffffff5 x26=0xfffffff3
      314362000	     15616	80003f66	957e	c.add	x10,x31	 x10:0x00000000 x31:0x00000000 x10=0x00000000
      314382000	     15617	80003f68	01f060b3	or	x1,x0,x31	  x0:0x00000000 x31:0x00000000  x1=0x00000000
      314402000	     15618	80003f6c	8ae9	c.andi	x13,26	 x13:0x00000000 x13=0x00000000
      314422000	     15619	80003f6e	ffed1ae3	bne	x26,x30,80003f62	 x26:0xfffffff3 x30:0xffffffed
      314462000	     15621	80003f62	8e55	c.or	x12,x13	 x12:0x000046a0 x13:0x00000000 x12=0x000046a0
      314482000	     15622	80003f64	1d79	c.addi	x26,-2	 x26:0xfffffff3 x26=0xfffffff1
      314502000	     15623	80003f66	957e	c.add	x10,x31	 x10:0x00000000 x31:0x00000000 x10=0x00000000
      314522000	     15624	80003f68	01f060b3	or	x1,x0,x31	  x0:0x00000000 x31:0x00000000  x1=0x00000000
      314542000	     15625	80003f6c	8ae9	c.andi	x13,26	 x13:0x00000000 x13=0x00000000
      314562000	     15626	80003f6e	ffed1ae3	bne	x26,x30,80003f62	 x26:0xfffffff1 x30:0xffffffed
      314602000	     15628	80003f62	8e55	c.or	x12,x13	 x12:0x000046a0 x13:0x00000000 x12=0x000046a0
      314622000	     15629	80003f64	1d79	c.addi	x26,-2	 x26:0xfffffff1 x26=0xffffffef
      314642000	     15630	80003f66	957e	c.add	x10,x31	 x10:0x00000000 x31:0x00000000 x10=0x00000000
      314662000	     15631	80003f68	01f060b3	or	x1,x0,x31	  x0:0x00000000 x31:0x00000000  x1=0x00000000
      314682000	     15632	80003f6c	8ae9	c.andi	x13,26	 x13:0x00000000 x13=0x00000000
      314742000	     15635	80003f6e	ffed1ae3	bne	x26,x30,80003f62	 x26:0xffffffef x30:0xffffffed
      314802000	     15638	80003f62	8e55	c.or	x12,x13	 x12:0x000046a0 x13:0x00000000 x12=0x000046a0
      314822000	     15639	80003f64	1d79	c.addi	x26,-2	 x26:0xffffffef x26=0xffffffed
      314842000	     15640	80003f66	957e	c.add	x10,x31	 x10:0x00000000 x31:0x00000000 x10=0x00000000
      314862000	     15641	80003f68	01f060b3	or	x1,x0,x31	  x0:0x00000000 x31:0x00000000  x1=0x00000000
      314882000	     15642	80003f6c	8ae9	c.andi	x13,26	 x13:0x00000000 x13=0x00000000
      314902000	     15643	80003f6e	ffed1ae3	bne	x26,x30,80003f62	 x26:0xffffffed x30:0xffffffed
      314942000	     15645	80003f72	03244c33	div	x24,x8,x18	  x8:0x00000223 x18:0x00000000 x24=0xffffffff
      314962000	     15646	80003f76	6b11	c.lui	x22,0x4	 x22=0x00004000
      314982000	     15647	80003f78	00c6b933	sltu	x18,x13,x12	 x13:0x00000000 x12:0x000046a0 x18=0x00000001
      315022000	     15649	80003f7c	025c90b3	mulh	x1,x25,x5	 x25:0x00000000  x5:0x00000001  x1=0x00000000
      315042000	     15650	80003f80	933a	c.add	x6,x14	  x6:0xfffff971 x14:0x00000000  x6=0xfffff971
      315782000	     15687	80003f82	02fec533	div	x10,x29,x15	 x29:0x00000001 x15:0x80028ce4 x10=0x00000000
      315802000	     15688	80003f86	0bfe	c.slli	x23,0x1f	 x23:0x00000000 x23=0x00000000
      315822000	     15689	80003f88	0c7a	c.slli	x24,0x1e	 x24:0xffffffff x24=0xc0000000
      315842000	     15690	80003f8a	fdcd91e3	bne	x27,x28,80003f4c	 x27:0x00000003 x28:0x0000000d
      315882000	     15692	80003f4c	971cc313	xori	x6,x25,-1679	 x25:0x00000000  x6=0xfffff971
      315902000	     15693	80003f50	01905b33	srl	x22,x0,x25	  x0:0x00000000 x25:0x00000000 x22=0x00000000
      315922000	     15694	80003f54	0d95	c.addi	x27,5	 x27:0x00000003 x27=0x00000008
      315942000	     15695	80003f56	5d6d	c.li	x26,-5	 x26=0xfffffffb
      315962000	     15696	80003f58	b1f36013	ori	x0,x6,-1249	  x6:0xfffff971  x0=0x00000000
      315982000	     15697	80003f5c	5f35	c.li	x30,-19	 x30=0xffffffed
      316002000	     15698	80003f5e	4164dc93	srai	x25,x9,0x16	  x9:0x0001d000 x25=0x00000000
      316022000	     15699	80003f62	8e55	c.or	x12,x13	 x12:0x000046a0 x13:0x00000000 x12=0x000046a0
      316042000	     15700	80003f64	1d79	c.addi	x26,-2	 x26:0xfffffffb x26=0xfffffff9
      316062000	     15701	80003f66	957e	c.add	x10,x31	 x10:0x00000000 x31:0x00000000 x10=0x00000000
      316082000	     15702	80003f68	01f060b3	or	x1,x0,x31	  x0:0x00000000 x31:0x00000000  x1=0x00000000
      316102000	     15703	80003f6c	8ae9	c.andi	x13,26	 x13:0x00000000 x13=0x00000000
      316122000	     15704	80003f6e	ffed1ae3	bne	x26,x30,80003f62	 x26:0xfffffff9 x30:0xffffffed
      316162000	     15706	80003f62	8e55	c.or	x12,x13	 x12:0x000046a0 x13:0x00000000 x12=0x000046a0
      316182000	     15707	80003f64	1d79	c.addi	x26,-2	 x26:0xfffffff9 x26=0xfffffff7
      316202000	     15708	80003f66	957e	c.add	x10,x31	 x10:0x00000000 x31:0x00000000 x10=0x00000000
      316222000	     15709	80003f68	01f060b3	or	x1,x0,x31	  x0:0x00000000 x31:0x00000000  x1=0x00000000
      316242000	     15710	80003f6c	8ae9	c.andi	x13,26	 x13:0x00000000 x13=0x00000000
      316262000	     15711	80003f6e	ffed1ae3	bne	x26,x30,80003f62	 x26:0xfffffff7 x30:0xffffffed
      316302000	     15713	80003f62	8e55	c.or	x12,x13	 x12:0x000046a0 x13:0x00000000 x12=0x000046a0
      316322000	     15714	80003f64	1d79	c.addi	x26,-2	 x26:0xfffffff7 x26=0xfffffff5
      316342000	     15715	80003f66	957e	c.add	x10,x31	 x10:0x00000000 x31:0x00000000 x10=0x00000000
      316362000	     15716	80003f68	01f060b3	or	x1,x0,x31	  x0:0x00000000 x31:0x00000000  x1=0x00000000
      316382000	     15717	80003f6c	8ae9	c.andi	x13,26	 x13:0x00000000 x13=0x00000000
      316402000	     15718	80003f6e	ffed1ae3	bne	x26,x30,80003f62	 x26:0xfffffff5 x30:0xffffffed
      316442000	     15720	80003f62	8e55	c.or	x12,x13	 x12:0x000046a0 x13:0x00000000 x12=0x000046a0
      316462000	     15721	80003f64	1d79	c.addi	x26,-2	 x26:0xfffffff5 x26=0xfffffff3
      316482000	     15722	80003f66	957e	c.add	x10,x31	 x10:0x00000000 x31:0x00000000 x10=0x00000000
      316502000	     15723	80003f68	01f060b3	or	x1,x0,x31	  x0:0x00000000 x31:0x00000000  x1=0x00000000
      316522000	     15724	80003f6c	8ae9	c.andi	x13,26	 x13:0x00000000 x13=0x00000000
      316542000	     15725	80003f6e	ffed1ae3	bne	x26,x30,80003f62	 x26:0xfffffff3 x30:0xffffffed
      316582000	     15727	80003f62	8e55	c.or	x12,x13	 x12:0x000046a0 x13:0x00000000 x12=0x000046a0
      316602000	     15728	80003f64	1d79	c.addi	x26,-2	 x26:0xfffffff3 x26=0xfffffff1
      316622000	     15729	80003f66	957e	c.add	x10,x31	 x10:0x00000000 x31:0x00000000 x10=0x00000000
      316642000	     15730	80003f68	01f060b3	or	x1,x0,x31	  x0:0x00000000 x31:0x00000000  x1=0x00000000
      316662000	     15731	80003f6c	8ae9	c.andi	x13,26	 x13:0x00000000 x13=0x00000000
      316682000	     15732	80003f6e	ffed1ae3	bne	x26,x30,80003f62	 x26:0xfffffff1 x30:0xffffffed
      316722000	     15734	80003f62	8e55	c.or	x12,x13	 x12:0x000046a0 x13:0x00000000 x12=0x000046a0
      316742000	     15735	80003f64	1d79	c.addi	x26,-2	 x26:0xfffffff1 x26=0xffffffef
      316762000	     15736	80003f66	957e	c.add	x10,x31	 x10:0x00000000 x31:0x00000000 x10=0x00000000
      316782000	     15737	80003f68	01f060b3	or	x1,x0,x31	  x0:0x00000000 x31:0x00000000  x1=0x00000000
      316802000	     15738	80003f6c	8ae9	c.andi	x13,26	 x13:0x00000000 x13=0x00000000
      316822000	     15739	80003f6e	ffed1ae3	bne	x26,x30,80003f62	 x26:0xffffffef x30:0xffffffed
      316862000	     15741	80003f62	8e55	c.or	x12,x13	 x12:0x000046a0 x13:0x00000000 x12=0x000046a0
      316882000	     15742	80003f64	1d79	c.addi	x26,-2	 x26:0xffffffef x26=0xffffffed
      316902000	     15743	80003f66	957e	c.add	x10,x31	 x10:0x00000000 x31:0x00000000 x10=0x00000000
      316922000	     15744	80003f68	01f060b3	or	x1,x0,x31	  x0:0x00000000 x31:0x00000000  x1=0x00000000
      316942000	     15745	80003f6c	8ae9	c.andi	x13,26	 x13:0x00000000 x13=0x00000000
      316962000	     15746	80003f6e	ffed1ae3	bne	x26,x30,80003f62	 x26:0xffffffed x30:0xffffffed
      317702000	     15783	80003f72	03244c33	div	x24,x8,x18	  x8:0x00000223 x18:0x00000001 x24=0x00000223
      317722000	     15784	80003f76	6b11	c.lui	x22,0x4	 x22=0x00004000
      317742000	     15785	80003f78	00c6b933	sltu	x18,x13,x12	 x13:0x00000000 x12:0x000046a0 x18=0x00000001
      317782000	     15787	80003f7c	025c90b3	mulh	x1,x25,x5	 x25:0x00000000  x5:0x00000001  x1=0x00000000
      317802000	     15788	80003f80	933a	c.add	x6,x14	  x6:0xfffff971 x14:0x00000000  x6=0xfffff971
      318542000	     15825	80003f82	02fec533	div	x10,x29,x15	 x29:0x00000001 x15:0x80028ce4 x10=0x00000000
      318562000	     15826	80003f86	0bfe	c.slli	x23,0x1f	 x23:0x00000000 x23=0x00000000
      318582000	     15827	80003f88	0c7a	c.slli	x24,0x1e	 x24:0x00000223 x24=0xc0000000
      318602000	     15828	80003f8a	fdcd91e3	bne	x27,x28,80003f4c	 x27:0x00000008 x28:0x0000000d
      318642000	     15830	80003f4c	971cc313	xori	x6,x25,-1679	 x25:0x00000000  x6=0xfffff971
      318662000	     15831	80003f50	01905b33	srl	x22,x0,x25	  x0:0x00000000 x25:0x00000000 x22=0x00000000
      318682000	     15832	80003f54	0d95	c.addi	x27,5	 x27:0x00000008 x27=0x0000000d
      318702000	     15833	80003f56	5d6d	c.li	x26,-5	 x26=0xfffffffb
      318722000	     15834	80003f58	b1f36013	ori	x0,x6,-1249	  x6:0xfffff971  x0=0x00000000
      318742000	     15835	80003f5c	5f35	c.li	x30,-19	 x30=0xffffffed
      318762000	     15836	80003f5e	4164dc93	srai	x25,x9,0x16	  x9:0x0001d000 x25=0x00000000
      318782000	     15837	80003f62	8e55	c.or	x12,x13	 x12:0x000046a0 x13:0x00000000 x12=0x000046a0
      318802000	     15838	80003f64	1d79	c.addi	x26,-2	 x26:0xfffffffb x26=0xfffffff9
      318822000	     15839	80003f66	957e	c.add	x10,x31	 x10:0x00000000 x31:0x00000000 x10=0x00000000
      318842000	     15840	80003f68	01f060b3	or	x1,x0,x31	  x0:0x00000000 x31:0x00000000  x1=0x00000000
      318862000	     15841	80003f6c	8ae9	c.andi	x13,26	 x13:0x00000000 x13=0x00000000
      318882000	     15842	80003f6e	ffed1ae3	bne	x26,x30,80003f62	 x26:0xfffffff9 x30:0xffffffed
      318922000	     15844	80003f62	8e55	c.or	x12,x13	 x12:0x000046a0 x13:0x00000000 x12=0x000046a0
      318942000	     15845	80003f64	1d79	c.addi	x26,-2	 x26:0xfffffff9 x26=0xfffffff7
      318962000	     15846	80003f66	957e	c.add	x10,x31	 x10:0x00000000 x31:0x00000000 x10=0x00000000
      318982000	     15847	80003f68	01f060b3	or	x1,x0,x31	  x0:0x00000000 x31:0x00000000  x1=0x00000000
      319002000	     15848	80003f6c	8ae9	c.andi	x13,26	 x13:0x00000000 x13=0x00000000
      319022000	     15849	80003f6e	ffed1ae3	bne	x26,x30,80003f62	 x26:0xfffffff7 x30:0xffffffed
      319062000	     15851	80003f62	8e55	c.or	x12,x13	 x12:0x000046a0 x13:0x00000000 x12=0x000046a0
      319082000	     15852	80003f64	1d79	c.addi	x26,-2	 x26:0xfffffff7 x26=0xfffffff5
      319102000	     15853	80003f66	957e	c.add	x10,x31	 x10:0x00000000 x31:0x00000000 x10=0x00000000
      319122000	     15854	80003f68	01f060b3	or	x1,x0,x31	  x0:0x00000000 x31:0x00000000  x1=0x00000000
      319142000	     15855	80003f6c	8ae9	c.andi	x13,26	 x13:0x00000000 x13=0x00000000
      319162000	     15856	80003f6e	ffed1ae3	bne	x26,x30,80003f62	 x26:0xfffffff5 x30:0xffffffed
      319202000	     15858	80003f62	8e55	c.or	x12,x13	 x12:0x000046a0 x13:0x00000000 x12=0x000046a0
      319222000	     15859	80003f64	1d79	c.addi	x26,-2	 x26:0xfffffff5 x26=0xfffffff3
      319242000	     15860	80003f66	957e	c.add	x10,x31	 x10:0x00000000 x31:0x00000000 x10=0x00000000
      319262000	     15861	80003f68	01f060b3	or	x1,x0,x31	  x0:0x00000000 x31:0x00000000  x1=0x00000000
      319282000	     15862	80003f6c	8ae9	c.andi	x13,26	 x13:0x00000000 x13=0x00000000
      319302000	     15863	80003f6e	ffed1ae3	bne	x26,x30,80003f62	 x26:0xfffffff3 x30:0xffffffed
      319342000	     15865	80003f62	8e55	c.or	x12,x13	 x12:0x000046a0 x13:0x00000000 x12=0x000046a0
      319362000	     15866	80003f64	1d79	c.addi	x26,-2	 x26:0xfffffff3 x26=0xfffffff1
      319382000	     15867	80003f66	957e	c.add	x10,x31	 x10:0x00000000 x31:0x00000000 x10=0x00000000
      319402000	     15868	80003f68	01f060b3	or	x1,x0,x31	  x0:0x00000000 x31:0x00000000  x1=0x00000000
      319422000	     15869	80003f6c	8ae9	c.andi	x13,26	 x13:0x00000000 x13=0x00000000
      319482000	     15872	80003f6e	ffed1ae3	bne	x26,x30,80003f62	 x26:0xfffffff1 x30:0xffffffed
      319522000	     15874	80003f62	8e55	c.or	x12,x13	 x12:0x000046a0 x13:0x00000000 x12=0x000046a0
      319542000	     15875	80003f64	1d79	c.addi	x26,-2	 x26:0xfffffff1 x26=0xffffffef
      319562000	     15876	80003f66	957e	c.add	x10,x31	 x10:0x00000000 x31:0x00000000 x10=0x00000000
      319582000	     15877	80003f68	01f060b3	or	x1,x0,x31	  x0:0x00000000 x31:0x00000000  x1=0x00000000
      319602000	     15878	80003f6c	8ae9	c.andi	x13,26	 x13:0x00000000 x13=0x00000000
      319622000	     15879	80003f6e	ffed1ae3	bne	x26,x30,80003f62	 x26:0xffffffef x30:0xffffffed
      319662000	     15881	80003f62	8e55	c.or	x12,x13	 x12:0x000046a0 x13:0x00000000 x12=0x000046a0
      319682000	     15882	80003f64	1d79	c.addi	x26,-2	 x26:0xffffffef x26=0xffffffed
      319702000	     15883	80003f66	957e	c.add	x10,x31	 x10:0x00000000 x31:0x00000000 x10=0x00000000
      319722000	     15884	80003f68	01f060b3	or	x1,x0,x31	  x0:0x00000000 x31:0x00000000  x1=0x00000000
      319742000	     15885	80003f6c	8ae9	c.andi	x13,26	 x13:0x00000000 x13=0x00000000
      319762000	     15886	80003f6e	ffed1ae3	bne	x26,x30,80003f62	 x26:0xffffffed x30:0xffffffed
      320502000	     15923	80003f72	03244c33	div	x24,x8,x18	  x8:0x00000223 x18:0x00000001 x24=0x00000223
      320522000	     15924	80003f76	6b11	c.lui	x22,0x4	 x22=0x00004000
      320542000	     15925	80003f78	00c6b933	sltu	x18,x13,x12	 x13:0x00000000 x12:0x000046a0 x18=0x00000001
      320582000	     15927	80003f7c	025c90b3	mulh	x1,x25,x5	 x25:0x00000000  x5:0x00000001  x1=0x00000000
      320602000	     15928	80003f80	933a	c.add	x6,x14	  x6:0xfffff971 x14:0x00000000  x6=0xfffff971
      321342000	     15965	80003f82	02fec533	div	x10,x29,x15	 x29:0x00000001 x15:0x80028ce4 x10=0x00000000
      321362000	     15966	80003f86	0bfe	c.slli	x23,0x1f	 x23:0x00000000 x23=0x00000000
      321382000	     15967	80003f88	0c7a	c.slli	x24,0x1e	 x24:0x00000223 x24=0xc0000000
      321402000	     15968	80003f8a	fdcd91e3	bne	x27,x28,80003f4c	 x27:0x0000000d x28:0x0000000d
      321442000	     15970	80003f8e	02663a33	mulhu	x20,x12,x6	 x12:0x000046a0  x6:0xfffff971 x20=0x0000469f
      321482000	     15972	80003f92	03933c33	mulhu	x24,x6,x25	  x6:0xfffff971 x25:0x00000000 x24=0x00000000
      321502000	     15973	80003f96	8011	c.srli	x8,0x4	  x8:0x00000223  x8=0x00000022
      321522000	     15974	80003f98	013e6563	bltu	x28,x19,80003fa2	 x28:0x0000000d x19:0x00000001
      321542000	     15975	80003f9c	81e9	c.srli	x11,0x1a	 x11:0x00000000 x11=0x00000000
      322302000	     16013	80003f9e	03e4d933	divu	x18,x9,x30	  x9:0x0001d000 x30:0xffffffed x18=0x00000000
      322322000	     16014	80003fa2	0021ceb3	xor	x29,x3,x2	  x3:0x80024add  x2:0x80024e2c x29=0x000004f1
      322342000	     16015	80003fa6	4152df13	srai	x30,x5,0x15	  x5:0x00000001 x30=0x00000000
      322362000	     16016	80003faa	0ff0000f	fence	iorw,iorw	
      322382000	     16017	80003fae	8b7dcd13	xori	x26,x27,-1865	 x27:0x0000000d x26=0xfffff8ba
      322402000	     16018	80003fb2	05d31163	bne	x6,x29,80003ff4	  x6:0xfffff971 x29:0x000004f1
      323082000	     16052	80003ff4	0000100f	fence.i	
      323282000	     16062	80003ff8	03370eb3	mul	x29,x14,x19	 x14:0x00000000 x19:0x00000001 x29=0x00000000
      323342000	     16065	80003ffc	a3533093	sltiu	x1,x6,-1483	  x6:0xfffff971  x1=0x00000001
      323762000	     16086	80004000	8ad1	c.andi	x13,20	 x13:0x00000000 x13=0x00000000
      323782000	     16087	80004002	00282733	slt	x14,x16,x2	 x16:0x00000000  x2:0x80024e2c x14=0x00000000
      323882000	     16092	80004006	01018b63	beq	x3,x16,8000401c	  x3:0x80024add x16:0x00000000
      323902000	     16093	8000400a	0e7e	c.slli	x28,0x1f	 x28:0x0000000d x28=0x80000000
      323922000	     16094	8000400c	81d9	c.srli	x11,0x16	 x11:0x00000000 x11=0x00000000
      323962000	     16096	8000400e	03957a33	remu	x20,x10,x25	 x10:0x00000000 x25:0x00000000 x20=0x00000000
      323982000	     16097	80004012	0dad	c.addi	x27,11	 x27:0x0000000d x27=0x00000018
      324002000	     16098	80004014	00179533	sll	x10,x15,x1	 x15:0x80028ce4  x1:0x00000001 x10=0x000519c8
      324122000	     16104	80004018	005a88b3	add	x17,x21,x5	 x21:0x00000009  x5:0x00000001 x17=0x0000000a
      324142000	     16105	8000401c	62280613	addi	x12,x16,1570	 x16:0x00000000 x12=0x00000622
      324322000	     16114	80004020	98f6	c.add	x17,x29	 x17:0x0000000a x29:0x00000000 x17=0x0000000a
      324342000	     16115	80004022	cc01	c.beqz	x8,8000403a	  x8:0x00000022
      324362000	     16116	80004024	9d554417	auipc	x8,0x9d554	  x8=0x1d558024
      325422000	     16169	80004028	0289efb3	rem	x31,x19,x8	 x19:0x00000001  x8:0x1d558024 x31=0x00000001
      325442000	     16170	8000402c	41acd8b3	sra	x17,x25,x26	 x25:0x00000000 x26:0xfffff8ba x17=0x00000000
      325462000	     16171	80004030	99fd	c.andi	x11,-1	 x11:0x00000000 x11=0x00000000
      325482000	     16172	80004032	0008cb63	blt	x17,x0,80004048	 x17:0x00000000  x0:0x00000000
      325502000	     16173	80004036	9f22	c.add	x30,x8	 x30:0x00000000  x8:0x1d558024 x30=0x1d558024
      325522000	     16174	80004038	8c66	c.mv	x24,x25	  x0:0x00000000 x25:0x00000000 x24=0x00000000
      325562000	     16176	8000403a	031a91b3	mulh	x3,x21,x17	 x21:0x00000009 x17:0x00000000  x3=0x00000000
      325582000	     16177	8000403e	0cc9	c.addi	x25,18	 x25:0x00000000 x25=0x00000012
      325702000	     16183	80004040	9bc6	c.add	x23,x17	 x23:0x00000000 x17:0x00000000 x23=0x00000000
      325722000	     16184	80004042	00961f93	slli	x31,x12,0x9	 x12:0x00000622 x31=0x000c4400
      325742000	     16185	80004046	683d	c.lui	x16,0xf	 x16=0x0000f000
      325802000	     16188	80004048	c70d	c.beqz	x14,80004072	 x14:0x00000000
      326822000	     16239	80004072	038ca0b3	mulhsu	x1,x25,x24	 x25:0x00000012 x24:0x00000000  x1=0x00000000
      326842000	     16240	80004076	05ce	c.slli	x11,0x13	 x11:0x00000000 x11=0x00000000
      326862000	     16241	80004078	41c98733	sub	x14,x19,x28	 x19:0x00000001 x28:0x80000000 x14=0x80000001
      326882000	     16242	8000407c	0622f737	lui	x14,0x622f	 x14=0x0622f000
      326902000	     16243	80004080	41ab5b13	srai	x22,x22,0x1a	 x22:0x00004000 x22=0x00000000
      326922000	     16244	80004084	0053d313	srli	x6,x7,0x5	  x7:0x00000000  x6=0x00000000
      327122000	     16254	80004088	00665213	srli	x4,x12,0x6	 x12:0x00000622  x4=0x00000018
      327182000	     16257	8000408c	8c65	c.and	x8,x9	  x8:0x1d558024  x9:0x0001d000  x8=0x00018000
      327202000	     16258	8000408e	8f41	c.or	x14,x8	 x14:0x0622f000  x8:0x00018000 x14=0x0623f000
      327302000	     16263	80004090	c49d	c.beqz	x9,800040be	  x9:0x0001d000
      327322000	     16264	80004092	81be	c.mv	x3,x15	  x0:0x00000000 x15:0x80028ce4  x3=0x80028ce4
      327342000	     16265	80004094	8b5d	c.andi	x14,23	 x14:0x0623f000 x14=0x00000000
      328122000	     16304	80004096	0332ecb3	rem	x25,x5,x19	  x5:0x00000001 x19:0x00000001 x25=0x00000000
      328142000	     16305	8000409a	778fba13	sltiu	x20,x31,1912	 x31:0x000c4400 x20=0x00000000
      328162000	     16306	8000409e	011148b3	xor	x17,x2,x17	  x2:0x80024e2c x17:0x00000000 x17=0x80024e2c
      328182000	     16307	800040a2	8db1	c.xor	x11,x12	 x11:0x00000000 x12:0x00000622 x11=0x00000622
      328302000	     16313	800040a4	03930db3	mul	x27,x6,x25	  x6:0x00000000 x25:0x00000000 x27=0x00000000
      328642000	     16330	800040a8	95be	c.add	x11,x15	 x11:0x00000622 x15:0x80028ce4 x11=0x80029306
      328662000	     16331	800040aa	8a71	c.andi	x12,28	 x12:0x00000622 x12=0x00000000
      329062000	     16351	800040ac	0d4a	c.slli	x26,0x12	 x26:0xfffff8ba x26=0xe2e80000
      329082000	     16352	800040ae	01b5fc63	bgeu	x11,x27,800040c6	 x11:0x80029306 x27:0x00000000
      329282000	     16362	800040c6	8f09	c.sub	x14,x10	 x14:0x00000000 x10:0x000519c8 x14=0xfffae638
      329502000	     16373	800040c8	40ac5313	srai	x6,x24,0xa	 x24:0x00000000  x6=0x00000000
      329522000	     16374	800040cc	0001	c.addi	x0,0	  x0:0x00000000  x0=0x00000000
      329902000	     16393	800040ce	b53b4213	xori	x4,x22,-1197	 x22:0x00000000  x4=0xfffffb53
      329922000	     16394	800040d2	418cdcb3	sra	x25,x25,x24	 x25:0x00000000 x24:0x00000000 x25=0x00000000
      329942000	     16395	800040d6	0206e163	bltu	x13,x0,800040f8	 x13:0x00000000  x0:0x00000000
      329962000	     16396	800040da	8e05	c.sub	x12,x9	 x12:0x00000000  x9:0x0001d000 x12=0xfffe3000
      329982000	     16397	800040dc	0000100f	fence.i	
      330642000	     16430	800040e0	08f6	c.slli	x17,0x1d	 x17:0x80024e2c x17=0x80000000
      331062000	     16451	800040e2	40955333	sra	x6,x10,x9	 x10:0x000519c8  x9:0x0001d000  x6=0x000519c8
      331482000	     16472	800040e6	41cd5cb3	sra	x25,x26,x28	 x26:0xe2e80000 x28:0x80000000 x25=0xe2e80000
      331502000	     16473	800040ea	69cd	c.lui	x19,0x13	 x19=0x00013000
      331522000	     16474	800040ec	0001	c.addi	x0,0	  x0:0x00000000  x0=0x00000000
      331542000	     16475	800040ee	8cf1	c.and	x9,x12	  x9:0x0001d000 x12:0xfffe3000  x9=0x00001000
      331562000	     16476	800040f0	01b70033	add	x0,x14,x27	 x14:0xfffae638 x27:0x00000000  x0=0x00000000
      331602000	     16478	800040f4	0273f433	remu	x8,x7,x7	  x7:0x00000000  x7:0x00000000  x8=0x00000000
      331622000	     16479	800040f8	0ff0000f	fence	iorw,iorw	
      331642000	     16480	800040fc	011a55b3	srl	x11,x20,x17	 x20:0x00000000 x17:0x80000000 x11=0x00000000
      331662000	     16481	80004100	9d52	c.add	x26,x20	 x26:0xe2e80000 x20:0x00000000 x26=0xe2e80000
      331762000	     16486	80004102	402480b3	sub	x1,x9,x2	  x9:0x00001000  x2:0x80024e2c  x1=0x7ffdc1d4
      332502000	     16523	80004106	024ec833	div	x16,x29,x4	 x29:0x00000000  x4:0xfffffb53 x16=0x00000000
      332522000	     16524	8000410a	0029e233	or	x4,x19,x2	 x19:0x00013000  x2:0x80024e2c  x4=0x80037e2c
      332542000	     16525	8000410e	0ff0000f	fence	iorw,iorw	
      332562000	     16526	80004112	04a97063	bgeu	x18,x10,80004152	 x18:0x00000000 x10:0x000519c8
      332582000	     16527	80004116	028c8563	beq	x25,x8,80004140	 x25:0xe2e80000  x8:0x00000000
      332602000	     16528	8000411a	03e99a63	bne	x19,x30,8000414e	 x19:0x00013000 x30:0x1d558024
      332942000	     16545	8000414e	02ac25b3	mulhsu	x11,x24,x10	 x24:0x00000000 x10:0x000519c8 x11=0x00000000
      332962000	     16546	80004152	d289b393	sltiu	x7,x19,-728	 x19:0x00013000  x7=0x00000001
      333502000	     16573	80004156	00b7a533	slt	x10,x15,x11	 x15:0x80028ce4 x11:0x00000000 x10=0x00000001
      333522000	     16574	8000415a	5917e813	ori	x16,x15,1425	 x15:0x80028ce4 x16=0x80028df5
      333542000	     16575	8000415e	026f1063	bne	x30,x6,8000417e	 x30:0x1d558024  x6:0x000519c8
      334082000	     16602	8000417e	cdcbd637	lui	x12,0xcdcbd	 x12=0xcdcbd000
      334102000	     16603	80004182	027f00b3	mul	x1,x30,x7	 x30:0x1d558024  x7:0x00000001  x1=0x1d558024
      334242000	     16610	80004186	034652b3	divu	x5,x12,x20	 x12:0xcdcbd000 x20:0x00000000  x5=0xffffffff
      334342000	     16615	8000418a	c8f37413	andi	x8,x6,-881	  x6:0x000519c8  x8=0x00051888
      334362000	     16616	8000418e	8a39	c.andi	x12,14	 x12:0xcdcbd000 x12=0x00000000
      334382000	     16617	80004190	8c0d	c.sub	x8,x11	  x8:0x00051888 x11:0x00000000  x8=0x00051888
      334402000	     16618	80004192	865d	c.srai	x12,0x17	 x12:0x00000000 x12=0x00000000
      334422000	     16619	80004194	0001	c.addi	x0,0	  x0:0x00000000  x0=0x00000000
      334462000	     16621	80004196	034b2833	mulhsu	x16,x22,x20	 x22:0x00000000 x20:0x00000000 x16=0x00000000
      334522000	     16624	8000419a	80c67213	andi	x4,x12,-2036	 x12:0x00000000  x4=0x00000000
      334542000	     16625	8000419e	0001	c.addi	x0,0	  x0:0x00000000  x0=0x00000000
      334942000	     16645	800041a0	03765c63	bge	x12,x23,800041d8	 x12:0x00000000 x23:0x00000000
      335462000	     16671	800041d8	0001	c.addi	x0,0	  x0:0x00000000  x0=0x00000000
      335482000	     16672	800041da	8b09	c.andi	x14,2	 x14:0xfffae638 x14=0x00000000
      335882000	     16692	800041dc	41d0d413	srai	x8,x1,0x1d	  x1:0x1d558024  x8=0x00000000
      336042000	     16700	800041e0	005a09b3	add	x19,x20,x5	 x20:0x00000000  x5:0xffffffff x19=0xffffffff
      336062000	     16701	800041e4	005b88b3	add	x17,x23,x5	 x23:0x00000000  x5:0xffffffff x17=0xffffffff
      336082000	     16702	800041e8	ed20c493	xori	x9,x1,-302	  x1:0x1d558024  x9=0xe2aa7ef6
      336102000	     16703	800041ec	00581eb3	sll	x29,x16,x5	 x16:0x00000000  x5:0xffffffff x29=0x00000000
      336142000	     16705	800041f0	03999e33	mulh	x28,x19,x25	 x19:0xffffffff x25:0xe2e80000 x28=0x00000000
      336222000	     16709	800041f4	018403b3	add	x7,x8,x24	  x8:0x00000000 x24:0x00000000  x7=0x00000000
      336342000	     16715	800041f8	01299363	bne	x19,x18,800041fe	 x19:0xffffffff x18:0x00000000
      337122000	     16754	800041fe	f58f6413	ori	x8,x30,-168	 x30:0x1d558024  x8=0xffffff7c
      337142000	     16755	80004202	9ba2	c.add	x23,x8	 x23:0x00000000  x8:0xffffff7c x23=0xffffff7c
      337222000	     16759	80004204	41d10d33	sub	x26,x2,x29	  x2:0x80024e2c x29:0x00000000 x26=0x80024e2c
      337242000	     16760	80004208	d7c8b093	sltiu	x1,x17,-644	 x17:0xffffffff  x1=0x00000000
      337262000	     16761	8000420c	577d	c.li	x14,-1	 x14=0xffffffff
      337362000	     16766	8000420e	01915fb3	srl	x31,x2,x25	  x2:0x80024e2c x25:0xe2e80000 x31=0x80024e2c
      337662000	     16781	80004212	012f5313	srli	x6,x30,0x12	 x30:0x1d558024  x6=0x00000755
      337702000	     16783	80004216	029ca333	mulhsu	x6,x25,x9	 x25:0xe2e80000  x9:0xe2aa7ef6  x6=0xe63d6fa2
      337722000	     16784	8000421a	0001	c.addi	x0,0	  x0:0x00000000  x0=0x00000000
      337742000	     16785	8000421c	8d91	c.sub	x11,x12	 x11:0x00000000 x12:0x00000000 x11=0x00000000
      337762000	     16786	8000421e	029d0763	beq	x26,x9,8000424c	 x26:0x80024e2c  x9:0xe2aa7ef6
      337782000	     16787	80004222	8c0d	c.sub	x8,x11	  x8:0xffffff7c x11:0x00000000  x8=0xffffff7c
      337942000	     16795	80004224	8e6d	c.and	x12,x11	 x12:0x00000000 x11:0x00000000 x12=0x00000000
      338362000	     16816	80004226	02f080b3	mul	x1,x1,x15	  x1:0x00000000 x15:0x80028ce4  x1=0x00000000
      338382000	     16817	8000422a	0001	c.addi	x0,0	  x0:0x00000000  x0=0x00000000
      338422000	     16819	8000422c	84e1	c.srai	x9,0x18	  x9:0xe2aa7ef6  x9=0xffffffe2
      338442000	     16820	8000422e	0552	c.slli	x10,0x14	 x10:0x00000001 x10=0x00100000
      338722000	     16834	80004230	00e032b3	sltu	x5,x0,x14	  x0:0x00000000 x14:0xffffffff  x5=0x00000001
      338962000	     16846	80004234	8736	c.mv	x14,x13	  x0:0x00000000 x13:0x00000000 x14=0x00000000
      339382000	     16867	80004236	01f699b3	sll	x19,x13,x31	 x13:0x00000000 x31:0x80024e2c x19=0x00000000
      339402000	     16868	8000423a	8cd1	c.or	x9,x12	  x9:0xffffffe2 x12:0x00000000  x9=0xffffffe2
      339542000	     16875	8000423c	b9c73413	sltiu	x8,x14,-1124	 x14:0x00000000  x8=0x00000001
      339562000	     16876	80004240	02a47463	bgeu	x8,x10,80004268	  x8:0x00000001 x10:0x00100000
      339602000	     16878	80004244	024e55b3	divu	x11,x28,x4	 x28:0x00000000  x4:0x00000000 x11=0xffffffff
      339622000	     16879	80004248	058a	c.slli	x11,0x2	 x11:0xffffffff x11=0xfffffffc
      339642000	     16880	8000424a	9522	c.add	x10,x8	 x10:0x00100000  x8:0x00000001 x10=0x00100001
      339722000	     16884	8000424c	9916	c.add	x18,x5	 x18:0x00000000  x5:0x00000001 x18=0x00000001
      339742000	     16885	8000424e	0182a3b3	slt	x7,x5,x24	  x5:0x00000001 x24:0x00000000  x7=0x00000000
      340622000	     16929	80004252	0394eb33	rem	x22,x9,x25	  x9:0xffffffe2 x25:0xe2e80000 x22=0xffffffe2
      340642000	     16930	80004256	01428233	add	x4,x5,x20	  x5:0x00000001 x20:0x00000000  x4=0x00000001
      340662000	     16931	8000425a	039b8633	mul	x12,x23,x25	 x23:0xffffff7c x25:0xe2e80000 x12=0x00600000
      341402000	     16968	8000425e	039a5cb3	divu	x25,x20,x25	 x20:0x00000000 x25:0xe2e80000 x25=0x00000000
      342142000	     17005	80004262	02c15633	divu	x12,x2,x12	  x2:0x80024e2c x12:0x00600000 x12=0x00000155
      342162000	     17006	80004266	cc89	c.beqz	x9,80004280	  x9:0xffffffe2
      342182000	     17007	80004268	df8b3313	sltiu	x6,x22,-520	 x22:0xffffffe2  x6=0x00000000
      342202000	     17008	8000426c	3bd43413	sltiu	x8,x8,957	  x8:0x00000001  x8=0x00000001
      342222000	     17009	80004270	cf01	c.beqz	x14,80004288	 x14:0x00000000
      342442000	     17020	80004288	62004c13	xori	x24,x0,1568	  x0:0x00000000 x24=0x00000620
      343182000	     17057	8000428c	038e5cb3	divu	x25,x28,x24	 x28:0x00000000 x24:0x00000620 x25=0x00000000
      343202000	     17058	80004290	896d	c.andi	x10,27	 x10:0x00100001 x10=0x00000001
      343222000	     17059	80004292	8d29	c.xor	x10,x10	 x10:0x00000001 x10:0x00000001 x10=0x00000000
      343242000	     17060	80004294	0ff0000f	fence	iorw,iorw	
      343282000	     17062	80004298	03e712b3	mulh	x5,x14,x30	 x14:0x00000000 x30:0x1d558024  x5=0x00000000
      344022000	     17099	8000429c	02c444b3	div	x9,x8,x12	  x8:0x00000001 x12:0x00000155  x9=0x00000000
      363482000	     18072	800042a0	0000100f	fence.i	
      363722000	     18084	800042a4	c011	c.beqz	x8,800042a8	  x8:0x00000001
      363742000	     18085	800042a6	8e95	c.sub	x13,x13	 x13:0x00000000 x13:0x00000000 x13=0x00000000
      363782000	     18087	800042a8	026f5bb3	divu	x23,x30,x6	 x30:0x1d558024  x6:0x00000000 x23=0xffffffff
      363942000	     18095	800042ac	8e65	c.and	x12,x9	 x12:0x00000155  x9:0x00000000 x12=0x00000000
      364042000	     18100	800042ae	01f61c63	bne	x12,x31,800042c6	 x12:0x00000000 x31:0x80024e2c
      364382000	     18117	800042c6	e8c22893	slti	x17,x4,-372	  x4:0x00000001 x17=0x00000000
      364402000	     18118	800042ca	00159bb3	sll	x23,x11,x1	 x11:0xfffffffc  x1:0x00000000 x23=0xfffffffc
      364422000	     18119	800042ce	197d	c.addi	x18,-1	 x18:0x00000001 x18=0x00000000
      364442000	     18120	800042d0	987d	c.andi	x8,-1	  x8:0x00000001  x8=0x00000001
      364462000	     18121	800042d2	4391	c.li	x7,4	  x7=0x00000004
      364622000	     18129	800042d4	03af5063	bge	x30,x26,800042f4	 x30:0x1d558024 x26:0x80024e2c
      365042000	     18150	800042f4	032770b3	remu	x1,x14,x18	 x14:0x00000000 x18:0x00000000  x1=0x00000000
      365062000	     18151	800042f8	f5b00f97	auipc	x31,0xf5b00	 x31=0x75b042f8
      365422000	     18169	800042fc	01471db3	sll	x27,x14,x20	 x14:0x00000000 x20:0x00000000 x27=0x00000000
      365762000	     18186	80004300	4addb513	sltiu	x10,x27,1197	 x27:0x00000000 x10=0x00000001
      365782000	     18187	80004304	20b9ad93	slti	x27,x19,523	 x19:0x00000000 x27=0x00000001
      365922000	     18194	80004308	0208fcb3	remu	x25,x17,x0	 x17:0x00000000  x0:0x00000000 x25=0x00000000
      366042000	     18200	8000430c	d4c63993	sltiu	x19,x12,-692	 x12:0x00000000 x19=0x00000001
      366062000	     18201	80004310	01779933	sll	x18,x15,x23	 x15:0x80028ce4 x23:0xfffffffc x18=0x40000000
      366142000	     18205	80004314	65f08a13	addi	x20,x1,1631	  x1:0x00000000 x20=0x0000065f
      366162000	     18206	80004318	007fbbb3	sltu	x23,x31,x7	 x31:0x75b042f8  x7:0x00000004 x23=0x00000000
      366202000	     18208	8000431c	020fcbb3	div	x23,x31,x0	 x31:0x75b042f8  x0:0x00000000 x23=0xffffffff
      366942000	     18245	80004320	032acdb3	div	x27,x21,x18	 x21:0x00000009 x18:0x40000000 x27=0x00000000
      366982000	     18247	80004324	03b61a33	mulh	x20,x12,x27	 x12:0x00000000 x27:0x00000000 x20=0x00000000
      367002000	     18248	80004328	02037863	bgeu	x6,x0,80004358	  x6:0x00000000  x0:0x00000000
      367342000	     18265	80004358	021b8663	beq	x23,x1,80004384	 x23:0xffffffff  x1:0x00000000
      367362000	     18266	8000435c	8949	c.andi	x10,18	 x10:0x00000001 x10=0x00000000
      367422000	     18269	8000435e	40d0d293	srai	x5,x1,0xd	  x1:0x00000000  x5=0x00000000
      367842000	     18290	80004362	003c9eb3	sll	x29,x25,x3	 x25:0x00000000  x3:0x80028ce4 x29=0x00000000
      367862000	     18291	80004366	ea1d	c.bnez	x12,8000439c	 x12:0x00000000
      367882000	     18292	80004368	8869	c.andi	x8,26	  x8:0x00000001  x8=0x00000000
      368042000	     18300	8000436a	1932b393	sltiu	x7,x5,403	  x5:0x00000000  x7=0x00000001
      368482000	     18322	8000436e	02cb1333	mulh	x6,x22,x12	 x22:0xffffffe2 x12:0x00000000  x6=0x00000000
      368502000	     18323	80004372	4a2e3393	sltiu	x7,x28,1186	 x28:0x00000000  x7=0x00000001
      368882000	     18342	80004376	00485cb3	srl	x25,x16,x4	 x16:0x00000000  x4:0x00000001 x25=0x00000000
      369622000	     18379	8000437a	02287b33	remu	x22,x16,x2	 x16:0x00000000  x2:0x80024e2c x22=0x00000000
      369642000	     18380	8000437e	e119	c.bnez	x10,80004384	 x10:0x00000000
      369682000	     18382	80004380	02149db3	mulh	x27,x9,x1	  x9:0x00000000  x1:0x00000000 x27=0x00000000
      369702000	     18383	80004384	2823f393	andi	x7,x7,642	  x7:0x00000001  x7=0x00000000
      369722000	     18384	80004388	014e99b3	sll	x19,x29,x20	 x29:0x00000000 x20:0x00000000 x19=0x00000000
      369742000	     18385	8000438c	0ff0000f	fence	iorw,iorw	
      369762000	     18386	80004390	82f5	c.srli	x13,0x1d	 x13:0x00000000 x13=0x00000000
      369802000	     18388	80004392	0251af33	mulhsu	x30,x3,x5	  x3:0x80028ce4  x5:0x00000000 x30=0x00000000
      369842000	     18390	80004396	031d9033	mulh	x0,x27,x17	 x27:0x00000000 x17:0x00000000  x0=0x00000000
      369862000	     18391	8000439a	8acd	c.andi	x13,19	 x13:0x00000000 x13=0x00000000
      370242000	     18410	8000439c	0094d663	bge	x9,x9,800043a8	  x9:0x00000000  x9:0x00000000
      371362000	     18466	800043a8	0661	c.addi	x12,24	 x12:0x00000000 x12=0x00000018
      371682000	     18482	800043aa	00f8f2b3	and	x5,x17,x15	 x17:0x00000000 x15:0x80028ce4  x5=0x00000000
      371702000	     18483	800043ae	88d2	c.mv	x17,x20	  x0:0x00000000 x20:0x00000000 x17=0x00000000
      371742000	     18485	800043b0	0221b1b3	mulhu	x3,x3,x2	  x3:0x80028ce4  x2:0x80024e2c  x3=0x40026d8d
      371902000	     18493	800043b4	026adfb3	divu	x31,x21,x6	 x21:0x00000009  x6:0x00000000 x31=0xffffffff
      372002000	     18498	800043b8	9b7d	c.andi	x14,-1	 x14:0x00000000 x14=0x00000000
      372022000	     18499	800043ba	c48d	c.beqz	x9,800043e4	  x9:0x00000000
      372542000	     18525	800043e4	0001	c.addi	x0,0	  x0:0x00000000  x0=0x00000000
      372702000	     18533	800043e6	ca624993	xori	x19,x4,-858	  x4:0x00000001 x19=0xfffffca7
      373122000	     18554	800043ea	0142a9b3	slt	x19,x5,x20	  x5:0x00000000 x20:0x00000000 x19=0x00000000
      373142000	     18555	800043ee	5b7d	c.li	x22,-1	 x22=0xffffffff
      373302000	     18563	800043f0	8541	c.srai	x10,0x10	 x10:0x00000000 x10=0x00000000
      373462000	     18571	800043f2	02c484b3	mul	x9,x9,x12	  x9:0x00000000 x12:0x00000018  x9=0x00000000
      373482000	     18572	800043f6	8429	c.srai	x8,0xa	  x8:0x00000000  x8=0x00000000
      373602000	     18578	800043f8	6cf5	c.lui	x25,0x1d	 x25=0x0001d000
      373622000	     18579	800043fa	ec8d	c.bnez	x9,80004434	  x9:0x00000000
      373882000	     18592	800043fc	61ed	c.lui	x3,0x1b	  x3=0x0001b000
      374302000	     18613	800043fe	c8c80593	addi	x11,x16,-884	 x16:0x00000000 x11=0xfffffc8c
      374322000	     18614	80004402	8d35	c.xor	x10,x13	 x10:0x00000000 x13:0x00000000 x10=0x00000000
      375102000	     18653	80004404	0238eeb3	rem	x29,x17,x3	 x17:0x00000000  x3:0x0001b000 x29=0x00000000
      375122000	     18654	80004408	8f8a	c.mv	x31,x2	  x0:0x00000000  x2:0x80024e2c x31=0x80024e2c
      375142000	     18655	8000440a	587d	c.li	x16,-1	 x16=0xffffffff
      375182000	     18657	8000440c	021dbe33	mulhu	x28,x27,x1	 x27:0x00000000  x1:0x00000000 x28=0x00000000
      375202000	     18658	80004410	02600633	mul	x12,x0,x6	  x0:0x00000000  x6:0x00000000 x12=0x00000000
      375222000	     18659	80004414	bef2b913	sltiu	x18,x5,-1041	  x5:0x00000000 x18=0x00000001
      375242000	     18660	80004418	031d1b63	bne	x26,x17,8000444e	 x26:0x80024e2c x17:0x00000000
      375482000	     18672	8000444e	00f98363	beq	x19,x15,80004454	 x19:0x00000000 x15:0x80028ce4
      375502000	     18673	80004452	05f6	c.slli	x11,0x1d	 x11:0xfffffc8c x11=0x80000000
      375582000	     18677	80004454	030212b7	lui	x5,0x3021	  x5=0x03021000
      376322000	     18714	80004458	02f7d1b3	divu	x3,x15,x15	 x15:0x80028ce4 x15:0x80028ce4  x3=0x00000001
      376342000	     18715	8000445c	0001	c.addi	x0,0	  x0:0x00000000  x0=0x00000000
      376362000	     18716	8000445e	940a	c.add	x8,x2	  x8:0x00000000  x2:0x80024e2c  x8=0x80024e2c
      376382000	     18717	80004460	411d0533	sub	x10,x26,x17	 x26:0x80024e2c x17:0x00000000 x10=0x80024e2c
      376402000	     18718	80004464	6a8f0397	auipc	x7,0x6a8f0	  x7=0xea8f4464
      376422000	     18719	80004468	5dfd	c.li	x27,-1	 x27=0xffffffff
      376582000	     18727	8000446a	01cc3233	sltu	x4,x24,x28	 x24:0x00000620 x28:0x00000000  x4=0x00000000
      376602000	     18728	8000446e	107a0517	auipc	x10,0x107a0	 x10=0x907a446e
      376662000	     18731	80004472	031760b3	rem	x1,x14,x17	 x14:0x00000000 x17:0x00000000  x1=0x00000000
      376722000	     18734	80004476	0ff0000f	fence	iorw,iorw	
      377002000	     18748	8000447a	00fed593	srli	x11,x29,0xf	 x29:0x00000000 x11=0x00000000
      377022000	     18749	8000447e	41dc8433	sub	x8,x25,x29	 x25:0x0001d000 x29:0x00000000  x8=0x0001d000
      377462000	     18771	80004482	02187733	remu	x14,x16,x1	 x16:0xffffffff  x1:0x00000000 x14=0xffffffff
      377502000	     18773	80004486	0247ac33	mulhsu	x24,x15,x4	 x15:0x80028ce4  x4:0x00000000 x24=0x00000000
      377542000	     18775	8000448a	02351f33	mulh	x30,x10,x3	 x10:0x907a446e  x3:0x00000001 x30=0xffffffff
      377562000	     18776	8000448e	0ff0000f	fence	iorw,iorw	
      377602000	     18778	80004492	03c34a33	div	x20,x6,x28	  x6:0x00000000 x28:0x00000000 x20=0xffffffff
      377622000	     18779	80004496	00372cb3	slt	x25,x14,x3	 x14:0xffffffff  x3:0x00000001 x25=0x00000001
      378002000	     18798	8000449a	0a2b92b7	lui	x5,0xa2b9	  x5=0x0a2b9000
      378062000	     18801	8000449e	021a9833	mulh	x16,x21,x1	 x21:0x00000009  x1:0x00000000 x16=0x00000000
      378082000	     18802	800044a2	8206	c.mv	x4,x1	  x0:0x00000000  x1:0x00000000  x4=0x00000000
      378102000	     18803	800044a4	00410563	beq	x2,x4,800044ae	  x2:0x80024e2c  x4:0x00000000
      378482000	     18822	800044a8	80ad	c.srli	x9,0xb	  x9:0x00000000  x9=0x00000000
      378502000	     18823	800044aa	8755	c.srai	x14,0x15	 x14:0xffffffff x14=0xffffffff
      378522000	     18824	800044ac	0001	c.addi	x0,0	  x0:0x00000000  x0=0x00000000
      378542000	     18825	800044ae	0001	c.addi	x0,0	  x0:0x00000000  x0=0x00000000
      378562000	     18826	800044b0	01df7233	and	x4,x30,x29	 x30:0xffffffff x29:0x00000000  x4=0x00000000
      378942000	     18845	800044b4	68f9	c.lui	x17,0x1e	 x17=0x0001e000
      378962000	     18846	800044b6	01ea1e63	bne	x20,x30,800044d2	 x20:0xffffffff x30:0xffffffff
      378982000	     18847	800044ba	12fd	c.addi	x5,-1	  x5:0x0a2b9000  x5=0x0a2b8fff
      379062000	     18851	800044bc	cf8e4c13	xori	x24,x28,-776	 x28:0x00000000 x24=0xfffffcf8
      379242000	     18860	800044c0	03b01263	bne	x0,x27,800044e4	  x0:0x00000000 x27:0xffffffff
      379582000	     18877	800044e4	00ce	c.slli	x1,0x13	  x1:0x00000000  x1=0x00000000
      379602000	     18878	800044e6	0001	c.addi	x0,0	  x0:0x00000000  x0=0x00000000
      379622000	     18879	800044e8	009b7963	bgeu	x22,x9,800044fa	 x22:0xffffffff  x9:0x00000000
      379762000	     18886	800044fa	8ad1	c.andi	x13,20	 x13:0x00000000 x13=0x00000000
      379862000	     18891	800044fc	030f31b3	mulhu	x3,x30,x16	 x30:0xffffffff x16:0x00000000  x3=0x00000000
      379882000	     18892	80004500	843d	c.srai	x8,0xf	  x8:0x0001d000  x8=0x00000003
      379902000	     18893	80004502	8d0d	c.sub	x10,x11	 x10:0x907a446e x11:0x00000000 x10=0x907a446e
      380082000	     18902	80004504	027f6763	bltu	x30,x7,80004532	 x30:0xffffffff  x7:0xea8f4464
      380462000	     18921	80004508	8e45	c.or	x12,x9	 x12:0x00000000  x9:0x00000000 x12=0x00000000
      380802000	     18938	8000450a	007fc633	xor	x12,x31,x7	 x31:0x80024e2c  x7:0xea8f4464 x12=0x6a8d0a48
      380822000	     18939	8000450e	9f96	c.add	x31,x5	 x31:0x80024e2c  x5:0x0a2b8fff x31=0x8a2dde2b
      380842000	     18940	80004510	8e41	c.or	x12,x8	 x12:0x6a8d0a48  x8:0x00000003 x12=0x6a8d0a4b
      380862000	     18941	80004512	00d771b3	and	x3,x14,x13	 x14:0xffffffff x13:0x00000000  x3=0x00000000
      380882000	     18942	80004516	0000100f	fence.i	
      381282000	     18962	8000451a	048e	c.slli	x9,0x3	  x9:0x00000000  x9=0x00000000
      381322000	     18964	8000451c	40608f33	sub	x30,x1,x6	  x1:0x00000000  x6:0x00000000 x30=0x00000000
      381422000	     18969	80004520	02861833	mulh	x16,x12,x8	 x12:0x6a8d0a4b  x8:0x00000003 x16=0x00000001
      381702000	     18983	80004524	0e2e	c.slli	x28,0xb	 x28:0x00000000 x28=0x00000000
      381722000	     18984	80004526	1ffd	c.addi	x31,-1	 x31:0x8a2dde2b x31=0x8a2dde2a
      381742000	     18985	80004528	00768e63	beq	x13,x7,80004544	 x13:0x00000000  x7:0xea8f4464
      382062000	     19001	8000452c	01a3fbb3	and	x23,x7,x26	  x7:0xea8f4464 x26:0x80024e2c x23=0x80024424
      382082000	     19002	80004530	4879	c.li	x16,30	 x16=0x0000001e
      382102000	     19003	80004532	0306	c.slli	x6,0x1	  x6:0x00000000  x6=0x00000000
      382122000	     19004	80004534	02144863	blt	x8,x1,80004564	  x8:0x00000003  x1:0x00000000
      382542000	     19025	80004538	031593b3	mulh	x7,x11,x17	 x11:0x00000000 x17:0x0001e000  x7=0x00000000
      382562000	     19026	8000453c	6755	c.lui	x14,0x15	 x14=0x00015000
      382582000	     19027	8000453e	818e	c.mv	x3,x3	  x0:0x00000000  x3:0x00000000  x3=0x00000000
      382642000	     19030	80004540	0119d193	srli	x3,x19,0x11	 x19:0x00000000  x3=0x00000000
      382662000	     19031	80004544	00be0d33	add	x26,x28,x11	 x28:0x00000000 x11:0x00000000 x26=0x00000000
      383102000	     19053	80004548	03832b33	mulhsu	x22,x6,x24	  x6:0x00000000 x24:0xfffffcf8 x22=0x00000000
      383122000	     19054	8000454c	0393ce63	blt	x7,x25,80004588	  x7:0x00000000 x25:0x00000001
      383722000	     19084	80004588	01910fb3	add	x31,x2,x25	  x2:0x80024e2c x25:0x00000001 x31=0x80024e2d
      383742000	     19085	8000458c	8e51	c.or	x12,x12	 x12:0x6a8d0a4b x12:0x6a8d0a4b x12=0x6a8d0a4b
      383762000	     19086	8000458e	c738e093	ori	x1,x17,-909	 x17:0x0001e000  x1=0xfffffc73
      383782000	     19087	80004592	8d71	c.and	x10,x12	 x10:0x907a446e x12:0x6a8d0a4b x10=0x0008004a
      383862000	     19091	80004594	022080b3	mul	x1,x1,x2	  x1:0xfffffc73  x2:0x80024e2c  x1=0x77d06dc4
      383882000	     19092	80004598	084e	c.slli	x16,0x13	 x16:0x0000001e x16=0x00f00000
      383962000	     19096	8000459a	40408733	sub	x14,x1,x4	  x1:0x77d06dc4  x4:0x00000000 x14=0x77d06dc4
      383982000	     19097	8000459e	01959e33	sll	x28,x11,x25	 x11:0x00000000 x25:0x00000001 x28=0x00000000
      384002000	     19098	800045a2	02f27e13	andi	x28,x4,47	  x4:0x00000000 x28=0x00000000
      384022000	     19099	800045a6	0000100f	fence.i	
      384662000	     19131	800045aa	03800763	beq	x0,x24,800045d8	  x0:0x00000000 x24:0xfffffcf8
      384682000	     19132	800045ae	01314563	blt	x2,x19,800045b8	  x2:0x80024e2c x19:0x00000000
      384862000	     19141	800045b8	8ce1	c.and	x9,x8	  x9:0x00000000  x8:0x00000003  x9=0x00000000
      385162000	     19156	800045ba	0ff0000f	fence	iorw,iorw	
      385182000	     19157	800045be	0a65	c.addi	x20,25	 x20:0xffffffff x20=0x00000018
      385282000	     19162	800045c0	01102033	slt	x0,x0,x17	  x0:0x00000000 x17:0x0001e000  x0=0x00000000
      385542000	     19175	800045c4	8121	c.srli	x10,0x8	 x10:0x0008004a x10=0x00000800
      385962000	     19196	800045c6	0000100f	fence.i	
      401422000	     19969	800045ca	835d	c.srli	x14,0x17	 x14:0x77d06dc4 x14=0x000000ef
      401442000	     19970	800045cc	0010bfb3	sltu	x31,x1,x1	  x1:0x77d06dc4  x1:0x77d06dc4 x31=0x00000000
      401462000	     19971	800045d0	a1276037	lui	x0,0xa1276	  x0=0x00000000
      401482000	     19972	800045d4	8d51	c.or	x10,x12	 x10:0x00000800 x12:0x6a8d0a4b x10=0x6a8d0a4b
      401502000	     19973	800045d6	8df9	c.and	x11,x14	 x11:0x00000000 x14:0x000000ef x11=0x00000000
      401522000	     19974	800045d8	84d5	c.srai	x9,0x15	  x9:0x00000000  x9=0x00000000
      401542000	     19975	800045da	5a7d	c.li	x20,-1	 x20=0xffffffff
      401622000	     19979	800045dc	02ba8d33	mul	x26,x21,x11	 x21:0x00000009 x11:0x00000000 x26=0x00000000
      402042000	     20000	800045e0	02130c63	beq	x6,x1,80004618	  x6:0x00000000  x1:0x77d06dc4
      402062000	     20001	800045e4	318efc93	andi	x25,x29,792	 x29:0x00000000 x25=0x00000000
      402082000	     20002	800045e8	c0ec2513	slti	x10,x24,-1010	 x24:0xfffffcf8 x10=0x00000000
      402902000	     20043	800045ec	022dc3b3	div	x7,x27,x2	 x27:0xffffffff  x2:0x80024e2c  x7=0x00000000
      402922000	     20044	800045f0	8dd5	c.or	x11,x13	 x11:0x00000000 x13:0x00000000 x11=0x00000000
      402942000	     20045	800045f2	01120c63	beq	x4,x17,8000460a	  x4:0x00000000 x17:0x0001e000
      402962000	     20046	800045f6	40195a13	srai	x20,x18,0x1	 x18:0x00000001 x20=0x00000000
      402982000	     20047	800045fa	005ba5b3	slt	x11,x23,x5	 x23:0x80024424  x5:0x0a2b8fff x11=0x00000001
      403722000	     20084	800045fe	021fe233	rem	x4,x31,x1	 x31:0x00000000  x1:0x77d06dc4  x4=0x00000000
      403742000	     20085	80004602	5ffd	c.li	x31,-1	 x31=0xffffffff
      403762000	     20086	80004604	6449	c.lui	x8,0x12	  x8=0x00012000
      403782000	     20087	80004606	408fd093	srai	x1,x31,0x8	 x31:0xffffffff  x1=0xffffffff
      403822000	     20089	8000460a	024f5433	divu	x8,x30,x4	 x30:0x00000000  x4:0x00000000  x8=0xffffffff
      403842000	     20090	8000460e	00dc43b3	xor	x7,x24,x13	 x24:0xfffffcf8 x13:0x00000000  x7=0xfffffcf8
      403862000	     20091	80004612	91d37e93	andi	x29,x6,-1763	  x6:0x00000000 x29=0x00000000
      403882000	     20092	80004616	8f71	c.and	x14,x12	 x14:0x000000ef x12:0x6a8d0a4b x14=0x0000004b
      404062000	     20101	80004618	8ed1	c.or	x13,x12	 x13:0x00000000 x12:0x6a8d0a4b x13=0x6a8d0a4b
      404082000	     20102	8000461a	01398233	add	x4,x19,x19	 x19:0x00000000 x19:0x00000000  x4=0x00000000
      404102000	     20103	8000461e	8d7d	c.and	x10,x15	 x10:0x00000000 x15:0x80028ce4 x10=0x00000000
      404242000	     20110	80004620	003bd493	srli	x9,x23,0x3	 x23:0x80024424  x9=0x10004884
      404482000	     20122	80004624	6b1d	c.lui	x22,0x7	 x22=0x00007000
      404502000	     20123	80004626	0001	c.addi	x0,0	  x0:0x00000000  x0=0x00000000
      404902000	     20143	80004628	00459463	bne	x11,x4,80004630	 x11:0x00000001  x4:0x00000000
      405882000	     20192	80004630	ef09	c.bnez	x14,8000464a	 x14:0x0000004b
      406942000	     20245	8000464a	0000100f	fence.i	
      407802000	     20288	8000464e	05059063	bne	x11,x16,8000468e	 x11:0x00000001 x16:0x00f00000
      408602000	     20328	8000468e	0000100f	fence.i	
      408822000	     20339	80004692	8e85	c.sub	x13,x9	 x13:0x6a8d0a4b  x9:0x10004884 x13=0x5a8cc1c7
      409382000	     20367	80004694	025f0733	mul	x14,x30,x5	 x30:0x00000000  x5:0x0a2b8fff x14=0x00000000
      409402000	     20368	80004698	b71e0f93	addi	x31,x28,-1167	 x28:0x00000000 x31=0xfffffb71
      409422000	     20369	8000469c	00ec7cb3	and	x25,x24,x14	 x24:0xfffffcf8 x14:0x00000000 x25=0x00000000
      409582000	     20377	800046a0	010ccd63	blt	x25,x16,800046ba	 x25:0x00000000 x16:0x00f00000
      409782000	     20387	800046ba	997d	c.andi	x10,-1	 x10:0x00000000 x10=0x00000000
      409802000	     20388	800046bc	010d9d63	bne	x27,x16,800046d6	 x27:0xffffffff x16:0x00f00000
      409942000	     20395	800046d6	03c34933	div	x18,x6,x28	  x6:0x00000000 x28:0x00000000 x18=0xffffffff
      410082000	     20402	800046da	03c49663	bne	x9,x28,80004706	  x9:0x10004884 x28:0x00000000
      410322000	     20414	80004706	0001	c.addi	x0,0	  x0:0x00000000  x0=0x00000000
      410342000	     20415	80004708	8c59	c.or	x8,x14	  x8:0xffffffff x14:0x00000000  x8=0xffffffff
      410362000	     20416	8000470a	0001	c.addi	x0,0	  x0:0x00000000  x0=0x00000000
      411102000	     20453	8000470c	032f4fb3	div	x31,x30,x18	 x30:0x00000000 x18:0xffffffff x31=0x00000000
      411122000	     20454	80004710	57b84713	xori	x14,x16,1403	 x16:0x00f00000 x14=0x00f0057b
      411862000	     20491	80004714	02736033	rem	x0,x6,x7	  x6:0x00000000  x7:0xfffffcf8  x0=0x00000000
      411882000	     20492	80004718	0ff0000f	fence	iorw,iorw	
      411902000	     20493	8000471c	fc37e8b7	lui	x17,0xfc37e	 x17=0xfc37e000
      411922000	     20494	80004720	00cefb33	and	x22,x29,x12	 x29:0x00000000 x12:0x6a8d0a4b x22=0x00000000
      411942000	     20495	80004724	4331	c.li	x6,12	  x6=0x0000000c
      411962000	     20496	80004726	03b86363	bltu	x16,x27,8000474c	 x16:0x00f00000 x27:0xffffffff
      412442000	     20520	8000474c	177d	c.addi	x14,-1	 x14:0x00f0057b x14=0x00f0057a
      412462000	     20521	8000474e	0001	c.addi	x0,0	  x0:0x00000000  x0=0x00000000
      413402000	     20568	80004750	02b34d33	div	x26,x6,x11	  x6:0x0000000c x11:0x00000001 x26=0x0000000c
      413422000	     20569	80004754	85fd	c.srai	x11,0x1f	 x11:0x00000001 x11=0x00000000
      413442000	     20570	80004756	0178ab33	slt	x22,x17,x23	 x17:0xfc37e000 x23:0x80024424 x22=0x00000000
      413462000	     20571	8000475a	cf11	c.beqz	x14,80004776	 x14:0x00f0057a
      413482000	     20572	8000475c	0000100f	fence.i	
      414362000	     20616	80004760	006046b3	xor	x13,x0,x6	  x0:0x00000000  x6:0x0000000c x13=0x0000000c
      414722000	     20634	80004764	7cc32b93	slti	x23,x6,1996	  x6:0x0000000c x23=0x00000001
      414782000	     20637	80004768	0da6	c.slli	x27,0x9	 x27:0xffffffff x27=0xfffffe00
      414982000	     20647	8000476a	002a25b3	slt	x11,x20,x2	 x20:0x00000000  x2:0x80024e2c x11=0x00000000
      415002000	     20648	8000476e	019f9433	sll	x8,x31,x25	 x31:0x00000000 x25:0x00000000  x8=0x00000000
      415122000	     20654	80004772	0324b533	mulhu	x10,x9,x18	  x9:0x10004884 x18:0xffffffff x10=0x10004883
      415142000	     20655	80004776	44d0cd13	xori	x26,x1,1101	  x1:0xffffffff x26=0xfffffbb2
      415302000	     20663	8000477a	03659463	bne	x11,x22,800047a2	 x11:0x00000000 x22:0x00000000
      415322000	     20664	8000477e	ce11	c.beqz	x12,8000479a	 x12:0x6a8d0a4b
      415342000	     20665	80004780	401dd6b3	sra	x13,x27,x1	 x27:0xfffffe00  x1:0xffffffff x13=0xffffffff
      415742000	     20685	80004784	033b6663	bltu	x22,x19,800047b0	 x22:0x00000000 x19:0x00000000
      415782000	     20687	80004788	033c7733	remu	x14,x24,x19	 x24:0xfffffcf8 x19:0x00000000 x14=0xfffffcf8
      416122000	     20704	8000478c	8721	c.srai	x14,0x8	 x14:0xfffffcf8 x14=0xfffffffc
      416862000	     20741	8000478e	032eeb33	rem	x22,x29,x18	 x29:0x00000000 x18:0xffffffff x22=0x00000000
      416882000	     20742	80004792	8e71	c.and	x12,x12	 x12:0x6a8d0a4b x12:0x6a8d0a4b x12=0x6a8d0a4b
      416902000	     20743	80004794	0001	c.addi	x0,0	  x0:0x00000000  x0=0x00000000
      416942000	     20745	80004796	023466b3	rem	x13,x8,x3	  x8:0x00000000  x3:0x00000000 x13=0x00000000
      417042000	     20750	8000479a	0341dd63	bge	x3,x20,800047d4	  x3:0x00000000 x20:0x00000000
      417562000	     20776	800047d4	00cc65b3	or	x11,x24,x12	 x24:0xfffffcf8 x12:0x6a8d0a4b x11=0xfffffefb
      417622000	     20779	800047d8	03baa333	mulhsu	x6,x21,x27	 x21:0x00000009 x27:0xfffffe00  x6=0x00000008
      417642000	     20780	800047dc	01180663	beq	x16,x17,800047e8	 x16:0x00f00000 x17:0xfc37e000
      417662000	     20781	800047e0	03d50a63	beq	x10,x29,80004814	 x10:0x10004883 x29:0x00000000
      417682000	     20782	800047e4	6999	c.lui	x19,0x6	 x19=0x00006000
      417702000	     20783	800047e6	8e0d	c.sub	x12,x11	 x12:0x6a8d0a4b x11:0xfffffefb x12=0x6a8d0b50
      417862000	     20791	800047e8	01e45a33	srl	x20,x8,x30	  x8:0x00000000 x30:0x00000000 x20=0x00000000
      417902000	     20793	800047ec	fe6f8593	addi	x11,x31,-26	 x31:0x00000000 x11=0xffffffe6
      417962000	     20796	800047f0	01a25833	srl	x16,x4,x26	  x4:0x00000000 x26:0xfffffbb2 x16=0x00000000
      418202000	     20808	800047f4	82a9	c.srli	x13,0xa	 x13:0x00000000 x13=0x00000000
      418222000	     20809	800047f6	0001	c.addi	x0,0	  x0:0x00000000  x0=0x00000000
      418242000	     20810	800047f8	010f1fb3	sll	x31,x30,x16	 x30:0x00000000 x16:0x00000000 x31=0x00000000
      418262000	     20811	800047fc	0281e763	bltu	x3,x8,8000482a	  x3:0x00000000  x8:0x00000000
      418322000	     20814	80004800	098a	c.slli	x19,0x2	 x19:0x00006000 x19=0x00018000
      419182000	     20857	80004802	032fdbb3	divu	x23,x31,x18	 x31:0x00000000 x18:0xffffffff x23=0x00000000
      419222000	     20859	80004806	03fc95b3	mulh	x11,x25,x31	 x25:0x00000000 x31:0x00000000 x11=0x00000000
      419242000	     20860	8000480a	8e05	c.sub	x12,x9	 x12:0x6a8d0b50  x9:0x10004884 x12=0x5a8cc2cc
      419282000	     20862	8000480c	03b03033	mulhu	x0,x0,x27	  x0:0x00000000 x27:0xfffffe00  x0=0x00000000
      419302000	     20863	80004810	8f35	c.xor	x14,x13	 x14:0xfffffffc x13:0x00000000 x14=0xfffffffc
      419322000	     20864	80004812	6bfd	c.lui	x23,0x1f	 x23=0x0001f000
      419342000	     20865	80004814	0001	c.addi	x0,0	  x0:0x00000000  x0=0x00000000
      419362000	     20866	80004816	01ff03b3	add	x7,x30,x31	 x30:0x00000000 x31:0x00000000  x7=0x00000000
      419442000	     20870	8000481a	0ff0000f	fence	iorw,iorw	
      419462000	     20871	8000481e	4e05	c.li	x28,1	 x28=0x00000001
      419482000	     20872	80004820	4e19	c.li	x28,6	 x28=0x00000006
      419882000	     20892	80004822	03b28d33	mul	x26,x5,x27	  x5:0x0a2b8fff x27:0xfffffe00 x26=0xa8e00200
      419902000	     20893	80004826	cb63c313	xori	x6,x7,-842	  x7:0x00000000  x6=0xfffffcb6
      420322000	     20914	8000482a	41eddb33	sra	x22,x27,x30	 x27:0xfffffe00 x30:0x00000000 x22=0xfffffe00
      420342000	     20915	8000482e	81ba	c.mv	x3,x14	  x0:0x00000000 x14:0xfffffffc  x3=0xfffffffc
      421462000	     20971	80004830	0331c4b3	div	x9,x3,x19	  x3:0xfffffffc x19:0x00018000  x9=0x00000000
      421482000	     20972	80004834	012f7933	and	x18,x30,x18	 x30:0x00000000 x18:0xffffffff x18=0x00000000
      421502000	     20973	80004838	0e42	c.slli	x28,0x10	 x28:0x00000006 x28=0x00060000
      421522000	     20974	8000483a	acccbf13	sltiu	x30,x25,-1332	 x25:0x00000000 x30=0x00000001
      421582000	     20977	8000483e	c3aeae97	auipc	x29,0xc3aea	 x29=0x43aee83e
      421602000	     20978	80004842	41c1d993	srai	x19,x3,0x1c	  x3:0xfffffffc x19=0xffffffff
      421622000	     20979	80004846	8d8d	c.sub	x11,x11	 x11:0x00000000 x11:0x00000000 x11=0x00000000
      421642000	     20980	80004848	28243d93	sltiu	x27,x8,642	  x8:0x00000000 x27=0x00000001
      421662000	     20981	8000484c	021ad463	bge	x21,x1,80004874	 x21:0x00000009  x1:0xffffffff
      422362000	     21016	80004874	687d	c.lui	x16,0x1f	 x16=0x0001f000
      422382000	     21017	80004876	ef0d	c.bnez	x14,800048b0	 x14:0xfffffffc
      423022000	     21049	800048b0	406552b3	sra	x5,x10,x6	 x10:0x10004883  x6:0xfffffcb6  x5=0x00000040
      423042000	     21050	800048b4	6665	c.lui	x12,0x19	 x12=0x00019000
      423062000	     21051	800048b6	0001	c.addi	x0,0	  x0:0x00000000  x0=0x00000000
      423082000	     21052	800048b8	8509	c.srai	x10,0x2	 x10:0x10004883 x10=0x04001220
      423242000	     21060	800048ba	bec9e537	lui	x10,0xbec9e	 x10=0xbec9e000
      423262000	     21061	800048be	0335c763	blt	x11,x19,800048ec	 x11:0x00000000 x19:0xffffffff
      424402000	     21118	800048c2	02a0e2b3	rem	x5,x1,x10	  x1:0xffffffff x10:0xbec9e000  x5=0xffffffff
      424422000	     21119	800048c6	00d05763	bge	x0,x13,800048d4	  x0:0x00000000 x13:0x00000000
      424462000	     21121	800048d4	0e4e	c.slli	x28,0x13	 x28:0x00060000 x28=0x00000000
      425202000	     21158	800048d6	031b7333	remu	x6,x22,x17	 x22:0xfffffe00 x17:0xfc37e000  x6=0x03c81e00
      425222000	     21159	800048da	623aab13	slti	x22,x21,1571	 x21:0x00000009 x22=0x00000001
      425242000	     21160	800048de	e78d8737	lui	x14,0xe78d8	 x14=0xe78d8000
      425262000	     21161	800048e2	00e30a33	add	x20,x6,x14	  x6:0x03c81e00 x14:0xe78d8000 x20=0xeb559e00
      425282000	     21162	800048e6	417f5e93	srai	x29,x30,0x17	 x30:0x00000001 x29=0x00000000
      425302000	     21163	800048ea	60f1	c.lui	x1,0x1c	  x1=0x0001c000
      425322000	     21164	800048ec	8a25	c.andi	x12,9	 x12:0x00019000 x12=0x00000000
      425462000	     21171	800048ee	01cd53b3	srl	x7,x26,x28	 x26:0xa8e00200 x28:0x00000000  x7=0xa8e00200
      425482000	     21172	800048f2	8f05	c.sub	x14,x9	 x14:0xe78d8000  x9:0x00000000 x14=0xe78d8000
      425562000	     21176	800048f4	005fa6b3	slt	x13,x31,x5	 x31:0x00000000  x5:0xffffffff x13=0x00000000
      425582000	     21177	800048f8	01449563	bne	x9,x20,80004902	  x9:0x00000000 x20:0xeb559e00
      432462000	     21521	80004902	55fd	c.li	x11,-1	 x11=0xffffffff
      432482000	     21522	80004904	8f21	c.xor	x14,x8	 x14:0xe78d8000  x8:0x00000000 x14=0xe78d8000
      432502000	     21523	80004906	02a44863	blt	x8,x10,80004936	  x8:0x00000000 x10:0xbec9e000
      432522000	     21524	8000490a	8f4d	c.or	x14,x11	 x14:0xe78d8000 x11:0xffffffff x14=0xffffffff
      432542000	     21525	8000490c	6ce1	c.lui	x25,0x18	 x25=0x00018000
      432562000	     21526	8000490e	0ff0000f	fence	iorw,iorw	
      432602000	     21528	80004912	025b31b3	mulhu	x3,x22,x5	 x22:0x00000001  x5:0xffffffff  x3=0x00000000
      432782000	     21537	80004916	40915293	srai	x5,x2,0x9	  x2:0x80024e2c  x5=0xffc00127
      432802000	     21538	8000491a	8eed	c.and	x13,x11	 x13:0x00000000 x11:0xffffffff x13=0x00000000
      432822000	     21539	8000491c	35977713	andi	x14,x14,857	 x14:0xffffffff x14=0x00000359
      432962000	     21546	80004920	412a5593	srai	x11,x20,0x12	 x20:0xeb559e00 x11=0xfffffad5
      432982000	     21547	80004924	00610663	beq	x2,x6,80004930	  x2:0x80024e2c  x6:0x03c81e00
      433002000	     21548	80004928	00f27db3	and	x27,x4,x15	  x4:0x00000000 x15:0x80028ce4 x27=0x00000000
      433142000	     21555	8000492c	cb18c393	xori	x7,x17,-847	 x17:0xfc37e000  x7=0x03c81cb1
      433162000	     21556	80004930	012c1393	slli	x7,x24,0x12	 x24:0xfffffcf8  x7=0xf3e00000
      433182000	     21557	80004934	8f79	c.and	x14,x14	 x14:0x00000359 x14:0x00000359 x14=0x00000359
      433202000	     21558	80004936	0089e2b3	or	x5,x19,x8	 x19:0xffffffff  x8:0x00000000  x5=0xffffffff
      433642000	     21580	8000493a	02063fb3	mulhu	x31,x12,x0	 x12:0x00000000  x0:0x00000000 x31=0x00000000
      433662000	     21581	8000493e	0075a633	slt	x12,x11,x7	 x11:0xfffffad5  x7:0xf3e00000 x12=0x00000000
      433682000	     21582	80004942	38f69517	auipc	x10,0x38f69	 x10=0xb8f6d942
      433762000	     21586	80004946	03836c63	bltu	x6,x24,8000497e	  x6:0x03c81e00 x24:0xfffffcf8
      435622000	     21679	8000497e	0373c733	div	x14,x7,x23	  x7:0xf3e00000 x23:0x0001f000 x14=0xfffff9be
      435642000	     21680	80004982	7d246413	ori	x8,x8,2002	  x8:0x00000000  x8=0x000007d2
      435662000	     21681	80004986	9b72	c.add	x22,x28	 x22:0x00000001 x28:0x00000000 x22=0x00000001
      435682000	     21682	80004988	01f18f33	add	x30,x3,x31	  x3:0x00000000 x31:0x00000000 x30=0x00000000
      435702000	     21683	8000498c	39b8b093	sltiu	x1,x17,923	 x17:0xfc37e000  x1=0x00000000
      435742000	     21685	80004990	030a9bb3	mulh	x23,x21,x16	 x21:0x00000009 x16:0x0001f000 x23=0x00000000
      435762000	     21686	80004994	8e61	c.and	x12,x8	 x12:0x00000000  x8:0x000007d2 x12=0x00000000
      435782000	     21687	80004996	6edc4213	xori	x4,x24,1773	 x24:0xfffffcf8  x4=0xfffffa15
      435822000	     21689	8000499a	032dceb3	div	x29,x27,x18	 x27:0x00000000 x18:0x00000000 x29=0xffffffff
      435982000	     21697	8000499e	4012d3b3	sra	x7,x5,x1	  x5:0xffffffff  x1:0x00000000  x7=0xffffffff
      437062000	     21751	800049a2	0279c4b3	div	x9,x19,x7	 x19:0xffffffff  x7:0xffffffff  x9=0x00000001
      437082000	     21752	800049a6	ea9d	c.bnez	x13,800049dc	 x13:0x00000000
      437122000	     21754	800049a8	020b35b3	mulhu	x11,x22,x0	 x22:0x00000001  x0:0x00000000 x11=0x00000000
      437142000	     21755	800049ac	09f2	c.slli	x19,0x1c	 x19:0xffffffff x19=0xf0000000
      437162000	     21756	800049ae	7abb2d13	slti	x26,x22,1963	 x22:0x00000001 x26=0x00000001
      437182000	     21757	800049b2	03d005b3	mul	x11,x0,x29	  x0:0x00000000 x29:0xffffffff x11=0x00000000
      437202000	     21758	800049b6	755948b7	lui	x17,0x75594	 x17=0x75594000
      437222000	     21759	800049ba	45bd	c.li	x11,15	 x11=0x0000000f
      437242000	     21760	800049bc	8ddd	c.or	x11,x15	 x11:0x0000000f x15:0x80028ce4 x11=0x80028cef
      437262000	     21761	800049be	4491	c.li	x9,4	  x9=0x00000004
      437402000	     21768	800049c0	89ccc337	lui	x6,0x89ccc	  x6=0x89ccc000
      437622000	     21779	800049c4	4c8d	c.li	x25,3	 x25=0x00000003
      437642000	     21780	800049c6	8e62	c.mv	x28,x24	  x0:0x00000000 x24:0xfffffcf8 x28=0xfffffcf8
      437662000	     21781	800049c8	03a083b3	mul	x7,x1,x26	  x1:0x00000000 x26:0x00000001  x7=0x00000000
      438022000	     21799	800049cc	01f33c33	sltu	x24,x6,x31	  x6:0x89ccc000 x31:0x00000000 x24=0x00000000
      438062000	     21801	800049d0	14fd	c.addi	x9,-1	  x9:0x00000004  x9=0x00000003
      438082000	     21802	800049d2	ff94fde3	bgeu	x9,x25,800049cc	  x9:0x00000003 x25:0x00000003
      438122000	     21804	800049cc	01f33c33	sltu	x24,x6,x31	  x6:0x89ccc000 x31:0x00000000 x24=0x00000000
      438182000	     21807	800049d0	14fd	c.addi	x9,-1	  x9:0x00000003  x9=0x00000002
      438202000	     21808	800049d2	ff94fde3	bgeu	x9,x25,800049cc	  x9:0x00000002 x25:0x00000003
      438542000	     21825	800049d6	008103b3	add	x7,x2,x8	  x2:0x80024e2c  x8:0x000007d2  x7=0x800255fe
      438562000	     21826	800049da	8c11	c.sub	x8,x12	  x8:0x000007d2 x12:0x00000000  x8=0x000007d2
      438602000	     21828	800049dc	03f170b3	remu	x1,x2,x31	  x2:0x80024e2c x31:0x00000000  x1=0x80024e2c
      438622000	     21829	800049e0	9cf2	c.add	x25,x28	 x25:0x00000003 x28:0xfffffcf8 x25=0xfffffcfb
      438682000	     21832	800049e2	02e8ed63	bltu	x17,x14,80004a1c	 x17:0x75594000 x14:0xfffff9be
      439182000	     21857	80004a1c	00eb99b3	sll	x19,x23,x14	 x23:0x00000000 x14:0xfffff9be x19=0x00000000
      439302000	     21863	80004a20	0ff0000f	fence	iorw,iorw	
      439322000	     21864	80004a24	177d	c.addi	x14,-1	 x14:0xfffff9be x14=0xfffff9bd
      439482000	     21872	80004a26	03797db3	remu	x27,x18,x23	 x18:0x00000000 x23:0x00000000 x27=0x00000000
      439502000	     21873	80004a2a	8c89	c.sub	x9,x10	  x9:0x00000002 x10:0xb8f6d942  x9=0x470926c0
      439822000	     21889	80004a2c	6efc3313	sltiu	x6,x24,1775	 x24:0x00000000  x6=0x00000001
      439982000	     21897	80004a30	016aa933	slt	x18,x21,x22	 x21:0x00000009 x22:0x00000001 x18=0x00000000
      440002000	     21898	80004a34	8621	c.srai	x12,0x8	 x12:0x00000000 x12=0x00000000
      440022000	     21899	80004a36	c935	c.beqz	x10,80004aaa	 x10:0xb8f6d942
      440042000	     21900	80004a38	9afd	c.andi	x13,-1	 x13:0x00000000 x13=0x00000000
      440142000	     21905	80004a3a	01988b63	beq	x17,x25,80004a50	 x17:0x75594000 x25:0xfffffcfb
      440282000	     21912	80004a3e	0ff0000f	fence	iorw,iorw	
      440702000	     21933	80004a42	00ed16b3	sll	x13,x26,x14	 x26:0x00000001 x14:0xfffff9bd x13=0x20000000
      440722000	     21934	80004a46	8c09	c.sub	x8,x10	  x8:0x000007d2 x10:0xb8f6d942  x8=0x47092e90
      441022000	     21949	80004a48	82ca	c.mv	x5,x18	  x0:0x00000000 x18:0x00000000  x5=0x00000000
      441042000	     21950	80004a4a	8df9	c.and	x11,x14	 x11:0x80028cef x14:0xfffff9bd x11=0x800288ad
      441062000	     21951	80004a4c	025708b3	mul	x17,x14,x5	 x14:0xfffff9bd  x5:0x00000000 x17=0x00000000
      441082000	     21952	80004a50	0001	c.addi	x0,0	  x0:0x00000000  x0=0x00000000
      441102000	     21953	80004a52	256d7093	andi	x1,x26,598	 x26:0x00000001  x1=0x00000000
      441122000	     21954	80004a56	412e5633	sra	x12,x28,x18	 x28:0xfffffcf8 x18:0x00000000 x12=0xfffffcf8
      441282000	     21962	80004a5a	02360d33	mul	x26,x12,x3	 x12:0xfffffcf8  x3:0x00000000 x26=0x00000000
      441302000	     21963	80004a5e	01262eb3	slt	x29,x12,x18	 x12:0xfffffcf8 x18:0x00000000 x29=0x00000001
      441322000	     21964	80004a62	05a7d863	bge	x15,x26,80004ab2	 x15:0x80028ce4 x26:0x00000000
      441342000	     21965	80004a66	46a5	c.li	x13,9	 x13=0x00000009
      441462000	     21971	80004a68	98fd	c.andi	x9,-1	  x9:0x470926c0  x9=0x470926c0
      441482000	     21972	80004a6a	429d	c.li	x5,7	  x5=0x00000007
      441622000	     21979	80004a6c	01673d33	sltu	x26,x14,x22	 x14:0xfffff9bd x22:0x00000001 x26=0x00000000
      441642000	     21980	80004a70	5d658493	addi	x9,x11,1494	 x11:0x800288ad  x9=0x80028e83
      441662000	     21981	80004a74	16ed	c.addi	x13,-5	 x13:0x00000009 x13=0x00000004
      441682000	     21982	80004a76	8da5	c.xor	x11,x9	 x11:0x800288ad  x9:0x80028e83 x11=0x0000062e
      441702000	     21983	80004a78	4719	c.li	x14,6	 x14=0x00000006
      441722000	     21984	80004a7a	1f7d	c.addi	x30,-1	 x30:0x00000000 x30=0xffffffff
      441782000	     21987	80004a7c	222d0fb7	lui	x31,0x222d0	 x31=0x222d0000
      441802000	     21988	80004a80	483d	c.li	x16,15	 x16=0x0000000f
      442542000	     22025	80004a82	026060b3	rem	x1,x0,x6	  x0:0x00000000  x6:0x00000001  x1=0x00000000
      442562000	     22026	80004a86	81ad	c.srli	x11,0xb	 x11:0x0000062e x11=0x00000000
      442582000	     22027	80004a88	0705	c.addi	x14,1	 x14:0x00000006 x14=0x00000007
      442602000	     22028	80004a8a	8d1d	c.sub	x10,x15	 x10:0xb8f6d942 x15:0x80028ce4 x10=0x38f44c5e
      442622000	     22029	80004a8c	ff071be3	bne	x14,x16,80004a82	 x14:0x00000007 x16:0x0000000f
      443402000	     22068	80004a82	026060b3	rem	x1,x0,x6	  x0:0x00000000  x6:0x00000001  x1=0x00000000
      443422000	     22069	80004a86	81ad	c.srli	x11,0xb	 x11:0x00000000 x11=0x00000000
      443442000	     22070	80004a88	0705	c.addi	x14,1	 x14:0x00000007 x14=0x00000008
      443462000	     22071	80004a8a	8d1d	c.sub	x10,x15	 x10:0x38f44c5e x15:0x80028ce4 x10=0xb8f1bf7a
      443482000	     22072	80004a8c	ff071be3	bne	x14,x16,80004a82	 x14:0x00000008 x16:0x0000000f
      444262000	     22111	80004a82	026060b3	rem	x1,x0,x6	  x0:0x00000000  x6:0x00000001  x1=0x00000000
      444282000	     22112	80004a86	81ad	c.srli	x11,0xb	 x11:0x00000000 x11=0x00000000
      444302000	     22113	80004a88	0705	c.addi	x14,1	 x14:0x00000008 x14=0x00000009
      444322000	     22114	80004a8a	8d1d	c.sub	x10,x15	 x10:0xb8f1bf7a x15:0x80028ce4 x10=0x38ef3296
      444342000	     22115	80004a8c	ff071be3	bne	x14,x16,80004a82	 x14:0x00000009 x16:0x0000000f
      445122000	     22154	80004a82	026060b3	rem	x1,x0,x6	  x0:0x00000000  x6:0x00000001  x1=0x00000000
      445142000	     22155	80004a86	81ad	c.srli	x11,0xb	 x11:0x00000000 x11=0x00000000
      445162000	     22156	80004a88	0705	c.addi	x14,1	 x14:0x00000009 x14=0x0000000a
      445182000	     22157	80004a8a	8d1d	c.sub	x10,x15	 x10:0x38ef3296 x15:0x80028ce4 x10=0xb8eca5b2
      445202000	     22158	80004a8c	ff071be3	bne	x14,x16,80004a82	 x14:0x0000000a x16:0x0000000f
      445982000	     22197	80004a82	026060b3	rem	x1,x0,x6	  x0:0x00000000  x6:0x00000001  x1=0x00000000
      446002000	     22198	80004a86	81ad	c.srli	x11,0xb	 x11:0x00000000 x11=0x00000000
      446022000	     22199	80004a88	0705	c.addi	x14,1	 x14:0x0000000a x14=0x0000000b
      446042000	     22200	80004a8a	8d1d	c.sub	x10,x15	 x10:0xb8eca5b2 x15:0x80028ce4 x10=0x38ea18ce
      446062000	     22201	80004a8c	ff071be3	bne	x14,x16,80004a82	 x14:0x0000000b x16:0x0000000f
      446842000	     22240	80004a82	026060b3	rem	x1,x0,x6	  x0:0x00000000  x6:0x00000001  x1=0x00000000
      446862000	     22241	80004a86	81ad	c.srli	x11,0xb	 x11:0x00000000 x11=0x00000000
      446882000	     22242	80004a88	0705	c.addi	x14,1	 x14:0x0000000b x14=0x0000000c
      446902000	     22243	80004a8a	8d1d	c.sub	x10,x15	 x10:0x38ea18ce x15:0x80028ce4 x10=0xb8e78bea
      446922000	     22244	80004a8c	ff071be3	bne	x14,x16,80004a82	 x14:0x0000000c x16:0x0000000f
      447702000	     22283	80004a82	026060b3	rem	x1,x0,x6	  x0:0x00000000  x6:0x00000001  x1=0x00000000
      447722000	     22284	80004a86	81ad	c.srli	x11,0xb	 x11:0x00000000 x11=0x00000000
      447742000	     22285	80004a88	0705	c.addi	x14,1	 x14:0x0000000c x14=0x0000000d
      447762000	     22286	80004a8a	8d1d	c.sub	x10,x15	 x10:0xb8e78bea x15:0x80028ce4 x10=0x38e4ff06
      447782000	     22287	80004a8c	ff071be3	bne	x14,x16,80004a82	 x14:0x0000000d x16:0x0000000f
      448562000	     22326	80004a82	026060b3	rem	x1,x0,x6	  x0:0x00000000  x6:0x00000001  x1=0x00000000
      448582000	     22327	80004a86	81ad	c.srli	x11,0xb	 x11:0x00000000 x11=0x00000000
      448602000	     22328	80004a88	0705	c.addi	x14,1	 x14:0x0000000d x14=0x0000000e
      448622000	     22329	80004a8a	8d1d	c.sub	x10,x15	 x10:0x38e4ff06 x15:0x80028ce4 x10=0xb8e27222
      448642000	     22330	80004a8c	ff071be3	bne	x14,x16,80004a82	 x14:0x0000000e x16:0x0000000f
      449422000	     22369	80004a82	026060b3	rem	x1,x0,x6	  x0:0x00000000  x6:0x00000001  x1=0x00000000
      449442000	     22370	80004a86	81ad	c.srli	x11,0xb	 x11:0x00000000 x11=0x00000000
      449462000	     22371	80004a88	0705	c.addi	x14,1	 x14:0x0000000e x14=0x0000000f
      449482000	     22372	80004a8a	8d1d	c.sub	x10,x15	 x10:0xb8e27222 x15:0x80028ce4 x10=0x38dfe53e
      449502000	     22373	80004a8c	ff071be3	bne	x14,x16,80004a82	 x14:0x0000000f x16:0x0000000f
      449522000	     22374	80004a90	00bff333	and	x6,x31,x11	 x31:0x222d0000 x11:0x00000000  x6=0x00000000
      449542000	     22375	80004a94	fc56fce3	bgeu	x13,x5,80004a6c	 x13:0x00000004  x5:0x00000007
      449562000	     22376	80004a98	b246aa13	slti	x20,x13,-1244	 x13:0x00000004 x20=0x00000000
      449582000	     22377	80004a9c	02cde293	ori	x5,x27,44	 x27:0x00000000  x5=0x0000002c
      449622000	     22379	80004aa0	0000100f	fence.i	
      449742000	     22385	80004aa4	000a9c33	sll	x24,x21,x0	 x21:0x00000009  x0:0x00000000 x24=0x00000009
      449842000	     22390	80004aa8	0001	c.addi	x0,0	  x0:0x00000000  x0=0x00000000
      450582000	     22427	80004aaa	0278ffb3	remu	x31,x17,x7	 x17:0x00000000  x7:0x800255fe x31=0x00000000
      450602000	     22428	80004aae	1bfd	c.addi	x23,-1	 x23:0x00000000 x23=0xffffffff
      450622000	     22429	80004ab0	8c8d	c.sub	x9,x11	  x9:0x80028e83 x11:0x00000000  x9=0x80028e83
      450642000	     22430	80004ab2	77543413	sltiu	x8,x8,1909	  x8:0x47092e90  x8=0x00000000
      450662000	     22431	80004ab6	0c5e	c.slli	x24,0x17	 x24:0x00000009 x24=0x04800000
      450682000	     22432	80004ab8	03d7c263	blt	x15,x29,80004adc	 x15:0x80028ce4 x29:0x00000001
      450762000	     22436	80004adc	51854293	xori	x5,x10,1304	 x10:0x38dfe53e  x5=0x38dfe026
      451182000	     22457	80004ae0	00d7b5b3	sltu	x11,x15,x13	 x15:0x80028ce4 x13:0x00000004 x11=0x00000000
      451202000	     22458	80004ae4	913b6893	ori	x17,x22,-1773	 x22:0x00000001 x17=0xfffff913
      451262000	     22461	80004ae8	03a5cc63	blt	x11,x26,80004b20	 x11:0x00000000 x26:0x00000000
      451282000	     22462	80004aec	8c95	c.sub	x9,x13	  x9:0x80028e83 x13:0x00000004  x9=0x80028e7f
      451362000	     22466	80004aee	40df85b3	sub	x11,x31,x13	 x31:0x00000000 x13:0x00000004 x11=0xfffffffc
      451382000	     22467	80004af2	0116b933	sltu	x18,x13,x17	 x13:0x00000004 x17:0xfffff913 x18=0x00000001
      451402000	     22468	80004af6	9206	c.add	x4,x1	  x4:0xfffffa15  x1:0x00000000  x4=0xfffffa15
      451422000	     22469	80004af8	00e761b3	or	x3,x14,x14	 x14:0x0000000f x14:0x0000000f  x3=0x0000000f
      451822000	     22489	80004afc	028b6d33	rem	x26,x22,x8	 x22:0x00000001  x8:0x00000000 x26=0x00000001
      451882000	     22492	80004b00	02bb7463	bgeu	x22,x11,80004b28	 x22:0x00000001 x11:0xfffffffc
      452302000	     22513	80004b04	0363f563	bgeu	x7,x22,80004b2e	  x7:0x800255fe x22:0x00000001
      453882000	     22592	80004b2e	0ff0000f	fence	iorw,iorw	
      454622000	     22629	80004b32	0393d633	divu	x12,x7,x25	  x7:0x800255fe x25:0xfffffcfb x12=0x00000000
      454642000	     22630	80004b36	88e1	c.andi	x9,24	  x9:0x80028e7f  x9=0x00000018
      455382000	     22667	80004b38	025dc333	div	x6,x27,x5	 x27:0x00000000  x5:0x38dfe026  x6=0x00000000
      455402000	     22668	80004b3c	024e7163	bgeu	x28,x4,80004b5e	 x28:0xfffffcf8  x4:0xfffffa15
      456162000	     22706	80004b5e	01b37fb3	and	x31,x6,x27	  x6:0x00000000 x27:0x00000000 x31=0x00000000
      456182000	     22707	80004b62	894d	c.andi	x10,19	 x10:0x38dfe53e x10=0x00000012
      456222000	     22709	80004b64	02ffac33	mulhsu	x24,x31,x15	 x31:0x00000000 x15:0x80028ce4 x24=0x00000000
      456242000	     22710	80004b68	cc81	c.beqz	x9,80004b80	  x9:0x00000018
      456262000	     22711	80004b6a	0042c9b3	xor	x19,x5,x4	  x5:0x38dfe026  x4:0xfffffa15 x19=0xc7201a33
      456482000	     22722	80004b6e	0000100f	fence.i	
      457822000	     22789	80004b72	80cd	c.srli	x9,0x13	  x9:0x00000018  x9=0x00000000
      457842000	     22790	80004b74	01205563	bge	x0,x18,80004b7e	  x0:0x00000000 x18:0x00000001
      457862000	     22791	80004b78	ce15	c.beqz	x12,80004bb4	 x12:0x00000000
      458202000	     22808	80004bb4	03335a63	bge	x6,x19,80004be8	  x6:0x00000000 x19:0xc7201a33
      458482000	     22822	80004be8	8761	c.srai	x14,0x18	 x14:0x0000000f x14=0x00000000
      458682000	     22832	80004bea	01421c93	slli	x25,x4,0x14	  x4:0xfffffa15 x25=0xa1500000
      458762000	     22836	80004bee	03f53533	mulhu	x10,x10,x31	 x10:0x00000012 x31:0x00000000 x10=0x00000000
      458782000	     22837	80004bf2	0001	c.addi	x0,0	  x0:0x00000000  x0=0x00000000
      459042000	     22850	80004bf4	51e1	c.li	x3,-8	  x3=0xfffffff8
      459062000	     22851	80004bf6	4c29	c.li	x24,10	 x24=0x0000000a
      460182000	     22907	80004bf8	037d5533	divu	x10,x26,x23	 x26:0x00000001 x23:0xffffffff x10=0x00000000
      460202000	     22908	80004bfc	8661	c.srai	x12,0x18	 x12:0x00000000 x12=0x00000000
      460222000	     22909	80004bfe	16fd	c.addi	x13,-1	 x13:0x00000004 x13=0x00000003
      460242000	     22910	80004c00	0bdd	c.addi	x23,23	 x23:0xffffffff x23=0x00000016
      460262000	     22911	80004c02	0017ebb3	or	x23,x15,x1	 x15:0x80028ce4  x1:0x00000000 x23=0x80028ce4
      460422000	     22919	80004c06	002469b3	or	x19,x8,x2	  x8:0x00000000  x2:0x80024e2c x19=0x80024e2c
      460842000	     22940	80004c0a	2e522693	slti	x13,x4,741	  x4:0xfffffa15 x13=0x00000001
      461042000	     22950	80004c0e	016ac6b3	xor	x13,x21,x22	 x21:0x00000009 x22:0x00000001 x13=0x00000008
      461062000	     22951	80004c12	0060c533	xor	x10,x1,x6	  x1:0x00000000  x6:0x00000000 x10=0x00000000
      461082000	     22952	80004c16	00e6	c.slli	x1,0x19	  x1:0x00000000  x1=0x00000000
      461102000	     22953	80004c18	9706	c.add	x14,x1	 x14:0x00000000  x1:0x00000000 x14=0x00000000
      461182000	     22957	80004c1a	00781033	sll	x0,x16,x7	 x16:0x0000000f  x7:0x800255fe  x0=0x00000000
      461202000	     22958	80004c1e	01735893	srli	x17,x6,0x17	  x6:0x00000000 x17=0x00000000
      461222000	     22959	80004c22	00eb28b3	slt	x17,x22,x14	 x22:0x00000001 x14:0x00000000 x17=0x00000000
      461242000	     22960	80004c26	4144da13	srai	x20,x9,0x14	  x9:0x00000000 x20=0x00000000
      461262000	     22961	80004c2a	6cf1	c.lui	x25,0x1c	 x25=0x0001c000
      461282000	     22962	80004c2c	0189	c.addi	x3,2	  x3:0xfffffff8  x3=0xfffffffa
      461422000	     22969	80004c2e	02328bb3	mul	x23,x5,x3	  x5:0x38dfe026  x3:0xfffffffa x23=0xaac0bf1c
      461442000	     22970	80004c32	0656	c.slli	x12,0x15	 x12:0x00000000 x12=0x00000000
      461642000	     22980	80004c34	01115813	srli	x16,x2,0x11	  x2:0x80024e2c x16=0x00004001
      461922000	     22994	80004c38	00f9bf33	sltu	x30,x19,x15	 x19:0x80024e2c x15:0x80028ce4 x30=0x00000001
      462042000	     23000	80004c3c	fd8197e3	bne	x3,x24,80004c0a	  x3:0xfffffffa x24:0x0000000a
      462562000	     23026	80004c0a	2e522693	slti	x13,x4,741	  x4:0xfffffa15 x13=0x00000001
      462582000	     23027	80004c0e	016ac6b3	xor	x13,x21,x22	 x21:0x00000009 x22:0x00000001 x13=0x00000008
      462602000	     23028	80004c12	0060c533	xor	x10,x1,x6	  x1:0x00000000  x6:0x00000000 x10=0x00000000
      462622000	     23029	80004c16	00e6	c.slli	x1,0x19	  x1:0x00000000  x1=0x00000000
      462642000	     23030	80004c18	9706	c.add	x14,x1	 x14:0x00000000  x1:0x00000000 x14=0x00000000
      462662000	     23031	80004c1a	00781033	sll	x0,x16,x7	 x16:0x00004001  x7:0x800255fe  x0=0x00000000
      462822000	     23039	80004c1e	01735893	srli	x17,x6,0x17	  x6:0x00000000 x17=0x00000000
      462842000	     23040	80004c22	00eb28b3	slt	x17,x22,x14	 x22:0x00000001 x14:0x00000000 x17=0x00000000
      462862000	     23041	80004c26	4144da13	srai	x20,x9,0x14	  x9:0x00000000 x20=0x00000000
      462882000	     23042	80004c2a	6cf1	c.lui	x25,0x1c	 x25=0x0001c000
      463402000	     23068	80004c2c	0189	c.addi	x3,2	  x3:0xfffffffa  x3=0xfffffffc
      463822000	     23089	80004c2e	02328bb3	mul	x23,x5,x3	  x5:0x38dfe026  x3:0xfffffffc x23=0x1c807f68
      463842000	     23090	80004c32	0656	c.slli	x12,0x15	 x12:0x00000000 x12=0x00000000
      464222000	     23109	80004c34	01115813	srli	x16,x2,0x11	  x2:0x80024e2c x16=0x00004001
      464642000	     23130	80004c38	00f9bf33	sltu	x30,x19,x15	 x19:0x80024e2c x15:0x80028ce4 x30=0x00000001
      465062000	     23151	80004c3c	fd8197e3	bne	x3,x24,80004c0a	  x3:0xfffffffc x24:0x0000000a
      465122000	     23154	80004c0a	2e522693	slti	x13,x4,741	  x4:0xfffffa15 x13=0x00000001
      465162000	     23156	80004c0e	016ac6b3	xor	x13,x21,x22	 x21:0x00000009 x22:0x00000001 x13=0x00000008
      465182000	     23157	80004c12	0060c533	xor	x10,x1,x6	  x1:0x00000000  x6:0x00000000 x10=0x00000000
      465202000	     23158	80004c16	00e6	c.slli	x1,0x19	  x1:0x00000000  x1=0x00000000
      465242000	     23160	80004c18	9706	c.add	x14,x1	 x14:0x00000000  x1:0x00000000 x14=0x00000000
      465262000	     23161	80004c1a	00781033	sll	x0,x16,x7	 x16:0x00004001  x7:0x800255fe  x0=0x00000000
      465302000	     23163	80004c1e	01735893	srli	x17,x6,0x17	  x6:0x00000000 x17=0x00000000
      465322000	     23164	80004c22	00eb28b3	slt	x17,x22,x14	 x22:0x00000001 x14:0x00000000 x17=0x00000000
      465342000	     23165	80004c26	4144da13	srai	x20,x9,0x14	  x9:0x00000000 x20=0x00000000
      465362000	     23166	80004c2a	6cf1	c.lui	x25,0x1c	 x25=0x0001c000
      465382000	     23167	80004c2c	0189	c.addi	x3,2	  x3:0xfffffffc  x3=0xfffffffe
      465402000	     23168	80004c2e	02328bb3	mul	x23,x5,x3	  x5:0x38dfe026  x3:0xfffffffe x23=0x8e403fb4
      465422000	     23169	80004c32	0656	c.slli	x12,0x15	 x12:0x00000000 x12=0x00000000
      465442000	     23170	80004c34	01115813	srli	x16,x2,0x11	  x2:0x80024e2c x16=0x00004001
      465462000	     23171	80004c38	00f9bf33	sltu	x30,x19,x15	 x19:0x80024e2c x15:0x80028ce4 x30=0x00000001
      465482000	     23172	80004c3c	fd8197e3	bne	x3,x24,80004c0a	  x3:0xfffffffe x24:0x0000000a
      465542000	     23175	80004c0a	2e522693	slti	x13,x4,741	  x4:0xfffffa15 x13=0x00000001
      465562000	     23176	80004c0e	016ac6b3	xor	x13,x21,x22	 x21:0x00000009 x22:0x00000001 x13=0x00000008
      465582000	     23177	80004c12	0060c533	xor	x10,x1,x6	  x1:0x00000000  x6:0x00000000 x10=0x00000000
      465602000	     23178	80004c16	00e6	c.slli	x1,0x19	  x1:0x00000000  x1=0x00000000
      465622000	     23179	80004c18	9706	c.add	x14,x1	 x14:0x00000000  x1:0x00000000 x14=0x00000000
      465642000	     23180	80004c1a	00781033	sll	x0,x16,x7	 x16:0x00004001  x7:0x800255fe  x0=0x00000000
      465662000	     23181	80004c1e	01735893	srli	x17,x6,0x17	  x6:0x00000000 x17=0x00000000
      465682000	     23182	80004c22	00eb28b3	slt	x17,x22,x14	 x22:0x00000001 x14:0x00000000 x17=0x00000000
      465702000	     23183	80004c26	4144da13	srai	x20,x9,0x14	  x9:0x00000000 x20=0x00000000
      465722000	     23184	80004c2a	6cf1	c.lui	x25,0x1c	 x25=0x0001c000
      465742000	     23185	80004c2c	0189	c.addi	x3,2	  x3:0xfffffffe  x3=0x00000000
      465762000	     23186	80004c2e	02328bb3	mul	x23,x5,x3	  x5:0x38dfe026  x3:0x00000000 x23=0x00000000
      465782000	     23187	80004c32	0656	c.slli	x12,0x15	 x12:0x00000000 x12=0x00000000
      465802000	     23188	80004c34	01115813	srli	x16,x2,0x11	  x2:0x80024e2c x16=0x00004001
      465822000	     23189	80004c38	00f9bf33	sltu	x30,x19,x15	 x19:0x80024e2c x15:0x80028ce4 x30=0x00000001
      465842000	     23190	80004c3c	fd8197e3	bne	x3,x24,80004c0a	  x3:0x00000000 x24:0x0000000a
      465902000	     23193	80004c0a	2e522693	slti	x13,x4,741	  x4:0xfffffa15 x13=0x00000001
      465922000	     23194	80004c0e	016ac6b3	xor	x13,x21,x22	 x21:0x00000009 x22:0x00000001 x13=0x00000008
      465942000	     23195	80004c12	0060c533	xor	x10,x1,x6	  x1:0x00000000  x6:0x00000000 x10=0x00000000
      465962000	     23196	80004c16	00e6	c.slli	x1,0x19	  x1:0x00000000  x1=0x00000000
      465982000	     23197	80004c18	9706	c.add	x14,x1	 x14:0x00000000  x1:0x00000000 x14=0x00000000
      466002000	     23198	80004c1a	00781033	sll	x0,x16,x7	 x16:0x00004001  x7:0x800255fe  x0=0x00000000
      466022000	     23199	80004c1e	01735893	srli	x17,x6,0x17	  x6:0x00000000 x17=0x00000000
      466042000	     23200	80004c22	00eb28b3	slt	x17,x22,x14	 x22:0x00000001 x14:0x00000000 x17=0x00000000
      466062000	     23201	80004c26	4144da13	srai	x20,x9,0x14	  x9:0x00000000 x20=0x00000000
      466082000	     23202	80004c2a	6cf1	c.lui	x25,0x1c	 x25=0x0001c000
      466102000	     23203	80004c2c	0189	c.addi	x3,2	  x3:0x00000000  x3=0x00000002
      466122000	     23204	80004c2e	02328bb3	mul	x23,x5,x3	  x5:0x38dfe026  x3:0x00000002 x23=0x71bfc04c
      466142000	     23205	80004c32	0656	c.slli	x12,0x15	 x12:0x00000000 x12=0x00000000
      466162000	     23206	80004c34	01115813	srli	x16,x2,0x11	  x2:0x80024e2c x16=0x00004001
      466182000	     23207	80004c38	00f9bf33	sltu	x30,x19,x15	 x19:0x80024e2c x15:0x80028ce4 x30=0x00000001
      466202000	     23208	80004c3c	fd8197e3	bne	x3,x24,80004c0a	  x3:0x00000002 x24:0x0000000a
      466262000	     23211	80004c0a	2e522693	slti	x13,x4,741	  x4:0xfffffa15 x13=0x00000001
      466282000	     23212	80004c0e	016ac6b3	xor	x13,x21,x22	 x21:0x00000009 x22:0x00000001 x13=0x00000008
      466302000	     23213	80004c12	0060c533	xor	x10,x1,x6	  x1:0x00000000  x6:0x00000000 x10=0x00000000
      466322000	     23214	80004c16	00e6	c.slli	x1,0x19	  x1:0x00000000  x1=0x00000000
      466342000	     23215	80004c18	9706	c.add	x14,x1	 x14:0x00000000  x1:0x00000000 x14=0x00000000
      466362000	     23216	80004c1a	00781033	sll	x0,x16,x7	 x16:0x00004001  x7:0x800255fe  x0=0x00000000
      466382000	     23217	80004c1e	01735893	srli	x17,x6,0x17	  x6:0x00000000 x17=0x00000000
      466402000	     23218	80004c22	00eb28b3	slt	x17,x22,x14	 x22:0x00000001 x14:0x00000000 x17=0x00000000
      466422000	     23219	80004c26	4144da13	srai	x20,x9,0x14	  x9:0x00000000 x20=0x00000000
      466442000	     23220	80004c2a	6cf1	c.lui	x25,0x1c	 x25=0x0001c000
      466462000	     23221	80004c2c	0189	c.addi	x3,2	  x3:0x00000002  x3=0x00000004
      466482000	     23222	80004c2e	02328bb3	mul	x23,x5,x3	  x5:0x38dfe026  x3:0x00000004 x23=0xe37f8098
      466502000	     23223	80004c32	0656	c.slli	x12,0x15	 x12:0x00000000 x12=0x00000000
      466522000	     23224	80004c34	01115813	srli	x16,x2,0x11	  x2:0x80024e2c x16=0x00004001
      466542000	     23225	80004c38	00f9bf33	sltu	x30,x19,x15	 x19:0x80024e2c x15:0x80028ce4 x30=0x00000001
      466562000	     23226	80004c3c	fd8197e3	bne	x3,x24,80004c0a	  x3:0x00000004 x24:0x0000000a
      466622000	     23229	80004c0a	2e522693	slti	x13,x4,741	  x4:0xfffffa15 x13=0x00000001
      466642000	     23230	80004c0e	016ac6b3	xor	x13,x21,x22	 x21:0x00000009 x22:0x00000001 x13=0x00000008
      466662000	     23231	80004c12	0060c533	xor	x10,x1,x6	  x1:0x00000000  x6:0x00000000 x10=0x00000000
      466682000	     23232	80004c16	00e6	c.slli	x1,0x19	  x1:0x00000000  x1=0x00000000
      466702000	     23233	80004c18	9706	c.add	x14,x1	 x14:0x00000000  x1:0x00000000 x14=0x00000000
      466722000	     23234	80004c1a	00781033	sll	x0,x16,x7	 x16:0x00004001  x7:0x800255fe  x0=0x00000000
      466742000	     23235	80004c1e	01735893	srli	x17,x6,0x17	  x6:0x00000000 x17=0x00000000
      466762000	     23236	80004c22	00eb28b3	slt	x17,x22,x14	 x22:0x00000001 x14:0x00000000 x17=0x00000000
      466782000	     23237	80004c26	4144da13	srai	x20,x9,0x14	  x9:0x00000000 x20=0x00000000
      466802000	     23238	80004c2a	6cf1	c.lui	x25,0x1c	 x25=0x0001c000
      466822000	     23239	80004c2c	0189	c.addi	x3,2	  x3:0x00000004  x3=0x00000006
      466842000	     23240	80004c2e	02328bb3	mul	x23,x5,x3	  x5:0x38dfe026  x3:0x00000006 x23=0x553f40e4
      466862000	     23241	80004c32	0656	c.slli	x12,0x15	 x12:0x00000000 x12=0x00000000
      466882000	     23242	80004c34	01115813	srli	x16,x2,0x11	  x2:0x80024e2c x16=0x00004001
      466902000	     23243	80004c38	00f9bf33	sltu	x30,x19,x15	 x19:0x80024e2c x15:0x80028ce4 x30=0x00000001
      466922000	     23244	80004c3c	fd8197e3	bne	x3,x24,80004c0a	  x3:0x00000006 x24:0x0000000a
      466982000	     23247	80004c0a	2e522693	slti	x13,x4,741	  x4:0xfffffa15 x13=0x00000001
      467002000	     23248	80004c0e	016ac6b3	xor	x13,x21,x22	 x21:0x00000009 x22:0x00000001 x13=0x00000008
      467022000	     23249	80004c12	0060c533	xor	x10,x1,x6	  x1:0x00000000  x6:0x00000000 x10=0x00000000
      467042000	     23250	80004c16	00e6	c.slli	x1,0x19	  x1:0x00000000  x1=0x00000000
      467062000	     23251	80004c18	9706	c.add	x14,x1	 x14:0x00000000  x1:0x00000000 x14=0x00000000
      467082000	     23252	80004c1a	00781033	sll	x0,x16,x7	 x16:0x00004001  x7:0x800255fe  x0=0x00000000
      467102000	     23253	80004c1e	01735893	srli	x17,x6,0x17	  x6:0x00000000 x17=0x00000000
      467122000	     23254	80004c22	00eb28b3	slt	x17,x22,x14	 x22:0x00000001 x14:0x00000000 x17=0x00000000
      467142000	     23255	80004c26	4144da13	srai	x20,x9,0x14	  x9:0x00000000 x20=0x00000000
      467162000	     23256	80004c2a	6cf1	c.lui	x25,0x1c	 x25=0x0001c000
      467182000	     23257	80004c2c	0189	c.addi	x3,2	  x3:0x00000006  x3=0x00000008
      467202000	     23258	80004c2e	02328bb3	mul	x23,x5,x3	  x5:0x38dfe026  x3:0x00000008 x23=0xc6ff0130
      467222000	     23259	80004c32	0656	c.slli	x12,0x15	 x12:0x00000000 x12=0x00000000
      467242000	     23260	80004c34	01115813	srli	x16,x2,0x11	  x2:0x80024e2c x16=0x00004001
      467262000	     23261	80004c38	00f9bf33	sltu	x30,x19,x15	 x19:0x80024e2c x15:0x80028ce4 x30=0x00000001
      467282000	     23262	80004c3c	fd8197e3	bne	x3,x24,80004c0a	  x3:0x00000008 x24:0x0000000a
      467342000	     23265	80004c0a	2e522693	slti	x13,x4,741	  x4:0xfffffa15 x13=0x00000001
      467362000	     23266	80004c0e	016ac6b3	xor	x13,x21,x22	 x21:0x00000009 x22:0x00000001 x13=0x00000008
      467382000	     23267	80004c12	0060c533	xor	x10,x1,x6	  x1:0x00000000  x6:0x00000000 x10=0x00000000
      467402000	     23268	80004c16	00e6	c.slli	x1,0x19	  x1:0x00000000  x1=0x00000000
      467422000	     23269	80004c18	9706	c.add	x14,x1	 x14:0x00000000  x1:0x00000000 x14=0x00000000
      467442000	     23270	80004c1a	00781033	sll	x0,x16,x7	 x16:0x00004001  x7:0x800255fe  x0=0x00000000
      467462000	     23271	80004c1e	01735893	srli	x17,x6,0x17	  x6:0x00000000 x17=0x00000000
      467482000	     23272	80004c22	00eb28b3	slt	x17,x22,x14	 x22:0x00000001 x14:0x00000000 x17=0x00000000
      467502000	     23273	80004c26	4144da13	srai	x20,x9,0x14	  x9:0x00000000 x20=0x00000000
      467522000	     23274	80004c2a	6cf1	c.lui	x25,0x1c	 x25=0x0001c000
      467542000	     23275	80004c2c	0189	c.addi	x3,2	  x3:0x00000008  x3=0x0000000a
      467562000	     23276	80004c2e	02328bb3	mul	x23,x5,x3	  x5:0x38dfe026  x3:0x0000000a x23=0x38bec17c
      467582000	     23277	80004c32	0656	c.slli	x12,0x15	 x12:0x00000000 x12=0x00000000
      467602000	     23278	80004c34	01115813	srli	x16,x2,0x11	  x2:0x80024e2c x16=0x00004001
      467622000	     23279	80004c38	00f9bf33	sltu	x30,x19,x15	 x19:0x80024e2c x15:0x80028ce4 x30=0x00000001
      467642000	     23280	80004c3c	fd8197e3	bne	x3,x24,80004c0a	  x3:0x0000000a x24:0x0000000a
      468382000	     23317	80004c40	03a25a33	divu	x20,x4,x26	  x4:0xfffffa15 x26:0x00000001 x20=0xfffffa15
      468402000	     23318	80004c44	018833b3	sltu	x7,x16,x24	 x16:0x00004001 x24:0x0000000a  x7=0x00000000
      468422000	     23319	80004c48	0036b733	sltu	x14,x13,x3	 x13:0x00000008  x3:0x0000000a x14=0x00000001
      468462000	     23321	80004c4c	02842e33	mulhsu	x28,x8,x8	  x8:0x00000000  x8:0x00000000 x28=0x00000000
      468482000	     23322	80004c50	02096463	bltu	x18,x0,80004c78	 x18:0x00000001  x0:0x00000000
      468502000	     23323	80004c54	087a3913	sltiu	x18,x20,135	 x20:0xfffffa15 x18=0x00000000
      468922000	     23344	80004c58	98027037	lui	x0,0x98027	  x0=0x00000000
      469342000	     23365	80004c5c	01d06863	bltu	x0,x29,80004c6c	  x0:0x00000000 x29:0x00000001
      469662000	     23381	80004c6c	01706e63	bltu	x0,x23,80004c88	  x0:0x00000000 x23:0x38bec17c
      470062000	     23401	80004c88	a5c16693	ori	x13,x2,-1444	  x2:0x80024e2c x13=0xfffffe7c
      470322000	     23414	80004c8c	03c1e2b3	rem	x5,x3,x28	  x3:0x0000000a x28:0x00000000  x5=0x0000000a
      470342000	     23415	80004c90	84e5	c.srai	x9,0x19	  x9:0x00000000  x9=0x00000000
      470562000	     23426	80004c92	012a9093	slli	x1,x21,0x12	 x21:0x00000009  x1=0x00240000
      470682000	     23432	80004c96	713683b7	lui	x7,0x71368	  x7=0x71368000
      470702000	     23433	80004c9a	0034af33	slt	x30,x9,x3	  x9:0x00000000  x3:0x0000000a x30=0x00000001
      470722000	     23434	80004c9e	0001	c.addi	x0,0	  x0:0x00000000  x0=0x00000000
      471462000	     23471	80004ca0	024e44b3	div	x9,x28,x4	 x28:0x00000000  x4:0xfffffa15  x9=0x00000000
      472202000	     23508	80004ca4	0232e9b3	rem	x19,x5,x3	  x5:0x0000000a  x3:0x0000000a x19=0x00000000
      472222000	     23509	80004ca8	4189d993	srai	x19,x19,0x18	 x19:0x00000000 x19=0x00000000
      472242000	     23510	80004cac	9ede	c.add	x29,x23	 x29:0x00000001 x23:0x38bec17c x29=0x38bec17d
      472282000	     23512	80004cae	021cbdb3	mulhu	x27,x25,x1	 x25:0x0001c000  x1:0x00240000 x27=0x0000003f
      472302000	     23513	80004cb2	9159ef13	ori	x30,x19,-1771	 x19:0x00000000 x30=0xfffff915
      472322000	     23514	80004cb6	019fc563	blt	x31,x25,80004cc0	 x31:0x00000000 x25:0x0001c000
      472682000	     23532	80004cc0	82b1	c.srli	x13,0xc	 x13:0xfffffe7c x13=0x000fffff
      472842000	     23540	80004cc2	0101ff33	and	x30,x3,x16	  x3:0x0000000a x16:0x00004001 x30=0x00000000
      472862000	     23541	80004cc6	01157e33	and	x28,x10,x17	 x10:0x00000000 x17:0x00000000 x28=0x00000000
      472882000	     23542	80004cca	7ac00193	addi	x3,x0,1964	  x0:0x00000000  x3=0x000007ac
      472902000	     23543	80004cce	8c25	c.xor	x8,x9	  x8:0x00000000  x9:0x00000000  x8=0x00000000
      473742000	     23585	80004cd0	0373c633	div	x12,x7,x23	  x7:0x71368000 x23:0x38bec17c x12=0x00000001
      473782000	     23587	80004cd4	03fcd9b3	divu	x19,x25,x31	 x25:0x0001c000 x31:0x00000000 x19=0xffffffff
      473802000	     23588	80004cd8	024af263	bgeu	x21,x4,80004cfc	 x21:0x00000009  x4:0xfffffa15
      473822000	     23589	80004cdc	e71d	c.bnez	x14,80004d0a	 x14:0x00000001
      474722000	     23634	80004d0a	8e0d	c.sub	x12,x11	 x12:0x00000001 x11:0xfffffffc x12=0x00000005
      474762000	     23636	80004d0c	03c522b3	mulhsu	x5,x10,x28	 x10:0x00000000 x28:0x00000000  x5=0x00000000
      474782000	     23637	80004d10	c48d	c.beqz	x9,80004d3a	  x9:0x00000000
      475822000	     23689	80004d3a	8df9	c.and	x11,x14	 x11:0xfffffffc x14:0x00000001 x11=0x00000000
      475842000	     23690	80004d3c	014ecdb3	xor	x27,x29,x20	 x29:0x38bec17d x20:0xfffffa15 x27=0xc7413b68
      476002000	     23698	80004d40	03beb5b3	mulhu	x11,x29,x27	 x29:0x38bec17d x27:0xc7413b68 x11=0x2c2abe02
      476022000	     23699	80004d44	8095	c.srli	x9,0x5	  x9:0x00000000  x9=0x00000000
      476142000	     23705	80004d46	809a6993	ori	x19,x20,-2039	 x20:0xfffffa15 x19=0xfffffa1d
      476182000	     23707	80004d4a	03184db3	div	x27,x16,x17	 x16:0x00004001 x17:0x00000000 x27=0xffffffff
      476422000	     23719	80004d4e	5292bb13	sltiu	x22,x5,1321	  x5:0x00000000 x22=0x00000001
      476442000	     23720	80004d52	00ba3eb3	sltu	x29,x20,x11	 x20:0xfffffa15 x11:0x2c2abe02 x29=0x00000000
      476462000	     23721	80004d56	404753b3	sra	x7,x14,x4	 x14:0x00000001  x4:0xfffffa15  x7=0x00000000
      476482000	     23722	80004d5a	00806933	or	x18,x0,x8	  x0:0x00000000  x8:0x00000000 x18=0x00000000
      476502000	     23723	80004d5e	0001	c.addi	x0,0	  x0:0x00000000  x0=0x00000000
      476522000	     23724	80004d60	01193733	sltu	x14,x18,x17	 x18:0x00000000 x17:0x00000000 x14=0x00000000
      476622000	     23729	80004d64	64fd	c.lui	x9,0x1f	  x9=0x0001f000
      476642000	     23730	80004d66	8f19	c.sub	x14,x14	 x14:0x00000000 x14:0x00000000 x14=0x00000000
      476682000	     23732	80004d68	03c0e3b3	rem	x7,x1,x28	  x1:0x00240000 x28:0x00000000  x7=0x00240000
      476702000	     23733	80004d6c	03104963	blt	x0,x17,80004d9e	  x0:0x00000000 x17:0x00000000
      476842000	     23740	80004d70	02057063	bgeu	x10,x0,80004d90	 x10:0x00000000  x0:0x00000000
      477522000	     23774	80004d90	e019	c.bnez	x8,80004d96	  x8:0x00000000
      477562000	     23776	80004d92	0ff0000f	fence	iorw,iorw	
      477582000	     23777	80004d96	8ca31237	lui	x4,0x8ca31	  x4=0x8ca31000
      477602000	     23778	80004d9a	8eb1	c.xor	x13,x12	 x13:0x000fffff x12:0x00000005 x13=0x000ffffa
      477642000	     23780	80004d9c	1a7d	c.addi	x20,-1	 x20:0xfffffa15 x20=0xfffffa14
      477662000	     23781	80004d9e	40c98933	sub	x18,x19,x12	 x19:0xfffffa1d x12:0x00000005 x18=0xfffffa18
      477682000	     23782	80004da2	6f39	c.lui	x30,0xe	 x30=0x0000e000
      478082000	     23802	80004da4	01da	c.slli	x3,0x16	  x3:0x000007ac  x3=0xeb000000
      478242000	     23810	80004da6	4bc43c93	sltiu	x25,x8,1212	  x8:0x00000000 x25=0x00000001
      478402000	     23818	80004daa	409c0eb3	sub	x29,x24,x9	 x24:0x0000000a  x9:0x0001f000 x29=0xfffe100a
      478422000	     23819	80004dae	e299	c.bnez	x13,80004db4	 x13:0x000ffffa
      478782000	     23837	80004db4	02b909b3	mul	x19,x18,x11	 x18:0xfffffa18 x11:0x2c2abe02 x19=0x238dc430
      479162000	     23856	80004db8	03f57f33	remu	x30,x10,x31	 x10:0x00000000 x31:0x00000000 x30=0x00000000
      479182000	     23857	80004dbc	871d	c.srai	x14,0x7	 x14:0x00000000 x14=0x00000000
      479202000	     23858	80004dbe	65d5	c.lui	x11,0x15	 x11=0x00015000
      479342000	     23865	80004dc0	41425db3	sra	x27,x4,x20	  x4:0x8ca31000 x20:0xfffffa14 x27=0xfffff8ca
      479402000	     23868	80004dc4	01961413	slli	x8,x12,0x19	 x12:0x00000005  x8=0x0a000000
      479422000	     23869	80004dc8	018f1a33	sll	x20,x30,x24	 x30:0x00000000 x24:0x0000000a x20=0x00000000
      480342000	     23915	80004dcc	03357033	remu	x0,x10,x19	 x10:0x00000000 x19:0x238dc430  x0=0x00000000
      480382000	     23917	80004dd0	03019f33	mulh	x30,x3,x16	  x3:0xeb000000 x16:0x00004001 x30=0xfffffabf
      480402000	     23918	80004dd4	08ae	c.slli	x17,0xb	 x17:0x00000000 x17=0x00000000
      481162000	     23956	80004dd6	03774db3	div	x27,x14,x23	 x14:0x00000000 x23:0x38bec17c x27=0x00000000
      481182000	     23957	80004dda	55573d93	sltiu	x27,x14,1365	 x14:0x00000000 x27=0x00000001
      481202000	     23958	80004dde	8c25	c.xor	x8,x9	  x8:0x0a000000  x9:0x0001f000  x8=0x0a01f000
      481222000	     23959	80004de0	02ce0d63	beq	x28,x12,80004e1a	 x28:0x00000000 x12:0x00000005
      481242000	     23960	80004de4	8995	c.andi	x11,5	 x11:0x00015000 x11=0x00000000
      481282000	     23962	80004de6	02472c33	mulhsu	x24,x14,x4	 x14:0x00000000  x4:0x8ca31000 x24=0x00000000
      481302000	     23963	80004dea	00faf533	and	x10,x21,x15	 x21:0x00000009 x15:0x80028ce4 x10=0x00000000
      481322000	     23964	80004dee	40500533	sub	x10,x0,x5	  x0:0x00000000  x5:0x00000000 x10=0x00000000
      481342000	     23965	80004df2	03859963	bne	x11,x24,80004e24	 x11:0x00000000 x24:0x00000000
      481362000	     23966	80004df6	9f92	c.add	x31,x4	 x31:0x00000000  x4:0x8ca31000 x31=0x8ca31000
      481462000	     23971	80004df8	011c9613	slli	x12,x25,0x11	 x25:0x00000001 x12=0x00020000
      481542000	     23975	80004dfc	0cef7d13	andi	x26,x30,206	 x30:0xfffffabf x26=0x0000008e
      481962000	     23996	80004e00	a9536593	ori	x11,x6,-1387	  x6:0x00000000 x11=0xfffffa95
      482022000	     23999	80004e04	41695313	srai	x6,x18,0x16	 x18:0xfffffa18  x6=0xffffffff
      482142000	     24005	80004e08	01cecbb3	xor	x23,x29,x28	 x29:0xfffe100a x28:0x00000000 x23=0xfffe100a
      482342000	     24015	80004e0c	0000100f	fence.i	
      482562000	     24026	80004e10	0d4a	c.slli	x26,0x12	 x26:0x0000008e x26=0x02380000
      482642000	     24030	80004e12	e585fd13	andi	x26,x11,-424	 x11:0xfffffa95 x26=0xfffffa10
      482722000	     24034	80004e16	40628233	sub	x4,x5,x6	  x5:0x00000000  x6:0xffffffff  x4=0x00000001
      482742000	     24035	80004e1a	8dd9	c.or	x11,x14	 x11:0xfffffa95 x14:0x00000000 x11=0xfffffa95
      482762000	     24036	80004e1c	000f92b3	sll	x5,x31,x0	 x31:0x8ca31000  x0:0x00000000  x5=0x8ca31000
      482782000	     24037	80004e20	d1aaed93	ori	x27,x21,-742	 x21:0x00000009 x27=0xfffffd1b
      483002000	     24048	80004e24	0d69	c.addi	x26,26	 x26:0xfffffa10 x26=0xfffffa2a
      483022000	     24049	80004e26	86a5	c.srai	x13,0x9	 x13:0x000ffffa x13=0x000007ff
      483042000	     24050	80004e28	00b97b63	bgeu	x18,x11,80004e3e	 x18:0xfffffa18 x11:0xfffffa95
      483062000	     24051	80004e2c	03011763	bne	x2,x16,80004e5a	  x2:0x80024e2c x16:0x00004001
      483142000	     24055	80004e5a	00be8c63	beq	x29,x11,80004e72	 x29:0xfffe100a x11:0xfffffa95
      483202000	     24058	80004e5e	01793db3	sltu	x27,x18,x23	 x18:0xfffffa18 x23:0xfffe100a x27=0x00000000
      483242000	     24060	80004e62	02ef7bb3	remu	x23,x30,x14	 x30:0xfffffabf x14:0x00000000 x23=0xfffffabf
      483522000	     24074	80004e66	25aca513	slti	x10,x25,602	 x25:0x00000001 x10=0x00000001
      483542000	     24075	80004e6a	073e	c.slli	x14,0xf	 x14:0x00000000 x14=0x00000000
      483762000	     24086	80004e6c	6bd9	c.lui	x23,0x16	 x23=0x00016000
      483782000	     24087	80004e6e	09c7ec17	auipc	x24,0x9c7e	 x24=0x89c82e6e
      484202000	     24108	80004e72	01c913b3	sll	x7,x18,x28	 x18:0xfffffa18 x28:0x00000000  x7=0xfffffa18
      484222000	     24109	80004e76	4060d9b3	sra	x19,x1,x6	  x1:0x00240000  x6:0xffffffff x19=0x00000000
      484242000	     24110	80004e7a	41328bb3	sub	x23,x5,x19	  x5:0x8ca31000 x19:0x00000000 x23=0x8ca31000
      484262000	     24111	80004e7e	8269	c.srli	x12,0x1a	 x12:0x00020000 x12=0x00000000
      484522000	     24124	80004e80	0001	c.addi	x0,0	  x0:0x00000000  x0=0x00000000
      484942000	     24145	80004e82	41115313	srai	x6,x2,0x11	  x2:0x80024e2c  x6=0xffffc001
      485142000	     24155	80004e86	0000100f	fence.i	
      485582000	     24177	80004e8a	00aa5db3	srl	x27,x20,x10	 x20:0x00000000 x10:0x00000001 x27=0x00000000
      485602000	     24178	80004e8e	0001	c.addi	x0,0	  x0:0x00000000  x0=0x00000000
      486002000	     24198	80004e90	91be	c.add	x3,x15	  x3:0xeb000000 x15:0x80028ce4  x3=0x6b028ce4
      486022000	     24199	80004e92	8371	c.srli	x14,0x1c	 x14:0x00000000 x14=0x00000000
      486422000	     24219	80004e94	03fc7563	bgeu	x24,x31,80004ebe	 x24:0x89c82e6e x31:0x8ca31000
      486442000	     24220	80004e98	8ef5	c.and	x13,x13	 x13:0x000007ff x13:0x000007ff x13=0x000007ff
      486482000	     24222	80004e9a	028f15b3	mulh	x11,x30,x8	 x30:0xfffffabf  x8:0x0a01f000 x11=0xffffffcb
      486742000	     24235	80004e9e	2d0b1297	auipc	x5,0x2d0b1	  x5=0xad0b5e9e
      486762000	     24236	80004ea2	0001	c.addi	x0,0	  x0:0x00000000  x0=0x00000000
      486782000	     24237	80004ea4	0000100f	fence.i	
      487042000	     24250	80004ea8	8cad	c.xor	x9,x11	  x9:0x0001f000 x11:0xffffffcb  x9=0xfffe0fcb
      487062000	     24251	80004eaa	c159	c.beqz	x10,80004f30	 x10:0x00000001
      487082000	     24252	80004eac	01d778b3	and	x17,x14,x29	 x14:0x00000000 x29:0xfffe100a x17=0x00000000
      487102000	     24253	80004eb0	41135b13	srai	x22,x6,0x11	  x6:0xffffc001 x22=0xffffffff
      487122000	     24254	80004eb4	8e71	c.and	x12,x12	 x12:0x00000000 x12:0x00000000 x12=0x00000000
      487322000	     24264	80004eb6	09c78863	beq	x15,x28,80004f46	 x15:0x80028ce4 x28:0x00000000
      487342000	     24265	80004eba	0666	c.slli	x12,0x19	 x12:0x00000000 x12=0x00000000
      487362000	     24266	80004ebc	8c36	c.mv	x24,x13	  x0:0x00000000 x13:0x000007ff x24=0x000007ff
      487742000	     24285	80004ebe	0ff0000f	fence	iorw,iorw	
      487882000	     24292	80004ec2	ceb1e1b7	lui	x3,0xceb1e	  x3=0xceb1e000
      487902000	     24293	80004ec6	55e1	c.li	x11,-8	 x11=0xfffffff8
      487922000	     24294	80004ec8	0001	c.addi	x0,0	  x0:0x00000000  x0=0x00000000
      487942000	     24295	80004eca	00354f33	xor	x30,x10,x3	 x10:0x00000001  x3:0xceb1e000 x30=0xceb1e001
      487962000	     24296	80004ece	0001	c.addi	x0,0	  x0:0x00000000  x0=0x00000000
      487982000	     24297	80004ed0	41ccdc93	srai	x25,x25,0x1c	 x25:0x00000001 x25=0x00000000
      488342000	     24315	80004ed4	038909b3	mul	x19,x18,x24	 x18:0xfffffa18 x24:0x000007ff x19=0xffd0c5e8
      488362000	     24316	80004ed8	58b9	c.li	x17,-18	 x17=0xffffffee
      488382000	     24317	80004eda	9c86	c.add	x25,x1	 x25:0x00000000  x1:0x00240000 x25=0x00240000
      488782000	     24337	80004edc	3d66a937	lui	x18,0x3d66a	 x18=0x3d66a000
      488802000	     24338	80004ee0	06d6a837	lui	x16,0x6d6a	 x16=0x06d6a000
      488822000	     24339	80004ee4	01431f13	slli	x30,x6,0x14	  x6:0xffffc001 x30=0x00100000
      488942000	     24345	80004ee8	0250a6b3	mulhsu	x13,x1,x5	  x1:0x00240000  x5:0xad0b5e9e x13=0x00185599
      488962000	     24346	80004eec	15e1	c.addi	x11,-8	 x11:0xfffffff8 x11=0xfffffff0
      488982000	     24347	80004eee	00370f33	add	x30,x14,x3	 x14:0x00000000  x3:0xceb1e000 x30=0xceb1e000
      489002000	     24348	80004ef2	537d	c.li	x6,-1	  x6=0xffffffff
      489022000	     24349	80004ef4	0531	c.addi	x10,12	 x10:0x00000001 x10=0x0000000d
      489042000	     24350	80004ef6	4fc5	c.li	x31,17	 x31=0x00000011
      489062000	     24351	80004ef8	0000100f	fence.i	
      489302000	     24363	80004efc	02441bb3	mulh	x23,x8,x4	  x8:0x0a01f000  x4:0x00000001 x23=0x00000000
      489582000	     24377	80004f00	8ea5	c.xor	x13,x9	 x13:0x00185599  x9:0xfffe0fcb x13=0xffe65a52
      490002000	     24398	80004f02	016e6d33	or	x26,x28,x22	 x28:0x00000000 x22:0xffffffff x26=0xffffffff
      490022000	     24399	80004f06	c7ec4413	xori	x8,x24,-898	 x24:0x000007ff  x8=0xfffffb81
      490182000	     24407	80004f0a	03ce6233	rem	x4,x28,x28	 x28:0x00000000 x28:0x00000000  x4=0x00000000
      490582000	     24427	80004f0e	00405693	srli	x13,x0,0x4	  x0:0x00000000 x13=0x00000000
      491722000	     24484	80004f12	0394d1b3	divu	x3,x9,x25	  x9:0xfffe0fcb x25:0x00240000  x3=0x0000071c
      491742000	     24485	80004f16	0319	c.addi	x6,6	  x6:0xffffffff  x6=0x00000005
      491762000	     24486	80004f18	8216	c.mv	x4,x5	  x0:0x00000000  x5:0xad0b5e9e  x4=0xad0b5e9e
      491782000	     24487	80004f1a	fff348e3	blt	x6,x31,80004f0a	  x6:0x00000005 x31:0x00000011
      491902000	     24493	80004f0a	03ce6233	rem	x4,x28,x28	 x28:0x00000000 x28:0x00000000  x4=0x00000000
      492182000	     24507	80004f0e	00405693	srli	x13,x0,0x4	  x0:0x00000000 x13=0x00000000
      492922000	     24544	80004f12	0394d1b3	divu	x3,x9,x25	  x9:0xfffe0fcb x25:0x00240000  x3=0x0000071c
      492942000	     24545	80004f16	0319	c.addi	x6,6	  x6:0x00000005  x6=0x0000000b
      492962000	     24546	80004f18	8216	c.mv	x4,x5	  x0:0x00000000  x5:0xad0b5e9e  x4=0xad0b5e9e
      492982000	     24547	80004f1a	fff348e3	blt	x6,x31,80004f0a	  x6:0x0000000b x31:0x00000011
      493262000	     24561	80004f0a	03ce6233	rem	x4,x28,x28	 x28:0x00000000 x28:0x00000000  x4=0x00000000
      493362000	     24566	80004f0e	00405693	srli	x13,x0,0x4	  x0:0x00000000 x13=0x00000000
      494502000	     24623	80004f12	0394d1b3	divu	x3,x9,x25	  x9:0xfffe0fcb x25:0x00240000  x3=0x0000071c
      494522000	     24624	80004f16	0319	c.addi	x6,6	  x6:0x0000000b  x6=0x00000011
      494542000	     24625	80004f18	8216	c.mv	x4,x5	  x0:0x00000000  x5:0xad0b5e9e  x4=0xad0b5e9e
      494562000	     24626	80004f1a	fff348e3	blt	x6,x31,80004f0a	  x6:0x00000011 x31:0x00000011
      494582000	     24627	80004f1e	0ff0000f	fence	iorw,iorw	
      494602000	     24628	80004f22	9986	c.add	x19,x1	 x19:0xffd0c5e8  x1:0x00240000 x19=0xfff4c5e8
      494622000	     24629	80004f24	01172f33	slt	x30,x14,x17	 x14:0x00000000 x17:0xffffffee x30=0x00000000
      494642000	     24630	80004f28	fb15dce3	bge	x11,x17,80004ee0	 x11:0xfffffff0 x17:0xffffffee
      495022000	     24649	80004ee0	06d6a837	lui	x16,0x6d6a	 x16=0x06d6a000
      495202000	     24658	80004ee4	01431f13	slli	x30,x6,0x14	  x6:0x00000011 x30=0x01100000
      495242000	     24660	80004ee8	0250a6b3	mulhsu	x13,x1,x5	  x1:0x00240000  x5:0xad0b5e9e x13=0x00185599
      495262000	     24661	80004eec	15e1	c.addi	x11,-8	 x11:0xfffffff0 x11=0xffffffe8
      495282000	     24662	80004eee	00370f33	add	x30,x14,x3	 x14:0x00000000  x3:0x0000071c x30=0x0000071c
      495302000	     24663	80004ef2	537d	c.li	x6,-1	  x6=0xffffffff
      495322000	     24664	80004ef4	0531	c.addi	x10,12	 x10:0x0000000d x10=0x00000019
      495342000	     24665	80004ef6	4fc5	c.li	x31,17	 x31=0x00000011
      495362000	     24666	80004ef8	0000100f	fence.i	
      503042000	     25050	80004efc	02441bb3	mulh	x23,x8,x4	  x8:0xfffffb81  x4:0xad0b5e9e x23=0x00000174
      503062000	     25051	80004f00	8ea5	c.xor	x13,x9	 x13:0x00185599  x9:0xfffe0fcb x13=0xffe65a52
      503082000	     25052	80004f02	016e6d33	or	x26,x28,x22	 x28:0x00000000 x22:0xffffffff x26=0xffffffff
      503102000	     25053	80004f06	c7ec4413	xori	x8,x24,-898	 x24:0x000007ff  x8=0xfffffb81
      503142000	     25055	80004f0a	03ce6233	rem	x4,x28,x28	 x28:0x00000000 x28:0x00000000  x4=0x00000000
      503282000	     25062	80004f0e	00405693	srli	x13,x0,0x4	  x0:0x00000000 x13=0x00000000
      504162000	     25106	80004f12	0394d1b3	divu	x3,x9,x25	  x9:0xfffe0fcb x25:0x00240000  x3=0x0000071c
      504182000	     25107	80004f16	0319	c.addi	x6,6	  x6:0xffffffff  x6=0x00000005
      504202000	     25108	80004f18	8216	c.mv	x4,x5	  x0:0x00000000  x5:0xad0b5e9e  x4=0xad0b5e9e
      504222000	     25109	80004f1a	fff348e3	blt	x6,x31,80004f0a	  x6:0x00000005 x31:0x00000011
      504542000	     25125	80004f0a	03ce6233	rem	x4,x28,x28	 x28:0x00000000 x28:0x00000000  x4=0x00000000
      504562000	     25126	80004f0e	00405693	srli	x13,x0,0x4	  x0:0x00000000 x13=0x00000000
      505302000	     25163	80004f12	0394d1b3	divu	x3,x9,x25	  x9:0xfffe0fcb x25:0x00240000  x3=0x0000071c
      505322000	     25164	80004f16	0319	c.addi	x6,6	  x6:0x00000005  x6=0x0000000b
      505342000	     25165	80004f18	8216	c.mv	x4,x5	  x0:0x00000000  x5:0xad0b5e9e  x4=0xad0b5e9e
      505362000	     25166	80004f1a	fff348e3	blt	x6,x31,80004f0a	  x6:0x0000000b x31:0x00000011
      505442000	     25170	80004f0a	03ce6233	rem	x4,x28,x28	 x28:0x00000000 x28:0x00000000  x4=0x00000000
      505462000	     25171	80004f0e	00405693	srli	x13,x0,0x4	  x0:0x00000000 x13=0x00000000
      506202000	     25208	80004f12	0394d1b3	divu	x3,x9,x25	  x9:0xfffe0fcb x25:0x00240000  x3=0x0000071c
      506222000	     25209	80004f16	0319	c.addi	x6,6	  x6:0x0000000b  x6=0x00000011
      506242000	     25210	80004f18	8216	c.mv	x4,x5	  x0:0x00000000  x5:0xad0b5e9e  x4=0xad0b5e9e
      506262000	     25211	80004f1a	fff348e3	blt	x6,x31,80004f0a	  x6:0x00000011 x31:0x00000011
      506282000	     25212	80004f1e	0ff0000f	fence	iorw,iorw	
      506302000	     25213	80004f22	9986	c.add	x19,x1	 x19:0xfff4c5e8  x1:0x00240000 x19=0x0018c5e8
      506322000	     25214	80004f24	01172f33	slt	x30,x14,x17	 x14:0x00000000 x17:0xffffffee x30=0x00000000
      506342000	     25215	80004f28	fb15dce3	bge	x11,x17,80004ee0	 x11:0xffffffe8 x17:0xffffffee
      506362000	     25216	80004f2c	41430633	sub	x12,x6,x20	  x6:0x00000011 x20:0x00000000 x12=0x00000011
      506382000	     25217	80004f30	00585733	srl	x14,x16,x5	 x16:0x06d6a000  x5:0xad0b5e9e x14=0x00000000
      506482000	     25222	80004f34	ca8d	c.beqz	x13,80004f66	 x13:0x00000000
      507382000	     25267	80004f66	03e01633	mulh	x12,x0,x30	  x0:0x00000000 x30:0x00000000 x12=0x00000000
      507502000	     25273	80004f6a	407a54b3	sra	x9,x20,x7	 x20:0x00000000  x7:0xfffffa18  x9=0x00000000
      507922000	     25294	80004f6e	00a02233	slt	x4,x0,x10	  x0:0x00000000 x10:0x00000019  x4=0x00000001
      507942000	     25295	80004f72	0001	c.addi	x0,0	  x0:0x00000000  x0=0x00000000
      508102000	     25303	80004f74	000221b3	slt	x3,x4,x0	  x4:0x00000001  x0:0x00000000  x3=0x00000000
      508262000	     25311	80004f78	8d1c2c93	slti	x25,x24,-1839	 x24:0x000007ff x25=0x00000000
      508282000	     25312	80004f7c	81d5	c.srli	x11,0x15	 x11:0xffffffe8 x11=0x000007ff
      508302000	     25313	80004f7e	038f0b33	mul	x22,x30,x24	 x30:0x00000000 x24:0x000007ff x22=0x00000000
      508482000	     25322	80004f82	00d01463	bne	x0,x13,80004f8a	  x0:0x00000000 x13:0x00000000
      508502000	     25323	80004f86	02c2c263	blt	x5,x12,80004faa	  x5:0xad0b5e9e x12:0x00000000
      508602000	     25328	80004faa	40c20333	sub	x6,x4,x12	  x4:0x00000001 x12:0x00000000  x6=0x00000001
      508622000	     25329	80004fae	0001	c.addi	x0,0	  x0:0x00000000  x0=0x00000000
      508762000	     25336	80004fb0	00f879b3	and	x19,x16,x15	 x16:0x06d6a000 x15:0x80028ce4 x19=0x00028000
      508842000	     25340	80004fb4	01f76563	bltu	x14,x31,80004fbe	 x14:0x00000000 x31:0x00000011
      509782000	     25387	80004fbe	028392b3	mulh	x5,x7,x8	  x7:0xfffffa18  x8:0xfffffb81  x5=0x00000000
      509802000	     25388	80004fc2	0ff0000f	fence	iorw,iorw	
      509862000	     25391	80004fc6	003caa33	slt	x20,x25,x3	 x25:0x00000000  x3:0x00000000 x20=0x00000000
      510142000	     25405	80004fca	03848833	mul	x16,x9,x24	  x9:0x00000000 x24:0x000007ff x16=0x00000000
      510282000	     25412	80004fce	013ac233	xor	x4,x21,x19	 x21:0x00000009 x19:0x00028000  x4=0x00028009
      511022000	     25449	80004fd2	03185bb3	divu	x23,x16,x17	 x16:0x00000000 x17:0xffffffee x23=0x00000000
      511042000	     25450	80004fd6	00662e33	slt	x28,x12,x6	 x12:0x00000000  x6:0x00000001 x28=0x00000001
      511062000	     25451	80004fda	41add2b3	sra	x5,x27,x26	 x27:0x00000000 x26:0xffffffff  x5=0x00000000
      511082000	     25452	80004fde	55f8a193	slti	x3,x17,1375	 x17:0xffffffee  x3=0x00000001
      511102000	     25453	80004fe2	198d9717	auipc	x14,0x198d9	 x14=0x998ddfe2
      511122000	     25454	80004fe6	0001	c.addi	x0,0	  x0:0x00000000  x0=0x00000000
      511862000	     25491	80004fe8	028cf9b3	remu	x19,x25,x8	 x25:0x00000000  x8:0xfffffb81 x19=0x00000000
      511882000	     25492	80004fec	01aa9763	bne	x21,x26,80004ffa	 x21:0x00000009 x26:0xffffffff
      512462000	     25521	80004ffa	00bb5593	srli	x11,x22,0xb	 x22:0x00000000 x11=0x00000000
      512562000	     25526	80004ffe	419386b3	sub	x13,x7,x25	  x7:0xfffffa18 x25:0x00000000 x13=0xfffffa18
      512982000	     25547	80005002	db664f37	lui	x30,0xdb664	 x30=0xdb664000
      513082000	     25552	80005006	03533233	mulhu	x4,x6,x21	  x6:0x00000001 x21:0x00000009  x4=0x00000000
      513402000	     25568	8000500a	0201f463	bgeu	x3,x0,80005032	  x3:0x00000001  x0:0x00000000
      514342000	     25615	80005032	01a98633	add	x12,x19,x26	 x19:0x00000000 x26:0xffffffff x12=0xffffffff
      514482000	     25622	80005036	04646563	bltu	x8,x6,80005080	  x8:0xfffffb81  x6:0x00000001
      514502000	     25623	8000503a	8dd9	c.or	x11,x14	 x11:0x00000000 x14:0x998ddfe2 x11=0x998ddfe2
      514522000	     25624	8000503c	0001	c.addi	x0,0	  x0:0x00000000  x0=0x00000000
      514862000	     25641	8000503e	0000100f	fence.i	
      515602000	     25678	80005042	43f52813	slti	x16,x10,1087	 x10:0x00000019 x16=0x00000001
      515662000	     25681	80005046	0023f463	bgeu	x7,x2,8000504e	  x7:0xfffffa18  x2:0x80024e2c
      516722000	     25734	8000504e	0271f0b3	remu	x1,x3,x7	  x3:0x00000001  x7:0xfffffa18  x1=0x00000001
      516742000	     25735	80005052	41275393	srai	x7,x14,0x12	 x14:0x998ddfe2  x7=0xffffe663
      516762000	     25736	80005056	da0a8f17	auipc	x30,0xda0a8	 x30=0x5a0ad056
      516782000	     25737	8000505a	eb2faf93	slti	x31,x31,-334	 x31:0x00000011 x31=0x00000000
      516802000	     25738	8000505e	0290d763	bge	x1,x9,8000508c	  x1:0x00000001  x9:0x00000000
      516882000	     25742	8000508c	02875663	bge	x14,x8,800050b8	 x14:0x998ddfe2  x8:0xfffffb81
      517102000	     25753	80005090	40fd8833	sub	x16,x27,x15	 x27:0x00000000 x15:0x80028ce4 x16=0x7ffd731c
      517122000	     25754	80005094	6f9d	c.lui	x31,0x7	 x31=0x00007000
      517142000	     25755	80005096	00ebe0b3	or	x1,x23,x14	 x23:0x00000000 x14:0x998ddfe2  x1=0x998ddfe2
      518282000	     25812	8000509a	02c9ecb3	rem	x25,x19,x12	 x19:0x00000000 x12:0xffffffff x25=0x00000000
      518302000	     25813	8000509e	00dc3433	sltu	x8,x24,x13	 x24:0x000007ff x13:0xfffffa18  x8=0x00000001
      518322000	     25814	800050a2	01f1d733	srl	x14,x3,x31	  x3:0x00000001 x31:0x00007000 x14=0x00000001
      518342000	     25815	800050a6	00f9cbb3	xor	x23,x19,x15	 x19:0x00000000 x15:0x80028ce4 x23=0x80028ce4
      518362000	     25816	800050aa	0842	c.slli	x16,0x10	 x16:0x7ffd731c x16=0x731c0000
      518382000	     25817	800050ac	408b5013	srai	x0,x22,0x8	 x22:0x00000000  x0=0x00000000
      518402000	     25818	800050b0	2636ad93	slti	x27,x13,611	 x13:0xfffffa18 x27=0x00000001
      518422000	     25819	800050b4	401706b3	sub	x13,x14,x1	 x14:0x00000001  x1:0x998ddfe2 x13=0x6672201f
      518742000	     25835	800050b8	00a51993	slli	x19,x10,0xa	 x10:0x00000019 x19=0x00006400
      518762000	     25836	800050bc	71b96b13	ori	x22,x18,1819	 x18:0x3d66a000 x22=0x3d66a71b
      519122000	     25854	800050c0	1e1c3293	sltiu	x5,x24,481	 x24:0x000007ff  x5=0x00000000
      519542000	     25875	800050c4	9752	c.add	x14,x20	 x14:0x00000001 x20:0x00000000 x14=0x00000001
      519562000	     25876	800050c6	8f69	c.and	x14,x10	 x14:0x00000001 x10:0x00000019 x14=0x00000001
      519582000	     25877	800050c8	85b1	c.srai	x11,0xc	 x11:0x998ddfe2 x11=0xfff998dd
      520322000	     25914	800050ca	035eea33	rem	x20,x29,x21	 x29:0xfffe100a x21:0x00000009 x20=0xfffffffd
      520342000	     25915	800050ce	8fe6	c.mv	x31,x25	  x0:0x00000000 x25:0x00000000 x31=0x00000000
      521082000	     25952	800050d0	02dec533	div	x10,x29,x13	 x29:0xfffe100a x13:0x6672201f x10=0x00000000
      521122000	     25954	800050d4	025af3b3	remu	x7,x21,x5	 x21:0x00000009  x5:0x00000000  x7=0x00000009
      521142000	     25955	800050d8	01c39563	bne	x7,x28,800050e2	  x7:0x00000009 x28:0x00000001
      521262000	     25961	800050e2	472d	c.li	x14,11	 x14=0x0000000b
      521682000	     25982	800050e4	c58d	c.beqz	x11,8000510e	 x11:0xfff998dd
      521702000	     25983	800050e6	ec91	c.bnez	x9,80005102	  x9:0x00000000
      521822000	     25989	800050e8	97668e93	addi	x29,x13,-1674	 x13:0x6672201f x29=0x66721995
      522242000	     26010	800050ec	0000100f	fence.i	
      523782000	     26087	800050f0	68a5	c.lui	x17,0x9	 x17=0x00009000
      523802000	     26088	800050f2	41350fb3	sub	x31,x10,x19	 x10:0x00000000 x19:0x00006400 x31=0xffff9c00
      523822000	     26089	800050f6	0ff0000f	fence	iorw,iorw	
      523842000	     26090	800050fa	01618a33	add	x20,x3,x22	  x3:0x00000001 x22:0x3d66a71b x20=0x3d66a71c
      523862000	     26091	800050fe	0000100f	fence.i	
      524362000	     26116	80005102	034ffd63	bgeu	x31,x20,8000513c	 x31:0xffff9c00 x20:0x3d66a71c
      525842000	     26190	8000513c	03f8df33	divu	x30,x17,x31	 x17:0x00009000 x31:0xffff9c00 x30=0x00000000
      525862000	     26191	80005140	024d7b63	bgeu	x26,x4,80005176	 x26:0xffffffff  x4:0x00000000
      526202000	     26208	80005176	00f1d393	srli	x7,x3,0xf	  x3:0x00000001  x7=0x00000000
      526382000	     26217	8000517a	03735c63	bge	x6,x23,800051b2	  x6:0x00000001 x23:0x80028ce4
      526882000	     26242	800051b2	59fd	c.li	x19,-1	 x19=0xffffffff
      527302000	     26263	800051b4	4029df33	sra	x30,x19,x2	 x19:0xffffffff  x2:0x80024e2c x30=0xffffffff
      527502000	     26273	800051b8	8d11	c.sub	x10,x12	 x10:0x00000000 x12:0xffffffff x10=0x00000001
      527522000	     26274	800051ba	65a1	c.lui	x11,0x8	 x11=0x00008000
      527922000	     26294	800051bc	03a81a63	bne	x16,x26,800051f0	 x16:0x731c0000 x26:0xffffffff
      528262000	     26311	800051f0	c019	c.beqz	x8,800051f6	  x8:0x00000001
      528682000	     26332	800051f2	02566f63	bltu	x12,x5,80005230	 x12:0xffffffff  x5:0x00000000
      535962000	     26696	800051f6	47fabfb7	lui	x31,0x47fab	 x31=0x47fab000
      536002000	     26698	800051fa	020db633	mulhu	x12,x27,x0	 x27:0x00000001  x0:0x00000000 x12=0x00000000
      536042000	     26700	800051fe	030a9cb3	mulh	x25,x21,x16	 x21:0x00000009 x16:0x731c0000 x25=0x00000004
      536062000	     26701	80005202	6191	c.lui	x3,0x4	  x3=0x00004000
      536082000	     26702	80005204	c215	c.beqz	x12,80005228	 x12:0x00000000
      536322000	     26714	80005228	752b2293	slti	x5,x22,1874	 x22:0x3d66a71b  x5=0x00000000
      536362000	     26716	8000522c	4169de93	srai	x29,x19,0x16	 x19:0xffffffff x29=0xffffffff
      536742000	     26735	80005230	0117e563	bltu	x15,x17,8000523a	 x15:0x80028ce4 x17:0x00009000
      537622000	     26779	80005234	031172b3	remu	x5,x2,x17	  x2:0x80024e2c x17:0x00009000  x5=0x00002e2c
      537642000	     26780	80005238	8f61	c.and	x14,x8	 x14:0x0000000b  x8:0x00000001 x14=0x00000001
      537662000	     26781	8000523a	dcfef9b7	lui	x19,0xdcfef	 x19=0xdcfef000
      537682000	     26782	8000523e	e80d	c.bnez	x8,80005270	  x8:0x00000001
      537922000	     26794	80005270	0668b293	sltiu	x5,x17,102	 x17:0x00009000  x5=0x00000000
      538122000	     26804	80005274	812d	c.srli	x10,0xb	 x10:0x00000001 x10=0x00000000
      538542000	     26825	80005276	03a2d763	bge	x5,x26,800052a4	  x5:0x00000000 x26:0xffffffff
      539142000	     26855	800052a4	0e95	c.addi	x29,5	 x29:0xffffffff x29=0x00000004
      539382000	     26867	800052a6	47cdb193	sltiu	x3,x27,1148	 x27:0x00000001  x3=0x00000001
      539402000	     26868	800052aa	84fa3193	sltiu	x3,x20,-1969	 x20:0x3d66a71c  x3=0x00000001
      539442000	     26870	800052ae	0245eeb3	rem	x29,x11,x4	 x11:0x00008000  x4:0x00000000 x29=0x00008000
      539462000	     26871	800052b2	027ec363	blt	x29,x7,800052d8	 x29:0x00008000  x7:0x00000000
      539482000	     26872	800052b6	8b55	c.andi	x14,21	 x14:0x00000001 x14=0x00000001
      539622000	     26879	800052b8	8e71	c.and	x12,x12	 x12:0x00000000 x12:0x00000000 x12=0x00000000
      539642000	     26880	800052ba	8b8e	c.mv	x23,x3	  x0:0x00000000  x3:0x00000001 x23=0x00000001
      539662000	     26881	800052bc	03919a63	bne	x3,x25,800052f0	  x3:0x00000001 x25:0x00000004
      539742000	     26885	800052f0	774a6d93	ori	x27,x20,1908	 x20:0x3d66a71c x27=0x3d66a77c
      539762000	     26886	800052f4	6fc996b7	lui	x13,0x6fc99	 x13=0x6fc99000
      539782000	     26887	800052f8	00d75833	srl	x16,x14,x13	 x14:0x00000001 x13:0x6fc99000 x16=0x00000001
      539802000	     26888	800052fc	418d54b3	sra	x9,x26,x24	 x26:0xffffffff x24:0x000007ff  x9=0xffffffff
      540542000	     26925	80005300	02f1ddb3	divu	x27,x3,x15	  x3:0x00000001 x15:0x80028ce4 x27=0x00000000
      540562000	     26926	80005304	00322933	slt	x18,x4,x3	  x4:0x00000000  x3:0x00000001 x18=0x00000001
      540582000	     26927	80005308	02cdde63	bge	x27,x12,80005344	 x27:0x00000000 x12:0x00000000
      540662000	     26931	80005344	02d58c93	addi	x25,x11,45	 x11:0x00008000 x25=0x0000802d
      540702000	     26933	80005348	034105b3	mul	x11,x2,x20	  x2:0x80024e2c x20:0x3d66a71c x11=0x22c740d0
      540722000	     26934	8000534c	893e	c.mv	x18,x15	  x0:0x00000000 x15:0x80028ce4 x18=0x80028ce4
      540802000	     26938	8000534e	035d3c33	mulhu	x24,x26,x21	 x26:0xffffffff x21:0x00000009 x24=0x00000008
      541202000	     26958	80005352	0086c5b3	xor	x11,x13,x8	 x13:0x6fc99000  x8:0x00000001 x11=0x6fc99001
      541222000	     26959	80005356	7fe2b913	sltiu	x18,x5,2046	  x5:0x00000000 x18=0x00000001
      541242000	     26960	8000535a	8e6a	c.mv	x28,x26	  x0:0x00000000 x26:0xffffffff x28=0xffffffff
      541262000	     26961	8000535c	0240e163	bltu	x1,x4,8000537e	  x1:0x998ddfe2  x4:0x00000000
      541602000	     26978	80005360	01e19813	slli	x16,x3,0x1e	  x3:0x00000001 x16=0x40000000
      541622000	     26979	80005364	98fd	c.andi	x9,-1	  x9:0xffffffff  x9=0xffffffff
      541642000	     26980	80005366	cd11	c.beqz	x10,80005382	 x10:0x00000000
      543302000	     27063	80005382	54c6fc13	andi	x24,x13,1356	 x13:0x6fc99000 x24=0x00000000
      543322000	     27064	80005386	01540233	add	x4,x8,x21	  x8:0x00000001 x21:0x00000009  x4=0x0000000a
      543342000	     27065	8000538a	006f5e93	srli	x29,x30,0x6	 x30:0xffffffff x29=0x03ffffff
      543362000	     27066	8000538e	8cad	c.xor	x9,x11	  x9:0xffffffff x11:0x6fc99001  x9=0x90366ffe
      543782000	     27087	80005390	033b9933	mulh	x18,x23,x19	 x23:0x00000001 x19:0xdcfef000 x18=0xffffffff
      544182000	     27107	80005394	016ebbb3	sltu	x23,x29,x22	 x29:0x03ffffff x22:0x3d66a71b x23=0x00000001
      544202000	     27108	80005398	41e85cb3	sra	x25,x16,x30	 x16:0x40000000 x30:0xffffffff x25=0x00000000
      544222000	     27109	8000539c	187d	c.addi	x16,-1	 x16:0x40000000 x16=0x3fffffff
      544242000	     27110	8000539e	88b9	c.andi	x9,14	  x9:0x90366ffe  x9=0x0000000e
      544422000	     27119	800053a0	82b5	c.srli	x13,0xd	 x13:0x6fc99000 x13=0x00037e4c
      544502000	     27123	800053a2	03f0dd63	bge	x1,x31,800053dc	  x1:0x998ddfe2 x31:0x47fab000
      544882000	     27142	800053a6	003191b3	sll	x3,x3,x3	  x3:0x00000001  x3:0x00000001  x3=0x00000002
      546022000	     27199	800053aa	036cc3b3	div	x7,x25,x22	 x25:0x00000000 x22:0x3d66a71b  x7=0x00000000
      546042000	     27200	800053ae	0294e763	bltu	x9,x9,800053dc	  x9:0x0000000e  x9:0x0000000e
      546062000	     27201	800053b2	814d	c.srli	x10,0x13	 x10:0x00000000 x10=0x00000000
      546082000	     27202	800053b4	403a5a13	srai	x20,x20,0x3	 x20:0x3d66a71c x20=0x07acd4e3
      546102000	     27203	800053b8	8e3d	c.xor	x12,x15	 x12:0x00000000 x15:0x80028ce4 x12=0x80028ce4
      546122000	     27204	800053ba	8155	c.srli	x10,0x15	 x10:0x00000000 x10=0x00000000
      546142000	     27205	800053bc	8e41	c.or	x12,x8	 x12:0x80028ce4  x8:0x00000001 x12=0x80028ce5
      546162000	     27206	800053be	30214013	xori	x0,x2,770	  x2:0x80024e2c  x0=0x00000000
      546182000	     27207	800053c2	01d756b3	srl	x13,x14,x29	 x14:0x00000001 x29:0x03ffffff x13=0x00000000
      546722000	     27234	800053c6	3c30cf93	xori	x31,x1,963	  x1:0x998ddfe2 x31=0x998ddc21
      546742000	     27235	800053ca	f24d5fb7	lui	x31,0xf24d5	 x31=0xf24d5000
      547882000	     27292	800053ce	0378d4b3	divu	x9,x17,x23	 x17:0x00009000 x23:0x00000001  x9=0x00009000
      547902000	     27293	800053d2	8e85	c.sub	x13,x9	 x13:0x00000000  x9:0x00009000 x13=0xffff7000
      547922000	     27294	800053d4	6e95	c.lui	x29,0x5	 x29=0x00005000
      547942000	     27295	800053d6	63ce3313	sltiu	x6,x28,1596	 x28:0xffffffff  x6=0x00000000
      547962000	     27296	800053da	c211	c.beqz	x12,800053de	 x12:0x80028ce5
      547982000	     27297	800053dc	02da	c.slli	x5,0x16	  x5:0x00000000  x5=0x00000000
      548002000	     27298	800053de	01784533	xor	x10,x16,x23	 x16:0x3fffffff x23:0x00000001 x10=0x3ffffffe
      548022000	     27299	800053e2	928ec293	xori	x5,x29,-1752	 x29:0x00005000  x5=0xffffa928
      548462000	     27321	800053e6	039960b3	rem	x1,x18,x25	 x18:0xffffffff x25:0x00000000  x1=0xffffffff
      548482000	     27322	800053ea	0ff0000f	fence	iorw,iorw	
      548882000	     27342	800053ee	f71998b7	lui	x17,0xf7199	 x17=0xf7199000
      548902000	     27343	800053f2	cc89	c.beqz	x9,8000540c	  x9:0x00009000
      548922000	     27344	800053f4	0069d233	srl	x4,x19,x6	 x19:0xdcfef000  x6:0x00000000  x4=0xdcfef000
      548942000	     27345	800053f8	0019a533	slt	x10,x19,x1	 x19:0xdcfef000  x1:0xffffffff x10=0x00000001
      549342000	     27365	800053fc	c105	c.beqz	x10,8000541c	 x10:0x00000001
      549562000	     27376	800053fe	0271d633	divu	x12,x3,x7	  x3:0x00000002  x7:0x00000000 x12=0xffffffff
      549582000	     27377	80005402	557d	c.li	x10,-1	 x10=0xffffffff
      549602000	     27378	80005404	f4e8f8b7	lui	x17,0xf4e8f	 x17=0xf4e8f000
      549622000	     27379	80005408	03f27763	bgeu	x4,x31,80005436	  x4:0xdcfef000 x31:0xf24d5000
      549642000	     27380	8000540c	0095d693	srli	x13,x11,0x9	 x11:0x6fc99001 x13=0x0037e4c8
      549762000	     27386	80005410	01d64463	blt	x12,x29,80005418	 x12:0xffffffff x29:0x00005000
      550482000	     27422	80005418	205f83b7	lui	x7,0x205f8	  x7=0x205f8000
      550522000	     27424	8000541c	024c93b3	mulh	x7,x25,x4	 x25:0x00000000  x4:0xdcfef000  x7=0x00000000
      550542000	     27425	80005420	4b5c8a13	addi	x20,x25,1205	 x25:0x00000000 x20=0x000004b5
      550562000	     27426	80005424	0295c763	blt	x11,x9,80005452	 x11:0x6fc99001  x9:0x00009000
      550642000	     27430	80005428	001932b3	sltu	x5,x18,x1	 x18:0xffffffff  x1:0xffffffff  x5=0x00000000
      551382000	     27467	8000542c	03dcc533	div	x10,x25,x29	 x25:0x00000000 x29:0x00005000 x10=0x00000000
      551402000	     27468	80005430	00309613	slli	x12,x1,0x3	  x1:0xffffffff x12=0xfffffff8
      551422000	     27469	80005434	9486	c.add	x9,x1	  x9:0x00009000  x1:0xffffffff  x9=0x00008fff
      551442000	     27470	80005436	033f9563	bne	x31,x19,80005460	 x31:0xf24d5000 x19:0xdcfef000
      551522000	     27474	80005460	869d	c.srai	x13,0x7	 x13:0x0037e4c8 x13=0x00006fc9
      551542000	     27475	80005462	005fbbb3	sltu	x23,x31,x5	 x31:0xf24d5000  x5:0x00000000 x23=0x00000000
      551762000	     27486	80005466	0ff0000f	fence	iorw,iorw	
      552202000	     27508	8000546a	03ce3c33	mulhu	x24,x28,x28	 x28:0xffffffff x28:0xffffffff x24=0xfffffffe
      552602000	     27528	8000546e	03355063	bge	x10,x19,8000548e	 x10:0x00000000 x19:0xdcfef000
      553302000	     27563	8000548e	9ece	c.add	x29,x19	 x29:0x00005000 x19:0xdcfef000 x29=0xdcff4000
      554062000	     27601	80005490	03856eb3	rem	x29,x10,x24	 x10:0x00000000 x24:0xfffffffe x29=0x00000000
      554082000	     27602	80005494	0001	c.addi	x0,0	  x0:0x00000000  x0=0x00000000
      554102000	     27603	80005496	46ad	c.li	x13,11	 x13=0x0000000b
      554122000	     27604	80005498	03b9d863	bge	x19,x27,800054c8	 x19:0xdcfef000 x27:0x00000000
      554142000	     27605	8000549c	4b79	c.li	x22,30	 x22=0x0000001e
      554162000	     27606	8000549e	d05e02b7	lui	x5,0xd05e0	  x5=0xd05e0000
      554182000	     27607	800054a2	0ff0000f	fence	iorw,iorw	
      554362000	     27616	800054a6	dc0c7f17	auipc	x30,0xdc0c7	 x30=0x5c0cc4a6
      554382000	     27617	800054aa	8d81	c.sub	x11,x8	 x11:0x6fc99001  x8:0x00000001 x11=0x6fc99000
      554402000	     27618	800054ac	0001	c.addi	x0,0	  x0:0x00000000  x0=0x00000000
      554422000	     27619	800054ae	99fd	c.andi	x11,-1	 x11:0x6fc99000 x11=0x6fc99000
      554442000	     27620	800054b0	0196f433	and	x8,x13,x25	 x13:0x0000000b x25:0x00000000  x8=0x00000000
      554462000	     27621	800054b4	4affa993	slti	x19,x31,1199	 x31:0xf24d5000 x19=0x00000001
      554482000	     27622	800054b8	04d97063	bgeu	x18,x13,800054f8	 x18:0xffffffff x13:0x0000000b
      554962000	     27646	800054f8	478a3e97	auipc	x29,0x478a3	 x29=0xc78a84f8
      555702000	     27683	800054fc	03a859b3	divu	x19,x16,x26	 x16:0x3fffffff x26:0xffffffff x19=0x00000000
      555722000	     27684	80005500	9b47c513	xori	x10,x15,-1612	 x15:0x80028ce4 x10=0x7ffd7550
      555742000	     27685	80005504	d0388e93	addi	x29,x17,-765	 x17:0xf4e8f000 x29=0xf4e8ed03
      555762000	     27686	80005508	006d22b3	slt	x5,x26,x6	 x26:0xffffffff  x6:0x00000000  x5=0x00000001
      555802000	     27688	8000550c	035e9db3	mulh	x27,x29,x21	 x29:0xf4e8ed03 x21:0x00000009 x27=0xffffffff
      555822000	     27689	80005510	0000100f	fence.i	
      556282000	     27712	80005514	4291	c.li	x5,4	  x5=0x00000004
      556302000	     27713	80005516	41210233	sub	x4,x2,x18	  x2:0x80024e2c x18:0xffffffff  x4=0x80024e2d
      556322000	     27714	8000551a	01d47433	and	x8,x8,x29	  x8:0x00000000 x29:0xf4e8ed03  x8=0x00000000
      556342000	     27715	8000551e	50b9	c.li	x1,-18	  x1=0xffffffee
      556362000	     27716	80005520	41abdcb3	sra	x25,x23,x26	 x23:0x00000000 x26:0xffffffff x25=0x00000000
      556382000	     27717	80005524	8cd5	c.or	x9,x13	  x9:0x00008fff x13:0x0000000b  x9=0x00008fff
      556402000	     27718	80005526	016ed8b3	srl	x17,x29,x22	 x29:0xf4e8ed03 x22:0x0000001e x17=0x00000003
      556442000	     27720	8000552a	0ff0000f	fence	iorw,iorw	
      556742000	     27735	8000552e	0ff0000f	fence	iorw,iorw	
      556942000	     27745	80005532	006e3633	sltu	x12,x28,x6	 x28:0xffffffff  x6:0x00000000 x12=0x00000000
      557182000	     27757	80005536	632e3b13	sltiu	x22,x28,1586	 x28:0xffffffff x22=0x00000000
      557202000	     27758	8000553a	12d9	c.addi	x5,-10	  x5:0x00000004  x5=0xfffffffa
      557262000	     27761	8000553c	6779	c.lui	x14,0x1e	 x14=0x0001e000
      557282000	     27762	8000553e	8415	c.srai	x8,0x5	  x8:0x00000000  x8=0x00000000
      557302000	     27763	80005540	0001	c.addi	x0,0	  x0:0x00000000  x0=0x00000000
      557322000	     27764	80005542	8d71	c.and	x10,x12	 x10:0x7ffd7550 x12:0x00000000 x10=0x00000000
      557502000	     27773	80005544	02809233	mulh	x4,x1,x8	  x1:0xffffffee  x8:0x00000000  x4=0x00000000
      557542000	     27775	80005548	039e2b33	mulhsu	x22,x28,x25	 x28:0xffffffff x25:0x00000000 x22=0x00000000
      557642000	     27780	8000554c	01024eb3	xor	x29,x4,x16	  x4:0x00000000 x16:0x3fffffff x29=0x3fffffff
      557842000	     27790	80005550	0039c233	xor	x4,x19,x3	 x19:0x00000000  x3:0x00000002  x4=0x00000002
      558162000	     27806	80005554	41b9df13	srai	x30,x19,0x1b	 x19:0x00000000 x30=0x00000000
      558182000	     27807	80005558	001e6fb3	or	x31,x28,x1	 x28:0xffffffff  x1:0xffffffee x31=0xffffffff
      558302000	     27813	8000555c	fc12d4e3	bge	x5,x1,80005524	  x5:0xfffffffa  x1:0xffffffee
      559122000	     27854	80005524	8cd5	c.or	x9,x13	  x9:0x00008fff x13:0x0000000b  x9=0x00008fff
      559142000	     27855	80005526	016ed8b3	srl	x17,x29,x22	 x29:0x3fffffff x22:0x00000000 x17=0x3fffffff
      559562000	     27876	8000552a	0ff0000f	fence	iorw,iorw	
      559582000	     27877	8000552e	0ff0000f	fence	iorw,iorw	
      559882000	     27892	80005532	006e3633	sltu	x12,x28,x6	 x28:0xffffffff  x6:0x00000000 x12=0x00000000
      559902000	     27893	80005536	632e3b13	sltiu	x22,x28,1586	 x28:0xffffffff x22=0x00000000
      559922000	     27894	8000553a	12d9	c.addi	x5,-10	  x5:0xfffffffa  x5=0xfffffff0
      559942000	     27895	8000553c	6779	c.lui	x14,0x1e	 x14=0x0001e000
      559962000	     27896	8000553e	8415	c.srai	x8,0x5	  x8:0x00000000  x8=0x00000000
      559982000	     27897	80005540	0001	c.addi	x0,0	  x0:0x00000000  x0=0x00000000
      560002000	     27898	80005542	8d71	c.and	x10,x12	 x10:0x00000000 x12:0x00000000 x10=0x00000000
      560042000	     27900	80005544	02809233	mulh	x4,x1,x8	  x1:0xffffffee  x8:0x00000000  x4=0x00000000
      560342000	     27915	80005548	039e2b33	mulhsu	x22,x28,x25	 x28:0xffffffff x25:0x00000000 x22=0x00000000
      560362000	     27916	8000554c	01024eb3	xor	x29,x4,x16	  x4:0x00000000 x16:0x3fffffff x29=0x3fffffff
      560382000	     27917	80005550	0039c233	xor	x4,x19,x3	 x19:0x00000000  x3:0x00000002  x4=0x00000002
      560442000	     27920	80005554	41b9df13	srai	x30,x19,0x1b	 x19:0x00000000 x30=0x00000000
      560502000	     27923	80005558	001e6fb3	or	x31,x28,x1	 x28:0xffffffff  x1:0xffffffee x31=0xffffffff
      560522000	     27924	8000555c	fc12d4e3	bge	x5,x1,80005524	  x5:0xfffffff0  x1:0xffffffee
      560702000	     27933	80005524	8cd5	c.or	x9,x13	  x9:0x00008fff x13:0x0000000b  x9=0x00008fff
      560722000	     27934	80005526	016ed8b3	srl	x17,x29,x22	 x29:0x3fffffff x22:0x00000000 x17=0x3fffffff
      560742000	     27935	8000552a	0ff0000f	fence	iorw,iorw	
      561162000	     27956	8000552e	0ff0000f	fence	iorw,iorw	
      561342000	     27965	80005532	006e3633	sltu	x12,x28,x6	 x28:0xffffffff  x6:0x00000000 x12=0x00000000
      561562000	     27976	80005536	632e3b13	sltiu	x22,x28,1586	 x28:0xffffffff x22=0x00000000
      561582000	     27977	8000553a	12d9	c.addi	x5,-10	  x5:0xfffffff0  x5=0xffffffe6
      561782000	     27987	8000553c	6779	c.lui	x14,0x1e	 x14=0x0001e000
      561802000	     27988	8000553e	8415	c.srai	x8,0x5	  x8:0x00000000  x8=0x00000000
      561822000	     27989	80005540	0001	c.addi	x0,0	  x0:0x00000000  x0=0x00000000
      561842000	     27990	80005542	8d71	c.and	x10,x12	 x10:0x00000000 x12:0x00000000 x10=0x00000000
      561882000	     27992	80005544	02809233	mulh	x4,x1,x8	  x1:0xffffffee  x8:0x00000000  x4=0x00000000
      561922000	     27994	80005548	039e2b33	mulhsu	x22,x28,x25	 x28:0xffffffff x25:0x00000000 x22=0x00000000
      561982000	     27997	8000554c	01024eb3	xor	x29,x4,x16	  x4:0x00000000 x16:0x3fffffff x29=0x3fffffff
      562002000	     27998	80005550	0039c233	xor	x4,x19,x3	 x19:0x00000000  x3:0x00000002  x4=0x00000002
      562202000	     28008	80005554	41b9df13	srai	x30,x19,0x1b	 x19:0x00000000 x30=0x00000000
      562222000	     28009	80005558	001e6fb3	or	x31,x28,x1	 x28:0xffffffff  x1:0xffffffee x31=0xffffffff
      562242000	     28010	8000555c	fc12d4e3	bge	x5,x1,80005524	  x5:0xffffffe6  x1:0xffffffee
      562262000	     28011	80005560	56fd	c.li	x13,-1	 x13=0xffffffff
      562342000	     28015	80005562	1056f513	andi	x10,x13,261	 x13:0xffffffff x10=0x00000105
      562602000	     28028	80005566	008fdf93	srli	x31,x31,0x8	 x31:0xffffffff x31=0x00ffffff
      562762000	     28036	8000556a	027e65b3	rem	x11,x28,x7	 x28:0xffffffff  x7:0x00000000 x11=0xffffffff
      562922000	     28044	8000556e	015b1b63	bne	x22,x21,80005584	 x22:0x00000000 x21:0x00000009
      564102000	     28103	80005584	e701	c.bnez	x14,8000558c	 x14:0x0001e000
      564582000	     28127	8000558c	01755cb3	srl	x25,x10,x23	 x10:0x00000105 x23:0x00000000 x25=0x00000105
      564682000	     28132	80005590	8eed	c.and	x13,x11	 x13:0xffffffff x11:0xffffffff x13=0xffffffff
      564782000	     28137	80005592	03271cb3	mulh	x25,x14,x18	 x14:0x0001e000 x18:0xffffffff x25=0xffffffff
      564802000	     28138	80005596	8431	c.srai	x8,0xc	  x8:0x00000000  x8=0x00000000
      564822000	     28139	80005598	0ff0000f	fence	iorw,iorw	
      565222000	     28159	8000559c	021ebd33	mulhu	x26,x29,x1	 x29:0x3fffffff  x1:0xffffffee x26=0x3ffffffa
      565262000	     28161	800055a0	03bb6c63	bltu	x22,x27,800055d8	 x22:0x00000000 x27:0xffffffff
      566442000	     28220	800055d8	1a937813	andi	x16,x6,425	  x6:0x00000000 x16=0x00000000
      566702000	     28233	800055dc	03814963	blt	x2,x24,8000560e	  x2:0x80024e2c x24:0xfffffffe
      568842000	     28340	8000560e	03f1a1b3	mulhsu	x3,x3,x31	  x3:0x00000002 x31:0x00ffffff  x3=0x00000000
      568862000	     28341	80005612	5d7d	c.li	x26,-1	 x26=0xffffffff
      568922000	     28344	80005614	a1df7713	andi	x14,x30,-1507	 x30:0x00000000 x14=0x00000000
      569342000	     28365	80005618	c599	c.beqz	x11,80005626	 x11:0xffffffff
      569462000	     28371	8000561a	00a44037	lui	x0,0xa44	  x0=0x00000000
      569482000	     28372	8000561e	3c206893	ori	x17,x0,962	  x0:0x00000000 x17=0x000003c2
      569702000	     28383	80005622	039625b3	mulhsu	x11,x12,x25	 x12:0x00000000 x25:0xffffffff x11=0x00000000
      569722000	     28384	80005626	0090a6b3	slt	x13,x1,x9	  x1:0xffffffee  x9:0x00008fff x13=0x00000001
      570602000	     28428	8000562a	03594fb3	div	x31,x18,x21	 x18:0xffffffff x21:0x00000009 x31=0x00000000
      570622000	     28429	8000562e	0de2	c.slli	x27,0x18	 x27:0xffffffff x27=0xff000000
      570662000	     28431	80005630	03ebebb3	rem	x23,x23,x30	 x23:0x00000000 x30:0x00000000 x23=0x00000000
      570682000	     28432	80005634	0001	c.addi	x0,0	  x0:0x00000000  x0=0x00000000
      570702000	     28433	80005636	40a8d413	srai	x8,x17,0xa	 x17:0x000003c2  x8=0x00000000
      570722000	     28434	8000563a	014f4a33	xor	x20,x30,x20	 x30:0x00000000 x20:0x000004b5 x20=0x000004b5
      570742000	     28435	8000563e	6a71	c.lui	x20,0x1c	 x20=0x0001c000
      570762000	     28436	80005640	03541563	bne	x8,x21,8000566a	  x8:0x00000000 x21:0x00000009
      572202000	     28508	8000566a	02b63cb3	mulhu	x25,x12,x11	 x12:0x00000000 x11:0x00000000 x25=0x00000000
      572342000	     28515	8000566e	02cf0b33	mul	x22,x30,x12	 x30:0x00000000 x12:0x00000000 x22=0x00000000
      572542000	     28525	80005672	0301aeb3	mulhsu	x29,x3,x16	  x3:0x00000000 x16:0x00000000 x29=0x00000000
      578242000	     28810	80005676	0179c8b3	xor	x17,x19,x23	 x19:0x00000000 x23:0x00000000 x17=0x00000000
      578262000	     28811	8000567a	01f8f863	bgeu	x17,x31,8000568a	 x17:0x00000000 x31:0x00000000
      578322000	     28814	8000568a	b47beb13	ori	x22,x23,-1209	 x23:0x00000000 x22=0xfffffb47
      578882000	     28842	8000568e	01f382b3	add	x5,x7,x31	  x7:0x00000000 x31:0x00000000  x5=0x00000000
      578902000	     28843	80005692	019c4463	blt	x24,x25,8000569a	 x24:0xfffffffe x25:0x00000000
      579102000	     28853	8000569a	01fe9463	bne	x29,x31,800056a2	 x29:0x00000000 x31:0x00000000
      579122000	     28854	8000569e	404f00b3	sub	x1,x30,x4	 x30:0x00000000  x4:0x00000002  x1=0xfffffffe
      579142000	     28855	800056a2	caa5	c.beqz	x13,80005712	 x13:0x00000001
      579162000	     28856	800056a4	9dde	c.add	x27,x23	 x27:0xff000000 x23:0x00000000 x27=0xff000000
      579322000	     28864	800056a6	02cb9eb3	mulh	x29,x23,x12	 x23:0x00000000 x12:0x00000000 x29=0x00000000
      579342000	     28865	800056aa	8231	c.srli	x12,0xc	 x12:0x00000000 x12=0x00000000
      579502000	     28873	800056ac	01dd9393	slli	x7,x27,0x1d	 x27:0xff000000  x7=0x00000000
      579922000	     28894	800056b0	018f51b3	srl	x3,x30,x24	 x30:0x00000000 x24:0xfffffffe  x3=0x00000000
      580342000	     28915	800056b4	80f1	c.srli	x9,0x1c	  x9:0x00008fff  x9=0x00000000
      580362000	     28916	800056b6	401fd313	srai	x6,x31,0x1	 x31:0x00000000  x6=0x00000000
      580382000	     28917	800056ba	10188193	addi	x3,x17,257	 x17:0x00000000  x3=0x00000101
      580722000	     28934	800056be	41835e13	srai	x28,x6,0x18	  x6:0x00000000 x28=0x00000000
      580742000	     28935	800056c2	8f5d	c.or	x14,x15	 x14:0x00000000 x15:0x80028ce4 x14=0x80028ce4
      580802000	     28938	800056c4	283ae397	auipc	x7,0x283ae	  x7=0xa83b36c4
      581102000	     28953	800056c8	3bf2bc13	sltiu	x24,x5,959	  x5:0x00000000 x24=0x00000001
      581122000	     28954	800056cc	c139	c.beqz	x10,80005712	 x10:0x00000105
      581142000	     28955	800056ce	439d	c.li	x7,7	  x7=0x00000007
      581162000	     28956	800056d0	dd3c0013	addi	x0,x24,-557	 x24:0x00000001  x0=0x00000000
      581182000	     28957	800056d4	4d19	c.li	x26,6	 x26=0x00000006
      581202000	     28958	800056d6	0001	c.addi	x0,0	  x0:0x00000000  x0=0x00000000
      581222000	     28959	800056d8	00858733	add	x14,x11,x8	 x11:0x00000000  x8:0x00000000 x14=0x00000000
      581322000	     28964	800056dc	087a	c.slli	x16,0x1e	 x16:0x00000000 x16=0x00000000
      581342000	     28965	800056de	86b5	c.srai	x13,0xd	 x13:0x00000001 x13=0x00000000
      581362000	     28966	800056e0	03d40bb3	mul	x23,x8,x29	  x8:0x00000000 x29:0x00000000 x23=0x00000000
      581422000	     28969	800056e4	0001	c.addi	x0,0	  x0:0x00000000  x0=0x00000000
      581442000	     28970	800056e6	13ed	c.addi	x7,-5	  x7:0x00000007  x7=0x00000002
      581602000	     28978	800056e8	b6ed0893	addi	x17,x26,-1170	 x26:0x00000006 x17=0xfffffb74
      581742000	     28985	800056ec	02523fb3	mulhu	x31,x4,x5	  x4:0x00000002  x5:0x00000000 x31=0x00000000
      581762000	     28986	800056f0	0000f8b3	and	x17,x1,x0	  x1:0xfffffffe  x0:0x00000000 x17=0x00000000
      581782000	     28987	800056f4	0001	c.addi	x0,0	  x0:0x00000000  x0=0x00000000
      581802000	     28988	800056f6	8cc9	c.or	x9,x10	  x9:0x00000000 x10:0x00000105  x9=0x00000105
      581902000	     28993	800056f8	00c470b3	and	x1,x8,x12	  x8:0x00000000 x12:0x00000000  x1=0x00000000
      582042000	     29000	800056fc	80c1	c.srli	x9,0x10	  x9:0x00000105  x9=0x00000000
      582062000	     29001	800056fe	40bd5f93	srai	x31,x26,0xb	 x26:0x00000006 x31=0x00000000
      582482000	     29022	80005702	0000100f	fence.i	
      582822000	     29039	80005706	fda3fde3	bgeu	x7,x26,800056e0	  x7:0x00000002 x26:0x00000006
      582842000	     29040	8000570a	412508b3	sub	x17,x10,x18	 x10:0x00000105 x18:0xffffffff x17=0x00000106
      583582000	     29077	8000570e	03a17933	remu	x18,x2,x26	  x2:0x80024e2c x26:0x00000006 x18=0x00000000
      583602000	     29078	80005712	0ff0000f	fence	iorw,iorw	
      583622000	     29079	80005716	409b51b3	sra	x3,x22,x9	 x22:0xfffffb47  x9:0x00000000  x3=0xfffffb47
      583642000	     29080	8000571a	8d4d	c.or	x10,x11	 x10:0x00000105 x11:0x00000000 x10=0x00000105
      583662000	     29081	8000571c	41570d33	sub	x26,x14,x21	 x14:0x00000000 x21:0x00000009 x26=0xfffffff7
      583682000	     29082	80005720	e05d	c.bnez	x8,800057c6	  x8:0x00000000
      583702000	     29083	80005722	01b50bb3	add	x23,x10,x27	 x10:0x00000105 x27:0xff000000 x23=0xff000105
      583842000	     29090	80005726	f5778e13	addi	x28,x15,-169	 x15:0x80028ce4 x28=0x80028c3b
      584262000	     29111	8000572a	029ff463	bgeu	x31,x9,80005752	 x31:0x00000000  x9:0x00000000
      585242000	     29160	80005752	e4d1	c.bnez	x9,800057de	  x9:0x00000000
      585262000	     29161	80005754	c9d9	c.beqz	x11,800057ea	 x11:0x00000000
      585502000	     29173	800057ea	e71d	c.bnez	x14,80005818	 x14:0x00000000
      585682000	     29182	800057ec	8c19	c.sub	x8,x14	  x8:0x00000000 x14:0x00000000  x8=0x00000000
      585702000	     29183	800057ee	01ffbf33	sltu	x30,x31,x31	 x31:0x00000000 x31:0x00000000 x30=0x00000000
      585722000	     29184	800057f2	00af0933	add	x18,x30,x10	 x30:0x00000000 x10:0x00000105 x18=0x00000105
      586462000	     29221	800057f6	027ec033	div	x0,x29,x7	 x29:0x00000000  x7:0x00000002  x0=0x00000000
      586482000	     29222	800057fa	c985	c.beqz	x11,8000582a	 x11:0x00000000
      586662000	     29231	8000582a	0000100f	fence.i	
      587182000	     29257	8000582e	6035bc97	auipc	x25,0x6035b	 x25=0xe036082e
      587202000	     29258	80005832	0001	c.addi	x0,0	  x0:0x00000000  x0=0x00000000
      587242000	     29260	80005834	033c7e33	remu	x28,x24,x19	 x24:0x00000001 x19:0x00000000 x28=0x00000001
      587262000	     29261	80005838	0a6e	c.slli	x20,0x1b	 x20:0x0001c000 x20=0x00000000
      587582000	     29277	8000583a	0000100f	fence.i	
      587962000	     29296	8000583e	0001	c.addi	x0,0	  x0:0x00000000  x0=0x00000000
      588102000	     29303	80005840	9294e813	ori	x16,x9,-1751	  x9:0x00000000 x16=0xfffff929
      588122000	     29304	80005844	02f6	c.slli	x5,0x1d	  x5:0x00000000  x5=0x00000000
      588142000	     29305	80005846	0000100f	fence.i	
      588762000	     29336	8000584a	a4187b93	andi	x23,x16,-1471	 x16:0xfffff929 x23=0xfffff801
      589182000	     29357	8000584e	00e62733	slt	x14,x12,x14	 x12:0x00000000 x14:0x00000000 x14=0x00000000
      589202000	     29358	80005852	0555	c.addi	x10,21	 x10:0x00000105 x10=0x0000011a
      590322000	     29414	80005854	036470b3	remu	x1,x8,x22	  x8:0x00000000 x22:0xfffffb47  x1=0x00000000
      590342000	     29415	80005858	029c4a63	blt	x24,x9,8000588c	 x24:0x00000001  x9:0x00000000
      590362000	     29416	8000585c	01de5d33	srl	x26,x28,x29	 x28:0x00000001 x29:0x00000000 x26=0x00000001
      590382000	     29417	80005860	0001	c.addi	x0,0	  x0:0x00000000  x0=0x00000000
      590402000	     29418	80005862	014fc563	blt	x31,x20,8000586c	 x31:0x00000000 x20:0x00000000
      590422000	     29419	80005866	7b30a713	slti	x14,x1,1971	  x1:0x00000000 x14=0x00000001
      590442000	     29420	8000586a	e681	c.bnez	x13,80005872	 x13:0x00000000
      590462000	     29421	8000586c	0001	c.addi	x0,0	  x0:0x00000000  x0=0x00000000
      590522000	     29424	8000586e	00ded013	srli	x0,x29,0xd	 x29:0x00000000  x0=0x00000000
      590542000	     29425	80005872	017c7763	bgeu	x24,x23,80005880	 x24:0x00000001 x23:0xfffff801
      590702000	     29433	80005876	00bc9a33	sll	x20,x25,x11	 x25:0xe036082e x11:0x00000000 x20=0xe036082e
      590722000	     29434	8000587a	e99d	c.bnez	x11,800058b0	 x11:0x00000000
      591122000	     29454	8000587c	3be4c597	auipc	x11,0x3be4c	 x11=0xbbe5187c
      591302000	     29463	80005880	8041	c.srli	x8,0x10	  x8:0x00000000  x8=0x00000000
      591322000	     29464	80005882	0199a433	slt	x8,x19,x25	 x19:0x00000000 x25:0xe036082e  x8=0x00000000
      591342000	     29465	80005886	833d	c.srli	x14,0xf	 x14:0x00000001 x14=0x00000000
      591622000	     29479	80005888	006e3eb3	sltu	x29,x28,x6	 x28:0x00000001  x6:0x00000000 x29=0x00000000
      591782000	     29487	8000588c	010feeb3	or	x29,x31,x16	 x31:0x00000000 x16:0xfffff929 x29=0xfffff929
      591842000	     29490	80005890	00f59bb3	sll	x23,x11,x15	 x11:0xbbe5187c x15:0x80028ce4 x23=0xbe5187c0
      591862000	     29491	80005894	c5906093	ori	x1,x0,-935	  x0:0x00000000  x1=0xfffffc59
      591882000	     29492	80005898	01a56c63	bltu	x10,x26,800058b0	 x10:0x0000011a x26:0x00000001
      591902000	     29493	8000589c	029b8f63	beq	x23,x9,800058da	 x23:0xbe5187c0  x9:0x00000000
      592322000	     29514	800058a0	0047a5b3	slt	x11,x15,x4	 x15:0x80028ce4  x4:0x00000002 x11=0x00000001
      592502000	     29523	800058a4	5efd	c.li	x29,-1	 x29=0xffffffff
      592522000	     29524	800058a6	004d1d93	slli	x27,x26,0x4	 x26:0x00000001 x27=0x00000010
      592542000	     29525	800058aa	000805b3	add	x11,x16,x0	 x16:0xfffff929  x0:0x00000000 x11=0xfffff929
      592562000	     29526	800058ae	8ca6	c.mv	x25,x9	  x0:0x00000000  x9:0x00000000 x25=0x00000000
      592582000	     29527	800058b0	0226cc63	blt	x13,x2,800058e8	 x13:0x00000000  x2:0x80024e2c
      592702000	     29533	800058b4	8441	c.srai	x8,0x10	  x8:0x00000000  x8=0x00000000
      592722000	     29534	800058b6	8c69	c.and	x8,x10	  x8:0x00000000 x10:0x0000011a  x8=0x00000000
      592742000	     29535	800058b8	21133093	sltiu	x1,x6,529	  x6:0x00000000  x1=0x00000001
      592762000	     29536	800058bc	8c49	c.or	x8,x10	  x8:0x00000000 x10:0x0000011a  x8=0x0000011a
      592942000	     29545	800058be	0152a833	slt	x16,x5,x21	  x5:0x00000000 x21:0x00000009 x16=0x00000001
      593362000	     29566	800058c2	8be70813	addi	x16,x14,-1858	 x14:0x00000000 x16=0xfffff8be
      593382000	     29567	800058c6	0001	c.addi	x0,0	  x0:0x00000000  x0=0x00000000
      593782000	     29587	800058c8	cd95	c.beqz	x11,80005904	 x11:0xfffff929
      594102000	     29603	800058ca	0327e963	bltu	x15,x18,800058fc	 x15:0x80028ce4 x18:0x00000105
      594122000	     29604	800058ce	00956d63	bltu	x10,x9,800058e8	 x10:0x0000011a  x9:0x00000000
      594142000	     29605	800058d2	01ff9393	slli	x7,x31,0x1f	 x31:0x00000000  x7=0x00000000
      594562000	     29626	800058d6	001f3433	sltu	x8,x30,x1	 x30:0x00000000  x1:0x00000001  x8=0x00000001
      594582000	     29627	800058da	5ec62813	slti	x16,x12,1516	 x12:0x00000000 x16=0x00000001
      594602000	     29628	800058de	015bb9b3	sltu	x19,x23,x21	 x23:0xbe5187c0 x21:0x00000009 x19=0x00000000
      594622000	     29629	800058e2	c991	c.beqz	x11,800058f6	 x11:0xfffff929
      594642000	     29630	800058e4	81e5	c.srli	x11,0x19	 x11:0xfffff929 x11=0x0000007f
      594662000	     29631	800058e6	0cc6	c.slli	x25,0x11	 x25:0x00000000 x25=0x00000000
      594902000	     29643	800058e8	0305a633	mulhsu	x12,x11,x16	 x11:0x0000007f x16:0x00000001 x12=0x00000000
      595082000	     29652	800058ec	c60d	c.beqz	x12,80005916	 x12:0x00000000
      596462000	     29721	80005916	962e	c.add	x12,x11	 x12:0x00000000 x11:0x0000007f x12=0x0000007f
      596582000	     29727	80005918	02d3bd33	mulhu	x26,x7,x13	  x7:0x00000000 x13:0x00000000 x26=0x00000000
      596602000	     29728	8000591c	41565eb3	sra	x29,x12,x21	 x12:0x0000007f x21:0x00000009 x29=0x00000000
      596762000	     29736	80005920	88b5	c.andi	x9,13	  x9:0x00000000  x9=0x00000000
      596782000	     29737	80005922	0001	c.addi	x0,0	  x0:0x00000000  x0=0x00000000
      596802000	     29738	80005924	c4a82cb7	lui	x25,0xc4a82	 x25=0xc4a82000
      596842000	     29740	80005928	02d46fb3	rem	x31,x8,x13	  x8:0x00000001 x13:0x00000000 x31=0x00000001
      596862000	     29741	8000592c	12097493	andi	x9,x18,288	 x18:0x00000105  x9=0x00000100
      596882000	     29742	80005930	8f29	c.xor	x14,x10	 x14:0x00000000 x10:0x0000011a x14=0x0000011a
      597002000	     29748	80005932	41935513	srai	x10,x6,0x19	  x6:0x00000000 x10=0x00000000
      597022000	     29749	80005936	01279d63	bne	x15,x18,80005950	 x15:0x80028ce4 x18:0x00000105
      597662000	     29781	80005950	023205b3	mul	x11,x4,x3	  x4:0x00000002  x3:0xfffffb47 x11=0xfffff68e
      597682000	     29782	80005954	00498763	beq	x19,x4,80005962	 x19:0x00000000  x4:0x00000002
      597702000	     29783	80005958	017f0e63	beq	x30,x23,80005974	 x30:0x00000000 x23:0xbe5187c0
      597722000	     29784	8000595c	017e9f93	slli	x31,x29,0x17	 x29:0x00000000 x31=0x00000000
      597742000	     29785	80005960	6455	c.lui	x8,0x15	  x8=0x00015000
      597762000	     29786	80005962	0001	c.addi	x0,0	  x0:0x00000000  x0=0x00000000
      597782000	     29787	80005964	03519563	bne	x3,x21,8000598e	  x3:0xfffffb47 x21:0x00000009
      598022000	     29799	8000598e	9bae	c.add	x23,x11	 x23:0xbe5187c0 x11:0xfffff68e x23=0xbe517e4e
      598142000	     29805	80005990	0397f663	bgeu	x15,x25,800059bc	 x15:0x80028ce4 x25:0xc4a82000
      598162000	     29806	80005994	02018233	mul	x4,x3,x0	  x3:0xfffffb47  x0:0x00000000  x4=0x00000000
      598462000	     29821	80005998	03f1c633	div	x12,x3,x31	  x3:0xfffffb47 x31:0x00000000 x12=0xffffffff
      598862000	     29841	8000599c	00875e93	srli	x29,x14,0x8	 x14:0x0000011a x29=0x00000001
      598962000	     29846	800059a0	0acf9eb7	lui	x29,0xacf9	 x29=0x0acf9000
      598982000	     29847	800059a4	0d248193	addi	x3,x9,210	  x9:0x00000100  x3=0x000001d2
      599722000	     29884	800059a8	038bd4b3	divu	x9,x23,x24	 x23:0xbe517e4e x24:0x00000001  x9=0xbe517e4e
      599742000	     29885	800059ac	8961c1b7	lui	x3,0x8961c	  x3=0x8961c000
      599762000	     29886	800059b0	41435233	sra	x4,x6,x20	  x6:0x00000000 x20:0xe036082e  x4=0x00000000
      599782000	     29887	800059b4	9a7d	c.andi	x12,-1	 x12:0xffffffff x12=0xffffffff
      599802000	     29888	800059b6	90e88b93	addi	x23,x17,-1778	 x17:0x00000106 x23=0xfffffa14
      599822000	     29889	800059ba	0526	c.slli	x10,0x9	 x10:0x00000000 x10=0x00000000
      599842000	     29890	800059bc	836d	c.srli	x14,0x1b	 x14:0x0000011a x14=0x00000000
      600042000	     29900	800059be	02b24963	blt	x4,x11,800059f0	  x4:0x00000000 x11:0xfffff68e
      600062000	     29901	800059c2	0007c463	blt	x15,x0,800059ca	 x15:0x80028ce4  x0:0x00000000
      600562000	     29926	800059ca	01ef5613	srli	x12,x30,0x1e	 x30:0x00000000 x12=0x00000000
      600582000	     29927	800059ce	e2a1	c.bnez	x13,80005a0e	 x13:0x00000000
      600602000	     29928	800059d0	86c5	c.srai	x13,0x11	 x13:0x00000000 x13=0x00000000
      600882000	     29942	800059d2	0108c663	blt	x17,x16,800059de	 x17:0x00000106 x16:0x00000001
      601622000	     29979	800059d6	028be5b3	rem	x11,x23,x8	 x23:0xfffffa14  x8:0x00015000 x11=0xfffffa14
      601642000	     29980	800059da	0000100f	fence.i	
      601862000	     29991	800059de	0001	c.addi	x0,0	  x0:0x00000000  x0=0x00000000
      601882000	     29992	800059e0	fca40f13	addi	x30,x8,-54	  x8:0x00015000 x30=0x00014fca
      601902000	     29993	800059e4	02ab4163	blt	x22,x10,80005a06	 x22:0xfffffb47 x10:0x00000000
      602642000	     30030	80005a06	0366f563	bgeu	x13,x22,80005a30	 x13:0x00000000 x22:0xfffffb47
      602662000	     30031	80005a0a	03700663	beq	x0,x23,80005a36	  x0:0x00000000 x23:0xfffffa14
      602942000	     30045	80005a0e	004ead33	slt	x26,x29,x4	 x29:0x0acf9000  x4:0x00000000 x26=0x00000000
      602962000	     30046	80005a12	8efd	c.and	x13,x15	 x13:0x00000000 x15:0x80028ce4 x13=0x00000000
      603122000	     30054	80005a14	ea81	c.bnez	x13,80005a24	 x13:0x00000000
      603142000	     30055	80005a16	8c55	c.or	x8,x13	  x8:0x00015000 x13:0x00000000  x8=0x00015000
      603162000	     30056	80005a18	41e75093	srai	x1,x14,0x1e	 x14:0x00000000  x1=0x00000000
      603182000	     30057	80005a1c	01d0ed63	bltu	x1,x29,80005a36	  x1:0x00000000 x29:0x0acf9000
      603382000	     30067	80005a36	0b3f4763	blt	x30,x19,80005ae4	 x30:0x00014fca x19:0x00000000
      603402000	     30068	80005a3a	4315	c.li	x6,5	  x6=0x00000005
      603482000	     30072	80005a3c	8da5	c.xor	x11,x9	 x11:0xfffffa14  x9:0xbe517e4e x11=0x41ae845a
      603502000	     30073	80005a3e	423d	c.li	x4,15	  x4=0x0000000f
      604242000	     30110	80005a40	030bfe33	remu	x28,x23,x16	 x23:0xfffffa14 x16:0x00000001 x28=0x00000000
      604262000	     30111	80005a44	bd208693	addi	x13,x1,-1070	  x1:0x00000000 x13=0xfffffbd2
      604282000	     30112	80005a48	0329	c.addi	x6,10	  x6:0x00000005  x6=0x0000000f
      604302000	     30113	80005a4a	0000100f	fence.i	
      604802000	     30138	80005a4e	00468db3	add	x27,x13,x4	 x13:0xfffffbd2  x4:0x0000000f x27=0xfffffbe1
      604822000	     30139	80005a52	8ec9	c.or	x13,x10	 x13:0xfffffbd2 x10:0x00000000 x13=0xfffffbd2
      604842000	     30140	80005a54	4819	c.li	x16,6	 x16=0x00000006
      604862000	     30141	80005a56	0000100f	fence.i	
      605262000	     30161	80005a5a	01731db3	sll	x27,x6,x23	  x6:0x0000000f x23:0xfffffa14 x27=0x00f00000
      605282000	     30162	80005a5e	7e7d0d17	auipc	x26,0x7e7d0	 x26=0xfe7d5a5e
      605302000	     30163	80005a62	41b1	c.li	x3,12	  x3=0x0000000c
      605502000	     30173	80005a64	8d51	c.or	x10,x12	 x10:0x00000000 x12:0x00000000 x10=0x00000000
      605602000	     30178	80005a66	00d2ccb7	lui	x25,0xd2c	 x25=0x00d2c000
      605622000	     30179	80005a6a	8e45	c.or	x12,x9	 x12:0x00000000  x9:0xbe517e4e x12=0xbe517e4e
      605642000	     30180	80005a6c	6c65	c.lui	x24,0x19	 x24=0x00019000
      605662000	     30181	80005a6e	080d	c.addi	x16,3	 x16:0x00000006 x16=0x00000009
      605842000	     30190	80005a70	74293d13	sltiu	x26,x18,1858	 x18:0x00000105 x26=0x00000001
      605862000	     30191	80005a74	016a4633	xor	x12,x20,x22	 x20:0xe036082e x22:0xfffffb47 x12=0x1fc9f369
      606282000	     30212	80005a78	8d29	c.xor	x10,x10	 x10:0x00000000 x10:0x00000000 x10=0x00000000
      606302000	     30213	80005a7a	fe3808e3	beq	x16,x3,80005a6a	 x16:0x00000009  x3:0x0000000c
      606342000	     30215	80005a7e	0251d4b3	divu	x9,x3,x5	  x3:0x0000000c  x5:0x00000000  x9=0xffffffff
      606362000	     30216	80005a82	82a5	c.srli	x13,0x9	 x13:0xfffffbd2 x13=0x007ffffd
      607102000	     30253	80005a84	023ec533	div	x10,x29,x3	 x29:0x0acf9000  x3:0x0000000c x10=0x00e6a155
      607122000	     30254	80005a88	0ff0000f	fence	iorw,iorw	
      607142000	     30255	80005a8c	015812b3	sll	x5,x16,x21	 x16:0x00000009 x21:0x00000009  x5=0x00001200
      607182000	     30257	80005a90	03121733	mulh	x14,x4,x17	  x4:0x0000000f x17:0x00000106 x14=0x00000000
      607202000	     30258	80005a94	57654b13	xori	x22,x10,1398	 x10:0x00e6a155 x22=0x00e6a423
      607222000	     30259	80005a98	02be82b3	mul	x5,x29,x11	 x29:0x0acf9000 x11:0x41ae845a  x5=0xb338a000
      607242000	     30260	80005a9c	41d15e33	sra	x28,x2,x29	  x2:0x80024e2c x29:0x0acf9000 x28=0x80024e2c
      607402000	     30268	80005aa0	af614393	xori	x7,x2,-1290	  x2:0x80024e2c  x7=0x7ffdb4da
      607422000	     30269	80005aa4	fa4310e3	bne	x6,x4,80005a44	  x6:0x0000000f  x4:0x0000000f
      607442000	     30270	80005aa8	0e32	c.slli	x28,0xc	 x28:0x80024e2c x28=0x24e2c000
      607482000	     30272	80005aaa	028d94b3	mulh	x9,x27,x8	 x27:0x00f00000  x8:0x00015000  x9=0x0000013b
      607502000	     30273	80005aae	6db5	c.lui	x27,0xd	 x27=0x0000d000
      607602000	     30278	80005ab0	8548d917	auipc	x18,0x8548d	 x18=0x05492ab0
      607982000	     30297	80005ab4	02da29b3	mulhsu	x19,x20,x13	 x20:0xe036082e x13:0x007ffffd x19=0xfff01b04
      608122000	     30304	80005ab8	02e25d33	divu	x26,x4,x14	  x4:0x0000000f x14:0x00000000 x26=0xffffffff
      608142000	     30305	80005abc	177d	c.addi	x14,-1	 x14:0x00000000 x14=0xffffffff
      608162000	     30306	80005abe	a28f7c93	andi	x25,x30,-1496	 x30:0x00014fca x25=0x00014a08
      608202000	     30308	80005ac2	03481033	mulh	x0,x16,x20	 x16:0x00000009 x20:0xe036082e  x0=0x00000000
      608222000	     30309	80005ac6	65bd	c.lui	x11,0xf	 x11=0x0000f000
      608362000	     30316	80005ac8	0ff0000f	fence	iorw,iorw	
      608402000	     30318	80005acc	03eeb633	mulhu	x12,x29,x30	 x29:0x0acf9000 x30:0x00014fca x12=0x00000e2e
      608422000	     30319	80005ad0	0001	c.addi	x0,0	  x0:0x00000000  x0=0x00000000
      608442000	     30320	80005ad2	0198d593	srli	x11,x17,0x19	 x17:0x00000106 x11=0x00000000
      608502000	     30323	80005ad6	01ab5c63	bge	x22,x26,80005aee	 x22:0x00e6a423 x26:0xffffffff
      609162000	     30356	80005aee	04ca	c.slli	x9,0x12	  x9:0x0000013b  x9=0x04ec0000
      609582000	     30377	80005af0	0ff0000f	fence	iorw,iorw	
      609602000	     30378	80005af4	42a9	c.li	x5,10	  x5=0x0000000a
      610022000	     30399	80005af6	01645193	srli	x3,x8,0x16	  x8:0x00015000  x3=0x00000000
      610042000	     30400	80005afa	8f21	c.xor	x14,x8	 x14:0xffffffff  x8:0x00015000 x14=0xfffeafff
      610062000	     30401	80005afc	38a5ee37	lui	x28,0x38a5e	 x28=0x38a5e000
      626982000	     31247	80005b00	01de0d63	beq	x28,x29,80005b1a	 x28:0x38a5e000 x29:0x0acf9000
      627002000	     31248	80005b04	0080d313	srli	x6,x1,0x8	  x1:0x00000000  x6=0x00000000
      627022000	     31249	80005b08	0000100f	fence.i	
      627482000	     31272	80005b0c	02a51263	bne	x10,x10,80005b30	 x10:0x00e6a155 x10:0x00e6a155
      627542000	     31275	80005b10	8e11	c.sub	x12,x12	 x12:0x00000e2e x12:0x00000e2e x12=0x00000000
      627562000	     31276	80005b12	00d19633	sll	x12,x3,x13	  x3:0x00000000 x13:0x007ffffd x12=0x00000000
      627642000	     31280	80005b16	41b95cb3	sra	x25,x18,x27	 x18:0x05492ab0 x27:0x0000d000 x25=0x05492ab0
      627902000	     31293	80005b1a	036a2d33	mulhsu	x26,x20,x22	 x20:0xe036082e x22:0x00e6a423 x26=0xffe35c29
      628642000	     31330	80005b1e	03995433	divu	x8,x18,x25	 x18:0x05492ab0 x25:0x05492ab0  x8=0x00000001
      628662000	     31331	80005b22	8cd1	c.or	x9,x12	  x9:0x04ec0000 x12:0x00000000  x9=0x04ec0000
      628682000	     31332	80005b24	02db8533	mul	x10,x23,x13	 x23:0xfffffa14 x13:0x007ffffd x10=0x0a0011c4
      628702000	     31333	80005b28	41ae80b3	sub	x1,x29,x26	 x29:0x0acf9000 x26:0xffe35c29  x1=0x0aec33d7
      628722000	     31334	80005b2c	66a6c713	xori	x14,x13,1642	 x13:0x007ffffd x14=0x007ff997
      628742000	     31335	80005b30	01f73a33	sltu	x20,x14,x31	 x14:0x007ff997 x31:0x00000000 x20=0x00000000
      629182000	     31357	80005b34	4212	c.lwsp	x4,4(x2)	  x2:0x80024e2c  x4=0x80002d18 PA:0x80024e30 load:0x80002d18
      629202000	     31358	80005b36	3623ef93	ori	x31,x7,866	  x7:0x7ffdb4da x31=0x7ffdb7fa
      629222000	     31359	80005b3a	03810113	addi	x2,x2,56	  x2:0x80024e2c  x2=0x80024e64
      629242000	     31360	80005b3e	8d71	c.and	x10,x12	 x10:0x0a0011c4 x12:0x00000000 x10=0x00000000
      629262000	     31361	80005b40	75c8b6b7	lui	x13,0x75c8b	 x13=0x75c8b000
      629282000	     31362	80005b44	8d52	c.mv	x26,x20	  x0:0x00000000 x20:0x00000000 x26=0x00000000
      629302000	     31363	80005b46	0001	c.addi	x0,0	  x0:0x00000000  x0=0x00000000
      629322000	     31364	80005b48	96d2	c.add	x13,x20	 x13:0x75c8b000 x20:0x00000000 x13=0x75c8b000
      629342000	     31365	80005b4a	8dcd	c.or	x11,x11	 x11:0x00000000 x11:0x00000000 x11=0x00000000
      629362000	     31366	80005b4c	00020c93	addi	x25,x4,0	  x4:0x80002d18 x25=0x80002d18
      629742000	     31385	80005b50	8c82	c.jr	x25	 x25:0x80002d18
      630402000	     31418	80002d18	4d29	c.li	x26,10	 x26=0x0000000a
      630422000	     31419	80002d1a	0001	c.addi	x0,0	  x0:0x00000000  x0=0x00000000
      630462000	     31421	80002d1c	02bb1eb3	mulh	x29,x22,x11	 x22:0x00e6a423 x11:0x00000000 x29=0x00000000
      630602000	     31428	80002d20	448d	c.li	x9,3	  x9=0x00000003
      630622000	     31429	80002d22	73df3293	sltiu	x5,x30,1853	 x30:0x00014fca  x5=0x00000000
      630722000	     31434	80002d26	4019d933	sra	x18,x19,x1	 x19:0xfff01b04  x1:0x0aec33d7 x18=0xffffffff
      630742000	     31435	80002d2a	1d7d	c.addi	x26,-1	 x26:0x0000000a x26=0x00000009
      630762000	     31436	80002d2c	8e15	c.sub	x12,x13	 x12:0x00000000 x13:0x75c8b000 x12=0x8a375000
      630782000	     31437	80002d2e	8755	c.srai	x14,0x15	 x14:0x007ff997 x14=0x00000003
      630802000	     31438	80002d30	fb292593	slti	x11,x18,-78	 x18:0xffffffff x11=0x00000000
      630862000	     31441	80002d34	fe9d77e3	bgeu	x26,x9,80002d22	 x26:0x00000009  x9:0x00000003
      631782000	     31487	80002d22	73df3293	sltiu	x5,x30,1853	 x30:0x00014fca  x5=0x00000000
      631802000	     31488	80002d26	4019d933	sra	x18,x19,x1	 x19:0xfff01b04  x1:0x0aec33d7 x18=0xffffffff
      631822000	     31489	80002d2a	1d7d	c.addi	x26,-1	 x26:0x00000009 x26=0x00000008
      631942000	     31495	80002d2c	8e15	c.sub	x12,x13	 x12:0x8a375000 x13:0x75c8b000 x12=0x146ea000
      631962000	     31496	80002d2e	8755	c.srai	x14,0x15	 x14:0x00000003 x14=0x00000000
      632222000	     31509	80002d30	fb292593	slti	x11,x18,-78	 x18:0xffffffff x11=0x00000000
      632242000	     31510	80002d34	fe9d77e3	bgeu	x26,x9,80002d22	 x26:0x00000008  x9:0x00000003
      632962000	     31546	80002d22	73df3293	sltiu	x5,x30,1853	 x30:0x00014fca  x5=0x00000000
      633022000	     31549	80002d26	4019d933	sra	x18,x19,x1	 x19:0xfff01b04  x1:0x0aec33d7 x18=0xffffffff
      633042000	     31550	80002d2a	1d7d	c.addi	x26,-1	 x26:0x00000008 x26=0x00000007
      633162000	     31556	80002d2c	8e15	c.sub	x12,x13	 x12:0x146ea000 x13:0x75c8b000 x12=0x9ea5f000
      633182000	     31557	80002d2e	8755	c.srai	x14,0x15	 x14:0x00000000 x14=0x00000000
      633582000	     31577	80002d30	fb292593	slti	x11,x18,-78	 x18:0xffffffff x11=0x00000000
      633602000	     31578	80002d34	fe9d77e3	bgeu	x26,x9,80002d22	 x26:0x00000007  x9:0x00000003
      633662000	     31581	80002d22	73df3293	sltiu	x5,x30,1853	 x30:0x00014fca  x5=0x00000000
      633702000	     31583	80002d26	4019d933	sra	x18,x19,x1	 x19:0xfff01b04  x1:0x0aec33d7 x18=0xffffffff
      633722000	     31584	80002d2a	1d7d	c.addi	x26,-1	 x26:0x00000007 x26=0x00000006
      633742000	     31585	80002d2c	8e15	c.sub	x12,x13	 x12:0x9ea5f000 x13:0x75c8b000 x12=0x28dd4000
      633762000	     31586	80002d2e	8755	c.srai	x14,0x15	 x14:0x00000000 x14=0x00000000
      633802000	     31588	80002d30	fb292593	slti	x11,x18,-78	 x18:0xffffffff x11=0x00000000
      633822000	     31589	80002d34	fe9d77e3	bgeu	x26,x9,80002d22	 x26:0x00000006  x9:0x00000003
      633902000	     31593	80002d22	73df3293	sltiu	x5,x30,1853	 x30:0x00014fca  x5=0x00000000
      633962000	     31596	80002d26	4019d933	sra	x18,x19,x1	 x19:0xfff01b04  x1:0x0aec33d7 x18=0xffffffff
      633982000	     31597	80002d2a	1d7d	c.addi	x26,-1	 x26:0x00000006 x26=0x00000005
      634002000	     31598	80002d2c	8e15	c.sub	x12,x13	 x12:0x28dd4000 x13:0x75c8b000 x12=0xb3149000
      634022000	     31599	80002d2e	8755	c.srai	x14,0x15	 x14:0x00000000 x14=0x00000000
      634042000	     31600	80002d30	fb292593	slti	x11,x18,-78	 x18:0xffffffff x11=0x00000000
      634062000	     31601	80002d34	fe9d77e3	bgeu	x26,x9,80002d22	 x26:0x00000005  x9:0x00000003
      634142000	     31605	80002d22	73df3293	sltiu	x5,x30,1853	 x30:0x00014fca  x5=0x00000000
      634162000	     31606	80002d26	4019d933	sra	x18,x19,x1	 x19:0xfff01b04  x1:0x0aec33d7 x18=0xffffffff
      634182000	     31607	80002d2a	1d7d	c.addi	x26,-1	 x26:0x00000005 x26=0x00000004
      634202000	     31608	80002d2c	8e15	c.sub	x12,x13	 x12:0xb3149000 x13:0x75c8b000 x12=0x3d4be000
      634222000	     31609	80002d2e	8755	c.srai	x14,0x15	 x14:0x00000000 x14=0x00000000
      634242000	     31610	80002d30	fb292593	slti	x11,x18,-78	 x18:0xffffffff x11=0x00000000
      634262000	     31611	80002d34	fe9d77e3	bgeu	x26,x9,80002d22	 x26:0x00000004  x9:0x00000003
      634342000	     31615	80002d22	73df3293	sltiu	x5,x30,1853	 x30:0x00014fca  x5=0x00000000
      634362000	     31616	80002d26	4019d933	sra	x18,x19,x1	 x19:0xfff01b04  x1:0x0aec33d7 x18=0xffffffff
      634382000	     31617	80002d2a	1d7d	c.addi	x26,-1	 x26:0x00000004 x26=0x00000003
      634402000	     31618	80002d2c	8e15	c.sub	x12,x13	 x12:0x3d4be000 x13:0x75c8b000 x12=0xc7833000
      634422000	     31619	80002d2e	8755	c.srai	x14,0x15	 x14:0x00000000 x14=0x00000000
      634442000	     31620	80002d30	fb292593	slti	x11,x18,-78	 x18:0xffffffff x11=0x00000000
      634462000	     31621	80002d34	fe9d77e3	bgeu	x26,x9,80002d22	 x26:0x00000003  x9:0x00000003
      634522000	     31624	80002d22	73df3293	sltiu	x5,x30,1853	 x30:0x00014fca  x5=0x00000000
      634542000	     31625	80002d26	4019d933	sra	x18,x19,x1	 x19:0xfff01b04  x1:0x0aec33d7 x18=0xffffffff
      634562000	     31626	80002d2a	1d7d	c.addi	x26,-1	 x26:0x00000003 x26=0x00000002
      634582000	     31627	80002d2c	8e15	c.sub	x12,x13	 x12:0xc7833000 x13:0x75c8b000 x12=0x51ba8000
      634602000	     31628	80002d2e	8755	c.srai	x14,0x15	 x14:0x00000000 x14=0x00000000
      634622000	     31629	80002d30	fb292593	slti	x11,x18,-78	 x18:0xffffffff x11=0x00000000
      634642000	     31630	80002d34	fe9d77e3	bgeu	x26,x9,80002d22	 x26:0x00000002  x9:0x00000003
      634662000	     31631	80002d38	8972	c.mv	x18,x28	  x0:0x00000000 x28:0x38a5e000 x18=0x38a5e000
      634682000	     31632	80002d3a	4e0d	c.li	x28,3	 x28=0x00000003
      634722000	     31634	80002d3c	028abeb3	mulhu	x29,x21,x8	 x21:0x00000009  x8:0x00000001 x29=0x00000000
      634742000	     31635	80002d40	c314a293	slti	x5,x9,-975	  x9:0x00000003  x5=0x00000000
      634762000	     31636	80002d44	016c5533	srl	x10,x24,x22	 x24:0x00019000 x22:0x00e6a423 x10=0x00003200
      635142000	     31655	80002d48	4d31	c.li	x26,12	 x26=0x0000000c
      635562000	     31676	80002d4a	00645633	srl	x12,x8,x6	  x8:0x00000001  x6:0x00000000 x12=0x00000001
      635782000	     31687	80002d4e	028111b3	mulh	x3,x2,x8	  x2:0x80024e64  x8:0x00000001  x3=0xffffffff
      635922000	     31694	80002d52	01869193	slli	x3,x13,0x18	 x13:0x75c8b000  x3=0x00000000
      635942000	     31695	80002d56	0e0d	c.addi	x28,3	 x28:0x00000003 x28=0x00000006
      635962000	     31696	80002d58	0085	c.addi	x1,1	  x1:0x0aec33d7  x1=0x0aec33d8
      636042000	     31700	80002d5a	01c67a33	and	x20,x12,x28	 x12:0x00000001 x28:0x00000006 x20=0x00000000
      636782000	     31737	80002d5e	0328c6b3	div	x13,x17,x18	 x17:0x00000106 x18:0x38a5e000 x13=0x00000000
      636822000	     31739	80002d62	030d9433	mulh	x8,x27,x16	 x27:0x0000d000 x16:0x00000009  x8=0x00000000
      636842000	     31740	80002d66	40050bb3	sub	x23,x10,x0	 x10:0x00003200  x0:0x00000000 x23=0x00003200
      636862000	     31741	80002d6a	ffae12e3	bne	x28,x26,80002d4e	 x28:0x00000006 x26:0x0000000c
      636942000	     31745	80002d4e	028111b3	mulh	x3,x2,x8	  x2:0x80024e64  x8:0x00000000  x3=0x00000000
      636962000	     31746	80002d52	01869193	slli	x3,x13,0x18	 x13:0x00000000  x3=0x00000000
      636982000	     31747	80002d56	0e0d	c.addi	x28,3	 x28:0x00000006 x28=0x00000009
      637002000	     31748	80002d58	0085	c.addi	x1,1	  x1:0x0aec33d8  x1=0x0aec33d9
      637022000	     31749	80002d5a	01c67a33	and	x20,x12,x28	 x12:0x00000001 x28:0x00000009 x20=0x00000001
      637762000	     31786	80002d5e	0328c6b3	div	x13,x17,x18	 x17:0x00000106 x18:0x38a5e000 x13=0x00000000
      637802000	     31788	80002d62	030d9433	mulh	x8,x27,x16	 x27:0x0000d000 x16:0x00000009  x8=0x00000000
      637822000	     31789	80002d66	40050bb3	sub	x23,x10,x0	 x10:0x00003200  x0:0x00000000 x23=0x00003200
      637842000	     31790	80002d6a	ffae12e3	bne	x28,x26,80002d4e	 x28:0x00000009 x26:0x0000000c
      637922000	     31794	80002d4e	028111b3	mulh	x3,x2,x8	  x2:0x80024e64  x8:0x00000000  x3=0x00000000
      637942000	     31795	80002d52	01869193	slli	x3,x13,0x18	 x13:0x00000000  x3=0x00000000
      637962000	     31796	80002d56	0e0d	c.addi	x28,3	 x28:0x00000009 x28=0x0000000c
      637982000	     31797	80002d58	0085	c.addi	x1,1	  x1:0x0aec33d9  x1=0x0aec33da
      638002000	     31798	80002d5a	01c67a33	and	x20,x12,x28	 x12:0x00000001 x28:0x0000000c x20=0x00000000
      638742000	     31835	80002d5e	0328c6b3	div	x13,x17,x18	 x17:0x00000106 x18:0x38a5e000 x13=0x00000000
      638782000	     31837	80002d62	030d9433	mulh	x8,x27,x16	 x27:0x0000d000 x16:0x00000009  x8=0x00000000
      638802000	     31838	80002d66	40050bb3	sub	x23,x10,x0	 x10:0x00003200  x0:0x00000000 x23=0x00003200
      638822000	     31839	80002d6a	ffae12e3	bne	x28,x26,80002d4e	 x28:0x0000000c x26:0x0000000c
      638842000	     31840	80002d6e	8420b813	sltiu	x16,x1,-1982	  x1:0x0aec33da x16=0x00000001
      638862000	     31841	80002d72	0226	c.slli	x4,0x9	  x4:0x80002d18  x4=0x005a3000
      638882000	     31842	80002d74	986e	c.add	x16,x27	 x16:0x00000001 x27:0x0000d000 x16=0x0000d001
      638902000	     31843	80002d76	ed3d6c13	ori	x24,x26,-301	 x26:0x0000000c x24=0xfffffedf
      638922000	     31844	80002d7a	85f5	c.srai	x11,0x1d	 x11:0x00000000 x11=0x00000000
      638942000	     31845	80002d7c	91fa	c.add	x3,x30	  x3:0x00000000 x30:0x00014fca  x3=0x00014fca
      638962000	     31846	80002d7e	0000100f	fence.i	
      639742000	     31885	80002d82	0ff0000f	fence	iorw,iorw	
      640062000	     31901	80002d86	66404f93	xori	x31,x0,1636	  x0:0x00000000 x31=0x00000664
      640082000	     31902	80002d8a	4f9de813	ori	x16,x27,1273	 x27:0x0000d000 x16=0x0000d4f9
      640102000	     31903	80002d8e	9cce	c.add	x25,x19	 x25:0x80002d18 x19:0xfff01b04 x25=0x7ff0481c
      640882000	     31942	80002d90	0278dcb3	divu	x25,x17,x7	 x17:0x00000106  x7:0x7ffdb4da x25=0x00000000
      640902000	     31943	80002d94	01e99093	slli	x1,x19,0x1e	 x19:0xfff01b04  x1=0x00000000
      640922000	     31944	80002d98	01591b13	slli	x22,x18,0x15	 x18:0x38a5e000 x22=0x00000000
      640982000	     31947	80002d9c	0ff0000f	fence	iorw,iorw	
      641202000	     31958	80002da0	01fcd263	bge	x25,x31,80002da4	 x25:0x00000000 x31:0x00000664
      641322000	     31964	80002da4	0073c533	xor	x10,x7,x7	  x7:0x7ffdb4da  x7:0x7ffdb4da x10=0x00000000
      641422000	     31969	80002da8	b3b26093	ori	x1,x4,-1221	  x4:0x005a3000  x1=0xfffffb3b
      641762000	     31986	80002dac	846d	c.srai	x8,0x1b	  x8:0x00000000  x8=0x00000000
      641782000	     31987	80002dae	93a2	c.add	x7,x8	  x7:0x7ffdb4da  x8:0x00000000  x7=0x7ffdb4da
      641802000	     31988	80002db0	d4238c93	addi	x25,x7,-702	  x7:0x7ffdb4da x25=0x7ffdb21c
      641862000	     31991	80002db4	0193e533	or	x10,x7,x25	  x7:0x7ffdb4da x25:0x7ffdb21c x10=0x7ffdb6de
      641982000	     31997	80002db8	00ded233	srl	x4,x29,x13	 x29:0x00000000 x13:0x00000000  x4=0x00000000
      642742000	     32035	80002dbc	031ae533	rem	x10,x21,x17	 x21:0x00000009 x17:0x00000106 x10=0x00000009
      642762000	     32036	80002dc0	0090cb63	blt	x1,x9,80002dd6	  x1:0xfffffb3b  x9:0x00000003
      643262000	     32061	80002dd6	00321533	sll	x10,x4,x3	  x4:0x00000000  x3:0x00014fca x10=0x00000000
      643282000	     32062	80002dda	8cb5	c.xor	x9,x13	  x9:0x00000003 x13:0x00000000  x9=0x00000003
      643362000	     32066	80002ddc	0001	c.addi	x0,0	  x0:0x00000000  x0=0x00000000
      643702000	     32083	80002dde	0000100f	fence.i	
      644202000	     32108	80002de2	8ead	c.xor	x13,x11	 x13:0x00000000 x11:0x00000000 x13=0x00000000
      644222000	     32109	80002de4	03478a33	mul	x20,x15,x20	 x15:0x80028ce4 x20:0x00000000 x20=0x00000000
      644962000	     32146	80002de8	02f366b3	rem	x13,x6,x15	  x6:0x00000000 x15:0x80028ce4 x13=0x00000000
      645702000	     32183	80002dec	029e4533	div	x10,x28,x9	 x28:0x0000000c  x9:0x00000003 x10=0x00000004
      645722000	     32184	80002df0	64c5	c.lui	x9,0x11	  x9=0x00011000
      645742000	     32185	80002df2	4275	c.li	x4,29	  x4=0x0000001d
      645762000	     32186	80002df4	01aa7233	and	x4,x20,x26	 x20:0x00000000 x26:0x0000000c  x4=0x00000000
      645782000	     32187	80002df8	0d22	c.slli	x26,0x8	 x26:0x0000000c x26=0x00000c00
      645802000	     32188	80002dfa	00767033	and	x0,x12,x7	 x12:0x00000001  x7:0x7ffdb4da  x0=0x00000000
      645822000	     32189	80002dfe	88cd	c.andi	x9,19	  x9:0x00011000  x9=0x00000000
      645842000	     32190	80002e00	40b10a33	sub	x20,x2,x11	  x2:0x80024e64 x11:0x00000000 x20=0x80024e64
      646582000	     32227	80002e04	037246b3	div	x13,x4,x23	  x4:0x00000000 x23:0x00003200 x13=0x00000000
      646602000	     32228	80002e08	8f59	c.or	x14,x14	 x14:0x00000000 x14:0x00000000 x14=0x00000000
      646622000	     32229	80002e0a	536f6613	ori	x12,x30,1334	 x30:0x00014fca x12=0x00014ffe
      646662000	     32231	80002e0e	032c1e33	mulh	x28,x24,x18	 x24:0xfffffedf x18:0x38a5e000 x28=0xffffffc0
      646702000	     32233	80002e12	029dd8b3	divu	x17,x27,x9	 x27:0x0000d000  x9:0x00000000 x17=0xffffffff
      646722000	     32234	80002e16	01fb7d63	bgeu	x22,x31,80002e30	 x22:0x00000000 x31:0x00000664
      646742000	     32235	80002e1a	8c3d	c.xor	x8,x15	  x8:0x00000000 x15:0x80028ce4  x8=0x80028ce4
      646762000	     32236	80002e1c	00d018b3	sll	x17,x0,x13	  x0:0x00000000 x13:0x00000000 x17=0x00000000
      646782000	     32237	80002e20	41f954b3	sra	x9,x18,x31	 x18:0x38a5e000 x31:0x00000664  x9=0x038a5e00
      646962000	     32246	80002e24	8661	c.srai	x12,0x18	 x12:0x00014ffe x12=0x00000000
      646982000	     32247	80002e26	023a	c.slli	x4,0xe	  x4:0x00000000  x4=0x00000000
      647002000	     32248	80002e28	4efe1b97	auipc	x23,0x4efe1	 x23=0xcefe3e28
      647402000	     32268	80002e2c	01440c33	add	x24,x8,x20	  x8:0x80028ce4 x20:0x80024e64 x24=0x0004db48
      647422000	     32269	80002e30	41a8d1b3	sra	x3,x17,x26	 x17:0x00000000 x26:0x00000c00  x3=0x00000000
      647442000	     32270	80002e34	81d5	c.srli	x11,0x15	 x11:0x00000000 x11=0x00000000
      647462000	     32271	80002e36	000f7c33	and	x24,x30,x0	 x30:0x00014fca  x0:0x00000000 x24=0x00000000
      647822000	     32289	80002e3a	017d9f13	slli	x30,x27,0x17	 x27:0x0000d000 x30=0x00000000
      648042000	     32300	80002e3e	05a85b63	bge	x16,x26,80002e94	 x16:0x0000d4f9 x26:0x00000c00
      649242000	     32360	80002e94	024a6db3	rem	x27,x20,x4	 x20:0x80024e64  x4:0x00000000 x27=0x80024e64
      649362000	     32366	80002e98	03bdde63	bge	x27,x27,80002ed4	 x27:0x80024e64 x27:0x80024e64
      649482000	     32372	80002ed4	00e61f63	bne	x12,x14,80002ef2	 x12:0x00000000 x14:0x00000000
      650022000	     32399	80002ed8	8c6d	c.and	x8,x11	  x8:0x80028ce4 x11:0x00000000  x8=0x00000000
      650042000	     32400	80002eda	8e61	c.and	x12,x8	 x12:0x00000000  x8:0x00000000 x12=0x00000000
      650062000	     32401	80002edc	0001	c.addi	x0,0	  x0:0x00000000  x0=0x00000000
      650082000	     32402	80002ede	01517b33	and	x22,x2,x21	  x2:0x80024e64 x21:0x00000009 x22=0x00000000
      650102000	     32403	80002ee2	5b6c2013	slti	x0,x24,1462	 x24:0x00000000  x0=0x00000000
      650122000	     32404	80002ee6	c229	c.beqz	x12,80002f28	 x12:0x00000000
      650922000	     32444	80002f28	011904b3	add	x9,x18,x17	 x18:0x38a5e000 x17:0x00000000  x9=0x38a5e000
      651322000	     32464	80002f2c	19fd	c.addi	x19,-1	 x19:0xfff01b04 x19=0xfff01b03
      651342000	     32465	80002f2e	06d49263	bne	x9,x13,80002f92	  x9:0x38a5e000 x13:0x00000000
      651962000	     32496	80002f92	03e18763	beq	x3,x30,80002fc0	  x3:0x00000000 x30:0x00000000
      652782000	     32537	80002fc0	8d09	c.sub	x10,x10	 x10:0x00000004 x10:0x00000004 x10=0x00000000
      652802000	     32538	80002fc2	01449613	slli	x12,x9,0x14	  x9:0x38a5e000 x12=0x00000000
      652822000	     32539	80002fc6	00ca7733	and	x14,x20,x12	 x20:0x80024e64 x12:0x00000000 x14=0x00000000
      652862000	     32541	80002fca	04e81163	bne	x16,x14,8000300c	 x16:0x0000d4f9 x14:0x00000000
      653382000	     32567	8000300c	e98d	c.bnez	x11,8000303e	 x11:0x00000000
      653642000	     32580	8000300e	4055d393	srai	x7,x11,0x5	 x11:0x00000000  x7=0x00000000
      654402000	     32618	80003012	0341dd33	divu	x26,x3,x20	  x3:0x00000000 x20:0x80024e64 x26=0x00000000
      654422000	     32619	80003016	01dcd333	srl	x6,x25,x29	 x25:0x7ffdb21c x29:0x00000000  x6=0x7ffdb21c
      654462000	     32621	8000301a	02c41533	mulh	x10,x8,x12	  x8:0x00000000 x12:0x00000000 x10=0x00000000
      654482000	     32622	8000301e	0001	c.addi	x0,0	  x0:0x00000000  x0=0x00000000
      654502000	     32623	80003020	8169	c.srli	x10,0x1a	 x10:0x00000000 x10=0x00000000
      654522000	     32624	80003022	86d5	c.srai	x13,0x15	 x13:0x00000000 x13=0x00000000
      654542000	     32625	80003024	41600d33	sub	x26,x0,x22	  x0:0x00000000 x22:0x00000000 x26=0x00000000
      654582000	     32627	80003028	033430b3	mulhu	x1,x8,x19	  x8:0x00000000 x19:0xfff01b03  x1=0x00000000
      654602000	     32628	8000302c	8c85	c.sub	x9,x9	  x9:0x38a5e000  x9:0x38a5e000  x9=0x00000000
      654622000	     32629	8000302e	88e1	c.andi	x9,24	  x9:0x00000000  x9=0x00000000
      654642000	     32630	80003030	c499	c.beqz	x9,8000303e	  x9:0x00000000
      655302000	     32663	8000303e	01074833	xor	x16,x14,x16	 x14:0x00000000 x16:0x0000d4f9 x16=0x0000d4f9
      655322000	     32664	80003042	ffffda97	auipc	x21,0xffffd	 x21=0x80000042
      655362000	     32666	80003046	34ea8a93	addi	x21,x21,846	 x21:0x80000042 x21=0x80000390
      655782000	     32687	8000304a	000a8067	jalr	x0,0(x21)	 x21:0x80000390  x0=0x00000000
      655942000	     32695	80000390	90000537	lui	x10,0x90000	 x10=0x90000000
      655962000	     32696	80000394	1561	c.addi	x10,-8	 x10:0x90000000 x10=0x8ffffff8
      655982000	     32697	80000396	4c81	c.li	x25,0	 x25=0x00000000
      656002000	     32698	80000398	0ca2	c.slli	x25,0x8	 x25:0x00000000 x25=0x00000000
      656022000	     32699	8000039a	0c85	c.addi	x25,1	 x25:0x00000000 x25=0x00000001
      656082000	     32702	8000039c	01952023	sw	x25,0(x10)	 x10:0x8ffffff8 x25:0x00000001 PA:0x8ffffff8 store:0x00000001 load:0xffffffff
      656102000	     32703	800003a0	00000073	ecall	
      661942000	     32995	80002000	0800006f	jal	x0,80002080	  x0=0x00000000
      662202000	     33008	80002080	17f1	c.addi	x15,-4	 x15:0x80028ce4 x15=0x80028ce0
      662342000	     33015	80002082	0027a023	sw	x2,0(x15)	 x15:0x80028ce0  x2:0x80024e64 PA:0x80028ce0 store:0x80024e64 load:0xffffffff
      662642000	     33030	80002086	00078133	add	x2,x15,x0	 x15:0x80028ce0  x0:0x00000000  x2=0x80028ce0
      662662000	     33031	8000208a	7119	c.addi16sp	x2,-128	  x2:0x80028ce0  x2=0x80028c60
      662722000	     33034	8000208c	c206	c.swsp	x1,4(x2)	  x2:0x80028c60  x1:0x00000000 PA:0x80028c64 store:0x00000000 load:0xffffffff
      663262000	     33061	8000208e	c40a	c.swsp	x2,8(x2)	  x2:0x80028c60  x2:0x80028c60 PA:0x80028c68 store:0x80028c60 load:0xffffffff
      663482000	     33072	80002090	c60e	c.swsp	x3,12(x2)	  x2:0x80028c60  x3:0x00000000 PA:0x80028c6c store:0x00000000 load:0xffffffff
      663502000	     33073	80002092	c812	c.swsp	x4,16(x2)	  x2:0x80028c60  x4:0x00000000 PA:0x80028c70 store:0x00000000 load:0xffffffff
      663522000	     33074	80002094	ca16	c.swsp	x5,20(x2)	  x2:0x80028c60  x5:0x00000000 PA:0x80028c74 store:0x00000000 load:0xffffffff
      663942000	     33095	80002096	cc1a	c.swsp	x6,24(x2)	  x2:0x80028c60  x6:0x7ffdb21c PA:0x80028c78 store:0x7ffdb21c load:0xffffffff
      664002000	     33098	80002098	ce1e	c.swsp	x7,28(x2)	  x2:0x80028c60  x7:0x00000000 PA:0x80028c7c store:0x00000000 load:0xffffffff
      664022000	     33099	8000209a	d022	c.swsp	x8,32(x2)	  x2:0x80028c60  x8:0x00000000 PA:0x80028c80 store:0x00000000 load:0xffffffff
      664162000	     33106	8000209c	d226	c.swsp	x9,36(x2)	  x2:0x80028c60  x9:0x00000000 PA:0x80028c84 store:0x00000000 load:0xffffffff
      664282000	     33112	8000209e	d42a	c.swsp	x10,40(x2)	  x2:0x80028c60 x10:0x8ffffff8 PA:0x80028c88 store:0x8ffffff8 load:0xffffffff
      664462000	     33121	800020a0	d62e	c.swsp	x11,44(x2)	  x2:0x80028c60 x11:0x00000000 PA:0x80028c8c store:0x00000000 load:0xffffffff
      664682000	     33132	800020a2	d832	c.swsp	x12,48(x2)	  x2:0x80028c60 x12:0x00000000 PA:0x80028c90 store:0x00000000 load:0xffffffff
      664742000	     33135	800020a4	da36	c.swsp	x13,52(x2)	  x2:0x80028c60 x13:0x00000000 PA:0x80028c94 store:0x00000000 load:0xffffffff
      664762000	     33136	800020a6	dc3a	c.swsp	x14,56(x2)	  x2:0x80028c60 x14:0x00000000 PA:0x80028c98 store:0x00000000 load:0xffffffff
      664782000	     33137	800020a8	de3e	c.swsp	x15,60(x2)	  x2:0x80028c60 x15:0x80028ce0 PA:0x80028c9c store:0x80028ce0 load:0xffffffff
      664822000	     33139	800020aa	c0c2	c.swsp	x16,64(x2)	  x2:0x80028c60 x16:0x0000d4f9 PA:0x80028ca0 store:0x0000d4f9 load:0xffffffff
      664942000	     33145	800020ac	c2c6	c.swsp	x17,68(x2)	  x2:0x80028c60 x17:0x00000000 PA:0x80028ca4 store:0x00000000 load:0xffffffff
      665202000	     33158	800020ae	c4ca	c.swsp	x18,72(x2)	  x2:0x80028c60 x18:0x38a5e000 PA:0x80028ca8 store:0x38a5e000 load:0xffffffff
      665502000	     33173	800020b0	c6ce	c.swsp	x19,76(x2)	  x2:0x80028c60 x19:0xfff01b03 PA:0x80028cac store:0xfff01b03 load:0xffffffff
      665962000	     33196	800020b2	c8d2	c.swsp	x20,80(x2)	  x2:0x80028c60 x20:0x80024e64 PA:0x80028cb0 store:0x80024e64 load:0xffffffff
      666182000	     33207	800020b4	cad6	c.swsp	x21,84(x2)	  x2:0x80028c60 x21:0x80000390 PA:0x80028cb4 store:0x80000390 load:0xffffffff
      666262000	     33211	800020b6	ccda	c.swsp	x22,88(x2)	  x2:0x80028c60 x22:0x00000000 PA:0x80028cb8 store:0x00000000 load:0xffffffff
      666282000	     33212	800020b8	cede	c.swsp	x23,92(x2)	  x2:0x80028c60 x23:0xcefe3e28 PA:0x80028cbc store:0xcefe3e28 load:0xffffffff
      666722000	     33234	800020ba	d0e2	c.swsp	x24,96(x2)	  x2:0x80028c60 x24:0x00000000 PA:0x80028cc0 store:0x00000000 load:0xffffffff
      667182000	     33257	800020bc	d2e6	c.swsp	x25,100(x2)	  x2:0x80028c60 x25:0x00000001 PA:0x80028cc4 store:0x00000001 load:0xffffffff
      667422000	     33269	800020be	d4ea	c.swsp	x26,104(x2)	  x2:0x80028c60 x26:0x00000000 PA:0x80028cc8 store:0x00000000 load:0xffffffff
      667482000	     33272	800020c0	d6ee	c.swsp	x27,108(x2)	  x2:0x80028c60 x27:0x80024e64 PA:0x80028ccc store:0x80024e64 load:0xffffffff
      667682000	     33282	800020c2	d8f2	c.swsp	x28,112(x2)	  x2:0x80028c60 x28:0xffffffc0 PA:0x80028cd0 store:0xffffffc0 load:0xffffffff
      667722000	     33284	800020c4	daf6	c.swsp	x29,116(x2)	  x2:0x80028c60 x29:0x00000000 PA:0x80028cd4 store:0x00000000 load:0xffffffff
      668142000	     33305	800020c6	dcfa	c.swsp	x30,120(x2)	  x2:0x80028c60 x30:0x00000000 PA:0x80028cd8 store:0x00000000 load:0xffffffff
      668202000	     33308	800020c8	defe	c.swsp	x31,124(x2)	  x2:0x80028c60 x31:0x00000664 PA:0x80028cdc store:0x00000664 load:0xffffffff
      668222000	     33309	800020ca	000107b3	add	x15,x2,x0	  x2:0x80028c60  x0:0x00000000 x15=0x80028c60
      668242000	     33310	800020ce	90000537	lui	x10,0x90000	 x10=0x90000000
      668262000	     33311	800020d2	1571	c.addi	x10,-4	 x10:0x90000000 x10=0x8ffffffc
      668282000	     33312	800020d4	4ca1	c.li	x25,8	 x25=0x00000008
      668302000	     33313	800020d6	0ca2	c.slli	x25,0x8	 x25:0x00000008 x25=0x00000800
      668322000	     33314	800020d8	000c8c93	addi	x25,x25,0	 x25:0x00000800 x25=0x00000800
      668382000	     33317	800020dc	01952023	sw	x25,0(x10)	 x10:0x8ffffffc x25:0x00000800 PA:0x8ffffffc store:0x00000800 load:0xffffffff
      668402000	     33318	800020e0	34102cf3	csrrs	x25,mepc,x0	  x0:0x00000000 x25=0x800003a0
      668422000	     33319	800020e4	34202cf3	csrrs	x25,mcause,x0	  x0:0x00000000 x25=0x00000008
      668442000	     33320	800020e8	450d	c.li	x10,3	 x10=0x00000003
      668462000	     33321	800020ea	00ac9463	bne	x25,x10,800020f2	 x25:0x00000008 x10:0x00000003
      668862000	     33341	800020f2	4521	c.li	x10,8	 x10=0x00000008
      668882000	     33342	800020f4	04ac8d63	beq	x25,x10,8000214e	 x25:0x00000008 x10:0x00000008
      669982000	     33397	8000214e	90000537	lui	x10,0x90000	 x10=0x90000000
      670002000	     33398	80002152	1571	c.addi	x10,-4	 x10:0x90000000 x10=0x8ffffffc
      670362000	     33416	80002154	6c85	c.lui	x25,0x1	 x25=0x00001000
      670382000	     33417	80002156	b00c8c93	addi	x25,x25,-1280	 x25:0x00001000 x25=0x00000b00
      670402000	     33418	8000215a	0ca2	c.slli	x25,0x8	 x25:0x00000b00 x25=0x000b0000
      670642000	     33430	8000215c	0c8d	c.addi	x25,3	 x25:0x000b0000 x25=0x000b0003
      670702000	     33433	8000215e	01952023	sw	x25,0(x10)	 x10:0x8ffffffc x25:0x000b0003 PA:0x8ffffffc store:0x000b0003 load:0xffffffff
      670722000	     33434	80002162	b0002cf3	csrrs	x25,mcycle,x0	  x0:0x00000000 x25=0x00008297
      671002000	     33448	80002166	01952023	sw	x25,0(x10)	 x10:0x8ffffffc x25:0x00008297 PA:0x8ffffffc store:0x00008297 load:0xffffffff
      671022000	     33449	8000216a	90000537	lui	x10,0x90000	 x10=0x90000000
      671042000	     33450	8000216e	1571	c.addi	x10,-4	 x10:0x90000000 x10=0x8ffffffc
      671142000	     33455	80002170	6c85	c.lui	x25,0x1	 x25=0x00001000
      671162000	     33456	80002172	b80c8c93	addi	x25,x25,-1152	 x25:0x00001000 x25=0x00000b80
      671182000	     33457	80002176	0ca2	c.slli	x25,0x8	 x25:0x00000b80 x25=0x000b8000
      671202000	     33458	80002178	0c8d	c.addi	x25,3	 x25:0x000b8000 x25=0x000b8003
      671522000	     33474	8000217a	01952023	sw	x25,0(x10)	 x10:0x8ffffffc x25:0x000b8003 PA:0x8ffffffc store:0x000b8003 load:0xffffffff
      671542000	     33475	8000217e	b8002cf3	csrrs	x25,mcycleh,x0	  x0:0x00000000 x25=0x00000000
      672002000	     33498	80002182	01952023	sw	x25,0(x10)	 x10:0x8ffffffc x25:0x00000000 PA:0x8ffffffc store:0x00000000 load:0xffffffff
      672022000	     33499	80002186	90000537	lui	x10,0x90000	 x10=0x90000000
      672042000	     33500	8000218a	1571	c.addi	x10,-4	 x10:0x90000000 x10=0x8ffffffc
      672062000	     33501	8000218c	6c85	c.lui	x25,0x1	 x25=0x00001000
      672082000	     33502	8000218e	b03c8c93	addi	x25,x25,-1277	 x25:0x00001000 x25=0x00000b03
      672102000	     33503	80002192	0ca2	c.slli	x25,0x8	 x25:0x00000b03 x25=0x000b0300
      672122000	     33504	80002194	0c8d	c.addi	x25,3	 x25:0x000b0300 x25=0x000b0303
      672382000	     33517	80002196	01952023	sw	x25,0(x10)	 x10:0x8ffffffc x25:0x000b0303 PA:0x8ffffffc store:0x000b0303 load:0xffffffff
      672402000	     33518	8000219a	b0302cf3	csrrs	x25,mhpmcounter3,x0	  x0:0x00000000 x25=0x000000fd
      672582000	     33527	8000219e	01952023	sw	x25,0(x10)	 x10:0x8ffffffc x25:0x000000fd PA:0x8ffffffc store:0x000000fd load:0xffffffff
      672682000	     33532	800021a2	90000537	lui	x10,0x90000	 x10=0x90000000
      672702000	     33533	800021a6	1571	c.addi	x10,-4	 x10:0x90000000 x10=0x8ffffffc
      672722000	     33534	800021a8	6c85	c.lui	x25,0x1	 x25=0x00001000
      673082000	     33552	800021aa	b83c8c93	addi	x25,x25,-1149	 x25:0x00001000 x25=0x00000b83
      673102000	     33553	800021ae	0ca2	c.slli	x25,0x8	 x25:0x00000b83 x25=0x000b8300
      673122000	     33554	800021b0	0c8d	c.addi	x25,3	 x25:0x000b8300 x25=0x000b8303
      673182000	     33557	800021b2	01952023	sw	x25,0(x10)	 x10:0x8ffffffc x25:0x000b8303 PA:0x8ffffffc store:0x000b8303 load:0xffffffff
      673202000	     33558	800021b6	b8302cf3	csrrs	x25,mhpmcounter3h,x0	  x0:0x00000000 x25=0x00000000
      673242000	     33560	800021ba	01952023	sw	x25,0(x10)	 x10:0x8ffffffc x25:0x00000000 PA:0x8ffffffc store:0x00000000 load:0xffffffff
      673262000	     33561	800021be	90000537	lui	x10,0x90000	 x10=0x90000000
      673282000	     33562	800021c2	1571	c.addi	x10,-4	 x10:0x90000000 x10=0x8ffffffc
      673442000	     33570	800021c4	6c85	c.lui	x25,0x1	 x25=0x00001000
      673622000	     33579	800021c6	b04c8c93	addi	x25,x25,-1276	 x25:0x00001000 x25=0x00000b04
      673642000	     33580	800021ca	0ca2	c.slli	x25,0x8	 x25:0x00000b04 x25=0x000b0400
      673722000	     33584	800021cc	0c8d	c.addi	x25,3	 x25:0x000b0400 x25=0x000b0403
      674162000	     33606	800021ce	01952023	sw	x25,0(x10)	 x10:0x8ffffffc x25:0x000b0403 PA:0x8ffffffc store:0x000b0403 load:0xffffffff
      674182000	     33607	800021d2	b0402cf3	csrrs	x25,mhpmcounter4,x0	  x0:0x00000000 x25=0x000036ec
      674562000	     33626	800021d6	01952023	sw	x25,0(x10)	 x10:0x8ffffffc x25:0x000036ec PA:0x8ffffffc store:0x000036ec load:0xffffffff
      674582000	     33627	800021da	90000537	lui	x10,0x90000	 x10=0x90000000
      674602000	     33628	800021de	1571	c.addi	x10,-4	 x10:0x90000000 x10=0x8ffffffc
      674622000	     33629	800021e0	6c85	c.lui	x25,0x1	 x25=0x00001000
      674682000	     33632	800021e2	b84c8c93	addi	x25,x25,-1148	 x25:0x00001000 x25=0x00000b84
      674702000	     33633	800021e6	0ca2	c.slli	x25,0x8	 x25:0x00000b84 x25=0x000b8400
      674782000	     33637	800021e8	0c8d	c.addi	x25,3	 x25:0x000b8400 x25=0x000b8403
      675242000	     33660	800021ea	01952023	sw	x25,0(x10)	 x10:0x8ffffffc x25:0x000b8403 PA:0x8ffffffc store:0x000b8403 load:0xffffffff
      675622000	     33679	800021ee	b8402cf3	csrrs	x25,mhpmcounter4h,x0	  x0:0x00000000 x25=0x00000000
      675842000	     33690	800021f2	01952023	sw	x25,0(x10)	 x10:0x8ffffffc x25:0x00000000 PA:0x8ffffffc store:0x00000000 load:0xffffffff
      675882000	     33692	800021f6	90000537	lui	x10,0x90000	 x10=0x90000000
      675902000	     33693	800021fa	1571	c.addi	x10,-4	 x10:0x90000000 x10=0x8ffffffc
      675922000	     33694	800021fc	6c85	c.lui	x25,0x1	 x25=0x00001000
      675942000	     33695	800021fe	b05c8c93	addi	x25,x25,-1275	 x25:0x00001000 x25=0x00000b05
      675962000	     33696	80002202	0ca2	c.slli	x25,0x8	 x25:0x00000b05 x25=0x000b0500
      675982000	     33697	80002204	0c8d	c.addi	x25,3	 x25:0x000b0500 x25=0x000b0503
      676442000	     33720	80002206	01952023	sw	x25,0(x10)	 x10:0x8ffffffc x25:0x000b0503 PA:0x8ffffffc store:0x000b0503 load:0xffffffff
      676462000	     33721	8000220a	b0502cf3	csrrs	x25,mhpmcounter5,x0	  x0:0x00000000 x25=0x00000001
      676782000	     33737	8000220e	01952023	sw	x25,0(x10)	 x10:0x8ffffffc x25:0x00000001 PA:0x8ffffffc store:0x00000001 load:0xffffffff
      676802000	     33738	80002212	90000537	lui	x10,0x90000	 x10=0x90000000
      676822000	     33739	80002216	1571	c.addi	x10,-4	 x10:0x90000000 x10=0x8ffffffc
      676842000	     33740	80002218	6c85	c.lui	x25,0x1	 x25=0x00001000
      676862000	     33741	8000221a	b85c8c93	addi	x25,x25,-1147	 x25:0x00001000 x25=0x00000b85
      676882000	     33742	8000221e	0ca2	c.slli	x25,0x8	 x25:0x00000b85 x25=0x000b8500
      676902000	     33743	80002220	0c8d	c.addi	x25,3	 x25:0x000b8500 x25=0x000b8503
      677362000	     33766	80002222	01952023	sw	x25,0(x10)	 x10:0x8ffffffc x25:0x000b8503 PA:0x8ffffffc store:0x000b8503 load:0xffffffff
      677382000	     33767	80002226	b8502cf3	csrrs	x25,mhpmcounter5h,x0	  x0:0x00000000 x25=0x00000000
      677442000	     33770	8000222a	01952023	sw	x25,0(x10)	 x10:0x8ffffffc x25:0x00000000 PA:0x8ffffffc store:0x00000000 load:0xffffffff
      677462000	     33771	8000222e	90000537	lui	x10,0x90000	 x10=0x90000000
      677482000	     33772	80002232	1571	c.addi	x10,-4	 x10:0x90000000 x10=0x8ffffffc
      677602000	     33778	80002234	6c85	c.lui	x25,0x1	 x25=0x00001000
      677782000	     33787	80002236	b06c8c93	addi	x25,x25,-1274	 x25:0x00001000 x25=0x00000b06
      677802000	     33788	8000223a	0ca2	c.slli	x25,0x8	 x25:0x00000b06 x25=0x000b0600
      677822000	     33789	8000223c	0c8d	c.addi	x25,3	 x25:0x000b0600 x25=0x000b0603
      677962000	     33796	8000223e	01952023	sw	x25,0(x10)	 x10:0x8ffffffc x25:0x000b0603 PA:0x8ffffffc store:0x000b0603 load:0xffffffff
      678282000	     33812	80002242	b0602cf3	csrrs	x25,mhpmcounter6,x0	  x0:0x00000000 x25=0x00000039
      678942000	     33845	80002246	01952023	sw	x25,0(x10)	 x10:0x8ffffffc x25:0x00000039 PA:0x8ffffffc store:0x00000039 load:0xffffffff
      678962000	     33846	8000224a	90000537	lui	x10,0x90000	 x10=0x90000000
      678982000	     33847	8000224e	1571	c.addi	x10,-4	 x10:0x90000000 x10=0x8ffffffc
      679002000	     33848	80002250	6c85	c.lui	x25,0x1	 x25=0x00001000
      679022000	     33849	80002252	b86c8c93	addi	x25,x25,-1146	 x25:0x00001000 x25=0x00000b86
      679042000	     33850	80002256	0ca2	c.slli	x25,0x8	 x25:0x00000b86 x25=0x000b8600
      679062000	     33851	80002258	0c8d	c.addi	x25,3	 x25:0x000b8600 x25=0x000b8603
      679522000	     33874	8000225a	01952023	sw	x25,0(x10)	 x10:0x8ffffffc x25:0x000b8603 PA:0x8ffffffc store:0x000b8603 load:0xffffffff
      679542000	     33875	8000225e	b8602cf3	csrrs	x25,mhpmcounter6h,x0	  x0:0x00000000 x25=0x00000000
      679922000	     33894	80002262	01952023	sw	x25,0(x10)	 x10:0x8ffffffc x25:0x00000000 PA:0x8ffffffc store:0x00000000 load:0xffffffff
      679942000	     33895	80002266	90000537	lui	x10,0x90000	 x10=0x90000000
      679962000	     33896	8000226a	1571	c.addi	x10,-4	 x10:0x90000000 x10=0x8ffffffc
      679982000	     33897	8000226c	6c85	c.lui	x25,0x1	 x25=0x00001000
      680002000	     33898	8000226e	b07c8c93	addi	x25,x25,-1273	 x25:0x00001000 x25=0x00000b07
      680022000	     33899	80002272	0ca2	c.slli	x25,0x8	 x25:0x00000b07 x25=0x000b0700
      680042000	     33900	80002274	0c8d	c.addi	x25,3	 x25:0x000b0700 x25=0x000b0703
      680202000	     33908	80002276	01952023	sw	x25,0(x10)	 x10:0x8ffffffc x25:0x000b0703 PA:0x8ffffffc store:0x000b0703 load:0xffffffff
      680222000	     33909	8000227a	b0702cf3	csrrs	x25,mhpmcounter7,x0	  x0:0x00000000 x25=0x0000003b
      680362000	     33916	8000227e	01952023	sw	x25,0(x10)	 x10:0x8ffffffc x25:0x0000003b PA:0x8ffffffc store:0x0000003b load:0xffffffff
      680382000	     33917	80002282	90000537	lui	x10,0x90000	 x10=0x90000000
      680402000	     33918	80002286	1571	c.addi	x10,-4	 x10:0x90000000 x10=0x8ffffffc
      680422000	     33919	80002288	6c85	c.lui	x25,0x1	 x25=0x00001000
      680442000	     33920	8000228a	b87c8c93	addi	x25,x25,-1145	 x25:0x00001000 x25=0x00000b87
      680462000	     33921	8000228e	0ca2	c.slli	x25,0x8	 x25:0x00000b87 x25=0x000b8700
      680482000	     33922	80002290	0c8d	c.addi	x25,3	 x25:0x000b8700 x25=0x000b8703
      680542000	     33925	80002292	01952023	sw	x25,0(x10)	 x10:0x8ffffffc x25:0x000b8703 PA:0x8ffffffc store:0x000b8703 load:0xffffffff
      680562000	     33926	80002296	b8702cf3	csrrs	x25,mhpmcounter7h,x0	  x0:0x00000000 x25=0x00000000
      680842000	     33940	8000229a	01952023	sw	x25,0(x10)	 x10:0x8ffffffc x25:0x00000000 PA:0x8ffffffc store:0x00000000 load:0xffffffff
      680862000	     33941	8000229e	90000537	lui	x10,0x90000	 x10=0x90000000
      680882000	     33942	800022a2	1571	c.addi	x10,-4	 x10:0x90000000 x10=0x8ffffffc
      681002000	     33948	800022a4	6c85	c.lui	x25,0x1	 x25=0x00001000
      681182000	     33957	800022a6	b08c8c93	addi	x25,x25,-1272	 x25:0x00001000 x25=0x00000b08
      681202000	     33958	800022aa	0ca2	c.slli	x25,0x8	 x25:0x00000b08 x25=0x000b0800
      681222000	     33959	800022ac	0c8d	c.addi	x25,3	 x25:0x000b0800 x25=0x000b0803
      681602000	     33978	800022ae	01952023	sw	x25,0(x10)	 x10:0x8ffffffc x25:0x000b0803 PA:0x8ffffffc store:0x000b0803 load:0xffffffff
      681622000	     33979	800022b2	b0802cf3	csrrs	x25,mhpmcounter8,x0	  x0:0x00000000 x25=0x000001c2
      682062000	     34001	800022b6	01952023	sw	x25,0(x10)	 x10:0x8ffffffc x25:0x000001c2 PA:0x8ffffffc store:0x000001c2 load:0xffffffff
      682082000	     34002	800022ba	90000537	lui	x10,0x90000	 x10=0x90000000
      682102000	     34003	800022be	1571	c.addi	x10,-4	 x10:0x90000000 x10=0x8ffffffc
      682122000	     34004	800022c0	6c85	c.lui	x25,0x1	 x25=0x00001000
      682142000	     34005	800022c2	b88c8c93	addi	x25,x25,-1144	 x25:0x00001000 x25=0x00000b88
      682162000	     34006	800022c6	0ca2	c.slli	x25,0x8	 x25:0x00000b88 x25=0x000b8800
      682182000	     34007	800022c8	0c8d	c.addi	x25,3	 x25:0x000b8800 x25=0x000b8803
      682502000	     34023	800022ca	01952023	sw	x25,0(x10)	 x10:0x8ffffffc x25:0x000b8803 PA:0x8ffffffc store:0x000b8803 load:0xffffffff
      682522000	     34024	800022ce	b8802cf3	csrrs	x25,mhpmcounter8h,x0	  x0:0x00000000 x25=0x00000000
      683082000	     34052	800022d2	01952023	sw	x25,0(x10)	 x10:0x8ffffffc x25:0x00000000 PA:0x8ffffffc store:0x00000000 load:0xffffffff
      683102000	     34053	800022d6	90000537	lui	x10,0x90000	 x10=0x90000000
      683122000	     34054	800022da	1571	c.addi	x10,-4	 x10:0x90000000 x10=0x8ffffffc
      683142000	     34055	800022dc	6c85	c.lui	x25,0x1	 x25=0x00001000
      683162000	     34056	800022de	b09c8c93	addi	x25,x25,-1271	 x25:0x00001000 x25=0x00000b09
      683182000	     34057	800022e2	0ca2	c.slli	x25,0x8	 x25:0x00000b09 x25=0x000b0900
      683222000	     34059	800022e4	0c8d	c.addi	x25,3	 x25:0x000b0900 x25=0x000b0903
      683582000	     34077	800022e6	01952023	sw	x25,0(x10)	 x10:0x8ffffffc x25:0x000b0903 PA:0x8ffffffc store:0x000b0903 load:0xffffffff
      683602000	     34078	800022ea	b0902cf3	csrrs	x25,mhpmcounter9,x0	  x0:0x00000000 x25=0x000000ee
      683862000	     34091	800022ee	01952023	sw	x25,0(x10)	 x10:0x8ffffffc x25:0x000000ee PA:0x8ffffffc store:0x000000ee load:0xffffffff
      683882000	     34092	800022f2	90000537	lui	x10,0x90000	 x10=0x90000000
      683902000	     34093	800022f6	1571	c.addi	x10,-4	 x10:0x90000000 x10=0x8ffffffc
      683922000	     34094	800022f8	6c85	c.lui	x25,0x1	 x25=0x00001000
      683942000	     34095	800022fa	b89c8c93	addi	x25,x25,-1143	 x25:0x00001000 x25=0x00000b89
      683962000	     34096	800022fe	0ca2	c.slli	x25,0x8	 x25:0x00000b89 x25=0x000b8900
      683982000	     34097	80002300	0c8d	c.addi	x25,3	 x25:0x000b8900 x25=0x000b8903
      684202000	     34108	80002302	01952023	sw	x25,0(x10)	 x10:0x8ffffffc x25:0x000b8903 PA:0x8ffffffc store:0x000b8903 load:0xffffffff
      684222000	     34109	80002306	b8902cf3	csrrs	x25,mhpmcounter9h,x0	  x0:0x00000000 x25=0x00000000
      684302000	     34113	8000230a	01952023	sw	x25,0(x10)	 x10:0x8ffffffc x25:0x00000000 PA:0x8ffffffc store:0x00000000 load:0xffffffff
      684322000	     34114	8000230e	90000537	lui	x10,0x90000	 x10=0x90000000
      684342000	     34115	80002312	1571	c.addi	x10,-4	 x10:0x90000000 x10=0x8ffffffc
      684362000	     34116	80002314	6c85	c.lui	x25,0x1	 x25=0x00001000
      684382000	     34117	80002316	b0ac8c93	addi	x25,x25,-1270	 x25:0x00001000 x25=0x00000b0a
      684402000	     34118	8000231a	0ca2	c.slli	x25,0x8	 x25:0x00000b0a x25=0x000b0a00
      684422000	     34119	8000231c	0c8d	c.addi	x25,3	 x25:0x000b0a00 x25=0x000b0a03
      684662000	     34131	8000231e	01952023	sw	x25,0(x10)	 x10:0x8ffffffc x25:0x000b0a03 PA:0x8ffffffc store:0x000b0a03 load:0xffffffff
      684682000	     34132	80002322	b0a02cf3	csrrs	x25,mhpmcounter10,x0	  x0:0x00000000 x25=0x0000061c
      685282000	     34162	80002326	01952023	sw	x25,0(x10)	 x10:0x8ffffffc x25:0x0000061c PA:0x8ffffffc store:0x0000061c load:0xffffffff
      685302000	     34163	8000232a	90000537	lui	x10,0x90000	 x10=0x90000000
      688802000	     34338	8000232e	1571	c.addi	x10,-4	 x10:0x90000000 x10=0x8ffffffc
      688822000	     34339	80002330	6c85	c.lui	x25,0x1	 x25=0x00001000
      688842000	     34340	80002332	b8ac8c93	addi	x25,x25,-1142	 x25:0x00001000 x25=0x00000b8a
      688862000	     34341	80002336	0ca2	c.slli	x25,0x8	 x25:0x00000b8a x25=0x000b8a00
      688882000	     34342	80002338	0c8d	c.addi	x25,3	 x25:0x000b8a00 x25=0x000b8a03
      689042000	     34350	8000233a	01952023	sw	x25,0(x10)	 x10:0x8ffffffc x25:0x000b8a03 PA:0x8ffffffc store:0x000b8a03 load:0xffffffff
      689062000	     34351	8000233e	b8a02cf3	csrrs	x25,mhpmcounter10h,x0	  x0:0x00000000 x25=0x00000000
      689282000	     34362	80002342	01952023	sw	x25,0(x10)	 x10:0x8ffffffc x25:0x00000000 PA:0x8ffffffc store:0x00000000 load:0xffffffff
      689302000	     34363	80002346	90000537	lui	x10,0x90000	 x10=0x90000000
      689322000	     34364	8000234a	1571	c.addi	x10,-4	 x10:0x90000000 x10=0x8ffffffc
      689342000	     34365	8000234c	6c85	c.lui	x25,0x1	 x25=0x00001000
      689642000	     34380	8000234e	b0bc8c93	addi	x25,x25,-1269	 x25:0x00001000 x25=0x00000b0b
      689662000	     34381	80002352	0ca2	c.slli	x25,0x8	 x25:0x00000b0b x25=0x000b0b00
      689682000	     34382	80002354	0c8d	c.addi	x25,3	 x25:0x000b0b00 x25=0x000b0b03
      690062000	     34401	80002356	01952023	sw	x25,0(x10)	 x10:0x8ffffffc x25:0x000b0b03 PA:0x8ffffffc store:0x000b0b03 load:0xffffffff
      690082000	     34402	8000235a	b0b02cf3	csrrs	x25,mhpmcounter11,x0	  x0:0x00000000 x25=0x00000093
      690142000	     34405	8000235e	01952023	sw	x25,0(x10)	 x10:0x8ffffffc x25:0x00000093 PA:0x8ffffffc store:0x00000093 load:0xffffffff
      690162000	     34406	80002362	90000537	lui	x10,0x90000	 x10=0x90000000
      690182000	     34407	80002366	1571	c.addi	x10,-4	 x10:0x90000000 x10=0x8ffffffc
      690582000	     34427	80002368	6c85	c.lui	x25,0x1	 x25=0x00001000
      690602000	     34428	8000236a	b8bc8c93	addi	x25,x25,-1141	 x25:0x00001000 x25=0x00000b8b
      690622000	     34429	8000236e	0ca2	c.slli	x25,0x8	 x25:0x00000b8b x25=0x000b8b00
      690762000	     34436	80002370	0c8d	c.addi	x25,3	 x25:0x000b8b00 x25=0x000b8b03
      690962000	     34446	80002372	01952023	sw	x25,0(x10)	 x10:0x8ffffffc x25:0x000b8b03 PA:0x8ffffffc store:0x000b8b03 load:0xffffffff
      691182000	     34457	80002376	b8b02cf3	csrrs	x25,mhpmcounter11h,x0	  x0:0x00000000 x25=0x00000000
      691422000	     34469	8000237a	01952023	sw	x25,0(x10)	 x10:0x8ffffffc x25:0x00000000 PA:0x8ffffffc store:0x00000000 load:0xffffffff
      691442000	     34470	8000237e	90000537	lui	x10,0x90000	 x10=0x90000000
      691462000	     34471	80002382	1571	c.addi	x10,-4	 x10:0x90000000 x10=0x8ffffffc
      691502000	     34473	80002384	6c85	c.lui	x25,0x1	 x25=0x00001000
      691522000	     34474	80002386	b0cc8c93	addi	x25,x25,-1268	 x25:0x00001000 x25=0x00000b0c
      691542000	     34475	8000238a	0ca2	c.slli	x25,0x8	 x25:0x00000b0c x25=0x000b0c00
      691562000	     34476	8000238c	0c8d	c.addi	x25,3	 x25:0x000b0c00 x25=0x000b0c03
      691682000	     34482	8000238e	01952023	sw	x25,0(x10)	 x10:0x8ffffffc x25:0x000b0c03 PA:0x8ffffffc store:0x000b0c03 load:0xffffffff
      691702000	     34483	80002392	b0c02cf3	csrrs	x25,mhpmcounter12,x0	  x0:0x00000000 x25=0x00001c49
      692622000	     34529	80002396	01952023	sw	x25,0(x10)	 x10:0x8ffffffc x25:0x00001c49 PA:0x8ffffffc store:0x00001c49 load:0xffffffff
      692642000	     34530	8000239a	90000537	lui	x10,0x90000	 x10=0x90000000
      692662000	     34531	8000239e	1571	c.addi	x10,-4	 x10:0x90000000 x10=0x8ffffffc
      692682000	     34532	800023a0	6c85	c.lui	x25,0x1	 x25=0x00001000
      692702000	     34533	800023a2	b8cc8c93	addi	x25,x25,-1140	 x25:0x00001000 x25=0x00000b8c
      692722000	     34534	800023a6	0ca2	c.slli	x25,0x8	 x25:0x00000b8c x25=0x000b8c00
      692742000	     34535	800023a8	0c8d	c.addi	x25,3	 x25:0x000b8c00 x25=0x000b8c03
      693202000	     34558	800023aa	01952023	sw	x25,0(x10)	 x10:0x8ffffffc x25:0x000b8c03 PA:0x8ffffffc store:0x000b8c03 load:0xffffffff
      693222000	     34559	800023ae	b8c02cf3	csrrs	x25,mhpmcounter12h,x0	  x0:0x00000000 x25=0x00000000
      693882000	     34592	800023b2	01952023	sw	x25,0(x10)	 x10:0x8ffffffc x25:0x00000000 PA:0x8ffffffc store:0x00000000 load:0xffffffff
      693902000	     34593	800023b6	ffffec97	auipc	x25,0xffffe	 x25=0x800003b6
      693982000	     34597	800023ba	ccac8c93	addi	x25,x25,-822	 x25:0x800003b6 x25=0x80000080
      694322000	     34614	800023be	000ca023	sw	x0,0(x25)	 x25:0x80000080  x0:0x00000000 PA:0x80000080 store:0x00000000 load:0xffffffff
      694342000	     34615	800023c2	001ca223	sw	x1,4(x25)	 x25:0x80000080  x1:0x00000000 PA:0x80000084 store:0x00000000 load:0xffffffff
      694382000	     34617	800023c6	002ca423	sw	x2,8(x25)	 x25:0x80000080  x2:0x80028c60 PA:0x80000088 store:0x80028c60 load:0xffffffff
      694622000	     34629	800023ca	003ca623	sw	x3,12(x25)	 x25:0x80000080  x3:0x00000000 PA:0x8000008c store:0x00000000 load:0xffffffff
      695042000	     34650	800023ce	004ca823	sw	x4,16(x25)	 x25:0x80000080  x4:0x00000000 PA:0x80000090 store:0x00000000 load:0xffffffff
      695182000	     34657	800023d2	005caa23	sw	x5,20(x25)	 x25:0x80000080  x5:0x00000000 PA:0x80000094 store:0x00000000 load:0xffffffff
      695502000	     34673	800023d6	006cac23	sw	x6,24(x25)	 x25:0x80000080  x6:0x7ffdb21c PA:0x80000098 store:0x7ffdb21c load:0xffffffff
      695562000	     34676	800023da	007cae23	sw	x7,28(x25)	 x25:0x80000080  x7:0x00000000 PA:0x8000009c store:0x00000000 load:0xffffffff
      695582000	     34677	800023de	028ca023	sw	x8,32(x25)	 x25:0x80000080  x8:0x00000000 PA:0x800000a0 store:0x00000000 load:0xffffffff
      695602000	     34678	800023e2	029ca223	sw	x9,36(x25)	 x25:0x80000080  x9:0x00000000 PA:0x800000a4 store:0x00000000 load:0xffffffff
      695762000	     34686	800023e6	02aca423	sw	x10,40(x25)	 x25:0x80000080 x10:0x8ffffffc PA:0x800000a8 store:0x8ffffffc load:0xffffffff
      695982000	     34697	800023ea	02bca623	sw	x11,44(x25)	 x25:0x80000080 x11:0x00000000 PA:0x800000ac store:0x00000000 load:0xffffffff
      696422000	     34719	800023ee	02cca823	sw	x12,48(x25)	 x25:0x80000080 x12:0x00000000 PA:0x800000b0 store:0x00000000 load:0xffffffff
      696662000	     34731	800023f2	02dcaa23	sw	x13,52(x25)	 x25:0x80000080 x13:0x00000000 PA:0x800000b4 store:0x00000000 load:0xffffffff
      696902000	     34743	800023f6	02ecac23	sw	x14,56(x25)	 x25:0x80000080 x14:0x00000000 PA:0x800000b8 store:0x00000000 load:0xffffffff
      696962000	     34746	800023fa	02fcae23	sw	x15,60(x25)	 x25:0x80000080 x15:0x80028c60 PA:0x800000bc store:0x80028c60 load:0xffffffff
      697102000	     34753	800023fe	050ca023	sw	x16,64(x25)	 x25:0x80000080 x16:0x0000d4f9 PA:0x800000c0 store:0x0000d4f9 load:0xffffffff
      697122000	     34754	80002402	051ca223	sw	x17,68(x25)	 x25:0x80000080 x17:0x00000000 PA:0x800000c4 store:0x00000000 load:0xffffffff
      697142000	     34755	80002406	052ca423	sw	x18,72(x25)	 x25:0x80000080 x18:0x38a5e000 PA:0x800000c8 store:0x38a5e000 load:0xffffffff
      697362000	     34766	8000240a	053ca623	sw	x19,76(x25)	 x25:0x80000080 x19:0xfff01b03 PA:0x800000cc store:0xfff01b03 load:0xffffffff
      697382000	     34767	8000240e	054ca823	sw	x20,80(x25)	 x25:0x80000080 x20:0x80024e64 PA:0x800000d0 store:0x80024e64 load:0xffffffff
      697422000	     34769	80002412	055caa23	sw	x21,84(x25)	 x25:0x80000080 x21:0x80000390 PA:0x800000d4 store:0x80000390 load:0xffffffff
      697462000	     34771	80002416	056cac23	sw	x22,88(x25)	 x25:0x80000080 x22:0x00000000 PA:0x800000d8 store:0x00000000 load:0xffffffff
      697482000	     34772	8000241a	057cae23	sw	x23,92(x25)	 x25:0x80000080 x23:0xcefe3e28 PA:0x800000dc store:0xcefe3e28 load:0xffffffff
      698182000	     34807	8000241e	078ca023	sw	x24,96(x25)	 x25:0x80000080 x24:0x00000000 PA:0x800000e0 store:0x00000000 load:0xffffffff
      698462000	     34821	80002422	079ca223	sw	x25,100(x25)	 x25:0x80000080 x25:0x80000080 PA:0x800000e4 store:0x80000080 load:0xffffffff
      698622000	     34829	80002426	07aca423	sw	x26,104(x25)	 x25:0x80000080 x26:0x00000000 PA:0x800000e8 store:0x00000000 load:0xffffffff
      698722000	     34834	8000242a	07bca623	sw	x27,108(x25)	 x25:0x80000080 x27:0x80024e64 PA:0x800000ec store:0x80024e64 load:0xffffffff
      698882000	     34842	8000242e	07cca823	sw	x28,112(x25)	 x25:0x80000080 x28:0xffffffc0 PA:0x800000f0 store:0xffffffc0 load:0xffffffff
      698942000	     34845	80002432	07dcaa23	sw	x29,116(x25)	 x25:0x80000080 x29:0x00000000 PA:0x800000f4 store:0x00000000 load:0xffffffff
      699042000	     34850	80002436	07ecac23	sw	x30,120(x25)	 x25:0x80000080 x30:0x00000000 PA:0x800000f8 store:0x00000000 load:0xffffffff
      699522000	     34874	8000243a	07fcae23	sw	x31,124(x25)	 x25:0x80000080 x31:0x00000664 PA:0x800000fc store:0x00000664 load:0xffffffff
      699542000	     34875	8000243e	34102cf3	csrrs	x25,mepc,x0	  x0:0x00000000 x25=0x800003a0
      699562000	     34876	80002442	0c91	c.addi	x25,4	 x25:0x800003a0 x25=0x800003a4
      699582000	     34877	80002444	341c9073	csrrw	x0,mepc,x25	 x25:0x800003a4  x0=0x00000000
      699602000	     34878	80002448	30200073	mret	
      699662000	     34881	800003a4	90000537	lui	x10,0x90000	 x10=0x90000000
      699682000	     34882	800003a8	1561	c.addi	x10,-8	 x10:0x90000000 x10=0x8ffffff8
      699702000	     34883	800003aa	4c85	c.li	x25,1	 x25=0x00000001
      699722000	     34884	800003ac	0ca2	c.slli	x25,0x8	 x25:0x00000001 x25=0x00000100
      699742000	     34885	800003ae	0c85	c.addi	x25,1	 x25:0x00000100 x25=0x00000101
      699922000	     34894	800003b0	01952023	sw	x25,0(x10)	 x10:0x8ffffff8 x25:0x00000101 PA:0x8ffffff8 store:0x00000101 load:0xffffffff
      699942000	     34895	800003b4	00000073	ecall	
      700282000	     34912	80002000	0800006f	jal	x0,80002080	  x0=0x00000000
      700342000	     34915	80002080	17f1	c.addi	x15,-4	 x15:0x80028c60 x15=0x80028c5c
      700542000	     34925	80002082	0027a023	sw	x2,0(x15)	 x15:0x80028c5c  x2:0x80028c60 PA:0x80028c5c store:0x80028c60 load:0xffffffff
      700562000	     34926	80002086	00078133	add	x2,x15,x0	 x15:0x80028c5c  x0:0x00000000  x2=0x80028c5c
      700582000	     34927	8000208a	7119	c.addi16sp	x2,-128	  x2:0x80028c5c  x2=0x80028bdc
      700622000	     34929	8000208c	c206	c.swsp	x1,4(x2)	  x2:0x80028bdc  x1:0x00000000 PA:0x80028be0 store:0x00000000 load:0xffffffff
      700642000	     34930	8000208e	c40a	c.swsp	x2,8(x2)	  x2:0x80028bdc  x2:0x80028bdc PA:0x80028be4 store:0x80028bdc load:0xffffffff
      700662000	     34931	80002090	c60e	c.swsp	x3,12(x2)	  x2:0x80028bdc  x3:0x00000000 PA:0x80028be8 store:0x00000000 load:0xffffffff
      700922000	     34944	80002092	c812	c.swsp	x4,16(x2)	  x2:0x80028bdc  x4:0x00000000 PA:0x80028bec store:0x00000000 load:0xffffffff
      700982000	     34947	80002094	ca16	c.swsp	x5,20(x2)	  x2:0x80028bdc  x5:0x00000000 PA:0x80028bf0 store:0x00000000 load:0xffffffff
      701022000	     34949	80002096	cc1a	c.swsp	x6,24(x2)	  x2:0x80028bdc  x6:0x7ffdb21c PA:0x80028bf4 store:0x7ffdb21c load:0xffffffff
      701142000	     34955	80002098	ce1e	c.swsp	x7,28(x2)	  x2:0x80028bdc  x7:0x00000000 PA:0x80028bf8 store:0x00000000 load:0xffffffff
      701202000	     34958	8000209a	d022	c.swsp	x8,32(x2)	  x2:0x80028bdc  x8:0x00000000 PA:0x80028bfc store:0x00000000 load:0xffffffff
      701402000	     34968	8000209c	d226	c.swsp	x9,36(x2)	  x2:0x80028bdc  x9:0x00000000 PA:0x80028c00 store:0x00000000 load:0xffffffff
      701662000	     34981	8000209e	d42a	c.swsp	x10,40(x2)	  x2:0x80028bdc x10:0x8ffffff8 PA:0x80028c04 store:0x8ffffff8 load:0xffffffff
      701782000	     34987	800020a0	d62e	c.swsp	x11,44(x2)	  x2:0x80028bdc x11:0x00000000 PA:0x80028c08 store:0x00000000 load:0xffffffff
      701922000	     34994	800020a2	d832	c.swsp	x12,48(x2)	  x2:0x80028bdc x12:0x00000000 PA:0x80028c0c store:0x00000000 load:0xffffffff
      701942000	     34995	800020a4	da36	c.swsp	x13,52(x2)	  x2:0x80028bdc x13:0x00000000 PA:0x80028c10 store:0x00000000 load:0xffffffff
      702202000	     35008	800020a6	dc3a	c.swsp	x14,56(x2)	  x2:0x80028bdc x14:0x00000000 PA:0x80028c14 store:0x00000000 load:0xffffffff
      702262000	     35011	800020a8	de3e	c.swsp	x15,60(x2)	  x2:0x80028bdc x15:0x80028c5c PA:0x80028c18 store:0x80028c5c load:0xffffffff
      702382000	     35017	800020aa	c0c2	c.swsp	x16,64(x2)	  x2:0x80028bdc x16:0x0000d4f9 PA:0x80028c1c store:0x0000d4f9 load:0xffffffff
      702642000	     35030	800020ac	c2c6	c.swsp	x17,68(x2)	  x2:0x80028bdc x17:0x00000000 PA:0x80028c20 store:0x00000000 load:0xffffffff
      703102000	     35053	800020ae	c4ca	c.swsp	x18,72(x2)	  x2:0x80028bdc x18:0x38a5e000 PA:0x80028c24 store:0x38a5e000 load:0xffffffff
      703562000	     35076	800020b0	c6ce	c.swsp	x19,76(x2)	  x2:0x80028bdc x19:0xfff01b03 PA:0x80028c28 store:0xfff01b03 load:0xffffffff
      704022000	     35099	800020b2	c8d2	c.swsp	x20,80(x2)	  x2:0x80028bdc x20:0x80024e64 PA:0x80028c2c store:0x80024e64 load:0xffffffff
      704082000	     35102	800020b4	cad6	c.swsp	x21,84(x2)	  x2:0x80028bdc x21:0x80000390 PA:0x80028c30 store:0x80000390 load:0xffffffff
      704162000	     35106	800020b6	ccda	c.swsp	x22,88(x2)	  x2:0x80028bdc x22:0x00000000 PA:0x80028c34 store:0x00000000 load:0xffffffff
      704562000	     35126	800020b8	cede	c.swsp	x23,92(x2)	  x2:0x80028bdc x23:0xcefe3e28 PA:0x80028c38 store:0xcefe3e28 load:0xffffffff
      704622000	     35129	800020ba	d0e2	c.swsp	x24,96(x2)	  x2:0x80028bdc x24:0x00000000 PA:0x80028c3c store:0x00000000 load:0xffffffff
      704842000	     35140	800020bc	d2e6	c.swsp	x25,100(x2)	  x2:0x80028bdc x25:0x00000101 PA:0x80028c40 store:0x00000101 load:0xffffffff
      705262000	     35161	800020be	d4ea	c.swsp	x26,104(x2)	  x2:0x80028bdc x26:0x00000000 PA:0x80028c44 store:0x00000000 load:0xffffffff
      705582000	     35177	800020c0	d6ee	c.swsp	x27,108(x2)	  x2:0x80028bdc x27:0x80024e64 PA:0x80028c48 store:0x80024e64 load:0xffffffff
      705662000	     35181	800020c2	d8f2	c.swsp	x28,112(x2)	  x2:0x80028bdc x28:0xffffffc0 PA:0x80028c4c store:0xffffffc0 load:0xffffffff
      706282000	     35212	800020c4	daf6	c.swsp	x29,116(x2)	  x2:0x80028bdc x29:0x00000000 PA:0x80028c50 store:0x00000000 load:0xffffffff
      706462000	     35221	800020c6	dcfa	c.swsp	x30,120(x2)	  x2:0x80028bdc x30:0x00000000 PA:0x80028c54 store:0x00000000 load:0xffffffff
      706782000	     35237	800020c8	defe	c.swsp	x31,124(x2)	  x2:0x80028bdc x31:0x00000664 PA:0x80028c58 store:0x00000664 load:0xffffffff
      706802000	     35238	800020ca	000107b3	add	x15,x2,x0	  x2:0x80028bdc  x0:0x00000000 x15=0x80028bdc
      706822000	     35239	800020ce	90000537	lui	x10,0x90000	 x10=0x90000000
      706842000	     35240	800020d2	1571	c.addi	x10,-4	 x10:0x90000000 x10=0x8ffffffc
      706862000	     35241	800020d4	4ca1	c.li	x25,8	 x25=0x00000008
      706882000	     35242	800020d6	0ca2	c.slli	x25,0x8	 x25:0x00000008 x25=0x00000800
      706902000	     35243	800020d8	000c8c93	addi	x25,x25,0	 x25:0x00000800 x25=0x00000800
      707362000	     35266	800020dc	01952023	sw	x25,0(x10)	 x10:0x8ffffffc x25:0x00000800 PA:0x8ffffffc store:0x00000800 load:0xffffffff
      707382000	     35267	800020e0	34102cf3	csrrs	x25,mepc,x0	  x0:0x00000000 x25=0x800003b4
      707402000	     35268	800020e4	34202cf3	csrrs	x25,mcause,x0	  x0:0x00000000 x25=0x00000008
      707422000	     35269	800020e8	450d	c.li	x10,3	 x10=0x00000003
      707442000	     35270	800020ea	00ac9463	bne	x25,x10,800020f2	 x25:0x00000008 x10:0x00000003
      707482000	     35272	800020f2	4521	c.li	x10,8	 x10=0x00000008
      707502000	     35273	800020f4	04ac8d63	beq	x25,x10,8000214e	 x25:0x00000008 x10:0x00000008
      707562000	     35276	8000214e	90000537	lui	x10,0x90000	 x10=0x90000000
      707582000	     35277	80002152	1571	c.addi	x10,-4	 x10:0x90000000 x10=0x8ffffffc
      707602000	     35278	80002154	6c85	c.lui	x25,0x1	 x25=0x00001000
      707622000	     35279	80002156	b00c8c93	addi	x25,x25,-1280	 x25:0x00001000 x25=0x00000b00
      707642000	     35280	8000215a	0ca2	c.slli	x25,0x8	 x25:0x00000b00 x25=0x000b0000
      707662000	     35281	8000215c	0c8d	c.addi	x25,3	 x25:0x000b0000 x25=0x000b0003
      707722000	     35284	8000215e	01952023	sw	x25,0(x10)	 x10:0x8ffffffc x25:0x000b0003 PA:0x8ffffffc store:0x000b0003 load:0xffffffff
      707742000	     35285	80002162	b0002cf3	csrrs	x25,mcycle,x0	  x0:0x00000000 x25=0x000089d2
      707762000	     35286	80002166	01952023	sw	x25,0(x10)	 x10:0x8ffffffc x25:0x000089d2 PA:0x8ffffffc store:0x000089d2 load:0xffffffff
      707782000	     35287	8000216a	90000537	lui	x10,0x90000	 x10=0x90000000
      707802000	     35288	8000216e	1571	c.addi	x10,-4	 x10:0x90000000 x10=0x8ffffffc
      707822000	     35289	80002170	6c85	c.lui	x25,0x1	 x25=0x00001000
      707842000	     35290	80002172	b80c8c93	addi	x25,x25,-1152	 x25:0x00001000 x25=0x00000b80
      707862000	     35291	80002176	0ca2	c.slli	x25,0x8	 x25:0x00000b80 x25=0x000b8000
      707882000	     35292	80002178	0c8d	c.addi	x25,3	 x25:0x000b8000 x25=0x000b8003
      707962000	     35296	8000217a	01952023	sw	x25,0(x10)	 x10:0x8ffffffc x25:0x000b8003 PA:0x8ffffffc store:0x000b8003 load:0xffffffff
      707982000	     35297	8000217e	b8002cf3	csrrs	x25,mcycleh,x0	  x0:0x00000000 x25=0x00000000
      708422000	     35319	80002182	01952023	sw	x25,0(x10)	 x10:0x8ffffffc x25:0x00000000 PA:0x8ffffffc store:0x00000000 load:0xffffffff
      708442000	     35320	80002186	90000537	lui	x10,0x90000	 x10=0x90000000
      708462000	     35321	8000218a	1571	c.addi	x10,-4	 x10:0x90000000 x10=0x8ffffffc
      708482000	     35322	8000218c	6c85	c.lui	x25,0x1	 x25=0x00001000
      708502000	     35323	8000218e	b03c8c93	addi	x25,x25,-1277	 x25:0x00001000 x25=0x00000b03
      708522000	     35324	80002192	0ca2	c.slli	x25,0x8	 x25:0x00000b03 x25=0x000b0300
      708542000	     35325	80002194	0c8d	c.addi	x25,3	 x25:0x000b0300 x25=0x000b0303
      708602000	     35328	80002196	01952023	sw	x25,0(x10)	 x10:0x8ffffffc x25:0x000b0303 PA:0x8ffffffc store:0x000b0303 load:0xffffffff
      708622000	     35329	8000219a	b0302cf3	csrrs	x25,mhpmcounter3,x0	  x0:0x00000000 x25=0x00000319
      708642000	     35330	8000219e	01952023	sw	x25,0(x10)	 x10:0x8ffffffc x25:0x00000319 PA:0x8ffffffc store:0x00000319 load:0xffffffff
      708662000	     35331	800021a2	90000537	lui	x10,0x90000	 x10=0x90000000
      708682000	     35332	800021a6	1571	c.addi	x10,-4	 x10:0x90000000 x10=0x8ffffffc
      708702000	     35333	800021a8	6c85	c.lui	x25,0x1	 x25=0x00001000
      708722000	     35334	800021aa	b83c8c93	addi	x25,x25,-1149	 x25:0x00001000 x25=0x00000b83
      708742000	     35335	800021ae	0ca2	c.slli	x25,0x8	 x25:0x00000b83 x25=0x000b8300
      708762000	     35336	800021b0	0c8d	c.addi	x25,3	 x25:0x000b8300 x25=0x000b8303
      709122000	     35354	800021b2	01952023	sw	x25,0(x10)	 x10:0x8ffffffc x25:0x000b8303 PA:0x8ffffffc store:0x000b8303 load:0xffffffff
      709142000	     35355	800021b6	b8302cf3	csrrs	x25,mhpmcounter3h,x0	  x0:0x00000000 x25=0x00000000
      709202000	     35358	800021ba	01952023	sw	x25,0(x10)	 x10:0x8ffffffc x25:0x00000000 PA:0x8ffffffc store:0x00000000 load:0xffffffff
      709222000	     35359	800021be	90000537	lui	x10,0x90000	 x10=0x90000000
      709242000	     35360	800021c2	1571	c.addi	x10,-4	 x10:0x90000000 x10=0x8ffffffc
      709262000	     35361	800021c4	6c85	c.lui	x25,0x1	 x25=0x00001000
      709282000	     35362	800021c6	b04c8c93	addi	x25,x25,-1276	 x25:0x00001000 x25=0x00000b04
      709302000	     35363	800021ca	0ca2	c.slli	x25,0x8	 x25:0x00000b04 x25=0x000b0400
      709322000	     35364	800021cc	0c8d	c.addi	x25,3	 x25:0x000b0400 x25=0x000b0403
      709782000	     35387	800021ce	01952023	sw	x25,0(x10)	 x10:0x8ffffffc x25:0x000b0403 PA:0x8ffffffc store:0x000b0403 load:0xffffffff
      709802000	     35388	800021d2	b0402cf3	csrrs	x25,mhpmcounter4,x0	  x0:0x00000000 x25=0x0000388d
      709882000	     35392	800021d6	01952023	sw	x25,0(x10)	 x10:0x8ffffffc x25:0x0000388d PA:0x8ffffffc store:0x0000388d load:0xffffffff
      709902000	     35393	800021da	90000537	lui	x10,0x90000	 x10=0x90000000
      709922000	     35394	800021de	1571	c.addi	x10,-4	 x10:0x90000000 x10=0x8ffffffc
      709942000	     35395	800021e0	6c85	c.lui	x25,0x1	 x25=0x00001000
      709962000	     35396	800021e2	b84c8c93	addi	x25,x25,-1148	 x25:0x00001000 x25=0x00000b84
      709982000	     35397	800021e6	0ca2	c.slli	x25,0x8	 x25:0x00000b84 x25=0x000b8400
      710002000	     35398	800021e8	0c8d	c.addi	x25,3	 x25:0x000b8400 x25=0x000b8403
      710102000	     35403	800021ea	01952023	sw	x25,0(x10)	 x10:0x8ffffffc x25:0x000b8403 PA:0x8ffffffc store:0x000b8403 load:0xffffffff
      710122000	     35404	800021ee	b8402cf3	csrrs	x25,mhpmcounter4h,x0	  x0:0x00000000 x25=0x00000000
      710402000	     35418	800021f2	01952023	sw	x25,0(x10)	 x10:0x8ffffffc x25:0x00000000 PA:0x8ffffffc store:0x00000000 load:0xffffffff
      710422000	     35419	800021f6	90000537	lui	x10,0x90000	 x10=0x90000000
      710442000	     35420	800021fa	1571	c.addi	x10,-4	 x10:0x90000000 x10=0x8ffffffc
      710462000	     35421	800021fc	6c85	c.lui	x25,0x1	 x25=0x00001000
      710482000	     35422	800021fe	b05c8c93	addi	x25,x25,-1275	 x25:0x00001000 x25=0x00000b05
      710502000	     35423	80002202	0ca2	c.slli	x25,0x8	 x25:0x00000b05 x25=0x000b0500
      710522000	     35424	80002204	0c8d	c.addi	x25,3	 x25:0x000b0500 x25=0x000b0503
      710842000	     35440	80002206	01952023	sw	x25,0(x10)	 x10:0x8ffffffc x25:0x000b0503 PA:0x8ffffffc store:0x000b0503 load:0xffffffff
      710862000	     35441	8000220a	b0502cf3	csrrs	x25,mhpmcounter5,x0	  x0:0x00000000 x25=0x00000001
      710962000	     35446	8000220e	01952023	sw	x25,0(x10)	 x10:0x8ffffffc x25:0x00000001 PA:0x8ffffffc store:0x00000001 load:0xffffffff
      710982000	     35447	80002212	90000537	lui	x10,0x90000	 x10=0x90000000
      711002000	     35448	80002216	1571	c.addi	x10,-4	 x10:0x90000000 x10=0x8ffffffc
      711022000	     35449	80002218	6c85	c.lui	x25,0x1	 x25=0x00001000
      711042000	     35450	8000221a	b85c8c93	addi	x25,x25,-1147	 x25:0x00001000 x25=0x00000b85
      711062000	     35451	8000221e	0ca2	c.slli	x25,0x8	 x25:0x00000b85 x25=0x000b8500
      711082000	     35452	80002220	0c8d	c.addi	x25,3	 x25:0x000b8500 x25=0x000b8503
      711442000	     35470	80002222	01952023	sw	x25,0(x10)	 x10:0x8ffffffc x25:0x000b8503 PA:0x8ffffffc store:0x000b8503 load:0xffffffff
      711462000	     35471	80002226	b8502cf3	csrrs	x25,mhpmcounter5h,x0	  x0:0x00000000 x25=0x00000000
      711522000	     35474	8000222a	01952023	sw	x25,0(x10)	 x10:0x8ffffffc x25:0x00000000 PA:0x8ffffffc store:0x00000000 load:0xffffffff
      711542000	     35475	8000222e	90000537	lui	x10,0x90000	 x10=0x90000000
      711562000	     35476	80002232	1571	c.addi	x10,-4	 x10:0x90000000 x10=0x8ffffffc
      711582000	     35477	80002234	6c85	c.lui	x25,0x1	 x25=0x00001000
      711602000	     35478	80002236	b06c8c93	addi	x25,x25,-1274	 x25:0x00001000 x25=0x00000b06
      711622000	     35479	8000223a	0ca2	c.slli	x25,0x8	 x25:0x00000b06 x25=0x000b0600
      711642000	     35480	8000223c	0c8d	c.addi	x25,3	 x25:0x000b0600 x25=0x000b0603
      711702000	     35483	8000223e	01952023	sw	x25,0(x10)	 x10:0x8ffffffc x25:0x000b0603 PA:0x8ffffffc store:0x000b0603 load:0xffffffff
      711722000	     35484	80002242	b0602cf3	csrrs	x25,mhpmcounter6,x0	  x0:0x00000000 x25=0x000000a7
      711982000	     35497	80002246	01952023	sw	x25,0(x10)	 x10:0x8ffffffc x25:0x000000a7 PA:0x8ffffffc store:0x000000a7 load:0xffffffff
      712002000	     35498	8000224a	90000537	lui	x10,0x90000	 x10=0x90000000
      712022000	     35499	8000224e	1571	c.addi	x10,-4	 x10:0x90000000 x10=0x8ffffffc
      712042000	     35500	80002250	6c85	c.lui	x25,0x1	 x25=0x00001000
      712062000	     35501	80002252	b86c8c93	addi	x25,x25,-1146	 x25:0x00001000 x25=0x00000b86
      712082000	     35502	80002256	0ca2	c.slli	x25,0x8	 x25:0x00000b86 x25=0x000b8600
      712102000	     35503	80002258	0c8d	c.addi	x25,3	 x25:0x000b8600 x25=0x000b8603
      712162000	     35506	8000225a	01952023	sw	x25,0(x10)	 x10:0x8ffffffc x25:0x000b8603 PA:0x8ffffffc store:0x000b8603 load:0xffffffff
      712182000	     35507	8000225e	b8602cf3	csrrs	x25,mhpmcounter6h,x0	  x0:0x00000000 x25=0x00000000
      712602000	     35528	80002262	01952023	sw	x25,0(x10)	 x10:0x8ffffffc x25:0x00000000 PA:0x8ffffffc store:0x00000000 load:0xffffffff
      712622000	     35529	80002266	90000537	lui	x10,0x90000	 x10=0x90000000
      712642000	     35530	8000226a	1571	c.addi	x10,-4	 x10:0x90000000 x10=0x8ffffffc
      712662000	     35531	8000226c	6c85	c.lui	x25,0x1	 x25=0x00001000
      712682000	     35532	8000226e	b07c8c93	addi	x25,x25,-1273	 x25:0x00001000 x25=0x00000b07
      712702000	     35533	80002272	0ca2	c.slli	x25,0x8	 x25:0x00000b07 x25=0x000b0700
      712722000	     35534	80002274	0c8d	c.addi	x25,3	 x25:0x000b0700 x25=0x000b0703
      712782000	     35537	80002276	01952023	sw	x25,0(x10)	 x10:0x8ffffffc x25:0x000b0703 PA:0x8ffffffc store:0x000b0703 load:0xffffffff
      712802000	     35538	8000227a	b0702cf3	csrrs	x25,mhpmcounter7,x0	  x0:0x00000000 x25=0x0000003c
      712862000	     35541	8000227e	01952023	sw	x25,0(x10)	 x10:0x8ffffffc x25:0x0000003c PA:0x8ffffffc store:0x0000003c load:0xffffffff
      712882000	     35542	80002282	90000537	lui	x10,0x90000	 x10=0x90000000
      712902000	     35543	80002286	1571	c.addi	x10,-4	 x10:0x90000000 x10=0x8ffffffc
      712922000	     35544	80002288	6c85	c.lui	x25,0x1	 x25=0x00001000
      712942000	     35545	8000228a	b87c8c93	addi	x25,x25,-1145	 x25:0x00001000 x25=0x00000b87
      712962000	     35546	8000228e	0ca2	c.slli	x25,0x8	 x25:0x00000b87 x25=0x000b8700
      712982000	     35547	80002290	0c8d	c.addi	x25,3	 x25:0x000b8700 x25=0x000b8703
      713082000	     35552	80002292	01952023	sw	x25,0(x10)	 x10:0x8ffffffc x25:0x000b8703 PA:0x8ffffffc store:0x000b8703 load:0xffffffff
      713102000	     35553	80002296	b8702cf3	csrrs	x25,mhpmcounter7h,x0	  x0:0x00000000 x25=0x00000000
      713342000	     35565	8000229a	01952023	sw	x25,0(x10)	 x10:0x8ffffffc x25:0x00000000 PA:0x8ffffffc store:0x00000000 load:0xffffffff
      713362000	     35566	8000229e	90000537	lui	x10,0x90000	 x10=0x90000000
      713382000	     35567	800022a2	1571	c.addi	x10,-4	 x10:0x90000000 x10=0x8ffffffc
      713402000	     35568	800022a4	6c85	c.lui	x25,0x1	 x25=0x00001000
      713422000	     35569	800022a6	b08c8c93	addi	x25,x25,-1272	 x25:0x00001000 x25=0x00000b08
      713442000	     35570	800022aa	0ca2	c.slli	x25,0x8	 x25:0x00000b08 x25=0x000b0800
      713462000	     35571	800022ac	0c8d	c.addi	x25,3	 x25:0x000b0800 x25=0x000b0803
      713522000	     35574	800022ae	01952023	sw	x25,0(x10)	 x10:0x8ffffffc x25:0x000b0803 PA:0x8ffffffc store:0x000b0803 load:0xffffffff
      713542000	     35575	800022b2	b0802cf3	csrrs	x25,mhpmcounter8,x0	  x0:0x00000000 x25=0x000001c4
      713562000	     35576	800022b6	01952023	sw	x25,0(x10)	 x10:0x8ffffffc x25:0x000001c4 PA:0x8ffffffc store:0x000001c4 load:0xffffffff
      713582000	     35577	800022ba	90000537	lui	x10,0x90000	 x10=0x90000000
      713602000	     35578	800022be	1571	c.addi	x10,-4	 x10:0x90000000 x10=0x8ffffffc
      713622000	     35579	800022c0	6c85	c.lui	x25,0x1	 x25=0x00001000
      713642000	     35580	800022c2	b88c8c93	addi	x25,x25,-1144	 x25:0x00001000 x25=0x00000b88
      713662000	     35581	800022c6	0ca2	c.slli	x25,0x8	 x25:0x00000b88 x25=0x000b8800
      713682000	     35582	800022c8	0c8d	c.addi	x25,3	 x25:0x000b8800 x25=0x000b8803
      713742000	     35585	800022ca	01952023	sw	x25,0(x10)	 x10:0x8ffffffc x25:0x000b8803 PA:0x8ffffffc store:0x000b8803 load:0xffffffff
      713762000	     35586	800022ce	b8802cf3	csrrs	x25,mhpmcounter8h,x0	  x0:0x00000000 x25=0x00000000
      713902000	     35593	800022d2	01952023	sw	x25,0(x10)	 x10:0x8ffffffc x25:0x00000000 PA:0x8ffffffc store:0x00000000 load:0xffffffff
      713922000	     35594	800022d6	90000537	lui	x10,0x90000	 x10=0x90000000
      713942000	     35595	800022da	1571	c.addi	x10,-4	 x10:0x90000000 x10=0x8ffffffc
      713962000	     35596	800022dc	6c85	c.lui	x25,0x1	 x25=0x00001000
      713982000	     35597	800022de	b09c8c93	addi	x25,x25,-1271	 x25:0x00001000 x25=0x00000b09
      714002000	     35598	800022e2	0ca2	c.slli	x25,0x8	 x25:0x00000b09 x25=0x000b0900
      714022000	     35599	800022e4	0c8d	c.addi	x25,3	 x25:0x000b0900 x25=0x000b0903
      714182000	     35607	800022e6	01952023	sw	x25,0(x10)	 x10:0x8ffffffc x25:0x000b0903 PA:0x8ffffffc store:0x000b0903 load:0xffffffff
      714202000	     35608	800022ea	b0902cf3	csrrs	x25,mhpmcounter9,x0	  x0:0x00000000 x25=0x000000f0
      714302000	     35613	800022ee	01952023	sw	x25,0(x10)	 x10:0x8ffffffc x25:0x000000f0 PA:0x8ffffffc store:0x000000f0 load:0xffffffff
      714322000	     35614	800022f2	90000537	lui	x10,0x90000	 x10=0x90000000
      714342000	     35615	800022f6	1571	c.addi	x10,-4	 x10:0x90000000 x10=0x8ffffffc
      714362000	     35616	800022f8	6c85	c.lui	x25,0x1	 x25=0x00001000
      714382000	     35617	800022fa	b89c8c93	addi	x25,x25,-1143	 x25:0x00001000 x25=0x00000b89
      714402000	     35618	800022fe	0ca2	c.slli	x25,0x8	 x25:0x00000b89 x25=0x000b8900
      714422000	     35619	80002300	0c8d	c.addi	x25,3	 x25:0x000b8900 x25=0x000b8903
      714482000	     35622	80002302	01952023	sw	x25,0(x10)	 x10:0x8ffffffc x25:0x000b8903 PA:0x8ffffffc store:0x000b8903 load:0xffffffff
      714502000	     35623	80002306	b8902cf3	csrrs	x25,mhpmcounter9h,x0	  x0:0x00000000 x25=0x00000000
      714522000	     35624	8000230a	01952023	sw	x25,0(x10)	 x10:0x8ffffffc x25:0x00000000 PA:0x8ffffffc store:0x00000000 load:0xffffffff
      714542000	     35625	8000230e	90000537	lui	x10,0x90000	 x10=0x90000000
      714562000	     35626	80002312	1571	c.addi	x10,-4	 x10:0x90000000 x10=0x8ffffffc
      714582000	     35627	80002314	6c85	c.lui	x25,0x1	 x25=0x00001000
      714602000	     35628	80002316	b0ac8c93	addi	x25,x25,-1270	 x25:0x00001000 x25=0x00000b0a
      714622000	     35629	8000231a	0ca2	c.slli	x25,0x8	 x25:0x00000b0a x25=0x000b0a00
      714642000	     35630	8000231c	0c8d	c.addi	x25,3	 x25:0x000b0a00 x25=0x000b0a03
      714702000	     35633	8000231e	01952023	sw	x25,0(x10)	 x10:0x8ffffffc x25:0x000b0a03 PA:0x8ffffffc store:0x000b0a03 load:0xffffffff
      714722000	     35634	80002322	b0a02cf3	csrrs	x25,mhpmcounter10,x0	  x0:0x00000000 x25=0x0000069f
      714742000	     35635	80002326	01952023	sw	x25,0(x10)	 x10:0x8ffffffc x25:0x0000069f PA:0x8ffffffc store:0x0000069f load:0xffffffff
      714762000	     35636	8000232a	90000537	lui	x10,0x90000	 x10=0x90000000
      714782000	     35637	8000232e	1571	c.addi	x10,-4	 x10:0x90000000 x10=0x8ffffffc
      714802000	     35638	80002330	6c85	c.lui	x25,0x1	 x25=0x00001000
      714822000	     35639	80002332	b8ac8c93	addi	x25,x25,-1142	 x25:0x00001000 x25=0x00000b8a
      714842000	     35640	80002336	0ca2	c.slli	x25,0x8	 x25:0x00000b8a x25=0x000b8a00
      714862000	     35641	80002338	0c8d	c.addi	x25,3	 x25:0x000b8a00 x25=0x000b8a03
      714942000	     35645	8000233a	01952023	sw	x25,0(x10)	 x10:0x8ffffffc x25:0x000b8a03 PA:0x8ffffffc store:0x000b8a03 load:0xffffffff
      714962000	     35646	8000233e	b8a02cf3	csrrs	x25,mhpmcounter10h,x0	  x0:0x00000000 x25=0x00000000
      715022000	     35649	80002342	01952023	sw	x25,0(x10)	 x10:0x8ffffffc x25:0x00000000 PA:0x8ffffffc store:0x00000000 load:0xffffffff
      715042000	     35650	80002346	90000537	lui	x10,0x90000	 x10=0x90000000
      715062000	     35651	8000234a	1571	c.addi	x10,-4	 x10:0x90000000 x10=0x8ffffffc
      715082000	     35652	8000234c	6c85	c.lui	x25,0x1	 x25=0x00001000
      715102000	     35653	8000234e	b0bc8c93	addi	x25,x25,-1269	 x25:0x00001000 x25=0x00000b0b
      715122000	     35654	80002352	0ca2	c.slli	x25,0x8	 x25:0x00000b0b x25=0x000b0b00
      715142000	     35655	80002354	0c8d	c.addi	x25,3	 x25:0x000b0b00 x25=0x000b0b03
      715262000	     35661	80002356	01952023	sw	x25,0(x10)	 x10:0x8ffffffc x25:0x000b0b03 PA:0x8ffffffc store:0x000b0b03 load:0xffffffff
      715282000	     35662	8000235a	b0b02cf3	csrrs	x25,mhpmcounter11,x0	  x0:0x00000000 x25=0x00000093
      715482000	     35672	8000235e	01952023	sw	x25,0(x10)	 x10:0x8ffffffc x25:0x00000093 PA:0x8ffffffc store:0x00000093 load:0xffffffff
      715502000	     35673	80002362	90000537	lui	x10,0x90000	 x10=0x90000000
      715522000	     35674	80002366	1571	c.addi	x10,-4	 x10:0x90000000 x10=0x8ffffffc
      715542000	     35675	80002368	6c85	c.lui	x25,0x1	 x25=0x00001000
      715562000	     35676	8000236a	b8bc8c93	addi	x25,x25,-1141	 x25:0x00001000 x25=0x00000b8b
      715582000	     35677	8000236e	0ca2	c.slli	x25,0x8	 x25:0x00000b8b x25=0x000b8b00
      715602000	     35678	80002370	0c8d	c.addi	x25,3	 x25:0x000b8b00 x25=0x000b8b03
      715662000	     35681	80002372	01952023	sw	x25,0(x10)	 x10:0x8ffffffc x25:0x000b8b03 PA:0x8ffffffc store:0x000b8b03 load:0xffffffff
      715682000	     35682	80002376	b8b02cf3	csrrs	x25,mhpmcounter11h,x0	  x0:0x00000000 x25=0x00000000
      715702000	     35683	8000237a	01952023	sw	x25,0(x10)	 x10:0x8ffffffc x25:0x00000000 PA:0x8ffffffc store:0x00000000 load:0xffffffff
      715722000	     35684	8000237e	90000537	lui	x10,0x90000	 x10=0x90000000
      715742000	     35685	80002382	1571	c.addi	x10,-4	 x10:0x90000000 x10=0x8ffffffc
      715762000	     35686	80002384	6c85	c.lui	x25,0x1	 x25=0x00001000
      715782000	     35687	80002386	b0cc8c93	addi	x25,x25,-1268	 x25:0x00001000 x25=0x00000b0c
      715802000	     35688	8000238a	0ca2	c.slli	x25,0x8	 x25:0x00000b0c x25=0x000b0c00
      715822000	     35689	8000238c	0c8d	c.addi	x25,3	 x25:0x000b0c00 x25=0x000b0c03
      715882000	     35692	8000238e	01952023	sw	x25,0(x10)	 x10:0x8ffffffc x25:0x000b0c03 PA:0x8ffffffc store:0x000b0c03 load:0xffffffff
      715902000	     35693	80002392	b0c02cf3	csrrs	x25,mhpmcounter12,x0	  x0:0x00000000 x25=0x00001c49
      715922000	     35694	80002396	01952023	sw	x25,0(x10)	 x10:0x8ffffffc x25:0x00001c49 PA:0x8ffffffc store:0x00001c49 load:0xffffffff
      715942000	     35695	8000239a	90000537	lui	x10,0x90000	 x10=0x90000000
      715962000	     35696	8000239e	1571	c.addi	x10,-4	 x10:0x90000000 x10=0x8ffffffc
      715982000	     35697	800023a0	6c85	c.lui	x25,0x1	 x25=0x00001000
      716002000	     35698	800023a2	b8cc8c93	addi	x25,x25,-1140	 x25:0x00001000 x25=0x00000b8c
      716022000	     35699	800023a6	0ca2	c.slli	x25,0x8	 x25:0x00000b8c x25=0x000b8c00
      716042000	     35700	800023a8	0c8d	c.addi	x25,3	 x25:0x000b8c00 x25=0x000b8c03
      716402000	     35718	800023aa	01952023	sw	x25,0(x10)	 x10:0x8ffffffc x25:0x000b8c03 PA:0x8ffffffc store:0x000b8c03 load:0xffffffff
      716422000	     35719	800023ae	b8c02cf3	csrrs	x25,mhpmcounter12h,x0	  x0:0x00000000 x25=0x00000000
      716482000	     35722	800023b2	01952023	sw	x25,0(x10)	 x10:0x8ffffffc x25:0x00000000 PA:0x8ffffffc store:0x00000000 load:0xffffffff
      716502000	     35723	800023b6	ffffec97	auipc	x25,0xffffe	 x25=0x800003b6
      716522000	     35724	800023ba	ccac8c93	addi	x25,x25,-822	 x25:0x800003b6 x25=0x80000080
      716962000	     35746	800023be	000ca023	sw	x0,0(x25)	 x25:0x80000080  x0:0x00000000 PA:0x80000080 store:0x00000000 load:0xffffffff
      717022000	     35749	800023c2	001ca223	sw	x1,4(x25)	 x25:0x80000080  x1:0x00000000 PA:0x80000084 store:0x00000000 load:0xffffffff
