Time	Cycle	PC	Insn	Decoded instruction	Register and memory contents
        8582000	       327	80000080	40001db7	lui	x27,0x40001	 x27=0x40001000
        8602000	       328	80000084	106d8d93	addi	x27,x27,262	 x27:0x40001000 x27=0x40001106
        8742000	       335	80000088	301d9073	csrrw	x0,misa,x27	 x27:0x40001106  x0=0x00000000
        9162000	       356	8000008c	00024697	auipc	x13,0x24	 x13=0x8002408c
        9182000	       357	80000090	c5868693	addi	x13,x13,-936	 x13:0x8002408c x13=0x80023ce4
        9382000	       367	80000094	00002d97	auipc	x27,0x2	 x27=0x80002094
        9402000	       368	80000098	66cd8d93	addi	x27,x27,1644	 x27:0x80002094 x27=0x80002700
        9422000	       369	8000009c	001ded93	ori	x27,x27,1	 x27:0x80002700 x27=0x80002701
        9842000	       390	800000a0	305d9073	csrrw	x0,mtvec,x27	 x27:0x80002701  x0=0x00000000
        9902000	       393	800000a4	74725073	csrrwi	x0,0x747,4	  x0=0x00000000
        9962000	       396	800000a8	00003597	auipc	x11,0x3	 x11=0x800030a8
       10002000	       398	800000ac	41458593	addi	x11,x11,1044	 x11:0x800030a8 x11=0x800034bc
       10422000	       419	800000b0	4d81	c.li	x27,0	 x27=0x00000000
       10442000	       420	800000b2	95ee	c.add	x11,x27	 x11:0x800034bc x27:0x00000000 x11=0x800034bc
       10462000	       421	800000b4	8189	c.srli	x11,0x2	 x11:0x800034bc x11=0x20000d2f
       10522000	       424	800000b6	3b059073	csrrw	x0,pmpaddr0,x11	 x11:0x20000d2f  x0=0x00000000
       10702000	       433	800000ba	00003597	auipc	x11,0x3	 x11=0x800030ba
       10722000	       434	800000be	40258593	addi	x11,x11,1026	 x11:0x800030ba x11=0x800034bc
       10822000	       439	800000c2	11111db7	lui	x27,0x11111	 x27=0x11111000
       10862000	       441	800000c6	111d8d93	addi	x27,x27,273	 x27:0x11111000 x27=0x11111111
       10882000	       442	800000ca	95ee	c.add	x11,x27	 x11:0x800034bc x27:0x11111111 x11=0x911145cd
       10902000	       443	800000cc	8189	c.srli	x11,0x2	 x11:0x911145cd x11=0x24445173
       11242000	       460	800000ce	3b159073	csrrw	x0,pmpaddr1,x11	 x11:0x24445173  x0=0x00000000
       11322000	       464	800000d2	00003597	auipc	x11,0x3	 x11=0x800030d2
       11342000	       465	800000d6	3ea58593	addi	x11,x11,1002	 x11:0x800030d2 x11=0x800034bc
       11762000	       486	800000da	22222db7	lui	x27,0x22222	 x27=0x22222000
       11782000	       487	800000de	222d8d93	addi	x27,x27,546	 x27:0x22222000 x27=0x22222222
       11802000	       488	800000e2	95ee	c.add	x11,x27	 x11:0x800034bc x27:0x22222222 x11=0xa22256de
       11822000	       489	800000e4	8189	c.srli	x11,0x2	 x11:0xa22256de x11=0x288895b7
       11842000	       490	800000e6	3b259073	csrrw	x0,pmpaddr2,x11	 x11:0x288895b7  x0=0x00000000
       11902000	       493	800000ea	00003597	auipc	x11,0x3	 x11=0x800030ea
       12142000	       505	800000ee	3d258593	addi	x11,x11,978	 x11:0x800030ea x11=0x800034bc
       12182000	       507	800000f2	33333db7	lui	x27,0x33333	 x27=0x33333000
       12202000	       508	800000f6	333d8d93	addi	x27,x27,819	 x27:0x33333000 x27=0x33333333
       12222000	       509	800000fa	95ee	c.add	x11,x27	 x11:0x800034bc x27:0x33333333 x11=0xb33367ef
       12242000	       510	800000fc	8189	c.srli	x11,0x2	 x11:0xb33367ef x11=0x2cccd9fb
       12422000	       519	800000fe	3b359073	csrrw	x0,pmpaddr3,x11	 x11:0x2cccd9fb  x0=0x00000000
       12482000	       522	80000102	0f0f15b7	lui	x11,0xf0f1	 x11=0x0f0f1000
       12502000	       523	80000106	f0f58593	addi	x11,x11,-241	 x11:0x0f0f1000 x11=0x0f0f0f0f
       12542000	       525	8000010a	3a059073	csrrw	x0,pmpcfg0,x11	 x11:0x0f0f0f0f  x0=0x00000000
       12622000	       529	8000010e	00003597	auipc	x11,0x3	 x11=0x8000310e
       12642000	       530	80000112	3ae58593	addi	x11,x11,942	 x11:0x8000310e x11=0x800034bc
       13062000	       551	80000116	44444db7	lui	x27,0x44444	 x27=0x44444000
       13222000	       559	8000011a	444d8d93	addi	x27,x27,1092	 x27:0x44444000 x27=0x44444444
       13242000	       560	8000011e	95ee	c.add	x11,x27	 x11:0x800034bc x27:0x44444444 x11=0xc4447900
       13322000	       564	80000120	8189	c.srli	x11,0x2	 x11:0xc4447900 x11=0x31111e40
       13342000	       565	80000122	3b459073	csrrw	x0,pmpaddr4,x11	 x11:0x31111e40  x0=0x00000000
       13762000	       586	80000126	00003597	auipc	x11,0x3	 x11=0x80003126
       13782000	       587	8000012a	39658593	addi	x11,x11,918	 x11:0x80003126 x11=0x800034bc
       14202000	       608	8000012e	55555db7	lui	x27,0x55555	 x27=0x55555000
       14502000	       623	80000132	555d8d93	addi	x27,x27,1365	 x27:0x55555000 x27=0x55555555
       14522000	       624	80000136	95ee	c.add	x11,x27	 x11:0x800034bc x27:0x55555555 x11=0xd5558a11
       14542000	       625	80000138	8189	c.srli	x11,0x2	 x11:0xd5558a11 x11=0x35556284
       14942000	       645	8000013a	3b559073	csrrw	x0,pmpaddr5,x11	 x11:0x35556284  x0=0x00000000
       15002000	       648	8000013e	00003597	auipc	x11,0x3	 x11=0x8000313e
       15022000	       649	80000142	37e58593	addi	x11,x11,894	 x11:0x8000313e x11=0x800034bc
       15142000	       655	80000146	66666db7	lui	x27,0x66666	 x27=0x66666000
       15242000	       660	8000014a	666d8d93	addi	x27,x27,1638	 x27:0x66666000 x27=0x66666666
       15262000	       661	8000014e	95ee	c.add	x11,x27	 x11:0x800034bc x27:0x66666666 x11=0xe6669b22
       15402000	       668	80000150	8189	c.srli	x11,0x2	 x11:0xe6669b22 x11=0x3999a6c8
       15422000	       669	80000152	3b659073	csrrw	x0,pmpaddr6,x11	 x11:0x3999a6c8  x0=0x00000000
       15482000	       672	80000156	00003597	auipc	x11,0x3	 x11=0x80003156
       15862000	       691	8000015a	36658593	addi	x11,x11,870	 x11:0x80003156 x11=0x800034bc
       15882000	       692	8000015e	77777db7	lui	x27,0x77777	 x27=0x77777000
       16302000	       713	80000162	777d8d93	addi	x27,x27,1911	 x27:0x77777000 x27=0x77777777
       16322000	       714	80000166	95ee	c.add	x11,x27	 x11:0x800034bc x27:0x77777777 x11=0xf777ac33
       16342000	       715	80000168	8189	c.srli	x11,0x2	 x11:0xf777ac33 x11=0x3dddeb0c
       16502000	       723	8000016a	3b759073	csrrw	x0,pmpaddr7,x11	 x11:0x3dddeb0c  x0=0x00000000
       16622000	       729	8000016e	0f0f15b7	lui	x11,0xf0f1	 x11=0x0f0f1000
       16982000	       747	80000172	f0f58593	addi	x11,x11,-241	 x11:0x0f0f1000 x11=0x0f0f0f0f
       17022000	       749	80000176	3a159073	csrrw	x0,pmpcfg1,x11	 x11:0x0f0f0f0f  x0=0x00000000
       17442000	       770	8000017a	00003597	auipc	x11,0x3	 x11=0x8000317a
       17742000	       785	8000017e	34258593	addi	x11,x11,834	 x11:0x8000317a x11=0x800034bc
       17762000	       786	80000182	88889db7	lui	x27,0x88889	 x27=0x88889000
       17782000	       787	80000186	888d8d93	addi	x27,x27,-1912	 x27:0x88889000 x27=0x88888888
       17802000	       788	8000018a	95ee	c.add	x11,x27	 x11:0x800034bc x27:0x88888888 x11=0x0888bd44
       17822000	       789	8000018c	8189	c.srli	x11,0x2	 x11:0x0888bd44 x11=0x02222f51
       17842000	       790	8000018e	3b859073	csrrw	x0,pmpaddr8,x11	 x11:0x02222f51  x0=0x00000000
       17922000	       794	80000192	00003597	auipc	x11,0x3	 x11=0x80003192
       18382000	       817	80000196	32a58593	addi	x11,x11,810	 x11:0x80003192 x11=0x800034bc
       18402000	       818	8000019a	9999adb7	lui	x27,0x9999a	 x27=0x9999a000
       18582000	       827	8000019e	999d8d93	addi	x27,x27,-1639	 x27:0x9999a000 x27=0x99999999
       18602000	       828	800001a2	95ee	c.add	x11,x27	 x11:0x800034bc x27:0x99999999 x11=0x1999ce55
       18982000	       847	800001a4	8189	c.srli	x11,0x2	 x11:0x1999ce55 x11=0x06667395
       19002000	       848	800001a6	3b959073	csrrw	x0,pmpaddr9,x11	 x11:0x06667395  x0=0x00000000
       19082000	       852	800001aa	00003597	auipc	x11,0x3	 x11=0x800031aa
       19322000	       864	800001ae	31258593	addi	x11,x11,786	 x11:0x800031aa x11=0x800034bc
       19462000	       871	800001b2	aaaabdb7	lui	x27,0xaaaab	 x27=0xaaaab000
       19482000	       872	800001b6	aaad8d93	addi	x27,x27,-1366	 x27:0xaaaab000 x27=0xaaaaaaaa
       19502000	       873	800001ba	95ee	c.add	x11,x27	 x11:0x800034bc x27:0xaaaaaaaa x11=0x2aaadf66
       19542000	       875	800001bc	8189	c.srli	x11,0x2	 x11:0x2aaadf66 x11=0x0aaab7d9
       19562000	       876	800001be	3ba59073	csrrw	x0,pmpaddr10,x11	 x11:0x0aaab7d9  x0=0x00000000
       19742000	       885	800001c2	00003597	auipc	x11,0x3	 x11=0x800031c2
       20162000	       906	800001c6	2fa58593	addi	x11,x11,762	 x11:0x800031c2 x11=0x800034bc
       20182000	       907	800001ca	bbbbcdb7	lui	x27,0xbbbbc	 x27=0xbbbbc000
       20202000	       908	800001ce	bbbd8d93	addi	x27,x27,-1093	 x27:0xbbbbc000 x27=0xbbbbbbbb
       20222000	       909	800001d2	95ee	c.add	x11,x27	 x11:0x800034bc x27:0xbbbbbbbb x11=0x3bbbf077
       20282000	       912	800001d4	8189	c.srli	x11,0x2	 x11:0x3bbbf077 x11=0x0eeefc1d
       20302000	       913	800001d6	3bb59073	csrrw	x0,pmpaddr11,x11	 x11:0x0eeefc1d  x0=0x00000000
       20382000	       917	800001da	0f0f15b7	lui	x11,0xf0f1	 x11=0x0f0f1000
       20402000	       918	800001de	f0f58593	addi	x11,x11,-241	 x11:0x0f0f1000 x11=0x0f0f0f0f
       20422000	       919	800001e2	3a259073	csrrw	x0,pmpcfg2,x11	 x11:0x0f0f0f0f  x0=0x00000000
       20482000	       922	800001e6	00003597	auipc	x11,0x3	 x11=0x800031e6
       20502000	       923	800001ea	2d658593	addi	x11,x11,726	 x11:0x800031e6 x11=0x800034bc
       20642000	       930	800001ee	ccccddb7	lui	x27,0xccccd	 x27=0xccccd000
       20802000	       938	800001f2	cccd8d93	addi	x27,x27,-820	 x27:0xccccd000 x27=0xcccccccc
       20822000	       939	800001f6	95ee	c.add	x11,x27	 x11:0x800034bc x27:0xcccccccc x11=0x4ccd0188
       20842000	       940	800001f8	8189	c.srli	x11,0x2	 x11:0x4ccd0188 x11=0x13334062
       20862000	       941	800001fa	3bc59073	csrrw	x0,pmpaddr12,x11	 x11:0x13334062  x0=0x00000000
       20922000	       944	800001fe	00003597	auipc	x11,0x3	 x11=0x800031fe
       20982000	       947	80000202	2be58593	addi	x11,x11,702	 x11:0x800031fe x11=0x800034bc
       21062000	       951	80000206	ddddedb7	lui	x27,0xdddde	 x27=0xdddde000
       21382000	       967	8000020a	dddd8d93	addi	x27,x27,-547	 x27:0xdddde000 x27=0xdddddddd
       21402000	       968	8000020e	95ee	c.add	x11,x27	 x11:0x800034bc x27:0xdddddddd x11=0x5dde1299
       21422000	       969	80000210	8189	c.srli	x11,0x2	 x11:0x5dde1299 x11=0x177784a6
       21742000	       985	80000212	3bd59073	csrrw	x0,pmpaddr13,x11	 x11:0x177784a6  x0=0x00000000
       21962000	       996	80000216	00003597	auipc	x11,0x3	 x11=0x80003216
       21982000	       997	8000021a	2a658593	addi	x11,x11,678	 x11:0x80003216 x11=0x800034bc
       22402000	      1018	8000021e	eeeefdb7	lui	x27,0xeeeef	 x27=0xeeeef000
       22462000	      1021	80000222	eeed8d93	addi	x27,x27,-274	 x27:0xeeeef000 x27=0xeeeeeeee
       22482000	      1022	80000226	95ee	c.add	x11,x27	 x11:0x800034bc x27:0xeeeeeeee x11=0x6eef23aa
       22542000	      1025	80000228	8189	c.srli	x11,0x2	 x11:0x6eef23aa x11=0x1bbbc8ea
       22622000	      1029	8000022a	3be59073	csrrw	x0,pmpaddr14,x11	 x11:0x1bbbc8ea  x0=0x00000000
       22682000	      1032	8000022e	00003597	auipc	x11,0x3	 x11=0x8000322e
       22842000	      1040	80000232	28e58593	addi	x11,x11,654	 x11:0x8000322e x11=0x800034bc
       22922000	      1044	80000236	fff00d93	addi	x27,x0,-1	  x0:0x00000000 x27=0xffffffff
       22942000	      1045	8000023a	95ee	c.add	x11,x27	 x11:0x800034bc x27:0xffffffff x11=0x800034bb
       23342000	      1065	8000023c	8189	c.srli	x11,0x2	 x11:0x800034bb x11=0x20000d2e
       23362000	      1066	8000023e	3bf59073	csrrw	x0,pmpaddr15,x11	 x11:0x20000d2e  x0=0x00000000
       23422000	      1069	80000242	0f0f15b7	lui	x11,0xf0f1	 x11=0x0f0f1000
       23562000	      1076	80000246	f0f58593	addi	x11,x11,-241	 x11:0x0f0f1000 x11=0x0f0f0f0f
       23582000	      1077	8000024a	3a359073	csrrw	x0,pmpcfg3,x11	 x11:0x0f0f0f0f  x0=0x00000000
       23982000	      1097	8000024e	00000d97	auipc	x27,0x0	 x27=0x8000024e
       24002000	      1098	80000252	060d8d93	addi	x27,x27,96	 x27:0x8000024e x27=0x800002ae
       24022000	      1099	80000256	341d9073	csrrw	x0,mepc,x27	 x27:0x800002ae  x0=0x00000000
       24442000	      1120	8000025a	7c00d073	csrrwi	x0,0x7c0,1	  x0=0x00000000
       24502000	      1123	8000025e	4d81	c.li	x27,0	 x27=0x00000000
       24522000	      1124	80000260	300d9073	csrrw	x0,mstatus,x27	 x27:0x00000000  x0=0x00000000
       24882000	      1142	80000264	4d81	c.li	x27,0	 x27=0x00000000
       24902000	      1143	80000266	304d9073	csrrw	x0,mie,x27	 x27:0x00000000  x0=0x00000000
       24962000	      1146	8000026a	90000d37	lui	x26,0x90000	 x26=0x90000000
       24982000	      1147	8000026e	1d71	c.addi	x26,-4	 x26:0x90000000 x26=0x8ffffffc
       25022000	      1149	80000270	90000d37	lui	x26,0x90000	 x26=0x90000000
       25402000	      1168	80000274	1d71	c.addi	x26,-4	 x26:0x90000000 x26=0x8ffffffc
       25422000	      1169	80000276	90000d37	lui	x26,0x90000	 x26=0x90000000
       25442000	      1170	8000027a	1d71	c.addi	x26,-4	 x26:0x90000000 x26=0x8ffffffc
       25462000	      1171	8000027c	30000d93	addi	x27,x0,768	  x0:0x00000000 x27=0x00000300
       25482000	      1172	80000280	0da2	c.slli	x27,0x8	 x27:0x00000300 x27=0x00030000
       25502000	      1173	80000282	0d8d	c.addi	x27,3	 x27:0x00030000 x27=0x00030003
       25962000	      1196	80000284	01bd2023	sw	x27,0(x26)	 x26:0x8ffffffc x27:0x00030003 PA:0x8ffffffc store:0x00030003 load:0xffffffff
       25982000	      1197	80000288	30002df3	csrrs	x27,mstatus,x0	  x0:0x00000000 x27=0x00000000
       26442000	      1220	8000028c	01bd2023	sw	x27,0(x26)	 x26:0x8ffffffc x27:0x00000000 PA:0x8ffffffc store:0x00000000 load:0xffffffff
       26462000	      1221	80000290	90000d37	lui	x26,0x90000	 x26=0x90000000
       26482000	      1222	80000294	1d71	c.addi	x26,-4	 x26:0x90000000 x26=0x8ffffffc
       26502000	      1223	80000296	30400d93	addi	x27,x0,772	  x0:0x00000000 x27=0x00000304
       26522000	      1224	8000029a	0da2	c.slli	x27,0x8	 x27:0x00000304 x27=0x00030400
       26542000	      1225	8000029c	0d8d	c.addi	x27,3	 x27:0x00030400 x27=0x00030403
       26602000	      1228	8000029e	01bd2023	sw	x27,0(x26)	 x26:0x8ffffffc x27:0x00030403 PA:0x8ffffffc store:0x00030403 load:0xffffffff
       26622000	      1229	800002a2	30402df3	csrrs	x27,mie,x0	  x0:0x00000000 x27=0x00000000
       26842000	      1240	800002a6	01bd2023	sw	x27,0(x26)	 x26:0x8ffffffc x27:0x00000000 PA:0x8ffffffc store:0x00000000 load:0xffffffff
       26862000	      1241	800002aa	30200073	mret	
       27382000	      1267	800002ae	00100013	addi	x0,x0,1	  x0:0x00000000  x0=0x00000000
       27402000	      1268	800002b2	49ecc0b7	lui	x1,0x49ecc	  x1=0x49ecc000
       27422000	      1269	800002b6	08708093	addi	x1,x1,135	  x1:0x49ecc000  x1=0x49ecc087
       27442000	      1270	800002ba	4101	c.li	x2,0	  x2=0x00000000
       27462000	      1271	800002bc	800001b7	lui	x3,0x80000	  x3=0x80000000
       27482000	      1272	800002c0	80000237	lui	x4,0x80000	  x4=0x80000000
       27582000	      1277	800002c4	4281	c.li	x5,0	  x5=0x00000000
       27602000	      1278	800002c6	80000337	lui	x6,0x80000	  x6=0x80000000
       27622000	      1279	800002ca	800003b7	lui	x7,0x80000	  x7=0x80000000
       27642000	      1280	800002ce	4435	c.li	x8,13	  x8=0x0000000d
       27822000	      1289	800002d0	f3c464b7	lui	x9,0xf3c46	  x9=0xf3c46000
       27842000	      1290	800002d4	49248493	addi	x9,x9,1170	  x9:0xf3c46000  x9=0xf3c46492
       28242000	      1310	800002d8	7db24537	lui	x10,0x7db24	 x10=0x7db24000
       28262000	      1311	800002dc	02d50513	addi	x10,x10,45	 x10:0x7db24000 x10=0x7db2402d
       28282000	      1312	800002e0	f1e8b5b7	lui	x11,0xf1e8b	 x11=0xf1e8b000
       28382000	      1317	800002e4	1fd58593	addi	x11,x11,509	 x11:0xf1e8b000 x11=0xf1e8b1fd
       28422000	      1319	800002e8	ea41f637	lui	x12,0xea41f	 x12=0xea41f000
       28782000	      1337	800002ec	80f60613	addi	x12,x12,-2033	 x12:0xea41f000 x12=0xea41e80f
       28802000	      1338	800002f0	4715	c.li	x14,5	 x14=0x00000005
       28822000	      1339	800002f2	4781	c.li	x15,0	 x15=0x00000000
       29122000	      1354	800002f4	80000837	lui	x16,0x80000	 x16=0x80000000
       29502000	      1373	800002f8	800008b7	lui	x17,0x80000	 x17=0x80000000
       29522000	      1374	800002fc	80000937	lui	x18,0x80000	 x18=0x80000000
       29562000	      1376	80000300	247fa9b7	lui	x19,0x247fa	 x19=0x247fa000
       29922000	      1394	80000304	13498993	addi	x19,x19,308	 x19:0x247fa000 x19=0x247fa134
       30022000	      1399	80000308	80000a37	lui	x20,0x80000	 x20=0x80000000
       30042000	      1400	8000030c	3377aab7	lui	x21,0x3377a	 x21=0x3377a000
       30062000	      1401	80000310	6b3a8a93	addi	x21,x21,1715	 x21:0x3377a000 x21=0x3377a6b3
       30122000	      1404	80000314	4b39	c.li	x22,14	 x22=0x0000000e
       30142000	      1405	80000316	80000c37	lui	x24,0x80000	 x24=0x80000000
       30162000	      1406	8000031a	e4118cb7	lui	x25,0xe4118	 x25=0xe4118000
       30362000	      1416	8000031e	4b0c8c93	addi	x25,x25,1200	 x25:0xe4118000 x25=0xe41184b0
       30682000	      1432	80000322	ff8e3d37	lui	x26,0xff8e3	 x26=0xff8e3000
       30742000	      1435	80000326	42dd0d13	addi	x26,x26,1069	 x26:0xff8e3000 x26=0xff8e342d
       30762000	      1436	8000032a	4d81	c.li	x27,0	 x27=0x00000000
       30782000	      1437	8000032c	f756ee37	lui	x28,0xf756e	 x28=0xf756e000
       30942000	      1445	80000330	58be0e13	addi	x28,x28,1419	 x28:0xf756e000 x28=0xf756e58b
       31082000	      1452	80000334	b0c56eb7	lui	x29,0xb0c56	 x29=0xb0c56000
       31102000	      1453	80000338	673e8e93	addi	x29,x29,1651	 x29:0xb0c56000 x29=0xb0c56673
       31122000	      1454	8000033c	f208df37	lui	x30,0xf208d	 x30=0xf208d000
       31162000	      1456	80000340	d6cf0f13	addi	x30,x30,-660	 x30:0xf208d000 x30=0xf208cd6c
       31562000	      1476	80000344	09249fb7	lui	x31,0x9249	 x31=0x09249000
       31802000	      1488	80000348	2b6f8f93	addi	x31,x31,694	 x31:0x09249000 x31=0x092492b6
       31822000	      1489	8000034c	00020b97	auipc	x23,0x20	 x23=0x8002034c
       32242000	      1510	80000350	b18b8b93	addi	x23,x23,-1256	 x23:0x8002034c x23=0x8001fe64
       32262000	      1511	80000354	90000d37	lui	x26,0x90000	 x26=0x90000000
       32282000	      1512	80000358	1d71	c.addi	x26,-4	 x26:0x90000000 x26=0x8ffffffc
       32302000	      1513	8000035a	4d81	c.li	x27,0	 x27=0x00000000
       32702000	      1533	8000035c	0da2	c.slli	x27,0x8	 x27:0x00000000 x27=0x00000000
       32722000	      1534	8000035e	000d8d93	addi	x27,x27,0	 x27:0x00000000 x27=0x00000000
       33182000	      1557	80000362	01bd2023	sw	x27,0(x26)	 x26:0x8ffffffc x27:0x00000000 PA:0x8ffffffc store:0x00000000 load:0xffffffff
       33202000	      1558	80000366	1560306f	jal	x0,800034bc	  x0=0x00000000
       44962000	      2146	800034bc	00000a17	auipc	x20,0x0	 x20=0x800034bc
       44982000	      2147	800034c0	142a0a13	addi	x20,x20,322	 x20:0x800034bc x20=0x800035fe
       45002000	      2148	800034c4	0001	c.addi	x0,0	  x0:0x00000000  x0=0x00000000
       45322000	      2164	800034c6	eeba0a13	addi	x20,x20,-277	 x20:0x800035fe x20=0x800034e9
       45342000	      2165	800034ca	8e6a	c.mv	x28,x26	  x0:0x00000000 x26:0x8ffffffc x28=0x8ffffffc
       45362000	      2166	800034cc	93373c93	sltiu	x25,x14,-1741	 x14:0x00000005 x25=0x00000001
       45382000	      2167	800034d0	010d7563	bgeu	x26,x16,800034da	 x26:0x8ffffffc x16:0x80000000
       46062000	      2201	800034da	115a00e7	jalr	x1,277(x20)	 x20:0x800034e9  x1=0x800034de
       46662000	      2231	800035fe	00be5263	bge	x28,x11,80003602	 x28:0x8ffffffc x11:0xf1e8b1fd
       46682000	      2232	80003602	1b81	c.addi	x23,-32	 x23:0x8001fe64 x23=0x8001fe44
       46722000	      2234	80003604	0c06	c.slli	x24,0x1	 x24:0x80000000 x24=0x00000000
       46782000	      2237	80003606	001ba223	sw	x1,4(x23)	 x23:0x8001fe44  x1:0x800034de PA:0x8001fe48 store:0x800034de load:0xffffffff
       46802000	      2238	8000360a	069c	c.addi4spn	x15,x2,832	 x15=0x00000340
       46842000	      2240	8000360c	02069633	mulh	x12,x13,x0	 x13:0x80023ce4  x0:0x00000000 x12=0x00000000
       46862000	      2241	80003610	8e31	c.xor	x12,x12	 x12:0x00000000 x12:0x00000000 x12=0x00000000
       46882000	      2242	80003612	41940533	sub	x10,x8,x25	  x8:0x0000000d x25:0x00000001 x10=0x0000000c
       46902000	      2243	80003616	3861ff13	andi	x30,x3,902	  x3:0x80000000 x30=0x00000000
       46922000	      2244	8000361a	0000100f	fence.i	
       47262000	      2261	8000361e	55da3217	auipc	x4,0x55da3	  x4=0xd5da661e
       47302000	      2263	80003622	033a91b3	mulh	x3,x21,x19	 x21:0x3377a6b3 x19:0x247fa134  x3=0x07567c35
       47362000	      2266	80003626	02f9acb3	mulhsu	x25,x19,x15	 x19:0x247fa134 x15:0x00000340 x25=0x00000076
       47382000	      2267	8000362a	8c35	c.xor	x8,x13	  x8:0x0000000d x13:0x80023ce4  x8=0x80023ce9
       47402000	      2268	8000362c	0098c433	xor	x8,x17,x9	 x17:0x80000000  x9:0xf3c46492  x8=0x73c46492
       47482000	      2272	80003630	9f66	c.add	x30,x25	 x30:0x00000000 x25:0x00000076 x30=0x00000076
       48082000	      2302	80003632	00869f13	slli	x30,x13,0x8	 x13:0x80023ce4 x30=0x023ce400
       48102000	      2303	80003636	8f75	c.and	x14,x13	 x14:0x00000005 x13:0x80023ce4 x14=0x00000004
       48142000	      2305	80003638	80186893	ori	x17,x16,-2047	 x16:0x80000000 x17=0xfffff801
       48222000	      2309	8000363c	01f4c263	blt	x9,x31,80003640	  x9:0xf3c46492 x31:0x092492b6
       48742000	      2335	80003640	0ff0000f	fence	iorw,iorw	
       48782000	      2337	80003644	027c8033	mul	x0,x25,x7	 x25:0x00000076  x7:0x80000000  x0=0x00000000
       48802000	      2338	80003648	0dc14493	xori	x9,x2,220	  x2:0x00000000  x9=0x000000dc
       48862000	      2341	8000364c	004ba083	lw	x1,4(x23)	 x23:0x8001fe44  x1=0x800034de PA:0x8001fe48 load:0x800034de
       49242000	      2360	80003650	986a	c.add	x16,x26	 x16:0x80000000 x26:0x8ffffffc x16=0x0ffffffc
       49282000	      2362	80003652	036eab33	mulhsu	x22,x29,x22	 x29:0xb0c56673 x22:0x0000000e x22=0xfffffffb
       49302000	      2363	80003656	997d	c.andi	x10,-1	 x10:0x0000000c x10=0x0000000c
       49322000	      2364	80003658	415ddd33	sra	x26,x27,x21	 x27:0x00000000 x21:0x3377a6b3 x26=0x00000000
       49342000	      2365	8000365c	8431	c.srai	x8,0xc	  x8:0x73c46492  x8=0x00073c46
       49362000	      2366	8000365e	8f9d	c.sub	x15,x15	 x15:0x00000340 x15:0x00000340 x15=0x00000000
       49722000	      2384	80003660	020b8b93	addi	x23,x23,32	 x23:0x8001fe44 x23=0x8001fe64
       49882000	      2392	80003664	7d65ac93	slti	x25,x11,2006	 x11:0xf1e8b1fd x25=0x00000001
       49982000	      2397	80003668	0ff0000f	fence	iorw,iorw	
       50002000	      2398	8000366c	00108b13	addi	x22,x1,1	  x1:0x800034de x22=0x800034df
       50022000	      2399	80003670	9b02	c.jalr	x22	 x22:0x800034df  x1=0x80003672
       51102000	      2453	800034de	de7b0d97	auipc	x27,0xde7b0	 x27=0x5e7b34de
       51122000	      2454	800034e2	00006717	auipc	x14,0x6	 x14=0x800094e2
       51142000	      2455	800034e6	90070713	addi	x14,x14,-1792	 x14:0x800094e2 x14=0x80008de2
       51162000	      2456	800034ea	41670fb3	sub	x31,x14,x22	 x14:0x80008de2 x22:0x800034df x31=0x00005903
       51182000	      2457	800034ee	83bd	c.srli	x15,0xf	 x15:0x00000000 x15=0x00000000
       51562000	      2476	800034f0	4079db33	sra	x22,x19,x7	 x19:0x247fa134  x7:0x80000000 x22=0x247fa134
       52302000	      2513	800034f4	021ee2b3	rem	x5,x29,x1	 x29:0xb0c56673  x1:0x80003672  x5=0xb0c56673
       52322000	      2514	800034f8	c4770713	addi	x14,x14,-953	 x14:0x80008de2 x14=0x80008a29
       52362000	      2516	800034fc	02f5f9b3	remu	x19,x11,x15	 x11:0xf1e8b1fd x15:0x00000000 x19=0xf1e8b1fd
       52382000	      2517	80003500	00782833	slt	x16,x16,x7	 x16:0x0ffffffc  x7:0x80000000 x16=0x00000000
       52402000	      2518	80003504	6129	c.addi16sp	x2,192	  x2:0x00000000  x2=0x000000c0
       52422000	      2519	80003506	010f6563	bltu	x30,x16,80003510	 x30:0x023ce400 x16:0x00000000
       52442000	      2520	8000350a	0001	c.addi	x0,0	  x0:0x00000000  x0=0x00000000
       53182000	      2557	8000350c	0398fdb3	remu	x27,x17,x25	 x17:0xfffff801 x25:0x00000001 x27=0x00000000
       53202000	      2558	80003510	3b9700e7	jalr	x1,953(x14)	 x14:0x80008a29  x1=0x80003514
       53842000	      2590	80008de2	0ff0000f	fence	iorw,iorw	
       53922000	      2594	80008de6	0ff0000f	fence	iorw,iorw	
       54102000	      2603	80008dea	00369a63	bne	x13,x3,80008dfe	 x13:0x80023ce4  x3:0x07567c35
       54202000	      2608	80008dfe	1ba1	c.addi	x23,-24	 x23:0x8001fe64 x23=0x8001fe4c
       54582000	      2627	80008e00	001ba223	sw	x1,4(x23)	 x23:0x8001fe4c  x1:0x80003514 PA:0x8001fe50 store:0x80003514 load:0xffffffff
       54602000	      2628	80008e04	4bb08e93	addi	x29,x1,1211	  x1:0x80003514 x29=0x800039cf
       54622000	      2629	80008e08	00aa1213	slli	x4,x20,0xa	 x20:0x800034e9  x4=0x00d3a400
       54642000	      2630	80008e0c	e329	c.bnez	x14,80008e4e	 x14:0x80008a29
       55122000	      2654	80008e4e	41a38c33	sub	x24,x7,x26	  x7:0x80000000 x26:0x00000000 x24=0x80000000
       55142000	      2655	80008e52	c781	c.beqz	x15,80008e5a	 x15:0x00000000
       56262000	      2711	80008e5a	90e6	c.add	x1,x25	  x1:0x80003514 x25:0x00000001  x1=0x80003515
       56282000	      2712	80008e5c	0ab6	c.slli	x21,0xd	 x21:0x3377a6b3 x21=0xf4d66000
       57002000	      2748	80008e5e	004ba083	lw	x1,4(x23)	 x23:0x8001fe4c  x1=0x80003514 PA:0x8001fe50 load:0x80003514
       57022000	      2749	80008e62	0000100f	fence.i	
       57042000	      2750	80008e66	0be1	c.addi	x23,24	 x23:0x8001fe4c x23=0x8001fe64
       57062000	      2751	80008e68	9f86	c.add	x31,x1	 x31:0x00005903  x1:0x80003514 x31=0x80008e17
       57082000	      2752	80008e6a	1a84	c.addi4spn	x9,x2,368	  x9=0x00000230
       57822000	      2789	80008e6c	031d7733	remu	x14,x26,x17	 x26:0x00000000 x17:0xfffff801 x14=0x00000000
       57842000	      2790	80008e70	e7c64893	xori	x17,x12,-388	 x12:0x00000000 x17=0xfffffe7c
       57862000	      2791	80008e74	8fe9	c.and	x15,x10	 x15:0x00000000 x10:0x0000000c x15=0x00000000
       57882000	      2792	80008e76	00008793	addi	x15,x1,0	  x1:0x80003514 x15=0x80003514
       57902000	      2793	80008e7a	000787e7	jalr	x15,0(x15)	 x15:0x80003514 x15=0x80008e7e
       58322000	      2814	80003514	0001	c.addi	x0,0	  x0:0x00000000  x0=0x00000000
       58542000	      2825	80003516	017ca333	slt	x6,x25,x23	 x25:0x00000001 x23:0x8001fe64  x6=0x00000000
       59282000	      2862	8000351a	03cd61b3	rem	x3,x26,x28	 x26:0x00000000 x28:0x8ffffffc  x3=0x00000000
       59322000	      2864	8000351e	031f1b33	mulh	x22,x30,x17	 x30:0x023ce400 x17:0xfffffe7c x22=0xfffffffc
       59402000	      2868	80003522	0085ce33	xor	x28,x11,x8	 x11:0xf1e8b1fd  x8:0x00073c46 x28=0xf1ef8dbb
       59422000	      2869	80003526	00002217	auipc	x4,0x2	  x4=0x80005526
       59542000	      2875	8000352a	42420213	addi	x4,x4,1060	  x4:0x80005526  x4=0x8000594a
       59562000	      2876	8000352e	08a5	c.addi	x17,9	 x17:0xfffffe7c x17=0xfffffe85
       60322000	      2914	80003530	0219ea33	rem	x20,x19,x1	 x19:0xf1e8b1fd  x1:0x80003514 x20=0xf1e8b1fd
       60342000	      2915	80003534	9e36aa37	lui	x20,0x9e36a	 x20=0x9e36a000
       60362000	      2916	80003538	d1720213	addi	x4,x4,-745	  x4:0x8000594a  x4=0x80005661
       60382000	      2917	8000353c	415b8533	sub	x10,x23,x21	 x23:0x8001fe64 x21:0xf4d66000 x10=0x8b2b9e64
       60402000	      2918	80003540	8579	c.srai	x10,0x1e	 x10:0x8b2b9e64 x10=0xfffffffe
       60422000	      2919	80003542	2e9200e7	jalr	x1,745(x4)	  x4:0x80005661  x1=0x80003546
       60562000	      2926	8000594a	407cd393	srai	x7,x25,0x7	 x25:0x00000001  x7=0x00000000
       60582000	      2927	8000594e	01b9c963	blt	x19,x27,80005960	 x19:0xf1e8b1fd x27:0x00000000
       60842000	      2940	80005960	1bd1	c.addi	x23,-12	 x23:0x8001fe64 x23=0x8001fe58
       60862000	      2941	80005962	df53aa93	slti	x21,x7,-523	  x7:0x00000000 x21=0x00000000
       60882000	      2942	80005966	64b5	c.lui	x9,0xd	  x9=0x0000d000
       61122000	      2954	80005968	001ba223	sw	x1,4(x23)	 x23:0x8001fe58  x1:0x80003546 PA:0x8001fe5c store:0x80003546 load:0xffffffff
       61162000	      2956	8000596c	0486	c.slli	x9,0x1	  x9:0x0000d000  x9=0x0001a000
       61302000	      2963	8000596e	040000ef	jal	x1,800059ae	  x1=0x80005972
       61702000	      2983	800059ae	bfe5	c.j	800059a6	
       61962000	      2996	800059a6	fd3ff0ef	jal	x1,80005978	  x1=0x800059aa
       62122000	      3004	80005978	a819	c.j	8000598e	
       62982000	      3047	8000598e	a809	c.j	800059a0	
       63302000	      3063	800059a0	2801	c.jal	800059b0	  x1=0x800059a2
       64042000	      3100	800059b0	37ed	c.jal	8000599a	  x1=0x800059b2
       64102000	      3103	8000599a	3fcd	c.jal	8000598c	  x1=0x8000599c
       64362000	      3116	8000598c	a029	c.j	80005996	
       64422000	      3119	80005996	ffdff36f	jal	x6,80005992	  x6=0x8000599a
       64482000	      3122	80005992	3fcd	c.jal	80005984	  x1=0x80005994
       64782000	      3137	80005984	00400a6f	jal	x20,80005988	 x20=0x80005988
       64822000	      3139	80005988	2819	c.jal	8000599e	  x1=0x8000598a
       64902000	      3143	8000599e	3fdd	c.jal	80005994	  x1=0x800059a0
       64962000	      3146	80005994	37c5	c.jal	80005974	  x1=0x80005996
       65722000	      3184	80005974	a805	c.j	800059a4	
       65762000	      3186	800059a4	3ffd	c.jal	800059a2	  x1=0x800059a6
       65842000	      3190	800059a2	bff1	c.j	8000597e	
       66742000	      3235	8000597e	01e0036f	jal	x6,8000599c	  x6=0x80005982
       66782000	      3237	8000599c	2819	c.jal	800059b2	  x1=0x8000599e
       66842000	      3240	800059b2	fc9ff0ef	jal	x1,8000597a	  x1=0x800059b6
       66922000	      3244	8000597a	010000ef	jal	x1,8000598a	  x1=0x8000597e
       66982000	      3247	8000598a	3fe5	c.jal	80005982	  x1=0x8000598c
       67022000	      3249	80005982	3fc5	c.jal	80005972	  x1=0x80005984
       67062000	      3251	80005972	a825	c.j	800059aa	
       67122000	      3254	800059aa	fe7ff0ef	jal	x1,80005990	  x1=0x800059ae
       67182000	      3257	80005990	b7dd	c.j	80005976	
       67222000	      3259	80005976	a081	c.j	800059b6	
       67282000	      3262	800059b6	00b04633	xor	x12,x0,x11	  x0:0x00000000 x11:0xf1e8b1fd x12=0xf1e8b1fd
       67302000	      3263	800059ba	012000ef	jal	x1,800059cc	  x1=0x800059be
       67482000	      3272	800059cc	a819	c.j	800059e2	
       68602000	      3328	800059e2	3fc5	c.jal	800059d2	  x1=0x800059e4
       68662000	      3331	800059d2	ff3ffaef	jal	x21,800059c4	 x21=0x800059d6
       68802000	      3338	800059c4	00c00a6f	jal	x20,800059d0	 x20=0x800059c8
       68862000	      3341	800059d0	2811	c.jal	800059e4	  x1=0x800059d2
       68902000	      3343	800059e4	3ff5	c.jal	800059e0	  x1=0x800059e6
       68942000	      3345	800059e0	bfdd	c.j	800059d6	
       69022000	      3349	800059d6	fe9ff0ef	jal	x1,800059be	  x1=0x800059da
       69082000	      3352	800059be	a009	c.j	800059c0	
       69122000	      3354	800059c0	01a0036f	jal	x6,800059da	  x6=0x800059c4
       69162000	      3356	800059da	b7fd	c.j	800059c8	
       76902000	      3743	800059c8	0140036f	jal	x6,800059dc	  x6=0x800059cc
       76942000	      3745	800059dc	a009	c.j	800059de	
       76982000	      3747	800059de	3fc5	c.jal	800059ce	  x1=0x800059e0
       77022000	      3749	800059ce	a821	c.j	800059e6	
       77082000	      3752	800059e6	58f3aa93	slti	x21,x7,1423	  x7:0x00000000 x21=0x00000001
       77102000	      3753	800059ea	01c000ef	jal	x1,80005a06	  x1=0x800059ee
       77622000	      3779	80005a06	3fc5	c.jal	800059f6	  x1=0x80005a08
       77682000	      3782	800059f6	a025	c.j	80005a1e	
       78842000	      3840	80005a1e	fe3ff0ef	jal	x1,80005a00	  x1=0x80005a22
       78882000	      3842	80005a00	a021	c.j	80005a08	
       78942000	      3845	80005a08	0240016f	jal	x2,80005a2c	  x2=0x80005a0c
       79422000	      3869	80005a2c	37f1	c.jal	800059f8	  x1=0x80005a2e
       79462000	      3871	800059f8	a03d	c.j	80005a26	
       79542000	      3875	80005a26	37f9	c.jal	800059f4	  x1=0x80005a28
       79602000	      3878	800059f4	3fed	c.jal	800059ee	  x1=0x800059f6
       79642000	      3880	800059ee	203d	c.jal	80005a1c	  x1=0x800059f0
       79682000	      3882	80005a1c	b7dd	c.j	80005a02	
       79742000	      3885	80005a02	0180036f	jal	x6,80005a1a	  x6=0x80005a06
       79782000	      3887	80005a1a	b7c5	c.j	800059fa	
       79842000	      3890	800059fa	ff7ff36f	jal	x6,800059f0	  x6=0x800059fe
       79902000	      3893	800059f0	0240036f	jal	x6,80005a14	  x6=0x800059f4
       79942000	      3895	80005a14	febff0ef	jal	x1,800059fe	  x1=0x80005a18
       79982000	      3897	800059fe	a811	c.j	80005a12	
       80022000	      3899	80005a12	a019	c.j	80005a18	
       80062000	      3901	80005a18	2801	c.jal	80005a28	  x1=0x80005a1a
       80102000	      3903	80005a28	ffbff0ef	jal	x1,80005a22	  x1=0x80005a2c
       80142000	      3905	80005a22	a009	c.j	80005a24	
       80182000	      3907	80005a24	b7ed	c.j	80005a0e	
       80242000	      3910	80005a0e	fffff0ef	jal	x1,80005a0c	  x1=0x80005a12
       80282000	      3912	80005a0c	a00d	c.j	80005a2e	
       80342000	      3915	80005a2e	0080d113	srli	x2,x1,0x8	  x1:0x80005a12  x2=0x0080005a
       80362000	      3916	80005a32	02a000ef	jal	x1,80005a5c	  x1=0x80005a36
       81002000	      3948	80005a5c	37d5	c.jal	80005a40	  x1=0x80005a5e
       81062000	      3951	80005a40	3fe5	c.jal	80005a38	  x1=0x80005a42
       81122000	      3954	80005a38	3ffd	c.jal	80005a36	  x1=0x80005a3a
       81182000	      3957	80005a36	a821	c.j	80005a4e	
       81382000	      3967	80005a4e	37fd	c.jal	80005a3c	  x1=0x80005a50
       81442000	      3970	80005a3c	a819	c.j	80005a52	
       81562000	      3976	80005a52	bfed	c.j	80005a4c	
       81602000	      3978	80005a4c	2011	c.jal	80005a50	  x1=0x80005a4e
       81642000	      3980	80005a50	bfed	c.j	80005a4a	
       81682000	      3982	80005a4a	3ff5	c.jal	80005a46	  x1=0x80005a4c
       81722000	      3984	80005a46	2801	c.jal	80005a56	  x1=0x80005a48
       81762000	      3986	80005a56	b7d5	c.j	80005a3a	
       81842000	      3990	80005a3a	a839	c.j	80005a58	
       81902000	      3993	80005a58	ff1ff0ef	jal	x1,80005a48	  x1=0x80005a5c
       81962000	      3996	80005a48	a031	c.j	80005a54	
       82022000	      3999	80005a54	37ed	c.jal	80005a3e	  x1=0x80005a56
       82082000	      4002	80005a3e	2011	c.jal	80005a42	  x1=0x80005a40
       82142000	      4005	80005a42	01c0096f	jal	x18,80005a5e	 x18=0x80005a46
       82202000	      4008	80005a5e	01070ab3	add	x21,x14,x16	 x14:0x00000000 x16:0x00000000 x21=0x00000000
       82222000	      4009	80005a62	00c000ef	jal	x1,80005a6e	  x1=0x80005a66
       82262000	      4011	80005a6e	2809	c.jal	80005a80	  x1=0x80005a70
       83282000	      4062	80005a80	2819	c.jal	80005a96	  x1=0x80005a82
       84062000	      4101	80005a96	bfcd	c.j	80005a88	
       84122000	      4104	80005a88	b7e5	c.j	80005a70	
       84182000	      4107	80005a70	a831	c.j	80005a8c	
       84242000	      4110	80005a8c	ff3ff0ef	jal	x1,80005a7e	  x1=0x80005a90
       85082000	      4152	80005a7e	3ffd	c.jal	80005a7c	  x1=0x80005a80
       85122000	      4154	80005a7c	a025	c.j	80005aa4	
       85162000	      4156	80005aa4	fdfff36f	jal	x6,80005a82	  x6=0x80005aa8
       85222000	      4159	80005a82	0040086f	jal	x16,80005a86	 x16=0x80005a86
       85282000	      4162	80005a86	bfcd	c.j	80005a78	
       85342000	      4165	80005a78	01a0036f	jal	x6,80005a92	  x6=0x80005a7c
       85422000	      4169	80005a92	fffff8ef	jal	x17,80005a90	 x17=0x80005a96
       85482000	      4172	80005a90	b7d5	c.j	80005a74	
       85542000	      4175	80005a74	028000ef	jal	x1,80005a9c	  x1=0x80005a78
       85602000	      4178	80005a9c	2011	c.jal	80005aa0	  x1=0x80005a9e
       85662000	      4181	80005aa0	fcbff8ef	jal	x17,80005a6a	 x17=0x80005aa4
       85722000	      4184	80005a6a	034000ef	jal	x1,80005a9e	  x1=0x80005a6e
       85782000	      4187	80005a9e	bfed	c.j	80005a98	
       85842000	      4190	80005a98	ff3ff0ef	jal	x1,80005a8a	  x1=0x80005a9c
       85902000	      4193	80005a8a	a00d	c.j	80005aac	
       86222000	      4209	80005aac	3ff5	c.jal	80005aa8	  x1=0x80005aae
       86262000	      4211	80005aa8	fcbff36f	jal	x6,80005a72	  x6=0x80005aac
       86322000	      4214	80005a72	bfd5	c.j	80005a66	
       86402000	      4218	80005a66	0480056f	jal	x10,80005aae	 x10=0x80005a6a
       86622000	      4229	80005aae	01588733	add	x14,x17,x21	 x17:0x80005aa4 x21:0x00000000 x14=0x80005aa4
       87042000	      4250	80005ab2	004000ef	jal	x1,80005ab6	  x1=0x80005ab6
       87082000	      4252	80005ab6	a809	c.j	80005ac8	
       87942000	      4295	80005ac8	008000ef	jal	x1,80005ad0	  x1=0x80005acc
       88922000	      4344	80005ad0	b7fd	c.j	80005abe	
       89142000	      4355	80005abe	0140016f	jal	x2,80005ad2	  x2=0x80005ac2
       89202000	      4358	80005ad2	bfed	c.j	80005acc	
       89262000	      4361	80005acc	ffbff36f	jal	x6,80005ac6	  x6=0x80005ad0
       89322000	      4364	80005ac6	bff5	c.j	80005ac2	
       89402000	      4368	80005ac2	ff7ff76f	jal	x14,80005ab8	 x14=0x80005ac6
       89462000	      4371	80005ab8	004000ef	jal	x1,80005abc	  x1=0x80005abc
       89522000	      4374	80005abc	2821	c.jal	80005ad4	  x1=0x80005abe
       89582000	      4377	80005ad4	0109dd33	srl	x26,x19,x16	 x19:0xf1e8b1fd x16:0x80005a86 x26=0x03c7a2c7
       89602000	      4378	80005ad8	006000ef	jal	x1,80005ade	  x1=0x80005adc
       89642000	      4380	80005ade	a029	c.j	80005ae8	
       90722000	      4434	80005ae8	008000ef	jal	x1,80005af0	  x1=0x80005aec
       90962000	      4446	80005af0	a029	c.j	80005afa	
       91002000	      4448	80005afa	b7dd	c.j	80005ae0	
       91062000	      4451	80005ae0	2809	c.jal	80005af2	  x1=0x80005ae2
       91122000	      4454	80005af2	2801	c.jal	80005b02	  x1=0x80005af4
       92222000	      4509	80005b02	fe1ff16f	jal	x2,80005ae2	  x2=0x80005b06
       92282000	      4512	80005ae2	02a00c6f	jal	x24,80005b0c	 x24=0x80005ae6
       92322000	      4514	80005b0c	bffd	c.j	80005b0a	
       92382000	      4517	80005b0a	37ed	c.jal	80005af4	  x1=0x80005b0c
       92422000	      4519	80005af4	2809	c.jal	80005b06	  x1=0x80005af6
       92482000	      4522	80005b06	fe1ff0ef	jal	x1,80005ae6	  x1=0x80005b0a
       92522000	      4524	80005ae6	a021	c.j	80005aee	
       92562000	      4526	80005aee	2801	c.jal	80005afe	  x1=0x80005af0
       92642000	      4530	80005afe	ff9ff0ef	jal	x1,80005af6	  x1=0x80005b02
       92702000	      4533	80005af6	a009	c.j	80005af8	
       92742000	      4535	80005af8	a011	c.j	80005afc	
       92782000	      4537	80005afc	b7c5	c.j	80005adc	
       92822000	      4539	80005adc	a801	c.j	80005aec	
       92862000	      4541	80005aec	a00d	c.j	80005b0e	
       92942000	      4545	80005b0e	017cf8b3	and	x17,x25,x23	 x25:0x00000001 x23:0x8001fe58 x17=0x00000000
       92962000	      4546	80005b12	014000ef	jal	x1,80005b26	  x1=0x80005b16
       93562000	      4576	80005b26	01200fef	jal	x31,80005b38	 x31=0x80005b2a
       93882000	      4592	80005b38	bff9	c.j	80005b16	
       93942000	      4595	80005b16	2021	c.jal	80005b1e	  x1=0x80005b18
       94002000	      4598	80005b1e	a83d	c.j	80005b5c	
       95082000	      4652	80005b5c	37d1	c.jal	80005b20	  x1=0x80005b5e
       95142000	      4655	80005b20	2805	c.jal	80005b50	  x1=0x80005b22
       96182000	      4707	80005b50	3ff9	c.jal	80005b2e	  x1=0x80005b52
       96242000	      4710	80005b2e	2021	c.jal	80005b36	  x1=0x80005b30
       96282000	      4712	80005b36	3ff5	c.jal	80005b32	  x1=0x80005b38
       96322000	      4714	80005b32	3fcd	c.jal	80005b24	  x1=0x80005b34
       96362000	      4716	80005b24	2801	c.jal	80005b34	  x1=0x80005b26
       96402000	      4718	80005b34	b7fd	c.j	80005b22	
       96442000	      4720	80005b22	2025	c.jal	80005b4a	  x1=0x80005b24
       96502000	      4723	80005b4a	ff1ff0ef	jal	x1,80005b3a	  x1=0x80005b4e
       96562000	      4726	80005b3a	fdfff36f	jal	x6,80005b18	  x6=0x80005b3e
       96622000	      4729	80005b18	2805	c.jal	80005b48	  x1=0x80005b1a
       96662000	      4731	80005b48	a029	c.j	80005b52	
       96722000	      4734	80005b52	004000ef	jal	x1,80005b56	  x1=0x80005b56
       96782000	      4737	80005b56	bfe9	c.j	80005b30	
       96822000	      4739	80005b30	a801	c.j	80005b40	
       96862000	      4741	80005b40	a019	c.j	80005b46	
       96902000	      4743	80005b46	a811	c.j	80005b5a	
       96942000	      4745	80005b5a	3fd5	c.jal	80005b4e	  x1=0x80005b5c
       96982000	      4747	80005b4e	2801	c.jal	80005b5e	  x1=0x80005b50
       97022000	      4749	80005b5e	37d5	c.jal	80005b42	  x1=0x80005b60
       97082000	      4752	80005b42	fe9ff2ef	jal	x5,80005b2a	  x5=0x80005b46
       97142000	      4755	80005b2a	02e0036f	jal	x6,80005b58	  x6=0x80005b2e
       97202000	      4758	80005b58	b7dd	c.j	80005b3e	
       97262000	      4761	80005b3e	3ff1	c.jal	80005b1a	  x1=0x80005b40
       97342000	      4765	80005b1a	0460056f	jal	x10,80005b60	 x10=0x80005b1e
       97422000	      4769	80005b60	02c7b733	mulhu	x14,x15,x12	 x15:0x80008e7e x12:0xf1e8b1fd x14=0x78f4dfa4
       97442000	      4770	80005b64	02e000ef	jal	x1,80005b92	  x1=0x80005b68
       97802000	      4788	80005b92	fd9ff0ef	jal	x1,80005b6a	  x1=0x80005b96
       97842000	      4790	80005b6a	a821	c.j	80005b82	
       98222000	      4809	80005b82	004000ef	jal	x1,80005b86	  x1=0x80005b86
       98862000	      4841	80005b86	3fd5	c.jal	80005b7a	  x1=0x80005b88
       99122000	      4854	80005b7a	ff3ffcef	jal	x25,80005b6c	 x25=0x80005b7e
       99162000	      4856	80005b6c	2839	c.jal	80005b8a	  x1=0x80005b6e
       99222000	      4859	80005b8a	fffff0ef	jal	x1,80005b88	  x1=0x80005b8e
       99262000	      4861	80005b88	3fdd	c.jal	80005b7e	  x1=0x80005b8a
       99342000	      4865	80005b7e	ff1ff1ef	jal	x3,80005b6e	  x3=0x80005b82
       99962000	      4896	80005b6e	006000ef	jal	x1,80005b74	  x1=0x80005b72
      100002000	      4898	80005b74	3ffd	c.jal	80005b72	  x1=0x80005b76
      100042000	      4900	80005b72	a011	c.j	80005b76	
      100082000	      4902	80005b76	2009	c.jal	80005b78	  x1=0x80005b78
      100122000	      4904	80005b78	2839	c.jal	80005b96	  x1=0x80005b7a
      100502000	      4923	80005b96	fd3ff0ef	jal	x1,80005b68	  x1=0x80005b9a
      100542000	      4925	80005b68	a01d	c.j	80005b8e	
      100622000	      4929	80005b8e	00c008ef	jal	x17,80005b9a	 x17=0x80005b92
      100702000	      4933	80005b9a	0ff0000f	fence	iorw,iorw	
      100722000	      4934	80005b9e	006000ef	jal	x1,80005ba4	  x1=0x80005ba2
      100762000	      4936	80005ba4	006009ef	jal	x19,80005baa	 x19=0x80005ba8
      101442000	      4970	80005baa	02800def	jal	x27,80005bd2	 x27=0x80005bae
      101702000	      4983	80005bd2	bfd9	c.j	80005ba8	
      101762000	      4986	80005ba8	2821	c.jal	80005bc0	  x1=0x80005baa
      101982000	      4997	80005bc0	ffdff36f	jal	x6,80005bbc	  x6=0x80005bc4
      102062000	      5001	80005bbc	00a000ef	jal	x1,80005bc6	  x1=0x80005bc0
      102242000	      5010	80005bc6	3ffd	c.jal	80005bc4	  x1=0x80005bc8
      102282000	      5012	80005bc4	2801	c.jal	80005bd4	  x1=0x80005bc6
      102342000	      5015	80005bd4	ff7ff36f	jal	x6,80005bca	  x6=0x80005bd8
      102402000	      5018	80005bca	37ed	c.jal	80005bb4	  x1=0x80005bcc
      102462000	      5021	80005bb4	018000ef	jal	x1,80005bcc	  x1=0x80005bb8
      102502000	      5023	80005bcc	3ff5	c.jal	80005bc8	  x1=0x80005bce
      102542000	      5025	80005bc8	37e5	c.jal	80005bb0	  x1=0x80005bca
      102582000	      5027	80005bb0	a839	c.j	80005bce	
      102702000	      5033	80005bce	fd5ff56f	jal	x10,80005ba2	 x10=0x80005bd2
      102762000	      5036	80005ba2	2801	c.jal	80005bb2	  x1=0x80005ba4
      102822000	      5039	80005bb2	2019	c.jal	80005bb8	  x1=0x80005bb4
      102882000	      5042	80005bb8	ff7ff0ef	jal	x1,80005bae	  x1=0x80005bbc
      102942000	      5045	80005bae	202d	c.jal	80005bd8	  x1=0x80005bb0
      103002000	      5048	80005bd8	1584	c.addi4spn	x9,x2,736	  x9=0x80005de6
      103022000	      5049	80005bda	010000ef	jal	x1,80005bea	  x1=0x80005bde
      103462000	      5071	80005bea	ffdff0ef	jal	x1,80005be6	  x1=0x80005bee
      103502000	      5073	80005be6	2009	c.jal	80005be8	  x1=0x80005be8
      103562000	      5076	80005be8	a809	c.j	80005bfa	
      104262000	      5111	80005bfa	3fd5	c.jal	80005bee	  x1=0x80005bfc
      104302000	      5113	80005bee	bfcd	c.j	80005be0	
      104362000	      5116	80005be0	3ffd	c.jal	80005bde	  x1=0x80005be2
      104402000	      5118	80005bde	2809	c.jal	80005bf0	  x1=0x80005be0
      104442000	      5120	80005bf0	004000ef	jal	x1,80005bf4	  x1=0x80005bf4
      104482000	      5122	80005bf4	a009	c.j	80005bf6	
      104542000	      5125	80005bf6	00a0036f	jal	x6,80005c00	  x6=0x80005bfa
      104582000	      5127	80005c00	bffd	c.j	80005bfe	
      104622000	      5129	80005bfe	37dd	c.jal	80005be4	  x1=0x80005c00
      104682000	      5132	80005be4	a821	c.j	80005bfc	
      104742000	      5135	80005bfc	37dd	c.jal	80005be2	  x1=0x80005bfe
      104802000	      5138	80005be2	2005	c.jal	80005c02	  x1=0x80005be4
      104862000	      5141	80005c02	8fc1	c.or	x15,x8	 x15:0x80008e7e  x8:0x00073c46 x15=0x8007be7e
      104882000	      5142	80005c04	012000ef	jal	x1,80005c16	  x1=0x80005c08
      105142000	      5155	80005c16	bfcd	c.j	80005c08	
      105222000	      5159	80005c08	a829	c.j	80005c22	
      108362000	      5316	80005c22	2809	c.jal	80005c34	  x1=0x80005c24
      108402000	      5318	80005c34	3fe5	c.jal	80005c2c	  x1=0x80005c36
      108442000	      5320	80005c2c	fdffff6f	jal	x30,80005c0a	 x30=0x80005c30
      108502000	      5323	80005c0a	2039	c.jal	80005c18	  x1=0x80005c0c
      108562000	      5326	80005c18	bfed	c.j	80005c12	
      108622000	      5329	80005c12	a01d	c.j	80005c38	
      109182000	      5357	80005c38	0080016f	jal	x2,80005c40	  x2=0x80005c3c
      109822000	      5389	80005c40	3fe9	c.jal	80005c1a	  x1=0x80005c42
      109882000	      5392	80005c1a	bfed	c.j	80005c14	
      109942000	      5395	80005c14	a00d	c.j	80005c36	
      110002000	      5398	80005c36	b7dd	c.j	80005c1c	
      110042000	      5400	80005c1c	ff3ff0ef	jal	x1,80005c0e	  x1=0x80005c20
      110122000	      5404	80005c0e	fffff1ef	jal	x3,80005c0c	  x3=0x80005c12
      110182000	      5407	80005c0c	a805	c.j	80005c3c	
      110242000	      5410	80005c3c	37e5	c.jal	80005c24	  x1=0x80005c3e
      110302000	      5413	80005c24	2829	c.jal	80005c3e	  x1=0x80005c26
      110362000	      5416	80005c3e	37f5	c.jal	80005c2a	  x1=0x80005c40
      110422000	      5419	80005c2a	bfdd	c.j	80005c20	
      110482000	      5422	80005c20	200d	c.jal	80005c42	  x1=0x80005c22
      110542000	      5425	80005c42	fefff0ef	jal	x1,80005c30	  x1=0x80005c46
      110582000	      5427	80005c30	ff7ff0ef	jal	x1,80005c26	  x1=0x80005c34
      110642000	      5430	80005c26	0200036f	jal	x6,80005c46	  x6=0x80005c2a
      110702000	      5433	80005c46	91610013	addi	x0,x2,-1770	  x2:0x80005c3c  x0=0x00000000
      110722000	      5434	80005c4a	026000ef	jal	x1,80005c70	  x1=0x80005c4e
      110862000	      5441	80005c70	3ff5	c.jal	80005c6c	  x1=0x80005c72
      112022000	      5499	80005c6c	3fc5	c.jal	80005c5c	  x1=0x80005c6e
      112222000	      5509	80005c5c	a039	c.j	80005c6a	
      112262000	      5511	80005c6a	2021	c.jal	80005c72	  x1=0x80005c6c
      112322000	      5514	80005c72	a015	c.j	80005c96	
      113302000	      5563	80005c96	3fdd	c.jal	80005c8c	  x1=0x80005c98
      113942000	      5595	80005c8c	3fc5	c.jal	80005c7c	  x1=0x80005c8e
      113982000	      5597	80005c7c	3fd9	c.jal	80005c52	  x1=0x80005c7e
      114042000	      5600	80005c52	00c0036f	jal	x6,80005c5e	  x6=0x80005c56
      114122000	      5604	80005c5e	0280026f	jal	x4,80005c86	  x4=0x80005c62
      114162000	      5606	80005c86	37e5	c.jal	80005c6e	  x1=0x80005c88
      114442000	      5620	80005c6e	3fd5	c.jal	80005c62	  x1=0x80005c70
      114502000	      5623	80005c62	2809	c.jal	80005c74	  x1=0x80005c64
      114542000	      5625	80005c74	00a0036f	jal	x6,80005c7e	  x6=0x80005c78
      114622000	      5629	80005c7e	fe9ff86f	jal	x16,80005c66	 x16=0x80005c82
      114682000	      5632	80005c66	a03d	c.j	80005c94	
      114742000	      5635	80005c94	37d5	c.jal	80005c78	  x1=0x80005c96
      114802000	      5638	80005c78	a801	c.j	80005c88	
      114862000	      5641	80005c88	fddffeef	jal	x29,80005c64	 x29=0x80005c8c
      114902000	      5643	80005c64	a839	c.j	80005c82	
      114962000	      5646	80005c82	fd5ff36f	jal	x6,80005c56	  x6=0x80005c86
      115022000	      5649	80005c56	a82d	c.j	80005c90	
      115082000	      5652	80005c90	fbfff36f	jal	x6,80005c4e	  x6=0x80005c94
      115142000	      5655	80005c4e	2035	c.jal	80005c7a	  x1=0x80005c50
      115202000	      5658	80005c7a	37fd	c.jal	80005c68	  x1=0x80005c7c
      115242000	      5660	80005c68	3fc5	c.jal	80005c58	  x1=0x80005c6a
      115282000	      5662	80005c58	036000ef	jal	x1,80005c8e	  x1=0x80005c5c
      115322000	      5664	80005c8e	b7c9	c.j	80005c50	
      115402000	      5668	80005c50	a0a1	c.j	80005c98	
      115462000	      5671	80005c98	8492fc93	andi	x25,x5,-1975	  x5:0x80005b46 x25=0x80005840
      115482000	      5672	80005c9c	00e000ef	jal	x1,80005caa	  x1=0x80005ca0
      116122000	      5704	80005caa	2011	c.jal	80005cae	  x1=0x80005cac
      116822000	      5739	80005cae	bffd	c.j	80005cac	
      116882000	      5742	80005cac	2011	c.jal	80005cb0	  x1=0x80005cae
      116942000	      5745	80005cb0	ff5ff0ef	jal	x1,80005ca4	  x1=0x80005cb4
      117002000	      5748	80005ca4	010002ef	jal	x5,80005cb4	  x5=0x80005ca8
      117062000	      5751	80005cb4	bfd5	c.j	80005ca8	
      117122000	      5754	80005ca8	3fed	c.jal	80005ca2	  x1=0x80005caa
      117182000	      5757	80005ca2	2811	c.jal	80005cb6	  x1=0x80005ca4
      117262000	      5761	80005cb6	febff36f	jal	x6,80005ca0	  x6=0x80005cba
      117302000	      5763	80005ca0	a829	c.j	80005cba	
      117382000	      5767	80005cba	fed4f913	andi	x18,x9,-19	  x9:0x80005de6 x18=0x80005de4
      117722000	      5784	80005cbe	00e000ef	jal	x1,80005ccc	  x1=0x80005cc2
      118342000	      5815	80005ccc	028000ef	jal	x1,80005cf4	  x1=0x80005cd0
      118682000	      5832	80005cf4	bfc5	c.j	80005ce4	
      119462000	      5871	80005ce4	ffdff36f	jal	x6,80005ce0	  x6=0x80005ce8
      120242000	      5910	80005ce0	a009	c.j	80005ce2	
      120282000	      5912	80005ce2	bfd5	c.j	80005cd6	
      120362000	      5916	80005cd6	a831	c.j	80005cf2	
      120422000	      5919	80005cf2	bfdd	c.j	80005ce8	
      120482000	      5922	80005ce8	fe1ff9ef	jal	x19,80005cc8	 x19=0x80005cec
      120542000	      5925	80005cc8	008000ef	jal	x1,80005cd0	  x1=0x80005ccc
      120602000	      5928	80005cd0	00e000ef	jal	x1,80005cde	  x1=0x80005cd4
      120662000	      5931	80005cde	a039	c.j	80005cec	
      120722000	      5934	80005cec	a009	c.j	80005cee	
      120782000	      5937	80005cee	3fe1	c.jal	80005cc6	  x1=0x80005cf0
      120842000	      5940	80005cc6	280d	c.jal	80005cf8	  x1=0x80005cc8
      120902000	      5943	80005cf8	3fe5	c.jal	80005cf0	  x1=0x80005cfa
      120962000	      5946	80005cf0	b7e5	c.j	80005cd8	
      121002000	      5948	80005cd8	37ed	c.jal	80005cc2	  x1=0x80005cda
      121062000	      5951	80005cc2	0340036f	jal	x6,80005cf6	  x6=0x80005cc6
      121122000	      5954	80005cf6	b7d5	c.j	80005cda	
      121182000	      5957	80005cda	ffbff0ef	jal	x1,80005cd4	  x1=0x80005cde
      121222000	      5959	80005cd4	201d	c.jal	80005cfa	  x1=0x80005cd6
      121282000	      5962	80005cfa	e8cd8793	addi	x15,x27,-372	 x27:0x80005bae x15=0x80005a3a
      121302000	      5963	80005cfe	008000ef	jal	x1,80005d06	  x1=0x80005d02
      121722000	      5984	80005d06	0200026f	jal	x4,80005d26	  x4=0x80005d0a
      123082000	      6052	80005d26	fe9ffc6f	jal	x24,80005d0e	 x24=0x80005d2a
      123282000	      6062	80005d0e	006000ef	jal	x1,80005d14	  x1=0x80005d12
      123342000	      6065	80005d14	024000ef	jal	x1,80005d38	  x1=0x80005d18
      123762000	      6086	80005d38	b7d5	c.j	80005d1c	
      123802000	      6088	80005d1c	01e000ef	jal	x1,80005d3a	  x1=0x80005d20
      123862000	      6091	80005d3a	b7e9	c.j	80005d04	
      123922000	      6094	80005d04	bffd	c.j	80005d02	
      123982000	      6097	80005d02	2801	c.jal	80005d12	  x1=0x80005d04
      124042000	      6100	80005d12	3fe5	c.jal	80005d0a	  x1=0x80005d14
      124102000	      6103	80005d0a	a02d	c.j	80005d34	
      124162000	      6106	80005d34	bff5	c.j	80005d30	
      124222000	      6109	80005d30	febff2ef	jal	x5,80005d1a	  x5=0x80005d34
      124282000	      6112	80005d1a	a831	c.j	80005d36	
      124342000	      6115	80005d36	bfdd	c.j	80005d2c	
      124402000	      6118	80005d2c	fffff0ef	jal	x1,80005d2a	  x1=0x80005d30
      124462000	      6121	80005d2a	b7fd	c.j	80005d18	
      124522000	      6124	80005d18	a029	c.j	80005d22	
      124602000	      6128	80005d22	febff0ef	jal	x1,80005d0c	  x1=0x80005d26
      124642000	      6130	80005d0c	2811	c.jal	80005d20	  x1=0x80005d0e
      124682000	      6132	80005d20	2831	c.jal	80005d3c	  x1=0x80005d22
      125442000	      6170	80005d3c	03b14db3	div	x27,x2,x27	  x2:0x80005c3c x27:0x80005bae x27=0x00000000
      125462000	      6171	80005d40	022000ef	jal	x1,80005d62	  x1=0x80005d44
      125862000	      6191	80005d62	2019	c.jal	80005d68	  x1=0x80005d64
      126662000	      6231	80005d68	ff3ff86f	jal	x16,80005d5a	 x16=0x80005d6c
      127082000	      6252	80005d5a	a005	c.j	80005d7a	
      127142000	      6255	80005d7a	37e9	c.jal	80005d44	  x1=0x80005d7c
      127182000	      6257	80005d44	2029	c.jal	80005d4e	  x1=0x80005d46
      127242000	      6260	80005d4e	a801	c.j	80005d5e	
      127662000	      6281	80005d5e	2819	c.jal	80005d74	  x1=0x80005d60
      127702000	      6283	80005d74	bff1	c.j	80005d50	
      127742000	      6285	80005d50	0260036f	jal	x6,80005d76	  x6=0x80005d54
      127782000	      6287	80005d76	37dd	c.jal	80005d5c	  x1=0x80005d78
      127862000	      6291	80005d5c	2021	c.jal	80005d64	  x1=0x80005d5e
      127922000	      6294	80005d64	fe7ff0ef	jal	x1,80005d4a	  x1=0x80005d68
      127982000	      6297	80005d4a	3ff5	c.jal	80005d46	  x1=0x80005d4c
      128102000	      6303	80005d46	02a000ef	jal	x1,80005d70	  x1=0x80005d4a
      128162000	      6306	80005d70	fe5ff36f	jal	x6,80005d54	  x6=0x80005d74
      128202000	      6308	80005d54	004000ef	jal	x1,80005d58	  x1=0x80005d58
      128242000	      6310	80005d58	bfd5	c.j	80005d4c	
      128282000	      6312	80005d4c	a035	c.j	80005d78	
      128322000	      6314	80005d78	3fd5	c.jal	80005d6c	  x1=0x80005d7a
      128362000	      6316	80005d6c	ff5ff36f	jal	x6,80005d60	  x6=0x80005d70
      128462000	      6321	80005d60	a831	c.j	80005d7c	
      128502000	      6323	80005d7c	d12f4537	lui	x10,0xd12f4	 x10=0xd12f4000
      128522000	      6324	80005d80	014000ef	jal	x1,80005d94	  x1=0x80005d84
      128702000	      6333	80005d94	ff3ffa6f	jal	x20,80005d86	 x20=0x80005d98
      128822000	      6339	80005d86	0080036f	jal	x6,80005d8e	  x6=0x80005d8a
      128882000	      6342	80005d8e	2009	c.jal	80005d90	  x1=0x80005d90
      128942000	      6345	80005d90	2021	c.jal	80005d98	  x1=0x80005d92
      129362000	      6366	80005d98	3fcd	c.jal	80005d8a	  x1=0x80005d9a
      129422000	      6369	80005d8a	020000ef	jal	x1,80005daa	  x1=0x80005d8e
      129842000	      6390	80005daa	3ff5	c.jal	80005da6	  x1=0x80005dac
      129902000	      6393	80005da6	a009	c.j	80005da8	
      129962000	      6396	80005da8	bfcd	c.j	80005d9a	
      130002000	      6398	80005d9a	37ed	c.jal	80005d84	  x1=0x80005d9c
      130042000	      6400	80005d84	a005	c.j	80005da4	
      130082000	      6402	80005da4	a021	c.j	80005dac	
      130162000	      6406	80005dac	fe7ff0ef	jal	x1,80005d92	  x1=0x80005db0
      130222000	      6409	80005d92	a029	c.j	80005d9c	
      130282000	      6412	80005d9c	0060036f	jal	x6,80005da2	  x6=0x80005da0
      130342000	      6415	80005da2	bffd	c.j	80005da0	
      130402000	      6418	80005da0	a801	c.j	80005db0	
      130462000	      6421	80005db0	8d59	c.or	x10,x14	 x10:0xd12f4000 x14:0x78f4dfa4 x10=0xf9ffdfa4
      130482000	      6422	80005db2	034000ef	jal	x1,80005de6	  x1=0x80005db6
      131102000	      6453	80005de6	ffbff0ef	jal	x1,80005de0	  x1=0x80005dea
      131142000	      6455	80005de0	37e5	c.jal	80005dc8	  x1=0x80005de2
      131762000	      6486	80005dc8	004000ef	jal	x1,80005dcc	  x1=0x80005dcc
      132282000	      6512	80005dcc	febff1ef	jal	x3,80005db6	  x3=0x80005dd0
      132362000	      6516	80005db6	2839	c.jal	80005dd4	  x1=0x80005db8
      132422000	      6519	80005dd4	ffdff0ef	jal	x1,80005dd0	  x1=0x80005dd8
      132462000	      6521	80005dd0	fedff0ef	jal	x1,80005dbc	  x1=0x80005dd4
      132502000	      6523	80005dbc	006009ef	jal	x19,80005dc2	 x19=0x80005dc0
      132802000	      6538	80005dc2	016001ef	jal	x3,80005dd8	  x3=0x80005dc6
      132842000	      6540	80005dd8	a009	c.j	80005dda	
      132882000	      6542	80005dda	a009	c.j	80005ddc	
      132922000	      6544	80005ddc	febff86f	jal	x16,80005dc6	 x16=0x80005de0
      132962000	      6546	80005dc6	2831	c.jal	80005de2	  x1=0x80005dc8
      133022000	      6549	80005de2	00c00def	jal	x27,80005dee	 x27=0x80005de6
      133082000	      6552	80005dee	2009	c.jal	80005df0	  x1=0x80005df0
      133122000	      6554	80005df0	37e1	c.jal	80005db8	  x1=0x80005df2
      133162000	      6556	80005db8	0320036f	jal	x6,80005dea	  x6=0x80005dbc
      133222000	      6559	80005dea	fd7ff36f	jal	x6,80005dc0	  x6=0x80005dee
      133262000	      6561	80005dc0	a80d	c.j	80005df2	
      133302000	      6563	80005df2	8c41	c.or	x8,x8	  x8:0x00073c46  x8:0x00073c46  x8=0x00073c46
      133322000	      6564	80005df4	006000ef	jal	x1,80005dfa	  x1=0x80005df8
      133362000	      6566	80005dfa	2021	c.jal	80005e02	  x1=0x80005dfc
      133562000	      6576	80005e02	01c000ef	jal	x1,80005e1e	  x1=0x80005e06
      134562000	      6626	80005e1e	ff9ff1ef	jal	x3,80005e16	  x3=0x80005e22
      134602000	      6628	80005e16	bfe5	c.j	80005e0e	
      134662000	      6631	80005e0e	a009	c.j	80005e10	
      134702000	      6633	80005e10	2011	c.jal	80005e14	  x1=0x80005e12
      134742000	      6635	80005e14	2021	c.jal	80005e1c	  x1=0x80005e16
      134782000	      6637	80005e1c	b7f5	c.j	80005e08	
      134862000	      6641	80005e08	2809	c.jal	80005e1a	  x1=0x80005e0a
      134922000	      6644	80005e1a	37d5	c.jal	80005dfe	  x1=0x80005e1c
      135042000	      6650	80005dfe	01a000ef	jal	x1,80005e18	  x1=0x80005e02
      135102000	      6653	80005e18	b7d5	c.j	80005dfc	
      135142000	      6655	80005dfc	201d	c.jal	80005e22	  x1=0x80005dfe
      135202000	      6658	80005e22	fe9ff26f	jal	x4,80005e0a	  x4=0x80005e26
      135282000	      6662	80005e0a	008000ef	jal	x1,80005e12	  x1=0x80005e0e
      135342000	      6665	80005e12	37dd	c.jal	80005df8	  x1=0x80005e14
      135402000	      6668	80005df8	2039	c.jal	80005e06	  x1=0x80005dfa
      135462000	      6671	80005e06	2005	c.jal	80005e26	  x1=0x80005e08
      135542000	      6675	80005e26	41285913	srai	x18,x16,0x12	 x16:0x80005de0 x18=0xffffe000
      135562000	      6676	80005e2a	00e000ef	jal	x1,80005e38	  x1=0x80005e2e
      135902000	      6693	80005e38	a031	c.j	80005e44	
      136422000	      6719	80005e44	00c0036f	jal	x6,80005e50	  x6=0x80005e48
      137242000	      6760	80005e50	37d5	c.jal	80005e34	  x1=0x80005e52
      137302000	      6763	80005e34	a039	c.j	80005e42	
      137362000	      6766	80005e42	a801	c.j	80005e52	
      137422000	      6769	80005e52	37c5	c.jal	80005e32	  x1=0x80005e54
      137482000	      6772	80005e32	2011	c.jal	80005e36	  x1=0x80005e34
      137542000	      6775	80005e36	a819	c.j	80005e4c	
      137602000	      6778	80005e4c	bfd5	c.j	80005e40	
      137662000	      6781	80005e40	a039	c.j	80005e4e	
      137722000	      6784	80005e4e	37cd	c.jal	80005e30	  x1=0x80005e50
      137782000	      6787	80005e30	2829	c.jal	80005e4a	  x1=0x80005e32
      137842000	      6790	80005e4a	bffd	c.j	80005e48	
      137902000	      6793	80005e48	b7dd	c.j	80005e2e	
      137962000	      6796	80005e2e	a039	c.j	80005e3c	
      138022000	      6799	80005e3c	fffff0ef	jal	x1,80005e3a	  x1=0x80005e40
      138062000	      6801	80005e3a	2829	c.jal	80005e54	  x1=0x80005e3c
      138102000	      6803	80005e54	8221	c.srli	x12,0x8	 x12:0xf1e8b1fd x12=0x00f1e8b1
      138142000	      6805	80005e56	006000ef	jal	x1,80005e5c	  x1=0x80005e5a
      138202000	      6808	80005e5c	a009	c.j	80005e5e	
      138262000	      6811	80005e5e	2801	c.jal	80005e6e	  x1=0x80005e60
      138882000	      6842	80005e6e	bff5	c.j	80005e6a	
      139302000	      6863	80005e6a	00e000ef	jal	x1,80005e78	  x1=0x80005e6e
      139342000	      6865	80005e78	37f5	c.jal	80005e64	  x1=0x80005e7a
      139402000	      6868	80005e64	bfdd	c.j	80005e5a	
      139462000	      6871	80005e5a	200d	c.jal	80005e7c	  x1=0x80005e5c
      139522000	      6874	80005e7c	b7d5	c.j	80005e60	
      139582000	      6877	80005e60	2801	c.jal	80005e70	  x1=0x80005e62
      139642000	      6880	80005e70	00a001ef	jal	x3,80005e7a	  x3=0x80005e74
      139702000	      6883	80005e7a	bfed	c.j	80005e74	
      139742000	      6885	80005e74	ff3ff0ef	jal	x1,80005e66	  x1=0x80005e78
      139822000	      6889	80005e66	ffdff0ef	jal	x1,80005e62	  x1=0x80005e6a
      139862000	      6891	80005e62	a831	c.j	80005e7e	
      139902000	      6893	80005e7e	6645	c.lui	x12,0x11	 x12=0x00011000
      154822000	      7639	80005e80	03a000ef	jal	x1,80005eba	  x1=0x80005e84
      155022000	      7649	80005eba	fefff0ef	jal	x1,80005ea8	  x1=0x80005ebe
      156102000	      7703	80005ea8	3ff1	c.jal	80005e84	  x1=0x80005eaa
      156162000	      7706	80005e84	0340036f	jal	x6,80005eb8	  x6=0x80005e88
      156222000	      7709	80005eb8	bff9	c.j	80005e96	
      156282000	      7712	80005e96	2839	c.jal	80005eb4	  x1=0x80005e98
      156662000	      7731	80005eb4	febff0ef	jal	x1,80005e9e	  x1=0x80005eb8
      156722000	      7734	80005e9e	37ed	c.jal	80005e88	  x1=0x80005ea0
      156762000	      7736	80005e88	281d	c.jal	80005ebe	  x1=0x80005e8a
      156822000	      7739	80005ebe	b7f1	c.j	80005e8a	
      156862000	      7741	80005e8a	a005	c.j	80005eaa	
      156902000	      7743	80005eaa	37d5	c.jal	80005e8e	  x1=0x80005eac
      156962000	      7746	80005e8e	022000ef	jal	x1,80005eb0	  x1=0x80005e92
      157022000	      7749	80005eb0	ff3ff4ef	jal	x9,80005ea2	  x9=0x80005eb4
      157082000	      7752	80005ea2	37ed	c.jal	80005e8c	  x1=0x80005ea4
      157142000	      7755	80005e8c	2019	c.jal	80005e92	  x1=0x80005e8e
      157222000	      7759	80005e92	01a00e6f	jal	x28,80005eac	 x28=0x80005e96
      157282000	      7762	80005eac	fefff0ef	jal	x1,80005e9a	  x1=0x80005eb0
      157362000	      7766	80005e9a	006000ef	jal	x1,80005ea0	  x1=0x80005e9e
      157402000	      7768	80005ea0	3fe5	c.jal	80005e98	  x1=0x80005ea2
      157442000	      7770	80005e98	a031	c.j	80005ea4	
      157482000	      7772	80005ea4	01c000ef	jal	x1,80005ec0	  x1=0x80005ea8
      157522000	      7774	80005ec0	c641b237	lui	x4,0xc641b	  x4=0xc641b000
      157542000	      7775	80005ec4	024000ef	jal	x1,80005ee8	  x1=0x80005ec8
      158262000	      7811	80005ee8	ffbff0ef	jal	x1,80005ee2	  x1=0x80005eec
      158882000	      7842	80005ee2	fe9ffa6f	jal	x20,80005eca	 x20=0x80005ee6
      158922000	      7844	80005eca	203d	c.jal	80005ef8	  x1=0x80005ecc
      158962000	      7846	80005ef8	3ffd	c.jal	80005ef6	  x1=0x80005efa
      159002000	      7848	80005ef6	3ffd	c.jal	80005ef4	  x1=0x80005ef8
      159042000	      7850	80005ef4	37e5	c.jal	80005edc	  x1=0x80005ef6
      159322000	      7864	80005edc	ffdff0ef	jal	x1,80005ed8	  x1=0x80005ee0
      159402000	      7868	80005ed8	2821	c.jal	80005ef0	  x1=0x80005eda
      159462000	      7871	80005ef0	febff0ef	jal	x1,80005eda	  x1=0x80005ef4
      159502000	      7873	80005eda	2019	c.jal	80005ee0	  x1=0x80005edc
      159542000	      7875	80005ee0	37e5	c.jal	80005ec8	  x1=0x80005ee2
      159582000	      7877	80005ec8	a031	c.j	80005ed4	
      159622000	      7879	80005ed4	ff9ffcef	jal	x25,80005ecc	 x25=0x80005ed8
      159662000	      7881	80005ecc	2005	c.jal	80005eec	  x1=0x80005ece
      159702000	      7883	80005eec	ffbff2ef	jal	x5,80005ee6	  x5=0x80005ef0
      159742000	      7885	80005ee6	b7ed	c.j	80005ed0	
      159862000	      7891	80005ed0	fffff0ef	jal	x1,80005ece	  x1=0x80005ed4
      159902000	      7893	80005ece	2035	c.jal	80005efa	  x1=0x80005ed0
      159942000	      7895	80005efa	8d39	c.xor	x10,x14	 x10:0xf9ffdfa4 x14:0x78f4dfa4 x10=0x810b0000
      159962000	      7896	80005efc	022000ef	jal	x1,80005f1e	  x1=0x80005f00
      160262000	      7911	80005f1e	a009	c.j	80005f20	
      161442000	      7970	80005f20	bff5	c.j	80005f1c	
      161482000	      7972	80005f1c	a021	c.j	80005f24	
      161642000	      7980	80005f24	37dd	c.jal	80005f0a	  x1=0x80005f26
      162262000	      8011	80005f0a	006000ef	jal	x1,80005f10	  x1=0x80005f0e
      162422000	      8019	80005f10	bfd5	c.j	80005f04	
      162482000	      8022	80005f04	01000f6f	jal	x30,80005f14	 x30=0x80005f08
      162522000	      8024	80005f14	2039	c.jal	80005f22	  x1=0x80005f16
      162562000	      8026	80005f22	3fdd	c.jal	80005f18	  x1=0x80005f24
      162602000	      8028	80005f18	fe9ff0ef	jal	x1,80005f00	  x1=0x80005f1c
      162642000	      8030	80005f00	2021	c.jal	80005f08	  x1=0x80005f02
      162682000	      8032	80005f08	bfed	c.j	80005f02	
      162722000	      8034	80005f02	a801	c.j	80005f12	
      162762000	      8036	80005f12	2011	c.jal	80005f16	  x1=0x80005f14
      162802000	      8038	80005f16	3fe5	c.jal	80005f0e	  x1=0x80005f18
      162842000	      8040	80005f0e	2821	c.jal	80005f26	  x1=0x80005f10
      162902000	      8043	80005f26	6adb3a93	sltiu	x21,x22,1709	 x22:0xfffffffc x21=0x00000000
      162922000	      8044	80005f2a	024000ef	jal	x1,80005f4e	  x1=0x80005f2e
      163282000	      8062	80005f4e	00e000ef	jal	x1,80005f5c	  x1=0x80005f52
      163722000	      8084	80005f5c	3fc5	c.jal	80005f4c	  x1=0x80005f5e
      163782000	      8087	80005f4c	2031	c.jal	80005f58	  x1=0x80005f4e
      163842000	      8090	80005f58	b7ed	c.j	80005f42	
      164902000	      8143	80005f42	bfed	c.j	80005f3c	
      164942000	      8145	80005f3c	2011	c.jal	80005f40	  x1=0x80005f3e
      165782000	      8187	80005f40	a005	c.j	80005f60	
      165822000	      8189	80005f60	fd9ff3ef	jal	x7,80005f38	  x7=0x80005f64
      165862000	      8191	80005f38	0100036f	jal	x6,80005f48	  x6=0x80005f3c
      165902000	      8193	80005f48	fe7ff0ef	jal	x1,80005f2e	  x1=0x80005f4c
      165962000	      8196	80005f2e	004009ef	jal	x19,80005f32	 x19=0x80005f32
      166022000	      8199	80005f32	a035	c.j	80005f5e	
      166082000	      8202	80005f5e	3fd9	c.jal	80005f34	  x1=0x80005f60
      166142000	      8205	80005f34	02000cef	jal	x25,80005f54	 x25=0x80005f38
      166202000	      8208	80005f54	febff0ef	jal	x1,80005f3e	  x1=0x80005f58
      166262000	      8211	80005f3e	2831	c.jal	80005f5a	  x1=0x80005f40
      166322000	      8214	80005f5a	37ed	c.jal	80005f44	  x1=0x80005f5c
      166362000	      8216	80005f44	a009	c.j	80005f46	
      166402000	      8218	80005f46	2031	c.jal	80005f52	  x1=0x80005f48
      166442000	      8220	80005f52	a809	c.j	80005f64	
      166482000	      8222	80005f64	001084b3	add	x9,x1,x1	  x1:0x80005f48  x1:0x80005f48  x9=0x0000be90
      166522000	      8224	80005f68	00a000ef	jal	x1,80005f72	  x1=0x80005f6c
      166922000	      8244	80005f72	2819	c.jal	80005f88	  x1=0x80005f74
      167502000	      8273	80005f88	ffdff0ef	jal	x1,80005f84	  x1=0x80005f8c
      167542000	      8275	80005f84	ff1ffeef	jal	x29,80005f74	 x29=0x80005f88
      167602000	      8278	80005f74	2831	c.jal	80005f90	  x1=0x80005f76
      168242000	      8310	80005f90	004002ef	jal	x5,80005f94	  x5=0x80005f94
      168282000	      8312	80005f94	bff1	c.j	80005f70	
      168742000	      8335	80005f70	2021	c.jal	80005f78	  x1=0x80005f72
      168802000	      8338	80005f78	3ffd	c.jal	80005f76	  x1=0x80005f7a
      168862000	      8341	80005f76	a005	c.j	80005f96	
      168922000	      8344	80005f96	a009	c.j	80005f98	
      168982000	      8347	80005f98	bfd1	c.j	80005f6c	
      169042000	      8350	80005f6c	014000ef	jal	x1,80005f80	  x1=0x80005f70
      169102000	      8353	80005f80	ffdffaef	jal	x21,80005f7c	 x21=0x80005f84
      169162000	      8356	80005f7c	a009	c.j	80005f7e	
      169222000	      8359	80005f7e	a039	c.j	80005f8c	
      169282000	      8362	80005f8c	fefff0ef	jal	x1,80005f7a	  x1=0x80005f90
      169342000	      8365	80005f7a	2005	c.jal	80005f9a	  x1=0x80005f7c
      169382000	      8367	80005f9a	0001	c.addi	x0,0	  x0:0x00000000  x0=0x00000000
      169402000	      8368	80005f9c	008000ef	jal	x1,80005fa4	  x1=0x80005fa0
      169442000	      8370	80005fa4	024000ef	jal	x1,80005fc8	  x1=0x80005fa8
      170502000	      8423	80005fc8	bfe9	c.j	80005fa2	
      170542000	      8425	80005fa2	a821	c.j	80005fba	
      171002000	      8448	80005fba	3fc5	c.jal	80005faa	  x1=0x80005fbc
      171062000	      8451	80005faa	00c0096f	jal	x18,80005fb6	 x18=0x80005fae
      171842000	      8490	80005fb6	a831	c.j	80005fd2	
      171882000	      8492	80005fd2	3ff1	c.jal	80005fae	  x1=0x80005fd4
      171922000	      8494	80005fae	2831	c.jal	80005fca	  x1=0x80005fb0
      171962000	      8496	80005fca	bfcd	c.j	80005fbc	
      172022000	      8499	80005fbc	a821	c.j	80005fd4	
      172062000	      8501	80005fd4	febfff6f	jal	x30,80005fbe	 x30=0x80005fd8
      172102000	      8503	80005fbe	a009	c.j	80005fc0	
      172142000	      8505	80005fc0	00c000ef	jal	x1,80005fcc	  x1=0x80005fc4
      172182000	      8507	80005fcc	2801	c.jal	80005fdc	  x1=0x80005fce
      172222000	      8509	80005fdc	37f1	c.jal	80005fa8	  x1=0x80005fde
      172262000	      8511	80005fa8	a021	c.j	80005fb0	
      172322000	      8514	80005fb0	016000ef	jal	x1,80005fc6	  x1=0x80005fb4
      172382000	      8517	80005fc6	2021	c.jal	80005fce	  x1=0x80005fc8
      172442000	      8520	80005fce	a009	c.j	80005fd0	
      172502000	      8523	80005fd0	bfc1	c.j	80005fa0	
      172562000	      8526	80005fa0	2015	c.jal	80005fc4	  x1=0x80005fa2
      172622000	      8529	80005fc4	3fc5	c.jal	80005fb4	  x1=0x80005fc6
      172682000	      8532	80005fb4	a011	c.j	80005fb8	
      172722000	      8534	80005fb8	2005	c.jal	80005fd8	  x1=0x80005fba
      172762000	      8536	80005fd8	0060026f	jal	x4,80005fde	  x4=0x80005fdc
      173302000	      8563	80005fde	41e40933	sub	x18,x8,x30	  x8:0x00073c46 x30:0x80005fd8 x18=0x8006dc6e
      173722000	      8584	80005fe2	008000ef	jal	x1,80005fea	  x1=0x80005fe6
      173882000	      8592	80005fea	2801	c.jal	80005ffa	  x1=0x80005fec
      174642000	      8630	80005ffa	0060036f	jal	x6,80006000	  x6=0x80005ffe
      175182000	      8657	80006000	bfd5	c.j	80005ff4	
      175242000	      8660	80005ff4	bfed	c.j	80005fee	
      175302000	      8663	80005fee	bfe5	c.j	80005fe6	
      175362000	      8666	80005fe6	a029	c.j	80005ff0	
      175422000	      8669	80005ff0	ff9ff0ef	jal	x1,80005fe8	  x1=0x80005ff4
      175462000	      8671	80005fe8	2011	c.jal	80005fec	  x1=0x80005fea
      175502000	      8673	80005fec	a029	c.j	80005ff6	
      175562000	      8676	80005ff6	008000ef	jal	x1,80005ffe	  x1=0x80005ffa
      175622000	      8679	80005ffe	a011	c.j	80006002	
      175682000	      8682	80006002	0906	c.slli	x18,0x1	 x18:0x8006dc6e x18=0x000db8dc
      175702000	      8683	80006004	00a000ef	jal	x1,8000600e	  x1=0x80006008
      175762000	      8686	8000600e	3ffd	c.jal	8000600c	  x1=0x80006010
      175822000	      8689	8000600c	3ff5	c.jal	80006008	  x1=0x8000600e
      175882000	      8692	80006008	0120016f	jal	x2,8000601a	  x2=0x8000600c
      176042000	      8700	8000601a	2009	c.jal	8000601c	  x1=0x8000601c
      176882000	      8742	8000601c	006004ef	jal	x9,80006022	  x9=0x80006020
      176922000	      8744	80006022	b7fd	c.j	80006010	
      176982000	      8747	80006010	a019	c.j	80006016	
      177042000	      8750	80006016	2009	c.jal	80006018	  x1=0x80006018
      177102000	      8753	80006018	bfed	c.j	80006012	
      177162000	      8756	80006012	a009	c.j	80006014	
      177222000	      8759	80006014	a031	c.j	80006020	
      177282000	      8762	80006020	a011	c.j	80006024	
      177342000	      8765	80006024	8251	c.srli	x12,0x14	 x12:0x00011000 x12=0x00000000
      177362000	      8766	80006026	040000ef	jal	x1,80006066	  x1=0x8000602a
      177962000	      8796	80006066	3fe9	c.jal	80006040	  x1=0x80006068
      178742000	      8835	80006040	0060036f	jal	x6,80006046	  x6=0x80006044
      179402000	      8868	80006046	bfe5	c.j	8000603e	
      179782000	      8887	8000603e	bffd	c.j	8000603c	
      180122000	      8904	8000603c	bfdd	c.j	80006032	
      180742000	      8935	80006032	030000ef	jal	x1,80006062	  x1=0x80006036
      180782000	      8937	80006062	3ffd	c.jal	80006060	  x1=0x80006064
      180822000	      8939	80006060	37ed	c.jal	8000604a	  x1=0x80006062
      180862000	      8941	8000604a	a039	c.j	80006058	
      181082000	      8952	80006058	fedff0ef	jal	x1,80006044	  x1=0x8000605c
      181122000	      8954	80006044	b7f5	c.j	80006030	
      181162000	      8956	80006030	2005	c.jal	80006050	  x1=0x80006032
      181202000	      8958	80006050	fdbff36f	jal	x6,8000602a	  x6=0x80006054
      181602000	      8978	8000602a	02a0036f	jal	x6,80006054	  x6=0x8000602e
      181662000	      8981	80006054	00800c6f	jal	x24,8000605c	 x24=0x80006058
      181722000	      8984	8000605c	fedff0ef	jal	x1,80006048	  x1=0x80006060
      181762000	      8986	80006048	2831	c.jal	80006064	  x1=0x8000604a
      181802000	      8988	80006064	bfd1	c.j	80006038	
      181842000	      8990	80006038	fffff36f	jal	x6,80006036	  x6=0x8000603c
      181882000	      8992	80006036	a819	c.j	8000604c	
      181922000	      8994	8000604c	fe3ff0ef	jal	x1,8000602e	  x1=0x80006050
      181962000	      8996	8000602e	a82d	c.j	80006068	
      182002000	      8998	80006068	8f01	c.sub	x14,x8	 x14:0x78f4dfa4  x8:0x00073c46 x14=0x78eda35e
      182022000	      8999	8000606a	014000ef	jal	x1,8000607e	  x1=0x8000606e
      183042000	      9050	8000607e	2821	c.jal	80006096	  x1=0x80006080
      183742000	      9085	80006096	ff1ff0ef	jal	x1,80006086	  x1=0x8000609a
      183782000	      9087	80006086	37f5	c.jal	80006072	  x1=0x80006088
      183862000	      9091	80006072	0160036f	jal	x6,80006088	  x6=0x80006076
      183922000	      9094	80006088	2031	c.jal	80006094	  x1=0x8000608a
      183982000	      9097	80006094	b7f5	c.j	80006080	
      184042000	      9100	80006080	a801	c.j	80006090	
      184102000	      9103	80006090	fe9ff0ef	jal	x1,80006078	  x1=0x80006094
      184162000	      9106	80006078	fffff0ef	jal	x1,80006076	  x1=0x8000607c
      184222000	      9109	80006076	2031	c.jal	80006082	  x1=0x80006078
      184262000	      9111	80006082	2021	c.jal	8000608a	  x1=0x80006084
      184322000	      9114	8000608a	ff3ff36f	jal	x6,8000607c	  x6=0x8000608e
      184362000	      9116	8000607c	a021	c.j	80006084	
      184402000	      9118	80006084	2819	c.jal	8000609a	  x1=0x80006086
      184442000	      9120	8000609a	3fd1	c.jal	8000606e	  x1=0x8000609c
      184522000	      9124	8000606e	020000ef	jal	x1,8000608e	  x1=0x80006072
      184562000	      9126	8000608e	2039	c.jal	8000609c	  x1=0x80006090
      184602000	      9128	8000609c	01069733	sll	x14,x13,x16	 x13:0x80023ce4 x16:0x80005de0 x14=0x80023ce4
      184642000	      9130	800060a0	00c000ef	jal	x1,800060ac	  x1=0x800060a4
      184702000	      9133	800060ac	016000ef	jal	x1,800060c2	  x1=0x800060b0
      185402000	      9168	800060c2	bfd5	c.j	800060b6	
      186082000	      9202	800060b6	ffbff0ef	jal	x1,800060b0	  x1=0x800060ba
      186122000	      9204	800060b0	2009	c.jal	800060b2	  x1=0x800060b2
      186162000	      9206	800060b2	a039	c.j	800060c0	
      186222000	      9209	800060c0	3ff5	c.jal	800060bc	  x1=0x800060c2
      186282000	      9212	800060bc	00800eef	jal	x29,800060c4	 x29=0x800060c0
      186342000	      9215	800060c4	b7cd	c.j	800060a6	
      186402000	      9218	800060a6	fffff0ef	jal	x1,800060a4	  x1=0x800060aa
      186462000	      9221	800060a4	a801	c.j	800060b4	
      186502000	      9223	800060b4	3fdd	c.jal	800060aa	  x1=0x800060b6
      186542000	      9225	800060aa	2801	c.jal	800060ba	  x1=0x800060ac
      186582000	      9227	800060ba	2031	c.jal	800060c6	  x1=0x800060bc
      186642000	      9230	800060c6	0ff0000f	fence	iorw,iorw	
      186662000	      9231	800060ca	006000ef	jal	x1,800060d0	  x1=0x800060ce
      186722000	      9234	800060d0	04e000ef	jal	x1,8000611e	  x1=0x800060d4
      186822000	      9239	8000611e	b7c9	c.j	800060e0	
      210062000	     10401	800060e0	a039	c.j	800060ee	
      211042000	     10450	800060ee	01c000ef	jal	x1,8000610a	  x1=0x800060f2
      212042000	     10500	8000610a	fddff0ef	jal	x1,800060e6	  x1=0x8000610e
      212082000	     10502	800060e6	bfc5	c.j	800060d6	
      212162000	     10506	800060d6	a811	c.j	800060ea	
      212242000	     10510	800060ea	02e000ef	jal	x1,80006118	  x1=0x800060ee
      212302000	     10513	80006118	00400c6f	jal	x24,8000611c	 x24=0x8000611c
      212342000	     10515	8000611c	bf75	c.j	800060d8	
      212382000	     10517	800060d8	2025	c.jal	80006100	  x1=0x800060da
      212922000	     10544	80006100	ffdff0ef	jal	x1,800060fc	  x1=0x80006104
      212962000	     10546	800060fc	ff7ff26f	jal	x4,800060f2	  x4=0x80006100
      213022000	     10549	800060f2	fddff0ef	jal	x1,800060ce	  x1=0x800060f6
      213062000	     10551	800060ce	a081	c.j	8000610e	
      213142000	     10555	8000610e	ff9ff0ef	jal	x1,80006106	  x1=0x80006112
      213202000	     10558	80006106	00e00aef	jal	x21,80006114	 x21=0x8000610a
      213262000	     10561	80006114	fe5ff66f	jal	x12,800060f8	 x12=0x80006118
      213322000	     10564	800060f8	a031	c.j	80006104	
      213382000	     10567	80006104	a039	c.j	80006112	
      213442000	     10570	80006112	37e5	c.jal	800060fa	  x1=0x80006114
      213502000	     10573	800060fa	3ff5	c.jal	800060f6	  x1=0x800060fc
      213562000	     10576	800060f6	37f5	c.jal	800060e2	  x1=0x800060f8
      213642000	     10580	800060e2	ffdff36f	jal	x6,800060de	  x6=0x800060e6
      213702000	     10583	800060de	bff5	c.j	800060da	
      213762000	     10586	800060da	00e0046f	jal	x8,800060e8	  x8=0x800060de
      213802000	     10588	800060e8	37f5	c.jal	800060d4	  x1=0x800060ea
      213842000	     10590	800060d4	20b1	c.jal	80006120	  x1=0x800060d6
      213882000	     10592	80006120	c8098193	addi	x3,x19,-896	 x19:0x80005f32  x3=0x80005bb2
      213902000	     10593	80006124	004000ef	jal	x1,80006128	  x1=0x80006128
      213942000	     10595	80006128	0300086f	jal	x16,80006158	 x16=0x8000612c
      214422000	     10619	80006158	2029	c.jal	80006162	  x1=0x8000615a
      215142000	     10655	80006162	bfcd	c.j	80006154	
      215702000	     10683	80006154	ff1ff0ef	jal	x1,80006144	  x1=0x80006158
      215842000	     10690	80006144	00400b6f	jal	x22,80006148	 x22=0x80006148
      216062000	     10701	80006148	008000ef	jal	x1,80006150	  x1=0x8000614c
      216122000	     10704	80006150	fe3ff0ef	jal	x1,80006132	  x1=0x80006154
      216202000	     10708	80006132	bfed	c.j	8000612c	
      216262000	     10711	8000612c	030000ef	jal	x1,8000615c	  x1=0x80006130
      216322000	     10714	8000615c	3fc5	c.jal	8000614c	  x1=0x8000615e
      216382000	     10717	8000614c	fe5ff0ef	jal	x1,80006130	  x1=0x80006150
      216442000	     10720	80006130	a809	c.j	80006142	
      216482000	     10722	80006142	3fed	c.jal	8000613c	  x1=0x80006144
      216522000	     10724	8000613c	2025	c.jal	80006164	  x1=0x8000613e
      216562000	     10726	80006164	3fdd	c.jal	8000615a	  x1=0x80006166
      216642000	     10730	8000615a	a011	c.j	8000615e	
      216722000	     10734	8000615e	fdbff2ef	jal	x5,80006138	  x5=0x80006162
      216762000	     10736	80006138	a019	c.j	8000613e	
      216902000	     10743	8000613e	ff7ff0ef	jal	x1,80006134	  x1=0x80006142
      216962000	     10746	80006134	006000ef	jal	x1,8000613a	  x1=0x80006138
      217022000	     10749	8000613a	a035	c.j	80006166	
      217102000	     10753	80006166	db95fa13	andi	x20,x11,-583	 x11:0xf1e8b1fd x20=0xf1e8b1b9
      217122000	     10754	8000616a	008000ef	jal	x1,80006172	  x1=0x8000616e
      217162000	     10756	80006172	281d	c.jal	800061a8	  x1=0x80006174
      217942000	     10795	800061a8	3ff5	c.jal	800061a4	  x1=0x800061aa
      218982000	     10847	800061a4	ff7ff0ef	jal	x1,8000619a	  x1=0x800061a8
      219422000	     10869	8000619a	2829	c.jal	800061b4	  x1=0x8000619c
      219462000	     10871	800061b4	fd9ff0ef	jal	x1,8000618c	  x1=0x800061b8
      219862000	     10891	8000618c	ff9ff2ef	jal	x5,80006184	  x5=0x80006190
      221082000	     10952	80006184	ff1ffc6f	jal	x24,80006174	 x24=0x80006188
      221122000	     10954	80006174	3fed	c.jal	8000616e	  x1=0x80006176
      221582000	     10977	8000616e	a01d	c.j	80006194	
      221642000	     10980	80006194	01e0046f	jal	x8,800061b2	  x8=0x80006198
      221702000	     10983	800061b2	bfd9	c.j	80006188	
      221762000	     10986	80006188	022000ef	jal	x1,800061aa	  x1=0x8000618c
      221822000	     10989	800061aa	b7d9	c.j	80006170	
      221862000	     10991	80006170	2035	c.jal	8000619c	  x1=0x80006172
      221902000	     10993	8000619c	ffdff36f	jal	x6,80006198	  x6=0x800061a0
      221942000	     10995	80006198	3ff9	c.jal	80006176	  x1=0x8000619a
      221982000	     10997	80006176	281d	c.jal	800061ac	  x1=0x80006178
      222022000	     10999	800061ac	fd3ff56f	jal	x10,8000617e	 x10=0x800061b0
      222102000	     11003	8000617e	ffdff0ef	jal	x1,8000617a	  x1=0x80006182
      222162000	     11006	8000617a	018009ef	jal	x19,80006192	 x19=0x8000617e
      222202000	     11008	80006192	bffd	c.j	80006190	
      222242000	     11010	80006190	3fcd	c.jal	80006182	  x1=0x80006192
      222282000	     11012	80006182	bfdd	c.j	80006178	
      222342000	     11015	80006178	a025	c.j	800061a0	
      222382000	     11017	800061a0	010000ef	jal	x1,800061b0	  x1=0x800061a4
      222442000	     11020	800061b0	a021	c.j	800061b8	
      222502000	     11023	800061b8	995e	c.add	x18,x23	 x18:0x000db8dc x23:0x8001fe58 x18=0x800fb734
      222522000	     11024	800061ba	010000ef	jal	x1,800061ca	  x1=0x800061be
      223982000	     11097	800061ca	2029	c.jal	800061d4	  x1=0x800061cc
      224902000	     11143	800061d4	3fed	c.jal	800061ce	  x1=0x800061d6
      224942000	     11145	800061ce	3ffd	c.jal	800061cc	  x1=0x800061d0
      225002000	     11148	800061cc	bfcd	c.j	800061be	
      225062000	     11151	800061be	a009	c.j	800061c0	
      225122000	     11154	800061c0	a021	c.j	800061c8	
      225182000	     11157	800061c8	a819	c.j	800061de	
      225242000	     11160	800061de	2019	c.jal	800061e4	  x1=0x800061e0
      225702000	     11183	800061e4	3fd5	c.jal	800061d8	  x1=0x800061e6
      225742000	     11185	800061d8	0080056f	jal	x10,800061e0	 x10=0x800061dc
      225822000	     11189	800061e0	fe3ff2ef	jal	x5,800061c2	  x5=0x800061e4
      225882000	     11192	800061c2	a015	c.j	800061e6	
      225942000	     11195	800061e6	bfdd	c.j	800061dc	
      226002000	     11198	800061dc	bfd5	c.j	800061d0	
      226062000	     11201	800061d0	006000ef	jal	x1,800061d6	  x1=0x800061d4
      226122000	     11204	800061d6	2809	c.jal	800061e8	  x1=0x800061d8
      226242000	     11210	800061e8	2009	c.jal	800061ea	  x1=0x800061ea
      226282000	     11212	800061ea	bfe9	c.j	800061c4	
      226342000	     11215	800061c4	0280036f	jal	x6,800061ec	  x6=0x800061c8
      226402000	     11218	800061ec	0000100f	fence.i	
      226522000	     11224	800061f0	008000ef	jal	x1,800061f8	  x1=0x800061f4
      227122000	     11254	800061f8	2019	c.jal	800061fe	  x1=0x800061fa
      227882000	     11292	800061fe	2035	c.jal	8000622a	  x1=0x80006200
      228082000	     11302	8000622a	bff1	c.j	80006206	
      228722000	     11334	80006206	01a008ef	jal	x17,80006220	 x17=0x8000620a
      229922000	     11394	80006220	a801	c.j	80006230	
      230862000	     11441	80006230	b7e5	c.j	80006218	
      231642000	     11480	80006218	bfcd	c.j	8000620a	
      232042000	     11500	8000620a	a801	c.j	8000621a	
      233282000	     11562	8000621a	a009	c.j	8000621c	
      233322000	     11564	8000621c	fe7ff0ef	jal	x1,80006202	  x1=0x80006220
      234462000	     11621	80006202	00c000ef	jal	x1,8000620e	  x1=0x80006206
      234522000	     11624	8000620e	028000ef	jal	x1,80006236	  x1=0x80006212
      234662000	     11631	80006236	2009	c.jal	80006238	  x1=0x80006238
      235762000	     11686	80006238	bfd1	c.j	8000620c	
      235802000	     11688	8000620c	a019	c.j	80006212	
      236122000	     11704	80006212	a801	c.j	80006222	
      236202000	     11708	80006222	ff3ff1ef	jal	x3,80006214	  x3=0x80006226
      236262000	     11711	80006214	a839	c.j	80006232	
      236342000	     11715	80006232	ffdffcef	jal	x25,8000622e	 x25=0x80006236
      236382000	     11717	8000622e	bfe5	c.j	80006226	
      236442000	     11720	80006226	fdbff86f	jal	x16,80006200	 x16=0x8000622a
      236482000	     11722	80006200	a035	c.j	8000622c	
      236522000	     11724	8000622c	37f9	c.jal	800061fa	  x1=0x8000622e
      236922000	     11744	800061fa	ffbff0ef	jal	x1,800061f4	  x1=0x800061fe
      237142000	     11755	800061f4	0220086f	jal	x16,80006216	 x16=0x800061f8
      237182000	     11757	80006216	a015	c.j	8000623a	
      237262000	     11761	8000623a	717d	c.addi16sp	x2,-16	  x2:0x8000600c  x2=0x80005ffc
      237282000	     11762	8000623c	00c000ef	jal	x1,80006248	  x1=0x80006240
      237342000	     11765	80006248	004000ef	jal	x1,8000624c	  x1=0x8000624c
      237382000	     11767	8000624c	2009	c.jal	8000624e	  x1=0x8000624e
      237422000	     11769	8000624e	2021	c.jal	80006256	  x1=0x80006250
      238702000	     11833	80006256	2801	c.jal	80006266	  x1=0x80006258
      238822000	     11839	80006266	3fed	c.jal	80006260	  x1=0x80006268
      238882000	     11842	80006260	b7cd	c.j	80006242	
      238962000	     11846	80006242	016000ef	jal	x1,80006258	  x1=0x80006246
      239002000	     11848	80006258	3ff5	c.jal	80006254	  x1=0x8000625a
      239062000	     11851	80006254	3ff5	c.jal	80006250	  x1=0x80006256
      239122000	     11854	80006250	012000ef	jal	x1,80006262	  x1=0x80006254
      239202000	     11858	80006262	fdfff36f	jal	x6,80006240	  x6=0x80006266
      239262000	     11861	80006240	2831	c.jal	8000625c	  x1=0x80006242
      239322000	     11864	8000625c	fffffd6f	jal	x26,8000625a	 x26=0x80006260
      239382000	     11867	8000625a	37f5	c.jal	80006246	  x1=0x8000625c
      239442000	     11870	80006246	a00d	c.j	80006268	
      239502000	     11873	80006268	0ff0000f	fence	iorw,iorw	
      239522000	     11874	8000626c	014000ef	jal	x1,80006280	  x1=0x80006270
      240262000	     11911	80006280	a829	c.j	8000629a	
      241302000	     11963	8000629a	b7f5	c.j	80006286	
      241362000	     11966	80006286	bfc5	c.j	80006276	
      241442000	     11970	80006276	038000ef	jal	x1,800062ae	  x1=0x8000627a
      242342000	     12015	800062ae	fdfff16f	jal	x2,8000628c	  x2=0x800062b2
      242382000	     12017	8000628c	b7fd	c.j	8000627a	
      242462000	     12021	8000627a	a029	c.j	80006284	
      242522000	     12024	80006284	2811	c.jal	80006298	  x1=0x80006286
      242582000	     12027	80006298	a829	c.j	800062b2	
      242642000	     12030	800062b2	37ed	c.jal	8000629c	  x1=0x800062b4
      242702000	     12033	8000629c	3fd9	c.jal	80006272	  x1=0x8000629e
      242762000	     12036	80006272	2091	c.jal	800062b6	  x1=0x80006274
      242882000	     12042	800062b6	fbfff0ef	jal	x1,80006274	  x1=0x800062ba
      242942000	     12045	80006274	a825	c.j	800062ac	
      243002000	     12048	800062ac	b7d1	c.j	80006270	
      243062000	     12051	80006270	281d	c.jal	800062a6	  x1=0x80006272
      243122000	     12054	800062a6	3fe5	c.jal	8000629e	  x1=0x800062a8
      243202000	     12058	8000629e	fedff9ef	jal	x19,8000628a	 x19=0x800062a2
      243242000	     12060	8000628a	2821	c.jal	800062a2	  x1=0x8000628c
      243322000	     12064	800062a2	b7f5	c.j	8000628e	
      243382000	     12067	8000628e	bfd5	c.j	80006282	
      243442000	     12070	80006282	200d	c.jal	800062a4	  x1=0x80006284
      243482000	     12072	800062a4	2801	c.jal	800062b4	  x1=0x800062a6
      243522000	     12074	800062b4	b7e1	c.j	8000627c	
      243562000	     12076	8000627c	00c00def	jal	x27,80006288	 x27=0x80006280
      243602000	     12078	80006288	2021	c.jal	80006290	  x1=0x8000628a
      243942000	     12095	80006290	01800fef	jal	x31,800062a8	 x31=0x80006294
      244002000	     12098	800062a8	fedff0ef	jal	x1,80006294	  x1=0x800062ac
      244062000	     12101	80006294	026000ef	jal	x1,800062ba	  x1=0x80006298
      244142000	     12105	800062ba	01d25413	srli	x8,x4,0x1d	  x4:0x80006100  x8=0x00000004
      244202000	     12108	800062be	004000ef	jal	x1,800062c2	  x1=0x800062c2
      244282000	     12112	800062c2	008000ef	jal	x1,800062ca	  x1=0x800062c6
      244722000	     12134	800062ca	bff5	c.j	800062c6	
      245142000	     12155	800062c6	010000ef	jal	x1,800062d6	  x1=0x800062ca
      245202000	     12158	800062d6	a021	c.j	800062de	
      245802000	     12188	800062de	3fdd	c.jal	800062d4	  x1=0x800062e0
      245862000	     12191	800062d4	a021	c.j	800062dc	
      245922000	     12194	800062dc	bfdd	c.j	800062d2	
      245982000	     12197	800062d2	a039	c.j	800062e0	
      246442000	     12220	800062e0	37fd	c.jal	800062ce	  x1=0x800062e2
      246542000	     12225	800062ce	00a00d6f	jal	x26,800062d8	 x26=0x800062d2
      246602000	     12228	800062d8	ff5ffa6f	jal	x20,800062cc	 x20=0x800062dc
      246662000	     12231	800062cc	2819	c.jal	800062e2	  x1=0x800062ce
      246722000	     12234	800062e2	8332	c.mv	x6,x12	  x0:0x00000000 x12:0x80006118  x6=0x80006118
      246742000	     12235	800062e4	00a000ef	jal	x1,800062ee	  x1=0x800062e8
      246802000	     12238	800062ee	a811	c.j	80006302	
      246922000	     12244	80006302	37ed	c.jal	800062ec	  x1=0x80006304
      246962000	     12246	800062ec	201d	c.jal	80006312	  x1=0x800062ee
      247502000	     12273	80006312	fffff0ef	jal	x1,80006310	  x1=0x80006316
      247542000	     12275	80006310	b7c5	c.j	800062f0	
      247602000	     12278	800062f0	2839	c.jal	8000630e	  x1=0x800062f2
      247662000	     12281	8000630e	3fe9	c.jal	800062e8	  x1=0x80006310
      247722000	     12284	800062e8	2831	c.jal	80006304	  x1=0x800062ea
      247782000	     12287	80006304	ff7ff0ef	jal	x1,800062fa	  x1=0x80006308
      248462000	     12321	800062fa	ff9ff16f	jal	x2,800062f2	  x2=0x800062fe
      248522000	     12324	800062f2	01a000ef	jal	x1,8000630c	  x1=0x800062f6
      248582000	     12327	8000630c	b7ed	c.j	800062f6	
      248642000	     12330	800062f6	0200076f	jal	x14,80006316	 x14=0x800062fa
      248682000	     12332	80006316	bfcd	c.j	80006308	
      248722000	     12334	80006308	ff7ff0ef	jal	x1,800062fe	  x1=0x8000630c
      248942000	     12345	800062fe	fedff0ef	jal	x1,800062ea	  x1=0x80006302
      249002000	     12348	800062ea	a03d	c.j	80006318	
      249782000	     12387	80006318	034b4ab3	div	x21,x22,x20	 x22:0x80006148 x20:0x800062dc x21=0x00000001
      249802000	     12388	8000631c	00c000ef	jal	x1,80006328	  x1=0x80006320
      249842000	     12390	80006328	2005	c.jal	80006348	  x1=0x8000632a
      250162000	     12406	80006348	b7fd	c.j	80006336	
      250482000	     12422	80006336	00c000ef	jal	x1,80006342	  x1=0x8000633a
      250742000	     12435	80006342	fe5ff2ef	jal	x5,80006326	  x5=0x80006346
      250782000	     12437	80006326	a811	c.j	8000633a	
      250842000	     12440	8000633a	00c000ef	jal	x1,80006346	  x1=0x8000633e
      250882000	     12442	80006346	b7e5	c.j	8000632e	
      250942000	     12445	8000632e	01c000ef	jal	x1,8000634a	  x1=0x80006332
      250982000	     12447	8000634a	37e5	c.jal	80006332	  x1=0x8000634c
      251022000	     12449	80006332	2031	c.jal	8000633e	  x1=0x80006334
      251062000	     12451	8000633e	3fdd	c.jal	80006334	  x1=0x80006340
      251122000	     12454	80006334	a821	c.j	8000634c	
      251182000	     12457	8000634c	3ff9	c.jal	8000632a	  x1=0x8000634e
      251262000	     12461	8000632a	024000ef	jal	x1,8000634e	  x1=0x8000632e
      251322000	     12464	8000634e	3fc9	c.jal	80006320	  x1=0x80006350
      251382000	     12467	80006320	a005	c.j	80006340	
      251422000	     12469	80006340	a801	c.j	80006350	
      251462000	     12471	80006350	bfc9	c.j	80006322	
      251522000	     12474	80006322	0300036f	jal	x6,80006352	  x6=0x80006326
      251602000	     12478	80006352	0ff0000f	fence	iorw,iorw	
      251622000	     12479	80006356	01fd3eb3	sltu	x29,x26,x31	 x26:0x800062d2 x31:0x80006294 x29=0x00000000
      251642000	     12480	8000635a	48143993	sltiu	x19,x8,1153	  x8:0x00000004 x19=0x00000001
      252142000	     12505	8000635e	cb493293	sltiu	x5,x18,-844	 x18:0x800fb734  x5=0x00000001
      252902000	     12543	80006362	0244fc33	remu	x24,x9,x4	  x9:0x80006020  x4:0x80006100 x24=0x80006020
      252922000	     12544	80006366	01f30663	beq	x6,x31,80006372	  x6:0x80006326 x31:0x80006294
      252962000	     12546	8000636a	02c493b3	mulh	x7,x9,x12	  x9:0x80006020 x12:0x80006118  x7=0x3fff9f64
      252982000	     12547	8000636e	02378b63	beq	x15,x3,800063a4	 x15:0x80005a3a  x3:0x80006226
      253002000	     12548	80006372	016e4cb3	xor	x25,x28,x22	 x28:0x80005e96 x22:0x80006148 x25=0x00003fde
      253022000	     12549	80006376	00097b33	and	x22,x18,x0	 x18:0x800fb734  x0:0x00000000 x22=0x00000000
      253042000	     12550	8000637a	00d45263	bge	x8,x13,8000637e	  x8:0x00000004 x13:0x80023ce4
      253642000	     12580	8000637e	0287f963	bgeu	x15,x8,800063b0	 x15:0x80005a3a  x8:0x00000004
      254982000	     12647	800063b0	3a5e8393	addi	x7,x29,933	 x29:0x00000000  x7=0x000003a5
      255002000	     12648	800063b4	8cc5	c.or	x9,x9	  x9:0x80006020  x9:0x80006020  x9=0x80006020
      255022000	     12649	800063b6	e021	c.bnez	x8,800063f6	  x8:0x00000004
      255922000	     12694	800063f6	006c37b3	sltu	x15,x24,x6	 x24:0x80006020  x6:0x80006326 x15=0x00000001
      255942000	     12695	800063fa	841d	c.srai	x8,0x7	  x8:0x00000004  x8=0x00000000
      255962000	     12696	800063fc	6c2d	c.lui	x24,0xb	 x24=0x0000b000
      256142000	     12705	800063fe	06e5ed13	ori	x26,x11,110	 x11:0xf1e8b1fd x26=0xf1e8b1ff
      256562000	     12726	80006402	bf1a4393	xori	x7,x20,-1039	 x20:0x800062dc  x7=0x7fff992d
      256982000	     12747	80006406	43cec113	xori	x2,x29,1084	 x29:0x00000000  x2=0x0000043c
      257142000	     12755	8000640a	01f4b933	sltu	x18,x9,x31	  x9:0x80006020 x31:0x80006294 x18=0x00000001
      257162000	     12756	8000640e	01909433	sll	x8,x1,x25	  x1:0x80006350 x25:0x00003fde  x8=0x00000000
      257182000	     12757	80006412	8651	c.srai	x12,0x14	 x12:0x80006118 x12=0xfffff800
      257342000	     12765	80006414	41d40eb3	sub	x29,x8,x29	  x8:0x00000000 x29:0x00000000 x29=0x00000000
      257382000	     12767	80006418	03c0b433	mulhu	x8,x1,x28	  x1:0x80006350 x28:0x80005e96  x8=0x400060f3
      257442000	     12770	8000641c	8fd6	c.mv	x31,x21	  x0:0x00000000 x21:0x00000001 x31=0x00000001
      257522000	     12774	8000641e	c407ef13	ori	x30,x15,-960	 x15:0x00000001 x30=0xfffffc41
      257542000	     12775	80006422	0e0e	c.slli	x28,0x3	 x28:0x80005e96 x28=0x0002f4b0
      257562000	     12776	80006424	8c65	c.and	x8,x9	  x8:0x400060f3  x9:0x80006020  x8=0x00006020
      257582000	     12777	80006426	8c51	c.or	x8,x12	  x8:0x00006020 x12:0xfffff800  x8=0xfffff820
      257602000	     12778	80006428	8cfd	c.and	x9,x15	  x9:0x80006020 x15:0x00000001  x9=0x00000000
      257622000	     12779	8000642a	1e00	c.addi4spn	x8,x2,816	  x8=0x0000076c
      257722000	     12784	8000642c	438d7713	andi	x14,x26,1080	 x26:0xf1e8b1ff x14=0x00000038
      257982000	     12797	80006430	01baeeb3	or	x29,x21,x27	 x21:0x00000001 x27:0x80006280 x29=0x80006281
      258002000	     12798	80006434	0001	c.addi	x0,0	  x0:0x00000000  x0=0x00000000
      258022000	     12799	80006436	9fee	c.add	x31,x27	 x31:0x00000001 x27:0x80006280 x31=0x80006281
      258042000	     12800	80006438	0ff0000f	fence	iorw,iorw	
      258062000	     12801	8000643c	00c8cf63	blt	x17,x12,8000645a	 x17:0x8000620a x12:0xfffff800
      258322000	     12814	8000645a	c90d	c.beqz	x10,8000648c	 x10:0x800061dc
      258362000	     12816	8000645c	6135	c.addi16sp	x2,352	  x2:0x0000043c  x2=0x0000059c
      258382000	     12817	8000645e	003ea233	slt	x4,x29,x3	 x29:0x80006281  x3:0x80006226  x4=0x00000000
      258402000	     12818	80006462	e121	c.bnez	x10,800064a2	 x10:0x800061dc
      258642000	     12830	800064a2	6149	c.addi16sp	x2,144	  x2:0x0000059c  x2=0x0000062c
      259382000	     12867	800064a4	02e36933	rem	x18,x6,x14	  x6:0x80006326 x14:0x00000038 x18=0xfffffffe
      259402000	     12868	800064a8	8f85	c.sub	x15,x9	 x15:0x00000001  x9:0x00000000 x15=0x00000001
      259422000	     12869	800064aa	8a4e	c.mv	x20,x19	  x0:0x00000000 x19:0x00000001 x20=0x00000001
      259442000	     12870	800064ac	0ff0000f	fence	iorw,iorw	
      259462000	     12871	800064b0	012139b3	sltu	x19,x2,x18	  x2:0x0000062c x18:0xfffffffe x19=0x00000001
      259482000	     12872	800064b4	88848393	addi	x7,x9,-1912	  x9:0x00000000  x7=0xfffff888
      259502000	     12873	800064b8	016d4e63	blt	x26,x22,800064d4	 x26:0xf1e8b1ff x22:0x00000000
      259802000	     12888	800064d4	f1b7cc13	xori	x24,x15,-229	 x15:0x00000001 x24=0xffffff1a
      260422000	     12919	800064d8	9bfd	c.andi	x15,-1	 x15:0x00000001 x15=0x00000001
      260442000	     12920	800064da	031b6463	bltu	x22,x17,80006502	 x22:0x00000000 x17:0x8000620a
      261042000	     12950	80006502	0280ef63	bltu	x1,x8,80006540	  x1:0x80006350  x8:0x0000076c
      261082000	     12952	80006506	0343bcb3	mulhu	x25,x7,x20	  x7:0xfffff888 x20:0x00000001 x25=0x00000000
      261482000	     12972	8000650a	dbb00893	addi	x17,x0,-581	  x0:0x00000000 x17=0xfffffdbb
      262382000	     13017	8000650e	03296d33	rem	x26,x18,x18	 x18:0xfffffffe x18:0xfffffffe x26=0x00000000
      262402000	     13018	80006512	42ef81b7	lui	x3,0x42ef8	  x3=0x42ef8000
      262422000	     13019	80006516	0688	c.addi4spn	x10,x2,832	 x10=0x0000096c
      262442000	     13020	80006518	0048eeb3	or	x29,x17,x4	 x17:0xfffffdbb  x4:0x00000000 x29=0xfffffdbb
      262462000	     13021	8000651c	9ce6	c.add	x25,x25	 x25:0x00000000 x25:0x00000000 x25=0x00000000
      262542000	     13025	8000651e	d64d2f93	slti	x31,x26,-668	 x26:0x00000000 x31=0x00000000
      262562000	     13026	80006522	ec89	c.bnez	x9,8000653c	  x9:0x00000000
      262582000	     13027	80006524	818c7e93	andi	x29,x24,-2024	 x24:0xffffff1a x29=0xfffff818
      262722000	     13034	80006528	8fb9	c.xor	x15,x14	 x15:0x00000001 x14:0x00000038 x15=0x00000039
      262742000	     13035	8000652a	92fe	c.add	x5,x31	  x5:0x00000001 x31:0x00000000  x5=0x00000001
      262782000	     13037	8000652c	02ce3433	mulhu	x8,x28,x12	 x28:0x0002f4b0 x12:0xfffff800  x8=0x0002f4af
      262802000	     13038	80006530	00548c33	add	x24,x9,x5	  x9:0x00000000  x5:0x00000001 x24=0x00000001
      262842000	     13040	80006534	02984f33	div	x30,x16,x9	 x16:0x800061f8  x9:0x00000000 x30=0xffffffff
      262862000	     13041	80006538	8206	c.mv	x4,x1	  x0:0x00000000  x1:0x80006350  x4=0x80006350
      262882000	     13042	8000653a	0001	c.addi	x0,0	  x0:0x00000000  x0=0x00000000
      262902000	     13043	8000653c	00da1813	slli	x16,x20,0xd	 x20:0x00000001 x16=0x00002000
      263122000	     13054	80006540	0ae4fe63	bgeu	x9,x14,800065fc	  x9:0x00000000 x14:0x00000038
      263142000	     13055	80006544	01ad4533	xor	x10,x26,x26	 x26:0x00000000 x26:0x00000000 x10=0x00000000
      263222000	     13059	80006548	00386a63	bltu	x16,x3,8000655c	 x16:0x00002000  x3:0x42ef8000
      263582000	     13077	8000655c	0a515c63	bge	x2,x5,80006614	  x2:0x0000062c  x5:0x00000001
      278502000	     13823	80006614	8659	c.srai	x12,0x16	 x12:0xfffff800 x12=0xffffffff
      278522000	     13824	80006616	88ae	c.mv	x17,x11	  x0:0x00000000 x11:0xf1e8b1fd x17=0xf1e8b1fd
      278702000	     13833	80006618	62b1	c.lui	x5,0xc	  x5=0x0000c000
      278722000	     13834	8000661a	0ff0000f	fence	iorw,iorw	
      278822000	     13839	8000661e	01049563	bne	x9,x16,80006628	  x9:0x00000000 x16:0x00002000
      279442000	     13870	80006628	b850f113	andi	x2,x1,-1147	  x1:0x80006350  x2=0x80006300
      279462000	     13871	8000662c	f7e6ce93	xori	x29,x13,-130	 x13:0x80023ce4 x29=0x7ffdc39a
      279582000	     13877	80006630	1e04	c.addi4spn	x9,x2,816	  x9=0x80006630
      279642000	     13880	80006632	016648b3	xor	x17,x12,x22	 x12:0xffffffff x22:0x00000000 x17=0xffffffff
      279662000	     13881	80006636	e021	c.bnez	x8,80006676	  x8:0x0002f4af
      280442000	     13920	80006676	3485e313	ori	x6,x11,840	 x11:0xf1e8b1fd  x6=0xf1e8b3fd
      280462000	     13921	8000667a	00311013	slli	x0,x2,0x3	  x2:0x80006300  x0=0x00000000
      280482000	     13922	8000667e	01962033	slt	x0,x12,x25	 x12:0xffffffff x25:0x00000000  x0=0x00000000
      280502000	     13923	80006682	e50d	c.bnez	x10,800066ac	 x10:0x00000000
      280522000	     13924	80006684	83ea	c.mv	x7,x26	  x0:0x00000000 x26:0x00000000  x7=0x00000000
      280602000	     13928	80006686	014293b3	sll	x7,x5,x20	  x5:0x0000c000 x20:0x00000001  x7=0x00018000
      280622000	     13929	8000668a	965fc993	xori	x19,x31,-1691	 x31:0x00000000 x19=0xfffff965
      280642000	     13930	8000668e	8cb9	c.xor	x9,x14	  x9:0x80006630 x14:0x00000038  x9=0x80006608
      280662000	     13931	80006690	01dbbc33	sltu	x24,x23,x29	 x23:0x8001fe58 x29:0x7ffdc39a x24=0x00000000
      281262000	     13961	80006694	04d4c263	blt	x9,x13,800066d8	  x9:0x80006608 x13:0x80023ce4
      282022000	     13999	800066d8	0049ff33	and	x30,x19,x4	 x19:0xfffff965  x4:0x80006350 x30=0x80006140
      282102000	     14003	800066dc	015b57b3	srl	x15,x22,x21	 x22:0x00000000 x21:0x00000001 x15=0x00000000
      282122000	     14004	800066e0	00b508b3	add	x17,x10,x11	 x10:0x00000000 x11:0xf1e8b1fd x17=0xf1e8b1fd
      282142000	     14005	800066e4	0000100f	fence.i	
      282302000	     14013	800066e8	016029b3	slt	x19,x0,x22	  x0:0x00000000 x22:0x00000000 x19=0x00000000
      282322000	     14014	800066ec	cf8d	c.beqz	x15,80006726	 x15:0x00000000
      282702000	     14033	80006726	000a6133	or	x2,x20,x0	 x20:0x00000001  x0:0x00000000  x2=0x00000001
      282742000	     14035	8000672a	03f04933	div	x18,x0,x31	  x0:0x00000000 x31:0x00000000 x18=0xffffffff
      282862000	     14041	8000672e	49a5bb13	sltiu	x22,x11,1178	 x11:0xf1e8b1fd x22=0x00000000
      282882000	     14042	80006732	e789	c.bnez	x15,8000673c	 x15:0x00000000
      283182000	     14057	80006734	01998733	add	x14,x19,x25	 x19:0x00000000 x25:0x00000000 x14=0x00000000
      283962000	     14096	80006738	02186c33	rem	x24,x16,x1	 x16:0x00002000  x1:0x80006350 x24=0x00002000
      283982000	     14097	8000673c	41565133	sra	x2,x12,x21	 x12:0xffffffff x21:0x00000001  x2=0xffffffff
      284002000	     14098	80006740	0164f433	and	x8,x9,x22	  x9:0x80006608 x22:0x00000000  x8=0x00000000
      284042000	     14100	80006744	034aaeb3	mulhsu	x29,x21,x20	 x21:0x00000001 x20:0x00000001 x29=0x00000000
      284062000	     14101	80006748	018f38b3	sltu	x17,x30,x24	 x30:0x80006140 x24:0x00002000 x17=0x00000000
      284082000	     14102	8000674c	017d4933	xor	x18,x26,x23	 x26:0x00000000 x23:0x8001fe58 x18=0x8001fe58
      284282000	     14112	80006750	717d	c.addi16sp	x2,-16	  x2:0xffffffff  x2=0xffffffef
      284302000	     14113	80006752	e3ac2897	auipc	x17,0xe3ac2	 x17=0x63ac8752
      284322000	     14114	80006756	8ce5	c.and	x9,x9	  x9:0x80006608  x9:0x80006608  x9=0x80006608
      284722000	     14134	80006758	01b8dd93	srli	x27,x17,0x1b	 x17:0x63ac8752 x27=0x0000000c
      284802000	     14138	8000675c	013d8733	add	x14,x27,x19	 x27:0x0000000c x19:0x00000000 x14=0x0000000c
      284822000	     14139	80006760	b4628717	auipc	x14,0xb4628	 x14=0x3462e760
      284842000	     14140	80006764	8b6a	c.mv	x22,x26	  x0:0x00000000 x26:0x00000000 x22=0x00000000
      284862000	     14141	80006766	44e58b13	addi	x22,x11,1102	 x11:0xf1e8b1fd x22=0xf1e8b64b
      284882000	     14142	8000676a	419c00b3	sub	x1,x24,x25	 x24:0x00002000 x25:0x00000000  x1=0x00002000
      284922000	     14144	8000676e	0ff0000f	fence	iorw,iorw	
      285402000	     14168	80006772	71cf7713	andi	x14,x30,1820	 x30:0x80006140 x14=0x00000100
      285422000	     14169	80006776	997d	c.andi	x10,-1	 x10:0x00000000 x10=0x00000000
      285462000	     14171	80006778	0000100f	fence.i	
      285602000	     14178	8000677c	e11d	c.bnez	x10,800067a2	 x10:0x00000000
      285622000	     14179	8000677e	8cad	c.xor	x9,x11	  x9:0x80006608 x11:0xf1e8b1fd  x9=0x71e8d7f5
      286022000	     14199	80006780	fd336293	ori	x5,x6,-45	  x6:0xf1e8b3fd  x5=0xffffffff
      286042000	     14200	80006784	0221d163	bge	x3,x2,800067a6	  x3:0x42ef8000  x2:0xffffffef
      286742000	     14235	800067a6	01c29813	slli	x16,x5,0x1c	  x5:0xffffffff x16=0xf0000000
      286942000	     14245	800067aa	024b97b3	mulh	x15,x23,x4	 x23:0x8001fe58  x4:0x80006350 x15=0x3ffecf2c
      286962000	     14246	800067ae	223d7893	andi	x17,x26,547	 x26:0x00000000 x17=0x00000000
      286982000	     14247	800067b2	00b7dc13	srli	x24,x15,0xb	 x15:0x3ffecf2c x24=0x0007ffd9
      287302000	     14263	800067b6	22360893	addi	x17,x12,547	 x12:0xffffffff x17=0x00000222
      287322000	     14264	800067ba	0d4e	c.slli	x26,0x13	 x26:0x00000000 x26=0x00000000
      287342000	     14265	800067bc	8cc1	c.or	x9,x8	  x9:0x71e8d7f5  x8:0x00000000  x9=0x71e8d7f5
      287362000	     14266	800067be	1d7fbc93	sltiu	x25,x31,471	 x31:0x00000000 x25=0x00000001
      287502000	     14273	800067c2	019aae33	slt	x28,x21,x25	 x21:0x00000001 x25:0x00000001 x28=0x00000000
      287742000	     14285	800067c6	8eca8393	addi	x7,x21,-1812	 x21:0x00000001  x7=0xfffff8ed
      287762000	     14286	800067ca	137d	c.addi	x6,-1	  x6:0xf1e8b3fd  x6=0xf1e8b3fc
      287782000	     14287	800067cc	038ee063	bltu	x29,x24,800067ec	 x29:0x00000000 x24:0x0007ffd9
      288882000	     14342	800067ec	7cb1f813	andi	x16,x3,1995	  x3:0x42ef8000 x16=0x00000000
      289302000	     14363	800067f0	005a5093	srli	x1,x20,0x5	 x20:0x00000001  x1=0x00000000
      289722000	     14384	800067f4	0001	c.addi	x0,0	  x0:0x00000000  x0=0x00000000
      289742000	     14385	800067f6	0136f9b3	and	x19,x13,x19	 x13:0x80023ce4 x19:0x00000000 x19=0x00000000
      290002000	     14398	800067fa	3b650093	addi	x1,x10,950	 x10:0x00000000  x1=0x000003b6
      290022000	     14399	800067fe	018990b3	sll	x1,x19,x24	 x19:0x00000000 x24:0x0007ffd9  x1=0x00000000
      290042000	     14400	80006802	8e11	c.sub	x12,x12	 x12:0xffffffff x12:0xffffffff x12=0x00000000
      290062000	     14401	80006804	875d	c.srai	x14,0x17	 x14:0x00000100 x14=0x00000000
      290082000	     14402	80006806	0001	c.addi	x0,0	  x0:0x00000000  x0=0x00000000
      290102000	     14403	80006808	00ff3433	sltu	x8,x30,x15	 x30:0x80006140 x15:0x3ffecf2c  x8=0x00000000
      290122000	     14404	8000680c	080e	c.slli	x16,0x3	 x16:0x00000000 x16=0x00000000
      290142000	     14405	8000680e	8d21	c.xor	x10,x8	 x10:0x00000000  x8:0x00000000 x10=0x00000000
      290262000	     14411	80006810	0163f233	and	x4,x7,x22	  x7:0xfffff8ed x22:0xf1e8b64b  x4=0xf1e8b049
      290462000	     14421	80006814	00a25a13	srli	x20,x4,0xa	  x4:0xf1e8b049 x20=0x003c7a2c
      290482000	     14422	80006818	8279	c.srli	x12,0x1e	 x12:0x00000000 x12=0x00000000
      290502000	     14423	8000681a	01918f33	add	x30,x3,x25	  x3:0x42ef8000 x25:0x00000001 x30=0x42ef8001
      290522000	     14424	8000681e	6d3d	c.lui	x26,0xf	 x26=0x0000f000
      290542000	     14425	80006820	0000100f	fence.i	
      291202000	     14458	80006824	8f8d	c.sub	x15,x11	 x15:0x3ffecf2c x11:0xf1e8b1fd x15=0x4e161d2f
      291282000	     14462	80006826	000a77b3	and	x15,x20,x0	 x20:0x003c7a2c  x0:0x00000000 x15=0x00000000
      292422000	     14519	8000682a	0227f133	remu	x2,x15,x2	 x15:0x00000000  x2:0xffffffef  x2=0x00000000
      292442000	     14520	8000682e	01281613	slli	x12,x16,0x12	 x16:0x00000000 x12=0x00000000
      292462000	     14521	80006832	13b84237	lui	x4,0x13b84	  x4=0x13b84000
      292482000	     14522	80006836	005ea4b3	slt	x9,x29,x5	 x29:0x00000000  x5:0xffffffff  x9=0x00000000
      292502000	     14523	8000683a	887e	c.mv	x16,x31	  x0:0x00000000 x31:0x00000000 x16=0x00000000
      292522000	     14524	8000683c	010fa1b3	slt	x3,x31,x16	 x31:0x00000000 x16:0x00000000  x3=0x00000000
      292542000	     14525	80006840	0409fe63	bgeu	x19,x0,8000689c	 x19:0x00000000  x0:0x00000000
      292982000	     14547	8000689c	025c8fb3	mul	x31,x25,x5	 x25:0x00000001  x5:0xffffffff x31=0xffffffff
      293022000	     14549	800068a0	023eafb3	mulhsu	x31,x29,x3	 x29:0x00000000  x3:0x00000000 x31=0x00000000
      293342000	     14565	800068a4	6e118793	addi	x15,x3,1761	  x3:0x00000000 x15=0x000006e1
      293362000	     14566	800068a8	a3124a37	lui	x20,0xa3124	 x20=0xa3124000
      293382000	     14567	800068ac	0062b833	sltu	x16,x5,x6	  x5:0xffffffff  x6:0xf1e8b3fc x16=0x00000000
      293422000	     14569	800068b0	03529fb3	mulh	x31,x5,x21	  x5:0xffffffff x21:0x00000001 x31=0xffffffff
      293482000	     14572	800068b4	87a9	c.srai	x15,0xa	 x15:0x000006e1 x15=0x00000001
      294402000	     14618	800068b6	02f86ab3	rem	x21,x16,x15	 x16:0x00000000 x15:0x00000001 x21=0x00000000
      294422000	     14619	800068ba	807d	c.srli	x8,0x1f	  x8:0x00000000  x8=0x00000000
      294462000	     14621	800068bc	02cf7b33	remu	x22,x30,x12	 x30:0x42ef8001 x12:0x00000000 x22=0x42ef8001
      294502000	     14623	800068c0	027d1633	mulh	x12,x26,x7	 x26:0x0000f000  x7:0xfffff8ed x12=0xffffffff
      295242000	     14660	800068c4	0261f433	remu	x8,x3,x6	  x3:0x00000000  x6:0xf1e8b3fc  x8=0x00000000
      295262000	     14661	800068c8	75782c93	slti	x25,x16,1879	 x16:0x00000000 x25=0x00000001
      295282000	     14662	800068cc	0001	c.addi	x0,0	  x0:0x00000000  x0=0x00000000
      295322000	     14664	800068ce	0298b433	mulhu	x8,x17,x9	 x17:0x00000222  x9:0x00000000  x8=0x00000000
      295342000	     14665	800068d2	95606213	ori	x4,x0,-1706	  x0:0x00000000  x4=0xfffff956
      295362000	     14666	800068d6	2c48a193	slti	x3,x17,708	 x17:0x00000222  x3=0x00000001
      295382000	     14667	800068da	0123eb63	bltu	x7,x18,800068f0	  x7:0xfffff8ed x18:0x8001fe58
      295522000	     14674	800068de	0161ec63	bltu	x3,x22,800068f6	  x3:0x00000001 x22:0x42ef8001
      295622000	     14679	800068f6	98fd	c.andi	x9,-1	  x9:0x00000000  x9=0x00000000
      296202000	     14708	800068f8	018000ef	jal	x1,80006910	  x1=0x800068fc
      296702000	     14733	80006910	3fcd	c.jal	80006902	  x1=0x80006912
      297082000	     14752	80006902	3fed	c.jal	800068fc	  x1=0x80006904
      297222000	     14759	800068fc	a009	c.j	800068fe	
      298382000	     14817	800068fe	014000ef	jal	x1,80006912	  x1=0x80006902
      298422000	     14819	80006912	3fed	c.jal	8000690c	  x1=0x80006914
      298462000	     14821	8000690c	ffdffcef	jal	x25,80006908	 x25=0x80006910
      298502000	     14823	80006908	3ffd	c.jal	80006906	  x1=0x8000690a
      298542000	     14825	80006906	2011	c.jal	8000690a	  x1=0x80006908
      298582000	     14827	8000690a	3fed	c.jal	80006904	  x1=0x8000690c
      298622000	     14829	80006904	2809	c.jal	80006916	  x1=0x80006906
      298662000	     14831	80006916	3ffd	c.jal	80006914	  x1=0x80006918
      298702000	     14833	80006914	a011	c.j	80006918	
      298762000	     14836	80006918	012b1a93	slli	x21,x22,0x12	 x22:0x42ef8001 x21=0x00040000
      298782000	     14837	8000691c	01321763	bne	x4,x19,8000692a	  x4:0xfffff956 x19:0x00000000
      300362000	     14916	8000692a	03775433	divu	x8,x14,x23	 x14:0x00000000 x23:0x8001fe58  x8=0x00000000
      300382000	     14917	8000692e	00b19f63	bne	x3,x11,8000694c	  x3:0x00000001 x11:0xf1e8b1fd
      300842000	     14940	8000694c	0147a4b3	slt	x9,x15,x20	 x15:0x00000001 x20:0xa3124000  x9=0x00000000
      301662000	     14981	80006950	02d048b3	div	x17,x0,x13	  x0:0x00000000 x13:0x80023ce4 x17=0x00000000
      301682000	     14982	80006954	03158db3	mul	x27,x11,x17	 x11:0xf1e8b1fd x17:0x00000000 x27=0x00000000
      301722000	     14984	80006958	03d7eab3	rem	x21,x15,x29	 x15:0x00000001 x29:0x00000000 x21=0x00000001
      301742000	     14985	8000695c	00e39c93	slli	x25,x7,0xe	  x7:0xfffff8ed x25=0xfe3b4000
      301782000	     14987	80006960	02269533	mulh	x10,x13,x2	 x13:0x80023ce4  x2:0x00000000 x10=0x00000000
      302142000	     15005	80006964	01ec5d33	srl	x26,x24,x30	 x24:0x0007ffd9 x30:0x42ef8001 x26=0x0003ffec
      302162000	     15006	80006968	ce53b293	sltiu	x5,x7,-795	  x7:0xfffff8ed  x5=0x00000001
      302302000	     15013	8000696c	0079f963	bgeu	x19,x7,8000697e	 x19:0x00000000  x7:0xfffff8ed
      302322000	     15014	80006970	00945f33	srl	x30,x8,x9	  x8:0x00000000  x9:0x00000000 x30=0x00000000
      302742000	     15035	80006974	40ef0d33	sub	x26,x30,x14	 x30:0x00000000 x14:0x00000000 x26=0x00000000
      302982000	     15047	80006978	6179	c.addi16sp	x2,464	  x2:0x00000000  x2=0x000001d0
      303142000	     15055	8000697a	03c58eb3	mul	x29,x11,x28	 x11:0xf1e8b1fd x28:0x00000000 x29=0x00000000
      303162000	     15056	8000697e	8c49	c.or	x8,x10	  x8:0x00000000 x10:0x00000000  x8=0x00000000
      303502000	     15073	80006980	e38d	c.bnez	x15,800069a2	 x15:0x00000001
      304562000	     15126	800069a2	024221b3	mulhsu	x3,x4,x4	  x4:0xfffff956  x4:0xfffff956  x3=0xfffff956
      304602000	     15128	800069a6	41dc04b3	sub	x9,x24,x29	 x24:0x0007ffd9 x29:0x00000000  x9=0x0007ffd9
      304962000	     15146	800069aa	02d44963	blt	x8,x13,800069dc	  x8:0x00000000 x13:0x80023ce4
      305382000	     15167	800069ae	01782f33	slt	x30,x16,x23	 x16:0x00000000 x23:0x8001fe58 x30=0x00000000
      305802000	     15188	800069b2	01d39d13	slli	x26,x7,0x1d	  x7:0xfffff8ed x26=0xa0000000
      305822000	     15189	800069b6	bc9da113	slti	x2,x27,-1079	 x27:0x00000000  x2=0x00000000
      305842000	     15190	800069ba	6211	c.lui	x4,0x4	  x4=0x00004000
      305862000	     15191	800069bc	1f7d	c.addi	x30,-1	 x30:0x00000000 x30=0xffffffff
      305882000	     15192	800069be	03f27963	bgeu	x4,x31,800069f0	  x4:0x00004000 x31:0xffffffff
      306002000	     15198	800069c2	3f7c2493	slti	x9,x24,1015	 x24:0x0007ffd9  x9=0x00000000
      306022000	     15199	800069c6	717d	c.addi16sp	x2,-16	  x2:0x00000000  x2=0xfffffff0
      306042000	     15200	800069c8	852d	c.srai	x10,0xb	 x10:0x00000000 x10=0x00000000
      306062000	     15201	800069ca	8ad6	c.mv	x21,x21	  x0:0x00000000 x21:0x00000001 x21=0x00000001
      306082000	     15202	800069cc	02e38363	beq	x7,x14,800069f2	  x7:0xfffff8ed x14:0x00000000
      306822000	     15239	800069d0	025ef133	remu	x2,x29,x5	 x29:0x00000000  x5:0x00000001  x2=0x00000000
      306842000	     15240	800069d4	00501413	slli	x8,x0,0x5	  x0:0x00000000  x8=0x00000000
      306862000	     15241	800069d8	02417463	bgeu	x2,x4,80006a00	  x2:0x00000000  x4:0x00004000
      306882000	     15242	800069dc	300f4a17	auipc	x20,0x300f4	 x20=0xb00fa9dc
      306922000	     15244	800069e0	03e93333	mulhu	x6,x18,x30	 x18:0x8001fe58 x30:0xffffffff  x6=0x8001fe57
      306942000	     15245	800069e4	8975	c.andi	x10,29	 x10:0x00000000 x10=0x00000000
      307102000	     15253	800069e6	41a7df13	srai	x30,x15,0x1a	 x15:0x00000001 x30=0x00000000
      307122000	     15254	800069ea	ee99	c.bnez	x13,80006a08	 x13:0x80023ce4
      307682000	     15282	80006a08	1988	c.addi4spn	x10,x2,240	 x10=0x000000f0
      307702000	     15283	80006a0a	9646	c.add	x12,x17	 x12:0xffffffff x17:0x00000000 x12=0xffffffff
      307842000	     15290	80006a0c	930a	c.add	x6,x2	  x6:0x8001fe57  x2:0x00000000  x6=0x8001fe57
      307862000	     15291	80006a0e	b8603eb7	lui	x29,0xb8603	 x29=0xb8603000
      308042000	     15300	80006a12	01d57d33	and	x26,x10,x29	 x10:0x000000f0 x29:0xb8603000 x26=0x00000000
      308062000	     15301	80006a16	03fb0c33	mul	x24,x22,x31	 x22:0x42ef8001 x31:0xffffffff x24=0xbd107fff
      308082000	     15302	80006a1a	0000100f	fence.i	
      308722000	     15334	80006a1e	0372afb3	mulhsu	x31,x5,x23	  x5:0x00000001 x23:0x8001fe58 x31=0x00000000
      308742000	     15335	80006a22	ef21	c.bnez	x14,80006a7a	 x14:0x00000000
      308762000	     15336	80006a24	8e69	c.and	x12,x10	 x12:0xffffffff x10:0x000000f0 x12=0x000000f0
      308802000	     15338	80006a26	024daf33	mulhsu	x30,x27,x4	 x27:0x00000000  x4:0x00004000 x30=0x00000000
      308842000	     15340	80006a2a	0309e733	rem	x14,x19,x16	 x19:0x00000000 x16:0x00000000 x14=0x00000000
      308862000	     15341	80006a2e	6135	c.addi16sp	x2,352	  x2:0x00000000  x2=0x00000160
      309042000	     15350	80006a30	41b8d613	srai	x12,x17,0x1b	 x17:0x00000000 x12=0x00000000
      309622000	     15379	80006a34	0ff0000f	fence	iorw,iorw	
      309642000	     15380	80006a38	041fc963	blt	x31,x1,80006a8a	 x31:0x00000000  x1:0x80006918
      309722000	     15384	80006a3c	011b33b3	sltu	x7,x22,x17	 x22:0x42ef8001 x17:0x00000000  x7=0x00000000
      309742000	     15385	80006a40	0ff0000f	fence	iorw,iorw	
      309762000	     15386	80006a44	006000ef	jal	x1,80006a4a	  x1=0x80006a48
      309882000	     15392	80006a4a	2821	c.jal	80006a62	  x1=0x80006a4c
      310322000	     15414	80006a62	a019	c.j	80006a68	
      312022000	     15499	80006a68	b7c5	c.j	80006a48	
      312962000	     15546	80006a48	a801	c.j	80006a58	
      313782000	     15587	80006a58	3ffd	c.jal	80006a56	  x1=0x80006a5a
      315942000	     15695	80006a56	3fdd	c.jal	80006a4c	  x1=0x80006a58
      316482000	     15722	80006a4c	a021	c.j	80006a54	
      316522000	     15724	80006a54	bffd	c.j	80006a52	
      316562000	     15726	80006a52	a031	c.j	80006a5e	
      316602000	     15728	80006a5e	3fcd	c.jal	80006a50	  x1=0x80006a60
      316642000	     15730	80006a50	a811	c.j	80006a64	
      316682000	     15732	80006a64	008008ef	jal	x17,80006a6c	 x17=0x80006a68
      316722000	     15734	80006a6c	ffffff6f	jal	x30,80006a6a	 x30=0x80006a70
      316762000	     15736	80006a6a	a019	c.j	80006a70	
      317622000	     15779	80006a70	b7f5	c.j	80006a5c	
      317662000	     15781	80006a5c	a011	c.j	80006a60	
      317802000	     15788	80006a60	bfed	c.j	80006a5a	
      317862000	     15791	80006a5a	2821	c.jal	80006a72	  x1=0x80006a5c
      317922000	     15794	80006a72	bff1	c.j	80006a4e	
      317982000	     15797	80006a4e	a01d	c.j	80006a74	
      318042000	     15800	80006a74	0001	c.addi	x0,0	  x0:0x00000000  x0=0x00000000
      318402000	     15818	80006a76	01175e63	bge	x14,x17,80006a92	 x14:0x00000000 x17:0x80006a68
      319482000	     15872	80006a92	63f5	c.lui	x7,0x1d	  x7=0x0001d000
      319502000	     15873	80006a94	4199d633	sra	x12,x19,x25	 x19:0x00000000 x25:0xfe3b4000 x12=0x00000000
      319522000	     15874	80006a98	0688	c.addi4spn	x10,x2,832	 x10=0x000004a0
      319702000	     15883	80006a9a	0197e1b3	or	x3,x15,x25	 x15:0x00000001 x25:0xfe3b4000  x3=0xfe3b4001
      319722000	     15884	80006a9e	8812	c.mv	x16,x4	  x0:0x00000000  x4:0x00004000 x16=0x00004000
      319742000	     15885	80006aa0	5d7d	c.li	x26,-1	 x26=0xffffffff
      319762000	     15886	80006aa2	4f45	c.li	x30,17	 x30=0x00000011
      319902000	     15893	80006aa4	02354863	blt	x10,x3,80006ad4	 x10:0x000004a0  x3:0xfe3b4001
      319922000	     15894	80006aa8	41b50833	sub	x16,x10,x27	 x10:0x000004a0 x27:0x00000000 x16=0x000004a0
      320022000	     15899	80006aac	8cb5	c.xor	x9,x13	  x9:0x00000000 x13:0x80023ce4  x9=0x80023ce4
      320042000	     15900	80006aae	0001	c.addi	x0,0	  x0:0x00000000  x0=0x00000000
      320362000	     15916	80006ab0	97ea	c.add	x15,x26	 x15:0x00000001 x26:0xffffffff x15=0x00000000
      320402000	     15918	80006ab2	02cb63b3	rem	x7,x22,x12	 x22:0x42ef8001 x12:0x00000000  x7=0x42ef8001
      320422000	     15919	80006ab6	e019	c.bnez	x8,80006abc	  x8:0x00000000
      320502000	     15923	80006ab8	8261	c.srli	x12,0x18	 x12:0x00000000 x12=0x00000000
      320522000	     15924	80006aba	8c69	c.and	x8,x10	  x8:0x00000000 x10:0x000004a0  x8=0x00000000
      320542000	     15925	80006abc	0ff0000f	fence	iorw,iorw	
      320622000	     15929	80006ac0	03aa0e33	mul	x28,x20,x26	 x20:0xb00fa9dc x26:0xffffffff x28=0x4ff05624
      320642000	     15930	80006ac4	016232b3	sltu	x5,x4,x22	  x4:0x00004000 x22:0x42ef8001  x5=0x00000001
      320682000	     15932	80006ac8	02682933	mulhsu	x18,x16,x6	 x16:0x000004a0  x6:0x8001fe57 x18=0x00000250
      321062000	     15951	80006acc	c0dea493	slti	x9,x29,-1011	 x29:0xb8603000  x9=0x00000001
      321082000	     15952	80006ad0	a4906937	lui	x18,0xa4906	 x18=0xa4906000
      321102000	     15953	80006ad4	018993b3	sll	x7,x19,x24	 x19:0x00000000 x24:0xbd107fff  x7=0x00000000
      321262000	     15961	80006ad8	00032633	slt	x12,x6,x0	  x6:0x8001fe57  x0:0x00000000 x12=0x00000001
      321282000	     15962	80006adc	41145733	sra	x14,x8,x17	  x8:0x00000000 x17:0x80006a68 x14=0x00000000
      321302000	     15963	80006ae0	015e7ab3	and	x21,x28,x21	 x28:0x4ff05624 x21:0x00000001 x21=0x00000000
      321322000	     15964	80006ae4	0f75	c.addi	x30,29	 x30:0x00000011 x30=0x0000002e
      321342000	     15965	80006ae6	00e55933	srl	x18,x10,x14	 x10:0x000004a0 x14:0x00000000 x18=0x000004a0
      321362000	     15966	80006aea	01234b33	xor	x22,x6,x18	  x6:0x8001fe57 x18:0x000004a0 x22=0x8001faf7
      321382000	     15967	80006aee	8cfd	c.and	x9,x15	  x9:0x00000001 x15:0x00000000  x9=0x00000000
      321422000	     15969	80006af0	8e7d	c.and	x12,x15	 x12:0x00000001 x15:0x00000000 x12=0x00000000
      321442000	     15970	80006af2	07f6	c.slli	x15,0x1d	 x15:0x00000000 x15=0x00000000
      321462000	     15971	80006af4	03aa	c.slli	x7,0xa	  x7:0x00000000  x7=0x00000000
      321482000	     15972	80006af6	03d35963	bge	x6,x29,80006b28	  x6:0x8001fe57 x29:0xb8603000
      321802000	     15988	80006afa	00911633	sll	x12,x2,x9	  x2:0x00000160  x9:0x00000000 x12=0x00000160
      321982000	     15997	80006afe	04529263	bne	x5,x5,80006b42	  x5:0x00000001  x5:0x00000001
      322002000	     15998	80006b02	1afd	c.addi	x21,-1	 x21:0x00000000 x21=0xffffffff
      322262000	     16011	80006b04	006a7663	bgeu	x20,x6,80006b10	 x20:0xb00fa9dc  x6:0x8001fe57
      322602000	     16028	80006b10	01ab2733	slt	x14,x22,x26	 x22:0x8001faf7 x26:0xffffffff x14=0x00000001
      322622000	     16029	80006b14	00047763	bgeu	x8,x0,80006b22	  x8:0x00000000  x0:0x00000000
      323402000	     16068	80006b22	01cd9e33	sll	x28,x27,x28	 x27:0x00000000 x28:0x4ff05624 x28=0x00000000
      323422000	     16069	80006b26	987d	c.andi	x8,-1	  x8:0x00000000  x8=0x00000000
      323442000	     16070	80006b28	f0514213	xori	x4,x2,-251	  x2:0x00000160  x4=0xfffffe65
      323842000	     16090	80006b2c	00207fb3	and	x31,x0,x2	  x0:0x00000000  x2:0x00000160 x31=0x00000000
      323862000	     16091	80006b30	9c86	c.add	x25,x1	 x25:0xfe3b4000  x1:0x80006a5c x25=0x7e3baa5c
      323882000	     16092	80006b32	407f82b3	sub	x5,x31,x7	 x31:0x00000000  x7:0x00000000  x5=0x00000000
      323902000	     16093	80006b36	01b1	c.addi	x3,12	  x3:0xfe3b4001  x3=0xfe3b400d
      324022000	     16099	80006b38	00791d33	sll	x26,x18,x7	 x18:0x000004a0  x7:0x00000000 x26=0x000004a0
      324062000	     16101	80006b3c	028c6033	rem	x0,x24,x8	 x24:0xbd107fff  x8:0x00000000  x0=0x00000000
      324462000	     16121	80006b40	0001	c.addi	x0,0	  x0:0x00000000  x0=0x00000000
      324602000	     16128	80006b42	01769533	sll	x10,x13,x23	 x13:0x80023ce4 x23:0x8001fe58 x10=0xe4000000
      324622000	     16129	80006b46	8d41	c.or	x10,x8	 x10:0xe4000000  x8:0x00000000 x10=0xe4000000
      324782000	     16137	80006b48	8b6d	c.andi	x14,27	 x14:0x00000001 x14=0x00000001
      324802000	     16138	80006b4a	0183d563	bge	x7,x24,80006b54	  x7:0x00000000 x24:0xbd107fff
      325362000	     16166	80006b54	0000100f	fence.i	
      326262000	     16211	80006b58	03782433	mulhsu	x8,x16,x23	 x16:0x000004a0 x23:0x8001fe58  x8=0x00000250
      326282000	     16212	80006b5c	3cf2b113	sltiu	x2,x5,975	  x5:0x00000000  x2=0x00000001
      326322000	     16214	80006b60	051e5063	bge	x28,x17,80006ba0	 x28:0x00000000 x17:0x80006a68
      326902000	     16243	80006ba0	6c4a0e13	addi	x28,x20,1732	 x20:0xb00fa9dc x28=0xb00fb0a0
      327082000	     16252	80006ba4	015e0433	add	x8,x28,x21	 x28:0xb00fb0a0 x21:0xffffffff  x8=0xb00fb09f
      327502000	     16273	80006ba8	00a35933	srl	x18,x6,x10	  x6:0x8001fe57 x10:0xe4000000 x18=0x8001fe57
      327642000	     16280	80006bac	c005	c.beqz	x8,80006bcc	  x8:0xb00fb09f
      327662000	     16281	80006bae	9e514793	xori	x15,x2,-1563	  x2:0x00000001 x15=0xfffff9e4
      328402000	     16318	80006bb2	028ce9b3	rem	x19,x25,x8	 x25:0x7e3baa5c  x8:0xb00fb09f x19=0x2e4b5afb
      329142000	     16355	80006bb6	0266dc33	divu	x24,x13,x6	 x13:0x80023ce4  x6:0x8001fe57 x24=0x00000001
      329162000	     16356	80006bba	8f81	c.sub	x15,x8	 x15:0xfffff9e4  x8:0xb00fb09f x15=0x4ff04945
      329182000	     16357	80006bbc	0ff0000f	fence	iorw,iorw	
      329222000	     16359	80006bc0	03d53ab3	mulhu	x21,x10,x29	 x10:0xe4000000 x29:0xb8603000 x21=0xa435aac0
      329242000	     16360	80006bc4	0ff0000f	fence	iorw,iorw	
      329262000	     16361	80006bc8	00d0cd33	xor	x26,x1,x13	  x1:0x80006a5c x13:0x80023ce4 x26=0x000256b8
      329282000	     16362	80006bcc	41115b13	srai	x22,x2,0x11	  x2:0x00000001 x22=0x00000000
      329302000	     16363	80006bd0	0000100f	fence.i	
      329742000	     16385	80006bd4	8d51	c.or	x10,x12	 x10:0xe4000000 x12:0x00000160 x10=0xe4000160
      329762000	     16386	80006bd6	14fd	c.addi	x9,-1	  x9:0x00000000  x9=0xffffffff
      329782000	     16387	80006bd8	01925993	srli	x19,x4,0x19	  x4:0xfffffe65 x19=0x0000007f
      329942000	     16395	80006bdc	413987b3	sub	x15,x19,x19	 x19:0x0000007f x19:0x0000007f x15=0x00000000
      330182000	     16407	80006be0	40c3deb3	sra	x29,x7,x12	  x7:0x00000000 x12:0x00000160 x29=0x00000000
      330242000	     16410	80006be4	dace2513	slti	x10,x28,-596	 x28:0xb00fb0a0 x10=0x00000001
      330402000	     16418	80006be8	9a7d	c.andi	x12,-1	 x12:0x00000160 x12=0x00000160
      330502000	     16423	80006bea	01a8df63	bge	x17,x26,80006c08	 x17:0x80006a68 x26:0x000256b8
      330522000	     16424	80006bee	a375a817	auipc	x16,0xa375a	 x16=0x23760bee
      330542000	     16425	80006bf2	014e	c.slli	x2,0x13	  x2:0x00000001  x2=0x00080000
      330562000	     16426	80006bf4	8f65	c.and	x14,x9	 x14:0x00000001  x9:0xffffffff x14=0x00000001
      331322000	     16464	80006bf6	035249b3	div	x19,x4,x21	  x4:0xfffffe65 x21:0xa435aac0 x19=0x00000000
      331342000	     16465	80006bfa	006dda13	srli	x20,x27,0x6	 x27:0x00000000 x20=0x00000000
      331362000	     16466	80006bfe	147d	c.addi	x8,-1	  x8:0xb00fb09f  x8=0xb00fb09e
      331422000	     16469	80006c00	400cdd93	srai	x27,x25,0x0	 x25:0x7e3baa5c x27=0x7e3baa5c
      331842000	     16490	80006c04	01382533	slt	x10,x16,x19	 x16:0x23760bee x19:0x00000000 x10=0x00000000
      331862000	     16491	80006c08	03f77463	bgeu	x14,x31,80006c30	 x14:0x00000001 x31:0x00000000
      331942000	     16495	80006c30	00a09c93	slli	x25,x1,0xa	  x1:0x80006a5c x25=0x01a97000
      331962000	     16496	80006c34	1cf3ae93	slti	x29,x7,463	  x7:0x00000000 x29=0x00000001
      332182000	     16507	80006c38	0177d463	bge	x15,x23,80006c40	 x15:0x00000000 x23:0x8001fe58
      332902000	     16543	80006c40	6855	c.lui	x16,0x15	 x16=0x00015000
      333302000	     16563	80006c42	003edc13	srli	x24,x29,0x3	 x29:0x00000001 x24=0x00000000
      333322000	     16564	80006c46	814a	c.mv	x2,x18	  x0:0x00000000 x18:0x8001fe57  x2=0x8001fe57
      333342000	     16565	80006c48	0ac2	c.slli	x21,0x10	 x21:0xa435aac0 x21=0xaac00000
      333362000	     16566	80006c4a	0083e0b3	or	x1,x7,x8	  x7:0x00000000  x8:0xb00fb09e  x1=0xb00fb09e
      333382000	     16567	80006c4e	008f04b3	add	x9,x30,x8	 x30:0x0000002e  x8:0xb00fb09e  x9=0xb00fb0cc
      333402000	     16568	80006c52	6d427c97	auipc	x25,0x6d427	 x25=0xed42dc52
      333422000	     16569	80006c56	013e10b3	sll	x1,x28,x19	 x28:0xb00fb0a0 x19:0x00000000  x1=0xb00fb0a0
      333442000	     16570	80006c5a	0408d863	bge	x17,x0,80006caa	 x17:0x80006a68  x0:0x00000000
      333462000	     16571	80006c5e	1e7d	c.addi	x28,-1	 x28:0xb00fb0a0 x28=0xb00fb09f
      333702000	     16583	80006c60	02a000ef	jal	x1,80006c8a	  x1=0x80006c64
      334362000	     16616	80006c8a	3fe9	c.jal	80006c64	  x1=0x80006c8c
      335162000	     16656	80006c64	200d	c.jal	80006c86	  x1=0x80006c66
      335402000	     16668	80006c86	bfd5	c.j	80006c7a	
      336222000	     16709	80006c7a	006000ef	jal	x1,80006c80	  x1=0x80006c7e
      336262000	     16711	80006c80	00c0036f	jal	x6,80006c8c	  x6=0x80006c84
      336302000	     16713	80006c8c	3fcd	c.jal	80006c7e	  x1=0x80006c8e
      336342000	     16715	80006c7e	37f5	c.jal	80006c6a	  x1=0x80006c80
      336402000	     16718	80006c6a	008000ef	jal	x1,80006c72	  x1=0x80006c6e
      336502000	     16723	80006c72	ff5ff8ef	jal	x17,80006c66	 x17=0x80006c76
      336782000	     16737	80006c66	01e000ef	jal	x1,80006c84	  x1=0x80006c6a
      336822000	     16739	80006c84	a011	c.j	80006c88	
      336862000	     16741	80006c88	b7dd	c.j	80006c6e	
      336922000	     16744	80006c6e	0080036f	jal	x6,80006c76	  x6=0x80006c72
      337042000	     16750	80006c76	018001ef	jal	x3,80006c8e	  x3=0x80006c7a
      337102000	     16753	80006c8e	8c41	c.or	x8,x8	  x8:0xb00fb09e  x8:0xb00fb09e  x8=0xb00fb09e
      337162000	     16756	80006c90	0001	c.addi	x0,0	  x0:0x00000000  x0=0x00000000
      337182000	     16757	80006c92	ec1d	c.bnez	x8,80006cd0	  x8:0xb00fb09e
      337302000	     16763	80006cd0	137d	c.addi	x6,-1	  x6:0x80006c72  x6=0x80006c71
      337322000	     16764	80006cd2	0000100f	fence.i	
      337722000	     16784	80006cd6	8d61	c.and	x10,x8	 x10:0x00000000  x8:0xb00fb09e x10=0x00000000
      337822000	     16789	80006cd8	0051d213	srli	x4,x3,0x5	  x3:0x80006c7a  x4=0x04000363
      337842000	     16790	80006cdc	717d	c.addi16sp	x2,-16	  x2:0x8001fe57  x2=0x8001fe47
      337862000	     16791	80006cde	01693633	sltu	x12,x18,x22	 x18:0x8001fe57 x22:0x00000000 x12=0x00000000
      338282000	     16812	80006ce2	00b54133	xor	x2,x10,x11	 x10:0x00000000 x11:0xf1e8b1fd  x2=0xf1e8b1fd
      338302000	     16813	80006ce6	8cc5	c.or	x9,x9	  x9:0xb00fb0cc  x9:0xb00fb0cc  x9=0xb00fb0cc
      338342000	     16815	80006ce8	00242733	slt	x14,x8,x2	  x8:0xb00fb09e  x2:0xf1e8b1fd x14=0x00000001
      338382000	     16817	80006cec	0348c8b3	div	x17,x17,x20	 x17:0x80006c76 x20:0x00000000 x17=0xffffffff
      338402000	     16818	80006cf0	ea896493	ori	x9,x18,-344	 x18:0x8001fe57  x9=0xfffffeff
      338422000	     16819	80006cf4	412e5493	srai	x9,x28,0x12	 x28:0xb00fb09f  x9=0xffffec03
      338442000	     16820	80006cf8	ce19	c.beqz	x12,80006d16	 x12:0x00000000
      338502000	     16823	80006d16	c801	c.beqz	x8,80006d26	  x8:0xb00fb09e
      338902000	     16843	80006d18	1e126297	auipc	x5,0x1e126	  x5=0x9e12cd18
      338942000	     16845	80006d1c	03442b33	mulhsu	x22,x8,x20	  x8:0xb00fb09e x20:0x00000000 x22=0x00000000
      339102000	     16853	80006d20	c485	c.beqz	x9,80006d48	  x9:0xffffec03
      339122000	     16854	80006d22	0ff0000f	fence	iorw,iorw	
      339302000	     16863	80006d26	03ef4d63	blt	x30,x30,80006d60	 x30:0x0000002e x30:0x0000002e
      339342000	     16865	80006d2a	0149e563	bltu	x19,x20,80006d34	 x19:0x00000000 x20:0x00000000
      339382000	     16867	80006d2e	03488f33	mul	x30,x17,x20	 x17:0xffffffff x20:0x00000000 x30=0x00000000
      339402000	     16868	80006d32	1410	c.addi4spn	x12,x2,544	 x12=0xf1e8b41d
      339442000	     16870	80006d34	8d5d	c.or	x10,x15	 x10:0x00000000 x15:0x00000000 x10=0x00000000
      339782000	     16887	80006d36	007bfd33	and	x26,x23,x7	 x23:0x8001fe58  x7:0x00000000 x26=0x00000000
      339862000	     16891	80006d3a	00a73333	sltu	x6,x14,x10	 x14:0x00000001 x10:0x00000000  x6=0x00000000
      340282000	     16912	80006d3e	4da3c393	xori	x7,x7,1242	  x7:0x00000000  x7=0x000004da
      340302000	     16913	80006d42	418ade33	sra	x28,x21,x24	 x21:0xaac00000 x24:0x00000000 x28=0xaac00000
      340322000	     16914	80006d46	0a00	c.addi4spn	x8,x2,272	  x8=0xf1e8b30d
      340342000	     16915	80006d48	0ff0000f	fence	iorw,iorw	
      340362000	     16916	80006d4c	0154e4b3	or	x9,x9,x21	  x9:0xffffec03 x21:0xaac00000  x9=0xffffec03
      340382000	     16917	80006d50	005b9713	slli	x14,x23,0x5	 x23:0x8001fe58 x14=0x003fcb00
      340402000	     16918	80006d54	00b63c33	sltu	x24,x12,x11	 x12:0xf1e8b41d x11:0xf1e8b1fd x24=0x00000000
      340662000	     16931	80006d58	02221a33	mulh	x20,x4,x2	  x4:0x04000363  x2:0xf1e8b1fd x20=0xffc7a298
      340802000	     16938	80006d5c	01369eb3	sll	x29,x13,x19	 x13:0x80023ce4 x19:0x00000000 x29=0x80023ce4
      340882000	     16942	80006d60	c495	c.beqz	x9,80006d8c	  x9:0xffffec03
      341282000	     16962	80006d62	0000100f	fence.i	
      342142000	     17005	80006d66	1f08	c.addi4spn	x10,x2,944	 x10=0xf1e8b5ad
      342562000	     17026	80006d68	84e5	c.srai	x9,0x19	  x9:0xffffec03  x9=0xffffffff
      342582000	     17027	80006d6a	83b9	c.srli	x15,0xe	 x15:0x00000000 x15=0x00000000
      342602000	     17028	80006d6c	05c59063	bne	x11,x28,80006dac	 x11:0xf1e8b1fd x28:0xaac00000
      342822000	     17039	80006dac	0806	c.slli	x16,0x1	 x16:0x00015000 x16=0x0002a000
      343562000	     17076	80006dae	02cac333	div	x6,x21,x12	 x21:0xaac00000 x12:0xf1e8b41d  x6=0x00000006
      343582000	     17077	80006db2	8ed6	c.mv	x29,x21	  x0:0x00000000 x21:0xaac00000 x29=0xaac00000
      343602000	     17078	80006db4	717d	c.addi16sp	x2,-16	  x2:0xf1e8b1fd  x2=0xf1e8b1ed
      343642000	     17080	80006db6	02cfa3b3	mulhsu	x7,x31,x12	 x31:0x00000000 x12:0xf1e8b41d  x7=0x00000000
      343662000	     17081	80006dba	1b58f793	andi	x15,x17,437	 x17:0xffffffff x15=0x000001b5
      344402000	     17118	80006dbe	03944733	div	x14,x8,x25	  x8:0xf1e8b30d x25:0xed42dc52 x14=0x00000000
      344442000	     17120	80006dc2	02983eb3	mulhu	x29,x16,x9	 x16:0x0002a000  x9:0xffffffff x29=0x00029fff
      344462000	     17121	80006dc6	9b350a93	addi	x21,x10,-1613	 x10:0xf1e8b5ad x21=0xf1e8af60
      344482000	     17122	80006dca	6a85	c.lui	x21,0x1	 x21=0x00001000
      344502000	     17123	80006dcc	9e46	c.add	x28,x17	 x28:0xaac00000 x17:0xffffffff x28=0xaabfffff
      344522000	     17124	80006dce	8fa9	c.xor	x15,x10	 x15:0x000001b5 x10:0xf1e8b5ad x15=0xf1e8b418
      344542000	     17125	80006dd0	007cf0b3	and	x1,x25,x7	 x25:0xed42dc52  x7:0x00000000  x1=0x00000000
      344562000	     17126	80006dd4	860a	c.mv	x12,x2	  x0:0x00000000  x2:0xf1e8b1ed x12=0xf1e8b1ed
      344582000	     17127	80006dd6	01288663	beq	x17,x18,80006de2	 x17:0xffffffff x18:0x8001fe57
      344602000	     17128	80006dda	c405fa93	andi	x21,x11,-960	 x11:0xf1e8b1fd x21=0xf1e8b040
      345462000	     17171	80006dde	023ddeb3	divu	x29,x27,x3	 x27:0x7e3baa5c  x3:0x80006c7a x29=0x00000000
      345482000	     17172	80006de2	03030333	mul	x6,x6,x16	  x6:0x00000006 x16:0x0002a000  x6=0x000fc000
      345502000	     17173	80006de6	0145df93	srli	x31,x11,0x14	 x11:0xf1e8b1fd x31=0x00000f1e
      345522000	     17174	80006dea	41b70833	sub	x16,x14,x27	 x14:0x00000000 x27:0x7e3baa5c x16=0x81c455a4
      345562000	     17176	80006dee	0239a2b3	mulhsu	x5,x19,x3	 x19:0x00000000  x3:0x80006c7a  x5=0x00000000
      345582000	     17177	80006df2	8cb1	c.xor	x9,x12	  x9:0xffffffff x12:0xf1e8b1ed  x9=0x0e174e12
      345602000	     17178	80006df4	e085	c.bnez	x9,80006e14	  x9:0x0e174e12
      345802000	     17188	80006e14	0509f063	bgeu	x19,x16,80006e54	 x19:0x00000000 x16:0x81c455a4
      345822000	     17189	80006e18	01ca	c.slli	x3,0x12	  x3:0x80006c7a  x3=0xb1e80000
      345942000	     17195	80006e1a	40e30ab3	sub	x21,x6,x14	  x6:0x000fc000 x14:0x00000000 x21=0x000fc000
      346362000	     17216	80006e1e	028f4363	blt	x30,x8,80006e44	 x30:0x00000000  x8:0xf1e8b30d
      346502000	     17223	80006e22	00a69f63	bne	x13,x10,80006e40	 x13:0x80023ce4 x10:0xf1e8b5ad
      347282000	     17262	80006e40	a91d8893	addi	x17,x27,-1391	 x27:0x7e3baa5c x17=0x7e3ba4ed
      347382000	     17267	80006e44	01b0dc33	srl	x24,x1,x27	  x1:0x00000000 x27:0x7e3baa5c x24=0x00000000
      347802000	     17288	80006e48	4451	c.li	x8,20	  x8=0x00000014
      347822000	     17289	80006e4a	8939	c.andi	x10,14	 x10:0xf1e8b5ad x10=0x0000000c
      347842000	     17290	80006e4c	01745813	srli	x16,x8,0x17	  x8:0x00000014 x16=0x00000000
      348242000	     17310	80006e50	00356633	or	x12,x10,x3	 x10:0x0000000c  x3:0xb1e80000 x12=0xb1e8000c
      348282000	     17312	80006e54	00074263	blt	x14,x0,80006e58	 x14:0x00000000  x0:0x00000000
      348622000	     17329	80006e58	00c95e13	srli	x28,x18,0xc	 x18:0x8001fe57 x28=0x0008001f
      348642000	     17330	80006e5c	02f00863	beq	x0,x15,80006e8c	  x0:0x00000000 x15:0xf1e8b418
      348662000	     17331	80006e60	007172b3	and	x5,x2,x7	  x2:0xf1e8b1ed  x7:0x00000000  x5=0x00000000
      348702000	     17333	80006e64	02c7a133	mulhsu	x2,x15,x12	 x15:0xf1e8b418 x12:0xb1e8000c  x2=0xf6351f67
      348722000	     17334	80006e68	0faa	c.slli	x31,0xa	 x31:0x00000f1e x31=0x003c7800
      348922000	     17344	80006e6a	a90eb913	sltiu	x18,x29,-1392	 x29:0x00000000 x18=0x00000001
      348942000	     17345	80006e6e	03c30833	mul	x16,x6,x28	  x6:0x000fc000 x28:0x0008001f x16=0x01e84000
      348962000	     17346	80006e72	44da84b7	lui	x9,0x44da8	  x9=0x44da8000
      349022000	     17349	80006e76	0088f133	and	x2,x17,x8	 x17:0x7e3ba4ed  x8:0x00000014  x2=0x00000004
      349122000	     17354	80006e7a	0307e963	bltu	x15,x16,80006eac	 x15:0xf1e8b418 x16:0x01e84000
      349142000	     17355	80006e7e	00d7a033	slt	x0,x15,x13	 x15:0xf1e8b418 x13:0x80023ce4  x0=0x00000000
      349162000	     17356	80006e82	40545333	sra	x6,x8,x5	  x8:0x00000014  x5:0x00000000  x6=0x00000014
      349182000	     17357	80006e86	8d31	c.xor	x10,x12	 x10:0x0000000c x12:0xb1e8000c x10=0xb1e80000
      349202000	     17358	80006e88	00b3fab3	and	x21,x7,x11	  x7:0x00000000 x11:0xf1e8b1fd x21=0x00000000
      349402000	     17368	80006e8c	0299b1b3	mulhu	x3,x19,x9	 x19:0x00000000  x9:0x44da8000  x3=0x00000000
      349802000	     17388	80006e90	0175dd13	srli	x26,x11,0x17	 x11:0xf1e8b1fd x26=0x000001e3
      349842000	     17390	80006e94	03dd5533	divu	x10,x26,x29	 x26:0x000001e3 x29:0x00000000 x10=0xffffffff
      350962000	     17446	80006e98	02a6d4b3	divu	x9,x13,x10	 x13:0x80023ce4 x10:0xffffffff  x9=0x00000000
      350982000	     17447	80006e9c	18fd	c.addi	x17,-1	 x17:0x7e3ba4ed x17=0x7e3ba4ec
      351002000	     17448	80006e9e	1e9c	c.addi4spn	x15,x2,880	 x15=0x00000374
      351022000	     17449	80006ea0	01a0bd33	sltu	x26,x1,x26	  x1:0x00000000 x26:0x000001e3 x26=0x00000001
      351042000	     17450	80006ea4	000c07b3	add	x15,x24,x0	 x24:0x00000000  x0:0x00000000 x15=0x00000000
      351062000	     17451	80006ea8	0001	c.addi	x0,0	  x0:0x00000000  x0=0x00000000
      351082000	     17452	80006eaa	0001	c.addi	x0,0	  x0:0x00000000  x0=0x00000000
      351102000	     17453	80006eac	008eb933	sltu	x18,x29,x8	 x29:0x00000000  x8:0x00000014 x18=0x00000001
      351502000	     17473	80006eb0	8d0d	c.sub	x10,x11	 x10:0xffffffff x11:0xf1e8b1fd x10=0x0e174e02
      351802000	     17488	80006eb2	00df5b33	srl	x22,x30,x13	 x30:0x00000000 x13:0x80023ce4 x22=0x00000000
      351822000	     17489	80006eb6	c321	c.beqz	x14,80006ef6	 x14:0x00000000
      353242000	     17560	80006ef6	8741	c.srai	x14,0x10	 x14:0x00000000 x14=0x00000000
      353622000	     17579	80006ef8	e131	c.bnez	x10,80006f3c	 x10:0x0e174e02
      354882000	     17642	80006f3c	40ebda13	srai	x20,x23,0xe	 x23:0x8001fe58 x20=0xfffe0007
      355902000	     17693	80006f40	995a	c.add	x18,x22	 x18:0x00000001 x22:0x00000000 x18=0x00000001
      355922000	     17694	80006f42	0000100f	fence.i	
      356202000	     17708	80006f46	87a2	c.mv	x15,x8	  x0:0x00000000  x8:0x00000014 x15=0x00000014
      356222000	     17709	80006f48	9b22	c.add	x22,x8	 x22:0x00000000  x8:0x00000014 x22=0x00000014
      356242000	     17710	80006f4a	0001	c.addi	x0,0	  x0:0x00000000  x0=0x00000000
      356262000	     17711	80006f4c	e816b417	auipc	x8,0xe816b	  x8=0x68171f4c
      357102000	     17753	80006f50	037cc2b3	div	x5,x25,x23	 x25:0xed42dc52 x23:0x8001fe58  x5=0x00000000
      357142000	     17755	80006f54	02482433	mulhsu	x8,x16,x4	 x16:0x01e84000  x4:0x04000363  x8=0x0007a106
      357162000	     17756	80006f58	02607c63	bgeu	x0,x6,80006f90	  x0:0x00000000  x6:0x00000014
      357182000	     17757	80006f5c	197d	c.addi	x18,-1	 x18:0x00000001 x18=0x00000000
      357202000	     17758	80006f5e	e941be13	sltiu	x28,x3,-364	  x3:0x00000000 x28=0x00000001
      357222000	     17759	80006f62	005f9313	slli	x6,x31,0x5	 x31:0x003c7800  x6=0x078f0000
      357642000	     17780	80006f66	40eadf33	sra	x30,x21,x14	 x21:0x00000000 x14:0x00000000 x30=0x00000000
      357702000	     17783	80006f6a	ded16113	ori	x2,x2,-531	  x2:0x00000004  x2=0xfffffded
      357722000	     17784	80006f6e	614ffe93	andi	x29,x31,1556	 x31:0x003c7800 x29=0x00000000
      357842000	     17790	80006f72	01861d63	bne	x12,x24,80006f8c	 x12:0xb1e8000c x24:0x00000000
      358482000	     17822	80006f8c	0058ec93	ori	x25,x17,5	 x17:0x7e3ba4ec x25=0x7e3ba4ed
      358522000	     17824	80006f90	01602db3	slt	x27,x0,x22	  x0:0x00000000 x22:0x00000014 x27=0x00000001
      358542000	     17825	80006f94	41a35c93	srai	x25,x6,0x1a	  x6:0x078f0000 x25=0x00000001
      358562000	     17826	80006f98	40ab08b3	sub	x17,x22,x10	 x22:0x00000014 x10:0x0e174e02 x17=0xf1e8b212
      358742000	     17835	80006f9c	025641b3	div	x3,x12,x5	 x12:0xb1e8000c  x5:0x00000000  x3=0xffffffff
      358882000	     17842	80006fa0	8f05	c.sub	x14,x9	 x14:0x00000000  x9:0x00000000 x14=0x00000000
      358902000	     17843	80006fa2	0119f3b3	and	x7,x19,x17	 x19:0x00000000 x17:0xf1e8b212  x7=0x00000000
      358922000	     17844	80006fa6	055a5263	bge	x20,x21,80006fea	 x20:0xfffe0007 x21:0x00000000
      359142000	     17855	80006faa	01599f63	bne	x19,x21,80006fc8	 x19:0x00000000 x21:0x00000000
      359162000	     17856	80006fae	02f90933	mul	x18,x18,x15	 x18:0x00000000 x15:0x00000014 x18=0x00000000
      359182000	     17857	80006fb2	0001	c.addi	x0,0	  x0:0x00000000  x0=0x00000000
      359202000	     17858	80006fb4	004ac2b3	xor	x5,x21,x4	 x21:0x00000000  x4:0x04000363  x5=0x04000363
      359262000	     17861	80006fb8	0000100f	fence.i	
      359602000	     17878	80006fbc	00e94d63	blt	x18,x14,80006fd6	 x18:0x00000000 x14:0x00000000
      359682000	     17882	80006fc0	027dc533	div	x10,x27,x7	 x27:0x00000001  x7:0x00000000 x10=0xffffffff
      359702000	     17883	80006fc4	8259	c.srli	x12,0x16	 x12:0xb1e8000c x12=0x000002c7
      359722000	     17884	80006fc6	83ed	c.srli	x15,0x1b	 x15:0x00000014 x15=0x00000000
      359742000	     17885	80006fc8	847d	c.srai	x8,0x1f	  x8:0x0007a106  x8=0x00000000
      359762000	     17886	80006fca	ff02fd17	auipc	x26,0xff02f	 x26=0x7f035fca
      359822000	     17889	80006fce	411c5a13	srai	x20,x24,0x11	 x24:0x00000000 x20=0x00000000
      359942000	     17895	80006fd2	033a1fb3	mulh	x31,x20,x19	 x20:0x00000000 x19:0x00000000 x31=0x00000000
      360822000	     17939	80006fd6	022dd733	divu	x14,x27,x2	 x27:0x00000001  x2:0xfffffded x14=0x00000000
      360842000	     17940	80006fda	8d71	c.and	x10,x12	 x10:0xffffffff x12:0x000002c7 x10=0x000002c7
      360882000	     17942	80006fdc	03802733	mulhsu	x14,x0,x24	  x0:0x00000000 x24:0x00000000 x14=0x00000000
      360902000	     17943	80006fe0	01b55e13	srli	x28,x10,0x1b	 x10:0x000002c7 x28=0x00000000
      360942000	     17945	80006fe4	023cb1b3	mulhu	x3,x25,x3	 x25:0x00000001  x3:0xffffffff  x3=0x00000000
      360962000	     17946	80006fe8	8505	c.srai	x10,0x1	 x10:0x000002c7 x10=0x00000163
      361002000	     17948	80006fea	02c92eb3	mulhsu	x29,x18,x12	 x18:0x00000000 x12:0x000002c7 x29=0x00000000
      361382000	     17967	80006fee	c7cda4b7	lui	x9,0xc7cda	  x9=0xc7cda000
      361402000	     17968	80006ff2	8cb9	c.xor	x9,x14	  x9:0xc7cda000 x14:0x00000000  x9=0xc7cda000
      361802000	     17988	80006ff4	085a	c.slli	x16,0x16	 x16:0x01e84000 x16=0x00000000
      361822000	     17989	80006ff6	8d71	c.and	x10,x12	 x10:0x00000163 x12:0x000002c7 x10=0x00000043
      362562000	     18026	80006ff8	0263ecb3	rem	x25,x7,x6	  x7:0x00000000  x6:0x078f0000 x25=0x00000000
      362582000	     18027	80006ffc	ef9d	c.bnez	x15,8000703a	 x15:0x00000000
      363322000	     18064	80006ffe	03634033	div	x0,x6,x22	  x6:0x078f0000 x22:0x00000014  x0=0x00000000
      363342000	     18065	80007002	01374563	blt	x14,x19,8000700c	 x14:0x00000000 x19:0x00000000
      363362000	     18066	80007006	01845733	srl	x14,x8,x24	  x8:0x00000000 x24:0x00000000 x14=0x00000000
      363382000	     18067	8000700a	1988	c.addi4spn	x10,x2,240	 x10=0xfffffedd
      363402000	     18068	8000700c	80e1	c.srli	x9,0x18	  x9:0xc7cda000  x9=0x000000c7
      363442000	     18070	8000700e	02f3b733	mulhu	x14,x7,x15	  x7:0x00000000 x15:0x00000000 x14=0x00000000
      364182000	     18107	80007012	036e4ab3	div	x21,x28,x22	 x28:0x00000000 x22:0x00000014 x21=0x00000000
      364202000	     18108	80007016	01e6d893	srli	x17,x13,0x1e	 x13:0x80023ce4 x17=0x00000002
      364222000	     18109	8000701a	0000100f	fence.i	
      364462000	     18121	8000701e	39354793	xori	x15,x10,915	 x10:0xfffffedd x15=0xfffffd4e
      364482000	     18122	80007022	89b2	c.mv	x19,x12	  x0:0x00000000 x12:0x000002c7 x19=0x000002c7
      364502000	     18123	80007024	0001	c.addi	x0,0	  x0:0x00000000  x0=0x00000000
      364522000	     18124	80007026	4087dc93	srai	x25,x15,0x8	 x15:0xfffffd4e x25=0xfffffffd
      364542000	     18125	8000702a	02f88763	beq	x17,x15,80007058	 x17:0x00000002 x15:0xfffffd4e
      364582000	     18127	8000702e	02922833	mulhsu	x16,x4,x9	  x4:0x04000363  x9:0x000000c7 x16=0x00000003
      364602000	     18128	80007032	46488293	addi	x5,x17,1124	 x17:0x00000002  x5=0x00000466
      364622000	     18129	80007036	8a79	c.andi	x12,30	 x12:0x000002c7 x12=0x00000006
      364722000	     18134	80007038	0001	c.addi	x0,0	  x0:0x00000000  x0=0x00000000
      364742000	     18135	8000703a	0000100f	fence.i	
      364862000	     18141	8000703e	012bb633	sltu	x12,x23,x18	 x23:0x8001fe58 x18:0x00000000 x12=0x00000000
      364882000	     18142	80007042	018042b3	xor	x5,x0,x24	  x0:0x00000000 x24:0x00000000  x5=0x00000000
      364902000	     18143	80007046	1afd	c.addi	x21,-1	 x21:0x00000000 x21=0xffffffff
      365322000	     18164	80007048	03467833	remu	x16,x12,x20	 x12:0x00000000 x20:0x00000000 x16=0x00000000
      366062000	     18201	8000704c	02a7e833	rem	x16,x15,x10	 x15:0xfffffd4e x10:0xfffffedd x16=0xffffff94
      366082000	     18202	80007050	002d8fb3	add	x31,x27,x2	 x27:0x00000001  x2:0xfffffded x31=0xfffffdee
      366102000	     18203	80007054	e46c3a93	sltiu	x21,x24,-442	 x24:0x00000000 x21=0x00000001
      366122000	     18204	80007058	b7deb993	sltiu	x19,x29,-1155	 x29:0x00000000 x19=0x00000001
      366142000	     18205	8000705c	8215	c.srli	x12,0x5	 x12:0x00000000 x12=0x00000000
      366162000	     18206	8000705e	01d55493	srli	x9,x10,0x1d	 x10:0xfffffedd  x9=0x00000007
      366182000	     18207	80007062	f1ffa093	slti	x1,x31,-225	 x31:0xfffffdee  x1=0x00000001
      366202000	     18208	80007066	0001	c.addi	x0,0	  x0:0x00000000  x0=0x00000000
      366222000	     18209	80007068	6fb4a817	auipc	x16,0x6fb4a	 x16=0xefb51068
      366242000	     18210	8000706c	8c59	c.or	x8,x14	  x8:0x00000000 x14:0x00000000  x8=0x00000000
      366382000	     18217	8000706e	03d79b33	mulh	x22,x15,x29	 x15:0xfffffd4e x29:0x00000000 x22=0x00000000
      366402000	     18218	80007072	88da	c.mv	x17,x22	  x0:0x00000000 x22:0x00000000 x17=0x00000000
      366422000	     18219	80007074	40e05a93	srai	x21,x0,0xe	  x0:0x00000000 x21=0x00000000
      366442000	     18220	80007078	01fda033	slt	x0,x27,x31	 x27:0x00000001 x31:0xfffffdee  x0=0x00000000
      366602000	     18228	8000707c	bfc7a293	slti	x5,x15,-1028	 x15:0xfffffd4e  x5=0x00000000
      366742000	     18235	80007080	40805f33	sra	x30,x0,x8	  x0:0x00000000  x8:0x00000000 x30=0x00000000
      366762000	     18236	80007084	40cdd533	sra	x10,x27,x12	 x27:0x00000001 x12:0x00000000 x10=0x00000001
      367182000	     18257	80007088	6d914413	xori	x8,x2,1753	  x2:0xfffffded  x8=0xfffffb34
      367602000	     18278	8000708c	0219	c.addi	x4,6	  x4:0x04000363  x4=0x04000369
      368742000	     18335	8000708e	02d9cdb3	div	x27,x19,x13	 x19:0x00000001 x13:0x80023ce4 x27=0x00000000
      368762000	     18336	80007092	3a5b7c93	andi	x25,x22,933	 x22:0x00000000 x25=0x00000000
      368782000	     18337	80007096	004a4663	blt	x20,x4,800070a2	 x20:0x00000000  x4:0x04000369
      369122000	     18354	800070a2	0294d263	bge	x9,x9,800070c6	  x9:0x00000007  x9:0x00000007
      369482000	     18372	800070c6	9a3e	c.add	x20,x15	 x20:0x00000000 x15:0xfffffd4e x20=0xfffffd4e
      369922000	     18394	800070c8	038cc7b3	div	x15,x25,x24	 x25:0x00000000 x24:0x00000000 x15=0xffffffff
      369942000	     18395	800070cc	00223533	sltu	x10,x4,x2	  x4:0x04000369  x2:0xfffffded x10=0x00000001
      370262000	     18411	800070d0	8e01	c.sub	x12,x8	 x12:0x00000000  x8:0xfffffb34 x12=0x000004cc
      370282000	     18412	800070d2	008b9413	slli	x8,x23,0x8	 x23:0x8001fe58  x8=0x01fe5800
      370302000	     18413	800070d6	01dd	c.addi	x3,23	  x3:0x00000000  x3=0x00000017
      370322000	     18414	800070d8	0a56	c.slli	x20,0x15	 x20:0xfffffd4e x20=0xa9c00000
      370342000	     18415	800070da	9fba	c.add	x31,x14	 x31:0xfffffdee x14:0x00000000 x31=0xfffffdee
      370362000	     18416	800070dc	5cfd	c.li	x25,-1	 x25=0xffffffff
      370742000	     18435	800070de	0123ef63	bltu	x7,x18,800070fc	  x7:0x00000000 x18:0x00000000
      370762000	     18436	800070e2	0088ff63	bgeu	x17,x8,80007100	 x17:0x00000000  x8:0x01fe5800
      370782000	     18437	800070e6	8669	c.srai	x12,0x1a	 x12:0x000004cc x12=0x00000000
      370822000	     18439	800070e8	02cfbfb3	mulhu	x31,x31,x12	 x31:0xfffffdee x12:0x00000000 x31=0x00000000
      370842000	     18440	800070ec	405fd2b3	sra	x5,x31,x5	 x31:0x00000000  x5:0x00000000  x5=0x00000000
      370922000	     18444	800070f0	010ef833	and	x16,x29,x16	 x29:0x00000000 x16:0xefb51068 x16=0x00000000
      370982000	     18447	800070f4	e00d	c.bnez	x8,80007116	  x8:0x01fe5800
      372702000	     18533	80007116	9bfd	c.andi	x15,-1	 x15:0xffffffff x15=0xffffffff
      372922000	     18544	80007118	008a53b3	srl	x7,x20,x8	 x20:0xa9c00000  x8:0x01fe5800  x7=0xa9c00000
      373222000	     18559	8000711c	87f9	c.srai	x15,0x1e	 x15:0xffffffff x15=0xffffffff
      373242000	     18560	8000711e	8c49	c.or	x8,x10	  x8:0x01fe5800 x10:0x00000001  x8=0x01fe5801
      373262000	     18561	80007120	0001	c.addi	x0,0	  x0:0x00000000  x0=0x00000000
      373282000	     18562	80007122	0196f833	and	x16,x13,x25	 x13:0x80023ce4 x25:0xffffffff x16=0x80023ce4
      373302000	     18563	80007126	002f6263	bltu	x30,x2,8000712a	 x30:0x00000000  x2:0xfffffded
      374202000	     18608	8000712a	1ffd	c.addi	x31,-1	 x31:0x00000000 x31=0xffffffff
      374622000	     18629	8000712c	037d8333	mul	x6,x27,x23	 x27:0x00000000 x23:0x8001fe58  x6=0x00000000
      374642000	     18630	80007130	04204b63	blt	x0,x2,80007186	  x0:0x00000000  x2:0xfffffded
      374782000	     18637	80007134	015d9c33	sll	x24,x27,x21	 x27:0x00000000 x21:0x00000000 x24=0x00000000
      374882000	     18642	80007138	8c41	c.or	x8,x8	  x8:0x01fe5801  x8:0x01fe5801  x8=0x01fe5801
      374902000	     18643	8000713a	517d	c.li	x2,-1	  x2=0xffffffff
      375042000	     18650	8000713c	020000ef	jal	x1,8000715c	  x1=0x80007140
      375442000	     18670	8000715c	37f5	c.jal	80007148	  x1=0x8000715e
      375482000	     18672	80007148	a039	c.j	80007156	
      375942000	     18695	80007156	febfff6f	jal	x30,80007140	 x30=0x8000715a
      375982000	     18697	80007140	00e000ef	jal	x1,8000714e	  x1=0x80007144
      376022000	     18699	8000714e	2019	c.jal	80007154	  x1=0x80007150
      376302000	     18713	80007154	bfe5	c.j	8000714c	
      376342000	     18715	8000714c	2019	c.jal	80007152	  x1=0x8000714e
      376382000	     18717	80007152	a021	c.j	8000715a	
      376422000	     18719	8000715a	b7ed	c.j	80007144	
      376502000	     18723	80007144	00c000ef	jal	x1,80007150	  x1=0x80007148
      376542000	     18725	80007150	bfed	c.j	8000714a	
      376582000	     18727	8000714a	a811	c.j	8000715e	
      376642000	     18730	8000715e	01041e13	slli	x28,x8,0x10	  x8:0x01fe5801 x28=0x58010000
      376662000	     18731	80007162	403052b3	sra	x5,x0,x3	  x0:0x00000000  x3:0x00000017  x5=0x00000000
      376682000	     18732	80007166	01ef3f33	sltu	x30,x30,x30	 x30:0x8000715a x30:0x8000715a x30=0x00000000
      376702000	     18733	8000716a	0001	c.addi	x0,0	  x0:0x00000000  x0=0x00000000
      376722000	     18734	8000716c	00b4da93	srli	x21,x9,0xb	  x9:0x00000007 x21=0x00000000
      376802000	     18738	80007170	0001	c.addi	x0,0	  x0:0x00000000  x0=0x00000000
      376822000	     18739	80007172	9aba	c.add	x21,x14	 x21:0x00000000 x14:0x00000000 x21=0x00000000
      376942000	     18745	80007174	044cb713	sltiu	x14,x25,68	 x25:0xffffffff x14=0x00000000
      376962000	     18746	80007178	00bc1713	slli	x14,x24,0xb	 x24:0x00000000 x14=0x00000000
      377162000	     18756	8000717c	11fd	c.addi	x3,-1	  x3:0x00000017  x3=0x00000016
      377182000	     18757	8000717e	00559e93	slli	x29,x11,0x5	 x11:0xf1e8b1fd x29=0x3d163fa0
      377202000	     18758	80007182	0001	c.addi	x0,0	  x0:0x00000000  x0=0x00000000
      377502000	     18773	80007184	8dc2	c.mv	x27,x16	  x0:0x00000000 x16:0x80023ce4 x27=0x80023ce4
      377522000	     18774	80007186	0000100f	fence.i	
      377622000	     18779	8000718a	e6439c97	auipc	x25,0xe6439	 x25=0x6644018a
      377642000	     18780	8000718e	5e7d	c.li	x28,-1	 x28=0xffffffff
      377662000	     18781	80007190	40d3da13	srai	x20,x7,0xd	  x7:0xa9c00000 x20=0xfffd4e00
      377682000	     18782	80007194	00616c33	or	x24,x2,x6	  x2:0xffffffff  x6:0x00000000 x24=0xffffffff
      378082000	     18802	80007198	01b5acb3	slt	x25,x11,x27	 x11:0xf1e8b1fd x27:0x80023ce4 x25=0x00000000
      378462000	     18821	8000719c	1e7d	c.addi	x28,-1	 x28:0xffffffff x28=0xfffffffe
      378482000	     18822	8000719e	0001	c.addi	x0,0	  x0:0x00000000  x0=0x00000000
      378882000	     18842	800071a0	0001	c.addi	x0,0	  x0:0x00000000  x0=0x00000000
      378902000	     18843	800071a2	02f9	c.addi	x5,30	  x5:0x00000000  x5=0x0000001e
      379042000	     18850	800071a4	9a7d	c.andi	x12,-1	 x12:0x00000000 x12=0x00000000
      379062000	     18851	800071a6	137d	c.addi	x6,-1	  x6:0x00000000  x6=0xffffffff
      379082000	     18852	800071a8	8225	c.srli	x12,0x9	 x12:0x00000000 x12=0x00000000
      379102000	     18853	800071aa	0056bf93	sltiu	x31,x13,5	 x13:0x80023ce4 x31=0x00000000
      379322000	     18864	800071ae	bfdeb493	sltiu	x9,x29,-1027	 x29:0x3d163fa0  x9=0x00000001
      379342000	     18865	800071b2	cd57a113	slti	x2,x15,-811	 x15:0xffffffff  x2=0x00000000
      379362000	     18866	800071b6	8c42	c.mv	x24,x16	  x0:0x00000000 x16:0x80023ce4 x24=0x80023ce4
      379762000	     18886	800071b8	00561033	sll	x0,x12,x5	 x12:0x00000000  x5:0x0000001e  x0=0x00000000
      380142000	     18905	800071bc	fc6ae797	auipc	x15,0xfc6ae	 x15=0x7c6b51bc
      380202000	     18908	800071c0	0b16	c.slli	x22,0x5	 x22:0x00000000 x22=0x00000000
      380222000	     18909	800071c2	b3023793	sltiu	x15,x4,-1232	  x4:0x04000369 x15=0x00000001
      380242000	     18910	800071c6	9d6e	c.add	x26,x27	 x26:0x7f035fca x27:0x80023ce4 x26=0xff059cae
      380382000	     18917	800071c8	8c49	c.or	x8,x10	  x8:0x01fe5801 x10:0x00000001  x8=0x01fe5801
      380462000	     18921	800071ca	02996063	bltu	x18,x9,800071ea	 x18:0x00000000  x9:0x00000001
      381362000	     18966	800071ea	610d	c.addi16sp	x2,160	  x2:0x00000000  x2=0x000000a0
      381422000	     18969	800071ec	c915	c.beqz	x10,80007220	 x10:0x00000001
      381502000	     18973	800071ee	40e85b13	srai	x22,x16,0xe	 x16:0x80023ce4 x22=0xfffe0008
      381942000	     18995	800071f2	028a1cb3	mulh	x25,x20,x8	 x20:0xfffd4e00  x8:0x01fe5801 x25=0xfffffaa0
      381962000	     18996	800071f6	8455	c.srai	x8,0x15	  x8:0x01fe5801  x8=0x0000000f
      381982000	     18997	800071f8	8e1d	c.sub	x12,x15	 x12:0x00000000 x15:0x00000001 x12=0xffffffff
      382002000	     18998	800071fa	68f7fd13	andi	x26,x15,1679	 x15:0x00000001 x26=0x00000001
      382022000	     18999	800071fe	00dd1913	slli	x18,x26,0xd	 x26:0x00000001 x18=0x00002000
      382042000	     19000	80007202	01a188b3	add	x17,x3,x26	  x3:0x00000016 x26:0x00000001 x17=0x00000017
      382102000	     19003	80007206	03668033	mul	x0,x13,x22	 x13:0x80023ce4 x22:0xfffe0008  x0=0x00000000
      382122000	     19004	8000720a	01d278b3	and	x17,x4,x29	  x4:0x04000369 x29:0x3d163fa0 x17=0x04000320
      382942000	     19045	8000720e	031c6233	rem	x4,x24,x17	 x24:0x80023ce4 x17:0x04000320  x4=0xfc029dc4
      382982000	     19047	80007212	024d1d33	mulh	x26,x26,x4	 x26:0x00000001  x4:0xfc029dc4 x26=0xffffffff
      383002000	     19048	80007216	0e9a	c.slli	x29,0x6	 x29:0x3d163fa0 x29=0x458fe800
      383022000	     19049	80007218	0289f863	bgeu	x19,x8,80007248	 x19:0x00000001  x8:0x0000000f
      383042000	     19050	8000721c	00b53333	sltu	x6,x10,x11	 x10:0x00000001 x11:0xf1e8b1fd  x6=0x00000001
      383062000	     19051	80007220	0001	c.addi	x0,0	  x0:0x00000000  x0=0x00000000
      383182000	     19057	80007222	03175563	bge	x14,x17,8000724c	 x14:0x00000000 x17:0x04000320
      383202000	     19058	80007226	0001	c.addi	x0,0	  x0:0x00000000  x0=0x00000000
      383422000	     19069	80007228	020b27b3	mulhsu	x15,x22,x0	 x22:0xfffe0008  x0:0x00000000 x15=0x00000000
      383442000	     19070	8000722c	ef15	c.bnez	x14,80007268	 x14:0x00000000
      383522000	     19074	8000722e	41b20933	sub	x18,x4,x27	  x4:0xfc029dc4 x27:0x80023ce4 x18=0x7c0060e0
      384262000	     19111	80007232	02b64eb3	div	x29,x12,x11	 x12:0xffffffff x11:0xf1e8b1fd x29=0x00000000
      384282000	     19112	80007236	e90d	c.bnez	x10,80007268	 x10:0x00000001
      384762000	     19136	80007268	843d	c.srai	x8,0xf	  x8:0x0000000f  x8=0x00000000
      384782000	     19137	8000726a	00ffde63	bge	x31,x15,80007286	 x31:0x00000000 x15:0x00000000
      385402000	     19168	80007286	1f88	c.addi4spn	x10,x2,1008	 x10=0x00000490
      385462000	     19171	80007288	0000100f	fence.i	
      385802000	     19188	8000728c	01762733	slt	x14,x12,x23	 x12:0xffffffff x23:0x8001fe58 x14=0x00000000
      386222000	     19209	80007290	03ac0463	beq	x24,x26,800072b8	 x24:0x80023ce4 x26:0xffffffff
      386362000	     19216	80007294	5d7d	c.li	x26,-1	 x26=0xffffffff
      386382000	     19217	80007296	8e1d	c.sub	x12,x15	 x12:0xffffffff x15:0x00000000 x12=0xffffffff
      386402000	     19218	80007298	0001	c.addi	x0,0	  x0:0x00000000  x0=0x00000000
      386422000	     19219	8000729a	0065a7b3	slt	x15,x11,x6	 x11:0xf1e8b1fd  x6:0x00000001 x15=0x00000001
      386442000	     19220	8000729e	895d	c.andi	x10,23	 x10:0x00000490 x10=0x00000010
      386462000	     19221	800072a0	00469e63	bne	x13,x4,800072bc	 x13:0x80023ce4  x4:0xfc029dc4
      386962000	     19246	800072bc	038e0f33	mul	x30,x28,x24	 x28:0xfffffffe x24:0x80023ce4 x30=0xfffb8638
      387042000	     19250	800072c0	0436	c.slli	x8,0xd	  x8:0x00000000  x8=0x00000000
      387102000	     19253	800072c2	0066f733	and	x14,x13,x6	 x13:0x80023ce4  x6:0x00000001 x14=0x00000000
      387142000	     19255	800072c6	03652fb3	mulhsu	x31,x10,x22	 x10:0x00000010 x22:0xfffe0008 x31=0x0000000f
      387162000	     19256	800072ca	4b46b817	auipc	x16,0x4b46b	 x16=0xcb4722ca
      387182000	     19257	800072ce	bd2aa997	auipc	x19,0xbd2aa	 x19=0x3d2b12ce
      387222000	     19259	800072d2	03d1f0b3	remu	x1,x3,x29	  x3:0x00000016 x29:0x00000000  x1=0x00000016
      387342000	     19265	800072d6	019054b3	srl	x9,x0,x25	  x0:0x00000000 x25:0xfffffaa0  x9=0x00000000
      387402000	     19268	800072da	cfd98313	addi	x6,x19,-771	 x19:0x3d2b12ce  x6=0x3d2b0fcb
      387422000	     19269	800072de	02d2d263	bge	x5,x13,80007302	  x5:0x0000001e x13:0x80023ce4
      387842000	     19290	80007302	1e7d	c.addi	x28,-1	 x28:0xfffffffe x28=0xfffffffd
      387962000	     19296	80007304	1e80	c.addi4spn	x8,x2,880	  x8=0x00000410
      388062000	     19301	80007306	9eb9f293	andi	x5,x19,-1557	 x19:0x3d2b12ce  x5=0x3d2b10ca
      388082000	     19302	8000730a	003d89b3	add	x19,x27,x3	 x27:0x80023ce4  x3:0x00000016 x19=0x80023cfa
      388502000	     19323	8000730e	01407d33	and	x26,x0,x20	  x0:0x00000000 x20:0xfffd4e00 x26=0x00000000
      388702000	     19333	80007312	0000100f	fence.i	
      389902000	     19393	80007316	00065663	bge	x12,x0,80007322	 x12:0xffffffff  x0:0x00000000
      390322000	     19414	8000731a	5aa54737	lui	x14,0x5aa54	 x14=0x5aa54000
      390342000	     19415	8000731e	41835a33	sra	x20,x6,x24	  x6:0x3d2b0fcb x24:0x80023ce4 x20=0x03d2b0fc
      390362000	     19416	80007322	028b8763	beq	x23,x8,80007350	 x23:0x8001fe58  x8:0x00000410
      390382000	     19417	80007326	8f55	c.or	x14,x13	 x14:0x5aa54000 x13:0x80023ce4 x14=0xdaa77ce4
      390742000	     19435	80007328	78747393	andi	x7,x8,1927	  x8:0x00000410  x7=0x00000400
      390762000	     19436	8000732c	4612a493	slti	x9,x5,1121	  x5:0x3d2b10ca  x9=0x00000000
      390782000	     19437	80007330	009b19b3	sll	x19,x22,x9	 x22:0xfffe0008  x9:0x00000000 x19=0xfffe0008
      390942000	     19445	80007334	1d7bb193	sltiu	x3,x23,471	 x23:0x8001fe58  x3=0x00000000
      391302000	     19463	80007338	9bfd	c.andi	x15,-1	 x15:0x00000001 x15=0x00000001
      391362000	     19466	8000733a	026d9a63	bne	x27,x6,8000736e	 x27:0x80023ce4  x6:0x3d2b0fcb
      392402000	     19518	8000736e	00407d33	and	x26,x0,x4	  x0:0x00000000  x4:0xfc029dc4 x26=0x00000000
      393142000	     19555	80007372	033c6d33	rem	x26,x24,x19	 x24:0x80023ce4 x19:0xfffe0008 x26=0xfffe3cec
      393162000	     19556	80007376	13544a13	xori	x20,x8,309	  x8:0x00000410 x20=0x00000525
      393182000	     19557	8000737a	41045713	srai	x14,x8,0x10	  x8:0x00000410 x14=0x00000000
      393202000	     19558	8000737e	00c544b3	xor	x9,x10,x12	 x10:0x00000010 x12:0xffffffff  x9=0xffffffef
      393222000	     19559	80007382	7899a8b7	lui	x17,0x7899a	 x17=0x7899a000
      393262000	     19561	80007386	0195f233	and	x4,x11,x25	 x11:0xf1e8b1fd x25:0xfffffaa0  x4=0xf1e8b0a0
      393282000	     19562	8000738a	826a	c.mv	x4,x26	  x0:0x00000000 x26:0xfffe3cec  x4=0xfffe3cec
      394082000	     19602	8000738c	01e000ef	jal	x1,800073aa	  x1=0x80007390
      394182000	     19607	800073aa	a839	c.j	800073c8	
      395122000	     19654	800073c8	b7e9	c.j	80007392	
      395682000	     19682	80007392	2825	c.jal	800073ca	  x1=0x80007394
      395782000	     19687	800073ca	ff7ff36f	jal	x6,800073c0	  x6=0x800073ce
      396882000	     19742	800073c0	3fd5	c.jal	800073b4	  x1=0x800073c2
      396922000	     19744	800073b4	a01d	c.j	800073da	
      396962000	     19746	800073da	a011	c.j	800073de	
      397462000	     19771	800073de	fbffffef	jal	x31,8000739c	 x31=0x800073e2
      397502000	     19773	8000739c	0320036f	jal	x6,800073ce	  x6=0x800073a0
      397582000	     19777	800073ce	3fd5	c.jal	800073c2	  x1=0x800073d0
      397662000	     19781	800073c2	fd5ff86f	jal	x16,80007396	 x16=0x800073c6
      397722000	     19784	80007396	2805	c.jal	800073c6	  x1=0x80007398
      397782000	     19787	800073c6	37f5	c.jal	800073b2	  x1=0x800073c8
      397842000	     19790	800073b2	37e5	c.jal	8000739a	  x1=0x800073b4
      397902000	     19793	8000739a	a835	c.j	800073d6	
      397982000	     19797	800073d6	006000ef	jal	x1,800073dc	  x1=0x800073da
      398022000	     19799	800073dc	3ff9	c.jal	800073ba	  x1=0x800073de
      398102000	     19803	800073ba	2821	c.jal	800073d2	  x1=0x800073bc
      398182000	     19807	800073d2	fc3ff0ef	jal	x1,80007394	  x1=0x800073d6
      398242000	     19810	80007394	2835	c.jal	800073d0	  x1=0x80007396
      398282000	     19812	800073d0	b7e1	c.j	80007398	
      398322000	     19814	80007398	a021	c.j	800073a0	
      398362000	     19816	800073a0	3fc5	c.jal	80007390	  x1=0x800073a2
      398402000	     19818	80007390	2839	c.jal	800073ae	  x1=0x80007392
      398462000	     19821	800073ae	ff9ff96f	jal	x18,800073a6	 x18=0x800073b2
      398522000	     19824	800073a6	006001ef	jal	x3,800073ac	  x3=0x800073aa
      398562000	     19826	800073ac	bfdd	c.j	800073a2	
      398622000	     19829	800073a2	014000ef	jal	x1,800073b6	  x1=0x800073a6
      398702000	     19833	800073b6	006000ef	jal	x1,800073bc	  x1=0x800073ba
      398742000	     19835	800073bc	02600d6f	jal	x26,800073e2	 x26=0x800073c0
      398822000	     19839	800073e2	1198	c.addi4spn	x14,x2,224	 x14=0x00000180
      398842000	     19840	800073e4	006d3db3	sltu	x27,x26,x6	 x26:0x800073c0  x6:0x800073a0 x27=0x00000000
      398902000	     19843	800073e8	0000100f	fence.i	
      399222000	     19859	800073ec	1b08	c.addi4spn	x10,x2,432	 x10=0x00000250
      399242000	     19860	800073ee	01818f33	add	x30,x3,x24	  x3:0x800073aa x24:0x80023ce4 x30=0x0002b08e
      399282000	     19862	800073f2	02fab133	mulhu	x2,x21,x15	 x21:0x00000000 x15:0x00000001  x2=0x00000000
      399822000	     19889	800073f6	01e6d913	srli	x18,x13,0x1e	 x13:0x80023ce4 x18=0x00000002
      399842000	     19890	800073fa	8d3d	c.xor	x10,x15	 x10:0x00000250 x15:0x00000001 x10=0x00000251
      399862000	     19891	800073fc	03729d63	bne	x5,x23,80007436	  x5:0x3d2b10ca x23:0x8001fe58
      400442000	     19920	80007436	025530b3	mulhu	x1,x10,x5	 x10:0x00000251  x5:0x3d2b10ca  x1=0x0000008d
      400462000	     19921	8000743a	90ea	c.add	x1,x26	  x1:0x0000008d x26:0x800073c0  x1=0x8000744d
      400482000	     19922	8000743c	0001	c.addi	x0,0	  x0:0x00000000  x0=0x00000000
      400502000	     19923	8000743e	01e9ed63	bltu	x19,x30,80007458	 x19:0xfffe0008 x30:0x0002b08e
      400522000	     19924	80007442	0001	c.addi	x0,0	  x0:0x00000000  x0=0x00000000
      400542000	     19925	80007444	01609c13	slli	x24,x1,0x16	  x1:0x8000744d x24=0x13400000
      400922000	     19944	80007448	016661b3	or	x3,x12,x22	 x12:0xffffffff x22:0xfffe0008  x3=0xffffffff
      401082000	     19952	8000744c	01611713	slli	x14,x2,0x16	  x2:0x00000000 x14=0x00000000
      401182000	     19957	80007450	cd1d	c.beqz	x10,8000748e	 x10:0x00000251
      401202000	     19958	80007452	0e1c	c.addi4spn	x15,x2,784	 x15=0x00000310
      401322000	     19964	80007454	00e553b3	srl	x7,x10,x14	 x10:0x00000251 x14:0x00000000  x7=0x00000251
      401402000	     19968	80007458	e0214f17	auipc	x30,0xe0214	 x30=0x6021b458
      401422000	     19969	8000745c	03130cb3	mul	x25,x6,x17	  x6:0x800073a0 x17:0x7899a000 x25=0x62e40000
      401442000	     19970	80007460	04dcd063	bge	x25,x13,800074a0	 x25:0x62e40000 x13:0x80023ce4
      401642000	     19980	800074a0	01dc8933	add	x18,x25,x29	 x25:0x62e40000 x29:0x00000000 x18=0x62e40000
      402542000	     20025	800074a4	03f1c133	div	x2,x3,x31	  x3:0xffffffff x31:0x800073e2  x2=0x00000000
      402562000	     20026	800074a8	802d	c.srli	x8,0xb	  x8:0x00000410  x8=0x00000000
      402582000	     20027	800074aa	01bbdd13	srli	x26,x23,0x1b	 x23:0x8001fe58 x26=0x00000010
      402602000	     20028	800074ae	01f44f63	blt	x8,x31,800074cc	  x8:0x00000000 x31:0x800073e2
      402622000	     20029	800074b2	00c41333	sll	x6,x8,x12	  x8:0x00000000 x12:0xffffffff  x6=0x00000000
      402642000	     20030	800074b6	c415	c.beqz	x8,800074e2	  x8:0x00000000
      402962000	     20046	800074e2	01086db3	or	x27,x16,x16	 x16:0x800073c6 x16:0x800073c6 x27=0x800073c6
      403182000	     20057	800074e6	012f98b3	sll	x17,x31,x18	 x31:0x800073e2 x18:0x62e40000 x17=0x800073e2
      403382000	     20067	800074ea	00e000ef	jal	x1,800074f8	  x1=0x800074ee
      404022000	     20099	800074f8	bffd	c.j	800074f6	
      404362000	     20116	800074f6	3fe5	c.jal	800074ee	  x1=0x800074f8
      405442000	     20170	800074ee	016000ef	jal	x1,80007504	  x1=0x800074f2
      405482000	     20172	80007504	bfe5	c.j	800074fc	
      405522000	     20174	800074fc	2009	c.jal	800074fe	  x1=0x800074fe
      405582000	     20177	800074fe	a009	c.j	80007500	
      405642000	     20180	80007500	ff3ff16f	jal	x2,800074f2	  x2=0x80007504
      405702000	     20183	800074f2	a021	c.j	800074fa	
      405742000	     20185	800074fa	3fed	c.jal	800074f4	  x1=0x800074fc
      405782000	     20187	800074f4	2809	c.jal	80007506	  x1=0x800074f6
      406302000	     20213	80007506	01011e13	slli	x28,x2,0x10	  x2:0x80007504 x28=0x75040000
      406322000	     20214	8000750a	01397c33	and	x24,x18,x19	 x18:0x62e40000 x19:0xfffe0008 x24=0x62e40000
      406502000	     20223	8000750e	43431137	lui	x2,0x43431	  x2=0x43431000
      406662000	     20231	80007512	d97a2737	lui	x14,0xd97a2	 x14=0xd97a2000
      406862000	     20241	80007516	406a8f33	sub	x30,x21,x6	 x21:0x00000000  x6:0x00000000 x30=0x00000000
      406882000	     20242	8000751a	50528b13	addi	x22,x5,1285	  x5:0x3d2b10ca x22=0x3d2b15cf
      406922000	     20244	8000751e	007669b3	or	x19,x12,x7	 x12:0xffffffff  x7:0x00000251 x19=0xffffffff
      406942000	     20245	80007522	01c50633	add	x12,x10,x28	 x10:0x00000251 x28:0x75040000 x12=0x75040251
      406962000	     20246	80007526	8cdd	c.or	x9,x15	  x9:0xffffffef x15:0x00000310  x9=0xffffffff
      407362000	     20266	80007528	80e1	c.srli	x9,0x18	  x9:0xffffffff  x9=0x000000ff
      407382000	     20267	8000752a	0108	c.addi4spn	x10,x2,128	 x10=0x43431080
      407522000	     20274	8000752c	418b0433	sub	x8,x22,x24	 x22:0x3d2b15cf x24:0x62e40000  x8=0xda4715cf
      407762000	     20286	80007530	02bca8b3	mulhsu	x17,x25,x11	 x25:0x62e40000 x11:0xf1e8b1fd x17=0x5d728761
      407782000	     20287	80007534	8ff5	c.and	x15,x13	 x15:0x00000310 x13:0x80023ce4 x15=0x00000000
      407882000	     20292	80007536	028732b3	mulhu	x5,x14,x8	 x14:0xd97a2000  x8:0xda4715cf  x5=0xb96e62a5
      408162000	     20306	8000753a	556b4517	auipc	x10,0x556b4	 x10=0xd56bb53a
      408182000	     20307	8000753e	8c79	c.and	x8,x14	  x8:0xda4715cf x14:0xd97a2000  x8=0xd8420000
      408202000	     20308	80007540	016f70b3	and	x1,x30,x22	 x30:0x00000000 x22:0x3d2b15cf  x1=0x00000000
      408222000	     20309	80007544	60b9	c.lui	x1,0xe	  x1=0x0000e000
      408242000	     20310	80007546	717d	c.addi16sp	x2,-16	  x2:0x43431000  x2=0x43430ff0
      408262000	     20311	80007548	00067ab3	and	x21,x12,x0	 x12:0x75040251  x0:0x00000000 x21=0x00000000
      408342000	     20315	8000754c	717d	c.addi16sp	x2,-16	  x2:0x43430ff0  x2=0x43430fe0
      408362000	     20316	8000754e	039c1f63	bne	x24,x25,8000758c	 x24:0x62e40000 x25:0x62e40000
      408382000	     20317	80007552	8c31	c.xor	x8,x12	  x8:0xd8420000 x12:0x75040251  x8=0xad460251
      408462000	     20321	80007554	0001	c.addi	x0,0	  x0:0x00000000  x0=0x00000000
      408482000	     20322	80007556	01e8f8b3	and	x17,x17,x30	 x17:0x5d728761 x30:0x00000000 x17=0x00000000
      408682000	     20332	8000755a	00bfe663	bltu	x31,x11,80007566	 x31:0x800073e2 x11:0xf1e8b1fd
      409322000	     20364	80007566	009f1eb3	sll	x29,x30,x9	 x30:0x00000000  x9:0x000000ff x29=0x00000000
      409402000	     20368	8000756a	40f18b33	sub	x22,x3,x15	  x3:0xffffffff x15:0x00000000 x22=0xffffffff
      409422000	     20369	8000756e	00f25533	srl	x10,x4,x15	  x4:0xfffe3cec x15:0x00000000 x10=0xfffe3cec
      410242000	     20410	80007572	036047b3	div	x15,x0,x22	  x0:0x00000000 x22:0xffffffff x15=0x00000000
      410262000	     20411	80007576	6f7b6317	auipc	x6,0x6f7b6	  x6=0xef7bd576
      410282000	     20412	8000757a	80cd	c.srli	x9,0x13	  x9:0x000000ff  x9=0x00000000
      410302000	     20413	8000757c	02497363	bgeu	x18,x4,800075a2	 x18:0x62e40000  x4:0xfffe3cec
      410322000	     20414	80007580	9a7d	c.andi	x12,-1	 x12:0x75040251 x12=0x75040251
      410342000	     20415	80007582	01e88e33	add	x28,x17,x30	 x17:0x00000000 x30:0x00000000 x28=0x00000000
      410362000	     20416	80007586	8f31	c.xor	x14,x12	 x14:0xd97a2000 x12:0x75040251 x14=0xac7e2251
      410382000	     20417	80007588	00c411b3	sll	x3,x8,x12	  x8:0xad460251 x12:0x75040251  x3=0x04a20000
      410402000	     20418	8000758c	e5cd3893	sltiu	x17,x26,-420	 x26:0x00000010 x17=0x00000001
      410422000	     20419	80007590	41455a13	srai	x20,x10,0x14	 x10:0xfffe3cec x20=0xffffffff
      410542000	     20425	80007594	0ff0000f	fence	iorw,iorw	
      410562000	     20426	80007598	8e6d	c.and	x12,x11	 x12:0x75040251 x11:0xf1e8b1fd x12=0x71000051
      410582000	     20427	8000759a	52e67b17	auipc	x22,0x52e67	 x22=0xd2e6e59a
      410602000	     20428	8000759e	f0260393	addi	x7,x12,-254	 x12:0x71000051  x7=0x70ffff53
      410682000	     20432	800075a2	0000100f	fence.i	
      411782000	     20487	800075a6	0360ccb3	div	x25,x1,x22	  x1:0x0000e000 x22:0xd2e6e59a x25=0x00000000
      411802000	     20488	800075aa	c219	c.beqz	x12,800075b0	 x12:0x71000051
      411822000	     20489	800075ac	c885	c.beqz	x9,800075dc	  x9:0x00000000
      412242000	     20510	800075dc	8d39	c.xor	x10,x14	 x10:0xfffe3cec x14:0xac7e2251 x10=0x53801ebd
      412262000	     20511	800075de	0000100f	fence.i	
      412602000	     20528	800075e2	0359ccb3	div	x25,x19,x21	 x19:0xffffffff x21:0x00000000 x25=0xffffffff
      413342000	     20565	800075e6	03194033	div	x0,x18,x17	 x18:0x62e40000 x17:0x00000001  x0=0x00000000
      413362000	     20566	800075ea	00011563	bne	x2,x0,800075f4	  x2:0x43430fe0  x0:0x00000000
      413482000	     20572	800075f4	0d9a	c.slli	x27,0x6	 x27:0x800073c6 x27=0x001cf180
      413502000	     20573	800075f6	862d	c.srai	x12,0xb	 x12:0x71000051 x12=0x000e2000
      414242000	     20610	800075f8	02e754b3	divu	x9,x14,x14	 x14:0xac7e2251 x14:0xac7e2251  x9=0x00000001
      414262000	     20611	800075fc	00524033	xor	x0,x4,x5	  x4:0xfffe3cec  x5:0xb96e62a5  x0=0x00000000
      415002000	     20648	80007600	03206fb3	rem	x31,x0,x18	  x0:0x00000000 x18:0x62e40000 x31=0x00000000
      423542000	     21075	80007604	0343d363	bge	x7,x20,8000762a	  x7:0x70ffff53 x20:0xffffffff
      423922000	     21094	8000762a	e121	c.bnez	x10,8000766a	 x10:0x53801ebd
      424842000	     21140	8000766a	1084	c.addi4spn	x9,x2,96	  x9=0x43431040
      424962000	     21146	8000766c	00e823b3	slt	x7,x16,x14	 x16:0x800073c6 x14:0xac7e2251  x7=0x00000001
      425382000	     21167	80007670	8cb5	c.xor	x9,x13	  x9:0x43431040 x13:0x80023ce4  x9=0xc3412ca4
      425402000	     21168	80007672	57fd	c.li	x15,-1	 x15=0xffffffff
      425422000	     21169	80007674	022af363	bgeu	x21,x2,8000769a	 x21:0x00000000  x2:0x43430fe0
      425822000	     21189	80007678	40aadf93	srai	x31,x21,0xa	 x21:0x00000000 x31=0x00000000
      425882000	     21192	8000767c	0001	c.addi	x0,0	  x0:0x00000000  x0=0x00000000
      426122000	     21204	8000767e	02ce3e33	mulhu	x28,x28,x12	 x28:0x00000000 x12:0x000e2000 x28=0x00000000
      426242000	     21210	80007682	006f1213	slli	x4,x30,0x6	 x30:0x00000000  x4=0x00000000
      426282000	     21212	80007686	01ec7fb3	and	x31,x24,x30	 x24:0x62e40000 x30:0x00000000 x31=0x00000000
      426302000	     21213	8000768a	cec6bf13	sltiu	x30,x13,-788	 x13:0x80023ce4 x30=0x00000001
      426322000	     21214	8000768e	6189	c.lui	x3,0x2	  x3=0x00002000
      426342000	     21215	80007690	90e2	c.add	x1,x24	  x1:0x0000e000 x24:0x62e40000  x1=0x62e4e000
      427082000	     21252	80007692	032ec133	div	x2,x29,x18	 x29:0x00000000 x18:0x62e40000  x2=0x00000000
      427102000	     21253	80007696	02a45f63	bge	x8,x10,800076d4	  x8:0xad460251 x10:0x53801ebd
      427122000	     21254	8000769a	00775763	bge	x14,x7,800076a8	 x14:0xac7e2251  x7:0x00000001
      427142000	     21255	8000769e	00b83d33	sltu	x26,x16,x11	 x16:0x800073c6 x11:0xf1e8b1fd x26=0x00000001
      427162000	     21256	800076a2	611d	c.addi16sp	x2,416	  x2:0x00000000  x2=0x000001a0
      427182000	     21257	800076a4	01311933	sll	x18,x2,x19	  x2:0x000001a0 x19:0xffffffff x18=0x00000000
      427202000	     21258	800076a8	03bb04b3	mul	x9,x22,x27	 x22:0xd2e6e59a x27:0x001cf180  x9=0xee70c700
      427462000	     21271	800076ac	025801b3	mul	x3,x16,x5	 x16:0x800073c6  x5:0xb96e62a5  x3=0x81b06a9e
      427542000	     21275	800076b0	0ff0000f	fence	iorw,iorw	
      427702000	     21283	800076b4	0091c263	blt	x3,x9,800076b8	  x3:0x81b06a9e  x9:0xee70c700
      428542000	     21325	800076b8	0ff0000f	fence	iorw,iorw	
      428562000	     21326	800076bc	00415663	bge	x2,x4,800076c8	  x2:0x000001a0  x4:0x00000000
      429082000	     21352	800076c8	00f249b3	xor	x19,x4,x15	  x4:0x00000000 x15:0xffffffff x19=0xffffffff
      429102000	     21353	800076cc	03a30f63	beq	x6,x26,8000770a	  x6:0xef7bd576 x26:0x00000001
      429122000	     21354	800076d0	0026a733	slt	x14,x13,x2	 x13:0x80023ce4  x2:0x000001a0 x14=0x00000001
      429142000	     21355	800076d4	e499	c.bnez	x9,800076e2	  x9:0xee70c700
      430522000	     21424	800076e2	02cfee33	rem	x28,x31,x12	 x31:0x00000000 x12:0x000e2000 x28=0x00000000
      430542000	     21425	800076e6	027f87b3	mul	x15,x31,x7	 x31:0x00000000  x7:0x00000001 x15=0x00000000
      430562000	     21426	800076ea	0226c563	blt	x13,x2,80007714	 x13:0x80023ce4  x2:0x000001a0
      430742000	     21435	80007714	05006063	bltu	x0,x16,80007754	  x0:0x00000000 x16:0x800073c6
      431922000	     21494	80007754	00f7de63	bge	x15,x15,80007770	 x15:0x00000000 x15:0x00000000
      432482000	     21522	80007770	01dbea33	or	x20,x23,x29	 x23:0x8001fe58 x29:0x00000000 x20=0x8001fe58
      432502000	     21523	80007774	9eca	c.add	x29,x18	 x29:0x00000000 x18:0x00000000 x29=0x00000000
      432522000	     21524	80007776	30a20093	addi	x1,x4,778	  x4:0x00000000  x1=0x0000030a
      432542000	     21525	8000777a	0001	c.addi	x0,0	  x0:0x00000000  x0=0x00000000
      432562000	     21526	8000777c	0001	c.addi	x0,0	  x0:0x00000000  x0=0x00000000
      432602000	     21528	8000777e	00a7cc63	blt	x15,x10,80007796	 x15:0x00000000 x10:0x53801ebd
      433182000	     21557	80007796	039ab333	mulhu	x6,x21,x25	 x21:0x00000000 x25:0xffffffff  x6=0x00000000
      433262000	     21561	8000779a	a15e3a93	sltiu	x21,x28,-1515	 x28:0x00000000 x21=0x00000001
      433282000	     21562	8000779e	0154e563	bltu	x9,x21,800077a8	  x9:0xee70c700 x21:0x00000001
      433302000	     21563	800077a2	a289f813	andi	x16,x19,-1496	 x19:0xffffffff x16=0xfffffa28
      433322000	     21564	800077a6	187d	c.addi	x16,-1	 x16:0xfffffa28 x16=0xfffffa27
      433722000	     21584	800077a8	401a02b3	sub	x5,x20,x1	 x20:0x8001fe58  x1:0x0000030a  x5=0x8001fb4e
      434122000	     21604	800077ac	004747b3	xor	x15,x14,x4	 x14:0x00000001  x4:0x00000000 x15=0x00000001
      434142000	     21605	800077b0	0079f733	and	x14,x19,x7	 x19:0xffffffff  x7:0x00000001 x14=0x00000001
      434562000	     21626	800077b4	afcab313	sltiu	x6,x21,-1284	 x21:0x00000001  x6=0x00000001
      434582000	     21627	800077b8	b1eaae93	slti	x29,x21,-1250	 x21:0x00000001 x29=0x00000000
      434802000	     21638	800077bc	8cc9	c.or	x9,x10	  x9:0xee70c700 x10:0x53801ebd  x9=0xfff0dfbd
      435562000	     21676	800077be	0239d333	divu	x6,x19,x3	 x19:0xffffffff  x3:0x81b06a9e  x6=0x00000001
      435582000	     21677	800077c2	6de1	c.lui	x27,0x18	 x27=0x00018000
      435602000	     21678	800077c4	e911	c.bnez	x10,800077d8	 x10:0x53801ebd
      435682000	     21682	800077d8	011a9e63	bne	x21,x17,800077f4	 x21:0x00000001 x17:0x00000001
      435702000	     21683	800077dc	c5f22913	slti	x18,x4,-929	  x4:0x00000000 x18=0x00000000
      435902000	     21693	800077e0	03b0ab33	mulhsu	x22,x1,x27	  x1:0x0000030a x27:0x00018000 x22=0x00000000
      436302000	     21713	800077e4	00971fb3	sll	x31,x14,x9	 x14:0x00000001  x9:0xfff0dfbd x31=0x20000000
      436322000	     21714	800077e8	ee1d	c.bnez	x12,80007826	 x12:0x000e2000
      436842000	     21740	80007826	31e93e93	sltiu	x29,x18,798	 x18:0x00000000 x29=0x00000001
      437882000	     21792	8000782a	0270e933	rem	x18,x1,x7	  x1:0x0000030a  x7:0x00000001 x18=0x00000000
      437902000	     21793	8000782e	2c9f8a93	addi	x21,x31,713	 x31:0x20000000 x21=0x200002c9
      437922000	     21794	80007832	00f61033	sll	x0,x12,x15	 x12:0x000e2000 x15:0x00000001  x0=0x00000000
      437942000	     21795	80007836	94b6	c.add	x9,x13	  x9:0xfff0dfbd x13:0x80023ce4  x9=0x7ff31ca1
      437962000	     21796	80007838	9c06	c.add	x24,x1	 x24:0x62e40000  x1:0x0000030a x24=0x62e4030a
      437982000	     21797	8000783a	419bd4b3	sra	x9,x23,x25	 x23:0x8001fe58 x25:0xffffffff  x9=0xffffffff
      438002000	     21798	8000783e	03f1e663	bltu	x3,x31,8000786a	  x3:0x81b06a9e x31:0x20000000
      438022000	     21799	80007842	00849d63	bne	x9,x8,8000785c	  x9:0xffffffff  x8:0xad460251
      438602000	     21828	8000785c	03ba	c.slli	x7,0xe	  x7:0x00000001  x7=0x00004000
      438722000	     21834	8000785e	01a68fb3	add	x31,x13,x26	 x13:0x80023ce4 x26:0x00000001 x31=0x80023ce5
      439022000	     21849	80007862	001b1f33	sll	x30,x22,x1	 x22:0x00000000  x1:0x0000030a x30=0x00000000
      439882000	     21892	80007866	035570b3	remu	x1,x10,x21	 x10:0x53801ebd x21:0x200002c9  x1=0x1380192b
      439902000	     21893	8000786a	00a09493	slli	x9,x1,0xa	  x1:0x1380192b  x9=0x0064ac00
      439922000	     21894	8000786e	8fd1	c.or	x15,x12	 x15:0x00000001 x12:0x000e2000 x15=0x000e2001
      439942000	     21895	80007870	80e9	c.srli	x9,0x1a	  x9:0x0064ac00  x9=0x00000000
      439962000	     21896	80007872	8075	c.srli	x8,0x1d	  x8:0xad460251  x8=0x00000005
      440702000	     21933	80007874	021979b3	remu	x19,x18,x1	 x18:0x00000000  x1:0x1380192b x19=0x00000000
      440722000	     21934	80007878	03c48db3	mul	x27,x9,x28	  x9:0x00000000 x28:0x00000000 x27=0x00000000
      441462000	     21971	8000787c	03d24db3	div	x27,x4,x29	  x4:0x00000000 x29:0x00000001 x27=0x00000000
      441502000	     21973	80007880	02ec3333	mulhu	x6,x24,x14	 x24:0x62e4030a x14:0x00000001  x6=0x00000000
      441542000	     21975	80007884	024f6db3	rem	x27,x30,x4	 x30:0x00000000  x4:0x00000000 x27=0x00000000
      441582000	     21977	80007888	0380bc33	mulhu	x24,x1,x24	  x1:0x1380192b x24:0x62e4030a x24=0x078867f4
      442322000	     22014	8000788c	030d6f33	rem	x30,x26,x16	 x26:0x00000001 x16:0xfffffa27 x30=0x00000001
      442342000	     22015	80007890	1b10	c.addi4spn	x12,x2,432	 x12=0x00000350
      442362000	     22016	80007892	035d7763	bgeu	x26,x21,800078c0	 x26:0x00000001 x21:0x200002c9
      442382000	     22017	80007896	006c5d13	srli	x26,x24,0x6	 x24:0x078867f4 x26=0x001e219f
      442402000	     22018	8000789a	03c88433	mul	x8,x17,x28	 x17:0x00000001 x28:0x00000000  x8=0x00000000
      442422000	     22019	8000789e	41c5d0b3	sra	x1,x11,x28	 x11:0xf1e8b1fd x28:0x00000000  x1=0xf1e8b1fd
      442442000	     22020	800078a2	8431	c.srai	x8,0xc	  x8:0x00000000  x8=0x00000000
      442462000	     22021	800078a4	020f4163	blt	x30,x0,800078c6	 x30:0x00000001  x0:0x00000000
      442502000	     22023	800078a8	403bd293	srai	x5,x23,0x3	 x23:0x8001fe58  x5=0xf0003fcb
      442922000	     22044	800078ac	005a1293	slli	x5,x20,0x5	 x20:0x8001fe58  x5=0x003fcb00
      442942000	     22045	800078b0	0d7d	c.addi	x26,31	 x26:0x001e219f x26=0x001e21be
      442962000	     22046	800078b2	a2963f93	sltiu	x31,x12,-1495	 x12:0x00000350 x31=0x00000001
      443102000	     22053	800078b6	036b8833	mul	x16,x23,x22	 x23:0x8001fe58 x22:0x00000000 x16=0x00000000
      443122000	     22054	800078ba	8f91	c.sub	x15,x12	 x15:0x000e2001 x12:0x00000350 x15=0x000e1cb1
      443162000	     22056	800078bc	01a51763	bne	x10,x26,800078ca	 x10:0x53801ebd x26:0x001e21be
      443762000	     22086	800078ca	44ad	c.li	x9,11	  x9=0x0000000b
      443942000	     22095	800078cc	0001	c.addi	x0,0	  x0:0x00000000  x0=0x00000000
      444082000	     22102	800078ce	41a00fb3	sub	x31,x0,x26	  x0:0x00000000 x26:0x001e21be x31=0xffe1de42
      445002000	     22148	800078d2	02184ab3	div	x21,x16,x1	 x16:0x00000000  x1:0xf1e8b1fd x21=0x00000000
      445042000	     22150	800078d6	032962b3	rem	x5,x18,x18	 x18:0x00000000 x18:0x00000000  x5=0x00000000
      445062000	     22151	800078da	67fd	c.lui	x15,0x1f	 x15=0x0001f000
      445082000	     22152	800078dc	eb9d	c.bnez	x15,80007912	 x15:0x0001f000
      445522000	     22174	80007912	00441493	slli	x9,x8,0x4	  x8:0x00000000  x9=0x00000000
      445942000	     22195	80007916	0005f333	and	x6,x11,x0	 x11:0xf1e8b1fd  x0:0x00000000  x6=0x00000000
      445962000	     22196	8000791a	8c85	c.sub	x9,x9	  x9:0x00000000  x9:0x00000000  x9=0x00000000
      445982000	     22197	8000791c	007fbeb3	sltu	x29,x31,x7	 x31:0xffe1de42  x7:0x00004000 x29=0x00000000
      446022000	     22199	80007920	0210b3b3	mulhu	x7,x1,x1	  x1:0xf1e8b1fd  x1:0xf1e8b1fd  x7=0xe497f2a1
      446202000	     22208	80007924	8d11	c.sub	x10,x12	 x10:0x53801ebd x12:0x00000350 x10=0x53801b6d
      446222000	     22209	80007926	408604b3	sub	x9,x12,x8	 x12:0x00000350  x8:0x00000000  x9=0x00000350
      446242000	     22210	8000792a	41845a33	sra	x20,x8,x24	  x8:0x00000000 x24:0x078867f4 x20=0x00000000
      446262000	     22211	8000792e	b7592113	slti	x2,x18,-1163	 x18:0x00000000  x2=0x00000000
      446282000	     22212	80007932	01ad43b3	xor	x7,x26,x26	 x26:0x001e21be x26:0x001e21be  x7=0x00000000
      446302000	     22213	80007936	8e9a	c.mv	x29,x6	  x0:0x00000000  x6:0x00000000 x29=0x00000000
      446702000	     22233	80007938	fbd40a13	addi	x20,x8,-67	  x8:0x00000000 x20=0xffffffbd
      447562000	     22276	8000793c	02f2fab3	remu	x21,x5,x15	  x5:0x00000000 x15:0x0001f000 x21=0x00000000
      447582000	     22277	80007940	084a	c.slli	x16,0x12	 x16:0x00000000 x16=0x00000000
      447602000	     22278	80007942	8881	c.andi	x9,0	  x9:0x00000350  x9=0x00000000
      448342000	     22315	80007944	021ff133	remu	x2,x31,x1	 x31:0xffe1de42  x1:0xf1e8b1fd  x2=0x0df92c45
      448362000	     22316	80007948	008e1333	sll	x6,x28,x8	 x28:0x00000000  x8:0x00000000  x6=0x00000000
      448382000	     22317	8000794c	a71b7393	andi	x7,x22,-1423	 x22:0x00000000  x7=0x00000000
      448402000	     22318	80007950	00b7e933	or	x18,x15,x11	 x15:0x0001f000 x11:0xf1e8b1fd x18=0xf1e9f1fd
      448442000	     22320	80007954	028611b3	mulh	x3,x12,x8	 x12:0x00000350  x8:0x00000000  x3=0x00000000
      448462000	     22321	80007958	8e31	c.xor	x12,x12	 x12:0x00000350 x12:0x00000350 x12=0x00000000
      448482000	     22322	8000795a	80e6	c.mv	x1,x25	  x0:0x00000000 x25:0xffffffff  x1=0xffffffff
      448502000	     22323	8000795c	007d64b3	or	x9,x26,x7	 x26:0x001e21be  x7:0x00000000  x9=0x001e21be
      448602000	     22328	80007960	0ff0000f	fence	iorw,iorw	
      449482000	     22372	80007964	03adee33	rem	x28,x27,x26	 x27:0x00000000 x26:0x001e21be x28=0x00000000
      449522000	     22374	80007968	023fa3b3	mulhsu	x7,x31,x3	 x31:0xffe1de42  x3:0x00000000  x7=0x00000000
      449542000	     22375	8000796c	0368c963	blt	x17,x22,8000799e	 x17:0x00000001 x22:0x00000000
      449562000	     22376	80007970	98fd	c.andi	x9,-1	  x9:0x001e21be  x9=0x001e21be
      449582000	     22377	80007972	6f99	c.lui	x31,0x6	 x31=0x00006000
      449622000	     22379	80007974	02571533	mulh	x10,x14,x5	 x14:0x00000001  x5:0x00000000 x10=0x00000000
      449642000	     22380	80007978	01e902b3	add	x5,x18,x30	 x18:0xf1e9f1fd x30:0x00000001  x5=0xf1e9f1fe
      449662000	     22381	8000797c	ef01	c.bnez	x14,80007994	 x14:0x00000001
      450182000	     22407	80007994	028c1ab3	mulh	x21,x24,x8	 x24:0x078867f4  x8:0x00000000 x21=0x00000000
      450302000	     22413	80007998	032b5763	bge	x22,x18,800079c6	 x22:0x00000000 x18:0xf1e9f1fd
      451022000	     22449	800079c6	8d15	c.sub	x10,x13	 x10:0x00000000 x13:0x80023ce4 x10=0x7ffdc31c
      451442000	     22470	800079c8	8d21	c.xor	x10,x8	 x10:0x7ffdc31c  x8:0x00000000 x10=0x7ffdc31c
      451462000	     22471	800079ca	8e71	c.and	x12,x12	 x12:0x00000000 x12:0x00000000 x12=0x00000000
      451862000	     22491	800079cc	8f49	c.or	x14,x10	 x14:0x00000001 x10:0x7ffdc31c x14=0x7ffdc31d
      451882000	     22492	800079ce	019b13b3	sll	x7,x22,x25	 x22:0x00000000 x25:0xffffffff  x7=0x00000000
      452302000	     22513	800079d2	40db0db3	sub	x27,x22,x13	 x22:0x00000000 x13:0x80023ce4 x27=0x7ffdc31c
      452322000	     22514	800079d6	89ea	c.mv	x19,x26	  x0:0x00000000 x26:0x001e21be x19=0x001e21be
      452342000	     22515	800079d8	fff48f93	addi	x31,x9,-1	  x9:0x001e21be x31=0x001e21bd
      452362000	     22516	800079dc	011ff933	and	x18,x31,x17	 x31:0x001e21bd x17:0x00000001 x18=0x00000001
      452382000	     22517	800079e0	00d122b3	slt	x5,x2,x13	  x2:0x0df92c45 x13:0x80023ce4  x5=0x00000000
      453122000	     22554	800079e4	021ff7b3	remu	x15,x31,x1	 x31:0x001e21bd  x1:0xffffffff x15=0x001e21bd
      453142000	     22555	800079e8	419d8db3	sub	x27,x27,x25	 x27:0x7ffdc31c x25:0xffffffff x27=0x7ffdc31d
      453162000	     22556	800079ec	d7126c13	ori	x24,x4,-655	  x4:0x00000000 x24=0xfffffd71
      453182000	     22557	800079f0	02e74f63	blt	x14,x14,80007a2e	 x14:0x7ffdc31d x14:0x7ffdc31d
      453202000	     22558	800079f4	5f7d	c.li	x30,-1	 x30=0xffffffff
      453222000	     22559	800079f6	015320b3	slt	x1,x6,x21	  x6:0x00000000 x21:0x00000000  x1=0x00000000
      453242000	     22560	800079fa	8679	c.srai	x12,0x1e	 x12:0x00000000 x12=0x00000000
      453262000	     22561	800079fc	01461333	sll	x6,x12,x20	 x12:0x00000000 x20:0xffffffbd  x6=0x00000000
      453482000	     22572	80007a00	05634063	blt	x6,x22,80007a40	  x6:0x00000000 x22:0x00000000
      453662000	     22581	80007a04	692b67b7	lui	x15,0x692b6	 x15=0x692b6000
      453742000	     22585	80007a08	8cf5	c.and	x9,x13	  x9:0x001e21be x13:0x80023ce4  x9=0x000220a4
      454042000	     22600	80007a0a	1e5e5097	auipc	x1,0x1e5e5	  x1=0x9e5eca0a
      454062000	     22601	80007a0e	cc11	c.beqz	x8,80007a2a	  x8:0x00000000
      454602000	     22628	80007a2a	014aecb3	or	x25,x21,x20	 x21:0x00000000 x20:0xffffffbd x25=0xffffffbd
      454622000	     22629	80007a2e	0ff0000f	fence	iorw,iorw	
      454642000	     22630	80007a32	401b5c93	srai	x25,x22,0x1	 x22:0x00000000 x25=0x00000000
      455602000	     22678	80007a36	02e66533	rem	x10,x12,x14	 x12:0x00000000 x14:0x7ffdc31d x10=0x00000000
      455622000	     22679	80007a3a	02a80833	mul	x16,x16,x10	 x16:0x00000000 x10:0x00000000 x16=0x00000000
      455642000	     22680	80007a3e	8459	c.srai	x8,0x16	  x8:0x00000000  x8=0x00000000
      455662000	     22681	80007a40	0001	c.addi	x0,0	  x0:0x00000000  x0=0x00000000
      455682000	     22682	80007a42	00775463	bge	x14,x7,80007a4a	 x14:0x7ffdc31d  x7:0x00000000
      455742000	     22685	80007a4a	07ff4363	blt	x30,x31,80007ab0	 x30:0xffffffff x31:0x001e21bd
      456342000	     22715	80007ab0	015a9ab3	sll	x21,x21,x21	 x21:0x00000000 x21:0x00000000 x21=0x00000000
      456362000	     22716	80007ab4	8d31	c.xor	x10,x12	 x10:0x00000000 x12:0x00000000 x10=0x00000000
      457222000	     22759	80007ab6	02ead4b3	divu	x9,x21,x14	 x21:0x00000000 x14:0x7ffdc31d  x9=0x00000000
      457242000	     22760	80007aba	01b81513	slli	x10,x16,0x1b	 x16:0x00000000 x10=0x00000000
      457982000	     22797	80007abe	02d5da33	divu	x20,x11,x13	 x11:0xf1e8b1fd x13:0x80023ce4 x20=0x00000001
      460402000	     22918	80007ac2	02f6fab3	remu	x21,x13,x15	 x13:0x80023ce4 x15:0x692b6000 x21=0x16d6dce4
      460422000	     22919	80007ac6	1db36d37	lui	x26,0x1db36	 x26=0x1db36000
      460442000	     22920	80007aca	01458c33	add	x24,x11,x20	 x11:0xf1e8b1fd x20:0x00000001 x24=0xf1e8b1fe
      460462000	     22921	80007ace	0001	c.addi	x0,0	  x0:0x00000000  x0=0x00000000
      460482000	     22922	80007ad0	44119a17	auipc	x20,0x44119	 x20=0xc4120ad0
      460502000	     22923	80007ad4	009e5ab3	srl	x21,x28,x9	 x28:0x00000000  x9:0x00000000 x21=0x00000000
      460522000	     22924	80007ad8	6ddd	c.lui	x27,0x17	 x27=0x00017000
      460542000	     22925	80007ada	02247e63	bgeu	x8,x2,80007b16	  x8:0x00000000  x2:0x0df92c45
      460562000	     22926	80007ade	0001	c.addi	x0,0	  x0:0x00000000  x0=0x00000000
      460582000	     22927	80007ae0	81f2	c.mv	x3,x28	  x0:0x00000000 x28:0x00000000  x3=0x00000000
      460602000	     22928	80007ae2	60d1	c.lui	x1,0x14	  x1=0x00014000
      460622000	     22929	80007ae4	01fa9433	sll	x8,x21,x31	 x21:0x00000000 x31:0x001e21bd  x8=0x00000000
      460762000	     22936	80007ae8	45c97317	auipc	x6,0x45c97	  x6=0xc5c9eae8
      460942000	     22945	80007aec	4064dcb3	sra	x25,x9,x6	  x9:0x00000000  x6:0xc5c9eae8 x25=0x00000000
      460962000	     22946	80007af0	8329	c.srli	x14,0xa	 x14:0x7ffdc31d x14=0x001fff70
      460982000	     22947	80007af2	e9de6c93	ori	x25,x28,-355	 x28:0x00000000 x25=0xfffffe9d
      461002000	     22948	80007af6	801d	c.srli	x8,0x7	  x8:0x00000000  x8=0x00000000
      461022000	     22949	80007af8	0090a933	slt	x18,x1,x9	  x1:0x00014000  x9:0x00000000 x18=0x00000000
      461342000	     22965	80007afc	0ff0000f	fence	iorw,iorw	
      461502000	     22973	80007b00	468b0837	lui	x16,0x468b0	 x16=0x468b0000
      461522000	     22974	80007b04	369a7c93	andi	x25,x20,873	 x20:0xc4120ad0 x25=0x00000240
      461542000	     22975	80007b08	8e05	c.sub	x12,x9	 x12:0x00000000  x9:0x00000000 x12=0x00000000
      461562000	     22976	80007b0a	6d61	c.lui	x26,0x18	 x26=0x00018000
      461962000	     22996	80007b0c	260a3713	sltiu	x14,x20,608	 x20:0xc4120ad0 x14=0x00000000
      462022000	     22999	80007b10	faad8a13	addi	x20,x27,-86	 x27:0x00017000 x20=0x00016faa
      462042000	     23000	80007b14	99fa	c.add	x19,x30	 x19:0x001e21be x30:0xffffffff x19=0x001e21bd
      462062000	     23001	80007b16	011c9c13	slli	x24,x25,0x11	 x25:0x00000240 x24=0x04800000
      462082000	     23002	80007b1a	03990663	beq	x18,x25,80007b46	 x18:0x00000000 x25:0x00000240
      462822000	     23039	80007b1e	0223cf33	div	x30,x7,x2	  x7:0x00000000  x2:0x0df92c45 x30=0x00000000
      462842000	     23040	80007b22	0a84	c.addi4spn	x9,x2,336	  x9=0x0df92d95
      462862000	     23041	80007b24	8931	c.andi	x10,12	 x10:0x00000000 x10=0x00000000
      463602000	     23078	80007b26	037572b3	remu	x5,x10,x23	 x10:0x00000000 x23:0x8001fe58  x5=0x00000000
      463642000	     23080	80007b2a	02b2aab3	mulhsu	x21,x5,x11	  x5:0x00000000 x11:0xf1e8b1fd x21=0x00000000
      463662000	     23081	80007b2e	8d8a	c.mv	x27,x2	  x0:0x00000000  x2:0x0df92c45 x27=0x0df92c45
      463682000	     23082	80007b30	00f4d813	srli	x16,x9,0xf	  x9:0x0df92d95 x16=0x00001bf2
      463702000	     23083	80007b34	8ca6	c.mv	x25,x9	  x0:0x00000000  x9:0x0df92d95 x25=0x0df92d95
      463722000	     23084	80007b36	a0256397	auipc	x7,0xa0256	  x7=0x2025db36
      463742000	     23085	80007b3a	1e1c	c.addi4spn	x15,x2,816	 x15=0x0df92f75
      463762000	     23086	80007b3c	8635	c.srai	x12,0xd	 x12:0x00000000 x12=0x00000000
      463782000	     23087	80007b3e	0001	c.addi	x0,0	  x0:0x00000000  x0=0x00000000
      463822000	     23089	80007b40	03db1633	mulh	x12,x22,x29	 x22:0x00000000 x29:0x00000000 x12=0x00000000
      463922000	     23094	80007b44	8f8d	c.sub	x15,x11	 x15:0x0df92f75 x11:0xf1e8b1fd x15=0x1c107d78
      463942000	     23095	80007b46	1898	c.addi4spn	x14,x2,112	 x14=0x0df92cb5
      463962000	     23096	80007b48	01c000ef	jal	x1,80007b64	  x1=0x80007b4c
      464182000	     23107	80007b64	2019	c.jal	80007b6a	  x1=0x80007b66
      465122000	     23154	80007b6a	ff3ff0ef	jal	x1,80007b5c	  x1=0x80007b6e
      466042000	     23200	80007b5c	2031	c.jal	80007b68	  x1=0x80007b5e
      466082000	     23202	80007b68	3ffd	c.jal	80007b66	  x1=0x80007b6a
      466122000	     23204	80007b66	b7ed	c.j	80007b50	
      466162000	     23206	80007b50	00800aef	jal	x21,80007b58	 x21=0x80007b54
      466202000	     23208	80007b58	2005	c.jal	80007b78	  x1=0x80007b5a
      466242000	     23210	80007b78	3fdd	c.jal	80007b6e	  x1=0x80007b7a
      466342000	     23215	80007b6e	fdfff1ef	jal	x3,80007b4c	  x3=0x80007b72
      466402000	     23218	80007b4c	201d	c.jal	80007b72	  x1=0x80007b4e
      466462000	     23221	80007b72	b7f5	c.j	80007b5e	
      466582000	     23227	80007b5e	ff9ffc6f	jal	x24,80007b56	 x24=0x80007b62
      466642000	     23230	80007b56	2839	c.jal	80007b74	  x1=0x80007b58
      466702000	     23233	80007b74	fefff26f	jal	x4,80007b62	  x4=0x80007b78
      466742000	     23235	80007b62	b7f5	c.j	80007b4e	
      466782000	     23237	80007b4e	2035	c.jal	80007b7a	  x1=0x80007b50
      466822000	     23239	80007b7a	3fe9	c.jal	80007b54	  x1=0x80007b7c
      466862000	     23241	80007b54	a019	c.j	80007b5a	
      466902000	     23243	80007b5a	a00d	c.j	80007b7c	
      466942000	     23245	80007b7c	146c8c13	addi	x24,x25,326	 x25:0x0df92d95 x24=0x0df92edb
      466982000	     23247	80007b80	024bb333	mulhu	x6,x23,x4	 x23:0x8001fe58  x4:0x80007b78  x6=0x40013ce8
      467002000	     23248	80007b84	8f0a	c.mv	x30,x2	  x0:0x00000000  x2:0x0df92c45 x30=0x0df92c45
      467482000	     23272	80007b86	ee062813	slti	x16,x12,-288	 x12:0x00000000 x16=0x00000000
      467662000	     23281	80007b8a	36c6a013	slti	x0,x13,876	 x13:0x80023ce4  x0=0x00000000
      467682000	     23282	80007b8e	1d80	c.addi4spn	x8,x2,752	  x8=0x0df92f35
      467702000	     23283	80007b90	c115	c.beqz	x10,80007bb4	 x10:0x00000000
      468302000	     23313	80007bb4	8c1d	c.sub	x8,x15	  x8:0x0df92f35 x15:0x1c107d78  x8=0xf1e8b1bd
      468322000	     23314	80007bb6	1488	c.addi4spn	x10,x2,608	 x10=0x0df92ea5
      468742000	     23335	80007bb8	02096363	bltu	x18,x0,80007bde	 x18:0x00000000  x0:0x00000000
      468762000	     23336	80007bbc	ed552317	auipc	x6,0xed552	  x6=0x6d559bbc
      468782000	     23337	80007bc0	0998	c.addi4spn	x14,x2,208	 x14=0x0df92d15
      469002000	     23348	80007bc2	00815e93	srli	x29,x2,0x8	  x2:0x0df92c45 x29=0x000df92c
      469022000	     23349	80007bc6	0035e663	bltu	x11,x3,80007bd2	 x11:0xf1e8b1fd  x3:0x80007b72
      469042000	     23350	80007bca	01d11713	slli	x14,x2,0x1d	  x2:0x0df92c45 x14=0xa0000000
      469062000	     23351	80007bce	01ecdc33	srl	x24,x25,x30	 x25:0x0df92d95 x30:0x0df92c45 x24=0x006fc96c
      469082000	     23352	80007bd2	167d	c.addi	x12,-1	 x12:0x00000000 x12=0xffffffff
      469102000	     23353	80007bd4	167d	c.addi	x12,-1	 x12:0xffffffff x12=0xfffffffe
      469122000	     23354	80007bd6	03824763	blt	x4,x24,80007c04	  x4:0x80007b78 x24:0x006fc96c
      469822000	     23389	80007c04	0161f1b3	and	x3,x3,x22	  x3:0x80007b72 x22:0x00000000  x3=0x00000000
      470262000	     23411	80007c08	587d	c.li	x16,-1	 x16=0xffffffff
      470282000	     23412	80007c0a	8c56	c.mv	x24,x21	  x0:0x00000000 x21:0x80007b54 x24=0x80007b54
      470642000	     23430	80007c0c	8f91	c.sub	x15,x12	 x15:0x1c107d78 x12:0xfffffffe x15=0x1c107d7a
      470662000	     23431	80007c0e	9c6a	c.add	x24,x26	 x24:0x80007b54 x26:0x00018000 x24=0x8001fb54
      470842000	     23440	80007c10	0140ee33	or	x28,x1,x20	  x1:0x80007b7c x20:0x00016faa x28=0x80017ffe
      470962000	     23446	80007c14	876d	c.srai	x14,0x1b	 x14:0xa0000000 x14=0xfffffff4
      470982000	     23447	80007c16	02980733	mul	x14,x16,x9	 x16:0xffffffff  x9:0x0df92d95 x14=0xf206d26b
      471722000	     23484	80007c1a	037accb3	div	x25,x21,x23	 x21:0x80007b54 x23:0x8001fe58 x25=0x00000001
      471742000	     23485	80007c1e	005d9933	sll	x18,x27,x5	 x27:0x0df92c45  x5:0x00000000 x18=0x0df92c45
      471762000	     23486	80007c22	7731cf13	xori	x30,x3,1907	  x3:0x00000000 x30=0x00000773
      471802000	     23488	80007c26	0236e533	rem	x10,x13,x3	 x13:0x80023ce4  x3:0x00000000 x10=0x80023ce4
      471822000	     23489	80007c2a	00c8cd33	xor	x26,x17,x12	 x17:0x00000001 x12:0xfffffffe x26=0xffffffff
      471842000	     23490	80007c2e	0000100f	fence.i	
      472102000	     23503	80007c32	c20d	c.beqz	x12,80007c54	 x12:0xfffffffe
      472142000	     23505	80007c34	01b56763	bltu	x10,x27,80007c42	 x10:0x80023ce4 x27:0x0df92c45
      472162000	     23506	80007c38	201b0a17	auipc	x20,0x201b0	 x20=0xa01b7c38
      472462000	     23521	80007c3c	02121f63	bne	x4,x1,80007c7a	  x4:0x80007b78  x1:0x80007b7c
      473182000	     23557	80007c7a	c4a5	c.beqz	x9,80007ce2	  x9:0x0df92d95
      473202000	     23558	80007c7c	1b7d	c.addi	x22,-1	 x22:0x00000000 x22=0xffffffff
      473222000	     23559	80007c7e	40d1db13	srai	x22,x3,0xd	  x3:0x00000000 x22=0x00000000
      473242000	     23560	80007c82	7012c113	xori	x2,x5,1793	  x5:0x00000000  x2=0x00000701
      473262000	     23561	80007c86	1f04	c.addi4spn	x9,x2,944	  x9=0x00000ab1
      473302000	     23563	80007c88	05d86a63	bltu	x16,x29,80007cdc	 x16:0xffffffff x29:0x000df92c
      473322000	     23564	80007c8c	1c7d	c.addi	x24,-1	 x24:0x8001fb54 x24=0x8001fb53
      473342000	     23565	80007c8e	20a0fc93	andi	x25,x1,522	  x1:0x80007b7c x25=0x00000208
      473362000	     23566	80007c92	00f6	c.slli	x1,0x1d	  x1:0x80007b7c  x1=0x80000000
      473662000	     23581	80007c94	028000ef	jal	x1,80007cbc	  x1=0x80007c98
      474042000	     23600	80007cbc	37f5	c.jal	80007ca8	  x1=0x80007cbe
      474702000	     23633	80007ca8	01a008ef	jal	x17,80007cc2	 x17=0x80007cac
      475542000	     23675	80007cc2	2021	c.jal	80007cca	  x1=0x80007cc4
      476642000	     23730	80007cca	ffdff0ef	jal	x1,80007cc6	  x1=0x80007cce
      477722000	     23784	80007cc6	fefff0ef	jal	x1,80007cb4	  x1=0x80007cca
      478822000	     23839	80007cb4	fe7ff0ef	jal	x1,80007c9a	  x1=0x80007cb8
      479342000	     23865	80007c9a	a02d	c.j	80007cc4	
      479422000	     23869	80007cc4	bfd5	c.j	80007cb8	
      479482000	     23872	80007cb8	fedff36f	jal	x6,80007ca4	  x6=0x80007cbc
      480062000	     23901	80007ca4	a021	c.j	80007cac	
      480102000	     23903	80007cac	3fed	c.jal	80007ca6	  x1=0x80007cae
      480182000	     23907	80007ca6	a029	c.j	80007cb0	
      480242000	     23910	80007cb0	ff3ff0ef	jal	x1,80007ca2	  x1=0x80007cb4
      480302000	     23913	80007ca2	bffd	c.j	80007ca0	
      480362000	     23916	80007ca0	bff5	c.j	80007c9c	
      480422000	     23919	80007c9c	ffdff0ef	jal	x1,80007c98	  x1=0x80007ca0
      480462000	     23921	80007c98	a01d	c.j	80007cbe	
      480542000	     23925	80007cbe	ff1ff0ef	jal	x1,80007cae	  x1=0x80007cc2
      480602000	     23928	80007cae	a005	c.j	80007cce	
      480902000	     23943	80007cce	8cbd	c.xor	x9,x15	  x9:0x00000ab1 x15:0x1c107d7a  x9=0x1c1077cb
      480922000	     23944	80007cd0	eea7f493	andi	x9,x15,-278	 x15:0x1c107d7a  x9=0x1c107c6a
      480942000	     23945	80007cd4	823d	c.srli	x12,0xf	 x12:0xfffffffe x12=0x0001ffff
      481682000	     23982	80007cd6	03446433	rem	x8,x8,x20	  x8:0xf1e8b1bd x20:0xa01b7c38  x8=0xf1e8b1bd
      481702000	     23983	80007cda	8959	c.andi	x10,22	 x10:0x80023ce4 x10=0x00000004
      481722000	     23984	80007cdc	02df9c63	bne	x31,x13,80007d14	 x31:0x001e21bd x13:0x80023ce4
      481922000	     23994	80007d14	0000100f	fence.i	
      482382000	     24017	80007d18	023dcf63	blt	x27,x3,80007d56	 x27:0x0df92c45  x3:0x00000000
      482522000	     24024	80007d1c	03f50933	mul	x18,x10,x31	 x10:0x00000004 x31:0x001e21bd x18=0x007886f4
      482862000	     24041	80007d20	01be	c.slli	x3,0xf	  x3:0x00000000  x3=0x00000000
      482882000	     24042	80007d22	1c7d	c.addi	x24,-1	 x24:0x8001fb53 x24=0x8001fb52
      482902000	     24043	80007d24	03918f33	mul	x30,x3,x25	  x3:0x00000000 x25:0x00000208 x30=0x00000000
      482922000	     24044	80007d28	8e1d	c.sub	x12,x15	 x12:0x0001ffff x15:0x1c107d7a x12=0xe3f18285
      482982000	     24047	80007d2a	8a702a93	slti	x21,x0,-1881	  x0:0x00000000 x21=0x00000000
      483082000	     24052	80007d2e	02c54863	blt	x10,x12,80007d5e	 x10:0x00000004 x12:0xe3f18285
      483102000	     24053	80007d32	014b2c33	slt	x24,x22,x20	 x22:0x00000000 x20:0xa01b7c38 x24=0x00000000
      483122000	     24054	80007d36	8c5d	c.or	x8,x15	  x8:0xf1e8b1bd x15:0x1c107d7a  x8=0xfdf8fdff
      483542000	     24075	80007d38	03e510b3	mulh	x1,x10,x30	 x10:0x00000004 x30:0x00000000  x1=0x00000000
      483562000	     24076	80007d3c	8d31	c.xor	x10,x12	 x10:0x00000004 x12:0xe3f18285 x10=0xe3f18281
      483582000	     24077	80007d3e	000d80b3	add	x1,x27,x0	 x27:0x0df92c45  x0:0x00000000  x1=0x0df92c45
      483902000	     24093	80007d42	0ff0000f	fence	iorw,iorw	
      484142000	     24105	80007d46	02dab733	mulhu	x14,x21,x13	 x21:0x00000000 x13:0x80023ce4 x14=0x00000000
      485022000	     24149	80007d4a	032ffb33	remu	x22,x31,x18	 x31:0x001e21bd x18:0x007886f4 x22=0x001e21bd
      485062000	     24151	80007d4e	02ccadb3	mulhsu	x27,x25,x12	 x25:0x00000208 x12:0xe3f18285 x27=0x000001cf
      485102000	     24153	80007d52	03209833	mulh	x16,x1,x18	  x1:0x0df92c45 x18:0x007886f4 x16=0x0006942a
      485842000	     24190	80007d56	024ce733	rem	x14,x25,x4	 x25:0x00000208  x4:0x80007b78 x14=0x00000208
      485882000	     24192	80007d5a	02141933	mulh	x18,x8,x1	  x8:0xfdf8fdff  x1:0x0df92c45 x18=0xffe3abbb
      485902000	     24193	80007d5e	9416	c.add	x8,x5	  x8:0xfdf8fdff  x5:0x00000000  x8=0xfdf8fdff
      485922000	     24194	80007d60	012bb1b3	sltu	x3,x23,x18	 x23:0x8001fe58 x18:0xffe3abbb  x3=0x00000001
      485942000	     24195	80007d64	40840f33	sub	x30,x8,x8	  x8:0xfdf8fdff  x8:0xfdf8fdff x30=0x00000000
      485962000	     24196	80007d68	e0c3a8b7	lui	x17,0xe0c3a	 x17=0xe0c3a000
      485982000	     24197	80007d6c	9ece	c.add	x29,x19	 x29:0x000df92c x19:0x001e21bd x29=0x002c1ae9
      486002000	     24198	80007d6e	8f55	c.or	x14,x13	 x14:0x00000208 x13:0x80023ce4 x14=0x80023eec
      486242000	     24210	80007d70	8a7b2e13	slti	x28,x22,-1881	 x22:0x001e21bd x28=0x00000000
      486262000	     24211	80007d74	0022d3b3	srl	x7,x5,x2	  x5:0x00000000  x2:0x00000701  x7=0x00000000
      486442000	     24220	80007d78	00a811b3	sll	x3,x16,x10	 x16:0x0006942a x10:0xe3f18281  x3=0x000d2854
      486482000	     24222	80007d7c	1a98	c.addi4spn	x14,x2,368	 x14=0x00000871
      486502000	     24223	80007d7e	6165	c.addi16sp	x2,112	  x2:0x00000701  x2=0x00000771
      486902000	     24243	80007d80	00797ab3	and	x21,x18,x7	 x18:0xffe3abbb  x7:0x00000000 x21=0x00000000
      486922000	     24244	80007d84	226c6213	ori	x4,x24,550	 x24:0x00000000  x4=0x00000226
      486962000	     24246	80007d88	51b76113	ori	x2,x14,1307	 x14:0x00000871  x2=0x00000d7b
      487002000	     24248	80007d8c	0376aeb3	mulhsu	x29,x13,x23	 x13:0x80023ce4 x23:0x8001fe58 x29=0xc0001f4a
      487742000	     24285	80007d90	0342e833	rem	x16,x5,x20	  x5:0x00000000 x20:0xa01b7c38 x16=0x00000000
      487762000	     24286	80007d94	f9028e93	addi	x29,x5,-112	  x5:0x00000000 x29=0xffffff90
      487782000	     24287	80007d98	8c51	c.or	x8,x12	  x8:0xfdf8fdff x12:0xe3f18285  x8=0xfff9ffff
      487802000	     24288	80007d9a	00c30eb3	add	x29,x6,x12	  x6:0x80007cbc x12:0xe3f18285 x29=0x63f1ff41
      487822000	     24289	80007d9e	0176e7b3	or	x15,x13,x23	 x13:0x80023ce4 x23:0x8001fe58 x15=0x8003fefc
      487862000	     24291	80007da2	02757433	remu	x8,x10,x7	 x10:0xe3f18281  x7:0x00000000  x8=0xe3f18281
      487982000	     24297	80007da6	00c3de93	srli	x29,x7,0xc	  x7:0x00000000 x29=0x00000000
      488002000	     24298	80007daa	01c17233	and	x4,x2,x28	  x2:0x00000d7b x28:0x00000000  x4=0x00000000
      488222000	     24309	80007dae	03ff3433	mulhu	x8,x30,x31	 x30:0x00000000 x31:0x001e21bd  x8=0x00000000
      488242000	     24310	80007db2	8cf9	c.and	x9,x14	  x9:0x1c107c6a x14:0x00000871  x9=0x00000860
      488262000	     24311	80007db4	4126d833	sra	x16,x13,x18	 x13:0x80023ce4 x18:0xffe3abbb x16=0xfffffff0
      488362000	     24316	80007db8	c501	c.beqz	x10,80007dc0	 x10:0xe3f18281
      488382000	     24317	80007dba	83fd	c.srli	x15,0x1f	 x15:0x8003fefc x15=0x00000001
      488402000	     24318	80007dbc	003cfcb3	and	x25,x25,x3	 x25:0x00000208  x3:0x000d2854 x25=0x00000000
      488542000	     24325	80007dc0	de472c13	slti	x24,x14,-540	 x14:0x00000871 x24=0x00000000
      488562000	     24326	80007dc4	047b6163	bltu	x22,x7,80007e06	 x22:0x001e21bd  x7:0x00000000
      489302000	     24363	80007dc8	03ac5fb3	divu	x31,x24,x26	 x24:0x00000000 x26:0xffffffff x31=0x00000000
      490042000	     24400	80007dcc	0344fe33	remu	x28,x9,x20	  x9:0x00000860 x20:0xa01b7c38 x28=0x00000860
      490062000	     24401	80007dd0	001b43b3	xor	x7,x22,x1	 x22:0x001e21bd  x1:0x0df92c45  x7=0x0de70df8
      490082000	     24402	80007dd4	01c5d933	srl	x18,x11,x28	 x11:0xf1e8b1fd x28:0x00000860 x18=0xf1e8b1fd
      490102000	     24403	80007dd8	001add93	srli	x27,x21,0x1	 x21:0x00000000 x27=0x00000000
      490122000	     24404	80007ddc	6fd1	c.lui	x31,0x14	 x31=0x00014000
      490142000	     24405	80007dde	987d	c.andi	x8,-1	  x8:0x00000000  x8=0x00000000
      490162000	     24406	80007de0	40add9b3	sra	x19,x27,x10	 x27:0x00000000 x10:0xe3f18281 x19=0x00000000
      490182000	     24407	80007de4	717d	c.addi16sp	x2,-16	  x2:0x00000d7b  x2=0x00000d6b
      490302000	     24413	80007de6	023deb63	bltu	x27,x3,80007e1c	 x27:0x00000000  x3:0x000d2854
      491282000	     24462	80007e1c	0000100f	fence.i	
      492242000	     24510	80007e20	00624eb3	xor	x29,x4,x6	  x4:0x00000000  x6:0x80007cbc x29=0x80007cbc
      492262000	     24511	80007e24	0000100f	fence.i	
      504182000	     25107	80007e28	03e64333	div	x6,x12,x30	 x12:0xe3f18285 x30:0x00000000  x6=0xffffffff
      504922000	     25144	80007e2c	02efd633	divu	x12,x31,x14	 x31:0x00014000 x14:0x00000871 x12=0x00000025
      504942000	     25145	80007e30	03aeff63	bgeu	x29,x26,80007e6e	 x29:0x80007cbc x26:0xffffffff
      504962000	     25146	80007e34	03be2313	slti	x6,x28,59	 x28:0x00000860  x6=0x00000000
      504982000	     25147	80007e38	0000100f	fence.i	
      505142000	     25155	80007e3c	0001	c.addi	x0,0	  x0:0x00000000  x0=0x00000000
      505322000	     25164	80007e3e	01616863	bltu	x2,x22,80007e4e	  x2:0x00000d6b x22:0x001e21bd
      505982000	     25197	80007e4e	0289f933	remu	x18,x19,x8	 x19:0x00000000  x8:0x00000000 x18=0x00000000
      506022000	     25199	80007e52	02d188b3	mul	x17,x3,x13	  x3:0x000d2854 x13:0x80023ce4 x17=0x71d39ad0
      506042000	     25200	80007e56	e01d	c.bnez	x8,80007e7c	  x8:0x00000000
      506442000	     25220	80007e58	84ce	c.mv	x9,x19	  x0:0x00000000 x19:0x00000000  x9=0x00000000
      506482000	     25222	80007e5a	03dc13b3	mulh	x7,x24,x29	 x24:0x00000000 x29:0x80007cbc  x7=0x00000000
      506522000	     25224	80007e5e	02288433	mul	x8,x17,x2	 x17:0x71d39ad0  x2:0x00000d6b  x8=0x524e44f0
      506542000	     25225	80007e62	0791	c.addi	x15,4	 x15:0x00000001 x15=0x00000005
      506682000	     25232	80007e64	0001	c.addi	x0,0	  x0:0x00000000  x0=0x00000000
      506762000	     25236	80007e66	0391f033	remu	x0,x3,x25	  x3:0x000d2854 x25:0x00000000  x0=0x00000000
      507182000	     25257	80007e6a	03564fb3	div	x31,x12,x21	 x12:0x00000025 x21:0x00000000 x31=0xffffffff
      507582000	     25277	80007e6e	e3576013	ori	x0,x14,-459	 x14:0x00000871  x0=0x00000000
      507602000	     25278	80007e72	6ed9	c.lui	x29,0x16	 x29=0x00016000
      508002000	     25298	80007e74	44e5e313	ori	x6,x11,1102	 x11:0xf1e8b1fd  x6=0xf1e8b5ff
      508222000	     25309	80007e78	02fc5063	bge	x24,x15,80007e98	 x24:0x00000000 x15:0x00000005
      508262000	     25311	80007e7c	14fd	c.addi	x9,-1	  x9:0x00000000  x9=0xffffffff
      508282000	     25312	80007e7e	0d5a7493	andi	x9,x20,213	 x20:0xa01b7c38  x9=0x00000010
      508462000	     25321	80007e82	00f0e933	or	x18,x1,x15	  x1:0x0df92c45 x15:0x00000005 x18=0x0df92c45
      508622000	     25329	80007e86	4c610c13	addi	x24,x2,1222	  x2:0x00000d6b x24=0x00001231
      508742000	     25335	80007e8a	01f7e9b3	or	x19,x15,x31	 x15:0x00000005 x31:0xffffffff x19=0xffffffff
      508862000	     25341	80007e8e	00299e33	sll	x28,x19,x2	 x19:0xffffffff  x2:0x00000d6b x28=0xfffff800
      508882000	     25342	80007e92	4e05	c.li	x28,1	 x28=0x00000001
      508902000	     25343	80007e94	d57d2093	slti	x1,x26,-681	 x26:0xffffffff  x1=0x00000000
      508922000	     25344	80007e98	032f9263	bne	x31,x18,80007ebc	 x31:0xffffffff x18:0x0df92c45
      509522000	     25374	80007ebc	83d5	c.srli	x15,0x15	 x15:0x00000005 x15=0x00000000
      510262000	     25411	80007ebe	038cc433	div	x8,x25,x24	 x25:0x00000000 x24:0x00001231  x8=0x00000000
      510282000	     25412	80007ec2	00dba733	slt	x14,x23,x13	 x23:0x8001fe58 x13:0x80023ce4 x14=0x00000001
      510302000	     25413	80007ec6	00bf1a33	sll	x20,x30,x11	 x30:0x00000000 x11:0xf1e8b1fd x20=0x00000000
      510362000	     25416	80007eca	01d70a63	beq	x14,x29,80007ede	 x14:0x00000001 x29:0x00016000
      510382000	     25417	80007ece	8909	c.andi	x10,2	 x10:0xe3f18281 x10=0x00000000
      510422000	     25419	80007ed0	039958b3	divu	x17,x18,x25	 x18:0x0df92c45 x25:0x00000000 x17=0xffffffff
      510442000	     25420	80007ed4	000a3633	sltu	x12,x20,x0	 x20:0x00000000  x0:0x00000000 x12=0x00000000
      510562000	     25426	80007ed8	0001	c.addi	x0,0	  x0:0x00000000  x0=0x00000000
      510582000	     25427	80007eda	8c49	c.or	x8,x10	  x8:0x00000000 x10:0x00000000  x8=0x00000000
      510762000	     25436	80007edc	c781	c.beqz	x15,80007ee4	 x15:0x00000000
      511142000	     25455	80007ee4	01075813	srli	x16,x14,0x10	 x14:0x00000001 x16=0x00000000
      511262000	     25461	80007ee8	00507563	bgeu	x0,x5,80007ef2	  x0:0x00000000  x5:0x00000000
      511582000	     25477	80007ef2	0ff0000f	fence	iorw,iorw	
      511602000	     25478	80007ef6	8e41	c.or	x12,x8	 x12:0x00000000  x8:0x00000000 x12=0x00000000
      511922000	     25494	80007ef8	8729	c.srai	x14,0xa	 x14:0x00000001 x14=0x00000000
      511942000	     25495	80007efa	812d	c.srli	x10,0xb	 x10:0x00000000 x10=0x00000000
      511962000	     25496	80007efc	ac228c37	lui	x24,0xac228	 x24=0xac228000
      511982000	     25497	80007f00	8cd5	c.or	x9,x13	  x9:0x00000010 x13:0x80023ce4  x9=0x80023cf4
      512002000	     25498	80007f02	00936b33	or	x22,x6,x9	  x6:0xf1e8b5ff  x9:0x80023cf4 x22=0xf1eabdff
      512042000	     25500	80007f06	03b64033	div	x0,x12,x27	 x12:0x00000000 x27:0x00000000  x0=0x00000000
      512062000	     25501	80007f0a	02f00897	auipc	x17,0x2f00	 x17=0x82f07f0a
      512482000	     25522	80007f0e	410f5713	srai	x14,x30,0x10	 x30:0x00000000 x14=0x00000000
      512502000	     25523	80007f12	5c7d	c.li	x24,-1	 x24=0xffffffff
      512662000	     25531	80007f14	00613033	sltu	x0,x2,x6	  x2:0x00000d6b  x6:0xf1e8b5ff  x0=0x00000000
      512782000	     25537	80007f18	41995e13	srai	x28,x18,0x19	 x18:0x0df92c45 x28=0x00000006
      512802000	     25538	80007f1c	0ff0000f	fence	iorw,iorw	
      513002000	     25548	80007f20	c215	c.beqz	x12,80007f44	 x12:0x00000000
      513922000	     25594	80007f44	0107de63	bge	x15,x16,80007f60	 x15:0x00000000 x16:0x00000000
      514962000	     25646	80007f60	01af4e63	blt	x30,x26,80007f7c	 x30:0x00000000 x26:0xffffffff
      514982000	     25647	80007f64	c1526293	ori	x5,x4,-1003	  x4:0x00000000  x5=0xfffffc15
      515262000	     25661	80007f68	01357933	and	x18,x10,x19	 x10:0x00000000 x19:0xffffffff x18=0x00000000
      515282000	     25662	80007f6c	8c1d	c.sub	x8,x15	  x8:0x00000000 x15:0x00000000  x8=0x00000000
      515302000	     25663	80007f6e	9bfd	c.andi	x15,-1	 x15:0x00000000 x15=0x00000000
      515322000	     25664	80007f70	8099	c.srli	x9,0x6	  x9:0x80023cf4  x9=0x020008f3
      515722000	     25684	80007f72	0164de63	bge	x9,x22,80007f8e	  x9:0x020008f3 x22:0xf1eabdff
      517042000	     25750	80007f8e	01049b13	slli	x22,x9,0x10	  x9:0x020008f3 x22=0x08f30000
      517062000	     25751	80007f92	1608	c.addi4spn	x10,x2,800	 x10=0x0000108b
      517082000	     25752	80007f94	8cfc4293	xori	x5,x24,-1841	 x24:0xffffffff  x5=0x00000730
      517102000	     25753	80007f98	408b5833	sra	x16,x22,x8	 x22:0x08f30000  x8:0x00000000 x16=0x08f30000
      517122000	     25754	80007f9c	1e197737	lui	x14,0x1e197	 x14=0x1e197000
      517862000	     25791	80007fa0	025844b3	div	x9,x16,x5	 x16:0x08f30000  x5:0x00000730  x9=0x00013ebf
      517882000	     25792	80007fa4	4138dd33	sra	x26,x17,x19	 x17:0x82f07f0a x19:0xffffffff x26=0xffffffff
      517902000	     25793	80007fa8	8ced	c.and	x9,x11	  x9:0x00013ebf x11:0xf1e8b1fd  x9=0x000030bd
      517922000	     25794	80007faa	c79d	c.beqz	x15,80007fd8	 x15:0x00000000
      519362000	     25866	80007fd8	025aec33	rem	x24,x21,x5	 x21:0x00000000  x5:0x00000730 x24=0x00000000
      519382000	     25867	80007fdc	e501	c.bnez	x10,80007fe4	 x10:0x0000108b
      519422000	     25869	80007fe4	f5b86993	ori	x19,x16,-165	 x16:0x08f30000 x19=0xffffff5b
      519442000	     25870	80007fe8	019ad1b3	srl	x3,x21,x25	 x21:0x00000000 x25:0x00000000  x3=0x00000000
      519462000	     25871	80007fec	a2fa7193	andi	x3,x20,-1489	 x20:0x00000000  x3=0x00000000
      520282000	     25912	80007ff0	98fd	c.andi	x9,-1	  x9:0x000030bd  x9=0x000030bd
      520462000	     25921	80007ff2	02715463	bge	x2,x7,8000801a	  x2:0x00000d6b  x7:0x00000000
      521082000	     25952	8000801a	0000100f	fence.i	
      522462000	     26021	8000801e	8ce5	c.and	x9,x9	  x9:0x000030bd  x9:0x000030bd  x9=0x000030bd
      522502000	     26023	80008020	03db5563	bge	x22,x29,8000804a	 x22:0x08f30000 x29:0x00016000
      522582000	     26027	8000804a	48dd	c.li	x17,23	 x17=0x00000017
      522642000	     26030	8000804c	0043dc63	bge	x7,x4,80008064	  x7:0x00000000  x4:0x00000000
      523482000	     26072	80008064	0b12	c.slli	x22,0x4	 x22:0x08f30000 x22=0x8f300000
      523602000	     26078	80008066	3e08c613	xori	x12,x17,992	 x17:0x00000017 x12=0x000003f7
      523702000	     26083	8000806a	023d3d33	mulhu	x26,x26,x3	 x26:0xffffffff  x3:0x00000000 x26=0x00000000
      523722000	     26084	8000806e	0ff0000f	fence	iorw,iorw	
      523742000	     26085	80008072	00a63eb3	sltu	x29,x12,x10	 x12:0x000003f7 x10:0x0000108b x29=0x00000001
      523762000	     26086	80008076	01a33033	sltu	x0,x6,x26	  x6:0xf1e8b5ff x26:0x00000000  x0=0x00000000
      523862000	     26091	8000807a	00fad393	srli	x7,x21,0xf	 x21:0x00000000  x7=0x00000000
      524962000	     26146	8000807e	022bd833	divu	x16,x23,x2	 x23:0x8001fe58  x2:0x00000d6b x16=0x00098a3f
      524982000	     26147	80008082	6ed5	c.lui	x29,0x15	 x29=0x00015000
      525002000	     26148	80008084	8c99	c.sub	x9,x14	  x9:0x000030bd x14:0x1e197000  x9=0xe1e6c0bd
      525022000	     26149	80008086	01f29913	slli	x18,x5,0x1f	  x5:0x00000730 x18=0x00000000
      525042000	     26150	8000808a	8e25	c.xor	x12,x9	 x12:0x000003f7  x9:0xe1e6c0bd x12=0xe1e6c34a
      525062000	     26151	8000808c	0001	c.addi	x0,0	  x0:0x00000000  x0=0x00000000
      525082000	     26152	8000808e	003d8133	add	x2,x27,x3	 x27:0x00000000  x3:0x00000000  x2=0x00000000
      525102000	     26153	80008092	408d0f33	sub	x30,x26,x8	 x26:0x00000000  x8:0x00000000 x30=0x00000000
      525122000	     26154	80008096	884d	c.andi	x8,19	  x8:0x00000000  x8=0x00000000
      525142000	     26155	80008098	0000100f	fence.i	
      525662000	     26181	8000809c	00d43833	sltu	x16,x8,x13	  x8:0x00000000 x13:0x80023ce4 x16=0x00000001
      526042000	     26200	800080a0	9286	c.add	x5,x1	  x5:0x00000730  x1:0x00000000  x5=0x00000730
      526262000	     26211	800080a2	020c32b3	mulhu	x5,x24,x0	 x24:0x00000000  x0:0x00000000  x5=0x00000000
      526282000	     26212	800080a6	0001	c.addi	x0,0	  x0:0x00000000  x0=0x00000000
      526662000	     26231	800080a8	021f17b3	mulh	x15,x30,x1	 x30:0x00000000  x1:0x00000000 x15=0x00000000
      526802000	     26238	800080ac	0000100f	fence.i	
      527662000	     26281	800080b0	8b1d	c.andi	x14,7	 x14:0x1e197000 x14=0x00000000
      527682000	     26282	800080b2	03de	c.slli	x7,0x17	  x7:0x00000000  x7=0x00000000
      527702000	     26283	800080b4	0055acb3	slt	x25,x11,x5	 x11:0xf1e8b1fd  x5:0x00000000 x25=0x00000001
      528082000	     26302	800080b8	997d	c.andi	x10,-1	 x10:0x0000108b x10=0x0000108b
      528102000	     26303	800080ba	404f59b3	sra	x19,x30,x4	 x30:0x00000000  x4:0x00000000 x19=0x00000000
      528362000	     26316	800080be	012ef763	bgeu	x29,x18,800080cc	 x29:0x00015000 x18:0x00000000
      529322000	     26364	800080cc	401e81b3	sub	x3,x29,x1	 x29:0x00015000  x1:0x00000000  x3=0x00015000
      529402000	     26368	800080d0	59fd	c.li	x19,-1	 x19=0xffffffff
      529542000	     26375	800080d2	03a80e33	mul	x28,x16,x26	 x16:0x00000001 x26:0x00000000 x28=0x00000000
      529562000	     26376	800080d6	c48d	c.beqz	x9,80008100	  x9:0xe1e6c0bd
      529582000	     26377	800080d8	00db6633	or	x12,x22,x13	 x22:0x8f300000 x13:0x80023ce4 x12=0x8f323ce4
      529602000	     26378	800080dc	00163b33	sltu	x22,x12,x1	 x12:0x8f323ce4  x1:0x00000000 x22=0x00000000
      529622000	     26379	800080e0	6c7dcc93	xori	x25,x27,1735	 x27:0x00000000 x25=0x000006c7
      529662000	     26381	800080e4	b4d26413	ori	x8,x4,-1203	  x4:0x00000000  x8=0xfffffb4d
      530082000	     26402	800080e8	f204fc17	auipc	x24,0xf204f	 x24=0x720570e8
      530102000	     26403	800080ec	0220e263	bltu	x1,x2,80008110	  x1:0x00000000  x2:0x00000000
      530282000	     26412	800080f0	0243e563	bltu	x7,x4,8000811a	  x7:0x00000000  x4:0x00000000
      531022000	     26449	800080f4	026850b3	divu	x1,x16,x6	 x16:0x00000001  x6:0xf1e8b5ff  x1=0x00000000
      531042000	     26450	800080f8	014cce33	xor	x28,x25,x20	 x25:0x000006c7 x20:0x00000000 x28=0x000006c7
      531062000	     26451	800080fc	01ef1663	bne	x30,x30,80008108	 x30:0x00000000 x30:0x00000000
      531082000	     26452	80008100	00ed6663	bltu	x26,x14,8000810c	 x26:0x00000000 x14:0x00000000
      531102000	     26453	80008104	03319763	bne	x3,x19,80008132	  x3:0x00015000 x19:0xffffffff
      531242000	     26460	80008132	c8ea8f13	addi	x30,x21,-882	 x21:0x00000000 x30=0xfffffc8e
      531262000	     26461	80008136	0001	c.addi	x0,0	  x0:0x00000000  x0=0x00000000
      531282000	     26462	80008138	b53bbd13	sltiu	x26,x23,-1197	 x23:0x8001fe58 x26=0x00000001
      531602000	     26478	8000813c	0804	c.addi4spn	x9,x2,16	  x9=0x00000010
      531622000	     26479	8000813e	8259	c.srli	x12,0x16	 x12:0x8f323ce4 x12=0x0000023c
      531642000	     26480	80008140	6825	c.lui	x16,0x9	 x16=0x00009000
      531682000	     26482	80008142	02f25e33	divu	x28,x4,x15	  x4:0x00000000 x15:0x00000000 x28=0xffffffff
      531702000	     26483	80008146	717d	c.addi16sp	x2,-16	  x2:0x00000000  x2=0xfffffff0
      531942000	     26495	80008148	0196e4b3	or	x9,x13,x25	 x13:0x80023ce4 x25:0x000006c7  x9=0x80023ee7
      532042000	     26500	8000814c	6566a213	slti	x4,x13,1622	 x13:0x80023ce4  x4=0x00000001
      532122000	     26504	80008150	03189b63	bne	x17,x17,80008186	 x17:0x00000017 x17:0x00000017
      532282000	     26512	80008154	2c68ab37	lui	x22,0x2c68a	 x22=0x2c68a000
      532362000	     26516	80008158	00c71663	bne	x14,x12,80008164	 x14:0x00000000 x12:0x0000023c
      533102000	     26553	80008164	53742393	slti	x7,x8,1335	  x8:0xfffffb4d  x7=0x00000001
      533542000	     26575	80008168	0257ff63	bgeu	x15,x5,800081a6	 x15:0x00000000  x5:0x00000000
      534502000	     26623	800081a6	822d	c.srli	x12,0xb	 x12:0x0000023c x12=0x00000000
      534622000	     26629	800081a8	028e9033	mulh	x0,x29,x8	 x29:0x00015000  x8:0xfffffb4d  x0=0x00000000
      534642000	     26630	800081ac	03fe09b3	mul	x19,x28,x31	 x28:0xffffffff x31:0xffffffff x19=0x00000001
      534662000	     26631	800081b0	a61f0f93	addi	x31,x30,-1439	 x30:0xfffffc8e x31=0xfffff6ef
      535002000	     26648	800081b4	009521b3	slt	x3,x10,x9	 x10:0x0000108b  x9:0x80023ee7  x3=0x00000000
      535742000	     26685	800081b8	022ec933	div	x18,x29,x2	 x29:0x00015000  x2:0xfffffff0 x18=0xffffeb00
      535762000	     26686	800081bc	0189f1b3	and	x3,x19,x24	 x19:0x00000001 x24:0x720570e8  x3=0x00000000
      535782000	     26687	800081c0	409b84b3	sub	x9,x23,x9	 x23:0x8001fe58  x9:0x80023ee7  x9=0xffffbf71
      535802000	     26688	800081c4	02ec7f63	bgeu	x24,x14,80008202	 x24:0x720570e8 x14:0x00000000
      544742000	     27135	80008202	00da8533	add	x10,x21,x13	 x21:0x00000000 x13:0x80023ce4 x10=0x80023ce4
      544762000	     27136	80008206	c39eb193	sltiu	x3,x29,-967	 x29:0x00015000  x3=0x00000001
      544782000	     27137	8000820a	8249	c.srli	x12,0x12	 x12:0x00000000 x12=0x00000000
      544802000	     27138	8000820c	55fafe17	auipc	x28,0x55faf	 x28=0xd5fb720c
      544822000	     27139	80008210	6f624e13	xori	x28,x4,1782	  x4:0x00000001 x28=0x000006f7
      544842000	     27140	80008214	01a7e033	or	x0,x15,x26	 x15:0x00000000 x26:0x00000001  x0=0x00000000
      544862000	     27141	80008218	8549	c.srai	x10,0x12	 x10:0x80023ce4 x10=0xffffe000
      544882000	     27142	8000821a	df0a5e37	lui	x28,0xdf0a5	 x28=0xdf0a5000
      544902000	     27143	8000821e	0704	c.addi4spn	x9,x2,896	  x9=0x00000370
      545102000	     27153	80008220	057ff063	bgeu	x31,x23,80008260	 x31:0xfffff6ef x23:0x8001fe58
      546022000	     27199	80008260	009af333	and	x6,x21,x9	 x21:0x00000000  x9:0x00000370  x6=0x00000000
      546142000	     27205	80008264	02fa5c97	auipc	x25,0x2fa5	 x25=0x82fad264
      546202000	     27208	80008268	4e95	c.li	x29,5	 x29=0x00000005
      546222000	     27209	8000826a	c089	c.beqz	x9,8000826c	  x9:0x00000370
      546602000	     27228	8000826c	a5eba113	slti	x2,x23,-1442	 x23:0x8001fe58  x2=0x00000001
      546622000	     27229	80008270	beada193	slti	x3,x27,-1046	 x27:0x00000000  x3=0x00000000
      546942000	     27245	80008274	41b000b3	sub	x1,x0,x27	  x0:0x00000000 x27:0x00000000  x1=0x00000000
      546962000	     27246	80008278	03484c63	blt	x16,x20,800082b0	 x16:0x00009000 x20:0x00000000
      546982000	     27247	8000827c	ba3eb913	sltiu	x18,x29,-1117	 x29:0x00000005 x18=0x00000001
      547002000	     27248	80008280	43cd	c.li	x7,19	  x7=0x00000013
      547062000	     27251	80008282	417b5933	sra	x18,x22,x23	 x22:0x2c68a000 x23:0x8001fe58 x18=0x0000002c
      547082000	     27252	80008286	8f79	c.and	x14,x14	 x14:0x00000000 x14:0x00000000 x14=0x00000000
      547102000	     27253	80008288	41d75d93	srai	x27,x14,0x1d	 x14:0x00000000 x27=0x00000000
      547342000	     27265	8000828c	8f81	c.sub	x15,x8	 x15:0x00000000  x8:0xfffffb4d x15=0x000004b3
      547382000	     27267	8000828e	03339933	mulh	x18,x7,x19	  x7:0x00000013 x19:0x00000001 x18=0x00000000
      547402000	     27268	80008292	8c11	c.sub	x8,x12	  x8:0xfffffb4d x12:0x00000000  x8=0xfffffb4d
      547422000	     27269	80008294	0139f633	and	x12,x19,x19	 x19:0x00000001 x19:0x00000001 x12=0x00000001
      548382000	     27317	80008298	0373f133	remu	x2,x7,x23	  x7:0x00000013 x23:0x8001fe58  x2=0x00000013
      548402000	     27318	8000829c	8962	c.mv	x18,x24	  x0:0x00000000 x24:0x720570e8 x18=0x720570e8
      548422000	     27319	8000829e	8c11	c.sub	x8,x12	  x8:0xfffffb4d x12:0x00000001  x8=0xfffffb4c
      548442000	     27320	800082a0	8c51	c.or	x8,x12	  x8:0xfffffb4c x12:0x00000001  x8=0xfffffb4d
      549182000	     27357	800082a2	03115333	divu	x6,x2,x17	  x2:0x00000013 x17:0x00000017  x6=0x00000000
      549202000	     27358	800082a6	026e	c.slli	x4,0x1b	  x4:0x00000001  x4=0x08000000
      549222000	     27359	800082a8	0176afb3	slt	x31,x13,x23	 x13:0x80023ce4 x23:0x8001fe58 x31=0x00000000
      549242000	     27360	800082ac	0001	c.addi	x0,0	  x0:0x00000000  x0=0x00000000
      549262000	     27361	800082ae	0422	c.slli	x8,0x8	  x8:0xfffffb4d  x8=0xfffb4d00
      549282000	     27362	800082b0	6141	c.addi16sp	x2,16	  x2:0x00000013  x2=0x00000023
      549302000	     27363	800082b2	0144f433	and	x8,x9,x20	  x9:0x00000370 x20:0x00000000  x8=0x00000000
      549322000	     27364	800082b6	00b85133	srl	x2,x16,x11	 x16:0x00009000 x11:0xf1e8b1fd  x2=0x00000000
      549342000	     27365	800082ba	00218fb3	add	x31,x3,x2	  x3:0x00000000  x2:0x00000000 x31=0x00000000
      549362000	     27366	800082be	02506363	bltu	x0,x5,800082e4	  x0:0x00000000  x5:0x00000000
      549442000	     27370	800082c2	4d1dad93	slti	x27,x27,1233	 x27:0x00000000 x27=0x00000001
      549462000	     27371	800082c6	03e2e863	bltu	x5,x30,800082f6	  x5:0x00000000 x30:0xfffffc8e
      550022000	     27399	800082f6	0ae1	c.addi	x21,24	 x21:0x00000000 x21=0x00000018
      550142000	     27405	800082f8	ef9d	c.bnez	x15,80008336	 x15:0x000004b3
      550902000	     27443	80008336	0007ee33	or	x28,x15,x0	 x15:0x000004b3  x0:0x00000000 x28=0x000004b3
      551222000	     27459	8000833a	414504b3	sub	x9,x10,x20	 x10:0xffffe000 x20:0x00000000  x9=0xffffe000
      551342000	     27465	8000833e	0121fd33	and	x26,x3,x18	  x3:0x00000000 x18:0x720570e8 x26=0x00000000
      551362000	     27466	80008342	000e8db3	add	x27,x29,x0	 x29:0x00000005  x0:0x00000000 x27=0x00000005
      551382000	     27467	80008346	810a	c.mv	x2,x2	  x0:0x00000000  x2:0x00000000  x2=0x00000000
      551402000	     27468	80008348	8eaa	c.mv	x29,x10	  x0:0x00000000 x10:0xffffe000 x29=0xffffe000
      551462000	     27471	8000834a	0111bab3	sltu	x21,x3,x17	  x3:0x00000000 x17:0x00000017 x21=0x00000001
      551482000	     27472	8000834e	8c01	c.sub	x8,x8	  x8:0x00000000  x8:0x00000000  x8=0x00000000
      551502000	     27473	80008350	41200c33	sub	x24,x0,x18	  x0:0x00000000 x18:0x720570e8 x24=0x8dfa8f18
      551602000	     27478	80008354	0000100f	fence.i	
      552322000	     27514	80008358	6269	c.lui	x4,0x1a	  x4=0x0001a000
      552342000	     27515	8000835a	e3a9	c.bnez	x15,8000839c	 x15:0x000004b3
      553622000	     27579	8000839c	8739	c.srai	x14,0xe	 x14:0x00000000 x14=0x00000000
      553642000	     27580	8000839e	0a4a	c.slli	x20,0x12	 x20:0x00000000 x20=0x00000000
      553762000	     27586	800083a0	0001	c.addi	x0,0	  x0:0x00000000  x0=0x00000000
      553782000	     27587	800083a2	01bb5633	srl	x12,x22,x27	 x22:0x2c68a000 x27:0x00000005 x12=0x01634500
      553802000	     27588	800083a6	0001	c.addi	x0,0	  x0:0x00000000  x0=0x00000000
      553822000	     27589	800083a8	00b8ed33	or	x26,x17,x11	 x17:0x00000017 x11:0xf1e8b1fd x26=0xf1e8b1ff
      553962000	     27596	800083ac	88a1	c.andi	x9,8	  x9:0xffffe000  x9=0x00000000
      553982000	     27597	800083ae	0001	c.addi	x0,0	  x0:0x00000000  x0=0x00000000
      554142000	     27605	800083b0	032c3e33	mulhu	x28,x24,x18	 x24:0x8dfa8f18 x18:0x720570e8 x28=0x3f3c983b
      554162000	     27606	800083b4	0000100f	fence.i	
      554522000	     27624	800083b8	4a49	c.li	x20,18	 x20=0x00000012
      554542000	     27625	800083ba	0685ca63	blt	x11,x8,8000842e	 x11:0xf1e8b1fd  x8:0x00000000
      555642000	     27680	8000842e	012a1633	sll	x12,x20,x18	 x20:0x00000012 x18:0x720570e8 x12=0x00001200
      555662000	     27681	80008432	423d	c.li	x4,15	  x4=0x0000000f
      555682000	     27682	80008434	e885	c.bnez	x9,80008464	  x9:0x00000000
      555702000	     27683	80008436	03081163	bne	x16,x16,80008458	 x16:0x00009000 x16:0x00009000
      555722000	     27684	8000843a	6f91	c.lui	x31,0x4	 x31=0x00004000
      555742000	     27685	8000843c	02e28333	mul	x6,x5,x14	  x5:0x00000000 x14:0x00000000  x6=0x00000000
      555762000	     27686	80008440	2c1a3d13	sltiu	x26,x20,705	 x20:0x00000012 x26=0x00000001
      556182000	     27707	80008444	8f1d	c.sub	x14,x15	 x14:0x00000000 x15:0x000004b3 x14=0xfffffb4d
      556202000	     27708	80008446	717d	c.addi16sp	x2,-16	  x2:0x00000000  x2=0xfffffff0
      556602000	     27728	80008448	24153993	sltiu	x19,x10,577	 x10:0xffffe000 x19=0x00000000
      556622000	     27729	8000844c	019563b3	or	x7,x10,x25	 x10:0xffffe000 x25:0x82fad264  x7=0xfffff264
      556742000	     27735	80008450	0235c233	div	x4,x11,x3	 x11:0xf1e8b1fd  x3:0x00000000  x4=0xffffffff
      556762000	     27736	80008454	765e0993	addi	x19,x28,1893	 x28:0x3f3c983b x19=0x3f3c9fa0
      556882000	     27742	80008458	0001	c.addi	x0,0	  x0:0x00000000  x0=0x00000000
      557022000	     27749	8000845a	014df563	bgeu	x27,x20,80008464	 x27:0x00000005 x20:0x00000012
      557042000	     27750	8000845e	5d7d	c.li	x26,-1	 x26=0xffffffff
      557062000	     27751	80008460	0ff0000f	fence	iorw,iorw	
      557102000	     27753	80008464	02b62e33	mulhsu	x28,x12,x11	 x12:0x00001200 x11:0xf1e8b1fd x28=0x00001102
      557342000	     27765	80008468	cba44a93	xori	x21,x8,-838	  x8:0x00000000 x21=0xfffffcba
      557362000	     27766	8000846c	4ba22f17	auipc	x30,0x4ba22	 x30=0xcba2a46c
      557462000	     27771	80008470	171c	c.addi4spn	x15,x2,928	 x15=0x00000390
      557482000	     27772	80008472	7ac4b513	sltiu	x10,x9,1964	  x9:0x00000000 x10=0x00000001
      557502000	     27773	80008476	01ea7d33	and	x26,x20,x30	 x20:0x00000012 x30:0xcba2a46c x26=0x00000000
      557562000	     27776	8000847a	02b80e33	mul	x28,x16,x11	 x16:0x00009000 x11:0xf1e8b1fd x28=0xe41e5000
      558302000	     27813	8000847e	0248deb3	divu	x29,x17,x4	 x17:0x00000017  x4:0xffffffff x29=0x00000000
      558322000	     27814	80008482	00b1c3b3	xor	x7,x3,x11	  x3:0x00000000 x11:0xf1e8b1fd  x7=0xf1e8b1fd
      558342000	     27815	80008486	0028feb3	and	x29,x17,x2	 x17:0x00000017  x2:0xfffffff0 x29=0x00000010
      558362000	     27816	8000848a	00ebe3b3	or	x7,x23,x14	 x23:0x8001fe58 x14:0xfffffb4d  x7=0xffffff5d
      558582000	     27827	8000848e	3c8f2f13	slti	x30,x30,968	 x30:0xcba2a46c x30=0x00000001
      558662000	     27831	80008492	4e3aec37	lui	x24,0x4e3ae	 x24=0x4e3ae000
      558682000	     27832	80008496	013d7cb3	and	x25,x26,x19	 x26:0x00000000 x19:0x3f3c9fa0 x25=0x00000000
      558802000	     27838	8000849a	01b31413	slli	x8,x6,0x1b	  x6:0x00000000  x8=0x00000000
      558822000	     27839	8000849e	0ada	c.slli	x21,0x16	 x21:0xfffffcba x21=0x2e800000
      558862000	     27841	800084a0	0273bb33	mulhu	x22,x7,x7	  x7:0xffffff5d  x7:0xffffff5d x22=0xfffffeba
      558882000	     27842	800084a4	8e4d	c.or	x12,x11	 x12:0x00001200 x11:0xf1e8b1fd x12=0xf1e8b3fd
      559022000	     27849	800084a6	00bad533	srl	x10,x21,x11	 x21:0x2e800000 x11:0xf1e8b1fd x10=0x00000001
      559042000	     27850	800084aa	0001	c.addi	x0,0	  x0:0x00000000  x0=0x00000000
      559102000	     27853	800084ac	00b26633	or	x12,x4,x11	  x4:0xffffffff x11:0xf1e8b1fd x12=0xffffffff
      559502000	     27873	800084b0	01fcbf33	sltu	x30,x25,x31	 x25:0x00000000 x31:0x00004000 x30=0x00000001
      559802000	     27888	800084b4	9bfd	c.andi	x15,-1	 x15:0x00000390 x15=0x00000390
      559822000	     27889	800084b6	04f6	c.slli	x9,0x1d	  x9:0x00000000  x9=0x00000000
      559962000	     27896	800084b8	8321	c.srli	x14,0x8	 x14:0xfffffb4d x14=0x00fffffb
      560062000	     27901	800084ba	05864063	blt	x12,x24,800084fa	 x12:0xffffffff x24:0x4e3ae000
      561322000	     27964	800084fa	40ed8eb3	sub	x29,x27,x14	 x27:0x00000005 x14:0x00fffffb x29=0xff00000a
      561342000	     27965	800084fe	02837a63	bgeu	x6,x8,80008532	  x6:0x00000000  x8:0x00000000
      561602000	     27978	80008532	87dd	c.srai	x15,0x17	 x15:0x00000390 x15=0x00000000
      562022000	     27999	80008534	010b7433	and	x8,x22,x16	 x22:0xfffffeba x16:0x00009000  x8=0x00009000
      562042000	     28000	80008538	0072e463	bltu	x5,x7,80008540	  x5:0x00000000  x7:0xffffff5d
      562622000	     28029	80008540	8c15	c.sub	x8,x13	  x8:0x00009000 x13:0x80023ce4  x8=0x7ffe531c
      562642000	     28030	80008542	8cdd	c.or	x9,x15	  x9:0x00000000 x15:0x00000000  x9=0x00000000
      562662000	     28031	80008544	000c6263	bltu	x24,x0,80008548	 x24:0x4e3ae000  x0:0x00000000
      563062000	     28051	80008548	0009d433	srl	x8,x19,x0	 x19:0x3f3c9fa0  x0:0x00000000  x8=0x3f3c9fa0
      563262000	     28061	8000854c	d387c117	auipc	x2,0xd387c	  x2=0x5388454c
      563282000	     28062	80008550	0ff0000f	fence	iorw,iorw	
      563462000	     28071	80008554	01af6933	or	x18,x30,x26	 x30:0x00000001 x26:0x00000000 x18=0x00000001
      563882000	     28092	80008558	02466163	bltu	x12,x4,8000857a	 x12:0xffffffff  x4:0xffffffff
      563902000	     28093	8000855c	4088d933	sra	x18,x17,x8	 x17:0x00000017  x8:0x3f3c9fa0 x18=0x00000017
      563942000	     28095	80008560	5e7d	c.li	x28,-1	 x28=0xffffffff
      563962000	     28096	80008562	8cf9	c.and	x9,x14	  x9:0x00000000 x14:0x00fffffb  x9=0x00000000
      563982000	     28097	80008564	846d	c.srai	x8,0x1b	  x8:0x3f3c9fa0  x8=0x00000007
      564002000	     28098	80008566	00886033	or	x0,x16,x8	 x16:0x00009000  x8:0x00000007  x0=0x00000000
      564422000	     28119	8000856a	03939eb3	mulh	x29,x7,x25	  x7:0xffffff5d x25:0x00000000 x29=0x00000000
      564442000	     28120	8000856e	8a8e	c.mv	x21,x3	  x0:0x00000000  x3:0x00000000 x21=0x00000000
      564462000	     28121	80008570	03b3e463	bltu	x7,x27,80008598	  x7:0xffffff5d x27:0x00000005
      564482000	     28122	80008574	b8ad2f93	slti	x31,x26,-1142	 x26:0x00000000 x31=0x00000000
      564862000	     28141	80008578	8065	c.srli	x8,0x19	  x8:0x00000007  x8=0x00000000
      565602000	     28178	8000857a	02234b33	div	x22,x6,x2	  x6:0x00000000  x2:0x5388454c x22=0x00000000
      565642000	     28180	8000857e	0331b733	mulhu	x14,x3,x19	  x3:0x00000000 x19:0x3f3c9fa0 x14=0x00000000
      565662000	     28181	80008582	00d490b3	sll	x1,x9,x13	  x9:0x00000000 x13:0x80023ce4  x1=0x00000000
      565682000	     28182	80008586	8261	c.srli	x12,0x18	 x12:0xffffffff x12=0x000000ff
      565702000	     28183	80008588	03097563	bgeu	x18,x16,800085b2	 x18:0x00000017 x16:0x00009000
      565722000	     28184	8000858c	019b5b13	srli	x22,x22,0x19	 x22:0x00000000 x22=0x00000000
      565742000	     28185	80008590	03095a63	bge	x18,x16,800085c4	 x18:0x00000017 x16:0x00009000
      565762000	     28186	80008594	8fa5	c.xor	x15,x9	 x15:0x00000000  x9:0x00000000 x15=0x00000000
      565782000	     28187	80008596	8129	c.srli	x10,0xa	 x10:0x00000001 x10=0x00000000
      565802000	     28188	80008598	01cb7633	and	x12,x22,x28	 x22:0x00000000 x28:0xffffffff x12=0x00000000
      565942000	     28195	8000859c	00309713	slli	x14,x1,0x3	  x1:0x00000000 x14=0x00000000
      565982000	     28197	800085a0	039824b3	mulhsu	x9,x16,x25	 x16:0x00009000 x25:0x00000000  x9=0x00000000
      566362000	     28216	800085a4	8cd5	c.or	x9,x13	  x9:0x00000000 x13:0x80023ce4  x9=0x80023ce4
      566382000	     28217	800085a6	8f09	c.sub	x14,x10	 x14:0x00000000 x10:0x00000000 x14=0x00000000
      566782000	     28237	800085a8	0de6	c.slli	x27,0x19	 x27:0x00000005 x27=0x0a000000
      566922000	     28244	800085aa	01511a63	bne	x2,x21,800085be	  x2:0x5388454c x21:0x00000000
      568142000	     28305	800085be	03a23cb3	mulhu	x25,x4,x26	  x4:0xffffffff x26:0x00000000 x25=0x00000000
      568162000	     28306	800085c2	0001	c.addi	x0,0	  x0:0x00000000  x0=0x00000000
      568542000	     28325	800085c4	03e58433	mul	x8,x11,x30	 x11:0xf1e8b1fd x30:0x00000001  x8=0xf1e8b1fd
      568562000	     28326	800085c8	0001	c.addi	x0,0	  x0:0x00000000  x0=0x00000000
      568582000	     28327	800085ca	8e19	c.sub	x12,x14	 x12:0x00000000 x14:0x00000000 x12=0x00000000
      568702000	     28333	800085cc	c38d	c.beqz	x15,800085ee	 x15:0x00000000
      569302000	     28363	800085ee	02622e33	mulhsu	x28,x4,x6	  x4:0xffffffff  x6:0x00000000 x28=0x00000000
      569562000	     28376	800085f2	011250b3	srl	x1,x4,x17	  x4:0xffffffff x17:0x00000017  x1=0x000001ff
      569602000	     28378	800085f6	027492b3	mulh	x5,x9,x7	  x9:0x80023ce4  x7:0xffffff5d  x5=0x00000051
      569622000	     28379	800085fa	4145	c.li	x2,17	  x2=0x00000011
      569802000	     28388	800085fc	01cbd9b3	srl	x19,x23,x28	 x23:0x8001fe58 x28:0x00000000 x19=0x8001fe58
      569822000	     28389	80008600	4a21ce13	xori	x28,x3,1186	  x3:0x00000000 x28=0x000004a2
      569862000	     28391	80008604	0ff0000f	fence	iorw,iorw	
      570282000	     28412	80008608	59fd	c.li	x19,-1	 x19=0xffffffff
      570362000	     28416	8000860a	008b6c63	bltu	x22,x8,80008622	 x22:0x00000000  x8:0xf1e8b1fd
      571162000	     28456	80008622	6121	c.addi16sp	x2,64	  x2:0x00000011  x2=0x00000051
      571182000	     28457	80008624	0000100f	fence.i	
      571822000	     28489	80008628	8b89	c.andi	x15,2	 x15:0x00000000 x15=0x00000000
      571842000	     28490	8000862a	02f6dd63	bge	x13,x15,80008664	 x13:0x80023ce4 x15:0x00000000
      571862000	     28491	8000862e	40e28433	sub	x8,x5,x14	  x5:0x00000051 x14:0x00000000  x8=0x00000051
      571982000	     28497	80008632	01bf8eb3	add	x29,x31,x27	 x31:0x00000000 x27:0x0a000000 x29=0x0a000000
      572002000	     28498	80008636	98fd	c.andi	x9,-1	  x9:0x80023ce4  x9=0x80023ce4
      572362000	     28516	80008638	e319	c.bnez	x14,8000863e	 x14:0x00000000
      572382000	     28517	8000863a	8fc1	c.or	x15,x8	 x15:0x00000000  x8:0x00000051 x15=0x00000051
      572402000	     28518	8000863c	9d5e	c.add	x26,x23	 x26:0x00000000 x23:0x8001fe58 x26=0x8001fe58
      572422000	     28519	8000863e	82ee	c.mv	x5,x27	  x0:0x00000000 x27:0x0a000000  x5=0x0a000000
      572502000	     28523	80008640	02645463	bge	x8,x6,80008668	  x8:0x00000051  x6:0x00000000
      573222000	     28559	80008668	1290	c.addi4spn	x12,x2,352	 x12=0x000001b1
      573242000	     28560	8000866a	8ca9	c.xor	x9,x10	  x9:0x80023ce4 x10:0x00000000  x9=0x80023ce4
      574242000	     28610	8000866c	037af3b3	remu	x7,x21,x23	 x21:0x00000000 x23:0x8001fe58  x7=0x00000000
      574262000	     28611	80008670	03e1f963	bgeu	x3,x30,800086a2	  x3:0x00000000 x30:0x00000001
      574282000	     28612	80008674	8801	c.andi	x8,0	  x8:0x00000051  x8=0x00000000
      574302000	     28613	80008676	0ff0000f	fence	iorw,iorw	
      574342000	     28615	8000867a	037b2f33	mulhsu	x30,x22,x23	 x22:0x00000000 x23:0x8001fe58 x30=0x00000000
      574362000	     28616	8000867e	8c11	c.sub	x8,x12	  x8:0x00000000 x12:0x000001b1  x8=0xfffffe4f
      574382000	     28617	80008680	8be9	c.andi	x15,26	 x15:0x00000051 x15=0x00000010
      574402000	     28618	80008682	88677f13	andi	x30,x14,-1914	 x14:0x00000000 x30=0x00000000
      574482000	     28622	80008686	01b46eb3	or	x29,x8,x27	  x8:0xfffffe4f x27:0x0a000000 x29=0xfffffe4f
      574502000	     28623	8000868a	01815ab3	srl	x21,x2,x24	  x2:0x00000051 x24:0x4e3ae000 x21=0x00000051
      574542000	     28625	8000868e	01af7e33	and	x28,x30,x26	 x30:0x00000000 x26:0x8001fe58 x28=0x00000000
      575422000	     28669	80008692	03ddcfb3	div	x31,x27,x29	 x27:0x0a000000 x29:0xfffffe4f x31=0xfffa1678
      575462000	     28671	80008696	0267bfb3	mulhu	x31,x15,x6	 x15:0x00000010  x6:0x00000000 x31=0x00000000
      575482000	     28672	8000869a	03c05163	bge	x0,x28,800086bc	  x0:0x00000000 x28:0x00000000
      576242000	     28710	800086bc	45c53e93	sltiu	x29,x10,1116	 x10:0x00000000 x29=0x00000001
      576402000	     28718	800086c0	8c8d	c.sub	x9,x11	  x9:0x80023ce4 x11:0xf1e8b1fd  x9=0x8e198ae7
      576482000	     28722	800086c2	14050493	addi	x9,x10,320	 x10:0x00000000  x9=0x00000140
      576502000	     28723	800086c6	00d65293	srli	x5,x12,0xd	 x12:0x000001b1  x5=0x00000000
      576522000	     28724	800086ca	1efd	c.addi	x29,-1	 x29:0x00000001 x29=0x00000000
      576562000	     28726	800086cc	0340b033	mulhu	x0,x1,x20	  x1:0x000001ff x20:0x00000012  x0=0x00000000
      576582000	     28727	800086d0	00640e63	beq	x8,x6,800086ec	  x8:0xfffffe4f  x6:0x00000000
      576602000	     28728	800086d4	8635	c.srai	x12,0xd	 x12:0x000001b1 x12=0x00000000
      576622000	     28729	800086d6	004e59b3	srl	x19,x28,x4	 x28:0x00000000  x4:0xffffffff x19=0x00000000
      576642000	     28730	800086da	4c5d	c.li	x24,23	 x24=0x00000017
      576662000	     28731	800086dc	ca5a8413	addi	x8,x21,-859	 x21:0x00000051  x8=0xfffffcf6
      576702000	     28733	800086e0	02076733	rem	x14,x14,x0	 x14:0x00000000  x0:0x00000000 x14=0x00000000
      576722000	     28734	800086e4	0000100f	fence.i	
      577382000	     28767	800086e8	0146eb33	or	x22,x13,x20	 x13:0x80023ce4 x20:0x00000012 x22=0x80023cf6
      577422000	     28769	800086ec	03ca4733	div	x14,x20,x28	 x20:0x00000012 x28:0x00000000 x14=0xffffffff
      577442000	     28770	800086f0	9330c393	xori	x7,x1,-1741	  x1:0x000001ff  x7=0xfffff8cc
      577462000	     28771	800086f4	0001	c.addi	x0,0	  x0:0x00000000  x0=0x00000000
      577842000	     28790	800086f6	036a4263	blt	x20,x22,8000871a	 x20:0x00000012 x22:0x80023cf6
      578062000	     28801	800086fa	0223b933	mulhu	x18,x7,x2	  x7:0xfffff8cc  x2:0x00000051 x18=0x00000050
      582642000	     29030	800086fe	0001	c.addi	x0,0	  x0:0x00000000  x0=0x00000000
      582662000	     29031	80008700	00a57f63	bgeu	x10,x10,8000871e	 x10:0x00000000 x10:0x00000000
      583162000	     29056	8000871e	8c81	c.sub	x9,x8	  x9:0x00000140  x8:0xfffffcf6  x9=0x0000044a
      583202000	     29058	80008720	0001	c.addi	x0,0	  x0:0x00000000  x0=0x00000000
      583222000	     29059	80008722	041e	c.slli	x8,0x7	  x8:0xfffffcf6  x8=0xfffe7b00
      583622000	     29079	80008724	0149c263	blt	x19,x20,80008728	 x19:0x00000000 x20:0x00000012
      584362000	     29116	80008728	0ff0000f	fence	iorw,iorw	
      584382000	     29117	8000872c	010a5d93	srli	x27,x20,0x10	 x20:0x00000012 x27=0x00000000
      584562000	     29126	80008730	8cf9	c.and	x9,x14	  x9:0x0000044a x14:0xffffffff  x9=0x0000044a
      584582000	     29127	80008732	22796b13	ori	x22,x18,551	 x18:0x00000050 x22=0x00000277
      584602000	     29128	80008736	8464f293	andi	x5,x9,-1978	  x9:0x0000044a  x5=0x00000042
      584742000	     29135	8000873a	414f5793	srai	x15,x30,0x14	 x30:0x00000000 x15=0x00000000
      584942000	     29145	8000873e	059ed063	bge	x29,x25,8000877e	 x29:0x00000000 x25:0x00000000
      585642000	     29180	8000877e	08e6	c.slli	x17,0x19	 x17:0x00000017 x17=0x2e000000
      585922000	     29194	80008780	9bfd	c.andi	x15,-1	 x15:0x00000000 x15=0x00000000
      585942000	     29195	80008782	0f21	c.addi	x30,8	 x30:0x00000000 x30=0x00000008
      586362000	     29216	80008784	02af5cb3	divu	x25,x30,x10	 x30:0x00000008 x10:0x00000000 x25=0xffffffff
      586382000	     29217	80008788	02cc5e63	bge	x24,x12,800087c4	 x24:0x00000017 x12:0x00000000
      586662000	     29231	800087c4	02cb8663	beq	x23,x12,800087f0	 x23:0x8001fe58 x12:0x00000000
      586882000	     29242	800087c8	40058333	sub	x6,x11,x0	 x11:0xf1e8b1fd  x0:0x00000000  x6=0xf1e8b1fd
      587982000	     29297	800087cc	0349ffb3	remu	x31,x19,x20	 x19:0x00000000 x20:0x00000012 x31=0x00000000
      588002000	     29298	800087d0	008ded63	bltu	x27,x8,800087ea	 x27:0x00000000  x8:0xfffe7b00
      588502000	     29323	800087ea	41b80d33	sub	x26,x16,x27	 x16:0x00009000 x27:0x00000000 x26=0x00009000
      588522000	     29324	800087ee	0001	c.addi	x0,0	  x0:0x00000000  x0=0x00000000
      588562000	     29326	800087f0	0314a2b3	mulhsu	x5,x9,x17	  x9:0x0000044a x17:0x2e000000  x5=0x000000c5
      588582000	     29327	800087f4	9b06	c.add	x22,x1	 x22:0x00000277  x1:0x000001ff x22=0x00000476
      588782000	     29337	800087f6	01fc6e33	or	x28,x24,x31	 x24:0x00000017 x31:0x00000000 x28=0x00000017
      588822000	     29339	800087fa	03ba1333	mulh	x6,x20,x27	 x20:0x00000012 x27:0x00000000  x6=0x00000000
      588842000	     29340	800087fe	587d	c.li	x16,-1	 x16=0xffffffff
      588862000	     29341	80008800	6110e613	ori	x12,x1,1553	  x1:0x000001ff x12=0x000007ff
      588882000	     29342	80008804	a9e5ed93	ori	x27,x11,-1378	 x11:0xf1e8b1fd x27=0xfffffbff
      588902000	     29343	80008808	03340833	mul	x16,x8,x19	  x8:0xfffe7b00 x19:0x00000000 x16=0x00000000
      588922000	     29344	8000880c	40b00b33	sub	x22,x0,x11	  x0:0x00000000 x11:0xf1e8b1fd x22=0x0e174e03
      588942000	     29345	80008810	8d45	c.or	x10,x9	 x10:0x00000000  x9:0x0000044a x10=0x0000044a
      588962000	     29346	80008812	6e61aa93	slti	x21,x3,1766	  x3:0x00000000 x21=0x00000001
      588982000	     29347	80008816	0001	c.addi	x0,0	  x0:0x00000000  x0=0x00000000
      589002000	     29348	80008818	415ad7b3	sra	x15,x21,x21	 x21:0x00000001 x21:0x00000001 x15=0x00000000
      589062000	     29351	8000881c	038cfc63	bgeu	x25,x24,80008854	 x25:0xffffffff x24:0x00000017
      589682000	     29382	80008854	00a31d63	bne	x6,x10,8000886e	  x6:0x00000000 x10:0x0000044a
      589982000	     29397	8000886e	9196	c.add	x3,x5	  x3:0x00000000  x5:0x000000c5  x3=0x000000c5
      590542000	     29425	80008870	40ac6713	ori	x14,x24,1034	 x24:0x00000017 x14=0x0000041f
      590562000	     29426	80008874	01bb82b3	add	x5,x23,x27	 x23:0x8001fe58 x27:0xfffffbff  x5=0x8001fa57
      590582000	     29427	80008878	01ca9f13	slli	x30,x21,0x1c	 x21:0x00000001 x30=0x10000000
      590602000	     29428	8000887c	00ee9513	slli	x10,x29,0xe	 x29:0x00000000 x10=0x00000000
      590642000	     29430	80008880	033cd3b3	divu	x7,x25,x19	 x25:0xffffffff x19:0x00000000  x7=0xffffffff
      590662000	     29431	80008884	01ffdc33	srl	x24,x31,x31	 x31:0x00000000 x31:0x00000000 x24=0x00000000
      591002000	     29448	80008888	0168a3b3	slt	x7,x17,x22	 x17:0x2e000000 x22:0x0e174e03  x7=0x00000000
      591882000	     29492	8000888c	036ec933	div	x18,x29,x22	 x29:0x00000000 x22:0x0e174e03 x18=0x00000000
      591902000	     29493	80008890	0283ce63	blt	x7,x8,800088cc	  x7:0x00000000  x8:0xfffe7b00
      591942000	     29495	80008894	032477b3	remu	x15,x8,x18	  x8:0xfffe7b00 x18:0x00000000 x15=0xfffe7b00
      591962000	     29496	80008898	4149da33	sra	x20,x19,x20	 x19:0x00000000 x20:0x00000012 x20=0x00000000
      592002000	     29498	8000889c	032be133	rem	x2,x23,x18	 x23:0x8001fe58 x18:0x00000000  x2=0x8001fe58
      592022000	     29499	800088a0	997d	c.andi	x10,-1	 x10:0x00000000 x10=0x00000000
      592042000	     29500	800088a2	80ce	c.mv	x1,x19	  x0:0x00000000 x19:0x00000000  x1=0x00000000
      592782000	     29537	800088a4	02244a33	div	x20,x8,x2	  x8:0xfffe7b00  x2:0x8001fe58 x20=0x00000000
      592822000	     29539	800088a8	0288b933	mulhu	x18,x17,x8	 x17:0x2e000000  x8:0xfffe7b00 x18=0x2dffba1a
      592862000	     29541	800088ac	03652fb3	mulhsu	x31,x10,x22	 x10:0x00000000 x22:0x0e174e03 x31=0x00000000
      592882000	     29542	800088b0	8ce9	c.and	x9,x10	  x9:0x0000044a x10:0x00000000  x9=0x00000000
      593622000	     29579	800088b2	023ec233	div	x4,x29,x3	 x29:0x00000000  x3:0x000000c5  x4=0x00000000
      593642000	     29580	800088b6	8d41	c.or	x10,x8	 x10:0x00000000  x8:0xfffe7b00 x10=0xfffe7b00
      593662000	     29581	800088b8	00a92533	slt	x10,x18,x10	 x18:0x2dffba1a x10:0xfffe7b00 x10=0x00000000
      593682000	     29582	800088bc	0d08	c.addi4spn	x10,x2,656	 x10=0x800200e8
      593702000	     29583	800088be	8255	c.srli	x12,0x15	 x12:0x000007ff x12=0x00000000
      593722000	     29584	800088c0	68023813	sltiu	x16,x4,1664	  x4:0x00000000 x16=0x00000001
      593742000	     29585	800088c4	6125	c.addi16sp	x2,96	  x2:0x8001fe58  x2=0x8001feb8
      593762000	     29586	800088c6	0001	c.addi	x0,0	  x0:0x00000000  x0=0x00000000
      593802000	     29588	800088c8	03d19a33	mulh	x20,x3,x29	  x3:0x000000c5 x29:0x00000000 x20=0x00000000
      593822000	     29589	800088cc	401dd833	sra	x16,x27,x1	 x27:0xfffffbff  x1:0x00000000 x16=0xfffffbff
      593922000	     29594	800088d0	41710c33	sub	x24,x2,x23	  x2:0x8001feb8 x23:0x8001fe58 x24=0x00000060
      593942000	     29595	800088d4	01d50c33	add	x24,x10,x29	 x10:0x800200e8 x29:0x00000000 x24=0x800200e8
      594102000	     29603	800088d8	83c9	c.srli	x15,0x12	 x15:0xfffe7b00 x15=0x00003fff
      594142000	     29605	800088da	0248d2b3	divu	x5,x17,x4	 x17:0x2e000000  x4:0x00000000  x5=0xffffffff
      594162000	     29606	800088de	014b1433	sll	x8,x22,x20	 x22:0x0e174e03 x20:0x00000000  x8=0x0e174e03
      594282000	     29612	800088e2	b4d84493	xori	x9,x16,-1203	 x16:0xfffffbff  x9=0x000000b2
      594702000	     29633	800088e6	00f24933	xor	x18,x4,x15	  x4:0x00000000 x15:0x00003fff x18=0x00003fff
      595062000	     29651	800088ea	017771b3	and	x3,x14,x23	 x14:0x0000041f x23:0x8001fe58  x3=0x00000418
      595082000	     29652	800088ee	8d25	c.xor	x10,x9	 x10:0x800200e8  x9:0x000000b2 x10=0x8002005a
      595262000	     29661	800088f0	03da8b33	mul	x22,x21,x29	 x21:0x00000001 x29:0x00000000 x22=0x00000000
      595622000	     29679	800088f4	9992	c.add	x19,x4	 x19:0x00000000  x4:0x00000000 x19=0x00000000
      596062000	     29701	800088f6	0347eb33	rem	x22,x15,x20	 x15:0x00003fff x20:0x00000000 x22=0x00003fff
      596082000	     29702	800088fa	0504	c.addi4spn	x9,x2,640	  x9=0x80020138
      596102000	     29703	800088fc	e715	c.bnez	x14,80008928	 x14:0x0000041f
      597882000	     29792	80008928	0369cb33	div	x22,x19,x22	 x19:0x00000000 x22:0x00003fff x22=0x00000000
      597902000	     29793	8000892c	48b9	c.li	x17,14	 x17=0x0000000e
      597922000	     29794	8000892e	1398	c.addi4spn	x14,x2,480	 x14=0x80020098
      597942000	     29795	80008930	c6312913	slti	x18,x2,-925	  x2:0x8001feb8 x18=0x00000001
      597962000	     29796	80008934	e54acc17	auipc	x24,0xe54ac	 x24=0x654b4934
      597982000	     29797	80008938	021e	c.slli	x4,0x7	  x4:0x00000000  x4=0x00000000
      598002000	     29798	8000893a	e705	c.bnez	x14,80008962	 x14:0x80020098
      598322000	     29814	80008962	0148d613	srli	x12,x17,0x14	 x17:0x0000000e x12=0x00000000
      598342000	     29815	80008966	876e	c.mv	x14,x27	  x0:0x00000000 x27:0xfffffbff x14=0xfffffbff
      598422000	     29819	80008968	f710a197	auipc	x3,0xf710a	  x3=0x77112968
      598442000	     29820	8000896c	6951	c.lui	x18,0x14	 x18=0x00014000
      599182000	     29857	8000896e	031d51b3	divu	x3,x26,x17	 x26:0x00009000 x17:0x0000000e  x3=0x00000a49
      599202000	     29858	80008972	01c26763	bltu	x4,x28,80008980	  x4:0x00000000 x28:0x00000017
      599242000	     29860	80008980	019fba33	sltu	x20,x31,x25	 x31:0x00000000 x25:0xffffffff x20=0x00000001
      599282000	     29862	80008984	021837b3	mulhu	x15,x16,x1	 x16:0xfffffbff  x1:0x00000000 x15=0x00000000
      599702000	     29883	80008988	40a35913	srai	x18,x6,0xa	  x6:0x00000000 x18=0x00000000
      600122000	     29904	8000898c	8f15	c.sub	x14,x13	 x14:0xfffffbff x13:0x80023ce4 x14=0x7ffdbf1b
      600142000	     29905	8000898e	40d70cb3	sub	x25,x14,x13	 x14:0x7ffdbf1b x13:0x80023ce4 x25=0xfffb8237
      600162000	     29906	80008992	ea21	c.bnez	x12,800089e2	 x12:0x00000000
      600182000	     29907	80008994	fd071c17	auipc	x24,0xfd071	 x24=0x7d079994
      600282000	     29912	80008998	000b6633	or	x12,x22,x0	 x22:0x00000000  x0:0x00000000 x12=0x00000000
      600442000	     29920	8000899c	8891	c.andi	x9,4	  x9:0x80020138  x9=0x00000000
      600562000	     29926	8000899e	0587db63	bge	x15,x24,800089f4	 x15:0x00000000 x24:0x7d079994
      600762000	     29936	800089a2	582c6893	ori	x17,x24,1410	 x24:0x7d079994 x17=0x7d079d96
      601162000	     29956	800089a6	03d1c1b3	div	x3,x3,x29	  x3:0x00000a49 x29:0x00000000  x3=0xffffffff
      601182000	     29957	800089aa	00a000ef	jal	x1,800089b4	  x1=0x800089ae
      601982000	     29997	800089b4	0080036f	jal	x6,800089bc	  x6=0x800089b8
      602022000	     29999	800089bc	2811	c.jal	800089d0	  x1=0x800089be
      602862000	     30041	800089d0	37c5	c.jal	800089b0	  x1=0x800089d2
      602902000	     30043	800089b0	200d	c.jal	800089d2	  x1=0x800089b2
      602962000	     30046	800089d2	bfd5	c.j	800089c6	
      604202000	     30108	800089c6	ffdff2ef	jal	x5,800089c2	  x5=0x800089ca
      604242000	     30110	800089c2	a021	c.j	800089ca	
      604782000	     30137	800089ca	b7e5	c.j	800089b2	
      604842000	     30140	800089b2	bff5	c.j	800089ae	
      604882000	     30142	800089ae	2839	c.jal	800089cc	  x1=0x800089b0
      604922000	     30144	800089cc	bfcd	c.j	800089be	
      604982000	     30147	800089be	010000ef	jal	x1,800089ce	  x1=0x800089c2
      605042000	     30150	800089ce	3fdd	c.jal	800089c4	  x1=0x800089d0
      605102000	     30153	800089c4	a801	c.j	800089d4	
      605162000	     30156	800089d4	fe5ff36f	jal	x6,800089b8	  x6=0x800089d8
      605222000	     30159	800089b8	a009	c.j	800089ba	
      605282000	     30162	800089ba	a839	c.j	800089d8	
      605322000	     30164	800089d8	00bcc633	xor	x12,x25,x11	 x25:0xfffb8237 x11:0xf1e8b1fd x12=0x0e1333ca
      605342000	     30165	800089dc	8571	c.srai	x10,0x1c	 x10:0x8002005a x10=0xfffffff8
      605362000	     30166	800089de	0ff0000f	fence	iorw,iorw	
      605382000	     30167	800089e2	02641963	bne	x8,x6,80008a14	  x8:0x0e174e03  x6:0x800089d8
      606242000	     30210	80008a14	8f99	c.sub	x15,x14	 x15:0x00000000 x14:0x7ffdbf1b x15=0x800240e5
      606282000	     30212	80008a16	0ff0000f	fence	iorw,iorw	
      606342000	     30215	80008a1a	0000100f	fence.i	
      607302000	     30263	80008a1e	418a0333	sub	x6,x20,x24	 x20:0x00000001 x24:0x7d079994  x6=0x82f8666d
      607482000	     30272	80008a22	01139cb3	sll	x25,x7,x17	  x7:0x00000000 x17:0x7d079d96 x25=0x00000000
      607902000	     30293	80008a26	02ab0cb3	mul	x25,x22,x10	 x22:0x00000000 x10:0xfffffff8 x25=0x00000000
      607942000	     30295	80008a2a	035b2033	mulhsu	x0,x22,x21	 x22:0x00000000 x21:0x00000001  x0=0x00000000
      608682000	     30332	80008a2e	025372b3	remu	x5,x6,x5	  x6:0x82f8666d  x5:0x800089ca  x5=0x02f7dca3
      608702000	     30333	80008a32	c781	c.beqz	x15,80008a3a	 x15:0x800240e5
      608722000	     30334	80008a34	60b9	c.lui	x1,0xe	  x1=0x0000e000
      608742000	     30335	80008a36	921ef393	andi	x7,x29,-1759	 x29:0x00000000  x7=0x00000000
      608762000	     30336	80008a3a	88d1	c.andi	x9,20	  x9:0x00000000  x9=0x00000000
      608782000	     30337	80008a3c	bed47213	andi	x4,x8,-1043	  x8:0x0e174e03  x4=0x0e174a01
      608802000	     30338	80008a40	6b6d	c.lui	x22,0x1b	 x22=0x0001b000
      608822000	     30339	80008a42	00dd2e33	slt	x28,x26,x13	 x26:0x00009000 x13:0x80023ce4 x28=0x00000000
      608902000	     30343	80008a46	014ae1b3	or	x3,x21,x20	 x21:0x00000001 x20:0x00000001  x3=0x00000001
      608922000	     30344	80008a4a	0001	c.addi	x0,0	  x0:0x00000000  x0=0x00000000
      608942000	     30345	80008a4c	a7c25417	auipc	x8,0xa7c25	  x8=0x27c2da4c
      609422000	     30369	80008a50	715a1d37	lui	x26,0x715a1	 x26=0x715a1000
      629902000	     31393	80008a54	5d406f13	ori	x30,x0,1492	  x0:0x00000000 x30=0x000005d4
      629922000	     31394	80008a58	0098ce63	blt	x17,x9,80008a74	 x17:0x7d079d96  x9:0x00000000
      629942000	     31395	80008a5c	af462a93	slti	x21,x12,-1292	 x12:0x0e1333ca x21=0x00000000
      629962000	     31396	80008a60	8c09	c.sub	x8,x10	  x8:0x27c2da4c x10:0xfffffff8  x8=0x27c2da54
      629982000	     31397	80008a62	b9743a93	sltiu	x21,x8,-1129	  x8:0x27c2da54 x21=0x00000001
      630142000	     31405	80008a66	41f95fb3	sra	x31,x18,x31	 x18:0x00000000 x31:0x00000000 x31=0x00000000
      630442000	     31420	80008a6a	408d5c33	sra	x24,x26,x8	 x26:0x715a1000  x8:0x27c2da54 x24=0x00000715
      630462000	     31421	80008a6e	83f5	c.srli	x15,0x1d	 x15:0x800240e5 x15=0x00000004
      630742000	     31435	80008a70	d2892e13	slti	x28,x18,-728	 x18:0x00000000 x28=0x00000000
      631062000	     31451	80008a74	005403b3	add	x7,x8,x5	  x8:0x27c2da54  x5:0x02f7dca3  x7=0x2abab6f7
      631082000	     31452	80008a78	00a15db3	srl	x27,x2,x10	  x2:0x8001feb8 x10:0xfffffff8 x27=0x00000080
      631102000	     31453	80008a7c	45d67993	andi	x19,x12,1117	 x12:0x0e1333ca x19=0x00000048
      631122000	     31454	80008a80	0001	c.addi	x0,0	  x0:0x00000000  x0=0x00000000
      631302000	     31463	80008a82	005fc0b3	xor	x1,x31,x5	 x31:0x00000000  x5:0x02f7dca3  x1=0x02f7dca3
      631322000	     31464	80008a86	9a7d	c.andi	x12,-1	 x12:0x0e1333ca x12=0x0e1333ca
      632062000	     31501	80008a88	034bfa33	remu	x20,x23,x20	 x23:0x8001fe58 x20:0x00000001 x20=0x00000000
      632082000	     31502	80008a8c	00ca6cb3	or	x25,x20,x12	 x20:0x00000000 x12:0x0e1333ca x25=0x0e1333ca
      632102000	     31503	80008a90	30c63e93	sltiu	x29,x12,780	 x12:0x0e1333ca x29=0x00000000
      632122000	     31504	80008a94	00f77563	bgeu	x14,x15,80008a9e	 x14:0x7ffdbf1b x15:0x00000004
      632642000	     31530	80008a9e	6879ff93	andi	x31,x19,1671	 x19:0x00000048 x31=0x00000000
      632682000	     31532	80008aa2	030339b3	mulhu	x19,x6,x16	  x6:0x82f8666d x16:0xfffffbff x19=0x82f86460
      632702000	     31533	80008aa6	99e6	c.add	x19,x25	 x19:0x82f86460 x25:0x0e1333ca x19=0x910b982a
      633442000	     31570	80008aa8	026e4ab3	div	x21,x28,x6	 x28:0x00000000  x6:0x82f8666d x21=0x00000000
      633462000	     31571	80008aac	0001	c.addi	x0,0	  x0:0x00000000  x0=0x00000000
      633482000	     31572	80008aae	039d4d63	blt	x26,x25,80008ae8	 x26:0x715a1000 x25:0x0e1333ca
      633502000	     31573	80008ab2	0001	c.addi	x0,0	  x0:0x00000000  x0=0x00000000
      633522000	     31574	80008ab4	8f45	c.or	x14,x9	 x14:0x7ffdbf1b  x9:0x00000000 x14=0x7ffdbf1b
      633542000	     31575	80008ab6	40d151b3	sra	x3,x2,x13	  x2:0x8001feb8 x13:0x80023ce4  x3=0xf8001feb
      633562000	     31576	80008aba	030d8133	mul	x2,x27,x16	 x27:0x00000080 x16:0xfffffbff  x2=0xfffdff80
      633582000	     31577	80008abe	8f35	c.xor	x14,x13	 x14:0x7ffdbf1b x13:0x80023ce4 x14=0xffff83ff
      633822000	     31589	80008ac0	6469	c.lui	x8,0x1a	  x8=0x0001a000
      633842000	     31590	80008ac2	937a	c.add	x6,x30	  x6:0x82f8666d x30:0x000005d4  x6=0x82f86c41
      633862000	     31591	80008ac4	00aabe13	sltiu	x28,x21,10	 x21:0x00000000 x28=0x00000001
      633942000	     31595	80008ac8	02d3b1b3	mulhu	x3,x7,x13	  x7:0x2abab6f7 x13:0x80023ce4  x3=0x155dbb1a
      634322000	     31614	80008acc	03ef5163	bge	x30,x30,80008aee	 x30:0x000005d4 x30:0x000005d4
      636022000	     31699	80008aee	03aef733	remu	x14,x29,x26	 x29:0x00000000 x26:0x715a1000 x14=0x00000000
      636042000	     31700	80008af2	8d31	c.xor	x10,x12	 x10:0xfffffff8 x12:0x0e1333ca x10=0xf1eccc32
      636062000	     31701	80008af4	704ac213	xori	x4,x21,1796	 x21:0x00000000  x4=0x00000704
      636082000	     31702	80008af8	00919e13	slli	x28,x3,0x9	  x3:0x155dbb1a x28=0xbb763400
      636102000	     31703	80008afc	0000100f	fence.i	
      636542000	     31725	80008b00	00e538b3	sltu	x17,x10,x14	 x10:0xf1eccc32 x14:0x00000000 x17=0x00000000
      636562000	     31726	80008b04	019d93b3	sll	x7,x27,x25	 x27:0x00000080 x25:0x0e1333ca  x7=0x00020000
      636582000	     31727	80008b08	0ff0000f	fence	iorw,iorw	
      636862000	     31741	80008b0c	0000100f	fence.i	
      637902000	     31793	80008b10	03e46fb3	rem	x31,x8,x30	  x8:0x0001a000 x30:0x000005d4 x31=0x00000234
      638642000	     31830	80008b14	03b35b33	divu	x22,x6,x27	  x6:0x82f86c41 x27:0x00000080 x22=0x0105f0d8
      638662000	     31831	80008b18	00fe74b3	and	x9,x28,x15	 x28:0xbb763400 x15:0x00000004  x9=0x00000000
      638682000	     31832	80008b1c	02ca80b3	mul	x1,x21,x12	 x21:0x00000000 x12:0x0e1333ca  x1=0x00000000
      638702000	     31833	80008b20	ef432b13	slti	x22,x6,-268	  x6:0x82f86c41 x22=0x00000001
      638722000	     31834	80008b24	01456833	or	x16,x10,x20	 x10:0xf1eccc32 x20:0x00000000 x16=0xf1eccc32
      638742000	     31835	80008b28	8c39	c.xor	x8,x14	  x8:0x0001a000 x14:0x00000000  x8=0x0001a000
      638762000	     31836	80008b2a	133fa493	slti	x9,x31,307	 x31:0x00000234  x9=0x00000000
      638802000	     31838	80008b2e	01129d13	slli	x26,x5,0x11	  x5:0x02f7dca3 x26=0xb9460000
      638822000	     31839	80008b32	00d23cb3	sltu	x25,x4,x13	  x4:0x00000704 x13:0x80023ce4 x25=0x00000001
      638842000	     31840	80008b36	8dca	c.mv	x27,x18	  x0:0x00000000 x18:0x00000000 x27=0x00000000
      638922000	     31844	80008b38	8c1d	c.sub	x8,x15	  x8:0x0001a000 x15:0x00000004  x8=0x00019ffc
      638942000	     31845	80008b3a	df19f317	auipc	x6,0xdf19f	  x6=0x5f1a7b3a
      638982000	     31847	80008b3e	0353ec33	rem	x24,x7,x21	  x7:0x00020000 x21:0x00000000 x24=0x00020000
      639002000	     31848	80008b42	41f0d313	srai	x6,x1,0x1f	  x1:0x00000000  x6=0x00000000
      639022000	     31849	80008b46	91e6	c.add	x3,x25	  x3:0x155dbb1a x25:0x00000001  x3=0x155dbb1b
      639042000	     31850	80008b48	471b2f13	slti	x30,x22,1137	 x22:0x00000001 x30=0x00000001
      639422000	     31869	80008b4c	0000100f	fence.i	
      639742000	     31885	80008b50	717d	c.addi16sp	x2,-16	  x2:0xfffdff80  x2=0xfffdff70
      639762000	     31886	80008b52	01f900b3	add	x1,x18,x31	 x18:0x00000000 x31:0x00000234  x1=0x00000234
      639842000	     31890	80008b56	02dd0633	mul	x12,x26,x13	 x26:0xb9460000 x13:0x80023ce4 x12=0x6a580000
      640262000	     31911	80008b5a	0168c033	xor	x0,x17,x22	 x17:0x00000000 x22:0x00000001  x0=0x00000000
      640382000	     31917	80008b5e	005f7333	and	x6,x30,x5	 x30:0x00000001  x5:0x02f7dca3  x6=0x00000001
      641282000	     31962	80008b62	02517333	remu	x6,x2,x5	  x2:0xfffdff70  x5:0x02f7dca3  x6=0x00b9e0ae
      641302000	     31963	80008b66	04d31163	bne	x6,x13,80008ba8	  x6:0x00b9e0ae x13:0x80023ce4
      641582000	     31977	80008ba8	cdd29997	auipc	x19,0xcdd29	 x19=0x4dd31ba8
      642722000	     32034	80008bac	0221df33	divu	x30,x3,x2	  x3:0x155dbb1b  x2:0xfffdff70 x30=0x00000000
      642742000	     32035	80008bb0	000a1493	slli	x9,x20,0x0	 x20:0x00000000  x9=0x00000000
      642762000	     32036	80008bb4	030683b3	mul	x7,x13,x16	 x13:0x80023ce4 x16:0xf1eccc32  x7=0x8f259488
      642782000	     32037	80008bb8	bc267993	andi	x19,x12,-1086	 x12:0x6a580000 x19=0x6a580000
      642802000	     32038	80008bbc	4149d133	sra	x2,x19,x20	 x19:0x6a580000 x20:0x00000000  x2=0x6a580000
      642822000	     32039	80008bc0	83a9	c.srli	x15,0xa	 x15:0x00000004 x15=0x00000000
      642842000	     32040	80008bc2	0265da63	bge	x11,x6,80008bf6	 x11:0xf1e8b1fd  x6:0x00b9e0ae
      642982000	     32047	80008bc6	034430b3	mulhu	x1,x8,x20	  x8:0x00019ffc x20:0x00000000  x1=0x00000000
      643002000	     32048	80008bca	717d	c.addi16sp	x2,-16	  x2:0x6a580000  x2=0x6a57fff0
      643182000	     32057	80008bcc	69db4f93	xori	x31,x22,1693	 x22:0x00000001 x31=0x0000069c
      644042000	     32100	80008bd0	03c3f933	remu	x18,x7,x28	  x7:0x8f259488 x28:0xbb763400 x18=0x8f259488
      644782000	     32137	80008bd4	0273ed33	rem	x26,x7,x7	  x7:0x8f259488  x7:0x8f259488 x26=0x00000000
      644802000	     32138	80008bd8	bdd7ad37	lui	x26,0xbdd7a	 x26=0xbdd7a000
      645542000	     32175	80008bdc	02d86a33	rem	x20,x16,x13	 x16:0xf1eccc32 x13:0x80023ce4 x20=0xf1eccc32
      645562000	     32176	80008be0	0001	c.addi	x0,0	  x0:0x00000000  x0=0x00000000
      645582000	     32177	80008be2	9c0b63b7	lui	x7,0x9c0b6	  x7=0x9c0b6000
      645602000	     32178	80008be6	40798cb3	sub	x25,x19,x7	 x19:0x6a580000  x7:0x9c0b6000 x25=0xce4ca000
      645622000	     32179	80008bea	8539	c.srai	x10,0xe	 x10:0xf1eccc32 x10=0xffffc7b3
      645662000	     32181	80008bec	03eb3fb3	mulhu	x31,x22,x30	 x22:0x00000001 x30:0x00000000 x31=0x00000000
      645682000	     32182	80008bf0	01bb9f33	sll	x30,x23,x27	 x23:0x8001fe58 x27:0x00000000 x30=0x8001fe58
      645702000	     32183	80008bf4	89c2	c.mv	x19,x16	  x0:0x00000000 x16:0xf1eccc32 x19=0xf1eccc32
      645722000	     32184	80008bf6	8769	c.srai	x14,0x1a	 x14:0x00000000 x14=0x00000000
      645742000	     32185	80008bf8	8049	c.srli	x8,0x12	  x8:0x00019ffc  x8=0x00000000
      645762000	     32186	80008bfa	99df8c13	addi	x24,x31,-1635	 x31:0x00000000 x24=0xfffff99d
      645982000	     32197	80008bfe	02f111b3	mulh	x3,x2,x15	  x2:0x6a57fff0 x15:0x00000000  x3=0x00000000
      646002000	     32198	80008c02	01bac0b3	xor	x1,x21,x27	 x21:0x00000000 x27:0x00000000  x1=0x00000000
      646022000	     32199	80008c06	8215	c.srli	x12,0x5	 x12:0x6a580000 x12=0x0352c000
      646042000	     32200	80008c08	01ea5d93	srli	x27,x20,0x1e	 x20:0xf1eccc32 x27=0x00000003
      646382000	     32217	80008c0c	00b41763	bne	x8,x11,80008c1a	  x8:0x00000000 x11:0xf1e8b1fd
      648102000	     32303	80008c1a	01845e13	srli	x28,x8,0x18	  x8:0x00000000 x28=0x00000000
      648122000	     32304	80008c1e	8e71	c.and	x12,x12	 x12:0x0352c000 x12:0x0352c000 x12=0x0352c000
      648282000	     32312	80008c20	417e8fb3	sub	x31,x29,x23	 x29:0x00000000 x23:0x8001fe58 x31=0x7ffe01a8
      648302000	     32313	80008c24	41475333	sra	x6,x14,x20	 x14:0x00000000 x20:0xf1eccc32  x6=0x00000000
      648322000	     32314	80008c28	0551c663	blt	x3,x21,80008c74	  x3:0x00000000 x21:0x00000000
      648342000	     32315	80008c2c	1f10	c.addi4spn	x12,x2,944	 x12=0x6a5803a0
      648362000	     32316	80008c2e	0a7ef993	andi	x19,x29,167	 x29:0x00000000 x19=0x00000000
      649502000	     32373	80008c32	03a3feb3	remu	x29,x7,x26	  x7:0x9c0b6000 x26:0xbdd7a000 x29=0x9c0b6000
      649522000	     32374	80008c36	008000ef	jal	x1,80008c3e	  x1=0x80008c3a
      649562000	     32376	80008c3e	a829	c.j	80008c58	
      650062000	     32401	80008c58	bfd5	c.j	80008c4c	
      650102000	     32403	80008c4c	bfd5	c.j	80008c40	
      650162000	     32406	80008c40	2809	c.jal	80008c52	  x1=0x80008c42
      651002000	     32448	80008c52	b7ed	c.j	80008c3c	
      651042000	     32450	80008c3c	2839	c.jal	80008c5a	  x1=0x80008c3e
      651082000	     32452	80008c5a	a009	c.j	80008c5c	
      651122000	     32454	80008c5c	fdfff0ef	jal	x1,80008c3a	  x1=0x80008c60
      651182000	     32457	80008c3a	a02d	c.j	80008c64	
      651222000	     32459	80008c64	fe3ff0ef	jal	x1,80008c46	  x1=0x80008c68
      651262000	     32461	80008c46	a831	c.j	80008c62	
      651302000	     32463	80008c62	bffd	c.j	80008c60	
      651342000	     32465	80008c60	37cd	c.jal	80008c42	  x1=0x80008c62
      651382000	     32467	80008c42	a019	c.j	80008c48	
      651422000	     32469	80008c48	2009	c.jal	80008c4a	  x1=0x80008c4a
      651462000	     32471	80008c4a	a019	c.j	80008c50	
      651522000	     32474	80008c50	3ffd	c.jal	80008c4e	  x1=0x80008c52
      651582000	     32477	80008c4e	bfdd	c.j	80008c44	
      651622000	     32479	80008c44	2801	c.jal	80008c54	  x1=0x80008c46
      651662000	     32481	80008c54	01400b6f	jal	x22,80008c68	 x22=0x80008c58
      651702000	     32483	80008c68	8251	c.srli	x12,0x14	 x12:0x6a5803a0 x12=0x000006a5
      651722000	     32484	80008c6a	8ca9	c.xor	x9,x10	  x9:0x00000000 x10:0xffffc7b3  x9=0xffffc7b3
      651742000	     32485	80008c6c	d62b0193	addi	x3,x22,-670	 x22:0x80008c58  x3=0x800089ba
      652302000	     32513	80008c70	09bc8193	addi	x3,x25,155	 x25:0xce4ca000  x3=0xce4ca09b
      652402000	     32518	80008c74	0001	c.addi	x0,0	  x0:0x00000000  x0=0x00000000
      652422000	     32519	80008c76	006c9793	slli	x15,x25,0x6	 x25:0xce4ca000 x15=0x93280000
      652602000	     32528	80008c7a	01aef4b3	and	x9,x29,x26	 x29:0x9c0b6000 x26:0xbdd7a000  x9=0x9c032000
      652622000	     32529	80008c7e	01f05963	bge	x0,x31,80008c90	  x0:0x00000000 x31:0x7ffe01a8
      652642000	     32530	80008c82	0001	c.addi	x0,0	  x0:0x00000000  x0=0x00000000
      652682000	     32532	80008c84	004c0fb3	add	x31,x24,x4	 x24:0xfffff99d  x4:0x00000704 x31=0x000000a1
      652742000	     32535	80008c88	0055d913	srli	x18,x11,0x5	 x11:0xf1e8b1fd x18=0x078f458f
      652882000	     32542	80008c8c	01a2e0b3	or	x1,x5,x26	  x5:0x02f7dca3 x26:0xbdd7a000  x1=0xbff7fca3
      653022000	     32549	80008c90	8f25	c.xor	x14,x9	 x14:0x00000000  x9:0x9c032000 x14=0x9c032000
      653762000	     32586	80008c92	03b4e533	rem	x10,x9,x27	  x9:0x9c032000 x27:0x00000003 x10=0xfffffffe
      653782000	     32587	80008c96	41fc0eb3	sub	x29,x24,x31	 x24:0xfffff99d x31:0x000000a1 x29=0xfffff8fc
      653802000	     32588	80008c9a	5a76b213	sltiu	x4,x13,1447	 x13:0x80023ce4  x4=0x00000000
      653822000	     32589	80008c9e	004e5563	bge	x28,x4,80008ca8	 x28:0x00000000  x4:0x00000000
      653862000	     32591	80008ca8	0ff0000f	fence	iorw,iorw	
      653882000	     32592	80008cac	4c648893	addi	x17,x9,1222	  x9:0x9c032000 x17=0x9c0324c6
      654322000	     32614	80008cb0	003b5a33	srl	x20,x22,x3	 x22:0x80008c58  x3:0xce4ca09b x20=0x00000010
      654442000	     32620	80008cb4	001769b3	or	x19,x14,x1	 x14:0x9c032000  x1:0xbff7fca3 x19=0xbff7fca3
      654462000	     32621	80008cb8	02104b63	blt	x0,x1,80008cee	  x0:0x00000000  x1:0xbff7fca3
      654822000	     32639	80008cbc	00b96663	bltu	x18,x11,80008cc8	 x18:0x078f458f x11:0xf1e8b1fd
      655582000	     32677	80008cc8	034a	c.slli	x6,0x12	  x6:0x00000000  x6=0x00000000
      655962000	     32696	80008cca	c0002313	slti	x6,x0,-1024	  x0:0x00000000  x6=0x00000000
      656802000	     32738	80008cce	03317333	remu	x6,x2,x19	  x2:0x6a57fff0 x19:0xbff7fca3  x6=0x6a57fff0
      657542000	     32775	80008cd2	02f8d3b3	divu	x7,x17,x15	 x17:0x9c0324c6 x15:0x93280000  x7=0x00000001
      665922000	     33194	80008cd6	0ff0000f	fence	iorw,iorw	
      665942000	     33195	80008cda	03cfd863	bge	x31,x28,80008d0a	 x31:0x000000a1 x28:0x00000000
      666022000	     33199	80008d0a	8f11	c.sub	x14,x12	 x14:0x9c032000 x12:0x000006a5 x14=0x9c03195b
      666542000	     33225	80008d0c	000d9493	slli	x9,x27,0x0	 x27:0x00000003  x9=0x00000003
      666602000	     33228	80008d10	b22f2e13	slti	x28,x30,-1246	 x30:0x8001fe58 x28=0x00000001
      666842000	     33240	80008d14	0000100f	fence.i	
      667462000	     33271	80008d18	e609a793	slti	x15,x19,-416	 x19:0xbff7fca3 x15=0x00000001
      667482000	     33272	80008d1c	034ad163	bge	x21,x20,80008d3e	 x21:0x00000000 x20:0x00000010
      667542000	     33275	80008d20	8109	c.srli	x10,0x2	 x10:0xfffffffe x10=0x3fffffff
      667642000	     33280	80008d22	02c7ce63	blt	x15,x12,80008d5e	 x15:0x00000001 x12:0x000006a5
      667862000	     33291	80008d5e	90c2	c.add	x1,x16	  x1:0xbff7fca3 x16:0xf1eccc32  x1=0xb1e4c8d5
      667882000	     33292	80008d60	8ff5	c.and	x15,x13	 x15:0x00000001 x13:0x80023ce4 x15=0x00000000
      667902000	     33293	80008d62	557d	c.li	x10,-1	 x10=0xffffffff
      668062000	     33301	80008d64	01de8133	add	x2,x29,x29	 x29:0xfffff8fc x29:0xfffff8fc  x2=0xfffff1f8
      668642000	     33330	80008d68	004ba083	lw	x1,4(x23)	 x23:0x8001fe58  x1=0x80003546 PA:0x8001fe5c load:0x80003546
      668662000	     33331	80008d6c	00fe5993	srli	x19,x28,0xf	 x28:0x00000001 x19=0x00000000
      668682000	     33332	80008d70	0bb1	c.addi	x23,12	 x23:0x8001fe58 x23=0x8001fe64
      668702000	     33333	80008d72	6f8b4213	xori	x4,x22,1784	 x22:0x80008c58  x4=0x80008aa0
      668722000	     33334	80008d76	00108a13	addi	x20,x1,1	  x1:0x80003546 x20=0x80003547
      668742000	     33335	80008d7a	8a02	c.jr	x20	 x20:0x80003547
      669322000	     33364	80003546	02c82eb3	mulhsu	x29,x16,x12	 x16:0xf1eccc32 x12:0x000006a5 x29=0xffffffa2
      669342000	     33365	8000354a	00000c97	auipc	x25,0x0	 x25=0x8000354a
      669362000	     33366	8000354e	128c8c93	addi	x25,x25,296	 x25:0x8000354a x25=0x80003672
      669382000	     33367	80003552	de8c8c93	addi	x25,x25,-536	 x25:0x80003672 x25=0x8000345a
      669402000	     33368	80003556	21f3fe13	andi	x28,x7,543	  x7:0x00000001 x28=0x00000001
      669602000	     33378	8000355a	002a1633	sll	x12,x20,x2	 x20:0x80003547  x2:0xfffff1f8 x12=0x47000000
      669622000	     33379	8000355e	8c99	c.sub	x9,x14	  x9:0x00000003 x14:0x9c03195b  x9=0x63fce6a8
      669642000	     33380	80003560	6b750797	auipc	x15,0x6b750	 x15=0xeb753560
      669842000	     33390	80003564	6c313313	sltiu	x6,x2,1731	  x2:0xfffff1f8  x6=0x00000000
      669862000	     33391	80003568	219c80e7	jalr	x1,537(x25)	 x25:0x8000345a  x1=0x8000356c
      670122000	     33404	80003672	527d	c.li	x4,-1	  x4=0xffffffff
      670182000	     33407	80003674	fc0b8b93	addi	x23,x23,-64	 x23:0x8001fe64 x23=0x8001fe24
      671322000	     33464	80003678	032ec633	div	x12,x29,x18	 x29:0xffffffa2 x18:0x078f458f x12=0x00000000
      671382000	     33467	8000367c	001ba223	sw	x1,4(x23)	 x23:0x8001fe24  x1:0x8000356c PA:0x8001fe28 store:0x8000356c load:0xffffffff
      671402000	     33468	80003680	8035	c.srli	x8,0xd	  x8:0x00000000  x8=0x00000000
      671422000	     33469	80003682	0b26	c.slli	x22,0x9	 x22:0x80008c58 x22=0x0118b000
      671442000	     33470	80003684	01937933	and	x18,x6,x25	  x6:0x00000000 x25:0x8000345a x18=0x00000000
      671462000	     33471	80003688	0072fb33	and	x22,x5,x7	  x5:0x02f7dca3  x7:0x00000001 x22=0x00000001
      671482000	     33472	8000368c	01c000ef	jal	x1,800036a8	  x1=0x80003690
      671522000	     33474	800036a8	2021	c.jal	800036b0	  x1=0x800036aa
      671742000	     33485	800036b0	2829	c.jal	800036ca	  x1=0x800036b2
      672362000	     33516	800036ca	ff5ff0ef	jal	x1,800036be	  x1=0x800036ce
      673382000	     33567	800036be	bfdd	c.j	800036b4	
      674862000	     33641	800036b4	37dd	c.jal	8000369a	  x1=0x800036b6
      675602000	     33678	8000369a	00400b6f	jal	x22,8000369e	 x22=0x8000369e
      676382000	     33717	8000369e	3fd5	c.jal	80003692	  x1=0x800036a0
      676782000	     33737	80003692	03400def	jal	x27,800036c6	 x27=0x80003696
      676862000	     33741	800036c6	ff1ff0ef	jal	x1,800036b6	  x1=0x800036ca
      676922000	     33744	800036b6	004000ef	jal	x1,800036ba	  x1=0x800036ba
      676962000	     33746	800036ba	b7f5	c.j	800036a6	
      677002000	     33748	800036a6	2819	c.jal	800036bc	  x1=0x800036a8
      677042000	     33750	800036bc	bfdd	c.j	800036b2	
      677082000	     33752	800036b2	bff9	c.j	80003690	
      677122000	     33754	80003690	2809	c.jal	800036a2	  x1=0x80003692
      677182000	     33757	800036a2	022000ef	jal	x1,800036c4	  x1=0x800036a6
      677242000	     33760	800036c4	a029	c.j	800036ce	
      677562000	     33776	800036ce	fd3ff26f	jal	x4,800036a0	  x4=0x800036d2
      677602000	     33778	800036a0	2005	c.jal	800036c0	  x1=0x800036a2
      677682000	     33782	800036c0	fd7ff0ef	jal	x1,80003696	  x1=0x800036c4
      677762000	     33786	80003696	014000ef	jal	x1,800036aa	  x1=0x8000369a
      677802000	     33788	800036aa	2009	c.jal	800036ac	  x1=0x800036ac
      677842000	     33790	800036ac	0260056f	jal	x10,800036d2	 x10=0x800036b0
      677902000	     33793	800036d2	0080fe33	and	x28,x1,x8	  x1:0x800036ac  x8:0x00000000 x28=0x00000000
      677922000	     33794	800036d6	00a000ef	jal	x1,800036e0	  x1=0x800036da
      678162000	     33806	800036e0	a831	c.j	800036fc	
      678962000	     33846	800036fc	fe7ff0ef	jal	x1,800036e2	  x1=0x80003700
      679002000	     33848	800036e2	a03d	c.j	80003710	
      679782000	     33887	80003710	2021	c.jal	80003718	  x1=0x80003712
      680422000	     33919	80003718	3fd1	c.jal	800036ec	  x1=0x8000371a
      680482000	     33922	800036ec	2821	c.jal	80003704	  x1=0x800036ee
      680542000	     33925	80003704	fdbff0ef	jal	x1,800036de	  x1=0x80003708
      680582000	     33927	800036de	2821	c.jal	800036f6	  x1=0x800036e0
      680662000	     33931	800036f6	014000ef	jal	x1,8000370a	  x1=0x800036fa
      680742000	     33935	8000370a	00c0036f	jal	x6,80003716	  x6=0x8000370e
      680802000	     33938	80003716	bff1	c.j	800036f2	
      680882000	     33942	800036f2	00e000ef	jal	x1,80003700	  x1=0x800036f6
      680942000	     33945	80003700	fefff0ef	jal	x1,800036ee	  x1=0x80003704
      681002000	     33948	800036ee	02e000ef	jal	x1,8000371c	  x1=0x800036f2
      681062000	     33951	8000371c	bffd	c.j	8000371a	
      681102000	     33953	8000371a	37c5	c.jal	800036fa	  x1=0x8000371c
      681142000	     33955	800036fa	b7f5	c.j	800036e6	
      681182000	     33957	800036e6	a009	c.j	800036e8	
      681222000	     33959	800036e8	201d	c.jal	8000370e	  x1=0x800036ea
      681262000	     33961	8000370e	b7f1	c.j	800036da	
      681342000	     33965	800036da	00a0026f	jal	x4,800036e4	  x4=0x800036de
      681402000	     33968	800036e4	2015	c.jal	80003708	  x1=0x800036e6
      681462000	     33971	80003708	2029	c.jal	80003712	  x1=0x8000370a
      681542000	     33975	80003712	fd9ff0ef	jal	x1,800036ea	  x1=0x80003716
      681602000	     33978	800036ea	2815	c.jal	8000371e	  x1=0x800036ec
      681682000	     33982	8000371e	02c2c333	div	x6,x5,x12	  x5:0x02f7dca3 x12:0x00000000  x6=0xffffffff
      681702000	     33983	80003722	026000ef	jal	x1,80003748	  x1=0x80003726
      681982000	     33997	80003748	fe3ff4ef	jal	x9,8000372a	  x9=0x8000374c
      682022000	     33999	8000372a	a021	c.j	80003732	
      683222000	     34059	80003732	ffdff1ef	jal	x3,8000372e	  x3=0x80003736
      683262000	     34061	8000372e	a01d	c.j	80003754	
      683322000	     34064	80003754	fffff86f	jal	x16,80003752	 x16=0x80003758
      683382000	     34067	80003752	37dd	c.jal	80003738	  x1=0x80003754
      683542000	     34075	80003738	0180056f	jal	x10,80003750	 x10=0x8000373c
      683582000	     34077	80003750	37fd	c.jal	8000373e	  x1=0x80003752
      683622000	     34079	8000373e	2829	c.jal	80003758	  x1=0x80003740
      683662000	     34081	80003758	b7ed	c.j	80003742	
      683702000	     34083	80003742	bfd5	c.j	80003736	
      683762000	     34086	80003736	2039	c.jal	80003744	  x1=0x80003738
      683822000	     34089	80003744	008000ef	jal	x1,8000374c	  x1=0x80003748
      683882000	     34092	8000374c	bfe9	c.j	80003726	
      683942000	     34095	80003726	01a000ef	jal	x1,80003740	  x1=0x8000372a
      684002000	     34098	80003740	37f5	c.jal	8000372c	  x1=0x80003742
      684042000	     34100	8000372c	2801	c.jal	8000373c	  x1=0x8000372e
      684082000	     34102	8000373c	3fd5	c.jal	80003730	  x1=0x8000373e
      684122000	     34104	80003730	a839	c.j	8000374e	
      684162000	     34106	8000374e	a031	c.j	8000375a	
      684222000	     34109	8000375a	004000ef	jal	x1,8000375e	  x1=0x8000375e
      684342000	     34115	8000375e	41ccdd13	srai	x26,x25,0x1c	 x25:0x8000345a x26=0xfffffff8
      684362000	     34116	80003762	008000ef	jal	x1,8000376a	  x1=0x80003766
      685002000	     34148	8000376a	2031	c.jal	80003776	  x1=0x8000376c
      685162000	     34156	80003776	010000ef	jal	x1,80003786	  x1=0x8000377a
      686902000	     34243	80003786	fffff2ef	jal	x5,80003784	  x5=0x8000378a
      686942000	     34245	80003784	3ff5	c.jal	80003780	  x1=0x80003786
      687002000	     34248	80003780	026000ef	jal	x1,800037a6	  x1=0x80003784
      687542000	     34275	800037a6	fc1ff36f	jal	x6,80003766	  x6=0x800037aa
      687642000	     34280	80003766	036000ef	jal	x1,8000379c	  x1=0x8000376a
      687702000	     34283	8000379c	3ffd	c.jal	8000379a	  x1=0x8000379e
      687762000	     34286	8000379a	3fc5	c.jal	8000378a	  x1=0x8000379c
      687822000	     34289	8000378a	bfd5	c.j	8000377e	
      687882000	     34292	8000377e	a005	c.j	8000379e	
      687942000	     34295	8000379e	37f9	c.jal	8000376c	  x1=0x800037a0
      688002000	     34298	8000376c	a005	c.j	8000378c	
      688062000	     34301	8000378c	01e000ef	jal	x1,800037aa	  x1=0x80003790
      688142000	     34305	800037aa	ff7ff0ef	jal	x1,800037a0	  x1=0x800037ae
      688202000	     34308	800037a0	3fcd	c.jal	80003792	  x1=0x800037a2
      688262000	     34311	80003792	bffd	c.j	80003790	
      688322000	     34314	80003790	b7ed	c.j	8000377a	
      688402000	     34318	8000377a	ff5ff16f	jal	x2,8000376e	  x2=0x8000377e
      688462000	     34321	8000376e	2081	c.jal	800037ae	  x1=0x80003770
      688542000	     34325	800037ae	fc7ff9ef	jal	x19,80003774	 x19=0x800037b2
      688582000	     34327	80003774	a00d	c.j	80003796	
      688682000	     34332	80003796	fffff36f	jal	x6,80003794	  x6=0x8000379a
      688722000	     34334	80003794	a039	c.j	800037a2	
      698142000	     34805	800037a2	b7f9	c.j	80003770	
      698182000	     34807	80003770	034007ef	jal	x15,800037a4	 x15=0x80003774
      698222000	     34809	800037a4	a039	c.j	800037b2	
      698302000	     34813	800037b2	02d0beb3	mulhu	x29,x1,x13	  x1:0x80003770 x13:0x80023ce4 x29=0x40013a2a
      698322000	     34814	800037b6	012000ef	jal	x1,800037c8	  x1=0x800037ba
      699122000	     34854	800037c8	026000ef	jal	x1,800037ee	  x1=0x800037cc
      699882000	     34892	800037ee	2009	c.jal	800037f0	  x1=0x800037f0
      700622000	     34929	800037f0	3fd1	c.jal	800037c4	  x1=0x800037f2
      700682000	     34932	800037c4	2009	c.jal	800037c6	  x1=0x800037c6
      700742000	     34935	800037c6	2031	c.jal	800037d2	  x1=0x800037c8
      700822000	     34939	800037d2	020000ef	jal	x1,800037f2	  x1=0x800037d6
      700882000	     34942	800037f2	37d5	c.jal	800037d6	  x1=0x800037f4
      700942000	     34945	800037d6	b7d5	c.j	800037ba	
      701002000	     34948	800037ba	280d	c.jal	800037ec	  x1=0x800037bc
      701062000	     34951	800037ec	bfd5	c.j	800037e0	
      701582000	     34977	800037e0	a811	c.j	800037f4	
      701642000	     34980	800037f4	b7ed	c.j	800037de	
      701682000	     34982	800037de	a029	c.j	800037e8	
      701722000	     34984	800037e8	fd7ff0ef	jal	x1,800037be	  x1=0x800037ec
      701802000	     34988	800037be	010000ef	jal	x1,800037ce	  x1=0x800037c2
      701862000	     34991	800037ce	fefff0ef	jal	x1,800037bc	  x1=0x800037d2
      701902000	     34993	800037bc	201d	c.jal	800037e2	  x1=0x800037be
      701962000	     34996	800037e2	ffbff0ef	jal	x1,800037dc	  x1=0x800037e6
      702022000	     34999	800037dc	bffd	c.j	800037da	
      702082000	     35002	800037da	3ffd	c.jal	800037d8	  x1=0x800037dc
      702142000	     35005	800037d8	a039	c.j	800037e6	
      702202000	     35008	800037e6	bff1	c.j	800037c2	
      702262000	     35011	800037c2	a029	c.j	800037cc	
      702322000	     35014	800037cc	2035	c.jal	800037f8	  x1=0x800037ce
      702382000	     35017	800037f8	bffd	c.j	800037f6	
      702422000	     35019	800037f6	a011	c.j	800037fa	
      702482000	     35022	800037fa	415adeb3	sra	x29,x21,x21	 x21:0x00000000 x21:0x00000000 x29=0x00000000
      702502000	     35023	800037fe	02e000ef	jal	x1,8000382c	  x1=0x80003802
      703002000	     35048	8000382c	37cd	c.jal	8000380e	  x1=0x8000382e
      703062000	     35051	8000380e	2031	c.jal	8000381a	  x1=0x80003810
      703902000	     35093	8000381a	014000ef	jal	x1,8000382e	  x1=0x8000381e
      703942000	     35095	8000382e	2019	c.jal	80003834	  x1=0x80003830
      704022000	     35099	80003834	006000ef	jal	x1,8000383a	  x1=0x80003838
      704082000	     35102	8000383a	bffd	c.j	80003838	
      704142000	     35105	80003838	a021	c.j	80003840	
      704902000	     35143	80003840	3fe1	c.jal	80003818	  x1=0x80003842
      704962000	     35146	80003818	a015	c.j	8000383c	
      705022000	     35149	8000383c	2029	c.jal	80003846	  x1=0x8000383e
      705322000	     35164	80003846	fcfff0ef	jal	x1,80003814	  x1=0x8000384a
      706202000	     35208	80003814	030000ef	jal	x1,80003844	  x1=0x80003818
      706242000	     35210	80003844	37f5	c.jal	80003830	  x1=0x80003846
      706282000	     35212	80003830	bfd1	c.j	80003804	
      706322000	     35214	80003804	2009	c.jal	80003806	  x1=0x80003806
      706462000	     35221	80003806	0060026f	jal	x4,8000380c	  x4=0x8000380a
      706502000	     35223	8000380c	a80d	c.j	8000383e	
      706542000	     35225	8000383e	37d5	c.jal	80003822	  x1=0x80003840
      706602000	     35228	80003822	02000c6f	jal	x24,80003842	 x24=0x80003826
      706662000	     35231	80003842	a039	c.j	80003850	
      706722000	     35234	80003850	b7cd	c.j	80003832	
      706782000	     35237	80003832	bff9	c.j	80003810	
      706842000	     35240	80003810	03c000ef	jal	x1,8000384c	  x1=0x80003814
      706882000	     35242	8000384c	fffff36f	jal	x6,8000384a	  x6=0x80003850
      706922000	     35244	8000384a	b7c1	c.j	8000380a	
      706962000	     35246	8000380a	2005	c.jal	8000382a	  x1=0x8000380c
      707042000	     35250	8000382a	bfd5	c.j	8000381e	
      707162000	     35256	8000381e	fe5ff36f	jal	x6,80003802	  x6=0x80003822
      707222000	     35259	80003802	2015	c.jal	80003826	  x1=0x80003804
      707302000	     35263	80003826	02c0026f	jal	x4,80003852	  x4=0x8000382a
      707362000	     35266	80003852	00881cb3	sll	x25,x16,x8	 x16:0x80003758  x8:0x00000000 x25=0x80003758
      707382000	     35267	80003856	008000ef	jal	x1,8000385e	  x1=0x8000385a
      707742000	     35285	8000385e	008000ef	jal	x1,80003866	  x1=0x80003862
      707802000	     35288	80003866	a021	c.j	8000386e	
      708462000	     35321	8000386e	004000ef	jal	x1,80003872	  x1=0x80003872
      708502000	     35323	80003872	2019	c.jal	80003878	  x1=0x80003874
      709242000	     35360	80003878	febff86f	jal	x16,80003862	 x16=0x8000387c
      709302000	     35363	80003862	a029	c.j	8000386c	
      709362000	     35366	8000386c	37fd	c.jal	8000385a	  x1=0x8000386e
      709442000	     35370	8000385a	01a000ef	jal	x1,80003874	  x1=0x8000385e
      709502000	     35373	80003874	0080036f	jal	x6,8000387c	  x6=0x80003878
      709562000	     35376	8000387c	fedff0ef	jal	x1,80003868	  x1=0x80003880
      709622000	     35379	80003868	ffdffe6f	jal	x28,80003864	 x28=0x8000386c
      709682000	     35382	80003864	a831	c.j	80003880	
      709742000	     35385	80003880	014df133	and	x2,x27,x20	 x27:0x80003696 x20:0x80003547  x2=0x80003406
      709762000	     35386	80003884	01e000ef	jal	x1,800038a2	  x1=0x80003888
      710182000	     35407	800038a2	2801	c.jal	800038b2	  x1=0x800038a4
      710642000	     35430	800038b2	fd9ff66f	jal	x12,8000388a	 x12=0x800038b6
      710682000	     35432	8000388a	a011	c.j	8000388e	
      710742000	     35435	8000388e	3ffd	c.jal	8000388c	  x1=0x80003890
      710802000	     35438	8000388c	2821	c.jal	800038a4	  x1=0x8000388e
      710862000	     35441	800038a4	3ff5	c.jal	800038a0	  x1=0x800038a6
      710922000	     35444	800038a0	a00d	c.j	800038c2	
      710962000	     35446	800038c2	2011	c.jal	800038c6	  x1=0x800038c4
      711002000	     35448	800038c6	bfdd	c.j	800038bc	
      711062000	     35451	800038bc	b7fd	c.j	800038aa	
      711102000	     35453	800038aa	37dd	c.jal	80003890	  x1=0x800038ac
      711142000	     35455	80003890	004000ef	jal	x1,80003894	  x1=0x80003894
      711182000	     35457	80003894	a815	c.j	800038c8	
      711902000	     35493	800038c8	b7d5	c.j	800038ac	
      711962000	     35496	800038ac	37ed	c.jal	80003896	  x1=0x800038ae
      712042000	     35500	80003896	020000ef	jal	x1,800038b6	  x1=0x8000389a
      712082000	     35502	800038b6	3fc9	c.jal	80003888	  x1=0x800038b8
      712162000	     35506	80003888	a825	c.j	800038c0	
      712222000	     35509	800038c0	a039	c.j	800038ce	
      712762000	     35536	800038ce	ff7ff2ef	jal	x5,800038c4	  x5=0x800038d2
      712802000	     35538	800038c4	3fed	c.jal	800038be	  x1=0x800038c6
      712862000	     35541	800038be	a039	c.j	800038cc	
      712922000	     35544	800038cc	b7f5	c.j	800038b8	
      712982000	     35547	800038b8	a809	c.j	800038ca	
      713042000	     35550	800038ca	bfc1	c.j	8000389a	
      713102000	     35553	8000389a	2009	c.jal	8000389c	  x1=0x8000389c
      713162000	     35556	8000389c	01e000ef	jal	x1,800038ba	  x1=0x800038a0
      713222000	     35559	800038ba	bfd5	c.j	800038ae	
      713302000	     35563	800038ae	ff9ff0ef	jal	x1,800038a6	  x1=0x800038b2
      713362000	     35566	800038a6	02c00a6f	jal	x20,800038d2	 x20=0x800038aa
      713442000	     35570	800038d2	00c679b3	and	x19,x12,x12	 x12:0x800038b6 x12:0x800038b6 x19=0x800038b6
      713462000	     35571	800038d6	02e000ef	jal	x1,80003904	  x1=0x800038da
      713982000	     35597	80003904	b7fd	c.j	800038f2	
      714822000	     35639	800038f2	a009	c.j	800038f4	
      714982000	     35647	800038f4	37f5	c.jal	800038e0	  x1=0x800038f6
      715062000	     35651	800038e0	2009	c.jal	800038e2	  x1=0x800038e2
      715122000	     35654	800038e2	2091	c.jal	80003926	  x1=0x800038e4
      716222000	     35709	80003926	b7f5	c.j	80003912	
      716282000	     35712	80003912	fddff0ef	jal	x1,800038ee	  x1=0x80003916
      716442000	     35720	800038ee	0360036f	jal	x6,80003924	  x6=0x800038f2
      716502000	     35723	80003924	3fd1	c.jal	800038f8	  x1=0x80003926
      716562000	     35726	800038f8	0040036f	jal	x6,800038fc	  x6=0x800038fc
      716602000	     35728	800038fc	2019	c.jal	80003902	  x1=0x800038fe
      716642000	     35730	80003902	3fe1	c.jal	800038da	  x1=0x80003904
      716682000	     35732	800038da	a099	c.j	80003920	
      716722000	     35734	80003920	fdfff36f	jal	x6,800038fe	  x6=0x80003924
      716762000	     35736	800038fe	37f5	c.jal	800038ea	  x1=0x80003900
      716802000	     35738	800038ea	a831	c.j	80003906	
      717022000	     35749	80003906	fdfff0ef	jal	x1,800038e4	  x1=0x8000390a
      717062000	     35751	800038e4	2825	c.jal	8000391c	  x1=0x800038e6
      717122000	     35754	8000391c	fe5ff0ef	jal	x1,80003900	  x1=0x80003920
      717162000	     35756	80003900	3fdd	c.jal	800038f6	  x1=0x80003902
      717202000	     35758	800038f6	2821	c.jal	8000390e	  x1=0x800038f8
      717622000	     35779	8000390e	ffdff0ef	jal	x1,8000390a	  x1=0x80003912
      717702000	     35783	8000390a	fddff36f	jal	x6,800038e6	  x6=0x8000390e
      717762000	     35786	800038e6	006000ef	jal	x1,800038ec	  x1=0x800038ea
      717802000	     35788	800038ec	3fc5	c.jal	800038dc	  x1=0x800038ee
      717842000	     35790	800038dc	03e000ef	jal	x1,8000391a	  x1=0x800038e0
      717882000	     35792	8000391a	3ff5	c.jal	80003916	  x1=0x8000391c
      717942000	     35795	80003916	0120036f	jal	x6,80003928	  x6=0x8000391a
      717982000	     35797	80003928	996a	c.add	x18,x26	 x18:0x00000000 x26:0xfffffff8 x18=0xfffffff8
      718002000	     35798	8000392a	012000ef	jal	x1,8000393c	  x1=0x8000392e
      718682000	     35832	8000393c	3fdd	c.jal	80003932	  x1=0x8000393e
      718742000	     35835	80003932	a831	c.j	8000394e	
      719522000	     35874	8000394e	004000ef	jal	x1,80003952	  x1=0x80003952
      720162000	     35906	80003952	b7dd	c.j	80003938	
      720202000	     35908	80003938	a809	c.j	8000394a	
      720282000	     35912	8000394a	febff0ef	jal	x1,80003934	  x1=0x8000394e
      720342000	     35915	80003934	a009	c.j	80003936	
      720402000	     35918	80003936	2031	c.jal	80003942	  x1=0x80003938
      720482000	     35922	80003942	01200cef	jal	x25,80003954	 x25=0x80003946
      720542000	     35925	80003954	37f5	c.jal	80003940	  x1=0x80003956
      720602000	     35928	80003940	a019	c.j	80003946	
      720662000	     35931	80003946	bfe5	c.j	8000393e	
      720722000	     35934	8000393e	3fc5	c.jal	8000392e	  x1=0x80003940
      720782000	     35937	8000392e	01a000ef	jal	x1,80003948	  x1=0x80003932
      720842000	     35940	80003948	3fcd	c.jal	8000393a	  x1=0x8000394a
      720882000	     35942	8000393a	a831	c.j	80003956	
      720942000	     35945	80003956	0ff0000f	fence	iorw,iorw	
      720962000	     35946	8000395a	020000ef	jal	x1,8000397a	  x1=0x8000395e
      721182000	     35957	8000397a	2019	c.jal	80003980	  x1=0x8000397c
      722282000	     36012	80003980	b7f5	c.j	8000396c	
      722362000	     36016	8000396c	3ffd	c.jal	8000396a	  x1=0x8000396e
      722422000	     36019	8000396a	a831	c.j	80003986	
      722482000	     36022	80003986	bff5	c.j	80003982	
      722562000	     36026	80003982	fddff0ef	jal	x1,8000395e	  x1=0x80003986
      722682000	     36032	8000395e	036000ef	jal	x1,80003994	  x1=0x80003962
      723042000	     36050	80003994	b7e5	c.j	8000397c	
      723102000	     36053	8000397c	ff3ff0ef	jal	x1,8000396e	  x1=0x80003980
      723162000	     36056	8000396e	2829	c.jal	80003988	  x1=0x80003970
      723222000	     36059	80003988	fe9ff36f	jal	x6,80003970	  x6=0x8000398c
      723282000	     36062	80003970	2019	c.jal	80003976	  x1=0x80003972
      723362000	     36066	80003976	fefff2ef	jal	x5,80003964	  x5=0x8000397a
      723402000	     36068	80003964	bffd	c.j	80003962	
      723442000	     36070	80003962	a801	c.j	80003972	
      723502000	     36073	80003972	01e0036f	jal	x6,80003990	  x6=0x80003976
      723562000	     36076	80003990	ffdff0ef	jal	x1,8000398c	  x1=0x80003994
      723602000	     36078	8000398c	fdbffeef	jal	x29,80003966	 x29=0x80003990
      723662000	     36081	80003966	0300066f	jal	x12,80003996	 x12=0x8000396a
      724442000	     36120	80003996	02724f33	div	x30,x4,x7	  x4:0x8000382a  x7:0x00000001 x30=0x8000382a
      724462000	     36121	8000399a	036000ef	jal	x1,800039d0	  x1=0x8000399e
      724542000	     36125	800039d0	bfc5	c.j	800039c0	
      725162000	     36156	800039c0	37c5	c.jal	800039a0	  x1=0x800039c2
      725242000	     36160	800039a0	a821	c.j	800039b8	
      725702000	     36183	800039b8	37dd	c.jal	8000399e	  x1=0x800039ba
      725742000	     36185	8000399e	2805	c.jal	800039ce	  x1=0x800039a0
      725802000	     36188	800039ce	2021	c.jal	800039d6	  x1=0x800039d0
      725862000	     36191	800039d6	3fc9	c.jal	800039a8	  x1=0x800039d8
      725922000	     36194	800039a8	00a002ef	jal	x5,800039b2	  x5=0x800039ac
      726142000	     36205	800039b2	0080036f	jal	x6,800039ba	  x6=0x800039b6
      726182000	     36207	800039ba	a029	c.j	800039c4	
      726222000	     36209	800039c4	004000ef	jal	x1,800039c8	  x1=0x800039c8
      726262000	     36211	800039c8	3fed	c.jal	800039c2	  x1=0x800039ca
      726302000	     36213	800039c2	37fd	c.jal	800039b0	  x1=0x800039c4
      726342000	     36215	800039b0	a039	c.j	800039be	
      726382000	     36217	800039be	3ffd	c.jal	800039bc	  x1=0x800039c0
      726442000	     36220	800039bc	bfc5	c.j	800039ac	
      726502000	     36223	800039ac	028000ef	jal	x1,800039d4	  x1=0x800039b0
      726562000	     36226	800039d4	bffd	c.j	800039d2	
      726622000	     36229	800039d2	bfc1	c.j	800039a2	
      726702000	     36233	800039a2	0140036f	jal	x6,800039b6	  x6=0x800039a6
      726762000	     36236	800039b6	3fc5	c.jal	800039a6	  x1=0x800039b8
      726802000	     36238	800039a6	2015	c.jal	800039ca	  x1=0x800039a8
      726862000	     36241	800039ca	00e000ef	jal	x1,800039d8	  x1=0x800039ce
      726922000	     36244	800039d8	4439	c.li	x8,14	  x8=0x0000000e
      726942000	     36245	800039da	02c000ef	jal	x1,80003a06	  x1=0x800039de
      727562000	     36276	80003a06	b7cd	c.j	800039e8	
      727602000	     36278	800039e8	2019	c.jal	800039ee	  x1=0x800039ea
      727662000	     36281	800039ee	bfe5	c.j	800039e6	
      727722000	     36284	800039e6	2839	c.jal	80003a04	  x1=0x800039e8
      727782000	     36287	80003a04	3fed	c.jal	800039fe	  x1=0x80003a06
      740102000	     36903	800039fe	3fcd	c.jal	800039f0	  x1=0x80003a00
      740182000	     36907	800039f0	37fd	c.jal	800039de	  x1=0x800039f2
      740242000	     36910	800039de	01600def	jal	x27,800039f4	 x27=0x800039e2
      740522000	     36924	800039f4	00c0086f	jal	x16,80003a00	 x16=0x800039f8
      740562000	     36926	80003a00	ff9ff36f	jal	x6,800039f8	  x6=0x80003a04
      740602000	     36928	800039f8	37ed	c.jal	800039e2	  x1=0x800039fa
      740642000	     36930	800039e2	a029	c.j	800039ec	
      740702000	     36933	800039ec	2019	c.jal	800039f2	  x1=0x800039ee
      740762000	     36936	800039f2	2021	c.jal	800039fa	  x1=0x800039f4
      740822000	     36939	800039fa	37ed	c.jal	800039e4	  x1=0x800039fc
      740882000	     36942	800039e4	2821	c.jal	800039fc	  x1=0x800039e6
      740942000	     36945	800039fc	b7fd	c.j	800039ea	
      741002000	     36948	800039ea	2839	c.jal	80003a08	  x1=0x800039ec
      741062000	     36951	80003a08	0353cc33	div	x24,x7,x21	  x7:0x00000001 x21:0x00000000 x24=0xffffffff
      741082000	     36952	80003a0c	006000ef	jal	x1,80003a12	  x1=0x80003a10
      741122000	     36954	80003a12	2815	c.jal	80003a46	  x1=0x80003a14
      741962000	     36996	80003a46	37ed	c.jal	80003a30	  x1=0x80003a48
      742502000	     37023	80003a30	0080036f	jal	x6,80003a38	  x6=0x80003a34
      742682000	     37032	80003a38	2031	c.jal	80003a44	  x1=0x80003a3a
      742722000	     37034	80003a44	37cd	c.jal	80003a26	  x1=0x80003a46
      742882000	     37042	80003a26	37ed	c.jal	80003a10	  x1=0x80003a28
      742922000	     37044	80003a10	a011	c.j	80003a14	
      743002000	     37048	80003a14	201d	c.jal	80003a3a	  x1=0x80003a16
      743082000	     37052	80003a3a	ff3ff0ef	jal	x1,80003a2c	  x1=0x80003a3e
      743142000	     37055	80003a2c	bff5	c.j	80003a28	
      743182000	     37057	80003a28	2819	c.jal	80003a3e	  x1=0x80003a2a
      743222000	     37059	80003a3e	37f5	c.jal	80003a2a	  x1=0x80003a40
      743262000	     37061	80003a2a	2839	c.jal	80003a48	  x1=0x80003a2c
      743302000	     37063	80003a48	3fed	c.jal	80003a42	  x1=0x80003a4a
      743342000	     37065	80003a42	bfe9	c.j	80003a1c	
      743382000	     37067	80003a1c	2809	c.jal	80003a2e	  x1=0x80003a1e
      743422000	     37069	80003a2e	bfc5	c.j	80003a1e	
      743482000	     37072	80003a1e	022000ef	jal	x1,80003a40	  x1=0x80003a22
      743522000	     37074	80003a40	bfd9	c.j	80003a16	
      743562000	     37076	80003a16	a81d	c.j	80003a4c	
      743602000	     37078	80003a4c	fd7ff0ef	jal	x1,80003a22	  x1=0x80003a50
      743662000	     37081	80003a22	012000ef	jal	x1,80003a34	  x1=0x80003a26
      743722000	     37084	80003a34	01600e6f	jal	x28,80003a4a	 x28=0x80003a38
      743782000	     37087	80003a4a	b7f9	c.j	80003a18	
      743842000	     37090	80003a18	0380086f	jal	x16,80003a50	 x16=0x80003a1c
      743882000	     37092	80003a50	939a	c.add	x7,x6	  x7:0x00000001  x6:0x80003a34  x7=0x80003a35
      743902000	     37093	80003a52	00a000ef	jal	x1,80003a5c	  x1=0x80003a56
      744862000	     37141	80003a5c	3ff5	c.jal	80003a58	  x1=0x80003a5e
      744902000	     37143	80003a58	bffd	c.j	80003a56	
      745022000	     37149	80003a56	2021	c.jal	80003a5e	  x1=0x80003a58
      745082000	     37152	80003a5e	2009	c.jal	80003a60	  x1=0x80003a60
      745142000	     37155	80003a60	a031	c.j	80003a6c	
      745202000	     37158	80003a6c	ff7ff3ef	jal	x7,80003a62	  x7=0x80003a70
      745282000	     37162	80003a62	0060036f	jal	x6,80003a68	  x6=0x80003a66
      745342000	     37165	80003a68	ff3ff36f	jal	x6,80003a5a	  x6=0x80003a6c
      745402000	     37168	80003a5a	a031	c.j	80003a66	
      745462000	     37171	80003a66	a029	c.j	80003a70	
      745942000	     37195	80003a70	001a0833	add	x16,x20,x1	 x20:0x800038aa  x1:0x80003a60 x16=0x0000730a
      746202000	     37208	80003a74	032000ef	jal	x1,80003aa6	  x1=0x80003a78
      746482000	     37222	80003aa6	b7e5	c.j	80003a8e	
      748282000	     37312	80003a8e	02c001ef	jal	x3,80003aba	  x3=0x80003a92
      748742000	     37335	80003aba	fd9ff16f	jal	x2,80003a92	  x2=0x80003abe
      748782000	     37337	80003a92	2035	c.jal	80003abe	  x1=0x80003a94
      748902000	     37343	80003abe	fbdff36f	jal	x6,80003a7a	  x6=0x80003ac2
      748962000	     37346	80003a7a	a805	c.j	80003aaa	
      749042000	     37350	80003aaa	00c000ef	jal	x1,80003ab6	  x1=0x80003aae
      749102000	     37353	80003ab6	37f1	c.jal	80003a82	  x1=0x80003ab8
      749162000	     37356	80003a82	a831	c.j	80003a9e	
      749222000	     37359	80003a9e	37dd	c.jal	80003a84	  x1=0x80003aa0
      749282000	     37362	80003a84	ffdff36f	jal	x6,80003a80	  x6=0x80003a88
      749342000	     37365	80003a80	a005	c.j	80003aa0	
      749382000	     37367	80003aa0	01000d6f	jal	x26,80003ab0	 x26=0x80003aa4
      749422000	     37369	80003ab0	ff9ff0ef	jal	x1,80003aa8	  x1=0x80003ab4
      749462000	     37371	80003aa8	3fd1	c.jal	80003a7c	  x1=0x80003aaa
      749542000	     37375	80003a7c	03c000ef	jal	x1,80003ab8	  x1=0x80003a80
      749602000	     37378	80003ab8	b7c1	c.j	80003a78	
      749662000	     37381	80003a78	a035	c.j	80003aa4	
      749722000	     37384	80003aa4	a839	c.j	80003ac2	
      749802000	     37388	80003ac2	fd7ff26f	jal	x4,80003a98	  x4=0x80003ac6
      749862000	     37391	80003a98	a819	c.j	80003aae	
      749922000	     37394	80003aae	2019	c.jal	80003ab4	  x1=0x80003ab0
      749982000	     37397	80003ab4	bfe1	c.j	80003a8c	
      750042000	     37400	80003a8c	a039	c.j	80003a9a	
      750122000	     37404	80003a9a	ffbff0ef	jal	x1,80003a94	  x1=0x80003a9e
      750162000	     37406	80003a94	ff5ff0ef	jal	x1,80003a88	  x1=0x80003a98
      750202000	     37408	80003a88	a009	c.j	80003a8a	
      750242000	     37410	80003a8a	a835	c.j	80003ac6	
      750322000	     37414	80003ac6	70ff3e93	sltiu	x29,x30,1807	 x30:0x8000382a x29=0x00000000
      750342000	     37415	80003aca	026000ef	jal	x1,80003af0	  x1=0x80003ace
      750822000	     37439	80003af0	3fe5	c.jal	80003ae8	  x1=0x80003af2
      751482000	     37472	80003ae8	b7fd	c.j	80003ad6	
      752002000	     37498	80003ad6	a02d	c.j	80003b00	
      752042000	     37500	80003b00	2031	c.jal	80003b0c	  x1=0x80003b02
      752502000	     37523	80003b0c	b7e1	c.j	80003ad4	
      752542000	     37525	80003ad4	a815	c.j	80003b08	
      753382000	     37567	80003b08	3fc1	c.jal	80003ad8	  x1=0x80003b0a
      753442000	     37570	80003ad8	a015	c.j	80003afc	
      753502000	     37573	80003afc	2039	c.jal	80003b0a	  x1=0x80003afe
      753562000	     37576	80003b0a	37e5	c.jal	80003af2	  x1=0x80003b0c
      753602000	     37578	80003af2	bfe5	c.j	80003aea	
      753642000	     37580	80003aea	b7e5	c.j	80003ad2	
      753682000	     37582	80003ad2	a805	c.j	80003b02	
      753742000	     37585	80003b02	bfe1	c.j	80003ada	
      753822000	     37589	80003ada	024000ef	jal	x1,80003afe	  x1=0x80003ade
      753882000	     37592	80003afe	a019	c.j	80003b04	
      753922000	     37594	80003b04	37e9	c.jal	80003ace	  x1=0x80003b06
      754002000	     37598	80003ace	010000ef	jal	x1,80003ade	  x1=0x80003ad2
      754062000	     37601	80003ade	008000ef	jal	x1,80003ae6	  x1=0x80003ae2
      754122000	     37604	80003ae6	a005	c.j	80003b06	
      754182000	     37607	80003b06	a021	c.j	80003b0e	
      754242000	     37610	80003b0e	37dd	c.jal	80003af4	  x1=0x80003b10
      754302000	     37613	80003af4	ff9ff0ef	jal	x1,80003aec	  x1=0x80003af8
      754362000	     37616	80003aec	00c000ef	jal	x1,80003af8	  x1=0x80003af0
      754402000	     37618	80003af8	018000ef	jal	x1,80003b10	  x1=0x80003afc
      754442000	     37620	80003b10	fd3ff36f	jal	x6,80003ae2	  x6=0x80003b14
      754502000	     37623	80003ae2	03200d6f	jal	x26,80003b14	 x26=0x80003ae6
      754542000	     37625	80003b14	6b7d	c.lui	x22,0x1f	 x22=0x0001f000
      754562000	     37626	80003b16	004000ef	jal	x1,80003b1a	  x1=0x80003b1a
      754622000	     37629	80003b1a	0220036f	jal	x6,80003b3c	  x6=0x80003b1e
      755882000	     37692	80003b3c	b7d5	c.j	80003b20	
      755922000	     37694	80003b20	a80d	c.j	80003b52	
      756882000	     37742	80003b52	37c5	c.jal	80003b32	  x1=0x80003b54
      757782000	     37787	80003b32	ff1ff0ef	jal	x1,80003b22	  x1=0x80003b36
      757842000	     37790	80003b22	024000ef	jal	x1,80003b46	  x1=0x80003b26
      757902000	     37793	80003b46	bffd	c.j	80003b44	
      757962000	     37796	80003b44	3fed	c.jal	80003b3e	  x1=0x80003b46
      758022000	     37799	80003b3e	37c5	c.jal	80003b1e	  x1=0x80003b40
      758082000	     37802	80003b1e	2031	c.jal	80003b2a	  x1=0x80003b20
      758122000	     37804	80003b2a	a005	c.j	80003b4a	
      758182000	     37807	80003b4a	fe5ff2ef	jal	x5,80003b2e	  x5=0x80003b4e
      758322000	     37814	80003b2e	00a0076f	jal	x14,80003b38	 x14=0x80003b32
      758382000	     37817	80003b38	018000ef	jal	x1,80003b50	  x1=0x80003b3c
      758442000	     37820	80003b50	bffd	c.j	80003b4e	
      758502000	     37823	80003b4e	bff9	c.j	80003b2c	
      758562000	     37826	80003b2c	a029	c.j	80003b36	
      758622000	     37829	80003b36	3fc5	c.jal	80003b26	  x1=0x80003b38
      758702000	     37833	80003b26	0220036f	jal	x6,80003b48	  x6=0x80003b2a
      758742000	     37835	80003b48	3fe5	c.jal	80003b40	  x1=0x80003b4a
      758782000	     37837	80003b40	0140036f	jal	x6,80003b54	  x6=0x80003b44
      758822000	     37839	80003b54	3f13b113	sltiu	x2,x7,1009	  x7:0x80003a70  x2=0x00000000
      758842000	     37840	80003b58	01a000ef	jal	x1,80003b72	  x1=0x80003b5c
      759262000	     37861	80003b72	00e000ef	jal	x1,80003b80	  x1=0x80003b76
      759462000	     37871	80003b80	37f5	c.jal	80003b6c	  x1=0x80003b82
      759982000	     37897	80003b6c	ff7ff0ef	jal	x1,80003b62	  x1=0x80003b70
      760042000	     37900	80003b62	a011	c.j	80003b66	
      760082000	     37902	80003b66	bfdd	c.j	80003b5c	
      760142000	     37905	80003b5c	a005	c.j	80003b7c	
      760202000	     37908	80003b7c	ffdff36f	jal	x6,80003b78	  x6=0x80003b80
      760262000	     37911	80003b78	fedff0ef	jal	x1,80003b64	  x1=0x80003b7c
      760322000	     37914	80003b64	bfed	c.j	80003b5e	
      760442000	     37920	80003b5e	0120036f	jal	x6,80003b70	  x6=0x80003b62
      760502000	     37923	80003b70	a019	c.j	80003b76	
      760562000	     37926	80003b76	2031	c.jal	80003b82	  x1=0x80003b78
      760622000	     37929	80003b82	b7dd	c.j	80003b68	
      760682000	     37932	80003b68	01c0036f	jal	x6,80003b84	  x6=0x80003b6c
      760742000	     37935	80003b84	2009	c.jal	80003b86	  x1=0x80003b86
      760802000	     37938	80003b86	4465	c.li	x8,25	  x8=0x00000019
      760822000	     37939	80003b88	012000ef	jal	x1,80003b9a	  x1=0x80003b8c
      761642000	     37980	80003b9a	a019	c.j	80003ba0	
      762042000	     38000	80003ba0	3fcd	c.jal	80003b92	  x1=0x80003ba2
      762102000	     38003	80003b92	00c0036f	jal	x6,80003b9e	  x6=0x80003b96
      762142000	     38005	80003b9e	3fcd	c.jal	80003b90	  x1=0x80003ba0
      762202000	     38008	80003b90	a829	c.j	80003baa	
      762262000	     38011	80003baa	b7f5	c.j	80003b96	
      762382000	     38017	80003b96	00c000ef	jal	x1,80003ba2	  x1=0x80003b9a
      762442000	     38020	80003ba2	a009	c.j	80003ba4	
      762502000	     38023	80003ba4	2009	c.jal	80003ba6	  x1=0x80003ba6
      762582000	     38027	80003ba6	fe7fff6f	jal	x30,80003b8c	 x30=0x80003baa
      762622000	     38029	80003b8c	022000ef	jal	x1,80003bae	  x1=0x80003b90
      762702000	     38033	80003bae	3ffd	c.jal	80003bac	  x1=0x80003bb0
      762762000	     38036	80003bac	bfc5	c.j	80003b9c	
      762822000	     38039	80003b9c	2811	c.jal	80003bb0	  x1=0x80003b9e
      763982000	     38097	80003bb0	037c67b3	rem	x15,x24,x23	 x24:0xffffffff x23:0x8001fe24 x15=0xffffffff
      764002000	     38098	80003bb4	016000ef	jal	x1,80003bca	  x1=0x80003bb8
      764082000	     38102	80003bca	2029	c.jal	80003bd4	  x1=0x80003bcc
      764882000	     38142	80003bd4	00c0036f	jal	x6,80003be0	  x6=0x80003bd8
      766282000	     38212	80003be0	fefff0ef	jal	x1,80003bce	  x1=0x80003be4
      766322000	     38214	80003bce	a831	c.j	80003bea	
      767382000	     38267	80003bea	006001ef	jal	x3,80003bf0	  x3=0x80003bee
      767422000	     38269	80003bf0	bfe5	c.j	80003be8	
      767482000	     38272	80003be8	2019	c.jal	80003bee	  x1=0x80003bea
      767542000	     38275	80003bee	3fe1	c.jal	80003bc6	  x1=0x80003bf0
      767602000	     38278	80003bc6	a029	c.j	80003bd0	
      767662000	     38281	80003bd0	febff96f	jal	x18,80003bba	 x18=0x80003bd4
      767742000	     38285	80003bba	fffff0ef	jal	x1,80003bb8	  x1=0x80003bbe
      767802000	     38288	80003bb8	a00d	c.j	80003bda	
      767882000	     38292	80003bda	fe9ff0ef	jal	x1,80003bc2	  x1=0x80003bde
      767962000	     38296	80003bc2	022000ef	jal	x1,80003be4	  x1=0x80003bc6
      768022000	     38299	80003be4	bfe9	c.j	80003bbe	
      768102000	     38303	80003bbe	028000ef	jal	x1,80003be6	  x1=0x80003bc2
      768142000	     38305	80003be6	37dd	c.jal	80003bcc	  x1=0x80003be8
      768222000	     38309	80003bcc	bff5	c.j	80003bc8	
      768282000	     38312	80003bc8	2801	c.jal	80003bd8	  x1=0x80003bca
      768342000	     38315	80003bd8	2019	c.jal	80003bde	  x1=0x80003bda
      768402000	     38318	80003bde	a811	c.j	80003bf2	
      768462000	     38321	80003bf2	8c5d	c.or	x8,x15	  x8:0x00000019 x15:0xffffffff  x8=0xffffffff
      768482000	     38322	80003bf4	022000ef	jal	x1,80003c16	  x1=0x80003bf8
      769022000	     38349	80003c16	37ed	c.jal	80003c00	  x1=0x80003c18
      769422000	     38369	80003c00	00a0036f	jal	x6,80003c0a	  x6=0x80003c04
      769862000	     38391	80003c0a	ffdff66f	jal	x12,80003c06	 x12=0x80003c0e
      769922000	     38394	80003c06	00a002ef	jal	x5,80003c10	  x5=0x80003c0a
      769982000	     38397	80003c10	b7f5	c.j	80003bfc	
      770022000	     38399	80003bfc	012000ef	jal	x1,80003c0e	  x1=0x80003c00
      770062000	     38401	80003c0e	37ed	c.jal	80003bf8	  x1=0x80003c10
      770102000	     38403	80003bf8	00c000ef	jal	x1,80003c04	  x1=0x80003bfc
      770142000	     38405	80003c04	2811	c.jal	80003c18	  x1=0x80003c06
      770182000	     38407	80003c18	ffdff0ef	jal	x1,80003c14	  x1=0x80003c1c
      770222000	     38409	80003c14	bffd	c.j	80003c12	
      770262000	     38411	80003c12	a029	c.j	80003c1c	
      771022000	     38449	80003c1c	02bfcc33	div	x24,x31,x11	 x31:0x000000a1 x11:0xf1e8b1fd x24=0x00000000
      771042000	     38450	80003c20	012000ef	jal	x1,80003c32	  x1=0x80003c24
      771102000	     38453	80003c32	0220076f	jal	x14,80003c54	 x14=0x80003c36
      771242000	     38460	80003c54	ff9ff0ef	jal	x1,80003c4c	  x1=0x80003c58
      772162000	     38506	80003c4c	bfe1	c.j	80003c24	
      772202000	     38508	80003c24	034000ef	jal	x1,80003c58	  x1=0x80003c28
      772242000	     38510	80003c58	3fd1	c.jal	80003c2c	  x1=0x80003c5a
      772282000	     38512	80003c2c	2831	c.jal	80003c48	  x1=0x80003c2e
      772322000	     38514	80003c48	a831	c.j	80003c64	
      772362000	     38516	80003c64	bffd	c.j	80003c62	
      772402000	     38518	80003c62	37cd	c.jal	80003c44	  x1=0x80003c64
      772462000	     38521	80003c44	bfe5	c.j	80003c3c	
      772522000	     38524	80003c3c	a009	c.j	80003c3e	
      772582000	     38527	80003c3e	a809	c.j	80003c50	
      772622000	     38529	80003c50	2009	c.jal	80003c52	  x1=0x80003c52
      772702000	     38533	80003c52	3fd9	c.jal	80003c28	  x1=0x80003c54
      772762000	     38536	80003c28	03e000ef	jal	x1,80003c66	  x1=0x80003c2c
      772822000	     38539	80003c66	bfed	c.j	80003c60	
      772882000	     38542	80003c60	b7fd	c.j	80003c4e	
      772942000	     38545	80003c4e	3fe5	c.jal	80003c46	  x1=0x80003c50
      773002000	     38548	80003c46	3fcd	c.jal	80003c38	  x1=0x80003c48
      773042000	     38550	80003c38	0260026f	jal	x4,80003c5e	  x4=0x80003c3c
      773122000	     38554	80003c5e	37d5	c.jal	80003c42	  x1=0x80003c60
      773182000	     38557	80003c42	a021	c.j	80003c4a	
      773242000	     38560	80003c4a	2839	c.jal	80003c68	  x1=0x80003c4c
      773282000	     38562	80003c68	fc9ff36f	jal	x6,80003c30	  x6=0x80003c6c
      773322000	     38564	80003c30	a019	c.j	80003c36	
      773382000	     38567	80003c36	2015	c.jal	80003c5a	  x1=0x80003c38
      773442000	     38570	80003c5a	fd5ff36f	jal	x6,80003c2e	  x6=0x80003c5e
      773502000	     38573	80003c2e	a809	c.j	80003c40	
      773542000	     38575	80003c40	2035	c.jal	80003c6c	  x1=0x80003c42
      773582000	     38577	80003c6c	0163d433	srl	x8,x7,x22	  x7:0x80003a70 x22:0x0001f000  x8=0x80003a70
      773602000	     38578	80003c70	010000ef	jal	x1,80003c80	  x1=0x80003c74
      774882000	     38642	80003c80	0040066f	jal	x12,80003c84	 x12=0x80003c84
      775462000	     38671	80003c84	a801	c.j	80003c94	
      775522000	     38674	80003c94	3fed	c.jal	80003c8e	  x1=0x80003c96
      775582000	     38677	80003c8e	bfc5	c.j	80003c7e	
      775642000	     38680	80003c7e	2809	c.jal	80003c90	  x1=0x80003c80
      775702000	     38683	80003c90	3ff5	c.jal	80003c8c	  x1=0x80003c92
      775762000	     38686	80003c8c	3ffd	c.jal	80003c8a	  x1=0x80003c8e
      775822000	     38689	80003c8a	b7f5	c.j	80003c76	
      775882000	     38692	80003c76	a03d	c.j	80003ca4	
      784322000	     39114	80003ca4	3fc1	c.jal	80003c74	  x1=0x80003ca6
      784362000	     39116	80003c74	a809	c.j	80003c86	
      784402000	     39118	80003c86	2801	c.jal	80003c96	  x1=0x80003c88
      784442000	     39120	80003c96	a009	c.j	80003c98	
      784482000	     39122	80003c98	b7cd	c.j	80003c7a	
      784522000	     39124	80003c7a	3ffd	c.jal	80003c78	  x1=0x80003c7c
      784602000	     39128	80003c78	2829	c.jal	80003c92	  x1=0x80003c7a
      784662000	     39131	80003c92	3fdd	c.jal	80003c88	  x1=0x80003c94
      784722000	     39134	80003c88	2829	c.jal	80003ca2	  x1=0x80003c8a
      784782000	     39137	80003ca2	bff5	c.j	80003c9e	
      784862000	     39141	80003c9e	0080036f	jal	x6,80003ca6	  x6=0x80003ca2
      784902000	     39143	80003ca6	3fd5	c.jal	80003c9a	  x1=0x80003ca8
      784982000	     39147	80003c9a	2009	c.jal	80003c9c	  x1=0x80003c9c
      785022000	     39149	80003c9c	b7c5	c.j	80003c7c	
      785062000	     39151	80003c7c	2035	c.jal	80003ca8	  x1=0x80003c7e
      785102000	     39153	80003ca8	026e8cb3	mul	x25,x29,x6	 x29:0x00000000  x6:0x80003ca2 x25=0x00000000
      785122000	     39154	80003cac	030000ef	jal	x1,80003cdc	  x1=0x80003cb0
      785502000	     39173	80003cdc	ffbffc6f	jal	x24,80003cd6	 x24=0x80003ce0
      786182000	     39207	80003cd6	fe7ff36f	jal	x6,80003cbc	  x6=0x80003cda
      786222000	     39209	80003cbc	ff9ff0ef	jal	x1,80003cb4	  x1=0x80003cc0
      786262000	     39211	80003cb4	a031	c.j	80003cc0	
      787162000	     39256	80003cc0	280d	c.jal	80003cf2	  x1=0x80003cc2
      787822000	     39289	80003cf2	3ff9	c.jal	80003cd0	  x1=0x80003cf4
      787882000	     39292	80003cd0	ff9ff0ef	jal	x1,80003cc8	  x1=0x80003cd4
      787942000	     39295	80003cc8	02c0036f	jal	x6,80003cf4	  x6=0x80003ccc
      787982000	     39297	80003cf4	fefff0ef	jal	x1,80003ce2	  x1=0x80003cf8
      788022000	     39299	80003ce2	a019	c.j	80003ce8	
      788062000	     39301	80003ce8	3fcd	c.jal	80003cda	  x1=0x80003cea
      788142000	     39305	80003cda	3fcd	c.jal	80003ccc	  x1=0x80003cdc
      788202000	     39308	80003ccc	2811	c.jal	80003ce0	  x1=0x80003cce
      788262000	     39311	80003ce0	2019	c.jal	80003ce6	  x1=0x80003ce2
      788322000	     39314	80003ce6	3fc1	c.jal	80003cb6	  x1=0x80003ce8
      788362000	     39316	80003cb6	2815	c.jal	80003cea	  x1=0x80003cb8
      788402000	     39318	80003cea	b7d5	c.j	80003cce	
      788442000	     39320	80003cce	b7ed	c.j	80003cb8	
      788522000	     39324	80003cb8	a831	c.j	80003cd4	
      788582000	     39327	80003cd4	201d	c.jal	80003cfa	  x1=0x80003cd6
      788662000	     39331	80003cfa	fc1ff0ef	jal	x1,80003cba	  x1=0x80003cfe
      788722000	     39334	80003cba	a83d	c.j	80003cf8	
      788782000	     39337	80003cf8	bf65	c.j	80003cb0	
      788842000	     39340	80003cb0	034000ef	jal	x1,80003ce4	  x1=0x80003cb4
      788902000	     39343	80003ce4	b7c5	c.j	80003cc4	
      788962000	     39346	80003cc4	028000ef	jal	x1,80003cec	  x1=0x80003cc8
      789022000	     39349	80003cec	bfd9	c.j	80003cc2	
      789062000	     39351	80003cc2	a035	c.j	80003cee	
      789122000	     39354	80003cee	010000ef	jal	x1,80003cfe	  x1=0x80003cf2
      789182000	     39357	80003cfe	26403193	sltiu	x3,x0,612	  x0:0x00000000  x3=0x00000001
      789202000	     39358	80003d02	022000ef	jal	x1,80003d24	  x1=0x80003d06
      789642000	     39380	80003d24	ffdff0ef	jal	x1,80003d20	  x1=0x80003d28
      790262000	     39411	80003d20	3fd5	c.jal	80003d14	  x1=0x80003d22
      790962000	     39446	80003d14	0060036f	jal	x6,80003d1a	  x6=0x80003d18
      791162000	     39456	80003d1a	2009	c.jal	80003d1c	  x1=0x80003d1c
      791222000	     39459	80003d1c	2009	c.jal	80003d1e	  x1=0x80003d1e
      791262000	     39461	80003d1e	37ed	c.jal	80003d08	  x1=0x80003d20
      791302000	     39463	80003d08	010002ef	jal	x5,80003d18	  x5=0x80003d0c
      791342000	     39465	80003d18	a801	c.j	80003d28	
      791382000	     39467	80003d28	bff9	c.j	80003d06	
      791422000	     39469	80003d06	a029	c.j	80003d10	
      791462000	     39471	80003d10	ffdff16f	jal	x2,80003d0c	  x2=0x80003d14
      791502000	     39473	80003d0c	01e0036f	jal	x6,80003d2a	  x6=0x80003d10
      791542000	     39475	80003d2a	3fe5	c.jal	80003d22	  x1=0x80003d2c
      791582000	     39477	80003d22	2029	c.jal	80003d2c	  x1=0x80003d24
      791622000	     39479	80003d2c	8456	c.mv	x8,x21	  x0:0x00000000 x21:0x00000000  x8=0x00000000
      791642000	     39480	80003d2e	014000ef	jal	x1,80003d42	  x1=0x80003d32
      792222000	     39509	80003d42	a02d	c.j	80003d6c	
      792542000	     39525	80003d6c	37e9	c.jal	80003d36	  x1=0x80003d6e
      792602000	     39528	80003d36	2819	c.jal	80003d4c	  x1=0x80003d38
      792662000	     39531	80003d4c	a029	c.j	80003d56	
      793222000	     39559	80003d56	014000ef	jal	x1,80003d6a	  x1=0x80003d5a
      793262000	     39561	80003d6a	b7d5	c.j	80003d4e	
      793342000	     39565	80003d4e	37f5	c.jal	80003d3a	  x1=0x80003d50
      793422000	     39569	80003d3a	022000ef	jal	x1,80003d5c	  x1=0x80003d3e
      793482000	     39572	80003d5c	fedff0ef	jal	x1,80003d48	  x1=0x80003d60
      793542000	     39575	80003d48	b7ed	c.j	80003d32	
      793622000	     39579	80003d32	03c000ef	jal	x1,80003d6e	  x1=0x80003d36
      793682000	     39582	80003d6e	b7cd	c.j	80003d50	
      793722000	     39584	80003d50	0240016f	jal	x2,80003d74	  x2=0x80003d54
      793762000	     39586	80003d74	b7d1	c.j	80003d38	
      793802000	     39588	80003d38	2019	c.jal	80003d3e	  x1=0x80003d3a
      793842000	     39590	80003d3e	200d	c.jal	80003d60	  x1=0x80003d40
      793882000	     39592	80003d60	2011	c.jal	80003d64	  x1=0x80003d62
      793922000	     39594	80003d64	fddff86f	jal	x16,80003d40	 x16=0x80003d68
      793962000	     39596	80003d40	2829	c.jal	80003d5a	  x1=0x80003d42
      794002000	     39598	80003d5a	2021	c.jal	80003d62	  x1=0x80003d5c
      794042000	     39600	80003d62	37cd	c.jal	80003d44	  x1=0x80003d64
      794082000	     39602	80003d44	0100026f	jal	x4,80003d54	  x4=0x80003d48
      794122000	     39604	80003d54	a811	c.j	80003d68	
      794282000	     39612	80003d68	b7cd	c.j	80003d4a	
      794342000	     39615	80003d4a	201d	c.jal	80003d70	  x1=0x80003d4c
      794402000	     39618	80003d70	006000ef	jal	x1,80003d76	  x1=0x80003d74
      794462000	     39621	80003d76	828a	c.mv	x5,x2	  x0:0x00000000  x2:0x80003d54  x5=0x80003d54
      794482000	     39622	80003d78	01e000ef	jal	x1,80003d96	  x1=0x80003d7c
      795442000	     39670	80003d96	a029	c.j	80003da0	
      795802000	     39688	80003da0	bffd	c.j	80003d9e	
      795842000	     39690	80003d9e	3ff5	c.jal	80003d9a	  x1=0x80003da0
      795902000	     39693	80003d9a	3fed	c.jal	80003d94	  x1=0x80003d9c
      795962000	     39696	80003d94	2011	c.jal	80003d98	  x1=0x80003d96
      796022000	     39699	80003d98	a039	c.j	80003da6	
      796082000	     39702	80003da6	2009	c.jal	80003da8	  x1=0x80003da8
      796562000	     39726	80003da8	bfd5	c.j	80003d9c	
      796602000	     39728	80003d9c	b7c5	c.j	80003d7c	
      796662000	     39731	80003d7c	a031	c.j	80003d88	
      797262000	     39761	80003d88	3fe5	c.jal	80003d80	  x1=0x80003d8a
      797542000	     39775	80003d80	a009	c.j	80003d82	
      798442000	     39820	80003d82	ffdff46f	jal	x8,80003d7e	  x8=0x80003d86
      798482000	     39822	80003d7e	2809	c.jal	80003d90	  x1=0x80003d80
      798522000	     39824	80003d90	0120086f	jal	x16,80003da2	 x16=0x80003d94
      798562000	     39826	80003da2	b7d5	c.j	80003d86	
      798602000	     39828	80003d86	2019	c.jal	80003d8c	  x1=0x80003d88
      798642000	     39830	80003d8c	018000ef	jal	x1,80003da4	  x1=0x80003d90
      798702000	     39833	80003da4	b7dd	c.j	80003d8a	
      798762000	     39836	80003d8a	2005	c.jal	80003daa	  x1=0x80003d8c
      798822000	     39839	80003daa	ca00ae93	slti	x29,x1,-864	  x1:0x80003d8c x29=0x00000001
      798842000	     39840	80003dae	00c000ef	jal	x1,80003dba	  x1=0x80003db2
      798882000	     39842	80003dba	a031	c.j	80003dc6	
      800342000	     39915	80003dc6	004000ef	jal	x1,80003dca	  x1=0x80003dca
      801462000	     39971	80003dca	fedff0ef	jal	x1,80003db6	  x1=0x80003dce
      801562000	     39976	80003db6	fffff36f	jal	x6,80003db4	  x6=0x80003dba
      801622000	     39979	80003db4	a031	c.j	80003dc0	
      801682000	     39982	80003dc0	2009	c.jal	80003dc2	  x1=0x80003dc2
      801762000	     39986	80003dc2	ffdff0ef	jal	x1,80003dbe	  x1=0x80003dc6
      801822000	     39989	80003dbe	3ffd	c.jal	80003dbc	  x1=0x80003dc0
      801882000	     39992	80003dbc	3fdd	c.jal	80003db2	  x1=0x80003dbe
      801942000	     39995	80003db2	a831	c.j	80003dce	
      802022000	     39999	80003dce	61583113	sltiu	x2,x16,1557	 x16:0x80003d94  x2=0x00000000
      802042000	     40000	80003dd2	00a000ef	jal	x1,80003ddc	  x1=0x80003dd6
      802102000	     40003	80003ddc	a029	c.j	80003de6	
      803102000	     40053	80003de6	004002ef	jal	x5,80003dea	  x5=0x80003dea
      804022000	     40099	80003dea	010001ef	jal	x3,80003dfa	  x3=0x80003dee
      804082000	     40102	80003dfa	ffdffcef	jal	x25,80003df6	 x25=0x80003dfe
      804342000	     40115	80003df6	fe1ff0ef	jal	x1,80003dd6	  x1=0x80003dfa
      804402000	     40118	80003dd6	2831	c.jal	80003df2	  x1=0x80003dd8
      804442000	     40120	80003df2	3ff5	c.jal	80003dee	  x1=0x80003df4
      804502000	     40123	80003dee	ff1ff0ef	jal	x1,80003dde	  x1=0x80003df2
      804542000	     40125	80003dde	200d	c.jal	80003e00	  x1=0x80003de0
      804602000	     40128	80003e00	bfe1	c.j	80003dd8	
      804642000	     40130	80003dd8	0080036f	jal	x6,80003de0	  x6=0x80003ddc
      804702000	     40133	80003de0	0220036f	jal	x6,80003e02	  x6=0x80003de4
      805422000	     40169	80003e02	bfcd	c.j	80003df4	
      805462000	     40171	80003df4	3fc5	c.jal	80003de4	  x1=0x80003df6
      805522000	     40174	80003de4	a829	c.j	80003dfe	
      805582000	     40177	80003dfe	2019	c.jal	80003e04	  x1=0x80003e00
      805642000	     40180	80003e04	01475893	srli	x17,x14,0x14	 x14:0x80003c36 x17=0x00000800
      805662000	     40181	80003e08	01a000ef	jal	x1,80003e22	  x1=0x80003e0c
      806502000	     40223	80003e22	0240036f	jal	x6,80003e46	  x6=0x80003e26
      806842000	     40240	80003e46	2029	c.jal	80003e50	  x1=0x80003e48
      807602000	     40278	80003e50	ffbff36f	jal	x6,80003e4a	  x6=0x80003e54
      807642000	     40280	80003e4a	3fc9	c.jal	80003e1c	  x1=0x80003e4c
      808702000	     40333	80003e1c	3fc5	c.jal	80003e0c	  x1=0x80003e1e
      808742000	     40335	80003e0c	2805	c.jal	80003e3c	  x1=0x80003e0e
      808982000	     40347	80003e3c	3fd5	c.jal	80003e30	  x1=0x80003e3e
      809022000	     40349	80003e30	006000ef	jal	x1,80003e36	  x1=0x80003e34
      809062000	     40351	80003e36	bfdd	c.j	80003e2c	
      809122000	     40354	80003e2c	fe3ff0ef	jal	x1,80003e0e	  x1=0x80003e30
      809182000	     40357	80003e0e	a80d	c.j	80003e40	
      809242000	     40360	80003e40	febff0ef	jal	x1,80003e2a	  x1=0x80003e44
      809302000	     40363	80003e2a	200d	c.jal	80003e4c	  x1=0x80003e2c
      809362000	     40366	80003e4c	fc5ff0ef	jal	x1,80003e10	  x1=0x80003e50
      809422000	     40369	80003e10	a019	c.j	80003e16	
      809482000	     40372	80003e16	028000ef	jal	x1,80003e3e	  x1=0x80003e1a
      809542000	     40375	80003e3e	b7cd	c.j	80003e20	
      809602000	     40378	80003e20	2015	c.jal	80003e44	  x1=0x80003e22
      809642000	     40380	80003e44	3fc5	c.jal	80003e34	  x1=0x80003e46
      809682000	     40382	80003e34	a811	c.j	80003e48	
      809722000	     40384	80003e48	bfc9	c.j	80003e1a	
      809762000	     40386	80003e1a	bfe5	c.j	80003e12	
      809822000	     40389	80003e12	016000ef	jal	x1,80003e28	  x1=0x80003e16
      809882000	     40392	80003e28	2801	c.jal	80003e38	  x1=0x80003e2a
      809942000	     40395	80003e38	fe7fff6f	jal	x30,80003e1e	 x30=0x80003e3c
      810002000	     40398	80003e1e	a021	c.j	80003e26	
      810062000	     40401	80003e26	203d	c.jal	80003e54	  x1=0x80003e28
      810122000	     40404	80003e54	5061c893	xori	x17,x3,1286	  x3:0x80003dee x17=0x800038e8
      810142000	     40405	80003e58	01c000ef	jal	x1,80003e74	  x1=0x80003e5c
      810642000	     40430	80003e74	3ff5	c.jal	80003e70	  x1=0x80003e76
      811262000	     40461	80003e70	2021	c.jal	80003e78	  x1=0x80003e72
      811302000	     40463	80003e78	a00d	c.j	80003e9a	
      812482000	     40522	80003e9a	ffdff9ef	jal	x19,80003e96	 x19=0x80003e9e
      813182000	     40557	80003e96	ff5ff86f	jal	x16,80003e8a	 x16=0x80003e9a
      813262000	     40561	80003e8a	37e5	c.jal	80003e72	  x1=0x80003e8c
      813322000	     40564	80003e72	a035	c.j	80003e9e	
      813382000	     40567	80003e9e	bfe1	c.j	80003e76	
      813442000	     40570	80003e76	a021	c.j	80003e7e	
      813502000	     40573	80003e7e	37f5	c.jal	80003e6a	  x1=0x80003e80
      814542000	     40625	80003e6a	bfcd	c.j	80003e5c	
      814582000	     40627	80003e5c	01000d6f	jal	x26,80003e6c	 x26=0x80003e60
      814842000	     40640	80003e6c	024000ef	jal	x1,80003e90	  x1=0x80003e70
      814882000	     40642	80003e90	3ff5	c.jal	80003e8c	  x1=0x80003e92
      814922000	     40644	80003e8c	bfdd	c.j	80003e82	
      814962000	     40646	80003e82	bfed	c.j	80003e7c	
      815002000	     40648	80003e7c	2029	c.jal	80003e86	  x1=0x80003e7e
      815042000	     40650	80003e86	a031	c.j	80003e92	
      815202000	     40658	80003e92	fefff0ef	jal	x1,80003e80	  x1=0x80003e96
      815262000	     40661	80003e80	37c5	c.jal	80003e60	  x1=0x80003e82
      815322000	     40664	80003e60	a829	c.j	80003e7a	
      815382000	     40667	80003e7a	2811	c.jal	80003e8e	  x1=0x80003e7c
      815442000	     40670	80003e8e	3fdd	c.jal	80003e84	  x1=0x80003e90
      815502000	     40673	80003e84	b7cd	c.j	80003e66	
      815582000	     40677	80003e66	ffdff36f	jal	x6,80003e62	  x6=0x80003e6a
      815642000	     40680	80003e62	0260036f	jal	x6,80003e88	  x6=0x80003e66
      815702000	     40683	80003e88	a821	c.j	80003ea0	
      815762000	     40686	80003ea0	98fd	c.andi	x9,-1	  x9:0x8000374c  x9=0x8000374c
      815782000	     40687	80003ea2	034000ef	jal	x1,80003ed6	  x1=0x80003ea6
      815962000	     40696	80003ed6	3fe9	c.jal	80003eb0	  x1=0x80003ed8
      816002000	     40698	80003eb0	ffbff0ef	jal	x1,80003eaa	  x1=0x80003eb4
      816062000	     40701	80003eaa	a839	c.j	80003ec8	
      817242000	     40760	80003ec8	bffd	c.j	80003ec6	
      817722000	     40784	80003ec6	a031	c.j	80003ed2	
      817762000	     40786	80003ed2	b7f5	c.j	80003ebe	
      818362000	     40816	80003ebe	03400fef	jal	x31,80003ef2	 x31=0x80003ec2
      818442000	     40820	80003ef2	a011	c.j	80003ef6	
      858942000	     42845	80003ef6	b7e5	c.j	80003ede	
      859002000	     42848	80003ede	0120036f	jal	x6,80003ef0	  x6=0x80003ee2
      859042000	     42850	80003ef0	3fcd	c.jal	80003ee2	  x1=0x80003ef2
      859102000	     42853	80003ee2	bfed	c.j	80003edc	
      859162000	     42856	80003edc	2801	c.jal	80003eec	  x1=0x80003ede
      859542000	     42875	80003eec	fcfff0ef	jal	x1,80003eba	  x1=0x80003ef0
      859622000	     42879	80003eba	01e0036f	jal	x6,80003ed8	  x6=0x80003ebe
      859682000	     42882	80003ed8	3ff1	c.jal	80003eb4	  x1=0x80003eda
      859722000	     42884	80003eb4	a801	c.j	80003ec4	
      859762000	     42886	80003ec4	a015	c.j	80003ee8	
      859802000	     42888	80003ee8	00c0036f	jal	x6,80003ef4	  x6=0x80003eec
      859842000	     42890	80003ef4	b7f9	c.j	80003ec2	
      859882000	     42892	80003ec2	b7ed	c.j	80003eac	
      859922000	     42894	80003eac	ffbff0ef	jal	x1,80003ea6	  x1=0x80003eb0
      860002000	     42898	80003ea6	040000ef	jal	x1,80003ee6	  x1=0x80003eaa
      860062000	     42901	80003ee6	37fd	c.jal	80003ed4	  x1=0x80003ee8
      860102000	     42903	80003ed4	3fed	c.jal	80003ece	  x1=0x80003ed6
      860162000	     42906	80003ece	016001ef	jal	x3,80003ee4	  x3=0x80003ed2
      860222000	     42909	80003ee4	bfdd	c.j	80003eda	
      860262000	     42911	80003eda	bfc5	c.j	80003eca	
      860322000	     42914	80003eca	fedff36f	jal	x6,80003eb6	  x6=0x80003ece
      860402000	     42918	80003eb6	04200fef	jal	x31,80003ef8	 x31=0x80003eba
      860442000	     42920	80003ef8	8dd6	c.mv	x27,x21	  x0:0x00000000 x21:0x00000000 x27=0x00000000
      860462000	     42921	80003efa	ffb77013	andi	x0,x14,-5	 x14:0x80003c36  x0=0x00000000
      860482000	     42922	80003efe	eb81	c.bnez	x15,80003f0e	 x15:0xffffffff
      860942000	     42945	80003f0e	002f7d63	bgeu	x30,x2,80003f28	 x30:0x80003e3c  x2:0x00000000
      861422000	     42969	80003f28	a9092b13	slti	x22,x18,-1392	 x18:0x80003bd4 x22=0x00000001
      861522000	     42974	80003f2c	80d9	c.srli	x9,0x16	  x9:0x8000374c  x9=0x00000200
      861542000	     42975	80003f2e	1a90	c.addi4spn	x12,x2,368	 x12=0x00000170
      861942000	     42995	80003f30	cb9d	c.beqz	x15,80003f66	 x15:0xffffffff
      862702000	     43033	80003f32	039ae933	rem	x18,x21,x25	 x21:0x00000000 x25:0x80003dfe x18=0x00000000
      862722000	     43034	80003f36	012fe833	or	x16,x31,x18	 x31:0x80003eba x18:0x00000000 x16=0x80003eba
      862742000	     43035	80003f3a	01775133	srl	x2,x14,x23	 x14:0x80003c36 x23:0x8001fe24  x2=0x080003c3
      862762000	     43036	80003f3e	013fd313	srli	x6,x31,0x13	 x31:0x80003eba  x6=0x00001000
      862782000	     43037	80003f42	00fe7eb3	and	x29,x28,x15	 x28:0x80003a38 x15:0xffffffff x29=0x80003a38
      862802000	     43038	80003f46	50fd	c.li	x1,-1	  x1=0xffffffff
      863542000	     43075	80003f48	02c64933	div	x18,x12,x12	 x12:0x00000170 x12:0x00000170 x18=0x00000001
      863562000	     43076	80003f4c	8671	c.srai	x12,0x1c	 x12:0x00000170 x12=0x00000000
      863582000	     43077	80003f4e	cf85	c.beqz	x15,80003f86	 x15:0xffffffff
      863602000	     43078	80003f50	cc67f037	lui	x0,0xcc67f	  x0=0x00000000
      863622000	     43079	80003f54	9e6a	c.add	x28,x26	 x28:0x80003a38 x26:0x80003e60 x28=0x00007898
      863642000	     43080	80003f56	c21d	c.beqz	x12,80003f7c	 x12:0x00000000
      863922000	     43094	80003f7c	8e2a	c.mv	x28,x10	  x0:0x00000000 x10:0x8000373c x28=0x8000373c
      863942000	     43095	80003f7e	0001	c.addi	x0,0	  x0:0x00000000  x0=0x00000000
      864002000	     43098	80003f80	8ce9	c.and	x9,x10	  x9:0x00000200 x10:0x8000373c  x9=0x00000200
      864142000	     43105	80003f82	4080da93	srai	x21,x1,0x8	  x1:0xffffffff x21=0xffffffff
      864162000	     43106	80003f86	8fe5	c.and	x15,x9	 x15:0xffffffff  x9:0x00000200 x15=0x00000200
      864262000	     43111	80003f88	916e	c.add	x2,x27	  x2:0x080003c3 x27:0x00000000  x2=0x080003c3
      864282000	     43112	80003f8a	71353993	sltiu	x19,x10,1811	 x10:0x8000373c x19=0x00000000
      864302000	     43113	80003f8e	0000100f	fence.i	
      865202000	     43158	80003f92	c629	c.beqz	x12,80003fdc	 x12:0x00000000
      866062000	     43201	80003fdc	c6c72c13	slti	x24,x14,-916	 x14:0x80003c36 x24=0x00000001
      866802000	     43238	80003fe0	035979b3	remu	x19,x18,x21	 x18:0x00000001 x21:0xffffffff x19=0x00000001
      866822000	     43239	80003fe4	8c85	c.sub	x9,x9	  x9:0x00000200  x9:0x00000200  x9=0x00000000
      866842000	     43240	80003fe6	417e5893	srai	x17,x28,0x17	 x28:0x8000373c x17=0xffffff00
      866862000	     43241	80003fea	00715763	bge	x2,x7,80003ff8	  x2:0x080003c3  x7:0x80003a70
      867522000	     43274	80003ff8	0d0a	c.slli	x26,0x2	 x26:0x80003e60 x26=0x0000f980
      867542000	     43275	80003ffa	e791	c.bnez	x15,80004006	 x15:0x00000200
      868362000	     43316	80004006	0001	c.addi	x0,0	  x0:0x00000000  x0=0x00000000
      868382000	     43317	80004008	00f6f463	bgeu	x13,x15,80004010	 x13:0x80023ce4 x15:0x00000200
      869522000	     43374	80004010	02a39db3	mulh	x27,x7,x10	  x7:0x80003a70 x10:0x8000373c x27=0x3fffc72a
      869542000	     43375	80004014	0789	c.addi	x15,2	 x15:0x00000200 x15=0x00000202
      869562000	     43376	80004016	8259	c.srli	x12,0x16	 x12:0x00000000 x12=0x00000000
      869622000	     43379	80004018	5ffd	c.li	x31,-1	 x31=0xffffffff
      869642000	     43380	8000401a	5cd6e093	ori	x1,x13,1485	 x13:0x80023ce4  x1=0x80023ded
      870782000	     43437	8000401e	02e06633	rem	x12,x0,x14	  x0:0x00000000 x14:0x80003c36 x12=0x00000000
      871522000	     43474	80004022	0283d4b3	divu	x9,x7,x8	  x7:0x80003a70  x8:0x80003d86  x9=0x00000000
      871542000	     43475	80004026	007e8b33	add	x22,x29,x7	 x29:0x80003a38  x7:0x80003a70 x22=0x000074a8
      871562000	     43476	8000402a	01fd9433	sll	x8,x27,x31	 x27:0x3fffc72a x31:0xffffffff  x8=0x00000000
      871582000	     43477	8000402e	05c97793	andi	x15,x18,92	 x18:0x00000001 x15=0x00000000
      871602000	     43478	80004032	6409a713	slti	x14,x19,1600	 x19:0x00000001 x14=0x00000001
      871622000	     43479	80004036	2fd0d1b7	lui	x3,0x2fd0d	  x3=0x2fd0d000
      872362000	     43516	8000403a	02da4033	div	x0,x20,x13	 x20:0x800038aa x13:0x80023ce4  x0=0x00000000
      872382000	     43517	8000403e	00c06e33	or	x28,x0,x12	  x0:0x00000000 x12:0x00000000 x28=0x00000000
      872402000	     43518	80004042	0d0e	c.slli	x26,0x3	 x26:0x0000f980 x26=0x0007cc00
      872422000	     43519	80004044	01f50c63	beq	x10,x31,8000405c	 x10:0x8000373c x31:0xffffffff
      872442000	     43520	80004048	8cc2	c.mv	x25,x16	  x0:0x00000000 x16:0x80003eba x25=0x80003eba
      872462000	     43521	8000404a	7c7434b7	lui	x9,0x7c743	  x9=0x7c743000
      872482000	     43522	8000404e	8d69	c.and	x10,x10	 x10:0x8000373c x10:0x8000373c x10=0x8000373c
      872502000	     43523	80004050	6179	c.addi16sp	x2,464	  x2:0x080003c3  x2=0x08000593
      872522000	     43524	80004052	e899	c.bnez	x9,80004068	  x9:0x7c743000
      873242000	     43560	80004068	e389	c.bnez	x15,8000406a	 x15:0x00000000
      873662000	     43581	8000406a	00f3d563	bge	x7,x15,80004074	  x7:0x80003a70 x15:0x00000000
      873682000	     43582	8000406e	0050f563	bgeu	x1,x5,80004078	  x1:0x80023ded  x5:0x80003dea
      874322000	     43614	80004078	e515	c.bnez	x10,800040a4	 x10:0x8000373c
      874842000	     43640	800040a4	00641563	bne	x8,x6,800040ae	  x8:0x00000000  x6:0x00001000
      875702000	     43683	800040ae	02d57563	bgeu	x10,x13,800040d8	 x10:0x8000373c x13:0x80023ce4
      875922000	     43694	800040b2	03bac663	blt	x21,x27,800040de	 x21:0xffffffff x27:0x3fffc72a
      876982000	     43747	800040de	02541cb3	mulh	x25,x8,x5	  x8:0x00000000  x5:0x80003dea x25=0x00000000
      877002000	     43748	800040e2	717d	c.addi16sp	x2,-16	  x2:0x08000593  x2=0x08000583
      877022000	     43749	800040e4	8c8d	c.sub	x9,x11	  x9:0x7c743000 x11:0xf1e8b1fd  x9=0x8a8b7e03
      877042000	     43750	800040e6	84a2	c.mv	x9,x8	  x0:0x00000000  x8:0x00000000  x9=0x00000000
      877142000	     43755	800040e8	7285fe93	andi	x29,x11,1832	 x11:0xf1e8b1fd x29=0x00000128
      877162000	     43756	800040ec	aeb2e713	ori	x14,x5,-1301	  x5:0x80003dea x14=0xffffffeb
      877322000	     43764	800040f0	80aa	c.mv	x1,x10	  x0:0x00000000 x10:0x8000373c  x1=0x8000373c
      877742000	     43785	800040f2	2423ca13	xori	x20,x7,578	  x7:0x80003a70 x20=0x80003832
      877882000	     43792	800040f6	02c8af93	slti	x31,x17,44	 x17:0xffffff00 x31=0x00000001
      878082000	     43802	800040fa	9b634293	xori	x5,x6,-1610	  x6:0x00001000  x5=0xffffe9b6
      878102000	     43803	800040fe	8cad	c.xor	x9,x11	  x9:0x00000000 x11:0xf1e8b1fd  x9=0xf1e8b1fd
      879102000	     43853	80004100	02dacdb3	div	x27,x21,x13	 x21:0xffffffff x13:0x80023ce4 x27=0x00000000
      879122000	     43854	80004104	000940b3	xor	x1,x18,x0	 x18:0x00000001  x0:0x00000000  x1=0x00000001
      879142000	     43855	80004108	80bd	c.srli	x9,0xf	  x9:0xf1e8b1fd  x9=0x0001e3d1
      879162000	     43856	8000410a	01c8de13	srli	x28,x17,0x1c	 x17:0xffffff00 x28=0x0000000f
      879182000	     43857	8000410e	7ce3b613	sltiu	x12,x7,1998	  x7:0x80003a70 x12=0x00000000
      879222000	     43859	80004112	02e8a033	mulhsu	x0,x17,x14	 x17:0xffffff00 x14:0xffffffeb  x0=0x00000000
      879962000	     43896	80004116	037de633	rem	x12,x27,x23	 x27:0x00000000 x23:0x8001fe24 x12=0x00000000
      879982000	     43897	8000411a	0190d893	srli	x17,x1,0x19	  x1:0x00000001 x17=0x00000000
      880022000	     43899	8000411e	02a1b8b3	mulhu	x17,x3,x10	  x3:0x2fd0d000 x10:0x8000373c x17=0x17e87251
      880042000	     43900	80004122	01346133	or	x2,x8,x19	  x8:0x00000000 x19:0x00000001  x2=0x00000001
      880062000	     43901	80004126	0001	c.addi	x0,0	  x0:0x00000000  x0=0x00000000
      880082000	     43902	80004128	416b52b3	sra	x5,x22,x22	 x22:0x000074a8 x22:0x000074a8  x5=0x00000074
      880102000	     43903	8000412c	4157d833	sra	x16,x15,x21	 x15:0x00000000 x21:0xffffffff x16=0x00000000
      880322000	     43914	80004130	41e554b3	sra	x9,x10,x30	 x10:0x8000373c x30:0x80003e3c  x9=0xfffffff8
      880342000	     43915	80004134	8c11	c.sub	x8,x12	  x8:0x00000000 x12:0x00000000  x8=0x00000000
      880762000	     43936	80004136	02f00eb3	mul	x29,x0,x15	  x0:0x00000000 x15:0x00000000 x29=0x00000000
      880782000	     43937	8000413a	717d	c.addi16sp	x2,-16	  x2:0x00000001  x2=0xfffffff1
      880882000	     43942	8000413c	009c0f33	add	x30,x24,x9	 x24:0x00000001  x9:0xfffffff8 x30=0xfffffff9
      881022000	     43949	80004140	0656	c.slli	x12,0x15	 x12:0x00000000 x12=0x00000000
      881042000	     43950	80004142	8475	c.srai	x8,0x1d	  x8:0x00000000  x8=0x00000000
      881222000	     43959	80004144	abeb2013	slti	x0,x22,-1346	 x22:0x000074a8  x0=0x00000000
      881402000	     43968	80004148	c5f2f013	andi	x0,x5,-929	  x5:0x00000074  x0=0x00000000
      881422000	     43969	8000414c	be2c3393	sltiu	x7,x24,-1054	 x24:0x00000001  x7=0x00000001
      881502000	     43973	80004150	909e	c.add	x1,x7	  x1:0x00000001  x7:0x00000001  x1=0x00000002
      881522000	     43974	80004152	4c6e7293	andi	x5,x28,1222	 x28:0x0000000f  x5=0x00000006
      881582000	     43977	80004156	00a49863	bne	x9,x10,80004166	  x9:0xfffffff8 x10:0x8000373c
      883222000	     44059	80004166	02bbe2b3	rem	x5,x23,x11	 x23:0x8001fe24 x11:0xf1e8b1fd  x5=0xfed3bc3f
      883242000	     44060	8000416a	84e5	c.srai	x9,0x19	  x9:0xfffffff8  x9=0xffffffff
      883982000	     44097	8000416c	023478b3	remu	x17,x8,x3	  x8:0x00000000  x3:0x2fd0d000 x17=0x00000000
      884002000	     44098	80004170	84d9	c.srai	x9,0x16	  x9:0xffffffff  x9=0xffffffff
      884022000	     44099	80004172	69a5	c.lui	x19,0x9	 x19=0x00009000
      884042000	     44100	80004174	809d	c.srli	x9,0x7	  x9:0xffffffff  x9=0x01ffffff
      884062000	     44101	80004176	98fd	c.andi	x9,-1	  x9:0x01ffffff  x9=0x01ffffff
      884082000	     44102	80004178	40d45613	srai	x12,x8,0xd	  x8:0x00000000 x12=0x00000000
      884102000	     44103	8000417c	01fb0db3	add	x27,x22,x31	 x22:0x000074a8 x31:0x00000001 x27=0x000074a9
      884122000	     44104	80004180	00dc0a33	add	x20,x24,x13	 x24:0x00000001 x13:0x80023ce4 x20=0x80023ce5
      884162000	     44106	80004184	020991b3	mulh	x3,x19,x0	 x19:0x00009000  x0:0x00000000  x3=0x00000000
      884182000	     44107	80004188	416c5ab3	sra	x21,x24,x22	 x24:0x00000001 x22:0x000074a8 x21=0x00000000
      884202000	     44108	8000418c	cc19	c.beqz	x8,800041aa	  x8:0x00000000
      884922000	     44144	800041aa	0239ddb3	divu	x27,x19,x3	 x19:0x00009000  x3:0x00000000 x27=0xffffffff
      884942000	     44145	800041ae	029d4c63	blt	x26,x9,800041e6	 x26:0x0007cc00  x9:0x01ffffff
      885062000	     44151	800041e6	04c31163	bne	x6,x12,80004228	  x6:0x00001000 x12:0x00000000
      885462000	     44171	80004228	02280663	beq	x16,x2,80004254	 x16:0x00000000  x2:0xfffffff1
      885602000	     44178	8000422c	01558f63	beq	x11,x21,8000424a	 x11:0xf1e8b1fd x21:0x00000000
      886042000	     44200	80004230	02123133	mulhu	x2,x4,x1	  x4:0x80003d48  x1:0x00000002  x2=0x00000001
      886302000	     44213	80004234	ed0d	c.bnez	x10,8000426e	 x10:0x8000373c
      886982000	     44247	8000426e	022197b3	mulh	x15,x3,x2	  x3:0x00000000  x2:0x00000001 x15=0x00000000
      887002000	     44248	80004272	e501	c.bnez	x10,8000427a	 x10:0x8000373c
      887462000	     44271	8000427a	19633713	sltiu	x14,x6,406	  x6:0x00001000 x14=0x00000000
      887502000	     44273	8000427e	0262aeb3	mulhsu	x29,x5,x6	  x5:0xfed3bc3f  x6:0x00001000 x29=0xffffffed
      887522000	     44274	80004282	691d	c.lui	x18,0x7	 x18=0x00007000
      887542000	     44275	80004284	8d1d	c.sub	x10,x15	 x10:0x8000373c x15:0x00000000 x10=0x8000373c
      887562000	     44276	80004286	717d	c.addi16sp	x2,-16	  x2:0x00000001  x2=0xfffffff1
      887582000	     44277	80004288	01b019b3	sll	x19,x0,x27	  x0:0x00000000 x27:0xffffffff x19=0x00000000
      887602000	     44278	8000428c	0001	c.addi	x0,0	  x0:0x00000000  x0=0x00000000
      888022000	     44299	8000428e	02499933	mulh	x18,x19,x4	 x19:0x00000000  x4:0x80003d48 x18=0x00000000
      888042000	     44300	80004292	1990	c.addi4spn	x12,x2,240	 x12=0x000000e1
      888062000	     44301	80004294	017b1a93	slli	x21,x22,0x17	 x22:0x000074a8 x21=0x54000000
      888082000	     44302	80004298	6b61	c.lui	x22,0x18	 x22=0x00018000
      888102000	     44303	8000429a	05dfe563	bltu	x31,x29,800042e4	 x31:0x00000001 x29:0xffffffed
      888482000	     44322	800042e4	0ff0000f	fence	iorw,iorw	
      888922000	     44344	800042e8	40348233	sub	x4,x9,x3	  x9:0x01ffffff  x3:0x00000000  x4=0x01ffffff
      888942000	     44345	800042ec	19fd	c.addi	x19,-1	 x19:0x00000000 x19=0xffffffff
      888962000	     44346	800042ee	8d39	c.xor	x10,x14	 x10:0x8000373c x14:0x00000000 x10=0x8000373c
      889002000	     44348	800042f0	02301833	mulh	x16,x0,x3	  x0:0x00000000  x3:0x00000000 x16=0x00000000
      889082000	     44352	800042f4	00c5b9b3	sltu	x19,x11,x12	 x11:0xf1e8b1fd x12:0x000000e1 x19=0x00000000
      889282000	     44362	800042f8	d0b42013	slti	x0,x8,-757	  x8:0x00000000  x0=0x00000000
      889302000	     44363	800042fc	0000100f	fence.i	
      891022000	     44449	80004300	03455fb3	divu	x31,x10,x20	 x10:0x8000373c x20:0x80023ce5 x31=0x00000000
      899822000	     44889	80004304	02c35533	divu	x10,x6,x12	  x6:0x00001000 x12:0x000000e1 x10=0x00000012
      899842000	     44890	80004308	01c25c13	srli	x24,x4,0x1c	  x4:0x01ffffff x24=0x00000000
      899862000	     44891	8000430c	40b00333	sub	x6,x0,x11	  x0:0x00000000 x11:0xf1e8b1fd  x6=0x0e174e03
      899882000	     44892	80004310	004c5cb3	srl	x25,x24,x4	 x24:0x00000000  x4:0x01ffffff x25=0x00000000
      899902000	     44893	80004314	4184d033	sra	x0,x9,x24	  x9:0x01ffffff x24:0x00000000  x0=0x00000000
      899922000	     44894	80004318	ce01	c.beqz	x12,80004330	 x12:0x000000e1
      899942000	     44895	8000431a	88fd	c.andi	x9,31	  x9:0x01ffffff  x9=0x0000001f
      899982000	     44897	8000431c	026523b3	mulhsu	x7,x10,x6	 x10:0x00000012  x6:0x0e174e03  x7=0x00000000
      900282000	     44912	80004320	67f1	c.lui	x15,0x1c	 x15=0x0001c000
      900382000	     44917	80004322	0339a833	mulhsu	x16,x19,x19	 x19:0x00000000 x19:0x00000000 x16=0x00000000
      900402000	     44918	80004326	00bae033	or	x0,x21,x11	 x21:0x54000000 x11:0xf1e8b1fd  x0=0x00000000
      900422000	     44919	8000432a	eb15	c.bnez	x14,8000435e	 x14:0x00000000
      900442000	     44920	8000432c	8d22	c.mv	x26,x8	  x0:0x00000000  x8:0x00000000 x26=0x00000000
      900462000	     44921	8000432e	8c59	c.or	x8,x14	  x8:0x00000000 x14:0x00000000  x8=0x00000000
      900482000	     44922	80004330	aba25317	auipc	x6,0xaba25	  x6=0x2ba29330
      900502000	     44923	80004334	00c40233	add	x4,x8,x12	  x8:0x00000000 x12:0x000000e1  x4=0x000000e1
      900522000	     44924	80004338	0aa6	c.slli	x21,0x9	 x21:0x54000000 x21=0x00000000
      900822000	     44939	8000433a	d3284613	xori	x12,x16,-718	 x16:0x00000000 x12=0xfffffd32
      900842000	     44940	8000433e	01478233	add	x4,x15,x20	 x15:0x0001c000 x20:0x80023ce5  x4=0x8003fce5
      900862000	     44941	80004342	40425db3	sra	x27,x4,x4	  x4:0x8003fce5  x4:0x8003fce5 x27=0xfc001fe7
      900882000	     44942	80004346	00bc5393	srli	x7,x24,0xb	 x24:0x00000000  x7=0x00000000
      900902000	     44943	8000434a	009b8fb3	add	x31,x23,x9	 x23:0x8001fe24  x9:0x0000001f x31=0x8001fe43
      900982000	     44947	8000434e	02f327b3	mulhsu	x15,x6,x15	  x6:0x2ba29330 x15:0x0001c000 x15=0x00004c5c
      901102000	     44953	80004352	00751f13	slli	x30,x10,0x7	 x10:0x00000012 x30=0x00000900
      901122000	     44954	80004356	00c5c233	xor	x4,x11,x12	 x11:0xf1e8b1fd x12:0xfffffd32  x4=0x0e174ccf
      901242000	     44960	8000435a	03b54863	blt	x10,x27,8000438a	 x10:0x00000012 x27:0xfc001fe7
      901982000	     44997	8000435e	021aca33	div	x20,x21,x1	 x21:0x00000000  x1:0x00000002 x20=0x00000000
      902002000	     44998	80004362	012000ef	jal	x1,80004374	  x1=0x80004366
      902462000	     45021	80004374	3fd5	c.jal	80004368	  x1=0x80004376
      902502000	     45023	80004368	a801	c.j	80004378	
      903242000	     45060	80004378	2009	c.jal	8000437a	  x1=0x8000437a
      903282000	     45062	8000437a	3fe5	c.jal	80004372	  x1=0x8000437c
      903342000	     45065	80004372	bfe5	c.j	8000436a	
      903422000	     45069	8000436a	ffdff36f	jal	x6,80004366	  x6=0x8000436e
      903482000	     45072	80004366	2801	c.jal	80004376	  x1=0x80004368
      903542000	     45075	80004376	3fe5	c.jal	8000436e	  x1=0x80004378
      903622000	     45079	8000436e	0100046f	jal	x8,8000437e	  x8=0x80004372
      903662000	     45081	8000437e	2009	c.jal	80004380	  x1=0x80004380
      903742000	     45085	80004380	bff5	c.j	8000437c	
      903802000	     45088	8000437c	2019	c.jal	80004382	  x1=0x8000437e
      903882000	     45092	80004382	0ff0000f	fence	iorw,iorw	
      904382000	     45117	80004386	005fd293	srli	x5,x31,0x5	 x31:0x8001fe43  x5=0x04000ff2
      904402000	     45118	8000438a	07990d13	addi	x26,x18,121	 x18:0x00000000 x26=0x00000079
      904442000	     45120	8000438e	00445b33	srl	x22,x8,x4	  x8:0x80004372  x4:0x0e174ccf x22=0x00010000
      904462000	     45121	80004392	6159	c.addi16sp	x2,400	  x2:0xfffffff1  x2=0x00000181
      904502000	     45123	80004394	0180c8b3	xor	x17,x1,x24	  x1:0x8000437e x24:0x00000000 x17=0x8000437e
      904522000	     45124	80004398	6c31	c.lui	x24,0xc	 x24=0x0000c000
      904722000	     45134	8000439a	e7307293	andi	x5,x0,-397	  x0:0x00000000  x5=0x00000000
      904742000	     45135	8000439e	0001	c.addi	x0,0	  x0:0x00000000  x0=0x00000000
      904882000	     45142	800043a0	cb95	c.beqz	x15,800043d4	 x15:0x00004c5c
      904902000	     45143	800043a2	0f9c	c.addi4spn	x15,x2,976	 x15=0x00000551
      905142000	     45155	800043a4	60523f93	sltiu	x31,x4,1541	  x4:0x0e174ccf x31=0x00000000
      905162000	     45156	800043a8	8ce9	c.and	x9,x10	  x9:0x0000001f x10:0x00000012  x9=0x00000012
      905182000	     45157	800043aa	0001	c.addi	x0,0	  x0:0x00000000  x0=0x00000000
      905202000	     45158	800043ac	40ca84b3	sub	x9,x21,x12	 x21:0x00000000 x12:0xfffffd32  x9=0x000002ce
      905262000	     45161	800043b0	8e52	c.mv	x28,x20	  x0:0x00000000 x20:0x00000000 x28=0x00000000
      905462000	     45171	800043b2	00d8df63	bge	x17,x13,800043d0	 x17:0x8000437e x13:0x80023ce4
      905482000	     45172	800043b6	8319	c.srli	x14,0x6	 x14:0x00000000 x14=0x00000000
      906222000	     45209	800043b8	026ce733	rem	x14,x25,x6	 x25:0x00000000  x6:0x8000436e x14=0x00000000
      906242000	     45210	800043bc	3895ad37	lui	x26,0x3895a	 x26=0x3895a000
      906262000	     45211	800043c0	8d1d	c.sub	x10,x15	 x10:0x00000012 x15:0x00000551 x10=0xfffffac1
      906282000	     45212	800043c2	41705013	srai	x0,x0,0x17	  x0:0x00000000  x0=0x00000000
      906302000	     45213	800043c6	01ba7f33	and	x30,x20,x27	 x20:0x00000000 x27:0xfc001fe7 x30=0x00000000
      906322000	     45214	800043ca	034a	c.slli	x6,0x12	  x6:0x8000436e  x6=0x0db80000
      906342000	     45215	800043cc	03473513	sltiu	x10,x14,52	 x14:0x00000000 x10=0x00000001
      906462000	     45221	800043d0	0871d363	bge	x3,x7,80004456	  x3:0x00000000  x7:0x00000000
      907362000	     45266	80004456	014bc333	xor	x6,x23,x20	 x23:0x8001fe24 x20:0x00000000  x6=0x8001fe24
      907382000	     45267	8000445a	8fb5	c.xor	x15,x13	 x15:0x00000551 x13:0x80023ce4 x15=0x800239b5
      907402000	     45268	8000445c	008c93b3	sll	x7,x25,x8	 x25:0x00000000  x8:0x80004372  x7=0x00000000
      907702000	     45283	80004460	02ba91b3	mulh	x3,x21,x11	 x21:0x00000000 x11:0xf1e8b1fd  x3=0x00000000
      908102000	     45303	80004464	91c6	c.add	x3,x17	  x3:0x00000000 x17:0x8000437e  x3=0x8000437e
      908122000	     45304	80004466	00f85193	srli	x3,x16,0xf	 x16:0x00000000  x3=0x00000000
      908142000	     45305	8000446a	8c75	c.and	x8,x13	  x8:0x80004372 x13:0x80023ce4  x8=0x80000060
      908162000	     45306	8000446c	0ff0000f	fence	iorw,iorw	
      908202000	     45308	80004470	8e21	c.xor	x12,x8	 x12:0xfffffd32  x8:0x80000060 x12=0x7ffffd52
      908222000	     45309	80004472	948bb293	sltiu	x5,x23,-1720	 x23:0x8001fe24  x5=0x00000001
      908382000	     45317	80004476	cfb23917	auipc	x18,0xcfb23	 x18=0x4fb27476
      908422000	     45319	8000447a	029d2d33	mulhsu	x26,x26,x9	 x26:0x3895a000  x9:0x000002ce x26=0x0000009e
      908442000	     45320	8000447e	935e	c.add	x6,x23	  x6:0x8001fe24 x23:0x8001fe24  x6=0x0003fc48
      909322000	     45364	80004480	02b5ea33	rem	x20,x11,x11	 x11:0xf1e8b1fd x11:0xf1e8b1fd x20=0x00000000
      909342000	     45365	80004484	591b7d93	andi	x27,x22,1425	 x22:0x00010000 x27=0x00000000
      909362000	     45366	80004488	717d	c.addi16sp	x2,-16	  x2:0x00000181  x2=0x00000171
      909382000	     45367	8000448a	00f7fe33	and	x28,x15,x15	 x15:0x800239b5 x15:0x800239b5 x28=0x800239b5
      909402000	     45368	8000448e	0372	c.slli	x6,0x1c	  x6:0x0003fc48  x6=0x80000000
      909422000	     45369	80004490	8e6d	c.and	x12,x11	 x12:0x7ffffd52 x11:0xf1e8b1fd x12=0x71e8b150
      909442000	     45370	80004492	017bd233	srl	x4,x23,x23	 x23:0x8001fe24 x23:0x8001fe24  x4=0x08001fe2
      909602000	     45378	80004496	007cf463	bgeu	x25,x7,8000449e	 x25:0x00000000  x7:0x00000000
      910142000	     45405	8000449e	8f79	c.and	x14,x14	 x14:0x00000000 x14:0x00000000 x14=0x00000000
      910262000	     45411	800044a0	88dd	c.andi	x9,23	  x9:0x000002ce  x9=0x00000006
      911002000	     45448	800044a2	0219e633	rem	x12,x19,x1	 x19:0x00000000  x1:0x8000437e x12=0x00000000
      911022000	     45449	800044a6	02508fb3	mul	x31,x1,x5	  x1:0x8000437e  x5:0x00000001 x31=0x8000437e
      911042000	     45450	800044aa	0198e263	bltu	x17,x25,800044ae	 x17:0x8000437e x25:0x00000000
      911082000	     45452	800044ae	02056b33	rem	x22,x10,x0	 x10:0x00000001  x0:0x00000000 x22=0x00000001
      911822000	     45489	800044b2	02aff8b3	remu	x17,x31,x10	 x31:0x8000437e x10:0x00000001 x17=0x00000000
      911842000	     45490	800044b6	002a6563	bltu	x20,x2,800044c0	 x20:0x00000000  x2:0x00000171
      911882000	     45492	800044c0	0000100f	fence.i	
      912002000	     45498	800044c4	58fd	c.li	x17,-1	 x17=0xffffffff
      912282000	     45512	800044c6	29f0ee93	ori	x29,x1,671	  x1:0x8000437e x29=0x800043ff
      912302000	     45513	800044ca	0001	c.addi	x0,0	  x0:0x00000000  x0=0x00000000
      912322000	     45514	800044cc	0ff0000f	fence	iorw,iorw	
      912342000	     45515	800044d0	4103dfb3	sra	x31,x7,x16	  x7:0x00000000 x16:0x00000000 x31=0x00000000
      912422000	     45519	800044d4	05969263	bne	x13,x25,80004518	 x13:0x80023ce4 x25:0x00000000
      913262000	     45561	80004518	1690	c.addi4spn	x12,x2,864	 x12=0x000004d1
      913282000	     45562	8000451a	059fb213	sltiu	x4,x31,89	 x31:0x00000000  x4=0x00000001
      913342000	     45565	8000451e	01c3ffb3	and	x31,x7,x28	  x7:0x00000000 x28:0x800239b5 x31=0x00000000
      913362000	     45566	80004522	0001	c.addi	x0,0	  x0:0x00000000  x0=0x00000000
      913682000	     45582	80004524	032f1733	mulh	x14,x30,x18	 x30:0x00000000 x18:0x4fb27476 x14=0x00000000
      913702000	     45583	80004528	6151	c.addi16sp	x2,272	  x2:0x00000171  x2=0x00000281
      913722000	     45584	8000452a	010ec0b3	xor	x1,x29,x16	 x29:0x800043ff x16:0x00000000  x1=0x800043ff
      913742000	     45585	8000452e	0199c633	xor	x12,x19,x25	 x19:0x00000000 x25:0x00000000 x12=0x00000000
      913762000	     45586	80004532	406d50b3	sra	x1,x26,x6	 x26:0x0000009e  x6:0x80000000  x1=0x0000009e
      913782000	     45587	80004536	1810	c.addi4spn	x12,x2,48	 x12=0x000002b1
      913802000	     45588	80004538	0152d9b3	srl	x19,x5,x21	  x5:0x00000001 x21:0x00000000 x19=0x00000001
      913822000	     45589	8000453c	003ffab3	and	x21,x31,x3	 x31:0x00000000  x3:0x00000000 x21=0x00000000
      913882000	     45592	80004540	01767fb3	and	x31,x12,x23	 x12:0x000002b1 x23:0x8001fe24 x31=0x00000220
      913902000	     45593	80004544	8d31	c.xor	x10,x12	 x10:0x00000001 x12:0x000002b1 x10=0x000002b0
      913922000	     45594	80004546	1b1c	c.addi4spn	x15,x2,432	 x15=0x00000431
      913942000	     45595	80004548	c489	c.beqz	x9,80004552	  x9:0x00000006
      914842000	     45640	8000454a	031fc033	div	x0,x31,x17	 x31:0x00000220 x17:0xffffffff  x0=0x00000000
      914882000	     45642	8000454e	02d6b233	mulhu	x4,x13,x13	 x13:0x80023ce4 x13:0x80023ce4  x4=0x40023ce9
      914902000	     45643	80004552	0001	c.addi	x0,0	  x0:0x00000000  x0=0x00000000
      915642000	     45680	80004554	03f65c33	divu	x24,x12,x31	 x12:0x000002b1 x31:0x00000220 x24=0x00000001
      915662000	     45681	80004558	6819	c.lui	x16,0x6	 x16=0x00006000
      915682000	     45682	8000455a	40c58f33	sub	x30,x11,x12	 x11:0xf1e8b1fd x12:0x000002b1 x30=0xf1e8af4c
      915702000	     45683	8000455e	004bc963	blt	x23,x4,80004570	 x23:0x8001fe24  x4:0x40023ce9
      916682000	     45732	80004570	03a462b3	rem	x5,x8,x26	  x8:0x80000060 x26:0x0000009e  x5=0xfffffff8
      916702000	     45733	80004574	9cca	c.add	x25,x18	 x25:0x00000000 x18:0x4fb27476 x25=0x4fb27476
      916722000	     45734	80004576	40f059b3	sra	x19,x0,x15	  x0:0x00000000 x15:0x00000431 x19=0x00000000
      916742000	     45735	8000457a	187d	c.addi	x16,-1	 x16:0x00006000 x16=0x00005fff
      916762000	     45736	8000457c	0284	c.addi4spn	x9,x2,320	  x9=0x000003c1
      917502000	     45773	8000457e	0215f0b3	remu	x1,x11,x1	 x11:0xf1e8b1fd  x1:0x0000009e  x1=0x00000011
      917522000	     45774	80004582	8fa4f993	andi	x19,x9,-1798	  x9:0x000003c1 x19=0x000000c0
      917562000	     45776	80004586	02fa9e33	mulh	x28,x21,x15	 x21:0x00000000 x15:0x00000431 x28=0x00000000
      917582000	     45777	8000458a	0001	c.addi	x0,0	  x0:0x00000000  x0=0x00000000
      917602000	     45778	8000458c	d0b13613	sltiu	x12,x2,-757	  x2:0x00000281 x12=0x00000001
      917622000	     45779	80004590	01660433	add	x8,x12,x22	 x12:0x00000001 x22:0x00000001  x8=0x00000002
      917642000	     45780	80004594	18fd	c.addi	x17,-1	 x17:0xffffffff x17=0xfffffffe
      917962000	     45796	80004596	03f72233	mulhsu	x4,x14,x31	 x14:0x00000000 x31:0x00000220  x4=0x00000000
      917982000	     45797	8000459a	0ff0000f	fence	iorw,iorw	
      918002000	     45798	8000459e	0001	c.addi	x0,0	  x0:0x00000000  x0=0x00000000
      918022000	     45799	800045a0	00659913	slli	x18,x11,0x6	 x11:0xf1e8b1fd x18=0x7a2c7f40
      918402000	     45818	800045a4	00925033	srl	x0,x4,x9	  x4:0x00000000  x9:0x000003c1  x0=0x00000000
      918422000	     45819	800045a8	00165c33	srl	x24,x12,x1	 x12:0x00000001  x1:0x00000011 x24=0x00000000
      918442000	     45820	800045ac	024302b3	mul	x5,x6,x4	  x6:0x80000000  x4:0x00000000  x5=0x00000000
      918562000	     45826	800045b0	717d	c.addi16sp	x2,-16	  x2:0x00000281  x2=0x00000271
      918582000	     45827	800045b2	01395e93	srli	x29,x18,0x13	 x18:0x7a2c7f40 x29=0x00000f45
      919722000	     45884	800045b6	02205a33	divu	x20,x0,x2	  x0:0x00000000  x2:0x00000271 x20=0x00000000
      919742000	     45885	800045ba	00c35133	srl	x2,x6,x12	  x6:0x80000000 x12:0x00000001  x2=0x40000000
      919762000	     45886	800045be	01f10d33	add	x26,x2,x31	  x2:0x40000000 x31:0x00000220 x26=0x40000220
      919782000	     45887	800045c2	e25fa213	slti	x4,x31,-475	 x31:0x00000220  x4=0x00000000
      919962000	     45896	800045c6	00a2c133	xor	x2,x5,x10	  x5:0x00000000 x10:0x000002b0  x2=0x000002b0
      920002000	     45898	800045ca	03572533	mulhsu	x10,x14,x21	 x14:0x00000000 x21:0x00000000 x10=0x00000000
      920022000	     45899	800045ce	0001	c.addi	x0,0	  x0:0x00000000  x0=0x00000000
      920402000	     45918	800045d0	01421a33	sll	x20,x4,x20	  x4:0x00000000 x20:0x00000000 x20=0x00000000
      920442000	     45920	800045d4	006ee133	or	x2,x29,x6	 x29:0x00000f45  x6:0x80000000  x2=0x80000f45
      920642000	     45930	800045d8	88b5	c.andi	x9,13	  x9:0x000003c1  x9=0x00000001
      920662000	     45931	800045da	02448133	mul	x2,x9,x4	  x9:0x00000001  x4:0x00000000  x2=0x00000000
      920682000	     45932	800045de	0321	c.addi	x6,8	  x6:0x80000000  x6=0x80000008
      921082000	     45952	800045e0	01b71663	bne	x14,x27,800045ec	 x14:0x00000000 x27:0x00000000
      921362000	     45966	800045e4	01449cb3	sll	x25,x9,x20	  x9:0x00000001 x20:0x00000000 x25=0x00000001
      921382000	     45967	800045e8	be72e793	ori	x15,x5,-1049	  x5:0x00000000 x15=0xfffffbe7
      921402000	     45968	800045ec	03127863	bgeu	x4,x17,8000461c	  x4:0x00000000 x17:0xfffffffe
      922142000	     46005	800045f0	0336c0b3	div	x1,x13,x19	 x13:0x80023ce4 x19:0x000000c0  x1=0xff555852
      922162000	     46006	800045f4	0000100f	fence.i	
      922622000	     46029	800045f8	1c04	c.addi4spn	x9,x2,560	  x9=0x00000230
      922722000	     46034	800045fa	0177f4b3	and	x9,x15,x23	 x15:0xfffffbe7 x23:0x8001fe24  x9=0x8001fa24
      922762000	     46036	800045fe	00979263	bne	x15,x9,80004602	 x15:0xfffffbe7  x9:0x8001fa24
      923722000	     46084	80004602	0ff0000f	fence	iorw,iorw	
      923742000	     46085	80004606	cd19	c.beqz	x10,80004624	 x10:0x00000000
      924062000	     46101	80004624	f4d42a13	slti	x20,x8,-179	  x8:0x00000002 x20=0x00000000
      924162000	     46106	80004628	4fc72ab7	lui	x21,0x4fc72	 x21=0x4fc72000
      924182000	     46107	8000462c	0001	c.addi	x0,0	  x0:0x00000000  x0=0x00000000
      924202000	     46108	8000462e	9a7d	c.andi	x12,-1	 x12:0x00000001 x12=0x00000001
      924322000	     46114	80004630	8d5d	c.or	x10,x15	 x10:0x00000000 x15:0xfffffbe7 x10=0xfffffbe7
      924342000	     46115	80004632	2ca09417	auipc	x8,0x2ca09	  x8=0xaca0d632
      924362000	     46116	80004636	0001	c.addi	x0,0	  x0:0x00000000  x0=0x00000000
      924542000	     46125	80004638	0088b833	sltu	x16,x17,x8	 x17:0xfffffffe  x8:0xaca0d632 x16=0x00000000
      924802000	     46138	8000463c	8c65	c.and	x8,x9	  x8:0xaca0d632  x9:0x8001fa24  x8=0x8000d220
      924822000	     46139	8000463e	84b5	c.srai	x9,0xd	  x9:0x8001fa24  x9=0xfffc000f
      925042000	     46150	80004640	41d55db3	sra	x27,x10,x29	 x10:0xfffffbe7 x29:0x00000f45 x27=0xffffffdf
      925062000	     46151	80004644	00b023b3	slt	x7,x0,x11	  x0:0x00000000 x11:0xf1e8b1fd  x7=0x00000000
      925082000	     46152	80004648	2437fb13	andi	x22,x15,579	 x15:0xfffffbe7 x22=0x00000243
      925122000	     46154	8000464c	025cbfb3	mulhu	x31,x25,x5	 x25:0x00000001  x5:0x00000000 x31=0x00000000
      925142000	     46155	80004650	01f0e233	or	x4,x1,x31	  x1:0xff555852 x31:0x00000000  x4=0xff555852
      925162000	     46156	80004654	0005cf63	blt	x11,x0,80004672	 x11:0xf1e8b1fd  x0:0x00000000
      925422000	     46169	80004672	2d57b213	sltiu	x4,x15,725	 x15:0xfffffbe7  x4=0x00000000
      925862000	     46191	80004676	03cc1d33	mulh	x26,x24,x28	 x24:0x00000000 x28:0x00000000 x26=0x00000000
      925882000	     46192	8000467a	0008dcb3	srl	x25,x17,x0	 x17:0xfffffffe  x0:0x00000000 x25=0xfffffffe
      926042000	     46200	8000467e	01a0c0b3	xor	x1,x1,x26	  x1:0xff555852 x26:0x00000000  x1=0xff555852
      926082000	     46202	80004682	01174eb3	xor	x29,x14,x17	 x14:0x00000000 x17:0xfffffffe x29=0xfffffffe
      926502000	     46223	80004686	a15b8413	addi	x8,x23,-1515	 x23:0x8001fe24  x8=0x8001f839
      926522000	     46224	8000468a	8125	c.srli	x10,0x9	 x10:0xfffffbe7 x10=0x007ffffd
      926542000	     46225	8000468c	01dc8733	add	x14,x25,x29	 x25:0xfffffffe x29:0xfffffffe x14=0xfffffffc
      926562000	     46226	80004690	03d81263	bne	x16,x29,800046b4	 x16:0x00000000 x29:0xfffffffe
      927082000	     46252	800046b4	003e5313	srli	x6,x28,0x3	 x28:0x00000000  x6=0x00000000
      927502000	     46273	800046b8	03914e63	blt	x2,x25,800046f4	  x2:0x00000000 x25:0xfffffffe
      927922000	     46294	800046bc	01eb9713	slli	x14,x23,0x1e	 x23:0x8001fe24 x14=0x00000000
      928362000	     46316	800046c0	0322a333	mulhsu	x6,x5,x18	  x5:0x00000000 x18:0x7a2c7f40  x6=0x00000000
      928382000	     46317	800046c4	0ff0000f	fence	iorw,iorw	
      928402000	     46318	800046c8	03be0963	beq	x28,x27,800046fa	 x28:0x00000000 x27:0xffffffdf
      928422000	     46319	800046cc	015b7d33	and	x26,x22,x21	 x22:0x00000243 x21:0x4fc72000 x26=0x00000000
      928442000	     46320	800046d0	03480363	beq	x16,x20,800046f6	 x16:0x00000000 x20:0x00000000
      929262000	     46361	800046f6	8919	c.andi	x10,6	 x10:0x007ffffd x10=0x00000004
      929442000	     46370	800046f8	1698	c.addi4spn	x14,x2,864	 x14=0x00000360
      929722000	     46384	800046fa	015ddd93	srli	x27,x27,0x15	 x27:0xffffffdf x27=0x000007ff
      929742000	     46385	800046fe	8369	c.srli	x14,0x1a	 x14:0x00000360 x14=0x00000000
      930102000	     46403	80004700	00e69c33	sll	x24,x13,x14	 x13:0x80023ce4 x14:0x00000000 x24=0x80023ce4
      930122000	     46404	80004704	9dae	c.add	x27,x11	 x27:0x000007ff x11:0xf1e8b1fd x27=0xf1e8b9fc
      930142000	     46405	80004706	00c5e033	or	x0,x11,x12	 x11:0xf1e8b1fd x12:0x00000001  x0=0x00000000
      930562000	     46426	8000470a	88043f93	sltiu	x31,x8,-1920	  x8:0x8001f839 x31=0x00000001
      930702000	     46433	8000470e	407203b3	sub	x7,x4,x7	  x4:0x00000000  x7:0x00000000  x7=0x00000000
      930722000	     46434	80004712	b08d3113	sltiu	x2,x26,-1272	 x26:0x00000000  x2=0x00000001
      930742000	     46435	80004716	00f22e33	slt	x28,x4,x15	  x4:0x00000000 x15:0xfffffbe7 x28=0x00000000
      931882000	     46492	8000471a	02b2e2b3	rem	x5,x5,x11	  x5:0x00000000 x11:0xf1e8b1fd  x5=0x00000000
      931902000	     46493	8000471e	0000100f	fence.i	
      932422000	     46519	80004722	0ff0000f	fence	iorw,iorw	
      932462000	     46521	80004726	03041733	mulh	x14,x8,x16	  x8:0x8001f839 x16:0x00000000 x14=0x00000000
      932862000	     46541	8000472a	01533b33	sltu	x22,x6,x21	  x6:0x00000000 x21:0x4fc72000 x22=0x00000001
      932882000	     46542	8000472e	8bad	c.andi	x15,11	 x15:0xfffffbe7 x15=0x00000003
      932902000	     46543	80004730	4a5be493	ori	x9,x23,1189	 x23:0x8001fe24  x9=0x8001fea5
      933242000	     46560	80004734	01d2ea63	bltu	x5,x29,80004748	  x5:0x00000000 x29:0xfffffffe
      934122000	     46604	80004748	00ea3a33	sltu	x20,x20,x14	 x20:0x00000000 x14:0x00000000 x20=0x00000000
      934142000	     46605	8000474c	41a1de13	srai	x28,x3,0x1a	  x3:0x00000000 x28=0x00000000
      934162000	     46606	80004750	00e4d763	bge	x9,x14,8000475e	  x9:0x8001fea5 x14:0x00000000
      934182000	     46607	80004754	8149	c.srli	x10,0x12	 x10:0x00000004 x10=0x00000000
      934202000	     46608	80004756	00897133	and	x2,x18,x8	 x18:0x7a2c7f40  x8:0x8001f839  x2=0x00007800
      934222000	     46609	8000475a	c6d68493	addi	x9,x13,-915	 x13:0x80023ce4  x9=0x80023951
      934402000	     46618	8000475e	45c43e93	sltiu	x29,x8,1116	  x8:0x8001f839 x29=0x00000000
      934422000	     46619	80004762	e7122493	slti	x9,x4,-399	  x4:0x00000000  x9=0x00000000
      934442000	     46620	80004766	ffe6ec93	ori	x25,x13,-2	 x13:0x80023ce4 x25=0xfffffffe
      934462000	     46621	8000476a	00a142b3	xor	x5,x2,x10	  x2:0x00007800 x10:0x00000000  x5=0x00007800
      934482000	     46622	8000476e	717d	c.addi16sp	x2,-16	  x2:0x00007800  x2=0x000077f0
      935282000	     46662	80004770	03eadd33	divu	x26,x21,x30	 x21:0x4fc72000 x30:0xf1e8af4c x26=0x00000000
      935322000	     46664	80004774	0242b633	mulhu	x12,x5,x4	  x5:0x00007800  x4:0x00000000 x12=0x00000000
      935382000	     46667	80004778	03c25863	bge	x4,x28,800047a8	  x4:0x00000000 x28:0x00000000
      935702000	     46683	800047a8	02941ab3	mulh	x21,x8,x9	  x8:0x8001f839  x9:0x00000000 x21=0x00000000
      935722000	     46684	800047ac	816d	c.srli	x10,0x1b	 x10:0x00000000 x10=0x00000000
      936202000	     46708	800047ae	80194113	xori	x2,x18,-2047	 x18:0x7a2c7f40  x2=0x85d38741
      936322000	     46714	800047b2	908eee13	ori	x28,x29,-1784	 x29:0x00000000 x28=0xfffff908
      936402000	     46718	800047b6	0ff0000f	fence	iorw,iorw	
      936422000	     46719	800047ba	8c8d	c.sub	x9,x11	  x9:0x00000000 x11:0xf1e8b1fd  x9=0x0e174e03
      937202000	     46758	800047bc	037564b3	rem	x9,x10,x23	 x10:0x00000000 x23:0x8001fe24  x9=0x00000000
      937222000	     46759	800047c0	0ff0000f	fence	iorw,iorw	
      937242000	     46760	800047c4	eac8d537	lui	x10,0xeac8d	 x10=0xeac8d000
      937262000	     46761	800047c8	01bd5863	bge	x26,x27,800047d8	 x26:0x00000000 x27:0xf1e8b9fc
      943342000	     47065	800047d8	8e41	c.or	x12,x8	 x12:0x00000000  x8:0x8001f839 x12=0x8001f839
      943362000	     47066	800047da	63b1	c.lui	x7,0xc	  x7=0x0000c000
      943382000	     47067	800047dc	055d	c.addi	x10,23	 x10:0xeac8d000 x10=0xeac8d017
      943402000	     47068	800047de	0056dd13	srli	x26,x13,0x5	 x13:0x80023ce4 x26=0x040011e7
      943422000	     47069	800047e2	007d1333	sll	x6,x26,x7	 x26:0x040011e7  x7:0x0000c000  x6=0x040011e7
      943462000	     47071	800047e6	03056933	rem	x18,x10,x16	 x10:0xeac8d017 x16:0x00000000 x18=0xeac8d017
      943482000	     47072	800047ea	41340f33	sub	x30,x8,x19	  x8:0x8001f839 x19:0x000000c0 x30=0x8001f779
      943842000	     47090	800047ee	015f1a13	slli	x20,x30,0x15	 x30:0x8001f779 x20=0xef200000
      944242000	     47110	800047f2	02a331b3	mulhu	x3,x6,x10	  x6:0x040011e7 x10:0xeac8d017  x3=0x03ab33ab
      944642000	     47130	800047f6	142b2e13	slti	x28,x22,322	 x22:0x00000001 x28=0x00000001
      945062000	     47151	800047fa	0026bdb3	sltu	x27,x13,x2	 x13:0x80023ce4  x2:0x85d38741 x27=0x00000001
      945082000	     47152	800047fe	0509	c.addi	x10,2	 x10:0xeac8d017 x10=0xeac8d019
      945102000	     47153	80004800	00cfcb33	xor	x22,x31,x12	 x31:0x00000001 x12:0x8001f839 x22=0x8001f838
      945122000	     47154	80004804	0001	c.addi	x0,0	  x0:0x00000000  x0=0x00000000
      945142000	     47155	80004806	8966	c.mv	x18,x25	  x0:0x00000000 x25:0xfffffffe x18=0xfffffffe
      945162000	     47156	80004808	147d	c.addi	x8,-1	  x8:0x8001f839  x8=0x8001f838
      945202000	     47158	8000480a	03026f33	rem	x30,x4,x16	  x4:0x00000000 x16:0x00000000 x30=0x00000000
      945222000	     47159	8000480e	717d	c.addi16sp	x2,-16	  x2:0x85d38741  x2=0x85d38731
      945342000	     47165	80004810	8fd9	c.or	x15,x14	 x15:0x00000003 x14:0x00000000 x15=0x00000003
      945362000	     47166	80004812	40930533	sub	x10,x6,x9	  x6:0x040011e7  x9:0x00000000 x10=0x040011e7
      945382000	     47167	80004816	0c200393	addi	x7,x0,194	  x0:0x00000000  x7=0x000000c2
      945542000	     47175	8000481a	41575913	srai	x18,x14,0x15	 x14:0x00000000 x18=0x00000000
      945562000	     47176	8000481e	8515	c.srai	x10,0x5	 x10:0x040011e7 x10=0x0020008f
      945582000	     47177	80004820	e8ab3313	sltiu	x6,x22,-374	 x22:0x8001f838  x6=0x00000001
      945602000	     47178	80004824	8aa6	c.mv	x21,x9	  x0:0x00000000  x9:0x00000000 x21=0x00000000
      945642000	     47180	80004826	02465d33	divu	x26,x12,x4	 x12:0x8001f839  x4:0x00000000 x26=0xffffffff
      945662000	     47181	8000482a	039b1263	bne	x22,x25,8000484e	 x22:0x8001f838 x25:0xfffffffe
      946742000	     47235	8000484e	e29f7113	andi	x2,x30,-471	 x30:0x00000000  x2=0x00000000
      946762000	     47236	80004852	87ad	c.srai	x15,0xb	 x15:0x00000003 x15=0x00000000
      946782000	     47237	80004854	b71fa897	auipc	x17,0xb71fa	 x17=0x371fe854
      946802000	     47238	80004858	0001	c.addi	x0,0	  x0:0x00000000  x0=0x00000000
      946842000	     47240	8000485a	030c10b3	mulh	x1,x24,x16	 x24:0x80023ce4 x16:0x00000000  x1=0x00000000
      946882000	     47242	8000485e	02e3dc33	divu	x24,x7,x14	  x7:0x000000c2 x14:0x00000000 x24=0xffffffff
      946902000	     47243	80004862	8b0a	c.mv	x22,x2	  x0:0x00000000  x2:0x00000000 x22=0x00000000
      946922000	     47244	80004864	163cfe93	andi	x29,x25,355	 x25:0xfffffffe x29=0x00000162
      946942000	     47245	80004868	039e83b3	mul	x7,x29,x25	 x29:0x00000162 x25:0xfffffffe  x7=0xfffffd3c
      947282000	     47262	8000486c	990a	c.add	x18,x2	 x18:0x00000000  x2:0x00000000 x18=0x00000000
      948022000	     47299	8000486e	03466b33	rem	x22,x12,x20	 x12:0x8001f839 x20:0xef200000 x22=0xf621f839
      948042000	     47300	80004872	4134d993	srai	x19,x9,0x13	  x9:0x00000000 x19=0x00000000
      948062000	     47301	80004876	8bdd	c.andi	x15,23	 x15:0x00000000 x15=0x00000000
      948082000	     47302	80004878	014dc633	xor	x12,x27,x20	 x27:0x00000001 x20:0xef200000 x12=0xef200001
      948102000	     47303	8000487c	01b9d863	bge	x19,x27,8000488c	 x19:0x00000000 x27:0x00000001
      948122000	     47304	80004880	01a10933	add	x18,x2,x26	  x2:0x00000000 x26:0xffffffff x18=0xffffffff
      948142000	     47305	80004884	03370563	beq	x14,x19,800048ae	 x14:0x00000000 x19:0x00000000
      948802000	     47338	800048ae	01839d13	slli	x26,x7,0x18	  x7:0xfffffd3c x26=0x3c000000
      948822000	     47339	800048b2	b817b893	sltiu	x17,x15,-1151	 x15:0x00000000 x17=0x00000001
      948922000	     47344	800048b6	0000100f	fence.i	
      949562000	     47376	800048ba	5e83e713	ori	x14,x7,1512	  x7:0xfffffd3c x14=0xfffffdfc
      949582000	     47377	800048be	e339	c.bnez	x14,80004904	 x14:0xfffffdfc
      950542000	     47425	80004904	00571663	bne	x14,x5,80004910	 x14:0xfffffdfc  x5:0x00007800
      950982000	     47447	80004910	99d6	c.add	x19,x21	 x19:0x00000000 x21:0x00000000 x19=0x00000000
      951002000	     47448	80004912	ea0d	c.bnez	x12,80004944	 x12:0xef200001
      951962000	     47496	80004944	717d	c.addi16sp	x2,-16	  x2:0x00000000  x2=0xfffffff0
      951982000	     47497	80004946	41b75eb3	sra	x29,x14,x27	 x14:0xfffffdfc x27:0x00000001 x29=0xfffffefe
      952002000	     47498	8000494a	0000100f	fence.i	
      953042000	     47550	8000494e	022d5d33	divu	x26,x26,x2	 x26:0x3c000000  x2:0xfffffff0 x26=0x00000000
      953062000	     47551	80004952	02e71263	bne	x14,x14,80004976	 x14:0xfffffdfc x14:0xfffffdfc
      953082000	     47552	80004956	00ea3a33	sltu	x20,x20,x14	 x20:0xef200000 x14:0xfffffdfc x20=0x00000001
      953102000	     47553	8000495a	01a47263	bgeu	x8,x26,8000495e	  x8:0x8001f838 x26:0x00000000
      953222000	     47559	8000495e	90b2	c.add	x1,x12	  x1:0x00000000 x12:0xef200001  x1=0xef200001
      953242000	     47560	80004960	8dfe	c.mv	x27,x31	  x0:0x00000000 x31:0x00000001 x27=0x00000001
      953262000	     47561	80004962	0073f133	and	x2,x7,x7	  x7:0xfffffd3c  x7:0xfffffd3c  x2=0xfffffd3c
      953442000	     47570	80004966	0082ed63	bltu	x5,x8,80004980	  x5:0x00007800  x8:0x8001f838
      953882000	     47592	80004980	0001	c.addi	x0,0	  x0:0x00000000  x0=0x00000000
      953902000	     47593	80004982	c89d	c.beqz	x9,800049b8	  x9:0x00000000
      954162000	     47606	800049b8	0ff0000f	fence	iorw,iorw	
      955302000	     47663	800049bc	0256ceb3	div	x29,x13,x5	 x13:0x80023ce4  x5:0x00007800 x29=0xfffeeef4
      955322000	     47664	800049c0	8f41	c.or	x14,x8	 x14:0xfffffdfc  x8:0x8001f838 x14=0xfffffdfc
      955342000	     47665	800049c2	1a88	c.addi4spn	x10,x2,368	 x10=0xfffffeac
      955362000	     47666	800049c4	0ff0000f	fence	iorw,iorw	
      955402000	     47668	800049c8	02f77333	remu	x6,x14,x15	 x14:0xfffffdfc x15:0x00000000  x6=0xfffffdfc
      955422000	     47669	800049cc	016d1933	sll	x18,x26,x22	 x26:0x00000000 x22:0xf621f839 x18=0x00000000
      955442000	     47670	800049d0	02e808b3	mul	x17,x16,x14	 x16:0x00000000 x14:0xfffffdfc x17=0x00000000
      955462000	     47671	800049d4	8d01	c.sub	x10,x8	 x10:0xfffffeac  x8:0x8001f838 x10=0x7ffe0674
      955962000	     47696	800049d6	019f5893	srli	x17,x30,0x19	 x30:0x00000000 x17=0x00000000
      955982000	     47697	800049da	8fad	c.xor	x15,x11	 x15:0x00000000 x11:0xf1e8b1fd x15=0xf1e8b1fd
      956082000	     47702	800049dc	0103dd13	srli	x26,x7,0x10	  x7:0xfffffd3c x26=0x0000ffff
      956102000	     47703	800049e0	fb324713	xori	x14,x4,-77	  x4:0x00000000 x14=0xffffffb3
      956122000	     47704	800049e4	402bd893	srai	x17,x23,0x2	 x23:0x8001fe24 x17=0xe0007f89
      956222000	     47709	800049e8	6455	c.lui	x8,0x15	  x8=0x00015000
      956242000	     47710	800049ea	1580	c.addi4spn	x8,x2,736	  x8=0x0000001c
      956262000	     47711	800049ec	ed770093	addi	x1,x14,-297	 x14:0xffffffb3  x1=0xfffffe8a
      956282000	     47712	800049f0	00b978b3	and	x17,x18,x11	 x18:0x00000000 x11:0xf1e8b1fd x17=0x00000000
      956302000	     47713	800049f4	00bafe63	bgeu	x21,x11,80004a10	 x21:0x00000000 x11:0xf1e8b1fd
      956322000	     47714	800049f8	014e9eb3	sll	x29,x29,x20	 x29:0xfffeeef4 x20:0x00000001 x29=0xfffddde8
      956362000	     47716	800049fc	03c9a9b3	mulhsu	x19,x19,x28	 x19:0x00000000 x28:0x00000001 x19=0x00000000
      956582000	     47727	80004a00	8f1d	c.sub	x14,x15	 x14:0xffffffb3 x15:0xf1e8b1fd x14=0x0e174db6
      956602000	     47728	80004a02	8c0d	c.sub	x8,x11	  x8:0x0000001c x11:0xf1e8b1fd  x8=0x0e174e1f
      956882000	     47742	80004a04	40c88f33	sub	x30,x17,x12	 x17:0x00000000 x12:0xef200001 x30=0x10dfffff
      957142000	     47755	80004a08	926e	c.add	x4,x27	  x4:0x00000000 x27:0x00000001  x4=0x00000001
      957162000	     47756	80004a0a	048a7893	andi	x17,x20,72	 x20:0x00000001 x17=0x00000000
      957182000	     47757	80004a0e	8275	c.srli	x12,0x1d	 x12:0xef200001 x12=0x00000007
      957202000	     47758	80004a10	458c0013	addi	x0,x24,1112	 x24:0xffffffff  x0=0x00000000
      957262000	     47761	80004a14	d3a5f093	andi	x1,x11,-710	 x11:0xf1e8b1fd  x1=0xf1e8b138
      957422000	     47769	80004a18	03f212b3	mulh	x5,x4,x31	  x4:0x00000001 x31:0x00000001  x5=0x00000000
      957442000	     47770	80004a1c	0001	c.addi	x0,0	  x0:0x00000000  x0=0x00000000
      957462000	     47771	80004a1e	02510d33	mul	x26,x2,x5	  x2:0xfffffd3c  x5:0x00000000 x26=0x00000000
      957862000	     47791	80004a22	029e8f33	mul	x30,x29,x9	 x29:0xfffddde8  x9:0x00000000 x30=0x00000000
      957882000	     47792	80004a26	0001	c.addi	x0,0	  x0:0x00000000  x0=0x00000000
      957902000	     47793	80004a28	0480	c.addi4spn	x8,x2,576	  x8=0xffffff7c
      957922000	     47794	80004a2a	8ff9	c.and	x15,x14	 x15:0xf1e8b1fd x14:0x0e174db6 x15=0x000001b4
      958002000	     47798	80004a2c	01d1eb33	or	x22,x3,x29	  x3:0x03ab33ab x29:0xfffddde8 x22=0xffffffeb
      958022000	     47799	80004a30	0000100f	fence.i	
      958202000	     47808	80004a34	983a	c.add	x16,x14	 x16:0x00000000 x14:0x0e174db6 x16=0x0e174db6
      958322000	     47814	80004a36	b4b6e013	ori	x0,x13,-1205	 x13:0x80023ce4  x0=0x00000000
      958382000	     47817	80004a3a	19694897	auipc	x17,0x19694	 x17=0x99698a3a
      958402000	     47818	80004a3e	e021	c.bnez	x8,80004a7e	  x8:0xffffff7c
      959382000	     47867	80004a7e	0104e033	or	x0,x9,x16	  x9:0x00000000 x16:0x0e174db6  x0=0x00000000
      959822000	     47889	80004a82	03249b33	mulh	x22,x9,x18	  x9:0x00000000 x18:0x00000000 x22=0x00000000
      960562000	     47926	80004a86	02d5fd33	remu	x26,x11,x13	 x11:0xf1e8b1fd x13:0x80023ce4 x26=0x71e67519
      960582000	     47927	80004a8a	615d	c.addi16sp	x2,432	  x2:0xfffffd3c  x2=0xfffffeec
      960602000	     47928	80004a8c	4969	c.li	x18,26	 x18=0x0000001a
      960622000	     47929	80004a8e	8655	c.srai	x12,0x15	 x12:0x00000007 x12=0x00000000
      960642000	     47930	80004a90	40a9da93	srai	x21,x19,0xa	 x19:0x00000000 x21=0x00000000
      960662000	     47931	80004a94	0229ec63	bltu	x19,x2,80004acc	 x19:0x00000000  x2:0xfffffeec
      960802000	     47938	80004acc	717d	c.addi16sp	x2,-16	  x2:0xfffffeec  x2=0xfffffedc
      961702000	     47983	80004ace	0385df33	divu	x30,x11,x24	 x11:0xf1e8b1fd x24:0xffffffff x30=0x00000000
      961722000	     47984	80004ad2	6639	c.lui	x12,0xe	 x12=0x0000e000
      961742000	     47985	80004ad4	0001	c.addi	x0,0	  x0:0x00000000  x0=0x00000000
      961762000	     47986	80004ad6	480d	c.li	x16,3	 x16=0x00000003
      961782000	     47987	80004ad8	8765	c.srai	x14,0x19	 x14:0x0e174db6 x14=0x00000007
      962522000	     48024	80004ada	02b45833	divu	x16,x8,x11	  x8:0xffffff7c x11:0xf1e8b1fd x16=0x00000001
      962542000	     48025	80004ade	01fca9b3	slt	x19,x25,x31	 x25:0xfffffffe x31:0x00000001 x19=0x00000001
      962562000	     48026	80004ae2	000d3b33	sltu	x22,x26,x0	 x26:0x71e67519  x0:0x00000000 x22=0x00000000
      962582000	     48027	80004ae6	015f1cb3	sll	x25,x30,x21	 x30:0x00000000 x21:0x00000000 x25=0x00000000
      962602000	     48028	80004aea	8d5a2e13	slti	x28,x20,-1835	 x20:0x00000001 x28=0x00000000
      962702000	     48033	80004aee	00601763	bne	x0,x6,80004afc	  x0:0x00000000  x6:0xfffffdfc
      962982000	     48047	80004afc	d183e713	ori	x14,x7,-744	  x7:0xfffffd3c x14=0xfffffd3c
      963722000	     48084	80004b00	0222deb3	divu	x29,x5,x2	  x5:0x00000000  x2:0xfffffedc x29=0x00000000
      963742000	     48085	80004b04	6fe5a0b7	lui	x1,0x6fe5a	  x1=0x6fe5a000
      963762000	     48086	80004b08	4198dd93	srai	x27,x17,0x19	 x17:0x99698a3a x27=0xffffffcc
      963782000	     48087	80004b0c	03a1d363	bge	x3,x26,80004b32	  x3:0x03ab33ab x26:0x71e67519
      963882000	     48092	80004b10	00337cb3	and	x25,x6,x3	  x6:0xfffffdfc  x3:0x03ab33ab x25=0x03ab31a8
      964022000	     48099	80004b14	00742133	slt	x2,x8,x7	  x8:0xffffff7c  x7:0xfffffd3c  x2=0x00000000
      964442000	     48120	80004b18	6259	c.lui	x4,0x16	  x4=0x00016000
      964482000	     48122	80004b1a	02841d33	mulh	x26,x8,x8	  x8:0xffffff7c  x8:0xffffff7c x26=0x00000000
      964502000	     48123	80004b1e	40525933	sra	x18,x4,x5	  x4:0x00016000  x5:0x00000000 x18=0x00016000
      964522000	     48124	80004b22	9cb13893	sltiu	x17,x2,-1589	  x2:0x00000000 x17=0x00000001
      964542000	     48125	80004b26	4101	c.li	x2,0	  x2=0x00000000
      964562000	     48126	80004b28	00a3e763	bltu	x7,x10,80004b36	  x7:0xfffffd3c x10:0x7ffe0674
      964582000	     48127	80004b2c	0000100f	fence.i	
      964682000	     48132	80004b30	8366	c.mv	x6,x25	  x0:0x00000000 x25:0x03ab31a8  x6=0x03ab31a8
      965422000	     48169	80004b32	03254033	div	x0,x10,x18	 x10:0x7ffe0674 x18:0x00016000  x0=0x00000000
      965462000	     48171	80004b36	034b3033	mulhu	x0,x22,x20	 x22:0x00000000 x20:0x00000001  x0=0x00000000
      965482000	     48172	80004b3a	8371	c.srli	x14,0x1c	 x14:0xfffffd3c x14=0x0000000f
      966222000	     48209	80004b3c	02c7d733	divu	x14,x15,x12	 x15:0x000001b4 x12:0x0000e000 x14=0x00000000
      966242000	     48210	80004b40	8d69	c.and	x10,x10	 x10:0x7ffe0674 x10:0x7ffe0674 x10=0x7ffe0674
      966262000	     48211	80004b42	f7656f93	ori	x31,x10,-138	 x10:0x7ffe0674 x31=0xffffff76
      966282000	     48212	80004b46	92b6	c.add	x5,x13	  x5:0x00000000 x13:0x80023ce4  x5=0x80023ce4
      966302000	     48213	80004b48	8e45	c.or	x12,x9	 x12:0x0000e000  x9:0x00000000 x12=0x0000e000
      966322000	     48214	80004b4a	006b4663	blt	x22,x6,80004b56	 x22:0x00000000  x6:0x03ab31a8
      967602000	     48278	80004b56	03185533	divu	x10,x16,x17	 x16:0x00000001 x17:0x00000001 x10=0x00000001
      967622000	     48279	80004b5a	456db913	sltiu	x18,x27,1110	 x27:0xffffffcc x18=0x00000000
      967642000	     48280	80004b5e	6311	c.lui	x6,0x4	  x6=0x00004000
      967662000	     48281	80004b60	411854b3	sra	x9,x16,x17	 x16:0x00000001 x17:0x00000001  x9=0x00000000
      967682000	     48282	80004b64	00d1beb3	sltu	x29,x3,x13	  x3:0x03ab33ab x13:0x80023ce4 x29=0x00000001
      967702000	     48283	80004b68	94928e97	auipc	x29,0x94928	 x29=0x1492cb68
      967722000	     48284	80004b6c	003fff63	bgeu	x31,x3,80004b8a	 x31:0xffffff76  x3:0x03ab33ab
      968602000	     48328	80004b8a	00f1d763	bge	x3,x15,80004b98	  x3:0x03ab33ab x15:0x000001b4
      969142000	     48355	80004b98	d979e993	ori	x19,x19,-617	 x19:0x00000001 x19=0xfffffd97
      969162000	     48356	80004b9c	81e26f97	auipc	x31,0x81e26	 x31=0x01e2ab9c
      969582000	     48377	80004ba0	c209	c.beqz	x12,80004ba2	 x12:0x0000e000
      969602000	     48378	80004ba2	8ca1	c.xor	x9,x8	  x9:0x00000000  x8:0xffffff7c  x9=0xffffff7c
      969962000	     48396	80004ba4	d1b10637	lui	x12,0xd1b10	 x12=0xd1b10000
      969982000	     48397	80004ba8	8312	c.mv	x6,x4	  x0:0x00000000  x4:0x00016000  x6=0x00016000
      970002000	     48398	80004baa	83b1	c.srli	x15,0xc	 x15:0x000001b4 x15=0x00000000
      970022000	     48399	80004bac	717d	c.addi16sp	x2,-16	  x2:0x00000000  x2=0xfffffff0
      970042000	     48400	80004bae	8d49	c.or	x10,x10	 x10:0x00000001 x10:0x00000001 x10=0x00000001
      970062000	     48401	80004bb0	e605	c.bnez	x12,80004bd8	 x12:0xd1b10000
      970422000	     48419	80004bd8	8d79	c.and	x10,x14	 x10:0x00000001 x14:0x00000000 x10=0x00000000
      970442000	     48420	80004bda	a158ca97	auipc	x21,0xa158c	 x21=0x21590bda
      970462000	     48421	80004bde	4fc5	c.li	x31,17	 x31=0x00000011
      970562000	     48426	80004be0	0ff0000f	fence	iorw,iorw	
      971322000	     48464	80004be4	033ffd33	remu	x26,x31,x19	 x31:0x00000011 x19:0xfffffd97 x26=0x00000011
      971342000	     48465	80004be8	072df163	bgeu	x27,x18,80004c4a	 x27:0xffffffcc x18:0x00000000
      971542000	     48475	80004c4a	7c848313	addi	x6,x9,1992	  x9:0xffffff7c  x6=0x00000744
      971562000	     48476	80004c4e	0000100f	fence.i	
      972182000	     48507	80004c52	003d82b3	add	x5,x27,x3	 x27:0xffffffcc  x3:0x03ab33ab  x5=0x03ab3377
      973242000	     48560	80004c56	0292fa33	remu	x20,x5,x9	  x5:0x03ab3377  x9:0xffffff7c x20=0x03ab3377
      973262000	     48561	80004c5a	018ae733	or	x14,x21,x24	 x21:0x21590bda x24:0xffffffff x14=0xffffffff
      974002000	     48598	80004c5e	03abe1b3	rem	x3,x23,x26	 x23:0x8001fe24 x26:0x00000011  x3=0xfffffff9
      974022000	     48599	80004c62	42550a13	addi	x20,x10,1061	 x10:0x00000000 x20=0x00000425
      974042000	     48600	80004c66	006fcd63	blt	x31,x6,80004c80	 x31:0x00000011  x6:0x00000744
      974222000	     48609	80004c80	717d	c.addi16sp	x2,-16	  x2:0xfffffff0  x2=0xffffffe0
      974242000	     48610	80004c82	0ff0000f	fence	iorw,iorw	
      974442000	     48620	80004c86	41f45893	srai	x17,x8,0x1f	  x8:0xffffff7c x17=0xffffffff
      974462000	     48621	80004c8a	1cfd	c.addi	x25,-1	 x25:0x03ab31a8 x25=0x03ab31a7
      974562000	     48626	80004c8c	02ac5063	bge	x24,x10,80004cac	 x24:0xffffffff x10:0x00000000
      974582000	     48627	80004c90	00111d93	slli	x27,x2,0x1	  x2:0xffffffe0 x27=0xffffffc0
      974602000	     48628	80004c94	00b5a433	slt	x8,x11,x11	 x11:0xf1e8b1fd x11:0xf1e8b1fd  x8=0x00000000
      974622000	     48629	80004c98	010468b3	or	x17,x8,x16	  x8:0x00000000 x16:0x00000001 x17=0x00000001
      974662000	     48631	80004c9c	02ab1eb3	mulh	x29,x22,x10	 x22:0x00000000 x10:0x00000000 x29=0x00000000
      974882000	     48642	80004ca0	0145c233	xor	x4,x11,x20	 x11:0xf1e8b1fd x20:0x00000425  x4=0xf1e8b5d8
      975022000	     48649	80004ca4	0ff0000f	fence	iorw,iorw	
      975042000	     48650	80004ca8	8d55	c.or	x10,x13	 x10:0x00000000 x13:0x80023ce4 x10=0x80023ce4
      975062000	     48651	80004caa	197d	c.addi	x18,-1	 x18:0x00000000 x18=0xffffffff
      975862000	     48691	80004cac	022bfc33	remu	x24,x23,x2	 x23:0x8001fe24  x2:0xffffffe0 x24=0x8001fe24
      975882000	     48692	80004cb0	c6f9bf97	auipc	x31,0xc6f9b	 x31=0x46f9fcb0
      975902000	     48693	80004cb4	8149	c.srli	x10,0x12	 x10:0x80023ce4 x10=0x00002000
      975922000	     48694	80004cb6	08e2	c.slli	x17,0x18	 x17:0x00000001 x17=0x01000000
      975942000	     48695	80004cb8	ea01	c.bnez	x12,80004cc8	 x12:0xd1b10000
      976042000	     48700	80004cc8	01462233	slt	x4,x12,x20	 x12:0xd1b10000 x20:0x00000425  x4=0x00000001
      976122000	     48704	80004ccc	030c8433	mul	x8,x25,x16	 x25:0x03ab31a7 x16:0x00000001  x8=0x03ab31a7
      976142000	     48705	80004cd0	72220793	addi	x15,x4,1826	  x4:0x00000001 x15=0x00000723
      976402000	     48718	80004cd4	0361c863	blt	x3,x22,80004d04	  x3:0xfffffff9 x22:0x00000000
      976662000	     48731	80004d04	c401	c.beqz	x8,80004d0c	  x8:0x03ab31a7
      990982000	     49447	80004d06	0351bdb3	mulhu	x27,x3,x21	  x3:0xfffffff9 x21:0x21590bda x27=0x21590bd9
      991002000	     49448	80004d0a	8c45	c.or	x8,x9	  x8:0x03ab31a7  x9:0xffffff7c  x8=0xffffffff
      991022000	     49449	80004d0c	401c0933	sub	x18,x24,x1	 x24:0x8001fe24  x1:0x6fe5a000 x18=0x101c5e24
      991042000	     49450	80004d10	8795	c.srai	x15,0x5	 x15:0x00000723 x15=0x00000039
      991062000	     49451	80004d12	010b1c93	slli	x25,x22,0x10	 x22:0x00000000 x25=0x00000000
      991082000	     49452	80004d16	cc05	c.beqz	x8,80004d4e	  x8:0xffffffff
      991102000	     49453	80004d18	80e2	c.mv	x1,x24	  x0:0x00000000 x24:0x8001fe24  x1=0x8001fe24
      991122000	     49454	80004d1a	973a	c.add	x14,x14	 x14:0xffffffff x14:0xffffffff x14=0xfffffffe
      991142000	     49455	80004d1c	9f7e	c.add	x30,x31	 x30:0x00000000 x31:0x46f9fcb0 x30=0x46f9fcb0
      991162000	     49456	80004d1e	805d	c.srli	x8,0x17	  x8:0xffffffff  x8=0x000001ff
      991182000	     49457	80004d20	e719	c.bnez	x14,80004d2e	 x14:0xfffffffe
      992142000	     49505	80004d2e	01f66f33	or	x30,x12,x31	 x12:0xd1b10000 x31:0x46f9fcb0 x30=0xd7f9fcb0
      992362000	     49516	80004d32	02d63b33	mulhu	x22,x12,x13	 x12:0xd1b10000 x13:0x80023ce4 x22=0x68da5542
      992522000	     49524	80004d36	41095f33	sra	x30,x18,x16	 x18:0x101c5e24 x16:0x00000001 x30=0x080e2f12
      992542000	     49525	80004d3a	03017763	bgeu	x2,x16,80004d68	  x2:0xffffffe0 x16:0x00000001
      992702000	     49533	80004d68	8f15	c.sub	x14,x13	 x14:0xfffffffe x13:0x80023ce4 x14=0x7ffdc31a
      993122000	     49554	80004d6a	33056713	ori	x14,x10,816	 x10:0x00002000 x14=0x00002330
      993222000	     49559	80004d6e	41a75313	srai	x6,x14,0x1a	 x14:0x00002330  x6=0x00000000
      993242000	     49560	80004d72	8e4d	c.or	x12,x11	 x12:0xd1b10000 x11:0xf1e8b1fd x12=0xf1f9b1fd
      993322000	     49564	80004d74	edf9b113	sltiu	x2,x19,-289	 x19:0xfffffd97  x2=0x00000001
      993342000	     49565	80004d78	0d158413	addi	x8,x11,209	 x11:0xf1e8b1fd  x8=0xf1e8b2ce
      993462000	     49571	80004d7c	6151	c.addi16sp	x2,272	  x2:0x00000001  x2=0x00000111
      993482000	     49572	80004d7e	00623433	sltu	x8,x4,x6	  x4:0x00000001  x6:0x00000000  x8=0x00000000
      993502000	     49573	80004d82	054a	c.slli	x10,0x12	 x10:0x00002000 x10=0x80000000
      993522000	     49574	80004d84	cd11	c.beqz	x10,80004da0	 x10:0x80000000
      993542000	     49575	80004d86	41330a33	sub	x20,x6,x19	  x6:0x00000000 x19:0xfffffd97 x20=0x00000269
      993962000	     49596	80004d8a	026c5763	bge	x24,x6,80004db8	 x24:0x8001fe24  x6:0x00000000
      993982000	     49597	80004d8e	00d184b3	add	x9,x3,x13	  x3:0xfffffff9 x13:0x80023ce4  x9=0x80023cdd
      994002000	     49598	80004d92	00869663	bne	x13,x8,80004d9e	 x13:0x80023ce4  x8:0x00000000
      994122000	     49604	80004d9e	482d	c.li	x16,11	 x16=0x0000000b
      994322000	     49614	80004da0	03c97863	bgeu	x18,x28,80004dd0	 x18:0x101c5e24 x28:0x00000000
      994482000	     49622	80004dd0	8e65	c.and	x12,x9	 x12:0xf1f9b1fd  x9:0x80023cdd x12=0x800030dd
      994622000	     49629	80004dd2	00c8f033	and	x0,x17,x12	 x17:0x01000000 x12:0x800030dd  x0=0x00000000
      994642000	     49630	80004dd6	6131	c.addi16sp	x2,320	  x2:0x00000111  x2=0x00000251
      994662000	     49631	80004dd8	029e4363	blt	x28,x9,80004dfe	 x28:0x00000000  x9:0x80023cdd
      995082000	     49652	80004ddc	023d3cb3	mulhu	x25,x26,x3	 x26:0x00000011  x3:0xfffffff9 x25=0x00000010
      995382000	     49667	80004de0	40c80c33	sub	x24,x16,x12	 x16:0x0000000b x12:0x800030dd x24=0x7fffcf2e
      995402000	     49668	80004de4	00381ab3	sll	x21,x16,x3	 x16:0x0000000b  x3:0xfffffff9 x21=0x16000000
      995422000	     49669	80004de8	01195d63	bge	x18,x17,80004e02	 x18:0x101c5e24 x17:0x01000000
      995682000	     49682	80004e02	e791	c.bnez	x15,80004e0e	 x15:0x00000039
      996722000	     49734	80004e0e	0b6ac393	xori	x7,x21,182	 x21:0x16000000  x7=0x160000b6
      996742000	     49735	80004e12	01eb50b3	srl	x1,x22,x30	 x22:0x68da5542 x30:0x080e2f12  x1=0x00001a36
      996762000	     49736	80004e16	877d	c.srai	x14,0x1f	 x14:0x00002330 x14=0x00000000
      996782000	     49737	80004e18	01fc80b3	add	x1,x25,x31	 x25:0x00000010 x31:0x46f9fcb0  x1=0x46f9fcc0
      996902000	     49743	80004e1c	8ce06237	lui	x4,0x8ce06	  x4=0x8ce06000
      997082000	     49752	80004e20	01bf5733	srl	x14,x30,x27	 x30:0x080e2f12 x27:0x21590bd9 x14=0x00000004
      997182000	     49757	80004e24	0001	c.addi	x0,0	  x0:0x00000000  x0=0x00000000
      997322000	     49764	80004e26	011c1993	slli	x19,x24,0x11	 x24:0x7fffcf2e x19=0x9e5c0000
      997342000	     49765	80004e2a	860d	c.srai	x12,0x3	 x12:0x800030dd x12=0xf000061b
      997362000	     49766	80004e2c	3a243437	lui	x8,0x3a243	  x8=0x3a243000
      997382000	     49767	80004e30	0001	c.addi	x0,0	  x0:0x00000000  x0=0x00000000
      997402000	     49768	80004e32	616d	c.addi16sp	x2,240	  x2:0x00000251  x2=0x00000341
      997422000	     49769	80004e34	0102b633	sltu	x12,x5,x16	  x5:0x03ab3377 x16:0x0000000b x12=0x00000000
      998482000	     49822	80004e38	0229db33	divu	x22,x19,x2	 x19:0x9e5c0000  x2:0x00000341 x22=0x0030aadf
      998502000	     49823	80004e3c	011e1833	sll	x16,x28,x17	 x28:0x00000000 x17:0x01000000 x16=0x00000000
      998522000	     49824	80004e40	80cd	c.srli	x9,0x13	  x9:0x80023cdd  x9=0x00001000
      998542000	     49825	80004e42	0918	c.addi4spn	x14,x2,144	 x14=0x000003d1
      999282000	     49862	80004e44	034d5eb3	divu	x29,x26,x20	 x26:0x00000011 x20:0x00000269 x29=0x00000000
      999302000	     49863	80004e48	03171c63	bne	x14,x17,80004e80	 x14:0x000003d1 x17:0x01000000
      999862000	     49891	80004e80	0028d493	srli	x9,x17,0x2	 x17:0x01000000  x9=0x00400000
     1000002000	     49898	80004e84	4074d713	srai	x14,x9,0x7	  x9:0x00400000 x14=0x00008000
     1000082000	     49902	80004e88	7e1ff993	andi	x19,x31,2017	 x31:0x46f9fcb0 x19=0x000004a0
     1000102000	     49903	80004e8c	03d29b63	bne	x5,x29,80004ec2	  x5:0x03ab3377 x29:0x00000000
     1000542000	     49925	80004ec2	cd696513	ori	x10,x18,-810	 x18:0x101c5e24 x10=0xfffffef6
     1000562000	     49926	80004ec6	be23ce93	xori	x29,x7,-1054	  x7:0x160000b6 x29=0xe9fffb54
     1000582000	     49927	80004eca	8862	c.mv	x16,x24	  x0:0x00000000 x24:0x7fffcf2e x16=0x7fffcf2e
     1000762000	     49936	80004ecc	371ce793	ori	x15,x25,881	 x25:0x00000010 x15=0x00000371
     1000882000	     49942	80004ed0	403b51b3	sra	x3,x22,x3	 x22:0x0030aadf  x3:0xfffffff9  x3=0x00000000
     1001222000	     49959	80004ed4	02110563	beq	x2,x1,80004efe	  x2:0x00000341  x1:0x46f9fcc0
     1002282000	     50012	80004ed8	03f54d33	div	x26,x10,x31	 x10:0xfffffef6 x31:0x46f9fcb0 x26=0x00000000
     1002302000	     50013	80004edc	03030cb3	mul	x25,x6,x16	  x6:0x00000000 x16:0x7fffcf2e x25=0x00000000
     1002322000	     50014	80004ee0	6afd	c.lui	x21,0x1f	 x21=0x0001f000
     1002342000	     50015	80004ee2	091c	c.addi4spn	x15,x2,144	 x15=0x000003d1
     1002362000	     50016	80004ee4	e109	c.bnez	x10,80004ee6	 x10:0xfffffef6
     1002422000	     50019	80004ee6	0145a633	slt	x12,x11,x20	 x11:0xf1e8b1fd x20:0x00000269 x12=0x00000001
     1002442000	     50020	80004eea	0cf2	c.slli	x25,0x1c	 x25:0x00000000 x25=0x00000000
     1002462000	     50021	80004eec	6b2ba337	lui	x6,0x6b2ba	  x6=0x6b2ba000
     1002602000	     50028	80004ef0	03df9133	mulh	x2,x31,x29	 x31:0x46f9fcb0 x29:0xe9fffb54  x2=0xf9e682fd
     1002622000	     50029	80004ef4	50134e93	xori	x29,x6,1281	  x6:0x6b2ba000 x29=0x6b2ba501
     1002642000	     50030	80004ef8	00185363	bge	x16,x1,80004efe	 x16:0x7fffcf2e  x1:0x46f9fcc0
     1003722000	     50084	80004efe	01de3933	sltu	x18,x28,x29	 x28:0x00000000 x29:0x6b2ba501 x18=0x00000001
     1004462000	     50121	80004f02	02b97533	remu	x10,x18,x11	 x18:0x00000001 x11:0xf1e8b1fd x10=0x00000001
     1004482000	     50122	80004f06	003d6963	bltu	x26,x3,80004f18	 x26:0x00000000  x3:0x00000000
     1004502000	     50123	80004f0a	0110ee33	or	x28,x1,x17	  x1:0x46f9fcc0 x17:0x01000000 x28=0x47f9fcc0
     1004522000	     50124	80004f0e	0000100f	fence.i	
     1004722000	     50134	80004f12	e919	c.bnez	x10,80004f28	 x10:0x00000001
     1005202000	     50158	80004f28	01b18863	beq	x3,x27,80004f38	  x3:0x00000000 x27:0x21590bd9
     1005622000	     50179	80004f2c	b00c2cb7	lui	x25,0xb00c2	 x25=0xb00c2000
     1005642000	     50180	80004f30	41ead133	sra	x2,x21,x30	 x21:0x0001f000 x30:0x080e2f12  x2=0x00000000
     1005922000	     50194	80004f34	41f08e33	sub	x28,x1,x31	  x1:0x46f9fcc0 x31:0x46f9fcb0 x28=0x00000010
     1005982000	     50197	80004f38	0000100f	fence.i	
     1006382000	     50217	80004f3c	02225f33	divu	x30,x4,x2	  x4:0x8ce06000  x2:0x00000000 x30=0xffffffff
     1006402000	     50218	80004f40	94858393	addi	x7,x11,-1720	 x11:0xf1e8b1fd  x7=0xf1e8ab45
     1006422000	     50219	80004f44	015ed333	srl	x6,x29,x21	 x29:0x6b2ba501 x21:0x0001f000  x6=0x6b2ba501
     1006442000	     50220	80004f48	20e1ff93	andi	x31,x3,526	  x3:0x00000000 x31=0x00000000
     1006462000	     50221	80004f4c	dd01b813	sltiu	x16,x3,-560	  x3:0x00000000 x16=0x00000001
     1006642000	     50230	80004f50	84e5	c.srai	x9,0x19	  x9:0x00400000  x9=0x00000000
     1006662000	     50231	80004f52	0284	c.addi4spn	x9,x2,320	  x9=0x00000140
     1006822000	     50239	80004f54	b15bfe97	auipc	x29,0xb15bf	 x29=0x315c3f54
     1006842000	     50240	80004f58	03180b63	beq	x16,x17,80004f8e	 x16:0x00000001 x17:0x01000000
     1006882000	     50242	80004f5c	03641f33	mulh	x30,x8,x22	  x8:0x3a243000 x22:0x0030aadf x30=0x000b0d97
     1007922000	     50294	80004f60	03c0c333	div	x6,x1,x28	  x1:0x46f9fcc0 x28:0x00000010  x6=0x046f9fcc
     1007942000	     50295	80004f64	03d0fd63	bgeu	x1,x29,80004f9e	  x1:0x46f9fcc0 x29:0x315c3f54
     1008222000	     50309	80004f9e	01111b13	slli	x22,x2,0x11	  x2:0x00000000 x22=0x00000000
     1008642000	     50330	80004fa2	01e1ce33	xor	x28,x3,x30	  x3:0x00000000 x30:0x000b0d97 x28=0x000b0d97
     1009062000	     50351	80004fa6	00b06033	or	x0,x0,x11	  x0:0x00000000 x11:0xf1e8b1fd  x0=0x00000000
     1009082000	     50352	80004faa	8ea6	c.mv	x29,x9	  x0:0x00000000  x9:0x00000140 x29=0x00000140
     1009982000	     50397	80004fac	030c42b3	div	x5,x24,x16	 x24:0x7fffcf2e x16:0x00000001  x5=0x7fffcf2e
     1010002000	     50398	80004fb0	92a2	c.add	x5,x8	  x5:0x7fffcf2e  x8:0x3a243000  x5=0xba23ff2e
     1010022000	     50399	80004fb2	8e86	c.mv	x29,x1	  x0:0x00000000  x1:0x46f9fcc0 x29=0x46f9fcc0
     1010042000	     50400	80004fb4	8e21	c.xor	x12,x8	 x12:0x00000001  x8:0x3a243000 x12=0x3a243001
     1010062000	     50401	80004fb6	0190	c.addi4spn	x12,x2,192	 x12=0x000000c0
     1010102000	     50403	80004fb8	026b9c33	mulh	x24,x23,x6	 x23:0x8001fe24  x6:0x046f9fcc x24=0xfdc838f1
     1010842000	     50440	80004fbc	03846833	rem	x16,x8,x24	  x8:0x3a243000 x24:0xfdc838f1 x16=0x0079f87a
     1010862000	     50441	80004fc0	0f0d	c.addi	x30,3	 x30:0x000b0d97 x30=0x000b0d9a
     1010882000	     50442	80004fc2	030c7863	bgeu	x24,x16,80004ff2	 x24:0xfdc838f1 x16:0x0079f87a
     1010962000	     50446	80004ff2	e319	c.bnez	x14,80004ff8	 x14:0x00008000
     1011022000	     50449	80004ff8	02a53433	mulhu	x8,x10,x10	 x10:0x00000001 x10:0x00000001  x8=0x00000000
     1011362000	     50466	80004ffc	9966	c.add	x18,x25	 x18:0x00000001 x25:0xb00c2000 x18=0xb00c2001
     1011562000	     50476	80004ffe	0065fd33	and	x26,x11,x6	 x11:0xf1e8b1fd  x6:0x046f9fcc x26=0x006891cc
     1011582000	     50477	80005002	ec09f313	andi	x6,x19,-320	 x19:0x000004a0  x6=0x00000480
     1011602000	     50478	80005006	0001	c.addi	x0,0	  x0:0x00000000  x0=0x00000000
     1011622000	     50479	80005008	01a78133	add	x2,x15,x26	 x15:0x000003d1 x26:0x006891cc  x2=0x0068959d
     1011782000	     50487	8000500c	8f91	c.sub	x15,x12	 x15:0x000003d1 x12:0x000000c0 x15=0x00000311
     1011802000	     50488	8000500e	006c0563	beq	x24,x6,80005018	 x24:0xfdc838f1  x6:0x00000480
     1011822000	     50489	80005012	8d29	c.xor	x10,x10	 x10:0x00000001 x10:0x00000001 x10=0x00000000
     1011982000	     50497	80005014	0ff0000f	fence	iorw,iorw	
     1012002000	     50498	80005018	01e56263	bltu	x10,x30,8000501c	 x10:0x00000000 x30:0x000b0d9a
     1012482000	     50522	8000501c	0000100f	fence.i	
     1013262000	     50561	80005020	037f0c63	beq	x30,x23,80005058	 x30:0x000b0d9a x23:0x8001fe24
     1013402000	     50568	80005024	8791	c.srai	x15,0x4	 x15:0x00000311 x15=0x00000031
     1013822000	     50589	80005026	0162eeb3	or	x29,x5,x22	  x5:0xba23ff2e x22:0x00000000 x29=0xba23ff2e
     1013842000	     50590	8000502a	acf7f493	andi	x9,x15,-1329	 x15:0x00000031  x9=0x00000001
     1013862000	     50591	8000502e	028d5463	bge	x26,x8,80005056	 x26:0x006891cc  x8:0x00000000
     1014442000	     50620	80005056	167d	c.addi	x12,-1	 x12:0x000000c0 x12=0x000000bf
     1014462000	     50621	80005058	4f51	c.li	x30,20	 x30=0x00000014
     1015462000	     50671	8000505a	02725a33	divu	x20,x4,x7	  x4:0x8ce06000  x7:0xf1e8ab45 x20=0x00000000
     1015482000	     50672	8000505e	3f3a6b13	ori	x22,x20,1011	 x20:0x00000000 x22=0x000003f3
     1015502000	     50673	80005062	8f2b7337	lui	x6,0x8f2b7	  x6=0x8f2b7000
     1015522000	     50674	80005066	0001	c.addi	x0,0	  x0:0x00000000  x0=0x00000000
     1015542000	     50675	80005068	1e88	c.addi4spn	x10,x2,880	 x10=0x0068990d
     1015562000	     50676	8000506a	ed09	c.bnez	x10,80005084	 x10:0x0068990d
     1015962000	     50696	80005084	996e	c.add	x18,x27	 x18:0xb00c2001 x27:0x21590bd9 x18=0xd1652bda
     1015982000	     50697	80005086	0001	c.addi	x0,0	  x0:0x00000000  x0=0x00000000
     1016022000	     50699	80005088	53193793	sltiu	x15,x18,1329	 x18:0xd1652bda x15=0x00000000
     1016042000	     50700	8000508c	00247633	and	x12,x8,x2	  x8:0x00000000  x2:0x0068959d x12=0x00000000
     1016462000	     50721	80005090	e799	c.bnez	x15,8000509e	 x15:0x00000000
     1016482000	     50722	80005092	017d0a63	beq	x26,x23,800050a6	 x26:0x006891cc x23:0x8001fe24
     1016502000	     50723	80005096	00d91533	sll	x10,x18,x13	 x18:0xd1652bda x13:0x80023ce4 x10=0x1652bda0
     1016522000	     50724	8000509a	45a02313	slti	x6,x0,1114	  x0:0x00000000  x6=0x00000001
     1016902000	     50743	8000509e	015b8e63	beq	x23,x21,800050ba	 x23:0x8001fe24 x21:0x0001f000
     1017802000	     50788	800050a2	03a774b3	remu	x9,x14,x26	 x14:0x00008000 x26:0x006891cc  x9=0x00008000
     1017822000	     50789	800050a6	0046c9b3	xor	x19,x13,x4	 x13:0x80023ce4  x4:0x8ce06000 x19=0x0ce25ce4
     1017842000	     50790	800050aa	8e266213	ori	x4,x12,-1822	 x12:0x00000000  x4=0xfffff8e2
     1017862000	     50791	800050ae	83c5	c.srli	x15,0x11	 x15:0x00000000 x15=0x00000000
     1017882000	     50792	800050b0	008bc3b3	xor	x7,x23,x8	 x23:0x8001fe24  x8:0x00000000  x7=0x8001fe24
     1017902000	     50793	800050b4	80c9	c.srli	x9,0x12	  x9:0x00008000  x9=0x00000000
     1017942000	     50795	800050b6	0232a433	mulhsu	x8,x5,x3	  x5:0xba23ff2e  x3:0x00000000  x8=0x00000000
     1017962000	     50796	800050ba	04f39463	bne	x7,x15,80005102	  x7:0x8001fe24 x15:0x00000000
     1018222000	     50809	80005102	0ae6	c.slli	x21,0x19	 x21:0x0001f000 x21=0x00000000
     1019362000	     50866	80005104	03676b33	rem	x22,x14,x22	 x14:0x00008000 x22:0x000003f3 x22=0x000001a0
     1026862000	     51241	80005108	02114d63	blt	x2,x1,80005142	  x2:0x0068959d  x1:0x46f9fcc0
     1027362000	     51266	80005142	0009f533	and	x10,x19,x0	 x19:0x0ce25ce4  x0:0x00000000 x10=0x00000000
     1027442000	     51270	80005146	026a2e33	mulhsu	x28,x20,x6	 x20:0x00000000  x6:0x00000001 x28=0x00000000
     1027462000	     51271	8000514a	e501	c.bnez	x10,80005152	 x10:0x00000000
     1027482000	     51272	8000514c	b4775317	auipc	x6,0xb4775	  x6=0x3477a14c
     1027862000	     51291	80005150	00a9	c.addi	x1,10	  x1:0x46f9fcc0  x1=0x46f9fcca
     1027882000	     51292	80005152	024fe493	ori	x9,x31,36	 x31:0x00000000  x9=0x00000024
     1028002000	     51298	80005156	0f684913	xori	x18,x16,246	 x16:0x0079f87a x18=0x0079f88c
     1028142000	     51305	8000515a	00b8bf33	sltu	x30,x17,x11	 x17:0x01000000 x11:0xf1e8b1fd x30=0x00000001
     1028162000	     51306	8000515e	8fbd	c.xor	x15,x15	 x15:0x00000000 x15:0x00000000 x15=0x00000000
     1028362000	     51316	80005160	03489933	mulh	x18,x17,x20	 x17:0x01000000 x20:0x00000000 x18=0x00000000
     1028382000	     51317	80005164	01cd0ab3	add	x21,x26,x28	 x26:0x006891cc x28:0x00000000 x21=0x006891cc
     1028802000	     51338	80005168	022fb9b3	mulhu	x19,x31,x2	 x31:0x00000000  x2:0x0068959d x19=0x00000000
     1028822000	     51339	8000516c	cc914813	xori	x16,x2,-823	  x2:0x0068959d x16=0xff976954
     1029202000	     51358	80005170	8ca5	c.xor	x9,x9	  x9:0x00000024  x9:0x00000024  x9=0x00000000
     1029222000	     51359	80005172	c495	c.beqz	x9,8000519e	  x9:0x00000000
     1030782000	     51437	8000519e	ed15	c.bnez	x10,800051da	 x10:0x00000000
     1031182000	     51457	800051a0	03d92133	mulhsu	x2,x18,x29	 x18:0x00000000 x29:0xba23ff2e  x2=0x00000000
     1031202000	     51458	800051a4	97a6	c.add	x15,x9	 x15:0x00000000  x9:0x00000000 x15=0x00000000
     1031242000	     51460	800051a6	0015b433	sltu	x8,x11,x1	 x11:0xf1e8b1fd  x1:0x46f9fcca  x8=0x00000000
     1031262000	     51461	800051aa	364bca93	xori	x21,x23,868	 x23:0x8001fe24 x21=0x8001fd40
     1031682000	     51482	800051ae	00bb1fb3	sll	x31,x22,x11	 x22:0x000001a0 x11:0xf1e8b1fd x31=0x00000000
     1031702000	     51483	800051b2	8d41	c.or	x10,x8	 x10:0x00000000  x8:0x00000000 x10=0x00000000
     1031722000	     51484	800051b4	3a86a993	slti	x19,x13,936	 x13:0x80023ce4 x19=0x00000001
     1031782000	     51487	800051b8	8fc1	c.or	x15,x8	 x15:0x00000000  x8:0x00000000 x15=0x00000000
     1031802000	     51488	800051ba	877d	c.srai	x14,0x1f	 x14:0x00008000 x14=0x00000000
     1031902000	     51493	800051bc	8f26	c.mv	x30,x9	  x0:0x00000000  x9:0x00000000 x30=0x00000000
     1031922000	     51494	800051be	03a3ee63	bltu	x7,x26,800051fa	  x7:0x8001fe24 x26:0x006891cc
     1031942000	     51495	800051c2	01ac4833	xor	x16,x24,x26	 x24:0xfdc838f1 x26:0x006891cc x16=0xfda0a93d
     1031962000	     51496	800051c6	1a1c	c.addi4spn	x15,x2,304	 x15=0x00000130
     1032282000	     51512	800051c8	0001	c.addi	x0,0	  x0:0x00000000  x0=0x00000000
     1032302000	     51513	800051ca	1292dd17	auipc	x26,0x1292d	 x26=0x929321ca
     1032322000	     51514	800051ce	8b89	c.andi	x15,2	 x15:0x00000130 x15=0x00000000
     1032722000	     51534	800051d0	01e21f93	slli	x31,x4,0x1e	  x4:0xfffff8e2 x31=0x80000000
     1033582000	     51577	800051d4	039b5ab3	divu	x21,x22,x25	 x22:0x000001a0 x25:0xb00c2000 x21=0x00000000
     1033602000	     51578	800051d8	e489	c.bnez	x9,800051e2	  x9:0x00000000
     1033622000	     51579	800051da	b45f3913	sltiu	x18,x30,-1211	 x30:0x00000000 x18=0x00000001
     1033642000	     51580	800051de	9a56	c.add	x20,x21	 x20:0x00000000 x21:0x00000000 x20=0x00000000
     1033662000	     51581	800051e0	8f05	c.sub	x14,x9	 x14:0x00000000  x9:0x00000000 x14=0x00000000
     1033702000	     51583	800051e2	03a69c33	mulh	x24,x13,x26	 x13:0x80023ce4 x26:0x929321ca x24=0x36b57a3a
     1033722000	     51584	800051e6	837d	c.srli	x14,0x1f	 x14:0x00000000 x14=0x00000000
     1033742000	     51585	800051e8	8efe	c.mv	x29,x31	  x0:0x00000000 x31:0x80000000 x29=0x80000000
     1033822000	     51589	800051ea	08e5ce93	xori	x29,x11,142	 x11:0xf1e8b1fd x29=0xf1e8b173
     1033842000	     51590	800051ee	01791613	slli	x12,x18,0x17	 x18:0x00000001 x12=0x00800000
     1033862000	     51591	800051f2	8b35	c.andi	x14,13	 x14:0x00000000 x14=0x00000000
     1033882000	     51592	800051f4	8d39	c.xor	x10,x14	 x10:0x00000000 x14:0x00000000 x10=0x00000000
     1034182000	     51607	800051f6	011dc663	blt	x27,x17,80005202	 x27:0x21590bd9 x17:0x01000000
     1034202000	     51608	800051fa	8429	c.srai	x8,0xa	  x8:0x00000000  x8=0x00000000
     1034222000	     51609	800051fc	9e720313	addi	x6,x4,-1561	  x4:0xfffff8e2  x6=0xfffff2c9
     1034522000	     51624	80005200	0001	c.addi	x0,0	  x0:0x00000000  x0=0x00000000
     1034542000	     51625	80005202	0001	c.addi	x0,0	  x0:0x00000000  x0=0x00000000
     1034562000	     51626	80005204	03f77a63	bgeu	x14,x31,80005238	 x14:0x00000000 x31:0x80000000
     1034582000	     51627	80005208	ba148c13	addi	x24,x9,-1119	  x9:0x00000000 x24=0xfffffba1
     1034862000	     51641	8000520c	8c51	c.or	x8,x12	  x8:0x00000000 x12:0x00800000  x8=0x00800000
     1035942000	     51695	8000520e	02ba54b3	divu	x9,x20,x11	 x20:0x00000000 x11:0xf1e8b1fd  x9=0x00000000
     1035962000	     51696	80005212	990d4c93	xori	x25,x26,-1648	 x26:0x929321ca x25=0x6d6cd85a
     1035982000	     51697	80005216	405d5133	sra	x2,x26,x5	 x26:0x929321ca  x5:0xba23ff2e  x2=0xfffe4a4c
     1036002000	     51698	8000521a	408cd1b3	sra	x3,x25,x8	 x25:0x6d6cd85a  x8:0x00800000  x3=0x6d6cd85a
     1036022000	     51699	8000521e	013f18b3	sll	x17,x30,x19	 x30:0x00000000 x19:0x00000001 x17=0x00000000
     1036042000	     51700	80005222	0b08	c.addi4spn	x10,x2,400	 x10=0xfffe4bdc
     1036402000	     51718	80005224	405d5813	srai	x16,x26,0x5	 x26:0x929321ca x16=0xfc94990e
     1036442000	     51720	80005228	02ee2733	mulhsu	x14,x28,x14	 x28:0x00000000 x14:0x00000000 x14=0x00000000
     1037182000	     51757	8000522c	0363d433	divu	x8,x7,x22	  x7:0x8001fe24 x22:0x000001a0  x8=0x004ec626
     1037202000	     51758	80005230	c91d	c.beqz	x10,80005266	 x10:0xfffe4bdc
     1037222000	     51759	80005232	1cfd	c.addi	x25,-1	 x25:0x6d6cd85a x25=0x6d6cd859
     1037242000	     51760	80005234	018ad813	srli	x16,x21,0x18	 x21:0x00000000 x16=0x00000000
     1037262000	     51761	80005238	024089b3	mul	x19,x1,x4	  x1:0x46f9fcca  x4:0xfffff8e2 x19=0xd8cada54
     1038002000	     51798	8000523c	0286fd33	remu	x26,x13,x8	 x13:0x80023ce4  x8:0x004ec626 x26=0x00003f24
     1038022000	     51799	80005240	8419	c.srai	x8,0x6	  x8:0x004ec626  x8=0x00013b18
     1038042000	     51800	80005242	001fcd63	blt	x31,x1,8000525c	 x31:0x80000000  x1:0x46f9fcca
     1038402000	     51818	8000525c	410fd713	srai	x14,x31,0x10	 x31:0x80000000 x14=0xffff8000
     1038482000	     51822	80005260	abd8ef13	ori	x30,x17,-1347	 x17:0x00000000 x30=0xfffffabd
     1038682000	     51832	80005264	717d	c.addi16sp	x2,-16	  x2:0xfffe4a4c  x2=0xfffe4a3c
     1038782000	     51837	80005266	01754ab3	xor	x21,x10,x23	 x10:0xfffe4bdc x23:0x8001fe24 x21=0x7fffb5f8
     1038922000	     51844	8000526a	41d9de33	sra	x28,x19,x29	 x19:0xd8cada54 x29:0xf1e8b173 x28=0xfffffb19
     1038962000	     51846	8000526e	00b46f63	bltu	x8,x11,8000528c	  x8:0x00013b18 x11:0xf1e8b1fd
     1040022000	     51899	8000528c	038868b3	rem	x17,x16,x24	 x16:0x00000000 x24:0xfffffba1 x17=0x00000000
     1040042000	     51900	80005290	04184863	blt	x16,x1,800052e0	 x16:0x00000000  x1:0x46f9fcca
     1040282000	     51912	800052e0	01f93233	sltu	x4,x18,x31	 x18:0x00000001 x31:0x80000000  x4=0x00000001
     1040302000	     51913	800052e4	0db6	c.slli	x27,0xd	 x27:0x21590bd9 x27=0x217b2000
     1040322000	     51914	800052e6	6171	c.addi16sp	x2,336	  x2:0xfffe4a3c  x2=0xfffe4b8c
     1040482000	     51922	800052e8	0001	c.addi	x0,0	  x0:0x00000000  x0=0x00000000
     1040502000	     51923	800052ea	0001	c.addi	x0,0	  x0:0x00000000  x0=0x00000000
     1040742000	     51935	800052ec	c9112413	slti	x8,x2,-879	  x2:0xfffe4b8c  x8=0x00000001
     1040762000	     51936	800052f0	00037263	bgeu	x6,x0,800052f4	  x6:0xfffff2c9  x0:0x00000000
     1041262000	     51961	800052f4	4047d1b3	sra	x3,x15,x4	 x15:0x00000000  x4:0x00000001  x3=0x00000000
     1041502000	     51973	800052f8	00091613	slli	x12,x18,0x0	 x18:0x00000001 x12=0x00000001
     1041522000	     51974	800052fc	e051b493	sltiu	x9,x3,-507	  x3:0x00000000  x9=0x00000001
     1041882000	     51992	80005300	02cea233	mulhsu	x4,x29,x12	 x29:0xf1e8b173 x12:0x00000001  x4=0xffffffff
     1041982000	     51997	80005304	1a18	c.addi4spn	x14,x2,304	 x14=0xfffe4cbc
     1042002000	     51998	80005306	6109	c.addi16sp	x2,128	  x2:0xfffe4b8c  x2=0xfffe4c0c
     1042122000	     52004	80005308	6155	c.addi16sp	x2,304	  x2:0xfffe4c0c  x2=0xfffe4d3c
     1042142000	     52005	8000530a	038ecb63	blt	x29,x24,80005340	 x29:0xf1e8b173 x24:0xfffffba1
     1043122000	     52054	80005340	8d3d	c.xor	x10,x15	 x10:0xfffe4bdc x15:0x00000000 x10=0xfffe4bdc
     1043142000	     52055	80005342	202cbc93	sltiu	x25,x25,514	 x25:0x6d6cd859 x25=0x00000000
     1043162000	     52056	80005346	8e45	c.or	x12,x9	 x12:0x00000001  x9:0x00000001 x12=0x00000001
     1043342000	     52065	80005348	00f7ea63	bltu	x15,x15,8000535c	 x15:0x00000000 x15:0x00000000
     1043382000	     52067	8000534c	40230fb3	sub	x31,x6,x2	  x6:0xfffff2c9  x2:0xfffe4d3c x31=0x0001a58d
     1043582000	     52077	80005350	1a07ae93	slti	x29,x15,416	 x15:0x00000000 x29=0x00000001
     1043622000	     52079	80005354	022020b3	mulhsu	x1,x0,x2	  x0:0x00000000  x2:0xfffe4d3c  x1=0x00000000
     1043742000	     52085	80005358	02be8b63	beq	x29,x11,8000538e	 x29:0x00000001 x11:0xf1e8b1fd
     1043762000	     52086	8000535c	0001	c.addi	x0,0	  x0:0x00000000  x0=0x00000000
     1043962000	     52096	8000535e	01722133	slt	x2,x4,x23	  x4:0xffffffff x23:0x8001fe24  x2=0x00000000
     1044382000	     52117	80005362	40ee8133	sub	x2,x29,x14	 x29:0x00000001 x14:0xfffe4cbc  x2=0x0001b345
     1044422000	     52119	80005366	00952b33	slt	x22,x10,x9	 x10:0xfffe4bdc  x9:0x00000001 x22=0x00000001
     1044562000	     52126	8000536a	001b5933	srl	x18,x22,x1	 x22:0x00000001  x1:0x00000000 x18=0x00000001
     1044662000	     52131	8000536e	02479c33	mulh	x24,x15,x4	 x15:0x00000000  x4:0xffffffff x24=0x00000000
     1044682000	     52132	80005372	43fd	c.li	x7,31	  x7=0x0000001f
     1044802000	     52138	80005374	00aa1313	slli	x6,x20,0xa	 x20:0x00000000  x6=0x00000000
     1044822000	     52139	80005378	00803d33	sltu	x26,x0,x8	  x0:0x00000000  x8:0x00000001 x26=0x00000001
     1044842000	     52140	8000537c	4ab0e213	ori	x4,x1,1195	  x1:0x00000000  x4=0x000004ab
     1044982000	     52147	80005380	00662eb3	slt	x29,x12,x6	 x12:0x00000001  x6:0x00000000 x29=0x00000000
     1045002000	     52148	80005384	367dc393	xori	x7,x27,871	 x27:0x217b2000  x7=0x217b2367
     1045022000	     52149	80005388	717d	c.addi16sp	x2,-16	  x2:0x0001b345  x2=0x0001b335
     1045042000	     52150	8000538a	02845e63	bge	x8,x8,800053c6	  x8:0x00000001  x8:0x00000001
     1045842000	     52190	800053c6	03aeae33	mulhsu	x28,x29,x26	 x29:0x00000000 x26:0x00000001 x28=0x00000000
     1045862000	     52191	800053ca	00c59a13	slli	x20,x11,0xc	 x11:0xf1e8b1fd x20=0x8b1fd000
     1045882000	     52192	800053ce	cb99	c.beqz	x15,800053e4	 x15:0x00000000
     1046282000	     52212	800053e4	0ff0000f	fence	iorw,iorw	
     1046442000	     52220	800053e8	405f5433	sra	x8,x30,x5	 x30:0xfffffabd  x5:0xba23ff2e  x8=0xffffffff
     1046482000	     52222	800053ec	8c85	c.sub	x9,x9	  x9:0x00000001  x9:0x00000001  x9=0x00000000
     1046502000	     52223	800053ee	6dfd	c.lui	x27,0x1f	 x27=0x0001f000
     1046602000	     52228	800053f0	0079fd33	and	x26,x19,x7	 x19:0xd8cada54  x7:0x217b2367 x26=0x004a0244
     1046762000	     52236	800053f4	41eb01b3	sub	x3,x22,x30	 x22:0x00000001 x30:0xfffffabd  x3=0x00000544
     1046922000	     52244	800053f8	94d6	c.add	x9,x21	  x9:0x00000000 x21:0x7fffb5f8  x9=0x7fffb5f8
     1047222000	     52259	800053fa	0303d563	bge	x7,x16,80005424	  x7:0x217b2367 x16:0x00000000
     1047642000	     52280	80005424	6dd5a993	slti	x19,x11,1757	 x11:0xf1e8b1fd x19=0x00000001
     1048062000	     52301	80005428	8cc1	c.or	x9,x8	  x9:0x7fffb5f8  x8:0xffffffff  x9=0xffffffff
     1048122000	     52304	8000542a	03785563	bge	x16,x23,80005454	 x16:0x00000000 x23:0x8001fe24
     1049002000	     52348	80005454	035cbeb3	mulhu	x29,x25,x21	 x25:0x00000000 x21:0x7fffb5f8 x29=0x00000000
     1049102000	     52353	80005458	00ae1993	slli	x19,x28,0xa	 x28:0x00000000 x19=0x00000000
     1049282000	     52362	8000545c	0031aab3	slt	x21,x3,x3	  x3:0x00000544  x3:0x00000544 x21=0x00000000
     1049362000	     52366	80005460	01ae3d33	sltu	x26,x28,x26	 x28:0x00000000 x26:0x004a0244 x26=0x00000001
     1049382000	     52367	80005464	80bd	c.srli	x9,0xf	  x9:0xffffffff  x9=0x0001ffff
     1049402000	     52368	80005466	40afd4b3	sra	x9,x31,x10	 x31:0x0001a58d x10:0xfffe4bdc  x9=0x00000000
     1049422000	     52369	8000546a	e79d	c.bnez	x15,80005498	 x15:0x00000000
     1049642000	     52380	8000546c	8fe1	c.and	x15,x8	 x15:0x00000000  x8:0xffffffff x15=0x00000000
     1049662000	     52381	8000546e	00324563	blt	x4,x3,80005478	  x4:0x000004ab  x3:0x00000544
     1050342000	     52415	80005478	02478933	mul	x18,x15,x4	 x15:0x00000000  x4:0x000004ab x18=0x00000000
     1050362000	     52416	8000547c	02afdc63	bge	x31,x10,800054b4	 x31:0x0001a58d x10:0xfffe4bdc
     1050742000	     52435	800054b4	40135a93	srai	x21,x6,0x1	  x6:0x00000000 x21=0x00000000
     1050982000	     52447	800054b8	0a56fa93	andi	x21,x13,165	 x13:0x80023ce4 x21=0x000000a4
     1051002000	     52448	800054bc	f9a68f13	addi	x30,x13,-102	 x13:0x80023ce4 x30=0x80023c7e
     1051022000	     52449	800054c0	81de	c.mv	x3,x23	  x0:0x00000000 x23:0x8001fe24  x3=0x8001fe24
     1051442000	     52470	800054c2	006fd133	srl	x2,x31,x6	 x31:0x0001a58d  x6:0x00000000  x2=0x0001a58d
     1052182000	     52507	800054c6	035d6333	rem	x6,x26,x21	 x26:0x00000001 x21:0x000000a4  x6=0x00000001
     1052202000	     52508	800054ca	f7bc38b7	lui	x17,0xf7bc3	 x17=0xf7bc3000
     1052222000	     52509	800054ce	0ed23c93	sltiu	x25,x4,237	  x4:0x000004ab x25=0x00000000
     1052242000	     52510	800054d2	015c5f63	bge	x24,x21,800054f0	 x24:0x00000000 x21:0x000000a4
     1052262000	     52511	800054d6	00c229b3	slt	x19,x4,x12	  x4:0x000004ab x12:0x00000001 x19=0x00000000
     1052282000	     52512	800054da	00789463	bne	x17,x7,800054e2	 x17:0xf7bc3000  x7:0x217b2367
     1053782000	     52587	800054e2	d798f213	andi	x4,x17,-647	 x17:0xf7bc3000  x4=0xf7bc3000
     1053802000	     52588	800054e6	4123d033	sra	x0,x7,x18	  x7:0x217b2367 x18:0x00000000  x0=0x00000000
     1053982000	     52597	800054ea	00461c33	sll	x24,x12,x4	 x12:0x00000001  x4:0xf7bc3000 x24=0x00000001
     1054002000	     52598	800054ee	8c95	c.sub	x9,x13	  x9:0x00000000 x13:0x80023ce4  x9=0x7ffdc31c
     1054742000	     52635	800054f0	038147b3	div	x15,x2,x24	  x2:0x0001a58d x24:0x00000001 x15=0x0001a58d
     1055482000	     52672	800054f4	029c5db3	divu	x27,x24,x9	 x24:0x00000001  x9:0x7ffdc31c x27=0x00000000
     1055502000	     52673	800054f8	00977833	and	x16,x14,x9	 x14:0xfffe4cbc  x9:0x7ffdc31c x16=0x7ffc401c
     1055522000	     52674	800054fc	0001	c.addi	x0,0	  x0:0x00000000  x0=0x00000000
     1055542000	     52675	800054fe	02a4da63	bge	x9,x10,80005532	  x9:0x7ffdc31c x10:0xfffe4bdc
     1056142000	     52705	80005532	0000100f	fence.i	
     1057302000	     52763	80005536	0000100f	fence.i	
     1057782000	     52787	8000553a	03c357b3	divu	x15,x6,x28	  x6:0x00000001 x28:0x00000000 x15=0xffffffff
     1057802000	     52788	8000553e	01a6a633	slt	x12,x13,x26	 x13:0x80023ce4 x26:0x00000001 x12=0x00000001
     1057822000	     52789	80005542	c219	c.beqz	x12,80005548	 x12:0x00000001
     1057842000	     52790	80005544	9fde	c.add	x31,x23	 x31:0x0001a58d x23:0x8001fe24 x31=0x8003a3b1
     1057862000	     52791	80005546	87fd	c.srai	x15,0x1f	 x15:0xffffffff x15=0xffffffff
     1057882000	     52792	80005548	0029b4b3	sltu	x9,x19,x2	 x19:0x00000000  x2:0x0001a58d  x9=0x00000001
     1057902000	     52793	8000554c	004ad033	srl	x0,x21,x4	 x21:0x000000a4  x4:0xf7bc3000  x0=0x00000000
     1057922000	     52794	80005550	00fbde13	srli	x28,x23,0xf	 x23:0x8001fe24 x28=0x00010003
     1058262000	     52811	80005554	01447863	bgeu	x8,x20,80005564	  x8:0xffffffff x20:0x8b1fd000
     1058422000	     52819	80005564	8fcd	c.or	x15,x11	 x15:0xffffffff x11:0xf1e8b1fd x15=0xffffffff
     1058442000	     52820	80005566	6131	c.addi16sp	x2,320	  x2:0x0001a58d  x2=0x0001a6cd
     1059182000	     52857	80005568	02abc4b3	div	x9,x23,x10	 x23:0x8001fe24 x10:0xfffe4bdc  x9=0x00004b20
     1059202000	     52858	8000556c	8e39	c.xor	x12,x14	 x12:0x00000001 x14:0xfffe4cbc x12=0xfffe4cbd
     1059222000	     52859	8000556e	051a8263	beq	x21,x17,800055b2	 x21:0x000000a4 x17:0xf7bc3000
     1059242000	     52860	80005572	0001	c.addi	x0,0	  x0:0x00000000  x0=0x00000000
     1059262000	     52861	80005574	003ad563	bge	x21,x3,8000557e	 x21:0x000000a4  x3:0x8001fe24
     1059562000	     52876	8000557e	8085	c.srli	x9,0x1	  x9:0x00004b20  x9=0x00002590
     1059742000	     52885	80005580	005cefb3	or	x31,x25,x5	 x25:0x00000000  x5:0xba23ff2e x31=0xba23ff2e
     1059762000	     52886	80005584	9ae6	c.add	x21,x25	 x21:0x000000a4 x25:0x00000000 x21=0x000000a4
     1059782000	     52887	80005586	01837833	and	x16,x6,x24	  x6:0x00000001 x24:0x00000001 x16=0x00000001
     1059802000	     52888	8000558a	48196393	ori	x7,x18,1153	 x18:0x00000000  x7=0x00000481
     1059862000	     52891	8000558e	b2d24e93	xori	x29,x4,-1235	  x4:0xf7bc3000 x29=0x0843cb2d
     1059882000	     52892	80005592	d9dcce13	xori	x28,x25,-611	 x25:0x00000000 x28=0xfffffd9d
     1060002000	     52898	80005596	408f8ab3	sub	x21,x31,x8	 x31:0xba23ff2e  x8:0xffffffff x21=0xba23ff2f
     1060022000	     52899	8000559a	017ce033	or	x0,x25,x23	 x25:0x00000000 x23:0x8001fe24  x0=0x00000000
     1060062000	     52901	8000559e	0384be33	mulhu	x28,x9,x24	  x9:0x00002590 x24:0x00000001 x28=0x00000000
     1060102000	     52903	800055a2	0000100f	fence.i	
     1070442000	     53420	800055a6	020971b3	remu	x3,x18,x0	 x18:0x00000000  x0:0x00000000  x3=0x00000000
     1070462000	     53421	800055aa	017ebd33	sltu	x26,x29,x23	 x29:0x0843cb2d x23:0x8001fe24 x26=0x00000001
     1070522000	     53424	800055ae	025233b3	mulhu	x7,x4,x5	  x4:0xf7bc3000  x5:0xba23ff2e  x7=0xb421908b
     1070542000	     53425	800055b2	8025	c.srli	x8,0x9	  x8:0xffffffff  x8=0x007fffff
     1070582000	     53427	800055b4	cb05	c.beqz	x14,800055e4	 x14:0xfffe4cbc
     1070762000	     53436	800055b6	417dd113	srai	x2,x27,0x17	 x27:0x00000000  x2=0x00000000
     1070782000	     53437	800055ba	9041ec13	ori	x24,x3,-1788	  x3:0x00000000 x24=0xfffff904
     1070802000	     53438	800055be	8e5d	c.or	x12,x15	 x12:0xfffe4cbd x15:0xffffffff x12=0xffffffff
     1070982000	     53447	800055c0	02080133	mul	x2,x16,x0	 x16:0x00000001  x0:0x00000000  x2=0x00000000
     1071002000	     53448	800055c4	717d	c.addi16sp	x2,-16	  x2:0x00000000  x2=0xfffffff0
     1071422000	     53469	800055c6	00381763	bne	x16,x3,800055d4	 x16:0x00000001  x3:0x00000000
     1071822000	     53489	800055d4	006b4f63	blt	x22,x6,800055f2	 x22:0x00000001  x6:0x00000001
     1072062000	     53501	800055d8	00aea0b3	slt	x1,x29,x10	 x29:0x0843cb2d x10:0xfffe4bdc  x1=0x00000000
     1072082000	     53502	800055dc	00669563	bne	x13,x6,800055e6	 x13:0x80023ce4  x6:0x00000001
     1072602000	     53528	800055e6	00868a33	add	x20,x13,x8	 x13:0x80023ce4  x8:0x007fffff x20=0x80823ce3
     1072702000	     53533	800055ea	007a4533	xor	x10,x20,x7	 x20:0x80823ce3  x7:0xb421908b x10=0x34a3ac68
     1072722000	     53534	800055ee	9eae	c.add	x29,x11	 x29:0x0843cb2d x11:0xf1e8b1fd x29=0xfa2c7d2a
     1072742000	     53535	800055f0	c309	c.beqz	x14,800055f2	 x14:0xfffe4cbc
     1072882000	     53542	800055f2	03fa4063	blt	x20,x31,80005612	 x20:0x80823ce3 x31:0xba23ff2e
     1073222000	     53559	80005612	988e	c.add	x17,x3	 x17:0xf7bc3000  x3:0x00000000 x17=0xf7bc3000
     1073242000	     53560	80005614	013bf663	bgeu	x23,x19,80005620	 x23:0x8001fe24 x19:0x00000000
     1074222000	     53609	80005620	99114513	xori	x10,x2,-1647	  x2:0xfffffff0 x10=0x00000661
     1074362000	     53616	80005624	8f45	c.or	x14,x9	 x14:0xfffe4cbc  x9:0x00002590 x14=0xfffe6dbc
     1074642000	     53630	80005626	00a000ef	jal	x1,80005630	  x1=0x8000562a
     1075482000	     53672	80005630	0080036f	jal	x6,80005638	  x6=0x80005634
     1075542000	     53675	80005638	a009	c.j	8000563a	
     1075622000	     53679	8000563a	004000ef	jal	x1,8000563e	  x1=0x8000563e
     1075682000	     53682	8000563e	3fc5	c.jal	8000562e	  x1=0x80005640
     1075722000	     53684	8000562e	2019	c.jal	80005634	  x1=0x80005630
     1075762000	     53686	80005634	01000b6f	jal	x22,80005644	 x22=0x80005638
     1075802000	     53688	80005644	2011	c.jal	80005648	  x1=0x80005646
     1076542000	     53725	80005648	bfe5	c.j	80005640	
     1076582000	     53727	80005640	febff0ef	jal	x1,8000562a	  x1=0x80005644
     1076662000	     53731	8000562a	01c00f6f	jal	x30,80005646	 x30=0x8000562e
     1076722000	     53734	80005646	2011	c.jal	8000564a	  x1=0x80005648
     1076802000	     53738	8000564a	00359713	slli	x14,x11,0x3	 x11:0xf1e8b1fd x14=0x8f458fe8
     1077402000	     53768	8000564e	0643a513	slti	x10,x7,100	  x7:0xb421908b x10=0x00000001
     1078142000	     53805	80005652	03e463b3	rem	x7,x8,x30	  x8:0x007fffff x30:0x8000562e  x7=0x007fffff
     1078162000	     53806	80005656	027e0b63	beq	x28,x7,8000568c	 x28:0x00000000  x7:0x007fffff
     1078182000	     53807	8000565a	9332	c.add	x6,x12	  x6:0x80005634 x12:0xffffffff  x6=0x80005633
     1078202000	     53808	8000565c	8f62	c.mv	x30,x24	  x0:0x00000000 x24:0xfffff904 x30=0xfffff904
     1078222000	     53809	8000565e	8d69	c.and	x10,x10	 x10:0x00000001 x10:0x00000001 x10=0x00000001
     1078262000	     53811	80005660	0366ad33	mulhsu	x26,x13,x22	 x13:0x80023ce4 x22:0x80005638 x26=0xc000f356
     1078282000	     53812	80005664	0141bab3	sltu	x21,x3,x20	  x3:0x00000000 x20:0x80823ce3 x21=0x00000001
     1078302000	     53813	80005668	00d31e93	slli	x29,x6,0xd	  x6:0x80005633 x29=0x0ac66000
     1078322000	     53814	8000566c	004bec33	or	x24,x23,x4	 x23:0x8001fe24  x4:0xf7bc3000 x24=0xf7bdfe24
     1078602000	     53828	80005670	0001	c.addi	x0,0	  x0:0x00000000  x0=0x00000000
     1078642000	     53830	80005672	023e7eb3	remu	x29,x28,x3	 x28:0x00000000  x3:0x00000000 x29=0x00000000
     1078822000	     53839	80005676	02635663	bge	x6,x6,800056a2	  x6:0x80005633  x6:0x80005633
     1079542000	     53875	800056a2	016728b3	slt	x17,x14,x22	 x14:0x8f458fe8 x22:0x80005638 x17=0x00000000
     1079582000	     53877	800056a6	03fd1b33	mulh	x22,x26,x31	 x26:0xc000f356 x31:0xba23ff2e x22=0x1176bdcd
     1079602000	     53878	800056aa	4d81	c.li	x27,0	 x27=0x00000000
     1079622000	     53879	800056ac	c0a1	c.beqz	x9,800056ec	  x9:0x00002590
     1079642000	     53880	800056ae	554ced13	ori	x26,x25,1364	 x25:0x00000000 x26=0x00000554
     1079662000	     53881	800056b2	01f99793	slli	x15,x19,0x1f	 x19:0x00000000 x15=0x00000000
     1079682000	     53882	800056b6	745e9437	lui	x8,0x745e9	  x8=0x745e9000
     1079702000	     53883	800056ba	60ed	c.lui	x1,0x1b	  x1=0x0001b000
     1079722000	     53884	800056bc	01a46763	bltu	x8,x26,800056ca	  x8:0x745e9000 x26:0x00000554
     1079742000	     53885	800056c0	98c2	c.add	x17,x16	 x17:0x00000000 x16:0x00000001 x17=0x00000001
     1079942000	     53895	800056c2	0071edb3	or	x27,x3,x7	  x3:0x00000000  x7:0x007fffff x27=0x007fffff
     1079962000	     53896	800056c6	01959213	slli	x4,x11,0x19	 x11:0xf1e8b1fd  x4=0xfa000000
     1079982000	     53897	800056ca	0001	c.addi	x0,0	  x0:0x00000000  x0=0x00000000
     1080002000	     53898	800056cc	6ac5	c.lui	x21,0x11	 x21=0x00011000
     1080742000	     53935	800056ce	0221c233	div	x4,x3,x2	  x3:0x00000000  x2:0xfffffff0  x4=0x00000000
     1080762000	     53936	800056d2	b42aee13	ori	x28,x21,-1214	 x21:0x00011000 x28=0xfffffb42
     1080782000	     53937	800056d6	00ecb9b3	sltu	x19,x25,x14	 x25:0x00000000 x14:0x8f458fe8 x19=0x00000001
     1080802000	     53938	800056da	01b59033	sll	x0,x11,x27	 x11:0xf1e8b1fd x27:0x007fffff  x0=0x00000000
     1080822000	     53939	800056de	018acb33	xor	x22,x21,x24	 x21:0x00011000 x24:0xf7bdfe24 x22=0xf7bcee24
     1080842000	     53940	800056e2	d8ece317	auipc	x6,0xd8ece	  x6=0x58ed36e2
     1080862000	     53941	800056e6	8c1d	c.sub	x8,x15	  x8:0x745e9000 x15:0x00000000  x8=0x745e9000
     1081282000	     53962	800056e8	8f65	c.and	x14,x9	 x14:0x8f458fe8  x9:0x00002590 x14=0x00000580
     1081302000	     53963	800056ea	617d	c.addi16sp	x2,496	  x2:0xfffffff0  x2=0x000001e0
     1081322000	     53964	800056ec	0001	c.addi	x0,0	  x0:0x00000000  x0=0x00000000
     1082062000	     54001	800056ee	03c7c033	div	x0,x15,x28	 x15:0x00000000 x28:0xfffffb42  x0=0x00000000
     1082102000	     54003	800056f2	02bfbc33	mulhu	x24,x31,x11	 x31:0xba23ff2e x11:0xf1e8b1fd x24=0xafe51544
     1082122000	     54004	800056f6	b3966913	ori	x18,x12,-1223	 x12:0xffffffff x18=0xffffffff
     1082142000	     54005	800056fa	717d	c.addi16sp	x2,-16	  x2:0x000001e0  x2=0x000001d0
     1082182000	     54007	800056fc	024b62b3	rem	x5,x22,x4	 x22:0xf7bcee24  x4:0x00000000  x5=0xf7bcee24
     1082202000	     54008	80005700	40df8eb3	sub	x29,x31,x13	 x31:0xba23ff2e x13:0x80023ce4 x29=0x3a21c24a
     1082222000	     54009	80005704	c90d	c.beqz	x10,80005736	 x10:0x00000001
     1082242000	     54010	80005706	0001	c.addi	x0,0	  x0:0x00000000  x0=0x00000000
     1082262000	     54011	80005708	d8946413	ori	x8,x8,-631	  x8:0x745e9000  x8=0xfffffd89
     1082282000	     54012	8000570c	8e3d	c.xor	x12,x15	 x12:0xffffffff x15:0x00000000 x12=0xffffffff
     1082302000	     54013	8000570e	8125	c.srli	x10,0x9	 x10:0x00000001 x10=0x00000000
     1082442000	     54020	80005710	413b0e33	sub	x28,x22,x19	 x22:0xf7bcee24 x19:0x00000001 x28=0xf7bcee23
     1082602000	     54028	80005714	0001	c.addi	x0,0	  x0:0x00000000  x0=0x00000000
     1082622000	     54029	80005716	831d	c.srli	x14,0x7	 x14:0x00000580 x14=0x0000000b
     1082942000	     54045	80005718	9a7d	c.andi	x12,-1	 x12:0xffffffff x12=0xffffffff
     1082962000	     54046	8000571a	01d48cb3	add	x25,x9,x29	  x9:0x00002590 x29:0x3a21c24a x25=0x3a21e7da
     1082982000	     54047	8000571e	00adbdb3	sltu	x27,x27,x10	 x27:0x007fffff x10:0x00000000 x27=0x00000000
     1083002000	     54048	80005722	0001	c.addi	x0,0	  x0:0x00000000  x0=0x00000000
     1083022000	     54049	80005724	01e2	c.slli	x3,0x18	  x3:0x00000000  x3=0x00000000
     1083042000	     54050	80005726	01cc1893	slli	x17,x24,0x1c	 x24:0xafe51544 x17=0x40000000
     1083062000	     54051	8000572a	41770233	sub	x4,x14,x23	 x14:0x0000000b x23:0x8001fe24  x4=0x7ffe01e7
     1083102000	     54053	8000572e	0ff0000f	fence	iorw,iorw	
     1083862000	     54091	80005732	0248ffb3	remu	x31,x17,x4	 x17:0x40000000  x4:0x7ffe01e7 x31=0x40000000
     1083882000	     54092	80005736	03baf963	bgeu	x21,x27,80005768	 x21:0x00011000 x27:0x00000000
     1084562000	     54126	80005768	8ff9	c.and	x15,x14	 x15:0x00000000 x14:0x0000000b x15=0x00000000
     1084582000	     54127	8000576a	496cbd17	auipc	x26,0x496cb	 x26=0xc96d076a
     1084742000	     54135	8000576e	40b6dc33	sra	x24,x13,x11	 x13:0x80023ce4 x11:0xf1e8b1fd x24=0xfffffffc
     1084762000	     54136	80005772	98fa	c.add	x17,x30	 x17:0x40000000 x30:0xfffff904 x17=0x3ffff904
     1084942000	     54145	80005774	027c3fb3	mulhu	x31,x24,x7	 x24:0xfffffffc  x7:0x007fffff x31=0x007ffffe
     1085022000	     54149	80005778	03bdf133	remu	x2,x27,x27	 x27:0x00000000 x27:0x00000000  x2=0x00000000
     1085062000	     54151	8000577c	02014533	div	x10,x2,x0	  x2:0x00000000  x0:0x00000000 x10=0xffffffff
     1085122000	     54154	80005780	c209	c.beqz	x12,80005782	 x12:0xffffffff
     1085142000	     54155	80005782	4a0ba217	auipc	x4,0x4a0ba	  x4=0xca0bf782
     1085162000	     54156	80005786	0111e463	bltu	x3,x17,8000578e	  x3:0x00000000 x17:0x3ffff904
     1086162000	     54206	8000578e	0313a7b3	mulhsu	x15,x7,x17	  x7:0x007fffff x17:0x3ffff904 x15=0x001ffffc
     1086902000	     54243	80005792	02fd61b3	rem	x3,x26,x15	 x26:0xc96d076a x15:0x001ffffc  x3=0xffed009a
     1086922000	     54244	80005796	0001	c.addi	x0,0	  x0:0x00000000  x0=0x00000000
     1086942000	     54245	80005798	8ca1	c.xor	x9,x8	  x9:0x00002590  x8:0xfffffd89  x9=0xffffd819
     1086962000	     54246	8000579a	0c98	c.addi4spn	x14,x2,592	 x14=0x00000250
     1086982000	     54247	8000579c	005a0233	add	x4,x20,x5	 x20:0x80823ce3  x5:0xf7bcee24  x4=0x783f2b07
     1087002000	     54248	800057a0	c495	c.beqz	x9,800057cc	  x9:0xffffd819
     1087022000	     54249	800057a2	d69e0493	addi	x9,x28,-663	 x28:0xf7bcee23  x9=0xf7bceb8c
     1087042000	     54250	800057a6	ea1d	c.bnez	x12,800057dc	 x12:0xffffffff
     1087882000	     54292	800057dc	01f1d313	srli	x6,x3,0x1f	  x3:0xffed009a  x6=0x00000001
     1088242000	     54310	800057e0	e089	c.bnez	x9,800057e2	  x9:0xf7bceb8c
     1088722000	     54334	800057e2	9b7d	c.andi	x14,-1	 x14:0x00000250 x14=0x00000250
     1089062000	     54351	800057e4	587d	c.li	x16,-1	 x16=0xffffffff
     1089462000	     54371	800057e6	00489613	slli	x12,x17,0x4	 x17:0x3ffff904 x12=0xffff9040
     1089482000	     54372	800057ea	6f15	c.lui	x30,0x5	 x30=0x00005000
     1089662000	     54381	800057ec	017c1663	bne	x24,x23,800057f8	 x24:0xfffffffc x23:0x8001fe24
     1089982000	     54397	800057f8	03a0bc33	mulhu	x24,x1,x26	  x1:0x0001b000 x26:0xc96d076a x24=0x000153e7
     1090182000	     54407	800057fc	02292233	mulhsu	x4,x18,x2	 x18:0xffffffff  x2:0x00000000  x4=0x00000000
     1090422000	     54419	80005800	5f7d	c.li	x30,-1	 x30=0xffffffff
     1090862000	     54441	80005802	03aa1633	mulh	x12,x20,x26	 x20:0x80823ce3 x26:0xc96d076a x12=0x1b2db8ad
     1090902000	     54443	80005806	035223b3	mulhsu	x7,x4,x21	  x4:0x00000000 x21:0x00011000  x7=0x00000000
     1090922000	     54444	8000580a	8119	c.srli	x10,0x6	 x10:0xffffffff x10=0x03ffffff
     1091042000	     54450	8000580c	6c41	c.lui	x24,0x10	 x24=0x00010000
     1091062000	     54451	8000580e	8b56	c.mv	x22,x21	  x0:0x00000000 x21:0x00011000 x22=0x00011000
     1091902000	     54493	80005810	032af7b3	remu	x15,x21,x18	 x21:0x00011000 x18:0xffffffff x15=0x00011000
     1091922000	     54494	80005814	9f72	c.add	x30,x28	 x30:0xffffffff x28:0xf7bcee23 x30=0xf7bcee22
     1091942000	     54495	80005816	24602e37	lui	x28,0x24602	 x28=0x24602000
     1091962000	     54496	8000581a	5eb5b013	sltiu	x0,x11,1515	 x11:0xf1e8b1fd  x0=0x00000000
     1091982000	     54497	8000581e	0113e8b3	or	x17,x7,x17	  x7:0x00000000 x17:0x3ffff904 x17=0x3ffff904
     1092162000	     54506	80005822	0189d663	bge	x19,x24,8000582e	 x19:0x00000001 x24:0x00010000
     1092482000	     54522	80005826	1a68c493	xori	x9,x17,422	 x17:0x3ffff904  x9=0x3ffff8a2
     1092862000	     54541	8000582a	85913613	sltiu	x12,x2,-1959	  x2:0x00000000 x12=0x00000001
     1092882000	     54542	8000582e	8c09	c.sub	x8,x10	  x8:0xfffffd89 x10:0x03ffffff  x8=0xfbfffd8a
     1092902000	     54543	80005830	0b06	c.slli	x22,0x1	 x22:0x00011000 x22=0x00022000
     1092922000	     54544	80005832	0ff1	c.addi	x31,28	 x31:0x007ffffe x31=0x0080001a
     1092942000	     54545	80005834	0816	c.slli	x16,0x5	 x16:0xffffffff x16=0xffffffe0
     1092962000	     54546	80005836	8f25	c.xor	x14,x9	 x14:0x00000250  x9:0x3ffff8a2 x14=0x3ffffaf2
     1093082000	     54552	80005838	01c7af33	slt	x30,x15,x28	 x15:0x00011000 x28:0x24602000 x30=0x00000001
     1093102000	     54553	8000583c	00f4a433	slt	x8,x9,x15	  x9:0x3ffff8a2 x15:0x00011000  x8=0x00000000
     1093122000	     54554	80005840	0116b733	sltu	x14,x13,x17	 x13:0x80023ce4 x17:0x3ffff904 x14=0x00000000
     1093242000	     54560	80005844	01419e33	sll	x28,x3,x20	  x3:0xffed009a x20:0x80823ce3 x28=0xff6804d0
     1093442000	     54570	80005848	9346	c.add	x6,x17	  x6:0x00000001 x17:0x3ffff904  x6=0x3ffff905
     1093782000	     54587	8000584a	403d5613	srai	x12,x26,0x3	 x26:0xc96d076a x12=0xf92da0ed
     1093822000	     54589	8000584e	020228b3	mulhsu	x17,x4,x0	  x4:0x00000000  x0:0x00000000 x17=0x00000000
     1093942000	     54595	80005852	1a495017	auipc	x0,0x1a495	  x0=0x00000000
     1093962000	     54596	80005856	07bd	c.addi	x15,15	 x15:0x00011000 x15=0x0001100f
     1093982000	     54597	80005858	d8897e13	andi	x28,x18,-632	 x18:0xffffffff x28=0xfffffd88
     1094002000	     54598	8000585c	8795	c.srai	x15,0x5	 x15:0x0001100f x15=0x00000880
     1094422000	     54619	8000585e	0101d893	srli	x17,x3,0x10	  x3:0xffed009a x17=0x0000ffed
     1094442000	     54620	80005862	40b1d2b3	sra	x5,x3,x11	  x3:0xffed009a x11:0xf1e8b1fd  x5=0xffffffff
     1094462000	     54621	80005866	6255	c.lui	x4,0x15	  x4=0x00015000
     1095202000	     54658	80005868	02fdd533	divu	x10,x27,x15	 x27:0x00000000 x15:0x00000880 x10=0x00000000
     1095222000	     54659	8000586c	0180e963	bltu	x1,x24,8000587e	  x1:0x0001b000 x24:0x00010000
     1095242000	     54660	80005870	007049b3	xor	x19,x0,x7	  x0:0x00000000  x7:0x00000000 x19=0x00000000
     1095262000	     54661	80005874	41e10833	sub	x16,x2,x30	  x2:0x00000000 x30:0x00000001 x16=0xffffffff
     1095282000	     54662	80005878	e881	c.bnez	x9,80005888	  x9:0x3ffff8a2
     1095542000	     54675	80005888	03a31733	mulh	x14,x6,x26	  x6:0x3ffff905 x26:0xc96d076a x14=0xf25b4357
     1095562000	     54676	8000588c	3ebe2d93	slti	x27,x28,1003	 x28:0xfffffd88 x27=0x00000001
     1095662000	     54681	80005890	01ef8e63	beq	x31,x30,800058ac	 x31:0x0080001a x30:0x00000001
     1095682000	     54682	80005894	6345	c.lui	x6,0x11	  x6=0x00011000
     1095702000	     54683	80005896	40d1deb3	sra	x29,x3,x13	  x3:0xffed009a x13:0x80023ce4 x29=0xfffed009
     1095722000	     54684	8000589a	0197cc63	blt	x15,x25,800058b2	 x15:0x00000880 x25:0x3a21e7da
     1096202000	     54708	800058b2	03e54563	blt	x10,x30,800058dc	 x10:0x00000000 x30:0x00000001
     1096422000	     54719	800058dc	03199963	bne	x19,x17,8000590e	 x19:0x00000000 x17:0x0000ffed
     1104862000	     55141	8000590e	00a21663	bne	x4,x10,8000591a	  x4:0x00015000 x10:0x00000000
     1105602000	     55178	8000591a	03336333	rem	x6,x6,x19	  x6:0x00011000 x19:0x00000000  x6=0x00011000
     1105802000	     55188	8000591e	03219d33	mulh	x26,x3,x18	  x3:0xffed009a x18:0xffffffff x26=0x00000000
     1105982000	     55197	80005922	014f37b3	sltu	x15,x30,x20	 x30:0x00000001 x20:0x80823ce3 x15=0x00000001
     1106262000	     55211	80005926	004ba083	lw	x1,4(x23)	 x23:0x8001fe24  x1=0x8000356c PA:0x8001fe28 load:0x8000356c
     1106622000	     55229	8000592a	02ee1ab3	mulh	x21,x28,x14	 x28:0xfffffd88 x14:0xf25b4357 x21=0x00000021
     1106642000	     55230	8000592e	41ed5f93	srai	x31,x26,0x1e	 x26:0x00000000 x31=0x00000000
     1107042000	     55250	80005932	040b8b93	addi	x23,x23,64	 x23:0x8001fe24 x23=0x8001fe64
     1107082000	     55252	80005936	020a2a33	mulhsu	x20,x20,x0	 x20:0x80823ce3  x0:0x00000000 x20=0x00000000
     1107102000	     55253	8000593a	08de	c.slli	x17,0x17	 x17:0x0000ffed x17=0xf6800000
     1107122000	     55254	8000593c	717d	c.addi16sp	x2,-16	  x2:0x00000000  x2=0xfffffff0
     1107142000	     55255	8000593e	871e	c.mv	x14,x7	  x0:0x00000000  x7:0x00000000 x14=0x00000000
     1107222000	     55259	80005940	ddf63017	auipc	x0,0xddf63	  x0=0x00000000
     1107242000	     55260	80005944	00008993	addi	x19,x1,0	  x1:0x8000356c x19=0x8000356c
     1107262000	     55261	80005948	9982	c.jalr	x19	 x19:0x8000356c  x1=0x8000594a
     1107882000	     55292	8000356c	00a000ef	jal	x1,80003576	  x1=0x80003570
     1108902000	     55343	80003576	fffff36f	jal	x6,80003574	  x6=0x8000357a
     1108942000	     55345	80003574	2039	c.jal	80003582	  x1=0x80003576
     1110122000	     55404	80003582	a019	c.j	80003588	
     1110162000	     55406	80003588	2019	c.jal	8000358e	  x1=0x8000358a
     1110222000	     55409	8000358e	bfc5	c.j	8000357e	
     1110342000	     55415	8000357e	0080036f	jal	x6,80003586	  x6=0x80003582
     1110402000	     55418	80003586	bffd	c.j	80003584	
     1110462000	     55421	80003584	bfdd	c.j	8000357a	
     1110522000	     55424	8000357a	ff7ff76f	jal	x14,80003570	 x14=0x8000357e
     1110582000	     55427	80003570	a831	c.j	8000358c	
     1110642000	     55430	8000358c	37dd	c.jal	80003572	  x1=0x8000358e
     1110682000	     55432	80003572	2821	c.jal	8000358a	  x1=0x80003574
     1110722000	     55434	8000358a	2019	c.jal	80003590	  x1=0x8000358c
     1110762000	     55436	80003590	0040036f	jal	x6,80003594	  x6=0x80003594
     1110802000	     55438	80003594	8209	c.srli	x12,0x2	 x12:0xf92da0ed x12=0x3e4b683b
     1110822000	     55439	80003596	0ffe	c.slli	x31,0x1f	 x31:0x00000000 x31=0x00000000
     1111322000	     55464	80003598	83a9	c.srli	x15,0xa	 x15:0x00000001 x15=0x00000000
     1111342000	     55465	8000359a	0001	c.addi	x0,0	  x0:0x00000000  x0=0x00000000
     1111362000	     55466	8000359c	6769	c.lui	x14,0x1a	 x14=0x0001a000
     1111382000	     55467	8000359e	8d29	c.xor	x10,x10	 x10:0x00000000 x10:0x00000000 x10=0x00000000
     1111402000	     55468	800035a0	45917a93	andi	x21,x2,1113	  x2:0xfffffff0 x21=0x00000450
     1111442000	     55470	800035a4	8c59	c.or	x8,x14	  x8:0x00000000 x14:0x0001a000  x8=0x0001a000
     1111522000	     55474	800035a6	0347ed33	rem	x26,x15,x20	 x15:0x00000000 x20:0x00000000 x26=0x00000000
     1111542000	     55475	800035aa	ca41a937	lui	x18,0xca41a	 x18=0xca41a000
     1111562000	     55476	800035ae	8ba5	c.andi	x15,9	 x15:0x00000000 x15=0x00000000
     1111582000	     55477	800035b0	0081fe33	and	x28,x3,x8	  x3:0xffed009a  x8:0x0001a000 x28=0x00010000
     1111902000	     55493	800035b4	616d	c.addi16sp	x2,240	  x2:0xfffffff0  x2=0x000000e0
     1111922000	     55494	800035b6	00005a17	auipc	x20,0x5	 x20=0x800085b6
     1111982000	     55497	800035ba	7c6a0a13	addi	x20,x20,1990	 x20:0x800085b6 x20=0x80008d7c
     1112002000	     55498	800035be	308a0a13	addi	x20,x20,776	 x20:0x80008d7c x20=0x80009084
     1112022000	     55499	800035c2	016a5763	bge	x20,x22,800035d0	 x20:0x80009084 x22:0x00022000
     1112042000	     55500	800035c6	0310	c.addi4spn	x12,x2,384	 x12=0x00000260
     1112142000	     55505	800035c8	37afd997	auipc	x19,0x37afd	 x19=0xb7b005c8
     1113062000	     55551	800035cc	0370e3b3	rem	x7,x1,x23	  x1:0x8000358c x23:0x8001fe64  x7=0xfffe3728
     1113082000	     55552	800035d0	cf9a00e7	jalr	x1,-775(x20)	 x20:0x80009084  x1=0x800035d4
     1113282000	     55562	80008d7c	01707033	and	x0,x0,x23	  x0:0x00000000 x23:0x8001fe64  x0=0x00000000
     1113482000	     55572	80008d80	fd0b8b93	addi	x23,x23,-48	 x23:0x8001fe64 x23=0x8001fe34
     1114242000	     55610	80008d84	001ba223	sw	x1,4(x23)	 x23:0x8001fe34  x1:0x800035d4 PA:0x8001fe38 store:0x800035d4 load:0xffffffff
     1114982000	     55647	80008d88	0212d2b3	divu	x5,x5,x1	  x5:0xffffffff  x1:0x800035d4  x5=0x00000001
     1115002000	     55648	80008d8c	997d	c.andi	x10,-1	 x10:0x00000000 x10=0x00000000
     1115022000	     55649	80008d8e	01df5f33	srl	x30,x30,x29	 x30:0x00000001 x29:0xfffed009 x30=0x00000000
     1115042000	     55650	80008d92	832d	c.srli	x14,0xb	 x14:0x0001a000 x14=0x00000034
     1115062000	     55651	80008d94	908a	c.add	x1,x2	  x1:0x800035d4  x2:0x000000e0  x1=0x800036b4
     1115082000	     55652	80008d96	92fa	c.add	x5,x30	  x5:0x00000001 x30:0x00000000  x5=0x00000001
     1115102000	     55653	80008d98	9b7d	c.andi	x14,-1	 x14:0x00000034 x14=0x00000034
     1115122000	     55654	80008d9a	5240e193	ori	x3,x1,1316	  x1:0x800036b4  x3=0x800037b4
     1115182000	     55657	80008d9e	40698ab3	sub	x21,x19,x6	 x19:0xb7b005c8  x6:0x80003594 x21=0x37afd034
     1115202000	     55658	80008da2	01ffe2b3	or	x5,x31,x31	 x31:0x00000000 x31:0x00000000  x5=0x00000000
     1115222000	     55659	80008da6	e901	c.bnez	x10,80008db6	 x10:0x00000000
     1115262000	     55661	80008da8	03f94533	div	x10,x18,x31	 x18:0xca41a000 x31:0x00000000 x10=0xffffffff
     1115282000	     55662	80008dac	40470333	sub	x6,x14,x4	 x14:0x00000034  x4:0x00015000  x6=0xfffeb034
     1115302000	     55663	80008db0	000a1113	slli	x2,x20,0x0	 x20:0x80009084  x2=0x80009084
     1115322000	     55664	80008db4	8521	c.srai	x10,0x8	 x10:0xffffffff x10=0xffffffff
     1115342000	     55665	80008db6	567d	c.li	x12,-1	 x12=0xffffffff
     1116182000	     55707	80008db8	02de51b3	divu	x3,x28,x13	 x28:0x00010000 x13:0x80023ce4  x3=0x00000000
     1116922000	     55744	80008dbc	0353e633	rem	x12,x7,x21	  x7:0xfffe3728 x21:0x37afd034 x12=0xfffe3728
     1116942000	     55745	80008dc0	01bfb933	sltu	x18,x31,x27	 x31:0x00000000 x27:0x00000001 x18=0x00000001
     1117602000	     55778	80008dc4	004ba083	lw	x1,4(x23)	 x23:0x8001fe34  x1=0x800035d4 PA:0x8001fe38 load:0x800035d4
     1117622000	     55779	80008dc8	0001	c.addi	x0,0	  x0:0x00000000  x0=0x00000000
     1117642000	     55780	80008dca	00fb3133	sltu	x2,x22,x15	 x22:0x00022000 x15:0x00000000  x2=0x00000000
     1117662000	     55781	80008dce	0c92	c.slli	x25,0x4	 x25:0x3a21e7da x25=0xa21e7da0
     1117702000	     55783	80008dd0	02373e33	mulhu	x28,x14,x3	 x14:0x00000034  x3:0x00000000 x28=0x00000000
     1117722000	     55784	80008dd4	030b8b93	addi	x23,x23,48	 x23:0x8001fe34 x23=0x8001fe64
     1117762000	     55786	80008dd8	0252fc33	remu	x24,x5,x5	  x5:0x00000000  x5:0x00000000 x24=0x00000000
     1117782000	     55787	80008ddc	00008c13	addi	x24,x1,0	  x1:0x800035d4 x24=0x800035d4
     1117802000	     55788	80008de0	8c02	c.jr	x24	 x24:0x800035d4
     1118742000	     55835	800035d4	035e88b3	mul	x17,x29,x21	 x29:0xfffed009 x21:0x37afd034 x17=0x2df091d4
     1118762000	     55836	800035d8	00d16c63	bltu	x2,x13,800035f0	  x2:0x00000000 x13:0x80023ce4
     1118982000	     55847	800035f0	0001	c.addi	x0,0	  x0:0x00000000  x0=0x00000000
     1119022000	     55849	800035f2	ffffd597	auipc	x11,0xffffd	 x11=0x800005f2
     1119042000	     55850	800035f6	d7858593	addi	x11,x11,-648	 x11:0x800005f2 x11=0x8000036a
     1119182000	     55857	800035fa	00058067	jalr	x0,0(x11)	 x11:0x8000036a  x0=0x00000000
     1119542000	     55875	8000036a	90000d37	lui	x26,0x90000	 x26=0x90000000
     1119562000	     55876	8000036e	1d61	c.addi	x26,-8	 x26:0x90000000 x26=0x8ffffff8
     1119662000	     55881	80000370	4d81	c.li	x27,0	 x27=0x00000000
     1119682000	     55882	80000372	0da2	c.slli	x27,0x8	 x27:0x00000000 x27=0x00000000
     1120082000	     55902	80000374	0d85	c.addi	x27,1	 x27:0x00000000 x27=0x00000001
     1120342000	     55915	80000376	01bd2023	sw	x27,0(x26)	 x26:0x8ffffff8 x27:0x00000001 PA:0x8ffffff8 store:0x00000001 load:0xffffffff
     1120362000	     55916	8000037a	00000073	ecall	
     1137242000	     56760	80002700	0800006f	jal	x0,80002780	  x0=0x00000000
     1137322000	     56764	80002780	16f1	c.addi	x13,-4	 x13:0x80023ce4 x13=0x80023ce0
     1137502000	     56773	80002782	0176a023	sw	x23,0(x13)	 x13:0x80023ce0 x23:0x8001fe64 PA:0x80023ce0 store:0x8001fe64 load:0xffffffff
     1137522000	     56774	80002786	00068bb3	add	x23,x13,x0	 x13:0x80023ce0  x0:0x00000000 x23=0x80023ce0
     1137542000	     56775	8000278a	f80b8b93	addi	x23,x23,-128	 x23:0x80023ce0 x23=0x80023c60
     1137602000	     56778	8000278e	001ba223	sw	x1,4(x23)	 x23:0x80023c60  x1:0x800035d4 PA:0x80023c64 store:0x800035d4 load:0xffffffff
     1137842000	     56790	80002792	002ba423	sw	x2,8(x23)	 x23:0x80023c60  x2:0x00000000 PA:0x80023c68 store:0x00000000 load:0xffffffff
     1138062000	     56801	80002796	003ba623	sw	x3,12(x23)	 x23:0x80023c60  x3:0x00000000 PA:0x80023c6c store:0x00000000 load:0xffffffff
     1138382000	     56817	8000279a	004ba823	sw	x4,16(x23)	 x23:0x80023c60  x4:0x00015000 PA:0x80023c70 store:0x00015000 load:0xffffffff
     1138442000	     56820	8000279e	005baa23	sw	x5,20(x23)	 x23:0x80023c60  x5:0x00000000 PA:0x80023c74 store:0x00000000 load:0xffffffff
     1138862000	     56841	800027a2	006bac23	sw	x6,24(x23)	 x23:0x80023c60  x6:0xfffeb034 PA:0x80023c78 store:0xfffeb034 load:0xffffffff
     1138962000	     56846	800027a6	007bae23	sw	x7,28(x23)	 x23:0x80023c60  x7:0xfffe3728 PA:0x80023c7c store:0xfffe3728 load:0xffffffff
     1139542000	     56875	800027aa	028ba023	sw	x8,32(x23)	 x23:0x80023c60  x8:0x0001a000 PA:0x80023c80 store:0x0001a000 load:0xffffffff
     1139602000	     56878	800027ae	029ba223	sw	x9,36(x23)	 x23:0x80023c60  x9:0x3ffff8a2 PA:0x80023c84 store:0x3ffff8a2 load:0xffffffff
     1140042000	     56900	800027b2	02aba423	sw	x10,40(x23)	 x23:0x80023c60 x10:0xffffffff PA:0x80023c88 store:0xffffffff load:0xffffffff
     1140102000	     56903	800027b6	02bba623	sw	x11,44(x23)	 x23:0x80023c60 x11:0x8000036a PA:0x80023c8c store:0x8000036a load:0xffffffff
     1140122000	     56904	800027ba	02cba823	sw	x12,48(x23)	 x23:0x80023c60 x12:0xfffe3728 PA:0x80023c90 store:0xfffe3728 load:0xffffffff
     1140142000	     56905	800027be	02dbaa23	sw	x13,52(x23)	 x23:0x80023c60 x13:0x80023ce0 PA:0x80023c94 store:0x80023ce0 load:0xffffffff
     1140302000	     56913	800027c2	02ebac23	sw	x14,56(x23)	 x23:0x80023c60 x14:0x00000034 PA:0x80023c98 store:0x00000034 load:0xffffffff
     1140582000	     56927	800027c6	02fbae23	sw	x15,60(x23)	 x23:0x80023c60 x15:0x00000000 PA:0x80023c9c store:0x00000000 load:0xffffffff
     1140642000	     56930	800027ca	050ba023	sw	x16,64(x23)	 x23:0x80023c60 x16:0xffffffff PA:0x80023ca0 store:0xffffffff load:0xffffffff
     1140662000	     56931	800027ce	051ba223	sw	x17,68(x23)	 x23:0x80023c60 x17:0x2df091d4 PA:0x80023ca4 store:0x2df091d4 load:0xffffffff
     1140682000	     56932	800027d2	052ba423	sw	x18,72(x23)	 x23:0x80023c60 x18:0x00000001 PA:0x80023ca8 store:0x00000001 load:0xffffffff
     1141102000	     56953	800027d6	053ba623	sw	x19,76(x23)	 x23:0x80023c60 x19:0xb7b005c8 PA:0x80023cac store:0xb7b005c8 load:0xffffffff
     1141162000	     56956	800027da	054ba823	sw	x20,80(x23)	 x23:0x80023c60 x20:0x80009084 PA:0x80023cb0 store:0x80009084 load:0xffffffff
     1141362000	     56966	800027de	055baa23	sw	x21,84(x23)	 x23:0x80023c60 x21:0x37afd034 PA:0x80023cb4 store:0x37afd034 load:0xffffffff
     1141422000	     56969	800027e2	056bac23	sw	x22,88(x23)	 x23:0x80023c60 x22:0x00022000 PA:0x80023cb8 store:0x00022000 load:0xffffffff
     1141562000	     56976	800027e6	057bae23	sw	x23,92(x23)	 x23:0x80023c60 x23:0x80023c60 PA:0x80023cbc store:0x80023c60 load:0xffffffff
     1141742000	     56985	800027ea	078ba023	sw	x24,96(x23)	 x23:0x80023c60 x24:0x800035d4 PA:0x80023cc0 store:0x800035d4 load:0xffffffff
     1142082000	     57002	800027ee	079ba223	sw	x25,100(x23)	 x23:0x80023c60 x25:0xa21e7da0 PA:0x80023cc4 store:0xa21e7da0 load:0xffffffff
     1142342000	     57015	800027f2	07aba423	sw	x26,104(x23)	 x23:0x80023c60 x26:0x8ffffff8 PA:0x80023cc8 store:0x8ffffff8 load:0xffffffff
     1142462000	     57021	800027f6	07bba623	sw	x27,108(x23)	 x23:0x80023c60 x27:0x00000001 PA:0x80023ccc store:0x00000001 load:0xffffffff
     1142842000	     57040	800027fa	07cba823	sw	x28,112(x23)	 x23:0x80023c60 x28:0x00000000 PA:0x80023cd0 store:0x00000000 load:0xffffffff
     1142902000	     57043	800027fe	07dbaa23	sw	x29,116(x23)	 x23:0x80023c60 x29:0xfffed009 PA:0x80023cd4 store:0xfffed009 load:0xffffffff
     1142982000	     57047	80002802	07ebac23	sw	x30,120(x23)	 x23:0x80023c60 x30:0x00000000 PA:0x80023cd8 store:0x00000000 load:0xffffffff
     1143162000	     57056	80002806	07fbae23	sw	x31,124(x23)	 x23:0x80023c60 x31:0x00000000 PA:0x80023cdc store:0x00000000 load:0xffffffff
     1143182000	     57057	8000280a	000b86b3	add	x13,x23,x0	 x23:0x80023c60  x0:0x00000000 x13=0x80023c60
     1143202000	     57058	8000280e	90000d37	lui	x26,0x90000	 x26=0x90000000
     1143222000	     57059	80002812	1d71	c.addi	x26,-4	 x26:0x90000000 x26=0x8ffffffc
     1143242000	     57060	80002814	4da1	c.li	x27,8	 x27=0x00000008
     1143262000	     57061	80002816	0da2	c.slli	x27,0x8	 x27:0x00000008 x27=0x00000800
     1143282000	     57062	80002818	000d8d93	addi	x27,x27,0	 x27:0x00000800 x27=0x00000800
     1143442000	     57070	8000281c	01bd2023	sw	x27,0(x26)	 x26:0x8ffffffc x27:0x00000800 PA:0x8ffffffc store:0x00000800 load:0xffffffff
     1143462000	     57071	80002820	34102df3	csrrs	x27,mepc,x0	  x0:0x00000000 x27=0x8000037a
     1143502000	     57073	80002824	34202df3	csrrs	x27,mcause,x0	  x0:0x00000000 x27=0x00000008
     1143622000	     57079	80002828	4d0d	c.li	x26,3	 x26=0x00000003
     1143642000	     57080	8000282a	01ad9463	bne	x27,x26,80002832	 x27:0x00000008 x26:0x00000003
     1143882000	     57092	80002832	4d21	c.li	x26,8	 x26=0x00000008
     1143902000	     57093	80002834	05ad8d63	beq	x27,x26,8000288e	 x27:0x00000008 x26:0x00000008
     1144802000	     57138	8000288e	90000d37	lui	x26,0x90000	 x26=0x90000000
     1144822000	     57139	80002892	1d71	c.addi	x26,-4	 x26:0x90000000 x26=0x8ffffffc
     1144842000	     57140	80002894	6d85	c.lui	x27,0x1	 x27=0x00001000
     1145222000	     57159	80002896	b00d8d93	addi	x27,x27,-1280	 x27:0x00001000 x27=0x00000b00
     1145242000	     57160	8000289a	0da2	c.slli	x27,0x8	 x27:0x00000b00 x27=0x000b0000
     1145262000	     57161	8000289c	0d8d	c.addi	x27,3	 x27:0x000b0000 x27=0x000b0003
     1145522000	     57174	8000289e	01bd2023	sw	x27,0(x26)	 x26:0x8ffffffc x27:0x000b0003 PA:0x8ffffffc store:0x000b0003 load:0xffffffff
     1145542000	     57175	800028a2	b0002df3	csrrs	x27,mcycle,x0	  x0:0x00000000 x27=0x0000df54
     1145802000	     57188	800028a6	01bd2023	sw	x27,0(x26)	 x26:0x8ffffffc x27:0x0000df54 PA:0x8ffffffc store:0x0000df54 load:0xffffffff
     1145882000	     57192	800028aa	90000d37	lui	x26,0x90000	 x26=0x90000000
     1145902000	     57193	800028ae	1d71	c.addi	x26,-4	 x26:0x90000000 x26=0x8ffffffc
     1146302000	     57213	800028b0	6d85	c.lui	x27,0x1	 x27=0x00001000
     1146542000	     57225	800028b2	b80d8d93	addi	x27,x27,-1152	 x27:0x00001000 x27=0x00000b80
     1146562000	     57226	800028b6	0da2	c.slli	x27,0x8	 x27:0x00000b80 x27=0x000b8000
     1146622000	     57229	800028b8	0d8d	c.addi	x27,3	 x27:0x000b8000 x27=0x000b8003
     1146682000	     57232	800028ba	01bd2023	sw	x27,0(x26)	 x26:0x8ffffffc x27:0x000b8003 PA:0x8ffffffc store:0x000b8003 load:0xffffffff
     1146842000	     57240	800028be	b8002df3	csrrs	x27,mcycleh,x0	  x0:0x00000000 x27=0x00000000
     1147502000	     57273	800028c2	01bd2023	sw	x27,0(x26)	 x26:0x8ffffffc x27:0x00000000 PA:0x8ffffffc store:0x00000000 load:0xffffffff
     1147522000	     57274	800028c6	90000d37	lui	x26,0x90000	 x26=0x90000000
     1147542000	     57275	800028ca	1d71	c.addi	x26,-4	 x26:0x90000000 x26=0x8ffffffc
     1147562000	     57276	800028cc	6d85	c.lui	x27,0x1	 x27=0x00001000
     1147582000	     57277	800028ce	b03d8d93	addi	x27,x27,-1277	 x27:0x00001000 x27=0x00000b03
     1147602000	     57278	800028d2	0da2	c.slli	x27,0x8	 x27:0x00000b03 x27=0x000b0300
     1147622000	     57279	800028d4	0d8d	c.addi	x27,3	 x27:0x000b0300 x27=0x000b0303
     1147682000	     57282	800028d6	01bd2023	sw	x27,0(x26)	 x26:0x8ffffffc x27:0x000b0303 PA:0x8ffffffc store:0x000b0303 load:0xffffffff
     1147702000	     57283	800028da	b0302df3	csrrs	x27,mhpmcounter3,x0	  x0:0x00000000 x27=0x00000141
     1148302000	     57313	800028de	01bd2023	sw	x27,0(x26)	 x26:0x8ffffffc x27:0x00000141 PA:0x8ffffffc store:0x00000141 load:0xffffffff
     1148322000	     57314	800028e2	90000d37	lui	x26,0x90000	 x26=0x90000000
     1148342000	     57315	800028e6	1d71	c.addi	x26,-4	 x26:0x90000000 x26=0x8ffffffc
     1148362000	     57316	800028e8	6d85	c.lui	x27,0x1	 x27=0x00001000
     1148462000	     57321	800028ea	b83d8d93	addi	x27,x27,-1149	 x27:0x00001000 x27=0x00000b83
     1148482000	     57322	800028ee	0da2	c.slli	x27,0x8	 x27:0x00000b83 x27=0x000b8300
     1148882000	     57342	800028f0	0d8d	c.addi	x27,3	 x27:0x000b8300 x27=0x000b8303
     1149662000	     57381	800028f2	01bd2023	sw	x27,0(x26)	 x26:0x8ffffffc x27:0x000b8303 PA:0x8ffffffc store:0x000b8303 load:0xffffffff
     1149682000	     57382	800028f6	b8302df3	csrrs	x27,mhpmcounter3h,x0	  x0:0x00000000 x27=0x00000000
     1149882000	     57392	800028fa	01bd2023	sw	x27,0(x26)	 x26:0x8ffffffc x27:0x00000000 PA:0x8ffffffc store:0x00000000 load:0xffffffff
     1149902000	     57393	800028fe	90000d37	lui	x26,0x90000	 x26=0x90000000
     1149922000	     57394	80002902	1d71	c.addi	x26,-4	 x26:0x90000000 x26=0x8ffffffc
     1149942000	     57395	80002904	6d85	c.lui	x27,0x1	 x27=0x00001000
     1149962000	     57396	80002906	b04d8d93	addi	x27,x27,-1276	 x27:0x00001000 x27=0x00000b04
     1149982000	     57397	8000290a	0da2	c.slli	x27,0x8	 x27:0x00000b04 x27=0x000b0400
     1150002000	     57398	8000290c	0d8d	c.addi	x27,3	 x27:0x000b0400 x27=0x000b0403
     1150222000	     57409	8000290e	01bd2023	sw	x27,0(x26)	 x26:0x8ffffffc x27:0x000b0403 PA:0x8ffffffc store:0x000b0403 load:0xffffffff
     1150242000	     57410	80002912	b0402df3	csrrs	x27,mhpmcounter4,x0	  x0:0x00000000 x27=0x00007797
     1150442000	     57420	80002916	01bd2023	sw	x27,0(x26)	 x26:0x8ffffffc x27:0x00007797 PA:0x8ffffffc store:0x00007797 load:0xffffffff
     1150462000	     57421	8000291a	90000d37	lui	x26,0x90000	 x26=0x90000000
     1150482000	     57422	8000291e	1d71	c.addi	x26,-4	 x26:0x90000000 x26=0x8ffffffc
     1150502000	     57423	80002920	6d85	c.lui	x27,0x1	 x27=0x00001000
     1150522000	     57424	80002922	b84d8d93	addi	x27,x27,-1148	 x27:0x00001000 x27=0x00000b84
     1150542000	     57425	80002926	0da2	c.slli	x27,0x8	 x27:0x00000b84 x27=0x000b8400
     1150562000	     57426	80002928	0d8d	c.addi	x27,3	 x27:0x000b8400 x27=0x000b8403
     1150682000	     57432	8000292a	01bd2023	sw	x27,0(x26)	 x26:0x8ffffffc x27:0x000b8403 PA:0x8ffffffc store:0x000b8403 load:0xffffffff
     1150702000	     57433	8000292e	b8402df3	csrrs	x27,mhpmcounter4h,x0	  x0:0x00000000 x27=0x00000000
     1150922000	     57444	80002932	01bd2023	sw	x27,0(x26)	 x26:0x8ffffffc x27:0x00000000 PA:0x8ffffffc store:0x00000000 load:0xffffffff
     1150942000	     57445	80002936	90000d37	lui	x26,0x90000	 x26=0x90000000
     1150962000	     57446	8000293a	1d71	c.addi	x26,-4	 x26:0x90000000 x26=0x8ffffffc
     1150982000	     57447	8000293c	6d85	c.lui	x27,0x1	 x27=0x00001000
     1151082000	     57452	8000293e	b05d8d93	addi	x27,x27,-1275	 x27:0x00001000 x27=0x00000b05
     1151102000	     57453	80002942	0da2	c.slli	x27,0x8	 x27:0x00000b05 x27=0x000b0500
     1151122000	     57454	80002944	0d8d	c.addi	x27,3	 x27:0x000b0500 x27=0x000b0503
     1151762000	     57486	80002946	01bd2023	sw	x27,0(x26)	 x26:0x8ffffffc x27:0x000b0503 PA:0x8ffffffc store:0x000b0503 load:0xffffffff
     1151782000	     57487	8000294a	b0502df3	csrrs	x27,mhpmcounter5,x0	  x0:0x00000000 x27=0x00000005
     1151982000	     57497	8000294e	01bd2023	sw	x27,0(x26)	 x26:0x8ffffffc x27:0x00000005 PA:0x8ffffffc store:0x00000005 load:0xffffffff
     1152002000	     57498	80002952	90000d37	lui	x26,0x90000	 x26=0x90000000
     1152022000	     57499	80002956	1d71	c.addi	x26,-4	 x26:0x90000000 x26=0x8ffffffc
     1152042000	     57500	80002958	6d85	c.lui	x27,0x1	 x27=0x00001000
     1152062000	     57501	8000295a	b85d8d93	addi	x27,x27,-1147	 x27:0x00001000 x27=0x00000b85
     1152082000	     57502	8000295e	0da2	c.slli	x27,0x8	 x27:0x00000b85 x27=0x000b8500
     1152242000	     57510	80002960	0d8d	c.addi	x27,3	 x27:0x000b8500 x27=0x000b8503
     1152642000	     57530	80002962	01bd2023	sw	x27,0(x26)	 x26:0x8ffffffc x27:0x000b8503 PA:0x8ffffffc store:0x000b8503 load:0xffffffff
     1152982000	     57547	80002966	b8502df3	csrrs	x27,mhpmcounter5h,x0	  x0:0x00000000 x27=0x00000000
     1153362000	     57566	8000296a	01bd2023	sw	x27,0(x26)	 x26:0x8ffffffc x27:0x00000000 PA:0x8ffffffc store:0x00000000 load:0xffffffff
     1153482000	     57572	8000296e	90000d37	lui	x26,0x90000	 x26=0x90000000
     1153502000	     57573	80002972	1d71	c.addi	x26,-4	 x26:0x90000000 x26=0x8ffffffc
     1153522000	     57574	80002974	6d85	c.lui	x27,0x1	 x27=0x00001000
     1153642000	     57580	80002976	b06d8d93	addi	x27,x27,-1274	 x27:0x00001000 x27=0x00000b06
     1153662000	     57581	8000297a	0da2	c.slli	x27,0x8	 x27:0x00000b06 x27=0x000b0600
     1153722000	     57584	8000297c	0d8d	c.addi	x27,3	 x27:0x000b0600 x27=0x000b0603
     1153862000	     57591	8000297e	01bd2023	sw	x27,0(x26)	 x26:0x8ffffffc x27:0x000b0603 PA:0x8ffffffc store:0x000b0603 load:0xffffffff
     1154002000	     57598	80002982	b0602df3	csrrs	x27,mhpmcounter6,x0	  x0:0x00000000 x27=0x0000003d
     1154182000	     57607	80002986	01bd2023	sw	x27,0(x26)	 x26:0x8ffffffc x27:0x0000003d PA:0x8ffffffc store:0x0000003d load:0xffffffff
     1154202000	     57608	8000298a	90000d37	lui	x26,0x90000	 x26=0x90000000
     1154222000	     57609	8000298e	1d71	c.addi	x26,-4	 x26:0x90000000 x26=0x8ffffffc
     1154342000	     57615	80002990	6d85	c.lui	x27,0x1	 x27=0x00001000
     1154702000	     57633	80002992	b86d8d93	addi	x27,x27,-1146	 x27:0x00001000 x27=0x00000b86
     1154722000	     57634	80002996	0da2	c.slli	x27,0x8	 x27:0x00000b86 x27=0x000b8600
     1154742000	     57635	80002998	0d8d	c.addi	x27,3	 x27:0x000b8600 x27=0x000b8603
     1155222000	     57659	8000299a	01bd2023	sw	x27,0(x26)	 x26:0x8ffffffc x27:0x000b8603 PA:0x8ffffffc store:0x000b8603 load:0xffffffff
     1155242000	     57660	8000299e	b8602df3	csrrs	x27,mhpmcounter6h,x0	  x0:0x00000000 x27=0x00000000
     1155702000	     57683	800029a2	01bd2023	sw	x27,0(x26)	 x26:0x8ffffffc x27:0x00000000 PA:0x8ffffffc store:0x00000000 load:0xffffffff
     1155722000	     57684	800029a6	90000d37	lui	x26,0x90000	 x26=0x90000000
     1155742000	     57685	800029aa	1d71	c.addi	x26,-4	 x26:0x90000000 x26=0x8ffffffc
     1155762000	     57686	800029ac	6d85	c.lui	x27,0x1	 x27=0x00001000
     1155782000	     57687	800029ae	b07d8d93	addi	x27,x27,-1273	 x27:0x00001000 x27=0x00000b07
     1155802000	     57688	800029b2	0da2	c.slli	x27,0x8	 x27:0x00000b07 x27=0x000b0700
     1155822000	     57689	800029b4	0d8d	c.addi	x27,3	 x27:0x000b0700 x27=0x000b0703
     1156082000	     57702	800029b6	01bd2023	sw	x27,0(x26)	 x26:0x8ffffffc x27:0x000b0703 PA:0x8ffffffc store:0x000b0703 load:0xffffffff
     1156102000	     57703	800029ba	b0702df3	csrrs	x27,mhpmcounter7,x0	  x0:0x00000000 x27=0x00000784
     1156162000	     57706	800029be	01bd2023	sw	x27,0(x26)	 x26:0x8ffffffc x27:0x00000784 PA:0x8ffffffc store:0x00000784 load:0xffffffff
     1156182000	     57707	800029c2	90000d37	lui	x26,0x90000	 x26=0x90000000
     1156202000	     57708	800029c6	1d71	c.addi	x26,-4	 x26:0x90000000 x26=0x8ffffffc
     1156222000	     57709	800029c8	6d85	c.lui	x27,0x1	 x27=0x00001000
     1156242000	     57710	800029ca	b87d8d93	addi	x27,x27,-1145	 x27:0x00001000 x27=0x00000b87
     1156262000	     57711	800029ce	0da2	c.slli	x27,0x8	 x27:0x00000b87 x27=0x000b8700
     1156302000	     57713	800029d0	0d8d	c.addi	x27,3	 x27:0x000b8700 x27=0x000b8703
     1156402000	     57718	800029d2	01bd2023	sw	x27,0(x26)	 x26:0x8ffffffc x27:0x000b8703 PA:0x8ffffffc store:0x000b8703 load:0xffffffff
     1156422000	     57719	800029d6	b8702df3	csrrs	x27,mhpmcounter7h,x0	  x0:0x00000000 x27=0x00000000
     1156662000	     57731	800029da	01bd2023	sw	x27,0(x26)	 x26:0x8ffffffc x27:0x00000000 PA:0x8ffffffc store:0x00000000 load:0xffffffff
     1156862000	     57741	800029de	90000d37	lui	x26,0x90000	 x26=0x90000000
     1156882000	     57742	800029e2	1d71	c.addi	x26,-4	 x26:0x90000000 x26=0x8ffffffc
     1156902000	     57743	800029e4	6d85	c.lui	x27,0x1	 x27=0x00001000
     1156942000	     57745	800029e6	b08d8d93	addi	x27,x27,-1272	 x27:0x00001000 x27=0x00000b08
     1156962000	     57746	800029ea	0da2	c.slli	x27,0x8	 x27:0x00000b08 x27=0x000b0800
     1156982000	     57747	800029ec	0d8d	c.addi	x27,3	 x27:0x000b0800 x27=0x000b0803
     1157442000	     57770	800029ee	01bd2023	sw	x27,0(x26)	 x26:0x8ffffffc x27:0x000b0803 PA:0x8ffffffc store:0x000b0803 load:0xffffffff
     1157462000	     57771	800029f2	b0802df3	csrrs	x27,mhpmcounter8,x0	  x0:0x00000000 x27=0x000001aa
     1157922000	     57794	800029f6	01bd2023	sw	x27,0(x26)	 x26:0x8ffffffc x27:0x000001aa PA:0x8ffffffc store:0x000001aa load:0xffffffff
     1157942000	     57795	800029fa	90000d37	lui	x26,0x90000	 x26=0x90000000
     1157962000	     57796	800029fe	1d71	c.addi	x26,-4	 x26:0x90000000 x26=0x8ffffffc
     1157982000	     57797	80002a00	6d85	c.lui	x27,0x1	 x27=0x00001000
     1158002000	     57798	80002a02	b88d8d93	addi	x27,x27,-1144	 x27:0x00001000 x27=0x00000b88
     1158022000	     57799	80002a06	0da2	c.slli	x27,0x8	 x27:0x00000b88 x27=0x000b8800
     1158062000	     57801	80002a08	0d8d	c.addi	x27,3	 x27:0x000b8800 x27=0x000b8803
     1158522000	     57824	80002a0a	01bd2023	sw	x27,0(x26)	 x26:0x8ffffffc x27:0x000b8803 PA:0x8ffffffc store:0x000b8803 load:0xffffffff
     1158542000	     57825	80002a0e	b8802df3	csrrs	x27,mhpmcounter8h,x0	  x0:0x00000000 x27=0x00000000
     1158702000	     57833	80002a12	01bd2023	sw	x27,0(x26)	 x26:0x8ffffffc x27:0x00000000 PA:0x8ffffffc store:0x00000000 load:0xffffffff
     1158722000	     57834	80002a16	90000d37	lui	x26,0x90000	 x26=0x90000000
     1158742000	     57835	80002a1a	1d71	c.addi	x26,-4	 x26:0x90000000 x26=0x8ffffffc
     1158762000	     57836	80002a1c	6d85	c.lui	x27,0x1	 x27=0x00001000
     1158782000	     57837	80002a1e	b09d8d93	addi	x27,x27,-1271	 x27:0x00001000 x27=0x00000b09
     1158802000	     57838	80002a22	0da2	c.slli	x27,0x8	 x27:0x00000b09 x27=0x000b0900
     1158822000	     57839	80002a24	0d8d	c.addi	x27,3	 x27:0x000b0900 x27=0x000b0903
     1159022000	     57849	80002a26	01bd2023	sw	x27,0(x26)	 x26:0x8ffffffc x27:0x000b0903 PA:0x8ffffffc store:0x000b0903 load:0xffffffff
     1159042000	     57850	80002a2a	b0902df3	csrrs	x27,mhpmcounter9,x0	  x0:0x00000000 x27=0x000000eb
     1159422000	     57869	80002a2e	01bd2023	sw	x27,0(x26)	 x26:0x8ffffffc x27:0x000000eb PA:0x8ffffffc store:0x000000eb load:0xffffffff
     1159442000	     57870	80002a32	90000d37	lui	x26,0x90000	 x26=0x90000000
     1159462000	     57871	80002a36	1d71	c.addi	x26,-4	 x26:0x90000000 x26=0x8ffffffc
     1159482000	     57872	80002a38	6d85	c.lui	x27,0x1	 x27=0x00001000
     1159502000	     57873	80002a3a	b89d8d93	addi	x27,x27,-1143	 x27:0x00001000 x27=0x00000b89
     1159522000	     57874	80002a3e	0da2	c.slli	x27,0x8	 x27:0x00000b89 x27=0x000b8900
     1159542000	     57875	80002a40	0d8d	c.addi	x27,3	 x27:0x000b8900 x27=0x000b8903
     1159822000	     57889	80002a42	01bd2023	sw	x27,0(x26)	 x26:0x8ffffffc x27:0x000b8903 PA:0x8ffffffc store:0x000b8903 load:0xffffffff
     1159842000	     57890	80002a46	b8902df3	csrrs	x27,mhpmcounter9h,x0	  x0:0x00000000 x27=0x00000000
     1159942000	     57895	80002a4a	01bd2023	sw	x27,0(x26)	 x26:0x8ffffffc x27:0x00000000 PA:0x8ffffffc store:0x00000000 load:0xffffffff
     1159962000	     57896	80002a4e	90000d37	lui	x26,0x90000	 x26=0x90000000
     1159982000	     57897	80002a52	1d71	c.addi	x26,-4	 x26:0x90000000 x26=0x8ffffffc
     1160002000	     57898	80002a54	6d85	c.lui	x27,0x1	 x27=0x00001000
     1160022000	     57899	80002a56	b0ad8d93	addi	x27,x27,-1270	 x27:0x00001000 x27=0x00000b0a
     1160042000	     57900	80002a5a	0da2	c.slli	x27,0x8	 x27:0x00000b0a x27=0x000b0a00
     1160062000	     57901	80002a5c	0d8d	c.addi	x27,3	 x27:0x000b0a00 x27=0x000b0a03
     1160182000	     57907	80002a5e	01bd2023	sw	x27,0(x26)	 x26:0x8ffffffc x27:0x000b0a03 PA:0x8ffffffc store:0x000b0a03 load:0xffffffff
     1160302000	     57913	80002a62	b0a02df3	csrrs	x27,mhpmcounter10,x0	  x0:0x00000000 x27=0x00000949
     1160762000	     57936	80002a66	01bd2023	sw	x27,0(x26)	 x26:0x8ffffffc x27:0x00000949 PA:0x8ffffffc store:0x00000949 load:0xffffffff
     1160782000	     57937	80002a6a	90000d37	lui	x26,0x90000	 x26=0x90000000
     1160802000	     57938	80002a6e	1d71	c.addi	x26,-4	 x26:0x90000000 x26=0x8ffffffc
     1160822000	     57939	80002a70	6d85	c.lui	x27,0x1	 x27=0x00001000
     1160842000	     57940	80002a72	b8ad8d93	addi	x27,x27,-1142	 x27:0x00001000 x27=0x00000b8a
     1160862000	     57941	80002a76	0da2	c.slli	x27,0x8	 x27:0x00000b8a x27=0x000b8a00
     1160882000	     57942	80002a78	0d8d	c.addi	x27,3	 x27:0x000b8a00 x27=0x000b8a03
     1160942000	     57945	80002a7a	01bd2023	sw	x27,0(x26)	 x26:0x8ffffffc x27:0x000b8a03 PA:0x8ffffffc store:0x000b8a03 load:0xffffffff
     1160962000	     57946	80002a7e	b8a02df3	csrrs	x27,mhpmcounter10h,x0	  x0:0x00000000 x27=0x00000000
     1161282000	     57962	80002a82	01bd2023	sw	x27,0(x26)	 x26:0x8ffffffc x27:0x00000000 PA:0x8ffffffc store:0x00000000 load:0xffffffff
     1161302000	     57963	80002a86	90000d37	lui	x26,0x90000	 x26=0x90000000
     1161322000	     57964	80002a8a	1d71	c.addi	x26,-4	 x26:0x90000000 x26=0x8ffffffc
     1161342000	     57965	80002a8c	6d85	c.lui	x27,0x1	 x27=0x00001000
     1161362000	     57966	80002a8e	b0bd8d93	addi	x27,x27,-1269	 x27:0x00001000 x27=0x00000b0b
     1161382000	     57967	80002a92	0da2	c.slli	x27,0x8	 x27:0x00000b0b x27=0x000b0b00
     1161402000	     57968	80002a94	0d8d	c.addi	x27,3	 x27:0x000b0b00 x27=0x000b0b03
     1161462000	     57971	80002a96	01bd2023	sw	x27,0(x26)	 x26:0x8ffffffc x27:0x000b0b03 PA:0x8ffffffc store:0x000b0b03 load:0xffffffff
     1161482000	     57972	80002a9a	b0b02df3	csrrs	x27,mhpmcounter11,x0	  x0:0x00000000 x27=0x000000ab
     1161722000	     57984	80002a9e	01bd2023	sw	x27,0(x26)	 x26:0x8ffffffc x27:0x000000ab PA:0x8ffffffc store:0x000000ab load:0xffffffff
     1161762000	     57986	80002aa2	90000d37	lui	x26,0x90000	 x26=0x90000000
     1161782000	     57987	80002aa6	1d71	c.addi	x26,-4	 x26:0x90000000 x26=0x8ffffffc
     1162142000	     58005	80002aa8	6d85	c.lui	x27,0x1	 x27=0x00001000
     1162162000	     58006	80002aaa	b8bd8d93	addi	x27,x27,-1141	 x27:0x00001000 x27=0x00000b8b
     1162182000	     58007	80002aae	0da2	c.slli	x27,0x8	 x27:0x00000b8b x27=0x000b8b00
     1162202000	     58008	80002ab0	0d8d	c.addi	x27,3	 x27:0x000b8b00 x27=0x000b8b03
     1162522000	     58024	80002ab2	01bd2023	sw	x27,0(x26)	 x26:0x8ffffffc x27:0x000b8b03 PA:0x8ffffffc store:0x000b8b03 load:0xffffffff
     1162902000	     58043	80002ab6	b8b02df3	csrrs	x27,mhpmcounter11h,x0	  x0:0x00000000 x27=0x00000000
     1163362000	     58066	80002aba	01bd2023	sw	x27,0(x26)	 x26:0x8ffffffc x27:0x00000000 PA:0x8ffffffc store:0x00000000 load:0xffffffff
     1163382000	     58067	80002abe	90000d37	lui	x26,0x90000	 x26=0x90000000
     1163402000	     58068	80002ac2	1d71	c.addi	x26,-4	 x26:0x90000000 x26=0x8ffffffc
     1163422000	     58069	80002ac4	6d85	c.lui	x27,0x1	 x27=0x00001000
     1163482000	     58072	80002ac6	b0cd8d93	addi	x27,x27,-1268	 x27:0x00001000 x27=0x00000b0c
     1163502000	     58073	80002aca	0da2	c.slli	x27,0x8	 x27:0x00000b0c x27=0x000b0c00
     1163522000	     58074	80002acc	0d8d	c.addi	x27,3	 x27:0x000b0c00 x27=0x000b0c03
     1163822000	     58089	80002ace	01bd2023	sw	x27,0(x26)	 x26:0x8ffffffc x27:0x000b0c03 PA:0x8ffffffc store:0x000b0c03 load:0xffffffff
     1163862000	     58091	80002ad2	b0c02df3	csrrs	x27,mhpmcounter12,x0	  x0:0x00000000 x27=0x000018c6
     1164442000	     58120	80002ad6	01bd2023	sw	x27,0(x26)	 x26:0x8ffffffc x27:0x000018c6 PA:0x8ffffffc store:0x000018c6 load:0xffffffff
     1164462000	     58121	80002ada	90000d37	lui	x26,0x90000	 x26=0x90000000
     1164482000	     58122	80002ade	1d71	c.addi	x26,-4	 x26:0x90000000 x26=0x8ffffffc
     1164502000	     58123	80002ae0	6d85	c.lui	x27,0x1	 x27=0x00001000
     1164522000	     58124	80002ae2	b8cd8d93	addi	x27,x27,-1140	 x27:0x00001000 x27=0x00000b8c
     1164542000	     58125	80002ae6	0da2	c.slli	x27,0x8	 x27:0x00000b8c x27=0x000b8c00
     1164762000	     58136	80002ae8	0d8d	c.addi	x27,3	 x27:0x000b8c00 x27=0x000b8c03
     1165002000	     58148	80002aea	01bd2023	sw	x27,0(x26)	 x26:0x8ffffffc x27:0x000b8c03 PA:0x8ffffffc store:0x000b8c03 load:0xffffffff
     1165022000	     58149	80002aee	b8c02df3	csrrs	x27,mhpmcounter12h,x0	  x0:0x00000000 x27=0x00000000
     1165342000	     58165	80002af2	01bd2023	sw	x27,0(x26)	 x26:0x8ffffffc x27:0x00000000 PA:0x8ffffffc store:0x00000000 load:0xffffffff
     1165362000	     58166	80002af6	ffffdd97	auipc	x27,0xffffd	 x27=0x7ffffaf6
     1165422000	     58169	80002afa	58ad8d93	addi	x27,x27,1418	 x27:0x7ffffaf6 x27=0x80000080
     1165662000	     58181	80002afe	000da023	sw	x0,0(x27)	 x27:0x80000080  x0:0x00000000 PA:0x80000080 store:0x00000000 load:0xffffffff
     1165742000	     58185	80002b02	001da223	sw	x1,4(x27)	 x27:0x80000080  x1:0x800035d4 PA:0x80000084 store:0x800035d4 load:0xffffffff
     1165762000	     58186	80002b06	002da423	sw	x2,8(x27)	 x27:0x80000080  x2:0x00000000 PA:0x80000088 store:0x00000000 load:0xffffffff
     1165862000	     58191	80002b0a	003da623	sw	x3,12(x27)	 x27:0x80000080  x3:0x00000000 PA:0x8000008c store:0x00000000 load:0xffffffff
     1166042000	     58200	80002b0e	004da823	sw	x4,16(x27)	 x27:0x80000080  x4:0x00015000 PA:0x80000090 store:0x00015000 load:0xffffffff
     1166302000	     58213	80002b12	005daa23	sw	x5,20(x27)	 x27:0x80000080  x5:0x00000000 PA:0x80000094 store:0x00000000 load:0xffffffff
     1166362000	     58216	80002b16	006dac23	sw	x6,24(x27)	 x27:0x80000080  x6:0xfffeb034 PA:0x80000098 store:0xfffeb034 load:0xffffffff
     1166622000	     58229	80002b1a	007dae23	sw	x7,28(x27)	 x27:0x80000080  x7:0xfffe3728 PA:0x8000009c store:0xfffe3728 load:0xffffffff
     1166682000	     58232	80002b1e	028da023	sw	x8,32(x27)	 x27:0x80000080  x8:0x0001a000 PA:0x800000a0 store:0x0001a000 load:0xffffffff
     1166722000	     58234	80002b22	029da223	sw	x9,36(x27)	 x27:0x80000080  x9:0x3ffff8a2 PA:0x800000a4 store:0x3ffff8a2 load:0xffffffff
     1166742000	     58235	80002b26	02ada423	sw	x10,40(x27)	 x27:0x80000080 x10:0xffffffff PA:0x800000a8 store:0xffffffff load:0xffffffff
     1167102000	     58253	80002b2a	02bda623	sw	x11,44(x27)	 x27:0x80000080 x11:0x8000036a PA:0x800000ac store:0x8000036a load:0xffffffff
     1167162000	     58256	80002b2e	02cda823	sw	x12,48(x27)	 x27:0x80000080 x12:0xfffe3728 PA:0x800000b0 store:0xfffe3728 load:0xffffffff
     1167482000	     58272	80002b32	02ddaa23	sw	x13,52(x27)	 x27:0x80000080 x13:0x80023c60 PA:0x800000b4 store:0x80023c60 load:0xffffffff
     1168002000	     58298	80002b36	02edac23	sw	x14,56(x27)	 x27:0x80000080 x14:0x00000034 PA:0x800000b8 store:0x00000034 load:0xffffffff
     1168102000	     58303	80002b3a	02fdae23	sw	x15,60(x27)	 x27:0x80000080 x15:0x00000000 PA:0x800000bc store:0x00000000 load:0xffffffff
